<?xml version="1.0" encoding="UTF-8"?>
<testsuite xmlns:xsi="http://www.w3.org/2001/XMLSchema-instance" xsi:noNamespaceSchemaLocation="https://maven.apache.org/surefire/maven-surefire-plugin/xsd/surefire-test-report.xsd" name="org.apache.ratis.logservice.TestLogServiceWithNetty" time="6.063" tests="4" errors="1" skipped="0" failures="1">
  <properties>
    <property name="awt.toolkit" value="sun.awt.X11.XToolkit"/>
    <property name="file.encoding.pkg" value="sun.io"/>
    <property name="java.specification.version" value="1.8"/>
    <property name="sun.cpu.isalist" value=""/>
    <property name="sun.jnu.encoding" value="UTF-8"/>
    <property name="java.class.path" value="/workdir/ratis-logservice/target/test-classes:/workdir/ratis-logservice/target/classes:/workdir/ratis-proto/target/ratis-proto-0.5.0-SNAPSHOT.jar:/home/user/.m2/repository/org/apache/ratis/ratis-thirdparty-misc/0.2.0/ratis-thirdparty-misc-0.2.0.jar:/workdir/ratis-common/target/classes:/home/user/.m2/repository/org/slf4j/slf4j-log4j12/1.7.10/slf4j-log4j12-1.7.10.jar:/workdir/ratis-client/target/classes:/workdir/ratis-server/target/classes:/workdir/ratis-metrics/target/classes:/home/user/.m2/repository/io/dropwizard/metrics/metrics-core/3.2.5/metrics-core-3.2.5.jar:/home/user/.m2/repository/com/github/joshelser/dropwizard-metrics-hadoop-metrics2-reporter/0.1.2/dropwizard-metrics-hadoop-metrics2-reporter-0.1.2.jar:/home/user/.m2/repository/io/dropwizard/metrics/metrics-jvm/3.2.5/metrics-jvm-3.2.5.jar:/home/user/.m2/repository/io/dropwizard/metrics/metrics-ganglia/3.2.5/metrics-ganglia-3.2.5.jar:/home/user/.m2/repository/info/ganglia/gmetric4j/gmetric4j/1.0.7/gmetric4j-1.0.7.jar:/workdir/ratis-grpc/target/classes:/workdir/ratis-netty/target/classes:/home/user/.m2/repository/org/apache/hadoop/hadoop-common/3.1.1/hadoop-common-3.1.1.jar:/home/user/.m2/repository/org/apache/hadoop/hadoop-annotations/3.1.1/hadoop-annotations-3.1.1.jar:/usr/lib/jvm/java-1.8-openjdk/jre/../lib/tools.jar:/home/user/.m2/repository/com/google/guava/guava/11.0.2/guava-11.0.2.jar:/home/user/.m2/repository/commons-cli/commons-cli/1.2/commons-cli-1.2.jar:/home/user/.m2/repository/org/apache/commons/commons-math3/3.1.1/commons-math3-3.1.1.jar:/home/user/.m2/repository/org/apache/httpcomponents/httpclient/4.5.2/httpclient-4.5.2.jar:/home/user/.m2/repository/org/apache/httpcomponents/httpcore/4.4.4/httpcore-4.4.4.jar:/home/user/.m2/repository/commons-codec/commons-codec/1.11/commons-codec-1.11.jar:/home/user/.m2/repository/commons-io/commons-io/2.5/commons-io-2.5.jar:/home/user/.m2/repository/commons-net/commons-net/3.6/commons-net-3.6.jar:/home/user/.m2/repository/commons-collections/commons-collections/3.2.2/commons-collections-3.2.2.jar:/home/user/.m2/repository/javax/servlet/javax.servlet-api/3.1.0/javax.servlet-api-3.1.0.jar:/home/user/.m2/repository/org/eclipse/jetty/jetty-server/9.3.19.v20170502/jetty-server-9.3.19.v20170502.jar:/home/user/.m2/repository/org/eclipse/jetty/jetty-http/9.3.19.v20170502/jetty-http-9.3.19.v20170502.jar:/home/user/.m2/repository/org/eclipse/jetty/jetty-io/9.3.19.v20170502/jetty-io-9.3.19.v20170502.jar:/home/user/.m2/repository/org/eclipse/jetty/jetty-util/9.3.19.v20170502/jetty-util-9.3.19.v20170502.jar:/home/user/.m2/repository/org/eclipse/jetty/jetty-servlet/9.3.19.v20170502/jetty-servlet-9.3.19.v20170502.jar:/home/user/.m2/repository/org/eclipse/jetty/jetty-security/9.3.19.v20170502/jetty-security-9.3.19.v20170502.jar:/home/user/.m2/repository/org/eclipse/jetty/jetty-webapp/9.3.19.v20170502/jetty-webapp-9.3.19.v20170502.jar:/home/user/.m2/repository/org/eclipse/jetty/jetty-xml/9.3.19.v20170502/jetty-xml-9.3.19.v20170502.jar:/home/user/.m2/repository/javax/servlet/jsp/jsp-api/2.1/jsp-api-2.1.jar:/home/user/.m2/repository/com/sun/jersey/jersey-core/1.19/jersey-core-1.19.jar:/home/user/.m2/repository/javax/ws/rs/jsr311-api/1.1.1/jsr311-api-1.1.1.jar:/home/user/.m2/repository/com/sun/jersey/jersey-servlet/1.19/jersey-servlet-1.19.jar:/home/user/.m2/repository/com/sun/jersey/jersey-json/1.19/jersey-json-1.19.jar:/home/user/.m2/repository/org/codehaus/jettison/jettison/1.1/jettison-1.1.jar:/home/user/.m2/repository/com/sun/xml/bind/jaxb-impl/2.2.3-1/jaxb-impl-2.2.3-1.jar:/home/user/.m2/repository/org/codehaus/jackson/jackson-core-asl/1.9.2/jackson-core-asl-1.9.2.jar:/home/user/.m2/repository/org/codehaus/jackson/jackson-mapper-asl/1.9.2/jackson-mapper-asl-1.9.2.jar:/home/user/.m2/repository/org/codehaus/jackson/jackson-jaxrs/1.9.2/jackson-jaxrs-1.9.2.jar:/home/user/.m2/repository/org/codehaus/jackson/jackson-xc/1.9.2/jackson-xc-1.9.2.jar:/home/user/.m2/repository/com/sun/jersey/jersey-server/1.19/jersey-server-1.19.jar:/home/user/.m2/repository/commons-logging/commons-logging/1.1.3/commons-logging-1.1.3.jar:/home/user/.m2/repository/log4j/log4j/1.2.17/log4j-1.2.17.jar:/home/user/.m2/repository/commons-lang/commons-lang/2.6/commons-lang-2.6.jar:/home/user/.m2/repository/commons-beanutils/commons-beanutils/1.9.3/commons-beanutils-1.9.3.jar:/home/user/.m2/repository/org/apache/commons/commons-configuration2/2.1.1/commons-configuration2-2.1.1.jar:/home/user/.m2/repository/org/apache/commons/commons-lang3/3.4/commons-lang3-3.4.jar:/home/user/.m2/repository/org/apache/avro/avro/1.7.7/avro-1.7.7.jar:/home/user/.m2/repository/com/thoughtworks/paranamer/paranamer/2.3/paranamer-2.3.jar:/home/user/.m2/repository/org/xerial/snappy/snappy-java/1.0.5/snappy-java-1.0.5.jar:/home/user/.m2/repository/com/google/re2j/re2j/1.1/re2j-1.1.jar:/home/user/.m2/repository/com/google/protobuf/protobuf-java/2.5.0/protobuf-java-2.5.0.jar:/home/user/.m2/repository/com/google/code/gson/gson/2.2.4/gson-2.2.4.jar:/home/user/.m2/repository/org/apache/hadoop/hadoop-auth/3.1.1/hadoop-auth-3.1.1.jar:/home/user/.m2/repository/com/nimbusds/nimbus-jose-jwt/4.41.1/nimbus-jose-jwt-4.41.1.jar:/home/user/.m2/repository/com/github/stephenc/jcip/jcip-annotations/1.0-1/jcip-annotations-1.0-1.jar:/home/user/.m2/repository/net/minidev/json-smart/2.3/json-smart-2.3.jar:/home/user/.m2/repository/net/minidev/accessors-smart/1.2/accessors-smart-1.2.jar:/home/user/.m2/repository/org/ow2/asm/asm/5.0.4/asm-5.0.4.jar:/home/user/.m2/repository/org/apache/curator/curator-framework/2.12.0/curator-framework-2.12.0.jar:/home/user/.m2/repository/com/jcraft/jsch/0.1.54/jsch-0.1.54.jar:/home/user/.m2/repository/org/apache/curator/curator-client/2.12.0/curator-client-2.12.0.jar:/home/user/.m2/repository/org/apache/curator/curator-recipes/2.12.0/curator-recipes-2.12.0.jar:/home/user/.m2/repository/com/google/code/findbugs/jsr305/3.0.0/jsr305-3.0.0.jar:/home/user/.m2/repository/org/apache/htrace/htrace-core4/4.1.0-incubating/htrace-core4-4.1.0-incubating.jar:/home/user/.m2/repository/org/apache/zookeeper/zookeeper/3.4.9/zookeeper-3.4.9.jar:/home/user/.m2/repository/jline/jline/0.9.94/jline-0.9.94.jar:/home/user/.m2/repository/org/apache/commons/commons-compress/1.4.1/commons-compress-1.4.1.jar:/home/user/.m2/repository/org/tukaani/xz/1.0/xz-1.0.jar:/home/user/.m2/repository/org/apache/kerby/kerb-simplekdc/1.0.1/kerb-simplekdc-1.0.1.jar:/home/user/.m2/repository/org/apache/kerby/kerb-client/1.0.1/kerb-client-1.0.1.jar:/home/user/.m2/repository/org/apache/kerby/kerby-config/1.0.1/kerby-config-1.0.1.jar:/home/user/.m2/repository/org/apache/kerby/kerb-core/1.0.1/kerb-core-1.0.1.jar:/home/user/.m2/repository/org/apache/kerby/kerby-pkix/1.0.1/kerby-pkix-1.0.1.jar:/home/user/.m2/repository/org/apache/kerby/kerby-asn1/1.0.1/kerby-asn1-1.0.1.jar:/home/user/.m2/repository/org/apache/kerby/kerby-util/1.0.1/kerby-util-1.0.1.jar:/home/user/.m2/repository/org/apache/kerby/kerb-common/1.0.1/kerb-common-1.0.1.jar:/home/user/.m2/repository/org/apache/kerby/kerb-crypto/1.0.1/kerb-crypto-1.0.1.jar:/home/user/.m2/repository/org/apache/kerby/kerb-util/1.0.1/kerb-util-1.0.1.jar:/home/user/.m2/repository/org/apache/kerby/token-provider/1.0.1/token-provider-1.0.1.jar:/home/user/.m2/repository/org/apache/kerby/kerb-admin/1.0.1/kerb-admin-1.0.1.jar:/home/user/.m2/repository/org/apache/kerby/kerb-server/1.0.1/kerb-server-1.0.1.jar:/home/user/.m2/repository/org/apache/kerby/kerb-identity/1.0.1/kerb-identity-1.0.1.jar:/home/user/.m2/repository/org/apache/kerby/kerby-xdr/1.0.1/kerby-xdr-1.0.1.jar:/home/user/.m2/repository/com/fasterxml/jackson/core/jackson-databind/2.7.8/jackson-databind-2.7.8.jar:/home/user/.m2/repository/com/fasterxml/jackson/core/jackson-annotations/2.7.0/jackson-annotations-2.7.0.jar:/home/user/.m2/repository/com/fasterxml/jackson/core/jackson-core/2.7.8/jackson-core-2.7.8.jar:/home/user/.m2/repository/org/codehaus/woodstox/stax2-api/3.1.4/stax2-api-3.1.4.jar:/home/user/.m2/repository/com/fasterxml/woodstox/woodstox-core/5.0.3/woodstox-core-5.0.3.jar:/home/user/.m2/repository/com/beust/jcommander/1.72/jcommander-1.72.jar:/home/user/.m2/repository/org/jline/jline/3.9.0/jline-3.9.0.jar:/home/user/.m2/repository/org/slf4j/slf4j-api/1.7.10/slf4j-api-1.7.10.jar:/workdir/ratis-netty/target/test-classes:/workdir/ratis-grpc/target/test-classes:/workdir/ratis-server/target/test-classes:/workdir/ratis-common/target/test-classes:/workdir/ratis-client/target/test-classes:/workdir/ratis-hadoop/target/classes:/workdir/ratis-hadoop/target/test-classes:/home/user/.m2/repository/org/apache/ratis/ratis-thirdparty-hadoop/0.2.0/ratis-thirdparty-hadoop-0.2.0.jar:/home/user/.m2/repository/junit/junit/4.12/junit-4.12.jar:/home/user/.m2/repository/org/hamcrest/hamcrest-core/1.3/hamcrest-core-1.3.jar:/home/user/.m2/repository/org/mockito/mockito-all/1.8.5/mockito-all-1.8.5.jar:/home/user/.m2/repository/org/apache/hadoop/hadoop-hdfs/3.1.1/hadoop-hdfs-3.1.1-tests.jar:/home/user/.m2/repository/org/eclipse/jetty/jetty-util-ajax/9.3.19.v20170502/jetty-util-ajax-9.3.19.v20170502.jar:/home/user/.m2/repository/commons-daemon/commons-daemon/1.0.13/commons-daemon-1.0.13.jar:/home/user/.m2/repository/io/netty/netty/3.10.5.Final/netty-3.10.5.Final.jar:/home/user/.m2/repository/io/netty/netty-all/4.0.52.Final/netty-all-4.0.52.Final.jar:/home/user/.m2/repository/org/fusesource/leveldbjni/leveldbjni-all/1.8/leveldbjni-all-1.8.jar:/home/user/.m2/repository/org/apache/hadoop/hadoop-client/3.1.1/hadoop-client-3.1.1.jar:/home/user/.m2/repository/org/apache/hadoop/hadoop-hdfs-client/3.1.1/hadoop-hdfs-client-3.1.1.jar:/home/user/.m2/repository/com/squareup/okhttp/okhttp/2.7.5/okhttp-2.7.5.jar:/home/user/.m2/repository/com/squareup/okio/okio/1.6.0/okio-1.6.0.jar:/home/user/.m2/repository/org/apache/hadoop/hadoop-yarn-api/3.1.1/hadoop-yarn-api-3.1.1.jar:/home/user/.m2/repository/javax/xml/bind/jaxb-api/2.2.11/jaxb-api-2.2.11.jar:/home/user/.m2/repository/org/apache/hadoop/hadoop-yarn-client/3.1.1/hadoop-yarn-client-3.1.1.jar:/home/user/.m2/repository/org/apache/hadoop/hadoop-mapreduce-client-core/3.1.1/hadoop-mapreduce-client-core-3.1.1.jar:/home/user/.m2/repository/org/apache/hadoop/hadoop-yarn-common/3.1.1/hadoop-yarn-common-3.1.1.jar:/home/user/.m2/repository/com/sun/jersey/jersey-client/1.19/jersey-client-1.19.jar:/home/user/.m2/repository/com/fasterxml/jackson/module/jackson-module-jaxb-annotations/2.7.8/jackson-module-jaxb-annotations-2.7.8.jar:/home/user/.m2/repository/com/fasterxml/jackson/jaxrs/jackson-jaxrs-json-provider/2.7.8/jackson-jaxrs-json-provider-2.7.8.jar:/home/user/.m2/repository/com/fasterxml/jackson/jaxrs/jackson-jaxrs-base/2.7.8/jackson-jaxrs-base-2.7.8.jar:/home/user/.m2/repository/org/apache/hadoop/hadoop-mapreduce-client-jobclient/3.1.1/hadoop-mapreduce-client-jobclient-3.1.1.jar:/home/user/.m2/repository/org/apache/hadoop/hadoop-mapreduce-client-common/3.1.1/hadoop-mapreduce-client-common-3.1.1.jar:/home/user/.m2/repository/org/apache/hadoop/hadoop-hdfs/3.1.1/hadoop-hdfs-3.1.1.jar:/home/user/.m2/repository/org/apache/hadoop/hadoop-common/3.1.1/hadoop-common-3.1.1-tests.jar:"/>
    <property name="java.vm.vendor" value="IcedTea"/>
    <property name="sun.arch.data.model" value="64"/>
    <property name="java.vendor.url" value="https://icedtea.classpath.org"/>
    <property name="user.timezone" value=""/>
    <property name="java.vm.specification.version" value="1.8"/>
    <property name="os.name" value="Linux"/>
    <property name="user.country" value="US"/>
    <property name="sun.java.launcher" value="SUN_STANDARD"/>
    <property name="sun.boot.library.path" value="/usr/lib/jvm/java-1.8-openjdk/jre/lib/amd64"/>
    <property name="sun.java.command" value="/workdir/ratis-logservice/target/surefire/surefirebooter8585899519093399373.jar /workdir/ratis-logservice/target/surefire 2019-09-26T13-11-35_218-jvmRun1 surefire5095859878955440575tmp surefire_854941239605096334199tmp"/>
    <property name="surefire.test.class.path" value="/workdir/ratis-logservice/target/test-classes:/workdir/ratis-logservice/target/classes:/workdir/ratis-proto/target/ratis-proto-0.5.0-SNAPSHOT.jar:/home/user/.m2/repository/org/apache/ratis/ratis-thirdparty-misc/0.2.0/ratis-thirdparty-misc-0.2.0.jar:/workdir/ratis-common/target/classes:/home/user/.m2/repository/org/slf4j/slf4j-log4j12/1.7.10/slf4j-log4j12-1.7.10.jar:/workdir/ratis-client/target/classes:/workdir/ratis-server/target/classes:/workdir/ratis-metrics/target/classes:/home/user/.m2/repository/io/dropwizard/metrics/metrics-core/3.2.5/metrics-core-3.2.5.jar:/home/user/.m2/repository/com/github/joshelser/dropwizard-metrics-hadoop-metrics2-reporter/0.1.2/dropwizard-metrics-hadoop-metrics2-reporter-0.1.2.jar:/home/user/.m2/repository/io/dropwizard/metrics/metrics-jvm/3.2.5/metrics-jvm-3.2.5.jar:/home/user/.m2/repository/io/dropwizard/metrics/metrics-ganglia/3.2.5/metrics-ganglia-3.2.5.jar:/home/user/.m2/repository/info/ganglia/gmetric4j/gmetric4j/1.0.7/gmetric4j-1.0.7.jar:/workdir/ratis-grpc/target/classes:/workdir/ratis-netty/target/classes:/home/user/.m2/repository/org/apache/hadoop/hadoop-common/3.1.1/hadoop-common-3.1.1.jar:/home/user/.m2/repository/org/apache/hadoop/hadoop-annotations/3.1.1/hadoop-annotations-3.1.1.jar:/usr/lib/jvm/java-1.8-openjdk/jre/../lib/tools.jar:/home/user/.m2/repository/com/google/guava/guava/11.0.2/guava-11.0.2.jar:/home/user/.m2/repository/commons-cli/commons-cli/1.2/commons-cli-1.2.jar:/home/user/.m2/repository/org/apache/commons/commons-math3/3.1.1/commons-math3-3.1.1.jar:/home/user/.m2/repository/org/apache/httpcomponents/httpclient/4.5.2/httpclient-4.5.2.jar:/home/user/.m2/repository/org/apache/httpcomponents/httpcore/4.4.4/httpcore-4.4.4.jar:/home/user/.m2/repository/commons-codec/commons-codec/1.11/commons-codec-1.11.jar:/home/user/.m2/repository/commons-io/commons-io/2.5/commons-io-2.5.jar:/home/user/.m2/repository/commons-net/commons-net/3.6/commons-net-3.6.jar:/home/user/.m2/repository/commons-collections/commons-collections/3.2.2/commons-collections-3.2.2.jar:/home/user/.m2/repository/javax/servlet/javax.servlet-api/3.1.0/javax.servlet-api-3.1.0.jar:/home/user/.m2/repository/org/eclipse/jetty/jetty-server/9.3.19.v20170502/jetty-server-9.3.19.v20170502.jar:/home/user/.m2/repository/org/eclipse/jetty/jetty-http/9.3.19.v20170502/jetty-http-9.3.19.v20170502.jar:/home/user/.m2/repository/org/eclipse/jetty/jetty-io/9.3.19.v20170502/jetty-io-9.3.19.v20170502.jar:/home/user/.m2/repository/org/eclipse/jetty/jetty-util/9.3.19.v20170502/jetty-util-9.3.19.v20170502.jar:/home/user/.m2/repository/org/eclipse/jetty/jetty-servlet/9.3.19.v20170502/jetty-servlet-9.3.19.v20170502.jar:/home/user/.m2/repository/org/eclipse/jetty/jetty-security/9.3.19.v20170502/jetty-security-9.3.19.v20170502.jar:/home/user/.m2/repository/org/eclipse/jetty/jetty-webapp/9.3.19.v20170502/jetty-webapp-9.3.19.v20170502.jar:/home/user/.m2/repository/org/eclipse/jetty/jetty-xml/9.3.19.v20170502/jetty-xml-9.3.19.v20170502.jar:/home/user/.m2/repository/javax/servlet/jsp/jsp-api/2.1/jsp-api-2.1.jar:/home/user/.m2/repository/com/sun/jersey/jersey-core/1.19/jersey-core-1.19.jar:/home/user/.m2/repository/javax/ws/rs/jsr311-api/1.1.1/jsr311-api-1.1.1.jar:/home/user/.m2/repository/com/sun/jersey/jersey-servlet/1.19/jersey-servlet-1.19.jar:/home/user/.m2/repository/com/sun/jersey/jersey-json/1.19/jersey-json-1.19.jar:/home/user/.m2/repository/org/codehaus/jettison/jettison/1.1/jettison-1.1.jar:/home/user/.m2/repository/com/sun/xml/bind/jaxb-impl/2.2.3-1/jaxb-impl-2.2.3-1.jar:/home/user/.m2/repository/org/codehaus/jackson/jackson-core-asl/1.9.2/jackson-core-asl-1.9.2.jar:/home/user/.m2/repository/org/codehaus/jackson/jackson-mapper-asl/1.9.2/jackson-mapper-asl-1.9.2.jar:/home/user/.m2/repository/org/codehaus/jackson/jackson-jaxrs/1.9.2/jackson-jaxrs-1.9.2.jar:/home/user/.m2/repository/org/codehaus/jackson/jackson-xc/1.9.2/jackson-xc-1.9.2.jar:/home/user/.m2/repository/com/sun/jersey/jersey-server/1.19/jersey-server-1.19.jar:/home/user/.m2/repository/commons-logging/commons-logging/1.1.3/commons-logging-1.1.3.jar:/home/user/.m2/repository/log4j/log4j/1.2.17/log4j-1.2.17.jar:/home/user/.m2/repository/commons-lang/commons-lang/2.6/commons-lang-2.6.jar:/home/user/.m2/repository/commons-beanutils/commons-beanutils/1.9.3/commons-beanutils-1.9.3.jar:/home/user/.m2/repository/org/apache/commons/commons-configuration2/2.1.1/commons-configuration2-2.1.1.jar:/home/user/.m2/repository/org/apache/commons/commons-lang3/3.4/commons-lang3-3.4.jar:/home/user/.m2/repository/org/apache/avro/avro/1.7.7/avro-1.7.7.jar:/home/user/.m2/repository/com/thoughtworks/paranamer/paranamer/2.3/paranamer-2.3.jar:/home/user/.m2/repository/org/xerial/snappy/snappy-java/1.0.5/snappy-java-1.0.5.jar:/home/user/.m2/repository/com/google/re2j/re2j/1.1/re2j-1.1.jar:/home/user/.m2/repository/com/google/protobuf/protobuf-java/2.5.0/protobuf-java-2.5.0.jar:/home/user/.m2/repository/com/google/code/gson/gson/2.2.4/gson-2.2.4.jar:/home/user/.m2/repository/org/apache/hadoop/hadoop-auth/3.1.1/hadoop-auth-3.1.1.jar:/home/user/.m2/repository/com/nimbusds/nimbus-jose-jwt/4.41.1/nimbus-jose-jwt-4.41.1.jar:/home/user/.m2/repository/com/github/stephenc/jcip/jcip-annotations/1.0-1/jcip-annotations-1.0-1.jar:/home/user/.m2/repository/net/minidev/json-smart/2.3/json-smart-2.3.jar:/home/user/.m2/repository/net/minidev/accessors-smart/1.2/accessors-smart-1.2.jar:/home/user/.m2/repository/org/ow2/asm/asm/5.0.4/asm-5.0.4.jar:/home/user/.m2/repository/org/apache/curator/curator-framework/2.12.0/curator-framework-2.12.0.jar:/home/user/.m2/repository/com/jcraft/jsch/0.1.54/jsch-0.1.54.jar:/home/user/.m2/repository/org/apache/curator/curator-client/2.12.0/curator-client-2.12.0.jar:/home/user/.m2/repository/org/apache/curator/curator-recipes/2.12.0/curator-recipes-2.12.0.jar:/home/user/.m2/repository/com/google/code/findbugs/jsr305/3.0.0/jsr305-3.0.0.jar:/home/user/.m2/repository/org/apache/htrace/htrace-core4/4.1.0-incubating/htrace-core4-4.1.0-incubating.jar:/home/user/.m2/repository/org/apache/zookeeper/zookeeper/3.4.9/zookeeper-3.4.9.jar:/home/user/.m2/repository/jline/jline/0.9.94/jline-0.9.94.jar:/home/user/.m2/repository/org/apache/commons/commons-compress/1.4.1/commons-compress-1.4.1.jar:/home/user/.m2/repository/org/tukaani/xz/1.0/xz-1.0.jar:/home/user/.m2/repository/org/apache/kerby/kerb-simplekdc/1.0.1/kerb-simplekdc-1.0.1.jar:/home/user/.m2/repository/org/apache/kerby/kerb-client/1.0.1/kerb-client-1.0.1.jar:/home/user/.m2/repository/org/apache/kerby/kerby-config/1.0.1/kerby-config-1.0.1.jar:/home/user/.m2/repository/org/apache/kerby/kerb-core/1.0.1/kerb-core-1.0.1.jar:/home/user/.m2/repository/org/apache/kerby/kerby-pkix/1.0.1/kerby-pkix-1.0.1.jar:/home/user/.m2/repository/org/apache/kerby/kerby-asn1/1.0.1/kerby-asn1-1.0.1.jar:/home/user/.m2/repository/org/apache/kerby/kerby-util/1.0.1/kerby-util-1.0.1.jar:/home/user/.m2/repository/org/apache/kerby/kerb-common/1.0.1/kerb-common-1.0.1.jar:/home/user/.m2/repository/org/apache/kerby/kerb-crypto/1.0.1/kerb-crypto-1.0.1.jar:/home/user/.m2/repository/org/apache/kerby/kerb-util/1.0.1/kerb-util-1.0.1.jar:/home/user/.m2/repository/org/apache/kerby/token-provider/1.0.1/token-provider-1.0.1.jar:/home/user/.m2/repository/org/apache/kerby/kerb-admin/1.0.1/kerb-admin-1.0.1.jar:/home/user/.m2/repository/org/apache/kerby/kerb-server/1.0.1/kerb-server-1.0.1.jar:/home/user/.m2/repository/org/apache/kerby/kerb-identity/1.0.1/kerb-identity-1.0.1.jar:/home/user/.m2/repository/org/apache/kerby/kerby-xdr/1.0.1/kerby-xdr-1.0.1.jar:/home/user/.m2/repository/com/fasterxml/jackson/core/jackson-databind/2.7.8/jackson-databind-2.7.8.jar:/home/user/.m2/repository/com/fasterxml/jackson/core/jackson-annotations/2.7.0/jackson-annotations-2.7.0.jar:/home/user/.m2/repository/com/fasterxml/jackson/core/jackson-core/2.7.8/jackson-core-2.7.8.jar:/home/user/.m2/repository/org/codehaus/woodstox/stax2-api/3.1.4/stax2-api-3.1.4.jar:/home/user/.m2/repository/com/fasterxml/woodstox/woodstox-core/5.0.3/woodstox-core-5.0.3.jar:/home/user/.m2/repository/com/beust/jcommander/1.72/jcommander-1.72.jar:/home/user/.m2/repository/org/jline/jline/3.9.0/jline-3.9.0.jar:/home/user/.m2/repository/org/slf4j/slf4j-api/1.7.10/slf4j-api-1.7.10.jar:/workdir/ratis-netty/target/test-classes:/workdir/ratis-grpc/target/test-classes:/workdir/ratis-server/target/test-classes:/workdir/ratis-common/target/test-classes:/workdir/ratis-client/target/test-classes:/workdir/ratis-hadoop/target/classes:/workdir/ratis-hadoop/target/test-classes:/home/user/.m2/repository/org/apache/ratis/ratis-thirdparty-hadoop/0.2.0/ratis-thirdparty-hadoop-0.2.0.jar:/home/user/.m2/repository/junit/junit/4.12/junit-4.12.jar:/home/user/.m2/repository/org/hamcrest/hamcrest-core/1.3/hamcrest-core-1.3.jar:/home/user/.m2/repository/org/mockito/mockito-all/1.8.5/mockito-all-1.8.5.jar:/home/user/.m2/repository/org/apache/hadoop/hadoop-hdfs/3.1.1/hadoop-hdfs-3.1.1-tests.jar:/home/user/.m2/repository/org/eclipse/jetty/jetty-util-ajax/9.3.19.v20170502/jetty-util-ajax-9.3.19.v20170502.jar:/home/user/.m2/repository/commons-daemon/commons-daemon/1.0.13/commons-daemon-1.0.13.jar:/home/user/.m2/repository/io/netty/netty/3.10.5.Final/netty-3.10.5.Final.jar:/home/user/.m2/repository/io/netty/netty-all/4.0.52.Final/netty-all-4.0.52.Final.jar:/home/user/.m2/repository/org/fusesource/leveldbjni/leveldbjni-all/1.8/leveldbjni-all-1.8.jar:/home/user/.m2/repository/org/apache/hadoop/hadoop-client/3.1.1/hadoop-client-3.1.1.jar:/home/user/.m2/repository/org/apache/hadoop/hadoop-hdfs-client/3.1.1/hadoop-hdfs-client-3.1.1.jar:/home/user/.m2/repository/com/squareup/okhttp/okhttp/2.7.5/okhttp-2.7.5.jar:/home/user/.m2/repository/com/squareup/okio/okio/1.6.0/okio-1.6.0.jar:/home/user/.m2/repository/org/apache/hadoop/hadoop-yarn-api/3.1.1/hadoop-yarn-api-3.1.1.jar:/home/user/.m2/repository/javax/xml/bind/jaxb-api/2.2.11/jaxb-api-2.2.11.jar:/home/user/.m2/repository/org/apache/hadoop/hadoop-yarn-client/3.1.1/hadoop-yarn-client-3.1.1.jar:/home/user/.m2/repository/org/apache/hadoop/hadoop-mapreduce-client-core/3.1.1/hadoop-mapreduce-client-core-3.1.1.jar:/home/user/.m2/repository/org/apache/hadoop/hadoop-yarn-common/3.1.1/hadoop-yarn-common-3.1.1.jar:/home/user/.m2/repository/com/sun/jersey/jersey-client/1.19/jersey-client-1.19.jar:/home/user/.m2/repository/com/fasterxml/jackson/module/jackson-module-jaxb-annotations/2.7.8/jackson-module-jaxb-annotations-2.7.8.jar:/home/user/.m2/repository/com/fasterxml/jackson/jaxrs/jackson-jaxrs-json-provider/2.7.8/jackson-jaxrs-json-provider-2.7.8.jar:/home/user/.m2/repository/com/fasterxml/jackson/jaxrs/jackson-jaxrs-base/2.7.8/jackson-jaxrs-base-2.7.8.jar:/home/user/.m2/repository/org/apache/hadoop/hadoop-mapreduce-client-jobclient/3.1.1/hadoop-mapreduce-client-jobclient-3.1.1.jar:/home/user/.m2/repository/org/apache/hadoop/hadoop-mapreduce-client-common/3.1.1/hadoop-mapreduce-client-common-3.1.1.jar:/home/user/.m2/repository/org/apache/hadoop/hadoop-hdfs/3.1.1/hadoop-hdfs-3.1.1.jar:/home/user/.m2/repository/org/apache/hadoop/hadoop-common/3.1.1/hadoop-common-3.1.1-tests.jar:"/>
    <property name="sun.cpu.endian" value="little"/>
    <property name="user.home" value="/home/user"/>
    <property name="user.language" value="en"/>
    <property name="java.specification.vendor" value="Oracle Corporation"/>
    <property name="java.home" value="/usr/lib/jvm/java-1.8-openjdk/jre"/>
    <property name="basedir" value="/workdir/ratis-logservice"/>
    <property name="file.separator" value="/"/>
    <property name="line.separator" value="&#10;"/>
    <property name="java.vm.specification.vendor" value="Oracle Corporation"/>
    <property name="java.specification.name" value="Java Platform API Specification"/>
    <property name="java.awt.graphicsenv" value="sun.awt.X11GraphicsEnvironment"/>
    <property name="surefire.real.class.path" value="/workdir/ratis-logservice/target/surefire/surefirebooter8585899519093399373.jar"/>
    <property name="sun.boot.class.path" value="/usr/lib/jvm/java-1.8-openjdk/jre/lib/resources.jar:/usr/lib/jvm/java-1.8-openjdk/jre/lib/rt.jar:/usr/lib/jvm/java-1.8-openjdk/jre/lib/sunrsasign.jar:/usr/lib/jvm/java-1.8-openjdk/jre/lib/jsse.jar:/usr/lib/jvm/java-1.8-openjdk/jre/lib/jce.jar:/usr/lib/jvm/java-1.8-openjdk/jre/lib/charsets.jar:/usr/lib/jvm/java-1.8-openjdk/jre/lib/jfr.jar:/usr/lib/jvm/java-1.8-openjdk/jre/classes"/>
    <property name="sun.management.compiler" value="HotSpot 64-Bit Tiered Compilers"/>
    <property name="java.runtime.version" value="1.8.0_212-b04"/>
    <property name="java.net.preferIPv4Stack" value="true"/>
    <property name="user.name" value="jenkins1000"/>
    <property name="path.separator" value=":"/>
    <property name="os.version" value="3.10.0-957.12.2.el7.x86_64"/>
    <property name="java.endorsed.dirs" value="/usr/lib/jvm/java-1.8-openjdk/jre/lib/endorsed"/>
    <property name="java.runtime.name" value="OpenJDK Runtime Environment"/>
    <property name="file.encoding" value="UTF-8"/>
    <property name="java.vm.name" value="OpenJDK 64-Bit Server VM"/>
    <property name="localRepository" value="/home/user/.m2/repository"/>
    <property name="java.vendor.url.bug" value="https://icedtea.classpath.org/bugzilla"/>
    <property name="java.io.tmpdir" value="/tmp"/>
    <property name="java.version" value="1.8.0_212"/>
    <property name="user.dir" value="/workdir/ratis-logservice"/>
    <property name="os.arch" value="amd64"/>
    <property name="ratis.tmp.dir" value="/workdir/ratis-logservice/target/tmp"/>
    <property name="java.vm.specification.name" value="Java Virtual Machine Specification"/>
    <property name="java.awt.printerjob" value="sun.print.PSPrinterJob"/>
    <property name="ratis.log.dir" value="/workdir/ratis-logservice/target/log"/>
    <property name="sun.os.patch.level" value="unknown"/>
    <property name="java.library.path" value="/usr/lib/jvm/java-1.8-openjdk/jre/lib/amd64/server:/usr/lib/jvm/java-1.8-openjdk/jre/lib/amd64:/usr/lib/jvm/java-1.8-openjdk/jre/../lib/amd64:/usr/java/packages/lib/amd64:/usr/lib64:/lib64:/lib:/usr/lib"/>
    <property name="java.vm.info" value="mixed mode"/>
    <property name="java.vendor" value="IcedTea"/>
    <property name="java.vm.version" value="25.212-b04"/>
    <property name="java.ext.dirs" value="/usr/lib/jvm/java-1.8-openjdk/jre/lib/ext:/usr/java/packages/lib/ext"/>
    <property name="sun.io.unicode.encoding" value="UnicodeLittle"/>
    <property name="java.class.version" value="52.0"/>
  </properties>
  <testcase name="testReadAllRecords" classname="org.apache.ratis.logservice.TestLogServiceWithNetty" time="2.381">
    <error type="java.lang.NullPointerException">java.lang.NullPointerException
</error>
    <system-out><![CDATA[2019-09-26 13:34:49,431 INFO  util.LogUtils (LogUtils.java:setLogLevel(41)) - Set org.apache.ratis.conf.ConfUtils log level to WARN
2019-09-26 13:34:49,435 INFO  util.LogUtils (LogUtils.java:setLogLevel(41)) - Set org.apache.ratis.util.FileUtils log level to TRACE
2019-09-26 13:34:49,444 INFO  logservice.LogServiceReadWriteBase (LogServiceReadWriteBase.java:<init>(65)) - Set LogStateMachine OK
2019-09-26 13:34:49,528 INFO  ratis.MiniRaftCluster (MiniRaftCluster.java:<init>(253)) - new MiniRaftClusterWithNetty with group-FAAEA0267428:[s0:0.0.0.0:36982, s1:0.0.0.0:37559, s2:0.0.0.0:42383]
2019-09-26 13:34:49,529 INFO  ratis.MiniRaftCluster (MiniRaftCluster.java:start(287)) - .............................................................. 
2019-09-26 13:34:49,529 INFO  ratis.MiniRaftCluster (MiniRaftCluster.java:start(288)) - ... 
2019-09-26 13:34:49,529 INFO  ratis.MiniRaftCluster (MiniRaftCluster.java:start(289)) - ...     Starting MiniRaftClusterWithNetty
2019-09-26 13:34:49,529 INFO  ratis.MiniRaftCluster (MiniRaftCluster.java:start(290)) - ... 
2019-09-26 13:34:49,530 INFO  ratis.MiniRaftCluster (MiniRaftCluster.java:start(291)) - .............................................................. 
2019-09-26 13:34:49,530 INFO  ratis.MiniRaftCluster (MiniRaftCluster.java:initServers(265)) - servers = {}
2019-09-26 13:34:49,541 INFO  ratis.MiniRaftCluster (MiniRaftCluster.java:newRaftServer(330)) - newRaftServer: s0, group-FAAEA0267428:[s0:0.0.0.0:36982, s1:0.0.0.0:37559, s2:0.0.0.0:42383], format? true
2019-09-26 13:34:49,543 TRACE util.FileUtils (FileUtils.java:deleteFully(88)) - deleteFully target/test/data/7f4d0f3d/MiniRaftClusterWithNettyb7ba3538/s0
2019-09-26 13:34:49,551 TRACE util.FileUtils (FileUtils.java:deleteFully(104)) - deleteFully: target/test/data/7f4d0f3d/MiniRaftClusterWithNettyb7ba3538/s0 does not exist.
2019-09-26 13:34:49,552 INFO  ratis.MiniRaftCluster (MiniRaftCluster.java:newRaftServer(335)) - Formatted directory target/test/data/7f4d0f3d/MiniRaftClusterWithNettyb7ba3538/s0
2019-09-26 13:34:49,571 INFO  impl.RaftServerProxy (ConfUtils.java:logGet(43)) - raft.rpc.type = NETTY (custom)
2019-09-26 13:34:49,657 INFO  netty.NettyConfigKeys$Server (ConfUtils.java:logGet(43)) - raft.netty.server.port = 36982 (custom)
2019-09-26 13:34:49,765 INFO  server.RaftServerConfigKeys (ConfUtils.java:logGet(43)) - raft.server.storage.dir = [/workdir/ratis-logservice/target/test/data/7f4d0f3d/MiniRaftClusterWithNettyb7ba3538/s0] (custom)
2019-09-26 13:34:49,766 INFO  logging.LoggingHandler (AbstractInternalLogger.java:log(150)) - [id: 0x6b745cc2] REGISTERED
2019-09-26 13:34:49,768 INFO  logging.LoggingHandler (AbstractInternalLogger.java:log(150)) - [id: 0x6b745cc2] BIND: 0.0.0.0/0.0.0.0:36982
2019-09-26 13:34:49,771 INFO  logging.LoggingHandler (AbstractInternalLogger.java:log(150)) - [id: 0x6b745cc2, L:/0.0.0.0:36982] ACTIVE
2019-09-26 13:34:49,776 INFO  impl.RaftServerProxy (RaftServerProxy.java:addNew(89)) - s0: addNew group-FAAEA0267428:[s0:0.0.0.0:36982, s1:0.0.0.0:37559, s2:0.0.0.0:42383] returns group-FAAEA0267428:java.util.concurrent.CompletableFuture@569a617b[Not completed]
2019-09-26 13:34:49,778 INFO  ratis.MiniRaftCluster (MiniRaftCluster.java:newRaftServer(330)) - newRaftServer: s1, group-FAAEA0267428:[s0:0.0.0.0:36982, s1:0.0.0.0:37559, s2:0.0.0.0:42383], format? true
2019-09-26 13:34:49,778 TRACE util.FileUtils (FileUtils.java:deleteFully(88)) - deleteFully target/test/data/7f4d0f3d/MiniRaftClusterWithNettyb7ba3538/s1
2019-09-26 13:34:49,779 TRACE util.FileUtils (FileUtils.java:deleteFully(104)) - deleteFully: target/test/data/7f4d0f3d/MiniRaftClusterWithNettyb7ba3538/s1 does not exist.
2019-09-26 13:34:49,779 INFO  ratis.MiniRaftCluster (MiniRaftCluster.java:newRaftServer(335)) - Formatted directory target/test/data/7f4d0f3d/MiniRaftClusterWithNettyb7ba3538/s1
2019-09-26 13:34:49,780 INFO  impl.RaftServerProxy (ConfUtils.java:logGet(43)) - raft.rpc.type = NETTY (custom)
2019-09-26 13:34:49,783 INFO  netty.NettyConfigKeys$Server (ConfUtils.java:logGet(43)) - raft.netty.server.port = 37559 (custom)
2019-09-26 13:34:49,784 INFO  server.RaftServerConfigKeys (ConfUtils.java:logGet(43)) - raft.server.storage.dir = [/workdir/ratis-logservice/target/test/data/7f4d0f3d/MiniRaftClusterWithNettyb7ba3538/s1] (custom)
2019-09-26 13:34:49,784 INFO  logging.LoggingHandler (AbstractInternalLogger.java:log(150)) - [id: 0x3f7a4de4] REGISTERED
2019-09-26 13:34:49,785 INFO  impl.RaftServerProxy (RaftServerProxy.java:addNew(89)) - s1: addNew group-FAAEA0267428:[s0:0.0.0.0:36982, s1:0.0.0.0:37559, s2:0.0.0.0:42383] returns group-FAAEA0267428:java.util.concurrent.CompletableFuture@66a46789[Not completed]
2019-09-26 13:34:49,785 INFO  logging.LoggingHandler (AbstractInternalLogger.java:log(150)) - [id: 0x3f7a4de4] BIND: 0.0.0.0/0.0.0.0:37559
2019-09-26 13:34:49,786 INFO  logging.LoggingHandler (AbstractInternalLogger.java:log(150)) - [id: 0x3f7a4de4, L:/0.0.0.0:37559] ACTIVE
2019-09-26 13:34:49,786 INFO  ratis.MiniRaftCluster (MiniRaftCluster.java:newRaftServer(330)) - newRaftServer: s2, group-FAAEA0267428:[s0:0.0.0.0:36982, s1:0.0.0.0:37559, s2:0.0.0.0:42383], format? true
2019-09-26 13:34:49,787 TRACE util.FileUtils (FileUtils.java:deleteFully(88)) - deleteFully target/test/data/7f4d0f3d/MiniRaftClusterWithNettyb7ba3538/s2
2019-09-26 13:34:49,787 TRACE util.FileUtils (FileUtils.java:deleteFully(104)) - deleteFully: target/test/data/7f4d0f3d/MiniRaftClusterWithNettyb7ba3538/s2 does not exist.
2019-09-26 13:34:49,787 INFO  impl.RaftServerImpl (RaftServerImpl.java:<init>(95)) - s1: new RaftServerImpl for group-FAAEA0267428:[s0:0.0.0.0:36982, s1:0.0.0.0:37559, s2:0.0.0.0:42383] with LogStateMachine:uninitialized
2019-09-26 13:34:49,787 INFO  impl.RaftServerImpl (RaftServerImpl.java:<init>(95)) - s0: new RaftServerImpl for group-FAAEA0267428:[s0:0.0.0.0:36982, s1:0.0.0.0:37559, s2:0.0.0.0:42383] with LogStateMachine:uninitialized
2019-09-26 13:34:49,787 INFO  ratis.MiniRaftCluster (MiniRaftCluster.java:newRaftServer(335)) - Formatted directory target/test/data/7f4d0f3d/MiniRaftClusterWithNettyb7ba3538/s2
2019-09-26 13:34:49,789 INFO  impl.RaftServerProxy (ConfUtils.java:logGet(43)) - raft.rpc.type = NETTY (custom)
2019-09-26 13:34:49,791 INFO  netty.NettyConfigKeys$Server (ConfUtils.java:logGet(43)) - raft.netty.server.port = 42383 (custom)
2019-09-26 13:34:49,793 INFO  server.RaftServerConfigKeys (ConfUtils.java:logGet(43)) - raft.server.storage.dir = [/workdir/ratis-logservice/target/test/data/7f4d0f3d/MiniRaftClusterWithNettyb7ba3538/s2] (custom)
2019-09-26 13:34:49,793 INFO  logging.LoggingHandler (AbstractInternalLogger.java:log(150)) - [id: 0xaddabce1] REGISTERED
2019-09-26 13:34:49,794 INFO  impl.RaftServerProxy (RaftServerProxy.java:addNew(89)) - s2: addNew group-FAAEA0267428:[s0:0.0.0.0:36982, s1:0.0.0.0:37559, s2:0.0.0.0:42383] returns group-FAAEA0267428:java.util.concurrent.CompletableFuture@7730531a[Not completed]
2019-09-26 13:34:49,794 INFO  logging.LoggingHandler (AbstractInternalLogger.java:log(150)) - [id: 0xaddabce1] BIND: 0.0.0.0/0.0.0.0:42383
2019-09-26 13:34:49,794 INFO  server.RaftServerConfigKeys (ConfUtils.java:logGet(43)) - raft.server.rpc.timeout.min = 150ms (default)
2019-09-26 13:34:49,794 INFO  impl.RaftServerImpl (RaftServerImpl.java:<init>(95)) - s2: new RaftServerImpl for group-FAAEA0267428:[s0:0.0.0.0:36982, s1:0.0.0.0:37559, s2:0.0.0.0:42383] with LogStateMachine:uninitialized
2019-09-26 13:34:49,794 INFO  server.RaftServerConfigKeys (ConfUtils.java:logGet(43)) - raft.server.rpc.timeout.min = 150ms (default)
2019-09-26 13:34:49,795 INFO  server.RaftServerConfigKeys (ConfUtils.java:logGet(43)) - raft.server.rpc.timeout.min = 150ms (default)
2019-09-26 13:34:49,794 INFO  logging.LoggingHandler (AbstractInternalLogger.java:log(150)) - [id: 0xaddabce1, L:/0.0.0.0:42383] ACTIVE
2019-09-26 13:34:49,795 INFO  server.RaftServerConfigKeys (ConfUtils.java:logGet(43)) - raft.server.rpc.timeout.max = 300ms (default)
2019-09-26 13:34:49,795 INFO  server.RaftServerConfigKeys (ConfUtils.java:logGet(43)) - raft.server.rpc.timeout.max = 300ms (default)
2019-09-26 13:34:49,795 INFO  server.RaftServerConfigKeys (ConfUtils.java:logGet(43)) - raft.server.rpc.timeout.max = 300ms (default)
2019-09-26 13:34:49,796 INFO  server.RaftServerConfigKeys (ConfUtils.java:logGet(43)) - raft.server.rpcslowness.timeout = 60s (default)
2019-09-26 13:34:49,796 INFO  server.RaftServerConfigKeys (ConfUtils.java:logGet(43)) - raft.server.rpcslowness.timeout = 60s (default)
2019-09-26 13:34:49,796 INFO  server.RaftServerConfigKeys (ConfUtils.java:logGet(43)) - raft.server.rpcslowness.timeout = 60s (default)
2019-09-26 13:34:49,797 INFO  server.RaftServerConfigKeys (ConfUtils.java:logGet(43)) - raft.server.sleep.deviation.threshold = 300 (default)
2019-09-26 13:34:49,797 INFO  server.RaftServerConfigKeys (ConfUtils.java:logGet(43)) - raft.server.sleep.deviation.threshold = 300 (default)
2019-09-26 13:34:49,797 INFO  server.RaftServerConfigKeys (ConfUtils.java:logGet(43)) - raft.server.sleep.deviation.threshold = 300 (default)
2019-09-26 13:34:49,800 INFO  server.RaftServerConfigKeys (ConfUtils.java:logGet(43)) - raft.server.log.appender.install.snapshot.enabled = true (default)
2019-09-26 13:34:49,800 INFO  server.RaftServerConfigKeys (ConfUtils.java:logGet(43)) - raft.server.log.appender.install.snapshot.enabled = true (default)
2019-09-26 13:34:49,800 INFO  server.RaftServerConfigKeys (ConfUtils.java:logGet(43)) - raft.server.log.appender.install.snapshot.enabled = true (default)
2019-09-26 13:34:49,807 INFO  impl.RaftServerImpl (ServerState.java:<init>(103)) - s0@group-FAAEA0267428: ConfigurationManager, init=-1: [s0:0.0.0.0:36982, s1:0.0.0.0:37559, s2:0.0.0.0:42383], old=null, confs=<EMPTY_MAP>
2019-09-26 13:34:49,807 INFO  impl.RaftServerImpl (ServerState.java:<init>(103)) - s2@group-FAAEA0267428: ConfigurationManager, init=-1: [s0:0.0.0.0:36982, s1:0.0.0.0:37559, s2:0.0.0.0:42383], old=null, confs=<EMPTY_MAP>
2019-09-26 13:34:49,807 INFO  impl.RaftServerImpl (ServerState.java:<init>(103)) - s1@group-FAAEA0267428: ConfigurationManager, init=-1: [s0:0.0.0.0:36982, s1:0.0.0.0:37559, s2:0.0.0.0:42383], old=null, confs=<EMPTY_MAP>
2019-09-26 13:34:49,807 INFO  server.RaftServerConfigKeys (ConfUtils.java:logGet(43)) - raft.server.storage.dir = [/workdir/ratis-logservice/target/test/data/7f4d0f3d/MiniRaftClusterWithNettyb7ba3538/s0] (custom)
2019-09-26 13:34:49,807 INFO  server.RaftServerConfigKeys (ConfUtils.java:logGet(43)) - raft.server.storage.dir = [/workdir/ratis-logservice/target/test/data/7f4d0f3d/MiniRaftClusterWithNettyb7ba3538/s2] (custom)
2019-09-26 13:34:49,807 INFO  server.RaftServerConfigKeys (ConfUtils.java:logGet(43)) - raft.server.storage.dir = [/workdir/ratis-logservice/target/test/data/7f4d0f3d/MiniRaftClusterWithNettyb7ba3538/s1] (custom)
2019-09-26 13:34:49,817 INFO  server.RaftServerConfigKeys (ConfUtils.java:logGet(43)) - raft.server.log.corruption.policy = EXCEPTION (default)
2019-09-26 13:34:49,817 INFO  server.RaftServerConfigKeys (ConfUtils.java:logGet(43)) - raft.server.log.corruption.policy = EXCEPTION (default)
2019-09-26 13:34:49,817 INFO  server.RaftServerConfigKeys (ConfUtils.java:logGet(43)) - raft.server.log.corruption.policy = EXCEPTION (default)
2019-09-26 13:34:49,819 INFO  storage.RaftStorageDirectory (RaftStorageDirectory.java:analyzeStorage(246)) - The storage directory /workdir/ratis-logservice/target/test/data/7f4d0f3d/MiniRaftClusterWithNettyb7ba3538/s0/b7a0c08b-fe85-44eb-9230-faaea0267428 does not exist. Creating ...
2019-09-26 13:34:49,819 INFO  storage.RaftStorageDirectory (RaftStorageDirectory.java:analyzeStorage(246)) - The storage directory /workdir/ratis-logservice/target/test/data/7f4d0f3d/MiniRaftClusterWithNettyb7ba3538/s1/b7a0c08b-fe85-44eb-9230-faaea0267428 does not exist. Creating ...
2019-09-26 13:34:49,819 INFO  storage.RaftStorageDirectory (RaftStorageDirectory.java:analyzeStorage(246)) - The storage directory /workdir/ratis-logservice/target/test/data/7f4d0f3d/MiniRaftClusterWithNettyb7ba3538/s2/b7a0c08b-fe85-44eb-9230-faaea0267428 does not exist. Creating ...
2019-09-26 13:34:49,821 TRACE util.FileUtils (LogUtils.java:runAndLog(61)) - Successfully ran Files.createDirectories /workdir/ratis-logservice/target/test/data/7f4d0f3d/MiniRaftClusterWithNettyb7ba3538/s0/b7a0c08b-fe85-44eb-9230-faaea0267428
2019-09-26 13:34:49,822 TRACE util.FileUtils (LogUtils.java:runAndLog(61)) - Successfully ran Files.createDirectories /workdir/ratis-logservice/target/test/data/7f4d0f3d/MiniRaftClusterWithNettyb7ba3538/s1/b7a0c08b-fe85-44eb-9230-faaea0267428
2019-09-26 13:34:49,822 TRACE util.FileUtils (LogUtils.java:runAndLog(61)) - Successfully ran Files.createDirectories /workdir/ratis-logservice/target/test/data/7f4d0f3d/MiniRaftClusterWithNettyb7ba3538/s2/b7a0c08b-fe85-44eb-9230-faaea0267428
2019-09-26 13:34:49,859 INFO  storage.RaftStorageDirectory (RaftStorageDirectory.java:tryLock(328)) - Lock on /workdir/ratis-logservice/target/test/data/7f4d0f3d/MiniRaftClusterWithNettyb7ba3538/s2/b7a0c08b-fe85-44eb-9230-faaea0267428/in_use.lock acquired by nodename 9932@ratis-test-j9cz4-1458154678
2019-09-26 13:34:49,859 INFO  storage.RaftStorageDirectory (RaftStorageDirectory.java:tryLock(328)) - Lock on /workdir/ratis-logservice/target/test/data/7f4d0f3d/MiniRaftClusterWithNettyb7ba3538/s1/b7a0c08b-fe85-44eb-9230-faaea0267428/in_use.lock acquired by nodename 9932@ratis-test-j9cz4-1458154678
2019-09-26 13:34:49,859 INFO  storage.RaftStorageDirectory (RaftStorageDirectory.java:tryLock(328)) - Lock on /workdir/ratis-logservice/target/test/data/7f4d0f3d/MiniRaftClusterWithNettyb7ba3538/s0/b7a0c08b-fe85-44eb-9230-faaea0267428/in_use.lock acquired by nodename 9932@ratis-test-j9cz4-1458154678
2019-09-26 13:34:49,861 TRACE util.FileUtils (LogUtils.java:runAndLog(61)) - Successfully ran Files.createDirectories /workdir/ratis-logservice/target/test/data/7f4d0f3d/MiniRaftClusterWithNettyb7ba3538/s2/b7a0c08b-fe85-44eb-9230-faaea0267428/current
2019-09-26 13:34:49,861 TRACE util.FileUtils (LogUtils.java:runAndLog(61)) - Successfully ran Files.createDirectories /workdir/ratis-logservice/target/test/data/7f4d0f3d/MiniRaftClusterWithNettyb7ba3538/s1/b7a0c08b-fe85-44eb-9230-faaea0267428/current
2019-09-26 13:34:49,861 TRACE util.FileUtils (LogUtils.java:runAndLog(61)) - Successfully ran Files.createDirectories /workdir/ratis-logservice/target/test/data/7f4d0f3d/MiniRaftClusterWithNettyb7ba3538/s0/b7a0c08b-fe85-44eb-9230-faaea0267428/current
2019-09-26 13:34:49,861 TRACE util.FileUtils (LogUtils.java:runAndLog(61)) - Successfully ran Files.createDirectories /workdir/ratis-logservice/target/test/data/7f4d0f3d/MiniRaftClusterWithNettyb7ba3538/s1/b7a0c08b-fe85-44eb-9230-faaea0267428/sm
2019-09-26 13:34:49,861 TRACE util.FileUtils (LogUtils.java:runAndLog(61)) - Successfully ran Files.createDirectories /workdir/ratis-logservice/target/test/data/7f4d0f3d/MiniRaftClusterWithNettyb7ba3538/s2/b7a0c08b-fe85-44eb-9230-faaea0267428/sm
2019-09-26 13:34:49,861 TRACE util.FileUtils (LogUtils.java:runAndLog(61)) - Successfully ran Files.createDirectories /workdir/ratis-logservice/target/test/data/7f4d0f3d/MiniRaftClusterWithNettyb7ba3538/s0/b7a0c08b-fe85-44eb-9230-faaea0267428/sm
2019-09-26 13:34:49,878 INFO  storage.RaftStorage (RaftStorage.java:format(84)) - Storage directory /workdir/ratis-logservice/target/test/data/7f4d0f3d/MiniRaftClusterWithNettyb7ba3538/s2/b7a0c08b-fe85-44eb-9230-faaea0267428 has been successfully formatted.
2019-09-26 13:34:49,878 INFO  storage.RaftStorage (RaftStorage.java:format(84)) - Storage directory /workdir/ratis-logservice/target/test/data/7f4d0f3d/MiniRaftClusterWithNettyb7ba3538/s1/b7a0c08b-fe85-44eb-9230-faaea0267428 has been successfully formatted.
2019-09-26 13:34:49,878 INFO  storage.RaftStorage (RaftStorage.java:format(84)) - Storage directory /workdir/ratis-logservice/target/test/data/7f4d0f3d/MiniRaftClusterWithNettyb7ba3538/s0/b7a0c08b-fe85-44eb-9230-faaea0267428 has been successfully formatted.
2019-09-26 13:34:50,051 INFO  beanutils.FluentPropertyBeanIntrospector (FluentPropertyBeanIntrospector.java:introspect(147)) - Error when creating PropertyDescriptor for public final void org.apache.commons.configuration2.AbstractConfiguration.setProperty(java.lang.String,java.lang.Object)! Ignoring this property.
2019-09-26 13:34:50,091 INFO  impl.MetricsConfig (MetricsConfig.java:loadFirst(121)) - loaded properties from hadoop-metrics2.properties
2019-09-26 13:34:50,113 INFO  impl.MetricsSinkAdapter (MetricsSinkAdapter.java:start(204)) - Sink file started
2019-09-26 13:34:50,141 WARN  impl.MetricsSystemImpl (MetricsSystemImpl.java:configureSinks(508)) - Error creating sink 'graphite'
org.apache.hadoop.metrics2.impl.MetricsConfigException: Error creating plugin: org.apache.hadoop.metrics2.sink.GraphiteSink
	at org.apache.hadoop.metrics2.impl.MetricsConfig.getPlugin(MetricsConfig.java:211)
	at org.apache.hadoop.metrics2.impl.MetricsSystemImpl.newSink(MetricsSystemImpl.java:531)
	at org.apache.hadoop.metrics2.impl.MetricsSystemImpl.configureSinks(MetricsSystemImpl.java:503)
	at org.apache.hadoop.metrics2.impl.MetricsSystemImpl.configure(MetricsSystemImpl.java:479)
	at org.apache.hadoop.metrics2.impl.MetricsSystemImpl.start(MetricsSystemImpl.java:188)
	at org.apache.hadoop.metrics2.impl.MetricsSystemImpl.init(MetricsSystemImpl.java:163)
	at org.apache.hadoop.metrics2.lib.DefaultMetricsSystem.init(DefaultMetricsSystem.java:62)
	at org.apache.hadoop.metrics2.lib.DefaultMetricsSystem.initialize(DefaultMetricsSystem.java:58)
	at org.apache.ratis.metrics.MetricsReporting.<clinit>(MetricsReporting.java:42)
	at org.apache.ratis.logservice.metrics.LogServiceMetricsRegistry.<clinit>(LogServiceMetricsRegistry.java:35)
	at org.apache.ratis.logservice.server.LogStateMachine.initialize(LogStateMachine.java:162)
	at org.apache.ratis.server.impl.ServerState.initStatemachine(ServerState.java:160)
	at org.apache.ratis.server.impl.ServerState.<init>(ServerState.java:112)
	at org.apache.ratis.server.impl.RaftServerImpl.<init>(RaftServerImpl.java:110)
	at org.apache.ratis.server.impl.RaftServerProxy.lambda$newRaftServerImpl$2(RaftServerProxy.java:208)
	at java.util.concurrent.CompletableFuture$AsyncSupply.run(CompletableFuture.java:1590)
	at java.util.concurrent.ThreadPoolExecutor.runWorker(ThreadPoolExecutor.java:1149)
	at java.util.concurrent.ThreadPoolExecutor$Worker.run(ThreadPoolExecutor.java:624)
	at java.lang.Thread.run(Thread.java:748)
Caused by: org.apache.hadoop.metrics2.MetricsException: Error creating connection, graphite.logservice.ratis.org:2003
	at org.apache.hadoop.metrics2.sink.GraphiteSink$Graphite.connect(GraphiteSink.java:162)
	at org.apache.hadoop.metrics2.sink.GraphiteSink.init(GraphiteSink.java:65)
	at org.apache.hadoop.metrics2.impl.MetricsConfig.getPlugin(MetricsConfig.java:208)
	... 18 more
Caused by: java.net.UnknownHostException: graphite.logservice.ratis.org
	at java.net.AbstractPlainSocketImpl.connect(AbstractPlainSocketImpl.java:184)
	at java.net.SocksSocketImpl.connect(SocksSocketImpl.java:392)
	at java.net.Socket.connect(Socket.java:589)
	at java.net.Socket.connect(Socket.java:538)
	at java.net.Socket.<init>(Socket.java:434)
	at java.net.Socket.<init>(Socket.java:211)
	at org.apache.hadoop.metrics2.sink.GraphiteSink$Graphite.connect(GraphiteSink.java:153)
	... 20 more
2019-09-26 13:34:50,228 INFO  impl.MetricsSystemImpl (MetricsSystemImpl.java:startTimer(374)) - Scheduled Metric snapshot period at 10 second(s).
2019-09-26 13:34:50,228 INFO  impl.MetricsSystemImpl (MetricsSystemImpl.java:start(191)) - ratis metrics system started
2019-09-26 13:34:50,235 INFO  metrics.MetricRegistries (MetricRegistriesLoader.java:load(64)) - Loaded MetricRegistries class org.apache.ratis.metrics.impl.MetricRegistriesImpl
2019-09-26 13:34:50,265 WARN  server.LogStateMachine (LogStateMachine.java:load(226)) - The snapshot info is null.
2019-09-26 13:34:50,265 WARN  server.LogStateMachine (LogStateMachine.java:load(226)) - The snapshot info is null.
2019-09-26 13:34:50,266 WARN  server.LogStateMachine (LogStateMachine.java:load(226)) - The snapshot info is null.
2019-09-26 13:34:50,266 INFO  server.RaftServerConfigKeys (ConfUtils.java:logGet(43)) - raft.server.notification.no-leader.timeout = 60s (default)
2019-09-26 13:34:50,266 INFO  server.RaftServerConfigKeys (ConfUtils.java:logGet(43)) - raft.server.notification.no-leader.timeout = 60s (default)
2019-09-26 13:34:50,266 INFO  server.RaftServerConfigKeys (ConfUtils.java:logGet(43)) - raft.server.notification.no-leader.timeout = 60s (default)
2019-09-26 13:34:50,268 INFO  server.RaftServerConfigKeys (ConfUtils.java:logGet(43)) - raft.server.log.use.memory = false (default)
2019-09-26 13:34:50,269 INFO  server.RaftServerConfigKeys (ConfUtils.java:logGet(43)) - raft.server.log.use.memory = false (default)
2019-09-26 13:34:50,270 INFO  server.RaftServerConfigKeys (ConfUtils.java:logGet(43)) - raft.server.log.use.memory = false (default)
2019-09-26 13:34:50,273 INFO  server.RaftServerConfigKeys (ConfUtils.java:logGet(43)) - raft.server.log.purge.gap = 1024 (default)
2019-09-26 13:34:50,274 INFO  server.RaftServerConfigKeys (ConfUtils.java:logGet(43)) - raft.server.log.purge.gap = 1024 (default)
2019-09-26 13:34:50,274 INFO  server.RaftServerConfigKeys (ConfUtils.java:logGet(43)) - raft.server.log.purge.gap = 1024 (default)
2019-09-26 13:34:50,274 INFO  server.RaftServerConfigKeys (ConfUtils.java:logGet(43)) - raft.server.log.appender.buffer.byte-limit = 4MB (=4194304) (default)
2019-09-26 13:34:50,274 INFO  server.RaftServerConfigKeys (ConfUtils.java:logGet(43)) - raft.server.log.appender.buffer.byte-limit = 4MB (=4194304) (default)
2019-09-26 13:34:50,274 INFO  server.RaftServerConfigKeys (ConfUtils.java:logGet(43)) - raft.server.log.appender.buffer.byte-limit = 4MB (=4194304) (default)
2019-09-26 13:34:50,278 INFO  server.RaftServerConfigKeys (ConfUtils.java:logGet(43)) - raft.server.log.segment.size.max = 8MB (=8388608) (default)
2019-09-26 13:34:50,278 INFO  server.RaftServerConfigKeys (ConfUtils.java:logGet(43)) - raft.server.log.segment.size.max = 8MB (=8388608) (default)
2019-09-26 13:34:50,278 INFO  server.RaftServerConfigKeys (ConfUtils.java:logGet(43)) - raft.server.log.segment.size.max = 8MB (=8388608) (default)
2019-09-26 13:34:50,282 INFO  server.RaftServerConfigKeys (ConfUtils.java:logGet(43)) - raft.server.log.segment.cache.num.max = 6 (default)
2019-09-26 13:34:50,283 INFO  server.RaftServerConfigKeys (ConfUtils.java:logGet(43)) - raft.server.log.segment.cache.num.max = 6 (default)
2019-09-26 13:34:50,282 INFO  server.RaftServerConfigKeys (ConfUtils.java:logGet(43)) - raft.server.log.segment.cache.num.max = 6 (default)
2019-09-26 13:34:50,287 INFO  segmented.SegmentedRaftLogWorker (SegmentedRaftLogWorker.java:<init>(172)) - new s2@group-FAAEA0267428-SegmentedRaftLogWorker for RaftStorage:Storage Directory /workdir/ratis-logservice/target/test/data/7f4d0f3d/MiniRaftClusterWithNettyb7ba3538/s2/b7a0c08b-fe85-44eb-9230-faaea0267428
2019-09-26 13:34:50,287 INFO  segmented.SegmentedRaftLogWorker (SegmentedRaftLogWorker.java:<init>(172)) - new s0@group-FAAEA0267428-SegmentedRaftLogWorker for RaftStorage:Storage Directory /workdir/ratis-logservice/target/test/data/7f4d0f3d/MiniRaftClusterWithNettyb7ba3538/s0/b7a0c08b-fe85-44eb-9230-faaea0267428
2019-09-26 13:34:50,287 INFO  segmented.SegmentedRaftLogWorker (SegmentedRaftLogWorker.java:<init>(172)) - new s1@group-FAAEA0267428-SegmentedRaftLogWorker for RaftStorage:Storage Directory /workdir/ratis-logservice/target/test/data/7f4d0f3d/MiniRaftClusterWithNettyb7ba3538/s1/b7a0c08b-fe85-44eb-9230-faaea0267428
2019-09-26 13:34:50,304 INFO  server.RaftServerConfigKeys (ConfUtils.java:logGet(43)) - raft.server.log.queue.byte-limit = 64MB (=67108864) (default)
2019-09-26 13:34:50,305 INFO  server.RaftServerConfigKeys (ConfUtils.java:logGet(43)) - raft.server.log.queue.element-limit = 4096 (default)
2019-09-26 13:34:50,306 INFO  server.RaftServerConfigKeys (ConfUtils.java:logGet(43)) - raft.server.log.queue.byte-limit = 64MB (=67108864) (default)
2019-09-26 13:34:50,306 INFO  server.RaftServerConfigKeys (ConfUtils.java:logGet(43)) - raft.server.log.queue.byte-limit = 64MB (=67108864) (default)
2019-09-26 13:34:50,306 INFO  server.RaftServerConfigKeys (ConfUtils.java:logGet(43)) - raft.server.log.queue.element-limit = 4096 (default)
2019-09-26 13:34:50,306 INFO  server.RaftServerConfigKeys (ConfUtils.java:logGet(43)) - raft.server.log.queue.element-limit = 4096 (default)
2019-09-26 13:34:50,308 INFO  server.RaftServerConfigKeys (ConfUtils.java:logGet(43)) - raft.server.log.segment.size.max = 8MB (=8388608) (default)
2019-09-26 13:34:50,308 INFO  server.RaftServerConfigKeys (ConfUtils.java:logGet(43)) - raft.server.log.segment.size.max = 8MB (=8388608) (default)
2019-09-26 13:34:50,308 INFO  server.RaftServerConfigKeys (ConfUtils.java:logGet(43)) - raft.server.log.segment.size.max = 8MB (=8388608) (default)
2019-09-26 13:34:50,308 INFO  server.RaftServerConfigKeys (ConfUtils.java:logGet(43)) - raft.server.log.preallocated.size = 4MB (=4194304) (default)
2019-09-26 13:34:50,309 INFO  server.RaftServerConfigKeys (ConfUtils.java:logGet(43)) - raft.server.log.preallocated.size = 4MB (=4194304) (default)
2019-09-26 13:34:50,309 INFO  server.RaftServerConfigKeys (ConfUtils.java:logGet(43)) - raft.server.log.preallocated.size = 4MB (=4194304) (default)
2019-09-26 13:34:50,309 INFO  server.RaftServerConfigKeys (ConfUtils.java:logGet(43)) - raft.server.log.write.buffer.size = 64KB (=65536) (default)
2019-09-26 13:34:50,309 INFO  server.RaftServerConfigKeys (ConfUtils.java:logGet(43)) - raft.server.log.write.buffer.size = 64KB (=65536) (default)
2019-09-26 13:34:50,309 INFO  server.RaftServerConfigKeys (ConfUtils.java:logGet(43)) - raft.server.log.write.buffer.size = 64KB (=65536) (default)
2019-09-26 13:34:50,310 INFO  server.RaftServerConfigKeys (ConfUtils.java:logGet(43)) - raft.server.log.force.sync.num = 128 (default)
2019-09-26 13:34:50,310 INFO  server.RaftServerConfigKeys (ConfUtils.java:logGet(43)) - raft.server.log.force.sync.num = 128 (default)
2019-09-26 13:34:50,310 INFO  server.RaftServerConfigKeys (ConfUtils.java:logGet(43)) - raft.server.log.force.sync.num = 128 (default)
2019-09-26 13:34:50,311 INFO  server.RaftServerConfigKeys (ConfUtils.java:logGet(43)) - raft.server.log.statemachine.data.sync = true (default)
2019-09-26 13:34:50,311 INFO  server.RaftServerConfigKeys (ConfUtils.java:logGet(43)) - raft.server.log.statemachine.data.sync = true (default)
2019-09-26 13:34:50,311 INFO  server.RaftServerConfigKeys (ConfUtils.java:logGet(43)) - raft.server.log.statemachine.data.sync = true (default)
2019-09-26 13:34:50,312 INFO  server.RaftServerConfigKeys (ConfUtils.java:logGet(43)) - raft.server.log.statemachine.data.sync.timeout = 10s (default)
2019-09-26 13:34:50,311 INFO  server.RaftServerConfigKeys (ConfUtils.java:logGet(43)) - raft.server.log.statemachine.data.sync.timeout = 10s (default)
2019-09-26 13:34:50,312 INFO  server.RaftServerConfigKeys (ConfUtils.java:logGet(43)) - raft.server.log.statemachine.data.sync.timeout = 10s (default)
2019-09-26 13:34:50,312 INFO  server.RaftServerConfigKeys (ConfUtils.java:logGet(43)) - raft.server.log.statemachine.data.sync.timeout.retry = -1 (default)
2019-09-26 13:34:50,313 INFO  server.RaftServerConfigKeys (ConfUtils.java:logGet(43)) - raft.server.log.statemachine.data.sync.timeout.retry = -1 (default)
2019-09-26 13:34:50,313 INFO  server.RaftServerConfigKeys (ConfUtils.java:logGet(43)) - raft.server.log.statemachine.data.sync.timeout.retry = -1 (default)
2019-09-26 13:34:50,313 INFO  server.RaftServerConfigKeys (ConfUtils.java:logGet(43)) - raft.server.log.statemachine.data.caching.enabled = false (default)
2019-09-26 13:34:50,313 INFO  server.RaftServerConfigKeys (ConfUtils.java:logGet(43)) - raft.server.log.statemachine.data.caching.enabled = false (default)
2019-09-26 13:34:50,314 INFO  server.RaftServerConfigKeys (ConfUtils.java:logGet(43)) - raft.server.log.statemachine.data.caching.enabled = false (default)
2019-09-26 13:34:50,318 INFO  segmented.SegmentedRaftLogWorker (SegmentedRaftLogWorker.java:lambda$new$0(132)) - s2@group-FAAEA0267428-SegmentedRaftLogWorker: flushIndex: setUnconditionally 0 -> -1
2019-09-26 13:34:50,318 INFO  segmented.SegmentedRaftLogWorker (SegmentedRaftLogWorker.java:lambda$new$0(132)) - s0@group-FAAEA0267428-SegmentedRaftLogWorker: flushIndex: setUnconditionally 0 -> -1
2019-09-26 13:34:50,318 INFO  segmented.SegmentedRaftLogWorker (SegmentedRaftLogWorker.java:lambda$new$0(132)) - s1@group-FAAEA0267428-SegmentedRaftLogWorker: flushIndex: setUnconditionally 0 -> -1
2019-09-26 13:34:50,322 INFO  server.RaftServerConfigKeys (ConfUtils.java:logGet(43)) - raft.server.snapshot.auto.trigger.enabled = false (default)
2019-09-26 13:34:50,322 INFO  server.RaftServerConfigKeys (ConfUtils.java:logGet(43)) - raft.server.snapshot.auto.trigger.enabled = false (default)
2019-09-26 13:34:50,322 INFO  server.RaftServerConfigKeys (ConfUtils.java:logGet(43)) - raft.server.snapshot.auto.trigger.enabled = false (default)
2019-09-26 13:34:50,323 INFO  server.RaftServerConfigKeys (ConfUtils.java:logGet(43)) - raft.server.snapshot.retention.file.num = -1 (default)
2019-09-26 13:34:50,323 INFO  server.RaftServerConfigKeys (ConfUtils.java:logGet(43)) - raft.server.snapshot.retention.file.num = -1 (default)
2019-09-26 13:34:50,323 INFO  server.RaftServerConfigKeys (ConfUtils.java:logGet(43)) - raft.server.snapshot.retention.file.num = -1 (default)
2019-09-26 13:34:50,323 INFO  server.RaftServerConfigKeys (ConfUtils.java:logGet(43)) - raft.server.retrycache.expirytime = 60s (default)
2019-09-26 13:34:50,323 INFO  server.RaftServerConfigKeys (ConfUtils.java:logGet(43)) - raft.server.retrycache.expirytime = 60s (default)
2019-09-26 13:34:50,323 INFO  server.RaftServerConfigKeys (ConfUtils.java:logGet(43)) - raft.server.retrycache.expirytime = 60s (default)
2019-09-26 13:34:50,349 INFO  impl.RaftServerImpl (RaftServerImpl.java:start(181)) - s0@group-FAAEA0267428: start as a follower, conf=-1: [s0:0.0.0.0:36982, s1:0.0.0.0:37559, s2:0.0.0.0:42383], old=null
2019-09-26 13:34:50,351 INFO  impl.RaftServerImpl (RaftServerImpl.java:setRole(170)) - s0@group-FAAEA0267428: changes role from      null to FOLLOWER at term 0 for startAsFollower
2019-09-26 13:34:50,352 INFO  impl.RoleInfo (RoleInfo.java:updateAndGet(143)) - s0: start FollowerState
2019-09-26 13:34:50,354 INFO  util.JmxRegister (JmxRegister.java:tryRegister(44)) - Successfully registered JMX Bean with object name Ratis:service=RaftServer,group=group-FAAEA0267428,id=s0
2019-09-26 13:34:50,361 INFO  impl.RaftServerProxy (RaftServerProxy.java:lambda$start$3(299)) - s0: start RPC server
2019-09-26 13:34:50,361 INFO  impl.RaftServerImpl (RaftServerImpl.java:start(181)) - s1@group-FAAEA0267428: start as a follower, conf=-1: [s0:0.0.0.0:36982, s1:0.0.0.0:37559, s2:0.0.0.0:42383], old=null
2019-09-26 13:34:50,361 INFO  impl.RaftServerImpl (RaftServerImpl.java:setRole(170)) - s1@group-FAAEA0267428: changes role from      null to FOLLOWER at term 0 for startAsFollower
2019-09-26 13:34:50,362 INFO  impl.RoleInfo (RoleInfo.java:updateAndGet(143)) - s1: start FollowerState
2019-09-26 13:34:50,362 INFO  util.JmxRegister (JmxRegister.java:tryRegister(44)) - Successfully registered JMX Bean with object name Ratis:service=RaftServer,group=group-FAAEA0267428,id=s1
2019-09-26 13:34:50,366 INFO  impl.RaftServerProxy (RaftServerProxy.java:lambda$start$3(299)) - s1: start RPC server
2019-09-26 13:34:50,366 INFO  impl.RaftServerImpl (RaftServerImpl.java:start(181)) - s2@group-FAAEA0267428: start as a follower, conf=-1: [s0:0.0.0.0:36982, s1:0.0.0.0:37559, s2:0.0.0.0:42383], old=null
2019-09-26 13:34:50,367 INFO  impl.RaftServerImpl (RaftServerImpl.java:setRole(170)) - s2@group-FAAEA0267428: changes role from      null to FOLLOWER at term 0 for startAsFollower
2019-09-26 13:34:50,367 INFO  impl.RoleInfo (RoleInfo.java:updateAndGet(143)) - s2: start FollowerState
2019-09-26 13:34:50,367 INFO  util.JmxRegister (JmxRegister.java:tryRegister(44)) - Successfully registered JMX Bean with object name Ratis:service=RaftServer,group=group-FAAEA0267428,id=s2
2019-09-26 13:34:50,371 INFO  impl.RaftServerProxy (RaftServerProxy.java:lambda$start$3(299)) - s2: start RPC server
2019-09-26 13:34:50,374 INFO  server.RaftServerConfigKeys (ConfUtils.java:logGet(43)) - raft.server.rpc.timeout.max = 300ms (default)
2019-09-26 13:34:50,376 INFO  ratis.RaftTestUtil (RaftTestUtil.java:waitForLeader(86)) - printing ALL groups
  s0:  RUNNING  FOLLOWER s0@group-FAAEA0267428:t0, leader=null, voted=null, raftlog=s0@group-FAAEA0267428-SegmentedRaftLog:OPENED:c-1,f-1,i0, conf=-1: [s0:0.0.0.0:36982, s1:0.0.0.0:37559, s2:0.0.0.0:42383], old=null RUNNING
  s1:  RUNNING  FOLLOWER s1@group-FAAEA0267428:t0, leader=null, voted=null, raftlog=s1@group-FAAEA0267428-SegmentedRaftLog:OPENED:c-1,f-1,i0, conf=-1: [s0:0.0.0.0:36982, s1:0.0.0.0:37559, s2:0.0.0.0:42383], old=null RUNNING
  s2:  RUNNING  FOLLOWER s2@group-FAAEA0267428:t0, leader=null, voted=null, raftlog=s2@group-FAAEA0267428-SegmentedRaftLog:OPENED:c-1,f-1,i0, conf=-1: [s0:0.0.0.0:36982, s1:0.0.0.0:37559, s2:0.0.0.0:42383], old=null RUNNING
2019-09-26 13:34:50,380 WARN  ratis.RaftTestUtil (JavaUtils.java:attempt(158)) - FAILED "waitForLeader-null-(expectLeader? true)", attempt #1/100: java.lang.IllegalStateException: No leader yet : printing ALL groups
  s0:  RUNNING  FOLLOWER s0@group-FAAEA0267428:t0, leader=null, voted=null, raftlog=s0@group-FAAEA0267428-SegmentedRaftLog:OPENED:c-1,f-1,i0, conf=-1: [s0:0.0.0.0:36982, s1:0.0.0.0:37559, s2:0.0.0.0:42383], old=null RUNNING
  s1:  RUNNING  FOLLOWER s1@group-FAAEA0267428:t0, leader=null, voted=null, raftlog=s1@group-FAAEA0267428-SegmentedRaftLog:OPENED:c-1,f-1,i0, conf=-1: [s0:0.0.0.0:36982, s1:0.0.0.0:37559, s2:0.0.0.0:42383], old=null RUNNING
  s2:  RUNNING  FOLLOWER s2@group-FAAEA0267428:t0, leader=null, voted=null, raftlog=s2@group-FAAEA0267428-SegmentedRaftLog:OPENED:c-1,f-1,i0, conf=-1: [s0:0.0.0.0:36982, s1:0.0.0.0:37559, s2:0.0.0.0:42383], old=null RUNNING, sleep 450ms and then retry.
java.lang.IllegalStateException: No leader yet : printing ALL groups
  s0:  RUNNING  FOLLOWER s0@group-FAAEA0267428:t0, leader=null, voted=null, raftlog=s0@group-FAAEA0267428-SegmentedRaftLog:OPENED:c-1,f-1,i0, conf=-1: [s0:0.0.0.0:36982, s1:0.0.0.0:37559, s2:0.0.0.0:42383], old=null RUNNING
  s1:  RUNNING  FOLLOWER s1@group-FAAEA0267428:t0, leader=null, voted=null, raftlog=s1@group-FAAEA0267428-SegmentedRaftLog:OPENED:c-1,f-1,i0, conf=-1: [s0:0.0.0.0:36982, s1:0.0.0.0:37559, s2:0.0.0.0:42383], old=null RUNNING
  s2:  RUNNING  FOLLOWER s2@group-FAAEA0267428:t0, leader=null, voted=null, raftlog=s2@group-FAAEA0267428-SegmentedRaftLog:OPENED:c-1,f-1,i0, conf=-1: [s0:0.0.0.0:36982, s1:0.0.0.0:37559, s2:0.0.0.0:42383], old=null RUNNING
	at org.apache.ratis.MiniRaftCluster.newIllegalStateExceptionForNoLeaders(MiniRaftCluster.java:506)
	at org.apache.ratis.RaftTestUtil.lambda$waitForLeader$1(RaftTestUtil.java:90)
	at org.apache.ratis.MiniRaftCluster.getLeader(MiniRaftCluster.java:539)
	at org.apache.ratis.MiniRaftCluster.getLeader(MiniRaftCluster.java:532)
	at org.apache.ratis.RaftTestUtil.lambda$waitForLeader$3(RaftTestUtil.java:98)
	at org.apache.ratis.util.JavaUtils.attempt(JavaUtils.java:152)
	at org.apache.ratis.RaftTestUtil.waitForLeader(RaftTestUtil.java:97)
	at org.apache.ratis.RaftTestUtil.waitForLeader(RaftTestUtil.java:77)
	at org.apache.ratis.RaftTestUtil.waitForLeader(RaftTestUtil.java:72)
	at org.apache.ratis.logservice.LogServiceReadWriteBase.setUpCluster(LogServiceReadWriteBase.java:116)
	at sun.reflect.NativeMethodAccessorImpl.invoke0(Native Method)
	at sun.reflect.NativeMethodAccessorImpl.invoke(NativeMethodAccessorImpl.java:62)
	at sun.reflect.DelegatingMethodAccessorImpl.invoke(DelegatingMethodAccessorImpl.java:43)
	at java.lang.reflect.Method.invoke(Method.java:498)
	at org.junit.runners.model.FrameworkMethod$1.runReflectiveCall(FrameworkMethod.java:50)
	at org.junit.internal.runners.model.ReflectiveCallable.run(ReflectiveCallable.java:12)
	at org.junit.runners.model.FrameworkMethod.invokeExplosively(FrameworkMethod.java:47)
	at org.junit.internal.runners.statements.RunBefores.evaluate(RunBefores.java:24)
	at org.junit.internal.runners.statements.RunAfters.evaluate(RunAfters.java:27)
	at org.junit.internal.runners.statements.FailOnTimeout$CallableStatement.call(FailOnTimeout.java:298)
	at org.junit.internal.runners.statements.FailOnTimeout$CallableStatement.call(FailOnTimeout.java:292)
	at java.util.concurrent.FutureTask.run(FutureTask.java:266)
	at java.lang.Thread.run(Thread.java:748)
2019-09-26 13:34:50,519 INFO  impl.FollowerState (FollowerState.java:run(108)) - s1@group-FAAEA0267428-FollowerState: change to CANDIDATE, lastRpcTime:157ms, electionTimeout:157ms
2019-09-26 13:34:50,521 INFO  impl.RoleInfo (RoleInfo.java:shutdownFollowerState(121)) - s1: shutdown FollowerState
2019-09-26 13:34:50,522 INFO  impl.RaftServerImpl (RaftServerImpl.java:setRole(170)) - s1@group-FAAEA0267428: changes role from  FOLLOWER to CANDIDATE at term 0 for changeToCandidate
2019-09-26 13:34:50,525 INFO  impl.RoleInfo (RoleInfo.java:updateAndGet(143)) - s1: start LeaderElection
2019-09-26 13:34:50,541 INFO  impl.LeaderElection (LeaderElection.java:askForVotes(178)) - s1@group-FAAEA0267428-LeaderElection1: begin an election at term 1 for -1: [s0:0.0.0.0:36982, s1:0.0.0.0:37559, s2:0.0.0.0:42383], old=null
2019-09-26 13:34:50,687 INFO  impl.FollowerState (FollowerState.java:run(108)) - s0@group-FAAEA0267428-FollowerState: change to CANDIDATE, lastRpcTime:336ms, electionTimeout:254ms
2019-09-26 13:34:50,687 INFO  impl.FollowerState (FollowerState.java:run(108)) - s2@group-FAAEA0267428-FollowerState: change to CANDIDATE, lastRpcTime:320ms, electionTimeout:248ms
2019-09-26 13:34:50,688 INFO  impl.RoleInfo (RoleInfo.java:shutdownFollowerState(121)) - s0: shutdown FollowerState
2019-09-26 13:34:50,688 INFO  impl.RoleInfo (RoleInfo.java:shutdownFollowerState(121)) - s2: shutdown FollowerState
2019-09-26 13:34:50,689 INFO  impl.RaftServerImpl (RaftServerImpl.java:setRole(170)) - s0@group-FAAEA0267428: changes role from  FOLLOWER to CANDIDATE at term 0 for changeToCandidate
2019-09-26 13:34:50,689 INFO  impl.RaftServerImpl (RaftServerImpl.java:setRole(170)) - s2@group-FAAEA0267428: changes role from  FOLLOWER to CANDIDATE at term 0 for changeToCandidate
2019-09-26 13:34:50,689 INFO  impl.RoleInfo (RoleInfo.java:updateAndGet(143)) - s0: start LeaderElection
2019-09-26 13:34:50,689 INFO  impl.RoleInfo (RoleInfo.java:updateAndGet(143)) - s2: start LeaderElection
2019-09-26 13:34:50,703 INFO  impl.LeaderElection (LeaderElection.java:askForVotes(178)) - s2@group-FAAEA0267428-LeaderElection3: begin an election at term 1 for -1: [s0:0.0.0.0:36982, s1:0.0.0.0:37559, s2:0.0.0.0:42383], old=null
2019-09-26 13:34:50,703 INFO  impl.LeaderElection (LeaderElection.java:askForVotes(178)) - s0@group-FAAEA0267428-LeaderElection2: begin an election at term 1 for -1: [s0:0.0.0.0:36982, s1:0.0.0.0:37559, s2:0.0.0.0:42383], old=null
2019-09-26 13:34:50,742 INFO  logging.LoggingHandler (AbstractInternalLogger.java:log(150)) - [id: 0x6b745cc2, L:/0.0.0.0:36982] READ: [id: 0x2b00688c, L:/192.168.164.227:36982 - R:/192.168.164.227:60760]
2019-09-26 13:34:50,742 INFO  logging.LoggingHandler (AbstractInternalLogger.java:log(150)) - [id: 0x3f7a4de4, L:/0.0.0.0:37559] READ: [id: 0x9a12af31, L:/192.168.164.227:37559 - R:/192.168.164.227:42168]
2019-09-26 13:34:50,742 INFO  logging.LoggingHandler (AbstractInternalLogger.java:log(150)) - [id: 0xaddabce1, L:/0.0.0.0:42383] READ: [id: 0x83f55e7a, L:/192.168.164.227:42383 - R:/192.168.164.227:51302]
2019-09-26 13:34:50,743 INFO  logging.LoggingHandler (AbstractInternalLogger.java:log(150)) - [id: 0x6b745cc2, L:/0.0.0.0:36982] READ COMPLETE
2019-09-26 13:34:50,743 INFO  logging.LoggingHandler (AbstractInternalLogger.java:log(150)) - [id: 0xaddabce1, L:/0.0.0.0:42383] READ COMPLETE
2019-09-26 13:34:50,743 INFO  logging.LoggingHandler (AbstractInternalLogger.java:log(150)) - [id: 0x3f7a4de4, L:/0.0.0.0:37559] READ COMPLETE
2019-09-26 13:34:50,743 INFO  logging.LoggingHandler (AbstractInternalLogger.java:log(150)) - [id: 0x6b745cc2, L:/0.0.0.0:36982] READ: [id: 0xbce2441a, L:/192.168.164.227:36982 - R:/192.168.164.227:60770]
2019-09-26 13:34:50,743 INFO  logging.LoggingHandler (AbstractInternalLogger.java:log(150)) - [id: 0x3f7a4de4, L:/0.0.0.0:37559] READ: [id: 0x4787b11a, L:/192.168.164.227:37559 - R:/192.168.164.227:42174]
2019-09-26 13:34:50,743 INFO  logging.LoggingHandler (AbstractInternalLogger.java:log(150)) - [id: 0xaddabce1, L:/0.0.0.0:42383] READ: [id: 0xd7944c86, L:/192.168.164.227:42383 - R:/192.168.164.227:51303]
2019-09-26 13:34:50,744 INFO  logging.LoggingHandler (AbstractInternalLogger.java:log(150)) - [id: 0x3f7a4de4, L:/0.0.0.0:37559] READ COMPLETE
2019-09-26 13:34:50,744 INFO  logging.LoggingHandler (AbstractInternalLogger.java:log(150)) - [id: 0x6b745cc2, L:/0.0.0.0:36982] READ COMPLETE
2019-09-26 13:34:50,744 INFO  logging.LoggingHandler (AbstractInternalLogger.java:log(150)) - [id: 0xaddabce1, L:/0.0.0.0:42383] READ COMPLETE
2019-09-26 13:34:50,784 INFO  impl.LeaderElection (LeaderElection.java:logAndReturn(56)) - s1@group-FAAEA0267428-LeaderElection1: Election TIMEOUT; received 0 response(s) [] and 0 exception(s); s1@group-FAAEA0267428:t1, leader=null, voted=s1, raftlog=s1@group-FAAEA0267428-SegmentedRaftLog:OPENED:c-1,f-1,i0, conf=-1: [s0:0.0.0.0:36982, s1:0.0.0.0:37559, s2:0.0.0.0:42383], old=null
2019-09-26 13:34:50,798 INFO  impl.LeaderElection (LeaderElection.java:askForVotes(178)) - s1@group-FAAEA0267428-LeaderElection1: begin an election at term 2 for -1: [s0:0.0.0.0:36982, s1:0.0.0.0:37559, s2:0.0.0.0:42383], old=null
2019-09-26 13:34:50,808 INFO  impl.RaftServerImpl (RaftServerImpl.java:setRole(170)) - s2@group-FAAEA0267428: changes role from CANDIDATE to FOLLOWER at term 2 for recognizeCandidate:s1
2019-09-26 13:34:50,808 INFO  impl.LeaderElection (LeaderElection.java:logAndReturn(56)) - s0@group-FAAEA0267428-LeaderElection2: Election DISCOVERED_A_NEW_TERM; received 2 response(s) [s0<-s1#0:FAIL-t2, s0<-s2#0:FAIL-t1] and 0 exception(s); s0@group-FAAEA0267428:t2, leader=null, voted=null, raftlog=s0@group-FAAEA0267428-SegmentedRaftLog:OPENED:c-1,f-1,i0, conf=-1: [s0:0.0.0.0:36982, s1:0.0.0.0:37559, s2:0.0.0.0:42383], old=null
2019-09-26 13:34:50,808 INFO  impl.LeaderElection (LeaderElection.java:logAndReturn(56)) - s2@group-FAAEA0267428-LeaderElection3: Election DISCOVERED_A_NEW_TERM; received 1 response(s) [s2<-s1#0:FAIL-t2] and 0 exception(s); s2@group-FAAEA0267428:t2, leader=null, voted=null, raftlog=s2@group-FAAEA0267428-SegmentedRaftLog:OPENED:c-1,f-1,i0, conf=-1: [s0:0.0.0.0:36982, s1:0.0.0.0:37559, s2:0.0.0.0:42383], old=null
2019-09-26 13:34:50,808 INFO  impl.RaftServerImpl (RaftServerImpl.java:setRole(170)) - s0@group-FAAEA0267428: changes role from CANDIDATE to FOLLOWER at term 2 for recognizeCandidate:s1
2019-09-26 13:34:50,808 INFO  impl.RoleInfo (RoleInfo.java:shutdownLeaderElection(134)) - s2: shutdown LeaderElection
2019-09-26 13:34:50,808 INFO  impl.RoleInfo (RoleInfo.java:shutdownLeaderElection(134)) - s0: shutdown LeaderElection
2019-09-26 13:34:50,809 INFO  impl.RoleInfo (RoleInfo.java:updateAndGet(143)) - s2: start FollowerState
2019-09-26 13:34:50,809 INFO  impl.RoleInfo (RoleInfo.java:updateAndGet(143)) - s0: start FollowerState
2019-09-26 13:34:50,823 INFO  impl.LeaderElection (LeaderElection.java:logAndReturn(56)) - s1@group-FAAEA0267428-LeaderElection1: Election REJECTED; received 2 response(s) [s1<-s0#0:FAIL-t2, s1<-s2#0:FAIL-t2] and 0 exception(s); s1@group-FAAEA0267428:t2, leader=null, voted=s1, raftlog=s1@group-FAAEA0267428-SegmentedRaftLog:OPENED:c-1,f-1,i0, conf=-1: [s0:0.0.0.0:36982, s1:0.0.0.0:37559, s2:0.0.0.0:42383], old=null
2019-09-26 13:34:50,824 INFO  impl.RaftServerImpl (RaftServerImpl.java:setRole(170)) - s1@group-FAAEA0267428: changes role from CANDIDATE to FOLLOWER at term 2 for DISCOVERED_A_NEW_TERM
2019-09-26 13:34:50,824 INFO  impl.RoleInfo (RoleInfo.java:shutdownLeaderElection(134)) - s1: shutdown LeaderElection
2019-09-26 13:34:50,824 INFO  impl.RoleInfo (RoleInfo.java:updateAndGet(143)) - s1: start FollowerState
2019-09-26 13:34:50,831 WARN  ratis.RaftTestUtil (JavaUtils.java:attempt(158)) - FAILED "waitForLeader-null-(expectLeader? true)", attempt #2/100: java.lang.IllegalStateException: No leader yet : printing ALL groups
  s0:  RUNNING  FOLLOWER s0@group-FAAEA0267428:t2, leader=null, voted=null, raftlog=s0@group-FAAEA0267428-SegmentedRaftLog:OPENED:c-1,f-1,i0, conf=-1: [s0:0.0.0.0:36982, s1:0.0.0.0:37559, s2:0.0.0.0:42383], old=null RUNNING
  s1:  RUNNING  FOLLOWER s1@group-FAAEA0267428:t2, leader=null, voted=s1, raftlog=s1@group-FAAEA0267428-SegmentedRaftLog:OPENED:c-1,f-1,i0, conf=-1: [s0:0.0.0.0:36982, s1:0.0.0.0:37559, s2:0.0.0.0:42383], old=null RUNNING
  s2:  RUNNING  FOLLOWER s2@group-FAAEA0267428:t2, leader=null, voted=null, raftlog=s2@group-FAAEA0267428-SegmentedRaftLog:OPENED:c-1,f-1,i0, conf=-1: [s0:0.0.0.0:36982, s1:0.0.0.0:37559, s2:0.0.0.0:42383], old=null RUNNING, sleep 450ms and then retry.
java.lang.IllegalStateException: No leader yet : printing ALL groups
  s0:  RUNNING  FOLLOWER s0@group-FAAEA0267428:t2, leader=null, voted=null, raftlog=s0@group-FAAEA0267428-SegmentedRaftLog:OPENED:c-1,f-1,i0, conf=-1: [s0:0.0.0.0:36982, s1:0.0.0.0:37559, s2:0.0.0.0:42383], old=null RUNNING
  s1:  RUNNING  FOLLOWER s1@group-FAAEA0267428:t2, leader=null, voted=s1, raftlog=s1@group-FAAEA0267428-SegmentedRaftLog:OPENED:c-1,f-1,i0, conf=-1: [s0:0.0.0.0:36982, s1:0.0.0.0:37559, s2:0.0.0.0:42383], old=null RUNNING
  s2:  RUNNING  FOLLOWER s2@group-FAAEA0267428:t2, leader=null, voted=null, raftlog=s2@group-FAAEA0267428-SegmentedRaftLog:OPENED:c-1,f-1,i0, conf=-1: [s0:0.0.0.0:36982, s1:0.0.0.0:37559, s2:0.0.0.0:42383], old=null RUNNING
	at org.apache.ratis.MiniRaftCluster.newIllegalStateExceptionForNoLeaders(MiniRaftCluster.java:506)
	at org.apache.ratis.RaftTestUtil.lambda$waitForLeader$1(RaftTestUtil.java:90)
	at org.apache.ratis.MiniRaftCluster.getLeader(MiniRaftCluster.java:539)
	at org.apache.ratis.MiniRaftCluster.getLeader(MiniRaftCluster.java:532)
	at org.apache.ratis.RaftTestUtil.lambda$waitForLeader$3(RaftTestUtil.java:98)
	at org.apache.ratis.util.JavaUtils.attempt(JavaUtils.java:152)
	at org.apache.ratis.RaftTestUtil.waitForLeader(RaftTestUtil.java:97)
	at org.apache.ratis.RaftTestUtil.waitForLeader(RaftTestUtil.java:77)
	at org.apache.ratis.RaftTestUtil.waitForLeader(RaftTestUtil.java:72)
	at org.apache.ratis.logservice.LogServiceReadWriteBase.setUpCluster(LogServiceReadWriteBase.java:116)
	at sun.reflect.NativeMethodAccessorImpl.invoke0(Native Method)
	at sun.reflect.NativeMethodAccessorImpl.invoke(NativeMethodAccessorImpl.java:62)
	at sun.reflect.DelegatingMethodAccessorImpl.invoke(DelegatingMethodAccessorImpl.java:43)
	at java.lang.reflect.Method.invoke(Method.java:498)
	at org.junit.runners.model.FrameworkMethod$1.runReflectiveCall(FrameworkMethod.java:50)
	at org.junit.internal.runners.model.ReflectiveCallable.run(ReflectiveCallable.java:12)
	at org.junit.runners.model.FrameworkMethod.invokeExplosively(FrameworkMethod.java:47)
	at org.junit.internal.runners.statements.RunBefores.evaluate(RunBefores.java:24)
	at org.junit.internal.runners.statements.RunAfters.evaluate(RunAfters.java:27)
	at org.junit.internal.runners.statements.FailOnTimeout$CallableStatement.call(FailOnTimeout.java:298)
	at org.junit.internal.runners.statements.FailOnTimeout$CallableStatement.call(FailOnTimeout.java:292)
	at java.util.concurrent.FutureTask.run(FutureTask.java:266)
	at java.lang.Thread.run(Thread.java:748)
2019-09-26 13:34:50,964 INFO  impl.FollowerState (FollowerState.java:run(108)) - s2@group-FAAEA0267428-FollowerState: change to CANDIDATE, lastRpcTime:155ms, electionTimeout:155ms
2019-09-26 13:34:50,965 INFO  impl.RoleInfo (RoleInfo.java:shutdownFollowerState(121)) - s2: shutdown FollowerState
2019-09-26 13:34:50,965 INFO  impl.RaftServerImpl (RaftServerImpl.java:setRole(170)) - s2@group-FAAEA0267428: changes role from  FOLLOWER to CANDIDATE at term 2 for changeToCandidate
2019-09-26 13:34:50,965 INFO  impl.RoleInfo (RoleInfo.java:updateAndGet(143)) - s2: start LeaderElection
2019-09-26 13:34:50,979 INFO  impl.FollowerState (FollowerState.java:run(108)) - s0@group-FAAEA0267428-FollowerState: change to CANDIDATE, lastRpcTime:169ms, electionTimeout:169ms
2019-09-26 13:34:50,979 INFO  impl.RoleInfo (RoleInfo.java:shutdownFollowerState(121)) - s0: shutdown FollowerState
2019-09-26 13:34:50,979 INFO  impl.LeaderElection (LeaderElection.java:askForVotes(178)) - s2@group-FAAEA0267428-LeaderElection4: begin an election at term 3 for -1: [s0:0.0.0.0:36982, s1:0.0.0.0:37559, s2:0.0.0.0:42383], old=null
2019-09-26 13:34:50,979 INFO  impl.RaftServerImpl (RaftServerImpl.java:setRole(170)) - s0@group-FAAEA0267428: changes role from  FOLLOWER to CANDIDATE at term 2 for changeToCandidate
2019-09-26 13:34:50,980 INFO  impl.RoleInfo (RoleInfo.java:updateAndGet(143)) - s0: start LeaderElection
2019-09-26 13:34:50,981 INFO  impl.RaftServerImpl (RaftServerImpl.java:setRole(170)) - s1@group-FAAEA0267428: changes role from  FOLLOWER to FOLLOWER at term 3 for recognizeCandidate:s2
2019-09-26 13:34:50,982 INFO  impl.RoleInfo (RoleInfo.java:shutdownFollowerState(121)) - s1: shutdown FollowerState
2019-09-26 13:34:50,982 INFO  impl.RoleInfo (RoleInfo.java:updateAndGet(143)) - s1: start FollowerState
2019-09-26 13:34:50,982 INFO  impl.FollowerState (FollowerState.java:run(117)) - s1@group-FAAEA0267428-FollowerState was interrupted: java.lang.InterruptedException: sleep interrupted
2019-09-26 13:34:50,994 INFO  impl.LeaderElection (LeaderElection.java:askForVotes(178)) - s0@group-FAAEA0267428-LeaderElection5: begin an election at term 3 for -1: [s0:0.0.0.0:36982, s1:0.0.0.0:37559, s2:0.0.0.0:42383], old=null
2019-09-26 13:34:50,995 INFO  impl.LeaderElection (LeaderElection.java:logAndReturn(56)) - s2@group-FAAEA0267428-LeaderElection4: Election PASSED; received 2 response(s) [s2<-s0#0:FAIL-t3, s2<-s1#0:OK-t3] and 0 exception(s); s2@group-FAAEA0267428:t3, leader=null, voted=s2, raftlog=s2@group-FAAEA0267428-SegmentedRaftLog:OPENED:c-1,f-1,i0, conf=-1: [s0:0.0.0.0:36982, s1:0.0.0.0:37559, s2:0.0.0.0:42383], old=null
2019-09-26 13:34:50,995 INFO  impl.RoleInfo (RoleInfo.java:shutdownLeaderElection(134)) - s2: shutdown LeaderElection
2019-09-26 13:34:50,996 INFO  impl.RaftServerImpl (RaftServerImpl.java:setRole(170)) - s2@group-FAAEA0267428: changes role from CANDIDATE to LEADER at term 3 for changeToLeader
2019-09-26 13:34:50,996 INFO  impl.RaftServerImpl (ServerState.java:setLeader(254)) - s2@group-FAAEA0267428: change Leader from null to s2 at term 3 for becomeLeader, leader elected after 730ms
2019-09-26 13:34:51,003 INFO  server.RaftServerConfigKeys (ConfUtils.java:logGet(43)) - raft.server.staging.catchup.gap = 1000 (default)
2019-09-26 13:34:51,003 INFO  server.RaftServerConfigKeys (ConfUtils.java:logGet(43)) - raft.server.rpc.sleep.time = 25ms (default)
2019-09-26 13:34:51,010 INFO  server.RaftServerConfigKeys (ConfUtils.java:logGet(43)) - raft.server.write.element-limit = 4096 (default)
2019-09-26 13:34:51,018 INFO  server.RaftServerConfigKeys (ConfUtils.java:logGet(43)) - raft.server.watch.timeout = 10s (default)
2019-09-26 13:34:51,019 INFO  server.RaftServerConfigKeys (ConfUtils.java:logGet(43)) - raft.server.watch.timeout.denomination = 1s (default)
2019-09-26 13:34:51,020 INFO  server.RaftServerConfigKeys (ConfUtils.java:logGet(43)) - raft.server.watch.element-limit = 65536 (default)
2019-09-26 13:34:51,035 INFO  server.RaftServerConfigKeys (ConfUtils.java:logGet(43)) - raft.server.log.appender.snapshot.chunk.size.max = 16MB (=16777216) (default)
2019-09-26 13:34:51,035 INFO  server.RaftServerConfigKeys (ConfUtils.java:logGet(43)) - raft.server.log.appender.buffer.byte-limit = 4MB (=4194304) (default)
2019-09-26 13:34:51,036 INFO  server.RaftServerConfigKeys (ConfUtils.java:logGet(43)) - raft.server.log.appender.buffer.element-limit = 0 (default)
2019-09-26 13:34:51,040 INFO  server.RaftServerConfigKeys (ConfUtils.java:logGet(43)) - raft.server.log.appender.snapshot.chunk.size.max = 16MB (=16777216) (default)
2019-09-26 13:34:51,040 INFO  server.RaftServerConfigKeys (ConfUtils.java:logGet(43)) - raft.server.log.appender.buffer.byte-limit = 4MB (=4194304) (default)
2019-09-26 13:34:51,040 INFO  server.RaftServerConfigKeys (ConfUtils.java:logGet(43)) - raft.server.log.appender.buffer.element-limit = 0 (default)
2019-09-26 13:34:51,042 INFO  impl.RoleInfo (RoleInfo.java:updateAndGet(143)) - s2: start LeaderState
2019-09-26 13:34:51,061 INFO  segmented.SegmentedRaftLogWorker (SegmentedRaftLogWorker.java:startLogSegment(380)) - s2@group-FAAEA0267428-SegmentedRaftLogWorker: Starting segment from index:0
2019-09-26 13:34:51,071 INFO  impl.RaftServerImpl (ServerState.java:setRaftConf(355)) - s2@group-FAAEA0267428: set configuration 0: [s0:0.0.0.0:36982, s1:0.0.0.0:37559, s2:0.0.0.0:42383], old=null at 0
2019-09-26 13:34:51,071 INFO  impl.RaftServerImpl (RaftServerImpl.java:requestVote(754)) - s2@group-FAAEA0267428-   LEADER: Withhold vote from candidate s0 with term 3. State: leader=s2, term=3, lastRpcElapsed=null
2019-09-26 13:34:51,073 INFO  impl.LeaderElection (LeaderElection.java:logAndReturn(56)) - s0@group-FAAEA0267428-LeaderElection5: Election REJECTED; received 2 response(s) [s0<-s1#0:FAIL-t3, s0<-s2#0:FAIL-t3] and 0 exception(s); s0@group-FAAEA0267428:t3, leader=null, voted=s0, raftlog=s0@group-FAAEA0267428-SegmentedRaftLog:OPENED:c-1,f-1,i0, conf=-1: [s0:0.0.0.0:36982, s1:0.0.0.0:37559, s2:0.0.0.0:42383], old=null
2019-09-26 13:34:51,073 INFO  impl.RaftServerImpl (RaftServerImpl.java:setRole(170)) - s0@group-FAAEA0267428: changes role from CANDIDATE to FOLLOWER at term 3 for DISCOVERED_A_NEW_TERM
2019-09-26 13:34:51,073 INFO  impl.RoleInfo (RoleInfo.java:shutdownLeaderElection(134)) - s0: shutdown LeaderElection
2019-09-26 13:34:51,074 INFO  impl.RoleInfo (RoleInfo.java:updateAndGet(143)) - s0: start FollowerState
2019-09-26 13:34:51,095 INFO  impl.RaftServerImpl (ServerState.java:setLeader(254)) - s0@group-FAAEA0267428: change Leader from null to s2 at term 3 for appendEntries, leader elected after 829ms
2019-09-26 13:34:51,096 INFO  impl.RaftServerImpl (ServerState.java:setLeader(254)) - s1@group-FAAEA0267428: change Leader from null to s2 at term 3 for appendEntries, leader elected after 830ms
2019-09-26 13:34:51,115 INFO  impl.RaftServerImpl (ServerState.java:setRaftConf(355)) - s1@group-FAAEA0267428: set configuration 0: [s0:0.0.0.0:36982, s1:0.0.0.0:37559, s2:0.0.0.0:42383], old=null at 0
2019-09-26 13:34:51,116 INFO  impl.RaftServerImpl (ServerState.java:setRaftConf(355)) - s0@group-FAAEA0267428: set configuration 0: [s0:0.0.0.0:36982, s1:0.0.0.0:37559, s2:0.0.0.0:42383], old=null at 0
2019-09-26 13:34:51,116 INFO  segmented.SegmentedRaftLogWorker (SegmentedRaftLogWorker.java:startLogSegment(380)) - s1@group-FAAEA0267428-SegmentedRaftLogWorker: Starting segment from index:0
2019-09-26 13:34:51,116 INFO  segmented.SegmentedRaftLogWorker (SegmentedRaftLogWorker.java:startLogSegment(380)) - s0@group-FAAEA0267428-SegmentedRaftLogWorker: Starting segment from index:0
2019-09-26 13:34:51,283 INFO  ratis.RaftTestUtil (RaftTestUtil.java:waitForLeader(101)) - printing ALL groups
  s0:  RUNNING  FOLLOWER s0@group-FAAEA0267428:t3, leader=s2, voted=s0, raftlog=s0@group-FAAEA0267428-SegmentedRaftLog:OPENED:c-1,f-1,i0, conf=0: [s0:0.0.0.0:36982, s1:0.0.0.0:37559, s2:0.0.0.0:42383], old=null RUNNING
  s1:  RUNNING  FOLLOWER s1@group-FAAEA0267428:t3, leader=s2, voted=s2, raftlog=s1@group-FAAEA0267428-SegmentedRaftLog:OPENED:c-1,f-1,i0, conf=0: [s0:0.0.0.0:36982, s1:0.0.0.0:37559, s2:0.0.0.0:42383], old=null RUNNING
  s2:  RUNNING    LEADER s2@group-FAAEA0267428:t3, leader=s2, voted=s2, raftlog=s2@group-FAAEA0267428-SegmentedRaftLog:OPENED:c-1,f-1,i0, conf=0: [s0:0.0.0.0:36982, s1:0.0.0.0:37559, s2:0.0.0.0:42383], old=null RUNNING
2019-09-26 13:34:51,294 INFO  logservice.LogServiceReadWriteBase (LogServiceReadWriteBase.java:testReadAllRecords(185)) - Writing 25 records
2019-09-26 13:34:51,309 INFO  segmented.SegmentedRaftLogWorker (SegmentedRaftLogWorker.java:execute(569)) - s1@group-FAAEA0267428-SegmentedRaftLogWorker: created new log segment /workdir/ratis-logservice/target/test/data/7f4d0f3d/MiniRaftClusterWithNettyb7ba3538/s1/b7a0c08b-fe85-44eb-9230-faaea0267428/current/log_inprogress_0
2019-09-26 13:34:51,309 INFO  segmented.SegmentedRaftLogWorker (SegmentedRaftLogWorker.java:execute(569)) - s2@group-FAAEA0267428-SegmentedRaftLogWorker: created new log segment /workdir/ratis-logservice/target/test/data/7f4d0f3d/MiniRaftClusterWithNettyb7ba3538/s2/b7a0c08b-fe85-44eb-9230-faaea0267428/current/log_inprogress_0
2019-09-26 13:34:51,309 INFO  segmented.SegmentedRaftLogWorker (SegmentedRaftLogWorker.java:execute(569)) - s0@group-FAAEA0267428-SegmentedRaftLogWorker: created new log segment /workdir/ratis-logservice/target/test/data/7f4d0f3d/MiniRaftClusterWithNettyb7ba3538/s0/b7a0c08b-fe85-44eb-9230-faaea0267428/current/log_inprogress_0
2019-09-26 13:34:51,321 INFO  logging.LoggingHandler (AbstractInternalLogger.java:log(150)) - [id: 0x6b745cc2, L:/0.0.0.0:36982] READ: [id: 0x9a05c56c, L:/192.168.164.227:36982 - R:/192.168.164.227:60772]
2019-09-26 13:34:51,322 INFO  logging.LoggingHandler (AbstractInternalLogger.java:log(150)) - [id: 0x6b745cc2, L:/0.0.0.0:36982] READ COMPLETE
2019-09-26 13:34:51,354 INFO  logging.LoggingHandler (AbstractInternalLogger.java:log(150)) - [id: 0xaddabce1, L:/0.0.0.0:42383] READ: [id: 0x2998a28d, L:/192.168.164.227:42383 - R:/192.168.164.227:51312]
2019-09-26 13:34:51,354 INFO  logging.LoggingHandler (AbstractInternalLogger.java:log(150)) - [id: 0xaddabce1, L:/0.0.0.0:42383] READ COMPLETE
2019-09-26 13:34:51,800 INFO  ratis.MiniRaftCluster (MiniRaftCluster.java:shutdown(700)) - ************************************************************** 
2019-09-26 13:34:51,800 INFO  ratis.MiniRaftCluster (MiniRaftCluster.java:shutdown(701)) - *** 
2019-09-26 13:34:51,801 INFO  ratis.MiniRaftCluster (MiniRaftCluster.java:shutdown(702)) - ***     Stopping MiniRaftClusterWithNetty
2019-09-26 13:34:51,801 INFO  ratis.MiniRaftCluster (MiniRaftCluster.java:shutdown(703)) - *** 
2019-09-26 13:34:51,801 INFO  ratis.MiniRaftCluster (MiniRaftCluster.java:shutdown(704)) - ************************************************************** 
2019-09-26 13:34:51,801 INFO  ratis.MiniRaftCluster (MiniRaftCluster.java:shutdown(705)) - printing ALL groups
  s0:  RUNNING  FOLLOWER s0@group-FAAEA0267428:t3, leader=s2, voted=s0, raftlog=s0@group-FAAEA0267428-SegmentedRaftLog:OPENED:c48,f49,i49, conf=0: [s0:0.0.0.0:36982, s1:0.0.0.0:37559, s2:0.0.0.0:42383], old=null RUNNING
  s1:  RUNNING  FOLLOWER s1@group-FAAEA0267428:t3, leader=s2, voted=s2, raftlog=s1@group-FAAEA0267428-SegmentedRaftLog:OPENED:c49,f50,i50, conf=0: [s0:0.0.0.0:36982, s1:0.0.0.0:37559, s2:0.0.0.0:42383], old=null RUNNING
  s2:  RUNNING    LEADER s2@group-FAAEA0267428:t3, leader=s2, voted=s2, raftlog=s2@group-FAAEA0267428-SegmentedRaftLog:OPENED:c50,f50,i50, conf=0: [s0:0.0.0.0:36982, s1:0.0.0.0:37559, s2:0.0.0.0:42383], old=null RUNNING
2019-09-26 13:34:51,804 INFO  impl.RaftServerProxy (RaftServerProxy.java:lambda$close$4(314)) - s2: close
2019-09-26 13:34:51,804 INFO  impl.RaftServerProxy (RaftServerProxy.java:lambda$close$4(314)) - s1: close
2019-09-26 13:34:51,804 INFO  impl.RaftServerProxy (RaftServerProxy.java:lambda$close$4(314)) - s0: close
2019-09-26 13:34:51,805 INFO  impl.RaftServerImpl (RaftServerImpl.java:lambda$shutdown$3(247)) - s2@group-FAAEA0267428: shutdown
2019-09-26 13:34:51,805 INFO  impl.RaftServerImpl (RaftServerImpl.java:lambda$shutdown$3(247)) - s0@group-FAAEA0267428: shutdown
2019-09-26 13:34:51,806 INFO  util.JmxRegister (JmxRegister.java:unregister(73)) - Successfully un-registered JMX Bean with object name Ratis:service=RaftServer,group=group-FAAEA0267428,id=s2
2019-09-26 13:34:51,805 INFO  impl.RaftServerImpl (RaftServerImpl.java:lambda$shutdown$3(247)) - s1@group-FAAEA0267428: shutdown
2019-09-26 13:34:51,806 INFO  impl.RoleInfo (RoleInfo.java:shutdownLeaderState(104)) - s2: shutdown LeaderState
2019-09-26 13:34:51,806 INFO  util.JmxRegister (JmxRegister.java:unregister(73)) - Successfully un-registered JMX Bean with object name Ratis:service=RaftServer,group=group-FAAEA0267428,id=s0
2019-09-26 13:34:51,806 INFO  util.JmxRegister (JmxRegister.java:unregister(73)) - Successfully un-registered JMX Bean with object name Ratis:service=RaftServer,group=group-FAAEA0267428,id=s1
2019-09-26 13:34:51,807 INFO  impl.RoleInfo (RoleInfo.java:shutdownFollowerState(121)) - s0: shutdown FollowerState
2019-09-26 13:34:51,807 INFO  impl.PendingRequests (PendingRequests.java:sendNotLeaderResponses(202)) - s2@group-FAAEA0267428-PendingRequests: sendNotLeaderResponses
2019-09-26 13:34:51,807 INFO  impl.LogAppender (LogAppender.java:run(78)) - s2@group-FAAEA0267428->s1-LogAppender-AppenderDaemon was interrupted: java.lang.InterruptedException
2019-09-26 13:34:51,807 INFO  impl.RoleInfo (RoleInfo.java:shutdownFollowerState(121)) - s1: shutdown FollowerState
2019-09-26 13:34:51,809 INFO  impl.LogAppender (LogAppender.java:run(78)) - s2@group-FAAEA0267428->s0-LogAppender-AppenderDaemon was interrupted: java.io.InterruptedIOException: s2->s0#0 sending from s0:0.0.0.0:36982 is interrupted.
2019-09-26 13:34:51,807 INFO  impl.FollowerState (FollowerState.java:run(117)) - s0@group-FAAEA0267428-FollowerState was interrupted: java.lang.InterruptedException: sleep interrupted
2019-09-26 13:34:51,807 INFO  impl.StateMachineUpdater (StateMachineUpdater.java:stopAndJoin(136)) - s0@group-FAAEA0267428-StateMachineUpdater: set stopIndex = 48
2019-09-26 13:34:51,809 INFO  impl.FollowerState (FollowerState.java:run(117)) - s1@group-FAAEA0267428-FollowerState was interrupted: java.lang.InterruptedException: sleep interrupted
2019-09-26 13:34:51,809 INFO  impl.StateMachineUpdater (StateMachineUpdater.java:stopAndJoin(136)) - s1@group-FAAEA0267428-StateMachineUpdater: set stopIndex = 49
2019-09-26 13:34:51,810 INFO  impl.StateMachineUpdater (StateMachineUpdater.java:stopAndJoin(136)) - s2@group-FAAEA0267428-StateMachineUpdater: set stopIndex = 50
2019-09-26 13:34:51,810 INFO  impl.RaftServerImpl (ServerState.java:close(386)) - s2@group-FAAEA0267428: closes. applyIndex: 50
2019-09-26 13:34:51,810 INFO  impl.RaftServerImpl (ServerState.java:close(386)) - s0@group-FAAEA0267428: closes. applyIndex: 48
2019-09-26 13:34:51,810 INFO  impl.RaftServerImpl (ServerState.java:close(386)) - s1@group-FAAEA0267428: closes. applyIndex: 49
2019-09-26 13:34:51,812 INFO  segmented.SegmentedRaftLogWorker (SegmentedRaftLogWorker.java:run(313)) - s2@group-FAAEA0267428-SegmentedRaftLogWorker was interrupted, exiting. There are 0 tasks remaining in the queue.
2019-09-26 13:34:51,812 INFO  segmented.SegmentedRaftLogWorker (SegmentedRaftLogWorker.java:run(313)) - s1@group-FAAEA0267428-SegmentedRaftLogWorker was interrupted, exiting. There are 0 tasks remaining in the queue.
2019-09-26 13:34:51,813 INFO  segmented.SegmentedRaftLogWorker (SegmentedRaftLogWorker.java:close(228)) - s2@group-FAAEA0267428-SegmentedRaftLogWorker close()
2019-09-26 13:34:51,813 INFO  segmented.SegmentedRaftLogWorker (SegmentedRaftLogWorker.java:close(228)) - s1@group-FAAEA0267428-SegmentedRaftLogWorker close()
2019-09-26 13:34:51,814 INFO  logging.LoggingHandler (AbstractInternalLogger.java:log(150)) - [id: 0xaddabce1, L:/0.0.0.0:42383] UNREGISTERED
2019-09-26 13:34:51,814 INFO  logging.LoggingHandler (AbstractInternalLogger.java:log(150)) - [id: 0x3f7a4de4, L:/0.0.0.0:37559] UNREGISTERED
2019-09-26 13:34:51,816 INFO  segmented.SegmentedRaftLogWorker (SegmentedRaftLogWorker.java:close(228)) - s0@group-FAAEA0267428-SegmentedRaftLogWorker close()
2019-09-26 13:34:51,817 INFO  logging.LoggingHandler (AbstractInternalLogger.java:log(150)) - [id: 0x6b745cc2, L:/0.0.0.0:36982] UNREGISTERED
2019-09-26 13:34:51,818 INFO  ratis.MiniRaftCluster (MiniRaftCluster.java:shutdown(722)) - MiniRaftClusterWithNetty shutdown completed
]]></system-out>
  </testcase>
  <testcase name="testSeekFromWrite" classname="org.apache.ratis.logservice.TestLogServiceWithNetty" time="1.217"/>
  <testcase name="testSeeking" classname="org.apache.ratis.logservice.TestLogServiceWithNetty" time="1.601"/>
  <testcase name="testLogServiceReadWrite" classname="org.apache.ratis.logservice.TestLogServiceWithNetty" time="0.685">
    <failure message="expected:&lt;10&gt; but was:&lt;0&gt;" type="java.lang.AssertionError"><![CDATA[java.lang.AssertionError: expected:<10> but was:<0>
]]></failure>
    <system-out><![CDATA[2019-09-26 13:34:54,648 INFO  util.LogUtils (LogUtils.java:setLogLevel(41)) - Set org.apache.ratis.conf.ConfUtils log level to WARN
2019-09-26 13:34:54,648 INFO  util.LogUtils (LogUtils.java:setLogLevel(41)) - Set org.apache.ratis.util.FileUtils log level to TRACE
2019-09-26 13:34:54,648 INFO  logservice.LogServiceReadWriteBase (LogServiceReadWriteBase.java:<init>(65)) - Set LogStateMachine OK
2019-09-26 13:34:54,649 INFO  ratis.MiniRaftCluster (MiniRaftCluster.java:<init>(253)) - new MiniRaftClusterWithNetty with group-9CF1E2FCE165:[s0:0.0.0.0:34266, s1:0.0.0.0:34114, s2:0.0.0.0:42288]
2019-09-26 13:34:54,649 INFO  ratis.MiniRaftCluster (MiniRaftCluster.java:start(287)) - .............................................................. 
2019-09-26 13:34:54,650 INFO  ratis.MiniRaftCluster (MiniRaftCluster.java:start(288)) - ... 
2019-09-26 13:34:54,650 INFO  ratis.MiniRaftCluster (MiniRaftCluster.java:start(289)) - ...     Starting MiniRaftClusterWithNetty
2019-09-26 13:34:54,650 INFO  ratis.MiniRaftCluster (MiniRaftCluster.java:start(290)) - ... 
2019-09-26 13:34:54,650 INFO  ratis.MiniRaftCluster (MiniRaftCluster.java:start(291)) - .............................................................. 
2019-09-26 13:34:54,650 INFO  ratis.MiniRaftCluster (MiniRaftCluster.java:initServers(265)) - servers = {}
2019-09-26 13:34:54,650 INFO  ratis.MiniRaftCluster (MiniRaftCluster.java:newRaftServer(330)) - newRaftServer: s0, group-9CF1E2FCE165:[s0:0.0.0.0:34266, s1:0.0.0.0:34114, s2:0.0.0.0:42288], format? true
2019-09-26 13:34:54,650 TRACE util.FileUtils (FileUtils.java:deleteFully(88)) - deleteFully target/test/data/7f4d0f3d/MiniRaftClusterWithNettya554af4f/s0
2019-09-26 13:34:54,651 TRACE util.FileUtils (FileUtils.java:deleteFully(104)) - deleteFully: target/test/data/7f4d0f3d/MiniRaftClusterWithNettya554af4f/s0 does not exist.
2019-09-26 13:34:54,651 INFO  ratis.MiniRaftCluster (MiniRaftCluster.java:newRaftServer(335)) - Formatted directory target/test/data/7f4d0f3d/MiniRaftClusterWithNettya554af4f/s0
2019-09-26 13:34:54,651 INFO  impl.RaftServerProxy (ConfUtils.java:logGet(43)) - raft.rpc.type = NETTY (custom)
2019-09-26 13:34:54,653 INFO  netty.NettyConfigKeys$Server (ConfUtils.java:logGet(43)) - raft.netty.server.port = 34266 (custom)
2019-09-26 13:34:54,654 INFO  server.RaftServerConfigKeys (ConfUtils.java:logGet(43)) - raft.server.storage.dir = [/workdir/ratis-logservice/target/test/data/7f4d0f3d/MiniRaftClusterWithNettya554af4f/s0] (custom)
2019-09-26 13:34:54,654 INFO  logging.LoggingHandler (AbstractInternalLogger.java:log(150)) - [id: 0x8d35d696] REGISTERED
2019-09-26 13:34:54,655 INFO  logging.LoggingHandler (AbstractInternalLogger.java:log(150)) - [id: 0x8d35d696] BIND: 0.0.0.0/0.0.0.0:34266
2019-09-26 13:34:54,655 INFO  impl.RaftServerProxy (RaftServerProxy.java:addNew(89)) - s0: addNew group-9CF1E2FCE165:[s0:0.0.0.0:34266, s1:0.0.0.0:34114, s2:0.0.0.0:42288] returns group-9CF1E2FCE165:java.util.concurrent.CompletableFuture@3a77b172[Not completed]
2019-09-26 13:34:54,655 INFO  logging.LoggingHandler (AbstractInternalLogger.java:log(150)) - [id: 0x8d35d696, L:/0.0.0.0:34266] ACTIVE
2019-09-26 13:34:54,656 INFO  ratis.MiniRaftCluster (MiniRaftCluster.java:newRaftServer(330)) - newRaftServer: s1, group-9CF1E2FCE165:[s0:0.0.0.0:34266, s1:0.0.0.0:34114, s2:0.0.0.0:42288], format? true
2019-09-26 13:34:54,656 INFO  impl.RaftServerImpl (RaftServerImpl.java:<init>(95)) - s0: new RaftServerImpl for group-9CF1E2FCE165:[s0:0.0.0.0:34266, s1:0.0.0.0:34114, s2:0.0.0.0:42288] with LogStateMachine:uninitialized
2019-09-26 13:34:54,656 TRACE util.FileUtils (FileUtils.java:deleteFully(88)) - deleteFully target/test/data/7f4d0f3d/MiniRaftClusterWithNettya554af4f/s1
2019-09-26 13:34:54,656 INFO  server.RaftServerConfigKeys (ConfUtils.java:logGet(43)) - raft.server.rpc.timeout.min = 150ms (default)
2019-09-26 13:34:54,656 INFO  server.RaftServerConfigKeys (ConfUtils.java:logGet(43)) - raft.server.rpc.timeout.max = 300ms (default)
2019-09-26 13:34:54,656 TRACE util.FileUtils (FileUtils.java:deleteFully(104)) - deleteFully: target/test/data/7f4d0f3d/MiniRaftClusterWithNettya554af4f/s1 does not exist.
2019-09-26 13:34:54,657 INFO  server.RaftServerConfigKeys (ConfUtils.java:logGet(43)) - raft.server.rpcslowness.timeout = 60s (default)
2019-09-26 13:34:54,657 INFO  ratis.MiniRaftCluster (MiniRaftCluster.java:newRaftServer(335)) - Formatted directory target/test/data/7f4d0f3d/MiniRaftClusterWithNettya554af4f/s1
2019-09-26 13:34:54,657 INFO  server.RaftServerConfigKeys (ConfUtils.java:logGet(43)) - raft.server.sleep.deviation.threshold = 300 (default)
2019-09-26 13:34:54,657 INFO  server.RaftServerConfigKeys (ConfUtils.java:logGet(43)) - raft.server.log.appender.install.snapshot.enabled = true (default)
2019-09-26 13:34:54,657 INFO  impl.RaftServerProxy (ConfUtils.java:logGet(43)) - raft.rpc.type = NETTY (custom)
2019-09-26 13:34:54,657 INFO  impl.RaftServerImpl (ServerState.java:<init>(103)) - s0@group-9CF1E2FCE165: ConfigurationManager, init=-1: [s0:0.0.0.0:34266, s1:0.0.0.0:34114, s2:0.0.0.0:42288], old=null, confs=<EMPTY_MAP>
2019-09-26 13:34:54,658 INFO  server.RaftServerConfigKeys (ConfUtils.java:logGet(43)) - raft.server.storage.dir = [/workdir/ratis-logservice/target/test/data/7f4d0f3d/MiniRaftClusterWithNettya554af4f/s0] (custom)
2019-09-26 13:34:54,658 INFO  server.RaftServerConfigKeys (ConfUtils.java:logGet(43)) - raft.server.log.corruption.policy = EXCEPTION (default)
2019-09-26 13:34:54,658 INFO  storage.RaftStorageDirectory (RaftStorageDirectory.java:analyzeStorage(246)) - The storage directory /workdir/ratis-logservice/target/test/data/7f4d0f3d/MiniRaftClusterWithNettya554af4f/s0/7715fa17-b3aa-4815-979c-9cf1e2fce165 does not exist. Creating ...
2019-09-26 13:34:54,659 TRACE util.FileUtils (LogUtils.java:runAndLog(61)) - Successfully ran Files.createDirectories /workdir/ratis-logservice/target/test/data/7f4d0f3d/MiniRaftClusterWithNettya554af4f/s0/7715fa17-b3aa-4815-979c-9cf1e2fce165
2019-09-26 13:34:54,659 INFO  netty.NettyConfigKeys$Server (ConfUtils.java:logGet(43)) - raft.netty.server.port = 34114 (custom)
2019-09-26 13:34:54,659 INFO  server.RaftServerConfigKeys (ConfUtils.java:logGet(43)) - raft.server.storage.dir = [/workdir/ratis-logservice/target/test/data/7f4d0f3d/MiniRaftClusterWithNettya554af4f/s1] (custom)
2019-09-26 13:34:54,660 INFO  logging.LoggingHandler (AbstractInternalLogger.java:log(150)) - [id: 0x091e0f4a] REGISTERED
2019-09-26 13:34:54,660 INFO  logging.LoggingHandler (AbstractInternalLogger.java:log(150)) - [id: 0x091e0f4a] BIND: 0.0.0.0/0.0.0.0:34114
2019-09-26 13:34:54,660 INFO  impl.RaftServerProxy (RaftServerProxy.java:addNew(89)) - s1: addNew group-9CF1E2FCE165:[s0:0.0.0.0:34266, s1:0.0.0.0:34114, s2:0.0.0.0:42288] returns group-9CF1E2FCE165:java.util.concurrent.CompletableFuture@67ad67fb[Not completed]
2019-09-26 13:34:54,660 INFO  logging.LoggingHandler (AbstractInternalLogger.java:log(150)) - [id: 0x091e0f4a, L:/0.0.0.0:34114] ACTIVE
2019-09-26 13:34:54,661 INFO  ratis.MiniRaftCluster (MiniRaftCluster.java:newRaftServer(330)) - newRaftServer: s2, group-9CF1E2FCE165:[s0:0.0.0.0:34266, s1:0.0.0.0:34114, s2:0.0.0.0:42288], format? true
2019-09-26 13:34:54,661 INFO  impl.RaftServerImpl (RaftServerImpl.java:<init>(95)) - s1: new RaftServerImpl for group-9CF1E2FCE165:[s0:0.0.0.0:34266, s1:0.0.0.0:34114, s2:0.0.0.0:42288] with LogStateMachine:uninitialized
2019-09-26 13:34:54,661 TRACE util.FileUtils (FileUtils.java:deleteFully(88)) - deleteFully target/test/data/7f4d0f3d/MiniRaftClusterWithNettya554af4f/s2
2019-09-26 13:34:54,661 INFO  server.RaftServerConfigKeys (ConfUtils.java:logGet(43)) - raft.server.rpc.timeout.min = 150ms (default)
2019-09-26 13:34:54,661 INFO  server.RaftServerConfigKeys (ConfUtils.java:logGet(43)) - raft.server.rpc.timeout.max = 300ms (default)
2019-09-26 13:34:54,661 TRACE util.FileUtils (FileUtils.java:deleteFully(104)) - deleteFully: target/test/data/7f4d0f3d/MiniRaftClusterWithNettya554af4f/s2 does not exist.
2019-09-26 13:34:54,662 INFO  server.RaftServerConfigKeys (ConfUtils.java:logGet(43)) - raft.server.rpcslowness.timeout = 60s (default)
2019-09-26 13:34:54,662 INFO  ratis.MiniRaftCluster (MiniRaftCluster.java:newRaftServer(335)) - Formatted directory target/test/data/7f4d0f3d/MiniRaftClusterWithNettya554af4f/s2
2019-09-26 13:34:54,662 INFO  server.RaftServerConfigKeys (ConfUtils.java:logGet(43)) - raft.server.sleep.deviation.threshold = 300 (default)
2019-09-26 13:34:54,662 INFO  server.RaftServerConfigKeys (ConfUtils.java:logGet(43)) - raft.server.log.appender.install.snapshot.enabled = true (default)
2019-09-26 13:34:54,662 INFO  impl.RaftServerImpl (ServerState.java:<init>(103)) - s1@group-9CF1E2FCE165: ConfigurationManager, init=-1: [s0:0.0.0.0:34266, s1:0.0.0.0:34114, s2:0.0.0.0:42288], old=null, confs=<EMPTY_MAP>
2019-09-26 13:34:54,662 INFO  impl.RaftServerProxy (ConfUtils.java:logGet(43)) - raft.rpc.type = NETTY (custom)
2019-09-26 13:34:54,662 INFO  server.RaftServerConfigKeys (ConfUtils.java:logGet(43)) - raft.server.storage.dir = [/workdir/ratis-logservice/target/test/data/7f4d0f3d/MiniRaftClusterWithNettya554af4f/s1] (custom)
2019-09-26 13:34:54,663 INFO  server.RaftServerConfigKeys (ConfUtils.java:logGet(43)) - raft.server.log.corruption.policy = EXCEPTION (default)
2019-09-26 13:34:54,663 INFO  storage.RaftStorageDirectory (RaftStorageDirectory.java:analyzeStorage(246)) - The storage directory /workdir/ratis-logservice/target/test/data/7f4d0f3d/MiniRaftClusterWithNettya554af4f/s1/7715fa17-b3aa-4815-979c-9cf1e2fce165 does not exist. Creating ...
2019-09-26 13:34:54,663 TRACE util.FileUtils (LogUtils.java:runAndLog(61)) - Successfully ran Files.createDirectories /workdir/ratis-logservice/target/test/data/7f4d0f3d/MiniRaftClusterWithNettya554af4f/s1/7715fa17-b3aa-4815-979c-9cf1e2fce165
2019-09-26 13:34:54,664 INFO  netty.NettyConfigKeys$Server (ConfUtils.java:logGet(43)) - raft.netty.server.port = 42288 (custom)
2019-09-26 13:34:54,664 INFO  server.RaftServerConfigKeys (ConfUtils.java:logGet(43)) - raft.server.storage.dir = [/workdir/ratis-logservice/target/test/data/7f4d0f3d/MiniRaftClusterWithNettya554af4f/s2] (custom)
2019-09-26 13:34:54,665 INFO  logging.LoggingHandler (AbstractInternalLogger.java:log(150)) - [id: 0x5f15863b] REGISTERED
2019-09-26 13:34:54,665 INFO  impl.RaftServerProxy (RaftServerProxy.java:addNew(89)) - s2: addNew group-9CF1E2FCE165:[s0:0.0.0.0:34266, s1:0.0.0.0:34114, s2:0.0.0.0:42288] returns group-9CF1E2FCE165:java.util.concurrent.CompletableFuture@1c8c73c8[Not completed]
2019-09-26 13:34:54,665 INFO  logging.LoggingHandler (AbstractInternalLogger.java:log(150)) - [id: 0x5f15863b] BIND: 0.0.0.0/0.0.0.0:42288
2019-09-26 13:34:54,665 INFO  logging.LoggingHandler (AbstractInternalLogger.java:log(150)) - [id: 0x5f15863b, L:/0.0.0.0:42288] ACTIVE
2019-09-26 13:34:54,665 INFO  impl.RaftServerImpl (RaftServerImpl.java:<init>(95)) - s2: new RaftServerImpl for group-9CF1E2FCE165:[s0:0.0.0.0:34266, s1:0.0.0.0:34114, s2:0.0.0.0:42288] with LogStateMachine:uninitialized
2019-09-26 13:34:54,666 INFO  server.RaftServerConfigKeys (ConfUtils.java:logGet(43)) - raft.server.rpc.timeout.min = 150ms (default)
2019-09-26 13:34:54,666 INFO  server.RaftServerConfigKeys (ConfUtils.java:logGet(43)) - raft.server.rpc.timeout.max = 300ms (default)
2019-09-26 13:34:54,666 INFO  server.RaftServerConfigKeys (ConfUtils.java:logGet(43)) - raft.server.rpcslowness.timeout = 60s (default)
2019-09-26 13:34:54,666 INFO  server.RaftServerConfigKeys (ConfUtils.java:logGet(43)) - raft.server.sleep.deviation.threshold = 300 (default)
2019-09-26 13:34:54,666 INFO  server.RaftServerConfigKeys (ConfUtils.java:logGet(43)) - raft.server.log.appender.install.snapshot.enabled = true (default)
2019-09-26 13:34:54,666 INFO  impl.RaftServerImpl (ServerState.java:<init>(103)) - s2@group-9CF1E2FCE165: ConfigurationManager, init=-1: [s0:0.0.0.0:34266, s1:0.0.0.0:34114, s2:0.0.0.0:42288], old=null, confs=<EMPTY_MAP>
2019-09-26 13:34:54,667 INFO  server.RaftServerConfigKeys (ConfUtils.java:logGet(43)) - raft.server.storage.dir = [/workdir/ratis-logservice/target/test/data/7f4d0f3d/MiniRaftClusterWithNettya554af4f/s2] (custom)
2019-09-26 13:34:54,667 INFO  server.RaftServerConfigKeys (ConfUtils.java:logGet(43)) - raft.server.log.corruption.policy = EXCEPTION (default)
2019-09-26 13:34:54,667 INFO  storage.RaftStorageDirectory (RaftStorageDirectory.java:analyzeStorage(246)) - The storage directory /workdir/ratis-logservice/target/test/data/7f4d0f3d/MiniRaftClusterWithNettya554af4f/s2/7715fa17-b3aa-4815-979c-9cf1e2fce165 does not exist. Creating ...
2019-09-26 13:34:54,669 TRACE util.FileUtils (LogUtils.java:runAndLog(61)) - Successfully ran Files.createDirectories /workdir/ratis-logservice/target/test/data/7f4d0f3d/MiniRaftClusterWithNettya554af4f/s2/7715fa17-b3aa-4815-979c-9cf1e2fce165
2019-09-26 13:34:54,678 INFO  storage.RaftStorageDirectory (RaftStorageDirectory.java:tryLock(328)) - Lock on /workdir/ratis-logservice/target/test/data/7f4d0f3d/MiniRaftClusterWithNettya554af4f/s1/7715fa17-b3aa-4815-979c-9cf1e2fce165/in_use.lock acquired by nodename 9932@ratis-test-j9cz4-1458154678
2019-09-26 13:34:54,678 INFO  storage.RaftStorageDirectory (RaftStorageDirectory.java:tryLock(328)) - Lock on /workdir/ratis-logservice/target/test/data/7f4d0f3d/MiniRaftClusterWithNettya554af4f/s0/7715fa17-b3aa-4815-979c-9cf1e2fce165/in_use.lock acquired by nodename 9932@ratis-test-j9cz4-1458154678
2019-09-26 13:34:54,678 TRACE util.FileUtils (LogUtils.java:runAndLog(61)) - Successfully ran Files.createDirectories /workdir/ratis-logservice/target/test/data/7f4d0f3d/MiniRaftClusterWithNettya554af4f/s1/7715fa17-b3aa-4815-979c-9cf1e2fce165/current
2019-09-26 13:34:54,679 TRACE util.FileUtils (LogUtils.java:runAndLog(61)) - Successfully ran Files.createDirectories /workdir/ratis-logservice/target/test/data/7f4d0f3d/MiniRaftClusterWithNettya554af4f/s1/7715fa17-b3aa-4815-979c-9cf1e2fce165/sm
2019-09-26 13:34:54,679 TRACE util.FileUtils (LogUtils.java:runAndLog(61)) - Successfully ran Files.createDirectories /workdir/ratis-logservice/target/test/data/7f4d0f3d/MiniRaftClusterWithNettya554af4f/s0/7715fa17-b3aa-4815-979c-9cf1e2fce165/current
2019-09-26 13:34:54,680 TRACE util.FileUtils (LogUtils.java:runAndLog(61)) - Successfully ran Files.createDirectories /workdir/ratis-logservice/target/test/data/7f4d0f3d/MiniRaftClusterWithNettya554af4f/s0/7715fa17-b3aa-4815-979c-9cf1e2fce165/sm
2019-09-26 13:34:54,680 INFO  storage.RaftStorageDirectory (RaftStorageDirectory.java:tryLock(328)) - Lock on /workdir/ratis-logservice/target/test/data/7f4d0f3d/MiniRaftClusterWithNettya554af4f/s2/7715fa17-b3aa-4815-979c-9cf1e2fce165/in_use.lock acquired by nodename 9932@ratis-test-j9cz4-1458154678
2019-09-26 13:34:54,680 TRACE util.FileUtils (LogUtils.java:runAndLog(61)) - Successfully ran Files.createDirectories /workdir/ratis-logservice/target/test/data/7f4d0f3d/MiniRaftClusterWithNettya554af4f/s2/7715fa17-b3aa-4815-979c-9cf1e2fce165/current
2019-09-26 13:34:54,681 TRACE util.FileUtils (LogUtils.java:runAndLog(61)) - Successfully ran Files.createDirectories /workdir/ratis-logservice/target/test/data/7f4d0f3d/MiniRaftClusterWithNettya554af4f/s2/7715fa17-b3aa-4815-979c-9cf1e2fce165/sm
2019-09-26 13:34:54,684 INFO  storage.RaftStorage (RaftStorage.java:format(84)) - Storage directory /workdir/ratis-logservice/target/test/data/7f4d0f3d/MiniRaftClusterWithNettya554af4f/s1/7715fa17-b3aa-4815-979c-9cf1e2fce165 has been successfully formatted.
2019-09-26 13:34:54,684 INFO  storage.RaftStorage (RaftStorage.java:format(84)) - Storage directory /workdir/ratis-logservice/target/test/data/7f4d0f3d/MiniRaftClusterWithNettya554af4f/s0/7715fa17-b3aa-4815-979c-9cf1e2fce165 has been successfully formatted.
2019-09-26 13:34:54,686 WARN  server.LogStateMachine (LogStateMachine.java:load(226)) - The snapshot info is null.
2019-09-26 13:34:54,686 INFO  server.RaftServerConfigKeys (ConfUtils.java:logGet(43)) - raft.server.notification.no-leader.timeout = 60s (default)
2019-09-26 13:34:54,686 INFO  server.RaftServerConfigKeys (ConfUtils.java:logGet(43)) - raft.server.log.use.memory = false (default)
2019-09-26 13:34:54,686 WARN  server.LogStateMachine (LogStateMachine.java:load(226)) - The snapshot info is null.
2019-09-26 13:34:54,686 INFO  server.RaftServerConfigKeys (ConfUtils.java:logGet(43)) - raft.server.log.purge.gap = 1024 (default)
2019-09-26 13:34:54,687 INFO  server.RaftServerConfigKeys (ConfUtils.java:logGet(43)) - raft.server.notification.no-leader.timeout = 60s (default)
2019-09-26 13:34:54,687 INFO  server.RaftServerConfigKeys (ConfUtils.java:logGet(43)) - raft.server.log.appender.buffer.byte-limit = 4MB (=4194304) (default)
2019-09-26 13:34:54,687 INFO  server.RaftServerConfigKeys (ConfUtils.java:logGet(43)) - raft.server.log.use.memory = false (default)
2019-09-26 13:34:54,687 INFO  server.RaftServerConfigKeys (ConfUtils.java:logGet(43)) - raft.server.log.segment.size.max = 8MB (=8388608) (default)
2019-09-26 13:34:54,687 INFO  server.RaftServerConfigKeys (ConfUtils.java:logGet(43)) - raft.server.log.purge.gap = 1024 (default)
2019-09-26 13:34:54,687 INFO  server.RaftServerConfigKeys (ConfUtils.java:logGet(43)) - raft.server.log.segment.cache.num.max = 6 (default)
2019-09-26 13:34:54,687 INFO  server.RaftServerConfigKeys (ConfUtils.java:logGet(43)) - raft.server.log.appender.buffer.byte-limit = 4MB (=4194304) (default)
2019-09-26 13:34:54,687 INFO  segmented.SegmentedRaftLogWorker (SegmentedRaftLogWorker.java:<init>(172)) - new s1@group-9CF1E2FCE165-SegmentedRaftLogWorker for RaftStorage:Storage Directory /workdir/ratis-logservice/target/test/data/7f4d0f3d/MiniRaftClusterWithNettya554af4f/s1/7715fa17-b3aa-4815-979c-9cf1e2fce165
2019-09-26 13:34:54,687 INFO  server.RaftServerConfigKeys (ConfUtils.java:logGet(43)) - raft.server.log.segment.size.max = 8MB (=8388608) (default)
2019-09-26 13:34:54,687 INFO  server.RaftServerConfigKeys (ConfUtils.java:logGet(43)) - raft.server.log.queue.byte-limit = 64MB (=67108864) (default)
2019-09-26 13:34:54,687 INFO  server.RaftServerConfigKeys (ConfUtils.java:logGet(43)) - raft.server.log.segment.cache.num.max = 6 (default)
2019-09-26 13:34:54,688 INFO  server.RaftServerConfigKeys (ConfUtils.java:logGet(43)) - raft.server.log.queue.element-limit = 4096 (default)
2019-09-26 13:34:54,688 INFO  segmented.SegmentedRaftLogWorker (SegmentedRaftLogWorker.java:<init>(172)) - new s0@group-9CF1E2FCE165-SegmentedRaftLogWorker for RaftStorage:Storage Directory /workdir/ratis-logservice/target/test/data/7f4d0f3d/MiniRaftClusterWithNettya554af4f/s0/7715fa17-b3aa-4815-979c-9cf1e2fce165
2019-09-26 13:34:54,688 INFO  server.RaftServerConfigKeys (ConfUtils.java:logGet(43)) - raft.server.log.segment.size.max = 8MB (=8388608) (default)
2019-09-26 13:34:54,688 INFO  server.RaftServerConfigKeys (ConfUtils.java:logGet(43)) - raft.server.log.queue.byte-limit = 64MB (=67108864) (default)
2019-09-26 13:34:54,688 INFO  server.RaftServerConfigKeys (ConfUtils.java:logGet(43)) - raft.server.log.preallocated.size = 4MB (=4194304) (default)
2019-09-26 13:34:54,688 INFO  server.RaftServerConfigKeys (ConfUtils.java:logGet(43)) - raft.server.log.queue.element-limit = 4096 (default)
2019-09-26 13:34:54,688 INFO  server.RaftServerConfigKeys (ConfUtils.java:logGet(43)) - raft.server.log.write.buffer.size = 64KB (=65536) (default)
2019-09-26 13:34:54,688 INFO  server.RaftServerConfigKeys (ConfUtils.java:logGet(43)) - raft.server.log.segment.size.max = 8MB (=8388608) (default)
2019-09-26 13:34:54,688 INFO  server.RaftServerConfigKeys (ConfUtils.java:logGet(43)) - raft.server.log.force.sync.num = 128 (default)
2019-09-26 13:34:54,688 INFO  server.RaftServerConfigKeys (ConfUtils.java:logGet(43)) - raft.server.log.preallocated.size = 4MB (=4194304) (default)
2019-09-26 13:34:54,688 INFO  server.RaftServerConfigKeys (ConfUtils.java:logGet(43)) - raft.server.log.statemachine.data.sync = true (default)
2019-09-26 13:34:54,688 INFO  server.RaftServerConfigKeys (ConfUtils.java:logGet(43)) - raft.server.log.write.buffer.size = 64KB (=65536) (default)
2019-09-26 13:34:54,689 INFO  server.RaftServerConfigKeys (ConfUtils.java:logGet(43)) - raft.server.log.statemachine.data.sync.timeout = 10s (default)
2019-09-26 13:34:54,689 INFO  server.RaftServerConfigKeys (ConfUtils.java:logGet(43)) - raft.server.log.force.sync.num = 128 (default)
2019-09-26 13:34:54,689 INFO  server.RaftServerConfigKeys (ConfUtils.java:logGet(43)) - raft.server.log.statemachine.data.sync.timeout.retry = -1 (default)
2019-09-26 13:34:54,689 INFO  server.RaftServerConfigKeys (ConfUtils.java:logGet(43)) - raft.server.log.statemachine.data.sync = true (default)
2019-09-26 13:34:54,689 INFO  server.RaftServerConfigKeys (ConfUtils.java:logGet(43)) - raft.server.log.statemachine.data.caching.enabled = false (default)
2019-09-26 13:34:54,689 INFO  server.RaftServerConfigKeys (ConfUtils.java:logGet(43)) - raft.server.log.statemachine.data.sync.timeout = 10s (default)
2019-09-26 13:34:54,689 INFO  server.RaftServerConfigKeys (ConfUtils.java:logGet(43)) - raft.server.log.statemachine.data.sync.timeout.retry = -1 (default)
2019-09-26 13:34:54,689 INFO  segmented.SegmentedRaftLogWorker (SegmentedRaftLogWorker.java:lambda$new$0(132)) - s1@group-9CF1E2FCE165-SegmentedRaftLogWorker: flushIndex: setUnconditionally 0 -> -1
2019-09-26 13:34:54,690 INFO  server.RaftServerConfigKeys (ConfUtils.java:logGet(43)) - raft.server.log.statemachine.data.caching.enabled = false (default)
2019-09-26 13:34:54,690 INFO  server.RaftServerConfigKeys (ConfUtils.java:logGet(43)) - raft.server.snapshot.auto.trigger.enabled = false (default)
2019-09-26 13:34:54,690 INFO  server.RaftServerConfigKeys (ConfUtils.java:logGet(43)) - raft.server.snapshot.retention.file.num = -1 (default)
2019-09-26 13:34:54,690 INFO  segmented.SegmentedRaftLogWorker (SegmentedRaftLogWorker.java:lambda$new$0(132)) - s0@group-9CF1E2FCE165-SegmentedRaftLogWorker: flushIndex: setUnconditionally 0 -> -1
2019-09-26 13:34:54,690 INFO  server.RaftServerConfigKeys (ConfUtils.java:logGet(43)) - raft.server.retrycache.expirytime = 60s (default)
2019-09-26 13:34:54,690 INFO  server.RaftServerConfigKeys (ConfUtils.java:logGet(43)) - raft.server.snapshot.auto.trigger.enabled = false (default)
2019-09-26 13:34:54,690 INFO  server.RaftServerConfigKeys (ConfUtils.java:logGet(43)) - raft.server.snapshot.retention.file.num = -1 (default)
2019-09-26 13:34:54,690 INFO  server.RaftServerConfigKeys (ConfUtils.java:logGet(43)) - raft.server.retrycache.expirytime = 60s (default)
2019-09-26 13:34:54,691 INFO  storage.RaftStorage (RaftStorage.java:format(84)) - Storage directory /workdir/ratis-logservice/target/test/data/7f4d0f3d/MiniRaftClusterWithNettya554af4f/s2/7715fa17-b3aa-4815-979c-9cf1e2fce165 has been successfully formatted.
2019-09-26 13:34:54,693 WARN  server.LogStateMachine (LogStateMachine.java:load(226)) - The snapshot info is null.
2019-09-26 13:34:54,693 INFO  server.RaftServerConfigKeys (ConfUtils.java:logGet(43)) - raft.server.notification.no-leader.timeout = 60s (default)
2019-09-26 13:34:54,693 INFO  impl.RaftServerImpl (RaftServerImpl.java:start(181)) - s0@group-9CF1E2FCE165: start as a follower, conf=-1: [s0:0.0.0.0:34266, s1:0.0.0.0:34114, s2:0.0.0.0:42288], old=null
2019-09-26 13:34:54,693 INFO  server.RaftServerConfigKeys (ConfUtils.java:logGet(43)) - raft.server.log.use.memory = false (default)
2019-09-26 13:34:54,694 INFO  impl.RaftServerImpl (RaftServerImpl.java:setRole(170)) - s0@group-9CF1E2FCE165: changes role from      null to FOLLOWER at term 0 for startAsFollower
2019-09-26 13:34:54,694 INFO  server.RaftServerConfigKeys (ConfUtils.java:logGet(43)) - raft.server.log.purge.gap = 1024 (default)
2019-09-26 13:34:54,694 INFO  impl.RoleInfo (RoleInfo.java:updateAndGet(143)) - s0: start FollowerState
2019-09-26 13:34:54,694 INFO  server.RaftServerConfigKeys (ConfUtils.java:logGet(43)) - raft.server.log.appender.buffer.byte-limit = 4MB (=4194304) (default)
2019-09-26 13:34:54,695 INFO  server.RaftServerConfigKeys (ConfUtils.java:logGet(43)) - raft.server.log.segment.size.max = 8MB (=8388608) (default)
2019-09-26 13:34:54,695 INFO  server.RaftServerConfigKeys (ConfUtils.java:logGet(43)) - raft.server.log.segment.cache.num.max = 6 (default)
2019-09-26 13:34:54,695 INFO  util.JmxRegister (JmxRegister.java:tryRegister(44)) - Successfully registered JMX Bean with object name Ratis:service=RaftServer,group=group-9CF1E2FCE165,id=s0
2019-09-26 13:34:54,695 INFO  segmented.SegmentedRaftLogWorker (SegmentedRaftLogWorker.java:<init>(172)) - new s2@group-9CF1E2FCE165-SegmentedRaftLogWorker for RaftStorage:Storage Directory /workdir/ratis-logservice/target/test/data/7f4d0f3d/MiniRaftClusterWithNettya554af4f/s2/7715fa17-b3aa-4815-979c-9cf1e2fce165
2019-09-26 13:34:54,695 INFO  server.RaftServerConfigKeys (ConfUtils.java:logGet(43)) - raft.server.log.queue.byte-limit = 64MB (=67108864) (default)
2019-09-26 13:34:54,695 INFO  server.RaftServerConfigKeys (ConfUtils.java:logGet(43)) - raft.server.log.queue.element-limit = 4096 (default)
2019-09-26 13:34:54,695 INFO  server.RaftServerConfigKeys (ConfUtils.java:logGet(43)) - raft.server.log.segment.size.max = 8MB (=8388608) (default)
2019-09-26 13:34:54,696 INFO  server.RaftServerConfigKeys (ConfUtils.java:logGet(43)) - raft.server.log.preallocated.size = 4MB (=4194304) (default)
2019-09-26 13:34:54,696 INFO  server.RaftServerConfigKeys (ConfUtils.java:logGet(43)) - raft.server.log.write.buffer.size = 64KB (=65536) (default)
2019-09-26 13:34:54,696 INFO  server.RaftServerConfigKeys (ConfUtils.java:logGet(43)) - raft.server.log.force.sync.num = 128 (default)
2019-09-26 13:34:54,696 INFO  server.RaftServerConfigKeys (ConfUtils.java:logGet(43)) - raft.server.log.statemachine.data.sync = true (default)
2019-09-26 13:34:54,696 INFO  server.RaftServerConfigKeys (ConfUtils.java:logGet(43)) - raft.server.log.statemachine.data.sync.timeout = 10s (default)
2019-09-26 13:34:54,696 INFO  server.RaftServerConfigKeys (ConfUtils.java:logGet(43)) - raft.server.log.statemachine.data.sync.timeout.retry = -1 (default)
2019-09-26 13:34:54,696 INFO  server.RaftServerConfigKeys (ConfUtils.java:logGet(43)) - raft.server.log.statemachine.data.caching.enabled = false (default)
2019-09-26 13:34:54,697 INFO  segmented.SegmentedRaftLogWorker (SegmentedRaftLogWorker.java:lambda$new$0(132)) - s2@group-9CF1E2FCE165-SegmentedRaftLogWorker: flushIndex: setUnconditionally 0 -> -1
2019-09-26 13:34:54,697 INFO  server.RaftServerConfigKeys (ConfUtils.java:logGet(43)) - raft.server.snapshot.auto.trigger.enabled = false (default)
2019-09-26 13:34:54,697 INFO  server.RaftServerConfigKeys (ConfUtils.java:logGet(43)) - raft.server.snapshot.retention.file.num = -1 (default)
2019-09-26 13:34:54,697 INFO  server.RaftServerConfigKeys (ConfUtils.java:logGet(43)) - raft.server.retrycache.expirytime = 60s (default)
2019-09-26 13:34:54,698 INFO  impl.RaftServerProxy (RaftServerProxy.java:lambda$start$3(299)) - s0: start RPC server
2019-09-26 13:34:54,699 INFO  impl.RaftServerImpl (RaftServerImpl.java:start(181)) - s1@group-9CF1E2FCE165: start as a follower, conf=-1: [s0:0.0.0.0:34266, s1:0.0.0.0:34114, s2:0.0.0.0:42288], old=null
2019-09-26 13:34:54,699 INFO  impl.RaftServerImpl (RaftServerImpl.java:setRole(170)) - s1@group-9CF1E2FCE165: changes role from      null to FOLLOWER at term 0 for startAsFollower
2019-09-26 13:34:54,699 INFO  impl.RoleInfo (RoleInfo.java:updateAndGet(143)) - s1: start FollowerState
2019-09-26 13:34:54,700 INFO  util.JmxRegister (JmxRegister.java:tryRegister(44)) - Successfully registered JMX Bean with object name Ratis:service=RaftServer,group=group-9CF1E2FCE165,id=s1
2019-09-26 13:34:54,704 INFO  impl.RaftServerProxy (RaftServerProxy.java:lambda$start$3(299)) - s1: start RPC server
2019-09-26 13:34:54,705 INFO  impl.RaftServerImpl (RaftServerImpl.java:start(181)) - s2@group-9CF1E2FCE165: start as a follower, conf=-1: [s0:0.0.0.0:34266, s1:0.0.0.0:34114, s2:0.0.0.0:42288], old=null
2019-09-26 13:34:54,705 INFO  impl.RaftServerImpl (RaftServerImpl.java:setRole(170)) - s2@group-9CF1E2FCE165: changes role from      null to FOLLOWER at term 0 for startAsFollower
2019-09-26 13:34:54,705 INFO  impl.RoleInfo (RoleInfo.java:updateAndGet(143)) - s2: start FollowerState
2019-09-26 13:34:54,705 INFO  util.JmxRegister (JmxRegister.java:tryRegister(44)) - Successfully registered JMX Bean with object name Ratis:service=RaftServer,group=group-9CF1E2FCE165,id=s2
2019-09-26 13:34:54,708 INFO  impl.RaftServerProxy (RaftServerProxy.java:lambda$start$3(299)) - s2: start RPC server
2019-09-26 13:34:54,709 INFO  server.RaftServerConfigKeys (ConfUtils.java:logGet(43)) - raft.server.rpc.timeout.max = 300ms (default)
2019-09-26 13:34:54,709 INFO  ratis.RaftTestUtil (RaftTestUtil.java:waitForLeader(86)) - printing ALL groups
  s0:  RUNNING  FOLLOWER s0@group-9CF1E2FCE165:t0, leader=null, voted=null, raftlog=s0@group-9CF1E2FCE165-SegmentedRaftLog:OPENED:c-1,f-1,i0, conf=-1: [s0:0.0.0.0:34266, s1:0.0.0.0:34114, s2:0.0.0.0:42288], old=null RUNNING
  s1:  RUNNING  FOLLOWER s1@group-9CF1E2FCE165:t0, leader=null, voted=null, raftlog=s1@group-9CF1E2FCE165-SegmentedRaftLog:OPENED:c-1,f-1,i0, conf=-1: [s0:0.0.0.0:34266, s1:0.0.0.0:34114, s2:0.0.0.0:42288], old=null RUNNING
  s2:  RUNNING  FOLLOWER s2@group-9CF1E2FCE165:t0, leader=null, voted=null, raftlog=s2@group-9CF1E2FCE165-SegmentedRaftLog:OPENED:c-1,f-1,i0, conf=-1: [s0:0.0.0.0:34266, s1:0.0.0.0:34114, s2:0.0.0.0:42288], old=null RUNNING
2019-09-26 13:34:54,709 WARN  ratis.RaftTestUtil (JavaUtils.java:attempt(158)) - FAILED "waitForLeader-null-(expectLeader? true)", attempt #1/100: java.lang.IllegalStateException: No leader yet : printing ALL groups
  s0:  RUNNING  FOLLOWER s0@group-9CF1E2FCE165:t0, leader=null, voted=null, raftlog=s0@group-9CF1E2FCE165-SegmentedRaftLog:OPENED:c-1,f-1,i0, conf=-1: [s0:0.0.0.0:34266, s1:0.0.0.0:34114, s2:0.0.0.0:42288], old=null RUNNING
  s1:  RUNNING  FOLLOWER s1@group-9CF1E2FCE165:t0, leader=null, voted=null, raftlog=s1@group-9CF1E2FCE165-SegmentedRaftLog:OPENED:c-1,f-1,i0, conf=-1: [s0:0.0.0.0:34266, s1:0.0.0.0:34114, s2:0.0.0.0:42288], old=null RUNNING
  s2:  RUNNING  FOLLOWER s2@group-9CF1E2FCE165:t0, leader=null, voted=null, raftlog=s2@group-9CF1E2FCE165-SegmentedRaftLog:OPENED:c-1,f-1,i0, conf=-1: [s0:0.0.0.0:34266, s1:0.0.0.0:34114, s2:0.0.0.0:42288], old=null RUNNING, sleep 450ms and then retry.
java.lang.IllegalStateException: No leader yet : printing ALL groups
  s0:  RUNNING  FOLLOWER s0@group-9CF1E2FCE165:t0, leader=null, voted=null, raftlog=s0@group-9CF1E2FCE165-SegmentedRaftLog:OPENED:c-1,f-1,i0, conf=-1: [s0:0.0.0.0:34266, s1:0.0.0.0:34114, s2:0.0.0.0:42288], old=null RUNNING
  s1:  RUNNING  FOLLOWER s1@group-9CF1E2FCE165:t0, leader=null, voted=null, raftlog=s1@group-9CF1E2FCE165-SegmentedRaftLog:OPENED:c-1,f-1,i0, conf=-1: [s0:0.0.0.0:34266, s1:0.0.0.0:34114, s2:0.0.0.0:42288], old=null RUNNING
  s2:  RUNNING  FOLLOWER s2@group-9CF1E2FCE165:t0, leader=null, voted=null, raftlog=s2@group-9CF1E2FCE165-SegmentedRaftLog:OPENED:c-1,f-1,i0, conf=-1: [s0:0.0.0.0:34266, s1:0.0.0.0:34114, s2:0.0.0.0:42288], old=null RUNNING
	at org.apache.ratis.MiniRaftCluster.newIllegalStateExceptionForNoLeaders(MiniRaftCluster.java:506)
	at org.apache.ratis.RaftTestUtil.lambda$waitForLeader$1(RaftTestUtil.java:90)
	at org.apache.ratis.MiniRaftCluster.getLeader(MiniRaftCluster.java:539)
	at org.apache.ratis.MiniRaftCluster.getLeader(MiniRaftCluster.java:532)
	at org.apache.ratis.RaftTestUtil.lambda$waitForLeader$3(RaftTestUtil.java:98)
	at org.apache.ratis.util.JavaUtils.attempt(JavaUtils.java:152)
	at org.apache.ratis.RaftTestUtil.waitForLeader(RaftTestUtil.java:97)
	at org.apache.ratis.RaftTestUtil.waitForLeader(RaftTestUtil.java:77)
	at org.apache.ratis.RaftTestUtil.waitForLeader(RaftTestUtil.java:72)
	at org.apache.ratis.logservice.LogServiceReadWriteBase.setUpCluster(LogServiceReadWriteBase.java:116)
	at sun.reflect.NativeMethodAccessorImpl.invoke0(Native Method)
	at sun.reflect.NativeMethodAccessorImpl.invoke(NativeMethodAccessorImpl.java:62)
	at sun.reflect.DelegatingMethodAccessorImpl.invoke(DelegatingMethodAccessorImpl.java:43)
	at java.lang.reflect.Method.invoke(Method.java:498)
	at org.junit.runners.model.FrameworkMethod$1.runReflectiveCall(FrameworkMethod.java:50)
	at org.junit.internal.runners.model.ReflectiveCallable.run(ReflectiveCallable.java:12)
	at org.junit.runners.model.FrameworkMethod.invokeExplosively(FrameworkMethod.java:47)
	at org.junit.internal.runners.statements.RunBefores.evaluate(RunBefores.java:24)
	at org.junit.internal.runners.statements.RunAfters.evaluate(RunAfters.java:27)
	at org.junit.internal.runners.statements.FailOnTimeout$CallableStatement.call(FailOnTimeout.java:298)
	at org.junit.internal.runners.statements.FailOnTimeout$CallableStatement.call(FailOnTimeout.java:292)
	at java.util.concurrent.FutureTask.run(FutureTask.java:266)
	at java.lang.Thread.run(Thread.java:748)
2019-09-26 13:34:54,845 INFO  impl.FollowerState (FollowerState.java:run(108)) - s0@group-9CF1E2FCE165-FollowerState: change to CANDIDATE, lastRpcTime:150ms, electionTimeout:150ms
2019-09-26 13:34:54,846 INFO  impl.RoleInfo (RoleInfo.java:shutdownFollowerState(121)) - s0: shutdown FollowerState
2019-09-26 13:34:54,846 INFO  impl.RaftServerImpl (RaftServerImpl.java:setRole(170)) - s0@group-9CF1E2FCE165: changes role from  FOLLOWER to CANDIDATE at term 0 for changeToCandidate
2019-09-26 13:34:54,846 INFO  impl.RoleInfo (RoleInfo.java:updateAndGet(143)) - s0: start LeaderElection
2019-09-26 13:34:54,860 INFO  impl.FollowerState (FollowerState.java:run(108)) - s2@group-9CF1E2FCE165-FollowerState: change to CANDIDATE, lastRpcTime:155ms, electionTimeout:155ms
2019-09-26 13:34:54,861 INFO  impl.LeaderElection (LeaderElection.java:askForVotes(178)) - s0@group-9CF1E2FCE165-LeaderElection13: begin an election at term 1 for -1: [s0:0.0.0.0:34266, s1:0.0.0.0:34114, s2:0.0.0.0:42288], old=null
2019-09-26 13:34:54,861 INFO  impl.RoleInfo (RoleInfo.java:shutdownFollowerState(121)) - s2: shutdown FollowerState
2019-09-26 13:34:54,862 INFO  impl.RaftServerImpl (RaftServerImpl.java:setRole(170)) - s2@group-9CF1E2FCE165: changes role from  FOLLOWER to CANDIDATE at term 0 for changeToCandidate
2019-09-26 13:34:54,862 INFO  impl.FollowerState (FollowerState.java:run(108)) - s1@group-9CF1E2FCE165-FollowerState: change to CANDIDATE, lastRpcTime:162ms, electionTimeout:162ms
2019-09-26 13:34:54,862 INFO  impl.RoleInfo (RoleInfo.java:updateAndGet(143)) - s2: start LeaderElection
2019-09-26 13:34:54,862 INFO  impl.RoleInfo (RoleInfo.java:shutdownFollowerState(121)) - s1: shutdown FollowerState
2019-09-26 13:34:54,862 INFO  impl.RaftServerImpl (RaftServerImpl.java:setRole(170)) - s1@group-9CF1E2FCE165: changes role from  FOLLOWER to CANDIDATE at term 0 for changeToCandidate
2019-09-26 13:34:54,863 INFO  impl.RoleInfo (RoleInfo.java:updateAndGet(143)) - s1: start LeaderElection
2019-09-26 13:34:54,867 INFO  logging.LoggingHandler (AbstractInternalLogger.java:log(150)) - [id: 0x5f15863b, L:/0.0.0.0:42288] READ: [id: 0x738e448f, L:/192.168.164.227:42288 - R:/192.168.164.227:54942]
2019-09-26 13:34:54,867 INFO  logging.LoggingHandler (AbstractInternalLogger.java:log(150)) - [id: 0x091e0f4a, L:/0.0.0.0:34114] READ: [id: 0x7d835339, L:/192.168.164.227:34114 - R:/192.168.164.227:42204]
2019-09-26 13:34:54,868 INFO  logging.LoggingHandler (AbstractInternalLogger.java:log(150)) - [id: 0x5f15863b, L:/0.0.0.0:42288] READ COMPLETE
2019-09-26 13:34:54,869 INFO  logging.LoggingHandler (AbstractInternalLogger.java:log(150)) - [id: 0x091e0f4a, L:/0.0.0.0:34114] READ COMPLETE
2019-09-26 13:34:54,877 INFO  impl.LeaderElection (LeaderElection.java:askForVotes(178)) - s2@group-9CF1E2FCE165-LeaderElection14: begin an election at term 1 for -1: [s0:0.0.0.0:34266, s1:0.0.0.0:34114, s2:0.0.0.0:42288], old=null
2019-09-26 13:34:54,877 INFO  impl.LeaderElection (LeaderElection.java:askForVotes(178)) - s1@group-9CF1E2FCE165-LeaderElection15: begin an election at term 1 for -1: [s0:0.0.0.0:34266, s1:0.0.0.0:34114, s2:0.0.0.0:42288], old=null
2019-09-26 13:34:54,879 INFO  impl.LeaderElection (LeaderElection.java:logAndReturn(56)) - s0@group-9CF1E2FCE165-LeaderElection13: Election REJECTED; received 2 response(s) [s0<-s1#0:FAIL-t1, s0<-s2#0:FAIL-t1] and 0 exception(s); s0@group-9CF1E2FCE165:t1, leader=null, voted=s0, raftlog=s0@group-9CF1E2FCE165-SegmentedRaftLog:OPENED:c-1,f-1,i0, conf=-1: [s0:0.0.0.0:34266, s1:0.0.0.0:34114, s2:0.0.0.0:42288], old=null
2019-09-26 13:34:54,880 INFO  impl.RaftServerImpl (RaftServerImpl.java:setRole(170)) - s0@group-9CF1E2FCE165: changes role from CANDIDATE to FOLLOWER at term 1 for DISCOVERED_A_NEW_TERM
2019-09-26 13:34:54,880 INFO  impl.RoleInfo (RoleInfo.java:shutdownLeaderElection(134)) - s0: shutdown LeaderElection
2019-09-26 13:34:54,881 INFO  impl.RoleInfo (RoleInfo.java:updateAndGet(143)) - s0: start FollowerState
2019-09-26 13:34:54,887 INFO  logging.LoggingHandler (AbstractInternalLogger.java:log(150)) - [id: 0x091e0f4a, L:/0.0.0.0:34114] READ: [id: 0x3413adc6, L:/192.168.164.227:34114 - R:/192.168.164.227:42208]
2019-09-26 13:34:54,887 INFO  logging.LoggingHandler (AbstractInternalLogger.java:log(150)) - [id: 0x5f15863b, L:/0.0.0.0:42288] READ: [id: 0x87036820, L:/192.168.164.227:42288 - R:/192.168.164.227:54952]
2019-09-26 13:34:54,887 INFO  logging.LoggingHandler (AbstractInternalLogger.java:log(150)) - [id: 0x091e0f4a, L:/0.0.0.0:34114] READ COMPLETE
2019-09-26 13:34:54,887 INFO  logging.LoggingHandler (AbstractInternalLogger.java:log(150)) - [id: 0x8d35d696, L:/0.0.0.0:34266] READ: [id: 0xe571ccba, L:/192.168.164.227:34266 - R:/192.168.164.227:52778]
2019-09-26 13:34:54,888 INFO  logging.LoggingHandler (AbstractInternalLogger.java:log(150)) - [id: 0x5f15863b, L:/0.0.0.0:42288] READ COMPLETE
2019-09-26 13:34:54,889 INFO  logging.LoggingHandler (AbstractInternalLogger.java:log(150)) - [id: 0x8d35d696, L:/0.0.0.0:34266] READ COMPLETE
2019-09-26 13:34:54,890 INFO  logging.LoggingHandler (AbstractInternalLogger.java:log(150)) - [id: 0x8d35d696, L:/0.0.0.0:34266] READ: [id: 0x87c8cf44, L:/192.168.164.227:34266 - R:/192.168.164.227:52782]
2019-09-26 13:34:54,890 INFO  logging.LoggingHandler (AbstractInternalLogger.java:log(150)) - [id: 0x8d35d696, L:/0.0.0.0:34266] READ COMPLETE
2019-09-26 13:34:54,892 INFO  impl.LeaderElection (LeaderElection.java:logAndReturn(56)) - s2@group-9CF1E2FCE165-LeaderElection14: Election REJECTED; received 2 response(s) [s2<-s0#0:FAIL-t1, s2<-s1#0:FAIL-t1] and 0 exception(s); s2@group-9CF1E2FCE165:t1, leader=null, voted=s2, raftlog=s2@group-9CF1E2FCE165-SegmentedRaftLog:OPENED:c-1,f-1,i0, conf=-1: [s0:0.0.0.0:34266, s1:0.0.0.0:34114, s2:0.0.0.0:42288], old=null
2019-09-26 13:34:54,893 INFO  impl.RaftServerImpl (RaftServerImpl.java:setRole(170)) - s2@group-9CF1E2FCE165: changes role from CANDIDATE to FOLLOWER at term 1 for DISCOVERED_A_NEW_TERM
2019-09-26 13:34:54,893 INFO  impl.RoleInfo (RoleInfo.java:shutdownLeaderElection(134)) - s2: shutdown LeaderElection
2019-09-26 13:34:54,893 INFO  impl.LeaderElection (LeaderElection.java:logAndReturn(56)) - s1@group-9CF1E2FCE165-LeaderElection15: Election REJECTED; received 2 response(s) [s1<-s0#0:FAIL-t1, s1<-s2#0:FAIL-t1] and 0 exception(s); s1@group-9CF1E2FCE165:t1, leader=null, voted=s1, raftlog=s1@group-9CF1E2FCE165-SegmentedRaftLog:OPENED:c-1,f-1,i0, conf=-1: [s0:0.0.0.0:34266, s1:0.0.0.0:34114, s2:0.0.0.0:42288], old=null
2019-09-26 13:34:54,893 INFO  impl.RoleInfo (RoleInfo.java:updateAndGet(143)) - s2: start FollowerState
2019-09-26 13:34:54,894 INFO  impl.RaftServerImpl (RaftServerImpl.java:setRole(170)) - s1@group-9CF1E2FCE165: changes role from CANDIDATE to FOLLOWER at term 1 for DISCOVERED_A_NEW_TERM
2019-09-26 13:34:54,894 INFO  impl.RoleInfo (RoleInfo.java:shutdownLeaderElection(134)) - s1: shutdown LeaderElection
2019-09-26 13:34:54,894 INFO  impl.RoleInfo (RoleInfo.java:updateAndGet(143)) - s1: start FollowerState
2019-09-26 13:34:55,048 INFO  impl.FollowerState (FollowerState.java:run(108)) - s0@group-9CF1E2FCE165-FollowerState: change to CANDIDATE, lastRpcTime:167ms, electionTimeout:164ms
2019-09-26 13:34:55,049 INFO  impl.RoleInfo (RoleInfo.java:shutdownFollowerState(121)) - s0: shutdown FollowerState
2019-09-26 13:34:55,049 INFO  impl.RaftServerImpl (RaftServerImpl.java:setRole(170)) - s0@group-9CF1E2FCE165: changes role from  FOLLOWER to CANDIDATE at term 1 for changeToCandidate
2019-09-26 13:34:55,049 INFO  impl.RoleInfo (RoleInfo.java:updateAndGet(143)) - s0: start LeaderElection
2019-09-26 13:34:55,063 INFO  impl.LeaderElection (LeaderElection.java:askForVotes(178)) - s0@group-9CF1E2FCE165-LeaderElection16: begin an election at term 2 for -1: [s0:0.0.0.0:34266, s1:0.0.0.0:34114, s2:0.0.0.0:42288], old=null
2019-09-26 13:34:55,064 INFO  impl.RaftServerImpl (RaftServerImpl.java:setRole(170)) - s2@group-9CF1E2FCE165: changes role from  FOLLOWER to FOLLOWER at term 2 for recognizeCandidate:s0
2019-09-26 13:34:55,064 INFO  impl.RaftServerImpl (RaftServerImpl.java:setRole(170)) - s1@group-9CF1E2FCE165: changes role from  FOLLOWER to FOLLOWER at term 2 for recognizeCandidate:s0
2019-09-26 13:34:55,065 INFO  impl.RoleInfo (RoleInfo.java:shutdownFollowerState(121)) - s2: shutdown FollowerState
2019-09-26 13:34:55,065 INFO  impl.RoleInfo (RoleInfo.java:shutdownFollowerState(121)) - s1: shutdown FollowerState
2019-09-26 13:34:55,065 INFO  impl.FollowerState (FollowerState.java:run(117)) - s2@group-9CF1E2FCE165-FollowerState was interrupted: java.lang.InterruptedException: sleep interrupted
2019-09-26 13:34:55,065 INFO  impl.RoleInfo (RoleInfo.java:updateAndGet(143)) - s2: start FollowerState
2019-09-26 13:34:55,065 INFO  impl.RoleInfo (RoleInfo.java:updateAndGet(143)) - s1: start FollowerState
2019-09-26 13:34:55,066 INFO  impl.FollowerState (FollowerState.java:run(117)) - s1@group-9CF1E2FCE165-FollowerState was interrupted: java.lang.InterruptedException: sleep interrupted
2019-09-26 13:34:55,079 INFO  impl.LeaderElection (LeaderElection.java:logAndReturn(56)) - s0@group-9CF1E2FCE165-LeaderElection16: Election PASSED; received 1 response(s) [s0<-s2#0:OK-t2] and 0 exception(s); s0@group-9CF1E2FCE165:t2, leader=null, voted=s0, raftlog=s0@group-9CF1E2FCE165-SegmentedRaftLog:OPENED:c-1,f-1,i0, conf=-1: [s0:0.0.0.0:34266, s1:0.0.0.0:34114, s2:0.0.0.0:42288], old=null
2019-09-26 13:34:55,080 INFO  impl.RoleInfo (RoleInfo.java:shutdownLeaderElection(134)) - s0: shutdown LeaderElection
2019-09-26 13:34:55,080 INFO  impl.RaftServerImpl (RaftServerImpl.java:setRole(170)) - s0@group-9CF1E2FCE165: changes role from CANDIDATE to LEADER at term 2 for changeToLeader
2019-09-26 13:34:55,080 INFO  impl.RaftServerImpl (ServerState.java:setLeader(254)) - s0@group-9CF1E2FCE165: change Leader from null to s0 at term 2 for becomeLeader, leader elected after 393ms
2019-09-26 13:34:55,081 INFO  server.RaftServerConfigKeys (ConfUtils.java:logGet(43)) - raft.server.staging.catchup.gap = 1000 (default)
2019-09-26 13:34:55,081 INFO  server.RaftServerConfigKeys (ConfUtils.java:logGet(43)) - raft.server.rpc.sleep.time = 25ms (default)
2019-09-26 13:34:55,081 INFO  server.RaftServerConfigKeys (ConfUtils.java:logGet(43)) - raft.server.write.element-limit = 4096 (default)
2019-09-26 13:34:55,081 INFO  server.RaftServerConfigKeys (ConfUtils.java:logGet(43)) - raft.server.watch.timeout = 10s (default)
2019-09-26 13:34:55,081 INFO  server.RaftServerConfigKeys (ConfUtils.java:logGet(43)) - raft.server.watch.timeout.denomination = 1s (default)
2019-09-26 13:34:55,081 INFO  server.RaftServerConfigKeys (ConfUtils.java:logGet(43)) - raft.server.watch.element-limit = 65536 (default)
2019-09-26 13:34:55,083 INFO  server.RaftServerConfigKeys (ConfUtils.java:logGet(43)) - raft.server.log.appender.snapshot.chunk.size.max = 16MB (=16777216) (default)
2019-09-26 13:34:55,084 INFO  server.RaftServerConfigKeys (ConfUtils.java:logGet(43)) - raft.server.log.appender.buffer.byte-limit = 4MB (=4194304) (default)
2019-09-26 13:34:55,084 INFO  server.RaftServerConfigKeys (ConfUtils.java:logGet(43)) - raft.server.log.appender.buffer.element-limit = 0 (default)
2019-09-26 13:34:55,084 INFO  server.RaftServerConfigKeys (ConfUtils.java:logGet(43)) - raft.server.log.appender.snapshot.chunk.size.max = 16MB (=16777216) (default)
2019-09-26 13:34:55,084 INFO  server.RaftServerConfigKeys (ConfUtils.java:logGet(43)) - raft.server.log.appender.buffer.byte-limit = 4MB (=4194304) (default)
2019-09-26 13:34:55,084 INFO  server.RaftServerConfigKeys (ConfUtils.java:logGet(43)) - raft.server.log.appender.buffer.element-limit = 0 (default)
2019-09-26 13:34:55,084 INFO  impl.RoleInfo (RoleInfo.java:updateAndGet(143)) - s0: start LeaderState
2019-09-26 13:34:55,085 INFO  segmented.SegmentedRaftLogWorker (SegmentedRaftLogWorker.java:startLogSegment(380)) - s0@group-9CF1E2FCE165-SegmentedRaftLogWorker: Starting segment from index:0
2019-09-26 13:34:55,085 INFO  impl.RaftServerImpl (ServerState.java:setRaftConf(355)) - s0@group-9CF1E2FCE165: set configuration 0: [s0:0.0.0.0:34266, s1:0.0.0.0:34114, s2:0.0.0.0:42288], old=null at 0
2019-09-26 13:34:55,086 INFO  impl.RaftServerImpl (ServerState.java:setLeader(254)) - s2@group-9CF1E2FCE165: change Leader from null to s0 at term 2 for appendEntries, leader elected after 393ms
2019-09-26 13:34:55,086 INFO  impl.RaftServerImpl (ServerState.java:setLeader(254)) - s1@group-9CF1E2FCE165: change Leader from null to s0 at term 2 for appendEntries, leader elected after 400ms
2019-09-26 13:34:55,089 INFO  impl.RaftServerImpl (ServerState.java:setRaftConf(355)) - s2@group-9CF1E2FCE165: set configuration 0: [s0:0.0.0.0:34266, s1:0.0.0.0:34114, s2:0.0.0.0:42288], old=null at 0
2019-09-26 13:34:55,089 INFO  impl.RaftServerImpl (ServerState.java:setRaftConf(355)) - s1@group-9CF1E2FCE165: set configuration 0: [s0:0.0.0.0:34266, s1:0.0.0.0:34114, s2:0.0.0.0:42288], old=null at 0
2019-09-26 13:34:55,089 INFO  segmented.SegmentedRaftLogWorker (SegmentedRaftLogWorker.java:startLogSegment(380)) - s2@group-9CF1E2FCE165-SegmentedRaftLogWorker: Starting segment from index:0
2019-09-26 13:34:55,089 INFO  segmented.SegmentedRaftLogWorker (SegmentedRaftLogWorker.java:startLogSegment(380)) - s1@group-9CF1E2FCE165-SegmentedRaftLogWorker: Starting segment from index:0
2019-09-26 13:34:55,161 INFO  ratis.RaftTestUtil (RaftTestUtil.java:waitForLeader(101)) - printing ALL groups
  s0:  RUNNING    LEADER s0@group-9CF1E2FCE165:t2, leader=s0, voted=s0, raftlog=s0@group-9CF1E2FCE165-SegmentedRaftLog:OPENED:c-1,f-1,i0, conf=0: [s0:0.0.0.0:34266, s1:0.0.0.0:34114, s2:0.0.0.0:42288], old=null RUNNING
  s1:  RUNNING  FOLLOWER s1@group-9CF1E2FCE165:t2, leader=s0, voted=s0, raftlog=s1@group-9CF1E2FCE165-SegmentedRaftLog:OPENED:c-1,f-1,i0, conf=0: [s0:0.0.0.0:34266, s1:0.0.0.0:34114, s2:0.0.0.0:42288], old=null RUNNING
  s2:  RUNNING  FOLLOWER s2@group-9CF1E2FCE165:t2, leader=s0, voted=s0, raftlog=s2@group-9CF1E2FCE165-SegmentedRaftLog:OPENED:c-1,f-1,i0, conf=0: [s0:0.0.0.0:34266, s1:0.0.0.0:34114, s2:0.0.0.0:42288], old=null RUNNING
2019-09-26 13:34:55,169 INFO  logging.LoggingHandler (AbstractInternalLogger.java:log(150)) - [id: 0x8d35d696, L:/0.0.0.0:34266] READ: [id: 0x0601e65d, L:/192.168.164.227:34266 - R:/192.168.164.227:52786]
2019-09-26 13:34:55,170 INFO  logging.LoggingHandler (AbstractInternalLogger.java:log(150)) - [id: 0x8d35d696, L:/0.0.0.0:34266] READ COMPLETE
2019-09-26 13:34:55,238 INFO  segmented.SegmentedRaftLogWorker (SegmentedRaftLogWorker.java:execute(569)) - s0@group-9CF1E2FCE165-SegmentedRaftLogWorker: created new log segment /workdir/ratis-logservice/target/test/data/7f4d0f3d/MiniRaftClusterWithNettya554af4f/s0/7715fa17-b3aa-4815-979c-9cf1e2fce165/current/log_inprogress_0
2019-09-26 13:34:55,238 INFO  segmented.SegmentedRaftLogWorker (SegmentedRaftLogWorker.java:execute(569)) - s2@group-9CF1E2FCE165-SegmentedRaftLogWorker: created new log segment /workdir/ratis-logservice/target/test/data/7f4d0f3d/MiniRaftClusterWithNettya554af4f/s2/7715fa17-b3aa-4815-979c-9cf1e2fce165/current/log_inprogress_0
2019-09-26 13:34:55,238 INFO  segmented.SegmentedRaftLogWorker (SegmentedRaftLogWorker.java:execute(569)) - s1@group-9CF1E2FCE165-SegmentedRaftLogWorker: created new log segment /workdir/ratis-logservice/target/test/data/7f4d0f3d/MiniRaftClusterWithNettya554af4f/s1/7715fa17-b3aa-4815-979c-9cf1e2fce165/current/log_inprogress_0
2019-09-26 13:34:55,286 INFO  logservice.LogServiceReadWriteBase (LogServiceReadWriteBase.java:testLogServiceReadWrite(138)) - last id 0
2019-09-26 13:34:55,302 INFO  logservice.LogServiceReadWriteBase (LogServiceReadWriteBase.java:testLogServiceReadWrite(143)) - ids [0, 1, 2, 3, 4, 5, 6, 7, 8, 9]
2019-09-26 13:34:55,304 INFO  logservice.LogServiceReadWriteBase (LogServiceReadWriteBase.java:testLogServiceReadWrite(150)) - last id 1
2019-09-26 13:34:55,310 INFO  logservice.LogServiceReadWriteBase (LogServiceReadWriteBase.java:testLogServiceReadWrite(154)) - start id 0
2019-09-26 13:34:55,311 INFO  ratis.MiniRaftCluster (MiniRaftCluster.java:shutdown(700)) - ************************************************************** 
2019-09-26 13:34:55,311 INFO  ratis.MiniRaftCluster (MiniRaftCluster.java:shutdown(701)) - *** 
2019-09-26 13:34:55,311 INFO  ratis.MiniRaftCluster (MiniRaftCluster.java:shutdown(702)) - ***     Stopping MiniRaftClusterWithNetty
2019-09-26 13:34:55,311 INFO  ratis.MiniRaftCluster (MiniRaftCluster.java:shutdown(703)) - *** 
2019-09-26 13:34:55,311 INFO  ratis.MiniRaftCluster (MiniRaftCluster.java:shutdown(704)) - ************************************************************** 
2019-09-26 13:34:55,312 INFO  ratis.MiniRaftCluster (MiniRaftCluster.java:shutdown(705)) - printing ALL groups
  s0:  RUNNING    LEADER s0@group-9CF1E2FCE165:t2, leader=s0, voted=s0, raftlog=s0@group-9CF1E2FCE165-SegmentedRaftLog:OPENED:c1,f1,i2, conf=0: [s0:0.0.0.0:34266, s1:0.0.0.0:34114, s2:0.0.0.0:42288], old=null RUNNING
  s1:  RUNNING  FOLLOWER s1@group-9CF1E2FCE165:t2, leader=s0, voted=s0, raftlog=s1@group-9CF1E2FCE165-SegmentedRaftLog:OPENED:c0,f1,i2, conf=0: [s0:0.0.0.0:34266, s1:0.0.0.0:34114, s2:0.0.0.0:42288], old=null RUNNING
  s2:  RUNNING  FOLLOWER s2@group-9CF1E2FCE165:t2, leader=s0, voted=s0, raftlog=s2@group-9CF1E2FCE165-SegmentedRaftLog:OPENED:c0,f1,i2, conf=0: [s0:0.0.0.0:34266, s1:0.0.0.0:34114, s2:0.0.0.0:42288], old=null RUNNING
2019-09-26 13:34:55,312 INFO  impl.RaftServerProxy (RaftServerProxy.java:lambda$close$4(314)) - s0: close
2019-09-26 13:34:55,313 INFO  impl.RaftServerImpl (RaftServerImpl.java:lambda$shutdown$3(247)) - s0@group-9CF1E2FCE165: shutdown
2019-09-26 13:34:55,313 INFO  impl.RaftServerProxy (RaftServerProxy.java:lambda$close$4(314)) - s1: close
2019-09-26 13:34:55,314 INFO  util.JmxRegister (JmxRegister.java:unregister(73)) - Successfully un-registered JMX Bean with object name Ratis:service=RaftServer,group=group-9CF1E2FCE165,id=s0
2019-09-26 13:34:55,313 INFO  impl.RaftServerProxy (RaftServerProxy.java:lambda$close$4(314)) - s2: close
2019-09-26 13:34:55,315 INFO  impl.RoleInfo (RoleInfo.java:shutdownLeaderState(104)) - s0: shutdown LeaderState
2019-09-26 13:34:55,315 INFO  impl.RaftServerImpl (RaftServerImpl.java:lambda$shutdown$3(247)) - s1@group-9CF1E2FCE165: shutdown
2019-09-26 13:34:55,316 INFO  impl.LogAppender (LogAppender.java:run(78)) - s0@group-9CF1E2FCE165->s2-LogAppender-AppenderDaemon was interrupted: java.lang.InterruptedException
2019-09-26 13:34:55,316 INFO  impl.PendingRequests (PendingRequests.java:sendNotLeaderResponses(202)) - s0@group-9CF1E2FCE165-PendingRequests: sendNotLeaderResponses
2019-09-26 13:34:55,316 INFO  impl.LogAppender (LogAppender.java:run(78)) - s0@group-9CF1E2FCE165->s1-LogAppender-AppenderDaemon was interrupted: java.lang.InterruptedException
2019-09-26 13:34:55,316 INFO  impl.RaftServerImpl (RaftServerImpl.java:lambda$shutdown$3(247)) - s2@group-9CF1E2FCE165: shutdown
2019-09-26 13:34:55,319 INFO  impl.StateMachineUpdater (StateMachineUpdater.java:stopAndJoin(136)) - s0@group-9CF1E2FCE165-StateMachineUpdater: set stopIndex = 2
2019-09-26 13:34:55,317 INFO  util.JmxRegister (JmxRegister.java:unregister(73)) - Successfully un-registered JMX Bean with object name Ratis:service=RaftServer,group=group-9CF1E2FCE165,id=s1
2019-09-26 13:34:55,319 INFO  impl.RaftServerImpl (ServerState.java:close(386)) - s0@group-9CF1E2FCE165: closes. applyIndex: 2
2019-09-26 13:34:55,319 INFO  util.JmxRegister (JmxRegister.java:unregister(73)) - Successfully un-registered JMX Bean with object name Ratis:service=RaftServer,group=group-9CF1E2FCE165,id=s2
2019-09-26 13:34:55,319 INFO  segmented.SegmentedRaftLogWorker (SegmentedRaftLogWorker.java:run(313)) - s0@group-9CF1E2FCE165-SegmentedRaftLogWorker was interrupted, exiting. There are 0 tasks remaining in the queue.
2019-09-26 13:34:55,319 INFO  impl.RoleInfo (RoleInfo.java:shutdownFollowerState(121)) - s1: shutdown FollowerState
2019-09-26 13:34:55,320 INFO  impl.RoleInfo (RoleInfo.java:shutdownFollowerState(121)) - s2: shutdown FollowerState
2019-09-26 13:34:55,320 INFO  impl.StateMachineUpdater (StateMachineUpdater.java:stopAndJoin(136)) - s1@group-9CF1E2FCE165-StateMachineUpdater: set stopIndex = 1
2019-09-26 13:34:55,320 INFO  impl.FollowerState (FollowerState.java:run(117)) - s1@group-9CF1E2FCE165-FollowerState was interrupted: java.lang.InterruptedException: sleep interrupted
2019-09-26 13:34:55,321 INFO  impl.RaftServerImpl (ServerState.java:close(386)) - s1@group-9CF1E2FCE165: closes. applyIndex: 1
2019-09-26 13:34:55,320 INFO  impl.FollowerState (FollowerState.java:run(117)) - s2@group-9CF1E2FCE165-FollowerState was interrupted: java.lang.InterruptedException: sleep interrupted
2019-09-26 13:34:55,320 INFO  impl.StateMachineUpdater (StateMachineUpdater.java:stopAndJoin(136)) - s2@group-9CF1E2FCE165-StateMachineUpdater: set stopIndex = 1
2019-09-26 13:34:55,322 INFO  segmented.SegmentedRaftLogWorker (SegmentedRaftLogWorker.java:run(313)) - s1@group-9CF1E2FCE165-SegmentedRaftLogWorker was interrupted, exiting. There are 0 tasks remaining in the queue.
2019-09-26 13:34:55,321 INFO  segmented.SegmentedRaftLogWorker (SegmentedRaftLogWorker.java:close(228)) - s0@group-9CF1E2FCE165-SegmentedRaftLogWorker close()
2019-09-26 13:34:55,322 INFO  impl.RaftServerImpl (ServerState.java:close(386)) - s2@group-9CF1E2FCE165: closes. applyIndex: 1
2019-09-26 13:34:55,324 INFO  logging.LoggingHandler (AbstractInternalLogger.java:log(150)) - [id: 0x8d35d696, L:/0.0.0.0:34266] UNREGISTERED
2019-09-26 13:34:55,324 INFO  segmented.SegmentedRaftLogWorker (SegmentedRaftLogWorker.java:run(313)) - s2@group-9CF1E2FCE165-SegmentedRaftLogWorker was interrupted, exiting. There are 0 tasks remaining in the queue.
2019-09-26 13:34:55,325 INFO  segmented.SegmentedRaftLogWorker (SegmentedRaftLogWorker.java:close(228)) - s1@group-9CF1E2FCE165-SegmentedRaftLogWorker close()
2019-09-26 13:34:55,327 INFO  segmented.SegmentedRaftLogWorker (SegmentedRaftLogWorker.java:close(228)) - s2@group-9CF1E2FCE165-SegmentedRaftLogWorker close()
2019-09-26 13:34:55,327 INFO  logging.LoggingHandler (AbstractInternalLogger.java:log(150)) - [id: 0x091e0f4a, L:/0.0.0.0:34114] UNREGISTERED
2019-09-26 13:34:55,328 INFO  logging.LoggingHandler (AbstractInternalLogger.java:log(150)) - [id: 0x5f15863b, L:/0.0.0.0:42288] UNREGISTERED
2019-09-26 13:34:55,331 INFO  ratis.MiniRaftCluster (MiniRaftCluster.java:shutdown(722)) - MiniRaftClusterWithNetty shutdown completed
]]></system-out>
  </testcase>
</testsuite>