<?xml version="1.0" encoding="UTF-8"?>
<testsuite xmlns:xsi="http://www.w3.org/2001/XMLSchema-instance" xsi:noNamespaceSchemaLocation="https://maven.apache.org/surefire/maven-surefire-plugin/xsd/surefire-test-report.xsd" name="org.apache.ratis.logservice.server.TestMetaServer" time="114.258" tests="10" errors="1" skipped="1" failures="0">
  <properties>
    <property name="awt.toolkit" value="sun.awt.X11.XToolkit"/>
    <property name="file.encoding.pkg" value="sun.io"/>
    <property name="java.specification.version" value="1.8"/>
    <property name="sun.cpu.isalist" value=""/>
    <property name="sun.jnu.encoding" value="UTF-8"/>
    <property name="java.class.path" value="/workdir/ratis-logservice/target/test-classes:/workdir/ratis-logservice/target/classes:/workdir/ratis-proto/target/ratis-proto-0.5.0-SNAPSHOT.jar:/home/user/.m2/repository/org/apache/ratis/ratis-thirdparty-misc/0.2.0/ratis-thirdparty-misc-0.2.0.jar:/workdir/ratis-common/target/classes:/home/user/.m2/repository/org/slf4j/slf4j-log4j12/1.7.10/slf4j-log4j12-1.7.10.jar:/workdir/ratis-client/target/classes:/workdir/ratis-server/target/classes:/workdir/ratis-metrics/target/classes:/home/user/.m2/repository/io/dropwizard/metrics/metrics-core/3.2.5/metrics-core-3.2.5.jar:/home/user/.m2/repository/com/github/joshelser/dropwizard-metrics-hadoop-metrics2-reporter/0.1.2/dropwizard-metrics-hadoop-metrics2-reporter-0.1.2.jar:/home/user/.m2/repository/io/dropwizard/metrics/metrics-jvm/3.2.5/metrics-jvm-3.2.5.jar:/home/user/.m2/repository/io/dropwizard/metrics/metrics-ganglia/3.2.5/metrics-ganglia-3.2.5.jar:/home/user/.m2/repository/info/ganglia/gmetric4j/gmetric4j/1.0.7/gmetric4j-1.0.7.jar:/workdir/ratis-grpc/target/classes:/workdir/ratis-netty/target/classes:/home/user/.m2/repository/org/apache/hadoop/hadoop-common/3.1.1/hadoop-common-3.1.1.jar:/home/user/.m2/repository/org/apache/hadoop/hadoop-annotations/3.1.1/hadoop-annotations-3.1.1.jar:/usr/lib/jvm/java-1.8-openjdk/jre/../lib/tools.jar:/home/user/.m2/repository/com/google/guava/guava/11.0.2/guava-11.0.2.jar:/home/user/.m2/repository/commons-cli/commons-cli/1.2/commons-cli-1.2.jar:/home/user/.m2/repository/org/apache/commons/commons-math3/3.1.1/commons-math3-3.1.1.jar:/home/user/.m2/repository/org/apache/httpcomponents/httpclient/4.5.2/httpclient-4.5.2.jar:/home/user/.m2/repository/org/apache/httpcomponents/httpcore/4.4.4/httpcore-4.4.4.jar:/home/user/.m2/repository/commons-codec/commons-codec/1.11/commons-codec-1.11.jar:/home/user/.m2/repository/commons-io/commons-io/2.5/commons-io-2.5.jar:/home/user/.m2/repository/commons-net/commons-net/3.6/commons-net-3.6.jar:/home/user/.m2/repository/commons-collections/commons-collections/3.2.2/commons-collections-3.2.2.jar:/home/user/.m2/repository/javax/servlet/javax.servlet-api/3.1.0/javax.servlet-api-3.1.0.jar:/home/user/.m2/repository/org/eclipse/jetty/jetty-server/9.3.19.v20170502/jetty-server-9.3.19.v20170502.jar:/home/user/.m2/repository/org/eclipse/jetty/jetty-http/9.3.19.v20170502/jetty-http-9.3.19.v20170502.jar:/home/user/.m2/repository/org/eclipse/jetty/jetty-io/9.3.19.v20170502/jetty-io-9.3.19.v20170502.jar:/home/user/.m2/repository/org/eclipse/jetty/jetty-util/9.3.19.v20170502/jetty-util-9.3.19.v20170502.jar:/home/user/.m2/repository/org/eclipse/jetty/jetty-servlet/9.3.19.v20170502/jetty-servlet-9.3.19.v20170502.jar:/home/user/.m2/repository/org/eclipse/jetty/jetty-security/9.3.19.v20170502/jetty-security-9.3.19.v20170502.jar:/home/user/.m2/repository/org/eclipse/jetty/jetty-webapp/9.3.19.v20170502/jetty-webapp-9.3.19.v20170502.jar:/home/user/.m2/repository/org/eclipse/jetty/jetty-xml/9.3.19.v20170502/jetty-xml-9.3.19.v20170502.jar:/home/user/.m2/repository/javax/servlet/jsp/jsp-api/2.1/jsp-api-2.1.jar:/home/user/.m2/repository/com/sun/jersey/jersey-core/1.19/jersey-core-1.19.jar:/home/user/.m2/repository/javax/ws/rs/jsr311-api/1.1.1/jsr311-api-1.1.1.jar:/home/user/.m2/repository/com/sun/jersey/jersey-servlet/1.19/jersey-servlet-1.19.jar:/home/user/.m2/repository/com/sun/jersey/jersey-json/1.19/jersey-json-1.19.jar:/home/user/.m2/repository/org/codehaus/jettison/jettison/1.1/jettison-1.1.jar:/home/user/.m2/repository/com/sun/xml/bind/jaxb-impl/2.2.3-1/jaxb-impl-2.2.3-1.jar:/home/user/.m2/repository/org/codehaus/jackson/jackson-core-asl/1.9.2/jackson-core-asl-1.9.2.jar:/home/user/.m2/repository/org/codehaus/jackson/jackson-mapper-asl/1.9.2/jackson-mapper-asl-1.9.2.jar:/home/user/.m2/repository/org/codehaus/jackson/jackson-jaxrs/1.9.2/jackson-jaxrs-1.9.2.jar:/home/user/.m2/repository/org/codehaus/jackson/jackson-xc/1.9.2/jackson-xc-1.9.2.jar:/home/user/.m2/repository/com/sun/jersey/jersey-server/1.19/jersey-server-1.19.jar:/home/user/.m2/repository/commons-logging/commons-logging/1.1.3/commons-logging-1.1.3.jar:/home/user/.m2/repository/log4j/log4j/1.2.17/log4j-1.2.17.jar:/home/user/.m2/repository/commons-lang/commons-lang/2.6/commons-lang-2.6.jar:/home/user/.m2/repository/commons-beanutils/commons-beanutils/1.9.3/commons-beanutils-1.9.3.jar:/home/user/.m2/repository/org/apache/commons/commons-configuration2/2.1.1/commons-configuration2-2.1.1.jar:/home/user/.m2/repository/org/apache/commons/commons-lang3/3.4/commons-lang3-3.4.jar:/home/user/.m2/repository/org/apache/avro/avro/1.7.7/avro-1.7.7.jar:/home/user/.m2/repository/com/thoughtworks/paranamer/paranamer/2.3/paranamer-2.3.jar:/home/user/.m2/repository/org/xerial/snappy/snappy-java/1.0.5/snappy-java-1.0.5.jar:/home/user/.m2/repository/com/google/re2j/re2j/1.1/re2j-1.1.jar:/home/user/.m2/repository/com/google/protobuf/protobuf-java/2.5.0/protobuf-java-2.5.0.jar:/home/user/.m2/repository/com/google/code/gson/gson/2.2.4/gson-2.2.4.jar:/home/user/.m2/repository/org/apache/hadoop/hadoop-auth/3.1.1/hadoop-auth-3.1.1.jar:/home/user/.m2/repository/com/nimbusds/nimbus-jose-jwt/4.41.1/nimbus-jose-jwt-4.41.1.jar:/home/user/.m2/repository/com/github/stephenc/jcip/jcip-annotations/1.0-1/jcip-annotations-1.0-1.jar:/home/user/.m2/repository/net/minidev/json-smart/2.3/json-smart-2.3.jar:/home/user/.m2/repository/net/minidev/accessors-smart/1.2/accessors-smart-1.2.jar:/home/user/.m2/repository/org/ow2/asm/asm/5.0.4/asm-5.0.4.jar:/home/user/.m2/repository/org/apache/curator/curator-framework/2.12.0/curator-framework-2.12.0.jar:/home/user/.m2/repository/com/jcraft/jsch/0.1.54/jsch-0.1.54.jar:/home/user/.m2/repository/org/apache/curator/curator-client/2.12.0/curator-client-2.12.0.jar:/home/user/.m2/repository/org/apache/curator/curator-recipes/2.12.0/curator-recipes-2.12.0.jar:/home/user/.m2/repository/com/google/code/findbugs/jsr305/3.0.0/jsr305-3.0.0.jar:/home/user/.m2/repository/org/apache/htrace/htrace-core4/4.1.0-incubating/htrace-core4-4.1.0-incubating.jar:/home/user/.m2/repository/org/apache/zookeeper/zookeeper/3.4.9/zookeeper-3.4.9.jar:/home/user/.m2/repository/jline/jline/0.9.94/jline-0.9.94.jar:/home/user/.m2/repository/org/apache/commons/commons-compress/1.4.1/commons-compress-1.4.1.jar:/home/user/.m2/repository/org/tukaani/xz/1.0/xz-1.0.jar:/home/user/.m2/repository/org/apache/kerby/kerb-simplekdc/1.0.1/kerb-simplekdc-1.0.1.jar:/home/user/.m2/repository/org/apache/kerby/kerb-client/1.0.1/kerb-client-1.0.1.jar:/home/user/.m2/repository/org/apache/kerby/kerby-config/1.0.1/kerby-config-1.0.1.jar:/home/user/.m2/repository/org/apache/kerby/kerb-core/1.0.1/kerb-core-1.0.1.jar:/home/user/.m2/repository/org/apache/kerby/kerby-pkix/1.0.1/kerby-pkix-1.0.1.jar:/home/user/.m2/repository/org/apache/kerby/kerby-asn1/1.0.1/kerby-asn1-1.0.1.jar:/home/user/.m2/repository/org/apache/kerby/kerby-util/1.0.1/kerby-util-1.0.1.jar:/home/user/.m2/repository/org/apache/kerby/kerb-common/1.0.1/kerb-common-1.0.1.jar:/home/user/.m2/repository/org/apache/kerby/kerb-crypto/1.0.1/kerb-crypto-1.0.1.jar:/home/user/.m2/repository/org/apache/kerby/kerb-util/1.0.1/kerb-util-1.0.1.jar:/home/user/.m2/repository/org/apache/kerby/token-provider/1.0.1/token-provider-1.0.1.jar:/home/user/.m2/repository/org/apache/kerby/kerb-admin/1.0.1/kerb-admin-1.0.1.jar:/home/user/.m2/repository/org/apache/kerby/kerb-server/1.0.1/kerb-server-1.0.1.jar:/home/user/.m2/repository/org/apache/kerby/kerb-identity/1.0.1/kerb-identity-1.0.1.jar:/home/user/.m2/repository/org/apache/kerby/kerby-xdr/1.0.1/kerby-xdr-1.0.1.jar:/home/user/.m2/repository/com/fasterxml/jackson/core/jackson-databind/2.7.8/jackson-databind-2.7.8.jar:/home/user/.m2/repository/com/fasterxml/jackson/core/jackson-annotations/2.7.0/jackson-annotations-2.7.0.jar:/home/user/.m2/repository/com/fasterxml/jackson/core/jackson-core/2.7.8/jackson-core-2.7.8.jar:/home/user/.m2/repository/org/codehaus/woodstox/stax2-api/3.1.4/stax2-api-3.1.4.jar:/home/user/.m2/repository/com/fasterxml/woodstox/woodstox-core/5.0.3/woodstox-core-5.0.3.jar:/home/user/.m2/repository/com/beust/jcommander/1.72/jcommander-1.72.jar:/home/user/.m2/repository/org/jline/jline/3.9.0/jline-3.9.0.jar:/home/user/.m2/repository/org/slf4j/slf4j-api/1.7.10/slf4j-api-1.7.10.jar:/workdir/ratis-netty/target/test-classes:/workdir/ratis-grpc/target/test-classes:/workdir/ratis-server/target/test-classes:/workdir/ratis-common/target/test-classes:/workdir/ratis-client/target/test-classes:/workdir/ratis-hadoop/target/classes:/workdir/ratis-hadoop/target/test-classes:/home/user/.m2/repository/org/apache/ratis/ratis-thirdparty-hadoop/0.2.0/ratis-thirdparty-hadoop-0.2.0.jar:/home/user/.m2/repository/junit/junit/4.12/junit-4.12.jar:/home/user/.m2/repository/org/hamcrest/hamcrest-core/1.3/hamcrest-core-1.3.jar:/home/user/.m2/repository/org/mockito/mockito-all/1.8.5/mockito-all-1.8.5.jar:/home/user/.m2/repository/org/apache/hadoop/hadoop-hdfs/3.1.1/hadoop-hdfs-3.1.1-tests.jar:/home/user/.m2/repository/org/eclipse/jetty/jetty-util-ajax/9.3.19.v20170502/jetty-util-ajax-9.3.19.v20170502.jar:/home/user/.m2/repository/commons-daemon/commons-daemon/1.0.13/commons-daemon-1.0.13.jar:/home/user/.m2/repository/io/netty/netty/3.10.5.Final/netty-3.10.5.Final.jar:/home/user/.m2/repository/io/netty/netty-all/4.0.52.Final/netty-all-4.0.52.Final.jar:/home/user/.m2/repository/org/fusesource/leveldbjni/leveldbjni-all/1.8/leveldbjni-all-1.8.jar:/home/user/.m2/repository/org/apache/hadoop/hadoop-client/3.1.1/hadoop-client-3.1.1.jar:/home/user/.m2/repository/org/apache/hadoop/hadoop-hdfs-client/3.1.1/hadoop-hdfs-client-3.1.1.jar:/home/user/.m2/repository/com/squareup/okhttp/okhttp/2.7.5/okhttp-2.7.5.jar:/home/user/.m2/repository/com/squareup/okio/okio/1.6.0/okio-1.6.0.jar:/home/user/.m2/repository/org/apache/hadoop/hadoop-yarn-api/3.1.1/hadoop-yarn-api-3.1.1.jar:/home/user/.m2/repository/javax/xml/bind/jaxb-api/2.2.11/jaxb-api-2.2.11.jar:/home/user/.m2/repository/org/apache/hadoop/hadoop-yarn-client/3.1.1/hadoop-yarn-client-3.1.1.jar:/home/user/.m2/repository/org/apache/hadoop/hadoop-mapreduce-client-core/3.1.1/hadoop-mapreduce-client-core-3.1.1.jar:/home/user/.m2/repository/org/apache/hadoop/hadoop-yarn-common/3.1.1/hadoop-yarn-common-3.1.1.jar:/home/user/.m2/repository/com/sun/jersey/jersey-client/1.19/jersey-client-1.19.jar:/home/user/.m2/repository/com/fasterxml/jackson/module/jackson-module-jaxb-annotations/2.7.8/jackson-module-jaxb-annotations-2.7.8.jar:/home/user/.m2/repository/com/fasterxml/jackson/jaxrs/jackson-jaxrs-json-provider/2.7.8/jackson-jaxrs-json-provider-2.7.8.jar:/home/user/.m2/repository/com/fasterxml/jackson/jaxrs/jackson-jaxrs-base/2.7.8/jackson-jaxrs-base-2.7.8.jar:/home/user/.m2/repository/org/apache/hadoop/hadoop-mapreduce-client-jobclient/3.1.1/hadoop-mapreduce-client-jobclient-3.1.1.jar:/home/user/.m2/repository/org/apache/hadoop/hadoop-mapreduce-client-common/3.1.1/hadoop-mapreduce-client-common-3.1.1.jar:/home/user/.m2/repository/org/apache/hadoop/hadoop-hdfs/3.1.1/hadoop-hdfs-3.1.1.jar:/home/user/.m2/repository/org/apache/hadoop/hadoop-common/3.1.1/hadoop-common-3.1.1-tests.jar:"/>
    <property name="java.vm.vendor" value="IcedTea"/>
    <property name="sun.arch.data.model" value="64"/>
    <property name="java.vendor.url" value="https://icedtea.classpath.org"/>
    <property name="user.timezone" value=""/>
    <property name="java.vm.specification.version" value="1.8"/>
    <property name="os.name" value="Linux"/>
    <property name="user.country" value="US"/>
    <property name="sun.java.launcher" value="SUN_STANDARD"/>
    <property name="sun.boot.library.path" value="/usr/lib/jvm/java-1.8-openjdk/jre/lib/amd64"/>
    <property name="sun.java.command" value="/workdir/ratis-logservice/target/surefire/surefirebooter4763171884293681769.jar /workdir/ratis-logservice/target/surefire 2019-09-26T13-11-35_218-jvmRun1 surefire7209471414057810513tmp surefire_838351960652323315674tmp"/>
    <property name="surefire.test.class.path" value="/workdir/ratis-logservice/target/test-classes:/workdir/ratis-logservice/target/classes:/workdir/ratis-proto/target/ratis-proto-0.5.0-SNAPSHOT.jar:/home/user/.m2/repository/org/apache/ratis/ratis-thirdparty-misc/0.2.0/ratis-thirdparty-misc-0.2.0.jar:/workdir/ratis-common/target/classes:/home/user/.m2/repository/org/slf4j/slf4j-log4j12/1.7.10/slf4j-log4j12-1.7.10.jar:/workdir/ratis-client/target/classes:/workdir/ratis-server/target/classes:/workdir/ratis-metrics/target/classes:/home/user/.m2/repository/io/dropwizard/metrics/metrics-core/3.2.5/metrics-core-3.2.5.jar:/home/user/.m2/repository/com/github/joshelser/dropwizard-metrics-hadoop-metrics2-reporter/0.1.2/dropwizard-metrics-hadoop-metrics2-reporter-0.1.2.jar:/home/user/.m2/repository/io/dropwizard/metrics/metrics-jvm/3.2.5/metrics-jvm-3.2.5.jar:/home/user/.m2/repository/io/dropwizard/metrics/metrics-ganglia/3.2.5/metrics-ganglia-3.2.5.jar:/home/user/.m2/repository/info/ganglia/gmetric4j/gmetric4j/1.0.7/gmetric4j-1.0.7.jar:/workdir/ratis-grpc/target/classes:/workdir/ratis-netty/target/classes:/home/user/.m2/repository/org/apache/hadoop/hadoop-common/3.1.1/hadoop-common-3.1.1.jar:/home/user/.m2/repository/org/apache/hadoop/hadoop-annotations/3.1.1/hadoop-annotations-3.1.1.jar:/usr/lib/jvm/java-1.8-openjdk/jre/../lib/tools.jar:/home/user/.m2/repository/com/google/guava/guava/11.0.2/guava-11.0.2.jar:/home/user/.m2/repository/commons-cli/commons-cli/1.2/commons-cli-1.2.jar:/home/user/.m2/repository/org/apache/commons/commons-math3/3.1.1/commons-math3-3.1.1.jar:/home/user/.m2/repository/org/apache/httpcomponents/httpclient/4.5.2/httpclient-4.5.2.jar:/home/user/.m2/repository/org/apache/httpcomponents/httpcore/4.4.4/httpcore-4.4.4.jar:/home/user/.m2/repository/commons-codec/commons-codec/1.11/commons-codec-1.11.jar:/home/user/.m2/repository/commons-io/commons-io/2.5/commons-io-2.5.jar:/home/user/.m2/repository/commons-net/commons-net/3.6/commons-net-3.6.jar:/home/user/.m2/repository/commons-collections/commons-collections/3.2.2/commons-collections-3.2.2.jar:/home/user/.m2/repository/javax/servlet/javax.servlet-api/3.1.0/javax.servlet-api-3.1.0.jar:/home/user/.m2/repository/org/eclipse/jetty/jetty-server/9.3.19.v20170502/jetty-server-9.3.19.v20170502.jar:/home/user/.m2/repository/org/eclipse/jetty/jetty-http/9.3.19.v20170502/jetty-http-9.3.19.v20170502.jar:/home/user/.m2/repository/org/eclipse/jetty/jetty-io/9.3.19.v20170502/jetty-io-9.3.19.v20170502.jar:/home/user/.m2/repository/org/eclipse/jetty/jetty-util/9.3.19.v20170502/jetty-util-9.3.19.v20170502.jar:/home/user/.m2/repository/org/eclipse/jetty/jetty-servlet/9.3.19.v20170502/jetty-servlet-9.3.19.v20170502.jar:/home/user/.m2/repository/org/eclipse/jetty/jetty-security/9.3.19.v20170502/jetty-security-9.3.19.v20170502.jar:/home/user/.m2/repository/org/eclipse/jetty/jetty-webapp/9.3.19.v20170502/jetty-webapp-9.3.19.v20170502.jar:/home/user/.m2/repository/org/eclipse/jetty/jetty-xml/9.3.19.v20170502/jetty-xml-9.3.19.v20170502.jar:/home/user/.m2/repository/javax/servlet/jsp/jsp-api/2.1/jsp-api-2.1.jar:/home/user/.m2/repository/com/sun/jersey/jersey-core/1.19/jersey-core-1.19.jar:/home/user/.m2/repository/javax/ws/rs/jsr311-api/1.1.1/jsr311-api-1.1.1.jar:/home/user/.m2/repository/com/sun/jersey/jersey-servlet/1.19/jersey-servlet-1.19.jar:/home/user/.m2/repository/com/sun/jersey/jersey-json/1.19/jersey-json-1.19.jar:/home/user/.m2/repository/org/codehaus/jettison/jettison/1.1/jettison-1.1.jar:/home/user/.m2/repository/com/sun/xml/bind/jaxb-impl/2.2.3-1/jaxb-impl-2.2.3-1.jar:/home/user/.m2/repository/org/codehaus/jackson/jackson-core-asl/1.9.2/jackson-core-asl-1.9.2.jar:/home/user/.m2/repository/org/codehaus/jackson/jackson-mapper-asl/1.9.2/jackson-mapper-asl-1.9.2.jar:/home/user/.m2/repository/org/codehaus/jackson/jackson-jaxrs/1.9.2/jackson-jaxrs-1.9.2.jar:/home/user/.m2/repository/org/codehaus/jackson/jackson-xc/1.9.2/jackson-xc-1.9.2.jar:/home/user/.m2/repository/com/sun/jersey/jersey-server/1.19/jersey-server-1.19.jar:/home/user/.m2/repository/commons-logging/commons-logging/1.1.3/commons-logging-1.1.3.jar:/home/user/.m2/repository/log4j/log4j/1.2.17/log4j-1.2.17.jar:/home/user/.m2/repository/commons-lang/commons-lang/2.6/commons-lang-2.6.jar:/home/user/.m2/repository/commons-beanutils/commons-beanutils/1.9.3/commons-beanutils-1.9.3.jar:/home/user/.m2/repository/org/apache/commons/commons-configuration2/2.1.1/commons-configuration2-2.1.1.jar:/home/user/.m2/repository/org/apache/commons/commons-lang3/3.4/commons-lang3-3.4.jar:/home/user/.m2/repository/org/apache/avro/avro/1.7.7/avro-1.7.7.jar:/home/user/.m2/repository/com/thoughtworks/paranamer/paranamer/2.3/paranamer-2.3.jar:/home/user/.m2/repository/org/xerial/snappy/snappy-java/1.0.5/snappy-java-1.0.5.jar:/home/user/.m2/repository/com/google/re2j/re2j/1.1/re2j-1.1.jar:/home/user/.m2/repository/com/google/protobuf/protobuf-java/2.5.0/protobuf-java-2.5.0.jar:/home/user/.m2/repository/com/google/code/gson/gson/2.2.4/gson-2.2.4.jar:/home/user/.m2/repository/org/apache/hadoop/hadoop-auth/3.1.1/hadoop-auth-3.1.1.jar:/home/user/.m2/repository/com/nimbusds/nimbus-jose-jwt/4.41.1/nimbus-jose-jwt-4.41.1.jar:/home/user/.m2/repository/com/github/stephenc/jcip/jcip-annotations/1.0-1/jcip-annotations-1.0-1.jar:/home/user/.m2/repository/net/minidev/json-smart/2.3/json-smart-2.3.jar:/home/user/.m2/repository/net/minidev/accessors-smart/1.2/accessors-smart-1.2.jar:/home/user/.m2/repository/org/ow2/asm/asm/5.0.4/asm-5.0.4.jar:/home/user/.m2/repository/org/apache/curator/curator-framework/2.12.0/curator-framework-2.12.0.jar:/home/user/.m2/repository/com/jcraft/jsch/0.1.54/jsch-0.1.54.jar:/home/user/.m2/repository/org/apache/curator/curator-client/2.12.0/curator-client-2.12.0.jar:/home/user/.m2/repository/org/apache/curator/curator-recipes/2.12.0/curator-recipes-2.12.0.jar:/home/user/.m2/repository/com/google/code/findbugs/jsr305/3.0.0/jsr305-3.0.0.jar:/home/user/.m2/repository/org/apache/htrace/htrace-core4/4.1.0-incubating/htrace-core4-4.1.0-incubating.jar:/home/user/.m2/repository/org/apache/zookeeper/zookeeper/3.4.9/zookeeper-3.4.9.jar:/home/user/.m2/repository/jline/jline/0.9.94/jline-0.9.94.jar:/home/user/.m2/repository/org/apache/commons/commons-compress/1.4.1/commons-compress-1.4.1.jar:/home/user/.m2/repository/org/tukaani/xz/1.0/xz-1.0.jar:/home/user/.m2/repository/org/apache/kerby/kerb-simplekdc/1.0.1/kerb-simplekdc-1.0.1.jar:/home/user/.m2/repository/org/apache/kerby/kerb-client/1.0.1/kerb-client-1.0.1.jar:/home/user/.m2/repository/org/apache/kerby/kerby-config/1.0.1/kerby-config-1.0.1.jar:/home/user/.m2/repository/org/apache/kerby/kerb-core/1.0.1/kerb-core-1.0.1.jar:/home/user/.m2/repository/org/apache/kerby/kerby-pkix/1.0.1/kerby-pkix-1.0.1.jar:/home/user/.m2/repository/org/apache/kerby/kerby-asn1/1.0.1/kerby-asn1-1.0.1.jar:/home/user/.m2/repository/org/apache/kerby/kerby-util/1.0.1/kerby-util-1.0.1.jar:/home/user/.m2/repository/org/apache/kerby/kerb-common/1.0.1/kerb-common-1.0.1.jar:/home/user/.m2/repository/org/apache/kerby/kerb-crypto/1.0.1/kerb-crypto-1.0.1.jar:/home/user/.m2/repository/org/apache/kerby/kerb-util/1.0.1/kerb-util-1.0.1.jar:/home/user/.m2/repository/org/apache/kerby/token-provider/1.0.1/token-provider-1.0.1.jar:/home/user/.m2/repository/org/apache/kerby/kerb-admin/1.0.1/kerb-admin-1.0.1.jar:/home/user/.m2/repository/org/apache/kerby/kerb-server/1.0.1/kerb-server-1.0.1.jar:/home/user/.m2/repository/org/apache/kerby/kerb-identity/1.0.1/kerb-identity-1.0.1.jar:/home/user/.m2/repository/org/apache/kerby/kerby-xdr/1.0.1/kerby-xdr-1.0.1.jar:/home/user/.m2/repository/com/fasterxml/jackson/core/jackson-databind/2.7.8/jackson-databind-2.7.8.jar:/home/user/.m2/repository/com/fasterxml/jackson/core/jackson-annotations/2.7.0/jackson-annotations-2.7.0.jar:/home/user/.m2/repository/com/fasterxml/jackson/core/jackson-core/2.7.8/jackson-core-2.7.8.jar:/home/user/.m2/repository/org/codehaus/woodstox/stax2-api/3.1.4/stax2-api-3.1.4.jar:/home/user/.m2/repository/com/fasterxml/woodstox/woodstox-core/5.0.3/woodstox-core-5.0.3.jar:/home/user/.m2/repository/com/beust/jcommander/1.72/jcommander-1.72.jar:/home/user/.m2/repository/org/jline/jline/3.9.0/jline-3.9.0.jar:/home/user/.m2/repository/org/slf4j/slf4j-api/1.7.10/slf4j-api-1.7.10.jar:/workdir/ratis-netty/target/test-classes:/workdir/ratis-grpc/target/test-classes:/workdir/ratis-server/target/test-classes:/workdir/ratis-common/target/test-classes:/workdir/ratis-client/target/test-classes:/workdir/ratis-hadoop/target/classes:/workdir/ratis-hadoop/target/test-classes:/home/user/.m2/repository/org/apache/ratis/ratis-thirdparty-hadoop/0.2.0/ratis-thirdparty-hadoop-0.2.0.jar:/home/user/.m2/repository/junit/junit/4.12/junit-4.12.jar:/home/user/.m2/repository/org/hamcrest/hamcrest-core/1.3/hamcrest-core-1.3.jar:/home/user/.m2/repository/org/mockito/mockito-all/1.8.5/mockito-all-1.8.5.jar:/home/user/.m2/repository/org/apache/hadoop/hadoop-hdfs/3.1.1/hadoop-hdfs-3.1.1-tests.jar:/home/user/.m2/repository/org/eclipse/jetty/jetty-util-ajax/9.3.19.v20170502/jetty-util-ajax-9.3.19.v20170502.jar:/home/user/.m2/repository/commons-daemon/commons-daemon/1.0.13/commons-daemon-1.0.13.jar:/home/user/.m2/repository/io/netty/netty/3.10.5.Final/netty-3.10.5.Final.jar:/home/user/.m2/repository/io/netty/netty-all/4.0.52.Final/netty-all-4.0.52.Final.jar:/home/user/.m2/repository/org/fusesource/leveldbjni/leveldbjni-all/1.8/leveldbjni-all-1.8.jar:/home/user/.m2/repository/org/apache/hadoop/hadoop-client/3.1.1/hadoop-client-3.1.1.jar:/home/user/.m2/repository/org/apache/hadoop/hadoop-hdfs-client/3.1.1/hadoop-hdfs-client-3.1.1.jar:/home/user/.m2/repository/com/squareup/okhttp/okhttp/2.7.5/okhttp-2.7.5.jar:/home/user/.m2/repository/com/squareup/okio/okio/1.6.0/okio-1.6.0.jar:/home/user/.m2/repository/org/apache/hadoop/hadoop-yarn-api/3.1.1/hadoop-yarn-api-3.1.1.jar:/home/user/.m2/repository/javax/xml/bind/jaxb-api/2.2.11/jaxb-api-2.2.11.jar:/home/user/.m2/repository/org/apache/hadoop/hadoop-yarn-client/3.1.1/hadoop-yarn-client-3.1.1.jar:/home/user/.m2/repository/org/apache/hadoop/hadoop-mapreduce-client-core/3.1.1/hadoop-mapreduce-client-core-3.1.1.jar:/home/user/.m2/repository/org/apache/hadoop/hadoop-yarn-common/3.1.1/hadoop-yarn-common-3.1.1.jar:/home/user/.m2/repository/com/sun/jersey/jersey-client/1.19/jersey-client-1.19.jar:/home/user/.m2/repository/com/fasterxml/jackson/module/jackson-module-jaxb-annotations/2.7.8/jackson-module-jaxb-annotations-2.7.8.jar:/home/user/.m2/repository/com/fasterxml/jackson/jaxrs/jackson-jaxrs-json-provider/2.7.8/jackson-jaxrs-json-provider-2.7.8.jar:/home/user/.m2/repository/com/fasterxml/jackson/jaxrs/jackson-jaxrs-base/2.7.8/jackson-jaxrs-base-2.7.8.jar:/home/user/.m2/repository/org/apache/hadoop/hadoop-mapreduce-client-jobclient/3.1.1/hadoop-mapreduce-client-jobclient-3.1.1.jar:/home/user/.m2/repository/org/apache/hadoop/hadoop-mapreduce-client-common/3.1.1/hadoop-mapreduce-client-common-3.1.1.jar:/home/user/.m2/repository/org/apache/hadoop/hadoop-hdfs/3.1.1/hadoop-hdfs-3.1.1.jar:/home/user/.m2/repository/org/apache/hadoop/hadoop-common/3.1.1/hadoop-common-3.1.1-tests.jar:"/>
    <property name="sun.cpu.endian" value="little"/>
    <property name="user.home" value="/home/user"/>
    <property name="user.language" value="en"/>
    <property name="java.specification.vendor" value="Oracle Corporation"/>
    <property name="java.home" value="/usr/lib/jvm/java-1.8-openjdk/jre"/>
    <property name="basedir" value="/workdir/ratis-logservice"/>
    <property name="file.separator" value="/"/>
    <property name="line.separator" value="&#10;"/>
    <property name="java.vm.specification.vendor" value="Oracle Corporation"/>
    <property name="java.specification.name" value="Java Platform API Specification"/>
    <property name="java.awt.graphicsenv" value="sun.awt.X11GraphicsEnvironment"/>
    <property name="surefire.real.class.path" value="/workdir/ratis-logservice/target/surefire/surefirebooter4763171884293681769.jar"/>
    <property name="sun.boot.class.path" value="/usr/lib/jvm/java-1.8-openjdk/jre/lib/resources.jar:/usr/lib/jvm/java-1.8-openjdk/jre/lib/rt.jar:/usr/lib/jvm/java-1.8-openjdk/jre/lib/sunrsasign.jar:/usr/lib/jvm/java-1.8-openjdk/jre/lib/jsse.jar:/usr/lib/jvm/java-1.8-openjdk/jre/lib/jce.jar:/usr/lib/jvm/java-1.8-openjdk/jre/lib/charsets.jar:/usr/lib/jvm/java-1.8-openjdk/jre/lib/jfr.jar:/usr/lib/jvm/java-1.8-openjdk/jre/classes"/>
    <property name="sun.management.compiler" value="HotSpot 64-Bit Tiered Compilers"/>
    <property name="java.runtime.version" value="1.8.0_212-b04"/>
    <property name="java.net.preferIPv4Stack" value="true"/>
    <property name="user.name" value="jenkins1000"/>
    <property name="path.separator" value=":"/>
    <property name="os.version" value="3.10.0-957.12.2.el7.x86_64"/>
    <property name="java.endorsed.dirs" value="/usr/lib/jvm/java-1.8-openjdk/jre/lib/endorsed"/>
    <property name="java.runtime.name" value="OpenJDK Runtime Environment"/>
    <property name="file.encoding" value="UTF-8"/>
    <property name="java.vm.name" value="OpenJDK 64-Bit Server VM"/>
    <property name="localRepository" value="/home/user/.m2/repository"/>
    <property name="java.vendor.url.bug" value="https://icedtea.classpath.org/bugzilla"/>
    <property name="java.io.tmpdir" value="/tmp"/>
    <property name="java.version" value="1.8.0_212"/>
    <property name="user.dir" value="/workdir/ratis-logservice"/>
    <property name="os.arch" value="amd64"/>
    <property name="ratis.tmp.dir" value="/workdir/ratis-logservice/target/tmp"/>
    <property name="java.vm.specification.name" value="Java Virtual Machine Specification"/>
    <property name="java.awt.printerjob" value="sun.print.PSPrinterJob"/>
    <property name="ratis.log.dir" value="/workdir/ratis-logservice/target/log"/>
    <property name="sun.os.patch.level" value="unknown"/>
    <property name="java.library.path" value="/usr/lib/jvm/java-1.8-openjdk/jre/lib/amd64/server:/usr/lib/jvm/java-1.8-openjdk/jre/lib/amd64:/usr/lib/jvm/java-1.8-openjdk/jre/../lib/amd64:/usr/java/packages/lib/amd64:/usr/lib64:/lib64:/lib:/usr/lib"/>
    <property name="java.vm.info" value="mixed mode"/>
    <property name="java.vendor" value="IcedTea"/>
    <property name="java.vm.version" value="25.212-b04"/>
    <property name="java.ext.dirs" value="/usr/lib/jvm/java-1.8-openjdk/jre/lib/ext:/usr/java/packages/lib/ext"/>
    <property name="sun.io.unicode.encoding" value="UnicodeLittle"/>
    <property name="java.class.version" value="52.0"/>
  </properties>
  <testcase name="testLogExport" classname="org.apache.ratis.logservice.server.TestMetaServer" time="5.688"/>
  <testcase name="testCreateAndGetLog" classname="org.apache.ratis.logservice.server.TestMetaServer" time="0.134"/>
  <testcase name="testReadWritetoLog" classname="org.apache.ratis.logservice.server.TestMetaServer" time="4.039">
    <error type="java.lang.NullPointerException">java.lang.NullPointerException
	at org.apache.ratis.logservice.server.TestMetaServer.testReadWritetoLog(TestMetaServer.java:154)
</error>
    <system-out><![CDATA[2019-09-26 13:33:03,214 INFO  impl.RaftServerProxy (RaftServerProxy.java:addNew(89)) - localhost_10002: addNew group-DB7CD3B4A7F8:[localhost_10002:localhost:10002, localhost_10001:localhost:10001, localhost_10000:localhost:10000] returns group-DB7CD3B4A7F8:java.util.concurrent.CompletableFuture@7e84cb40[Not completed]
2019-09-26 13:33:03,214 INFO  impl.RaftServerImpl (RaftServerImpl.java:<init>(95)) - localhost_10002: new RaftServerImpl for group-DB7CD3B4A7F8:[localhost_10002:localhost:10002, localhost_10001:localhost:10001, localhost_10000:localhost:10000] with LogStateMachine:uninitialized
2019-09-26 13:33:03,214 INFO  server.RaftServerConfigKeys (ConfUtils.java:logGet(43)) - raft.server.rpc.timeout.min = 1000ms (custom)
2019-09-26 13:33:03,215 INFO  server.RaftServerConfigKeys (ConfUtils.java:logGet(43)) - raft.server.rpc.timeout.max = 1200ms (custom)
2019-09-26 13:33:03,215 INFO  server.RaftServerConfigKeys (ConfUtils.java:logGet(43)) - raft.server.rpcslowness.timeout = 60s (default)
2019-09-26 13:33:03,215 INFO  server.RaftServerConfigKeys (ConfUtils.java:logGet(43)) - raft.server.sleep.deviation.threshold = 300 (default)
2019-09-26 13:33:03,215 INFO  server.RaftServerConfigKeys (ConfUtils.java:logGet(43)) - raft.server.log.appender.install.snapshot.enabled = true (default)
2019-09-26 13:33:03,215 INFO  impl.RaftServerImpl (ServerState.java:<init>(103)) - localhost_10002@group-DB7CD3B4A7F8: ConfigurationManager, init=-1: [localhost_10002:localhost:10002, localhost_10001:localhost:10001, localhost_10000:localhost:10000], old=null, confs=<EMPTY_MAP>
2019-09-26 13:33:03,215 INFO  server.RaftServerConfigKeys (ConfUtils.java:logGet(43)) - raft.server.storage.dir = [/workdir/ratis-logservice/target/test/data/f1e1e06e/workers/2] (custom)
2019-09-26 13:33:03,215 INFO  server.MetaStateMachine (MetaStateMachine.java:applyTransactionSerial(153)) - Log LogName['testCreateLog'] registered at localhost_9001 with group group-1AEEAFD5F380:[localhost_10002:localhost:10002, localhost_10001:localhost:10001, localhost_10000:localhost:10000] 
2019-09-26 13:33:03,215 INFO  server.RaftServerConfigKeys (ConfUtils.java:logGet(43)) - raft.server.log.corruption.policy = EXCEPTION (default)
2019-09-26 13:33:03,216 INFO  storage.RaftStorageDirectory (RaftStorageDirectory.java:analyzeStorage(246)) - The storage directory /workdir/ratis-logservice/target/test/data/f1e1e06e/workers/2/bf5dd4a0-1505-4071-8892-db7cd3b4a7f8 does not exist. Creating ...
2019-09-26 13:33:03,236 INFO  storage.RaftStorageDirectory (RaftStorageDirectory.java:tryLock(328)) - Lock on /workdir/ratis-logservice/target/test/data/f1e1e06e/workers/2/bf5dd4a0-1505-4071-8892-db7cd3b4a7f8/in_use.lock acquired by nodename 31201@ratis-test-j9cz4-1458154678
2019-09-26 13:33:03,248 INFO  storage.RaftStorage (RaftStorage.java:format(84)) - Storage directory /workdir/ratis-logservice/target/test/data/f1e1e06e/workers/2/bf5dd4a0-1505-4071-8892-db7cd3b4a7f8 has been successfully formatted.
2019-09-26 13:33:03,250 WARN  server.LogStateMachine (LogStateMachine.java:load(226)) - The snapshot info is null.
2019-09-26 13:33:03,250 INFO  server.RaftServerConfigKeys (ConfUtils.java:logGet(43)) - raft.server.notification.no-leader.timeout = 60s (default)
2019-09-26 13:33:03,250 INFO  server.RaftServerConfigKeys (ConfUtils.java:logGet(43)) - raft.server.log.use.memory = false (default)
2019-09-26 13:33:03,250 INFO  server.RaftServerConfigKeys (ConfUtils.java:logGet(43)) - raft.server.log.purge.gap = 1024 (default)
2019-09-26 13:33:03,250 INFO  server.RaftServerConfigKeys (ConfUtils.java:logGet(43)) - raft.server.log.appender.buffer.byte-limit = 4MB (=4194304) (default)
2019-09-26 13:33:03,250 INFO  server.RaftServerConfigKeys (ConfUtils.java:logGet(43)) - raft.server.log.segment.size.max = 33554432 (custom)
2019-09-26 13:33:03,251 INFO  server.RaftServerConfigKeys (ConfUtils.java:logGet(43)) - raft.server.log.segment.cache.num.max = 6 (default)
2019-09-26 13:33:03,251 INFO  segmented.SegmentedRaftLogWorker (SegmentedRaftLogWorker.java:<init>(172)) - new localhost_10002@group-DB7CD3B4A7F8-SegmentedRaftLogWorker for RaftStorage:Storage Directory /workdir/ratis-logservice/target/test/data/f1e1e06e/workers/2/bf5dd4a0-1505-4071-8892-db7cd3b4a7f8
2019-09-26 13:33:03,251 INFO  server.RaftServerConfigKeys (ConfUtils.java:logGet(43)) - raft.server.log.queue.byte-limit = 64MB (=67108864) (default)
2019-09-26 13:33:03,251 INFO  server.RaftServerConfigKeys (ConfUtils.java:logGet(43)) - raft.server.log.queue.element-limit = 4096 (default)
2019-09-26 13:33:03,251 INFO  server.RaftServerConfigKeys (ConfUtils.java:logGet(43)) - raft.server.log.segment.size.max = 33554432 (custom)
2019-09-26 13:33:03,251 INFO  server.RaftServerConfigKeys (ConfUtils.java:logGet(43)) - raft.server.log.preallocated.size = 33554432 (custom)
2019-09-26 13:33:03,251 INFO  server.RaftServerConfigKeys (ConfUtils.java:logGet(43)) - raft.server.log.write.buffer.size = 64KB (=65536) (default)
2019-09-26 13:33:03,251 INFO  server.RaftServerConfigKeys (ConfUtils.java:logGet(43)) - raft.server.log.force.sync.num = 128 (default)
2019-09-26 13:33:03,251 INFO  server.RaftServerConfigKeys (ConfUtils.java:logGet(43)) - raft.server.log.statemachine.data.sync = true (default)
2019-09-26 13:33:03,252 INFO  server.RaftServerConfigKeys (ConfUtils.java:logGet(43)) - raft.server.log.statemachine.data.sync.timeout = 10s (default)
2019-09-26 13:33:03,252 INFO  server.RaftServerConfigKeys (ConfUtils.java:logGet(43)) - raft.server.log.statemachine.data.sync.timeout.retry = -1 (default)
2019-09-26 13:33:03,252 INFO  server.RaftServerConfigKeys (ConfUtils.java:logGet(43)) - raft.server.log.statemachine.data.caching.enabled = false (default)
2019-09-26 13:33:03,252 INFO  segmented.SegmentedRaftLogWorker (SegmentedRaftLogWorker.java:lambda$new$0(132)) - localhost_10002@group-DB7CD3B4A7F8-SegmentedRaftLogWorker: flushIndex: setUnconditionally 0 -> -1
2019-09-26 13:33:03,252 INFO  server.RaftServerConfigKeys (ConfUtils.java:logGet(43)) - raft.server.snapshot.auto.trigger.enabled = false (default)
2019-09-26 13:33:03,252 INFO  server.RaftServerConfigKeys (ConfUtils.java:logGet(43)) - raft.server.snapshot.retention.file.num = -1 (default)
2019-09-26 13:33:03,253 INFO  server.RaftServerConfigKeys (ConfUtils.java:logGet(43)) - raft.server.retrycache.expirytime = 60s (default)
2019-09-26 13:33:03,255 INFO  impl.RaftServerImpl (RaftServerImpl.java:start(181)) - localhost_10002@group-DB7CD3B4A7F8: start as a follower, conf=-1: [localhost_10002:localhost:10002, localhost_10001:localhost:10001, localhost_10000:localhost:10000], old=null
2019-09-26 13:33:03,255 INFO  impl.RaftServerImpl (RaftServerImpl.java:setRole(170)) - localhost_10002@group-DB7CD3B4A7F8: changes role from      null to FOLLOWER at term 0 for startAsFollower
2019-09-26 13:33:03,255 INFO  impl.RoleInfo (RoleInfo.java:updateAndGet(143)) - localhost_10002: start FollowerState
2019-09-26 13:33:03,255 INFO  util.JmxRegister (JmxRegister.java:tryRegister(44)) - Successfully registered JMX Bean with object name Ratis:service=RaftServer,group=group-DB7CD3B4A7F8,id=localhost_10002
2019-09-26 13:33:03,261 INFO  impl.RaftServerProxy (RaftServerProxy.java:addNew(89)) - localhost_10000: addNew group-DB7CD3B4A7F8:[localhost_10002:localhost:10002, localhost_10001:localhost:10001, localhost_10000:localhost:10000] returns group-DB7CD3B4A7F8:java.util.concurrent.CompletableFuture@13cbb3d4[Not completed]
2019-09-26 13:33:03,261 INFO  impl.RaftServerImpl (RaftServerImpl.java:<init>(95)) - localhost_10000: new RaftServerImpl for group-DB7CD3B4A7F8:[localhost_10002:localhost:10002, localhost_10001:localhost:10001, localhost_10000:localhost:10000] with LogStateMachine:uninitialized
2019-09-26 13:33:03,261 INFO  server.RaftServerConfigKeys (ConfUtils.java:logGet(43)) - raft.server.rpc.timeout.min = 1000ms (custom)
2019-09-26 13:33:03,262 INFO  server.RaftServerConfigKeys (ConfUtils.java:logGet(43)) - raft.server.rpc.timeout.max = 1200ms (custom)
2019-09-26 13:33:03,262 INFO  server.RaftServerConfigKeys (ConfUtils.java:logGet(43)) - raft.server.rpcslowness.timeout = 60s (default)
2019-09-26 13:33:03,262 INFO  server.RaftServerConfigKeys (ConfUtils.java:logGet(43)) - raft.server.sleep.deviation.threshold = 300 (default)
2019-09-26 13:33:03,262 INFO  server.RaftServerConfigKeys (ConfUtils.java:logGet(43)) - raft.server.log.appender.install.snapshot.enabled = true (default)
2019-09-26 13:33:03,262 INFO  impl.RaftServerImpl (ServerState.java:<init>(103)) - localhost_10000@group-DB7CD3B4A7F8: ConfigurationManager, init=-1: [localhost_10002:localhost:10002, localhost_10001:localhost:10001, localhost_10000:localhost:10000], old=null, confs=<EMPTY_MAP>
2019-09-26 13:33:03,263 INFO  server.RaftServerConfigKeys (ConfUtils.java:logGet(43)) - raft.server.storage.dir = [/workdir/ratis-logservice/target/test/data/f1e1e06e/workers/0] (custom)
2019-09-26 13:33:03,263 INFO  server.RaftServerConfigKeys (ConfUtils.java:logGet(43)) - raft.server.log.corruption.policy = EXCEPTION (default)
2019-09-26 13:33:03,263 INFO  storage.RaftStorageDirectory (RaftStorageDirectory.java:analyzeStorage(246)) - The storage directory /workdir/ratis-logservice/target/test/data/f1e1e06e/workers/0/bf5dd4a0-1505-4071-8892-db7cd3b4a7f8 does not exist. Creating ...
2019-09-26 13:33:03,276 INFO  storage.RaftStorageDirectory (RaftStorageDirectory.java:tryLock(328)) - Lock on /workdir/ratis-logservice/target/test/data/f1e1e06e/workers/0/bf5dd4a0-1505-4071-8892-db7cd3b4a7f8/in_use.lock acquired by nodename 31201@ratis-test-j9cz4-1458154678
2019-09-26 13:33:03,290 INFO  storage.RaftStorage (RaftStorage.java:format(84)) - Storage directory /workdir/ratis-logservice/target/test/data/f1e1e06e/workers/0/bf5dd4a0-1505-4071-8892-db7cd3b4a7f8 has been successfully formatted.
2019-09-26 13:33:03,291 WARN  server.LogStateMachine (LogStateMachine.java:load(226)) - The snapshot info is null.
2019-09-26 13:33:03,292 INFO  server.RaftServerConfigKeys (ConfUtils.java:logGet(43)) - raft.server.notification.no-leader.timeout = 60s (default)
2019-09-26 13:33:03,292 INFO  server.RaftServerConfigKeys (ConfUtils.java:logGet(43)) - raft.server.log.use.memory = false (default)
2019-09-26 13:33:03,292 INFO  server.RaftServerConfigKeys (ConfUtils.java:logGet(43)) - raft.server.log.purge.gap = 1024 (default)
2019-09-26 13:33:03,292 INFO  server.RaftServerConfigKeys (ConfUtils.java:logGet(43)) - raft.server.log.appender.buffer.byte-limit = 4MB (=4194304) (default)
2019-09-26 13:33:03,292 INFO  server.RaftServerConfigKeys (ConfUtils.java:logGet(43)) - raft.server.log.segment.size.max = 33554432 (custom)
2019-09-26 13:33:03,292 INFO  server.RaftServerConfigKeys (ConfUtils.java:logGet(43)) - raft.server.log.segment.cache.num.max = 6 (default)
2019-09-26 13:33:03,293 INFO  segmented.SegmentedRaftLogWorker (SegmentedRaftLogWorker.java:<init>(172)) - new localhost_10000@group-DB7CD3B4A7F8-SegmentedRaftLogWorker for RaftStorage:Storage Directory /workdir/ratis-logservice/target/test/data/f1e1e06e/workers/0/bf5dd4a0-1505-4071-8892-db7cd3b4a7f8
2019-09-26 13:33:03,293 INFO  server.RaftServerConfigKeys (ConfUtils.java:logGet(43)) - raft.server.log.queue.byte-limit = 64MB (=67108864) (default)
2019-09-26 13:33:03,293 INFO  server.RaftServerConfigKeys (ConfUtils.java:logGet(43)) - raft.server.log.queue.element-limit = 4096 (default)
2019-09-26 13:33:03,293 INFO  server.RaftServerConfigKeys (ConfUtils.java:logGet(43)) - raft.server.log.segment.size.max = 33554432 (custom)
2019-09-26 13:33:03,293 INFO  server.RaftServerConfigKeys (ConfUtils.java:logGet(43)) - raft.server.log.preallocated.size = 33554432 (custom)
2019-09-26 13:33:03,293 INFO  server.RaftServerConfigKeys (ConfUtils.java:logGet(43)) - raft.server.log.write.buffer.size = 64KB (=65536) (default)
2019-09-26 13:33:03,294 INFO  server.RaftServerConfigKeys (ConfUtils.java:logGet(43)) - raft.server.log.force.sync.num = 128 (default)
2019-09-26 13:33:03,294 INFO  server.RaftServerConfigKeys (ConfUtils.java:logGet(43)) - raft.server.log.statemachine.data.sync = true (default)
2019-09-26 13:33:03,294 INFO  server.RaftServerConfigKeys (ConfUtils.java:logGet(43)) - raft.server.log.statemachine.data.sync.timeout = 10s (default)
2019-09-26 13:33:03,294 INFO  server.RaftServerConfigKeys (ConfUtils.java:logGet(43)) - raft.server.log.statemachine.data.sync.timeout.retry = -1 (default)
2019-09-26 13:33:03,294 INFO  server.RaftServerConfigKeys (ConfUtils.java:logGet(43)) - raft.server.log.statemachine.data.caching.enabled = false (default)
2019-09-26 13:33:03,295 INFO  segmented.SegmentedRaftLogWorker (SegmentedRaftLogWorker.java:lambda$new$0(132)) - localhost_10000@group-DB7CD3B4A7F8-SegmentedRaftLogWorker: flushIndex: setUnconditionally 0 -> -1
2019-09-26 13:33:03,295 INFO  server.RaftServerConfigKeys (ConfUtils.java:logGet(43)) - raft.server.snapshot.auto.trigger.enabled = false (default)
2019-09-26 13:33:03,295 INFO  server.RaftServerConfigKeys (ConfUtils.java:logGet(43)) - raft.server.snapshot.retention.file.num = -1 (default)
2019-09-26 13:33:03,295 INFO  server.RaftServerConfigKeys (ConfUtils.java:logGet(43)) - raft.server.retrycache.expirytime = 60s (default)
2019-09-26 13:33:03,298 INFO  impl.RaftServerImpl (RaftServerImpl.java:start(181)) - localhost_10000@group-DB7CD3B4A7F8: start as a follower, conf=-1: [localhost_10002:localhost:10002, localhost_10001:localhost:10001, localhost_10000:localhost:10000], old=null
2019-09-26 13:33:03,298 INFO  impl.RaftServerImpl (RaftServerImpl.java:setRole(170)) - localhost_10000@group-DB7CD3B4A7F8: changes role from      null to FOLLOWER at term 0 for startAsFollower
2019-09-26 13:33:03,298 INFO  impl.RoleInfo (RoleInfo.java:updateAndGet(143)) - localhost_10000: start FollowerState
2019-09-26 13:33:03,299 INFO  util.JmxRegister (JmxRegister.java:tryRegister(44)) - Successfully registered JMX Bean with object name Ratis:service=RaftServer,group=group-DB7CD3B4A7F8,id=localhost_10000
2019-09-26 13:33:03,305 INFO  impl.RaftServerProxy (RaftServerProxy.java:addNew(89)) - localhost_10001: addNew group-DB7CD3B4A7F8:[localhost_10002:localhost:10002, localhost_10001:localhost:10001, localhost_10000:localhost:10000] returns group-DB7CD3B4A7F8:java.util.concurrent.CompletableFuture@3612f25c[Not completed]
2019-09-26 13:33:03,305 INFO  impl.RaftServerImpl (RaftServerImpl.java:<init>(95)) - localhost_10001: new RaftServerImpl for group-DB7CD3B4A7F8:[localhost_10002:localhost:10002, localhost_10001:localhost:10001, localhost_10000:localhost:10000] with LogStateMachine:uninitialized
2019-09-26 13:33:03,306 INFO  server.RaftServerConfigKeys (ConfUtils.java:logGet(43)) - raft.server.rpc.timeout.min = 1000ms (custom)
2019-09-26 13:33:03,306 INFO  server.RaftServerConfigKeys (ConfUtils.java:logGet(43)) - raft.server.rpc.timeout.max = 1200ms (custom)
2019-09-26 13:33:03,306 INFO  server.RaftServerConfigKeys (ConfUtils.java:logGet(43)) - raft.server.rpcslowness.timeout = 60s (default)
2019-09-26 13:33:03,306 INFO  server.RaftServerConfigKeys (ConfUtils.java:logGet(43)) - raft.server.sleep.deviation.threshold = 300 (default)
2019-09-26 13:33:03,306 INFO  server.RaftServerConfigKeys (ConfUtils.java:logGet(43)) - raft.server.log.appender.install.snapshot.enabled = true (default)
2019-09-26 13:33:03,307 INFO  impl.RaftServerImpl (ServerState.java:<init>(103)) - localhost_10001@group-DB7CD3B4A7F8: ConfigurationManager, init=-1: [localhost_10002:localhost:10002, localhost_10001:localhost:10001, localhost_10000:localhost:10000], old=null, confs=<EMPTY_MAP>
2019-09-26 13:33:03,307 INFO  server.RaftServerConfigKeys (ConfUtils.java:logGet(43)) - raft.server.storage.dir = [/workdir/ratis-logservice/target/test/data/f1e1e06e/workers/1] (custom)
2019-09-26 13:33:03,307 INFO  server.RaftServerConfigKeys (ConfUtils.java:logGet(43)) - raft.server.log.corruption.policy = EXCEPTION (default)
2019-09-26 13:33:03,307 INFO  storage.RaftStorageDirectory (RaftStorageDirectory.java:analyzeStorage(246)) - The storage directory /workdir/ratis-logservice/target/test/data/f1e1e06e/workers/1/bf5dd4a0-1505-4071-8892-db7cd3b4a7f8 does not exist. Creating ...
2019-09-26 13:33:03,320 INFO  storage.RaftStorageDirectory (RaftStorageDirectory.java:tryLock(328)) - Lock on /workdir/ratis-logservice/target/test/data/f1e1e06e/workers/1/bf5dd4a0-1505-4071-8892-db7cd3b4a7f8/in_use.lock acquired by nodename 31201@ratis-test-j9cz4-1458154678
2019-09-26 13:33:03,332 INFO  storage.RaftStorage (RaftStorage.java:format(84)) - Storage directory /workdir/ratis-logservice/target/test/data/f1e1e06e/workers/1/bf5dd4a0-1505-4071-8892-db7cd3b4a7f8 has been successfully formatted.
2019-09-26 13:33:03,334 WARN  server.LogStateMachine (LogStateMachine.java:load(226)) - The snapshot info is null.
2019-09-26 13:33:03,334 INFO  server.RaftServerConfigKeys (ConfUtils.java:logGet(43)) - raft.server.notification.no-leader.timeout = 60s (default)
2019-09-26 13:33:03,334 INFO  server.RaftServerConfigKeys (ConfUtils.java:logGet(43)) - raft.server.log.use.memory = false (default)
2019-09-26 13:33:03,335 INFO  server.RaftServerConfigKeys (ConfUtils.java:logGet(43)) - raft.server.log.purge.gap = 1024 (default)
2019-09-26 13:33:03,335 INFO  server.RaftServerConfigKeys (ConfUtils.java:logGet(43)) - raft.server.log.appender.buffer.byte-limit = 4MB (=4194304) (default)
2019-09-26 13:33:03,335 INFO  server.RaftServerConfigKeys (ConfUtils.java:logGet(43)) - raft.server.log.segment.size.max = 33554432 (custom)
2019-09-26 13:33:03,335 INFO  server.RaftServerConfigKeys (ConfUtils.java:logGet(43)) - raft.server.log.segment.cache.num.max = 6 (default)
2019-09-26 13:33:03,335 INFO  segmented.SegmentedRaftLogWorker (SegmentedRaftLogWorker.java:<init>(172)) - new localhost_10001@group-DB7CD3B4A7F8-SegmentedRaftLogWorker for RaftStorage:Storage Directory /workdir/ratis-logservice/target/test/data/f1e1e06e/workers/1/bf5dd4a0-1505-4071-8892-db7cd3b4a7f8
2019-09-26 13:33:03,335 INFO  server.RaftServerConfigKeys (ConfUtils.java:logGet(43)) - raft.server.log.queue.byte-limit = 64MB (=67108864) (default)
2019-09-26 13:33:03,335 INFO  server.RaftServerConfigKeys (ConfUtils.java:logGet(43)) - raft.server.log.queue.element-limit = 4096 (default)
2019-09-26 13:33:03,336 INFO  server.RaftServerConfigKeys (ConfUtils.java:logGet(43)) - raft.server.log.segment.size.max = 33554432 (custom)
2019-09-26 13:33:03,336 INFO  server.RaftServerConfigKeys (ConfUtils.java:logGet(43)) - raft.server.log.preallocated.size = 33554432 (custom)
2019-09-26 13:33:03,336 INFO  server.RaftServerConfigKeys (ConfUtils.java:logGet(43)) - raft.server.log.write.buffer.size = 64KB (=65536) (default)
2019-09-26 13:33:03,336 INFO  server.RaftServerConfigKeys (ConfUtils.java:logGet(43)) - raft.server.log.force.sync.num = 128 (default)
2019-09-26 13:33:03,336 INFO  server.RaftServerConfigKeys (ConfUtils.java:logGet(43)) - raft.server.log.statemachine.data.sync = true (default)
2019-09-26 13:33:03,336 INFO  server.RaftServerConfigKeys (ConfUtils.java:logGet(43)) - raft.server.log.statemachine.data.sync.timeout = 10s (default)
2019-09-26 13:33:03,336 INFO  server.RaftServerConfigKeys (ConfUtils.java:logGet(43)) - raft.server.log.statemachine.data.sync.timeout.retry = -1 (default)
2019-09-26 13:33:03,336 INFO  server.RaftServerConfigKeys (ConfUtils.java:logGet(43)) - raft.server.log.statemachine.data.caching.enabled = false (default)
2019-09-26 13:33:03,337 INFO  segmented.SegmentedRaftLogWorker (SegmentedRaftLogWorker.java:lambda$new$0(132)) - localhost_10001@group-DB7CD3B4A7F8-SegmentedRaftLogWorker: flushIndex: setUnconditionally 0 -> -1
2019-09-26 13:33:03,337 INFO  server.RaftServerConfigKeys (ConfUtils.java:logGet(43)) - raft.server.snapshot.auto.trigger.enabled = false (default)
2019-09-26 13:33:03,337 INFO  server.RaftServerConfigKeys (ConfUtils.java:logGet(43)) - raft.server.snapshot.retention.file.num = -1 (default)
2019-09-26 13:33:03,337 INFO  server.RaftServerConfigKeys (ConfUtils.java:logGet(43)) - raft.server.retrycache.expirytime = 60s (default)
2019-09-26 13:33:03,340 INFO  impl.RaftServerImpl (RaftServerImpl.java:start(181)) - localhost_10001@group-DB7CD3B4A7F8: start as a follower, conf=-1: [localhost_10002:localhost:10002, localhost_10001:localhost:10001, localhost_10000:localhost:10000], old=null
2019-09-26 13:33:03,340 INFO  impl.RaftServerImpl (RaftServerImpl.java:setRole(170)) - localhost_10001@group-DB7CD3B4A7F8: changes role from      null to FOLLOWER at term 0 for startAsFollower
2019-09-26 13:33:03,340 INFO  impl.RoleInfo (RoleInfo.java:updateAndGet(143)) - localhost_10001: start FollowerState
2019-09-26 13:33:03,340 INFO  util.JmxRegister (JmxRegister.java:tryRegister(44)) - Successfully registered JMX Bean with object name Ratis:service=RaftServer,group=group-DB7CD3B4A7F8,id=localhost_10001
2019-09-26 13:33:03,359 INFO  server.MetaStateMachine (MetaStateMachine.java:applyTransactionSerial(153)) - Log LogName['testReadWrite'] registered at localhost_9000 with group group-DB7CD3B4A7F8:[localhost_10002:localhost:10002, localhost_10001:localhost:10001, localhost_10000:localhost:10000] 
2019-09-26 13:33:03,368 INFO  client.GrpcClientProtocolService (GrpcClientProtocolService.java:lambda$processClientRequest$0(278)) - Failed RaftClientRequest:client-352D35361D97->localhost_10002@group-DB7CD3B4A7F8, cid=42, seq=0, RW, Message:321f0a0f0a0d74657374...(size=33), reply=RaftClientReply:client-352D35361D97->localhost_10002@group-DB7CD3B4A7F8, cid=42, FAILED org.apache.ratis.protocol.NotLeaderException: Server localhost_10002@group-DB7CD3B4A7F8 is not the leader, logIndex=0, commits[localhost_10002:c-1]
2019-09-26 13:33:03,371 INFO  server.MetaStateMachine (MetaStateMachine.java:applyTransactionSerial(153)) - Log LogName['testReadWrite'] registered at localhost_9002 with group group-DB7CD3B4A7F8:[localhost_10002:localhost:10002, localhost_10001:localhost:10001, localhost_10000:localhost:10000] 
2019-09-26 13:33:03,372 INFO  server.MetaStateMachine (MetaStateMachine.java:applyTransactionSerial(153)) - Log LogName['testReadWrite'] registered at localhost_9001 with group group-DB7CD3B4A7F8:[localhost_10002:localhost:10002, localhost_10001:localhost:10001, localhost_10000:localhost:10000] 
2019-09-26 13:33:03,372 INFO  client.GrpcClientProtocolService (GrpcClientProtocolService.java:lambda$processClientRequest$0(278)) - Failed RaftClientRequest:client-352D35361D97->localhost_10000@group-DB7CD3B4A7F8, cid=42, seq=0, RW, Message:321f0a0f0a0d74657374...(size=33), reply=RaftClientReply:client-352D35361D97->localhost_10000@group-DB7CD3B4A7F8, cid=42, FAILED org.apache.ratis.protocol.NotLeaderException: Server localhost_10000@group-DB7CD3B4A7F8 is not the leader, logIndex=0, commits[localhost_10000:c-1]
2019-09-26 13:33:03,376 INFO  client.GrpcClientProtocolService (GrpcClientProtocolService.java:lambda$processClientRequest$0(278)) - Failed RaftClientRequest:client-352D35361D97->localhost_10001@group-DB7CD3B4A7F8, cid=42, seq=0, RW, Message:321f0a0f0a0d74657374...(size=33), reply=RaftClientReply:client-352D35361D97->localhost_10001@group-DB7CD3B4A7F8, cid=42, FAILED org.apache.ratis.protocol.NotLeaderException: Server localhost_10001@group-DB7CD3B4A7F8 is not the leader, logIndex=0, commits[localhost_10001:c-1]
2019-09-26 13:33:03,379 INFO  client.GrpcClientProtocolService (GrpcClientProtocolService.java:lambda$processClientRequest$0(278)) - Failed RaftClientRequest:client-352D35361D97->localhost_10002@group-DB7CD3B4A7F8, cid=42, seq=0, RW, Message:321f0a0f0a0d74657374...(size=33), reply=RaftClientReply:client-352D35361D97->localhost_10002@group-DB7CD3B4A7F8, cid=42, FAILED org.apache.ratis.protocol.NotLeaderException: Server localhost_10002@group-DB7CD3B4A7F8 is not the leader, logIndex=0, commits[localhost_10002:c-1]
2019-09-26 13:33:03,382 INFO  client.GrpcClientProtocolService (GrpcClientProtocolService.java:lambda$processClientRequest$0(278)) - Failed RaftClientRequest:client-352D35361D97->localhost_10001@group-DB7CD3B4A7F8, cid=42, seq=0, RW, Message:321f0a0f0a0d74657374...(size=33), reply=RaftClientReply:client-352D35361D97->localhost_10001@group-DB7CD3B4A7F8, cid=42, FAILED org.apache.ratis.protocol.NotLeaderException: Server localhost_10001@group-DB7CD3B4A7F8 is not the leader, logIndex=0, commits[localhost_10001:c-1]
2019-09-26 13:33:03,385 INFO  client.GrpcClientProtocolService (GrpcClientProtocolService.java:lambda$processClientRequest$0(278)) - Failed RaftClientRequest:client-352D35361D97->localhost_10002@group-DB7CD3B4A7F8, cid=42, seq=0, RW, Message:321f0a0f0a0d74657374...(size=33), reply=RaftClientReply:client-352D35361D97->localhost_10002@group-DB7CD3B4A7F8, cid=42, FAILED org.apache.ratis.protocol.NotLeaderException: Server localhost_10002@group-DB7CD3B4A7F8 is not the leader, logIndex=0, commits[localhost_10002:c-1]
2019-09-26 13:33:03,387 INFO  client.GrpcClientProtocolService (GrpcClientProtocolService.java:lambda$processClientRequest$0(278)) - Failed RaftClientRequest:client-352D35361D97->localhost_10000@group-DB7CD3B4A7F8, cid=42, seq=0, RW, Message:321f0a0f0a0d74657374...(size=33), reply=RaftClientReply:client-352D35361D97->localhost_10000@group-DB7CD3B4A7F8, cid=42, FAILED org.apache.ratis.protocol.NotLeaderException: Server localhost_10000@group-DB7CD3B4A7F8 is not the leader, logIndex=0, commits[localhost_10000:c-1]
2019-09-26 13:33:03,390 INFO  client.GrpcClientProtocolService (GrpcClientProtocolService.java:lambda$processClientRequest$0(278)) - Failed RaftClientRequest:client-352D35361D97->localhost_10001@group-DB7CD3B4A7F8, cid=42, seq=0, RW, Message:321f0a0f0a0d74657374...(size=33), reply=RaftClientReply:client-352D35361D97->localhost_10001@group-DB7CD3B4A7F8, cid=42, FAILED org.apache.ratis.protocol.NotLeaderException: Server localhost_10001@group-DB7CD3B4A7F8 is not the leader, logIndex=0, commits[localhost_10001:c-1]
2019-09-26 13:33:03,393 INFO  client.GrpcClientProtocolService (GrpcClientProtocolService.java:lambda$processClientRequest$0(278)) - Failed RaftClientRequest:client-352D35361D97->localhost_10000@group-DB7CD3B4A7F8, cid=42, seq=0, RW, Message:321f0a0f0a0d74657374...(size=33), reply=RaftClientReply:client-352D35361D97->localhost_10000@group-DB7CD3B4A7F8, cid=42, FAILED org.apache.ratis.protocol.NotLeaderException: Server localhost_10000@group-DB7CD3B4A7F8 is not the leader, logIndex=0, commits[localhost_10000:c-1]
2019-09-26 13:33:03,396 INFO  client.GrpcClientProtocolService (GrpcClientProtocolService.java:lambda$processClientRequest$0(278)) - Failed RaftClientRequest:client-352D35361D97->localhost_10002@group-DB7CD3B4A7F8, cid=42, seq=0, RW, Message:321f0a0f0a0d74657374...(size=33), reply=RaftClientReply:client-352D35361D97->localhost_10002@group-DB7CD3B4A7F8, cid=42, FAILED org.apache.ratis.protocol.NotLeaderException: Server localhost_10002@group-DB7CD3B4A7F8 is not the leader, logIndex=0, commits[localhost_10002:c-1]
2019-09-26 13:33:03,398 INFO  client.GrpcClientProtocolService (GrpcClientProtocolService.java:lambda$processClientRequest$0(278)) - Failed RaftClientRequest:client-352D35361D97->localhost_10000@group-DB7CD3B4A7F8, cid=42, seq=0, RW, Message:321f0a0f0a0d74657374...(size=33), reply=RaftClientReply:client-352D35361D97->localhost_10000@group-DB7CD3B4A7F8, cid=42, FAILED org.apache.ratis.protocol.NotLeaderException: Server localhost_10000@group-DB7CD3B4A7F8 is not the leader, logIndex=0, commits[localhost_10000:c-1]
2019-09-26 13:33:03,401 INFO  client.GrpcClientProtocolService (GrpcClientProtocolService.java:lambda$processClientRequest$0(278)) - Failed RaftClientRequest:client-352D35361D97->localhost_10002@group-DB7CD3B4A7F8, cid=42, seq=0, RW, Message:321f0a0f0a0d74657374...(size=33), reply=RaftClientReply:client-352D35361D97->localhost_10002@group-DB7CD3B4A7F8, cid=42, FAILED org.apache.ratis.protocol.NotLeaderException: Server localhost_10002@group-DB7CD3B4A7F8 is not the leader, logIndex=0, commits[localhost_10002:c-1]
2019-09-26 13:33:03,404 INFO  client.GrpcClientProtocolService (GrpcClientProtocolService.java:lambda$processClientRequest$0(278)) - Failed RaftClientRequest:client-352D35361D97->localhost_10001@group-DB7CD3B4A7F8, cid=42, seq=0, RW, Message:321f0a0f0a0d74657374...(size=33), reply=RaftClientReply:client-352D35361D97->localhost_10001@group-DB7CD3B4A7F8, cid=42, FAILED org.apache.ratis.protocol.NotLeaderException: Server localhost_10001@group-DB7CD3B4A7F8 is not the leader, logIndex=0, commits[localhost_10001:c-1]
2019-09-26 13:33:03,406 INFO  client.GrpcClientProtocolService (GrpcClientProtocolService.java:lambda$processClientRequest$0(278)) - Failed RaftClientRequest:client-352D35361D97->localhost_10000@group-DB7CD3B4A7F8, cid=42, seq=0, RW, Message:321f0a0f0a0d74657374...(size=33), reply=RaftClientReply:client-352D35361D97->localhost_10000@group-DB7CD3B4A7F8, cid=42, FAILED org.apache.ratis.protocol.NotLeaderException: Server localhost_10000@group-DB7CD3B4A7F8 is not the leader, logIndex=0, commits[localhost_10000:c-1]
2019-09-26 13:33:03,409 INFO  client.GrpcClientProtocolService (GrpcClientProtocolService.java:lambda$processClientRequest$0(278)) - Failed RaftClientRequest:client-352D35361D97->localhost_10002@group-DB7CD3B4A7F8, cid=42, seq=0, RW, Message:321f0a0f0a0d74657374...(size=33), reply=RaftClientReply:client-352D35361D97->localhost_10002@group-DB7CD3B4A7F8, cid=42, FAILED org.apache.ratis.protocol.NotLeaderException: Server localhost_10002@group-DB7CD3B4A7F8 is not the leader, logIndex=0, commits[localhost_10002:c-1]
2019-09-26 13:33:03,411 INFO  client.GrpcClientProtocolService (GrpcClientProtocolService.java:lambda$processClientRequest$0(278)) - Failed RaftClientRequest:client-352D35361D97->localhost_10000@group-DB7CD3B4A7F8, cid=42, seq=0, RW, Message:321f0a0f0a0d74657374...(size=33), reply=RaftClientReply:client-352D35361D97->localhost_10000@group-DB7CD3B4A7F8, cid=42, FAILED org.apache.ratis.protocol.NotLeaderException: Server localhost_10000@group-DB7CD3B4A7F8 is not the leader, logIndex=0, commits[localhost_10000:c-1]
2019-09-26 13:33:03,414 INFO  client.GrpcClientProtocolService (GrpcClientProtocolService.java:lambda$processClientRequest$0(278)) - Failed RaftClientRequest:client-352D35361D97->localhost_10002@group-DB7CD3B4A7F8, cid=42, seq=0, RW, Message:321f0a0f0a0d74657374...(size=33), reply=RaftClientReply:client-352D35361D97->localhost_10002@group-DB7CD3B4A7F8, cid=42, FAILED org.apache.ratis.protocol.NotLeaderException: Server localhost_10002@group-DB7CD3B4A7F8 is not the leader, logIndex=0, commits[localhost_10002:c-1]
2019-09-26 13:33:03,416 INFO  client.GrpcClientProtocolService (GrpcClientProtocolService.java:lambda$processClientRequest$0(278)) - Failed RaftClientRequest:client-352D35361D97->localhost_10000@group-DB7CD3B4A7F8, cid=42, seq=0, RW, Message:321f0a0f0a0d74657374...(size=33), reply=RaftClientReply:client-352D35361D97->localhost_10000@group-DB7CD3B4A7F8, cid=42, FAILED org.apache.ratis.protocol.NotLeaderException: Server localhost_10000@group-DB7CD3B4A7F8 is not the leader, logIndex=0, commits[localhost_10000:c-1]
2019-09-26 13:33:03,419 INFO  client.GrpcClientProtocolService (GrpcClientProtocolService.java:lambda$processClientRequest$0(278)) - Failed RaftClientRequest:client-352D35361D97->localhost_10002@group-DB7CD3B4A7F8, cid=42, seq=0, RW, Message:321f0a0f0a0d74657374...(size=33), reply=RaftClientReply:client-352D35361D97->localhost_10002@group-DB7CD3B4A7F8, cid=42, FAILED org.apache.ratis.protocol.NotLeaderException: Server localhost_10002@group-DB7CD3B4A7F8 is not the leader, logIndex=0, commits[localhost_10002:c-1]
2019-09-26 13:33:03,421 INFO  client.GrpcClientProtocolService (GrpcClientProtocolService.java:lambda$processClientRequest$0(278)) - Failed RaftClientRequest:client-352D35361D97->localhost_10000@group-DB7CD3B4A7F8, cid=42, seq=0, RW, Message:321f0a0f0a0d74657374...(size=33), reply=RaftClientReply:client-352D35361D97->localhost_10000@group-DB7CD3B4A7F8, cid=42, FAILED org.apache.ratis.protocol.NotLeaderException: Server localhost_10000@group-DB7CD3B4A7F8 is not the leader, logIndex=0, commits[localhost_10000:c-1]
2019-09-26 13:33:03,424 INFO  client.GrpcClientProtocolService (GrpcClientProtocolService.java:lambda$processClientRequest$0(278)) - Failed RaftClientRequest:client-352D35361D97->localhost_10001@group-DB7CD3B4A7F8, cid=42, seq=0, RW, Message:321f0a0f0a0d74657374...(size=33), reply=RaftClientReply:client-352D35361D97->localhost_10001@group-DB7CD3B4A7F8, cid=42, FAILED org.apache.ratis.protocol.NotLeaderException: Server localhost_10001@group-DB7CD3B4A7F8 is not the leader, logIndex=0, commits[localhost_10001:c-1]
2019-09-26 13:33:03,427 INFO  client.GrpcClientProtocolService (GrpcClientProtocolService.java:lambda$processClientRequest$0(278)) - Failed RaftClientRequest:client-352D35361D97->localhost_10000@group-DB7CD3B4A7F8, cid=42, seq=0, RW, Message:321f0a0f0a0d74657374...(size=33), reply=RaftClientReply:client-352D35361D97->localhost_10000@group-DB7CD3B4A7F8, cid=42, FAILED org.apache.ratis.protocol.NotLeaderException: Server localhost_10000@group-DB7CD3B4A7F8 is not the leader, logIndex=0, commits[localhost_10000:c-1]
2019-09-26 13:33:03,429 INFO  client.GrpcClientProtocolService (GrpcClientProtocolService.java:lambda$processClientRequest$0(278)) - Failed RaftClientRequest:client-352D35361D97->localhost_10002@group-DB7CD3B4A7F8, cid=42, seq=0, RW, Message:321f0a0f0a0d74657374...(size=33), reply=RaftClientReply:client-352D35361D97->localhost_10002@group-DB7CD3B4A7F8, cid=42, FAILED org.apache.ratis.protocol.NotLeaderException: Server localhost_10002@group-DB7CD3B4A7F8 is not the leader, logIndex=0, commits[localhost_10002:c-1]
2019-09-26 13:33:03,432 INFO  client.GrpcClientProtocolService (GrpcClientProtocolService.java:lambda$processClientRequest$0(278)) - Failed RaftClientRequest:client-352D35361D97->localhost_10000@group-DB7CD3B4A7F8, cid=42, seq=0, RW, Message:321f0a0f0a0d74657374...(size=33), reply=RaftClientReply:client-352D35361D97->localhost_10000@group-DB7CD3B4A7F8, cid=42, FAILED org.apache.ratis.protocol.NotLeaderException: Server localhost_10000@group-DB7CD3B4A7F8 is not the leader, logIndex=0, commits[localhost_10000:c-1]
2019-09-26 13:33:03,434 INFO  client.GrpcClientProtocolService (GrpcClientProtocolService.java:lambda$processClientRequest$0(278)) - Failed RaftClientRequest:client-352D35361D97->localhost_10001@group-DB7CD3B4A7F8, cid=42, seq=0, RW, Message:321f0a0f0a0d74657374...(size=33), reply=RaftClientReply:client-352D35361D97->localhost_10001@group-DB7CD3B4A7F8, cid=42, FAILED org.apache.ratis.protocol.NotLeaderException: Server localhost_10001@group-DB7CD3B4A7F8 is not the leader, logIndex=0, commits[localhost_10001:c-1]
2019-09-26 13:33:03,437 INFO  client.GrpcClientProtocolService (GrpcClientProtocolService.java:lambda$processClientRequest$0(278)) - Failed RaftClientRequest:client-352D35361D97->localhost_10000@group-DB7CD3B4A7F8, cid=42, seq=0, RW, Message:321f0a0f0a0d74657374...(size=33), reply=RaftClientReply:client-352D35361D97->localhost_10000@group-DB7CD3B4A7F8, cid=42, FAILED org.apache.ratis.protocol.NotLeaderException: Server localhost_10000@group-DB7CD3B4A7F8 is not the leader, logIndex=0, commits[localhost_10000:c-1]
2019-09-26 13:33:03,439 INFO  client.GrpcClientProtocolService (GrpcClientProtocolService.java:lambda$processClientRequest$0(278)) - Failed RaftClientRequest:client-352D35361D97->localhost_10002@group-DB7CD3B4A7F8, cid=42, seq=0, RW, Message:321f0a0f0a0d74657374...(size=33), reply=RaftClientReply:client-352D35361D97->localhost_10002@group-DB7CD3B4A7F8, cid=42, FAILED org.apache.ratis.protocol.NotLeaderException: Server localhost_10002@group-DB7CD3B4A7F8 is not the leader, logIndex=0, commits[localhost_10002:c-1]
2019-09-26 13:33:03,441 INFO  client.GrpcClientProtocolService (GrpcClientProtocolService.java:lambda$processClientRequest$0(278)) - Failed RaftClientRequest:client-352D35361D97->localhost_10001@group-DB7CD3B4A7F8, cid=42, seq=0, RW, Message:321f0a0f0a0d74657374...(size=33), reply=RaftClientReply:client-352D35361D97->localhost_10001@group-DB7CD3B4A7F8, cid=42, FAILED org.apache.ratis.protocol.NotLeaderException: Server localhost_10001@group-DB7CD3B4A7F8 is not the leader, logIndex=0, commits[localhost_10001:c-1]
2019-09-26 13:33:03,444 INFO  client.GrpcClientProtocolService (GrpcClientProtocolService.java:lambda$processClientRequest$0(278)) - Failed RaftClientRequest:client-352D35361D97->localhost_10002@group-DB7CD3B4A7F8, cid=42, seq=0, RW, Message:321f0a0f0a0d74657374...(size=33), reply=RaftClientReply:client-352D35361D97->localhost_10002@group-DB7CD3B4A7F8, cid=42, FAILED org.apache.ratis.protocol.NotLeaderException: Server localhost_10002@group-DB7CD3B4A7F8 is not the leader, logIndex=0, commits[localhost_10002:c-1]
2019-09-26 13:33:03,447 INFO  client.GrpcClientProtocolService (GrpcClientProtocolService.java:lambda$processClientRequest$0(278)) - Failed RaftClientRequest:client-352D35361D97->localhost_10001@group-DB7CD3B4A7F8, cid=42, seq=0, RW, Message:321f0a0f0a0d74657374...(size=33), reply=RaftClientReply:client-352D35361D97->localhost_10001@group-DB7CD3B4A7F8, cid=42, FAILED org.apache.ratis.protocol.NotLeaderException: Server localhost_10001@group-DB7CD3B4A7F8 is not the leader, logIndex=0, commits[localhost_10001:c-1]
2019-09-26 13:33:03,449 INFO  client.GrpcClientProtocolService (GrpcClientProtocolService.java:lambda$processClientRequest$0(278)) - Failed RaftClientRequest:client-352D35361D97->localhost_10000@group-DB7CD3B4A7F8, cid=42, seq=0, RW, Message:321f0a0f0a0d74657374...(size=33), reply=RaftClientReply:client-352D35361D97->localhost_10000@group-DB7CD3B4A7F8, cid=42, FAILED org.apache.ratis.protocol.NotLeaderException: Server localhost_10000@group-DB7CD3B4A7F8 is not the leader, logIndex=0, commits[localhost_10000:c-1]
2019-09-26 13:33:03,452 INFO  client.GrpcClientProtocolService (GrpcClientProtocolService.java:lambda$processClientRequest$0(278)) - Failed RaftClientRequest:client-352D35361D97->localhost_10002@group-DB7CD3B4A7F8, cid=42, seq=0, RW, Message:321f0a0f0a0d74657374...(size=33), reply=RaftClientReply:client-352D35361D97->localhost_10002@group-DB7CD3B4A7F8, cid=42, FAILED org.apache.ratis.protocol.NotLeaderException: Server localhost_10002@group-DB7CD3B4A7F8 is not the leader, logIndex=0, commits[localhost_10002:c-1]
2019-09-26 13:33:03,454 INFO  client.GrpcClientProtocolService (GrpcClientProtocolService.java:lambda$processClientRequest$0(278)) - Failed RaftClientRequest:client-352D35361D97->localhost_10001@group-DB7CD3B4A7F8, cid=42, seq=0, RW, Message:321f0a0f0a0d74657374...(size=33), reply=RaftClientReply:client-352D35361D97->localhost_10001@group-DB7CD3B4A7F8, cid=42, FAILED org.apache.ratis.protocol.NotLeaderException: Server localhost_10001@group-DB7CD3B4A7F8 is not the leader, logIndex=0, commits[localhost_10001:c-1]
2019-09-26 13:33:03,457 INFO  client.GrpcClientProtocolService (GrpcClientProtocolService.java:lambda$processClientRequest$0(278)) - Failed RaftClientRequest:client-352D35361D97->localhost_10002@group-DB7CD3B4A7F8, cid=42, seq=0, RW, Message:321f0a0f0a0d74657374...(size=33), reply=RaftClientReply:client-352D35361D97->localhost_10002@group-DB7CD3B4A7F8, cid=42, FAILED org.apache.ratis.protocol.NotLeaderException: Server localhost_10002@group-DB7CD3B4A7F8 is not the leader, logIndex=0, commits[localhost_10002:c-1]
2019-09-26 13:33:03,460 INFO  client.GrpcClientProtocolService (GrpcClientProtocolService.java:lambda$processClientRequest$0(278)) - Failed RaftClientRequest:client-352D35361D97->localhost_10000@group-DB7CD3B4A7F8, cid=42, seq=0, RW, Message:321f0a0f0a0d74657374...(size=33), reply=RaftClientReply:client-352D35361D97->localhost_10000@group-DB7CD3B4A7F8, cid=42, FAILED org.apache.ratis.protocol.NotLeaderException: Server localhost_10000@group-DB7CD3B4A7F8 is not the leader, logIndex=0, commits[localhost_10000:c-1]
2019-09-26 13:33:03,462 INFO  client.GrpcClientProtocolService (GrpcClientProtocolService.java:lambda$processClientRequest$0(278)) - Failed RaftClientRequest:client-352D35361D97->localhost_10001@group-DB7CD3B4A7F8, cid=42, seq=0, RW, Message:321f0a0f0a0d74657374...(size=33), reply=RaftClientReply:client-352D35361D97->localhost_10001@group-DB7CD3B4A7F8, cid=42, FAILED org.apache.ratis.protocol.NotLeaderException: Server localhost_10001@group-DB7CD3B4A7F8 is not the leader, logIndex=0, commits[localhost_10001:c-1]
2019-09-26 13:33:03,465 INFO  client.GrpcClientProtocolService (GrpcClientProtocolService.java:lambda$processClientRequest$0(278)) - Failed RaftClientRequest:client-352D35361D97->localhost_10000@group-DB7CD3B4A7F8, cid=42, seq=0, RW, Message:321f0a0f0a0d74657374...(size=33), reply=RaftClientReply:client-352D35361D97->localhost_10000@group-DB7CD3B4A7F8, cid=42, FAILED org.apache.ratis.protocol.NotLeaderException: Server localhost_10000@group-DB7CD3B4A7F8 is not the leader, logIndex=0, commits[localhost_10000:c-1]
2019-09-26 13:33:03,468 INFO  client.GrpcClientProtocolService (GrpcClientProtocolService.java:lambda$processClientRequest$0(278)) - Failed RaftClientRequest:client-352D35361D97->localhost_10001@group-DB7CD3B4A7F8, cid=42, seq=0, RW, Message:321f0a0f0a0d74657374...(size=33), reply=RaftClientReply:client-352D35361D97->localhost_10001@group-DB7CD3B4A7F8, cid=42, FAILED org.apache.ratis.protocol.NotLeaderException: Server localhost_10001@group-DB7CD3B4A7F8 is not the leader, logIndex=0, commits[localhost_10001:c-1]
2019-09-26 13:33:03,470 INFO  client.GrpcClientProtocolService (GrpcClientProtocolService.java:lambda$processClientRequest$0(278)) - Failed RaftClientRequest:client-352D35361D97->localhost_10000@group-DB7CD3B4A7F8, cid=42, seq=0, RW, Message:321f0a0f0a0d74657374...(size=33), reply=RaftClientReply:client-352D35361D97->localhost_10000@group-DB7CD3B4A7F8, cid=42, FAILED org.apache.ratis.protocol.NotLeaderException: Server localhost_10000@group-DB7CD3B4A7F8 is not the leader, logIndex=0, commits[localhost_10000:c-1]
2019-09-26 13:33:03,473 INFO  client.GrpcClientProtocolService (GrpcClientProtocolService.java:lambda$processClientRequest$0(278)) - Failed RaftClientRequest:client-352D35361D97->localhost_10001@group-DB7CD3B4A7F8, cid=42, seq=0, RW, Message:321f0a0f0a0d74657374...(size=33), reply=RaftClientReply:client-352D35361D97->localhost_10001@group-DB7CD3B4A7F8, cid=42, FAILED org.apache.ratis.protocol.NotLeaderException: Server localhost_10001@group-DB7CD3B4A7F8 is not the leader, logIndex=0, commits[localhost_10001:c-1]
2019-09-26 13:33:03,475 INFO  client.GrpcClientProtocolService (GrpcClientProtocolService.java:lambda$processClientRequest$0(278)) - Failed RaftClientRequest:client-352D35361D97->localhost_10002@group-DB7CD3B4A7F8, cid=42, seq=0, RW, Message:321f0a0f0a0d74657374...(size=33), reply=RaftClientReply:client-352D35361D97->localhost_10002@group-DB7CD3B4A7F8, cid=42, FAILED org.apache.ratis.protocol.NotLeaderException: Server localhost_10002@group-DB7CD3B4A7F8 is not the leader, logIndex=0, commits[localhost_10002:c-1]
2019-09-26 13:33:03,478 INFO  client.GrpcClientProtocolService (GrpcClientProtocolService.java:lambda$processClientRequest$0(278)) - Failed RaftClientRequest:client-352D35361D97->localhost_10001@group-DB7CD3B4A7F8, cid=42, seq=0, RW, Message:321f0a0f0a0d74657374...(size=33), reply=RaftClientReply:client-352D35361D97->localhost_10001@group-DB7CD3B4A7F8, cid=42, FAILED org.apache.ratis.protocol.NotLeaderException: Server localhost_10001@group-DB7CD3B4A7F8 is not the leader, logIndex=0, commits[localhost_10001:c-1]
2019-09-26 13:33:03,481 INFO  client.GrpcClientProtocolService (GrpcClientProtocolService.java:lambda$processClientRequest$0(278)) - Failed RaftClientRequest:client-352D35361D97->localhost_10000@group-DB7CD3B4A7F8, cid=42, seq=0, RW, Message:321f0a0f0a0d74657374...(size=33), reply=RaftClientReply:client-352D35361D97->localhost_10000@group-DB7CD3B4A7F8, cid=42, FAILED org.apache.ratis.protocol.NotLeaderException: Server localhost_10000@group-DB7CD3B4A7F8 is not the leader, logIndex=0, commits[localhost_10000:c-1]
2019-09-26 13:33:03,484 INFO  client.GrpcClientProtocolService (GrpcClientProtocolService.java:lambda$processClientRequest$0(278)) - Failed RaftClientRequest:client-352D35361D97->localhost_10002@group-DB7CD3B4A7F8, cid=42, seq=0, RW, Message:321f0a0f0a0d74657374...(size=33), reply=RaftClientReply:client-352D35361D97->localhost_10002@group-DB7CD3B4A7F8, cid=42, FAILED org.apache.ratis.protocol.NotLeaderException: Server localhost_10002@group-DB7CD3B4A7F8 is not the leader, logIndex=0, commits[localhost_10002:c-1]
2019-09-26 13:33:03,487 INFO  client.GrpcClientProtocolService (GrpcClientProtocolService.java:lambda$processClientRequest$0(278)) - Failed RaftClientRequest:client-352D35361D97->localhost_10001@group-DB7CD3B4A7F8, cid=42, seq=0, RW, Message:321f0a0f0a0d74657374...(size=33), reply=RaftClientReply:client-352D35361D97->localhost_10001@group-DB7CD3B4A7F8, cid=42, FAILED org.apache.ratis.protocol.NotLeaderException: Server localhost_10001@group-DB7CD3B4A7F8 is not the leader, logIndex=0, commits[localhost_10001:c-1]
2019-09-26 13:33:03,489 INFO  client.GrpcClientProtocolService (GrpcClientProtocolService.java:lambda$processClientRequest$0(278)) - Failed RaftClientRequest:client-352D35361D97->localhost_10002@group-DB7CD3B4A7F8, cid=42, seq=0, RW, Message:321f0a0f0a0d74657374...(size=33), reply=RaftClientReply:client-352D35361D97->localhost_10002@group-DB7CD3B4A7F8, cid=42, FAILED org.apache.ratis.protocol.NotLeaderException: Server localhost_10002@group-DB7CD3B4A7F8 is not the leader, logIndex=0, commits[localhost_10002:c-1]
2019-09-26 13:33:03,491 INFO  client.GrpcClientProtocolService (GrpcClientProtocolService.java:lambda$processClientRequest$0(278)) - Failed RaftClientRequest:client-352D35361D97->localhost_10001@group-DB7CD3B4A7F8, cid=42, seq=0, RW, Message:321f0a0f0a0d74657374...(size=33), reply=RaftClientReply:client-352D35361D97->localhost_10001@group-DB7CD3B4A7F8, cid=42, FAILED org.apache.ratis.protocol.NotLeaderException: Server localhost_10001@group-DB7CD3B4A7F8 is not the leader, logIndex=0, commits[localhost_10001:c-1]
2019-09-26 13:33:03,494 INFO  client.GrpcClientProtocolService (GrpcClientProtocolService.java:lambda$processClientRequest$0(278)) - Failed RaftClientRequest:client-352D35361D97->localhost_10002@group-DB7CD3B4A7F8, cid=42, seq=0, RW, Message:321f0a0f0a0d74657374...(size=33), reply=RaftClientReply:client-352D35361D97->localhost_10002@group-DB7CD3B4A7F8, cid=42, FAILED org.apache.ratis.protocol.NotLeaderException: Server localhost_10002@group-DB7CD3B4A7F8 is not the leader, logIndex=0, commits[localhost_10002:c-1]
2019-09-26 13:33:03,496 INFO  client.GrpcClientProtocolService (GrpcClientProtocolService.java:lambda$processClientRequest$0(278)) - Failed RaftClientRequest:client-352D35361D97->localhost_10001@group-DB7CD3B4A7F8, cid=42, seq=0, RW, Message:321f0a0f0a0d74657374...(size=33), reply=RaftClientReply:client-352D35361D97->localhost_10001@group-DB7CD3B4A7F8, cid=42, FAILED org.apache.ratis.protocol.NotLeaderException: Server localhost_10001@group-DB7CD3B4A7F8 is not the leader, logIndex=0, commits[localhost_10001:c-1]
2019-09-26 13:33:03,498 INFO  client.GrpcClientProtocolService (GrpcClientProtocolService.java:lambda$processClientRequest$0(278)) - Failed RaftClientRequest:client-352D35361D97->localhost_10002@group-DB7CD3B4A7F8, cid=42, seq=0, RW, Message:321f0a0f0a0d74657374...(size=33), reply=RaftClientReply:client-352D35361D97->localhost_10002@group-DB7CD3B4A7F8, cid=42, FAILED org.apache.ratis.protocol.NotLeaderException: Server localhost_10002@group-DB7CD3B4A7F8 is not the leader, logIndex=0, commits[localhost_10002:c-1]
2019-09-26 13:33:03,501 INFO  client.GrpcClientProtocolService (GrpcClientProtocolService.java:lambda$processClientRequest$0(278)) - Failed RaftClientRequest:client-352D35361D97->localhost_10001@group-DB7CD3B4A7F8, cid=42, seq=0, RW, Message:321f0a0f0a0d74657374...(size=33), reply=RaftClientReply:client-352D35361D97->localhost_10001@group-DB7CD3B4A7F8, cid=42, FAILED org.apache.ratis.protocol.NotLeaderException: Server localhost_10001@group-DB7CD3B4A7F8 is not the leader, logIndex=0, commits[localhost_10001:c-1]
2019-09-26 13:33:03,503 INFO  client.GrpcClientProtocolService (GrpcClientProtocolService.java:lambda$processClientRequest$0(278)) - Failed RaftClientRequest:client-352D35361D97->localhost_10000@group-DB7CD3B4A7F8, cid=42, seq=0, RW, Message:321f0a0f0a0d74657374...(size=33), reply=RaftClientReply:client-352D35361D97->localhost_10000@group-DB7CD3B4A7F8, cid=42, FAILED org.apache.ratis.protocol.NotLeaderException: Server localhost_10000@group-DB7CD3B4A7F8 is not the leader, logIndex=0, commits[localhost_10000:c-1]
2019-09-26 13:33:03,505 INFO  client.GrpcClientProtocolService (GrpcClientProtocolService.java:lambda$processClientRequest$0(278)) - Failed RaftClientRequest:client-352D35361D97->localhost_10002@group-DB7CD3B4A7F8, cid=42, seq=0, RW, Message:321f0a0f0a0d74657374...(size=33), reply=RaftClientReply:client-352D35361D97->localhost_10002@group-DB7CD3B4A7F8, cid=42, FAILED org.apache.ratis.protocol.NotLeaderException: Server localhost_10002@group-DB7CD3B4A7F8 is not the leader, logIndex=0, commits[localhost_10002:c-1]
2019-09-26 13:33:03,508 INFO  client.GrpcClientProtocolService (GrpcClientProtocolService.java:lambda$processClientRequest$0(278)) - Failed RaftClientRequest:client-352D35361D97->localhost_10001@group-DB7CD3B4A7F8, cid=42, seq=0, RW, Message:321f0a0f0a0d74657374...(size=33), reply=RaftClientReply:client-352D35361D97->localhost_10001@group-DB7CD3B4A7F8, cid=42, FAILED org.apache.ratis.protocol.NotLeaderException: Server localhost_10001@group-DB7CD3B4A7F8 is not the leader, logIndex=0, commits[localhost_10001:c-1]
2019-09-26 13:33:03,510 INFO  client.GrpcClientProtocolService (GrpcClientProtocolService.java:lambda$processClientRequest$0(278)) - Failed RaftClientRequest:client-352D35361D97->localhost_10002@group-DB7CD3B4A7F8, cid=42, seq=0, RW, Message:321f0a0f0a0d74657374...(size=33), reply=RaftClientReply:client-352D35361D97->localhost_10002@group-DB7CD3B4A7F8, cid=42, FAILED org.apache.ratis.protocol.NotLeaderException: Server localhost_10002@group-DB7CD3B4A7F8 is not the leader, logIndex=0, commits[localhost_10002:c-1]
2019-09-26 13:33:03,512 INFO  client.GrpcClientProtocolService (GrpcClientProtocolService.java:lambda$processClientRequest$0(278)) - Failed RaftClientRequest:client-352D35361D97->localhost_10000@group-DB7CD3B4A7F8, cid=42, seq=0, RW, Message:321f0a0f0a0d74657374...(size=33), reply=RaftClientReply:client-352D35361D97->localhost_10000@group-DB7CD3B4A7F8, cid=42, FAILED org.apache.ratis.protocol.NotLeaderException: Server localhost_10000@group-DB7CD3B4A7F8 is not the leader, logIndex=0, commits[localhost_10000:c-1]
2019-09-26 13:33:03,515 INFO  client.GrpcClientProtocolService (GrpcClientProtocolService.java:lambda$processClientRequest$0(278)) - Failed RaftClientRequest:client-352D35361D97->localhost_10001@group-DB7CD3B4A7F8, cid=42, seq=0, RW, Message:321f0a0f0a0d74657374...(size=33), reply=RaftClientReply:client-352D35361D97->localhost_10001@group-DB7CD3B4A7F8, cid=42, FAILED org.apache.ratis.protocol.NotLeaderException: Server localhost_10001@group-DB7CD3B4A7F8 is not the leader, logIndex=0, commits[localhost_10001:c-1]
2019-09-26 13:33:03,517 INFO  client.GrpcClientProtocolService (GrpcClientProtocolService.java:lambda$processClientRequest$0(278)) - Failed RaftClientRequest:client-352D35361D97->localhost_10000@group-DB7CD3B4A7F8, cid=42, seq=0, RW, Message:321f0a0f0a0d74657374...(size=33), reply=RaftClientReply:client-352D35361D97->localhost_10000@group-DB7CD3B4A7F8, cid=42, FAILED org.apache.ratis.protocol.NotLeaderException: Server localhost_10000@group-DB7CD3B4A7F8 is not the leader, logIndex=0, commits[localhost_10000:c-1]
2019-09-26 13:33:03,519 INFO  client.GrpcClientProtocolService (GrpcClientProtocolService.java:lambda$processClientRequest$0(278)) - Failed RaftClientRequest:client-352D35361D97->localhost_10002@group-DB7CD3B4A7F8, cid=42, seq=0, RW, Message:321f0a0f0a0d74657374...(size=33), reply=RaftClientReply:client-352D35361D97->localhost_10002@group-DB7CD3B4A7F8, cid=42, FAILED org.apache.ratis.protocol.NotLeaderException: Server localhost_10002@group-DB7CD3B4A7F8 is not the leader, logIndex=0, commits[localhost_10002:c-1]
2019-09-26 13:33:03,521 INFO  client.GrpcClientProtocolService (GrpcClientProtocolService.java:lambda$processClientRequest$0(278)) - Failed RaftClientRequest:client-352D35361D97->localhost_10001@group-DB7CD3B4A7F8, cid=42, seq=0, RW, Message:321f0a0f0a0d74657374...(size=33), reply=RaftClientReply:client-352D35361D97->localhost_10001@group-DB7CD3B4A7F8, cid=42, FAILED org.apache.ratis.protocol.NotLeaderException: Server localhost_10001@group-DB7CD3B4A7F8 is not the leader, logIndex=0, commits[localhost_10001:c-1]
2019-09-26 13:33:03,524 INFO  client.GrpcClientProtocolService (GrpcClientProtocolService.java:lambda$processClientRequest$0(278)) - Failed RaftClientRequest:client-352D35361D97->localhost_10002@group-DB7CD3B4A7F8, cid=42, seq=0, RW, Message:321f0a0f0a0d74657374...(size=33), reply=RaftClientReply:client-352D35361D97->localhost_10002@group-DB7CD3B4A7F8, cid=42, FAILED org.apache.ratis.protocol.NotLeaderException: Server localhost_10002@group-DB7CD3B4A7F8 is not the leader, logIndex=0, commits[localhost_10002:c-1]
2019-09-26 13:33:03,526 INFO  client.GrpcClientProtocolService (GrpcClientProtocolService.java:lambda$processClientRequest$0(278)) - Failed RaftClientRequest:client-352D35361D97->localhost_10001@group-DB7CD3B4A7F8, cid=42, seq=0, RW, Message:321f0a0f0a0d74657374...(size=33), reply=RaftClientReply:client-352D35361D97->localhost_10001@group-DB7CD3B4A7F8, cid=42, FAILED org.apache.ratis.protocol.NotLeaderException: Server localhost_10001@group-DB7CD3B4A7F8 is not the leader, logIndex=0, commits[localhost_10001:c-1]
2019-09-26 13:33:03,528 INFO  client.GrpcClientProtocolService (GrpcClientProtocolService.java:lambda$processClientRequest$0(278)) - Failed RaftClientRequest:client-352D35361D97->localhost_10000@group-DB7CD3B4A7F8, cid=42, seq=0, RW, Message:321f0a0f0a0d74657374...(size=33), reply=RaftClientReply:client-352D35361D97->localhost_10000@group-DB7CD3B4A7F8, cid=42, FAILED org.apache.ratis.protocol.NotLeaderException: Server localhost_10000@group-DB7CD3B4A7F8 is not the leader, logIndex=0, commits[localhost_10000:c-1]
2019-09-26 13:33:03,531 INFO  client.GrpcClientProtocolService (GrpcClientProtocolService.java:lambda$processClientRequest$0(278)) - Failed RaftClientRequest:client-352D35361D97->localhost_10002@group-DB7CD3B4A7F8, cid=42, seq=0, RW, Message:321f0a0f0a0d74657374...(size=33), reply=RaftClientReply:client-352D35361D97->localhost_10002@group-DB7CD3B4A7F8, cid=42, FAILED org.apache.ratis.protocol.NotLeaderException: Server localhost_10002@group-DB7CD3B4A7F8 is not the leader, logIndex=0, commits[localhost_10002:c-1]
2019-09-26 13:33:03,533 INFO  client.GrpcClientProtocolService (GrpcClientProtocolService.java:lambda$processClientRequest$0(278)) - Failed RaftClientRequest:client-352D35361D97->localhost_10001@group-DB7CD3B4A7F8, cid=42, seq=0, RW, Message:321f0a0f0a0d74657374...(size=33), reply=RaftClientReply:client-352D35361D97->localhost_10001@group-DB7CD3B4A7F8, cid=42, FAILED org.apache.ratis.protocol.NotLeaderException: Server localhost_10001@group-DB7CD3B4A7F8 is not the leader, logIndex=0, commits[localhost_10001:c-1]
2019-09-26 13:33:03,535 INFO  client.GrpcClientProtocolService (GrpcClientProtocolService.java:lambda$processClientRequest$0(278)) - Failed RaftClientRequest:client-352D35361D97->localhost_10002@group-DB7CD3B4A7F8, cid=42, seq=0, RW, Message:321f0a0f0a0d74657374...(size=33), reply=RaftClientReply:client-352D35361D97->localhost_10002@group-DB7CD3B4A7F8, cid=42, FAILED org.apache.ratis.protocol.NotLeaderException: Server localhost_10002@group-DB7CD3B4A7F8 is not the leader, logIndex=0, commits[localhost_10002:c-1]
2019-09-26 13:33:03,538 INFO  client.GrpcClientProtocolService (GrpcClientProtocolService.java:lambda$processClientRequest$0(278)) - Failed RaftClientRequest:client-352D35361D97->localhost_10001@group-DB7CD3B4A7F8, cid=42, seq=0, RW, Message:321f0a0f0a0d74657374...(size=33), reply=RaftClientReply:client-352D35361D97->localhost_10001@group-DB7CD3B4A7F8, cid=42, FAILED org.apache.ratis.protocol.NotLeaderException: Server localhost_10001@group-DB7CD3B4A7F8 is not the leader, logIndex=0, commits[localhost_10001:c-1]
2019-09-26 13:33:03,540 INFO  client.GrpcClientProtocolService (GrpcClientProtocolService.java:lambda$processClientRequest$0(278)) - Failed RaftClientRequest:client-352D35361D97->localhost_10000@group-DB7CD3B4A7F8, cid=42, seq=0, RW, Message:321f0a0f0a0d74657374...(size=33), reply=RaftClientReply:client-352D35361D97->localhost_10000@group-DB7CD3B4A7F8, cid=42, FAILED org.apache.ratis.protocol.NotLeaderException: Server localhost_10000@group-DB7CD3B4A7F8 is not the leader, logIndex=0, commits[localhost_10000:c-1]
2019-09-26 13:33:03,542 INFO  client.GrpcClientProtocolService (GrpcClientProtocolService.java:lambda$processClientRequest$0(278)) - Failed RaftClientRequest:client-352D35361D97->localhost_10002@group-DB7CD3B4A7F8, cid=42, seq=0, RW, Message:321f0a0f0a0d74657374...(size=33), reply=RaftClientReply:client-352D35361D97->localhost_10002@group-DB7CD3B4A7F8, cid=42, FAILED org.apache.ratis.protocol.NotLeaderException: Server localhost_10002@group-DB7CD3B4A7F8 is not the leader, logIndex=0, commits[localhost_10002:c-1]
2019-09-26 13:33:03,544 INFO  client.GrpcClientProtocolService (GrpcClientProtocolService.java:lambda$processClientRequest$0(278)) - Failed RaftClientRequest:client-352D35361D97->localhost_10000@group-DB7CD3B4A7F8, cid=42, seq=0, RW, Message:321f0a0f0a0d74657374...(size=33), reply=RaftClientReply:client-352D35361D97->localhost_10000@group-DB7CD3B4A7F8, cid=42, FAILED org.apache.ratis.protocol.NotLeaderException: Server localhost_10000@group-DB7CD3B4A7F8 is not the leader, logIndex=0, commits[localhost_10000:c-1]
2019-09-26 13:33:03,546 INFO  client.GrpcClientProtocolService (GrpcClientProtocolService.java:lambda$processClientRequest$0(278)) - Failed RaftClientRequest:client-352D35361D97->localhost_10001@group-DB7CD3B4A7F8, cid=42, seq=0, RW, Message:321f0a0f0a0d74657374...(size=33), reply=RaftClientReply:client-352D35361D97->localhost_10001@group-DB7CD3B4A7F8, cid=42, FAILED org.apache.ratis.protocol.NotLeaderException: Server localhost_10001@group-DB7CD3B4A7F8 is not the leader, logIndex=0, commits[localhost_10001:c-1]
2019-09-26 13:33:03,548 INFO  client.GrpcClientProtocolService (GrpcClientProtocolService.java:lambda$processClientRequest$0(278)) - Failed RaftClientRequest:client-352D35361D97->localhost_10000@group-DB7CD3B4A7F8, cid=42, seq=0, RW, Message:321f0a0f0a0d74657374...(size=33), reply=RaftClientReply:client-352D35361D97->localhost_10000@group-DB7CD3B4A7F8, cid=42, FAILED org.apache.ratis.protocol.NotLeaderException: Server localhost_10000@group-DB7CD3B4A7F8 is not the leader, logIndex=0, commits[localhost_10000:c-1]
2019-09-26 13:33:03,551 INFO  client.GrpcClientProtocolService (GrpcClientProtocolService.java:lambda$processClientRequest$0(278)) - Failed RaftClientRequest:client-352D35361D97->localhost_10002@group-DB7CD3B4A7F8, cid=42, seq=0, RW, Message:321f0a0f0a0d74657374...(size=33), reply=RaftClientReply:client-352D35361D97->localhost_10002@group-DB7CD3B4A7F8, cid=42, FAILED org.apache.ratis.protocol.NotLeaderException: Server localhost_10002@group-DB7CD3B4A7F8 is not the leader, logIndex=0, commits[localhost_10002:c-1]
2019-09-26 13:33:03,553 INFO  client.GrpcClientProtocolService (GrpcClientProtocolService.java:lambda$processClientRequest$0(278)) - Failed RaftClientRequest:client-352D35361D97->localhost_10000@group-DB7CD3B4A7F8, cid=42, seq=0, RW, Message:321f0a0f0a0d74657374...(size=33), reply=RaftClientReply:client-352D35361D97->localhost_10000@group-DB7CD3B4A7F8, cid=42, FAILED org.apache.ratis.protocol.NotLeaderException: Server localhost_10000@group-DB7CD3B4A7F8 is not the leader, logIndex=0, commits[localhost_10000:c-1]
2019-09-26 13:33:03,556 INFO  client.GrpcClientProtocolService (GrpcClientProtocolService.java:lambda$processClientRequest$0(278)) - Failed RaftClientRequest:client-352D35361D97->localhost_10001@group-DB7CD3B4A7F8, cid=42, seq=0, RW, Message:321f0a0f0a0d74657374...(size=33), reply=RaftClientReply:client-352D35361D97->localhost_10001@group-DB7CD3B4A7F8, cid=42, FAILED org.apache.ratis.protocol.NotLeaderException: Server localhost_10001@group-DB7CD3B4A7F8 is not the leader, logIndex=0, commits[localhost_10001:c-1]
2019-09-26 13:33:03,558 INFO  client.GrpcClientProtocolService (GrpcClientProtocolService.java:lambda$processClientRequest$0(278)) - Failed RaftClientRequest:client-352D35361D97->localhost_10000@group-DB7CD3B4A7F8, cid=42, seq=0, RW, Message:321f0a0f0a0d74657374...(size=33), reply=RaftClientReply:client-352D35361D97->localhost_10000@group-DB7CD3B4A7F8, cid=42, FAILED org.apache.ratis.protocol.NotLeaderException: Server localhost_10000@group-DB7CD3B4A7F8 is not the leader, logIndex=0, commits[localhost_10000:c-1]
2019-09-26 13:33:03,560 INFO  client.GrpcClientProtocolService (GrpcClientProtocolService.java:lambda$processClientRequest$0(278)) - Failed RaftClientRequest:client-352D35361D97->localhost_10001@group-DB7CD3B4A7F8, cid=42, seq=0, RW, Message:321f0a0f0a0d74657374...(size=33), reply=RaftClientReply:client-352D35361D97->localhost_10001@group-DB7CD3B4A7F8, cid=42, FAILED org.apache.ratis.protocol.NotLeaderException: Server localhost_10001@group-DB7CD3B4A7F8 is not the leader, logIndex=0, commits[localhost_10001:c-1]
2019-09-26 13:33:03,562 INFO  client.GrpcClientProtocolService (GrpcClientProtocolService.java:lambda$processClientRequest$0(278)) - Failed RaftClientRequest:client-352D35361D97->localhost_10000@group-DB7CD3B4A7F8, cid=42, seq=0, RW, Message:321f0a0f0a0d74657374...(size=33), reply=RaftClientReply:client-352D35361D97->localhost_10000@group-DB7CD3B4A7F8, cid=42, FAILED org.apache.ratis.protocol.NotLeaderException: Server localhost_10000@group-DB7CD3B4A7F8 is not the leader, logIndex=0, commits[localhost_10000:c-1]
2019-09-26 13:33:03,565 INFO  client.GrpcClientProtocolService (GrpcClientProtocolService.java:lambda$processClientRequest$0(278)) - Failed RaftClientRequest:client-352D35361D97->localhost_10002@group-DB7CD3B4A7F8, cid=42, seq=0, RW, Message:321f0a0f0a0d74657374...(size=33), reply=RaftClientReply:client-352D35361D97->localhost_10002@group-DB7CD3B4A7F8, cid=42, FAILED org.apache.ratis.protocol.NotLeaderException: Server localhost_10002@group-DB7CD3B4A7F8 is not the leader, logIndex=0, commits[localhost_10002:c-1]
2019-09-26 13:33:03,567 INFO  client.GrpcClientProtocolService (GrpcClientProtocolService.java:lambda$processClientRequest$0(278)) - Failed RaftClientRequest:client-352D35361D97->localhost_10000@group-DB7CD3B4A7F8, cid=42, seq=0, RW, Message:321f0a0f0a0d74657374...(size=33), reply=RaftClientReply:client-352D35361D97->localhost_10000@group-DB7CD3B4A7F8, cid=42, FAILED org.apache.ratis.protocol.NotLeaderException: Server localhost_10000@group-DB7CD3B4A7F8 is not the leader, logIndex=0, commits[localhost_10000:c-1]
2019-09-26 13:33:03,570 INFO  client.GrpcClientProtocolService (GrpcClientProtocolService.java:lambda$processClientRequest$0(278)) - Failed RaftClientRequest:client-352D35361D97->localhost_10002@group-DB7CD3B4A7F8, cid=42, seq=0, RW, Message:321f0a0f0a0d74657374...(size=33), reply=RaftClientReply:client-352D35361D97->localhost_10002@group-DB7CD3B4A7F8, cid=42, FAILED org.apache.ratis.protocol.NotLeaderException: Server localhost_10002@group-DB7CD3B4A7F8 is not the leader, logIndex=0, commits[localhost_10002:c-1]
2019-09-26 13:33:03,572 INFO  client.GrpcClientProtocolService (GrpcClientProtocolService.java:lambda$processClientRequest$0(278)) - Failed RaftClientRequest:client-352D35361D97->localhost_10000@group-DB7CD3B4A7F8, cid=42, seq=0, RW, Message:321f0a0f0a0d74657374...(size=33), reply=RaftClientReply:client-352D35361D97->localhost_10000@group-DB7CD3B4A7F8, cid=42, FAILED org.apache.ratis.protocol.NotLeaderException: Server localhost_10000@group-DB7CD3B4A7F8 is not the leader, logIndex=0, commits[localhost_10000:c-1]
2019-09-26 13:33:03,575 INFO  client.GrpcClientProtocolService (GrpcClientProtocolService.java:lambda$processClientRequest$0(278)) - Failed RaftClientRequest:client-352D35361D97->localhost_10001@group-DB7CD3B4A7F8, cid=42, seq=0, RW, Message:321f0a0f0a0d74657374...(size=33), reply=RaftClientReply:client-352D35361D97->localhost_10001@group-DB7CD3B4A7F8, cid=42, FAILED org.apache.ratis.protocol.NotLeaderException: Server localhost_10001@group-DB7CD3B4A7F8 is not the leader, logIndex=0, commits[localhost_10001:c-1]
2019-09-26 13:33:03,577 INFO  client.GrpcClientProtocolService (GrpcClientProtocolService.java:lambda$processClientRequest$0(278)) - Failed RaftClientRequest:client-352D35361D97->localhost_10000@group-DB7CD3B4A7F8, cid=42, seq=0, RW, Message:321f0a0f0a0d74657374...(size=33), reply=RaftClientReply:client-352D35361D97->localhost_10000@group-DB7CD3B4A7F8, cid=42, FAILED org.apache.ratis.protocol.NotLeaderException: Server localhost_10000@group-DB7CD3B4A7F8 is not the leader, logIndex=0, commits[localhost_10000:c-1]
2019-09-26 13:33:03,580 INFO  client.GrpcClientProtocolService (GrpcClientProtocolService.java:lambda$processClientRequest$0(278)) - Failed RaftClientRequest:client-352D35361D97->localhost_10002@group-DB7CD3B4A7F8, cid=42, seq=0, RW, Message:321f0a0f0a0d74657374...(size=33), reply=RaftClientReply:client-352D35361D97->localhost_10002@group-DB7CD3B4A7F8, cid=42, FAILED org.apache.ratis.protocol.NotLeaderException: Server localhost_10002@group-DB7CD3B4A7F8 is not the leader, logIndex=0, commits[localhost_10002:c-1]
2019-09-26 13:33:03,582 INFO  client.GrpcClientProtocolService (GrpcClientProtocolService.java:lambda$processClientRequest$0(278)) - Failed RaftClientRequest:client-352D35361D97->localhost_10001@group-DB7CD3B4A7F8, cid=42, seq=0, RW, Message:321f0a0f0a0d74657374...(size=33), reply=RaftClientReply:client-352D35361D97->localhost_10001@group-DB7CD3B4A7F8, cid=42, FAILED org.apache.ratis.protocol.NotLeaderException: Server localhost_10001@group-DB7CD3B4A7F8 is not the leader, logIndex=0, commits[localhost_10001:c-1]
2019-09-26 13:33:03,585 INFO  client.GrpcClientProtocolService (GrpcClientProtocolService.java:lambda$processClientRequest$0(278)) - Failed RaftClientRequest:client-352D35361D97->localhost_10000@group-DB7CD3B4A7F8, cid=42, seq=0, RW, Message:321f0a0f0a0d74657374...(size=33), reply=RaftClientReply:client-352D35361D97->localhost_10000@group-DB7CD3B4A7F8, cid=42, FAILED org.apache.ratis.protocol.NotLeaderException: Server localhost_10000@group-DB7CD3B4A7F8 is not the leader, logIndex=0, commits[localhost_10000:c-1]
2019-09-26 13:33:03,587 INFO  client.GrpcClientProtocolService (GrpcClientProtocolService.java:lambda$processClientRequest$0(278)) - Failed RaftClientRequest:client-352D35361D97->localhost_10001@group-DB7CD3B4A7F8, cid=42, seq=0, RW, Message:321f0a0f0a0d74657374...(size=33), reply=RaftClientReply:client-352D35361D97->localhost_10001@group-DB7CD3B4A7F8, cid=42, FAILED org.apache.ratis.protocol.NotLeaderException: Server localhost_10001@group-DB7CD3B4A7F8 is not the leader, logIndex=0, commits[localhost_10001:c-1]
2019-09-26 13:33:03,590 INFO  client.GrpcClientProtocolService (GrpcClientProtocolService.java:lambda$processClientRequest$0(278)) - Failed RaftClientRequest:client-352D35361D97->localhost_10000@group-DB7CD3B4A7F8, cid=42, seq=0, RW, Message:321f0a0f0a0d74657374...(size=33), reply=RaftClientReply:client-352D35361D97->localhost_10000@group-DB7CD3B4A7F8, cid=42, FAILED org.apache.ratis.protocol.NotLeaderException: Server localhost_10000@group-DB7CD3B4A7F8 is not the leader, logIndex=0, commits[localhost_10000:c-1]
2019-09-26 13:33:03,592 INFO  client.GrpcClientProtocolService (GrpcClientProtocolService.java:lambda$processClientRequest$0(278)) - Failed RaftClientRequest:client-352D35361D97->localhost_10002@group-DB7CD3B4A7F8, cid=42, seq=0, RW, Message:321f0a0f0a0d74657374...(size=33), reply=RaftClientReply:client-352D35361D97->localhost_10002@group-DB7CD3B4A7F8, cid=42, FAILED org.apache.ratis.protocol.NotLeaderException: Server localhost_10002@group-DB7CD3B4A7F8 is not the leader, logIndex=0, commits[localhost_10002:c-1]
2019-09-26 13:33:03,595 INFO  client.GrpcClientProtocolService (GrpcClientProtocolService.java:lambda$processClientRequest$0(278)) - Failed RaftClientRequest:client-352D35361D97->localhost_10001@group-DB7CD3B4A7F8, cid=42, seq=0, RW, Message:321f0a0f0a0d74657374...(size=33), reply=RaftClientReply:client-352D35361D97->localhost_10001@group-DB7CD3B4A7F8, cid=42, FAILED org.apache.ratis.protocol.NotLeaderException: Server localhost_10001@group-DB7CD3B4A7F8 is not the leader, logIndex=0, commits[localhost_10001:c-1]
2019-09-26 13:33:03,597 INFO  client.GrpcClientProtocolService (GrpcClientProtocolService.java:lambda$processClientRequest$0(278)) - Failed RaftClientRequest:client-352D35361D97->localhost_10002@group-DB7CD3B4A7F8, cid=42, seq=0, RW, Message:321f0a0f0a0d74657374...(size=33), reply=RaftClientReply:client-352D35361D97->localhost_10002@group-DB7CD3B4A7F8, cid=42, FAILED org.apache.ratis.protocol.NotLeaderException: Server localhost_10002@group-DB7CD3B4A7F8 is not the leader, logIndex=0, commits[localhost_10002:c-1]
2019-09-26 13:33:03,599 INFO  client.GrpcClientProtocolService (GrpcClientProtocolService.java:lambda$processClientRequest$0(278)) - Failed RaftClientRequest:client-352D35361D97->localhost_10001@group-DB7CD3B4A7F8, cid=42, seq=0, RW, Message:321f0a0f0a0d74657374...(size=33), reply=RaftClientReply:client-352D35361D97->localhost_10001@group-DB7CD3B4A7F8, cid=42, FAILED org.apache.ratis.protocol.NotLeaderException: Server localhost_10001@group-DB7CD3B4A7F8 is not the leader, logIndex=0, commits[localhost_10001:c-1]
2019-09-26 13:33:03,602 INFO  client.GrpcClientProtocolService (GrpcClientProtocolService.java:lambda$processClientRequest$0(278)) - Failed RaftClientRequest:client-352D35361D97->localhost_10002@group-DB7CD3B4A7F8, cid=42, seq=0, RW, Message:321f0a0f0a0d74657374...(size=33), reply=RaftClientReply:client-352D35361D97->localhost_10002@group-DB7CD3B4A7F8, cid=42, FAILED org.apache.ratis.protocol.NotLeaderException: Server localhost_10002@group-DB7CD3B4A7F8 is not the leader, logIndex=0, commits[localhost_10002:c-1]
2019-09-26 13:33:03,604 INFO  client.GrpcClientProtocolService (GrpcClientProtocolService.java:lambda$processClientRequest$0(278)) - Failed RaftClientRequest:client-352D35361D97->localhost_10000@group-DB7CD3B4A7F8, cid=42, seq=0, RW, Message:321f0a0f0a0d74657374...(size=33), reply=RaftClientReply:client-352D35361D97->localhost_10000@group-DB7CD3B4A7F8, cid=42, FAILED org.apache.ratis.protocol.NotLeaderException: Server localhost_10000@group-DB7CD3B4A7F8 is not the leader, logIndex=0, commits[localhost_10000:c-1]
2019-09-26 13:33:03,606 INFO  client.GrpcClientProtocolService (GrpcClientProtocolService.java:lambda$processClientRequest$0(278)) - Failed RaftClientRequest:client-352D35361D97->localhost_10002@group-DB7CD3B4A7F8, cid=42, seq=0, RW, Message:321f0a0f0a0d74657374...(size=33), reply=RaftClientReply:client-352D35361D97->localhost_10002@group-DB7CD3B4A7F8, cid=42, FAILED org.apache.ratis.protocol.NotLeaderException: Server localhost_10002@group-DB7CD3B4A7F8 is not the leader, logIndex=0, commits[localhost_10002:c-1]
2019-09-26 13:33:03,609 INFO  client.GrpcClientProtocolService (GrpcClientProtocolService.java:lambda$processClientRequest$0(278)) - Failed RaftClientRequest:client-352D35361D97->localhost_10000@group-DB7CD3B4A7F8, cid=42, seq=0, RW, Message:321f0a0f0a0d74657374...(size=33), reply=RaftClientReply:client-352D35361D97->localhost_10000@group-DB7CD3B4A7F8, cid=42, FAILED org.apache.ratis.protocol.NotLeaderException: Server localhost_10000@group-DB7CD3B4A7F8 is not the leader, logIndex=0, commits[localhost_10000:c-1]
2019-09-26 13:33:03,611 INFO  client.GrpcClientProtocolService (GrpcClientProtocolService.java:lambda$processClientRequest$0(278)) - Failed RaftClientRequest:client-352D35361D97->localhost_10002@group-DB7CD3B4A7F8, cid=42, seq=0, RW, Message:321f0a0f0a0d74657374...(size=33), reply=RaftClientReply:client-352D35361D97->localhost_10002@group-DB7CD3B4A7F8, cid=42, FAILED org.apache.ratis.protocol.NotLeaderException: Server localhost_10002@group-DB7CD3B4A7F8 is not the leader, logIndex=0, commits[localhost_10002:c-1]
2019-09-26 13:33:03,614 INFO  client.GrpcClientProtocolService (GrpcClientProtocolService.java:lambda$processClientRequest$0(278)) - Failed RaftClientRequest:client-352D35361D97->localhost_10001@group-DB7CD3B4A7F8, cid=42, seq=0, RW, Message:321f0a0f0a0d74657374...(size=33), reply=RaftClientReply:client-352D35361D97->localhost_10001@group-DB7CD3B4A7F8, cid=42, FAILED org.apache.ratis.protocol.NotLeaderException: Server localhost_10001@group-DB7CD3B4A7F8 is not the leader, logIndex=0, commits[localhost_10001:c-1]
2019-09-26 13:33:03,617 INFO  client.GrpcClientProtocolService (GrpcClientProtocolService.java:lambda$processClientRequest$0(278)) - Failed RaftClientRequest:client-352D35361D97->localhost_10002@group-DB7CD3B4A7F8, cid=42, seq=0, RW, Message:321f0a0f0a0d74657374...(size=33), reply=RaftClientReply:client-352D35361D97->localhost_10002@group-DB7CD3B4A7F8, cid=42, FAILED org.apache.ratis.protocol.NotLeaderException: Server localhost_10002@group-DB7CD3B4A7F8 is not the leader, logIndex=0, commits[localhost_10002:c-1]
2019-09-26 13:33:03,619 INFO  client.GrpcClientProtocolService (GrpcClientProtocolService.java:lambda$processClientRequest$0(278)) - Failed RaftClientRequest:client-352D35361D97->localhost_10000@group-DB7CD3B4A7F8, cid=42, seq=0, RW, Message:321f0a0f0a0d74657374...(size=33), reply=RaftClientReply:client-352D35361D97->localhost_10000@group-DB7CD3B4A7F8, cid=42, FAILED org.apache.ratis.protocol.NotLeaderException: Server localhost_10000@group-DB7CD3B4A7F8 is not the leader, logIndex=0, commits[localhost_10000:c-1]
2019-09-26 13:33:03,621 INFO  client.GrpcClientProtocolService (GrpcClientProtocolService.java:lambda$processClientRequest$0(278)) - Failed RaftClientRequest:client-352D35361D97->localhost_10001@group-DB7CD3B4A7F8, cid=42, seq=0, RW, Message:321f0a0f0a0d74657374...(size=33), reply=RaftClientReply:client-352D35361D97->localhost_10001@group-DB7CD3B4A7F8, cid=42, FAILED org.apache.ratis.protocol.NotLeaderException: Server localhost_10001@group-DB7CD3B4A7F8 is not the leader, logIndex=0, commits[localhost_10001:c-1]
2019-09-26 13:33:03,624 INFO  client.GrpcClientProtocolService (GrpcClientProtocolService.java:lambda$processClientRequest$0(278)) - Failed RaftClientRequest:client-352D35361D97->localhost_10002@group-DB7CD3B4A7F8, cid=42, seq=0, RW, Message:321f0a0f0a0d74657374...(size=33), reply=RaftClientReply:client-352D35361D97->localhost_10002@group-DB7CD3B4A7F8, cid=42, FAILED org.apache.ratis.protocol.NotLeaderException: Server localhost_10002@group-DB7CD3B4A7F8 is not the leader, logIndex=0, commits[localhost_10002:c-1]
2019-09-26 13:33:03,628 INFO  client.GrpcClientProtocolService (GrpcClientProtocolService.java:lambda$processClientRequest$0(278)) - Failed RaftClientRequest:client-352D35361D97->localhost_10000@group-DB7CD3B4A7F8, cid=42, seq=0, RW, Message:321f0a0f0a0d74657374...(size=33), reply=RaftClientReply:client-352D35361D97->localhost_10000@group-DB7CD3B4A7F8, cid=42, FAILED org.apache.ratis.protocol.NotLeaderException: Server localhost_10000@group-DB7CD3B4A7F8 is not the leader, logIndex=0, commits[localhost_10000:c-1]
2019-09-26 13:33:03,630 INFO  client.GrpcClientProtocolService (GrpcClientProtocolService.java:lambda$processClientRequest$0(278)) - Failed RaftClientRequest:client-352D35361D97->localhost_10002@group-DB7CD3B4A7F8, cid=42, seq=0, RW, Message:321f0a0f0a0d74657374...(size=33), reply=RaftClientReply:client-352D35361D97->localhost_10002@group-DB7CD3B4A7F8, cid=42, FAILED org.apache.ratis.protocol.NotLeaderException: Server localhost_10002@group-DB7CD3B4A7F8 is not the leader, logIndex=0, commits[localhost_10002:c-1]
2019-09-26 13:33:03,632 INFO  client.GrpcClientProtocolService (GrpcClientProtocolService.java:lambda$processClientRequest$0(278)) - Failed RaftClientRequest:client-352D35361D97->localhost_10000@group-DB7CD3B4A7F8, cid=42, seq=0, RW, Message:321f0a0f0a0d74657374...(size=33), reply=RaftClientReply:client-352D35361D97->localhost_10000@group-DB7CD3B4A7F8, cid=42, FAILED org.apache.ratis.protocol.NotLeaderException: Server localhost_10000@group-DB7CD3B4A7F8 is not the leader, logIndex=0, commits[localhost_10000:c-1]
2019-09-26 13:33:03,634 INFO  client.GrpcClientProtocolService (GrpcClientProtocolService.java:lambda$processClientRequest$0(278)) - Failed RaftClientRequest:client-352D35361D97->localhost_10002@group-DB7CD3B4A7F8, cid=42, seq=0, RW, Message:321f0a0f0a0d74657374...(size=33), reply=RaftClientReply:client-352D35361D97->localhost_10002@group-DB7CD3B4A7F8, cid=42, FAILED org.apache.ratis.protocol.NotLeaderException: Server localhost_10002@group-DB7CD3B4A7F8 is not the leader, logIndex=0, commits[localhost_10002:c-1]
2019-09-26 13:33:03,637 INFO  client.GrpcClientProtocolService (GrpcClientProtocolService.java:lambda$processClientRequest$0(278)) - Failed RaftClientRequest:client-352D35361D97->localhost_10001@group-DB7CD3B4A7F8, cid=42, seq=0, RW, Message:321f0a0f0a0d74657374...(size=33), reply=RaftClientReply:client-352D35361D97->localhost_10001@group-DB7CD3B4A7F8, cid=42, FAILED org.apache.ratis.protocol.NotLeaderException: Server localhost_10001@group-DB7CD3B4A7F8 is not the leader, logIndex=0, commits[localhost_10001:c-1]
2019-09-26 13:33:03,639 INFO  client.GrpcClientProtocolService (GrpcClientProtocolService.java:lambda$processClientRequest$0(278)) - Failed RaftClientRequest:client-352D35361D97->localhost_10000@group-DB7CD3B4A7F8, cid=42, seq=0, RW, Message:321f0a0f0a0d74657374...(size=33), reply=RaftClientReply:client-352D35361D97->localhost_10000@group-DB7CD3B4A7F8, cid=42, FAILED org.apache.ratis.protocol.NotLeaderException: Server localhost_10000@group-DB7CD3B4A7F8 is not the leader, logIndex=0, commits[localhost_10000:c-1]
2019-09-26 13:33:03,641 INFO  client.GrpcClientProtocolService (GrpcClientProtocolService.java:lambda$processClientRequest$0(278)) - Failed RaftClientRequest:client-352D35361D97->localhost_10001@group-DB7CD3B4A7F8, cid=42, seq=0, RW, Message:321f0a0f0a0d74657374...(size=33), reply=RaftClientReply:client-352D35361D97->localhost_10001@group-DB7CD3B4A7F8, cid=42, FAILED org.apache.ratis.protocol.NotLeaderException: Server localhost_10001@group-DB7CD3B4A7F8 is not the leader, logIndex=0, commits[localhost_10001:c-1]
2019-09-26 13:33:03,644 INFO  client.GrpcClientProtocolService (GrpcClientProtocolService.java:lambda$processClientRequest$0(278)) - Failed RaftClientRequest:client-352D35361D97->localhost_10002@group-DB7CD3B4A7F8, cid=42, seq=0, RW, Message:321f0a0f0a0d74657374...(size=33), reply=RaftClientReply:client-352D35361D97->localhost_10002@group-DB7CD3B4A7F8, cid=42, FAILED org.apache.ratis.protocol.NotLeaderException: Server localhost_10002@group-DB7CD3B4A7F8 is not the leader, logIndex=0, commits[localhost_10002:c-1]
2019-09-26 13:33:03,646 INFO  client.GrpcClientProtocolService (GrpcClientProtocolService.java:lambda$processClientRequest$0(278)) - Failed RaftClientRequest:client-352D35361D97->localhost_10000@group-DB7CD3B4A7F8, cid=42, seq=0, RW, Message:321f0a0f0a0d74657374...(size=33), reply=RaftClientReply:client-352D35361D97->localhost_10000@group-DB7CD3B4A7F8, cid=42, FAILED org.apache.ratis.protocol.NotLeaderException: Server localhost_10000@group-DB7CD3B4A7F8 is not the leader, logIndex=0, commits[localhost_10000:c-1]
2019-09-26 13:33:03,648 INFO  client.GrpcClientProtocolService (GrpcClientProtocolService.java:lambda$processClientRequest$0(278)) - Failed RaftClientRequest:client-352D35361D97->localhost_10002@group-DB7CD3B4A7F8, cid=42, seq=0, RW, Message:321f0a0f0a0d74657374...(size=33), reply=RaftClientReply:client-352D35361D97->localhost_10002@group-DB7CD3B4A7F8, cid=42, FAILED org.apache.ratis.protocol.NotLeaderException: Server localhost_10002@group-DB7CD3B4A7F8 is not the leader, logIndex=0, commits[localhost_10002:c-1]
2019-09-26 13:33:03,650 INFO  client.GrpcClientProtocolService (GrpcClientProtocolService.java:lambda$processClientRequest$0(278)) - Failed RaftClientRequest:client-352D35361D97->localhost_10000@group-DB7CD3B4A7F8, cid=42, seq=0, RW, Message:321f0a0f0a0d74657374...(size=33), reply=RaftClientReply:client-352D35361D97->localhost_10000@group-DB7CD3B4A7F8, cid=42, FAILED org.apache.ratis.protocol.NotLeaderException: Server localhost_10000@group-DB7CD3B4A7F8 is not the leader, logIndex=0, commits[localhost_10000:c-1]
2019-09-26 13:33:03,653 INFO  client.GrpcClientProtocolService (GrpcClientProtocolService.java:lambda$processClientRequest$0(278)) - Failed RaftClientRequest:client-352D35361D97->localhost_10002@group-DB7CD3B4A7F8, cid=42, seq=0, RW, Message:321f0a0f0a0d74657374...(size=33), reply=RaftClientReply:client-352D35361D97->localhost_10002@group-DB7CD3B4A7F8, cid=42, FAILED org.apache.ratis.protocol.NotLeaderException: Server localhost_10002@group-DB7CD3B4A7F8 is not the leader, logIndex=0, commits[localhost_10002:c-1]
2019-09-26 13:33:03,655 INFO  client.GrpcClientProtocolService (GrpcClientProtocolService.java:lambda$processClientRequest$0(278)) - Failed RaftClientRequest:client-352D35361D97->localhost_10001@group-DB7CD3B4A7F8, cid=42, seq=0, RW, Message:321f0a0f0a0d74657374...(size=33), reply=RaftClientReply:client-352D35361D97->localhost_10001@group-DB7CD3B4A7F8, cid=42, FAILED org.apache.ratis.protocol.NotLeaderException: Server localhost_10001@group-DB7CD3B4A7F8 is not the leader, logIndex=0, commits[localhost_10001:c-1]
2019-09-26 13:33:03,658 INFO  client.GrpcClientProtocolService (GrpcClientProtocolService.java:lambda$processClientRequest$0(278)) - Failed RaftClientRequest:client-352D35361D97->localhost_10000@group-DB7CD3B4A7F8, cid=42, seq=0, RW, Message:321f0a0f0a0d74657374...(size=33), reply=RaftClientReply:client-352D35361D97->localhost_10000@group-DB7CD3B4A7F8, cid=42, FAILED org.apache.ratis.protocol.NotLeaderException: Server localhost_10000@group-DB7CD3B4A7F8 is not the leader, logIndex=0, commits[localhost_10000:c-1]
2019-09-26 13:33:03,661 INFO  client.GrpcClientProtocolService (GrpcClientProtocolService.java:lambda$processClientRequest$0(278)) - Failed RaftClientRequest:client-352D35361D97->localhost_10002@group-DB7CD3B4A7F8, cid=42, seq=0, RW, Message:321f0a0f0a0d74657374...(size=33), reply=RaftClientReply:client-352D35361D97->localhost_10002@group-DB7CD3B4A7F8, cid=42, FAILED org.apache.ratis.protocol.NotLeaderException: Server localhost_10002@group-DB7CD3B4A7F8 is not the leader, logIndex=0, commits[localhost_10002:c-1]
2019-09-26 13:33:03,663 INFO  client.GrpcClientProtocolService (GrpcClientProtocolService.java:lambda$processClientRequest$0(278)) - Failed RaftClientRequest:client-352D35361D97->localhost_10001@group-DB7CD3B4A7F8, cid=42, seq=0, RW, Message:321f0a0f0a0d74657374...(size=33), reply=RaftClientReply:client-352D35361D97->localhost_10001@group-DB7CD3B4A7F8, cid=42, FAILED org.apache.ratis.protocol.NotLeaderException: Server localhost_10001@group-DB7CD3B4A7F8 is not the leader, logIndex=0, commits[localhost_10001:c-1]
2019-09-26 13:33:03,666 INFO  client.GrpcClientProtocolService (GrpcClientProtocolService.java:lambda$processClientRequest$0(278)) - Failed RaftClientRequest:client-352D35361D97->localhost_10000@group-DB7CD3B4A7F8, cid=42, seq=0, RW, Message:321f0a0f0a0d74657374...(size=33), reply=RaftClientReply:client-352D35361D97->localhost_10000@group-DB7CD3B4A7F8, cid=42, FAILED org.apache.ratis.protocol.NotLeaderException: Server localhost_10000@group-DB7CD3B4A7F8 is not the leader, logIndex=0, commits[localhost_10000:c-1]
2019-09-26 13:33:03,668 INFO  client.GrpcClientProtocolService (GrpcClientProtocolService.java:lambda$processClientRequest$0(278)) - Failed RaftClientRequest:client-352D35361D97->localhost_10001@group-DB7CD3B4A7F8, cid=42, seq=0, RW, Message:321f0a0f0a0d74657374...(size=33), reply=RaftClientReply:client-352D35361D97->localhost_10001@group-DB7CD3B4A7F8, cid=42, FAILED org.apache.ratis.protocol.NotLeaderException: Server localhost_10001@group-DB7CD3B4A7F8 is not the leader, logIndex=0, commits[localhost_10001:c-1]
2019-09-26 13:33:03,670 INFO  client.GrpcClientProtocolService (GrpcClientProtocolService.java:lambda$processClientRequest$0(278)) - Failed RaftClientRequest:client-352D35361D97->localhost_10002@group-DB7CD3B4A7F8, cid=42, seq=0, RW, Message:321f0a0f0a0d74657374...(size=33), reply=RaftClientReply:client-352D35361D97->localhost_10002@group-DB7CD3B4A7F8, cid=42, FAILED org.apache.ratis.protocol.NotLeaderException: Server localhost_10002@group-DB7CD3B4A7F8 is not the leader, logIndex=0, commits[localhost_10002:c-1]
2019-09-26 13:33:03,673 INFO  client.GrpcClientProtocolService (GrpcClientProtocolService.java:lambda$processClientRequest$0(278)) - Failed RaftClientRequest:client-352D35361D97->localhost_10000@group-DB7CD3B4A7F8, cid=42, seq=0, RW, Message:321f0a0f0a0d74657374...(size=33), reply=RaftClientReply:client-352D35361D97->localhost_10000@group-DB7CD3B4A7F8, cid=42, FAILED org.apache.ratis.protocol.NotLeaderException: Server localhost_10000@group-DB7CD3B4A7F8 is not the leader, logIndex=0, commits[localhost_10000:c-1]
2019-09-26 13:33:03,675 INFO  client.GrpcClientProtocolService (GrpcClientProtocolService.java:lambda$processClientRequest$0(278)) - Failed RaftClientRequest:client-352D35361D97->localhost_10002@group-DB7CD3B4A7F8, cid=42, seq=0, RW, Message:321f0a0f0a0d74657374...(size=33), reply=RaftClientReply:client-352D35361D97->localhost_10002@group-DB7CD3B4A7F8, cid=42, FAILED org.apache.ratis.protocol.NotLeaderException: Server localhost_10002@group-DB7CD3B4A7F8 is not the leader, logIndex=0, commits[localhost_10002:c-1]
2019-09-26 13:33:03,678 INFO  client.GrpcClientProtocolService (GrpcClientProtocolService.java:lambda$processClientRequest$0(278)) - Failed RaftClientRequest:client-352D35361D97->localhost_10000@group-DB7CD3B4A7F8, cid=42, seq=0, RW, Message:321f0a0f0a0d74657374...(size=33), reply=RaftClientReply:client-352D35361D97->localhost_10000@group-DB7CD3B4A7F8, cid=42, FAILED org.apache.ratis.protocol.NotLeaderException: Server localhost_10000@group-DB7CD3B4A7F8 is not the leader, logIndex=0, commits[localhost_10000:c-1]
2019-09-26 13:33:03,680 INFO  client.GrpcClientProtocolService (GrpcClientProtocolService.java:lambda$processClientRequest$0(278)) - Failed RaftClientRequest:client-352D35361D97->localhost_10001@group-DB7CD3B4A7F8, cid=42, seq=0, RW, Message:321f0a0f0a0d74657374...(size=33), reply=RaftClientReply:client-352D35361D97->localhost_10001@group-DB7CD3B4A7F8, cid=42, FAILED org.apache.ratis.protocol.NotLeaderException: Server localhost_10001@group-DB7CD3B4A7F8 is not the leader, logIndex=0, commits[localhost_10001:c-1]
2019-09-26 13:33:03,683 INFO  client.GrpcClientProtocolService (GrpcClientProtocolService.java:lambda$processClientRequest$0(278)) - Failed RaftClientRequest:client-352D35361D97->localhost_10000@group-DB7CD3B4A7F8, cid=42, seq=0, RW, Message:321f0a0f0a0d74657374...(size=33), reply=RaftClientReply:client-352D35361D97->localhost_10000@group-DB7CD3B4A7F8, cid=42, FAILED org.apache.ratis.protocol.NotLeaderException: Server localhost_10000@group-DB7CD3B4A7F8 is not the leader, logIndex=0, commits[localhost_10000:c-1]
2019-09-26 13:33:03,686 INFO  client.GrpcClientProtocolService (GrpcClientProtocolService.java:lambda$processClientRequest$0(278)) - Failed RaftClientRequest:client-352D35361D97->localhost_10001@group-DB7CD3B4A7F8, cid=42, seq=0, RW, Message:321f0a0f0a0d74657374...(size=33), reply=RaftClientReply:client-352D35361D97->localhost_10001@group-DB7CD3B4A7F8, cid=42, FAILED org.apache.ratis.protocol.NotLeaderException: Server localhost_10001@group-DB7CD3B4A7F8 is not the leader, logIndex=0, commits[localhost_10001:c-1]
2019-09-26 13:33:03,689 INFO  client.GrpcClientProtocolService (GrpcClientProtocolService.java:lambda$processClientRequest$0(278)) - Failed RaftClientRequest:client-352D35361D97->localhost_10000@group-DB7CD3B4A7F8, cid=42, seq=0, RW, Message:321f0a0f0a0d74657374...(size=33), reply=RaftClientReply:client-352D35361D97->localhost_10000@group-DB7CD3B4A7F8, cid=42, FAILED org.apache.ratis.protocol.NotLeaderException: Server localhost_10000@group-DB7CD3B4A7F8 is not the leader, logIndex=0, commits[localhost_10000:c-1]
2019-09-26 13:33:03,692 INFO  client.GrpcClientProtocolService (GrpcClientProtocolService.java:lambda$processClientRequest$0(278)) - Failed RaftClientRequest:client-352D35361D97->localhost_10001@group-DB7CD3B4A7F8, cid=42, seq=0, RW, Message:321f0a0f0a0d74657374...(size=33), reply=RaftClientReply:client-352D35361D97->localhost_10001@group-DB7CD3B4A7F8, cid=42, FAILED org.apache.ratis.protocol.NotLeaderException: Server localhost_10001@group-DB7CD3B4A7F8 is not the leader, logIndex=0, commits[localhost_10001:c-1]
2019-09-26 13:33:03,694 INFO  client.GrpcClientProtocolService (GrpcClientProtocolService.java:lambda$processClientRequest$0(278)) - Failed RaftClientRequest:client-352D35361D97->localhost_10002@group-DB7CD3B4A7F8, cid=42, seq=0, RW, Message:321f0a0f0a0d74657374...(size=33), reply=RaftClientReply:client-352D35361D97->localhost_10002@group-DB7CD3B4A7F8, cid=42, FAILED org.apache.ratis.protocol.NotLeaderException: Server localhost_10002@group-DB7CD3B4A7F8 is not the leader, logIndex=0, commits[localhost_10002:c-1]
2019-09-26 13:33:03,696 INFO  client.GrpcClientProtocolService (GrpcClientProtocolService.java:lambda$processClientRequest$0(278)) - Failed RaftClientRequest:client-352D35361D97->localhost_10000@group-DB7CD3B4A7F8, cid=42, seq=0, RW, Message:321f0a0f0a0d74657374...(size=33), reply=RaftClientReply:client-352D35361D97->localhost_10000@group-DB7CD3B4A7F8, cid=42, FAILED org.apache.ratis.protocol.NotLeaderException: Server localhost_10000@group-DB7CD3B4A7F8 is not the leader, logIndex=0, commits[localhost_10000:c-1]
2019-09-26 13:33:03,699 INFO  client.GrpcClientProtocolService (GrpcClientProtocolService.java:lambda$processClientRequest$0(278)) - Failed RaftClientRequest:client-352D35361D97->localhost_10002@group-DB7CD3B4A7F8, cid=42, seq=0, RW, Message:321f0a0f0a0d74657374...(size=33), reply=RaftClientReply:client-352D35361D97->localhost_10002@group-DB7CD3B4A7F8, cid=42, FAILED org.apache.ratis.protocol.NotLeaderException: Server localhost_10002@group-DB7CD3B4A7F8 is not the leader, logIndex=0, commits[localhost_10002:c-1]
2019-09-26 13:33:03,701 INFO  client.GrpcClientProtocolService (GrpcClientProtocolService.java:lambda$processClientRequest$0(278)) - Failed RaftClientRequest:client-352D35361D97->localhost_10001@group-DB7CD3B4A7F8, cid=42, seq=0, RW, Message:321f0a0f0a0d74657374...(size=33), reply=RaftClientReply:client-352D35361D97->localhost_10001@group-DB7CD3B4A7F8, cid=42, FAILED org.apache.ratis.protocol.NotLeaderException: Server localhost_10001@group-DB7CD3B4A7F8 is not the leader, logIndex=0, commits[localhost_10001:c-1]
2019-09-26 13:33:03,703 INFO  client.GrpcClientProtocolService (GrpcClientProtocolService.java:lambda$processClientRequest$0(278)) - Failed RaftClientRequest:client-352D35361D97->localhost_10000@group-DB7CD3B4A7F8, cid=42, seq=0, RW, Message:321f0a0f0a0d74657374...(size=33), reply=RaftClientReply:client-352D35361D97->localhost_10000@group-DB7CD3B4A7F8, cid=42, FAILED org.apache.ratis.protocol.NotLeaderException: Server localhost_10000@group-DB7CD3B4A7F8 is not the leader, logIndex=0, commits[localhost_10000:c-1]
2019-09-26 13:33:03,706 INFO  client.GrpcClientProtocolService (GrpcClientProtocolService.java:lambda$processClientRequest$0(278)) - Failed RaftClientRequest:client-352D35361D97->localhost_10002@group-DB7CD3B4A7F8, cid=42, seq=0, RW, Message:321f0a0f0a0d74657374...(size=33), reply=RaftClientReply:client-352D35361D97->localhost_10002@group-DB7CD3B4A7F8, cid=42, FAILED org.apache.ratis.protocol.NotLeaderException: Server localhost_10002@group-DB7CD3B4A7F8 is not the leader, logIndex=0, commits[localhost_10002:c-1]
2019-09-26 13:33:03,708 INFO  client.GrpcClientProtocolService (GrpcClientProtocolService.java:lambda$processClientRequest$0(278)) - Failed RaftClientRequest:client-352D35361D97->localhost_10000@group-DB7CD3B4A7F8, cid=42, seq=0, RW, Message:321f0a0f0a0d74657374...(size=33), reply=RaftClientReply:client-352D35361D97->localhost_10000@group-DB7CD3B4A7F8, cid=42, FAILED org.apache.ratis.protocol.NotLeaderException: Server localhost_10000@group-DB7CD3B4A7F8 is not the leader, logIndex=0, commits[localhost_10000:c-1]
2019-09-26 13:33:03,710 INFO  client.GrpcClientProtocolService (GrpcClientProtocolService.java:lambda$processClientRequest$0(278)) - Failed RaftClientRequest:client-352D35361D97->localhost_10002@group-DB7CD3B4A7F8, cid=42, seq=0, RW, Message:321f0a0f0a0d74657374...(size=33), reply=RaftClientReply:client-352D35361D97->localhost_10002@group-DB7CD3B4A7F8, cid=42, FAILED org.apache.ratis.protocol.NotLeaderException: Server localhost_10002@group-DB7CD3B4A7F8 is not the leader, logIndex=0, commits[localhost_10002:c-1]
2019-09-26 13:33:03,713 INFO  client.GrpcClientProtocolService (GrpcClientProtocolService.java:lambda$processClientRequest$0(278)) - Failed RaftClientRequest:client-352D35361D97->localhost_10000@group-DB7CD3B4A7F8, cid=42, seq=0, RW, Message:321f0a0f0a0d74657374...(size=33), reply=RaftClientReply:client-352D35361D97->localhost_10000@group-DB7CD3B4A7F8, cid=42, FAILED org.apache.ratis.protocol.NotLeaderException: Server localhost_10000@group-DB7CD3B4A7F8 is not the leader, logIndex=0, commits[localhost_10000:c-1]
2019-09-26 13:33:03,716 INFO  client.GrpcClientProtocolService (GrpcClientProtocolService.java:lambda$processClientRequest$0(278)) - Failed RaftClientRequest:client-352D35361D97->localhost_10001@group-DB7CD3B4A7F8, cid=42, seq=0, RW, Message:321f0a0f0a0d74657374...(size=33), reply=RaftClientReply:client-352D35361D97->localhost_10001@group-DB7CD3B4A7F8, cid=42, FAILED org.apache.ratis.protocol.NotLeaderException: Server localhost_10001@group-DB7CD3B4A7F8 is not the leader, logIndex=0, commits[localhost_10001:c-1]
2019-09-26 13:33:03,718 INFO  client.GrpcClientProtocolService (GrpcClientProtocolService.java:lambda$processClientRequest$0(278)) - Failed RaftClientRequest:client-352D35361D97->localhost_10000@group-DB7CD3B4A7F8, cid=42, seq=0, RW, Message:321f0a0f0a0d74657374...(size=33), reply=RaftClientReply:client-352D35361D97->localhost_10000@group-DB7CD3B4A7F8, cid=42, FAILED org.apache.ratis.protocol.NotLeaderException: Server localhost_10000@group-DB7CD3B4A7F8 is not the leader, logIndex=0, commits[localhost_10000:c-1]
2019-09-26 13:33:03,721 INFO  client.GrpcClientProtocolService (GrpcClientProtocolService.java:lambda$processClientRequest$0(278)) - Failed RaftClientRequest:client-352D35361D97->localhost_10002@group-DB7CD3B4A7F8, cid=42, seq=0, RW, Message:321f0a0f0a0d74657374...(size=33), reply=RaftClientReply:client-352D35361D97->localhost_10002@group-DB7CD3B4A7F8, cid=42, FAILED org.apache.ratis.protocol.NotLeaderException: Server localhost_10002@group-DB7CD3B4A7F8 is not the leader, logIndex=0, commits[localhost_10002:c-1]
2019-09-26 13:33:03,723 INFO  client.GrpcClientProtocolService (GrpcClientProtocolService.java:lambda$processClientRequest$0(278)) - Failed RaftClientRequest:client-352D35361D97->localhost_10000@group-DB7CD3B4A7F8, cid=42, seq=0, RW, Message:321f0a0f0a0d74657374...(size=33), reply=RaftClientReply:client-352D35361D97->localhost_10000@group-DB7CD3B4A7F8, cid=42, FAILED org.apache.ratis.protocol.NotLeaderException: Server localhost_10000@group-DB7CD3B4A7F8 is not the leader, logIndex=0, commits[localhost_10000:c-1]
2019-09-26 13:33:03,726 INFO  client.GrpcClientProtocolService (GrpcClientProtocolService.java:lambda$processClientRequest$0(278)) - Failed RaftClientRequest:client-352D35361D97->localhost_10002@group-DB7CD3B4A7F8, cid=42, seq=0, RW, Message:321f0a0f0a0d74657374...(size=33), reply=RaftClientReply:client-352D35361D97->localhost_10002@group-DB7CD3B4A7F8, cid=42, FAILED org.apache.ratis.protocol.NotLeaderException: Server localhost_10002@group-DB7CD3B4A7F8 is not the leader, logIndex=0, commits[localhost_10002:c-1]
2019-09-26 13:33:03,728 INFO  client.GrpcClientProtocolService (GrpcClientProtocolService.java:lambda$processClientRequest$0(278)) - Failed RaftClientRequest:client-352D35361D97->localhost_10000@group-DB7CD3B4A7F8, cid=42, seq=0, RW, Message:321f0a0f0a0d74657374...(size=33), reply=RaftClientReply:client-352D35361D97->localhost_10000@group-DB7CD3B4A7F8, cid=42, FAILED org.apache.ratis.protocol.NotLeaderException: Server localhost_10000@group-DB7CD3B4A7F8 is not the leader, logIndex=0, commits[localhost_10000:c-1]
2019-09-26 13:33:03,730 INFO  client.GrpcClientProtocolService (GrpcClientProtocolService.java:lambda$processClientRequest$0(278)) - Failed RaftClientRequest:client-352D35361D97->localhost_10001@group-DB7CD3B4A7F8, cid=42, seq=0, RW, Message:321f0a0f0a0d74657374...(size=33), reply=RaftClientReply:client-352D35361D97->localhost_10001@group-DB7CD3B4A7F8, cid=42, FAILED org.apache.ratis.protocol.NotLeaderException: Server localhost_10001@group-DB7CD3B4A7F8 is not the leader, logIndex=0, commits[localhost_10001:c-1]
2019-09-26 13:33:03,733 INFO  client.GrpcClientProtocolService (GrpcClientProtocolService.java:lambda$processClientRequest$0(278)) - Failed RaftClientRequest:client-352D35361D97->localhost_10002@group-DB7CD3B4A7F8, cid=42, seq=0, RW, Message:321f0a0f0a0d74657374...(size=33), reply=RaftClientReply:client-352D35361D97->localhost_10002@group-DB7CD3B4A7F8, cid=42, FAILED org.apache.ratis.protocol.NotLeaderException: Server localhost_10002@group-DB7CD3B4A7F8 is not the leader, logIndex=0, commits[localhost_10002:c-1]
2019-09-26 13:33:03,735 INFO  client.GrpcClientProtocolService (GrpcClientProtocolService.java:lambda$processClientRequest$0(278)) - Failed RaftClientRequest:client-352D35361D97->localhost_10000@group-DB7CD3B4A7F8, cid=42, seq=0, RW, Message:321f0a0f0a0d74657374...(size=33), reply=RaftClientReply:client-352D35361D97->localhost_10000@group-DB7CD3B4A7F8, cid=42, FAILED org.apache.ratis.protocol.NotLeaderException: Server localhost_10000@group-DB7CD3B4A7F8 is not the leader, logIndex=0, commits[localhost_10000:c-1]
2019-09-26 13:33:03,738 INFO  client.GrpcClientProtocolService (GrpcClientProtocolService.java:lambda$processClientRequest$0(278)) - Failed RaftClientRequest:client-352D35361D97->localhost_10002@group-DB7CD3B4A7F8, cid=42, seq=0, RW, Message:321f0a0f0a0d74657374...(size=33), reply=RaftClientReply:client-352D35361D97->localhost_10002@group-DB7CD3B4A7F8, cid=42, FAILED org.apache.ratis.protocol.NotLeaderException: Server localhost_10002@group-DB7CD3B4A7F8 is not the leader, logIndex=0, commits[localhost_10002:c-1]
2019-09-26 13:33:03,741 INFO  client.GrpcClientProtocolService (GrpcClientProtocolService.java:lambda$processClientRequest$0(278)) - Failed RaftClientRequest:client-352D35361D97->localhost_10000@group-DB7CD3B4A7F8, cid=42, seq=0, RW, Message:321f0a0f0a0d74657374...(size=33), reply=RaftClientReply:client-352D35361D97->localhost_10000@group-DB7CD3B4A7F8, cid=42, FAILED org.apache.ratis.protocol.NotLeaderException: Server localhost_10000@group-DB7CD3B4A7F8 is not the leader, logIndex=0, commits[localhost_10000:c-1]
2019-09-26 13:33:03,743 INFO  client.GrpcClientProtocolService (GrpcClientProtocolService.java:lambda$processClientRequest$0(278)) - Failed RaftClientRequest:client-352D35361D97->localhost_10001@group-DB7CD3B4A7F8, cid=42, seq=0, RW, Message:321f0a0f0a0d74657374...(size=33), reply=RaftClientReply:client-352D35361D97->localhost_10001@group-DB7CD3B4A7F8, cid=42, FAILED org.apache.ratis.protocol.NotLeaderException: Server localhost_10001@group-DB7CD3B4A7F8 is not the leader, logIndex=0, commits[localhost_10001:c-1]
2019-09-26 13:33:03,746 INFO  client.GrpcClientProtocolService (GrpcClientProtocolService.java:lambda$processClientRequest$0(278)) - Failed RaftClientRequest:client-352D35361D97->localhost_10002@group-DB7CD3B4A7F8, cid=42, seq=0, RW, Message:321f0a0f0a0d74657374...(size=33), reply=RaftClientReply:client-352D35361D97->localhost_10002@group-DB7CD3B4A7F8, cid=42, FAILED org.apache.ratis.protocol.NotLeaderException: Server localhost_10002@group-DB7CD3B4A7F8 is not the leader, logIndex=0, commits[localhost_10002:c-1]
2019-09-26 13:33:03,748 INFO  client.GrpcClientProtocolService (GrpcClientProtocolService.java:lambda$processClientRequest$0(278)) - Failed RaftClientRequest:client-352D35361D97->localhost_10001@group-DB7CD3B4A7F8, cid=42, seq=0, RW, Message:321f0a0f0a0d74657374...(size=33), reply=RaftClientReply:client-352D35361D97->localhost_10001@group-DB7CD3B4A7F8, cid=42, FAILED org.apache.ratis.protocol.NotLeaderException: Server localhost_10001@group-DB7CD3B4A7F8 is not the leader, logIndex=0, commits[localhost_10001:c-1]
2019-09-26 13:33:03,753 INFO  client.GrpcClientProtocolService (GrpcClientProtocolService.java:lambda$processClientRequest$0(278)) - Failed RaftClientRequest:client-352D35361D97->localhost_10002@group-DB7CD3B4A7F8, cid=42, seq=0, RW, Message:321f0a0f0a0d74657374...(size=33), reply=RaftClientReply:client-352D35361D97->localhost_10002@group-DB7CD3B4A7F8, cid=42, FAILED org.apache.ratis.protocol.NotLeaderException: Server localhost_10002@group-DB7CD3B4A7F8 is not the leader, logIndex=0, commits[localhost_10002:c-1]
2019-09-26 13:33:03,756 INFO  client.GrpcClientProtocolService (GrpcClientProtocolService.java:lambda$processClientRequest$0(278)) - Failed RaftClientRequest:client-352D35361D97->localhost_10000@group-DB7CD3B4A7F8, cid=42, seq=0, RW, Message:321f0a0f0a0d74657374...(size=33), reply=RaftClientReply:client-352D35361D97->localhost_10000@group-DB7CD3B4A7F8, cid=42, FAILED org.apache.ratis.protocol.NotLeaderException: Server localhost_10000@group-DB7CD3B4A7F8 is not the leader, logIndex=0, commits[localhost_10000:c-1]
2019-09-26 13:33:03,758 INFO  client.GrpcClientProtocolService (GrpcClientProtocolService.java:lambda$processClientRequest$0(278)) - Failed RaftClientRequest:client-352D35361D97->localhost_10002@group-DB7CD3B4A7F8, cid=42, seq=0, RW, Message:321f0a0f0a0d74657374...(size=33), reply=RaftClientReply:client-352D35361D97->localhost_10002@group-DB7CD3B4A7F8, cid=42, FAILED org.apache.ratis.protocol.NotLeaderException: Server localhost_10002@group-DB7CD3B4A7F8 is not the leader, logIndex=0, commits[localhost_10002:c-1]
2019-09-26 13:33:03,760 INFO  client.GrpcClientProtocolService (GrpcClientProtocolService.java:lambda$processClientRequest$0(278)) - Failed RaftClientRequest:client-352D35361D97->localhost_10000@group-DB7CD3B4A7F8, cid=42, seq=0, RW, Message:321f0a0f0a0d74657374...(size=33), reply=RaftClientReply:client-352D35361D97->localhost_10000@group-DB7CD3B4A7F8, cid=42, FAILED org.apache.ratis.protocol.NotLeaderException: Server localhost_10000@group-DB7CD3B4A7F8 is not the leader, logIndex=0, commits[localhost_10000:c-1]
2019-09-26 13:33:03,763 INFO  client.GrpcClientProtocolService (GrpcClientProtocolService.java:lambda$processClientRequest$0(278)) - Failed RaftClientRequest:client-352D35361D97->localhost_10001@group-DB7CD3B4A7F8, cid=42, seq=0, RW, Message:321f0a0f0a0d74657374...(size=33), reply=RaftClientReply:client-352D35361D97->localhost_10001@group-DB7CD3B4A7F8, cid=42, FAILED org.apache.ratis.protocol.NotLeaderException: Server localhost_10001@group-DB7CD3B4A7F8 is not the leader, logIndex=0, commits[localhost_10001:c-1]
2019-09-26 13:33:03,765 INFO  client.GrpcClientProtocolService (GrpcClientProtocolService.java:lambda$processClientRequest$0(278)) - Failed RaftClientRequest:client-352D35361D97->localhost_10002@group-DB7CD3B4A7F8, cid=42, seq=0, RW, Message:321f0a0f0a0d74657374...(size=33), reply=RaftClientReply:client-352D35361D97->localhost_10002@group-DB7CD3B4A7F8, cid=42, FAILED org.apache.ratis.protocol.NotLeaderException: Server localhost_10002@group-DB7CD3B4A7F8 is not the leader, logIndex=0, commits[localhost_10002:c-1]
2019-09-26 13:33:03,767 INFO  client.GrpcClientProtocolService (GrpcClientProtocolService.java:lambda$processClientRequest$0(278)) - Failed RaftClientRequest:client-352D35361D97->localhost_10000@group-DB7CD3B4A7F8, cid=42, seq=0, RW, Message:321f0a0f0a0d74657374...(size=33), reply=RaftClientReply:client-352D35361D97->localhost_10000@group-DB7CD3B4A7F8, cid=42, FAILED org.apache.ratis.protocol.NotLeaderException: Server localhost_10000@group-DB7CD3B4A7F8 is not the leader, logIndex=0, commits[localhost_10000:c-1]
2019-09-26 13:33:03,770 INFO  client.GrpcClientProtocolService (GrpcClientProtocolService.java:lambda$processClientRequest$0(278)) - Failed RaftClientRequest:client-352D35361D97->localhost_10001@group-DB7CD3B4A7F8, cid=42, seq=0, RW, Message:321f0a0f0a0d74657374...(size=33), reply=RaftClientReply:client-352D35361D97->localhost_10001@group-DB7CD3B4A7F8, cid=42, FAILED org.apache.ratis.protocol.NotLeaderException: Server localhost_10001@group-DB7CD3B4A7F8 is not the leader, logIndex=0, commits[localhost_10001:c-1]
2019-09-26 13:33:03,772 INFO  client.GrpcClientProtocolService (GrpcClientProtocolService.java:lambda$processClientRequest$0(278)) - Failed RaftClientRequest:client-352D35361D97->localhost_10002@group-DB7CD3B4A7F8, cid=42, seq=0, RW, Message:321f0a0f0a0d74657374...(size=33), reply=RaftClientReply:client-352D35361D97->localhost_10002@group-DB7CD3B4A7F8, cid=42, FAILED org.apache.ratis.protocol.NotLeaderException: Server localhost_10002@group-DB7CD3B4A7F8 is not the leader, logIndex=0, commits[localhost_10002:c-1]
2019-09-26 13:33:03,774 INFO  client.GrpcClientProtocolService (GrpcClientProtocolService.java:lambda$processClientRequest$0(278)) - Failed RaftClientRequest:client-352D35361D97->localhost_10001@group-DB7CD3B4A7F8, cid=42, seq=0, RW, Message:321f0a0f0a0d74657374...(size=33), reply=RaftClientReply:client-352D35361D97->localhost_10001@group-DB7CD3B4A7F8, cid=42, FAILED org.apache.ratis.protocol.NotLeaderException: Server localhost_10001@group-DB7CD3B4A7F8 is not the leader, logIndex=0, commits[localhost_10001:c-1]
2019-09-26 13:33:03,777 INFO  client.GrpcClientProtocolService (GrpcClientProtocolService.java:lambda$processClientRequest$0(278)) - Failed RaftClientRequest:client-352D35361D97->localhost_10000@group-DB7CD3B4A7F8, cid=42, seq=0, RW, Message:321f0a0f0a0d74657374...(size=33), reply=RaftClientReply:client-352D35361D97->localhost_10000@group-DB7CD3B4A7F8, cid=42, FAILED org.apache.ratis.protocol.NotLeaderException: Server localhost_10000@group-DB7CD3B4A7F8 is not the leader, logIndex=0, commits[localhost_10000:c-1]
2019-09-26 13:33:03,779 INFO  client.GrpcClientProtocolService (GrpcClientProtocolService.java:lambda$processClientRequest$0(278)) - Failed RaftClientRequest:client-352D35361D97->localhost_10002@group-DB7CD3B4A7F8, cid=42, seq=0, RW, Message:321f0a0f0a0d74657374...(size=33), reply=RaftClientReply:client-352D35361D97->localhost_10002@group-DB7CD3B4A7F8, cid=42, FAILED org.apache.ratis.protocol.NotLeaderException: Server localhost_10002@group-DB7CD3B4A7F8 is not the leader, logIndex=0, commits[localhost_10002:c-1]
2019-09-26 13:33:03,782 INFO  client.GrpcClientProtocolService (GrpcClientProtocolService.java:lambda$processClientRequest$0(278)) - Failed RaftClientRequest:client-352D35361D97->localhost_10001@group-DB7CD3B4A7F8, cid=42, seq=0, RW, Message:321f0a0f0a0d74657374...(size=33), reply=RaftClientReply:client-352D35361D97->localhost_10001@group-DB7CD3B4A7F8, cid=42, FAILED org.apache.ratis.protocol.NotLeaderException: Server localhost_10001@group-DB7CD3B4A7F8 is not the leader, logIndex=0, commits[localhost_10001:c-1]
2019-09-26 13:33:03,785 INFO  client.GrpcClientProtocolService (GrpcClientProtocolService.java:lambda$processClientRequest$0(278)) - Failed RaftClientRequest:client-352D35361D97->localhost_10000@group-DB7CD3B4A7F8, cid=42, seq=0, RW, Message:321f0a0f0a0d74657374...(size=33), reply=RaftClientReply:client-352D35361D97->localhost_10000@group-DB7CD3B4A7F8, cid=42, FAILED org.apache.ratis.protocol.NotLeaderException: Server localhost_10000@group-DB7CD3B4A7F8 is not the leader, logIndex=0, commits[localhost_10000:c-1]
2019-09-26 13:33:03,787 INFO  client.GrpcClientProtocolService (GrpcClientProtocolService.java:lambda$processClientRequest$0(278)) - Failed RaftClientRequest:client-352D35361D97->localhost_10001@group-DB7CD3B4A7F8, cid=42, seq=0, RW, Message:321f0a0f0a0d74657374...(size=33), reply=RaftClientReply:client-352D35361D97->localhost_10001@group-DB7CD3B4A7F8, cid=42, FAILED org.apache.ratis.protocol.NotLeaderException: Server localhost_10001@group-DB7CD3B4A7F8 is not the leader, logIndex=0, commits[localhost_10001:c-1]
2019-09-26 13:33:03,789 INFO  client.GrpcClientProtocolService (GrpcClientProtocolService.java:lambda$processClientRequest$0(278)) - Failed RaftClientRequest:client-352D35361D97->localhost_10000@group-DB7CD3B4A7F8, cid=42, seq=0, RW, Message:321f0a0f0a0d74657374...(size=33), reply=RaftClientReply:client-352D35361D97->localhost_10000@group-DB7CD3B4A7F8, cid=42, FAILED org.apache.ratis.protocol.NotLeaderException: Server localhost_10000@group-DB7CD3B4A7F8 is not the leader, logIndex=0, commits[localhost_10000:c-1]
2019-09-26 13:33:03,791 INFO  client.GrpcClientProtocolService (GrpcClientProtocolService.java:lambda$processClientRequest$0(278)) - Failed RaftClientRequest:client-352D35361D97->localhost_10002@group-DB7CD3B4A7F8, cid=42, seq=0, RW, Message:321f0a0f0a0d74657374...(size=33), reply=RaftClientReply:client-352D35361D97->localhost_10002@group-DB7CD3B4A7F8, cid=42, FAILED org.apache.ratis.protocol.NotLeaderException: Server localhost_10002@group-DB7CD3B4A7F8 is not the leader, logIndex=0, commits[localhost_10002:c-1]
2019-09-26 13:33:03,794 INFO  client.GrpcClientProtocolService (GrpcClientProtocolService.java:lambda$processClientRequest$0(278)) - Failed RaftClientRequest:client-352D35361D97->localhost_10000@group-DB7CD3B4A7F8, cid=42, seq=0, RW, Message:321f0a0f0a0d74657374...(size=33), reply=RaftClientReply:client-352D35361D97->localhost_10000@group-DB7CD3B4A7F8, cid=42, FAILED org.apache.ratis.protocol.NotLeaderException: Server localhost_10000@group-DB7CD3B4A7F8 is not the leader, logIndex=0, commits[localhost_10000:c-1]
2019-09-26 13:33:03,796 INFO  client.GrpcClientProtocolService (GrpcClientProtocolService.java:lambda$processClientRequest$0(278)) - Failed RaftClientRequest:client-352D35361D97->localhost_10002@group-DB7CD3B4A7F8, cid=42, seq=0, RW, Message:321f0a0f0a0d74657374...(size=33), reply=RaftClientReply:client-352D35361D97->localhost_10002@group-DB7CD3B4A7F8, cid=42, FAILED org.apache.ratis.protocol.NotLeaderException: Server localhost_10002@group-DB7CD3B4A7F8 is not the leader, logIndex=0, commits[localhost_10002:c-1]
2019-09-26 13:33:03,798 INFO  client.GrpcClientProtocolService (GrpcClientProtocolService.java:lambda$processClientRequest$0(278)) - Failed RaftClientRequest:client-352D35361D97->localhost_10001@group-DB7CD3B4A7F8, cid=42, seq=0, RW, Message:321f0a0f0a0d74657374...(size=33), reply=RaftClientReply:client-352D35361D97->localhost_10001@group-DB7CD3B4A7F8, cid=42, FAILED org.apache.ratis.protocol.NotLeaderException: Server localhost_10001@group-DB7CD3B4A7F8 is not the leader, logIndex=0, commits[localhost_10001:c-1]
2019-09-26 13:33:03,800 INFO  client.GrpcClientProtocolService (GrpcClientProtocolService.java:lambda$processClientRequest$0(278)) - Failed RaftClientRequest:client-352D35361D97->localhost_10002@group-DB7CD3B4A7F8, cid=42, seq=0, RW, Message:321f0a0f0a0d74657374...(size=33), reply=RaftClientReply:client-352D35361D97->localhost_10002@group-DB7CD3B4A7F8, cid=42, FAILED org.apache.ratis.protocol.NotLeaderException: Server localhost_10002@group-DB7CD3B4A7F8 is not the leader, logIndex=0, commits[localhost_10002:c-1]
2019-09-26 13:33:03,803 INFO  client.GrpcClientProtocolService (GrpcClientProtocolService.java:lambda$processClientRequest$0(278)) - Failed RaftClientRequest:client-352D35361D97->localhost_10000@group-DB7CD3B4A7F8, cid=42, seq=0, RW, Message:321f0a0f0a0d74657374...(size=33), reply=RaftClientReply:client-352D35361D97->localhost_10000@group-DB7CD3B4A7F8, cid=42, FAILED org.apache.ratis.protocol.NotLeaderException: Server localhost_10000@group-DB7CD3B4A7F8 is not the leader, logIndex=0, commits[localhost_10000:c-1]
2019-09-26 13:33:03,805 INFO  client.GrpcClientProtocolService (GrpcClientProtocolService.java:lambda$processClientRequest$0(278)) - Failed RaftClientRequest:client-352D35361D97->localhost_10001@group-DB7CD3B4A7F8, cid=42, seq=0, RW, Message:321f0a0f0a0d74657374...(size=33), reply=RaftClientReply:client-352D35361D97->localhost_10001@group-DB7CD3B4A7F8, cid=42, FAILED org.apache.ratis.protocol.NotLeaderException: Server localhost_10001@group-DB7CD3B4A7F8 is not the leader, logIndex=0, commits[localhost_10001:c-1]
2019-09-26 13:33:03,806 INFO  client.GrpcClientProtocolService (GrpcClientProtocolService.java:lambda$processClientRequest$0(278)) - Failed RaftClientRequest:client-352D35361D97->localhost_10002@group-DB7CD3B4A7F8, cid=42, seq=0, RW, Message:321f0a0f0a0d74657374...(size=33), reply=RaftClientReply:client-352D35361D97->localhost_10002@group-DB7CD3B4A7F8, cid=42, FAILED org.apache.ratis.protocol.NotLeaderException: Server localhost_10002@group-DB7CD3B4A7F8 is not the leader, logIndex=0, commits[localhost_10002:c-1]
2019-09-26 13:33:03,809 INFO  client.GrpcClientProtocolService (GrpcClientProtocolService.java:lambda$processClientRequest$0(278)) - Failed RaftClientRequest:client-352D35361D97->localhost_10000@group-DB7CD3B4A7F8, cid=42, seq=0, RW, Message:321f0a0f0a0d74657374...(size=33), reply=RaftClientReply:client-352D35361D97->localhost_10000@group-DB7CD3B4A7F8, cid=42, FAILED org.apache.ratis.protocol.NotLeaderException: Server localhost_10000@group-DB7CD3B4A7F8 is not the leader, logIndex=0, commits[localhost_10000:c-1]
2019-09-26 13:33:03,811 INFO  client.GrpcClientProtocolService (GrpcClientProtocolService.java:lambda$processClientRequest$0(278)) - Failed RaftClientRequest:client-352D35361D97->localhost_10002@group-DB7CD3B4A7F8, cid=42, seq=0, RW, Message:321f0a0f0a0d74657374...(size=33), reply=RaftClientReply:client-352D35361D97->localhost_10002@group-DB7CD3B4A7F8, cid=42, FAILED org.apache.ratis.protocol.NotLeaderException: Server localhost_10002@group-DB7CD3B4A7F8 is not the leader, logIndex=0, commits[localhost_10002:c-1]
2019-09-26 13:33:03,813 INFO  client.GrpcClientProtocolService (GrpcClientProtocolService.java:lambda$processClientRequest$0(278)) - Failed RaftClientRequest:client-352D35361D97->localhost_10001@group-DB7CD3B4A7F8, cid=42, seq=0, RW, Message:321f0a0f0a0d74657374...(size=33), reply=RaftClientReply:client-352D35361D97->localhost_10001@group-DB7CD3B4A7F8, cid=42, FAILED org.apache.ratis.protocol.NotLeaderException: Server localhost_10001@group-DB7CD3B4A7F8 is not the leader, logIndex=0, commits[localhost_10001:c-1]
2019-09-26 13:33:03,815 INFO  client.GrpcClientProtocolService (GrpcClientProtocolService.java:lambda$processClientRequest$0(278)) - Failed RaftClientRequest:client-352D35361D97->localhost_10002@group-DB7CD3B4A7F8, cid=42, seq=0, RW, Message:321f0a0f0a0d74657374...(size=33), reply=RaftClientReply:client-352D35361D97->localhost_10002@group-DB7CD3B4A7F8, cid=42, FAILED org.apache.ratis.protocol.NotLeaderException: Server localhost_10002@group-DB7CD3B4A7F8 is not the leader, logIndex=0, commits[localhost_10002:c-1]
2019-09-26 13:33:03,817 INFO  client.GrpcClientProtocolService (GrpcClientProtocolService.java:lambda$processClientRequest$0(278)) - Failed RaftClientRequest:client-352D35361D97->localhost_10001@group-DB7CD3B4A7F8, cid=42, seq=0, RW, Message:321f0a0f0a0d74657374...(size=33), reply=RaftClientReply:client-352D35361D97->localhost_10001@group-DB7CD3B4A7F8, cid=42, FAILED org.apache.ratis.protocol.NotLeaderException: Server localhost_10001@group-DB7CD3B4A7F8 is not the leader, logIndex=0, commits[localhost_10001:c-1]
2019-09-26 13:33:03,819 INFO  client.GrpcClientProtocolService (GrpcClientProtocolService.java:lambda$processClientRequest$0(278)) - Failed RaftClientRequest:client-352D35361D97->localhost_10002@group-DB7CD3B4A7F8, cid=42, seq=0, RW, Message:321f0a0f0a0d74657374...(size=33), reply=RaftClientReply:client-352D35361D97->localhost_10002@group-DB7CD3B4A7F8, cid=42, FAILED org.apache.ratis.protocol.NotLeaderException: Server localhost_10002@group-DB7CD3B4A7F8 is not the leader, logIndex=0, commits[localhost_10002:c-1]
2019-09-26 13:33:03,821 INFO  client.GrpcClientProtocolService (GrpcClientProtocolService.java:lambda$processClientRequest$0(278)) - Failed RaftClientRequest:client-352D35361D97->localhost_10001@group-DB7CD3B4A7F8, cid=42, seq=0, RW, Message:321f0a0f0a0d74657374...(size=33), reply=RaftClientReply:client-352D35361D97->localhost_10001@group-DB7CD3B4A7F8, cid=42, FAILED org.apache.ratis.protocol.NotLeaderException: Server localhost_10001@group-DB7CD3B4A7F8 is not the leader, logIndex=0, commits[localhost_10001:c-1]
2019-09-26 13:33:03,823 INFO  client.GrpcClientProtocolService (GrpcClientProtocolService.java:lambda$processClientRequest$0(278)) - Failed RaftClientRequest:client-352D35361D97->localhost_10000@group-DB7CD3B4A7F8, cid=42, seq=0, RW, Message:321f0a0f0a0d74657374...(size=33), reply=RaftClientReply:client-352D35361D97->localhost_10000@group-DB7CD3B4A7F8, cid=42, FAILED org.apache.ratis.protocol.NotLeaderException: Server localhost_10000@group-DB7CD3B4A7F8 is not the leader, logIndex=0, commits[localhost_10000:c-1]
2019-09-26 13:33:03,825 INFO  client.GrpcClientProtocolService (GrpcClientProtocolService.java:lambda$processClientRequest$0(278)) - Failed RaftClientRequest:client-352D35361D97->localhost_10002@group-DB7CD3B4A7F8, cid=42, seq=0, RW, Message:321f0a0f0a0d74657374...(size=33), reply=RaftClientReply:client-352D35361D97->localhost_10002@group-DB7CD3B4A7F8, cid=42, FAILED org.apache.ratis.protocol.NotLeaderException: Server localhost_10002@group-DB7CD3B4A7F8 is not the leader, logIndex=0, commits[localhost_10002:c-1]
2019-09-26 13:33:03,828 INFO  client.GrpcClientProtocolService (GrpcClientProtocolService.java:lambda$processClientRequest$0(278)) - Failed RaftClientRequest:client-352D35361D97->localhost_10000@group-DB7CD3B4A7F8, cid=42, seq=0, RW, Message:321f0a0f0a0d74657374...(size=33), reply=RaftClientReply:client-352D35361D97->localhost_10000@group-DB7CD3B4A7F8, cid=42, FAILED org.apache.ratis.protocol.NotLeaderException: Server localhost_10000@group-DB7CD3B4A7F8 is not the leader, logIndex=0, commits[localhost_10000:c-1]
2019-09-26 13:33:03,830 INFO  client.GrpcClientProtocolService (GrpcClientProtocolService.java:lambda$processClientRequest$0(278)) - Failed RaftClientRequest:client-352D35361D97->localhost_10002@group-DB7CD3B4A7F8, cid=42, seq=0, RW, Message:321f0a0f0a0d74657374...(size=33), reply=RaftClientReply:client-352D35361D97->localhost_10002@group-DB7CD3B4A7F8, cid=42, FAILED org.apache.ratis.protocol.NotLeaderException: Server localhost_10002@group-DB7CD3B4A7F8 is not the leader, logIndex=0, commits[localhost_10002:c-1]
2019-09-26 13:33:03,832 INFO  client.GrpcClientProtocolService (GrpcClientProtocolService.java:lambda$processClientRequest$0(278)) - Failed RaftClientRequest:client-352D35361D97->localhost_10000@group-DB7CD3B4A7F8, cid=42, seq=0, RW, Message:321f0a0f0a0d74657374...(size=33), reply=RaftClientReply:client-352D35361D97->localhost_10000@group-DB7CD3B4A7F8, cid=42, FAILED org.apache.ratis.protocol.NotLeaderException: Server localhost_10000@group-DB7CD3B4A7F8 is not the leader, logIndex=0, commits[localhost_10000:c-1]
2019-09-26 13:33:03,834 INFO  client.GrpcClientProtocolService (GrpcClientProtocolService.java:lambda$processClientRequest$0(278)) - Failed RaftClientRequest:client-352D35361D97->localhost_10001@group-DB7CD3B4A7F8, cid=42, seq=0, RW, Message:321f0a0f0a0d74657374...(size=33), reply=RaftClientReply:client-352D35361D97->localhost_10001@group-DB7CD3B4A7F8, cid=42, FAILED org.apache.ratis.protocol.NotLeaderException: Server localhost_10001@group-DB7CD3B4A7F8 is not the leader, logIndex=0, commits[localhost_10001:c-1]
2019-09-26 13:33:03,836 INFO  client.GrpcClientProtocolService (GrpcClientProtocolService.java:lambda$processClientRequest$0(278)) - Failed RaftClientRequest:client-352D35361D97->localhost_10000@group-DB7CD3B4A7F8, cid=42, seq=0, RW, Message:321f0a0f0a0d74657374...(size=33), reply=RaftClientReply:client-352D35361D97->localhost_10000@group-DB7CD3B4A7F8, cid=42, FAILED org.apache.ratis.protocol.NotLeaderException: Server localhost_10000@group-DB7CD3B4A7F8 is not the leader, logIndex=0, commits[localhost_10000:c-1]
2019-09-26 13:33:03,839 INFO  client.GrpcClientProtocolService (GrpcClientProtocolService.java:lambda$processClientRequest$0(278)) - Failed RaftClientRequest:client-352D35361D97->localhost_10002@group-DB7CD3B4A7F8, cid=42, seq=0, RW, Message:321f0a0f0a0d74657374...(size=33), reply=RaftClientReply:client-352D35361D97->localhost_10002@group-DB7CD3B4A7F8, cid=42, FAILED org.apache.ratis.protocol.NotLeaderException: Server localhost_10002@group-DB7CD3B4A7F8 is not the leader, logIndex=0, commits[localhost_10002:c-1]
2019-09-26 13:33:03,841 INFO  client.GrpcClientProtocolService (GrpcClientProtocolService.java:lambda$processClientRequest$0(278)) - Failed RaftClientRequest:client-352D35361D97->localhost_10001@group-DB7CD3B4A7F8, cid=42, seq=0, RW, Message:321f0a0f0a0d74657374...(size=33), reply=RaftClientReply:client-352D35361D97->localhost_10001@group-DB7CD3B4A7F8, cid=42, FAILED org.apache.ratis.protocol.NotLeaderException: Server localhost_10001@group-DB7CD3B4A7F8 is not the leader, logIndex=0, commits[localhost_10001:c-1]
2019-09-26 13:33:03,843 INFO  client.GrpcClientProtocolService (GrpcClientProtocolService.java:lambda$processClientRequest$0(278)) - Failed RaftClientRequest:client-352D35361D97->localhost_10002@group-DB7CD3B4A7F8, cid=42, seq=0, RW, Message:321f0a0f0a0d74657374...(size=33), reply=RaftClientReply:client-352D35361D97->localhost_10002@group-DB7CD3B4A7F8, cid=42, FAILED org.apache.ratis.protocol.NotLeaderException: Server localhost_10002@group-DB7CD3B4A7F8 is not the leader, logIndex=0, commits[localhost_10002:c-1]
2019-09-26 13:33:03,846 INFO  client.GrpcClientProtocolService (GrpcClientProtocolService.java:lambda$processClientRequest$0(278)) - Failed RaftClientRequest:client-352D35361D97->localhost_10001@group-DB7CD3B4A7F8, cid=42, seq=0, RW, Message:321f0a0f0a0d74657374...(size=33), reply=RaftClientReply:client-352D35361D97->localhost_10001@group-DB7CD3B4A7F8, cid=42, FAILED org.apache.ratis.protocol.NotLeaderException: Server localhost_10001@group-DB7CD3B4A7F8 is not the leader, logIndex=0, commits[localhost_10001:c-1]
2019-09-26 13:33:03,847 INFO  client.GrpcClientProtocolService (GrpcClientProtocolService.java:lambda$processClientRequest$0(278)) - Failed RaftClientRequest:client-352D35361D97->localhost_10002@group-DB7CD3B4A7F8, cid=42, seq=0, RW, Message:321f0a0f0a0d74657374...(size=33), reply=RaftClientReply:client-352D35361D97->localhost_10002@group-DB7CD3B4A7F8, cid=42, FAILED org.apache.ratis.protocol.NotLeaderException: Server localhost_10002@group-DB7CD3B4A7F8 is not the leader, logIndex=0, commits[localhost_10002:c-1]
2019-09-26 13:33:03,849 INFO  client.GrpcClientProtocolService (GrpcClientProtocolService.java:lambda$processClientRequest$0(278)) - Failed RaftClientRequest:client-352D35361D97->localhost_10000@group-DB7CD3B4A7F8, cid=42, seq=0, RW, Message:321f0a0f0a0d74657374...(size=33), reply=RaftClientReply:client-352D35361D97->localhost_10000@group-DB7CD3B4A7F8, cid=42, FAILED org.apache.ratis.protocol.NotLeaderException: Server localhost_10000@group-DB7CD3B4A7F8 is not the leader, logIndex=0, commits[localhost_10000:c-1]
2019-09-26 13:33:03,851 INFO  client.GrpcClientProtocolService (GrpcClientProtocolService.java:lambda$processClientRequest$0(278)) - Failed RaftClientRequest:client-352D35361D97->localhost_10001@group-DB7CD3B4A7F8, cid=42, seq=0, RW, Message:321f0a0f0a0d74657374...(size=33), reply=RaftClientReply:client-352D35361D97->localhost_10001@group-DB7CD3B4A7F8, cid=42, FAILED org.apache.ratis.protocol.NotLeaderException: Server localhost_10001@group-DB7CD3B4A7F8 is not the leader, logIndex=0, commits[localhost_10001:c-1]
2019-09-26 13:33:03,854 INFO  client.GrpcClientProtocolService (GrpcClientProtocolService.java:lambda$processClientRequest$0(278)) - Failed RaftClientRequest:client-352D35361D97->localhost_10002@group-DB7CD3B4A7F8, cid=42, seq=0, RW, Message:321f0a0f0a0d74657374...(size=33), reply=RaftClientReply:client-352D35361D97->localhost_10002@group-DB7CD3B4A7F8, cid=42, FAILED org.apache.ratis.protocol.NotLeaderException: Server localhost_10002@group-DB7CD3B4A7F8 is not the leader, logIndex=0, commits[localhost_10002:c-1]
2019-09-26 13:33:03,856 INFO  client.GrpcClientProtocolService (GrpcClientProtocolService.java:lambda$processClientRequest$0(278)) - Failed RaftClientRequest:client-352D35361D97->localhost_10000@group-DB7CD3B4A7F8, cid=42, seq=0, RW, Message:321f0a0f0a0d74657374...(size=33), reply=RaftClientReply:client-352D35361D97->localhost_10000@group-DB7CD3B4A7F8, cid=42, FAILED org.apache.ratis.protocol.NotLeaderException: Server localhost_10000@group-DB7CD3B4A7F8 is not the leader, logIndex=0, commits[localhost_10000:c-1]
2019-09-26 13:33:03,858 INFO  client.GrpcClientProtocolService (GrpcClientProtocolService.java:lambda$processClientRequest$0(278)) - Failed RaftClientRequest:client-352D35361D97->localhost_10002@group-DB7CD3B4A7F8, cid=42, seq=0, RW, Message:321f0a0f0a0d74657374...(size=33), reply=RaftClientReply:client-352D35361D97->localhost_10002@group-DB7CD3B4A7F8, cid=42, FAILED org.apache.ratis.protocol.NotLeaderException: Server localhost_10002@group-DB7CD3B4A7F8 is not the leader, logIndex=0, commits[localhost_10002:c-1]
2019-09-26 13:33:03,860 INFO  client.GrpcClientProtocolService (GrpcClientProtocolService.java:lambda$processClientRequest$0(278)) - Failed RaftClientRequest:client-352D35361D97->localhost_10001@group-DB7CD3B4A7F8, cid=42, seq=0, RW, Message:321f0a0f0a0d74657374...(size=33), reply=RaftClientReply:client-352D35361D97->localhost_10001@group-DB7CD3B4A7F8, cid=42, FAILED org.apache.ratis.protocol.NotLeaderException: Server localhost_10001@group-DB7CD3B4A7F8 is not the leader, logIndex=0, commits[localhost_10001:c-1]
2019-09-26 13:33:03,862 INFO  client.GrpcClientProtocolService (GrpcClientProtocolService.java:lambda$processClientRequest$0(278)) - Failed RaftClientRequest:client-352D35361D97->localhost_10002@group-DB7CD3B4A7F8, cid=42, seq=0, RW, Message:321f0a0f0a0d74657374...(size=33), reply=RaftClientReply:client-352D35361D97->localhost_10002@group-DB7CD3B4A7F8, cid=42, FAILED org.apache.ratis.protocol.NotLeaderException: Server localhost_10002@group-DB7CD3B4A7F8 is not the leader, logIndex=0, commits[localhost_10002:c-1]
2019-09-26 13:33:03,864 INFO  client.GrpcClientProtocolService (GrpcClientProtocolService.java:lambda$processClientRequest$0(278)) - Failed RaftClientRequest:client-352D35361D97->localhost_10001@group-DB7CD3B4A7F8, cid=42, seq=0, RW, Message:321f0a0f0a0d74657374...(size=33), reply=RaftClientReply:client-352D35361D97->localhost_10001@group-DB7CD3B4A7F8, cid=42, FAILED org.apache.ratis.protocol.NotLeaderException: Server localhost_10001@group-DB7CD3B4A7F8 is not the leader, logIndex=0, commits[localhost_10001:c-1]
2019-09-26 13:33:03,867 INFO  client.GrpcClientProtocolService (GrpcClientProtocolService.java:lambda$processClientRequest$0(278)) - Failed RaftClientRequest:client-352D35361D97->localhost_10000@group-DB7CD3B4A7F8, cid=42, seq=0, RW, Message:321f0a0f0a0d74657374...(size=33), reply=RaftClientReply:client-352D35361D97->localhost_10000@group-DB7CD3B4A7F8, cid=42, FAILED org.apache.ratis.protocol.NotLeaderException: Server localhost_10000@group-DB7CD3B4A7F8 is not the leader, logIndex=0, commits[localhost_10000:c-1]
2019-09-26 13:33:03,869 INFO  client.GrpcClientProtocolService (GrpcClientProtocolService.java:lambda$processClientRequest$0(278)) - Failed RaftClientRequest:client-352D35361D97->localhost_10001@group-DB7CD3B4A7F8, cid=42, seq=0, RW, Message:321f0a0f0a0d74657374...(size=33), reply=RaftClientReply:client-352D35361D97->localhost_10001@group-DB7CD3B4A7F8, cid=42, FAILED org.apache.ratis.protocol.NotLeaderException: Server localhost_10001@group-DB7CD3B4A7F8 is not the leader, logIndex=0, commits[localhost_10001:c-1]
2019-09-26 13:33:03,872 INFO  client.GrpcClientProtocolService (GrpcClientProtocolService.java:lambda$processClientRequest$0(278)) - Failed RaftClientRequest:client-352D35361D97->localhost_10002@group-DB7CD3B4A7F8, cid=42, seq=0, RW, Message:321f0a0f0a0d74657374...(size=33), reply=RaftClientReply:client-352D35361D97->localhost_10002@group-DB7CD3B4A7F8, cid=42, FAILED org.apache.ratis.protocol.NotLeaderException: Server localhost_10002@group-DB7CD3B4A7F8 is not the leader, logIndex=0, commits[localhost_10002:c-1]
2019-09-26 13:33:03,873 INFO  client.GrpcClientProtocolService (GrpcClientProtocolService.java:lambda$processClientRequest$0(278)) - Failed RaftClientRequest:client-352D35361D97->localhost_10000@group-DB7CD3B4A7F8, cid=42, seq=0, RW, Message:321f0a0f0a0d74657374...(size=33), reply=RaftClientReply:client-352D35361D97->localhost_10000@group-DB7CD3B4A7F8, cid=42, FAILED org.apache.ratis.protocol.NotLeaderException: Server localhost_10000@group-DB7CD3B4A7F8 is not the leader, logIndex=0, commits[localhost_10000:c-1]
2019-09-26 13:33:03,876 INFO  client.GrpcClientProtocolService (GrpcClientProtocolService.java:lambda$processClientRequest$0(278)) - Failed RaftClientRequest:client-352D35361D97->localhost_10001@group-DB7CD3B4A7F8, cid=42, seq=0, RW, Message:321f0a0f0a0d74657374...(size=33), reply=RaftClientReply:client-352D35361D97->localhost_10001@group-DB7CD3B4A7F8, cid=42, FAILED org.apache.ratis.protocol.NotLeaderException: Server localhost_10001@group-DB7CD3B4A7F8 is not the leader, logIndex=0, commits[localhost_10001:c-1]
2019-09-26 13:33:03,878 INFO  client.GrpcClientProtocolService (GrpcClientProtocolService.java:lambda$processClientRequest$0(278)) - Failed RaftClientRequest:client-352D35361D97->localhost_10000@group-DB7CD3B4A7F8, cid=42, seq=0, RW, Message:321f0a0f0a0d74657374...(size=33), reply=RaftClientReply:client-352D35361D97->localhost_10000@group-DB7CD3B4A7F8, cid=42, FAILED org.apache.ratis.protocol.NotLeaderException: Server localhost_10000@group-DB7CD3B4A7F8 is not the leader, logIndex=0, commits[localhost_10000:c-1]
2019-09-26 13:33:03,880 INFO  client.GrpcClientProtocolService (GrpcClientProtocolService.java:lambda$processClientRequest$0(278)) - Failed RaftClientRequest:client-352D35361D97->localhost_10001@group-DB7CD3B4A7F8, cid=42, seq=0, RW, Message:321f0a0f0a0d74657374...(size=33), reply=RaftClientReply:client-352D35361D97->localhost_10001@group-DB7CD3B4A7F8, cid=42, FAILED org.apache.ratis.protocol.NotLeaderException: Server localhost_10001@group-DB7CD3B4A7F8 is not the leader, logIndex=0, commits[localhost_10001:c-1]
2019-09-26 13:33:03,883 INFO  client.GrpcClientProtocolService (GrpcClientProtocolService.java:lambda$processClientRequest$0(278)) - Failed RaftClientRequest:client-352D35361D97->localhost_10000@group-DB7CD3B4A7F8, cid=42, seq=0, RW, Message:321f0a0f0a0d74657374...(size=33), reply=RaftClientReply:client-352D35361D97->localhost_10000@group-DB7CD3B4A7F8, cid=42, FAILED org.apache.ratis.protocol.NotLeaderException: Server localhost_10000@group-DB7CD3B4A7F8 is not the leader, logIndex=0, commits[localhost_10000:c-1]
2019-09-26 13:33:03,887 INFO  client.GrpcClientProtocolService (GrpcClientProtocolService.java:lambda$processClientRequest$0(278)) - Failed RaftClientRequest:client-352D35361D97->localhost_10002@group-DB7CD3B4A7F8, cid=42, seq=0, RW, Message:321f0a0f0a0d74657374...(size=33), reply=RaftClientReply:client-352D35361D97->localhost_10002@group-DB7CD3B4A7F8, cid=42, FAILED org.apache.ratis.protocol.NotLeaderException: Server localhost_10002@group-DB7CD3B4A7F8 is not the leader, logIndex=0, commits[localhost_10002:c-1]
2019-09-26 13:33:03,890 INFO  client.GrpcClientProtocolService (GrpcClientProtocolService.java:lambda$processClientRequest$0(278)) - Failed RaftClientRequest:client-352D35361D97->localhost_10000@group-DB7CD3B4A7F8, cid=42, seq=0, RW, Message:321f0a0f0a0d74657374...(size=33), reply=RaftClientReply:client-352D35361D97->localhost_10000@group-DB7CD3B4A7F8, cid=42, FAILED org.apache.ratis.protocol.NotLeaderException: Server localhost_10000@group-DB7CD3B4A7F8 is not the leader, logIndex=0, commits[localhost_10000:c-1]
2019-09-26 13:33:03,892 INFO  client.GrpcClientProtocolService (GrpcClientProtocolService.java:lambda$processClientRequest$0(278)) - Failed RaftClientRequest:client-352D35361D97->localhost_10001@group-DB7CD3B4A7F8, cid=42, seq=0, RW, Message:321f0a0f0a0d74657374...(size=33), reply=RaftClientReply:client-352D35361D97->localhost_10001@group-DB7CD3B4A7F8, cid=42, FAILED org.apache.ratis.protocol.NotLeaderException: Server localhost_10001@group-DB7CD3B4A7F8 is not the leader, logIndex=0, commits[localhost_10001:c-1]
2019-09-26 13:33:03,894 INFO  client.GrpcClientProtocolService (GrpcClientProtocolService.java:lambda$processClientRequest$0(278)) - Failed RaftClientRequest:client-352D35361D97->localhost_10002@group-DB7CD3B4A7F8, cid=42, seq=0, RW, Message:321f0a0f0a0d74657374...(size=33), reply=RaftClientReply:client-352D35361D97->localhost_10002@group-DB7CD3B4A7F8, cid=42, FAILED org.apache.ratis.protocol.NotLeaderException: Server localhost_10002@group-DB7CD3B4A7F8 is not the leader, logIndex=0, commits[localhost_10002:c-1]
2019-09-26 13:33:03,896 INFO  client.GrpcClientProtocolService (GrpcClientProtocolService.java:lambda$processClientRequest$0(278)) - Failed RaftClientRequest:client-352D35361D97->localhost_10000@group-DB7CD3B4A7F8, cid=42, seq=0, RW, Message:321f0a0f0a0d74657374...(size=33), reply=RaftClientReply:client-352D35361D97->localhost_10000@group-DB7CD3B4A7F8, cid=42, FAILED org.apache.ratis.protocol.NotLeaderException: Server localhost_10000@group-DB7CD3B4A7F8 is not the leader, logIndex=0, commits[localhost_10000:c-1]
2019-09-26 13:33:03,898 INFO  client.GrpcClientProtocolService (GrpcClientProtocolService.java:lambda$processClientRequest$0(278)) - Failed RaftClientRequest:client-352D35361D97->localhost_10001@group-DB7CD3B4A7F8, cid=42, seq=0, RW, Message:321f0a0f0a0d74657374...(size=33), reply=RaftClientReply:client-352D35361D97->localhost_10001@group-DB7CD3B4A7F8, cid=42, FAILED org.apache.ratis.protocol.NotLeaderException: Server localhost_10001@group-DB7CD3B4A7F8 is not the leader, logIndex=0, commits[localhost_10001:c-1]
2019-09-26 13:33:03,900 INFO  client.GrpcClientProtocolService (GrpcClientProtocolService.java:lambda$processClientRequest$0(278)) - Failed RaftClientRequest:client-352D35361D97->localhost_10000@group-DB7CD3B4A7F8, cid=42, seq=0, RW, Message:321f0a0f0a0d74657374...(size=33), reply=RaftClientReply:client-352D35361D97->localhost_10000@group-DB7CD3B4A7F8, cid=42, FAILED org.apache.ratis.protocol.NotLeaderException: Server localhost_10000@group-DB7CD3B4A7F8 is not the leader, logIndex=0, commits[localhost_10000:c-1]
2019-09-26 13:33:03,902 INFO  client.GrpcClientProtocolService (GrpcClientProtocolService.java:lambda$processClientRequest$0(278)) - Failed RaftClientRequest:client-352D35361D97->localhost_10001@group-DB7CD3B4A7F8, cid=42, seq=0, RW, Message:321f0a0f0a0d74657374...(size=33), reply=RaftClientReply:client-352D35361D97->localhost_10001@group-DB7CD3B4A7F8, cid=42, FAILED org.apache.ratis.protocol.NotLeaderException: Server localhost_10001@group-DB7CD3B4A7F8 is not the leader, logIndex=0, commits[localhost_10001:c-1]
2019-09-26 13:33:03,904 INFO  client.GrpcClientProtocolService (GrpcClientProtocolService.java:lambda$processClientRequest$0(278)) - Failed RaftClientRequest:client-352D35361D97->localhost_10002@group-DB7CD3B4A7F8, cid=42, seq=0, RW, Message:321f0a0f0a0d74657374...(size=33), reply=RaftClientReply:client-352D35361D97->localhost_10002@group-DB7CD3B4A7F8, cid=42, FAILED org.apache.ratis.protocol.NotLeaderException: Server localhost_10002@group-DB7CD3B4A7F8 is not the leader, logIndex=0, commits[localhost_10002:c-1]
2019-09-26 13:33:03,906 INFO  client.GrpcClientProtocolService (GrpcClientProtocolService.java:lambda$processClientRequest$0(278)) - Failed RaftClientRequest:client-352D35361D97->localhost_10001@group-DB7CD3B4A7F8, cid=42, seq=0, RW, Message:321f0a0f0a0d74657374...(size=33), reply=RaftClientReply:client-352D35361D97->localhost_10001@group-DB7CD3B4A7F8, cid=42, FAILED org.apache.ratis.protocol.NotLeaderException: Server localhost_10001@group-DB7CD3B4A7F8 is not the leader, logIndex=0, commits[localhost_10001:c-1]
2019-09-26 13:33:03,907 INFO  client.GrpcClientProtocolService (GrpcClientProtocolService.java:lambda$processClientRequest$0(278)) - Failed RaftClientRequest:client-352D35361D97->localhost_10002@group-DB7CD3B4A7F8, cid=42, seq=0, RW, Message:321f0a0f0a0d74657374...(size=33), reply=RaftClientReply:client-352D35361D97->localhost_10002@group-DB7CD3B4A7F8, cid=42, FAILED org.apache.ratis.protocol.NotLeaderException: Server localhost_10002@group-DB7CD3B4A7F8 is not the leader, logIndex=0, commits[localhost_10002:c-1]
2019-09-26 13:33:03,909 INFO  client.GrpcClientProtocolService (GrpcClientProtocolService.java:lambda$processClientRequest$0(278)) - Failed RaftClientRequest:client-352D35361D97->localhost_10000@group-DB7CD3B4A7F8, cid=42, seq=0, RW, Message:321f0a0f0a0d74657374...(size=33), reply=RaftClientReply:client-352D35361D97->localhost_10000@group-DB7CD3B4A7F8, cid=42, FAILED org.apache.ratis.protocol.NotLeaderException: Server localhost_10000@group-DB7CD3B4A7F8 is not the leader, logIndex=0, commits[localhost_10000:c-1]
2019-09-26 13:33:03,911 INFO  client.GrpcClientProtocolService (GrpcClientProtocolService.java:lambda$processClientRequest$0(278)) - Failed RaftClientRequest:client-352D35361D97->localhost_10002@group-DB7CD3B4A7F8, cid=42, seq=0, RW, Message:321f0a0f0a0d74657374...(size=33), reply=RaftClientReply:client-352D35361D97->localhost_10002@group-DB7CD3B4A7F8, cid=42, FAILED org.apache.ratis.protocol.NotLeaderException: Server localhost_10002@group-DB7CD3B4A7F8 is not the leader, logIndex=0, commits[localhost_10002:c-1]
2019-09-26 13:33:03,913 INFO  client.GrpcClientProtocolService (GrpcClientProtocolService.java:lambda$processClientRequest$0(278)) - Failed RaftClientRequest:client-352D35361D97->localhost_10001@group-DB7CD3B4A7F8, cid=42, seq=0, RW, Message:321f0a0f0a0d74657374...(size=33), reply=RaftClientReply:client-352D35361D97->localhost_10001@group-DB7CD3B4A7F8, cid=42, FAILED org.apache.ratis.protocol.NotLeaderException: Server localhost_10001@group-DB7CD3B4A7F8 is not the leader, logIndex=0, commits[localhost_10001:c-1]
2019-09-26 13:33:03,915 INFO  client.GrpcClientProtocolService (GrpcClientProtocolService.java:lambda$processClientRequest$0(278)) - Failed RaftClientRequest:client-352D35361D97->localhost_10000@group-DB7CD3B4A7F8, cid=42, seq=0, RW, Message:321f0a0f0a0d74657374...(size=33), reply=RaftClientReply:client-352D35361D97->localhost_10000@group-DB7CD3B4A7F8, cid=42, FAILED org.apache.ratis.protocol.NotLeaderException: Server localhost_10000@group-DB7CD3B4A7F8 is not the leader, logIndex=0, commits[localhost_10000:c-1]
2019-09-26 13:33:03,916 INFO  client.GrpcClientProtocolService (GrpcClientProtocolService.java:lambda$processClientRequest$0(278)) - Failed RaftClientRequest:client-352D35361D97->localhost_10001@group-DB7CD3B4A7F8, cid=42, seq=0, RW, Message:321f0a0f0a0d74657374...(size=33), reply=RaftClientReply:client-352D35361D97->localhost_10001@group-DB7CD3B4A7F8, cid=42, FAILED org.apache.ratis.protocol.NotLeaderException: Server localhost_10001@group-DB7CD3B4A7F8 is not the leader, logIndex=0, commits[localhost_10001:c-1]
2019-09-26 13:33:03,919 INFO  client.GrpcClientProtocolService (GrpcClientProtocolService.java:lambda$processClientRequest$0(278)) - Failed RaftClientRequest:client-352D35361D97->localhost_10002@group-DB7CD3B4A7F8, cid=42, seq=0, RW, Message:321f0a0f0a0d74657374...(size=33), reply=RaftClientReply:client-352D35361D97->localhost_10002@group-DB7CD3B4A7F8, cid=42, FAILED org.apache.ratis.protocol.NotLeaderException: Server localhost_10002@group-DB7CD3B4A7F8 is not the leader, logIndex=0, commits[localhost_10002:c-1]
2019-09-26 13:33:03,921 INFO  client.GrpcClientProtocolService (GrpcClientProtocolService.java:lambda$processClientRequest$0(278)) - Failed RaftClientRequest:client-352D35361D97->localhost_10000@group-DB7CD3B4A7F8, cid=42, seq=0, RW, Message:321f0a0f0a0d74657374...(size=33), reply=RaftClientReply:client-352D35361D97->localhost_10000@group-DB7CD3B4A7F8, cid=42, FAILED org.apache.ratis.protocol.NotLeaderException: Server localhost_10000@group-DB7CD3B4A7F8 is not the leader, logIndex=0, commits[localhost_10000:c-1]
2019-09-26 13:33:03,922 INFO  client.GrpcClientProtocolService (GrpcClientProtocolService.java:lambda$processClientRequest$0(278)) - Failed RaftClientRequest:client-352D35361D97->localhost_10002@group-DB7CD3B4A7F8, cid=42, seq=0, RW, Message:321f0a0f0a0d74657374...(size=33), reply=RaftClientReply:client-352D35361D97->localhost_10002@group-DB7CD3B4A7F8, cid=42, FAILED org.apache.ratis.protocol.NotLeaderException: Server localhost_10002@group-DB7CD3B4A7F8 is not the leader, logIndex=0, commits[localhost_10002:c-1]
2019-09-26 13:33:03,924 INFO  client.GrpcClientProtocolService (GrpcClientProtocolService.java:lambda$processClientRequest$0(278)) - Failed RaftClientRequest:client-352D35361D97->localhost_10000@group-DB7CD3B4A7F8, cid=42, seq=0, RW, Message:321f0a0f0a0d74657374...(size=33), reply=RaftClientReply:client-352D35361D97->localhost_10000@group-DB7CD3B4A7F8, cid=42, FAILED org.apache.ratis.protocol.NotLeaderException: Server localhost_10000@group-DB7CD3B4A7F8 is not the leader, logIndex=0, commits[localhost_10000:c-1]
2019-09-26 13:33:03,926 INFO  client.GrpcClientProtocolService (GrpcClientProtocolService.java:lambda$processClientRequest$0(278)) - Failed RaftClientRequest:client-352D35361D97->localhost_10002@group-DB7CD3B4A7F8, cid=42, seq=0, RW, Message:321f0a0f0a0d74657374...(size=33), reply=RaftClientReply:client-352D35361D97->localhost_10002@group-DB7CD3B4A7F8, cid=42, FAILED org.apache.ratis.protocol.NotLeaderException: Server localhost_10002@group-DB7CD3B4A7F8 is not the leader, logIndex=0, commits[localhost_10002:c-1]
2019-09-26 13:33:03,928 INFO  client.GrpcClientProtocolService (GrpcClientProtocolService.java:lambda$processClientRequest$0(278)) - Failed RaftClientRequest:client-352D35361D97->localhost_10001@group-DB7CD3B4A7F8, cid=42, seq=0, RW, Message:321f0a0f0a0d74657374...(size=33), reply=RaftClientReply:client-352D35361D97->localhost_10001@group-DB7CD3B4A7F8, cid=42, FAILED org.apache.ratis.protocol.NotLeaderException: Server localhost_10001@group-DB7CD3B4A7F8 is not the leader, logIndex=0, commits[localhost_10001:c-1]
2019-09-26 13:33:03,930 INFO  client.GrpcClientProtocolService (GrpcClientProtocolService.java:lambda$processClientRequest$0(278)) - Failed RaftClientRequest:client-352D35361D97->localhost_10002@group-DB7CD3B4A7F8, cid=42, seq=0, RW, Message:321f0a0f0a0d74657374...(size=33), reply=RaftClientReply:client-352D35361D97->localhost_10002@group-DB7CD3B4A7F8, cid=42, FAILED org.apache.ratis.protocol.NotLeaderException: Server localhost_10002@group-DB7CD3B4A7F8 is not the leader, logIndex=0, commits[localhost_10002:c-1]
2019-09-26 13:33:03,931 INFO  client.GrpcClientProtocolService (GrpcClientProtocolService.java:lambda$processClientRequest$0(278)) - Failed RaftClientRequest:client-352D35361D97->localhost_10001@group-DB7CD3B4A7F8, cid=42, seq=0, RW, Message:321f0a0f0a0d74657374...(size=33), reply=RaftClientReply:client-352D35361D97->localhost_10001@group-DB7CD3B4A7F8, cid=42, FAILED org.apache.ratis.protocol.NotLeaderException: Server localhost_10001@group-DB7CD3B4A7F8 is not the leader, logIndex=0, commits[localhost_10001:c-1]
2019-09-26 13:33:03,933 INFO  client.GrpcClientProtocolService (GrpcClientProtocolService.java:lambda$processClientRequest$0(278)) - Failed RaftClientRequest:client-352D35361D97->localhost_10000@group-DB7CD3B4A7F8, cid=42, seq=0, RW, Message:321f0a0f0a0d74657374...(size=33), reply=RaftClientReply:client-352D35361D97->localhost_10000@group-DB7CD3B4A7F8, cid=42, FAILED org.apache.ratis.protocol.NotLeaderException: Server localhost_10000@group-DB7CD3B4A7F8 is not the leader, logIndex=0, commits[localhost_10000:c-1]
2019-09-26 13:33:03,936 INFO  client.GrpcClientProtocolService (GrpcClientProtocolService.java:lambda$processClientRequest$0(278)) - Failed RaftClientRequest:client-352D35361D97->localhost_10002@group-DB7CD3B4A7F8, cid=42, seq=0, RW, Message:321f0a0f0a0d74657374...(size=33), reply=RaftClientReply:client-352D35361D97->localhost_10002@group-DB7CD3B4A7F8, cid=42, FAILED org.apache.ratis.protocol.NotLeaderException: Server localhost_10002@group-DB7CD3B4A7F8 is not the leader, logIndex=0, commits[localhost_10002:c-1]
2019-09-26 13:33:03,937 INFO  client.GrpcClientProtocolService (GrpcClientProtocolService.java:lambda$processClientRequest$0(278)) - Failed RaftClientRequest:client-352D35361D97->localhost_10001@group-DB7CD3B4A7F8, cid=42, seq=0, RW, Message:321f0a0f0a0d74657374...(size=33), reply=RaftClientReply:client-352D35361D97->localhost_10001@group-DB7CD3B4A7F8, cid=42, FAILED org.apache.ratis.protocol.NotLeaderException: Server localhost_10001@group-DB7CD3B4A7F8 is not the leader, logIndex=0, commits[localhost_10001:c-1]
2019-09-26 13:33:03,939 INFO  client.GrpcClientProtocolService (GrpcClientProtocolService.java:lambda$processClientRequest$0(278)) - Failed RaftClientRequest:client-352D35361D97->localhost_10000@group-DB7CD3B4A7F8, cid=42, seq=0, RW, Message:321f0a0f0a0d74657374...(size=33), reply=RaftClientReply:client-352D35361D97->localhost_10000@group-DB7CD3B4A7F8, cid=42, FAILED org.apache.ratis.protocol.NotLeaderException: Server localhost_10000@group-DB7CD3B4A7F8 is not the leader, logIndex=0, commits[localhost_10000:c-1]
2019-09-26 13:33:03,941 INFO  client.GrpcClientProtocolService (GrpcClientProtocolService.java:lambda$processClientRequest$0(278)) - Failed RaftClientRequest:client-352D35361D97->localhost_10001@group-DB7CD3B4A7F8, cid=42, seq=0, RW, Message:321f0a0f0a0d74657374...(size=33), reply=RaftClientReply:client-352D35361D97->localhost_10001@group-DB7CD3B4A7F8, cid=42, FAILED org.apache.ratis.protocol.NotLeaderException: Server localhost_10001@group-DB7CD3B4A7F8 is not the leader, logIndex=0, commits[localhost_10001:c-1]
2019-09-26 13:33:03,943 INFO  client.GrpcClientProtocolService (GrpcClientProtocolService.java:lambda$processClientRequest$0(278)) - Failed RaftClientRequest:client-352D35361D97->localhost_10002@group-DB7CD3B4A7F8, cid=42, seq=0, RW, Message:321f0a0f0a0d74657374...(size=33), reply=RaftClientReply:client-352D35361D97->localhost_10002@group-DB7CD3B4A7F8, cid=42, FAILED org.apache.ratis.protocol.NotLeaderException: Server localhost_10002@group-DB7CD3B4A7F8 is not the leader, logIndex=0, commits[localhost_10002:c-1]
2019-09-26 13:33:03,945 INFO  client.GrpcClientProtocolService (GrpcClientProtocolService.java:lambda$processClientRequest$0(278)) - Failed RaftClientRequest:client-352D35361D97->localhost_10001@group-DB7CD3B4A7F8, cid=42, seq=0, RW, Message:321f0a0f0a0d74657374...(size=33), reply=RaftClientReply:client-352D35361D97->localhost_10001@group-DB7CD3B4A7F8, cid=42, FAILED org.apache.ratis.protocol.NotLeaderException: Server localhost_10001@group-DB7CD3B4A7F8 is not the leader, logIndex=0, commits[localhost_10001:c-1]
2019-09-26 13:33:03,947 INFO  client.GrpcClientProtocolService (GrpcClientProtocolService.java:lambda$processClientRequest$0(278)) - Failed RaftClientRequest:client-352D35361D97->localhost_10002@group-DB7CD3B4A7F8, cid=42, seq=0, RW, Message:321f0a0f0a0d74657374...(size=33), reply=RaftClientReply:client-352D35361D97->localhost_10002@group-DB7CD3B4A7F8, cid=42, FAILED org.apache.ratis.protocol.NotLeaderException: Server localhost_10002@group-DB7CD3B4A7F8 is not the leader, logIndex=0, commits[localhost_10002:c-1]
2019-09-26 13:33:03,949 INFO  client.GrpcClientProtocolService (GrpcClientProtocolService.java:lambda$processClientRequest$0(278)) - Failed RaftClientRequest:client-352D35361D97->localhost_10000@group-DB7CD3B4A7F8, cid=42, seq=0, RW, Message:321f0a0f0a0d74657374...(size=33), reply=RaftClientReply:client-352D35361D97->localhost_10000@group-DB7CD3B4A7F8, cid=42, FAILED org.apache.ratis.protocol.NotLeaderException: Server localhost_10000@group-DB7CD3B4A7F8 is not the leader, logIndex=0, commits[localhost_10000:c-1]
2019-09-26 13:33:03,951 INFO  client.GrpcClientProtocolService (GrpcClientProtocolService.java:lambda$processClientRequest$0(278)) - Failed RaftClientRequest:client-352D35361D97->localhost_10001@group-DB7CD3B4A7F8, cid=42, seq=0, RW, Message:321f0a0f0a0d74657374...(size=33), reply=RaftClientReply:client-352D35361D97->localhost_10001@group-DB7CD3B4A7F8, cid=42, FAILED org.apache.ratis.protocol.NotLeaderException: Server localhost_10001@group-DB7CD3B4A7F8 is not the leader, logIndex=0, commits[localhost_10001:c-1]
2019-09-26 13:33:03,952 INFO  client.GrpcClientProtocolService (GrpcClientProtocolService.java:lambda$processClientRequest$0(278)) - Failed RaftClientRequest:client-352D35361D97->localhost_10002@group-DB7CD3B4A7F8, cid=42, seq=0, RW, Message:321f0a0f0a0d74657374...(size=33), reply=RaftClientReply:client-352D35361D97->localhost_10002@group-DB7CD3B4A7F8, cid=42, FAILED org.apache.ratis.protocol.NotLeaderException: Server localhost_10002@group-DB7CD3B4A7F8 is not the leader, logIndex=0, commits[localhost_10002:c-1]
2019-09-26 13:33:03,954 INFO  client.GrpcClientProtocolService (GrpcClientProtocolService.java:lambda$processClientRequest$0(278)) - Failed RaftClientRequest:client-352D35361D97->localhost_10000@group-DB7CD3B4A7F8, cid=42, seq=0, RW, Message:321f0a0f0a0d74657374...(size=33), reply=RaftClientReply:client-352D35361D97->localhost_10000@group-DB7CD3B4A7F8, cid=42, FAILED org.apache.ratis.protocol.NotLeaderException: Server localhost_10000@group-DB7CD3B4A7F8 is not the leader, logIndex=0, commits[localhost_10000:c-1]
2019-09-26 13:33:03,956 INFO  client.GrpcClientProtocolService (GrpcClientProtocolService.java:lambda$processClientRequest$0(278)) - Failed RaftClientRequest:client-352D35361D97->localhost_10002@group-DB7CD3B4A7F8, cid=42, seq=0, RW, Message:321f0a0f0a0d74657374...(size=33), reply=RaftClientReply:client-352D35361D97->localhost_10002@group-DB7CD3B4A7F8, cid=42, FAILED org.apache.ratis.protocol.NotLeaderException: Server localhost_10002@group-DB7CD3B4A7F8 is not the leader, logIndex=0, commits[localhost_10002:c-1]
2019-09-26 13:33:03,958 INFO  client.GrpcClientProtocolService (GrpcClientProtocolService.java:lambda$processClientRequest$0(278)) - Failed RaftClientRequest:client-352D35361D97->localhost_10001@group-DB7CD3B4A7F8, cid=42, seq=0, RW, Message:321f0a0f0a0d74657374...(size=33), reply=RaftClientReply:client-352D35361D97->localhost_10001@group-DB7CD3B4A7F8, cid=42, FAILED org.apache.ratis.protocol.NotLeaderException: Server localhost_10001@group-DB7CD3B4A7F8 is not the leader, logIndex=0, commits[localhost_10001:c-1]
2019-09-26 13:33:03,959 INFO  client.GrpcClientProtocolService (GrpcClientProtocolService.java:lambda$processClientRequest$0(278)) - Failed RaftClientRequest:client-352D35361D97->localhost_10000@group-DB7CD3B4A7F8, cid=42, seq=0, RW, Message:321f0a0f0a0d74657374...(size=33), reply=RaftClientReply:client-352D35361D97->localhost_10000@group-DB7CD3B4A7F8, cid=42, FAILED org.apache.ratis.protocol.NotLeaderException: Server localhost_10000@group-DB7CD3B4A7F8 is not the leader, logIndex=0, commits[localhost_10000:c-1]
2019-09-26 13:33:03,961 INFO  client.GrpcClientProtocolService (GrpcClientProtocolService.java:lambda$processClientRequest$0(278)) - Failed RaftClientRequest:client-352D35361D97->localhost_10001@group-DB7CD3B4A7F8, cid=42, seq=0, RW, Message:321f0a0f0a0d74657374...(size=33), reply=RaftClientReply:client-352D35361D97->localhost_10001@group-DB7CD3B4A7F8, cid=42, FAILED org.apache.ratis.protocol.NotLeaderException: Server localhost_10001@group-DB7CD3B4A7F8 is not the leader, logIndex=0, commits[localhost_10001:c-1]
2019-09-26 13:33:03,963 INFO  client.GrpcClientProtocolService (GrpcClientProtocolService.java:lambda$processClientRequest$0(278)) - Failed RaftClientRequest:client-352D35361D97->localhost_10002@group-DB7CD3B4A7F8, cid=42, seq=0, RW, Message:321f0a0f0a0d74657374...(size=33), reply=RaftClientReply:client-352D35361D97->localhost_10002@group-DB7CD3B4A7F8, cid=42, FAILED org.apache.ratis.protocol.NotLeaderException: Server localhost_10002@group-DB7CD3B4A7F8 is not the leader, logIndex=0, commits[localhost_10002:c-1]
2019-09-26 13:33:03,965 INFO  client.GrpcClientProtocolService (GrpcClientProtocolService.java:lambda$processClientRequest$0(278)) - Failed RaftClientRequest:client-352D35361D97->localhost_10000@group-DB7CD3B4A7F8, cid=42, seq=0, RW, Message:321f0a0f0a0d74657374...(size=33), reply=RaftClientReply:client-352D35361D97->localhost_10000@group-DB7CD3B4A7F8, cid=42, FAILED org.apache.ratis.protocol.NotLeaderException: Server localhost_10000@group-DB7CD3B4A7F8 is not the leader, logIndex=0, commits[localhost_10000:c-1]
2019-09-26 13:33:03,967 INFO  client.GrpcClientProtocolService (GrpcClientProtocolService.java:lambda$processClientRequest$0(278)) - Failed RaftClientRequest:client-352D35361D97->localhost_10001@group-DB7CD3B4A7F8, cid=42, seq=0, RW, Message:321f0a0f0a0d74657374...(size=33), reply=RaftClientReply:client-352D35361D97->localhost_10001@group-DB7CD3B4A7F8, cid=42, FAILED org.apache.ratis.protocol.NotLeaderException: Server localhost_10001@group-DB7CD3B4A7F8 is not the leader, logIndex=0, commits[localhost_10001:c-1]
2019-09-26 13:33:03,968 INFO  client.GrpcClientProtocolService (GrpcClientProtocolService.java:lambda$processClientRequest$0(278)) - Failed RaftClientRequest:client-352D35361D97->localhost_10000@group-DB7CD3B4A7F8, cid=42, seq=0, RW, Message:321f0a0f0a0d74657374...(size=33), reply=RaftClientReply:client-352D35361D97->localhost_10000@group-DB7CD3B4A7F8, cid=42, FAILED org.apache.ratis.protocol.NotLeaderException: Server localhost_10000@group-DB7CD3B4A7F8 is not the leader, logIndex=0, commits[localhost_10000:c-1]
2019-09-26 13:33:03,970 INFO  client.GrpcClientProtocolService (GrpcClientProtocolService.java:lambda$processClientRequest$0(278)) - Failed RaftClientRequest:client-352D35361D97->localhost_10001@group-DB7CD3B4A7F8, cid=42, seq=0, RW, Message:321f0a0f0a0d74657374...(size=33), reply=RaftClientReply:client-352D35361D97->localhost_10001@group-DB7CD3B4A7F8, cid=42, FAILED org.apache.ratis.protocol.NotLeaderException: Server localhost_10001@group-DB7CD3B4A7F8 is not the leader, logIndex=0, commits[localhost_10001:c-1]
2019-09-26 13:33:03,972 INFO  client.GrpcClientProtocolService (GrpcClientProtocolService.java:lambda$processClientRequest$0(278)) - Failed RaftClientRequest:client-352D35361D97->localhost_10002@group-DB7CD3B4A7F8, cid=42, seq=0, RW, Message:321f0a0f0a0d74657374...(size=33), reply=RaftClientReply:client-352D35361D97->localhost_10002@group-DB7CD3B4A7F8, cid=42, FAILED org.apache.ratis.protocol.NotLeaderException: Server localhost_10002@group-DB7CD3B4A7F8 is not the leader, logIndex=0, commits[localhost_10002:c-1]
2019-09-26 13:33:03,975 INFO  client.GrpcClientProtocolService (GrpcClientProtocolService.java:lambda$processClientRequest$0(278)) - Failed RaftClientRequest:client-352D35361D97->localhost_10000@group-DB7CD3B4A7F8, cid=42, seq=0, RW, Message:321f0a0f0a0d74657374...(size=33), reply=RaftClientReply:client-352D35361D97->localhost_10000@group-DB7CD3B4A7F8, cid=42, FAILED org.apache.ratis.protocol.NotLeaderException: Server localhost_10000@group-DB7CD3B4A7F8 is not the leader, logIndex=0, commits[localhost_10000:c-1]
2019-09-26 13:33:03,977 INFO  client.GrpcClientProtocolService (GrpcClientProtocolService.java:lambda$processClientRequest$0(278)) - Failed RaftClientRequest:client-352D35361D97->localhost_10001@group-DB7CD3B4A7F8, cid=42, seq=0, RW, Message:321f0a0f0a0d74657374...(size=33), reply=RaftClientReply:client-352D35361D97->localhost_10001@group-DB7CD3B4A7F8, cid=42, FAILED org.apache.ratis.protocol.NotLeaderException: Server localhost_10001@group-DB7CD3B4A7F8 is not the leader, logIndex=0, commits[localhost_10001:c-1]
2019-09-26 13:33:03,979 INFO  client.GrpcClientProtocolService (GrpcClientProtocolService.java:lambda$processClientRequest$0(278)) - Failed RaftClientRequest:client-352D35361D97->localhost_10000@group-DB7CD3B4A7F8, cid=42, seq=0, RW, Message:321f0a0f0a0d74657374...(size=33), reply=RaftClientReply:client-352D35361D97->localhost_10000@group-DB7CD3B4A7F8, cid=42, FAILED org.apache.ratis.protocol.NotLeaderException: Server localhost_10000@group-DB7CD3B4A7F8 is not the leader, logIndex=0, commits[localhost_10000:c-1]
2019-09-26 13:33:03,981 INFO  client.GrpcClientProtocolService (GrpcClientProtocolService.java:lambda$processClientRequest$0(278)) - Failed RaftClientRequest:client-352D35361D97->localhost_10001@group-DB7CD3B4A7F8, cid=42, seq=0, RW, Message:321f0a0f0a0d74657374...(size=33), reply=RaftClientReply:client-352D35361D97->localhost_10001@group-DB7CD3B4A7F8, cid=42, FAILED org.apache.ratis.protocol.NotLeaderException: Server localhost_10001@group-DB7CD3B4A7F8 is not the leader, logIndex=0, commits[localhost_10001:c-1]
2019-09-26 13:33:03,982 INFO  client.GrpcClientProtocolService (GrpcClientProtocolService.java:lambda$processClientRequest$0(278)) - Failed RaftClientRequest:client-352D35361D97->localhost_10000@group-DB7CD3B4A7F8, cid=42, seq=0, RW, Message:321f0a0f0a0d74657374...(size=33), reply=RaftClientReply:client-352D35361D97->localhost_10000@group-DB7CD3B4A7F8, cid=42, FAILED org.apache.ratis.protocol.NotLeaderException: Server localhost_10000@group-DB7CD3B4A7F8 is not the leader, logIndex=0, commits[localhost_10000:c-1]
2019-09-26 13:33:03,984 INFO  client.GrpcClientProtocolService (GrpcClientProtocolService.java:lambda$processClientRequest$0(278)) - Failed RaftClientRequest:client-352D35361D97->localhost_10001@group-DB7CD3B4A7F8, cid=42, seq=0, RW, Message:321f0a0f0a0d74657374...(size=33), reply=RaftClientReply:client-352D35361D97->localhost_10001@group-DB7CD3B4A7F8, cid=42, FAILED org.apache.ratis.protocol.NotLeaderException: Server localhost_10001@group-DB7CD3B4A7F8 is not the leader, logIndex=0, commits[localhost_10001:c-1]
2019-09-26 13:33:03,986 INFO  client.GrpcClientProtocolService (GrpcClientProtocolService.java:lambda$processClientRequest$0(278)) - Failed RaftClientRequest:client-352D35361D97->localhost_10002@group-DB7CD3B4A7F8, cid=42, seq=0, RW, Message:321f0a0f0a0d74657374...(size=33), reply=RaftClientReply:client-352D35361D97->localhost_10002@group-DB7CD3B4A7F8, cid=42, FAILED org.apache.ratis.protocol.NotLeaderException: Server localhost_10002@group-DB7CD3B4A7F8 is not the leader, logIndex=0, commits[localhost_10002:c-1]
2019-09-26 13:33:03,988 INFO  client.GrpcClientProtocolService (GrpcClientProtocolService.java:lambda$processClientRequest$0(278)) - Failed RaftClientRequest:client-352D35361D97->localhost_10001@group-DB7CD3B4A7F8, cid=42, seq=0, RW, Message:321f0a0f0a0d74657374...(size=33), reply=RaftClientReply:client-352D35361D97->localhost_10001@group-DB7CD3B4A7F8, cid=42, FAILED org.apache.ratis.protocol.NotLeaderException: Server localhost_10001@group-DB7CD3B4A7F8 is not the leader, logIndex=0, commits[localhost_10001:c-1]
2019-09-26 13:33:03,990 INFO  client.GrpcClientProtocolService (GrpcClientProtocolService.java:lambda$processClientRequest$0(278)) - Failed RaftClientRequest:client-352D35361D97->localhost_10000@group-DB7CD3B4A7F8, cid=42, seq=0, RW, Message:321f0a0f0a0d74657374...(size=33), reply=RaftClientReply:client-352D35361D97->localhost_10000@group-DB7CD3B4A7F8, cid=42, FAILED org.apache.ratis.protocol.NotLeaderException: Server localhost_10000@group-DB7CD3B4A7F8 is not the leader, logIndex=0, commits[localhost_10000:c-1]
2019-09-26 13:33:03,992 INFO  client.GrpcClientProtocolService (GrpcClientProtocolService.java:lambda$processClientRequest$0(278)) - Failed RaftClientRequest:client-352D35361D97->localhost_10002@group-DB7CD3B4A7F8, cid=42, seq=0, RW, Message:321f0a0f0a0d74657374...(size=33), reply=RaftClientReply:client-352D35361D97->localhost_10002@group-DB7CD3B4A7F8, cid=42, FAILED org.apache.ratis.protocol.NotLeaderException: Server localhost_10002@group-DB7CD3B4A7F8 is not the leader, logIndex=0, commits[localhost_10002:c-1]
2019-09-26 13:33:03,994 INFO  client.GrpcClientProtocolService (GrpcClientProtocolService.java:lambda$processClientRequest$0(278)) - Failed RaftClientRequest:client-352D35361D97->localhost_10000@group-DB7CD3B4A7F8, cid=42, seq=0, RW, Message:321f0a0f0a0d74657374...(size=33), reply=RaftClientReply:client-352D35361D97->localhost_10000@group-DB7CD3B4A7F8, cid=42, FAILED org.apache.ratis.protocol.NotLeaderException: Server localhost_10000@group-DB7CD3B4A7F8 is not the leader, logIndex=0, commits[localhost_10000:c-1]
2019-09-26 13:33:03,996 INFO  client.GrpcClientProtocolService (GrpcClientProtocolService.java:lambda$processClientRequest$0(278)) - Failed RaftClientRequest:client-352D35361D97->localhost_10002@group-DB7CD3B4A7F8, cid=42, seq=0, RW, Message:321f0a0f0a0d74657374...(size=33), reply=RaftClientReply:client-352D35361D97->localhost_10002@group-DB7CD3B4A7F8, cid=42, FAILED org.apache.ratis.protocol.NotLeaderException: Server localhost_10002@group-DB7CD3B4A7F8 is not the leader, logIndex=0, commits[localhost_10002:c-1]
2019-09-26 13:33:03,998 INFO  client.GrpcClientProtocolService (GrpcClientProtocolService.java:lambda$processClientRequest$0(278)) - Failed RaftClientRequest:client-352D35361D97->localhost_10001@group-DB7CD3B4A7F8, cid=42, seq=0, RW, Message:321f0a0f0a0d74657374...(size=33), reply=RaftClientReply:client-352D35361D97->localhost_10001@group-DB7CD3B4A7F8, cid=42, FAILED org.apache.ratis.protocol.NotLeaderException: Server localhost_10001@group-DB7CD3B4A7F8 is not the leader, logIndex=0, commits[localhost_10001:c-1]
2019-09-26 13:33:04,000 INFO  client.GrpcClientProtocolService (GrpcClientProtocolService.java:lambda$processClientRequest$0(278)) - Failed RaftClientRequest:client-352D35361D97->localhost_10000@group-DB7CD3B4A7F8, cid=42, seq=0, RW, Message:321f0a0f0a0d74657374...(size=33), reply=RaftClientReply:client-352D35361D97->localhost_10000@group-DB7CD3B4A7F8, cid=42, FAILED org.apache.ratis.protocol.NotLeaderException: Server localhost_10000@group-DB7CD3B4A7F8 is not the leader, logIndex=0, commits[localhost_10000:c-1]
2019-09-26 13:33:04,002 INFO  client.GrpcClientProtocolService (GrpcClientProtocolService.java:lambda$processClientRequest$0(278)) - Failed RaftClientRequest:client-352D35361D97->localhost_10001@group-DB7CD3B4A7F8, cid=42, seq=0, RW, Message:321f0a0f0a0d74657374...(size=33), reply=RaftClientReply:client-352D35361D97->localhost_10001@group-DB7CD3B4A7F8, cid=42, FAILED org.apache.ratis.protocol.NotLeaderException: Server localhost_10001@group-DB7CD3B4A7F8 is not the leader, logIndex=0, commits[localhost_10001:c-1]
2019-09-26 13:33:04,003 INFO  client.GrpcClientProtocolService (GrpcClientProtocolService.java:lambda$processClientRequest$0(278)) - Failed RaftClientRequest:client-352D35361D97->localhost_10000@group-DB7CD3B4A7F8, cid=42, seq=0, RW, Message:321f0a0f0a0d74657374...(size=33), reply=RaftClientReply:client-352D35361D97->localhost_10000@group-DB7CD3B4A7F8, cid=42, FAILED org.apache.ratis.protocol.NotLeaderException: Server localhost_10000@group-DB7CD3B4A7F8 is not the leader, logIndex=0, commits[localhost_10000:c-1]
2019-09-26 13:33:04,005 INFO  client.GrpcClientProtocolService (GrpcClientProtocolService.java:lambda$processClientRequest$0(278)) - Failed RaftClientRequest:client-352D35361D97->localhost_10001@group-DB7CD3B4A7F8, cid=42, seq=0, RW, Message:321f0a0f0a0d74657374...(size=33), reply=RaftClientReply:client-352D35361D97->localhost_10001@group-DB7CD3B4A7F8, cid=42, FAILED org.apache.ratis.protocol.NotLeaderException: Server localhost_10001@group-DB7CD3B4A7F8 is not the leader, logIndex=0, commits[localhost_10001:c-1]
2019-09-26 13:33:04,007 INFO  client.GrpcClientProtocolService (GrpcClientProtocolService.java:lambda$processClientRequest$0(278)) - Failed RaftClientRequest:client-352D35361D97->localhost_10002@group-DB7CD3B4A7F8, cid=42, seq=0, RW, Message:321f0a0f0a0d74657374...(size=33), reply=RaftClientReply:client-352D35361D97->localhost_10002@group-DB7CD3B4A7F8, cid=42, FAILED org.apache.ratis.protocol.NotLeaderException: Server localhost_10002@group-DB7CD3B4A7F8 is not the leader, logIndex=0, commits[localhost_10002:c-1]
2019-09-26 13:33:04,009 INFO  client.GrpcClientProtocolService (GrpcClientProtocolService.java:lambda$processClientRequest$0(278)) - Failed RaftClientRequest:client-352D35361D97->localhost_10000@group-DB7CD3B4A7F8, cid=42, seq=0, RW, Message:321f0a0f0a0d74657374...(size=33), reply=RaftClientReply:client-352D35361D97->localhost_10000@group-DB7CD3B4A7F8, cid=42, FAILED org.apache.ratis.protocol.NotLeaderException: Server localhost_10000@group-DB7CD3B4A7F8 is not the leader, logIndex=0, commits[localhost_10000:c-1]
2019-09-26 13:33:04,010 INFO  client.GrpcClientProtocolService (GrpcClientProtocolService.java:lambda$processClientRequest$0(278)) - Failed RaftClientRequest:client-352D35361D97->localhost_10001@group-DB7CD3B4A7F8, cid=42, seq=0, RW, Message:321f0a0f0a0d74657374...(size=33), reply=RaftClientReply:client-352D35361D97->localhost_10001@group-DB7CD3B4A7F8, cid=42, FAILED org.apache.ratis.protocol.NotLeaderException: Server localhost_10001@group-DB7CD3B4A7F8 is not the leader, logIndex=0, commits[localhost_10001:c-1]
2019-09-26 13:33:04,012 INFO  client.GrpcClientProtocolService (GrpcClientProtocolService.java:lambda$processClientRequest$0(278)) - Failed RaftClientRequest:client-352D35361D97->localhost_10002@group-DB7CD3B4A7F8, cid=42, seq=0, RW, Message:321f0a0f0a0d74657374...(size=33), reply=RaftClientReply:client-352D35361D97->localhost_10002@group-DB7CD3B4A7F8, cid=42, FAILED org.apache.ratis.protocol.NotLeaderException: Server localhost_10002@group-DB7CD3B4A7F8 is not the leader, logIndex=0, commits[localhost_10002:c-1]
2019-09-26 13:33:04,014 INFO  client.GrpcClientProtocolService (GrpcClientProtocolService.java:lambda$processClientRequest$0(278)) - Failed RaftClientRequest:client-352D35361D97->localhost_10001@group-DB7CD3B4A7F8, cid=42, seq=0, RW, Message:321f0a0f0a0d74657374...(size=33), reply=RaftClientReply:client-352D35361D97->localhost_10001@group-DB7CD3B4A7F8, cid=42, FAILED org.apache.ratis.protocol.NotLeaderException: Server localhost_10001@group-DB7CD3B4A7F8 is not the leader, logIndex=0, commits[localhost_10001:c-1]
2019-09-26 13:33:04,016 INFO  client.GrpcClientProtocolService (GrpcClientProtocolService.java:lambda$processClientRequest$0(278)) - Failed RaftClientRequest:client-352D35361D97->localhost_10002@group-DB7CD3B4A7F8, cid=42, seq=0, RW, Message:321f0a0f0a0d74657374...(size=33), reply=RaftClientReply:client-352D35361D97->localhost_10002@group-DB7CD3B4A7F8, cid=42, FAILED org.apache.ratis.protocol.NotLeaderException: Server localhost_10002@group-DB7CD3B4A7F8 is not the leader, logIndex=0, commits[localhost_10002:c-1]
2019-09-26 13:33:04,018 INFO  client.GrpcClientProtocolService (GrpcClientProtocolService.java:lambda$processClientRequest$0(278)) - Failed RaftClientRequest:client-352D35361D97->localhost_10001@group-DB7CD3B4A7F8, cid=42, seq=0, RW, Message:321f0a0f0a0d74657374...(size=33), reply=RaftClientReply:client-352D35361D97->localhost_10001@group-DB7CD3B4A7F8, cid=42, FAILED org.apache.ratis.protocol.NotLeaderException: Server localhost_10001@group-DB7CD3B4A7F8 is not the leader, logIndex=0, commits[localhost_10001:c-1]
2019-09-26 13:33:04,019 INFO  client.GrpcClientProtocolService (GrpcClientProtocolService.java:lambda$processClientRequest$0(278)) - Failed RaftClientRequest:client-352D35361D97->localhost_10000@group-DB7CD3B4A7F8, cid=42, seq=0, RW, Message:321f0a0f0a0d74657374...(size=33), reply=RaftClientReply:client-352D35361D97->localhost_10000@group-DB7CD3B4A7F8, cid=42, FAILED org.apache.ratis.protocol.NotLeaderException: Server localhost_10000@group-DB7CD3B4A7F8 is not the leader, logIndex=0, commits[localhost_10000:c-1]
2019-09-26 13:33:04,021 INFO  client.GrpcClientProtocolService (GrpcClientProtocolService.java:lambda$processClientRequest$0(278)) - Failed RaftClientRequest:client-352D35361D97->localhost_10002@group-DB7CD3B4A7F8, cid=42, seq=0, RW, Message:321f0a0f0a0d74657374...(size=33), reply=RaftClientReply:client-352D35361D97->localhost_10002@group-DB7CD3B4A7F8, cid=42, FAILED org.apache.ratis.protocol.NotLeaderException: Server localhost_10002@group-DB7CD3B4A7F8 is not the leader, logIndex=0, commits[localhost_10002:c-1]
2019-09-26 13:33:04,023 INFO  client.GrpcClientProtocolService (GrpcClientProtocolService.java:lambda$processClientRequest$0(278)) - Failed RaftClientRequest:client-352D35361D97->localhost_10001@group-DB7CD3B4A7F8, cid=42, seq=0, RW, Message:321f0a0f0a0d74657374...(size=33), reply=RaftClientReply:client-352D35361D97->localhost_10001@group-DB7CD3B4A7F8, cid=42, FAILED org.apache.ratis.protocol.NotLeaderException: Server localhost_10001@group-DB7CD3B4A7F8 is not the leader, logIndex=0, commits[localhost_10001:c-1]
2019-09-26 13:33:04,025 INFO  client.GrpcClientProtocolService (GrpcClientProtocolService.java:lambda$processClientRequest$0(278)) - Failed RaftClientRequest:client-352D35361D97->localhost_10000@group-DB7CD3B4A7F8, cid=42, seq=0, RW, Message:321f0a0f0a0d74657374...(size=33), reply=RaftClientReply:client-352D35361D97->localhost_10000@group-DB7CD3B4A7F8, cid=42, FAILED org.apache.ratis.protocol.NotLeaderException: Server localhost_10000@group-DB7CD3B4A7F8 is not the leader, logIndex=0, commits[localhost_10000:c-1]
2019-09-26 13:33:04,026 INFO  client.GrpcClientProtocolService (GrpcClientProtocolService.java:lambda$processClientRequest$0(278)) - Failed RaftClientRequest:client-352D35361D97->localhost_10001@group-DB7CD3B4A7F8, cid=42, seq=0, RW, Message:321f0a0f0a0d74657374...(size=33), reply=RaftClientReply:client-352D35361D97->localhost_10001@group-DB7CD3B4A7F8, cid=42, FAILED org.apache.ratis.protocol.NotLeaderException: Server localhost_10001@group-DB7CD3B4A7F8 is not the leader, logIndex=0, commits[localhost_10001:c-1]
2019-09-26 13:33:04,028 INFO  client.GrpcClientProtocolService (GrpcClientProtocolService.java:lambda$processClientRequest$0(278)) - Failed RaftClientRequest:client-352D35361D97->localhost_10002@group-DB7CD3B4A7F8, cid=42, seq=0, RW, Message:321f0a0f0a0d74657374...(size=33), reply=RaftClientReply:client-352D35361D97->localhost_10002@group-DB7CD3B4A7F8, cid=42, FAILED org.apache.ratis.protocol.NotLeaderException: Server localhost_10002@group-DB7CD3B4A7F8 is not the leader, logIndex=0, commits[localhost_10002:c-1]
2019-09-26 13:33:04,030 INFO  client.GrpcClientProtocolService (GrpcClientProtocolService.java:lambda$processClientRequest$0(278)) - Failed RaftClientRequest:client-352D35361D97->localhost_10000@group-DB7CD3B4A7F8, cid=42, seq=0, RW, Message:321f0a0f0a0d74657374...(size=33), reply=RaftClientReply:client-352D35361D97->localhost_10000@group-DB7CD3B4A7F8, cid=42, FAILED org.apache.ratis.protocol.NotLeaderException: Server localhost_10000@group-DB7CD3B4A7F8 is not the leader, logIndex=0, commits[localhost_10000:c-1]
2019-09-26 13:33:04,032 INFO  client.GrpcClientProtocolService (GrpcClientProtocolService.java:lambda$processClientRequest$0(278)) - Failed RaftClientRequest:client-352D35361D97->localhost_10002@group-DB7CD3B4A7F8, cid=42, seq=0, RW, Message:321f0a0f0a0d74657374...(size=33), reply=RaftClientReply:client-352D35361D97->localhost_10002@group-DB7CD3B4A7F8, cid=42, FAILED org.apache.ratis.protocol.NotLeaderException: Server localhost_10002@group-DB7CD3B4A7F8 is not the leader, logIndex=0, commits[localhost_10002:c-1]
2019-09-26 13:33:04,033 INFO  client.GrpcClientProtocolService (GrpcClientProtocolService.java:lambda$processClientRequest$0(278)) - Failed RaftClientRequest:client-352D35361D97->localhost_10001@group-DB7CD3B4A7F8, cid=42, seq=0, RW, Message:321f0a0f0a0d74657374...(size=33), reply=RaftClientReply:client-352D35361D97->localhost_10001@group-DB7CD3B4A7F8, cid=42, FAILED org.apache.ratis.protocol.NotLeaderException: Server localhost_10001@group-DB7CD3B4A7F8 is not the leader, logIndex=0, commits[localhost_10001:c-1]
2019-09-26 13:33:04,035 INFO  client.GrpcClientProtocolService (GrpcClientProtocolService.java:lambda$processClientRequest$0(278)) - Failed RaftClientRequest:client-352D35361D97->localhost_10000@group-DB7CD3B4A7F8, cid=42, seq=0, RW, Message:321f0a0f0a0d74657374...(size=33), reply=RaftClientReply:client-352D35361D97->localhost_10000@group-DB7CD3B4A7F8, cid=42, FAILED org.apache.ratis.protocol.NotLeaderException: Server localhost_10000@group-DB7CD3B4A7F8 is not the leader, logIndex=0, commits[localhost_10000:c-1]
2019-09-26 13:33:04,037 INFO  client.GrpcClientProtocolService (GrpcClientProtocolService.java:lambda$processClientRequest$0(278)) - Failed RaftClientRequest:client-352D35361D97->localhost_10002@group-DB7CD3B4A7F8, cid=42, seq=0, RW, Message:321f0a0f0a0d74657374...(size=33), reply=RaftClientReply:client-352D35361D97->localhost_10002@group-DB7CD3B4A7F8, cid=42, FAILED org.apache.ratis.protocol.NotLeaderException: Server localhost_10002@group-DB7CD3B4A7F8 is not the leader, logIndex=0, commits[localhost_10002:c-1]
2019-09-26 13:33:04,039 INFO  client.GrpcClientProtocolService (GrpcClientProtocolService.java:lambda$processClientRequest$0(278)) - Failed RaftClientRequest:client-352D35361D97->localhost_10001@group-DB7CD3B4A7F8, cid=42, seq=0, RW, Message:321f0a0f0a0d74657374...(size=33), reply=RaftClientReply:client-352D35361D97->localhost_10001@group-DB7CD3B4A7F8, cid=42, FAILED org.apache.ratis.protocol.NotLeaderException: Server localhost_10001@group-DB7CD3B4A7F8 is not the leader, logIndex=0, commits[localhost_10001:c-1]
2019-09-26 13:33:04,040 INFO  client.GrpcClientProtocolService (GrpcClientProtocolService.java:lambda$processClientRequest$0(278)) - Failed RaftClientRequest:client-352D35361D97->localhost_10002@group-DB7CD3B4A7F8, cid=42, seq=0, RW, Message:321f0a0f0a0d74657374...(size=33), reply=RaftClientReply:client-352D35361D97->localhost_10002@group-DB7CD3B4A7F8, cid=42, FAILED org.apache.ratis.protocol.NotLeaderException: Server localhost_10002@group-DB7CD3B4A7F8 is not the leader, logIndex=0, commits[localhost_10002:c-1]
2019-09-26 13:33:04,042 INFO  client.GrpcClientProtocolService (GrpcClientProtocolService.java:lambda$processClientRequest$0(278)) - Failed RaftClientRequest:client-352D35361D97->localhost_10000@group-DB7CD3B4A7F8, cid=42, seq=0, RW, Message:321f0a0f0a0d74657374...(size=33), reply=RaftClientReply:client-352D35361D97->localhost_10000@group-DB7CD3B4A7F8, cid=42, FAILED org.apache.ratis.protocol.NotLeaderException: Server localhost_10000@group-DB7CD3B4A7F8 is not the leader, logIndex=0, commits[localhost_10000:c-1]
2019-09-26 13:33:04,044 INFO  client.GrpcClientProtocolService (GrpcClientProtocolService.java:lambda$processClientRequest$0(278)) - Failed RaftClientRequest:client-352D35361D97->localhost_10001@group-DB7CD3B4A7F8, cid=42, seq=0, RW, Message:321f0a0f0a0d74657374...(size=33), reply=RaftClientReply:client-352D35361D97->localhost_10001@group-DB7CD3B4A7F8, cid=42, FAILED org.apache.ratis.protocol.NotLeaderException: Server localhost_10001@group-DB7CD3B4A7F8 is not the leader, logIndex=0, commits[localhost_10001:c-1]
2019-09-26 13:33:04,046 INFO  client.GrpcClientProtocolService (GrpcClientProtocolService.java:lambda$processClientRequest$0(278)) - Failed RaftClientRequest:client-352D35361D97->localhost_10000@group-DB7CD3B4A7F8, cid=42, seq=0, RW, Message:321f0a0f0a0d74657374...(size=33), reply=RaftClientReply:client-352D35361D97->localhost_10000@group-DB7CD3B4A7F8, cid=42, FAILED org.apache.ratis.protocol.NotLeaderException: Server localhost_10000@group-DB7CD3B4A7F8 is not the leader, logIndex=0, commits[localhost_10000:c-1]
2019-09-26 13:33:04,048 INFO  client.GrpcClientProtocolService (GrpcClientProtocolService.java:lambda$processClientRequest$0(278)) - Failed RaftClientRequest:client-352D35361D97->localhost_10002@group-DB7CD3B4A7F8, cid=42, seq=0, RW, Message:321f0a0f0a0d74657374...(size=33), reply=RaftClientReply:client-352D35361D97->localhost_10002@group-DB7CD3B4A7F8, cid=42, FAILED org.apache.ratis.protocol.NotLeaderException: Server localhost_10002@group-DB7CD3B4A7F8 is not the leader, logIndex=0, commits[localhost_10002:c-1]
2019-09-26 13:33:04,049 INFO  client.GrpcClientProtocolService (GrpcClientProtocolService.java:lambda$processClientRequest$0(278)) - Failed RaftClientRequest:client-352D35361D97->localhost_10000@group-DB7CD3B4A7F8, cid=42, seq=0, RW, Message:321f0a0f0a0d74657374...(size=33), reply=RaftClientReply:client-352D35361D97->localhost_10000@group-DB7CD3B4A7F8, cid=42, FAILED org.apache.ratis.protocol.NotLeaderException: Server localhost_10000@group-DB7CD3B4A7F8 is not the leader, logIndex=0, commits[localhost_10000:c-1]
2019-09-26 13:33:04,051 INFO  client.GrpcClientProtocolService (GrpcClientProtocolService.java:lambda$processClientRequest$0(278)) - Failed RaftClientRequest:client-352D35361D97->localhost_10001@group-DB7CD3B4A7F8, cid=42, seq=0, RW, Message:321f0a0f0a0d74657374...(size=33), reply=RaftClientReply:client-352D35361D97->localhost_10001@group-DB7CD3B4A7F8, cid=42, FAILED org.apache.ratis.protocol.NotLeaderException: Server localhost_10001@group-DB7CD3B4A7F8 is not the leader, logIndex=0, commits[localhost_10001:c-1]
2019-09-26 13:33:04,053 INFO  client.GrpcClientProtocolService (GrpcClientProtocolService.java:lambda$processClientRequest$0(278)) - Failed RaftClientRequest:client-352D35361D97->localhost_10002@group-DB7CD3B4A7F8, cid=42, seq=0, RW, Message:321f0a0f0a0d74657374...(size=33), reply=RaftClientReply:client-352D35361D97->localhost_10002@group-DB7CD3B4A7F8, cid=42, FAILED org.apache.ratis.protocol.NotLeaderException: Server localhost_10002@group-DB7CD3B4A7F8 is not the leader, logIndex=0, commits[localhost_10002:c-1]
2019-09-26 13:33:04,055 INFO  client.GrpcClientProtocolService (GrpcClientProtocolService.java:lambda$processClientRequest$0(278)) - Failed RaftClientRequest:client-352D35361D97->localhost_10000@group-DB7CD3B4A7F8, cid=42, seq=0, RW, Message:321f0a0f0a0d74657374...(size=33), reply=RaftClientReply:client-352D35361D97->localhost_10000@group-DB7CD3B4A7F8, cid=42, FAILED org.apache.ratis.protocol.NotLeaderException: Server localhost_10000@group-DB7CD3B4A7F8 is not the leader, logIndex=0, commits[localhost_10000:c-1]
2019-09-26 13:33:04,057 INFO  client.GrpcClientProtocolService (GrpcClientProtocolService.java:lambda$processClientRequest$0(278)) - Failed RaftClientRequest:client-352D35361D97->localhost_10002@group-DB7CD3B4A7F8, cid=42, seq=0, RW, Message:321f0a0f0a0d74657374...(size=33), reply=RaftClientReply:client-352D35361D97->localhost_10002@group-DB7CD3B4A7F8, cid=42, FAILED org.apache.ratis.protocol.NotLeaderException: Server localhost_10002@group-DB7CD3B4A7F8 is not the leader, logIndex=0, commits[localhost_10002:c-1]
2019-09-26 13:33:04,059 INFO  client.GrpcClientProtocolService (GrpcClientProtocolService.java:lambda$processClientRequest$0(278)) - Failed RaftClientRequest:client-352D35361D97->localhost_10000@group-DB7CD3B4A7F8, cid=42, seq=0, RW, Message:321f0a0f0a0d74657374...(size=33), reply=RaftClientReply:client-352D35361D97->localhost_10000@group-DB7CD3B4A7F8, cid=42, FAILED org.apache.ratis.protocol.NotLeaderException: Server localhost_10000@group-DB7CD3B4A7F8 is not the leader, logIndex=0, commits[localhost_10000:c-1]
2019-09-26 13:33:04,060 INFO  client.GrpcClientProtocolService (GrpcClientProtocolService.java:lambda$processClientRequest$0(278)) - Failed RaftClientRequest:client-352D35361D97->localhost_10001@group-DB7CD3B4A7F8, cid=42, seq=0, RW, Message:321f0a0f0a0d74657374...(size=33), reply=RaftClientReply:client-352D35361D97->localhost_10001@group-DB7CD3B4A7F8, cid=42, FAILED org.apache.ratis.protocol.NotLeaderException: Server localhost_10001@group-DB7CD3B4A7F8 is not the leader, logIndex=0, commits[localhost_10001:c-1]
2019-09-26 13:33:04,062 INFO  client.GrpcClientProtocolService (GrpcClientProtocolService.java:lambda$processClientRequest$0(278)) - Failed RaftClientRequest:client-352D35361D97->localhost_10002@group-DB7CD3B4A7F8, cid=42, seq=0, RW, Message:321f0a0f0a0d74657374...(size=33), reply=RaftClientReply:client-352D35361D97->localhost_10002@group-DB7CD3B4A7F8, cid=42, FAILED org.apache.ratis.protocol.NotLeaderException: Server localhost_10002@group-DB7CD3B4A7F8 is not the leader, logIndex=0, commits[localhost_10002:c-1]
2019-09-26 13:33:04,156 INFO  client.GrpcClientProtocolService (GrpcClientProtocolService.java:lambda$processClientRequest$0(278)) - Failed RaftClientRequest:client-352D35361D97->localhost_10000@group-DB7CD3B4A7F8, cid=42, seq=0, RW, Message:321f0a0f0a0d74657374...(size=33), reply=RaftClientReply:client-352D35361D97->localhost_10000@group-DB7CD3B4A7F8, cid=42, FAILED org.apache.ratis.protocol.NotLeaderException: Server localhost_10000@group-DB7CD3B4A7F8 is not the leader, logIndex=0, commits[localhost_10000:c-1]
2019-09-26 13:33:04,167 INFO  impl.FollowerState (FollowerState.java:run(108)) - localhost_10001@group-1AEEAFD5F380-FollowerState: change to CANDIDATE, lastRpcTime:1009ms, electionTimeout:1009ms
2019-09-26 13:33:04,169 INFO  impl.RoleInfo (RoleInfo.java:shutdownFollowerState(121)) - localhost_10001: shutdown FollowerState
2019-09-26 13:33:04,169 INFO  impl.RaftServerImpl (RaftServerImpl.java:setRole(170)) - localhost_10001@group-1AEEAFD5F380: changes role from  FOLLOWER to CANDIDATE at term 0 for changeToCandidate
2019-09-26 13:33:04,169 INFO  impl.RoleInfo (RoleInfo.java:updateAndGet(143)) - localhost_10001: start LeaderElection
2019-09-26 13:33:04,183 INFO  client.GrpcClientProtocolService (GrpcClientProtocolService.java:lambda$processClientRequest$0(278)) - Failed RaftClientRequest:client-352D35361D97->localhost_10002@group-DB7CD3B4A7F8, cid=42, seq=0, RW, Message:321f0a0f0a0d74657374...(size=33), reply=RaftClientReply:client-352D35361D97->localhost_10002@group-DB7CD3B4A7F8, cid=42, FAILED org.apache.ratis.protocol.NotLeaderException: Server localhost_10002@group-DB7CD3B4A7F8 is not the leader, logIndex=0, commits[localhost_10002:c-1]
2019-09-26 13:33:04,184 INFO  impl.LeaderElection (LeaderElection.java:askForVotes(178)) - localhost_10001@group-1AEEAFD5F380-LeaderElection10: begin an election at term 1 for -1: [localhost_10002:localhost:10002, localhost_10001:localhost:10001, localhost_10000:localhost:10000], old=null
2019-09-26 13:33:04,186 INFO  impl.RaftServerImpl (RaftServerImpl.java:setRole(170)) - localhost_10002@group-1AEEAFD5F380: changes role from  FOLLOWER to FOLLOWER at term 1 for recognizeCandidate:localhost_10001
2019-09-26 13:33:04,187 INFO  impl.RaftServerImpl (RaftServerImpl.java:setRole(170)) - localhost_10000@group-1AEEAFD5F380: changes role from  FOLLOWER to FOLLOWER at term 1 for recognizeCandidate:localhost_10001
2019-09-26 13:33:04,187 INFO  impl.RoleInfo (RoleInfo.java:shutdownFollowerState(121)) - localhost_10002: shutdown FollowerState
2019-09-26 13:33:04,187 INFO  client.GrpcClientProtocolService (GrpcClientProtocolService.java:lambda$processClientRequest$0(278)) - Failed RaftClientRequest:client-352D35361D97->localhost_10000@group-DB7CD3B4A7F8, cid=42, seq=0, RW, Message:321f0a0f0a0d74657374...(size=33), reply=RaftClientReply:client-352D35361D97->localhost_10000@group-DB7CD3B4A7F8, cid=42, FAILED org.apache.ratis.protocol.NotLeaderException: Server localhost_10000@group-DB7CD3B4A7F8 is not the leader, logIndex=0, commits[localhost_10000:c-1]
2019-09-26 13:33:04,187 INFO  impl.RoleInfo (RoleInfo.java:shutdownFollowerState(121)) - localhost_10000: shutdown FollowerState
2019-09-26 13:33:04,187 INFO  impl.FollowerState (FollowerState.java:run(117)) - localhost_10002@group-1AEEAFD5F380-FollowerState was interrupted: java.lang.InterruptedException: sleep interrupted
2019-09-26 13:33:04,187 INFO  impl.FollowerState (FollowerState.java:run(117)) - localhost_10000@group-1AEEAFD5F380-FollowerState was interrupted: java.lang.InterruptedException: sleep interrupted
2019-09-26 13:33:04,187 INFO  impl.RoleInfo (RoleInfo.java:updateAndGet(143)) - localhost_10002: start FollowerState
2019-09-26 13:33:04,187 INFO  impl.RoleInfo (RoleInfo.java:updateAndGet(143)) - localhost_10000: start FollowerState
2019-09-26 13:33:04,190 INFO  client.GrpcClientProtocolService (GrpcClientProtocolService.java:lambda$processClientRequest$0(278)) - Failed RaftClientRequest:client-352D35361D97->localhost_10002@group-DB7CD3B4A7F8, cid=42, seq=0, RW, Message:321f0a0f0a0d74657374...(size=33), reply=RaftClientReply:client-352D35361D97->localhost_10002@group-DB7CD3B4A7F8, cid=42, FAILED org.apache.ratis.protocol.NotLeaderException: Server localhost_10002@group-DB7CD3B4A7F8 is not the leader, logIndex=0, commits[localhost_10002:c-1]
2019-09-26 13:33:04,193 INFO  client.GrpcClientProtocolService (GrpcClientProtocolService.java:lambda$processClientRequest$0(278)) - Failed RaftClientRequest:client-352D35361D97->localhost_10000@group-DB7CD3B4A7F8, cid=42, seq=0, RW, Message:321f0a0f0a0d74657374...(size=33), reply=RaftClientReply:client-352D35361D97->localhost_10000@group-DB7CD3B4A7F8, cid=42, FAILED org.apache.ratis.protocol.NotLeaderException: Server localhost_10000@group-DB7CD3B4A7F8 is not the leader, logIndex=0, commits[localhost_10000:c-1]
2019-09-26 13:33:04,195 INFO  client.GrpcClientProtocolService (GrpcClientProtocolService.java:lambda$processClientRequest$0(278)) - Failed RaftClientRequest:client-352D35361D97->localhost_10001@group-DB7CD3B4A7F8, cid=42, seq=0, RW, Message:321f0a0f0a0d74657374...(size=33), reply=RaftClientReply:client-352D35361D97->localhost_10001@group-DB7CD3B4A7F8, cid=42, FAILED org.apache.ratis.protocol.NotLeaderException: Server localhost_10001@group-DB7CD3B4A7F8 is not the leader, logIndex=0, commits[localhost_10001:c-1]
2019-09-26 13:33:04,197 INFO  client.GrpcClientProtocolService (GrpcClientProtocolService.java:lambda$processClientRequest$0(278)) - Failed RaftClientRequest:client-352D35361D97->localhost_10000@group-DB7CD3B4A7F8, cid=42, seq=0, RW, Message:321f0a0f0a0d74657374...(size=33), reply=RaftClientReply:client-352D35361D97->localhost_10000@group-DB7CD3B4A7F8, cid=42, FAILED org.apache.ratis.protocol.NotLeaderException: Server localhost_10000@group-DB7CD3B4A7F8 is not the leader, logIndex=0, commits[localhost_10000:c-1]
2019-09-26 13:33:04,199 INFO  client.GrpcClientProtocolService (GrpcClientProtocolService.java:lambda$processClientRequest$0(278)) - Failed RaftClientRequest:client-352D35361D97->localhost_10001@group-DB7CD3B4A7F8, cid=42, seq=0, RW, Message:321f0a0f0a0d74657374...(size=33), reply=RaftClientReply:client-352D35361D97->localhost_10001@group-DB7CD3B4A7F8, cid=42, FAILED org.apache.ratis.protocol.NotLeaderException: Server localhost_10001@group-DB7CD3B4A7F8 is not the leader, logIndex=0, commits[localhost_10001:c-1]
2019-09-26 13:33:04,202 INFO  client.GrpcClientProtocolService (GrpcClientProtocolService.java:lambda$processClientRequest$0(278)) - Failed RaftClientRequest:client-352D35361D97->localhost_10002@group-DB7CD3B4A7F8, cid=42, seq=0, RW, Message:321f0a0f0a0d74657374...(size=33), reply=RaftClientReply:client-352D35361D97->localhost_10002@group-DB7CD3B4A7F8, cid=42, FAILED org.apache.ratis.protocol.NotLeaderException: Server localhost_10002@group-DB7CD3B4A7F8 is not the leader, logIndex=0, commits[localhost_10002:c-1]
2019-09-26 13:33:04,202 INFO  impl.LeaderElection (LeaderElection.java:logAndReturn(56)) - localhost_10001@group-1AEEAFD5F380-LeaderElection10: Election PASSED; received 1 response(s) [localhost_10001<-localhost_10000#0:OK-t1] and 0 exception(s); localhost_10001@group-1AEEAFD5F380:t1, leader=null, voted=localhost_10001, raftlog=localhost_10001@group-1AEEAFD5F380-SegmentedRaftLog:OPENED:c-1,f-1,i0, conf=-1: [localhost_10002:localhost:10002, localhost_10001:localhost:10001, localhost_10000:localhost:10000], old=null
2019-09-26 13:33:04,202 INFO  impl.RoleInfo (RoleInfo.java:shutdownLeaderElection(134)) - localhost_10001: shutdown LeaderElection
2019-09-26 13:33:04,203 INFO  impl.RaftServerImpl (RaftServerImpl.java:setRole(170)) - localhost_10001@group-1AEEAFD5F380: changes role from CANDIDATE to LEADER at term 1 for changeToLeader
2019-09-26 13:33:04,203 INFO  impl.RaftServerImpl (ServerState.java:setLeader(254)) - localhost_10001@group-1AEEAFD5F380: change Leader from null to localhost_10001 at term 1 for becomeLeader, leader elected after 1051ms
2019-09-26 13:33:04,203 INFO  server.RaftServerConfigKeys (ConfUtils.java:logGet(43)) - raft.server.staging.catchup.gap = 1000 (default)
2019-09-26 13:33:04,204 INFO  server.RaftServerConfigKeys (ConfUtils.java:logGet(43)) - raft.server.rpc.sleep.time = 25ms (default)
2019-09-26 13:33:04,204 INFO  server.RaftServerConfigKeys (ConfUtils.java:logGet(43)) - raft.server.write.element-limit = 4096 (default)
2019-09-26 13:33:04,204 INFO  server.RaftServerConfigKeys (ConfUtils.java:logGet(43)) - raft.server.watch.timeout = 10s (default)
2019-09-26 13:33:04,204 INFO  server.RaftServerConfigKeys (ConfUtils.java:logGet(43)) - raft.server.watch.timeout.denomination = 1s (default)
2019-09-26 13:33:04,204 INFO  server.RaftServerConfigKeys (ConfUtils.java:logGet(43)) - raft.server.watch.element-limit = 65536 (default)
2019-09-26 13:33:04,204 INFO  client.GrpcClientProtocolService (GrpcClientProtocolService.java:lambda$processClientRequest$0(278)) - Failed RaftClientRequest:client-352D35361D97->localhost_10000@group-DB7CD3B4A7F8, cid=42, seq=0, RW, Message:321f0a0f0a0d74657374...(size=33), reply=RaftClientReply:client-352D35361D97->localhost_10000@group-DB7CD3B4A7F8, cid=42, FAILED org.apache.ratis.protocol.NotLeaderException: Server localhost_10000@group-DB7CD3B4A7F8 is not the leader, logIndex=0, commits[localhost_10000:c-1]
2019-09-26 13:33:04,207 INFO  client.GrpcClientProtocolService (GrpcClientProtocolService.java:lambda$processClientRequest$0(278)) - Failed RaftClientRequest:client-352D35361D97->localhost_10002@group-DB7CD3B4A7F8, cid=42, seq=0, RW, Message:321f0a0f0a0d74657374...(size=33), reply=RaftClientReply:client-352D35361D97->localhost_10002@group-DB7CD3B4A7F8, cid=42, FAILED org.apache.ratis.protocol.NotLeaderException: Server localhost_10002@group-DB7CD3B4A7F8 is not the leader, logIndex=0, commits[localhost_10002:c-1]
2019-09-26 13:33:04,208 INFO  server.RaftServerConfigKeys (ConfUtils.java:logGet(43)) - raft.server.log.appender.snapshot.chunk.size.max = 16MB (=16777216) (default)
2019-09-26 13:33:04,208 INFO  server.RaftServerConfigKeys (ConfUtils.java:logGet(43)) - raft.server.log.appender.buffer.byte-limit = 4MB (=4194304) (default)
2019-09-26 13:33:04,208 INFO  server.RaftServerConfigKeys (ConfUtils.java:logGet(43)) - raft.server.log.appender.buffer.element-limit = 0 (default)
2019-09-26 13:33:04,208 INFO  grpc.GrpcConfigKeys$Server (ConfUtils.java:logGet(43)) - raft.grpc.server.leader.outstanding.appends.max = 128 (default)
2019-09-26 13:33:04,209 INFO  server.RaftServerConfigKeys (ConfUtils.java:logGet(43)) - raft.server.rpc.request.timeout = 3000ms (default)
2019-09-26 13:33:04,209 INFO  server.RaftServerConfigKeys (ConfUtils.java:logGet(43)) - raft.server.log.appender.install.snapshot.enabled = true (default)
2019-09-26 13:33:04,209 INFO  client.GrpcClientProtocolService (GrpcClientProtocolService.java:lambda$processClientRequest$0(278)) - Failed RaftClientRequest:client-352D35361D97->localhost_10000@group-DB7CD3B4A7F8, cid=42, seq=0, RW, Message:321f0a0f0a0d74657374...(size=33), reply=RaftClientReply:client-352D35361D97->localhost_10000@group-DB7CD3B4A7F8, cid=42, FAILED org.apache.ratis.protocol.NotLeaderException: Server localhost_10000@group-DB7CD3B4A7F8 is not the leader, logIndex=0, commits[localhost_10000:c-1]
2019-09-26 13:33:04,209 INFO  server.RaftServerConfigKeys (ConfUtils.java:logGet(43)) - raft.server.log.appender.snapshot.chunk.size.max = 16MB (=16777216) (default)
2019-09-26 13:33:04,209 INFO  server.RaftServerConfigKeys (ConfUtils.java:logGet(43)) - raft.server.log.appender.buffer.byte-limit = 4MB (=4194304) (default)
2019-09-26 13:33:04,209 INFO  server.RaftServerConfigKeys (ConfUtils.java:logGet(43)) - raft.server.log.appender.buffer.element-limit = 0 (default)
2019-09-26 13:33:04,210 INFO  grpc.GrpcConfigKeys$Server (ConfUtils.java:logGet(43)) - raft.grpc.server.leader.outstanding.appends.max = 128 (default)
2019-09-26 13:33:04,210 INFO  server.RaftServerConfigKeys (ConfUtils.java:logGet(43)) - raft.server.rpc.request.timeout = 3000ms (default)
2019-09-26 13:33:04,210 INFO  server.RaftServerConfigKeys (ConfUtils.java:logGet(43)) - raft.server.log.appender.install.snapshot.enabled = true (default)
2019-09-26 13:33:04,210 INFO  impl.RoleInfo (RoleInfo.java:updateAndGet(143)) - localhost_10001: start LeaderState
2019-09-26 13:33:04,211 INFO  segmented.SegmentedRaftLogWorker (SegmentedRaftLogWorker.java:startLogSegment(380)) - localhost_10001@group-1AEEAFD5F380-SegmentedRaftLogWorker: Starting segment from index:0
2019-09-26 13:33:04,211 INFO  client.GrpcClientProtocolService (GrpcClientProtocolService.java:lambda$processClientRequest$0(278)) - Failed RaftClientRequest:client-352D35361D97->localhost_10001@group-DB7CD3B4A7F8, cid=42, seq=0, RW, Message:321f0a0f0a0d74657374...(size=33), reply=RaftClientReply:client-352D35361D97->localhost_10001@group-DB7CD3B4A7F8, cid=42, FAILED org.apache.ratis.protocol.NotLeaderException: Server localhost_10001@group-DB7CD3B4A7F8 is not the leader, logIndex=0, commits[localhost_10001:c-1]
2019-09-26 13:33:04,212 INFO  impl.RaftServerImpl (ServerState.java:setRaftConf(355)) - localhost_10001@group-1AEEAFD5F380: set configuration 0: [localhost_10002:localhost:10002, localhost_10001:localhost:10001, localhost_10000:localhost:10000], old=null at 0
2019-09-26 13:33:04,213 INFO  impl.RaftServerImpl (ServerState.java:setLeader(254)) - localhost_10002@group-1AEEAFD5F380: change Leader from null to localhost_10001 at term 1 for appendEntries, leader elected after 1096ms
2019-09-26 13:33:04,214 INFO  impl.RaftServerImpl (ServerState.java:setLeader(254)) - localhost_10000@group-1AEEAFD5F380: change Leader from null to localhost_10001 at term 1 for appendEntries, leader elected after 1031ms
2019-09-26 13:33:04,216 INFO  client.GrpcClientProtocolService (GrpcClientProtocolService.java:lambda$processClientRequest$0(278)) - Failed RaftClientRequest:client-352D35361D97->localhost_10002@group-DB7CD3B4A7F8, cid=42, seq=0, RW, Message:321f0a0f0a0d74657374...(size=33), reply=RaftClientReply:client-352D35361D97->localhost_10002@group-DB7CD3B4A7F8, cid=42, FAILED org.apache.ratis.protocol.NotLeaderException: Server localhost_10002@group-DB7CD3B4A7F8 is not the leader, logIndex=0, commits[localhost_10002:c-1]
2019-09-26 13:33:04,216 INFO  impl.RaftServerImpl (ServerState.java:setRaftConf(355)) - localhost_10002@group-1AEEAFD5F380: set configuration 0: [localhost_10002:localhost:10002, localhost_10001:localhost:10001, localhost_10000:localhost:10000], old=null at 0
2019-09-26 13:33:04,216 INFO  impl.RaftServerImpl (ServerState.java:setRaftConf(355)) - localhost_10000@group-1AEEAFD5F380: set configuration 0: [localhost_10002:localhost:10002, localhost_10001:localhost:10001, localhost_10000:localhost:10000], old=null at 0
2019-09-26 13:33:04,216 INFO  segmented.SegmentedRaftLogWorker (SegmentedRaftLogWorker.java:startLogSegment(380)) - localhost_10002@group-1AEEAFD5F380-SegmentedRaftLogWorker: Starting segment from index:0
2019-09-26 13:33:04,216 INFO  segmented.SegmentedRaftLogWorker (SegmentedRaftLogWorker.java:startLogSegment(380)) - localhost_10000@group-1AEEAFD5F380-SegmentedRaftLogWorker: Starting segment from index:0
2019-09-26 13:33:04,218 INFO  client.GrpcClientProtocolService (GrpcClientProtocolService.java:lambda$processClientRequest$0(278)) - Failed RaftClientRequest:client-352D35361D97->localhost_10000@group-DB7CD3B4A7F8, cid=42, seq=0, RW, Message:321f0a0f0a0d74657374...(size=33), reply=RaftClientReply:client-352D35361D97->localhost_10000@group-DB7CD3B4A7F8, cid=42, FAILED org.apache.ratis.protocol.NotLeaderException: Server localhost_10000@group-DB7CD3B4A7F8 is not the leader, logIndex=0, commits[localhost_10000:c-1]
2019-09-26 13:33:04,220 INFO  client.GrpcClientProtocolService (GrpcClientProtocolService.java:lambda$processClientRequest$0(278)) - Failed RaftClientRequest:client-352D35361D97->localhost_10001@group-DB7CD3B4A7F8, cid=42, seq=0, RW, Message:321f0a0f0a0d74657374...(size=33), reply=RaftClientReply:client-352D35361D97->localhost_10001@group-DB7CD3B4A7F8, cid=42, FAILED org.apache.ratis.protocol.NotLeaderException: Server localhost_10001@group-DB7CD3B4A7F8 is not the leader, logIndex=0, commits[localhost_10001:c-1]
2019-09-26 13:33:04,223 INFO  client.GrpcClientProtocolService (GrpcClientProtocolService.java:lambda$processClientRequest$0(278)) - Failed RaftClientRequest:client-352D35361D97->localhost_10002@group-DB7CD3B4A7F8, cid=42, seq=0, RW, Message:321f0a0f0a0d74657374...(size=33), reply=RaftClientReply:client-352D35361D97->localhost_10002@group-DB7CD3B4A7F8, cid=42, FAILED org.apache.ratis.protocol.NotLeaderException: Server localhost_10002@group-DB7CD3B4A7F8 is not the leader, logIndex=0, commits[localhost_10002:c-1]
2019-09-26 13:33:04,225 INFO  client.GrpcClientProtocolService (GrpcClientProtocolService.java:lambda$processClientRequest$0(278)) - Failed RaftClientRequest:client-352D35361D97->localhost_10001@group-DB7CD3B4A7F8, cid=42, seq=0, RW, Message:321f0a0f0a0d74657374...(size=33), reply=RaftClientReply:client-352D35361D97->localhost_10001@group-DB7CD3B4A7F8, cid=42, FAILED org.apache.ratis.protocol.NotLeaderException: Server localhost_10001@group-DB7CD3B4A7F8 is not the leader, logIndex=0, commits[localhost_10001:c-1]
2019-09-26 13:33:04,227 INFO  client.GrpcClientProtocolService (GrpcClientProtocolService.java:lambda$processClientRequest$0(278)) - Failed RaftClientRequest:client-352D35361D97->localhost_10000@group-DB7CD3B4A7F8, cid=42, seq=0, RW, Message:321f0a0f0a0d74657374...(size=33), reply=RaftClientReply:client-352D35361D97->localhost_10000@group-DB7CD3B4A7F8, cid=42, FAILED org.apache.ratis.protocol.NotLeaderException: Server localhost_10000@group-DB7CD3B4A7F8 is not the leader, logIndex=0, commits[localhost_10000:c-1]
2019-09-26 13:33:04,229 INFO  client.GrpcClientProtocolService (GrpcClientProtocolService.java:lambda$processClientRequest$0(278)) - Failed RaftClientRequest:client-352D35361D97->localhost_10002@group-DB7CD3B4A7F8, cid=42, seq=0, RW, Message:321f0a0f0a0d74657374...(size=33), reply=RaftClientReply:client-352D35361D97->localhost_10002@group-DB7CD3B4A7F8, cid=42, FAILED org.apache.ratis.protocol.NotLeaderException: Server localhost_10002@group-DB7CD3B4A7F8 is not the leader, logIndex=0, commits[localhost_10002:c-1]
2019-09-26 13:33:04,232 INFO  client.GrpcClientProtocolService (GrpcClientProtocolService.java:lambda$processClientRequest$0(278)) - Failed RaftClientRequest:client-352D35361D97->localhost_10000@group-DB7CD3B4A7F8, cid=42, seq=0, RW, Message:321f0a0f0a0d74657374...(size=33), reply=RaftClientReply:client-352D35361D97->localhost_10000@group-DB7CD3B4A7F8, cid=42, FAILED org.apache.ratis.protocol.NotLeaderException: Server localhost_10000@group-DB7CD3B4A7F8 is not the leader, logIndex=0, commits[localhost_10000:c-1]
2019-09-26 13:33:04,234 INFO  client.GrpcClientProtocolService (GrpcClientProtocolService.java:lambda$processClientRequest$0(278)) - Failed RaftClientRequest:client-352D35361D97->localhost_10002@group-DB7CD3B4A7F8, cid=42, seq=0, RW, Message:321f0a0f0a0d74657374...(size=33), reply=RaftClientReply:client-352D35361D97->localhost_10002@group-DB7CD3B4A7F8, cid=42, FAILED org.apache.ratis.protocol.NotLeaderException: Server localhost_10002@group-DB7CD3B4A7F8 is not the leader, logIndex=0, commits[localhost_10002:c-1]
2019-09-26 13:33:04,236 INFO  client.GrpcClientProtocolService (GrpcClientProtocolService.java:lambda$processClientRequest$0(278)) - Failed RaftClientRequest:client-352D35361D97->localhost_10000@group-DB7CD3B4A7F8, cid=42, seq=0, RW, Message:321f0a0f0a0d74657374...(size=33), reply=RaftClientReply:client-352D35361D97->localhost_10000@group-DB7CD3B4A7F8, cid=42, FAILED org.apache.ratis.protocol.NotLeaderException: Server localhost_10000@group-DB7CD3B4A7F8 is not the leader, logIndex=0, commits[localhost_10000:c-1]
2019-09-26 13:33:04,238 INFO  client.GrpcClientProtocolService (GrpcClientProtocolService.java:lambda$processClientRequest$0(278)) - Failed RaftClientRequest:client-352D35361D97->localhost_10001@group-DB7CD3B4A7F8, cid=42, seq=0, RW, Message:321f0a0f0a0d74657374...(size=33), reply=RaftClientReply:client-352D35361D97->localhost_10001@group-DB7CD3B4A7F8, cid=42, FAILED org.apache.ratis.protocol.NotLeaderException: Server localhost_10001@group-DB7CD3B4A7F8 is not the leader, logIndex=0, commits[localhost_10001:c-1]
2019-09-26 13:33:04,241 INFO  client.GrpcClientProtocolService (GrpcClientProtocolService.java:lambda$processClientRequest$0(278)) - Failed RaftClientRequest:client-352D35361D97->localhost_10002@group-DB7CD3B4A7F8, cid=42, seq=0, RW, Message:321f0a0f0a0d74657374...(size=33), reply=RaftClientReply:client-352D35361D97->localhost_10002@group-DB7CD3B4A7F8, cid=42, FAILED org.apache.ratis.protocol.NotLeaderException: Server localhost_10002@group-DB7CD3B4A7F8 is not the leader, logIndex=0, commits[localhost_10002:c-1]
2019-09-26 13:33:04,243 INFO  client.GrpcClientProtocolService (GrpcClientProtocolService.java:lambda$processClientRequest$0(278)) - Failed RaftClientRequest:client-352D35361D97->localhost_10000@group-DB7CD3B4A7F8, cid=42, seq=0, RW, Message:321f0a0f0a0d74657374...(size=33), reply=RaftClientReply:client-352D35361D97->localhost_10000@group-DB7CD3B4A7F8, cid=42, FAILED org.apache.ratis.protocol.NotLeaderException: Server localhost_10000@group-DB7CD3B4A7F8 is not the leader, logIndex=0, commits[localhost_10000:c-1]
2019-09-26 13:33:04,245 INFO  client.GrpcClientProtocolService (GrpcClientProtocolService.java:lambda$processClientRequest$0(278)) - Failed RaftClientRequest:client-352D35361D97->localhost_10001@group-DB7CD3B4A7F8, cid=42, seq=0, RW, Message:321f0a0f0a0d74657374...(size=33), reply=RaftClientReply:client-352D35361D97->localhost_10001@group-DB7CD3B4A7F8, cid=42, FAILED org.apache.ratis.protocol.NotLeaderException: Server localhost_10001@group-DB7CD3B4A7F8 is not the leader, logIndex=0, commits[localhost_10001:c-1]
2019-09-26 13:33:04,247 INFO  client.GrpcClientProtocolService (GrpcClientProtocolService.java:lambda$processClientRequest$0(278)) - Failed RaftClientRequest:client-352D35361D97->localhost_10000@group-DB7CD3B4A7F8, cid=42, seq=0, RW, Message:321f0a0f0a0d74657374...(size=33), reply=RaftClientReply:client-352D35361D97->localhost_10000@group-DB7CD3B4A7F8, cid=42, FAILED org.apache.ratis.protocol.NotLeaderException: Server localhost_10000@group-DB7CD3B4A7F8 is not the leader, logIndex=0, commits[localhost_10000:c-1]
2019-09-26 13:33:04,249 INFO  client.GrpcClientProtocolService (GrpcClientProtocolService.java:lambda$processClientRequest$0(278)) - Failed RaftClientRequest:client-352D35361D97->localhost_10002@group-DB7CD3B4A7F8, cid=42, seq=0, RW, Message:321f0a0f0a0d74657374...(size=33), reply=RaftClientReply:client-352D35361D97->localhost_10002@group-DB7CD3B4A7F8, cid=42, FAILED org.apache.ratis.protocol.NotLeaderException: Server localhost_10002@group-DB7CD3B4A7F8 is not the leader, logIndex=0, commits[localhost_10002:c-1]
2019-09-26 13:33:04,251 INFO  client.GrpcClientProtocolService (GrpcClientProtocolService.java:lambda$processClientRequest$0(278)) - Failed RaftClientRequest:client-352D35361D97->localhost_10001@group-DB7CD3B4A7F8, cid=42, seq=0, RW, Message:321f0a0f0a0d74657374...(size=33), reply=RaftClientReply:client-352D35361D97->localhost_10001@group-DB7CD3B4A7F8, cid=42, FAILED org.apache.ratis.protocol.NotLeaderException: Server localhost_10001@group-DB7CD3B4A7F8 is not the leader, logIndex=0, commits[localhost_10001:c-1]
2019-09-26 13:33:04,253 INFO  client.GrpcClientProtocolService (GrpcClientProtocolService.java:lambda$processClientRequest$0(278)) - Failed RaftClientRequest:client-352D35361D97->localhost_10000@group-DB7CD3B4A7F8, cid=42, seq=0, RW, Message:321f0a0f0a0d74657374...(size=33), reply=RaftClientReply:client-352D35361D97->localhost_10000@group-DB7CD3B4A7F8, cid=42, FAILED org.apache.ratis.protocol.NotLeaderException: Server localhost_10000@group-DB7CD3B4A7F8 is not the leader, logIndex=0, commits[localhost_10000:c-1]
2019-09-26 13:33:04,255 INFO  client.GrpcClientProtocolService (GrpcClientProtocolService.java:lambda$processClientRequest$0(278)) - Failed RaftClientRequest:client-352D35361D97->localhost_10001@group-DB7CD3B4A7F8, cid=42, seq=0, RW, Message:321f0a0f0a0d74657374...(size=33), reply=RaftClientReply:client-352D35361D97->localhost_10001@group-DB7CD3B4A7F8, cid=42, FAILED org.apache.ratis.protocol.NotLeaderException: Server localhost_10001@group-DB7CD3B4A7F8 is not the leader, logIndex=0, commits[localhost_10001:c-1]
2019-09-26 13:33:04,257 INFO  client.GrpcClientProtocolService (GrpcClientProtocolService.java:lambda$processClientRequest$0(278)) - Failed RaftClientRequest:client-352D35361D97->localhost_10002@group-DB7CD3B4A7F8, cid=42, seq=0, RW, Message:321f0a0f0a0d74657374...(size=33), reply=RaftClientReply:client-352D35361D97->localhost_10002@group-DB7CD3B4A7F8, cid=42, FAILED org.apache.ratis.protocol.NotLeaderException: Server localhost_10002@group-DB7CD3B4A7F8 is not the leader, logIndex=0, commits[localhost_10002:c-1]
2019-09-26 13:33:04,259 INFO  client.GrpcClientProtocolService (GrpcClientProtocolService.java:lambda$processClientRequest$0(278)) - Failed RaftClientRequest:client-352D35361D97->localhost_10001@group-DB7CD3B4A7F8, cid=42, seq=0, RW, Message:321f0a0f0a0d74657374...(size=33), reply=RaftClientReply:client-352D35361D97->localhost_10001@group-DB7CD3B4A7F8, cid=42, FAILED org.apache.ratis.protocol.NotLeaderException: Server localhost_10001@group-DB7CD3B4A7F8 is not the leader, logIndex=0, commits[localhost_10001:c-1]
2019-09-26 13:33:04,261 INFO  client.GrpcClientProtocolService (GrpcClientProtocolService.java:lambda$processClientRequest$0(278)) - Failed RaftClientRequest:client-352D35361D97->localhost_10002@group-DB7CD3B4A7F8, cid=42, seq=0, RW, Message:321f0a0f0a0d74657374...(size=33), reply=RaftClientReply:client-352D35361D97->localhost_10002@group-DB7CD3B4A7F8, cid=42, FAILED org.apache.ratis.protocol.NotLeaderException: Server localhost_10002@group-DB7CD3B4A7F8 is not the leader, logIndex=0, commits[localhost_10002:c-1]
2019-09-26 13:33:04,263 INFO  client.GrpcClientProtocolService (GrpcClientProtocolService.java:lambda$processClientRequest$0(278)) - Failed RaftClientRequest:client-352D35361D97->localhost_10001@group-DB7CD3B4A7F8, cid=42, seq=0, RW, Message:321f0a0f0a0d74657374...(size=33), reply=RaftClientReply:client-352D35361D97->localhost_10001@group-DB7CD3B4A7F8, cid=42, FAILED org.apache.ratis.protocol.NotLeaderException: Server localhost_10001@group-DB7CD3B4A7F8 is not the leader, logIndex=0, commits[localhost_10001:c-1]
2019-09-26 13:33:04,265 INFO  client.GrpcClientProtocolService (GrpcClientProtocolService.java:lambda$processClientRequest$0(278)) - Failed RaftClientRequest:client-352D35361D97->localhost_10000@group-DB7CD3B4A7F8, cid=42, seq=0, RW, Message:321f0a0f0a0d74657374...(size=33), reply=RaftClientReply:client-352D35361D97->localhost_10000@group-DB7CD3B4A7F8, cid=42, FAILED org.apache.ratis.protocol.NotLeaderException: Server localhost_10000@group-DB7CD3B4A7F8 is not the leader, logIndex=0, commits[localhost_10000:c-1]
2019-09-26 13:33:04,267 INFO  client.GrpcClientProtocolService (GrpcClientProtocolService.java:lambda$processClientRequest$0(278)) - Failed RaftClientRequest:client-352D35361D97->localhost_10002@group-DB7CD3B4A7F8, cid=42, seq=0, RW, Message:321f0a0f0a0d74657374...(size=33), reply=RaftClientReply:client-352D35361D97->localhost_10002@group-DB7CD3B4A7F8, cid=42, FAILED org.apache.ratis.protocol.NotLeaderException: Server localhost_10002@group-DB7CD3B4A7F8 is not the leader, logIndex=0, commits[localhost_10002:c-1]
2019-09-26 13:33:04,269 INFO  client.GrpcClientProtocolService (GrpcClientProtocolService.java:lambda$processClientRequest$0(278)) - Failed RaftClientRequest:client-352D35361D97->localhost_10000@group-DB7CD3B4A7F8, cid=42, seq=0, RW, Message:321f0a0f0a0d74657374...(size=33), reply=RaftClientReply:client-352D35361D97->localhost_10000@group-DB7CD3B4A7F8, cid=42, FAILED org.apache.ratis.protocol.NotLeaderException: Server localhost_10000@group-DB7CD3B4A7F8 is not the leader, logIndex=0, commits[localhost_10000:c-1]
2019-09-26 13:33:04,270 INFO  client.GrpcClientProtocolService (GrpcClientProtocolService.java:lambda$processClientRequest$0(278)) - Failed RaftClientRequest:client-352D35361D97->localhost_10001@group-DB7CD3B4A7F8, cid=42, seq=0, RW, Message:321f0a0f0a0d74657374...(size=33), reply=RaftClientReply:client-352D35361D97->localhost_10001@group-DB7CD3B4A7F8, cid=42, FAILED org.apache.ratis.protocol.NotLeaderException: Server localhost_10001@group-DB7CD3B4A7F8 is not the leader, logIndex=0, commits[localhost_10001:c-1]
2019-09-26 13:33:04,272 INFO  client.GrpcClientProtocolService (GrpcClientProtocolService.java:lambda$processClientRequest$0(278)) - Failed RaftClientRequest:client-352D35361D97->localhost_10002@group-DB7CD3B4A7F8, cid=42, seq=0, RW, Message:321f0a0f0a0d74657374...(size=33), reply=RaftClientReply:client-352D35361D97->localhost_10002@group-DB7CD3B4A7F8, cid=42, FAILED org.apache.ratis.protocol.NotLeaderException: Server localhost_10002@group-DB7CD3B4A7F8 is not the leader, logIndex=0, commits[localhost_10002:c-1]
2019-09-26 13:33:04,274 INFO  client.GrpcClientProtocolService (GrpcClientProtocolService.java:lambda$processClientRequest$0(278)) - Failed RaftClientRequest:client-352D35361D97->localhost_10000@group-DB7CD3B4A7F8, cid=42, seq=0, RW, Message:321f0a0f0a0d74657374...(size=33), reply=RaftClientReply:client-352D35361D97->localhost_10000@group-DB7CD3B4A7F8, cid=42, FAILED org.apache.ratis.protocol.NotLeaderException: Server localhost_10000@group-DB7CD3B4A7F8 is not the leader, logIndex=0, commits[localhost_10000:c-1]
2019-09-26 13:33:04,276 INFO  client.GrpcClientProtocolService (GrpcClientProtocolService.java:lambda$processClientRequest$0(278)) - Failed RaftClientRequest:client-352D35361D97->localhost_10002@group-DB7CD3B4A7F8, cid=42, seq=0, RW, Message:321f0a0f0a0d74657374...(size=33), reply=RaftClientReply:client-352D35361D97->localhost_10002@group-DB7CD3B4A7F8, cid=42, FAILED org.apache.ratis.protocol.NotLeaderException: Server localhost_10002@group-DB7CD3B4A7F8 is not the leader, logIndex=0, commits[localhost_10002:c-1]
2019-09-26 13:33:04,278 INFO  client.GrpcClientProtocolService (GrpcClientProtocolService.java:lambda$processClientRequest$0(278)) - Failed RaftClientRequest:client-352D35361D97->localhost_10000@group-DB7CD3B4A7F8, cid=42, seq=0, RW, Message:321f0a0f0a0d74657374...(size=33), reply=RaftClientReply:client-352D35361D97->localhost_10000@group-DB7CD3B4A7F8, cid=42, FAILED org.apache.ratis.protocol.NotLeaderException: Server localhost_10000@group-DB7CD3B4A7F8 is not the leader, logIndex=0, commits[localhost_10000:c-1]
2019-09-26 13:33:04,279 INFO  client.GrpcClientProtocolService (GrpcClientProtocolService.java:lambda$processClientRequest$0(278)) - Failed RaftClientRequest:client-352D35361D97->localhost_10001@group-DB7CD3B4A7F8, cid=42, seq=0, RW, Message:321f0a0f0a0d74657374...(size=33), reply=RaftClientReply:client-352D35361D97->localhost_10001@group-DB7CD3B4A7F8, cid=42, FAILED org.apache.ratis.protocol.NotLeaderException: Server localhost_10001@group-DB7CD3B4A7F8 is not the leader, logIndex=0, commits[localhost_10001:c-1]
2019-09-26 13:33:04,281 INFO  client.GrpcClientProtocolService (GrpcClientProtocolService.java:lambda$processClientRequest$0(278)) - Failed RaftClientRequest:client-352D35361D97->localhost_10002@group-DB7CD3B4A7F8, cid=42, seq=0, RW, Message:321f0a0f0a0d74657374...(size=33), reply=RaftClientReply:client-352D35361D97->localhost_10002@group-DB7CD3B4A7F8, cid=42, FAILED org.apache.ratis.protocol.NotLeaderException: Server localhost_10002@group-DB7CD3B4A7F8 is not the leader, logIndex=0, commits[localhost_10002:c-1]
2019-09-26 13:33:04,283 INFO  client.GrpcClientProtocolService (GrpcClientProtocolService.java:lambda$processClientRequest$0(278)) - Failed RaftClientRequest:client-352D35361D97->localhost_10001@group-DB7CD3B4A7F8, cid=42, seq=0, RW, Message:321f0a0f0a0d74657374...(size=33), reply=RaftClientReply:client-352D35361D97->localhost_10001@group-DB7CD3B4A7F8, cid=42, FAILED org.apache.ratis.protocol.NotLeaderException: Server localhost_10001@group-DB7CD3B4A7F8 is not the leader, logIndex=0, commits[localhost_10001:c-1]
2019-09-26 13:33:04,285 INFO  client.GrpcClientProtocolService (GrpcClientProtocolService.java:lambda$processClientRequest$0(278)) - Failed RaftClientRequest:client-352D35361D97->localhost_10002@group-DB7CD3B4A7F8, cid=42, seq=0, RW, Message:321f0a0f0a0d74657374...(size=33), reply=RaftClientReply:client-352D35361D97->localhost_10002@group-DB7CD3B4A7F8, cid=42, FAILED org.apache.ratis.protocol.NotLeaderException: Server localhost_10002@group-DB7CD3B4A7F8 is not the leader, logIndex=0, commits[localhost_10002:c-1]
2019-09-26 13:33:04,287 INFO  client.GrpcClientProtocolService (GrpcClientProtocolService.java:lambda$processClientRequest$0(278)) - Failed RaftClientRequest:client-352D35361D97->localhost_10001@group-DB7CD3B4A7F8, cid=42, seq=0, RW, Message:321f0a0f0a0d74657374...(size=33), reply=RaftClientReply:client-352D35361D97->localhost_10001@group-DB7CD3B4A7F8, cid=42, FAILED org.apache.ratis.protocol.NotLeaderException: Server localhost_10001@group-DB7CD3B4A7F8 is not the leader, logIndex=0, commits[localhost_10001:c-1]
2019-09-26 13:33:04,289 INFO  client.GrpcClientProtocolService (GrpcClientProtocolService.java:lambda$processClientRequest$0(278)) - Failed RaftClientRequest:client-352D35361D97->localhost_10002@group-DB7CD3B4A7F8, cid=42, seq=0, RW, Message:321f0a0f0a0d74657374...(size=33), reply=RaftClientReply:client-352D35361D97->localhost_10002@group-DB7CD3B4A7F8, cid=42, FAILED org.apache.ratis.protocol.NotLeaderException: Server localhost_10002@group-DB7CD3B4A7F8 is not the leader, logIndex=0, commits[localhost_10002:c-1]
2019-09-26 13:33:04,292 INFO  client.GrpcClientProtocolService (GrpcClientProtocolService.java:lambda$processClientRequest$0(278)) - Failed RaftClientRequest:client-352D35361D97->localhost_10001@group-DB7CD3B4A7F8, cid=42, seq=0, RW, Message:321f0a0f0a0d74657374...(size=33), reply=RaftClientReply:client-352D35361D97->localhost_10001@group-DB7CD3B4A7F8, cid=42, FAILED org.apache.ratis.protocol.NotLeaderException: Server localhost_10001@group-DB7CD3B4A7F8 is not the leader, logIndex=0, commits[localhost_10001:c-1]
2019-09-26 13:33:04,293 INFO  client.GrpcClientProtocolService (GrpcClientProtocolService.java:lambda$processClientRequest$0(278)) - Failed RaftClientRequest:client-352D35361D97->localhost_10002@group-DB7CD3B4A7F8, cid=42, seq=0, RW, Message:321f0a0f0a0d74657374...(size=33), reply=RaftClientReply:client-352D35361D97->localhost_10002@group-DB7CD3B4A7F8, cid=42, FAILED org.apache.ratis.protocol.NotLeaderException: Server localhost_10002@group-DB7CD3B4A7F8 is not the leader, logIndex=0, commits[localhost_10002:c-1]
2019-09-26 13:33:04,295 INFO  client.GrpcClientProtocolService (GrpcClientProtocolService.java:lambda$processClientRequest$0(278)) - Failed RaftClientRequest:client-352D35361D97->localhost_10000@group-DB7CD3B4A7F8, cid=42, seq=0, RW, Message:321f0a0f0a0d74657374...(size=33), reply=RaftClientReply:client-352D35361D97->localhost_10000@group-DB7CD3B4A7F8, cid=42, FAILED org.apache.ratis.protocol.NotLeaderException: Server localhost_10000@group-DB7CD3B4A7F8 is not the leader, logIndex=0, commits[localhost_10000:c-1]
2019-09-26 13:33:04,297 INFO  client.GrpcClientProtocolService (GrpcClientProtocolService.java:lambda$processClientRequest$0(278)) - Failed RaftClientRequest:client-352D35361D97->localhost_10001@group-DB7CD3B4A7F8, cid=42, seq=0, RW, Message:321f0a0f0a0d74657374...(size=33), reply=RaftClientReply:client-352D35361D97->localhost_10001@group-DB7CD3B4A7F8, cid=42, FAILED org.apache.ratis.protocol.NotLeaderException: Server localhost_10001@group-DB7CD3B4A7F8 is not the leader, logIndex=0, commits[localhost_10001:c-1]
2019-09-26 13:33:04,298 INFO  client.GrpcClientProtocolService (GrpcClientProtocolService.java:lambda$processClientRequest$0(278)) - Failed RaftClientRequest:client-352D35361D97->localhost_10002@group-DB7CD3B4A7F8, cid=42, seq=0, RW, Message:321f0a0f0a0d74657374...(size=33), reply=RaftClientReply:client-352D35361D97->localhost_10002@group-DB7CD3B4A7F8, cid=42, FAILED org.apache.ratis.protocol.NotLeaderException: Server localhost_10002@group-DB7CD3B4A7F8 is not the leader, logIndex=0, commits[localhost_10002:c-1]
2019-09-26 13:33:04,300 INFO  client.GrpcClientProtocolService (GrpcClientProtocolService.java:lambda$processClientRequest$0(278)) - Failed RaftClientRequest:client-352D35361D97->localhost_10000@group-DB7CD3B4A7F8, cid=42, seq=0, RW, Message:321f0a0f0a0d74657374...(size=33), reply=RaftClientReply:client-352D35361D97->localhost_10000@group-DB7CD3B4A7F8, cid=42, FAILED org.apache.ratis.protocol.NotLeaderException: Server localhost_10000@group-DB7CD3B4A7F8 is not the leader, logIndex=0, commits[localhost_10000:c-1]
2019-09-26 13:33:04,300 INFO  impl.FollowerState (FollowerState.java:run(108)) - localhost_10002@group-DB7CD3B4A7F8-FollowerState: change to CANDIDATE, lastRpcTime:1045ms, electionTimeout:1045ms
2019-09-26 13:33:04,301 INFO  impl.RoleInfo (RoleInfo.java:shutdownFollowerState(121)) - localhost_10002: shutdown FollowerState
2019-09-26 13:33:04,301 INFO  impl.RaftServerImpl (RaftServerImpl.java:setRole(170)) - localhost_10002@group-DB7CD3B4A7F8: changes role from  FOLLOWER to CANDIDATE at term 0 for changeToCandidate
2019-09-26 13:33:04,301 INFO  impl.FollowerState (FollowerState.java:run(108)) - localhost_10000@group-DB7CD3B4A7F8-FollowerState: change to CANDIDATE, lastRpcTime:1002ms, electionTimeout:1002ms
2019-09-26 13:33:04,301 INFO  impl.RoleInfo (RoleInfo.java:updateAndGet(143)) - localhost_10002: start LeaderElection
2019-09-26 13:33:04,301 INFO  impl.RoleInfo (RoleInfo.java:shutdownFollowerState(121)) - localhost_10000: shutdown FollowerState
2019-09-26 13:33:04,301 INFO  impl.RaftServerImpl (RaftServerImpl.java:setRole(170)) - localhost_10000@group-DB7CD3B4A7F8: changes role from  FOLLOWER to CANDIDATE at term 0 for changeToCandidate
2019-09-26 13:33:04,302 INFO  impl.RoleInfo (RoleInfo.java:updateAndGet(143)) - localhost_10000: start LeaderElection
2019-09-26 13:33:04,302 INFO  client.GrpcClientProtocolService (GrpcClientProtocolService.java:lambda$processClientRequest$0(278)) - Failed RaftClientRequest:client-352D35361D97->localhost_10001@group-DB7CD3B4A7F8, cid=42, seq=0, RW, Message:321f0a0f0a0d74657374...(size=33), reply=RaftClientReply:client-352D35361D97->localhost_10001@group-DB7CD3B4A7F8, cid=42, FAILED org.apache.ratis.protocol.NotLeaderException: Server localhost_10001@group-DB7CD3B4A7F8 is not the leader, logIndex=0, commits[localhost_10001:c-1]
2019-09-26 13:33:04,304 INFO  client.GrpcClientProtocolService (GrpcClientProtocolService.java:lambda$processClientRequest$0(278)) - Failed RaftClientRequest:client-352D35361D97->localhost_10002@group-DB7CD3B4A7F8, cid=42, seq=0, RW, Message:321f0a0f0a0d74657374...(size=33), reply=RaftClientReply:client-352D35361D97->localhost_10002@group-DB7CD3B4A7F8, cid=42, FAILED org.apache.ratis.protocol.NotLeaderException: Server localhost_10002@group-DB7CD3B4A7F8 is not the leader, logIndex=0, commits[localhost_10002:c-1]
2019-09-26 13:33:04,306 INFO  client.GrpcClientProtocolService (GrpcClientProtocolService.java:lambda$processClientRequest$0(278)) - Failed RaftClientRequest:client-352D35361D97->localhost_10000@group-DB7CD3B4A7F8, cid=42, seq=0, RW, Message:321f0a0f0a0d74657374...(size=33), reply=RaftClientReply:client-352D35361D97->localhost_10000@group-DB7CD3B4A7F8, cid=42, FAILED org.apache.ratis.protocol.NotLeaderException: Server localhost_10000@group-DB7CD3B4A7F8 is not the leader, logIndex=0, commits[localhost_10000:c-1]
2019-09-26 13:33:04,307 INFO  client.GrpcClientProtocolService (GrpcClientProtocolService.java:lambda$processClientRequest$0(278)) - Failed RaftClientRequest:client-352D35361D97->localhost_10002@group-DB7CD3B4A7F8, cid=42, seq=0, RW, Message:321f0a0f0a0d74657374...(size=33), reply=RaftClientReply:client-352D35361D97->localhost_10002@group-DB7CD3B4A7F8, cid=42, FAILED org.apache.ratis.protocol.NotLeaderException: Server localhost_10002@group-DB7CD3B4A7F8 is not the leader, logIndex=0, commits[localhost_10002:c-1]
2019-09-26 13:33:04,308 INFO  client.GrpcClientProtocolService (GrpcClientProtocolService.java:lambda$processClientRequest$0(278)) - Failed RaftClientRequest:client-352D35361D97->localhost_10000@group-DB7CD3B4A7F8, cid=42, seq=0, RW, Message:321f0a0f0a0d74657374...(size=33), reply=RaftClientReply:client-352D35361D97->localhost_10000@group-DB7CD3B4A7F8, cid=42, FAILED org.apache.ratis.protocol.NotLeaderException: Server localhost_10000@group-DB7CD3B4A7F8 is not the leader, logIndex=0, commits[localhost_10000:c-1]
2019-09-26 13:33:04,310 INFO  client.GrpcClientProtocolService (GrpcClientProtocolService.java:lambda$processClientRequest$0(278)) - Failed RaftClientRequest:client-352D35361D97->localhost_10001@group-DB7CD3B4A7F8, cid=42, seq=0, RW, Message:321f0a0f0a0d74657374...(size=33), reply=RaftClientReply:client-352D35361D97->localhost_10001@group-DB7CD3B4A7F8, cid=42, FAILED org.apache.ratis.protocol.NotLeaderException: Server localhost_10001@group-DB7CD3B4A7F8 is not the leader, logIndex=0, commits[localhost_10001:c-1]
2019-09-26 13:33:04,311 INFO  client.GrpcClientProtocolService (GrpcClientProtocolService.java:lambda$processClientRequest$0(278)) - Failed RaftClientRequest:client-352D35361D97->localhost_10000@group-DB7CD3B4A7F8, cid=42, seq=0, RW, Message:321f0a0f0a0d74657374...(size=33), reply=RaftClientReply:client-352D35361D97->localhost_10000@group-DB7CD3B4A7F8, cid=42, FAILED org.apache.ratis.protocol.NotLeaderException: Server localhost_10000@group-DB7CD3B4A7F8 is not the leader, logIndex=0, commits[localhost_10000:c-1]
2019-09-26 13:33:04,313 INFO  client.GrpcClientProtocolService (GrpcClientProtocolService.java:lambda$processClientRequest$0(278)) - Failed RaftClientRequest:client-352D35361D97->localhost_10001@group-DB7CD3B4A7F8, cid=42, seq=0, RW, Message:321f0a0f0a0d74657374...(size=33), reply=RaftClientReply:client-352D35361D97->localhost_10001@group-DB7CD3B4A7F8, cid=42, FAILED org.apache.ratis.protocol.NotLeaderException: Server localhost_10001@group-DB7CD3B4A7F8 is not the leader, logIndex=0, commits[localhost_10001:c-1]
2019-09-26 13:33:04,314 INFO  client.GrpcClientProtocolService (GrpcClientProtocolService.java:lambda$processClientRequest$0(278)) - Failed RaftClientRequest:client-352D35361D97->localhost_10000@group-DB7CD3B4A7F8, cid=42, seq=0, RW, Message:321f0a0f0a0d74657374...(size=33), reply=RaftClientReply:client-352D35361D97->localhost_10000@group-DB7CD3B4A7F8, cid=42, FAILED org.apache.ratis.protocol.NotLeaderException: Server localhost_10000@group-DB7CD3B4A7F8 is not the leader, logIndex=0, commits[localhost_10000:c-1]
2019-09-26 13:33:04,315 INFO  client.GrpcClientProtocolService (GrpcClientProtocolService.java:lambda$processClientRequest$0(278)) - Failed RaftClientRequest:client-352D35361D97->localhost_10002@group-DB7CD3B4A7F8, cid=42, seq=0, RW, Message:321f0a0f0a0d74657374...(size=33), reply=RaftClientReply:client-352D35361D97->localhost_10002@group-DB7CD3B4A7F8, cid=42, FAILED org.apache.ratis.protocol.NotLeaderException: Server localhost_10002@group-DB7CD3B4A7F8 is not the leader, logIndex=0, commits[localhost_10002:c-1]
2019-09-26 13:33:04,317 INFO  client.GrpcClientProtocolService (GrpcClientProtocolService.java:lambda$processClientRequest$0(278)) - Failed RaftClientRequest:client-352D35361D97->localhost_10000@group-DB7CD3B4A7F8, cid=42, seq=0, RW, Message:321f0a0f0a0d74657374...(size=33), reply=RaftClientReply:client-352D35361D97->localhost_10000@group-DB7CD3B4A7F8, cid=42, FAILED org.apache.ratis.protocol.NotLeaderException: Server localhost_10000@group-DB7CD3B4A7F8 is not the leader, logIndex=0, commits[localhost_10000:c-1]
2019-09-26 13:33:04,318 INFO  client.GrpcClientProtocolService (GrpcClientProtocolService.java:lambda$processClientRequest$0(278)) - Failed RaftClientRequest:client-352D35361D97->localhost_10001@group-DB7CD3B4A7F8, cid=42, seq=0, RW, Message:321f0a0f0a0d74657374...(size=33), reply=RaftClientReply:client-352D35361D97->localhost_10001@group-DB7CD3B4A7F8, cid=42, FAILED org.apache.ratis.protocol.NotLeaderException: Server localhost_10001@group-DB7CD3B4A7F8 is not the leader, logIndex=0, commits[localhost_10001:c-1]
2019-09-26 13:33:04,320 INFO  client.GrpcClientProtocolService (GrpcClientProtocolService.java:lambda$processClientRequest$0(278)) - Failed RaftClientRequest:client-352D35361D97->localhost_10002@group-DB7CD3B4A7F8, cid=42, seq=0, RW, Message:321f0a0f0a0d74657374...(size=33), reply=RaftClientReply:client-352D35361D97->localhost_10002@group-DB7CD3B4A7F8, cid=42, FAILED org.apache.ratis.protocol.NotLeaderException: Server localhost_10002@group-DB7CD3B4A7F8 is not the leader, logIndex=0, commits[localhost_10002:c-1]
2019-09-26 13:33:04,322 INFO  client.GrpcClientProtocolService (GrpcClientProtocolService.java:lambda$processClientRequest$0(278)) - Failed RaftClientRequest:client-352D35361D97->localhost_10000@group-DB7CD3B4A7F8, cid=42, seq=0, RW, Message:321f0a0f0a0d74657374...(size=33), reply=RaftClientReply:client-352D35361D97->localhost_10000@group-DB7CD3B4A7F8, cid=42, FAILED org.apache.ratis.protocol.NotLeaderException: Server localhost_10000@group-DB7CD3B4A7F8 is not the leader, logIndex=0, commits[localhost_10000:c-1]
2019-09-26 13:33:04,323 INFO  client.GrpcClientProtocolService (GrpcClientProtocolService.java:lambda$processClientRequest$0(278)) - Failed RaftClientRequest:client-352D35361D97->localhost_10001@group-DB7CD3B4A7F8, cid=42, seq=0, RW, Message:321f0a0f0a0d74657374...(size=33), reply=RaftClientReply:client-352D35361D97->localhost_10001@group-DB7CD3B4A7F8, cid=42, FAILED org.apache.ratis.protocol.NotLeaderException: Server localhost_10001@group-DB7CD3B4A7F8 is not the leader, logIndex=0, commits[localhost_10001:c-1]
2019-09-26 13:33:04,325 INFO  client.GrpcClientProtocolService (GrpcClientProtocolService.java:lambda$processClientRequest$0(278)) - Failed RaftClientRequest:client-352D35361D97->localhost_10002@group-DB7CD3B4A7F8, cid=42, seq=0, RW, Message:321f0a0f0a0d74657374...(size=33), reply=RaftClientReply:client-352D35361D97->localhost_10002@group-DB7CD3B4A7F8, cid=42, FAILED org.apache.ratis.protocol.NotLeaderException: Server localhost_10002@group-DB7CD3B4A7F8 is not the leader, logIndex=0, commits[localhost_10002:c-1]
2019-09-26 13:33:04,326 INFO  client.GrpcClientProtocolService (GrpcClientProtocolService.java:lambda$processClientRequest$0(278)) - Failed RaftClientRequest:client-352D35361D97->localhost_10000@group-DB7CD3B4A7F8, cid=42, seq=0, RW, Message:321f0a0f0a0d74657374...(size=33), reply=RaftClientReply:client-352D35361D97->localhost_10000@group-DB7CD3B4A7F8, cid=42, FAILED org.apache.ratis.protocol.NotLeaderException: Server localhost_10000@group-DB7CD3B4A7F8 is not the leader, logIndex=0, commits[localhost_10000:c-1]
2019-09-26 13:33:04,327 INFO  client.GrpcClientProtocolService (GrpcClientProtocolService.java:lambda$processClientRequest$0(278)) - Failed RaftClientRequest:client-352D35361D97->localhost_10001@group-DB7CD3B4A7F8, cid=42, seq=0, RW, Message:321f0a0f0a0d74657374...(size=33), reply=RaftClientReply:client-352D35361D97->localhost_10001@group-DB7CD3B4A7F8, cid=42, FAILED org.apache.ratis.protocol.NotLeaderException: Server localhost_10001@group-DB7CD3B4A7F8 is not the leader, logIndex=0, commits[localhost_10001:c-1]
2019-09-26 13:33:04,329 INFO  client.GrpcClientProtocolService (GrpcClientProtocolService.java:lambda$processClientRequest$0(278)) - Failed RaftClientRequest:client-352D35361D97->localhost_10000@group-DB7CD3B4A7F8, cid=42, seq=0, RW, Message:321f0a0f0a0d74657374...(size=33), reply=RaftClientReply:client-352D35361D97->localhost_10000@group-DB7CD3B4A7F8, cid=42, FAILED org.apache.ratis.protocol.NotLeaderException: Server localhost_10000@group-DB7CD3B4A7F8 is not the leader, logIndex=0, commits[localhost_10000:c-1]
2019-09-26 13:33:04,330 INFO  client.GrpcClientProtocolService (GrpcClientProtocolService.java:lambda$processClientRequest$0(278)) - Failed RaftClientRequest:client-352D35361D97->localhost_10002@group-DB7CD3B4A7F8, cid=42, seq=0, RW, Message:321f0a0f0a0d74657374...(size=33), reply=RaftClientReply:client-352D35361D97->localhost_10002@group-DB7CD3B4A7F8, cid=42, FAILED org.apache.ratis.protocol.NotLeaderException: Server localhost_10002@group-DB7CD3B4A7F8 is not the leader, logIndex=0, commits[localhost_10002:c-1]
2019-09-26 13:33:04,332 INFO  client.GrpcClientProtocolService (GrpcClientProtocolService.java:lambda$processClientRequest$0(278)) - Failed RaftClientRequest:client-352D35361D97->localhost_10001@group-DB7CD3B4A7F8, cid=42, seq=0, RW, Message:321f0a0f0a0d74657374...(size=33), reply=RaftClientReply:client-352D35361D97->localhost_10001@group-DB7CD3B4A7F8, cid=42, FAILED org.apache.ratis.protocol.NotLeaderException: Server localhost_10001@group-DB7CD3B4A7F8 is not the leader, logIndex=0, commits[localhost_10001:c-1]
2019-09-26 13:33:04,333 INFO  client.GrpcClientProtocolService (GrpcClientProtocolService.java:lambda$processClientRequest$0(278)) - Failed RaftClientRequest:client-352D35361D97->localhost_10000@group-DB7CD3B4A7F8, cid=42, seq=0, RW, Message:321f0a0f0a0d74657374...(size=33), reply=RaftClientReply:client-352D35361D97->localhost_10000@group-DB7CD3B4A7F8, cid=42, FAILED org.apache.ratis.protocol.NotLeaderException: Server localhost_10000@group-DB7CD3B4A7F8 is not the leader, logIndex=0, commits[localhost_10000:c-1]
2019-09-26 13:33:04,335 INFO  client.GrpcClientProtocolService (GrpcClientProtocolService.java:lambda$processClientRequest$0(278)) - Failed RaftClientRequest:client-352D35361D97->localhost_10001@group-DB7CD3B4A7F8, cid=42, seq=0, RW, Message:321f0a0f0a0d74657374...(size=33), reply=RaftClientReply:client-352D35361D97->localhost_10001@group-DB7CD3B4A7F8, cid=42, FAILED org.apache.ratis.protocol.NotLeaderException: Server localhost_10001@group-DB7CD3B4A7F8 is not the leader, logIndex=0, commits[localhost_10001:c-1]
2019-09-26 13:33:04,336 INFO  client.GrpcClientProtocolService (GrpcClientProtocolService.java:lambda$processClientRequest$0(278)) - Failed RaftClientRequest:client-352D35361D97->localhost_10002@group-DB7CD3B4A7F8, cid=42, seq=0, RW, Message:321f0a0f0a0d74657374...(size=33), reply=RaftClientReply:client-352D35361D97->localhost_10002@group-DB7CD3B4A7F8, cid=42, FAILED org.apache.ratis.protocol.NotLeaderException: Server localhost_10002@group-DB7CD3B4A7F8 is not the leader, logIndex=0, commits[localhost_10002:c-1]
2019-09-26 13:33:04,338 INFO  client.GrpcClientProtocolService (GrpcClientProtocolService.java:lambda$processClientRequest$0(278)) - Failed RaftClientRequest:client-352D35361D97->localhost_10001@group-DB7CD3B4A7F8, cid=42, seq=0, RW, Message:321f0a0f0a0d74657374...(size=33), reply=RaftClientReply:client-352D35361D97->localhost_10001@group-DB7CD3B4A7F8, cid=42, FAILED org.apache.ratis.protocol.NotLeaderException: Server localhost_10001@group-DB7CD3B4A7F8 is not the leader, logIndex=0, commits[localhost_10001:c-1]
2019-09-26 13:33:04,339 INFO  client.GrpcClientProtocolService (GrpcClientProtocolService.java:lambda$processClientRequest$0(278)) - Failed RaftClientRequest:client-352D35361D97->localhost_10002@group-DB7CD3B4A7F8, cid=42, seq=0, RW, Message:321f0a0f0a0d74657374...(size=33), reply=RaftClientReply:client-352D35361D97->localhost_10002@group-DB7CD3B4A7F8, cid=42, FAILED org.apache.ratis.protocol.NotLeaderException: Server localhost_10002@group-DB7CD3B4A7F8 is not the leader, logIndex=0, commits[localhost_10002:c-1]
2019-09-26 13:33:04,341 INFO  client.GrpcClientProtocolService (GrpcClientProtocolService.java:lambda$processClientRequest$0(278)) - Failed RaftClientRequest:client-352D35361D97->localhost_10000@group-DB7CD3B4A7F8, cid=42, seq=0, RW, Message:321f0a0f0a0d74657374...(size=33), reply=RaftClientReply:client-352D35361D97->localhost_10000@group-DB7CD3B4A7F8, cid=42, FAILED org.apache.ratis.protocol.NotLeaderException: Server localhost_10000@group-DB7CD3B4A7F8 is not the leader, logIndex=0, commits[localhost_10000:c-1]
2019-09-26 13:33:04,342 INFO  client.GrpcClientProtocolService (GrpcClientProtocolService.java:lambda$processClientRequest$0(278)) - Failed RaftClientRequest:client-352D35361D97->localhost_10001@group-DB7CD3B4A7F8, cid=42, seq=0, RW, Message:321f0a0f0a0d74657374...(size=33), reply=RaftClientReply:client-352D35361D97->localhost_10001@group-DB7CD3B4A7F8, cid=42, FAILED org.apache.ratis.protocol.NotLeaderException: Server localhost_10001@group-DB7CD3B4A7F8 is not the leader, logIndex=0, commits[localhost_10001:c-1]
2019-09-26 13:33:04,344 INFO  client.GrpcClientProtocolService (GrpcClientProtocolService.java:lambda$processClientRequest$0(278)) - Failed RaftClientRequest:client-352D35361D97->localhost_10002@group-DB7CD3B4A7F8, cid=42, seq=0, RW, Message:321f0a0f0a0d74657374...(size=33), reply=RaftClientReply:client-352D35361D97->localhost_10002@group-DB7CD3B4A7F8, cid=42, FAILED org.apache.ratis.protocol.NotLeaderException: Server localhost_10002@group-DB7CD3B4A7F8 is not the leader, logIndex=0, commits[localhost_10002:c-1]
2019-09-26 13:33:04,345 INFO  client.GrpcClientProtocolService (GrpcClientProtocolService.java:lambda$processClientRequest$0(278)) - Failed RaftClientRequest:client-352D35361D97->localhost_10000@group-DB7CD3B4A7F8, cid=42, seq=0, RW, Message:321f0a0f0a0d74657374...(size=33), reply=RaftClientReply:client-352D35361D97->localhost_10000@group-DB7CD3B4A7F8, cid=42, FAILED org.apache.ratis.protocol.NotLeaderException: Server localhost_10000@group-DB7CD3B4A7F8 is not the leader, logIndex=0, commits[localhost_10000:c-1]
2019-09-26 13:33:04,347 INFO  client.GrpcClientProtocolService (GrpcClientProtocolService.java:lambda$processClientRequest$0(278)) - Failed RaftClientRequest:client-352D35361D97->localhost_10002@group-DB7CD3B4A7F8, cid=42, seq=0, RW, Message:321f0a0f0a0d74657374...(size=33), reply=RaftClientReply:client-352D35361D97->localhost_10002@group-DB7CD3B4A7F8, cid=42, FAILED org.apache.ratis.protocol.NotLeaderException: Server localhost_10002@group-DB7CD3B4A7F8 is not the leader, logIndex=0, commits[localhost_10002:c-1]
2019-09-26 13:33:04,348 INFO  client.GrpcClientProtocolService (GrpcClientProtocolService.java:lambda$processClientRequest$0(278)) - Failed RaftClientRequest:client-352D35361D97->localhost_10001@group-DB7CD3B4A7F8, cid=42, seq=0, RW, Message:321f0a0f0a0d74657374...(size=33), reply=RaftClientReply:client-352D35361D97->localhost_10001@group-DB7CD3B4A7F8, cid=42, FAILED org.apache.ratis.protocol.NotLeaderException: Server localhost_10001@group-DB7CD3B4A7F8 is not the leader, logIndex=0, commits[localhost_10001:c-1]
2019-09-26 13:33:04,350 INFO  client.GrpcClientProtocolService (GrpcClientProtocolService.java:lambda$processClientRequest$0(278)) - Failed RaftClientRequest:client-352D35361D97->localhost_10000@group-DB7CD3B4A7F8, cid=42, seq=0, RW, Message:321f0a0f0a0d74657374...(size=33), reply=RaftClientReply:client-352D35361D97->localhost_10000@group-DB7CD3B4A7F8, cid=42, FAILED org.apache.ratis.protocol.NotLeaderException: Server localhost_10000@group-DB7CD3B4A7F8 is not the leader, logIndex=0, commits[localhost_10000:c-1]
2019-09-26 13:33:04,351 INFO  client.GrpcClientProtocolService (GrpcClientProtocolService.java:lambda$processClientRequest$0(278)) - Failed RaftClientRequest:client-352D35361D97->localhost_10002@group-DB7CD3B4A7F8, cid=42, seq=0, RW, Message:321f0a0f0a0d74657374...(size=33), reply=RaftClientReply:client-352D35361D97->localhost_10002@group-DB7CD3B4A7F8, cid=42, FAILED org.apache.ratis.protocol.NotLeaderException: Server localhost_10002@group-DB7CD3B4A7F8 is not the leader, logIndex=0, commits[localhost_10002:c-1]
2019-09-26 13:33:04,353 INFO  client.GrpcClientProtocolService (GrpcClientProtocolService.java:lambda$processClientRequest$0(278)) - Failed RaftClientRequest:client-352D35361D97->localhost_10000@group-DB7CD3B4A7F8, cid=42, seq=0, RW, Message:321f0a0f0a0d74657374...(size=33), reply=RaftClientReply:client-352D35361D97->localhost_10000@group-DB7CD3B4A7F8, cid=42, FAILED org.apache.ratis.protocol.NotLeaderException: Server localhost_10000@group-DB7CD3B4A7F8 is not the leader, logIndex=0, commits[localhost_10000:c-1]
2019-09-26 13:33:04,354 INFO  client.GrpcClientProtocolService (GrpcClientProtocolService.java:lambda$processClientRequest$0(278)) - Failed RaftClientRequest:client-352D35361D97->localhost_10002@group-DB7CD3B4A7F8, cid=42, seq=0, RW, Message:321f0a0f0a0d74657374...(size=33), reply=RaftClientReply:client-352D35361D97->localhost_10002@group-DB7CD3B4A7F8, cid=42, FAILED org.apache.ratis.protocol.NotLeaderException: Server localhost_10002@group-DB7CD3B4A7F8 is not the leader, logIndex=0, commits[localhost_10002:c-1]
2019-09-26 13:33:04,356 INFO  client.GrpcClientProtocolService (GrpcClientProtocolService.java:lambda$processClientRequest$0(278)) - Failed RaftClientRequest:client-352D35361D97->localhost_10001@group-DB7CD3B4A7F8, cid=42, seq=0, RW, Message:321f0a0f0a0d74657374...(size=33), reply=RaftClientReply:client-352D35361D97->localhost_10001@group-DB7CD3B4A7F8, cid=42, FAILED org.apache.ratis.protocol.NotLeaderException: Server localhost_10001@group-DB7CD3B4A7F8 is not the leader, logIndex=0, commits[localhost_10001:c-1]
2019-09-26 13:33:04,357 INFO  client.GrpcClientProtocolService (GrpcClientProtocolService.java:lambda$processClientRequest$0(278)) - Failed RaftClientRequest:client-352D35361D97->localhost_10000@group-DB7CD3B4A7F8, cid=42, seq=0, RW, Message:321f0a0f0a0d74657374...(size=33), reply=RaftClientReply:client-352D35361D97->localhost_10000@group-DB7CD3B4A7F8, cid=42, FAILED org.apache.ratis.protocol.NotLeaderException: Server localhost_10000@group-DB7CD3B4A7F8 is not the leader, logIndex=0, commits[localhost_10000:c-1]
2019-09-26 13:33:04,359 INFO  client.GrpcClientProtocolService (GrpcClientProtocolService.java:lambda$processClientRequest$0(278)) - Failed RaftClientRequest:client-352D35361D97->localhost_10001@group-DB7CD3B4A7F8, cid=42, seq=0, RW, Message:321f0a0f0a0d74657374...(size=33), reply=RaftClientReply:client-352D35361D97->localhost_10001@group-DB7CD3B4A7F8, cid=42, FAILED org.apache.ratis.protocol.NotLeaderException: Server localhost_10001@group-DB7CD3B4A7F8 is not the leader, logIndex=0, commits[localhost_10001:c-1]
2019-09-26 13:33:04,360 INFO  client.GrpcClientProtocolService (GrpcClientProtocolService.java:lambda$processClientRequest$0(278)) - Failed RaftClientRequest:client-352D35361D97->localhost_10000@group-DB7CD3B4A7F8, cid=42, seq=0, RW, Message:321f0a0f0a0d74657374...(size=33), reply=RaftClientReply:client-352D35361D97->localhost_10000@group-DB7CD3B4A7F8, cid=42, FAILED org.apache.ratis.protocol.NotLeaderException: Server localhost_10000@group-DB7CD3B4A7F8 is not the leader, logIndex=0, commits[localhost_10000:c-1]
2019-09-26 13:33:04,362 INFO  client.GrpcClientProtocolService (GrpcClientProtocolService.java:lambda$processClientRequest$0(278)) - Failed RaftClientRequest:client-352D35361D97->localhost_10001@group-DB7CD3B4A7F8, cid=42, seq=0, RW, Message:321f0a0f0a0d74657374...(size=33), reply=RaftClientReply:client-352D35361D97->localhost_10001@group-DB7CD3B4A7F8, cid=42, FAILED org.apache.ratis.protocol.NotLeaderException: Server localhost_10001@group-DB7CD3B4A7F8 is not the leader, logIndex=0, commits[localhost_10001:c-1]
2019-09-26 13:33:04,363 INFO  client.GrpcClientProtocolService (GrpcClientProtocolService.java:lambda$processClientRequest$0(278)) - Failed RaftClientRequest:client-352D35361D97->localhost_10002@group-DB7CD3B4A7F8, cid=42, seq=0, RW, Message:321f0a0f0a0d74657374...(size=33), reply=RaftClientReply:client-352D35361D97->localhost_10002@group-DB7CD3B4A7F8, cid=42, FAILED org.apache.ratis.protocol.NotLeaderException: Server localhost_10002@group-DB7CD3B4A7F8 is not the leader, logIndex=0, commits[localhost_10002:c-1]
2019-09-26 13:33:04,363 INFO  impl.FollowerState (FollowerState.java:run(108)) - localhost_10001@group-DB7CD3B4A7F8-FollowerState: change to CANDIDATE, lastRpcTime:1023ms, electionTimeout:1023ms
2019-09-26 13:33:04,364 INFO  impl.RoleInfo (RoleInfo.java:shutdownFollowerState(121)) - localhost_10001: shutdown FollowerState
2019-09-26 13:33:04,364 INFO  impl.RaftServerImpl (RaftServerImpl.java:setRole(170)) - localhost_10001@group-DB7CD3B4A7F8: changes role from  FOLLOWER to CANDIDATE at term 0 for changeToCandidate
2019-09-26 13:33:04,364 INFO  impl.RoleInfo (RoleInfo.java:updateAndGet(143)) - localhost_10001: start LeaderElection
2019-09-26 13:33:04,365 INFO  client.GrpcClientProtocolService (GrpcClientProtocolService.java:lambda$processClientRequest$0(278)) - Failed RaftClientRequest:client-352D35361D97->localhost_10001@group-DB7CD3B4A7F8, cid=42, seq=0, RW, Message:321f0a0f0a0d74657374...(size=33), reply=RaftClientReply:client-352D35361D97->localhost_10001@group-DB7CD3B4A7F8, cid=42, FAILED org.apache.ratis.protocol.NotLeaderException: Server localhost_10001@group-DB7CD3B4A7F8 is not the leader, logIndex=0, commits[localhost_10001:c-1]
2019-09-26 13:33:04,367 INFO  client.GrpcClientProtocolService (GrpcClientProtocolService.java:lambda$processClientRequest$0(278)) - Failed RaftClientRequest:client-352D35361D97->localhost_10002@group-DB7CD3B4A7F8, cid=42, seq=0, RW, Message:321f0a0f0a0d74657374...(size=33), reply=RaftClientReply:client-352D35361D97->localhost_10002@group-DB7CD3B4A7F8, cid=42, FAILED org.apache.ratis.protocol.NotLeaderException: Server localhost_10002@group-DB7CD3B4A7F8 is not the leader, logIndex=0, commits[localhost_10002:c-1]
2019-09-26 13:33:04,368 INFO  client.GrpcClientProtocolService (GrpcClientProtocolService.java:lambda$processClientRequest$0(278)) - Failed RaftClientRequest:client-352D35361D97->localhost_10001@group-DB7CD3B4A7F8, cid=42, seq=0, RW, Message:321f0a0f0a0d74657374...(size=33), reply=RaftClientReply:client-352D35361D97->localhost_10001@group-DB7CD3B4A7F8, cid=42, FAILED org.apache.ratis.protocol.NotLeaderException: Server localhost_10001@group-DB7CD3B4A7F8 is not the leader, logIndex=0, commits[localhost_10001:c-1]
2019-09-26 13:33:04,370 INFO  client.GrpcClientProtocolService (GrpcClientProtocolService.java:lambda$processClientRequest$0(278)) - Failed RaftClientRequest:client-352D35361D97->localhost_10002@group-DB7CD3B4A7F8, cid=42, seq=0, RW, Message:321f0a0f0a0d74657374...(size=33), reply=RaftClientReply:client-352D35361D97->localhost_10002@group-DB7CD3B4A7F8, cid=42, FAILED org.apache.ratis.protocol.NotLeaderException: Server localhost_10002@group-DB7CD3B4A7F8 is not the leader, logIndex=0, commits[localhost_10002:c-1]
2019-09-26 13:33:04,372 INFO  client.GrpcClientProtocolService (GrpcClientProtocolService.java:lambda$processClientRequest$0(278)) - Failed RaftClientRequest:client-352D35361D97->localhost_10001@group-DB7CD3B4A7F8, cid=42, seq=0, RW, Message:321f0a0f0a0d74657374...(size=33), reply=RaftClientReply:client-352D35361D97->localhost_10001@group-DB7CD3B4A7F8, cid=42, FAILED org.apache.ratis.protocol.NotLeaderException: Server localhost_10001@group-DB7CD3B4A7F8 is not the leader, logIndex=0, commits[localhost_10001:c-1]
2019-09-26 13:33:04,373 INFO  client.GrpcClientProtocolService (GrpcClientProtocolService.java:lambda$processClientRequest$0(278)) - Failed RaftClientRequest:client-352D35361D97->localhost_10000@group-DB7CD3B4A7F8, cid=42, seq=0, RW, Message:321f0a0f0a0d74657374...(size=33), reply=RaftClientReply:client-352D35361D97->localhost_10000@group-DB7CD3B4A7F8, cid=42, FAILED org.apache.ratis.protocol.NotLeaderException: Server localhost_10000@group-DB7CD3B4A7F8 is not the leader, logIndex=0, commits[localhost_10000:c-1]
2019-09-26 13:33:04,375 INFO  client.GrpcClientProtocolService (GrpcClientProtocolService.java:lambda$processClientRequest$0(278)) - Failed RaftClientRequest:client-352D35361D97->localhost_10002@group-DB7CD3B4A7F8, cid=42, seq=0, RW, Message:321f0a0f0a0d74657374...(size=33), reply=RaftClientReply:client-352D35361D97->localhost_10002@group-DB7CD3B4A7F8, cid=42, FAILED org.apache.ratis.protocol.NotLeaderException: Server localhost_10002@group-DB7CD3B4A7F8 is not the leader, logIndex=0, commits[localhost_10002:c-1]
2019-09-26 13:33:04,376 INFO  client.GrpcClientProtocolService (GrpcClientProtocolService.java:lambda$processClientRequest$0(278)) - Failed RaftClientRequest:client-352D35361D97->localhost_10000@group-DB7CD3B4A7F8, cid=42, seq=0, RW, Message:321f0a0f0a0d74657374...(size=33), reply=RaftClientReply:client-352D35361D97->localhost_10000@group-DB7CD3B4A7F8, cid=42, FAILED org.apache.ratis.protocol.NotLeaderException: Server localhost_10000@group-DB7CD3B4A7F8 is not the leader, logIndex=0, commits[localhost_10000:c-1]
2019-09-26 13:33:04,378 INFO  client.GrpcClientProtocolService (GrpcClientProtocolService.java:lambda$processClientRequest$0(278)) - Failed RaftClientRequest:client-352D35361D97->localhost_10002@group-DB7CD3B4A7F8, cid=42, seq=0, RW, Message:321f0a0f0a0d74657374...(size=33), reply=RaftClientReply:client-352D35361D97->localhost_10002@group-DB7CD3B4A7F8, cid=42, FAILED org.apache.ratis.protocol.NotLeaderException: Server localhost_10002@group-DB7CD3B4A7F8 is not the leader, logIndex=0, commits[localhost_10002:c-1]
2019-09-26 13:33:04,384 INFO  client.GrpcClientProtocolService (GrpcClientProtocolService.java:lambda$processClientRequest$0(278)) - Failed RaftClientRequest:client-352D35361D97->localhost_10001@group-DB7CD3B4A7F8, cid=42, seq=0, RW, Message:321f0a0f0a0d74657374...(size=33), reply=RaftClientReply:client-352D35361D97->localhost_10001@group-DB7CD3B4A7F8, cid=42, FAILED org.apache.ratis.protocol.NotLeaderException: Server localhost_10001@group-DB7CD3B4A7F8 is not the leader, logIndex=0, commits[localhost_10001:c-1]
2019-09-26 13:33:04,386 INFO  client.GrpcClientProtocolService (GrpcClientProtocolService.java:lambda$processClientRequest$0(278)) - Failed RaftClientRequest:client-352D35361D97->localhost_10002@group-DB7CD3B4A7F8, cid=42, seq=0, RW, Message:321f0a0f0a0d74657374...(size=33), reply=RaftClientReply:client-352D35361D97->localhost_10002@group-DB7CD3B4A7F8, cid=42, FAILED org.apache.ratis.protocol.NotLeaderException: Server localhost_10002@group-DB7CD3B4A7F8 is not the leader, logIndex=0, commits[localhost_10002:c-1]
2019-09-26 13:33:04,387 INFO  client.GrpcClientProtocolService (GrpcClientProtocolService.java:lambda$processClientRequest$0(278)) - Failed RaftClientRequest:client-352D35361D97->localhost_10001@group-DB7CD3B4A7F8, cid=42, seq=0, RW, Message:321f0a0f0a0d74657374...(size=33), reply=RaftClientReply:client-352D35361D97->localhost_10001@group-DB7CD3B4A7F8, cid=42, FAILED org.apache.ratis.protocol.NotLeaderException: Server localhost_10001@group-DB7CD3B4A7F8 is not the leader, logIndex=0, commits[localhost_10001:c-1]
2019-09-26 13:33:04,389 INFO  client.GrpcClientProtocolService (GrpcClientProtocolService.java:lambda$processClientRequest$0(278)) - Failed RaftClientRequest:client-352D35361D97->localhost_10002@group-DB7CD3B4A7F8, cid=42, seq=0, RW, Message:321f0a0f0a0d74657374...(size=33), reply=RaftClientReply:client-352D35361D97->localhost_10002@group-DB7CD3B4A7F8, cid=42, FAILED org.apache.ratis.protocol.NotLeaderException: Server localhost_10002@group-DB7CD3B4A7F8 is not the leader, logIndex=0, commits[localhost_10002:c-1]
2019-09-26 13:33:04,391 INFO  client.GrpcClientProtocolService (GrpcClientProtocolService.java:lambda$processClientRequest$0(278)) - Failed RaftClientRequest:client-352D35361D97->localhost_10001@group-DB7CD3B4A7F8, cid=42, seq=0, RW, Message:321f0a0f0a0d74657374...(size=33), reply=RaftClientReply:client-352D35361D97->localhost_10001@group-DB7CD3B4A7F8, cid=42, FAILED org.apache.ratis.protocol.NotLeaderException: Server localhost_10001@group-DB7CD3B4A7F8 is not the leader, logIndex=0, commits[localhost_10001:c-1]
2019-09-26 13:33:04,392 INFO  client.GrpcClientProtocolService (GrpcClientProtocolService.java:lambda$processClientRequest$0(278)) - Failed RaftClientRequest:client-352D35361D97->localhost_10000@group-DB7CD3B4A7F8, cid=42, seq=0, RW, Message:321f0a0f0a0d74657374...(size=33), reply=RaftClientReply:client-352D35361D97->localhost_10000@group-DB7CD3B4A7F8, cid=42, FAILED org.apache.ratis.protocol.NotLeaderException: Server localhost_10000@group-DB7CD3B4A7F8 is not the leader, logIndex=0, commits[localhost_10000:c-1]
2019-09-26 13:33:04,394 INFO  client.GrpcClientProtocolService (GrpcClientProtocolService.java:lambda$processClientRequest$0(278)) - Failed RaftClientRequest:client-352D35361D97->localhost_10002@group-DB7CD3B4A7F8, cid=42, seq=0, RW, Message:321f0a0f0a0d74657374...(size=33), reply=RaftClientReply:client-352D35361D97->localhost_10002@group-DB7CD3B4A7F8, cid=42, FAILED org.apache.ratis.protocol.NotLeaderException: Server localhost_10002@group-DB7CD3B4A7F8 is not the leader, logIndex=0, commits[localhost_10002:c-1]
2019-09-26 13:33:04,395 INFO  client.GrpcClientProtocolService (GrpcClientProtocolService.java:lambda$processClientRequest$0(278)) - Failed RaftClientRequest:client-352D35361D97->localhost_10001@group-DB7CD3B4A7F8, cid=42, seq=0, RW, Message:321f0a0f0a0d74657374...(size=33), reply=RaftClientReply:client-352D35361D97->localhost_10001@group-DB7CD3B4A7F8, cid=42, FAILED org.apache.ratis.protocol.NotLeaderException: Server localhost_10001@group-DB7CD3B4A7F8 is not the leader, logIndex=0, commits[localhost_10001:c-1]
2019-09-26 13:33:04,397 INFO  client.GrpcClientProtocolService (GrpcClientProtocolService.java:lambda$processClientRequest$0(278)) - Failed RaftClientRequest:client-352D35361D97->localhost_10002@group-DB7CD3B4A7F8, cid=42, seq=0, RW, Message:321f0a0f0a0d74657374...(size=33), reply=RaftClientReply:client-352D35361D97->localhost_10002@group-DB7CD3B4A7F8, cid=42, FAILED org.apache.ratis.protocol.NotLeaderException: Server localhost_10002@group-DB7CD3B4A7F8 is not the leader, logIndex=0, commits[localhost_10002:c-1]
2019-09-26 13:33:04,399 INFO  client.GrpcClientProtocolService (GrpcClientProtocolService.java:lambda$processClientRequest$0(278)) - Failed RaftClientRequest:client-352D35361D97->localhost_10000@group-DB7CD3B4A7F8, cid=42, seq=0, RW, Message:321f0a0f0a0d74657374...(size=33), reply=RaftClientReply:client-352D35361D97->localhost_10000@group-DB7CD3B4A7F8, cid=42, FAILED org.apache.ratis.protocol.NotLeaderException: Server localhost_10000@group-DB7CD3B4A7F8 is not the leader, logIndex=0, commits[localhost_10000:c-1]
2019-09-26 13:33:04,400 INFO  client.GrpcClientProtocolService (GrpcClientProtocolService.java:lambda$processClientRequest$0(278)) - Failed RaftClientRequest:client-352D35361D97->localhost_10002@group-DB7CD3B4A7F8, cid=42, seq=0, RW, Message:321f0a0f0a0d74657374...(size=33), reply=RaftClientReply:client-352D35361D97->localhost_10002@group-DB7CD3B4A7F8, cid=42, FAILED org.apache.ratis.protocol.NotLeaderException: Server localhost_10002@group-DB7CD3B4A7F8 is not the leader, logIndex=0, commits[localhost_10002:c-1]
2019-09-26 13:33:04,402 INFO  client.GrpcClientProtocolService (GrpcClientProtocolService.java:lambda$processClientRequest$0(278)) - Failed RaftClientRequest:client-352D35361D97->localhost_10001@group-DB7CD3B4A7F8, cid=42, seq=0, RW, Message:321f0a0f0a0d74657374...(size=33), reply=RaftClientReply:client-352D35361D97->localhost_10001@group-DB7CD3B4A7F8, cid=42, FAILED org.apache.ratis.protocol.NotLeaderException: Server localhost_10001@group-DB7CD3B4A7F8 is not the leader, logIndex=0, commits[localhost_10001:c-1]
2019-09-26 13:33:04,403 INFO  client.GrpcClientProtocolService (GrpcClientProtocolService.java:lambda$processClientRequest$0(278)) - Failed RaftClientRequest:client-352D35361D97->localhost_10002@group-DB7CD3B4A7F8, cid=42, seq=0, RW, Message:321f0a0f0a0d74657374...(size=33), reply=RaftClientReply:client-352D35361D97->localhost_10002@group-DB7CD3B4A7F8, cid=42, FAILED org.apache.ratis.protocol.NotLeaderException: Server localhost_10002@group-DB7CD3B4A7F8 is not the leader, logIndex=0, commits[localhost_10002:c-1]
2019-09-26 13:33:04,405 INFO  client.GrpcClientProtocolService (GrpcClientProtocolService.java:lambda$processClientRequest$0(278)) - Failed RaftClientRequest:client-352D35361D97->localhost_10001@group-DB7CD3B4A7F8, cid=42, seq=0, RW, Message:321f0a0f0a0d74657374...(size=33), reply=RaftClientReply:client-352D35361D97->localhost_10001@group-DB7CD3B4A7F8, cid=42, FAILED org.apache.ratis.protocol.NotLeaderException: Server localhost_10001@group-DB7CD3B4A7F8 is not the leader, logIndex=0, commits[localhost_10001:c-1]
2019-09-26 13:33:04,406 INFO  client.GrpcClientProtocolService (GrpcClientProtocolService.java:lambda$processClientRequest$0(278)) - Failed RaftClientRequest:client-352D35361D97->localhost_10000@group-DB7CD3B4A7F8, cid=42, seq=0, RW, Message:321f0a0f0a0d74657374...(size=33), reply=RaftClientReply:client-352D35361D97->localhost_10000@group-DB7CD3B4A7F8, cid=42, FAILED org.apache.ratis.protocol.NotLeaderException: Server localhost_10000@group-DB7CD3B4A7F8 is not the leader, logIndex=0, commits[localhost_10000:c-1]
2019-09-26 13:33:04,408 INFO  client.GrpcClientProtocolService (GrpcClientProtocolService.java:lambda$processClientRequest$0(278)) - Failed RaftClientRequest:client-352D35361D97->localhost_10001@group-DB7CD3B4A7F8, cid=42, seq=0, RW, Message:321f0a0f0a0d74657374...(size=33), reply=RaftClientReply:client-352D35361D97->localhost_10001@group-DB7CD3B4A7F8, cid=42, FAILED org.apache.ratis.protocol.NotLeaderException: Server localhost_10001@group-DB7CD3B4A7F8 is not the leader, logIndex=0, commits[localhost_10001:c-1]
2019-09-26 13:33:04,409 INFO  client.GrpcClientProtocolService (GrpcClientProtocolService.java:lambda$processClientRequest$0(278)) - Failed RaftClientRequest:client-352D35361D97->localhost_10002@group-DB7CD3B4A7F8, cid=42, seq=0, RW, Message:321f0a0f0a0d74657374...(size=33), reply=RaftClientReply:client-352D35361D97->localhost_10002@group-DB7CD3B4A7F8, cid=42, FAILED org.apache.ratis.protocol.NotLeaderException: Server localhost_10002@group-DB7CD3B4A7F8 is not the leader, logIndex=0, commits[localhost_10002:c-1]
2019-09-26 13:33:04,411 INFO  client.GrpcClientProtocolService (GrpcClientProtocolService.java:lambda$processClientRequest$0(278)) - Failed RaftClientRequest:client-352D35361D97->localhost_10001@group-DB7CD3B4A7F8, cid=42, seq=0, RW, Message:321f0a0f0a0d74657374...(size=33), reply=RaftClientReply:client-352D35361D97->localhost_10001@group-DB7CD3B4A7F8, cid=42, FAILED org.apache.ratis.protocol.NotLeaderException: Server localhost_10001@group-DB7CD3B4A7F8 is not the leader, logIndex=0, commits[localhost_10001:c-1]
2019-09-26 13:33:04,412 INFO  client.GrpcClientProtocolService (GrpcClientProtocolService.java:lambda$processClientRequest$0(278)) - Failed RaftClientRequest:client-352D35361D97->localhost_10000@group-DB7CD3B4A7F8, cid=42, seq=0, RW, Message:321f0a0f0a0d74657374...(size=33), reply=RaftClientReply:client-352D35361D97->localhost_10000@group-DB7CD3B4A7F8, cid=42, FAILED org.apache.ratis.protocol.NotLeaderException: Server localhost_10000@group-DB7CD3B4A7F8 is not the leader, logIndex=0, commits[localhost_10000:c-1]
2019-09-26 13:33:04,413 INFO  client.GrpcClientProtocolService (GrpcClientProtocolService.java:lambda$processClientRequest$0(278)) - Failed RaftClientRequest:client-352D35361D97->localhost_10001@group-DB7CD3B4A7F8, cid=42, seq=0, RW, Message:321f0a0f0a0d74657374...(size=33), reply=RaftClientReply:client-352D35361D97->localhost_10001@group-DB7CD3B4A7F8, cid=42, FAILED org.apache.ratis.protocol.NotLeaderException: Server localhost_10001@group-DB7CD3B4A7F8 is not the leader, logIndex=0, commits[localhost_10001:c-1]
2019-09-26 13:33:04,415 INFO  client.GrpcClientProtocolService (GrpcClientProtocolService.java:lambda$processClientRequest$0(278)) - Failed RaftClientRequest:client-352D35361D97->localhost_10002@group-DB7CD3B4A7F8, cid=42, seq=0, RW, Message:321f0a0f0a0d74657374...(size=33), reply=RaftClientReply:client-352D35361D97->localhost_10002@group-DB7CD3B4A7F8, cid=42, FAILED org.apache.ratis.protocol.NotLeaderException: Server localhost_10002@group-DB7CD3B4A7F8 is not the leader, logIndex=0, commits[localhost_10002:c-1]
2019-09-26 13:33:04,416 INFO  client.GrpcClientProtocolService (GrpcClientProtocolService.java:lambda$processClientRequest$0(278)) - Failed RaftClientRequest:client-352D35361D97->localhost_10000@group-DB7CD3B4A7F8, cid=42, seq=0, RW, Message:321f0a0f0a0d74657374...(size=33), reply=RaftClientReply:client-352D35361D97->localhost_10000@group-DB7CD3B4A7F8, cid=42, FAILED org.apache.ratis.protocol.NotLeaderException: Server localhost_10000@group-DB7CD3B4A7F8 is not the leader, logIndex=0, commits[localhost_10000:c-1]
2019-09-26 13:33:04,418 INFO  client.GrpcClientProtocolService (GrpcClientProtocolService.java:lambda$processClientRequest$0(278)) - Failed RaftClientRequest:client-352D35361D97->localhost_10001@group-DB7CD3B4A7F8, cid=42, seq=0, RW, Message:321f0a0f0a0d74657374...(size=33), reply=RaftClientReply:client-352D35361D97->localhost_10001@group-DB7CD3B4A7F8, cid=42, FAILED org.apache.ratis.protocol.NotLeaderException: Server localhost_10001@group-DB7CD3B4A7F8 is not the leader, logIndex=0, commits[localhost_10001:c-1]
2019-09-26 13:33:04,419 INFO  client.GrpcClientProtocolService (GrpcClientProtocolService.java:lambda$processClientRequest$0(278)) - Failed RaftClientRequest:client-352D35361D97->localhost_10000@group-DB7CD3B4A7F8, cid=42, seq=0, RW, Message:321f0a0f0a0d74657374...(size=33), reply=RaftClientReply:client-352D35361D97->localhost_10000@group-DB7CD3B4A7F8, cid=42, FAILED org.apache.ratis.protocol.NotLeaderException: Server localhost_10000@group-DB7CD3B4A7F8 is not the leader, logIndex=0, commits[localhost_10000:c-1]
2019-09-26 13:33:04,421 INFO  client.GrpcClientProtocolService (GrpcClientProtocolService.java:lambda$processClientRequest$0(278)) - Failed RaftClientRequest:client-352D35361D97->localhost_10002@group-DB7CD3B4A7F8, cid=42, seq=0, RW, Message:321f0a0f0a0d74657374...(size=33), reply=RaftClientReply:client-352D35361D97->localhost_10002@group-DB7CD3B4A7F8, cid=42, FAILED org.apache.ratis.protocol.NotLeaderException: Server localhost_10002@group-DB7CD3B4A7F8 is not the leader, logIndex=0, commits[localhost_10002:c-1]
2019-09-26 13:33:04,422 INFO  client.GrpcClientProtocolService (GrpcClientProtocolService.java:lambda$processClientRequest$0(278)) - Failed RaftClientRequest:client-352D35361D97->localhost_10001@group-DB7CD3B4A7F8, cid=42, seq=0, RW, Message:321f0a0f0a0d74657374...(size=33), reply=RaftClientReply:client-352D35361D97->localhost_10001@group-DB7CD3B4A7F8, cid=42, FAILED org.apache.ratis.protocol.NotLeaderException: Server localhost_10001@group-DB7CD3B4A7F8 is not the leader, logIndex=0, commits[localhost_10001:c-1]
2019-09-26 13:33:04,423 INFO  client.GrpcClientProtocolService (GrpcClientProtocolService.java:lambda$processClientRequest$0(278)) - Failed RaftClientRequest:client-352D35361D97->localhost_10002@group-DB7CD3B4A7F8, cid=42, seq=0, RW, Message:321f0a0f0a0d74657374...(size=33), reply=RaftClientReply:client-352D35361D97->localhost_10002@group-DB7CD3B4A7F8, cid=42, FAILED org.apache.ratis.protocol.NotLeaderException: Server localhost_10002@group-DB7CD3B4A7F8 is not the leader, logIndex=0, commits[localhost_10002:c-1]
2019-09-26 13:33:04,425 INFO  client.GrpcClientProtocolService (GrpcClientProtocolService.java:lambda$processClientRequest$0(278)) - Failed RaftClientRequest:client-352D35361D97->localhost_10001@group-DB7CD3B4A7F8, cid=42, seq=0, RW, Message:321f0a0f0a0d74657374...(size=33), reply=RaftClientReply:client-352D35361D97->localhost_10001@group-DB7CD3B4A7F8, cid=42, FAILED org.apache.ratis.protocol.NotLeaderException: Server localhost_10001@group-DB7CD3B4A7F8 is not the leader, logIndex=0, commits[localhost_10001:c-1]
2019-09-26 13:33:04,426 INFO  client.GrpcClientProtocolService (GrpcClientProtocolService.java:lambda$processClientRequest$0(278)) - Failed RaftClientRequest:client-352D35361D97->localhost_10002@group-DB7CD3B4A7F8, cid=42, seq=0, RW, Message:321f0a0f0a0d74657374...(size=33), reply=RaftClientReply:client-352D35361D97->localhost_10002@group-DB7CD3B4A7F8, cid=42, FAILED org.apache.ratis.protocol.NotLeaderException: Server localhost_10002@group-DB7CD3B4A7F8 is not the leader, logIndex=0, commits[localhost_10002:c-1]
2019-09-26 13:33:04,427 INFO  client.GrpcClientProtocolService (GrpcClientProtocolService.java:lambda$processClientRequest$0(278)) - Failed RaftClientRequest:client-352D35361D97->localhost_10001@group-DB7CD3B4A7F8, cid=42, seq=0, RW, Message:321f0a0f0a0d74657374...(size=33), reply=RaftClientReply:client-352D35361D97->localhost_10001@group-DB7CD3B4A7F8, cid=42, FAILED org.apache.ratis.protocol.NotLeaderException: Server localhost_10001@group-DB7CD3B4A7F8 is not the leader, logIndex=0, commits[localhost_10001:c-1]
2019-09-26 13:33:04,429 INFO  client.GrpcClientProtocolService (GrpcClientProtocolService.java:lambda$processClientRequest$0(278)) - Failed RaftClientRequest:client-352D35361D97->localhost_10000@group-DB7CD3B4A7F8, cid=42, seq=0, RW, Message:321f0a0f0a0d74657374...(size=33), reply=RaftClientReply:client-352D35361D97->localhost_10000@group-DB7CD3B4A7F8, cid=42, FAILED org.apache.ratis.protocol.NotLeaderException: Server localhost_10000@group-DB7CD3B4A7F8 is not the leader, logIndex=0, commits[localhost_10000:c-1]
2019-09-26 13:33:04,430 INFO  client.GrpcClientProtocolService (GrpcClientProtocolService.java:lambda$processClientRequest$0(278)) - Failed RaftClientRequest:client-352D35361D97->localhost_10002@group-DB7CD3B4A7F8, cid=42, seq=0, RW, Message:321f0a0f0a0d74657374...(size=33), reply=RaftClientReply:client-352D35361D97->localhost_10002@group-DB7CD3B4A7F8, cid=42, FAILED org.apache.ratis.protocol.NotLeaderException: Server localhost_10002@group-DB7CD3B4A7F8 is not the leader, logIndex=0, commits[localhost_10002:c-1]
2019-09-26 13:33:04,431 INFO  client.GrpcClientProtocolService (GrpcClientProtocolService.java:lambda$processClientRequest$0(278)) - Failed RaftClientRequest:client-352D35361D97->localhost_10000@group-DB7CD3B4A7F8, cid=42, seq=0, RW, Message:321f0a0f0a0d74657374...(size=33), reply=RaftClientReply:client-352D35361D97->localhost_10000@group-DB7CD3B4A7F8, cid=42, FAILED org.apache.ratis.protocol.NotLeaderException: Server localhost_10000@group-DB7CD3B4A7F8 is not the leader, logIndex=0, commits[localhost_10000:c-1]
2019-09-26 13:33:04,433 INFO  client.GrpcClientProtocolService (GrpcClientProtocolService.java:lambda$processClientRequest$0(278)) - Failed RaftClientRequest:client-352D35361D97->localhost_10001@group-DB7CD3B4A7F8, cid=42, seq=0, RW, Message:321f0a0f0a0d74657374...(size=33), reply=RaftClientReply:client-352D35361D97->localhost_10001@group-DB7CD3B4A7F8, cid=42, FAILED org.apache.ratis.protocol.NotLeaderException: Server localhost_10001@group-DB7CD3B4A7F8 is not the leader, logIndex=0, commits[localhost_10001:c-1]
2019-09-26 13:33:04,434 INFO  client.GrpcClientProtocolService (GrpcClientProtocolService.java:lambda$processClientRequest$0(278)) - Failed RaftClientRequest:client-352D35361D97->localhost_10002@group-DB7CD3B4A7F8, cid=42, seq=0, RW, Message:321f0a0f0a0d74657374...(size=33), reply=RaftClientReply:client-352D35361D97->localhost_10002@group-DB7CD3B4A7F8, cid=42, FAILED org.apache.ratis.protocol.NotLeaderException: Server localhost_10002@group-DB7CD3B4A7F8 is not the leader, logIndex=0, commits[localhost_10002:c-1]
2019-09-26 13:33:04,436 INFO  client.GrpcClientProtocolService (GrpcClientProtocolService.java:lambda$processClientRequest$0(278)) - Failed RaftClientRequest:client-352D35361D97->localhost_10000@group-DB7CD3B4A7F8, cid=42, seq=0, RW, Message:321f0a0f0a0d74657374...(size=33), reply=RaftClientReply:client-352D35361D97->localhost_10000@group-DB7CD3B4A7F8, cid=42, FAILED org.apache.ratis.protocol.NotLeaderException: Server localhost_10000@group-DB7CD3B4A7F8 is not the leader, logIndex=0, commits[localhost_10000:c-1]
2019-09-26 13:33:04,437 INFO  client.GrpcClientProtocolService (GrpcClientProtocolService.java:lambda$processClientRequest$0(278)) - Failed RaftClientRequest:client-352D35361D97->localhost_10002@group-DB7CD3B4A7F8, cid=42, seq=0, RW, Message:321f0a0f0a0d74657374...(size=33), reply=RaftClientReply:client-352D35361D97->localhost_10002@group-DB7CD3B4A7F8, cid=42, FAILED org.apache.ratis.protocol.NotLeaderException: Server localhost_10002@group-DB7CD3B4A7F8 is not the leader, logIndex=0, commits[localhost_10002:c-1]
2019-09-26 13:33:04,439 INFO  client.GrpcClientProtocolService (GrpcClientProtocolService.java:lambda$processClientRequest$0(278)) - Failed RaftClientRequest:client-352D35361D97->localhost_10001@group-DB7CD3B4A7F8, cid=42, seq=0, RW, Message:321f0a0f0a0d74657374...(size=33), reply=RaftClientReply:client-352D35361D97->localhost_10001@group-DB7CD3B4A7F8, cid=42, FAILED org.apache.ratis.protocol.NotLeaderException: Server localhost_10001@group-DB7CD3B4A7F8 is not the leader, logIndex=0, commits[localhost_10001:c-1]
2019-09-26 13:33:04,440 INFO  client.GrpcClientProtocolService (GrpcClientProtocolService.java:lambda$processClientRequest$0(278)) - Failed RaftClientRequest:client-352D35361D97->localhost_10002@group-DB7CD3B4A7F8, cid=42, seq=0, RW, Message:321f0a0f0a0d74657374...(size=33), reply=RaftClientReply:client-352D35361D97->localhost_10002@group-DB7CD3B4A7F8, cid=42, FAILED org.apache.ratis.protocol.NotLeaderException: Server localhost_10002@group-DB7CD3B4A7F8 is not the leader, logIndex=0, commits[localhost_10002:c-1]
2019-09-26 13:33:04,442 INFO  client.GrpcClientProtocolService (GrpcClientProtocolService.java:lambda$processClientRequest$0(278)) - Failed RaftClientRequest:client-352D35361D97->localhost_10001@group-DB7CD3B4A7F8, cid=42, seq=0, RW, Message:321f0a0f0a0d74657374...(size=33), reply=RaftClientReply:client-352D35361D97->localhost_10001@group-DB7CD3B4A7F8, cid=42, FAILED org.apache.ratis.protocol.NotLeaderException: Server localhost_10001@group-DB7CD3B4A7F8 is not the leader, logIndex=0, commits[localhost_10001:c-1]
2019-09-26 13:33:04,443 INFO  client.GrpcClientProtocolService (GrpcClientProtocolService.java:lambda$processClientRequest$0(278)) - Failed RaftClientRequest:client-352D35361D97->localhost_10002@group-DB7CD3B4A7F8, cid=42, seq=0, RW, Message:321f0a0f0a0d74657374...(size=33), reply=RaftClientReply:client-352D35361D97->localhost_10002@group-DB7CD3B4A7F8, cid=42, FAILED org.apache.ratis.protocol.NotLeaderException: Server localhost_10002@group-DB7CD3B4A7F8 is not the leader, logIndex=0, commits[localhost_10002:c-1]
2019-09-26 13:33:04,445 INFO  client.GrpcClientProtocolService (GrpcClientProtocolService.java:lambda$processClientRequest$0(278)) - Failed RaftClientRequest:client-352D35361D97->localhost_10001@group-DB7CD3B4A7F8, cid=42, seq=0, RW, Message:321f0a0f0a0d74657374...(size=33), reply=RaftClientReply:client-352D35361D97->localhost_10001@group-DB7CD3B4A7F8, cid=42, FAILED org.apache.ratis.protocol.NotLeaderException: Server localhost_10001@group-DB7CD3B4A7F8 is not the leader, logIndex=0, commits[localhost_10001:c-1]
2019-09-26 13:33:04,446 INFO  client.GrpcClientProtocolService (GrpcClientProtocolService.java:lambda$processClientRequest$0(278)) - Failed RaftClientRequest:client-352D35361D97->localhost_10000@group-DB7CD3B4A7F8, cid=42, seq=0, RW, Message:321f0a0f0a0d74657374...(size=33), reply=RaftClientReply:client-352D35361D97->localhost_10000@group-DB7CD3B4A7F8, cid=42, FAILED org.apache.ratis.protocol.NotLeaderException: Server localhost_10000@group-DB7CD3B4A7F8 is not the leader, logIndex=0, commits[localhost_10000:c-1]
2019-09-26 13:33:04,448 INFO  client.GrpcClientProtocolService (GrpcClientProtocolService.java:lambda$processClientRequest$0(278)) - Failed RaftClientRequest:client-352D35361D97->localhost_10001@group-DB7CD3B4A7F8, cid=42, seq=0, RW, Message:321f0a0f0a0d74657374...(size=33), reply=RaftClientReply:client-352D35361D97->localhost_10001@group-DB7CD3B4A7F8, cid=42, FAILED org.apache.ratis.protocol.NotLeaderException: Server localhost_10001@group-DB7CD3B4A7F8 is not the leader, logIndex=0, commits[localhost_10001:c-1]
2019-09-26 13:33:04,449 INFO  client.GrpcClientProtocolService (GrpcClientProtocolService.java:lambda$processClientRequest$0(278)) - Failed RaftClientRequest:client-352D35361D97->localhost_10002@group-DB7CD3B4A7F8, cid=42, seq=0, RW, Message:321f0a0f0a0d74657374...(size=33), reply=RaftClientReply:client-352D35361D97->localhost_10002@group-DB7CD3B4A7F8, cid=42, FAILED org.apache.ratis.protocol.NotLeaderException: Server localhost_10002@group-DB7CD3B4A7F8 is not the leader, logIndex=0, commits[localhost_10002:c-1]
2019-09-26 13:33:04,451 INFO  client.GrpcClientProtocolService (GrpcClientProtocolService.java:lambda$processClientRequest$0(278)) - Failed RaftClientRequest:client-352D35361D97->localhost_10000@group-DB7CD3B4A7F8, cid=42, seq=0, RW, Message:321f0a0f0a0d74657374...(size=33), reply=RaftClientReply:client-352D35361D97->localhost_10000@group-DB7CD3B4A7F8, cid=42, FAILED org.apache.ratis.protocol.NotLeaderException: Server localhost_10000@group-DB7CD3B4A7F8 is not the leader, logIndex=0, commits[localhost_10000:c-1]
2019-09-26 13:33:04,452 INFO  client.GrpcClientProtocolService (GrpcClientProtocolService.java:lambda$processClientRequest$0(278)) - Failed RaftClientRequest:client-352D35361D97->localhost_10001@group-DB7CD3B4A7F8, cid=42, seq=0, RW, Message:321f0a0f0a0d74657374...(size=33), reply=RaftClientReply:client-352D35361D97->localhost_10001@group-DB7CD3B4A7F8, cid=42, FAILED org.apache.ratis.protocol.NotLeaderException: Server localhost_10001@group-DB7CD3B4A7F8 is not the leader, logIndex=0, commits[localhost_10001:c-1]
2019-09-26 13:33:04,454 INFO  client.GrpcClientProtocolService (GrpcClientProtocolService.java:lambda$processClientRequest$0(278)) - Failed RaftClientRequest:client-352D35361D97->localhost_10000@group-DB7CD3B4A7F8, cid=42, seq=0, RW, Message:321f0a0f0a0d74657374...(size=33), reply=RaftClientReply:client-352D35361D97->localhost_10000@group-DB7CD3B4A7F8, cid=42, FAILED org.apache.ratis.protocol.NotLeaderException: Server localhost_10000@group-DB7CD3B4A7F8 is not the leader, logIndex=0, commits[localhost_10000:c-1]
2019-09-26 13:33:04,455 INFO  client.GrpcClientProtocolService (GrpcClientProtocolService.java:lambda$processClientRequest$0(278)) - Failed RaftClientRequest:client-352D35361D97->localhost_10001@group-DB7CD3B4A7F8, cid=42, seq=0, RW, Message:321f0a0f0a0d74657374...(size=33), reply=RaftClientReply:client-352D35361D97->localhost_10001@group-DB7CD3B4A7F8, cid=42, FAILED org.apache.ratis.protocol.NotLeaderException: Server localhost_10001@group-DB7CD3B4A7F8 is not the leader, logIndex=0, commits[localhost_10001:c-1]
2019-09-26 13:33:04,456 INFO  client.GrpcClientProtocolService (GrpcClientProtocolService.java:lambda$processClientRequest$0(278)) - Failed RaftClientRequest:client-352D35361D97->localhost_10002@group-DB7CD3B4A7F8, cid=42, seq=0, RW, Message:321f0a0f0a0d74657374...(size=33), reply=RaftClientReply:client-352D35361D97->localhost_10002@group-DB7CD3B4A7F8, cid=42, FAILED org.apache.ratis.protocol.NotLeaderException: Server localhost_10002@group-DB7CD3B4A7F8 is not the leader, logIndex=0, commits[localhost_10002:c-1]
2019-09-26 13:33:04,458 INFO  client.GrpcClientProtocolService (GrpcClientProtocolService.java:lambda$processClientRequest$0(278)) - Failed RaftClientRequest:client-352D35361D97->localhost_10001@group-DB7CD3B4A7F8, cid=42, seq=0, RW, Message:321f0a0f0a0d74657374...(size=33), reply=RaftClientReply:client-352D35361D97->localhost_10001@group-DB7CD3B4A7F8, cid=42, FAILED org.apache.ratis.protocol.NotLeaderException: Server localhost_10001@group-DB7CD3B4A7F8 is not the leader, logIndex=0, commits[localhost_10001:c-1]
2019-09-26 13:33:04,459 INFO  client.GrpcClientProtocolService (GrpcClientProtocolService.java:lambda$processClientRequest$0(278)) - Failed RaftClientRequest:client-352D35361D97->localhost_10000@group-DB7CD3B4A7F8, cid=42, seq=0, RW, Message:321f0a0f0a0d74657374...(size=33), reply=RaftClientReply:client-352D35361D97->localhost_10000@group-DB7CD3B4A7F8, cid=42, FAILED org.apache.ratis.protocol.NotLeaderException: Server localhost_10000@group-DB7CD3B4A7F8 is not the leader, logIndex=0, commits[localhost_10000:c-1]
2019-09-26 13:33:04,461 INFO  client.GrpcClientProtocolService (GrpcClientProtocolService.java:lambda$processClientRequest$0(278)) - Failed RaftClientRequest:client-352D35361D97->localhost_10001@group-DB7CD3B4A7F8, cid=42, seq=0, RW, Message:321f0a0f0a0d74657374...(size=33), reply=RaftClientReply:client-352D35361D97->localhost_10001@group-DB7CD3B4A7F8, cid=42, FAILED org.apache.ratis.protocol.NotLeaderException: Server localhost_10001@group-DB7CD3B4A7F8 is not the leader, logIndex=0, commits[localhost_10001:c-1]
2019-09-26 13:33:04,462 INFO  client.GrpcClientProtocolService (GrpcClientProtocolService.java:lambda$processClientRequest$0(278)) - Failed RaftClientRequest:client-352D35361D97->localhost_10002@group-DB7CD3B4A7F8, cid=42, seq=0, RW, Message:321f0a0f0a0d74657374...(size=33), reply=RaftClientReply:client-352D35361D97->localhost_10002@group-DB7CD3B4A7F8, cid=42, FAILED org.apache.ratis.protocol.NotLeaderException: Server localhost_10002@group-DB7CD3B4A7F8 is not the leader, logIndex=0, commits[localhost_10002:c-1]
2019-09-26 13:33:04,463 INFO  client.GrpcClientProtocolService (GrpcClientProtocolService.java:lambda$processClientRequest$0(278)) - Failed RaftClientRequest:client-352D35361D97->localhost_10001@group-DB7CD3B4A7F8, cid=42, seq=0, RW, Message:321f0a0f0a0d74657374...(size=33), reply=RaftClientReply:client-352D35361D97->localhost_10001@group-DB7CD3B4A7F8, cid=42, FAILED org.apache.ratis.protocol.NotLeaderException: Server localhost_10001@group-DB7CD3B4A7F8 is not the leader, logIndex=0, commits[localhost_10001:c-1]
2019-09-26 13:33:04,465 INFO  client.GrpcClientProtocolService (GrpcClientProtocolService.java:lambda$processClientRequest$0(278)) - Failed RaftClientRequest:client-352D35361D97->localhost_10002@group-DB7CD3B4A7F8, cid=42, seq=0, RW, Message:321f0a0f0a0d74657374...(size=33), reply=RaftClientReply:client-352D35361D97->localhost_10002@group-DB7CD3B4A7F8, cid=42, FAILED org.apache.ratis.protocol.NotLeaderException: Server localhost_10002@group-DB7CD3B4A7F8 is not the leader, logIndex=0, commits[localhost_10002:c-1]
2019-09-26 13:33:04,466 INFO  client.GrpcClientProtocolService (GrpcClientProtocolService.java:lambda$processClientRequest$0(278)) - Failed RaftClientRequest:client-352D35361D97->localhost_10001@group-DB7CD3B4A7F8, cid=42, seq=0, RW, Message:321f0a0f0a0d74657374...(size=33), reply=RaftClientReply:client-352D35361D97->localhost_10001@group-DB7CD3B4A7F8, cid=42, FAILED org.apache.ratis.protocol.NotLeaderException: Server localhost_10001@group-DB7CD3B4A7F8 is not the leader, logIndex=0, commits[localhost_10001:c-1]
2019-09-26 13:33:04,468 INFO  client.GrpcClientProtocolService (GrpcClientProtocolService.java:lambda$processClientRequest$0(278)) - Failed RaftClientRequest:client-352D35361D97->localhost_10000@group-DB7CD3B4A7F8, cid=42, seq=0, RW, Message:321f0a0f0a0d74657374...(size=33), reply=RaftClientReply:client-352D35361D97->localhost_10000@group-DB7CD3B4A7F8, cid=42, FAILED org.apache.ratis.protocol.NotLeaderException: Server localhost_10000@group-DB7CD3B4A7F8 is not the leader, logIndex=0, commits[localhost_10000:c-1]
2019-09-26 13:33:04,469 INFO  client.GrpcClientProtocolService (GrpcClientProtocolService.java:lambda$processClientRequest$0(278)) - Failed RaftClientRequest:client-352D35361D97->localhost_10002@group-DB7CD3B4A7F8, cid=42, seq=0, RW, Message:321f0a0f0a0d74657374...(size=33), reply=RaftClientReply:client-352D35361D97->localhost_10002@group-DB7CD3B4A7F8, cid=42, FAILED org.apache.ratis.protocol.NotLeaderException: Server localhost_10002@group-DB7CD3B4A7F8 is not the leader, logIndex=0, commits[localhost_10002:c-1]
2019-09-26 13:33:04,470 INFO  client.GrpcClientProtocolService (GrpcClientProtocolService.java:lambda$processClientRequest$0(278)) - Failed RaftClientRequest:client-352D35361D97->localhost_10001@group-DB7CD3B4A7F8, cid=42, seq=0, RW, Message:321f0a0f0a0d74657374...(size=33), reply=RaftClientReply:client-352D35361D97->localhost_10001@group-DB7CD3B4A7F8, cid=42, FAILED org.apache.ratis.protocol.NotLeaderException: Server localhost_10001@group-DB7CD3B4A7F8 is not the leader, logIndex=0, commits[localhost_10001:c-1]
2019-09-26 13:33:04,472 INFO  client.GrpcClientProtocolService (GrpcClientProtocolService.java:lambda$processClientRequest$0(278)) - Failed RaftClientRequest:client-352D35361D97->localhost_10002@group-DB7CD3B4A7F8, cid=42, seq=0, RW, Message:321f0a0f0a0d74657374...(size=33), reply=RaftClientReply:client-352D35361D97->localhost_10002@group-DB7CD3B4A7F8, cid=42, FAILED org.apache.ratis.protocol.NotLeaderException: Server localhost_10002@group-DB7CD3B4A7F8 is not the leader, logIndex=0, commits[localhost_10002:c-1]
2019-09-26 13:33:04,473 INFO  client.GrpcClientProtocolService (GrpcClientProtocolService.java:lambda$processClientRequest$0(278)) - Failed RaftClientRequest:client-352D35361D97->localhost_10001@group-DB7CD3B4A7F8, cid=42, seq=0, RW, Message:321f0a0f0a0d74657374...(size=33), reply=RaftClientReply:client-352D35361D97->localhost_10001@group-DB7CD3B4A7F8, cid=42, FAILED org.apache.ratis.protocol.NotLeaderException: Server localhost_10001@group-DB7CD3B4A7F8 is not the leader, logIndex=0, commits[localhost_10001:c-1]
2019-09-26 13:33:04,475 INFO  client.GrpcClientProtocolService (GrpcClientProtocolService.java:lambda$processClientRequest$0(278)) - Failed RaftClientRequest:client-352D35361D97->localhost_10002@group-DB7CD3B4A7F8, cid=42, seq=0, RW, Message:321f0a0f0a0d74657374...(size=33), reply=RaftClientReply:client-352D35361D97->localhost_10002@group-DB7CD3B4A7F8, cid=42, FAILED org.apache.ratis.protocol.NotLeaderException: Server localhost_10002@group-DB7CD3B4A7F8 is not the leader, logIndex=0, commits[localhost_10002:c-1]
2019-09-26 13:33:04,476 INFO  client.GrpcClientProtocolService (GrpcClientProtocolService.java:lambda$processClientRequest$0(278)) - Failed RaftClientRequest:client-352D35361D97->localhost_10000@group-DB7CD3B4A7F8, cid=42, seq=0, RW, Message:321f0a0f0a0d74657374...(size=33), reply=RaftClientReply:client-352D35361D97->localhost_10000@group-DB7CD3B4A7F8, cid=42, FAILED org.apache.ratis.protocol.NotLeaderException: Server localhost_10000@group-DB7CD3B4A7F8 is not the leader, logIndex=0, commits[localhost_10000:c-1]
2019-09-26 13:33:04,478 INFO  client.GrpcClientProtocolService (GrpcClientProtocolService.java:lambda$processClientRequest$0(278)) - Failed RaftClientRequest:client-352D35361D97->localhost_10002@group-DB7CD3B4A7F8, cid=42, seq=0, RW, Message:321f0a0f0a0d74657374...(size=33), reply=RaftClientReply:client-352D35361D97->localhost_10002@group-DB7CD3B4A7F8, cid=42, FAILED org.apache.ratis.protocol.NotLeaderException: Server localhost_10002@group-DB7CD3B4A7F8 is not the leader, logIndex=0, commits[localhost_10002:c-1]
2019-09-26 13:33:04,479 INFO  client.GrpcClientProtocolService (GrpcClientProtocolService.java:lambda$processClientRequest$0(278)) - Failed RaftClientRequest:client-352D35361D97->localhost_10001@group-DB7CD3B4A7F8, cid=42, seq=0, RW, Message:321f0a0f0a0d74657374...(size=33), reply=RaftClientReply:client-352D35361D97->localhost_10001@group-DB7CD3B4A7F8, cid=42, FAILED org.apache.ratis.protocol.NotLeaderException: Server localhost_10001@group-DB7CD3B4A7F8 is not the leader, logIndex=0, commits[localhost_10001:c-1]
2019-09-26 13:33:04,481 INFO  client.GrpcClientProtocolService (GrpcClientProtocolService.java:lambda$processClientRequest$0(278)) - Failed RaftClientRequest:client-352D35361D97->localhost_10002@group-DB7CD3B4A7F8, cid=42, seq=0, RW, Message:321f0a0f0a0d74657374...(size=33), reply=RaftClientReply:client-352D35361D97->localhost_10002@group-DB7CD3B4A7F8, cid=42, FAILED org.apache.ratis.protocol.NotLeaderException: Server localhost_10002@group-DB7CD3B4A7F8 is not the leader, logIndex=0, commits[localhost_10002:c-1]
2019-09-26 13:33:04,482 INFO  client.GrpcClientProtocolService (GrpcClientProtocolService.java:lambda$processClientRequest$0(278)) - Failed RaftClientRequest:client-352D35361D97->localhost_10000@group-DB7CD3B4A7F8, cid=42, seq=0, RW, Message:321f0a0f0a0d74657374...(size=33), reply=RaftClientReply:client-352D35361D97->localhost_10000@group-DB7CD3B4A7F8, cid=42, FAILED org.apache.ratis.protocol.NotLeaderException: Server localhost_10000@group-DB7CD3B4A7F8 is not the leader, logIndex=0, commits[localhost_10000:c-1]
2019-09-26 13:33:04,483 INFO  client.GrpcClientProtocolService (GrpcClientProtocolService.java:lambda$processClientRequest$0(278)) - Failed RaftClientRequest:client-352D35361D97->localhost_10002@group-DB7CD3B4A7F8, cid=42, seq=0, RW, Message:321f0a0f0a0d74657374...(size=33), reply=RaftClientReply:client-352D35361D97->localhost_10002@group-DB7CD3B4A7F8, cid=42, FAILED org.apache.ratis.protocol.NotLeaderException: Server localhost_10002@group-DB7CD3B4A7F8 is not the leader, logIndex=0, commits[localhost_10002:c-1]
2019-09-26 13:33:04,485 INFO  client.GrpcClientProtocolService (GrpcClientProtocolService.java:lambda$processClientRequest$0(278)) - Failed RaftClientRequest:client-352D35361D97->localhost_10001@group-DB7CD3B4A7F8, cid=42, seq=0, RW, Message:321f0a0f0a0d74657374...(size=33), reply=RaftClientReply:client-352D35361D97->localhost_10001@group-DB7CD3B4A7F8, cid=42, FAILED org.apache.ratis.protocol.NotLeaderException: Server localhost_10001@group-DB7CD3B4A7F8 is not the leader, logIndex=0, commits[localhost_10001:c-1]
2019-09-26 13:33:04,486 INFO  client.GrpcClientProtocolService (GrpcClientProtocolService.java:lambda$processClientRequest$0(278)) - Failed RaftClientRequest:client-352D35361D97->localhost_10000@group-DB7CD3B4A7F8, cid=42, seq=0, RW, Message:321f0a0f0a0d74657374...(size=33), reply=RaftClientReply:client-352D35361D97->localhost_10000@group-DB7CD3B4A7F8, cid=42, FAILED org.apache.ratis.protocol.NotLeaderException: Server localhost_10000@group-DB7CD3B4A7F8 is not the leader, logIndex=0, commits[localhost_10000:c-1]
2019-09-26 13:33:04,488 INFO  client.GrpcClientProtocolService (GrpcClientProtocolService.java:lambda$processClientRequest$0(278)) - Failed RaftClientRequest:client-352D35361D97->localhost_10002@group-DB7CD3B4A7F8, cid=42, seq=0, RW, Message:321f0a0f0a0d74657374...(size=33), reply=RaftClientReply:client-352D35361D97->localhost_10002@group-DB7CD3B4A7F8, cid=42, FAILED org.apache.ratis.protocol.NotLeaderException: Server localhost_10002@group-DB7CD3B4A7F8 is not the leader, logIndex=0, commits[localhost_10002:c-1]
2019-09-26 13:33:04,489 INFO  client.GrpcClientProtocolService (GrpcClientProtocolService.java:lambda$processClientRequest$0(278)) - Failed RaftClientRequest:client-352D35361D97->localhost_10000@group-DB7CD3B4A7F8, cid=42, seq=0, RW, Message:321f0a0f0a0d74657374...(size=33), reply=RaftClientReply:client-352D35361D97->localhost_10000@group-DB7CD3B4A7F8, cid=42, FAILED org.apache.ratis.protocol.NotLeaderException: Server localhost_10000@group-DB7CD3B4A7F8 is not the leader, logIndex=0, commits[localhost_10000:c-1]
2019-09-26 13:33:04,491 INFO  client.GrpcClientProtocolService (GrpcClientProtocolService.java:lambda$processClientRequest$0(278)) - Failed RaftClientRequest:client-352D35361D97->localhost_10002@group-DB7CD3B4A7F8, cid=42, seq=0, RW, Message:321f0a0f0a0d74657374...(size=33), reply=RaftClientReply:client-352D35361D97->localhost_10002@group-DB7CD3B4A7F8, cid=42, FAILED org.apache.ratis.protocol.NotLeaderException: Server localhost_10002@group-DB7CD3B4A7F8 is not the leader, logIndex=0, commits[localhost_10002:c-1]
2019-09-26 13:33:04,492 INFO  client.GrpcClientProtocolService (GrpcClientProtocolService.java:lambda$processClientRequest$0(278)) - Failed RaftClientRequest:client-352D35361D97->localhost_10000@group-DB7CD3B4A7F8, cid=42, seq=0, RW, Message:321f0a0f0a0d74657374...(size=33), reply=RaftClientReply:client-352D35361D97->localhost_10000@group-DB7CD3B4A7F8, cid=42, FAILED org.apache.ratis.protocol.NotLeaderException: Server localhost_10000@group-DB7CD3B4A7F8 is not the leader, logIndex=0, commits[localhost_10000:c-1]
2019-09-26 13:33:04,494 INFO  client.GrpcClientProtocolService (GrpcClientProtocolService.java:lambda$processClientRequest$0(278)) - Failed RaftClientRequest:client-352D35361D97->localhost_10001@group-DB7CD3B4A7F8, cid=42, seq=0, RW, Message:321f0a0f0a0d74657374...(size=33), reply=RaftClientReply:client-352D35361D97->localhost_10001@group-DB7CD3B4A7F8, cid=42, FAILED org.apache.ratis.protocol.NotLeaderException: Server localhost_10001@group-DB7CD3B4A7F8 is not the leader, logIndex=0, commits[localhost_10001:c-1]
2019-09-26 13:33:04,495 INFO  client.GrpcClientProtocolService (GrpcClientProtocolService.java:lambda$processClientRequest$0(278)) - Failed RaftClientRequest:client-352D35361D97->localhost_10000@group-DB7CD3B4A7F8, cid=42, seq=0, RW, Message:321f0a0f0a0d74657374...(size=33), reply=RaftClientReply:client-352D35361D97->localhost_10000@group-DB7CD3B4A7F8, cid=42, FAILED org.apache.ratis.protocol.NotLeaderException: Server localhost_10000@group-DB7CD3B4A7F8 is not the leader, logIndex=0, commits[localhost_10000:c-1]
2019-09-26 13:33:04,497 INFO  client.GrpcClientProtocolService (GrpcClientProtocolService.java:lambda$processClientRequest$0(278)) - Failed RaftClientRequest:client-352D35361D97->localhost_10002@group-DB7CD3B4A7F8, cid=42, seq=0, RW, Message:321f0a0f0a0d74657374...(size=33), reply=RaftClientReply:client-352D35361D97->localhost_10002@group-DB7CD3B4A7F8, cid=42, FAILED org.apache.ratis.protocol.NotLeaderException: Server localhost_10002@group-DB7CD3B4A7F8 is not the leader, logIndex=0, commits[localhost_10002:c-1]
2019-09-26 13:33:04,499 INFO  client.GrpcClientProtocolService (GrpcClientProtocolService.java:lambda$processClientRequest$0(278)) - Failed RaftClientRequest:client-352D35361D97->localhost_10000@group-DB7CD3B4A7F8, cid=42, seq=0, RW, Message:321f0a0f0a0d74657374...(size=33), reply=RaftClientReply:client-352D35361D97->localhost_10000@group-DB7CD3B4A7F8, cid=42, FAILED org.apache.ratis.protocol.NotLeaderException: Server localhost_10000@group-DB7CD3B4A7F8 is not the leader, logIndex=0, commits[localhost_10000:c-1]
2019-09-26 13:33:04,500 INFO  client.GrpcClientProtocolService (GrpcClientProtocolService.java:lambda$processClientRequest$0(278)) - Failed RaftClientRequest:client-352D35361D97->localhost_10002@group-DB7CD3B4A7F8, cid=42, seq=0, RW, Message:321f0a0f0a0d74657374...(size=33), reply=RaftClientReply:client-352D35361D97->localhost_10002@group-DB7CD3B4A7F8, cid=42, FAILED org.apache.ratis.protocol.NotLeaderException: Server localhost_10002@group-DB7CD3B4A7F8 is not the leader, logIndex=0, commits[localhost_10002:c-1]
2019-09-26 13:33:04,501 INFO  client.GrpcClientProtocolService (GrpcClientProtocolService.java:lambda$processClientRequest$0(278)) - Failed RaftClientRequest:client-352D35361D97->localhost_10000@group-DB7CD3B4A7F8, cid=42, seq=0, RW, Message:321f0a0f0a0d74657374...(size=33), reply=RaftClientReply:client-352D35361D97->localhost_10000@group-DB7CD3B4A7F8, cid=42, FAILED org.apache.ratis.protocol.NotLeaderException: Server localhost_10000@group-DB7CD3B4A7F8 is not the leader, logIndex=0, commits[localhost_10000:c-1]
2019-09-26 13:33:04,503 INFO  client.GrpcClientProtocolService (GrpcClientProtocolService.java:lambda$processClientRequest$0(278)) - Failed RaftClientRequest:client-352D35361D97->localhost_10002@group-DB7CD3B4A7F8, cid=42, seq=0, RW, Message:321f0a0f0a0d74657374...(size=33), reply=RaftClientReply:client-352D35361D97->localhost_10002@group-DB7CD3B4A7F8, cid=42, FAILED org.apache.ratis.protocol.NotLeaderException: Server localhost_10002@group-DB7CD3B4A7F8 is not the leader, logIndex=0, commits[localhost_10002:c-1]
2019-09-26 13:33:04,504 INFO  client.GrpcClientProtocolService (GrpcClientProtocolService.java:lambda$processClientRequest$0(278)) - Failed RaftClientRequest:client-352D35361D97->localhost_10001@group-DB7CD3B4A7F8, cid=42, seq=0, RW, Message:321f0a0f0a0d74657374...(size=33), reply=RaftClientReply:client-352D35361D97->localhost_10001@group-DB7CD3B4A7F8, cid=42, FAILED org.apache.ratis.protocol.NotLeaderException: Server localhost_10001@group-DB7CD3B4A7F8 is not the leader, logIndex=0, commits[localhost_10001:c-1]
2019-09-26 13:33:04,506 INFO  client.GrpcClientProtocolService (GrpcClientProtocolService.java:lambda$processClientRequest$0(278)) - Failed RaftClientRequest:client-352D35361D97->localhost_10000@group-DB7CD3B4A7F8, cid=42, seq=0, RW, Message:321f0a0f0a0d74657374...(size=33), reply=RaftClientReply:client-352D35361D97->localhost_10000@group-DB7CD3B4A7F8, cid=42, FAILED org.apache.ratis.protocol.NotLeaderException: Server localhost_10000@group-DB7CD3B4A7F8 is not the leader, logIndex=0, commits[localhost_10000:c-1]
2019-09-26 13:33:04,507 INFO  client.GrpcClientProtocolService (GrpcClientProtocolService.java:lambda$processClientRequest$0(278)) - Failed RaftClientRequest:client-352D35361D97->localhost_10002@group-DB7CD3B4A7F8, cid=42, seq=0, RW, Message:321f0a0f0a0d74657374...(size=33), reply=RaftClientReply:client-352D35361D97->localhost_10002@group-DB7CD3B4A7F8, cid=42, FAILED org.apache.ratis.protocol.NotLeaderException: Server localhost_10002@group-DB7CD3B4A7F8 is not the leader, logIndex=0, commits[localhost_10002:c-1]
2019-09-26 13:33:04,509 INFO  client.GrpcClientProtocolService (GrpcClientProtocolService.java:lambda$processClientRequest$0(278)) - Failed RaftClientRequest:client-352D35361D97->localhost_10001@group-DB7CD3B4A7F8, cid=42, seq=0, RW, Message:321f0a0f0a0d74657374...(size=33), reply=RaftClientReply:client-352D35361D97->localhost_10001@group-DB7CD3B4A7F8, cid=42, FAILED org.apache.ratis.protocol.NotLeaderException: Server localhost_10001@group-DB7CD3B4A7F8 is not the leader, logIndex=0, commits[localhost_10001:c-1]
2019-09-26 13:33:04,510 INFO  client.GrpcClientProtocolService (GrpcClientProtocolService.java:lambda$processClientRequest$0(278)) - Failed RaftClientRequest:client-352D35361D97->localhost_10002@group-DB7CD3B4A7F8, cid=42, seq=0, RW, Message:321f0a0f0a0d74657374...(size=33), reply=RaftClientReply:client-352D35361D97->localhost_10002@group-DB7CD3B4A7F8, cid=42, FAILED org.apache.ratis.protocol.NotLeaderException: Server localhost_10002@group-DB7CD3B4A7F8 is not the leader, logIndex=0, commits[localhost_10002:c-1]
2019-09-26 13:33:04,512 INFO  client.GrpcClientProtocolService (GrpcClientProtocolService.java:lambda$processClientRequest$0(278)) - Failed RaftClientRequest:client-352D35361D97->localhost_10000@group-DB7CD3B4A7F8, cid=42, seq=0, RW, Message:321f0a0f0a0d74657374...(size=33), reply=RaftClientReply:client-352D35361D97->localhost_10000@group-DB7CD3B4A7F8, cid=42, FAILED org.apache.ratis.protocol.NotLeaderException: Server localhost_10000@group-DB7CD3B4A7F8 is not the leader, logIndex=0, commits[localhost_10000:c-1]
2019-09-26 13:33:04,513 INFO  client.GrpcClientProtocolService (GrpcClientProtocolService.java:lambda$processClientRequest$0(278)) - Failed RaftClientRequest:client-352D35361D97->localhost_10002@group-DB7CD3B4A7F8, cid=42, seq=0, RW, Message:321f0a0f0a0d74657374...(size=33), reply=RaftClientReply:client-352D35361D97->localhost_10002@group-DB7CD3B4A7F8, cid=42, FAILED org.apache.ratis.protocol.NotLeaderException: Server localhost_10002@group-DB7CD3B4A7F8 is not the leader, logIndex=0, commits[localhost_10002:c-1]
2019-09-26 13:33:04,515 INFO  client.GrpcClientProtocolService (GrpcClientProtocolService.java:lambda$processClientRequest$0(278)) - Failed RaftClientRequest:client-352D35361D97->localhost_10000@group-DB7CD3B4A7F8, cid=42, seq=0, RW, Message:321f0a0f0a0d74657374...(size=33), reply=RaftClientReply:client-352D35361D97->localhost_10000@group-DB7CD3B4A7F8, cid=42, FAILED org.apache.ratis.protocol.NotLeaderException: Server localhost_10000@group-DB7CD3B4A7F8 is not the leader, logIndex=0, commits[localhost_10000:c-1]
2019-09-26 13:33:04,516 INFO  client.GrpcClientProtocolService (GrpcClientProtocolService.java:lambda$processClientRequest$0(278)) - Failed RaftClientRequest:client-352D35361D97->localhost_10002@group-DB7CD3B4A7F8, cid=42, seq=0, RW, Message:321f0a0f0a0d74657374...(size=33), reply=RaftClientReply:client-352D35361D97->localhost_10002@group-DB7CD3B4A7F8, cid=42, FAILED org.apache.ratis.protocol.NotLeaderException: Server localhost_10002@group-DB7CD3B4A7F8 is not the leader, logIndex=0, commits[localhost_10002:c-1]
2019-09-26 13:33:04,517 INFO  client.GrpcClientProtocolService (GrpcClientProtocolService.java:lambda$processClientRequest$0(278)) - Failed RaftClientRequest:client-352D35361D97->localhost_10001@group-DB7CD3B4A7F8, cid=42, seq=0, RW, Message:321f0a0f0a0d74657374...(size=33), reply=RaftClientReply:client-352D35361D97->localhost_10001@group-DB7CD3B4A7F8, cid=42, FAILED org.apache.ratis.protocol.NotLeaderException: Server localhost_10001@group-DB7CD3B4A7F8 is not the leader, logIndex=0, commits[localhost_10001:c-1]
2019-09-26 13:33:04,519 INFO  client.GrpcClientProtocolService (GrpcClientProtocolService.java:lambda$processClientRequest$0(278)) - Failed RaftClientRequest:client-352D35361D97->localhost_10002@group-DB7CD3B4A7F8, cid=42, seq=0, RW, Message:321f0a0f0a0d74657374...(size=33), reply=RaftClientReply:client-352D35361D97->localhost_10002@group-DB7CD3B4A7F8, cid=42, FAILED org.apache.ratis.protocol.NotLeaderException: Server localhost_10002@group-DB7CD3B4A7F8 is not the leader, logIndex=0, commits[localhost_10002:c-1]
2019-09-26 13:33:04,521 INFO  client.GrpcClientProtocolService (GrpcClientProtocolService.java:lambda$processClientRequest$0(278)) - Failed RaftClientRequest:client-352D35361D97->localhost_10000@group-DB7CD3B4A7F8, cid=42, seq=0, RW, Message:321f0a0f0a0d74657374...(size=33), reply=RaftClientReply:client-352D35361D97->localhost_10000@group-DB7CD3B4A7F8, cid=42, FAILED org.apache.ratis.protocol.NotLeaderException: Server localhost_10000@group-DB7CD3B4A7F8 is not the leader, logIndex=0, commits[localhost_10000:c-1]
2019-09-26 13:33:04,522 INFO  client.GrpcClientProtocolService (GrpcClientProtocolService.java:lambda$processClientRequest$0(278)) - Failed RaftClientRequest:client-352D35361D97->localhost_10001@group-DB7CD3B4A7F8, cid=42, seq=0, RW, Message:321f0a0f0a0d74657374...(size=33), reply=RaftClientReply:client-352D35361D97->localhost_10001@group-DB7CD3B4A7F8, cid=42, FAILED org.apache.ratis.protocol.NotLeaderException: Server localhost_10001@group-DB7CD3B4A7F8 is not the leader, logIndex=0, commits[localhost_10001:c-1]
2019-09-26 13:33:04,523 INFO  client.GrpcClientProtocolService (GrpcClientProtocolService.java:lambda$processClientRequest$0(278)) - Failed RaftClientRequest:client-352D35361D97->localhost_10000@group-DB7CD3B4A7F8, cid=42, seq=0, RW, Message:321f0a0f0a0d74657374...(size=33), reply=RaftClientReply:client-352D35361D97->localhost_10000@group-DB7CD3B4A7F8, cid=42, FAILED org.apache.ratis.protocol.NotLeaderException: Server localhost_10000@group-DB7CD3B4A7F8 is not the leader, logIndex=0, commits[localhost_10000:c-1]
2019-09-26 13:33:04,525 INFO  client.GrpcClientProtocolService (GrpcClientProtocolService.java:lambda$processClientRequest$0(278)) - Failed RaftClientRequest:client-352D35361D97->localhost_10002@group-DB7CD3B4A7F8, cid=42, seq=0, RW, Message:321f0a0f0a0d74657374...(size=33), reply=RaftClientReply:client-352D35361D97->localhost_10002@group-DB7CD3B4A7F8, cid=42, FAILED org.apache.ratis.protocol.NotLeaderException: Server localhost_10002@group-DB7CD3B4A7F8 is not the leader, logIndex=0, commits[localhost_10002:c-1]
2019-09-26 13:33:04,526 INFO  client.GrpcClientProtocolService (GrpcClientProtocolService.java:lambda$processClientRequest$0(278)) - Failed RaftClientRequest:client-352D35361D97->localhost_10001@group-DB7CD3B4A7F8, cid=42, seq=0, RW, Message:321f0a0f0a0d74657374...(size=33), reply=RaftClientReply:client-352D35361D97->localhost_10001@group-DB7CD3B4A7F8, cid=42, FAILED org.apache.ratis.protocol.NotLeaderException: Server localhost_10001@group-DB7CD3B4A7F8 is not the leader, logIndex=0, commits[localhost_10001:c-1]
2019-09-26 13:33:04,527 INFO  client.GrpcClientProtocolService (GrpcClientProtocolService.java:lambda$processClientRequest$0(278)) - Failed RaftClientRequest:client-352D35361D97->localhost_10002@group-DB7CD3B4A7F8, cid=42, seq=0, RW, Message:321f0a0f0a0d74657374...(size=33), reply=RaftClientReply:client-352D35361D97->localhost_10002@group-DB7CD3B4A7F8, cid=42, FAILED org.apache.ratis.protocol.NotLeaderException: Server localhost_10002@group-DB7CD3B4A7F8 is not the leader, logIndex=0, commits[localhost_10002:c-1]
2019-09-26 13:33:04,529 INFO  client.GrpcClientProtocolService (GrpcClientProtocolService.java:lambda$processClientRequest$0(278)) - Failed RaftClientRequest:client-352D35361D97->localhost_10000@group-DB7CD3B4A7F8, cid=42, seq=0, RW, Message:321f0a0f0a0d74657374...(size=33), reply=RaftClientReply:client-352D35361D97->localhost_10000@group-DB7CD3B4A7F8, cid=42, FAILED org.apache.ratis.protocol.NotLeaderException: Server localhost_10000@group-DB7CD3B4A7F8 is not the leader, logIndex=0, commits[localhost_10000:c-1]
2019-09-26 13:33:04,530 INFO  client.GrpcClientProtocolService (GrpcClientProtocolService.java:lambda$processClientRequest$0(278)) - Failed RaftClientRequest:client-352D35361D97->localhost_10001@group-DB7CD3B4A7F8, cid=42, seq=0, RW, Message:321f0a0f0a0d74657374...(size=33), reply=RaftClientReply:client-352D35361D97->localhost_10001@group-DB7CD3B4A7F8, cid=42, FAILED org.apache.ratis.protocol.NotLeaderException: Server localhost_10001@group-DB7CD3B4A7F8 is not the leader, logIndex=0, commits[localhost_10001:c-1]
2019-09-26 13:33:04,532 INFO  client.GrpcClientProtocolService (GrpcClientProtocolService.java:lambda$processClientRequest$0(278)) - Failed RaftClientRequest:client-352D35361D97->localhost_10002@group-DB7CD3B4A7F8, cid=42, seq=0, RW, Message:321f0a0f0a0d74657374...(size=33), reply=RaftClientReply:client-352D35361D97->localhost_10002@group-DB7CD3B4A7F8, cid=42, FAILED org.apache.ratis.protocol.NotLeaderException: Server localhost_10002@group-DB7CD3B4A7F8 is not the leader, logIndex=0, commits[localhost_10002:c-1]
2019-09-26 13:33:04,533 INFO  client.GrpcClientProtocolService (GrpcClientProtocolService.java:lambda$processClientRequest$0(278)) - Failed RaftClientRequest:client-352D35361D97->localhost_10000@group-DB7CD3B4A7F8, cid=42, seq=0, RW, Message:321f0a0f0a0d74657374...(size=33), reply=RaftClientReply:client-352D35361D97->localhost_10000@group-DB7CD3B4A7F8, cid=42, FAILED org.apache.ratis.protocol.NotLeaderException: Server localhost_10000@group-DB7CD3B4A7F8 is not the leader, logIndex=0, commits[localhost_10000:c-1]
2019-09-26 13:33:04,534 INFO  client.GrpcClientProtocolService (GrpcClientProtocolService.java:lambda$processClientRequest$0(278)) - Failed RaftClientRequest:client-352D35361D97->localhost_10002@group-DB7CD3B4A7F8, cid=42, seq=0, RW, Message:321f0a0f0a0d74657374...(size=33), reply=RaftClientReply:client-352D35361D97->localhost_10002@group-DB7CD3B4A7F8, cid=42, FAILED org.apache.ratis.protocol.NotLeaderException: Server localhost_10002@group-DB7CD3B4A7F8 is not the leader, logIndex=0, commits[localhost_10002:c-1]
2019-09-26 13:33:04,536 INFO  client.GrpcClientProtocolService (GrpcClientProtocolService.java:lambda$processClientRequest$0(278)) - Failed RaftClientRequest:client-352D35361D97->localhost_10000@group-DB7CD3B4A7F8, cid=42, seq=0, RW, Message:321f0a0f0a0d74657374...(size=33), reply=RaftClientReply:client-352D35361D97->localhost_10000@group-DB7CD3B4A7F8, cid=42, FAILED org.apache.ratis.protocol.NotLeaderException: Server localhost_10000@group-DB7CD3B4A7F8 is not the leader, logIndex=0, commits[localhost_10000:c-1]
2019-09-26 13:33:04,537 INFO  client.GrpcClientProtocolService (GrpcClientProtocolService.java:lambda$processClientRequest$0(278)) - Failed RaftClientRequest:client-352D35361D97->localhost_10001@group-DB7CD3B4A7F8, cid=42, seq=0, RW, Message:321f0a0f0a0d74657374...(size=33), reply=RaftClientReply:client-352D35361D97->localhost_10001@group-DB7CD3B4A7F8, cid=42, FAILED org.apache.ratis.protocol.NotLeaderException: Server localhost_10001@group-DB7CD3B4A7F8 is not the leader, logIndex=0, commits[localhost_10001:c-1]
2019-09-26 13:33:04,539 INFO  client.GrpcClientProtocolService (GrpcClientProtocolService.java:lambda$processClientRequest$0(278)) - Failed RaftClientRequest:client-352D35361D97->localhost_10002@group-DB7CD3B4A7F8, cid=42, seq=0, RW, Message:321f0a0f0a0d74657374...(size=33), reply=RaftClientReply:client-352D35361D97->localhost_10002@group-DB7CD3B4A7F8, cid=42, FAILED org.apache.ratis.protocol.NotLeaderException: Server localhost_10002@group-DB7CD3B4A7F8 is not the leader, logIndex=0, commits[localhost_10002:c-1]
2019-09-26 13:33:04,540 INFO  client.GrpcClientProtocolService (GrpcClientProtocolService.java:lambda$processClientRequest$0(278)) - Failed RaftClientRequest:client-352D35361D97->localhost_10000@group-DB7CD3B4A7F8, cid=42, seq=0, RW, Message:321f0a0f0a0d74657374...(size=33), reply=RaftClientReply:client-352D35361D97->localhost_10000@group-DB7CD3B4A7F8, cid=42, FAILED org.apache.ratis.protocol.NotLeaderException: Server localhost_10000@group-DB7CD3B4A7F8 is not the leader, logIndex=0, commits[localhost_10000:c-1]
2019-09-26 13:33:04,542 INFO  client.GrpcClientProtocolService (GrpcClientProtocolService.java:lambda$processClientRequest$0(278)) - Failed RaftClientRequest:client-352D35361D97->localhost_10002@group-DB7CD3B4A7F8, cid=42, seq=0, RW, Message:321f0a0f0a0d74657374...(size=33), reply=RaftClientReply:client-352D35361D97->localhost_10002@group-DB7CD3B4A7F8, cid=42, FAILED org.apache.ratis.protocol.NotLeaderException: Server localhost_10002@group-DB7CD3B4A7F8 is not the leader, logIndex=0, commits[localhost_10002:c-1]
2019-09-26 13:33:04,543 INFO  client.GrpcClientProtocolService (GrpcClientProtocolService.java:lambda$processClientRequest$0(278)) - Failed RaftClientRequest:client-352D35361D97->localhost_10001@group-DB7CD3B4A7F8, cid=42, seq=0, RW, Message:321f0a0f0a0d74657374...(size=33), reply=RaftClientReply:client-352D35361D97->localhost_10001@group-DB7CD3B4A7F8, cid=42, FAILED org.apache.ratis.protocol.NotLeaderException: Server localhost_10001@group-DB7CD3B4A7F8 is not the leader, logIndex=0, commits[localhost_10001:c-1]
2019-09-26 13:33:04,545 INFO  client.GrpcClientProtocolService (GrpcClientProtocolService.java:lambda$processClientRequest$0(278)) - Failed RaftClientRequest:client-352D35361D97->localhost_10002@group-DB7CD3B4A7F8, cid=42, seq=0, RW, Message:321f0a0f0a0d74657374...(size=33), reply=RaftClientReply:client-352D35361D97->localhost_10002@group-DB7CD3B4A7F8, cid=42, FAILED org.apache.ratis.protocol.NotLeaderException: Server localhost_10002@group-DB7CD3B4A7F8 is not the leader, logIndex=0, commits[localhost_10002:c-1]
2019-09-26 13:33:04,546 INFO  client.GrpcClientProtocolService (GrpcClientProtocolService.java:lambda$processClientRequest$0(278)) - Failed RaftClientRequest:client-352D35361D97->localhost_10001@group-DB7CD3B4A7F8, cid=42, seq=0, RW, Message:321f0a0f0a0d74657374...(size=33), reply=RaftClientReply:client-352D35361D97->localhost_10001@group-DB7CD3B4A7F8, cid=42, FAILED org.apache.ratis.protocol.NotLeaderException: Server localhost_10001@group-DB7CD3B4A7F8 is not the leader, logIndex=0, commits[localhost_10001:c-1]
2019-09-26 13:33:04,548 INFO  client.GrpcClientProtocolService (GrpcClientProtocolService.java:lambda$processClientRequest$0(278)) - Failed RaftClientRequest:client-352D35361D97->localhost_10000@group-DB7CD3B4A7F8, cid=42, seq=0, RW, Message:321f0a0f0a0d74657374...(size=33), reply=RaftClientReply:client-352D35361D97->localhost_10000@group-DB7CD3B4A7F8, cid=42, FAILED org.apache.ratis.protocol.NotLeaderException: Server localhost_10000@group-DB7CD3B4A7F8 is not the leader, logIndex=0, commits[localhost_10000:c-1]
2019-09-26 13:33:04,549 INFO  client.GrpcClientProtocolService (GrpcClientProtocolService.java:lambda$processClientRequest$0(278)) - Failed RaftClientRequest:client-352D35361D97->localhost_10001@group-DB7CD3B4A7F8, cid=42, seq=0, RW, Message:321f0a0f0a0d74657374...(size=33), reply=RaftClientReply:client-352D35361D97->localhost_10001@group-DB7CD3B4A7F8, cid=42, FAILED org.apache.ratis.protocol.NotLeaderException: Server localhost_10001@group-DB7CD3B4A7F8 is not the leader, logIndex=0, commits[localhost_10001:c-1]
2019-09-26 13:33:04,551 INFO  client.GrpcClientProtocolService (GrpcClientProtocolService.java:lambda$processClientRequest$0(278)) - Failed RaftClientRequest:client-352D35361D97->localhost_10000@group-DB7CD3B4A7F8, cid=42, seq=0, RW, Message:321f0a0f0a0d74657374...(size=33), reply=RaftClientReply:client-352D35361D97->localhost_10000@group-DB7CD3B4A7F8, cid=42, FAILED org.apache.ratis.protocol.NotLeaderException: Server localhost_10000@group-DB7CD3B4A7F8 is not the leader, logIndex=0, commits[localhost_10000:c-1]
2019-09-26 13:33:04,552 INFO  client.GrpcClientProtocolService (GrpcClientProtocolService.java:lambda$processClientRequest$0(278)) - Failed RaftClientRequest:client-352D35361D97->localhost_10002@group-DB7CD3B4A7F8, cid=42, seq=0, RW, Message:321f0a0f0a0d74657374...(size=33), reply=RaftClientReply:client-352D35361D97->localhost_10002@group-DB7CD3B4A7F8, cid=42, FAILED org.apache.ratis.protocol.NotLeaderException: Server localhost_10002@group-DB7CD3B4A7F8 is not the leader, logIndex=0, commits[localhost_10002:c-1]
2019-09-26 13:33:04,554 INFO  client.GrpcClientProtocolService (GrpcClientProtocolService.java:lambda$processClientRequest$0(278)) - Failed RaftClientRequest:client-352D35361D97->localhost_10001@group-DB7CD3B4A7F8, cid=42, seq=0, RW, Message:321f0a0f0a0d74657374...(size=33), reply=RaftClientReply:client-352D35361D97->localhost_10001@group-DB7CD3B4A7F8, cid=42, FAILED org.apache.ratis.protocol.NotLeaderException: Server localhost_10001@group-DB7CD3B4A7F8 is not the leader, logIndex=0, commits[localhost_10001:c-1]
2019-09-26 13:33:04,555 INFO  client.GrpcClientProtocolService (GrpcClientProtocolService.java:lambda$processClientRequest$0(278)) - Failed RaftClientRequest:client-352D35361D97->localhost_10000@group-DB7CD3B4A7F8, cid=42, seq=0, RW, Message:321f0a0f0a0d74657374...(size=33), reply=RaftClientReply:client-352D35361D97->localhost_10000@group-DB7CD3B4A7F8, cid=42, FAILED org.apache.ratis.protocol.NotLeaderException: Server localhost_10000@group-DB7CD3B4A7F8 is not the leader, logIndex=0, commits[localhost_10000:c-1]
2019-09-26 13:33:04,557 INFO  client.GrpcClientProtocolService (GrpcClientProtocolService.java:lambda$processClientRequest$0(278)) - Failed RaftClientRequest:client-352D35361D97->localhost_10002@group-DB7CD3B4A7F8, cid=42, seq=0, RW, Message:321f0a0f0a0d74657374...(size=33), reply=RaftClientReply:client-352D35361D97->localhost_10002@group-DB7CD3B4A7F8, cid=42, FAILED org.apache.ratis.protocol.NotLeaderException: Server localhost_10002@group-DB7CD3B4A7F8 is not the leader, logIndex=0, commits[localhost_10002:c-1]
2019-09-26 13:33:04,558 INFO  client.GrpcClientProtocolService (GrpcClientProtocolService.java:lambda$processClientRequest$0(278)) - Failed RaftClientRequest:client-352D35361D97->localhost_10001@group-DB7CD3B4A7F8, cid=42, seq=0, RW, Message:321f0a0f0a0d74657374...(size=33), reply=RaftClientReply:client-352D35361D97->localhost_10001@group-DB7CD3B4A7F8, cid=42, FAILED org.apache.ratis.protocol.NotLeaderException: Server localhost_10001@group-DB7CD3B4A7F8 is not the leader, logIndex=0, commits[localhost_10001:c-1]
2019-09-26 13:33:04,560 INFO  client.GrpcClientProtocolService (GrpcClientProtocolService.java:lambda$processClientRequest$0(278)) - Failed RaftClientRequest:client-352D35361D97->localhost_10002@group-DB7CD3B4A7F8, cid=42, seq=0, RW, Message:321f0a0f0a0d74657374...(size=33), reply=RaftClientReply:client-352D35361D97->localhost_10002@group-DB7CD3B4A7F8, cid=42, FAILED org.apache.ratis.protocol.NotLeaderException: Server localhost_10002@group-DB7CD3B4A7F8 is not the leader, logIndex=0, commits[localhost_10002:c-1]
2019-09-26 13:33:04,561 INFO  client.GrpcClientProtocolService (GrpcClientProtocolService.java:lambda$processClientRequest$0(278)) - Failed RaftClientRequest:client-352D35361D97->localhost_10001@group-DB7CD3B4A7F8, cid=42, seq=0, RW, Message:321f0a0f0a0d74657374...(size=33), reply=RaftClientReply:client-352D35361D97->localhost_10001@group-DB7CD3B4A7F8, cid=42, FAILED org.apache.ratis.protocol.NotLeaderException: Server localhost_10001@group-DB7CD3B4A7F8 is not the leader, logIndex=0, commits[localhost_10001:c-1]
2019-09-26 13:33:04,563 INFO  client.GrpcClientProtocolService (GrpcClientProtocolService.java:lambda$processClientRequest$0(278)) - Failed RaftClientRequest:client-352D35361D97->localhost_10000@group-DB7CD3B4A7F8, cid=42, seq=0, RW, Message:321f0a0f0a0d74657374...(size=33), reply=RaftClientReply:client-352D35361D97->localhost_10000@group-DB7CD3B4A7F8, cid=42, FAILED org.apache.ratis.protocol.NotLeaderException: Server localhost_10000@group-DB7CD3B4A7F8 is not the leader, logIndex=0, commits[localhost_10000:c-1]
2019-09-26 13:33:04,564 INFO  client.GrpcClientProtocolService (GrpcClientProtocolService.java:lambda$processClientRequest$0(278)) - Failed RaftClientRequest:client-352D35361D97->localhost_10001@group-DB7CD3B4A7F8, cid=42, seq=0, RW, Message:321f0a0f0a0d74657374...(size=33), reply=RaftClientReply:client-352D35361D97->localhost_10001@group-DB7CD3B4A7F8, cid=42, FAILED org.apache.ratis.protocol.NotLeaderException: Server localhost_10001@group-DB7CD3B4A7F8 is not the leader, logIndex=0, commits[localhost_10001:c-1]
2019-09-26 13:33:04,566 INFO  client.GrpcClientProtocolService (GrpcClientProtocolService.java:lambda$processClientRequest$0(278)) - Failed RaftClientRequest:client-352D35361D97->localhost_10002@group-DB7CD3B4A7F8, cid=42, seq=0, RW, Message:321f0a0f0a0d74657374...(size=33), reply=RaftClientReply:client-352D35361D97->localhost_10002@group-DB7CD3B4A7F8, cid=42, FAILED org.apache.ratis.protocol.NotLeaderException: Server localhost_10002@group-DB7CD3B4A7F8 is not the leader, logIndex=0, commits[localhost_10002:c-1]
2019-09-26 13:33:04,567 INFO  client.GrpcClientProtocolService (GrpcClientProtocolService.java:lambda$processClientRequest$0(278)) - Failed RaftClientRequest:client-352D35361D97->localhost_10001@group-DB7CD3B4A7F8, cid=42, seq=0, RW, Message:321f0a0f0a0d74657374...(size=33), reply=RaftClientReply:client-352D35361D97->localhost_10001@group-DB7CD3B4A7F8, cid=42, FAILED org.apache.ratis.protocol.NotLeaderException: Server localhost_10001@group-DB7CD3B4A7F8 is not the leader, logIndex=0, commits[localhost_10001:c-1]
2019-09-26 13:33:04,568 INFO  client.GrpcClientProtocolService (GrpcClientProtocolService.java:lambda$processClientRequest$0(278)) - Failed RaftClientRequest:client-352D35361D97->localhost_10002@group-DB7CD3B4A7F8, cid=42, seq=0, RW, Message:321f0a0f0a0d74657374...(size=33), reply=RaftClientReply:client-352D35361D97->localhost_10002@group-DB7CD3B4A7F8, cid=42, FAILED org.apache.ratis.protocol.NotLeaderException: Server localhost_10002@group-DB7CD3B4A7F8 is not the leader, logIndex=0, commits[localhost_10002:c-1]
2019-09-26 13:33:04,570 INFO  client.GrpcClientProtocolService (GrpcClientProtocolService.java:lambda$processClientRequest$0(278)) - Failed RaftClientRequest:client-352D35361D97->localhost_10001@group-DB7CD3B4A7F8, cid=42, seq=0, RW, Message:321f0a0f0a0d74657374...(size=33), reply=RaftClientReply:client-352D35361D97->localhost_10001@group-DB7CD3B4A7F8, cid=42, FAILED org.apache.ratis.protocol.NotLeaderException: Server localhost_10001@group-DB7CD3B4A7F8 is not the leader, logIndex=0, commits[localhost_10001:c-1]
2019-09-26 13:33:04,571 INFO  client.GrpcClientProtocolService (GrpcClientProtocolService.java:lambda$processClientRequest$0(278)) - Failed RaftClientRequest:client-352D35361D97->localhost_10002@group-DB7CD3B4A7F8, cid=42, seq=0, RW, Message:321f0a0f0a0d74657374...(size=33), reply=RaftClientReply:client-352D35361D97->localhost_10002@group-DB7CD3B4A7F8, cid=42, FAILED org.apache.ratis.protocol.NotLeaderException: Server localhost_10002@group-DB7CD3B4A7F8 is not the leader, logIndex=0, commits[localhost_10002:c-1]
2019-09-26 13:33:04,573 INFO  client.GrpcClientProtocolService (GrpcClientProtocolService.java:lambda$processClientRequest$0(278)) - Failed RaftClientRequest:client-352D35361D97->localhost_10000@group-DB7CD3B4A7F8, cid=42, seq=0, RW, Message:321f0a0f0a0d74657374...(size=33), reply=RaftClientReply:client-352D35361D97->localhost_10000@group-DB7CD3B4A7F8, cid=42, FAILED org.apache.ratis.protocol.NotLeaderException: Server localhost_10000@group-DB7CD3B4A7F8 is not the leader, logIndex=0, commits[localhost_10000:c-1]
2019-09-26 13:33:04,574 INFO  client.GrpcClientProtocolService (GrpcClientProtocolService.java:lambda$processClientRequest$0(278)) - Failed RaftClientRequest:client-352D35361D97->localhost_10002@group-DB7CD3B4A7F8, cid=42, seq=0, RW, Message:321f0a0f0a0d74657374...(size=33), reply=RaftClientReply:client-352D35361D97->localhost_10002@group-DB7CD3B4A7F8, cid=42, FAILED org.apache.ratis.protocol.NotLeaderException: Server localhost_10002@group-DB7CD3B4A7F8 is not the leader, logIndex=0, commits[localhost_10002:c-1]
2019-09-26 13:33:04,575 INFO  client.GrpcClientProtocolService (GrpcClientProtocolService.java:lambda$processClientRequest$0(278)) - Failed RaftClientRequest:client-352D35361D97->localhost_10001@group-DB7CD3B4A7F8, cid=42, seq=0, RW, Message:321f0a0f0a0d74657374...(size=33), reply=RaftClientReply:client-352D35361D97->localhost_10001@group-DB7CD3B4A7F8, cid=42, FAILED org.apache.ratis.protocol.NotLeaderException: Server localhost_10001@group-DB7CD3B4A7F8 is not the leader, logIndex=0, commits[localhost_10001:c-1]
2019-09-26 13:33:04,577 INFO  client.GrpcClientProtocolService (GrpcClientProtocolService.java:lambda$processClientRequest$0(278)) - Failed RaftClientRequest:client-352D35361D97->localhost_10002@group-DB7CD3B4A7F8, cid=42, seq=0, RW, Message:321f0a0f0a0d74657374...(size=33), reply=RaftClientReply:client-352D35361D97->localhost_10002@group-DB7CD3B4A7F8, cid=42, FAILED org.apache.ratis.protocol.NotLeaderException: Server localhost_10002@group-DB7CD3B4A7F8 is not the leader, logIndex=0, commits[localhost_10002:c-1]
2019-09-26 13:33:04,578 INFO  client.GrpcClientProtocolService (GrpcClientProtocolService.java:lambda$processClientRequest$0(278)) - Failed RaftClientRequest:client-352D35361D97->localhost_10000@group-DB7CD3B4A7F8, cid=42, seq=0, RW, Message:321f0a0f0a0d74657374...(size=33), reply=RaftClientReply:client-352D35361D97->localhost_10000@group-DB7CD3B4A7F8, cid=42, FAILED org.apache.ratis.protocol.NotLeaderException: Server localhost_10000@group-DB7CD3B4A7F8 is not the leader, logIndex=0, commits[localhost_10000:c-1]
2019-09-26 13:33:04,580 INFO  client.GrpcClientProtocolService (GrpcClientProtocolService.java:lambda$processClientRequest$0(278)) - Failed RaftClientRequest:client-352D35361D97->localhost_10001@group-DB7CD3B4A7F8, cid=42, seq=0, RW, Message:321f0a0f0a0d74657374...(size=33), reply=RaftClientReply:client-352D35361D97->localhost_10001@group-DB7CD3B4A7F8, cid=42, FAILED org.apache.ratis.protocol.NotLeaderException: Server localhost_10001@group-DB7CD3B4A7F8 is not the leader, logIndex=0, commits[localhost_10001:c-1]
2019-09-26 13:33:04,581 INFO  client.GrpcClientProtocolService (GrpcClientProtocolService.java:lambda$processClientRequest$0(278)) - Failed RaftClientRequest:client-352D35361D97->localhost_10000@group-DB7CD3B4A7F8, cid=42, seq=0, RW, Message:321f0a0f0a0d74657374...(size=33), reply=RaftClientReply:client-352D35361D97->localhost_10000@group-DB7CD3B4A7F8, cid=42, FAILED org.apache.ratis.protocol.NotLeaderException: Server localhost_10000@group-DB7CD3B4A7F8 is not the leader, logIndex=0, commits[localhost_10000:c-1]
2019-09-26 13:33:04,583 INFO  client.GrpcClientProtocolService (GrpcClientProtocolService.java:lambda$processClientRequest$0(278)) - Failed RaftClientRequest:client-352D35361D97->localhost_10001@group-DB7CD3B4A7F8, cid=42, seq=0, RW, Message:321f0a0f0a0d74657374...(size=33), reply=RaftClientReply:client-352D35361D97->localhost_10001@group-DB7CD3B4A7F8, cid=42, FAILED org.apache.ratis.protocol.NotLeaderException: Server localhost_10001@group-DB7CD3B4A7F8 is not the leader, logIndex=0, commits[localhost_10001:c-1]
2019-09-26 13:33:04,584 INFO  client.GrpcClientProtocolService (GrpcClientProtocolService.java:lambda$processClientRequest$0(278)) - Failed RaftClientRequest:client-352D35361D97->localhost_10002@group-DB7CD3B4A7F8, cid=42, seq=0, RW, Message:321f0a0f0a0d74657374...(size=33), reply=RaftClientReply:client-352D35361D97->localhost_10002@group-DB7CD3B4A7F8, cid=42, FAILED org.apache.ratis.protocol.NotLeaderException: Server localhost_10002@group-DB7CD3B4A7F8 is not the leader, logIndex=0, commits[localhost_10002:c-1]
2019-09-26 13:33:04,585 INFO  client.GrpcClientProtocolService (GrpcClientProtocolService.java:lambda$processClientRequest$0(278)) - Failed RaftClientRequest:client-352D35361D97->localhost_10000@group-DB7CD3B4A7F8, cid=42, seq=0, RW, Message:321f0a0f0a0d74657374...(size=33), reply=RaftClientReply:client-352D35361D97->localhost_10000@group-DB7CD3B4A7F8, cid=42, FAILED org.apache.ratis.protocol.NotLeaderException: Server localhost_10000@group-DB7CD3B4A7F8 is not the leader, logIndex=0, commits[localhost_10000:c-1]
2019-09-26 13:33:04,587 INFO  client.GrpcClientProtocolService (GrpcClientProtocolService.java:lambda$processClientRequest$0(278)) - Failed RaftClientRequest:client-352D35361D97->localhost_10001@group-DB7CD3B4A7F8, cid=42, seq=0, RW, Message:321f0a0f0a0d74657374...(size=33), reply=RaftClientReply:client-352D35361D97->localhost_10001@group-DB7CD3B4A7F8, cid=42, FAILED org.apache.ratis.protocol.NotLeaderException: Server localhost_10001@group-DB7CD3B4A7F8 is not the leader, logIndex=0, commits[localhost_10001:c-1]
2019-09-26 13:33:04,588 INFO  client.GrpcClientProtocolService (GrpcClientProtocolService.java:lambda$processClientRequest$0(278)) - Failed RaftClientRequest:client-352D35361D97->localhost_10002@group-DB7CD3B4A7F8, cid=42, seq=0, RW, Message:321f0a0f0a0d74657374...(size=33), reply=RaftClientReply:client-352D35361D97->localhost_10002@group-DB7CD3B4A7F8, cid=42, FAILED org.apache.ratis.protocol.NotLeaderException: Server localhost_10002@group-DB7CD3B4A7F8 is not the leader, logIndex=0, commits[localhost_10002:c-1]
2019-09-26 13:33:04,590 INFO  client.GrpcClientProtocolService (GrpcClientProtocolService.java:lambda$processClientRequest$0(278)) - Failed RaftClientRequest:client-352D35361D97->localhost_10001@group-DB7CD3B4A7F8, cid=42, seq=0, RW, Message:321f0a0f0a0d74657374...(size=33), reply=RaftClientReply:client-352D35361D97->localhost_10001@group-DB7CD3B4A7F8, cid=42, FAILED org.apache.ratis.protocol.NotLeaderException: Server localhost_10001@group-DB7CD3B4A7F8 is not the leader, logIndex=0, commits[localhost_10001:c-1]
2019-09-26 13:33:04,591 INFO  client.GrpcClientProtocolService (GrpcClientProtocolService.java:lambda$processClientRequest$0(278)) - Failed RaftClientRequest:client-352D35361D97->localhost_10002@group-DB7CD3B4A7F8, cid=42, seq=0, RW, Message:321f0a0f0a0d74657374...(size=33), reply=RaftClientReply:client-352D35361D97->localhost_10002@group-DB7CD3B4A7F8, cid=42, FAILED org.apache.ratis.protocol.NotLeaderException: Server localhost_10002@group-DB7CD3B4A7F8 is not the leader, logIndex=0, commits[localhost_10002:c-1]
2019-09-26 13:33:04,593 INFO  client.GrpcClientProtocolService (GrpcClientProtocolService.java:lambda$processClientRequest$0(278)) - Failed RaftClientRequest:client-352D35361D97->localhost_10000@group-DB7CD3B4A7F8, cid=42, seq=0, RW, Message:321f0a0f0a0d74657374...(size=33), reply=RaftClientReply:client-352D35361D97->localhost_10000@group-DB7CD3B4A7F8, cid=42, FAILED org.apache.ratis.protocol.NotLeaderException: Server localhost_10000@group-DB7CD3B4A7F8 is not the leader, logIndex=0, commits[localhost_10000:c-1]
2019-09-26 13:33:04,594 INFO  client.GrpcClientProtocolService (GrpcClientProtocolService.java:lambda$processClientRequest$0(278)) - Failed RaftClientRequest:client-352D35361D97->localhost_10001@group-DB7CD3B4A7F8, cid=42, seq=0, RW, Message:321f0a0f0a0d74657374...(size=33), reply=RaftClientReply:client-352D35361D97->localhost_10001@group-DB7CD3B4A7F8, cid=42, FAILED org.apache.ratis.protocol.NotLeaderException: Server localhost_10001@group-DB7CD3B4A7F8 is not the leader, logIndex=0, commits[localhost_10001:c-1]
2019-09-26 13:33:04,596 INFO  client.GrpcClientProtocolService (GrpcClientProtocolService.java:lambda$processClientRequest$0(278)) - Failed RaftClientRequest:client-352D35361D97->localhost_10002@group-DB7CD3B4A7F8, cid=42, seq=0, RW, Message:321f0a0f0a0d74657374...(size=33), reply=RaftClientReply:client-352D35361D97->localhost_10002@group-DB7CD3B4A7F8, cid=42, FAILED org.apache.ratis.protocol.NotLeaderException: Server localhost_10002@group-DB7CD3B4A7F8 is not the leader, logIndex=0, commits[localhost_10002:c-1]
2019-09-26 13:33:04,597 INFO  client.GrpcClientProtocolService (GrpcClientProtocolService.java:lambda$processClientRequest$0(278)) - Failed RaftClientRequest:client-352D35361D97->localhost_10000@group-DB7CD3B4A7F8, cid=42, seq=0, RW, Message:321f0a0f0a0d74657374...(size=33), reply=RaftClientReply:client-352D35361D97->localhost_10000@group-DB7CD3B4A7F8, cid=42, FAILED org.apache.ratis.protocol.NotLeaderException: Server localhost_10000@group-DB7CD3B4A7F8 is not the leader, logIndex=0, commits[localhost_10000:c-1]
2019-09-26 13:33:04,598 INFO  client.GrpcClientProtocolService (GrpcClientProtocolService.java:lambda$processClientRequest$0(278)) - Failed RaftClientRequest:client-352D35361D97->localhost_10002@group-DB7CD3B4A7F8, cid=42, seq=0, RW, Message:321f0a0f0a0d74657374...(size=33), reply=RaftClientReply:client-352D35361D97->localhost_10002@group-DB7CD3B4A7F8, cid=42, FAILED org.apache.ratis.protocol.NotLeaderException: Server localhost_10002@group-DB7CD3B4A7F8 is not the leader, logIndex=0, commits[localhost_10002:c-1]
2019-09-26 13:33:04,600 INFO  client.GrpcClientProtocolService (GrpcClientProtocolService.java:lambda$processClientRequest$0(278)) - Failed RaftClientRequest:client-352D35361D97->localhost_10001@group-DB7CD3B4A7F8, cid=42, seq=0, RW, Message:321f0a0f0a0d74657374...(size=33), reply=RaftClientReply:client-352D35361D97->localhost_10001@group-DB7CD3B4A7F8, cid=42, FAILED org.apache.ratis.protocol.NotLeaderException: Server localhost_10001@group-DB7CD3B4A7F8 is not the leader, logIndex=0, commits[localhost_10001:c-1]
2019-09-26 13:33:04,601 INFO  client.GrpcClientProtocolService (GrpcClientProtocolService.java:lambda$processClientRequest$0(278)) - Failed RaftClientRequest:client-352D35361D97->localhost_10002@group-DB7CD3B4A7F8, cid=42, seq=0, RW, Message:321f0a0f0a0d74657374...(size=33), reply=RaftClientReply:client-352D35361D97->localhost_10002@group-DB7CD3B4A7F8, cid=42, FAILED org.apache.ratis.protocol.NotLeaderException: Server localhost_10002@group-DB7CD3B4A7F8 is not the leader, logIndex=0, commits[localhost_10002:c-1]
2019-09-26 13:33:04,602 INFO  client.GrpcClientProtocolService (GrpcClientProtocolService.java:lambda$processClientRequest$0(278)) - Failed RaftClientRequest:client-352D35361D97->localhost_10000@group-DB7CD3B4A7F8, cid=42, seq=0, RW, Message:321f0a0f0a0d74657374...(size=33), reply=RaftClientReply:client-352D35361D97->localhost_10000@group-DB7CD3B4A7F8, cid=42, FAILED org.apache.ratis.protocol.NotLeaderException: Server localhost_10000@group-DB7CD3B4A7F8 is not the leader, logIndex=0, commits[localhost_10000:c-1]
2019-09-26 13:33:04,604 INFO  client.GrpcClientProtocolService (GrpcClientProtocolService.java:lambda$processClientRequest$0(278)) - Failed RaftClientRequest:client-352D35361D97->localhost_10002@group-DB7CD3B4A7F8, cid=42, seq=0, RW, Message:321f0a0f0a0d74657374...(size=33), reply=RaftClientReply:client-352D35361D97->localhost_10002@group-DB7CD3B4A7F8, cid=42, FAILED org.apache.ratis.protocol.NotLeaderException: Server localhost_10002@group-DB7CD3B4A7F8 is not the leader, logIndex=0, commits[localhost_10002:c-1]
2019-09-26 13:33:04,605 INFO  client.GrpcClientProtocolService (GrpcClientProtocolService.java:lambda$processClientRequest$0(278)) - Failed RaftClientRequest:client-352D35361D97->localhost_10001@group-DB7CD3B4A7F8, cid=42, seq=0, RW, Message:321f0a0f0a0d74657374...(size=33), reply=RaftClientReply:client-352D35361D97->localhost_10001@group-DB7CD3B4A7F8, cid=42, FAILED org.apache.ratis.protocol.NotLeaderException: Server localhost_10001@group-DB7CD3B4A7F8 is not the leader, logIndex=0, commits[localhost_10001:c-1]
2019-09-26 13:33:04,607 INFO  client.GrpcClientProtocolService (GrpcClientProtocolService.java:lambda$processClientRequest$0(278)) - Failed RaftClientRequest:client-352D35361D97->localhost_10000@group-DB7CD3B4A7F8, cid=42, seq=0, RW, Message:321f0a0f0a0d74657374...(size=33), reply=RaftClientReply:client-352D35361D97->localhost_10000@group-DB7CD3B4A7F8, cid=42, FAILED org.apache.ratis.protocol.NotLeaderException: Server localhost_10000@group-DB7CD3B4A7F8 is not the leader, logIndex=0, commits[localhost_10000:c-1]
2019-09-26 13:33:04,608 INFO  client.GrpcClientProtocolService (GrpcClientProtocolService.java:lambda$processClientRequest$0(278)) - Failed RaftClientRequest:client-352D35361D97->localhost_10002@group-DB7CD3B4A7F8, cid=42, seq=0, RW, Message:321f0a0f0a0d74657374...(size=33), reply=RaftClientReply:client-352D35361D97->localhost_10002@group-DB7CD3B4A7F8, cid=42, FAILED org.apache.ratis.protocol.NotLeaderException: Server localhost_10002@group-DB7CD3B4A7F8 is not the leader, logIndex=0, commits[localhost_10002:c-1]
2019-09-26 13:33:04,609 INFO  client.GrpcClientProtocolService (GrpcClientProtocolService.java:lambda$processClientRequest$0(278)) - Failed RaftClientRequest:client-352D35361D97->localhost_10001@group-DB7CD3B4A7F8, cid=42, seq=0, RW, Message:321f0a0f0a0d74657374...(size=33), reply=RaftClientReply:client-352D35361D97->localhost_10001@group-DB7CD3B4A7F8, cid=42, FAILED org.apache.ratis.protocol.NotLeaderException: Server localhost_10001@group-DB7CD3B4A7F8 is not the leader, logIndex=0, commits[localhost_10001:c-1]
2019-09-26 13:33:04,610 INFO  client.GrpcClientProtocolService (GrpcClientProtocolService.java:lambda$processClientRequest$0(278)) - Failed RaftClientRequest:client-352D35361D97->localhost_10000@group-DB7CD3B4A7F8, cid=42, seq=0, RW, Message:321f0a0f0a0d74657374...(size=33), reply=RaftClientReply:client-352D35361D97->localhost_10000@group-DB7CD3B4A7F8, cid=42, FAILED org.apache.ratis.protocol.NotLeaderException: Server localhost_10000@group-DB7CD3B4A7F8 is not the leader, logIndex=0, commits[localhost_10000:c-1]
2019-09-26 13:33:04,611 INFO  client.GrpcClientProtocolService (GrpcClientProtocolService.java:lambda$processClientRequest$0(278)) - Failed RaftClientRequest:client-352D35361D97->localhost_10001@group-DB7CD3B4A7F8, cid=42, seq=0, RW, Message:321f0a0f0a0d74657374...(size=33), reply=RaftClientReply:client-352D35361D97->localhost_10001@group-DB7CD3B4A7F8, cid=42, FAILED org.apache.ratis.protocol.NotLeaderException: Server localhost_10001@group-DB7CD3B4A7F8 is not the leader, logIndex=0, commits[localhost_10001:c-1]
2019-09-26 13:33:04,613 INFO  client.GrpcClientProtocolService (GrpcClientProtocolService.java:lambda$processClientRequest$0(278)) - Failed RaftClientRequest:client-352D35361D97->localhost_10002@group-DB7CD3B4A7F8, cid=42, seq=0, RW, Message:321f0a0f0a0d74657374...(size=33), reply=RaftClientReply:client-352D35361D97->localhost_10002@group-DB7CD3B4A7F8, cid=42, FAILED org.apache.ratis.protocol.NotLeaderException: Server localhost_10002@group-DB7CD3B4A7F8 is not the leader, logIndex=0, commits[localhost_10002:c-1]
2019-09-26 13:33:04,614 INFO  client.GrpcClientProtocolService (GrpcClientProtocolService.java:lambda$processClientRequest$0(278)) - Failed RaftClientRequest:client-352D35361D97->localhost_10000@group-DB7CD3B4A7F8, cid=42, seq=0, RW, Message:321f0a0f0a0d74657374...(size=33), reply=RaftClientReply:client-352D35361D97->localhost_10000@group-DB7CD3B4A7F8, cid=42, FAILED org.apache.ratis.protocol.NotLeaderException: Server localhost_10000@group-DB7CD3B4A7F8 is not the leader, logIndex=0, commits[localhost_10000:c-1]
2019-09-26 13:33:04,615 INFO  client.GrpcClientProtocolService (GrpcClientProtocolService.java:lambda$processClientRequest$0(278)) - Failed RaftClientRequest:client-352D35361D97->localhost_10001@group-DB7CD3B4A7F8, cid=42, seq=0, RW, Message:321f0a0f0a0d74657374...(size=33), reply=RaftClientReply:client-352D35361D97->localhost_10001@group-DB7CD3B4A7F8, cid=42, FAILED org.apache.ratis.protocol.NotLeaderException: Server localhost_10001@group-DB7CD3B4A7F8 is not the leader, logIndex=0, commits[localhost_10001:c-1]
2019-09-26 13:33:04,616 INFO  client.GrpcClientProtocolService (GrpcClientProtocolService.java:lambda$processClientRequest$0(278)) - Failed RaftClientRequest:client-352D35361D97->localhost_10002@group-DB7CD3B4A7F8, cid=42, seq=0, RW, Message:321f0a0f0a0d74657374...(size=33), reply=RaftClientReply:client-352D35361D97->localhost_10002@group-DB7CD3B4A7F8, cid=42, FAILED org.apache.ratis.protocol.NotLeaderException: Server localhost_10002@group-DB7CD3B4A7F8 is not the leader, logIndex=0, commits[localhost_10002:c-1]
2019-09-26 13:33:04,618 INFO  client.GrpcClientProtocolService (GrpcClientProtocolService.java:lambda$processClientRequest$0(278)) - Failed RaftClientRequest:client-352D35361D97->localhost_10001@group-DB7CD3B4A7F8, cid=42, seq=0, RW, Message:321f0a0f0a0d74657374...(size=33), reply=RaftClientReply:client-352D35361D97->localhost_10001@group-DB7CD3B4A7F8, cid=42, FAILED org.apache.ratis.protocol.NotLeaderException: Server localhost_10001@group-DB7CD3B4A7F8 is not the leader, logIndex=0, commits[localhost_10001:c-1]
2019-09-26 13:33:04,621 INFO  client.GrpcClientProtocolService (GrpcClientProtocolService.java:lambda$processClientRequest$0(278)) - Failed RaftClientRequest:client-352D35361D97->localhost_10002@group-DB7CD3B4A7F8, cid=42, seq=0, RW, Message:321f0a0f0a0d74657374...(size=33), reply=RaftClientReply:client-352D35361D97->localhost_10002@group-DB7CD3B4A7F8, cid=42, FAILED org.apache.ratis.protocol.NotLeaderException: Server localhost_10002@group-DB7CD3B4A7F8 is not the leader, logIndex=0, commits[localhost_10002:c-1]
2019-09-26 13:33:04,625 INFO  client.GrpcClientProtocolService (GrpcClientProtocolService.java:lambda$processClientRequest$0(278)) - Failed RaftClientRequest:client-352D35361D97->localhost_10000@group-DB7CD3B4A7F8, cid=42, seq=0, RW, Message:321f0a0f0a0d74657374...(size=33), reply=RaftClientReply:client-352D35361D97->localhost_10000@group-DB7CD3B4A7F8, cid=42, FAILED org.apache.ratis.protocol.NotLeaderException: Server localhost_10000@group-DB7CD3B4A7F8 is not the leader, logIndex=0, commits[localhost_10000:c-1]
2019-09-26 13:33:04,630 INFO  client.GrpcClientProtocolService (GrpcClientProtocolService.java:lambda$processClientRequest$0(278)) - Failed RaftClientRequest:client-352D35361D97->localhost_10001@group-DB7CD3B4A7F8, cid=42, seq=0, RW, Message:321f0a0f0a0d74657374...(size=33), reply=RaftClientReply:client-352D35361D97->localhost_10001@group-DB7CD3B4A7F8, cid=42, FAILED org.apache.ratis.protocol.NotLeaderException: Server localhost_10001@group-DB7CD3B4A7F8 is not the leader, logIndex=0, commits[localhost_10001:c-1]
2019-09-26 13:33:04,634 INFO  client.GrpcClientProtocolService (GrpcClientProtocolService.java:lambda$processClientRequest$0(278)) - Failed RaftClientRequest:client-352D35361D97->localhost_10002@group-DB7CD3B4A7F8, cid=42, seq=0, RW, Message:321f0a0f0a0d74657374...(size=33), reply=RaftClientReply:client-352D35361D97->localhost_10002@group-DB7CD3B4A7F8, cid=42, FAILED org.apache.ratis.protocol.NotLeaderException: Server localhost_10002@group-DB7CD3B4A7F8 is not the leader, logIndex=0, commits[localhost_10002:c-1]
2019-09-26 13:33:04,635 INFO  client.GrpcClientProtocolService (GrpcClientProtocolService.java:lambda$processClientRequest$0(278)) - Failed RaftClientRequest:client-352D35361D97->localhost_10000@group-DB7CD3B4A7F8, cid=42, seq=0, RW, Message:321f0a0f0a0d74657374...(size=33), reply=RaftClientReply:client-352D35361D97->localhost_10000@group-DB7CD3B4A7F8, cid=42, FAILED org.apache.ratis.protocol.NotLeaderException: Server localhost_10000@group-DB7CD3B4A7F8 is not the leader, logIndex=0, commits[localhost_10000:c-1]
2019-09-26 13:33:04,637 INFO  client.GrpcClientProtocolService (GrpcClientProtocolService.java:lambda$processClientRequest$0(278)) - Failed RaftClientRequest:client-352D35361D97->localhost_10002@group-DB7CD3B4A7F8, cid=42, seq=0, RW, Message:321f0a0f0a0d74657374...(size=33), reply=RaftClientReply:client-352D35361D97->localhost_10002@group-DB7CD3B4A7F8, cid=42, FAILED org.apache.ratis.protocol.NotLeaderException: Server localhost_10002@group-DB7CD3B4A7F8 is not the leader, logIndex=0, commits[localhost_10002:c-1]
2019-09-26 13:33:04,638 INFO  client.GrpcClientProtocolService (GrpcClientProtocolService.java:lambda$processClientRequest$0(278)) - Failed RaftClientRequest:client-352D35361D97->localhost_10001@group-DB7CD3B4A7F8, cid=42, seq=0, RW, Message:321f0a0f0a0d74657374...(size=33), reply=RaftClientReply:client-352D35361D97->localhost_10001@group-DB7CD3B4A7F8, cid=42, FAILED org.apache.ratis.protocol.NotLeaderException: Server localhost_10001@group-DB7CD3B4A7F8 is not the leader, logIndex=0, commits[localhost_10001:c-1]
2019-09-26 13:33:04,640 INFO  client.GrpcClientProtocolService (GrpcClientProtocolService.java:lambda$processClientRequest$0(278)) - Failed RaftClientRequest:client-352D35361D97->localhost_10002@group-DB7CD3B4A7F8, cid=42, seq=0, RW, Message:321f0a0f0a0d74657374...(size=33), reply=RaftClientReply:client-352D35361D97->localhost_10002@group-DB7CD3B4A7F8, cid=42, FAILED org.apache.ratis.protocol.NotLeaderException: Server localhost_10002@group-DB7CD3B4A7F8 is not the leader, logIndex=0, commits[localhost_10002:c-1]
2019-09-26 13:33:04,641 INFO  client.GrpcClientProtocolService (GrpcClientProtocolService.java:lambda$processClientRequest$0(278)) - Failed RaftClientRequest:client-352D35361D97->localhost_10000@group-DB7CD3B4A7F8, cid=42, seq=0, RW, Message:321f0a0f0a0d74657374...(size=33), reply=RaftClientReply:client-352D35361D97->localhost_10000@group-DB7CD3B4A7F8, cid=42, FAILED org.apache.ratis.protocol.NotLeaderException: Server localhost_10000@group-DB7CD3B4A7F8 is not the leader, logIndex=0, commits[localhost_10000:c-1]
2019-09-26 13:33:04,643 INFO  client.GrpcClientProtocolService (GrpcClientProtocolService.java:lambda$processClientRequest$0(278)) - Failed RaftClientRequest:client-352D35361D97->localhost_10001@group-DB7CD3B4A7F8, cid=42, seq=0, RW, Message:321f0a0f0a0d74657374...(size=33), reply=RaftClientReply:client-352D35361D97->localhost_10001@group-DB7CD3B4A7F8, cid=42, FAILED org.apache.ratis.protocol.NotLeaderException: Server localhost_10001@group-DB7CD3B4A7F8 is not the leader, logIndex=0, commits[localhost_10001:c-1]
2019-09-26 13:33:04,644 INFO  client.GrpcClientProtocolService (GrpcClientProtocolService.java:lambda$processClientRequest$0(278)) - Failed RaftClientRequest:client-352D35361D97->localhost_10002@group-DB7CD3B4A7F8, cid=42, seq=0, RW, Message:321f0a0f0a0d74657374...(size=33), reply=RaftClientReply:client-352D35361D97->localhost_10002@group-DB7CD3B4A7F8, cid=42, FAILED org.apache.ratis.protocol.NotLeaderException: Server localhost_10002@group-DB7CD3B4A7F8 is not the leader, logIndex=0, commits[localhost_10002:c-1]
2019-09-26 13:33:04,646 INFO  client.GrpcClientProtocolService (GrpcClientProtocolService.java:lambda$processClientRequest$0(278)) - Failed RaftClientRequest:client-352D35361D97->localhost_10000@group-DB7CD3B4A7F8, cid=42, seq=0, RW, Message:321f0a0f0a0d74657374...(size=33), reply=RaftClientReply:client-352D35361D97->localhost_10000@group-DB7CD3B4A7F8, cid=42, FAILED org.apache.ratis.protocol.NotLeaderException: Server localhost_10000@group-DB7CD3B4A7F8 is not the leader, logIndex=0, commits[localhost_10000:c-1]
2019-09-26 13:33:04,647 INFO  client.GrpcClientProtocolService (GrpcClientProtocolService.java:lambda$processClientRequest$0(278)) - Failed RaftClientRequest:client-352D35361D97->localhost_10002@group-DB7CD3B4A7F8, cid=42, seq=0, RW, Message:321f0a0f0a0d74657374...(size=33), reply=RaftClientReply:client-352D35361D97->localhost_10002@group-DB7CD3B4A7F8, cid=42, FAILED org.apache.ratis.protocol.NotLeaderException: Server localhost_10002@group-DB7CD3B4A7F8 is not the leader, logIndex=0, commits[localhost_10002:c-1]
2019-09-26 13:33:04,648 INFO  client.GrpcClientProtocolService (GrpcClientProtocolService.java:lambda$processClientRequest$0(278)) - Failed RaftClientRequest:client-352D35361D97->localhost_10001@group-DB7CD3B4A7F8, cid=42, seq=0, RW, Message:321f0a0f0a0d74657374...(size=33), reply=RaftClientReply:client-352D35361D97->localhost_10001@group-DB7CD3B4A7F8, cid=42, FAILED org.apache.ratis.protocol.NotLeaderException: Server localhost_10001@group-DB7CD3B4A7F8 is not the leader, logIndex=0, commits[localhost_10001:c-1]
2019-09-26 13:33:04,650 INFO  client.GrpcClientProtocolService (GrpcClientProtocolService.java:lambda$processClientRequest$0(278)) - Failed RaftClientRequest:client-352D35361D97->localhost_10002@group-DB7CD3B4A7F8, cid=42, seq=0, RW, Message:321f0a0f0a0d74657374...(size=33), reply=RaftClientReply:client-352D35361D97->localhost_10002@group-DB7CD3B4A7F8, cid=42, FAILED org.apache.ratis.protocol.NotLeaderException: Server localhost_10002@group-DB7CD3B4A7F8 is not the leader, logIndex=0, commits[localhost_10002:c-1]
2019-09-26 13:33:04,651 INFO  client.GrpcClientProtocolService (GrpcClientProtocolService.java:lambda$processClientRequest$0(278)) - Failed RaftClientRequest:client-352D35361D97->localhost_10001@group-DB7CD3B4A7F8, cid=42, seq=0, RW, Message:321f0a0f0a0d74657374...(size=33), reply=RaftClientReply:client-352D35361D97->localhost_10001@group-DB7CD3B4A7F8, cid=42, FAILED org.apache.ratis.protocol.NotLeaderException: Server localhost_10001@group-DB7CD3B4A7F8 is not the leader, logIndex=0, commits[localhost_10001:c-1]
2019-09-26 13:33:04,652 INFO  client.GrpcClientProtocolService (GrpcClientProtocolService.java:lambda$processClientRequest$0(278)) - Failed RaftClientRequest:client-352D35361D97->localhost_10000@group-DB7CD3B4A7F8, cid=42, seq=0, RW, Message:321f0a0f0a0d74657374...(size=33), reply=RaftClientReply:client-352D35361D97->localhost_10000@group-DB7CD3B4A7F8, cid=42, FAILED org.apache.ratis.protocol.NotLeaderException: Server localhost_10000@group-DB7CD3B4A7F8 is not the leader, logIndex=0, commits[localhost_10000:c-1]
2019-09-26 13:33:04,653 INFO  client.GrpcClientProtocolService (GrpcClientProtocolService.java:lambda$processClientRequest$0(278)) - Failed RaftClientRequest:client-352D35361D97->localhost_10001@group-DB7CD3B4A7F8, cid=42, seq=0, RW, Message:321f0a0f0a0d74657374...(size=33), reply=RaftClientReply:client-352D35361D97->localhost_10001@group-DB7CD3B4A7F8, cid=42, FAILED org.apache.ratis.protocol.NotLeaderException: Server localhost_10001@group-DB7CD3B4A7F8 is not the leader, logIndex=0, commits[localhost_10001:c-1]
2019-09-26 13:33:04,655 INFO  client.GrpcClientProtocolService (GrpcClientProtocolService.java:lambda$processClientRequest$0(278)) - Failed RaftClientRequest:client-352D35361D97->localhost_10002@group-DB7CD3B4A7F8, cid=42, seq=0, RW, Message:321f0a0f0a0d74657374...(size=33), reply=RaftClientReply:client-352D35361D97->localhost_10002@group-DB7CD3B4A7F8, cid=42, FAILED org.apache.ratis.protocol.NotLeaderException: Server localhost_10002@group-DB7CD3B4A7F8 is not the leader, logIndex=0, commits[localhost_10002:c-1]
2019-09-26 13:33:04,656 INFO  client.GrpcClientProtocolService (GrpcClientProtocolService.java:lambda$processClientRequest$0(278)) - Failed RaftClientRequest:client-352D35361D97->localhost_10001@group-DB7CD3B4A7F8, cid=42, seq=0, RW, Message:321f0a0f0a0d74657374...(size=33), reply=RaftClientReply:client-352D35361D97->localhost_10001@group-DB7CD3B4A7F8, cid=42, FAILED org.apache.ratis.protocol.NotLeaderException: Server localhost_10001@group-DB7CD3B4A7F8 is not the leader, logIndex=0, commits[localhost_10001:c-1]
2019-09-26 13:33:04,657 INFO  client.GrpcClientProtocolService (GrpcClientProtocolService.java:lambda$processClientRequest$0(278)) - Failed RaftClientRequest:client-352D35361D97->localhost_10000@group-DB7CD3B4A7F8, cid=42, seq=0, RW, Message:321f0a0f0a0d74657374...(size=33), reply=RaftClientReply:client-352D35361D97->localhost_10000@group-DB7CD3B4A7F8, cid=42, FAILED org.apache.ratis.protocol.NotLeaderException: Server localhost_10000@group-DB7CD3B4A7F8 is not the leader, logIndex=0, commits[localhost_10000:c-1]
2019-09-26 13:33:04,659 INFO  client.GrpcClientProtocolService (GrpcClientProtocolService.java:lambda$processClientRequest$0(278)) - Failed RaftClientRequest:client-352D35361D97->localhost_10002@group-DB7CD3B4A7F8, cid=42, seq=0, RW, Message:321f0a0f0a0d74657374...(size=33), reply=RaftClientReply:client-352D35361D97->localhost_10002@group-DB7CD3B4A7F8, cid=42, FAILED org.apache.ratis.protocol.NotLeaderException: Server localhost_10002@group-DB7CD3B4A7F8 is not the leader, logIndex=0, commits[localhost_10002:c-1]
2019-09-26 13:33:04,660 INFO  client.GrpcClientProtocolService (GrpcClientProtocolService.java:lambda$processClientRequest$0(278)) - Failed RaftClientRequest:client-352D35361D97->localhost_10000@group-DB7CD3B4A7F8, cid=42, seq=0, RW, Message:321f0a0f0a0d74657374...(size=33), reply=RaftClientReply:client-352D35361D97->localhost_10000@group-DB7CD3B4A7F8, cid=42, FAILED org.apache.ratis.protocol.NotLeaderException: Server localhost_10000@group-DB7CD3B4A7F8 is not the leader, logIndex=0, commits[localhost_10000:c-1]
2019-09-26 13:33:04,661 INFO  client.GrpcClientProtocolService (GrpcClientProtocolService.java:lambda$processClientRequest$0(278)) - Failed RaftClientRequest:client-352D35361D97->localhost_10002@group-DB7CD3B4A7F8, cid=42, seq=0, RW, Message:321f0a0f0a0d74657374...(size=33), reply=RaftClientReply:client-352D35361D97->localhost_10002@group-DB7CD3B4A7F8, cid=42, FAILED org.apache.ratis.protocol.NotLeaderException: Server localhost_10002@group-DB7CD3B4A7F8 is not the leader, logIndex=0, commits[localhost_10002:c-1]
2019-09-26 13:33:04,663 INFO  client.GrpcClientProtocolService (GrpcClientProtocolService.java:lambda$processClientRequest$0(278)) - Failed RaftClientRequest:client-352D35361D97->localhost_10000@group-DB7CD3B4A7F8, cid=42, seq=0, RW, Message:321f0a0f0a0d74657374...(size=33), reply=RaftClientReply:client-352D35361D97->localhost_10000@group-DB7CD3B4A7F8, cid=42, FAILED org.apache.ratis.protocol.NotLeaderException: Server localhost_10000@group-DB7CD3B4A7F8 is not the leader, logIndex=0, commits[localhost_10000:c-1]
2019-09-26 13:33:04,664 INFO  client.GrpcClientProtocolService (GrpcClientProtocolService.java:lambda$processClientRequest$0(278)) - Failed RaftClientRequest:client-352D35361D97->localhost_10001@group-DB7CD3B4A7F8, cid=42, seq=0, RW, Message:321f0a0f0a0d74657374...(size=33), reply=RaftClientReply:client-352D35361D97->localhost_10001@group-DB7CD3B4A7F8, cid=42, FAILED org.apache.ratis.protocol.NotLeaderException: Server localhost_10001@group-DB7CD3B4A7F8 is not the leader, logIndex=0, commits[localhost_10001:c-1]
2019-09-26 13:33:04,665 INFO  client.GrpcClientProtocolService (GrpcClientProtocolService.java:lambda$processClientRequest$0(278)) - Failed RaftClientRequest:client-352D35361D97->localhost_10000@group-DB7CD3B4A7F8, cid=42, seq=0, RW, Message:321f0a0f0a0d74657374...(size=33), reply=RaftClientReply:client-352D35361D97->localhost_10000@group-DB7CD3B4A7F8, cid=42, FAILED org.apache.ratis.protocol.NotLeaderException: Server localhost_10000@group-DB7CD3B4A7F8 is not the leader, logIndex=0, commits[localhost_10000:c-1]
2019-09-26 13:33:04,666 INFO  client.GrpcClientProtocolService (GrpcClientProtocolService.java:lambda$processClientRequest$0(278)) - Failed RaftClientRequest:client-352D35361D97->localhost_10002@group-DB7CD3B4A7F8, cid=42, seq=0, RW, Message:321f0a0f0a0d74657374...(size=33), reply=RaftClientReply:client-352D35361D97->localhost_10002@group-DB7CD3B4A7F8, cid=42, FAILED org.apache.ratis.protocol.NotLeaderException: Server localhost_10002@group-DB7CD3B4A7F8 is not the leader, logIndex=0, commits[localhost_10002:c-1]
2019-09-26 13:33:04,668 INFO  client.GrpcClientProtocolService (GrpcClientProtocolService.java:lambda$processClientRequest$0(278)) - Failed RaftClientRequest:client-352D35361D97->localhost_10001@group-DB7CD3B4A7F8, cid=42, seq=0, RW, Message:321f0a0f0a0d74657374...(size=33), reply=RaftClientReply:client-352D35361D97->localhost_10001@group-DB7CD3B4A7F8, cid=42, FAILED org.apache.ratis.protocol.NotLeaderException: Server localhost_10001@group-DB7CD3B4A7F8 is not the leader, logIndex=0, commits[localhost_10001:c-1]
2019-09-26 13:33:04,669 INFO  client.GrpcClientProtocolService (GrpcClientProtocolService.java:lambda$processClientRequest$0(278)) - Failed RaftClientRequest:client-352D35361D97->localhost_10000@group-DB7CD3B4A7F8, cid=42, seq=0, RW, Message:321f0a0f0a0d74657374...(size=33), reply=RaftClientReply:client-352D35361D97->localhost_10000@group-DB7CD3B4A7F8, cid=42, FAILED org.apache.ratis.protocol.NotLeaderException: Server localhost_10000@group-DB7CD3B4A7F8 is not the leader, logIndex=0, commits[localhost_10000:c-1]
2019-09-26 13:33:04,671 INFO  client.GrpcClientProtocolService (GrpcClientProtocolService.java:lambda$processClientRequest$0(278)) - Failed RaftClientRequest:client-352D35361D97->localhost_10001@group-DB7CD3B4A7F8, cid=42, seq=0, RW, Message:321f0a0f0a0d74657374...(size=33), reply=RaftClientReply:client-352D35361D97->localhost_10001@group-DB7CD3B4A7F8, cid=42, FAILED org.apache.ratis.protocol.NotLeaderException: Server localhost_10001@group-DB7CD3B4A7F8 is not the leader, logIndex=0, commits[localhost_10001:c-1]
2019-09-26 13:33:04,672 INFO  client.GrpcClientProtocolService (GrpcClientProtocolService.java:lambda$processClientRequest$0(278)) - Failed RaftClientRequest:client-352D35361D97->localhost_10002@group-DB7CD3B4A7F8, cid=42, seq=0, RW, Message:321f0a0f0a0d74657374...(size=33), reply=RaftClientReply:client-352D35361D97->localhost_10002@group-DB7CD3B4A7F8, cid=42, FAILED org.apache.ratis.protocol.NotLeaderException: Server localhost_10002@group-DB7CD3B4A7F8 is not the leader, logIndex=0, commits[localhost_10002:c-1]
2019-09-26 13:33:04,673 INFO  client.GrpcClientProtocolService (GrpcClientProtocolService.java:lambda$processClientRequest$0(278)) - Failed RaftClientRequest:client-352D35361D97->localhost_10000@group-DB7CD3B4A7F8, cid=42, seq=0, RW, Message:321f0a0f0a0d74657374...(size=33), reply=RaftClientReply:client-352D35361D97->localhost_10000@group-DB7CD3B4A7F8, cid=42, FAILED org.apache.ratis.protocol.NotLeaderException: Server localhost_10000@group-DB7CD3B4A7F8 is not the leader, logIndex=0, commits[localhost_10000:c-1]
2019-09-26 13:33:04,675 INFO  client.GrpcClientProtocolService (GrpcClientProtocolService.java:lambda$processClientRequest$0(278)) - Failed RaftClientRequest:client-352D35361D97->localhost_10001@group-DB7CD3B4A7F8, cid=42, seq=0, RW, Message:321f0a0f0a0d74657374...(size=33), reply=RaftClientReply:client-352D35361D97->localhost_10001@group-DB7CD3B4A7F8, cid=42, FAILED org.apache.ratis.protocol.NotLeaderException: Server localhost_10001@group-DB7CD3B4A7F8 is not the leader, logIndex=0, commits[localhost_10001:c-1]
2019-09-26 13:33:04,676 INFO  client.GrpcClientProtocolService (GrpcClientProtocolService.java:lambda$processClientRequest$0(278)) - Failed RaftClientRequest:client-352D35361D97->localhost_10000@group-DB7CD3B4A7F8, cid=42, seq=0, RW, Message:321f0a0f0a0d74657374...(size=33), reply=RaftClientReply:client-352D35361D97->localhost_10000@group-DB7CD3B4A7F8, cid=42, FAILED org.apache.ratis.protocol.NotLeaderException: Server localhost_10000@group-DB7CD3B4A7F8 is not the leader, logIndex=0, commits[localhost_10000:c-1]
2019-09-26 13:33:04,678 INFO  client.GrpcClientProtocolService (GrpcClientProtocolService.java:lambda$processClientRequest$0(278)) - Failed RaftClientRequest:client-352D35361D97->localhost_10001@group-DB7CD3B4A7F8, cid=42, seq=0, RW, Message:321f0a0f0a0d74657374...(size=33), reply=RaftClientReply:client-352D35361D97->localhost_10001@group-DB7CD3B4A7F8, cid=42, FAILED org.apache.ratis.protocol.NotLeaderException: Server localhost_10001@group-DB7CD3B4A7F8 is not the leader, logIndex=0, commits[localhost_10001:c-1]
2019-09-26 13:33:04,679 INFO  client.GrpcClientProtocolService (GrpcClientProtocolService.java:lambda$processClientRequest$0(278)) - Failed RaftClientRequest:client-352D35361D97->localhost_10002@group-DB7CD3B4A7F8, cid=42, seq=0, RW, Message:321f0a0f0a0d74657374...(size=33), reply=RaftClientReply:client-352D35361D97->localhost_10002@group-DB7CD3B4A7F8, cid=42, FAILED org.apache.ratis.protocol.NotLeaderException: Server localhost_10002@group-DB7CD3B4A7F8 is not the leader, logIndex=0, commits[localhost_10002:c-1]
2019-09-26 13:33:04,680 INFO  client.GrpcClientProtocolService (GrpcClientProtocolService.java:lambda$processClientRequest$0(278)) - Failed RaftClientRequest:client-352D35361D97->localhost_10000@group-DB7CD3B4A7F8, cid=42, seq=0, RW, Message:321f0a0f0a0d74657374...(size=33), reply=RaftClientReply:client-352D35361D97->localhost_10000@group-DB7CD3B4A7F8, cid=42, FAILED org.apache.ratis.protocol.NotLeaderException: Server localhost_10000@group-DB7CD3B4A7F8 is not the leader, logIndex=0, commits[localhost_10000:c-1]
2019-09-26 13:33:04,682 INFO  client.GrpcClientProtocolService (GrpcClientProtocolService.java:lambda$processClientRequest$0(278)) - Failed RaftClientRequest:client-352D35361D97->localhost_10002@group-DB7CD3B4A7F8, cid=42, seq=0, RW, Message:321f0a0f0a0d74657374...(size=33), reply=RaftClientReply:client-352D35361D97->localhost_10002@group-DB7CD3B4A7F8, cid=42, FAILED org.apache.ratis.protocol.NotLeaderException: Server localhost_10002@group-DB7CD3B4A7F8 is not the leader, logIndex=0, commits[localhost_10002:c-1]
2019-09-26 13:33:04,683 INFO  client.GrpcClientProtocolService (GrpcClientProtocolService.java:lambda$processClientRequest$0(278)) - Failed RaftClientRequest:client-352D35361D97->localhost_10000@group-DB7CD3B4A7F8, cid=42, seq=0, RW, Message:321f0a0f0a0d74657374...(size=33), reply=RaftClientReply:client-352D35361D97->localhost_10000@group-DB7CD3B4A7F8, cid=42, FAILED org.apache.ratis.protocol.NotLeaderException: Server localhost_10000@group-DB7CD3B4A7F8 is not the leader, logIndex=0, commits[localhost_10000:c-1]
2019-09-26 13:33:04,685 INFO  client.GrpcClientProtocolService (GrpcClientProtocolService.java:lambda$processClientRequest$0(278)) - Failed RaftClientRequest:client-352D35361D97->localhost_10002@group-DB7CD3B4A7F8, cid=42, seq=0, RW, Message:321f0a0f0a0d74657374...(size=33), reply=RaftClientReply:client-352D35361D97->localhost_10002@group-DB7CD3B4A7F8, cid=42, FAILED org.apache.ratis.protocol.NotLeaderException: Server localhost_10002@group-DB7CD3B4A7F8 is not the leader, logIndex=0, commits[localhost_10002:c-1]
2019-09-26 13:33:04,686 INFO  client.GrpcClientProtocolService (GrpcClientProtocolService.java:lambda$processClientRequest$0(278)) - Failed RaftClientRequest:client-352D35361D97->localhost_10000@group-DB7CD3B4A7F8, cid=42, seq=0, RW, Message:321f0a0f0a0d74657374...(size=33), reply=RaftClientReply:client-352D35361D97->localhost_10000@group-DB7CD3B4A7F8, cid=42, FAILED org.apache.ratis.protocol.NotLeaderException: Server localhost_10000@group-DB7CD3B4A7F8 is not the leader, logIndex=0, commits[localhost_10000:c-1]
2019-09-26 13:33:04,688 INFO  client.GrpcClientProtocolService (GrpcClientProtocolService.java:lambda$processClientRequest$0(278)) - Failed RaftClientRequest:client-352D35361D97->localhost_10002@group-DB7CD3B4A7F8, cid=42, seq=0, RW, Message:321f0a0f0a0d74657374...(size=33), reply=RaftClientReply:client-352D35361D97->localhost_10002@group-DB7CD3B4A7F8, cid=42, FAILED org.apache.ratis.protocol.NotLeaderException: Server localhost_10002@group-DB7CD3B4A7F8 is not the leader, logIndex=0, commits[localhost_10002:c-1]
2019-09-26 13:33:04,689 INFO  client.GrpcClientProtocolService (GrpcClientProtocolService.java:lambda$processClientRequest$0(278)) - Failed RaftClientRequest:client-352D35361D97->localhost_10001@group-DB7CD3B4A7F8, cid=42, seq=0, RW, Message:321f0a0f0a0d74657374...(size=33), reply=RaftClientReply:client-352D35361D97->localhost_10001@group-DB7CD3B4A7F8, cid=42, FAILED org.apache.ratis.protocol.NotLeaderException: Server localhost_10001@group-DB7CD3B4A7F8 is not the leader, logIndex=0, commits[localhost_10001:c-1]
2019-09-26 13:33:04,691 INFO  client.GrpcClientProtocolService (GrpcClientProtocolService.java:lambda$processClientRequest$0(278)) - Failed RaftClientRequest:client-352D35361D97->localhost_10002@group-DB7CD3B4A7F8, cid=42, seq=0, RW, Message:321f0a0f0a0d74657374...(size=33), reply=RaftClientReply:client-352D35361D97->localhost_10002@group-DB7CD3B4A7F8, cid=42, FAILED org.apache.ratis.protocol.NotLeaderException: Server localhost_10002@group-DB7CD3B4A7F8 is not the leader, logIndex=0, commits[localhost_10002:c-1]
2019-09-26 13:33:04,692 INFO  client.GrpcClientProtocolService (GrpcClientProtocolService.java:lambda$processClientRequest$0(278)) - Failed RaftClientRequest:client-352D35361D97->localhost_10001@group-DB7CD3B4A7F8, cid=42, seq=0, RW, Message:321f0a0f0a0d74657374...(size=33), reply=RaftClientReply:client-352D35361D97->localhost_10001@group-DB7CD3B4A7F8, cid=42, FAILED org.apache.ratis.protocol.NotLeaderException: Server localhost_10001@group-DB7CD3B4A7F8 is not the leader, logIndex=0, commits[localhost_10001:c-1]
2019-09-26 13:33:04,694 INFO  client.GrpcClientProtocolService (GrpcClientProtocolService.java:lambda$processClientRequest$0(278)) - Failed RaftClientRequest:client-352D35361D97->localhost_10002@group-DB7CD3B4A7F8, cid=42, seq=0, RW, Message:321f0a0f0a0d74657374...(size=33), reply=RaftClientReply:client-352D35361D97->localhost_10002@group-DB7CD3B4A7F8, cid=42, FAILED org.apache.ratis.protocol.NotLeaderException: Server localhost_10002@group-DB7CD3B4A7F8 is not the leader, logIndex=0, commits[localhost_10002:c-1]
2019-09-26 13:33:04,695 INFO  client.GrpcClientProtocolService (GrpcClientProtocolService.java:lambda$processClientRequest$0(278)) - Failed RaftClientRequest:client-352D35361D97->localhost_10000@group-DB7CD3B4A7F8, cid=42, seq=0, RW, Message:321f0a0f0a0d74657374...(size=33), reply=RaftClientReply:client-352D35361D97->localhost_10000@group-DB7CD3B4A7F8, cid=42, FAILED org.apache.ratis.protocol.NotLeaderException: Server localhost_10000@group-DB7CD3B4A7F8 is not the leader, logIndex=0, commits[localhost_10000:c-1]
2019-09-26 13:33:04,696 INFO  client.GrpcClientProtocolService (GrpcClientProtocolService.java:lambda$processClientRequest$0(278)) - Failed RaftClientRequest:client-352D35361D97->localhost_10001@group-DB7CD3B4A7F8, cid=42, seq=0, RW, Message:321f0a0f0a0d74657374...(size=33), reply=RaftClientReply:client-352D35361D97->localhost_10001@group-DB7CD3B4A7F8, cid=42, FAILED org.apache.ratis.protocol.NotLeaderException: Server localhost_10001@group-DB7CD3B4A7F8 is not the leader, logIndex=0, commits[localhost_10001:c-1]
2019-09-26 13:33:04,698 INFO  client.GrpcClientProtocolService (GrpcClientProtocolService.java:lambda$processClientRequest$0(278)) - Failed RaftClientRequest:client-352D35361D97->localhost_10002@group-DB7CD3B4A7F8, cid=42, seq=0, RW, Message:321f0a0f0a0d74657374...(size=33), reply=RaftClientReply:client-352D35361D97->localhost_10002@group-DB7CD3B4A7F8, cid=42, FAILED org.apache.ratis.protocol.NotLeaderException: Server localhost_10002@group-DB7CD3B4A7F8 is not the leader, logIndex=0, commits[localhost_10002:c-1]
2019-09-26 13:33:04,699 INFO  client.GrpcClientProtocolService (GrpcClientProtocolService.java:lambda$processClientRequest$0(278)) - Failed RaftClientRequest:client-352D35361D97->localhost_10000@group-DB7CD3B4A7F8, cid=42, seq=0, RW, Message:321f0a0f0a0d74657374...(size=33), reply=RaftClientReply:client-352D35361D97->localhost_10000@group-DB7CD3B4A7F8, cid=42, FAILED org.apache.ratis.protocol.NotLeaderException: Server localhost_10000@group-DB7CD3B4A7F8 is not the leader, logIndex=0, commits[localhost_10000:c-1]
2019-09-26 13:33:04,700 INFO  client.GrpcClientProtocolService (GrpcClientProtocolService.java:lambda$processClientRequest$0(278)) - Failed RaftClientRequest:client-352D35361D97->localhost_10002@group-DB7CD3B4A7F8, cid=42, seq=0, RW, Message:321f0a0f0a0d74657374...(size=33), reply=RaftClientReply:client-352D35361D97->localhost_10002@group-DB7CD3B4A7F8, cid=42, FAILED org.apache.ratis.protocol.NotLeaderException: Server localhost_10002@group-DB7CD3B4A7F8 is not the leader, logIndex=0, commits[localhost_10002:c-1]
2019-09-26 13:33:04,702 INFO  client.GrpcClientProtocolService (GrpcClientProtocolService.java:lambda$processClientRequest$0(278)) - Failed RaftClientRequest:client-352D35361D97->localhost_10000@group-DB7CD3B4A7F8, cid=42, seq=0, RW, Message:321f0a0f0a0d74657374...(size=33), reply=RaftClientReply:client-352D35361D97->localhost_10000@group-DB7CD3B4A7F8, cid=42, FAILED org.apache.ratis.protocol.NotLeaderException: Server localhost_10000@group-DB7CD3B4A7F8 is not the leader, logIndex=0, commits[localhost_10000:c-1]
2019-09-26 13:33:04,703 INFO  client.GrpcClientProtocolService (GrpcClientProtocolService.java:lambda$processClientRequest$0(278)) - Failed RaftClientRequest:client-352D35361D97->localhost_10002@group-DB7CD3B4A7F8, cid=42, seq=0, RW, Message:321f0a0f0a0d74657374...(size=33), reply=RaftClientReply:client-352D35361D97->localhost_10002@group-DB7CD3B4A7F8, cid=42, FAILED org.apache.ratis.protocol.NotLeaderException: Server localhost_10002@group-DB7CD3B4A7F8 is not the leader, logIndex=0, commits[localhost_10002:c-1]
2019-09-26 13:33:04,704 INFO  client.GrpcClientProtocolService (GrpcClientProtocolService.java:lambda$processClientRequest$0(278)) - Failed RaftClientRequest:client-352D35361D97->localhost_10000@group-DB7CD3B4A7F8, cid=42, seq=0, RW, Message:321f0a0f0a0d74657374...(size=33), reply=RaftClientReply:client-352D35361D97->localhost_10000@group-DB7CD3B4A7F8, cid=42, FAILED org.apache.ratis.protocol.NotLeaderException: Server localhost_10000@group-DB7CD3B4A7F8 is not the leader, logIndex=0, commits[localhost_10000:c-1]
2019-09-26 13:33:04,706 INFO  client.GrpcClientProtocolService (GrpcClientProtocolService.java:lambda$processClientRequest$0(278)) - Failed RaftClientRequest:client-352D35361D97->localhost_10001@group-DB7CD3B4A7F8, cid=42, seq=0, RW, Message:321f0a0f0a0d74657374...(size=33), reply=RaftClientReply:client-352D35361D97->localhost_10001@group-DB7CD3B4A7F8, cid=42, FAILED org.apache.ratis.protocol.NotLeaderException: Server localhost_10001@group-DB7CD3B4A7F8 is not the leader, logIndex=0, commits[localhost_10001:c-1]
2019-09-26 13:33:04,707 INFO  client.GrpcClientProtocolService (GrpcClientProtocolService.java:lambda$processClientRequest$0(278)) - Failed RaftClientRequest:client-352D35361D97->localhost_10002@group-DB7CD3B4A7F8, cid=42, seq=0, RW, Message:321f0a0f0a0d74657374...(size=33), reply=RaftClientReply:client-352D35361D97->localhost_10002@group-DB7CD3B4A7F8, cid=42, FAILED org.apache.ratis.protocol.NotLeaderException: Server localhost_10002@group-DB7CD3B4A7F8 is not the leader, logIndex=0, commits[localhost_10002:c-1]
2019-09-26 13:33:04,709 INFO  client.GrpcClientProtocolService (GrpcClientProtocolService.java:lambda$processClientRequest$0(278)) - Failed RaftClientRequest:client-352D35361D97->localhost_10000@group-DB7CD3B4A7F8, cid=42, seq=0, RW, Message:321f0a0f0a0d74657374...(size=33), reply=RaftClientReply:client-352D35361D97->localhost_10000@group-DB7CD3B4A7F8, cid=42, FAILED org.apache.ratis.protocol.NotLeaderException: Server localhost_10000@group-DB7CD3B4A7F8 is not the leader, logIndex=0, commits[localhost_10000:c-1]
2019-09-26 13:33:04,710 INFO  client.GrpcClientProtocolService (GrpcClientProtocolService.java:lambda$processClientRequest$0(278)) - Failed RaftClientRequest:client-352D35361D97->localhost_10002@group-DB7CD3B4A7F8, cid=42, seq=0, RW, Message:321f0a0f0a0d74657374...(size=33), reply=RaftClientReply:client-352D35361D97->localhost_10002@group-DB7CD3B4A7F8, cid=42, FAILED org.apache.ratis.protocol.NotLeaderException: Server localhost_10002@group-DB7CD3B4A7F8 is not the leader, logIndex=0, commits[localhost_10002:c-1]
2019-09-26 13:33:04,711 INFO  client.GrpcClientProtocolService (GrpcClientProtocolService.java:lambda$processClientRequest$0(278)) - Failed RaftClientRequest:client-352D35361D97->localhost_10000@group-DB7CD3B4A7F8, cid=42, seq=0, RW, Message:321f0a0f0a0d74657374...(size=33), reply=RaftClientReply:client-352D35361D97->localhost_10000@group-DB7CD3B4A7F8, cid=42, FAILED org.apache.ratis.protocol.NotLeaderException: Server localhost_10000@group-DB7CD3B4A7F8 is not the leader, logIndex=0, commits[localhost_10000:c-1]
2019-09-26 13:33:04,713 INFO  client.GrpcClientProtocolService (GrpcClientProtocolService.java:lambda$processClientRequest$0(278)) - Failed RaftClientRequest:client-352D35361D97->localhost_10001@group-DB7CD3B4A7F8, cid=42, seq=0, RW, Message:321f0a0f0a0d74657374...(size=33), reply=RaftClientReply:client-352D35361D97->localhost_10001@group-DB7CD3B4A7F8, cid=42, FAILED org.apache.ratis.protocol.NotLeaderException: Server localhost_10001@group-DB7CD3B4A7F8 is not the leader, logIndex=0, commits[localhost_10001:c-1]
2019-09-26 13:33:04,714 INFO  client.GrpcClientProtocolService (GrpcClientProtocolService.java:lambda$processClientRequest$0(278)) - Failed RaftClientRequest:client-352D35361D97->localhost_10002@group-DB7CD3B4A7F8, cid=42, seq=0, RW, Message:321f0a0f0a0d74657374...(size=33), reply=RaftClientReply:client-352D35361D97->localhost_10002@group-DB7CD3B4A7F8, cid=42, FAILED org.apache.ratis.protocol.NotLeaderException: Server localhost_10002@group-DB7CD3B4A7F8 is not the leader, logIndex=0, commits[localhost_10002:c-1]
2019-09-26 13:33:04,715 INFO  client.GrpcClientProtocolService (GrpcClientProtocolService.java:lambda$processClientRequest$0(278)) - Failed RaftClientRequest:client-352D35361D97->localhost_10001@group-DB7CD3B4A7F8, cid=42, seq=0, RW, Message:321f0a0f0a0d74657374...(size=33), reply=RaftClientReply:client-352D35361D97->localhost_10001@group-DB7CD3B4A7F8, cid=42, FAILED org.apache.ratis.protocol.NotLeaderException: Server localhost_10001@group-DB7CD3B4A7F8 is not the leader, logIndex=0, commits[localhost_10001:c-1]
2019-09-26 13:33:04,717 INFO  client.GrpcClientProtocolService (GrpcClientProtocolService.java:lambda$processClientRequest$0(278)) - Failed RaftClientRequest:client-352D35361D97->localhost_10000@group-DB7CD3B4A7F8, cid=42, seq=0, RW, Message:321f0a0f0a0d74657374...(size=33), reply=RaftClientReply:client-352D35361D97->localhost_10000@group-DB7CD3B4A7F8, cid=42, FAILED org.apache.ratis.protocol.NotLeaderException: Server localhost_10000@group-DB7CD3B4A7F8 is not the leader, logIndex=0, commits[localhost_10000:c-1]
2019-09-26 13:33:04,718 INFO  client.GrpcClientProtocolService (GrpcClientProtocolService.java:lambda$processClientRequest$0(278)) - Failed RaftClientRequest:client-352D35361D97->localhost_10002@group-DB7CD3B4A7F8, cid=42, seq=0, RW, Message:321f0a0f0a0d74657374...(size=33), reply=RaftClientReply:client-352D35361D97->localhost_10002@group-DB7CD3B4A7F8, cid=42, FAILED org.apache.ratis.protocol.NotLeaderException: Server localhost_10002@group-DB7CD3B4A7F8 is not the leader, logIndex=0, commits[localhost_10002:c-1]
2019-09-26 13:33:04,719 INFO  client.GrpcClientProtocolService (GrpcClientProtocolService.java:lambda$processClientRequest$0(278)) - Failed RaftClientRequest:client-352D35361D97->localhost_10000@group-DB7CD3B4A7F8, cid=42, seq=0, RW, Message:321f0a0f0a0d74657374...(size=33), reply=RaftClientReply:client-352D35361D97->localhost_10000@group-DB7CD3B4A7F8, cid=42, FAILED org.apache.ratis.protocol.NotLeaderException: Server localhost_10000@group-DB7CD3B4A7F8 is not the leader, logIndex=0, commits[localhost_10000:c-1]
2019-09-26 13:33:04,721 INFO  client.GrpcClientProtocolService (GrpcClientProtocolService.java:lambda$processClientRequest$0(278)) - Failed RaftClientRequest:client-352D35361D97->localhost_10002@group-DB7CD3B4A7F8, cid=42, seq=0, RW, Message:321f0a0f0a0d74657374...(size=33), reply=RaftClientReply:client-352D35361D97->localhost_10002@group-DB7CD3B4A7F8, cid=42, FAILED org.apache.ratis.protocol.NotLeaderException: Server localhost_10002@group-DB7CD3B4A7F8 is not the leader, logIndex=0, commits[localhost_10002:c-1]
2019-09-26 13:33:04,722 INFO  client.GrpcClientProtocolService (GrpcClientProtocolService.java:lambda$processClientRequest$0(278)) - Failed RaftClientRequest:client-352D35361D97->localhost_10001@group-DB7CD3B4A7F8, cid=42, seq=0, RW, Message:321f0a0f0a0d74657374...(size=33), reply=RaftClientReply:client-352D35361D97->localhost_10001@group-DB7CD3B4A7F8, cid=42, FAILED org.apache.ratis.protocol.NotLeaderException: Server localhost_10001@group-DB7CD3B4A7F8 is not the leader, logIndex=0, commits[localhost_10001:c-1]
2019-09-26 13:33:04,724 INFO  client.GrpcClientProtocolService (GrpcClientProtocolService.java:lambda$processClientRequest$0(278)) - Failed RaftClientRequest:client-352D35361D97->localhost_10000@group-DB7CD3B4A7F8, cid=42, seq=0, RW, Message:321f0a0f0a0d74657374...(size=33), reply=RaftClientReply:client-352D35361D97->localhost_10000@group-DB7CD3B4A7F8, cid=42, FAILED org.apache.ratis.protocol.NotLeaderException: Server localhost_10000@group-DB7CD3B4A7F8 is not the leader, logIndex=0, commits[localhost_10000:c-1]
2019-09-26 13:33:04,725 INFO  client.GrpcClientProtocolService (GrpcClientProtocolService.java:lambda$processClientRequest$0(278)) - Failed RaftClientRequest:client-352D35361D97->localhost_10001@group-DB7CD3B4A7F8, cid=42, seq=0, RW, Message:321f0a0f0a0d74657374...(size=33), reply=RaftClientReply:client-352D35361D97->localhost_10001@group-DB7CD3B4A7F8, cid=42, FAILED org.apache.ratis.protocol.NotLeaderException: Server localhost_10001@group-DB7CD3B4A7F8 is not the leader, logIndex=0, commits[localhost_10001:c-1]
2019-09-26 13:33:04,726 INFO  client.GrpcClientProtocolService (GrpcClientProtocolService.java:lambda$processClientRequest$0(278)) - Failed RaftClientRequest:client-352D35361D97->localhost_10000@group-DB7CD3B4A7F8, cid=42, seq=0, RW, Message:321f0a0f0a0d74657374...(size=33), reply=RaftClientReply:client-352D35361D97->localhost_10000@group-DB7CD3B4A7F8, cid=42, FAILED org.apache.ratis.protocol.NotLeaderException: Server localhost_10000@group-DB7CD3B4A7F8 is not the leader, logIndex=0, commits[localhost_10000:c-1]
2019-09-26 13:33:04,728 INFO  client.GrpcClientProtocolService (GrpcClientProtocolService.java:lambda$processClientRequest$0(278)) - Failed RaftClientRequest:client-352D35361D97->localhost_10001@group-DB7CD3B4A7F8, cid=42, seq=0, RW, Message:321f0a0f0a0d74657374...(size=33), reply=RaftClientReply:client-352D35361D97->localhost_10001@group-DB7CD3B4A7F8, cid=42, FAILED org.apache.ratis.protocol.NotLeaderException: Server localhost_10001@group-DB7CD3B4A7F8 is not the leader, logIndex=0, commits[localhost_10001:c-1]
2019-09-26 13:33:04,729 INFO  client.GrpcClientProtocolService (GrpcClientProtocolService.java:lambda$processClientRequest$0(278)) - Failed RaftClientRequest:client-352D35361D97->localhost_10000@group-DB7CD3B4A7F8, cid=42, seq=0, RW, Message:321f0a0f0a0d74657374...(size=33), reply=RaftClientReply:client-352D35361D97->localhost_10000@group-DB7CD3B4A7F8, cid=42, FAILED org.apache.ratis.protocol.NotLeaderException: Server localhost_10000@group-DB7CD3B4A7F8 is not the leader, logIndex=0, commits[localhost_10000:c-1]
2019-09-26 13:33:04,730 INFO  client.GrpcClientProtocolService (GrpcClientProtocolService.java:lambda$processClientRequest$0(278)) - Failed RaftClientRequest:client-352D35361D97->localhost_10001@group-DB7CD3B4A7F8, cid=42, seq=0, RW, Message:321f0a0f0a0d74657374...(size=33), reply=RaftClientReply:client-352D35361D97->localhost_10001@group-DB7CD3B4A7F8, cid=42, FAILED org.apache.ratis.protocol.NotLeaderException: Server localhost_10001@group-DB7CD3B4A7F8 is not the leader, logIndex=0, commits[localhost_10001:c-1]
2019-09-26 13:33:04,732 INFO  client.GrpcClientProtocolService (GrpcClientProtocolService.java:lambda$processClientRequest$0(278)) - Failed RaftClientRequest:client-352D35361D97->localhost_10002@group-DB7CD3B4A7F8, cid=42, seq=0, RW, Message:321f0a0f0a0d74657374...(size=33), reply=RaftClientReply:client-352D35361D97->localhost_10002@group-DB7CD3B4A7F8, cid=42, FAILED org.apache.ratis.protocol.NotLeaderException: Server localhost_10002@group-DB7CD3B4A7F8 is not the leader, logIndex=0, commits[localhost_10002:c-1]
2019-09-26 13:33:04,733 INFO  client.GrpcClientProtocolService (GrpcClientProtocolService.java:lambda$processClientRequest$0(278)) - Failed RaftClientRequest:client-352D35361D97->localhost_10000@group-DB7CD3B4A7F8, cid=42, seq=0, RW, Message:321f0a0f0a0d74657374...(size=33), reply=RaftClientReply:client-352D35361D97->localhost_10000@group-DB7CD3B4A7F8, cid=42, FAILED org.apache.ratis.protocol.NotLeaderException: Server localhost_10000@group-DB7CD3B4A7F8 is not the leader, logIndex=0, commits[localhost_10000:c-1]
2019-09-26 13:33:04,734 INFO  client.GrpcClientProtocolService (GrpcClientProtocolService.java:lambda$processClientRequest$0(278)) - Failed RaftClientRequest:client-352D35361D97->localhost_10001@group-DB7CD3B4A7F8, cid=42, seq=0, RW, Message:321f0a0f0a0d74657374...(size=33), reply=RaftClientReply:client-352D35361D97->localhost_10001@group-DB7CD3B4A7F8, cid=42, FAILED org.apache.ratis.protocol.NotLeaderException: Server localhost_10001@group-DB7CD3B4A7F8 is not the leader, logIndex=0, commits[localhost_10001:c-1]
2019-09-26 13:33:04,736 INFO  client.GrpcClientProtocolService (GrpcClientProtocolService.java:lambda$processClientRequest$0(278)) - Failed RaftClientRequest:client-352D35361D97->localhost_10000@group-DB7CD3B4A7F8, cid=42, seq=0, RW, Message:321f0a0f0a0d74657374...(size=33), reply=RaftClientReply:client-352D35361D97->localhost_10000@group-DB7CD3B4A7F8, cid=42, FAILED org.apache.ratis.protocol.NotLeaderException: Server localhost_10000@group-DB7CD3B4A7F8 is not the leader, logIndex=0, commits[localhost_10000:c-1]
2019-09-26 13:33:04,738 INFO  client.GrpcClientProtocolService (GrpcClientProtocolService.java:lambda$processClientRequest$0(278)) - Failed RaftClientRequest:client-352D35361D97->localhost_10001@group-DB7CD3B4A7F8, cid=42, seq=0, RW, Message:321f0a0f0a0d74657374...(size=33), reply=RaftClientReply:client-352D35361D97->localhost_10001@group-DB7CD3B4A7F8, cid=42, FAILED org.apache.ratis.protocol.NotLeaderException: Server localhost_10001@group-DB7CD3B4A7F8 is not the leader, logIndex=0, commits[localhost_10001:c-1]
2019-09-26 13:33:04,739 INFO  client.GrpcClientProtocolService (GrpcClientProtocolService.java:lambda$processClientRequest$0(278)) - Failed RaftClientRequest:client-352D35361D97->localhost_10000@group-DB7CD3B4A7F8, cid=42, seq=0, RW, Message:321f0a0f0a0d74657374...(size=33), reply=RaftClientReply:client-352D35361D97->localhost_10000@group-DB7CD3B4A7F8, cid=42, FAILED org.apache.ratis.protocol.NotLeaderException: Server localhost_10000@group-DB7CD3B4A7F8 is not the leader, logIndex=0, commits[localhost_10000:c-1]
2019-09-26 13:33:04,740 INFO  client.GrpcClientProtocolService (GrpcClientProtocolService.java:lambda$processClientRequest$0(278)) - Failed RaftClientRequest:client-352D35361D97->localhost_10001@group-DB7CD3B4A7F8, cid=42, seq=0, RW, Message:321f0a0f0a0d74657374...(size=33), reply=RaftClientReply:client-352D35361D97->localhost_10001@group-DB7CD3B4A7F8, cid=42, FAILED org.apache.ratis.protocol.NotLeaderException: Server localhost_10001@group-DB7CD3B4A7F8 is not the leader, logIndex=0, commits[localhost_10001:c-1]
2019-09-26 13:33:04,742 INFO  client.GrpcClientProtocolService (GrpcClientProtocolService.java:lambda$processClientRequest$0(278)) - Failed RaftClientRequest:client-352D35361D97->localhost_10000@group-DB7CD3B4A7F8, cid=42, seq=0, RW, Message:321f0a0f0a0d74657374...(size=33), reply=RaftClientReply:client-352D35361D97->localhost_10000@group-DB7CD3B4A7F8, cid=42, FAILED org.apache.ratis.protocol.NotLeaderException: Server localhost_10000@group-DB7CD3B4A7F8 is not the leader, logIndex=0, commits[localhost_10000:c-1]
2019-09-26 13:33:04,743 INFO  client.GrpcClientProtocolService (GrpcClientProtocolService.java:lambda$processClientRequest$0(278)) - Failed RaftClientRequest:client-352D35361D97->localhost_10001@group-DB7CD3B4A7F8, cid=42, seq=0, RW, Message:321f0a0f0a0d74657374...(size=33), reply=RaftClientReply:client-352D35361D97->localhost_10001@group-DB7CD3B4A7F8, cid=42, FAILED org.apache.ratis.protocol.NotLeaderException: Server localhost_10001@group-DB7CD3B4A7F8 is not the leader, logIndex=0, commits[localhost_10001:c-1]
2019-09-26 13:33:04,744 INFO  client.GrpcClientProtocolService (GrpcClientProtocolService.java:lambda$processClientRequest$0(278)) - Failed RaftClientRequest:client-352D35361D97->localhost_10000@group-DB7CD3B4A7F8, cid=42, seq=0, RW, Message:321f0a0f0a0d74657374...(size=33), reply=RaftClientReply:client-352D35361D97->localhost_10000@group-DB7CD3B4A7F8, cid=42, FAILED org.apache.ratis.protocol.NotLeaderException: Server localhost_10000@group-DB7CD3B4A7F8 is not the leader, logIndex=0, commits[localhost_10000:c-1]
2019-09-26 13:33:04,746 INFO  client.GrpcClientProtocolService (GrpcClientProtocolService.java:lambda$processClientRequest$0(278)) - Failed RaftClientRequest:client-352D35361D97->localhost_10001@group-DB7CD3B4A7F8, cid=42, seq=0, RW, Message:321f0a0f0a0d74657374...(size=33), reply=RaftClientReply:client-352D35361D97->localhost_10001@group-DB7CD3B4A7F8, cid=42, FAILED org.apache.ratis.protocol.NotLeaderException: Server localhost_10001@group-DB7CD3B4A7F8 is not the leader, logIndex=0, commits[localhost_10001:c-1]
2019-09-26 13:33:04,747 INFO  client.GrpcClientProtocolService (GrpcClientProtocolService.java:lambda$processClientRequest$0(278)) - Failed RaftClientRequest:client-352D35361D97->localhost_10002@group-DB7CD3B4A7F8, cid=42, seq=0, RW, Message:321f0a0f0a0d74657374...(size=33), reply=RaftClientReply:client-352D35361D97->localhost_10002@group-DB7CD3B4A7F8, cid=42, FAILED org.apache.ratis.protocol.NotLeaderException: Server localhost_10002@group-DB7CD3B4A7F8 is not the leader, logIndex=0, commits[localhost_10002:c-1]
2019-09-26 13:33:04,749 INFO  client.GrpcClientProtocolService (GrpcClientProtocolService.java:lambda$processClientRequest$0(278)) - Failed RaftClientRequest:client-352D35361D97->localhost_10000@group-DB7CD3B4A7F8, cid=42, seq=0, RW, Message:321f0a0f0a0d74657374...(size=33), reply=RaftClientReply:client-352D35361D97->localhost_10000@group-DB7CD3B4A7F8, cid=42, FAILED org.apache.ratis.protocol.NotLeaderException: Server localhost_10000@group-DB7CD3B4A7F8 is not the leader, logIndex=0, commits[localhost_10000:c-1]
2019-09-26 13:33:04,750 INFO  client.GrpcClientProtocolService (GrpcClientProtocolService.java:lambda$processClientRequest$0(278)) - Failed RaftClientRequest:client-352D35361D97->localhost_10002@group-DB7CD3B4A7F8, cid=42, seq=0, RW, Message:321f0a0f0a0d74657374...(size=33), reply=RaftClientReply:client-352D35361D97->localhost_10002@group-DB7CD3B4A7F8, cid=42, FAILED org.apache.ratis.protocol.NotLeaderException: Server localhost_10002@group-DB7CD3B4A7F8 is not the leader, logIndex=0, commits[localhost_10002:c-1]
2019-09-26 13:33:04,752 INFO  client.GrpcClientProtocolService (GrpcClientProtocolService.java:lambda$processClientRequest$0(278)) - Failed RaftClientRequest:client-352D35361D97->localhost_10001@group-DB7CD3B4A7F8, cid=42, seq=0, RW, Message:321f0a0f0a0d74657374...(size=33), reply=RaftClientReply:client-352D35361D97->localhost_10001@group-DB7CD3B4A7F8, cid=42, FAILED org.apache.ratis.protocol.NotLeaderException: Server localhost_10001@group-DB7CD3B4A7F8 is not the leader, logIndex=0, commits[localhost_10001:c-1]
2019-09-26 13:33:04,753 INFO  client.GrpcClientProtocolService (GrpcClientProtocolService.java:lambda$processClientRequest$0(278)) - Failed RaftClientRequest:client-352D35361D97->localhost_10000@group-DB7CD3B4A7F8, cid=42, seq=0, RW, Message:321f0a0f0a0d74657374...(size=33), reply=RaftClientReply:client-352D35361D97->localhost_10000@group-DB7CD3B4A7F8, cid=42, FAILED org.apache.ratis.protocol.NotLeaderException: Server localhost_10000@group-DB7CD3B4A7F8 is not the leader, logIndex=0, commits[localhost_10000:c-1]
2019-09-26 13:33:04,754 INFO  client.GrpcClientProtocolService (GrpcClientProtocolService.java:lambda$processClientRequest$0(278)) - Failed RaftClientRequest:client-352D35361D97->localhost_10001@group-DB7CD3B4A7F8, cid=42, seq=0, RW, Message:321f0a0f0a0d74657374...(size=33), reply=RaftClientReply:client-352D35361D97->localhost_10001@group-DB7CD3B4A7F8, cid=42, FAILED org.apache.ratis.protocol.NotLeaderException: Server localhost_10001@group-DB7CD3B4A7F8 is not the leader, logIndex=0, commits[localhost_10001:c-1]
2019-09-26 13:33:04,756 INFO  client.GrpcClientProtocolService (GrpcClientProtocolService.java:lambda$processClientRequest$0(278)) - Failed RaftClientRequest:client-352D35361D97->localhost_10002@group-DB7CD3B4A7F8, cid=42, seq=0, RW, Message:321f0a0f0a0d74657374...(size=33), reply=RaftClientReply:client-352D35361D97->localhost_10002@group-DB7CD3B4A7F8, cid=42, FAILED org.apache.ratis.protocol.NotLeaderException: Server localhost_10002@group-DB7CD3B4A7F8 is not the leader, logIndex=0, commits[localhost_10002:c-1]
2019-09-26 13:33:04,757 INFO  client.GrpcClientProtocolService (GrpcClientProtocolService.java:lambda$processClientRequest$0(278)) - Failed RaftClientRequest:client-352D35361D97->localhost_10000@group-DB7CD3B4A7F8, cid=42, seq=0, RW, Message:321f0a0f0a0d74657374...(size=33), reply=RaftClientReply:client-352D35361D97->localhost_10000@group-DB7CD3B4A7F8, cid=42, FAILED org.apache.ratis.protocol.NotLeaderException: Server localhost_10000@group-DB7CD3B4A7F8 is not the leader, logIndex=0, commits[localhost_10000:c-1]
2019-09-26 13:33:04,758 INFO  client.GrpcClientProtocolService (GrpcClientProtocolService.java:lambda$processClientRequest$0(278)) - Failed RaftClientRequest:client-352D35361D97->localhost_10002@group-DB7CD3B4A7F8, cid=42, seq=0, RW, Message:321f0a0f0a0d74657374...(size=33), reply=RaftClientReply:client-352D35361D97->localhost_10002@group-DB7CD3B4A7F8, cid=42, FAILED org.apache.ratis.protocol.NotLeaderException: Server localhost_10002@group-DB7CD3B4A7F8 is not the leader, logIndex=0, commits[localhost_10002:c-1]
2019-09-26 13:33:04,760 INFO  client.GrpcClientProtocolService (GrpcClientProtocolService.java:lambda$processClientRequest$0(278)) - Failed RaftClientRequest:client-352D35361D97->localhost_10000@group-DB7CD3B4A7F8, cid=42, seq=0, RW, Message:321f0a0f0a0d74657374...(size=33), reply=RaftClientReply:client-352D35361D97->localhost_10000@group-DB7CD3B4A7F8, cid=42, FAILED org.apache.ratis.protocol.NotLeaderException: Server localhost_10000@group-DB7CD3B4A7F8 is not the leader, logIndex=0, commits[localhost_10000:c-1]
2019-09-26 13:33:04,761 INFO  client.GrpcClientProtocolService (GrpcClientProtocolService.java:lambda$processClientRequest$0(278)) - Failed RaftClientRequest:client-352D35361D97->localhost_10002@group-DB7CD3B4A7F8, cid=42, seq=0, RW, Message:321f0a0f0a0d74657374...(size=33), reply=RaftClientReply:client-352D35361D97->localhost_10002@group-DB7CD3B4A7F8, cid=42, FAILED org.apache.ratis.protocol.NotLeaderException: Server localhost_10002@group-DB7CD3B4A7F8 is not the leader, logIndex=0, commits[localhost_10002:c-1]
2019-09-26 13:33:04,763 INFO  client.GrpcClientProtocolService (GrpcClientProtocolService.java:lambda$processClientRequest$0(278)) - Failed RaftClientRequest:client-352D35361D97->localhost_10000@group-DB7CD3B4A7F8, cid=42, seq=0, RW, Message:321f0a0f0a0d74657374...(size=33), reply=RaftClientReply:client-352D35361D97->localhost_10000@group-DB7CD3B4A7F8, cid=42, FAILED org.apache.ratis.protocol.NotLeaderException: Server localhost_10000@group-DB7CD3B4A7F8 is not the leader, logIndex=0, commits[localhost_10000:c-1]
2019-09-26 13:33:04,764 INFO  client.GrpcClientProtocolService (GrpcClientProtocolService.java:lambda$processClientRequest$0(278)) - Failed RaftClientRequest:client-352D35361D97->localhost_10002@group-DB7CD3B4A7F8, cid=42, seq=0, RW, Message:321f0a0f0a0d74657374...(size=33), reply=RaftClientReply:client-352D35361D97->localhost_10002@group-DB7CD3B4A7F8, cid=42, FAILED org.apache.ratis.protocol.NotLeaderException: Server localhost_10002@group-DB7CD3B4A7F8 is not the leader, logIndex=0, commits[localhost_10002:c-1]
2019-09-26 13:33:04,765 INFO  client.GrpcClientProtocolService (GrpcClientProtocolService.java:lambda$processClientRequest$0(278)) - Failed RaftClientRequest:client-352D35361D97->localhost_10000@group-DB7CD3B4A7F8, cid=42, seq=0, RW, Message:321f0a0f0a0d74657374...(size=33), reply=RaftClientReply:client-352D35361D97->localhost_10000@group-DB7CD3B4A7F8, cid=42, FAILED org.apache.ratis.protocol.NotLeaderException: Server localhost_10000@group-DB7CD3B4A7F8 is not the leader, logIndex=0, commits[localhost_10000:c-1]
2019-09-26 13:33:04,767 INFO  client.GrpcClientProtocolService (GrpcClientProtocolService.java:lambda$processClientRequest$0(278)) - Failed RaftClientRequest:client-352D35361D97->localhost_10001@group-DB7CD3B4A7F8, cid=42, seq=0, RW, Message:321f0a0f0a0d74657374...(size=33), reply=RaftClientReply:client-352D35361D97->localhost_10001@group-DB7CD3B4A7F8, cid=42, FAILED org.apache.ratis.protocol.NotLeaderException: Server localhost_10001@group-DB7CD3B4A7F8 is not the leader, logIndex=0, commits[localhost_10001:c-1]
2019-09-26 13:33:04,769 INFO  client.GrpcClientProtocolService (GrpcClientProtocolService.java:lambda$processClientRequest$0(278)) - Failed RaftClientRequest:client-352D35361D97->localhost_10000@group-DB7CD3B4A7F8, cid=42, seq=0, RW, Message:321f0a0f0a0d74657374...(size=33), reply=RaftClientReply:client-352D35361D97->localhost_10000@group-DB7CD3B4A7F8, cid=42, FAILED org.apache.ratis.protocol.NotLeaderException: Server localhost_10000@group-DB7CD3B4A7F8 is not the leader, logIndex=0, commits[localhost_10000:c-1]
2019-09-26 13:33:04,770 INFO  client.GrpcClientProtocolService (GrpcClientProtocolService.java:lambda$processClientRequest$0(278)) - Failed RaftClientRequest:client-352D35361D97->localhost_10002@group-DB7CD3B4A7F8, cid=42, seq=0, RW, Message:321f0a0f0a0d74657374...(size=33), reply=RaftClientReply:client-352D35361D97->localhost_10002@group-DB7CD3B4A7F8, cid=42, FAILED org.apache.ratis.protocol.NotLeaderException: Server localhost_10002@group-DB7CD3B4A7F8 is not the leader, logIndex=0, commits[localhost_10002:c-1]
2019-09-26 13:33:04,772 INFO  client.GrpcClientProtocolService (GrpcClientProtocolService.java:lambda$processClientRequest$0(278)) - Failed RaftClientRequest:client-352D35361D97->localhost_10000@group-DB7CD3B4A7F8, cid=42, seq=0, RW, Message:321f0a0f0a0d74657374...(size=33), reply=RaftClientReply:client-352D35361D97->localhost_10000@group-DB7CD3B4A7F8, cid=42, FAILED org.apache.ratis.protocol.NotLeaderException: Server localhost_10000@group-DB7CD3B4A7F8 is not the leader, logIndex=0, commits[localhost_10000:c-1]
2019-09-26 13:33:04,773 INFO  client.GrpcClientProtocolService (GrpcClientProtocolService.java:lambda$processClientRequest$0(278)) - Failed RaftClientRequest:client-352D35361D97->localhost_10002@group-DB7CD3B4A7F8, cid=42, seq=0, RW, Message:321f0a0f0a0d74657374...(size=33), reply=RaftClientReply:client-352D35361D97->localhost_10002@group-DB7CD3B4A7F8, cid=42, FAILED org.apache.ratis.protocol.NotLeaderException: Server localhost_10002@group-DB7CD3B4A7F8 is not the leader, logIndex=0, commits[localhost_10002:c-1]
2019-09-26 13:33:04,775 INFO  client.GrpcClientProtocolService (GrpcClientProtocolService.java:lambda$processClientRequest$0(278)) - Failed RaftClientRequest:client-352D35361D97->localhost_10001@group-DB7CD3B4A7F8, cid=42, seq=0, RW, Message:321f0a0f0a0d74657374...(size=33), reply=RaftClientReply:client-352D35361D97->localhost_10001@group-DB7CD3B4A7F8, cid=42, FAILED org.apache.ratis.protocol.NotLeaderException: Server localhost_10001@group-DB7CD3B4A7F8 is not the leader, logIndex=0, commits[localhost_10001:c-1]
2019-09-26 13:33:04,777 INFO  client.GrpcClientProtocolService (GrpcClientProtocolService.java:lambda$processClientRequest$0(278)) - Failed RaftClientRequest:client-352D35361D97->localhost_10000@group-DB7CD3B4A7F8, cid=42, seq=0, RW, Message:321f0a0f0a0d74657374...(size=33), reply=RaftClientReply:client-352D35361D97->localhost_10000@group-DB7CD3B4A7F8, cid=42, FAILED org.apache.ratis.protocol.NotLeaderException: Server localhost_10000@group-DB7CD3B4A7F8 is not the leader, logIndex=0, commits[localhost_10000:c-1]
2019-09-26 13:33:04,778 INFO  client.GrpcClientProtocolService (GrpcClientProtocolService.java:lambda$processClientRequest$0(278)) - Failed RaftClientRequest:client-352D35361D97->localhost_10001@group-DB7CD3B4A7F8, cid=42, seq=0, RW, Message:321f0a0f0a0d74657374...(size=33), reply=RaftClientReply:client-352D35361D97->localhost_10001@group-DB7CD3B4A7F8, cid=42, FAILED org.apache.ratis.protocol.NotLeaderException: Server localhost_10001@group-DB7CD3B4A7F8 is not the leader, logIndex=0, commits[localhost_10001:c-1]
2019-09-26 13:33:04,780 INFO  client.GrpcClientProtocolService (GrpcClientProtocolService.java:lambda$processClientRequest$0(278)) - Failed RaftClientRequest:client-352D35361D97->localhost_10000@group-DB7CD3B4A7F8, cid=42, seq=0, RW, Message:321f0a0f0a0d74657374...(size=33), reply=RaftClientReply:client-352D35361D97->localhost_10000@group-DB7CD3B4A7F8, cid=42, FAILED org.apache.ratis.protocol.NotLeaderException: Server localhost_10000@group-DB7CD3B4A7F8 is not the leader, logIndex=0, commits[localhost_10000:c-1]
2019-09-26 13:33:04,782 INFO  client.GrpcClientProtocolService (GrpcClientProtocolService.java:lambda$processClientRequest$0(278)) - Failed RaftClientRequest:client-352D35361D97->localhost_10002@group-DB7CD3B4A7F8, cid=42, seq=0, RW, Message:321f0a0f0a0d74657374...(size=33), reply=RaftClientReply:client-352D35361D97->localhost_10002@group-DB7CD3B4A7F8, cid=42, FAILED org.apache.ratis.protocol.NotLeaderException: Server localhost_10002@group-DB7CD3B4A7F8 is not the leader, logIndex=0, commits[localhost_10002:c-1]
2019-09-26 13:33:04,783 INFO  client.GrpcClientProtocolService (GrpcClientProtocolService.java:lambda$processClientRequest$0(278)) - Failed RaftClientRequest:client-352D35361D97->localhost_10000@group-DB7CD3B4A7F8, cid=42, seq=0, RW, Message:321f0a0f0a0d74657374...(size=33), reply=RaftClientReply:client-352D35361D97->localhost_10000@group-DB7CD3B4A7F8, cid=42, FAILED org.apache.ratis.protocol.NotLeaderException: Server localhost_10000@group-DB7CD3B4A7F8 is not the leader, logIndex=0, commits[localhost_10000:c-1]
2019-09-26 13:33:04,785 INFO  client.GrpcClientProtocolService (GrpcClientProtocolService.java:lambda$processClientRequest$0(278)) - Failed RaftClientRequest:client-352D35361D97->localhost_10001@group-DB7CD3B4A7F8, cid=42, seq=0, RW, Message:321f0a0f0a0d74657374...(size=33), reply=RaftClientReply:client-352D35361D97->localhost_10001@group-DB7CD3B4A7F8, cid=42, FAILED org.apache.ratis.protocol.NotLeaderException: Server localhost_10001@group-DB7CD3B4A7F8 is not the leader, logIndex=0, commits[localhost_10001:c-1]
2019-09-26 13:33:04,786 INFO  client.GrpcClientProtocolService (GrpcClientProtocolService.java:lambda$processClientRequest$0(278)) - Failed RaftClientRequest:client-352D35361D97->localhost_10002@group-DB7CD3B4A7F8, cid=42, seq=0, RW, Message:321f0a0f0a0d74657374...(size=33), reply=RaftClientReply:client-352D35361D97->localhost_10002@group-DB7CD3B4A7F8, cid=42, FAILED org.apache.ratis.protocol.NotLeaderException: Server localhost_10002@group-DB7CD3B4A7F8 is not the leader, logIndex=0, commits[localhost_10002:c-1]
2019-09-26 13:33:04,788 INFO  client.GrpcClientProtocolService (GrpcClientProtocolService.java:lambda$processClientRequest$0(278)) - Failed RaftClientRequest:client-352D35361D97->localhost_10000@group-DB7CD3B4A7F8, cid=42, seq=0, RW, Message:321f0a0f0a0d74657374...(size=33), reply=RaftClientReply:client-352D35361D97->localhost_10000@group-DB7CD3B4A7F8, cid=42, FAILED org.apache.ratis.protocol.NotLeaderException: Server localhost_10000@group-DB7CD3B4A7F8 is not the leader, logIndex=0, commits[localhost_10000:c-1]
2019-09-26 13:33:04,789 INFO  client.GrpcClientProtocolService (GrpcClientProtocolService.java:lambda$processClientRequest$0(278)) - Failed RaftClientRequest:client-352D35361D97->localhost_10002@group-DB7CD3B4A7F8, cid=42, seq=0, RW, Message:321f0a0f0a0d74657374...(size=33), reply=RaftClientReply:client-352D35361D97->localhost_10002@group-DB7CD3B4A7F8, cid=42, FAILED org.apache.ratis.protocol.NotLeaderException: Server localhost_10002@group-DB7CD3B4A7F8 is not the leader, logIndex=0, commits[localhost_10002:c-1]
2019-09-26 13:33:04,791 INFO  client.GrpcClientProtocolService (GrpcClientProtocolService.java:lambda$processClientRequest$0(278)) - Failed RaftClientRequest:client-352D35361D97->localhost_10001@group-DB7CD3B4A7F8, cid=42, seq=0, RW, Message:321f0a0f0a0d74657374...(size=33), reply=RaftClientReply:client-352D35361D97->localhost_10001@group-DB7CD3B4A7F8, cid=42, FAILED org.apache.ratis.protocol.NotLeaderException: Server localhost_10001@group-DB7CD3B4A7F8 is not the leader, logIndex=0, commits[localhost_10001:c-1]
2019-09-26 13:33:04,792 INFO  client.GrpcClientProtocolService (GrpcClientProtocolService.java:lambda$processClientRequest$0(278)) - Failed RaftClientRequest:client-352D35361D97->localhost_10002@group-DB7CD3B4A7F8, cid=42, seq=0, RW, Message:321f0a0f0a0d74657374...(size=33), reply=RaftClientReply:client-352D35361D97->localhost_10002@group-DB7CD3B4A7F8, cid=42, FAILED org.apache.ratis.protocol.NotLeaderException: Server localhost_10002@group-DB7CD3B4A7F8 is not the leader, logIndex=0, commits[localhost_10002:c-1]
2019-09-26 13:33:04,794 INFO  client.GrpcClientProtocolService (GrpcClientProtocolService.java:lambda$processClientRequest$0(278)) - Failed RaftClientRequest:client-352D35361D97->localhost_10000@group-DB7CD3B4A7F8, cid=42, seq=0, RW, Message:321f0a0f0a0d74657374...(size=33), reply=RaftClientReply:client-352D35361D97->localhost_10000@group-DB7CD3B4A7F8, cid=42, FAILED org.apache.ratis.protocol.NotLeaderException: Server localhost_10000@group-DB7CD3B4A7F8 is not the leader, logIndex=0, commits[localhost_10000:c-1]
2019-09-26 13:33:04,795 INFO  client.GrpcClientProtocolService (GrpcClientProtocolService.java:lambda$processClientRequest$0(278)) - Failed RaftClientRequest:client-352D35361D97->localhost_10002@group-DB7CD3B4A7F8, cid=42, seq=0, RW, Message:321f0a0f0a0d74657374...(size=33), reply=RaftClientReply:client-352D35361D97->localhost_10002@group-DB7CD3B4A7F8, cid=42, FAILED org.apache.ratis.protocol.NotLeaderException: Server localhost_10002@group-DB7CD3B4A7F8 is not the leader, logIndex=0, commits[localhost_10002:c-1]
2019-09-26 13:33:04,797 INFO  client.GrpcClientProtocolService (GrpcClientProtocolService.java:lambda$processClientRequest$0(278)) - Failed RaftClientRequest:client-352D35361D97->localhost_10000@group-DB7CD3B4A7F8, cid=42, seq=0, RW, Message:321f0a0f0a0d74657374...(size=33), reply=RaftClientReply:client-352D35361D97->localhost_10000@group-DB7CD3B4A7F8, cid=42, FAILED org.apache.ratis.protocol.NotLeaderException: Server localhost_10000@group-DB7CD3B4A7F8 is not the leader, logIndex=0, commits[localhost_10000:c-1]
2019-09-26 13:33:04,798 INFO  client.GrpcClientProtocolService (GrpcClientProtocolService.java:lambda$processClientRequest$0(278)) - Failed RaftClientRequest:client-352D35361D97->localhost_10002@group-DB7CD3B4A7F8, cid=42, seq=0, RW, Message:321f0a0f0a0d74657374...(size=33), reply=RaftClientReply:client-352D35361D97->localhost_10002@group-DB7CD3B4A7F8, cid=42, FAILED org.apache.ratis.protocol.NotLeaderException: Server localhost_10002@group-DB7CD3B4A7F8 is not the leader, logIndex=0, commits[localhost_10002:c-1]
2019-09-26 13:33:04,800 INFO  client.GrpcClientProtocolService (GrpcClientProtocolService.java:lambda$processClientRequest$0(278)) - Failed RaftClientRequest:client-352D35361D97->localhost_10000@group-DB7CD3B4A7F8, cid=42, seq=0, RW, Message:321f0a0f0a0d74657374...(size=33), reply=RaftClientReply:client-352D35361D97->localhost_10000@group-DB7CD3B4A7F8, cid=42, FAILED org.apache.ratis.protocol.NotLeaderException: Server localhost_10000@group-DB7CD3B4A7F8 is not the leader, logIndex=0, commits[localhost_10000:c-1]
2019-09-26 13:33:04,801 INFO  client.GrpcClientProtocolService (GrpcClientProtocolService.java:lambda$processClientRequest$0(278)) - Failed RaftClientRequest:client-352D35361D97->localhost_10001@group-DB7CD3B4A7F8, cid=42, seq=0, RW, Message:321f0a0f0a0d74657374...(size=33), reply=RaftClientReply:client-352D35361D97->localhost_10001@group-DB7CD3B4A7F8, cid=42, FAILED org.apache.ratis.protocol.NotLeaderException: Server localhost_10001@group-DB7CD3B4A7F8 is not the leader, logIndex=0, commits[localhost_10001:c-1]
2019-09-26 13:33:04,803 INFO  client.GrpcClientProtocolService (GrpcClientProtocolService.java:lambda$processClientRequest$0(278)) - Failed RaftClientRequest:client-352D35361D97->localhost_10002@group-DB7CD3B4A7F8, cid=42, seq=0, RW, Message:321f0a0f0a0d74657374...(size=33), reply=RaftClientReply:client-352D35361D97->localhost_10002@group-DB7CD3B4A7F8, cid=42, FAILED org.apache.ratis.protocol.NotLeaderException: Server localhost_10002@group-DB7CD3B4A7F8 is not the leader, logIndex=0, commits[localhost_10002:c-1]
2019-09-26 13:33:04,804 INFO  client.GrpcClientProtocolService (GrpcClientProtocolService.java:lambda$processClientRequest$0(278)) - Failed RaftClientRequest:client-352D35361D97->localhost_10001@group-DB7CD3B4A7F8, cid=42, seq=0, RW, Message:321f0a0f0a0d74657374...(size=33), reply=RaftClientReply:client-352D35361D97->localhost_10001@group-DB7CD3B4A7F8, cid=42, FAILED org.apache.ratis.protocol.NotLeaderException: Server localhost_10001@group-DB7CD3B4A7F8 is not the leader, logIndex=0, commits[localhost_10001:c-1]
2019-09-26 13:33:04,805 INFO  client.GrpcClientProtocolService (GrpcClientProtocolService.java:lambda$processClientRequest$0(278)) - Failed RaftClientRequest:client-352D35361D97->localhost_10002@group-DB7CD3B4A7F8, cid=42, seq=0, RW, Message:321f0a0f0a0d74657374...(size=33), reply=RaftClientReply:client-352D35361D97->localhost_10002@group-DB7CD3B4A7F8, cid=42, FAILED org.apache.ratis.protocol.NotLeaderException: Server localhost_10002@group-DB7CD3B4A7F8 is not the leader, logIndex=0, commits[localhost_10002:c-1]
2019-09-26 13:33:04,807 INFO  client.GrpcClientProtocolService (GrpcClientProtocolService.java:lambda$processClientRequest$0(278)) - Failed RaftClientRequest:client-352D35361D97->localhost_10000@group-DB7CD3B4A7F8, cid=42, seq=0, RW, Message:321f0a0f0a0d74657374...(size=33), reply=RaftClientReply:client-352D35361D97->localhost_10000@group-DB7CD3B4A7F8, cid=42, FAILED org.apache.ratis.protocol.NotLeaderException: Server localhost_10000@group-DB7CD3B4A7F8 is not the leader, logIndex=0, commits[localhost_10000:c-1]
2019-09-26 13:33:04,808 INFO  client.GrpcClientProtocolService (GrpcClientProtocolService.java:lambda$processClientRequest$0(278)) - Failed RaftClientRequest:client-352D35361D97->localhost_10001@group-DB7CD3B4A7F8, cid=42, seq=0, RW, Message:321f0a0f0a0d74657374...(size=33), reply=RaftClientReply:client-352D35361D97->localhost_10001@group-DB7CD3B4A7F8, cid=42, FAILED org.apache.ratis.protocol.NotLeaderException: Server localhost_10001@group-DB7CD3B4A7F8 is not the leader, logIndex=0, commits[localhost_10001:c-1]
2019-09-26 13:33:04,810 INFO  client.GrpcClientProtocolService (GrpcClientProtocolService.java:lambda$processClientRequest$0(278)) - Failed RaftClientRequest:client-352D35361D97->localhost_10002@group-DB7CD3B4A7F8, cid=42, seq=0, RW, Message:321f0a0f0a0d74657374...(size=33), reply=RaftClientReply:client-352D35361D97->localhost_10002@group-DB7CD3B4A7F8, cid=42, FAILED org.apache.ratis.protocol.NotLeaderException: Server localhost_10002@group-DB7CD3B4A7F8 is not the leader, logIndex=0, commits[localhost_10002:c-1]
2019-09-26 13:33:04,811 INFO  client.GrpcClientProtocolService (GrpcClientProtocolService.java:lambda$processClientRequest$0(278)) - Failed RaftClientRequest:client-352D35361D97->localhost_10000@group-DB7CD3B4A7F8, cid=42, seq=0, RW, Message:321f0a0f0a0d74657374...(size=33), reply=RaftClientReply:client-352D35361D97->localhost_10000@group-DB7CD3B4A7F8, cid=42, FAILED org.apache.ratis.protocol.NotLeaderException: Server localhost_10000@group-DB7CD3B4A7F8 is not the leader, logIndex=0, commits[localhost_10000:c-1]
2019-09-26 13:33:04,813 INFO  client.GrpcClientProtocolService (GrpcClientProtocolService.java:lambda$processClientRequest$0(278)) - Failed RaftClientRequest:client-352D35361D97->localhost_10001@group-DB7CD3B4A7F8, cid=42, seq=0, RW, Message:321f0a0f0a0d74657374...(size=33), reply=RaftClientReply:client-352D35361D97->localhost_10001@group-DB7CD3B4A7F8, cid=42, FAILED org.apache.ratis.protocol.NotLeaderException: Server localhost_10001@group-DB7CD3B4A7F8 is not the leader, logIndex=0, commits[localhost_10001:c-1]
2019-09-26 13:33:04,814 INFO  client.GrpcClientProtocolService (GrpcClientProtocolService.java:lambda$processClientRequest$0(278)) - Failed RaftClientRequest:client-352D35361D97->localhost_10000@group-DB7CD3B4A7F8, cid=42, seq=0, RW, Message:321f0a0f0a0d74657374...(size=33), reply=RaftClientReply:client-352D35361D97->localhost_10000@group-DB7CD3B4A7F8, cid=42, FAILED org.apache.ratis.protocol.NotLeaderException: Server localhost_10000@group-DB7CD3B4A7F8 is not the leader, logIndex=0, commits[localhost_10000:c-1]
2019-09-26 13:33:04,816 INFO  client.GrpcClientProtocolService (GrpcClientProtocolService.java:lambda$processClientRequest$0(278)) - Failed RaftClientRequest:client-352D35361D97->localhost_10001@group-DB7CD3B4A7F8, cid=42, seq=0, RW, Message:321f0a0f0a0d74657374...(size=33), reply=RaftClientReply:client-352D35361D97->localhost_10001@group-DB7CD3B4A7F8, cid=42, FAILED org.apache.ratis.protocol.NotLeaderException: Server localhost_10001@group-DB7CD3B4A7F8 is not the leader, logIndex=0, commits[localhost_10001:c-1]
2019-09-26 13:33:04,817 INFO  client.GrpcClientProtocolService (GrpcClientProtocolService.java:lambda$processClientRequest$0(278)) - Failed RaftClientRequest:client-352D35361D97->localhost_10000@group-DB7CD3B4A7F8, cid=42, seq=0, RW, Message:321f0a0f0a0d74657374...(size=33), reply=RaftClientReply:client-352D35361D97->localhost_10000@group-DB7CD3B4A7F8, cid=42, FAILED org.apache.ratis.protocol.NotLeaderException: Server localhost_10000@group-DB7CD3B4A7F8 is not the leader, logIndex=0, commits[localhost_10000:c-1]
2019-09-26 13:33:04,819 INFO  client.GrpcClientProtocolService (GrpcClientProtocolService.java:lambda$processClientRequest$0(278)) - Failed RaftClientRequest:client-352D35361D97->localhost_10002@group-DB7CD3B4A7F8, cid=42, seq=0, RW, Message:321f0a0f0a0d74657374...(size=33), reply=RaftClientReply:client-352D35361D97->localhost_10002@group-DB7CD3B4A7F8, cid=42, FAILED org.apache.ratis.protocol.NotLeaderException: Server localhost_10002@group-DB7CD3B4A7F8 is not the leader, logIndex=0, commits[localhost_10002:c-1]
2019-09-26 13:33:04,820 INFO  client.GrpcClientProtocolService (GrpcClientProtocolService.java:lambda$processClientRequest$0(278)) - Failed RaftClientRequest:client-352D35361D97->localhost_10000@group-DB7CD3B4A7F8, cid=42, seq=0, RW, Message:321f0a0f0a0d74657374...(size=33), reply=RaftClientReply:client-352D35361D97->localhost_10000@group-DB7CD3B4A7F8, cid=42, FAILED org.apache.ratis.protocol.NotLeaderException: Server localhost_10000@group-DB7CD3B4A7F8 is not the leader, logIndex=0, commits[localhost_10000:c-1]
2019-09-26 13:33:04,821 INFO  client.GrpcClientProtocolService (GrpcClientProtocolService.java:lambda$processClientRequest$0(278)) - Failed RaftClientRequest:client-352D35361D97->localhost_10002@group-DB7CD3B4A7F8, cid=42, seq=0, RW, Message:321f0a0f0a0d74657374...(size=33), reply=RaftClientReply:client-352D35361D97->localhost_10002@group-DB7CD3B4A7F8, cid=42, FAILED org.apache.ratis.protocol.NotLeaderException: Server localhost_10002@group-DB7CD3B4A7F8 is not the leader, logIndex=0, commits[localhost_10002:c-1]
2019-09-26 13:33:04,823 INFO  client.GrpcClientProtocolService (GrpcClientProtocolService.java:lambda$processClientRequest$0(278)) - Failed RaftClientRequest:client-352D35361D97->localhost_10000@group-DB7CD3B4A7F8, cid=42, seq=0, RW, Message:321f0a0f0a0d74657374...(size=33), reply=RaftClientReply:client-352D35361D97->localhost_10000@group-DB7CD3B4A7F8, cid=42, FAILED org.apache.ratis.protocol.NotLeaderException: Server localhost_10000@group-DB7CD3B4A7F8 is not the leader, logIndex=0, commits[localhost_10000:c-1]
2019-09-26 13:33:04,824 INFO  client.GrpcClientProtocolService (GrpcClientProtocolService.java:lambda$processClientRequest$0(278)) - Failed RaftClientRequest:client-352D35361D97->localhost_10002@group-DB7CD3B4A7F8, cid=42, seq=0, RW, Message:321f0a0f0a0d74657374...(size=33), reply=RaftClientReply:client-352D35361D97->localhost_10002@group-DB7CD3B4A7F8, cid=42, FAILED org.apache.ratis.protocol.NotLeaderException: Server localhost_10002@group-DB7CD3B4A7F8 is not the leader, logIndex=0, commits[localhost_10002:c-1]
2019-09-26 13:33:04,826 INFO  client.GrpcClientProtocolService (GrpcClientProtocolService.java:lambda$processClientRequest$0(278)) - Failed RaftClientRequest:client-352D35361D97->localhost_10000@group-DB7CD3B4A7F8, cid=42, seq=0, RW, Message:321f0a0f0a0d74657374...(size=33), reply=RaftClientReply:client-352D35361D97->localhost_10000@group-DB7CD3B4A7F8, cid=42, FAILED org.apache.ratis.protocol.NotLeaderException: Server localhost_10000@group-DB7CD3B4A7F8 is not the leader, logIndex=0, commits[localhost_10000:c-1]
2019-09-26 13:33:04,827 INFO  client.GrpcClientProtocolService (GrpcClientProtocolService.java:lambda$processClientRequest$0(278)) - Failed RaftClientRequest:client-352D35361D97->localhost_10001@group-DB7CD3B4A7F8, cid=42, seq=0, RW, Message:321f0a0f0a0d74657374...(size=33), reply=RaftClientReply:client-352D35361D97->localhost_10001@group-DB7CD3B4A7F8, cid=42, FAILED org.apache.ratis.protocol.NotLeaderException: Server localhost_10001@group-DB7CD3B4A7F8 is not the leader, logIndex=0, commits[localhost_10001:c-1]
2019-09-26 13:33:04,829 INFO  client.GrpcClientProtocolService (GrpcClientProtocolService.java:lambda$processClientRequest$0(278)) - Failed RaftClientRequest:client-352D35361D97->localhost_10000@group-DB7CD3B4A7F8, cid=42, seq=0, RW, Message:321f0a0f0a0d74657374...(size=33), reply=RaftClientReply:client-352D35361D97->localhost_10000@group-DB7CD3B4A7F8, cid=42, FAILED org.apache.ratis.protocol.NotLeaderException: Server localhost_10000@group-DB7CD3B4A7F8 is not the leader, logIndex=0, commits[localhost_10000:c-1]
2019-09-26 13:33:04,831 INFO  client.GrpcClientProtocolService (GrpcClientProtocolService.java:lambda$processClientRequest$0(278)) - Failed RaftClientRequest:client-352D35361D97->localhost_10002@group-DB7CD3B4A7F8, cid=42, seq=0, RW, Message:321f0a0f0a0d74657374...(size=33), reply=RaftClientReply:client-352D35361D97->localhost_10002@group-DB7CD3B4A7F8, cid=42, FAILED org.apache.ratis.protocol.NotLeaderException: Server localhost_10002@group-DB7CD3B4A7F8 is not the leader, logIndex=0, commits[localhost_10002:c-1]
2019-09-26 13:33:04,832 INFO  client.GrpcClientProtocolService (GrpcClientProtocolService.java:lambda$processClientRequest$0(278)) - Failed RaftClientRequest:client-352D35361D97->localhost_10000@group-DB7CD3B4A7F8, cid=42, seq=0, RW, Message:321f0a0f0a0d74657374...(size=33), reply=RaftClientReply:client-352D35361D97->localhost_10000@group-DB7CD3B4A7F8, cid=42, FAILED org.apache.ratis.protocol.NotLeaderException: Server localhost_10000@group-DB7CD3B4A7F8 is not the leader, logIndex=0, commits[localhost_10000:c-1]
2019-09-26 13:33:04,834 INFO  client.GrpcClientProtocolService (GrpcClientProtocolService.java:lambda$processClientRequest$0(278)) - Failed RaftClientRequest:client-352D35361D97->localhost_10001@group-DB7CD3B4A7F8, cid=42, seq=0, RW, Message:321f0a0f0a0d74657374...(size=33), reply=RaftClientReply:client-352D35361D97->localhost_10001@group-DB7CD3B4A7F8, cid=42, FAILED org.apache.ratis.protocol.NotLeaderException: Server localhost_10001@group-DB7CD3B4A7F8 is not the leader, logIndex=0, commits[localhost_10001:c-1]
2019-09-26 13:33:04,836 INFO  client.GrpcClientProtocolService (GrpcClientProtocolService.java:lambda$processClientRequest$0(278)) - Failed RaftClientRequest:client-352D35361D97->localhost_10002@group-DB7CD3B4A7F8, cid=42, seq=0, RW, Message:321f0a0f0a0d74657374...(size=33), reply=RaftClientReply:client-352D35361D97->localhost_10002@group-DB7CD3B4A7F8, cid=42, FAILED org.apache.ratis.protocol.NotLeaderException: Server localhost_10002@group-DB7CD3B4A7F8 is not the leader, logIndex=0, commits[localhost_10002:c-1]
2019-09-26 13:33:04,837 INFO  client.GrpcClientProtocolService (GrpcClientProtocolService.java:lambda$processClientRequest$0(278)) - Failed RaftClientRequest:client-352D35361D97->localhost_10001@group-DB7CD3B4A7F8, cid=42, seq=0, RW, Message:321f0a0f0a0d74657374...(size=33), reply=RaftClientReply:client-352D35361D97->localhost_10001@group-DB7CD3B4A7F8, cid=42, FAILED org.apache.ratis.protocol.NotLeaderException: Server localhost_10001@group-DB7CD3B4A7F8 is not the leader, logIndex=0, commits[localhost_10001:c-1]
2019-09-26 13:33:04,839 INFO  client.GrpcClientProtocolService (GrpcClientProtocolService.java:lambda$processClientRequest$0(278)) - Failed RaftClientRequest:client-352D35361D97->localhost_10002@group-DB7CD3B4A7F8, cid=42, seq=0, RW, Message:321f0a0f0a0d74657374...(size=33), reply=RaftClientReply:client-352D35361D97->localhost_10002@group-DB7CD3B4A7F8, cid=42, FAILED org.apache.ratis.protocol.NotLeaderException: Server localhost_10002@group-DB7CD3B4A7F8 is not the leader, logIndex=0, commits[localhost_10002:c-1]
2019-09-26 13:33:04,841 INFO  client.GrpcClientProtocolService (GrpcClientProtocolService.java:lambda$processClientRequest$0(278)) - Failed RaftClientRequest:client-352D35361D97->localhost_10001@group-DB7CD3B4A7F8, cid=42, seq=0, RW, Message:321f0a0f0a0d74657374...(size=33), reply=RaftClientReply:client-352D35361D97->localhost_10001@group-DB7CD3B4A7F8, cid=42, FAILED org.apache.ratis.protocol.NotLeaderException: Server localhost_10001@group-DB7CD3B4A7F8 is not the leader, logIndex=0, commits[localhost_10001:c-1]
2019-09-26 13:33:04,843 INFO  client.GrpcClientProtocolService (GrpcClientProtocolService.java:lambda$processClientRequest$0(278)) - Failed RaftClientRequest:client-352D35361D97->localhost_10000@group-DB7CD3B4A7F8, cid=42, seq=0, RW, Message:321f0a0f0a0d74657374...(size=33), reply=RaftClientReply:client-352D35361D97->localhost_10000@group-DB7CD3B4A7F8, cid=42, FAILED org.apache.ratis.protocol.NotLeaderException: Server localhost_10000@group-DB7CD3B4A7F8 is not the leader, logIndex=0, commits[localhost_10000:c-1]
2019-09-26 13:33:04,844 INFO  client.GrpcClientProtocolService (GrpcClientProtocolService.java:lambda$processClientRequest$0(278)) - Failed RaftClientRequest:client-352D35361D97->localhost_10001@group-DB7CD3B4A7F8, cid=42, seq=0, RW, Message:321f0a0f0a0d74657374...(size=33), reply=RaftClientReply:client-352D35361D97->localhost_10001@group-DB7CD3B4A7F8, cid=42, FAILED org.apache.ratis.protocol.NotLeaderException: Server localhost_10001@group-DB7CD3B4A7F8 is not the leader, logIndex=0, commits[localhost_10001:c-1]
2019-09-26 13:33:04,846 INFO  client.GrpcClientProtocolService (GrpcClientProtocolService.java:lambda$processClientRequest$0(278)) - Failed RaftClientRequest:client-352D35361D97->localhost_10002@group-DB7CD3B4A7F8, cid=42, seq=0, RW, Message:321f0a0f0a0d74657374...(size=33), reply=RaftClientReply:client-352D35361D97->localhost_10002@group-DB7CD3B4A7F8, cid=42, FAILED org.apache.ratis.protocol.NotLeaderException: Server localhost_10002@group-DB7CD3B4A7F8 is not the leader, logIndex=0, commits[localhost_10002:c-1]
2019-09-26 13:33:04,848 INFO  client.GrpcClientProtocolService (GrpcClientProtocolService.java:lambda$processClientRequest$0(278)) - Failed RaftClientRequest:client-352D35361D97->localhost_10001@group-DB7CD3B4A7F8, cid=42, seq=0, RW, Message:321f0a0f0a0d74657374...(size=33), reply=RaftClientReply:client-352D35361D97->localhost_10001@group-DB7CD3B4A7F8, cid=42, FAILED org.apache.ratis.protocol.NotLeaderException: Server localhost_10001@group-DB7CD3B4A7F8 is not the leader, logIndex=0, commits[localhost_10001:c-1]
2019-09-26 13:33:04,850 INFO  client.GrpcClientProtocolService (GrpcClientProtocolService.java:lambda$processClientRequest$0(278)) - Failed RaftClientRequest:client-352D35361D97->localhost_10002@group-DB7CD3B4A7F8, cid=42, seq=0, RW, Message:321f0a0f0a0d74657374...(size=33), reply=RaftClientReply:client-352D35361D97->localhost_10002@group-DB7CD3B4A7F8, cid=42, FAILED org.apache.ratis.protocol.NotLeaderException: Server localhost_10002@group-DB7CD3B4A7F8 is not the leader, logIndex=0, commits[localhost_10002:c-1]
2019-09-26 13:33:04,852 INFO  client.GrpcClientProtocolService (GrpcClientProtocolService.java:lambda$processClientRequest$0(278)) - Failed RaftClientRequest:client-352D35361D97->localhost_10001@group-DB7CD3B4A7F8, cid=42, seq=0, RW, Message:321f0a0f0a0d74657374...(size=33), reply=RaftClientReply:client-352D35361D97->localhost_10001@group-DB7CD3B4A7F8, cid=42, FAILED org.apache.ratis.protocol.NotLeaderException: Server localhost_10001@group-DB7CD3B4A7F8 is not the leader, logIndex=0, commits[localhost_10001:c-1]
2019-09-26 13:33:04,854 INFO  client.GrpcClientProtocolService (GrpcClientProtocolService.java:lambda$processClientRequest$0(278)) - Failed RaftClientRequest:client-352D35361D97->localhost_10000@group-DB7CD3B4A7F8, cid=42, seq=0, RW, Message:321f0a0f0a0d74657374...(size=33), reply=RaftClientReply:client-352D35361D97->localhost_10000@group-DB7CD3B4A7F8, cid=42, FAILED org.apache.ratis.protocol.NotLeaderException: Server localhost_10000@group-DB7CD3B4A7F8 is not the leader, logIndex=0, commits[localhost_10000:c-1]
2019-09-26 13:33:04,856 INFO  client.GrpcClientProtocolService (GrpcClientProtocolService.java:lambda$processClientRequest$0(278)) - Failed RaftClientRequest:client-352D35361D97->localhost_10002@group-DB7CD3B4A7F8, cid=42, seq=0, RW, Message:321f0a0f0a0d74657374...(size=33), reply=RaftClientReply:client-352D35361D97->localhost_10002@group-DB7CD3B4A7F8, cid=42, FAILED org.apache.ratis.protocol.NotLeaderException: Server localhost_10002@group-DB7CD3B4A7F8 is not the leader, logIndex=0, commits[localhost_10002:c-1]
2019-09-26 13:33:04,858 INFO  client.GrpcClientProtocolService (GrpcClientProtocolService.java:lambda$processClientRequest$0(278)) - Failed RaftClientRequest:client-352D35361D97->localhost_10000@group-DB7CD3B4A7F8, cid=42, seq=0, RW, Message:321f0a0f0a0d74657374...(size=33), reply=RaftClientReply:client-352D35361D97->localhost_10000@group-DB7CD3B4A7F8, cid=42, FAILED org.apache.ratis.protocol.NotLeaderException: Server localhost_10000@group-DB7CD3B4A7F8 is not the leader, logIndex=0, commits[localhost_10000:c-1]
2019-09-26 13:33:04,860 INFO  client.GrpcClientProtocolService (GrpcClientProtocolService.java:lambda$processClientRequest$0(278)) - Failed RaftClientRequest:client-352D35361D97->localhost_10002@group-DB7CD3B4A7F8, cid=42, seq=0, RW, Message:321f0a0f0a0d74657374...(size=33), reply=RaftClientReply:client-352D35361D97->localhost_10002@group-DB7CD3B4A7F8, cid=42, FAILED org.apache.ratis.protocol.NotLeaderException: Server localhost_10002@group-DB7CD3B4A7F8 is not the leader, logIndex=0, commits[localhost_10002:c-1]
2019-09-26 13:33:04,862 INFO  client.GrpcClientProtocolService (GrpcClientProtocolService.java:lambda$processClientRequest$0(278)) - Failed RaftClientRequest:client-352D35361D97->localhost_10001@group-DB7CD3B4A7F8, cid=42, seq=0, RW, Message:321f0a0f0a0d74657374...(size=33), reply=RaftClientReply:client-352D35361D97->localhost_10001@group-DB7CD3B4A7F8, cid=42, FAILED org.apache.ratis.protocol.NotLeaderException: Server localhost_10001@group-DB7CD3B4A7F8 is not the leader, logIndex=0, commits[localhost_10001:c-1]
2019-09-26 13:33:04,864 INFO  client.GrpcClientProtocolService (GrpcClientProtocolService.java:lambda$processClientRequest$0(278)) - Failed RaftClientRequest:client-352D35361D97->localhost_10000@group-DB7CD3B4A7F8, cid=42, seq=0, RW, Message:321f0a0f0a0d74657374...(size=33), reply=RaftClientReply:client-352D35361D97->localhost_10000@group-DB7CD3B4A7F8, cid=42, FAILED org.apache.ratis.protocol.NotLeaderException: Server localhost_10000@group-DB7CD3B4A7F8 is not the leader, logIndex=0, commits[localhost_10000:c-1]
2019-09-26 13:33:04,866 INFO  client.GrpcClientProtocolService (GrpcClientProtocolService.java:lambda$processClientRequest$0(278)) - Failed RaftClientRequest:client-352D35361D97->localhost_10001@group-DB7CD3B4A7F8, cid=42, seq=0, RW, Message:321f0a0f0a0d74657374...(size=33), reply=RaftClientReply:client-352D35361D97->localhost_10001@group-DB7CD3B4A7F8, cid=42, FAILED org.apache.ratis.protocol.NotLeaderException: Server localhost_10001@group-DB7CD3B4A7F8 is not the leader, logIndex=0, commits[localhost_10001:c-1]
2019-09-26 13:33:04,867 INFO  client.GrpcClientProtocolService (GrpcClientProtocolService.java:lambda$processClientRequest$0(278)) - Failed RaftClientRequest:client-352D35361D97->localhost_10000@group-DB7CD3B4A7F8, cid=42, seq=0, RW, Message:321f0a0f0a0d74657374...(size=33), reply=RaftClientReply:client-352D35361D97->localhost_10000@group-DB7CD3B4A7F8, cid=42, FAILED org.apache.ratis.protocol.NotLeaderException: Server localhost_10000@group-DB7CD3B4A7F8 is not the leader, logIndex=0, commits[localhost_10000:c-1]
2019-09-26 13:33:04,869 INFO  client.GrpcClientProtocolService (GrpcClientProtocolService.java:lambda$processClientRequest$0(278)) - Failed RaftClientRequest:client-352D35361D97->localhost_10002@group-DB7CD3B4A7F8, cid=42, seq=0, RW, Message:321f0a0f0a0d74657374...(size=33), reply=RaftClientReply:client-352D35361D97->localhost_10002@group-DB7CD3B4A7F8, cid=42, FAILED org.apache.ratis.protocol.NotLeaderException: Server localhost_10002@group-DB7CD3B4A7F8 is not the leader, logIndex=0, commits[localhost_10002:c-1]
2019-09-26 13:33:04,871 INFO  client.GrpcClientProtocolService (GrpcClientProtocolService.java:lambda$processClientRequest$0(278)) - Failed RaftClientRequest:client-352D35361D97->localhost_10001@group-DB7CD3B4A7F8, cid=42, seq=0, RW, Message:321f0a0f0a0d74657374...(size=33), reply=RaftClientReply:client-352D35361D97->localhost_10001@group-DB7CD3B4A7F8, cid=42, FAILED org.apache.ratis.protocol.NotLeaderException: Server localhost_10001@group-DB7CD3B4A7F8 is not the leader, logIndex=0, commits[localhost_10001:c-1]
2019-09-26 13:33:04,873 INFO  client.GrpcClientProtocolService (GrpcClientProtocolService.java:lambda$processClientRequest$0(278)) - Failed RaftClientRequest:client-352D35361D97->localhost_10000@group-DB7CD3B4A7F8, cid=42, seq=0, RW, Message:321f0a0f0a0d74657374...(size=33), reply=RaftClientReply:client-352D35361D97->localhost_10000@group-DB7CD3B4A7F8, cid=42, FAILED org.apache.ratis.protocol.NotLeaderException: Server localhost_10000@group-DB7CD3B4A7F8 is not the leader, logIndex=0, commits[localhost_10000:c-1]
2019-09-26 13:33:04,875 INFO  client.GrpcClientProtocolService (GrpcClientProtocolService.java:lambda$processClientRequest$0(278)) - Failed RaftClientRequest:client-352D35361D97->localhost_10001@group-DB7CD3B4A7F8, cid=42, seq=0, RW, Message:321f0a0f0a0d74657374...(size=33), reply=RaftClientReply:client-352D35361D97->localhost_10001@group-DB7CD3B4A7F8, cid=42, FAILED org.apache.ratis.protocol.NotLeaderException: Server localhost_10001@group-DB7CD3B4A7F8 is not the leader, logIndex=0, commits[localhost_10001:c-1]
2019-09-26 13:33:04,877 INFO  client.GrpcClientProtocolService (GrpcClientProtocolService.java:lambda$processClientRequest$0(278)) - Failed RaftClientRequest:client-352D35361D97->localhost_10000@group-DB7CD3B4A7F8, cid=42, seq=0, RW, Message:321f0a0f0a0d74657374...(size=33), reply=RaftClientReply:client-352D35361D97->localhost_10000@group-DB7CD3B4A7F8, cid=42, FAILED org.apache.ratis.protocol.NotLeaderException: Server localhost_10000@group-DB7CD3B4A7F8 is not the leader, logIndex=0, commits[localhost_10000:c-1]
2019-09-26 13:33:04,879 INFO  client.GrpcClientProtocolService (GrpcClientProtocolService.java:lambda$processClientRequest$0(278)) - Failed RaftClientRequest:client-352D35361D97->localhost_10001@group-DB7CD3B4A7F8, cid=42, seq=0, RW, Message:321f0a0f0a0d74657374...(size=33), reply=RaftClientReply:client-352D35361D97->localhost_10001@group-DB7CD3B4A7F8, cid=42, FAILED org.apache.ratis.protocol.NotLeaderException: Server localhost_10001@group-DB7CD3B4A7F8 is not the leader, logIndex=0, commits[localhost_10001:c-1]
2019-09-26 13:33:04,880 INFO  client.GrpcClientProtocolService (GrpcClientProtocolService.java:lambda$processClientRequest$0(278)) - Failed RaftClientRequest:client-352D35361D97->localhost_10002@group-DB7CD3B4A7F8, cid=42, seq=0, RW, Message:321f0a0f0a0d74657374...(size=33), reply=RaftClientReply:client-352D35361D97->localhost_10002@group-DB7CD3B4A7F8, cid=42, FAILED org.apache.ratis.protocol.NotLeaderException: Server localhost_10002@group-DB7CD3B4A7F8 is not the leader, logIndex=0, commits[localhost_10002:c-1]
2019-09-26 13:33:04,882 INFO  client.GrpcClientProtocolService (GrpcClientProtocolService.java:lambda$processClientRequest$0(278)) - Failed RaftClientRequest:client-352D35361D97->localhost_10001@group-DB7CD3B4A7F8, cid=42, seq=0, RW, Message:321f0a0f0a0d74657374...(size=33), reply=RaftClientReply:client-352D35361D97->localhost_10001@group-DB7CD3B4A7F8, cid=42, FAILED org.apache.ratis.protocol.NotLeaderException: Server localhost_10001@group-DB7CD3B4A7F8 is not the leader, logIndex=0, commits[localhost_10001:c-1]
2019-09-26 13:33:04,884 INFO  client.GrpcClientProtocolService (GrpcClientProtocolService.java:lambda$processClientRequest$0(278)) - Failed RaftClientRequest:client-352D35361D97->localhost_10002@group-DB7CD3B4A7F8, cid=42, seq=0, RW, Message:321f0a0f0a0d74657374...(size=33), reply=RaftClientReply:client-352D35361D97->localhost_10002@group-DB7CD3B4A7F8, cid=42, FAILED org.apache.ratis.protocol.NotLeaderException: Server localhost_10002@group-DB7CD3B4A7F8 is not the leader, logIndex=0, commits[localhost_10002:c-1]
2019-09-26 13:33:04,886 INFO  client.GrpcClientProtocolService (GrpcClientProtocolService.java:lambda$processClientRequest$0(278)) - Failed RaftClientRequest:client-352D35361D97->localhost_10000@group-DB7CD3B4A7F8, cid=42, seq=0, RW, Message:321f0a0f0a0d74657374...(size=33), reply=RaftClientReply:client-352D35361D97->localhost_10000@group-DB7CD3B4A7F8, cid=42, FAILED org.apache.ratis.protocol.NotLeaderException: Server localhost_10000@group-DB7CD3B4A7F8 is not the leader, logIndex=0, commits[localhost_10000:c-1]
2019-09-26 13:33:04,887 INFO  client.GrpcClientProtocolService (GrpcClientProtocolService.java:lambda$processClientRequest$0(278)) - Failed RaftClientRequest:client-352D35361D97->localhost_10002@group-DB7CD3B4A7F8, cid=42, seq=0, RW, Message:321f0a0f0a0d74657374...(size=33), reply=RaftClientReply:client-352D35361D97->localhost_10002@group-DB7CD3B4A7F8, cid=42, FAILED org.apache.ratis.protocol.NotLeaderException: Server localhost_10002@group-DB7CD3B4A7F8 is not the leader, logIndex=0, commits[localhost_10002:c-1]
2019-09-26 13:33:04,889 INFO  client.GrpcClientProtocolService (GrpcClientProtocolService.java:lambda$processClientRequest$0(278)) - Failed RaftClientRequest:client-352D35361D97->localhost_10001@group-DB7CD3B4A7F8, cid=42, seq=0, RW, Message:321f0a0f0a0d74657374...(size=33), reply=RaftClientReply:client-352D35361D97->localhost_10001@group-DB7CD3B4A7F8, cid=42, FAILED org.apache.ratis.protocol.NotLeaderException: Server localhost_10001@group-DB7CD3B4A7F8 is not the leader, logIndex=0, commits[localhost_10001:c-1]
2019-09-26 13:33:04,892 INFO  client.GrpcClientProtocolService (GrpcClientProtocolService.java:lambda$processClientRequest$0(278)) - Failed RaftClientRequest:client-352D35361D97->localhost_10002@group-DB7CD3B4A7F8, cid=42, seq=0, RW, Message:321f0a0f0a0d74657374...(size=33), reply=RaftClientReply:client-352D35361D97->localhost_10002@group-DB7CD3B4A7F8, cid=42, FAILED org.apache.ratis.protocol.NotLeaderException: Server localhost_10002@group-DB7CD3B4A7F8 is not the leader, logIndex=0, commits[localhost_10002:c-1]
2019-09-26 13:33:04,894 INFO  client.GrpcClientProtocolService (GrpcClientProtocolService.java:lambda$processClientRequest$0(278)) - Failed RaftClientRequest:client-352D35361D97->localhost_10001@group-DB7CD3B4A7F8, cid=42, seq=0, RW, Message:321f0a0f0a0d74657374...(size=33), reply=RaftClientReply:client-352D35361D97->localhost_10001@group-DB7CD3B4A7F8, cid=42, FAILED org.apache.ratis.protocol.NotLeaderException: Server localhost_10001@group-DB7CD3B4A7F8 is not the leader, logIndex=0, commits[localhost_10001:c-1]
2019-09-26 13:33:04,896 INFO  client.GrpcClientProtocolService (GrpcClientProtocolService.java:lambda$processClientRequest$0(278)) - Failed RaftClientRequest:client-352D35361D97->localhost_10000@group-DB7CD3B4A7F8, cid=42, seq=0, RW, Message:321f0a0f0a0d74657374...(size=33), reply=RaftClientReply:client-352D35361D97->localhost_10000@group-DB7CD3B4A7F8, cid=42, FAILED org.apache.ratis.protocol.NotLeaderException: Server localhost_10000@group-DB7CD3B4A7F8 is not the leader, logIndex=0, commits[localhost_10000:c-1]
2019-09-26 13:33:04,897 INFO  client.GrpcClientProtocolService (GrpcClientProtocolService.java:lambda$processClientRequest$0(278)) - Failed RaftClientRequest:client-352D35361D97->localhost_10002@group-DB7CD3B4A7F8, cid=42, seq=0, RW, Message:321f0a0f0a0d74657374...(size=33), reply=RaftClientReply:client-352D35361D97->localhost_10002@group-DB7CD3B4A7F8, cid=42, FAILED org.apache.ratis.protocol.NotLeaderException: Server localhost_10002@group-DB7CD3B4A7F8 is not the leader, logIndex=0, commits[localhost_10002:c-1]
2019-09-26 13:33:04,899 INFO  client.GrpcClientProtocolService (GrpcClientProtocolService.java:lambda$processClientRequest$0(278)) - Failed RaftClientRequest:client-352D35361D97->localhost_10000@group-DB7CD3B4A7F8, cid=42, seq=0, RW, Message:321f0a0f0a0d74657374...(size=33), reply=RaftClientReply:client-352D35361D97->localhost_10000@group-DB7CD3B4A7F8, cid=42, FAILED org.apache.ratis.protocol.NotLeaderException: Server localhost_10000@group-DB7CD3B4A7F8 is not the leader, logIndex=0, commits[localhost_10000:c-1]
2019-09-26 13:33:04,900 INFO  client.GrpcClientProtocolService (GrpcClientProtocolService.java:lambda$processClientRequest$0(278)) - Failed RaftClientRequest:client-352D35361D97->localhost_10002@group-DB7CD3B4A7F8, cid=42, seq=0, RW, Message:321f0a0f0a0d74657374...(size=33), reply=RaftClientReply:client-352D35361D97->localhost_10002@group-DB7CD3B4A7F8, cid=42, FAILED org.apache.ratis.protocol.NotLeaderException: Server localhost_10002@group-DB7CD3B4A7F8 is not the leader, logIndex=0, commits[localhost_10002:c-1]
2019-09-26 13:33:04,902 INFO  client.GrpcClientProtocolService (GrpcClientProtocolService.java:lambda$processClientRequest$0(278)) - Failed RaftClientRequest:client-352D35361D97->localhost_10001@group-DB7CD3B4A7F8, cid=42, seq=0, RW, Message:321f0a0f0a0d74657374...(size=33), reply=RaftClientReply:client-352D35361D97->localhost_10001@group-DB7CD3B4A7F8, cid=42, FAILED org.apache.ratis.protocol.NotLeaderException: Server localhost_10001@group-DB7CD3B4A7F8 is not the leader, logIndex=0, commits[localhost_10001:c-1]
2019-09-26 13:33:04,903 INFO  client.GrpcClientProtocolService (GrpcClientProtocolService.java:lambda$processClientRequest$0(278)) - Failed RaftClientRequest:client-352D35361D97->localhost_10000@group-DB7CD3B4A7F8, cid=42, seq=0, RW, Message:321f0a0f0a0d74657374...(size=33), reply=RaftClientReply:client-352D35361D97->localhost_10000@group-DB7CD3B4A7F8, cid=42, FAILED org.apache.ratis.protocol.NotLeaderException: Server localhost_10000@group-DB7CD3B4A7F8 is not the leader, logIndex=0, commits[localhost_10000:c-1]
2019-09-26 13:33:04,905 INFO  client.GrpcClientProtocolService (GrpcClientProtocolService.java:lambda$processClientRequest$0(278)) - Failed RaftClientRequest:client-352D35361D97->localhost_10001@group-DB7CD3B4A7F8, cid=42, seq=0, RW, Message:321f0a0f0a0d74657374...(size=33), reply=RaftClientReply:client-352D35361D97->localhost_10001@group-DB7CD3B4A7F8, cid=42, FAILED org.apache.ratis.protocol.NotLeaderException: Server localhost_10001@group-DB7CD3B4A7F8 is not the leader, logIndex=0, commits[localhost_10001:c-1]
2019-09-26 13:33:04,906 INFO  client.GrpcClientProtocolService (GrpcClientProtocolService.java:lambda$processClientRequest$0(278)) - Failed RaftClientRequest:client-352D35361D97->localhost_10002@group-DB7CD3B4A7F8, cid=42, seq=0, RW, Message:321f0a0f0a0d74657374...(size=33), reply=RaftClientReply:client-352D35361D97->localhost_10002@group-DB7CD3B4A7F8, cid=42, FAILED org.apache.ratis.protocol.NotLeaderException: Server localhost_10002@group-DB7CD3B4A7F8 is not the leader, logIndex=0, commits[localhost_10002:c-1]
2019-09-26 13:33:04,908 INFO  client.GrpcClientProtocolService (GrpcClientProtocolService.java:lambda$processClientRequest$0(278)) - Failed RaftClientRequest:client-352D35361D97->localhost_10001@group-DB7CD3B4A7F8, cid=42, seq=0, RW, Message:321f0a0f0a0d74657374...(size=33), reply=RaftClientReply:client-352D35361D97->localhost_10001@group-DB7CD3B4A7F8, cid=42, FAILED org.apache.ratis.protocol.NotLeaderException: Server localhost_10001@group-DB7CD3B4A7F8 is not the leader, logIndex=0, commits[localhost_10001:c-1]
2019-09-26 13:33:04,910 INFO  client.GrpcClientProtocolService (GrpcClientProtocolService.java:lambda$processClientRequest$0(278)) - Failed RaftClientRequest:client-352D35361D97->localhost_10000@group-DB7CD3B4A7F8, cid=42, seq=0, RW, Message:321f0a0f0a0d74657374...(size=33), reply=RaftClientReply:client-352D35361D97->localhost_10000@group-DB7CD3B4A7F8, cid=42, FAILED org.apache.ratis.protocol.NotLeaderException: Server localhost_10000@group-DB7CD3B4A7F8 is not the leader, logIndex=0, commits[localhost_10000:c-1]
2019-09-26 13:33:04,911 INFO  client.GrpcClientProtocolService (GrpcClientProtocolService.java:lambda$processClientRequest$0(278)) - Failed RaftClientRequest:client-352D35361D97->localhost_10002@group-DB7CD3B4A7F8, cid=42, seq=0, RW, Message:321f0a0f0a0d74657374...(size=33), reply=RaftClientReply:client-352D35361D97->localhost_10002@group-DB7CD3B4A7F8, cid=42, FAILED org.apache.ratis.protocol.NotLeaderException: Server localhost_10002@group-DB7CD3B4A7F8 is not the leader, logIndex=0, commits[localhost_10002:c-1]
2019-09-26 13:33:04,913 INFO  client.GrpcClientProtocolService (GrpcClientProtocolService.java:lambda$processClientRequest$0(278)) - Failed RaftClientRequest:client-352D35361D97->localhost_10000@group-DB7CD3B4A7F8, cid=42, seq=0, RW, Message:321f0a0f0a0d74657374...(size=33), reply=RaftClientReply:client-352D35361D97->localhost_10000@group-DB7CD3B4A7F8, cid=42, FAILED org.apache.ratis.protocol.NotLeaderException: Server localhost_10000@group-DB7CD3B4A7F8 is not the leader, logIndex=0, commits[localhost_10000:c-1]
2019-09-26 13:33:04,914 INFO  client.GrpcClientProtocolService (GrpcClientProtocolService.java:lambda$processClientRequest$0(278)) - Failed RaftClientRequest:client-352D35361D97->localhost_10002@group-DB7CD3B4A7F8, cid=42, seq=0, RW, Message:321f0a0f0a0d74657374...(size=33), reply=RaftClientReply:client-352D35361D97->localhost_10002@group-DB7CD3B4A7F8, cid=42, FAILED org.apache.ratis.protocol.NotLeaderException: Server localhost_10002@group-DB7CD3B4A7F8 is not the leader, logIndex=0, commits[localhost_10002:c-1]
2019-09-26 13:33:04,916 INFO  client.GrpcClientProtocolService (GrpcClientProtocolService.java:lambda$processClientRequest$0(278)) - Failed RaftClientRequest:client-352D35361D97->localhost_10001@group-DB7CD3B4A7F8, cid=42, seq=0, RW, Message:321f0a0f0a0d74657374...(size=33), reply=RaftClientReply:client-352D35361D97->localhost_10001@group-DB7CD3B4A7F8, cid=42, FAILED org.apache.ratis.protocol.NotLeaderException: Server localhost_10001@group-DB7CD3B4A7F8 is not the leader, logIndex=0, commits[localhost_10001:c-1]
2019-09-26 13:33:04,918 INFO  client.GrpcClientProtocolService (GrpcClientProtocolService.java:lambda$processClientRequest$0(278)) - Failed RaftClientRequest:client-352D35361D97->localhost_10002@group-DB7CD3B4A7F8, cid=42, seq=0, RW, Message:321f0a0f0a0d74657374...(size=33), reply=RaftClientReply:client-352D35361D97->localhost_10002@group-DB7CD3B4A7F8, cid=42, FAILED org.apache.ratis.protocol.NotLeaderException: Server localhost_10002@group-DB7CD3B4A7F8 is not the leader, logIndex=0, commits[localhost_10002:c-1]
2019-09-26 13:33:04,920 INFO  client.GrpcClientProtocolService (GrpcClientProtocolService.java:lambda$processClientRequest$0(278)) - Failed RaftClientRequest:client-352D35361D97->localhost_10000@group-DB7CD3B4A7F8, cid=42, seq=0, RW, Message:321f0a0f0a0d74657374...(size=33), reply=RaftClientReply:client-352D35361D97->localhost_10000@group-DB7CD3B4A7F8, cid=42, FAILED org.apache.ratis.protocol.NotLeaderException: Server localhost_10000@group-DB7CD3B4A7F8 is not the leader, logIndex=0, commits[localhost_10000:c-1]
2019-09-26 13:33:04,921 INFO  client.GrpcClientProtocolService (GrpcClientProtocolService.java:lambda$processClientRequest$0(278)) - Failed RaftClientRequest:client-352D35361D97->localhost_10002@group-DB7CD3B4A7F8, cid=42, seq=0, RW, Message:321f0a0f0a0d74657374...(size=33), reply=RaftClientReply:client-352D35361D97->localhost_10002@group-DB7CD3B4A7F8, cid=42, FAILED org.apache.ratis.protocol.NotLeaderException: Server localhost_10002@group-DB7CD3B4A7F8 is not the leader, logIndex=0, commits[localhost_10002:c-1]
2019-09-26 13:33:04,923 INFO  client.GrpcClientProtocolService (GrpcClientProtocolService.java:lambda$processClientRequest$0(278)) - Failed RaftClientRequest:client-352D35361D97->localhost_10001@group-DB7CD3B4A7F8, cid=42, seq=0, RW, Message:321f0a0f0a0d74657374...(size=33), reply=RaftClientReply:client-352D35361D97->localhost_10001@group-DB7CD3B4A7F8, cid=42, FAILED org.apache.ratis.protocol.NotLeaderException: Server localhost_10001@group-DB7CD3B4A7F8 is not the leader, logIndex=0, commits[localhost_10001:c-1]
2019-09-26 13:33:04,925 INFO  client.GrpcClientProtocolService (GrpcClientProtocolService.java:lambda$processClientRequest$0(278)) - Failed RaftClientRequest:client-352D35361D97->localhost_10000@group-DB7CD3B4A7F8, cid=42, seq=0, RW, Message:321f0a0f0a0d74657374...(size=33), reply=RaftClientReply:client-352D35361D97->localhost_10000@group-DB7CD3B4A7F8, cid=42, FAILED org.apache.ratis.protocol.NotLeaderException: Server localhost_10000@group-DB7CD3B4A7F8 is not the leader, logIndex=0, commits[localhost_10000:c-1]
2019-09-26 13:33:04,927 INFO  client.GrpcClientProtocolService (GrpcClientProtocolService.java:lambda$processClientRequest$0(278)) - Failed RaftClientRequest:client-352D35361D97->localhost_10002@group-DB7CD3B4A7F8, cid=42, seq=0, RW, Message:321f0a0f0a0d74657374...(size=33), reply=RaftClientReply:client-352D35361D97->localhost_10002@group-DB7CD3B4A7F8, cid=42, FAILED org.apache.ratis.protocol.NotLeaderException: Server localhost_10002@group-DB7CD3B4A7F8 is not the leader, logIndex=0, commits[localhost_10002:c-1]
2019-09-26 13:33:04,929 INFO  client.GrpcClientProtocolService (GrpcClientProtocolService.java:lambda$processClientRequest$0(278)) - Failed RaftClientRequest:client-352D35361D97->localhost_10000@group-DB7CD3B4A7F8, cid=42, seq=0, RW, Message:321f0a0f0a0d74657374...(size=33), reply=RaftClientReply:client-352D35361D97->localhost_10000@group-DB7CD3B4A7F8, cid=42, FAILED org.apache.ratis.protocol.NotLeaderException: Server localhost_10000@group-DB7CD3B4A7F8 is not the leader, logIndex=0, commits[localhost_10000:c-1]
2019-09-26 13:33:04,930 INFO  client.GrpcClientProtocolService (GrpcClientProtocolService.java:lambda$processClientRequest$0(278)) - Failed RaftClientRequest:client-352D35361D97->localhost_10001@group-DB7CD3B4A7F8, cid=42, seq=0, RW, Message:321f0a0f0a0d74657374...(size=33), reply=RaftClientReply:client-352D35361D97->localhost_10001@group-DB7CD3B4A7F8, cid=42, FAILED org.apache.ratis.protocol.NotLeaderException: Server localhost_10001@group-DB7CD3B4A7F8 is not the leader, logIndex=0, commits[localhost_10001:c-1]
2019-09-26 13:33:04,932 INFO  client.GrpcClientProtocolService (GrpcClientProtocolService.java:lambda$processClientRequest$0(278)) - Failed RaftClientRequest:client-352D35361D97->localhost_10002@group-DB7CD3B4A7F8, cid=42, seq=0, RW, Message:321f0a0f0a0d74657374...(size=33), reply=RaftClientReply:client-352D35361D97->localhost_10002@group-DB7CD3B4A7F8, cid=42, FAILED org.apache.ratis.protocol.NotLeaderException: Server localhost_10002@group-DB7CD3B4A7F8 is not the leader, logIndex=0, commits[localhost_10002:c-1]
2019-09-26 13:33:04,934 INFO  client.GrpcClientProtocolService (GrpcClientProtocolService.java:lambda$processClientRequest$0(278)) - Failed RaftClientRequest:client-352D35361D97->localhost_10000@group-DB7CD3B4A7F8, cid=42, seq=0, RW, Message:321f0a0f0a0d74657374...(size=33), reply=RaftClientReply:client-352D35361D97->localhost_10000@group-DB7CD3B4A7F8, cid=42, FAILED org.apache.ratis.protocol.NotLeaderException: Server localhost_10000@group-DB7CD3B4A7F8 is not the leader, logIndex=0, commits[localhost_10000:c-1]
2019-09-26 13:33:04,936 INFO  client.GrpcClientProtocolService (GrpcClientProtocolService.java:lambda$processClientRequest$0(278)) - Failed RaftClientRequest:client-352D35361D97->localhost_10002@group-DB7CD3B4A7F8, cid=42, seq=0, RW, Message:321f0a0f0a0d74657374...(size=33), reply=RaftClientReply:client-352D35361D97->localhost_10002@group-DB7CD3B4A7F8, cid=42, FAILED org.apache.ratis.protocol.NotLeaderException: Server localhost_10002@group-DB7CD3B4A7F8 is not the leader, logIndex=0, commits[localhost_10002:c-1]
2019-09-26 13:33:04,937 INFO  client.GrpcClientProtocolService (GrpcClientProtocolService.java:lambda$processClientRequest$0(278)) - Failed RaftClientRequest:client-352D35361D97->localhost_10001@group-DB7CD3B4A7F8, cid=42, seq=0, RW, Message:321f0a0f0a0d74657374...(size=33), reply=RaftClientReply:client-352D35361D97->localhost_10001@group-DB7CD3B4A7F8, cid=42, FAILED org.apache.ratis.protocol.NotLeaderException: Server localhost_10001@group-DB7CD3B4A7F8 is not the leader, logIndex=0, commits[localhost_10001:c-1]
2019-09-26 13:33:04,939 INFO  client.GrpcClientProtocolService (GrpcClientProtocolService.java:lambda$processClientRequest$0(278)) - Failed RaftClientRequest:client-352D35361D97->localhost_10000@group-DB7CD3B4A7F8, cid=42, seq=0, RW, Message:321f0a0f0a0d74657374...(size=33), reply=RaftClientReply:client-352D35361D97->localhost_10000@group-DB7CD3B4A7F8, cid=42, FAILED org.apache.ratis.protocol.NotLeaderException: Server localhost_10000@group-DB7CD3B4A7F8 is not the leader, logIndex=0, commits[localhost_10000:c-1]
2019-09-26 13:33:04,941 INFO  client.GrpcClientProtocolService (GrpcClientProtocolService.java:lambda$processClientRequest$0(278)) - Failed RaftClientRequest:client-352D35361D97->localhost_10002@group-DB7CD3B4A7F8, cid=42, seq=0, RW, Message:321f0a0f0a0d74657374...(size=33), reply=RaftClientReply:client-352D35361D97->localhost_10002@group-DB7CD3B4A7F8, cid=42, FAILED org.apache.ratis.protocol.NotLeaderException: Server localhost_10002@group-DB7CD3B4A7F8 is not the leader, logIndex=0, commits[localhost_10002:c-1]
2019-09-26 13:33:04,942 INFO  client.GrpcClientProtocolService (GrpcClientProtocolService.java:lambda$processClientRequest$0(278)) - Failed RaftClientRequest:client-352D35361D97->localhost_10001@group-DB7CD3B4A7F8, cid=42, seq=0, RW, Message:321f0a0f0a0d74657374...(size=33), reply=RaftClientReply:client-352D35361D97->localhost_10001@group-DB7CD3B4A7F8, cid=42, FAILED org.apache.ratis.protocol.NotLeaderException: Server localhost_10001@group-DB7CD3B4A7F8 is not the leader, logIndex=0, commits[localhost_10001:c-1]
2019-09-26 13:33:04,944 INFO  client.GrpcClientProtocolService (GrpcClientProtocolService.java:lambda$processClientRequest$0(278)) - Failed RaftClientRequest:client-352D35361D97->localhost_10002@group-DB7CD3B4A7F8, cid=42, seq=0, RW, Message:321f0a0f0a0d74657374...(size=33), reply=RaftClientReply:client-352D35361D97->localhost_10002@group-DB7CD3B4A7F8, cid=42, FAILED org.apache.ratis.protocol.NotLeaderException: Server localhost_10002@group-DB7CD3B4A7F8 is not the leader, logIndex=0, commits[localhost_10002:c-1]
2019-09-26 13:33:04,946 INFO  client.GrpcClientProtocolService (GrpcClientProtocolService.java:lambda$processClientRequest$0(278)) - Failed RaftClientRequest:client-352D35361D97->localhost_10001@group-DB7CD3B4A7F8, cid=42, seq=0, RW, Message:321f0a0f0a0d74657374...(size=33), reply=RaftClientReply:client-352D35361D97->localhost_10001@group-DB7CD3B4A7F8, cid=42, FAILED org.apache.ratis.protocol.NotLeaderException: Server localhost_10001@group-DB7CD3B4A7F8 is not the leader, logIndex=0, commits[localhost_10001:c-1]
2019-09-26 13:33:04,947 INFO  client.GrpcClientProtocolService (GrpcClientProtocolService.java:lambda$processClientRequest$0(278)) - Failed RaftClientRequest:client-352D35361D97->localhost_10002@group-DB7CD3B4A7F8, cid=42, seq=0, RW, Message:321f0a0f0a0d74657374...(size=33), reply=RaftClientReply:client-352D35361D97->localhost_10002@group-DB7CD3B4A7F8, cid=42, FAILED org.apache.ratis.protocol.NotLeaderException: Server localhost_10002@group-DB7CD3B4A7F8 is not the leader, logIndex=0, commits[localhost_10002:c-1]
2019-09-26 13:33:04,949 INFO  client.GrpcClientProtocolService (GrpcClientProtocolService.java:lambda$processClientRequest$0(278)) - Failed RaftClientRequest:client-352D35361D97->localhost_10001@group-DB7CD3B4A7F8, cid=42, seq=0, RW, Message:321f0a0f0a0d74657374...(size=33), reply=RaftClientReply:client-352D35361D97->localhost_10001@group-DB7CD3B4A7F8, cid=42, FAILED org.apache.ratis.protocol.NotLeaderException: Server localhost_10001@group-DB7CD3B4A7F8 is not the leader, logIndex=0, commits[localhost_10001:c-1]
2019-09-26 13:33:04,951 INFO  client.GrpcClientProtocolService (GrpcClientProtocolService.java:lambda$processClientRequest$0(278)) - Failed RaftClientRequest:client-352D35361D97->localhost_10002@group-DB7CD3B4A7F8, cid=42, seq=0, RW, Message:321f0a0f0a0d74657374...(size=33), reply=RaftClientReply:client-352D35361D97->localhost_10002@group-DB7CD3B4A7F8, cid=42, FAILED org.apache.ratis.protocol.NotLeaderException: Server localhost_10002@group-DB7CD3B4A7F8 is not the leader, logIndex=0, commits[localhost_10002:c-1]
2019-09-26 13:33:04,953 INFO  client.GrpcClientProtocolService (GrpcClientProtocolService.java:lambda$processClientRequest$0(278)) - Failed RaftClientRequest:client-352D35361D97->localhost_10001@group-DB7CD3B4A7F8, cid=42, seq=0, RW, Message:321f0a0f0a0d74657374...(size=33), reply=RaftClientReply:client-352D35361D97->localhost_10001@group-DB7CD3B4A7F8, cid=42, FAILED org.apache.ratis.protocol.NotLeaderException: Server localhost_10001@group-DB7CD3B4A7F8 is not the leader, logIndex=0, commits[localhost_10001:c-1]
2019-09-26 13:33:04,954 INFO  client.GrpcClientProtocolService (GrpcClientProtocolService.java:lambda$processClientRequest$0(278)) - Failed RaftClientRequest:client-352D35361D97->localhost_10002@group-DB7CD3B4A7F8, cid=42, seq=0, RW, Message:321f0a0f0a0d74657374...(size=33), reply=RaftClientReply:client-352D35361D97->localhost_10002@group-DB7CD3B4A7F8, cid=42, FAILED org.apache.ratis.protocol.NotLeaderException: Server localhost_10002@group-DB7CD3B4A7F8 is not the leader, logIndex=0, commits[localhost_10002:c-1]
2019-09-26 13:33:04,956 INFO  client.GrpcClientProtocolService (GrpcClientProtocolService.java:lambda$processClientRequest$0(278)) - Failed RaftClientRequest:client-352D35361D97->localhost_10001@group-DB7CD3B4A7F8, cid=42, seq=0, RW, Message:321f0a0f0a0d74657374...(size=33), reply=RaftClientReply:client-352D35361D97->localhost_10001@group-DB7CD3B4A7F8, cid=42, FAILED org.apache.ratis.protocol.NotLeaderException: Server localhost_10001@group-DB7CD3B4A7F8 is not the leader, logIndex=0, commits[localhost_10001:c-1]
2019-09-26 13:33:04,957 INFO  client.GrpcClientProtocolService (GrpcClientProtocolService.java:lambda$processClientRequest$0(278)) - Failed RaftClientRequest:client-352D35361D97->localhost_10000@group-DB7CD3B4A7F8, cid=42, seq=0, RW, Message:321f0a0f0a0d74657374...(size=33), reply=RaftClientReply:client-352D35361D97->localhost_10000@group-DB7CD3B4A7F8, cid=42, FAILED org.apache.ratis.protocol.NotLeaderException: Server localhost_10000@group-DB7CD3B4A7F8 is not the leader, logIndex=0, commits[localhost_10000:c-1]
2019-09-26 13:33:04,959 INFO  client.GrpcClientProtocolService (GrpcClientProtocolService.java:lambda$processClientRequest$0(278)) - Failed RaftClientRequest:client-352D35361D97->localhost_10002@group-DB7CD3B4A7F8, cid=42, seq=0, RW, Message:321f0a0f0a0d74657374...(size=33), reply=RaftClientReply:client-352D35361D97->localhost_10002@group-DB7CD3B4A7F8, cid=42, FAILED org.apache.ratis.protocol.NotLeaderException: Server localhost_10002@group-DB7CD3B4A7F8 is not the leader, logIndex=0, commits[localhost_10002:c-1]
2019-09-26 13:33:04,961 INFO  client.GrpcClientProtocolService (GrpcClientProtocolService.java:lambda$processClientRequest$0(278)) - Failed RaftClientRequest:client-352D35361D97->localhost_10000@group-DB7CD3B4A7F8, cid=42, seq=0, RW, Message:321f0a0f0a0d74657374...(size=33), reply=RaftClientReply:client-352D35361D97->localhost_10000@group-DB7CD3B4A7F8, cid=42, FAILED org.apache.ratis.protocol.NotLeaderException: Server localhost_10000@group-DB7CD3B4A7F8 is not the leader, logIndex=0, commits[localhost_10000:c-1]
2019-09-26 13:33:04,962 INFO  client.GrpcClientProtocolService (GrpcClientProtocolService.java:lambda$processClientRequest$0(278)) - Failed RaftClientRequest:client-352D35361D97->localhost_10001@group-DB7CD3B4A7F8, cid=42, seq=0, RW, Message:321f0a0f0a0d74657374...(size=33), reply=RaftClientReply:client-352D35361D97->localhost_10001@group-DB7CD3B4A7F8, cid=42, FAILED org.apache.ratis.protocol.NotLeaderException: Server localhost_10001@group-DB7CD3B4A7F8 is not the leader, logIndex=0, commits[localhost_10001:c-1]
2019-09-26 13:33:04,963 INFO  client.GrpcClientProtocolService (GrpcClientProtocolService.java:lambda$processClientRequest$0(278)) - Failed RaftClientRequest:client-352D35361D97->localhost_10002@group-DB7CD3B4A7F8, cid=42, seq=0, RW, Message:321f0a0f0a0d74657374...(size=33), reply=RaftClientReply:client-352D35361D97->localhost_10002@group-DB7CD3B4A7F8, cid=42, FAILED org.apache.ratis.protocol.NotLeaderException: Server localhost_10002@group-DB7CD3B4A7F8 is not the leader, logIndex=0, commits[localhost_10002:c-1]
2019-09-26 13:33:04,965 INFO  client.GrpcClientProtocolService (GrpcClientProtocolService.java:lambda$processClientRequest$0(278)) - Failed RaftClientRequest:client-352D35361D97->localhost_10001@group-DB7CD3B4A7F8, cid=42, seq=0, RW, Message:321f0a0f0a0d74657374...(size=33), reply=RaftClientReply:client-352D35361D97->localhost_10001@group-DB7CD3B4A7F8, cid=42, FAILED org.apache.ratis.protocol.NotLeaderException: Server localhost_10001@group-DB7CD3B4A7F8 is not the leader, logIndex=0, commits[localhost_10001:c-1]
2019-09-26 13:33:04,966 INFO  client.GrpcClientProtocolService (GrpcClientProtocolService.java:lambda$processClientRequest$0(278)) - Failed RaftClientRequest:client-352D35361D97->localhost_10000@group-DB7CD3B4A7F8, cid=42, seq=0, RW, Message:321f0a0f0a0d74657374...(size=33), reply=RaftClientReply:client-352D35361D97->localhost_10000@group-DB7CD3B4A7F8, cid=42, FAILED org.apache.ratis.protocol.NotLeaderException: Server localhost_10000@group-DB7CD3B4A7F8 is not the leader, logIndex=0, commits[localhost_10000:c-1]
2019-09-26 13:33:04,968 INFO  client.GrpcClientProtocolService (GrpcClientProtocolService.java:lambda$processClientRequest$0(278)) - Failed RaftClientRequest:client-352D35361D97->localhost_10002@group-DB7CD3B4A7F8, cid=42, seq=0, RW, Message:321f0a0f0a0d74657374...(size=33), reply=RaftClientReply:client-352D35361D97->localhost_10002@group-DB7CD3B4A7F8, cid=42, FAILED org.apache.ratis.protocol.NotLeaderException: Server localhost_10002@group-DB7CD3B4A7F8 is not the leader, logIndex=0, commits[localhost_10002:c-1]
2019-09-26 13:33:04,969 INFO  client.GrpcClientProtocolService (GrpcClientProtocolService.java:lambda$processClientRequest$0(278)) - Failed RaftClientRequest:client-352D35361D97->localhost_10001@group-DB7CD3B4A7F8, cid=42, seq=0, RW, Message:321f0a0f0a0d74657374...(size=33), reply=RaftClientReply:client-352D35361D97->localhost_10001@group-DB7CD3B4A7F8, cid=42, FAILED org.apache.ratis.protocol.NotLeaderException: Server localhost_10001@group-DB7CD3B4A7F8 is not the leader, logIndex=0, commits[localhost_10001:c-1]
2019-09-26 13:33:04,971 INFO  client.GrpcClientProtocolService (GrpcClientProtocolService.java:lambda$processClientRequest$0(278)) - Failed RaftClientRequest:client-352D35361D97->localhost_10002@group-DB7CD3B4A7F8, cid=42, seq=0, RW, Message:321f0a0f0a0d74657374...(size=33), reply=RaftClientReply:client-352D35361D97->localhost_10002@group-DB7CD3B4A7F8, cid=42, FAILED org.apache.ratis.protocol.NotLeaderException: Server localhost_10002@group-DB7CD3B4A7F8 is not the leader, logIndex=0, commits[localhost_10002:c-1]
2019-09-26 13:33:04,972 INFO  client.GrpcClientProtocolService (GrpcClientProtocolService.java:lambda$processClientRequest$0(278)) - Failed RaftClientRequest:client-352D35361D97->localhost_10000@group-DB7CD3B4A7F8, cid=42, seq=0, RW, Message:321f0a0f0a0d74657374...(size=33), reply=RaftClientReply:client-352D35361D97->localhost_10000@group-DB7CD3B4A7F8, cid=42, FAILED org.apache.ratis.protocol.NotLeaderException: Server localhost_10000@group-DB7CD3B4A7F8 is not the leader, logIndex=0, commits[localhost_10000:c-1]
2019-09-26 13:33:04,974 INFO  client.GrpcClientProtocolService (GrpcClientProtocolService.java:lambda$processClientRequest$0(278)) - Failed RaftClientRequest:client-352D35361D97->localhost_10001@group-DB7CD3B4A7F8, cid=42, seq=0, RW, Message:321f0a0f0a0d74657374...(size=33), reply=RaftClientReply:client-352D35361D97->localhost_10001@group-DB7CD3B4A7F8, cid=42, FAILED org.apache.ratis.protocol.NotLeaderException: Server localhost_10001@group-DB7CD3B4A7F8 is not the leader, logIndex=0, commits[localhost_10001:c-1]
2019-09-26 13:33:04,975 INFO  client.GrpcClientProtocolService (GrpcClientProtocolService.java:lambda$processClientRequest$0(278)) - Failed RaftClientRequest:client-352D35361D97->localhost_10000@group-DB7CD3B4A7F8, cid=42, seq=0, RW, Message:321f0a0f0a0d74657374...(size=33), reply=RaftClientReply:client-352D35361D97->localhost_10000@group-DB7CD3B4A7F8, cid=42, FAILED org.apache.ratis.protocol.NotLeaderException: Server localhost_10000@group-DB7CD3B4A7F8 is not the leader, logIndex=0, commits[localhost_10000:c-1]
2019-09-26 13:33:04,977 INFO  client.GrpcClientProtocolService (GrpcClientProtocolService.java:lambda$processClientRequest$0(278)) - Failed RaftClientRequest:client-352D35361D97->localhost_10002@group-DB7CD3B4A7F8, cid=42, seq=0, RW, Message:321f0a0f0a0d74657374...(size=33), reply=RaftClientReply:client-352D35361D97->localhost_10002@group-DB7CD3B4A7F8, cid=42, FAILED org.apache.ratis.protocol.NotLeaderException: Server localhost_10002@group-DB7CD3B4A7F8 is not the leader, logIndex=0, commits[localhost_10002:c-1]
2019-09-26 13:33:04,978 INFO  client.GrpcClientProtocolService (GrpcClientProtocolService.java:lambda$processClientRequest$0(278)) - Failed RaftClientRequest:client-352D35361D97->localhost_10001@group-DB7CD3B4A7F8, cid=42, seq=0, RW, Message:321f0a0f0a0d74657374...(size=33), reply=RaftClientReply:client-352D35361D97->localhost_10001@group-DB7CD3B4A7F8, cid=42, FAILED org.apache.ratis.protocol.NotLeaderException: Server localhost_10001@group-DB7CD3B4A7F8 is not the leader, logIndex=0, commits[localhost_10001:c-1]
2019-09-26 13:33:04,980 INFO  client.GrpcClientProtocolService (GrpcClientProtocolService.java:lambda$processClientRequest$0(278)) - Failed RaftClientRequest:client-352D35361D97->localhost_10000@group-DB7CD3B4A7F8, cid=42, seq=0, RW, Message:321f0a0f0a0d74657374...(size=33), reply=RaftClientReply:client-352D35361D97->localhost_10000@group-DB7CD3B4A7F8, cid=42, FAILED org.apache.ratis.protocol.NotLeaderException: Server localhost_10000@group-DB7CD3B4A7F8 is not the leader, logIndex=0, commits[localhost_10000:c-1]
2019-09-26 13:33:04,982 INFO  client.GrpcClientProtocolService (GrpcClientProtocolService.java:lambda$processClientRequest$0(278)) - Failed RaftClientRequest:client-352D35361D97->localhost_10001@group-DB7CD3B4A7F8, cid=42, seq=0, RW, Message:321f0a0f0a0d74657374...(size=33), reply=RaftClientReply:client-352D35361D97->localhost_10001@group-DB7CD3B4A7F8, cid=42, FAILED org.apache.ratis.protocol.NotLeaderException: Server localhost_10001@group-DB7CD3B4A7F8 is not the leader, logIndex=0, commits[localhost_10001:c-1]
2019-09-26 13:33:04,983 INFO  client.GrpcClientProtocolService (GrpcClientProtocolService.java:lambda$processClientRequest$0(278)) - Failed RaftClientRequest:client-352D35361D97->localhost_10002@group-DB7CD3B4A7F8, cid=42, seq=0, RW, Message:321f0a0f0a0d74657374...(size=33), reply=RaftClientReply:client-352D35361D97->localhost_10002@group-DB7CD3B4A7F8, cid=42, FAILED org.apache.ratis.protocol.NotLeaderException: Server localhost_10002@group-DB7CD3B4A7F8 is not the leader, logIndex=0, commits[localhost_10002:c-1]
2019-09-26 13:33:04,985 INFO  client.GrpcClientProtocolService (GrpcClientProtocolService.java:lambda$processClientRequest$0(278)) - Failed RaftClientRequest:client-352D35361D97->localhost_10001@group-DB7CD3B4A7F8, cid=42, seq=0, RW, Message:321f0a0f0a0d74657374...(size=33), reply=RaftClientReply:client-352D35361D97->localhost_10001@group-DB7CD3B4A7F8, cid=42, FAILED org.apache.ratis.protocol.NotLeaderException: Server localhost_10001@group-DB7CD3B4A7F8 is not the leader, logIndex=0, commits[localhost_10001:c-1]
2019-09-26 13:33:04,986 INFO  client.GrpcClientProtocolService (GrpcClientProtocolService.java:lambda$processClientRequest$0(278)) - Failed RaftClientRequest:client-352D35361D97->localhost_10000@group-DB7CD3B4A7F8, cid=42, seq=0, RW, Message:321f0a0f0a0d74657374...(size=33), reply=RaftClientReply:client-352D35361D97->localhost_10000@group-DB7CD3B4A7F8, cid=42, FAILED org.apache.ratis.protocol.NotLeaderException: Server localhost_10000@group-DB7CD3B4A7F8 is not the leader, logIndex=0, commits[localhost_10000:c-1]
2019-09-26 13:33:04,988 INFO  client.GrpcClientProtocolService (GrpcClientProtocolService.java:lambda$processClientRequest$0(278)) - Failed RaftClientRequest:client-352D35361D97->localhost_10002@group-DB7CD3B4A7F8, cid=42, seq=0, RW, Message:321f0a0f0a0d74657374...(size=33), reply=RaftClientReply:client-352D35361D97->localhost_10002@group-DB7CD3B4A7F8, cid=42, FAILED org.apache.ratis.protocol.NotLeaderException: Server localhost_10002@group-DB7CD3B4A7F8 is not the leader, logIndex=0, commits[localhost_10002:c-1]
2019-09-26 13:33:04,989 INFO  client.GrpcClientProtocolService (GrpcClientProtocolService.java:lambda$processClientRequest$0(278)) - Failed RaftClientRequest:client-352D35361D97->localhost_10000@group-DB7CD3B4A7F8, cid=42, seq=0, RW, Message:321f0a0f0a0d74657374...(size=33), reply=RaftClientReply:client-352D35361D97->localhost_10000@group-DB7CD3B4A7F8, cid=42, FAILED org.apache.ratis.protocol.NotLeaderException: Server localhost_10000@group-DB7CD3B4A7F8 is not the leader, logIndex=0, commits[localhost_10000:c-1]
2019-09-26 13:33:04,991 INFO  client.GrpcClientProtocolService (GrpcClientProtocolService.java:lambda$processClientRequest$0(278)) - Failed RaftClientRequest:client-352D35361D97->localhost_10002@group-DB7CD3B4A7F8, cid=42, seq=0, RW, Message:321f0a0f0a0d74657374...(size=33), reply=RaftClientReply:client-352D35361D97->localhost_10002@group-DB7CD3B4A7F8, cid=42, FAILED org.apache.ratis.protocol.NotLeaderException: Server localhost_10002@group-DB7CD3B4A7F8 is not the leader, logIndex=0, commits[localhost_10002:c-1]
2019-09-26 13:33:04,992 INFO  client.GrpcClientProtocolService (GrpcClientProtocolService.java:lambda$processClientRequest$0(278)) - Failed RaftClientRequest:client-352D35361D97->localhost_10001@group-DB7CD3B4A7F8, cid=42, seq=0, RW, Message:321f0a0f0a0d74657374...(size=33), reply=RaftClientReply:client-352D35361D97->localhost_10001@group-DB7CD3B4A7F8, cid=42, FAILED org.apache.ratis.protocol.NotLeaderException: Server localhost_10001@group-DB7CD3B4A7F8 is not the leader, logIndex=0, commits[localhost_10001:c-1]
2019-09-26 13:33:04,994 INFO  client.GrpcClientProtocolService (GrpcClientProtocolService.java:lambda$processClientRequest$0(278)) - Failed RaftClientRequest:client-352D35361D97->localhost_10000@group-DB7CD3B4A7F8, cid=42, seq=0, RW, Message:321f0a0f0a0d74657374...(size=33), reply=RaftClientReply:client-352D35361D97->localhost_10000@group-DB7CD3B4A7F8, cid=42, FAILED org.apache.ratis.protocol.NotLeaderException: Server localhost_10000@group-DB7CD3B4A7F8 is not the leader, logIndex=0, commits[localhost_10000:c-1]
2019-09-26 13:33:04,995 INFO  client.GrpcClientProtocolService (GrpcClientProtocolService.java:lambda$processClientRequest$0(278)) - Failed RaftClientRequest:client-352D35361D97->localhost_10002@group-DB7CD3B4A7F8, cid=42, seq=0, RW, Message:321f0a0f0a0d74657374...(size=33), reply=RaftClientReply:client-352D35361D97->localhost_10002@group-DB7CD3B4A7F8, cid=42, FAILED org.apache.ratis.protocol.NotLeaderException: Server localhost_10002@group-DB7CD3B4A7F8 is not the leader, logIndex=0, commits[localhost_10002:c-1]
2019-09-26 13:33:04,997 INFO  client.GrpcClientProtocolService (GrpcClientProtocolService.java:lambda$processClientRequest$0(278)) - Failed RaftClientRequest:client-352D35361D97->localhost_10001@group-DB7CD3B4A7F8, cid=42, seq=0, RW, Message:321f0a0f0a0d74657374...(size=33), reply=RaftClientReply:client-352D35361D97->localhost_10001@group-DB7CD3B4A7F8, cid=42, FAILED org.apache.ratis.protocol.NotLeaderException: Server localhost_10001@group-DB7CD3B4A7F8 is not the leader, logIndex=0, commits[localhost_10001:c-1]
2019-09-26 13:33:04,998 INFO  client.GrpcClientProtocolService (GrpcClientProtocolService.java:lambda$processClientRequest$0(278)) - Failed RaftClientRequest:client-352D35361D97->localhost_10000@group-DB7CD3B4A7F8, cid=42, seq=0, RW, Message:321f0a0f0a0d74657374...(size=33), reply=RaftClientReply:client-352D35361D97->localhost_10000@group-DB7CD3B4A7F8, cid=42, FAILED org.apache.ratis.protocol.NotLeaderException: Server localhost_10000@group-DB7CD3B4A7F8 is not the leader, logIndex=0, commits[localhost_10000:c-1]
2019-09-26 13:33:05,000 INFO  client.GrpcClientProtocolService (GrpcClientProtocolService.java:lambda$processClientRequest$0(278)) - Failed RaftClientRequest:client-352D35361D97->localhost_10002@group-DB7CD3B4A7F8, cid=42, seq=0, RW, Message:321f0a0f0a0d74657374...(size=33), reply=RaftClientReply:client-352D35361D97->localhost_10002@group-DB7CD3B4A7F8, cid=42, FAILED org.apache.ratis.protocol.NotLeaderException: Server localhost_10002@group-DB7CD3B4A7F8 is not the leader, logIndex=0, commits[localhost_10002:c-1]
2019-09-26 13:33:05,001 INFO  client.GrpcClientProtocolService (GrpcClientProtocolService.java:lambda$processClientRequest$0(278)) - Failed RaftClientRequest:client-352D35361D97->localhost_10001@group-DB7CD3B4A7F8, cid=42, seq=0, RW, Message:321f0a0f0a0d74657374...(size=33), reply=RaftClientReply:client-352D35361D97->localhost_10001@group-DB7CD3B4A7F8, cid=42, FAILED org.apache.ratis.protocol.NotLeaderException: Server localhost_10001@group-DB7CD3B4A7F8 is not the leader, logIndex=0, commits[localhost_10001:c-1]
2019-09-26 13:33:05,003 INFO  client.GrpcClientProtocolService (GrpcClientProtocolService.java:lambda$processClientRequest$0(278)) - Failed RaftClientRequest:client-352D35361D97->localhost_10000@group-DB7CD3B4A7F8, cid=42, seq=0, RW, Message:321f0a0f0a0d74657374...(size=33), reply=RaftClientReply:client-352D35361D97->localhost_10000@group-DB7CD3B4A7F8, cid=42, FAILED org.apache.ratis.protocol.NotLeaderException: Server localhost_10000@group-DB7CD3B4A7F8 is not the leader, logIndex=0, commits[localhost_10000:c-1]
2019-09-26 13:33:05,004 INFO  client.GrpcClientProtocolService (GrpcClientProtocolService.java:lambda$processClientRequest$0(278)) - Failed RaftClientRequest:client-352D35361D97->localhost_10001@group-DB7CD3B4A7F8, cid=42, seq=0, RW, Message:321f0a0f0a0d74657374...(size=33), reply=RaftClientReply:client-352D35361D97->localhost_10001@group-DB7CD3B4A7F8, cid=42, FAILED org.apache.ratis.protocol.NotLeaderException: Server localhost_10001@group-DB7CD3B4A7F8 is not the leader, logIndex=0, commits[localhost_10001:c-1]
2019-09-26 13:33:05,006 INFO  client.GrpcClientProtocolService (GrpcClientProtocolService.java:lambda$processClientRequest$0(278)) - Failed RaftClientRequest:client-352D35361D97->localhost_10002@group-DB7CD3B4A7F8, cid=42, seq=0, RW, Message:321f0a0f0a0d74657374...(size=33), reply=RaftClientReply:client-352D35361D97->localhost_10002@group-DB7CD3B4A7F8, cid=42, FAILED org.apache.ratis.protocol.NotLeaderException: Server localhost_10002@group-DB7CD3B4A7F8 is not the leader, logIndex=0, commits[localhost_10002:c-1]
2019-09-26 13:33:05,008 INFO  client.GrpcClientProtocolService (GrpcClientProtocolService.java:lambda$processClientRequest$0(278)) - Failed RaftClientRequest:client-352D35361D97->localhost_10000@group-DB7CD3B4A7F8, cid=42, seq=0, RW, Message:321f0a0f0a0d74657374...(size=33), reply=RaftClientReply:client-352D35361D97->localhost_10000@group-DB7CD3B4A7F8, cid=42, FAILED org.apache.ratis.protocol.NotLeaderException: Server localhost_10000@group-DB7CD3B4A7F8 is not the leader, logIndex=0, commits[localhost_10000:c-1]
2019-09-26 13:33:05,009 INFO  client.GrpcClientProtocolService (GrpcClientProtocolService.java:lambda$processClientRequest$0(278)) - Failed RaftClientRequest:client-352D35361D97->localhost_10001@group-DB7CD3B4A7F8, cid=42, seq=0, RW, Message:321f0a0f0a0d74657374...(size=33), reply=RaftClientReply:client-352D35361D97->localhost_10001@group-DB7CD3B4A7F8, cid=42, FAILED org.apache.ratis.protocol.NotLeaderException: Server localhost_10001@group-DB7CD3B4A7F8 is not the leader, logIndex=0, commits[localhost_10001:c-1]
2019-09-26 13:33:05,011 INFO  client.GrpcClientProtocolService (GrpcClientProtocolService.java:lambda$processClientRequest$0(278)) - Failed RaftClientRequest:client-352D35361D97->localhost_10002@group-DB7CD3B4A7F8, cid=42, seq=0, RW, Message:321f0a0f0a0d74657374...(size=33), reply=RaftClientReply:client-352D35361D97->localhost_10002@group-DB7CD3B4A7F8, cid=42, FAILED org.apache.ratis.protocol.NotLeaderException: Server localhost_10002@group-DB7CD3B4A7F8 is not the leader, logIndex=0, commits[localhost_10002:c-1]
2019-09-26 13:33:05,013 INFO  client.GrpcClientProtocolService (GrpcClientProtocolService.java:lambda$processClientRequest$0(278)) - Failed RaftClientRequest:client-352D35361D97->localhost_10000@group-DB7CD3B4A7F8, cid=42, seq=0, RW, Message:321f0a0f0a0d74657374...(size=33), reply=RaftClientReply:client-352D35361D97->localhost_10000@group-DB7CD3B4A7F8, cid=42, FAILED org.apache.ratis.protocol.NotLeaderException: Server localhost_10000@group-DB7CD3B4A7F8 is not the leader, logIndex=0, commits[localhost_10000:c-1]
2019-09-26 13:33:05,014 INFO  client.GrpcClientProtocolService (GrpcClientProtocolService.java:lambda$processClientRequest$0(278)) - Failed RaftClientRequest:client-352D35361D97->localhost_10001@group-DB7CD3B4A7F8, cid=42, seq=0, RW, Message:321f0a0f0a0d74657374...(size=33), reply=RaftClientReply:client-352D35361D97->localhost_10001@group-DB7CD3B4A7F8, cid=42, FAILED org.apache.ratis.protocol.NotLeaderException: Server localhost_10001@group-DB7CD3B4A7F8 is not the leader, logIndex=0, commits[localhost_10001:c-1]
2019-09-26 13:33:05,016 INFO  client.GrpcClientProtocolService (GrpcClientProtocolService.java:lambda$processClientRequest$0(278)) - Failed RaftClientRequest:client-352D35361D97->localhost_10000@group-DB7CD3B4A7F8, cid=42, seq=0, RW, Message:321f0a0f0a0d74657374...(size=33), reply=RaftClientReply:client-352D35361D97->localhost_10000@group-DB7CD3B4A7F8, cid=42, FAILED org.apache.ratis.protocol.NotLeaderException: Server localhost_10000@group-DB7CD3B4A7F8 is not the leader, logIndex=0, commits[localhost_10000:c-1]
2019-09-26 13:33:05,017 INFO  client.GrpcClientProtocolService (GrpcClientProtocolService.java:lambda$processClientRequest$0(278)) - Failed RaftClientRequest:client-352D35361D97->localhost_10002@group-DB7CD3B4A7F8, cid=42, seq=0, RW, Message:321f0a0f0a0d74657374...(size=33), reply=RaftClientReply:client-352D35361D97->localhost_10002@group-DB7CD3B4A7F8, cid=42, FAILED org.apache.ratis.protocol.NotLeaderException: Server localhost_10002@group-DB7CD3B4A7F8 is not the leader, logIndex=0, commits[localhost_10002:c-1]
2019-09-26 13:33:05,019 INFO  client.GrpcClientProtocolService (GrpcClientProtocolService.java:lambda$processClientRequest$0(278)) - Failed RaftClientRequest:client-352D35361D97->localhost_10000@group-DB7CD3B4A7F8, cid=42, seq=0, RW, Message:321f0a0f0a0d74657374...(size=33), reply=RaftClientReply:client-352D35361D97->localhost_10000@group-DB7CD3B4A7F8, cid=42, FAILED org.apache.ratis.protocol.NotLeaderException: Server localhost_10000@group-DB7CD3B4A7F8 is not the leader, logIndex=0, commits[localhost_10000:c-1]
2019-09-26 13:33:05,021 INFO  client.GrpcClientProtocolService (GrpcClientProtocolService.java:lambda$processClientRequest$0(278)) - Failed RaftClientRequest:client-352D35361D97->localhost_10002@group-DB7CD3B4A7F8, cid=42, seq=0, RW, Message:321f0a0f0a0d74657374...(size=33), reply=RaftClientReply:client-352D35361D97->localhost_10002@group-DB7CD3B4A7F8, cid=42, FAILED org.apache.ratis.protocol.NotLeaderException: Server localhost_10002@group-DB7CD3B4A7F8 is not the leader, logIndex=0, commits[localhost_10002:c-1]
2019-09-26 13:33:05,022 INFO  client.GrpcClientProtocolService (GrpcClientProtocolService.java:lambda$processClientRequest$0(278)) - Failed RaftClientRequest:client-352D35361D97->localhost_10000@group-DB7CD3B4A7F8, cid=42, seq=0, RW, Message:321f0a0f0a0d74657374...(size=33), reply=RaftClientReply:client-352D35361D97->localhost_10000@group-DB7CD3B4A7F8, cid=42, FAILED org.apache.ratis.protocol.NotLeaderException: Server localhost_10000@group-DB7CD3B4A7F8 is not the leader, logIndex=0, commits[localhost_10000:c-1]
2019-09-26 13:33:05,024 INFO  client.GrpcClientProtocolService (GrpcClientProtocolService.java:lambda$processClientRequest$0(278)) - Failed RaftClientRequest:client-352D35361D97->localhost_10002@group-DB7CD3B4A7F8, cid=42, seq=0, RW, Message:321f0a0f0a0d74657374...(size=33), reply=RaftClientReply:client-352D35361D97->localhost_10002@group-DB7CD3B4A7F8, cid=42, FAILED org.apache.ratis.protocol.NotLeaderException: Server localhost_10002@group-DB7CD3B4A7F8 is not the leader, logIndex=0, commits[localhost_10002:c-1]
2019-09-26 13:33:05,026 INFO  client.GrpcClientProtocolService (GrpcClientProtocolService.java:lambda$processClientRequest$0(278)) - Failed RaftClientRequest:client-352D35361D97->localhost_10000@group-DB7CD3B4A7F8, cid=42, seq=0, RW, Message:321f0a0f0a0d74657374...(size=33), reply=RaftClientReply:client-352D35361D97->localhost_10000@group-DB7CD3B4A7F8, cid=42, FAILED org.apache.ratis.protocol.NotLeaderException: Server localhost_10000@group-DB7CD3B4A7F8 is not the leader, logIndex=0, commits[localhost_10000:c-1]
2019-09-26 13:33:05,027 INFO  client.GrpcClientProtocolService (GrpcClientProtocolService.java:lambda$processClientRequest$0(278)) - Failed RaftClientRequest:client-352D35361D97->localhost_10002@group-DB7CD3B4A7F8, cid=42, seq=0, RW, Message:321f0a0f0a0d74657374...(size=33), reply=RaftClientReply:client-352D35361D97->localhost_10002@group-DB7CD3B4A7F8, cid=42, FAILED org.apache.ratis.protocol.NotLeaderException: Server localhost_10002@group-DB7CD3B4A7F8 is not the leader, logIndex=0, commits[localhost_10002:c-1]
2019-09-26 13:33:05,029 INFO  client.GrpcClientProtocolService (GrpcClientProtocolService.java:lambda$processClientRequest$0(278)) - Failed RaftClientRequest:client-352D35361D97->localhost_10001@group-DB7CD3B4A7F8, cid=42, seq=0, RW, Message:321f0a0f0a0d74657374...(size=33), reply=RaftClientReply:client-352D35361D97->localhost_10001@group-DB7CD3B4A7F8, cid=42, FAILED org.apache.ratis.protocol.NotLeaderException: Server localhost_10001@group-DB7CD3B4A7F8 is not the leader, logIndex=0, commits[localhost_10001:c-1]
2019-09-26 13:33:05,030 INFO  client.GrpcClientProtocolService (GrpcClientProtocolService.java:lambda$processClientRequest$0(278)) - Failed RaftClientRequest:client-352D35361D97->localhost_10000@group-DB7CD3B4A7F8, cid=42, seq=0, RW, Message:321f0a0f0a0d74657374...(size=33), reply=RaftClientReply:client-352D35361D97->localhost_10000@group-DB7CD3B4A7F8, cid=42, FAILED org.apache.ratis.protocol.NotLeaderException: Server localhost_10000@group-DB7CD3B4A7F8 is not the leader, logIndex=0, commits[localhost_10000:c-1]
2019-09-26 13:33:05,032 INFO  client.GrpcClientProtocolService (GrpcClientProtocolService.java:lambda$processClientRequest$0(278)) - Failed RaftClientRequest:client-352D35361D97->localhost_10001@group-DB7CD3B4A7F8, cid=42, seq=0, RW, Message:321f0a0f0a0d74657374...(size=33), reply=RaftClientReply:client-352D35361D97->localhost_10001@group-DB7CD3B4A7F8, cid=42, FAILED org.apache.ratis.protocol.NotLeaderException: Server localhost_10001@group-DB7CD3B4A7F8 is not the leader, logIndex=0, commits[localhost_10001:c-1]
2019-09-26 13:33:05,034 INFO  client.GrpcClientProtocolService (GrpcClientProtocolService.java:lambda$processClientRequest$0(278)) - Failed RaftClientRequest:client-352D35361D97->localhost_10002@group-DB7CD3B4A7F8, cid=42, seq=0, RW, Message:321f0a0f0a0d74657374...(size=33), reply=RaftClientReply:client-352D35361D97->localhost_10002@group-DB7CD3B4A7F8, cid=42, FAILED org.apache.ratis.protocol.NotLeaderException: Server localhost_10002@group-DB7CD3B4A7F8 is not the leader, logIndex=0, commits[localhost_10002:c-1]
2019-09-26 13:33:05,035 INFO  client.GrpcClientProtocolService (GrpcClientProtocolService.java:lambda$processClientRequest$0(278)) - Failed RaftClientRequest:client-352D35361D97->localhost_10000@group-DB7CD3B4A7F8, cid=42, seq=0, RW, Message:321f0a0f0a0d74657374...(size=33), reply=RaftClientReply:client-352D35361D97->localhost_10000@group-DB7CD3B4A7F8, cid=42, FAILED org.apache.ratis.protocol.NotLeaderException: Server localhost_10000@group-DB7CD3B4A7F8 is not the leader, logIndex=0, commits[localhost_10000:c-1]
2019-09-26 13:33:05,037 INFO  client.GrpcClientProtocolService (GrpcClientProtocolService.java:lambda$processClientRequest$0(278)) - Failed RaftClientRequest:client-352D35361D97->localhost_10001@group-DB7CD3B4A7F8, cid=42, seq=0, RW, Message:321f0a0f0a0d74657374...(size=33), reply=RaftClientReply:client-352D35361D97->localhost_10001@group-DB7CD3B4A7F8, cid=42, FAILED org.apache.ratis.protocol.NotLeaderException: Server localhost_10001@group-DB7CD3B4A7F8 is not the leader, logIndex=0, commits[localhost_10001:c-1]
2019-09-26 13:33:05,038 INFO  client.GrpcClientProtocolService (GrpcClientProtocolService.java:lambda$processClientRequest$0(278)) - Failed RaftClientRequest:client-352D35361D97->localhost_10002@group-DB7CD3B4A7F8, cid=42, seq=0, RW, Message:321f0a0f0a0d74657374...(size=33), reply=RaftClientReply:client-352D35361D97->localhost_10002@group-DB7CD3B4A7F8, cid=42, FAILED org.apache.ratis.protocol.NotLeaderException: Server localhost_10002@group-DB7CD3B4A7F8 is not the leader, logIndex=0, commits[localhost_10002:c-1]
2019-09-26 13:33:05,039 INFO  client.GrpcClientProtocolService (GrpcClientProtocolService.java:lambda$processClientRequest$0(278)) - Failed RaftClientRequest:client-352D35361D97->localhost_10001@group-DB7CD3B4A7F8, cid=42, seq=0, RW, Message:321f0a0f0a0d74657374...(size=33), reply=RaftClientReply:client-352D35361D97->localhost_10001@group-DB7CD3B4A7F8, cid=42, FAILED org.apache.ratis.protocol.NotLeaderException: Server localhost_10001@group-DB7CD3B4A7F8 is not the leader, logIndex=0, commits[localhost_10001:c-1]
2019-09-26 13:33:05,041 INFO  client.GrpcClientProtocolService (GrpcClientProtocolService.java:lambda$processClientRequest$0(278)) - Failed RaftClientRequest:client-352D35361D97->localhost_10002@group-DB7CD3B4A7F8, cid=42, seq=0, RW, Message:321f0a0f0a0d74657374...(size=33), reply=RaftClientReply:client-352D35361D97->localhost_10002@group-DB7CD3B4A7F8, cid=42, FAILED org.apache.ratis.protocol.NotLeaderException: Server localhost_10002@group-DB7CD3B4A7F8 is not the leader, logIndex=0, commits[localhost_10002:c-1]
2019-09-26 13:33:05,042 INFO  client.GrpcClientProtocolService (GrpcClientProtocolService.java:lambda$processClientRequest$0(278)) - Failed RaftClientRequest:client-352D35361D97->localhost_10001@group-DB7CD3B4A7F8, cid=42, seq=0, RW, Message:321f0a0f0a0d74657374...(size=33), reply=RaftClientReply:client-352D35361D97->localhost_10001@group-DB7CD3B4A7F8, cid=42, FAILED org.apache.ratis.protocol.NotLeaderException: Server localhost_10001@group-DB7CD3B4A7F8 is not the leader, logIndex=0, commits[localhost_10001:c-1]
2019-09-26 13:33:05,044 INFO  client.GrpcClientProtocolService (GrpcClientProtocolService.java:lambda$processClientRequest$0(278)) - Failed RaftClientRequest:client-352D35361D97->localhost_10002@group-DB7CD3B4A7F8, cid=42, seq=0, RW, Message:321f0a0f0a0d74657374...(size=33), reply=RaftClientReply:client-352D35361D97->localhost_10002@group-DB7CD3B4A7F8, cid=42, FAILED org.apache.ratis.protocol.NotLeaderException: Server localhost_10002@group-DB7CD3B4A7F8 is not the leader, logIndex=0, commits[localhost_10002:c-1]
2019-09-26 13:33:05,045 INFO  client.GrpcClientProtocolService (GrpcClientProtocolService.java:lambda$processClientRequest$0(278)) - Failed RaftClientRequest:client-352D35361D97->localhost_10000@group-DB7CD3B4A7F8, cid=42, seq=0, RW, Message:321f0a0f0a0d74657374...(size=33), reply=RaftClientReply:client-352D35361D97->localhost_10000@group-DB7CD3B4A7F8, cid=42, FAILED org.apache.ratis.protocol.NotLeaderException: Server localhost_10000@group-DB7CD3B4A7F8 is not the leader, logIndex=0, commits[localhost_10000:c-1]
2019-09-26 13:33:05,047 INFO  client.GrpcClientProtocolService (GrpcClientProtocolService.java:lambda$processClientRequest$0(278)) - Failed RaftClientRequest:client-352D35361D97->localhost_10002@group-DB7CD3B4A7F8, cid=42, seq=0, RW, Message:321f0a0f0a0d74657374...(size=33), reply=RaftClientReply:client-352D35361D97->localhost_10002@group-DB7CD3B4A7F8, cid=42, FAILED org.apache.ratis.protocol.NotLeaderException: Server localhost_10002@group-DB7CD3B4A7F8 is not the leader, logIndex=0, commits[localhost_10002:c-1]
2019-09-26 13:33:05,048 INFO  client.GrpcClientProtocolService (GrpcClientProtocolService.java:lambda$processClientRequest$0(278)) - Failed RaftClientRequest:client-352D35361D97->localhost_10000@group-DB7CD3B4A7F8, cid=42, seq=0, RW, Message:321f0a0f0a0d74657374...(size=33), reply=RaftClientReply:client-352D35361D97->localhost_10000@group-DB7CD3B4A7F8, cid=42, FAILED org.apache.ratis.protocol.NotLeaderException: Server localhost_10000@group-DB7CD3B4A7F8 is not the leader, logIndex=0, commits[localhost_10000:c-1]
2019-09-26 13:33:05,050 INFO  client.GrpcClientProtocolService (GrpcClientProtocolService.java:lambda$processClientRequest$0(278)) - Failed RaftClientRequest:client-352D35361D97->localhost_10001@group-DB7CD3B4A7F8, cid=42, seq=0, RW, Message:321f0a0f0a0d74657374...(size=33), reply=RaftClientReply:client-352D35361D97->localhost_10001@group-DB7CD3B4A7F8, cid=42, FAILED org.apache.ratis.protocol.NotLeaderException: Server localhost_10001@group-DB7CD3B4A7F8 is not the leader, logIndex=0, commits[localhost_10001:c-1]
2019-09-26 13:33:05,051 INFO  client.GrpcClientProtocolService (GrpcClientProtocolService.java:lambda$processClientRequest$0(278)) - Failed RaftClientRequest:client-352D35361D97->localhost_10000@group-DB7CD3B4A7F8, cid=42, seq=0, RW, Message:321f0a0f0a0d74657374...(size=33), reply=RaftClientReply:client-352D35361D97->localhost_10000@group-DB7CD3B4A7F8, cid=42, FAILED org.apache.ratis.protocol.NotLeaderException: Server localhost_10000@group-DB7CD3B4A7F8 is not the leader, logIndex=0, commits[localhost_10000:c-1]
2019-09-26 13:33:05,053 INFO  client.GrpcClientProtocolService (GrpcClientProtocolService.java:lambda$processClientRequest$0(278)) - Failed RaftClientRequest:client-352D35361D97->localhost_10002@group-DB7CD3B4A7F8, cid=42, seq=0, RW, Message:321f0a0f0a0d74657374...(size=33), reply=RaftClientReply:client-352D35361D97->localhost_10002@group-DB7CD3B4A7F8, cid=42, FAILED org.apache.ratis.protocol.NotLeaderException: Server localhost_10002@group-DB7CD3B4A7F8 is not the leader, logIndex=0, commits[localhost_10002:c-1]
2019-09-26 13:33:05,054 INFO  client.GrpcClientProtocolService (GrpcClientProtocolService.java:lambda$processClientRequest$0(278)) - Failed RaftClientRequest:client-352D35361D97->localhost_10000@group-DB7CD3B4A7F8, cid=42, seq=0, RW, Message:321f0a0f0a0d74657374...(size=33), reply=RaftClientReply:client-352D35361D97->localhost_10000@group-DB7CD3B4A7F8, cid=42, FAILED org.apache.ratis.protocol.NotLeaderException: Server localhost_10000@group-DB7CD3B4A7F8 is not the leader, logIndex=0, commits[localhost_10000:c-1]
2019-09-26 13:33:05,056 INFO  client.GrpcClientProtocolService (GrpcClientProtocolService.java:lambda$processClientRequest$0(278)) - Failed RaftClientRequest:client-352D35361D97->localhost_10001@group-DB7CD3B4A7F8, cid=42, seq=0, RW, Message:321f0a0f0a0d74657374...(size=33), reply=RaftClientReply:client-352D35361D97->localhost_10001@group-DB7CD3B4A7F8, cid=42, FAILED org.apache.ratis.protocol.NotLeaderException: Server localhost_10001@group-DB7CD3B4A7F8 is not the leader, logIndex=0, commits[localhost_10001:c-1]
2019-09-26 13:33:05,057 INFO  client.GrpcClientProtocolService (GrpcClientProtocolService.java:lambda$processClientRequest$0(278)) - Failed RaftClientRequest:client-352D35361D97->localhost_10002@group-DB7CD3B4A7F8, cid=42, seq=0, RW, Message:321f0a0f0a0d74657374...(size=33), reply=RaftClientReply:client-352D35361D97->localhost_10002@group-DB7CD3B4A7F8, cid=42, FAILED org.apache.ratis.protocol.NotLeaderException: Server localhost_10002@group-DB7CD3B4A7F8 is not the leader, logIndex=0, commits[localhost_10002:c-1]
2019-09-26 13:33:05,059 INFO  client.GrpcClientProtocolService (GrpcClientProtocolService.java:lambda$processClientRequest$0(278)) - Failed RaftClientRequest:client-352D35361D97->localhost_10001@group-DB7CD3B4A7F8, cid=42, seq=0, RW, Message:321f0a0f0a0d74657374...(size=33), reply=RaftClientReply:client-352D35361D97->localhost_10001@group-DB7CD3B4A7F8, cid=42, FAILED org.apache.ratis.protocol.NotLeaderException: Server localhost_10001@group-DB7CD3B4A7F8 is not the leader, logIndex=0, commits[localhost_10001:c-1]
2019-09-26 13:33:05,061 INFO  client.GrpcClientProtocolService (GrpcClientProtocolService.java:lambda$processClientRequest$0(278)) - Failed RaftClientRequest:client-352D35361D97->localhost_10002@group-DB7CD3B4A7F8, cid=42, seq=0, RW, Message:321f0a0f0a0d74657374...(size=33), reply=RaftClientReply:client-352D35361D97->localhost_10002@group-DB7CD3B4A7F8, cid=42, FAILED org.apache.ratis.protocol.NotLeaderException: Server localhost_10002@group-DB7CD3B4A7F8 is not the leader, logIndex=0, commits[localhost_10002:c-1]
2019-09-26 13:33:05,063 INFO  client.GrpcClientProtocolService (GrpcClientProtocolService.java:lambda$processClientRequest$0(278)) - Failed RaftClientRequest:client-352D35361D97->localhost_10001@group-DB7CD3B4A7F8, cid=42, seq=0, RW, Message:321f0a0f0a0d74657374...(size=33), reply=RaftClientReply:client-352D35361D97->localhost_10001@group-DB7CD3B4A7F8, cid=42, FAILED org.apache.ratis.protocol.NotLeaderException: Server localhost_10001@group-DB7CD3B4A7F8 is not the leader, logIndex=0, commits[localhost_10001:c-1]
2019-09-26 13:33:05,065 INFO  client.GrpcClientProtocolService (GrpcClientProtocolService.java:lambda$processClientRequest$0(278)) - Failed RaftClientRequest:client-352D35361D97->localhost_10000@group-DB7CD3B4A7F8, cid=42, seq=0, RW, Message:321f0a0f0a0d74657374...(size=33), reply=RaftClientReply:client-352D35361D97->localhost_10000@group-DB7CD3B4A7F8, cid=42, FAILED org.apache.ratis.protocol.NotLeaderException: Server localhost_10000@group-DB7CD3B4A7F8 is not the leader, logIndex=0, commits[localhost_10000:c-1]
2019-09-26 13:33:05,066 INFO  segmented.SegmentedRaftLogWorker (SegmentedRaftLogWorker.java:execute(569)) - localhost_10002@group-1AEEAFD5F380-SegmentedRaftLogWorker: created new log segment /workdir/ratis-logservice/target/test/data/f1e1e06e/workers/2/dc186790-e7ab-44a3-8004-1aeeafd5f380/current/log_inprogress_0
2019-09-26 13:33:05,066 INFO  segmented.SegmentedRaftLogWorker (SegmentedRaftLogWorker.java:execute(569)) - localhost_10001@group-1AEEAFD5F380-SegmentedRaftLogWorker: created new log segment /workdir/ratis-logservice/target/test/data/f1e1e06e/workers/1/dc186790-e7ab-44a3-8004-1aeeafd5f380/current/log_inprogress_0
2019-09-26 13:33:05,066 INFO  impl.LeaderElection (LeaderElection.java:askForVotes(178)) - localhost_10000@group-DB7CD3B4A7F8-LeaderElection12: begin an election at term 1 for -1: [localhost_10002:localhost:10002, localhost_10001:localhost:10001, localhost_10000:localhost:10000], old=null
2019-09-26 13:33:05,066 INFO  impl.LeaderElection (LeaderElection.java:askForVotes(178)) - localhost_10001@group-DB7CD3B4A7F8-LeaderElection13: begin an election at term 1 for -1: [localhost_10002:localhost:10002, localhost_10001:localhost:10001, localhost_10000:localhost:10000], old=null
2019-09-26 13:33:05,066 INFO  impl.LeaderElection (LeaderElection.java:askForVotes(178)) - localhost_10002@group-DB7CD3B4A7F8-LeaderElection11: begin an election at term 1 for -1: [localhost_10002:localhost:10002, localhost_10001:localhost:10001, localhost_10000:localhost:10000], old=null
2019-09-26 13:33:05,066 INFO  client.GrpcClientProtocolService (GrpcClientProtocolService.java:lambda$processClientRequest$0(278)) - Failed RaftClientRequest:client-352D35361D97->localhost_10001@group-DB7CD3B4A7F8, cid=42, seq=0, RW, Message:321f0a0f0a0d74657374...(size=33), reply=RaftClientReply:client-352D35361D97->localhost_10001@group-DB7CD3B4A7F8, cid=42, FAILED org.apache.ratis.protocol.NotLeaderException: Server localhost_10001@group-DB7CD3B4A7F8 is not the leader, logIndex=0, commits[localhost_10001:c-1]
2019-09-26 13:33:05,067 INFO  segmented.SegmentedRaftLogWorker (SegmentedRaftLogWorker.java:execute(569)) - localhost_10000@group-1AEEAFD5F380-SegmentedRaftLogWorker: created new log segment /workdir/ratis-logservice/target/test/data/f1e1e06e/workers/0/dc186790-e7ab-44a3-8004-1aeeafd5f380/current/log_inprogress_0
2019-09-26 13:33:05,068 INFO  impl.LeaderElection (LeaderElection.java:logAndReturn(56)) - localhost_10001@group-DB7CD3B4A7F8-LeaderElection13: Election REJECTED; received 2 response(s) [localhost_10001<-localhost_10002#0:FAIL-t1, localhost_10001<-localhost_10000#0:FAIL-t1] and 0 exception(s); localhost_10001@group-DB7CD3B4A7F8:t1, leader=null, voted=localhost_10001, raftlog=localhost_10001@group-DB7CD3B4A7F8-SegmentedRaftLog:OPENED:c-1,f-1,i0, conf=-1: [localhost_10002:localhost:10002, localhost_10001:localhost:10001, localhost_10000:localhost:10000], old=null
2019-09-26 13:33:05,068 INFO  impl.LeaderElection (LeaderElection.java:logAndReturn(56)) - localhost_10000@group-DB7CD3B4A7F8-LeaderElection12: Election REJECTED; received 2 response(s) [localhost_10000<-localhost_10002#0:FAIL-t1, localhost_10000<-localhost_10001#0:FAIL-t1] and 0 exception(s); localhost_10000@group-DB7CD3B4A7F8:t1, leader=null, voted=localhost_10000, raftlog=localhost_10000@group-DB7CD3B4A7F8-SegmentedRaftLog:OPENED:c-1,f-1,i0, conf=-1: [localhost_10002:localhost:10002, localhost_10001:localhost:10001, localhost_10000:localhost:10000], old=null
2019-09-26 13:33:05,068 INFO  impl.RaftServerImpl (RaftServerImpl.java:setRole(170)) - localhost_10001@group-DB7CD3B4A7F8: changes role from CANDIDATE to FOLLOWER at term 1 for DISCOVERED_A_NEW_TERM
2019-09-26 13:33:05,070 INFO  impl.RaftServerImpl (RaftServerImpl.java:setRole(170)) - localhost_10000@group-DB7CD3B4A7F8: changes role from CANDIDATE to FOLLOWER at term 1 for DISCOVERED_A_NEW_TERM
2019-09-26 13:33:05,070 INFO  impl.RoleInfo (RoleInfo.java:shutdownLeaderElection(134)) - localhost_10001: shutdown LeaderElection
2019-09-26 13:33:05,070 INFO  impl.RoleInfo (RoleInfo.java:shutdownLeaderElection(134)) - localhost_10000: shutdown LeaderElection
2019-09-26 13:33:05,070 INFO  impl.RoleInfo (RoleInfo.java:updateAndGet(143)) - localhost_10001: start FollowerState
2019-09-26 13:33:05,071 INFO  impl.RoleInfo (RoleInfo.java:updateAndGet(143)) - localhost_10000: start FollowerState
2019-09-26 13:33:05,071 INFO  client.GrpcClientProtocolService (GrpcClientProtocolService.java:lambda$processClientRequest$0(278)) - Failed RaftClientRequest:client-352D35361D97->localhost_10002@group-DB7CD3B4A7F8, cid=42, seq=0, RW, Message:321f0a0f0a0d74657374...(size=33), reply=RaftClientReply:client-352D35361D97->localhost_10002@group-DB7CD3B4A7F8, cid=42, FAILED org.apache.ratis.protocol.NotLeaderException: Server localhost_10002@group-DB7CD3B4A7F8 is not the leader, logIndex=0, commits[localhost_10002:c-1]
2019-09-26 13:33:05,071 INFO  impl.LeaderElection (LeaderElection.java:logAndReturn(56)) - localhost_10002@group-DB7CD3B4A7F8-LeaderElection11: Election REJECTED; received 2 response(s) [localhost_10002<-localhost_10001#0:FAIL-t1, localhost_10002<-localhost_10000#0:FAIL-t1] and 0 exception(s); localhost_10002@group-DB7CD3B4A7F8:t1, leader=null, voted=localhost_10002, raftlog=localhost_10002@group-DB7CD3B4A7F8-SegmentedRaftLog:OPENED:c-1,f-1,i0, conf=-1: [localhost_10002:localhost:10002, localhost_10001:localhost:10001, localhost_10000:localhost:10000], old=null
2019-09-26 13:33:05,071 INFO  impl.RaftServerImpl (RaftServerImpl.java:setRole(170)) - localhost_10002@group-DB7CD3B4A7F8: changes role from CANDIDATE to FOLLOWER at term 1 for DISCOVERED_A_NEW_TERM
2019-09-26 13:33:05,072 INFO  impl.RoleInfo (RoleInfo.java:shutdownLeaderElection(134)) - localhost_10002: shutdown LeaderElection
2019-09-26 13:33:05,072 INFO  impl.RoleInfo (RoleInfo.java:updateAndGet(143)) - localhost_10002: start FollowerState
2019-09-26 13:33:05,073 INFO  client.GrpcClientProtocolService (GrpcClientProtocolService.java:lambda$processClientRequest$0(278)) - Failed RaftClientRequest:client-352D35361D97->localhost_10001@group-DB7CD3B4A7F8, cid=42, seq=0, RW, Message:321f0a0f0a0d74657374...(size=33), reply=RaftClientReply:client-352D35361D97->localhost_10001@group-DB7CD3B4A7F8, cid=42, FAILED org.apache.ratis.protocol.NotLeaderException: Server localhost_10001@group-DB7CD3B4A7F8 is not the leader, logIndex=0, commits[localhost_10001:c-1]
2019-09-26 13:33:05,075 INFO  client.GrpcClientProtocolService (GrpcClientProtocolService.java:lambda$processClientRequest$0(278)) - Failed RaftClientRequest:client-352D35361D97->localhost_10002@group-DB7CD3B4A7F8, cid=42, seq=0, RW, Message:321f0a0f0a0d74657374...(size=33), reply=RaftClientReply:client-352D35361D97->localhost_10002@group-DB7CD3B4A7F8, cid=42, FAILED org.apache.ratis.protocol.NotLeaderException: Server localhost_10002@group-DB7CD3B4A7F8 is not the leader, logIndex=0, commits[localhost_10002:c-1]
2019-09-26 13:33:05,077 INFO  client.GrpcClientProtocolService (GrpcClientProtocolService.java:lambda$processClientRequest$0(278)) - Failed RaftClientRequest:client-352D35361D97->localhost_10000@group-DB7CD3B4A7F8, cid=42, seq=0, RW, Message:321f0a0f0a0d74657374...(size=33), reply=RaftClientReply:client-352D35361D97->localhost_10000@group-DB7CD3B4A7F8, cid=42, FAILED org.apache.ratis.protocol.NotLeaderException: Server localhost_10000@group-DB7CD3B4A7F8 is not the leader, logIndex=0, commits[localhost_10000:c-1]
2019-09-26 13:33:05,079 INFO  client.GrpcClientProtocolService (GrpcClientProtocolService.java:lambda$processClientRequest$0(278)) - Failed RaftClientRequest:client-352D35361D97->localhost_10002@group-DB7CD3B4A7F8, cid=42, seq=0, RW, Message:321f0a0f0a0d74657374...(size=33), reply=RaftClientReply:client-352D35361D97->localhost_10002@group-DB7CD3B4A7F8, cid=42, FAILED org.apache.ratis.protocol.NotLeaderException: Server localhost_10002@group-DB7CD3B4A7F8 is not the leader, logIndex=0, commits[localhost_10002:c-1]
2019-09-26 13:33:05,080 INFO  client.GrpcClientProtocolService (GrpcClientProtocolService.java:lambda$processClientRequest$0(278)) - Failed RaftClientRequest:client-352D35361D97->localhost_10000@group-DB7CD3B4A7F8, cid=42, seq=0, RW, Message:321f0a0f0a0d74657374...(size=33), reply=RaftClientReply:client-352D35361D97->localhost_10000@group-DB7CD3B4A7F8, cid=42, FAILED org.apache.ratis.protocol.NotLeaderException: Server localhost_10000@group-DB7CD3B4A7F8 is not the leader, logIndex=0, commits[localhost_10000:c-1]
2019-09-26 13:33:05,082 INFO  client.GrpcClientProtocolService (GrpcClientProtocolService.java:lambda$processClientRequest$0(278)) - Failed RaftClientRequest:client-352D35361D97->localhost_10001@group-DB7CD3B4A7F8, cid=42, seq=0, RW, Message:321f0a0f0a0d74657374...(size=33), reply=RaftClientReply:client-352D35361D97->localhost_10001@group-DB7CD3B4A7F8, cid=42, FAILED org.apache.ratis.protocol.NotLeaderException: Server localhost_10001@group-DB7CD3B4A7F8 is not the leader, logIndex=0, commits[localhost_10001:c-1]
2019-09-26 13:33:05,083 INFO  client.GrpcClientProtocolService (GrpcClientProtocolService.java:lambda$processClientRequest$0(278)) - Failed RaftClientRequest:client-352D35361D97->localhost_10000@group-DB7CD3B4A7F8, cid=42, seq=0, RW, Message:321f0a0f0a0d74657374...(size=33), reply=RaftClientReply:client-352D35361D97->localhost_10000@group-DB7CD3B4A7F8, cid=42, FAILED org.apache.ratis.protocol.NotLeaderException: Server localhost_10000@group-DB7CD3B4A7F8 is not the leader, logIndex=0, commits[localhost_10000:c-1]
2019-09-26 13:33:05,085 INFO  client.GrpcClientProtocolService (GrpcClientProtocolService.java:lambda$processClientRequest$0(278)) - Failed RaftClientRequest:client-352D35361D97->localhost_10001@group-DB7CD3B4A7F8, cid=42, seq=0, RW, Message:321f0a0f0a0d74657374...(size=33), reply=RaftClientReply:client-352D35361D97->localhost_10001@group-DB7CD3B4A7F8, cid=42, FAILED org.apache.ratis.protocol.NotLeaderException: Server localhost_10001@group-DB7CD3B4A7F8 is not the leader, logIndex=0, commits[localhost_10001:c-1]
2019-09-26 13:33:05,087 INFO  client.GrpcClientProtocolService (GrpcClientProtocolService.java:lambda$processClientRequest$0(278)) - Failed RaftClientRequest:client-352D35361D97->localhost_10002@group-DB7CD3B4A7F8, cid=42, seq=0, RW, Message:321f0a0f0a0d74657374...(size=33), reply=RaftClientReply:client-352D35361D97->localhost_10002@group-DB7CD3B4A7F8, cid=42, FAILED org.apache.ratis.protocol.NotLeaderException: Server localhost_10002@group-DB7CD3B4A7F8 is not the leader, logIndex=0, commits[localhost_10002:c-1]
2019-09-26 13:33:05,088 INFO  client.GrpcClientProtocolService (GrpcClientProtocolService.java:lambda$processClientRequest$0(278)) - Failed RaftClientRequest:client-352D35361D97->localhost_10001@group-DB7CD3B4A7F8, cid=42, seq=0, RW, Message:321f0a0f0a0d74657374...(size=33), reply=RaftClientReply:client-352D35361D97->localhost_10001@group-DB7CD3B4A7F8, cid=42, FAILED org.apache.ratis.protocol.NotLeaderException: Server localhost_10001@group-DB7CD3B4A7F8 is not the leader, logIndex=0, commits[localhost_10001:c-1]
2019-09-26 13:33:05,090 INFO  client.GrpcClientProtocolService (GrpcClientProtocolService.java:lambda$processClientRequest$0(278)) - Failed RaftClientRequest:client-352D35361D97->localhost_10000@group-DB7CD3B4A7F8, cid=42, seq=0, RW, Message:321f0a0f0a0d74657374...(size=33), reply=RaftClientReply:client-352D35361D97->localhost_10000@group-DB7CD3B4A7F8, cid=42, FAILED org.apache.ratis.protocol.NotLeaderException: Server localhost_10000@group-DB7CD3B4A7F8 is not the leader, logIndex=0, commits[localhost_10000:c-1]
2019-09-26 13:33:05,092 INFO  client.GrpcClientProtocolService (GrpcClientProtocolService.java:lambda$processClientRequest$0(278)) - Failed RaftClientRequest:client-352D35361D97->localhost_10002@group-DB7CD3B4A7F8, cid=42, seq=0, RW, Message:321f0a0f0a0d74657374...(size=33), reply=RaftClientReply:client-352D35361D97->localhost_10002@group-DB7CD3B4A7F8, cid=42, FAILED org.apache.ratis.protocol.NotLeaderException: Server localhost_10002@group-DB7CD3B4A7F8 is not the leader, logIndex=0, commits[localhost_10002:c-1]
2019-09-26 13:33:05,195 INFO  client.GrpcClientProtocolService (GrpcClientProtocolService.java:lambda$processClientRequest$0(278)) - Failed RaftClientRequest:client-352D35361D97->localhost_10000@group-DB7CD3B4A7F8, cid=42, seq=0, RW, Message:321f0a0f0a0d74657374...(size=33), reply=RaftClientReply:client-352D35361D97->localhost_10000@group-DB7CD3B4A7F8, cid=42, FAILED org.apache.ratis.protocol.NotLeaderException: Server localhost_10000@group-DB7CD3B4A7F8 is not the leader, logIndex=0, commits[localhost_10000:c-1]
2019-09-26 13:33:05,198 INFO  client.GrpcClientProtocolService (GrpcClientProtocolService.java:lambda$processClientRequest$0(278)) - Failed RaftClientRequest:client-352D35361D97->localhost_10001@group-DB7CD3B4A7F8, cid=42, seq=0, RW, Message:321f0a0f0a0d74657374...(size=33), reply=RaftClientReply:client-352D35361D97->localhost_10001@group-DB7CD3B4A7F8, cid=42, FAILED org.apache.ratis.protocol.NotLeaderException: Server localhost_10001@group-DB7CD3B4A7F8 is not the leader, logIndex=0, commits[localhost_10001:c-1]
2019-09-26 13:33:05,200 INFO  client.GrpcClientProtocolService (GrpcClientProtocolService.java:lambda$processClientRequest$0(278)) - Failed RaftClientRequest:client-352D35361D97->localhost_10002@group-DB7CD3B4A7F8, cid=42, seq=0, RW, Message:321f0a0f0a0d74657374...(size=33), reply=RaftClientReply:client-352D35361D97->localhost_10002@group-DB7CD3B4A7F8, cid=42, FAILED org.apache.ratis.protocol.NotLeaderException: Server localhost_10002@group-DB7CD3B4A7F8 is not the leader, logIndex=0, commits[localhost_10002:c-1]
2019-09-26 13:33:05,202 INFO  client.GrpcClientProtocolService (GrpcClientProtocolService.java:lambda$processClientRequest$0(278)) - Failed RaftClientRequest:client-352D35361D97->localhost_10000@group-DB7CD3B4A7F8, cid=42, seq=0, RW, Message:321f0a0f0a0d74657374...(size=33), reply=RaftClientReply:client-352D35361D97->localhost_10000@group-DB7CD3B4A7F8, cid=42, FAILED org.apache.ratis.protocol.NotLeaderException: Server localhost_10000@group-DB7CD3B4A7F8 is not the leader, logIndex=0, commits[localhost_10000:c-1]
2019-09-26 13:33:05,204 INFO  client.GrpcClientProtocolService (GrpcClientProtocolService.java:lambda$processClientRequest$0(278)) - Failed RaftClientRequest:client-352D35361D97->localhost_10001@group-DB7CD3B4A7F8, cid=42, seq=0, RW, Message:321f0a0f0a0d74657374...(size=33), reply=RaftClientReply:client-352D35361D97->localhost_10001@group-DB7CD3B4A7F8, cid=42, FAILED org.apache.ratis.protocol.NotLeaderException: Server localhost_10001@group-DB7CD3B4A7F8 is not the leader, logIndex=0, commits[localhost_10001:c-1]
2019-09-26 13:33:05,206 INFO  client.GrpcClientProtocolService (GrpcClientProtocolService.java:lambda$processClientRequest$0(278)) - Failed RaftClientRequest:client-352D35361D97->localhost_10002@group-DB7CD3B4A7F8, cid=42, seq=0, RW, Message:321f0a0f0a0d74657374...(size=33), reply=RaftClientReply:client-352D35361D97->localhost_10002@group-DB7CD3B4A7F8, cid=42, FAILED org.apache.ratis.protocol.NotLeaderException: Server localhost_10002@group-DB7CD3B4A7F8 is not the leader, logIndex=0, commits[localhost_10002:c-1]
2019-09-26 13:33:05,207 INFO  client.GrpcClientProtocolService (GrpcClientProtocolService.java:lambda$processClientRequest$0(278)) - Failed RaftClientRequest:client-352D35361D97->localhost_10001@group-DB7CD3B4A7F8, cid=42, seq=0, RW, Message:321f0a0f0a0d74657374...(size=33), reply=RaftClientReply:client-352D35361D97->localhost_10001@group-DB7CD3B4A7F8, cid=42, FAILED org.apache.ratis.protocol.NotLeaderException: Server localhost_10001@group-DB7CD3B4A7F8 is not the leader, logIndex=0, commits[localhost_10001:c-1]
2019-09-26 13:33:05,209 INFO  client.GrpcClientProtocolService (GrpcClientProtocolService.java:lambda$processClientRequest$0(278)) - Failed RaftClientRequest:client-352D35361D97->localhost_10002@group-DB7CD3B4A7F8, cid=42, seq=0, RW, Message:321f0a0f0a0d74657374...(size=33), reply=RaftClientReply:client-352D35361D97->localhost_10002@group-DB7CD3B4A7F8, cid=42, FAILED org.apache.ratis.protocol.NotLeaderException: Server localhost_10002@group-DB7CD3B4A7F8 is not the leader, logIndex=0, commits[localhost_10002:c-1]
2019-09-26 13:33:05,211 INFO  client.GrpcClientProtocolService (GrpcClientProtocolService.java:lambda$processClientRequest$0(278)) - Failed RaftClientRequest:client-352D35361D97->localhost_10000@group-DB7CD3B4A7F8, cid=42, seq=0, RW, Message:321f0a0f0a0d74657374...(size=33), reply=RaftClientReply:client-352D35361D97->localhost_10000@group-DB7CD3B4A7F8, cid=42, FAILED org.apache.ratis.protocol.NotLeaderException: Server localhost_10000@group-DB7CD3B4A7F8 is not the leader, logIndex=0, commits[localhost_10000:c-1]
2019-09-26 13:33:05,213 INFO  client.GrpcClientProtocolService (GrpcClientProtocolService.java:lambda$processClientRequest$0(278)) - Failed RaftClientRequest:client-352D35361D97->localhost_10001@group-DB7CD3B4A7F8, cid=42, seq=0, RW, Message:321f0a0f0a0d74657374...(size=33), reply=RaftClientReply:client-352D35361D97->localhost_10001@group-DB7CD3B4A7F8, cid=42, FAILED org.apache.ratis.protocol.NotLeaderException: Server localhost_10001@group-DB7CD3B4A7F8 is not the leader, logIndex=0, commits[localhost_10001:c-1]
2019-09-26 13:33:05,215 INFO  client.GrpcClientProtocolService (GrpcClientProtocolService.java:lambda$processClientRequest$0(278)) - Failed RaftClientRequest:client-352D35361D97->localhost_10002@group-DB7CD3B4A7F8, cid=42, seq=0, RW, Message:321f0a0f0a0d74657374...(size=33), reply=RaftClientReply:client-352D35361D97->localhost_10002@group-DB7CD3B4A7F8, cid=42, FAILED org.apache.ratis.protocol.NotLeaderException: Server localhost_10002@group-DB7CD3B4A7F8 is not the leader, logIndex=0, commits[localhost_10002:c-1]
2019-09-26 13:33:05,217 INFO  client.GrpcClientProtocolService (GrpcClientProtocolService.java:lambda$processClientRequest$0(278)) - Failed RaftClientRequest:client-352D35361D97->localhost_10000@group-DB7CD3B4A7F8, cid=42, seq=0, RW, Message:321f0a0f0a0d74657374...(size=33), reply=RaftClientReply:client-352D35361D97->localhost_10000@group-DB7CD3B4A7F8, cid=42, FAILED org.apache.ratis.protocol.NotLeaderException: Server localhost_10000@group-DB7CD3B4A7F8 is not the leader, logIndex=0, commits[localhost_10000:c-1]
2019-09-26 13:33:05,219 INFO  client.GrpcClientProtocolService (GrpcClientProtocolService.java:lambda$processClientRequest$0(278)) - Failed RaftClientRequest:client-352D35361D97->localhost_10002@group-DB7CD3B4A7F8, cid=42, seq=0, RW, Message:321f0a0f0a0d74657374...(size=33), reply=RaftClientReply:client-352D35361D97->localhost_10002@group-DB7CD3B4A7F8, cid=42, FAILED org.apache.ratis.protocol.NotLeaderException: Server localhost_10002@group-DB7CD3B4A7F8 is not the leader, logIndex=0, commits[localhost_10002:c-1]
2019-09-26 13:33:05,221 INFO  client.GrpcClientProtocolService (GrpcClientProtocolService.java:lambda$processClientRequest$0(278)) - Failed RaftClientRequest:client-352D35361D97->localhost_10000@group-DB7CD3B4A7F8, cid=42, seq=0, RW, Message:321f0a0f0a0d74657374...(size=33), reply=RaftClientReply:client-352D35361D97->localhost_10000@group-DB7CD3B4A7F8, cid=42, FAILED org.apache.ratis.protocol.NotLeaderException: Server localhost_10000@group-DB7CD3B4A7F8 is not the leader, logIndex=0, commits[localhost_10000:c-1]
2019-09-26 13:33:05,223 INFO  client.GrpcClientProtocolService (GrpcClientProtocolService.java:lambda$processClientRequest$0(278)) - Failed RaftClientRequest:client-352D35361D97->localhost_10001@group-DB7CD3B4A7F8, cid=42, seq=0, RW, Message:321f0a0f0a0d74657374...(size=33), reply=RaftClientReply:client-352D35361D97->localhost_10001@group-DB7CD3B4A7F8, cid=42, FAILED org.apache.ratis.protocol.NotLeaderException: Server localhost_10001@group-DB7CD3B4A7F8 is not the leader, logIndex=0, commits[localhost_10001:c-1]
2019-09-26 13:33:05,224 INFO  client.GrpcClientProtocolService (GrpcClientProtocolService.java:lambda$processClientRequest$0(278)) - Failed RaftClientRequest:client-352D35361D97->localhost_10002@group-DB7CD3B4A7F8, cid=42, seq=0, RW, Message:321f0a0f0a0d74657374...(size=33), reply=RaftClientReply:client-352D35361D97->localhost_10002@group-DB7CD3B4A7F8, cid=42, FAILED org.apache.ratis.protocol.NotLeaderException: Server localhost_10002@group-DB7CD3B4A7F8 is not the leader, logIndex=0, commits[localhost_10002:c-1]
2019-09-26 13:33:05,226 INFO  client.GrpcClientProtocolService (GrpcClientProtocolService.java:lambda$processClientRequest$0(278)) - Failed RaftClientRequest:client-352D35361D97->localhost_10001@group-DB7CD3B4A7F8, cid=42, seq=0, RW, Message:321f0a0f0a0d74657374...(size=33), reply=RaftClientReply:client-352D35361D97->localhost_10001@group-DB7CD3B4A7F8, cid=42, FAILED org.apache.ratis.protocol.NotLeaderException: Server localhost_10001@group-DB7CD3B4A7F8 is not the leader, logIndex=0, commits[localhost_10001:c-1]
2019-09-26 13:33:05,228 INFO  client.GrpcClientProtocolService (GrpcClientProtocolService.java:lambda$processClientRequest$0(278)) - Failed RaftClientRequest:client-352D35361D97->localhost_10002@group-DB7CD3B4A7F8, cid=42, seq=0, RW, Message:321f0a0f0a0d74657374...(size=33), reply=RaftClientReply:client-352D35361D97->localhost_10002@group-DB7CD3B4A7F8, cid=42, FAILED org.apache.ratis.protocol.NotLeaderException: Server localhost_10002@group-DB7CD3B4A7F8 is not the leader, logIndex=0, commits[localhost_10002:c-1]
2019-09-26 13:33:05,230 INFO  client.GrpcClientProtocolService (GrpcClientProtocolService.java:lambda$processClientRequest$0(278)) - Failed RaftClientRequest:client-352D35361D97->localhost_10000@group-DB7CD3B4A7F8, cid=42, seq=0, RW, Message:321f0a0f0a0d74657374...(size=33), reply=RaftClientReply:client-352D35361D97->localhost_10000@group-DB7CD3B4A7F8, cid=42, FAILED org.apache.ratis.protocol.NotLeaderException: Server localhost_10000@group-DB7CD3B4A7F8 is not the leader, logIndex=0, commits[localhost_10000:c-1]
2019-09-26 13:33:05,231 INFO  client.GrpcClientProtocolService (GrpcClientProtocolService.java:lambda$processClientRequest$0(278)) - Failed RaftClientRequest:client-352D35361D97->localhost_10001@group-DB7CD3B4A7F8, cid=42, seq=0, RW, Message:321f0a0f0a0d74657374...(size=33), reply=RaftClientReply:client-352D35361D97->localhost_10001@group-DB7CD3B4A7F8, cid=42, FAILED org.apache.ratis.protocol.NotLeaderException: Server localhost_10001@group-DB7CD3B4A7F8 is not the leader, logIndex=0, commits[localhost_10001:c-1]
2019-09-26 13:33:05,233 INFO  client.GrpcClientProtocolService (GrpcClientProtocolService.java:lambda$processClientRequest$0(278)) - Failed RaftClientRequest:client-352D35361D97->localhost_10000@group-DB7CD3B4A7F8, cid=42, seq=0, RW, Message:321f0a0f0a0d74657374...(size=33), reply=RaftClientReply:client-352D35361D97->localhost_10000@group-DB7CD3B4A7F8, cid=42, FAILED org.apache.ratis.protocol.NotLeaderException: Server localhost_10000@group-DB7CD3B4A7F8 is not the leader, logIndex=0, commits[localhost_10000:c-1]
2019-09-26 13:33:05,235 INFO  client.GrpcClientProtocolService (GrpcClientProtocolService.java:lambda$processClientRequest$0(278)) - Failed RaftClientRequest:client-352D35361D97->localhost_10002@group-DB7CD3B4A7F8, cid=42, seq=0, RW, Message:321f0a0f0a0d74657374...(size=33), reply=RaftClientReply:client-352D35361D97->localhost_10002@group-DB7CD3B4A7F8, cid=42, FAILED org.apache.ratis.protocol.NotLeaderException: Server localhost_10002@group-DB7CD3B4A7F8 is not the leader, logIndex=0, commits[localhost_10002:c-1]
2019-09-26 13:33:05,237 INFO  client.GrpcClientProtocolService (GrpcClientProtocolService.java:lambda$processClientRequest$0(278)) - Failed RaftClientRequest:client-352D35361D97->localhost_10001@group-DB7CD3B4A7F8, cid=42, seq=0, RW, Message:321f0a0f0a0d74657374...(size=33), reply=RaftClientReply:client-352D35361D97->localhost_10001@group-DB7CD3B4A7F8, cid=42, FAILED org.apache.ratis.protocol.NotLeaderException: Server localhost_10001@group-DB7CD3B4A7F8 is not the leader, logIndex=0, commits[localhost_10001:c-1]
2019-09-26 13:33:05,239 INFO  client.GrpcClientProtocolService (GrpcClientProtocolService.java:lambda$processClientRequest$0(278)) - Failed RaftClientRequest:client-352D35361D97->localhost_10002@group-DB7CD3B4A7F8, cid=42, seq=0, RW, Message:321f0a0f0a0d74657374...(size=33), reply=RaftClientReply:client-352D35361D97->localhost_10002@group-DB7CD3B4A7F8, cid=42, FAILED org.apache.ratis.protocol.NotLeaderException: Server localhost_10002@group-DB7CD3B4A7F8 is not the leader, logIndex=0, commits[localhost_10002:c-1]
2019-09-26 13:33:05,240 INFO  client.GrpcClientProtocolService (GrpcClientProtocolService.java:lambda$processClientRequest$0(278)) - Failed RaftClientRequest:client-352D35361D97->localhost_10001@group-DB7CD3B4A7F8, cid=42, seq=0, RW, Message:321f0a0f0a0d74657374...(size=33), reply=RaftClientReply:client-352D35361D97->localhost_10001@group-DB7CD3B4A7F8, cid=42, FAILED org.apache.ratis.protocol.NotLeaderException: Server localhost_10001@group-DB7CD3B4A7F8 is not the leader, logIndex=0, commits[localhost_10001:c-1]
2019-09-26 13:33:05,242 INFO  client.GrpcClientProtocolService (GrpcClientProtocolService.java:lambda$processClientRequest$0(278)) - Failed RaftClientRequest:client-352D35361D97->localhost_10000@group-DB7CD3B4A7F8, cid=42, seq=0, RW, Message:321f0a0f0a0d74657374...(size=33), reply=RaftClientReply:client-352D35361D97->localhost_10000@group-DB7CD3B4A7F8, cid=42, FAILED org.apache.ratis.protocol.NotLeaderException: Server localhost_10000@group-DB7CD3B4A7F8 is not the leader, logIndex=0, commits[localhost_10000:c-1]
2019-09-26 13:33:05,244 INFO  client.GrpcClientProtocolService (GrpcClientProtocolService.java:lambda$processClientRequest$0(278)) - Failed RaftClientRequest:client-352D35361D97->localhost_10001@group-DB7CD3B4A7F8, cid=42, seq=0, RW, Message:321f0a0f0a0d74657374...(size=33), reply=RaftClientReply:client-352D35361D97->localhost_10001@group-DB7CD3B4A7F8, cid=42, FAILED org.apache.ratis.protocol.NotLeaderException: Server localhost_10001@group-DB7CD3B4A7F8 is not the leader, logIndex=0, commits[localhost_10001:c-1]
2019-09-26 13:33:05,245 INFO  client.GrpcClientProtocolService (GrpcClientProtocolService.java:lambda$processClientRequest$0(278)) - Failed RaftClientRequest:client-352D35361D97->localhost_10002@group-DB7CD3B4A7F8, cid=42, seq=0, RW, Message:321f0a0f0a0d74657374...(size=33), reply=RaftClientReply:client-352D35361D97->localhost_10002@group-DB7CD3B4A7F8, cid=42, FAILED org.apache.ratis.protocol.NotLeaderException: Server localhost_10002@group-DB7CD3B4A7F8 is not the leader, logIndex=0, commits[localhost_10002:c-1]
2019-09-26 13:33:05,247 INFO  client.GrpcClientProtocolService (GrpcClientProtocolService.java:lambda$processClientRequest$0(278)) - Failed RaftClientRequest:client-352D35361D97->localhost_10000@group-DB7CD3B4A7F8, cid=42, seq=0, RW, Message:321f0a0f0a0d74657374...(size=33), reply=RaftClientReply:client-352D35361D97->localhost_10000@group-DB7CD3B4A7F8, cid=42, FAILED org.apache.ratis.protocol.NotLeaderException: Server localhost_10000@group-DB7CD3B4A7F8 is not the leader, logIndex=0, commits[localhost_10000:c-1]
2019-09-26 13:33:05,249 INFO  client.GrpcClientProtocolService (GrpcClientProtocolService.java:lambda$processClientRequest$0(278)) - Failed RaftClientRequest:client-352D35361D97->localhost_10001@group-DB7CD3B4A7F8, cid=42, seq=0, RW, Message:321f0a0f0a0d74657374...(size=33), reply=RaftClientReply:client-352D35361D97->localhost_10001@group-DB7CD3B4A7F8, cid=42, FAILED org.apache.ratis.protocol.NotLeaderException: Server localhost_10001@group-DB7CD3B4A7F8 is not the leader, logIndex=0, commits[localhost_10001:c-1]
2019-09-26 13:33:05,251 INFO  client.GrpcClientProtocolService (GrpcClientProtocolService.java:lambda$processClientRequest$0(278)) - Failed RaftClientRequest:client-352D35361D97->localhost_10000@group-DB7CD3B4A7F8, cid=42, seq=0, RW, Message:321f0a0f0a0d74657374...(size=33), reply=RaftClientReply:client-352D35361D97->localhost_10000@group-DB7CD3B4A7F8, cid=42, FAILED org.apache.ratis.protocol.NotLeaderException: Server localhost_10000@group-DB7CD3B4A7F8 is not the leader, logIndex=0, commits[localhost_10000:c-1]
2019-09-26 13:33:05,252 INFO  client.GrpcClientProtocolService (GrpcClientProtocolService.java:lambda$processClientRequest$0(278)) - Failed RaftClientRequest:client-352D35361D97->localhost_10002@group-DB7CD3B4A7F8, cid=42, seq=0, RW, Message:321f0a0f0a0d74657374...(size=33), reply=RaftClientReply:client-352D35361D97->localhost_10002@group-DB7CD3B4A7F8, cid=42, FAILED org.apache.ratis.protocol.NotLeaderException: Server localhost_10002@group-DB7CD3B4A7F8 is not the leader, logIndex=0, commits[localhost_10002:c-1]
2019-09-26 13:33:05,254 INFO  client.GrpcClientProtocolService (GrpcClientProtocolService.java:lambda$processClientRequest$0(278)) - Failed RaftClientRequest:client-352D35361D97->localhost_10001@group-DB7CD3B4A7F8, cid=42, seq=0, RW, Message:321f0a0f0a0d74657374...(size=33), reply=RaftClientReply:client-352D35361D97->localhost_10001@group-DB7CD3B4A7F8, cid=42, FAILED org.apache.ratis.protocol.NotLeaderException: Server localhost_10001@group-DB7CD3B4A7F8 is not the leader, logIndex=0, commits[localhost_10001:c-1]
2019-09-26 13:33:05,255 INFO  client.GrpcClientProtocolService (GrpcClientProtocolService.java:lambda$processClientRequest$0(278)) - Failed RaftClientRequest:client-352D35361D97->localhost_10000@group-DB7CD3B4A7F8, cid=42, seq=0, RW, Message:321f0a0f0a0d74657374...(size=33), reply=RaftClientReply:client-352D35361D97->localhost_10000@group-DB7CD3B4A7F8, cid=42, FAILED org.apache.ratis.protocol.NotLeaderException: Server localhost_10000@group-DB7CD3B4A7F8 is not the leader, logIndex=0, commits[localhost_10000:c-1]
2019-09-26 13:33:05,257 INFO  client.GrpcClientProtocolService (GrpcClientProtocolService.java:lambda$processClientRequest$0(278)) - Failed RaftClientRequest:client-352D35361D97->localhost_10001@group-DB7CD3B4A7F8, cid=42, seq=0, RW, Message:321f0a0f0a0d74657374...(size=33), reply=RaftClientReply:client-352D35361D97->localhost_10001@group-DB7CD3B4A7F8, cid=42, FAILED org.apache.ratis.protocol.NotLeaderException: Server localhost_10001@group-DB7CD3B4A7F8 is not the leader, logIndex=0, commits[localhost_10001:c-1]
2019-09-26 13:33:05,259 INFO  client.GrpcClientProtocolService (GrpcClientProtocolService.java:lambda$processClientRequest$0(278)) - Failed RaftClientRequest:client-352D35361D97->localhost_10000@group-DB7CD3B4A7F8, cid=42, seq=0, RW, Message:321f0a0f0a0d74657374...(size=33), reply=RaftClientReply:client-352D35361D97->localhost_10000@group-DB7CD3B4A7F8, cid=42, FAILED org.apache.ratis.protocol.NotLeaderException: Server localhost_10000@group-DB7CD3B4A7F8 is not the leader, logIndex=0, commits[localhost_10000:c-1]
2019-09-26 13:33:05,260 INFO  client.GrpcClientProtocolService (GrpcClientProtocolService.java:lambda$processClientRequest$0(278)) - Failed RaftClientRequest:client-352D35361D97->localhost_10002@group-DB7CD3B4A7F8, cid=42, seq=0, RW, Message:321f0a0f0a0d74657374...(size=33), reply=RaftClientReply:client-352D35361D97->localhost_10002@group-DB7CD3B4A7F8, cid=42, FAILED org.apache.ratis.protocol.NotLeaderException: Server localhost_10002@group-DB7CD3B4A7F8 is not the leader, logIndex=0, commits[localhost_10002:c-1]
2019-09-26 13:33:05,262 INFO  client.GrpcClientProtocolService (GrpcClientProtocolService.java:lambda$processClientRequest$0(278)) - Failed RaftClientRequest:client-352D35361D97->localhost_10000@group-DB7CD3B4A7F8, cid=42, seq=0, RW, Message:321f0a0f0a0d74657374...(size=33), reply=RaftClientReply:client-352D35361D97->localhost_10000@group-DB7CD3B4A7F8, cid=42, FAILED org.apache.ratis.protocol.NotLeaderException: Server localhost_10000@group-DB7CD3B4A7F8 is not the leader, logIndex=0, commits[localhost_10000:c-1]
2019-09-26 13:33:05,264 INFO  client.GrpcClientProtocolService (GrpcClientProtocolService.java:lambda$processClientRequest$0(278)) - Failed RaftClientRequest:client-352D35361D97->localhost_10001@group-DB7CD3B4A7F8, cid=42, seq=0, RW, Message:321f0a0f0a0d74657374...(size=33), reply=RaftClientReply:client-352D35361D97->localhost_10001@group-DB7CD3B4A7F8, cid=42, FAILED org.apache.ratis.protocol.NotLeaderException: Server localhost_10001@group-DB7CD3B4A7F8 is not the leader, logIndex=0, commits[localhost_10001:c-1]
2019-09-26 13:33:05,266 INFO  client.GrpcClientProtocolService (GrpcClientProtocolService.java:lambda$processClientRequest$0(278)) - Failed RaftClientRequest:client-352D35361D97->localhost_10002@group-DB7CD3B4A7F8, cid=42, seq=0, RW, Message:321f0a0f0a0d74657374...(size=33), reply=RaftClientReply:client-352D35361D97->localhost_10002@group-DB7CD3B4A7F8, cid=42, FAILED org.apache.ratis.protocol.NotLeaderException: Server localhost_10002@group-DB7CD3B4A7F8 is not the leader, logIndex=0, commits[localhost_10002:c-1]
2019-09-26 13:33:05,267 INFO  client.GrpcClientProtocolService (GrpcClientProtocolService.java:lambda$processClientRequest$0(278)) - Failed RaftClientRequest:client-352D35361D97->localhost_10000@group-DB7CD3B4A7F8, cid=42, seq=0, RW, Message:321f0a0f0a0d74657374...(size=33), reply=RaftClientReply:client-352D35361D97->localhost_10000@group-DB7CD3B4A7F8, cid=42, FAILED org.apache.ratis.protocol.NotLeaderException: Server localhost_10000@group-DB7CD3B4A7F8 is not the leader, logIndex=0, commits[localhost_10000:c-1]
2019-09-26 13:33:05,269 INFO  client.GrpcClientProtocolService (GrpcClientProtocolService.java:lambda$processClientRequest$0(278)) - Failed RaftClientRequest:client-352D35361D97->localhost_10001@group-DB7CD3B4A7F8, cid=42, seq=0, RW, Message:321f0a0f0a0d74657374...(size=33), reply=RaftClientReply:client-352D35361D97->localhost_10001@group-DB7CD3B4A7F8, cid=42, FAILED org.apache.ratis.protocol.NotLeaderException: Server localhost_10001@group-DB7CD3B4A7F8 is not the leader, logIndex=0, commits[localhost_10001:c-1]
2019-09-26 13:33:05,271 INFO  client.GrpcClientProtocolService (GrpcClientProtocolService.java:lambda$processClientRequest$0(278)) - Failed RaftClientRequest:client-352D35361D97->localhost_10000@group-DB7CD3B4A7F8, cid=42, seq=0, RW, Message:321f0a0f0a0d74657374...(size=33), reply=RaftClientReply:client-352D35361D97->localhost_10000@group-DB7CD3B4A7F8, cid=42, FAILED org.apache.ratis.protocol.NotLeaderException: Server localhost_10000@group-DB7CD3B4A7F8 is not the leader, logIndex=0, commits[localhost_10000:c-1]
2019-09-26 13:33:05,272 INFO  client.GrpcClientProtocolService (GrpcClientProtocolService.java:lambda$processClientRequest$0(278)) - Failed RaftClientRequest:client-352D35361D97->localhost_10001@group-DB7CD3B4A7F8, cid=42, seq=0, RW, Message:321f0a0f0a0d74657374...(size=33), reply=RaftClientReply:client-352D35361D97->localhost_10001@group-DB7CD3B4A7F8, cid=42, FAILED org.apache.ratis.protocol.NotLeaderException: Server localhost_10001@group-DB7CD3B4A7F8 is not the leader, logIndex=0, commits[localhost_10001:c-1]
2019-09-26 13:33:05,274 INFO  client.GrpcClientProtocolService (GrpcClientProtocolService.java:lambda$processClientRequest$0(278)) - Failed RaftClientRequest:client-352D35361D97->localhost_10000@group-DB7CD3B4A7F8, cid=42, seq=0, RW, Message:321f0a0f0a0d74657374...(size=33), reply=RaftClientReply:client-352D35361D97->localhost_10000@group-DB7CD3B4A7F8, cid=42, FAILED org.apache.ratis.protocol.NotLeaderException: Server localhost_10000@group-DB7CD3B4A7F8 is not the leader, logIndex=0, commits[localhost_10000:c-1]
2019-09-26 13:33:05,276 INFO  client.GrpcClientProtocolService (GrpcClientProtocolService.java:lambda$processClientRequest$0(278)) - Failed RaftClientRequest:client-352D35361D97->localhost_10001@group-DB7CD3B4A7F8, cid=42, seq=0, RW, Message:321f0a0f0a0d74657374...(size=33), reply=RaftClientReply:client-352D35361D97->localhost_10001@group-DB7CD3B4A7F8, cid=42, FAILED org.apache.ratis.protocol.NotLeaderException: Server localhost_10001@group-DB7CD3B4A7F8 is not the leader, logIndex=0, commits[localhost_10001:c-1]
2019-09-26 13:33:05,277 INFO  client.GrpcClientProtocolService (GrpcClientProtocolService.java:lambda$processClientRequest$0(278)) - Failed RaftClientRequest:client-352D35361D97->localhost_10000@group-DB7CD3B4A7F8, cid=42, seq=0, RW, Message:321f0a0f0a0d74657374...(size=33), reply=RaftClientReply:client-352D35361D97->localhost_10000@group-DB7CD3B4A7F8, cid=42, FAILED org.apache.ratis.protocol.NotLeaderException: Server localhost_10000@group-DB7CD3B4A7F8 is not the leader, logIndex=0, commits[localhost_10000:c-1]
2019-09-26 13:33:05,279 INFO  client.GrpcClientProtocolService (GrpcClientProtocolService.java:lambda$processClientRequest$0(278)) - Failed RaftClientRequest:client-352D35361D97->localhost_10001@group-DB7CD3B4A7F8, cid=42, seq=0, RW, Message:321f0a0f0a0d74657374...(size=33), reply=RaftClientReply:client-352D35361D97->localhost_10001@group-DB7CD3B4A7F8, cid=42, FAILED org.apache.ratis.protocol.NotLeaderException: Server localhost_10001@group-DB7CD3B4A7F8 is not the leader, logIndex=0, commits[localhost_10001:c-1]
2019-09-26 13:33:05,280 INFO  client.GrpcClientProtocolService (GrpcClientProtocolService.java:lambda$processClientRequest$0(278)) - Failed RaftClientRequest:client-352D35361D97->localhost_10000@group-DB7CD3B4A7F8, cid=42, seq=0, RW, Message:321f0a0f0a0d74657374...(size=33), reply=RaftClientReply:client-352D35361D97->localhost_10000@group-DB7CD3B4A7F8, cid=42, FAILED org.apache.ratis.protocol.NotLeaderException: Server localhost_10000@group-DB7CD3B4A7F8 is not the leader, logIndex=0, commits[localhost_10000:c-1]
2019-09-26 13:33:05,282 INFO  client.GrpcClientProtocolService (GrpcClientProtocolService.java:lambda$processClientRequest$0(278)) - Failed RaftClientRequest:client-352D35361D97->localhost_10002@group-DB7CD3B4A7F8, cid=42, seq=0, RW, Message:321f0a0f0a0d74657374...(size=33), reply=RaftClientReply:client-352D35361D97->localhost_10002@group-DB7CD3B4A7F8, cid=42, FAILED org.apache.ratis.protocol.NotLeaderException: Server localhost_10002@group-DB7CD3B4A7F8 is not the leader, logIndex=0, commits[localhost_10002:c-1]
2019-09-26 13:33:05,283 INFO  client.GrpcClientProtocolService (GrpcClientProtocolService.java:lambda$processClientRequest$0(278)) - Failed RaftClientRequest:client-352D35361D97->localhost_10000@group-DB7CD3B4A7F8, cid=42, seq=0, RW, Message:321f0a0f0a0d74657374...(size=33), reply=RaftClientReply:client-352D35361D97->localhost_10000@group-DB7CD3B4A7F8, cid=42, FAILED org.apache.ratis.protocol.NotLeaderException: Server localhost_10000@group-DB7CD3B4A7F8 is not the leader, logIndex=0, commits[localhost_10000:c-1]
2019-09-26 13:33:05,285 INFO  client.GrpcClientProtocolService (GrpcClientProtocolService.java:lambda$processClientRequest$0(278)) - Failed RaftClientRequest:client-352D35361D97->localhost_10001@group-DB7CD3B4A7F8, cid=42, seq=0, RW, Message:321f0a0f0a0d74657374...(size=33), reply=RaftClientReply:client-352D35361D97->localhost_10001@group-DB7CD3B4A7F8, cid=42, FAILED org.apache.ratis.protocol.NotLeaderException: Server localhost_10001@group-DB7CD3B4A7F8 is not the leader, logIndex=0, commits[localhost_10001:c-1]
2019-09-26 13:33:05,286 INFO  client.GrpcClientProtocolService (GrpcClientProtocolService.java:lambda$processClientRequest$0(278)) - Failed RaftClientRequest:client-352D35361D97->localhost_10002@group-DB7CD3B4A7F8, cid=42, seq=0, RW, Message:321f0a0f0a0d74657374...(size=33), reply=RaftClientReply:client-352D35361D97->localhost_10002@group-DB7CD3B4A7F8, cid=42, FAILED org.apache.ratis.protocol.NotLeaderException: Server localhost_10002@group-DB7CD3B4A7F8 is not the leader, logIndex=0, commits[localhost_10002:c-1]
2019-09-26 13:33:05,288 INFO  client.GrpcClientProtocolService (GrpcClientProtocolService.java:lambda$processClientRequest$0(278)) - Failed RaftClientRequest:client-352D35361D97->localhost_10001@group-DB7CD3B4A7F8, cid=42, seq=0, RW, Message:321f0a0f0a0d74657374...(size=33), reply=RaftClientReply:client-352D35361D97->localhost_10001@group-DB7CD3B4A7F8, cid=42, FAILED org.apache.ratis.protocol.NotLeaderException: Server localhost_10001@group-DB7CD3B4A7F8 is not the leader, logIndex=0, commits[localhost_10001:c-1]
2019-09-26 13:33:05,289 INFO  client.GrpcClientProtocolService (GrpcClientProtocolService.java:lambda$processClientRequest$0(278)) - Failed RaftClientRequest:client-352D35361D97->localhost_10002@group-DB7CD3B4A7F8, cid=42, seq=0, RW, Message:321f0a0f0a0d74657374...(size=33), reply=RaftClientReply:client-352D35361D97->localhost_10002@group-DB7CD3B4A7F8, cid=42, FAILED org.apache.ratis.protocol.NotLeaderException: Server localhost_10002@group-DB7CD3B4A7F8 is not the leader, logIndex=0, commits[localhost_10002:c-1]
2019-09-26 13:33:05,291 INFO  client.GrpcClientProtocolService (GrpcClientProtocolService.java:lambda$processClientRequest$0(278)) - Failed RaftClientRequest:client-352D35361D97->localhost_10000@group-DB7CD3B4A7F8, cid=42, seq=0, RW, Message:321f0a0f0a0d74657374...(size=33), reply=RaftClientReply:client-352D35361D97->localhost_10000@group-DB7CD3B4A7F8, cid=42, FAILED org.apache.ratis.protocol.NotLeaderException: Server localhost_10000@group-DB7CD3B4A7F8 is not the leader, logIndex=0, commits[localhost_10000:c-1]
2019-09-26 13:33:05,293 INFO  client.GrpcClientProtocolService (GrpcClientProtocolService.java:lambda$processClientRequest$0(278)) - Failed RaftClientRequest:client-352D35361D97->localhost_10002@group-DB7CD3B4A7F8, cid=42, seq=0, RW, Message:321f0a0f0a0d74657374...(size=33), reply=RaftClientReply:client-352D35361D97->localhost_10002@group-DB7CD3B4A7F8, cid=42, FAILED org.apache.ratis.protocol.NotLeaderException: Server localhost_10002@group-DB7CD3B4A7F8 is not the leader, logIndex=0, commits[localhost_10002:c-1]
2019-09-26 13:33:05,295 INFO  client.GrpcClientProtocolService (GrpcClientProtocolService.java:lambda$processClientRequest$0(278)) - Failed RaftClientRequest:client-352D35361D97->localhost_10000@group-DB7CD3B4A7F8, cid=42, seq=0, RW, Message:321f0a0f0a0d74657374...(size=33), reply=RaftClientReply:client-352D35361D97->localhost_10000@group-DB7CD3B4A7F8, cid=42, FAILED org.apache.ratis.protocol.NotLeaderException: Server localhost_10000@group-DB7CD3B4A7F8 is not the leader, logIndex=0, commits[localhost_10000:c-1]
2019-09-26 13:33:05,296 INFO  client.GrpcClientProtocolService (GrpcClientProtocolService.java:lambda$processClientRequest$0(278)) - Failed RaftClientRequest:client-352D35361D97->localhost_10002@group-DB7CD3B4A7F8, cid=42, seq=0, RW, Message:321f0a0f0a0d74657374...(size=33), reply=RaftClientReply:client-352D35361D97->localhost_10002@group-DB7CD3B4A7F8, cid=42, FAILED org.apache.ratis.protocol.NotLeaderException: Server localhost_10002@group-DB7CD3B4A7F8 is not the leader, logIndex=0, commits[localhost_10002:c-1]
2019-09-26 13:33:05,298 INFO  client.GrpcClientProtocolService (GrpcClientProtocolService.java:lambda$processClientRequest$0(278)) - Failed RaftClientRequest:client-352D35361D97->localhost_10001@group-DB7CD3B4A7F8, cid=42, seq=0, RW, Message:321f0a0f0a0d74657374...(size=33), reply=RaftClientReply:client-352D35361D97->localhost_10001@group-DB7CD3B4A7F8, cid=42, FAILED org.apache.ratis.protocol.NotLeaderException: Server localhost_10001@group-DB7CD3B4A7F8 is not the leader, logIndex=0, commits[localhost_10001:c-1]
2019-09-26 13:33:05,300 INFO  client.GrpcClientProtocolService (GrpcClientProtocolService.java:lambda$processClientRequest$0(278)) - Failed RaftClientRequest:client-352D35361D97->localhost_10000@group-DB7CD3B4A7F8, cid=42, seq=0, RW, Message:321f0a0f0a0d74657374...(size=33), reply=RaftClientReply:client-352D35361D97->localhost_10000@group-DB7CD3B4A7F8, cid=42, FAILED org.apache.ratis.protocol.NotLeaderException: Server localhost_10000@group-DB7CD3B4A7F8 is not the leader, logIndex=0, commits[localhost_10000:c-1]
2019-09-26 13:33:05,301 INFO  client.GrpcClientProtocolService (GrpcClientProtocolService.java:lambda$processClientRequest$0(278)) - Failed RaftClientRequest:client-352D35361D97->localhost_10002@group-DB7CD3B4A7F8, cid=42, seq=0, RW, Message:321f0a0f0a0d74657374...(size=33), reply=RaftClientReply:client-352D35361D97->localhost_10002@group-DB7CD3B4A7F8, cid=42, FAILED org.apache.ratis.protocol.NotLeaderException: Server localhost_10002@group-DB7CD3B4A7F8 is not the leader, logIndex=0, commits[localhost_10002:c-1]
2019-09-26 13:33:05,303 INFO  client.GrpcClientProtocolService (GrpcClientProtocolService.java:lambda$processClientRequest$0(278)) - Failed RaftClientRequest:client-352D35361D97->localhost_10001@group-DB7CD3B4A7F8, cid=42, seq=0, RW, Message:321f0a0f0a0d74657374...(size=33), reply=RaftClientReply:client-352D35361D97->localhost_10001@group-DB7CD3B4A7F8, cid=42, FAILED org.apache.ratis.protocol.NotLeaderException: Server localhost_10001@group-DB7CD3B4A7F8 is not the leader, logIndex=0, commits[localhost_10001:c-1]
2019-09-26 13:33:05,304 INFO  client.GrpcClientProtocolService (GrpcClientProtocolService.java:lambda$processClientRequest$0(278)) - Failed RaftClientRequest:client-352D35361D97->localhost_10000@group-DB7CD3B4A7F8, cid=42, seq=0, RW, Message:321f0a0f0a0d74657374...(size=33), reply=RaftClientReply:client-352D35361D97->localhost_10000@group-DB7CD3B4A7F8, cid=42, FAILED org.apache.ratis.protocol.NotLeaderException: Server localhost_10000@group-DB7CD3B4A7F8 is not the leader, logIndex=0, commits[localhost_10000:c-1]
2019-09-26 13:33:05,306 INFO  client.GrpcClientProtocolService (GrpcClientProtocolService.java:lambda$processClientRequest$0(278)) - Failed RaftClientRequest:client-352D35361D97->localhost_10002@group-DB7CD3B4A7F8, cid=42, seq=0, RW, Message:321f0a0f0a0d74657374...(size=33), reply=RaftClientReply:client-352D35361D97->localhost_10002@group-DB7CD3B4A7F8, cid=42, FAILED org.apache.ratis.protocol.NotLeaderException: Server localhost_10002@group-DB7CD3B4A7F8 is not the leader, logIndex=0, commits[localhost_10002:c-1]
2019-09-26 13:33:05,308 INFO  client.GrpcClientProtocolService (GrpcClientProtocolService.java:lambda$processClientRequest$0(278)) - Failed RaftClientRequest:client-352D35361D97->localhost_10001@group-DB7CD3B4A7F8, cid=42, seq=0, RW, Message:321f0a0f0a0d74657374...(size=33), reply=RaftClientReply:client-352D35361D97->localhost_10001@group-DB7CD3B4A7F8, cid=42, FAILED org.apache.ratis.protocol.NotLeaderException: Server localhost_10001@group-DB7CD3B4A7F8 is not the leader, logIndex=0, commits[localhost_10001:c-1]
2019-09-26 13:33:05,310 INFO  client.GrpcClientProtocolService (GrpcClientProtocolService.java:lambda$processClientRequest$0(278)) - Failed RaftClientRequest:client-352D35361D97->localhost_10000@group-DB7CD3B4A7F8, cid=42, seq=0, RW, Message:321f0a0f0a0d74657374...(size=33), reply=RaftClientReply:client-352D35361D97->localhost_10000@group-DB7CD3B4A7F8, cid=42, FAILED org.apache.ratis.protocol.NotLeaderException: Server localhost_10000@group-DB7CD3B4A7F8 is not the leader, logIndex=0, commits[localhost_10000:c-1]
2019-09-26 13:33:05,311 INFO  client.GrpcClientProtocolService (GrpcClientProtocolService.java:lambda$processClientRequest$0(278)) - Failed RaftClientRequest:client-352D35361D97->localhost_10001@group-DB7CD3B4A7F8, cid=42, seq=0, RW, Message:321f0a0f0a0d74657374...(size=33), reply=RaftClientReply:client-352D35361D97->localhost_10001@group-DB7CD3B4A7F8, cid=42, FAILED org.apache.ratis.protocol.NotLeaderException: Server localhost_10001@group-DB7CD3B4A7F8 is not the leader, logIndex=0, commits[localhost_10001:c-1]
2019-09-26 13:33:05,313 INFO  client.GrpcClientProtocolService (GrpcClientProtocolService.java:lambda$processClientRequest$0(278)) - Failed RaftClientRequest:client-352D35361D97->localhost_10002@group-DB7CD3B4A7F8, cid=42, seq=0, RW, Message:321f0a0f0a0d74657374...(size=33), reply=RaftClientReply:client-352D35361D97->localhost_10002@group-DB7CD3B4A7F8, cid=42, FAILED org.apache.ratis.protocol.NotLeaderException: Server localhost_10002@group-DB7CD3B4A7F8 is not the leader, logIndex=0, commits[localhost_10002:c-1]
2019-09-26 13:33:05,314 INFO  client.GrpcClientProtocolService (GrpcClientProtocolService.java:lambda$processClientRequest$0(278)) - Failed RaftClientRequest:client-352D35361D97->localhost_10000@group-DB7CD3B4A7F8, cid=42, seq=0, RW, Message:321f0a0f0a0d74657374...(size=33), reply=RaftClientReply:client-352D35361D97->localhost_10000@group-DB7CD3B4A7F8, cid=42, FAILED org.apache.ratis.protocol.NotLeaderException: Server localhost_10000@group-DB7CD3B4A7F8 is not the leader, logIndex=0, commits[localhost_10000:c-1]
2019-09-26 13:33:05,316 INFO  client.GrpcClientProtocolService (GrpcClientProtocolService.java:lambda$processClientRequest$0(278)) - Failed RaftClientRequest:client-352D35361D97->localhost_10002@group-DB7CD3B4A7F8, cid=42, seq=0, RW, Message:321f0a0f0a0d74657374...(size=33), reply=RaftClientReply:client-352D35361D97->localhost_10002@group-DB7CD3B4A7F8, cid=42, FAILED org.apache.ratis.protocol.NotLeaderException: Server localhost_10002@group-DB7CD3B4A7F8 is not the leader, logIndex=0, commits[localhost_10002:c-1]
2019-09-26 13:33:05,318 INFO  client.GrpcClientProtocolService (GrpcClientProtocolService.java:lambda$processClientRequest$0(278)) - Failed RaftClientRequest:client-352D35361D97->localhost_10000@group-DB7CD3B4A7F8, cid=42, seq=0, RW, Message:321f0a0f0a0d74657374...(size=33), reply=RaftClientReply:client-352D35361D97->localhost_10000@group-DB7CD3B4A7F8, cid=42, FAILED org.apache.ratis.protocol.NotLeaderException: Server localhost_10000@group-DB7CD3B4A7F8 is not the leader, logIndex=0, commits[localhost_10000:c-1]
2019-09-26 13:33:05,319 INFO  client.GrpcClientProtocolService (GrpcClientProtocolService.java:lambda$processClientRequest$0(278)) - Failed RaftClientRequest:client-352D35361D97->localhost_10002@group-DB7CD3B4A7F8, cid=42, seq=0, RW, Message:321f0a0f0a0d74657374...(size=33), reply=RaftClientReply:client-352D35361D97->localhost_10002@group-DB7CD3B4A7F8, cid=42, FAILED org.apache.ratis.protocol.NotLeaderException: Server localhost_10002@group-DB7CD3B4A7F8 is not the leader, logIndex=0, commits[localhost_10002:c-1]
2019-09-26 13:33:05,321 INFO  client.GrpcClientProtocolService (GrpcClientProtocolService.java:lambda$processClientRequest$0(278)) - Failed RaftClientRequest:client-352D35361D97->localhost_10000@group-DB7CD3B4A7F8, cid=42, seq=0, RW, Message:321f0a0f0a0d74657374...(size=33), reply=RaftClientReply:client-352D35361D97->localhost_10000@group-DB7CD3B4A7F8, cid=42, FAILED org.apache.ratis.protocol.NotLeaderException: Server localhost_10000@group-DB7CD3B4A7F8 is not the leader, logIndex=0, commits[localhost_10000:c-1]
2019-09-26 13:33:05,323 INFO  client.GrpcClientProtocolService (GrpcClientProtocolService.java:lambda$processClientRequest$0(278)) - Failed RaftClientRequest:client-352D35361D97->localhost_10002@group-DB7CD3B4A7F8, cid=42, seq=0, RW, Message:321f0a0f0a0d74657374...(size=33), reply=RaftClientReply:client-352D35361D97->localhost_10002@group-DB7CD3B4A7F8, cid=42, FAILED org.apache.ratis.protocol.NotLeaderException: Server localhost_10002@group-DB7CD3B4A7F8 is not the leader, logIndex=0, commits[localhost_10002:c-1]
2019-09-26 13:33:05,324 INFO  client.GrpcClientProtocolService (GrpcClientProtocolService.java:lambda$processClientRequest$0(278)) - Failed RaftClientRequest:client-352D35361D97->localhost_10000@group-DB7CD3B4A7F8, cid=42, seq=0, RW, Message:321f0a0f0a0d74657374...(size=33), reply=RaftClientReply:client-352D35361D97->localhost_10000@group-DB7CD3B4A7F8, cid=42, FAILED org.apache.ratis.protocol.NotLeaderException: Server localhost_10000@group-DB7CD3B4A7F8 is not the leader, logIndex=0, commits[localhost_10000:c-1]
2019-09-26 13:33:05,326 INFO  client.GrpcClientProtocolService (GrpcClientProtocolService.java:lambda$processClientRequest$0(278)) - Failed RaftClientRequest:client-352D35361D97->localhost_10001@group-DB7CD3B4A7F8, cid=42, seq=0, RW, Message:321f0a0f0a0d74657374...(size=33), reply=RaftClientReply:client-352D35361D97->localhost_10001@group-DB7CD3B4A7F8, cid=42, FAILED org.apache.ratis.protocol.NotLeaderException: Server localhost_10001@group-DB7CD3B4A7F8 is not the leader, logIndex=0, commits[localhost_10001:c-1]
2019-09-26 13:33:05,328 INFO  client.GrpcClientProtocolService (GrpcClientProtocolService.java:lambda$processClientRequest$0(278)) - Failed RaftClientRequest:client-352D35361D97->localhost_10000@group-DB7CD3B4A7F8, cid=42, seq=0, RW, Message:321f0a0f0a0d74657374...(size=33), reply=RaftClientReply:client-352D35361D97->localhost_10000@group-DB7CD3B4A7F8, cid=42, FAILED org.apache.ratis.protocol.NotLeaderException: Server localhost_10000@group-DB7CD3B4A7F8 is not the leader, logIndex=0, commits[localhost_10000:c-1]
2019-09-26 13:33:05,330 INFO  client.GrpcClientProtocolService (GrpcClientProtocolService.java:lambda$processClientRequest$0(278)) - Failed RaftClientRequest:client-352D35361D97->localhost_10001@group-DB7CD3B4A7F8, cid=42, seq=0, RW, Message:321f0a0f0a0d74657374...(size=33), reply=RaftClientReply:client-352D35361D97->localhost_10001@group-DB7CD3B4A7F8, cid=42, FAILED org.apache.ratis.protocol.NotLeaderException: Server localhost_10001@group-DB7CD3B4A7F8 is not the leader, logIndex=0, commits[localhost_10001:c-1]
2019-09-26 13:33:05,331 INFO  client.GrpcClientProtocolService (GrpcClientProtocolService.java:lambda$processClientRequest$0(278)) - Failed RaftClientRequest:client-352D35361D97->localhost_10002@group-DB7CD3B4A7F8, cid=42, seq=0, RW, Message:321f0a0f0a0d74657374...(size=33), reply=RaftClientReply:client-352D35361D97->localhost_10002@group-DB7CD3B4A7F8, cid=42, FAILED org.apache.ratis.protocol.NotLeaderException: Server localhost_10002@group-DB7CD3B4A7F8 is not the leader, logIndex=0, commits[localhost_10002:c-1]
2019-09-26 13:33:05,333 INFO  client.GrpcClientProtocolService (GrpcClientProtocolService.java:lambda$processClientRequest$0(278)) - Failed RaftClientRequest:client-352D35361D97->localhost_10001@group-DB7CD3B4A7F8, cid=42, seq=0, RW, Message:321f0a0f0a0d74657374...(size=33), reply=RaftClientReply:client-352D35361D97->localhost_10001@group-DB7CD3B4A7F8, cid=42, FAILED org.apache.ratis.protocol.NotLeaderException: Server localhost_10001@group-DB7CD3B4A7F8 is not the leader, logIndex=0, commits[localhost_10001:c-1]
2019-09-26 13:33:05,335 INFO  client.GrpcClientProtocolService (GrpcClientProtocolService.java:lambda$processClientRequest$0(278)) - Failed RaftClientRequest:client-352D35361D97->localhost_10002@group-DB7CD3B4A7F8, cid=42, seq=0, RW, Message:321f0a0f0a0d74657374...(size=33), reply=RaftClientReply:client-352D35361D97->localhost_10002@group-DB7CD3B4A7F8, cid=42, FAILED org.apache.ratis.protocol.NotLeaderException: Server localhost_10002@group-DB7CD3B4A7F8 is not the leader, logIndex=0, commits[localhost_10002:c-1]
2019-09-26 13:33:05,336 INFO  client.GrpcClientProtocolService (GrpcClientProtocolService.java:lambda$processClientRequest$0(278)) - Failed RaftClientRequest:client-352D35361D97->localhost_10001@group-DB7CD3B4A7F8, cid=42, seq=0, RW, Message:321f0a0f0a0d74657374...(size=33), reply=RaftClientReply:client-352D35361D97->localhost_10001@group-DB7CD3B4A7F8, cid=42, FAILED org.apache.ratis.protocol.NotLeaderException: Server localhost_10001@group-DB7CD3B4A7F8 is not the leader, logIndex=0, commits[localhost_10001:c-1]
2019-09-26 13:33:05,338 INFO  client.GrpcClientProtocolService (GrpcClientProtocolService.java:lambda$processClientRequest$0(278)) - Failed RaftClientRequest:client-352D35361D97->localhost_10000@group-DB7CD3B4A7F8, cid=42, seq=0, RW, Message:321f0a0f0a0d74657374...(size=33), reply=RaftClientReply:client-352D35361D97->localhost_10000@group-DB7CD3B4A7F8, cid=42, FAILED org.apache.ratis.protocol.NotLeaderException: Server localhost_10000@group-DB7CD3B4A7F8 is not the leader, logIndex=0, commits[localhost_10000:c-1]
2019-09-26 13:33:05,340 INFO  client.GrpcClientProtocolService (GrpcClientProtocolService.java:lambda$processClientRequest$0(278)) - Failed RaftClientRequest:client-352D35361D97->localhost_10001@group-DB7CD3B4A7F8, cid=42, seq=0, RW, Message:321f0a0f0a0d74657374...(size=33), reply=RaftClientReply:client-352D35361D97->localhost_10001@group-DB7CD3B4A7F8, cid=42, FAILED org.apache.ratis.protocol.NotLeaderException: Server localhost_10001@group-DB7CD3B4A7F8 is not the leader, logIndex=0, commits[localhost_10001:c-1]
2019-09-26 13:33:05,342 INFO  client.GrpcClientProtocolService (GrpcClientProtocolService.java:lambda$processClientRequest$0(278)) - Failed RaftClientRequest:client-352D35361D97->localhost_10002@group-DB7CD3B4A7F8, cid=42, seq=0, RW, Message:321f0a0f0a0d74657374...(size=33), reply=RaftClientReply:client-352D35361D97->localhost_10002@group-DB7CD3B4A7F8, cid=42, FAILED org.apache.ratis.protocol.NotLeaderException: Server localhost_10002@group-DB7CD3B4A7F8 is not the leader, logIndex=0, commits[localhost_10002:c-1]
2019-09-26 13:33:05,343 INFO  client.GrpcClientProtocolService (GrpcClientProtocolService.java:lambda$processClientRequest$0(278)) - Failed RaftClientRequest:client-352D35361D97->localhost_10001@group-DB7CD3B4A7F8, cid=42, seq=0, RW, Message:321f0a0f0a0d74657374...(size=33), reply=RaftClientReply:client-352D35361D97->localhost_10001@group-DB7CD3B4A7F8, cid=42, FAILED org.apache.ratis.protocol.NotLeaderException: Server localhost_10001@group-DB7CD3B4A7F8 is not the leader, logIndex=0, commits[localhost_10001:c-1]
2019-09-26 13:33:05,345 INFO  client.GrpcClientProtocolService (GrpcClientProtocolService.java:lambda$processClientRequest$0(278)) - Failed RaftClientRequest:client-352D35361D97->localhost_10002@group-DB7CD3B4A7F8, cid=42, seq=0, RW, Message:321f0a0f0a0d74657374...(size=33), reply=RaftClientReply:client-352D35361D97->localhost_10002@group-DB7CD3B4A7F8, cid=42, FAILED org.apache.ratis.protocol.NotLeaderException: Server localhost_10002@group-DB7CD3B4A7F8 is not the leader, logIndex=0, commits[localhost_10002:c-1]
2019-09-26 13:33:05,347 INFO  client.GrpcClientProtocolService (GrpcClientProtocolService.java:lambda$processClientRequest$0(278)) - Failed RaftClientRequest:client-352D35361D97->localhost_10001@group-DB7CD3B4A7F8, cid=42, seq=0, RW, Message:321f0a0f0a0d74657374...(size=33), reply=RaftClientReply:client-352D35361D97->localhost_10001@group-DB7CD3B4A7F8, cid=42, FAILED org.apache.ratis.protocol.NotLeaderException: Server localhost_10001@group-DB7CD3B4A7F8 is not the leader, logIndex=0, commits[localhost_10001:c-1]
2019-09-26 13:33:05,349 INFO  client.GrpcClientProtocolService (GrpcClientProtocolService.java:lambda$processClientRequest$0(278)) - Failed RaftClientRequest:client-352D35361D97->localhost_10000@group-DB7CD3B4A7F8, cid=42, seq=0, RW, Message:321f0a0f0a0d74657374...(size=33), reply=RaftClientReply:client-352D35361D97->localhost_10000@group-DB7CD3B4A7F8, cid=42, FAILED org.apache.ratis.protocol.NotLeaderException: Server localhost_10000@group-DB7CD3B4A7F8 is not the leader, logIndex=0, commits[localhost_10000:c-1]
2019-09-26 13:33:05,350 INFO  client.GrpcClientProtocolService (GrpcClientProtocolService.java:lambda$processClientRequest$0(278)) - Failed RaftClientRequest:client-352D35361D97->localhost_10002@group-DB7CD3B4A7F8, cid=42, seq=0, RW, Message:321f0a0f0a0d74657374...(size=33), reply=RaftClientReply:client-352D35361D97->localhost_10002@group-DB7CD3B4A7F8, cid=42, FAILED org.apache.ratis.protocol.NotLeaderException: Server localhost_10002@group-DB7CD3B4A7F8 is not the leader, logIndex=0, commits[localhost_10002:c-1]
2019-09-26 13:33:05,352 INFO  client.GrpcClientProtocolService (GrpcClientProtocolService.java:lambda$processClientRequest$0(278)) - Failed RaftClientRequest:client-352D35361D97->localhost_10001@group-DB7CD3B4A7F8, cid=42, seq=0, RW, Message:321f0a0f0a0d74657374...(size=33), reply=RaftClientReply:client-352D35361D97->localhost_10001@group-DB7CD3B4A7F8, cid=42, FAILED org.apache.ratis.protocol.NotLeaderException: Server localhost_10001@group-DB7CD3B4A7F8 is not the leader, logIndex=0, commits[localhost_10001:c-1]
2019-09-26 13:33:05,354 INFO  client.GrpcClientProtocolService (GrpcClientProtocolService.java:lambda$processClientRequest$0(278)) - Failed RaftClientRequest:client-352D35361D97->localhost_10000@group-DB7CD3B4A7F8, cid=42, seq=0, RW, Message:321f0a0f0a0d74657374...(size=33), reply=RaftClientReply:client-352D35361D97->localhost_10000@group-DB7CD3B4A7F8, cid=42, FAILED org.apache.ratis.protocol.NotLeaderException: Server localhost_10000@group-DB7CD3B4A7F8 is not the leader, logIndex=0, commits[localhost_10000:c-1]
2019-09-26 13:33:05,355 INFO  client.GrpcClientProtocolService (GrpcClientProtocolService.java:lambda$processClientRequest$0(278)) - Failed RaftClientRequest:client-352D35361D97->localhost_10001@group-DB7CD3B4A7F8, cid=42, seq=0, RW, Message:321f0a0f0a0d74657374...(size=33), reply=RaftClientReply:client-352D35361D97->localhost_10001@group-DB7CD3B4A7F8, cid=42, FAILED org.apache.ratis.protocol.NotLeaderException: Server localhost_10001@group-DB7CD3B4A7F8 is not the leader, logIndex=0, commits[localhost_10001:c-1]
2019-09-26 13:33:05,357 INFO  client.GrpcClientProtocolService (GrpcClientProtocolService.java:lambda$processClientRequest$0(278)) - Failed RaftClientRequest:client-352D35361D97->localhost_10002@group-DB7CD3B4A7F8, cid=42, seq=0, RW, Message:321f0a0f0a0d74657374...(size=33), reply=RaftClientReply:client-352D35361D97->localhost_10002@group-DB7CD3B4A7F8, cid=42, FAILED org.apache.ratis.protocol.NotLeaderException: Server localhost_10002@group-DB7CD3B4A7F8 is not the leader, logIndex=0, commits[localhost_10002:c-1]
2019-09-26 13:33:05,358 INFO  client.GrpcClientProtocolService (GrpcClientProtocolService.java:lambda$processClientRequest$0(278)) - Failed RaftClientRequest:client-352D35361D97->localhost_10001@group-DB7CD3B4A7F8, cid=42, seq=0, RW, Message:321f0a0f0a0d74657374...(size=33), reply=RaftClientReply:client-352D35361D97->localhost_10001@group-DB7CD3B4A7F8, cid=42, FAILED org.apache.ratis.protocol.NotLeaderException: Server localhost_10001@group-DB7CD3B4A7F8 is not the leader, logIndex=0, commits[localhost_10001:c-1]
2019-09-26 13:33:05,360 INFO  client.GrpcClientProtocolService (GrpcClientProtocolService.java:lambda$processClientRequest$0(278)) - Failed RaftClientRequest:client-352D35361D97->localhost_10000@group-DB7CD3B4A7F8, cid=42, seq=0, RW, Message:321f0a0f0a0d74657374...(size=33), reply=RaftClientReply:client-352D35361D97->localhost_10000@group-DB7CD3B4A7F8, cid=42, FAILED org.apache.ratis.protocol.NotLeaderException: Server localhost_10000@group-DB7CD3B4A7F8 is not the leader, logIndex=0, commits[localhost_10000:c-1]
2019-09-26 13:33:05,361 INFO  client.GrpcClientProtocolService (GrpcClientProtocolService.java:lambda$processClientRequest$0(278)) - Failed RaftClientRequest:client-352D35361D97->localhost_10001@group-DB7CD3B4A7F8, cid=42, seq=0, RW, Message:321f0a0f0a0d74657374...(size=33), reply=RaftClientReply:client-352D35361D97->localhost_10001@group-DB7CD3B4A7F8, cid=42, FAILED org.apache.ratis.protocol.NotLeaderException: Server localhost_10001@group-DB7CD3B4A7F8 is not the leader, logIndex=0, commits[localhost_10001:c-1]
2019-09-26 13:33:05,363 INFO  client.GrpcClientProtocolService (GrpcClientProtocolService.java:lambda$processClientRequest$0(278)) - Failed RaftClientRequest:client-352D35361D97->localhost_10002@group-DB7CD3B4A7F8, cid=42, seq=0, RW, Message:321f0a0f0a0d74657374...(size=33), reply=RaftClientReply:client-352D35361D97->localhost_10002@group-DB7CD3B4A7F8, cid=42, FAILED org.apache.ratis.protocol.NotLeaderException: Server localhost_10002@group-DB7CD3B4A7F8 is not the leader, logIndex=0, commits[localhost_10002:c-1]
2019-09-26 13:33:05,364 INFO  client.GrpcClientProtocolService (GrpcClientProtocolService.java:lambda$processClientRequest$0(278)) - Failed RaftClientRequest:client-352D35361D97->localhost_10000@group-DB7CD3B4A7F8, cid=42, seq=0, RW, Message:321f0a0f0a0d74657374...(size=33), reply=RaftClientReply:client-352D35361D97->localhost_10000@group-DB7CD3B4A7F8, cid=42, FAILED org.apache.ratis.protocol.NotLeaderException: Server localhost_10000@group-DB7CD3B4A7F8 is not the leader, logIndex=0, commits[localhost_10000:c-1]
2019-09-26 13:33:05,366 INFO  client.GrpcClientProtocolService (GrpcClientProtocolService.java:lambda$processClientRequest$0(278)) - Failed RaftClientRequest:client-352D35361D97->localhost_10002@group-DB7CD3B4A7F8, cid=42, seq=0, RW, Message:321f0a0f0a0d74657374...(size=33), reply=RaftClientReply:client-352D35361D97->localhost_10002@group-DB7CD3B4A7F8, cid=42, FAILED org.apache.ratis.protocol.NotLeaderException: Server localhost_10002@group-DB7CD3B4A7F8 is not the leader, logIndex=0, commits[localhost_10002:c-1]
2019-09-26 13:33:05,367 INFO  client.GrpcClientProtocolService (GrpcClientProtocolService.java:lambda$processClientRequest$0(278)) - Failed RaftClientRequest:client-352D35361D97->localhost_10000@group-DB7CD3B4A7F8, cid=42, seq=0, RW, Message:321f0a0f0a0d74657374...(size=33), reply=RaftClientReply:client-352D35361D97->localhost_10000@group-DB7CD3B4A7F8, cid=42, FAILED org.apache.ratis.protocol.NotLeaderException: Server localhost_10000@group-DB7CD3B4A7F8 is not the leader, logIndex=0, commits[localhost_10000:c-1]
2019-09-26 13:33:05,369 INFO  client.GrpcClientProtocolService (GrpcClientProtocolService.java:lambda$processClientRequest$0(278)) - Failed RaftClientRequest:client-352D35361D97->localhost_10001@group-DB7CD3B4A7F8, cid=42, seq=0, RW, Message:321f0a0f0a0d74657374...(size=33), reply=RaftClientReply:client-352D35361D97->localhost_10001@group-DB7CD3B4A7F8, cid=42, FAILED org.apache.ratis.protocol.NotLeaderException: Server localhost_10001@group-DB7CD3B4A7F8 is not the leader, logIndex=0, commits[localhost_10001:c-1]
2019-09-26 13:33:05,371 INFO  client.GrpcClientProtocolService (GrpcClientProtocolService.java:lambda$processClientRequest$0(278)) - Failed RaftClientRequest:client-352D35361D97->localhost_10000@group-DB7CD3B4A7F8, cid=42, seq=0, RW, Message:321f0a0f0a0d74657374...(size=33), reply=RaftClientReply:client-352D35361D97->localhost_10000@group-DB7CD3B4A7F8, cid=42, FAILED org.apache.ratis.protocol.NotLeaderException: Server localhost_10000@group-DB7CD3B4A7F8 is not the leader, logIndex=0, commits[localhost_10000:c-1]
2019-09-26 13:33:05,372 INFO  client.GrpcClientProtocolService (GrpcClientProtocolService.java:lambda$processClientRequest$0(278)) - Failed RaftClientRequest:client-352D35361D97->localhost_10001@group-DB7CD3B4A7F8, cid=42, seq=0, RW, Message:321f0a0f0a0d74657374...(size=33), reply=RaftClientReply:client-352D35361D97->localhost_10001@group-DB7CD3B4A7F8, cid=42, FAILED org.apache.ratis.protocol.NotLeaderException: Server localhost_10001@group-DB7CD3B4A7F8 is not the leader, logIndex=0, commits[localhost_10001:c-1]
2019-09-26 13:33:05,374 INFO  client.GrpcClientProtocolService (GrpcClientProtocolService.java:lambda$processClientRequest$0(278)) - Failed RaftClientRequest:client-352D35361D97->localhost_10000@group-DB7CD3B4A7F8, cid=42, seq=0, RW, Message:321f0a0f0a0d74657374...(size=33), reply=RaftClientReply:client-352D35361D97->localhost_10000@group-DB7CD3B4A7F8, cid=42, FAILED org.apache.ratis.protocol.NotLeaderException: Server localhost_10000@group-DB7CD3B4A7F8 is not the leader, logIndex=0, commits[localhost_10000:c-1]
2019-09-26 13:33:05,376 INFO  client.GrpcClientProtocolService (GrpcClientProtocolService.java:lambda$processClientRequest$0(278)) - Failed RaftClientRequest:client-352D35361D97->localhost_10002@group-DB7CD3B4A7F8, cid=42, seq=0, RW, Message:321f0a0f0a0d74657374...(size=33), reply=RaftClientReply:client-352D35361D97->localhost_10002@group-DB7CD3B4A7F8, cid=42, FAILED org.apache.ratis.protocol.NotLeaderException: Server localhost_10002@group-DB7CD3B4A7F8 is not the leader, logIndex=0, commits[localhost_10002:c-1]
2019-09-26 13:33:05,377 INFO  client.GrpcClientProtocolService (GrpcClientProtocolService.java:lambda$processClientRequest$0(278)) - Failed RaftClientRequest:client-352D35361D97->localhost_10001@group-DB7CD3B4A7F8, cid=42, seq=0, RW, Message:321f0a0f0a0d74657374...(size=33), reply=RaftClientReply:client-352D35361D97->localhost_10001@group-DB7CD3B4A7F8, cid=42, FAILED org.apache.ratis.protocol.NotLeaderException: Server localhost_10001@group-DB7CD3B4A7F8 is not the leader, logIndex=0, commits[localhost_10001:c-1]
2019-09-26 13:33:05,379 INFO  client.GrpcClientProtocolService (GrpcClientProtocolService.java:lambda$processClientRequest$0(278)) - Failed RaftClientRequest:client-352D35361D97->localhost_10002@group-DB7CD3B4A7F8, cid=42, seq=0, RW, Message:321f0a0f0a0d74657374...(size=33), reply=RaftClientReply:client-352D35361D97->localhost_10002@group-DB7CD3B4A7F8, cid=42, FAILED org.apache.ratis.protocol.NotLeaderException: Server localhost_10002@group-DB7CD3B4A7F8 is not the leader, logIndex=0, commits[localhost_10002:c-1]
2019-09-26 13:33:05,381 INFO  client.GrpcClientProtocolService (GrpcClientProtocolService.java:lambda$processClientRequest$0(278)) - Failed RaftClientRequest:client-352D35361D97->localhost_10000@group-DB7CD3B4A7F8, cid=42, seq=0, RW, Message:321f0a0f0a0d74657374...(size=33), reply=RaftClientReply:client-352D35361D97->localhost_10000@group-DB7CD3B4A7F8, cid=42, FAILED org.apache.ratis.protocol.NotLeaderException: Server localhost_10000@group-DB7CD3B4A7F8 is not the leader, logIndex=0, commits[localhost_10000:c-1]
2019-09-26 13:33:05,382 INFO  client.GrpcClientProtocolService (GrpcClientProtocolService.java:lambda$processClientRequest$0(278)) - Failed RaftClientRequest:client-352D35361D97->localhost_10001@group-DB7CD3B4A7F8, cid=42, seq=0, RW, Message:321f0a0f0a0d74657374...(size=33), reply=RaftClientReply:client-352D35361D97->localhost_10001@group-DB7CD3B4A7F8, cid=42, FAILED org.apache.ratis.protocol.NotLeaderException: Server localhost_10001@group-DB7CD3B4A7F8 is not the leader, logIndex=0, commits[localhost_10001:c-1]
2019-09-26 13:33:05,384 INFO  client.GrpcClientProtocolService (GrpcClientProtocolService.java:lambda$processClientRequest$0(278)) - Failed RaftClientRequest:client-352D35361D97->localhost_10000@group-DB7CD3B4A7F8, cid=42, seq=0, RW, Message:321f0a0f0a0d74657374...(size=33), reply=RaftClientReply:client-352D35361D97->localhost_10000@group-DB7CD3B4A7F8, cid=42, FAILED org.apache.ratis.protocol.NotLeaderException: Server localhost_10000@group-DB7CD3B4A7F8 is not the leader, logIndex=0, commits[localhost_10000:c-1]
2019-09-26 13:33:05,385 INFO  client.GrpcClientProtocolService (GrpcClientProtocolService.java:lambda$processClientRequest$0(278)) - Failed RaftClientRequest:client-352D35361D97->localhost_10002@group-DB7CD3B4A7F8, cid=42, seq=0, RW, Message:321f0a0f0a0d74657374...(size=33), reply=RaftClientReply:client-352D35361D97->localhost_10002@group-DB7CD3B4A7F8, cid=42, FAILED org.apache.ratis.protocol.NotLeaderException: Server localhost_10002@group-DB7CD3B4A7F8 is not the leader, logIndex=0, commits[localhost_10002:c-1]
2019-09-26 13:33:05,388 INFO  client.GrpcClientProtocolService (GrpcClientProtocolService.java:lambda$processClientRequest$0(278)) - Failed RaftClientRequest:client-352D35361D97->localhost_10001@group-DB7CD3B4A7F8, cid=42, seq=0, RW, Message:321f0a0f0a0d74657374...(size=33), reply=RaftClientReply:client-352D35361D97->localhost_10001@group-DB7CD3B4A7F8, cid=42, FAILED org.apache.ratis.protocol.NotLeaderException: Server localhost_10001@group-DB7CD3B4A7F8 is not the leader, logIndex=0, commits[localhost_10001:c-1]
2019-09-26 13:33:05,389 INFO  client.GrpcClientProtocolService (GrpcClientProtocolService.java:lambda$processClientRequest$0(278)) - Failed RaftClientRequest:client-352D35361D97->localhost_10002@group-DB7CD3B4A7F8, cid=42, seq=0, RW, Message:321f0a0f0a0d74657374...(size=33), reply=RaftClientReply:client-352D35361D97->localhost_10002@group-DB7CD3B4A7F8, cid=42, FAILED org.apache.ratis.protocol.NotLeaderException: Server localhost_10002@group-DB7CD3B4A7F8 is not the leader, logIndex=0, commits[localhost_10002:c-1]
2019-09-26 13:33:05,391 INFO  client.GrpcClientProtocolService (GrpcClientProtocolService.java:lambda$processClientRequest$0(278)) - Failed RaftClientRequest:client-352D35361D97->localhost_10000@group-DB7CD3B4A7F8, cid=42, seq=0, RW, Message:321f0a0f0a0d74657374...(size=33), reply=RaftClientReply:client-352D35361D97->localhost_10000@group-DB7CD3B4A7F8, cid=42, FAILED org.apache.ratis.protocol.NotLeaderException: Server localhost_10000@group-DB7CD3B4A7F8 is not the leader, logIndex=0, commits[localhost_10000:c-1]
2019-09-26 13:33:05,393 INFO  client.GrpcClientProtocolService (GrpcClientProtocolService.java:lambda$processClientRequest$0(278)) - Failed RaftClientRequest:client-352D35361D97->localhost_10001@group-DB7CD3B4A7F8, cid=42, seq=0, RW, Message:321f0a0f0a0d74657374...(size=33), reply=RaftClientReply:client-352D35361D97->localhost_10001@group-DB7CD3B4A7F8, cid=42, FAILED org.apache.ratis.protocol.NotLeaderException: Server localhost_10001@group-DB7CD3B4A7F8 is not the leader, logIndex=0, commits[localhost_10001:c-1]
2019-09-26 13:33:05,395 INFO  client.GrpcClientProtocolService (GrpcClientProtocolService.java:lambda$processClientRequest$0(278)) - Failed RaftClientRequest:client-352D35361D97->localhost_10002@group-DB7CD3B4A7F8, cid=42, seq=0, RW, Message:321f0a0f0a0d74657374...(size=33), reply=RaftClientReply:client-352D35361D97->localhost_10002@group-DB7CD3B4A7F8, cid=42, FAILED org.apache.ratis.protocol.NotLeaderException: Server localhost_10002@group-DB7CD3B4A7F8 is not the leader, logIndex=0, commits[localhost_10002:c-1]
2019-09-26 13:33:05,397 INFO  client.GrpcClientProtocolService (GrpcClientProtocolService.java:lambda$processClientRequest$0(278)) - Failed RaftClientRequest:client-352D35361D97->localhost_10000@group-DB7CD3B4A7F8, cid=42, seq=0, RW, Message:321f0a0f0a0d74657374...(size=33), reply=RaftClientReply:client-352D35361D97->localhost_10000@group-DB7CD3B4A7F8, cid=42, FAILED org.apache.ratis.protocol.NotLeaderException: Server localhost_10000@group-DB7CD3B4A7F8 is not the leader, logIndex=0, commits[localhost_10000:c-1]
2019-09-26 13:33:05,399 INFO  client.GrpcClientProtocolService (GrpcClientProtocolService.java:lambda$processClientRequest$0(278)) - Failed RaftClientRequest:client-352D35361D97->localhost_10002@group-DB7CD3B4A7F8, cid=42, seq=0, RW, Message:321f0a0f0a0d74657374...(size=33), reply=RaftClientReply:client-352D35361D97->localhost_10002@group-DB7CD3B4A7F8, cid=42, FAILED org.apache.ratis.protocol.NotLeaderException: Server localhost_10002@group-DB7CD3B4A7F8 is not the leader, logIndex=0, commits[localhost_10002:c-1]
2019-09-26 13:33:05,401 INFO  client.GrpcClientProtocolService (GrpcClientProtocolService.java:lambda$processClientRequest$0(278)) - Failed RaftClientRequest:client-352D35361D97->localhost_10001@group-DB7CD3B4A7F8, cid=42, seq=0, RW, Message:321f0a0f0a0d74657374...(size=33), reply=RaftClientReply:client-352D35361D97->localhost_10001@group-DB7CD3B4A7F8, cid=42, FAILED org.apache.ratis.protocol.NotLeaderException: Server localhost_10001@group-DB7CD3B4A7F8 is not the leader, logIndex=0, commits[localhost_10001:c-1]
2019-09-26 13:33:05,403 INFO  client.GrpcClientProtocolService (GrpcClientProtocolService.java:lambda$processClientRequest$0(278)) - Failed RaftClientRequest:client-352D35361D97->localhost_10000@group-DB7CD3B4A7F8, cid=42, seq=0, RW, Message:321f0a0f0a0d74657374...(size=33), reply=RaftClientReply:client-352D35361D97->localhost_10000@group-DB7CD3B4A7F8, cid=42, FAILED org.apache.ratis.protocol.NotLeaderException: Server localhost_10000@group-DB7CD3B4A7F8 is not the leader, logIndex=0, commits[localhost_10000:c-1]
2019-09-26 13:33:05,404 INFO  client.GrpcClientProtocolService (GrpcClientProtocolService.java:lambda$processClientRequest$0(278)) - Failed RaftClientRequest:client-352D35361D97->localhost_10002@group-DB7CD3B4A7F8, cid=42, seq=0, RW, Message:321f0a0f0a0d74657374...(size=33), reply=RaftClientReply:client-352D35361D97->localhost_10002@group-DB7CD3B4A7F8, cid=42, FAILED org.apache.ratis.protocol.NotLeaderException: Server localhost_10002@group-DB7CD3B4A7F8 is not the leader, logIndex=0, commits[localhost_10002:c-1]
2019-09-26 13:33:05,406 INFO  client.GrpcClientProtocolService (GrpcClientProtocolService.java:lambda$processClientRequest$0(278)) - Failed RaftClientRequest:client-352D35361D97->localhost_10001@group-DB7CD3B4A7F8, cid=42, seq=0, RW, Message:321f0a0f0a0d74657374...(size=33), reply=RaftClientReply:client-352D35361D97->localhost_10001@group-DB7CD3B4A7F8, cid=42, FAILED org.apache.ratis.protocol.NotLeaderException: Server localhost_10001@group-DB7CD3B4A7F8 is not the leader, logIndex=0, commits[localhost_10001:c-1]
2019-09-26 13:33:05,408 INFO  client.GrpcClientProtocolService (GrpcClientProtocolService.java:lambda$processClientRequest$0(278)) - Failed RaftClientRequest:client-352D35361D97->localhost_10002@group-DB7CD3B4A7F8, cid=42, seq=0, RW, Message:321f0a0f0a0d74657374...(size=33), reply=RaftClientReply:client-352D35361D97->localhost_10002@group-DB7CD3B4A7F8, cid=42, FAILED org.apache.ratis.protocol.NotLeaderException: Server localhost_10002@group-DB7CD3B4A7F8 is not the leader, logIndex=0, commits[localhost_10002:c-1]
2019-09-26 13:33:05,410 INFO  client.GrpcClientProtocolService (GrpcClientProtocolService.java:lambda$processClientRequest$0(278)) - Failed RaftClientRequest:client-352D35361D97->localhost_10001@group-DB7CD3B4A7F8, cid=42, seq=0, RW, Message:321f0a0f0a0d74657374...(size=33), reply=RaftClientReply:client-352D35361D97->localhost_10001@group-DB7CD3B4A7F8, cid=42, FAILED org.apache.ratis.protocol.NotLeaderException: Server localhost_10001@group-DB7CD3B4A7F8 is not the leader, logIndex=0, commits[localhost_10001:c-1]
2019-09-26 13:33:05,411 INFO  client.GrpcClientProtocolService (GrpcClientProtocolService.java:lambda$processClientRequest$0(278)) - Failed RaftClientRequest:client-352D35361D97->localhost_10002@group-DB7CD3B4A7F8, cid=42, seq=0, RW, Message:321f0a0f0a0d74657374...(size=33), reply=RaftClientReply:client-352D35361D97->localhost_10002@group-DB7CD3B4A7F8, cid=42, FAILED org.apache.ratis.protocol.NotLeaderException: Server localhost_10002@group-DB7CD3B4A7F8 is not the leader, logIndex=0, commits[localhost_10002:c-1]
2019-09-26 13:33:05,413 INFO  client.GrpcClientProtocolService (GrpcClientProtocolService.java:lambda$processClientRequest$0(278)) - Failed RaftClientRequest:client-352D35361D97->localhost_10000@group-DB7CD3B4A7F8, cid=42, seq=0, RW, Message:321f0a0f0a0d74657374...(size=33), reply=RaftClientReply:client-352D35361D97->localhost_10000@group-DB7CD3B4A7F8, cid=42, FAILED org.apache.ratis.protocol.NotLeaderException: Server localhost_10000@group-DB7CD3B4A7F8 is not the leader, logIndex=0, commits[localhost_10000:c-1]
2019-09-26 13:33:05,415 INFO  client.GrpcClientProtocolService (GrpcClientProtocolService.java:lambda$processClientRequest$0(278)) - Failed RaftClientRequest:client-352D35361D97->localhost_10001@group-DB7CD3B4A7F8, cid=42, seq=0, RW, Message:321f0a0f0a0d74657374...(size=33), reply=RaftClientReply:client-352D35361D97->localhost_10001@group-DB7CD3B4A7F8, cid=42, FAILED org.apache.ratis.protocol.NotLeaderException: Server localhost_10001@group-DB7CD3B4A7F8 is not the leader, logIndex=0, commits[localhost_10001:c-1]
2019-09-26 13:33:05,417 INFO  client.GrpcClientProtocolService (GrpcClientProtocolService.java:lambda$processClientRequest$0(278)) - Failed RaftClientRequest:client-352D35361D97->localhost_10002@group-DB7CD3B4A7F8, cid=42, seq=0, RW, Message:321f0a0f0a0d74657374...(size=33), reply=RaftClientReply:client-352D35361D97->localhost_10002@group-DB7CD3B4A7F8, cid=42, FAILED org.apache.ratis.protocol.NotLeaderException: Server localhost_10002@group-DB7CD3B4A7F8 is not the leader, logIndex=0, commits[localhost_10002:c-1]
2019-09-26 13:33:05,419 INFO  client.GrpcClientProtocolService (GrpcClientProtocolService.java:lambda$processClientRequest$0(278)) - Failed RaftClientRequest:client-352D35361D97->localhost_10001@group-DB7CD3B4A7F8, cid=42, seq=0, RW, Message:321f0a0f0a0d74657374...(size=33), reply=RaftClientReply:client-352D35361D97->localhost_10001@group-DB7CD3B4A7F8, cid=42, FAILED org.apache.ratis.protocol.NotLeaderException: Server localhost_10001@group-DB7CD3B4A7F8 is not the leader, logIndex=0, commits[localhost_10001:c-1]
2019-09-26 13:33:05,421 INFO  client.GrpcClientProtocolService (GrpcClientProtocolService.java:lambda$processClientRequest$0(278)) - Failed RaftClientRequest:client-352D35361D97->localhost_10002@group-DB7CD3B4A7F8, cid=42, seq=0, RW, Message:321f0a0f0a0d74657374...(size=33), reply=RaftClientReply:client-352D35361D97->localhost_10002@group-DB7CD3B4A7F8, cid=42, FAILED org.apache.ratis.protocol.NotLeaderException: Server localhost_10002@group-DB7CD3B4A7F8 is not the leader, logIndex=0, commits[localhost_10002:c-1]
2019-09-26 13:33:05,423 INFO  client.GrpcClientProtocolService (GrpcClientProtocolService.java:lambda$processClientRequest$0(278)) - Failed RaftClientRequest:client-352D35361D97->localhost_10001@group-DB7CD3B4A7F8, cid=42, seq=0, RW, Message:321f0a0f0a0d74657374...(size=33), reply=RaftClientReply:client-352D35361D97->localhost_10001@group-DB7CD3B4A7F8, cid=42, FAILED org.apache.ratis.protocol.NotLeaderException: Server localhost_10001@group-DB7CD3B4A7F8 is not the leader, logIndex=0, commits[localhost_10001:c-1]
2019-09-26 13:33:05,424 INFO  client.GrpcClientProtocolService (GrpcClientProtocolService.java:lambda$processClientRequest$0(278)) - Failed RaftClientRequest:client-352D35361D97->localhost_10002@group-DB7CD3B4A7F8, cid=42, seq=0, RW, Message:321f0a0f0a0d74657374...(size=33), reply=RaftClientReply:client-352D35361D97->localhost_10002@group-DB7CD3B4A7F8, cid=42, FAILED org.apache.ratis.protocol.NotLeaderException: Server localhost_10002@group-DB7CD3B4A7F8 is not the leader, logIndex=0, commits[localhost_10002:c-1]
2019-09-26 13:33:05,426 INFO  client.GrpcClientProtocolService (GrpcClientProtocolService.java:lambda$processClientRequest$0(278)) - Failed RaftClientRequest:client-352D35361D97->localhost_10000@group-DB7CD3B4A7F8, cid=42, seq=0, RW, Message:321f0a0f0a0d74657374...(size=33), reply=RaftClientReply:client-352D35361D97->localhost_10000@group-DB7CD3B4A7F8, cid=42, FAILED org.apache.ratis.protocol.NotLeaderException: Server localhost_10000@group-DB7CD3B4A7F8 is not the leader, logIndex=0, commits[localhost_10000:c-1]
2019-09-26 13:33:05,428 INFO  client.GrpcClientProtocolService (GrpcClientProtocolService.java:lambda$processClientRequest$0(278)) - Failed RaftClientRequest:client-352D35361D97->localhost_10001@group-DB7CD3B4A7F8, cid=42, seq=0, RW, Message:321f0a0f0a0d74657374...(size=33), reply=RaftClientReply:client-352D35361D97->localhost_10001@group-DB7CD3B4A7F8, cid=42, FAILED org.apache.ratis.protocol.NotLeaderException: Server localhost_10001@group-DB7CD3B4A7F8 is not the leader, logIndex=0, commits[localhost_10001:c-1]
2019-09-26 13:33:05,430 INFO  client.GrpcClientProtocolService (GrpcClientProtocolService.java:lambda$processClientRequest$0(278)) - Failed RaftClientRequest:client-352D35361D97->localhost_10000@group-DB7CD3B4A7F8, cid=42, seq=0, RW, Message:321f0a0f0a0d74657374...(size=33), reply=RaftClientReply:client-352D35361D97->localhost_10000@group-DB7CD3B4A7F8, cid=42, FAILED org.apache.ratis.protocol.NotLeaderException: Server localhost_10000@group-DB7CD3B4A7F8 is not the leader, logIndex=0, commits[localhost_10000:c-1]
2019-09-26 13:33:05,432 INFO  client.GrpcClientProtocolService (GrpcClientProtocolService.java:lambda$processClientRequest$0(278)) - Failed RaftClientRequest:client-352D35361D97->localhost_10002@group-DB7CD3B4A7F8, cid=42, seq=0, RW, Message:321f0a0f0a0d74657374...(size=33), reply=RaftClientReply:client-352D35361D97->localhost_10002@group-DB7CD3B4A7F8, cid=42, FAILED org.apache.ratis.protocol.NotLeaderException: Server localhost_10002@group-DB7CD3B4A7F8 is not the leader, logIndex=0, commits[localhost_10002:c-1]
2019-09-26 13:33:05,434 INFO  client.GrpcClientProtocolService (GrpcClientProtocolService.java:lambda$processClientRequest$0(278)) - Failed RaftClientRequest:client-352D35361D97->localhost_10000@group-DB7CD3B4A7F8, cid=42, seq=0, RW, Message:321f0a0f0a0d74657374...(size=33), reply=RaftClientReply:client-352D35361D97->localhost_10000@group-DB7CD3B4A7F8, cid=42, FAILED org.apache.ratis.protocol.NotLeaderException: Server localhost_10000@group-DB7CD3B4A7F8 is not the leader, logIndex=0, commits[localhost_10000:c-1]
2019-09-26 13:33:05,435 INFO  client.GrpcClientProtocolService (GrpcClientProtocolService.java:lambda$processClientRequest$0(278)) - Failed RaftClientRequest:client-352D35361D97->localhost_10001@group-DB7CD3B4A7F8, cid=42, seq=0, RW, Message:321f0a0f0a0d74657374...(size=33), reply=RaftClientReply:client-352D35361D97->localhost_10001@group-DB7CD3B4A7F8, cid=42, FAILED org.apache.ratis.protocol.NotLeaderException: Server localhost_10001@group-DB7CD3B4A7F8 is not the leader, logIndex=0, commits[localhost_10001:c-1]
2019-09-26 13:33:05,437 INFO  client.GrpcClientProtocolService (GrpcClientProtocolService.java:lambda$processClientRequest$0(278)) - Failed RaftClientRequest:client-352D35361D97->localhost_10002@group-DB7CD3B4A7F8, cid=42, seq=0, RW, Message:321f0a0f0a0d74657374...(size=33), reply=RaftClientReply:client-352D35361D97->localhost_10002@group-DB7CD3B4A7F8, cid=42, FAILED org.apache.ratis.protocol.NotLeaderException: Server localhost_10002@group-DB7CD3B4A7F8 is not the leader, logIndex=0, commits[localhost_10002:c-1]
2019-09-26 13:33:05,439 INFO  client.GrpcClientProtocolService (GrpcClientProtocolService.java:lambda$processClientRequest$0(278)) - Failed RaftClientRequest:client-352D35361D97->localhost_10001@group-DB7CD3B4A7F8, cid=42, seq=0, RW, Message:321f0a0f0a0d74657374...(size=33), reply=RaftClientReply:client-352D35361D97->localhost_10001@group-DB7CD3B4A7F8, cid=42, FAILED org.apache.ratis.protocol.NotLeaderException: Server localhost_10001@group-DB7CD3B4A7F8 is not the leader, logIndex=0, commits[localhost_10001:c-1]
2019-09-26 13:33:05,441 INFO  client.GrpcClientProtocolService (GrpcClientProtocolService.java:lambda$processClientRequest$0(278)) - Failed RaftClientRequest:client-352D35361D97->localhost_10002@group-DB7CD3B4A7F8, cid=42, seq=0, RW, Message:321f0a0f0a0d74657374...(size=33), reply=RaftClientReply:client-352D35361D97->localhost_10002@group-DB7CD3B4A7F8, cid=42, FAILED org.apache.ratis.protocol.NotLeaderException: Server localhost_10002@group-DB7CD3B4A7F8 is not the leader, logIndex=0, commits[localhost_10002:c-1]
2019-09-26 13:33:05,442 INFO  client.GrpcClientProtocolService (GrpcClientProtocolService.java:lambda$processClientRequest$0(278)) - Failed RaftClientRequest:client-352D35361D97->localhost_10000@group-DB7CD3B4A7F8, cid=42, seq=0, RW, Message:321f0a0f0a0d74657374...(size=33), reply=RaftClientReply:client-352D35361D97->localhost_10000@group-DB7CD3B4A7F8, cid=42, FAILED org.apache.ratis.protocol.NotLeaderException: Server localhost_10000@group-DB7CD3B4A7F8 is not the leader, logIndex=0, commits[localhost_10000:c-1]
2019-09-26 13:33:05,444 INFO  client.GrpcClientProtocolService (GrpcClientProtocolService.java:lambda$processClientRequest$0(278)) - Failed RaftClientRequest:client-352D35361D97->localhost_10001@group-DB7CD3B4A7F8, cid=42, seq=0, RW, Message:321f0a0f0a0d74657374...(size=33), reply=RaftClientReply:client-352D35361D97->localhost_10001@group-DB7CD3B4A7F8, cid=42, FAILED org.apache.ratis.protocol.NotLeaderException: Server localhost_10001@group-DB7CD3B4A7F8 is not the leader, logIndex=0, commits[localhost_10001:c-1]
2019-09-26 13:33:05,446 INFO  client.GrpcClientProtocolService (GrpcClientProtocolService.java:lambda$processClientRequest$0(278)) - Failed RaftClientRequest:client-352D35361D97->localhost_10002@group-DB7CD3B4A7F8, cid=42, seq=0, RW, Message:321f0a0f0a0d74657374...(size=33), reply=RaftClientReply:client-352D35361D97->localhost_10002@group-DB7CD3B4A7F8, cid=42, FAILED org.apache.ratis.protocol.NotLeaderException: Server localhost_10002@group-DB7CD3B4A7F8 is not the leader, logIndex=0, commits[localhost_10002:c-1]
2019-09-26 13:33:05,448 INFO  client.GrpcClientProtocolService (GrpcClientProtocolService.java:lambda$processClientRequest$0(278)) - Failed RaftClientRequest:client-352D35361D97->localhost_10001@group-DB7CD3B4A7F8, cid=42, seq=0, RW, Message:321f0a0f0a0d74657374...(size=33), reply=RaftClientReply:client-352D35361D97->localhost_10001@group-DB7CD3B4A7F8, cid=42, FAILED org.apache.ratis.protocol.NotLeaderException: Server localhost_10001@group-DB7CD3B4A7F8 is not the leader, logIndex=0, commits[localhost_10001:c-1]
2019-09-26 13:33:05,449 INFO  client.GrpcClientProtocolService (GrpcClientProtocolService.java:lambda$processClientRequest$0(278)) - Failed RaftClientRequest:client-352D35361D97->localhost_10000@group-DB7CD3B4A7F8, cid=42, seq=0, RW, Message:321f0a0f0a0d74657374...(size=33), reply=RaftClientReply:client-352D35361D97->localhost_10000@group-DB7CD3B4A7F8, cid=42, FAILED org.apache.ratis.protocol.NotLeaderException: Server localhost_10000@group-DB7CD3B4A7F8 is not the leader, logIndex=0, commits[localhost_10000:c-1]
2019-09-26 13:33:05,451 INFO  client.GrpcClientProtocolService (GrpcClientProtocolService.java:lambda$processClientRequest$0(278)) - Failed RaftClientRequest:client-352D35361D97->localhost_10002@group-DB7CD3B4A7F8, cid=42, seq=0, RW, Message:321f0a0f0a0d74657374...(size=33), reply=RaftClientReply:client-352D35361D97->localhost_10002@group-DB7CD3B4A7F8, cid=42, FAILED org.apache.ratis.protocol.NotLeaderException: Server localhost_10002@group-DB7CD3B4A7F8 is not the leader, logIndex=0, commits[localhost_10002:c-1]
2019-09-26 13:33:05,453 INFO  client.GrpcClientProtocolService (GrpcClientProtocolService.java:lambda$processClientRequest$0(278)) - Failed RaftClientRequest:client-352D35361D97->localhost_10000@group-DB7CD3B4A7F8, cid=42, seq=0, RW, Message:321f0a0f0a0d74657374...(size=33), reply=RaftClientReply:client-352D35361D97->localhost_10000@group-DB7CD3B4A7F8, cid=42, FAILED org.apache.ratis.protocol.NotLeaderException: Server localhost_10000@group-DB7CD3B4A7F8 is not the leader, logIndex=0, commits[localhost_10000:c-1]
2019-09-26 13:33:05,455 INFO  client.GrpcClientProtocolService (GrpcClientProtocolService.java:lambda$processClientRequest$0(278)) - Failed RaftClientRequest:client-352D35361D97->localhost_10001@group-DB7CD3B4A7F8, cid=42, seq=0, RW, Message:321f0a0f0a0d74657374...(size=33), reply=RaftClientReply:client-352D35361D97->localhost_10001@group-DB7CD3B4A7F8, cid=42, FAILED org.apache.ratis.protocol.NotLeaderException: Server localhost_10001@group-DB7CD3B4A7F8 is not the leader, logIndex=0, commits[localhost_10001:c-1]
2019-09-26 13:33:05,457 INFO  client.GrpcClientProtocolService (GrpcClientProtocolService.java:lambda$processClientRequest$0(278)) - Failed RaftClientRequest:client-352D35361D97->localhost_10002@group-DB7CD3B4A7F8, cid=42, seq=0, RW, Message:321f0a0f0a0d74657374...(size=33), reply=RaftClientReply:client-352D35361D97->localhost_10002@group-DB7CD3B4A7F8, cid=42, FAILED org.apache.ratis.protocol.NotLeaderException: Server localhost_10002@group-DB7CD3B4A7F8 is not the leader, logIndex=0, commits[localhost_10002:c-1]
2019-09-26 13:33:05,458 INFO  client.GrpcClientProtocolService (GrpcClientProtocolService.java:lambda$processClientRequest$0(278)) - Failed RaftClientRequest:client-352D35361D97->localhost_10000@group-DB7CD3B4A7F8, cid=42, seq=0, RW, Message:321f0a0f0a0d74657374...(size=33), reply=RaftClientReply:client-352D35361D97->localhost_10000@group-DB7CD3B4A7F8, cid=42, FAILED org.apache.ratis.protocol.NotLeaderException: Server localhost_10000@group-DB7CD3B4A7F8 is not the leader, logIndex=0, commits[localhost_10000:c-1]
2019-09-26 13:33:05,460 INFO  client.GrpcClientProtocolService (GrpcClientProtocolService.java:lambda$processClientRequest$0(278)) - Failed RaftClientRequest:client-352D35361D97->localhost_10002@group-DB7CD3B4A7F8, cid=42, seq=0, RW, Message:321f0a0f0a0d74657374...(size=33), reply=RaftClientReply:client-352D35361D97->localhost_10002@group-DB7CD3B4A7F8, cid=42, FAILED org.apache.ratis.protocol.NotLeaderException: Server localhost_10002@group-DB7CD3B4A7F8 is not the leader, logIndex=0, commits[localhost_10002:c-1]
2019-09-26 13:33:05,462 INFO  client.GrpcClientProtocolService (GrpcClientProtocolService.java:lambda$processClientRequest$0(278)) - Failed RaftClientRequest:client-352D35361D97->localhost_10001@group-DB7CD3B4A7F8, cid=42, seq=0, RW, Message:321f0a0f0a0d74657374...(size=33), reply=RaftClientReply:client-352D35361D97->localhost_10001@group-DB7CD3B4A7F8, cid=42, FAILED org.apache.ratis.protocol.NotLeaderException: Server localhost_10001@group-DB7CD3B4A7F8 is not the leader, logIndex=0, commits[localhost_10001:c-1]
2019-09-26 13:33:05,464 INFO  client.GrpcClientProtocolService (GrpcClientProtocolService.java:lambda$processClientRequest$0(278)) - Failed RaftClientRequest:client-352D35361D97->localhost_10002@group-DB7CD3B4A7F8, cid=42, seq=0, RW, Message:321f0a0f0a0d74657374...(size=33), reply=RaftClientReply:client-352D35361D97->localhost_10002@group-DB7CD3B4A7F8, cid=42, FAILED org.apache.ratis.protocol.NotLeaderException: Server localhost_10002@group-DB7CD3B4A7F8 is not the leader, logIndex=0, commits[localhost_10002:c-1]
2019-09-26 13:33:05,466 INFO  client.GrpcClientProtocolService (GrpcClientProtocolService.java:lambda$processClientRequest$0(278)) - Failed RaftClientRequest:client-352D35361D97->localhost_10000@group-DB7CD3B4A7F8, cid=42, seq=0, RW, Message:321f0a0f0a0d74657374...(size=33), reply=RaftClientReply:client-352D35361D97->localhost_10000@group-DB7CD3B4A7F8, cid=42, FAILED org.apache.ratis.protocol.NotLeaderException: Server localhost_10000@group-DB7CD3B4A7F8 is not the leader, logIndex=0, commits[localhost_10000:c-1]
2019-09-26 13:33:05,467 INFO  client.GrpcClientProtocolService (GrpcClientProtocolService.java:lambda$processClientRequest$0(278)) - Failed RaftClientRequest:client-352D35361D97->localhost_10002@group-DB7CD3B4A7F8, cid=42, seq=0, RW, Message:321f0a0f0a0d74657374...(size=33), reply=RaftClientReply:client-352D35361D97->localhost_10002@group-DB7CD3B4A7F8, cid=42, FAILED org.apache.ratis.protocol.NotLeaderException: Server localhost_10002@group-DB7CD3B4A7F8 is not the leader, logIndex=0, commits[localhost_10002:c-1]
2019-09-26 13:33:05,469 INFO  client.GrpcClientProtocolService (GrpcClientProtocolService.java:lambda$processClientRequest$0(278)) - Failed RaftClientRequest:client-352D35361D97->localhost_10001@group-DB7CD3B4A7F8, cid=42, seq=0, RW, Message:321f0a0f0a0d74657374...(size=33), reply=RaftClientReply:client-352D35361D97->localhost_10001@group-DB7CD3B4A7F8, cid=42, FAILED org.apache.ratis.protocol.NotLeaderException: Server localhost_10001@group-DB7CD3B4A7F8 is not the leader, logIndex=0, commits[localhost_10001:c-1]
2019-09-26 13:33:05,471 INFO  client.GrpcClientProtocolService (GrpcClientProtocolService.java:lambda$processClientRequest$0(278)) - Failed RaftClientRequest:client-352D35361D97->localhost_10002@group-DB7CD3B4A7F8, cid=42, seq=0, RW, Message:321f0a0f0a0d74657374...(size=33), reply=RaftClientReply:client-352D35361D97->localhost_10002@group-DB7CD3B4A7F8, cid=42, FAILED org.apache.ratis.protocol.NotLeaderException: Server localhost_10002@group-DB7CD3B4A7F8 is not the leader, logIndex=0, commits[localhost_10002:c-1]
2019-09-26 13:33:05,472 INFO  client.GrpcClientProtocolService (GrpcClientProtocolService.java:lambda$processClientRequest$0(278)) - Failed RaftClientRequest:client-352D35361D97->localhost_10000@group-DB7CD3B4A7F8, cid=42, seq=0, RW, Message:321f0a0f0a0d74657374...(size=33), reply=RaftClientReply:client-352D35361D97->localhost_10000@group-DB7CD3B4A7F8, cid=42, FAILED org.apache.ratis.protocol.NotLeaderException: Server localhost_10000@group-DB7CD3B4A7F8 is not the leader, logIndex=0, commits[localhost_10000:c-1]
2019-09-26 13:33:05,474 INFO  client.GrpcClientProtocolService (GrpcClientProtocolService.java:lambda$processClientRequest$0(278)) - Failed RaftClientRequest:client-352D35361D97->localhost_10001@group-DB7CD3B4A7F8, cid=42, seq=0, RW, Message:321f0a0f0a0d74657374...(size=33), reply=RaftClientReply:client-352D35361D97->localhost_10001@group-DB7CD3B4A7F8, cid=42, FAILED org.apache.ratis.protocol.NotLeaderException: Server localhost_10001@group-DB7CD3B4A7F8 is not the leader, logIndex=0, commits[localhost_10001:c-1]
2019-09-26 13:33:05,476 INFO  client.GrpcClientProtocolService (GrpcClientProtocolService.java:lambda$processClientRequest$0(278)) - Failed RaftClientRequest:client-352D35361D97->localhost_10002@group-DB7CD3B4A7F8, cid=42, seq=0, RW, Message:321f0a0f0a0d74657374...(size=33), reply=RaftClientReply:client-352D35361D97->localhost_10002@group-DB7CD3B4A7F8, cid=42, FAILED org.apache.ratis.protocol.NotLeaderException: Server localhost_10002@group-DB7CD3B4A7F8 is not the leader, logIndex=0, commits[localhost_10002:c-1]
2019-09-26 13:33:05,477 INFO  client.GrpcClientProtocolService (GrpcClientProtocolService.java:lambda$processClientRequest$0(278)) - Failed RaftClientRequest:client-352D35361D97->localhost_10000@group-DB7CD3B4A7F8, cid=42, seq=0, RW, Message:321f0a0f0a0d74657374...(size=33), reply=RaftClientReply:client-352D35361D97->localhost_10000@group-DB7CD3B4A7F8, cid=42, FAILED org.apache.ratis.protocol.NotLeaderException: Server localhost_10000@group-DB7CD3B4A7F8 is not the leader, logIndex=0, commits[localhost_10000:c-1]
2019-09-26 13:33:05,479 INFO  client.GrpcClientProtocolService (GrpcClientProtocolService.java:lambda$processClientRequest$0(278)) - Failed RaftClientRequest:client-352D35361D97->localhost_10002@group-DB7CD3B4A7F8, cid=42, seq=0, RW, Message:321f0a0f0a0d74657374...(size=33), reply=RaftClientReply:client-352D35361D97->localhost_10002@group-DB7CD3B4A7F8, cid=42, FAILED org.apache.ratis.protocol.NotLeaderException: Server localhost_10002@group-DB7CD3B4A7F8 is not the leader, logIndex=0, commits[localhost_10002:c-1]
2019-09-26 13:33:05,481 INFO  client.GrpcClientProtocolService (GrpcClientProtocolService.java:lambda$processClientRequest$0(278)) - Failed RaftClientRequest:client-352D35361D97->localhost_10001@group-DB7CD3B4A7F8, cid=42, seq=0, RW, Message:321f0a0f0a0d74657374...(size=33), reply=RaftClientReply:client-352D35361D97->localhost_10001@group-DB7CD3B4A7F8, cid=42, FAILED org.apache.ratis.protocol.NotLeaderException: Server localhost_10001@group-DB7CD3B4A7F8 is not the leader, logIndex=0, commits[localhost_10001:c-1]
2019-09-26 13:33:05,483 INFO  client.GrpcClientProtocolService (GrpcClientProtocolService.java:lambda$processClientRequest$0(278)) - Failed RaftClientRequest:client-352D35361D97->localhost_10000@group-DB7CD3B4A7F8, cid=42, seq=0, RW, Message:321f0a0f0a0d74657374...(size=33), reply=RaftClientReply:client-352D35361D97->localhost_10000@group-DB7CD3B4A7F8, cid=42, FAILED org.apache.ratis.protocol.NotLeaderException: Server localhost_10000@group-DB7CD3B4A7F8 is not the leader, logIndex=0, commits[localhost_10000:c-1]
2019-09-26 13:33:05,484 INFO  client.GrpcClientProtocolService (GrpcClientProtocolService.java:lambda$processClientRequest$0(278)) - Failed RaftClientRequest:client-352D35361D97->localhost_10001@group-DB7CD3B4A7F8, cid=42, seq=0, RW, Message:321f0a0f0a0d74657374...(size=33), reply=RaftClientReply:client-352D35361D97->localhost_10001@group-DB7CD3B4A7F8, cid=42, FAILED org.apache.ratis.protocol.NotLeaderException: Server localhost_10001@group-DB7CD3B4A7F8 is not the leader, logIndex=0, commits[localhost_10001:c-1]
2019-09-26 13:33:05,486 INFO  client.GrpcClientProtocolService (GrpcClientProtocolService.java:lambda$processClientRequest$0(278)) - Failed RaftClientRequest:client-352D35361D97->localhost_10000@group-DB7CD3B4A7F8, cid=42, seq=0, RW, Message:321f0a0f0a0d74657374...(size=33), reply=RaftClientReply:client-352D35361D97->localhost_10000@group-DB7CD3B4A7F8, cid=42, FAILED org.apache.ratis.protocol.NotLeaderException: Server localhost_10000@group-DB7CD3B4A7F8 is not the leader, logIndex=0, commits[localhost_10000:c-1]
2019-09-26 13:33:05,487 INFO  client.GrpcClientProtocolService (GrpcClientProtocolService.java:lambda$processClientRequest$0(278)) - Failed RaftClientRequest:client-352D35361D97->localhost_10002@group-DB7CD3B4A7F8, cid=42, seq=0, RW, Message:321f0a0f0a0d74657374...(size=33), reply=RaftClientReply:client-352D35361D97->localhost_10002@group-DB7CD3B4A7F8, cid=42, FAILED org.apache.ratis.protocol.NotLeaderException: Server localhost_10002@group-DB7CD3B4A7F8 is not the leader, logIndex=0, commits[localhost_10002:c-1]
2019-09-26 13:33:05,489 INFO  client.GrpcClientProtocolService (GrpcClientProtocolService.java:lambda$processClientRequest$0(278)) - Failed RaftClientRequest:client-352D35361D97->localhost_10001@group-DB7CD3B4A7F8, cid=42, seq=0, RW, Message:321f0a0f0a0d74657374...(size=33), reply=RaftClientReply:client-352D35361D97->localhost_10001@group-DB7CD3B4A7F8, cid=42, FAILED org.apache.ratis.protocol.NotLeaderException: Server localhost_10001@group-DB7CD3B4A7F8 is not the leader, logIndex=0, commits[localhost_10001:c-1]
2019-09-26 13:33:05,491 INFO  client.GrpcClientProtocolService (GrpcClientProtocolService.java:lambda$processClientRequest$0(278)) - Failed RaftClientRequest:client-352D35361D97->localhost_10002@group-DB7CD3B4A7F8, cid=42, seq=0, RW, Message:321f0a0f0a0d74657374...(size=33), reply=RaftClientReply:client-352D35361D97->localhost_10002@group-DB7CD3B4A7F8, cid=42, FAILED org.apache.ratis.protocol.NotLeaderException: Server localhost_10002@group-DB7CD3B4A7F8 is not the leader, logIndex=0, commits[localhost_10002:c-1]
2019-09-26 13:33:05,493 INFO  client.GrpcClientProtocolService (GrpcClientProtocolService.java:lambda$processClientRequest$0(278)) - Failed RaftClientRequest:client-352D35361D97->localhost_10000@group-DB7CD3B4A7F8, cid=42, seq=0, RW, Message:321f0a0f0a0d74657374...(size=33), reply=RaftClientReply:client-352D35361D97->localhost_10000@group-DB7CD3B4A7F8, cid=42, FAILED org.apache.ratis.protocol.NotLeaderException: Server localhost_10000@group-DB7CD3B4A7F8 is not the leader, logIndex=0, commits[localhost_10000:c-1]
2019-09-26 13:33:05,495 INFO  client.GrpcClientProtocolService (GrpcClientProtocolService.java:lambda$processClientRequest$0(278)) - Failed RaftClientRequest:client-352D35361D97->localhost_10001@group-DB7CD3B4A7F8, cid=42, seq=0, RW, Message:321f0a0f0a0d74657374...(size=33), reply=RaftClientReply:client-352D35361D97->localhost_10001@group-DB7CD3B4A7F8, cid=42, FAILED org.apache.ratis.protocol.NotLeaderException: Server localhost_10001@group-DB7CD3B4A7F8 is not the leader, logIndex=0, commits[localhost_10001:c-1]
2019-09-26 13:33:05,497 INFO  client.GrpcClientProtocolService (GrpcClientProtocolService.java:lambda$processClientRequest$0(278)) - Failed RaftClientRequest:client-352D35361D97->localhost_10000@group-DB7CD3B4A7F8, cid=42, seq=0, RW, Message:321f0a0f0a0d74657374...(size=33), reply=RaftClientReply:client-352D35361D97->localhost_10000@group-DB7CD3B4A7F8, cid=42, FAILED org.apache.ratis.protocol.NotLeaderException: Server localhost_10000@group-DB7CD3B4A7F8 is not the leader, logIndex=0, commits[localhost_10000:c-1]
2019-09-26 13:33:05,499 INFO  client.GrpcClientProtocolService (GrpcClientProtocolService.java:lambda$processClientRequest$0(278)) - Failed RaftClientRequest:client-352D35361D97->localhost_10002@group-DB7CD3B4A7F8, cid=42, seq=0, RW, Message:321f0a0f0a0d74657374...(size=33), reply=RaftClientReply:client-352D35361D97->localhost_10002@group-DB7CD3B4A7F8, cid=42, FAILED org.apache.ratis.protocol.NotLeaderException: Server localhost_10002@group-DB7CD3B4A7F8 is not the leader, logIndex=0, commits[localhost_10002:c-1]
2019-09-26 13:33:05,500 INFO  client.GrpcClientProtocolService (GrpcClientProtocolService.java:lambda$processClientRequest$0(278)) - Failed RaftClientRequest:client-352D35361D97->localhost_10000@group-DB7CD3B4A7F8, cid=42, seq=0, RW, Message:321f0a0f0a0d74657374...(size=33), reply=RaftClientReply:client-352D35361D97->localhost_10000@group-DB7CD3B4A7F8, cid=42, FAILED org.apache.ratis.protocol.NotLeaderException: Server localhost_10000@group-DB7CD3B4A7F8 is not the leader, logIndex=0, commits[localhost_10000:c-1]
2019-09-26 13:33:05,502 INFO  client.GrpcClientProtocolService (GrpcClientProtocolService.java:lambda$processClientRequest$0(278)) - Failed RaftClientRequest:client-352D35361D97->localhost_10001@group-DB7CD3B4A7F8, cid=42, seq=0, RW, Message:321f0a0f0a0d74657374...(size=33), reply=RaftClientReply:client-352D35361D97->localhost_10001@group-DB7CD3B4A7F8, cid=42, FAILED org.apache.ratis.protocol.NotLeaderException: Server localhost_10001@group-DB7CD3B4A7F8 is not the leader, logIndex=0, commits[localhost_10001:c-1]
2019-09-26 13:33:05,504 INFO  client.GrpcClientProtocolService (GrpcClientProtocolService.java:lambda$processClientRequest$0(278)) - Failed RaftClientRequest:client-352D35361D97->localhost_10002@group-DB7CD3B4A7F8, cid=42, seq=0, RW, Message:321f0a0f0a0d74657374...(size=33), reply=RaftClientReply:client-352D35361D97->localhost_10002@group-DB7CD3B4A7F8, cid=42, FAILED org.apache.ratis.protocol.NotLeaderException: Server localhost_10002@group-DB7CD3B4A7F8 is not the leader, logIndex=0, commits[localhost_10002:c-1]
2019-09-26 13:33:05,505 INFO  client.GrpcClientProtocolService (GrpcClientProtocolService.java:lambda$processClientRequest$0(278)) - Failed RaftClientRequest:client-352D35361D97->localhost_10000@group-DB7CD3B4A7F8, cid=42, seq=0, RW, Message:321f0a0f0a0d74657374...(size=33), reply=RaftClientReply:client-352D35361D97->localhost_10000@group-DB7CD3B4A7F8, cid=42, FAILED org.apache.ratis.protocol.NotLeaderException: Server localhost_10000@group-DB7CD3B4A7F8 is not the leader, logIndex=0, commits[localhost_10000:c-1]
2019-09-26 13:33:05,507 INFO  client.GrpcClientProtocolService (GrpcClientProtocolService.java:lambda$processClientRequest$0(278)) - Failed RaftClientRequest:client-352D35361D97->localhost_10001@group-DB7CD3B4A7F8, cid=42, seq=0, RW, Message:321f0a0f0a0d74657374...(size=33), reply=RaftClientReply:client-352D35361D97->localhost_10001@group-DB7CD3B4A7F8, cid=42, FAILED org.apache.ratis.protocol.NotLeaderException: Server localhost_10001@group-DB7CD3B4A7F8 is not the leader, logIndex=0, commits[localhost_10001:c-1]
2019-09-26 13:33:05,509 INFO  client.GrpcClientProtocolService (GrpcClientProtocolService.java:lambda$processClientRequest$0(278)) - Failed RaftClientRequest:client-352D35361D97->localhost_10000@group-DB7CD3B4A7F8, cid=42, seq=0, RW, Message:321f0a0f0a0d74657374...(size=33), reply=RaftClientReply:client-352D35361D97->localhost_10000@group-DB7CD3B4A7F8, cid=42, FAILED org.apache.ratis.protocol.NotLeaderException: Server localhost_10000@group-DB7CD3B4A7F8 is not the leader, logIndex=0, commits[localhost_10000:c-1]
2019-09-26 13:33:05,510 INFO  client.GrpcClientProtocolService (GrpcClientProtocolService.java:lambda$processClientRequest$0(278)) - Failed RaftClientRequest:client-352D35361D97->localhost_10001@group-DB7CD3B4A7F8, cid=42, seq=0, RW, Message:321f0a0f0a0d74657374...(size=33), reply=RaftClientReply:client-352D35361D97->localhost_10001@group-DB7CD3B4A7F8, cid=42, FAILED org.apache.ratis.protocol.NotLeaderException: Server localhost_10001@group-DB7CD3B4A7F8 is not the leader, logIndex=0, commits[localhost_10001:c-1]
2019-09-26 13:33:05,512 INFO  client.GrpcClientProtocolService (GrpcClientProtocolService.java:lambda$processClientRequest$0(278)) - Failed RaftClientRequest:client-352D35361D97->localhost_10002@group-DB7CD3B4A7F8, cid=42, seq=0, RW, Message:321f0a0f0a0d74657374...(size=33), reply=RaftClientReply:client-352D35361D97->localhost_10002@group-DB7CD3B4A7F8, cid=42, FAILED org.apache.ratis.protocol.NotLeaderException: Server localhost_10002@group-DB7CD3B4A7F8 is not the leader, logIndex=0, commits[localhost_10002:c-1]
2019-09-26 13:33:05,514 INFO  client.GrpcClientProtocolService (GrpcClientProtocolService.java:lambda$processClientRequest$0(278)) - Failed RaftClientRequest:client-352D35361D97->localhost_10001@group-DB7CD3B4A7F8, cid=42, seq=0, RW, Message:321f0a0f0a0d74657374...(size=33), reply=RaftClientReply:client-352D35361D97->localhost_10001@group-DB7CD3B4A7F8, cid=42, FAILED org.apache.ratis.protocol.NotLeaderException: Server localhost_10001@group-DB7CD3B4A7F8 is not the leader, logIndex=0, commits[localhost_10001:c-1]
2019-09-26 13:33:05,516 INFO  client.GrpcClientProtocolService (GrpcClientProtocolService.java:lambda$processClientRequest$0(278)) - Failed RaftClientRequest:client-352D35361D97->localhost_10000@group-DB7CD3B4A7F8, cid=42, seq=0, RW, Message:321f0a0f0a0d74657374...(size=33), reply=RaftClientReply:client-352D35361D97->localhost_10000@group-DB7CD3B4A7F8, cid=42, FAILED org.apache.ratis.protocol.NotLeaderException: Server localhost_10000@group-DB7CD3B4A7F8 is not the leader, logIndex=0, commits[localhost_10000:c-1]
2019-09-26 13:33:05,517 INFO  client.GrpcClientProtocolService (GrpcClientProtocolService.java:lambda$processClientRequest$0(278)) - Failed RaftClientRequest:client-352D35361D97->localhost_10002@group-DB7CD3B4A7F8, cid=42, seq=0, RW, Message:321f0a0f0a0d74657374...(size=33), reply=RaftClientReply:client-352D35361D97->localhost_10002@group-DB7CD3B4A7F8, cid=42, FAILED org.apache.ratis.protocol.NotLeaderException: Server localhost_10002@group-DB7CD3B4A7F8 is not the leader, logIndex=0, commits[localhost_10002:c-1]
2019-09-26 13:33:05,519 INFO  client.GrpcClientProtocolService (GrpcClientProtocolService.java:lambda$processClientRequest$0(278)) - Failed RaftClientRequest:client-352D35361D97->localhost_10000@group-DB7CD3B4A7F8, cid=42, seq=0, RW, Message:321f0a0f0a0d74657374...(size=33), reply=RaftClientReply:client-352D35361D97->localhost_10000@group-DB7CD3B4A7F8, cid=42, FAILED org.apache.ratis.protocol.NotLeaderException: Server localhost_10000@group-DB7CD3B4A7F8 is not the leader, logIndex=0, commits[localhost_10000:c-1]
2019-09-26 13:33:05,521 INFO  client.GrpcClientProtocolService (GrpcClientProtocolService.java:lambda$processClientRequest$0(278)) - Failed RaftClientRequest:client-352D35361D97->localhost_10001@group-DB7CD3B4A7F8, cid=42, seq=0, RW, Message:321f0a0f0a0d74657374...(size=33), reply=RaftClientReply:client-352D35361D97->localhost_10001@group-DB7CD3B4A7F8, cid=42, FAILED org.apache.ratis.protocol.NotLeaderException: Server localhost_10001@group-DB7CD3B4A7F8 is not the leader, logIndex=0, commits[localhost_10001:c-1]
2019-09-26 13:33:05,522 INFO  client.GrpcClientProtocolService (GrpcClientProtocolService.java:lambda$processClientRequest$0(278)) - Failed RaftClientRequest:client-352D35361D97->localhost_10002@group-DB7CD3B4A7F8, cid=42, seq=0, RW, Message:321f0a0f0a0d74657374...(size=33), reply=RaftClientReply:client-352D35361D97->localhost_10002@group-DB7CD3B4A7F8, cid=42, FAILED org.apache.ratis.protocol.NotLeaderException: Server localhost_10002@group-DB7CD3B4A7F8 is not the leader, logIndex=0, commits[localhost_10002:c-1]
2019-09-26 13:33:05,524 INFO  client.GrpcClientProtocolService (GrpcClientProtocolService.java:lambda$processClientRequest$0(278)) - Failed RaftClientRequest:client-352D35361D97->localhost_10001@group-DB7CD3B4A7F8, cid=42, seq=0, RW, Message:321f0a0f0a0d74657374...(size=33), reply=RaftClientReply:client-352D35361D97->localhost_10001@group-DB7CD3B4A7F8, cid=42, FAILED org.apache.ratis.protocol.NotLeaderException: Server localhost_10001@group-DB7CD3B4A7F8 is not the leader, logIndex=0, commits[localhost_10001:c-1]
2019-09-26 13:33:05,526 INFO  client.GrpcClientProtocolService (GrpcClientProtocolService.java:lambda$processClientRequest$0(278)) - Failed RaftClientRequest:client-352D35361D97->localhost_10000@group-DB7CD3B4A7F8, cid=42, seq=0, RW, Message:321f0a0f0a0d74657374...(size=33), reply=RaftClientReply:client-352D35361D97->localhost_10000@group-DB7CD3B4A7F8, cid=42, FAILED org.apache.ratis.protocol.NotLeaderException: Server localhost_10000@group-DB7CD3B4A7F8 is not the leader, logIndex=0, commits[localhost_10000:c-1]
2019-09-26 13:33:05,528 INFO  client.GrpcClientProtocolService (GrpcClientProtocolService.java:lambda$processClientRequest$0(278)) - Failed RaftClientRequest:client-352D35361D97->localhost_10001@group-DB7CD3B4A7F8, cid=42, seq=0, RW, Message:321f0a0f0a0d74657374...(size=33), reply=RaftClientReply:client-352D35361D97->localhost_10001@group-DB7CD3B4A7F8, cid=42, FAILED org.apache.ratis.protocol.NotLeaderException: Server localhost_10001@group-DB7CD3B4A7F8 is not the leader, logIndex=0, commits[localhost_10001:c-1]
2019-09-26 13:33:05,530 INFO  client.GrpcClientProtocolService (GrpcClientProtocolService.java:lambda$processClientRequest$0(278)) - Failed RaftClientRequest:client-352D35361D97->localhost_10002@group-DB7CD3B4A7F8, cid=42, seq=0, RW, Message:321f0a0f0a0d74657374...(size=33), reply=RaftClientReply:client-352D35361D97->localhost_10002@group-DB7CD3B4A7F8, cid=42, FAILED org.apache.ratis.protocol.NotLeaderException: Server localhost_10002@group-DB7CD3B4A7F8 is not the leader, logIndex=0, commits[localhost_10002:c-1]
2019-09-26 13:33:05,531 INFO  client.GrpcClientProtocolService (GrpcClientProtocolService.java:lambda$processClientRequest$0(278)) - Failed RaftClientRequest:client-352D35361D97->localhost_10001@group-DB7CD3B4A7F8, cid=42, seq=0, RW, Message:321f0a0f0a0d74657374...(size=33), reply=RaftClientReply:client-352D35361D97->localhost_10001@group-DB7CD3B4A7F8, cid=42, FAILED org.apache.ratis.protocol.NotLeaderException: Server localhost_10001@group-DB7CD3B4A7F8 is not the leader, logIndex=0, commits[localhost_10001:c-1]
2019-09-26 13:33:05,533 INFO  client.GrpcClientProtocolService (GrpcClientProtocolService.java:lambda$processClientRequest$0(278)) - Failed RaftClientRequest:client-352D35361D97->localhost_10000@group-DB7CD3B4A7F8, cid=42, seq=0, RW, Message:321f0a0f0a0d74657374...(size=33), reply=RaftClientReply:client-352D35361D97->localhost_10000@group-DB7CD3B4A7F8, cid=42, FAILED org.apache.ratis.protocol.NotLeaderException: Server localhost_10000@group-DB7CD3B4A7F8 is not the leader, logIndex=0, commits[localhost_10000:c-1]
2019-09-26 13:33:05,535 INFO  client.GrpcClientProtocolService (GrpcClientProtocolService.java:lambda$processClientRequest$0(278)) - Failed RaftClientRequest:client-352D35361D97->localhost_10001@group-DB7CD3B4A7F8, cid=42, seq=0, RW, Message:321f0a0f0a0d74657374...(size=33), reply=RaftClientReply:client-352D35361D97->localhost_10001@group-DB7CD3B4A7F8, cid=42, FAILED org.apache.ratis.protocol.NotLeaderException: Server localhost_10001@group-DB7CD3B4A7F8 is not the leader, logIndex=0, commits[localhost_10001:c-1]
2019-09-26 13:33:05,536 INFO  client.GrpcClientProtocolService (GrpcClientProtocolService.java:lambda$processClientRequest$0(278)) - Failed RaftClientRequest:client-352D35361D97->localhost_10002@group-DB7CD3B4A7F8, cid=42, seq=0, RW, Message:321f0a0f0a0d74657374...(size=33), reply=RaftClientReply:client-352D35361D97->localhost_10002@group-DB7CD3B4A7F8, cid=42, FAILED org.apache.ratis.protocol.NotLeaderException: Server localhost_10002@group-DB7CD3B4A7F8 is not the leader, logIndex=0, commits[localhost_10002:c-1]
2019-09-26 13:33:05,538 INFO  client.GrpcClientProtocolService (GrpcClientProtocolService.java:lambda$processClientRequest$0(278)) - Failed RaftClientRequest:client-352D35361D97->localhost_10000@group-DB7CD3B4A7F8, cid=42, seq=0, RW, Message:321f0a0f0a0d74657374...(size=33), reply=RaftClientReply:client-352D35361D97->localhost_10000@group-DB7CD3B4A7F8, cid=42, FAILED org.apache.ratis.protocol.NotLeaderException: Server localhost_10000@group-DB7CD3B4A7F8 is not the leader, logIndex=0, commits[localhost_10000:c-1]
2019-09-26 13:33:05,540 INFO  client.GrpcClientProtocolService (GrpcClientProtocolService.java:lambda$processClientRequest$0(278)) - Failed RaftClientRequest:client-352D35361D97->localhost_10002@group-DB7CD3B4A7F8, cid=42, seq=0, RW, Message:321f0a0f0a0d74657374...(size=33), reply=RaftClientReply:client-352D35361D97->localhost_10002@group-DB7CD3B4A7F8, cid=42, FAILED org.apache.ratis.protocol.NotLeaderException: Server localhost_10002@group-DB7CD3B4A7F8 is not the leader, logIndex=0, commits[localhost_10002:c-1]
2019-09-26 13:33:05,542 INFO  client.GrpcClientProtocolService (GrpcClientProtocolService.java:lambda$processClientRequest$0(278)) - Failed RaftClientRequest:client-352D35361D97->localhost_10001@group-DB7CD3B4A7F8, cid=42, seq=0, RW, Message:321f0a0f0a0d74657374...(size=33), reply=RaftClientReply:client-352D35361D97->localhost_10001@group-DB7CD3B4A7F8, cid=42, FAILED org.apache.ratis.protocol.NotLeaderException: Server localhost_10001@group-DB7CD3B4A7F8 is not the leader, logIndex=0, commits[localhost_10001:c-1]
2019-09-26 13:33:05,543 INFO  client.GrpcClientProtocolService (GrpcClientProtocolService.java:lambda$processClientRequest$0(278)) - Failed RaftClientRequest:client-352D35361D97->localhost_10002@group-DB7CD3B4A7F8, cid=42, seq=0, RW, Message:321f0a0f0a0d74657374...(size=33), reply=RaftClientReply:client-352D35361D97->localhost_10002@group-DB7CD3B4A7F8, cid=42, FAILED org.apache.ratis.protocol.NotLeaderException: Server localhost_10002@group-DB7CD3B4A7F8 is not the leader, logIndex=0, commits[localhost_10002:c-1]
2019-09-26 13:33:05,545 INFO  client.GrpcClientProtocolService (GrpcClientProtocolService.java:lambda$processClientRequest$0(278)) - Failed RaftClientRequest:client-352D35361D97->localhost_10000@group-DB7CD3B4A7F8, cid=42, seq=0, RW, Message:321f0a0f0a0d74657374...(size=33), reply=RaftClientReply:client-352D35361D97->localhost_10000@group-DB7CD3B4A7F8, cid=42, FAILED org.apache.ratis.protocol.NotLeaderException: Server localhost_10000@group-DB7CD3B4A7F8 is not the leader, logIndex=0, commits[localhost_10000:c-1]
2019-09-26 13:33:05,547 INFO  client.GrpcClientProtocolService (GrpcClientProtocolService.java:lambda$processClientRequest$0(278)) - Failed RaftClientRequest:client-352D35361D97->localhost_10001@group-DB7CD3B4A7F8, cid=42, seq=0, RW, Message:321f0a0f0a0d74657374...(size=33), reply=RaftClientReply:client-352D35361D97->localhost_10001@group-DB7CD3B4A7F8, cid=42, FAILED org.apache.ratis.protocol.NotLeaderException: Server localhost_10001@group-DB7CD3B4A7F8 is not the leader, logIndex=0, commits[localhost_10001:c-1]
2019-09-26 13:33:05,548 INFO  client.GrpcClientProtocolService (GrpcClientProtocolService.java:lambda$processClientRequest$0(278)) - Failed RaftClientRequest:client-352D35361D97->localhost_10002@group-DB7CD3B4A7F8, cid=42, seq=0, RW, Message:321f0a0f0a0d74657374...(size=33), reply=RaftClientReply:client-352D35361D97->localhost_10002@group-DB7CD3B4A7F8, cid=42, FAILED org.apache.ratis.protocol.NotLeaderException: Server localhost_10002@group-DB7CD3B4A7F8 is not the leader, logIndex=0, commits[localhost_10002:c-1]
2019-09-26 13:33:05,550 INFO  client.GrpcClientProtocolService (GrpcClientProtocolService.java:lambda$processClientRequest$0(278)) - Failed RaftClientRequest:client-352D35361D97->localhost_10001@group-DB7CD3B4A7F8, cid=42, seq=0, RW, Message:321f0a0f0a0d74657374...(size=33), reply=RaftClientReply:client-352D35361D97->localhost_10001@group-DB7CD3B4A7F8, cid=42, FAILED org.apache.ratis.protocol.NotLeaderException: Server localhost_10001@group-DB7CD3B4A7F8 is not the leader, logIndex=0, commits[localhost_10001:c-1]
2019-09-26 13:33:05,552 INFO  client.GrpcClientProtocolService (GrpcClientProtocolService.java:lambda$processClientRequest$0(278)) - Failed RaftClientRequest:client-352D35361D97->localhost_10000@group-DB7CD3B4A7F8, cid=42, seq=0, RW, Message:321f0a0f0a0d74657374...(size=33), reply=RaftClientReply:client-352D35361D97->localhost_10000@group-DB7CD3B4A7F8, cid=42, FAILED org.apache.ratis.protocol.NotLeaderException: Server localhost_10000@group-DB7CD3B4A7F8 is not the leader, logIndex=0, commits[localhost_10000:c-1]
2019-09-26 13:33:05,553 INFO  client.GrpcClientProtocolService (GrpcClientProtocolService.java:lambda$processClientRequest$0(278)) - Failed RaftClientRequest:client-352D35361D97->localhost_10002@group-DB7CD3B4A7F8, cid=42, seq=0, RW, Message:321f0a0f0a0d74657374...(size=33), reply=RaftClientReply:client-352D35361D97->localhost_10002@group-DB7CD3B4A7F8, cid=42, FAILED org.apache.ratis.protocol.NotLeaderException: Server localhost_10002@group-DB7CD3B4A7F8 is not the leader, logIndex=0, commits[localhost_10002:c-1]
2019-09-26 13:33:05,555 INFO  client.GrpcClientProtocolService (GrpcClientProtocolService.java:lambda$processClientRequest$0(278)) - Failed RaftClientRequest:client-352D35361D97->localhost_10000@group-DB7CD3B4A7F8, cid=42, seq=0, RW, Message:321f0a0f0a0d74657374...(size=33), reply=RaftClientReply:client-352D35361D97->localhost_10000@group-DB7CD3B4A7F8, cid=42, FAILED org.apache.ratis.protocol.NotLeaderException: Server localhost_10000@group-DB7CD3B4A7F8 is not the leader, logIndex=0, commits[localhost_10000:c-1]
2019-09-26 13:33:05,557 INFO  client.GrpcClientProtocolService (GrpcClientProtocolService.java:lambda$processClientRequest$0(278)) - Failed RaftClientRequest:client-352D35361D97->localhost_10002@group-DB7CD3B4A7F8, cid=42, seq=0, RW, Message:321f0a0f0a0d74657374...(size=33), reply=RaftClientReply:client-352D35361D97->localhost_10002@group-DB7CD3B4A7F8, cid=42, FAILED org.apache.ratis.protocol.NotLeaderException: Server localhost_10002@group-DB7CD3B4A7F8 is not the leader, logIndex=0, commits[localhost_10002:c-1]
2019-09-26 13:33:05,558 INFO  client.GrpcClientProtocolService (GrpcClientProtocolService.java:lambda$processClientRequest$0(278)) - Failed RaftClientRequest:client-352D35361D97->localhost_10000@group-DB7CD3B4A7F8, cid=42, seq=0, RW, Message:321f0a0f0a0d74657374...(size=33), reply=RaftClientReply:client-352D35361D97->localhost_10000@group-DB7CD3B4A7F8, cid=42, FAILED org.apache.ratis.protocol.NotLeaderException: Server localhost_10000@group-DB7CD3B4A7F8 is not the leader, logIndex=0, commits[localhost_10000:c-1]
2019-09-26 13:33:05,560 INFO  client.GrpcClientProtocolService (GrpcClientProtocolService.java:lambda$processClientRequest$0(278)) - Failed RaftClientRequest:client-352D35361D97->localhost_10002@group-DB7CD3B4A7F8, cid=42, seq=0, RW, Message:321f0a0f0a0d74657374...(size=33), reply=RaftClientReply:client-352D35361D97->localhost_10002@group-DB7CD3B4A7F8, cid=42, FAILED org.apache.ratis.protocol.NotLeaderException: Server localhost_10002@group-DB7CD3B4A7F8 is not the leader, logIndex=0, commits[localhost_10002:c-1]
2019-09-26 13:33:05,562 INFO  client.GrpcClientProtocolService (GrpcClientProtocolService.java:lambda$processClientRequest$0(278)) - Failed RaftClientRequest:client-352D35361D97->localhost_10001@group-DB7CD3B4A7F8, cid=42, seq=0, RW, Message:321f0a0f0a0d74657374...(size=33), reply=RaftClientReply:client-352D35361D97->localhost_10001@group-DB7CD3B4A7F8, cid=42, FAILED org.apache.ratis.protocol.NotLeaderException: Server localhost_10001@group-DB7CD3B4A7F8 is not the leader, logIndex=0, commits[localhost_10001:c-1]
2019-09-26 13:33:05,563 INFO  client.GrpcClientProtocolService (GrpcClientProtocolService.java:lambda$processClientRequest$0(278)) - Failed RaftClientRequest:client-352D35361D97->localhost_10002@group-DB7CD3B4A7F8, cid=42, seq=0, RW, Message:321f0a0f0a0d74657374...(size=33), reply=RaftClientReply:client-352D35361D97->localhost_10002@group-DB7CD3B4A7F8, cid=42, FAILED org.apache.ratis.protocol.NotLeaderException: Server localhost_10002@group-DB7CD3B4A7F8 is not the leader, logIndex=0, commits[localhost_10002:c-1]
2019-09-26 13:33:05,565 INFO  client.GrpcClientProtocolService (GrpcClientProtocolService.java:lambda$processClientRequest$0(278)) - Failed RaftClientRequest:client-352D35361D97->localhost_10001@group-DB7CD3B4A7F8, cid=42, seq=0, RW, Message:321f0a0f0a0d74657374...(size=33), reply=RaftClientReply:client-352D35361D97->localhost_10001@group-DB7CD3B4A7F8, cid=42, FAILED org.apache.ratis.protocol.NotLeaderException: Server localhost_10001@group-DB7CD3B4A7F8 is not the leader, logIndex=0, commits[localhost_10001:c-1]
2019-09-26 13:33:05,567 INFO  client.GrpcClientProtocolService (GrpcClientProtocolService.java:lambda$processClientRequest$0(278)) - Failed RaftClientRequest:client-352D35361D97->localhost_10002@group-DB7CD3B4A7F8, cid=42, seq=0, RW, Message:321f0a0f0a0d74657374...(size=33), reply=RaftClientReply:client-352D35361D97->localhost_10002@group-DB7CD3B4A7F8, cid=42, FAILED org.apache.ratis.protocol.NotLeaderException: Server localhost_10002@group-DB7CD3B4A7F8 is not the leader, logIndex=0, commits[localhost_10002:c-1]
2019-09-26 13:33:05,568 INFO  client.GrpcClientProtocolService (GrpcClientProtocolService.java:lambda$processClientRequest$0(278)) - Failed RaftClientRequest:client-352D35361D97->localhost_10001@group-DB7CD3B4A7F8, cid=42, seq=0, RW, Message:321f0a0f0a0d74657374...(size=33), reply=RaftClientReply:client-352D35361D97->localhost_10001@group-DB7CD3B4A7F8, cid=42, FAILED org.apache.ratis.protocol.NotLeaderException: Server localhost_10001@group-DB7CD3B4A7F8 is not the leader, logIndex=0, commits[localhost_10001:c-1]
2019-09-26 13:33:05,570 INFO  client.GrpcClientProtocolService (GrpcClientProtocolService.java:lambda$processClientRequest$0(278)) - Failed RaftClientRequest:client-352D35361D97->localhost_10002@group-DB7CD3B4A7F8, cid=42, seq=0, RW, Message:321f0a0f0a0d74657374...(size=33), reply=RaftClientReply:client-352D35361D97->localhost_10002@group-DB7CD3B4A7F8, cid=42, FAILED org.apache.ratis.protocol.NotLeaderException: Server localhost_10002@group-DB7CD3B4A7F8 is not the leader, logIndex=0, commits[localhost_10002:c-1]
2019-09-26 13:33:05,572 INFO  client.GrpcClientProtocolService (GrpcClientProtocolService.java:lambda$processClientRequest$0(278)) - Failed RaftClientRequest:client-352D35361D97->localhost_10000@group-DB7CD3B4A7F8, cid=42, seq=0, RW, Message:321f0a0f0a0d74657374...(size=33), reply=RaftClientReply:client-352D35361D97->localhost_10000@group-DB7CD3B4A7F8, cid=42, FAILED org.apache.ratis.protocol.NotLeaderException: Server localhost_10000@group-DB7CD3B4A7F8 is not the leader, logIndex=0, commits[localhost_10000:c-1]
2019-09-26 13:33:05,574 INFO  client.GrpcClientProtocolService (GrpcClientProtocolService.java:lambda$processClientRequest$0(278)) - Failed RaftClientRequest:client-352D35361D97->localhost_10002@group-DB7CD3B4A7F8, cid=42, seq=0, RW, Message:321f0a0f0a0d74657374...(size=33), reply=RaftClientReply:client-352D35361D97->localhost_10002@group-DB7CD3B4A7F8, cid=42, FAILED org.apache.ratis.protocol.NotLeaderException: Server localhost_10002@group-DB7CD3B4A7F8 is not the leader, logIndex=0, commits[localhost_10002:c-1]
2019-09-26 13:33:05,576 INFO  client.GrpcClientProtocolService (GrpcClientProtocolService.java:lambda$processClientRequest$0(278)) - Failed RaftClientRequest:client-352D35361D97->localhost_10000@group-DB7CD3B4A7F8, cid=42, seq=0, RW, Message:321f0a0f0a0d74657374...(size=33), reply=RaftClientReply:client-352D35361D97->localhost_10000@group-DB7CD3B4A7F8, cid=42, FAILED org.apache.ratis.protocol.NotLeaderException: Server localhost_10000@group-DB7CD3B4A7F8 is not the leader, logIndex=0, commits[localhost_10000:c-1]
2019-09-26 13:33:05,578 INFO  client.GrpcClientProtocolService (GrpcClientProtocolService.java:lambda$processClientRequest$0(278)) - Failed RaftClientRequest:client-352D35361D97->localhost_10002@group-DB7CD3B4A7F8, cid=42, seq=0, RW, Message:321f0a0f0a0d74657374...(size=33), reply=RaftClientReply:client-352D35361D97->localhost_10002@group-DB7CD3B4A7F8, cid=42, FAILED org.apache.ratis.protocol.NotLeaderException: Server localhost_10002@group-DB7CD3B4A7F8 is not the leader, logIndex=0, commits[localhost_10002:c-1]
2019-09-26 13:33:05,579 INFO  client.GrpcClientProtocolService (GrpcClientProtocolService.java:lambda$processClientRequest$0(278)) - Failed RaftClientRequest:client-352D35361D97->localhost_10000@group-DB7CD3B4A7F8, cid=42, seq=0, RW, Message:321f0a0f0a0d74657374...(size=33), reply=RaftClientReply:client-352D35361D97->localhost_10000@group-DB7CD3B4A7F8, cid=42, FAILED org.apache.ratis.protocol.NotLeaderException: Server localhost_10000@group-DB7CD3B4A7F8 is not the leader, logIndex=0, commits[localhost_10000:c-1]
2019-09-26 13:33:05,581 INFO  client.GrpcClientProtocolService (GrpcClientProtocolService.java:lambda$processClientRequest$0(278)) - Failed RaftClientRequest:client-352D35361D97->localhost_10002@group-DB7CD3B4A7F8, cid=42, seq=0, RW, Message:321f0a0f0a0d74657374...(size=33), reply=RaftClientReply:client-352D35361D97->localhost_10002@group-DB7CD3B4A7F8, cid=42, FAILED org.apache.ratis.protocol.NotLeaderException: Server localhost_10002@group-DB7CD3B4A7F8 is not the leader, logIndex=0, commits[localhost_10002:c-1]
2019-09-26 13:33:05,582 INFO  client.GrpcClientProtocolService (GrpcClientProtocolService.java:lambda$processClientRequest$0(278)) - Failed RaftClientRequest:client-352D35361D97->localhost_10000@group-DB7CD3B4A7F8, cid=42, seq=0, RW, Message:321f0a0f0a0d74657374...(size=33), reply=RaftClientReply:client-352D35361D97->localhost_10000@group-DB7CD3B4A7F8, cid=42, FAILED org.apache.ratis.protocol.NotLeaderException: Server localhost_10000@group-DB7CD3B4A7F8 is not the leader, logIndex=0, commits[localhost_10000:c-1]
2019-09-26 13:33:05,584 INFO  client.GrpcClientProtocolService (GrpcClientProtocolService.java:lambda$processClientRequest$0(278)) - Failed RaftClientRequest:client-352D35361D97->localhost_10002@group-DB7CD3B4A7F8, cid=42, seq=0, RW, Message:321f0a0f0a0d74657374...(size=33), reply=RaftClientReply:client-352D35361D97->localhost_10002@group-DB7CD3B4A7F8, cid=42, FAILED org.apache.ratis.protocol.NotLeaderException: Server localhost_10002@group-DB7CD3B4A7F8 is not the leader, logIndex=0, commits[localhost_10002:c-1]
2019-09-26 13:33:05,586 INFO  client.GrpcClientProtocolService (GrpcClientProtocolService.java:lambda$processClientRequest$0(278)) - Failed RaftClientRequest:client-352D35361D97->localhost_10001@group-DB7CD3B4A7F8, cid=42, seq=0, RW, Message:321f0a0f0a0d74657374...(size=33), reply=RaftClientReply:client-352D35361D97->localhost_10001@group-DB7CD3B4A7F8, cid=42, FAILED org.apache.ratis.protocol.NotLeaderException: Server localhost_10001@group-DB7CD3B4A7F8 is not the leader, logIndex=0, commits[localhost_10001:c-1]
2019-09-26 13:33:05,588 INFO  client.GrpcClientProtocolService (GrpcClientProtocolService.java:lambda$processClientRequest$0(278)) - Failed RaftClientRequest:client-352D35361D97->localhost_10002@group-DB7CD3B4A7F8, cid=42, seq=0, RW, Message:321f0a0f0a0d74657374...(size=33), reply=RaftClientReply:client-352D35361D97->localhost_10002@group-DB7CD3B4A7F8, cid=42, FAILED org.apache.ratis.protocol.NotLeaderException: Server localhost_10002@group-DB7CD3B4A7F8 is not the leader, logIndex=0, commits[localhost_10002:c-1]
2019-09-26 13:33:05,589 INFO  client.GrpcClientProtocolService (GrpcClientProtocolService.java:lambda$processClientRequest$0(278)) - Failed RaftClientRequest:client-352D35361D97->localhost_10001@group-DB7CD3B4A7F8, cid=42, seq=0, RW, Message:321f0a0f0a0d74657374...(size=33), reply=RaftClientReply:client-352D35361D97->localhost_10001@group-DB7CD3B4A7F8, cid=42, FAILED org.apache.ratis.protocol.NotLeaderException: Server localhost_10001@group-DB7CD3B4A7F8 is not the leader, logIndex=0, commits[localhost_10001:c-1]
2019-09-26 13:33:05,591 INFO  client.GrpcClientProtocolService (GrpcClientProtocolService.java:lambda$processClientRequest$0(278)) - Failed RaftClientRequest:client-352D35361D97->localhost_10000@group-DB7CD3B4A7F8, cid=42, seq=0, RW, Message:321f0a0f0a0d74657374...(size=33), reply=RaftClientReply:client-352D35361D97->localhost_10000@group-DB7CD3B4A7F8, cid=42, FAILED org.apache.ratis.protocol.NotLeaderException: Server localhost_10000@group-DB7CD3B4A7F8 is not the leader, logIndex=0, commits[localhost_10000:c-1]
2019-09-26 13:33:05,592 INFO  client.GrpcClientProtocolService (GrpcClientProtocolService.java:lambda$processClientRequest$0(278)) - Failed RaftClientRequest:client-352D35361D97->localhost_10001@group-DB7CD3B4A7F8, cid=42, seq=0, RW, Message:321f0a0f0a0d74657374...(size=33), reply=RaftClientReply:client-352D35361D97->localhost_10001@group-DB7CD3B4A7F8, cid=42, FAILED org.apache.ratis.protocol.NotLeaderException: Server localhost_10001@group-DB7CD3B4A7F8 is not the leader, logIndex=0, commits[localhost_10001:c-1]
2019-09-26 13:33:05,594 INFO  client.GrpcClientProtocolService (GrpcClientProtocolService.java:lambda$processClientRequest$0(278)) - Failed RaftClientRequest:client-352D35361D97->localhost_10002@group-DB7CD3B4A7F8, cid=42, seq=0, RW, Message:321f0a0f0a0d74657374...(size=33), reply=RaftClientReply:client-352D35361D97->localhost_10002@group-DB7CD3B4A7F8, cid=42, FAILED org.apache.ratis.protocol.NotLeaderException: Server localhost_10002@group-DB7CD3B4A7F8 is not the leader, logIndex=0, commits[localhost_10002:c-1]
2019-09-26 13:33:05,595 INFO  client.GrpcClientProtocolService (GrpcClientProtocolService.java:lambda$processClientRequest$0(278)) - Failed RaftClientRequest:client-352D35361D97->localhost_10001@group-DB7CD3B4A7F8, cid=42, seq=0, RW, Message:321f0a0f0a0d74657374...(size=33), reply=RaftClientReply:client-352D35361D97->localhost_10001@group-DB7CD3B4A7F8, cid=42, FAILED org.apache.ratis.protocol.NotLeaderException: Server localhost_10001@group-DB7CD3B4A7F8 is not the leader, logIndex=0, commits[localhost_10001:c-1]
2019-09-26 13:33:05,597 INFO  client.GrpcClientProtocolService (GrpcClientProtocolService.java:lambda$processClientRequest$0(278)) - Failed RaftClientRequest:client-352D35361D97->localhost_10002@group-DB7CD3B4A7F8, cid=42, seq=0, RW, Message:321f0a0f0a0d74657374...(size=33), reply=RaftClientReply:client-352D35361D97->localhost_10002@group-DB7CD3B4A7F8, cid=42, FAILED org.apache.ratis.protocol.NotLeaderException: Server localhost_10002@group-DB7CD3B4A7F8 is not the leader, logIndex=0, commits[localhost_10002:c-1]
2019-09-26 13:33:05,599 INFO  client.GrpcClientProtocolService (GrpcClientProtocolService.java:lambda$processClientRequest$0(278)) - Failed RaftClientRequest:client-352D35361D97->localhost_10000@group-DB7CD3B4A7F8, cid=42, seq=0, RW, Message:321f0a0f0a0d74657374...(size=33), reply=RaftClientReply:client-352D35361D97->localhost_10000@group-DB7CD3B4A7F8, cid=42, FAILED org.apache.ratis.protocol.NotLeaderException: Server localhost_10000@group-DB7CD3B4A7F8 is not the leader, logIndex=0, commits[localhost_10000:c-1]
2019-09-26 13:33:05,600 INFO  client.GrpcClientProtocolService (GrpcClientProtocolService.java:lambda$processClientRequest$0(278)) - Failed RaftClientRequest:client-352D35361D97->localhost_10002@group-DB7CD3B4A7F8, cid=42, seq=0, RW, Message:321f0a0f0a0d74657374...(size=33), reply=RaftClientReply:client-352D35361D97->localhost_10002@group-DB7CD3B4A7F8, cid=42, FAILED org.apache.ratis.protocol.NotLeaderException: Server localhost_10002@group-DB7CD3B4A7F8 is not the leader, logIndex=0, commits[localhost_10002:c-1]
2019-09-26 13:33:05,602 INFO  client.GrpcClientProtocolService (GrpcClientProtocolService.java:lambda$processClientRequest$0(278)) - Failed RaftClientRequest:client-352D35361D97->localhost_10000@group-DB7CD3B4A7F8, cid=42, seq=0, RW, Message:321f0a0f0a0d74657374...(size=33), reply=RaftClientReply:client-352D35361D97->localhost_10000@group-DB7CD3B4A7F8, cid=42, FAILED org.apache.ratis.protocol.NotLeaderException: Server localhost_10000@group-DB7CD3B4A7F8 is not the leader, logIndex=0, commits[localhost_10000:c-1]
2019-09-26 13:33:05,603 INFO  client.GrpcClientProtocolService (GrpcClientProtocolService.java:lambda$processClientRequest$0(278)) - Failed RaftClientRequest:client-352D35361D97->localhost_10002@group-DB7CD3B4A7F8, cid=42, seq=0, RW, Message:321f0a0f0a0d74657374...(size=33), reply=RaftClientReply:client-352D35361D97->localhost_10002@group-DB7CD3B4A7F8, cid=42, FAILED org.apache.ratis.protocol.NotLeaderException: Server localhost_10002@group-DB7CD3B4A7F8 is not the leader, logIndex=0, commits[localhost_10002:c-1]
2019-09-26 13:33:05,605 INFO  client.GrpcClientProtocolService (GrpcClientProtocolService.java:lambda$processClientRequest$0(278)) - Failed RaftClientRequest:client-352D35361D97->localhost_10001@group-DB7CD3B4A7F8, cid=42, seq=0, RW, Message:321f0a0f0a0d74657374...(size=33), reply=RaftClientReply:client-352D35361D97->localhost_10001@group-DB7CD3B4A7F8, cid=42, FAILED org.apache.ratis.protocol.NotLeaderException: Server localhost_10001@group-DB7CD3B4A7F8 is not the leader, logIndex=0, commits[localhost_10001:c-1]
2019-09-26 13:33:05,607 INFO  client.GrpcClientProtocolService (GrpcClientProtocolService.java:lambda$processClientRequest$0(278)) - Failed RaftClientRequest:client-352D35361D97->localhost_10000@group-DB7CD3B4A7F8, cid=42, seq=0, RW, Message:321f0a0f0a0d74657374...(size=33), reply=RaftClientReply:client-352D35361D97->localhost_10000@group-DB7CD3B4A7F8, cid=42, FAILED org.apache.ratis.protocol.NotLeaderException: Server localhost_10000@group-DB7CD3B4A7F8 is not the leader, logIndex=0, commits[localhost_10000:c-1]
2019-09-26 13:33:05,609 INFO  client.GrpcClientProtocolService (GrpcClientProtocolService.java:lambda$processClientRequest$0(278)) - Failed RaftClientRequest:client-352D35361D97->localhost_10001@group-DB7CD3B4A7F8, cid=42, seq=0, RW, Message:321f0a0f0a0d74657374...(size=33), reply=RaftClientReply:client-352D35361D97->localhost_10001@group-DB7CD3B4A7F8, cid=42, FAILED org.apache.ratis.protocol.NotLeaderException: Server localhost_10001@group-DB7CD3B4A7F8 is not the leader, logIndex=0, commits[localhost_10001:c-1]
2019-09-26 13:33:05,610 INFO  client.GrpcClientProtocolService (GrpcClientProtocolService.java:lambda$processClientRequest$0(278)) - Failed RaftClientRequest:client-352D35361D97->localhost_10002@group-DB7CD3B4A7F8, cid=42, seq=0, RW, Message:321f0a0f0a0d74657374...(size=33), reply=RaftClientReply:client-352D35361D97->localhost_10002@group-DB7CD3B4A7F8, cid=42, FAILED org.apache.ratis.protocol.NotLeaderException: Server localhost_10002@group-DB7CD3B4A7F8 is not the leader, logIndex=0, commits[localhost_10002:c-1]
2019-09-26 13:33:05,612 INFO  client.GrpcClientProtocolService (GrpcClientProtocolService.java:lambda$processClientRequest$0(278)) - Failed RaftClientRequest:client-352D35361D97->localhost_10001@group-DB7CD3B4A7F8, cid=42, seq=0, RW, Message:321f0a0f0a0d74657374...(size=33), reply=RaftClientReply:client-352D35361D97->localhost_10001@group-DB7CD3B4A7F8, cid=42, FAILED org.apache.ratis.protocol.NotLeaderException: Server localhost_10001@group-DB7CD3B4A7F8 is not the leader, logIndex=0, commits[localhost_10001:c-1]
2019-09-26 13:33:05,614 INFO  client.GrpcClientProtocolService (GrpcClientProtocolService.java:lambda$processClientRequest$0(278)) - Failed RaftClientRequest:client-352D35361D97->localhost_10002@group-DB7CD3B4A7F8, cid=42, seq=0, RW, Message:321f0a0f0a0d74657374...(size=33), reply=RaftClientReply:client-352D35361D97->localhost_10002@group-DB7CD3B4A7F8, cid=42, FAILED org.apache.ratis.protocol.NotLeaderException: Server localhost_10002@group-DB7CD3B4A7F8 is not the leader, logIndex=0, commits[localhost_10002:c-1]
2019-09-26 13:33:05,615 INFO  client.GrpcClientProtocolService (GrpcClientProtocolService.java:lambda$processClientRequest$0(278)) - Failed RaftClientRequest:client-352D35361D97->localhost_10000@group-DB7CD3B4A7F8, cid=42, seq=0, RW, Message:321f0a0f0a0d74657374...(size=33), reply=RaftClientReply:client-352D35361D97->localhost_10000@group-DB7CD3B4A7F8, cid=42, FAILED org.apache.ratis.protocol.NotLeaderException: Server localhost_10000@group-DB7CD3B4A7F8 is not the leader, logIndex=0, commits[localhost_10000:c-1]
2019-09-26 13:33:05,617 INFO  client.GrpcClientProtocolService (GrpcClientProtocolService.java:lambda$processClientRequest$0(278)) - Failed RaftClientRequest:client-352D35361D97->localhost_10002@group-DB7CD3B4A7F8, cid=42, seq=0, RW, Message:321f0a0f0a0d74657374...(size=33), reply=RaftClientReply:client-352D35361D97->localhost_10002@group-DB7CD3B4A7F8, cid=42, FAILED org.apache.ratis.protocol.NotLeaderException: Server localhost_10002@group-DB7CD3B4A7F8 is not the leader, logIndex=0, commits[localhost_10002:c-1]
2019-09-26 13:33:05,619 INFO  client.GrpcClientProtocolService (GrpcClientProtocolService.java:lambda$processClientRequest$0(278)) - Failed RaftClientRequest:client-352D35361D97->localhost_10000@group-DB7CD3B4A7F8, cid=42, seq=0, RW, Message:321f0a0f0a0d74657374...(size=33), reply=RaftClientReply:client-352D35361D97->localhost_10000@group-DB7CD3B4A7F8, cid=42, FAILED org.apache.ratis.protocol.NotLeaderException: Server localhost_10000@group-DB7CD3B4A7F8 is not the leader, logIndex=0, commits[localhost_10000:c-1]
2019-09-26 13:33:05,621 INFO  client.GrpcClientProtocolService (GrpcClientProtocolService.java:lambda$processClientRequest$0(278)) - Failed RaftClientRequest:client-352D35361D97->localhost_10002@group-DB7CD3B4A7F8, cid=42, seq=0, RW, Message:321f0a0f0a0d74657374...(size=33), reply=RaftClientReply:client-352D35361D97->localhost_10002@group-DB7CD3B4A7F8, cid=42, FAILED org.apache.ratis.protocol.NotLeaderException: Server localhost_10002@group-DB7CD3B4A7F8 is not the leader, logIndex=0, commits[localhost_10002:c-1]
2019-09-26 13:33:05,623 INFO  client.GrpcClientProtocolService (GrpcClientProtocolService.java:lambda$processClientRequest$0(278)) - Failed RaftClientRequest:client-352D35361D97->localhost_10000@group-DB7CD3B4A7F8, cid=42, seq=0, RW, Message:321f0a0f0a0d74657374...(size=33), reply=RaftClientReply:client-352D35361D97->localhost_10000@group-DB7CD3B4A7F8, cid=42, FAILED org.apache.ratis.protocol.NotLeaderException: Server localhost_10000@group-DB7CD3B4A7F8 is not the leader, logIndex=0, commits[localhost_10000:c-1]
2019-09-26 13:33:05,625 INFO  client.GrpcClientProtocolService (GrpcClientProtocolService.java:lambda$processClientRequest$0(278)) - Failed RaftClientRequest:client-352D35361D97->localhost_10001@group-DB7CD3B4A7F8, cid=42, seq=0, RW, Message:321f0a0f0a0d74657374...(size=33), reply=RaftClientReply:client-352D35361D97->localhost_10001@group-DB7CD3B4A7F8, cid=42, FAILED org.apache.ratis.protocol.NotLeaderException: Server localhost_10001@group-DB7CD3B4A7F8 is not the leader, logIndex=0, commits[localhost_10001:c-1]
2019-09-26 13:33:05,626 INFO  client.GrpcClientProtocolService (GrpcClientProtocolService.java:lambda$processClientRequest$0(278)) - Failed RaftClientRequest:client-352D35361D97->localhost_10000@group-DB7CD3B4A7F8, cid=42, seq=0, RW, Message:321f0a0f0a0d74657374...(size=33), reply=RaftClientReply:client-352D35361D97->localhost_10000@group-DB7CD3B4A7F8, cid=42, FAILED org.apache.ratis.protocol.NotLeaderException: Server localhost_10000@group-DB7CD3B4A7F8 is not the leader, logIndex=0, commits[localhost_10000:c-1]
2019-09-26 13:33:05,628 INFO  client.GrpcClientProtocolService (GrpcClientProtocolService.java:lambda$processClientRequest$0(278)) - Failed RaftClientRequest:client-352D35361D97->localhost_10001@group-DB7CD3B4A7F8, cid=42, seq=0, RW, Message:321f0a0f0a0d74657374...(size=33), reply=RaftClientReply:client-352D35361D97->localhost_10001@group-DB7CD3B4A7F8, cid=42, FAILED org.apache.ratis.protocol.NotLeaderException: Server localhost_10001@group-DB7CD3B4A7F8 is not the leader, logIndex=0, commits[localhost_10001:c-1]
2019-09-26 13:33:05,630 INFO  client.GrpcClientProtocolService (GrpcClientProtocolService.java:lambda$processClientRequest$0(278)) - Failed RaftClientRequest:client-352D35361D97->localhost_10000@group-DB7CD3B4A7F8, cid=42, seq=0, RW, Message:321f0a0f0a0d74657374...(size=33), reply=RaftClientReply:client-352D35361D97->localhost_10000@group-DB7CD3B4A7F8, cid=42, FAILED org.apache.ratis.protocol.NotLeaderException: Server localhost_10000@group-DB7CD3B4A7F8 is not the leader, logIndex=0, commits[localhost_10000:c-1]
2019-09-26 13:33:05,631 INFO  client.GrpcClientProtocolService (GrpcClientProtocolService.java:lambda$processClientRequest$0(278)) - Failed RaftClientRequest:client-352D35361D97->localhost_10002@group-DB7CD3B4A7F8, cid=42, seq=0, RW, Message:321f0a0f0a0d74657374...(size=33), reply=RaftClientReply:client-352D35361D97->localhost_10002@group-DB7CD3B4A7F8, cid=42, FAILED org.apache.ratis.protocol.NotLeaderException: Server localhost_10002@group-DB7CD3B4A7F8 is not the leader, logIndex=0, commits[localhost_10002:c-1]
2019-09-26 13:33:05,633 INFO  client.GrpcClientProtocolService (GrpcClientProtocolService.java:lambda$processClientRequest$0(278)) - Failed RaftClientRequest:client-352D35361D97->localhost_10001@group-DB7CD3B4A7F8, cid=42, seq=0, RW, Message:321f0a0f0a0d74657374...(size=33), reply=RaftClientReply:client-352D35361D97->localhost_10001@group-DB7CD3B4A7F8, cid=42, FAILED org.apache.ratis.protocol.NotLeaderException: Server localhost_10001@group-DB7CD3B4A7F8 is not the leader, logIndex=0, commits[localhost_10001:c-1]
2019-09-26 13:33:05,635 INFO  client.GrpcClientProtocolService (GrpcClientProtocolService.java:lambda$processClientRequest$0(278)) - Failed RaftClientRequest:client-352D35361D97->localhost_10002@group-DB7CD3B4A7F8, cid=42, seq=0, RW, Message:321f0a0f0a0d74657374...(size=33), reply=RaftClientReply:client-352D35361D97->localhost_10002@group-DB7CD3B4A7F8, cid=42, FAILED org.apache.ratis.protocol.NotLeaderException: Server localhost_10002@group-DB7CD3B4A7F8 is not the leader, logIndex=0, commits[localhost_10002:c-1]
2019-09-26 13:33:05,636 INFO  client.GrpcClientProtocolService (GrpcClientProtocolService.java:lambda$processClientRequest$0(278)) - Failed RaftClientRequest:client-352D35361D97->localhost_10000@group-DB7CD3B4A7F8, cid=42, seq=0, RW, Message:321f0a0f0a0d74657374...(size=33), reply=RaftClientReply:client-352D35361D97->localhost_10000@group-DB7CD3B4A7F8, cid=42, FAILED org.apache.ratis.protocol.NotLeaderException: Server localhost_10000@group-DB7CD3B4A7F8 is not the leader, logIndex=0, commits[localhost_10000:c-1]
2019-09-26 13:33:05,638 INFO  client.GrpcClientProtocolService (GrpcClientProtocolService.java:lambda$processClientRequest$0(278)) - Failed RaftClientRequest:client-352D35361D97->localhost_10001@group-DB7CD3B4A7F8, cid=42, seq=0, RW, Message:321f0a0f0a0d74657374...(size=33), reply=RaftClientReply:client-352D35361D97->localhost_10001@group-DB7CD3B4A7F8, cid=42, FAILED org.apache.ratis.protocol.NotLeaderException: Server localhost_10001@group-DB7CD3B4A7F8 is not the leader, logIndex=0, commits[localhost_10001:c-1]
2019-09-26 13:33:05,640 INFO  client.GrpcClientProtocolService (GrpcClientProtocolService.java:lambda$processClientRequest$0(278)) - Failed RaftClientRequest:client-352D35361D97->localhost_10000@group-DB7CD3B4A7F8, cid=42, seq=0, RW, Message:321f0a0f0a0d74657374...(size=33), reply=RaftClientReply:client-352D35361D97->localhost_10000@group-DB7CD3B4A7F8, cid=42, FAILED org.apache.ratis.protocol.NotLeaderException: Server localhost_10000@group-DB7CD3B4A7F8 is not the leader, logIndex=0, commits[localhost_10000:c-1]
2019-09-26 13:33:05,641 INFO  client.GrpcClientProtocolService (GrpcClientProtocolService.java:lambda$processClientRequest$0(278)) - Failed RaftClientRequest:client-352D35361D97->localhost_10001@group-DB7CD3B4A7F8, cid=42, seq=0, RW, Message:321f0a0f0a0d74657374...(size=33), reply=RaftClientReply:client-352D35361D97->localhost_10001@group-DB7CD3B4A7F8, cid=42, FAILED org.apache.ratis.protocol.NotLeaderException: Server localhost_10001@group-DB7CD3B4A7F8 is not the leader, logIndex=0, commits[localhost_10001:c-1]
2019-09-26 13:33:05,643 INFO  client.GrpcClientProtocolService (GrpcClientProtocolService.java:lambda$processClientRequest$0(278)) - Failed RaftClientRequest:client-352D35361D97->localhost_10002@group-DB7CD3B4A7F8, cid=42, seq=0, RW, Message:321f0a0f0a0d74657374...(size=33), reply=RaftClientReply:client-352D35361D97->localhost_10002@group-DB7CD3B4A7F8, cid=42, FAILED org.apache.ratis.protocol.NotLeaderException: Server localhost_10002@group-DB7CD3B4A7F8 is not the leader, logIndex=0, commits[localhost_10002:c-1]
2019-09-26 13:33:05,644 INFO  client.GrpcClientProtocolService (GrpcClientProtocolService.java:lambda$processClientRequest$0(278)) - Failed RaftClientRequest:client-352D35361D97->localhost_10000@group-DB7CD3B4A7F8, cid=42, seq=0, RW, Message:321f0a0f0a0d74657374...(size=33), reply=RaftClientReply:client-352D35361D97->localhost_10000@group-DB7CD3B4A7F8, cid=42, FAILED org.apache.ratis.protocol.NotLeaderException: Server localhost_10000@group-DB7CD3B4A7F8 is not the leader, logIndex=0, commits[localhost_10000:c-1]
2019-09-26 13:33:05,646 INFO  client.GrpcClientProtocolService (GrpcClientProtocolService.java:lambda$processClientRequest$0(278)) - Failed RaftClientRequest:client-352D35361D97->localhost_10001@group-DB7CD3B4A7F8, cid=42, seq=0, RW, Message:321f0a0f0a0d74657374...(size=33), reply=RaftClientReply:client-352D35361D97->localhost_10001@group-DB7CD3B4A7F8, cid=42, FAILED org.apache.ratis.protocol.NotLeaderException: Server localhost_10001@group-DB7CD3B4A7F8 is not the leader, logIndex=0, commits[localhost_10001:c-1]
2019-09-26 13:33:05,648 INFO  client.GrpcClientProtocolService (GrpcClientProtocolService.java:lambda$processClientRequest$0(278)) - Failed RaftClientRequest:client-352D35361D97->localhost_10000@group-DB7CD3B4A7F8, cid=42, seq=0, RW, Message:321f0a0f0a0d74657374...(size=33), reply=RaftClientReply:client-352D35361D97->localhost_10000@group-DB7CD3B4A7F8, cid=42, FAILED org.apache.ratis.protocol.NotLeaderException: Server localhost_10000@group-DB7CD3B4A7F8 is not the leader, logIndex=0, commits[localhost_10000:c-1]
2019-09-26 13:33:05,649 INFO  client.GrpcClientProtocolService (GrpcClientProtocolService.java:lambda$processClientRequest$0(278)) - Failed RaftClientRequest:client-352D35361D97->localhost_10001@group-DB7CD3B4A7F8, cid=42, seq=0, RW, Message:321f0a0f0a0d74657374...(size=33), reply=RaftClientReply:client-352D35361D97->localhost_10001@group-DB7CD3B4A7F8, cid=42, FAILED org.apache.ratis.protocol.NotLeaderException: Server localhost_10001@group-DB7CD3B4A7F8 is not the leader, logIndex=0, commits[localhost_10001:c-1]
2019-09-26 13:33:05,650 INFO  client.GrpcClientProtocolService (GrpcClientProtocolService.java:lambda$processClientRequest$0(278)) - Failed RaftClientRequest:client-352D35361D97->localhost_10000@group-DB7CD3B4A7F8, cid=42, seq=0, RW, Message:321f0a0f0a0d74657374...(size=33), reply=RaftClientReply:client-352D35361D97->localhost_10000@group-DB7CD3B4A7F8, cid=42, FAILED org.apache.ratis.protocol.NotLeaderException: Server localhost_10000@group-DB7CD3B4A7F8 is not the leader, logIndex=0, commits[localhost_10000:c-1]
2019-09-26 13:33:05,652 INFO  client.GrpcClientProtocolService (GrpcClientProtocolService.java:lambda$processClientRequest$0(278)) - Failed RaftClientRequest:client-352D35361D97->localhost_10002@group-DB7CD3B4A7F8, cid=42, seq=0, RW, Message:321f0a0f0a0d74657374...(size=33), reply=RaftClientReply:client-352D35361D97->localhost_10002@group-DB7CD3B4A7F8, cid=42, FAILED org.apache.ratis.protocol.NotLeaderException: Server localhost_10002@group-DB7CD3B4A7F8 is not the leader, logIndex=0, commits[localhost_10002:c-1]
2019-09-26 13:33:05,654 INFO  client.GrpcClientProtocolService (GrpcClientProtocolService.java:lambda$processClientRequest$0(278)) - Failed RaftClientRequest:client-352D35361D97->localhost_10001@group-DB7CD3B4A7F8, cid=42, seq=0, RW, Message:321f0a0f0a0d74657374...(size=33), reply=RaftClientReply:client-352D35361D97->localhost_10001@group-DB7CD3B4A7F8, cid=42, FAILED org.apache.ratis.protocol.NotLeaderException: Server localhost_10001@group-DB7CD3B4A7F8 is not the leader, logIndex=0, commits[localhost_10001:c-1]
2019-09-26 13:33:05,655 INFO  client.GrpcClientProtocolService (GrpcClientProtocolService.java:lambda$processClientRequest$0(278)) - Failed RaftClientRequest:client-352D35361D97->localhost_10002@group-DB7CD3B4A7F8, cid=42, seq=0, RW, Message:321f0a0f0a0d74657374...(size=33), reply=RaftClientReply:client-352D35361D97->localhost_10002@group-DB7CD3B4A7F8, cid=42, FAILED org.apache.ratis.protocol.NotLeaderException: Server localhost_10002@group-DB7CD3B4A7F8 is not the leader, logIndex=0, commits[localhost_10002:c-1]
2019-09-26 13:33:05,657 INFO  client.GrpcClientProtocolService (GrpcClientProtocolService.java:lambda$processClientRequest$0(278)) - Failed RaftClientRequest:client-352D35361D97->localhost_10000@group-DB7CD3B4A7F8, cid=42, seq=0, RW, Message:321f0a0f0a0d74657374...(size=33), reply=RaftClientReply:client-352D35361D97->localhost_10000@group-DB7CD3B4A7F8, cid=42, FAILED org.apache.ratis.protocol.NotLeaderException: Server localhost_10000@group-DB7CD3B4A7F8 is not the leader, logIndex=0, commits[localhost_10000:c-1]
2019-09-26 13:33:05,658 INFO  client.GrpcClientProtocolService (GrpcClientProtocolService.java:lambda$processClientRequest$0(278)) - Failed RaftClientRequest:client-352D35361D97->localhost_10001@group-DB7CD3B4A7F8, cid=42, seq=0, RW, Message:321f0a0f0a0d74657374...(size=33), reply=RaftClientReply:client-352D35361D97->localhost_10001@group-DB7CD3B4A7F8, cid=42, FAILED org.apache.ratis.protocol.NotLeaderException: Server localhost_10001@group-DB7CD3B4A7F8 is not the leader, logIndex=0, commits[localhost_10001:c-1]
2019-09-26 13:33:05,659 INFO  client.GrpcClientProtocolService (GrpcClientProtocolService.java:lambda$processClientRequest$0(278)) - Failed RaftClientRequest:client-352D35361D97->localhost_10002@group-DB7CD3B4A7F8, cid=42, seq=0, RW, Message:321f0a0f0a0d74657374...(size=33), reply=RaftClientReply:client-352D35361D97->localhost_10002@group-DB7CD3B4A7F8, cid=42, FAILED org.apache.ratis.protocol.NotLeaderException: Server localhost_10002@group-DB7CD3B4A7F8 is not the leader, logIndex=0, commits[localhost_10002:c-1]
2019-09-26 13:33:05,661 INFO  client.GrpcClientProtocolService (GrpcClientProtocolService.java:lambda$processClientRequest$0(278)) - Failed RaftClientRequest:client-352D35361D97->localhost_10000@group-DB7CD3B4A7F8, cid=42, seq=0, RW, Message:321f0a0f0a0d74657374...(size=33), reply=RaftClientReply:client-352D35361D97->localhost_10000@group-DB7CD3B4A7F8, cid=42, FAILED org.apache.ratis.protocol.NotLeaderException: Server localhost_10000@group-DB7CD3B4A7F8 is not the leader, logIndex=0, commits[localhost_10000:c-1]
2019-09-26 13:33:05,663 INFO  client.GrpcClientProtocolService (GrpcClientProtocolService.java:lambda$processClientRequest$0(278)) - Failed RaftClientRequest:client-352D35361D97->localhost_10001@group-DB7CD3B4A7F8, cid=42, seq=0, RW, Message:321f0a0f0a0d74657374...(size=33), reply=RaftClientReply:client-352D35361D97->localhost_10001@group-DB7CD3B4A7F8, cid=42, FAILED org.apache.ratis.protocol.NotLeaderException: Server localhost_10001@group-DB7CD3B4A7F8 is not the leader, logIndex=0, commits[localhost_10001:c-1]
2019-09-26 13:33:05,664 INFO  client.GrpcClientProtocolService (GrpcClientProtocolService.java:lambda$processClientRequest$0(278)) - Failed RaftClientRequest:client-352D35361D97->localhost_10002@group-DB7CD3B4A7F8, cid=42, seq=0, RW, Message:321f0a0f0a0d74657374...(size=33), reply=RaftClientReply:client-352D35361D97->localhost_10002@group-DB7CD3B4A7F8, cid=42, FAILED org.apache.ratis.protocol.NotLeaderException: Server localhost_10002@group-DB7CD3B4A7F8 is not the leader, logIndex=0, commits[localhost_10002:c-1]
2019-09-26 13:33:05,666 INFO  client.GrpcClientProtocolService (GrpcClientProtocolService.java:lambda$processClientRequest$0(278)) - Failed RaftClientRequest:client-352D35361D97->localhost_10001@group-DB7CD3B4A7F8, cid=42, seq=0, RW, Message:321f0a0f0a0d74657374...(size=33), reply=RaftClientReply:client-352D35361D97->localhost_10001@group-DB7CD3B4A7F8, cid=42, FAILED org.apache.ratis.protocol.NotLeaderException: Server localhost_10001@group-DB7CD3B4A7F8 is not the leader, logIndex=0, commits[localhost_10001:c-1]
2019-09-26 13:33:05,668 INFO  client.GrpcClientProtocolService (GrpcClientProtocolService.java:lambda$processClientRequest$0(278)) - Failed RaftClientRequest:client-352D35361D97->localhost_10002@group-DB7CD3B4A7F8, cid=42, seq=0, RW, Message:321f0a0f0a0d74657374...(size=33), reply=RaftClientReply:client-352D35361D97->localhost_10002@group-DB7CD3B4A7F8, cid=42, FAILED org.apache.ratis.protocol.NotLeaderException: Server localhost_10002@group-DB7CD3B4A7F8 is not the leader, logIndex=0, commits[localhost_10002:c-1]
2019-09-26 13:33:05,670 INFO  client.GrpcClientProtocolService (GrpcClientProtocolService.java:lambda$processClientRequest$0(278)) - Failed RaftClientRequest:client-352D35361D97->localhost_10000@group-DB7CD3B4A7F8, cid=42, seq=0, RW, Message:321f0a0f0a0d74657374...(size=33), reply=RaftClientReply:client-352D35361D97->localhost_10000@group-DB7CD3B4A7F8, cid=42, FAILED org.apache.ratis.protocol.NotLeaderException: Server localhost_10000@group-DB7CD3B4A7F8 is not the leader, logIndex=0, commits[localhost_10000:c-1]
2019-09-26 13:33:05,672 INFO  client.GrpcClientProtocolService (GrpcClientProtocolService.java:lambda$processClientRequest$0(278)) - Failed RaftClientRequest:client-352D35361D97->localhost_10002@group-DB7CD3B4A7F8, cid=42, seq=0, RW, Message:321f0a0f0a0d74657374...(size=33), reply=RaftClientReply:client-352D35361D97->localhost_10002@group-DB7CD3B4A7F8, cid=42, FAILED org.apache.ratis.protocol.NotLeaderException: Server localhost_10002@group-DB7CD3B4A7F8 is not the leader, logIndex=0, commits[localhost_10002:c-1]
2019-09-26 13:33:05,674 INFO  client.GrpcClientProtocolService (GrpcClientProtocolService.java:lambda$processClientRequest$0(278)) - Failed RaftClientRequest:client-352D35361D97->localhost_10001@group-DB7CD3B4A7F8, cid=42, seq=0, RW, Message:321f0a0f0a0d74657374...(size=33), reply=RaftClientReply:client-352D35361D97->localhost_10001@group-DB7CD3B4A7F8, cid=42, FAILED org.apache.ratis.protocol.NotLeaderException: Server localhost_10001@group-DB7CD3B4A7F8 is not the leader, logIndex=0, commits[localhost_10001:c-1]
2019-09-26 13:33:05,676 INFO  client.GrpcClientProtocolService (GrpcClientProtocolService.java:lambda$processClientRequest$0(278)) - Failed RaftClientRequest:client-352D35361D97->localhost_10000@group-DB7CD3B4A7F8, cid=42, seq=0, RW, Message:321f0a0f0a0d74657374...(size=33), reply=RaftClientReply:client-352D35361D97->localhost_10000@group-DB7CD3B4A7F8, cid=42, FAILED org.apache.ratis.protocol.NotLeaderException: Server localhost_10000@group-DB7CD3B4A7F8 is not the leader, logIndex=0, commits[localhost_10000:c-1]
2019-09-26 13:33:05,677 INFO  client.GrpcClientProtocolService (GrpcClientProtocolService.java:lambda$processClientRequest$0(278)) - Failed RaftClientRequest:client-352D35361D97->localhost_10002@group-DB7CD3B4A7F8, cid=42, seq=0, RW, Message:321f0a0f0a0d74657374...(size=33), reply=RaftClientReply:client-352D35361D97->localhost_10002@group-DB7CD3B4A7F8, cid=42, FAILED org.apache.ratis.protocol.NotLeaderException: Server localhost_10002@group-DB7CD3B4A7F8 is not the leader, logIndex=0, commits[localhost_10002:c-1]
2019-09-26 13:33:05,679 INFO  client.GrpcClientProtocolService (GrpcClientProtocolService.java:lambda$processClientRequest$0(278)) - Failed RaftClientRequest:client-352D35361D97->localhost_10000@group-DB7CD3B4A7F8, cid=42, seq=0, RW, Message:321f0a0f0a0d74657374...(size=33), reply=RaftClientReply:client-352D35361D97->localhost_10000@group-DB7CD3B4A7F8, cid=42, FAILED org.apache.ratis.protocol.NotLeaderException: Server localhost_10000@group-DB7CD3B4A7F8 is not the leader, logIndex=0, commits[localhost_10000:c-1]
2019-09-26 13:33:05,680 INFO  client.GrpcClientProtocolService (GrpcClientProtocolService.java:lambda$processClientRequest$0(278)) - Failed RaftClientRequest:client-352D35361D97->localhost_10001@group-DB7CD3B4A7F8, cid=42, seq=0, RW, Message:321f0a0f0a0d74657374...(size=33), reply=RaftClientReply:client-352D35361D97->localhost_10001@group-DB7CD3B4A7F8, cid=42, FAILED org.apache.ratis.protocol.NotLeaderException: Server localhost_10001@group-DB7CD3B4A7F8 is not the leader, logIndex=0, commits[localhost_10001:c-1]
2019-09-26 13:33:05,682 INFO  client.GrpcClientProtocolService (GrpcClientProtocolService.java:lambda$processClientRequest$0(278)) - Failed RaftClientRequest:client-352D35361D97->localhost_10000@group-DB7CD3B4A7F8, cid=42, seq=0, RW, Message:321f0a0f0a0d74657374...(size=33), reply=RaftClientReply:client-352D35361D97->localhost_10000@group-DB7CD3B4A7F8, cid=42, FAILED org.apache.ratis.protocol.NotLeaderException: Server localhost_10000@group-DB7CD3B4A7F8 is not the leader, logIndex=0, commits[localhost_10000:c-1]
2019-09-26 13:33:05,684 INFO  client.GrpcClientProtocolService (GrpcClientProtocolService.java:lambda$processClientRequest$0(278)) - Failed RaftClientRequest:client-352D35361D97->localhost_10002@group-DB7CD3B4A7F8, cid=42, seq=0, RW, Message:321f0a0f0a0d74657374...(size=33), reply=RaftClientReply:client-352D35361D97->localhost_10002@group-DB7CD3B4A7F8, cid=42, FAILED org.apache.ratis.protocol.NotLeaderException: Server localhost_10002@group-DB7CD3B4A7F8 is not the leader, logIndex=0, commits[localhost_10002:c-1]
2019-09-26 13:33:05,686 INFO  client.GrpcClientProtocolService (GrpcClientProtocolService.java:lambda$processClientRequest$0(278)) - Failed RaftClientRequest:client-352D35361D97->localhost_10000@group-DB7CD3B4A7F8, cid=42, seq=0, RW, Message:321f0a0f0a0d74657374...(size=33), reply=RaftClientReply:client-352D35361D97->localhost_10000@group-DB7CD3B4A7F8, cid=42, FAILED org.apache.ratis.protocol.NotLeaderException: Server localhost_10000@group-DB7CD3B4A7F8 is not the leader, logIndex=0, commits[localhost_10000:c-1]
2019-09-26 13:33:05,688 INFO  client.GrpcClientProtocolService (GrpcClientProtocolService.java:lambda$processClientRequest$0(278)) - Failed RaftClientRequest:client-352D35361D97->localhost_10001@group-DB7CD3B4A7F8, cid=42, seq=0, RW, Message:321f0a0f0a0d74657374...(size=33), reply=RaftClientReply:client-352D35361D97->localhost_10001@group-DB7CD3B4A7F8, cid=42, FAILED org.apache.ratis.protocol.NotLeaderException: Server localhost_10001@group-DB7CD3B4A7F8 is not the leader, logIndex=0, commits[localhost_10001:c-1]
2019-09-26 13:33:05,689 INFO  client.GrpcClientProtocolService (GrpcClientProtocolService.java:lambda$processClientRequest$0(278)) - Failed RaftClientRequest:client-352D35361D97->localhost_10000@group-DB7CD3B4A7F8, cid=42, seq=0, RW, Message:321f0a0f0a0d74657374...(size=33), reply=RaftClientReply:client-352D35361D97->localhost_10000@group-DB7CD3B4A7F8, cid=42, FAILED org.apache.ratis.protocol.NotLeaderException: Server localhost_10000@group-DB7CD3B4A7F8 is not the leader, logIndex=0, commits[localhost_10000:c-1]
2019-09-26 13:33:05,691 INFO  client.GrpcClientProtocolService (GrpcClientProtocolService.java:lambda$processClientRequest$0(278)) - Failed RaftClientRequest:client-352D35361D97->localhost_10001@group-DB7CD3B4A7F8, cid=42, seq=0, RW, Message:321f0a0f0a0d74657374...(size=33), reply=RaftClientReply:client-352D35361D97->localhost_10001@group-DB7CD3B4A7F8, cid=42, FAILED org.apache.ratis.protocol.NotLeaderException: Server localhost_10001@group-DB7CD3B4A7F8 is not the leader, logIndex=0, commits[localhost_10001:c-1]
2019-09-26 13:33:05,693 INFO  client.GrpcClientProtocolService (GrpcClientProtocolService.java:lambda$processClientRequest$0(278)) - Failed RaftClientRequest:client-352D35361D97->localhost_10002@group-DB7CD3B4A7F8, cid=42, seq=0, RW, Message:321f0a0f0a0d74657374...(size=33), reply=RaftClientReply:client-352D35361D97->localhost_10002@group-DB7CD3B4A7F8, cid=42, FAILED org.apache.ratis.protocol.NotLeaderException: Server localhost_10002@group-DB7CD3B4A7F8 is not the leader, logIndex=0, commits[localhost_10002:c-1]
2019-09-26 13:33:05,695 INFO  client.GrpcClientProtocolService (GrpcClientProtocolService.java:lambda$processClientRequest$0(278)) - Failed RaftClientRequest:client-352D35361D97->localhost_10000@group-DB7CD3B4A7F8, cid=42, seq=0, RW, Message:321f0a0f0a0d74657374...(size=33), reply=RaftClientReply:client-352D35361D97->localhost_10000@group-DB7CD3B4A7F8, cid=42, FAILED org.apache.ratis.protocol.NotLeaderException: Server localhost_10000@group-DB7CD3B4A7F8 is not the leader, logIndex=0, commits[localhost_10000:c-1]
2019-09-26 13:33:05,696 INFO  client.GrpcClientProtocolService (GrpcClientProtocolService.java:lambda$processClientRequest$0(278)) - Failed RaftClientRequest:client-352D35361D97->localhost_10002@group-DB7CD3B4A7F8, cid=42, seq=0, RW, Message:321f0a0f0a0d74657374...(size=33), reply=RaftClientReply:client-352D35361D97->localhost_10002@group-DB7CD3B4A7F8, cid=42, FAILED org.apache.ratis.protocol.NotLeaderException: Server localhost_10002@group-DB7CD3B4A7F8 is not the leader, logIndex=0, commits[localhost_10002:c-1]
2019-09-26 13:33:05,698 INFO  client.GrpcClientProtocolService (GrpcClientProtocolService.java:lambda$processClientRequest$0(278)) - Failed RaftClientRequest:client-352D35361D97->localhost_10000@group-DB7CD3B4A7F8, cid=42, seq=0, RW, Message:321f0a0f0a0d74657374...(size=33), reply=RaftClientReply:client-352D35361D97->localhost_10000@group-DB7CD3B4A7F8, cid=42, FAILED org.apache.ratis.protocol.NotLeaderException: Server localhost_10000@group-DB7CD3B4A7F8 is not the leader, logIndex=0, commits[localhost_10000:c-1]
2019-09-26 13:33:05,700 INFO  client.GrpcClientProtocolService (GrpcClientProtocolService.java:lambda$processClientRequest$0(278)) - Failed RaftClientRequest:client-352D35361D97->localhost_10001@group-DB7CD3B4A7F8, cid=42, seq=0, RW, Message:321f0a0f0a0d74657374...(size=33), reply=RaftClientReply:client-352D35361D97->localhost_10001@group-DB7CD3B4A7F8, cid=42, FAILED org.apache.ratis.protocol.NotLeaderException: Server localhost_10001@group-DB7CD3B4A7F8 is not the leader, logIndex=0, commits[localhost_10001:c-1]
2019-09-26 13:33:05,701 INFO  client.GrpcClientProtocolService (GrpcClientProtocolService.java:lambda$processClientRequest$0(278)) - Failed RaftClientRequest:client-352D35361D97->localhost_10000@group-DB7CD3B4A7F8, cid=42, seq=0, RW, Message:321f0a0f0a0d74657374...(size=33), reply=RaftClientReply:client-352D35361D97->localhost_10000@group-DB7CD3B4A7F8, cid=42, FAILED org.apache.ratis.protocol.NotLeaderException: Server localhost_10000@group-DB7CD3B4A7F8 is not the leader, logIndex=0, commits[localhost_10000:c-1]
2019-09-26 13:33:05,703 INFO  client.GrpcClientProtocolService (GrpcClientProtocolService.java:lambda$processClientRequest$0(278)) - Failed RaftClientRequest:client-352D35361D97->localhost_10002@group-DB7CD3B4A7F8, cid=42, seq=0, RW, Message:321f0a0f0a0d74657374...(size=33), reply=RaftClientReply:client-352D35361D97->localhost_10002@group-DB7CD3B4A7F8, cid=42, FAILED org.apache.ratis.protocol.NotLeaderException: Server localhost_10002@group-DB7CD3B4A7F8 is not the leader, logIndex=0, commits[localhost_10002:c-1]
2019-09-26 13:33:05,705 INFO  client.GrpcClientProtocolService (GrpcClientProtocolService.java:lambda$processClientRequest$0(278)) - Failed RaftClientRequest:client-352D35361D97->localhost_10000@group-DB7CD3B4A7F8, cid=42, seq=0, RW, Message:321f0a0f0a0d74657374...(size=33), reply=RaftClientReply:client-352D35361D97->localhost_10000@group-DB7CD3B4A7F8, cid=42, FAILED org.apache.ratis.protocol.NotLeaderException: Server localhost_10000@group-DB7CD3B4A7F8 is not the leader, logIndex=0, commits[localhost_10000:c-1]
2019-09-26 13:33:05,707 INFO  client.GrpcClientProtocolService (GrpcClientProtocolService.java:lambda$processClientRequest$0(278)) - Failed RaftClientRequest:client-352D35361D97->localhost_10002@group-DB7CD3B4A7F8, cid=42, seq=0, RW, Message:321f0a0f0a0d74657374...(size=33), reply=RaftClientReply:client-352D35361D97->localhost_10002@group-DB7CD3B4A7F8, cid=42, FAILED org.apache.ratis.protocol.NotLeaderException: Server localhost_10002@group-DB7CD3B4A7F8 is not the leader, logIndex=0, commits[localhost_10002:c-1]
2019-09-26 13:33:05,708 INFO  client.GrpcClientProtocolService (GrpcClientProtocolService.java:lambda$processClientRequest$0(278)) - Failed RaftClientRequest:client-352D35361D97->localhost_10001@group-DB7CD3B4A7F8, cid=42, seq=0, RW, Message:321f0a0f0a0d74657374...(size=33), reply=RaftClientReply:client-352D35361D97->localhost_10001@group-DB7CD3B4A7F8, cid=42, FAILED org.apache.ratis.protocol.NotLeaderException: Server localhost_10001@group-DB7CD3B4A7F8 is not the leader, logIndex=0, commits[localhost_10001:c-1]
2019-09-26 13:33:05,710 INFO  client.GrpcClientProtocolService (GrpcClientProtocolService.java:lambda$processClientRequest$0(278)) - Failed RaftClientRequest:client-352D35361D97->localhost_10000@group-DB7CD3B4A7F8, cid=42, seq=0, RW, Message:321f0a0f0a0d74657374...(size=33), reply=RaftClientReply:client-352D35361D97->localhost_10000@group-DB7CD3B4A7F8, cid=42, FAILED org.apache.ratis.protocol.NotLeaderException: Server localhost_10000@group-DB7CD3B4A7F8 is not the leader, logIndex=0, commits[localhost_10000:c-1]
2019-09-26 13:33:05,712 INFO  client.GrpcClientProtocolService (GrpcClientProtocolService.java:lambda$processClientRequest$0(278)) - Failed RaftClientRequest:client-352D35361D97->localhost_10001@group-DB7CD3B4A7F8, cid=42, seq=0, RW, Message:321f0a0f0a0d74657374...(size=33), reply=RaftClientReply:client-352D35361D97->localhost_10001@group-DB7CD3B4A7F8, cid=42, FAILED org.apache.ratis.protocol.NotLeaderException: Server localhost_10001@group-DB7CD3B4A7F8 is not the leader, logIndex=0, commits[localhost_10001:c-1]
2019-09-26 13:33:05,714 INFO  client.GrpcClientProtocolService (GrpcClientProtocolService.java:lambda$processClientRequest$0(278)) - Failed RaftClientRequest:client-352D35361D97->localhost_10002@group-DB7CD3B4A7F8, cid=42, seq=0, RW, Message:321f0a0f0a0d74657374...(size=33), reply=RaftClientReply:client-352D35361D97->localhost_10002@group-DB7CD3B4A7F8, cid=42, FAILED org.apache.ratis.protocol.NotLeaderException: Server localhost_10002@group-DB7CD3B4A7F8 is not the leader, logIndex=0, commits[localhost_10002:c-1]
2019-09-26 13:33:05,715 INFO  client.GrpcClientProtocolService (GrpcClientProtocolService.java:lambda$processClientRequest$0(278)) - Failed RaftClientRequest:client-352D35361D97->localhost_10001@group-DB7CD3B4A7F8, cid=42, seq=0, RW, Message:321f0a0f0a0d74657374...(size=33), reply=RaftClientReply:client-352D35361D97->localhost_10001@group-DB7CD3B4A7F8, cid=42, FAILED org.apache.ratis.protocol.NotLeaderException: Server localhost_10001@group-DB7CD3B4A7F8 is not the leader, logIndex=0, commits[localhost_10001:c-1]
2019-09-26 13:33:05,717 INFO  client.GrpcClientProtocolService (GrpcClientProtocolService.java:lambda$processClientRequest$0(278)) - Failed RaftClientRequest:client-352D35361D97->localhost_10000@group-DB7CD3B4A7F8, cid=42, seq=0, RW, Message:321f0a0f0a0d74657374...(size=33), reply=RaftClientReply:client-352D35361D97->localhost_10000@group-DB7CD3B4A7F8, cid=42, FAILED org.apache.ratis.protocol.NotLeaderException: Server localhost_10000@group-DB7CD3B4A7F8 is not the leader, logIndex=0, commits[localhost_10000:c-1]
2019-09-26 13:33:05,718 INFO  client.GrpcClientProtocolService (GrpcClientProtocolService.java:lambda$processClientRequest$0(278)) - Failed RaftClientRequest:client-352D35361D97->localhost_10002@group-DB7CD3B4A7F8, cid=42, seq=0, RW, Message:321f0a0f0a0d74657374...(size=33), reply=RaftClientReply:client-352D35361D97->localhost_10002@group-DB7CD3B4A7F8, cid=42, FAILED org.apache.ratis.protocol.NotLeaderException: Server localhost_10002@group-DB7CD3B4A7F8 is not the leader, logIndex=0, commits[localhost_10002:c-1]
2019-09-26 13:33:05,720 INFO  client.GrpcClientProtocolService (GrpcClientProtocolService.java:lambda$processClientRequest$0(278)) - Failed RaftClientRequest:client-352D35361D97->localhost_10001@group-DB7CD3B4A7F8, cid=42, seq=0, RW, Message:321f0a0f0a0d74657374...(size=33), reply=RaftClientReply:client-352D35361D97->localhost_10001@group-DB7CD3B4A7F8, cid=42, FAILED org.apache.ratis.protocol.NotLeaderException: Server localhost_10001@group-DB7CD3B4A7F8 is not the leader, logIndex=0, commits[localhost_10001:c-1]
2019-09-26 13:33:05,721 INFO  client.GrpcClientProtocolService (GrpcClientProtocolService.java:lambda$processClientRequest$0(278)) - Failed RaftClientRequest:client-352D35361D97->localhost_10000@group-DB7CD3B4A7F8, cid=42, seq=0, RW, Message:321f0a0f0a0d74657374...(size=33), reply=RaftClientReply:client-352D35361D97->localhost_10000@group-DB7CD3B4A7F8, cid=42, FAILED org.apache.ratis.protocol.NotLeaderException: Server localhost_10000@group-DB7CD3B4A7F8 is not the leader, logIndex=0, commits[localhost_10000:c-1]
2019-09-26 13:33:05,723 INFO  client.GrpcClientProtocolService (GrpcClientProtocolService.java:lambda$processClientRequest$0(278)) - Failed RaftClientRequest:client-352D35361D97->localhost_10002@group-DB7CD3B4A7F8, cid=42, seq=0, RW, Message:321f0a0f0a0d74657374...(size=33), reply=RaftClientReply:client-352D35361D97->localhost_10002@group-DB7CD3B4A7F8, cid=42, FAILED org.apache.ratis.protocol.NotLeaderException: Server localhost_10002@group-DB7CD3B4A7F8 is not the leader, logIndex=0, commits[localhost_10002:c-1]
2019-09-26 13:33:05,724 INFO  client.GrpcClientProtocolService (GrpcClientProtocolService.java:lambda$processClientRequest$0(278)) - Failed RaftClientRequest:client-352D35361D97->localhost_10000@group-DB7CD3B4A7F8, cid=42, seq=0, RW, Message:321f0a0f0a0d74657374...(size=33), reply=RaftClientReply:client-352D35361D97->localhost_10000@group-DB7CD3B4A7F8, cid=42, FAILED org.apache.ratis.protocol.NotLeaderException: Server localhost_10000@group-DB7CD3B4A7F8 is not the leader, logIndex=0, commits[localhost_10000:c-1]
2019-09-26 13:33:05,726 INFO  client.GrpcClientProtocolService (GrpcClientProtocolService.java:lambda$processClientRequest$0(278)) - Failed RaftClientRequest:client-352D35361D97->localhost_10001@group-DB7CD3B4A7F8, cid=42, seq=0, RW, Message:321f0a0f0a0d74657374...(size=33), reply=RaftClientReply:client-352D35361D97->localhost_10001@group-DB7CD3B4A7F8, cid=42, FAILED org.apache.ratis.protocol.NotLeaderException: Server localhost_10001@group-DB7CD3B4A7F8 is not the leader, logIndex=0, commits[localhost_10001:c-1]
2019-09-26 13:33:05,728 INFO  client.GrpcClientProtocolService (GrpcClientProtocolService.java:lambda$processClientRequest$0(278)) - Failed RaftClientRequest:client-352D35361D97->localhost_10000@group-DB7CD3B4A7F8, cid=42, seq=0, RW, Message:321f0a0f0a0d74657374...(size=33), reply=RaftClientReply:client-352D35361D97->localhost_10000@group-DB7CD3B4A7F8, cid=42, FAILED org.apache.ratis.protocol.NotLeaderException: Server localhost_10000@group-DB7CD3B4A7F8 is not the leader, logIndex=0, commits[localhost_10000:c-1]
2019-09-26 13:33:05,729 INFO  client.GrpcClientProtocolService (GrpcClientProtocolService.java:lambda$processClientRequest$0(278)) - Failed RaftClientRequest:client-352D35361D97->localhost_10002@group-DB7CD3B4A7F8, cid=42, seq=0, RW, Message:321f0a0f0a0d74657374...(size=33), reply=RaftClientReply:client-352D35361D97->localhost_10002@group-DB7CD3B4A7F8, cid=42, FAILED org.apache.ratis.protocol.NotLeaderException: Server localhost_10002@group-DB7CD3B4A7F8 is not the leader, logIndex=0, commits[localhost_10002:c-1]
2019-09-26 13:33:05,731 INFO  client.GrpcClientProtocolService (GrpcClientProtocolService.java:lambda$processClientRequest$0(278)) - Failed RaftClientRequest:client-352D35361D97->localhost_10001@group-DB7CD3B4A7F8, cid=42, seq=0, RW, Message:321f0a0f0a0d74657374...(size=33), reply=RaftClientReply:client-352D35361D97->localhost_10001@group-DB7CD3B4A7F8, cid=42, FAILED org.apache.ratis.protocol.NotLeaderException: Server localhost_10001@group-DB7CD3B4A7F8 is not the leader, logIndex=0, commits[localhost_10001:c-1]
2019-09-26 13:33:05,733 INFO  client.GrpcClientProtocolService (GrpcClientProtocolService.java:lambda$processClientRequest$0(278)) - Failed RaftClientRequest:client-352D35361D97->localhost_10000@group-DB7CD3B4A7F8, cid=42, seq=0, RW, Message:321f0a0f0a0d74657374...(size=33), reply=RaftClientReply:client-352D35361D97->localhost_10000@group-DB7CD3B4A7F8, cid=42, FAILED org.apache.ratis.protocol.NotLeaderException: Server localhost_10000@group-DB7CD3B4A7F8 is not the leader, logIndex=0, commits[localhost_10000:c-1]
2019-09-26 13:33:05,734 INFO  client.GrpcClientProtocolService (GrpcClientProtocolService.java:lambda$processClientRequest$0(278)) - Failed RaftClientRequest:client-352D35361D97->localhost_10001@group-DB7CD3B4A7F8, cid=42, seq=0, RW, Message:321f0a0f0a0d74657374...(size=33), reply=RaftClientReply:client-352D35361D97->localhost_10001@group-DB7CD3B4A7F8, cid=42, FAILED org.apache.ratis.protocol.NotLeaderException: Server localhost_10001@group-DB7CD3B4A7F8 is not the leader, logIndex=0, commits[localhost_10001:c-1]
2019-09-26 13:33:05,736 INFO  client.GrpcClientProtocolService (GrpcClientProtocolService.java:lambda$processClientRequest$0(278)) - Failed RaftClientRequest:client-352D35361D97->localhost_10002@group-DB7CD3B4A7F8, cid=42, seq=0, RW, Message:321f0a0f0a0d74657374...(size=33), reply=RaftClientReply:client-352D35361D97->localhost_10002@group-DB7CD3B4A7F8, cid=42, FAILED org.apache.ratis.protocol.NotLeaderException: Server localhost_10002@group-DB7CD3B4A7F8 is not the leader, logIndex=0, commits[localhost_10002:c-1]
2019-09-26 13:33:05,737 INFO  client.GrpcClientProtocolService (GrpcClientProtocolService.java:lambda$processClientRequest$0(278)) - Failed RaftClientRequest:client-352D35361D97->localhost_10001@group-DB7CD3B4A7F8, cid=42, seq=0, RW, Message:321f0a0f0a0d74657374...(size=33), reply=RaftClientReply:client-352D35361D97->localhost_10001@group-DB7CD3B4A7F8, cid=42, FAILED org.apache.ratis.protocol.NotLeaderException: Server localhost_10001@group-DB7CD3B4A7F8 is not the leader, logIndex=0, commits[localhost_10001:c-1]
2019-09-26 13:33:05,739 INFO  client.GrpcClientProtocolService (GrpcClientProtocolService.java:lambda$processClientRequest$0(278)) - Failed RaftClientRequest:client-352D35361D97->localhost_10002@group-DB7CD3B4A7F8, cid=42, seq=0, RW, Message:321f0a0f0a0d74657374...(size=33), reply=RaftClientReply:client-352D35361D97->localhost_10002@group-DB7CD3B4A7F8, cid=42, FAILED org.apache.ratis.protocol.NotLeaderException: Server localhost_10002@group-DB7CD3B4A7F8 is not the leader, logIndex=0, commits[localhost_10002:c-1]
2019-09-26 13:33:05,740 INFO  client.GrpcClientProtocolService (GrpcClientProtocolService.java:lambda$processClientRequest$0(278)) - Failed RaftClientRequest:client-352D35361D97->localhost_10000@group-DB7CD3B4A7F8, cid=42, seq=0, RW, Message:321f0a0f0a0d74657374...(size=33), reply=RaftClientReply:client-352D35361D97->localhost_10000@group-DB7CD3B4A7F8, cid=42, FAILED org.apache.ratis.protocol.NotLeaderException: Server localhost_10000@group-DB7CD3B4A7F8 is not the leader, logIndex=0, commits[localhost_10000:c-1]
2019-09-26 13:33:05,742 INFO  client.GrpcClientProtocolService (GrpcClientProtocolService.java:lambda$processClientRequest$0(278)) - Failed RaftClientRequest:client-352D35361D97->localhost_10002@group-DB7CD3B4A7F8, cid=42, seq=0, RW, Message:321f0a0f0a0d74657374...(size=33), reply=RaftClientReply:client-352D35361D97->localhost_10002@group-DB7CD3B4A7F8, cid=42, FAILED org.apache.ratis.protocol.NotLeaderException: Server localhost_10002@group-DB7CD3B4A7F8 is not the leader, logIndex=0, commits[localhost_10002:c-1]
2019-09-26 13:33:05,744 INFO  client.GrpcClientProtocolService (GrpcClientProtocolService.java:lambda$processClientRequest$0(278)) - Failed RaftClientRequest:client-352D35361D97->localhost_10000@group-DB7CD3B4A7F8, cid=42, seq=0, RW, Message:321f0a0f0a0d74657374...(size=33), reply=RaftClientReply:client-352D35361D97->localhost_10000@group-DB7CD3B4A7F8, cid=42, FAILED org.apache.ratis.protocol.NotLeaderException: Server localhost_10000@group-DB7CD3B4A7F8 is not the leader, logIndex=0, commits[localhost_10000:c-1]
2019-09-26 13:33:05,745 INFO  client.GrpcClientProtocolService (GrpcClientProtocolService.java:lambda$processClientRequest$0(278)) - Failed RaftClientRequest:client-352D35361D97->localhost_10001@group-DB7CD3B4A7F8, cid=42, seq=0, RW, Message:321f0a0f0a0d74657374...(size=33), reply=RaftClientReply:client-352D35361D97->localhost_10001@group-DB7CD3B4A7F8, cid=42, FAILED org.apache.ratis.protocol.NotLeaderException: Server localhost_10001@group-DB7CD3B4A7F8 is not the leader, logIndex=0, commits[localhost_10001:c-1]
2019-09-26 13:33:05,747 INFO  client.GrpcClientProtocolService (GrpcClientProtocolService.java:lambda$processClientRequest$0(278)) - Failed RaftClientRequest:client-352D35361D97->localhost_10000@group-DB7CD3B4A7F8, cid=42, seq=0, RW, Message:321f0a0f0a0d74657374...(size=33), reply=RaftClientReply:client-352D35361D97->localhost_10000@group-DB7CD3B4A7F8, cid=42, FAILED org.apache.ratis.protocol.NotLeaderException: Server localhost_10000@group-DB7CD3B4A7F8 is not the leader, logIndex=0, commits[localhost_10000:c-1]
2019-09-26 13:33:05,749 INFO  client.GrpcClientProtocolService (GrpcClientProtocolService.java:lambda$processClientRequest$0(278)) - Failed RaftClientRequest:client-352D35361D97->localhost_10002@group-DB7CD3B4A7F8, cid=42, seq=0, RW, Message:321f0a0f0a0d74657374...(size=33), reply=RaftClientReply:client-352D35361D97->localhost_10002@group-DB7CD3B4A7F8, cid=42, FAILED org.apache.ratis.protocol.NotLeaderException: Server localhost_10002@group-DB7CD3B4A7F8 is not the leader, logIndex=0, commits[localhost_10002:c-1]
2019-09-26 13:33:05,750 INFO  client.GrpcClientProtocolService (GrpcClientProtocolService.java:lambda$processClientRequest$0(278)) - Failed RaftClientRequest:client-352D35361D97->localhost_10000@group-DB7CD3B4A7F8, cid=42, seq=0, RW, Message:321f0a0f0a0d74657374...(size=33), reply=RaftClientReply:client-352D35361D97->localhost_10000@group-DB7CD3B4A7F8, cid=42, FAILED org.apache.ratis.protocol.NotLeaderException: Server localhost_10000@group-DB7CD3B4A7F8 is not the leader, logIndex=0, commits[localhost_10000:c-1]
2019-09-26 13:33:05,752 INFO  client.GrpcClientProtocolService (GrpcClientProtocolService.java:lambda$processClientRequest$0(278)) - Failed RaftClientRequest:client-352D35361D97->localhost_10001@group-DB7CD3B4A7F8, cid=42, seq=0, RW, Message:321f0a0f0a0d74657374...(size=33), reply=RaftClientReply:client-352D35361D97->localhost_10001@group-DB7CD3B4A7F8, cid=42, FAILED org.apache.ratis.protocol.NotLeaderException: Server localhost_10001@group-DB7CD3B4A7F8 is not the leader, logIndex=0, commits[localhost_10001:c-1]
2019-09-26 13:33:05,753 INFO  client.GrpcClientProtocolService (GrpcClientProtocolService.java:lambda$processClientRequest$0(278)) - Failed RaftClientRequest:client-352D35361D97->localhost_10002@group-DB7CD3B4A7F8, cid=42, seq=0, RW, Message:321f0a0f0a0d74657374...(size=33), reply=RaftClientReply:client-352D35361D97->localhost_10002@group-DB7CD3B4A7F8, cid=42, FAILED org.apache.ratis.protocol.NotLeaderException: Server localhost_10002@group-DB7CD3B4A7F8 is not the leader, logIndex=0, commits[localhost_10002:c-1]
2019-09-26 13:33:05,755 INFO  client.GrpcClientProtocolService (GrpcClientProtocolService.java:lambda$processClientRequest$0(278)) - Failed RaftClientRequest:client-352D35361D97->localhost_10001@group-DB7CD3B4A7F8, cid=42, seq=0, RW, Message:321f0a0f0a0d74657374...(size=33), reply=RaftClientReply:client-352D35361D97->localhost_10001@group-DB7CD3B4A7F8, cid=42, FAILED org.apache.ratis.protocol.NotLeaderException: Server localhost_10001@group-DB7CD3B4A7F8 is not the leader, logIndex=0, commits[localhost_10001:c-1]
2019-09-26 13:33:05,757 INFO  client.GrpcClientProtocolService (GrpcClientProtocolService.java:lambda$processClientRequest$0(278)) - Failed RaftClientRequest:client-352D35361D97->localhost_10002@group-DB7CD3B4A7F8, cid=42, seq=0, RW, Message:321f0a0f0a0d74657374...(size=33), reply=RaftClientReply:client-352D35361D97->localhost_10002@group-DB7CD3B4A7F8, cid=42, FAILED org.apache.ratis.protocol.NotLeaderException: Server localhost_10002@group-DB7CD3B4A7F8 is not the leader, logIndex=0, commits[localhost_10002:c-1]
2019-09-26 13:33:05,759 INFO  client.GrpcClientProtocolService (GrpcClientProtocolService.java:lambda$processClientRequest$0(278)) - Failed RaftClientRequest:client-352D35361D97->localhost_10000@group-DB7CD3B4A7F8, cid=42, seq=0, RW, Message:321f0a0f0a0d74657374...(size=33), reply=RaftClientReply:client-352D35361D97->localhost_10000@group-DB7CD3B4A7F8, cid=42, FAILED org.apache.ratis.protocol.NotLeaderException: Server localhost_10000@group-DB7CD3B4A7F8 is not the leader, logIndex=0, commits[localhost_10000:c-1]
2019-09-26 13:33:05,760 INFO  client.GrpcClientProtocolService (GrpcClientProtocolService.java:lambda$processClientRequest$0(278)) - Failed RaftClientRequest:client-352D35361D97->localhost_10001@group-DB7CD3B4A7F8, cid=42, seq=0, RW, Message:321f0a0f0a0d74657374...(size=33), reply=RaftClientReply:client-352D35361D97->localhost_10001@group-DB7CD3B4A7F8, cid=42, FAILED org.apache.ratis.protocol.NotLeaderException: Server localhost_10001@group-DB7CD3B4A7F8 is not the leader, logIndex=0, commits[localhost_10001:c-1]
2019-09-26 13:33:05,762 INFO  client.GrpcClientProtocolService (GrpcClientProtocolService.java:lambda$processClientRequest$0(278)) - Failed RaftClientRequest:client-352D35361D97->localhost_10000@group-DB7CD3B4A7F8, cid=42, seq=0, RW, Message:321f0a0f0a0d74657374...(size=33), reply=RaftClientReply:client-352D35361D97->localhost_10000@group-DB7CD3B4A7F8, cid=42, FAILED org.apache.ratis.protocol.NotLeaderException: Server localhost_10000@group-DB7CD3B4A7F8 is not the leader, logIndex=0, commits[localhost_10000:c-1]
2019-09-26 13:33:05,764 INFO  client.GrpcClientProtocolService (GrpcClientProtocolService.java:lambda$processClientRequest$0(278)) - Failed RaftClientRequest:client-352D35361D97->localhost_10002@group-DB7CD3B4A7F8, cid=42, seq=0, RW, Message:321f0a0f0a0d74657374...(size=33), reply=RaftClientReply:client-352D35361D97->localhost_10002@group-DB7CD3B4A7F8, cid=42, FAILED org.apache.ratis.protocol.NotLeaderException: Server localhost_10002@group-DB7CD3B4A7F8 is not the leader, logIndex=0, commits[localhost_10002:c-1]
2019-09-26 13:33:05,766 INFO  client.GrpcClientProtocolService (GrpcClientProtocolService.java:lambda$processClientRequest$0(278)) - Failed RaftClientRequest:client-352D35361D97->localhost_10001@group-DB7CD3B4A7F8, cid=42, seq=0, RW, Message:321f0a0f0a0d74657374...(size=33), reply=RaftClientReply:client-352D35361D97->localhost_10001@group-DB7CD3B4A7F8, cid=42, FAILED org.apache.ratis.protocol.NotLeaderException: Server localhost_10001@group-DB7CD3B4A7F8 is not the leader, logIndex=0, commits[localhost_10001:c-1]
2019-09-26 13:33:05,767 INFO  client.GrpcClientProtocolService (GrpcClientProtocolService.java:lambda$processClientRequest$0(278)) - Failed RaftClientRequest:client-352D35361D97->localhost_10002@group-DB7CD3B4A7F8, cid=42, seq=0, RW, Message:321f0a0f0a0d74657374...(size=33), reply=RaftClientReply:client-352D35361D97->localhost_10002@group-DB7CD3B4A7F8, cid=42, FAILED org.apache.ratis.protocol.NotLeaderException: Server localhost_10002@group-DB7CD3B4A7F8 is not the leader, logIndex=0, commits[localhost_10002:c-1]
2019-09-26 13:33:05,769 INFO  client.GrpcClientProtocolService (GrpcClientProtocolService.java:lambda$processClientRequest$0(278)) - Failed RaftClientRequest:client-352D35361D97->localhost_10001@group-DB7CD3B4A7F8, cid=42, seq=0, RW, Message:321f0a0f0a0d74657374...(size=33), reply=RaftClientReply:client-352D35361D97->localhost_10001@group-DB7CD3B4A7F8, cid=42, FAILED org.apache.ratis.protocol.NotLeaderException: Server localhost_10001@group-DB7CD3B4A7F8 is not the leader, logIndex=0, commits[localhost_10001:c-1]
2019-09-26 13:33:05,771 INFO  client.GrpcClientProtocolService (GrpcClientProtocolService.java:lambda$processClientRequest$0(278)) - Failed RaftClientRequest:client-352D35361D97->localhost_10002@group-DB7CD3B4A7F8, cid=42, seq=0, RW, Message:321f0a0f0a0d74657374...(size=33), reply=RaftClientReply:client-352D35361D97->localhost_10002@group-DB7CD3B4A7F8, cid=42, FAILED org.apache.ratis.protocol.NotLeaderException: Server localhost_10002@group-DB7CD3B4A7F8 is not the leader, logIndex=0, commits[localhost_10002:c-1]
2019-09-26 13:33:05,772 INFO  client.GrpcClientProtocolService (GrpcClientProtocolService.java:lambda$processClientRequest$0(278)) - Failed RaftClientRequest:client-352D35361D97->localhost_10000@group-DB7CD3B4A7F8, cid=42, seq=0, RW, Message:321f0a0f0a0d74657374...(size=33), reply=RaftClientReply:client-352D35361D97->localhost_10000@group-DB7CD3B4A7F8, cid=42, FAILED org.apache.ratis.protocol.NotLeaderException: Server localhost_10000@group-DB7CD3B4A7F8 is not the leader, logIndex=0, commits[localhost_10000:c-1]
2019-09-26 13:33:05,774 INFO  client.GrpcClientProtocolService (GrpcClientProtocolService.java:lambda$processClientRequest$0(278)) - Failed RaftClientRequest:client-352D35361D97->localhost_10001@group-DB7CD3B4A7F8, cid=42, seq=0, RW, Message:321f0a0f0a0d74657374...(size=33), reply=RaftClientReply:client-352D35361D97->localhost_10001@group-DB7CD3B4A7F8, cid=42, FAILED org.apache.ratis.protocol.NotLeaderException: Server localhost_10001@group-DB7CD3B4A7F8 is not the leader, logIndex=0, commits[localhost_10001:c-1]
2019-09-26 13:33:05,776 INFO  client.GrpcClientProtocolService (GrpcClientProtocolService.java:lambda$processClientRequest$0(278)) - Failed RaftClientRequest:client-352D35361D97->localhost_10000@group-DB7CD3B4A7F8, cid=42, seq=0, RW, Message:321f0a0f0a0d74657374...(size=33), reply=RaftClientReply:client-352D35361D97->localhost_10000@group-DB7CD3B4A7F8, cid=42, FAILED org.apache.ratis.protocol.NotLeaderException: Server localhost_10000@group-DB7CD3B4A7F8 is not the leader, logIndex=0, commits[localhost_10000:c-1]
2019-09-26 13:33:05,778 INFO  client.GrpcClientProtocolService (GrpcClientProtocolService.java:lambda$processClientRequest$0(278)) - Failed RaftClientRequest:client-352D35361D97->localhost_10002@group-DB7CD3B4A7F8, cid=42, seq=0, RW, Message:321f0a0f0a0d74657374...(size=33), reply=RaftClientReply:client-352D35361D97->localhost_10002@group-DB7CD3B4A7F8, cid=42, FAILED org.apache.ratis.protocol.NotLeaderException: Server localhost_10002@group-DB7CD3B4A7F8 is not the leader, logIndex=0, commits[localhost_10002:c-1]
2019-09-26 13:33:05,780 INFO  client.GrpcClientProtocolService (GrpcClientProtocolService.java:lambda$processClientRequest$0(278)) - Failed RaftClientRequest:client-352D35361D97->localhost_10001@group-DB7CD3B4A7F8, cid=42, seq=0, RW, Message:321f0a0f0a0d74657374...(size=33), reply=RaftClientReply:client-352D35361D97->localhost_10001@group-DB7CD3B4A7F8, cid=42, FAILED org.apache.ratis.protocol.NotLeaderException: Server localhost_10001@group-DB7CD3B4A7F8 is not the leader, logIndex=0, commits[localhost_10001:c-1]
2019-09-26 13:33:05,782 INFO  client.GrpcClientProtocolService (GrpcClientProtocolService.java:lambda$processClientRequest$0(278)) - Failed RaftClientRequest:client-352D35361D97->localhost_10002@group-DB7CD3B4A7F8, cid=42, seq=0, RW, Message:321f0a0f0a0d74657374...(size=33), reply=RaftClientReply:client-352D35361D97->localhost_10002@group-DB7CD3B4A7F8, cid=42, FAILED org.apache.ratis.protocol.NotLeaderException: Server localhost_10002@group-DB7CD3B4A7F8 is not the leader, logIndex=0, commits[localhost_10002:c-1]
2019-09-26 13:33:05,783 INFO  client.GrpcClientProtocolService (GrpcClientProtocolService.java:lambda$processClientRequest$0(278)) - Failed RaftClientRequest:client-352D35361D97->localhost_10001@group-DB7CD3B4A7F8, cid=42, seq=0, RW, Message:321f0a0f0a0d74657374...(size=33), reply=RaftClientReply:client-352D35361D97->localhost_10001@group-DB7CD3B4A7F8, cid=42, FAILED org.apache.ratis.protocol.NotLeaderException: Server localhost_10001@group-DB7CD3B4A7F8 is not the leader, logIndex=0, commits[localhost_10001:c-1]
2019-09-26 13:33:05,785 INFO  client.GrpcClientProtocolService (GrpcClientProtocolService.java:lambda$processClientRequest$0(278)) - Failed RaftClientRequest:client-352D35361D97->localhost_10002@group-DB7CD3B4A7F8, cid=42, seq=0, RW, Message:321f0a0f0a0d74657374...(size=33), reply=RaftClientReply:client-352D35361D97->localhost_10002@group-DB7CD3B4A7F8, cid=42, FAILED org.apache.ratis.protocol.NotLeaderException: Server localhost_10002@group-DB7CD3B4A7F8 is not the leader, logIndex=0, commits[localhost_10002:c-1]
2019-09-26 13:33:05,787 INFO  client.GrpcClientProtocolService (GrpcClientProtocolService.java:lambda$processClientRequest$0(278)) - Failed RaftClientRequest:client-352D35361D97->localhost_10001@group-DB7CD3B4A7F8, cid=42, seq=0, RW, Message:321f0a0f0a0d74657374...(size=33), reply=RaftClientReply:client-352D35361D97->localhost_10001@group-DB7CD3B4A7F8, cid=42, FAILED org.apache.ratis.protocol.NotLeaderException: Server localhost_10001@group-DB7CD3B4A7F8 is not the leader, logIndex=0, commits[localhost_10001:c-1]
2019-09-26 13:33:05,789 INFO  client.GrpcClientProtocolService (GrpcClientProtocolService.java:lambda$processClientRequest$0(278)) - Failed RaftClientRequest:client-352D35361D97->localhost_10000@group-DB7CD3B4A7F8, cid=42, seq=0, RW, Message:321f0a0f0a0d74657374...(size=33), reply=RaftClientReply:client-352D35361D97->localhost_10000@group-DB7CD3B4A7F8, cid=42, FAILED org.apache.ratis.protocol.NotLeaderException: Server localhost_10000@group-DB7CD3B4A7F8 is not the leader, logIndex=0, commits[localhost_10000:c-1]
2019-09-26 13:33:05,790 INFO  client.GrpcClientProtocolService (GrpcClientProtocolService.java:lambda$processClientRequest$0(278)) - Failed RaftClientRequest:client-352D35361D97->localhost_10001@group-DB7CD3B4A7F8, cid=42, seq=0, RW, Message:321f0a0f0a0d74657374...(size=33), reply=RaftClientReply:client-352D35361D97->localhost_10001@group-DB7CD3B4A7F8, cid=42, FAILED org.apache.ratis.protocol.NotLeaderException: Server localhost_10001@group-DB7CD3B4A7F8 is not the leader, logIndex=0, commits[localhost_10001:c-1]
2019-09-26 13:33:05,792 INFO  client.GrpcClientProtocolService (GrpcClientProtocolService.java:lambda$processClientRequest$0(278)) - Failed RaftClientRequest:client-352D35361D97->localhost_10002@group-DB7CD3B4A7F8, cid=42, seq=0, RW, Message:321f0a0f0a0d74657374...(size=33), reply=RaftClientReply:client-352D35361D97->localhost_10002@group-DB7CD3B4A7F8, cid=42, FAILED org.apache.ratis.protocol.NotLeaderException: Server localhost_10002@group-DB7CD3B4A7F8 is not the leader, logIndex=0, commits[localhost_10002:c-1]
2019-09-26 13:33:05,794 INFO  client.GrpcClientProtocolService (GrpcClientProtocolService.java:lambda$processClientRequest$0(278)) - Failed RaftClientRequest:client-352D35361D97->localhost_10000@group-DB7CD3B4A7F8, cid=42, seq=0, RW, Message:321f0a0f0a0d74657374...(size=33), reply=RaftClientReply:client-352D35361D97->localhost_10000@group-DB7CD3B4A7F8, cid=42, FAILED org.apache.ratis.protocol.NotLeaderException: Server localhost_10000@group-DB7CD3B4A7F8 is not the leader, logIndex=0, commits[localhost_10000:c-1]
2019-09-26 13:33:05,796 INFO  client.GrpcClientProtocolService (GrpcClientProtocolService.java:lambda$processClientRequest$0(278)) - Failed RaftClientRequest:client-352D35361D97->localhost_10002@group-DB7CD3B4A7F8, cid=42, seq=0, RW, Message:321f0a0f0a0d74657374...(size=33), reply=RaftClientReply:client-352D35361D97->localhost_10002@group-DB7CD3B4A7F8, cid=42, FAILED org.apache.ratis.protocol.NotLeaderException: Server localhost_10002@group-DB7CD3B4A7F8 is not the leader, logIndex=0, commits[localhost_10002:c-1]
2019-09-26 13:33:05,798 INFO  client.GrpcClientProtocolService (GrpcClientProtocolService.java:lambda$processClientRequest$0(278)) - Failed RaftClientRequest:client-352D35361D97->localhost_10000@group-DB7CD3B4A7F8, cid=42, seq=0, RW, Message:321f0a0f0a0d74657374...(size=33), reply=RaftClientReply:client-352D35361D97->localhost_10000@group-DB7CD3B4A7F8, cid=42, FAILED org.apache.ratis.protocol.NotLeaderException: Server localhost_10000@group-DB7CD3B4A7F8 is not the leader, logIndex=0, commits[localhost_10000:c-1]
2019-09-26 13:33:05,800 INFO  client.GrpcClientProtocolService (GrpcClientProtocolService.java:lambda$processClientRequest$0(278)) - Failed RaftClientRequest:client-352D35361D97->localhost_10002@group-DB7CD3B4A7F8, cid=42, seq=0, RW, Message:321f0a0f0a0d74657374...(size=33), reply=RaftClientReply:client-352D35361D97->localhost_10002@group-DB7CD3B4A7F8, cid=42, FAILED org.apache.ratis.protocol.NotLeaderException: Server localhost_10002@group-DB7CD3B4A7F8 is not the leader, logIndex=0, commits[localhost_10002:c-1]
2019-09-26 13:33:05,802 INFO  client.GrpcClientProtocolService (GrpcClientProtocolService.java:lambda$processClientRequest$0(278)) - Failed RaftClientRequest:client-352D35361D97->localhost_10000@group-DB7CD3B4A7F8, cid=42, seq=0, RW, Message:321f0a0f0a0d74657374...(size=33), reply=RaftClientReply:client-352D35361D97->localhost_10000@group-DB7CD3B4A7F8, cid=42, FAILED org.apache.ratis.protocol.NotLeaderException: Server localhost_10000@group-DB7CD3B4A7F8 is not the leader, logIndex=0, commits[localhost_10000:c-1]
2019-09-26 13:33:05,803 INFO  client.GrpcClientProtocolService (GrpcClientProtocolService.java:lambda$processClientRequest$0(278)) - Failed RaftClientRequest:client-352D35361D97->localhost_10001@group-DB7CD3B4A7F8, cid=42, seq=0, RW, Message:321f0a0f0a0d74657374...(size=33), reply=RaftClientReply:client-352D35361D97->localhost_10001@group-DB7CD3B4A7F8, cid=42, FAILED org.apache.ratis.protocol.NotLeaderException: Server localhost_10001@group-DB7CD3B4A7F8 is not the leader, logIndex=0, commits[localhost_10001:c-1]
2019-09-26 13:33:05,805 INFO  client.GrpcClientProtocolService (GrpcClientProtocolService.java:lambda$processClientRequest$0(278)) - Failed RaftClientRequest:client-352D35361D97->localhost_10000@group-DB7CD3B4A7F8, cid=42, seq=0, RW, Message:321f0a0f0a0d74657374...(size=33), reply=RaftClientReply:client-352D35361D97->localhost_10000@group-DB7CD3B4A7F8, cid=42, FAILED org.apache.ratis.protocol.NotLeaderException: Server localhost_10000@group-DB7CD3B4A7F8 is not the leader, logIndex=0, commits[localhost_10000:c-1]
2019-09-26 13:33:05,807 INFO  client.GrpcClientProtocolService (GrpcClientProtocolService.java:lambda$processClientRequest$0(278)) - Failed RaftClientRequest:client-352D35361D97->localhost_10001@group-DB7CD3B4A7F8, cid=42, seq=0, RW, Message:321f0a0f0a0d74657374...(size=33), reply=RaftClientReply:client-352D35361D97->localhost_10001@group-DB7CD3B4A7F8, cid=42, FAILED org.apache.ratis.protocol.NotLeaderException: Server localhost_10001@group-DB7CD3B4A7F8 is not the leader, logIndex=0, commits[localhost_10001:c-1]
2019-09-26 13:33:05,808 INFO  client.GrpcClientProtocolService (GrpcClientProtocolService.java:lambda$processClientRequest$0(278)) - Failed RaftClientRequest:client-352D35361D97->localhost_10000@group-DB7CD3B4A7F8, cid=42, seq=0, RW, Message:321f0a0f0a0d74657374...(size=33), reply=RaftClientReply:client-352D35361D97->localhost_10000@group-DB7CD3B4A7F8, cid=42, FAILED org.apache.ratis.protocol.NotLeaderException: Server localhost_10000@group-DB7CD3B4A7F8 is not the leader, logIndex=0, commits[localhost_10000:c-1]
2019-09-26 13:33:05,810 INFO  client.GrpcClientProtocolService (GrpcClientProtocolService.java:lambda$processClientRequest$0(278)) - Failed RaftClientRequest:client-352D35361D97->localhost_10002@group-DB7CD3B4A7F8, cid=42, seq=0, RW, Message:321f0a0f0a0d74657374...(size=33), reply=RaftClientReply:client-352D35361D97->localhost_10002@group-DB7CD3B4A7F8, cid=42, FAILED org.apache.ratis.protocol.NotLeaderException: Server localhost_10002@group-DB7CD3B4A7F8 is not the leader, logIndex=0, commits[localhost_10002:c-1]
2019-09-26 13:33:05,811 INFO  client.GrpcClientProtocolService (GrpcClientProtocolService.java:lambda$processClientRequest$0(278)) - Failed RaftClientRequest:client-352D35361D97->localhost_10000@group-DB7CD3B4A7F8, cid=42, seq=0, RW, Message:321f0a0f0a0d74657374...(size=33), reply=RaftClientReply:client-352D35361D97->localhost_10000@group-DB7CD3B4A7F8, cid=42, FAILED org.apache.ratis.protocol.NotLeaderException: Server localhost_10000@group-DB7CD3B4A7F8 is not the leader, logIndex=0, commits[localhost_10000:c-1]
2019-09-26 13:33:05,813 INFO  client.GrpcClientProtocolService (GrpcClientProtocolService.java:lambda$processClientRequest$0(278)) - Failed RaftClientRequest:client-352D35361D97->localhost_10001@group-DB7CD3B4A7F8, cid=42, seq=0, RW, Message:321f0a0f0a0d74657374...(size=33), reply=RaftClientReply:client-352D35361D97->localhost_10001@group-DB7CD3B4A7F8, cid=42, FAILED org.apache.ratis.protocol.NotLeaderException: Server localhost_10001@group-DB7CD3B4A7F8 is not the leader, logIndex=0, commits[localhost_10001:c-1]
2019-09-26 13:33:05,814 INFO  client.GrpcClientProtocolService (GrpcClientProtocolService.java:lambda$processClientRequest$0(278)) - Failed RaftClientRequest:client-352D35361D97->localhost_10002@group-DB7CD3B4A7F8, cid=42, seq=0, RW, Message:321f0a0f0a0d74657374...(size=33), reply=RaftClientReply:client-352D35361D97->localhost_10002@group-DB7CD3B4A7F8, cid=42, FAILED org.apache.ratis.protocol.NotLeaderException: Server localhost_10002@group-DB7CD3B4A7F8 is not the leader, logIndex=0, commits[localhost_10002:c-1]
2019-09-26 13:33:05,816 INFO  client.GrpcClientProtocolService (GrpcClientProtocolService.java:lambda$processClientRequest$0(278)) - Failed RaftClientRequest:client-352D35361D97->localhost_10001@group-DB7CD3B4A7F8, cid=42, seq=0, RW, Message:321f0a0f0a0d74657374...(size=33), reply=RaftClientReply:client-352D35361D97->localhost_10001@group-DB7CD3B4A7F8, cid=42, FAILED org.apache.ratis.protocol.NotLeaderException: Server localhost_10001@group-DB7CD3B4A7F8 is not the leader, logIndex=0, commits[localhost_10001:c-1]
2019-09-26 13:33:05,817 INFO  client.GrpcClientProtocolService (GrpcClientProtocolService.java:lambda$processClientRequest$0(278)) - Failed RaftClientRequest:client-352D35361D97->localhost_10002@group-DB7CD3B4A7F8, cid=42, seq=0, RW, Message:321f0a0f0a0d74657374...(size=33), reply=RaftClientReply:client-352D35361D97->localhost_10002@group-DB7CD3B4A7F8, cid=42, FAILED org.apache.ratis.protocol.NotLeaderException: Server localhost_10002@group-DB7CD3B4A7F8 is not the leader, logIndex=0, commits[localhost_10002:c-1]
2019-09-26 13:33:05,819 INFO  client.GrpcClientProtocolService (GrpcClientProtocolService.java:lambda$processClientRequest$0(278)) - Failed RaftClientRequest:client-352D35361D97->localhost_10001@group-DB7CD3B4A7F8, cid=42, seq=0, RW, Message:321f0a0f0a0d74657374...(size=33), reply=RaftClientReply:client-352D35361D97->localhost_10001@group-DB7CD3B4A7F8, cid=42, FAILED org.apache.ratis.protocol.NotLeaderException: Server localhost_10001@group-DB7CD3B4A7F8 is not the leader, logIndex=0, commits[localhost_10001:c-1]
2019-09-26 13:33:05,820 INFO  client.GrpcClientProtocolService (GrpcClientProtocolService.java:lambda$processClientRequest$0(278)) - Failed RaftClientRequest:client-352D35361D97->localhost_10000@group-DB7CD3B4A7F8, cid=42, seq=0, RW, Message:321f0a0f0a0d74657374...(size=33), reply=RaftClientReply:client-352D35361D97->localhost_10000@group-DB7CD3B4A7F8, cid=42, FAILED org.apache.ratis.protocol.NotLeaderException: Server localhost_10000@group-DB7CD3B4A7F8 is not the leader, logIndex=0, commits[localhost_10000:c-1]
2019-09-26 13:33:05,822 INFO  client.GrpcClientProtocolService (GrpcClientProtocolService.java:lambda$processClientRequest$0(278)) - Failed RaftClientRequest:client-352D35361D97->localhost_10002@group-DB7CD3B4A7F8, cid=42, seq=0, RW, Message:321f0a0f0a0d74657374...(size=33), reply=RaftClientReply:client-352D35361D97->localhost_10002@group-DB7CD3B4A7F8, cid=42, FAILED org.apache.ratis.protocol.NotLeaderException: Server localhost_10002@group-DB7CD3B4A7F8 is not the leader, logIndex=0, commits[localhost_10002:c-1]
2019-09-26 13:33:05,823 INFO  client.GrpcClientProtocolService (GrpcClientProtocolService.java:lambda$processClientRequest$0(278)) - Failed RaftClientRequest:client-352D35361D97->localhost_10000@group-DB7CD3B4A7F8, cid=42, seq=0, RW, Message:321f0a0f0a0d74657374...(size=33), reply=RaftClientReply:client-352D35361D97->localhost_10000@group-DB7CD3B4A7F8, cid=42, FAILED org.apache.ratis.protocol.NotLeaderException: Server localhost_10000@group-DB7CD3B4A7F8 is not the leader, logIndex=0, commits[localhost_10000:c-1]
2019-09-26 13:33:05,825 INFO  client.GrpcClientProtocolService (GrpcClientProtocolService.java:lambda$processClientRequest$0(278)) - Failed RaftClientRequest:client-352D35361D97->localhost_10001@group-DB7CD3B4A7F8, cid=42, seq=0, RW, Message:321f0a0f0a0d74657374...(size=33), reply=RaftClientReply:client-352D35361D97->localhost_10001@group-DB7CD3B4A7F8, cid=42, FAILED org.apache.ratis.protocol.NotLeaderException: Server localhost_10001@group-DB7CD3B4A7F8 is not the leader, logIndex=0, commits[localhost_10001:c-1]
2019-09-26 13:33:05,826 INFO  client.GrpcClientProtocolService (GrpcClientProtocolService.java:lambda$processClientRequest$0(278)) - Failed RaftClientRequest:client-352D35361D97->localhost_10000@group-DB7CD3B4A7F8, cid=42, seq=0, RW, Message:321f0a0f0a0d74657374...(size=33), reply=RaftClientReply:client-352D35361D97->localhost_10000@group-DB7CD3B4A7F8, cid=42, FAILED org.apache.ratis.protocol.NotLeaderException: Server localhost_10000@group-DB7CD3B4A7F8 is not the leader, logIndex=0, commits[localhost_10000:c-1]
2019-09-26 13:33:05,828 INFO  client.GrpcClientProtocolService (GrpcClientProtocolService.java:lambda$processClientRequest$0(278)) - Failed RaftClientRequest:client-352D35361D97->localhost_10001@group-DB7CD3B4A7F8, cid=42, seq=0, RW, Message:321f0a0f0a0d74657374...(size=33), reply=RaftClientReply:client-352D35361D97->localhost_10001@group-DB7CD3B4A7F8, cid=42, FAILED org.apache.ratis.protocol.NotLeaderException: Server localhost_10001@group-DB7CD3B4A7F8 is not the leader, logIndex=0, commits[localhost_10001:c-1]
2019-09-26 13:33:05,829 INFO  client.GrpcClientProtocolService (GrpcClientProtocolService.java:lambda$processClientRequest$0(278)) - Failed RaftClientRequest:client-352D35361D97->localhost_10002@group-DB7CD3B4A7F8, cid=42, seq=0, RW, Message:321f0a0f0a0d74657374...(size=33), reply=RaftClientReply:client-352D35361D97->localhost_10002@group-DB7CD3B4A7F8, cid=42, FAILED org.apache.ratis.protocol.NotLeaderException: Server localhost_10002@group-DB7CD3B4A7F8 is not the leader, logIndex=0, commits[localhost_10002:c-1]
2019-09-26 13:33:05,831 INFO  client.GrpcClientProtocolService (GrpcClientProtocolService.java:lambda$processClientRequest$0(278)) - Failed RaftClientRequest:client-352D35361D97->localhost_10000@group-DB7CD3B4A7F8, cid=42, seq=0, RW, Message:321f0a0f0a0d74657374...(size=33), reply=RaftClientReply:client-352D35361D97->localhost_10000@group-DB7CD3B4A7F8, cid=42, FAILED org.apache.ratis.protocol.NotLeaderException: Server localhost_10000@group-DB7CD3B4A7F8 is not the leader, logIndex=0, commits[localhost_10000:c-1]
2019-09-26 13:33:05,832 INFO  client.GrpcClientProtocolService (GrpcClientProtocolService.java:lambda$processClientRequest$0(278)) - Failed RaftClientRequest:client-352D35361D97->localhost_10001@group-DB7CD3B4A7F8, cid=42, seq=0, RW, Message:321f0a0f0a0d74657374...(size=33), reply=RaftClientReply:client-352D35361D97->localhost_10001@group-DB7CD3B4A7F8, cid=42, FAILED org.apache.ratis.protocol.NotLeaderException: Server localhost_10001@group-DB7CD3B4A7F8 is not the leader, logIndex=0, commits[localhost_10001:c-1]
2019-09-26 13:33:05,834 INFO  client.GrpcClientProtocolService (GrpcClientProtocolService.java:lambda$processClientRequest$0(278)) - Failed RaftClientRequest:client-352D35361D97->localhost_10000@group-DB7CD3B4A7F8, cid=42, seq=0, RW, Message:321f0a0f0a0d74657374...(size=33), reply=RaftClientReply:client-352D35361D97->localhost_10000@group-DB7CD3B4A7F8, cid=42, FAILED org.apache.ratis.protocol.NotLeaderException: Server localhost_10000@group-DB7CD3B4A7F8 is not the leader, logIndex=0, commits[localhost_10000:c-1]
2019-09-26 13:33:05,835 INFO  client.GrpcClientProtocolService (GrpcClientProtocolService.java:lambda$processClientRequest$0(278)) - Failed RaftClientRequest:client-352D35361D97->localhost_10002@group-DB7CD3B4A7F8, cid=42, seq=0, RW, Message:321f0a0f0a0d74657374...(size=33), reply=RaftClientReply:client-352D35361D97->localhost_10002@group-DB7CD3B4A7F8, cid=42, FAILED org.apache.ratis.protocol.NotLeaderException: Server localhost_10002@group-DB7CD3B4A7F8 is not the leader, logIndex=0, commits[localhost_10002:c-1]
2019-09-26 13:33:05,837 INFO  client.GrpcClientProtocolService (GrpcClientProtocolService.java:lambda$processClientRequest$0(278)) - Failed RaftClientRequest:client-352D35361D97->localhost_10000@group-DB7CD3B4A7F8, cid=42, seq=0, RW, Message:321f0a0f0a0d74657374...(size=33), reply=RaftClientReply:client-352D35361D97->localhost_10000@group-DB7CD3B4A7F8, cid=42, FAILED org.apache.ratis.protocol.NotLeaderException: Server localhost_10000@group-DB7CD3B4A7F8 is not the leader, logIndex=0, commits[localhost_10000:c-1]
2019-09-26 13:33:05,838 INFO  client.GrpcClientProtocolService (GrpcClientProtocolService.java:lambda$processClientRequest$0(278)) - Failed RaftClientRequest:client-352D35361D97->localhost_10002@group-DB7CD3B4A7F8, cid=42, seq=0, RW, Message:321f0a0f0a0d74657374...(size=33), reply=RaftClientReply:client-352D35361D97->localhost_10002@group-DB7CD3B4A7F8, cid=42, FAILED org.apache.ratis.protocol.NotLeaderException: Server localhost_10002@group-DB7CD3B4A7F8 is not the leader, logIndex=0, commits[localhost_10002:c-1]
2019-09-26 13:33:05,840 INFO  client.GrpcClientProtocolService (GrpcClientProtocolService.java:lambda$processClientRequest$0(278)) - Failed RaftClientRequest:client-352D35361D97->localhost_10001@group-DB7CD3B4A7F8, cid=42, seq=0, RW, Message:321f0a0f0a0d74657374...(size=33), reply=RaftClientReply:client-352D35361D97->localhost_10001@group-DB7CD3B4A7F8, cid=42, FAILED org.apache.ratis.protocol.NotLeaderException: Server localhost_10001@group-DB7CD3B4A7F8 is not the leader, logIndex=0, commits[localhost_10001:c-1]
2019-09-26 13:33:05,841 INFO  client.GrpcClientProtocolService (GrpcClientProtocolService.java:lambda$processClientRequest$0(278)) - Failed RaftClientRequest:client-352D35361D97->localhost_10000@group-DB7CD3B4A7F8, cid=42, seq=0, RW, Message:321f0a0f0a0d74657374...(size=33), reply=RaftClientReply:client-352D35361D97->localhost_10000@group-DB7CD3B4A7F8, cid=42, FAILED org.apache.ratis.protocol.NotLeaderException: Server localhost_10000@group-DB7CD3B4A7F8 is not the leader, logIndex=0, commits[localhost_10000:c-1]
2019-09-26 13:33:05,843 INFO  client.GrpcClientProtocolService (GrpcClientProtocolService.java:lambda$processClientRequest$0(278)) - Failed RaftClientRequest:client-352D35361D97->localhost_10001@group-DB7CD3B4A7F8, cid=42, seq=0, RW, Message:321f0a0f0a0d74657374...(size=33), reply=RaftClientReply:client-352D35361D97->localhost_10001@group-DB7CD3B4A7F8, cid=42, FAILED org.apache.ratis.protocol.NotLeaderException: Server localhost_10001@group-DB7CD3B4A7F8 is not the leader, logIndex=0, commits[localhost_10001:c-1]
2019-09-26 13:33:05,845 INFO  client.GrpcClientProtocolService (GrpcClientProtocolService.java:lambda$processClientRequest$0(278)) - Failed RaftClientRequest:client-352D35361D97->localhost_10002@group-DB7CD3B4A7F8, cid=42, seq=0, RW, Message:321f0a0f0a0d74657374...(size=33), reply=RaftClientReply:client-352D35361D97->localhost_10002@group-DB7CD3B4A7F8, cid=42, FAILED org.apache.ratis.protocol.NotLeaderException: Server localhost_10002@group-DB7CD3B4A7F8 is not the leader, logIndex=0, commits[localhost_10002:c-1]
2019-09-26 13:33:05,846 INFO  client.GrpcClientProtocolService (GrpcClientProtocolService.java:lambda$processClientRequest$0(278)) - Failed RaftClientRequest:client-352D35361D97->localhost_10001@group-DB7CD3B4A7F8, cid=42, seq=0, RW, Message:321f0a0f0a0d74657374...(size=33), reply=RaftClientReply:client-352D35361D97->localhost_10001@group-DB7CD3B4A7F8, cid=42, FAILED org.apache.ratis.protocol.NotLeaderException: Server localhost_10001@group-DB7CD3B4A7F8 is not the leader, logIndex=0, commits[localhost_10001:c-1]
2019-09-26 13:33:05,848 INFO  client.GrpcClientProtocolService (GrpcClientProtocolService.java:lambda$processClientRequest$0(278)) - Failed RaftClientRequest:client-352D35361D97->localhost_10000@group-DB7CD3B4A7F8, cid=42, seq=0, RW, Message:321f0a0f0a0d74657374...(size=33), reply=RaftClientReply:client-352D35361D97->localhost_10000@group-DB7CD3B4A7F8, cid=42, FAILED org.apache.ratis.protocol.NotLeaderException: Server localhost_10000@group-DB7CD3B4A7F8 is not the leader, logIndex=0, commits[localhost_10000:c-1]
2019-09-26 13:33:05,850 INFO  client.GrpcClientProtocolService (GrpcClientProtocolService.java:lambda$processClientRequest$0(278)) - Failed RaftClientRequest:client-352D35361D97->localhost_10001@group-DB7CD3B4A7F8, cid=42, seq=0, RW, Message:321f0a0f0a0d74657374...(size=33), reply=RaftClientReply:client-352D35361D97->localhost_10001@group-DB7CD3B4A7F8, cid=42, FAILED org.apache.ratis.protocol.NotLeaderException: Server localhost_10001@group-DB7CD3B4A7F8 is not the leader, logIndex=0, commits[localhost_10001:c-1]
2019-09-26 13:33:05,851 INFO  client.GrpcClientProtocolService (GrpcClientProtocolService.java:lambda$processClientRequest$0(278)) - Failed RaftClientRequest:client-352D35361D97->localhost_10000@group-DB7CD3B4A7F8, cid=42, seq=0, RW, Message:321f0a0f0a0d74657374...(size=33), reply=RaftClientReply:client-352D35361D97->localhost_10000@group-DB7CD3B4A7F8, cid=42, FAILED org.apache.ratis.protocol.NotLeaderException: Server localhost_10000@group-DB7CD3B4A7F8 is not the leader, logIndex=0, commits[localhost_10000:c-1]
2019-09-26 13:33:05,853 INFO  client.GrpcClientProtocolService (GrpcClientProtocolService.java:lambda$processClientRequest$0(278)) - Failed RaftClientRequest:client-352D35361D97->localhost_10002@group-DB7CD3B4A7F8, cid=42, seq=0, RW, Message:321f0a0f0a0d74657374...(size=33), reply=RaftClientReply:client-352D35361D97->localhost_10002@group-DB7CD3B4A7F8, cid=42, FAILED org.apache.ratis.protocol.NotLeaderException: Server localhost_10002@group-DB7CD3B4A7F8 is not the leader, logIndex=0, commits[localhost_10002:c-1]
2019-09-26 13:33:05,854 INFO  client.GrpcClientProtocolService (GrpcClientProtocolService.java:lambda$processClientRequest$0(278)) - Failed RaftClientRequest:client-352D35361D97->localhost_10000@group-DB7CD3B4A7F8, cid=42, seq=0, RW, Message:321f0a0f0a0d74657374...(size=33), reply=RaftClientReply:client-352D35361D97->localhost_10000@group-DB7CD3B4A7F8, cid=42, FAILED org.apache.ratis.protocol.NotLeaderException: Server localhost_10000@group-DB7CD3B4A7F8 is not the leader, logIndex=0, commits[localhost_10000:c-1]
2019-09-26 13:33:05,856 INFO  client.GrpcClientProtocolService (GrpcClientProtocolService.java:lambda$processClientRequest$0(278)) - Failed RaftClientRequest:client-352D35361D97->localhost_10002@group-DB7CD3B4A7F8, cid=42, seq=0, RW, Message:321f0a0f0a0d74657374...(size=33), reply=RaftClientReply:client-352D35361D97->localhost_10002@group-DB7CD3B4A7F8, cid=42, FAILED org.apache.ratis.protocol.NotLeaderException: Server localhost_10002@group-DB7CD3B4A7F8 is not the leader, logIndex=0, commits[localhost_10002:c-1]
2019-09-26 13:33:05,857 INFO  client.GrpcClientProtocolService (GrpcClientProtocolService.java:lambda$processClientRequest$0(278)) - Failed RaftClientRequest:client-352D35361D97->localhost_10001@group-DB7CD3B4A7F8, cid=42, seq=0, RW, Message:321f0a0f0a0d74657374...(size=33), reply=RaftClientReply:client-352D35361D97->localhost_10001@group-DB7CD3B4A7F8, cid=42, FAILED org.apache.ratis.protocol.NotLeaderException: Server localhost_10001@group-DB7CD3B4A7F8 is not the leader, logIndex=0, commits[localhost_10001:c-1]
2019-09-26 13:33:05,859 INFO  client.GrpcClientProtocolService (GrpcClientProtocolService.java:lambda$processClientRequest$0(278)) - Failed RaftClientRequest:client-352D35361D97->localhost_10000@group-DB7CD3B4A7F8, cid=42, seq=0, RW, Message:321f0a0f0a0d74657374...(size=33), reply=RaftClientReply:client-352D35361D97->localhost_10000@group-DB7CD3B4A7F8, cid=42, FAILED org.apache.ratis.protocol.NotLeaderException: Server localhost_10000@group-DB7CD3B4A7F8 is not the leader, logIndex=0, commits[localhost_10000:c-1]
2019-09-26 13:33:05,861 INFO  client.GrpcClientProtocolService (GrpcClientProtocolService.java:lambda$processClientRequest$0(278)) - Failed RaftClientRequest:client-352D35361D97->localhost_10002@group-DB7CD3B4A7F8, cid=42, seq=0, RW, Message:321f0a0f0a0d74657374...(size=33), reply=RaftClientReply:client-352D35361D97->localhost_10002@group-DB7CD3B4A7F8, cid=42, FAILED org.apache.ratis.protocol.NotLeaderException: Server localhost_10002@group-DB7CD3B4A7F8 is not the leader, logIndex=0, commits[localhost_10002:c-1]
2019-09-26 13:33:05,862 INFO  client.GrpcClientProtocolService (GrpcClientProtocolService.java:lambda$processClientRequest$0(278)) - Failed RaftClientRequest:client-352D35361D97->localhost_10001@group-DB7CD3B4A7F8, cid=42, seq=0, RW, Message:321f0a0f0a0d74657374...(size=33), reply=RaftClientReply:client-352D35361D97->localhost_10001@group-DB7CD3B4A7F8, cid=42, FAILED org.apache.ratis.protocol.NotLeaderException: Server localhost_10001@group-DB7CD3B4A7F8 is not the leader, logIndex=0, commits[localhost_10001:c-1]
2019-09-26 13:33:05,865 INFO  client.GrpcClientProtocolService (GrpcClientProtocolService.java:lambda$processClientRequest$0(278)) - Failed RaftClientRequest:client-352D35361D97->localhost_10002@group-DB7CD3B4A7F8, cid=42, seq=0, RW, Message:321f0a0f0a0d74657374...(size=33), reply=RaftClientReply:client-352D35361D97->localhost_10002@group-DB7CD3B4A7F8, cid=42, FAILED org.apache.ratis.protocol.NotLeaderException: Server localhost_10002@group-DB7CD3B4A7F8 is not the leader, logIndex=0, commits[localhost_10002:c-1]
2019-09-26 13:33:05,867 INFO  client.GrpcClientProtocolService (GrpcClientProtocolService.java:lambda$processClientRequest$0(278)) - Failed RaftClientRequest:client-352D35361D97->localhost_10000@group-DB7CD3B4A7F8, cid=42, seq=0, RW, Message:321f0a0f0a0d74657374...(size=33), reply=RaftClientReply:client-352D35361D97->localhost_10000@group-DB7CD3B4A7F8, cid=42, FAILED org.apache.ratis.protocol.NotLeaderException: Server localhost_10000@group-DB7CD3B4A7F8 is not the leader, logIndex=0, commits[localhost_10000:c-1]
2019-09-26 13:33:05,868 INFO  client.GrpcClientProtocolService (GrpcClientProtocolService.java:lambda$processClientRequest$0(278)) - Failed RaftClientRequest:client-352D35361D97->localhost_10001@group-DB7CD3B4A7F8, cid=42, seq=0, RW, Message:321f0a0f0a0d74657374...(size=33), reply=RaftClientReply:client-352D35361D97->localhost_10001@group-DB7CD3B4A7F8, cid=42, FAILED org.apache.ratis.protocol.NotLeaderException: Server localhost_10001@group-DB7CD3B4A7F8 is not the leader, logIndex=0, commits[localhost_10001:c-1]
2019-09-26 13:33:05,870 INFO  client.GrpcClientProtocolService (GrpcClientProtocolService.java:lambda$processClientRequest$0(278)) - Failed RaftClientRequest:client-352D35361D97->localhost_10002@group-DB7CD3B4A7F8, cid=42, seq=0, RW, Message:321f0a0f0a0d74657374...(size=33), reply=RaftClientReply:client-352D35361D97->localhost_10002@group-DB7CD3B4A7F8, cid=42, FAILED org.apache.ratis.protocol.NotLeaderException: Server localhost_10002@group-DB7CD3B4A7F8 is not the leader, logIndex=0, commits[localhost_10002:c-1]
2019-09-26 13:33:05,872 INFO  client.GrpcClientProtocolService (GrpcClientProtocolService.java:lambda$processClientRequest$0(278)) - Failed RaftClientRequest:client-352D35361D97->localhost_10001@group-DB7CD3B4A7F8, cid=42, seq=0, RW, Message:321f0a0f0a0d74657374...(size=33), reply=RaftClientReply:client-352D35361D97->localhost_10001@group-DB7CD3B4A7F8, cid=42, FAILED org.apache.ratis.protocol.NotLeaderException: Server localhost_10001@group-DB7CD3B4A7F8 is not the leader, logIndex=0, commits[localhost_10001:c-1]
2019-09-26 13:33:05,873 INFO  client.GrpcClientProtocolService (GrpcClientProtocolService.java:lambda$processClientRequest$0(278)) - Failed RaftClientRequest:client-352D35361D97->localhost_10002@group-DB7CD3B4A7F8, cid=42, seq=0, RW, Message:321f0a0f0a0d74657374...(size=33), reply=RaftClientReply:client-352D35361D97->localhost_10002@group-DB7CD3B4A7F8, cid=42, FAILED org.apache.ratis.protocol.NotLeaderException: Server localhost_10002@group-DB7CD3B4A7F8 is not the leader, logIndex=0, commits[localhost_10002:c-1]
2019-09-26 13:33:05,875 INFO  client.GrpcClientProtocolService (GrpcClientProtocolService.java:lambda$processClientRequest$0(278)) - Failed RaftClientRequest:client-352D35361D97->localhost_10000@group-DB7CD3B4A7F8, cid=42, seq=0, RW, Message:321f0a0f0a0d74657374...(size=33), reply=RaftClientReply:client-352D35361D97->localhost_10000@group-DB7CD3B4A7F8, cid=42, FAILED org.apache.ratis.protocol.NotLeaderException: Server localhost_10000@group-DB7CD3B4A7F8 is not the leader, logIndex=0, commits[localhost_10000:c-1]
2019-09-26 13:33:05,877 INFO  client.GrpcClientProtocolService (GrpcClientProtocolService.java:lambda$processClientRequest$0(278)) - Failed RaftClientRequest:client-352D35361D97->localhost_10001@group-DB7CD3B4A7F8, cid=42, seq=0, RW, Message:321f0a0f0a0d74657374...(size=33), reply=RaftClientReply:client-352D35361D97->localhost_10001@group-DB7CD3B4A7F8, cid=42, FAILED org.apache.ratis.protocol.NotLeaderException: Server localhost_10001@group-DB7CD3B4A7F8 is not the leader, logIndex=0, commits[localhost_10001:c-1]
2019-09-26 13:33:05,878 INFO  client.GrpcClientProtocolService (GrpcClientProtocolService.java:lambda$processClientRequest$0(278)) - Failed RaftClientRequest:client-352D35361D97->localhost_10000@group-DB7CD3B4A7F8, cid=42, seq=0, RW, Message:321f0a0f0a0d74657374...(size=33), reply=RaftClientReply:client-352D35361D97->localhost_10000@group-DB7CD3B4A7F8, cid=42, FAILED org.apache.ratis.protocol.NotLeaderException: Server localhost_10000@group-DB7CD3B4A7F8 is not the leader, logIndex=0, commits[localhost_10000:c-1]
2019-09-26 13:33:05,880 INFO  client.GrpcClientProtocolService (GrpcClientProtocolService.java:lambda$processClientRequest$0(278)) - Failed RaftClientRequest:client-352D35361D97->localhost_10001@group-DB7CD3B4A7F8, cid=42, seq=0, RW, Message:321f0a0f0a0d74657374...(size=33), reply=RaftClientReply:client-352D35361D97->localhost_10001@group-DB7CD3B4A7F8, cid=42, FAILED org.apache.ratis.protocol.NotLeaderException: Server localhost_10001@group-DB7CD3B4A7F8 is not the leader, logIndex=0, commits[localhost_10001:c-1]
2019-09-26 13:33:05,882 INFO  client.GrpcClientProtocolService (GrpcClientProtocolService.java:lambda$processClientRequest$0(278)) - Failed RaftClientRequest:client-352D35361D97->localhost_10000@group-DB7CD3B4A7F8, cid=42, seq=0, RW, Message:321f0a0f0a0d74657374...(size=33), reply=RaftClientReply:client-352D35361D97->localhost_10000@group-DB7CD3B4A7F8, cid=42, FAILED org.apache.ratis.protocol.NotLeaderException: Server localhost_10000@group-DB7CD3B4A7F8 is not the leader, logIndex=0, commits[localhost_10000:c-1]
2019-09-26 13:33:05,883 INFO  client.GrpcClientProtocolService (GrpcClientProtocolService.java:lambda$processClientRequest$0(278)) - Failed RaftClientRequest:client-352D35361D97->localhost_10002@group-DB7CD3B4A7F8, cid=42, seq=0, RW, Message:321f0a0f0a0d74657374...(size=33), reply=RaftClientReply:client-352D35361D97->localhost_10002@group-DB7CD3B4A7F8, cid=42, FAILED org.apache.ratis.protocol.NotLeaderException: Server localhost_10002@group-DB7CD3B4A7F8 is not the leader, logIndex=0, commits[localhost_10002:c-1]
2019-09-26 13:33:05,885 INFO  client.GrpcClientProtocolService (GrpcClientProtocolService.java:lambda$processClientRequest$0(278)) - Failed RaftClientRequest:client-352D35361D97->localhost_10000@group-DB7CD3B4A7F8, cid=42, seq=0, RW, Message:321f0a0f0a0d74657374...(size=33), reply=RaftClientReply:client-352D35361D97->localhost_10000@group-DB7CD3B4A7F8, cid=42, FAILED org.apache.ratis.protocol.NotLeaderException: Server localhost_10000@group-DB7CD3B4A7F8 is not the leader, logIndex=0, commits[localhost_10000:c-1]
2019-09-26 13:33:05,887 INFO  client.GrpcClientProtocolService (GrpcClientProtocolService.java:lambda$processClientRequest$0(278)) - Failed RaftClientRequest:client-352D35361D97->localhost_10001@group-DB7CD3B4A7F8, cid=42, seq=0, RW, Message:321f0a0f0a0d74657374...(size=33), reply=RaftClientReply:client-352D35361D97->localhost_10001@group-DB7CD3B4A7F8, cid=42, FAILED org.apache.ratis.protocol.NotLeaderException: Server localhost_10001@group-DB7CD3B4A7F8 is not the leader, logIndex=0, commits[localhost_10001:c-1]
2019-09-26 13:33:05,889 INFO  client.GrpcClientProtocolService (GrpcClientProtocolService.java:lambda$processClientRequest$0(278)) - Failed RaftClientRequest:client-352D35361D97->localhost_10002@group-DB7CD3B4A7F8, cid=42, seq=0, RW, Message:321f0a0f0a0d74657374...(size=33), reply=RaftClientReply:client-352D35361D97->localhost_10002@group-DB7CD3B4A7F8, cid=42, FAILED org.apache.ratis.protocol.NotLeaderException: Server localhost_10002@group-DB7CD3B4A7F8 is not the leader, logIndex=0, commits[localhost_10002:c-1]
2019-09-26 13:33:05,890 INFO  client.GrpcClientProtocolService (GrpcClientProtocolService.java:lambda$processClientRequest$0(278)) - Failed RaftClientRequest:client-352D35361D97->localhost_10000@group-DB7CD3B4A7F8, cid=42, seq=0, RW, Message:321f0a0f0a0d74657374...(size=33), reply=RaftClientReply:client-352D35361D97->localhost_10000@group-DB7CD3B4A7F8, cid=42, FAILED org.apache.ratis.protocol.NotLeaderException: Server localhost_10000@group-DB7CD3B4A7F8 is not the leader, logIndex=0, commits[localhost_10000:c-1]
2019-09-26 13:33:05,892 INFO  client.GrpcClientProtocolService (GrpcClientProtocolService.java:lambda$processClientRequest$0(278)) - Failed RaftClientRequest:client-352D35361D97->localhost_10001@group-DB7CD3B4A7F8, cid=42, seq=0, RW, Message:321f0a0f0a0d74657374...(size=33), reply=RaftClientReply:client-352D35361D97->localhost_10001@group-DB7CD3B4A7F8, cid=42, FAILED org.apache.ratis.protocol.NotLeaderException: Server localhost_10001@group-DB7CD3B4A7F8 is not the leader, logIndex=0, commits[localhost_10001:c-1]
2019-09-26 13:33:05,894 INFO  client.GrpcClientProtocolService (GrpcClientProtocolService.java:lambda$processClientRequest$0(278)) - Failed RaftClientRequest:client-352D35361D97->localhost_10002@group-DB7CD3B4A7F8, cid=42, seq=0, RW, Message:321f0a0f0a0d74657374...(size=33), reply=RaftClientReply:client-352D35361D97->localhost_10002@group-DB7CD3B4A7F8, cid=42, FAILED org.apache.ratis.protocol.NotLeaderException: Server localhost_10002@group-DB7CD3B4A7F8 is not the leader, logIndex=0, commits[localhost_10002:c-1]
2019-09-26 13:33:05,896 INFO  client.GrpcClientProtocolService (GrpcClientProtocolService.java:lambda$processClientRequest$0(278)) - Failed RaftClientRequest:client-352D35361D97->localhost_10001@group-DB7CD3B4A7F8, cid=42, seq=0, RW, Message:321f0a0f0a0d74657374...(size=33), reply=RaftClientReply:client-352D35361D97->localhost_10001@group-DB7CD3B4A7F8, cid=42, FAILED org.apache.ratis.protocol.NotLeaderException: Server localhost_10001@group-DB7CD3B4A7F8 is not the leader, logIndex=0, commits[localhost_10001:c-1]
2019-09-26 13:33:05,898 INFO  client.GrpcClientProtocolService (GrpcClientProtocolService.java:lambda$processClientRequest$0(278)) - Failed RaftClientRequest:client-352D35361D97->localhost_10000@group-DB7CD3B4A7F8, cid=42, seq=0, RW, Message:321f0a0f0a0d74657374...(size=33), reply=RaftClientReply:client-352D35361D97->localhost_10000@group-DB7CD3B4A7F8, cid=42, FAILED org.apache.ratis.protocol.NotLeaderException: Server localhost_10000@group-DB7CD3B4A7F8 is not the leader, logIndex=0, commits[localhost_10000:c-1]
2019-09-26 13:33:05,899 INFO  client.GrpcClientProtocolService (GrpcClientProtocolService.java:lambda$processClientRequest$0(278)) - Failed RaftClientRequest:client-352D35361D97->localhost_10002@group-DB7CD3B4A7F8, cid=42, seq=0, RW, Message:321f0a0f0a0d74657374...(size=33), reply=RaftClientReply:client-352D35361D97->localhost_10002@group-DB7CD3B4A7F8, cid=42, FAILED org.apache.ratis.protocol.NotLeaderException: Server localhost_10002@group-DB7CD3B4A7F8 is not the leader, logIndex=0, commits[localhost_10002:c-1]
2019-09-26 13:33:05,901 INFO  client.GrpcClientProtocolService (GrpcClientProtocolService.java:lambda$processClientRequest$0(278)) - Failed RaftClientRequest:client-352D35361D97->localhost_10000@group-DB7CD3B4A7F8, cid=42, seq=0, RW, Message:321f0a0f0a0d74657374...(size=33), reply=RaftClientReply:client-352D35361D97->localhost_10000@group-DB7CD3B4A7F8, cid=42, FAILED org.apache.ratis.protocol.NotLeaderException: Server localhost_10000@group-DB7CD3B4A7F8 is not the leader, logIndex=0, commits[localhost_10000:c-1]
2019-09-26 13:33:05,903 INFO  client.GrpcClientProtocolService (GrpcClientProtocolService.java:lambda$processClientRequest$0(278)) - Failed RaftClientRequest:client-352D35361D97->localhost_10001@group-DB7CD3B4A7F8, cid=42, seq=0, RW, Message:321f0a0f0a0d74657374...(size=33), reply=RaftClientReply:client-352D35361D97->localhost_10001@group-DB7CD3B4A7F8, cid=42, FAILED org.apache.ratis.protocol.NotLeaderException: Server localhost_10001@group-DB7CD3B4A7F8 is not the leader, logIndex=0, commits[localhost_10001:c-1]
2019-09-26 13:33:05,904 INFO  client.GrpcClientProtocolService (GrpcClientProtocolService.java:lambda$processClientRequest$0(278)) - Failed RaftClientRequest:client-352D35361D97->localhost_10000@group-DB7CD3B4A7F8, cid=42, seq=0, RW, Message:321f0a0f0a0d74657374...(size=33), reply=RaftClientReply:client-352D35361D97->localhost_10000@group-DB7CD3B4A7F8, cid=42, FAILED org.apache.ratis.protocol.NotLeaderException: Server localhost_10000@group-DB7CD3B4A7F8 is not the leader, logIndex=0, commits[localhost_10000:c-1]
2019-09-26 13:33:05,906 INFO  client.GrpcClientProtocolService (GrpcClientProtocolService.java:lambda$processClientRequest$0(278)) - Failed RaftClientRequest:client-352D35361D97->localhost_10001@group-DB7CD3B4A7F8, cid=42, seq=0, RW, Message:321f0a0f0a0d74657374...(size=33), reply=RaftClientReply:client-352D35361D97->localhost_10001@group-DB7CD3B4A7F8, cid=42, FAILED org.apache.ratis.protocol.NotLeaderException: Server localhost_10001@group-DB7CD3B4A7F8 is not the leader, logIndex=0, commits[localhost_10001:c-1]
2019-09-26 13:33:05,907 INFO  client.GrpcClientProtocolService (GrpcClientProtocolService.java:lambda$processClientRequest$0(278)) - Failed RaftClientRequest:client-352D35361D97->localhost_10000@group-DB7CD3B4A7F8, cid=42, seq=0, RW, Message:321f0a0f0a0d74657374...(size=33), reply=RaftClientReply:client-352D35361D97->localhost_10000@group-DB7CD3B4A7F8, cid=42, FAILED org.apache.ratis.protocol.NotLeaderException: Server localhost_10000@group-DB7CD3B4A7F8 is not the leader, logIndex=0, commits[localhost_10000:c-1]
2019-09-26 13:33:05,909 INFO  client.GrpcClientProtocolService (GrpcClientProtocolService.java:lambda$processClientRequest$0(278)) - Failed RaftClientRequest:client-352D35361D97->localhost_10001@group-DB7CD3B4A7F8, cid=42, seq=0, RW, Message:321f0a0f0a0d74657374...(size=33), reply=RaftClientReply:client-352D35361D97->localhost_10001@group-DB7CD3B4A7F8, cid=42, FAILED org.apache.ratis.protocol.NotLeaderException: Server localhost_10001@group-DB7CD3B4A7F8 is not the leader, logIndex=0, commits[localhost_10001:c-1]
2019-09-26 13:33:05,910 INFO  client.GrpcClientProtocolService (GrpcClientProtocolService.java:lambda$processClientRequest$0(278)) - Failed RaftClientRequest:client-352D35361D97->localhost_10000@group-DB7CD3B4A7F8, cid=42, seq=0, RW, Message:321f0a0f0a0d74657374...(size=33), reply=RaftClientReply:client-352D35361D97->localhost_10000@group-DB7CD3B4A7F8, cid=42, FAILED org.apache.ratis.protocol.NotLeaderException: Server localhost_10000@group-DB7CD3B4A7F8 is not the leader, logIndex=0, commits[localhost_10000:c-1]
2019-09-26 13:33:05,912 INFO  client.GrpcClientProtocolService (GrpcClientProtocolService.java:lambda$processClientRequest$0(278)) - Failed RaftClientRequest:client-352D35361D97->localhost_10001@group-DB7CD3B4A7F8, cid=42, seq=0, RW, Message:321f0a0f0a0d74657374...(size=33), reply=RaftClientReply:client-352D35361D97->localhost_10001@group-DB7CD3B4A7F8, cid=42, FAILED org.apache.ratis.protocol.NotLeaderException: Server localhost_10001@group-DB7CD3B4A7F8 is not the leader, logIndex=0, commits[localhost_10001:c-1]
2019-09-26 13:33:05,913 INFO  client.GrpcClientProtocolService (GrpcClientProtocolService.java:lambda$processClientRequest$0(278)) - Failed RaftClientRequest:client-352D35361D97->localhost_10000@group-DB7CD3B4A7F8, cid=42, seq=0, RW, Message:321f0a0f0a0d74657374...(size=33), reply=RaftClientReply:client-352D35361D97->localhost_10000@group-DB7CD3B4A7F8, cid=42, FAILED org.apache.ratis.protocol.NotLeaderException: Server localhost_10000@group-DB7CD3B4A7F8 is not the leader, logIndex=0, commits[localhost_10000:c-1]
2019-09-26 13:33:05,915 INFO  client.GrpcClientProtocolService (GrpcClientProtocolService.java:lambda$processClientRequest$0(278)) - Failed RaftClientRequest:client-352D35361D97->localhost_10001@group-DB7CD3B4A7F8, cid=42, seq=0, RW, Message:321f0a0f0a0d74657374...(size=33), reply=RaftClientReply:client-352D35361D97->localhost_10001@group-DB7CD3B4A7F8, cid=42, FAILED org.apache.ratis.protocol.NotLeaderException: Server localhost_10001@group-DB7CD3B4A7F8 is not the leader, logIndex=0, commits[localhost_10001:c-1]
2019-09-26 13:33:05,916 INFO  client.GrpcClientProtocolService (GrpcClientProtocolService.java:lambda$processClientRequest$0(278)) - Failed RaftClientRequest:client-352D35361D97->localhost_10000@group-DB7CD3B4A7F8, cid=42, seq=0, RW, Message:321f0a0f0a0d74657374...(size=33), reply=RaftClientReply:client-352D35361D97->localhost_10000@group-DB7CD3B4A7F8, cid=42, FAILED org.apache.ratis.protocol.NotLeaderException: Server localhost_10000@group-DB7CD3B4A7F8 is not the leader, logIndex=0, commits[localhost_10000:c-1]
2019-09-26 13:33:05,918 INFO  client.GrpcClientProtocolService (GrpcClientProtocolService.java:lambda$processClientRequest$0(278)) - Failed RaftClientRequest:client-352D35361D97->localhost_10001@group-DB7CD3B4A7F8, cid=42, seq=0, RW, Message:321f0a0f0a0d74657374...(size=33), reply=RaftClientReply:client-352D35361D97->localhost_10001@group-DB7CD3B4A7F8, cid=42, FAILED org.apache.ratis.protocol.NotLeaderException: Server localhost_10001@group-DB7CD3B4A7F8 is not the leader, logIndex=0, commits[localhost_10001:c-1]
2019-09-26 13:33:05,919 INFO  client.GrpcClientProtocolService (GrpcClientProtocolService.java:lambda$processClientRequest$0(278)) - Failed RaftClientRequest:client-352D35361D97->localhost_10000@group-DB7CD3B4A7F8, cid=42, seq=0, RW, Message:321f0a0f0a0d74657374...(size=33), reply=RaftClientReply:client-352D35361D97->localhost_10000@group-DB7CD3B4A7F8, cid=42, FAILED org.apache.ratis.protocol.NotLeaderException: Server localhost_10000@group-DB7CD3B4A7F8 is not the leader, logIndex=0, commits[localhost_10000:c-1]
2019-09-26 13:33:05,921 INFO  client.GrpcClientProtocolService (GrpcClientProtocolService.java:lambda$processClientRequest$0(278)) - Failed RaftClientRequest:client-352D35361D97->localhost_10001@group-DB7CD3B4A7F8, cid=42, seq=0, RW, Message:321f0a0f0a0d74657374...(size=33), reply=RaftClientReply:client-352D35361D97->localhost_10001@group-DB7CD3B4A7F8, cid=42, FAILED org.apache.ratis.protocol.NotLeaderException: Server localhost_10001@group-DB7CD3B4A7F8 is not the leader, logIndex=0, commits[localhost_10001:c-1]
2019-09-26 13:33:05,922 INFO  client.GrpcClientProtocolService (GrpcClientProtocolService.java:lambda$processClientRequest$0(278)) - Failed RaftClientRequest:client-352D35361D97->localhost_10002@group-DB7CD3B4A7F8, cid=42, seq=0, RW, Message:321f0a0f0a0d74657374...(size=33), reply=RaftClientReply:client-352D35361D97->localhost_10002@group-DB7CD3B4A7F8, cid=42, FAILED org.apache.ratis.protocol.NotLeaderException: Server localhost_10002@group-DB7CD3B4A7F8 is not the leader, logIndex=0, commits[localhost_10002:c-1]
2019-09-26 13:33:05,923 INFO  client.GrpcClientProtocolService (GrpcClientProtocolService.java:lambda$processClientRequest$0(278)) - Failed RaftClientRequest:client-352D35361D97->localhost_10001@group-DB7CD3B4A7F8, cid=42, seq=0, RW, Message:321f0a0f0a0d74657374...(size=33), reply=RaftClientReply:client-352D35361D97->localhost_10001@group-DB7CD3B4A7F8, cid=42, FAILED org.apache.ratis.protocol.NotLeaderException: Server localhost_10001@group-DB7CD3B4A7F8 is not the leader, logIndex=0, commits[localhost_10001:c-1]
2019-09-26 13:33:05,925 INFO  client.GrpcClientProtocolService (GrpcClientProtocolService.java:lambda$processClientRequest$0(278)) - Failed RaftClientRequest:client-352D35361D97->localhost_10000@group-DB7CD3B4A7F8, cid=42, seq=0, RW, Message:321f0a0f0a0d74657374...(size=33), reply=RaftClientReply:client-352D35361D97->localhost_10000@group-DB7CD3B4A7F8, cid=42, FAILED org.apache.ratis.protocol.NotLeaderException: Server localhost_10000@group-DB7CD3B4A7F8 is not the leader, logIndex=0, commits[localhost_10000:c-1]
2019-09-26 13:33:05,926 INFO  client.GrpcClientProtocolService (GrpcClientProtocolService.java:lambda$processClientRequest$0(278)) - Failed RaftClientRequest:client-352D35361D97->localhost_10002@group-DB7CD3B4A7F8, cid=42, seq=0, RW, Message:321f0a0f0a0d74657374...(size=33), reply=RaftClientReply:client-352D35361D97->localhost_10002@group-DB7CD3B4A7F8, cid=42, FAILED org.apache.ratis.protocol.NotLeaderException: Server localhost_10002@group-DB7CD3B4A7F8 is not the leader, logIndex=0, commits[localhost_10002:c-1]
2019-09-26 13:33:05,927 INFO  client.GrpcClientProtocolService (GrpcClientProtocolService.java:lambda$processClientRequest$0(278)) - Failed RaftClientRequest:client-352D35361D97->localhost_10000@group-DB7CD3B4A7F8, cid=42, seq=0, RW, Message:321f0a0f0a0d74657374...(size=33), reply=RaftClientReply:client-352D35361D97->localhost_10000@group-DB7CD3B4A7F8, cid=42, FAILED org.apache.ratis.protocol.NotLeaderException: Server localhost_10000@group-DB7CD3B4A7F8 is not the leader, logIndex=0, commits[localhost_10000:c-1]
2019-09-26 13:33:05,929 INFO  client.GrpcClientProtocolService (GrpcClientProtocolService.java:lambda$processClientRequest$0(278)) - Failed RaftClientRequest:client-352D35361D97->localhost_10001@group-DB7CD3B4A7F8, cid=42, seq=0, RW, Message:321f0a0f0a0d74657374...(size=33), reply=RaftClientReply:client-352D35361D97->localhost_10001@group-DB7CD3B4A7F8, cid=42, FAILED org.apache.ratis.protocol.NotLeaderException: Server localhost_10001@group-DB7CD3B4A7F8 is not the leader, logIndex=0, commits[localhost_10001:c-1]
2019-09-26 13:33:05,930 INFO  client.GrpcClientProtocolService (GrpcClientProtocolService.java:lambda$processClientRequest$0(278)) - Failed RaftClientRequest:client-352D35361D97->localhost_10002@group-DB7CD3B4A7F8, cid=42, seq=0, RW, Message:321f0a0f0a0d74657374...(size=33), reply=RaftClientReply:client-352D35361D97->localhost_10002@group-DB7CD3B4A7F8, cid=42, FAILED org.apache.ratis.protocol.NotLeaderException: Server localhost_10002@group-DB7CD3B4A7F8 is not the leader, logIndex=0, commits[localhost_10002:c-1]
2019-09-26 13:33:05,931 INFO  client.GrpcClientProtocolService (GrpcClientProtocolService.java:lambda$processClientRequest$0(278)) - Failed RaftClientRequest:client-352D35361D97->localhost_10000@group-DB7CD3B4A7F8, cid=42, seq=0, RW, Message:321f0a0f0a0d74657374...(size=33), reply=RaftClientReply:client-352D35361D97->localhost_10000@group-DB7CD3B4A7F8, cid=42, FAILED org.apache.ratis.protocol.NotLeaderException: Server localhost_10000@group-DB7CD3B4A7F8 is not the leader, logIndex=0, commits[localhost_10000:c-1]
2019-09-26 13:33:05,933 INFO  client.GrpcClientProtocolService (GrpcClientProtocolService.java:lambda$processClientRequest$0(278)) - Failed RaftClientRequest:client-352D35361D97->localhost_10002@group-DB7CD3B4A7F8, cid=42, seq=0, RW, Message:321f0a0f0a0d74657374...(size=33), reply=RaftClientReply:client-352D35361D97->localhost_10002@group-DB7CD3B4A7F8, cid=42, FAILED org.apache.ratis.protocol.NotLeaderException: Server localhost_10002@group-DB7CD3B4A7F8 is not the leader, logIndex=0, commits[localhost_10002:c-1]
2019-09-26 13:33:05,934 INFO  client.GrpcClientProtocolService (GrpcClientProtocolService.java:lambda$processClientRequest$0(278)) - Failed RaftClientRequest:client-352D35361D97->localhost_10000@group-DB7CD3B4A7F8, cid=42, seq=0, RW, Message:321f0a0f0a0d74657374...(size=33), reply=RaftClientReply:client-352D35361D97->localhost_10000@group-DB7CD3B4A7F8, cid=42, FAILED org.apache.ratis.protocol.NotLeaderException: Server localhost_10000@group-DB7CD3B4A7F8 is not the leader, logIndex=0, commits[localhost_10000:c-1]
2019-09-26 13:33:05,935 INFO  client.GrpcClientProtocolService (GrpcClientProtocolService.java:lambda$processClientRequest$0(278)) - Failed RaftClientRequest:client-352D35361D97->localhost_10001@group-DB7CD3B4A7F8, cid=42, seq=0, RW, Message:321f0a0f0a0d74657374...(size=33), reply=RaftClientReply:client-352D35361D97->localhost_10001@group-DB7CD3B4A7F8, cid=42, FAILED org.apache.ratis.protocol.NotLeaderException: Server localhost_10001@group-DB7CD3B4A7F8 is not the leader, logIndex=0, commits[localhost_10001:c-1]
2019-09-26 13:33:05,936 INFO  client.GrpcClientProtocolService (GrpcClientProtocolService.java:lambda$processClientRequest$0(278)) - Failed RaftClientRequest:client-352D35361D97->localhost_10002@group-DB7CD3B4A7F8, cid=42, seq=0, RW, Message:321f0a0f0a0d74657374...(size=33), reply=RaftClientReply:client-352D35361D97->localhost_10002@group-DB7CD3B4A7F8, cid=42, FAILED org.apache.ratis.protocol.NotLeaderException: Server localhost_10002@group-DB7CD3B4A7F8 is not the leader, logIndex=0, commits[localhost_10002:c-1]
2019-09-26 13:33:05,938 INFO  client.GrpcClientProtocolService (GrpcClientProtocolService.java:lambda$processClientRequest$0(278)) - Failed RaftClientRequest:client-352D35361D97->localhost_10001@group-DB7CD3B4A7F8, cid=42, seq=0, RW, Message:321f0a0f0a0d74657374...(size=33), reply=RaftClientReply:client-352D35361D97->localhost_10001@group-DB7CD3B4A7F8, cid=42, FAILED org.apache.ratis.protocol.NotLeaderException: Server localhost_10001@group-DB7CD3B4A7F8 is not the leader, logIndex=0, commits[localhost_10001:c-1]
2019-09-26 13:33:05,939 INFO  client.GrpcClientProtocolService (GrpcClientProtocolService.java:lambda$processClientRequest$0(278)) - Failed RaftClientRequest:client-352D35361D97->localhost_10002@group-DB7CD3B4A7F8, cid=42, seq=0, RW, Message:321f0a0f0a0d74657374...(size=33), reply=RaftClientReply:client-352D35361D97->localhost_10002@group-DB7CD3B4A7F8, cid=42, FAILED org.apache.ratis.protocol.NotLeaderException: Server localhost_10002@group-DB7CD3B4A7F8 is not the leader, logIndex=0, commits[localhost_10002:c-1]
2019-09-26 13:33:05,940 INFO  client.GrpcClientProtocolService (GrpcClientProtocolService.java:lambda$processClientRequest$0(278)) - Failed RaftClientRequest:client-352D35361D97->localhost_10001@group-DB7CD3B4A7F8, cid=42, seq=0, RW, Message:321f0a0f0a0d74657374...(size=33), reply=RaftClientReply:client-352D35361D97->localhost_10001@group-DB7CD3B4A7F8, cid=42, FAILED org.apache.ratis.protocol.NotLeaderException: Server localhost_10001@group-DB7CD3B4A7F8 is not the leader, logIndex=0, commits[localhost_10001:c-1]
2019-09-26 13:33:05,941 INFO  client.GrpcClientProtocolService (GrpcClientProtocolService.java:lambda$processClientRequest$0(278)) - Failed RaftClientRequest:client-352D35361D97->localhost_10002@group-DB7CD3B4A7F8, cid=42, seq=0, RW, Message:321f0a0f0a0d74657374...(size=33), reply=RaftClientReply:client-352D35361D97->localhost_10002@group-DB7CD3B4A7F8, cid=42, FAILED org.apache.ratis.protocol.NotLeaderException: Server localhost_10002@group-DB7CD3B4A7F8 is not the leader, logIndex=0, commits[localhost_10002:c-1]
2019-09-26 13:33:05,942 INFO  client.GrpcClientProtocolService (GrpcClientProtocolService.java:lambda$processClientRequest$0(278)) - Failed RaftClientRequest:client-352D35361D97->localhost_10000@group-DB7CD3B4A7F8, cid=42, seq=0, RW, Message:321f0a0f0a0d74657374...(size=33), reply=RaftClientReply:client-352D35361D97->localhost_10000@group-DB7CD3B4A7F8, cid=42, FAILED org.apache.ratis.protocol.NotLeaderException: Server localhost_10000@group-DB7CD3B4A7F8 is not the leader, logIndex=0, commits[localhost_10000:c-1]
2019-09-26 13:33:05,944 INFO  client.GrpcClientProtocolService (GrpcClientProtocolService.java:lambda$processClientRequest$0(278)) - Failed RaftClientRequest:client-352D35361D97->localhost_10002@group-DB7CD3B4A7F8, cid=42, seq=0, RW, Message:321f0a0f0a0d74657374...(size=33), reply=RaftClientReply:client-352D35361D97->localhost_10002@group-DB7CD3B4A7F8, cid=42, FAILED org.apache.ratis.protocol.NotLeaderException: Server localhost_10002@group-DB7CD3B4A7F8 is not the leader, logIndex=0, commits[localhost_10002:c-1]
2019-09-26 13:33:05,945 INFO  client.GrpcClientProtocolService (GrpcClientProtocolService.java:lambda$processClientRequest$0(278)) - Failed RaftClientRequest:client-352D35361D97->localhost_10000@group-DB7CD3B4A7F8, cid=42, seq=0, RW, Message:321f0a0f0a0d74657374...(size=33), reply=RaftClientReply:client-352D35361D97->localhost_10000@group-DB7CD3B4A7F8, cid=42, FAILED org.apache.ratis.protocol.NotLeaderException: Server localhost_10000@group-DB7CD3B4A7F8 is not the leader, logIndex=0, commits[localhost_10000:c-1]
2019-09-26 13:33:05,946 INFO  client.GrpcClientProtocolService (GrpcClientProtocolService.java:lambda$processClientRequest$0(278)) - Failed RaftClientRequest:client-352D35361D97->localhost_10002@group-DB7CD3B4A7F8, cid=42, seq=0, RW, Message:321f0a0f0a0d74657374...(size=33), reply=RaftClientReply:client-352D35361D97->localhost_10002@group-DB7CD3B4A7F8, cid=42, FAILED org.apache.ratis.protocol.NotLeaderException: Server localhost_10002@group-DB7CD3B4A7F8 is not the leader, logIndex=0, commits[localhost_10002:c-1]
2019-09-26 13:33:05,947 INFO  client.GrpcClientProtocolService (GrpcClientProtocolService.java:lambda$processClientRequest$0(278)) - Failed RaftClientRequest:client-352D35361D97->localhost_10001@group-DB7CD3B4A7F8, cid=42, seq=0, RW, Message:321f0a0f0a0d74657374...(size=33), reply=RaftClientReply:client-352D35361D97->localhost_10001@group-DB7CD3B4A7F8, cid=42, FAILED org.apache.ratis.protocol.NotLeaderException: Server localhost_10001@group-DB7CD3B4A7F8 is not the leader, logIndex=0, commits[localhost_10001:c-1]
2019-09-26 13:33:05,948 INFO  client.GrpcClientProtocolService (GrpcClientProtocolService.java:lambda$processClientRequest$0(278)) - Failed RaftClientRequest:client-352D35361D97->localhost_10000@group-DB7CD3B4A7F8, cid=42, seq=0, RW, Message:321f0a0f0a0d74657374...(size=33), reply=RaftClientReply:client-352D35361D97->localhost_10000@group-DB7CD3B4A7F8, cid=42, FAILED org.apache.ratis.protocol.NotLeaderException: Server localhost_10000@group-DB7CD3B4A7F8 is not the leader, logIndex=0, commits[localhost_10000:c-1]
2019-09-26 13:33:05,950 INFO  client.GrpcClientProtocolService (GrpcClientProtocolService.java:lambda$processClientRequest$0(278)) - Failed RaftClientRequest:client-352D35361D97->localhost_10002@group-DB7CD3B4A7F8, cid=42, seq=0, RW, Message:321f0a0f0a0d74657374...(size=33), reply=RaftClientReply:client-352D35361D97->localhost_10002@group-DB7CD3B4A7F8, cid=42, FAILED org.apache.ratis.protocol.NotLeaderException: Server localhost_10002@group-DB7CD3B4A7F8 is not the leader, logIndex=0, commits[localhost_10002:c-1]
2019-09-26 13:33:05,951 INFO  client.GrpcClientProtocolService (GrpcClientProtocolService.java:lambda$processClientRequest$0(278)) - Failed RaftClientRequest:client-352D35361D97->localhost_10000@group-DB7CD3B4A7F8, cid=42, seq=0, RW, Message:321f0a0f0a0d74657374...(size=33), reply=RaftClientReply:client-352D35361D97->localhost_10000@group-DB7CD3B4A7F8, cid=42, FAILED org.apache.ratis.protocol.NotLeaderException: Server localhost_10000@group-DB7CD3B4A7F8 is not the leader, logIndex=0, commits[localhost_10000:c-1]
2019-09-26 13:33:05,952 INFO  client.GrpcClientProtocolService (GrpcClientProtocolService.java:lambda$processClientRequest$0(278)) - Failed RaftClientRequest:client-352D35361D97->localhost_10002@group-DB7CD3B4A7F8, cid=42, seq=0, RW, Message:321f0a0f0a0d74657374...(size=33), reply=RaftClientReply:client-352D35361D97->localhost_10002@group-DB7CD3B4A7F8, cid=42, FAILED org.apache.ratis.protocol.NotLeaderException: Server localhost_10002@group-DB7CD3B4A7F8 is not the leader, logIndex=0, commits[localhost_10002:c-1]
2019-09-26 13:33:05,953 INFO  client.GrpcClientProtocolService (GrpcClientProtocolService.java:lambda$processClientRequest$0(278)) - Failed RaftClientRequest:client-352D35361D97->localhost_10000@group-DB7CD3B4A7F8, cid=42, seq=0, RW, Message:321f0a0f0a0d74657374...(size=33), reply=RaftClientReply:client-352D35361D97->localhost_10000@group-DB7CD3B4A7F8, cid=42, FAILED org.apache.ratis.protocol.NotLeaderException: Server localhost_10000@group-DB7CD3B4A7F8 is not the leader, logIndex=0, commits[localhost_10000:c-1]
2019-09-26 13:33:05,954 INFO  client.GrpcClientProtocolService (GrpcClientProtocolService.java:lambda$processClientRequest$0(278)) - Failed RaftClientRequest:client-352D35361D97->localhost_10002@group-DB7CD3B4A7F8, cid=42, seq=0, RW, Message:321f0a0f0a0d74657374...(size=33), reply=RaftClientReply:client-352D35361D97->localhost_10002@group-DB7CD3B4A7F8, cid=42, FAILED org.apache.ratis.protocol.NotLeaderException: Server localhost_10002@group-DB7CD3B4A7F8 is not the leader, logIndex=0, commits[localhost_10002:c-1]
2019-09-26 13:33:05,955 INFO  client.GrpcClientProtocolService (GrpcClientProtocolService.java:lambda$processClientRequest$0(278)) - Failed RaftClientRequest:client-352D35361D97->localhost_10001@group-DB7CD3B4A7F8, cid=42, seq=0, RW, Message:321f0a0f0a0d74657374...(size=33), reply=RaftClientReply:client-352D35361D97->localhost_10001@group-DB7CD3B4A7F8, cid=42, FAILED org.apache.ratis.protocol.NotLeaderException: Server localhost_10001@group-DB7CD3B4A7F8 is not the leader, logIndex=0, commits[localhost_10001:c-1]
2019-09-26 13:33:05,957 INFO  client.GrpcClientProtocolService (GrpcClientProtocolService.java:lambda$processClientRequest$0(278)) - Failed RaftClientRequest:client-352D35361D97->localhost_10002@group-DB7CD3B4A7F8, cid=42, seq=0, RW, Message:321f0a0f0a0d74657374...(size=33), reply=RaftClientReply:client-352D35361D97->localhost_10002@group-DB7CD3B4A7F8, cid=42, FAILED org.apache.ratis.protocol.NotLeaderException: Server localhost_10002@group-DB7CD3B4A7F8 is not the leader, logIndex=0, commits[localhost_10002:c-1]
2019-09-26 13:33:05,958 INFO  client.GrpcClientProtocolService (GrpcClientProtocolService.java:lambda$processClientRequest$0(278)) - Failed RaftClientRequest:client-352D35361D97->localhost_10001@group-DB7CD3B4A7F8, cid=42, seq=0, RW, Message:321f0a0f0a0d74657374...(size=33), reply=RaftClientReply:client-352D35361D97->localhost_10001@group-DB7CD3B4A7F8, cid=42, FAILED org.apache.ratis.protocol.NotLeaderException: Server localhost_10001@group-DB7CD3B4A7F8 is not the leader, logIndex=0, commits[localhost_10001:c-1]
2019-09-26 13:33:05,960 INFO  client.GrpcClientProtocolService (GrpcClientProtocolService.java:lambda$processClientRequest$0(278)) - Failed RaftClientRequest:client-352D35361D97->localhost_10000@group-DB7CD3B4A7F8, cid=42, seq=0, RW, Message:321f0a0f0a0d74657374...(size=33), reply=RaftClientReply:client-352D35361D97->localhost_10000@group-DB7CD3B4A7F8, cid=42, FAILED org.apache.ratis.protocol.NotLeaderException: Server localhost_10000@group-DB7CD3B4A7F8 is not the leader, logIndex=0, commits[localhost_10000:c-1]
2019-09-26 13:33:05,961 INFO  client.GrpcClientProtocolService (GrpcClientProtocolService.java:lambda$processClientRequest$0(278)) - Failed RaftClientRequest:client-352D35361D97->localhost_10001@group-DB7CD3B4A7F8, cid=42, seq=0, RW, Message:321f0a0f0a0d74657374...(size=33), reply=RaftClientReply:client-352D35361D97->localhost_10001@group-DB7CD3B4A7F8, cid=42, FAILED org.apache.ratis.protocol.NotLeaderException: Server localhost_10001@group-DB7CD3B4A7F8 is not the leader, logIndex=0, commits[localhost_10001:c-1]
2019-09-26 13:33:05,963 INFO  client.GrpcClientProtocolService (GrpcClientProtocolService.java:lambda$processClientRequest$0(278)) - Failed RaftClientRequest:client-352D35361D97->localhost_10002@group-DB7CD3B4A7F8, cid=42, seq=0, RW, Message:321f0a0f0a0d74657374...(size=33), reply=RaftClientReply:client-352D35361D97->localhost_10002@group-DB7CD3B4A7F8, cid=42, FAILED org.apache.ratis.protocol.NotLeaderException: Server localhost_10002@group-DB7CD3B4A7F8 is not the leader, logIndex=0, commits[localhost_10002:c-1]
2019-09-26 13:33:05,964 INFO  client.GrpcClientProtocolService (GrpcClientProtocolService.java:lambda$processClientRequest$0(278)) - Failed RaftClientRequest:client-352D35361D97->localhost_10000@group-DB7CD3B4A7F8, cid=42, seq=0, RW, Message:321f0a0f0a0d74657374...(size=33), reply=RaftClientReply:client-352D35361D97->localhost_10000@group-DB7CD3B4A7F8, cid=42, FAILED org.apache.ratis.protocol.NotLeaderException: Server localhost_10000@group-DB7CD3B4A7F8 is not the leader, logIndex=0, commits[localhost_10000:c-1]
2019-09-26 13:33:05,966 INFO  client.GrpcClientProtocolService (GrpcClientProtocolService.java:lambda$processClientRequest$0(278)) - Failed RaftClientRequest:client-352D35361D97->localhost_10002@group-DB7CD3B4A7F8, cid=42, seq=0, RW, Message:321f0a0f0a0d74657374...(size=33), reply=RaftClientReply:client-352D35361D97->localhost_10002@group-DB7CD3B4A7F8, cid=42, FAILED org.apache.ratis.protocol.NotLeaderException: Server localhost_10002@group-DB7CD3B4A7F8 is not the leader, logIndex=0, commits[localhost_10002:c-1]
2019-09-26 13:33:05,967 INFO  client.GrpcClientProtocolService (GrpcClientProtocolService.java:lambda$processClientRequest$0(278)) - Failed RaftClientRequest:client-352D35361D97->localhost_10000@group-DB7CD3B4A7F8, cid=42, seq=0, RW, Message:321f0a0f0a0d74657374...(size=33), reply=RaftClientReply:client-352D35361D97->localhost_10000@group-DB7CD3B4A7F8, cid=42, FAILED org.apache.ratis.protocol.NotLeaderException: Server localhost_10000@group-DB7CD3B4A7F8 is not the leader, logIndex=0, commits[localhost_10000:c-1]
2019-09-26 13:33:05,969 INFO  client.GrpcClientProtocolService (GrpcClientProtocolService.java:lambda$processClientRequest$0(278)) - Failed RaftClientRequest:client-352D35361D97->localhost_10001@group-DB7CD3B4A7F8, cid=42, seq=0, RW, Message:321f0a0f0a0d74657374...(size=33), reply=RaftClientReply:client-352D35361D97->localhost_10001@group-DB7CD3B4A7F8, cid=42, FAILED org.apache.ratis.protocol.NotLeaderException: Server localhost_10001@group-DB7CD3B4A7F8 is not the leader, logIndex=0, commits[localhost_10001:c-1]
2019-09-26 13:33:05,970 INFO  client.GrpcClientProtocolService (GrpcClientProtocolService.java:lambda$processClientRequest$0(278)) - Failed RaftClientRequest:client-352D35361D97->localhost_10002@group-DB7CD3B4A7F8, cid=42, seq=0, RW, Message:321f0a0f0a0d74657374...(size=33), reply=RaftClientReply:client-352D35361D97->localhost_10002@group-DB7CD3B4A7F8, cid=42, FAILED org.apache.ratis.protocol.NotLeaderException: Server localhost_10002@group-DB7CD3B4A7F8 is not the leader, logIndex=0, commits[localhost_10002:c-1]
2019-09-26 13:33:05,971 INFO  client.GrpcClientProtocolService (GrpcClientProtocolService.java:lambda$processClientRequest$0(278)) - Failed RaftClientRequest:client-352D35361D97->localhost_10001@group-DB7CD3B4A7F8, cid=42, seq=0, RW, Message:321f0a0f0a0d74657374...(size=33), reply=RaftClientReply:client-352D35361D97->localhost_10001@group-DB7CD3B4A7F8, cid=42, FAILED org.apache.ratis.protocol.NotLeaderException: Server localhost_10001@group-DB7CD3B4A7F8 is not the leader, logIndex=0, commits[localhost_10001:c-1]
2019-09-26 13:33:05,973 INFO  client.GrpcClientProtocolService (GrpcClientProtocolService.java:lambda$processClientRequest$0(278)) - Failed RaftClientRequest:client-352D35361D97->localhost_10000@group-DB7CD3B4A7F8, cid=42, seq=0, RW, Message:321f0a0f0a0d74657374...(size=33), reply=RaftClientReply:client-352D35361D97->localhost_10000@group-DB7CD3B4A7F8, cid=42, FAILED org.apache.ratis.protocol.NotLeaderException: Server localhost_10000@group-DB7CD3B4A7F8 is not the leader, logIndex=0, commits[localhost_10000:c-1]
2019-09-26 13:33:05,974 INFO  client.GrpcClientProtocolService (GrpcClientProtocolService.java:lambda$processClientRequest$0(278)) - Failed RaftClientRequest:client-352D35361D97->localhost_10001@group-DB7CD3B4A7F8, cid=42, seq=0, RW, Message:321f0a0f0a0d74657374...(size=33), reply=RaftClientReply:client-352D35361D97->localhost_10001@group-DB7CD3B4A7F8, cid=42, FAILED org.apache.ratis.protocol.NotLeaderException: Server localhost_10001@group-DB7CD3B4A7F8 is not the leader, logIndex=0, commits[localhost_10001:c-1]
2019-09-26 13:33:05,976 INFO  client.GrpcClientProtocolService (GrpcClientProtocolService.java:lambda$processClientRequest$0(278)) - Failed RaftClientRequest:client-352D35361D97->localhost_10000@group-DB7CD3B4A7F8, cid=42, seq=0, RW, Message:321f0a0f0a0d74657374...(size=33), reply=RaftClientReply:client-352D35361D97->localhost_10000@group-DB7CD3B4A7F8, cid=42, FAILED org.apache.ratis.protocol.NotLeaderException: Server localhost_10000@group-DB7CD3B4A7F8 is not the leader, logIndex=0, commits[localhost_10000:c-1]
2019-09-26 13:33:05,977 INFO  client.GrpcClientProtocolService (GrpcClientProtocolService.java:lambda$processClientRequest$0(278)) - Failed RaftClientRequest:client-352D35361D97->localhost_10002@group-DB7CD3B4A7F8, cid=42, seq=0, RW, Message:321f0a0f0a0d74657374...(size=33), reply=RaftClientReply:client-352D35361D97->localhost_10002@group-DB7CD3B4A7F8, cid=42, FAILED org.apache.ratis.protocol.NotLeaderException: Server localhost_10002@group-DB7CD3B4A7F8 is not the leader, logIndex=0, commits[localhost_10002:c-1]
2019-09-26 13:33:05,978 INFO  client.GrpcClientProtocolService (GrpcClientProtocolService.java:lambda$processClientRequest$0(278)) - Failed RaftClientRequest:client-352D35361D97->localhost_10001@group-DB7CD3B4A7F8, cid=42, seq=0, RW, Message:321f0a0f0a0d74657374...(size=33), reply=RaftClientReply:client-352D35361D97->localhost_10001@group-DB7CD3B4A7F8, cid=42, FAILED org.apache.ratis.protocol.NotLeaderException: Server localhost_10001@group-DB7CD3B4A7F8 is not the leader, logIndex=0, commits[localhost_10001:c-1]
2019-09-26 13:33:05,979 INFO  client.GrpcClientProtocolService (GrpcClientProtocolService.java:lambda$processClientRequest$0(278)) - Failed RaftClientRequest:client-352D35361D97->localhost_10002@group-DB7CD3B4A7F8, cid=42, seq=0, RW, Message:321f0a0f0a0d74657374...(size=33), reply=RaftClientReply:client-352D35361D97->localhost_10002@group-DB7CD3B4A7F8, cid=42, FAILED org.apache.ratis.protocol.NotLeaderException: Server localhost_10002@group-DB7CD3B4A7F8 is not the leader, logIndex=0, commits[localhost_10002:c-1]
2019-09-26 13:33:05,981 INFO  client.GrpcClientProtocolService (GrpcClientProtocolService.java:lambda$processClientRequest$0(278)) - Failed RaftClientRequest:client-352D35361D97->localhost_10001@group-DB7CD3B4A7F8, cid=42, seq=0, RW, Message:321f0a0f0a0d74657374...(size=33), reply=RaftClientReply:client-352D35361D97->localhost_10001@group-DB7CD3B4A7F8, cid=42, FAILED org.apache.ratis.protocol.NotLeaderException: Server localhost_10001@group-DB7CD3B4A7F8 is not the leader, logIndex=0, commits[localhost_10001:c-1]
2019-09-26 13:33:05,982 INFO  client.GrpcClientProtocolService (GrpcClientProtocolService.java:lambda$processClientRequest$0(278)) - Failed RaftClientRequest:client-352D35361D97->localhost_10002@group-DB7CD3B4A7F8, cid=42, seq=0, RW, Message:321f0a0f0a0d74657374...(size=33), reply=RaftClientReply:client-352D35361D97->localhost_10002@group-DB7CD3B4A7F8, cid=42, FAILED org.apache.ratis.protocol.NotLeaderException: Server localhost_10002@group-DB7CD3B4A7F8 is not the leader, logIndex=0, commits[localhost_10002:c-1]
2019-09-26 13:33:05,984 INFO  client.GrpcClientProtocolService (GrpcClientProtocolService.java:lambda$processClientRequest$0(278)) - Failed RaftClientRequest:client-352D35361D97->localhost_10000@group-DB7CD3B4A7F8, cid=42, seq=0, RW, Message:321f0a0f0a0d74657374...(size=33), reply=RaftClientReply:client-352D35361D97->localhost_10000@group-DB7CD3B4A7F8, cid=42, FAILED org.apache.ratis.protocol.NotLeaderException: Server localhost_10000@group-DB7CD3B4A7F8 is not the leader, logIndex=0, commits[localhost_10000:c-1]
2019-09-26 13:33:05,985 INFO  client.GrpcClientProtocolService (GrpcClientProtocolService.java:lambda$processClientRequest$0(278)) - Failed RaftClientRequest:client-352D35361D97->localhost_10002@group-DB7CD3B4A7F8, cid=42, seq=0, RW, Message:321f0a0f0a0d74657374...(size=33), reply=RaftClientReply:client-352D35361D97->localhost_10002@group-DB7CD3B4A7F8, cid=42, FAILED org.apache.ratis.protocol.NotLeaderException: Server localhost_10002@group-DB7CD3B4A7F8 is not the leader, logIndex=0, commits[localhost_10002:c-1]
2019-09-26 13:33:05,986 INFO  client.GrpcClientProtocolService (GrpcClientProtocolService.java:lambda$processClientRequest$0(278)) - Failed RaftClientRequest:client-352D35361D97->localhost_10000@group-DB7CD3B4A7F8, cid=42, seq=0, RW, Message:321f0a0f0a0d74657374...(size=33), reply=RaftClientReply:client-352D35361D97->localhost_10000@group-DB7CD3B4A7F8, cid=42, FAILED org.apache.ratis.protocol.NotLeaderException: Server localhost_10000@group-DB7CD3B4A7F8 is not the leader, logIndex=0, commits[localhost_10000:c-1]
2019-09-26 13:33:05,988 INFO  client.GrpcClientProtocolService (GrpcClientProtocolService.java:lambda$processClientRequest$0(278)) - Failed RaftClientRequest:client-352D35361D97->localhost_10002@group-DB7CD3B4A7F8, cid=42, seq=0, RW, Message:321f0a0f0a0d74657374...(size=33), reply=RaftClientReply:client-352D35361D97->localhost_10002@group-DB7CD3B4A7F8, cid=42, FAILED org.apache.ratis.protocol.NotLeaderException: Server localhost_10002@group-DB7CD3B4A7F8 is not the leader, logIndex=0, commits[localhost_10002:c-1]
2019-09-26 13:33:05,989 INFO  client.GrpcClientProtocolService (GrpcClientProtocolService.java:lambda$processClientRequest$0(278)) - Failed RaftClientRequest:client-352D35361D97->localhost_10000@group-DB7CD3B4A7F8, cid=42, seq=0, RW, Message:321f0a0f0a0d74657374...(size=33), reply=RaftClientReply:client-352D35361D97->localhost_10000@group-DB7CD3B4A7F8, cid=42, FAILED org.apache.ratis.protocol.NotLeaderException: Server localhost_10000@group-DB7CD3B4A7F8 is not the leader, logIndex=0, commits[localhost_10000:c-1]
2019-09-26 13:33:05,990 INFO  client.GrpcClientProtocolService (GrpcClientProtocolService.java:lambda$processClientRequest$0(278)) - Failed RaftClientRequest:client-352D35361D97->localhost_10002@group-DB7CD3B4A7F8, cid=42, seq=0, RW, Message:321f0a0f0a0d74657374...(size=33), reply=RaftClientReply:client-352D35361D97->localhost_10002@group-DB7CD3B4A7F8, cid=42, FAILED org.apache.ratis.protocol.NotLeaderException: Server localhost_10002@group-DB7CD3B4A7F8 is not the leader, logIndex=0, commits[localhost_10002:c-1]
2019-09-26 13:33:05,992 INFO  client.GrpcClientProtocolService (GrpcClientProtocolService.java:lambda$processClientRequest$0(278)) - Failed RaftClientRequest:client-352D35361D97->localhost_10001@group-DB7CD3B4A7F8, cid=42, seq=0, RW, Message:321f0a0f0a0d74657374...(size=33), reply=RaftClientReply:client-352D35361D97->localhost_10001@group-DB7CD3B4A7F8, cid=42, FAILED org.apache.ratis.protocol.NotLeaderException: Server localhost_10001@group-DB7CD3B4A7F8 is not the leader, logIndex=0, commits[localhost_10001:c-1]
2019-09-26 13:33:05,993 INFO  client.GrpcClientProtocolService (GrpcClientProtocolService.java:lambda$processClientRequest$0(278)) - Failed RaftClientRequest:client-352D35361D97->localhost_10000@group-DB7CD3B4A7F8, cid=42, seq=0, RW, Message:321f0a0f0a0d74657374...(size=33), reply=RaftClientReply:client-352D35361D97->localhost_10000@group-DB7CD3B4A7F8, cid=42, FAILED org.apache.ratis.protocol.NotLeaderException: Server localhost_10000@group-DB7CD3B4A7F8 is not the leader, logIndex=0, commits[localhost_10000:c-1]
2019-09-26 13:33:05,994 INFO  client.GrpcClientProtocolService (GrpcClientProtocolService.java:lambda$processClientRequest$0(278)) - Failed RaftClientRequest:client-352D35361D97->localhost_10001@group-DB7CD3B4A7F8, cid=42, seq=0, RW, Message:321f0a0f0a0d74657374...(size=33), reply=RaftClientReply:client-352D35361D97->localhost_10001@group-DB7CD3B4A7F8, cid=42, FAILED org.apache.ratis.protocol.NotLeaderException: Server localhost_10001@group-DB7CD3B4A7F8 is not the leader, logIndex=0, commits[localhost_10001:c-1]
2019-09-26 13:33:05,996 INFO  client.GrpcClientProtocolService (GrpcClientProtocolService.java:lambda$processClientRequest$0(278)) - Failed RaftClientRequest:client-352D35361D97->localhost_10002@group-DB7CD3B4A7F8, cid=42, seq=0, RW, Message:321f0a0f0a0d74657374...(size=33), reply=RaftClientReply:client-352D35361D97->localhost_10002@group-DB7CD3B4A7F8, cid=42, FAILED org.apache.ratis.protocol.NotLeaderException: Server localhost_10002@group-DB7CD3B4A7F8 is not the leader, logIndex=0, commits[localhost_10002:c-1]
2019-09-26 13:33:05,997 INFO  client.GrpcClientProtocolService (GrpcClientProtocolService.java:lambda$processClientRequest$0(278)) - Failed RaftClientRequest:client-352D35361D97->localhost_10000@group-DB7CD3B4A7F8, cid=42, seq=0, RW, Message:321f0a0f0a0d74657374...(size=33), reply=RaftClientReply:client-352D35361D97->localhost_10000@group-DB7CD3B4A7F8, cid=42, FAILED org.apache.ratis.protocol.NotLeaderException: Server localhost_10000@group-DB7CD3B4A7F8 is not the leader, logIndex=0, commits[localhost_10000:c-1]
2019-09-26 13:33:05,999 INFO  client.GrpcClientProtocolService (GrpcClientProtocolService.java:lambda$processClientRequest$0(278)) - Failed RaftClientRequest:client-352D35361D97->localhost_10002@group-DB7CD3B4A7F8, cid=42, seq=0, RW, Message:321f0a0f0a0d74657374...(size=33), reply=RaftClientReply:client-352D35361D97->localhost_10002@group-DB7CD3B4A7F8, cid=42, FAILED org.apache.ratis.protocol.NotLeaderException: Server localhost_10002@group-DB7CD3B4A7F8 is not the leader, logIndex=0, commits[localhost_10002:c-1]
2019-09-26 13:33:06,000 INFO  client.GrpcClientProtocolService (GrpcClientProtocolService.java:lambda$processClientRequest$0(278)) - Failed RaftClientRequest:client-352D35361D97->localhost_10000@group-DB7CD3B4A7F8, cid=42, seq=0, RW, Message:321f0a0f0a0d74657374...(size=33), reply=RaftClientReply:client-352D35361D97->localhost_10000@group-DB7CD3B4A7F8, cid=42, FAILED org.apache.ratis.protocol.NotLeaderException: Server localhost_10000@group-DB7CD3B4A7F8 is not the leader, logIndex=0, commits[localhost_10000:c-1]
2019-09-26 13:33:06,002 INFO  client.GrpcClientProtocolService (GrpcClientProtocolService.java:lambda$processClientRequest$0(278)) - Failed RaftClientRequest:client-352D35361D97->localhost_10001@group-DB7CD3B4A7F8, cid=42, seq=0, RW, Message:321f0a0f0a0d74657374...(size=33), reply=RaftClientReply:client-352D35361D97->localhost_10001@group-DB7CD3B4A7F8, cid=42, FAILED org.apache.ratis.protocol.NotLeaderException: Server localhost_10001@group-DB7CD3B4A7F8 is not the leader, logIndex=0, commits[localhost_10001:c-1]
2019-09-26 13:33:06,003 INFO  client.GrpcClientProtocolService (GrpcClientProtocolService.java:lambda$processClientRequest$0(278)) - Failed RaftClientRequest:client-352D35361D97->localhost_10002@group-DB7CD3B4A7F8, cid=42, seq=0, RW, Message:321f0a0f0a0d74657374...(size=33), reply=RaftClientReply:client-352D35361D97->localhost_10002@group-DB7CD3B4A7F8, cid=42, FAILED org.apache.ratis.protocol.NotLeaderException: Server localhost_10002@group-DB7CD3B4A7F8 is not the leader, logIndex=0, commits[localhost_10002:c-1]
2019-09-26 13:33:06,004 INFO  client.GrpcClientProtocolService (GrpcClientProtocolService.java:lambda$processClientRequest$0(278)) - Failed RaftClientRequest:client-352D35361D97->localhost_10000@group-DB7CD3B4A7F8, cid=42, seq=0, RW, Message:321f0a0f0a0d74657374...(size=33), reply=RaftClientReply:client-352D35361D97->localhost_10000@group-DB7CD3B4A7F8, cid=42, FAILED org.apache.ratis.protocol.NotLeaderException: Server localhost_10000@group-DB7CD3B4A7F8 is not the leader, logIndex=0, commits[localhost_10000:c-1]
2019-09-26 13:33:06,006 INFO  client.GrpcClientProtocolService (GrpcClientProtocolService.java:lambda$processClientRequest$0(278)) - Failed RaftClientRequest:client-352D35361D97->localhost_10001@group-DB7CD3B4A7F8, cid=42, seq=0, RW, Message:321f0a0f0a0d74657374...(size=33), reply=RaftClientReply:client-352D35361D97->localhost_10001@group-DB7CD3B4A7F8, cid=42, FAILED org.apache.ratis.protocol.NotLeaderException: Server localhost_10001@group-DB7CD3B4A7F8 is not the leader, logIndex=0, commits[localhost_10001:c-1]
2019-09-26 13:33:06,007 INFO  client.GrpcClientProtocolService (GrpcClientProtocolService.java:lambda$processClientRequest$0(278)) - Failed RaftClientRequest:client-352D35361D97->localhost_10002@group-DB7CD3B4A7F8, cid=42, seq=0, RW, Message:321f0a0f0a0d74657374...(size=33), reply=RaftClientReply:client-352D35361D97->localhost_10002@group-DB7CD3B4A7F8, cid=42, FAILED org.apache.ratis.protocol.NotLeaderException: Server localhost_10002@group-DB7CD3B4A7F8 is not the leader, logIndex=0, commits[localhost_10002:c-1]
2019-09-26 13:33:06,009 INFO  client.GrpcClientProtocolService (GrpcClientProtocolService.java:lambda$processClientRequest$0(278)) - Failed RaftClientRequest:client-352D35361D97->localhost_10001@group-DB7CD3B4A7F8, cid=42, seq=0, RW, Message:321f0a0f0a0d74657374...(size=33), reply=RaftClientReply:client-352D35361D97->localhost_10001@group-DB7CD3B4A7F8, cid=42, FAILED org.apache.ratis.protocol.NotLeaderException: Server localhost_10001@group-DB7CD3B4A7F8 is not the leader, logIndex=0, commits[localhost_10001:c-1]
2019-09-26 13:33:06,010 INFO  client.GrpcClientProtocolService (GrpcClientProtocolService.java:lambda$processClientRequest$0(278)) - Failed RaftClientRequest:client-352D35361D97->localhost_10002@group-DB7CD3B4A7F8, cid=42, seq=0, RW, Message:321f0a0f0a0d74657374...(size=33), reply=RaftClientReply:client-352D35361D97->localhost_10002@group-DB7CD3B4A7F8, cid=42, FAILED org.apache.ratis.protocol.NotLeaderException: Server localhost_10002@group-DB7CD3B4A7F8 is not the leader, logIndex=0, commits[localhost_10002:c-1]
2019-09-26 13:33:06,011 INFO  client.GrpcClientProtocolService (GrpcClientProtocolService.java:lambda$processClientRequest$0(278)) - Failed RaftClientRequest:client-352D35361D97->localhost_10000@group-DB7CD3B4A7F8, cid=42, seq=0, RW, Message:321f0a0f0a0d74657374...(size=33), reply=RaftClientReply:client-352D35361D97->localhost_10000@group-DB7CD3B4A7F8, cid=42, FAILED org.apache.ratis.protocol.NotLeaderException: Server localhost_10000@group-DB7CD3B4A7F8 is not the leader, logIndex=0, commits[localhost_10000:c-1]
2019-09-26 13:33:06,013 INFO  client.GrpcClientProtocolService (GrpcClientProtocolService.java:lambda$processClientRequest$0(278)) - Failed RaftClientRequest:client-352D35361D97->localhost_10001@group-DB7CD3B4A7F8, cid=42, seq=0, RW, Message:321f0a0f0a0d74657374...(size=33), reply=RaftClientReply:client-352D35361D97->localhost_10001@group-DB7CD3B4A7F8, cid=42, FAILED org.apache.ratis.protocol.NotLeaderException: Server localhost_10001@group-DB7CD3B4A7F8 is not the leader, logIndex=0, commits[localhost_10001:c-1]
2019-09-26 13:33:06,014 INFO  client.GrpcClientProtocolService (GrpcClientProtocolService.java:lambda$processClientRequest$0(278)) - Failed RaftClientRequest:client-352D35361D97->localhost_10002@group-DB7CD3B4A7F8, cid=42, seq=0, RW, Message:321f0a0f0a0d74657374...(size=33), reply=RaftClientReply:client-352D35361D97->localhost_10002@group-DB7CD3B4A7F8, cid=42, FAILED org.apache.ratis.protocol.NotLeaderException: Server localhost_10002@group-DB7CD3B4A7F8 is not the leader, logIndex=0, commits[localhost_10002:c-1]
2019-09-26 13:33:06,016 INFO  client.GrpcClientProtocolService (GrpcClientProtocolService.java:lambda$processClientRequest$0(278)) - Failed RaftClientRequest:client-352D35361D97->localhost_10001@group-DB7CD3B4A7F8, cid=42, seq=0, RW, Message:321f0a0f0a0d74657374...(size=33), reply=RaftClientReply:client-352D35361D97->localhost_10001@group-DB7CD3B4A7F8, cid=42, FAILED org.apache.ratis.protocol.NotLeaderException: Server localhost_10001@group-DB7CD3B4A7F8 is not the leader, logIndex=0, commits[localhost_10001:c-1]
2019-09-26 13:33:06,017 INFO  client.GrpcClientProtocolService (GrpcClientProtocolService.java:lambda$processClientRequest$0(278)) - Failed RaftClientRequest:client-352D35361D97->localhost_10000@group-DB7CD3B4A7F8, cid=42, seq=0, RW, Message:321f0a0f0a0d74657374...(size=33), reply=RaftClientReply:client-352D35361D97->localhost_10000@group-DB7CD3B4A7F8, cid=42, FAILED org.apache.ratis.protocol.NotLeaderException: Server localhost_10000@group-DB7CD3B4A7F8 is not the leader, logIndex=0, commits[localhost_10000:c-1]
2019-09-26 13:33:06,019 INFO  client.GrpcClientProtocolService (GrpcClientProtocolService.java:lambda$processClientRequest$0(278)) - Failed RaftClientRequest:client-352D35361D97->localhost_10002@group-DB7CD3B4A7F8, cid=42, seq=0, RW, Message:321f0a0f0a0d74657374...(size=33), reply=RaftClientReply:client-352D35361D97->localhost_10002@group-DB7CD3B4A7F8, cid=42, FAILED org.apache.ratis.protocol.NotLeaderException: Server localhost_10002@group-DB7CD3B4A7F8 is not the leader, logIndex=0, commits[localhost_10002:c-1]
2019-09-26 13:33:06,020 INFO  client.GrpcClientProtocolService (GrpcClientProtocolService.java:lambda$processClientRequest$0(278)) - Failed RaftClientRequest:client-352D35361D97->localhost_10000@group-DB7CD3B4A7F8, cid=42, seq=0, RW, Message:321f0a0f0a0d74657374...(size=33), reply=RaftClientReply:client-352D35361D97->localhost_10000@group-DB7CD3B4A7F8, cid=42, FAILED org.apache.ratis.protocol.NotLeaderException: Server localhost_10000@group-DB7CD3B4A7F8 is not the leader, logIndex=0, commits[localhost_10000:c-1]
2019-09-26 13:33:06,022 INFO  client.GrpcClientProtocolService (GrpcClientProtocolService.java:lambda$processClientRequest$0(278)) - Failed RaftClientRequest:client-352D35361D97->localhost_10001@group-DB7CD3B4A7F8, cid=42, seq=0, RW, Message:321f0a0f0a0d74657374...(size=33), reply=RaftClientReply:client-352D35361D97->localhost_10001@group-DB7CD3B4A7F8, cid=42, FAILED org.apache.ratis.protocol.NotLeaderException: Server localhost_10001@group-DB7CD3B4A7F8 is not the leader, logIndex=0, commits[localhost_10001:c-1]
2019-09-26 13:33:06,023 INFO  client.GrpcClientProtocolService (GrpcClientProtocolService.java:lambda$processClientRequest$0(278)) - Failed RaftClientRequest:client-352D35361D97->localhost_10000@group-DB7CD3B4A7F8, cid=42, seq=0, RW, Message:321f0a0f0a0d74657374...(size=33), reply=RaftClientReply:client-352D35361D97->localhost_10000@group-DB7CD3B4A7F8, cid=42, FAILED org.apache.ratis.protocol.NotLeaderException: Server localhost_10000@group-DB7CD3B4A7F8 is not the leader, logIndex=0, commits[localhost_10000:c-1]
2019-09-26 13:33:06,024 INFO  client.GrpcClientProtocolService (GrpcClientProtocolService.java:lambda$processClientRequest$0(278)) - Failed RaftClientRequest:client-352D35361D97->localhost_10002@group-DB7CD3B4A7F8, cid=42, seq=0, RW, Message:321f0a0f0a0d74657374...(size=33), reply=RaftClientReply:client-352D35361D97->localhost_10002@group-DB7CD3B4A7F8, cid=42, FAILED org.apache.ratis.protocol.NotLeaderException: Server localhost_10002@group-DB7CD3B4A7F8 is not the leader, logIndex=0, commits[localhost_10002:c-1]
2019-09-26 13:33:06,026 INFO  client.GrpcClientProtocolService (GrpcClientProtocolService.java:lambda$processClientRequest$0(278)) - Failed RaftClientRequest:client-352D35361D97->localhost_10001@group-DB7CD3B4A7F8, cid=42, seq=0, RW, Message:321f0a0f0a0d74657374...(size=33), reply=RaftClientReply:client-352D35361D97->localhost_10001@group-DB7CD3B4A7F8, cid=42, FAILED org.apache.ratis.protocol.NotLeaderException: Server localhost_10001@group-DB7CD3B4A7F8 is not the leader, logIndex=0, commits[localhost_10001:c-1]
2019-09-26 13:33:06,027 INFO  client.GrpcClientProtocolService (GrpcClientProtocolService.java:lambda$processClientRequest$0(278)) - Failed RaftClientRequest:client-352D35361D97->localhost_10002@group-DB7CD3B4A7F8, cid=42, seq=0, RW, Message:321f0a0f0a0d74657374...(size=33), reply=RaftClientReply:client-352D35361D97->localhost_10002@group-DB7CD3B4A7F8, cid=42, FAILED org.apache.ratis.protocol.NotLeaderException: Server localhost_10002@group-DB7CD3B4A7F8 is not the leader, logIndex=0, commits[localhost_10002:c-1]
2019-09-26 13:33:06,028 INFO  client.GrpcClientProtocolService (GrpcClientProtocolService.java:lambda$processClientRequest$0(278)) - Failed RaftClientRequest:client-352D35361D97->localhost_10000@group-DB7CD3B4A7F8, cid=42, seq=0, RW, Message:321f0a0f0a0d74657374...(size=33), reply=RaftClientReply:client-352D35361D97->localhost_10000@group-DB7CD3B4A7F8, cid=42, FAILED org.apache.ratis.protocol.NotLeaderException: Server localhost_10000@group-DB7CD3B4A7F8 is not the leader, logIndex=0, commits[localhost_10000:c-1]
2019-09-26 13:33:06,030 INFO  client.GrpcClientProtocolService (GrpcClientProtocolService.java:lambda$processClientRequest$0(278)) - Failed RaftClientRequest:client-352D35361D97->localhost_10002@group-DB7CD3B4A7F8, cid=42, seq=0, RW, Message:321f0a0f0a0d74657374...(size=33), reply=RaftClientReply:client-352D35361D97->localhost_10002@group-DB7CD3B4A7F8, cid=42, FAILED org.apache.ratis.protocol.NotLeaderException: Server localhost_10002@group-DB7CD3B4A7F8 is not the leader, logIndex=0, commits[localhost_10002:c-1]
2019-09-26 13:33:06,031 INFO  client.GrpcClientProtocolService (GrpcClientProtocolService.java:lambda$processClientRequest$0(278)) - Failed RaftClientRequest:client-352D35361D97->localhost_10001@group-DB7CD3B4A7F8, cid=42, seq=0, RW, Message:321f0a0f0a0d74657374...(size=33), reply=RaftClientReply:client-352D35361D97->localhost_10001@group-DB7CD3B4A7F8, cid=42, FAILED org.apache.ratis.protocol.NotLeaderException: Server localhost_10001@group-DB7CD3B4A7F8 is not the leader, logIndex=0, commits[localhost_10001:c-1]
2019-09-26 13:33:06,032 INFO  client.GrpcClientProtocolService (GrpcClientProtocolService.java:lambda$processClientRequest$0(278)) - Failed RaftClientRequest:client-352D35361D97->localhost_10002@group-DB7CD3B4A7F8, cid=42, seq=0, RW, Message:321f0a0f0a0d74657374...(size=33), reply=RaftClientReply:client-352D35361D97->localhost_10002@group-DB7CD3B4A7F8, cid=42, FAILED org.apache.ratis.protocol.NotLeaderException: Server localhost_10002@group-DB7CD3B4A7F8 is not the leader, logIndex=0, commits[localhost_10002:c-1]
2019-09-26 13:33:06,034 INFO  client.GrpcClientProtocolService (GrpcClientProtocolService.java:lambda$processClientRequest$0(278)) - Failed RaftClientRequest:client-352D35361D97->localhost_10001@group-DB7CD3B4A7F8, cid=42, seq=0, RW, Message:321f0a0f0a0d74657374...(size=33), reply=RaftClientReply:client-352D35361D97->localhost_10001@group-DB7CD3B4A7F8, cid=42, FAILED org.apache.ratis.protocol.NotLeaderException: Server localhost_10001@group-DB7CD3B4A7F8 is not the leader, logIndex=0, commits[localhost_10001:c-1]
2019-09-26 13:33:06,035 INFO  client.GrpcClientProtocolService (GrpcClientProtocolService.java:lambda$processClientRequest$0(278)) - Failed RaftClientRequest:client-352D35361D97->localhost_10002@group-DB7CD3B4A7F8, cid=42, seq=0, RW, Message:321f0a0f0a0d74657374...(size=33), reply=RaftClientReply:client-352D35361D97->localhost_10002@group-DB7CD3B4A7F8, cid=42, FAILED org.apache.ratis.protocol.NotLeaderException: Server localhost_10002@group-DB7CD3B4A7F8 is not the leader, logIndex=0, commits[localhost_10002:c-1]
2019-09-26 13:33:06,037 INFO  client.GrpcClientProtocolService (GrpcClientProtocolService.java:lambda$processClientRequest$0(278)) - Failed RaftClientRequest:client-352D35361D97->localhost_10000@group-DB7CD3B4A7F8, cid=42, seq=0, RW, Message:321f0a0f0a0d74657374...(size=33), reply=RaftClientReply:client-352D35361D97->localhost_10000@group-DB7CD3B4A7F8, cid=42, FAILED org.apache.ratis.protocol.NotLeaderException: Server localhost_10000@group-DB7CD3B4A7F8 is not the leader, logIndex=0, commits[localhost_10000:c-1]
2019-09-26 13:33:06,038 INFO  client.GrpcClientProtocolService (GrpcClientProtocolService.java:lambda$processClientRequest$0(278)) - Failed RaftClientRequest:client-352D35361D97->localhost_10002@group-DB7CD3B4A7F8, cid=42, seq=0, RW, Message:321f0a0f0a0d74657374...(size=33), reply=RaftClientReply:client-352D35361D97->localhost_10002@group-DB7CD3B4A7F8, cid=42, FAILED org.apache.ratis.protocol.NotLeaderException: Server localhost_10002@group-DB7CD3B4A7F8 is not the leader, logIndex=0, commits[localhost_10002:c-1]
2019-09-26 13:33:06,040 INFO  client.GrpcClientProtocolService (GrpcClientProtocolService.java:lambda$processClientRequest$0(278)) - Failed RaftClientRequest:client-352D35361D97->localhost_10000@group-DB7CD3B4A7F8, cid=42, seq=0, RW, Message:321f0a0f0a0d74657374...(size=33), reply=RaftClientReply:client-352D35361D97->localhost_10000@group-DB7CD3B4A7F8, cid=42, FAILED org.apache.ratis.protocol.NotLeaderException: Server localhost_10000@group-DB7CD3B4A7F8 is not the leader, logIndex=0, commits[localhost_10000:c-1]
2019-09-26 13:33:06,042 INFO  client.GrpcClientProtocolService (GrpcClientProtocolService.java:lambda$processClientRequest$0(278)) - Failed RaftClientRequest:client-352D35361D97->localhost_10001@group-DB7CD3B4A7F8, cid=42, seq=0, RW, Message:321f0a0f0a0d74657374...(size=33), reply=RaftClientReply:client-352D35361D97->localhost_10001@group-DB7CD3B4A7F8, cid=42, FAILED org.apache.ratis.protocol.NotLeaderException: Server localhost_10001@group-DB7CD3B4A7F8 is not the leader, logIndex=0, commits[localhost_10001:c-1]
2019-09-26 13:33:06,044 INFO  client.GrpcClientProtocolService (GrpcClientProtocolService.java:lambda$processClientRequest$0(278)) - Failed RaftClientRequest:client-352D35361D97->localhost_10002@group-DB7CD3B4A7F8, cid=42, seq=0, RW, Message:321f0a0f0a0d74657374...(size=33), reply=RaftClientReply:client-352D35361D97->localhost_10002@group-DB7CD3B4A7F8, cid=42, FAILED org.apache.ratis.protocol.NotLeaderException: Server localhost_10002@group-DB7CD3B4A7F8 is not the leader, logIndex=0, commits[localhost_10002:c-1]
2019-09-26 13:33:06,045 INFO  client.GrpcClientProtocolService (GrpcClientProtocolService.java:lambda$processClientRequest$0(278)) - Failed RaftClientRequest:client-352D35361D97->localhost_10000@group-DB7CD3B4A7F8, cid=42, seq=0, RW, Message:321f0a0f0a0d74657374...(size=33), reply=RaftClientReply:client-352D35361D97->localhost_10000@group-DB7CD3B4A7F8, cid=42, FAILED org.apache.ratis.protocol.NotLeaderException: Server localhost_10000@group-DB7CD3B4A7F8 is not the leader, logIndex=0, commits[localhost_10000:c-1]
2019-09-26 13:33:06,047 INFO  client.GrpcClientProtocolService (GrpcClientProtocolService.java:lambda$processClientRequest$0(278)) - Failed RaftClientRequest:client-352D35361D97->localhost_10002@group-DB7CD3B4A7F8, cid=42, seq=0, RW, Message:321f0a0f0a0d74657374...(size=33), reply=RaftClientReply:client-352D35361D97->localhost_10002@group-DB7CD3B4A7F8, cid=42, FAILED org.apache.ratis.protocol.NotLeaderException: Server localhost_10002@group-DB7CD3B4A7F8 is not the leader, logIndex=0, commits[localhost_10002:c-1]
2019-09-26 13:33:06,049 INFO  client.GrpcClientProtocolService (GrpcClientProtocolService.java:lambda$processClientRequest$0(278)) - Failed RaftClientRequest:client-352D35361D97->localhost_10000@group-DB7CD3B4A7F8, cid=42, seq=0, RW, Message:321f0a0f0a0d74657374...(size=33), reply=RaftClientReply:client-352D35361D97->localhost_10000@group-DB7CD3B4A7F8, cid=42, FAILED org.apache.ratis.protocol.NotLeaderException: Server localhost_10000@group-DB7CD3B4A7F8 is not the leader, logIndex=0, commits[localhost_10000:c-1]
2019-09-26 13:33:06,050 INFO  client.GrpcClientProtocolService (GrpcClientProtocolService.java:lambda$processClientRequest$0(278)) - Failed RaftClientRequest:client-352D35361D97->localhost_10002@group-DB7CD3B4A7F8, cid=42, seq=0, RW, Message:321f0a0f0a0d74657374...(size=33), reply=RaftClientReply:client-352D35361D97->localhost_10002@group-DB7CD3B4A7F8, cid=42, FAILED org.apache.ratis.protocol.NotLeaderException: Server localhost_10002@group-DB7CD3B4A7F8 is not the leader, logIndex=0, commits[localhost_10002:c-1]
2019-09-26 13:33:06,052 INFO  client.GrpcClientProtocolService (GrpcClientProtocolService.java:lambda$processClientRequest$0(278)) - Failed RaftClientRequest:client-352D35361D97->localhost_10001@group-DB7CD3B4A7F8, cid=42, seq=0, RW, Message:321f0a0f0a0d74657374...(size=33), reply=RaftClientReply:client-352D35361D97->localhost_10001@group-DB7CD3B4A7F8, cid=42, FAILED org.apache.ratis.protocol.NotLeaderException: Server localhost_10001@group-DB7CD3B4A7F8 is not the leader, logIndex=0, commits[localhost_10001:c-1]
2019-09-26 13:33:06,053 INFO  client.GrpcClientProtocolService (GrpcClientProtocolService.java:lambda$processClientRequest$0(278)) - Failed RaftClientRequest:client-352D35361D97->localhost_10002@group-DB7CD3B4A7F8, cid=42, seq=0, RW, Message:321f0a0f0a0d74657374...(size=33), reply=RaftClientReply:client-352D35361D97->localhost_10002@group-DB7CD3B4A7F8, cid=42, FAILED org.apache.ratis.protocol.NotLeaderException: Server localhost_10002@group-DB7CD3B4A7F8 is not the leader, logIndex=0, commits[localhost_10002:c-1]
2019-09-26 13:33:06,055 INFO  client.GrpcClientProtocolService (GrpcClientProtocolService.java:lambda$processClientRequest$0(278)) - Failed RaftClientRequest:client-352D35361D97->localhost_10001@group-DB7CD3B4A7F8, cid=42, seq=0, RW, Message:321f0a0f0a0d74657374...(size=33), reply=RaftClientReply:client-352D35361D97->localhost_10001@group-DB7CD3B4A7F8, cid=42, FAILED org.apache.ratis.protocol.NotLeaderException: Server localhost_10001@group-DB7CD3B4A7F8 is not the leader, logIndex=0, commits[localhost_10001:c-1]
2019-09-26 13:33:06,056 INFO  client.GrpcClientProtocolService (GrpcClientProtocolService.java:lambda$processClientRequest$0(278)) - Failed RaftClientRequest:client-352D35361D97->localhost_10000@group-DB7CD3B4A7F8, cid=42, seq=0, RW, Message:321f0a0f0a0d74657374...(size=33), reply=RaftClientReply:client-352D35361D97->localhost_10000@group-DB7CD3B4A7F8, cid=42, FAILED org.apache.ratis.protocol.NotLeaderException: Server localhost_10000@group-DB7CD3B4A7F8 is not the leader, logIndex=0, commits[localhost_10000:c-1]
2019-09-26 13:33:06,058 INFO  client.GrpcClientProtocolService (GrpcClientProtocolService.java:lambda$processClientRequest$0(278)) - Failed RaftClientRequest:client-352D35361D97->localhost_10001@group-DB7CD3B4A7F8, cid=42, seq=0, RW, Message:321f0a0f0a0d74657374...(size=33), reply=RaftClientReply:client-352D35361D97->localhost_10001@group-DB7CD3B4A7F8, cid=42, FAILED org.apache.ratis.protocol.NotLeaderException: Server localhost_10001@group-DB7CD3B4A7F8 is not the leader, logIndex=0, commits[localhost_10001:c-1]
2019-09-26 13:33:06,059 INFO  client.GrpcClientProtocolService (GrpcClientProtocolService.java:lambda$processClientRequest$0(278)) - Failed RaftClientRequest:client-352D35361D97->localhost_10002@group-DB7CD3B4A7F8, cid=42, seq=0, RW, Message:321f0a0f0a0d74657374...(size=33), reply=RaftClientReply:client-352D35361D97->localhost_10002@group-DB7CD3B4A7F8, cid=42, FAILED org.apache.ratis.protocol.NotLeaderException: Server localhost_10002@group-DB7CD3B4A7F8 is not the leader, logIndex=0, commits[localhost_10002:c-1]
2019-09-26 13:33:06,061 INFO  client.GrpcClientProtocolService (GrpcClientProtocolService.java:lambda$processClientRequest$0(278)) - Failed RaftClientRequest:client-352D35361D97->localhost_10000@group-DB7CD3B4A7F8, cid=42, seq=0, RW, Message:321f0a0f0a0d74657374...(size=33), reply=RaftClientReply:client-352D35361D97->localhost_10000@group-DB7CD3B4A7F8, cid=42, FAILED org.apache.ratis.protocol.NotLeaderException: Server localhost_10000@group-DB7CD3B4A7F8 is not the leader, logIndex=0, commits[localhost_10000:c-1]
2019-09-26 13:33:06,062 INFO  client.GrpcClientProtocolService (GrpcClientProtocolService.java:lambda$processClientRequest$0(278)) - Failed RaftClientRequest:client-352D35361D97->localhost_10002@group-DB7CD3B4A7F8, cid=42, seq=0, RW, Message:321f0a0f0a0d74657374...(size=33), reply=RaftClientReply:client-352D35361D97->localhost_10002@group-DB7CD3B4A7F8, cid=42, FAILED org.apache.ratis.protocol.NotLeaderException: Server localhost_10002@group-DB7CD3B4A7F8 is not the leader, logIndex=0, commits[localhost_10002:c-1]
2019-09-26 13:33:06,064 INFO  client.GrpcClientProtocolService (GrpcClientProtocolService.java:lambda$processClientRequest$0(278)) - Failed RaftClientRequest:client-352D35361D97->localhost_10001@group-DB7CD3B4A7F8, cid=42, seq=0, RW, Message:321f0a0f0a0d74657374...(size=33), reply=RaftClientReply:client-352D35361D97->localhost_10001@group-DB7CD3B4A7F8, cid=42, FAILED org.apache.ratis.protocol.NotLeaderException: Server localhost_10001@group-DB7CD3B4A7F8 is not the leader, logIndex=0, commits[localhost_10001:c-1]
2019-09-26 13:33:06,065 INFO  client.GrpcClientProtocolService (GrpcClientProtocolService.java:lambda$processClientRequest$0(278)) - Failed RaftClientRequest:client-352D35361D97->localhost_10002@group-DB7CD3B4A7F8, cid=42, seq=0, RW, Message:321f0a0f0a0d74657374...(size=33), reply=RaftClientReply:client-352D35361D97->localhost_10002@group-DB7CD3B4A7F8, cid=42, FAILED org.apache.ratis.protocol.NotLeaderException: Server localhost_10002@group-DB7CD3B4A7F8 is not the leader, logIndex=0, commits[localhost_10002:c-1]
2019-09-26 13:33:06,066 INFO  client.GrpcClientProtocolService (GrpcClientProtocolService.java:lambda$processClientRequest$0(278)) - Failed RaftClientRequest:client-352D35361D97->localhost_10000@group-DB7CD3B4A7F8, cid=42, seq=0, RW, Message:321f0a0f0a0d74657374...(size=33), reply=RaftClientReply:client-352D35361D97->localhost_10000@group-DB7CD3B4A7F8, cid=42, FAILED org.apache.ratis.protocol.NotLeaderException: Server localhost_10000@group-DB7CD3B4A7F8 is not the leader, logIndex=0, commits[localhost_10000:c-1]
2019-09-26 13:33:06,068 INFO  client.GrpcClientProtocolService (GrpcClientProtocolService.java:lambda$processClientRequest$0(278)) - Failed RaftClientRequest:client-352D35361D97->localhost_10001@group-DB7CD3B4A7F8, cid=42, seq=0, RW, Message:321f0a0f0a0d74657374...(size=33), reply=RaftClientReply:client-352D35361D97->localhost_10001@group-DB7CD3B4A7F8, cid=42, FAILED org.apache.ratis.protocol.NotLeaderException: Server localhost_10001@group-DB7CD3B4A7F8 is not the leader, logIndex=0, commits[localhost_10001:c-1]
2019-09-26 13:33:06,069 INFO  client.GrpcClientProtocolService (GrpcClientProtocolService.java:lambda$processClientRequest$0(278)) - Failed RaftClientRequest:client-352D35361D97->localhost_10002@group-DB7CD3B4A7F8, cid=42, seq=0, RW, Message:321f0a0f0a0d74657374...(size=33), reply=RaftClientReply:client-352D35361D97->localhost_10002@group-DB7CD3B4A7F8, cid=42, FAILED org.apache.ratis.protocol.NotLeaderException: Server localhost_10002@group-DB7CD3B4A7F8 is not the leader, logIndex=0, commits[localhost_10002:c-1]
2019-09-26 13:33:06,071 INFO  client.GrpcClientProtocolService (GrpcClientProtocolService.java:lambda$processClientRequest$0(278)) - Failed RaftClientRequest:client-352D35361D97->localhost_10001@group-DB7CD3B4A7F8, cid=42, seq=0, RW, Message:321f0a0f0a0d74657374...(size=33), reply=RaftClientReply:client-352D35361D97->localhost_10001@group-DB7CD3B4A7F8, cid=42, FAILED org.apache.ratis.protocol.NotLeaderException: Server localhost_10001@group-DB7CD3B4A7F8 is not the leader, logIndex=0, commits[localhost_10001:c-1]
2019-09-26 13:33:06,072 INFO  client.GrpcClientProtocolService (GrpcClientProtocolService.java:lambda$processClientRequest$0(278)) - Failed RaftClientRequest:client-352D35361D97->localhost_10002@group-DB7CD3B4A7F8, cid=42, seq=0, RW, Message:321f0a0f0a0d74657374...(size=33), reply=RaftClientReply:client-352D35361D97->localhost_10002@group-DB7CD3B4A7F8, cid=42, FAILED org.apache.ratis.protocol.NotLeaderException: Server localhost_10002@group-DB7CD3B4A7F8 is not the leader, logIndex=0, commits[localhost_10002:c-1]
2019-09-26 13:33:06,074 INFO  client.GrpcClientProtocolService (GrpcClientProtocolService.java:lambda$processClientRequest$0(278)) - Failed RaftClientRequest:client-352D35361D97->localhost_10001@group-DB7CD3B4A7F8, cid=42, seq=0, RW, Message:321f0a0f0a0d74657374...(size=33), reply=RaftClientReply:client-352D35361D97->localhost_10001@group-DB7CD3B4A7F8, cid=42, FAILED org.apache.ratis.protocol.NotLeaderException: Server localhost_10001@group-DB7CD3B4A7F8 is not the leader, logIndex=0, commits[localhost_10001:c-1]
2019-09-26 13:33:06,075 INFO  client.GrpcClientProtocolService (GrpcClientProtocolService.java:lambda$processClientRequest$0(278)) - Failed RaftClientRequest:client-352D35361D97->localhost_10000@group-DB7CD3B4A7F8, cid=42, seq=0, RW, Message:321f0a0f0a0d74657374...(size=33), reply=RaftClientReply:client-352D35361D97->localhost_10000@group-DB7CD3B4A7F8, cid=42, FAILED org.apache.ratis.protocol.NotLeaderException: Server localhost_10000@group-DB7CD3B4A7F8 is not the leader, logIndex=0, commits[localhost_10000:c-1]
2019-09-26 13:33:06,076 INFO  client.GrpcClientProtocolService (GrpcClientProtocolService.java:lambda$processClientRequest$0(278)) - Failed RaftClientRequest:client-352D35361D97->localhost_10001@group-DB7CD3B4A7F8, cid=42, seq=0, RW, Message:321f0a0f0a0d74657374...(size=33), reply=RaftClientReply:client-352D35361D97->localhost_10001@group-DB7CD3B4A7F8, cid=42, FAILED org.apache.ratis.protocol.NotLeaderException: Server localhost_10001@group-DB7CD3B4A7F8 is not the leader, logIndex=0, commits[localhost_10001:c-1]
2019-09-26 13:33:06,078 INFO  client.GrpcClientProtocolService (GrpcClientProtocolService.java:lambda$processClientRequest$0(278)) - Failed RaftClientRequest:client-352D35361D97->localhost_10002@group-DB7CD3B4A7F8, cid=42, seq=0, RW, Message:321f0a0f0a0d74657374...(size=33), reply=RaftClientReply:client-352D35361D97->localhost_10002@group-DB7CD3B4A7F8, cid=42, FAILED org.apache.ratis.protocol.NotLeaderException: Server localhost_10002@group-DB7CD3B4A7F8 is not the leader, logIndex=0, commits[localhost_10002:c-1]
2019-09-26 13:33:06,079 INFO  client.GrpcClientProtocolService (GrpcClientProtocolService.java:lambda$processClientRequest$0(278)) - Failed RaftClientRequest:client-352D35361D97->localhost_10000@group-DB7CD3B4A7F8, cid=42, seq=0, RW, Message:321f0a0f0a0d74657374...(size=33), reply=RaftClientReply:client-352D35361D97->localhost_10000@group-DB7CD3B4A7F8, cid=42, FAILED org.apache.ratis.protocol.NotLeaderException: Server localhost_10000@group-DB7CD3B4A7F8 is not the leader, logIndex=0, commits[localhost_10000:c-1]
2019-09-26 13:33:06,081 INFO  client.GrpcClientProtocolService (GrpcClientProtocolService.java:lambda$processClientRequest$0(278)) - Failed RaftClientRequest:client-352D35361D97->localhost_10001@group-DB7CD3B4A7F8, cid=42, seq=0, RW, Message:321f0a0f0a0d74657374...(size=33), reply=RaftClientReply:client-352D35361D97->localhost_10001@group-DB7CD3B4A7F8, cid=42, FAILED org.apache.ratis.protocol.NotLeaderException: Server localhost_10001@group-DB7CD3B4A7F8 is not the leader, logIndex=0, commits[localhost_10001:c-1]
2019-09-26 13:33:06,083 INFO  client.GrpcClientProtocolService (GrpcClientProtocolService.java:lambda$processClientRequest$0(278)) - Failed RaftClientRequest:client-352D35361D97->localhost_10002@group-DB7CD3B4A7F8, cid=42, seq=0, RW, Message:321f0a0f0a0d74657374...(size=33), reply=RaftClientReply:client-352D35361D97->localhost_10002@group-DB7CD3B4A7F8, cid=42, FAILED org.apache.ratis.protocol.NotLeaderException: Server localhost_10002@group-DB7CD3B4A7F8 is not the leader, logIndex=0, commits[localhost_10002:c-1]
2019-09-26 13:33:06,084 INFO  client.GrpcClientProtocolService (GrpcClientProtocolService.java:lambda$processClientRequest$0(278)) - Failed RaftClientRequest:client-352D35361D97->localhost_10000@group-DB7CD3B4A7F8, cid=42, seq=0, RW, Message:321f0a0f0a0d74657374...(size=33), reply=RaftClientReply:client-352D35361D97->localhost_10000@group-DB7CD3B4A7F8, cid=42, FAILED org.apache.ratis.protocol.NotLeaderException: Server localhost_10000@group-DB7CD3B4A7F8 is not the leader, logIndex=0, commits[localhost_10000:c-1]
2019-09-26 13:33:06,086 INFO  client.GrpcClientProtocolService (GrpcClientProtocolService.java:lambda$processClientRequest$0(278)) - Failed RaftClientRequest:client-352D35361D97->localhost_10001@group-DB7CD3B4A7F8, cid=42, seq=0, RW, Message:321f0a0f0a0d74657374...(size=33), reply=RaftClientReply:client-352D35361D97->localhost_10001@group-DB7CD3B4A7F8, cid=42, FAILED org.apache.ratis.protocol.NotLeaderException: Server localhost_10001@group-DB7CD3B4A7F8 is not the leader, logIndex=0, commits[localhost_10001:c-1]
2019-09-26 13:33:06,087 INFO  client.GrpcClientProtocolService (GrpcClientProtocolService.java:lambda$processClientRequest$0(278)) - Failed RaftClientRequest:client-352D35361D97->localhost_10002@group-DB7CD3B4A7F8, cid=42, seq=0, RW, Message:321f0a0f0a0d74657374...(size=33), reply=RaftClientReply:client-352D35361D97->localhost_10002@group-DB7CD3B4A7F8, cid=42, FAILED org.apache.ratis.protocol.NotLeaderException: Server localhost_10002@group-DB7CD3B4A7F8 is not the leader, logIndex=0, commits[localhost_10002:c-1]
2019-09-26 13:33:06,089 INFO  client.GrpcClientProtocolService (GrpcClientProtocolService.java:lambda$processClientRequest$0(278)) - Failed RaftClientRequest:client-352D35361D97->localhost_10001@group-DB7CD3B4A7F8, cid=42, seq=0, RW, Message:321f0a0f0a0d74657374...(size=33), reply=RaftClientReply:client-352D35361D97->localhost_10001@group-DB7CD3B4A7F8, cid=42, FAILED org.apache.ratis.protocol.NotLeaderException: Server localhost_10001@group-DB7CD3B4A7F8 is not the leader, logIndex=0, commits[localhost_10001:c-1]
2019-09-26 13:33:06,090 INFO  client.GrpcClientProtocolService (GrpcClientProtocolService.java:lambda$processClientRequest$0(278)) - Failed RaftClientRequest:client-352D35361D97->localhost_10002@group-DB7CD3B4A7F8, cid=42, seq=0, RW, Message:321f0a0f0a0d74657374...(size=33), reply=RaftClientReply:client-352D35361D97->localhost_10002@group-DB7CD3B4A7F8, cid=42, FAILED org.apache.ratis.protocol.NotLeaderException: Server localhost_10002@group-DB7CD3B4A7F8 is not the leader, logIndex=0, commits[localhost_10002:c-1]
2019-09-26 13:33:06,092 INFO  client.GrpcClientProtocolService (GrpcClientProtocolService.java:lambda$processClientRequest$0(278)) - Failed RaftClientRequest:client-352D35361D97->localhost_10000@group-DB7CD3B4A7F8, cid=42, seq=0, RW, Message:321f0a0f0a0d74657374...(size=33), reply=RaftClientReply:client-352D35361D97->localhost_10000@group-DB7CD3B4A7F8, cid=42, FAILED org.apache.ratis.protocol.NotLeaderException: Server localhost_10000@group-DB7CD3B4A7F8 is not the leader, logIndex=0, commits[localhost_10000:c-1]
2019-09-26 13:33:06,093 INFO  client.GrpcClientProtocolService (GrpcClientProtocolService.java:lambda$processClientRequest$0(278)) - Failed RaftClientRequest:client-352D35361D97->localhost_10002@group-DB7CD3B4A7F8, cid=42, seq=0, RW, Message:321f0a0f0a0d74657374...(size=33), reply=RaftClientReply:client-352D35361D97->localhost_10002@group-DB7CD3B4A7F8, cid=42, FAILED org.apache.ratis.protocol.NotLeaderException: Server localhost_10002@group-DB7CD3B4A7F8 is not the leader, logIndex=0, commits[localhost_10002:c-1]
2019-09-26 13:33:06,095 INFO  client.GrpcClientProtocolService (GrpcClientProtocolService.java:lambda$processClientRequest$0(278)) - Failed RaftClientRequest:client-352D35361D97->localhost_10001@group-DB7CD3B4A7F8, cid=42, seq=0, RW, Message:321f0a0f0a0d74657374...(size=33), reply=RaftClientReply:client-352D35361D97->localhost_10001@group-DB7CD3B4A7F8, cid=42, FAILED org.apache.ratis.protocol.NotLeaderException: Server localhost_10001@group-DB7CD3B4A7F8 is not the leader, logIndex=0, commits[localhost_10001:c-1]
2019-09-26 13:33:06,096 INFO  client.GrpcClientProtocolService (GrpcClientProtocolService.java:lambda$processClientRequest$0(278)) - Failed RaftClientRequest:client-352D35361D97->localhost_10002@group-DB7CD3B4A7F8, cid=42, seq=0, RW, Message:321f0a0f0a0d74657374...(size=33), reply=RaftClientReply:client-352D35361D97->localhost_10002@group-DB7CD3B4A7F8, cid=42, FAILED org.apache.ratis.protocol.NotLeaderException: Server localhost_10002@group-DB7CD3B4A7F8 is not the leader, logIndex=0, commits[localhost_10002:c-1]
2019-09-26 13:33:06,097 INFO  client.GrpcClientProtocolService (GrpcClientProtocolService.java:lambda$processClientRequest$0(278)) - Failed RaftClientRequest:client-352D35361D97->localhost_10000@group-DB7CD3B4A7F8, cid=42, seq=0, RW, Message:321f0a0f0a0d74657374...(size=33), reply=RaftClientReply:client-352D35361D97->localhost_10000@group-DB7CD3B4A7F8, cid=42, FAILED org.apache.ratis.protocol.NotLeaderException: Server localhost_10000@group-DB7CD3B4A7F8 is not the leader, logIndex=0, commits[localhost_10000:c-1]
2019-09-26 13:33:06,099 INFO  client.GrpcClientProtocolService (GrpcClientProtocolService.java:lambda$processClientRequest$0(278)) - Failed RaftClientRequest:client-352D35361D97->localhost_10002@group-DB7CD3B4A7F8, cid=42, seq=0, RW, Message:321f0a0f0a0d74657374...(size=33), reply=RaftClientReply:client-352D35361D97->localhost_10002@group-DB7CD3B4A7F8, cid=42, FAILED org.apache.ratis.protocol.NotLeaderException: Server localhost_10002@group-DB7CD3B4A7F8 is not the leader, logIndex=0, commits[localhost_10002:c-1]
2019-09-26 13:33:06,100 INFO  client.GrpcClientProtocolService (GrpcClientProtocolService.java:lambda$processClientRequest$0(278)) - Failed RaftClientRequest:client-352D35361D97->localhost_10001@group-DB7CD3B4A7F8, cid=42, seq=0, RW, Message:321f0a0f0a0d74657374...(size=33), reply=RaftClientReply:client-352D35361D97->localhost_10001@group-DB7CD3B4A7F8, cid=42, FAILED org.apache.ratis.protocol.NotLeaderException: Server localhost_10001@group-DB7CD3B4A7F8 is not the leader, logIndex=0, commits[localhost_10001:c-1]
2019-09-26 13:33:06,102 INFO  client.GrpcClientProtocolService (GrpcClientProtocolService.java:lambda$processClientRequest$0(278)) - Failed RaftClientRequest:client-352D35361D97->localhost_10002@group-DB7CD3B4A7F8, cid=42, seq=0, RW, Message:321f0a0f0a0d74657374...(size=33), reply=RaftClientReply:client-352D35361D97->localhost_10002@group-DB7CD3B4A7F8, cid=42, FAILED org.apache.ratis.protocol.NotLeaderException: Server localhost_10002@group-DB7CD3B4A7F8 is not the leader, logIndex=0, commits[localhost_10002:c-1]
2019-09-26 13:33:06,103 INFO  client.GrpcClientProtocolService (GrpcClientProtocolService.java:lambda$processClientRequest$0(278)) - Failed RaftClientRequest:client-352D35361D97->localhost_10000@group-DB7CD3B4A7F8, cid=42, seq=0, RW, Message:321f0a0f0a0d74657374...(size=33), reply=RaftClientReply:client-352D35361D97->localhost_10000@group-DB7CD3B4A7F8, cid=42, FAILED org.apache.ratis.protocol.NotLeaderException: Server localhost_10000@group-DB7CD3B4A7F8 is not the leader, logIndex=0, commits[localhost_10000:c-1]
2019-09-26 13:33:06,104 INFO  client.GrpcClientProtocolService (GrpcClientProtocolService.java:lambda$processClientRequest$0(278)) - Failed RaftClientRequest:client-352D35361D97->localhost_10002@group-DB7CD3B4A7F8, cid=42, seq=0, RW, Message:321f0a0f0a0d74657374...(size=33), reply=RaftClientReply:client-352D35361D97->localhost_10002@group-DB7CD3B4A7F8, cid=42, FAILED org.apache.ratis.protocol.NotLeaderException: Server localhost_10002@group-DB7CD3B4A7F8 is not the leader, logIndex=0, commits[localhost_10002:c-1]
2019-09-26 13:33:06,106 INFO  client.GrpcClientProtocolService (GrpcClientProtocolService.java:lambda$processClientRequest$0(278)) - Failed RaftClientRequest:client-352D35361D97->localhost_10001@group-DB7CD3B4A7F8, cid=42, seq=0, RW, Message:321f0a0f0a0d74657374...(size=33), reply=RaftClientReply:client-352D35361D97->localhost_10001@group-DB7CD3B4A7F8, cid=42, FAILED org.apache.ratis.protocol.NotLeaderException: Server localhost_10001@group-DB7CD3B4A7F8 is not the leader, logIndex=0, commits[localhost_10001:c-1]
2019-09-26 13:33:06,107 INFO  client.GrpcClientProtocolService (GrpcClientProtocolService.java:lambda$processClientRequest$0(278)) - Failed RaftClientRequest:client-352D35361D97->localhost_10002@group-DB7CD3B4A7F8, cid=42, seq=0, RW, Message:321f0a0f0a0d74657374...(size=33), reply=RaftClientReply:client-352D35361D97->localhost_10002@group-DB7CD3B4A7F8, cid=42, FAILED org.apache.ratis.protocol.NotLeaderException: Server localhost_10002@group-DB7CD3B4A7F8 is not the leader, logIndex=0, commits[localhost_10002:c-1]
2019-09-26 13:33:06,109 INFO  client.GrpcClientProtocolService (GrpcClientProtocolService.java:lambda$processClientRequest$0(278)) - Failed RaftClientRequest:client-352D35361D97->localhost_10001@group-DB7CD3B4A7F8, cid=42, seq=0, RW, Message:321f0a0f0a0d74657374...(size=33), reply=RaftClientReply:client-352D35361D97->localhost_10001@group-DB7CD3B4A7F8, cid=42, FAILED org.apache.ratis.protocol.NotLeaderException: Server localhost_10001@group-DB7CD3B4A7F8 is not the leader, logIndex=0, commits[localhost_10001:c-1]
2019-09-26 13:33:06,110 INFO  client.GrpcClientProtocolService (GrpcClientProtocolService.java:lambda$processClientRequest$0(278)) - Failed RaftClientRequest:client-352D35361D97->localhost_10000@group-DB7CD3B4A7F8, cid=42, seq=0, RW, Message:321f0a0f0a0d74657374...(size=33), reply=RaftClientReply:client-352D35361D97->localhost_10000@group-DB7CD3B4A7F8, cid=42, FAILED org.apache.ratis.protocol.NotLeaderException: Server localhost_10000@group-DB7CD3B4A7F8 is not the leader, logIndex=0, commits[localhost_10000:c-1]
2019-09-26 13:33:06,111 INFO  client.GrpcClientProtocolService (GrpcClientProtocolService.java:lambda$processClientRequest$0(278)) - Failed RaftClientRequest:client-352D35361D97->localhost_10002@group-DB7CD3B4A7F8, cid=42, seq=0, RW, Message:321f0a0f0a0d74657374...(size=33), reply=RaftClientReply:client-352D35361D97->localhost_10002@group-DB7CD3B4A7F8, cid=42, FAILED org.apache.ratis.protocol.NotLeaderException: Server localhost_10002@group-DB7CD3B4A7F8 is not the leader, logIndex=0, commits[localhost_10002:c-1]
2019-09-26 13:33:06,113 INFO  client.GrpcClientProtocolService (GrpcClientProtocolService.java:lambda$processClientRequest$0(278)) - Failed RaftClientRequest:client-352D35361D97->localhost_10001@group-DB7CD3B4A7F8, cid=42, seq=0, RW, Message:321f0a0f0a0d74657374...(size=33), reply=RaftClientReply:client-352D35361D97->localhost_10001@group-DB7CD3B4A7F8, cid=42, FAILED org.apache.ratis.protocol.NotLeaderException: Server localhost_10001@group-DB7CD3B4A7F8 is not the leader, logIndex=0, commits[localhost_10001:c-1]
2019-09-26 13:33:06,114 INFO  client.GrpcClientProtocolService (GrpcClientProtocolService.java:lambda$processClientRequest$0(278)) - Failed RaftClientRequest:client-352D35361D97->localhost_10002@group-DB7CD3B4A7F8, cid=42, seq=0, RW, Message:321f0a0f0a0d74657374...(size=33), reply=RaftClientReply:client-352D35361D97->localhost_10002@group-DB7CD3B4A7F8, cid=42, FAILED org.apache.ratis.protocol.NotLeaderException: Server localhost_10002@group-DB7CD3B4A7F8 is not the leader, logIndex=0, commits[localhost_10002:c-1]
2019-09-26 13:33:06,115 INFO  client.GrpcClientProtocolService (GrpcClientProtocolService.java:lambda$processClientRequest$0(278)) - Failed RaftClientRequest:client-352D35361D97->localhost_10001@group-DB7CD3B4A7F8, cid=42, seq=0, RW, Message:321f0a0f0a0d74657374...(size=33), reply=RaftClientReply:client-352D35361D97->localhost_10001@group-DB7CD3B4A7F8, cid=42, FAILED org.apache.ratis.protocol.NotLeaderException: Server localhost_10001@group-DB7CD3B4A7F8 is not the leader, logIndex=0, commits[localhost_10001:c-1]
2019-09-26 13:33:06,117 INFO  client.GrpcClientProtocolService (GrpcClientProtocolService.java:lambda$processClientRequest$0(278)) - Failed RaftClientRequest:client-352D35361D97->localhost_10000@group-DB7CD3B4A7F8, cid=42, seq=0, RW, Message:321f0a0f0a0d74657374...(size=33), reply=RaftClientReply:client-352D35361D97->localhost_10000@group-DB7CD3B4A7F8, cid=42, FAILED org.apache.ratis.protocol.NotLeaderException: Server localhost_10000@group-DB7CD3B4A7F8 is not the leader, logIndex=0, commits[localhost_10000:c-1]
2019-09-26 13:33:06,118 INFO  client.GrpcClientProtocolService (GrpcClientProtocolService.java:lambda$processClientRequest$0(278)) - Failed RaftClientRequest:client-352D35361D97->localhost_10002@group-DB7CD3B4A7F8, cid=42, seq=0, RW, Message:321f0a0f0a0d74657374...(size=33), reply=RaftClientReply:client-352D35361D97->localhost_10002@group-DB7CD3B4A7F8, cid=42, FAILED org.apache.ratis.protocol.NotLeaderException: Server localhost_10002@group-DB7CD3B4A7F8 is not the leader, logIndex=0, commits[localhost_10002:c-1]
2019-09-26 13:33:06,120 INFO  client.GrpcClientProtocolService (GrpcClientProtocolService.java:lambda$processClientRequest$0(278)) - Failed RaftClientRequest:client-352D35361D97->localhost_10000@group-DB7CD3B4A7F8, cid=42, seq=0, RW, Message:321f0a0f0a0d74657374...(size=33), reply=RaftClientReply:client-352D35361D97->localhost_10000@group-DB7CD3B4A7F8, cid=42, FAILED org.apache.ratis.protocol.NotLeaderException: Server localhost_10000@group-DB7CD3B4A7F8 is not the leader, logIndex=0, commits[localhost_10000:c-1]
2019-09-26 13:33:06,121 INFO  client.GrpcClientProtocolService (GrpcClientProtocolService.java:lambda$processClientRequest$0(278)) - Failed RaftClientRequest:client-352D35361D97->localhost_10002@group-DB7CD3B4A7F8, cid=42, seq=0, RW, Message:321f0a0f0a0d74657374...(size=33), reply=RaftClientReply:client-352D35361D97->localhost_10002@group-DB7CD3B4A7F8, cid=42, FAILED org.apache.ratis.protocol.NotLeaderException: Server localhost_10002@group-DB7CD3B4A7F8 is not the leader, logIndex=0, commits[localhost_10002:c-1]
2019-09-26 13:33:06,123 INFO  client.GrpcClientProtocolService (GrpcClientProtocolService.java:lambda$processClientRequest$0(278)) - Failed RaftClientRequest:client-352D35361D97->localhost_10001@group-DB7CD3B4A7F8, cid=42, seq=0, RW, Message:321f0a0f0a0d74657374...(size=33), reply=RaftClientReply:client-352D35361D97->localhost_10001@group-DB7CD3B4A7F8, cid=42, FAILED org.apache.ratis.protocol.NotLeaderException: Server localhost_10001@group-DB7CD3B4A7F8 is not the leader, logIndex=0, commits[localhost_10001:c-1]
2019-09-26 13:33:06,124 INFO  client.GrpcClientProtocolService (GrpcClientProtocolService.java:lambda$processClientRequest$0(278)) - Failed RaftClientRequest:client-352D35361D97->localhost_10002@group-DB7CD3B4A7F8, cid=42, seq=0, RW, Message:321f0a0f0a0d74657374...(size=33), reply=RaftClientReply:client-352D35361D97->localhost_10002@group-DB7CD3B4A7F8, cid=42, FAILED org.apache.ratis.protocol.NotLeaderException: Server localhost_10002@group-DB7CD3B4A7F8 is not the leader, logIndex=0, commits[localhost_10002:c-1]
2019-09-26 13:33:06,125 INFO  client.GrpcClientProtocolService (GrpcClientProtocolService.java:lambda$processClientRequest$0(278)) - Failed RaftClientRequest:client-352D35361D97->localhost_10001@group-DB7CD3B4A7F8, cid=42, seq=0, RW, Message:321f0a0f0a0d74657374...(size=33), reply=RaftClientReply:client-352D35361D97->localhost_10001@group-DB7CD3B4A7F8, cid=42, FAILED org.apache.ratis.protocol.NotLeaderException: Server localhost_10001@group-DB7CD3B4A7F8 is not the leader, logIndex=0, commits[localhost_10001:c-1]
2019-09-26 13:33:06,127 INFO  client.GrpcClientProtocolService (GrpcClientProtocolService.java:lambda$processClientRequest$0(278)) - Failed RaftClientRequest:client-352D35361D97->localhost_10002@group-DB7CD3B4A7F8, cid=42, seq=0, RW, Message:321f0a0f0a0d74657374...(size=33), reply=RaftClientReply:client-352D35361D97->localhost_10002@group-DB7CD3B4A7F8, cid=42, FAILED org.apache.ratis.protocol.NotLeaderException: Server localhost_10002@group-DB7CD3B4A7F8 is not the leader, logIndex=0, commits[localhost_10002:c-1]
2019-09-26 13:33:06,128 INFO  client.GrpcClientProtocolService (GrpcClientProtocolService.java:lambda$processClientRequest$0(278)) - Failed RaftClientRequest:client-352D35361D97->localhost_10001@group-DB7CD3B4A7F8, cid=42, seq=0, RW, Message:321f0a0f0a0d74657374...(size=33), reply=RaftClientReply:client-352D35361D97->localhost_10001@group-DB7CD3B4A7F8, cid=42, FAILED org.apache.ratis.protocol.NotLeaderException: Server localhost_10001@group-DB7CD3B4A7F8 is not the leader, logIndex=0, commits[localhost_10001:c-1]
2019-09-26 13:33:06,130 INFO  client.GrpcClientProtocolService (GrpcClientProtocolService.java:lambda$processClientRequest$0(278)) - Failed RaftClientRequest:client-352D35361D97->localhost_10002@group-DB7CD3B4A7F8, cid=42, seq=0, RW, Message:321f0a0f0a0d74657374...(size=33), reply=RaftClientReply:client-352D35361D97->localhost_10002@group-DB7CD3B4A7F8, cid=42, FAILED org.apache.ratis.protocol.NotLeaderException: Server localhost_10002@group-DB7CD3B4A7F8 is not the leader, logIndex=0, commits[localhost_10002:c-1]
2019-09-26 13:33:06,131 INFO  client.GrpcClientProtocolService (GrpcClientProtocolService.java:lambda$processClientRequest$0(278)) - Failed RaftClientRequest:client-352D35361D97->localhost_10001@group-DB7CD3B4A7F8, cid=42, seq=0, RW, Message:321f0a0f0a0d74657374...(size=33), reply=RaftClientReply:client-352D35361D97->localhost_10001@group-DB7CD3B4A7F8, cid=42, FAILED org.apache.ratis.protocol.NotLeaderException: Server localhost_10001@group-DB7CD3B4A7F8 is not the leader, logIndex=0, commits[localhost_10001:c-1]
2019-09-26 13:33:06,133 INFO  client.GrpcClientProtocolService (GrpcClientProtocolService.java:lambda$processClientRequest$0(278)) - Failed RaftClientRequest:client-352D35361D97->localhost_10000@group-DB7CD3B4A7F8, cid=42, seq=0, RW, Message:321f0a0f0a0d74657374...(size=33), reply=RaftClientReply:client-352D35361D97->localhost_10000@group-DB7CD3B4A7F8, cid=42, FAILED org.apache.ratis.protocol.NotLeaderException: Server localhost_10000@group-DB7CD3B4A7F8 is not the leader, logIndex=0, commits[localhost_10000:c-1]
2019-09-26 13:33:06,134 INFO  client.GrpcClientProtocolService (GrpcClientProtocolService.java:lambda$processClientRequest$0(278)) - Failed RaftClientRequest:client-352D35361D97->localhost_10001@group-DB7CD3B4A7F8, cid=42, seq=0, RW, Message:321f0a0f0a0d74657374...(size=33), reply=RaftClientReply:client-352D35361D97->localhost_10001@group-DB7CD3B4A7F8, cid=42, FAILED org.apache.ratis.protocol.NotLeaderException: Server localhost_10001@group-DB7CD3B4A7F8 is not the leader, logIndex=0, commits[localhost_10001:c-1]
2019-09-26 13:33:06,136 INFO  client.GrpcClientProtocolService (GrpcClientProtocolService.java:lambda$processClientRequest$0(278)) - Failed RaftClientRequest:client-352D35361D97->localhost_10002@group-DB7CD3B4A7F8, cid=42, seq=0, RW, Message:321f0a0f0a0d74657374...(size=33), reply=RaftClientReply:client-352D35361D97->localhost_10002@group-DB7CD3B4A7F8, cid=42, FAILED org.apache.ratis.protocol.NotLeaderException: Server localhost_10002@group-DB7CD3B4A7F8 is not the leader, logIndex=0, commits[localhost_10002:c-1]
2019-09-26 13:33:06,137 INFO  client.GrpcClientProtocolService (GrpcClientProtocolService.java:lambda$processClientRequest$0(278)) - Failed RaftClientRequest:client-352D35361D97->localhost_10000@group-DB7CD3B4A7F8, cid=42, seq=0, RW, Message:321f0a0f0a0d74657374...(size=33), reply=RaftClientReply:client-352D35361D97->localhost_10000@group-DB7CD3B4A7F8, cid=42, FAILED org.apache.ratis.protocol.NotLeaderException: Server localhost_10000@group-DB7CD3B4A7F8 is not the leader, logIndex=0, commits[localhost_10000:c-1]
2019-09-26 13:33:06,139 INFO  client.GrpcClientProtocolService (GrpcClientProtocolService.java:lambda$processClientRequest$0(278)) - Failed RaftClientRequest:client-352D35361D97->localhost_10002@group-DB7CD3B4A7F8, cid=42, seq=0, RW, Message:321f0a0f0a0d74657374...(size=33), reply=RaftClientReply:client-352D35361D97->localhost_10002@group-DB7CD3B4A7F8, cid=42, FAILED org.apache.ratis.protocol.NotLeaderException: Server localhost_10002@group-DB7CD3B4A7F8 is not the leader, logIndex=0, commits[localhost_10002:c-1]
2019-09-26 13:33:06,141 INFO  client.GrpcClientProtocolService (GrpcClientProtocolService.java:lambda$processClientRequest$0(278)) - Failed RaftClientRequest:client-352D35361D97->localhost_10001@group-DB7CD3B4A7F8, cid=42, seq=0, RW, Message:321f0a0f0a0d74657374...(size=33), reply=RaftClientReply:client-352D35361D97->localhost_10001@group-DB7CD3B4A7F8, cid=42, FAILED org.apache.ratis.protocol.NotLeaderException: Server localhost_10001@group-DB7CD3B4A7F8 is not the leader, logIndex=0, commits[localhost_10001:c-1]
2019-09-26 13:33:06,142 INFO  client.GrpcClientProtocolService (GrpcClientProtocolService.java:lambda$processClientRequest$0(278)) - Failed RaftClientRequest:client-352D35361D97->localhost_10002@group-DB7CD3B4A7F8, cid=42, seq=0, RW, Message:321f0a0f0a0d74657374...(size=33), reply=RaftClientReply:client-352D35361D97->localhost_10002@group-DB7CD3B4A7F8, cid=42, FAILED org.apache.ratis.protocol.NotLeaderException: Server localhost_10002@group-DB7CD3B4A7F8 is not the leader, logIndex=0, commits[localhost_10002:c-1]
2019-09-26 13:33:06,144 INFO  client.GrpcClientProtocolService (GrpcClientProtocolService.java:lambda$processClientRequest$0(278)) - Failed RaftClientRequest:client-352D35361D97->localhost_10000@group-DB7CD3B4A7F8, cid=42, seq=0, RW, Message:321f0a0f0a0d74657374...(size=33), reply=RaftClientReply:client-352D35361D97->localhost_10000@group-DB7CD3B4A7F8, cid=42, FAILED org.apache.ratis.protocol.NotLeaderException: Server localhost_10000@group-DB7CD3B4A7F8 is not the leader, logIndex=0, commits[localhost_10000:c-1]
2019-09-26 13:33:06,145 INFO  client.GrpcClientProtocolService (GrpcClientProtocolService.java:lambda$processClientRequest$0(278)) - Failed RaftClientRequest:client-352D35361D97->localhost_10002@group-DB7CD3B4A7F8, cid=42, seq=0, RW, Message:321f0a0f0a0d74657374...(size=33), reply=RaftClientReply:client-352D35361D97->localhost_10002@group-DB7CD3B4A7F8, cid=42, FAILED org.apache.ratis.protocol.NotLeaderException: Server localhost_10002@group-DB7CD3B4A7F8 is not the leader, logIndex=0, commits[localhost_10002:c-1]
2019-09-26 13:33:06,147 INFO  client.GrpcClientProtocolService (GrpcClientProtocolService.java:lambda$processClientRequest$0(278)) - Failed RaftClientRequest:client-352D35361D97->localhost_10001@group-DB7CD3B4A7F8, cid=42, seq=0, RW, Message:321f0a0f0a0d74657374...(size=33), reply=RaftClientReply:client-352D35361D97->localhost_10001@group-DB7CD3B4A7F8, cid=42, FAILED org.apache.ratis.protocol.NotLeaderException: Server localhost_10001@group-DB7CD3B4A7F8 is not the leader, logIndex=0, commits[localhost_10001:c-1]
2019-09-26 13:33:06,148 INFO  client.GrpcClientProtocolService (GrpcClientProtocolService.java:lambda$processClientRequest$0(278)) - Failed RaftClientRequest:client-352D35361D97->localhost_10000@group-DB7CD3B4A7F8, cid=42, seq=0, RW, Message:321f0a0f0a0d74657374...(size=33), reply=RaftClientReply:client-352D35361D97->localhost_10000@group-DB7CD3B4A7F8, cid=42, FAILED org.apache.ratis.protocol.NotLeaderException: Server localhost_10000@group-DB7CD3B4A7F8 is not the leader, logIndex=0, commits[localhost_10000:c-1]
2019-09-26 13:33:06,150 INFO  client.GrpcClientProtocolService (GrpcClientProtocolService.java:lambda$processClientRequest$0(278)) - Failed RaftClientRequest:client-352D35361D97->localhost_10002@group-DB7CD3B4A7F8, cid=42, seq=0, RW, Message:321f0a0f0a0d74657374...(size=33), reply=RaftClientReply:client-352D35361D97->localhost_10002@group-DB7CD3B4A7F8, cid=42, FAILED org.apache.ratis.protocol.NotLeaderException: Server localhost_10002@group-DB7CD3B4A7F8 is not the leader, logIndex=0, commits[localhost_10002:c-1]
2019-09-26 13:33:06,151 INFO  client.GrpcClientProtocolService (GrpcClientProtocolService.java:lambda$processClientRequest$0(278)) - Failed RaftClientRequest:client-352D35361D97->localhost_10001@group-DB7CD3B4A7F8, cid=42, seq=0, RW, Message:321f0a0f0a0d74657374...(size=33), reply=RaftClientReply:client-352D35361D97->localhost_10001@group-DB7CD3B4A7F8, cid=42, FAILED org.apache.ratis.protocol.NotLeaderException: Server localhost_10001@group-DB7CD3B4A7F8 is not the leader, logIndex=0, commits[localhost_10001:c-1]
2019-09-26 13:33:06,153 INFO  client.GrpcClientProtocolService (GrpcClientProtocolService.java:lambda$processClientRequest$0(278)) - Failed RaftClientRequest:client-352D35361D97->localhost_10000@group-DB7CD3B4A7F8, cid=42, seq=0, RW, Message:321f0a0f0a0d74657374...(size=33), reply=RaftClientReply:client-352D35361D97->localhost_10000@group-DB7CD3B4A7F8, cid=42, FAILED org.apache.ratis.protocol.NotLeaderException: Server localhost_10000@group-DB7CD3B4A7F8 is not the leader, logIndex=0, commits[localhost_10000:c-1]
2019-09-26 13:33:06,155 INFO  client.GrpcClientProtocolService (GrpcClientProtocolService.java:lambda$processClientRequest$0(278)) - Failed RaftClientRequest:client-352D35361D97->localhost_10002@group-DB7CD3B4A7F8, cid=42, seq=0, RW, Message:321f0a0f0a0d74657374...(size=33), reply=RaftClientReply:client-352D35361D97->localhost_10002@group-DB7CD3B4A7F8, cid=42, FAILED org.apache.ratis.protocol.NotLeaderException: Server localhost_10002@group-DB7CD3B4A7F8 is not the leader, logIndex=0, commits[localhost_10002:c-1]
2019-09-26 13:33:06,156 INFO  client.GrpcClientProtocolService (GrpcClientProtocolService.java:lambda$processClientRequest$0(278)) - Failed RaftClientRequest:client-352D35361D97->localhost_10001@group-DB7CD3B4A7F8, cid=42, seq=0, RW, Message:321f0a0f0a0d74657374...(size=33), reply=RaftClientReply:client-352D35361D97->localhost_10001@group-DB7CD3B4A7F8, cid=42, FAILED org.apache.ratis.protocol.NotLeaderException: Server localhost_10001@group-DB7CD3B4A7F8 is not the leader, logIndex=0, commits[localhost_10001:c-1]
2019-09-26 13:33:06,158 INFO  client.GrpcClientProtocolService (GrpcClientProtocolService.java:lambda$processClientRequest$0(278)) - Failed RaftClientRequest:client-352D35361D97->localhost_10000@group-DB7CD3B4A7F8, cid=42, seq=0, RW, Message:321f0a0f0a0d74657374...(size=33), reply=RaftClientReply:client-352D35361D97->localhost_10000@group-DB7CD3B4A7F8, cid=42, FAILED org.apache.ratis.protocol.NotLeaderException: Server localhost_10000@group-DB7CD3B4A7F8 is not the leader, logIndex=0, commits[localhost_10000:c-1]
2019-09-26 13:33:06,159 INFO  client.GrpcClientProtocolService (GrpcClientProtocolService.java:lambda$processClientRequest$0(278)) - Failed RaftClientRequest:client-352D35361D97->localhost_10002@group-DB7CD3B4A7F8, cid=42, seq=0, RW, Message:321f0a0f0a0d74657374...(size=33), reply=RaftClientReply:client-352D35361D97->localhost_10002@group-DB7CD3B4A7F8, cid=42, FAILED org.apache.ratis.protocol.NotLeaderException: Server localhost_10002@group-DB7CD3B4A7F8 is not the leader, logIndex=0, commits[localhost_10002:c-1]
2019-09-26 13:33:06,161 INFO  client.GrpcClientProtocolService (GrpcClientProtocolService.java:lambda$processClientRequest$0(278)) - Failed RaftClientRequest:client-352D35361D97->localhost_10001@group-DB7CD3B4A7F8, cid=42, seq=0, RW, Message:321f0a0f0a0d74657374...(size=33), reply=RaftClientReply:client-352D35361D97->localhost_10001@group-DB7CD3B4A7F8, cid=42, FAILED org.apache.ratis.protocol.NotLeaderException: Server localhost_10001@group-DB7CD3B4A7F8 is not the leader, logIndex=0, commits[localhost_10001:c-1]
2019-09-26 13:33:06,162 INFO  client.GrpcClientProtocolService (GrpcClientProtocolService.java:lambda$processClientRequest$0(278)) - Failed RaftClientRequest:client-352D35361D97->localhost_10000@group-DB7CD3B4A7F8, cid=42, seq=0, RW, Message:321f0a0f0a0d74657374...(size=33), reply=RaftClientReply:client-352D35361D97->localhost_10000@group-DB7CD3B4A7F8, cid=42, FAILED org.apache.ratis.protocol.NotLeaderException: Server localhost_10000@group-DB7CD3B4A7F8 is not the leader, logIndex=0, commits[localhost_10000:c-1]
2019-09-26 13:33:06,164 INFO  client.GrpcClientProtocolService (GrpcClientProtocolService.java:lambda$processClientRequest$0(278)) - Failed RaftClientRequest:client-352D35361D97->localhost_10001@group-DB7CD3B4A7F8, cid=42, seq=0, RW, Message:321f0a0f0a0d74657374...(size=33), reply=RaftClientReply:client-352D35361D97->localhost_10001@group-DB7CD3B4A7F8, cid=42, FAILED org.apache.ratis.protocol.NotLeaderException: Server localhost_10001@group-DB7CD3B4A7F8 is not the leader, logIndex=0, commits[localhost_10001:c-1]
2019-09-26 13:33:06,165 INFO  client.GrpcClientProtocolService (GrpcClientProtocolService.java:lambda$processClientRequest$0(278)) - Failed RaftClientRequest:client-352D35361D97->localhost_10000@group-DB7CD3B4A7F8, cid=42, seq=0, RW, Message:321f0a0f0a0d74657374...(size=33), reply=RaftClientReply:client-352D35361D97->localhost_10000@group-DB7CD3B4A7F8, cid=42, FAILED org.apache.ratis.protocol.NotLeaderException: Server localhost_10000@group-DB7CD3B4A7F8 is not the leader, logIndex=0, commits[localhost_10000:c-1]
2019-09-26 13:33:06,166 INFO  client.GrpcClientProtocolService (GrpcClientProtocolService.java:lambda$processClientRequest$0(278)) - Failed RaftClientRequest:client-352D35361D97->localhost_10002@group-DB7CD3B4A7F8, cid=42, seq=0, RW, Message:321f0a0f0a0d74657374...(size=33), reply=RaftClientReply:client-352D35361D97->localhost_10002@group-DB7CD3B4A7F8, cid=42, FAILED org.apache.ratis.protocol.NotLeaderException: Server localhost_10002@group-DB7CD3B4A7F8 is not the leader, logIndex=0, commits[localhost_10002:c-1]
2019-09-26 13:33:06,168 INFO  client.GrpcClientProtocolService (GrpcClientProtocolService.java:lambda$processClientRequest$0(278)) - Failed RaftClientRequest:client-352D35361D97->localhost_10001@group-DB7CD3B4A7F8, cid=42, seq=0, RW, Message:321f0a0f0a0d74657374...(size=33), reply=RaftClientReply:client-352D35361D97->localhost_10001@group-DB7CD3B4A7F8, cid=42, FAILED org.apache.ratis.protocol.NotLeaderException: Server localhost_10001@group-DB7CD3B4A7F8 is not the leader, logIndex=0, commits[localhost_10001:c-1]
2019-09-26 13:33:06,169 INFO  client.GrpcClientProtocolService (GrpcClientProtocolService.java:lambda$processClientRequest$0(278)) - Failed RaftClientRequest:client-352D35361D97->localhost_10002@group-DB7CD3B4A7F8, cid=42, seq=0, RW, Message:321f0a0f0a0d74657374...(size=33), reply=RaftClientReply:client-352D35361D97->localhost_10002@group-DB7CD3B4A7F8, cid=42, FAILED org.apache.ratis.protocol.NotLeaderException: Server localhost_10002@group-DB7CD3B4A7F8 is not the leader, logIndex=0, commits[localhost_10002:c-1]
2019-09-26 13:33:06,171 INFO  client.GrpcClientProtocolService (GrpcClientProtocolService.java:lambda$processClientRequest$0(278)) - Failed RaftClientRequest:client-352D35361D97->localhost_10000@group-DB7CD3B4A7F8, cid=42, seq=0, RW, Message:321f0a0f0a0d74657374...(size=33), reply=RaftClientReply:client-352D35361D97->localhost_10000@group-DB7CD3B4A7F8, cid=42, FAILED org.apache.ratis.protocol.NotLeaderException: Server localhost_10000@group-DB7CD3B4A7F8 is not the leader, logIndex=0, commits[localhost_10000:c-1]
2019-09-26 13:33:06,172 INFO  client.GrpcClientProtocolService (GrpcClientProtocolService.java:lambda$processClientRequest$0(278)) - Failed RaftClientRequest:client-352D35361D97->localhost_10001@group-DB7CD3B4A7F8, cid=42, seq=0, RW, Message:321f0a0f0a0d74657374...(size=33), reply=RaftClientReply:client-352D35361D97->localhost_10001@group-DB7CD3B4A7F8, cid=42, FAILED org.apache.ratis.protocol.NotLeaderException: Server localhost_10001@group-DB7CD3B4A7F8 is not the leader, logIndex=0, commits[localhost_10001:c-1]
2019-09-26 13:33:06,173 INFO  client.GrpcClientProtocolService (GrpcClientProtocolService.java:lambda$processClientRequest$0(278)) - Failed RaftClientRequest:client-352D35361D97->localhost_10000@group-DB7CD3B4A7F8, cid=42, seq=0, RW, Message:321f0a0f0a0d74657374...(size=33), reply=RaftClientReply:client-352D35361D97->localhost_10000@group-DB7CD3B4A7F8, cid=42, FAILED org.apache.ratis.protocol.NotLeaderException: Server localhost_10000@group-DB7CD3B4A7F8 is not the leader, logIndex=0, commits[localhost_10000:c-1]
2019-09-26 13:33:06,175 INFO  client.GrpcClientProtocolService (GrpcClientProtocolService.java:lambda$processClientRequest$0(278)) - Failed RaftClientRequest:client-352D35361D97->localhost_10002@group-DB7CD3B4A7F8, cid=42, seq=0, RW, Message:321f0a0f0a0d74657374...(size=33), reply=RaftClientReply:client-352D35361D97->localhost_10002@group-DB7CD3B4A7F8, cid=42, FAILED org.apache.ratis.protocol.NotLeaderException: Server localhost_10002@group-DB7CD3B4A7F8 is not the leader, logIndex=0, commits[localhost_10002:c-1]
2019-09-26 13:33:06,177 INFO  client.GrpcClientProtocolService (GrpcClientProtocolService.java:lambda$processClientRequest$0(278)) - Failed RaftClientRequest:client-352D35361D97->localhost_10000@group-DB7CD3B4A7F8, cid=42, seq=0, RW, Message:321f0a0f0a0d74657374...(size=33), reply=RaftClientReply:client-352D35361D97->localhost_10000@group-DB7CD3B4A7F8, cid=42, FAILED org.apache.ratis.protocol.NotLeaderException: Server localhost_10000@group-DB7CD3B4A7F8 is not the leader, logIndex=0, commits[localhost_10000:c-1]
2019-09-26 13:33:06,178 INFO  client.GrpcClientProtocolService (GrpcClientProtocolService.java:lambda$processClientRequest$0(278)) - Failed RaftClientRequest:client-352D35361D97->localhost_10002@group-DB7CD3B4A7F8, cid=42, seq=0, RW, Message:321f0a0f0a0d74657374...(size=33), reply=RaftClientReply:client-352D35361D97->localhost_10002@group-DB7CD3B4A7F8, cid=42, FAILED org.apache.ratis.protocol.NotLeaderException: Server localhost_10002@group-DB7CD3B4A7F8 is not the leader, logIndex=0, commits[localhost_10002:c-1]
2019-09-26 13:33:06,180 INFO  client.GrpcClientProtocolService (GrpcClientProtocolService.java:lambda$processClientRequest$0(278)) - Failed RaftClientRequest:client-352D35361D97->localhost_10000@group-DB7CD3B4A7F8, cid=42, seq=0, RW, Message:321f0a0f0a0d74657374...(size=33), reply=RaftClientReply:client-352D35361D97->localhost_10000@group-DB7CD3B4A7F8, cid=42, FAILED org.apache.ratis.protocol.NotLeaderException: Server localhost_10000@group-DB7CD3B4A7F8 is not the leader, logIndex=0, commits[localhost_10000:c-1]
2019-09-26 13:33:06,181 INFO  client.GrpcClientProtocolService (GrpcClientProtocolService.java:lambda$processClientRequest$0(278)) - Failed RaftClientRequest:client-352D35361D97->localhost_10002@group-DB7CD3B4A7F8, cid=42, seq=0, RW, Message:321f0a0f0a0d74657374...(size=33), reply=RaftClientReply:client-352D35361D97->localhost_10002@group-DB7CD3B4A7F8, cid=42, FAILED org.apache.ratis.protocol.NotLeaderException: Server localhost_10002@group-DB7CD3B4A7F8 is not the leader, logIndex=0, commits[localhost_10002:c-1]
2019-09-26 13:33:06,182 INFO  impl.FollowerState (FollowerState.java:run(108)) - localhost_10002@group-DB7CD3B4A7F8-FollowerState: change to CANDIDATE, lastRpcTime:1110ms, electionTimeout:1110ms
2019-09-26 13:33:06,182 INFO  impl.RoleInfo (RoleInfo.java:shutdownFollowerState(121)) - localhost_10002: shutdown FollowerState
2019-09-26 13:33:06,182 INFO  impl.RaftServerImpl (RaftServerImpl.java:setRole(170)) - localhost_10002@group-DB7CD3B4A7F8: changes role from  FOLLOWER to CANDIDATE at term 1 for changeToCandidate
2019-09-26 13:33:06,183 INFO  impl.RoleInfo (RoleInfo.java:updateAndGet(143)) - localhost_10002: start LeaderElection
2019-09-26 13:33:06,184 INFO  client.GrpcClientProtocolService (GrpcClientProtocolService.java:lambda$processClientRequest$0(278)) - Failed RaftClientRequest:client-352D35361D97->localhost_10000@group-DB7CD3B4A7F8, cid=42, seq=0, RW, Message:321f0a0f0a0d74657374...(size=33), reply=RaftClientReply:client-352D35361D97->localhost_10000@group-DB7CD3B4A7F8, cid=42, FAILED org.apache.ratis.protocol.NotLeaderException: Server localhost_10000@group-DB7CD3B4A7F8 is not the leader, logIndex=0, commits[localhost_10000:c-1]
2019-09-26 13:33:06,185 INFO  client.GrpcClientProtocolService (GrpcClientProtocolService.java:lambda$processClientRequest$0(278)) - Failed RaftClientRequest:client-352D35361D97->localhost_10002@group-DB7CD3B4A7F8, cid=42, seq=0, RW, Message:321f0a0f0a0d74657374...(size=33), reply=RaftClientReply:client-352D35361D97->localhost_10002@group-DB7CD3B4A7F8, cid=42, FAILED org.apache.ratis.protocol.NotLeaderException: Server localhost_10002@group-DB7CD3B4A7F8 is not the leader, logIndex=0, commits[localhost_10002:c-1]
2019-09-26 13:33:06,186 INFO  client.GrpcClientProtocolService (GrpcClientProtocolService.java:lambda$processClientRequest$0(278)) - Failed RaftClientRequest:client-352D35361D97->localhost_10001@group-DB7CD3B4A7F8, cid=42, seq=0, RW, Message:321f0a0f0a0d74657374...(size=33), reply=RaftClientReply:client-352D35361D97->localhost_10001@group-DB7CD3B4A7F8, cid=42, FAILED org.apache.ratis.protocol.NotLeaderException: Server localhost_10001@group-DB7CD3B4A7F8 is not the leader, logIndex=0, commits[localhost_10001:c-1]
2019-09-26 13:33:06,188 INFO  client.GrpcClientProtocolService (GrpcClientProtocolService.java:lambda$processClientRequest$0(278)) - Failed RaftClientRequest:client-352D35361D97->localhost_10002@group-DB7CD3B4A7F8, cid=42, seq=0, RW, Message:321f0a0f0a0d74657374...(size=33), reply=RaftClientReply:client-352D35361D97->localhost_10002@group-DB7CD3B4A7F8, cid=42, FAILED org.apache.ratis.protocol.NotLeaderException: Server localhost_10002@group-DB7CD3B4A7F8 is not the leader, logIndex=0, commits[localhost_10002:c-1]
2019-09-26 13:33:06,189 INFO  client.GrpcClientProtocolService (GrpcClientProtocolService.java:lambda$processClientRequest$0(278)) - Failed RaftClientRequest:client-352D35361D97->localhost_10001@group-DB7CD3B4A7F8, cid=42, seq=0, RW, Message:321f0a0f0a0d74657374...(size=33), reply=RaftClientReply:client-352D35361D97->localhost_10001@group-DB7CD3B4A7F8, cid=42, FAILED org.apache.ratis.protocol.NotLeaderException: Server localhost_10001@group-DB7CD3B4A7F8 is not the leader, logIndex=0, commits[localhost_10001:c-1]
2019-09-26 13:33:06,190 INFO  impl.FollowerState (FollowerState.java:run(108)) - localhost_10001@group-DB7CD3B4A7F8-FollowerState: change to CANDIDATE, lastRpcTime:1119ms, electionTimeout:1119ms
2019-09-26 13:33:06,190 INFO  impl.RoleInfo (RoleInfo.java:shutdownFollowerState(121)) - localhost_10001: shutdown FollowerState
2019-09-26 13:33:06,190 INFO  impl.RaftServerImpl (RaftServerImpl.java:setRole(170)) - localhost_10001@group-DB7CD3B4A7F8: changes role from  FOLLOWER to CANDIDATE at term 1 for changeToCandidate
2019-09-26 13:33:06,190 INFO  impl.RoleInfo (RoleInfo.java:updateAndGet(143)) - localhost_10001: start LeaderElection
2019-09-26 13:33:06,191 INFO  client.GrpcClientProtocolService (GrpcClientProtocolService.java:lambda$processClientRequest$0(278)) - Failed RaftClientRequest:client-352D35361D97->localhost_10002@group-DB7CD3B4A7F8, cid=42, seq=0, RW, Message:321f0a0f0a0d74657374...(size=33), reply=RaftClientReply:client-352D35361D97->localhost_10002@group-DB7CD3B4A7F8, cid=42, FAILED org.apache.ratis.protocol.NotLeaderException: Server localhost_10002@group-DB7CD3B4A7F8 is not the leader, logIndex=0, commits[localhost_10002:c-1]
2019-09-26 13:33:06,192 INFO  client.GrpcClientProtocolService (GrpcClientProtocolService.java:lambda$processClientRequest$0(278)) - Failed RaftClientRequest:client-352D35361D97->localhost_10001@group-DB7CD3B4A7F8, cid=42, seq=0, RW, Message:321f0a0f0a0d74657374...(size=33), reply=RaftClientReply:client-352D35361D97->localhost_10001@group-DB7CD3B4A7F8, cid=42, FAILED org.apache.ratis.protocol.NotLeaderException: Server localhost_10001@group-DB7CD3B4A7F8 is not the leader, logIndex=0, commits[localhost_10001:c-1]
2019-09-26 13:33:06,194 INFO  client.GrpcClientProtocolService (GrpcClientProtocolService.java:lambda$processClientRequest$0(278)) - Failed RaftClientRequest:client-352D35361D97->localhost_10000@group-DB7CD3B4A7F8, cid=42, seq=0, RW, Message:321f0a0f0a0d74657374...(size=33), reply=RaftClientReply:client-352D35361D97->localhost_10000@group-DB7CD3B4A7F8, cid=42, FAILED org.apache.ratis.protocol.NotLeaderException: Server localhost_10000@group-DB7CD3B4A7F8 is not the leader, logIndex=0, commits[localhost_10000:c-1]
2019-09-26 13:33:06,195 INFO  client.GrpcClientProtocolService (GrpcClientProtocolService.java:lambda$processClientRequest$0(278)) - Failed RaftClientRequest:client-352D35361D97->localhost_10001@group-DB7CD3B4A7F8, cid=42, seq=0, RW, Message:321f0a0f0a0d74657374...(size=33), reply=RaftClientReply:client-352D35361D97->localhost_10001@group-DB7CD3B4A7F8, cid=42, FAILED org.apache.ratis.protocol.NotLeaderException: Server localhost_10001@group-DB7CD3B4A7F8 is not the leader, logIndex=0, commits[localhost_10001:c-1]
2019-09-26 13:33:06,197 INFO  client.GrpcClientProtocolService (GrpcClientProtocolService.java:lambda$processClientRequest$0(278)) - Failed RaftClientRequest:client-352D35361D97->localhost_10000@group-DB7CD3B4A7F8, cid=42, seq=0, RW, Message:321f0a0f0a0d74657374...(size=33), reply=RaftClientReply:client-352D35361D97->localhost_10000@group-DB7CD3B4A7F8, cid=42, FAILED org.apache.ratis.protocol.NotLeaderException: Server localhost_10000@group-DB7CD3B4A7F8 is not the leader, logIndex=0, commits[localhost_10000:c-1]
2019-09-26 13:33:06,198 INFO  impl.LeaderElection (LeaderElection.java:askForVotes(178)) - localhost_10001@group-DB7CD3B4A7F8-LeaderElection15: begin an election at term 2 for -1: [localhost_10002:localhost:10002, localhost_10001:localhost:10001, localhost_10000:localhost:10000], old=null
2019-09-26 13:33:06,198 INFO  impl.LeaderElection (LeaderElection.java:askForVotes(178)) - localhost_10002@group-DB7CD3B4A7F8-LeaderElection14: begin an election at term 2 for -1: [localhost_10002:localhost:10002, localhost_10001:localhost:10001, localhost_10000:localhost:10000], old=null
2019-09-26 13:33:06,198 INFO  client.GrpcClientProtocolService (GrpcClientProtocolService.java:lambda$processClientRequest$0(278)) - Failed RaftClientRequest:client-352D35361D97->localhost_10002@group-DB7CD3B4A7F8, cid=42, seq=0, RW, Message:321f0a0f0a0d74657374...(size=33), reply=RaftClientReply:client-352D35361D97->localhost_10002@group-DB7CD3B4A7F8, cid=42, FAILED org.apache.ratis.protocol.NotLeaderException: Server localhost_10002@group-DB7CD3B4A7F8 is not the leader, logIndex=0, commits[localhost_10002:c-1]
2019-09-26 13:33:06,199 INFO  impl.RaftServerImpl (RaftServerImpl.java:setRole(170)) - localhost_10000@group-DB7CD3B4A7F8: changes role from  FOLLOWER to FOLLOWER at term 2 for recognizeCandidate:localhost_10001
2019-09-26 13:33:06,199 INFO  impl.RoleInfo (RoleInfo.java:shutdownFollowerState(121)) - localhost_10000: shutdown FollowerState
2019-09-26 13:33:06,199 INFO  impl.RoleInfo (RoleInfo.java:updateAndGet(143)) - localhost_10000: start FollowerState
2019-09-26 13:33:06,199 INFO  impl.FollowerState (FollowerState.java:run(117)) - localhost_10000@group-DB7CD3B4A7F8-FollowerState was interrupted: java.lang.InterruptedException: sleep interrupted
2019-09-26 13:33:06,201 INFO  client.GrpcClientProtocolService (GrpcClientProtocolService.java:lambda$processClientRequest$0(278)) - Failed RaftClientRequest:client-352D35361D97->localhost_10001@group-DB7CD3B4A7F8, cid=42, seq=0, RW, Message:321f0a0f0a0d74657374...(size=33), reply=RaftClientReply:client-352D35361D97->localhost_10001@group-DB7CD3B4A7F8, cid=42, FAILED org.apache.ratis.protocol.NotLeaderException: Server localhost_10001@group-DB7CD3B4A7F8 is not the leader, logIndex=0, commits[localhost_10001:c-1]
2019-09-26 13:33:06,202 INFO  client.GrpcClientProtocolService (GrpcClientProtocolService.java:lambda$processClientRequest$0(278)) - Failed RaftClientRequest:client-352D35361D97->localhost_10000@group-DB7CD3B4A7F8, cid=42, seq=0, RW, Message:321f0a0f0a0d74657374...(size=33), reply=RaftClientReply:client-352D35361D97->localhost_10000@group-DB7CD3B4A7F8, cid=42, FAILED org.apache.ratis.protocol.NotLeaderException: Server localhost_10000@group-DB7CD3B4A7F8 is not the leader, logIndex=0, commits[localhost_10000:c-1]
2019-09-26 13:33:06,204 INFO  client.GrpcClientProtocolService (GrpcClientProtocolService.java:lambda$processClientRequest$0(278)) - Failed RaftClientRequest:client-352D35361D97->localhost_10002@group-DB7CD3B4A7F8, cid=42, seq=0, RW, Message:321f0a0f0a0d74657374...(size=33), reply=RaftClientReply:client-352D35361D97->localhost_10002@group-DB7CD3B4A7F8, cid=42, FAILED org.apache.ratis.protocol.NotLeaderException: Server localhost_10002@group-DB7CD3B4A7F8 is not the leader, logIndex=0, commits[localhost_10002:c-1]
2019-09-26 13:33:06,205 INFO  client.GrpcClientProtocolService (GrpcClientProtocolService.java:lambda$processClientRequest$0(278)) - Failed RaftClientRequest:client-352D35361D97->localhost_10001@group-DB7CD3B4A7F8, cid=42, seq=0, RW, Message:321f0a0f0a0d74657374...(size=33), reply=RaftClientReply:client-352D35361D97->localhost_10001@group-DB7CD3B4A7F8, cid=42, FAILED org.apache.ratis.protocol.NotLeaderException: Server localhost_10001@group-DB7CD3B4A7F8 is not the leader, logIndex=0, commits[localhost_10001:c-1]
2019-09-26 13:33:06,207 INFO  client.GrpcClientProtocolService (GrpcClientProtocolService.java:lambda$processClientRequest$0(278)) - Failed RaftClientRequest:client-352D35361D97->localhost_10000@group-DB7CD3B4A7F8, cid=42, seq=0, RW, Message:321f0a0f0a0d74657374...(size=33), reply=RaftClientReply:client-352D35361D97->localhost_10000@group-DB7CD3B4A7F8, cid=42, FAILED org.apache.ratis.protocol.NotLeaderException: Server localhost_10000@group-DB7CD3B4A7F8 is not the leader, logIndex=0, commits[localhost_10000:c-1]
2019-09-26 13:33:06,208 INFO  client.GrpcClientProtocolService (GrpcClientProtocolService.java:lambda$processClientRequest$0(278)) - Failed RaftClientRequest:client-352D35361D97->localhost_10001@group-DB7CD3B4A7F8, cid=42, seq=0, RW, Message:321f0a0f0a0d74657374...(size=33), reply=RaftClientReply:client-352D35361D97->localhost_10001@group-DB7CD3B4A7F8, cid=42, FAILED org.apache.ratis.protocol.NotLeaderException: Server localhost_10001@group-DB7CD3B4A7F8 is not the leader, logIndex=0, commits[localhost_10001:c-1]
2019-09-26 13:33:06,210 INFO  impl.LeaderElection (LeaderElection.java:logAndReturn(56)) - localhost_10001@group-DB7CD3B4A7F8-LeaderElection15: Election PASSED; received 2 response(s) [localhost_10001<-localhost_10002#0:FAIL-t2, localhost_10001<-localhost_10000#0:OK-t2] and 0 exception(s); localhost_10001@group-DB7CD3B4A7F8:t2, leader=null, voted=localhost_10001, raftlog=localhost_10001@group-DB7CD3B4A7F8-SegmentedRaftLog:OPENED:c-1,f-1,i0, conf=-1: [localhost_10002:localhost:10002, localhost_10001:localhost:10001, localhost_10000:localhost:10000], old=null
2019-09-26 13:33:06,210 INFO  impl.LeaderElection (LeaderElection.java:logAndReturn(56)) - localhost_10002@group-DB7CD3B4A7F8-LeaderElection14: Election REJECTED; received 2 response(s) [localhost_10002<-localhost_10001#0:FAIL-t2, localhost_10002<-localhost_10000#0:FAIL-t2] and 0 exception(s); localhost_10002@group-DB7CD3B4A7F8:t2, leader=null, voted=localhost_10002, raftlog=localhost_10002@group-DB7CD3B4A7F8-SegmentedRaftLog:OPENED:c-1,f-1,i0, conf=-1: [localhost_10002:localhost:10002, localhost_10001:localhost:10001, localhost_10000:localhost:10000], old=null
2019-09-26 13:33:06,210 INFO  client.GrpcClientProtocolService (GrpcClientProtocolService.java:lambda$processClientRequest$0(278)) - Failed RaftClientRequest:client-352D35361D97->localhost_10000@group-DB7CD3B4A7F8, cid=42, seq=0, RW, Message:321f0a0f0a0d74657374...(size=33), reply=RaftClientReply:client-352D35361D97->localhost_10000@group-DB7CD3B4A7F8, cid=42, FAILED org.apache.ratis.protocol.NotLeaderException: Server localhost_10000@group-DB7CD3B4A7F8 is not the leader, logIndex=0, commits[localhost_10000:c-1]
2019-09-26 13:33:06,210 INFO  impl.RaftServerImpl (RaftServerImpl.java:setRole(170)) - localhost_10002@group-DB7CD3B4A7F8: changes role from CANDIDATE to FOLLOWER at term 2 for DISCOVERED_A_NEW_TERM
2019-09-26 13:33:06,210 INFO  impl.RoleInfo (RoleInfo.java:shutdownLeaderElection(134)) - localhost_10001: shutdown LeaderElection
2019-09-26 13:33:06,211 INFO  impl.RoleInfo (RoleInfo.java:shutdownLeaderElection(134)) - localhost_10002: shutdown LeaderElection
2019-09-26 13:33:06,211 INFO  impl.RaftServerImpl (RaftServerImpl.java:setRole(170)) - localhost_10001@group-DB7CD3B4A7F8: changes role from CANDIDATE to LEADER at term 2 for changeToLeader
2019-09-26 13:33:06,211 INFO  impl.RoleInfo (RoleInfo.java:updateAndGet(143)) - localhost_10002: start FollowerState
2019-09-26 13:33:06,211 INFO  impl.RaftServerImpl (ServerState.java:setLeader(254)) - localhost_10001@group-DB7CD3B4A7F8: change Leader from null to localhost_10001 at term 2 for becomeLeader, leader elected after 2877ms
2019-09-26 13:33:06,212 INFO  server.RaftServerConfigKeys (ConfUtils.java:logGet(43)) - raft.server.staging.catchup.gap = 1000 (default)
2019-09-26 13:33:06,212 INFO  server.RaftServerConfigKeys (ConfUtils.java:logGet(43)) - raft.server.rpc.sleep.time = 25ms (default)
2019-09-26 13:33:06,212 INFO  server.RaftServerConfigKeys (ConfUtils.java:logGet(43)) - raft.server.write.element-limit = 4096 (default)
2019-09-26 13:33:06,212 INFO  server.RaftServerConfigKeys (ConfUtils.java:logGet(43)) - raft.server.watch.timeout = 10s (default)
2019-09-26 13:33:06,212 INFO  server.RaftServerConfigKeys (ConfUtils.java:logGet(43)) - raft.server.watch.timeout.denomination = 1s (default)
2019-09-26 13:33:06,212 INFO  server.RaftServerConfigKeys (ConfUtils.java:logGet(43)) - raft.server.watch.element-limit = 65536 (default)
2019-09-26 13:33:06,213 INFO  client.GrpcClientProtocolService (GrpcClientProtocolService.java:lambda$processClientRequest$0(278)) - Failed RaftClientRequest:client-352D35361D97->localhost_10001@group-DB7CD3B4A7F8, cid=42, seq=0, RW, Message:321f0a0f0a0d74657374...(size=33), reply=RaftClientReply:client-352D35361D97->localhost_10001@group-DB7CD3B4A7F8, cid=42, FAILED org.apache.ratis.protocol.LeaderNotReadyException: localhost_10001@group-DB7CD3B4A7F8 is in LEADER state but not ready yet., logIndex=0, commits[localhost_10001:c-1]
2019-09-26 13:33:06,214 INFO  client.GrpcClientProtocolService (GrpcClientProtocolService.java:lambda$processClientRequest$0(278)) - Failed RaftClientRequest:client-352D35361D97->localhost_10001@group-DB7CD3B4A7F8, cid=42, seq=0, RW, Message:321f0a0f0a0d74657374...(size=33), reply=RaftClientReply:client-352D35361D97->localhost_10001@group-DB7CD3B4A7F8, cid=42, FAILED org.apache.ratis.protocol.LeaderNotReadyException: localhost_10001@group-DB7CD3B4A7F8 is in LEADER state but not ready yet., logIndex=0, commits[localhost_10001:c-1]
2019-09-26 13:33:06,214 INFO  server.RaftServerConfigKeys (ConfUtils.java:logGet(43)) - raft.server.log.appender.snapshot.chunk.size.max = 16MB (=16777216) (default)
2019-09-26 13:33:06,214 INFO  server.RaftServerConfigKeys (ConfUtils.java:logGet(43)) - raft.server.log.appender.buffer.byte-limit = 4MB (=4194304) (default)
2019-09-26 13:33:06,214 INFO  server.RaftServerConfigKeys (ConfUtils.java:logGet(43)) - raft.server.log.appender.buffer.element-limit = 0 (default)
2019-09-26 13:33:06,214 INFO  client.GrpcClientProtocolService (GrpcClientProtocolService.java:lambda$processClientRequest$0(278)) - Failed RaftClientRequest:client-352D35361D97->localhost_10001@group-DB7CD3B4A7F8, cid=42, seq=0, RW, Message:321f0a0f0a0d74657374...(size=33), reply=RaftClientReply:client-352D35361D97->localhost_10001@group-DB7CD3B4A7F8, cid=42, FAILED org.apache.ratis.protocol.LeaderNotReadyException: localhost_10001@group-DB7CD3B4A7F8 is in LEADER state but not ready yet., logIndex=0, commits[localhost_10001:c-1]
2019-09-26 13:33:06,215 INFO  grpc.GrpcConfigKeys$Server (ConfUtils.java:logGet(43)) - raft.grpc.server.leader.outstanding.appends.max = 128 (default)
2019-09-26 13:33:06,215 INFO  server.RaftServerConfigKeys (ConfUtils.java:logGet(43)) - raft.server.rpc.request.timeout = 3000ms (default)
2019-09-26 13:33:06,215 INFO  server.RaftServerConfigKeys (ConfUtils.java:logGet(43)) - raft.server.log.appender.install.snapshot.enabled = true (default)
2019-09-26 13:33:06,215 INFO  server.RaftServerConfigKeys (ConfUtils.java:logGet(43)) - raft.server.log.appender.snapshot.chunk.size.max = 16MB (=16777216) (default)
2019-09-26 13:33:06,215 INFO  server.RaftServerConfigKeys (ConfUtils.java:logGet(43)) - raft.server.log.appender.buffer.byte-limit = 4MB (=4194304) (default)
2019-09-26 13:33:06,215 INFO  server.RaftServerConfigKeys (ConfUtils.java:logGet(43)) - raft.server.log.appender.buffer.element-limit = 0 (default)
2019-09-26 13:33:06,215 INFO  client.GrpcClientProtocolService (GrpcClientProtocolService.java:lambda$processClientRequest$0(278)) - Failed RaftClientRequest:client-352D35361D97->localhost_10001@group-DB7CD3B4A7F8, cid=42, seq=0, RW, Message:321f0a0f0a0d74657374...(size=33), reply=RaftClientReply:client-352D35361D97->localhost_10001@group-DB7CD3B4A7F8, cid=42, FAILED org.apache.ratis.protocol.LeaderNotReadyException: localhost_10001@group-DB7CD3B4A7F8 is in LEADER state but not ready yet., logIndex=0, commits[localhost_10001:c-1]
2019-09-26 13:33:06,215 INFO  grpc.GrpcConfigKeys$Server (ConfUtils.java:logGet(43)) - raft.grpc.server.leader.outstanding.appends.max = 128 (default)
2019-09-26 13:33:06,215 INFO  server.RaftServerConfigKeys (ConfUtils.java:logGet(43)) - raft.server.rpc.request.timeout = 3000ms (default)
2019-09-26 13:33:06,216 INFO  server.RaftServerConfigKeys (ConfUtils.java:logGet(43)) - raft.server.log.appender.install.snapshot.enabled = true (default)
2019-09-26 13:33:06,216 INFO  impl.RoleInfo (RoleInfo.java:updateAndGet(143)) - localhost_10001: start LeaderState
2019-09-26 13:33:06,216 INFO  segmented.SegmentedRaftLogWorker (SegmentedRaftLogWorker.java:startLogSegment(380)) - localhost_10001@group-DB7CD3B4A7F8-SegmentedRaftLogWorker: Starting segment from index:0
2019-09-26 13:33:06,216 INFO  client.GrpcClientProtocolService (GrpcClientProtocolService.java:lambda$processClientRequest$0(278)) - Failed RaftClientRequest:client-352D35361D97->localhost_10001@group-DB7CD3B4A7F8, cid=42, seq=0, RW, Message:321f0a0f0a0d74657374...(size=33), reply=RaftClientReply:client-352D35361D97->localhost_10001@group-DB7CD3B4A7F8, cid=42, FAILED org.apache.ratis.protocol.LeaderNotReadyException: localhost_10001@group-DB7CD3B4A7F8 is in LEADER state but not ready yet., logIndex=0, commits[localhost_10001:c-1, localhost_10002:c-1, localhost_10000:c-1]
2019-09-26 13:33:06,216 INFO  impl.RaftServerImpl (ServerState.java:setRaftConf(355)) - localhost_10001@group-DB7CD3B4A7F8: set configuration 0: [localhost_10002:localhost:10002, localhost_10001:localhost:10001, localhost_10000:localhost:10000], old=null at 0
2019-09-26 13:33:06,217 INFO  client.GrpcClientProtocolService (GrpcClientProtocolService.java:lambda$processClientRequest$0(278)) - Failed RaftClientRequest:client-352D35361D97->localhost_10001@group-DB7CD3B4A7F8, cid=42, seq=0, RW, Message:321f0a0f0a0d74657374...(size=33), reply=RaftClientReply:client-352D35361D97->localhost_10001@group-DB7CD3B4A7F8, cid=42, FAILED org.apache.ratis.protocol.LeaderNotReadyException: localhost_10001@group-DB7CD3B4A7F8 is in LEADER state but not ready yet., logIndex=0, commits[localhost_10001:c-1, localhost_10002:c-1, localhost_10000:c-1]
2019-09-26 13:33:06,217 INFO  impl.RaftServerImpl (ServerState.java:setLeader(254)) - localhost_10000@group-DB7CD3B4A7F8: change Leader from null to localhost_10001 at term 2 for appendEntries, leader elected after 2925ms
2019-09-26 13:33:06,217 INFO  impl.RaftServerImpl (ServerState.java:setLeader(254)) - localhost_10002@group-DB7CD3B4A7F8: change Leader from null to localhost_10001 at term 2 for appendEntries, leader elected after 2967ms
2019-09-26 13:33:06,218 INFO  client.GrpcClientProtocolService (GrpcClientProtocolService.java:lambda$processClientRequest$0(278)) - Failed RaftClientRequest:client-352D35361D97->localhost_10001@group-DB7CD3B4A7F8, cid=42, seq=0, RW, Message:321f0a0f0a0d74657374...(size=33), reply=RaftClientReply:client-352D35361D97->localhost_10001@group-DB7CD3B4A7F8, cid=42, FAILED org.apache.ratis.protocol.LeaderNotReadyException: localhost_10001@group-DB7CD3B4A7F8 is in LEADER state but not ready yet., logIndex=0, commits[localhost_10001:c-1, localhost_10002:c-1, localhost_10000:c-1]
2019-09-26 13:33:06,218 INFO  impl.RaftServerImpl (ServerState.java:setRaftConf(355)) - localhost_10000@group-DB7CD3B4A7F8: set configuration 0: [localhost_10002:localhost:10002, localhost_10001:localhost:10001, localhost_10000:localhost:10000], old=null at 0
2019-09-26 13:33:06,219 INFO  segmented.SegmentedRaftLogWorker (SegmentedRaftLogWorker.java:startLogSegment(380)) - localhost_10000@group-DB7CD3B4A7F8-SegmentedRaftLogWorker: Starting segment from index:0
2019-09-26 13:33:06,219 INFO  impl.RaftServerImpl (ServerState.java:setRaftConf(355)) - localhost_10002@group-DB7CD3B4A7F8: set configuration 0: [localhost_10002:localhost:10002, localhost_10001:localhost:10001, localhost_10000:localhost:10000], old=null at 0
2019-09-26 13:33:06,219 INFO  client.GrpcClientProtocolService (GrpcClientProtocolService.java:lambda$processClientRequest$0(278)) - Failed RaftClientRequest:client-352D35361D97->localhost_10001@group-DB7CD3B4A7F8, cid=42, seq=0, RW, Message:321f0a0f0a0d74657374...(size=33), reply=RaftClientReply:client-352D35361D97->localhost_10001@group-DB7CD3B4A7F8, cid=42, FAILED org.apache.ratis.protocol.LeaderNotReadyException: localhost_10001@group-DB7CD3B4A7F8 is in LEADER state but not ready yet., logIndex=0, commits[localhost_10001:c-1, localhost_10002:c-1, localhost_10000:c-1]
2019-09-26 13:33:06,219 INFO  segmented.SegmentedRaftLogWorker (SegmentedRaftLogWorker.java:startLogSegment(380)) - localhost_10002@group-DB7CD3B4A7F8-SegmentedRaftLogWorker: Starting segment from index:0
2019-09-26 13:33:06,220 INFO  client.GrpcClientProtocolService (GrpcClientProtocolService.java:lambda$processClientRequest$0(278)) - Failed RaftClientRequest:client-352D35361D97->localhost_10001@group-DB7CD3B4A7F8, cid=42, seq=0, RW, Message:321f0a0f0a0d74657374...(size=33), reply=RaftClientReply:client-352D35361D97->localhost_10001@group-DB7CD3B4A7F8, cid=42, FAILED org.apache.ratis.protocol.LeaderNotReadyException: localhost_10001@group-DB7CD3B4A7F8 is in LEADER state but not ready yet., logIndex=0, commits[localhost_10001:c-1, localhost_10002:c-1, localhost_10000:c-1]
2019-09-26 13:33:06,221 INFO  client.GrpcClientProtocolService (GrpcClientProtocolService.java:lambda$processClientRequest$0(278)) - Failed RaftClientRequest:client-352D35361D97->localhost_10001@group-DB7CD3B4A7F8, cid=42, seq=0, RW, Message:321f0a0f0a0d74657374...(size=33), reply=RaftClientReply:client-352D35361D97->localhost_10001@group-DB7CD3B4A7F8, cid=42, FAILED org.apache.ratis.protocol.LeaderNotReadyException: localhost_10001@group-DB7CD3B4A7F8 is in LEADER state but not ready yet., logIndex=0, commits[localhost_10001:c-1, localhost_10002:c-1, localhost_10000:c-1]
2019-09-26 13:33:06,221 INFO  client.GrpcClientProtocolService (GrpcClientProtocolService.java:lambda$processClientRequest$0(278)) - Failed RaftClientRequest:client-352D35361D97->localhost_10001@group-DB7CD3B4A7F8, cid=42, seq=0, RW, Message:321f0a0f0a0d74657374...(size=33), reply=RaftClientReply:client-352D35361D97->localhost_10001@group-DB7CD3B4A7F8, cid=42, FAILED org.apache.ratis.protocol.LeaderNotReadyException: localhost_10001@group-DB7CD3B4A7F8 is in LEADER state but not ready yet., logIndex=0, commits[localhost_10001:c-1, localhost_10002:c-1, localhost_10000:c-1]
2019-09-26 13:33:06,222 INFO  client.GrpcClientProtocolService (GrpcClientProtocolService.java:lambda$processClientRequest$0(278)) - Failed RaftClientRequest:client-352D35361D97->localhost_10001@group-DB7CD3B4A7F8, cid=42, seq=0, RW, Message:321f0a0f0a0d74657374...(size=33), reply=RaftClientReply:client-352D35361D97->localhost_10001@group-DB7CD3B4A7F8, cid=42, FAILED org.apache.ratis.protocol.LeaderNotReadyException: localhost_10001@group-DB7CD3B4A7F8 is in LEADER state but not ready yet., logIndex=0, commits[localhost_10001:c-1, localhost_10002:c-1, localhost_10000:c-1]
2019-09-26 13:33:06,223 INFO  client.GrpcClientProtocolService (GrpcClientProtocolService.java:lambda$processClientRequest$0(278)) - Failed RaftClientRequest:client-352D35361D97->localhost_10001@group-DB7CD3B4A7F8, cid=42, seq=0, RW, Message:321f0a0f0a0d74657374...(size=33), reply=RaftClientReply:client-352D35361D97->localhost_10001@group-DB7CD3B4A7F8, cid=42, FAILED org.apache.ratis.protocol.LeaderNotReadyException: localhost_10001@group-DB7CD3B4A7F8 is in LEADER state but not ready yet., logIndex=0, commits[localhost_10001:c-1, localhost_10002:c-1, localhost_10000:c-1]
2019-09-26 13:33:06,224 INFO  client.GrpcClientProtocolService (GrpcClientProtocolService.java:lambda$processClientRequest$0(278)) - Failed RaftClientRequest:client-352D35361D97->localhost_10001@group-DB7CD3B4A7F8, cid=42, seq=0, RW, Message:321f0a0f0a0d74657374...(size=33), reply=RaftClientReply:client-352D35361D97->localhost_10001@group-DB7CD3B4A7F8, cid=42, FAILED org.apache.ratis.protocol.LeaderNotReadyException: localhost_10001@group-DB7CD3B4A7F8 is in LEADER state but not ready yet., logIndex=0, commits[localhost_10001:c-1, localhost_10002:c-1, localhost_10000:c-1]
2019-09-26 13:33:06,225 INFO  client.GrpcClientProtocolService (GrpcClientProtocolService.java:lambda$processClientRequest$0(278)) - Failed RaftClientRequest:client-352D35361D97->localhost_10001@group-DB7CD3B4A7F8, cid=42, seq=0, RW, Message:321f0a0f0a0d74657374...(size=33), reply=RaftClientReply:client-352D35361D97->localhost_10001@group-DB7CD3B4A7F8, cid=42, FAILED org.apache.ratis.protocol.LeaderNotReadyException: localhost_10001@group-DB7CD3B4A7F8 is in LEADER state but not ready yet., logIndex=0, commits[localhost_10001:c-1, localhost_10002:c-1, localhost_10000:c-1]
2019-09-26 13:33:06,226 INFO  client.GrpcClientProtocolService (GrpcClientProtocolService.java:lambda$processClientRequest$0(278)) - Failed RaftClientRequest:client-352D35361D97->localhost_10001@group-DB7CD3B4A7F8, cid=42, seq=0, RW, Message:321f0a0f0a0d74657374...(size=33), reply=RaftClientReply:client-352D35361D97->localhost_10001@group-DB7CD3B4A7F8, cid=42, FAILED org.apache.ratis.protocol.LeaderNotReadyException: localhost_10001@group-DB7CD3B4A7F8 is in LEADER state but not ready yet., logIndex=0, commits[localhost_10001:c-1, localhost_10002:c-1, localhost_10000:c-1]
2019-09-26 13:33:06,226 INFO  client.GrpcClientProtocolService (GrpcClientProtocolService.java:lambda$processClientRequest$0(278)) - Failed RaftClientRequest:client-352D35361D97->localhost_10001@group-DB7CD3B4A7F8, cid=42, seq=0, RW, Message:321f0a0f0a0d74657374...(size=33), reply=RaftClientReply:client-352D35361D97->localhost_10001@group-DB7CD3B4A7F8, cid=42, FAILED org.apache.ratis.protocol.LeaderNotReadyException: localhost_10001@group-DB7CD3B4A7F8 is in LEADER state but not ready yet., logIndex=0, commits[localhost_10001:c-1, localhost_10002:c-1, localhost_10000:c-1]
2019-09-26 13:33:06,227 INFO  client.GrpcClientProtocolService (GrpcClientProtocolService.java:lambda$processClientRequest$0(278)) - Failed RaftClientRequest:client-352D35361D97->localhost_10001@group-DB7CD3B4A7F8, cid=42, seq=0, RW, Message:321f0a0f0a0d74657374...(size=33), reply=RaftClientReply:client-352D35361D97->localhost_10001@group-DB7CD3B4A7F8, cid=42, FAILED org.apache.ratis.protocol.LeaderNotReadyException: localhost_10001@group-DB7CD3B4A7F8 is in LEADER state but not ready yet., logIndex=0, commits[localhost_10001:c-1, localhost_10002:c-1, localhost_10000:c-1]
2019-09-26 13:33:06,228 INFO  client.GrpcClientProtocolService (GrpcClientProtocolService.java:lambda$processClientRequest$0(278)) - Failed RaftClientRequest:client-352D35361D97->localhost_10001@group-DB7CD3B4A7F8, cid=42, seq=0, RW, Message:321f0a0f0a0d74657374...(size=33), reply=RaftClientReply:client-352D35361D97->localhost_10001@group-DB7CD3B4A7F8, cid=42, FAILED org.apache.ratis.protocol.LeaderNotReadyException: localhost_10001@group-DB7CD3B4A7F8 is in LEADER state but not ready yet., logIndex=0, commits[localhost_10001:c-1, localhost_10002:c-1, localhost_10000:c-1]
2019-09-26 13:33:06,229 INFO  client.GrpcClientProtocolService (GrpcClientProtocolService.java:lambda$processClientRequest$0(278)) - Failed RaftClientRequest:client-352D35361D97->localhost_10001@group-DB7CD3B4A7F8, cid=42, seq=0, RW, Message:321f0a0f0a0d74657374...(size=33), reply=RaftClientReply:client-352D35361D97->localhost_10001@group-DB7CD3B4A7F8, cid=42, FAILED org.apache.ratis.protocol.LeaderNotReadyException: localhost_10001@group-DB7CD3B4A7F8 is in LEADER state but not ready yet., logIndex=0, commits[localhost_10001:c-1, localhost_10002:c-1, localhost_10000:c-1]
2019-09-26 13:33:06,229 INFO  client.GrpcClientProtocolService (GrpcClientProtocolService.java:lambda$processClientRequest$0(278)) - Failed RaftClientRequest:client-352D35361D97->localhost_10001@group-DB7CD3B4A7F8, cid=42, seq=0, RW, Message:321f0a0f0a0d74657374...(size=33), reply=RaftClientReply:client-352D35361D97->localhost_10001@group-DB7CD3B4A7F8, cid=42, FAILED org.apache.ratis.protocol.LeaderNotReadyException: localhost_10001@group-DB7CD3B4A7F8 is in LEADER state but not ready yet., logIndex=0, commits[localhost_10001:c-1, localhost_10002:c-1, localhost_10000:c-1]
2019-09-26 13:33:06,230 INFO  client.GrpcClientProtocolService (GrpcClientProtocolService.java:lambda$processClientRequest$0(278)) - Failed RaftClientRequest:client-352D35361D97->localhost_10001@group-DB7CD3B4A7F8, cid=42, seq=0, RW, Message:321f0a0f0a0d74657374...(size=33), reply=RaftClientReply:client-352D35361D97->localhost_10001@group-DB7CD3B4A7F8, cid=42, FAILED org.apache.ratis.protocol.LeaderNotReadyException: localhost_10001@group-DB7CD3B4A7F8 is in LEADER state but not ready yet., logIndex=0, commits[localhost_10001:c-1, localhost_10002:c-1, localhost_10000:c-1]
2019-09-26 13:33:06,231 INFO  client.GrpcClientProtocolService (GrpcClientProtocolService.java:lambda$processClientRequest$0(278)) - Failed RaftClientRequest:client-352D35361D97->localhost_10001@group-DB7CD3B4A7F8, cid=42, seq=0, RW, Message:321f0a0f0a0d74657374...(size=33), reply=RaftClientReply:client-352D35361D97->localhost_10001@group-DB7CD3B4A7F8, cid=42, FAILED org.apache.ratis.protocol.LeaderNotReadyException: localhost_10001@group-DB7CD3B4A7F8 is in LEADER state but not ready yet., logIndex=0, commits[localhost_10001:c-1, localhost_10002:c-1, localhost_10000:c-1]
2019-09-26 13:33:06,232 INFO  client.GrpcClientProtocolService (GrpcClientProtocolService.java:lambda$processClientRequest$0(278)) - Failed RaftClientRequest:client-352D35361D97->localhost_10001@group-DB7CD3B4A7F8, cid=42, seq=0, RW, Message:321f0a0f0a0d74657374...(size=33), reply=RaftClientReply:client-352D35361D97->localhost_10001@group-DB7CD3B4A7F8, cid=42, FAILED org.apache.ratis.protocol.LeaderNotReadyException: localhost_10001@group-DB7CD3B4A7F8 is in LEADER state but not ready yet., logIndex=0, commits[localhost_10001:c-1, localhost_10002:c-1, localhost_10000:c-1]
2019-09-26 13:33:06,232 INFO  client.GrpcClientProtocolService (GrpcClientProtocolService.java:lambda$processClientRequest$0(278)) - Failed RaftClientRequest:client-352D35361D97->localhost_10001@group-DB7CD3B4A7F8, cid=42, seq=0, RW, Message:321f0a0f0a0d74657374...(size=33), reply=RaftClientReply:client-352D35361D97->localhost_10001@group-DB7CD3B4A7F8, cid=42, FAILED org.apache.ratis.protocol.LeaderNotReadyException: localhost_10001@group-DB7CD3B4A7F8 is in LEADER state but not ready yet., logIndex=0, commits[localhost_10001:c-1, localhost_10002:c-1, localhost_10000:c-1]
2019-09-26 13:33:06,233 INFO  client.GrpcClientProtocolService (GrpcClientProtocolService.java:lambda$processClientRequest$0(278)) - Failed RaftClientRequest:client-352D35361D97->localhost_10001@group-DB7CD3B4A7F8, cid=42, seq=0, RW, Message:321f0a0f0a0d74657374...(size=33), reply=RaftClientReply:client-352D35361D97->localhost_10001@group-DB7CD3B4A7F8, cid=42, FAILED org.apache.ratis.protocol.LeaderNotReadyException: localhost_10001@group-DB7CD3B4A7F8 is in LEADER state but not ready yet., logIndex=0, commits[localhost_10001:c-1, localhost_10002:c-1, localhost_10000:c-1]
2019-09-26 13:33:06,234 INFO  client.GrpcClientProtocolService (GrpcClientProtocolService.java:lambda$processClientRequest$0(278)) - Failed RaftClientRequest:client-352D35361D97->localhost_10001@group-DB7CD3B4A7F8, cid=42, seq=0, RW, Message:321f0a0f0a0d74657374...(size=33), reply=RaftClientReply:client-352D35361D97->localhost_10001@group-DB7CD3B4A7F8, cid=42, FAILED org.apache.ratis.protocol.LeaderNotReadyException: localhost_10001@group-DB7CD3B4A7F8 is in LEADER state but not ready yet., logIndex=0, commits[localhost_10001:c-1, localhost_10002:c-1, localhost_10000:c-1]
2019-09-26 13:33:06,234 INFO  client.GrpcClientProtocolService (GrpcClientProtocolService.java:lambda$processClientRequest$0(278)) - Failed RaftClientRequest:client-352D35361D97->localhost_10001@group-DB7CD3B4A7F8, cid=42, seq=0, RW, Message:321f0a0f0a0d74657374...(size=33), reply=RaftClientReply:client-352D35361D97->localhost_10001@group-DB7CD3B4A7F8, cid=42, FAILED org.apache.ratis.protocol.LeaderNotReadyException: localhost_10001@group-DB7CD3B4A7F8 is in LEADER state but not ready yet., logIndex=0, commits[localhost_10001:c-1, localhost_10002:c-1, localhost_10000:c-1]
2019-09-26 13:33:06,235 INFO  client.GrpcClientProtocolService (GrpcClientProtocolService.java:lambda$processClientRequest$0(278)) - Failed RaftClientRequest:client-352D35361D97->localhost_10001@group-DB7CD3B4A7F8, cid=42, seq=0, RW, Message:321f0a0f0a0d74657374...(size=33), reply=RaftClientReply:client-352D35361D97->localhost_10001@group-DB7CD3B4A7F8, cid=42, FAILED org.apache.ratis.protocol.LeaderNotReadyException: localhost_10001@group-DB7CD3B4A7F8 is in LEADER state but not ready yet., logIndex=0, commits[localhost_10001:c-1, localhost_10002:c-1, localhost_10000:c-1]
2019-09-26 13:33:06,236 INFO  client.GrpcClientProtocolService (GrpcClientProtocolService.java:lambda$processClientRequest$0(278)) - Failed RaftClientRequest:client-352D35361D97->localhost_10001@group-DB7CD3B4A7F8, cid=42, seq=0, RW, Message:321f0a0f0a0d74657374...(size=33), reply=RaftClientReply:client-352D35361D97->localhost_10001@group-DB7CD3B4A7F8, cid=42, FAILED org.apache.ratis.protocol.LeaderNotReadyException: localhost_10001@group-DB7CD3B4A7F8 is in LEADER state but not ready yet., logIndex=0, commits[localhost_10001:c-1, localhost_10002:c-1, localhost_10000:c-1]
2019-09-26 13:33:06,237 INFO  client.GrpcClientProtocolService (GrpcClientProtocolService.java:lambda$processClientRequest$0(278)) - Failed RaftClientRequest:client-352D35361D97->localhost_10001@group-DB7CD3B4A7F8, cid=42, seq=0, RW, Message:321f0a0f0a0d74657374...(size=33), reply=RaftClientReply:client-352D35361D97->localhost_10001@group-DB7CD3B4A7F8, cid=42, FAILED org.apache.ratis.protocol.LeaderNotReadyException: localhost_10001@group-DB7CD3B4A7F8 is in LEADER state but not ready yet., logIndex=0, commits[localhost_10001:c-1, localhost_10002:c-1, localhost_10000:c-1]
2019-09-26 13:33:06,238 INFO  client.GrpcClientProtocolService (GrpcClientProtocolService.java:lambda$processClientRequest$0(278)) - Failed RaftClientRequest:client-352D35361D97->localhost_10001@group-DB7CD3B4A7F8, cid=42, seq=0, RW, Message:321f0a0f0a0d74657374...(size=33), reply=RaftClientReply:client-352D35361D97->localhost_10001@group-DB7CD3B4A7F8, cid=42, FAILED org.apache.ratis.protocol.LeaderNotReadyException: localhost_10001@group-DB7CD3B4A7F8 is in LEADER state but not ready yet., logIndex=0, commits[localhost_10001:c-1, localhost_10002:c-1, localhost_10000:c-1]
2019-09-26 13:33:06,239 INFO  client.GrpcClientProtocolService (GrpcClientProtocolService.java:lambda$processClientRequest$0(278)) - Failed RaftClientRequest:client-352D35361D97->localhost_10001@group-DB7CD3B4A7F8, cid=42, seq=0, RW, Message:321f0a0f0a0d74657374...(size=33), reply=RaftClientReply:client-352D35361D97->localhost_10001@group-DB7CD3B4A7F8, cid=42, FAILED org.apache.ratis.protocol.LeaderNotReadyException: localhost_10001@group-DB7CD3B4A7F8 is in LEADER state but not ready yet., logIndex=0, commits[localhost_10001:c-1, localhost_10002:c-1, localhost_10000:c-1]
2019-09-26 13:33:06,239 INFO  client.GrpcClientProtocolService (GrpcClientProtocolService.java:lambda$processClientRequest$0(278)) - Failed RaftClientRequest:client-352D35361D97->localhost_10001@group-DB7CD3B4A7F8, cid=42, seq=0, RW, Message:321f0a0f0a0d74657374...(size=33), reply=RaftClientReply:client-352D35361D97->localhost_10001@group-DB7CD3B4A7F8, cid=42, FAILED org.apache.ratis.protocol.LeaderNotReadyException: localhost_10001@group-DB7CD3B4A7F8 is in LEADER state but not ready yet., logIndex=0, commits[localhost_10001:c-1, localhost_10002:c-1, localhost_10000:c-1]
2019-09-26 13:33:06,240 INFO  client.GrpcClientProtocolService (GrpcClientProtocolService.java:lambda$processClientRequest$0(278)) - Failed RaftClientRequest:client-352D35361D97->localhost_10001@group-DB7CD3B4A7F8, cid=42, seq=0, RW, Message:321f0a0f0a0d74657374...(size=33), reply=RaftClientReply:client-352D35361D97->localhost_10001@group-DB7CD3B4A7F8, cid=42, FAILED org.apache.ratis.protocol.LeaderNotReadyException: localhost_10001@group-DB7CD3B4A7F8 is in LEADER state but not ready yet., logIndex=0, commits[localhost_10001:c-1, localhost_10002:c-1, localhost_10000:c-1]
2019-09-26 13:33:06,241 INFO  client.GrpcClientProtocolService (GrpcClientProtocolService.java:lambda$processClientRequest$0(278)) - Failed RaftClientRequest:client-352D35361D97->localhost_10001@group-DB7CD3B4A7F8, cid=42, seq=0, RW, Message:321f0a0f0a0d74657374...(size=33), reply=RaftClientReply:client-352D35361D97->localhost_10001@group-DB7CD3B4A7F8, cid=42, FAILED org.apache.ratis.protocol.LeaderNotReadyException: localhost_10001@group-DB7CD3B4A7F8 is in LEADER state but not ready yet., logIndex=0, commits[localhost_10001:c-1, localhost_10002:c-1, localhost_10000:c-1]
2019-09-26 13:33:06,241 INFO  client.GrpcClientProtocolService (GrpcClientProtocolService.java:lambda$processClientRequest$0(278)) - Failed RaftClientRequest:client-352D35361D97->localhost_10001@group-DB7CD3B4A7F8, cid=42, seq=0, RW, Message:321f0a0f0a0d74657374...(size=33), reply=RaftClientReply:client-352D35361D97->localhost_10001@group-DB7CD3B4A7F8, cid=42, FAILED org.apache.ratis.protocol.LeaderNotReadyException: localhost_10001@group-DB7CD3B4A7F8 is in LEADER state but not ready yet., logIndex=0, commits[localhost_10001:c-1, localhost_10002:c-1, localhost_10000:c-1]
2019-09-26 13:33:06,242 INFO  client.GrpcClientProtocolService (GrpcClientProtocolService.java:lambda$processClientRequest$0(278)) - Failed RaftClientRequest:client-352D35361D97->localhost_10001@group-DB7CD3B4A7F8, cid=42, seq=0, RW, Message:321f0a0f0a0d74657374...(size=33), reply=RaftClientReply:client-352D35361D97->localhost_10001@group-DB7CD3B4A7F8, cid=42, FAILED org.apache.ratis.protocol.LeaderNotReadyException: localhost_10001@group-DB7CD3B4A7F8 is in LEADER state but not ready yet., logIndex=0, commits[localhost_10001:c-1, localhost_10002:c-1, localhost_10000:c-1]
2019-09-26 13:33:06,243 INFO  client.GrpcClientProtocolService (GrpcClientProtocolService.java:lambda$processClientRequest$0(278)) - Failed RaftClientRequest:client-352D35361D97->localhost_10001@group-DB7CD3B4A7F8, cid=42, seq=0, RW, Message:321f0a0f0a0d74657374...(size=33), reply=RaftClientReply:client-352D35361D97->localhost_10001@group-DB7CD3B4A7F8, cid=42, FAILED org.apache.ratis.protocol.LeaderNotReadyException: localhost_10001@group-DB7CD3B4A7F8 is in LEADER state but not ready yet., logIndex=0, commits[localhost_10001:c-1, localhost_10002:c-1, localhost_10000:c-1]
2019-09-26 13:33:06,244 INFO  client.GrpcClientProtocolService (GrpcClientProtocolService.java:lambda$processClientRequest$0(278)) - Failed RaftClientRequest:client-352D35361D97->localhost_10001@group-DB7CD3B4A7F8, cid=42, seq=0, RW, Message:321f0a0f0a0d74657374...(size=33), reply=RaftClientReply:client-352D35361D97->localhost_10001@group-DB7CD3B4A7F8, cid=42, FAILED org.apache.ratis.protocol.LeaderNotReadyException: localhost_10001@group-DB7CD3B4A7F8 is in LEADER state but not ready yet., logIndex=0, commits[localhost_10001:c-1, localhost_10002:c-1, localhost_10000:c-1]
2019-09-26 13:33:06,244 INFO  client.GrpcClientProtocolService (GrpcClientProtocolService.java:lambda$processClientRequest$0(278)) - Failed RaftClientRequest:client-352D35361D97->localhost_10001@group-DB7CD3B4A7F8, cid=42, seq=0, RW, Message:321f0a0f0a0d74657374...(size=33), reply=RaftClientReply:client-352D35361D97->localhost_10001@group-DB7CD3B4A7F8, cid=42, FAILED org.apache.ratis.protocol.LeaderNotReadyException: localhost_10001@group-DB7CD3B4A7F8 is in LEADER state but not ready yet., logIndex=0, commits[localhost_10001:c-1, localhost_10002:c-1, localhost_10000:c-1]
2019-09-26 13:33:06,372 INFO  client.GrpcClientProtocolService (GrpcClientProtocolService.java:lambda$processClientRequest$0(278)) - Failed RaftClientRequest:client-352D35361D97->localhost_10001@group-DB7CD3B4A7F8, cid=42, seq=0, RW, Message:321f0a0f0a0d74657374...(size=33), reply=RaftClientReply:client-352D35361D97->localhost_10001@group-DB7CD3B4A7F8, cid=42, FAILED org.apache.ratis.protocol.LeaderNotReadyException: localhost_10001@group-DB7CD3B4A7F8 is in LEADER state but not ready yet., logIndex=0, commits[localhost_10001:c-1, localhost_10002:c-1, localhost_10000:c-1]
2019-09-26 13:33:06,374 INFO  client.GrpcClientProtocolService (GrpcClientProtocolService.java:lambda$processClientRequest$0(278)) - Failed RaftClientRequest:client-352D35361D97->localhost_10001@group-DB7CD3B4A7F8, cid=42, seq=0, RW, Message:321f0a0f0a0d74657374...(size=33), reply=RaftClientReply:client-352D35361D97->localhost_10001@group-DB7CD3B4A7F8, cid=42, FAILED org.apache.ratis.protocol.LeaderNotReadyException: localhost_10001@group-DB7CD3B4A7F8 is in LEADER state but not ready yet., logIndex=0, commits[localhost_10001:c-1, localhost_10002:c-1, localhost_10000:c-1]
2019-09-26 13:33:06,375 INFO  client.GrpcClientProtocolService (GrpcClientProtocolService.java:lambda$processClientRequest$0(278)) - Failed RaftClientRequest:client-352D35361D97->localhost_10001@group-DB7CD3B4A7F8, cid=42, seq=0, RW, Message:321f0a0f0a0d74657374...(size=33), reply=RaftClientReply:client-352D35361D97->localhost_10001@group-DB7CD3B4A7F8, cid=42, FAILED org.apache.ratis.protocol.LeaderNotReadyException: localhost_10001@group-DB7CD3B4A7F8 is in LEADER state but not ready yet., logIndex=0, commits[localhost_10001:c-1, localhost_10002:c-1, localhost_10000:c-1]
2019-09-26 13:33:06,377 INFO  client.GrpcClientProtocolService (GrpcClientProtocolService.java:lambda$processClientRequest$0(278)) - Failed RaftClientRequest:client-352D35361D97->localhost_10001@group-DB7CD3B4A7F8, cid=42, seq=0, RW, Message:321f0a0f0a0d74657374...(size=33), reply=RaftClientReply:client-352D35361D97->localhost_10001@group-DB7CD3B4A7F8, cid=42, FAILED org.apache.ratis.protocol.LeaderNotReadyException: localhost_10001@group-DB7CD3B4A7F8 is in LEADER state but not ready yet., logIndex=0, commits[localhost_10001:c-1, localhost_10002:c-1, localhost_10000:c-1]
2019-09-26 13:33:06,378 INFO  client.GrpcClientProtocolService (GrpcClientProtocolService.java:lambda$processClientRequest$0(278)) - Failed RaftClientRequest:client-352D35361D97->localhost_10001@group-DB7CD3B4A7F8, cid=42, seq=0, RW, Message:321f0a0f0a0d74657374...(size=33), reply=RaftClientReply:client-352D35361D97->localhost_10001@group-DB7CD3B4A7F8, cid=42, FAILED org.apache.ratis.protocol.LeaderNotReadyException: localhost_10001@group-DB7CD3B4A7F8 is in LEADER state but not ready yet., logIndex=0, commits[localhost_10001:c-1, localhost_10002:c-1, localhost_10000:c-1]
2019-09-26 13:33:06,379 INFO  client.GrpcClientProtocolService (GrpcClientProtocolService.java:lambda$processClientRequest$0(278)) - Failed RaftClientRequest:client-352D35361D97->localhost_10001@group-DB7CD3B4A7F8, cid=42, seq=0, RW, Message:321f0a0f0a0d74657374...(size=33), reply=RaftClientReply:client-352D35361D97->localhost_10001@group-DB7CD3B4A7F8, cid=42, FAILED org.apache.ratis.protocol.LeaderNotReadyException: localhost_10001@group-DB7CD3B4A7F8 is in LEADER state but not ready yet., logIndex=0, commits[localhost_10001:c-1, localhost_10002:c-1, localhost_10000:c-1]
2019-09-26 13:33:06,380 INFO  client.GrpcClientProtocolService (GrpcClientProtocolService.java:lambda$processClientRequest$0(278)) - Failed RaftClientRequest:client-352D35361D97->localhost_10001@group-DB7CD3B4A7F8, cid=42, seq=0, RW, Message:321f0a0f0a0d74657374...(size=33), reply=RaftClientReply:client-352D35361D97->localhost_10001@group-DB7CD3B4A7F8, cid=42, FAILED org.apache.ratis.protocol.LeaderNotReadyException: localhost_10001@group-DB7CD3B4A7F8 is in LEADER state but not ready yet., logIndex=0, commits[localhost_10001:c-1, localhost_10002:c-1, localhost_10000:c-1]
2019-09-26 13:33:06,382 INFO  client.GrpcClientProtocolService (GrpcClientProtocolService.java:lambda$processClientRequest$0(278)) - Failed RaftClientRequest:client-352D35361D97->localhost_10001@group-DB7CD3B4A7F8, cid=42, seq=0, RW, Message:321f0a0f0a0d74657374...(size=33), reply=RaftClientReply:client-352D35361D97->localhost_10001@group-DB7CD3B4A7F8, cid=42, FAILED org.apache.ratis.protocol.LeaderNotReadyException: localhost_10001@group-DB7CD3B4A7F8 is in LEADER state but not ready yet., logIndex=0, commits[localhost_10001:c-1, localhost_10002:c-1, localhost_10000:c-1]
2019-09-26 13:33:06,383 INFO  client.GrpcClientProtocolService (GrpcClientProtocolService.java:lambda$processClientRequest$0(278)) - Failed RaftClientRequest:client-352D35361D97->localhost_10001@group-DB7CD3B4A7F8, cid=42, seq=0, RW, Message:321f0a0f0a0d74657374...(size=33), reply=RaftClientReply:client-352D35361D97->localhost_10001@group-DB7CD3B4A7F8, cid=42, FAILED org.apache.ratis.protocol.LeaderNotReadyException: localhost_10001@group-DB7CD3B4A7F8 is in LEADER state but not ready yet., logIndex=0, commits[localhost_10001:c-1, localhost_10002:c-1, localhost_10000:c-1]
2019-09-26 13:33:06,384 INFO  client.GrpcClientProtocolService (GrpcClientProtocolService.java:lambda$processClientRequest$0(278)) - Failed RaftClientRequest:client-352D35361D97->localhost_10001@group-DB7CD3B4A7F8, cid=42, seq=0, RW, Message:321f0a0f0a0d74657374...(size=33), reply=RaftClientReply:client-352D35361D97->localhost_10001@group-DB7CD3B4A7F8, cid=42, FAILED org.apache.ratis.protocol.LeaderNotReadyException: localhost_10001@group-DB7CD3B4A7F8 is in LEADER state but not ready yet., logIndex=0, commits[localhost_10001:c-1, localhost_10002:c-1, localhost_10000:c-1]
2019-09-26 13:33:06,385 INFO  client.GrpcClientProtocolService (GrpcClientProtocolService.java:lambda$processClientRequest$0(278)) - Failed RaftClientRequest:client-352D35361D97->localhost_10001@group-DB7CD3B4A7F8, cid=42, seq=0, RW, Message:321f0a0f0a0d74657374...(size=33), reply=RaftClientReply:client-352D35361D97->localhost_10001@group-DB7CD3B4A7F8, cid=42, FAILED org.apache.ratis.protocol.LeaderNotReadyException: localhost_10001@group-DB7CD3B4A7F8 is in LEADER state but not ready yet., logIndex=0, commits[localhost_10001:c-1, localhost_10002:c-1, localhost_10000:c-1]
2019-09-26 13:33:06,386 INFO  client.GrpcClientProtocolService (GrpcClientProtocolService.java:lambda$processClientRequest$0(278)) - Failed RaftClientRequest:client-352D35361D97->localhost_10001@group-DB7CD3B4A7F8, cid=42, seq=0, RW, Message:321f0a0f0a0d74657374...(size=33), reply=RaftClientReply:client-352D35361D97->localhost_10001@group-DB7CD3B4A7F8, cid=42, FAILED org.apache.ratis.protocol.LeaderNotReadyException: localhost_10001@group-DB7CD3B4A7F8 is in LEADER state but not ready yet., logIndex=0, commits[localhost_10001:c-1, localhost_10002:c-1, localhost_10000:c-1]
2019-09-26 13:33:06,387 INFO  client.GrpcClientProtocolService (GrpcClientProtocolService.java:lambda$processClientRequest$0(278)) - Failed RaftClientRequest:client-352D35361D97->localhost_10001@group-DB7CD3B4A7F8, cid=42, seq=0, RW, Message:321f0a0f0a0d74657374...(size=33), reply=RaftClientReply:client-352D35361D97->localhost_10001@group-DB7CD3B4A7F8, cid=42, FAILED org.apache.ratis.protocol.LeaderNotReadyException: localhost_10001@group-DB7CD3B4A7F8 is in LEADER state but not ready yet., logIndex=0, commits[localhost_10001:c-1, localhost_10002:c-1, localhost_10000:c-1]
2019-09-26 13:33:06,388 INFO  client.GrpcClientProtocolService (GrpcClientProtocolService.java:lambda$processClientRequest$0(278)) - Failed RaftClientRequest:client-352D35361D97->localhost_10001@group-DB7CD3B4A7F8, cid=42, seq=0, RW, Message:321f0a0f0a0d74657374...(size=33), reply=RaftClientReply:client-352D35361D97->localhost_10001@group-DB7CD3B4A7F8, cid=42, FAILED org.apache.ratis.protocol.LeaderNotReadyException: localhost_10001@group-DB7CD3B4A7F8 is in LEADER state but not ready yet., logIndex=0, commits[localhost_10001:c-1, localhost_10002:c-1, localhost_10000:c-1]
2019-09-26 13:33:06,389 INFO  client.GrpcClientProtocolService (GrpcClientProtocolService.java:lambda$processClientRequest$0(278)) - Failed RaftClientRequest:client-352D35361D97->localhost_10001@group-DB7CD3B4A7F8, cid=42, seq=0, RW, Message:321f0a0f0a0d74657374...(size=33), reply=RaftClientReply:client-352D35361D97->localhost_10001@group-DB7CD3B4A7F8, cid=42, FAILED org.apache.ratis.protocol.LeaderNotReadyException: localhost_10001@group-DB7CD3B4A7F8 is in LEADER state but not ready yet., logIndex=0, commits[localhost_10001:c-1, localhost_10002:c-1, localhost_10000:c-1]
2019-09-26 13:33:06,390 INFO  client.GrpcClientProtocolService (GrpcClientProtocolService.java:lambda$processClientRequest$0(278)) - Failed RaftClientRequest:client-352D35361D97->localhost_10001@group-DB7CD3B4A7F8, cid=42, seq=0, RW, Message:321f0a0f0a0d74657374...(size=33), reply=RaftClientReply:client-352D35361D97->localhost_10001@group-DB7CD3B4A7F8, cid=42, FAILED org.apache.ratis.protocol.LeaderNotReadyException: localhost_10001@group-DB7CD3B4A7F8 is in LEADER state but not ready yet., logIndex=0, commits[localhost_10001:c-1, localhost_10002:c-1, localhost_10000:c-1]
2019-09-26 13:33:06,391 INFO  client.GrpcClientProtocolService (GrpcClientProtocolService.java:lambda$processClientRequest$0(278)) - Failed RaftClientRequest:client-352D35361D97->localhost_10001@group-DB7CD3B4A7F8, cid=42, seq=0, RW, Message:321f0a0f0a0d74657374...(size=33), reply=RaftClientReply:client-352D35361D97->localhost_10001@group-DB7CD3B4A7F8, cid=42, FAILED org.apache.ratis.protocol.LeaderNotReadyException: localhost_10001@group-DB7CD3B4A7F8 is in LEADER state but not ready yet., logIndex=0, commits[localhost_10001:c-1, localhost_10002:c-1, localhost_10000:c-1]
2019-09-26 13:33:06,393 INFO  client.GrpcClientProtocolService (GrpcClientProtocolService.java:lambda$processClientRequest$0(278)) - Failed RaftClientRequest:client-352D35361D97->localhost_10001@group-DB7CD3B4A7F8, cid=42, seq=0, RW, Message:321f0a0f0a0d74657374...(size=33), reply=RaftClientReply:client-352D35361D97->localhost_10001@group-DB7CD3B4A7F8, cid=42, FAILED org.apache.ratis.protocol.LeaderNotReadyException: localhost_10001@group-DB7CD3B4A7F8 is in LEADER state but not ready yet., logIndex=0, commits[localhost_10001:c-1, localhost_10002:c-1, localhost_10000:c-1]
2019-09-26 13:33:06,394 INFO  client.GrpcClientProtocolService (GrpcClientProtocolService.java:lambda$processClientRequest$0(278)) - Failed RaftClientRequest:client-352D35361D97->localhost_10001@group-DB7CD3B4A7F8, cid=42, seq=0, RW, Message:321f0a0f0a0d74657374...(size=33), reply=RaftClientReply:client-352D35361D97->localhost_10001@group-DB7CD3B4A7F8, cid=42, FAILED org.apache.ratis.protocol.LeaderNotReadyException: localhost_10001@group-DB7CD3B4A7F8 is in LEADER state but not ready yet., logIndex=0, commits[localhost_10001:c-1, localhost_10002:c-1, localhost_10000:c-1]
2019-09-26 13:33:06,395 INFO  client.GrpcClientProtocolService (GrpcClientProtocolService.java:lambda$processClientRequest$0(278)) - Failed RaftClientRequest:client-352D35361D97->localhost_10001@group-DB7CD3B4A7F8, cid=42, seq=0, RW, Message:321f0a0f0a0d74657374...(size=33), reply=RaftClientReply:client-352D35361D97->localhost_10001@group-DB7CD3B4A7F8, cid=42, FAILED org.apache.ratis.protocol.LeaderNotReadyException: localhost_10001@group-DB7CD3B4A7F8 is in LEADER state but not ready yet., logIndex=0, commits[localhost_10001:c-1, localhost_10002:c-1, localhost_10000:c-1]
2019-09-26 13:33:06,396 INFO  client.GrpcClientProtocolService (GrpcClientProtocolService.java:lambda$processClientRequest$0(278)) - Failed RaftClientRequest:client-352D35361D97->localhost_10001@group-DB7CD3B4A7F8, cid=42, seq=0, RW, Message:321f0a0f0a0d74657374...(size=33), reply=RaftClientReply:client-352D35361D97->localhost_10001@group-DB7CD3B4A7F8, cid=42, FAILED org.apache.ratis.protocol.LeaderNotReadyException: localhost_10001@group-DB7CD3B4A7F8 is in LEADER state but not ready yet., logIndex=0, commits[localhost_10001:c-1, localhost_10002:c-1, localhost_10000:c-1]
2019-09-26 13:33:06,397 INFO  client.GrpcClientProtocolService (GrpcClientProtocolService.java:lambda$processClientRequest$0(278)) - Failed RaftClientRequest:client-352D35361D97->localhost_10001@group-DB7CD3B4A7F8, cid=42, seq=0, RW, Message:321f0a0f0a0d74657374...(size=33), reply=RaftClientReply:client-352D35361D97->localhost_10001@group-DB7CD3B4A7F8, cid=42, FAILED org.apache.ratis.protocol.LeaderNotReadyException: localhost_10001@group-DB7CD3B4A7F8 is in LEADER state but not ready yet., logIndex=0, commits[localhost_10001:c-1, localhost_10002:c-1, localhost_10000:c-1]
2019-09-26 13:33:06,398 INFO  client.GrpcClientProtocolService (GrpcClientProtocolService.java:lambda$processClientRequest$0(278)) - Failed RaftClientRequest:client-352D35361D97->localhost_10001@group-DB7CD3B4A7F8, cid=42, seq=0, RW, Message:321f0a0f0a0d74657374...(size=33), reply=RaftClientReply:client-352D35361D97->localhost_10001@group-DB7CD3B4A7F8, cid=42, FAILED org.apache.ratis.protocol.LeaderNotReadyException: localhost_10001@group-DB7CD3B4A7F8 is in LEADER state but not ready yet., logIndex=0, commits[localhost_10001:c-1, localhost_10002:c-1, localhost_10000:c-1]
2019-09-26 13:33:06,399 INFO  client.GrpcClientProtocolService (GrpcClientProtocolService.java:lambda$processClientRequest$0(278)) - Failed RaftClientRequest:client-352D35361D97->localhost_10001@group-DB7CD3B4A7F8, cid=42, seq=0, RW, Message:321f0a0f0a0d74657374...(size=33), reply=RaftClientReply:client-352D35361D97->localhost_10001@group-DB7CD3B4A7F8, cid=42, FAILED org.apache.ratis.protocol.LeaderNotReadyException: localhost_10001@group-DB7CD3B4A7F8 is in LEADER state but not ready yet., logIndex=0, commits[localhost_10001:c-1, localhost_10002:c-1, localhost_10000:c-1]
2019-09-26 13:33:06,399 INFO  client.GrpcClientProtocolService (GrpcClientProtocolService.java:lambda$processClientRequest$0(278)) - Failed RaftClientRequest:client-352D35361D97->localhost_10001@group-DB7CD3B4A7F8, cid=42, seq=0, RW, Message:321f0a0f0a0d74657374...(size=33), reply=RaftClientReply:client-352D35361D97->localhost_10001@group-DB7CD3B4A7F8, cid=42, FAILED org.apache.ratis.protocol.LeaderNotReadyException: localhost_10001@group-DB7CD3B4A7F8 is in LEADER state but not ready yet., logIndex=0, commits[localhost_10001:c-1, localhost_10002:c-1, localhost_10000:c-1]
2019-09-26 13:33:06,401 INFO  client.GrpcClientProtocolService (GrpcClientProtocolService.java:lambda$processClientRequest$0(278)) - Failed RaftClientRequest:client-352D35361D97->localhost_10001@group-DB7CD3B4A7F8, cid=42, seq=0, RW, Message:321f0a0f0a0d74657374...(size=33), reply=RaftClientReply:client-352D35361D97->localhost_10001@group-DB7CD3B4A7F8, cid=42, FAILED org.apache.ratis.protocol.LeaderNotReadyException: localhost_10001@group-DB7CD3B4A7F8 is in LEADER state but not ready yet., logIndex=0, commits[localhost_10001:c-1, localhost_10002:c-1, localhost_10000:c-1]
2019-09-26 13:33:06,402 INFO  client.GrpcClientProtocolService (GrpcClientProtocolService.java:lambda$processClientRequest$0(278)) - Failed RaftClientRequest:client-352D35361D97->localhost_10001@group-DB7CD3B4A7F8, cid=42, seq=0, RW, Message:321f0a0f0a0d74657374...(size=33), reply=RaftClientReply:client-352D35361D97->localhost_10001@group-DB7CD3B4A7F8, cid=42, FAILED org.apache.ratis.protocol.LeaderNotReadyException: localhost_10001@group-DB7CD3B4A7F8 is in LEADER state but not ready yet., logIndex=0, commits[localhost_10001:c-1, localhost_10002:c-1, localhost_10000:c-1]
2019-09-26 13:33:06,403 INFO  client.GrpcClientProtocolService (GrpcClientProtocolService.java:lambda$processClientRequest$0(278)) - Failed RaftClientRequest:client-352D35361D97->localhost_10001@group-DB7CD3B4A7F8, cid=42, seq=0, RW, Message:321f0a0f0a0d74657374...(size=33), reply=RaftClientReply:client-352D35361D97->localhost_10001@group-DB7CD3B4A7F8, cid=42, FAILED org.apache.ratis.protocol.LeaderNotReadyException: localhost_10001@group-DB7CD3B4A7F8 is in LEADER state but not ready yet., logIndex=0, commits[localhost_10001:c-1, localhost_10002:c-1, localhost_10000:c-1]
2019-09-26 13:33:06,404 INFO  client.GrpcClientProtocolService (GrpcClientProtocolService.java:lambda$processClientRequest$0(278)) - Failed RaftClientRequest:client-352D35361D97->localhost_10001@group-DB7CD3B4A7F8, cid=42, seq=0, RW, Message:321f0a0f0a0d74657374...(size=33), reply=RaftClientReply:client-352D35361D97->localhost_10001@group-DB7CD3B4A7F8, cid=42, FAILED org.apache.ratis.protocol.LeaderNotReadyException: localhost_10001@group-DB7CD3B4A7F8 is in LEADER state but not ready yet., logIndex=0, commits[localhost_10001:c-1, localhost_10002:c-1, localhost_10000:c-1]
2019-09-26 13:33:06,404 INFO  client.GrpcClientProtocolService (GrpcClientProtocolService.java:lambda$processClientRequest$0(278)) - Failed RaftClientRequest:client-352D35361D97->localhost_10001@group-DB7CD3B4A7F8, cid=42, seq=0, RW, Message:321f0a0f0a0d74657374...(size=33), reply=RaftClientReply:client-352D35361D97->localhost_10001@group-DB7CD3B4A7F8, cid=42, FAILED org.apache.ratis.protocol.LeaderNotReadyException: localhost_10001@group-DB7CD3B4A7F8 is in LEADER state but not ready yet., logIndex=0, commits[localhost_10001:c-1, localhost_10002:c-1, localhost_10000:c-1]
2019-09-26 13:33:06,405 INFO  client.GrpcClientProtocolService (GrpcClientProtocolService.java:lambda$processClientRequest$0(278)) - Failed RaftClientRequest:client-352D35361D97->localhost_10001@group-DB7CD3B4A7F8, cid=42, seq=0, RW, Message:321f0a0f0a0d74657374...(size=33), reply=RaftClientReply:client-352D35361D97->localhost_10001@group-DB7CD3B4A7F8, cid=42, FAILED org.apache.ratis.protocol.LeaderNotReadyException: localhost_10001@group-DB7CD3B4A7F8 is in LEADER state but not ready yet., logIndex=0, commits[localhost_10001:c-1, localhost_10002:c-1, localhost_10000:c-1]
2019-09-26 13:33:06,406 INFO  client.GrpcClientProtocolService (GrpcClientProtocolService.java:lambda$processClientRequest$0(278)) - Failed RaftClientRequest:client-352D35361D97->localhost_10001@group-DB7CD3B4A7F8, cid=42, seq=0, RW, Message:321f0a0f0a0d74657374...(size=33), reply=RaftClientReply:client-352D35361D97->localhost_10001@group-DB7CD3B4A7F8, cid=42, FAILED org.apache.ratis.protocol.LeaderNotReadyException: localhost_10001@group-DB7CD3B4A7F8 is in LEADER state but not ready yet., logIndex=0, commits[localhost_10001:c-1, localhost_10002:c-1, localhost_10000:c-1]
2019-09-26 13:33:06,407 INFO  client.GrpcClientProtocolService (GrpcClientProtocolService.java:lambda$processClientRequest$0(278)) - Failed RaftClientRequest:client-352D35361D97->localhost_10001@group-DB7CD3B4A7F8, cid=42, seq=0, RW, Message:321f0a0f0a0d74657374...(size=33), reply=RaftClientReply:client-352D35361D97->localhost_10001@group-DB7CD3B4A7F8, cid=42, FAILED org.apache.ratis.protocol.LeaderNotReadyException: localhost_10001@group-DB7CD3B4A7F8 is in LEADER state but not ready yet., logIndex=0, commits[localhost_10001:c-1, localhost_10002:c-1, localhost_10000:c-1]
2019-09-26 13:33:06,408 INFO  client.GrpcClientProtocolService (GrpcClientProtocolService.java:lambda$processClientRequest$0(278)) - Failed RaftClientRequest:client-352D35361D97->localhost_10001@group-DB7CD3B4A7F8, cid=42, seq=0, RW, Message:321f0a0f0a0d74657374...(size=33), reply=RaftClientReply:client-352D35361D97->localhost_10001@group-DB7CD3B4A7F8, cid=42, FAILED org.apache.ratis.protocol.LeaderNotReadyException: localhost_10001@group-DB7CD3B4A7F8 is in LEADER state but not ready yet., logIndex=0, commits[localhost_10001:c-1, localhost_10002:c-1, localhost_10000:c-1]
2019-09-26 13:33:06,409 INFO  client.GrpcClientProtocolService (GrpcClientProtocolService.java:lambda$processClientRequest$0(278)) - Failed RaftClientRequest:client-352D35361D97->localhost_10001@group-DB7CD3B4A7F8, cid=42, seq=0, RW, Message:321f0a0f0a0d74657374...(size=33), reply=RaftClientReply:client-352D35361D97->localhost_10001@group-DB7CD3B4A7F8, cid=42, FAILED org.apache.ratis.protocol.LeaderNotReadyException: localhost_10001@group-DB7CD3B4A7F8 is in LEADER state but not ready yet., logIndex=0, commits[localhost_10001:c-1, localhost_10002:c-1, localhost_10000:c-1]
2019-09-26 13:33:06,410 INFO  client.GrpcClientProtocolService (GrpcClientProtocolService.java:lambda$processClientRequest$0(278)) - Failed RaftClientRequest:client-352D35361D97->localhost_10001@group-DB7CD3B4A7F8, cid=42, seq=0, RW, Message:321f0a0f0a0d74657374...(size=33), reply=RaftClientReply:client-352D35361D97->localhost_10001@group-DB7CD3B4A7F8, cid=42, FAILED org.apache.ratis.protocol.LeaderNotReadyException: localhost_10001@group-DB7CD3B4A7F8 is in LEADER state but not ready yet., logIndex=0, commits[localhost_10001:c-1, localhost_10002:c-1, localhost_10000:c-1]
2019-09-26 13:33:06,412 INFO  client.GrpcClientProtocolService (GrpcClientProtocolService.java:lambda$processClientRequest$0(278)) - Failed RaftClientRequest:client-352D35361D97->localhost_10001@group-DB7CD3B4A7F8, cid=42, seq=0, RW, Message:321f0a0f0a0d74657374...(size=33), reply=RaftClientReply:client-352D35361D97->localhost_10001@group-DB7CD3B4A7F8, cid=42, FAILED org.apache.ratis.protocol.LeaderNotReadyException: localhost_10001@group-DB7CD3B4A7F8 is in LEADER state but not ready yet., logIndex=0, commits[localhost_10001:c-1, localhost_10002:c-1, localhost_10000:c-1]
2019-09-26 13:33:06,412 INFO  client.GrpcClientProtocolService (GrpcClientProtocolService.java:lambda$processClientRequest$0(278)) - Failed RaftClientRequest:client-352D35361D97->localhost_10001@group-DB7CD3B4A7F8, cid=42, seq=0, RW, Message:321f0a0f0a0d74657374...(size=33), reply=RaftClientReply:client-352D35361D97->localhost_10001@group-DB7CD3B4A7F8, cid=42, FAILED org.apache.ratis.protocol.LeaderNotReadyException: localhost_10001@group-DB7CD3B4A7F8 is in LEADER state but not ready yet., logIndex=0, commits[localhost_10001:c-1, localhost_10002:c-1, localhost_10000:c-1]
2019-09-26 13:33:06,413 INFO  client.GrpcClientProtocolService (GrpcClientProtocolService.java:lambda$processClientRequest$0(278)) - Failed RaftClientRequest:client-352D35361D97->localhost_10001@group-DB7CD3B4A7F8, cid=42, seq=0, RW, Message:321f0a0f0a0d74657374...(size=33), reply=RaftClientReply:client-352D35361D97->localhost_10001@group-DB7CD3B4A7F8, cid=42, FAILED org.apache.ratis.protocol.LeaderNotReadyException: localhost_10001@group-DB7CD3B4A7F8 is in LEADER state but not ready yet., logIndex=0, commits[localhost_10001:c-1, localhost_10002:c-1, localhost_10000:c-1]
2019-09-26 13:33:06,414 INFO  client.GrpcClientProtocolService (GrpcClientProtocolService.java:lambda$processClientRequest$0(278)) - Failed RaftClientRequest:client-352D35361D97->localhost_10001@group-DB7CD3B4A7F8, cid=42, seq=0, RW, Message:321f0a0f0a0d74657374...(size=33), reply=RaftClientReply:client-352D35361D97->localhost_10001@group-DB7CD3B4A7F8, cid=42, FAILED org.apache.ratis.protocol.LeaderNotReadyException: localhost_10001@group-DB7CD3B4A7F8 is in LEADER state but not ready yet., logIndex=0, commits[localhost_10001:c-1, localhost_10002:c-1, localhost_10000:c-1]
2019-09-26 13:33:06,415 INFO  client.GrpcClientProtocolService (GrpcClientProtocolService.java:lambda$processClientRequest$0(278)) - Failed RaftClientRequest:client-352D35361D97->localhost_10001@group-DB7CD3B4A7F8, cid=42, seq=0, RW, Message:321f0a0f0a0d74657374...(size=33), reply=RaftClientReply:client-352D35361D97->localhost_10001@group-DB7CD3B4A7F8, cid=42, FAILED org.apache.ratis.protocol.LeaderNotReadyException: localhost_10001@group-DB7CD3B4A7F8 is in LEADER state but not ready yet., logIndex=0, commits[localhost_10001:c-1, localhost_10002:c-1, localhost_10000:c-1]
2019-09-26 13:33:06,416 INFO  client.GrpcClientProtocolService (GrpcClientProtocolService.java:lambda$processClientRequest$0(278)) - Failed RaftClientRequest:client-352D35361D97->localhost_10001@group-DB7CD3B4A7F8, cid=42, seq=0, RW, Message:321f0a0f0a0d74657374...(size=33), reply=RaftClientReply:client-352D35361D97->localhost_10001@group-DB7CD3B4A7F8, cid=42, FAILED org.apache.ratis.protocol.LeaderNotReadyException: localhost_10001@group-DB7CD3B4A7F8 is in LEADER state but not ready yet., logIndex=0, commits[localhost_10001:c-1, localhost_10002:c-1, localhost_10000:c-1]
2019-09-26 13:33:06,416 INFO  client.GrpcClientProtocolService (GrpcClientProtocolService.java:lambda$processClientRequest$0(278)) - Failed RaftClientRequest:client-352D35361D97->localhost_10001@group-DB7CD3B4A7F8, cid=42, seq=0, RW, Message:321f0a0f0a0d74657374...(size=33), reply=RaftClientReply:client-352D35361D97->localhost_10001@group-DB7CD3B4A7F8, cid=42, FAILED org.apache.ratis.protocol.LeaderNotReadyException: localhost_10001@group-DB7CD3B4A7F8 is in LEADER state but not ready yet., logIndex=0, commits[localhost_10001:c-1, localhost_10002:c-1, localhost_10000:c-1]
2019-09-26 13:33:06,417 INFO  client.GrpcClientProtocolService (GrpcClientProtocolService.java:lambda$processClientRequest$0(278)) - Failed RaftClientRequest:client-352D35361D97->localhost_10001@group-DB7CD3B4A7F8, cid=42, seq=0, RW, Message:321f0a0f0a0d74657374...(size=33), reply=RaftClientReply:client-352D35361D97->localhost_10001@group-DB7CD3B4A7F8, cid=42, FAILED org.apache.ratis.protocol.LeaderNotReadyException: localhost_10001@group-DB7CD3B4A7F8 is in LEADER state but not ready yet., logIndex=0, commits[localhost_10001:c-1, localhost_10002:c-1, localhost_10000:c-1]
2019-09-26 13:33:06,418 INFO  client.GrpcClientProtocolService (GrpcClientProtocolService.java:lambda$processClientRequest$0(278)) - Failed RaftClientRequest:client-352D35361D97->localhost_10001@group-DB7CD3B4A7F8, cid=42, seq=0, RW, Message:321f0a0f0a0d74657374...(size=33), reply=RaftClientReply:client-352D35361D97->localhost_10001@group-DB7CD3B4A7F8, cid=42, FAILED org.apache.ratis.protocol.LeaderNotReadyException: localhost_10001@group-DB7CD3B4A7F8 is in LEADER state but not ready yet., logIndex=0, commits[localhost_10001:c-1, localhost_10002:c-1, localhost_10000:c-1]
2019-09-26 13:33:06,419 INFO  client.GrpcClientProtocolService (GrpcClientProtocolService.java:lambda$processClientRequest$0(278)) - Failed RaftClientRequest:client-352D35361D97->localhost_10001@group-DB7CD3B4A7F8, cid=42, seq=0, RW, Message:321f0a0f0a0d74657374...(size=33), reply=RaftClientReply:client-352D35361D97->localhost_10001@group-DB7CD3B4A7F8, cid=42, FAILED org.apache.ratis.protocol.LeaderNotReadyException: localhost_10001@group-DB7CD3B4A7F8 is in LEADER state but not ready yet., logIndex=0, commits[localhost_10001:c-1, localhost_10002:c-1, localhost_10000:c-1]
2019-09-26 13:33:06,420 INFO  client.GrpcClientProtocolService (GrpcClientProtocolService.java:lambda$processClientRequest$0(278)) - Failed RaftClientRequest:client-352D35361D97->localhost_10001@group-DB7CD3B4A7F8, cid=42, seq=0, RW, Message:321f0a0f0a0d74657374...(size=33), reply=RaftClientReply:client-352D35361D97->localhost_10001@group-DB7CD3B4A7F8, cid=42, FAILED org.apache.ratis.protocol.LeaderNotReadyException: localhost_10001@group-DB7CD3B4A7F8 is in LEADER state but not ready yet., logIndex=0, commits[localhost_10001:c-1, localhost_10002:c-1, localhost_10000:c-1]
2019-09-26 13:33:06,420 INFO  client.GrpcClientProtocolService (GrpcClientProtocolService.java:lambda$processClientRequest$0(278)) - Failed RaftClientRequest:client-352D35361D97->localhost_10001@group-DB7CD3B4A7F8, cid=42, seq=0, RW, Message:321f0a0f0a0d74657374...(size=33), reply=RaftClientReply:client-352D35361D97->localhost_10001@group-DB7CD3B4A7F8, cid=42, FAILED org.apache.ratis.protocol.LeaderNotReadyException: localhost_10001@group-DB7CD3B4A7F8 is in LEADER state but not ready yet., logIndex=0, commits[localhost_10001:c-1, localhost_10002:c-1, localhost_10000:c-1]
2019-09-26 13:33:06,421 INFO  client.GrpcClientProtocolService (GrpcClientProtocolService.java:lambda$processClientRequest$0(278)) - Failed RaftClientRequest:client-352D35361D97->localhost_10001@group-DB7CD3B4A7F8, cid=42, seq=0, RW, Message:321f0a0f0a0d74657374...(size=33), reply=RaftClientReply:client-352D35361D97->localhost_10001@group-DB7CD3B4A7F8, cid=42, FAILED org.apache.ratis.protocol.LeaderNotReadyException: localhost_10001@group-DB7CD3B4A7F8 is in LEADER state but not ready yet., logIndex=0, commits[localhost_10001:c-1, localhost_10002:c-1, localhost_10000:c-1]
2019-09-26 13:33:06,422 INFO  client.GrpcClientProtocolService (GrpcClientProtocolService.java:lambda$processClientRequest$0(278)) - Failed RaftClientRequest:client-352D35361D97->localhost_10001@group-DB7CD3B4A7F8, cid=42, seq=0, RW, Message:321f0a0f0a0d74657374...(size=33), reply=RaftClientReply:client-352D35361D97->localhost_10001@group-DB7CD3B4A7F8, cid=42, FAILED org.apache.ratis.protocol.LeaderNotReadyException: localhost_10001@group-DB7CD3B4A7F8 is in LEADER state but not ready yet., logIndex=0, commits[localhost_10001:c-1, localhost_10002:c-1, localhost_10000:c-1]
2019-09-26 13:33:06,423 INFO  client.GrpcClientProtocolService (GrpcClientProtocolService.java:lambda$processClientRequest$0(278)) - Failed RaftClientRequest:client-352D35361D97->localhost_10001@group-DB7CD3B4A7F8, cid=42, seq=0, RW, Message:321f0a0f0a0d74657374...(size=33), reply=RaftClientReply:client-352D35361D97->localhost_10001@group-DB7CD3B4A7F8, cid=42, FAILED org.apache.ratis.protocol.LeaderNotReadyException: localhost_10001@group-DB7CD3B4A7F8 is in LEADER state but not ready yet., logIndex=0, commits[localhost_10001:c-1, localhost_10002:c-1, localhost_10000:c-1]
2019-09-26 13:33:06,424 INFO  client.GrpcClientProtocolService (GrpcClientProtocolService.java:lambda$processClientRequest$0(278)) - Failed RaftClientRequest:client-352D35361D97->localhost_10001@group-DB7CD3B4A7F8, cid=42, seq=0, RW, Message:321f0a0f0a0d74657374...(size=33), reply=RaftClientReply:client-352D35361D97->localhost_10001@group-DB7CD3B4A7F8, cid=42, FAILED org.apache.ratis.protocol.LeaderNotReadyException: localhost_10001@group-DB7CD3B4A7F8 is in LEADER state but not ready yet., logIndex=0, commits[localhost_10001:c-1, localhost_10002:c-1, localhost_10000:c-1]
2019-09-26 13:33:06,425 INFO  client.GrpcClientProtocolService (GrpcClientProtocolService.java:lambda$processClientRequest$0(278)) - Failed RaftClientRequest:client-352D35361D97->localhost_10001@group-DB7CD3B4A7F8, cid=42, seq=0, RW, Message:321f0a0f0a0d74657374...(size=33), reply=RaftClientReply:client-352D35361D97->localhost_10001@group-DB7CD3B4A7F8, cid=42, FAILED org.apache.ratis.protocol.LeaderNotReadyException: localhost_10001@group-DB7CD3B4A7F8 is in LEADER state but not ready yet., logIndex=0, commits[localhost_10001:c-1, localhost_10002:c-1, localhost_10000:c-1]
2019-09-26 13:33:06,425 INFO  client.GrpcClientProtocolService (GrpcClientProtocolService.java:lambda$processClientRequest$0(278)) - Failed RaftClientRequest:client-352D35361D97->localhost_10001@group-DB7CD3B4A7F8, cid=42, seq=0, RW, Message:321f0a0f0a0d74657374...(size=33), reply=RaftClientReply:client-352D35361D97->localhost_10001@group-DB7CD3B4A7F8, cid=42, FAILED org.apache.ratis.protocol.LeaderNotReadyException: localhost_10001@group-DB7CD3B4A7F8 is in LEADER state but not ready yet., logIndex=0, commits[localhost_10001:c-1, localhost_10002:c-1, localhost_10000:c-1]
2019-09-26 13:33:06,426 INFO  client.GrpcClientProtocolService (GrpcClientProtocolService.java:lambda$processClientRequest$0(278)) - Failed RaftClientRequest:client-352D35361D97->localhost_10001@group-DB7CD3B4A7F8, cid=42, seq=0, RW, Message:321f0a0f0a0d74657374...(size=33), reply=RaftClientReply:client-352D35361D97->localhost_10001@group-DB7CD3B4A7F8, cid=42, FAILED org.apache.ratis.protocol.LeaderNotReadyException: localhost_10001@group-DB7CD3B4A7F8 is in LEADER state but not ready yet., logIndex=0, commits[localhost_10001:c-1, localhost_10002:c-1, localhost_10000:c-1]
2019-09-26 13:33:06,427 INFO  client.GrpcClientProtocolService (GrpcClientProtocolService.java:lambda$processClientRequest$0(278)) - Failed RaftClientRequest:client-352D35361D97->localhost_10001@group-DB7CD3B4A7F8, cid=42, seq=0, RW, Message:321f0a0f0a0d74657374...(size=33), reply=RaftClientReply:client-352D35361D97->localhost_10001@group-DB7CD3B4A7F8, cid=42, FAILED org.apache.ratis.protocol.LeaderNotReadyException: localhost_10001@group-DB7CD3B4A7F8 is in LEADER state but not ready yet., logIndex=0, commits[localhost_10001:c-1, localhost_10002:c-1, localhost_10000:c-1]
2019-09-26 13:33:06,428 INFO  client.GrpcClientProtocolService (GrpcClientProtocolService.java:lambda$processClientRequest$0(278)) - Failed RaftClientRequest:client-352D35361D97->localhost_10001@group-DB7CD3B4A7F8, cid=42, seq=0, RW, Message:321f0a0f0a0d74657374...(size=33), reply=RaftClientReply:client-352D35361D97->localhost_10001@group-DB7CD3B4A7F8, cid=42, FAILED org.apache.ratis.protocol.LeaderNotReadyException: localhost_10001@group-DB7CD3B4A7F8 is in LEADER state but not ready yet., logIndex=0, commits[localhost_10001:c-1, localhost_10002:c-1, localhost_10000:c-1]
2019-09-26 13:33:06,429 INFO  client.GrpcClientProtocolService (GrpcClientProtocolService.java:lambda$processClientRequest$0(278)) - Failed RaftClientRequest:client-352D35361D97->localhost_10001@group-DB7CD3B4A7F8, cid=42, seq=0, RW, Message:321f0a0f0a0d74657374...(size=33), reply=RaftClientReply:client-352D35361D97->localhost_10001@group-DB7CD3B4A7F8, cid=42, FAILED org.apache.ratis.protocol.LeaderNotReadyException: localhost_10001@group-DB7CD3B4A7F8 is in LEADER state but not ready yet., logIndex=0, commits[localhost_10001:c-1, localhost_10002:c-1, localhost_10000:c-1]
2019-09-26 13:33:06,430 INFO  client.GrpcClientProtocolService (GrpcClientProtocolService.java:lambda$processClientRequest$0(278)) - Failed RaftClientRequest:client-352D35361D97->localhost_10001@group-DB7CD3B4A7F8, cid=42, seq=0, RW, Message:321f0a0f0a0d74657374...(size=33), reply=RaftClientReply:client-352D35361D97->localhost_10001@group-DB7CD3B4A7F8, cid=42, FAILED org.apache.ratis.protocol.LeaderNotReadyException: localhost_10001@group-DB7CD3B4A7F8 is in LEADER state but not ready yet., logIndex=0, commits[localhost_10001:c-1, localhost_10002:c-1, localhost_10000:c-1]
2019-09-26 13:33:06,431 INFO  client.GrpcClientProtocolService (GrpcClientProtocolService.java:lambda$processClientRequest$0(278)) - Failed RaftClientRequest:client-352D35361D97->localhost_10001@group-DB7CD3B4A7F8, cid=42, seq=0, RW, Message:321f0a0f0a0d74657374...(size=33), reply=RaftClientReply:client-352D35361D97->localhost_10001@group-DB7CD3B4A7F8, cid=42, FAILED org.apache.ratis.protocol.LeaderNotReadyException: localhost_10001@group-DB7CD3B4A7F8 is in LEADER state but not ready yet., logIndex=0, commits[localhost_10001:c-1, localhost_10002:c-1, localhost_10000:c-1]
2019-09-26 13:33:06,431 INFO  client.GrpcClientProtocolService (GrpcClientProtocolService.java:lambda$processClientRequest$0(278)) - Failed RaftClientRequest:client-352D35361D97->localhost_10001@group-DB7CD3B4A7F8, cid=42, seq=0, RW, Message:321f0a0f0a0d74657374...(size=33), reply=RaftClientReply:client-352D35361D97->localhost_10001@group-DB7CD3B4A7F8, cid=42, FAILED org.apache.ratis.protocol.LeaderNotReadyException: localhost_10001@group-DB7CD3B4A7F8 is in LEADER state but not ready yet., logIndex=0, commits[localhost_10001:c-1, localhost_10002:c-1, localhost_10000:c-1]
2019-09-26 13:33:06,432 INFO  client.GrpcClientProtocolService (GrpcClientProtocolService.java:lambda$processClientRequest$0(278)) - Failed RaftClientRequest:client-352D35361D97->localhost_10001@group-DB7CD3B4A7F8, cid=42, seq=0, RW, Message:321f0a0f0a0d74657374...(size=33), reply=RaftClientReply:client-352D35361D97->localhost_10001@group-DB7CD3B4A7F8, cid=42, FAILED org.apache.ratis.protocol.LeaderNotReadyException: localhost_10001@group-DB7CD3B4A7F8 is in LEADER state but not ready yet., logIndex=0, commits[localhost_10001:c-1, localhost_10002:c-1, localhost_10000:c-1]
2019-09-26 13:33:06,433 INFO  client.GrpcClientProtocolService (GrpcClientProtocolService.java:lambda$processClientRequest$0(278)) - Failed RaftClientRequest:client-352D35361D97->localhost_10001@group-DB7CD3B4A7F8, cid=42, seq=0, RW, Message:321f0a0f0a0d74657374...(size=33), reply=RaftClientReply:client-352D35361D97->localhost_10001@group-DB7CD3B4A7F8, cid=42, FAILED org.apache.ratis.protocol.LeaderNotReadyException: localhost_10001@group-DB7CD3B4A7F8 is in LEADER state but not ready yet., logIndex=0, commits[localhost_10001:c-1, localhost_10002:c-1, localhost_10000:c-1]
2019-09-26 13:33:06,434 INFO  client.GrpcClientProtocolService (GrpcClientProtocolService.java:lambda$processClientRequest$0(278)) - Failed RaftClientRequest:client-352D35361D97->localhost_10001@group-DB7CD3B4A7F8, cid=42, seq=0, RW, Message:321f0a0f0a0d74657374...(size=33), reply=RaftClientReply:client-352D35361D97->localhost_10001@group-DB7CD3B4A7F8, cid=42, FAILED org.apache.ratis.protocol.LeaderNotReadyException: localhost_10001@group-DB7CD3B4A7F8 is in LEADER state but not ready yet., logIndex=0, commits[localhost_10001:c-1, localhost_10002:c-1, localhost_10000:c-1]
2019-09-26 13:33:06,435 INFO  client.GrpcClientProtocolService (GrpcClientProtocolService.java:lambda$processClientRequest$0(278)) - Failed RaftClientRequest:client-352D35361D97->localhost_10001@group-DB7CD3B4A7F8, cid=42, seq=0, RW, Message:321f0a0f0a0d74657374...(size=33), reply=RaftClientReply:client-352D35361D97->localhost_10001@group-DB7CD3B4A7F8, cid=42, FAILED org.apache.ratis.protocol.LeaderNotReadyException: localhost_10001@group-DB7CD3B4A7F8 is in LEADER state but not ready yet., logIndex=0, commits[localhost_10001:c-1, localhost_10002:c-1, localhost_10000:c-1]
2019-09-26 13:33:06,436 INFO  client.GrpcClientProtocolService (GrpcClientProtocolService.java:lambda$processClientRequest$0(278)) - Failed RaftClientRequest:client-352D35361D97->localhost_10001@group-DB7CD3B4A7F8, cid=42, seq=0, RW, Message:321f0a0f0a0d74657374...(size=33), reply=RaftClientReply:client-352D35361D97->localhost_10001@group-DB7CD3B4A7F8, cid=42, FAILED org.apache.ratis.protocol.LeaderNotReadyException: localhost_10001@group-DB7CD3B4A7F8 is in LEADER state but not ready yet., logIndex=0, commits[localhost_10001:c-1, localhost_10002:c-1, localhost_10000:c-1]
2019-09-26 13:33:06,437 INFO  client.GrpcClientProtocolService (GrpcClientProtocolService.java:lambda$processClientRequest$0(278)) - Failed RaftClientRequest:client-352D35361D97->localhost_10001@group-DB7CD3B4A7F8, cid=42, seq=0, RW, Message:321f0a0f0a0d74657374...(size=33), reply=RaftClientReply:client-352D35361D97->localhost_10001@group-DB7CD3B4A7F8, cid=42, FAILED org.apache.ratis.protocol.LeaderNotReadyException: localhost_10001@group-DB7CD3B4A7F8 is in LEADER state but not ready yet., logIndex=0, commits[localhost_10001:c-1, localhost_10002:c-1, localhost_10000:c-1]
2019-09-26 13:33:06,438 INFO  client.GrpcClientProtocolService (GrpcClientProtocolService.java:lambda$processClientRequest$0(278)) - Failed RaftClientRequest:client-352D35361D97->localhost_10001@group-DB7CD3B4A7F8, cid=42, seq=0, RW, Message:321f0a0f0a0d74657374...(size=33), reply=RaftClientReply:client-352D35361D97->localhost_10001@group-DB7CD3B4A7F8, cid=42, FAILED org.apache.ratis.protocol.LeaderNotReadyException: localhost_10001@group-DB7CD3B4A7F8 is in LEADER state but not ready yet., logIndex=0, commits[localhost_10001:c-1, localhost_10002:c-1, localhost_10000:c-1]
2019-09-26 13:33:06,439 INFO  client.GrpcClientProtocolService (GrpcClientProtocolService.java:lambda$processClientRequest$0(278)) - Failed RaftClientRequest:client-352D35361D97->localhost_10001@group-DB7CD3B4A7F8, cid=42, seq=0, RW, Message:321f0a0f0a0d74657374...(size=33), reply=RaftClientReply:client-352D35361D97->localhost_10001@group-DB7CD3B4A7F8, cid=42, FAILED org.apache.ratis.protocol.LeaderNotReadyException: localhost_10001@group-DB7CD3B4A7F8 is in LEADER state but not ready yet., logIndex=0, commits[localhost_10001:c-1, localhost_10002:c-1, localhost_10000:c-1]
2019-09-26 13:33:06,440 INFO  client.GrpcClientProtocolService (GrpcClientProtocolService.java:lambda$processClientRequest$0(278)) - Failed RaftClientRequest:client-352D35361D97->localhost_10001@group-DB7CD3B4A7F8, cid=42, seq=0, RW, Message:321f0a0f0a0d74657374...(size=33), reply=RaftClientReply:client-352D35361D97->localhost_10001@group-DB7CD3B4A7F8, cid=42, FAILED org.apache.ratis.protocol.LeaderNotReadyException: localhost_10001@group-DB7CD3B4A7F8 is in LEADER state but not ready yet., logIndex=0, commits[localhost_10001:c-1, localhost_10002:c-1, localhost_10000:c-1]
2019-09-26 13:33:06,441 INFO  client.GrpcClientProtocolService (GrpcClientProtocolService.java:lambda$processClientRequest$0(278)) - Failed RaftClientRequest:client-352D35361D97->localhost_10001@group-DB7CD3B4A7F8, cid=42, seq=0, RW, Message:321f0a0f0a0d74657374...(size=33), reply=RaftClientReply:client-352D35361D97->localhost_10001@group-DB7CD3B4A7F8, cid=42, FAILED org.apache.ratis.protocol.LeaderNotReadyException: localhost_10001@group-DB7CD3B4A7F8 is in LEADER state but not ready yet., logIndex=0, commits[localhost_10001:c-1, localhost_10002:c-1, localhost_10000:c-1]
2019-09-26 13:33:06,442 INFO  client.GrpcClientProtocolService (GrpcClientProtocolService.java:lambda$processClientRequest$0(278)) - Failed RaftClientRequest:client-352D35361D97->localhost_10001@group-DB7CD3B4A7F8, cid=42, seq=0, RW, Message:321f0a0f0a0d74657374...(size=33), reply=RaftClientReply:client-352D35361D97->localhost_10001@group-DB7CD3B4A7F8, cid=42, FAILED org.apache.ratis.protocol.LeaderNotReadyException: localhost_10001@group-DB7CD3B4A7F8 is in LEADER state but not ready yet., logIndex=0, commits[localhost_10001:c-1, localhost_10002:c-1, localhost_10000:c-1]
2019-09-26 13:33:06,443 INFO  client.GrpcClientProtocolService (GrpcClientProtocolService.java:lambda$processClientRequest$0(278)) - Failed RaftClientRequest:client-352D35361D97->localhost_10001@group-DB7CD3B4A7F8, cid=42, seq=0, RW, Message:321f0a0f0a0d74657374...(size=33), reply=RaftClientReply:client-352D35361D97->localhost_10001@group-DB7CD3B4A7F8, cid=42, FAILED org.apache.ratis.protocol.LeaderNotReadyException: localhost_10001@group-DB7CD3B4A7F8 is in LEADER state but not ready yet., logIndex=0, commits[localhost_10001:c-1, localhost_10002:c-1, localhost_10000:c-1]
2019-09-26 13:33:06,444 INFO  client.GrpcClientProtocolService (GrpcClientProtocolService.java:lambda$processClientRequest$0(278)) - Failed RaftClientRequest:client-352D35361D97->localhost_10001@group-DB7CD3B4A7F8, cid=42, seq=0, RW, Message:321f0a0f0a0d74657374...(size=33), reply=RaftClientReply:client-352D35361D97->localhost_10001@group-DB7CD3B4A7F8, cid=42, FAILED org.apache.ratis.protocol.LeaderNotReadyException: localhost_10001@group-DB7CD3B4A7F8 is in LEADER state but not ready yet., logIndex=0, commits[localhost_10001:c-1, localhost_10002:c-1, localhost_10000:c-1]
2019-09-26 13:33:06,445 INFO  client.GrpcClientProtocolService (GrpcClientProtocolService.java:lambda$processClientRequest$0(278)) - Failed RaftClientRequest:client-352D35361D97->localhost_10001@group-DB7CD3B4A7F8, cid=42, seq=0, RW, Message:321f0a0f0a0d74657374...(size=33), reply=RaftClientReply:client-352D35361D97->localhost_10001@group-DB7CD3B4A7F8, cid=42, FAILED org.apache.ratis.protocol.LeaderNotReadyException: localhost_10001@group-DB7CD3B4A7F8 is in LEADER state but not ready yet., logIndex=0, commits[localhost_10001:c-1, localhost_10002:c-1, localhost_10000:c-1]
2019-09-26 13:33:06,446 INFO  client.GrpcClientProtocolService (GrpcClientProtocolService.java:lambda$processClientRequest$0(278)) - Failed RaftClientRequest:client-352D35361D97->localhost_10001@group-DB7CD3B4A7F8, cid=42, seq=0, RW, Message:321f0a0f0a0d74657374...(size=33), reply=RaftClientReply:client-352D35361D97->localhost_10001@group-DB7CD3B4A7F8, cid=42, FAILED org.apache.ratis.protocol.LeaderNotReadyException: localhost_10001@group-DB7CD3B4A7F8 is in LEADER state but not ready yet., logIndex=0, commits[localhost_10001:c-1, localhost_10002:c-1, localhost_10000:c-1]
2019-09-26 13:33:06,447 INFO  client.GrpcClientProtocolService (GrpcClientProtocolService.java:lambda$processClientRequest$0(278)) - Failed RaftClientRequest:client-352D35361D97->localhost_10001@group-DB7CD3B4A7F8, cid=42, seq=0, RW, Message:321f0a0f0a0d74657374...(size=33), reply=RaftClientReply:client-352D35361D97->localhost_10001@group-DB7CD3B4A7F8, cid=42, FAILED org.apache.ratis.protocol.LeaderNotReadyException: localhost_10001@group-DB7CD3B4A7F8 is in LEADER state but not ready yet., logIndex=0, commits[localhost_10001:c-1, localhost_10002:c-1, localhost_10000:c-1]
2019-09-26 13:33:06,448 INFO  client.GrpcClientProtocolService (GrpcClientProtocolService.java:lambda$processClientRequest$0(278)) - Failed RaftClientRequest:client-352D35361D97->localhost_10001@group-DB7CD3B4A7F8, cid=42, seq=0, RW, Message:321f0a0f0a0d74657374...(size=33), reply=RaftClientReply:client-352D35361D97->localhost_10001@group-DB7CD3B4A7F8, cid=42, FAILED org.apache.ratis.protocol.LeaderNotReadyException: localhost_10001@group-DB7CD3B4A7F8 is in LEADER state but not ready yet., logIndex=0, commits[localhost_10001:c-1, localhost_10002:c-1, localhost_10000:c-1]
2019-09-26 13:33:06,449 INFO  client.GrpcClientProtocolService (GrpcClientProtocolService.java:lambda$processClientRequest$0(278)) - Failed RaftClientRequest:client-352D35361D97->localhost_10001@group-DB7CD3B4A7F8, cid=42, seq=0, RW, Message:321f0a0f0a0d74657374...(size=33), reply=RaftClientReply:client-352D35361D97->localhost_10001@group-DB7CD3B4A7F8, cid=42, FAILED org.apache.ratis.protocol.LeaderNotReadyException: localhost_10001@group-DB7CD3B4A7F8 is in LEADER state but not ready yet., logIndex=0, commits[localhost_10001:c-1, localhost_10002:c-1, localhost_10000:c-1]
2019-09-26 13:33:06,450 INFO  client.GrpcClientProtocolService (GrpcClientProtocolService.java:lambda$processClientRequest$0(278)) - Failed RaftClientRequest:client-352D35361D97->localhost_10001@group-DB7CD3B4A7F8, cid=42, seq=0, RW, Message:321f0a0f0a0d74657374...(size=33), reply=RaftClientReply:client-352D35361D97->localhost_10001@group-DB7CD3B4A7F8, cid=42, FAILED org.apache.ratis.protocol.LeaderNotReadyException: localhost_10001@group-DB7CD3B4A7F8 is in LEADER state but not ready yet., logIndex=0, commits[localhost_10001:c-1, localhost_10002:c-1, localhost_10000:c-1]
2019-09-26 13:33:06,451 INFO  client.GrpcClientProtocolService (GrpcClientProtocolService.java:lambda$processClientRequest$0(278)) - Failed RaftClientRequest:client-352D35361D97->localhost_10001@group-DB7CD3B4A7F8, cid=42, seq=0, RW, Message:321f0a0f0a0d74657374...(size=33), reply=RaftClientReply:client-352D35361D97->localhost_10001@group-DB7CD3B4A7F8, cid=42, FAILED org.apache.ratis.protocol.LeaderNotReadyException: localhost_10001@group-DB7CD3B4A7F8 is in LEADER state but not ready yet., logIndex=0, commits[localhost_10001:c-1, localhost_10002:c-1, localhost_10000:c-1]
2019-09-26 13:33:06,452 INFO  client.GrpcClientProtocolService (GrpcClientProtocolService.java:lambda$processClientRequest$0(278)) - Failed RaftClientRequest:client-352D35361D97->localhost_10001@group-DB7CD3B4A7F8, cid=42, seq=0, RW, Message:321f0a0f0a0d74657374...(size=33), reply=RaftClientReply:client-352D35361D97->localhost_10001@group-DB7CD3B4A7F8, cid=42, FAILED org.apache.ratis.protocol.LeaderNotReadyException: localhost_10001@group-DB7CD3B4A7F8 is in LEADER state but not ready yet., logIndex=0, commits[localhost_10001:c-1, localhost_10002:c-1, localhost_10000:c-1]
2019-09-26 13:33:06,453 INFO  client.GrpcClientProtocolService (GrpcClientProtocolService.java:lambda$processClientRequest$0(278)) - Failed RaftClientRequest:client-352D35361D97->localhost_10001@group-DB7CD3B4A7F8, cid=42, seq=0, RW, Message:321f0a0f0a0d74657374...(size=33), reply=RaftClientReply:client-352D35361D97->localhost_10001@group-DB7CD3B4A7F8, cid=42, FAILED org.apache.ratis.protocol.LeaderNotReadyException: localhost_10001@group-DB7CD3B4A7F8 is in LEADER state but not ready yet., logIndex=0, commits[localhost_10001:c-1, localhost_10002:c-1, localhost_10000:c-1]
2019-09-26 13:33:06,453 INFO  client.GrpcClientProtocolService (GrpcClientProtocolService.java:lambda$processClientRequest$0(278)) - Failed RaftClientRequest:client-352D35361D97->localhost_10001@group-DB7CD3B4A7F8, cid=42, seq=0, RW, Message:321f0a0f0a0d74657374...(size=33), reply=RaftClientReply:client-352D35361D97->localhost_10001@group-DB7CD3B4A7F8, cid=42, FAILED org.apache.ratis.protocol.LeaderNotReadyException: localhost_10001@group-DB7CD3B4A7F8 is in LEADER state but not ready yet., logIndex=0, commits[localhost_10001:c-1, localhost_10002:c-1, localhost_10000:c-1]
2019-09-26 13:33:06,454 INFO  client.GrpcClientProtocolService (GrpcClientProtocolService.java:lambda$processClientRequest$0(278)) - Failed RaftClientRequest:client-352D35361D97->localhost_10001@group-DB7CD3B4A7F8, cid=42, seq=0, RW, Message:321f0a0f0a0d74657374...(size=33), reply=RaftClientReply:client-352D35361D97->localhost_10001@group-DB7CD3B4A7F8, cid=42, FAILED org.apache.ratis.protocol.LeaderNotReadyException: localhost_10001@group-DB7CD3B4A7F8 is in LEADER state but not ready yet., logIndex=0, commits[localhost_10001:c-1, localhost_10002:c-1, localhost_10000:c-1]
2019-09-26 13:33:06,455 INFO  client.GrpcClientProtocolService (GrpcClientProtocolService.java:lambda$processClientRequest$0(278)) - Failed RaftClientRequest:client-352D35361D97->localhost_10001@group-DB7CD3B4A7F8, cid=42, seq=0, RW, Message:321f0a0f0a0d74657374...(size=33), reply=RaftClientReply:client-352D35361D97->localhost_10001@group-DB7CD3B4A7F8, cid=42, FAILED org.apache.ratis.protocol.LeaderNotReadyException: localhost_10001@group-DB7CD3B4A7F8 is in LEADER state but not ready yet., logIndex=0, commits[localhost_10001:c-1, localhost_10002:c-1, localhost_10000:c-1]
2019-09-26 13:33:06,456 INFO  client.GrpcClientProtocolService (GrpcClientProtocolService.java:lambda$processClientRequest$0(278)) - Failed RaftClientRequest:client-352D35361D97->localhost_10001@group-DB7CD3B4A7F8, cid=42, seq=0, RW, Message:321f0a0f0a0d74657374...(size=33), reply=RaftClientReply:client-352D35361D97->localhost_10001@group-DB7CD3B4A7F8, cid=42, FAILED org.apache.ratis.protocol.LeaderNotReadyException: localhost_10001@group-DB7CD3B4A7F8 is in LEADER state but not ready yet., logIndex=0, commits[localhost_10001:c-1, localhost_10002:c-1, localhost_10000:c-1]
2019-09-26 13:33:06,457 INFO  client.GrpcClientProtocolService (GrpcClientProtocolService.java:lambda$processClientRequest$0(278)) - Failed RaftClientRequest:client-352D35361D97->localhost_10001@group-DB7CD3B4A7F8, cid=42, seq=0, RW, Message:321f0a0f0a0d74657374...(size=33), reply=RaftClientReply:client-352D35361D97->localhost_10001@group-DB7CD3B4A7F8, cid=42, FAILED org.apache.ratis.protocol.LeaderNotReadyException: localhost_10001@group-DB7CD3B4A7F8 is in LEADER state but not ready yet., logIndex=0, commits[localhost_10001:c-1, localhost_10002:c-1, localhost_10000:c-1]
2019-09-26 13:33:06,458 INFO  client.GrpcClientProtocolService (GrpcClientProtocolService.java:lambda$processClientRequest$0(278)) - Failed RaftClientRequest:client-352D35361D97->localhost_10001@group-DB7CD3B4A7F8, cid=42, seq=0, RW, Message:321f0a0f0a0d74657374...(size=33), reply=RaftClientReply:client-352D35361D97->localhost_10001@group-DB7CD3B4A7F8, cid=42, FAILED org.apache.ratis.protocol.LeaderNotReadyException: localhost_10001@group-DB7CD3B4A7F8 is in LEADER state but not ready yet., logIndex=0, commits[localhost_10001:c-1, localhost_10002:c-1, localhost_10000:c-1]
2019-09-26 13:33:06,459 INFO  client.GrpcClientProtocolService (GrpcClientProtocolService.java:lambda$processClientRequest$0(278)) - Failed RaftClientRequest:client-352D35361D97->localhost_10001@group-DB7CD3B4A7F8, cid=42, seq=0, RW, Message:321f0a0f0a0d74657374...(size=33), reply=RaftClientReply:client-352D35361D97->localhost_10001@group-DB7CD3B4A7F8, cid=42, FAILED org.apache.ratis.protocol.LeaderNotReadyException: localhost_10001@group-DB7CD3B4A7F8 is in LEADER state but not ready yet., logIndex=0, commits[localhost_10001:c-1, localhost_10002:c-1, localhost_10000:c-1]
2019-09-26 13:33:06,460 INFO  client.GrpcClientProtocolService (GrpcClientProtocolService.java:lambda$processClientRequest$0(278)) - Failed RaftClientRequest:client-352D35361D97->localhost_10001@group-DB7CD3B4A7F8, cid=42, seq=0, RW, Message:321f0a0f0a0d74657374...(size=33), reply=RaftClientReply:client-352D35361D97->localhost_10001@group-DB7CD3B4A7F8, cid=42, FAILED org.apache.ratis.protocol.LeaderNotReadyException: localhost_10001@group-DB7CD3B4A7F8 is in LEADER state but not ready yet., logIndex=0, commits[localhost_10001:c-1, localhost_10002:c-1, localhost_10000:c-1]
2019-09-26 13:33:06,461 INFO  client.GrpcClientProtocolService (GrpcClientProtocolService.java:lambda$processClientRequest$0(278)) - Failed RaftClientRequest:client-352D35361D97->localhost_10001@group-DB7CD3B4A7F8, cid=42, seq=0, RW, Message:321f0a0f0a0d74657374...(size=33), reply=RaftClientReply:client-352D35361D97->localhost_10001@group-DB7CD3B4A7F8, cid=42, FAILED org.apache.ratis.protocol.LeaderNotReadyException: localhost_10001@group-DB7CD3B4A7F8 is in LEADER state but not ready yet., logIndex=0, commits[localhost_10001:c-1, localhost_10002:c-1, localhost_10000:c-1]
2019-09-26 13:33:06,461 INFO  client.GrpcClientProtocolService (GrpcClientProtocolService.java:lambda$processClientRequest$0(278)) - Failed RaftClientRequest:client-352D35361D97->localhost_10001@group-DB7CD3B4A7F8, cid=42, seq=0, RW, Message:321f0a0f0a0d74657374...(size=33), reply=RaftClientReply:client-352D35361D97->localhost_10001@group-DB7CD3B4A7F8, cid=42, FAILED org.apache.ratis.protocol.LeaderNotReadyException: localhost_10001@group-DB7CD3B4A7F8 is in LEADER state but not ready yet., logIndex=0, commits[localhost_10001:c-1, localhost_10002:c-1, localhost_10000:c-1]
2019-09-26 13:33:06,462 INFO  client.GrpcClientProtocolService (GrpcClientProtocolService.java:lambda$processClientRequest$0(278)) - Failed RaftClientRequest:client-352D35361D97->localhost_10001@group-DB7CD3B4A7F8, cid=42, seq=0, RW, Message:321f0a0f0a0d74657374...(size=33), reply=RaftClientReply:client-352D35361D97->localhost_10001@group-DB7CD3B4A7F8, cid=42, FAILED org.apache.ratis.protocol.LeaderNotReadyException: localhost_10001@group-DB7CD3B4A7F8 is in LEADER state but not ready yet., logIndex=0, commits[localhost_10001:c-1, localhost_10002:c-1, localhost_10000:c-1]
2019-09-26 13:33:06,463 INFO  client.GrpcClientProtocolService (GrpcClientProtocolService.java:lambda$processClientRequest$0(278)) - Failed RaftClientRequest:client-352D35361D97->localhost_10001@group-DB7CD3B4A7F8, cid=42, seq=0, RW, Message:321f0a0f0a0d74657374...(size=33), reply=RaftClientReply:client-352D35361D97->localhost_10001@group-DB7CD3B4A7F8, cid=42, FAILED org.apache.ratis.protocol.LeaderNotReadyException: localhost_10001@group-DB7CD3B4A7F8 is in LEADER state but not ready yet., logIndex=0, commits[localhost_10001:c-1, localhost_10002:c-1, localhost_10000:c-1]
2019-09-26 13:33:06,464 INFO  client.GrpcClientProtocolService (GrpcClientProtocolService.java:lambda$processClientRequest$0(278)) - Failed RaftClientRequest:client-352D35361D97->localhost_10001@group-DB7CD3B4A7F8, cid=42, seq=0, RW, Message:321f0a0f0a0d74657374...(size=33), reply=RaftClientReply:client-352D35361D97->localhost_10001@group-DB7CD3B4A7F8, cid=42, FAILED org.apache.ratis.protocol.LeaderNotReadyException: localhost_10001@group-DB7CD3B4A7F8 is in LEADER state but not ready yet., logIndex=0, commits[localhost_10001:c-1, localhost_10002:c-1, localhost_10000:c-1]
2019-09-26 13:33:06,465 INFO  client.GrpcClientProtocolService (GrpcClientProtocolService.java:lambda$processClientRequest$0(278)) - Failed RaftClientRequest:client-352D35361D97->localhost_10001@group-DB7CD3B4A7F8, cid=42, seq=0, RW, Message:321f0a0f0a0d74657374...(size=33), reply=RaftClientReply:client-352D35361D97->localhost_10001@group-DB7CD3B4A7F8, cid=42, FAILED org.apache.ratis.protocol.LeaderNotReadyException: localhost_10001@group-DB7CD3B4A7F8 is in LEADER state but not ready yet., logIndex=0, commits[localhost_10001:c-1, localhost_10002:c-1, localhost_10000:c-1]
2019-09-26 13:33:06,466 INFO  client.GrpcClientProtocolService (GrpcClientProtocolService.java:lambda$processClientRequest$0(278)) - Failed RaftClientRequest:client-352D35361D97->localhost_10001@group-DB7CD3B4A7F8, cid=42, seq=0, RW, Message:321f0a0f0a0d74657374...(size=33), reply=RaftClientReply:client-352D35361D97->localhost_10001@group-DB7CD3B4A7F8, cid=42, FAILED org.apache.ratis.protocol.LeaderNotReadyException: localhost_10001@group-DB7CD3B4A7F8 is in LEADER state but not ready yet., logIndex=0, commits[localhost_10001:c-1, localhost_10002:c-1, localhost_10000:c-1]
2019-09-26 13:33:06,467 INFO  client.GrpcClientProtocolService (GrpcClientProtocolService.java:lambda$processClientRequest$0(278)) - Failed RaftClientRequest:client-352D35361D97->localhost_10001@group-DB7CD3B4A7F8, cid=42, seq=0, RW, Message:321f0a0f0a0d74657374...(size=33), reply=RaftClientReply:client-352D35361D97->localhost_10001@group-DB7CD3B4A7F8, cid=42, FAILED org.apache.ratis.protocol.LeaderNotReadyException: localhost_10001@group-DB7CD3B4A7F8 is in LEADER state but not ready yet., logIndex=0, commits[localhost_10001:c-1, localhost_10002:c-1, localhost_10000:c-1]
2019-09-26 13:33:06,468 INFO  client.GrpcClientProtocolService (GrpcClientProtocolService.java:lambda$processClientRequest$0(278)) - Failed RaftClientRequest:client-352D35361D97->localhost_10001@group-DB7CD3B4A7F8, cid=42, seq=0, RW, Message:321f0a0f0a0d74657374...(size=33), reply=RaftClientReply:client-352D35361D97->localhost_10001@group-DB7CD3B4A7F8, cid=42, FAILED org.apache.ratis.protocol.LeaderNotReadyException: localhost_10001@group-DB7CD3B4A7F8 is in LEADER state but not ready yet., logIndex=0, commits[localhost_10001:c-1, localhost_10002:c-1, localhost_10000:c-1]
2019-09-26 13:33:06,469 INFO  client.GrpcClientProtocolService (GrpcClientProtocolService.java:lambda$processClientRequest$0(278)) - Failed RaftClientRequest:client-352D35361D97->localhost_10001@group-DB7CD3B4A7F8, cid=42, seq=0, RW, Message:321f0a0f0a0d74657374...(size=33), reply=RaftClientReply:client-352D35361D97->localhost_10001@group-DB7CD3B4A7F8, cid=42, FAILED org.apache.ratis.protocol.LeaderNotReadyException: localhost_10001@group-DB7CD3B4A7F8 is in LEADER state but not ready yet., logIndex=0, commits[localhost_10001:c-1, localhost_10002:c-1, localhost_10000:c-1]
2019-09-26 13:33:06,470 INFO  client.GrpcClientProtocolService (GrpcClientProtocolService.java:lambda$processClientRequest$0(278)) - Failed RaftClientRequest:client-352D35361D97->localhost_10001@group-DB7CD3B4A7F8, cid=42, seq=0, RW, Message:321f0a0f0a0d74657374...(size=33), reply=RaftClientReply:client-352D35361D97->localhost_10001@group-DB7CD3B4A7F8, cid=42, FAILED org.apache.ratis.protocol.LeaderNotReadyException: localhost_10001@group-DB7CD3B4A7F8 is in LEADER state but not ready yet., logIndex=0, commits[localhost_10001:c-1, localhost_10002:c-1, localhost_10000:c-1]
2019-09-26 13:33:06,470 INFO  client.GrpcClientProtocolService (GrpcClientProtocolService.java:lambda$processClientRequest$0(278)) - Failed RaftClientRequest:client-352D35361D97->localhost_10001@group-DB7CD3B4A7F8, cid=42, seq=0, RW, Message:321f0a0f0a0d74657374...(size=33), reply=RaftClientReply:client-352D35361D97->localhost_10001@group-DB7CD3B4A7F8, cid=42, FAILED org.apache.ratis.protocol.LeaderNotReadyException: localhost_10001@group-DB7CD3B4A7F8 is in LEADER state but not ready yet., logIndex=0, commits[localhost_10001:c-1, localhost_10002:c-1, localhost_10000:c-1]
2019-09-26 13:33:06,471 INFO  client.GrpcClientProtocolService (GrpcClientProtocolService.java:lambda$processClientRequest$0(278)) - Failed RaftClientRequest:client-352D35361D97->localhost_10001@group-DB7CD3B4A7F8, cid=42, seq=0, RW, Message:321f0a0f0a0d74657374...(size=33), reply=RaftClientReply:client-352D35361D97->localhost_10001@group-DB7CD3B4A7F8, cid=42, FAILED org.apache.ratis.protocol.LeaderNotReadyException: localhost_10001@group-DB7CD3B4A7F8 is in LEADER state but not ready yet., logIndex=0, commits[localhost_10001:c-1, localhost_10002:c-1, localhost_10000:c-1]
2019-09-26 13:33:06,472 INFO  client.GrpcClientProtocolService (GrpcClientProtocolService.java:lambda$processClientRequest$0(278)) - Failed RaftClientRequest:client-352D35361D97->localhost_10001@group-DB7CD3B4A7F8, cid=42, seq=0, RW, Message:321f0a0f0a0d74657374...(size=33), reply=RaftClientReply:client-352D35361D97->localhost_10001@group-DB7CD3B4A7F8, cid=42, FAILED org.apache.ratis.protocol.LeaderNotReadyException: localhost_10001@group-DB7CD3B4A7F8 is in LEADER state but not ready yet., logIndex=0, commits[localhost_10001:c-1, localhost_10002:c-1, localhost_10000:c-1]
2019-09-26 13:33:06,473 INFO  client.GrpcClientProtocolService (GrpcClientProtocolService.java:lambda$processClientRequest$0(278)) - Failed RaftClientRequest:client-352D35361D97->localhost_10001@group-DB7CD3B4A7F8, cid=42, seq=0, RW, Message:321f0a0f0a0d74657374...(size=33), reply=RaftClientReply:client-352D35361D97->localhost_10001@group-DB7CD3B4A7F8, cid=42, FAILED org.apache.ratis.protocol.LeaderNotReadyException: localhost_10001@group-DB7CD3B4A7F8 is in LEADER state but not ready yet., logIndex=0, commits[localhost_10001:c-1, localhost_10002:c-1, localhost_10000:c-1]
2019-09-26 13:33:06,474 INFO  client.GrpcClientProtocolService (GrpcClientProtocolService.java:lambda$processClientRequest$0(278)) - Failed RaftClientRequest:client-352D35361D97->localhost_10001@group-DB7CD3B4A7F8, cid=42, seq=0, RW, Message:321f0a0f0a0d74657374...(size=33), reply=RaftClientReply:client-352D35361D97->localhost_10001@group-DB7CD3B4A7F8, cid=42, FAILED org.apache.ratis.protocol.LeaderNotReadyException: localhost_10001@group-DB7CD3B4A7F8 is in LEADER state but not ready yet., logIndex=0, commits[localhost_10001:c-1, localhost_10002:c-1, localhost_10000:c-1]
2019-09-26 13:33:06,475 INFO  client.GrpcClientProtocolService (GrpcClientProtocolService.java:lambda$processClientRequest$0(278)) - Failed RaftClientRequest:client-352D35361D97->localhost_10001@group-DB7CD3B4A7F8, cid=42, seq=0, RW, Message:321f0a0f0a0d74657374...(size=33), reply=RaftClientReply:client-352D35361D97->localhost_10001@group-DB7CD3B4A7F8, cid=42, FAILED org.apache.ratis.protocol.LeaderNotReadyException: localhost_10001@group-DB7CD3B4A7F8 is in LEADER state but not ready yet., logIndex=0, commits[localhost_10001:c-1, localhost_10002:c-1, localhost_10000:c-1]
2019-09-26 13:33:06,476 INFO  client.GrpcClientProtocolService (GrpcClientProtocolService.java:lambda$processClientRequest$0(278)) - Failed RaftClientRequest:client-352D35361D97->localhost_10001@group-DB7CD3B4A7F8, cid=42, seq=0, RW, Message:321f0a0f0a0d74657374...(size=33), reply=RaftClientReply:client-352D35361D97->localhost_10001@group-DB7CD3B4A7F8, cid=42, FAILED org.apache.ratis.protocol.LeaderNotReadyException: localhost_10001@group-DB7CD3B4A7F8 is in LEADER state but not ready yet., logIndex=0, commits[localhost_10001:c-1, localhost_10002:c-1, localhost_10000:c-1]
2019-09-26 13:33:06,477 INFO  client.GrpcClientProtocolService (GrpcClientProtocolService.java:lambda$processClientRequest$0(278)) - Failed RaftClientRequest:client-352D35361D97->localhost_10001@group-DB7CD3B4A7F8, cid=42, seq=0, RW, Message:321f0a0f0a0d74657374...(size=33), reply=RaftClientReply:client-352D35361D97->localhost_10001@group-DB7CD3B4A7F8, cid=42, FAILED org.apache.ratis.protocol.LeaderNotReadyException: localhost_10001@group-DB7CD3B4A7F8 is in LEADER state but not ready yet., logIndex=0, commits[localhost_10001:c-1, localhost_10002:c-1, localhost_10000:c-1]
2019-09-26 13:33:06,478 INFO  client.GrpcClientProtocolService (GrpcClientProtocolService.java:lambda$processClientRequest$0(278)) - Failed RaftClientRequest:client-352D35361D97->localhost_10001@group-DB7CD3B4A7F8, cid=42, seq=0, RW, Message:321f0a0f0a0d74657374...(size=33), reply=RaftClientReply:client-352D35361D97->localhost_10001@group-DB7CD3B4A7F8, cid=42, FAILED org.apache.ratis.protocol.LeaderNotReadyException: localhost_10001@group-DB7CD3B4A7F8 is in LEADER state but not ready yet., logIndex=0, commits[localhost_10001:c-1, localhost_10002:c-1, localhost_10000:c-1]
2019-09-26 13:33:06,479 INFO  client.GrpcClientProtocolService (GrpcClientProtocolService.java:lambda$processClientRequest$0(278)) - Failed RaftClientRequest:client-352D35361D97->localhost_10001@group-DB7CD3B4A7F8, cid=42, seq=0, RW, Message:321f0a0f0a0d74657374...(size=33), reply=RaftClientReply:client-352D35361D97->localhost_10001@group-DB7CD3B4A7F8, cid=42, FAILED org.apache.ratis.protocol.LeaderNotReadyException: localhost_10001@group-DB7CD3B4A7F8 is in LEADER state but not ready yet., logIndex=0, commits[localhost_10001:c-1, localhost_10002:c-1, localhost_10000:c-1]
2019-09-26 13:33:06,481 INFO  client.GrpcClientProtocolService (GrpcClientProtocolService.java:lambda$processClientRequest$0(278)) - Failed RaftClientRequest:client-352D35361D97->localhost_10001@group-DB7CD3B4A7F8, cid=42, seq=0, RW, Message:321f0a0f0a0d74657374...(size=33), reply=RaftClientReply:client-352D35361D97->localhost_10001@group-DB7CD3B4A7F8, cid=42, FAILED org.apache.ratis.protocol.LeaderNotReadyException: localhost_10001@group-DB7CD3B4A7F8 is in LEADER state but not ready yet., logIndex=0, commits[localhost_10001:c-1, localhost_10002:c-1, localhost_10000:c-1]
2019-09-26 13:33:06,482 INFO  client.GrpcClientProtocolService (GrpcClientProtocolService.java:lambda$processClientRequest$0(278)) - Failed RaftClientRequest:client-352D35361D97->localhost_10001@group-DB7CD3B4A7F8, cid=42, seq=0, RW, Message:321f0a0f0a0d74657374...(size=33), reply=RaftClientReply:client-352D35361D97->localhost_10001@group-DB7CD3B4A7F8, cid=42, FAILED org.apache.ratis.protocol.LeaderNotReadyException: localhost_10001@group-DB7CD3B4A7F8 is in LEADER state but not ready yet., logIndex=0, commits[localhost_10001:c-1, localhost_10002:c-1, localhost_10000:c-1]
2019-09-26 13:33:06,483 INFO  client.GrpcClientProtocolService (GrpcClientProtocolService.java:lambda$processClientRequest$0(278)) - Failed RaftClientRequest:client-352D35361D97->localhost_10001@group-DB7CD3B4A7F8, cid=42, seq=0, RW, Message:321f0a0f0a0d74657374...(size=33), reply=RaftClientReply:client-352D35361D97->localhost_10001@group-DB7CD3B4A7F8, cid=42, FAILED org.apache.ratis.protocol.LeaderNotReadyException: localhost_10001@group-DB7CD3B4A7F8 is in LEADER state but not ready yet., logIndex=0, commits[localhost_10001:c-1, localhost_10002:c-1, localhost_10000:c-1]
2019-09-26 13:33:06,484 INFO  client.GrpcClientProtocolService (GrpcClientProtocolService.java:lambda$processClientRequest$0(278)) - Failed RaftClientRequest:client-352D35361D97->localhost_10001@group-DB7CD3B4A7F8, cid=42, seq=0, RW, Message:321f0a0f0a0d74657374...(size=33), reply=RaftClientReply:client-352D35361D97->localhost_10001@group-DB7CD3B4A7F8, cid=42, FAILED org.apache.ratis.protocol.LeaderNotReadyException: localhost_10001@group-DB7CD3B4A7F8 is in LEADER state but not ready yet., logIndex=0, commits[localhost_10001:c-1, localhost_10002:c-1, localhost_10000:c-1]
2019-09-26 13:33:06,485 INFO  client.GrpcClientProtocolService (GrpcClientProtocolService.java:lambda$processClientRequest$0(278)) - Failed RaftClientRequest:client-352D35361D97->localhost_10001@group-DB7CD3B4A7F8, cid=42, seq=0, RW, Message:321f0a0f0a0d74657374...(size=33), reply=RaftClientReply:client-352D35361D97->localhost_10001@group-DB7CD3B4A7F8, cid=42, FAILED org.apache.ratis.protocol.LeaderNotReadyException: localhost_10001@group-DB7CD3B4A7F8 is in LEADER state but not ready yet., logIndex=0, commits[localhost_10001:c-1, localhost_10002:c-1, localhost_10000:c-1]
2019-09-26 13:33:06,486 INFO  client.GrpcClientProtocolService (GrpcClientProtocolService.java:lambda$processClientRequest$0(278)) - Failed RaftClientRequest:client-352D35361D97->localhost_10001@group-DB7CD3B4A7F8, cid=42, seq=0, RW, Message:321f0a0f0a0d74657374...(size=33), reply=RaftClientReply:client-352D35361D97->localhost_10001@group-DB7CD3B4A7F8, cid=42, FAILED org.apache.ratis.protocol.LeaderNotReadyException: localhost_10001@group-DB7CD3B4A7F8 is in LEADER state but not ready yet., logIndex=0, commits[localhost_10001:c-1, localhost_10002:c-1, localhost_10000:c-1]
2019-09-26 13:33:06,487 INFO  client.GrpcClientProtocolService (GrpcClientProtocolService.java:lambda$processClientRequest$0(278)) - Failed RaftClientRequest:client-352D35361D97->localhost_10001@group-DB7CD3B4A7F8, cid=42, seq=0, RW, Message:321f0a0f0a0d74657374...(size=33), reply=RaftClientReply:client-352D35361D97->localhost_10001@group-DB7CD3B4A7F8, cid=42, FAILED org.apache.ratis.protocol.LeaderNotReadyException: localhost_10001@group-DB7CD3B4A7F8 is in LEADER state but not ready yet., logIndex=0, commits[localhost_10001:c-1, localhost_10002:c-1, localhost_10000:c-1]
2019-09-26 13:33:06,488 INFO  client.GrpcClientProtocolService (GrpcClientProtocolService.java:lambda$processClientRequest$0(278)) - Failed RaftClientRequest:client-352D35361D97->localhost_10001@group-DB7CD3B4A7F8, cid=42, seq=0, RW, Message:321f0a0f0a0d74657374...(size=33), reply=RaftClientReply:client-352D35361D97->localhost_10001@group-DB7CD3B4A7F8, cid=42, FAILED org.apache.ratis.protocol.LeaderNotReadyException: localhost_10001@group-DB7CD3B4A7F8 is in LEADER state but not ready yet., logIndex=0, commits[localhost_10001:c-1, localhost_10002:c-1, localhost_10000:c-1]
2019-09-26 13:33:06,489 INFO  client.GrpcClientProtocolService (GrpcClientProtocolService.java:lambda$processClientRequest$0(278)) - Failed RaftClientRequest:client-352D35361D97->localhost_10001@group-DB7CD3B4A7F8, cid=42, seq=0, RW, Message:321f0a0f0a0d74657374...(size=33), reply=RaftClientReply:client-352D35361D97->localhost_10001@group-DB7CD3B4A7F8, cid=42, FAILED org.apache.ratis.protocol.LeaderNotReadyException: localhost_10001@group-DB7CD3B4A7F8 is in LEADER state but not ready yet., logIndex=0, commits[localhost_10001:c-1, localhost_10002:c-1, localhost_10000:c-1]
2019-09-26 13:33:06,490 INFO  client.GrpcClientProtocolService (GrpcClientProtocolService.java:lambda$processClientRequest$0(278)) - Failed RaftClientRequest:client-352D35361D97->localhost_10001@group-DB7CD3B4A7F8, cid=42, seq=0, RW, Message:321f0a0f0a0d74657374...(size=33), reply=RaftClientReply:client-352D35361D97->localhost_10001@group-DB7CD3B4A7F8, cid=42, FAILED org.apache.ratis.protocol.LeaderNotReadyException: localhost_10001@group-DB7CD3B4A7F8 is in LEADER state but not ready yet., logIndex=0, commits[localhost_10001:c-1, localhost_10002:c-1, localhost_10000:c-1]
2019-09-26 13:33:06,491 INFO  client.GrpcClientProtocolService (GrpcClientProtocolService.java:lambda$processClientRequest$0(278)) - Failed RaftClientRequest:client-352D35361D97->localhost_10001@group-DB7CD3B4A7F8, cid=42, seq=0, RW, Message:321f0a0f0a0d74657374...(size=33), reply=RaftClientReply:client-352D35361D97->localhost_10001@group-DB7CD3B4A7F8, cid=42, FAILED org.apache.ratis.protocol.LeaderNotReadyException: localhost_10001@group-DB7CD3B4A7F8 is in LEADER state but not ready yet., logIndex=0, commits[localhost_10001:c-1, localhost_10002:c-1, localhost_10000:c-1]
2019-09-26 13:33:06,492 INFO  client.GrpcClientProtocolService (GrpcClientProtocolService.java:lambda$processClientRequest$0(278)) - Failed RaftClientRequest:client-352D35361D97->localhost_10001@group-DB7CD3B4A7F8, cid=42, seq=0, RW, Message:321f0a0f0a0d74657374...(size=33), reply=RaftClientReply:client-352D35361D97->localhost_10001@group-DB7CD3B4A7F8, cid=42, FAILED org.apache.ratis.protocol.LeaderNotReadyException: localhost_10001@group-DB7CD3B4A7F8 is in LEADER state but not ready yet., logIndex=0, commits[localhost_10001:c-1, localhost_10002:c-1, localhost_10000:c-1]
2019-09-26 13:33:06,493 INFO  client.GrpcClientProtocolService (GrpcClientProtocolService.java:lambda$processClientRequest$0(278)) - Failed RaftClientRequest:client-352D35361D97->localhost_10001@group-DB7CD3B4A7F8, cid=42, seq=0, RW, Message:321f0a0f0a0d74657374...(size=33), reply=RaftClientReply:client-352D35361D97->localhost_10001@group-DB7CD3B4A7F8, cid=42, FAILED org.apache.ratis.protocol.LeaderNotReadyException: localhost_10001@group-DB7CD3B4A7F8 is in LEADER state but not ready yet., logIndex=0, commits[localhost_10001:c-1, localhost_10002:c-1, localhost_10000:c-1]
2019-09-26 13:33:06,494 INFO  client.GrpcClientProtocolService (GrpcClientProtocolService.java:lambda$processClientRequest$0(278)) - Failed RaftClientRequest:client-352D35361D97->localhost_10001@group-DB7CD3B4A7F8, cid=42, seq=0, RW, Message:321f0a0f0a0d74657374...(size=33), reply=RaftClientReply:client-352D35361D97->localhost_10001@group-DB7CD3B4A7F8, cid=42, FAILED org.apache.ratis.protocol.LeaderNotReadyException: localhost_10001@group-DB7CD3B4A7F8 is in LEADER state but not ready yet., logIndex=0, commits[localhost_10001:c-1, localhost_10002:c-1, localhost_10000:c-1]
2019-09-26 13:33:06,495 INFO  client.GrpcClientProtocolService (GrpcClientProtocolService.java:lambda$processClientRequest$0(278)) - Failed RaftClientRequest:client-352D35361D97->localhost_10001@group-DB7CD3B4A7F8, cid=42, seq=0, RW, Message:321f0a0f0a0d74657374...(size=33), reply=RaftClientReply:client-352D35361D97->localhost_10001@group-DB7CD3B4A7F8, cid=42, FAILED org.apache.ratis.protocol.LeaderNotReadyException: localhost_10001@group-DB7CD3B4A7F8 is in LEADER state but not ready yet., logIndex=0, commits[localhost_10001:c-1, localhost_10002:c-1, localhost_10000:c-1]
2019-09-26 13:33:06,496 INFO  client.GrpcClientProtocolService (GrpcClientProtocolService.java:lambda$processClientRequest$0(278)) - Failed RaftClientRequest:client-352D35361D97->localhost_10001@group-DB7CD3B4A7F8, cid=42, seq=0, RW, Message:321f0a0f0a0d74657374...(size=33), reply=RaftClientReply:client-352D35361D97->localhost_10001@group-DB7CD3B4A7F8, cid=42, FAILED org.apache.ratis.protocol.LeaderNotReadyException: localhost_10001@group-DB7CD3B4A7F8 is in LEADER state but not ready yet., logIndex=0, commits[localhost_10001:c-1, localhost_10002:c-1, localhost_10000:c-1]
2019-09-26 13:33:06,496 INFO  client.GrpcClientProtocolService (GrpcClientProtocolService.java:lambda$processClientRequest$0(278)) - Failed RaftClientRequest:client-352D35361D97->localhost_10001@group-DB7CD3B4A7F8, cid=42, seq=0, RW, Message:321f0a0f0a0d74657374...(size=33), reply=RaftClientReply:client-352D35361D97->localhost_10001@group-DB7CD3B4A7F8, cid=42, FAILED org.apache.ratis.protocol.LeaderNotReadyException: localhost_10001@group-DB7CD3B4A7F8 is in LEADER state but not ready yet., logIndex=0, commits[localhost_10001:c-1, localhost_10002:c-1, localhost_10000:c-1]
2019-09-26 13:33:06,497 INFO  client.GrpcClientProtocolService (GrpcClientProtocolService.java:lambda$processClientRequest$0(278)) - Failed RaftClientRequest:client-352D35361D97->localhost_10001@group-DB7CD3B4A7F8, cid=42, seq=0, RW, Message:321f0a0f0a0d74657374...(size=33), reply=RaftClientReply:client-352D35361D97->localhost_10001@group-DB7CD3B4A7F8, cid=42, FAILED org.apache.ratis.protocol.LeaderNotReadyException: localhost_10001@group-DB7CD3B4A7F8 is in LEADER state but not ready yet., logIndex=0, commits[localhost_10001:c-1, localhost_10002:c-1, localhost_10000:c-1]
2019-09-26 13:33:06,498 INFO  client.GrpcClientProtocolService (GrpcClientProtocolService.java:lambda$processClientRequest$0(278)) - Failed RaftClientRequest:client-352D35361D97->localhost_10001@group-DB7CD3B4A7F8, cid=42, seq=0, RW, Message:321f0a0f0a0d74657374...(size=33), reply=RaftClientReply:client-352D35361D97->localhost_10001@group-DB7CD3B4A7F8, cid=42, FAILED org.apache.ratis.protocol.LeaderNotReadyException: localhost_10001@group-DB7CD3B4A7F8 is in LEADER state but not ready yet., logIndex=0, commits[localhost_10001:c-1, localhost_10002:c-1, localhost_10000:c-1]
2019-09-26 13:33:06,499 INFO  client.GrpcClientProtocolService (GrpcClientProtocolService.java:lambda$processClientRequest$0(278)) - Failed RaftClientRequest:client-352D35361D97->localhost_10001@group-DB7CD3B4A7F8, cid=42, seq=0, RW, Message:321f0a0f0a0d74657374...(size=33), reply=RaftClientReply:client-352D35361D97->localhost_10001@group-DB7CD3B4A7F8, cid=42, FAILED org.apache.ratis.protocol.LeaderNotReadyException: localhost_10001@group-DB7CD3B4A7F8 is in LEADER state but not ready yet., logIndex=0, commits[localhost_10001:c-1, localhost_10002:c-1, localhost_10000:c-1]
2019-09-26 13:33:06,500 INFO  client.GrpcClientProtocolService (GrpcClientProtocolService.java:lambda$processClientRequest$0(278)) - Failed RaftClientRequest:client-352D35361D97->localhost_10001@group-DB7CD3B4A7F8, cid=42, seq=0, RW, Message:321f0a0f0a0d74657374...(size=33), reply=RaftClientReply:client-352D35361D97->localhost_10001@group-DB7CD3B4A7F8, cid=42, FAILED org.apache.ratis.protocol.LeaderNotReadyException: localhost_10001@group-DB7CD3B4A7F8 is in LEADER state but not ready yet., logIndex=0, commits[localhost_10001:c-1, localhost_10002:c-1, localhost_10000:c-1]
2019-09-26 13:33:06,501 INFO  client.GrpcClientProtocolService (GrpcClientProtocolService.java:lambda$processClientRequest$0(278)) - Failed RaftClientRequest:client-352D35361D97->localhost_10001@group-DB7CD3B4A7F8, cid=42, seq=0, RW, Message:321f0a0f0a0d74657374...(size=33), reply=RaftClientReply:client-352D35361D97->localhost_10001@group-DB7CD3B4A7F8, cid=42, FAILED org.apache.ratis.protocol.LeaderNotReadyException: localhost_10001@group-DB7CD3B4A7F8 is in LEADER state but not ready yet., logIndex=0, commits[localhost_10001:c-1, localhost_10002:c-1, localhost_10000:c-1]
2019-09-26 13:33:06,502 INFO  client.GrpcClientProtocolService (GrpcClientProtocolService.java:lambda$processClientRequest$0(278)) - Failed RaftClientRequest:client-352D35361D97->localhost_10001@group-DB7CD3B4A7F8, cid=42, seq=0, RW, Message:321f0a0f0a0d74657374...(size=33), reply=RaftClientReply:client-352D35361D97->localhost_10001@group-DB7CD3B4A7F8, cid=42, FAILED org.apache.ratis.protocol.LeaderNotReadyException: localhost_10001@group-DB7CD3B4A7F8 is in LEADER state but not ready yet., logIndex=0, commits[localhost_10001:c-1, localhost_10002:c-1, localhost_10000:c-1]
2019-09-26 13:33:06,503 INFO  client.GrpcClientProtocolService (GrpcClientProtocolService.java:lambda$processClientRequest$0(278)) - Failed RaftClientRequest:client-352D35361D97->localhost_10001@group-DB7CD3B4A7F8, cid=42, seq=0, RW, Message:321f0a0f0a0d74657374...(size=33), reply=RaftClientReply:client-352D35361D97->localhost_10001@group-DB7CD3B4A7F8, cid=42, FAILED org.apache.ratis.protocol.LeaderNotReadyException: localhost_10001@group-DB7CD3B4A7F8 is in LEADER state but not ready yet., logIndex=0, commits[localhost_10001:c-1, localhost_10002:c-1, localhost_10000:c-1]
2019-09-26 13:33:06,504 INFO  client.GrpcClientProtocolService (GrpcClientProtocolService.java:lambda$processClientRequest$0(278)) - Failed RaftClientRequest:client-352D35361D97->localhost_10001@group-DB7CD3B4A7F8, cid=42, seq=0, RW, Message:321f0a0f0a0d74657374...(size=33), reply=RaftClientReply:client-352D35361D97->localhost_10001@group-DB7CD3B4A7F8, cid=42, FAILED org.apache.ratis.protocol.LeaderNotReadyException: localhost_10001@group-DB7CD3B4A7F8 is in LEADER state but not ready yet., logIndex=0, commits[localhost_10001:c-1, localhost_10002:c-1, localhost_10000:c-1]
2019-09-26 13:33:06,505 INFO  client.GrpcClientProtocolService (GrpcClientProtocolService.java:lambda$processClientRequest$0(278)) - Failed RaftClientRequest:client-352D35361D97->localhost_10001@group-DB7CD3B4A7F8, cid=42, seq=0, RW, Message:321f0a0f0a0d74657374...(size=33), reply=RaftClientReply:client-352D35361D97->localhost_10001@group-DB7CD3B4A7F8, cid=42, FAILED org.apache.ratis.protocol.LeaderNotReadyException: localhost_10001@group-DB7CD3B4A7F8 is in LEADER state but not ready yet., logIndex=0, commits[localhost_10001:c-1, localhost_10002:c-1, localhost_10000:c-1]
2019-09-26 13:33:06,506 INFO  client.GrpcClientProtocolService (GrpcClientProtocolService.java:lambda$processClientRequest$0(278)) - Failed RaftClientRequest:client-352D35361D97->localhost_10001@group-DB7CD3B4A7F8, cid=42, seq=0, RW, Message:321f0a0f0a0d74657374...(size=33), reply=RaftClientReply:client-352D35361D97->localhost_10001@group-DB7CD3B4A7F8, cid=42, FAILED org.apache.ratis.protocol.LeaderNotReadyException: localhost_10001@group-DB7CD3B4A7F8 is in LEADER state but not ready yet., logIndex=0, commits[localhost_10001:c-1, localhost_10002:c-1, localhost_10000:c-1]
2019-09-26 13:33:06,506 INFO  client.GrpcClientProtocolService (GrpcClientProtocolService.java:lambda$processClientRequest$0(278)) - Failed RaftClientRequest:client-352D35361D97->localhost_10001@group-DB7CD3B4A7F8, cid=42, seq=0, RW, Message:321f0a0f0a0d74657374...(size=33), reply=RaftClientReply:client-352D35361D97->localhost_10001@group-DB7CD3B4A7F8, cid=42, FAILED org.apache.ratis.protocol.LeaderNotReadyException: localhost_10001@group-DB7CD3B4A7F8 is in LEADER state but not ready yet., logIndex=0, commits[localhost_10001:c-1, localhost_10002:c-1, localhost_10000:c-1]
2019-09-26 13:33:06,507 INFO  client.GrpcClientProtocolService (GrpcClientProtocolService.java:lambda$processClientRequest$0(278)) - Failed RaftClientRequest:client-352D35361D97->localhost_10001@group-DB7CD3B4A7F8, cid=42, seq=0, RW, Message:321f0a0f0a0d74657374...(size=33), reply=RaftClientReply:client-352D35361D97->localhost_10001@group-DB7CD3B4A7F8, cid=42, FAILED org.apache.ratis.protocol.LeaderNotReadyException: localhost_10001@group-DB7CD3B4A7F8 is in LEADER state but not ready yet., logIndex=0, commits[localhost_10001:c-1, localhost_10002:c-1, localhost_10000:c-1]
2019-09-26 13:33:06,508 INFO  client.GrpcClientProtocolService (GrpcClientProtocolService.java:lambda$processClientRequest$0(278)) - Failed RaftClientRequest:client-352D35361D97->localhost_10001@group-DB7CD3B4A7F8, cid=42, seq=0, RW, Message:321f0a0f0a0d74657374...(size=33), reply=RaftClientReply:client-352D35361D97->localhost_10001@group-DB7CD3B4A7F8, cid=42, FAILED org.apache.ratis.protocol.LeaderNotReadyException: localhost_10001@group-DB7CD3B4A7F8 is in LEADER state but not ready yet., logIndex=0, commits[localhost_10001:c-1, localhost_10002:c-1, localhost_10000:c-1]
2019-09-26 13:33:06,509 INFO  client.GrpcClientProtocolService (GrpcClientProtocolService.java:lambda$processClientRequest$0(278)) - Failed RaftClientRequest:client-352D35361D97->localhost_10001@group-DB7CD3B4A7F8, cid=42, seq=0, RW, Message:321f0a0f0a0d74657374...(size=33), reply=RaftClientReply:client-352D35361D97->localhost_10001@group-DB7CD3B4A7F8, cid=42, FAILED org.apache.ratis.protocol.LeaderNotReadyException: localhost_10001@group-DB7CD3B4A7F8 is in LEADER state but not ready yet., logIndex=0, commits[localhost_10001:c-1, localhost_10002:c-1, localhost_10000:c-1]
2019-09-26 13:33:06,510 INFO  client.GrpcClientProtocolService (GrpcClientProtocolService.java:lambda$processClientRequest$0(278)) - Failed RaftClientRequest:client-352D35361D97->localhost_10001@group-DB7CD3B4A7F8, cid=42, seq=0, RW, Message:321f0a0f0a0d74657374...(size=33), reply=RaftClientReply:client-352D35361D97->localhost_10001@group-DB7CD3B4A7F8, cid=42, FAILED org.apache.ratis.protocol.LeaderNotReadyException: localhost_10001@group-DB7CD3B4A7F8 is in LEADER state but not ready yet., logIndex=0, commits[localhost_10001:c-1, localhost_10002:c-1, localhost_10000:c-1]
2019-09-26 13:33:06,511 INFO  client.GrpcClientProtocolService (GrpcClientProtocolService.java:lambda$processClientRequest$0(278)) - Failed RaftClientRequest:client-352D35361D97->localhost_10001@group-DB7CD3B4A7F8, cid=42, seq=0, RW, Message:321f0a0f0a0d74657374...(size=33), reply=RaftClientReply:client-352D35361D97->localhost_10001@group-DB7CD3B4A7F8, cid=42, FAILED org.apache.ratis.protocol.LeaderNotReadyException: localhost_10001@group-DB7CD3B4A7F8 is in LEADER state but not ready yet., logIndex=0, commits[localhost_10001:c-1, localhost_10002:c-1, localhost_10000:c-1]
2019-09-26 13:33:06,512 INFO  client.GrpcClientProtocolService (GrpcClientProtocolService.java:lambda$processClientRequest$0(278)) - Failed RaftClientRequest:client-352D35361D97->localhost_10001@group-DB7CD3B4A7F8, cid=42, seq=0, RW, Message:321f0a0f0a0d74657374...(size=33), reply=RaftClientReply:client-352D35361D97->localhost_10001@group-DB7CD3B4A7F8, cid=42, FAILED org.apache.ratis.protocol.LeaderNotReadyException: localhost_10001@group-DB7CD3B4A7F8 is in LEADER state but not ready yet., logIndex=0, commits[localhost_10001:c-1, localhost_10002:c-1, localhost_10000:c-1]
2019-09-26 13:33:06,512 INFO  client.GrpcClientProtocolService (GrpcClientProtocolService.java:lambda$processClientRequest$0(278)) - Failed RaftClientRequest:client-352D35361D97->localhost_10001@group-DB7CD3B4A7F8, cid=42, seq=0, RW, Message:321f0a0f0a0d74657374...(size=33), reply=RaftClientReply:client-352D35361D97->localhost_10001@group-DB7CD3B4A7F8, cid=42, FAILED org.apache.ratis.protocol.LeaderNotReadyException: localhost_10001@group-DB7CD3B4A7F8 is in LEADER state but not ready yet., logIndex=0, commits[localhost_10001:c-1, localhost_10002:c-1, localhost_10000:c-1]
2019-09-26 13:33:06,513 INFO  client.GrpcClientProtocolService (GrpcClientProtocolService.java:lambda$processClientRequest$0(278)) - Failed RaftClientRequest:client-352D35361D97->localhost_10001@group-DB7CD3B4A7F8, cid=42, seq=0, RW, Message:321f0a0f0a0d74657374...(size=33), reply=RaftClientReply:client-352D35361D97->localhost_10001@group-DB7CD3B4A7F8, cid=42, FAILED org.apache.ratis.protocol.LeaderNotReadyException: localhost_10001@group-DB7CD3B4A7F8 is in LEADER state but not ready yet., logIndex=0, commits[localhost_10001:c-1, localhost_10002:c-1, localhost_10000:c-1]
2019-09-26 13:33:06,514 INFO  client.GrpcClientProtocolService (GrpcClientProtocolService.java:lambda$processClientRequest$0(278)) - Failed RaftClientRequest:client-352D35361D97->localhost_10001@group-DB7CD3B4A7F8, cid=42, seq=0, RW, Message:321f0a0f0a0d74657374...(size=33), reply=RaftClientReply:client-352D35361D97->localhost_10001@group-DB7CD3B4A7F8, cid=42, FAILED org.apache.ratis.protocol.LeaderNotReadyException: localhost_10001@group-DB7CD3B4A7F8 is in LEADER state but not ready yet., logIndex=0, commits[localhost_10001:c-1, localhost_10002:c-1, localhost_10000:c-1]
2019-09-26 13:33:06,515 INFO  client.GrpcClientProtocolService (GrpcClientProtocolService.java:lambda$processClientRequest$0(278)) - Failed RaftClientRequest:client-352D35361D97->localhost_10001@group-DB7CD3B4A7F8, cid=42, seq=0, RW, Message:321f0a0f0a0d74657374...(size=33), reply=RaftClientReply:client-352D35361D97->localhost_10001@group-DB7CD3B4A7F8, cid=42, FAILED org.apache.ratis.protocol.LeaderNotReadyException: localhost_10001@group-DB7CD3B4A7F8 is in LEADER state but not ready yet., logIndex=0, commits[localhost_10001:c-1, localhost_10002:c-1, localhost_10000:c-1]
2019-09-26 13:33:06,516 INFO  client.GrpcClientProtocolService (GrpcClientProtocolService.java:lambda$processClientRequest$0(278)) - Failed RaftClientRequest:client-352D35361D97->localhost_10001@group-DB7CD3B4A7F8, cid=42, seq=0, RW, Message:321f0a0f0a0d74657374...(size=33), reply=RaftClientReply:client-352D35361D97->localhost_10001@group-DB7CD3B4A7F8, cid=42, FAILED org.apache.ratis.protocol.LeaderNotReadyException: localhost_10001@group-DB7CD3B4A7F8 is in LEADER state but not ready yet., logIndex=0, commits[localhost_10001:c-1, localhost_10002:c-1, localhost_10000:c-1]
2019-09-26 13:33:06,517 INFO  client.GrpcClientProtocolService (GrpcClientProtocolService.java:lambda$processClientRequest$0(278)) - Failed RaftClientRequest:client-352D35361D97->localhost_10001@group-DB7CD3B4A7F8, cid=42, seq=0, RW, Message:321f0a0f0a0d74657374...(size=33), reply=RaftClientReply:client-352D35361D97->localhost_10001@group-DB7CD3B4A7F8, cid=42, FAILED org.apache.ratis.protocol.LeaderNotReadyException: localhost_10001@group-DB7CD3B4A7F8 is in LEADER state but not ready yet., logIndex=0, commits[localhost_10001:c-1, localhost_10002:c-1, localhost_10000:c-1]
2019-09-26 13:33:06,518 INFO  client.GrpcClientProtocolService (GrpcClientProtocolService.java:lambda$processClientRequest$0(278)) - Failed RaftClientRequest:client-352D35361D97->localhost_10001@group-DB7CD3B4A7F8, cid=42, seq=0, RW, Message:321f0a0f0a0d74657374...(size=33), reply=RaftClientReply:client-352D35361D97->localhost_10001@group-DB7CD3B4A7F8, cid=42, FAILED org.apache.ratis.protocol.LeaderNotReadyException: localhost_10001@group-DB7CD3B4A7F8 is in LEADER state but not ready yet., logIndex=0, commits[localhost_10001:c-1, localhost_10002:c-1, localhost_10000:c-1]
2019-09-26 13:33:06,518 INFO  client.GrpcClientProtocolService (GrpcClientProtocolService.java:lambda$processClientRequest$0(278)) - Failed RaftClientRequest:client-352D35361D97->localhost_10001@group-DB7CD3B4A7F8, cid=42, seq=0, RW, Message:321f0a0f0a0d74657374...(size=33), reply=RaftClientReply:client-352D35361D97->localhost_10001@group-DB7CD3B4A7F8, cid=42, FAILED org.apache.ratis.protocol.LeaderNotReadyException: localhost_10001@group-DB7CD3B4A7F8 is in LEADER state but not ready yet., logIndex=0, commits[localhost_10001:c-1, localhost_10002:c-1, localhost_10000:c-1]
2019-09-26 13:33:06,519 INFO  client.GrpcClientProtocolService (GrpcClientProtocolService.java:lambda$processClientRequest$0(278)) - Failed RaftClientRequest:client-352D35361D97->localhost_10001@group-DB7CD3B4A7F8, cid=42, seq=0, RW, Message:321f0a0f0a0d74657374...(size=33), reply=RaftClientReply:client-352D35361D97->localhost_10001@group-DB7CD3B4A7F8, cid=42, FAILED org.apache.ratis.protocol.LeaderNotReadyException: localhost_10001@group-DB7CD3B4A7F8 is in LEADER state but not ready yet., logIndex=0, commits[localhost_10001:c-1, localhost_10002:c-1, localhost_10000:c-1]
2019-09-26 13:33:06,520 INFO  client.GrpcClientProtocolService (GrpcClientProtocolService.java:lambda$processClientRequest$0(278)) - Failed RaftClientRequest:client-352D35361D97->localhost_10001@group-DB7CD3B4A7F8, cid=42, seq=0, RW, Message:321f0a0f0a0d74657374...(size=33), reply=RaftClientReply:client-352D35361D97->localhost_10001@group-DB7CD3B4A7F8, cid=42, FAILED org.apache.ratis.protocol.LeaderNotReadyException: localhost_10001@group-DB7CD3B4A7F8 is in LEADER state but not ready yet., logIndex=0, commits[localhost_10001:c-1, localhost_10002:c-1, localhost_10000:c-1]
2019-09-26 13:33:06,521 INFO  client.GrpcClientProtocolService (GrpcClientProtocolService.java:lambda$processClientRequest$0(278)) - Failed RaftClientRequest:client-352D35361D97->localhost_10001@group-DB7CD3B4A7F8, cid=42, seq=0, RW, Message:321f0a0f0a0d74657374...(size=33), reply=RaftClientReply:client-352D35361D97->localhost_10001@group-DB7CD3B4A7F8, cid=42, FAILED org.apache.ratis.protocol.LeaderNotReadyException: localhost_10001@group-DB7CD3B4A7F8 is in LEADER state but not ready yet., logIndex=0, commits[localhost_10001:c-1, localhost_10002:c-1, localhost_10000:c-1]
2019-09-26 13:33:06,522 INFO  client.GrpcClientProtocolService (GrpcClientProtocolService.java:lambda$processClientRequest$0(278)) - Failed RaftClientRequest:client-352D35361D97->localhost_10001@group-DB7CD3B4A7F8, cid=42, seq=0, RW, Message:321f0a0f0a0d74657374...(size=33), reply=RaftClientReply:client-352D35361D97->localhost_10001@group-DB7CD3B4A7F8, cid=42, FAILED org.apache.ratis.protocol.LeaderNotReadyException: localhost_10001@group-DB7CD3B4A7F8 is in LEADER state but not ready yet., logIndex=0, commits[localhost_10001:c-1, localhost_10002:c-1, localhost_10000:c-1]
2019-09-26 13:33:06,523 INFO  client.GrpcClientProtocolService (GrpcClientProtocolService.java:lambda$processClientRequest$0(278)) - Failed RaftClientRequest:client-352D35361D97->localhost_10001@group-DB7CD3B4A7F8, cid=42, seq=0, RW, Message:321f0a0f0a0d74657374...(size=33), reply=RaftClientReply:client-352D35361D97->localhost_10001@group-DB7CD3B4A7F8, cid=42, FAILED org.apache.ratis.protocol.LeaderNotReadyException: localhost_10001@group-DB7CD3B4A7F8 is in LEADER state but not ready yet., logIndex=0, commits[localhost_10001:c-1, localhost_10002:c-1, localhost_10000:c-1]
2019-09-26 13:33:06,524 INFO  client.GrpcClientProtocolService (GrpcClientProtocolService.java:lambda$processClientRequest$0(278)) - Failed RaftClientRequest:client-352D35361D97->localhost_10001@group-DB7CD3B4A7F8, cid=42, seq=0, RW, Message:321f0a0f0a0d74657374...(size=33), reply=RaftClientReply:client-352D35361D97->localhost_10001@group-DB7CD3B4A7F8, cid=42, FAILED org.apache.ratis.protocol.LeaderNotReadyException: localhost_10001@group-DB7CD3B4A7F8 is in LEADER state but not ready yet., logIndex=0, commits[localhost_10001:c-1, localhost_10002:c-1, localhost_10000:c-1]
2019-09-26 13:33:06,524 INFO  client.GrpcClientProtocolService (GrpcClientProtocolService.java:lambda$processClientRequest$0(278)) - Failed RaftClientRequest:client-352D35361D97->localhost_10001@group-DB7CD3B4A7F8, cid=42, seq=0, RW, Message:321f0a0f0a0d74657374...(size=33), reply=RaftClientReply:client-352D35361D97->localhost_10001@group-DB7CD3B4A7F8, cid=42, FAILED org.apache.ratis.protocol.LeaderNotReadyException: localhost_10001@group-DB7CD3B4A7F8 is in LEADER state but not ready yet., logIndex=0, commits[localhost_10001:c-1, localhost_10002:c-1, localhost_10000:c-1]
2019-09-26 13:33:06,525 INFO  client.GrpcClientProtocolService (GrpcClientProtocolService.java:lambda$processClientRequest$0(278)) - Failed RaftClientRequest:client-352D35361D97->localhost_10001@group-DB7CD3B4A7F8, cid=42, seq=0, RW, Message:321f0a0f0a0d74657374...(size=33), reply=RaftClientReply:client-352D35361D97->localhost_10001@group-DB7CD3B4A7F8, cid=42, FAILED org.apache.ratis.protocol.LeaderNotReadyException: localhost_10001@group-DB7CD3B4A7F8 is in LEADER state but not ready yet., logIndex=0, commits[localhost_10001:c-1, localhost_10002:c-1, localhost_10000:c-1]
2019-09-26 13:33:06,526 INFO  client.GrpcClientProtocolService (GrpcClientProtocolService.java:lambda$processClientRequest$0(278)) - Failed RaftClientRequest:client-352D35361D97->localhost_10001@group-DB7CD3B4A7F8, cid=42, seq=0, RW, Message:321f0a0f0a0d74657374...(size=33), reply=RaftClientReply:client-352D35361D97->localhost_10001@group-DB7CD3B4A7F8, cid=42, FAILED org.apache.ratis.protocol.LeaderNotReadyException: localhost_10001@group-DB7CD3B4A7F8 is in LEADER state but not ready yet., logIndex=0, commits[localhost_10001:c-1, localhost_10002:c-1, localhost_10000:c-1]
2019-09-26 13:33:06,527 INFO  client.GrpcClientProtocolService (GrpcClientProtocolService.java:lambda$processClientRequest$0(278)) - Failed RaftClientRequest:client-352D35361D97->localhost_10001@group-DB7CD3B4A7F8, cid=42, seq=0, RW, Message:321f0a0f0a0d74657374...(size=33), reply=RaftClientReply:client-352D35361D97->localhost_10001@group-DB7CD3B4A7F8, cid=42, FAILED org.apache.ratis.protocol.LeaderNotReadyException: localhost_10001@group-DB7CD3B4A7F8 is in LEADER state but not ready yet., logIndex=0, commits[localhost_10001:c-1, localhost_10002:c-1, localhost_10000:c-1]
2019-09-26 13:33:06,528 INFO  client.GrpcClientProtocolService (GrpcClientProtocolService.java:lambda$processClientRequest$0(278)) - Failed RaftClientRequest:client-352D35361D97->localhost_10001@group-DB7CD3B4A7F8, cid=42, seq=0, RW, Message:321f0a0f0a0d74657374...(size=33), reply=RaftClientReply:client-352D35361D97->localhost_10001@group-DB7CD3B4A7F8, cid=42, FAILED org.apache.ratis.protocol.LeaderNotReadyException: localhost_10001@group-DB7CD3B4A7F8 is in LEADER state but not ready yet., logIndex=0, commits[localhost_10001:c-1, localhost_10002:c-1, localhost_10000:c-1]
2019-09-26 13:33:06,529 INFO  client.GrpcClientProtocolService (GrpcClientProtocolService.java:lambda$processClientRequest$0(278)) - Failed RaftClientRequest:client-352D35361D97->localhost_10001@group-DB7CD3B4A7F8, cid=42, seq=0, RW, Message:321f0a0f0a0d74657374...(size=33), reply=RaftClientReply:client-352D35361D97->localhost_10001@group-DB7CD3B4A7F8, cid=42, FAILED org.apache.ratis.protocol.LeaderNotReadyException: localhost_10001@group-DB7CD3B4A7F8 is in LEADER state but not ready yet., logIndex=0, commits[localhost_10001:c-1, localhost_10002:c-1, localhost_10000:c-1]
2019-09-26 13:33:06,530 INFO  client.GrpcClientProtocolService (GrpcClientProtocolService.java:lambda$processClientRequest$0(278)) - Failed RaftClientRequest:client-352D35361D97->localhost_10001@group-DB7CD3B4A7F8, cid=42, seq=0, RW, Message:321f0a0f0a0d74657374...(size=33), reply=RaftClientReply:client-352D35361D97->localhost_10001@group-DB7CD3B4A7F8, cid=42, FAILED org.apache.ratis.protocol.LeaderNotReadyException: localhost_10001@group-DB7CD3B4A7F8 is in LEADER state but not ready yet., logIndex=0, commits[localhost_10001:c-1, localhost_10002:c-1, localhost_10000:c-1]
2019-09-26 13:33:06,530 INFO  client.GrpcClientProtocolService (GrpcClientProtocolService.java:lambda$processClientRequest$0(278)) - Failed RaftClientRequest:client-352D35361D97->localhost_10001@group-DB7CD3B4A7F8, cid=42, seq=0, RW, Message:321f0a0f0a0d74657374...(size=33), reply=RaftClientReply:client-352D35361D97->localhost_10001@group-DB7CD3B4A7F8, cid=42, FAILED org.apache.ratis.protocol.LeaderNotReadyException: localhost_10001@group-DB7CD3B4A7F8 is in LEADER state but not ready yet., logIndex=0, commits[localhost_10001:c-1, localhost_10002:c-1, localhost_10000:c-1]
2019-09-26 13:33:06,531 INFO  client.GrpcClientProtocolService (GrpcClientProtocolService.java:lambda$processClientRequest$0(278)) - Failed RaftClientRequest:client-352D35361D97->localhost_10001@group-DB7CD3B4A7F8, cid=42, seq=0, RW, Message:321f0a0f0a0d74657374...(size=33), reply=RaftClientReply:client-352D35361D97->localhost_10001@group-DB7CD3B4A7F8, cid=42, FAILED org.apache.ratis.protocol.LeaderNotReadyException: localhost_10001@group-DB7CD3B4A7F8 is in LEADER state but not ready yet., logIndex=0, commits[localhost_10001:c-1, localhost_10002:c-1, localhost_10000:c-1]
2019-09-26 13:33:06,532 INFO  client.GrpcClientProtocolService (GrpcClientProtocolService.java:lambda$processClientRequest$0(278)) - Failed RaftClientRequest:client-352D35361D97->localhost_10001@group-DB7CD3B4A7F8, cid=42, seq=0, RW, Message:321f0a0f0a0d74657374...(size=33), reply=RaftClientReply:client-352D35361D97->localhost_10001@group-DB7CD3B4A7F8, cid=42, FAILED org.apache.ratis.protocol.LeaderNotReadyException: localhost_10001@group-DB7CD3B4A7F8 is in LEADER state but not ready yet., logIndex=0, commits[localhost_10001:c-1, localhost_10002:c-1, localhost_10000:c-1]
2019-09-26 13:33:06,533 INFO  client.GrpcClientProtocolService (GrpcClientProtocolService.java:lambda$processClientRequest$0(278)) - Failed RaftClientRequest:client-352D35361D97->localhost_10001@group-DB7CD3B4A7F8, cid=42, seq=0, RW, Message:321f0a0f0a0d74657374...(size=33), reply=RaftClientReply:client-352D35361D97->localhost_10001@group-DB7CD3B4A7F8, cid=42, FAILED org.apache.ratis.protocol.LeaderNotReadyException: localhost_10001@group-DB7CD3B4A7F8 is in LEADER state but not ready yet., logIndex=0, commits[localhost_10001:c-1, localhost_10002:c-1, localhost_10000:c-1]
2019-09-26 13:33:06,534 INFO  client.GrpcClientProtocolService (GrpcClientProtocolService.java:lambda$processClientRequest$0(278)) - Failed RaftClientRequest:client-352D35361D97->localhost_10001@group-DB7CD3B4A7F8, cid=42, seq=0, RW, Message:321f0a0f0a0d74657374...(size=33), reply=RaftClientReply:client-352D35361D97->localhost_10001@group-DB7CD3B4A7F8, cid=42, FAILED org.apache.ratis.protocol.LeaderNotReadyException: localhost_10001@group-DB7CD3B4A7F8 is in LEADER state but not ready yet., logIndex=0, commits[localhost_10001:c-1, localhost_10002:c-1, localhost_10000:c-1]
2019-09-26 13:33:06,535 INFO  client.GrpcClientProtocolService (GrpcClientProtocolService.java:lambda$processClientRequest$0(278)) - Failed RaftClientRequest:client-352D35361D97->localhost_10001@group-DB7CD3B4A7F8, cid=42, seq=0, RW, Message:321f0a0f0a0d74657374...(size=33), reply=RaftClientReply:client-352D35361D97->localhost_10001@group-DB7CD3B4A7F8, cid=42, FAILED org.apache.ratis.protocol.LeaderNotReadyException: localhost_10001@group-DB7CD3B4A7F8 is in LEADER state but not ready yet., logIndex=0, commits[localhost_10001:c-1, localhost_10002:c-1, localhost_10000:c-1]
2019-09-26 13:33:06,535 INFO  client.GrpcClientProtocolService (GrpcClientProtocolService.java:lambda$processClientRequest$0(278)) - Failed RaftClientRequest:client-352D35361D97->localhost_10001@group-DB7CD3B4A7F8, cid=42, seq=0, RW, Message:321f0a0f0a0d74657374...(size=33), reply=RaftClientReply:client-352D35361D97->localhost_10001@group-DB7CD3B4A7F8, cid=42, FAILED org.apache.ratis.protocol.LeaderNotReadyException: localhost_10001@group-DB7CD3B4A7F8 is in LEADER state but not ready yet., logIndex=0, commits[localhost_10001:c-1, localhost_10002:c-1, localhost_10000:c-1]
2019-09-26 13:33:06,536 INFO  client.GrpcClientProtocolService (GrpcClientProtocolService.java:lambda$processClientRequest$0(278)) - Failed RaftClientRequest:client-352D35361D97->localhost_10001@group-DB7CD3B4A7F8, cid=42, seq=0, RW, Message:321f0a0f0a0d74657374...(size=33), reply=RaftClientReply:client-352D35361D97->localhost_10001@group-DB7CD3B4A7F8, cid=42, FAILED org.apache.ratis.protocol.LeaderNotReadyException: localhost_10001@group-DB7CD3B4A7F8 is in LEADER state but not ready yet., logIndex=0, commits[localhost_10001:c-1, localhost_10002:c-1, localhost_10000:c-1]
2019-09-26 13:33:06,537 INFO  client.GrpcClientProtocolService (GrpcClientProtocolService.java:lambda$processClientRequest$0(278)) - Failed RaftClientRequest:client-352D35361D97->localhost_10001@group-DB7CD3B4A7F8, cid=42, seq=0, RW, Message:321f0a0f0a0d74657374...(size=33), reply=RaftClientReply:client-352D35361D97->localhost_10001@group-DB7CD3B4A7F8, cid=42, FAILED org.apache.ratis.protocol.LeaderNotReadyException: localhost_10001@group-DB7CD3B4A7F8 is in LEADER state but not ready yet., logIndex=0, commits[localhost_10001:c-1, localhost_10002:c-1, localhost_10000:c-1]
2019-09-26 13:33:06,538 INFO  client.GrpcClientProtocolService (GrpcClientProtocolService.java:lambda$processClientRequest$0(278)) - Failed RaftClientRequest:client-352D35361D97->localhost_10001@group-DB7CD3B4A7F8, cid=42, seq=0, RW, Message:321f0a0f0a0d74657374...(size=33), reply=RaftClientReply:client-352D35361D97->localhost_10001@group-DB7CD3B4A7F8, cid=42, FAILED org.apache.ratis.protocol.LeaderNotReadyException: localhost_10001@group-DB7CD3B4A7F8 is in LEADER state but not ready yet., logIndex=0, commits[localhost_10001:c-1, localhost_10002:c-1, localhost_10000:c-1]
2019-09-26 13:33:06,539 INFO  client.GrpcClientProtocolService (GrpcClientProtocolService.java:lambda$processClientRequest$0(278)) - Failed RaftClientRequest:client-352D35361D97->localhost_10001@group-DB7CD3B4A7F8, cid=42, seq=0, RW, Message:321f0a0f0a0d74657374...(size=33), reply=RaftClientReply:client-352D35361D97->localhost_10001@group-DB7CD3B4A7F8, cid=42, FAILED org.apache.ratis.protocol.LeaderNotReadyException: localhost_10001@group-DB7CD3B4A7F8 is in LEADER state but not ready yet., logIndex=0, commits[localhost_10001:c-1, localhost_10002:c-1, localhost_10000:c-1]
2019-09-26 13:33:06,539 INFO  client.GrpcClientProtocolService (GrpcClientProtocolService.java:lambda$processClientRequest$0(278)) - Failed RaftClientRequest:client-352D35361D97->localhost_10001@group-DB7CD3B4A7F8, cid=42, seq=0, RW, Message:321f0a0f0a0d74657374...(size=33), reply=RaftClientReply:client-352D35361D97->localhost_10001@group-DB7CD3B4A7F8, cid=42, FAILED org.apache.ratis.protocol.LeaderNotReadyException: localhost_10001@group-DB7CD3B4A7F8 is in LEADER state but not ready yet., logIndex=0, commits[localhost_10001:c-1, localhost_10002:c-1, localhost_10000:c-1]
2019-09-26 13:33:06,540 INFO  client.GrpcClientProtocolService (GrpcClientProtocolService.java:lambda$processClientRequest$0(278)) - Failed RaftClientRequest:client-352D35361D97->localhost_10001@group-DB7CD3B4A7F8, cid=42, seq=0, RW, Message:321f0a0f0a0d74657374...(size=33), reply=RaftClientReply:client-352D35361D97->localhost_10001@group-DB7CD3B4A7F8, cid=42, FAILED org.apache.ratis.protocol.LeaderNotReadyException: localhost_10001@group-DB7CD3B4A7F8 is in LEADER state but not ready yet., logIndex=0, commits[localhost_10001:c-1, localhost_10002:c-1, localhost_10000:c-1]
2019-09-26 13:33:06,541 INFO  client.GrpcClientProtocolService (GrpcClientProtocolService.java:lambda$processClientRequest$0(278)) - Failed RaftClientRequest:client-352D35361D97->localhost_10001@group-DB7CD3B4A7F8, cid=42, seq=0, RW, Message:321f0a0f0a0d74657374...(size=33), reply=RaftClientReply:client-352D35361D97->localhost_10001@group-DB7CD3B4A7F8, cid=42, FAILED org.apache.ratis.protocol.LeaderNotReadyException: localhost_10001@group-DB7CD3B4A7F8 is in LEADER state but not ready yet., logIndex=0, commits[localhost_10001:c-1, localhost_10002:c-1, localhost_10000:c-1]
2019-09-26 13:33:06,542 INFO  client.GrpcClientProtocolService (GrpcClientProtocolService.java:lambda$processClientRequest$0(278)) - Failed RaftClientRequest:client-352D35361D97->localhost_10001@group-DB7CD3B4A7F8, cid=42, seq=0, RW, Message:321f0a0f0a0d74657374...(size=33), reply=RaftClientReply:client-352D35361D97->localhost_10001@group-DB7CD3B4A7F8, cid=42, FAILED org.apache.ratis.protocol.LeaderNotReadyException: localhost_10001@group-DB7CD3B4A7F8 is in LEADER state but not ready yet., logIndex=0, commits[localhost_10001:c-1, localhost_10002:c-1, localhost_10000:c-1]
2019-09-26 13:33:06,543 INFO  client.GrpcClientProtocolService (GrpcClientProtocolService.java:lambda$processClientRequest$0(278)) - Failed RaftClientRequest:client-352D35361D97->localhost_10001@group-DB7CD3B4A7F8, cid=42, seq=0, RW, Message:321f0a0f0a0d74657374...(size=33), reply=RaftClientReply:client-352D35361D97->localhost_10001@group-DB7CD3B4A7F8, cid=42, FAILED org.apache.ratis.protocol.LeaderNotReadyException: localhost_10001@group-DB7CD3B4A7F8 is in LEADER state but not ready yet., logIndex=0, commits[localhost_10001:c-1, localhost_10002:c-1, localhost_10000:c-1]
2019-09-26 13:33:06,544 INFO  client.GrpcClientProtocolService (GrpcClientProtocolService.java:lambda$processClientRequest$0(278)) - Failed RaftClientRequest:client-352D35361D97->localhost_10001@group-DB7CD3B4A7F8, cid=42, seq=0, RW, Message:321f0a0f0a0d74657374...(size=33), reply=RaftClientReply:client-352D35361D97->localhost_10001@group-DB7CD3B4A7F8, cid=42, FAILED org.apache.ratis.protocol.LeaderNotReadyException: localhost_10001@group-DB7CD3B4A7F8 is in LEADER state but not ready yet., logIndex=0, commits[localhost_10001:c-1, localhost_10002:c-1, localhost_10000:c-1]
2019-09-26 13:33:06,544 INFO  client.GrpcClientProtocolService (GrpcClientProtocolService.java:lambda$processClientRequest$0(278)) - Failed RaftClientRequest:client-352D35361D97->localhost_10001@group-DB7CD3B4A7F8, cid=42, seq=0, RW, Message:321f0a0f0a0d74657374...(size=33), reply=RaftClientReply:client-352D35361D97->localhost_10001@group-DB7CD3B4A7F8, cid=42, FAILED org.apache.ratis.protocol.LeaderNotReadyException: localhost_10001@group-DB7CD3B4A7F8 is in LEADER state but not ready yet., logIndex=0, commits[localhost_10001:c-1, localhost_10002:c-1, localhost_10000:c-1]
2019-09-26 13:33:06,545 INFO  client.GrpcClientProtocolService (GrpcClientProtocolService.java:lambda$processClientRequest$0(278)) - Failed RaftClientRequest:client-352D35361D97->localhost_10001@group-DB7CD3B4A7F8, cid=42, seq=0, RW, Message:321f0a0f0a0d74657374...(size=33), reply=RaftClientReply:client-352D35361D97->localhost_10001@group-DB7CD3B4A7F8, cid=42, FAILED org.apache.ratis.protocol.LeaderNotReadyException: localhost_10001@group-DB7CD3B4A7F8 is in LEADER state but not ready yet., logIndex=0, commits[localhost_10001:c-1, localhost_10002:c-1, localhost_10000:c-1]
2019-09-26 13:33:06,546 INFO  client.GrpcClientProtocolService (GrpcClientProtocolService.java:lambda$processClientRequest$0(278)) - Failed RaftClientRequest:client-352D35361D97->localhost_10001@group-DB7CD3B4A7F8, cid=42, seq=0, RW, Message:321f0a0f0a0d74657374...(size=33), reply=RaftClientReply:client-352D35361D97->localhost_10001@group-DB7CD3B4A7F8, cid=42, FAILED org.apache.ratis.protocol.LeaderNotReadyException: localhost_10001@group-DB7CD3B4A7F8 is in LEADER state but not ready yet., logIndex=0, commits[localhost_10001:c-1, localhost_10002:c-1, localhost_10000:c-1]
2019-09-26 13:33:06,547 INFO  client.GrpcClientProtocolService (GrpcClientProtocolService.java:lambda$processClientRequest$0(278)) - Failed RaftClientRequest:client-352D35361D97->localhost_10001@group-DB7CD3B4A7F8, cid=42, seq=0, RW, Message:321f0a0f0a0d74657374...(size=33), reply=RaftClientReply:client-352D35361D97->localhost_10001@group-DB7CD3B4A7F8, cid=42, FAILED org.apache.ratis.protocol.LeaderNotReadyException: localhost_10001@group-DB7CD3B4A7F8 is in LEADER state but not ready yet., logIndex=0, commits[localhost_10001:c-1, localhost_10002:c-1, localhost_10000:c-1]
2019-09-26 13:33:06,548 INFO  client.GrpcClientProtocolService (GrpcClientProtocolService.java:lambda$processClientRequest$0(278)) - Failed RaftClientRequest:client-352D35361D97->localhost_10001@group-DB7CD3B4A7F8, cid=42, seq=0, RW, Message:321f0a0f0a0d74657374...(size=33), reply=RaftClientReply:client-352D35361D97->localhost_10001@group-DB7CD3B4A7F8, cid=42, FAILED org.apache.ratis.protocol.LeaderNotReadyException: localhost_10001@group-DB7CD3B4A7F8 is in LEADER state but not ready yet., logIndex=0, commits[localhost_10001:c-1, localhost_10002:c-1, localhost_10000:c-1]
2019-09-26 13:33:06,549 INFO  client.GrpcClientProtocolService (GrpcClientProtocolService.java:lambda$processClientRequest$0(278)) - Failed RaftClientRequest:client-352D35361D97->localhost_10001@group-DB7CD3B4A7F8, cid=42, seq=0, RW, Message:321f0a0f0a0d74657374...(size=33), reply=RaftClientReply:client-352D35361D97->localhost_10001@group-DB7CD3B4A7F8, cid=42, FAILED org.apache.ratis.protocol.LeaderNotReadyException: localhost_10001@group-DB7CD3B4A7F8 is in LEADER state but not ready yet., logIndex=0, commits[localhost_10001:c-1, localhost_10002:c-1, localhost_10000:c-1]
2019-09-26 13:33:06,549 INFO  client.GrpcClientProtocolService (GrpcClientProtocolService.java:lambda$processClientRequest$0(278)) - Failed RaftClientRequest:client-352D35361D97->localhost_10001@group-DB7CD3B4A7F8, cid=42, seq=0, RW, Message:321f0a0f0a0d74657374...(size=33), reply=RaftClientReply:client-352D35361D97->localhost_10001@group-DB7CD3B4A7F8, cid=42, FAILED org.apache.ratis.protocol.LeaderNotReadyException: localhost_10001@group-DB7CD3B4A7F8 is in LEADER state but not ready yet., logIndex=0, commits[localhost_10001:c-1, localhost_10002:c-1, localhost_10000:c-1]
2019-09-26 13:33:06,550 INFO  client.GrpcClientProtocolService (GrpcClientProtocolService.java:lambda$processClientRequest$0(278)) - Failed RaftClientRequest:client-352D35361D97->localhost_10001@group-DB7CD3B4A7F8, cid=42, seq=0, RW, Message:321f0a0f0a0d74657374...(size=33), reply=RaftClientReply:client-352D35361D97->localhost_10001@group-DB7CD3B4A7F8, cid=42, FAILED org.apache.ratis.protocol.LeaderNotReadyException: localhost_10001@group-DB7CD3B4A7F8 is in LEADER state but not ready yet., logIndex=0, commits[localhost_10001:c-1, localhost_10002:c-1, localhost_10000:c-1]
2019-09-26 13:33:06,551 INFO  client.GrpcClientProtocolService (GrpcClientProtocolService.java:lambda$processClientRequest$0(278)) - Failed RaftClientRequest:client-352D35361D97->localhost_10001@group-DB7CD3B4A7F8, cid=42, seq=0, RW, Message:321f0a0f0a0d74657374...(size=33), reply=RaftClientReply:client-352D35361D97->localhost_10001@group-DB7CD3B4A7F8, cid=42, FAILED org.apache.ratis.protocol.LeaderNotReadyException: localhost_10001@group-DB7CD3B4A7F8 is in LEADER state but not ready yet., logIndex=0, commits[localhost_10001:c-1, localhost_10002:c-1, localhost_10000:c-1]
2019-09-26 13:33:06,552 INFO  client.GrpcClientProtocolService (GrpcClientProtocolService.java:lambda$processClientRequest$0(278)) - Failed RaftClientRequest:client-352D35361D97->localhost_10001@group-DB7CD3B4A7F8, cid=42, seq=0, RW, Message:321f0a0f0a0d74657374...(size=33), reply=RaftClientReply:client-352D35361D97->localhost_10001@group-DB7CD3B4A7F8, cid=42, FAILED org.apache.ratis.protocol.LeaderNotReadyException: localhost_10001@group-DB7CD3B4A7F8 is in LEADER state but not ready yet., logIndex=0, commits[localhost_10001:c-1, localhost_10002:c-1, localhost_10000:c-1]
2019-09-26 13:33:06,553 INFO  client.GrpcClientProtocolService (GrpcClientProtocolService.java:lambda$processClientRequest$0(278)) - Failed RaftClientRequest:client-352D35361D97->localhost_10001@group-DB7CD3B4A7F8, cid=42, seq=0, RW, Message:321f0a0f0a0d74657374...(size=33), reply=RaftClientReply:client-352D35361D97->localhost_10001@group-DB7CD3B4A7F8, cid=42, FAILED org.apache.ratis.protocol.LeaderNotReadyException: localhost_10001@group-DB7CD3B4A7F8 is in LEADER state but not ready yet., logIndex=0, commits[localhost_10001:c-1, localhost_10002:c-1, localhost_10000:c-1]
2019-09-26 13:33:06,554 INFO  client.GrpcClientProtocolService (GrpcClientProtocolService.java:lambda$processClientRequest$0(278)) - Failed RaftClientRequest:client-352D35361D97->localhost_10001@group-DB7CD3B4A7F8, cid=42, seq=0, RW, Message:321f0a0f0a0d74657374...(size=33), reply=RaftClientReply:client-352D35361D97->localhost_10001@group-DB7CD3B4A7F8, cid=42, FAILED org.apache.ratis.protocol.LeaderNotReadyException: localhost_10001@group-DB7CD3B4A7F8 is in LEADER state but not ready yet., logIndex=0, commits[localhost_10001:c-1, localhost_10002:c-1, localhost_10000:c-1]
2019-09-26 13:33:06,555 INFO  client.GrpcClientProtocolService (GrpcClientProtocolService.java:lambda$processClientRequest$0(278)) - Failed RaftClientRequest:client-352D35361D97->localhost_10001@group-DB7CD3B4A7F8, cid=42, seq=0, RW, Message:321f0a0f0a0d74657374...(size=33), reply=RaftClientReply:client-352D35361D97->localhost_10001@group-DB7CD3B4A7F8, cid=42, FAILED org.apache.ratis.protocol.LeaderNotReadyException: localhost_10001@group-DB7CD3B4A7F8 is in LEADER state but not ready yet., logIndex=0, commits[localhost_10001:c-1, localhost_10002:c-1, localhost_10000:c-1]
2019-09-26 13:33:06,556 INFO  client.GrpcClientProtocolService (GrpcClientProtocolService.java:lambda$processClientRequest$0(278)) - Failed RaftClientRequest:client-352D35361D97->localhost_10001@group-DB7CD3B4A7F8, cid=42, seq=0, RW, Message:321f0a0f0a0d74657374...(size=33), reply=RaftClientReply:client-352D35361D97->localhost_10001@group-DB7CD3B4A7F8, cid=42, FAILED org.apache.ratis.protocol.LeaderNotReadyException: localhost_10001@group-DB7CD3B4A7F8 is in LEADER state but not ready yet., logIndex=0, commits[localhost_10001:c-1, localhost_10002:c-1, localhost_10000:c-1]
2019-09-26 13:33:06,556 INFO  client.GrpcClientProtocolService (GrpcClientProtocolService.java:lambda$processClientRequest$0(278)) - Failed RaftClientRequest:client-352D35361D97->localhost_10001@group-DB7CD3B4A7F8, cid=42, seq=0, RW, Message:321f0a0f0a0d74657374...(size=33), reply=RaftClientReply:client-352D35361D97->localhost_10001@group-DB7CD3B4A7F8, cid=42, FAILED org.apache.ratis.protocol.LeaderNotReadyException: localhost_10001@group-DB7CD3B4A7F8 is in LEADER state but not ready yet., logIndex=0, commits[localhost_10001:c-1, localhost_10002:c-1, localhost_10000:c-1]
2019-09-26 13:33:06,557 INFO  client.GrpcClientProtocolService (GrpcClientProtocolService.java:lambda$processClientRequest$0(278)) - Failed RaftClientRequest:client-352D35361D97->localhost_10001@group-DB7CD3B4A7F8, cid=42, seq=0, RW, Message:321f0a0f0a0d74657374...(size=33), reply=RaftClientReply:client-352D35361D97->localhost_10001@group-DB7CD3B4A7F8, cid=42, FAILED org.apache.ratis.protocol.LeaderNotReadyException: localhost_10001@group-DB7CD3B4A7F8 is in LEADER state but not ready yet., logIndex=0, commits[localhost_10001:c-1, localhost_10002:c-1, localhost_10000:c-1]
2019-09-26 13:33:06,558 INFO  client.GrpcClientProtocolService (GrpcClientProtocolService.java:lambda$processClientRequest$0(278)) - Failed RaftClientRequest:client-352D35361D97->localhost_10001@group-DB7CD3B4A7F8, cid=42, seq=0, RW, Message:321f0a0f0a0d74657374...(size=33), reply=RaftClientReply:client-352D35361D97->localhost_10001@group-DB7CD3B4A7F8, cid=42, FAILED org.apache.ratis.protocol.LeaderNotReadyException: localhost_10001@group-DB7CD3B4A7F8 is in LEADER state but not ready yet., logIndex=0, commits[localhost_10001:c-1, localhost_10002:c-1, localhost_10000:c-1]
2019-09-26 13:33:06,559 INFO  client.GrpcClientProtocolService (GrpcClientProtocolService.java:lambda$processClientRequest$0(278)) - Failed RaftClientRequest:client-352D35361D97->localhost_10001@group-DB7CD3B4A7F8, cid=42, seq=0, RW, Message:321f0a0f0a0d74657374...(size=33), reply=RaftClientReply:client-352D35361D97->localhost_10001@group-DB7CD3B4A7F8, cid=42, FAILED org.apache.ratis.protocol.LeaderNotReadyException: localhost_10001@group-DB7CD3B4A7F8 is in LEADER state but not ready yet., logIndex=0, commits[localhost_10001:c-1, localhost_10002:c-1, localhost_10000:c-1]
2019-09-26 13:33:06,560 INFO  client.GrpcClientProtocolService (GrpcClientProtocolService.java:lambda$processClientRequest$0(278)) - Failed RaftClientRequest:client-352D35361D97->localhost_10001@group-DB7CD3B4A7F8, cid=42, seq=0, RW, Message:321f0a0f0a0d74657374...(size=33), reply=RaftClientReply:client-352D35361D97->localhost_10001@group-DB7CD3B4A7F8, cid=42, FAILED org.apache.ratis.protocol.LeaderNotReadyException: localhost_10001@group-DB7CD3B4A7F8 is in LEADER state but not ready yet., logIndex=0, commits[localhost_10001:c-1, localhost_10002:c-1, localhost_10000:c-1]
2019-09-26 13:33:06,561 INFO  client.GrpcClientProtocolService (GrpcClientProtocolService.java:lambda$processClientRequest$0(278)) - Failed RaftClientRequest:client-352D35361D97->localhost_10001@group-DB7CD3B4A7F8, cid=42, seq=0, RW, Message:321f0a0f0a0d74657374...(size=33), reply=RaftClientReply:client-352D35361D97->localhost_10001@group-DB7CD3B4A7F8, cid=42, FAILED org.apache.ratis.protocol.LeaderNotReadyException: localhost_10001@group-DB7CD3B4A7F8 is in LEADER state but not ready yet., logIndex=0, commits[localhost_10001:c-1, localhost_10002:c-1, localhost_10000:c-1]
2019-09-26 13:33:06,561 INFO  client.GrpcClientProtocolService (GrpcClientProtocolService.java:lambda$processClientRequest$0(278)) - Failed RaftClientRequest:client-352D35361D97->localhost_10001@group-DB7CD3B4A7F8, cid=42, seq=0, RW, Message:321f0a0f0a0d74657374...(size=33), reply=RaftClientReply:client-352D35361D97->localhost_10001@group-DB7CD3B4A7F8, cid=42, FAILED org.apache.ratis.protocol.LeaderNotReadyException: localhost_10001@group-DB7CD3B4A7F8 is in LEADER state but not ready yet., logIndex=0, commits[localhost_10001:c-1, localhost_10002:c-1, localhost_10000:c-1]
2019-09-26 13:33:06,562 INFO  client.GrpcClientProtocolService (GrpcClientProtocolService.java:lambda$processClientRequest$0(278)) - Failed RaftClientRequest:client-352D35361D97->localhost_10001@group-DB7CD3B4A7F8, cid=42, seq=0, RW, Message:321f0a0f0a0d74657374...(size=33), reply=RaftClientReply:client-352D35361D97->localhost_10001@group-DB7CD3B4A7F8, cid=42, FAILED org.apache.ratis.protocol.LeaderNotReadyException: localhost_10001@group-DB7CD3B4A7F8 is in LEADER state but not ready yet., logIndex=0, commits[localhost_10001:c-1, localhost_10002:c-1, localhost_10000:c-1]
2019-09-26 13:33:06,563 INFO  client.GrpcClientProtocolService (GrpcClientProtocolService.java:lambda$processClientRequest$0(278)) - Failed RaftClientRequest:client-352D35361D97->localhost_10001@group-DB7CD3B4A7F8, cid=42, seq=0, RW, Message:321f0a0f0a0d74657374...(size=33), reply=RaftClientReply:client-352D35361D97->localhost_10001@group-DB7CD3B4A7F8, cid=42, FAILED org.apache.ratis.protocol.LeaderNotReadyException: localhost_10001@group-DB7CD3B4A7F8 is in LEADER state but not ready yet., logIndex=0, commits[localhost_10001:c-1, localhost_10002:c-1, localhost_10000:c-1]
2019-09-26 13:33:06,564 INFO  client.GrpcClientProtocolService (GrpcClientProtocolService.java:lambda$processClientRequest$0(278)) - Failed RaftClientRequest:client-352D35361D97->localhost_10001@group-DB7CD3B4A7F8, cid=42, seq=0, RW, Message:321f0a0f0a0d74657374...(size=33), reply=RaftClientReply:client-352D35361D97->localhost_10001@group-DB7CD3B4A7F8, cid=42, FAILED org.apache.ratis.protocol.LeaderNotReadyException: localhost_10001@group-DB7CD3B4A7F8 is in LEADER state but not ready yet., logIndex=0, commits[localhost_10001:c-1, localhost_10002:c-1, localhost_10000:c-1]
2019-09-26 13:33:06,565 INFO  client.GrpcClientProtocolService (GrpcClientProtocolService.java:lambda$processClientRequest$0(278)) - Failed RaftClientRequest:client-352D35361D97->localhost_10001@group-DB7CD3B4A7F8, cid=42, seq=0, RW, Message:321f0a0f0a0d74657374...(size=33), reply=RaftClientReply:client-352D35361D97->localhost_10001@group-DB7CD3B4A7F8, cid=42, FAILED org.apache.ratis.protocol.LeaderNotReadyException: localhost_10001@group-DB7CD3B4A7F8 is in LEADER state but not ready yet., logIndex=0, commits[localhost_10001:c-1, localhost_10002:c-1, localhost_10000:c-1]
2019-09-26 13:33:06,566 INFO  client.GrpcClientProtocolService (GrpcClientProtocolService.java:lambda$processClientRequest$0(278)) - Failed RaftClientRequest:client-352D35361D97->localhost_10001@group-DB7CD3B4A7F8, cid=42, seq=0, RW, Message:321f0a0f0a0d74657374...(size=33), reply=RaftClientReply:client-352D35361D97->localhost_10001@group-DB7CD3B4A7F8, cid=42, FAILED org.apache.ratis.protocol.LeaderNotReadyException: localhost_10001@group-DB7CD3B4A7F8 is in LEADER state but not ready yet., logIndex=0, commits[localhost_10001:c-1, localhost_10002:c-1, localhost_10000:c-1]
2019-09-26 13:33:06,566 INFO  client.GrpcClientProtocolService (GrpcClientProtocolService.java:lambda$processClientRequest$0(278)) - Failed RaftClientRequest:client-352D35361D97->localhost_10001@group-DB7CD3B4A7F8, cid=42, seq=0, RW, Message:321f0a0f0a0d74657374...(size=33), reply=RaftClientReply:client-352D35361D97->localhost_10001@group-DB7CD3B4A7F8, cid=42, FAILED org.apache.ratis.protocol.LeaderNotReadyException: localhost_10001@group-DB7CD3B4A7F8 is in LEADER state but not ready yet., logIndex=0, commits[localhost_10001:c-1, localhost_10002:c-1, localhost_10000:c-1]
2019-09-26 13:33:06,567 INFO  client.GrpcClientProtocolService (GrpcClientProtocolService.java:lambda$processClientRequest$0(278)) - Failed RaftClientRequest:client-352D35361D97->localhost_10001@group-DB7CD3B4A7F8, cid=42, seq=0, RW, Message:321f0a0f0a0d74657374...(size=33), reply=RaftClientReply:client-352D35361D97->localhost_10001@group-DB7CD3B4A7F8, cid=42, FAILED org.apache.ratis.protocol.LeaderNotReadyException: localhost_10001@group-DB7CD3B4A7F8 is in LEADER state but not ready yet., logIndex=0, commits[localhost_10001:c-1, localhost_10002:c-1, localhost_10000:c-1]
2019-09-26 13:33:06,568 INFO  client.GrpcClientProtocolService (GrpcClientProtocolService.java:lambda$processClientRequest$0(278)) - Failed RaftClientRequest:client-352D35361D97->localhost_10001@group-DB7CD3B4A7F8, cid=42, seq=0, RW, Message:321f0a0f0a0d74657374...(size=33), reply=RaftClientReply:client-352D35361D97->localhost_10001@group-DB7CD3B4A7F8, cid=42, FAILED org.apache.ratis.protocol.LeaderNotReadyException: localhost_10001@group-DB7CD3B4A7F8 is in LEADER state but not ready yet., logIndex=0, commits[localhost_10001:c-1, localhost_10002:c-1, localhost_10000:c-1]
2019-09-26 13:33:06,569 INFO  client.GrpcClientProtocolService (GrpcClientProtocolService.java:lambda$processClientRequest$0(278)) - Failed RaftClientRequest:client-352D35361D97->localhost_10001@group-DB7CD3B4A7F8, cid=42, seq=0, RW, Message:321f0a0f0a0d74657374...(size=33), reply=RaftClientReply:client-352D35361D97->localhost_10001@group-DB7CD3B4A7F8, cid=42, FAILED org.apache.ratis.protocol.LeaderNotReadyException: localhost_10001@group-DB7CD3B4A7F8 is in LEADER state but not ready yet., logIndex=0, commits[localhost_10001:c-1, localhost_10002:c-1, localhost_10000:c-1]
2019-09-26 13:33:06,570 INFO  client.GrpcClientProtocolService (GrpcClientProtocolService.java:lambda$processClientRequest$0(278)) - Failed RaftClientRequest:client-352D35361D97->localhost_10001@group-DB7CD3B4A7F8, cid=42, seq=0, RW, Message:321f0a0f0a0d74657374...(size=33), reply=RaftClientReply:client-352D35361D97->localhost_10001@group-DB7CD3B4A7F8, cid=42, FAILED org.apache.ratis.protocol.LeaderNotReadyException: localhost_10001@group-DB7CD3B4A7F8 is in LEADER state but not ready yet., logIndex=0, commits[localhost_10001:c-1, localhost_10002:c-1, localhost_10000:c-1]
2019-09-26 13:33:06,571 INFO  client.GrpcClientProtocolService (GrpcClientProtocolService.java:lambda$processClientRequest$0(278)) - Failed RaftClientRequest:client-352D35361D97->localhost_10001@group-DB7CD3B4A7F8, cid=42, seq=0, RW, Message:321f0a0f0a0d74657374...(size=33), reply=RaftClientReply:client-352D35361D97->localhost_10001@group-DB7CD3B4A7F8, cid=42, FAILED org.apache.ratis.protocol.LeaderNotReadyException: localhost_10001@group-DB7CD3B4A7F8 is in LEADER state but not ready yet., logIndex=0, commits[localhost_10001:c-1, localhost_10002:c-1, localhost_10000:c-1]
2019-09-26 13:33:06,572 INFO  client.GrpcClientProtocolService (GrpcClientProtocolService.java:lambda$processClientRequest$0(278)) - Failed RaftClientRequest:client-352D35361D97->localhost_10001@group-DB7CD3B4A7F8, cid=42, seq=0, RW, Message:321f0a0f0a0d74657374...(size=33), reply=RaftClientReply:client-352D35361D97->localhost_10001@group-DB7CD3B4A7F8, cid=42, FAILED org.apache.ratis.protocol.LeaderNotReadyException: localhost_10001@group-DB7CD3B4A7F8 is in LEADER state but not ready yet., logIndex=0, commits[localhost_10001:c-1, localhost_10002:c-1, localhost_10000:c-1]
2019-09-26 13:33:06,573 INFO  client.GrpcClientProtocolService (GrpcClientProtocolService.java:lambda$processClientRequest$0(278)) - Failed RaftClientRequest:client-352D35361D97->localhost_10001@group-DB7CD3B4A7F8, cid=42, seq=0, RW, Message:321f0a0f0a0d74657374...(size=33), reply=RaftClientReply:client-352D35361D97->localhost_10001@group-DB7CD3B4A7F8, cid=42, FAILED org.apache.ratis.protocol.LeaderNotReadyException: localhost_10001@group-DB7CD3B4A7F8 is in LEADER state but not ready yet., logIndex=0, commits[localhost_10001:c-1, localhost_10002:c-1, localhost_10000:c-1]
2019-09-26 13:33:06,574 INFO  client.GrpcClientProtocolService (GrpcClientProtocolService.java:lambda$processClientRequest$0(278)) - Failed RaftClientRequest:client-352D35361D97->localhost_10001@group-DB7CD3B4A7F8, cid=42, seq=0, RW, Message:321f0a0f0a0d74657374...(size=33), reply=RaftClientReply:client-352D35361D97->localhost_10001@group-DB7CD3B4A7F8, cid=42, FAILED org.apache.ratis.protocol.LeaderNotReadyException: localhost_10001@group-DB7CD3B4A7F8 is in LEADER state but not ready yet., logIndex=0, commits[localhost_10001:c-1, localhost_10002:c-1, localhost_10000:c-1]
2019-09-26 13:33:06,574 INFO  client.GrpcClientProtocolService (GrpcClientProtocolService.java:lambda$processClientRequest$0(278)) - Failed RaftClientRequest:client-352D35361D97->localhost_10001@group-DB7CD3B4A7F8, cid=42, seq=0, RW, Message:321f0a0f0a0d74657374...(size=33), reply=RaftClientReply:client-352D35361D97->localhost_10001@group-DB7CD3B4A7F8, cid=42, FAILED org.apache.ratis.protocol.LeaderNotReadyException: localhost_10001@group-DB7CD3B4A7F8 is in LEADER state but not ready yet., logIndex=0, commits[localhost_10001:c-1, localhost_10002:c-1, localhost_10000:c-1]
2019-09-26 13:33:06,575 INFO  client.GrpcClientProtocolService (GrpcClientProtocolService.java:lambda$processClientRequest$0(278)) - Failed RaftClientRequest:client-352D35361D97->localhost_10001@group-DB7CD3B4A7F8, cid=42, seq=0, RW, Message:321f0a0f0a0d74657374...(size=33), reply=RaftClientReply:client-352D35361D97->localhost_10001@group-DB7CD3B4A7F8, cid=42, FAILED org.apache.ratis.protocol.LeaderNotReadyException: localhost_10001@group-DB7CD3B4A7F8 is in LEADER state but not ready yet., logIndex=0, commits[localhost_10001:c-1, localhost_10002:c-1, localhost_10000:c-1]
2019-09-26 13:33:06,576 INFO  client.GrpcClientProtocolService (GrpcClientProtocolService.java:lambda$processClientRequest$0(278)) - Failed RaftClientRequest:client-352D35361D97->localhost_10001@group-DB7CD3B4A7F8, cid=42, seq=0, RW, Message:321f0a0f0a0d74657374...(size=33), reply=RaftClientReply:client-352D35361D97->localhost_10001@group-DB7CD3B4A7F8, cid=42, FAILED org.apache.ratis.protocol.LeaderNotReadyException: localhost_10001@group-DB7CD3B4A7F8 is in LEADER state but not ready yet., logIndex=0, commits[localhost_10001:c-1, localhost_10002:c-1, localhost_10000:c-1]
2019-09-26 13:33:06,577 INFO  client.GrpcClientProtocolService (GrpcClientProtocolService.java:lambda$processClientRequest$0(278)) - Failed RaftClientRequest:client-352D35361D97->localhost_10001@group-DB7CD3B4A7F8, cid=42, seq=0, RW, Message:321f0a0f0a0d74657374...(size=33), reply=RaftClientReply:client-352D35361D97->localhost_10001@group-DB7CD3B4A7F8, cid=42, FAILED org.apache.ratis.protocol.LeaderNotReadyException: localhost_10001@group-DB7CD3B4A7F8 is in LEADER state but not ready yet., logIndex=0, commits[localhost_10001:c-1, localhost_10002:c-1, localhost_10000:c-1]
2019-09-26 13:33:06,578 INFO  client.GrpcClientProtocolService (GrpcClientProtocolService.java:lambda$processClientRequest$0(278)) - Failed RaftClientRequest:client-352D35361D97->localhost_10001@group-DB7CD3B4A7F8, cid=42, seq=0, RW, Message:321f0a0f0a0d74657374...(size=33), reply=RaftClientReply:client-352D35361D97->localhost_10001@group-DB7CD3B4A7F8, cid=42, FAILED org.apache.ratis.protocol.LeaderNotReadyException: localhost_10001@group-DB7CD3B4A7F8 is in LEADER state but not ready yet., logIndex=0, commits[localhost_10001:c-1, localhost_10002:c-1, localhost_10000:c-1]
2019-09-26 13:33:06,578 INFO  client.GrpcClientProtocolService (GrpcClientProtocolService.java:lambda$processClientRequest$0(278)) - Failed RaftClientRequest:client-352D35361D97->localhost_10001@group-DB7CD3B4A7F8, cid=42, seq=0, RW, Message:321f0a0f0a0d74657374...(size=33), reply=RaftClientReply:client-352D35361D97->localhost_10001@group-DB7CD3B4A7F8, cid=42, FAILED org.apache.ratis.protocol.LeaderNotReadyException: localhost_10001@group-DB7CD3B4A7F8 is in LEADER state but not ready yet., logIndex=0, commits[localhost_10001:c-1, localhost_10002:c-1, localhost_10000:c-1]
2019-09-26 13:33:06,579 INFO  client.GrpcClientProtocolService (GrpcClientProtocolService.java:lambda$processClientRequest$0(278)) - Failed RaftClientRequest:client-352D35361D97->localhost_10001@group-DB7CD3B4A7F8, cid=42, seq=0, RW, Message:321f0a0f0a0d74657374...(size=33), reply=RaftClientReply:client-352D35361D97->localhost_10001@group-DB7CD3B4A7F8, cid=42, FAILED org.apache.ratis.protocol.LeaderNotReadyException: localhost_10001@group-DB7CD3B4A7F8 is in LEADER state but not ready yet., logIndex=0, commits[localhost_10001:c-1, localhost_10002:c-1, localhost_10000:c-1]
2019-09-26 13:33:06,580 INFO  client.GrpcClientProtocolService (GrpcClientProtocolService.java:lambda$processClientRequest$0(278)) - Failed RaftClientRequest:client-352D35361D97->localhost_10001@group-DB7CD3B4A7F8, cid=42, seq=0, RW, Message:321f0a0f0a0d74657374...(size=33), reply=RaftClientReply:client-352D35361D97->localhost_10001@group-DB7CD3B4A7F8, cid=42, FAILED org.apache.ratis.protocol.LeaderNotReadyException: localhost_10001@group-DB7CD3B4A7F8 is in LEADER state but not ready yet., logIndex=0, commits[localhost_10001:c-1, localhost_10002:c-1, localhost_10000:c-1]
2019-09-26 13:33:06,581 INFO  client.GrpcClientProtocolService (GrpcClientProtocolService.java:lambda$processClientRequest$0(278)) - Failed RaftClientRequest:client-352D35361D97->localhost_10001@group-DB7CD3B4A7F8, cid=42, seq=0, RW, Message:321f0a0f0a0d74657374...(size=33), reply=RaftClientReply:client-352D35361D97->localhost_10001@group-DB7CD3B4A7F8, cid=42, FAILED org.apache.ratis.protocol.LeaderNotReadyException: localhost_10001@group-DB7CD3B4A7F8 is in LEADER state but not ready yet., logIndex=0, commits[localhost_10001:c-1, localhost_10002:c-1, localhost_10000:c-1]
2019-09-26 13:33:06,582 INFO  client.GrpcClientProtocolService (GrpcClientProtocolService.java:lambda$processClientRequest$0(278)) - Failed RaftClientRequest:client-352D35361D97->localhost_10001@group-DB7CD3B4A7F8, cid=42, seq=0, RW, Message:321f0a0f0a0d74657374...(size=33), reply=RaftClientReply:client-352D35361D97->localhost_10001@group-DB7CD3B4A7F8, cid=42, FAILED org.apache.ratis.protocol.LeaderNotReadyException: localhost_10001@group-DB7CD3B4A7F8 is in LEADER state but not ready yet., logIndex=0, commits[localhost_10001:c-1, localhost_10002:c-1, localhost_10000:c-1]
2019-09-26 13:33:06,583 INFO  client.GrpcClientProtocolService (GrpcClientProtocolService.java:lambda$processClientRequest$0(278)) - Failed RaftClientRequest:client-352D35361D97->localhost_10001@group-DB7CD3B4A7F8, cid=42, seq=0, RW, Message:321f0a0f0a0d74657374...(size=33), reply=RaftClientReply:client-352D35361D97->localhost_10001@group-DB7CD3B4A7F8, cid=42, FAILED org.apache.ratis.protocol.LeaderNotReadyException: localhost_10001@group-DB7CD3B4A7F8 is in LEADER state but not ready yet., logIndex=0, commits[localhost_10001:c-1, localhost_10002:c-1, localhost_10000:c-1]
2019-09-26 13:33:06,584 INFO  client.GrpcClientProtocolService (GrpcClientProtocolService.java:lambda$processClientRequest$0(278)) - Failed RaftClientRequest:client-352D35361D97->localhost_10001@group-DB7CD3B4A7F8, cid=42, seq=0, RW, Message:321f0a0f0a0d74657374...(size=33), reply=RaftClientReply:client-352D35361D97->localhost_10001@group-DB7CD3B4A7F8, cid=42, FAILED org.apache.ratis.protocol.LeaderNotReadyException: localhost_10001@group-DB7CD3B4A7F8 is in LEADER state but not ready yet., logIndex=0, commits[localhost_10001:c-1, localhost_10002:c-1, localhost_10000:c-1]
2019-09-26 13:33:06,584 INFO  client.GrpcClientProtocolService (GrpcClientProtocolService.java:lambda$processClientRequest$0(278)) - Failed RaftClientRequest:client-352D35361D97->localhost_10001@group-DB7CD3B4A7F8, cid=42, seq=0, RW, Message:321f0a0f0a0d74657374...(size=33), reply=RaftClientReply:client-352D35361D97->localhost_10001@group-DB7CD3B4A7F8, cid=42, FAILED org.apache.ratis.protocol.LeaderNotReadyException: localhost_10001@group-DB7CD3B4A7F8 is in LEADER state but not ready yet., logIndex=0, commits[localhost_10001:c-1, localhost_10002:c-1, localhost_10000:c-1]
2019-09-26 13:33:06,585 INFO  client.GrpcClientProtocolService (GrpcClientProtocolService.java:lambda$processClientRequest$0(278)) - Failed RaftClientRequest:client-352D35361D97->localhost_10001@group-DB7CD3B4A7F8, cid=42, seq=0, RW, Message:321f0a0f0a0d74657374...(size=33), reply=RaftClientReply:client-352D35361D97->localhost_10001@group-DB7CD3B4A7F8, cid=42, FAILED org.apache.ratis.protocol.LeaderNotReadyException: localhost_10001@group-DB7CD3B4A7F8 is in LEADER state but not ready yet., logIndex=0, commits[localhost_10001:c-1, localhost_10002:c-1, localhost_10000:c-1]
2019-09-26 13:33:06,586 INFO  client.GrpcClientProtocolService (GrpcClientProtocolService.java:lambda$processClientRequest$0(278)) - Failed RaftClientRequest:client-352D35361D97->localhost_10001@group-DB7CD3B4A7F8, cid=42, seq=0, RW, Message:321f0a0f0a0d74657374...(size=33), reply=RaftClientReply:client-352D35361D97->localhost_10001@group-DB7CD3B4A7F8, cid=42, FAILED org.apache.ratis.protocol.LeaderNotReadyException: localhost_10001@group-DB7CD3B4A7F8 is in LEADER state but not ready yet., logIndex=0, commits[localhost_10001:c-1, localhost_10002:c-1, localhost_10000:c-1]
2019-09-26 13:33:06,587 INFO  client.GrpcClientProtocolService (GrpcClientProtocolService.java:lambda$processClientRequest$0(278)) - Failed RaftClientRequest:client-352D35361D97->localhost_10001@group-DB7CD3B4A7F8, cid=42, seq=0, RW, Message:321f0a0f0a0d74657374...(size=33), reply=RaftClientReply:client-352D35361D97->localhost_10001@group-DB7CD3B4A7F8, cid=42, FAILED org.apache.ratis.protocol.LeaderNotReadyException: localhost_10001@group-DB7CD3B4A7F8 is in LEADER state but not ready yet., logIndex=0, commits[localhost_10001:c-1, localhost_10002:c-1, localhost_10000:c-1]
2019-09-26 13:33:06,588 INFO  client.GrpcClientProtocolService (GrpcClientProtocolService.java:lambda$processClientRequest$0(278)) - Failed RaftClientRequest:client-352D35361D97->localhost_10001@group-DB7CD3B4A7F8, cid=42, seq=0, RW, Message:321f0a0f0a0d74657374...(size=33), reply=RaftClientReply:client-352D35361D97->localhost_10001@group-DB7CD3B4A7F8, cid=42, FAILED org.apache.ratis.protocol.LeaderNotReadyException: localhost_10001@group-DB7CD3B4A7F8 is in LEADER state but not ready yet., logIndex=0, commits[localhost_10001:c-1, localhost_10002:c-1, localhost_10000:c-1]
2019-09-26 13:33:06,589 INFO  client.GrpcClientProtocolService (GrpcClientProtocolService.java:lambda$processClientRequest$0(278)) - Failed RaftClientRequest:client-352D35361D97->localhost_10001@group-DB7CD3B4A7F8, cid=42, seq=0, RW, Message:321f0a0f0a0d74657374...(size=33), reply=RaftClientReply:client-352D35361D97->localhost_10001@group-DB7CD3B4A7F8, cid=42, FAILED org.apache.ratis.protocol.LeaderNotReadyException: localhost_10001@group-DB7CD3B4A7F8 is in LEADER state but not ready yet., logIndex=0, commits[localhost_10001:c-1, localhost_10002:c-1, localhost_10000:c-1]
2019-09-26 13:33:06,590 INFO  client.GrpcClientProtocolService (GrpcClientProtocolService.java:lambda$processClientRequest$0(278)) - Failed RaftClientRequest:client-352D35361D97->localhost_10001@group-DB7CD3B4A7F8, cid=42, seq=0, RW, Message:321f0a0f0a0d74657374...(size=33), reply=RaftClientReply:client-352D35361D97->localhost_10001@group-DB7CD3B4A7F8, cid=42, FAILED org.apache.ratis.protocol.LeaderNotReadyException: localhost_10001@group-DB7CD3B4A7F8 is in LEADER state but not ready yet., logIndex=0, commits[localhost_10001:c-1, localhost_10002:c-1, localhost_10000:c-1]
2019-09-26 13:33:06,591 INFO  client.GrpcClientProtocolService (GrpcClientProtocolService.java:lambda$processClientRequest$0(278)) - Failed RaftClientRequest:client-352D35361D97->localhost_10001@group-DB7CD3B4A7F8, cid=42, seq=0, RW, Message:321f0a0f0a0d74657374...(size=33), reply=RaftClientReply:client-352D35361D97->localhost_10001@group-DB7CD3B4A7F8, cid=42, FAILED org.apache.ratis.protocol.LeaderNotReadyException: localhost_10001@group-DB7CD3B4A7F8 is in LEADER state but not ready yet., logIndex=0, commits[localhost_10001:c-1, localhost_10002:c-1, localhost_10000:c-1]
2019-09-26 13:33:06,591 INFO  client.GrpcClientProtocolService (GrpcClientProtocolService.java:lambda$processClientRequest$0(278)) - Failed RaftClientRequest:client-352D35361D97->localhost_10001@group-DB7CD3B4A7F8, cid=42, seq=0, RW, Message:321f0a0f0a0d74657374...(size=33), reply=RaftClientReply:client-352D35361D97->localhost_10001@group-DB7CD3B4A7F8, cid=42, FAILED org.apache.ratis.protocol.LeaderNotReadyException: localhost_10001@group-DB7CD3B4A7F8 is in LEADER state but not ready yet., logIndex=0, commits[localhost_10001:c-1, localhost_10002:c-1, localhost_10000:c-1]
2019-09-26 13:33:06,592 INFO  client.GrpcClientProtocolService (GrpcClientProtocolService.java:lambda$processClientRequest$0(278)) - Failed RaftClientRequest:client-352D35361D97->localhost_10001@group-DB7CD3B4A7F8, cid=42, seq=0, RW, Message:321f0a0f0a0d74657374...(size=33), reply=RaftClientReply:client-352D35361D97->localhost_10001@group-DB7CD3B4A7F8, cid=42, FAILED org.apache.ratis.protocol.LeaderNotReadyException: localhost_10001@group-DB7CD3B4A7F8 is in LEADER state but not ready yet., logIndex=0, commits[localhost_10001:c-1, localhost_10002:c-1, localhost_10000:c-1]
2019-09-26 13:33:06,593 INFO  client.GrpcClientProtocolService (GrpcClientProtocolService.java:lambda$processClientRequest$0(278)) - Failed RaftClientRequest:client-352D35361D97->localhost_10001@group-DB7CD3B4A7F8, cid=42, seq=0, RW, Message:321f0a0f0a0d74657374...(size=33), reply=RaftClientReply:client-352D35361D97->localhost_10001@group-DB7CD3B4A7F8, cid=42, FAILED org.apache.ratis.protocol.LeaderNotReadyException: localhost_10001@group-DB7CD3B4A7F8 is in LEADER state but not ready yet., logIndex=0, commits[localhost_10001:c-1, localhost_10002:c-1, localhost_10000:c-1]
2019-09-26 13:33:06,593 INFO  client.GrpcClientProtocolService (GrpcClientProtocolService.java:lambda$processClientRequest$0(278)) - Failed RaftClientRequest:client-352D35361D97->localhost_10001@group-DB7CD3B4A7F8, cid=42, seq=0, RW, Message:321f0a0f0a0d74657374...(size=33), reply=RaftClientReply:client-352D35361D97->localhost_10001@group-DB7CD3B4A7F8, cid=42, FAILED org.apache.ratis.protocol.LeaderNotReadyException: localhost_10001@group-DB7CD3B4A7F8 is in LEADER state but not ready yet., logIndex=0, commits[localhost_10001:c-1, localhost_10002:c-1, localhost_10000:c-1]
2019-09-26 13:33:06,594 INFO  client.GrpcClientProtocolService (GrpcClientProtocolService.java:lambda$processClientRequest$0(278)) - Failed RaftClientRequest:client-352D35361D97->localhost_10001@group-DB7CD3B4A7F8, cid=42, seq=0, RW, Message:321f0a0f0a0d74657374...(size=33), reply=RaftClientReply:client-352D35361D97->localhost_10001@group-DB7CD3B4A7F8, cid=42, FAILED org.apache.ratis.protocol.LeaderNotReadyException: localhost_10001@group-DB7CD3B4A7F8 is in LEADER state but not ready yet., logIndex=0, commits[localhost_10001:c-1, localhost_10002:c-1, localhost_10000:c-1]
2019-09-26 13:33:06,595 INFO  client.GrpcClientProtocolService (GrpcClientProtocolService.java:lambda$processClientRequest$0(278)) - Failed RaftClientRequest:client-352D35361D97->localhost_10001@group-DB7CD3B4A7F8, cid=42, seq=0, RW, Message:321f0a0f0a0d74657374...(size=33), reply=RaftClientReply:client-352D35361D97->localhost_10001@group-DB7CD3B4A7F8, cid=42, FAILED org.apache.ratis.protocol.LeaderNotReadyException: localhost_10001@group-DB7CD3B4A7F8 is in LEADER state but not ready yet., logIndex=0, commits[localhost_10001:c-1, localhost_10002:c-1, localhost_10000:c-1]
2019-09-26 13:33:06,596 INFO  client.GrpcClientProtocolService (GrpcClientProtocolService.java:lambda$processClientRequest$0(278)) - Failed RaftClientRequest:client-352D35361D97->localhost_10001@group-DB7CD3B4A7F8, cid=42, seq=0, RW, Message:321f0a0f0a0d74657374...(size=33), reply=RaftClientReply:client-352D35361D97->localhost_10001@group-DB7CD3B4A7F8, cid=42, FAILED org.apache.ratis.protocol.LeaderNotReadyException: localhost_10001@group-DB7CD3B4A7F8 is in LEADER state but not ready yet., logIndex=0, commits[localhost_10001:c-1, localhost_10002:c-1, localhost_10000:c-1]
2019-09-26 13:33:06,597 INFO  client.GrpcClientProtocolService (GrpcClientProtocolService.java:lambda$processClientRequest$0(278)) - Failed RaftClientRequest:client-352D35361D97->localhost_10001@group-DB7CD3B4A7F8, cid=42, seq=0, RW, Message:321f0a0f0a0d74657374...(size=33), reply=RaftClientReply:client-352D35361D97->localhost_10001@group-DB7CD3B4A7F8, cid=42, FAILED org.apache.ratis.protocol.LeaderNotReadyException: localhost_10001@group-DB7CD3B4A7F8 is in LEADER state but not ready yet., logIndex=0, commits[localhost_10001:c-1, localhost_10002:c-1, localhost_10000:c-1]
2019-09-26 13:33:06,597 INFO  client.GrpcClientProtocolService (GrpcClientProtocolService.java:lambda$processClientRequest$0(278)) - Failed RaftClientRequest:client-352D35361D97->localhost_10001@group-DB7CD3B4A7F8, cid=42, seq=0, RW, Message:321f0a0f0a0d74657374...(size=33), reply=RaftClientReply:client-352D35361D97->localhost_10001@group-DB7CD3B4A7F8, cid=42, FAILED org.apache.ratis.protocol.LeaderNotReadyException: localhost_10001@group-DB7CD3B4A7F8 is in LEADER state but not ready yet., logIndex=0, commits[localhost_10001:c-1, localhost_10002:c-1, localhost_10000:c-1]
2019-09-26 13:33:06,598 INFO  client.GrpcClientProtocolService (GrpcClientProtocolService.java:lambda$processClientRequest$0(278)) - Failed RaftClientRequest:client-352D35361D97->localhost_10001@group-DB7CD3B4A7F8, cid=42, seq=0, RW, Message:321f0a0f0a0d74657374...(size=33), reply=RaftClientReply:client-352D35361D97->localhost_10001@group-DB7CD3B4A7F8, cid=42, FAILED org.apache.ratis.protocol.LeaderNotReadyException: localhost_10001@group-DB7CD3B4A7F8 is in LEADER state but not ready yet., logIndex=0, commits[localhost_10001:c-1, localhost_10002:c-1, localhost_10000:c-1]
2019-09-26 13:33:06,599 INFO  client.GrpcClientProtocolService (GrpcClientProtocolService.java:lambda$processClientRequest$0(278)) - Failed RaftClientRequest:client-352D35361D97->localhost_10001@group-DB7CD3B4A7F8, cid=42, seq=0, RW, Message:321f0a0f0a0d74657374...(size=33), reply=RaftClientReply:client-352D35361D97->localhost_10001@group-DB7CD3B4A7F8, cid=42, FAILED org.apache.ratis.protocol.LeaderNotReadyException: localhost_10001@group-DB7CD3B4A7F8 is in LEADER state but not ready yet., logIndex=0, commits[localhost_10001:c-1, localhost_10002:c-1, localhost_10000:c-1]
2019-09-26 13:33:06,600 INFO  client.GrpcClientProtocolService (GrpcClientProtocolService.java:lambda$processClientRequest$0(278)) - Failed RaftClientRequest:client-352D35361D97->localhost_10001@group-DB7CD3B4A7F8, cid=42, seq=0, RW, Message:321f0a0f0a0d74657374...(size=33), reply=RaftClientReply:client-352D35361D97->localhost_10001@group-DB7CD3B4A7F8, cid=42, FAILED org.apache.ratis.protocol.LeaderNotReadyException: localhost_10001@group-DB7CD3B4A7F8 is in LEADER state but not ready yet., logIndex=0, commits[localhost_10001:c-1, localhost_10002:c-1, localhost_10000:c-1]
2019-09-26 13:33:06,601 INFO  client.GrpcClientProtocolService (GrpcClientProtocolService.java:lambda$processClientRequest$0(278)) - Failed RaftClientRequest:client-352D35361D97->localhost_10001@group-DB7CD3B4A7F8, cid=42, seq=0, RW, Message:321f0a0f0a0d74657374...(size=33), reply=RaftClientReply:client-352D35361D97->localhost_10001@group-DB7CD3B4A7F8, cid=42, FAILED org.apache.ratis.protocol.LeaderNotReadyException: localhost_10001@group-DB7CD3B4A7F8 is in LEADER state but not ready yet., logIndex=0, commits[localhost_10001:c-1, localhost_10002:c-1, localhost_10000:c-1]
2019-09-26 13:33:06,601 INFO  client.GrpcClientProtocolService (GrpcClientProtocolService.java:lambda$processClientRequest$0(278)) - Failed RaftClientRequest:client-352D35361D97->localhost_10001@group-DB7CD3B4A7F8, cid=42, seq=0, RW, Message:321f0a0f0a0d74657374...(size=33), reply=RaftClientReply:client-352D35361D97->localhost_10001@group-DB7CD3B4A7F8, cid=42, FAILED org.apache.ratis.protocol.LeaderNotReadyException: localhost_10001@group-DB7CD3B4A7F8 is in LEADER state but not ready yet., logIndex=0, commits[localhost_10001:c-1, localhost_10002:c-1, localhost_10000:c-1]
2019-09-26 13:33:06,602 INFO  client.GrpcClientProtocolService (GrpcClientProtocolService.java:lambda$processClientRequest$0(278)) - Failed RaftClientRequest:client-352D35361D97->localhost_10001@group-DB7CD3B4A7F8, cid=42, seq=0, RW, Message:321f0a0f0a0d74657374...(size=33), reply=RaftClientReply:client-352D35361D97->localhost_10001@group-DB7CD3B4A7F8, cid=42, FAILED org.apache.ratis.protocol.LeaderNotReadyException: localhost_10001@group-DB7CD3B4A7F8 is in LEADER state but not ready yet., logIndex=0, commits[localhost_10001:c-1, localhost_10002:c-1, localhost_10000:c-1]
2019-09-26 13:33:06,603 INFO  client.GrpcClientProtocolService (GrpcClientProtocolService.java:lambda$processClientRequest$0(278)) - Failed RaftClientRequest:client-352D35361D97->localhost_10001@group-DB7CD3B4A7F8, cid=42, seq=0, RW, Message:321f0a0f0a0d74657374...(size=33), reply=RaftClientReply:client-352D35361D97->localhost_10001@group-DB7CD3B4A7F8, cid=42, FAILED org.apache.ratis.protocol.LeaderNotReadyException: localhost_10001@group-DB7CD3B4A7F8 is in LEADER state but not ready yet., logIndex=0, commits[localhost_10001:c-1, localhost_10002:c-1, localhost_10000:c-1]
2019-09-26 13:33:06,604 INFO  client.GrpcClientProtocolService (GrpcClientProtocolService.java:lambda$processClientRequest$0(278)) - Failed RaftClientRequest:client-352D35361D97->localhost_10001@group-DB7CD3B4A7F8, cid=42, seq=0, RW, Message:321f0a0f0a0d74657374...(size=33), reply=RaftClientReply:client-352D35361D97->localhost_10001@group-DB7CD3B4A7F8, cid=42, FAILED org.apache.ratis.protocol.LeaderNotReadyException: localhost_10001@group-DB7CD3B4A7F8 is in LEADER state but not ready yet., logIndex=0, commits[localhost_10001:c-1, localhost_10002:c-1, localhost_10000:c-1]
2019-09-26 13:33:06,605 INFO  client.GrpcClientProtocolService (GrpcClientProtocolService.java:lambda$processClientRequest$0(278)) - Failed RaftClientRequest:client-352D35361D97->localhost_10001@group-DB7CD3B4A7F8, cid=42, seq=0, RW, Message:321f0a0f0a0d74657374...(size=33), reply=RaftClientReply:client-352D35361D97->localhost_10001@group-DB7CD3B4A7F8, cid=42, FAILED org.apache.ratis.protocol.LeaderNotReadyException: localhost_10001@group-DB7CD3B4A7F8 is in LEADER state but not ready yet., logIndex=0, commits[localhost_10001:c-1, localhost_10002:c-1, localhost_10000:c-1]
2019-09-26 13:33:06,605 INFO  client.GrpcClientProtocolService (GrpcClientProtocolService.java:lambda$processClientRequest$0(278)) - Failed RaftClientRequest:client-352D35361D97->localhost_10001@group-DB7CD3B4A7F8, cid=42, seq=0, RW, Message:321f0a0f0a0d74657374...(size=33), reply=RaftClientReply:client-352D35361D97->localhost_10001@group-DB7CD3B4A7F8, cid=42, FAILED org.apache.ratis.protocol.LeaderNotReadyException: localhost_10001@group-DB7CD3B4A7F8 is in LEADER state but not ready yet., logIndex=0, commits[localhost_10001:c-1, localhost_10002:c-1, localhost_10000:c-1]
2019-09-26 13:33:06,606 INFO  client.GrpcClientProtocolService (GrpcClientProtocolService.java:lambda$processClientRequest$0(278)) - Failed RaftClientRequest:client-352D35361D97->localhost_10001@group-DB7CD3B4A7F8, cid=42, seq=0, RW, Message:321f0a0f0a0d74657374...(size=33), reply=RaftClientReply:client-352D35361D97->localhost_10001@group-DB7CD3B4A7F8, cid=42, FAILED org.apache.ratis.protocol.LeaderNotReadyException: localhost_10001@group-DB7CD3B4A7F8 is in LEADER state but not ready yet., logIndex=0, commits[localhost_10001:c-1, localhost_10002:c-1, localhost_10000:c-1]
2019-09-26 13:33:06,607 INFO  client.GrpcClientProtocolService (GrpcClientProtocolService.java:lambda$processClientRequest$0(278)) - Failed RaftClientRequest:client-352D35361D97->localhost_10001@group-DB7CD3B4A7F8, cid=42, seq=0, RW, Message:321f0a0f0a0d74657374...(size=33), reply=RaftClientReply:client-352D35361D97->localhost_10001@group-DB7CD3B4A7F8, cid=42, FAILED org.apache.ratis.protocol.LeaderNotReadyException: localhost_10001@group-DB7CD3B4A7F8 is in LEADER state but not ready yet., logIndex=0, commits[localhost_10001:c-1, localhost_10002:c-1, localhost_10000:c-1]
2019-09-26 13:33:06,608 INFO  client.GrpcClientProtocolService (GrpcClientProtocolService.java:lambda$processClientRequest$0(278)) - Failed RaftClientRequest:client-352D35361D97->localhost_10001@group-DB7CD3B4A7F8, cid=42, seq=0, RW, Message:321f0a0f0a0d74657374...(size=33), reply=RaftClientReply:client-352D35361D97->localhost_10001@group-DB7CD3B4A7F8, cid=42, FAILED org.apache.ratis.protocol.LeaderNotReadyException: localhost_10001@group-DB7CD3B4A7F8 is in LEADER state but not ready yet., logIndex=0, commits[localhost_10001:c-1, localhost_10002:c-1, localhost_10000:c-1]
2019-09-26 13:33:06,609 INFO  client.GrpcClientProtocolService (GrpcClientProtocolService.java:lambda$processClientRequest$0(278)) - Failed RaftClientRequest:client-352D35361D97->localhost_10001@group-DB7CD3B4A7F8, cid=42, seq=0, RW, Message:321f0a0f0a0d74657374...(size=33), reply=RaftClientReply:client-352D35361D97->localhost_10001@group-DB7CD3B4A7F8, cid=42, FAILED org.apache.ratis.protocol.LeaderNotReadyException: localhost_10001@group-DB7CD3B4A7F8 is in LEADER state but not ready yet., logIndex=0, commits[localhost_10001:c-1, localhost_10002:c-1, localhost_10000:c-1]
2019-09-26 13:33:06,609 INFO  client.GrpcClientProtocolService (GrpcClientProtocolService.java:lambda$processClientRequest$0(278)) - Failed RaftClientRequest:client-352D35361D97->localhost_10001@group-DB7CD3B4A7F8, cid=42, seq=0, RW, Message:321f0a0f0a0d74657374...(size=33), reply=RaftClientReply:client-352D35361D97->localhost_10001@group-DB7CD3B4A7F8, cid=42, FAILED org.apache.ratis.protocol.LeaderNotReadyException: localhost_10001@group-DB7CD3B4A7F8 is in LEADER state but not ready yet., logIndex=0, commits[localhost_10001:c-1, localhost_10002:c-1, localhost_10000:c-1]
2019-09-26 13:33:06,610 INFO  client.GrpcClientProtocolService (GrpcClientProtocolService.java:lambda$processClientRequest$0(278)) - Failed RaftClientRequest:client-352D35361D97->localhost_10001@group-DB7CD3B4A7F8, cid=42, seq=0, RW, Message:321f0a0f0a0d74657374...(size=33), reply=RaftClientReply:client-352D35361D97->localhost_10001@group-DB7CD3B4A7F8, cid=42, FAILED org.apache.ratis.protocol.LeaderNotReadyException: localhost_10001@group-DB7CD3B4A7F8 is in LEADER state but not ready yet., logIndex=0, commits[localhost_10001:c-1, localhost_10002:c-1, localhost_10000:c-1]
2019-09-26 13:33:06,611 INFO  client.GrpcClientProtocolService (GrpcClientProtocolService.java:lambda$processClientRequest$0(278)) - Failed RaftClientRequest:client-352D35361D97->localhost_10001@group-DB7CD3B4A7F8, cid=42, seq=0, RW, Message:321f0a0f0a0d74657374...(size=33), reply=RaftClientReply:client-352D35361D97->localhost_10001@group-DB7CD3B4A7F8, cid=42, FAILED org.apache.ratis.protocol.LeaderNotReadyException: localhost_10001@group-DB7CD3B4A7F8 is in LEADER state but not ready yet., logIndex=0, commits[localhost_10001:c-1, localhost_10002:c-1, localhost_10000:c-1]
2019-09-26 13:33:06,612 INFO  client.GrpcClientProtocolService (GrpcClientProtocolService.java:lambda$processClientRequest$0(278)) - Failed RaftClientRequest:client-352D35361D97->localhost_10001@group-DB7CD3B4A7F8, cid=42, seq=0, RW, Message:321f0a0f0a0d74657374...(size=33), reply=RaftClientReply:client-352D35361D97->localhost_10001@group-DB7CD3B4A7F8, cid=42, FAILED org.apache.ratis.protocol.LeaderNotReadyException: localhost_10001@group-DB7CD3B4A7F8 is in LEADER state but not ready yet., logIndex=0, commits[localhost_10001:c-1, localhost_10002:c-1, localhost_10000:c-1]
2019-09-26 13:33:06,613 INFO  client.GrpcClientProtocolService (GrpcClientProtocolService.java:lambda$processClientRequest$0(278)) - Failed RaftClientRequest:client-352D35361D97->localhost_10001@group-DB7CD3B4A7F8, cid=42, seq=0, RW, Message:321f0a0f0a0d74657374...(size=33), reply=RaftClientReply:client-352D35361D97->localhost_10001@group-DB7CD3B4A7F8, cid=42, FAILED org.apache.ratis.protocol.LeaderNotReadyException: localhost_10001@group-DB7CD3B4A7F8 is in LEADER state but not ready yet., logIndex=0, commits[localhost_10001:c-1, localhost_10002:c-1, localhost_10000:c-1]
2019-09-26 13:33:06,613 INFO  client.GrpcClientProtocolService (GrpcClientProtocolService.java:lambda$processClientRequest$0(278)) - Failed RaftClientRequest:client-352D35361D97->localhost_10001@group-DB7CD3B4A7F8, cid=42, seq=0, RW, Message:321f0a0f0a0d74657374...(size=33), reply=RaftClientReply:client-352D35361D97->localhost_10001@group-DB7CD3B4A7F8, cid=42, FAILED org.apache.ratis.protocol.LeaderNotReadyException: localhost_10001@group-DB7CD3B4A7F8 is in LEADER state but not ready yet., logIndex=0, commits[localhost_10001:c-1, localhost_10002:c-1, localhost_10000:c-1]
2019-09-26 13:33:06,614 INFO  client.GrpcClientProtocolService (GrpcClientProtocolService.java:lambda$processClientRequest$0(278)) - Failed RaftClientRequest:client-352D35361D97->localhost_10001@group-DB7CD3B4A7F8, cid=42, seq=0, RW, Message:321f0a0f0a0d74657374...(size=33), reply=RaftClientReply:client-352D35361D97->localhost_10001@group-DB7CD3B4A7F8, cid=42, FAILED org.apache.ratis.protocol.LeaderNotReadyException: localhost_10001@group-DB7CD3B4A7F8 is in LEADER state but not ready yet., logIndex=0, commits[localhost_10001:c-1, localhost_10002:c-1, localhost_10000:c-1]
2019-09-26 13:33:06,615 INFO  client.GrpcClientProtocolService (GrpcClientProtocolService.java:lambda$processClientRequest$0(278)) - Failed RaftClientRequest:client-352D35361D97->localhost_10001@group-DB7CD3B4A7F8, cid=42, seq=0, RW, Message:321f0a0f0a0d74657374...(size=33), reply=RaftClientReply:client-352D35361D97->localhost_10001@group-DB7CD3B4A7F8, cid=42, FAILED org.apache.ratis.protocol.LeaderNotReadyException: localhost_10001@group-DB7CD3B4A7F8 is in LEADER state but not ready yet., logIndex=0, commits[localhost_10001:c-1, localhost_10002:c-1, localhost_10000:c-1]
2019-09-26 13:33:06,616 INFO  client.GrpcClientProtocolService (GrpcClientProtocolService.java:lambda$processClientRequest$0(278)) - Failed RaftClientRequest:client-352D35361D97->localhost_10001@group-DB7CD3B4A7F8, cid=42, seq=0, RW, Message:321f0a0f0a0d74657374...(size=33), reply=RaftClientReply:client-352D35361D97->localhost_10001@group-DB7CD3B4A7F8, cid=42, FAILED org.apache.ratis.protocol.LeaderNotReadyException: localhost_10001@group-DB7CD3B4A7F8 is in LEADER state but not ready yet., logIndex=0, commits[localhost_10001:c-1, localhost_10002:c-1, localhost_10000:c-1]
2019-09-26 13:33:06,616 INFO  client.GrpcClientProtocolService (GrpcClientProtocolService.java:lambda$processClientRequest$0(278)) - Failed RaftClientRequest:client-352D35361D97->localhost_10001@group-DB7CD3B4A7F8, cid=42, seq=0, RW, Message:321f0a0f0a0d74657374...(size=33), reply=RaftClientReply:client-352D35361D97->localhost_10001@group-DB7CD3B4A7F8, cid=42, FAILED org.apache.ratis.protocol.LeaderNotReadyException: localhost_10001@group-DB7CD3B4A7F8 is in LEADER state but not ready yet., logIndex=0, commits[localhost_10001:c-1, localhost_10002:c-1, localhost_10000:c-1]
2019-09-26 13:33:06,617 INFO  client.GrpcClientProtocolService (GrpcClientProtocolService.java:lambda$processClientRequest$0(278)) - Failed RaftClientRequest:client-352D35361D97->localhost_10001@group-DB7CD3B4A7F8, cid=42, seq=0, RW, Message:321f0a0f0a0d74657374...(size=33), reply=RaftClientReply:client-352D35361D97->localhost_10001@group-DB7CD3B4A7F8, cid=42, FAILED org.apache.ratis.protocol.LeaderNotReadyException: localhost_10001@group-DB7CD3B4A7F8 is in LEADER state but not ready yet., logIndex=0, commits[localhost_10001:c-1, localhost_10002:c-1, localhost_10000:c-1]
2019-09-26 13:33:06,618 INFO  client.GrpcClientProtocolService (GrpcClientProtocolService.java:lambda$processClientRequest$0(278)) - Failed RaftClientRequest:client-352D35361D97->localhost_10001@group-DB7CD3B4A7F8, cid=42, seq=0, RW, Message:321f0a0f0a0d74657374...(size=33), reply=RaftClientReply:client-352D35361D97->localhost_10001@group-DB7CD3B4A7F8, cid=42, FAILED org.apache.ratis.protocol.LeaderNotReadyException: localhost_10001@group-DB7CD3B4A7F8 is in LEADER state but not ready yet., logIndex=0, commits[localhost_10001:c-1, localhost_10002:c-1, localhost_10000:c-1]
2019-09-26 13:33:06,619 INFO  client.GrpcClientProtocolService (GrpcClientProtocolService.java:lambda$processClientRequest$0(278)) - Failed RaftClientRequest:client-352D35361D97->localhost_10001@group-DB7CD3B4A7F8, cid=42, seq=0, RW, Message:321f0a0f0a0d74657374...(size=33), reply=RaftClientReply:client-352D35361D97->localhost_10001@group-DB7CD3B4A7F8, cid=42, FAILED org.apache.ratis.protocol.LeaderNotReadyException: localhost_10001@group-DB7CD3B4A7F8 is in LEADER state but not ready yet., logIndex=0, commits[localhost_10001:c-1, localhost_10002:c-1, localhost_10000:c-1]
2019-09-26 13:33:06,619 INFO  client.GrpcClientProtocolService (GrpcClientProtocolService.java:lambda$processClientRequest$0(278)) - Failed RaftClientRequest:client-352D35361D97->localhost_10001@group-DB7CD3B4A7F8, cid=42, seq=0, RW, Message:321f0a0f0a0d74657374...(size=33), reply=RaftClientReply:client-352D35361D97->localhost_10001@group-DB7CD3B4A7F8, cid=42, FAILED org.apache.ratis.protocol.LeaderNotReadyException: localhost_10001@group-DB7CD3B4A7F8 is in LEADER state but not ready yet., logIndex=0, commits[localhost_10001:c-1, localhost_10002:c-1, localhost_10000:c-1]
2019-09-26 13:33:06,620 INFO  client.GrpcClientProtocolService (GrpcClientProtocolService.java:lambda$processClientRequest$0(278)) - Failed RaftClientRequest:client-352D35361D97->localhost_10001@group-DB7CD3B4A7F8, cid=42, seq=0, RW, Message:321f0a0f0a0d74657374...(size=33), reply=RaftClientReply:client-352D35361D97->localhost_10001@group-DB7CD3B4A7F8, cid=42, FAILED org.apache.ratis.protocol.LeaderNotReadyException: localhost_10001@group-DB7CD3B4A7F8 is in LEADER state but not ready yet., logIndex=0, commits[localhost_10001:c-1, localhost_10002:c-1, localhost_10000:c-1]
2019-09-26 13:33:06,621 INFO  client.GrpcClientProtocolService (GrpcClientProtocolService.java:lambda$processClientRequest$0(278)) - Failed RaftClientRequest:client-352D35361D97->localhost_10001@group-DB7CD3B4A7F8, cid=42, seq=0, RW, Message:321f0a0f0a0d74657374...(size=33), reply=RaftClientReply:client-352D35361D97->localhost_10001@group-DB7CD3B4A7F8, cid=42, FAILED org.apache.ratis.protocol.LeaderNotReadyException: localhost_10001@group-DB7CD3B4A7F8 is in LEADER state but not ready yet., logIndex=0, commits[localhost_10001:c-1, localhost_10002:c-1, localhost_10000:c-1]
2019-09-26 13:33:06,622 INFO  client.GrpcClientProtocolService (GrpcClientProtocolService.java:lambda$processClientRequest$0(278)) - Failed RaftClientRequest:client-352D35361D97->localhost_10001@group-DB7CD3B4A7F8, cid=42, seq=0, RW, Message:321f0a0f0a0d74657374...(size=33), reply=RaftClientReply:client-352D35361D97->localhost_10001@group-DB7CD3B4A7F8, cid=42, FAILED org.apache.ratis.protocol.LeaderNotReadyException: localhost_10001@group-DB7CD3B4A7F8 is in LEADER state but not ready yet., logIndex=0, commits[localhost_10001:c-1, localhost_10002:c-1, localhost_10000:c-1]
2019-09-26 13:33:06,623 INFO  client.GrpcClientProtocolService (GrpcClientProtocolService.java:lambda$processClientRequest$0(278)) - Failed RaftClientRequest:client-352D35361D97->localhost_10001@group-DB7CD3B4A7F8, cid=42, seq=0, RW, Message:321f0a0f0a0d74657374...(size=33), reply=RaftClientReply:client-352D35361D97->localhost_10001@group-DB7CD3B4A7F8, cid=42, FAILED org.apache.ratis.protocol.LeaderNotReadyException: localhost_10001@group-DB7CD3B4A7F8 is in LEADER state but not ready yet., logIndex=0, commits[localhost_10001:c-1, localhost_10002:c-1, localhost_10000:c-1]
2019-09-26 13:33:06,623 INFO  client.GrpcClientProtocolService (GrpcClientProtocolService.java:lambda$processClientRequest$0(278)) - Failed RaftClientRequest:client-352D35361D97->localhost_10001@group-DB7CD3B4A7F8, cid=42, seq=0, RW, Message:321f0a0f0a0d74657374...(size=33), reply=RaftClientReply:client-352D35361D97->localhost_10001@group-DB7CD3B4A7F8, cid=42, FAILED org.apache.ratis.protocol.LeaderNotReadyException: localhost_10001@group-DB7CD3B4A7F8 is in LEADER state but not ready yet., logIndex=0, commits[localhost_10001:c-1, localhost_10002:c-1, localhost_10000:c-1]
2019-09-26 13:33:06,624 INFO  client.GrpcClientProtocolService (GrpcClientProtocolService.java:lambda$processClientRequest$0(278)) - Failed RaftClientRequest:client-352D35361D97->localhost_10001@group-DB7CD3B4A7F8, cid=42, seq=0, RW, Message:321f0a0f0a0d74657374...(size=33), reply=RaftClientReply:client-352D35361D97->localhost_10001@group-DB7CD3B4A7F8, cid=42, FAILED org.apache.ratis.protocol.LeaderNotReadyException: localhost_10001@group-DB7CD3B4A7F8 is in LEADER state but not ready yet., logIndex=0, commits[localhost_10001:c-1, localhost_10002:c-1, localhost_10000:c-1]
2019-09-26 13:33:06,625 INFO  client.GrpcClientProtocolService (GrpcClientProtocolService.java:lambda$processClientRequest$0(278)) - Failed RaftClientRequest:client-352D35361D97->localhost_10001@group-DB7CD3B4A7F8, cid=42, seq=0, RW, Message:321f0a0f0a0d74657374...(size=33), reply=RaftClientReply:client-352D35361D97->localhost_10001@group-DB7CD3B4A7F8, cid=42, FAILED org.apache.ratis.protocol.LeaderNotReadyException: localhost_10001@group-DB7CD3B4A7F8 is in LEADER state but not ready yet., logIndex=0, commits[localhost_10001:c-1, localhost_10002:c-1, localhost_10000:c-1]
2019-09-26 13:33:06,626 INFO  client.GrpcClientProtocolService (GrpcClientProtocolService.java:lambda$processClientRequest$0(278)) - Failed RaftClientRequest:client-352D35361D97->localhost_10001@group-DB7CD3B4A7F8, cid=42, seq=0, RW, Message:321f0a0f0a0d74657374...(size=33), reply=RaftClientReply:client-352D35361D97->localhost_10001@group-DB7CD3B4A7F8, cid=42, FAILED org.apache.ratis.protocol.LeaderNotReadyException: localhost_10001@group-DB7CD3B4A7F8 is in LEADER state but not ready yet., logIndex=0, commits[localhost_10001:c-1, localhost_10002:c-1, localhost_10000:c-1]
2019-09-26 13:33:06,626 INFO  client.GrpcClientProtocolService (GrpcClientProtocolService.java:lambda$processClientRequest$0(278)) - Failed RaftClientRequest:client-352D35361D97->localhost_10001@group-DB7CD3B4A7F8, cid=42, seq=0, RW, Message:321f0a0f0a0d74657374...(size=33), reply=RaftClientReply:client-352D35361D97->localhost_10001@group-DB7CD3B4A7F8, cid=42, FAILED org.apache.ratis.protocol.LeaderNotReadyException: localhost_10001@group-DB7CD3B4A7F8 is in LEADER state but not ready yet., logIndex=0, commits[localhost_10001:c-1, localhost_10002:c-1, localhost_10000:c-1]
2019-09-26 13:33:06,627 INFO  client.GrpcClientProtocolService (GrpcClientProtocolService.java:lambda$processClientRequest$0(278)) - Failed RaftClientRequest:client-352D35361D97->localhost_10001@group-DB7CD3B4A7F8, cid=42, seq=0, RW, Message:321f0a0f0a0d74657374...(size=33), reply=RaftClientReply:client-352D35361D97->localhost_10001@group-DB7CD3B4A7F8, cid=42, FAILED org.apache.ratis.protocol.LeaderNotReadyException: localhost_10001@group-DB7CD3B4A7F8 is in LEADER state but not ready yet., logIndex=0, commits[localhost_10001:c-1, localhost_10002:c-1, localhost_10000:c-1]
2019-09-26 13:33:06,628 INFO  client.GrpcClientProtocolService (GrpcClientProtocolService.java:lambda$processClientRequest$0(278)) - Failed RaftClientRequest:client-352D35361D97->localhost_10001@group-DB7CD3B4A7F8, cid=42, seq=0, RW, Message:321f0a0f0a0d74657374...(size=33), reply=RaftClientReply:client-352D35361D97->localhost_10001@group-DB7CD3B4A7F8, cid=42, FAILED org.apache.ratis.protocol.LeaderNotReadyException: localhost_10001@group-DB7CD3B4A7F8 is in LEADER state but not ready yet., logIndex=0, commits[localhost_10001:c-1, localhost_10002:c-1, localhost_10000:c-1]
2019-09-26 13:33:06,629 INFO  client.GrpcClientProtocolService (GrpcClientProtocolService.java:lambda$processClientRequest$0(278)) - Failed RaftClientRequest:client-352D35361D97->localhost_10001@group-DB7CD3B4A7F8, cid=42, seq=0, RW, Message:321f0a0f0a0d74657374...(size=33), reply=RaftClientReply:client-352D35361D97->localhost_10001@group-DB7CD3B4A7F8, cid=42, FAILED org.apache.ratis.protocol.LeaderNotReadyException: localhost_10001@group-DB7CD3B4A7F8 is in LEADER state but not ready yet., logIndex=0, commits[localhost_10001:c-1, localhost_10002:c-1, localhost_10000:c-1]
2019-09-26 13:33:06,630 INFO  client.GrpcClientProtocolService (GrpcClientProtocolService.java:lambda$processClientRequest$0(278)) - Failed RaftClientRequest:client-352D35361D97->localhost_10001@group-DB7CD3B4A7F8, cid=42, seq=0, RW, Message:321f0a0f0a0d74657374...(size=33), reply=RaftClientReply:client-352D35361D97->localhost_10001@group-DB7CD3B4A7F8, cid=42, FAILED org.apache.ratis.protocol.LeaderNotReadyException: localhost_10001@group-DB7CD3B4A7F8 is in LEADER state but not ready yet., logIndex=0, commits[localhost_10001:c-1, localhost_10002:c-1, localhost_10000:c-1]
2019-09-26 13:33:06,630 INFO  client.GrpcClientProtocolService (GrpcClientProtocolService.java:lambda$processClientRequest$0(278)) - Failed RaftClientRequest:client-352D35361D97->localhost_10001@group-DB7CD3B4A7F8, cid=42, seq=0, RW, Message:321f0a0f0a0d74657374...(size=33), reply=RaftClientReply:client-352D35361D97->localhost_10001@group-DB7CD3B4A7F8, cid=42, FAILED org.apache.ratis.protocol.LeaderNotReadyException: localhost_10001@group-DB7CD3B4A7F8 is in LEADER state but not ready yet., logIndex=0, commits[localhost_10001:c-1, localhost_10002:c-1, localhost_10000:c-1]
2019-09-26 13:33:06,631 INFO  client.GrpcClientProtocolService (GrpcClientProtocolService.java:lambda$processClientRequest$0(278)) - Failed RaftClientRequest:client-352D35361D97->localhost_10001@group-DB7CD3B4A7F8, cid=42, seq=0, RW, Message:321f0a0f0a0d74657374...(size=33), reply=RaftClientReply:client-352D35361D97->localhost_10001@group-DB7CD3B4A7F8, cid=42, FAILED org.apache.ratis.protocol.LeaderNotReadyException: localhost_10001@group-DB7CD3B4A7F8 is in LEADER state but not ready yet., logIndex=0, commits[localhost_10001:c-1, localhost_10002:c-1, localhost_10000:c-1]
2019-09-26 13:33:06,632 INFO  client.GrpcClientProtocolService (GrpcClientProtocolService.java:lambda$processClientRequest$0(278)) - Failed RaftClientRequest:client-352D35361D97->localhost_10001@group-DB7CD3B4A7F8, cid=42, seq=0, RW, Message:321f0a0f0a0d74657374...(size=33), reply=RaftClientReply:client-352D35361D97->localhost_10001@group-DB7CD3B4A7F8, cid=42, FAILED org.apache.ratis.protocol.LeaderNotReadyException: localhost_10001@group-DB7CD3B4A7F8 is in LEADER state but not ready yet., logIndex=0, commits[localhost_10001:c-1, localhost_10002:c-1, localhost_10000:c-1]
2019-09-26 13:33:06,633 INFO  client.GrpcClientProtocolService (GrpcClientProtocolService.java:lambda$processClientRequest$0(278)) - Failed RaftClientRequest:client-352D35361D97->localhost_10001@group-DB7CD3B4A7F8, cid=42, seq=0, RW, Message:321f0a0f0a0d74657374...(size=33), reply=RaftClientReply:client-352D35361D97->localhost_10001@group-DB7CD3B4A7F8, cid=42, FAILED org.apache.ratis.protocol.LeaderNotReadyException: localhost_10001@group-DB7CD3B4A7F8 is in LEADER state but not ready yet., logIndex=0, commits[localhost_10001:c-1, localhost_10002:c-1, localhost_10000:c-1]
2019-09-26 13:33:06,633 INFO  client.GrpcClientProtocolService (GrpcClientProtocolService.java:lambda$processClientRequest$0(278)) - Failed RaftClientRequest:client-352D35361D97->localhost_10001@group-DB7CD3B4A7F8, cid=42, seq=0, RW, Message:321f0a0f0a0d74657374...(size=33), reply=RaftClientReply:client-352D35361D97->localhost_10001@group-DB7CD3B4A7F8, cid=42, FAILED org.apache.ratis.protocol.LeaderNotReadyException: localhost_10001@group-DB7CD3B4A7F8 is in LEADER state but not ready yet., logIndex=0, commits[localhost_10001:c-1, localhost_10002:c-1, localhost_10000:c-1]
2019-09-26 13:33:06,634 INFO  client.GrpcClientProtocolService (GrpcClientProtocolService.java:lambda$processClientRequest$0(278)) - Failed RaftClientRequest:client-352D35361D97->localhost_10001@group-DB7CD3B4A7F8, cid=42, seq=0, RW, Message:321f0a0f0a0d74657374...(size=33), reply=RaftClientReply:client-352D35361D97->localhost_10001@group-DB7CD3B4A7F8, cid=42, FAILED org.apache.ratis.protocol.LeaderNotReadyException: localhost_10001@group-DB7CD3B4A7F8 is in LEADER state but not ready yet., logIndex=0, commits[localhost_10001:c-1, localhost_10002:c-1, localhost_10000:c-1]
2019-09-26 13:33:06,635 INFO  client.GrpcClientProtocolService (GrpcClientProtocolService.java:lambda$processClientRequest$0(278)) - Failed RaftClientRequest:client-352D35361D97->localhost_10001@group-DB7CD3B4A7F8, cid=42, seq=0, RW, Message:321f0a0f0a0d74657374...(size=33), reply=RaftClientReply:client-352D35361D97->localhost_10001@group-DB7CD3B4A7F8, cid=42, FAILED org.apache.ratis.protocol.LeaderNotReadyException: localhost_10001@group-DB7CD3B4A7F8 is in LEADER state but not ready yet., logIndex=0, commits[localhost_10001:c-1, localhost_10002:c-1, localhost_10000:c-1]
2019-09-26 13:33:06,636 INFO  client.GrpcClientProtocolService (GrpcClientProtocolService.java:lambda$processClientRequest$0(278)) - Failed RaftClientRequest:client-352D35361D97->localhost_10001@group-DB7CD3B4A7F8, cid=42, seq=0, RW, Message:321f0a0f0a0d74657374...(size=33), reply=RaftClientReply:client-352D35361D97->localhost_10001@group-DB7CD3B4A7F8, cid=42, FAILED org.apache.ratis.protocol.LeaderNotReadyException: localhost_10001@group-DB7CD3B4A7F8 is in LEADER state but not ready yet., logIndex=0, commits[localhost_10001:c-1, localhost_10002:c-1, localhost_10000:c-1]
2019-09-26 13:33:06,636 INFO  client.GrpcClientProtocolService (GrpcClientProtocolService.java:lambda$processClientRequest$0(278)) - Failed RaftClientRequest:client-352D35361D97->localhost_10001@group-DB7CD3B4A7F8, cid=42, seq=0, RW, Message:321f0a0f0a0d74657374...(size=33), reply=RaftClientReply:client-352D35361D97->localhost_10001@group-DB7CD3B4A7F8, cid=42, FAILED org.apache.ratis.protocol.LeaderNotReadyException: localhost_10001@group-DB7CD3B4A7F8 is in LEADER state but not ready yet., logIndex=0, commits[localhost_10001:c-1, localhost_10002:c-1, localhost_10000:c-1]
2019-09-26 13:33:06,637 INFO  client.GrpcClientProtocolService (GrpcClientProtocolService.java:lambda$processClientRequest$0(278)) - Failed RaftClientRequest:client-352D35361D97->localhost_10001@group-DB7CD3B4A7F8, cid=42, seq=0, RW, Message:321f0a0f0a0d74657374...(size=33), reply=RaftClientReply:client-352D35361D97->localhost_10001@group-DB7CD3B4A7F8, cid=42, FAILED org.apache.ratis.protocol.LeaderNotReadyException: localhost_10001@group-DB7CD3B4A7F8 is in LEADER state but not ready yet., logIndex=0, commits[localhost_10001:c-1, localhost_10002:c-1, localhost_10000:c-1]
2019-09-26 13:33:06,638 INFO  client.GrpcClientProtocolService (GrpcClientProtocolService.java:lambda$processClientRequest$0(278)) - Failed RaftClientRequest:client-352D35361D97->localhost_10001@group-DB7CD3B4A7F8, cid=42, seq=0, RW, Message:321f0a0f0a0d74657374...(size=33), reply=RaftClientReply:client-352D35361D97->localhost_10001@group-DB7CD3B4A7F8, cid=42, FAILED org.apache.ratis.protocol.LeaderNotReadyException: localhost_10001@group-DB7CD3B4A7F8 is in LEADER state but not ready yet., logIndex=0, commits[localhost_10001:c-1, localhost_10002:c-1, localhost_10000:c-1]
2019-09-26 13:33:06,638 INFO  client.GrpcClientProtocolService (GrpcClientProtocolService.java:lambda$processClientRequest$0(278)) - Failed RaftClientRequest:client-352D35361D97->localhost_10001@group-DB7CD3B4A7F8, cid=42, seq=0, RW, Message:321f0a0f0a0d74657374...(size=33), reply=RaftClientReply:client-352D35361D97->localhost_10001@group-DB7CD3B4A7F8, cid=42, FAILED org.apache.ratis.protocol.LeaderNotReadyException: localhost_10001@group-DB7CD3B4A7F8 is in LEADER state but not ready yet., logIndex=0, commits[localhost_10001:c-1, localhost_10002:c-1, localhost_10000:c-1]
2019-09-26 13:33:06,639 INFO  client.GrpcClientProtocolService (GrpcClientProtocolService.java:lambda$processClientRequest$0(278)) - Failed RaftClientRequest:client-352D35361D97->localhost_10001@group-DB7CD3B4A7F8, cid=42, seq=0, RW, Message:321f0a0f0a0d74657374...(size=33), reply=RaftClientReply:client-352D35361D97->localhost_10001@group-DB7CD3B4A7F8, cid=42, FAILED org.apache.ratis.protocol.LeaderNotReadyException: localhost_10001@group-DB7CD3B4A7F8 is in LEADER state but not ready yet., logIndex=0, commits[localhost_10001:c-1, localhost_10002:c-1, localhost_10000:c-1]
2019-09-26 13:33:06,640 INFO  client.GrpcClientProtocolService (GrpcClientProtocolService.java:lambda$processClientRequest$0(278)) - Failed RaftClientRequest:client-352D35361D97->localhost_10001@group-DB7CD3B4A7F8, cid=42, seq=0, RW, Message:321f0a0f0a0d74657374...(size=33), reply=RaftClientReply:client-352D35361D97->localhost_10001@group-DB7CD3B4A7F8, cid=42, FAILED org.apache.ratis.protocol.LeaderNotReadyException: localhost_10001@group-DB7CD3B4A7F8 is in LEADER state but not ready yet., logIndex=0, commits[localhost_10001:c-1, localhost_10002:c-1, localhost_10000:c-1]
2019-09-26 13:33:06,641 INFO  client.GrpcClientProtocolService (GrpcClientProtocolService.java:lambda$processClientRequest$0(278)) - Failed RaftClientRequest:client-352D35361D97->localhost_10001@group-DB7CD3B4A7F8, cid=42, seq=0, RW, Message:321f0a0f0a0d74657374...(size=33), reply=RaftClientReply:client-352D35361D97->localhost_10001@group-DB7CD3B4A7F8, cid=42, FAILED org.apache.ratis.protocol.LeaderNotReadyException: localhost_10001@group-DB7CD3B4A7F8 is in LEADER state but not ready yet., logIndex=0, commits[localhost_10001:c-1, localhost_10002:c-1, localhost_10000:c-1]
2019-09-26 13:33:06,642 INFO  client.GrpcClientProtocolService (GrpcClientProtocolService.java:lambda$processClientRequest$0(278)) - Failed RaftClientRequest:client-352D35361D97->localhost_10001@group-DB7CD3B4A7F8, cid=42, seq=0, RW, Message:321f0a0f0a0d74657374...(size=33), reply=RaftClientReply:client-352D35361D97->localhost_10001@group-DB7CD3B4A7F8, cid=42, FAILED org.apache.ratis.protocol.LeaderNotReadyException: localhost_10001@group-DB7CD3B4A7F8 is in LEADER state but not ready yet., logIndex=0, commits[localhost_10001:c-1, localhost_10002:c-1, localhost_10000:c-1]
2019-09-26 13:33:06,642 INFO  client.GrpcClientProtocolService (GrpcClientProtocolService.java:lambda$processClientRequest$0(278)) - Failed RaftClientRequest:client-352D35361D97->localhost_10001@group-DB7CD3B4A7F8, cid=42, seq=0, RW, Message:321f0a0f0a0d74657374...(size=33), reply=RaftClientReply:client-352D35361D97->localhost_10001@group-DB7CD3B4A7F8, cid=42, FAILED org.apache.ratis.protocol.LeaderNotReadyException: localhost_10001@group-DB7CD3B4A7F8 is in LEADER state but not ready yet., logIndex=0, commits[localhost_10001:c-1, localhost_10002:c-1, localhost_10000:c-1]
2019-09-26 13:33:06,643 INFO  client.GrpcClientProtocolService (GrpcClientProtocolService.java:lambda$processClientRequest$0(278)) - Failed RaftClientRequest:client-352D35361D97->localhost_10001@group-DB7CD3B4A7F8, cid=42, seq=0, RW, Message:321f0a0f0a0d74657374...(size=33), reply=RaftClientReply:client-352D35361D97->localhost_10001@group-DB7CD3B4A7F8, cid=42, FAILED org.apache.ratis.protocol.LeaderNotReadyException: localhost_10001@group-DB7CD3B4A7F8 is in LEADER state but not ready yet., logIndex=0, commits[localhost_10001:c-1, localhost_10002:c-1, localhost_10000:c-1]
2019-09-26 13:33:06,644 INFO  client.GrpcClientProtocolService (GrpcClientProtocolService.java:lambda$processClientRequest$0(278)) - Failed RaftClientRequest:client-352D35361D97->localhost_10001@group-DB7CD3B4A7F8, cid=42, seq=0, RW, Message:321f0a0f0a0d74657374...(size=33), reply=RaftClientReply:client-352D35361D97->localhost_10001@group-DB7CD3B4A7F8, cid=42, FAILED org.apache.ratis.protocol.LeaderNotReadyException: localhost_10001@group-DB7CD3B4A7F8 is in LEADER state but not ready yet., logIndex=0, commits[localhost_10001:c-1, localhost_10002:c-1, localhost_10000:c-1]
2019-09-26 13:33:06,644 INFO  client.GrpcClientProtocolService (GrpcClientProtocolService.java:lambda$processClientRequest$0(278)) - Failed RaftClientRequest:client-352D35361D97->localhost_10001@group-DB7CD3B4A7F8, cid=42, seq=0, RW, Message:321f0a0f0a0d74657374...(size=33), reply=RaftClientReply:client-352D35361D97->localhost_10001@group-DB7CD3B4A7F8, cid=42, FAILED org.apache.ratis.protocol.LeaderNotReadyException: localhost_10001@group-DB7CD3B4A7F8 is in LEADER state but not ready yet., logIndex=0, commits[localhost_10001:c-1, localhost_10002:c-1, localhost_10000:c-1]
2019-09-26 13:33:06,645 INFO  client.GrpcClientProtocolService (GrpcClientProtocolService.java:lambda$processClientRequest$0(278)) - Failed RaftClientRequest:client-352D35361D97->localhost_10001@group-DB7CD3B4A7F8, cid=42, seq=0, RW, Message:321f0a0f0a0d74657374...(size=33), reply=RaftClientReply:client-352D35361D97->localhost_10001@group-DB7CD3B4A7F8, cid=42, FAILED org.apache.ratis.protocol.LeaderNotReadyException: localhost_10001@group-DB7CD3B4A7F8 is in LEADER state but not ready yet., logIndex=0, commits[localhost_10001:c-1, localhost_10002:c-1, localhost_10000:c-1]
2019-09-26 13:33:06,646 INFO  client.GrpcClientProtocolService (GrpcClientProtocolService.java:lambda$processClientRequest$0(278)) - Failed RaftClientRequest:client-352D35361D97->localhost_10001@group-DB7CD3B4A7F8, cid=42, seq=0, RW, Message:321f0a0f0a0d74657374...(size=33), reply=RaftClientReply:client-352D35361D97->localhost_10001@group-DB7CD3B4A7F8, cid=42, FAILED org.apache.ratis.protocol.LeaderNotReadyException: localhost_10001@group-DB7CD3B4A7F8 is in LEADER state but not ready yet., logIndex=0, commits[localhost_10001:c-1, localhost_10002:c-1, localhost_10000:c-1]
2019-09-26 13:33:06,647 INFO  client.GrpcClientProtocolService (GrpcClientProtocolService.java:lambda$processClientRequest$0(278)) - Failed RaftClientRequest:client-352D35361D97->localhost_10001@group-DB7CD3B4A7F8, cid=42, seq=0, RW, Message:321f0a0f0a0d74657374...(size=33), reply=RaftClientReply:client-352D35361D97->localhost_10001@group-DB7CD3B4A7F8, cid=42, FAILED org.apache.ratis.protocol.LeaderNotReadyException: localhost_10001@group-DB7CD3B4A7F8 is in LEADER state but not ready yet., logIndex=0, commits[localhost_10001:c-1, localhost_10002:c-1, localhost_10000:c-1]
2019-09-26 13:33:06,647 INFO  client.GrpcClientProtocolService (GrpcClientProtocolService.java:lambda$processClientRequest$0(278)) - Failed RaftClientRequest:client-352D35361D97->localhost_10001@group-DB7CD3B4A7F8, cid=42, seq=0, RW, Message:321f0a0f0a0d74657374...(size=33), reply=RaftClientReply:client-352D35361D97->localhost_10001@group-DB7CD3B4A7F8, cid=42, FAILED org.apache.ratis.protocol.LeaderNotReadyException: localhost_10001@group-DB7CD3B4A7F8 is in LEADER state but not ready yet., logIndex=0, commits[localhost_10001:c-1, localhost_10002:c-1, localhost_10000:c-1]
2019-09-26 13:33:06,648 INFO  client.GrpcClientProtocolService (GrpcClientProtocolService.java:lambda$processClientRequest$0(278)) - Failed RaftClientRequest:client-352D35361D97->localhost_10001@group-DB7CD3B4A7F8, cid=42, seq=0, RW, Message:321f0a0f0a0d74657374...(size=33), reply=RaftClientReply:client-352D35361D97->localhost_10001@group-DB7CD3B4A7F8, cid=42, FAILED org.apache.ratis.protocol.LeaderNotReadyException: localhost_10001@group-DB7CD3B4A7F8 is in LEADER state but not ready yet., logIndex=0, commits[localhost_10001:c-1, localhost_10002:c-1, localhost_10000:c-1]
2019-09-26 13:33:06,649 INFO  client.GrpcClientProtocolService (GrpcClientProtocolService.java:lambda$processClientRequest$0(278)) - Failed RaftClientRequest:client-352D35361D97->localhost_10001@group-DB7CD3B4A7F8, cid=42, seq=0, RW, Message:321f0a0f0a0d74657374...(size=33), reply=RaftClientReply:client-352D35361D97->localhost_10001@group-DB7CD3B4A7F8, cid=42, FAILED org.apache.ratis.protocol.LeaderNotReadyException: localhost_10001@group-DB7CD3B4A7F8 is in LEADER state but not ready yet., logIndex=0, commits[localhost_10001:c-1, localhost_10002:c-1, localhost_10000:c-1]
2019-09-26 13:33:06,650 INFO  client.GrpcClientProtocolService (GrpcClientProtocolService.java:lambda$processClientRequest$0(278)) - Failed RaftClientRequest:client-352D35361D97->localhost_10001@group-DB7CD3B4A7F8, cid=42, seq=0, RW, Message:321f0a0f0a0d74657374...(size=33), reply=RaftClientReply:client-352D35361D97->localhost_10001@group-DB7CD3B4A7F8, cid=42, FAILED org.apache.ratis.protocol.LeaderNotReadyException: localhost_10001@group-DB7CD3B4A7F8 is in LEADER state but not ready yet., logIndex=0, commits[localhost_10001:c-1, localhost_10002:c-1, localhost_10000:c-1]
2019-09-26 13:33:06,650 INFO  client.GrpcClientProtocolService (GrpcClientProtocolService.java:lambda$processClientRequest$0(278)) - Failed RaftClientRequest:client-352D35361D97->localhost_10001@group-DB7CD3B4A7F8, cid=42, seq=0, RW, Message:321f0a0f0a0d74657374...(size=33), reply=RaftClientReply:client-352D35361D97->localhost_10001@group-DB7CD3B4A7F8, cid=42, FAILED org.apache.ratis.protocol.LeaderNotReadyException: localhost_10001@group-DB7CD3B4A7F8 is in LEADER state but not ready yet., logIndex=0, commits[localhost_10001:c-1, localhost_10002:c-1, localhost_10000:c-1]
2019-09-26 13:33:06,651 INFO  client.GrpcClientProtocolService (GrpcClientProtocolService.java:lambda$processClientRequest$0(278)) - Failed RaftClientRequest:client-352D35361D97->localhost_10001@group-DB7CD3B4A7F8, cid=42, seq=0, RW, Message:321f0a0f0a0d74657374...(size=33), reply=RaftClientReply:client-352D35361D97->localhost_10001@group-DB7CD3B4A7F8, cid=42, FAILED org.apache.ratis.protocol.LeaderNotReadyException: localhost_10001@group-DB7CD3B4A7F8 is in LEADER state but not ready yet., logIndex=0, commits[localhost_10001:c-1, localhost_10002:c-1, localhost_10000:c-1]
2019-09-26 13:33:06,652 INFO  client.GrpcClientProtocolService (GrpcClientProtocolService.java:lambda$processClientRequest$0(278)) - Failed RaftClientRequest:client-352D35361D97->localhost_10001@group-DB7CD3B4A7F8, cid=42, seq=0, RW, Message:321f0a0f0a0d74657374...(size=33), reply=RaftClientReply:client-352D35361D97->localhost_10001@group-DB7CD3B4A7F8, cid=42, FAILED org.apache.ratis.protocol.LeaderNotReadyException: localhost_10001@group-DB7CD3B4A7F8 is in LEADER state but not ready yet., logIndex=0, commits[localhost_10001:c-1, localhost_10002:c-1, localhost_10000:c-1]
2019-09-26 13:33:06,653 INFO  client.GrpcClientProtocolService (GrpcClientProtocolService.java:lambda$processClientRequest$0(278)) - Failed RaftClientRequest:client-352D35361D97->localhost_10001@group-DB7CD3B4A7F8, cid=42, seq=0, RW, Message:321f0a0f0a0d74657374...(size=33), reply=RaftClientReply:client-352D35361D97->localhost_10001@group-DB7CD3B4A7F8, cid=42, FAILED org.apache.ratis.protocol.LeaderNotReadyException: localhost_10001@group-DB7CD3B4A7F8 is in LEADER state but not ready yet., logIndex=0, commits[localhost_10001:c-1, localhost_10002:c-1, localhost_10000:c-1]
2019-09-26 13:33:06,653 INFO  client.GrpcClientProtocolService (GrpcClientProtocolService.java:lambda$processClientRequest$0(278)) - Failed RaftClientRequest:client-352D35361D97->localhost_10001@group-DB7CD3B4A7F8, cid=42, seq=0, RW, Message:321f0a0f0a0d74657374...(size=33), reply=RaftClientReply:client-352D35361D97->localhost_10001@group-DB7CD3B4A7F8, cid=42, FAILED org.apache.ratis.protocol.LeaderNotReadyException: localhost_10001@group-DB7CD3B4A7F8 is in LEADER state but not ready yet., logIndex=0, commits[localhost_10001:c-1, localhost_10002:c-1, localhost_10000:c-1]
2019-09-26 13:33:06,654 INFO  client.GrpcClientProtocolService (GrpcClientProtocolService.java:lambda$processClientRequest$0(278)) - Failed RaftClientRequest:client-352D35361D97->localhost_10001@group-DB7CD3B4A7F8, cid=42, seq=0, RW, Message:321f0a0f0a0d74657374...(size=33), reply=RaftClientReply:client-352D35361D97->localhost_10001@group-DB7CD3B4A7F8, cid=42, FAILED org.apache.ratis.protocol.LeaderNotReadyException: localhost_10001@group-DB7CD3B4A7F8 is in LEADER state but not ready yet., logIndex=0, commits[localhost_10001:c-1, localhost_10002:c-1, localhost_10000:c-1]
2019-09-26 13:33:06,655 INFO  client.GrpcClientProtocolService (GrpcClientProtocolService.java:lambda$processClientRequest$0(278)) - Failed RaftClientRequest:client-352D35361D97->localhost_10001@group-DB7CD3B4A7F8, cid=42, seq=0, RW, Message:321f0a0f0a0d74657374...(size=33), reply=RaftClientReply:client-352D35361D97->localhost_10001@group-DB7CD3B4A7F8, cid=42, FAILED org.apache.ratis.protocol.LeaderNotReadyException: localhost_10001@group-DB7CD3B4A7F8 is in LEADER state but not ready yet., logIndex=0, commits[localhost_10001:c-1, localhost_10002:c-1, localhost_10000:c-1]
2019-09-26 13:33:06,655 INFO  client.GrpcClientProtocolService (GrpcClientProtocolService.java:lambda$processClientRequest$0(278)) - Failed RaftClientRequest:client-352D35361D97->localhost_10001@group-DB7CD3B4A7F8, cid=42, seq=0, RW, Message:321f0a0f0a0d74657374...(size=33), reply=RaftClientReply:client-352D35361D97->localhost_10001@group-DB7CD3B4A7F8, cid=42, FAILED org.apache.ratis.protocol.LeaderNotReadyException: localhost_10001@group-DB7CD3B4A7F8 is in LEADER state but not ready yet., logIndex=0, commits[localhost_10001:c-1, localhost_10002:c-1, localhost_10000:c-1]
2019-09-26 13:33:06,656 INFO  client.GrpcClientProtocolService (GrpcClientProtocolService.java:lambda$processClientRequest$0(278)) - Failed RaftClientRequest:client-352D35361D97->localhost_10001@group-DB7CD3B4A7F8, cid=42, seq=0, RW, Message:321f0a0f0a0d74657374...(size=33), reply=RaftClientReply:client-352D35361D97->localhost_10001@group-DB7CD3B4A7F8, cid=42, FAILED org.apache.ratis.protocol.LeaderNotReadyException: localhost_10001@group-DB7CD3B4A7F8 is in LEADER state but not ready yet., logIndex=0, commits[localhost_10001:c-1, localhost_10002:c-1, localhost_10000:c-1]
2019-09-26 13:33:06,657 INFO  client.GrpcClientProtocolService (GrpcClientProtocolService.java:lambda$processClientRequest$0(278)) - Failed RaftClientRequest:client-352D35361D97->localhost_10001@group-DB7CD3B4A7F8, cid=42, seq=0, RW, Message:321f0a0f0a0d74657374...(size=33), reply=RaftClientReply:client-352D35361D97->localhost_10001@group-DB7CD3B4A7F8, cid=42, FAILED org.apache.ratis.protocol.LeaderNotReadyException: localhost_10001@group-DB7CD3B4A7F8 is in LEADER state but not ready yet., logIndex=0, commits[localhost_10001:c-1, localhost_10002:c-1, localhost_10000:c-1]
2019-09-26 13:33:06,657 INFO  client.GrpcClientProtocolService (GrpcClientProtocolService.java:lambda$processClientRequest$0(278)) - Failed RaftClientRequest:client-352D35361D97->localhost_10001@group-DB7CD3B4A7F8, cid=42, seq=0, RW, Message:321f0a0f0a0d74657374...(size=33), reply=RaftClientReply:client-352D35361D97->localhost_10001@group-DB7CD3B4A7F8, cid=42, FAILED org.apache.ratis.protocol.LeaderNotReadyException: localhost_10001@group-DB7CD3B4A7F8 is in LEADER state but not ready yet., logIndex=0, commits[localhost_10001:c-1, localhost_10002:c-1, localhost_10000:c-1]
2019-09-26 13:33:06,658 INFO  client.GrpcClientProtocolService (GrpcClientProtocolService.java:lambda$processClientRequest$0(278)) - Failed RaftClientRequest:client-352D35361D97->localhost_10001@group-DB7CD3B4A7F8, cid=42, seq=0, RW, Message:321f0a0f0a0d74657374...(size=33), reply=RaftClientReply:client-352D35361D97->localhost_10001@group-DB7CD3B4A7F8, cid=42, FAILED org.apache.ratis.protocol.LeaderNotReadyException: localhost_10001@group-DB7CD3B4A7F8 is in LEADER state but not ready yet., logIndex=0, commits[localhost_10001:c-1, localhost_10002:c-1, localhost_10000:c-1]
2019-09-26 13:33:06,659 INFO  client.GrpcClientProtocolService (GrpcClientProtocolService.java:lambda$processClientRequest$0(278)) - Failed RaftClientRequest:client-352D35361D97->localhost_10001@group-DB7CD3B4A7F8, cid=42, seq=0, RW, Message:321f0a0f0a0d74657374...(size=33), reply=RaftClientReply:client-352D35361D97->localhost_10001@group-DB7CD3B4A7F8, cid=42, FAILED org.apache.ratis.protocol.LeaderNotReadyException: localhost_10001@group-DB7CD3B4A7F8 is in LEADER state but not ready yet., logIndex=0, commits[localhost_10001:c-1, localhost_10002:c-1, localhost_10000:c-1]
2019-09-26 13:33:06,660 INFO  client.GrpcClientProtocolService (GrpcClientProtocolService.java:lambda$processClientRequest$0(278)) - Failed RaftClientRequest:client-352D35361D97->localhost_10001@group-DB7CD3B4A7F8, cid=42, seq=0, RW, Message:321f0a0f0a0d74657374...(size=33), reply=RaftClientReply:client-352D35361D97->localhost_10001@group-DB7CD3B4A7F8, cid=42, FAILED org.apache.ratis.protocol.LeaderNotReadyException: localhost_10001@group-DB7CD3B4A7F8 is in LEADER state but not ready yet., logIndex=0, commits[localhost_10001:c-1, localhost_10002:c-1, localhost_10000:c-1]
2019-09-26 13:33:06,661 INFO  client.GrpcClientProtocolService (GrpcClientProtocolService.java:lambda$processClientRequest$0(278)) - Failed RaftClientRequest:client-352D35361D97->localhost_10001@group-DB7CD3B4A7F8, cid=42, seq=0, RW, Message:321f0a0f0a0d74657374...(size=33), reply=RaftClientReply:client-352D35361D97->localhost_10001@group-DB7CD3B4A7F8, cid=42, FAILED org.apache.ratis.protocol.LeaderNotReadyException: localhost_10001@group-DB7CD3B4A7F8 is in LEADER state but not ready yet., logIndex=0, commits[localhost_10001:c-1, localhost_10002:c-1, localhost_10000:c-1]
2019-09-26 13:33:06,661 INFO  client.GrpcClientProtocolService (GrpcClientProtocolService.java:lambda$processClientRequest$0(278)) - Failed RaftClientRequest:client-352D35361D97->localhost_10001@group-DB7CD3B4A7F8, cid=42, seq=0, RW, Message:321f0a0f0a0d74657374...(size=33), reply=RaftClientReply:client-352D35361D97->localhost_10001@group-DB7CD3B4A7F8, cid=42, FAILED org.apache.ratis.protocol.LeaderNotReadyException: localhost_10001@group-DB7CD3B4A7F8 is in LEADER state but not ready yet., logIndex=0, commits[localhost_10001:c-1, localhost_10002:c-1, localhost_10000:c-1]
2019-09-26 13:33:06,662 INFO  client.GrpcClientProtocolService (GrpcClientProtocolService.java:lambda$processClientRequest$0(278)) - Failed RaftClientRequest:client-352D35361D97->localhost_10001@group-DB7CD3B4A7F8, cid=42, seq=0, RW, Message:321f0a0f0a0d74657374...(size=33), reply=RaftClientReply:client-352D35361D97->localhost_10001@group-DB7CD3B4A7F8, cid=42, FAILED org.apache.ratis.protocol.LeaderNotReadyException: localhost_10001@group-DB7CD3B4A7F8 is in LEADER state but not ready yet., logIndex=0, commits[localhost_10001:c-1, localhost_10002:c-1, localhost_10000:c-1]
2019-09-26 13:33:06,663 INFO  client.GrpcClientProtocolService (GrpcClientProtocolService.java:lambda$processClientRequest$0(278)) - Failed RaftClientRequest:client-352D35361D97->localhost_10001@group-DB7CD3B4A7F8, cid=42, seq=0, RW, Message:321f0a0f0a0d74657374...(size=33), reply=RaftClientReply:client-352D35361D97->localhost_10001@group-DB7CD3B4A7F8, cid=42, FAILED org.apache.ratis.protocol.LeaderNotReadyException: localhost_10001@group-DB7CD3B4A7F8 is in LEADER state but not ready yet., logIndex=0, commits[localhost_10001:c-1, localhost_10002:c-1, localhost_10000:c-1]
2019-09-26 13:33:06,664 INFO  client.GrpcClientProtocolService (GrpcClientProtocolService.java:lambda$processClientRequest$0(278)) - Failed RaftClientRequest:client-352D35361D97->localhost_10001@group-DB7CD3B4A7F8, cid=42, seq=0, RW, Message:321f0a0f0a0d74657374...(size=33), reply=RaftClientReply:client-352D35361D97->localhost_10001@group-DB7CD3B4A7F8, cid=42, FAILED org.apache.ratis.protocol.LeaderNotReadyException: localhost_10001@group-DB7CD3B4A7F8 is in LEADER state but not ready yet., logIndex=0, commits[localhost_10001:c-1, localhost_10002:c-1, localhost_10000:c-1]
2019-09-26 13:33:06,665 INFO  client.GrpcClientProtocolService (GrpcClientProtocolService.java:lambda$processClientRequest$0(278)) - Failed RaftClientRequest:client-352D35361D97->localhost_10001@group-DB7CD3B4A7F8, cid=42, seq=0, RW, Message:321f0a0f0a0d74657374...(size=33), reply=RaftClientReply:client-352D35361D97->localhost_10001@group-DB7CD3B4A7F8, cid=42, FAILED org.apache.ratis.protocol.LeaderNotReadyException: localhost_10001@group-DB7CD3B4A7F8 is in LEADER state but not ready yet., logIndex=0, commits[localhost_10001:c-1, localhost_10002:c-1, localhost_10000:c-1]
2019-09-26 13:33:06,665 INFO  client.GrpcClientProtocolService (GrpcClientProtocolService.java:lambda$processClientRequest$0(278)) - Failed RaftClientRequest:client-352D35361D97->localhost_10001@group-DB7CD3B4A7F8, cid=42, seq=0, RW, Message:321f0a0f0a0d74657374...(size=33), reply=RaftClientReply:client-352D35361D97->localhost_10001@group-DB7CD3B4A7F8, cid=42, FAILED org.apache.ratis.protocol.LeaderNotReadyException: localhost_10001@group-DB7CD3B4A7F8 is in LEADER state but not ready yet., logIndex=0, commits[localhost_10001:c-1, localhost_10002:c-1, localhost_10000:c-1]
2019-09-26 13:33:06,666 INFO  client.GrpcClientProtocolService (GrpcClientProtocolService.java:lambda$processClientRequest$0(278)) - Failed RaftClientRequest:client-352D35361D97->localhost_10001@group-DB7CD3B4A7F8, cid=42, seq=0, RW, Message:321f0a0f0a0d74657374...(size=33), reply=RaftClientReply:client-352D35361D97->localhost_10001@group-DB7CD3B4A7F8, cid=42, FAILED org.apache.ratis.protocol.LeaderNotReadyException: localhost_10001@group-DB7CD3B4A7F8 is in LEADER state but not ready yet., logIndex=0, commits[localhost_10001:c-1, localhost_10002:c-1, localhost_10000:c-1]
2019-09-26 13:33:06,667 INFO  client.GrpcClientProtocolService (GrpcClientProtocolService.java:lambda$processClientRequest$0(278)) - Failed RaftClientRequest:client-352D35361D97->localhost_10001@group-DB7CD3B4A7F8, cid=42, seq=0, RW, Message:321f0a0f0a0d74657374...(size=33), reply=RaftClientReply:client-352D35361D97->localhost_10001@group-DB7CD3B4A7F8, cid=42, FAILED org.apache.ratis.protocol.LeaderNotReadyException: localhost_10001@group-DB7CD3B4A7F8 is in LEADER state but not ready yet., logIndex=0, commits[localhost_10001:c-1, localhost_10002:c-1, localhost_10000:c-1]
2019-09-26 13:33:06,668 INFO  client.GrpcClientProtocolService (GrpcClientProtocolService.java:lambda$processClientRequest$0(278)) - Failed RaftClientRequest:client-352D35361D97->localhost_10001@group-DB7CD3B4A7F8, cid=42, seq=0, RW, Message:321f0a0f0a0d74657374...(size=33), reply=RaftClientReply:client-352D35361D97->localhost_10001@group-DB7CD3B4A7F8, cid=42, FAILED org.apache.ratis.protocol.LeaderNotReadyException: localhost_10001@group-DB7CD3B4A7F8 is in LEADER state but not ready yet., logIndex=0, commits[localhost_10001:c-1, localhost_10002:c-1, localhost_10000:c-1]
2019-09-26 13:33:06,668 INFO  client.GrpcClientProtocolService (GrpcClientProtocolService.java:lambda$processClientRequest$0(278)) - Failed RaftClientRequest:client-352D35361D97->localhost_10001@group-DB7CD3B4A7F8, cid=42, seq=0, RW, Message:321f0a0f0a0d74657374...(size=33), reply=RaftClientReply:client-352D35361D97->localhost_10001@group-DB7CD3B4A7F8, cid=42, FAILED org.apache.ratis.protocol.LeaderNotReadyException: localhost_10001@group-DB7CD3B4A7F8 is in LEADER state but not ready yet., logIndex=0, commits[localhost_10001:c-1, localhost_10002:c-1, localhost_10000:c-1]
2019-09-26 13:33:06,669 INFO  client.GrpcClientProtocolService (GrpcClientProtocolService.java:lambda$processClientRequest$0(278)) - Failed RaftClientRequest:client-352D35361D97->localhost_10001@group-DB7CD3B4A7F8, cid=42, seq=0, RW, Message:321f0a0f0a0d74657374...(size=33), reply=RaftClientReply:client-352D35361D97->localhost_10001@group-DB7CD3B4A7F8, cid=42, FAILED org.apache.ratis.protocol.LeaderNotReadyException: localhost_10001@group-DB7CD3B4A7F8 is in LEADER state but not ready yet., logIndex=0, commits[localhost_10001:c-1, localhost_10002:c-1, localhost_10000:c-1]
2019-09-26 13:33:06,670 INFO  client.GrpcClientProtocolService (GrpcClientProtocolService.java:lambda$processClientRequest$0(278)) - Failed RaftClientRequest:client-352D35361D97->localhost_10001@group-DB7CD3B4A7F8, cid=42, seq=0, RW, Message:321f0a0f0a0d74657374...(size=33), reply=RaftClientReply:client-352D35361D97->localhost_10001@group-DB7CD3B4A7F8, cid=42, FAILED org.apache.ratis.protocol.LeaderNotReadyException: localhost_10001@group-DB7CD3B4A7F8 is in LEADER state but not ready yet., logIndex=0, commits[localhost_10001:c-1, localhost_10002:c-1, localhost_10000:c-1]
2019-09-26 13:33:06,671 INFO  client.GrpcClientProtocolService (GrpcClientProtocolService.java:lambda$processClientRequest$0(278)) - Failed RaftClientRequest:client-352D35361D97->localhost_10001@group-DB7CD3B4A7F8, cid=42, seq=0, RW, Message:321f0a0f0a0d74657374...(size=33), reply=RaftClientReply:client-352D35361D97->localhost_10001@group-DB7CD3B4A7F8, cid=42, FAILED org.apache.ratis.protocol.LeaderNotReadyException: localhost_10001@group-DB7CD3B4A7F8 is in LEADER state but not ready yet., logIndex=0, commits[localhost_10001:c-1, localhost_10002:c-1, localhost_10000:c-1]
2019-09-26 13:33:06,672 INFO  client.GrpcClientProtocolService (GrpcClientProtocolService.java:lambda$processClientRequest$0(278)) - Failed RaftClientRequest:client-352D35361D97->localhost_10001@group-DB7CD3B4A7F8, cid=42, seq=0, RW, Message:321f0a0f0a0d74657374...(size=33), reply=RaftClientReply:client-352D35361D97->localhost_10001@group-DB7CD3B4A7F8, cid=42, FAILED org.apache.ratis.protocol.LeaderNotReadyException: localhost_10001@group-DB7CD3B4A7F8 is in LEADER state but not ready yet., logIndex=0, commits[localhost_10001:c-1, localhost_10002:c-1, localhost_10000:c-1]
2019-09-26 13:33:06,673 INFO  client.GrpcClientProtocolService (GrpcClientProtocolService.java:lambda$processClientRequest$0(278)) - Failed RaftClientRequest:client-352D35361D97->localhost_10001@group-DB7CD3B4A7F8, cid=42, seq=0, RW, Message:321f0a0f0a0d74657374...(size=33), reply=RaftClientReply:client-352D35361D97->localhost_10001@group-DB7CD3B4A7F8, cid=42, FAILED org.apache.ratis.protocol.LeaderNotReadyException: localhost_10001@group-DB7CD3B4A7F8 is in LEADER state but not ready yet., logIndex=0, commits[localhost_10001:c-1, localhost_10002:c-1, localhost_10000:c-1]
2019-09-26 13:33:06,674 INFO  client.GrpcClientProtocolService (GrpcClientProtocolService.java:lambda$processClientRequest$0(278)) - Failed RaftClientRequest:client-352D35361D97->localhost_10001@group-DB7CD3B4A7F8, cid=42, seq=0, RW, Message:321f0a0f0a0d74657374...(size=33), reply=RaftClientReply:client-352D35361D97->localhost_10001@group-DB7CD3B4A7F8, cid=42, FAILED org.apache.ratis.protocol.LeaderNotReadyException: localhost_10001@group-DB7CD3B4A7F8 is in LEADER state but not ready yet., logIndex=0, commits[localhost_10001:c-1, localhost_10002:c-1, localhost_10000:c-1]
2019-09-26 13:33:06,674 INFO  client.GrpcClientProtocolService (GrpcClientProtocolService.java:lambda$processClientRequest$0(278)) - Failed RaftClientRequest:client-352D35361D97->localhost_10001@group-DB7CD3B4A7F8, cid=42, seq=0, RW, Message:321f0a0f0a0d74657374...(size=33), reply=RaftClientReply:client-352D35361D97->localhost_10001@group-DB7CD3B4A7F8, cid=42, FAILED org.apache.ratis.protocol.LeaderNotReadyException: localhost_10001@group-DB7CD3B4A7F8 is in LEADER state but not ready yet., logIndex=0, commits[localhost_10001:c-1, localhost_10002:c-1, localhost_10000:c-1]
2019-09-26 13:33:06,675 INFO  client.GrpcClientProtocolService (GrpcClientProtocolService.java:lambda$processClientRequest$0(278)) - Failed RaftClientRequest:client-352D35361D97->localhost_10001@group-DB7CD3B4A7F8, cid=42, seq=0, RW, Message:321f0a0f0a0d74657374...(size=33), reply=RaftClientReply:client-352D35361D97->localhost_10001@group-DB7CD3B4A7F8, cid=42, FAILED org.apache.ratis.protocol.LeaderNotReadyException: localhost_10001@group-DB7CD3B4A7F8 is in LEADER state but not ready yet., logIndex=0, commits[localhost_10001:c-1, localhost_10002:c-1, localhost_10000:c-1]
2019-09-26 13:33:06,676 INFO  client.GrpcClientProtocolService (GrpcClientProtocolService.java:lambda$processClientRequest$0(278)) - Failed RaftClientRequest:client-352D35361D97->localhost_10001@group-DB7CD3B4A7F8, cid=42, seq=0, RW, Message:321f0a0f0a0d74657374...(size=33), reply=RaftClientReply:client-352D35361D97->localhost_10001@group-DB7CD3B4A7F8, cid=42, FAILED org.apache.ratis.protocol.LeaderNotReadyException: localhost_10001@group-DB7CD3B4A7F8 is in LEADER state but not ready yet., logIndex=0, commits[localhost_10001:c-1, localhost_10002:c-1, localhost_10000:c-1]
2019-09-26 13:33:06,677 INFO  client.GrpcClientProtocolService (GrpcClientProtocolService.java:lambda$processClientRequest$0(278)) - Failed RaftClientRequest:client-352D35361D97->localhost_10001@group-DB7CD3B4A7F8, cid=42, seq=0, RW, Message:321f0a0f0a0d74657374...(size=33), reply=RaftClientReply:client-352D35361D97->localhost_10001@group-DB7CD3B4A7F8, cid=42, FAILED org.apache.ratis.protocol.LeaderNotReadyException: localhost_10001@group-DB7CD3B4A7F8 is in LEADER state but not ready yet., logIndex=0, commits[localhost_10001:c-1, localhost_10002:c-1, localhost_10000:c-1]
2019-09-26 13:33:06,678 INFO  client.GrpcClientProtocolService (GrpcClientProtocolService.java:lambda$processClientRequest$0(278)) - Failed RaftClientRequest:client-352D35361D97->localhost_10001@group-DB7CD3B4A7F8, cid=42, seq=0, RW, Message:321f0a0f0a0d74657374...(size=33), reply=RaftClientReply:client-352D35361D97->localhost_10001@group-DB7CD3B4A7F8, cid=42, FAILED org.apache.ratis.protocol.LeaderNotReadyException: localhost_10001@group-DB7CD3B4A7F8 is in LEADER state but not ready yet., logIndex=0, commits[localhost_10001:c-1, localhost_10002:c-1, localhost_10000:c-1]
2019-09-26 13:33:06,680 INFO  client.GrpcClientProtocolService (GrpcClientProtocolService.java:lambda$processClientRequest$0(278)) - Failed RaftClientRequest:client-352D35361D97->localhost_10001@group-DB7CD3B4A7F8, cid=42, seq=0, RW, Message:321f0a0f0a0d74657374...(size=33), reply=RaftClientReply:client-352D35361D97->localhost_10001@group-DB7CD3B4A7F8, cid=42, FAILED org.apache.ratis.protocol.LeaderNotReadyException: localhost_10001@group-DB7CD3B4A7F8 is in LEADER state but not ready yet., logIndex=0, commits[localhost_10001:c-1, localhost_10002:c-1, localhost_10000:c-1]
2019-09-26 13:33:06,681 INFO  client.GrpcClientProtocolService (GrpcClientProtocolService.java:lambda$processClientRequest$0(278)) - Failed RaftClientRequest:client-352D35361D97->localhost_10001@group-DB7CD3B4A7F8, cid=42, seq=0, RW, Message:321f0a0f0a0d74657374...(size=33), reply=RaftClientReply:client-352D35361D97->localhost_10001@group-DB7CD3B4A7F8, cid=42, FAILED org.apache.ratis.protocol.LeaderNotReadyException: localhost_10001@group-DB7CD3B4A7F8 is in LEADER state but not ready yet., logIndex=0, commits[localhost_10001:c-1, localhost_10002:c-1, localhost_10000:c-1]
2019-09-26 13:33:06,682 INFO  client.GrpcClientProtocolService (GrpcClientProtocolService.java:lambda$processClientRequest$0(278)) - Failed RaftClientRequest:client-352D35361D97->localhost_10001@group-DB7CD3B4A7F8, cid=42, seq=0, RW, Message:321f0a0f0a0d74657374...(size=33), reply=RaftClientReply:client-352D35361D97->localhost_10001@group-DB7CD3B4A7F8, cid=42, FAILED org.apache.ratis.protocol.LeaderNotReadyException: localhost_10001@group-DB7CD3B4A7F8 is in LEADER state but not ready yet., logIndex=0, commits[localhost_10001:c-1, localhost_10002:c-1, localhost_10000:c-1]
2019-09-26 13:33:06,682 INFO  client.GrpcClientProtocolService (GrpcClientProtocolService.java:lambda$processClientRequest$0(278)) - Failed RaftClientRequest:client-352D35361D97->localhost_10001@group-DB7CD3B4A7F8, cid=42, seq=0, RW, Message:321f0a0f0a0d74657374...(size=33), reply=RaftClientReply:client-352D35361D97->localhost_10001@group-DB7CD3B4A7F8, cid=42, FAILED org.apache.ratis.protocol.LeaderNotReadyException: localhost_10001@group-DB7CD3B4A7F8 is in LEADER state but not ready yet., logIndex=0, commits[localhost_10001:c-1, localhost_10002:c-1, localhost_10000:c-1]
2019-09-26 13:33:06,683 INFO  client.GrpcClientProtocolService (GrpcClientProtocolService.java:lambda$processClientRequest$0(278)) - Failed RaftClientRequest:client-352D35361D97->localhost_10001@group-DB7CD3B4A7F8, cid=42, seq=0, RW, Message:321f0a0f0a0d74657374...(size=33), reply=RaftClientReply:client-352D35361D97->localhost_10001@group-DB7CD3B4A7F8, cid=42, FAILED org.apache.ratis.protocol.LeaderNotReadyException: localhost_10001@group-DB7CD3B4A7F8 is in LEADER state but not ready yet., logIndex=0, commits[localhost_10001:c-1, localhost_10002:c-1, localhost_10000:c-1]
2019-09-26 13:33:06,684 INFO  client.GrpcClientProtocolService (GrpcClientProtocolService.java:lambda$processClientRequest$0(278)) - Failed RaftClientRequest:client-352D35361D97->localhost_10001@group-DB7CD3B4A7F8, cid=42, seq=0, RW, Message:321f0a0f0a0d74657374...(size=33), reply=RaftClientReply:client-352D35361D97->localhost_10001@group-DB7CD3B4A7F8, cid=42, FAILED org.apache.ratis.protocol.LeaderNotReadyException: localhost_10001@group-DB7CD3B4A7F8 is in LEADER state but not ready yet., logIndex=0, commits[localhost_10001:c-1, localhost_10002:c-1, localhost_10000:c-1]
2019-09-26 13:33:06,685 INFO  client.GrpcClientProtocolService (GrpcClientProtocolService.java:lambda$processClientRequest$0(278)) - Failed RaftClientRequest:client-352D35361D97->localhost_10001@group-DB7CD3B4A7F8, cid=42, seq=0, RW, Message:321f0a0f0a0d74657374...(size=33), reply=RaftClientReply:client-352D35361D97->localhost_10001@group-DB7CD3B4A7F8, cid=42, FAILED org.apache.ratis.protocol.LeaderNotReadyException: localhost_10001@group-DB7CD3B4A7F8 is in LEADER state but not ready yet., logIndex=0, commits[localhost_10001:c-1, localhost_10002:c-1, localhost_10000:c-1]
2019-09-26 13:33:06,685 INFO  client.GrpcClientProtocolService (GrpcClientProtocolService.java:lambda$processClientRequest$0(278)) - Failed RaftClientRequest:client-352D35361D97->localhost_10001@group-DB7CD3B4A7F8, cid=42, seq=0, RW, Message:321f0a0f0a0d74657374...(size=33), reply=RaftClientReply:client-352D35361D97->localhost_10001@group-DB7CD3B4A7F8, cid=42, FAILED org.apache.ratis.protocol.LeaderNotReadyException: localhost_10001@group-DB7CD3B4A7F8 is in LEADER state but not ready yet., logIndex=0, commits[localhost_10001:c-1, localhost_10002:c-1, localhost_10000:c-1]
2019-09-26 13:33:06,686 INFO  client.GrpcClientProtocolService (GrpcClientProtocolService.java:lambda$processClientRequest$0(278)) - Failed RaftClientRequest:client-352D35361D97->localhost_10001@group-DB7CD3B4A7F8, cid=42, seq=0, RW, Message:321f0a0f0a0d74657374...(size=33), reply=RaftClientReply:client-352D35361D97->localhost_10001@group-DB7CD3B4A7F8, cid=42, FAILED org.apache.ratis.protocol.LeaderNotReadyException: localhost_10001@group-DB7CD3B4A7F8 is in LEADER state but not ready yet., logIndex=0, commits[localhost_10001:c-1, localhost_10002:c-1, localhost_10000:c-1]
2019-09-26 13:33:06,687 INFO  client.GrpcClientProtocolService (GrpcClientProtocolService.java:lambda$processClientRequest$0(278)) - Failed RaftClientRequest:client-352D35361D97->localhost_10001@group-DB7CD3B4A7F8, cid=42, seq=0, RW, Message:321f0a0f0a0d74657374...(size=33), reply=RaftClientReply:client-352D35361D97->localhost_10001@group-DB7CD3B4A7F8, cid=42, FAILED org.apache.ratis.protocol.LeaderNotReadyException: localhost_10001@group-DB7CD3B4A7F8 is in LEADER state but not ready yet., logIndex=0, commits[localhost_10001:c-1, localhost_10002:c-1, localhost_10000:c-1]
2019-09-26 13:33:06,687 INFO  client.GrpcClientProtocolService (GrpcClientProtocolService.java:lambda$processClientRequest$0(278)) - Failed RaftClientRequest:client-352D35361D97->localhost_10001@group-DB7CD3B4A7F8, cid=42, seq=0, RW, Message:321f0a0f0a0d74657374...(size=33), reply=RaftClientReply:client-352D35361D97->localhost_10001@group-DB7CD3B4A7F8, cid=42, FAILED org.apache.ratis.protocol.LeaderNotReadyException: localhost_10001@group-DB7CD3B4A7F8 is in LEADER state but not ready yet., logIndex=0, commits[localhost_10001:c-1, localhost_10002:c-1, localhost_10000:c-1]
2019-09-26 13:33:06,688 INFO  client.GrpcClientProtocolService (GrpcClientProtocolService.java:lambda$processClientRequest$0(278)) - Failed RaftClientRequest:client-352D35361D97->localhost_10001@group-DB7CD3B4A7F8, cid=42, seq=0, RW, Message:321f0a0f0a0d74657374...(size=33), reply=RaftClientReply:client-352D35361D97->localhost_10001@group-DB7CD3B4A7F8, cid=42, FAILED org.apache.ratis.protocol.LeaderNotReadyException: localhost_10001@group-DB7CD3B4A7F8 is in LEADER state but not ready yet., logIndex=0, commits[localhost_10001:c-1, localhost_10002:c-1, localhost_10000:c-1]
2019-09-26 13:33:06,689 INFO  client.GrpcClientProtocolService (GrpcClientProtocolService.java:lambda$processClientRequest$0(278)) - Failed RaftClientRequest:client-352D35361D97->localhost_10001@group-DB7CD3B4A7F8, cid=42, seq=0, RW, Message:321f0a0f0a0d74657374...(size=33), reply=RaftClientReply:client-352D35361D97->localhost_10001@group-DB7CD3B4A7F8, cid=42, FAILED org.apache.ratis.protocol.LeaderNotReadyException: localhost_10001@group-DB7CD3B4A7F8 is in LEADER state but not ready yet., logIndex=0, commits[localhost_10001:c-1, localhost_10002:c-1, localhost_10000:c-1]
2019-09-26 13:33:06,690 INFO  client.GrpcClientProtocolService (GrpcClientProtocolService.java:lambda$processClientRequest$0(278)) - Failed RaftClientRequest:client-352D35361D97->localhost_10001@group-DB7CD3B4A7F8, cid=42, seq=0, RW, Message:321f0a0f0a0d74657374...(size=33), reply=RaftClientReply:client-352D35361D97->localhost_10001@group-DB7CD3B4A7F8, cid=42, FAILED org.apache.ratis.protocol.LeaderNotReadyException: localhost_10001@group-DB7CD3B4A7F8 is in LEADER state but not ready yet., logIndex=0, commits[localhost_10001:c-1, localhost_10002:c-1, localhost_10000:c-1]
2019-09-26 13:33:06,690 INFO  client.GrpcClientProtocolService (GrpcClientProtocolService.java:lambda$processClientRequest$0(278)) - Failed RaftClientRequest:client-352D35361D97->localhost_10001@group-DB7CD3B4A7F8, cid=42, seq=0, RW, Message:321f0a0f0a0d74657374...(size=33), reply=RaftClientReply:client-352D35361D97->localhost_10001@group-DB7CD3B4A7F8, cid=42, FAILED org.apache.ratis.protocol.LeaderNotReadyException: localhost_10001@group-DB7CD3B4A7F8 is in LEADER state but not ready yet., logIndex=0, commits[localhost_10001:c-1, localhost_10002:c-1, localhost_10000:c-1]
2019-09-26 13:33:06,691 INFO  client.GrpcClientProtocolService (GrpcClientProtocolService.java:lambda$processClientRequest$0(278)) - Failed RaftClientRequest:client-352D35361D97->localhost_10001@group-DB7CD3B4A7F8, cid=42, seq=0, RW, Message:321f0a0f0a0d74657374...(size=33), reply=RaftClientReply:client-352D35361D97->localhost_10001@group-DB7CD3B4A7F8, cid=42, FAILED org.apache.ratis.protocol.LeaderNotReadyException: localhost_10001@group-DB7CD3B4A7F8 is in LEADER state but not ready yet., logIndex=0, commits[localhost_10001:c-1, localhost_10002:c-1, localhost_10000:c-1]
2019-09-26 13:33:06,692 INFO  client.GrpcClientProtocolService (GrpcClientProtocolService.java:lambda$processClientRequest$0(278)) - Failed RaftClientRequest:client-352D35361D97->localhost_10001@group-DB7CD3B4A7F8, cid=42, seq=0, RW, Message:321f0a0f0a0d74657374...(size=33), reply=RaftClientReply:client-352D35361D97->localhost_10001@group-DB7CD3B4A7F8, cid=42, FAILED org.apache.ratis.protocol.LeaderNotReadyException: localhost_10001@group-DB7CD3B4A7F8 is in LEADER state but not ready yet., logIndex=0, commits[localhost_10001:c-1, localhost_10002:c-1, localhost_10000:c-1]
2019-09-26 13:33:06,693 INFO  client.GrpcClientProtocolService (GrpcClientProtocolService.java:lambda$processClientRequest$0(278)) - Failed RaftClientRequest:client-352D35361D97->localhost_10001@group-DB7CD3B4A7F8, cid=42, seq=0, RW, Message:321f0a0f0a0d74657374...(size=33), reply=RaftClientReply:client-352D35361D97->localhost_10001@group-DB7CD3B4A7F8, cid=42, FAILED org.apache.ratis.protocol.LeaderNotReadyException: localhost_10001@group-DB7CD3B4A7F8 is in LEADER state but not ready yet., logIndex=0, commits[localhost_10001:c-1, localhost_10002:c-1, localhost_10000:c-1]
2019-09-26 13:33:06,693 INFO  client.GrpcClientProtocolService (GrpcClientProtocolService.java:lambda$processClientRequest$0(278)) - Failed RaftClientRequest:client-352D35361D97->localhost_10001@group-DB7CD3B4A7F8, cid=42, seq=0, RW, Message:321f0a0f0a0d74657374...(size=33), reply=RaftClientReply:client-352D35361D97->localhost_10001@group-DB7CD3B4A7F8, cid=42, FAILED org.apache.ratis.protocol.LeaderNotReadyException: localhost_10001@group-DB7CD3B4A7F8 is in LEADER state but not ready yet., logIndex=0, commits[localhost_10001:c-1, localhost_10002:c-1, localhost_10000:c-1]
2019-09-26 13:33:06,694 INFO  client.GrpcClientProtocolService (GrpcClientProtocolService.java:lambda$processClientRequest$0(278)) - Failed RaftClientRequest:client-352D35361D97->localhost_10001@group-DB7CD3B4A7F8, cid=42, seq=0, RW, Message:321f0a0f0a0d74657374...(size=33), reply=RaftClientReply:client-352D35361D97->localhost_10001@group-DB7CD3B4A7F8, cid=42, FAILED org.apache.ratis.protocol.LeaderNotReadyException: localhost_10001@group-DB7CD3B4A7F8 is in LEADER state but not ready yet., logIndex=0, commits[localhost_10001:c-1, localhost_10002:c-1, localhost_10000:c-1]
2019-09-26 13:33:06,695 INFO  client.GrpcClientProtocolService (GrpcClientProtocolService.java:lambda$processClientRequest$0(278)) - Failed RaftClientRequest:client-352D35361D97->localhost_10001@group-DB7CD3B4A7F8, cid=42, seq=0, RW, Message:321f0a0f0a0d74657374...(size=33), reply=RaftClientReply:client-352D35361D97->localhost_10001@group-DB7CD3B4A7F8, cid=42, FAILED org.apache.ratis.protocol.LeaderNotReadyException: localhost_10001@group-DB7CD3B4A7F8 is in LEADER state but not ready yet., logIndex=0, commits[localhost_10001:c-1, localhost_10002:c-1, localhost_10000:c-1]
2019-09-26 13:33:06,696 INFO  client.GrpcClientProtocolService (GrpcClientProtocolService.java:lambda$processClientRequest$0(278)) - Failed RaftClientRequest:client-352D35361D97->localhost_10001@group-DB7CD3B4A7F8, cid=42, seq=0, RW, Message:321f0a0f0a0d74657374...(size=33), reply=RaftClientReply:client-352D35361D97->localhost_10001@group-DB7CD3B4A7F8, cid=42, FAILED org.apache.ratis.protocol.LeaderNotReadyException: localhost_10001@group-DB7CD3B4A7F8 is in LEADER state but not ready yet., logIndex=0, commits[localhost_10001:c-1, localhost_10002:c-1, localhost_10000:c-1]
2019-09-26 13:33:06,697 INFO  client.GrpcClientProtocolService (GrpcClientProtocolService.java:lambda$processClientRequest$0(278)) - Failed RaftClientRequest:client-352D35361D97->localhost_10001@group-DB7CD3B4A7F8, cid=42, seq=0, RW, Message:321f0a0f0a0d74657374...(size=33), reply=RaftClientReply:client-352D35361D97->localhost_10001@group-DB7CD3B4A7F8, cid=42, FAILED org.apache.ratis.protocol.LeaderNotReadyException: localhost_10001@group-DB7CD3B4A7F8 is in LEADER state but not ready yet., logIndex=0, commits[localhost_10001:c-1, localhost_10002:c-1, localhost_10000:c-1]
2019-09-26 13:33:06,697 INFO  client.GrpcClientProtocolService (GrpcClientProtocolService.java:lambda$processClientRequest$0(278)) - Failed RaftClientRequest:client-352D35361D97->localhost_10001@group-DB7CD3B4A7F8, cid=42, seq=0, RW, Message:321f0a0f0a0d74657374...(size=33), reply=RaftClientReply:client-352D35361D97->localhost_10001@group-DB7CD3B4A7F8, cid=42, FAILED org.apache.ratis.protocol.LeaderNotReadyException: localhost_10001@group-DB7CD3B4A7F8 is in LEADER state but not ready yet., logIndex=0, commits[localhost_10001:c-1, localhost_10002:c-1, localhost_10000:c-1]
2019-09-26 13:33:06,698 INFO  client.GrpcClientProtocolService (GrpcClientProtocolService.java:lambda$processClientRequest$0(278)) - Failed RaftClientRequest:client-352D35361D97->localhost_10001@group-DB7CD3B4A7F8, cid=42, seq=0, RW, Message:321f0a0f0a0d74657374...(size=33), reply=RaftClientReply:client-352D35361D97->localhost_10001@group-DB7CD3B4A7F8, cid=42, FAILED org.apache.ratis.protocol.LeaderNotReadyException: localhost_10001@group-DB7CD3B4A7F8 is in LEADER state but not ready yet., logIndex=0, commits[localhost_10001:c-1, localhost_10002:c-1, localhost_10000:c-1]
2019-09-26 13:33:06,699 INFO  client.GrpcClientProtocolService (GrpcClientProtocolService.java:lambda$processClientRequest$0(278)) - Failed RaftClientRequest:client-352D35361D97->localhost_10001@group-DB7CD3B4A7F8, cid=42, seq=0, RW, Message:321f0a0f0a0d74657374...(size=33), reply=RaftClientReply:client-352D35361D97->localhost_10001@group-DB7CD3B4A7F8, cid=42, FAILED org.apache.ratis.protocol.LeaderNotReadyException: localhost_10001@group-DB7CD3B4A7F8 is in LEADER state but not ready yet., logIndex=0, commits[localhost_10001:c-1, localhost_10002:c-1, localhost_10000:c-1]
2019-09-26 13:33:06,700 INFO  client.GrpcClientProtocolService (GrpcClientProtocolService.java:lambda$processClientRequest$0(278)) - Failed RaftClientRequest:client-352D35361D97->localhost_10001@group-DB7CD3B4A7F8, cid=42, seq=0, RW, Message:321f0a0f0a0d74657374...(size=33), reply=RaftClientReply:client-352D35361D97->localhost_10001@group-DB7CD3B4A7F8, cid=42, FAILED org.apache.ratis.protocol.LeaderNotReadyException: localhost_10001@group-DB7CD3B4A7F8 is in LEADER state but not ready yet., logIndex=0, commits[localhost_10001:c-1, localhost_10002:c-1, localhost_10000:c-1]
2019-09-26 13:33:06,701 INFO  client.GrpcClientProtocolService (GrpcClientProtocolService.java:lambda$processClientRequest$0(278)) - Failed RaftClientRequest:client-352D35361D97->localhost_10001@group-DB7CD3B4A7F8, cid=42, seq=0, RW, Message:321f0a0f0a0d74657374...(size=33), reply=RaftClientReply:client-352D35361D97->localhost_10001@group-DB7CD3B4A7F8, cid=42, FAILED org.apache.ratis.protocol.LeaderNotReadyException: localhost_10001@group-DB7CD3B4A7F8 is in LEADER state but not ready yet., logIndex=0, commits[localhost_10001:c-1, localhost_10002:c-1, localhost_10000:c-1]
2019-09-26 13:33:06,701 INFO  client.GrpcClientProtocolService (GrpcClientProtocolService.java:lambda$processClientRequest$0(278)) - Failed RaftClientRequest:client-352D35361D97->localhost_10001@group-DB7CD3B4A7F8, cid=42, seq=0, RW, Message:321f0a0f0a0d74657374...(size=33), reply=RaftClientReply:client-352D35361D97->localhost_10001@group-DB7CD3B4A7F8, cid=42, FAILED org.apache.ratis.protocol.LeaderNotReadyException: localhost_10001@group-DB7CD3B4A7F8 is in LEADER state but not ready yet., logIndex=0, commits[localhost_10001:c-1, localhost_10002:c-1, localhost_10000:c-1]
2019-09-26 13:33:06,702 INFO  client.GrpcClientProtocolService (GrpcClientProtocolService.java:lambda$processClientRequest$0(278)) - Failed RaftClientRequest:client-352D35361D97->localhost_10001@group-DB7CD3B4A7F8, cid=42, seq=0, RW, Message:321f0a0f0a0d74657374...(size=33), reply=RaftClientReply:client-352D35361D97->localhost_10001@group-DB7CD3B4A7F8, cid=42, FAILED org.apache.ratis.protocol.LeaderNotReadyException: localhost_10001@group-DB7CD3B4A7F8 is in LEADER state but not ready yet., logIndex=0, commits[localhost_10001:c-1, localhost_10002:c-1, localhost_10000:c-1]
2019-09-26 13:33:06,703 INFO  client.GrpcClientProtocolService (GrpcClientProtocolService.java:lambda$processClientRequest$0(278)) - Failed RaftClientRequest:client-352D35361D97->localhost_10001@group-DB7CD3B4A7F8, cid=42, seq=0, RW, Message:321f0a0f0a0d74657374...(size=33), reply=RaftClientReply:client-352D35361D97->localhost_10001@group-DB7CD3B4A7F8, cid=42, FAILED org.apache.ratis.protocol.LeaderNotReadyException: localhost_10001@group-DB7CD3B4A7F8 is in LEADER state but not ready yet., logIndex=0, commits[localhost_10001:c-1, localhost_10002:c-1, localhost_10000:c-1]
2019-09-26 13:33:06,703 INFO  client.GrpcClientProtocolService (GrpcClientProtocolService.java:lambda$processClientRequest$0(278)) - Failed RaftClientRequest:client-352D35361D97->localhost_10001@group-DB7CD3B4A7F8, cid=42, seq=0, RW, Message:321f0a0f0a0d74657374...(size=33), reply=RaftClientReply:client-352D35361D97->localhost_10001@group-DB7CD3B4A7F8, cid=42, FAILED org.apache.ratis.protocol.LeaderNotReadyException: localhost_10001@group-DB7CD3B4A7F8 is in LEADER state but not ready yet., logIndex=0, commits[localhost_10001:c-1, localhost_10002:c-1, localhost_10000:c-1]
2019-09-26 13:33:06,704 INFO  client.GrpcClientProtocolService (GrpcClientProtocolService.java:lambda$processClientRequest$0(278)) - Failed RaftClientRequest:client-352D35361D97->localhost_10001@group-DB7CD3B4A7F8, cid=42, seq=0, RW, Message:321f0a0f0a0d74657374...(size=33), reply=RaftClientReply:client-352D35361D97->localhost_10001@group-DB7CD3B4A7F8, cid=42, FAILED org.apache.ratis.protocol.LeaderNotReadyException: localhost_10001@group-DB7CD3B4A7F8 is in LEADER state but not ready yet., logIndex=0, commits[localhost_10001:c-1, localhost_10002:c-1, localhost_10000:c-1]
2019-09-26 13:33:06,705 INFO  client.GrpcClientProtocolService (GrpcClientProtocolService.java:lambda$processClientRequest$0(278)) - Failed RaftClientRequest:client-352D35361D97->localhost_10001@group-DB7CD3B4A7F8, cid=42, seq=0, RW, Message:321f0a0f0a0d74657374...(size=33), reply=RaftClientReply:client-352D35361D97->localhost_10001@group-DB7CD3B4A7F8, cid=42, FAILED org.apache.ratis.protocol.LeaderNotReadyException: localhost_10001@group-DB7CD3B4A7F8 is in LEADER state but not ready yet., logIndex=0, commits[localhost_10001:c-1, localhost_10002:c-1, localhost_10000:c-1]
2019-09-26 13:33:06,706 INFO  client.GrpcClientProtocolService (GrpcClientProtocolService.java:lambda$processClientRequest$0(278)) - Failed RaftClientRequest:client-352D35361D97->localhost_10001@group-DB7CD3B4A7F8, cid=42, seq=0, RW, Message:321f0a0f0a0d74657374...(size=33), reply=RaftClientReply:client-352D35361D97->localhost_10001@group-DB7CD3B4A7F8, cid=42, FAILED org.apache.ratis.protocol.LeaderNotReadyException: localhost_10001@group-DB7CD3B4A7F8 is in LEADER state but not ready yet., logIndex=0, commits[localhost_10001:c-1, localhost_10002:c-1, localhost_10000:c-1]
2019-09-26 13:33:06,707 INFO  client.GrpcClientProtocolService (GrpcClientProtocolService.java:lambda$processClientRequest$0(278)) - Failed RaftClientRequest:client-352D35361D97->localhost_10001@group-DB7CD3B4A7F8, cid=42, seq=0, RW, Message:321f0a0f0a0d74657374...(size=33), reply=RaftClientReply:client-352D35361D97->localhost_10001@group-DB7CD3B4A7F8, cid=42, FAILED org.apache.ratis.protocol.LeaderNotReadyException: localhost_10001@group-DB7CD3B4A7F8 is in LEADER state but not ready yet., logIndex=0, commits[localhost_10001:c-1, localhost_10002:c-1, localhost_10000:c-1]
2019-09-26 13:33:06,707 INFO  client.GrpcClientProtocolService (GrpcClientProtocolService.java:lambda$processClientRequest$0(278)) - Failed RaftClientRequest:client-352D35361D97->localhost_10001@group-DB7CD3B4A7F8, cid=42, seq=0, RW, Message:321f0a0f0a0d74657374...(size=33), reply=RaftClientReply:client-352D35361D97->localhost_10001@group-DB7CD3B4A7F8, cid=42, FAILED org.apache.ratis.protocol.LeaderNotReadyException: localhost_10001@group-DB7CD3B4A7F8 is in LEADER state but not ready yet., logIndex=0, commits[localhost_10001:c-1, localhost_10002:c-1, localhost_10000:c-1]
2019-09-26 13:33:06,708 INFO  client.GrpcClientProtocolService (GrpcClientProtocolService.java:lambda$processClientRequest$0(278)) - Failed RaftClientRequest:client-352D35361D97->localhost_10001@group-DB7CD3B4A7F8, cid=42, seq=0, RW, Message:321f0a0f0a0d74657374...(size=33), reply=RaftClientReply:client-352D35361D97->localhost_10001@group-DB7CD3B4A7F8, cid=42, FAILED org.apache.ratis.protocol.LeaderNotReadyException: localhost_10001@group-DB7CD3B4A7F8 is in LEADER state but not ready yet., logIndex=0, commits[localhost_10001:c-1, localhost_10002:c-1, localhost_10000:c-1]
2019-09-26 13:33:06,709 INFO  client.GrpcClientProtocolService (GrpcClientProtocolService.java:lambda$processClientRequest$0(278)) - Failed RaftClientRequest:client-352D35361D97->localhost_10001@group-DB7CD3B4A7F8, cid=42, seq=0, RW, Message:321f0a0f0a0d74657374...(size=33), reply=RaftClientReply:client-352D35361D97->localhost_10001@group-DB7CD3B4A7F8, cid=42, FAILED org.apache.ratis.protocol.LeaderNotReadyException: localhost_10001@group-DB7CD3B4A7F8 is in LEADER state but not ready yet., logIndex=0, commits[localhost_10001:c-1, localhost_10002:c-1, localhost_10000:c-1]
2019-09-26 13:33:06,710 INFO  client.GrpcClientProtocolService (GrpcClientProtocolService.java:lambda$processClientRequest$0(278)) - Failed RaftClientRequest:client-352D35361D97->localhost_10001@group-DB7CD3B4A7F8, cid=42, seq=0, RW, Message:321f0a0f0a0d74657374...(size=33), reply=RaftClientReply:client-352D35361D97->localhost_10001@group-DB7CD3B4A7F8, cid=42, FAILED org.apache.ratis.protocol.LeaderNotReadyException: localhost_10001@group-DB7CD3B4A7F8 is in LEADER state but not ready yet., logIndex=0, commits[localhost_10001:c-1, localhost_10002:c-1, localhost_10000:c-1]
2019-09-26 13:33:06,710 INFO  client.GrpcClientProtocolService (GrpcClientProtocolService.java:lambda$processClientRequest$0(278)) - Failed RaftClientRequest:client-352D35361D97->localhost_10001@group-DB7CD3B4A7F8, cid=42, seq=0, RW, Message:321f0a0f0a0d74657374...(size=33), reply=RaftClientReply:client-352D35361D97->localhost_10001@group-DB7CD3B4A7F8, cid=42, FAILED org.apache.ratis.protocol.LeaderNotReadyException: localhost_10001@group-DB7CD3B4A7F8 is in LEADER state but not ready yet., logIndex=0, commits[localhost_10001:c-1, localhost_10002:c-1, localhost_10000:c-1]
2019-09-26 13:33:06,711 INFO  client.GrpcClientProtocolService (GrpcClientProtocolService.java:lambda$processClientRequest$0(278)) - Failed RaftClientRequest:client-352D35361D97->localhost_10001@group-DB7CD3B4A7F8, cid=42, seq=0, RW, Message:321f0a0f0a0d74657374...(size=33), reply=RaftClientReply:client-352D35361D97->localhost_10001@group-DB7CD3B4A7F8, cid=42, FAILED org.apache.ratis.protocol.LeaderNotReadyException: localhost_10001@group-DB7CD3B4A7F8 is in LEADER state but not ready yet., logIndex=0, commits[localhost_10001:c-1, localhost_10002:c-1, localhost_10000:c-1]
2019-09-26 13:33:06,712 INFO  client.GrpcClientProtocolService (GrpcClientProtocolService.java:lambda$processClientRequest$0(278)) - Failed RaftClientRequest:client-352D35361D97->localhost_10001@group-DB7CD3B4A7F8, cid=42, seq=0, RW, Message:321f0a0f0a0d74657374...(size=33), reply=RaftClientReply:client-352D35361D97->localhost_10001@group-DB7CD3B4A7F8, cid=42, FAILED org.apache.ratis.protocol.LeaderNotReadyException: localhost_10001@group-DB7CD3B4A7F8 is in LEADER state but not ready yet., logIndex=0, commits[localhost_10001:c-1, localhost_10002:c-1, localhost_10000:c-1]
2019-09-26 13:33:06,713 INFO  client.GrpcClientProtocolService (GrpcClientProtocolService.java:lambda$processClientRequest$0(278)) - Failed RaftClientRequest:client-352D35361D97->localhost_10001@group-DB7CD3B4A7F8, cid=42, seq=0, RW, Message:321f0a0f0a0d74657374...(size=33), reply=RaftClientReply:client-352D35361D97->localhost_10001@group-DB7CD3B4A7F8, cid=42, FAILED org.apache.ratis.protocol.LeaderNotReadyException: localhost_10001@group-DB7CD3B4A7F8 is in LEADER state but not ready yet., logIndex=0, commits[localhost_10001:c-1, localhost_10002:c-1, localhost_10000:c-1]
2019-09-26 13:33:06,714 INFO  client.GrpcClientProtocolService (GrpcClientProtocolService.java:lambda$processClientRequest$0(278)) - Failed RaftClientRequest:client-352D35361D97->localhost_10001@group-DB7CD3B4A7F8, cid=42, seq=0, RW, Message:321f0a0f0a0d74657374...(size=33), reply=RaftClientReply:client-352D35361D97->localhost_10001@group-DB7CD3B4A7F8, cid=42, FAILED org.apache.ratis.protocol.LeaderNotReadyException: localhost_10001@group-DB7CD3B4A7F8 is in LEADER state but not ready yet., logIndex=0, commits[localhost_10001:c-1, localhost_10002:c-1, localhost_10000:c-1]
2019-09-26 13:33:06,715 INFO  client.GrpcClientProtocolService (GrpcClientProtocolService.java:lambda$processClientRequest$0(278)) - Failed RaftClientRequest:client-352D35361D97->localhost_10001@group-DB7CD3B4A7F8, cid=42, seq=0, RW, Message:321f0a0f0a0d74657374...(size=33), reply=RaftClientReply:client-352D35361D97->localhost_10001@group-DB7CD3B4A7F8, cid=42, FAILED org.apache.ratis.protocol.LeaderNotReadyException: localhost_10001@group-DB7CD3B4A7F8 is in LEADER state but not ready yet., logIndex=0, commits[localhost_10001:c-1, localhost_10002:c-1, localhost_10000:c-1]
2019-09-26 13:33:06,716 INFO  client.GrpcClientProtocolService (GrpcClientProtocolService.java:lambda$processClientRequest$0(278)) - Failed RaftClientRequest:client-352D35361D97->localhost_10001@group-DB7CD3B4A7F8, cid=42, seq=0, RW, Message:321f0a0f0a0d74657374...(size=33), reply=RaftClientReply:client-352D35361D97->localhost_10001@group-DB7CD3B4A7F8, cid=42, FAILED org.apache.ratis.protocol.LeaderNotReadyException: localhost_10001@group-DB7CD3B4A7F8 is in LEADER state but not ready yet., logIndex=0, commits[localhost_10001:c-1, localhost_10002:c-1, localhost_10000:c-1]
2019-09-26 13:33:06,717 INFO  client.GrpcClientProtocolService (GrpcClientProtocolService.java:lambda$processClientRequest$0(278)) - Failed RaftClientRequest:client-352D35361D97->localhost_10001@group-DB7CD3B4A7F8, cid=42, seq=0, RW, Message:321f0a0f0a0d74657374...(size=33), reply=RaftClientReply:client-352D35361D97->localhost_10001@group-DB7CD3B4A7F8, cid=42, FAILED org.apache.ratis.protocol.LeaderNotReadyException: localhost_10001@group-DB7CD3B4A7F8 is in LEADER state but not ready yet., logIndex=0, commits[localhost_10001:c-1, localhost_10002:c-1, localhost_10000:c-1]
2019-09-26 13:33:06,717 INFO  client.GrpcClientProtocolService (GrpcClientProtocolService.java:lambda$processClientRequest$0(278)) - Failed RaftClientRequest:client-352D35361D97->localhost_10001@group-DB7CD3B4A7F8, cid=42, seq=0, RW, Message:321f0a0f0a0d74657374...(size=33), reply=RaftClientReply:client-352D35361D97->localhost_10001@group-DB7CD3B4A7F8, cid=42, FAILED org.apache.ratis.protocol.LeaderNotReadyException: localhost_10001@group-DB7CD3B4A7F8 is in LEADER state but not ready yet., logIndex=0, commits[localhost_10001:c-1, localhost_10002:c-1, localhost_10000:c-1]
2019-09-26 13:33:06,718 INFO  client.GrpcClientProtocolService (GrpcClientProtocolService.java:lambda$processClientRequest$0(278)) - Failed RaftClientRequest:client-352D35361D97->localhost_10001@group-DB7CD3B4A7F8, cid=42, seq=0, RW, Message:321f0a0f0a0d74657374...(size=33), reply=RaftClientReply:client-352D35361D97->localhost_10001@group-DB7CD3B4A7F8, cid=42, FAILED org.apache.ratis.protocol.LeaderNotReadyException: localhost_10001@group-DB7CD3B4A7F8 is in LEADER state but not ready yet., logIndex=0, commits[localhost_10001:c-1, localhost_10002:c-1, localhost_10000:c-1]
2019-09-26 13:33:06,719 INFO  client.GrpcClientProtocolService (GrpcClientProtocolService.java:lambda$processClientRequest$0(278)) - Failed RaftClientRequest:client-352D35361D97->localhost_10001@group-DB7CD3B4A7F8, cid=42, seq=0, RW, Message:321f0a0f0a0d74657374...(size=33), reply=RaftClientReply:client-352D35361D97->localhost_10001@group-DB7CD3B4A7F8, cid=42, FAILED org.apache.ratis.protocol.LeaderNotReadyException: localhost_10001@group-DB7CD3B4A7F8 is in LEADER state but not ready yet., logIndex=0, commits[localhost_10001:c-1, localhost_10002:c-1, localhost_10000:c-1]
2019-09-26 13:33:06,720 INFO  client.GrpcClientProtocolService (GrpcClientProtocolService.java:lambda$processClientRequest$0(278)) - Failed RaftClientRequest:client-352D35361D97->localhost_10001@group-DB7CD3B4A7F8, cid=42, seq=0, RW, Message:321f0a0f0a0d74657374...(size=33), reply=RaftClientReply:client-352D35361D97->localhost_10001@group-DB7CD3B4A7F8, cid=42, FAILED org.apache.ratis.protocol.LeaderNotReadyException: localhost_10001@group-DB7CD3B4A7F8 is in LEADER state but not ready yet., logIndex=0, commits[localhost_10001:c-1, localhost_10002:c-1, localhost_10000:c-1]
2019-09-26 13:33:06,721 INFO  client.GrpcClientProtocolService (GrpcClientProtocolService.java:lambda$processClientRequest$0(278)) - Failed RaftClientRequest:client-352D35361D97->localhost_10001@group-DB7CD3B4A7F8, cid=42, seq=0, RW, Message:321f0a0f0a0d74657374...(size=33), reply=RaftClientReply:client-352D35361D97->localhost_10001@group-DB7CD3B4A7F8, cid=42, FAILED org.apache.ratis.protocol.LeaderNotReadyException: localhost_10001@group-DB7CD3B4A7F8 is in LEADER state but not ready yet., logIndex=0, commits[localhost_10001:c-1, localhost_10002:c-1, localhost_10000:c-1]
2019-09-26 13:33:06,721 INFO  client.GrpcClientProtocolService (GrpcClientProtocolService.java:lambda$processClientRequest$0(278)) - Failed RaftClientRequest:client-352D35361D97->localhost_10001@group-DB7CD3B4A7F8, cid=42, seq=0, RW, Message:321f0a0f0a0d74657374...(size=33), reply=RaftClientReply:client-352D35361D97->localhost_10001@group-DB7CD3B4A7F8, cid=42, FAILED org.apache.ratis.protocol.LeaderNotReadyException: localhost_10001@group-DB7CD3B4A7F8 is in LEADER state but not ready yet., logIndex=0, commits[localhost_10001:c-1, localhost_10002:c-1, localhost_10000:c-1]
2019-09-26 13:33:06,722 INFO  client.GrpcClientProtocolService (GrpcClientProtocolService.java:lambda$processClientRequest$0(278)) - Failed RaftClientRequest:client-352D35361D97->localhost_10001@group-DB7CD3B4A7F8, cid=42, seq=0, RW, Message:321f0a0f0a0d74657374...(size=33), reply=RaftClientReply:client-352D35361D97->localhost_10001@group-DB7CD3B4A7F8, cid=42, FAILED org.apache.ratis.protocol.LeaderNotReadyException: localhost_10001@group-DB7CD3B4A7F8 is in LEADER state but not ready yet., logIndex=0, commits[localhost_10001:c-1, localhost_10002:c-1, localhost_10000:c-1]
2019-09-26 13:33:06,723 INFO  client.GrpcClientProtocolService (GrpcClientProtocolService.java:lambda$processClientRequest$0(278)) - Failed RaftClientRequest:client-352D35361D97->localhost_10001@group-DB7CD3B4A7F8, cid=42, seq=0, RW, Message:321f0a0f0a0d74657374...(size=33), reply=RaftClientReply:client-352D35361D97->localhost_10001@group-DB7CD3B4A7F8, cid=42, FAILED org.apache.ratis.protocol.LeaderNotReadyException: localhost_10001@group-DB7CD3B4A7F8 is in LEADER state but not ready yet., logIndex=0, commits[localhost_10001:c-1, localhost_10002:c-1, localhost_10000:c-1]
2019-09-26 13:33:06,724 INFO  client.GrpcClientProtocolService (GrpcClientProtocolService.java:lambda$processClientRequest$0(278)) - Failed RaftClientRequest:client-352D35361D97->localhost_10001@group-DB7CD3B4A7F8, cid=42, seq=0, RW, Message:321f0a0f0a0d74657374...(size=33), reply=RaftClientReply:client-352D35361D97->localhost_10001@group-DB7CD3B4A7F8, cid=42, FAILED org.apache.ratis.protocol.LeaderNotReadyException: localhost_10001@group-DB7CD3B4A7F8 is in LEADER state but not ready yet., logIndex=0, commits[localhost_10001:c-1, localhost_10002:c-1, localhost_10000:c-1]
2019-09-26 13:33:06,724 INFO  client.GrpcClientProtocolService (GrpcClientProtocolService.java:lambda$processClientRequest$0(278)) - Failed RaftClientRequest:client-352D35361D97->localhost_10001@group-DB7CD3B4A7F8, cid=42, seq=0, RW, Message:321f0a0f0a0d74657374...(size=33), reply=RaftClientReply:client-352D35361D97->localhost_10001@group-DB7CD3B4A7F8, cid=42, FAILED org.apache.ratis.protocol.LeaderNotReadyException: localhost_10001@group-DB7CD3B4A7F8 is in LEADER state but not ready yet., logIndex=0, commits[localhost_10001:c-1, localhost_10002:c-1, localhost_10000:c-1]
2019-09-26 13:33:06,725 INFO  client.GrpcClientProtocolService (GrpcClientProtocolService.java:lambda$processClientRequest$0(278)) - Failed RaftClientRequest:client-352D35361D97->localhost_10001@group-DB7CD3B4A7F8, cid=42, seq=0, RW, Message:321f0a0f0a0d74657374...(size=33), reply=RaftClientReply:client-352D35361D97->localhost_10001@group-DB7CD3B4A7F8, cid=42, FAILED org.apache.ratis.protocol.LeaderNotReadyException: localhost_10001@group-DB7CD3B4A7F8 is in LEADER state but not ready yet., logIndex=0, commits[localhost_10001:c-1, localhost_10002:c-1, localhost_10000:c-1]
2019-09-26 13:33:06,726 INFO  client.GrpcClientProtocolService (GrpcClientProtocolService.java:lambda$processClientRequest$0(278)) - Failed RaftClientRequest:client-352D35361D97->localhost_10001@group-DB7CD3B4A7F8, cid=42, seq=0, RW, Message:321f0a0f0a0d74657374...(size=33), reply=RaftClientReply:client-352D35361D97->localhost_10001@group-DB7CD3B4A7F8, cid=42, FAILED org.apache.ratis.protocol.LeaderNotReadyException: localhost_10001@group-DB7CD3B4A7F8 is in LEADER state but not ready yet., logIndex=0, commits[localhost_10001:c-1, localhost_10002:c-1, localhost_10000:c-1]
2019-09-26 13:33:06,727 INFO  client.GrpcClientProtocolService (GrpcClientProtocolService.java:lambda$processClientRequest$0(278)) - Failed RaftClientRequest:client-352D35361D97->localhost_10001@group-DB7CD3B4A7F8, cid=42, seq=0, RW, Message:321f0a0f0a0d74657374...(size=33), reply=RaftClientReply:client-352D35361D97->localhost_10001@group-DB7CD3B4A7F8, cid=42, FAILED org.apache.ratis.protocol.LeaderNotReadyException: localhost_10001@group-DB7CD3B4A7F8 is in LEADER state but not ready yet., logIndex=0, commits[localhost_10001:c-1, localhost_10002:c-1, localhost_10000:c-1]
2019-09-26 13:33:06,728 INFO  client.GrpcClientProtocolService (GrpcClientProtocolService.java:lambda$processClientRequest$0(278)) - Failed RaftClientRequest:client-352D35361D97->localhost_10001@group-DB7CD3B4A7F8, cid=42, seq=0, RW, Message:321f0a0f0a0d74657374...(size=33), reply=RaftClientReply:client-352D35361D97->localhost_10001@group-DB7CD3B4A7F8, cid=42, FAILED org.apache.ratis.protocol.LeaderNotReadyException: localhost_10001@group-DB7CD3B4A7F8 is in LEADER state but not ready yet., logIndex=0, commits[localhost_10001:c-1, localhost_10002:c-1, localhost_10000:c-1]
2019-09-26 13:33:06,728 INFO  client.GrpcClientProtocolService (GrpcClientProtocolService.java:lambda$processClientRequest$0(278)) - Failed RaftClientRequest:client-352D35361D97->localhost_10001@group-DB7CD3B4A7F8, cid=42, seq=0, RW, Message:321f0a0f0a0d74657374...(size=33), reply=RaftClientReply:client-352D35361D97->localhost_10001@group-DB7CD3B4A7F8, cid=42, FAILED org.apache.ratis.protocol.LeaderNotReadyException: localhost_10001@group-DB7CD3B4A7F8 is in LEADER state but not ready yet., logIndex=0, commits[localhost_10001:c-1, localhost_10002:c-1, localhost_10000:c-1]
2019-09-26 13:33:06,729 INFO  client.GrpcClientProtocolService (GrpcClientProtocolService.java:lambda$processClientRequest$0(278)) - Failed RaftClientRequest:client-352D35361D97->localhost_10001@group-DB7CD3B4A7F8, cid=42, seq=0, RW, Message:321f0a0f0a0d74657374...(size=33), reply=RaftClientReply:client-352D35361D97->localhost_10001@group-DB7CD3B4A7F8, cid=42, FAILED org.apache.ratis.protocol.LeaderNotReadyException: localhost_10001@group-DB7CD3B4A7F8 is in LEADER state but not ready yet., logIndex=0, commits[localhost_10001:c-1, localhost_10002:c-1, localhost_10000:c-1]
2019-09-26 13:33:06,730 INFO  client.GrpcClientProtocolService (GrpcClientProtocolService.java:lambda$processClientRequest$0(278)) - Failed RaftClientRequest:client-352D35361D97->localhost_10001@group-DB7CD3B4A7F8, cid=42, seq=0, RW, Message:321f0a0f0a0d74657374...(size=33), reply=RaftClientReply:client-352D35361D97->localhost_10001@group-DB7CD3B4A7F8, cid=42, FAILED org.apache.ratis.protocol.LeaderNotReadyException: localhost_10001@group-DB7CD3B4A7F8 is in LEADER state but not ready yet., logIndex=0, commits[localhost_10001:c-1, localhost_10002:c-1, localhost_10000:c-1]
2019-09-26 13:33:06,731 INFO  client.GrpcClientProtocolService (GrpcClientProtocolService.java:lambda$processClientRequest$0(278)) - Failed RaftClientRequest:client-352D35361D97->localhost_10001@group-DB7CD3B4A7F8, cid=42, seq=0, RW, Message:321f0a0f0a0d74657374...(size=33), reply=RaftClientReply:client-352D35361D97->localhost_10001@group-DB7CD3B4A7F8, cid=42, FAILED org.apache.ratis.protocol.LeaderNotReadyException: localhost_10001@group-DB7CD3B4A7F8 is in LEADER state but not ready yet., logIndex=0, commits[localhost_10001:c-1, localhost_10002:c-1, localhost_10000:c-1]
2019-09-26 13:33:06,732 INFO  client.GrpcClientProtocolService (GrpcClientProtocolService.java:lambda$processClientRequest$0(278)) - Failed RaftClientRequest:client-352D35361D97->localhost_10001@group-DB7CD3B4A7F8, cid=42, seq=0, RW, Message:321f0a0f0a0d74657374...(size=33), reply=RaftClientReply:client-352D35361D97->localhost_10001@group-DB7CD3B4A7F8, cid=42, FAILED org.apache.ratis.protocol.LeaderNotReadyException: localhost_10001@group-DB7CD3B4A7F8 is in LEADER state but not ready yet., logIndex=0, commits[localhost_10001:c-1, localhost_10002:c-1, localhost_10000:c-1]
2019-09-26 13:33:06,737 INFO  client.GrpcClientProtocolService (GrpcClientProtocolService.java:lambda$processClientRequest$0(278)) - Failed RaftClientRequest:client-352D35361D97->localhost_10001@group-DB7CD3B4A7F8, cid=42, seq=0, RW, Message:321f0a0f0a0d74657374...(size=33), reply=RaftClientReply:client-352D35361D97->localhost_10001@group-DB7CD3B4A7F8, cid=42, FAILED org.apache.ratis.protocol.LeaderNotReadyException: localhost_10001@group-DB7CD3B4A7F8 is in LEADER state but not ready yet., logIndex=0, commits[localhost_10001:c-1, localhost_10002:c-1, localhost_10000:c-1]
2019-09-26 13:33:06,738 INFO  client.GrpcClientProtocolService (GrpcClientProtocolService.java:lambda$processClientRequest$0(278)) - Failed RaftClientRequest:client-352D35361D97->localhost_10001@group-DB7CD3B4A7F8, cid=42, seq=0, RW, Message:321f0a0f0a0d74657374...(size=33), reply=RaftClientReply:client-352D35361D97->localhost_10001@group-DB7CD3B4A7F8, cid=42, FAILED org.apache.ratis.protocol.LeaderNotReadyException: localhost_10001@group-DB7CD3B4A7F8 is in LEADER state but not ready yet., logIndex=0, commits[localhost_10001:c-1, localhost_10002:c-1, localhost_10000:c-1]
2019-09-26 13:33:06,738 INFO  client.GrpcClientProtocolService (GrpcClientProtocolService.java:lambda$processClientRequest$0(278)) - Failed RaftClientRequest:client-352D35361D97->localhost_10001@group-DB7CD3B4A7F8, cid=42, seq=0, RW, Message:321f0a0f0a0d74657374...(size=33), reply=RaftClientReply:client-352D35361D97->localhost_10001@group-DB7CD3B4A7F8, cid=42, FAILED org.apache.ratis.protocol.LeaderNotReadyException: localhost_10001@group-DB7CD3B4A7F8 is in LEADER state but not ready yet., logIndex=0, commits[localhost_10001:c-1, localhost_10002:c-1, localhost_10000:c-1]
2019-09-26 13:33:06,739 INFO  client.GrpcClientProtocolService (GrpcClientProtocolService.java:lambda$processClientRequest$0(278)) - Failed RaftClientRequest:client-352D35361D97->localhost_10001@group-DB7CD3B4A7F8, cid=42, seq=0, RW, Message:321f0a0f0a0d74657374...(size=33), reply=RaftClientReply:client-352D35361D97->localhost_10001@group-DB7CD3B4A7F8, cid=42, FAILED org.apache.ratis.protocol.LeaderNotReadyException: localhost_10001@group-DB7CD3B4A7F8 is in LEADER state but not ready yet., logIndex=0, commits[localhost_10001:c-1, localhost_10002:c-1, localhost_10000:c-1]
2019-09-26 13:33:06,740 INFO  client.GrpcClientProtocolService (GrpcClientProtocolService.java:lambda$processClientRequest$0(278)) - Failed RaftClientRequest:client-352D35361D97->localhost_10001@group-DB7CD3B4A7F8, cid=42, seq=0, RW, Message:321f0a0f0a0d74657374...(size=33), reply=RaftClientReply:client-352D35361D97->localhost_10001@group-DB7CD3B4A7F8, cid=42, FAILED org.apache.ratis.protocol.LeaderNotReadyException: localhost_10001@group-DB7CD3B4A7F8 is in LEADER state but not ready yet., logIndex=0, commits[localhost_10001:c-1, localhost_10002:c-1, localhost_10000:c-1]
2019-09-26 13:33:06,741 INFO  client.GrpcClientProtocolService (GrpcClientProtocolService.java:lambda$processClientRequest$0(278)) - Failed RaftClientRequest:client-352D35361D97->localhost_10001@group-DB7CD3B4A7F8, cid=42, seq=0, RW, Message:321f0a0f0a0d74657374...(size=33), reply=RaftClientReply:client-352D35361D97->localhost_10001@group-DB7CD3B4A7F8, cid=42, FAILED org.apache.ratis.protocol.LeaderNotReadyException: localhost_10001@group-DB7CD3B4A7F8 is in LEADER state but not ready yet., logIndex=0, commits[localhost_10001:c-1, localhost_10002:c-1, localhost_10000:c-1]
2019-09-26 13:33:06,742 INFO  client.GrpcClientProtocolService (GrpcClientProtocolService.java:lambda$processClientRequest$0(278)) - Failed RaftClientRequest:client-352D35361D97->localhost_10001@group-DB7CD3B4A7F8, cid=42, seq=0, RW, Message:321f0a0f0a0d74657374...(size=33), reply=RaftClientReply:client-352D35361D97->localhost_10001@group-DB7CD3B4A7F8, cid=42, FAILED org.apache.ratis.protocol.LeaderNotReadyException: localhost_10001@group-DB7CD3B4A7F8 is in LEADER state but not ready yet., logIndex=0, commits[localhost_10001:c-1, localhost_10002:c-1, localhost_10000:c-1]
2019-09-26 13:33:06,743 INFO  client.GrpcClientProtocolService (GrpcClientProtocolService.java:lambda$processClientRequest$0(278)) - Failed RaftClientRequest:client-352D35361D97->localhost_10001@group-DB7CD3B4A7F8, cid=42, seq=0, RW, Message:321f0a0f0a0d74657374...(size=33), reply=RaftClientReply:client-352D35361D97->localhost_10001@group-DB7CD3B4A7F8, cid=42, FAILED org.apache.ratis.protocol.LeaderNotReadyException: localhost_10001@group-DB7CD3B4A7F8 is in LEADER state but not ready yet., logIndex=0, commits[localhost_10001:c-1, localhost_10002:c-1, localhost_10000:c-1]
2019-09-26 13:33:06,744 INFO  client.GrpcClientProtocolService (GrpcClientProtocolService.java:lambda$processClientRequest$0(278)) - Failed RaftClientRequest:client-352D35361D97->localhost_10001@group-DB7CD3B4A7F8, cid=42, seq=0, RW, Message:321f0a0f0a0d74657374...(size=33), reply=RaftClientReply:client-352D35361D97->localhost_10001@group-DB7CD3B4A7F8, cid=42, FAILED org.apache.ratis.protocol.LeaderNotReadyException: localhost_10001@group-DB7CD3B4A7F8 is in LEADER state but not ready yet., logIndex=0, commits[localhost_10001:c-1, localhost_10002:c-1, localhost_10000:c-1]
2019-09-26 13:33:06,744 INFO  client.GrpcClientProtocolService (GrpcClientProtocolService.java:lambda$processClientRequest$0(278)) - Failed RaftClientRequest:client-352D35361D97->localhost_10001@group-DB7CD3B4A7F8, cid=42, seq=0, RW, Message:321f0a0f0a0d74657374...(size=33), reply=RaftClientReply:client-352D35361D97->localhost_10001@group-DB7CD3B4A7F8, cid=42, FAILED org.apache.ratis.protocol.LeaderNotReadyException: localhost_10001@group-DB7CD3B4A7F8 is in LEADER state but not ready yet., logIndex=0, commits[localhost_10001:c-1, localhost_10002:c-1, localhost_10000:c-1]
2019-09-26 13:33:06,745 INFO  client.GrpcClientProtocolService (GrpcClientProtocolService.java:lambda$processClientRequest$0(278)) - Failed RaftClientRequest:client-352D35361D97->localhost_10001@group-DB7CD3B4A7F8, cid=42, seq=0, RW, Message:321f0a0f0a0d74657374...(size=33), reply=RaftClientReply:client-352D35361D97->localhost_10001@group-DB7CD3B4A7F8, cid=42, FAILED org.apache.ratis.protocol.LeaderNotReadyException: localhost_10001@group-DB7CD3B4A7F8 is in LEADER state but not ready yet., logIndex=0, commits[localhost_10001:c-1, localhost_10002:c-1, localhost_10000:c-1]
2019-09-26 13:33:06,746 INFO  client.GrpcClientProtocolService (GrpcClientProtocolService.java:lambda$processClientRequest$0(278)) - Failed RaftClientRequest:client-352D35361D97->localhost_10001@group-DB7CD3B4A7F8, cid=42, seq=0, RW, Message:321f0a0f0a0d74657374...(size=33), reply=RaftClientReply:client-352D35361D97->localhost_10001@group-DB7CD3B4A7F8, cid=42, FAILED org.apache.ratis.protocol.LeaderNotReadyException: localhost_10001@group-DB7CD3B4A7F8 is in LEADER state but not ready yet., logIndex=0, commits[localhost_10001:c-1, localhost_10002:c-1, localhost_10000:c-1]
2019-09-26 13:33:06,747 INFO  client.GrpcClientProtocolService (GrpcClientProtocolService.java:lambda$processClientRequest$0(278)) - Failed RaftClientRequest:client-352D35361D97->localhost_10001@group-DB7CD3B4A7F8, cid=42, seq=0, RW, Message:321f0a0f0a0d74657374...(size=33), reply=RaftClientReply:client-352D35361D97->localhost_10001@group-DB7CD3B4A7F8, cid=42, FAILED org.apache.ratis.protocol.LeaderNotReadyException: localhost_10001@group-DB7CD3B4A7F8 is in LEADER state but not ready yet., logIndex=0, commits[localhost_10001:c-1, localhost_10002:c-1, localhost_10000:c-1]
2019-09-26 13:33:06,748 INFO  client.GrpcClientProtocolService (GrpcClientProtocolService.java:lambda$processClientRequest$0(278)) - Failed RaftClientRequest:client-352D35361D97->localhost_10001@group-DB7CD3B4A7F8, cid=42, seq=0, RW, Message:321f0a0f0a0d74657374...(size=33), reply=RaftClientReply:client-352D35361D97->localhost_10001@group-DB7CD3B4A7F8, cid=42, FAILED org.apache.ratis.protocol.LeaderNotReadyException: localhost_10001@group-DB7CD3B4A7F8 is in LEADER state but not ready yet., logIndex=0, commits[localhost_10001:c-1, localhost_10002:c-1, localhost_10000:c-1]
2019-09-26 13:33:06,748 INFO  client.GrpcClientProtocolService (GrpcClientProtocolService.java:lambda$processClientRequest$0(278)) - Failed RaftClientRequest:client-352D35361D97->localhost_10001@group-DB7CD3B4A7F8, cid=42, seq=0, RW, Message:321f0a0f0a0d74657374...(size=33), reply=RaftClientReply:client-352D35361D97->localhost_10001@group-DB7CD3B4A7F8, cid=42, FAILED org.apache.ratis.protocol.LeaderNotReadyException: localhost_10001@group-DB7CD3B4A7F8 is in LEADER state but not ready yet., logIndex=0, commits[localhost_10001:c-1, localhost_10002:c-1, localhost_10000:c-1]
2019-09-26 13:33:06,749 INFO  client.GrpcClientProtocolService (GrpcClientProtocolService.java:lambda$processClientRequest$0(278)) - Failed RaftClientRequest:client-352D35361D97->localhost_10001@group-DB7CD3B4A7F8, cid=42, seq=0, RW, Message:321f0a0f0a0d74657374...(size=33), reply=RaftClientReply:client-352D35361D97->localhost_10001@group-DB7CD3B4A7F8, cid=42, FAILED org.apache.ratis.protocol.LeaderNotReadyException: localhost_10001@group-DB7CD3B4A7F8 is in LEADER state but not ready yet., logIndex=0, commits[localhost_10001:c-1, localhost_10002:c-1, localhost_10000:c-1]
2019-09-26 13:33:06,750 INFO  client.GrpcClientProtocolService (GrpcClientProtocolService.java:lambda$processClientRequest$0(278)) - Failed RaftClientRequest:client-352D35361D97->localhost_10001@group-DB7CD3B4A7F8, cid=42, seq=0, RW, Message:321f0a0f0a0d74657374...(size=33), reply=RaftClientReply:client-352D35361D97->localhost_10001@group-DB7CD3B4A7F8, cid=42, FAILED org.apache.ratis.protocol.LeaderNotReadyException: localhost_10001@group-DB7CD3B4A7F8 is in LEADER state but not ready yet., logIndex=0, commits[localhost_10001:c-1, localhost_10002:c-1, localhost_10000:c-1]
2019-09-26 13:33:06,751 INFO  client.GrpcClientProtocolService (GrpcClientProtocolService.java:lambda$processClientRequest$0(278)) - Failed RaftClientRequest:client-352D35361D97->localhost_10001@group-DB7CD3B4A7F8, cid=42, seq=0, RW, Message:321f0a0f0a0d74657374...(size=33), reply=RaftClientReply:client-352D35361D97->localhost_10001@group-DB7CD3B4A7F8, cid=42, FAILED org.apache.ratis.protocol.LeaderNotReadyException: localhost_10001@group-DB7CD3B4A7F8 is in LEADER state but not ready yet., logIndex=0, commits[localhost_10001:c-1, localhost_10002:c-1, localhost_10000:c-1]
2019-09-26 13:33:06,752 INFO  client.GrpcClientProtocolService (GrpcClientProtocolService.java:lambda$processClientRequest$0(278)) - Failed RaftClientRequest:client-352D35361D97->localhost_10001@group-DB7CD3B4A7F8, cid=42, seq=0, RW, Message:321f0a0f0a0d74657374...(size=33), reply=RaftClientReply:client-352D35361D97->localhost_10001@group-DB7CD3B4A7F8, cid=42, FAILED org.apache.ratis.protocol.LeaderNotReadyException: localhost_10001@group-DB7CD3B4A7F8 is in LEADER state but not ready yet., logIndex=0, commits[localhost_10001:c-1, localhost_10002:c-1, localhost_10000:c-1]
2019-09-26 13:33:06,752 INFO  client.GrpcClientProtocolService (GrpcClientProtocolService.java:lambda$processClientRequest$0(278)) - Failed RaftClientRequest:client-352D35361D97->localhost_10001@group-DB7CD3B4A7F8, cid=42, seq=0, RW, Message:321f0a0f0a0d74657374...(size=33), reply=RaftClientReply:client-352D35361D97->localhost_10001@group-DB7CD3B4A7F8, cid=42, FAILED org.apache.ratis.protocol.LeaderNotReadyException: localhost_10001@group-DB7CD3B4A7F8 is in LEADER state but not ready yet., logIndex=0, commits[localhost_10001:c-1, localhost_10002:c-1, localhost_10000:c-1]
2019-09-26 13:33:06,753 INFO  client.GrpcClientProtocolService (GrpcClientProtocolService.java:lambda$processClientRequest$0(278)) - Failed RaftClientRequest:client-352D35361D97->localhost_10001@group-DB7CD3B4A7F8, cid=42, seq=0, RW, Message:321f0a0f0a0d74657374...(size=33), reply=RaftClientReply:client-352D35361D97->localhost_10001@group-DB7CD3B4A7F8, cid=42, FAILED org.apache.ratis.protocol.LeaderNotReadyException: localhost_10001@group-DB7CD3B4A7F8 is in LEADER state but not ready yet., logIndex=0, commits[localhost_10001:c-1, localhost_10002:c-1, localhost_10000:c-1]
2019-09-26 13:33:06,754 INFO  client.GrpcClientProtocolService (GrpcClientProtocolService.java:lambda$processClientRequest$0(278)) - Failed RaftClientRequest:client-352D35361D97->localhost_10001@group-DB7CD3B4A7F8, cid=42, seq=0, RW, Message:321f0a0f0a0d74657374...(size=33), reply=RaftClientReply:client-352D35361D97->localhost_10001@group-DB7CD3B4A7F8, cid=42, FAILED org.apache.ratis.protocol.LeaderNotReadyException: localhost_10001@group-DB7CD3B4A7F8 is in LEADER state but not ready yet., logIndex=0, commits[localhost_10001:c-1, localhost_10002:c-1, localhost_10000:c-1]
2019-09-26 13:33:06,755 INFO  client.GrpcClientProtocolService (GrpcClientProtocolService.java:lambda$processClientRequest$0(278)) - Failed RaftClientRequest:client-352D35361D97->localhost_10001@group-DB7CD3B4A7F8, cid=42, seq=0, RW, Message:321f0a0f0a0d74657374...(size=33), reply=RaftClientReply:client-352D35361D97->localhost_10001@group-DB7CD3B4A7F8, cid=42, FAILED org.apache.ratis.protocol.LeaderNotReadyException: localhost_10001@group-DB7CD3B4A7F8 is in LEADER state but not ready yet., logIndex=0, commits[localhost_10001:c-1, localhost_10002:c-1, localhost_10000:c-1]
2019-09-26 13:33:06,755 INFO  client.GrpcClientProtocolService (GrpcClientProtocolService.java:lambda$processClientRequest$0(278)) - Failed RaftClientRequest:client-352D35361D97->localhost_10001@group-DB7CD3B4A7F8, cid=42, seq=0, RW, Message:321f0a0f0a0d74657374...(size=33), reply=RaftClientReply:client-352D35361D97->localhost_10001@group-DB7CD3B4A7F8, cid=42, FAILED org.apache.ratis.protocol.LeaderNotReadyException: localhost_10001@group-DB7CD3B4A7F8 is in LEADER state but not ready yet., logIndex=0, commits[localhost_10001:c-1, localhost_10002:c-1, localhost_10000:c-1]
2019-09-26 13:33:06,756 INFO  client.GrpcClientProtocolService (GrpcClientProtocolService.java:lambda$processClientRequest$0(278)) - Failed RaftClientRequest:client-352D35361D97->localhost_10001@group-DB7CD3B4A7F8, cid=42, seq=0, RW, Message:321f0a0f0a0d74657374...(size=33), reply=RaftClientReply:client-352D35361D97->localhost_10001@group-DB7CD3B4A7F8, cid=42, FAILED org.apache.ratis.protocol.LeaderNotReadyException: localhost_10001@group-DB7CD3B4A7F8 is in LEADER state but not ready yet., logIndex=0, commits[localhost_10001:c-1, localhost_10002:c-1, localhost_10000:c-1]
2019-09-26 13:33:06,757 INFO  client.GrpcClientProtocolService (GrpcClientProtocolService.java:lambda$processClientRequest$0(278)) - Failed RaftClientRequest:client-352D35361D97->localhost_10001@group-DB7CD3B4A7F8, cid=42, seq=0, RW, Message:321f0a0f0a0d74657374...(size=33), reply=RaftClientReply:client-352D35361D97->localhost_10001@group-DB7CD3B4A7F8, cid=42, FAILED org.apache.ratis.protocol.LeaderNotReadyException: localhost_10001@group-DB7CD3B4A7F8 is in LEADER state but not ready yet., logIndex=0, commits[localhost_10001:c-1, localhost_10002:c-1, localhost_10000:c-1]
2019-09-26 13:33:06,758 INFO  client.GrpcClientProtocolService (GrpcClientProtocolService.java:lambda$processClientRequest$0(278)) - Failed RaftClientRequest:client-352D35361D97->localhost_10001@group-DB7CD3B4A7F8, cid=42, seq=0, RW, Message:321f0a0f0a0d74657374...(size=33), reply=RaftClientReply:client-352D35361D97->localhost_10001@group-DB7CD3B4A7F8, cid=42, FAILED org.apache.ratis.protocol.LeaderNotReadyException: localhost_10001@group-DB7CD3B4A7F8 is in LEADER state but not ready yet., logIndex=0, commits[localhost_10001:c-1, localhost_10002:c-1, localhost_10000:c-1]
2019-09-26 13:33:06,758 INFO  client.GrpcClientProtocolService (GrpcClientProtocolService.java:lambda$processClientRequest$0(278)) - Failed RaftClientRequest:client-352D35361D97->localhost_10001@group-DB7CD3B4A7F8, cid=42, seq=0, RW, Message:321f0a0f0a0d74657374...(size=33), reply=RaftClientReply:client-352D35361D97->localhost_10001@group-DB7CD3B4A7F8, cid=42, FAILED org.apache.ratis.protocol.LeaderNotReadyException: localhost_10001@group-DB7CD3B4A7F8 is in LEADER state but not ready yet., logIndex=0, commits[localhost_10001:c-1, localhost_10002:c-1, localhost_10000:c-1]
2019-09-26 13:33:06,759 INFO  client.GrpcClientProtocolService (GrpcClientProtocolService.java:lambda$processClientRequest$0(278)) - Failed RaftClientRequest:client-352D35361D97->localhost_10001@group-DB7CD3B4A7F8, cid=42, seq=0, RW, Message:321f0a0f0a0d74657374...(size=33), reply=RaftClientReply:client-352D35361D97->localhost_10001@group-DB7CD3B4A7F8, cid=42, FAILED org.apache.ratis.protocol.LeaderNotReadyException: localhost_10001@group-DB7CD3B4A7F8 is in LEADER state but not ready yet., logIndex=0, commits[localhost_10001:c-1, localhost_10002:c-1, localhost_10000:c-1]
2019-09-26 13:33:06,760 INFO  client.GrpcClientProtocolService (GrpcClientProtocolService.java:lambda$processClientRequest$0(278)) - Failed RaftClientRequest:client-352D35361D97->localhost_10001@group-DB7CD3B4A7F8, cid=42, seq=0, RW, Message:321f0a0f0a0d74657374...(size=33), reply=RaftClientReply:client-352D35361D97->localhost_10001@group-DB7CD3B4A7F8, cid=42, FAILED org.apache.ratis.protocol.LeaderNotReadyException: localhost_10001@group-DB7CD3B4A7F8 is in LEADER state but not ready yet., logIndex=0, commits[localhost_10001:c-1, localhost_10002:c-1, localhost_10000:c-1]
2019-09-26 13:33:06,760 INFO  client.GrpcClientProtocolService (GrpcClientProtocolService.java:lambda$processClientRequest$0(278)) - Failed RaftClientRequest:client-352D35361D97->localhost_10001@group-DB7CD3B4A7F8, cid=42, seq=0, RW, Message:321f0a0f0a0d74657374...(size=33), reply=RaftClientReply:client-352D35361D97->localhost_10001@group-DB7CD3B4A7F8, cid=42, FAILED org.apache.ratis.protocol.LeaderNotReadyException: localhost_10001@group-DB7CD3B4A7F8 is in LEADER state but not ready yet., logIndex=0, commits[localhost_10001:c-1, localhost_10002:c-1, localhost_10000:c-1]
2019-09-26 13:33:06,761 INFO  client.GrpcClientProtocolService (GrpcClientProtocolService.java:lambda$processClientRequest$0(278)) - Failed RaftClientRequest:client-352D35361D97->localhost_10001@group-DB7CD3B4A7F8, cid=42, seq=0, RW, Message:321f0a0f0a0d74657374...(size=33), reply=RaftClientReply:client-352D35361D97->localhost_10001@group-DB7CD3B4A7F8, cid=42, FAILED org.apache.ratis.protocol.LeaderNotReadyException: localhost_10001@group-DB7CD3B4A7F8 is in LEADER state but not ready yet., logIndex=0, commits[localhost_10001:c-1, localhost_10002:c-1, localhost_10000:c-1]
2019-09-26 13:33:06,762 INFO  client.GrpcClientProtocolService (GrpcClientProtocolService.java:lambda$processClientRequest$0(278)) - Failed RaftClientRequest:client-352D35361D97->localhost_10001@group-DB7CD3B4A7F8, cid=42, seq=0, RW, Message:321f0a0f0a0d74657374...(size=33), reply=RaftClientReply:client-352D35361D97->localhost_10001@group-DB7CD3B4A7F8, cid=42, FAILED org.apache.ratis.protocol.LeaderNotReadyException: localhost_10001@group-DB7CD3B4A7F8 is in LEADER state but not ready yet., logIndex=0, commits[localhost_10001:c-1, localhost_10002:c-1, localhost_10000:c-1]
2019-09-26 13:33:06,763 INFO  client.GrpcClientProtocolService (GrpcClientProtocolService.java:lambda$processClientRequest$0(278)) - Failed RaftClientRequest:client-352D35361D97->localhost_10001@group-DB7CD3B4A7F8, cid=42, seq=0, RW, Message:321f0a0f0a0d74657374...(size=33), reply=RaftClientReply:client-352D35361D97->localhost_10001@group-DB7CD3B4A7F8, cid=42, FAILED org.apache.ratis.protocol.LeaderNotReadyException: localhost_10001@group-DB7CD3B4A7F8 is in LEADER state but not ready yet., logIndex=0, commits[localhost_10001:c-1, localhost_10002:c-1, localhost_10000:c-1]
2019-09-26 13:33:06,763 INFO  client.GrpcClientProtocolService (GrpcClientProtocolService.java:lambda$processClientRequest$0(278)) - Failed RaftClientRequest:client-352D35361D97->localhost_10001@group-DB7CD3B4A7F8, cid=42, seq=0, RW, Message:321f0a0f0a0d74657374...(size=33), reply=RaftClientReply:client-352D35361D97->localhost_10001@group-DB7CD3B4A7F8, cid=42, FAILED org.apache.ratis.protocol.LeaderNotReadyException: localhost_10001@group-DB7CD3B4A7F8 is in LEADER state but not ready yet., logIndex=0, commits[localhost_10001:c-1, localhost_10002:c-1, localhost_10000:c-1]
2019-09-26 13:33:06,764 INFO  client.GrpcClientProtocolService (GrpcClientProtocolService.java:lambda$processClientRequest$0(278)) - Failed RaftClientRequest:client-352D35361D97->localhost_10001@group-DB7CD3B4A7F8, cid=42, seq=0, RW, Message:321f0a0f0a0d74657374...(size=33), reply=RaftClientReply:client-352D35361D97->localhost_10001@group-DB7CD3B4A7F8, cid=42, FAILED org.apache.ratis.protocol.LeaderNotReadyException: localhost_10001@group-DB7CD3B4A7F8 is in LEADER state but not ready yet., logIndex=0, commits[localhost_10001:c-1, localhost_10002:c-1, localhost_10000:c-1]
2019-09-26 13:33:06,765 INFO  client.GrpcClientProtocolService (GrpcClientProtocolService.java:lambda$processClientRequest$0(278)) - Failed RaftClientRequest:client-352D35361D97->localhost_10001@group-DB7CD3B4A7F8, cid=42, seq=0, RW, Message:321f0a0f0a0d74657374...(size=33), reply=RaftClientReply:client-352D35361D97->localhost_10001@group-DB7CD3B4A7F8, cid=42, FAILED org.apache.ratis.protocol.LeaderNotReadyException: localhost_10001@group-DB7CD3B4A7F8 is in LEADER state but not ready yet., logIndex=0, commits[localhost_10001:c-1, localhost_10002:c-1, localhost_10000:c-1]
2019-09-26 13:33:06,766 INFO  client.GrpcClientProtocolService (GrpcClientProtocolService.java:lambda$processClientRequest$0(278)) - Failed RaftClientRequest:client-352D35361D97->localhost_10001@group-DB7CD3B4A7F8, cid=42, seq=0, RW, Message:321f0a0f0a0d74657374...(size=33), reply=RaftClientReply:client-352D35361D97->localhost_10001@group-DB7CD3B4A7F8, cid=42, FAILED org.apache.ratis.protocol.LeaderNotReadyException: localhost_10001@group-DB7CD3B4A7F8 is in LEADER state but not ready yet., logIndex=0, commits[localhost_10001:c-1, localhost_10002:c-1, localhost_10000:c-1]
2019-09-26 13:33:06,766 INFO  client.GrpcClientProtocolService (GrpcClientProtocolService.java:lambda$processClientRequest$0(278)) - Failed RaftClientRequest:client-352D35361D97->localhost_10001@group-DB7CD3B4A7F8, cid=42, seq=0, RW, Message:321f0a0f0a0d74657374...(size=33), reply=RaftClientReply:client-352D35361D97->localhost_10001@group-DB7CD3B4A7F8, cid=42, FAILED org.apache.ratis.protocol.LeaderNotReadyException: localhost_10001@group-DB7CD3B4A7F8 is in LEADER state but not ready yet., logIndex=0, commits[localhost_10001:c-1, localhost_10002:c-1, localhost_10000:c-1]
2019-09-26 13:33:06,767 INFO  client.GrpcClientProtocolService (GrpcClientProtocolService.java:lambda$processClientRequest$0(278)) - Failed RaftClientRequest:client-352D35361D97->localhost_10001@group-DB7CD3B4A7F8, cid=42, seq=0, RW, Message:321f0a0f0a0d74657374...(size=33), reply=RaftClientReply:client-352D35361D97->localhost_10001@group-DB7CD3B4A7F8, cid=42, FAILED org.apache.ratis.protocol.LeaderNotReadyException: localhost_10001@group-DB7CD3B4A7F8 is in LEADER state but not ready yet., logIndex=0, commits[localhost_10001:c-1, localhost_10002:c-1, localhost_10000:c-1]
2019-09-26 13:33:06,768 INFO  client.GrpcClientProtocolService (GrpcClientProtocolService.java:lambda$processClientRequest$0(278)) - Failed RaftClientRequest:client-352D35361D97->localhost_10001@group-DB7CD3B4A7F8, cid=42, seq=0, RW, Message:321f0a0f0a0d74657374...(size=33), reply=RaftClientReply:client-352D35361D97->localhost_10001@group-DB7CD3B4A7F8, cid=42, FAILED org.apache.ratis.protocol.LeaderNotReadyException: localhost_10001@group-DB7CD3B4A7F8 is in LEADER state but not ready yet., logIndex=0, commits[localhost_10001:c-1, localhost_10002:c-1, localhost_10000:c-1]
2019-09-26 13:33:06,769 INFO  client.GrpcClientProtocolService (GrpcClientProtocolService.java:lambda$processClientRequest$0(278)) - Failed RaftClientRequest:client-352D35361D97->localhost_10001@group-DB7CD3B4A7F8, cid=42, seq=0, RW, Message:321f0a0f0a0d74657374...(size=33), reply=RaftClientReply:client-352D35361D97->localhost_10001@group-DB7CD3B4A7F8, cid=42, FAILED org.apache.ratis.protocol.LeaderNotReadyException: localhost_10001@group-DB7CD3B4A7F8 is in LEADER state but not ready yet., logIndex=0, commits[localhost_10001:c-1, localhost_10002:c-1, localhost_10000:c-1]
2019-09-26 13:33:06,770 INFO  client.GrpcClientProtocolService (GrpcClientProtocolService.java:lambda$processClientRequest$0(278)) - Failed RaftClientRequest:client-352D35361D97->localhost_10001@group-DB7CD3B4A7F8, cid=42, seq=0, RW, Message:321f0a0f0a0d74657374...(size=33), reply=RaftClientReply:client-352D35361D97->localhost_10001@group-DB7CD3B4A7F8, cid=42, FAILED org.apache.ratis.protocol.LeaderNotReadyException: localhost_10001@group-DB7CD3B4A7F8 is in LEADER state but not ready yet., logIndex=0, commits[localhost_10001:c-1, localhost_10002:c-1, localhost_10000:c-1]
2019-09-26 13:33:06,770 INFO  client.GrpcClientProtocolService (GrpcClientProtocolService.java:lambda$processClientRequest$0(278)) - Failed RaftClientRequest:client-352D35361D97->localhost_10001@group-DB7CD3B4A7F8, cid=42, seq=0, RW, Message:321f0a0f0a0d74657374...(size=33), reply=RaftClientReply:client-352D35361D97->localhost_10001@group-DB7CD3B4A7F8, cid=42, FAILED org.apache.ratis.protocol.LeaderNotReadyException: localhost_10001@group-DB7CD3B4A7F8 is in LEADER state but not ready yet., logIndex=0, commits[localhost_10001:c-1, localhost_10002:c-1, localhost_10000:c-1]
2019-09-26 13:33:06,771 INFO  client.GrpcClientProtocolService (GrpcClientProtocolService.java:lambda$processClientRequest$0(278)) - Failed RaftClientRequest:client-352D35361D97->localhost_10001@group-DB7CD3B4A7F8, cid=42, seq=0, RW, Message:321f0a0f0a0d74657374...(size=33), reply=RaftClientReply:client-352D35361D97->localhost_10001@group-DB7CD3B4A7F8, cid=42, FAILED org.apache.ratis.protocol.LeaderNotReadyException: localhost_10001@group-DB7CD3B4A7F8 is in LEADER state but not ready yet., logIndex=0, commits[localhost_10001:c-1, localhost_10002:c-1, localhost_10000:c-1]
2019-09-26 13:33:06,772 INFO  client.GrpcClientProtocolService (GrpcClientProtocolService.java:lambda$processClientRequest$0(278)) - Failed RaftClientRequest:client-352D35361D97->localhost_10001@group-DB7CD3B4A7F8, cid=42, seq=0, RW, Message:321f0a0f0a0d74657374...(size=33), reply=RaftClientReply:client-352D35361D97->localhost_10001@group-DB7CD3B4A7F8, cid=42, FAILED org.apache.ratis.protocol.LeaderNotReadyException: localhost_10001@group-DB7CD3B4A7F8 is in LEADER state but not ready yet., logIndex=0, commits[localhost_10001:c-1, localhost_10002:c-1, localhost_10000:c-1]
2019-09-26 13:33:06,773 INFO  client.GrpcClientProtocolService (GrpcClientProtocolService.java:lambda$processClientRequest$0(278)) - Failed RaftClientRequest:client-352D35361D97->localhost_10001@group-DB7CD3B4A7F8, cid=42, seq=0, RW, Message:321f0a0f0a0d74657374...(size=33), reply=RaftClientReply:client-352D35361D97->localhost_10001@group-DB7CD3B4A7F8, cid=42, FAILED org.apache.ratis.protocol.LeaderNotReadyException: localhost_10001@group-DB7CD3B4A7F8 is in LEADER state but not ready yet., logIndex=0, commits[localhost_10001:c-1, localhost_10002:c-1, localhost_10000:c-1]
2019-09-26 13:33:06,774 INFO  client.GrpcClientProtocolService (GrpcClientProtocolService.java:lambda$processClientRequest$0(278)) - Failed RaftClientRequest:client-352D35361D97->localhost_10001@group-DB7CD3B4A7F8, cid=42, seq=0, RW, Message:321f0a0f0a0d74657374...(size=33), reply=RaftClientReply:client-352D35361D97->localhost_10001@group-DB7CD3B4A7F8, cid=42, FAILED org.apache.ratis.protocol.LeaderNotReadyException: localhost_10001@group-DB7CD3B4A7F8 is in LEADER state but not ready yet., logIndex=0, commits[localhost_10001:c-1, localhost_10002:c-1, localhost_10000:c-1]
2019-09-26 13:33:06,775 INFO  client.GrpcClientProtocolService (GrpcClientProtocolService.java:lambda$processClientRequest$0(278)) - Failed RaftClientRequest:client-352D35361D97->localhost_10001@group-DB7CD3B4A7F8, cid=42, seq=0, RW, Message:321f0a0f0a0d74657374...(size=33), reply=RaftClientReply:client-352D35361D97->localhost_10001@group-DB7CD3B4A7F8, cid=42, FAILED org.apache.ratis.protocol.LeaderNotReadyException: localhost_10001@group-DB7CD3B4A7F8 is in LEADER state but not ready yet., logIndex=0, commits[localhost_10001:c-1, localhost_10002:c-1, localhost_10000:c-1]
2019-09-26 13:33:06,776 INFO  client.GrpcClientProtocolService (GrpcClientProtocolService.java:lambda$processClientRequest$0(278)) - Failed RaftClientRequest:client-352D35361D97->localhost_10001@group-DB7CD3B4A7F8, cid=42, seq=0, RW, Message:321f0a0f0a0d74657374...(size=33), reply=RaftClientReply:client-352D35361D97->localhost_10001@group-DB7CD3B4A7F8, cid=42, FAILED org.apache.ratis.protocol.LeaderNotReadyException: localhost_10001@group-DB7CD3B4A7F8 is in LEADER state but not ready yet., logIndex=0, commits[localhost_10001:c-1, localhost_10002:c-1, localhost_10000:c-1]
2019-09-26 13:33:06,777 INFO  client.GrpcClientProtocolService (GrpcClientProtocolService.java:lambda$processClientRequest$0(278)) - Failed RaftClientRequest:client-352D35361D97->localhost_10001@group-DB7CD3B4A7F8, cid=42, seq=0, RW, Message:321f0a0f0a0d74657374...(size=33), reply=RaftClientReply:client-352D35361D97->localhost_10001@group-DB7CD3B4A7F8, cid=42, FAILED org.apache.ratis.protocol.LeaderNotReadyException: localhost_10001@group-DB7CD3B4A7F8 is in LEADER state but not ready yet., logIndex=0, commits[localhost_10001:c-1, localhost_10002:c-1, localhost_10000:c-1]
2019-09-26 13:33:06,778 INFO  client.GrpcClientProtocolService (GrpcClientProtocolService.java:lambda$processClientRequest$0(278)) - Failed RaftClientRequest:client-352D35361D97->localhost_10001@group-DB7CD3B4A7F8, cid=42, seq=0, RW, Message:321f0a0f0a0d74657374...(size=33), reply=RaftClientReply:client-352D35361D97->localhost_10001@group-DB7CD3B4A7F8, cid=42, FAILED org.apache.ratis.protocol.LeaderNotReadyException: localhost_10001@group-DB7CD3B4A7F8 is in LEADER state but not ready yet., logIndex=0, commits[localhost_10001:c-1, localhost_10002:c-1, localhost_10000:c-1]
2019-09-26 13:33:06,779 INFO  client.GrpcClientProtocolService (GrpcClientProtocolService.java:lambda$processClientRequest$0(278)) - Failed RaftClientRequest:client-352D35361D97->localhost_10001@group-DB7CD3B4A7F8, cid=42, seq=0, RW, Message:321f0a0f0a0d74657374...(size=33), reply=RaftClientReply:client-352D35361D97->localhost_10001@group-DB7CD3B4A7F8, cid=42, FAILED org.apache.ratis.protocol.LeaderNotReadyException: localhost_10001@group-DB7CD3B4A7F8 is in LEADER state but not ready yet., logIndex=0, commits[localhost_10001:c-1, localhost_10002:c-1, localhost_10000:c-1]
2019-09-26 13:33:06,780 INFO  client.GrpcClientProtocolService (GrpcClientProtocolService.java:lambda$processClientRequest$0(278)) - Failed RaftClientRequest:client-352D35361D97->localhost_10001@group-DB7CD3B4A7F8, cid=42, seq=0, RW, Message:321f0a0f0a0d74657374...(size=33), reply=RaftClientReply:client-352D35361D97->localhost_10001@group-DB7CD3B4A7F8, cid=42, FAILED org.apache.ratis.protocol.LeaderNotReadyException: localhost_10001@group-DB7CD3B4A7F8 is in LEADER state but not ready yet., logIndex=0, commits[localhost_10001:c-1, localhost_10002:c-1, localhost_10000:c-1]
2019-09-26 13:33:06,780 INFO  client.GrpcClientProtocolService (GrpcClientProtocolService.java:lambda$processClientRequest$0(278)) - Failed RaftClientRequest:client-352D35361D97->localhost_10001@group-DB7CD3B4A7F8, cid=42, seq=0, RW, Message:321f0a0f0a0d74657374...(size=33), reply=RaftClientReply:client-352D35361D97->localhost_10001@group-DB7CD3B4A7F8, cid=42, FAILED org.apache.ratis.protocol.LeaderNotReadyException: localhost_10001@group-DB7CD3B4A7F8 is in LEADER state but not ready yet., logIndex=0, commits[localhost_10001:c-1, localhost_10002:c-1, localhost_10000:c-1]
2019-09-26 13:33:06,781 INFO  client.GrpcClientProtocolService (GrpcClientProtocolService.java:lambda$processClientRequest$0(278)) - Failed RaftClientRequest:client-352D35361D97->localhost_10001@group-DB7CD3B4A7F8, cid=42, seq=0, RW, Message:321f0a0f0a0d74657374...(size=33), reply=RaftClientReply:client-352D35361D97->localhost_10001@group-DB7CD3B4A7F8, cid=42, FAILED org.apache.ratis.protocol.LeaderNotReadyException: localhost_10001@group-DB7CD3B4A7F8 is in LEADER state but not ready yet., logIndex=0, commits[localhost_10001:c-1, localhost_10002:c-1, localhost_10000:c-1]
2019-09-26 13:33:06,782 INFO  client.GrpcClientProtocolService (GrpcClientProtocolService.java:lambda$processClientRequest$0(278)) - Failed RaftClientRequest:client-352D35361D97->localhost_10001@group-DB7CD3B4A7F8, cid=42, seq=0, RW, Message:321f0a0f0a0d74657374...(size=33), reply=RaftClientReply:client-352D35361D97->localhost_10001@group-DB7CD3B4A7F8, cid=42, FAILED org.apache.ratis.protocol.LeaderNotReadyException: localhost_10001@group-DB7CD3B4A7F8 is in LEADER state but not ready yet., logIndex=0, commits[localhost_10001:c-1, localhost_10002:c-1, localhost_10000:c-1]
2019-09-26 13:33:06,783 INFO  client.GrpcClientProtocolService (GrpcClientProtocolService.java:lambda$processClientRequest$0(278)) - Failed RaftClientRequest:client-352D35361D97->localhost_10001@group-DB7CD3B4A7F8, cid=42, seq=0, RW, Message:321f0a0f0a0d74657374...(size=33), reply=RaftClientReply:client-352D35361D97->localhost_10001@group-DB7CD3B4A7F8, cid=42, FAILED org.apache.ratis.protocol.LeaderNotReadyException: localhost_10001@group-DB7CD3B4A7F8 is in LEADER state but not ready yet., logIndex=0, commits[localhost_10001:c-1, localhost_10002:c-1, localhost_10000:c-1]
2019-09-26 13:33:06,784 INFO  client.GrpcClientProtocolService (GrpcClientProtocolService.java:lambda$processClientRequest$0(278)) - Failed RaftClientRequest:client-352D35361D97->localhost_10001@group-DB7CD3B4A7F8, cid=42, seq=0, RW, Message:321f0a0f0a0d74657374...(size=33), reply=RaftClientReply:client-352D35361D97->localhost_10001@group-DB7CD3B4A7F8, cid=42, FAILED org.apache.ratis.protocol.LeaderNotReadyException: localhost_10001@group-DB7CD3B4A7F8 is in LEADER state but not ready yet., logIndex=0, commits[localhost_10001:c-1, localhost_10002:c-1, localhost_10000:c-1]
2019-09-26 13:33:06,785 INFO  client.GrpcClientProtocolService (GrpcClientProtocolService.java:lambda$processClientRequest$0(278)) - Failed RaftClientRequest:client-352D35361D97->localhost_10001@group-DB7CD3B4A7F8, cid=42, seq=0, RW, Message:321f0a0f0a0d74657374...(size=33), reply=RaftClientReply:client-352D35361D97->localhost_10001@group-DB7CD3B4A7F8, cid=42, FAILED org.apache.ratis.protocol.LeaderNotReadyException: localhost_10001@group-DB7CD3B4A7F8 is in LEADER state but not ready yet., logIndex=0, commits[localhost_10001:c-1, localhost_10002:c-1, localhost_10000:c-1]
2019-09-26 13:33:06,786 INFO  client.GrpcClientProtocolService (GrpcClientProtocolService.java:lambda$processClientRequest$0(278)) - Failed RaftClientRequest:client-352D35361D97->localhost_10001@group-DB7CD3B4A7F8, cid=42, seq=0, RW, Message:321f0a0f0a0d74657374...(size=33), reply=RaftClientReply:client-352D35361D97->localhost_10001@group-DB7CD3B4A7F8, cid=42, FAILED org.apache.ratis.protocol.LeaderNotReadyException: localhost_10001@group-DB7CD3B4A7F8 is in LEADER state but not ready yet., logIndex=0, commits[localhost_10001:c-1, localhost_10002:c-1, localhost_10000:c-1]
2019-09-26 13:33:06,787 INFO  client.GrpcClientProtocolService (GrpcClientProtocolService.java:lambda$processClientRequest$0(278)) - Failed RaftClientRequest:client-352D35361D97->localhost_10001@group-DB7CD3B4A7F8, cid=42, seq=0, RW, Message:321f0a0f0a0d74657374...(size=33), reply=RaftClientReply:client-352D35361D97->localhost_10001@group-DB7CD3B4A7F8, cid=42, FAILED org.apache.ratis.protocol.LeaderNotReadyException: localhost_10001@group-DB7CD3B4A7F8 is in LEADER state but not ready yet., logIndex=0, commits[localhost_10001:c-1, localhost_10002:c-1, localhost_10000:c-1]
2019-09-26 13:33:06,788 INFO  client.GrpcClientProtocolService (GrpcClientProtocolService.java:lambda$processClientRequest$0(278)) - Failed RaftClientRequest:client-352D35361D97->localhost_10001@group-DB7CD3B4A7F8, cid=42, seq=0, RW, Message:321f0a0f0a0d74657374...(size=33), reply=RaftClientReply:client-352D35361D97->localhost_10001@group-DB7CD3B4A7F8, cid=42, FAILED org.apache.ratis.protocol.LeaderNotReadyException: localhost_10001@group-DB7CD3B4A7F8 is in LEADER state but not ready yet., logIndex=0, commits[localhost_10001:c-1, localhost_10002:c-1, localhost_10000:c-1]
2019-09-26 13:33:06,788 INFO  client.GrpcClientProtocolService (GrpcClientProtocolService.java:lambda$processClientRequest$0(278)) - Failed RaftClientRequest:client-352D35361D97->localhost_10001@group-DB7CD3B4A7F8, cid=42, seq=0, RW, Message:321f0a0f0a0d74657374...(size=33), reply=RaftClientReply:client-352D35361D97->localhost_10001@group-DB7CD3B4A7F8, cid=42, FAILED org.apache.ratis.protocol.LeaderNotReadyException: localhost_10001@group-DB7CD3B4A7F8 is in LEADER state but not ready yet., logIndex=0, commits[localhost_10001:c-1, localhost_10002:c-1, localhost_10000:c-1]
2019-09-26 13:33:06,789 INFO  client.GrpcClientProtocolService (GrpcClientProtocolService.java:lambda$processClientRequest$0(278)) - Failed RaftClientRequest:client-352D35361D97->localhost_10001@group-DB7CD3B4A7F8, cid=42, seq=0, RW, Message:321f0a0f0a0d74657374...(size=33), reply=RaftClientReply:client-352D35361D97->localhost_10001@group-DB7CD3B4A7F8, cid=42, FAILED org.apache.ratis.protocol.LeaderNotReadyException: localhost_10001@group-DB7CD3B4A7F8 is in LEADER state but not ready yet., logIndex=0, commits[localhost_10001:c-1, localhost_10002:c-1, localhost_10000:c-1]
2019-09-26 13:33:06,790 INFO  client.GrpcClientProtocolService (GrpcClientProtocolService.java:lambda$processClientRequest$0(278)) - Failed RaftClientRequest:client-352D35361D97->localhost_10001@group-DB7CD3B4A7F8, cid=42, seq=0, RW, Message:321f0a0f0a0d74657374...(size=33), reply=RaftClientReply:client-352D35361D97->localhost_10001@group-DB7CD3B4A7F8, cid=42, FAILED org.apache.ratis.protocol.LeaderNotReadyException: localhost_10001@group-DB7CD3B4A7F8 is in LEADER state but not ready yet., logIndex=0, commits[localhost_10001:c-1, localhost_10002:c-1, localhost_10000:c-1]
2019-09-26 13:33:06,791 INFO  client.GrpcClientProtocolService (GrpcClientProtocolService.java:lambda$processClientRequest$0(278)) - Failed RaftClientRequest:client-352D35361D97->localhost_10001@group-DB7CD3B4A7F8, cid=42, seq=0, RW, Message:321f0a0f0a0d74657374...(size=33), reply=RaftClientReply:client-352D35361D97->localhost_10001@group-DB7CD3B4A7F8, cid=42, FAILED org.apache.ratis.protocol.LeaderNotReadyException: localhost_10001@group-DB7CD3B4A7F8 is in LEADER state but not ready yet., logIndex=0, commits[localhost_10001:c-1, localhost_10002:c-1, localhost_10000:c-1]
2019-09-26 13:33:06,792 INFO  client.GrpcClientProtocolService (GrpcClientProtocolService.java:lambda$processClientRequest$0(278)) - Failed RaftClientRequest:client-352D35361D97->localhost_10001@group-DB7CD3B4A7F8, cid=42, seq=0, RW, Message:321f0a0f0a0d74657374...(size=33), reply=RaftClientReply:client-352D35361D97->localhost_10001@group-DB7CD3B4A7F8, cid=42, FAILED org.apache.ratis.protocol.LeaderNotReadyException: localhost_10001@group-DB7CD3B4A7F8 is in LEADER state but not ready yet., logIndex=0, commits[localhost_10001:c-1, localhost_10002:c-1, localhost_10000:c-1]
2019-09-26 13:33:06,793 INFO  client.GrpcClientProtocolService (GrpcClientProtocolService.java:lambda$processClientRequest$0(278)) - Failed RaftClientRequest:client-352D35361D97->localhost_10001@group-DB7CD3B4A7F8, cid=42, seq=0, RW, Message:321f0a0f0a0d74657374...(size=33), reply=RaftClientReply:client-352D35361D97->localhost_10001@group-DB7CD3B4A7F8, cid=42, FAILED org.apache.ratis.protocol.LeaderNotReadyException: localhost_10001@group-DB7CD3B4A7F8 is in LEADER state but not ready yet., logIndex=0, commits[localhost_10001:c-1, localhost_10002:c-1, localhost_10000:c-1]
2019-09-26 13:33:06,794 INFO  client.GrpcClientProtocolService (GrpcClientProtocolService.java:lambda$processClientRequest$0(278)) - Failed RaftClientRequest:client-352D35361D97->localhost_10001@group-DB7CD3B4A7F8, cid=42, seq=0, RW, Message:321f0a0f0a0d74657374...(size=33), reply=RaftClientReply:client-352D35361D97->localhost_10001@group-DB7CD3B4A7F8, cid=42, FAILED org.apache.ratis.protocol.LeaderNotReadyException: localhost_10001@group-DB7CD3B4A7F8 is in LEADER state but not ready yet., logIndex=0, commits[localhost_10001:c-1, localhost_10002:c-1, localhost_10000:c-1]
2019-09-26 13:33:06,794 INFO  client.GrpcClientProtocolService (GrpcClientProtocolService.java:lambda$processClientRequest$0(278)) - Failed RaftClientRequest:client-352D35361D97->localhost_10001@group-DB7CD3B4A7F8, cid=42, seq=0, RW, Message:321f0a0f0a0d74657374...(size=33), reply=RaftClientReply:client-352D35361D97->localhost_10001@group-DB7CD3B4A7F8, cid=42, FAILED org.apache.ratis.protocol.LeaderNotReadyException: localhost_10001@group-DB7CD3B4A7F8 is in LEADER state but not ready yet., logIndex=0, commits[localhost_10001:c-1, localhost_10002:c-1, localhost_10000:c-1]
2019-09-26 13:33:06,795 INFO  client.GrpcClientProtocolService (GrpcClientProtocolService.java:lambda$processClientRequest$0(278)) - Failed RaftClientRequest:client-352D35361D97->localhost_10001@group-DB7CD3B4A7F8, cid=42, seq=0, RW, Message:321f0a0f0a0d74657374...(size=33), reply=RaftClientReply:client-352D35361D97->localhost_10001@group-DB7CD3B4A7F8, cid=42, FAILED org.apache.ratis.protocol.LeaderNotReadyException: localhost_10001@group-DB7CD3B4A7F8 is in LEADER state but not ready yet., logIndex=0, commits[localhost_10001:c-1, localhost_10002:c-1, localhost_10000:c-1]
2019-09-26 13:33:06,796 INFO  client.GrpcClientProtocolService (GrpcClientProtocolService.java:lambda$processClientRequest$0(278)) - Failed RaftClientRequest:client-352D35361D97->localhost_10001@group-DB7CD3B4A7F8, cid=42, seq=0, RW, Message:321f0a0f0a0d74657374...(size=33), reply=RaftClientReply:client-352D35361D97->localhost_10001@group-DB7CD3B4A7F8, cid=42, FAILED org.apache.ratis.protocol.LeaderNotReadyException: localhost_10001@group-DB7CD3B4A7F8 is in LEADER state but not ready yet., logIndex=0, commits[localhost_10001:c-1, localhost_10002:c-1, localhost_10000:c-1]
2019-09-26 13:33:06,797 INFO  client.GrpcClientProtocolService (GrpcClientProtocolService.java:lambda$processClientRequest$0(278)) - Failed RaftClientRequest:client-352D35361D97->localhost_10001@group-DB7CD3B4A7F8, cid=42, seq=0, RW, Message:321f0a0f0a0d74657374...(size=33), reply=RaftClientReply:client-352D35361D97->localhost_10001@group-DB7CD3B4A7F8, cid=42, FAILED org.apache.ratis.protocol.LeaderNotReadyException: localhost_10001@group-DB7CD3B4A7F8 is in LEADER state but not ready yet., logIndex=0, commits[localhost_10001:c-1, localhost_10002:c-1, localhost_10000:c-1]
2019-09-26 13:33:06,798 INFO  client.GrpcClientProtocolService (GrpcClientProtocolService.java:lambda$processClientRequest$0(278)) - Failed RaftClientRequest:client-352D35361D97->localhost_10001@group-DB7CD3B4A7F8, cid=42, seq=0, RW, Message:321f0a0f0a0d74657374...(size=33), reply=RaftClientReply:client-352D35361D97->localhost_10001@group-DB7CD3B4A7F8, cid=42, FAILED org.apache.ratis.protocol.LeaderNotReadyException: localhost_10001@group-DB7CD3B4A7F8 is in LEADER state but not ready yet., logIndex=0, commits[localhost_10001:c-1, localhost_10002:c-1, localhost_10000:c-1]
2019-09-26 13:33:06,799 INFO  client.GrpcClientProtocolService (GrpcClientProtocolService.java:lambda$processClientRequest$0(278)) - Failed RaftClientRequest:client-352D35361D97->localhost_10001@group-DB7CD3B4A7F8, cid=42, seq=0, RW, Message:321f0a0f0a0d74657374...(size=33), reply=RaftClientReply:client-352D35361D97->localhost_10001@group-DB7CD3B4A7F8, cid=42, FAILED org.apache.ratis.protocol.LeaderNotReadyException: localhost_10001@group-DB7CD3B4A7F8 is in LEADER state but not ready yet., logIndex=0, commits[localhost_10001:c-1, localhost_10002:c-1, localhost_10000:c-1]
2019-09-26 13:33:06,799 INFO  client.GrpcClientProtocolService (GrpcClientProtocolService.java:lambda$processClientRequest$0(278)) - Failed RaftClientRequest:client-352D35361D97->localhost_10001@group-DB7CD3B4A7F8, cid=42, seq=0, RW, Message:321f0a0f0a0d74657374...(size=33), reply=RaftClientReply:client-352D35361D97->localhost_10001@group-DB7CD3B4A7F8, cid=42, FAILED org.apache.ratis.protocol.LeaderNotReadyException: localhost_10001@group-DB7CD3B4A7F8 is in LEADER state but not ready yet., logIndex=0, commits[localhost_10001:c-1, localhost_10002:c-1, localhost_10000:c-1]
2019-09-26 13:33:06,800 INFO  client.GrpcClientProtocolService (GrpcClientProtocolService.java:lambda$processClientRequest$0(278)) - Failed RaftClientRequest:client-352D35361D97->localhost_10001@group-DB7CD3B4A7F8, cid=42, seq=0, RW, Message:321f0a0f0a0d74657374...(size=33), reply=RaftClientReply:client-352D35361D97->localhost_10001@group-DB7CD3B4A7F8, cid=42, FAILED org.apache.ratis.protocol.LeaderNotReadyException: localhost_10001@group-DB7CD3B4A7F8 is in LEADER state but not ready yet., logIndex=0, commits[localhost_10001:c-1, localhost_10002:c-1, localhost_10000:c-1]
2019-09-26 13:33:06,801 INFO  client.GrpcClientProtocolService (GrpcClientProtocolService.java:lambda$processClientRequest$0(278)) - Failed RaftClientRequest:client-352D35361D97->localhost_10001@group-DB7CD3B4A7F8, cid=42, seq=0, RW, Message:321f0a0f0a0d74657374...(size=33), reply=RaftClientReply:client-352D35361D97->localhost_10001@group-DB7CD3B4A7F8, cid=42, FAILED org.apache.ratis.protocol.LeaderNotReadyException: localhost_10001@group-DB7CD3B4A7F8 is in LEADER state but not ready yet., logIndex=0, commits[localhost_10001:c-1, localhost_10002:c-1, localhost_10000:c-1]
2019-09-26 13:33:06,802 INFO  client.GrpcClientProtocolService (GrpcClientProtocolService.java:lambda$processClientRequest$0(278)) - Failed RaftClientRequest:client-352D35361D97->localhost_10001@group-DB7CD3B4A7F8, cid=42, seq=0, RW, Message:321f0a0f0a0d74657374...(size=33), reply=RaftClientReply:client-352D35361D97->localhost_10001@group-DB7CD3B4A7F8, cid=42, FAILED org.apache.ratis.protocol.LeaderNotReadyException: localhost_10001@group-DB7CD3B4A7F8 is in LEADER state but not ready yet., logIndex=0, commits[localhost_10001:c-1, localhost_10002:c-1, localhost_10000:c-1]
2019-09-26 13:33:06,803 INFO  client.GrpcClientProtocolService (GrpcClientProtocolService.java:lambda$processClientRequest$0(278)) - Failed RaftClientRequest:client-352D35361D97->localhost_10001@group-DB7CD3B4A7F8, cid=42, seq=0, RW, Message:321f0a0f0a0d74657374...(size=33), reply=RaftClientReply:client-352D35361D97->localhost_10001@group-DB7CD3B4A7F8, cid=42, FAILED org.apache.ratis.protocol.LeaderNotReadyException: localhost_10001@group-DB7CD3B4A7F8 is in LEADER state but not ready yet., logIndex=0, commits[localhost_10001:c-1, localhost_10002:c-1, localhost_10000:c-1]
2019-09-26 13:33:06,804 INFO  client.GrpcClientProtocolService (GrpcClientProtocolService.java:lambda$processClientRequest$0(278)) - Failed RaftClientRequest:client-352D35361D97->localhost_10001@group-DB7CD3B4A7F8, cid=42, seq=0, RW, Message:321f0a0f0a0d74657374...(size=33), reply=RaftClientReply:client-352D35361D97->localhost_10001@group-DB7CD3B4A7F8, cid=42, FAILED org.apache.ratis.protocol.LeaderNotReadyException: localhost_10001@group-DB7CD3B4A7F8 is in LEADER state but not ready yet., logIndex=0, commits[localhost_10001:c-1, localhost_10002:c-1, localhost_10000:c-1]
2019-09-26 13:33:06,804 INFO  client.GrpcClientProtocolService (GrpcClientProtocolService.java:lambda$processClientRequest$0(278)) - Failed RaftClientRequest:client-352D35361D97->localhost_10001@group-DB7CD3B4A7F8, cid=42, seq=0, RW, Message:321f0a0f0a0d74657374...(size=33), reply=RaftClientReply:client-352D35361D97->localhost_10001@group-DB7CD3B4A7F8, cid=42, FAILED org.apache.ratis.protocol.LeaderNotReadyException: localhost_10001@group-DB7CD3B4A7F8 is in LEADER state but not ready yet., logIndex=0, commits[localhost_10001:c-1, localhost_10002:c-1, localhost_10000:c-1]
2019-09-26 13:33:06,805 INFO  client.GrpcClientProtocolService (GrpcClientProtocolService.java:lambda$processClientRequest$0(278)) - Failed RaftClientRequest:client-352D35361D97->localhost_10001@group-DB7CD3B4A7F8, cid=42, seq=0, RW, Message:321f0a0f0a0d74657374...(size=33), reply=RaftClientReply:client-352D35361D97->localhost_10001@group-DB7CD3B4A7F8, cid=42, FAILED org.apache.ratis.protocol.LeaderNotReadyException: localhost_10001@group-DB7CD3B4A7F8 is in LEADER state but not ready yet., logIndex=0, commits[localhost_10001:c-1, localhost_10002:c-1, localhost_10000:c-1]
2019-09-26 13:33:06,806 INFO  client.GrpcClientProtocolService (GrpcClientProtocolService.java:lambda$processClientRequest$0(278)) - Failed RaftClientRequest:client-352D35361D97->localhost_10001@group-DB7CD3B4A7F8, cid=42, seq=0, RW, Message:321f0a0f0a0d74657374...(size=33), reply=RaftClientReply:client-352D35361D97->localhost_10001@group-DB7CD3B4A7F8, cid=42, FAILED org.apache.ratis.protocol.LeaderNotReadyException: localhost_10001@group-DB7CD3B4A7F8 is in LEADER state but not ready yet., logIndex=0, commits[localhost_10001:c-1, localhost_10002:c-1, localhost_10000:c-1]
2019-09-26 13:33:06,807 INFO  client.GrpcClientProtocolService (GrpcClientProtocolService.java:lambda$processClientRequest$0(278)) - Failed RaftClientRequest:client-352D35361D97->localhost_10001@group-DB7CD3B4A7F8, cid=42, seq=0, RW, Message:321f0a0f0a0d74657374...(size=33), reply=RaftClientReply:client-352D35361D97->localhost_10001@group-DB7CD3B4A7F8, cid=42, FAILED org.apache.ratis.protocol.LeaderNotReadyException: localhost_10001@group-DB7CD3B4A7F8 is in LEADER state but not ready yet., logIndex=0, commits[localhost_10001:c-1, localhost_10002:c-1, localhost_10000:c-1]
2019-09-26 13:33:06,808 INFO  client.GrpcClientProtocolService (GrpcClientProtocolService.java:lambda$processClientRequest$0(278)) - Failed RaftClientRequest:client-352D35361D97->localhost_10001@group-DB7CD3B4A7F8, cid=42, seq=0, RW, Message:321f0a0f0a0d74657374...(size=33), reply=RaftClientReply:client-352D35361D97->localhost_10001@group-DB7CD3B4A7F8, cid=42, FAILED org.apache.ratis.protocol.LeaderNotReadyException: localhost_10001@group-DB7CD3B4A7F8 is in LEADER state but not ready yet., logIndex=0, commits[localhost_10001:c-1, localhost_10002:c-1, localhost_10000:c-1]
2019-09-26 13:33:06,809 INFO  client.GrpcClientProtocolService (GrpcClientProtocolService.java:lambda$processClientRequest$0(278)) - Failed RaftClientRequest:client-352D35361D97->localhost_10001@group-DB7CD3B4A7F8, cid=42, seq=0, RW, Message:321f0a0f0a0d74657374...(size=33), reply=RaftClientReply:client-352D35361D97->localhost_10001@group-DB7CD3B4A7F8, cid=42, FAILED org.apache.ratis.protocol.LeaderNotReadyException: localhost_10001@group-DB7CD3B4A7F8 is in LEADER state but not ready yet., logIndex=0, commits[localhost_10001:c-1, localhost_10002:c-1, localhost_10000:c-1]
2019-09-26 13:33:06,809 INFO  client.GrpcClientProtocolService (GrpcClientProtocolService.java:lambda$processClientRequest$0(278)) - Failed RaftClientRequest:client-352D35361D97->localhost_10001@group-DB7CD3B4A7F8, cid=42, seq=0, RW, Message:321f0a0f0a0d74657374...(size=33), reply=RaftClientReply:client-352D35361D97->localhost_10001@group-DB7CD3B4A7F8, cid=42, FAILED org.apache.ratis.protocol.LeaderNotReadyException: localhost_10001@group-DB7CD3B4A7F8 is in LEADER state but not ready yet., logIndex=0, commits[localhost_10001:c-1, localhost_10002:c-1, localhost_10000:c-1]
2019-09-26 13:33:06,810 INFO  client.GrpcClientProtocolService (GrpcClientProtocolService.java:lambda$processClientRequest$0(278)) - Failed RaftClientRequest:client-352D35361D97->localhost_10001@group-DB7CD3B4A7F8, cid=42, seq=0, RW, Message:321f0a0f0a0d74657374...(size=33), reply=RaftClientReply:client-352D35361D97->localhost_10001@group-DB7CD3B4A7F8, cid=42, FAILED org.apache.ratis.protocol.LeaderNotReadyException: localhost_10001@group-DB7CD3B4A7F8 is in LEADER state but not ready yet., logIndex=0, commits[localhost_10001:c-1, localhost_10002:c-1, localhost_10000:c-1]
2019-09-26 13:33:06,811 INFO  client.GrpcClientProtocolService (GrpcClientProtocolService.java:lambda$processClientRequest$0(278)) - Failed RaftClientRequest:client-352D35361D97->localhost_10001@group-DB7CD3B4A7F8, cid=42, seq=0, RW, Message:321f0a0f0a0d74657374...(size=33), reply=RaftClientReply:client-352D35361D97->localhost_10001@group-DB7CD3B4A7F8, cid=42, FAILED org.apache.ratis.protocol.LeaderNotReadyException: localhost_10001@group-DB7CD3B4A7F8 is in LEADER state but not ready yet., logIndex=0, commits[localhost_10001:c-1, localhost_10002:c-1, localhost_10000:c-1]
2019-09-26 13:33:06,812 INFO  client.GrpcClientProtocolService (GrpcClientProtocolService.java:lambda$processClientRequest$0(278)) - Failed RaftClientRequest:client-352D35361D97->localhost_10001@group-DB7CD3B4A7F8, cid=42, seq=0, RW, Message:321f0a0f0a0d74657374...(size=33), reply=RaftClientReply:client-352D35361D97->localhost_10001@group-DB7CD3B4A7F8, cid=42, FAILED org.apache.ratis.protocol.LeaderNotReadyException: localhost_10001@group-DB7CD3B4A7F8 is in LEADER state but not ready yet., logIndex=0, commits[localhost_10001:c-1, localhost_10002:c-1, localhost_10000:c-1]
2019-09-26 13:33:06,813 INFO  client.GrpcClientProtocolService (GrpcClientProtocolService.java:lambda$processClientRequest$0(278)) - Failed RaftClientRequest:client-352D35361D97->localhost_10001@group-DB7CD3B4A7F8, cid=42, seq=0, RW, Message:321f0a0f0a0d74657374...(size=33), reply=RaftClientReply:client-352D35361D97->localhost_10001@group-DB7CD3B4A7F8, cid=42, FAILED org.apache.ratis.protocol.LeaderNotReadyException: localhost_10001@group-DB7CD3B4A7F8 is in LEADER state but not ready yet., logIndex=0, commits[localhost_10001:c-1, localhost_10002:c-1, localhost_10000:c-1]
2019-09-26 13:33:06,814 INFO  client.GrpcClientProtocolService (GrpcClientProtocolService.java:lambda$processClientRequest$0(278)) - Failed RaftClientRequest:client-352D35361D97->localhost_10001@group-DB7CD3B4A7F8, cid=42, seq=0, RW, Message:321f0a0f0a0d74657374...(size=33), reply=RaftClientReply:client-352D35361D97->localhost_10001@group-DB7CD3B4A7F8, cid=42, FAILED org.apache.ratis.protocol.LeaderNotReadyException: localhost_10001@group-DB7CD3B4A7F8 is in LEADER state but not ready yet., logIndex=0, commits[localhost_10001:c-1, localhost_10002:c-1, localhost_10000:c-1]
2019-09-26 13:33:06,815 INFO  client.GrpcClientProtocolService (GrpcClientProtocolService.java:lambda$processClientRequest$0(278)) - Failed RaftClientRequest:client-352D35361D97->localhost_10001@group-DB7CD3B4A7F8, cid=42, seq=0, RW, Message:321f0a0f0a0d74657374...(size=33), reply=RaftClientReply:client-352D35361D97->localhost_10001@group-DB7CD3B4A7F8, cid=42, FAILED org.apache.ratis.protocol.LeaderNotReadyException: localhost_10001@group-DB7CD3B4A7F8 is in LEADER state but not ready yet., logIndex=0, commits[localhost_10001:c-1, localhost_10002:c-1, localhost_10000:c-1]
2019-09-26 13:33:06,815 INFO  client.GrpcClientProtocolService (GrpcClientProtocolService.java:lambda$processClientRequest$0(278)) - Failed RaftClientRequest:client-352D35361D97->localhost_10001@group-DB7CD3B4A7F8, cid=42, seq=0, RW, Message:321f0a0f0a0d74657374...(size=33), reply=RaftClientReply:client-352D35361D97->localhost_10001@group-DB7CD3B4A7F8, cid=42, FAILED org.apache.ratis.protocol.LeaderNotReadyException: localhost_10001@group-DB7CD3B4A7F8 is in LEADER state but not ready yet., logIndex=0, commits[localhost_10001:c-1, localhost_10002:c-1, localhost_10000:c-1]
2019-09-26 13:33:06,816 INFO  client.GrpcClientProtocolService (GrpcClientProtocolService.java:lambda$processClientRequest$0(278)) - Failed RaftClientRequest:client-352D35361D97->localhost_10001@group-DB7CD3B4A7F8, cid=42, seq=0, RW, Message:321f0a0f0a0d74657374...(size=33), reply=RaftClientReply:client-352D35361D97->localhost_10001@group-DB7CD3B4A7F8, cid=42, FAILED org.apache.ratis.protocol.LeaderNotReadyException: localhost_10001@group-DB7CD3B4A7F8 is in LEADER state but not ready yet., logIndex=0, commits[localhost_10001:c-1, localhost_10002:c-1, localhost_10000:c-1]
2019-09-26 13:33:06,817 INFO  client.GrpcClientProtocolService (GrpcClientProtocolService.java:lambda$processClientRequest$0(278)) - Failed RaftClientRequest:client-352D35361D97->localhost_10001@group-DB7CD3B4A7F8, cid=42, seq=0, RW, Message:321f0a0f0a0d74657374...(size=33), reply=RaftClientReply:client-352D35361D97->localhost_10001@group-DB7CD3B4A7F8, cid=42, FAILED org.apache.ratis.protocol.LeaderNotReadyException: localhost_10001@group-DB7CD3B4A7F8 is in LEADER state but not ready yet., logIndex=0, commits[localhost_10001:c-1, localhost_10002:c-1, localhost_10000:c-1]
2019-09-26 13:33:06,818 INFO  client.GrpcClientProtocolService (GrpcClientProtocolService.java:lambda$processClientRequest$0(278)) - Failed RaftClientRequest:client-352D35361D97->localhost_10001@group-DB7CD3B4A7F8, cid=42, seq=0, RW, Message:321f0a0f0a0d74657374...(size=33), reply=RaftClientReply:client-352D35361D97->localhost_10001@group-DB7CD3B4A7F8, cid=42, FAILED org.apache.ratis.protocol.LeaderNotReadyException: localhost_10001@group-DB7CD3B4A7F8 is in LEADER state but not ready yet., logIndex=0, commits[localhost_10001:c-1, localhost_10002:c-1, localhost_10000:c-1]
2019-09-26 13:33:06,818 INFO  client.GrpcClientProtocolService (GrpcClientProtocolService.java:lambda$processClientRequest$0(278)) - Failed RaftClientRequest:client-352D35361D97->localhost_10001@group-DB7CD3B4A7F8, cid=42, seq=0, RW, Message:321f0a0f0a0d74657374...(size=33), reply=RaftClientReply:client-352D35361D97->localhost_10001@group-DB7CD3B4A7F8, cid=42, FAILED org.apache.ratis.protocol.LeaderNotReadyException: localhost_10001@group-DB7CD3B4A7F8 is in LEADER state but not ready yet., logIndex=0, commits[localhost_10001:c-1, localhost_10002:c-1, localhost_10000:c-1]
2019-09-26 13:33:06,819 INFO  client.GrpcClientProtocolService (GrpcClientProtocolService.java:lambda$processClientRequest$0(278)) - Failed RaftClientRequest:client-352D35361D97->localhost_10001@group-DB7CD3B4A7F8, cid=42, seq=0, RW, Message:321f0a0f0a0d74657374...(size=33), reply=RaftClientReply:client-352D35361D97->localhost_10001@group-DB7CD3B4A7F8, cid=42, FAILED org.apache.ratis.protocol.LeaderNotReadyException: localhost_10001@group-DB7CD3B4A7F8 is in LEADER state but not ready yet., logIndex=0, commits[localhost_10001:c-1, localhost_10002:c-1, localhost_10000:c-1]
2019-09-26 13:33:06,820 INFO  client.GrpcClientProtocolService (GrpcClientProtocolService.java:lambda$processClientRequest$0(278)) - Failed RaftClientRequest:client-352D35361D97->localhost_10001@group-DB7CD3B4A7F8, cid=42, seq=0, RW, Message:321f0a0f0a0d74657374...(size=33), reply=RaftClientReply:client-352D35361D97->localhost_10001@group-DB7CD3B4A7F8, cid=42, FAILED org.apache.ratis.protocol.LeaderNotReadyException: localhost_10001@group-DB7CD3B4A7F8 is in LEADER state but not ready yet., logIndex=0, commits[localhost_10001:c-1, localhost_10002:c-1, localhost_10000:c-1]
2019-09-26 13:33:06,821 INFO  client.GrpcClientProtocolService (GrpcClientProtocolService.java:lambda$processClientRequest$0(278)) - Failed RaftClientRequest:client-352D35361D97->localhost_10001@group-DB7CD3B4A7F8, cid=42, seq=0, RW, Message:321f0a0f0a0d74657374...(size=33), reply=RaftClientReply:client-352D35361D97->localhost_10001@group-DB7CD3B4A7F8, cid=42, FAILED org.apache.ratis.protocol.LeaderNotReadyException: localhost_10001@group-DB7CD3B4A7F8 is in LEADER state but not ready yet., logIndex=0, commits[localhost_10001:c-1, localhost_10002:c-1, localhost_10000:c-1]
2019-09-26 13:33:06,821 INFO  client.GrpcClientProtocolService (GrpcClientProtocolService.java:lambda$processClientRequest$0(278)) - Failed RaftClientRequest:client-352D35361D97->localhost_10001@group-DB7CD3B4A7F8, cid=42, seq=0, RW, Message:321f0a0f0a0d74657374...(size=33), reply=RaftClientReply:client-352D35361D97->localhost_10001@group-DB7CD3B4A7F8, cid=42, FAILED org.apache.ratis.protocol.LeaderNotReadyException: localhost_10001@group-DB7CD3B4A7F8 is in LEADER state but not ready yet., logIndex=0, commits[localhost_10001:c-1, localhost_10002:c-1, localhost_10000:c-1]
2019-09-26 13:33:06,822 INFO  client.GrpcClientProtocolService (GrpcClientProtocolService.java:lambda$processClientRequest$0(278)) - Failed RaftClientRequest:client-352D35361D97->localhost_10001@group-DB7CD3B4A7F8, cid=42, seq=0, RW, Message:321f0a0f0a0d74657374...(size=33), reply=RaftClientReply:client-352D35361D97->localhost_10001@group-DB7CD3B4A7F8, cid=42, FAILED org.apache.ratis.protocol.LeaderNotReadyException: localhost_10001@group-DB7CD3B4A7F8 is in LEADER state but not ready yet., logIndex=0, commits[localhost_10001:c-1, localhost_10002:c-1, localhost_10000:c-1]
2019-09-26 13:33:06,823 INFO  client.GrpcClientProtocolService (GrpcClientProtocolService.java:lambda$processClientRequest$0(278)) - Failed RaftClientRequest:client-352D35361D97->localhost_10001@group-DB7CD3B4A7F8, cid=42, seq=0, RW, Message:321f0a0f0a0d74657374...(size=33), reply=RaftClientReply:client-352D35361D97->localhost_10001@group-DB7CD3B4A7F8, cid=42, FAILED org.apache.ratis.protocol.LeaderNotReadyException: localhost_10001@group-DB7CD3B4A7F8 is in LEADER state but not ready yet., logIndex=0, commits[localhost_10001:c-1, localhost_10002:c-1, localhost_10000:c-1]
2019-09-26 13:33:06,824 INFO  client.GrpcClientProtocolService (GrpcClientProtocolService.java:lambda$processClientRequest$0(278)) - Failed RaftClientRequest:client-352D35361D97->localhost_10001@group-DB7CD3B4A7F8, cid=42, seq=0, RW, Message:321f0a0f0a0d74657374...(size=33), reply=RaftClientReply:client-352D35361D97->localhost_10001@group-DB7CD3B4A7F8, cid=42, FAILED org.apache.ratis.protocol.LeaderNotReadyException: localhost_10001@group-DB7CD3B4A7F8 is in LEADER state but not ready yet., logIndex=0, commits[localhost_10001:c-1, localhost_10002:c-1, localhost_10000:c-1]
2019-09-26 13:33:06,825 INFO  client.GrpcClientProtocolService (GrpcClientProtocolService.java:lambda$processClientRequest$0(278)) - Failed RaftClientRequest:client-352D35361D97->localhost_10001@group-DB7CD3B4A7F8, cid=42, seq=0, RW, Message:321f0a0f0a0d74657374...(size=33), reply=RaftClientReply:client-352D35361D97->localhost_10001@group-DB7CD3B4A7F8, cid=42, FAILED org.apache.ratis.protocol.LeaderNotReadyException: localhost_10001@group-DB7CD3B4A7F8 is in LEADER state but not ready yet., logIndex=0, commits[localhost_10001:c-1, localhost_10002:c-1, localhost_10000:c-1]
2019-09-26 13:33:06,825 INFO  client.GrpcClientProtocolService (GrpcClientProtocolService.java:lambda$processClientRequest$0(278)) - Failed RaftClientRequest:client-352D35361D97->localhost_10001@group-DB7CD3B4A7F8, cid=42, seq=0, RW, Message:321f0a0f0a0d74657374...(size=33), reply=RaftClientReply:client-352D35361D97->localhost_10001@group-DB7CD3B4A7F8, cid=42, FAILED org.apache.ratis.protocol.LeaderNotReadyException: localhost_10001@group-DB7CD3B4A7F8 is in LEADER state but not ready yet., logIndex=0, commits[localhost_10001:c-1, localhost_10002:c-1, localhost_10000:c-1]
2019-09-26 13:33:06,826 INFO  client.GrpcClientProtocolService (GrpcClientProtocolService.java:lambda$processClientRequest$0(278)) - Failed RaftClientRequest:client-352D35361D97->localhost_10001@group-DB7CD3B4A7F8, cid=42, seq=0, RW, Message:321f0a0f0a0d74657374...(size=33), reply=RaftClientReply:client-352D35361D97->localhost_10001@group-DB7CD3B4A7F8, cid=42, FAILED org.apache.ratis.protocol.LeaderNotReadyException: localhost_10001@group-DB7CD3B4A7F8 is in LEADER state but not ready yet., logIndex=0, commits[localhost_10001:c-1, localhost_10002:c-1, localhost_10000:c-1]
2019-09-26 13:33:06,827 INFO  client.GrpcClientProtocolService (GrpcClientProtocolService.java:lambda$processClientRequest$0(278)) - Failed RaftClientRequest:client-352D35361D97->localhost_10001@group-DB7CD3B4A7F8, cid=42, seq=0, RW, Message:321f0a0f0a0d74657374...(size=33), reply=RaftClientReply:client-352D35361D97->localhost_10001@group-DB7CD3B4A7F8, cid=42, FAILED org.apache.ratis.protocol.LeaderNotReadyException: localhost_10001@group-DB7CD3B4A7F8 is in LEADER state but not ready yet., logIndex=0, commits[localhost_10001:c-1, localhost_10002:c-1, localhost_10000:c-1]
2019-09-26 13:33:06,828 INFO  client.GrpcClientProtocolService (GrpcClientProtocolService.java:lambda$processClientRequest$0(278)) - Failed RaftClientRequest:client-352D35361D97->localhost_10001@group-DB7CD3B4A7F8, cid=42, seq=0, RW, Message:321f0a0f0a0d74657374...(size=33), reply=RaftClientReply:client-352D35361D97->localhost_10001@group-DB7CD3B4A7F8, cid=42, FAILED org.apache.ratis.protocol.LeaderNotReadyException: localhost_10001@group-DB7CD3B4A7F8 is in LEADER state but not ready yet., logIndex=0, commits[localhost_10001:c-1, localhost_10002:c-1, localhost_10000:c-1]
2019-09-26 13:33:06,829 INFO  client.GrpcClientProtocolService (GrpcClientProtocolService.java:lambda$processClientRequest$0(278)) - Failed RaftClientRequest:client-352D35361D97->localhost_10001@group-DB7CD3B4A7F8, cid=42, seq=0, RW, Message:321f0a0f0a0d74657374...(size=33), reply=RaftClientReply:client-352D35361D97->localhost_10001@group-DB7CD3B4A7F8, cid=42, FAILED org.apache.ratis.protocol.LeaderNotReadyException: localhost_10001@group-DB7CD3B4A7F8 is in LEADER state but not ready yet., logIndex=0, commits[localhost_10001:c-1, localhost_10002:c-1, localhost_10000:c-1]
2019-09-26 13:33:06,829 INFO  client.GrpcClientProtocolService (GrpcClientProtocolService.java:lambda$processClientRequest$0(278)) - Failed RaftClientRequest:client-352D35361D97->localhost_10001@group-DB7CD3B4A7F8, cid=42, seq=0, RW, Message:321f0a0f0a0d74657374...(size=33), reply=RaftClientReply:client-352D35361D97->localhost_10001@group-DB7CD3B4A7F8, cid=42, FAILED org.apache.ratis.protocol.LeaderNotReadyException: localhost_10001@group-DB7CD3B4A7F8 is in LEADER state but not ready yet., logIndex=0, commits[localhost_10001:c-1, localhost_10002:c-1, localhost_10000:c-1]
2019-09-26 13:33:06,830 INFO  client.GrpcClientProtocolService (GrpcClientProtocolService.java:lambda$processClientRequest$0(278)) - Failed RaftClientRequest:client-352D35361D97->localhost_10001@group-DB7CD3B4A7F8, cid=42, seq=0, RW, Message:321f0a0f0a0d74657374...(size=33), reply=RaftClientReply:client-352D35361D97->localhost_10001@group-DB7CD3B4A7F8, cid=42, FAILED org.apache.ratis.protocol.LeaderNotReadyException: localhost_10001@group-DB7CD3B4A7F8 is in LEADER state but not ready yet., logIndex=0, commits[localhost_10001:c-1, localhost_10002:c-1, localhost_10000:c-1]
2019-09-26 13:33:06,831 INFO  client.GrpcClientProtocolService (GrpcClientProtocolService.java:lambda$processClientRequest$0(278)) - Failed RaftClientRequest:client-352D35361D97->localhost_10001@group-DB7CD3B4A7F8, cid=42, seq=0, RW, Message:321f0a0f0a0d74657374...(size=33), reply=RaftClientReply:client-352D35361D97->localhost_10001@group-DB7CD3B4A7F8, cid=42, FAILED org.apache.ratis.protocol.LeaderNotReadyException: localhost_10001@group-DB7CD3B4A7F8 is in LEADER state but not ready yet., logIndex=0, commits[localhost_10001:c-1, localhost_10002:c-1, localhost_10000:c-1]
2019-09-26 13:33:06,832 INFO  client.GrpcClientProtocolService (GrpcClientProtocolService.java:lambda$processClientRequest$0(278)) - Failed RaftClientRequest:client-352D35361D97->localhost_10001@group-DB7CD3B4A7F8, cid=42, seq=0, RW, Message:321f0a0f0a0d74657374...(size=33), reply=RaftClientReply:client-352D35361D97->localhost_10001@group-DB7CD3B4A7F8, cid=42, FAILED org.apache.ratis.protocol.LeaderNotReadyException: localhost_10001@group-DB7CD3B4A7F8 is in LEADER state but not ready yet., logIndex=0, commits[localhost_10001:c-1, localhost_10002:c-1, localhost_10000:c-1]
2019-09-26 13:33:06,832 INFO  client.GrpcClientProtocolService (GrpcClientProtocolService.java:lambda$processClientRequest$0(278)) - Failed RaftClientRequest:client-352D35361D97->localhost_10001@group-DB7CD3B4A7F8, cid=42, seq=0, RW, Message:321f0a0f0a0d74657374...(size=33), reply=RaftClientReply:client-352D35361D97->localhost_10001@group-DB7CD3B4A7F8, cid=42, FAILED org.apache.ratis.protocol.LeaderNotReadyException: localhost_10001@group-DB7CD3B4A7F8 is in LEADER state but not ready yet., logIndex=0, commits[localhost_10001:c-1, localhost_10002:c-1, localhost_10000:c-1]
2019-09-26 13:33:06,833 INFO  client.GrpcClientProtocolService (GrpcClientProtocolService.java:lambda$processClientRequest$0(278)) - Failed RaftClientRequest:client-352D35361D97->localhost_10001@group-DB7CD3B4A7F8, cid=42, seq=0, RW, Message:321f0a0f0a0d74657374...(size=33), reply=RaftClientReply:client-352D35361D97->localhost_10001@group-DB7CD3B4A7F8, cid=42, FAILED org.apache.ratis.protocol.LeaderNotReadyException: localhost_10001@group-DB7CD3B4A7F8 is in LEADER state but not ready yet., logIndex=0, commits[localhost_10001:c-1, localhost_10002:c-1, localhost_10000:c-1]
2019-09-26 13:33:06,834 INFO  client.GrpcClientProtocolService (GrpcClientProtocolService.java:lambda$processClientRequest$0(278)) - Failed RaftClientRequest:client-352D35361D97->localhost_10001@group-DB7CD3B4A7F8, cid=42, seq=0, RW, Message:321f0a0f0a0d74657374...(size=33), reply=RaftClientReply:client-352D35361D97->localhost_10001@group-DB7CD3B4A7F8, cid=42, FAILED org.apache.ratis.protocol.LeaderNotReadyException: localhost_10001@group-DB7CD3B4A7F8 is in LEADER state but not ready yet., logIndex=0, commits[localhost_10001:c-1, localhost_10002:c-1, localhost_10000:c-1]
2019-09-26 13:33:06,835 INFO  client.GrpcClientProtocolService (GrpcClientProtocolService.java:lambda$processClientRequest$0(278)) - Failed RaftClientRequest:client-352D35361D97->localhost_10001@group-DB7CD3B4A7F8, cid=42, seq=0, RW, Message:321f0a0f0a0d74657374...(size=33), reply=RaftClientReply:client-352D35361D97->localhost_10001@group-DB7CD3B4A7F8, cid=42, FAILED org.apache.ratis.protocol.LeaderNotReadyException: localhost_10001@group-DB7CD3B4A7F8 is in LEADER state but not ready yet., logIndex=0, commits[localhost_10001:c-1, localhost_10002:c-1, localhost_10000:c-1]
2019-09-26 13:33:06,835 INFO  client.GrpcClientProtocolService (GrpcClientProtocolService.java:lambda$processClientRequest$0(278)) - Failed RaftClientRequest:client-352D35361D97->localhost_10001@group-DB7CD3B4A7F8, cid=42, seq=0, RW, Message:321f0a0f0a0d74657374...(size=33), reply=RaftClientReply:client-352D35361D97->localhost_10001@group-DB7CD3B4A7F8, cid=42, FAILED org.apache.ratis.protocol.LeaderNotReadyException: localhost_10001@group-DB7CD3B4A7F8 is in LEADER state but not ready yet., logIndex=0, commits[localhost_10001:c-1, localhost_10002:c-1, localhost_10000:c-1]
2019-09-26 13:33:06,836 INFO  client.GrpcClientProtocolService (GrpcClientProtocolService.java:lambda$processClientRequest$0(278)) - Failed RaftClientRequest:client-352D35361D97->localhost_10001@group-DB7CD3B4A7F8, cid=42, seq=0, RW, Message:321f0a0f0a0d74657374...(size=33), reply=RaftClientReply:client-352D35361D97->localhost_10001@group-DB7CD3B4A7F8, cid=42, FAILED org.apache.ratis.protocol.LeaderNotReadyException: localhost_10001@group-DB7CD3B4A7F8 is in LEADER state but not ready yet., logIndex=0, commits[localhost_10001:c-1, localhost_10002:c-1, localhost_10000:c-1]
2019-09-26 13:33:06,837 INFO  client.GrpcClientProtocolService (GrpcClientProtocolService.java:lambda$processClientRequest$0(278)) - Failed RaftClientRequest:client-352D35361D97->localhost_10001@group-DB7CD3B4A7F8, cid=42, seq=0, RW, Message:321f0a0f0a0d74657374...(size=33), reply=RaftClientReply:client-352D35361D97->localhost_10001@group-DB7CD3B4A7F8, cid=42, FAILED org.apache.ratis.protocol.LeaderNotReadyException: localhost_10001@group-DB7CD3B4A7F8 is in LEADER state but not ready yet., logIndex=0, commits[localhost_10001:c-1, localhost_10002:c-1, localhost_10000:c-1]
2019-09-26 13:33:06,838 INFO  client.GrpcClientProtocolService (GrpcClientProtocolService.java:lambda$processClientRequest$0(278)) - Failed RaftClientRequest:client-352D35361D97->localhost_10001@group-DB7CD3B4A7F8, cid=42, seq=0, RW, Message:321f0a0f0a0d74657374...(size=33), reply=RaftClientReply:client-352D35361D97->localhost_10001@group-DB7CD3B4A7F8, cid=42, FAILED org.apache.ratis.protocol.LeaderNotReadyException: localhost_10001@group-DB7CD3B4A7F8 is in LEADER state but not ready yet., logIndex=0, commits[localhost_10001:c-1, localhost_10002:c-1, localhost_10000:c-1]
2019-09-26 13:33:06,838 INFO  client.GrpcClientProtocolService (GrpcClientProtocolService.java:lambda$processClientRequest$0(278)) - Failed RaftClientRequest:client-352D35361D97->localhost_10001@group-DB7CD3B4A7F8, cid=42, seq=0, RW, Message:321f0a0f0a0d74657374...(size=33), reply=RaftClientReply:client-352D35361D97->localhost_10001@group-DB7CD3B4A7F8, cid=42, FAILED org.apache.ratis.protocol.LeaderNotReadyException: localhost_10001@group-DB7CD3B4A7F8 is in LEADER state but not ready yet., logIndex=0, commits[localhost_10001:c-1, localhost_10002:c-1, localhost_10000:c-1]
2019-09-26 13:33:06,839 INFO  client.GrpcClientProtocolService (GrpcClientProtocolService.java:lambda$processClientRequest$0(278)) - Failed RaftClientRequest:client-352D35361D97->localhost_10001@group-DB7CD3B4A7F8, cid=42, seq=0, RW, Message:321f0a0f0a0d74657374...(size=33), reply=RaftClientReply:client-352D35361D97->localhost_10001@group-DB7CD3B4A7F8, cid=42, FAILED org.apache.ratis.protocol.LeaderNotReadyException: localhost_10001@group-DB7CD3B4A7F8 is in LEADER state but not ready yet., logIndex=0, commits[localhost_10001:c-1, localhost_10002:c-1, localhost_10000:c-1]
2019-09-26 13:33:06,840 INFO  client.GrpcClientProtocolService (GrpcClientProtocolService.java:lambda$processClientRequest$0(278)) - Failed RaftClientRequest:client-352D35361D97->localhost_10001@group-DB7CD3B4A7F8, cid=42, seq=0, RW, Message:321f0a0f0a0d74657374...(size=33), reply=RaftClientReply:client-352D35361D97->localhost_10001@group-DB7CD3B4A7F8, cid=42, FAILED org.apache.ratis.protocol.LeaderNotReadyException: localhost_10001@group-DB7CD3B4A7F8 is in LEADER state but not ready yet., logIndex=0, commits[localhost_10001:c-1, localhost_10002:c-1, localhost_10000:c-1]
2019-09-26 13:33:06,840 INFO  client.GrpcClientProtocolService (GrpcClientProtocolService.java:lambda$processClientRequest$0(278)) - Failed RaftClientRequest:client-352D35361D97->localhost_10001@group-DB7CD3B4A7F8, cid=42, seq=0, RW, Message:321f0a0f0a0d74657374...(size=33), reply=RaftClientReply:client-352D35361D97->localhost_10001@group-DB7CD3B4A7F8, cid=42, FAILED org.apache.ratis.protocol.LeaderNotReadyException: localhost_10001@group-DB7CD3B4A7F8 is in LEADER state but not ready yet., logIndex=0, commits[localhost_10001:c-1, localhost_10002:c-1, localhost_10000:c-1]
2019-09-26 13:33:06,841 INFO  client.GrpcClientProtocolService (GrpcClientProtocolService.java:lambda$processClientRequest$0(278)) - Failed RaftClientRequest:client-352D35361D97->localhost_10001@group-DB7CD3B4A7F8, cid=42, seq=0, RW, Message:321f0a0f0a0d74657374...(size=33), reply=RaftClientReply:client-352D35361D97->localhost_10001@group-DB7CD3B4A7F8, cid=42, FAILED org.apache.ratis.protocol.LeaderNotReadyException: localhost_10001@group-DB7CD3B4A7F8 is in LEADER state but not ready yet., logIndex=0, commits[localhost_10001:c-1, localhost_10002:c-1, localhost_10000:c-1]
2019-09-26 13:33:06,842 INFO  client.GrpcClientProtocolService (GrpcClientProtocolService.java:lambda$processClientRequest$0(278)) - Failed RaftClientRequest:client-352D35361D97->localhost_10001@group-DB7CD3B4A7F8, cid=42, seq=0, RW, Message:321f0a0f0a0d74657374...(size=33), reply=RaftClientReply:client-352D35361D97->localhost_10001@group-DB7CD3B4A7F8, cid=42, FAILED org.apache.ratis.protocol.LeaderNotReadyException: localhost_10001@group-DB7CD3B4A7F8 is in LEADER state but not ready yet., logIndex=0, commits[localhost_10001:c-1, localhost_10002:c-1, localhost_10000:c-1]
2019-09-26 13:33:06,843 INFO  client.GrpcClientProtocolService (GrpcClientProtocolService.java:lambda$processClientRequest$0(278)) - Failed RaftClientRequest:client-352D35361D97->localhost_10001@group-DB7CD3B4A7F8, cid=42, seq=0, RW, Message:321f0a0f0a0d74657374...(size=33), reply=RaftClientReply:client-352D35361D97->localhost_10001@group-DB7CD3B4A7F8, cid=42, FAILED org.apache.ratis.protocol.LeaderNotReadyException: localhost_10001@group-DB7CD3B4A7F8 is in LEADER state but not ready yet., logIndex=0, commits[localhost_10001:c-1, localhost_10002:c-1, localhost_10000:c-1]
2019-09-26 13:33:06,843 INFO  client.GrpcClientProtocolService (GrpcClientProtocolService.java:lambda$processClientRequest$0(278)) - Failed RaftClientRequest:client-352D35361D97->localhost_10001@group-DB7CD3B4A7F8, cid=42, seq=0, RW, Message:321f0a0f0a0d74657374...(size=33), reply=RaftClientReply:client-352D35361D97->localhost_10001@group-DB7CD3B4A7F8, cid=42, FAILED org.apache.ratis.protocol.LeaderNotReadyException: localhost_10001@group-DB7CD3B4A7F8 is in LEADER state but not ready yet., logIndex=0, commits[localhost_10001:c-1, localhost_10002:c-1, localhost_10000:c-1]
2019-09-26 13:33:06,844 INFO  client.GrpcClientProtocolService (GrpcClientProtocolService.java:lambda$processClientRequest$0(278)) - Failed RaftClientRequest:client-352D35361D97->localhost_10001@group-DB7CD3B4A7F8, cid=42, seq=0, RW, Message:321f0a0f0a0d74657374...(size=33), reply=RaftClientReply:client-352D35361D97->localhost_10001@group-DB7CD3B4A7F8, cid=42, FAILED org.apache.ratis.protocol.LeaderNotReadyException: localhost_10001@group-DB7CD3B4A7F8 is in LEADER state but not ready yet., logIndex=0, commits[localhost_10001:c-1, localhost_10002:c-1, localhost_10000:c-1]
2019-09-26 13:33:06,845 INFO  client.GrpcClientProtocolService (GrpcClientProtocolService.java:lambda$processClientRequest$0(278)) - Failed RaftClientRequest:client-352D35361D97->localhost_10001@group-DB7CD3B4A7F8, cid=42, seq=0, RW, Message:321f0a0f0a0d74657374...(size=33), reply=RaftClientReply:client-352D35361D97->localhost_10001@group-DB7CD3B4A7F8, cid=42, FAILED org.apache.ratis.protocol.LeaderNotReadyException: localhost_10001@group-DB7CD3B4A7F8 is in LEADER state but not ready yet., logIndex=0, commits[localhost_10001:c-1, localhost_10002:c-1, localhost_10000:c-1]
2019-09-26 13:33:06,846 INFO  client.GrpcClientProtocolService (GrpcClientProtocolService.java:lambda$processClientRequest$0(278)) - Failed RaftClientRequest:client-352D35361D97->localhost_10001@group-DB7CD3B4A7F8, cid=42, seq=0, RW, Message:321f0a0f0a0d74657374...(size=33), reply=RaftClientReply:client-352D35361D97->localhost_10001@group-DB7CD3B4A7F8, cid=42, FAILED org.apache.ratis.protocol.LeaderNotReadyException: localhost_10001@group-DB7CD3B4A7F8 is in LEADER state but not ready yet., logIndex=0, commits[localhost_10001:c-1, localhost_10002:c-1, localhost_10000:c-1]
2019-09-26 13:33:06,847 INFO  client.GrpcClientProtocolService (GrpcClientProtocolService.java:lambda$processClientRequest$0(278)) - Failed RaftClientRequest:client-352D35361D97->localhost_10001@group-DB7CD3B4A7F8, cid=42, seq=0, RW, Message:321f0a0f0a0d74657374...(size=33), reply=RaftClientReply:client-352D35361D97->localhost_10001@group-DB7CD3B4A7F8, cid=42, FAILED org.apache.ratis.protocol.LeaderNotReadyException: localhost_10001@group-DB7CD3B4A7F8 is in LEADER state but not ready yet., logIndex=0, commits[localhost_10001:c-1, localhost_10002:c-1, localhost_10000:c-1]
2019-09-26 13:33:06,848 INFO  client.GrpcClientProtocolService (GrpcClientProtocolService.java:lambda$processClientRequest$0(278)) - Failed RaftClientRequest:client-352D35361D97->localhost_10001@group-DB7CD3B4A7F8, cid=42, seq=0, RW, Message:321f0a0f0a0d74657374...(size=33), reply=RaftClientReply:client-352D35361D97->localhost_10001@group-DB7CD3B4A7F8, cid=42, FAILED org.apache.ratis.protocol.LeaderNotReadyException: localhost_10001@group-DB7CD3B4A7F8 is in LEADER state but not ready yet., logIndex=0, commits[localhost_10001:c-1, localhost_10002:c-1, localhost_10000:c-1]
2019-09-26 13:33:06,848 INFO  client.GrpcClientProtocolService (GrpcClientProtocolService.java:lambda$processClientRequest$0(278)) - Failed RaftClientRequest:client-352D35361D97->localhost_10001@group-DB7CD3B4A7F8, cid=42, seq=0, RW, Message:321f0a0f0a0d74657374...(size=33), reply=RaftClientReply:client-352D35361D97->localhost_10001@group-DB7CD3B4A7F8, cid=42, FAILED org.apache.ratis.protocol.LeaderNotReadyException: localhost_10001@group-DB7CD3B4A7F8 is in LEADER state but not ready yet., logIndex=0, commits[localhost_10001:c-1, localhost_10002:c-1, localhost_10000:c-1]
2019-09-26 13:33:06,849 INFO  client.GrpcClientProtocolService (GrpcClientProtocolService.java:lambda$processClientRequest$0(278)) - Failed RaftClientRequest:client-352D35361D97->localhost_10001@group-DB7CD3B4A7F8, cid=42, seq=0, RW, Message:321f0a0f0a0d74657374...(size=33), reply=RaftClientReply:client-352D35361D97->localhost_10001@group-DB7CD3B4A7F8, cid=42, FAILED org.apache.ratis.protocol.LeaderNotReadyException: localhost_10001@group-DB7CD3B4A7F8 is in LEADER state but not ready yet., logIndex=0, commits[localhost_10001:c-1, localhost_10002:c-1, localhost_10000:c-1]
2019-09-26 13:33:06,850 INFO  client.GrpcClientProtocolService (GrpcClientProtocolService.java:lambda$processClientRequest$0(278)) - Failed RaftClientRequest:client-352D35361D97->localhost_10001@group-DB7CD3B4A7F8, cid=42, seq=0, RW, Message:321f0a0f0a0d74657374...(size=33), reply=RaftClientReply:client-352D35361D97->localhost_10001@group-DB7CD3B4A7F8, cid=42, FAILED org.apache.ratis.protocol.LeaderNotReadyException: localhost_10001@group-DB7CD3B4A7F8 is in LEADER state but not ready yet., logIndex=0, commits[localhost_10001:c-1, localhost_10002:c-1, localhost_10000:c-1]
2019-09-26 13:33:06,851 INFO  client.GrpcClientProtocolService (GrpcClientProtocolService.java:lambda$processClientRequest$0(278)) - Failed RaftClientRequest:client-352D35361D97->localhost_10001@group-DB7CD3B4A7F8, cid=42, seq=0, RW, Message:321f0a0f0a0d74657374...(size=33), reply=RaftClientReply:client-352D35361D97->localhost_10001@group-DB7CD3B4A7F8, cid=42, FAILED org.apache.ratis.protocol.LeaderNotReadyException: localhost_10001@group-DB7CD3B4A7F8 is in LEADER state but not ready yet., logIndex=0, commits[localhost_10001:c-1, localhost_10002:c-1, localhost_10000:c-1]
2019-09-26 13:33:06,852 INFO  client.GrpcClientProtocolService (GrpcClientProtocolService.java:lambda$processClientRequest$0(278)) - Failed RaftClientRequest:client-352D35361D97->localhost_10001@group-DB7CD3B4A7F8, cid=42, seq=0, RW, Message:321f0a0f0a0d74657374...(size=33), reply=RaftClientReply:client-352D35361D97->localhost_10001@group-DB7CD3B4A7F8, cid=42, FAILED org.apache.ratis.protocol.LeaderNotReadyException: localhost_10001@group-DB7CD3B4A7F8 is in LEADER state but not ready yet., logIndex=0, commits[localhost_10001:c-1, localhost_10002:c-1, localhost_10000:c-1]
2019-09-26 13:33:06,852 INFO  client.GrpcClientProtocolService (GrpcClientProtocolService.java:lambda$processClientRequest$0(278)) - Failed RaftClientRequest:client-352D35361D97->localhost_10001@group-DB7CD3B4A7F8, cid=42, seq=0, RW, Message:321f0a0f0a0d74657374...(size=33), reply=RaftClientReply:client-352D35361D97->localhost_10001@group-DB7CD3B4A7F8, cid=42, FAILED org.apache.ratis.protocol.LeaderNotReadyException: localhost_10001@group-DB7CD3B4A7F8 is in LEADER state but not ready yet., logIndex=0, commits[localhost_10001:c-1, localhost_10002:c-1, localhost_10000:c-1]
2019-09-26 13:33:06,853 INFO  client.GrpcClientProtocolService (GrpcClientProtocolService.java:lambda$processClientRequest$0(278)) - Failed RaftClientRequest:client-352D35361D97->localhost_10001@group-DB7CD3B4A7F8, cid=42, seq=0, RW, Message:321f0a0f0a0d74657374...(size=33), reply=RaftClientReply:client-352D35361D97->localhost_10001@group-DB7CD3B4A7F8, cid=42, FAILED org.apache.ratis.protocol.LeaderNotReadyException: localhost_10001@group-DB7CD3B4A7F8 is in LEADER state but not ready yet., logIndex=0, commits[localhost_10001:c-1, localhost_10002:c-1, localhost_10000:c-1]
2019-09-26 13:33:06,854 INFO  client.GrpcClientProtocolService (GrpcClientProtocolService.java:lambda$processClientRequest$0(278)) - Failed RaftClientRequest:client-352D35361D97->localhost_10001@group-DB7CD3B4A7F8, cid=42, seq=0, RW, Message:321f0a0f0a0d74657374...(size=33), reply=RaftClientReply:client-352D35361D97->localhost_10001@group-DB7CD3B4A7F8, cid=42, FAILED org.apache.ratis.protocol.LeaderNotReadyException: localhost_10001@group-DB7CD3B4A7F8 is in LEADER state but not ready yet., logIndex=0, commits[localhost_10001:c-1, localhost_10002:c-1, localhost_10000:c-1]
2019-09-26 13:33:06,855 INFO  client.GrpcClientProtocolService (GrpcClientProtocolService.java:lambda$processClientRequest$0(278)) - Failed RaftClientRequest:client-352D35361D97->localhost_10001@group-DB7CD3B4A7F8, cid=42, seq=0, RW, Message:321f0a0f0a0d74657374...(size=33), reply=RaftClientReply:client-352D35361D97->localhost_10001@group-DB7CD3B4A7F8, cid=42, FAILED org.apache.ratis.protocol.LeaderNotReadyException: localhost_10001@group-DB7CD3B4A7F8 is in LEADER state but not ready yet., logIndex=0, commits[localhost_10001:c-1, localhost_10002:c-1, localhost_10000:c-1]
2019-09-26 13:33:06,856 INFO  client.GrpcClientProtocolService (GrpcClientProtocolService.java:lambda$processClientRequest$0(278)) - Failed RaftClientRequest:client-352D35361D97->localhost_10001@group-DB7CD3B4A7F8, cid=42, seq=0, RW, Message:321f0a0f0a0d74657374...(size=33), reply=RaftClientReply:client-352D35361D97->localhost_10001@group-DB7CD3B4A7F8, cid=42, FAILED org.apache.ratis.protocol.LeaderNotReadyException: localhost_10001@group-DB7CD3B4A7F8 is in LEADER state but not ready yet., logIndex=0, commits[localhost_10001:c-1, localhost_10002:c-1, localhost_10000:c-1]
2019-09-26 13:33:06,857 INFO  client.GrpcClientProtocolService (GrpcClientProtocolService.java:lambda$processClientRequest$0(278)) - Failed RaftClientRequest:client-352D35361D97->localhost_10001@group-DB7CD3B4A7F8, cid=42, seq=0, RW, Message:321f0a0f0a0d74657374...(size=33), reply=RaftClientReply:client-352D35361D97->localhost_10001@group-DB7CD3B4A7F8, cid=42, FAILED org.apache.ratis.protocol.LeaderNotReadyException: localhost_10001@group-DB7CD3B4A7F8 is in LEADER state but not ready yet., logIndex=0, commits[localhost_10001:c-1, localhost_10002:c-1, localhost_10000:c-1]
2019-09-26 13:33:06,858 INFO  client.GrpcClientProtocolService (GrpcClientProtocolService.java:lambda$processClientRequest$0(278)) - Failed RaftClientRequest:client-352D35361D97->localhost_10001@group-DB7CD3B4A7F8, cid=42, seq=0, RW, Message:321f0a0f0a0d74657374...(size=33), reply=RaftClientReply:client-352D35361D97->localhost_10001@group-DB7CD3B4A7F8, cid=42, FAILED org.apache.ratis.protocol.LeaderNotReadyException: localhost_10001@group-DB7CD3B4A7F8 is in LEADER state but not ready yet., logIndex=0, commits[localhost_10001:c-1, localhost_10002:c-1, localhost_10000:c-1]
2019-09-26 13:33:06,859 INFO  client.GrpcClientProtocolService (GrpcClientProtocolService.java:lambda$processClientRequest$0(278)) - Failed RaftClientRequest:client-352D35361D97->localhost_10001@group-DB7CD3B4A7F8, cid=42, seq=0, RW, Message:321f0a0f0a0d74657374...(size=33), reply=RaftClientReply:client-352D35361D97->localhost_10001@group-DB7CD3B4A7F8, cid=42, FAILED org.apache.ratis.protocol.LeaderNotReadyException: localhost_10001@group-DB7CD3B4A7F8 is in LEADER state but not ready yet., logIndex=0, commits[localhost_10001:c-1, localhost_10002:c-1, localhost_10000:c-1]
2019-09-26 13:33:06,859 INFO  client.GrpcClientProtocolService (GrpcClientProtocolService.java:lambda$processClientRequest$0(278)) - Failed RaftClientRequest:client-352D35361D97->localhost_10001@group-DB7CD3B4A7F8, cid=42, seq=0, RW, Message:321f0a0f0a0d74657374...(size=33), reply=RaftClientReply:client-352D35361D97->localhost_10001@group-DB7CD3B4A7F8, cid=42, FAILED org.apache.ratis.protocol.LeaderNotReadyException: localhost_10001@group-DB7CD3B4A7F8 is in LEADER state but not ready yet., logIndex=0, commits[localhost_10001:c-1, localhost_10002:c-1, localhost_10000:c-1]
2019-09-26 13:33:06,860 INFO  client.GrpcClientProtocolService (GrpcClientProtocolService.java:lambda$processClientRequest$0(278)) - Failed RaftClientRequest:client-352D35361D97->localhost_10001@group-DB7CD3B4A7F8, cid=42, seq=0, RW, Message:321f0a0f0a0d74657374...(size=33), reply=RaftClientReply:client-352D35361D97->localhost_10001@group-DB7CD3B4A7F8, cid=42, FAILED org.apache.ratis.protocol.LeaderNotReadyException: localhost_10001@group-DB7CD3B4A7F8 is in LEADER state but not ready yet., logIndex=0, commits[localhost_10001:c-1, localhost_10002:c-1, localhost_10000:c-1]
2019-09-26 13:33:06,861 INFO  client.GrpcClientProtocolService (GrpcClientProtocolService.java:lambda$processClientRequest$0(278)) - Failed RaftClientRequest:client-352D35361D97->localhost_10001@group-DB7CD3B4A7F8, cid=42, seq=0, RW, Message:321f0a0f0a0d74657374...(size=33), reply=RaftClientReply:client-352D35361D97->localhost_10001@group-DB7CD3B4A7F8, cid=42, FAILED org.apache.ratis.protocol.LeaderNotReadyException: localhost_10001@group-DB7CD3B4A7F8 is in LEADER state but not ready yet., logIndex=0, commits[localhost_10001:c-1, localhost_10002:c-1, localhost_10000:c-1]
2019-09-26 13:33:06,862 INFO  client.GrpcClientProtocolService (GrpcClientProtocolService.java:lambda$processClientRequest$0(278)) - Failed RaftClientRequest:client-352D35361D97->localhost_10001@group-DB7CD3B4A7F8, cid=42, seq=0, RW, Message:321f0a0f0a0d74657374...(size=33), reply=RaftClientReply:client-352D35361D97->localhost_10001@group-DB7CD3B4A7F8, cid=42, FAILED org.apache.ratis.protocol.LeaderNotReadyException: localhost_10001@group-DB7CD3B4A7F8 is in LEADER state but not ready yet., logIndex=0, commits[localhost_10001:c-1, localhost_10002:c-1, localhost_10000:c-1]
2019-09-26 13:33:06,862 INFO  client.GrpcClientProtocolService (GrpcClientProtocolService.java:lambda$processClientRequest$0(278)) - Failed RaftClientRequest:client-352D35361D97->localhost_10001@group-DB7CD3B4A7F8, cid=42, seq=0, RW, Message:321f0a0f0a0d74657374...(size=33), reply=RaftClientReply:client-352D35361D97->localhost_10001@group-DB7CD3B4A7F8, cid=42, FAILED org.apache.ratis.protocol.LeaderNotReadyException: localhost_10001@group-DB7CD3B4A7F8 is in LEADER state but not ready yet., logIndex=0, commits[localhost_10001:c-1, localhost_10002:c-1, localhost_10000:c-1]
2019-09-26 13:33:06,863 INFO  client.GrpcClientProtocolService (GrpcClientProtocolService.java:lambda$processClientRequest$0(278)) - Failed RaftClientRequest:client-352D35361D97->localhost_10001@group-DB7CD3B4A7F8, cid=42, seq=0, RW, Message:321f0a0f0a0d74657374...(size=33), reply=RaftClientReply:client-352D35361D97->localhost_10001@group-DB7CD3B4A7F8, cid=42, FAILED org.apache.ratis.protocol.LeaderNotReadyException: localhost_10001@group-DB7CD3B4A7F8 is in LEADER state but not ready yet., logIndex=0, commits[localhost_10001:c-1, localhost_10002:c-1, localhost_10000:c-1]
2019-09-26 13:33:06,864 INFO  client.GrpcClientProtocolService (GrpcClientProtocolService.java:lambda$processClientRequest$0(278)) - Failed RaftClientRequest:client-352D35361D97->localhost_10001@group-DB7CD3B4A7F8, cid=42, seq=0, RW, Message:321f0a0f0a0d74657374...(size=33), reply=RaftClientReply:client-352D35361D97->localhost_10001@group-DB7CD3B4A7F8, cid=42, FAILED org.apache.ratis.protocol.LeaderNotReadyException: localhost_10001@group-DB7CD3B4A7F8 is in LEADER state but not ready yet., logIndex=0, commits[localhost_10001:c-1, localhost_10002:c-1, localhost_10000:c-1]
2019-09-26 13:33:06,865 INFO  client.GrpcClientProtocolService (GrpcClientProtocolService.java:lambda$processClientRequest$0(278)) - Failed RaftClientRequest:client-352D35361D97->localhost_10001@group-DB7CD3B4A7F8, cid=42, seq=0, RW, Message:321f0a0f0a0d74657374...(size=33), reply=RaftClientReply:client-352D35361D97->localhost_10001@group-DB7CD3B4A7F8, cid=42, FAILED org.apache.ratis.protocol.LeaderNotReadyException: localhost_10001@group-DB7CD3B4A7F8 is in LEADER state but not ready yet., logIndex=0, commits[localhost_10001:c-1, localhost_10002:c-1, localhost_10000:c-1]
2019-09-26 13:33:06,866 INFO  client.GrpcClientProtocolService (GrpcClientProtocolService.java:lambda$processClientRequest$0(278)) - Failed RaftClientRequest:client-352D35361D97->localhost_10001@group-DB7CD3B4A7F8, cid=42, seq=0, RW, Message:321f0a0f0a0d74657374...(size=33), reply=RaftClientReply:client-352D35361D97->localhost_10001@group-DB7CD3B4A7F8, cid=42, FAILED org.apache.ratis.protocol.LeaderNotReadyException: localhost_10001@group-DB7CD3B4A7F8 is in LEADER state but not ready yet., logIndex=0, commits[localhost_10001:c-1, localhost_10002:c-1, localhost_10000:c-1]
2019-09-26 13:33:06,867 INFO  client.GrpcClientProtocolService (GrpcClientProtocolService.java:lambda$processClientRequest$0(278)) - Failed RaftClientRequest:client-352D35361D97->localhost_10001@group-DB7CD3B4A7F8, cid=42, seq=0, RW, Message:321f0a0f0a0d74657374...(size=33), reply=RaftClientReply:client-352D35361D97->localhost_10001@group-DB7CD3B4A7F8, cid=42, FAILED org.apache.ratis.protocol.LeaderNotReadyException: localhost_10001@group-DB7CD3B4A7F8 is in LEADER state but not ready yet., logIndex=0, commits[localhost_10001:c-1, localhost_10002:c-1, localhost_10000:c-1]
2019-09-26 13:33:06,867 INFO  client.GrpcClientProtocolService (GrpcClientProtocolService.java:lambda$processClientRequest$0(278)) - Failed RaftClientRequest:client-352D35361D97->localhost_10001@group-DB7CD3B4A7F8, cid=42, seq=0, RW, Message:321f0a0f0a0d74657374...(size=33), reply=RaftClientReply:client-352D35361D97->localhost_10001@group-DB7CD3B4A7F8, cid=42, FAILED org.apache.ratis.protocol.LeaderNotReadyException: localhost_10001@group-DB7CD3B4A7F8 is in LEADER state but not ready yet., logIndex=0, commits[localhost_10001:c-1, localhost_10002:c-1, localhost_10000:c-1]
2019-09-26 13:33:06,868 INFO  client.GrpcClientProtocolService (GrpcClientProtocolService.java:lambda$processClientRequest$0(278)) - Failed RaftClientRequest:client-352D35361D97->localhost_10001@group-DB7CD3B4A7F8, cid=42, seq=0, RW, Message:321f0a0f0a0d74657374...(size=33), reply=RaftClientReply:client-352D35361D97->localhost_10001@group-DB7CD3B4A7F8, cid=42, FAILED org.apache.ratis.protocol.LeaderNotReadyException: localhost_10001@group-DB7CD3B4A7F8 is in LEADER state but not ready yet., logIndex=0, commits[localhost_10001:c-1, localhost_10002:c-1, localhost_10000:c-1]
2019-09-26 13:33:06,869 INFO  client.GrpcClientProtocolService (GrpcClientProtocolService.java:lambda$processClientRequest$0(278)) - Failed RaftClientRequest:client-352D35361D97->localhost_10001@group-DB7CD3B4A7F8, cid=42, seq=0, RW, Message:321f0a0f0a0d74657374...(size=33), reply=RaftClientReply:client-352D35361D97->localhost_10001@group-DB7CD3B4A7F8, cid=42, FAILED org.apache.ratis.protocol.LeaderNotReadyException: localhost_10001@group-DB7CD3B4A7F8 is in LEADER state but not ready yet., logIndex=0, commits[localhost_10001:c-1, localhost_10002:c-1, localhost_10000:c-1]
2019-09-26 13:33:06,870 INFO  client.GrpcClientProtocolService (GrpcClientProtocolService.java:lambda$processClientRequest$0(278)) - Failed RaftClientRequest:client-352D35361D97->localhost_10001@group-DB7CD3B4A7F8, cid=42, seq=0, RW, Message:321f0a0f0a0d74657374...(size=33), reply=RaftClientReply:client-352D35361D97->localhost_10001@group-DB7CD3B4A7F8, cid=42, FAILED org.apache.ratis.protocol.LeaderNotReadyException: localhost_10001@group-DB7CD3B4A7F8 is in LEADER state but not ready yet., logIndex=0, commits[localhost_10001:c-1, localhost_10002:c-1, localhost_10000:c-1]
2019-09-26 13:33:06,871 INFO  client.GrpcClientProtocolService (GrpcClientProtocolService.java:lambda$processClientRequest$0(278)) - Failed RaftClientRequest:client-352D35361D97->localhost_10001@group-DB7CD3B4A7F8, cid=42, seq=0, RW, Message:321f0a0f0a0d74657374...(size=33), reply=RaftClientReply:client-352D35361D97->localhost_10001@group-DB7CD3B4A7F8, cid=42, FAILED org.apache.ratis.protocol.LeaderNotReadyException: localhost_10001@group-DB7CD3B4A7F8 is in LEADER state but not ready yet., logIndex=0, commits[localhost_10001:c-1, localhost_10002:c-1, localhost_10000:c-1]
2019-09-26 13:33:06,872 INFO  client.GrpcClientProtocolService (GrpcClientProtocolService.java:lambda$processClientRequest$0(278)) - Failed RaftClientRequest:client-352D35361D97->localhost_10001@group-DB7CD3B4A7F8, cid=42, seq=0, RW, Message:321f0a0f0a0d74657374...(size=33), reply=RaftClientReply:client-352D35361D97->localhost_10001@group-DB7CD3B4A7F8, cid=42, FAILED org.apache.ratis.protocol.LeaderNotReadyException: localhost_10001@group-DB7CD3B4A7F8 is in LEADER state but not ready yet., logIndex=0, commits[localhost_10001:c-1, localhost_10002:c-1, localhost_10000:c-1]
2019-09-26 13:33:06,872 INFO  client.GrpcClientProtocolService (GrpcClientProtocolService.java:lambda$processClientRequest$0(278)) - Failed RaftClientRequest:client-352D35361D97->localhost_10001@group-DB7CD3B4A7F8, cid=42, seq=0, RW, Message:321f0a0f0a0d74657374...(size=33), reply=RaftClientReply:client-352D35361D97->localhost_10001@group-DB7CD3B4A7F8, cid=42, FAILED org.apache.ratis.protocol.LeaderNotReadyException: localhost_10001@group-DB7CD3B4A7F8 is in LEADER state but not ready yet., logIndex=0, commits[localhost_10001:c-1, localhost_10002:c-1, localhost_10000:c-1]
2019-09-26 13:33:06,873 INFO  client.GrpcClientProtocolService (GrpcClientProtocolService.java:lambda$processClientRequest$0(278)) - Failed RaftClientRequest:client-352D35361D97->localhost_10001@group-DB7CD3B4A7F8, cid=42, seq=0, RW, Message:321f0a0f0a0d74657374...(size=33), reply=RaftClientReply:client-352D35361D97->localhost_10001@group-DB7CD3B4A7F8, cid=42, FAILED org.apache.ratis.protocol.LeaderNotReadyException: localhost_10001@group-DB7CD3B4A7F8 is in LEADER state but not ready yet., logIndex=0, commits[localhost_10001:c-1, localhost_10002:c-1, localhost_10000:c-1]
2019-09-26 13:33:06,874 INFO  client.GrpcClientProtocolService (GrpcClientProtocolService.java:lambda$processClientRequest$0(278)) - Failed RaftClientRequest:client-352D35361D97->localhost_10001@group-DB7CD3B4A7F8, cid=42, seq=0, RW, Message:321f0a0f0a0d74657374...(size=33), reply=RaftClientReply:client-352D35361D97->localhost_10001@group-DB7CD3B4A7F8, cid=42, FAILED org.apache.ratis.protocol.LeaderNotReadyException: localhost_10001@group-DB7CD3B4A7F8 is in LEADER state but not ready yet., logIndex=0, commits[localhost_10001:c-1, localhost_10002:c-1, localhost_10000:c-1]
2019-09-26 13:33:06,875 INFO  client.GrpcClientProtocolService (GrpcClientProtocolService.java:lambda$processClientRequest$0(278)) - Failed RaftClientRequest:client-352D35361D97->localhost_10001@group-DB7CD3B4A7F8, cid=42, seq=0, RW, Message:321f0a0f0a0d74657374...(size=33), reply=RaftClientReply:client-352D35361D97->localhost_10001@group-DB7CD3B4A7F8, cid=42, FAILED org.apache.ratis.protocol.LeaderNotReadyException: localhost_10001@group-DB7CD3B4A7F8 is in LEADER state but not ready yet., logIndex=0, commits[localhost_10001:c-1, localhost_10002:c-1, localhost_10000:c-1]
2019-09-26 13:33:06,876 INFO  client.GrpcClientProtocolService (GrpcClientProtocolService.java:lambda$processClientRequest$0(278)) - Failed RaftClientRequest:client-352D35361D97->localhost_10001@group-DB7CD3B4A7F8, cid=42, seq=0, RW, Message:321f0a0f0a0d74657374...(size=33), reply=RaftClientReply:client-352D35361D97->localhost_10001@group-DB7CD3B4A7F8, cid=42, FAILED org.apache.ratis.protocol.LeaderNotReadyException: localhost_10001@group-DB7CD3B4A7F8 is in LEADER state but not ready yet., logIndex=0, commits[localhost_10001:c-1, localhost_10002:c-1, localhost_10000:c-1]
2019-09-26 13:33:06,876 INFO  client.GrpcClientProtocolService (GrpcClientProtocolService.java:lambda$processClientRequest$0(278)) - Failed RaftClientRequest:client-352D35361D97->localhost_10001@group-DB7CD3B4A7F8, cid=42, seq=0, RW, Message:321f0a0f0a0d74657374...(size=33), reply=RaftClientReply:client-352D35361D97->localhost_10001@group-DB7CD3B4A7F8, cid=42, FAILED org.apache.ratis.protocol.LeaderNotReadyException: localhost_10001@group-DB7CD3B4A7F8 is in LEADER state but not ready yet., logIndex=0, commits[localhost_10001:c-1, localhost_10002:c-1, localhost_10000:c-1]
2019-09-26 13:33:06,877 INFO  client.GrpcClientProtocolService (GrpcClientProtocolService.java:lambda$processClientRequest$0(278)) - Failed RaftClientRequest:client-352D35361D97->localhost_10001@group-DB7CD3B4A7F8, cid=42, seq=0, RW, Message:321f0a0f0a0d74657374...(size=33), reply=RaftClientReply:client-352D35361D97->localhost_10001@group-DB7CD3B4A7F8, cid=42, FAILED org.apache.ratis.protocol.LeaderNotReadyException: localhost_10001@group-DB7CD3B4A7F8 is in LEADER state but not ready yet., logIndex=0, commits[localhost_10001:c-1, localhost_10002:c-1, localhost_10000:c-1]
2019-09-26 13:33:06,878 INFO  client.GrpcClientProtocolService (GrpcClientProtocolService.java:lambda$processClientRequest$0(278)) - Failed RaftClientRequest:client-352D35361D97->localhost_10001@group-DB7CD3B4A7F8, cid=42, seq=0, RW, Message:321f0a0f0a0d74657374...(size=33), reply=RaftClientReply:client-352D35361D97->localhost_10001@group-DB7CD3B4A7F8, cid=42, FAILED org.apache.ratis.protocol.LeaderNotReadyException: localhost_10001@group-DB7CD3B4A7F8 is in LEADER state but not ready yet., logIndex=0, commits[localhost_10001:c-1, localhost_10002:c-1, localhost_10000:c-1]
2019-09-26 13:33:06,878 INFO  client.GrpcClientProtocolService (GrpcClientProtocolService.java:lambda$processClientRequest$0(278)) - Failed RaftClientRequest:client-352D35361D97->localhost_10001@group-DB7CD3B4A7F8, cid=42, seq=0, RW, Message:321f0a0f0a0d74657374...(size=33), reply=RaftClientReply:client-352D35361D97->localhost_10001@group-DB7CD3B4A7F8, cid=42, FAILED org.apache.ratis.protocol.LeaderNotReadyException: localhost_10001@group-DB7CD3B4A7F8 is in LEADER state but not ready yet., logIndex=0, commits[localhost_10001:c-1, localhost_10002:c-1, localhost_10000:c-1]
2019-09-26 13:33:06,879 INFO  client.GrpcClientProtocolService (GrpcClientProtocolService.java:lambda$processClientRequest$0(278)) - Failed RaftClientRequest:client-352D35361D97->localhost_10001@group-DB7CD3B4A7F8, cid=42, seq=0, RW, Message:321f0a0f0a0d74657374...(size=33), reply=RaftClientReply:client-352D35361D97->localhost_10001@group-DB7CD3B4A7F8, cid=42, FAILED org.apache.ratis.protocol.LeaderNotReadyException: localhost_10001@group-DB7CD3B4A7F8 is in LEADER state but not ready yet., logIndex=0, commits[localhost_10001:c-1, localhost_10002:c-1, localhost_10000:c-1]
2019-09-26 13:33:06,880 INFO  client.GrpcClientProtocolService (GrpcClientProtocolService.java:lambda$processClientRequest$0(278)) - Failed RaftClientRequest:client-352D35361D97->localhost_10001@group-DB7CD3B4A7F8, cid=42, seq=0, RW, Message:321f0a0f0a0d74657374...(size=33), reply=RaftClientReply:client-352D35361D97->localhost_10001@group-DB7CD3B4A7F8, cid=42, FAILED org.apache.ratis.protocol.LeaderNotReadyException: localhost_10001@group-DB7CD3B4A7F8 is in LEADER state but not ready yet., logIndex=0, commits[localhost_10001:c-1, localhost_10002:c-1, localhost_10000:c-1]
2019-09-26 13:33:06,881 INFO  client.GrpcClientProtocolService (GrpcClientProtocolService.java:lambda$processClientRequest$0(278)) - Failed RaftClientRequest:client-352D35361D97->localhost_10001@group-DB7CD3B4A7F8, cid=42, seq=0, RW, Message:321f0a0f0a0d74657374...(size=33), reply=RaftClientReply:client-352D35361D97->localhost_10001@group-DB7CD3B4A7F8, cid=42, FAILED org.apache.ratis.protocol.LeaderNotReadyException: localhost_10001@group-DB7CD3B4A7F8 is in LEADER state but not ready yet., logIndex=0, commits[localhost_10001:c-1, localhost_10002:c-1, localhost_10000:c-1]
2019-09-26 13:33:06,882 INFO  client.GrpcClientProtocolService (GrpcClientProtocolService.java:lambda$processClientRequest$0(278)) - Failed RaftClientRequest:client-352D35361D97->localhost_10001@group-DB7CD3B4A7F8, cid=42, seq=0, RW, Message:321f0a0f0a0d74657374...(size=33), reply=RaftClientReply:client-352D35361D97->localhost_10001@group-DB7CD3B4A7F8, cid=42, FAILED org.apache.ratis.protocol.LeaderNotReadyException: localhost_10001@group-DB7CD3B4A7F8 is in LEADER state but not ready yet., logIndex=0, commits[localhost_10001:c-1, localhost_10002:c-1, localhost_10000:c-1]
2019-09-26 13:33:06,883 INFO  client.GrpcClientProtocolService (GrpcClientProtocolService.java:lambda$processClientRequest$0(278)) - Failed RaftClientRequest:client-352D35361D97->localhost_10001@group-DB7CD3B4A7F8, cid=42, seq=0, RW, Message:321f0a0f0a0d74657374...(size=33), reply=RaftClientReply:client-352D35361D97->localhost_10001@group-DB7CD3B4A7F8, cid=42, FAILED org.apache.ratis.protocol.LeaderNotReadyException: localhost_10001@group-DB7CD3B4A7F8 is in LEADER state but not ready yet., logIndex=0, commits[localhost_10001:c-1, localhost_10002:c-1, localhost_10000:c-1]
2019-09-26 13:33:06,884 INFO  client.GrpcClientProtocolService (GrpcClientProtocolService.java:lambda$processClientRequest$0(278)) - Failed RaftClientRequest:client-352D35361D97->localhost_10001@group-DB7CD3B4A7F8, cid=42, seq=0, RW, Message:321f0a0f0a0d74657374...(size=33), reply=RaftClientReply:client-352D35361D97->localhost_10001@group-DB7CD3B4A7F8, cid=42, FAILED org.apache.ratis.protocol.LeaderNotReadyException: localhost_10001@group-DB7CD3B4A7F8 is in LEADER state but not ready yet., logIndex=0, commits[localhost_10001:c-1, localhost_10002:c-1, localhost_10000:c-1]
2019-09-26 13:33:06,884 INFO  client.GrpcClientProtocolService (GrpcClientProtocolService.java:lambda$processClientRequest$0(278)) - Failed RaftClientRequest:client-352D35361D97->localhost_10001@group-DB7CD3B4A7F8, cid=42, seq=0, RW, Message:321f0a0f0a0d74657374...(size=33), reply=RaftClientReply:client-352D35361D97->localhost_10001@group-DB7CD3B4A7F8, cid=42, FAILED org.apache.ratis.protocol.LeaderNotReadyException: localhost_10001@group-DB7CD3B4A7F8 is in LEADER state but not ready yet., logIndex=0, commits[localhost_10001:c-1, localhost_10002:c-1, localhost_10000:c-1]
2019-09-26 13:33:06,885 INFO  client.GrpcClientProtocolService (GrpcClientProtocolService.java:lambda$processClientRequest$0(278)) - Failed RaftClientRequest:client-352D35361D97->localhost_10001@group-DB7CD3B4A7F8, cid=42, seq=0, RW, Message:321f0a0f0a0d74657374...(size=33), reply=RaftClientReply:client-352D35361D97->localhost_10001@group-DB7CD3B4A7F8, cid=42, FAILED org.apache.ratis.protocol.LeaderNotReadyException: localhost_10001@group-DB7CD3B4A7F8 is in LEADER state but not ready yet., logIndex=0, commits[localhost_10001:c-1, localhost_10002:c-1, localhost_10000:c-1]
2019-09-26 13:33:06,886 INFO  client.GrpcClientProtocolService (GrpcClientProtocolService.java:lambda$processClientRequest$0(278)) - Failed RaftClientRequest:client-352D35361D97->localhost_10001@group-DB7CD3B4A7F8, cid=42, seq=0, RW, Message:321f0a0f0a0d74657374...(size=33), reply=RaftClientReply:client-352D35361D97->localhost_10001@group-DB7CD3B4A7F8, cid=42, FAILED org.apache.ratis.protocol.LeaderNotReadyException: localhost_10001@group-DB7CD3B4A7F8 is in LEADER state but not ready yet., logIndex=0, commits[localhost_10001:c-1, localhost_10002:c-1, localhost_10000:c-1]
2019-09-26 13:33:06,887 INFO  client.GrpcClientProtocolService (GrpcClientProtocolService.java:lambda$processClientRequest$0(278)) - Failed RaftClientRequest:client-352D35361D97->localhost_10001@group-DB7CD3B4A7F8, cid=42, seq=0, RW, Message:321f0a0f0a0d74657374...(size=33), reply=RaftClientReply:client-352D35361D97->localhost_10001@group-DB7CD3B4A7F8, cid=42, FAILED org.apache.ratis.protocol.LeaderNotReadyException: localhost_10001@group-DB7CD3B4A7F8 is in LEADER state but not ready yet., logIndex=0, commits[localhost_10001:c-1, localhost_10002:c-1, localhost_10000:c-1]
2019-09-26 13:33:06,887 INFO  client.GrpcClientProtocolService (GrpcClientProtocolService.java:lambda$processClientRequest$0(278)) - Failed RaftClientRequest:client-352D35361D97->localhost_10001@group-DB7CD3B4A7F8, cid=42, seq=0, RW, Message:321f0a0f0a0d74657374...(size=33), reply=RaftClientReply:client-352D35361D97->localhost_10001@group-DB7CD3B4A7F8, cid=42, FAILED org.apache.ratis.protocol.LeaderNotReadyException: localhost_10001@group-DB7CD3B4A7F8 is in LEADER state but not ready yet., logIndex=0, commits[localhost_10001:c-1, localhost_10002:c-1, localhost_10000:c-1]
2019-09-26 13:33:06,888 INFO  client.GrpcClientProtocolService (GrpcClientProtocolService.java:lambda$processClientRequest$0(278)) - Failed RaftClientRequest:client-352D35361D97->localhost_10001@group-DB7CD3B4A7F8, cid=42, seq=0, RW, Message:321f0a0f0a0d74657374...(size=33), reply=RaftClientReply:client-352D35361D97->localhost_10001@group-DB7CD3B4A7F8, cid=42, FAILED org.apache.ratis.protocol.LeaderNotReadyException: localhost_10001@group-DB7CD3B4A7F8 is in LEADER state but not ready yet., logIndex=0, commits[localhost_10001:c-1, localhost_10002:c-1, localhost_10000:c-1]
2019-09-26 13:33:06,889 INFO  client.GrpcClientProtocolService (GrpcClientProtocolService.java:lambda$processClientRequest$0(278)) - Failed RaftClientRequest:client-352D35361D97->localhost_10001@group-DB7CD3B4A7F8, cid=42, seq=0, RW, Message:321f0a0f0a0d74657374...(size=33), reply=RaftClientReply:client-352D35361D97->localhost_10001@group-DB7CD3B4A7F8, cid=42, FAILED org.apache.ratis.protocol.LeaderNotReadyException: localhost_10001@group-DB7CD3B4A7F8 is in LEADER state but not ready yet., logIndex=0, commits[localhost_10001:c-1, localhost_10002:c-1, localhost_10000:c-1]
2019-09-26 13:33:06,890 INFO  client.GrpcClientProtocolService (GrpcClientProtocolService.java:lambda$processClientRequest$0(278)) - Failed RaftClientRequest:client-352D35361D97->localhost_10001@group-DB7CD3B4A7F8, cid=42, seq=0, RW, Message:321f0a0f0a0d74657374...(size=33), reply=RaftClientReply:client-352D35361D97->localhost_10001@group-DB7CD3B4A7F8, cid=42, FAILED org.apache.ratis.protocol.LeaderNotReadyException: localhost_10001@group-DB7CD3B4A7F8 is in LEADER state but not ready yet., logIndex=0, commits[localhost_10001:c-1, localhost_10002:c-1, localhost_10000:c-1]
2019-09-26 13:33:06,890 INFO  client.GrpcClientProtocolService (GrpcClientProtocolService.java:lambda$processClientRequest$0(278)) - Failed RaftClientRequest:client-352D35361D97->localhost_10001@group-DB7CD3B4A7F8, cid=42, seq=0, RW, Message:321f0a0f0a0d74657374...(size=33), reply=RaftClientReply:client-352D35361D97->localhost_10001@group-DB7CD3B4A7F8, cid=42, FAILED org.apache.ratis.protocol.LeaderNotReadyException: localhost_10001@group-DB7CD3B4A7F8 is in LEADER state but not ready yet., logIndex=0, commits[localhost_10001:c-1, localhost_10002:c-1, localhost_10000:c-1]
2019-09-26 13:33:06,891 INFO  client.GrpcClientProtocolService (GrpcClientProtocolService.java:lambda$processClientRequest$0(278)) - Failed RaftClientRequest:client-352D35361D97->localhost_10001@group-DB7CD3B4A7F8, cid=42, seq=0, RW, Message:321f0a0f0a0d74657374...(size=33), reply=RaftClientReply:client-352D35361D97->localhost_10001@group-DB7CD3B4A7F8, cid=42, FAILED org.apache.ratis.protocol.LeaderNotReadyException: localhost_10001@group-DB7CD3B4A7F8 is in LEADER state but not ready yet., logIndex=0, commits[localhost_10001:c-1, localhost_10002:c-1, localhost_10000:c-1]
2019-09-26 13:33:06,892 INFO  client.GrpcClientProtocolService (GrpcClientProtocolService.java:lambda$processClientRequest$0(278)) - Failed RaftClientRequest:client-352D35361D97->localhost_10001@group-DB7CD3B4A7F8, cid=42, seq=0, RW, Message:321f0a0f0a0d74657374...(size=33), reply=RaftClientReply:client-352D35361D97->localhost_10001@group-DB7CD3B4A7F8, cid=42, FAILED org.apache.ratis.protocol.LeaderNotReadyException: localhost_10001@group-DB7CD3B4A7F8 is in LEADER state but not ready yet., logIndex=0, commits[localhost_10001:c-1, localhost_10002:c-1, localhost_10000:c-1]
2019-09-26 13:33:06,893 INFO  client.GrpcClientProtocolService (GrpcClientProtocolService.java:lambda$processClientRequest$0(278)) - Failed RaftClientRequest:client-352D35361D97->localhost_10001@group-DB7CD3B4A7F8, cid=42, seq=0, RW, Message:321f0a0f0a0d74657374...(size=33), reply=RaftClientReply:client-352D35361D97->localhost_10001@group-DB7CD3B4A7F8, cid=42, FAILED org.apache.ratis.protocol.LeaderNotReadyException: localhost_10001@group-DB7CD3B4A7F8 is in LEADER state but not ready yet., logIndex=0, commits[localhost_10001:c-1, localhost_10002:c-1, localhost_10000:c-1]
2019-09-26 13:33:06,893 INFO  client.GrpcClientProtocolService (GrpcClientProtocolService.java:lambda$processClientRequest$0(278)) - Failed RaftClientRequest:client-352D35361D97->localhost_10001@group-DB7CD3B4A7F8, cid=42, seq=0, RW, Message:321f0a0f0a0d74657374...(size=33), reply=RaftClientReply:client-352D35361D97->localhost_10001@group-DB7CD3B4A7F8, cid=42, FAILED org.apache.ratis.protocol.LeaderNotReadyException: localhost_10001@group-DB7CD3B4A7F8 is in LEADER state but not ready yet., logIndex=0, commits[localhost_10001:c-1, localhost_10002:c-1, localhost_10000:c-1]
2019-09-26 13:33:06,894 INFO  client.GrpcClientProtocolService (GrpcClientProtocolService.java:lambda$processClientRequest$0(278)) - Failed RaftClientRequest:client-352D35361D97->localhost_10001@group-DB7CD3B4A7F8, cid=42, seq=0, RW, Message:321f0a0f0a0d74657374...(size=33), reply=RaftClientReply:client-352D35361D97->localhost_10001@group-DB7CD3B4A7F8, cid=42, FAILED org.apache.ratis.protocol.LeaderNotReadyException: localhost_10001@group-DB7CD3B4A7F8 is in LEADER state but not ready yet., logIndex=0, commits[localhost_10001:c-1, localhost_10002:c-1, localhost_10000:c-1]
2019-09-26 13:33:06,895 INFO  client.GrpcClientProtocolService (GrpcClientProtocolService.java:lambda$processClientRequest$0(278)) - Failed RaftClientRequest:client-352D35361D97->localhost_10001@group-DB7CD3B4A7F8, cid=42, seq=0, RW, Message:321f0a0f0a0d74657374...(size=33), reply=RaftClientReply:client-352D35361D97->localhost_10001@group-DB7CD3B4A7F8, cid=42, FAILED org.apache.ratis.protocol.LeaderNotReadyException: localhost_10001@group-DB7CD3B4A7F8 is in LEADER state but not ready yet., logIndex=0, commits[localhost_10001:c-1, localhost_10002:c-1, localhost_10000:c-1]
2019-09-26 13:33:06,895 INFO  client.GrpcClientProtocolService (GrpcClientProtocolService.java:lambda$processClientRequest$0(278)) - Failed RaftClientRequest:client-352D35361D97->localhost_10001@group-DB7CD3B4A7F8, cid=42, seq=0, RW, Message:321f0a0f0a0d74657374...(size=33), reply=RaftClientReply:client-352D35361D97->localhost_10001@group-DB7CD3B4A7F8, cid=42, FAILED org.apache.ratis.protocol.LeaderNotReadyException: localhost_10001@group-DB7CD3B4A7F8 is in LEADER state but not ready yet., logIndex=0, commits[localhost_10001:c-1, localhost_10002:c-1, localhost_10000:c-1]
2019-09-26 13:33:06,896 INFO  client.GrpcClientProtocolService (GrpcClientProtocolService.java:lambda$processClientRequest$0(278)) - Failed RaftClientRequest:client-352D35361D97->localhost_10001@group-DB7CD3B4A7F8, cid=42, seq=0, RW, Message:321f0a0f0a0d74657374...(size=33), reply=RaftClientReply:client-352D35361D97->localhost_10001@group-DB7CD3B4A7F8, cid=42, FAILED org.apache.ratis.protocol.LeaderNotReadyException: localhost_10001@group-DB7CD3B4A7F8 is in LEADER state but not ready yet., logIndex=0, commits[localhost_10001:c-1, localhost_10002:c-1, localhost_10000:c-1]
2019-09-26 13:33:06,897 INFO  client.GrpcClientProtocolService (GrpcClientProtocolService.java:lambda$processClientRequest$0(278)) - Failed RaftClientRequest:client-352D35361D97->localhost_10001@group-DB7CD3B4A7F8, cid=42, seq=0, RW, Message:321f0a0f0a0d74657374...(size=33), reply=RaftClientReply:client-352D35361D97->localhost_10001@group-DB7CD3B4A7F8, cid=42, FAILED org.apache.ratis.protocol.LeaderNotReadyException: localhost_10001@group-DB7CD3B4A7F8 is in LEADER state but not ready yet., logIndex=0, commits[localhost_10001:c-1, localhost_10002:c-1, localhost_10000:c-1]
2019-09-26 13:33:06,898 INFO  client.GrpcClientProtocolService (GrpcClientProtocolService.java:lambda$processClientRequest$0(278)) - Failed RaftClientRequest:client-352D35361D97->localhost_10001@group-DB7CD3B4A7F8, cid=42, seq=0, RW, Message:321f0a0f0a0d74657374...(size=33), reply=RaftClientReply:client-352D35361D97->localhost_10001@group-DB7CD3B4A7F8, cid=42, FAILED org.apache.ratis.protocol.LeaderNotReadyException: localhost_10001@group-DB7CD3B4A7F8 is in LEADER state but not ready yet., logIndex=0, commits[localhost_10001:c-1, localhost_10002:c-1, localhost_10000:c-1]
2019-09-26 13:33:06,899 INFO  client.GrpcClientProtocolService (GrpcClientProtocolService.java:lambda$processClientRequest$0(278)) - Failed RaftClientRequest:client-352D35361D97->localhost_10001@group-DB7CD3B4A7F8, cid=42, seq=0, RW, Message:321f0a0f0a0d74657374...(size=33), reply=RaftClientReply:client-352D35361D97->localhost_10001@group-DB7CD3B4A7F8, cid=42, FAILED org.apache.ratis.protocol.LeaderNotReadyException: localhost_10001@group-DB7CD3B4A7F8 is in LEADER state but not ready yet., logIndex=0, commits[localhost_10001:c-1, localhost_10002:c-1, localhost_10000:c-1]
2019-09-26 13:33:06,900 INFO  client.GrpcClientProtocolService (GrpcClientProtocolService.java:lambda$processClientRequest$0(278)) - Failed RaftClientRequest:client-352D35361D97->localhost_10001@group-DB7CD3B4A7F8, cid=42, seq=0, RW, Message:321f0a0f0a0d74657374...(size=33), reply=RaftClientReply:client-352D35361D97->localhost_10001@group-DB7CD3B4A7F8, cid=42, FAILED org.apache.ratis.protocol.LeaderNotReadyException: localhost_10001@group-DB7CD3B4A7F8 is in LEADER state but not ready yet., logIndex=0, commits[localhost_10001:c-1, localhost_10002:c-1, localhost_10000:c-1]
2019-09-26 13:33:06,901 INFO  client.GrpcClientProtocolService (GrpcClientProtocolService.java:lambda$processClientRequest$0(278)) - Failed RaftClientRequest:client-352D35361D97->localhost_10001@group-DB7CD3B4A7F8, cid=42, seq=0, RW, Message:321f0a0f0a0d74657374...(size=33), reply=RaftClientReply:client-352D35361D97->localhost_10001@group-DB7CD3B4A7F8, cid=42, FAILED org.apache.ratis.protocol.LeaderNotReadyException: localhost_10001@group-DB7CD3B4A7F8 is in LEADER state but not ready yet., logIndex=0, commits[localhost_10001:c-1, localhost_10002:c-1, localhost_10000:c-1]
2019-09-26 13:33:06,902 INFO  client.GrpcClientProtocolService (GrpcClientProtocolService.java:lambda$processClientRequest$0(278)) - Failed RaftClientRequest:client-352D35361D97->localhost_10001@group-DB7CD3B4A7F8, cid=42, seq=0, RW, Message:321f0a0f0a0d74657374...(size=33), reply=RaftClientReply:client-352D35361D97->localhost_10001@group-DB7CD3B4A7F8, cid=42, FAILED org.apache.ratis.protocol.LeaderNotReadyException: localhost_10001@group-DB7CD3B4A7F8 is in LEADER state but not ready yet., logIndex=0, commits[localhost_10001:c-1, localhost_10002:c-1, localhost_10000:c-1]
2019-09-26 13:33:06,903 INFO  client.GrpcClientProtocolService (GrpcClientProtocolService.java:lambda$processClientRequest$0(278)) - Failed RaftClientRequest:client-352D35361D97->localhost_10001@group-DB7CD3B4A7F8, cid=42, seq=0, RW, Message:321f0a0f0a0d74657374...(size=33), reply=RaftClientReply:client-352D35361D97->localhost_10001@group-DB7CD3B4A7F8, cid=42, FAILED org.apache.ratis.protocol.LeaderNotReadyException: localhost_10001@group-DB7CD3B4A7F8 is in LEADER state but not ready yet., logIndex=0, commits[localhost_10001:c-1, localhost_10002:c-1, localhost_10000:c-1]
2019-09-26 13:33:06,904 INFO  client.GrpcClientProtocolService (GrpcClientProtocolService.java:lambda$processClientRequest$0(278)) - Failed RaftClientRequest:client-352D35361D97->localhost_10001@group-DB7CD3B4A7F8, cid=42, seq=0, RW, Message:321f0a0f0a0d74657374...(size=33), reply=RaftClientReply:client-352D35361D97->localhost_10001@group-DB7CD3B4A7F8, cid=42, FAILED org.apache.ratis.protocol.LeaderNotReadyException: localhost_10001@group-DB7CD3B4A7F8 is in LEADER state but not ready yet., logIndex=0, commits[localhost_10001:c-1, localhost_10002:c-1, localhost_10000:c-1]
2019-09-26 13:33:06,905 INFO  client.GrpcClientProtocolService (GrpcClientProtocolService.java:lambda$processClientRequest$0(278)) - Failed RaftClientRequest:client-352D35361D97->localhost_10001@group-DB7CD3B4A7F8, cid=42, seq=0, RW, Message:321f0a0f0a0d74657374...(size=33), reply=RaftClientReply:client-352D35361D97->localhost_10001@group-DB7CD3B4A7F8, cid=42, FAILED org.apache.ratis.protocol.LeaderNotReadyException: localhost_10001@group-DB7CD3B4A7F8 is in LEADER state but not ready yet., logIndex=0, commits[localhost_10001:c-1, localhost_10002:c-1, localhost_10000:c-1]
2019-09-26 13:33:06,905 INFO  client.GrpcClientProtocolService (GrpcClientProtocolService.java:lambda$processClientRequest$0(278)) - Failed RaftClientRequest:client-352D35361D97->localhost_10001@group-DB7CD3B4A7F8, cid=42, seq=0, RW, Message:321f0a0f0a0d74657374...(size=33), reply=RaftClientReply:client-352D35361D97->localhost_10001@group-DB7CD3B4A7F8, cid=42, FAILED org.apache.ratis.protocol.LeaderNotReadyException: localhost_10001@group-DB7CD3B4A7F8 is in LEADER state but not ready yet., logIndex=0, commits[localhost_10001:c-1, localhost_10002:c-1, localhost_10000:c-1]
2019-09-26 13:33:06,906 INFO  client.GrpcClientProtocolService (GrpcClientProtocolService.java:lambda$processClientRequest$0(278)) - Failed RaftClientRequest:client-352D35361D97->localhost_10001@group-DB7CD3B4A7F8, cid=42, seq=0, RW, Message:321f0a0f0a0d74657374...(size=33), reply=RaftClientReply:client-352D35361D97->localhost_10001@group-DB7CD3B4A7F8, cid=42, FAILED org.apache.ratis.protocol.LeaderNotReadyException: localhost_10001@group-DB7CD3B4A7F8 is in LEADER state but not ready yet., logIndex=0, commits[localhost_10001:c-1, localhost_10002:c-1, localhost_10000:c-1]
2019-09-26 13:33:06,907 INFO  client.GrpcClientProtocolService (GrpcClientProtocolService.java:lambda$processClientRequest$0(278)) - Failed RaftClientRequest:client-352D35361D97->localhost_10001@group-DB7CD3B4A7F8, cid=42, seq=0, RW, Message:321f0a0f0a0d74657374...(size=33), reply=RaftClientReply:client-352D35361D97->localhost_10001@group-DB7CD3B4A7F8, cid=42, FAILED org.apache.ratis.protocol.LeaderNotReadyException: localhost_10001@group-DB7CD3B4A7F8 is in LEADER state but not ready yet., logIndex=0, commits[localhost_10001:c-1, localhost_10002:c-1, localhost_10000:c-1]
2019-09-26 13:33:06,907 INFO  client.GrpcClientProtocolService (GrpcClientProtocolService.java:lambda$processClientRequest$0(278)) - Failed RaftClientRequest:client-352D35361D97->localhost_10001@group-DB7CD3B4A7F8, cid=42, seq=0, RW, Message:321f0a0f0a0d74657374...(size=33), reply=RaftClientReply:client-352D35361D97->localhost_10001@group-DB7CD3B4A7F8, cid=42, FAILED org.apache.ratis.protocol.LeaderNotReadyException: localhost_10001@group-DB7CD3B4A7F8 is in LEADER state but not ready yet., logIndex=0, commits[localhost_10001:c-1, localhost_10002:c-1, localhost_10000:c-1]
2019-09-26 13:33:06,908 INFO  client.GrpcClientProtocolService (GrpcClientProtocolService.java:lambda$processClientRequest$0(278)) - Failed RaftClientRequest:client-352D35361D97->localhost_10001@group-DB7CD3B4A7F8, cid=42, seq=0, RW, Message:321f0a0f0a0d74657374...(size=33), reply=RaftClientReply:client-352D35361D97->localhost_10001@group-DB7CD3B4A7F8, cid=42, FAILED org.apache.ratis.protocol.LeaderNotReadyException: localhost_10001@group-DB7CD3B4A7F8 is in LEADER state but not ready yet., logIndex=0, commits[localhost_10001:c-1, localhost_10002:c-1, localhost_10000:c-1]
2019-09-26 13:33:06,909 INFO  client.GrpcClientProtocolService (GrpcClientProtocolService.java:lambda$processClientRequest$0(278)) - Failed RaftClientRequest:client-352D35361D97->localhost_10001@group-DB7CD3B4A7F8, cid=42, seq=0, RW, Message:321f0a0f0a0d74657374...(size=33), reply=RaftClientReply:client-352D35361D97->localhost_10001@group-DB7CD3B4A7F8, cid=42, FAILED org.apache.ratis.protocol.LeaderNotReadyException: localhost_10001@group-DB7CD3B4A7F8 is in LEADER state but not ready yet., logIndex=0, commits[localhost_10001:c-1, localhost_10002:c-1, localhost_10000:c-1]
2019-09-26 13:33:06,909 INFO  client.GrpcClientProtocolService (GrpcClientProtocolService.java:lambda$processClientRequest$0(278)) - Failed RaftClientRequest:client-352D35361D97->localhost_10001@group-DB7CD3B4A7F8, cid=42, seq=0, RW, Message:321f0a0f0a0d74657374...(size=33), reply=RaftClientReply:client-352D35361D97->localhost_10001@group-DB7CD3B4A7F8, cid=42, FAILED org.apache.ratis.protocol.LeaderNotReadyException: localhost_10001@group-DB7CD3B4A7F8 is in LEADER state but not ready yet., logIndex=0, commits[localhost_10001:c-1, localhost_10002:c-1, localhost_10000:c-1]
2019-09-26 13:33:06,910 INFO  client.GrpcClientProtocolService (GrpcClientProtocolService.java:lambda$processClientRequest$0(278)) - Failed RaftClientRequest:client-352D35361D97->localhost_10001@group-DB7CD3B4A7F8, cid=42, seq=0, RW, Message:321f0a0f0a0d74657374...(size=33), reply=RaftClientReply:client-352D35361D97->localhost_10001@group-DB7CD3B4A7F8, cid=42, FAILED org.apache.ratis.protocol.LeaderNotReadyException: localhost_10001@group-DB7CD3B4A7F8 is in LEADER state but not ready yet., logIndex=0, commits[localhost_10001:c-1, localhost_10002:c-1, localhost_10000:c-1]
2019-09-26 13:33:06,911 INFO  client.GrpcClientProtocolService (GrpcClientProtocolService.java:lambda$processClientRequest$0(278)) - Failed RaftClientRequest:client-352D35361D97->localhost_10001@group-DB7CD3B4A7F8, cid=42, seq=0, RW, Message:321f0a0f0a0d74657374...(size=33), reply=RaftClientReply:client-352D35361D97->localhost_10001@group-DB7CD3B4A7F8, cid=42, FAILED org.apache.ratis.protocol.LeaderNotReadyException: localhost_10001@group-DB7CD3B4A7F8 is in LEADER state but not ready yet., logIndex=0, commits[localhost_10001:c-1, localhost_10002:c-1, localhost_10000:c-1]
2019-09-26 13:33:06,911 INFO  client.GrpcClientProtocolService (GrpcClientProtocolService.java:lambda$processClientRequest$0(278)) - Failed RaftClientRequest:client-352D35361D97->localhost_10001@group-DB7CD3B4A7F8, cid=42, seq=0, RW, Message:321f0a0f0a0d74657374...(size=33), reply=RaftClientReply:client-352D35361D97->localhost_10001@group-DB7CD3B4A7F8, cid=42, FAILED org.apache.ratis.protocol.LeaderNotReadyException: localhost_10001@group-DB7CD3B4A7F8 is in LEADER state but not ready yet., logIndex=0, commits[localhost_10001:c-1, localhost_10002:c-1, localhost_10000:c-1]
2019-09-26 13:33:06,912 INFO  client.GrpcClientProtocolService (GrpcClientProtocolService.java:lambda$processClientRequest$0(278)) - Failed RaftClientRequest:client-352D35361D97->localhost_10001@group-DB7CD3B4A7F8, cid=42, seq=0, RW, Message:321f0a0f0a0d74657374...(size=33), reply=RaftClientReply:client-352D35361D97->localhost_10001@group-DB7CD3B4A7F8, cid=42, FAILED org.apache.ratis.protocol.LeaderNotReadyException: localhost_10001@group-DB7CD3B4A7F8 is in LEADER state but not ready yet., logIndex=0, commits[localhost_10001:c-1, localhost_10002:c-1, localhost_10000:c-1]
2019-09-26 13:33:06,913 INFO  client.GrpcClientProtocolService (GrpcClientProtocolService.java:lambda$processClientRequest$0(278)) - Failed RaftClientRequest:client-352D35361D97->localhost_10001@group-DB7CD3B4A7F8, cid=42, seq=0, RW, Message:321f0a0f0a0d74657374...(size=33), reply=RaftClientReply:client-352D35361D97->localhost_10001@group-DB7CD3B4A7F8, cid=42, FAILED org.apache.ratis.protocol.LeaderNotReadyException: localhost_10001@group-DB7CD3B4A7F8 is in LEADER state but not ready yet., logIndex=0, commits[localhost_10001:c-1, localhost_10002:c-1, localhost_10000:c-1]
2019-09-26 13:33:06,914 INFO  client.GrpcClientProtocolService (GrpcClientProtocolService.java:lambda$processClientRequest$0(278)) - Failed RaftClientRequest:client-352D35361D97->localhost_10001@group-DB7CD3B4A7F8, cid=42, seq=0, RW, Message:321f0a0f0a0d74657374...(size=33), reply=RaftClientReply:client-352D35361D97->localhost_10001@group-DB7CD3B4A7F8, cid=42, FAILED org.apache.ratis.protocol.LeaderNotReadyException: localhost_10001@group-DB7CD3B4A7F8 is in LEADER state but not ready yet., logIndex=0, commits[localhost_10001:c-1, localhost_10002:c-1, localhost_10000:c-1]
2019-09-26 13:33:06,914 INFO  client.GrpcClientProtocolService (GrpcClientProtocolService.java:lambda$processClientRequest$0(278)) - Failed RaftClientRequest:client-352D35361D97->localhost_10001@group-DB7CD3B4A7F8, cid=42, seq=0, RW, Message:321f0a0f0a0d74657374...(size=33), reply=RaftClientReply:client-352D35361D97->localhost_10001@group-DB7CD3B4A7F8, cid=42, FAILED org.apache.ratis.protocol.LeaderNotReadyException: localhost_10001@group-DB7CD3B4A7F8 is in LEADER state but not ready yet., logIndex=0, commits[localhost_10001:c-1, localhost_10002:c-1, localhost_10000:c-1]
2019-09-26 13:33:06,915 INFO  client.GrpcClientProtocolService (GrpcClientProtocolService.java:lambda$processClientRequest$0(278)) - Failed RaftClientRequest:client-352D35361D97->localhost_10001@group-DB7CD3B4A7F8, cid=42, seq=0, RW, Message:321f0a0f0a0d74657374...(size=33), reply=RaftClientReply:client-352D35361D97->localhost_10001@group-DB7CD3B4A7F8, cid=42, FAILED org.apache.ratis.protocol.LeaderNotReadyException: localhost_10001@group-DB7CD3B4A7F8 is in LEADER state but not ready yet., logIndex=0, commits[localhost_10001:c-1, localhost_10002:c-1, localhost_10000:c-1]
2019-09-26 13:33:06,916 INFO  client.GrpcClientProtocolService (GrpcClientProtocolService.java:lambda$processClientRequest$0(278)) - Failed RaftClientRequest:client-352D35361D97->localhost_10001@group-DB7CD3B4A7F8, cid=42, seq=0, RW, Message:321f0a0f0a0d74657374...(size=33), reply=RaftClientReply:client-352D35361D97->localhost_10001@group-DB7CD3B4A7F8, cid=42, FAILED org.apache.ratis.protocol.LeaderNotReadyException: localhost_10001@group-DB7CD3B4A7F8 is in LEADER state but not ready yet., logIndex=0, commits[localhost_10001:c-1, localhost_10002:c-1, localhost_10000:c-1]
2019-09-26 13:33:06,917 INFO  client.GrpcClientProtocolService (GrpcClientProtocolService.java:lambda$processClientRequest$0(278)) - Failed RaftClientRequest:client-352D35361D97->localhost_10001@group-DB7CD3B4A7F8, cid=42, seq=0, RW, Message:321f0a0f0a0d74657374...(size=33), reply=RaftClientReply:client-352D35361D97->localhost_10001@group-DB7CD3B4A7F8, cid=42, FAILED org.apache.ratis.protocol.LeaderNotReadyException: localhost_10001@group-DB7CD3B4A7F8 is in LEADER state but not ready yet., logIndex=0, commits[localhost_10001:c-1, localhost_10002:c-1, localhost_10000:c-1]
2019-09-26 13:33:06,917 INFO  client.GrpcClientProtocolService (GrpcClientProtocolService.java:lambda$processClientRequest$0(278)) - Failed RaftClientRequest:client-352D35361D97->localhost_10001@group-DB7CD3B4A7F8, cid=42, seq=0, RW, Message:321f0a0f0a0d74657374...(size=33), reply=RaftClientReply:client-352D35361D97->localhost_10001@group-DB7CD3B4A7F8, cid=42, FAILED org.apache.ratis.protocol.LeaderNotReadyException: localhost_10001@group-DB7CD3B4A7F8 is in LEADER state but not ready yet., logIndex=0, commits[localhost_10001:c-1, localhost_10002:c-1, localhost_10000:c-1]
2019-09-26 13:33:06,918 INFO  client.GrpcClientProtocolService (GrpcClientProtocolService.java:lambda$processClientRequest$0(278)) - Failed RaftClientRequest:client-352D35361D97->localhost_10001@group-DB7CD3B4A7F8, cid=42, seq=0, RW, Message:321f0a0f0a0d74657374...(size=33), reply=RaftClientReply:client-352D35361D97->localhost_10001@group-DB7CD3B4A7F8, cid=42, FAILED org.apache.ratis.protocol.LeaderNotReadyException: localhost_10001@group-DB7CD3B4A7F8 is in LEADER state but not ready yet., logIndex=0, commits[localhost_10001:c-1, localhost_10002:c-1, localhost_10000:c-1]
2019-09-26 13:33:06,919 INFO  client.GrpcClientProtocolService (GrpcClientProtocolService.java:lambda$processClientRequest$0(278)) - Failed RaftClientRequest:client-352D35361D97->localhost_10001@group-DB7CD3B4A7F8, cid=42, seq=0, RW, Message:321f0a0f0a0d74657374...(size=33), reply=RaftClientReply:client-352D35361D97->localhost_10001@group-DB7CD3B4A7F8, cid=42, FAILED org.apache.ratis.protocol.LeaderNotReadyException: localhost_10001@group-DB7CD3B4A7F8 is in LEADER state but not ready yet., logIndex=0, commits[localhost_10001:c-1, localhost_10002:c-1, localhost_10000:c-1]
2019-09-26 13:33:06,919 INFO  client.GrpcClientProtocolService (GrpcClientProtocolService.java:lambda$processClientRequest$0(278)) - Failed RaftClientRequest:client-352D35361D97->localhost_10001@group-DB7CD3B4A7F8, cid=42, seq=0, RW, Message:321f0a0f0a0d74657374...(size=33), reply=RaftClientReply:client-352D35361D97->localhost_10001@group-DB7CD3B4A7F8, cid=42, FAILED org.apache.ratis.protocol.LeaderNotReadyException: localhost_10001@group-DB7CD3B4A7F8 is in LEADER state but not ready yet., logIndex=0, commits[localhost_10001:c-1, localhost_10002:c-1, localhost_10000:c-1]
2019-09-26 13:33:06,920 INFO  client.GrpcClientProtocolService (GrpcClientProtocolService.java:lambda$processClientRequest$0(278)) - Failed RaftClientRequest:client-352D35361D97->localhost_10001@group-DB7CD3B4A7F8, cid=42, seq=0, RW, Message:321f0a0f0a0d74657374...(size=33), reply=RaftClientReply:client-352D35361D97->localhost_10001@group-DB7CD3B4A7F8, cid=42, FAILED org.apache.ratis.protocol.LeaderNotReadyException: localhost_10001@group-DB7CD3B4A7F8 is in LEADER state but not ready yet., logIndex=0, commits[localhost_10001:c-1, localhost_10002:c-1, localhost_10000:c-1]
2019-09-26 13:33:06,921 INFO  client.GrpcClientProtocolService (GrpcClientProtocolService.java:lambda$processClientRequest$0(278)) - Failed RaftClientRequest:client-352D35361D97->localhost_10001@group-DB7CD3B4A7F8, cid=42, seq=0, RW, Message:321f0a0f0a0d74657374...(size=33), reply=RaftClientReply:client-352D35361D97->localhost_10001@group-DB7CD3B4A7F8, cid=42, FAILED org.apache.ratis.protocol.LeaderNotReadyException: localhost_10001@group-DB7CD3B4A7F8 is in LEADER state but not ready yet., logIndex=0, commits[localhost_10001:c-1, localhost_10002:c-1, localhost_10000:c-1]
2019-09-26 13:33:06,921 INFO  client.GrpcClientProtocolService (GrpcClientProtocolService.java:lambda$processClientRequest$0(278)) - Failed RaftClientRequest:client-352D35361D97->localhost_10001@group-DB7CD3B4A7F8, cid=42, seq=0, RW, Message:321f0a0f0a0d74657374...(size=33), reply=RaftClientReply:client-352D35361D97->localhost_10001@group-DB7CD3B4A7F8, cid=42, FAILED org.apache.ratis.protocol.LeaderNotReadyException: localhost_10001@group-DB7CD3B4A7F8 is in LEADER state but not ready yet., logIndex=0, commits[localhost_10001:c-1, localhost_10002:c-1, localhost_10000:c-1]
2019-09-26 13:33:06,922 INFO  client.GrpcClientProtocolService (GrpcClientProtocolService.java:lambda$processClientRequest$0(278)) - Failed RaftClientRequest:client-352D35361D97->localhost_10001@group-DB7CD3B4A7F8, cid=42, seq=0, RW, Message:321f0a0f0a0d74657374...(size=33), reply=RaftClientReply:client-352D35361D97->localhost_10001@group-DB7CD3B4A7F8, cid=42, FAILED org.apache.ratis.protocol.LeaderNotReadyException: localhost_10001@group-DB7CD3B4A7F8 is in LEADER state but not ready yet., logIndex=0, commits[localhost_10001:c-1, localhost_10002:c-1, localhost_10000:c-1]
2019-09-26 13:33:06,923 INFO  client.GrpcClientProtocolService (GrpcClientProtocolService.java:lambda$processClientRequest$0(278)) - Failed RaftClientRequest:client-352D35361D97->localhost_10001@group-DB7CD3B4A7F8, cid=42, seq=0, RW, Message:321f0a0f0a0d74657374...(size=33), reply=RaftClientReply:client-352D35361D97->localhost_10001@group-DB7CD3B4A7F8, cid=42, FAILED org.apache.ratis.protocol.LeaderNotReadyException: localhost_10001@group-DB7CD3B4A7F8 is in LEADER state but not ready yet., logIndex=0, commits[localhost_10001:c-1, localhost_10002:c-1, localhost_10000:c-1]
2019-09-26 13:33:06,924 INFO  client.GrpcClientProtocolService (GrpcClientProtocolService.java:lambda$processClientRequest$0(278)) - Failed RaftClientRequest:client-352D35361D97->localhost_10001@group-DB7CD3B4A7F8, cid=42, seq=0, RW, Message:321f0a0f0a0d74657374...(size=33), reply=RaftClientReply:client-352D35361D97->localhost_10001@group-DB7CD3B4A7F8, cid=42, FAILED org.apache.ratis.protocol.LeaderNotReadyException: localhost_10001@group-DB7CD3B4A7F8 is in LEADER state but not ready yet., logIndex=0, commits[localhost_10001:c-1, localhost_10002:c-1, localhost_10000:c-1]
2019-09-26 13:33:06,924 INFO  client.GrpcClientProtocolService (GrpcClientProtocolService.java:lambda$processClientRequest$0(278)) - Failed RaftClientRequest:client-352D35361D97->localhost_10001@group-DB7CD3B4A7F8, cid=42, seq=0, RW, Message:321f0a0f0a0d74657374...(size=33), reply=RaftClientReply:client-352D35361D97->localhost_10001@group-DB7CD3B4A7F8, cid=42, FAILED org.apache.ratis.protocol.LeaderNotReadyException: localhost_10001@group-DB7CD3B4A7F8 is in LEADER state but not ready yet., logIndex=0, commits[localhost_10001:c-1, localhost_10002:c-1, localhost_10000:c-1]
2019-09-26 13:33:06,925 INFO  client.GrpcClientProtocolService (GrpcClientProtocolService.java:lambda$processClientRequest$0(278)) - Failed RaftClientRequest:client-352D35361D97->localhost_10001@group-DB7CD3B4A7F8, cid=42, seq=0, RW, Message:321f0a0f0a0d74657374...(size=33), reply=RaftClientReply:client-352D35361D97->localhost_10001@group-DB7CD3B4A7F8, cid=42, FAILED org.apache.ratis.protocol.LeaderNotReadyException: localhost_10001@group-DB7CD3B4A7F8 is in LEADER state but not ready yet., logIndex=0, commits[localhost_10001:c-1, localhost_10002:c-1, localhost_10000:c-1]
2019-09-26 13:33:06,926 INFO  client.GrpcClientProtocolService (GrpcClientProtocolService.java:lambda$processClientRequest$0(278)) - Failed RaftClientRequest:client-352D35361D97->localhost_10001@group-DB7CD3B4A7F8, cid=42, seq=0, RW, Message:321f0a0f0a0d74657374...(size=33), reply=RaftClientReply:client-352D35361D97->localhost_10001@group-DB7CD3B4A7F8, cid=42, FAILED org.apache.ratis.protocol.LeaderNotReadyException: localhost_10001@group-DB7CD3B4A7F8 is in LEADER state but not ready yet., logIndex=0, commits[localhost_10001:c-1, localhost_10002:c-1, localhost_10000:c-1]
2019-09-26 13:33:06,926 INFO  client.GrpcClientProtocolService (GrpcClientProtocolService.java:lambda$processClientRequest$0(278)) - Failed RaftClientRequest:client-352D35361D97->localhost_10001@group-DB7CD3B4A7F8, cid=42, seq=0, RW, Message:321f0a0f0a0d74657374...(size=33), reply=RaftClientReply:client-352D35361D97->localhost_10001@group-DB7CD3B4A7F8, cid=42, FAILED org.apache.ratis.protocol.LeaderNotReadyException: localhost_10001@group-DB7CD3B4A7F8 is in LEADER state but not ready yet., logIndex=0, commits[localhost_10001:c-1, localhost_10002:c-1, localhost_10000:c-1]
2019-09-26 13:33:06,927 INFO  client.GrpcClientProtocolService (GrpcClientProtocolService.java:lambda$processClientRequest$0(278)) - Failed RaftClientRequest:client-352D35361D97->localhost_10001@group-DB7CD3B4A7F8, cid=42, seq=0, RW, Message:321f0a0f0a0d74657374...(size=33), reply=RaftClientReply:client-352D35361D97->localhost_10001@group-DB7CD3B4A7F8, cid=42, FAILED org.apache.ratis.protocol.LeaderNotReadyException: localhost_10001@group-DB7CD3B4A7F8 is in LEADER state but not ready yet., logIndex=0, commits[localhost_10001:c-1, localhost_10002:c-1, localhost_10000:c-1]
2019-09-26 13:33:06,928 INFO  client.GrpcClientProtocolService (GrpcClientProtocolService.java:lambda$processClientRequest$0(278)) - Failed RaftClientRequest:client-352D35361D97->localhost_10001@group-DB7CD3B4A7F8, cid=42, seq=0, RW, Message:321f0a0f0a0d74657374...(size=33), reply=RaftClientReply:client-352D35361D97->localhost_10001@group-DB7CD3B4A7F8, cid=42, FAILED org.apache.ratis.protocol.LeaderNotReadyException: localhost_10001@group-DB7CD3B4A7F8 is in LEADER state but not ready yet., logIndex=0, commits[localhost_10001:c-1, localhost_10002:c-1, localhost_10000:c-1]
2019-09-26 13:33:06,929 INFO  client.GrpcClientProtocolService (GrpcClientProtocolService.java:lambda$processClientRequest$0(278)) - Failed RaftClientRequest:client-352D35361D97->localhost_10001@group-DB7CD3B4A7F8, cid=42, seq=0, RW, Message:321f0a0f0a0d74657374...(size=33), reply=RaftClientReply:client-352D35361D97->localhost_10001@group-DB7CD3B4A7F8, cid=42, FAILED org.apache.ratis.protocol.LeaderNotReadyException: localhost_10001@group-DB7CD3B4A7F8 is in LEADER state but not ready yet., logIndex=0, commits[localhost_10001:c-1, localhost_10002:c-1, localhost_10000:c-1]
2019-09-26 13:33:06,929 INFO  client.GrpcClientProtocolService (GrpcClientProtocolService.java:lambda$processClientRequest$0(278)) - Failed RaftClientRequest:client-352D35361D97->localhost_10001@group-DB7CD3B4A7F8, cid=42, seq=0, RW, Message:321f0a0f0a0d74657374...(size=33), reply=RaftClientReply:client-352D35361D97->localhost_10001@group-DB7CD3B4A7F8, cid=42, FAILED org.apache.ratis.protocol.LeaderNotReadyException: localhost_10001@group-DB7CD3B4A7F8 is in LEADER state but not ready yet., logIndex=0, commits[localhost_10001:c-1, localhost_10002:c-1, localhost_10000:c-1]
2019-09-26 13:33:06,930 INFO  client.GrpcClientProtocolService (GrpcClientProtocolService.java:lambda$processClientRequest$0(278)) - Failed RaftClientRequest:client-352D35361D97->localhost_10001@group-DB7CD3B4A7F8, cid=42, seq=0, RW, Message:321f0a0f0a0d74657374...(size=33), reply=RaftClientReply:client-352D35361D97->localhost_10001@group-DB7CD3B4A7F8, cid=42, FAILED org.apache.ratis.protocol.LeaderNotReadyException: localhost_10001@group-DB7CD3B4A7F8 is in LEADER state but not ready yet., logIndex=0, commits[localhost_10001:c-1, localhost_10002:c-1, localhost_10000:c-1]
2019-09-26 13:33:06,931 INFO  client.GrpcClientProtocolService (GrpcClientProtocolService.java:lambda$processClientRequest$0(278)) - Failed RaftClientRequest:client-352D35361D97->localhost_10001@group-DB7CD3B4A7F8, cid=42, seq=0, RW, Message:321f0a0f0a0d74657374...(size=33), reply=RaftClientReply:client-352D35361D97->localhost_10001@group-DB7CD3B4A7F8, cid=42, FAILED org.apache.ratis.protocol.LeaderNotReadyException: localhost_10001@group-DB7CD3B4A7F8 is in LEADER state but not ready yet., logIndex=0, commits[localhost_10001:c-1, localhost_10002:c-1, localhost_10000:c-1]
2019-09-26 13:33:06,931 INFO  client.GrpcClientProtocolService (GrpcClientProtocolService.java:lambda$processClientRequest$0(278)) - Failed RaftClientRequest:client-352D35361D97->localhost_10001@group-DB7CD3B4A7F8, cid=42, seq=0, RW, Message:321f0a0f0a0d74657374...(size=33), reply=RaftClientReply:client-352D35361D97->localhost_10001@group-DB7CD3B4A7F8, cid=42, FAILED org.apache.ratis.protocol.LeaderNotReadyException: localhost_10001@group-DB7CD3B4A7F8 is in LEADER state but not ready yet., logIndex=0, commits[localhost_10001:c-1, localhost_10002:c-1, localhost_10000:c-1]
2019-09-26 13:33:06,932 INFO  client.GrpcClientProtocolService (GrpcClientProtocolService.java:lambda$processClientRequest$0(278)) - Failed RaftClientRequest:client-352D35361D97->localhost_10001@group-DB7CD3B4A7F8, cid=42, seq=0, RW, Message:321f0a0f0a0d74657374...(size=33), reply=RaftClientReply:client-352D35361D97->localhost_10001@group-DB7CD3B4A7F8, cid=42, FAILED org.apache.ratis.protocol.LeaderNotReadyException: localhost_10001@group-DB7CD3B4A7F8 is in LEADER state but not ready yet., logIndex=0, commits[localhost_10001:c-1, localhost_10002:c-1, localhost_10000:c-1]
2019-09-26 13:33:06,933 INFO  client.GrpcClientProtocolService (GrpcClientProtocolService.java:lambda$processClientRequest$0(278)) - Failed RaftClientRequest:client-352D35361D97->localhost_10001@group-DB7CD3B4A7F8, cid=42, seq=0, RW, Message:321f0a0f0a0d74657374...(size=33), reply=RaftClientReply:client-352D35361D97->localhost_10001@group-DB7CD3B4A7F8, cid=42, FAILED org.apache.ratis.protocol.LeaderNotReadyException: localhost_10001@group-DB7CD3B4A7F8 is in LEADER state but not ready yet., logIndex=0, commits[localhost_10001:c-1, localhost_10002:c-1, localhost_10000:c-1]
2019-09-26 13:33:06,933 INFO  client.GrpcClientProtocolService (GrpcClientProtocolService.java:lambda$processClientRequest$0(278)) - Failed RaftClientRequest:client-352D35361D97->localhost_10001@group-DB7CD3B4A7F8, cid=42, seq=0, RW, Message:321f0a0f0a0d74657374...(size=33), reply=RaftClientReply:client-352D35361D97->localhost_10001@group-DB7CD3B4A7F8, cid=42, FAILED org.apache.ratis.protocol.LeaderNotReadyException: localhost_10001@group-DB7CD3B4A7F8 is in LEADER state but not ready yet., logIndex=0, commits[localhost_10001:c-1, localhost_10002:c-1, localhost_10000:c-1]
2019-09-26 13:33:06,934 INFO  client.GrpcClientProtocolService (GrpcClientProtocolService.java:lambda$processClientRequest$0(278)) - Failed RaftClientRequest:client-352D35361D97->localhost_10001@group-DB7CD3B4A7F8, cid=42, seq=0, RW, Message:321f0a0f0a0d74657374...(size=33), reply=RaftClientReply:client-352D35361D97->localhost_10001@group-DB7CD3B4A7F8, cid=42, FAILED org.apache.ratis.protocol.LeaderNotReadyException: localhost_10001@group-DB7CD3B4A7F8 is in LEADER state but not ready yet., logIndex=0, commits[localhost_10001:c-1, localhost_10002:c-1, localhost_10000:c-1]
2019-09-26 13:33:06,935 INFO  client.GrpcClientProtocolService (GrpcClientProtocolService.java:lambda$processClientRequest$0(278)) - Failed RaftClientRequest:client-352D35361D97->localhost_10001@group-DB7CD3B4A7F8, cid=42, seq=0, RW, Message:321f0a0f0a0d74657374...(size=33), reply=RaftClientReply:client-352D35361D97->localhost_10001@group-DB7CD3B4A7F8, cid=42, FAILED org.apache.ratis.protocol.LeaderNotReadyException: localhost_10001@group-DB7CD3B4A7F8 is in LEADER state but not ready yet., logIndex=0, commits[localhost_10001:c-1, localhost_10002:c-1, localhost_10000:c-1]
2019-09-26 13:33:06,935 INFO  client.GrpcClientProtocolService (GrpcClientProtocolService.java:lambda$processClientRequest$0(278)) - Failed RaftClientRequest:client-352D35361D97->localhost_10001@group-DB7CD3B4A7F8, cid=42, seq=0, RW, Message:321f0a0f0a0d74657374...(size=33), reply=RaftClientReply:client-352D35361D97->localhost_10001@group-DB7CD3B4A7F8, cid=42, FAILED org.apache.ratis.protocol.LeaderNotReadyException: localhost_10001@group-DB7CD3B4A7F8 is in LEADER state but not ready yet., logIndex=0, commits[localhost_10001:c-1, localhost_10002:c-1, localhost_10000:c-1]
2019-09-26 13:33:06,936 INFO  client.GrpcClientProtocolService (GrpcClientProtocolService.java:lambda$processClientRequest$0(278)) - Failed RaftClientRequest:client-352D35361D97->localhost_10001@group-DB7CD3B4A7F8, cid=42, seq=0, RW, Message:321f0a0f0a0d74657374...(size=33), reply=RaftClientReply:client-352D35361D97->localhost_10001@group-DB7CD3B4A7F8, cid=42, FAILED org.apache.ratis.protocol.LeaderNotReadyException: localhost_10001@group-DB7CD3B4A7F8 is in LEADER state but not ready yet., logIndex=0, commits[localhost_10001:c-1, localhost_10002:c-1, localhost_10000:c-1]
2019-09-26 13:33:06,937 INFO  client.GrpcClientProtocolService (GrpcClientProtocolService.java:lambda$processClientRequest$0(278)) - Failed RaftClientRequest:client-352D35361D97->localhost_10001@group-DB7CD3B4A7F8, cid=42, seq=0, RW, Message:321f0a0f0a0d74657374...(size=33), reply=RaftClientReply:client-352D35361D97->localhost_10001@group-DB7CD3B4A7F8, cid=42, FAILED org.apache.ratis.protocol.LeaderNotReadyException: localhost_10001@group-DB7CD3B4A7F8 is in LEADER state but not ready yet., logIndex=0, commits[localhost_10001:c-1, localhost_10002:c-1, localhost_10000:c-1]
2019-09-26 13:33:06,938 INFO  client.GrpcClientProtocolService (GrpcClientProtocolService.java:lambda$processClientRequest$0(278)) - Failed RaftClientRequest:client-352D35361D97->localhost_10001@group-DB7CD3B4A7F8, cid=42, seq=0, RW, Message:321f0a0f0a0d74657374...(size=33), reply=RaftClientReply:client-352D35361D97->localhost_10001@group-DB7CD3B4A7F8, cid=42, FAILED org.apache.ratis.protocol.LeaderNotReadyException: localhost_10001@group-DB7CD3B4A7F8 is in LEADER state but not ready yet., logIndex=0, commits[localhost_10001:c-1, localhost_10002:c-1, localhost_10000:c-1]
2019-09-26 13:33:06,938 INFO  client.GrpcClientProtocolService (GrpcClientProtocolService.java:lambda$processClientRequest$0(278)) - Failed RaftClientRequest:client-352D35361D97->localhost_10001@group-DB7CD3B4A7F8, cid=42, seq=0, RW, Message:321f0a0f0a0d74657374...(size=33), reply=RaftClientReply:client-352D35361D97->localhost_10001@group-DB7CD3B4A7F8, cid=42, FAILED org.apache.ratis.protocol.LeaderNotReadyException: localhost_10001@group-DB7CD3B4A7F8 is in LEADER state but not ready yet., logIndex=0, commits[localhost_10001:c-1, localhost_10002:c-1, localhost_10000:c-1]
2019-09-26 13:33:06,939 INFO  client.GrpcClientProtocolService (GrpcClientProtocolService.java:lambda$processClientRequest$0(278)) - Failed RaftClientRequest:client-352D35361D97->localhost_10001@group-DB7CD3B4A7F8, cid=42, seq=0, RW, Message:321f0a0f0a0d74657374...(size=33), reply=RaftClientReply:client-352D35361D97->localhost_10001@group-DB7CD3B4A7F8, cid=42, FAILED org.apache.ratis.protocol.LeaderNotReadyException: localhost_10001@group-DB7CD3B4A7F8 is in LEADER state but not ready yet., logIndex=0, commits[localhost_10001:c-1, localhost_10002:c-1, localhost_10000:c-1]
2019-09-26 13:33:06,940 INFO  client.GrpcClientProtocolService (GrpcClientProtocolService.java:lambda$processClientRequest$0(278)) - Failed RaftClientRequest:client-352D35361D97->localhost_10001@group-DB7CD3B4A7F8, cid=42, seq=0, RW, Message:321f0a0f0a0d74657374...(size=33), reply=RaftClientReply:client-352D35361D97->localhost_10001@group-DB7CD3B4A7F8, cid=42, FAILED org.apache.ratis.protocol.LeaderNotReadyException: localhost_10001@group-DB7CD3B4A7F8 is in LEADER state but not ready yet., logIndex=0, commits[localhost_10001:c-1, localhost_10002:c-1, localhost_10000:c-1]
2019-09-26 13:33:06,941 INFO  client.GrpcClientProtocolService (GrpcClientProtocolService.java:lambda$processClientRequest$0(278)) - Failed RaftClientRequest:client-352D35361D97->localhost_10001@group-DB7CD3B4A7F8, cid=42, seq=0, RW, Message:321f0a0f0a0d74657374...(size=33), reply=RaftClientReply:client-352D35361D97->localhost_10001@group-DB7CD3B4A7F8, cid=42, FAILED org.apache.ratis.protocol.LeaderNotReadyException: localhost_10001@group-DB7CD3B4A7F8 is in LEADER state but not ready yet., logIndex=0, commits[localhost_10001:c-1, localhost_10002:c-1, localhost_10000:c-1]
2019-09-26 13:33:06,941 INFO  client.GrpcClientProtocolService (GrpcClientProtocolService.java:lambda$processClientRequest$0(278)) - Failed RaftClientRequest:client-352D35361D97->localhost_10001@group-DB7CD3B4A7F8, cid=42, seq=0, RW, Message:321f0a0f0a0d74657374...(size=33), reply=RaftClientReply:client-352D35361D97->localhost_10001@group-DB7CD3B4A7F8, cid=42, FAILED org.apache.ratis.protocol.LeaderNotReadyException: localhost_10001@group-DB7CD3B4A7F8 is in LEADER state but not ready yet., logIndex=0, commits[localhost_10001:c-1, localhost_10002:c-1, localhost_10000:c-1]
2019-09-26 13:33:06,942 INFO  client.GrpcClientProtocolService (GrpcClientProtocolService.java:lambda$processClientRequest$0(278)) - Failed RaftClientRequest:client-352D35361D97->localhost_10001@group-DB7CD3B4A7F8, cid=42, seq=0, RW, Message:321f0a0f0a0d74657374...(size=33), reply=RaftClientReply:client-352D35361D97->localhost_10001@group-DB7CD3B4A7F8, cid=42, FAILED org.apache.ratis.protocol.LeaderNotReadyException: localhost_10001@group-DB7CD3B4A7F8 is in LEADER state but not ready yet., logIndex=0, commits[localhost_10001:c-1, localhost_10002:c-1, localhost_10000:c-1]
2019-09-26 13:33:06,942 INFO  client.GrpcClientProtocolService (GrpcClientProtocolService.java:lambda$processClientRequest$0(278)) - Failed RaftClientRequest:client-352D35361D97->localhost_10001@group-DB7CD3B4A7F8, cid=42, seq=0, RW, Message:321f0a0f0a0d74657374...(size=33), reply=RaftClientReply:client-352D35361D97->localhost_10001@group-DB7CD3B4A7F8, cid=42, FAILED org.apache.ratis.protocol.LeaderNotReadyException: localhost_10001@group-DB7CD3B4A7F8 is in LEADER state but not ready yet., logIndex=0, commits[localhost_10001:c-1, localhost_10002:c-1, localhost_10000:c-1]
2019-09-26 13:33:06,943 INFO  client.GrpcClientProtocolService (GrpcClientProtocolService.java:lambda$processClientRequest$0(278)) - Failed RaftClientRequest:client-352D35361D97->localhost_10001@group-DB7CD3B4A7F8, cid=42, seq=0, RW, Message:321f0a0f0a0d74657374...(size=33), reply=RaftClientReply:client-352D35361D97->localhost_10001@group-DB7CD3B4A7F8, cid=42, FAILED org.apache.ratis.protocol.LeaderNotReadyException: localhost_10001@group-DB7CD3B4A7F8 is in LEADER state but not ready yet., logIndex=0, commits[localhost_10001:c-1, localhost_10002:c-1, localhost_10000:c-1]
2019-09-26 13:33:06,944 INFO  client.GrpcClientProtocolService (GrpcClientProtocolService.java:lambda$processClientRequest$0(278)) - Failed RaftClientRequest:client-352D35361D97->localhost_10001@group-DB7CD3B4A7F8, cid=42, seq=0, RW, Message:321f0a0f0a0d74657374...(size=33), reply=RaftClientReply:client-352D35361D97->localhost_10001@group-DB7CD3B4A7F8, cid=42, FAILED org.apache.ratis.protocol.LeaderNotReadyException: localhost_10001@group-DB7CD3B4A7F8 is in LEADER state but not ready yet., logIndex=0, commits[localhost_10001:c-1, localhost_10002:c-1, localhost_10000:c-1]
2019-09-26 13:33:06,944 INFO  client.GrpcClientProtocolService (GrpcClientProtocolService.java:lambda$processClientRequest$0(278)) - Failed RaftClientRequest:client-352D35361D97->localhost_10001@group-DB7CD3B4A7F8, cid=42, seq=0, RW, Message:321f0a0f0a0d74657374...(size=33), reply=RaftClientReply:client-352D35361D97->localhost_10001@group-DB7CD3B4A7F8, cid=42, FAILED org.apache.ratis.protocol.LeaderNotReadyException: localhost_10001@group-DB7CD3B4A7F8 is in LEADER state but not ready yet., logIndex=0, commits[localhost_10001:c-1, localhost_10002:c-1, localhost_10000:c-1]
2019-09-26 13:33:06,945 INFO  client.GrpcClientProtocolService (GrpcClientProtocolService.java:lambda$processClientRequest$0(278)) - Failed RaftClientRequest:client-352D35361D97->localhost_10001@group-DB7CD3B4A7F8, cid=42, seq=0, RW, Message:321f0a0f0a0d74657374...(size=33), reply=RaftClientReply:client-352D35361D97->localhost_10001@group-DB7CD3B4A7F8, cid=42, FAILED org.apache.ratis.protocol.LeaderNotReadyException: localhost_10001@group-DB7CD3B4A7F8 is in LEADER state but not ready yet., logIndex=0, commits[localhost_10001:c-1, localhost_10002:c-1, localhost_10000:c-1]
2019-09-26 13:33:06,946 INFO  client.GrpcClientProtocolService (GrpcClientProtocolService.java:lambda$processClientRequest$0(278)) - Failed RaftClientRequest:client-352D35361D97->localhost_10001@group-DB7CD3B4A7F8, cid=42, seq=0, RW, Message:321f0a0f0a0d74657374...(size=33), reply=RaftClientReply:client-352D35361D97->localhost_10001@group-DB7CD3B4A7F8, cid=42, FAILED org.apache.ratis.protocol.LeaderNotReadyException: localhost_10001@group-DB7CD3B4A7F8 is in LEADER state but not ready yet., logIndex=0, commits[localhost_10001:c-1, localhost_10002:c-1, localhost_10000:c-1]
2019-09-26 13:33:06,946 INFO  client.GrpcClientProtocolService (GrpcClientProtocolService.java:lambda$processClientRequest$0(278)) - Failed RaftClientRequest:client-352D35361D97->localhost_10001@group-DB7CD3B4A7F8, cid=42, seq=0, RW, Message:321f0a0f0a0d74657374...(size=33), reply=RaftClientReply:client-352D35361D97->localhost_10001@group-DB7CD3B4A7F8, cid=42, FAILED org.apache.ratis.protocol.LeaderNotReadyException: localhost_10001@group-DB7CD3B4A7F8 is in LEADER state but not ready yet., logIndex=0, commits[localhost_10001:c-1, localhost_10002:c-1, localhost_10000:c-1]
2019-09-26 13:33:06,947 INFO  client.GrpcClientProtocolService (GrpcClientProtocolService.java:lambda$processClientRequest$0(278)) - Failed RaftClientRequest:client-352D35361D97->localhost_10001@group-DB7CD3B4A7F8, cid=42, seq=0, RW, Message:321f0a0f0a0d74657374...(size=33), reply=RaftClientReply:client-352D35361D97->localhost_10001@group-DB7CD3B4A7F8, cid=42, FAILED org.apache.ratis.protocol.LeaderNotReadyException: localhost_10001@group-DB7CD3B4A7F8 is in LEADER state but not ready yet., logIndex=0, commits[localhost_10001:c-1, localhost_10002:c-1, localhost_10000:c-1]
2019-09-26 13:33:06,948 INFO  client.GrpcClientProtocolService (GrpcClientProtocolService.java:lambda$processClientRequest$0(278)) - Failed RaftClientRequest:client-352D35361D97->localhost_10001@group-DB7CD3B4A7F8, cid=42, seq=0, RW, Message:321f0a0f0a0d74657374...(size=33), reply=RaftClientReply:client-352D35361D97->localhost_10001@group-DB7CD3B4A7F8, cid=42, FAILED org.apache.ratis.protocol.LeaderNotReadyException: localhost_10001@group-DB7CD3B4A7F8 is in LEADER state but not ready yet., logIndex=0, commits[localhost_10001:c-1, localhost_10002:c-1, localhost_10000:c-1]
2019-09-26 13:33:06,948 INFO  client.GrpcClientProtocolService (GrpcClientProtocolService.java:lambda$processClientRequest$0(278)) - Failed RaftClientRequest:client-352D35361D97->localhost_10001@group-DB7CD3B4A7F8, cid=42, seq=0, RW, Message:321f0a0f0a0d74657374...(size=33), reply=RaftClientReply:client-352D35361D97->localhost_10001@group-DB7CD3B4A7F8, cid=42, FAILED org.apache.ratis.protocol.LeaderNotReadyException: localhost_10001@group-DB7CD3B4A7F8 is in LEADER state but not ready yet., logIndex=0, commits[localhost_10001:c-1, localhost_10002:c-1, localhost_10000:c-1]
2019-09-26 13:33:06,949 INFO  client.GrpcClientProtocolService (GrpcClientProtocolService.java:lambda$processClientRequest$0(278)) - Failed RaftClientRequest:client-352D35361D97->localhost_10001@group-DB7CD3B4A7F8, cid=42, seq=0, RW, Message:321f0a0f0a0d74657374...(size=33), reply=RaftClientReply:client-352D35361D97->localhost_10001@group-DB7CD3B4A7F8, cid=42, FAILED org.apache.ratis.protocol.LeaderNotReadyException: localhost_10001@group-DB7CD3B4A7F8 is in LEADER state but not ready yet., logIndex=0, commits[localhost_10001:c-1, localhost_10002:c-1, localhost_10000:c-1]
2019-09-26 13:33:06,950 INFO  client.GrpcClientProtocolService (GrpcClientProtocolService.java:lambda$processClientRequest$0(278)) - Failed RaftClientRequest:client-352D35361D97->localhost_10001@group-DB7CD3B4A7F8, cid=42, seq=0, RW, Message:321f0a0f0a0d74657374...(size=33), reply=RaftClientReply:client-352D35361D97->localhost_10001@group-DB7CD3B4A7F8, cid=42, FAILED org.apache.ratis.protocol.LeaderNotReadyException: localhost_10001@group-DB7CD3B4A7F8 is in LEADER state but not ready yet., logIndex=0, commits[localhost_10001:c-1, localhost_10002:c-1, localhost_10000:c-1]
2019-09-26 13:33:06,950 INFO  client.GrpcClientProtocolService (GrpcClientProtocolService.java:lambda$processClientRequest$0(278)) - Failed RaftClientRequest:client-352D35361D97->localhost_10001@group-DB7CD3B4A7F8, cid=42, seq=0, RW, Message:321f0a0f0a0d74657374...(size=33), reply=RaftClientReply:client-352D35361D97->localhost_10001@group-DB7CD3B4A7F8, cid=42, FAILED org.apache.ratis.protocol.LeaderNotReadyException: localhost_10001@group-DB7CD3B4A7F8 is in LEADER state but not ready yet., logIndex=0, commits[localhost_10001:c-1, localhost_10002:c-1, localhost_10000:c-1]
2019-09-26 13:33:06,951 INFO  client.GrpcClientProtocolService (GrpcClientProtocolService.java:lambda$processClientRequest$0(278)) - Failed RaftClientRequest:client-352D35361D97->localhost_10001@group-DB7CD3B4A7F8, cid=42, seq=0, RW, Message:321f0a0f0a0d74657374...(size=33), reply=RaftClientReply:client-352D35361D97->localhost_10001@group-DB7CD3B4A7F8, cid=42, FAILED org.apache.ratis.protocol.LeaderNotReadyException: localhost_10001@group-DB7CD3B4A7F8 is in LEADER state but not ready yet., logIndex=0, commits[localhost_10001:c-1, localhost_10002:c-1, localhost_10000:c-1]
2019-09-26 13:33:06,952 INFO  client.GrpcClientProtocolService (GrpcClientProtocolService.java:lambda$processClientRequest$0(278)) - Failed RaftClientRequest:client-352D35361D97->localhost_10001@group-DB7CD3B4A7F8, cid=42, seq=0, RW, Message:321f0a0f0a0d74657374...(size=33), reply=RaftClientReply:client-352D35361D97->localhost_10001@group-DB7CD3B4A7F8, cid=42, FAILED org.apache.ratis.protocol.LeaderNotReadyException: localhost_10001@group-DB7CD3B4A7F8 is in LEADER state but not ready yet., logIndex=0, commits[localhost_10001:c-1, localhost_10002:c-1, localhost_10000:c-1]
2019-09-26 13:33:06,952 INFO  client.GrpcClientProtocolService (GrpcClientProtocolService.java:lambda$processClientRequest$0(278)) - Failed RaftClientRequest:client-352D35361D97->localhost_10001@group-DB7CD3B4A7F8, cid=42, seq=0, RW, Message:321f0a0f0a0d74657374...(size=33), reply=RaftClientReply:client-352D35361D97->localhost_10001@group-DB7CD3B4A7F8, cid=42, FAILED org.apache.ratis.protocol.LeaderNotReadyException: localhost_10001@group-DB7CD3B4A7F8 is in LEADER state but not ready yet., logIndex=0, commits[localhost_10001:c-1, localhost_10002:c-1, localhost_10000:c-1]
2019-09-26 13:33:06,953 INFO  client.GrpcClientProtocolService (GrpcClientProtocolService.java:lambda$processClientRequest$0(278)) - Failed RaftClientRequest:client-352D35361D97->localhost_10001@group-DB7CD3B4A7F8, cid=42, seq=0, RW, Message:321f0a0f0a0d74657374...(size=33), reply=RaftClientReply:client-352D35361D97->localhost_10001@group-DB7CD3B4A7F8, cid=42, FAILED org.apache.ratis.protocol.LeaderNotReadyException: localhost_10001@group-DB7CD3B4A7F8 is in LEADER state but not ready yet., logIndex=0, commits[localhost_10001:c-1, localhost_10002:c-1, localhost_10000:c-1]
2019-09-26 13:33:06,954 INFO  client.GrpcClientProtocolService (GrpcClientProtocolService.java:lambda$processClientRequest$0(278)) - Failed RaftClientRequest:client-352D35361D97->localhost_10001@group-DB7CD3B4A7F8, cid=42, seq=0, RW, Message:321f0a0f0a0d74657374...(size=33), reply=RaftClientReply:client-352D35361D97->localhost_10001@group-DB7CD3B4A7F8, cid=42, FAILED org.apache.ratis.protocol.LeaderNotReadyException: localhost_10001@group-DB7CD3B4A7F8 is in LEADER state but not ready yet., logIndex=0, commits[localhost_10001:c-1, localhost_10002:c-1, localhost_10000:c-1]
2019-09-26 13:33:06,954 INFO  client.GrpcClientProtocolService (GrpcClientProtocolService.java:lambda$processClientRequest$0(278)) - Failed RaftClientRequest:client-352D35361D97->localhost_10001@group-DB7CD3B4A7F8, cid=42, seq=0, RW, Message:321f0a0f0a0d74657374...(size=33), reply=RaftClientReply:client-352D35361D97->localhost_10001@group-DB7CD3B4A7F8, cid=42, FAILED org.apache.ratis.protocol.LeaderNotReadyException: localhost_10001@group-DB7CD3B4A7F8 is in LEADER state but not ready yet., logIndex=0, commits[localhost_10001:c-1, localhost_10002:c-1, localhost_10000:c-1]
2019-09-26 13:33:06,955 INFO  client.GrpcClientProtocolService (GrpcClientProtocolService.java:lambda$processClientRequest$0(278)) - Failed RaftClientRequest:client-352D35361D97->localhost_10001@group-DB7CD3B4A7F8, cid=42, seq=0, RW, Message:321f0a0f0a0d74657374...(size=33), reply=RaftClientReply:client-352D35361D97->localhost_10001@group-DB7CD3B4A7F8, cid=42, FAILED org.apache.ratis.protocol.LeaderNotReadyException: localhost_10001@group-DB7CD3B4A7F8 is in LEADER state but not ready yet., logIndex=0, commits[localhost_10001:c-1, localhost_10002:c-1, localhost_10000:c-1]
2019-09-26 13:33:06,956 INFO  client.GrpcClientProtocolService (GrpcClientProtocolService.java:lambda$processClientRequest$0(278)) - Failed RaftClientRequest:client-352D35361D97->localhost_10001@group-DB7CD3B4A7F8, cid=42, seq=0, RW, Message:321f0a0f0a0d74657374...(size=33), reply=RaftClientReply:client-352D35361D97->localhost_10001@group-DB7CD3B4A7F8, cid=42, FAILED org.apache.ratis.protocol.LeaderNotReadyException: localhost_10001@group-DB7CD3B4A7F8 is in LEADER state but not ready yet., logIndex=0, commits[localhost_10001:c-1, localhost_10002:c-1, localhost_10000:c-1]
2019-09-26 13:33:06,956 INFO  client.GrpcClientProtocolService (GrpcClientProtocolService.java:lambda$processClientRequest$0(278)) - Failed RaftClientRequest:client-352D35361D97->localhost_10001@group-DB7CD3B4A7F8, cid=42, seq=0, RW, Message:321f0a0f0a0d74657374...(size=33), reply=RaftClientReply:client-352D35361D97->localhost_10001@group-DB7CD3B4A7F8, cid=42, FAILED org.apache.ratis.protocol.LeaderNotReadyException: localhost_10001@group-DB7CD3B4A7F8 is in LEADER state but not ready yet., logIndex=0, commits[localhost_10001:c-1, localhost_10002:c-1, localhost_10000:c-1]
2019-09-26 13:33:06,957 INFO  client.GrpcClientProtocolService (GrpcClientProtocolService.java:lambda$processClientRequest$0(278)) - Failed RaftClientRequest:client-352D35361D97->localhost_10001@group-DB7CD3B4A7F8, cid=42, seq=0, RW, Message:321f0a0f0a0d74657374...(size=33), reply=RaftClientReply:client-352D35361D97->localhost_10001@group-DB7CD3B4A7F8, cid=42, FAILED org.apache.ratis.protocol.LeaderNotReadyException: localhost_10001@group-DB7CD3B4A7F8 is in LEADER state but not ready yet., logIndex=0, commits[localhost_10001:c-1, localhost_10002:c-1, localhost_10000:c-1]
2019-09-26 13:33:06,958 INFO  client.GrpcClientProtocolService (GrpcClientProtocolService.java:lambda$processClientRequest$0(278)) - Failed RaftClientRequest:client-352D35361D97->localhost_10001@group-DB7CD3B4A7F8, cid=42, seq=0, RW, Message:321f0a0f0a0d74657374...(size=33), reply=RaftClientReply:client-352D35361D97->localhost_10001@group-DB7CD3B4A7F8, cid=42, FAILED org.apache.ratis.protocol.LeaderNotReadyException: localhost_10001@group-DB7CD3B4A7F8 is in LEADER state but not ready yet., logIndex=0, commits[localhost_10001:c-1, localhost_10002:c-1, localhost_10000:c-1]
2019-09-26 13:33:06,958 INFO  client.GrpcClientProtocolService (GrpcClientProtocolService.java:lambda$processClientRequest$0(278)) - Failed RaftClientRequest:client-352D35361D97->localhost_10001@group-DB7CD3B4A7F8, cid=42, seq=0, RW, Message:321f0a0f0a0d74657374...(size=33), reply=RaftClientReply:client-352D35361D97->localhost_10001@group-DB7CD3B4A7F8, cid=42, FAILED org.apache.ratis.protocol.LeaderNotReadyException: localhost_10001@group-DB7CD3B4A7F8 is in LEADER state but not ready yet., logIndex=0, commits[localhost_10001:c-1, localhost_10002:c-1, localhost_10000:c-1]
2019-09-26 13:33:06,959 INFO  client.GrpcClientProtocolService (GrpcClientProtocolService.java:lambda$processClientRequest$0(278)) - Failed RaftClientRequest:client-352D35361D97->localhost_10001@group-DB7CD3B4A7F8, cid=42, seq=0, RW, Message:321f0a0f0a0d74657374...(size=33), reply=RaftClientReply:client-352D35361D97->localhost_10001@group-DB7CD3B4A7F8, cid=42, FAILED org.apache.ratis.protocol.LeaderNotReadyException: localhost_10001@group-DB7CD3B4A7F8 is in LEADER state but not ready yet., logIndex=0, commits[localhost_10001:c-1, localhost_10002:c-1, localhost_10000:c-1]
2019-09-26 13:33:06,960 INFO  client.GrpcClientProtocolService (GrpcClientProtocolService.java:lambda$processClientRequest$0(278)) - Failed RaftClientRequest:client-352D35361D97->localhost_10001@group-DB7CD3B4A7F8, cid=42, seq=0, RW, Message:321f0a0f0a0d74657374...(size=33), reply=RaftClientReply:client-352D35361D97->localhost_10001@group-DB7CD3B4A7F8, cid=42, FAILED org.apache.ratis.protocol.LeaderNotReadyException: localhost_10001@group-DB7CD3B4A7F8 is in LEADER state but not ready yet., logIndex=0, commits[localhost_10001:c-1, localhost_10002:c-1, localhost_10000:c-1]
2019-09-26 13:33:06,960 INFO  client.GrpcClientProtocolService (GrpcClientProtocolService.java:lambda$processClientRequest$0(278)) - Failed RaftClientRequest:client-352D35361D97->localhost_10001@group-DB7CD3B4A7F8, cid=42, seq=0, RW, Message:321f0a0f0a0d74657374...(size=33), reply=RaftClientReply:client-352D35361D97->localhost_10001@group-DB7CD3B4A7F8, cid=42, FAILED org.apache.ratis.protocol.LeaderNotReadyException: localhost_10001@group-DB7CD3B4A7F8 is in LEADER state but not ready yet., logIndex=0, commits[localhost_10001:c-1, localhost_10002:c-1, localhost_10000:c-1]
2019-09-26 13:33:06,961 INFO  client.GrpcClientProtocolService (GrpcClientProtocolService.java:lambda$processClientRequest$0(278)) - Failed RaftClientRequest:client-352D35361D97->localhost_10001@group-DB7CD3B4A7F8, cid=42, seq=0, RW, Message:321f0a0f0a0d74657374...(size=33), reply=RaftClientReply:client-352D35361D97->localhost_10001@group-DB7CD3B4A7F8, cid=42, FAILED org.apache.ratis.protocol.LeaderNotReadyException: localhost_10001@group-DB7CD3B4A7F8 is in LEADER state but not ready yet., logIndex=0, commits[localhost_10001:c-1, localhost_10002:c-1, localhost_10000:c-1]
2019-09-26 13:33:06,962 INFO  client.GrpcClientProtocolService (GrpcClientProtocolService.java:lambda$processClientRequest$0(278)) - Failed RaftClientRequest:client-352D35361D97->localhost_10001@group-DB7CD3B4A7F8, cid=42, seq=0, RW, Message:321f0a0f0a0d74657374...(size=33), reply=RaftClientReply:client-352D35361D97->localhost_10001@group-DB7CD3B4A7F8, cid=42, FAILED org.apache.ratis.protocol.LeaderNotReadyException: localhost_10001@group-DB7CD3B4A7F8 is in LEADER state but not ready yet., logIndex=0, commits[localhost_10001:c-1, localhost_10002:c-1, localhost_10000:c-1]
2019-09-26 13:33:06,962 INFO  client.GrpcClientProtocolService (GrpcClientProtocolService.java:lambda$processClientRequest$0(278)) - Failed RaftClientRequest:client-352D35361D97->localhost_10001@group-DB7CD3B4A7F8, cid=42, seq=0, RW, Message:321f0a0f0a0d74657374...(size=33), reply=RaftClientReply:client-352D35361D97->localhost_10001@group-DB7CD3B4A7F8, cid=42, FAILED org.apache.ratis.protocol.LeaderNotReadyException: localhost_10001@group-DB7CD3B4A7F8 is in LEADER state but not ready yet., logIndex=0, commits[localhost_10001:c-1, localhost_10002:c-1, localhost_10000:c-1]
2019-09-26 13:33:06,963 INFO  client.GrpcClientProtocolService (GrpcClientProtocolService.java:lambda$processClientRequest$0(278)) - Failed RaftClientRequest:client-352D35361D97->localhost_10001@group-DB7CD3B4A7F8, cid=42, seq=0, RW, Message:321f0a0f0a0d74657374...(size=33), reply=RaftClientReply:client-352D35361D97->localhost_10001@group-DB7CD3B4A7F8, cid=42, FAILED org.apache.ratis.protocol.LeaderNotReadyException: localhost_10001@group-DB7CD3B4A7F8 is in LEADER state but not ready yet., logIndex=0, commits[localhost_10001:c-1, localhost_10002:c-1, localhost_10000:c-1]
2019-09-26 13:33:06,964 INFO  client.GrpcClientProtocolService (GrpcClientProtocolService.java:lambda$processClientRequest$0(278)) - Failed RaftClientRequest:client-352D35361D97->localhost_10001@group-DB7CD3B4A7F8, cid=42, seq=0, RW, Message:321f0a0f0a0d74657374...(size=33), reply=RaftClientReply:client-352D35361D97->localhost_10001@group-DB7CD3B4A7F8, cid=42, FAILED org.apache.ratis.protocol.LeaderNotReadyException: localhost_10001@group-DB7CD3B4A7F8 is in LEADER state but not ready yet., logIndex=0, commits[localhost_10001:c-1, localhost_10002:c-1, localhost_10000:c-1]
2019-09-26 13:33:06,964 INFO  client.GrpcClientProtocolService (GrpcClientProtocolService.java:lambda$processClientRequest$0(278)) - Failed RaftClientRequest:client-352D35361D97->localhost_10001@group-DB7CD3B4A7F8, cid=42, seq=0, RW, Message:321f0a0f0a0d74657374...(size=33), reply=RaftClientReply:client-352D35361D97->localhost_10001@group-DB7CD3B4A7F8, cid=42, FAILED org.apache.ratis.protocol.LeaderNotReadyException: localhost_10001@group-DB7CD3B4A7F8 is in LEADER state but not ready yet., logIndex=0, commits[localhost_10001:c-1, localhost_10002:c-1, localhost_10000:c-1]
2019-09-26 13:33:06,965 INFO  client.GrpcClientProtocolService (GrpcClientProtocolService.java:lambda$processClientRequest$0(278)) - Failed RaftClientRequest:client-352D35361D97->localhost_10001@group-DB7CD3B4A7F8, cid=42, seq=0, RW, Message:321f0a0f0a0d74657374...(size=33), reply=RaftClientReply:client-352D35361D97->localhost_10001@group-DB7CD3B4A7F8, cid=42, FAILED org.apache.ratis.protocol.LeaderNotReadyException: localhost_10001@group-DB7CD3B4A7F8 is in LEADER state but not ready yet., logIndex=0, commits[localhost_10001:c-1, localhost_10002:c-1, localhost_10000:c-1]
2019-09-26 13:33:06,966 INFO  client.GrpcClientProtocolService (GrpcClientProtocolService.java:lambda$processClientRequest$0(278)) - Failed RaftClientRequest:client-352D35361D97->localhost_10001@group-DB7CD3B4A7F8, cid=42, seq=0, RW, Message:321f0a0f0a0d74657374...(size=33), reply=RaftClientReply:client-352D35361D97->localhost_10001@group-DB7CD3B4A7F8, cid=42, FAILED org.apache.ratis.protocol.LeaderNotReadyException: localhost_10001@group-DB7CD3B4A7F8 is in LEADER state but not ready yet., logIndex=0, commits[localhost_10001:c-1, localhost_10002:c-1, localhost_10000:c-1]
2019-09-26 13:33:06,966 INFO  client.GrpcClientProtocolService (GrpcClientProtocolService.java:lambda$processClientRequest$0(278)) - Failed RaftClientRequest:client-352D35361D97->localhost_10001@group-DB7CD3B4A7F8, cid=42, seq=0, RW, Message:321f0a0f0a0d74657374...(size=33), reply=RaftClientReply:client-352D35361D97->localhost_10001@group-DB7CD3B4A7F8, cid=42, FAILED org.apache.ratis.protocol.LeaderNotReadyException: localhost_10001@group-DB7CD3B4A7F8 is in LEADER state but not ready yet., logIndex=0, commits[localhost_10001:c-1, localhost_10002:c-1, localhost_10000:c-1]
2019-09-26 13:33:06,967 INFO  client.GrpcClientProtocolService (GrpcClientProtocolService.java:lambda$processClientRequest$0(278)) - Failed RaftClientRequest:client-352D35361D97->localhost_10001@group-DB7CD3B4A7F8, cid=42, seq=0, RW, Message:321f0a0f0a0d74657374...(size=33), reply=RaftClientReply:client-352D35361D97->localhost_10001@group-DB7CD3B4A7F8, cid=42, FAILED org.apache.ratis.protocol.LeaderNotReadyException: localhost_10001@group-DB7CD3B4A7F8 is in LEADER state but not ready yet., logIndex=0, commits[localhost_10001:c-1, localhost_10002:c-1, localhost_10000:c-1]
2019-09-26 13:33:06,968 INFO  client.GrpcClientProtocolService (GrpcClientProtocolService.java:lambda$processClientRequest$0(278)) - Failed RaftClientRequest:client-352D35361D97->localhost_10001@group-DB7CD3B4A7F8, cid=42, seq=0, RW, Message:321f0a0f0a0d74657374...(size=33), reply=RaftClientReply:client-352D35361D97->localhost_10001@group-DB7CD3B4A7F8, cid=42, FAILED org.apache.ratis.protocol.LeaderNotReadyException: localhost_10001@group-DB7CD3B4A7F8 is in LEADER state but not ready yet., logIndex=0, commits[localhost_10001:c-1, localhost_10002:c-1, localhost_10000:c-1]
2019-09-26 13:33:06,968 INFO  client.GrpcClientProtocolService (GrpcClientProtocolService.java:lambda$processClientRequest$0(278)) - Failed RaftClientRequest:client-352D35361D97->localhost_10001@group-DB7CD3B4A7F8, cid=42, seq=0, RW, Message:321f0a0f0a0d74657374...(size=33), reply=RaftClientReply:client-352D35361D97->localhost_10001@group-DB7CD3B4A7F8, cid=42, FAILED org.apache.ratis.protocol.LeaderNotReadyException: localhost_10001@group-DB7CD3B4A7F8 is in LEADER state but not ready yet., logIndex=0, commits[localhost_10001:c-1, localhost_10002:c-1, localhost_10000:c-1]
2019-09-26 13:33:06,969 INFO  client.GrpcClientProtocolService (GrpcClientProtocolService.java:lambda$processClientRequest$0(278)) - Failed RaftClientRequest:client-352D35361D97->localhost_10001@group-DB7CD3B4A7F8, cid=42, seq=0, RW, Message:321f0a0f0a0d74657374...(size=33), reply=RaftClientReply:client-352D35361D97->localhost_10001@group-DB7CD3B4A7F8, cid=42, FAILED org.apache.ratis.protocol.LeaderNotReadyException: localhost_10001@group-DB7CD3B4A7F8 is in LEADER state but not ready yet., logIndex=0, commits[localhost_10001:c-1, localhost_10002:c-1, localhost_10000:c-1]
2019-09-26 13:33:06,970 INFO  client.GrpcClientProtocolService (GrpcClientProtocolService.java:lambda$processClientRequest$0(278)) - Failed RaftClientRequest:client-352D35361D97->localhost_10001@group-DB7CD3B4A7F8, cid=42, seq=0, RW, Message:321f0a0f0a0d74657374...(size=33), reply=RaftClientReply:client-352D35361D97->localhost_10001@group-DB7CD3B4A7F8, cid=42, FAILED org.apache.ratis.protocol.LeaderNotReadyException: localhost_10001@group-DB7CD3B4A7F8 is in LEADER state but not ready yet., logIndex=0, commits[localhost_10001:c-1, localhost_10002:c-1, localhost_10000:c-1]
2019-09-26 13:33:06,971 INFO  client.GrpcClientProtocolService (GrpcClientProtocolService.java:lambda$processClientRequest$0(278)) - Failed RaftClientRequest:client-352D35361D97->localhost_10001@group-DB7CD3B4A7F8, cid=42, seq=0, RW, Message:321f0a0f0a0d74657374...(size=33), reply=RaftClientReply:client-352D35361D97->localhost_10001@group-DB7CD3B4A7F8, cid=42, FAILED org.apache.ratis.protocol.LeaderNotReadyException: localhost_10001@group-DB7CD3B4A7F8 is in LEADER state but not ready yet., logIndex=0, commits[localhost_10001:c-1, localhost_10002:c-1, localhost_10000:c-1]
2019-09-26 13:33:06,971 INFO  client.GrpcClientProtocolService (GrpcClientProtocolService.java:lambda$processClientRequest$0(278)) - Failed RaftClientRequest:client-352D35361D97->localhost_10001@group-DB7CD3B4A7F8, cid=42, seq=0, RW, Message:321f0a0f0a0d74657374...(size=33), reply=RaftClientReply:client-352D35361D97->localhost_10001@group-DB7CD3B4A7F8, cid=42, FAILED org.apache.ratis.protocol.LeaderNotReadyException: localhost_10001@group-DB7CD3B4A7F8 is in LEADER state but not ready yet., logIndex=0, commits[localhost_10001:c-1, localhost_10002:c-1, localhost_10000:c-1]
2019-09-26 13:33:06,972 INFO  client.GrpcClientProtocolService (GrpcClientProtocolService.java:lambda$processClientRequest$0(278)) - Failed RaftClientRequest:client-352D35361D97->localhost_10001@group-DB7CD3B4A7F8, cid=42, seq=0, RW, Message:321f0a0f0a0d74657374...(size=33), reply=RaftClientReply:client-352D35361D97->localhost_10001@group-DB7CD3B4A7F8, cid=42, FAILED org.apache.ratis.protocol.LeaderNotReadyException: localhost_10001@group-DB7CD3B4A7F8 is in LEADER state but not ready yet., logIndex=0, commits[localhost_10001:c-1, localhost_10002:c-1, localhost_10000:c-1]
2019-09-26 13:33:06,973 INFO  client.GrpcClientProtocolService (GrpcClientProtocolService.java:lambda$processClientRequest$0(278)) - Failed RaftClientRequest:client-352D35361D97->localhost_10001@group-DB7CD3B4A7F8, cid=42, seq=0, RW, Message:321f0a0f0a0d74657374...(size=33), reply=RaftClientReply:client-352D35361D97->localhost_10001@group-DB7CD3B4A7F8, cid=42, FAILED org.apache.ratis.protocol.LeaderNotReadyException: localhost_10001@group-DB7CD3B4A7F8 is in LEADER state but not ready yet., logIndex=0, commits[localhost_10001:c-1, localhost_10002:c-1, localhost_10000:c-1]
2019-09-26 13:33:06,973 INFO  client.GrpcClientProtocolService (GrpcClientProtocolService.java:lambda$processClientRequest$0(278)) - Failed RaftClientRequest:client-352D35361D97->localhost_10001@group-DB7CD3B4A7F8, cid=42, seq=0, RW, Message:321f0a0f0a0d74657374...(size=33), reply=RaftClientReply:client-352D35361D97->localhost_10001@group-DB7CD3B4A7F8, cid=42, FAILED org.apache.ratis.protocol.LeaderNotReadyException: localhost_10001@group-DB7CD3B4A7F8 is in LEADER state but not ready yet., logIndex=0, commits[localhost_10001:c-1, localhost_10002:c-1, localhost_10000:c-1]
2019-09-26 13:33:06,974 INFO  client.GrpcClientProtocolService (GrpcClientProtocolService.java:lambda$processClientRequest$0(278)) - Failed RaftClientRequest:client-352D35361D97->localhost_10001@group-DB7CD3B4A7F8, cid=42, seq=0, RW, Message:321f0a0f0a0d74657374...(size=33), reply=RaftClientReply:client-352D35361D97->localhost_10001@group-DB7CD3B4A7F8, cid=42, FAILED org.apache.ratis.protocol.LeaderNotReadyException: localhost_10001@group-DB7CD3B4A7F8 is in LEADER state but not ready yet., logIndex=0, commits[localhost_10001:c-1, localhost_10002:c-1, localhost_10000:c-1]
2019-09-26 13:33:06,975 INFO  client.GrpcClientProtocolService (GrpcClientProtocolService.java:lambda$processClientRequest$0(278)) - Failed RaftClientRequest:client-352D35361D97->localhost_10001@group-DB7CD3B4A7F8, cid=42, seq=0, RW, Message:321f0a0f0a0d74657374...(size=33), reply=RaftClientReply:client-352D35361D97->localhost_10001@group-DB7CD3B4A7F8, cid=42, FAILED org.apache.ratis.protocol.LeaderNotReadyException: localhost_10001@group-DB7CD3B4A7F8 is in LEADER state but not ready yet., logIndex=0, commits[localhost_10001:c-1, localhost_10002:c-1, localhost_10000:c-1]
2019-09-26 13:33:06,975 INFO  client.GrpcClientProtocolService (GrpcClientProtocolService.java:lambda$processClientRequest$0(278)) - Failed RaftClientRequest:client-352D35361D97->localhost_10001@group-DB7CD3B4A7F8, cid=42, seq=0, RW, Message:321f0a0f0a0d74657374...(size=33), reply=RaftClientReply:client-352D35361D97->localhost_10001@group-DB7CD3B4A7F8, cid=42, FAILED org.apache.ratis.protocol.LeaderNotReadyException: localhost_10001@group-DB7CD3B4A7F8 is in LEADER state but not ready yet., logIndex=0, commits[localhost_10001:c-1, localhost_10002:c-1, localhost_10000:c-1]
2019-09-26 13:33:06,976 INFO  client.GrpcClientProtocolService (GrpcClientProtocolService.java:lambda$processClientRequest$0(278)) - Failed RaftClientRequest:client-352D35361D97->localhost_10001@group-DB7CD3B4A7F8, cid=42, seq=0, RW, Message:321f0a0f0a0d74657374...(size=33), reply=RaftClientReply:client-352D35361D97->localhost_10001@group-DB7CD3B4A7F8, cid=42, FAILED org.apache.ratis.protocol.LeaderNotReadyException: localhost_10001@group-DB7CD3B4A7F8 is in LEADER state but not ready yet., logIndex=0, commits[localhost_10001:c-1, localhost_10002:c-1, localhost_10000:c-1]
2019-09-26 13:33:06,977 INFO  client.GrpcClientProtocolService (GrpcClientProtocolService.java:lambda$processClientRequest$0(278)) - Failed RaftClientRequest:client-352D35361D97->localhost_10001@group-DB7CD3B4A7F8, cid=42, seq=0, RW, Message:321f0a0f0a0d74657374...(size=33), reply=RaftClientReply:client-352D35361D97->localhost_10001@group-DB7CD3B4A7F8, cid=42, FAILED org.apache.ratis.protocol.LeaderNotReadyException: localhost_10001@group-DB7CD3B4A7F8 is in LEADER state but not ready yet., logIndex=0, commits[localhost_10001:c-1, localhost_10002:c-1, localhost_10000:c-1]
2019-09-26 13:33:06,977 INFO  client.GrpcClientProtocolService (GrpcClientProtocolService.java:lambda$processClientRequest$0(278)) - Failed RaftClientRequest:client-352D35361D97->localhost_10001@group-DB7CD3B4A7F8, cid=42, seq=0, RW, Message:321f0a0f0a0d74657374...(size=33), reply=RaftClientReply:client-352D35361D97->localhost_10001@group-DB7CD3B4A7F8, cid=42, FAILED org.apache.ratis.protocol.LeaderNotReadyException: localhost_10001@group-DB7CD3B4A7F8 is in LEADER state but not ready yet., logIndex=0, commits[localhost_10001:c-1, localhost_10002:c-1, localhost_10000:c-1]
2019-09-26 13:33:06,978 INFO  client.GrpcClientProtocolService (GrpcClientProtocolService.java:lambda$processClientRequest$0(278)) - Failed RaftClientRequest:client-352D35361D97->localhost_10001@group-DB7CD3B4A7F8, cid=42, seq=0, RW, Message:321f0a0f0a0d74657374...(size=33), reply=RaftClientReply:client-352D35361D97->localhost_10001@group-DB7CD3B4A7F8, cid=42, FAILED org.apache.ratis.protocol.LeaderNotReadyException: localhost_10001@group-DB7CD3B4A7F8 is in LEADER state but not ready yet., logIndex=0, commits[localhost_10001:c-1, localhost_10002:c-1, localhost_10000:c-1]
2019-09-26 13:33:06,979 INFO  client.GrpcClientProtocolService (GrpcClientProtocolService.java:lambda$processClientRequest$0(278)) - Failed RaftClientRequest:client-352D35361D97->localhost_10001@group-DB7CD3B4A7F8, cid=42, seq=0, RW, Message:321f0a0f0a0d74657374...(size=33), reply=RaftClientReply:client-352D35361D97->localhost_10001@group-DB7CD3B4A7F8, cid=42, FAILED org.apache.ratis.protocol.LeaderNotReadyException: localhost_10001@group-DB7CD3B4A7F8 is in LEADER state but not ready yet., logIndex=0, commits[localhost_10001:c-1, localhost_10002:c-1, localhost_10000:c-1]
2019-09-26 13:33:06,979 INFO  client.GrpcClientProtocolService (GrpcClientProtocolService.java:lambda$processClientRequest$0(278)) - Failed RaftClientRequest:client-352D35361D97->localhost_10001@group-DB7CD3B4A7F8, cid=42, seq=0, RW, Message:321f0a0f0a0d74657374...(size=33), reply=RaftClientReply:client-352D35361D97->localhost_10001@group-DB7CD3B4A7F8, cid=42, FAILED org.apache.ratis.protocol.LeaderNotReadyException: localhost_10001@group-DB7CD3B4A7F8 is in LEADER state but not ready yet., logIndex=0, commits[localhost_10001:c-1, localhost_10002:c-1, localhost_10000:c-1]
2019-09-26 13:33:06,980 INFO  client.GrpcClientProtocolService (GrpcClientProtocolService.java:lambda$processClientRequest$0(278)) - Failed RaftClientRequest:client-352D35361D97->localhost_10001@group-DB7CD3B4A7F8, cid=42, seq=0, RW, Message:321f0a0f0a0d74657374...(size=33), reply=RaftClientReply:client-352D35361D97->localhost_10001@group-DB7CD3B4A7F8, cid=42, FAILED org.apache.ratis.protocol.LeaderNotReadyException: localhost_10001@group-DB7CD3B4A7F8 is in LEADER state but not ready yet., logIndex=0, commits[localhost_10001:c-1, localhost_10002:c-1, localhost_10000:c-1]
2019-09-26 13:33:06,981 INFO  client.GrpcClientProtocolService (GrpcClientProtocolService.java:lambda$processClientRequest$0(278)) - Failed RaftClientRequest:client-352D35361D97->localhost_10001@group-DB7CD3B4A7F8, cid=42, seq=0, RW, Message:321f0a0f0a0d74657374...(size=33), reply=RaftClientReply:client-352D35361D97->localhost_10001@group-DB7CD3B4A7F8, cid=42, FAILED org.apache.ratis.protocol.LeaderNotReadyException: localhost_10001@group-DB7CD3B4A7F8 is in LEADER state but not ready yet., logIndex=0, commits[localhost_10001:c-1, localhost_10002:c-1, localhost_10000:c-1]
2019-09-26 13:33:06,981 INFO  client.GrpcClientProtocolService (GrpcClientProtocolService.java:lambda$processClientRequest$0(278)) - Failed RaftClientRequest:client-352D35361D97->localhost_10001@group-DB7CD3B4A7F8, cid=42, seq=0, RW, Message:321f0a0f0a0d74657374...(size=33), reply=RaftClientReply:client-352D35361D97->localhost_10001@group-DB7CD3B4A7F8, cid=42, FAILED org.apache.ratis.protocol.LeaderNotReadyException: localhost_10001@group-DB7CD3B4A7F8 is in LEADER state but not ready yet., logIndex=0, commits[localhost_10001:c-1, localhost_10002:c-1, localhost_10000:c-1]
2019-09-26 13:33:06,982 INFO  client.GrpcClientProtocolService (GrpcClientProtocolService.java:lambda$processClientRequest$0(278)) - Failed RaftClientRequest:client-352D35361D97->localhost_10001@group-DB7CD3B4A7F8, cid=42, seq=0, RW, Message:321f0a0f0a0d74657374...(size=33), reply=RaftClientReply:client-352D35361D97->localhost_10001@group-DB7CD3B4A7F8, cid=42, FAILED org.apache.ratis.protocol.LeaderNotReadyException: localhost_10001@group-DB7CD3B4A7F8 is in LEADER state but not ready yet., logIndex=0, commits[localhost_10001:c-1, localhost_10002:c-1, localhost_10000:c-1]
2019-09-26 13:33:06,983 INFO  client.GrpcClientProtocolService (GrpcClientProtocolService.java:lambda$processClientRequest$0(278)) - Failed RaftClientRequest:client-352D35361D97->localhost_10001@group-DB7CD3B4A7F8, cid=42, seq=0, RW, Message:321f0a0f0a0d74657374...(size=33), reply=RaftClientReply:client-352D35361D97->localhost_10001@group-DB7CD3B4A7F8, cid=42, FAILED org.apache.ratis.protocol.LeaderNotReadyException: localhost_10001@group-DB7CD3B4A7F8 is in LEADER state but not ready yet., logIndex=0, commits[localhost_10001:c-1, localhost_10002:c-1, localhost_10000:c-1]
2019-09-26 13:33:06,984 INFO  client.GrpcClientProtocolService (GrpcClientProtocolService.java:lambda$processClientRequest$0(278)) - Failed RaftClientRequest:client-352D35361D97->localhost_10001@group-DB7CD3B4A7F8, cid=42, seq=0, RW, Message:321f0a0f0a0d74657374...(size=33), reply=RaftClientReply:client-352D35361D97->localhost_10001@group-DB7CD3B4A7F8, cid=42, FAILED org.apache.ratis.protocol.LeaderNotReadyException: localhost_10001@group-DB7CD3B4A7F8 is in LEADER state but not ready yet., logIndex=0, commits[localhost_10001:c-1, localhost_10002:c-1, localhost_10000:c-1]
2019-09-26 13:33:06,984 INFO  client.GrpcClientProtocolService (GrpcClientProtocolService.java:lambda$processClientRequest$0(278)) - Failed RaftClientRequest:client-352D35361D97->localhost_10001@group-DB7CD3B4A7F8, cid=42, seq=0, RW, Message:321f0a0f0a0d74657374...(size=33), reply=RaftClientReply:client-352D35361D97->localhost_10001@group-DB7CD3B4A7F8, cid=42, FAILED org.apache.ratis.protocol.LeaderNotReadyException: localhost_10001@group-DB7CD3B4A7F8 is in LEADER state but not ready yet., logIndex=0, commits[localhost_10001:c-1, localhost_10002:c-1, localhost_10000:c-1]
2019-09-26 13:33:06,985 INFO  client.GrpcClientProtocolService (GrpcClientProtocolService.java:lambda$processClientRequest$0(278)) - Failed RaftClientRequest:client-352D35361D97->localhost_10001@group-DB7CD3B4A7F8, cid=42, seq=0, RW, Message:321f0a0f0a0d74657374...(size=33), reply=RaftClientReply:client-352D35361D97->localhost_10001@group-DB7CD3B4A7F8, cid=42, FAILED org.apache.ratis.protocol.LeaderNotReadyException: localhost_10001@group-DB7CD3B4A7F8 is in LEADER state but not ready yet., logIndex=0, commits[localhost_10001:c-1, localhost_10002:c-1, localhost_10000:c-1]
2019-09-26 13:33:06,986 INFO  client.GrpcClientProtocolService (GrpcClientProtocolService.java:lambda$processClientRequest$0(278)) - Failed RaftClientRequest:client-352D35361D97->localhost_10001@group-DB7CD3B4A7F8, cid=42, seq=0, RW, Message:321f0a0f0a0d74657374...(size=33), reply=RaftClientReply:client-352D35361D97->localhost_10001@group-DB7CD3B4A7F8, cid=42, FAILED org.apache.ratis.protocol.LeaderNotReadyException: localhost_10001@group-DB7CD3B4A7F8 is in LEADER state but not ready yet., logIndex=0, commits[localhost_10001:c-1, localhost_10002:c-1, localhost_10000:c-1]
2019-09-26 13:33:06,986 INFO  client.GrpcClientProtocolService (GrpcClientProtocolService.java:lambda$processClientRequest$0(278)) - Failed RaftClientRequest:client-352D35361D97->localhost_10001@group-DB7CD3B4A7F8, cid=42, seq=0, RW, Message:321f0a0f0a0d74657374...(size=33), reply=RaftClientReply:client-352D35361D97->localhost_10001@group-DB7CD3B4A7F8, cid=42, FAILED org.apache.ratis.protocol.LeaderNotReadyException: localhost_10001@group-DB7CD3B4A7F8 is in LEADER state but not ready yet., logIndex=0, commits[localhost_10001:c-1, localhost_10002:c-1, localhost_10000:c-1]
2019-09-26 13:33:06,987 INFO  client.GrpcClientProtocolService (GrpcClientProtocolService.java:lambda$processClientRequest$0(278)) - Failed RaftClientRequest:client-352D35361D97->localhost_10001@group-DB7CD3B4A7F8, cid=42, seq=0, RW, Message:321f0a0f0a0d74657374...(size=33), reply=RaftClientReply:client-352D35361D97->localhost_10001@group-DB7CD3B4A7F8, cid=42, FAILED org.apache.ratis.protocol.LeaderNotReadyException: localhost_10001@group-DB7CD3B4A7F8 is in LEADER state but not ready yet., logIndex=0, commits[localhost_10001:c-1, localhost_10002:c-1, localhost_10000:c-1]
2019-09-26 13:33:06,988 INFO  client.GrpcClientProtocolService (GrpcClientProtocolService.java:lambda$processClientRequest$0(278)) - Failed RaftClientRequest:client-352D35361D97->localhost_10001@group-DB7CD3B4A7F8, cid=42, seq=0, RW, Message:321f0a0f0a0d74657374...(size=33), reply=RaftClientReply:client-352D35361D97->localhost_10001@group-DB7CD3B4A7F8, cid=42, FAILED org.apache.ratis.protocol.LeaderNotReadyException: localhost_10001@group-DB7CD3B4A7F8 is in LEADER state but not ready yet., logIndex=0, commits[localhost_10001:c-1, localhost_10002:c-1, localhost_10000:c-1]
2019-09-26 13:33:06,988 INFO  client.GrpcClientProtocolService (GrpcClientProtocolService.java:lambda$processClientRequest$0(278)) - Failed RaftClientRequest:client-352D35361D97->localhost_10001@group-DB7CD3B4A7F8, cid=42, seq=0, RW, Message:321f0a0f0a0d74657374...(size=33), reply=RaftClientReply:client-352D35361D97->localhost_10001@group-DB7CD3B4A7F8, cid=42, FAILED org.apache.ratis.protocol.LeaderNotReadyException: localhost_10001@group-DB7CD3B4A7F8 is in LEADER state but not ready yet., logIndex=0, commits[localhost_10001:c-1, localhost_10002:c-1, localhost_10000:c-1]
2019-09-26 13:33:06,989 INFO  client.GrpcClientProtocolService (GrpcClientProtocolService.java:lambda$processClientRequest$0(278)) - Failed RaftClientRequest:client-352D35361D97->localhost_10001@group-DB7CD3B4A7F8, cid=42, seq=0, RW, Message:321f0a0f0a0d74657374...(size=33), reply=RaftClientReply:client-352D35361D97->localhost_10001@group-DB7CD3B4A7F8, cid=42, FAILED org.apache.ratis.protocol.LeaderNotReadyException: localhost_10001@group-DB7CD3B4A7F8 is in LEADER state but not ready yet., logIndex=0, commits[localhost_10001:c-1, localhost_10002:c-1, localhost_10000:c-1]
2019-09-26 13:33:06,989 INFO  client.GrpcClientProtocolService (GrpcClientProtocolService.java:lambda$processClientRequest$0(278)) - Failed RaftClientRequest:client-352D35361D97->localhost_10001@group-DB7CD3B4A7F8, cid=42, seq=0, RW, Message:321f0a0f0a0d74657374...(size=33), reply=RaftClientReply:client-352D35361D97->localhost_10001@group-DB7CD3B4A7F8, cid=42, FAILED org.apache.ratis.protocol.LeaderNotReadyException: localhost_10001@group-DB7CD3B4A7F8 is in LEADER state but not ready yet., logIndex=0, commits[localhost_10001:c-1, localhost_10002:c-1, localhost_10000:c-1]
2019-09-26 13:33:06,990 INFO  client.GrpcClientProtocolService (GrpcClientProtocolService.java:lambda$processClientRequest$0(278)) - Failed RaftClientRequest:client-352D35361D97->localhost_10001@group-DB7CD3B4A7F8, cid=42, seq=0, RW, Message:321f0a0f0a0d74657374...(size=33), reply=RaftClientReply:client-352D35361D97->localhost_10001@group-DB7CD3B4A7F8, cid=42, FAILED org.apache.ratis.protocol.LeaderNotReadyException: localhost_10001@group-DB7CD3B4A7F8 is in LEADER state but not ready yet., logIndex=0, commits[localhost_10001:c-1, localhost_10002:c-1, localhost_10000:c-1]
2019-09-26 13:33:06,991 INFO  client.GrpcClientProtocolService (GrpcClientProtocolService.java:lambda$processClientRequest$0(278)) - Failed RaftClientRequest:client-352D35361D97->localhost_10001@group-DB7CD3B4A7F8, cid=42, seq=0, RW, Message:321f0a0f0a0d74657374...(size=33), reply=RaftClientReply:client-352D35361D97->localhost_10001@group-DB7CD3B4A7F8, cid=42, FAILED org.apache.ratis.protocol.LeaderNotReadyException: localhost_10001@group-DB7CD3B4A7F8 is in LEADER state but not ready yet., logIndex=0, commits[localhost_10001:c-1, localhost_10002:c-1, localhost_10000:c-1]
2019-09-26 13:33:06,991 INFO  client.GrpcClientProtocolService (GrpcClientProtocolService.java:lambda$processClientRequest$0(278)) - Failed RaftClientRequest:client-352D35361D97->localhost_10001@group-DB7CD3B4A7F8, cid=42, seq=0, RW, Message:321f0a0f0a0d74657374...(size=33), reply=RaftClientReply:client-352D35361D97->localhost_10001@group-DB7CD3B4A7F8, cid=42, FAILED org.apache.ratis.protocol.LeaderNotReadyException: localhost_10001@group-DB7CD3B4A7F8 is in LEADER state but not ready yet., logIndex=0, commits[localhost_10001:c-1, localhost_10002:c-1, localhost_10000:c-1]
2019-09-26 13:33:06,992 INFO  client.GrpcClientProtocolService (GrpcClientProtocolService.java:lambda$processClientRequest$0(278)) - Failed RaftClientRequest:client-352D35361D97->localhost_10001@group-DB7CD3B4A7F8, cid=42, seq=0, RW, Message:321f0a0f0a0d74657374...(size=33), reply=RaftClientReply:client-352D35361D97->localhost_10001@group-DB7CD3B4A7F8, cid=42, FAILED org.apache.ratis.protocol.LeaderNotReadyException: localhost_10001@group-DB7CD3B4A7F8 is in LEADER state but not ready yet., logIndex=0, commits[localhost_10001:c-1, localhost_10002:c-1, localhost_10000:c-1]
2019-09-26 13:33:06,993 INFO  client.GrpcClientProtocolService (GrpcClientProtocolService.java:lambda$processClientRequest$0(278)) - Failed RaftClientRequest:client-352D35361D97->localhost_10001@group-DB7CD3B4A7F8, cid=42, seq=0, RW, Message:321f0a0f0a0d74657374...(size=33), reply=RaftClientReply:client-352D35361D97->localhost_10001@group-DB7CD3B4A7F8, cid=42, FAILED org.apache.ratis.protocol.LeaderNotReadyException: localhost_10001@group-DB7CD3B4A7F8 is in LEADER state but not ready yet., logIndex=0, commits[localhost_10001:c-1, localhost_10002:c-1, localhost_10000:c-1]
2019-09-26 13:33:06,993 INFO  client.GrpcClientProtocolService (GrpcClientProtocolService.java:lambda$processClientRequest$0(278)) - Failed RaftClientRequest:client-352D35361D97->localhost_10001@group-DB7CD3B4A7F8, cid=42, seq=0, RW, Message:321f0a0f0a0d74657374...(size=33), reply=RaftClientReply:client-352D35361D97->localhost_10001@group-DB7CD3B4A7F8, cid=42, FAILED org.apache.ratis.protocol.LeaderNotReadyException: localhost_10001@group-DB7CD3B4A7F8 is in LEADER state but not ready yet., logIndex=0, commits[localhost_10001:c-1, localhost_10002:c-1, localhost_10000:c-1]
2019-09-26 13:33:06,994 INFO  client.GrpcClientProtocolService (GrpcClientProtocolService.java:lambda$processClientRequest$0(278)) - Failed RaftClientRequest:client-352D35361D97->localhost_10001@group-DB7CD3B4A7F8, cid=42, seq=0, RW, Message:321f0a0f0a0d74657374...(size=33), reply=RaftClientReply:client-352D35361D97->localhost_10001@group-DB7CD3B4A7F8, cid=42, FAILED org.apache.ratis.protocol.LeaderNotReadyException: localhost_10001@group-DB7CD3B4A7F8 is in LEADER state but not ready yet., logIndex=0, commits[localhost_10001:c-1, localhost_10002:c-1, localhost_10000:c-1]
2019-09-26 13:33:06,994 INFO  client.GrpcClientProtocolService (GrpcClientProtocolService.java:lambda$processClientRequest$0(278)) - Failed RaftClientRequest:client-352D35361D97->localhost_10001@group-DB7CD3B4A7F8, cid=42, seq=0, RW, Message:321f0a0f0a0d74657374...(size=33), reply=RaftClientReply:client-352D35361D97->localhost_10001@group-DB7CD3B4A7F8, cid=42, FAILED org.apache.ratis.protocol.LeaderNotReadyException: localhost_10001@group-DB7CD3B4A7F8 is in LEADER state but not ready yet., logIndex=0, commits[localhost_10001:c-1, localhost_10002:c-1, localhost_10000:c-1]
2019-09-26 13:33:06,995 INFO  client.GrpcClientProtocolService (GrpcClientProtocolService.java:lambda$processClientRequest$0(278)) - Failed RaftClientRequest:client-352D35361D97->localhost_10001@group-DB7CD3B4A7F8, cid=42, seq=0, RW, Message:321f0a0f0a0d74657374...(size=33), reply=RaftClientReply:client-352D35361D97->localhost_10001@group-DB7CD3B4A7F8, cid=42, FAILED org.apache.ratis.protocol.LeaderNotReadyException: localhost_10001@group-DB7CD3B4A7F8 is in LEADER state but not ready yet., logIndex=0, commits[localhost_10001:c-1, localhost_10002:c-1, localhost_10000:c-1]
2019-09-26 13:33:06,996 INFO  client.GrpcClientProtocolService (GrpcClientProtocolService.java:lambda$processClientRequest$0(278)) - Failed RaftClientRequest:client-352D35361D97->localhost_10001@group-DB7CD3B4A7F8, cid=42, seq=0, RW, Message:321f0a0f0a0d74657374...(size=33), reply=RaftClientReply:client-352D35361D97->localhost_10001@group-DB7CD3B4A7F8, cid=42, FAILED org.apache.ratis.protocol.LeaderNotReadyException: localhost_10001@group-DB7CD3B4A7F8 is in LEADER state but not ready yet., logIndex=0, commits[localhost_10001:c-1, localhost_10002:c-1, localhost_10000:c-1]
2019-09-26 13:33:06,996 INFO  client.GrpcClientProtocolService (GrpcClientProtocolService.java:lambda$processClientRequest$0(278)) - Failed RaftClientRequest:client-352D35361D97->localhost_10001@group-DB7CD3B4A7F8, cid=42, seq=0, RW, Message:321f0a0f0a0d74657374...(size=33), reply=RaftClientReply:client-352D35361D97->localhost_10001@group-DB7CD3B4A7F8, cid=42, FAILED org.apache.ratis.protocol.LeaderNotReadyException: localhost_10001@group-DB7CD3B4A7F8 is in LEADER state but not ready yet., logIndex=0, commits[localhost_10001:c-1, localhost_10002:c-1, localhost_10000:c-1]
2019-09-26 13:33:06,997 INFO  client.GrpcClientProtocolService (GrpcClientProtocolService.java:lambda$processClientRequest$0(278)) - Failed RaftClientRequest:client-352D35361D97->localhost_10001@group-DB7CD3B4A7F8, cid=42, seq=0, RW, Message:321f0a0f0a0d74657374...(size=33), reply=RaftClientReply:client-352D35361D97->localhost_10001@group-DB7CD3B4A7F8, cid=42, FAILED org.apache.ratis.protocol.LeaderNotReadyException: localhost_10001@group-DB7CD3B4A7F8 is in LEADER state but not ready yet., logIndex=0, commits[localhost_10001:c-1, localhost_10002:c-1, localhost_10000:c-1]
2019-09-26 13:33:06,998 INFO  client.GrpcClientProtocolService (GrpcClientProtocolService.java:lambda$processClientRequest$0(278)) - Failed RaftClientRequest:client-352D35361D97->localhost_10001@group-DB7CD3B4A7F8, cid=42, seq=0, RW, Message:321f0a0f0a0d74657374...(size=33), reply=RaftClientReply:client-352D35361D97->localhost_10001@group-DB7CD3B4A7F8, cid=42, FAILED org.apache.ratis.protocol.LeaderNotReadyException: localhost_10001@group-DB7CD3B4A7F8 is in LEADER state but not ready yet., logIndex=0, commits[localhost_10001:c-1, localhost_10002:c-1, localhost_10000:c-1]
2019-09-26 13:33:06,998 INFO  client.GrpcClientProtocolService (GrpcClientProtocolService.java:lambda$processClientRequest$0(278)) - Failed RaftClientRequest:client-352D35361D97->localhost_10001@group-DB7CD3B4A7F8, cid=42, seq=0, RW, Message:321f0a0f0a0d74657374...(size=33), reply=RaftClientReply:client-352D35361D97->localhost_10001@group-DB7CD3B4A7F8, cid=42, FAILED org.apache.ratis.protocol.LeaderNotReadyException: localhost_10001@group-DB7CD3B4A7F8 is in LEADER state but not ready yet., logIndex=0, commits[localhost_10001:c-1, localhost_10002:c-1, localhost_10000:c-1]
2019-09-26 13:33:06,999 INFO  client.GrpcClientProtocolService (GrpcClientProtocolService.java:lambda$processClientRequest$0(278)) - Failed RaftClientRequest:client-352D35361D97->localhost_10001@group-DB7CD3B4A7F8, cid=42, seq=0, RW, Message:321f0a0f0a0d74657374...(size=33), reply=RaftClientReply:client-352D35361D97->localhost_10001@group-DB7CD3B4A7F8, cid=42, FAILED org.apache.ratis.protocol.LeaderNotReadyException: localhost_10001@group-DB7CD3B4A7F8 is in LEADER state but not ready yet., logIndex=0, commits[localhost_10001:c-1, localhost_10002:c-1, localhost_10000:c-1]
2019-09-26 13:33:07,000 INFO  client.GrpcClientProtocolService (GrpcClientProtocolService.java:lambda$processClientRequest$0(278)) - Failed RaftClientRequest:client-352D35361D97->localhost_10001@group-DB7CD3B4A7F8, cid=42, seq=0, RW, Message:321f0a0f0a0d74657374...(size=33), reply=RaftClientReply:client-352D35361D97->localhost_10001@group-DB7CD3B4A7F8, cid=42, FAILED org.apache.ratis.protocol.LeaderNotReadyException: localhost_10001@group-DB7CD3B4A7F8 is in LEADER state but not ready yet., logIndex=0, commits[localhost_10001:c-1, localhost_10002:c-1, localhost_10000:c-1]
2019-09-26 13:33:07,001 INFO  client.GrpcClientProtocolService (GrpcClientProtocolService.java:lambda$processClientRequest$0(278)) - Failed RaftClientRequest:client-352D35361D97->localhost_10001@group-DB7CD3B4A7F8, cid=42, seq=0, RW, Message:321f0a0f0a0d74657374...(size=33), reply=RaftClientReply:client-352D35361D97->localhost_10001@group-DB7CD3B4A7F8, cid=42, FAILED org.apache.ratis.protocol.LeaderNotReadyException: localhost_10001@group-DB7CD3B4A7F8 is in LEADER state but not ready yet., logIndex=0, commits[localhost_10001:c-1, localhost_10002:c-1, localhost_10000:c-1]
2019-09-26 13:33:07,001 INFO  client.GrpcClientProtocolService (GrpcClientProtocolService.java:lambda$processClientRequest$0(278)) - Failed RaftClientRequest:client-352D35361D97->localhost_10001@group-DB7CD3B4A7F8, cid=42, seq=0, RW, Message:321f0a0f0a0d74657374...(size=33), reply=RaftClientReply:client-352D35361D97->localhost_10001@group-DB7CD3B4A7F8, cid=42, FAILED org.apache.ratis.protocol.LeaderNotReadyException: localhost_10001@group-DB7CD3B4A7F8 is in LEADER state but not ready yet., logIndex=0, commits[localhost_10001:c-1, localhost_10002:c-1, localhost_10000:c-1]
2019-09-26 13:33:07,002 INFO  client.GrpcClientProtocolService (GrpcClientProtocolService.java:lambda$processClientRequest$0(278)) - Failed RaftClientRequest:client-352D35361D97->localhost_10001@group-DB7CD3B4A7F8, cid=42, seq=0, RW, Message:321f0a0f0a0d74657374...(size=33), reply=RaftClientReply:client-352D35361D97->localhost_10001@group-DB7CD3B4A7F8, cid=42, FAILED org.apache.ratis.protocol.LeaderNotReadyException: localhost_10001@group-DB7CD3B4A7F8 is in LEADER state but not ready yet., logIndex=0, commits[localhost_10001:c-1, localhost_10002:c-1, localhost_10000:c-1]
2019-09-26 13:33:07,003 INFO  client.GrpcClientProtocolService (GrpcClientProtocolService.java:lambda$processClientRequest$0(278)) - Failed RaftClientRequest:client-352D35361D97->localhost_10001@group-DB7CD3B4A7F8, cid=42, seq=0, RW, Message:321f0a0f0a0d74657374...(size=33), reply=RaftClientReply:client-352D35361D97->localhost_10001@group-DB7CD3B4A7F8, cid=42, FAILED org.apache.ratis.protocol.LeaderNotReadyException: localhost_10001@group-DB7CD3B4A7F8 is in LEADER state but not ready yet., logIndex=0, commits[localhost_10001:c-1, localhost_10002:c-1, localhost_10000:c-1]
2019-09-26 13:33:07,003 INFO  client.GrpcClientProtocolService (GrpcClientProtocolService.java:lambda$processClientRequest$0(278)) - Failed RaftClientRequest:client-352D35361D97->localhost_10001@group-DB7CD3B4A7F8, cid=42, seq=0, RW, Message:321f0a0f0a0d74657374...(size=33), reply=RaftClientReply:client-352D35361D97->localhost_10001@group-DB7CD3B4A7F8, cid=42, FAILED org.apache.ratis.protocol.LeaderNotReadyException: localhost_10001@group-DB7CD3B4A7F8 is in LEADER state but not ready yet., logIndex=0, commits[localhost_10001:c-1, localhost_10002:c-1, localhost_10000:c-1]
2019-09-26 13:33:07,004 INFO  client.GrpcClientProtocolService (GrpcClientProtocolService.java:lambda$processClientRequest$0(278)) - Failed RaftClientRequest:client-352D35361D97->localhost_10001@group-DB7CD3B4A7F8, cid=42, seq=0, RW, Message:321f0a0f0a0d74657374...(size=33), reply=RaftClientReply:client-352D35361D97->localhost_10001@group-DB7CD3B4A7F8, cid=42, FAILED org.apache.ratis.protocol.LeaderNotReadyException: localhost_10001@group-DB7CD3B4A7F8 is in LEADER state but not ready yet., logIndex=0, commits[localhost_10001:c-1, localhost_10002:c-1, localhost_10000:c-1]
2019-09-26 13:33:07,005 INFO  client.GrpcClientProtocolService (GrpcClientProtocolService.java:lambda$processClientRequest$0(278)) - Failed RaftClientRequest:client-352D35361D97->localhost_10001@group-DB7CD3B4A7F8, cid=42, seq=0, RW, Message:321f0a0f0a0d74657374...(size=33), reply=RaftClientReply:client-352D35361D97->localhost_10001@group-DB7CD3B4A7F8, cid=42, FAILED org.apache.ratis.protocol.LeaderNotReadyException: localhost_10001@group-DB7CD3B4A7F8 is in LEADER state but not ready yet., logIndex=0, commits[localhost_10001:c-1, localhost_10002:c-1, localhost_10000:c-1]
2019-09-26 13:33:07,005 INFO  client.GrpcClientProtocolService (GrpcClientProtocolService.java:lambda$processClientRequest$0(278)) - Failed RaftClientRequest:client-352D35361D97->localhost_10001@group-DB7CD3B4A7F8, cid=42, seq=0, RW, Message:321f0a0f0a0d74657374...(size=33), reply=RaftClientReply:client-352D35361D97->localhost_10001@group-DB7CD3B4A7F8, cid=42, FAILED org.apache.ratis.protocol.LeaderNotReadyException: localhost_10001@group-DB7CD3B4A7F8 is in LEADER state but not ready yet., logIndex=0, commits[localhost_10001:c-1, localhost_10002:c-1, localhost_10000:c-1]
2019-09-26 13:33:07,006 INFO  client.GrpcClientProtocolService (GrpcClientProtocolService.java:lambda$processClientRequest$0(278)) - Failed RaftClientRequest:client-352D35361D97->localhost_10001@group-DB7CD3B4A7F8, cid=42, seq=0, RW, Message:321f0a0f0a0d74657374...(size=33), reply=RaftClientReply:client-352D35361D97->localhost_10001@group-DB7CD3B4A7F8, cid=42, FAILED org.apache.ratis.protocol.LeaderNotReadyException: localhost_10001@group-DB7CD3B4A7F8 is in LEADER state but not ready yet., logIndex=0, commits[localhost_10001:c-1, localhost_10002:c-1, localhost_10000:c-1]
2019-09-26 13:33:07,007 INFO  client.GrpcClientProtocolService (GrpcClientProtocolService.java:lambda$processClientRequest$0(278)) - Failed RaftClientRequest:client-352D35361D97->localhost_10001@group-DB7CD3B4A7F8, cid=42, seq=0, RW, Message:321f0a0f0a0d74657374...(size=33), reply=RaftClientReply:client-352D35361D97->localhost_10001@group-DB7CD3B4A7F8, cid=42, FAILED org.apache.ratis.protocol.LeaderNotReadyException: localhost_10001@group-DB7CD3B4A7F8 is in LEADER state but not ready yet., logIndex=0, commits[localhost_10001:c-1, localhost_10002:c-1, localhost_10000:c-1]
2019-09-26 13:33:07,007 INFO  client.GrpcClientProtocolService (GrpcClientProtocolService.java:lambda$processClientRequest$0(278)) - Failed RaftClientRequest:client-352D35361D97->localhost_10001@group-DB7CD3B4A7F8, cid=42, seq=0, RW, Message:321f0a0f0a0d74657374...(size=33), reply=RaftClientReply:client-352D35361D97->localhost_10001@group-DB7CD3B4A7F8, cid=42, FAILED org.apache.ratis.protocol.LeaderNotReadyException: localhost_10001@group-DB7CD3B4A7F8 is in LEADER state but not ready yet., logIndex=0, commits[localhost_10001:c-1, localhost_10002:c-1, localhost_10000:c-1]
2019-09-26 13:33:07,008 INFO  client.GrpcClientProtocolService (GrpcClientProtocolService.java:lambda$processClientRequest$0(278)) - Failed RaftClientRequest:client-352D35361D97->localhost_10001@group-DB7CD3B4A7F8, cid=42, seq=0, RW, Message:321f0a0f0a0d74657374...(size=33), reply=RaftClientReply:client-352D35361D97->localhost_10001@group-DB7CD3B4A7F8, cid=42, FAILED org.apache.ratis.protocol.LeaderNotReadyException: localhost_10001@group-DB7CD3B4A7F8 is in LEADER state but not ready yet., logIndex=0, commits[localhost_10001:c-1, localhost_10002:c-1, localhost_10000:c-1]
2019-09-26 13:33:07,009 INFO  client.GrpcClientProtocolService (GrpcClientProtocolService.java:lambda$processClientRequest$0(278)) - Failed RaftClientRequest:client-352D35361D97->localhost_10001@group-DB7CD3B4A7F8, cid=42, seq=0, RW, Message:321f0a0f0a0d74657374...(size=33), reply=RaftClientReply:client-352D35361D97->localhost_10001@group-DB7CD3B4A7F8, cid=42, FAILED org.apache.ratis.protocol.LeaderNotReadyException: localhost_10001@group-DB7CD3B4A7F8 is in LEADER state but not ready yet., logIndex=0, commits[localhost_10001:c-1, localhost_10002:c-1, localhost_10000:c-1]
2019-09-26 13:33:07,009 INFO  client.GrpcClientProtocolService (GrpcClientProtocolService.java:lambda$processClientRequest$0(278)) - Failed RaftClientRequest:client-352D35361D97->localhost_10001@group-DB7CD3B4A7F8, cid=42, seq=0, RW, Message:321f0a0f0a0d74657374...(size=33), reply=RaftClientReply:client-352D35361D97->localhost_10001@group-DB7CD3B4A7F8, cid=42, FAILED org.apache.ratis.protocol.LeaderNotReadyException: localhost_10001@group-DB7CD3B4A7F8 is in LEADER state but not ready yet., logIndex=0, commits[localhost_10001:c-1, localhost_10002:c-1, localhost_10000:c-1]
2019-09-26 13:33:07,010 INFO  client.GrpcClientProtocolService (GrpcClientProtocolService.java:lambda$processClientRequest$0(278)) - Failed RaftClientRequest:client-352D35361D97->localhost_10001@group-DB7CD3B4A7F8, cid=42, seq=0, RW, Message:321f0a0f0a0d74657374...(size=33), reply=RaftClientReply:client-352D35361D97->localhost_10001@group-DB7CD3B4A7F8, cid=42, FAILED org.apache.ratis.protocol.LeaderNotReadyException: localhost_10001@group-DB7CD3B4A7F8 is in LEADER state but not ready yet., logIndex=0, commits[localhost_10001:c-1, localhost_10002:c-1, localhost_10000:c-1]
2019-09-26 13:33:07,011 INFO  client.GrpcClientProtocolService (GrpcClientProtocolService.java:lambda$processClientRequest$0(278)) - Failed RaftClientRequest:client-352D35361D97->localhost_10001@group-DB7CD3B4A7F8, cid=42, seq=0, RW, Message:321f0a0f0a0d74657374...(size=33), reply=RaftClientReply:client-352D35361D97->localhost_10001@group-DB7CD3B4A7F8, cid=42, FAILED org.apache.ratis.protocol.LeaderNotReadyException: localhost_10001@group-DB7CD3B4A7F8 is in LEADER state but not ready yet., logIndex=0, commits[localhost_10001:c-1, localhost_10002:c-1, localhost_10000:c-1]
2019-09-26 13:33:07,012 INFO  client.GrpcClientProtocolService (GrpcClientProtocolService.java:lambda$processClientRequest$0(278)) - Failed RaftClientRequest:client-352D35361D97->localhost_10001@group-DB7CD3B4A7F8, cid=42, seq=0, RW, Message:321f0a0f0a0d74657374...(size=33), reply=RaftClientReply:client-352D35361D97->localhost_10001@group-DB7CD3B4A7F8, cid=42, FAILED org.apache.ratis.protocol.LeaderNotReadyException: localhost_10001@group-DB7CD3B4A7F8 is in LEADER state but not ready yet., logIndex=0, commits[localhost_10001:c-1, localhost_10002:c-1, localhost_10000:c-1]
2019-09-26 13:33:07,012 INFO  client.GrpcClientProtocolService (GrpcClientProtocolService.java:lambda$processClientRequest$0(278)) - Failed RaftClientRequest:client-352D35361D97->localhost_10001@group-DB7CD3B4A7F8, cid=42, seq=0, RW, Message:321f0a0f0a0d74657374...(size=33), reply=RaftClientReply:client-352D35361D97->localhost_10001@group-DB7CD3B4A7F8, cid=42, FAILED org.apache.ratis.protocol.LeaderNotReadyException: localhost_10001@group-DB7CD3B4A7F8 is in LEADER state but not ready yet., logIndex=0, commits[localhost_10001:c-1, localhost_10002:c-1, localhost_10000:c-1]
2019-09-26 13:33:07,013 INFO  client.GrpcClientProtocolService (GrpcClientProtocolService.java:lambda$processClientRequest$0(278)) - Failed RaftClientRequest:client-352D35361D97->localhost_10001@group-DB7CD3B4A7F8, cid=42, seq=0, RW, Message:321f0a0f0a0d74657374...(size=33), reply=RaftClientReply:client-352D35361D97->localhost_10001@group-DB7CD3B4A7F8, cid=42, FAILED org.apache.ratis.protocol.LeaderNotReadyException: localhost_10001@group-DB7CD3B4A7F8 is in LEADER state but not ready yet., logIndex=0, commits[localhost_10001:c-1, localhost_10002:c-1, localhost_10000:c-1]
2019-09-26 13:33:07,014 INFO  client.GrpcClientProtocolService (GrpcClientProtocolService.java:lambda$processClientRequest$0(278)) - Failed RaftClientRequest:client-352D35361D97->localhost_10001@group-DB7CD3B4A7F8, cid=42, seq=0, RW, Message:321f0a0f0a0d74657374...(size=33), reply=RaftClientReply:client-352D35361D97->localhost_10001@group-DB7CD3B4A7F8, cid=42, FAILED org.apache.ratis.protocol.LeaderNotReadyException: localhost_10001@group-DB7CD3B4A7F8 is in LEADER state but not ready yet., logIndex=0, commits[localhost_10001:c-1, localhost_10002:c-1, localhost_10000:c-1]
2019-09-26 13:33:07,014 INFO  client.GrpcClientProtocolService (GrpcClientProtocolService.java:lambda$processClientRequest$0(278)) - Failed RaftClientRequest:client-352D35361D97->localhost_10001@group-DB7CD3B4A7F8, cid=42, seq=0, RW, Message:321f0a0f0a0d74657374...(size=33), reply=RaftClientReply:client-352D35361D97->localhost_10001@group-DB7CD3B4A7F8, cid=42, FAILED org.apache.ratis.protocol.LeaderNotReadyException: localhost_10001@group-DB7CD3B4A7F8 is in LEADER state but not ready yet., logIndex=0, commits[localhost_10001:c-1, localhost_10002:c-1, localhost_10000:c-1]
2019-09-26 13:33:07,015 INFO  client.GrpcClientProtocolService (GrpcClientProtocolService.java:lambda$processClientRequest$0(278)) - Failed RaftClientRequest:client-352D35361D97->localhost_10001@group-DB7CD3B4A7F8, cid=42, seq=0, RW, Message:321f0a0f0a0d74657374...(size=33), reply=RaftClientReply:client-352D35361D97->localhost_10001@group-DB7CD3B4A7F8, cid=42, FAILED org.apache.ratis.protocol.LeaderNotReadyException: localhost_10001@group-DB7CD3B4A7F8 is in LEADER state but not ready yet., logIndex=0, commits[localhost_10001:c-1, localhost_10002:c-1, localhost_10000:c-1]
2019-09-26 13:33:07,015 INFO  client.GrpcClientProtocolService (GrpcClientProtocolService.java:lambda$processClientRequest$0(278)) - Failed RaftClientRequest:client-352D35361D97->localhost_10001@group-DB7CD3B4A7F8, cid=42, seq=0, RW, Message:321f0a0f0a0d74657374...(size=33), reply=RaftClientReply:client-352D35361D97->localhost_10001@group-DB7CD3B4A7F8, cid=42, FAILED org.apache.ratis.protocol.LeaderNotReadyException: localhost_10001@group-DB7CD3B4A7F8 is in LEADER state but not ready yet., logIndex=0, commits[localhost_10001:c-1, localhost_10002:c-1, localhost_10000:c-1]
2019-09-26 13:33:07,016 INFO  client.GrpcClientProtocolService (GrpcClientProtocolService.java:lambda$processClientRequest$0(278)) - Failed RaftClientRequest:client-352D35361D97->localhost_10001@group-DB7CD3B4A7F8, cid=42, seq=0, RW, Message:321f0a0f0a0d74657374...(size=33), reply=RaftClientReply:client-352D35361D97->localhost_10001@group-DB7CD3B4A7F8, cid=42, FAILED org.apache.ratis.protocol.LeaderNotReadyException: localhost_10001@group-DB7CD3B4A7F8 is in LEADER state but not ready yet., logIndex=0, commits[localhost_10001:c-1, localhost_10002:c-1, localhost_10000:c-1]
2019-09-26 13:33:07,017 INFO  client.GrpcClientProtocolService (GrpcClientProtocolService.java:lambda$processClientRequest$0(278)) - Failed RaftClientRequest:client-352D35361D97->localhost_10001@group-DB7CD3B4A7F8, cid=42, seq=0, RW, Message:321f0a0f0a0d74657374...(size=33), reply=RaftClientReply:client-352D35361D97->localhost_10001@group-DB7CD3B4A7F8, cid=42, FAILED org.apache.ratis.protocol.LeaderNotReadyException: localhost_10001@group-DB7CD3B4A7F8 is in LEADER state but not ready yet., logIndex=0, commits[localhost_10001:c-1, localhost_10002:c-1, localhost_10000:c-1]
2019-09-26 13:33:07,017 INFO  client.GrpcClientProtocolService (GrpcClientProtocolService.java:lambda$processClientRequest$0(278)) - Failed RaftClientRequest:client-352D35361D97->localhost_10001@group-DB7CD3B4A7F8, cid=42, seq=0, RW, Message:321f0a0f0a0d74657374...(size=33), reply=RaftClientReply:client-352D35361D97->localhost_10001@group-DB7CD3B4A7F8, cid=42, FAILED org.apache.ratis.protocol.LeaderNotReadyException: localhost_10001@group-DB7CD3B4A7F8 is in LEADER state but not ready yet., logIndex=0, commits[localhost_10001:c-1, localhost_10002:c-1, localhost_10000:c-1]
2019-09-26 13:33:07,018 INFO  client.GrpcClientProtocolService (GrpcClientProtocolService.java:lambda$processClientRequest$0(278)) - Failed RaftClientRequest:client-352D35361D97->localhost_10001@group-DB7CD3B4A7F8, cid=42, seq=0, RW, Message:321f0a0f0a0d74657374...(size=33), reply=RaftClientReply:client-352D35361D97->localhost_10001@group-DB7CD3B4A7F8, cid=42, FAILED org.apache.ratis.protocol.LeaderNotReadyException: localhost_10001@group-DB7CD3B4A7F8 is in LEADER state but not ready yet., logIndex=0, commits[localhost_10001:c-1, localhost_10002:c-1, localhost_10000:c-1]
2019-09-26 13:33:07,019 INFO  client.GrpcClientProtocolService (GrpcClientProtocolService.java:lambda$processClientRequest$0(278)) - Failed RaftClientRequest:client-352D35361D97->localhost_10001@group-DB7CD3B4A7F8, cid=42, seq=0, RW, Message:321f0a0f0a0d74657374...(size=33), reply=RaftClientReply:client-352D35361D97->localhost_10001@group-DB7CD3B4A7F8, cid=42, FAILED org.apache.ratis.protocol.LeaderNotReadyException: localhost_10001@group-DB7CD3B4A7F8 is in LEADER state but not ready yet., logIndex=0, commits[localhost_10001:c-1, localhost_10002:c-1, localhost_10000:c-1]
2019-09-26 13:33:07,019 INFO  client.GrpcClientProtocolService (GrpcClientProtocolService.java:lambda$processClientRequest$0(278)) - Failed RaftClientRequest:client-352D35361D97->localhost_10001@group-DB7CD3B4A7F8, cid=42, seq=0, RW, Message:321f0a0f0a0d74657374...(size=33), reply=RaftClientReply:client-352D35361D97->localhost_10001@group-DB7CD3B4A7F8, cid=42, FAILED org.apache.ratis.protocol.LeaderNotReadyException: localhost_10001@group-DB7CD3B4A7F8 is in LEADER state but not ready yet., logIndex=0, commits[localhost_10001:c-1, localhost_10002:c-1, localhost_10000:c-1]
2019-09-26 13:33:07,020 INFO  client.GrpcClientProtocolService (GrpcClientProtocolService.java:lambda$processClientRequest$0(278)) - Failed RaftClientRequest:client-352D35361D97->localhost_10001@group-DB7CD3B4A7F8, cid=42, seq=0, RW, Message:321f0a0f0a0d74657374...(size=33), reply=RaftClientReply:client-352D35361D97->localhost_10001@group-DB7CD3B4A7F8, cid=42, FAILED org.apache.ratis.protocol.LeaderNotReadyException: localhost_10001@group-DB7CD3B4A7F8 is in LEADER state but not ready yet., logIndex=0, commits[localhost_10001:c-1, localhost_10002:c-1, localhost_10000:c-1]
2019-09-26 13:33:07,021 INFO  client.GrpcClientProtocolService (GrpcClientProtocolService.java:lambda$processClientRequest$0(278)) - Failed RaftClientRequest:client-352D35361D97->localhost_10001@group-DB7CD3B4A7F8, cid=42, seq=0, RW, Message:321f0a0f0a0d74657374...(size=33), reply=RaftClientReply:client-352D35361D97->localhost_10001@group-DB7CD3B4A7F8, cid=42, FAILED org.apache.ratis.protocol.LeaderNotReadyException: localhost_10001@group-DB7CD3B4A7F8 is in LEADER state but not ready yet., logIndex=0, commits[localhost_10001:c-1, localhost_10002:c-1, localhost_10000:c-1]
2019-09-26 13:33:07,021 INFO  client.GrpcClientProtocolService (GrpcClientProtocolService.java:lambda$processClientRequest$0(278)) - Failed RaftClientRequest:client-352D35361D97->localhost_10001@group-DB7CD3B4A7F8, cid=42, seq=0, RW, Message:321f0a0f0a0d74657374...(size=33), reply=RaftClientReply:client-352D35361D97->localhost_10001@group-DB7CD3B4A7F8, cid=42, FAILED org.apache.ratis.protocol.LeaderNotReadyException: localhost_10001@group-DB7CD3B4A7F8 is in LEADER state but not ready yet., logIndex=0, commits[localhost_10001:c-1, localhost_10002:c-1, localhost_10000:c-1]
2019-09-26 13:33:07,022 INFO  client.GrpcClientProtocolService (GrpcClientProtocolService.java:lambda$processClientRequest$0(278)) - Failed RaftClientRequest:client-352D35361D97->localhost_10001@group-DB7CD3B4A7F8, cid=42, seq=0, RW, Message:321f0a0f0a0d74657374...(size=33), reply=RaftClientReply:client-352D35361D97->localhost_10001@group-DB7CD3B4A7F8, cid=42, FAILED org.apache.ratis.protocol.LeaderNotReadyException: localhost_10001@group-DB7CD3B4A7F8 is in LEADER state but not ready yet., logIndex=0, commits[localhost_10001:c-1, localhost_10002:c-1, localhost_10000:c-1]
2019-09-26 13:33:07,022 INFO  client.GrpcClientProtocolService (GrpcClientProtocolService.java:lambda$processClientRequest$0(278)) - Failed RaftClientRequest:client-352D35361D97->localhost_10001@group-DB7CD3B4A7F8, cid=42, seq=0, RW, Message:321f0a0f0a0d74657374...(size=33), reply=RaftClientReply:client-352D35361D97->localhost_10001@group-DB7CD3B4A7F8, cid=42, FAILED org.apache.ratis.protocol.LeaderNotReadyException: localhost_10001@group-DB7CD3B4A7F8 is in LEADER state but not ready yet., logIndex=0, commits[localhost_10001:c-1, localhost_10002:c-1, localhost_10000:c-1]
2019-09-26 13:33:07,023 INFO  client.GrpcClientProtocolService (GrpcClientProtocolService.java:lambda$processClientRequest$0(278)) - Failed RaftClientRequest:client-352D35361D97->localhost_10001@group-DB7CD3B4A7F8, cid=42, seq=0, RW, Message:321f0a0f0a0d74657374...(size=33), reply=RaftClientReply:client-352D35361D97->localhost_10001@group-DB7CD3B4A7F8, cid=42, FAILED org.apache.ratis.protocol.LeaderNotReadyException: localhost_10001@group-DB7CD3B4A7F8 is in LEADER state but not ready yet., logIndex=0, commits[localhost_10001:c-1, localhost_10002:c-1, localhost_10000:c-1]
2019-09-26 13:33:07,024 INFO  client.GrpcClientProtocolService (GrpcClientProtocolService.java:lambda$processClientRequest$0(278)) - Failed RaftClientRequest:client-352D35361D97->localhost_10001@group-DB7CD3B4A7F8, cid=42, seq=0, RW, Message:321f0a0f0a0d74657374...(size=33), reply=RaftClientReply:client-352D35361D97->localhost_10001@group-DB7CD3B4A7F8, cid=42, FAILED org.apache.ratis.protocol.LeaderNotReadyException: localhost_10001@group-DB7CD3B4A7F8 is in LEADER state but not ready yet., logIndex=0, commits[localhost_10001:c-1, localhost_10002:c-1, localhost_10000:c-1]
2019-09-26 13:33:07,024 INFO  client.GrpcClientProtocolService (GrpcClientProtocolService.java:lambda$processClientRequest$0(278)) - Failed RaftClientRequest:client-352D35361D97->localhost_10001@group-DB7CD3B4A7F8, cid=42, seq=0, RW, Message:321f0a0f0a0d74657374...(size=33), reply=RaftClientReply:client-352D35361D97->localhost_10001@group-DB7CD3B4A7F8, cid=42, FAILED org.apache.ratis.protocol.LeaderNotReadyException: localhost_10001@group-DB7CD3B4A7F8 is in LEADER state but not ready yet., logIndex=0, commits[localhost_10001:c-1, localhost_10002:c-1, localhost_10000:c-1]
2019-09-26 13:33:07,025 INFO  client.GrpcClientProtocolService (GrpcClientProtocolService.java:lambda$processClientRequest$0(278)) - Failed RaftClientRequest:client-352D35361D97->localhost_10001@group-DB7CD3B4A7F8, cid=42, seq=0, RW, Message:321f0a0f0a0d74657374...(size=33), reply=RaftClientReply:client-352D35361D97->localhost_10001@group-DB7CD3B4A7F8, cid=42, FAILED org.apache.ratis.protocol.LeaderNotReadyException: localhost_10001@group-DB7CD3B4A7F8 is in LEADER state but not ready yet., logIndex=0, commits[localhost_10001:c-1, localhost_10002:c-1, localhost_10000:c-1]
2019-09-26 13:33:07,026 INFO  client.GrpcClientProtocolService (GrpcClientProtocolService.java:lambda$processClientRequest$0(278)) - Failed RaftClientRequest:client-352D35361D97->localhost_10001@group-DB7CD3B4A7F8, cid=42, seq=0, RW, Message:321f0a0f0a0d74657374...(size=33), reply=RaftClientReply:client-352D35361D97->localhost_10001@group-DB7CD3B4A7F8, cid=42, FAILED org.apache.ratis.protocol.LeaderNotReadyException: localhost_10001@group-DB7CD3B4A7F8 is in LEADER state but not ready yet., logIndex=0, commits[localhost_10001:c-1, localhost_10002:c-1, localhost_10000:c-1]
2019-09-26 13:33:07,027 INFO  client.GrpcClientProtocolService (GrpcClientProtocolService.java:lambda$processClientRequest$0(278)) - Failed RaftClientRequest:client-352D35361D97->localhost_10001@group-DB7CD3B4A7F8, cid=42, seq=0, RW, Message:321f0a0f0a0d74657374...(size=33), reply=RaftClientReply:client-352D35361D97->localhost_10001@group-DB7CD3B4A7F8, cid=42, FAILED org.apache.ratis.protocol.LeaderNotReadyException: localhost_10001@group-DB7CD3B4A7F8 is in LEADER state but not ready yet., logIndex=0, commits[localhost_10001:c-1, localhost_10002:c-1, localhost_10000:c-1]
2019-09-26 13:33:07,027 INFO  client.GrpcClientProtocolService (GrpcClientProtocolService.java:lambda$processClientRequest$0(278)) - Failed RaftClientRequest:client-352D35361D97->localhost_10001@group-DB7CD3B4A7F8, cid=42, seq=0, RW, Message:321f0a0f0a0d74657374...(size=33), reply=RaftClientReply:client-352D35361D97->localhost_10001@group-DB7CD3B4A7F8, cid=42, FAILED org.apache.ratis.protocol.LeaderNotReadyException: localhost_10001@group-DB7CD3B4A7F8 is in LEADER state but not ready yet., logIndex=0, commits[localhost_10001:c-1, localhost_10002:c-1, localhost_10000:c-1]
2019-09-26 13:33:07,028 INFO  client.GrpcClientProtocolService (GrpcClientProtocolService.java:lambda$processClientRequest$0(278)) - Failed RaftClientRequest:client-352D35361D97->localhost_10001@group-DB7CD3B4A7F8, cid=42, seq=0, RW, Message:321f0a0f0a0d74657374...(size=33), reply=RaftClientReply:client-352D35361D97->localhost_10001@group-DB7CD3B4A7F8, cid=42, FAILED org.apache.ratis.protocol.LeaderNotReadyException: localhost_10001@group-DB7CD3B4A7F8 is in LEADER state but not ready yet., logIndex=0, commits[localhost_10001:c-1, localhost_10002:c-1, localhost_10000:c-1]
2019-09-26 13:33:07,028 INFO  client.GrpcClientProtocolService (GrpcClientProtocolService.java:lambda$processClientRequest$0(278)) - Failed RaftClientRequest:client-352D35361D97->localhost_10001@group-DB7CD3B4A7F8, cid=42, seq=0, RW, Message:321f0a0f0a0d74657374...(size=33), reply=RaftClientReply:client-352D35361D97->localhost_10001@group-DB7CD3B4A7F8, cid=42, FAILED org.apache.ratis.protocol.LeaderNotReadyException: localhost_10001@group-DB7CD3B4A7F8 is in LEADER state but not ready yet., logIndex=0, commits[localhost_10001:c-1, localhost_10002:c-1, localhost_10000:c-1]
2019-09-26 13:33:07,029 INFO  client.GrpcClientProtocolService (GrpcClientProtocolService.java:lambda$processClientRequest$0(278)) - Failed RaftClientRequest:client-352D35361D97->localhost_10001@group-DB7CD3B4A7F8, cid=42, seq=0, RW, Message:321f0a0f0a0d74657374...(size=33), reply=RaftClientReply:client-352D35361D97->localhost_10001@group-DB7CD3B4A7F8, cid=42, FAILED org.apache.ratis.protocol.LeaderNotReadyException: localhost_10001@group-DB7CD3B4A7F8 is in LEADER state but not ready yet., logIndex=0, commits[localhost_10001:c-1, localhost_10002:c-1, localhost_10000:c-1]
2019-09-26 13:33:07,030 INFO  client.GrpcClientProtocolService (GrpcClientProtocolService.java:lambda$processClientRequest$0(278)) - Failed RaftClientRequest:client-352D35361D97->localhost_10001@group-DB7CD3B4A7F8, cid=42, seq=0, RW, Message:321f0a0f0a0d74657374...(size=33), reply=RaftClientReply:client-352D35361D97->localhost_10001@group-DB7CD3B4A7F8, cid=42, FAILED org.apache.ratis.protocol.LeaderNotReadyException: localhost_10001@group-DB7CD3B4A7F8 is in LEADER state but not ready yet., logIndex=0, commits[localhost_10001:c-1, localhost_10002:c-1, localhost_10000:c-1]
2019-09-26 13:33:07,031 INFO  client.GrpcClientProtocolService (GrpcClientProtocolService.java:lambda$processClientRequest$0(278)) - Failed RaftClientRequest:client-352D35361D97->localhost_10001@group-DB7CD3B4A7F8, cid=42, seq=0, RW, Message:321f0a0f0a0d74657374...(size=33), reply=RaftClientReply:client-352D35361D97->localhost_10001@group-DB7CD3B4A7F8, cid=42, FAILED org.apache.ratis.protocol.LeaderNotReadyException: localhost_10001@group-DB7CD3B4A7F8 is in LEADER state but not ready yet., logIndex=0, commits[localhost_10001:c-1, localhost_10002:c-1, localhost_10000:c-1]
2019-09-26 13:33:07,031 INFO  client.GrpcClientProtocolService (GrpcClientProtocolService.java:lambda$processClientRequest$0(278)) - Failed RaftClientRequest:client-352D35361D97->localhost_10001@group-DB7CD3B4A7F8, cid=42, seq=0, RW, Message:321f0a0f0a0d74657374...(size=33), reply=RaftClientReply:client-352D35361D97->localhost_10001@group-DB7CD3B4A7F8, cid=42, FAILED org.apache.ratis.protocol.LeaderNotReadyException: localhost_10001@group-DB7CD3B4A7F8 is in LEADER state but not ready yet., logIndex=0, commits[localhost_10001:c-1, localhost_10002:c-1, localhost_10000:c-1]
2019-09-26 13:33:07,032 INFO  client.GrpcClientProtocolService (GrpcClientProtocolService.java:lambda$processClientRequest$0(278)) - Failed RaftClientRequest:client-352D35361D97->localhost_10001@group-DB7CD3B4A7F8, cid=42, seq=0, RW, Message:321f0a0f0a0d74657374...(size=33), reply=RaftClientReply:client-352D35361D97->localhost_10001@group-DB7CD3B4A7F8, cid=42, FAILED org.apache.ratis.protocol.LeaderNotReadyException: localhost_10001@group-DB7CD3B4A7F8 is in LEADER state but not ready yet., logIndex=0, commits[localhost_10001:c-1, localhost_10002:c-1, localhost_10000:c-1]
2019-09-26 13:33:07,033 INFO  client.GrpcClientProtocolService (GrpcClientProtocolService.java:lambda$processClientRequest$0(278)) - Failed RaftClientRequest:client-352D35361D97->localhost_10001@group-DB7CD3B4A7F8, cid=42, seq=0, RW, Message:321f0a0f0a0d74657374...(size=33), reply=RaftClientReply:client-352D35361D97->localhost_10001@group-DB7CD3B4A7F8, cid=42, FAILED org.apache.ratis.protocol.LeaderNotReadyException: localhost_10001@group-DB7CD3B4A7F8 is in LEADER state but not ready yet., logIndex=0, commits[localhost_10001:c-1, localhost_10002:c-1, localhost_10000:c-1]
2019-09-26 13:33:07,033 INFO  client.GrpcClientProtocolService (GrpcClientProtocolService.java:lambda$processClientRequest$0(278)) - Failed RaftClientRequest:client-352D35361D97->localhost_10001@group-DB7CD3B4A7F8, cid=42, seq=0, RW, Message:321f0a0f0a0d74657374...(size=33), reply=RaftClientReply:client-352D35361D97->localhost_10001@group-DB7CD3B4A7F8, cid=42, FAILED org.apache.ratis.protocol.LeaderNotReadyException: localhost_10001@group-DB7CD3B4A7F8 is in LEADER state but not ready yet., logIndex=0, commits[localhost_10001:c-1, localhost_10002:c-1, localhost_10000:c-1]
2019-09-26 13:33:07,034 INFO  client.GrpcClientProtocolService (GrpcClientProtocolService.java:lambda$processClientRequest$0(278)) - Failed RaftClientRequest:client-352D35361D97->localhost_10001@group-DB7CD3B4A7F8, cid=42, seq=0, RW, Message:321f0a0f0a0d74657374...(size=33), reply=RaftClientReply:client-352D35361D97->localhost_10001@group-DB7CD3B4A7F8, cid=42, FAILED org.apache.ratis.protocol.LeaderNotReadyException: localhost_10001@group-DB7CD3B4A7F8 is in LEADER state but not ready yet., logIndex=0, commits[localhost_10001:c-1, localhost_10002:c-1, localhost_10000:c-1]
2019-09-26 13:33:07,035 INFO  client.GrpcClientProtocolService (GrpcClientProtocolService.java:lambda$processClientRequest$0(278)) - Failed RaftClientRequest:client-352D35361D97->localhost_10001@group-DB7CD3B4A7F8, cid=42, seq=0, RW, Message:321f0a0f0a0d74657374...(size=33), reply=RaftClientReply:client-352D35361D97->localhost_10001@group-DB7CD3B4A7F8, cid=42, FAILED org.apache.ratis.protocol.LeaderNotReadyException: localhost_10001@group-DB7CD3B4A7F8 is in LEADER state but not ready yet., logIndex=0, commits[localhost_10001:c-1, localhost_10002:c-1, localhost_10000:c-1]
2019-09-26 13:33:07,035 INFO  client.GrpcClientProtocolService (GrpcClientProtocolService.java:lambda$processClientRequest$0(278)) - Failed RaftClientRequest:client-352D35361D97->localhost_10001@group-DB7CD3B4A7F8, cid=42, seq=0, RW, Message:321f0a0f0a0d74657374...(size=33), reply=RaftClientReply:client-352D35361D97->localhost_10001@group-DB7CD3B4A7F8, cid=42, FAILED org.apache.ratis.protocol.LeaderNotReadyException: localhost_10001@group-DB7CD3B4A7F8 is in LEADER state but not ready yet., logIndex=0, commits[localhost_10001:c-1, localhost_10002:c-1, localhost_10000:c-1]
2019-09-26 13:33:07,036 INFO  client.GrpcClientProtocolService (GrpcClientProtocolService.java:lambda$processClientRequest$0(278)) - Failed RaftClientRequest:client-352D35361D97->localhost_10001@group-DB7CD3B4A7F8, cid=42, seq=0, RW, Message:321f0a0f0a0d74657374...(size=33), reply=RaftClientReply:client-352D35361D97->localhost_10001@group-DB7CD3B4A7F8, cid=42, FAILED org.apache.ratis.protocol.LeaderNotReadyException: localhost_10001@group-DB7CD3B4A7F8 is in LEADER state but not ready yet., logIndex=0, commits[localhost_10001:c-1, localhost_10002:c-1, localhost_10000:c-1]
2019-09-26 13:33:07,037 INFO  client.GrpcClientProtocolService (GrpcClientProtocolService.java:lambda$processClientRequest$0(278)) - Failed RaftClientRequest:client-352D35361D97->localhost_10001@group-DB7CD3B4A7F8, cid=42, seq=0, RW, Message:321f0a0f0a0d74657374...(size=33), reply=RaftClientReply:client-352D35361D97->localhost_10001@group-DB7CD3B4A7F8, cid=42, FAILED org.apache.ratis.protocol.LeaderNotReadyException: localhost_10001@group-DB7CD3B4A7F8 is in LEADER state but not ready yet., logIndex=0, commits[localhost_10001:c-1, localhost_10002:c-1, localhost_10000:c-1]
2019-09-26 13:33:07,038 INFO  client.GrpcClientProtocolService (GrpcClientProtocolService.java:lambda$processClientRequest$0(278)) - Failed RaftClientRequest:client-352D35361D97->localhost_10001@group-DB7CD3B4A7F8, cid=42, seq=0, RW, Message:321f0a0f0a0d74657374...(size=33), reply=RaftClientReply:client-352D35361D97->localhost_10001@group-DB7CD3B4A7F8, cid=42, FAILED org.apache.ratis.protocol.LeaderNotReadyException: localhost_10001@group-DB7CD3B4A7F8 is in LEADER state but not ready yet., logIndex=0, commits[localhost_10001:c-1, localhost_10002:c-1, localhost_10000:c-1]
2019-09-26 13:33:07,038 INFO  client.GrpcClientProtocolService (GrpcClientProtocolService.java:lambda$processClientRequest$0(278)) - Failed RaftClientRequest:client-352D35361D97->localhost_10001@group-DB7CD3B4A7F8, cid=42, seq=0, RW, Message:321f0a0f0a0d74657374...(size=33), reply=RaftClientReply:client-352D35361D97->localhost_10001@group-DB7CD3B4A7F8, cid=42, FAILED org.apache.ratis.protocol.LeaderNotReadyException: localhost_10001@group-DB7CD3B4A7F8 is in LEADER state but not ready yet., logIndex=0, commits[localhost_10001:c-1, localhost_10002:c-1, localhost_10000:c-1]
2019-09-26 13:33:07,039 INFO  client.GrpcClientProtocolService (GrpcClientProtocolService.java:lambda$processClientRequest$0(278)) - Failed RaftClientRequest:client-352D35361D97->localhost_10001@group-DB7CD3B4A7F8, cid=42, seq=0, RW, Message:321f0a0f0a0d74657374...(size=33), reply=RaftClientReply:client-352D35361D97->localhost_10001@group-DB7CD3B4A7F8, cid=42, FAILED org.apache.ratis.protocol.LeaderNotReadyException: localhost_10001@group-DB7CD3B4A7F8 is in LEADER state but not ready yet., logIndex=0, commits[localhost_10001:c-1, localhost_10002:c-1, localhost_10000:c-1]
2019-09-26 13:33:07,040 INFO  client.GrpcClientProtocolService (GrpcClientProtocolService.java:lambda$processClientRequest$0(278)) - Failed RaftClientRequest:client-352D35361D97->localhost_10001@group-DB7CD3B4A7F8, cid=42, seq=0, RW, Message:321f0a0f0a0d74657374...(size=33), reply=RaftClientReply:client-352D35361D97->localhost_10001@group-DB7CD3B4A7F8, cid=42, FAILED org.apache.ratis.protocol.LeaderNotReadyException: localhost_10001@group-DB7CD3B4A7F8 is in LEADER state but not ready yet., logIndex=0, commits[localhost_10001:c-1, localhost_10002:c-1, localhost_10000:c-1]
2019-09-26 13:33:07,040 INFO  client.GrpcClientProtocolService (GrpcClientProtocolService.java:lambda$processClientRequest$0(278)) - Failed RaftClientRequest:client-352D35361D97->localhost_10001@group-DB7CD3B4A7F8, cid=42, seq=0, RW, Message:321f0a0f0a0d74657374...(size=33), reply=RaftClientReply:client-352D35361D97->localhost_10001@group-DB7CD3B4A7F8, cid=42, FAILED org.apache.ratis.protocol.LeaderNotReadyException: localhost_10001@group-DB7CD3B4A7F8 is in LEADER state but not ready yet., logIndex=0, commits[localhost_10001:c-1, localhost_10002:c-1, localhost_10000:c-1]
2019-09-26 13:33:07,041 INFO  client.GrpcClientProtocolService (GrpcClientProtocolService.java:lambda$processClientRequest$0(278)) - Failed RaftClientRequest:client-352D35361D97->localhost_10001@group-DB7CD3B4A7F8, cid=42, seq=0, RW, Message:321f0a0f0a0d74657374...(size=33), reply=RaftClientReply:client-352D35361D97->localhost_10001@group-DB7CD3B4A7F8, cid=42, FAILED org.apache.ratis.protocol.LeaderNotReadyException: localhost_10001@group-DB7CD3B4A7F8 is in LEADER state but not ready yet., logIndex=0, commits[localhost_10001:c-1, localhost_10002:c-1, localhost_10000:c-1]
2019-09-26 13:33:07,042 INFO  client.GrpcClientProtocolService (GrpcClientProtocolService.java:lambda$processClientRequest$0(278)) - Failed RaftClientRequest:client-352D35361D97->localhost_10001@group-DB7CD3B4A7F8, cid=42, seq=0, RW, Message:321f0a0f0a0d74657374...(size=33), reply=RaftClientReply:client-352D35361D97->localhost_10001@group-DB7CD3B4A7F8, cid=42, FAILED org.apache.ratis.protocol.LeaderNotReadyException: localhost_10001@group-DB7CD3B4A7F8 is in LEADER state but not ready yet., logIndex=0, commits[localhost_10001:c-1, localhost_10002:c-1, localhost_10000:c-1]
2019-09-26 13:33:07,042 INFO  client.GrpcClientProtocolService (GrpcClientProtocolService.java:lambda$processClientRequest$0(278)) - Failed RaftClientRequest:client-352D35361D97->localhost_10001@group-DB7CD3B4A7F8, cid=42, seq=0, RW, Message:321f0a0f0a0d74657374...(size=33), reply=RaftClientReply:client-352D35361D97->localhost_10001@group-DB7CD3B4A7F8, cid=42, FAILED org.apache.ratis.protocol.LeaderNotReadyException: localhost_10001@group-DB7CD3B4A7F8 is in LEADER state but not ready yet., logIndex=0, commits[localhost_10001:c-1, localhost_10002:c-1, localhost_10000:c-1]
2019-09-26 13:33:07,043 INFO  client.GrpcClientProtocolService (GrpcClientProtocolService.java:lambda$processClientRequest$0(278)) - Failed RaftClientRequest:client-352D35361D97->localhost_10001@group-DB7CD3B4A7F8, cid=42, seq=0, RW, Message:321f0a0f0a0d74657374...(size=33), reply=RaftClientReply:client-352D35361D97->localhost_10001@group-DB7CD3B4A7F8, cid=42, FAILED org.apache.ratis.protocol.LeaderNotReadyException: localhost_10001@group-DB7CD3B4A7F8 is in LEADER state but not ready yet., logIndex=0, commits[localhost_10001:c-1, localhost_10002:c-1, localhost_10000:c-1]
2019-09-26 13:33:07,044 INFO  client.GrpcClientProtocolService (GrpcClientProtocolService.java:lambda$processClientRequest$0(278)) - Failed RaftClientRequest:client-352D35361D97->localhost_10001@group-DB7CD3B4A7F8, cid=42, seq=0, RW, Message:321f0a0f0a0d74657374...(size=33), reply=RaftClientReply:client-352D35361D97->localhost_10001@group-DB7CD3B4A7F8, cid=42, FAILED org.apache.ratis.protocol.LeaderNotReadyException: localhost_10001@group-DB7CD3B4A7F8 is in LEADER state but not ready yet., logIndex=0, commits[localhost_10001:c-1, localhost_10002:c-1, localhost_10000:c-1]
2019-09-26 13:33:07,044 INFO  client.GrpcClientProtocolService (GrpcClientProtocolService.java:lambda$processClientRequest$0(278)) - Failed RaftClientRequest:client-352D35361D97->localhost_10001@group-DB7CD3B4A7F8, cid=42, seq=0, RW, Message:321f0a0f0a0d74657374...(size=33), reply=RaftClientReply:client-352D35361D97->localhost_10001@group-DB7CD3B4A7F8, cid=42, FAILED org.apache.ratis.protocol.LeaderNotReadyException: localhost_10001@group-DB7CD3B4A7F8 is in LEADER state but not ready yet., logIndex=0, commits[localhost_10001:c-1, localhost_10002:c-1, localhost_10000:c-1]
2019-09-26 13:33:07,045 INFO  client.GrpcClientProtocolService (GrpcClientProtocolService.java:lambda$processClientRequest$0(278)) - Failed RaftClientRequest:client-352D35361D97->localhost_10001@group-DB7CD3B4A7F8, cid=42, seq=0, RW, Message:321f0a0f0a0d74657374...(size=33), reply=RaftClientReply:client-352D35361D97->localhost_10001@group-DB7CD3B4A7F8, cid=42, FAILED org.apache.ratis.protocol.LeaderNotReadyException: localhost_10001@group-DB7CD3B4A7F8 is in LEADER state but not ready yet., logIndex=0, commits[localhost_10001:c-1, localhost_10002:c-1, localhost_10000:c-1]
2019-09-26 13:33:07,045 INFO  client.GrpcClientProtocolService (GrpcClientProtocolService.java:lambda$processClientRequest$0(278)) - Failed RaftClientRequest:client-352D35361D97->localhost_10001@group-DB7CD3B4A7F8, cid=42, seq=0, RW, Message:321f0a0f0a0d74657374...(size=33), reply=RaftClientReply:client-352D35361D97->localhost_10001@group-DB7CD3B4A7F8, cid=42, FAILED org.apache.ratis.protocol.LeaderNotReadyException: localhost_10001@group-DB7CD3B4A7F8 is in LEADER state but not ready yet., logIndex=0, commits[localhost_10001:c-1, localhost_10002:c-1, localhost_10000:c-1]
2019-09-26 13:33:07,046 INFO  client.GrpcClientProtocolService (GrpcClientProtocolService.java:lambda$processClientRequest$0(278)) - Failed RaftClientRequest:client-352D35361D97->localhost_10001@group-DB7CD3B4A7F8, cid=42, seq=0, RW, Message:321f0a0f0a0d74657374...(size=33), reply=RaftClientReply:client-352D35361D97->localhost_10001@group-DB7CD3B4A7F8, cid=42, FAILED org.apache.ratis.protocol.LeaderNotReadyException: localhost_10001@group-DB7CD3B4A7F8 is in LEADER state but not ready yet., logIndex=0, commits[localhost_10001:c-1, localhost_10002:c-1, localhost_10000:c-1]
2019-09-26 13:33:07,047 INFO  client.GrpcClientProtocolService (GrpcClientProtocolService.java:lambda$processClientRequest$0(278)) - Failed RaftClientRequest:client-352D35361D97->localhost_10001@group-DB7CD3B4A7F8, cid=42, seq=0, RW, Message:321f0a0f0a0d74657374...(size=33), reply=RaftClientReply:client-352D35361D97->localhost_10001@group-DB7CD3B4A7F8, cid=42, FAILED org.apache.ratis.protocol.LeaderNotReadyException: localhost_10001@group-DB7CD3B4A7F8 is in LEADER state but not ready yet., logIndex=0, commits[localhost_10001:c-1, localhost_10002:c-1, localhost_10000:c-1]
2019-09-26 13:33:07,047 INFO  client.GrpcClientProtocolService (GrpcClientProtocolService.java:lambda$processClientRequest$0(278)) - Failed RaftClientRequest:client-352D35361D97->localhost_10001@group-DB7CD3B4A7F8, cid=42, seq=0, RW, Message:321f0a0f0a0d74657374...(size=33), reply=RaftClientReply:client-352D35361D97->localhost_10001@group-DB7CD3B4A7F8, cid=42, FAILED org.apache.ratis.protocol.LeaderNotReadyException: localhost_10001@group-DB7CD3B4A7F8 is in LEADER state but not ready yet., logIndex=0, commits[localhost_10001:c-1, localhost_10002:c-1, localhost_10000:c-1]
2019-09-26 13:33:07,048 INFO  client.GrpcClientProtocolService (GrpcClientProtocolService.java:lambda$processClientRequest$0(278)) - Failed RaftClientRequest:client-352D35361D97->localhost_10001@group-DB7CD3B4A7F8, cid=42, seq=0, RW, Message:321f0a0f0a0d74657374...(size=33), reply=RaftClientReply:client-352D35361D97->localhost_10001@group-DB7CD3B4A7F8, cid=42, FAILED org.apache.ratis.protocol.LeaderNotReadyException: localhost_10001@group-DB7CD3B4A7F8 is in LEADER state but not ready yet., logIndex=0, commits[localhost_10001:c-1, localhost_10002:c-1, localhost_10000:c-1]
2019-09-26 13:33:07,049 INFO  client.GrpcClientProtocolService (GrpcClientProtocolService.java:lambda$processClientRequest$0(278)) - Failed RaftClientRequest:client-352D35361D97->localhost_10001@group-DB7CD3B4A7F8, cid=42, seq=0, RW, Message:321f0a0f0a0d74657374...(size=33), reply=RaftClientReply:client-352D35361D97->localhost_10001@group-DB7CD3B4A7F8, cid=42, FAILED org.apache.ratis.protocol.LeaderNotReadyException: localhost_10001@group-DB7CD3B4A7F8 is in LEADER state but not ready yet., logIndex=0, commits[localhost_10001:c-1, localhost_10002:c-1, localhost_10000:c-1]
2019-09-26 13:33:07,049 INFO  client.GrpcClientProtocolService (GrpcClientProtocolService.java:lambda$processClientRequest$0(278)) - Failed RaftClientRequest:client-352D35361D97->localhost_10001@group-DB7CD3B4A7F8, cid=42, seq=0, RW, Message:321f0a0f0a0d74657374...(size=33), reply=RaftClientReply:client-352D35361D97->localhost_10001@group-DB7CD3B4A7F8, cid=42, FAILED org.apache.ratis.protocol.LeaderNotReadyException: localhost_10001@group-DB7CD3B4A7F8 is in LEADER state but not ready yet., logIndex=0, commits[localhost_10001:c-1, localhost_10002:c-1, localhost_10000:c-1]
2019-09-26 13:33:07,197 INFO  segmented.SegmentedRaftLogWorker (SegmentedRaftLogWorker.java:execute(569)) - localhost_10002@group-DB7CD3B4A7F8-SegmentedRaftLogWorker: created new log segment /workdir/ratis-logservice/target/test/data/f1e1e06e/workers/2/bf5dd4a0-1505-4071-8892-db7cd3b4a7f8/current/log_inprogress_0
2019-09-26 13:33:07,197 INFO  segmented.SegmentedRaftLogWorker (SegmentedRaftLogWorker.java:execute(569)) - localhost_10001@group-DB7CD3B4A7F8-SegmentedRaftLogWorker: created new log segment /workdir/ratis-logservice/target/test/data/f1e1e06e/workers/1/bf5dd4a0-1505-4071-8892-db7cd3b4a7f8/current/log_inprogress_0
2019-09-26 13:33:07,197 INFO  segmented.SegmentedRaftLogWorker (SegmentedRaftLogWorker.java:execute(569)) - localhost_10000@group-DB7CD3B4A7F8-SegmentedRaftLogWorker: created new log segment /workdir/ratis-logservice/target/test/data/f1e1e06e/workers/0/bf5dd4a0-1505-4071-8892-db7cd3b4a7f8/current/log_inprogress_0
2019-09-26 13:33:07,199 INFO  client.GrpcClientProtocolService (GrpcClientProtocolService.java:lambda$processClientRequest$0(278)) - Failed RaftClientRequest:client-352D35361D97->localhost_10001@group-DB7CD3B4A7F8, cid=42, seq=0, RW, Message:321f0a0f0a0d74657374...(size=33), reply=RaftClientReply:client-352D35361D97->localhost_10001@group-DB7CD3B4A7F8, cid=42, FAILED org.apache.ratis.protocol.LeaderNotReadyException: localhost_10001@group-DB7CD3B4A7F8 is in LEADER state but not ready yet., logIndex=0, commits[localhost_10001:c-1, localhost_10002:c-1, localhost_10000:c-1]
2019-09-26 13:33:07,200 INFO  client.GrpcClientProtocolService (GrpcClientProtocolService.java:lambda$processClientRequest$0(278)) - Failed RaftClientRequest:client-352D35361D97->localhost_10001@group-DB7CD3B4A7F8, cid=42, seq=0, RW, Message:321f0a0f0a0d74657374...(size=33), reply=RaftClientReply:client-352D35361D97->localhost_10001@group-DB7CD3B4A7F8, cid=42, FAILED org.apache.ratis.protocol.LeaderNotReadyException: localhost_10001@group-DB7CD3B4A7F8 is in LEADER state but not ready yet., logIndex=0, commits[localhost_10001:c-1, localhost_10002:c-1, localhost_10000:c-1]
2019-09-26 13:33:07,201 INFO  client.GrpcClientProtocolService (GrpcClientProtocolService.java:lambda$processClientRequest$0(278)) - Failed RaftClientRequest:client-352D35361D97->localhost_10001@group-DB7CD3B4A7F8, cid=42, seq=0, RW, Message:321f0a0f0a0d74657374...(size=33), reply=RaftClientReply:client-352D35361D97->localhost_10001@group-DB7CD3B4A7F8, cid=42, FAILED org.apache.ratis.protocol.LeaderNotReadyException: localhost_10001@group-DB7CD3B4A7F8 is in LEADER state but not ready yet., logIndex=0, commits[localhost_10001:c-1, localhost_10002:c-1, localhost_10000:c-1]
2019-09-26 13:33:07,202 INFO  client.GrpcClientProtocolService (GrpcClientProtocolService.java:lambda$processClientRequest$0(278)) - Failed RaftClientRequest:client-352D35361D97->localhost_10001@group-DB7CD3B4A7F8, cid=42, seq=0, RW, Message:321f0a0f0a0d74657374...(size=33), reply=RaftClientReply:client-352D35361D97->localhost_10001@group-DB7CD3B4A7F8, cid=42, FAILED org.apache.ratis.protocol.LeaderNotReadyException: localhost_10001@group-DB7CD3B4A7F8 is in LEADER state but not ready yet., logIndex=0, commits[localhost_10001:c-1, localhost_10002:c-1, localhost_10000:c-1]
2019-09-26 13:33:07,203 INFO  client.GrpcClientProtocolService (GrpcClientProtocolService.java:lambda$processClientRequest$0(278)) - Failed RaftClientRequest:client-352D35361D97->localhost_10001@group-DB7CD3B4A7F8, cid=42, seq=0, RW, Message:321f0a0f0a0d74657374...(size=33), reply=RaftClientReply:client-352D35361D97->localhost_10001@group-DB7CD3B4A7F8, cid=42, FAILED org.apache.ratis.protocol.LeaderNotReadyException: localhost_10001@group-DB7CD3B4A7F8 is in LEADER state but not ready yet., logIndex=0, commits[localhost_10001:c-1, localhost_10002:c-1, localhost_10000:c-1]
2019-09-26 13:33:07,204 INFO  client.GrpcClientProtocolService (GrpcClientProtocolService.java:lambda$processClientRequest$0(278)) - Failed RaftClientRequest:client-352D35361D97->localhost_10001@group-DB7CD3B4A7F8, cid=42, seq=0, RW, Message:321f0a0f0a0d74657374...(size=33), reply=RaftClientReply:client-352D35361D97->localhost_10001@group-DB7CD3B4A7F8, cid=42, FAILED org.apache.ratis.protocol.LeaderNotReadyException: localhost_10001@group-DB7CD3B4A7F8 is in LEADER state but not ready yet., logIndex=0, commits[localhost_10001:c-1, localhost_10002:c-1, localhost_10000:c-1]
2019-09-26 13:33:07,204 INFO  client.GrpcClientProtocolService (GrpcClientProtocolService.java:lambda$processClientRequest$0(278)) - Failed RaftClientRequest:client-352D35361D97->localhost_10001@group-DB7CD3B4A7F8, cid=42, seq=0, RW, Message:321f0a0f0a0d74657374...(size=33), reply=RaftClientReply:client-352D35361D97->localhost_10001@group-DB7CD3B4A7F8, cid=42, FAILED org.apache.ratis.protocol.LeaderNotReadyException: localhost_10001@group-DB7CD3B4A7F8 is in LEADER state but not ready yet., logIndex=0, commits[localhost_10001:c-1, localhost_10002:c-1, localhost_10000:c-1]
2019-09-26 13:33:07,205 INFO  client.GrpcClientProtocolService (GrpcClientProtocolService.java:lambda$processClientRequest$0(278)) - Failed RaftClientRequest:client-352D35361D97->localhost_10001@group-DB7CD3B4A7F8, cid=42, seq=0, RW, Message:321f0a0f0a0d74657374...(size=33), reply=RaftClientReply:client-352D35361D97->localhost_10001@group-DB7CD3B4A7F8, cid=42, FAILED org.apache.ratis.protocol.LeaderNotReadyException: localhost_10001@group-DB7CD3B4A7F8 is in LEADER state but not ready yet., logIndex=0, commits[localhost_10001:c-1, localhost_10002:c-1, localhost_10000:c-1]
2019-09-26 13:33:07,206 INFO  client.GrpcClientProtocolService (GrpcClientProtocolService.java:lambda$processClientRequest$0(278)) - Failed RaftClientRequest:client-352D35361D97->localhost_10001@group-DB7CD3B4A7F8, cid=42, seq=0, RW, Message:321f0a0f0a0d74657374...(size=33), reply=RaftClientReply:client-352D35361D97->localhost_10001@group-DB7CD3B4A7F8, cid=42, FAILED org.apache.ratis.protocol.LeaderNotReadyException: localhost_10001@group-DB7CD3B4A7F8 is in LEADER state but not ready yet., logIndex=0, commits[localhost_10001:c-1, localhost_10002:c-1, localhost_10000:c-1]
2019-09-26 13:33:07,207 INFO  client.GrpcClientProtocolService (GrpcClientProtocolService.java:lambda$processClientRequest$0(278)) - Failed RaftClientRequest:client-352D35361D97->localhost_10001@group-DB7CD3B4A7F8, cid=42, seq=0, RW, Message:321f0a0f0a0d74657374...(size=33), reply=RaftClientReply:client-352D35361D97->localhost_10001@group-DB7CD3B4A7F8, cid=42, FAILED org.apache.ratis.protocol.LeaderNotReadyException: localhost_10001@group-DB7CD3B4A7F8 is in LEADER state but not ready yet., logIndex=0, commits[localhost_10001:c-1, localhost_10002:c-1, localhost_10000:c-1]
2019-09-26 13:33:07,208 INFO  client.GrpcClientProtocolService (GrpcClientProtocolService.java:lambda$processClientRequest$0(278)) - Failed RaftClientRequest:client-352D35361D97->localhost_10001@group-DB7CD3B4A7F8, cid=42, seq=0, RW, Message:321f0a0f0a0d74657374...(size=33), reply=RaftClientReply:client-352D35361D97->localhost_10001@group-DB7CD3B4A7F8, cid=42, FAILED org.apache.ratis.protocol.LeaderNotReadyException: localhost_10001@group-DB7CD3B4A7F8 is in LEADER state but not ready yet., logIndex=0, commits[localhost_10001:c-1, localhost_10002:c-1, localhost_10000:c-1]
2019-09-26 13:33:07,209 INFO  client.GrpcClientProtocolService (GrpcClientProtocolService.java:lambda$processClientRequest$0(278)) - Failed RaftClientRequest:client-352D35361D97->localhost_10001@group-DB7CD3B4A7F8, cid=42, seq=0, RW, Message:321f0a0f0a0d74657374...(size=33), reply=RaftClientReply:client-352D35361D97->localhost_10001@group-DB7CD3B4A7F8, cid=42, FAILED org.apache.ratis.protocol.LeaderNotReadyException: localhost_10001@group-DB7CD3B4A7F8 is in LEADER state but not ready yet., logIndex=0, commits[localhost_10001:c-1, localhost_10002:c-1, localhost_10000:c-1]
2019-09-26 13:33:07,210 INFO  client.GrpcClientProtocolService (GrpcClientProtocolService.java:lambda$processClientRequest$0(278)) - Failed RaftClientRequest:client-352D35361D97->localhost_10001@group-DB7CD3B4A7F8, cid=42, seq=0, RW, Message:321f0a0f0a0d74657374...(size=33), reply=RaftClientReply:client-352D35361D97->localhost_10001@group-DB7CD3B4A7F8, cid=42, FAILED org.apache.ratis.protocol.LeaderNotReadyException: localhost_10001@group-DB7CD3B4A7F8 is in LEADER state but not ready yet., logIndex=0, commits[localhost_10001:c-1, localhost_10002:c-1, localhost_10000:c-1]
2019-09-26 13:33:07,211 INFO  client.GrpcClientProtocolService (GrpcClientProtocolService.java:lambda$processClientRequest$0(278)) - Failed RaftClientRequest:client-352D35361D97->localhost_10001@group-DB7CD3B4A7F8, cid=42, seq=0, RW, Message:321f0a0f0a0d74657374...(size=33), reply=RaftClientReply:client-352D35361D97->localhost_10001@group-DB7CD3B4A7F8, cid=42, FAILED org.apache.ratis.protocol.LeaderNotReadyException: localhost_10001@group-DB7CD3B4A7F8 is in LEADER state but not ready yet., logIndex=0, commits[localhost_10001:c-1, localhost_10002:c-1, localhost_10000:c-1]
2019-09-26 13:33:07,211 INFO  client.GrpcClientProtocolService (GrpcClientProtocolService.java:lambda$processClientRequest$0(278)) - Failed RaftClientRequest:client-352D35361D97->localhost_10001@group-DB7CD3B4A7F8, cid=42, seq=0, RW, Message:321f0a0f0a0d74657374...(size=33), reply=RaftClientReply:client-352D35361D97->localhost_10001@group-DB7CD3B4A7F8, cid=42, FAILED org.apache.ratis.protocol.LeaderNotReadyException: localhost_10001@group-DB7CD3B4A7F8 is in LEADER state but not ready yet., logIndex=0, commits[localhost_10001:c-1, localhost_10002:c-1, localhost_10000:c-1]
2019-09-26 13:33:07,212 INFO  client.GrpcClientProtocolService (GrpcClientProtocolService.java:lambda$processClientRequest$0(278)) - Failed RaftClientRequest:client-352D35361D97->localhost_10001@group-DB7CD3B4A7F8, cid=42, seq=0, RW, Message:321f0a0f0a0d74657374...(size=33), reply=RaftClientReply:client-352D35361D97->localhost_10001@group-DB7CD3B4A7F8, cid=42, FAILED org.apache.ratis.protocol.LeaderNotReadyException: localhost_10001@group-DB7CD3B4A7F8 is in LEADER state but not ready yet., logIndex=0, commits[localhost_10001:c-1, localhost_10002:c-1, localhost_10000:c-1]
2019-09-26 13:33:07,214 INFO  client.GrpcClientProtocolService (GrpcClientProtocolService.java:lambda$processClientRequest$0(278)) - Failed RaftClientRequest:client-352D35361D97->localhost_10001@group-DB7CD3B4A7F8, cid=42, seq=0, RW, Message:321f0a0f0a0d74657374...(size=33), reply=RaftClientReply:client-352D35361D97->localhost_10001@group-DB7CD3B4A7F8, cid=42, FAILED org.apache.ratis.protocol.LeaderNotReadyException: localhost_10001@group-DB7CD3B4A7F8 is in LEADER state but not ready yet., logIndex=0, commits[localhost_10001:c-1, localhost_10002:c-1, localhost_10000:c-1]
2019-09-26 13:33:07,215 INFO  client.GrpcClientProtocolService (GrpcClientProtocolService.java:lambda$processClientRequest$0(278)) - Failed RaftClientRequest:client-352D35361D97->localhost_10001@group-DB7CD3B4A7F8, cid=42, seq=0, RW, Message:321f0a0f0a0d74657374...(size=33), reply=RaftClientReply:client-352D35361D97->localhost_10001@group-DB7CD3B4A7F8, cid=42, FAILED org.apache.ratis.protocol.LeaderNotReadyException: localhost_10001@group-DB7CD3B4A7F8 is in LEADER state but not ready yet., logIndex=0, commits[localhost_10001:c-1, localhost_10002:c-1, localhost_10000:c-1]
2019-09-26 13:33:07,216 INFO  client.GrpcClientProtocolService (GrpcClientProtocolService.java:lambda$processClientRequest$0(278)) - Failed RaftClientRequest:client-352D35361D97->localhost_10001@group-DB7CD3B4A7F8, cid=42, seq=0, RW, Message:321f0a0f0a0d74657374...(size=33), reply=RaftClientReply:client-352D35361D97->localhost_10001@group-DB7CD3B4A7F8, cid=42, FAILED org.apache.ratis.protocol.LeaderNotReadyException: localhost_10001@group-DB7CD3B4A7F8 is in LEADER state but not ready yet., logIndex=0, commits[localhost_10001:c-1, localhost_10002:c-1, localhost_10000:c-1]
2019-09-26 13:33:07,216 INFO  client.GrpcClientProtocolService (GrpcClientProtocolService.java:lambda$processClientRequest$0(278)) - Failed RaftClientRequest:client-352D35361D97->localhost_10001@group-DB7CD3B4A7F8, cid=42, seq=0, RW, Message:321f0a0f0a0d74657374...(size=33), reply=RaftClientReply:client-352D35361D97->localhost_10001@group-DB7CD3B4A7F8, cid=42, FAILED org.apache.ratis.protocol.LeaderNotReadyException: localhost_10001@group-DB7CD3B4A7F8 is in LEADER state but not ready yet., logIndex=0, commits[localhost_10001:c-1, localhost_10002:c-1, localhost_10000:c-1]
2019-09-26 13:33:07,217 INFO  client.GrpcClientProtocolService (GrpcClientProtocolService.java:lambda$processClientRequest$0(278)) - Failed RaftClientRequest:client-352D35361D97->localhost_10001@group-DB7CD3B4A7F8, cid=42, seq=0, RW, Message:321f0a0f0a0d74657374...(size=33), reply=RaftClientReply:client-352D35361D97->localhost_10001@group-DB7CD3B4A7F8, cid=42, FAILED org.apache.ratis.protocol.LeaderNotReadyException: localhost_10001@group-DB7CD3B4A7F8 is in LEADER state but not ready yet., logIndex=0, commits[localhost_10001:c-1, localhost_10002:c-1, localhost_10000:c-1]
2019-09-26 13:33:07,218 INFO  client.GrpcClientProtocolService (GrpcClientProtocolService.java:lambda$processClientRequest$0(278)) - Failed RaftClientRequest:client-352D35361D97->localhost_10001@group-DB7CD3B4A7F8, cid=42, seq=0, RW, Message:321f0a0f0a0d74657374...(size=33), reply=RaftClientReply:client-352D35361D97->localhost_10001@group-DB7CD3B4A7F8, cid=42, FAILED org.apache.ratis.protocol.LeaderNotReadyException: localhost_10001@group-DB7CD3B4A7F8 is in LEADER state but not ready yet., logIndex=0, commits[localhost_10001:c-1, localhost_10002:c-1, localhost_10000:c-1]
2019-09-26 13:33:07,219 INFO  client.GrpcClientProtocolService (GrpcClientProtocolService.java:lambda$processClientRequest$0(278)) - Failed RaftClientRequest:client-352D35361D97->localhost_10001@group-DB7CD3B4A7F8, cid=42, seq=0, RW, Message:321f0a0f0a0d74657374...(size=33), reply=RaftClientReply:client-352D35361D97->localhost_10001@group-DB7CD3B4A7F8, cid=42, FAILED org.apache.ratis.protocol.LeaderNotReadyException: localhost_10001@group-DB7CD3B4A7F8 is in LEADER state but not ready yet., logIndex=0, commits[localhost_10001:c-1, localhost_10002:c-1, localhost_10000:c-1]
2019-09-26 13:33:07,220 INFO  client.GrpcClientProtocolService (GrpcClientProtocolService.java:lambda$processClientRequest$0(278)) - Failed RaftClientRequest:client-352D35361D97->localhost_10001@group-DB7CD3B4A7F8, cid=42, seq=0, RW, Message:321f0a0f0a0d74657374...(size=33), reply=RaftClientReply:client-352D35361D97->localhost_10001@group-DB7CD3B4A7F8, cid=42, FAILED org.apache.ratis.protocol.LeaderNotReadyException: localhost_10001@group-DB7CD3B4A7F8 is in LEADER state but not ready yet., logIndex=0, commits[localhost_10001:c-1, localhost_10002:c-1, localhost_10000:c-1]
2019-09-26 13:33:07,220 INFO  client.GrpcClientProtocolService (GrpcClientProtocolService.java:lambda$processClientRequest$0(278)) - Failed RaftClientRequest:client-352D35361D97->localhost_10001@group-DB7CD3B4A7F8, cid=42, seq=0, RW, Message:321f0a0f0a0d74657374...(size=33), reply=RaftClientReply:client-352D35361D97->localhost_10001@group-DB7CD3B4A7F8, cid=42, FAILED org.apache.ratis.protocol.LeaderNotReadyException: localhost_10001@group-DB7CD3B4A7F8 is in LEADER state but not ready yet., logIndex=0, commits[localhost_10001:c-1, localhost_10002:c-1, localhost_10000:c-1]
2019-09-26 13:33:07,221 INFO  client.GrpcClientProtocolService (GrpcClientProtocolService.java:lambda$processClientRequest$0(278)) - Failed RaftClientRequest:client-352D35361D97->localhost_10001@group-DB7CD3B4A7F8, cid=42, seq=0, RW, Message:321f0a0f0a0d74657374...(size=33), reply=RaftClientReply:client-352D35361D97->localhost_10001@group-DB7CD3B4A7F8, cid=42, FAILED org.apache.ratis.protocol.LeaderNotReadyException: localhost_10001@group-DB7CD3B4A7F8 is in LEADER state but not ready yet., logIndex=0, commits[localhost_10001:c-1, localhost_10002:c-1, localhost_10000:c-1]
2019-09-26 13:33:07,222 INFO  client.GrpcClientProtocolService (GrpcClientProtocolService.java:lambda$processClientRequest$0(278)) - Failed RaftClientRequest:client-352D35361D97->localhost_10001@group-DB7CD3B4A7F8, cid=42, seq=0, RW, Message:321f0a0f0a0d74657374...(size=33), reply=RaftClientReply:client-352D35361D97->localhost_10001@group-DB7CD3B4A7F8, cid=42, FAILED org.apache.ratis.protocol.LeaderNotReadyException: localhost_10001@group-DB7CD3B4A7F8 is in LEADER state but not ready yet., logIndex=0, commits[localhost_10001:c0, localhost_10002:c-1, localhost_10000:c-1]
]]></system-out>
    <system-err><![CDATA[Sep 26, 2019 1:33:04 PM org.apache.ratis.thirdparty.io.grpc.internal.ManagedChannelOrphanWrapper$ManagedChannelReference cleanQueue
SEVERE: *~*~*~ Channel ManagedChannelImpl{logId=4284, target=localhost:10000} was not shutdown properly!!! ~*~*~*
    Make sure to call shutdown()/shutdownNow() and wait until awaitTermination() returns true.
java.lang.RuntimeException: ManagedChannel allocation site
	at org.apache.ratis.thirdparty.io.grpc.internal.ManagedChannelOrphanWrapper$ManagedChannelReference.<init>(ManagedChannelOrphanWrapper.java:103)
	at org.apache.ratis.thirdparty.io.grpc.internal.ManagedChannelOrphanWrapper.<init>(ManagedChannelOrphanWrapper.java:53)
	at org.apache.ratis.thirdparty.io.grpc.internal.ManagedChannelOrphanWrapper.<init>(ManagedChannelOrphanWrapper.java:44)
	at org.apache.ratis.thirdparty.io.grpc.internal.AbstractManagedChannelImplBuilder.build(AbstractManagedChannelImplBuilder.java:411)
	at org.apache.ratis.grpc.client.GrpcClientProtocolClient.<init>(GrpcClientProtocolClient.java:128)
	at org.apache.ratis.grpc.client.GrpcClientRpc.lambda$new$0(GrpcClientRpc.java:55)
	at org.apache.ratis.util.PeerProxyMap$PeerAndProxy.lambda$getProxy$0(PeerProxyMap.java:61)
	at org.apache.ratis.util.LifeCycle.startAndTransition(LifeCycle.java:202)
	at org.apache.ratis.util.PeerProxyMap$PeerAndProxy.getProxy(PeerProxyMap.java:60)
	at org.apache.ratis.util.PeerProxyMap.getProxy(PeerProxyMap.java:108)
	at org.apache.ratis.grpc.client.GrpcClientRpc.sendRequest(GrpcClientRpc.java:91)
	at org.apache.ratis.client.impl.RaftClientImpl.sendRequest(RaftClientImpl.java:278)
	at org.apache.ratis.client.impl.RaftClientImpl.groupAdd(RaftClientImpl.java:205)
	at org.apache.ratis.logservice.server.MetaStateMachine.lambda$processCreateLogRequest$7(MetaStateMachine.java:342)
	at java.util.ArrayList.forEach(ArrayList.java:1257)
	at org.apache.ratis.logservice.server.MetaStateMachine.processCreateLogRequest(MetaStateMachine.java:338)
	at org.apache.ratis.logservice.server.MetaStateMachine.query(MetaStateMachine.java:230)
	at org.apache.ratis.server.impl.RaftServerImpl.submitClientRequestAsync(RaftServerImpl.java:549)
	at org.apache.ratis.server.impl.RaftServerProxy.lambda$submitClientRequestAsync$7(RaftServerProxy.java:333)
	at org.apache.ratis.server.impl.RaftServerProxy.lambda$null$5(RaftServerProxy.java:328)
	at org.apache.ratis.util.JavaUtils.callAsUnchecked(JavaUtils.java:109)
	at org.apache.ratis.server.impl.RaftServerProxy.lambda$submitRequest$6(RaftServerProxy.java:328)
	at java.util.concurrent.CompletableFuture.uniComposeStage(CompletableFuture.java:981)
	at java.util.concurrent.CompletableFuture.thenCompose(CompletableFuture.java:2124)
	at org.apache.ratis.server.impl.RaftServerProxy.submitRequest(RaftServerProxy.java:327)
	at org.apache.ratis.server.impl.RaftServerProxy.submitClientRequestAsync(RaftServerProxy.java:333)
	at org.apache.ratis.grpc.client.GrpcClientProtocolService$RequestStreamObserver.processClientRequest(GrpcClientProtocolService.java:220)
	at org.apache.ratis.grpc.client.GrpcClientProtocolService$UnorderedRequestStreamObserver.processClientRequest(GrpcClientProtocolService.java:276)
	at org.apache.ratis.grpc.client.GrpcClientProtocolService$RequestStreamObserver.onNext(GrpcClientProtocolService.java:240)
	at org.apache.ratis.grpc.client.GrpcClientProtocolService$RequestStreamObserver.onNext(GrpcClientProtocolService.java:168)
	at org.apache.ratis.thirdparty.io.grpc.stub.ServerCalls$StreamingServerCallHandler$StreamingServerCallListener.onMessage(ServerCalls.java:248)
	at org.apache.ratis.thirdparty.io.grpc.internal.ServerCallImpl$ServerStreamListenerImpl.messagesAvailable(ServerCallImpl.java:263)
	at org.apache.ratis.thirdparty.io.grpc.internal.ServerImpl$JumpToApplicationThreadServerStreamListener$1MessagesAvailable.runInContext(ServerImpl.java:686)
	at org.apache.ratis.thirdparty.io.grpc.internal.ContextRunnable.run(ContextRunnable.java:37)
	at org.apache.ratis.thirdparty.io.grpc.internal.SerializingExecutor.run(SerializingExecutor.java:123)
	at java.util.concurrent.ThreadPoolExecutor.runWorker(ThreadPoolExecutor.java:1149)
	at java.util.concurrent.ThreadPoolExecutor$Worker.run(ThreadPoolExecutor.java:624)
	at java.lang.Thread.run(Thread.java:748)

Sep 26, 2019 1:33:04 PM org.apache.ratis.thirdparty.io.grpc.internal.ManagedChannelOrphanWrapper$ManagedChannelReference cleanQueue
SEVERE: *~*~*~ Channel ManagedChannelImpl{logId=4314, target=localhost:9000} was not shutdown properly!!! ~*~*~*
    Make sure to call shutdown()/shutdownNow() and wait until awaitTermination() returns true.
java.lang.RuntimeException: ManagedChannel allocation site
	at org.apache.ratis.thirdparty.io.grpc.internal.ManagedChannelOrphanWrapper$ManagedChannelReference.<init>(ManagedChannelOrphanWrapper.java:103)
	at org.apache.ratis.thirdparty.io.grpc.internal.ManagedChannelOrphanWrapper.<init>(ManagedChannelOrphanWrapper.java:53)
	at org.apache.ratis.thirdparty.io.grpc.internal.ManagedChannelOrphanWrapper.<init>(ManagedChannelOrphanWrapper.java:44)
	at org.apache.ratis.thirdparty.io.grpc.internal.AbstractManagedChannelImplBuilder.build(AbstractManagedChannelImplBuilder.java:411)
	at org.apache.ratis.grpc.client.GrpcClientProtocolClient.<init>(GrpcClientProtocolClient.java:128)
	at org.apache.ratis.grpc.client.GrpcClientRpc.lambda$new$0(GrpcClientRpc.java:55)
	at org.apache.ratis.util.PeerProxyMap$PeerAndProxy.lambda$getProxy$0(PeerProxyMap.java:61)
	at org.apache.ratis.util.LifeCycle.startAndTransition(LifeCycle.java:202)
	at org.apache.ratis.util.PeerProxyMap$PeerAndProxy.getProxy(PeerProxyMap.java:60)
	at org.apache.ratis.util.PeerProxyMap.getProxy(PeerProxyMap.java:108)
	at org.apache.ratis.grpc.client.GrpcClientRpc.sendRequest(GrpcClientRpc.java:91)
	at org.apache.ratis.client.impl.RaftClientImpl.sendRequest(RaftClientImpl.java:278)
	at org.apache.ratis.client.impl.RaftClientImpl.sendRequestWithRetry(RaftClientImpl.java:246)
	at org.apache.ratis.client.impl.RaftClientImpl.send(RaftClientImpl.java:182)
	at org.apache.ratis.client.impl.RaftClientImpl.send(RaftClientImpl.java:156)
	at org.apache.ratis.logservice.server.MetaStateMachine.processCreateLogRequest(MetaStateMachine.java:353)
	at org.apache.ratis.logservice.server.MetaStateMachine.query(MetaStateMachine.java:230)
	at org.apache.ratis.server.impl.RaftServerImpl.submitClientRequestAsync(RaftServerImpl.java:549)
	at org.apache.ratis.server.impl.RaftServerProxy.lambda$submitClientRequestAsync$7(RaftServerProxy.java:333)
	at org.apache.ratis.server.impl.RaftServerProxy.lambda$null$5(RaftServerProxy.java:328)
	at org.apache.ratis.util.JavaUtils.callAsUnchecked(JavaUtils.java:109)
	at org.apache.ratis.server.impl.RaftServerProxy.lambda$submitRequest$6(RaftServerProxy.java:328)
	at java.util.concurrent.CompletableFuture.uniComposeStage(CompletableFuture.java:981)
	at java.util.concurrent.CompletableFuture.thenCompose(CompletableFuture.java:2124)
	at org.apache.ratis.server.impl.RaftServerProxy.submitRequest(RaftServerProxy.java:327)
	at org.apache.ratis.server.impl.RaftServerProxy.submitClientRequestAsync(RaftServerProxy.java:333)
	at org.apache.ratis.grpc.client.GrpcClientProtocolService$RequestStreamObserver.processClientRequest(GrpcClientProtocolService.java:220)
	at org.apache.ratis.grpc.client.GrpcClientProtocolService$UnorderedRequestStreamObserver.processClientRequest(GrpcClientProtocolService.java:276)
	at org.apache.ratis.grpc.client.GrpcClientProtocolService$RequestStreamObserver.onNext(GrpcClientProtocolService.java:240)
	at org.apache.ratis.grpc.client.GrpcClientProtocolService$RequestStreamObserver.onNext(GrpcClientProtocolService.java:168)
	at org.apache.ratis.thirdparty.io.grpc.stub.ServerCalls$StreamingServerCallHandler$StreamingServerCallListener.onMessage(ServerCalls.java:248)
	at org.apache.ratis.thirdparty.io.grpc.internal.ServerCallImpl$ServerStreamListenerImpl.messagesAvailable(ServerCallImpl.java:263)
	at org.apache.ratis.thirdparty.io.grpc.internal.ServerImpl$JumpToApplicationThreadServerStreamListener$1MessagesAvailable.runInContext(ServerImpl.java:686)
	at org.apache.ratis.thirdparty.io.grpc.internal.ContextRunnable.run(ContextRunnable.java:37)
	at org.apache.ratis.thirdparty.io.grpc.internal.SerializingExecutor.run(SerializingExecutor.java:123)
	at java.util.concurrent.ThreadPoolExecutor.runWorker(ThreadPoolExecutor.java:1149)
	at java.util.concurrent.ThreadPoolExecutor$Worker.run(ThreadPoolExecutor.java:624)
	at java.lang.Thread.run(Thread.java:748)

Sep 26, 2019 1:33:04 PM org.apache.ratis.thirdparty.io.grpc.internal.ManagedChannelOrphanWrapper$ManagedChannelReference cleanQueue
SEVERE: *~*~*~ Channel ManagedChannelImpl{logId=4269, target=localhost:9000} was not shutdown properly!!! ~*~*~*
    Make sure to call shutdown()/shutdownNow() and wait until awaitTermination() returns true.
java.lang.RuntimeException: ManagedChannel allocation site
	at org.apache.ratis.thirdparty.io.grpc.internal.ManagedChannelOrphanWrapper$ManagedChannelReference.<init>(ManagedChannelOrphanWrapper.java:103)
	at org.apache.ratis.thirdparty.io.grpc.internal.ManagedChannelOrphanWrapper.<init>(ManagedChannelOrphanWrapper.java:53)
	at org.apache.ratis.thirdparty.io.grpc.internal.ManagedChannelOrphanWrapper.<init>(ManagedChannelOrphanWrapper.java:44)
	at org.apache.ratis.thirdparty.io.grpc.internal.AbstractManagedChannelImplBuilder.build(AbstractManagedChannelImplBuilder.java:411)
	at org.apache.ratis.grpc.client.GrpcClientProtocolClient.<init>(GrpcClientProtocolClient.java:128)
	at org.apache.ratis.grpc.client.GrpcClientRpc.lambda$new$0(GrpcClientRpc.java:55)
	at org.apache.ratis.util.PeerProxyMap$PeerAndProxy.lambda$getProxy$0(PeerProxyMap.java:61)
	at org.apache.ratis.util.LifeCycle.startAndTransition(LifeCycle.java:202)
	at org.apache.ratis.util.PeerProxyMap$PeerAndProxy.getProxy(PeerProxyMap.java:60)
	at org.apache.ratis.util.PeerProxyMap.getProxy(PeerProxyMap.java:108)
	at org.apache.ratis.grpc.client.GrpcClientRpc.sendRequest(GrpcClientRpc.java:91)
	at org.apache.ratis.client.impl.RaftClientImpl.sendRequest(RaftClientImpl.java:278)
	at org.apache.ratis.client.impl.RaftClientImpl.sendRequestWithRetry(RaftClientImpl.java:246)
	at org.apache.ratis.client.impl.RaftClientImpl.send(RaftClientImpl.java:182)
	at org.apache.ratis.client.impl.RaftClientImpl.sendReadOnly(RaftClientImpl.java:161)
	at org.apache.ratis.logservice.client.LogServiceClient.createLog(LogServiceClient.java:92)
	at org.apache.ratis.logservice.server.TestMetaServer$1.createLog(TestMetaServer.java:61)
	at org.apache.ratis.logservice.server.TestMetaServer.testCreateAndGetLog(TestMetaServer.java:97)
	at sun.reflect.NativeMethodAccessorImpl.invoke0(Native Method)
	at sun.reflect.NativeMethodAccessorImpl.invoke(NativeMethodAccessorImpl.java:62)
	at sun.reflect.DelegatingMethodAccessorImpl.invoke(DelegatingMethodAccessorImpl.java:43)
	at java.lang.reflect.Method.invoke(Method.java:498)
	at org.junit.runners.model.FrameworkMethod$1.runReflectiveCall(FrameworkMethod.java:50)
	at org.junit.internal.runners.model.ReflectiveCallable.run(ReflectiveCallable.java:12)
	at org.junit.runners.model.FrameworkMethod.invokeExplosively(FrameworkMethod.java:47)
	at org.junit.internal.runners.statements.InvokeMethod.evaluate(InvokeMethod.java:17)
	at org.junit.runners.ParentRunner.runLeaf(ParentRunner.java:325)
	at org.junit.runners.BlockJUnit4ClassRunner.runChild(BlockJUnit4ClassRunner.java:78)
	at org.junit.runners.BlockJUnit4ClassRunner.runChild(BlockJUnit4ClassRunner.java:57)
	at org.junit.runners.ParentRunner$3.run(ParentRunner.java:290)
	at org.junit.runners.ParentRunner$1.schedule(ParentRunner.java:71)
	at org.junit.runners.ParentRunner.runChildren(ParentRunner.java:288)
	at org.junit.runners.ParentRunner.access$000(ParentRunner.java:58)
	at org.junit.runners.ParentRunner$2.evaluate(ParentRunner.java:268)
	at org.junit.internal.runners.statements.RunBefores.evaluate(RunBefores.java:26)
	at org.junit.internal.runners.statements.RunAfters.evaluate(RunAfters.java:27)
	at org.junit.runners.ParentRunner.run(ParentRunner.java:363)
	at org.apache.maven.surefire.junit4.JUnit4Provider.execute(JUnit4Provider.java:365)
	at org.apache.maven.surefire.junit4.JUnit4Provider.executeWithRerun(JUnit4Provider.java:273)
	at org.apache.maven.surefire.junit4.JUnit4Provider.executeTestSet(JUnit4Provider.java:238)
	at org.apache.maven.surefire.junit4.JUnit4Provider.invoke(JUnit4Provider.java:159)
	at org.apache.maven.surefire.booter.ForkedBooter.invokeProviderInSameClassLoader(ForkedBooter.java:384)
	at org.apache.maven.surefire.booter.ForkedBooter.runSuitesInProcess(ForkedBooter.java:345)
	at org.apache.maven.surefire.booter.ForkedBooter.execute(ForkedBooter.java:126)
	at org.apache.maven.surefire.booter.ForkedBooter.main(ForkedBooter.java:418)

Sep 26, 2019 1:33:04 PM org.apache.ratis.thirdparty.io.grpc.internal.ManagedChannelOrphanWrapper$ManagedChannelReference cleanQueue
SEVERE: *~*~*~ Channel ManagedChannelImpl{logId=4274, target=localhost:10002} was not shutdown properly!!! ~*~*~*
    Make sure to call shutdown()/shutdownNow() and wait until awaitTermination() returns true.
java.lang.RuntimeException: ManagedChannel allocation site
	at org.apache.ratis.thirdparty.io.grpc.internal.ManagedChannelOrphanWrapper$ManagedChannelReference.<init>(ManagedChannelOrphanWrapper.java:103)
	at org.apache.ratis.thirdparty.io.grpc.internal.ManagedChannelOrphanWrapper.<init>(ManagedChannelOrphanWrapper.java:53)
	at org.apache.ratis.thirdparty.io.grpc.internal.ManagedChannelOrphanWrapper.<init>(ManagedChannelOrphanWrapper.java:44)
	at org.apache.ratis.thirdparty.io.grpc.internal.AbstractManagedChannelImplBuilder.build(AbstractManagedChannelImplBuilder.java:411)
	at org.apache.ratis.grpc.client.GrpcClientProtocolClient.<init>(GrpcClientProtocolClient.java:128)
	at org.apache.ratis.grpc.client.GrpcClientRpc.lambda$new$0(GrpcClientRpc.java:55)
	at org.apache.ratis.util.PeerProxyMap$PeerAndProxy.lambda$getProxy$0(PeerProxyMap.java:61)
	at org.apache.ratis.util.LifeCycle.startAndTransition(LifeCycle.java:202)
	at org.apache.ratis.util.PeerProxyMap$PeerAndProxy.getProxy(PeerProxyMap.java:60)
	at org.apache.ratis.util.PeerProxyMap.getProxy(PeerProxyMap.java:108)
	at org.apache.ratis.grpc.client.GrpcClientRpc.sendRequest(GrpcClientRpc.java:91)
	at org.apache.ratis.client.impl.RaftClientImpl.sendRequest(RaftClientImpl.java:278)
	at org.apache.ratis.client.impl.RaftClientImpl.groupAdd(RaftClientImpl.java:205)
	at org.apache.ratis.logservice.server.MetaStateMachine.lambda$processCreateLogRequest$7(MetaStateMachine.java:342)
	at java.util.ArrayList.forEach(ArrayList.java:1257)
	at org.apache.ratis.logservice.server.MetaStateMachine.processCreateLogRequest(MetaStateMachine.java:338)
	at org.apache.ratis.logservice.server.MetaStateMachine.query(MetaStateMachine.java:230)
	at org.apache.ratis.server.impl.RaftServerImpl.submitClientRequestAsync(RaftServerImpl.java:549)
	at org.apache.ratis.server.impl.RaftServerProxy.lambda$submitClientRequestAsync$7(RaftServerProxy.java:333)
	at org.apache.ratis.server.impl.RaftServerProxy.lambda$null$5(RaftServerProxy.java:328)
	at org.apache.ratis.util.JavaUtils.callAsUnchecked(JavaUtils.java:109)
	at org.apache.ratis.server.impl.RaftServerProxy.lambda$submitRequest$6(RaftServerProxy.java:328)
	at java.util.concurrent.CompletableFuture.uniComposeStage(CompletableFuture.java:981)
	at java.util.concurrent.CompletableFuture.thenCompose(CompletableFuture.java:2124)
	at org.apache.ratis.server.impl.RaftServerProxy.submitRequest(RaftServerProxy.java:327)
	at org.apache.ratis.server.impl.RaftServerProxy.submitClientRequestAsync(RaftServerProxy.java:333)
	at org.apache.ratis.grpc.client.GrpcClientProtocolService$RequestStreamObserver.processClientRequest(GrpcClientProtocolService.java:220)
	at org.apache.ratis.grpc.client.GrpcClientProtocolService$UnorderedRequestStreamObserver.processClientRequest(GrpcClientProtocolService.java:276)
	at org.apache.ratis.grpc.client.GrpcClientProtocolService$RequestStreamObserver.onNext(GrpcClientProtocolService.java:240)
	at org.apache.ratis.grpc.client.GrpcClientProtocolService$RequestStreamObserver.onNext(GrpcClientProtocolService.java:168)
	at org.apache.ratis.thirdparty.io.grpc.stub.ServerCalls$StreamingServerCallHandler$StreamingServerCallListener.onMessage(ServerCalls.java:248)
	at org.apache.ratis.thirdparty.io.grpc.internal.ServerCallImpl$ServerStreamListenerImpl.messagesAvailable(ServerCallImpl.java:263)
	at org.apache.ratis.thirdparty.io.grpc.internal.ServerImpl$JumpToApplicationThreadServerStreamListener$1MessagesAvailable.runInContext(ServerImpl.java:686)
	at org.apache.ratis.thirdparty.io.grpc.internal.ContextRunnable.run(ContextRunnable.java:37)
	at org.apache.ratis.thirdparty.io.grpc.internal.SerializingExecutor.run(SerializingExecutor.java:123)
	at java.util.concurrent.ThreadPoolExecutor.runWorker(ThreadPoolExecutor.java:1149)
	at java.util.concurrent.ThreadPoolExecutor$Worker.run(ThreadPoolExecutor.java:624)
	at java.lang.Thread.run(Thread.java:748)

Sep 26, 2019 1:33:04 PM org.apache.ratis.thirdparty.io.grpc.internal.ManagedChannelOrphanWrapper$ManagedChannelReference cleanQueue
SEVERE: *~*~*~ Channel ManagedChannelImpl{logId=4309, target=localhost:10001} was not shutdown properly!!! ~*~*~*
    Make sure to call shutdown()/shutdownNow() and wait until awaitTermination() returns true.
java.lang.RuntimeException: ManagedChannel allocation site
	at org.apache.ratis.thirdparty.io.grpc.internal.ManagedChannelOrphanWrapper$ManagedChannelReference.<init>(ManagedChannelOrphanWrapper.java:103)
	at org.apache.ratis.thirdparty.io.grpc.internal.ManagedChannelOrphanWrapper.<init>(ManagedChannelOrphanWrapper.java:53)
	at org.apache.ratis.thirdparty.io.grpc.internal.ManagedChannelOrphanWrapper.<init>(ManagedChannelOrphanWrapper.java:44)
	at org.apache.ratis.thirdparty.io.grpc.internal.AbstractManagedChannelImplBuilder.build(AbstractManagedChannelImplBuilder.java:411)
	at org.apache.ratis.grpc.client.GrpcClientProtocolClient.<init>(GrpcClientProtocolClient.java:128)
	at org.apache.ratis.grpc.client.GrpcClientRpc.lambda$new$0(GrpcClientRpc.java:55)
	at org.apache.ratis.util.PeerProxyMap$PeerAndProxy.lambda$getProxy$0(PeerProxyMap.java:61)
	at org.apache.ratis.util.LifeCycle.startAndTransition(LifeCycle.java:202)
	at org.apache.ratis.util.PeerProxyMap$PeerAndProxy.getProxy(PeerProxyMap.java:60)
	at org.apache.ratis.util.PeerProxyMap.getProxy(PeerProxyMap.java:108)
	at org.apache.ratis.grpc.client.GrpcClientRpc.sendRequest(GrpcClientRpc.java:91)
	at org.apache.ratis.client.impl.RaftClientImpl.sendRequest(RaftClientImpl.java:278)
	at org.apache.ratis.client.impl.RaftClientImpl.groupAdd(RaftClientImpl.java:205)
	at org.apache.ratis.logservice.server.MetaStateMachine.lambda$processCreateLogRequest$7(MetaStateMachine.java:342)
	at java.util.ArrayList.forEach(ArrayList.java:1257)
	at org.apache.ratis.logservice.server.MetaStateMachine.processCreateLogRequest(MetaStateMachine.java:338)
	at org.apache.ratis.logservice.server.MetaStateMachine.query(MetaStateMachine.java:230)
	at org.apache.ratis.server.impl.RaftServerImpl.submitClientRequestAsync(RaftServerImpl.java:549)
	at org.apache.ratis.server.impl.RaftServerProxy.lambda$submitClientRequestAsync$7(RaftServerProxy.java:333)
	at org.apache.ratis.server.impl.RaftServerProxy.lambda$null$5(RaftServerProxy.java:328)
	at org.apache.ratis.util.JavaUtils.callAsUnchecked(JavaUtils.java:109)
	at org.apache.ratis.server.impl.RaftServerProxy.lambda$submitRequest$6(RaftServerProxy.java:328)
	at java.util.concurrent.CompletableFuture.uniComposeStage(CompletableFuture.java:981)
	at java.util.concurrent.CompletableFuture.thenCompose(CompletableFuture.java:2124)
	at org.apache.ratis.server.impl.RaftServerProxy.submitRequest(RaftServerProxy.java:327)
	at org.apache.ratis.server.impl.RaftServerProxy.submitClientRequestAsync(RaftServerProxy.java:333)
	at org.apache.ratis.grpc.client.GrpcClientProtocolService$RequestStreamObserver.processClientRequest(GrpcClientProtocolService.java:220)
	at org.apache.ratis.grpc.client.GrpcClientProtocolService$UnorderedRequestStreamObserver.processClientRequest(GrpcClientProtocolService.java:276)
	at org.apache.ratis.grpc.client.GrpcClientProtocolService$RequestStreamObserver.onNext(GrpcClientProtocolService.java:240)
	at org.apache.ratis.grpc.client.GrpcClientProtocolService$RequestStreamObserver.onNext(GrpcClientProtocolService.java:168)
	at org.apache.ratis.thirdparty.io.grpc.stub.ServerCalls$StreamingServerCallHandler$StreamingServerCallListener.onMessage(ServerCalls.java:248)
	at org.apache.ratis.thirdparty.io.grpc.internal.ServerCallImpl$ServerStreamListenerImpl.messagesAvailable(ServerCallImpl.java:263)
	at org.apache.ratis.thirdparty.io.grpc.internal.ServerImpl$JumpToApplicationThreadServerStreamListener$1MessagesAvailable.runInContext(ServerImpl.java:686)
	at org.apache.ratis.thirdparty.io.grpc.internal.ContextRunnable.run(ContextRunnable.java:37)
	at org.apache.ratis.thirdparty.io.grpc.internal.SerializingExecutor.run(SerializingExecutor.java:123)
	at java.util.concurrent.ThreadPoolExecutor.runWorker(ThreadPoolExecutor.java:1149)
	at java.util.concurrent.ThreadPoolExecutor$Worker.run(ThreadPoolExecutor.java:624)
	at java.lang.Thread.run(Thread.java:748)

Sep 26, 2019 1:33:04 PM org.apache.ratis.thirdparty.io.grpc.internal.ManagedChannelOrphanWrapper$ManagedChannelReference cleanQueue
SEVERE: *~*~*~ Channel ManagedChannelImpl{logId=4289, target=localhost:9000} was not shutdown properly!!! ~*~*~*
    Make sure to call shutdown()/shutdownNow() and wait until awaitTermination() returns true.
java.lang.RuntimeException: ManagedChannel allocation site
	at org.apache.ratis.thirdparty.io.grpc.internal.ManagedChannelOrphanWrapper$ManagedChannelReference.<init>(ManagedChannelOrphanWrapper.java:103)
	at org.apache.ratis.thirdparty.io.grpc.internal.ManagedChannelOrphanWrapper.<init>(ManagedChannelOrphanWrapper.java:53)
	at org.apache.ratis.thirdparty.io.grpc.internal.ManagedChannelOrphanWrapper.<init>(ManagedChannelOrphanWrapper.java:44)
	at org.apache.ratis.thirdparty.io.grpc.internal.AbstractManagedChannelImplBuilder.build(AbstractManagedChannelImplBuilder.java:411)
	at org.apache.ratis.grpc.client.GrpcClientProtocolClient.<init>(GrpcClientProtocolClient.java:128)
	at org.apache.ratis.grpc.client.GrpcClientRpc.lambda$new$0(GrpcClientRpc.java:55)
	at org.apache.ratis.util.PeerProxyMap$PeerAndProxy.lambda$getProxy$0(PeerProxyMap.java:61)
	at org.apache.ratis.util.LifeCycle.startAndTransition(LifeCycle.java:202)
	at org.apache.ratis.util.PeerProxyMap$PeerAndProxy.getProxy(PeerProxyMap.java:60)
	at org.apache.ratis.util.PeerProxyMap.getProxy(PeerProxyMap.java:108)
	at org.apache.ratis.grpc.client.GrpcClientRpc.sendRequest(GrpcClientRpc.java:91)
	at org.apache.ratis.client.impl.RaftClientImpl.sendRequest(RaftClientImpl.java:278)
	at org.apache.ratis.client.impl.RaftClientImpl.sendRequestWithRetry(RaftClientImpl.java:246)
	at org.apache.ratis.client.impl.RaftClientImpl.send(RaftClientImpl.java:182)
	at org.apache.ratis.client.impl.RaftClientImpl.send(RaftClientImpl.java:156)
	at org.apache.ratis.logservice.server.MetaStateMachine.processCreateLogRequest(MetaStateMachine.java:353)
	at org.apache.ratis.logservice.server.MetaStateMachine.query(MetaStateMachine.java:230)
	at org.apache.ratis.server.impl.RaftServerImpl.submitClientRequestAsync(RaftServerImpl.java:549)
	at org.apache.ratis.server.impl.RaftServerProxy.lambda$submitClientRequestAsync$7(RaftServerProxy.java:333)
	at org.apache.ratis.server.impl.RaftServerProxy.lambda$null$5(RaftServerProxy.java:328)
	at org.apache.ratis.util.JavaUtils.callAsUnchecked(JavaUtils.java:109)
	at org.apache.ratis.server.impl.RaftServerProxy.lambda$submitRequest$6(RaftServerProxy.java:328)
	at java.util.concurrent.CompletableFuture.uniComposeStage(CompletableFuture.java:981)
	at java.util.concurrent.CompletableFuture.thenCompose(CompletableFuture.java:2124)
	at org.apache.ratis.server.impl.RaftServerProxy.submitRequest(RaftServerProxy.java:327)
	at org.apache.ratis.server.impl.RaftServerProxy.submitClientRequestAsync(RaftServerProxy.java:333)
	at org.apache.ratis.grpc.client.GrpcClientProtocolService$RequestStreamObserver.processClientRequest(GrpcClientProtocolService.java:220)
	at org.apache.ratis.grpc.client.GrpcClientProtocolService$UnorderedRequestStreamObserver.processClientRequest(GrpcClientProtocolService.java:276)
	at org.apache.ratis.grpc.client.GrpcClientProtocolService$RequestStreamObserver.onNext(GrpcClientProtocolService.java:240)
	at org.apache.ratis.grpc.client.GrpcClientProtocolService$RequestStreamObserver.onNext(GrpcClientProtocolService.java:168)
	at org.apache.ratis.thirdparty.io.grpc.stub.ServerCalls$StreamingServerCallHandler$StreamingServerCallListener.onMessage(ServerCalls.java:248)
	at org.apache.ratis.thirdparty.io.grpc.internal.ServerCallImpl$ServerStreamListenerImpl.messagesAvailable(ServerCallImpl.java:263)
	at org.apache.ratis.thirdparty.io.grpc.internal.ServerImpl$JumpToApplicationThreadServerStreamListener$1MessagesAvailable.runInContext(ServerImpl.java:686)
	at org.apache.ratis.thirdparty.io.grpc.internal.ContextRunnable.run(ContextRunnable.java:37)
	at org.apache.ratis.thirdparty.io.grpc.internal.SerializingExecutor.run(SerializingExecutor.java:123)
	at java.util.concurrent.ThreadPoolExecutor.runWorker(ThreadPoolExecutor.java:1149)
	at java.util.concurrent.ThreadPoolExecutor$Worker.run(ThreadPoolExecutor.java:624)
	at java.lang.Thread.run(Thread.java:748)

Sep 26, 2019 1:33:04 PM org.apache.ratis.thirdparty.io.grpc.internal.ManagedChannelOrphanWrapper$ManagedChannelReference cleanQueue
SEVERE: *~*~*~ Channel ManagedChannelImpl{logId=4304, target=localhost:10000} was not shutdown properly!!! ~*~*~*
    Make sure to call shutdown()/shutdownNow() and wait until awaitTermination() returns true.
java.lang.RuntimeException: ManagedChannel allocation site
	at org.apache.ratis.thirdparty.io.grpc.internal.ManagedChannelOrphanWrapper$ManagedChannelReference.<init>(ManagedChannelOrphanWrapper.java:103)
	at org.apache.ratis.thirdparty.io.grpc.internal.ManagedChannelOrphanWrapper.<init>(ManagedChannelOrphanWrapper.java:53)
	at org.apache.ratis.thirdparty.io.grpc.internal.ManagedChannelOrphanWrapper.<init>(ManagedChannelOrphanWrapper.java:44)
	at org.apache.ratis.thirdparty.io.grpc.internal.AbstractManagedChannelImplBuilder.build(AbstractManagedChannelImplBuilder.java:411)
	at org.apache.ratis.grpc.client.GrpcClientProtocolClient.<init>(GrpcClientProtocolClient.java:128)
	at org.apache.ratis.grpc.client.GrpcClientRpc.lambda$new$0(GrpcClientRpc.java:55)
	at org.apache.ratis.util.PeerProxyMap$PeerAndProxy.lambda$getProxy$0(PeerProxyMap.java:61)
	at org.apache.ratis.util.LifeCycle.startAndTransition(LifeCycle.java:202)
	at org.apache.ratis.util.PeerProxyMap$PeerAndProxy.getProxy(PeerProxyMap.java:60)
	at org.apache.ratis.util.PeerProxyMap.getProxy(PeerProxyMap.java:108)
	at org.apache.ratis.grpc.client.GrpcClientRpc.sendRequest(GrpcClientRpc.java:91)
	at org.apache.ratis.client.impl.RaftClientImpl.sendRequest(RaftClientImpl.java:278)
	at org.apache.ratis.client.impl.RaftClientImpl.groupAdd(RaftClientImpl.java:205)
	at org.apache.ratis.logservice.server.MetaStateMachine.lambda$processCreateLogRequest$7(MetaStateMachine.java:342)
	at java.util.ArrayList.forEach(ArrayList.java:1257)
	at org.apache.ratis.logservice.server.MetaStateMachine.processCreateLogRequest(MetaStateMachine.java:338)
	at org.apache.ratis.logservice.server.MetaStateMachine.query(MetaStateMachine.java:230)
	at org.apache.ratis.server.impl.RaftServerImpl.submitClientRequestAsync(RaftServerImpl.java:549)
	at org.apache.ratis.server.impl.RaftServerProxy.lambda$submitClientRequestAsync$7(RaftServerProxy.java:333)
	at org.apache.ratis.server.impl.RaftServerProxy.lambda$null$5(RaftServerProxy.java:328)
	at org.apache.ratis.util.JavaUtils.callAsUnchecked(JavaUtils.java:109)
	at org.apache.ratis.server.impl.RaftServerProxy.lambda$submitRequest$6(RaftServerProxy.java:328)
	at java.util.concurrent.CompletableFuture.uniComposeStage(CompletableFuture.java:981)
	at java.util.concurrent.CompletableFuture.thenCompose(CompletableFuture.java:2124)
	at org.apache.ratis.server.impl.RaftServerProxy.submitRequest(RaftServerProxy.java:327)
	at org.apache.ratis.server.impl.RaftServerProxy.submitClientRequestAsync(RaftServerProxy.java:333)
	at org.apache.ratis.grpc.client.GrpcClientProtocolService$RequestStreamObserver.processClientRequest(GrpcClientProtocolService.java:220)
	at org.apache.ratis.grpc.client.GrpcClientProtocolService$UnorderedRequestStreamObserver.processClientRequest(GrpcClientProtocolService.java:276)
	at org.apache.ratis.grpc.client.GrpcClientProtocolService$RequestStreamObserver.onNext(GrpcClientProtocolService.java:240)
	at org.apache.ratis.grpc.client.GrpcClientProtocolService$RequestStreamObserver.onNext(GrpcClientProtocolService.java:168)
	at org.apache.ratis.thirdparty.io.grpc.stub.ServerCalls$StreamingServerCallHandler$StreamingServerCallListener.onMessage(ServerCalls.java:248)
	at org.apache.ratis.thirdparty.io.grpc.internal.ServerCallImpl$ServerStreamListenerImpl.messagesAvailable(ServerCallImpl.java:263)
	at org.apache.ratis.thirdparty.io.grpc.internal.ServerImpl$JumpToApplicationThreadServerStreamListener$1MessagesAvailable.runInContext(ServerImpl.java:686)
	at org.apache.ratis.thirdparty.io.grpc.internal.ContextRunnable.run(ContextRunnable.java:37)
	at org.apache.ratis.thirdparty.io.grpc.internal.SerializingExecutor.run(SerializingExecutor.java:123)
	at java.util.concurrent.ThreadPoolExecutor.runWorker(ThreadPoolExecutor.java:1149)
	at java.util.concurrent.ThreadPoolExecutor$Worker.run(ThreadPoolExecutor.java:624)
	at java.lang.Thread.run(Thread.java:748)

Sep 26, 2019 1:33:04 PM org.apache.ratis.thirdparty.io.grpc.internal.ManagedChannelOrphanWrapper$ManagedChannelReference cleanQueue
SEVERE: *~*~*~ Channel ManagedChannelImpl{logId=4299, target=localhost:10002} was not shutdown properly!!! ~*~*~*
    Make sure to call shutdown()/shutdownNow() and wait until awaitTermination() returns true.
java.lang.RuntimeException: ManagedChannel allocation site
	at org.apache.ratis.thirdparty.io.grpc.internal.ManagedChannelOrphanWrapper$ManagedChannelReference.<init>(ManagedChannelOrphanWrapper.java:103)
	at org.apache.ratis.thirdparty.io.grpc.internal.ManagedChannelOrphanWrapper.<init>(ManagedChannelOrphanWrapper.java:53)
	at org.apache.ratis.thirdparty.io.grpc.internal.ManagedChannelOrphanWrapper.<init>(ManagedChannelOrphanWrapper.java:44)
	at org.apache.ratis.thirdparty.io.grpc.internal.AbstractManagedChannelImplBuilder.build(AbstractManagedChannelImplBuilder.java:411)
	at org.apache.ratis.grpc.client.GrpcClientProtocolClient.<init>(GrpcClientProtocolClient.java:128)
	at org.apache.ratis.grpc.client.GrpcClientRpc.lambda$new$0(GrpcClientRpc.java:55)
	at org.apache.ratis.util.PeerProxyMap$PeerAndProxy.lambda$getProxy$0(PeerProxyMap.java:61)
	at org.apache.ratis.util.LifeCycle.startAndTransition(LifeCycle.java:202)
	at org.apache.ratis.util.PeerProxyMap$PeerAndProxy.getProxy(PeerProxyMap.java:60)
	at org.apache.ratis.util.PeerProxyMap.getProxy(PeerProxyMap.java:108)
	at org.apache.ratis.grpc.client.GrpcClientRpc.sendRequest(GrpcClientRpc.java:91)
	at org.apache.ratis.client.impl.RaftClientImpl.sendRequest(RaftClientImpl.java:278)
	at org.apache.ratis.client.impl.RaftClientImpl.groupAdd(RaftClientImpl.java:205)
	at org.apache.ratis.logservice.server.MetaStateMachine.lambda$processCreateLogRequest$7(MetaStateMachine.java:342)
	at java.util.ArrayList.forEach(ArrayList.java:1257)
	at org.apache.ratis.logservice.server.MetaStateMachine.processCreateLogRequest(MetaStateMachine.java:338)
	at org.apache.ratis.logservice.server.MetaStateMachine.query(MetaStateMachine.java:230)
	at org.apache.ratis.server.impl.RaftServerImpl.submitClientRequestAsync(RaftServerImpl.java:549)
	at org.apache.ratis.server.impl.RaftServerProxy.lambda$submitClientRequestAsync$7(RaftServerProxy.java:333)
	at org.apache.ratis.server.impl.RaftServerProxy.lambda$null$5(RaftServerProxy.java:328)
	at org.apache.ratis.util.JavaUtils.callAsUnchecked(JavaUtils.java:109)
	at org.apache.ratis.server.impl.RaftServerProxy.lambda$submitRequest$6(RaftServerProxy.java:328)
	at java.util.concurrent.CompletableFuture.uniComposeStage(CompletableFuture.java:981)
	at java.util.concurrent.CompletableFuture.thenCompose(CompletableFuture.java:2124)
	at org.apache.ratis.server.impl.RaftServerProxy.submitRequest(RaftServerProxy.java:327)
	at org.apache.ratis.server.impl.RaftServerProxy.submitClientRequestAsync(RaftServerProxy.java:333)
	at org.apache.ratis.grpc.client.GrpcClientProtocolService$RequestStreamObserver.processClientRequest(GrpcClientProtocolService.java:220)
	at org.apache.ratis.grpc.client.GrpcClientProtocolService$UnorderedRequestStreamObserver.processClientRequest(GrpcClientProtocolService.java:276)
	at org.apache.ratis.grpc.client.GrpcClientProtocolService$RequestStreamObserver.onNext(GrpcClientProtocolService.java:240)
	at org.apache.ratis.grpc.client.GrpcClientProtocolService$RequestStreamObserver.onNext(GrpcClientProtocolService.java:168)
	at org.apache.ratis.thirdparty.io.grpc.stub.ServerCalls$StreamingServerCallHandler$StreamingServerCallListener.onMessage(ServerCalls.java:248)
	at org.apache.ratis.thirdparty.io.grpc.internal.ServerCallImpl$ServerStreamListenerImpl.messagesAvailable(ServerCallImpl.java:263)
	at org.apache.ratis.thirdparty.io.grpc.internal.ServerImpl$JumpToApplicationThreadServerStreamListener$1MessagesAvailable.runInContext(ServerImpl.java:686)
	at org.apache.ratis.thirdparty.io.grpc.internal.ContextRunnable.run(ContextRunnable.java:37)
	at org.apache.ratis.thirdparty.io.grpc.internal.SerializingExecutor.run(SerializingExecutor.java:123)
	at java.util.concurrent.ThreadPoolExecutor.runWorker(ThreadPoolExecutor.java:1149)
	at java.util.concurrent.ThreadPoolExecutor$Worker.run(ThreadPoolExecutor.java:624)
	at java.lang.Thread.run(Thread.java:748)

Sep 26, 2019 1:33:04 PM org.apache.ratis.thirdparty.io.grpc.internal.ManagedChannelOrphanWrapper$ManagedChannelReference cleanQueue
SEVERE: *~*~*~ Channel ManagedChannelImpl{logId=4279, target=localhost:10001} was not shutdown properly!!! ~*~*~*
    Make sure to call shutdown()/shutdownNow() and wait until awaitTermination() returns true.
java.lang.RuntimeException: ManagedChannel allocation site
	at org.apache.ratis.thirdparty.io.grpc.internal.ManagedChannelOrphanWrapper$ManagedChannelReference.<init>(ManagedChannelOrphanWrapper.java:103)
	at org.apache.ratis.thirdparty.io.grpc.internal.ManagedChannelOrphanWrapper.<init>(ManagedChannelOrphanWrapper.java:53)
	at org.apache.ratis.thirdparty.io.grpc.internal.ManagedChannelOrphanWrapper.<init>(ManagedChannelOrphanWrapper.java:44)
	at org.apache.ratis.thirdparty.io.grpc.internal.AbstractManagedChannelImplBuilder.build(AbstractManagedChannelImplBuilder.java:411)
	at org.apache.ratis.grpc.client.GrpcClientProtocolClient.<init>(GrpcClientProtocolClient.java:128)
	at org.apache.ratis.grpc.client.GrpcClientRpc.lambda$new$0(GrpcClientRpc.java:55)
	at org.apache.ratis.util.PeerProxyMap$PeerAndProxy.lambda$getProxy$0(PeerProxyMap.java:61)
	at org.apache.ratis.util.LifeCycle.startAndTransition(LifeCycle.java:202)
	at org.apache.ratis.util.PeerProxyMap$PeerAndProxy.getProxy(PeerProxyMap.java:60)
	at org.apache.ratis.util.PeerProxyMap.getProxy(PeerProxyMap.java:108)
	at org.apache.ratis.grpc.client.GrpcClientRpc.sendRequest(GrpcClientRpc.java:91)
	at org.apache.ratis.client.impl.RaftClientImpl.sendRequest(RaftClientImpl.java:278)
	at org.apache.ratis.client.impl.RaftClientImpl.groupAdd(RaftClientImpl.java:205)
	at org.apache.ratis.logservice.server.MetaStateMachine.lambda$processCreateLogRequest$7(MetaStateMachine.java:342)
	at java.util.ArrayList.forEach(ArrayList.java:1257)
	at org.apache.ratis.logservice.server.MetaStateMachine.processCreateLogRequest(MetaStateMachine.java:338)
	at org.apache.ratis.logservice.server.MetaStateMachine.query(MetaStateMachine.java:230)
	at org.apache.ratis.server.impl.RaftServerImpl.submitClientRequestAsync(RaftServerImpl.java:549)
	at org.apache.ratis.server.impl.RaftServerProxy.lambda$submitClientRequestAsync$7(RaftServerProxy.java:333)
	at org.apache.ratis.server.impl.RaftServerProxy.lambda$null$5(RaftServerProxy.java:328)
	at org.apache.ratis.util.JavaUtils.callAsUnchecked(JavaUtils.java:109)
	at org.apache.ratis.server.impl.RaftServerProxy.lambda$submitRequest$6(RaftServerProxy.java:328)
	at java.util.concurrent.CompletableFuture.uniComposeStage(CompletableFuture.java:981)
	at java.util.concurrent.CompletableFuture.thenCompose(CompletableFuture.java:2124)
	at org.apache.ratis.server.impl.RaftServerProxy.submitRequest(RaftServerProxy.java:327)
	at org.apache.ratis.server.impl.RaftServerProxy.submitClientRequestAsync(RaftServerProxy.java:333)
	at org.apache.ratis.grpc.client.GrpcClientProtocolService$RequestStreamObserver.processClientRequest(GrpcClientProtocolService.java:220)
	at org.apache.ratis.grpc.client.GrpcClientProtocolService$UnorderedRequestStreamObserver.processClientRequest(GrpcClientProtocolService.java:276)
	at org.apache.ratis.grpc.client.GrpcClientProtocolService$RequestStreamObserver.onNext(GrpcClientProtocolService.java:240)
	at org.apache.ratis.grpc.client.GrpcClientProtocolService$RequestStreamObserver.onNext(GrpcClientProtocolService.java:168)
	at org.apache.ratis.thirdparty.io.grpc.stub.ServerCalls$StreamingServerCallHandler$StreamingServerCallListener.onMessage(ServerCalls.java:248)
	at org.apache.ratis.thirdparty.io.grpc.internal.ServerCallImpl$ServerStreamListenerImpl.messagesAvailable(ServerCallImpl.java:263)
	at org.apache.ratis.thirdparty.io.grpc.internal.ServerImpl$JumpToApplicationThreadServerStreamListener$1MessagesAvailable.runInContext(ServerImpl.java:686)
	at org.apache.ratis.thirdparty.io.grpc.internal.ContextRunnable.run(ContextRunnable.java:37)
	at org.apache.ratis.thirdparty.io.grpc.internal.SerializingExecutor.run(SerializingExecutor.java:123)
	at java.util.concurrent.ThreadPoolExecutor.runWorker(ThreadPoolExecutor.java:1149)
	at java.util.concurrent.ThreadPoolExecutor$Worker.run(ThreadPoolExecutor.java:624)
	at java.lang.Thread.run(Thread.java:748)

]]></system-err>
  </testcase>
  <testcase name="testLogArchival" classname="org.apache.ratis.logservice.server.TestMetaServer" time="3.331"/>
  <testcase name="testFinalClieanUp" classname="org.apache.ratis.logservice.server.TestMetaServer" time="0">
    <skipped message="Too heavy for the current implementation"/>
  </testcase>
  <testcase name="testCloseLogOnNodeFailure" classname="org.apache.ratis.logservice.server.TestMetaServer" time="91.049"/>
  <testcase name="testAlreadyExistLog" classname="org.apache.ratis.logservice.server.TestMetaServer" time="0.153"/>
  <testcase name="testDeleteLog" classname="org.apache.ratis.logservice.server.TestMetaServer" time="2.578"/>
  <testcase name="testGetNotExistingLog" classname="org.apache.ratis.logservice.server.TestMetaServer" time="0.005"/>
  <testcase name="testListLogs" classname="org.apache.ratis.logservice.server.TestMetaServer" time="2.001"/>
</testsuite>