<?xml version="1.0" encoding="UTF-8"?>
<testsuite xmlns:xsi="http://www.w3.org/2001/XMLSchema-instance" xsi:noNamespaceSchemaLocation="https://maven.apache.org/surefire/maven-surefire-plugin/xsd/surefire-test-report.xsd" name="org.apache.ratis.netty.TestRaftReconfigurationWithNetty" time="42.027" tests="12" errors="0" skipped="0" failures="1">
  <properties>
    <property name="awt.toolkit" value="sun.awt.X11.XToolkit"/>
    <property name="file.encoding.pkg" value="sun.io"/>
    <property name="java.specification.version" value="1.8"/>
    <property name="sun.cpu.isalist" value=""/>
    <property name="sun.jnu.encoding" value="UTF-8"/>
    <property name="java.class.path" value="/workdir/ratis-test/target/test-classes:/workdir/ratis-test/target/classes:/workdir/ratis-common/target/classes:/home/user/.m2/repository/org/apache/ratis/ratis-thirdparty-misc/0.2.0/ratis-thirdparty-misc-0.2.0.jar:/workdir/ratis-proto/target/ratis-proto-0.5.0-SNAPSHOT.jar:/home/user/.m2/repository/org/slf4j/slf4j-log4j12/1.7.10/slf4j-log4j12-1.7.10.jar:/home/user/.m2/repository/log4j/log4j/1.2.17/log4j-1.2.17.jar:/workdir/ratis-common/target/test-classes:/workdir/ratis-client/target/classes:/workdir/ratis-server/target/classes:/workdir/ratis-metrics/target/classes:/home/user/.m2/repository/io/dropwizard/metrics/metrics-core/3.2.5/metrics-core-3.2.5.jar:/home/user/.m2/repository/com/github/joshelser/dropwizard-metrics-hadoop-metrics2-reporter/0.1.2/dropwizard-metrics-hadoop-metrics2-reporter-0.1.2.jar:/home/user/.m2/repository/org/apache/hadoop/hadoop-common/2.6.0/hadoop-common-2.6.0.jar:/home/user/.m2/repository/org/apache/hadoop/hadoop-annotations/2.6.0/hadoop-annotations-2.6.0.jar:/usr/lib/jvm/java-1.8-openjdk/jre/../lib/tools.jar:/home/user/.m2/repository/com/google/guava/guava/11.0.2/guava-11.0.2.jar:/home/user/.m2/repository/commons-cli/commons-cli/1.2/commons-cli-1.2.jar:/home/user/.m2/repository/org/apache/commons/commons-math3/3.1.1/commons-math3-3.1.1.jar:/home/user/.m2/repository/xmlenc/xmlenc/0.52/xmlenc-0.52.jar:/home/user/.m2/repository/commons-httpclient/commons-httpclient/3.1/commons-httpclient-3.1.jar:/home/user/.m2/repository/commons-codec/commons-codec/1.4/commons-codec-1.4.jar:/home/user/.m2/repository/commons-io/commons-io/2.4/commons-io-2.4.jar:/home/user/.m2/repository/commons-net/commons-net/3.1/commons-net-3.1.jar:/home/user/.m2/repository/commons-collections/commons-collections/3.2.1/commons-collections-3.2.1.jar:/home/user/.m2/repository/javax/servlet/servlet-api/2.5/servlet-api-2.5.jar:/home/user/.m2/repository/org/mortbay/jetty/jetty/6.1.26/jetty-6.1.26.jar:/home/user/.m2/repository/org/mortbay/jetty/jetty-util/6.1.26/jetty-util-6.1.26.jar:/home/user/.m2/repository/com/sun/jersey/jersey-core/1.9/jersey-core-1.9.jar:/home/user/.m2/repository/com/sun/jersey/jersey-json/1.9/jersey-json-1.9.jar:/home/user/.m2/repository/org/codehaus/jettison/jettison/1.1/jettison-1.1.jar:/home/user/.m2/repository/com/sun/xml/bind/jaxb-impl/2.2.3-1/jaxb-impl-2.2.3-1.jar:/home/user/.m2/repository/javax/xml/bind/jaxb-api/2.2.2/jaxb-api-2.2.2.jar:/home/user/.m2/repository/javax/xml/stream/stax-api/1.0-2/stax-api-1.0-2.jar:/home/user/.m2/repository/javax/activation/activation/1.1/activation-1.1.jar:/home/user/.m2/repository/org/codehaus/jackson/jackson-jaxrs/1.8.3/jackson-jaxrs-1.8.3.jar:/home/user/.m2/repository/org/codehaus/jackson/jackson-xc/1.8.3/jackson-xc-1.8.3.jar:/home/user/.m2/repository/com/sun/jersey/jersey-server/1.9/jersey-server-1.9.jar:/home/user/.m2/repository/asm/asm/3.1/asm-3.1.jar:/home/user/.m2/repository/tomcat/jasper-compiler/5.5.23/jasper-compiler-5.5.23.jar:/home/user/.m2/repository/tomcat/jasper-runtime/5.5.23/jasper-runtime-5.5.23.jar:/home/user/.m2/repository/javax/servlet/jsp/jsp-api/2.1/jsp-api-2.1.jar:/home/user/.m2/repository/commons-el/commons-el/1.0/commons-el-1.0.jar:/home/user/.m2/repository/commons-logging/commons-logging/1.1.3/commons-logging-1.1.3.jar:/home/user/.m2/repository/net/java/dev/jets3t/jets3t/0.9.0/jets3t-0.9.0.jar:/home/user/.m2/repository/org/apache/httpcomponents/httpclient/4.1.2/httpclient-4.1.2.jar:/home/user/.m2/repository/org/apache/httpcomponents/httpcore/4.1.2/httpcore-4.1.2.jar:/home/user/.m2/repository/com/jamesmurty/utils/java-xmlbuilder/0.4/java-xmlbuilder-0.4.jar:/home/user/.m2/repository/commons-lang/commons-lang/2.6/commons-lang-2.6.jar:/home/user/.m2/repository/commons-configuration/commons-configuration/1.6/commons-configuration-1.6.jar:/home/user/.m2/repository/commons-digester/commons-digester/1.8/commons-digester-1.8.jar:/home/user/.m2/repository/commons-beanutils/commons-beanutils/1.7.0/commons-beanutils-1.7.0.jar:/home/user/.m2/repository/commons-beanutils/commons-beanutils-core/1.8.0/commons-beanutils-core-1.8.0.jar:/home/user/.m2/repository/org/codehaus/jackson/jackson-core-asl/1.9.13/jackson-core-asl-1.9.13.jar:/home/user/.m2/repository/org/codehaus/jackson/jackson-mapper-asl/1.9.13/jackson-mapper-asl-1.9.13.jar:/home/user/.m2/repository/org/apache/avro/avro/1.7.4/avro-1.7.4.jar:/home/user/.m2/repository/com/thoughtworks/paranamer/paranamer/2.3/paranamer-2.3.jar:/home/user/.m2/repository/org/xerial/snappy/snappy-java/1.0.4.1/snappy-java-1.0.4.1.jar:/home/user/.m2/repository/com/google/protobuf/protobuf-java/2.5.0/protobuf-java-2.5.0.jar:/home/user/.m2/repository/com/google/code/gson/gson/2.2.4/gson-2.2.4.jar:/home/user/.m2/repository/org/apache/hadoop/hadoop-auth/2.6.0/hadoop-auth-2.6.0.jar:/home/user/.m2/repository/org/apache/directory/server/apacheds-kerberos-codec/2.0.0-M15/apacheds-kerberos-codec-2.0.0-M15.jar:/home/user/.m2/repository/org/apache/directory/server/apacheds-i18n/2.0.0-M15/apacheds-i18n-2.0.0-M15.jar:/home/user/.m2/repository/org/apache/directory/api/api-asn1-api/1.0.0-M20/api-asn1-api-1.0.0-M20.jar:/home/user/.m2/repository/org/apache/directory/api/api-util/1.0.0-M20/api-util-1.0.0-M20.jar:/home/user/.m2/repository/org/apache/curator/curator-framework/2.6.0/curator-framework-2.6.0.jar:/home/user/.m2/repository/com/jcraft/jsch/0.1.42/jsch-0.1.42.jar:/home/user/.m2/repository/org/apache/curator/curator-client/2.6.0/curator-client-2.6.0.jar:/home/user/.m2/repository/org/apache/curator/curator-recipes/2.6.0/curator-recipes-2.6.0.jar:/home/user/.m2/repository/com/google/code/findbugs/jsr305/1.3.9/jsr305-1.3.9.jar:/home/user/.m2/repository/org/htrace/htrace-core/3.0.4/htrace-core-3.0.4.jar:/home/user/.m2/repository/org/apache/zookeeper/zookeeper/3.4.6/zookeeper-3.4.6.jar:/home/user/.m2/repository/io/netty/netty/3.7.0.Final/netty-3.7.0.Final.jar:/home/user/.m2/repository/org/apache/commons/commons-compress/1.4.1/commons-compress-1.4.1.jar:/home/user/.m2/repository/org/tukaani/xz/1.0/xz-1.0.jar:/home/user/.m2/repository/io/dropwizard/metrics/metrics-jvm/3.2.5/metrics-jvm-3.2.5.jar:/home/user/.m2/repository/io/dropwizard/metrics/metrics-ganglia/3.2.5/metrics-ganglia-3.2.5.jar:/home/user/.m2/repository/info/ganglia/gmetric4j/gmetric4j/1.0.7/gmetric4j-1.0.7.jar:/workdir/ratis-server/target/test-classes:/workdir/ratis-netty/target/classes:/workdir/ratis-netty/target/test-classes:/workdir/ratis-grpc/target/classes:/workdir/ratis-grpc/target/test-classes:/home/user/.m2/repository/org/slf4j/slf4j-api/1.7.10/slf4j-api-1.7.10.jar:/home/user/.m2/repository/junit/junit/4.12/junit-4.12.jar:/home/user/.m2/repository/org/hamcrest/hamcrest-core/1.3/hamcrest-core-1.3.jar:/home/user/.m2/repository/org/mockito/mockito-all/1.8.5/mockito-all-1.8.5.jar:"/>
    <property name="java.vm.vendor" value="IcedTea"/>
    <property name="sun.arch.data.model" value="64"/>
    <property name="java.vendor.url" value="https://icedtea.classpath.org"/>
    <property name="user.timezone" value=""/>
    <property name="java.vm.specification.version" value="1.8"/>
    <property name="os.name" value="Linux"/>
    <property name="user.country" value="US"/>
    <property name="sun.java.launcher" value="SUN_STANDARD"/>
    <property name="sun.boot.library.path" value="/usr/lib/jvm/java-1.8-openjdk/jre/lib/amd64"/>
    <property name="sun.java.command" value="/workdir/ratis-test/target/surefire/surefirebooter6424941260667182164.jar /workdir/ratis-test/target/surefire 2019-09-26T13-11-35_218-jvmRun1 surefire758939324694974671tmp surefire_41442756471036858256tmp"/>
    <property name="surefire.test.class.path" value="/workdir/ratis-test/target/test-classes:/workdir/ratis-test/target/classes:/workdir/ratis-common/target/classes:/home/user/.m2/repository/org/apache/ratis/ratis-thirdparty-misc/0.2.0/ratis-thirdparty-misc-0.2.0.jar:/workdir/ratis-proto/target/ratis-proto-0.5.0-SNAPSHOT.jar:/home/user/.m2/repository/org/slf4j/slf4j-log4j12/1.7.10/slf4j-log4j12-1.7.10.jar:/home/user/.m2/repository/log4j/log4j/1.2.17/log4j-1.2.17.jar:/workdir/ratis-common/target/test-classes:/workdir/ratis-client/target/classes:/workdir/ratis-server/target/classes:/workdir/ratis-metrics/target/classes:/home/user/.m2/repository/io/dropwizard/metrics/metrics-core/3.2.5/metrics-core-3.2.5.jar:/home/user/.m2/repository/com/github/joshelser/dropwizard-metrics-hadoop-metrics2-reporter/0.1.2/dropwizard-metrics-hadoop-metrics2-reporter-0.1.2.jar:/home/user/.m2/repository/org/apache/hadoop/hadoop-common/2.6.0/hadoop-common-2.6.0.jar:/home/user/.m2/repository/org/apache/hadoop/hadoop-annotations/2.6.0/hadoop-annotations-2.6.0.jar:/usr/lib/jvm/java-1.8-openjdk/jre/../lib/tools.jar:/home/user/.m2/repository/com/google/guava/guava/11.0.2/guava-11.0.2.jar:/home/user/.m2/repository/commons-cli/commons-cli/1.2/commons-cli-1.2.jar:/home/user/.m2/repository/org/apache/commons/commons-math3/3.1.1/commons-math3-3.1.1.jar:/home/user/.m2/repository/xmlenc/xmlenc/0.52/xmlenc-0.52.jar:/home/user/.m2/repository/commons-httpclient/commons-httpclient/3.1/commons-httpclient-3.1.jar:/home/user/.m2/repository/commons-codec/commons-codec/1.4/commons-codec-1.4.jar:/home/user/.m2/repository/commons-io/commons-io/2.4/commons-io-2.4.jar:/home/user/.m2/repository/commons-net/commons-net/3.1/commons-net-3.1.jar:/home/user/.m2/repository/commons-collections/commons-collections/3.2.1/commons-collections-3.2.1.jar:/home/user/.m2/repository/javax/servlet/servlet-api/2.5/servlet-api-2.5.jar:/home/user/.m2/repository/org/mortbay/jetty/jetty/6.1.26/jetty-6.1.26.jar:/home/user/.m2/repository/org/mortbay/jetty/jetty-util/6.1.26/jetty-util-6.1.26.jar:/home/user/.m2/repository/com/sun/jersey/jersey-core/1.9/jersey-core-1.9.jar:/home/user/.m2/repository/com/sun/jersey/jersey-json/1.9/jersey-json-1.9.jar:/home/user/.m2/repository/org/codehaus/jettison/jettison/1.1/jettison-1.1.jar:/home/user/.m2/repository/com/sun/xml/bind/jaxb-impl/2.2.3-1/jaxb-impl-2.2.3-1.jar:/home/user/.m2/repository/javax/xml/bind/jaxb-api/2.2.2/jaxb-api-2.2.2.jar:/home/user/.m2/repository/javax/xml/stream/stax-api/1.0-2/stax-api-1.0-2.jar:/home/user/.m2/repository/javax/activation/activation/1.1/activation-1.1.jar:/home/user/.m2/repository/org/codehaus/jackson/jackson-jaxrs/1.8.3/jackson-jaxrs-1.8.3.jar:/home/user/.m2/repository/org/codehaus/jackson/jackson-xc/1.8.3/jackson-xc-1.8.3.jar:/home/user/.m2/repository/com/sun/jersey/jersey-server/1.9/jersey-server-1.9.jar:/home/user/.m2/repository/asm/asm/3.1/asm-3.1.jar:/home/user/.m2/repository/tomcat/jasper-compiler/5.5.23/jasper-compiler-5.5.23.jar:/home/user/.m2/repository/tomcat/jasper-runtime/5.5.23/jasper-runtime-5.5.23.jar:/home/user/.m2/repository/javax/servlet/jsp/jsp-api/2.1/jsp-api-2.1.jar:/home/user/.m2/repository/commons-el/commons-el/1.0/commons-el-1.0.jar:/home/user/.m2/repository/commons-logging/commons-logging/1.1.3/commons-logging-1.1.3.jar:/home/user/.m2/repository/net/java/dev/jets3t/jets3t/0.9.0/jets3t-0.9.0.jar:/home/user/.m2/repository/org/apache/httpcomponents/httpclient/4.1.2/httpclient-4.1.2.jar:/home/user/.m2/repository/org/apache/httpcomponents/httpcore/4.1.2/httpcore-4.1.2.jar:/home/user/.m2/repository/com/jamesmurty/utils/java-xmlbuilder/0.4/java-xmlbuilder-0.4.jar:/home/user/.m2/repository/commons-lang/commons-lang/2.6/commons-lang-2.6.jar:/home/user/.m2/repository/commons-configuration/commons-configuration/1.6/commons-configuration-1.6.jar:/home/user/.m2/repository/commons-digester/commons-digester/1.8/commons-digester-1.8.jar:/home/user/.m2/repository/commons-beanutils/commons-beanutils/1.7.0/commons-beanutils-1.7.0.jar:/home/user/.m2/repository/commons-beanutils/commons-beanutils-core/1.8.0/commons-beanutils-core-1.8.0.jar:/home/user/.m2/repository/org/codehaus/jackson/jackson-core-asl/1.9.13/jackson-core-asl-1.9.13.jar:/home/user/.m2/repository/org/codehaus/jackson/jackson-mapper-asl/1.9.13/jackson-mapper-asl-1.9.13.jar:/home/user/.m2/repository/org/apache/avro/avro/1.7.4/avro-1.7.4.jar:/home/user/.m2/repository/com/thoughtworks/paranamer/paranamer/2.3/paranamer-2.3.jar:/home/user/.m2/repository/org/xerial/snappy/snappy-java/1.0.4.1/snappy-java-1.0.4.1.jar:/home/user/.m2/repository/com/google/protobuf/protobuf-java/2.5.0/protobuf-java-2.5.0.jar:/home/user/.m2/repository/com/google/code/gson/gson/2.2.4/gson-2.2.4.jar:/home/user/.m2/repository/org/apache/hadoop/hadoop-auth/2.6.0/hadoop-auth-2.6.0.jar:/home/user/.m2/repository/org/apache/directory/server/apacheds-kerberos-codec/2.0.0-M15/apacheds-kerberos-codec-2.0.0-M15.jar:/home/user/.m2/repository/org/apache/directory/server/apacheds-i18n/2.0.0-M15/apacheds-i18n-2.0.0-M15.jar:/home/user/.m2/repository/org/apache/directory/api/api-asn1-api/1.0.0-M20/api-asn1-api-1.0.0-M20.jar:/home/user/.m2/repository/org/apache/directory/api/api-util/1.0.0-M20/api-util-1.0.0-M20.jar:/home/user/.m2/repository/org/apache/curator/curator-framework/2.6.0/curator-framework-2.6.0.jar:/home/user/.m2/repository/com/jcraft/jsch/0.1.42/jsch-0.1.42.jar:/home/user/.m2/repository/org/apache/curator/curator-client/2.6.0/curator-client-2.6.0.jar:/home/user/.m2/repository/org/apache/curator/curator-recipes/2.6.0/curator-recipes-2.6.0.jar:/home/user/.m2/repository/com/google/code/findbugs/jsr305/1.3.9/jsr305-1.3.9.jar:/home/user/.m2/repository/org/htrace/htrace-core/3.0.4/htrace-core-3.0.4.jar:/home/user/.m2/repository/org/apache/zookeeper/zookeeper/3.4.6/zookeeper-3.4.6.jar:/home/user/.m2/repository/io/netty/netty/3.7.0.Final/netty-3.7.0.Final.jar:/home/user/.m2/repository/org/apache/commons/commons-compress/1.4.1/commons-compress-1.4.1.jar:/home/user/.m2/repository/org/tukaani/xz/1.0/xz-1.0.jar:/home/user/.m2/repository/io/dropwizard/metrics/metrics-jvm/3.2.5/metrics-jvm-3.2.5.jar:/home/user/.m2/repository/io/dropwizard/metrics/metrics-ganglia/3.2.5/metrics-ganglia-3.2.5.jar:/home/user/.m2/repository/info/ganglia/gmetric4j/gmetric4j/1.0.7/gmetric4j-1.0.7.jar:/workdir/ratis-server/target/test-classes:/workdir/ratis-netty/target/classes:/workdir/ratis-netty/target/test-classes:/workdir/ratis-grpc/target/classes:/workdir/ratis-grpc/target/test-classes:/home/user/.m2/repository/org/slf4j/slf4j-api/1.7.10/slf4j-api-1.7.10.jar:/home/user/.m2/repository/junit/junit/4.12/junit-4.12.jar:/home/user/.m2/repository/org/hamcrest/hamcrest-core/1.3/hamcrest-core-1.3.jar:/home/user/.m2/repository/org/mockito/mockito-all/1.8.5/mockito-all-1.8.5.jar:"/>
    <property name="sun.cpu.endian" value="little"/>
    <property name="user.home" value="/home/user"/>
    <property name="user.language" value="en"/>
    <property name="java.specification.vendor" value="Oracle Corporation"/>
    <property name="java.home" value="/usr/lib/jvm/java-1.8-openjdk/jre"/>
    <property name="basedir" value="/workdir/ratis-test"/>
    <property name="file.separator" value="/"/>
    <property name="line.separator" value="&#10;"/>
    <property name="java.vm.specification.vendor" value="Oracle Corporation"/>
    <property name="java.specification.name" value="Java Platform API Specification"/>
    <property name="java.awt.graphicsenv" value="sun.awt.X11GraphicsEnvironment"/>
    <property name="surefire.real.class.path" value="/workdir/ratis-test/target/surefire/surefirebooter6424941260667182164.jar"/>
    <property name="sun.boot.class.path" value="/usr/lib/jvm/java-1.8-openjdk/jre/lib/resources.jar:/usr/lib/jvm/java-1.8-openjdk/jre/lib/rt.jar:/usr/lib/jvm/java-1.8-openjdk/jre/lib/sunrsasign.jar:/usr/lib/jvm/java-1.8-openjdk/jre/lib/jsse.jar:/usr/lib/jvm/java-1.8-openjdk/jre/lib/jce.jar:/usr/lib/jvm/java-1.8-openjdk/jre/lib/charsets.jar:/usr/lib/jvm/java-1.8-openjdk/jre/lib/jfr.jar:/usr/lib/jvm/java-1.8-openjdk/jre/classes"/>
    <property name="sun.management.compiler" value="HotSpot 64-Bit Tiered Compilers"/>
    <property name="java.runtime.version" value="1.8.0_212-b04"/>
    <property name="java.net.preferIPv4Stack" value="true"/>
    <property name="user.name" value="jenkins1000"/>
    <property name="path.separator" value=":"/>
    <property name="os.version" value="3.10.0-957.12.2.el7.x86_64"/>
    <property name="java.endorsed.dirs" value="/usr/lib/jvm/java-1.8-openjdk/jre/lib/endorsed"/>
    <property name="java.runtime.name" value="OpenJDK Runtime Environment"/>
    <property name="file.encoding" value="UTF-8"/>
    <property name="java.vm.name" value="OpenJDK 64-Bit Server VM"/>
    <property name="localRepository" value="/home/user/.m2/repository"/>
    <property name="java.vendor.url.bug" value="https://icedtea.classpath.org/bugzilla"/>
    <property name="java.io.tmpdir" value="/tmp"/>
    <property name="java.version" value="1.8.0_212"/>
    <property name="user.dir" value="/workdir/ratis-test"/>
    <property name="os.arch" value="amd64"/>
    <property name="ratis.tmp.dir" value="/workdir/ratis-test/target/tmp"/>
    <property name="java.vm.specification.name" value="Java Virtual Machine Specification"/>
    <property name="java.awt.printerjob" value="sun.print.PSPrinterJob"/>
    <property name="ratis.log.dir" value="/workdir/ratis-test/target/log"/>
    <property name="sun.os.patch.level" value="unknown"/>
    <property name="java.library.path" value="/usr/lib/jvm/java-1.8-openjdk/jre/lib/amd64/server:/usr/lib/jvm/java-1.8-openjdk/jre/lib/amd64:/usr/lib/jvm/java-1.8-openjdk/jre/../lib/amd64:/usr/java/packages/lib/amd64:/usr/lib64:/lib64:/lib:/usr/lib"/>
    <property name="java.vm.info" value="mixed mode"/>
    <property name="java.vendor" value="IcedTea"/>
    <property name="java.vm.version" value="25.212-b04"/>
    <property name="java.ext.dirs" value="/usr/lib/jvm/java-1.8-openjdk/jre/lib/ext:/usr/java/packages/lib/ext"/>
    <property name="sun.io.unicode.encoding" value="UnicodeLittle"/>
    <property name="java.class.version" value="52.0"/>
  </properties>
  <testcase name="testNoChangeRequest" classname="org.apache.ratis.netty.TestRaftReconfigurationWithNetty" time="1.773"/>
  <testcase name="testRemovePeers" classname="org.apache.ratis.netty.TestRaftReconfigurationWithNetty" time="1.82"/>
  <testcase name="testAddRemovePeers" classname="org.apache.ratis.netty.TestRaftReconfigurationWithNetty" time="2.691"/>
  <testcase name="testRevertConfigurationChange" classname="org.apache.ratis.netty.TestRaftReconfigurationWithNetty" time="3.166"/>
  <testcase name="testBootstrapReconf" classname="org.apache.ratis.netty.TestRaftReconfigurationWithNetty" time="6.306"/>
  <testcase name="testAddPeers" classname="org.apache.ratis.netty.TestRaftReconfigurationWithNetty" time="2.011"/>
  <testcase name="testLeaderStepDown" classname="org.apache.ratis.netty.TestRaftReconfigurationWithNetty" time="2.356"/>
  <testcase name="testKillLeaderDuringReconf" classname="org.apache.ratis.netty.TestRaftReconfigurationWithNetty" time="3.678"/>
  <testcase name="testLeaderNotReadyException" classname="org.apache.ratis.netty.TestRaftReconfigurationWithNetty" time="3.515"/>
  <testcase name="testOverlappedSetConfRequests" classname="org.apache.ratis.netty.TestRaftReconfigurationWithNetty" time="3.72"/>
  <testcase name="testReconfTwice" classname="org.apache.ratis.netty.TestRaftReconfigurationWithNetty" time="3.219">
    <failure message="s3: ConfigurationManager, init=-1: [s0:0.0.0.0:38978, s1:0.0.0.0:46247, s2:0.0.0.0:41658], old=null, confs={&#10;  0 -&gt; 0: [s0:0.0.0.0:38978, s1:0.0.0.0:46247, s2:0.0.0.0:41658], old=null&#10;  41 -&gt; 41: [s0:0.0.0.0:38978, s1:0.0.0.0:46247, s2:0.0.0.0:41658], old=null&#10;  43 -&gt; 43: [s3:0.0.0.0:35928, s4:0.0.0.0:38695, s0:0.0.0.0:38978, s1:0.0.0.0:46247, s2:0.0.0.0:41658], old=[s0:0.0.0.0:38978, s1:0.0.0.0:46247, s2:0.0.0.0:41658]&#10;  45 -&gt; 45: [s3:0.0.0.0:35928, s4:0.0.0.0:38695, s0:0.0.0.0:38978, s1:0.0.0.0:46247, s2:0.0.0.0:41658], old=null&#10;  47 -&gt; 47: [s3:0.0.0.0:35928, s4:0.0.0.0:38695, s2:0.0.0.0:41658], old=[s3:0.0.0.0:35928, s4:0.0.0.0:38695, s0:0.0.0.0:38978, s1:0.0.0.0:46247, s2:0.0.0.0:41658]&#10;  49 -&gt; 49: [s3:0.0.0.0:35928, s4:0.0.0.0:38695, s2:0.0.0.0:41658], old=null&#10;  51 -&gt; 51: [s3:0.0.0.0:35928, s4:0.0.0.0:38695, s2:0.0.0.0:41658], old=null&#10;} expected:&lt;7&gt; but was:&lt;8&gt;" type="java.lang.AssertionError"><![CDATA[java.lang.AssertionError: 
s3: ConfigurationManager, init=-1: [s0:0.0.0.0:38978, s1:0.0.0.0:46247, s2:0.0.0.0:41658], old=null, confs={
  0 -> 0: [s0:0.0.0.0:38978, s1:0.0.0.0:46247, s2:0.0.0.0:41658], old=null
  41 -> 41: [s0:0.0.0.0:38978, s1:0.0.0.0:46247, s2:0.0.0.0:41658], old=null
  43 -> 43: [s3:0.0.0.0:35928, s4:0.0.0.0:38695, s0:0.0.0.0:38978, s1:0.0.0.0:46247, s2:0.0.0.0:41658], old=[s0:0.0.0.0:38978, s1:0.0.0.0:46247, s2:0.0.0.0:41658]
  45 -> 45: [s3:0.0.0.0:35928, s4:0.0.0.0:38695, s0:0.0.0.0:38978, s1:0.0.0.0:46247, s2:0.0.0.0:41658], old=null
  47 -> 47: [s3:0.0.0.0:35928, s4:0.0.0.0:38695, s2:0.0.0.0:41658], old=[s3:0.0.0.0:35928, s4:0.0.0.0:38695, s0:0.0.0.0:38978, s1:0.0.0.0:46247, s2:0.0.0.0:41658]
  49 -> 49: [s3:0.0.0.0:35928, s4:0.0.0.0:38695, s2:0.0.0.0:41658], old=null
  51 -> 51: [s3:0.0.0.0:35928, s4:0.0.0.0:38695, s2:0.0.0.0:41658], old=null
} expected:<7> but was:<8>
]]></failure>
    <system-out><![CDATA[2019-09-26 13:12:45,492 INFO  util.LogUtils (LogUtils.java:setLogLevel(41)) - Set org.apache.ratis.conf.ConfUtils log level to WARN
2019-09-26 13:12:45,492 INFO  util.LogUtils (LogUtils.java:setLogLevel(41)) - Set org.apache.ratis.util.FileUtils log level to TRACE
2019-09-26 13:12:45,495 INFO  ratis.MiniRaftCluster (MiniRaftCluster.java:runWithNewCluster(119)) - Running runWithNewCluster
2019-09-26 13:12:45,495 INFO  ratis.MiniRaftCluster (MiniRaftCluster.java:<init>(253)) - new MiniRaftClusterWithNetty with group-0448FFF281AD:[s0:0.0.0.0:38978, s1:0.0.0.0:46247, s2:0.0.0.0:41658]
2019-09-26 13:12:45,496 INFO  ratis.MiniRaftCluster (MiniRaftCluster.java:start(287)) - .............................................................. 
2019-09-26 13:12:45,496 INFO  ratis.MiniRaftCluster (MiniRaftCluster.java:start(288)) - ... 
2019-09-26 13:12:45,496 INFO  ratis.MiniRaftCluster (MiniRaftCluster.java:start(289)) - ...     Starting MiniRaftClusterWithNetty
2019-09-26 13:12:45,496 INFO  ratis.MiniRaftCluster (MiniRaftCluster.java:start(290)) - ... 
2019-09-26 13:12:45,496 INFO  ratis.MiniRaftCluster (MiniRaftCluster.java:start(291)) - .............................................................. 
2019-09-26 13:12:45,496 INFO  ratis.MiniRaftCluster (MiniRaftCluster.java:initServers(265)) - servers = {}
2019-09-26 13:12:45,496 INFO  ratis.MiniRaftCluster (MiniRaftCluster.java:newRaftServer(330)) - newRaftServer: s0, group-0448FFF281AD:[s0:0.0.0.0:38978, s1:0.0.0.0:46247, s2:0.0.0.0:41658], format? true
2019-09-26 13:12:45,497 TRACE util.FileUtils (FileUtils.java:deleteFully(88)) - deleteFully target/test/data/3c013135/MiniRaftClusterWithNettya2297eb7/s0
2019-09-26 13:12:45,497 TRACE util.FileUtils (FileUtils.java:deleteFully(104)) - deleteFully: target/test/data/3c013135/MiniRaftClusterWithNettya2297eb7/s0 does not exist.
2019-09-26 13:12:45,497 INFO  ratis.MiniRaftCluster (MiniRaftCluster.java:newRaftServer(335)) - Formatted directory target/test/data/3c013135/MiniRaftClusterWithNettya2297eb7/s0
2019-09-26 13:12:45,498 INFO  impl.RaftServerProxy (ConfUtils.java:logGet(43)) - raft.rpc.type = NETTY (custom)
2019-09-26 13:12:45,499 INFO  netty.NettyConfigKeys$Server (ConfUtils.java:logGet(43)) - raft.netty.server.port = 38978 (custom)
2019-09-26 13:12:45,501 INFO  server.RaftServerConfigKeys (ConfUtils.java:logGet(43)) - raft.server.storage.dir = [/workdir/ratis-test/target/test/data/3c013135/MiniRaftClusterWithNettya2297eb7/s0] (custom)
2019-09-26 13:12:45,501 INFO  logging.LoggingHandler (AbstractInternalLogger.java:log(150)) - [id: 0x765fb7a7] REGISTERED
2019-09-26 13:12:45,502 INFO  logging.LoggingHandler (AbstractInternalLogger.java:log(150)) - [id: 0x765fb7a7] BIND: 0.0.0.0/0.0.0.0:38978
2019-09-26 13:12:45,502 INFO  impl.RaftServerProxy (RaftServerProxy.java:addNew(89)) - s0: addNew group-0448FFF281AD:[s0:0.0.0.0:38978, s1:0.0.0.0:46247, s2:0.0.0.0:41658] returns group-0448FFF281AD:java.util.concurrent.CompletableFuture@23f96c7f[Not completed]
2019-09-26 13:12:45,502 INFO  logging.LoggingHandler (AbstractInternalLogger.java:log(150)) - [id: 0x765fb7a7, L:/0.0.0.0:38978] ACTIVE
2019-09-26 13:12:45,503 INFO  impl.RaftServerImpl (RaftServerImpl.java:<init>(95)) - s0: new RaftServerImpl for group-0448FFF281AD:[s0:0.0.0.0:38978, s1:0.0.0.0:46247, s2:0.0.0.0:41658] with BaseStateMachine:uninitialized
2019-09-26 13:12:45,503 INFO  server.RaftServerConfigKeys (ConfUtils.java:logGet(43)) - raft.server.rpc.timeout.min = 150ms (default)
2019-09-26 13:12:45,503 INFO  server.RaftServerConfigKeys (ConfUtils.java:logGet(43)) - raft.server.rpc.timeout.max = 300ms (default)
2019-09-26 13:12:45,503 INFO  ratis.MiniRaftCluster (MiniRaftCluster.java:newRaftServer(330)) - newRaftServer: s1, group-0448FFF281AD:[s0:0.0.0.0:38978, s1:0.0.0.0:46247, s2:0.0.0.0:41658], format? true
2019-09-26 13:12:45,503 INFO  server.RaftServerConfigKeys (ConfUtils.java:logGet(43)) - raft.server.rpcslowness.timeout = 60s (default)
2019-09-26 13:12:45,503 TRACE util.FileUtils (FileUtils.java:deleteFully(88)) - deleteFully target/test/data/3c013135/MiniRaftClusterWithNettya2297eb7/s1
2019-09-26 13:12:45,504 INFO  server.RaftServerConfigKeys (ConfUtils.java:logGet(43)) - raft.server.sleep.deviation.threshold = 300 (default)
2019-09-26 13:12:45,504 INFO  server.RaftServerConfigKeys (ConfUtils.java:logGet(43)) - raft.server.log.appender.install.snapshot.enabled = true (default)
2019-09-26 13:12:45,504 TRACE util.FileUtils (FileUtils.java:deleteFully(104)) - deleteFully: target/test/data/3c013135/MiniRaftClusterWithNettya2297eb7/s1 does not exist.
2019-09-26 13:12:45,504 INFO  ratis.MiniRaftCluster (MiniRaftCluster.java:newRaftServer(335)) - Formatted directory target/test/data/3c013135/MiniRaftClusterWithNettya2297eb7/s1
2019-09-26 13:12:45,504 INFO  impl.RaftServerImpl (ServerState.java:<init>(103)) - s0@group-0448FFF281AD: ConfigurationManager, init=-1: [s0:0.0.0.0:38978, s1:0.0.0.0:46247, s2:0.0.0.0:41658], old=null, confs=<EMPTY_MAP>
2019-09-26 13:12:45,505 INFO  server.RaftServerConfigKeys (ConfUtils.java:logGet(43)) - raft.server.storage.dir = [/workdir/ratis-test/target/test/data/3c013135/MiniRaftClusterWithNettya2297eb7/s0] (custom)
2019-09-26 13:12:45,505 INFO  impl.RaftServerProxy (ConfUtils.java:logGet(43)) - raft.rpc.type = NETTY (custom)
2019-09-26 13:12:45,505 INFO  server.RaftServerConfigKeys (ConfUtils.java:logGet(43)) - raft.server.log.corruption.policy = EXCEPTION (default)
2019-09-26 13:12:45,505 INFO  storage.RaftStorageDirectory (RaftStorageDirectory.java:analyzeStorage(246)) - The storage directory /workdir/ratis-test/target/test/data/3c013135/MiniRaftClusterWithNettya2297eb7/s0/48f57b70-be0f-4f11-8c74-0448fff281ad does not exist. Creating ...
2019-09-26 13:12:45,506 TRACE util.FileUtils (LogUtils.java:runAndLog(61)) - Successfully ran Files.createDirectories /workdir/ratis-test/target/test/data/3c013135/MiniRaftClusterWithNettya2297eb7/s0/48f57b70-be0f-4f11-8c74-0448fff281ad
2019-09-26 13:12:45,507 INFO  netty.NettyConfigKeys$Server (ConfUtils.java:logGet(43)) - raft.netty.server.port = 46247 (custom)
2019-09-26 13:12:45,508 INFO  server.RaftServerConfigKeys (ConfUtils.java:logGet(43)) - raft.server.storage.dir = [/workdir/ratis-test/target/test/data/3c013135/MiniRaftClusterWithNettya2297eb7/s1] (custom)
2019-09-26 13:12:45,508 INFO  logging.LoggingHandler (AbstractInternalLogger.java:log(150)) - [id: 0xc5302367] REGISTERED
2019-09-26 13:12:45,508 INFO  logging.LoggingHandler (AbstractInternalLogger.java:log(150)) - [id: 0xc5302367] BIND: 0.0.0.0/0.0.0.0:46247
2019-09-26 13:12:45,508 INFO  impl.RaftServerProxy (RaftServerProxy.java:addNew(89)) - s1: addNew group-0448FFF281AD:[s0:0.0.0.0:38978, s1:0.0.0.0:46247, s2:0.0.0.0:41658] returns group-0448FFF281AD:java.util.concurrent.CompletableFuture@36cf4e86[Not completed]
2019-09-26 13:12:45,509 INFO  logging.LoggingHandler (AbstractInternalLogger.java:log(150)) - [id: 0xc5302367, L:/0.0.0.0:46247] ACTIVE
2019-09-26 13:12:45,509 INFO  impl.RaftServerImpl (RaftServerImpl.java:<init>(95)) - s1: new RaftServerImpl for group-0448FFF281AD:[s0:0.0.0.0:38978, s1:0.0.0.0:46247, s2:0.0.0.0:41658] with BaseStateMachine:uninitialized
2019-09-26 13:12:45,509 INFO  ratis.MiniRaftCluster (MiniRaftCluster.java:newRaftServer(330)) - newRaftServer: s2, group-0448FFF281AD:[s0:0.0.0.0:38978, s1:0.0.0.0:46247, s2:0.0.0.0:41658], format? true
2019-09-26 13:12:45,509 INFO  server.RaftServerConfigKeys (ConfUtils.java:logGet(43)) - raft.server.rpc.timeout.min = 150ms (default)
2019-09-26 13:12:45,510 TRACE util.FileUtils (FileUtils.java:deleteFully(88)) - deleteFully target/test/data/3c013135/MiniRaftClusterWithNettya2297eb7/s2
2019-09-26 13:12:45,510 INFO  server.RaftServerConfigKeys (ConfUtils.java:logGet(43)) - raft.server.rpc.timeout.max = 300ms (default)
2019-09-26 13:12:45,510 TRACE util.FileUtils (FileUtils.java:deleteFully(104)) - deleteFully: target/test/data/3c013135/MiniRaftClusterWithNettya2297eb7/s2 does not exist.
2019-09-26 13:12:45,510 INFO  ratis.MiniRaftCluster (MiniRaftCluster.java:newRaftServer(335)) - Formatted directory target/test/data/3c013135/MiniRaftClusterWithNettya2297eb7/s2
2019-09-26 13:12:45,510 INFO  server.RaftServerConfigKeys (ConfUtils.java:logGet(43)) - raft.server.rpcslowness.timeout = 60s (default)
2019-09-26 13:12:45,511 INFO  server.RaftServerConfigKeys (ConfUtils.java:logGet(43)) - raft.server.sleep.deviation.threshold = 300 (default)
2019-09-26 13:12:45,511 INFO  impl.RaftServerProxy (ConfUtils.java:logGet(43)) - raft.rpc.type = NETTY (custom)
2019-09-26 13:12:45,511 INFO  server.RaftServerConfigKeys (ConfUtils.java:logGet(43)) - raft.server.log.appender.install.snapshot.enabled = true (default)
2019-09-26 13:12:45,511 INFO  impl.RaftServerImpl (ServerState.java:<init>(103)) - s1@group-0448FFF281AD: ConfigurationManager, init=-1: [s0:0.0.0.0:38978, s1:0.0.0.0:46247, s2:0.0.0.0:41658], old=null, confs=<EMPTY_MAP>
2019-09-26 13:12:45,511 INFO  server.RaftServerConfigKeys (ConfUtils.java:logGet(43)) - raft.server.storage.dir = [/workdir/ratis-test/target/test/data/3c013135/MiniRaftClusterWithNettya2297eb7/s1] (custom)
2019-09-26 13:12:45,512 INFO  server.RaftServerConfigKeys (ConfUtils.java:logGet(43)) - raft.server.log.corruption.policy = EXCEPTION (default)
2019-09-26 13:12:45,512 INFO  storage.RaftStorageDirectory (RaftStorageDirectory.java:analyzeStorage(246)) - The storage directory /workdir/ratis-test/target/test/data/3c013135/MiniRaftClusterWithNettya2297eb7/s1/48f57b70-be0f-4f11-8c74-0448fff281ad does not exist. Creating ...
2019-09-26 13:12:45,512 INFO  netty.NettyConfigKeys$Server (ConfUtils.java:logGet(43)) - raft.netty.server.port = 41658 (custom)
2019-09-26 13:12:45,512 TRACE util.FileUtils (LogUtils.java:runAndLog(61)) - Successfully ran Files.createDirectories /workdir/ratis-test/target/test/data/3c013135/MiniRaftClusterWithNettya2297eb7/s1/48f57b70-be0f-4f11-8c74-0448fff281ad
2019-09-26 13:12:45,513 INFO  server.RaftServerConfigKeys (ConfUtils.java:logGet(43)) - raft.server.storage.dir = [/workdir/ratis-test/target/test/data/3c013135/MiniRaftClusterWithNettya2297eb7/s2] (custom)
2019-09-26 13:12:45,513 INFO  logging.LoggingHandler (AbstractInternalLogger.java:log(150)) - [id: 0xaabc99b6] REGISTERED
2019-09-26 13:12:45,513 INFO  impl.RaftServerProxy (RaftServerProxy.java:addNew(89)) - s2: addNew group-0448FFF281AD:[s0:0.0.0.0:38978, s1:0.0.0.0:46247, s2:0.0.0.0:41658] returns group-0448FFF281AD:java.util.concurrent.CompletableFuture@637d29b4[Not completed]
2019-09-26 13:12:45,513 INFO  logging.LoggingHandler (AbstractInternalLogger.java:log(150)) - [id: 0xaabc99b6] BIND: 0.0.0.0/0.0.0.0:41658
2019-09-26 13:12:45,514 INFO  logging.LoggingHandler (AbstractInternalLogger.java:log(150)) - [id: 0xaabc99b6, L:/0.0.0.0:41658] ACTIVE
2019-09-26 13:12:45,515 INFO  impl.RaftServerImpl (RaftServerImpl.java:<init>(95)) - s2: new RaftServerImpl for group-0448FFF281AD:[s0:0.0.0.0:38978, s1:0.0.0.0:46247, s2:0.0.0.0:41658] with BaseStateMachine:uninitialized
2019-09-26 13:12:45,515 INFO  server.RaftServerConfigKeys (ConfUtils.java:logGet(43)) - raft.server.rpc.timeout.min = 150ms (default)
2019-09-26 13:12:45,515 INFO  server.RaftServerConfigKeys (ConfUtils.java:logGet(43)) - raft.server.rpc.timeout.max = 300ms (default)
2019-09-26 13:12:45,516 INFO  server.RaftServerConfigKeys (ConfUtils.java:logGet(43)) - raft.server.rpcslowness.timeout = 60s (default)
2019-09-26 13:12:45,516 INFO  server.RaftServerConfigKeys (ConfUtils.java:logGet(43)) - raft.server.sleep.deviation.threshold = 300 (default)
2019-09-26 13:12:45,516 INFO  server.RaftServerConfigKeys (ConfUtils.java:logGet(43)) - raft.server.log.appender.install.snapshot.enabled = true (default)
2019-09-26 13:12:45,516 INFO  impl.RaftServerImpl (ServerState.java:<init>(103)) - s2@group-0448FFF281AD: ConfigurationManager, init=-1: [s0:0.0.0.0:38978, s1:0.0.0.0:46247, s2:0.0.0.0:41658], old=null, confs=<EMPTY_MAP>
2019-09-26 13:12:45,516 INFO  server.RaftServerConfigKeys (ConfUtils.java:logGet(43)) - raft.server.storage.dir = [/workdir/ratis-test/target/test/data/3c013135/MiniRaftClusterWithNettya2297eb7/s2] (custom)
2019-09-26 13:12:45,517 INFO  server.RaftServerConfigKeys (ConfUtils.java:logGet(43)) - raft.server.log.corruption.policy = EXCEPTION (default)
2019-09-26 13:12:45,517 INFO  storage.RaftStorageDirectory (RaftStorageDirectory.java:analyzeStorage(246)) - The storage directory /workdir/ratis-test/target/test/data/3c013135/MiniRaftClusterWithNettya2297eb7/s2/48f57b70-be0f-4f11-8c74-0448fff281ad does not exist. Creating ...
2019-09-26 13:12:45,517 TRACE util.FileUtils (LogUtils.java:runAndLog(61)) - Successfully ran Files.createDirectories /workdir/ratis-test/target/test/data/3c013135/MiniRaftClusterWithNettya2297eb7/s2/48f57b70-be0f-4f11-8c74-0448fff281ad
2019-09-26 13:12:45,533 INFO  storage.RaftStorageDirectory (RaftStorageDirectory.java:tryLock(328)) - Lock on /workdir/ratis-test/target/test/data/3c013135/MiniRaftClusterWithNettya2297eb7/s1/48f57b70-be0f-4f11-8c74-0448fff281ad/in_use.lock acquired by nodename 435@ratis-test-j9cz4-1458154678
2019-09-26 13:12:45,533 INFO  storage.RaftStorageDirectory (RaftStorageDirectory.java:tryLock(328)) - Lock on /workdir/ratis-test/target/test/data/3c013135/MiniRaftClusterWithNettya2297eb7/s0/48f57b70-be0f-4f11-8c74-0448fff281ad/in_use.lock acquired by nodename 435@ratis-test-j9cz4-1458154678
2019-09-26 13:12:45,533 INFO  storage.RaftStorageDirectory (RaftStorageDirectory.java:tryLock(328)) - Lock on /workdir/ratis-test/target/test/data/3c013135/MiniRaftClusterWithNettya2297eb7/s2/48f57b70-be0f-4f11-8c74-0448fff281ad/in_use.lock acquired by nodename 435@ratis-test-j9cz4-1458154678
2019-09-26 13:12:45,533 TRACE util.FileUtils (LogUtils.java:runAndLog(61)) - Successfully ran Files.createDirectories /workdir/ratis-test/target/test/data/3c013135/MiniRaftClusterWithNettya2297eb7/s1/48f57b70-be0f-4f11-8c74-0448fff281ad/current
2019-09-26 13:12:45,534 TRACE util.FileUtils (LogUtils.java:runAndLog(61)) - Successfully ran Files.createDirectories /workdir/ratis-test/target/test/data/3c013135/MiniRaftClusterWithNettya2297eb7/s0/48f57b70-be0f-4f11-8c74-0448fff281ad/current
2019-09-26 13:12:45,534 TRACE util.FileUtils (LogUtils.java:runAndLog(61)) - Successfully ran Files.createDirectories /workdir/ratis-test/target/test/data/3c013135/MiniRaftClusterWithNettya2297eb7/s1/48f57b70-be0f-4f11-8c74-0448fff281ad/sm
2019-09-26 13:12:45,534 TRACE util.FileUtils (LogUtils.java:runAndLog(61)) - Successfully ran Files.createDirectories /workdir/ratis-test/target/test/data/3c013135/MiniRaftClusterWithNettya2297eb7/s0/48f57b70-be0f-4f11-8c74-0448fff281ad/sm
2019-09-26 13:12:45,534 TRACE util.FileUtils (LogUtils.java:runAndLog(61)) - Successfully ran Files.createDirectories /workdir/ratis-test/target/test/data/3c013135/MiniRaftClusterWithNettya2297eb7/s2/48f57b70-be0f-4f11-8c74-0448fff281ad/current
2019-09-26 13:12:45,535 TRACE util.FileUtils (LogUtils.java:runAndLog(61)) - Successfully ran Files.createDirectories /workdir/ratis-test/target/test/data/3c013135/MiniRaftClusterWithNettya2297eb7/s2/48f57b70-be0f-4f11-8c74-0448fff281ad/sm
2019-09-26 13:12:45,548 INFO  storage.RaftStorage (RaftStorage.java:format(84)) - Storage directory /workdir/ratis-test/target/test/data/3c013135/MiniRaftClusterWithNettya2297eb7/s0/48f57b70-be0f-4f11-8c74-0448fff281ad has been successfully formatted.
2019-09-26 13:12:45,548 INFO  storage.RaftStorage (RaftStorage.java:format(84)) - Storage directory /workdir/ratis-test/target/test/data/3c013135/MiniRaftClusterWithNettya2297eb7/s2/48f57b70-be0f-4f11-8c74-0448fff281ad has been successfully formatted.
2019-09-26 13:12:45,548 INFO  storage.RaftStorage (RaftStorage.java:format(84)) - Storage directory /workdir/ratis-test/target/test/data/3c013135/MiniRaftClusterWithNettya2297eb7/s1/48f57b70-be0f-4f11-8c74-0448fff281ad has been successfully formatted.
2019-09-26 13:12:45,549 INFO  server.RaftServerConfigKeys (ConfUtils.java:logGet(43)) - raft.server.notification.no-leader.timeout = 60s (default)
2019-09-26 13:12:45,548 INFO  server.RaftServerConfigKeys (ConfUtils.java:logGet(43)) - raft.server.notification.no-leader.timeout = 60s (default)
2019-09-26 13:12:45,549 INFO  server.RaftServerConfigKeys (ConfUtils.java:logGet(43)) - raft.server.log.use.memory = false (default)
2019-09-26 13:12:45,549 INFO  server.RaftServerConfigKeys (ConfUtils.java:logGet(43)) - raft.server.notification.no-leader.timeout = 60s (default)
2019-09-26 13:12:45,549 INFO  server.RaftServerConfigKeys (ConfUtils.java:logGet(43)) - raft.server.log.purge.gap = 1024 (default)
2019-09-26 13:12:45,549 INFO  server.RaftServerConfigKeys (ConfUtils.java:logGet(43)) - raft.server.log.use.memory = false (default)
2019-09-26 13:12:45,549 INFO  server.RaftServerConfigKeys (ConfUtils.java:logGet(43)) - raft.server.log.appender.buffer.byte-limit = 4MB (=4194304) (default)
2019-09-26 13:12:45,549 INFO  server.RaftServerConfigKeys (ConfUtils.java:logGet(43)) - raft.server.log.use.memory = false (default)
2019-09-26 13:12:45,550 INFO  server.RaftServerConfigKeys (ConfUtils.java:logGet(43)) - raft.server.log.segment.size.max = 8MB (=8388608) (default)
2019-09-26 13:12:45,549 INFO  server.RaftServerConfigKeys (ConfUtils.java:logGet(43)) - raft.server.log.purge.gap = 1024 (default)
2019-09-26 13:12:45,550 INFO  server.RaftServerConfigKeys (ConfUtils.java:logGet(43)) - raft.server.log.segment.cache.num.max = 6 (default)
2019-09-26 13:12:45,550 INFO  server.RaftServerConfigKeys (ConfUtils.java:logGet(43)) - raft.server.log.purge.gap = 1024 (default)
2019-09-26 13:12:45,550 INFO  segmented.SegmentedRaftLogWorker (SegmentedRaftLogWorker.java:<init>(172)) - new s2@group-0448FFF281AD-SegmentedRaftLogWorker for RaftStorage:Storage Directory /workdir/ratis-test/target/test/data/3c013135/MiniRaftClusterWithNettya2297eb7/s2/48f57b70-be0f-4f11-8c74-0448fff281ad
2019-09-26 13:12:45,550 INFO  server.RaftServerConfigKeys (ConfUtils.java:logGet(43)) - raft.server.log.appender.buffer.byte-limit = 4MB (=4194304) (default)
2019-09-26 13:12:45,551 INFO  server.RaftServerConfigKeys (ConfUtils.java:logGet(43)) - raft.server.log.queue.byte-limit = 64MB (=67108864) (default)
2019-09-26 13:12:45,550 INFO  server.RaftServerConfigKeys (ConfUtils.java:logGet(43)) - raft.server.log.appender.buffer.byte-limit = 4MB (=4194304) (default)
2019-09-26 13:12:45,551 INFO  server.RaftServerConfigKeys (ConfUtils.java:logGet(43)) - raft.server.log.queue.element-limit = 4096 (default)
2019-09-26 13:12:45,551 INFO  server.RaftServerConfigKeys (ConfUtils.java:logGet(43)) - raft.server.log.segment.size.max = 8MB (=8388608) (default)
2019-09-26 13:12:45,551 INFO  server.RaftServerConfigKeys (ConfUtils.java:logGet(43)) - raft.server.log.segment.size.max = 8MB (=8388608) (default)
2019-09-26 13:12:45,552 INFO  server.RaftServerConfigKeys (ConfUtils.java:logGet(43)) - raft.server.log.preallocated.size = 4MB (=4194304) (default)
2019-09-26 13:12:45,551 INFO  server.RaftServerConfigKeys (ConfUtils.java:logGet(43)) - raft.server.log.segment.size.max = 8MB (=8388608) (default)
2019-09-26 13:12:45,552 INFO  server.RaftServerConfigKeys (ConfUtils.java:logGet(43)) - raft.server.log.write.buffer.size = 64KB (=65536) (default)
2019-09-26 13:12:45,551 INFO  server.RaftServerConfigKeys (ConfUtils.java:logGet(43)) - raft.server.log.segment.cache.num.max = 6 (default)
2019-09-26 13:12:45,552 INFO  server.RaftServerConfigKeys (ConfUtils.java:logGet(43)) - raft.server.log.force.sync.num = 128 (default)
2019-09-26 13:12:45,552 INFO  server.RaftServerConfigKeys (ConfUtils.java:logGet(43)) - raft.server.log.segment.cache.num.max = 6 (default)
2019-09-26 13:12:45,552 INFO  server.RaftServerConfigKeys (ConfUtils.java:logGet(43)) - raft.server.log.statemachine.data.sync = true (default)
2019-09-26 13:12:45,552 INFO  segmented.SegmentedRaftLogWorker (SegmentedRaftLogWorker.java:<init>(172)) - new s0@group-0448FFF281AD-SegmentedRaftLogWorker for RaftStorage:Storage Directory /workdir/ratis-test/target/test/data/3c013135/MiniRaftClusterWithNettya2297eb7/s0/48f57b70-be0f-4f11-8c74-0448fff281ad
2019-09-26 13:12:45,553 INFO  server.RaftServerConfigKeys (ConfUtils.java:logGet(43)) - raft.server.log.statemachine.data.sync.timeout = 10s (default)
2019-09-26 13:12:45,553 INFO  segmented.SegmentedRaftLogWorker (SegmentedRaftLogWorker.java:<init>(172)) - new s1@group-0448FFF281AD-SegmentedRaftLogWorker for RaftStorage:Storage Directory /workdir/ratis-test/target/test/data/3c013135/MiniRaftClusterWithNettya2297eb7/s1/48f57b70-be0f-4f11-8c74-0448fff281ad
2019-09-26 13:12:45,553 INFO  server.RaftServerConfigKeys (ConfUtils.java:logGet(43)) - raft.server.log.statemachine.data.sync.timeout.retry = -1 (default)
2019-09-26 13:12:45,553 INFO  server.RaftServerConfigKeys (ConfUtils.java:logGet(43)) - raft.server.log.queue.byte-limit = 64MB (=67108864) (default)
2019-09-26 13:12:45,553 INFO  server.RaftServerConfigKeys (ConfUtils.java:logGet(43)) - raft.server.log.statemachine.data.caching.enabled = false (default)
2019-09-26 13:12:45,553 INFO  server.RaftServerConfigKeys (ConfUtils.java:logGet(43)) - raft.server.log.queue.byte-limit = 64MB (=67108864) (default)
2019-09-26 13:12:45,553 INFO  server.RaftServerConfigKeys (ConfUtils.java:logGet(43)) - raft.server.log.queue.element-limit = 4096 (default)
2019-09-26 13:12:45,554 INFO  segmented.SegmentedRaftLogWorker (SegmentedRaftLogWorker.java:lambda$new$0(132)) - s2@group-0448FFF281AD-SegmentedRaftLogWorker: flushIndex: setUnconditionally 0 -> -1
2019-09-26 13:12:45,554 INFO  server.RaftServerConfigKeys (ConfUtils.java:logGet(43)) - raft.server.log.queue.element-limit = 4096 (default)
2019-09-26 13:12:45,554 INFO  server.RaftServerConfigKeys (ConfUtils.java:logGet(43)) - raft.server.log.segment.size.max = 8MB (=8388608) (default)
2019-09-26 13:12:45,554 INFO  server.RaftServerConfigKeys (ConfUtils.java:logGet(43)) - raft.server.log.segment.size.max = 8MB (=8388608) (default)
2019-09-26 13:12:45,554 INFO  server.RaftServerConfigKeys (ConfUtils.java:logGet(43)) - raft.server.snapshot.auto.trigger.enabled = false (default)
2019-09-26 13:12:45,555 INFO  server.RaftServerConfigKeys (ConfUtils.java:logGet(43)) - raft.server.log.preallocated.size = 4MB (=4194304) (default)
2019-09-26 13:12:45,554 INFO  server.RaftServerConfigKeys (ConfUtils.java:logGet(43)) - raft.server.log.preallocated.size = 4MB (=4194304) (default)
2019-09-26 13:12:45,555 INFO  server.RaftServerConfigKeys (ConfUtils.java:logGet(43)) - raft.server.log.write.buffer.size = 64KB (=65536) (default)
2019-09-26 13:12:45,555 INFO  server.RaftServerConfigKeys (ConfUtils.java:logGet(43)) - raft.server.log.force.sync.num = 128 (default)
2019-09-26 13:12:45,555 INFO  server.RaftServerConfigKeys (ConfUtils.java:logGet(43)) - raft.server.snapshot.retention.file.num = -1 (default)
2019-09-26 13:12:45,555 INFO  server.RaftServerConfigKeys (ConfUtils.java:logGet(43)) - raft.server.log.statemachine.data.sync = true (default)
2019-09-26 13:12:45,555 INFO  server.RaftServerConfigKeys (ConfUtils.java:logGet(43)) - raft.server.log.write.buffer.size = 64KB (=65536) (default)
2019-09-26 13:12:45,556 INFO  server.RaftServerConfigKeys (ConfUtils.java:logGet(43)) - raft.server.log.statemachine.data.sync.timeout = 10s (default)
2019-09-26 13:12:45,555 INFO  server.RaftServerConfigKeys (ConfUtils.java:logGet(43)) - raft.server.retrycache.expirytime = 60s (default)
2019-09-26 13:12:45,556 INFO  server.RaftServerConfigKeys (ConfUtils.java:logGet(43)) - raft.server.log.statemachine.data.sync.timeout.retry = -1 (default)
2019-09-26 13:12:45,556 INFO  server.RaftServerConfigKeys (ConfUtils.java:logGet(43)) - raft.server.log.force.sync.num = 128 (default)
2019-09-26 13:12:45,556 INFO  server.RaftServerConfigKeys (ConfUtils.java:logGet(43)) - raft.server.log.statemachine.data.caching.enabled = false (default)
2019-09-26 13:12:45,556 INFO  server.RaftServerConfigKeys (ConfUtils.java:logGet(43)) - raft.server.log.statemachine.data.sync = true (default)
2019-09-26 13:12:45,556 INFO  server.RaftServerConfigKeys (ConfUtils.java:logGet(43)) - raft.server.log.statemachine.data.sync.timeout = 10s (default)
2019-09-26 13:12:45,557 INFO  segmented.SegmentedRaftLogWorker (SegmentedRaftLogWorker.java:lambda$new$0(132)) - s1@group-0448FFF281AD-SegmentedRaftLogWorker: flushIndex: setUnconditionally 0 -> -1
2019-09-26 13:12:45,557 INFO  server.RaftServerConfigKeys (ConfUtils.java:logGet(43)) - raft.server.log.statemachine.data.sync.timeout.retry = -1 (default)
2019-09-26 13:12:45,557 INFO  server.RaftServerConfigKeys (ConfUtils.java:logGet(43)) - raft.server.snapshot.auto.trigger.enabled = false (default)
2019-09-26 13:12:45,557 INFO  server.RaftServerConfigKeys (ConfUtils.java:logGet(43)) - raft.server.snapshot.retention.file.num = -1 (default)
2019-09-26 13:12:45,557 INFO  server.RaftServerConfigKeys (ConfUtils.java:logGet(43)) - raft.server.log.statemachine.data.caching.enabled = false (default)
2019-09-26 13:12:45,557 INFO  server.RaftServerConfigKeys (ConfUtils.java:logGet(43)) - raft.server.retrycache.expirytime = 60s (default)
2019-09-26 13:12:45,557 INFO  segmented.SegmentedRaftLogWorker (SegmentedRaftLogWorker.java:lambda$new$0(132)) - s0@group-0448FFF281AD-SegmentedRaftLogWorker: flushIndex: setUnconditionally 0 -> -1
2019-09-26 13:12:45,558 INFO  server.RaftServerConfigKeys (ConfUtils.java:logGet(43)) - raft.server.snapshot.auto.trigger.enabled = false (default)
2019-09-26 13:12:45,558 INFO  server.RaftServerConfigKeys (ConfUtils.java:logGet(43)) - raft.server.snapshot.retention.file.num = -1 (default)
2019-09-26 13:12:45,558 INFO  server.RaftServerConfigKeys (ConfUtils.java:logGet(43)) - raft.server.retrycache.expirytime = 60s (default)
2019-09-26 13:12:45,564 INFO  impl.RaftServerImpl (RaftServerImpl.java:start(181)) - s0@group-0448FFF281AD: start as a follower, conf=-1: [s0:0.0.0.0:38978, s1:0.0.0.0:46247, s2:0.0.0.0:41658], old=null
2019-09-26 13:12:45,564 INFO  impl.RaftServerImpl (RaftServerImpl.java:setRole(170)) - s0@group-0448FFF281AD: changes role from      null to FOLLOWER at term 0 for startAsFollower
2019-09-26 13:12:45,565 INFO  impl.RoleInfo (RoleInfo.java:updateAndGet(143)) - s0: start FollowerState
2019-09-26 13:12:45,565 INFO  util.JmxRegister (JmxRegister.java:tryRegister(44)) - Successfully registered JMX Bean with object name Ratis:service=RaftServer,group=group-0448FFF281AD,id=s0
2019-09-26 13:12:45,567 INFO  impl.RaftServerProxy (RaftServerProxy.java:lambda$start$3(299)) - s0: start RPC server
2019-09-26 13:12:45,567 INFO  impl.RaftServerImpl (RaftServerImpl.java:start(181)) - s1@group-0448FFF281AD: start as a follower, conf=-1: [s0:0.0.0.0:38978, s1:0.0.0.0:46247, s2:0.0.0.0:41658], old=null
2019-09-26 13:12:45,568 INFO  impl.RaftServerImpl (RaftServerImpl.java:setRole(170)) - s1@group-0448FFF281AD: changes role from      null to FOLLOWER at term 0 for startAsFollower
2019-09-26 13:12:45,568 INFO  impl.RoleInfo (RoleInfo.java:updateAndGet(143)) - s1: start FollowerState
2019-09-26 13:12:45,568 INFO  util.JmxRegister (JmxRegister.java:tryRegister(44)) - Successfully registered JMX Bean with object name Ratis:service=RaftServer,group=group-0448FFF281AD,id=s1
2019-09-26 13:12:45,571 INFO  impl.RaftServerProxy (RaftServerProxy.java:lambda$start$3(299)) - s1: start RPC server
2019-09-26 13:12:45,571 INFO  impl.RaftServerImpl (RaftServerImpl.java:start(181)) - s2@group-0448FFF281AD: start as a follower, conf=-1: [s0:0.0.0.0:38978, s1:0.0.0.0:46247, s2:0.0.0.0:41658], old=null
2019-09-26 13:12:45,571 INFO  impl.RaftServerImpl (RaftServerImpl.java:setRole(170)) - s2@group-0448FFF281AD: changes role from      null to FOLLOWER at term 0 for startAsFollower
2019-09-26 13:12:45,572 INFO  impl.RoleInfo (RoleInfo.java:updateAndGet(143)) - s2: start FollowerState
2019-09-26 13:12:45,572 INFO  util.JmxRegister (JmxRegister.java:tryRegister(44)) - Successfully registered JMX Bean with object name Ratis:service=RaftServer,group=group-0448FFF281AD,id=s2
2019-09-26 13:12:45,574 INFO  impl.RaftServerProxy (RaftServerProxy.java:lambda$start$3(299)) - s2: start RPC server
2019-09-26 13:12:45,574 INFO  server.RaftServerConfigKeys (ConfUtils.java:logGet(43)) - raft.server.rpc.timeout.max = 300ms (default)
2019-09-26 13:12:45,575 INFO  ratis.RaftTestUtil (RaftTestUtil.java:waitForLeader(86)) - printing ALL groups
  s0:  RUNNING  FOLLOWER s0@group-0448FFF281AD:t0, leader=null, voted=null, raftlog=s0@group-0448FFF281AD-SegmentedRaftLog:OPENED:c-1,f-1,i0, conf=-1: [s0:0.0.0.0:38978, s1:0.0.0.0:46247, s2:0.0.0.0:41658], old=null RUNNING
  s1:  RUNNING  FOLLOWER s1@group-0448FFF281AD:t0, leader=null, voted=null, raftlog=s1@group-0448FFF281AD-SegmentedRaftLog:OPENED:c-1,f-1,i0, conf=-1: [s0:0.0.0.0:38978, s1:0.0.0.0:46247, s2:0.0.0.0:41658], old=null RUNNING
  s2:  RUNNING  FOLLOWER s2@group-0448FFF281AD:t0, leader=null, voted=null, raftlog=s2@group-0448FFF281AD-SegmentedRaftLog:OPENED:c-1,f-1,i0, conf=-1: [s0:0.0.0.0:38978, s1:0.0.0.0:46247, s2:0.0.0.0:41658], old=null RUNNING
2019-09-26 13:12:45,575 WARN  ratis.RaftTestUtil (JavaUtils.java:attempt(158)) - FAILED "waitForLeader-null-(expectLeader? true)", attempt #1/100: java.lang.IllegalStateException: No leader yet : printing ALL groups
  s0:  RUNNING  FOLLOWER s0@group-0448FFF281AD:t0, leader=null, voted=null, raftlog=s0@group-0448FFF281AD-SegmentedRaftLog:OPENED:c-1,f-1,i0, conf=-1: [s0:0.0.0.0:38978, s1:0.0.0.0:46247, s2:0.0.0.0:41658], old=null RUNNING
  s1:  RUNNING  FOLLOWER s1@group-0448FFF281AD:t0, leader=null, voted=null, raftlog=s1@group-0448FFF281AD-SegmentedRaftLog:OPENED:c-1,f-1,i0, conf=-1: [s0:0.0.0.0:38978, s1:0.0.0.0:46247, s2:0.0.0.0:41658], old=null RUNNING
  s2:  RUNNING  FOLLOWER s2@group-0448FFF281AD:t0, leader=null, voted=null, raftlog=s2@group-0448FFF281AD-SegmentedRaftLog:OPENED:c-1,f-1,i0, conf=-1: [s0:0.0.0.0:38978, s1:0.0.0.0:46247, s2:0.0.0.0:41658], old=null RUNNING, sleep 450ms and then retry.
java.lang.IllegalStateException: No leader yet : printing ALL groups
  s0:  RUNNING  FOLLOWER s0@group-0448FFF281AD:t0, leader=null, voted=null, raftlog=s0@group-0448FFF281AD-SegmentedRaftLog:OPENED:c-1,f-1,i0, conf=-1: [s0:0.0.0.0:38978, s1:0.0.0.0:46247, s2:0.0.0.0:41658], old=null RUNNING
  s1:  RUNNING  FOLLOWER s1@group-0448FFF281AD:t0, leader=null, voted=null, raftlog=s1@group-0448FFF281AD-SegmentedRaftLog:OPENED:c-1,f-1,i0, conf=-1: [s0:0.0.0.0:38978, s1:0.0.0.0:46247, s2:0.0.0.0:41658], old=null RUNNING
  s2:  RUNNING  FOLLOWER s2@group-0448FFF281AD:t0, leader=null, voted=null, raftlog=s2@group-0448FFF281AD-SegmentedRaftLog:OPENED:c-1,f-1,i0, conf=-1: [s0:0.0.0.0:38978, s1:0.0.0.0:46247, s2:0.0.0.0:41658], old=null RUNNING
	at org.apache.ratis.MiniRaftCluster.newIllegalStateExceptionForNoLeaders(MiniRaftCluster.java:506)
	at org.apache.ratis.RaftTestUtil.lambda$waitForLeader$1(RaftTestUtil.java:90)
	at org.apache.ratis.MiniRaftCluster.getLeader(MiniRaftCluster.java:539)
	at org.apache.ratis.MiniRaftCluster.getLeader(MiniRaftCluster.java:532)
	at org.apache.ratis.RaftTestUtil.lambda$waitForLeader$3(RaftTestUtil.java:98)
	at org.apache.ratis.util.JavaUtils.attempt(JavaUtils.java:152)
	at org.apache.ratis.RaftTestUtil.waitForLeader(RaftTestUtil.java:97)
	at org.apache.ratis.RaftTestUtil.waitForLeader(RaftTestUtil.java:77)
	at org.apache.ratis.RaftTestUtil.waitForLeader(RaftTestUtil.java:72)
	at org.apache.ratis.server.impl.RaftReconfigurationBaseTest.runTestReconfTwice(RaftReconfigurationBaseTest.java:144)
	at org.apache.ratis.MiniRaftCluster$Factory$Get.runWithNewCluster(MiniRaftCluster.java:125)
	at org.apache.ratis.MiniRaftCluster$Factory$Get.runWithNewCluster(MiniRaftCluster.java:113)
	at org.apache.ratis.server.impl.RaftReconfigurationBaseTest.testReconfTwice(RaftReconfigurationBaseTest.java:140)
	at sun.reflect.NativeMethodAccessorImpl.invoke0(Native Method)
	at sun.reflect.NativeMethodAccessorImpl.invoke(NativeMethodAccessorImpl.java:62)
	at sun.reflect.DelegatingMethodAccessorImpl.invoke(DelegatingMethodAccessorImpl.java:43)
	at java.lang.reflect.Method.invoke(Method.java:498)
	at org.junit.runners.model.FrameworkMethod$1.runReflectiveCall(FrameworkMethod.java:50)
	at org.junit.internal.runners.model.ReflectiveCallable.run(ReflectiveCallable.java:12)
	at org.junit.runners.model.FrameworkMethod.invokeExplosively(FrameworkMethod.java:47)
	at org.junit.internal.runners.statements.InvokeMethod.evaluate(InvokeMethod.java:17)
	at org.junit.internal.runners.statements.FailOnTimeout$CallableStatement.call(FailOnTimeout.java:298)
	at org.junit.internal.runners.statements.FailOnTimeout$CallableStatement.call(FailOnTimeout.java:292)
	at java.util.concurrent.FutureTask.run(FutureTask.java:266)
	at java.lang.Thread.run(Thread.java:748)
2019-09-26 13:12:45,604 DEBUG impl.RaftServerImpl (RaftServerImpl.java:logAppendEntries(850)) - s2@group-8D3F60B380E6: succeeded to handle AppendEntries. Reply: s0<-s2#0:OK,SUCCESS,nextIndex:4,term:1,followerCommit:1
2019-09-26 13:12:45,757 INFO  impl.FollowerState (FollowerState.java:run(108)) - s1@group-0448FFF281AD-FollowerState: change to CANDIDATE, lastRpcTime:189ms, electionTimeout:189ms
2019-09-26 13:12:45,758 INFO  impl.RoleInfo (RoleInfo.java:shutdownFollowerState(121)) - s1: shutdown FollowerState
2019-09-26 13:12:45,758 INFO  impl.RaftServerImpl (RaftServerImpl.java:setRole(170)) - s1@group-0448FFF281AD: changes role from  FOLLOWER to CANDIDATE at term 0 for changeToCandidate
2019-09-26 13:12:45,758 INFO  impl.RoleInfo (RoleInfo.java:updateAndGet(143)) - s1: start LeaderElection
2019-09-26 13:12:45,773 INFO  impl.LeaderElection (LeaderElection.java:askForVotes(178)) - s1@group-0448FFF281AD-LeaderElection37: begin an election at term 1 for -1: [s0:0.0.0.0:38978, s1:0.0.0.0:46247, s2:0.0.0.0:41658], old=null
2019-09-26 13:12:45,776 INFO  logging.LoggingHandler (AbstractInternalLogger.java:log(150)) - [id: 0x765fb7a7, L:/0.0.0.0:38978] READ: [id: 0x2a32c242, L:/192.168.164.227:38978 - R:/192.168.164.227:60370]
2019-09-26 13:12:45,776 INFO  logging.LoggingHandler (AbstractInternalLogger.java:log(150)) - [id: 0xaabc99b6, L:/0.0.0.0:41658] READ: [id: 0x5c1b0c45, L:/192.168.164.227:41658 - R:/192.168.164.227:34888]
2019-09-26 13:12:45,777 INFO  logging.LoggingHandler (AbstractInternalLogger.java:log(150)) - [id: 0x765fb7a7, L:/0.0.0.0:38978] READ COMPLETE
2019-09-26 13:12:45,777 INFO  logging.LoggingHandler (AbstractInternalLogger.java:log(150)) - [id: 0xaabc99b6, L:/0.0.0.0:41658] READ COMPLETE
2019-09-26 13:12:45,778 DEBUG impl.RaftServerImpl (RaftServerImpl.java:requestVote(743)) - s0@group-0448FFF281AD: receive requestVote(s1, group-0448FFF281AD, 1, (t:0, i:0))
2019-09-26 13:12:45,778 DEBUG impl.RaftServerImpl (RaftServerImpl.java:requestVote(743)) - s2@group-0448FFF281AD: receive requestVote(s1, group-0448FFF281AD, 1, (t:0, i:0))
2019-09-26 13:12:45,778 INFO  impl.RaftServerImpl (RaftServerImpl.java:setRole(170)) - s0@group-0448FFF281AD: changes role from  FOLLOWER to FOLLOWER at term 1 for recognizeCandidate:s1
2019-09-26 13:12:45,779 INFO  impl.RaftServerImpl (RaftServerImpl.java:setRole(170)) - s2@group-0448FFF281AD: changes role from  FOLLOWER to FOLLOWER at term 1 for recognizeCandidate:s1
2019-09-26 13:12:45,779 INFO  impl.RoleInfo (RoleInfo.java:shutdownFollowerState(121)) - s0: shutdown FollowerState
2019-09-26 13:12:45,779 INFO  impl.RoleInfo (RoleInfo.java:shutdownFollowerState(121)) - s2: shutdown FollowerState
2019-09-26 13:12:45,780 INFO  impl.FollowerState (FollowerState.java:run(117)) - s0@group-0448FFF281AD-FollowerState was interrupted: java.lang.InterruptedException: sleep interrupted
2019-09-26 13:12:45,780 INFO  impl.RoleInfo (RoleInfo.java:updateAndGet(143)) - s0: start FollowerState
2019-09-26 13:12:45,780 INFO  impl.FollowerState (FollowerState.java:run(117)) - s2@group-0448FFF281AD-FollowerState was interrupted: java.lang.InterruptedException: sleep interrupted
2019-09-26 13:12:45,780 INFO  impl.RoleInfo (RoleInfo.java:updateAndGet(143)) - s2: start FollowerState
2019-09-26 13:12:45,795 DEBUG impl.RaftServerImpl (RaftServerImpl.java:requestVote(775)) - s0@group-0448FFF281AD replies to vote request: s1<-s0#0:OK-t1. Peer's state: s0@group-0448FFF281AD:t1, leader=null, voted=s1, raftlog=s0@group-0448FFF281AD-SegmentedRaftLog:OPENED:c-1,f-1,i0, conf=-1: [s0:0.0.0.0:38978, s1:0.0.0.0:46247, s2:0.0.0.0:41658], old=null
2019-09-26 13:12:45,795 DEBUG impl.RaftServerImpl (RaftServerImpl.java:requestVote(775)) - s2@group-0448FFF281AD replies to vote request: s1<-s2#0:OK-t1. Peer's state: s2@group-0448FFF281AD:t1, leader=null, voted=s1, raftlog=s2@group-0448FFF281AD-SegmentedRaftLog:OPENED:c-1,f-1,i0, conf=-1: [s0:0.0.0.0:38978, s1:0.0.0.0:46247, s2:0.0.0.0:41658], old=null
2019-09-26 13:12:45,796 INFO  impl.LeaderElection (LeaderElection.java:logAndReturn(56)) - s1@group-0448FFF281AD-LeaderElection37: Election PASSED; received 1 response(s) [s1<-s0#0:OK-t1] and 0 exception(s); s1@group-0448FFF281AD:t1, leader=null, voted=s1, raftlog=s1@group-0448FFF281AD-SegmentedRaftLog:OPENED:c-1,f-1,i0, conf=-1: [s0:0.0.0.0:38978, s1:0.0.0.0:46247, s2:0.0.0.0:41658], old=null
2019-09-26 13:12:45,796 INFO  impl.RoleInfo (RoleInfo.java:shutdownLeaderElection(134)) - s1: shutdown LeaderElection
2019-09-26 13:12:45,796 INFO  impl.RaftServerImpl (RaftServerImpl.java:setRole(170)) - s1@group-0448FFF281AD: changes role from CANDIDATE to LEADER at term 1 for changeToLeader
2019-09-26 13:12:45,796 INFO  impl.RaftServerImpl (ServerState.java:setLeader(254)) - s1@group-0448FFF281AD: change Leader from null to s1 at term 1 for becomeLeader, leader elected after 247ms
2019-09-26 13:12:45,796 INFO  server.RaftServerConfigKeys (ConfUtils.java:logGet(43)) - raft.server.staging.catchup.gap = 10 (custom)
2019-09-26 13:12:45,796 INFO  server.RaftServerConfigKeys (ConfUtils.java:logGet(43)) - raft.server.rpc.sleep.time = 25ms (default)
2019-09-26 13:12:45,797 INFO  server.RaftServerConfigKeys (ConfUtils.java:logGet(43)) - raft.server.write.element-limit = 4096 (default)
2019-09-26 13:12:45,797 INFO  server.RaftServerConfigKeys (ConfUtils.java:logGet(43)) - raft.server.watch.timeout = 10s (default)
2019-09-26 13:12:45,797 INFO  server.RaftServerConfigKeys (ConfUtils.java:logGet(43)) - raft.server.watch.timeout.denomination = 1s (default)
2019-09-26 13:12:45,797 INFO  server.RaftServerConfigKeys (ConfUtils.java:logGet(43)) - raft.server.watch.element-limit = 65536 (default)
2019-09-26 13:12:45,800 INFO  server.RaftServerConfigKeys (ConfUtils.java:logGet(43)) - raft.server.log.appender.snapshot.chunk.size.max = 16MB (=16777216) (default)
2019-09-26 13:12:45,800 INFO  server.RaftServerConfigKeys (ConfUtils.java:logGet(43)) - raft.server.log.appender.buffer.byte-limit = 4MB (=4194304) (default)
2019-09-26 13:12:45,800 INFO  server.RaftServerConfigKeys (ConfUtils.java:logGet(43)) - raft.server.log.appender.buffer.element-limit = 0 (default)
2019-09-26 13:12:45,801 INFO  server.RaftServerConfigKeys (ConfUtils.java:logGet(43)) - raft.server.log.appender.snapshot.chunk.size.max = 16MB (=16777216) (default)
2019-09-26 13:12:45,801 INFO  server.RaftServerConfigKeys (ConfUtils.java:logGet(43)) - raft.server.log.appender.buffer.byte-limit = 4MB (=4194304) (default)
2019-09-26 13:12:45,801 INFO  server.RaftServerConfigKeys (ConfUtils.java:logGet(43)) - raft.server.log.appender.buffer.element-limit = 0 (default)
2019-09-26 13:12:45,801 INFO  impl.RoleInfo (RoleInfo.java:updateAndGet(143)) - s1: start LeaderState
2019-09-26 13:12:45,802 INFO  segmented.SegmentedRaftLogWorker (SegmentedRaftLogWorker.java:startLogSegment(380)) - s1@group-0448FFF281AD-SegmentedRaftLogWorker: Starting segment from index:0
2019-09-26 13:12:45,803 INFO  impl.RaftServerImpl (ServerState.java:setRaftConf(355)) - s1@group-0448FFF281AD: set configuration 0: [s0:0.0.0.0:38978, s1:0.0.0.0:46247, s2:0.0.0.0:41658], old=null at 0
2019-09-26 13:12:45,803 INFO  impl.RaftServerImpl (ServerState.java:setLeader(254)) - s2@group-0448FFF281AD: change Leader from null to s1 at term 1 for appendEntries, leader elected after 254ms
2019-09-26 13:12:45,803 INFO  impl.RaftServerImpl (ServerState.java:setLeader(254)) - s0@group-0448FFF281AD: change Leader from null to s1 at term 1 for appendEntries, leader elected after 254ms
2019-09-26 13:12:45,809 DEBUG impl.RaftServerImpl (RaftServerImpl.java:logAppendEntries(850)) - s2@group-0448FFF281AD: receive appendEntries(s1, 1, null, -1, false, commits[s1:c-1, s0:c-1, s2:c-1], entries: (t:1, i:0), CONFIGURATIONENTRY
2019-09-26 13:12:45,809 DEBUG impl.RaftServerImpl (RaftServerImpl.java:logAppendEntries(850)) - s0@group-0448FFF281AD: receive appendEntries(s1, 1, null, -1, false, commits[s1:c-1, s0:c-1, s2:c-1], entries: (t:1, i:0), CONFIGURATIONENTRY
2019-09-26 13:12:45,809 INFO  impl.RaftServerImpl (ServerState.java:setRaftConf(355)) - s2@group-0448FFF281AD: set configuration 0: [s0:0.0.0.0:38978, s1:0.0.0.0:46247, s2:0.0.0.0:41658], old=null at 0
2019-09-26 13:12:45,810 INFO  impl.RaftServerImpl (ServerState.java:setRaftConf(355)) - s0@group-0448FFF281AD: set configuration 0: [s0:0.0.0.0:38978, s1:0.0.0.0:46247, s2:0.0.0.0:41658], old=null at 0
2019-09-26 13:12:45,810 INFO  segmented.SegmentedRaftLogWorker (SegmentedRaftLogWorker.java:startLogSegment(380)) - s2@group-0448FFF281AD-SegmentedRaftLogWorker: Starting segment from index:0
2019-09-26 13:12:45,810 INFO  segmented.SegmentedRaftLogWorker (SegmentedRaftLogWorker.java:startLogSegment(380)) - s0@group-0448FFF281AD-SegmentedRaftLogWorker: Starting segment from index:0
2019-09-26 13:12:45,969 INFO  segmented.SegmentedRaftLogWorker (SegmentedRaftLogWorker.java:execute(569)) - s1@group-0448FFF281AD-SegmentedRaftLogWorker: created new log segment /workdir/ratis-test/target/test/data/3c013135/MiniRaftClusterWithNettya2297eb7/s1/48f57b70-be0f-4f11-8c74-0448fff281ad/current/log_inprogress_0
2019-09-26 13:12:45,969 INFO  segmented.SegmentedRaftLogWorker (SegmentedRaftLogWorker.java:execute(569)) - s2@group-0448FFF281AD-SegmentedRaftLogWorker: created new log segment /workdir/ratis-test/target/test/data/3c013135/MiniRaftClusterWithNettya2297eb7/s2/48f57b70-be0f-4f11-8c74-0448fff281ad/current/log_inprogress_0
2019-09-26 13:12:45,969 INFO  segmented.SegmentedRaftLogWorker (SegmentedRaftLogWorker.java:execute(569)) - s0@group-0448FFF281AD-SegmentedRaftLogWorker: created new log segment /workdir/ratis-test/target/test/data/3c013135/MiniRaftClusterWithNettya2297eb7/s0/48f57b70-be0f-4f11-8c74-0448fff281ad/current/log_inprogress_0
2019-09-26 13:12:45,982 DEBUG impl.RaftServerImpl (RaftServerImpl.java:logAppendEntries(850)) - s0@group-0448FFF281AD: succeeded to handle AppendEntries. Reply: s1<-s0#0:OK,SUCCESS,nextIndex:1,term:1,followerCommit:-1
2019-09-26 13:12:45,982 DEBUG impl.RaftServerImpl (RaftServerImpl.java:logAppendEntries(850)) - s2@group-0448FFF281AD: succeeded to handle AppendEntries. Reply: s1<-s2#0:OK,SUCCESS,nextIndex:1,term:1,followerCommit:-1
2019-09-26 13:12:46,026 INFO  ratis.RaftTestUtil (RaftTestUtil.java:waitForLeader(101)) - printing ALL groups
  s0:  RUNNING  FOLLOWER s0@group-0448FFF281AD:t1, leader=s1, voted=s1, raftlog=s0@group-0448FFF281AD-SegmentedRaftLog:OPENED:c-1,f0,i0, conf=0: [s0:0.0.0.0:38978, s1:0.0.0.0:46247, s2:0.0.0.0:41658], old=null RUNNING
  s1:  RUNNING    LEADER s1@group-0448FFF281AD:t1, leader=s1, voted=s1, raftlog=s1@group-0448FFF281AD-SegmentedRaftLog:OPENED:c0,f0,i0, conf=0: [s0:0.0.0.0:38978, s1:0.0.0.0:46247, s2:0.0.0.0:41658], old=null RUNNING
  s2:  RUNNING  FOLLOWER s2@group-0448FFF281AD:t1, leader=s1, voted=s1, raftlog=s2@group-0448FFF281AD-SegmentedRaftLog:OPENED:c-1,f0,i0, conf=0: [s0:0.0.0.0:38978, s1:0.0.0.0:46247, s2:0.0.0.0:41658], old=null RUNNING
2019-09-26 13:12:46,030 INFO  logging.LoggingHandler (AbstractInternalLogger.java:log(150)) - [id: 0xc5302367, L:/0.0.0.0:46247] READ: [id: 0xa8daaf0b, L:/192.168.164.227:46247 - R:/192.168.164.227:36400]
2019-09-26 13:12:46,030 INFO  logging.LoggingHandler (AbstractInternalLogger.java:log(150)) - [id: 0xc5302367, L:/0.0.0.0:46247] READ COMPLETE
2019-09-26 13:12:46,031 DEBUG impl.RaftServerImpl (RaftServerImpl.java:submitClientRequestAsync(533)) - s1@group-0448FFF281AD: receive client request(RaftClientRequest:client-DBB30427F67F->s1@group-0448FFF281AD, cid=29, seq=0, RW, Message:6d30)
2019-09-26 13:12:46,032 DEBUG impl.RaftServerImpl (LeaderState.java:addPendingRequest(317)) - s1@group-0448FFF281AD-LeaderState: addPendingRequest at RaftClientRequest:client-DBB30427F67F->s1@group-0448FFF281AD, cid=29, seq=0, RW, Message:6d30, entry=(t:1, i:1), STATEMACHINELOGENTRY, client-DBB30427F67F, cid=29
2019-09-26 13:12:46,033 DEBUG impl.RaftServerImpl (RaftServerImpl.java:logAppendEntries(850)) - s2@group-0448FFF281AD: receive appendEntries(s1, 1, (t:1, i:0), 0, false, commits[s1:c0, s0:c-1, s2:c-1], entries: (t:1, i:1), STATEMACHINELOGENTRY, client-DBB30427F67F, cid=29
2019-09-26 13:12:46,033 DEBUG impl.RaftServerImpl (RaftServerImpl.java:logAppendEntries(850)) - s0@group-0448FFF281AD: receive appendEntries(s1, 1, (t:1, i:0), 0, false, commits[s1:c0, s0:c-1, s2:c-1], entries: (t:1, i:1), STATEMACHINELOGENTRY, client-DBB30427F67F, cid=29
2019-09-26 13:12:46,045 DEBUG impl.RaftServerImpl (RaftServerImpl.java:logAppendEntries(850)) - s2@group-0448FFF281AD: succeeded to handle AppendEntries. Reply: s1<-s2#0:OK,SUCCESS,nextIndex:2,term:1,followerCommit:0
2019-09-26 13:12:46,045 DEBUG impl.RaftServerImpl (RaftServerImpl.java:logAppendEntries(850)) - s0@group-0448FFF281AD: succeeded to handle AppendEntries. Reply: s1<-s0#0:OK,SUCCESS,nextIndex:2,term:1,followerCommit:0
2019-09-26 13:12:46,046 DEBUG impl.RaftServerImpl (RaftServerImpl.java:logAppendEntries(850)) - s2@group-0448FFF281AD: receive appendEntries(s1, 1, (t:1, i:1), 1, false, commits[s1:c1, s0:c0, s2:c0], entries: (t:1, i:2), METADATAENTRY(c1)
2019-09-26 13:12:46,046 DEBUG impl.RaftServerImpl (RaftServerImpl.java:logAppendEntries(850)) - s0@group-0448FFF281AD: receive appendEntries(s1, 1, (t:1, i:1), 1, false, commits[s1:c1, s0:c0, s2:c0], entries: (t:1, i:2), METADATAENTRY(c1)
2019-09-26 13:12:46,047 DEBUG impl.RaftServerImpl (RaftServerImpl.java:submitClientRequestAsync(533)) - s1@group-0448FFF281AD: receive client request(RaftClientRequest:client-DBB30427F67F->s1@group-0448FFF281AD, cid=30, seq=0, RW, Message:6d31)
2019-09-26 13:12:46,048 DEBUG impl.RaftServerImpl (LeaderState.java:addPendingRequest(317)) - s1@group-0448FFF281AD-LeaderState: addPendingRequest at RaftClientRequest:client-DBB30427F67F->s1@group-0448FFF281AD, cid=30, seq=0, RW, Message:6d31, entry=(t:1, i:3), STATEMACHINELOGENTRY, client-DBB30427F67F, cid=30
2019-09-26 13:12:46,058 DEBUG impl.RaftServerImpl (RaftServerImpl.java:logAppendEntries(850)) - s2@group-0448FFF281AD: succeeded to handle AppendEntries. Reply: s1<-s2#0:OK,SUCCESS,nextIndex:3,term:1,followerCommit:1
2019-09-26 13:12:46,058 DEBUG impl.RaftServerImpl (RaftServerImpl.java:logAppendEntries(850)) - s0@group-0448FFF281AD: succeeded to handle AppendEntries. Reply: s1<-s0#0:OK,SUCCESS,nextIndex:3,term:1,followerCommit:1
2019-09-26 13:12:46,059 DEBUG impl.RaftServerImpl (RaftServerImpl.java:logAppendEntries(850)) - s2@group-0448FFF281AD: receive appendEntries(s1, 1, (t:1, i:2), 2, false, commits[s1:c2, s0:c1, s2:c1], entries: (t:1, i:3), STATEMACHINELOGENTRY, client-DBB30427F67F, cid=30
2019-09-26 13:12:46,059 DEBUG impl.RaftServerImpl (RaftServerImpl.java:logAppendEntries(850)) - s0@group-0448FFF281AD: receive appendEntries(s1, 1, (t:1, i:2), 2, false, commits[s1:c2, s0:c1, s2:c1], entries: (t:1, i:3), STATEMACHINELOGENTRY, client-DBB30427F67F, cid=30
2019-09-26 13:12:46,070 DEBUG impl.RaftServerImpl (RaftServerImpl.java:logAppendEntries(850)) - s2@group-0448FFF281AD: succeeded to handle AppendEntries. Reply: s1<-s2#0:OK,SUCCESS,nextIndex:4,term:1,followerCommit:2
2019-09-26 13:12:46,071 DEBUG impl.RaftServerImpl (RaftServerImpl.java:logAppendEntries(850)) - s0@group-0448FFF281AD: succeeded to handle AppendEntries. Reply: s1<-s0#0:OK,SUCCESS,nextIndex:4,term:1,followerCommit:2
2019-09-26 13:12:46,072 DEBUG impl.RaftServerImpl (RaftServerImpl.java:logAppendEntries(850)) - s2@group-0448FFF281AD: receive appendEntries(s1, 1, (t:1, i:3), 3, false, commits[s1:c3, s0:c1, s2:c2], entries: (t:1, i:4), METADATAENTRY(c3)
2019-09-26 13:12:46,072 DEBUG impl.RaftServerImpl (RaftServerImpl.java:logAppendEntries(850)) - s0@group-0448FFF281AD: receive appendEntries(s1, 1, (t:1, i:3), 3, false, commits[s1:c3, s0:c2, s2:c2], entries: (t:1, i:4), METADATAENTRY(c3)
2019-09-26 13:12:46,072 DEBUG impl.RaftServerImpl (RaftServerImpl.java:submitClientRequestAsync(533)) - s1@group-0448FFF281AD: receive client request(RaftClientRequest:client-DBB30427F67F->s1@group-0448FFF281AD, cid=31, seq=0, RW, Message:6d32)
2019-09-26 13:12:46,073 DEBUG impl.RaftServerImpl (LeaderState.java:addPendingRequest(317)) - s1@group-0448FFF281AD-LeaderState: addPendingRequest at RaftClientRequest:client-DBB30427F67F->s1@group-0448FFF281AD, cid=31, seq=0, RW, Message:6d32, entry=(t:1, i:5), STATEMACHINELOGENTRY, client-DBB30427F67F, cid=31
2019-09-26 13:12:46,083 DEBUG impl.RaftServerImpl (RaftServerImpl.java:logAppendEntries(850)) - s2@group-0448FFF281AD: succeeded to handle AppendEntries. Reply: s1<-s2#0:OK,SUCCESS,nextIndex:5,term:1,followerCommit:3
2019-09-26 13:12:46,083 DEBUG impl.RaftServerImpl (RaftServerImpl.java:logAppendEntries(850)) - s0@group-0448FFF281AD: succeeded to handle AppendEntries. Reply: s1<-s0#0:OK,SUCCESS,nextIndex:5,term:1,followerCommit:3
2019-09-26 13:12:46,086 DEBUG impl.RaftServerImpl (RaftServerImpl.java:logAppendEntries(850)) - s0@group-0448FFF281AD: receive appendEntries(s1, 1, (t:1, i:4), 4, false, commits[s1:c4, s0:c3, s2:c3], entries: (t:1, i:5), STATEMACHINELOGENTRY, client-DBB30427F67F, cid=31
2019-09-26 13:12:46,086 DEBUG impl.RaftServerImpl (RaftServerImpl.java:logAppendEntries(850)) - s2@group-0448FFF281AD: receive appendEntries(s1, 1, (t:1, i:4), 3, false, commits[s1:c3, s0:c2, s2:c3], entries: (t:1, i:5), STATEMACHINELOGENTRY, client-DBB30427F67F, cid=31
2019-09-26 13:12:46,097 DEBUG impl.RaftServerImpl (RaftServerImpl.java:logAppendEntries(850)) - s0@group-0448FFF281AD: succeeded to handle AppendEntries. Reply: s1<-s0#0:OK,SUCCESS,nextIndex:6,term:1,followerCommit:4
2019-09-26 13:12:46,099 DEBUG impl.RaftServerImpl (RaftServerImpl.java:logAppendEntries(850)) - s2@group-0448FFF281AD: succeeded to handle AppendEntries. Reply: s1<-s2#0:OK,SUCCESS,nextIndex:6,term:1,followerCommit:3
2019-09-26 13:12:46,099 DEBUG impl.RaftServerImpl (RaftServerImpl.java:logAppendEntries(850)) - s0@group-0448FFF281AD: receive appendEntries(s1, 1, (t:1, i:5), 5, false, commits[s1:c5, s0:c4, s2:c3], entries: (t:1, i:6), METADATAENTRY(c5)
2019-09-26 13:12:46,100 DEBUG impl.RaftServerImpl (RaftServerImpl.java:logAppendEntries(850)) - s2@group-0448FFF281AD: receive appendEntries(s1, 1, (t:1, i:5), 5, false, commits[s1:c5, s0:c4, s2:c3], entries: (t:1, i:6), METADATAENTRY(c5)
2019-09-26 13:12:46,100 DEBUG impl.RaftServerImpl (RaftServerImpl.java:submitClientRequestAsync(533)) - s1@group-0448FFF281AD: receive client request(RaftClientRequest:client-DBB30427F67F->s1@group-0448FFF281AD, cid=32, seq=0, RW, Message:6d33)
2019-09-26 13:12:46,101 DEBUG impl.RaftServerImpl (LeaderState.java:addPendingRequest(317)) - s1@group-0448FFF281AD-LeaderState: addPendingRequest at RaftClientRequest:client-DBB30427F67F->s1@group-0448FFF281AD, cid=32, seq=0, RW, Message:6d33, entry=(t:1, i:7), STATEMACHINELOGENTRY, client-DBB30427F67F, cid=32
2019-09-26 13:12:46,111 DEBUG impl.RaftServerImpl (RaftServerImpl.java:logAppendEntries(850)) - s2@group-0448FFF281AD: succeeded to handle AppendEntries. Reply: s1<-s2#0:OK,SUCCESS,nextIndex:7,term:1,followerCommit:5
2019-09-26 13:12:46,111 DEBUG impl.RaftServerImpl (RaftServerImpl.java:logAppendEntries(850)) - s0@group-0448FFF281AD: succeeded to handle AppendEntries. Reply: s1<-s0#0:OK,SUCCESS,nextIndex:7,term:1,followerCommit:5
2019-09-26 13:12:46,112 DEBUG impl.RaftServerImpl (RaftServerImpl.java:logAppendEntries(850)) - s2@group-0448FFF281AD: receive appendEntries(s1, 1, (t:1, i:6), 5, false, commits[s1:c5, s0:c4, s2:c5], entries: (t:1, i:7), STATEMACHINELOGENTRY, client-DBB30427F67F, cid=32
2019-09-26 13:12:46,112 DEBUG impl.RaftServerImpl (RaftServerImpl.java:logAppendEntries(850)) - s0@group-0448FFF281AD: receive appendEntries(s1, 1, (t:1, i:6), 6, false, commits[s1:c6, s0:c5, s2:c5], entries: (t:1, i:7), STATEMACHINELOGENTRY, client-DBB30427F67F, cid=32
2019-09-26 13:12:46,123 DEBUG impl.RaftServerImpl (RaftServerImpl.java:logAppendEntries(850)) - s2@group-0448FFF281AD: succeeded to handle AppendEntries. Reply: s1<-s2#0:OK,SUCCESS,nextIndex:8,term:1,followerCommit:5
2019-09-26 13:12:46,124 DEBUG impl.RaftServerImpl (RaftServerImpl.java:logAppendEntries(850)) - s0@group-0448FFF281AD: succeeded to handle AppendEntries. Reply: s1<-s0#0:OK,SUCCESS,nextIndex:8,term:1,followerCommit:6
2019-09-26 13:12:46,124 DEBUG impl.RaftServerImpl (RaftServerImpl.java:logAppendEntries(850)) - s2@group-0448FFF281AD: receive appendEntries(s1, 1, (t:1, i:7), 7, false, commits[s1:c7, s0:c5, s2:c5], entries: (t:1, i:8), METADATAENTRY(c7)
2019-09-26 13:12:46,125 DEBUG impl.RaftServerImpl (RaftServerImpl.java:logAppendEntries(850)) - s0@group-0448FFF281AD: receive appendEntries(s1, 1, (t:1, i:7), 7, false, commits[s1:c7, s0:c6, s2:c5], entries: (t:1, i:8), METADATAENTRY(c7)
2019-09-26 13:12:46,125 DEBUG impl.RaftServerImpl (RaftServerImpl.java:submitClientRequestAsync(533)) - s1@group-0448FFF281AD: receive client request(RaftClientRequest:client-DBB30427F67F->s1@group-0448FFF281AD, cid=33, seq=0, RW, Message:6d34)
2019-09-26 13:12:46,125 DEBUG impl.RaftServerImpl (LeaderState.java:addPendingRequest(317)) - s1@group-0448FFF281AD-LeaderState: addPendingRequest at RaftClientRequest:client-DBB30427F67F->s1@group-0448FFF281AD, cid=33, seq=0, RW, Message:6d34, entry=(t:1, i:9), STATEMACHINELOGENTRY, client-DBB30427F67F, cid=33
2019-09-26 13:12:46,136 DEBUG impl.RaftServerImpl (RaftServerImpl.java:logAppendEntries(850)) - s2@group-0448FFF281AD: succeeded to handle AppendEntries. Reply: s1<-s2#0:OK,SUCCESS,nextIndex:9,term:1,followerCommit:7
2019-09-26 13:12:46,136 DEBUG impl.RaftServerImpl (RaftServerImpl.java:logAppendEntries(850)) - s0@group-0448FFF281AD: succeeded to handle AppendEntries. Reply: s1<-s0#0:OK,SUCCESS,nextIndex:9,term:1,followerCommit:7
2019-09-26 13:12:46,136 DEBUG impl.RaftServerImpl (RaftServerImpl.java:logAppendEntries(850)) - s2@group-0448FFF281AD: receive appendEntries(s1, 1, (t:1, i:8), 8, false, commits[s1:c8, s0:c6, s2:c7], entries: (t:1, i:9), STATEMACHINELOGENTRY, client-DBB30427F67F, cid=33
2019-09-26 13:12:46,137 DEBUG impl.RaftServerImpl (RaftServerImpl.java:logAppendEntries(850)) - s0@group-0448FFF281AD: receive appendEntries(s1, 1, (t:1, i:8), 8, false, commits[s1:c8, s0:c7, s2:c7], entries: (t:1, i:9), STATEMACHINELOGENTRY, client-DBB30427F67F, cid=33
2019-09-26 13:12:46,148 DEBUG impl.RaftServerImpl (RaftServerImpl.java:logAppendEntries(850)) - s2@group-0448FFF281AD: succeeded to handle AppendEntries. Reply: s1<-s2#0:OK,SUCCESS,nextIndex:10,term:1,followerCommit:8
2019-09-26 13:12:46,148 DEBUG impl.RaftServerImpl (RaftServerImpl.java:logAppendEntries(850)) - s0@group-0448FFF281AD: succeeded to handle AppendEntries. Reply: s1<-s0#0:OK,SUCCESS,nextIndex:10,term:1,followerCommit:8
2019-09-26 13:12:46,149 DEBUG impl.RaftServerImpl (RaftServerImpl.java:logAppendEntries(850)) - s2@group-0448FFF281AD: receive appendEntries(s1, 1, (t:1, i:9), 9, false, commits[s1:c9, s0:c7, s2:c8], entries: (t:1, i:10), METADATAENTRY(c9)
2019-09-26 13:12:46,149 DEBUG impl.RaftServerImpl (RaftServerImpl.java:logAppendEntries(850)) - s0@group-0448FFF281AD: receive appendEntries(s1, 1, (t:1, i:9), 9, false, commits[s1:c9, s0:c8, s2:c8], entries: (t:1, i:10), METADATAENTRY(c9)
2019-09-26 13:12:46,149 DEBUG impl.RaftServerImpl (RaftServerImpl.java:submitClientRequestAsync(533)) - s1@group-0448FFF281AD: receive client request(RaftClientRequest:client-DBB30427F67F->s1@group-0448FFF281AD, cid=34, seq=0, RW, Message:6d35)
2019-09-26 13:12:46,150 DEBUG impl.RaftServerImpl (LeaderState.java:addPendingRequest(317)) - s1@group-0448FFF281AD-LeaderState: addPendingRequest at RaftClientRequest:client-DBB30427F67F->s1@group-0448FFF281AD, cid=34, seq=0, RW, Message:6d35, entry=(t:1, i:11), STATEMACHINELOGENTRY, client-DBB30427F67F, cid=34
2019-09-26 13:12:46,160 DEBUG impl.RaftServerImpl (RaftServerImpl.java:logAppendEntries(850)) - s2@group-0448FFF281AD: succeeded to handle AppendEntries. Reply: s1<-s2#0:OK,SUCCESS,nextIndex:11,term:1,followerCommit:9
2019-09-26 13:12:46,160 DEBUG impl.RaftServerImpl (RaftServerImpl.java:logAppendEntries(850)) - s0@group-0448FFF281AD: succeeded to handle AppendEntries. Reply: s1<-s0#0:OK,SUCCESS,nextIndex:11,term:1,followerCommit:9
2019-09-26 13:12:46,161 DEBUG impl.RaftServerImpl (RaftServerImpl.java:logAppendEntries(850)) - s2@group-0448FFF281AD: receive appendEntries(s1, 1, (t:1, i:10), 9, false, commits[s1:c9, s0:c8, s2:c9], entries: (t:1, i:11), STATEMACHINELOGENTRY, client-DBB30427F67F, cid=34
2019-09-26 13:12:46,161 DEBUG impl.RaftServerImpl (RaftServerImpl.java:logAppendEntries(850)) - s0@group-0448FFF281AD: receive appendEntries(s1, 1, (t:1, i:10), 10, false, commits[s1:c10, s0:c9, s2:c9], entries: (t:1, i:11), STATEMACHINELOGENTRY, client-DBB30427F67F, cid=34
2019-09-26 13:12:46,171 DEBUG impl.RaftServerImpl (RaftServerImpl.java:logAppendEntries(850)) - s2@group-0448FFF281AD: succeeded to handle AppendEntries. Reply: s1<-s2#0:OK,SUCCESS,nextIndex:12,term:1,followerCommit:9
2019-09-26 13:12:46,172 DEBUG impl.RaftServerImpl (RaftServerImpl.java:logAppendEntries(850)) - s0@group-0448FFF281AD: succeeded to handle AppendEntries. Reply: s1<-s0#0:OK,SUCCESS,nextIndex:12,term:1,followerCommit:10
2019-09-26 13:12:46,172 DEBUG impl.RaftServerImpl (RaftServerImpl.java:logAppendEntries(850)) - s2@group-0448FFF281AD: receive appendEntries(s1, 1, (t:1, i:11), 11, false, commits[s1:c11, s0:c9, s2:c9], entries: (t:1, i:12), METADATAENTRY(c11)
2019-09-26 13:12:46,172 DEBUG impl.RaftServerImpl (RaftServerImpl.java:logAppendEntries(850)) - s0@group-0448FFF281AD: receive appendEntries(s1, 1, (t:1, i:11), 11, false, commits[s1:c11, s0:c10, s2:c9], entries: (t:1, i:12), METADATAENTRY(c11)
2019-09-26 13:12:46,172 DEBUG impl.RaftServerImpl (RaftServerImpl.java:submitClientRequestAsync(533)) - s1@group-0448FFF281AD: receive client request(RaftClientRequest:client-DBB30427F67F->s1@group-0448FFF281AD, cid=35, seq=0, RW, Message:6d36)
2019-09-26 13:12:46,173 DEBUG impl.RaftServerImpl (LeaderState.java:addPendingRequest(317)) - s1@group-0448FFF281AD-LeaderState: addPendingRequest at RaftClientRequest:client-DBB30427F67F->s1@group-0448FFF281AD, cid=35, seq=0, RW, Message:6d36, entry=(t:1, i:13), STATEMACHINELOGENTRY, client-DBB30427F67F, cid=35
2019-09-26 13:12:46,182 DEBUG impl.RaftServerImpl (RaftServerImpl.java:logAppendEntries(850)) - s2@group-0448FFF281AD: succeeded to handle AppendEntries. Reply: s1<-s2#0:OK,SUCCESS,nextIndex:13,term:1,followerCommit:11
2019-09-26 13:12:46,182 DEBUG impl.RaftServerImpl (RaftServerImpl.java:logAppendEntries(850)) - s0@group-0448FFF281AD: succeeded to handle AppendEntries. Reply: s1<-s0#0:OK,SUCCESS,nextIndex:13,term:1,followerCommit:11
2019-09-26 13:12:46,183 DEBUG impl.RaftServerImpl (RaftServerImpl.java:logAppendEntries(850)) - s2@group-0448FFF281AD: receive appendEntries(s1, 1, (t:1, i:12), 11, false, commits[s1:c11, s0:c10, s2:c11], entries: (t:1, i:13), STATEMACHINELOGENTRY, client-DBB30427F67F, cid=35
2019-09-26 13:12:46,183 DEBUG impl.RaftServerImpl (RaftServerImpl.java:logAppendEntries(850)) - s0@group-0448FFF281AD: receive appendEntries(s1, 1, (t:1, i:12), 12, false, commits[s1:c12, s0:c11, s2:c11], entries: (t:1, i:13), STATEMACHINELOGENTRY, client-DBB30427F67F, cid=35
2019-09-26 13:12:46,185 DEBUG impl.RaftServerImpl (RaftServerImpl.java:logAppendEntries(850)) - s2@group-0448FFF281AD: succeeded to handle AppendEntries. Reply: s1<-s2#0:OK,SUCCESS,nextIndex:14,term:1,followerCommit:11
2019-09-26 13:12:46,185 DEBUG impl.RaftServerImpl (RaftServerImpl.java:logAppendEntries(850)) - s0@group-0448FFF281AD: succeeded to handle AppendEntries. Reply: s1<-s0#0:OK,SUCCESS,nextIndex:14,term:1,followerCommit:12
2019-09-26 13:12:46,186 DEBUG impl.RaftServerImpl (RaftServerImpl.java:logAppendEntries(850)) - s2@group-0448FFF281AD: receive appendEntries(s1, 1, (t:1, i:13), 13, false, commits[s1:c13, s0:c11, s2:c11], entries: (t:1, i:14), METADATAENTRY(c13)
2019-09-26 13:12:46,186 DEBUG impl.RaftServerImpl (RaftServerImpl.java:logAppendEntries(850)) - s0@group-0448FFF281AD: receive appendEntries(s1, 1, (t:1, i:13), 13, false, commits[s1:c13, s0:c12, s2:c11], entries: (t:1, i:14), METADATAENTRY(c13)
2019-09-26 13:12:46,186 DEBUG impl.RaftServerImpl (RaftServerImpl.java:submitClientRequestAsync(533)) - s1@group-0448FFF281AD: receive client request(RaftClientRequest:client-DBB30427F67F->s1@group-0448FFF281AD, cid=36, seq=0, RW, Message:6d37)
2019-09-26 13:12:46,187 DEBUG impl.RaftServerImpl (LeaderState.java:addPendingRequest(317)) - s1@group-0448FFF281AD-LeaderState: addPendingRequest at RaftClientRequest:client-DBB30427F67F->s1@group-0448FFF281AD, cid=36, seq=0, RW, Message:6d37, entry=(t:1, i:15), STATEMACHINELOGENTRY, client-DBB30427F67F, cid=36
2019-09-26 13:12:46,196 DEBUG impl.RaftServerImpl (RaftServerImpl.java:logAppendEntries(850)) - s2@group-0448FFF281AD: succeeded to handle AppendEntries. Reply: s1<-s2#0:OK,SUCCESS,nextIndex:15,term:1,followerCommit:13
2019-09-26 13:12:46,196 DEBUG impl.RaftServerImpl (RaftServerImpl.java:logAppendEntries(850)) - s0@group-0448FFF281AD: succeeded to handle AppendEntries. Reply: s1<-s0#0:OK,SUCCESS,nextIndex:15,term:1,followerCommit:13
2019-09-26 13:12:46,197 DEBUG impl.RaftServerImpl (RaftServerImpl.java:logAppendEntries(850)) - s2@group-0448FFF281AD: receive appendEntries(s1, 1, (t:1, i:14), 13, false, commits[s1:c13, s0:c12, s2:c13], entries: (t:1, i:15), STATEMACHINELOGENTRY, client-DBB30427F67F, cid=36
2019-09-26 13:12:46,197 DEBUG impl.RaftServerImpl (RaftServerImpl.java:logAppendEntries(850)) - s0@group-0448FFF281AD: receive appendEntries(s1, 1, (t:1, i:14), 14, false, commits[s1:c14, s0:c13, s2:c13], entries: (t:1, i:15), STATEMACHINELOGENTRY, client-DBB30427F67F, cid=36
2019-09-26 13:12:46,206 DEBUG impl.RaftServerImpl (RaftServerImpl.java:logAppendEntries(850)) - s2@group-0448FFF281AD: succeeded to handle AppendEntries. Reply: s1<-s2#0:OK,SUCCESS,nextIndex:16,term:1,followerCommit:13
2019-09-26 13:12:46,207 DEBUG impl.RaftServerImpl (RaftServerImpl.java:logAppendEntries(850)) - s0@group-0448FFF281AD: succeeded to handle AppendEntries. Reply: s1<-s0#0:OK,SUCCESS,nextIndex:16,term:1,followerCommit:14
2019-09-26 13:12:46,207 DEBUG impl.RaftServerImpl (RaftServerImpl.java:logAppendEntries(850)) - s2@group-0448FFF281AD: receive appendEntries(s1, 1, (t:1, i:15), 15, false, commits[s1:c15, s0:c13, s2:c13], entries: (t:1, i:16), METADATAENTRY(c15)
2019-09-26 13:12:46,208 DEBUG impl.RaftServerImpl (RaftServerImpl.java:submitClientRequestAsync(533)) - s1@group-0448FFF281AD: receive client request(RaftClientRequest:client-DBB30427F67F->s1@group-0448FFF281AD, cid=37, seq=0, RW, Message:6d38)
2019-09-26 13:12:46,208 DEBUG impl.RaftServerImpl (RaftServerImpl.java:logAppendEntries(850)) - s0@group-0448FFF281AD: receive appendEntries(s1, 1, (t:1, i:15), 15, false, commits[s1:c15, s0:c14, s2:c13], entries: (t:1, i:16), METADATAENTRY(c15)
2019-09-26 13:12:46,208 DEBUG impl.RaftServerImpl (LeaderState.java:addPendingRequest(317)) - s1@group-0448FFF281AD-LeaderState: addPendingRequest at RaftClientRequest:client-DBB30427F67F->s1@group-0448FFF281AD, cid=37, seq=0, RW, Message:6d38, entry=(t:1, i:17), STATEMACHINELOGENTRY, client-DBB30427F67F, cid=37
2019-09-26 13:12:46,217 DEBUG impl.RaftServerImpl (RaftServerImpl.java:logAppendEntries(850)) - s2@group-0448FFF281AD: succeeded to handle AppendEntries. Reply: s1<-s2#0:OK,SUCCESS,nextIndex:17,term:1,followerCommit:15
2019-09-26 13:12:46,217 DEBUG impl.RaftServerImpl (RaftServerImpl.java:logAppendEntries(850)) - s0@group-0448FFF281AD: succeeded to handle AppendEntries. Reply: s1<-s0#0:OK,SUCCESS,nextIndex:17,term:1,followerCommit:15
2019-09-26 13:12:46,218 DEBUG impl.RaftServerImpl (RaftServerImpl.java:logAppendEntries(850)) - s2@group-0448FFF281AD: receive appendEntries(s1, 1, (t:1, i:16), 15, false, commits[s1:c15, s0:c14, s2:c15], entries: (t:1, i:17), STATEMACHINELOGENTRY, client-DBB30427F67F, cid=37
2019-09-26 13:12:46,218 DEBUG impl.RaftServerImpl (RaftServerImpl.java:logAppendEntries(850)) - s0@group-0448FFF281AD: receive appendEntries(s1, 1, (t:1, i:16), 16, false, commits[s1:c16, s0:c15, s2:c15], entries: (t:1, i:17), STATEMACHINELOGENTRY, client-DBB30427F67F, cid=37
2019-09-26 13:12:46,228 DEBUG impl.RaftServerImpl (RaftServerImpl.java:logAppendEntries(850)) - s2@group-0448FFF281AD: succeeded to handle AppendEntries. Reply: s1<-s2#0:OK,SUCCESS,nextIndex:18,term:1,followerCommit:15
2019-09-26 13:12:46,229 DEBUG impl.RaftServerImpl (RaftServerImpl.java:logAppendEntries(850)) - s0@group-0448FFF281AD: succeeded to handle AppendEntries. Reply: s1<-s0#0:OK,SUCCESS,nextIndex:18,term:1,followerCommit:16
2019-09-26 13:12:46,229 DEBUG impl.RaftServerImpl (RaftServerImpl.java:logAppendEntries(850)) - s2@group-0448FFF281AD: receive appendEntries(s1, 1, (t:1, i:17), 17, false, commits[s1:c17, s0:c15, s2:c15], entries: (t:1, i:18), METADATAENTRY(c17)
2019-09-26 13:12:46,229 DEBUG impl.RaftServerImpl (RaftServerImpl.java:submitClientRequestAsync(533)) - s1@group-0448FFF281AD: receive client request(RaftClientRequest:client-DBB30427F67F->s1@group-0448FFF281AD, cid=38, seq=0, RW, Message:6d39)
2019-09-26 13:12:46,230 DEBUG impl.RaftServerImpl (RaftServerImpl.java:logAppendEntries(850)) - s0@group-0448FFF281AD: receive appendEntries(s1, 1, (t:1, i:17), 17, false, commits[s1:c17, s0:c16, s2:c15], entries: (t:1, i:18), METADATAENTRY(c17)
2019-09-26 13:12:46,230 DEBUG impl.RaftServerImpl (LeaderState.java:addPendingRequest(317)) - s1@group-0448FFF281AD-LeaderState: addPendingRequest at RaftClientRequest:client-DBB30427F67F->s1@group-0448FFF281AD, cid=38, seq=0, RW, Message:6d39, entry=(t:1, i:19), STATEMACHINELOGENTRY, client-DBB30427F67F, cid=38
2019-09-26 13:12:46,239 DEBUG impl.RaftServerImpl (RaftServerImpl.java:logAppendEntries(850)) - s2@group-0448FFF281AD: succeeded to handle AppendEntries. Reply: s1<-s2#0:OK,SUCCESS,nextIndex:19,term:1,followerCommit:17
2019-09-26 13:12:46,240 DEBUG impl.RaftServerImpl (RaftServerImpl.java:logAppendEntries(850)) - s2@group-0448FFF281AD: receive appendEntries(s1, 1, (t:1, i:18), 17, false, commits[s1:c17, s0:c16, s2:c17], entries: (t:1, i:19), STATEMACHINELOGENTRY, client-DBB30427F67F, cid=38
2019-09-26 13:12:46,240 DEBUG impl.RaftServerImpl (RaftServerImpl.java:logAppendEntries(850)) - s0@group-0448FFF281AD: succeeded to handle AppendEntries. Reply: s1<-s0#0:OK,SUCCESS,nextIndex:19,term:1,followerCommit:17
2019-09-26 13:12:46,241 DEBUG impl.RaftServerImpl (RaftServerImpl.java:logAppendEntries(850)) - s0@group-0448FFF281AD: receive appendEntries(s1, 1, (t:1, i:18), 18, false, commits[s1:c18, s0:c17, s2:c17], entries: (t:1, i:19), STATEMACHINELOGENTRY, client-DBB30427F67F, cid=38
2019-09-26 13:12:46,242 DEBUG impl.RaftServerImpl (RaftServerImpl.java:logAppendEntries(850)) - s2@group-0448FFF281AD: succeeded to handle AppendEntries. Reply: s1<-s2#0:OK,SUCCESS,nextIndex:20,term:1,followerCommit:17
2019-09-26 13:12:46,242 DEBUG impl.RaftServerImpl (RaftServerImpl.java:logAppendEntries(850)) - s0@group-0448FFF281AD: succeeded to handle AppendEntries. Reply: s1<-s0#0:OK,SUCCESS,nextIndex:20,term:1,followerCommit:18
2019-09-26 13:12:46,243 DEBUG impl.RaftServerImpl (RaftServerImpl.java:logAppendEntries(850)) - s2@group-0448FFF281AD: receive appendEntries(s1, 1, (t:1, i:19), 19, false, commits[s1:c19, s0:c17, s2:c17], entries: (t:1, i:20), METADATAENTRY(c19)
2019-09-26 13:12:46,243 DEBUG impl.RaftServerImpl (RaftServerImpl.java:submitClientRequestAsync(533)) - s1@group-0448FFF281AD: receive client request(RaftClientRequest:client-DBB30427F67F->s1@group-0448FFF281AD, cid=39, seq=0, RW, Message:6d3130)
2019-09-26 13:12:46,243 DEBUG impl.RaftServerImpl (RaftServerImpl.java:logAppendEntries(850)) - s0@group-0448FFF281AD: receive appendEntries(s1, 1, (t:1, i:19), 19, false, commits[s1:c19, s0:c18, s2:c17], entries: (t:1, i:20), METADATAENTRY(c19)
2019-09-26 13:12:46,244 DEBUG impl.RaftServerImpl (LeaderState.java:addPendingRequest(317)) - s1@group-0448FFF281AD-LeaderState: addPendingRequest at RaftClientRequest:client-DBB30427F67F->s1@group-0448FFF281AD, cid=39, seq=0, RW, Message:6d3130, entry=(t:1, i:21), STATEMACHINELOGENTRY, client-DBB30427F67F, cid=39
2019-09-26 13:12:46,253 DEBUG impl.RaftServerImpl (RaftServerImpl.java:logAppendEntries(850)) - s2@group-0448FFF281AD: succeeded to handle AppendEntries. Reply: s1<-s2#0:OK,SUCCESS,nextIndex:21,term:1,followerCommit:19
2019-09-26 13:12:46,253 DEBUG impl.RaftServerImpl (RaftServerImpl.java:logAppendEntries(850)) - s0@group-0448FFF281AD: succeeded to handle AppendEntries. Reply: s1<-s0#0:OK,SUCCESS,nextIndex:21,term:1,followerCommit:19
2019-09-26 13:12:46,253 DEBUG impl.RaftServerImpl (RaftServerImpl.java:logAppendEntries(850)) - s2@group-0448FFF281AD: receive appendEntries(s1, 1, (t:1, i:20), 19, false, commits[s1:c19, s0:c18, s2:c19], entries: (t:1, i:21), STATEMACHINELOGENTRY, client-DBB30427F67F, cid=39
2019-09-26 13:12:46,253 DEBUG impl.RaftServerImpl (RaftServerImpl.java:logAppendEntries(850)) - s0@group-0448FFF281AD: receive appendEntries(s1, 1, (t:1, i:20), 20, false, commits[s1:c20, s0:c19, s2:c19], entries: (t:1, i:21), STATEMACHINELOGENTRY, client-DBB30427F67F, cid=39
2019-09-26 13:12:46,255 DEBUG impl.RaftServerImpl (RaftServerImpl.java:logAppendEntries(850)) - s2@group-0448FFF281AD: succeeded to handle AppendEntries. Reply: s1<-s2#0:OK,SUCCESS,nextIndex:22,term:1,followerCommit:19
2019-09-26 13:12:46,255 DEBUG impl.RaftServerImpl (RaftServerImpl.java:logAppendEntries(850)) - s0@group-0448FFF281AD: succeeded to handle AppendEntries. Reply: s1<-s0#0:OK,SUCCESS,nextIndex:22,term:1,followerCommit:20
2019-09-26 13:12:46,256 DEBUG impl.RaftServerImpl (RaftServerImpl.java:logAppendEntries(850)) - s2@group-0448FFF281AD: receive appendEntries(s1, 1, (t:1, i:21), 21, false, commits[s1:c21, s0:c19, s2:c19], entries: (t:1, i:22), METADATAENTRY(c21)
2019-09-26 13:12:46,256 DEBUG impl.RaftServerImpl (RaftServerImpl.java:submitClientRequestAsync(533)) - s1@group-0448FFF281AD: receive client request(RaftClientRequest:client-DBB30427F67F->s1@group-0448FFF281AD, cid=40, seq=0, RW, Message:6d3131)
2019-09-26 13:12:46,256 DEBUG impl.RaftServerImpl (RaftServerImpl.java:logAppendEntries(850)) - s0@group-0448FFF281AD: receive appendEntries(s1, 1, (t:1, i:21), 21, false, commits[s1:c21, s0:c20, s2:c19], entries: (t:1, i:22), METADATAENTRY(c21)
2019-09-26 13:12:46,257 DEBUG impl.RaftServerImpl (LeaderState.java:addPendingRequest(317)) - s1@group-0448FFF281AD-LeaderState: addPendingRequest at RaftClientRequest:client-DBB30427F67F->s1@group-0448FFF281AD, cid=40, seq=0, RW, Message:6d3131, entry=(t:1, i:23), STATEMACHINELOGENTRY, client-DBB30427F67F, cid=40
2019-09-26 13:12:46,257 DEBUG impl.RaftServerImpl (RaftServerImpl.java:logAppendEntries(850)) - s2@group-0448FFF281AD: succeeded to handle AppendEntries. Reply: s1<-s2#0:OK,SUCCESS,nextIndex:23,term:1,followerCommit:21
2019-09-26 13:12:46,258 DEBUG impl.RaftServerImpl (RaftServerImpl.java:logAppendEntries(850)) - s2@group-0448FFF281AD: receive appendEntries(s1, 1, (t:1, i:22), 21, false, commits[s1:c21, s0:c20, s2:c21], entries: (t:1, i:23), STATEMACHINELOGENTRY, client-DBB30427F67F, cid=40
2019-09-26 13:12:46,259 DEBUG impl.RaftServerImpl (RaftServerImpl.java:logAppendEntries(850)) - s0@group-0448FFF281AD: succeeded to handle AppendEntries. Reply: s1<-s0#0:OK,SUCCESS,nextIndex:23,term:1,followerCommit:21
2019-09-26 13:12:46,259 DEBUG impl.RaftServerImpl (RaftServerImpl.java:logAppendEntries(850)) - s0@group-0448FFF281AD: receive appendEntries(s1, 1, (t:1, i:22), 22, false, commits[s1:c22, s0:c21, s2:c21], entries: (t:1, i:23), STATEMACHINELOGENTRY, client-DBB30427F67F, cid=40
2019-09-26 13:12:46,260 DEBUG impl.RaftServerImpl (RaftServerImpl.java:logAppendEntries(850)) - s2@group-0448FFF281AD: succeeded to handle AppendEntries. Reply: s1<-s2#0:OK,SUCCESS,nextIndex:24,term:1,followerCommit:21
2019-09-26 13:12:46,261 DEBUG impl.RaftServerImpl (RaftServerImpl.java:logAppendEntries(850)) - s2@group-0448FFF281AD: receive appendEntries(s1, 1, (t:1, i:23), 23, false, commits[s1:c23, s0:c21, s2:c21], entries: (t:1, i:24), METADATAENTRY(c23)
2019-09-26 13:12:46,261 DEBUG impl.RaftServerImpl (RaftServerImpl.java:logAppendEntries(850)) - s0@group-0448FFF281AD: succeeded to handle AppendEntries. Reply: s1<-s0#0:OK,SUCCESS,nextIndex:24,term:1,followerCommit:22
2019-09-26 13:12:46,261 DEBUG impl.RaftServerImpl (RaftServerImpl.java:submitClientRequestAsync(533)) - s1@group-0448FFF281AD: receive client request(RaftClientRequest:client-DBB30427F67F->s1@group-0448FFF281AD, cid=41, seq=0, RW, Message:6d3132)
2019-09-26 13:12:46,262 DEBUG impl.RaftServerImpl (LeaderState.java:addPendingRequest(317)) - s1@group-0448FFF281AD-LeaderState: addPendingRequest at RaftClientRequest:client-DBB30427F67F->s1@group-0448FFF281AD, cid=41, seq=0, RW, Message:6d3132, entry=(t:1, i:25), STATEMACHINELOGENTRY, client-DBB30427F67F, cid=41
2019-09-26 13:12:46,262 DEBUG impl.RaftServerImpl (RaftServerImpl.java:logAppendEntries(850)) - s0@group-0448FFF281AD: receive appendEntries(s1, 1, (t:1, i:23), 23, false, commits[s1:c23, s0:c22, s2:c21], entries: (t:1, i:24), METADATAENTRY(c23)
2019-09-26 13:12:46,263 DEBUG impl.RaftServerImpl (RaftServerImpl.java:logAppendEntries(850)) - s2@group-0448FFF281AD: succeeded to handle AppendEntries. Reply: s1<-s2#0:OK,SUCCESS,nextIndex:25,term:1,followerCommit:23
2019-09-26 13:12:46,263 DEBUG impl.RaftServerImpl (RaftServerImpl.java:logAppendEntries(850)) - s0@group-0448FFF281AD: succeeded to handle AppendEntries. Reply: s1<-s0#0:OK,SUCCESS,nextIndex:25,term:1,followerCommit:23
2019-09-26 13:12:46,263 DEBUG impl.RaftServerImpl (RaftServerImpl.java:logAppendEntries(850)) - s2@group-0448FFF281AD: receive appendEntries(s1, 1, (t:1, i:24), 23, false, commits[s1:c23, s0:c22, s2:c23], entries: (t:1, i:25), STATEMACHINELOGENTRY, client-DBB30427F67F, cid=41
2019-09-26 13:12:46,264 DEBUG impl.RaftServerImpl (RaftServerImpl.java:logAppendEntries(850)) - s0@group-0448FFF281AD: receive appendEntries(s1, 1, (t:1, i:24), 24, false, commits[s1:c24, s0:c23, s2:c23], entries: (t:1, i:25), STATEMACHINELOGENTRY, client-DBB30427F67F, cid=41
2019-09-26 13:12:46,297 DEBUG impl.RaftServerImpl (RaftServerImpl.java:logAppendEntries(850)) - s2@group-0448FFF281AD: succeeded to handle AppendEntries. Reply: s1<-s2#0:OK,SUCCESS,nextIndex:26,term:1,followerCommit:23
2019-09-26 13:12:46,297 DEBUG impl.RaftServerImpl (RaftServerImpl.java:logAppendEntries(850)) - s0@group-0448FFF281AD: succeeded to handle AppendEntries. Reply: s1<-s0#0:OK,SUCCESS,nextIndex:26,term:1,followerCommit:24
2019-09-26 13:12:46,298 DEBUG impl.RaftServerImpl (RaftServerImpl.java:logAppendEntries(850)) - s2@group-0448FFF281AD: receive appendEntries(s1, 1, (t:1, i:25), 25, false, commits[s1:c25, s0:c23, s2:c23], entries: (t:1, i:26), METADATAENTRY(c25)
2019-09-26 13:12:46,298 DEBUG impl.RaftServerImpl (RaftServerImpl.java:submitClientRequestAsync(533)) - s1@group-0448FFF281AD: receive client request(RaftClientRequest:client-DBB30427F67F->s1@group-0448FFF281AD, cid=42, seq=0, RW, Message:6d3133)
2019-09-26 13:12:46,298 DEBUG impl.RaftServerImpl (RaftServerImpl.java:logAppendEntries(850)) - s0@group-0448FFF281AD: receive appendEntries(s1, 1, (t:1, i:25), 25, false, commits[s1:c25, s0:c24, s2:c23], entries: (t:1, i:26), METADATAENTRY(c25)
2019-09-26 13:12:46,298 DEBUG impl.RaftServerImpl (LeaderState.java:addPendingRequest(317)) - s1@group-0448FFF281AD-LeaderState: addPendingRequest at RaftClientRequest:client-DBB30427F67F->s1@group-0448FFF281AD, cid=42, seq=0, RW, Message:6d3133, entry=(t:1, i:27), STATEMACHINELOGENTRY, client-DBB30427F67F, cid=42
2019-09-26 13:12:46,309 DEBUG impl.RaftServerImpl (RaftServerImpl.java:logAppendEntries(850)) - s2@group-0448FFF281AD: succeeded to handle AppendEntries. Reply: s1<-s2#0:OK,SUCCESS,nextIndex:27,term:1,followerCommit:25
2019-09-26 13:12:46,309 DEBUG impl.RaftServerImpl (RaftServerImpl.java:logAppendEntries(850)) - s2@group-0448FFF281AD: receive appendEntries(s1, 1, (t:1, i:26), 25, false, commits[s1:c25, s0:c24, s2:c25], entries: (t:1, i:27), STATEMACHINELOGENTRY, client-DBB30427F67F, cid=42
2019-09-26 13:12:46,334 DEBUG impl.RaftServerImpl (RaftServerImpl.java:logAppendEntries(850)) - s2@group-0448FFF281AD: succeeded to handle AppendEntries. Reply: s1<-s2#0:OK,SUCCESS,nextIndex:28,term:1,followerCommit:25
2019-09-26 13:12:46,334 DEBUG impl.RaftServerImpl (RaftServerImpl.java:logAppendEntries(850)) - s0@group-0448FFF281AD: succeeded to handle AppendEntries. Reply: s1<-s0#0:OK,SUCCESS,nextIndex:27,term:1,followerCommit:25
2019-09-26 13:12:46,336 DEBUG impl.RaftServerImpl (RaftServerImpl.java:logAppendEntries(850)) - s0@group-0448FFF281AD: receive appendEntries(s1, 1, (t:1, i:26), 26, false, commits[s1:c26, s0:c25, s2:c25], entries: (t:1, i:27), STATEMACHINELOGENTRY, client-DBB30427F67F, cid=42
2019-09-26 13:12:46,357 DEBUG impl.RaftServerImpl (RaftServerImpl.java:logAppendEntries(850)) - s2@group-0448FFF281AD: receive appendEntries(s1, 1, (t:1, i:27), 27, false, commits[s1:c27, s0:c25, s2:c25], entries: (t:1, i:28), METADATAENTRY(c27)
2019-09-26 13:12:46,357 DEBUG impl.RaftServerImpl (RaftServerImpl.java:submitClientRequestAsync(533)) - s1@group-0448FFF281AD: receive client request(RaftClientRequest:client-DBB30427F67F->s1@group-0448FFF281AD, cid=43, seq=0, RW, Message:6d3134)
2019-09-26 13:12:46,357 DEBUG impl.RaftServerImpl (RaftServerImpl.java:logAppendEntries(850)) - s0@group-0448FFF281AD: succeeded to handle AppendEntries. Reply: s1<-s0#0:OK,SUCCESS,nextIndex:28,term:1,followerCommit:26
2019-09-26 13:12:46,358 DEBUG impl.RaftServerImpl (LeaderState.java:addPendingRequest(317)) - s1@group-0448FFF281AD-LeaderState: addPendingRequest at RaftClientRequest:client-DBB30427F67F->s1@group-0448FFF281AD, cid=43, seq=0, RW, Message:6d3134, entry=(t:1, i:29), STATEMACHINELOGENTRY, client-DBB30427F67F, cid=43
2019-09-26 13:12:46,359 DEBUG impl.RaftServerImpl (RaftServerImpl.java:logAppendEntries(850)) - s0@group-0448FFF281AD: receive appendEntries(s1, 1, (t:1, i:27), 27, false, commits[s1:c27, s0:c26, s2:c25], entries: [(t:1, i:28), METADATAENTRY(c27), (t:1, i:29), STATEMACHINELOGENTRY, client-DBB30427F67F, cid=43]
2019-09-26 13:12:46,369 DEBUG impl.RaftServerImpl (RaftServerImpl.java:logAppendEntries(850)) - s2@group-0448FFF281AD: succeeded to handle AppendEntries. Reply: s1<-s2#0:OK,SUCCESS,nextIndex:29,term:1,followerCommit:27
2019-09-26 13:12:46,370 DEBUG impl.RaftServerImpl (RaftServerImpl.java:logAppendEntries(850)) - s0@group-0448FFF281AD: succeeded to handle AppendEntries. Reply: s1<-s0#0:OK,SUCCESS,nextIndex:30,term:1,followerCommit:27
2019-09-26 13:12:46,370 DEBUG impl.RaftServerImpl (RaftServerImpl.java:logAppendEntries(850)) - s2@group-0448FFF281AD: receive appendEntries(s1, 1, (t:1, i:28), 27, false, commits[s1:c27, s0:c26, s2:c27], entries: (t:1, i:29), STATEMACHINELOGENTRY, client-DBB30427F67F, cid=43
2019-09-26 13:12:46,371 DEBUG impl.RaftServerImpl (RaftServerImpl.java:logAppendEntries(850)) - s0@group-0448FFF281AD: receive appendEntries(s1, 1, (t:1, i:29), 29, false, commits[s1:c29, s0:c27, s2:c27], entries: (t:1, i:30), METADATAENTRY(c29)
2019-09-26 13:12:46,371 DEBUG impl.RaftServerImpl (RaftServerImpl.java:submitClientRequestAsync(533)) - s1@group-0448FFF281AD: receive client request(RaftClientRequest:client-DBB30427F67F->s1@group-0448FFF281AD, cid=44, seq=0, RW, Message:6d3135)
2019-09-26 13:12:46,372 DEBUG impl.RaftServerImpl (LeaderState.java:addPendingRequest(317)) - s1@group-0448FFF281AD-LeaderState: addPendingRequest at RaftClientRequest:client-DBB30427F67F->s1@group-0448FFF281AD, cid=44, seq=0, RW, Message:6d3135, entry=(t:1, i:31), STATEMACHINELOGENTRY, client-DBB30427F67F, cid=44
2019-09-26 13:12:46,382 DEBUG impl.RaftServerImpl (RaftServerImpl.java:logAppendEntries(850)) - s2@group-0448FFF281AD: succeeded to handle AppendEntries. Reply: s1<-s2#0:OK,SUCCESS,nextIndex:30,term:1,followerCommit:27
2019-09-26 13:12:46,383 DEBUG impl.RaftServerImpl (RaftServerImpl.java:logAppendEntries(850)) - s0@group-0448FFF281AD: succeeded to handle AppendEntries. Reply: s1<-s0#0:OK,SUCCESS,nextIndex:31,term:1,followerCommit:29
2019-09-26 13:12:46,384 DEBUG impl.RaftServerImpl (RaftServerImpl.java:logAppendEntries(850)) - s2@group-0448FFF281AD: receive appendEntries(s1, 1, (t:1, i:29), 29, false, commits[s1:c29, s0:c29, s2:c27], entries: [(t:1, i:30), METADATAENTRY(c29), (t:1, i:31), STATEMACHINELOGENTRY, client-DBB30427F67F, cid=44]
2019-09-26 13:12:46,384 DEBUG impl.RaftServerImpl (RaftServerImpl.java:logAppendEntries(850)) - s0@group-0448FFF281AD: receive appendEntries(s1, 1, (t:1, i:30), 30, false, commits[s1:c30, s0:c29, s2:c27], entries: (t:1, i:31), STATEMACHINELOGENTRY, client-DBB30427F67F, cid=44
2019-09-26 13:12:46,396 DEBUG impl.RaftServerImpl (RaftServerImpl.java:logAppendEntries(850)) - s0@group-0448FFF281AD: succeeded to handle AppendEntries. Reply: s1<-s0#0:OK,SUCCESS,nextIndex:32,term:1,followerCommit:30
2019-09-26 13:12:46,396 DEBUG impl.RaftServerImpl (RaftServerImpl.java:logAppendEntries(850)) - s2@group-0448FFF281AD: succeeded to handle AppendEntries. Reply: s1<-s2#0:OK,SUCCESS,nextIndex:32,term:1,followerCommit:29
2019-09-26 13:12:46,397 DEBUG impl.RaftServerImpl (RaftServerImpl.java:logAppendEntries(850)) - s0@group-0448FFF281AD: receive appendEntries(s1, 1, (t:1, i:31), 31, false, commits[s1:c31, s0:c30, s2:c27], entries: (t:1, i:32), METADATAENTRY(c31)
2019-09-26 13:12:46,397 DEBUG impl.RaftServerImpl (RaftServerImpl.java:logAppendEntries(850)) - s2@group-0448FFF281AD: receive appendEntries(s1, 1, (t:1, i:31), 31, false, commits[s1:c31, s0:c30, s2:c29], entries: (t:1, i:32), METADATAENTRY(c31)
2019-09-26 13:12:46,397 DEBUG impl.RaftServerImpl (RaftServerImpl.java:submitClientRequestAsync(533)) - s1@group-0448FFF281AD: receive client request(RaftClientRequest:client-DBB30427F67F->s1@group-0448FFF281AD, cid=45, seq=0, RW, Message:6d3136)
2019-09-26 13:12:46,398 DEBUG impl.RaftServerImpl (LeaderState.java:addPendingRequest(317)) - s1@group-0448FFF281AD-LeaderState: addPendingRequest at RaftClientRequest:client-DBB30427F67F->s1@group-0448FFF281AD, cid=45, seq=0, RW, Message:6d3136, entry=(t:1, i:33), STATEMACHINELOGENTRY, client-DBB30427F67F, cid=45
2019-09-26 13:12:46,409 DEBUG impl.RaftServerImpl (RaftServerImpl.java:logAppendEntries(850)) - s2@group-0448FFF281AD: succeeded to handle AppendEntries. Reply: s1<-s2#0:OK,SUCCESS,nextIndex:33,term:1,followerCommit:31
2019-09-26 13:12:46,410 DEBUG impl.RaftServerImpl (RaftServerImpl.java:logAppendEntries(850)) - s0@group-0448FFF281AD: succeeded to handle AppendEntries. Reply: s1<-s0#0:OK,SUCCESS,nextIndex:33,term:1,followerCommit:31
2019-09-26 13:12:46,412 DEBUG impl.RaftServerImpl (RaftServerImpl.java:logAppendEntries(850)) - s2@group-0448FFF281AD: receive appendEntries(s1, 1, (t:1, i:32), 32, false, commits[s1:c32, s0:c30, s2:c31], entries: (t:1, i:33), STATEMACHINELOGENTRY, client-DBB30427F67F, cid=45
2019-09-26 13:12:46,412 DEBUG impl.RaftServerImpl (RaftServerImpl.java:logAppendEntries(850)) - s0@group-0448FFF281AD: receive appendEntries(s1, 1, (t:1, i:32), 32, false, commits[s1:c32, s0:c31, s2:c31], entries: (t:1, i:33), STATEMACHINELOGENTRY, client-DBB30427F67F, cid=45
2019-09-26 13:12:46,423 DEBUG impl.RaftServerImpl (RaftServerImpl.java:logAppendEntries(850)) - s2@group-0448FFF281AD: succeeded to handle AppendEntries. Reply: s1<-s2#0:OK,SUCCESS,nextIndex:34,term:1,followerCommit:32
2019-09-26 13:12:46,424 DEBUG impl.RaftServerImpl (RaftServerImpl.java:logAppendEntries(850)) - s0@group-0448FFF281AD: succeeded to handle AppendEntries. Reply: s1<-s0#0:OK,SUCCESS,nextIndex:34,term:1,followerCommit:32
2019-09-26 13:12:46,424 DEBUG impl.RaftServerImpl (RaftServerImpl.java:logAppendEntries(850)) - s2@group-0448FFF281AD: receive appendEntries(s1, 1, (t:1, i:33), 33, false, commits[s1:c33, s0:c31, s2:c32], entries: (t:1, i:34), METADATAENTRY(c33)
2019-09-26 13:12:46,424 DEBUG impl.RaftServerImpl (RaftServerImpl.java:logAppendEntries(850)) - s0@group-0448FFF281AD: receive appendEntries(s1, 1, (t:1, i:33), 33, false, commits[s1:c33, s0:c32, s2:c32], entries: (t:1, i:34), METADATAENTRY(c33)
2019-09-26 13:12:46,425 DEBUG impl.RaftServerImpl (RaftServerImpl.java:submitClientRequestAsync(533)) - s1@group-0448FFF281AD: receive client request(RaftClientRequest:client-DBB30427F67F->s1@group-0448FFF281AD, cid=46, seq=0, RW, Message:6d3137)
2019-09-26 13:12:46,425 DEBUG impl.RaftServerImpl (LeaderState.java:addPendingRequest(317)) - s1@group-0448FFF281AD-LeaderState: addPendingRequest at RaftClientRequest:client-DBB30427F67F->s1@group-0448FFF281AD, cid=46, seq=0, RW, Message:6d3137, entry=(t:1, i:35), STATEMACHINELOGENTRY, client-DBB30427F67F, cid=46
2019-09-26 13:12:46,436 DEBUG impl.RaftServerImpl (RaftServerImpl.java:logAppendEntries(850)) - s2@group-0448FFF281AD: succeeded to handle AppendEntries. Reply: s1<-s2#0:OK,SUCCESS,nextIndex:35,term:1,followerCommit:33
2019-09-26 13:12:46,436 DEBUG impl.RaftServerImpl (RaftServerImpl.java:logAppendEntries(850)) - s0@group-0448FFF281AD: succeeded to handle AppendEntries. Reply: s1<-s0#0:OK,SUCCESS,nextIndex:35,term:1,followerCommit:33
2019-09-26 13:12:46,437 DEBUG impl.RaftServerImpl (RaftServerImpl.java:logAppendEntries(850)) - s2@group-0448FFF281AD: receive appendEntries(s1, 1, (t:1, i:34), 34, false, commits[s1:c34, s0:c32, s2:c33], entries: (t:1, i:35), STATEMACHINELOGENTRY, client-DBB30427F67F, cid=46
2019-09-26 13:12:46,437 DEBUG impl.RaftServerImpl (RaftServerImpl.java:logAppendEntries(850)) - s0@group-0448FFF281AD: receive appendEntries(s1, 1, (t:1, i:34), 34, false, commits[s1:c34, s0:c33, s2:c33], entries: (t:1, i:35), STATEMACHINELOGENTRY, client-DBB30427F67F, cid=46
2019-09-26 13:12:46,448 DEBUG impl.RaftServerImpl (RaftServerImpl.java:logAppendEntries(850)) - s2@group-0448FFF281AD: succeeded to handle AppendEntries. Reply: s1<-s2#0:OK,SUCCESS,nextIndex:36,term:1,followerCommit:34
2019-09-26 13:12:46,449 DEBUG impl.RaftServerImpl (RaftServerImpl.java:logAppendEntries(850)) - s0@group-0448FFF281AD: succeeded to handle AppendEntries. Reply: s1<-s0#0:OK,SUCCESS,nextIndex:36,term:1,followerCommit:34
2019-09-26 13:12:46,449 DEBUG impl.RaftServerImpl (RaftServerImpl.java:logAppendEntries(850)) - s2@group-0448FFF281AD: receive appendEntries(s1, 1, (t:1, i:35), 35, false, commits[s1:c35, s0:c33, s2:c34], entries: (t:1, i:36), METADATAENTRY(c35)
2019-09-26 13:12:46,450 DEBUG impl.RaftServerImpl (RaftServerImpl.java:logAppendEntries(850)) - s0@group-0448FFF281AD: receive appendEntries(s1, 1, (t:1, i:35), 35, false, commits[s1:c35, s0:c34, s2:c34], entries: (t:1, i:36), METADATAENTRY(c35)
2019-09-26 13:12:46,450 DEBUG impl.RaftServerImpl (RaftServerImpl.java:submitClientRequestAsync(533)) - s1@group-0448FFF281AD: receive client request(RaftClientRequest:client-DBB30427F67F->s1@group-0448FFF281AD, cid=47, seq=0, RW, Message:6d3138)
2019-09-26 13:12:46,450 DEBUG impl.RaftServerImpl (LeaderState.java:addPendingRequest(317)) - s1@group-0448FFF281AD-LeaderState: addPendingRequest at RaftClientRequest:client-DBB30427F67F->s1@group-0448FFF281AD, cid=47, seq=0, RW, Message:6d3138, entry=(t:1, i:37), STATEMACHINELOGENTRY, client-DBB30427F67F, cid=47
2019-09-26 13:12:46,461 DEBUG impl.RaftServerImpl (RaftServerImpl.java:logAppendEntries(850)) - s0@group-0448FFF281AD: succeeded to handle AppendEntries. Reply: s1<-s0#0:OK,SUCCESS,nextIndex:37,term:1,followerCommit:35
2019-09-26 13:12:46,461 DEBUG impl.RaftServerImpl (RaftServerImpl.java:logAppendEntries(850)) - s2@group-0448FFF281AD: succeeded to handle AppendEntries. Reply: s1<-s2#0:OK,SUCCESS,nextIndex:37,term:1,followerCommit:35
2019-09-26 13:12:46,462 DEBUG impl.RaftServerImpl (RaftServerImpl.java:logAppendEntries(850)) - s0@group-0448FFF281AD: receive appendEntries(s1, 1, (t:1, i:36), 35, false, commits[s1:c35, s0:c35, s2:c34], entries: (t:1, i:37), STATEMACHINELOGENTRY, client-DBB30427F67F, cid=47
2019-09-26 13:12:46,462 DEBUG impl.RaftServerImpl (RaftServerImpl.java:logAppendEntries(850)) - s2@group-0448FFF281AD: receive appendEntries(s1, 1, (t:1, i:36), 36, false, commits[s1:c36, s0:c35, s2:c35], entries: (t:1, i:37), STATEMACHINELOGENTRY, client-DBB30427F67F, cid=47
2019-09-26 13:12:46,473 DEBUG impl.RaftServerImpl (RaftServerImpl.java:logAppendEntries(850)) - s0@group-0448FFF281AD: succeeded to handle AppendEntries. Reply: s1<-s0#0:OK,SUCCESS,nextIndex:38,term:1,followerCommit:35
2019-09-26 13:12:46,473 DEBUG impl.RaftServerImpl (RaftServerImpl.java:logAppendEntries(850)) - s2@group-0448FFF281AD: succeeded to handle AppendEntries. Reply: s1<-s2#0:OK,SUCCESS,nextIndex:38,term:1,followerCommit:36
2019-09-26 13:12:46,474 DEBUG impl.RaftServerImpl (RaftServerImpl.java:logAppendEntries(850)) - s0@group-0448FFF281AD: receive appendEntries(s1, 1, (t:1, i:37), 37, false, commits[s1:c37, s0:c35, s2:c35], entries: (t:1, i:38), METADATAENTRY(c37)
2019-09-26 13:12:46,474 DEBUG impl.RaftServerImpl (RaftServerImpl.java:logAppendEntries(850)) - s2@group-0448FFF281AD: receive appendEntries(s1, 1, (t:1, i:37), 37, false, commits[s1:c37, s0:c35, s2:c36], entries: (t:1, i:38), METADATAENTRY(c37)
2019-09-26 13:12:46,474 DEBUG impl.RaftServerImpl (RaftServerImpl.java:submitClientRequestAsync(533)) - s1@group-0448FFF281AD: receive client request(RaftClientRequest:client-DBB30427F67F->s1@group-0448FFF281AD, cid=48, seq=0, RW, Message:6d3139)
2019-09-26 13:12:46,475 DEBUG impl.RaftServerImpl (LeaderState.java:addPendingRequest(317)) - s1@group-0448FFF281AD-LeaderState: addPendingRequest at RaftClientRequest:client-DBB30427F67F->s1@group-0448FFF281AD, cid=48, seq=0, RW, Message:6d3139, entry=(t:1, i:39), STATEMACHINELOGENTRY, client-DBB30427F67F, cid=48
2019-09-26 13:12:46,475 DEBUG impl.RaftServerImpl (RaftServerImpl.java:logAppendEntries(850)) - s0@group-0448FFF281AD: succeeded to handle AppendEntries. Reply: s1<-s0#0:OK,SUCCESS,nextIndex:39,term:1,followerCommit:37
2019-09-26 13:12:46,476 DEBUG impl.RaftServerImpl (RaftServerImpl.java:logAppendEntries(850)) - s2@group-0448FFF281AD: succeeded to handle AppendEntries. Reply: s1<-s2#0:OK,SUCCESS,nextIndex:39,term:1,followerCommit:37
2019-09-26 13:12:46,476 DEBUG impl.RaftServerImpl (RaftServerImpl.java:logAppendEntries(850)) - s0@group-0448FFF281AD: receive appendEntries(s1, 1, (t:1, i:38), 38, false, commits[s1:c38, s0:c37, s2:c36], entries: (t:1, i:39), STATEMACHINELOGENTRY, client-DBB30427F67F, cid=48
2019-09-26 13:12:46,477 DEBUG impl.RaftServerImpl (RaftServerImpl.java:logAppendEntries(850)) - s2@group-0448FFF281AD: receive appendEntries(s1, 1, (t:1, i:38), 38, false, commits[s1:c38, s0:c37, s2:c37], entries: (t:1, i:39), STATEMACHINELOGENTRY, client-DBB30427F67F, cid=48
2019-09-26 13:12:46,478 DEBUG impl.RaftServerImpl (RaftServerImpl.java:logAppendEntries(850)) - s0@group-0448FFF281AD: succeeded to handle AppendEntries. Reply: s1<-s0#0:OK,SUCCESS,nextIndex:40,term:1,followerCommit:38
2019-09-26 13:12:46,478 DEBUG impl.RaftServerImpl (RaftServerImpl.java:logAppendEntries(850)) - s2@group-0448FFF281AD: succeeded to handle AppendEntries. Reply: s1<-s2#0:OK,SUCCESS,nextIndex:40,term:1,followerCommit:38
2019-09-26 13:12:46,478 DEBUG impl.RaftServerImpl (RaftServerImpl.java:logAppendEntries(850)) - s0@group-0448FFF281AD: receive appendEntries(s1, 1, (t:1, i:39), 39, false, commits[s1:c39, s0:c38, s2:c37], entries: (t:1, i:40), METADATAENTRY(c39)
2019-09-26 13:12:46,479 DEBUG impl.RaftServerImpl (RaftServerImpl.java:logAppendEntries(850)) - s2@group-0448FFF281AD: receive appendEntries(s1, 1, (t:1, i:39), 39, false, commits[s1:c39, s0:c38, s2:c38], entries: (t:1, i:40), METADATAENTRY(c39)
2019-09-26 13:12:46,480 DEBUG impl.RaftServerImpl (RaftServerImpl.java:logAppendEntries(850)) - s0@group-0448FFF281AD: succeeded to handle AppendEntries. Reply: s1<-s0#0:OK,SUCCESS,nextIndex:41,term:1,followerCommit:39
2019-09-26 13:12:46,480 DEBUG impl.RaftServerImpl (RaftServerImpl.java:logAppendEntries(850)) - s2@group-0448FFF281AD: succeeded to handle AppendEntries. Reply: s1<-s2#0:OK,SUCCESS,nextIndex:41,term:1,followerCommit:39
2019-09-26 13:12:46,481 INFO  ratis.MiniRaftCluster (MiniRaftCluster.java:addNewPeers(403)) - Add new peers [s3, s4]
2019-09-26 13:12:46,481 INFO  ratis.MiniRaftCluster (MiniRaftCluster.java:newRaftServer(330)) - newRaftServer: s3, group-0448FFF281AD:[s0:0.0.0.0:38978, s1:0.0.0.0:46247, s2:0.0.0.0:41658], format? true
2019-09-26 13:12:46,481 TRACE util.FileUtils (FileUtils.java:deleteFully(88)) - deleteFully target/test/data/3c013135/MiniRaftClusterWithNettya2297eb7/s3
2019-09-26 13:12:46,482 TRACE util.FileUtils (FileUtils.java:deleteFully(104)) - deleteFully: target/test/data/3c013135/MiniRaftClusterWithNettya2297eb7/s3 does not exist.
2019-09-26 13:12:46,482 INFO  ratis.MiniRaftCluster (MiniRaftCluster.java:newRaftServer(335)) - Formatted directory target/test/data/3c013135/MiniRaftClusterWithNettya2297eb7/s3
2019-09-26 13:12:46,482 INFO  impl.RaftServerProxy (ConfUtils.java:logGet(43)) - raft.rpc.type = NETTY (custom)
2019-09-26 13:12:46,483 INFO  netty.NettyConfigKeys$Server (ConfUtils.java:logGet(43)) - raft.netty.server.port = 35928 (custom)
2019-09-26 13:12:46,484 INFO  server.RaftServerConfigKeys (ConfUtils.java:logGet(43)) - raft.server.storage.dir = [/workdir/ratis-test/target/test/data/3c013135/MiniRaftClusterWithNettya2297eb7/s3] (custom)
2019-09-26 13:12:46,484 INFO  logging.LoggingHandler (AbstractInternalLogger.java:log(150)) - [id: 0xb625dd3c] REGISTERED
2019-09-26 13:12:46,485 INFO  logging.LoggingHandler (AbstractInternalLogger.java:log(150)) - [id: 0xb625dd3c] BIND: 0.0.0.0/0.0.0.0:35928
2019-09-26 13:12:46,485 INFO  impl.RaftServerProxy (RaftServerProxy.java:addNew(89)) - s3: addNew group-0448FFF281AD:[s0:0.0.0.0:38978, s1:0.0.0.0:46247, s2:0.0.0.0:41658] returns group-0448FFF281AD:java.util.concurrent.CompletableFuture@11dd4207[Not completed]
2019-09-26 13:12:46,485 INFO  logging.LoggingHandler (AbstractInternalLogger.java:log(150)) - [id: 0xb625dd3c, L:/0.0.0.0:35928] ACTIVE
2019-09-26 13:12:46,486 INFO  ratis.MiniRaftCluster (MiniRaftCluster.java:newRaftServer(330)) - newRaftServer: s4, group-0448FFF281AD:[s0:0.0.0.0:38978, s1:0.0.0.0:46247, s2:0.0.0.0:41658], format? true
2019-09-26 13:12:46,486 TRACE util.FileUtils (FileUtils.java:deleteFully(88)) - deleteFully target/test/data/3c013135/MiniRaftClusterWithNettya2297eb7/s4
2019-09-26 13:12:46,486 TRACE util.FileUtils (FileUtils.java:deleteFully(104)) - deleteFully: target/test/data/3c013135/MiniRaftClusterWithNettya2297eb7/s4 does not exist.
2019-09-26 13:12:46,486 INFO  ratis.MiniRaftCluster (MiniRaftCluster.java:newRaftServer(335)) - Formatted directory target/test/data/3c013135/MiniRaftClusterWithNettya2297eb7/s4
2019-09-26 13:12:46,487 INFO  impl.RaftServerImpl (RaftServerImpl.java:<init>(95)) - s3: new RaftServerImpl for group-0448FFF281AD:[s0:0.0.0.0:38978, s1:0.0.0.0:46247, s2:0.0.0.0:41658] with BaseStateMachine:uninitialized
2019-09-26 13:12:46,487 INFO  server.RaftServerConfigKeys (ConfUtils.java:logGet(43)) - raft.server.rpc.timeout.min = 150ms (default)
2019-09-26 13:12:46,487 INFO  impl.RaftServerProxy (ConfUtils.java:logGet(43)) - raft.rpc.type = NETTY (custom)
2019-09-26 13:12:46,487 INFO  server.RaftServerConfigKeys (ConfUtils.java:logGet(43)) - raft.server.rpc.timeout.max = 300ms (default)
2019-09-26 13:12:46,487 INFO  server.RaftServerConfigKeys (ConfUtils.java:logGet(43)) - raft.server.rpcslowness.timeout = 60s (default)
2019-09-26 13:12:46,487 INFO  server.RaftServerConfigKeys (ConfUtils.java:logGet(43)) - raft.server.sleep.deviation.threshold = 300 (default)
2019-09-26 13:12:46,488 INFO  server.RaftServerConfigKeys (ConfUtils.java:logGet(43)) - raft.server.log.appender.install.snapshot.enabled = true (default)
2019-09-26 13:12:46,488 INFO  impl.RaftServerImpl (ServerState.java:<init>(103)) - s3@group-0448FFF281AD: ConfigurationManager, init=-1: [s0:0.0.0.0:38978, s1:0.0.0.0:46247, s2:0.0.0.0:41658], old=null, confs=<EMPTY_MAP>
2019-09-26 13:12:46,488 INFO  server.RaftServerConfigKeys (ConfUtils.java:logGet(43)) - raft.server.storage.dir = [/workdir/ratis-test/target/test/data/3c013135/MiniRaftClusterWithNettya2297eb7/s3] (custom)
2019-09-26 13:12:46,489 INFO  server.RaftServerConfigKeys (ConfUtils.java:logGet(43)) - raft.server.log.corruption.policy = EXCEPTION (default)
2019-09-26 13:12:46,489 INFO  netty.NettyConfigKeys$Server (ConfUtils.java:logGet(43)) - raft.netty.server.port = 38695 (custom)
2019-09-26 13:12:46,489 INFO  storage.RaftStorageDirectory (RaftStorageDirectory.java:analyzeStorage(246)) - The storage directory /workdir/ratis-test/target/test/data/3c013135/MiniRaftClusterWithNettya2297eb7/s3/48f57b70-be0f-4f11-8c74-0448fff281ad does not exist. Creating ...
2019-09-26 13:12:46,490 INFO  server.RaftServerConfigKeys (ConfUtils.java:logGet(43)) - raft.server.storage.dir = [/workdir/ratis-test/target/test/data/3c013135/MiniRaftClusterWithNettya2297eb7/s4] (custom)
2019-09-26 13:12:46,490 INFO  logging.LoggingHandler (AbstractInternalLogger.java:log(150)) - [id: 0xce1e0f68] REGISTERED
2019-09-26 13:12:46,490 TRACE util.FileUtils (LogUtils.java:runAndLog(61)) - Successfully ran Files.createDirectories /workdir/ratis-test/target/test/data/3c013135/MiniRaftClusterWithNettya2297eb7/s3/48f57b70-be0f-4f11-8c74-0448fff281ad
2019-09-26 13:12:46,490 INFO  impl.RaftServerProxy (RaftServerProxy.java:addNew(89)) - s4: addNew group-0448FFF281AD:[s0:0.0.0.0:38978, s1:0.0.0.0:46247, s2:0.0.0.0:41658] returns group-0448FFF281AD:java.util.concurrent.CompletableFuture@4b563710[Not completed]
2019-09-26 13:12:46,490 INFO  logging.LoggingHandler (AbstractInternalLogger.java:log(150)) - [id: 0xce1e0f68] BIND: 0.0.0.0/0.0.0.0:38695
2019-09-26 13:12:46,491 INFO  logging.LoggingHandler (AbstractInternalLogger.java:log(150)) - [id: 0xce1e0f68, L:/0.0.0.0:38695] ACTIVE
2019-09-26 13:12:46,491 INFO  impl.RaftServerImpl (RaftServerImpl.java:<init>(95)) - s4: new RaftServerImpl for group-0448FFF281AD:[s0:0.0.0.0:38978, s1:0.0.0.0:46247, s2:0.0.0.0:41658] with BaseStateMachine:uninitialized
2019-09-26 13:12:46,491 INFO  server.RaftServerConfigKeys (ConfUtils.java:logGet(43)) - raft.server.rpc.timeout.min = 150ms (default)
2019-09-26 13:12:46,491 INFO  server.RaftServerConfigKeys (ConfUtils.java:logGet(43)) - raft.server.rpc.timeout.max = 300ms (default)
2019-09-26 13:12:46,491 INFO  server.RaftServerConfigKeys (ConfUtils.java:logGet(43)) - raft.server.rpcslowness.timeout = 60s (default)
2019-09-26 13:12:46,491 INFO  server.RaftServerConfigKeys (ConfUtils.java:logGet(43)) - raft.server.sleep.deviation.threshold = 300 (default)
2019-09-26 13:12:46,492 INFO  server.RaftServerConfigKeys (ConfUtils.java:logGet(43)) - raft.server.log.appender.install.snapshot.enabled = true (default)
2019-09-26 13:12:46,492 INFO  impl.RaftServerImpl (ServerState.java:<init>(103)) - s4@group-0448FFF281AD: ConfigurationManager, init=-1: [s0:0.0.0.0:38978, s1:0.0.0.0:46247, s2:0.0.0.0:41658], old=null, confs=<EMPTY_MAP>
2019-09-26 13:12:46,492 INFO  server.RaftServerConfigKeys (ConfUtils.java:logGet(43)) - raft.server.storage.dir = [/workdir/ratis-test/target/test/data/3c013135/MiniRaftClusterWithNettya2297eb7/s4] (custom)
2019-09-26 13:12:46,492 INFO  server.RaftServerConfigKeys (ConfUtils.java:logGet(43)) - raft.server.log.corruption.policy = EXCEPTION (default)
2019-09-26 13:12:46,492 INFO  storage.RaftStorageDirectory (RaftStorageDirectory.java:analyzeStorage(246)) - The storage directory /workdir/ratis-test/target/test/data/3c013135/MiniRaftClusterWithNettya2297eb7/s4/48f57b70-be0f-4f11-8c74-0448fff281ad does not exist. Creating ...
2019-09-26 13:12:46,493 TRACE util.FileUtils (LogUtils.java:runAndLog(61)) - Successfully ran Files.createDirectories /workdir/ratis-test/target/test/data/3c013135/MiniRaftClusterWithNettya2297eb7/s4/48f57b70-be0f-4f11-8c74-0448fff281ad
2019-09-26 13:12:46,522 INFO  storage.RaftStorageDirectory (RaftStorageDirectory.java:tryLock(328)) - Lock on /workdir/ratis-test/target/test/data/3c013135/MiniRaftClusterWithNettya2297eb7/s4/48f57b70-be0f-4f11-8c74-0448fff281ad/in_use.lock acquired by nodename 435@ratis-test-j9cz4-1458154678
2019-09-26 13:12:46,522 INFO  storage.RaftStorageDirectory (RaftStorageDirectory.java:tryLock(328)) - Lock on /workdir/ratis-test/target/test/data/3c013135/MiniRaftClusterWithNettya2297eb7/s3/48f57b70-be0f-4f11-8c74-0448fff281ad/in_use.lock acquired by nodename 435@ratis-test-j9cz4-1458154678
2019-09-26 13:12:46,522 TRACE util.FileUtils (LogUtils.java:runAndLog(61)) - Successfully ran Files.createDirectories /workdir/ratis-test/target/test/data/3c013135/MiniRaftClusterWithNettya2297eb7/s4/48f57b70-be0f-4f11-8c74-0448fff281ad/current
2019-09-26 13:12:46,523 TRACE util.FileUtils (LogUtils.java:runAndLog(61)) - Successfully ran Files.createDirectories /workdir/ratis-test/target/test/data/3c013135/MiniRaftClusterWithNettya2297eb7/s3/48f57b70-be0f-4f11-8c74-0448fff281ad/current
2019-09-26 13:12:46,523 TRACE util.FileUtils (LogUtils.java:runAndLog(61)) - Successfully ran Files.createDirectories /workdir/ratis-test/target/test/data/3c013135/MiniRaftClusterWithNettya2297eb7/s4/48f57b70-be0f-4f11-8c74-0448fff281ad/sm
2019-09-26 13:12:46,523 TRACE util.FileUtils (LogUtils.java:runAndLog(61)) - Successfully ran Files.createDirectories /workdir/ratis-test/target/test/data/3c013135/MiniRaftClusterWithNettya2297eb7/s3/48f57b70-be0f-4f11-8c74-0448fff281ad/sm
2019-09-26 13:12:46,541 INFO  storage.RaftStorage (RaftStorage.java:format(84)) - Storage directory /workdir/ratis-test/target/test/data/3c013135/MiniRaftClusterWithNettya2297eb7/s3/48f57b70-be0f-4f11-8c74-0448fff281ad has been successfully formatted.
2019-09-26 13:12:46,541 INFO  storage.RaftStorage (RaftStorage.java:format(84)) - Storage directory /workdir/ratis-test/target/test/data/3c013135/MiniRaftClusterWithNettya2297eb7/s4/48f57b70-be0f-4f11-8c74-0448fff281ad has been successfully formatted.
2019-09-26 13:12:46,542 INFO  server.RaftServerConfigKeys (ConfUtils.java:logGet(43)) - raft.server.notification.no-leader.timeout = 60s (default)
2019-09-26 13:12:46,542 INFO  server.RaftServerConfigKeys (ConfUtils.java:logGet(43)) - raft.server.notification.no-leader.timeout = 60s (default)
2019-09-26 13:12:46,542 INFO  server.RaftServerConfigKeys (ConfUtils.java:logGet(43)) - raft.server.log.use.memory = false (default)
2019-09-26 13:12:46,542 INFO  server.RaftServerConfigKeys (ConfUtils.java:logGet(43)) - raft.server.log.use.memory = false (default)
2019-09-26 13:12:46,542 INFO  server.RaftServerConfigKeys (ConfUtils.java:logGet(43)) - raft.server.log.purge.gap = 1024 (default)
2019-09-26 13:12:46,542 INFO  server.RaftServerConfigKeys (ConfUtils.java:logGet(43)) - raft.server.log.purge.gap = 1024 (default)
2019-09-26 13:12:46,542 INFO  server.RaftServerConfigKeys (ConfUtils.java:logGet(43)) - raft.server.log.appender.buffer.byte-limit = 4MB (=4194304) (default)
2019-09-26 13:12:46,543 INFO  server.RaftServerConfigKeys (ConfUtils.java:logGet(43)) - raft.server.log.appender.buffer.byte-limit = 4MB (=4194304) (default)
2019-09-26 13:12:46,543 INFO  server.RaftServerConfigKeys (ConfUtils.java:logGet(43)) - raft.server.log.segment.size.max = 8MB (=8388608) (default)
2019-09-26 13:12:46,543 INFO  server.RaftServerConfigKeys (ConfUtils.java:logGet(43)) - raft.server.log.segment.size.max = 8MB (=8388608) (default)
2019-09-26 13:12:46,543 INFO  server.RaftServerConfigKeys (ConfUtils.java:logGet(43)) - raft.server.log.segment.cache.num.max = 6 (default)
2019-09-26 13:12:46,543 INFO  server.RaftServerConfigKeys (ConfUtils.java:logGet(43)) - raft.server.log.segment.cache.num.max = 6 (default)
2019-09-26 13:12:46,543 INFO  segmented.SegmentedRaftLogWorker (SegmentedRaftLogWorker.java:<init>(172)) - new s3@group-0448FFF281AD-SegmentedRaftLogWorker for RaftStorage:Storage Directory /workdir/ratis-test/target/test/data/3c013135/MiniRaftClusterWithNettya2297eb7/s3/48f57b70-be0f-4f11-8c74-0448fff281ad
2019-09-26 13:12:46,544 INFO  segmented.SegmentedRaftLogWorker (SegmentedRaftLogWorker.java:<init>(172)) - new s4@group-0448FFF281AD-SegmentedRaftLogWorker for RaftStorage:Storage Directory /workdir/ratis-test/target/test/data/3c013135/MiniRaftClusterWithNettya2297eb7/s4/48f57b70-be0f-4f11-8c74-0448fff281ad
2019-09-26 13:12:46,544 INFO  server.RaftServerConfigKeys (ConfUtils.java:logGet(43)) - raft.server.log.queue.byte-limit = 64MB (=67108864) (default)
2019-09-26 13:12:46,544 INFO  server.RaftServerConfigKeys (ConfUtils.java:logGet(43)) - raft.server.log.queue.byte-limit = 64MB (=67108864) (default)
2019-09-26 13:12:46,544 INFO  server.RaftServerConfigKeys (ConfUtils.java:logGet(43)) - raft.server.log.queue.element-limit = 4096 (default)
2019-09-26 13:12:46,544 INFO  server.RaftServerConfigKeys (ConfUtils.java:logGet(43)) - raft.server.log.queue.element-limit = 4096 (default)
2019-09-26 13:12:46,544 INFO  server.RaftServerConfigKeys (ConfUtils.java:logGet(43)) - raft.server.log.segment.size.max = 8MB (=8388608) (default)
2019-09-26 13:12:46,544 INFO  server.RaftServerConfigKeys (ConfUtils.java:logGet(43)) - raft.server.log.preallocated.size = 4MB (=4194304) (default)
2019-09-26 13:12:46,545 INFO  server.RaftServerConfigKeys (ConfUtils.java:logGet(43)) - raft.server.log.write.buffer.size = 64KB (=65536) (default)
2019-09-26 13:12:46,545 INFO  server.RaftServerConfigKeys (ConfUtils.java:logGet(43)) - raft.server.log.segment.size.max = 8MB (=8388608) (default)
2019-09-26 13:12:46,545 INFO  server.RaftServerConfigKeys (ConfUtils.java:logGet(43)) - raft.server.log.force.sync.num = 128 (default)
2019-09-26 13:12:46,545 INFO  server.RaftServerConfigKeys (ConfUtils.java:logGet(43)) - raft.server.log.preallocated.size = 4MB (=4194304) (default)
2019-09-26 13:12:46,545 INFO  server.RaftServerConfigKeys (ConfUtils.java:logGet(43)) - raft.server.log.statemachine.data.sync = true (default)
2019-09-26 13:12:46,545 INFO  server.RaftServerConfigKeys (ConfUtils.java:logGet(43)) - raft.server.log.write.buffer.size = 64KB (=65536) (default)
2019-09-26 13:12:46,545 INFO  server.RaftServerConfigKeys (ConfUtils.java:logGet(43)) - raft.server.log.statemachine.data.sync.timeout = 10s (default)
2019-09-26 13:12:46,545 INFO  server.RaftServerConfigKeys (ConfUtils.java:logGet(43)) - raft.server.log.force.sync.num = 128 (default)
2019-09-26 13:12:46,546 INFO  server.RaftServerConfigKeys (ConfUtils.java:logGet(43)) - raft.server.log.statemachine.data.sync.timeout.retry = -1 (default)
2019-09-26 13:12:46,546 INFO  server.RaftServerConfigKeys (ConfUtils.java:logGet(43)) - raft.server.log.statemachine.data.sync = true (default)
2019-09-26 13:12:46,546 INFO  server.RaftServerConfigKeys (ConfUtils.java:logGet(43)) - raft.server.log.statemachine.data.caching.enabled = false (default)
2019-09-26 13:12:46,546 INFO  server.RaftServerConfigKeys (ConfUtils.java:logGet(43)) - raft.server.log.statemachine.data.sync.timeout = 10s (default)
2019-09-26 13:12:46,546 INFO  segmented.SegmentedRaftLogWorker (SegmentedRaftLogWorker.java:lambda$new$0(132)) - s3@group-0448FFF281AD-SegmentedRaftLogWorker: flushIndex: setUnconditionally 0 -> -1
2019-09-26 13:12:46,546 INFO  server.RaftServerConfigKeys (ConfUtils.java:logGet(43)) - raft.server.log.statemachine.data.sync.timeout.retry = -1 (default)
2019-09-26 13:12:46,547 INFO  server.RaftServerConfigKeys (ConfUtils.java:logGet(43)) - raft.server.snapshot.auto.trigger.enabled = false (default)
2019-09-26 13:12:46,547 INFO  server.RaftServerConfigKeys (ConfUtils.java:logGet(43)) - raft.server.log.statemachine.data.caching.enabled = false (default)
2019-09-26 13:12:46,547 INFO  server.RaftServerConfigKeys (ConfUtils.java:logGet(43)) - raft.server.snapshot.retention.file.num = -1 (default)
2019-09-26 13:12:46,547 INFO  server.RaftServerConfigKeys (ConfUtils.java:logGet(43)) - raft.server.retrycache.expirytime = 60s (default)
2019-09-26 13:12:46,547 INFO  segmented.SegmentedRaftLogWorker (SegmentedRaftLogWorker.java:lambda$new$0(132)) - s4@group-0448FFF281AD-SegmentedRaftLogWorker: flushIndex: setUnconditionally 0 -> -1
2019-09-26 13:12:46,714 INFO  impl.FollowerState (FollowerState.java:run(108)) - s0@group-0448FFF281AD-FollowerState: change to CANDIDATE, lastRpcTime:234ms, electionTimeout:165ms
2019-09-26 13:12:46,714 INFO  impl.RoleInfo (RoleInfo.java:shutdownFollowerState(121)) - s0: shutdown FollowerState
2019-09-26 13:12:46,718 INFO  server.RaftServerConfigKeys (ConfUtils.java:logGet(43)) - raft.server.snapshot.auto.trigger.enabled = false (default)
2019-09-26 13:12:46,718 INFO  impl.RaftServerImpl (RaftServerImpl.java:setRole(170)) - s0@group-0448FFF281AD: changes role from  FOLLOWER to CANDIDATE at term 1 for changeToCandidate
2019-09-26 13:12:46,718 INFO  impl.RaftServerImpl (RaftServerImpl.java:start(184)) - s3@group-0448FFF281AD: start with initializing state, conf=-1: [s0:0.0.0.0:38978, s1:0.0.0.0:46247, s2:0.0.0.0:41658], old=null
2019-09-26 13:12:46,718 INFO  server.RaftServerConfigKeys (ConfUtils.java:logGet(43)) - raft.server.snapshot.retention.file.num = -1 (default)
2019-09-26 13:12:46,718 INFO  impl.RaftServerImpl (RaftServerImpl.java:setRole(170)) - s3@group-0448FFF281AD: changes role from      null to FOLLOWER at term 0 for startInitializing
2019-09-26 13:12:46,718 INFO  impl.RoleInfo (RoleInfo.java:updateAndGet(143)) - s0: start LeaderElection
2019-09-26 13:12:46,718 INFO  server.RaftServerConfigKeys (ConfUtils.java:logGet(43)) - raft.server.retrycache.expirytime = 60s (default)
2019-09-26 13:12:46,719 INFO  util.JmxRegister (JmxRegister.java:tryRegister(44)) - Successfully registered JMX Bean with object name Ratis:service=RaftServer,group=group-0448FFF281AD,id=s3
2019-09-26 13:12:46,719 INFO  impl.RaftServerImpl (RaftServerImpl.java:setRole(170)) - s0@group-0448FFF281AD: changes role from CANDIDATE to FOLLOWER at term 1 for appendEntries
2019-09-26 13:12:46,719 INFO  impl.RoleInfo (RoleInfo.java:shutdownLeaderElection(134)) - s0: shutdown LeaderElection
2019-09-26 13:12:46,719 INFO  impl.RoleInfo (RoleInfo.java:updateAndGet(143)) - s0: start FollowerState
2019-09-26 13:12:46,720 INFO  impl.RaftServerImpl (ServerState.java:setLeader(254)) - s0@group-0448FFF281AD: change Leader from s1 to null at term 1 for initElection
2019-09-26 13:12:46,722 INFO  impl.RaftServerProxy (RaftServerProxy.java:lambda$start$3(299)) - s3: start RPC server
2019-09-26 13:12:46,722 INFO  impl.RaftServerImpl (RaftServerImpl.java:start(184)) - s4@group-0448FFF281AD: start with initializing state, conf=-1: [s0:0.0.0.0:38978, s1:0.0.0.0:46247, s2:0.0.0.0:41658], old=null
2019-09-26 13:12:46,722 INFO  impl.RaftServerImpl (RaftServerImpl.java:setRole(170)) - s4@group-0448FFF281AD: changes role from      null to FOLLOWER at term 0 for startInitializing
2019-09-26 13:12:46,722 INFO  util.JmxRegister (JmxRegister.java:tryRegister(44)) - Successfully registered JMX Bean with object name Ratis:service=RaftServer,group=group-0448FFF281AD,id=s4
2019-09-26 13:12:46,724 INFO  impl.RaftServerProxy (RaftServerProxy.java:lambda$start$3(299)) - s4: start RPC server
2019-09-26 13:12:46,725 INFO  netty.TestRaftReconfigurationWithNetty (RaftReconfigurationBaseTest.java:lambda$runTestReconfTwice$4(161)) - Start changing the configuration: [s3:0.0.0.0:35928, s4:0.0.0.0:38695, s0:0.0.0.0:38978, s1:0.0.0.0:46247, s2:0.0.0.0:41658]
2019-09-26 13:12:46,725 INFO  impl.RaftServerImpl (RaftServerImpl.java:setConfigurationAsync(658)) - s1@group-0448FFF281AD: receive setConfiguration SetConfigurationRequest:client-DBB30427F67F->s1@group-0448FFF281AD, cid=49, seq=0, RW, null, peers:[s3:0.0.0.0:35928, s4:0.0.0.0:38695, s0:0.0.0.0:38978, s1:0.0.0.0:46247, s2:0.0.0.0:41658]
2019-09-26 13:12:46,725 INFO  impl.RaftServerImpl (LeaderState.java:startSetConfiguration(287)) - s1@group-0448FFF281AD-LeaderState: startSetConfiguration SetConfigurationRequest:client-DBB30427F67F->s1@group-0448FFF281AD, cid=49, seq=0, RW, null, peers:[s3:0.0.0.0:35928, s4:0.0.0.0:38695, s0:0.0.0.0:38978, s1:0.0.0.0:46247, s2:0.0.0.0:41658]
2019-09-26 13:12:46,726 INFO  server.RaftServerConfigKeys (ConfUtils.java:logGet(43)) - raft.server.log.appender.snapshot.chunk.size.max = 16MB (=16777216) (default)
2019-09-26 13:12:46,726 INFO  server.RaftServerConfigKeys (ConfUtils.java:logGet(43)) - raft.server.log.appender.buffer.byte-limit = 4MB (=4194304) (default)
2019-09-26 13:12:46,726 INFO  server.RaftServerConfigKeys (ConfUtils.java:logGet(43)) - raft.server.log.appender.buffer.element-limit = 0 (default)
2019-09-26 13:12:46,726 INFO  server.RaftServerConfigKeys (ConfUtils.java:logGet(43)) - raft.server.log.appender.snapshot.chunk.size.max = 16MB (=16777216) (default)
2019-09-26 13:12:46,727 INFO  server.RaftServerConfigKeys (ConfUtils.java:logGet(43)) - raft.server.log.appender.buffer.byte-limit = 4MB (=4194304) (default)
2019-09-26 13:12:46,727 INFO  server.RaftServerConfigKeys (ConfUtils.java:logGet(43)) - raft.server.log.appender.buffer.element-limit = 0 (default)
2019-09-26 13:12:46,729 INFO  logging.LoggingHandler (AbstractInternalLogger.java:log(150)) - [id: 0xb625dd3c, L:/0.0.0.0:35928] READ: [id: 0x77ebe573, L:/192.168.164.227:35928 - R:/192.168.164.227:40858]
2019-09-26 13:12:46,729 INFO  logging.LoggingHandler (AbstractInternalLogger.java:log(150)) - [id: 0xce1e0f68, L:/0.0.0.0:38695] READ: [id: 0x8ca6445a, L:/192.168.164.227:38695 - R:/192.168.164.227:42788]
2019-09-26 13:12:46,729 INFO  logging.LoggingHandler (AbstractInternalLogger.java:log(150)) - [id: 0xb625dd3c, L:/0.0.0.0:35928] READ COMPLETE
2019-09-26 13:12:46,729 INFO  logging.LoggingHandler (AbstractInternalLogger.java:log(150)) - [id: 0xce1e0f68, L:/0.0.0.0:38695] READ COMPLETE
2019-09-26 13:12:46,743 INFO  impl.RaftServerImpl (ServerState.java:setLeader(254)) - s4@group-0448FFF281AD: change Leader from null to s1 at term 1 for appendEntries, leader elected after 201ms
2019-09-26 13:12:46,743 INFO  impl.RaftServerImpl (ServerState.java:setLeader(254)) - s3@group-0448FFF281AD: change Leader from null to s1 at term 1 for appendEntries, leader elected after 201ms
2019-09-26 13:12:46,743 INFO  impl.LeaderElection (LeaderElection.java:askForVotes(178)) - s0@group-0448FFF281AD-LeaderElection38: begin an election at term 2 for 0: [s0:0.0.0.0:38978, s1:0.0.0.0:46247, s2:0.0.0.0:41658], old=null
2019-09-26 13:12:46,743 INFO  impl.RaftServerImpl (RaftServerImpl.java:checkInconsistentAppendEntries(999)) - s3@group-0448FFF281AD: Failed appendEntries as previous log entry ((t:1, i:40)) is not found
2019-09-26 13:12:46,743 INFO  impl.RaftServerImpl (RaftServerImpl.java:checkInconsistentAppendEntries(999)) - s4@group-0448FFF281AD: Failed appendEntries as previous log entry ((t:1, i:40)) is not found
2019-09-26 13:12:46,744 INFO  impl.LeaderElection (LeaderElection.java:logAndReturn(56)) - s0@group-0448FFF281AD-LeaderElection38: Election REJECTED; received 0 response(s) [] and 0 exception(s); s0@group-0448FFF281AD:t2, leader=null, voted=s0, raftlog=s0@group-0448FFF281AD-SegmentedRaftLog:OPENED:c40,f40,i40, conf=0: [s0:0.0.0.0:38978, s1:0.0.0.0:46247, s2:0.0.0.0:41658], old=null
2019-09-26 13:12:46,744 INFO  impl.RaftServerImpl (RaftServerImpl.java:checkInconsistentAppendEntries(972)) - s3@group-0448FFF281AD: inconsistency entries. Reply:s1<-s3#0:FAIL,INCONSISTENCY,nextIndex:1,term:0,followerCommit:-1
2019-09-26 13:12:46,744 INFO  impl.RaftServerImpl (RaftServerImpl.java:checkInconsistentAppendEntries(972)) - s4@group-0448FFF281AD: inconsistency entries. Reply:s1<-s4#0:FAIL,INCONSISTENCY,nextIndex:1,term:0,followerCommit:-1
2019-09-26 13:12:46,745 INFO  impl.FollowerInfo (FollowerInfo.java:lambda$new$0(51)) - s1@group-0448FFF281AD->s3: nextIndex: updateUnconditionally 41 -> 1
2019-09-26 13:12:46,745 INFO  impl.FollowerInfo (FollowerInfo.java:lambda$new$0(51)) - s1@group-0448FFF281AD->s4: nextIndex: updateUnconditionally 41 -> 1
2019-09-26 13:12:46,745 INFO  logging.LoggingHandler (AbstractInternalLogger.java:log(150)) - [id: 0xc5302367, L:/0.0.0.0:46247] READ: [id: 0x45f61896, L:/192.168.164.227:46247 - R:/192.168.164.227:36414]
2019-09-26 13:12:46,745 INFO  logging.LoggingHandler (AbstractInternalLogger.java:log(150)) - [id: 0xaabc99b6, L:/0.0.0.0:41658] READ: [id: 0x4cb89848, L:/192.168.164.227:41658 - R:/192.168.164.227:34906]
2019-09-26 13:12:46,746 INFO  logging.LoggingHandler (AbstractInternalLogger.java:log(150)) - [id: 0xc5302367, L:/0.0.0.0:46247] READ COMPLETE
2019-09-26 13:12:46,746 INFO  logging.LoggingHandler (AbstractInternalLogger.java:log(150)) - [id: 0xaabc99b6, L:/0.0.0.0:41658] READ COMPLETE
2019-09-26 13:12:46,746 DEBUG impl.RaftServerImpl (RaftServerImpl.java:logAppendEntries(850)) - s3@group-0448FFF281AD: receive appendEntries(s1, 1, (t:1, i:0), 40, true, commits[s1:c40, s0:c40, s2:c40, s3:c-1, s4:c-1], entries: [(t:1, i:1), STATEMACHINELOGENTRY, client-DBB30427F67F, cid=29, (t:1, i:2), METADATAENTRY(c1), (t:1, i:3), STATEMACHINELOGENTRY, client-DBB30427F67F, cid=30, (t:1, i:4), METADATAENTRY(c3), (t:1, i:5), STATEMACHINELOGENTRY, client-DBB30427F67F, cid=31, (t:1, i:6), METADATAENTRY(c5), (t:1, i:7), STATEMACHINELOGENTRY, client-DBB30427F67F, cid=32, (t:1, i:8), METADATAENTRY(c7), (t:1, i:9), STATEMACHINELOGENTRY, client-DBB30427F67F, cid=33, (t:1, i:10), METADATAENTRY(c9), (t:1, i:11), STATEMACHINELOGENTRY, client-DBB30427F67F, cid=34, (t:1, i:12), METADATAENTRY(c11), (t:1, i:13), STATEMACHINELOGENTRY, client-DBB30427F67F, cid=35, (t:1, i:14), METADATAENTRY(c13), (t:1, i:15), STATEMACHINELOGENTRY, client-DBB30427F67F, cid=36, (t:1, i:16), METADATAENTRY(c15), (t:1, i:17), STATEMACHINELOGENTRY, client-DBB30427F67F, cid=37, (t:1, i:18), METADATAENTRY(c17), (t:1, i:19), STATEMACHINELOGENTRY, client-DBB30427F67F, cid=38, (t:1, i:20), METADATAENTRY(c19), (t:1, i:21), STATEMACHINELOGENTRY, client-DBB30427F67F, cid=39, (t:1, i:22), METADATAENTRY(c21), (t:1, i:23), STATEMACHINELOGENTRY, client-DBB30427F67F, cid=40, (t:1, i:24), METADATAENTRY(c23), (t:1, i:25), STATEMACHINELOGENTRY, client-DBB30427F67F, cid=41, (t:1, i:26), METADATAENTRY(c25), (t:1, i:27), STATEMACHINELOGENTRY, client-DBB30427F67F, cid=42, (t:1, i:28), METADATAENTRY(c27), (t:1, i:29), STATEMACHINELOGENTRY, client-DBB30427F67F, cid=43, (t:1, i:30), METADATAENTRY(c29), (t:1, i:31), STATEMACHINELOGENTRY, client-DBB30427F67F, cid=44, (t:1, i:32), METADATAENTRY(c31), (t:1, i:33), STATEMACHINELOGENTRY, client-DBB30427F67F, cid=45, (t:1, i:34), METADATAENTRY(c33), (t:1, i:35), STATEMACHINELOGENTRY, client-DBB30427F67F, cid=46, (t:1, i:36), METADATAENTRY(c35), (t:1, i:37), STATEMACHINELOGENTRY, client-DBB30427F67F, cid=47, (t:1, i:38), METADATAENTRY(c37), (t:1, i:39), STATEMACHINELOGENTRY, client-DBB30427F67F, cid=48, (t:1, i:40), METADATAENTRY(c39)]
2019-09-26 13:12:46,747 DEBUG impl.RaftServerImpl (RaftServerImpl.java:logAppendEntries(850)) - s4@group-0448FFF281AD: receive appendEntries(s1, 1, (t:1, i:0), 40, true, commits[s1:c40, s0:c40, s2:c40, s3:c-1, s4:c-1], entries: [(t:1, i:1), STATEMACHINELOGENTRY, client-DBB30427F67F, cid=29, (t:1, i:2), METADATAENTRY(c1), (t:1, i:3), STATEMACHINELOGENTRY, client-DBB30427F67F, cid=30, (t:1, i:4), METADATAENTRY(c3), (t:1, i:5), STATEMACHINELOGENTRY, client-DBB30427F67F, cid=31, (t:1, i:6), METADATAENTRY(c5), (t:1, i:7), STATEMACHINELOGENTRY, client-DBB30427F67F, cid=32, (t:1, i:8), METADATAENTRY(c7), (t:1, i:9), STATEMACHINELOGENTRY, client-DBB30427F67F, cid=33, (t:1, i:10), METADATAENTRY(c9), (t:1, i:11), STATEMACHINELOGENTRY, client-DBB30427F67F, cid=34, (t:1, i:12), METADATAENTRY(c11), (t:1, i:13), STATEMACHINELOGENTRY, client-DBB30427F67F, cid=35, (t:1, i:14), METADATAENTRY(c13), (t:1, i:15), STATEMACHINELOGENTRY, client-DBB30427F67F, cid=36, (t:1, i:16), METADATAENTRY(c15), (t:1, i:17), STATEMACHINELOGENTRY, client-DBB30427F67F, cid=37, (t:1, i:18), METADATAENTRY(c17), (t:1, i:19), STATEMACHINELOGENTRY, client-DBB30427F67F, cid=38, (t:1, i:20), METADATAENTRY(c19), (t:1, i:21), STATEMACHINELOGENTRY, client-DBB30427F67F, cid=39, (t:1, i:22), METADATAENTRY(c21), (t:1, i:23), STATEMACHINELOGENTRY, client-DBB30427F67F, cid=40, (t:1, i:24), METADATAENTRY(c23), (t:1, i:25), STATEMACHINELOGENTRY, client-DBB30427F67F, cid=41, (t:1, i:26), METADATAENTRY(c25), (t:1, i:27), STATEMACHINELOGENTRY, client-DBB30427F67F, cid=42, (t:1, i:28), METADATAENTRY(c27), (t:1, i:29), STATEMACHINELOGENTRY, client-DBB30427F67F, cid=43, (t:1, i:30), METADATAENTRY(c29), (t:1, i:31), STATEMACHINELOGENTRY, client-DBB30427F67F, cid=44, (t:1, i:32), METADATAENTRY(c31), (t:1, i:33), STATEMACHINELOGENTRY, client-DBB30427F67F, cid=45, (t:1, i:34), METADATAENTRY(c33), (t:1, i:35), STATEMACHINELOGENTRY, client-DBB30427F67F, cid=46, (t:1, i:36), METADATAENTRY(c35), (t:1, i:37), STATEMACHINELOGENTRY, client-DBB30427F67F, cid=47, (t:1, i:38), METADATAENTRY(c37), (t:1, i:39), STATEMACHINELOGENTRY, client-DBB30427F67F, cid=48, (t:1, i:40), METADATAENTRY(c39)]
2019-09-26 13:12:46,747 DEBUG impl.RaftServerImpl (RaftServerImpl.java:requestVote(743)) - s1@group-0448FFF281AD: receive requestVote(s0, group-0448FFF281AD, 2, (t:1, i:40))
2019-09-26 13:12:46,747 INFO  impl.RaftServerImpl (RaftServerImpl.java:checkInconsistentAppendEntries(999)) - s3@group-0448FFF281AD: Failed appendEntries as previous log entry ((t:1, i:0)) is not found
2019-09-26 13:12:46,747 INFO  impl.RaftServerImpl (ServerState.java:setLeader(254)) - s1@group-0448FFF281AD: change Leader from s1 to null at term 2 for updateCurrentTerm
2019-09-26 13:12:46,748 INFO  impl.RaftServerImpl (RaftServerImpl.java:setRole(170)) - s1@group-0448FFF281AD: changes role from    LEADER to FOLLOWER at term 2 for recognizeCandidate:s0
2019-09-26 13:12:46,747 DEBUG impl.RaftServerImpl (RaftServerImpl.java:requestVote(743)) - s2@group-0448FFF281AD: receive requestVote(s0, group-0448FFF281AD, 2, (t:1, i:40))
2019-09-26 13:12:46,747 INFO  impl.RaftServerImpl (RaftServerImpl.java:checkInconsistentAppendEntries(999)) - s4@group-0448FFF281AD: Failed appendEntries as previous log entry ((t:1, i:0)) is not found
2019-09-26 13:12:46,749 INFO  impl.RaftServerImpl (RaftServerImpl.java:checkInconsistentAppendEntries(972)) - s4@group-0448FFF281AD: inconsistency entries. Reply:s1<-s4#0:FAIL,INCONSISTENCY,nextIndex:0,term:1,followerCommit:-1
2019-09-26 13:12:46,748 INFO  impl.RaftServerImpl (ServerState.java:setLeader(254)) - s2@group-0448FFF281AD: change Leader from s1 to null at term 2 for updateCurrentTerm
2019-09-26 13:12:46,749 INFO  impl.RaftServerImpl (RaftServerImpl.java:setRole(170)) - s2@group-0448FFF281AD: changes role from  FOLLOWER to FOLLOWER at term 2 for recognizeCandidate:s0
2019-09-26 13:12:46,748 INFO  impl.RoleInfo (RoleInfo.java:shutdownLeaderState(104)) - s1: shutdown LeaderState
2019-09-26 13:12:46,747 INFO  impl.RaftServerImpl (RaftServerImpl.java:checkInconsistentAppendEntries(972)) - s3@group-0448FFF281AD: inconsistency entries. Reply:s1<-s3#0:FAIL,INCONSISTENCY,nextIndex:0,term:1,followerCommit:-1
2019-09-26 13:12:46,750 INFO  impl.PendingRequests (PendingRequests.java:sendNotLeaderResponses(202)) - s1@group-0448FFF281AD-PendingRequests: sendNotLeaderResponses
2019-09-26 13:12:46,750 INFO  impl.LogAppender (LogAppender.java:run(78)) - s1@group-0448FFF281AD->s3-LogAppender-AppenderDaemon was interrupted: java.io.InterruptedIOException: s1->s3#0 sending from s3:0.0.0.0:35928 is interrupted.
2019-09-26 13:12:46,750 INFO  impl.LogAppender (LogAppender.java:run(78)) - s1@group-0448FFF281AD->s2-LogAppender-AppenderDaemon was interrupted: java.lang.InterruptedException
2019-09-26 13:12:46,750 INFO  impl.LogAppender (LogAppender.java:run(78)) - s1@group-0448FFF281AD->s0-LogAppender-AppenderDaemon was interrupted: java.lang.InterruptedException
2019-09-26 13:12:46,749 INFO  impl.RoleInfo (RoleInfo.java:shutdownFollowerState(121)) - s2: shutdown FollowerState
2019-09-26 13:12:46,749 INFO  impl.FollowerInfo (FollowerInfo.java:lambda$new$0(51)) - s1@group-0448FFF281AD->s4: nextIndex: updateUnconditionally 1 -> 0
2019-09-26 13:12:46,753 INFO  impl.FollowerState (FollowerState.java:run(117)) - s2@group-0448FFF281AD-FollowerState was interrupted: java.lang.InterruptedException: sleep interrupted
2019-09-26 13:12:46,753 INFO  impl.RoleInfo (RoleInfo.java:updateAndGet(143)) - s2: start FollowerState
2019-09-26 13:12:46,752 INFO  impl.RoleInfo (RoleInfo.java:updateAndGet(143)) - s1: start FollowerState
2019-09-26 13:12:46,766 DEBUG impl.RaftServerImpl (RaftServerImpl.java:requestVote(775)) - s2@group-0448FFF281AD replies to vote request: s0<-s2#0:OK-t2. Peer's state: s2@group-0448FFF281AD:t2, leader=null, voted=s0, raftlog=s2@group-0448FFF281AD-SegmentedRaftLog:OPENED:c40,f40,i40, conf=0: [s0:0.0.0.0:38978, s1:0.0.0.0:46247, s2:0.0.0.0:41658], old=null
2019-09-26 13:12:46,766 DEBUG impl.RaftServerImpl (RaftServerImpl.java:requestVote(775)) - s1@group-0448FFF281AD replies to vote request: s0<-s1#0:FAIL-t2. Peer's state: s1@group-0448FFF281AD:t2, leader=null, voted=null, raftlog=s1@group-0448FFF281AD-SegmentedRaftLog:OPENED:c40,f40,i40, conf=0: [s0:0.0.0.0:38978, s1:0.0.0.0:46247, s2:0.0.0.0:41658], old=null
2019-09-26 13:12:46,855 INFO  logging.LoggingHandler (AbstractInternalLogger.java:log(150)) - [id: 0xaabc99b6, L:/0.0.0.0:41658] READ: [id: 0x92ce5d4a, L:/192.168.164.227:41658 - R:/192.168.164.227:34908]
2019-09-26 13:12:46,855 INFO  logging.LoggingHandler (AbstractInternalLogger.java:log(150)) - [id: 0xaabc99b6, L:/0.0.0.0:41658] READ COMPLETE
2019-09-26 13:12:46,856 INFO  impl.RaftServerImpl (RaftServerImpl.java:setConfigurationAsync(658)) - s2@group-0448FFF281AD: receive setConfiguration SetConfigurationRequest:client-DBB30427F67F->s2@group-0448FFF281AD, cid=49, seq=0, RW, null, peers:[s3:0.0.0.0:35928, s4:0.0.0.0:38695, s0:0.0.0.0:38978, s1:0.0.0.0:46247, s2:0.0.0.0:41658]
2019-09-26 13:12:46,959 INFO  logging.LoggingHandler (AbstractInternalLogger.java:log(150)) - [id: 0x765fb7a7, L:/0.0.0.0:38978] READ: [id: 0x9d7ee165, L:/192.168.164.227:38978 - R:/192.168.164.227:60394]
2019-09-26 13:12:46,960 INFO  logging.LoggingHandler (AbstractInternalLogger.java:log(150)) - [id: 0x765fb7a7, L:/0.0.0.0:38978] READ COMPLETE
2019-09-26 13:12:46,961 INFO  impl.RaftServerImpl (RaftServerImpl.java:setConfigurationAsync(658)) - s0@group-0448FFF281AD: receive setConfiguration SetConfigurationRequest:client-DBB30427F67F->s0@group-0448FFF281AD, cid=49, seq=0, RW, null, peers:[s3:0.0.0.0:35928, s4:0.0.0.0:38695, s0:0.0.0.0:38978, s1:0.0.0.0:46247, s2:0.0.0.0:41658]
2019-09-26 13:12:46,962 INFO  impl.FollowerState (FollowerState.java:run(108)) - s1@group-0448FFF281AD-FollowerState: change to CANDIDATE, lastRpcTime:209ms, electionTimeout:208ms
2019-09-26 13:12:46,962 INFO  impl.RoleInfo (RoleInfo.java:shutdownFollowerState(121)) - s1: shutdown FollowerState
2019-09-26 13:12:46,962 INFO  impl.RaftServerImpl (RaftServerImpl.java:setRole(170)) - s1@group-0448FFF281AD: changes role from  FOLLOWER to CANDIDATE at term 2 for changeToCandidate
2019-09-26 13:12:46,962 INFO  impl.RoleInfo (RoleInfo.java:updateAndGet(143)) - s1: start LeaderElection
2019-09-26 13:12:46,976 INFO  impl.LeaderElection (LeaderElection.java:askForVotes(178)) - s1@group-0448FFF281AD-LeaderElection39: begin an election at term 3 for 0: [s0:0.0.0.0:38978, s1:0.0.0.0:46247, s2:0.0.0.0:41658], old=null
2019-09-26 13:12:46,978 DEBUG impl.RaftServerImpl (RaftServerImpl.java:requestVote(743)) - s2@group-0448FFF281AD: receive requestVote(s1, group-0448FFF281AD, 3, (t:1, i:40))
2019-09-26 13:12:46,978 DEBUG impl.RaftServerImpl (RaftServerImpl.java:requestVote(743)) - s0@group-0448FFF281AD: receive requestVote(s1, group-0448FFF281AD, 3, (t:1, i:40))
2019-09-26 13:12:46,978 INFO  impl.RaftServerImpl (RaftServerImpl.java:setRole(170)) - s2@group-0448FFF281AD: changes role from  FOLLOWER to FOLLOWER at term 3 for recognizeCandidate:s1
2019-09-26 13:12:46,978 INFO  impl.RaftServerImpl (RaftServerImpl.java:setRole(170)) - s0@group-0448FFF281AD: changes role from  FOLLOWER to FOLLOWER at term 3 for recognizeCandidate:s1
2019-09-26 13:12:46,979 INFO  impl.RoleInfo (RoleInfo.java:shutdownFollowerState(121)) - s2: shutdown FollowerState
2019-09-26 13:12:46,979 INFO  impl.RoleInfo (RoleInfo.java:shutdownFollowerState(121)) - s0: shutdown FollowerState
2019-09-26 13:12:46,979 INFO  impl.FollowerState (FollowerState.java:run(117)) - s2@group-0448FFF281AD-FollowerState was interrupted: java.lang.InterruptedException: sleep interrupted
2019-09-26 13:12:46,980 INFO  impl.FollowerState (FollowerState.java:run(117)) - s0@group-0448FFF281AD-FollowerState was interrupted: java.lang.InterruptedException: sleep interrupted
2019-09-26 13:12:46,979 INFO  impl.RoleInfo (RoleInfo.java:updateAndGet(143)) - s2: start FollowerState
2019-09-26 13:12:46,980 INFO  impl.RoleInfo (RoleInfo.java:updateAndGet(143)) - s0: start FollowerState
2019-09-26 13:12:46,994 DEBUG impl.RaftServerImpl (RaftServerImpl.java:requestVote(775)) - s0@group-0448FFF281AD replies to vote request: s1<-s0#0:OK-t3. Peer's state: s0@group-0448FFF281AD:t3, leader=null, voted=s1, raftlog=s0@group-0448FFF281AD-SegmentedRaftLog:OPENED:c40,f40,i40, conf=0: [s0:0.0.0.0:38978, s1:0.0.0.0:46247, s2:0.0.0.0:41658], old=null
2019-09-26 13:12:46,994 DEBUG impl.RaftServerImpl (RaftServerImpl.java:requestVote(775)) - s2@group-0448FFF281AD replies to vote request: s1<-s2#0:OK-t3. Peer's state: s2@group-0448FFF281AD:t3, leader=null, voted=s1, raftlog=s2@group-0448FFF281AD-SegmentedRaftLog:OPENED:c40,f40,i40, conf=0: [s0:0.0.0.0:38978, s1:0.0.0.0:46247, s2:0.0.0.0:41658], old=null
2019-09-26 13:12:46,995 INFO  impl.LeaderElection (LeaderElection.java:logAndReturn(56)) - s1@group-0448FFF281AD-LeaderElection39: Election PASSED; received 1 response(s) [s1<-s0#0:OK-t3] and 0 exception(s); s1@group-0448FFF281AD:t3, leader=null, voted=s1, raftlog=s1@group-0448FFF281AD-SegmentedRaftLog:OPENED:c40,f40,i40, conf=0: [s0:0.0.0.0:38978, s1:0.0.0.0:46247, s2:0.0.0.0:41658], old=null
2019-09-26 13:12:46,995 INFO  impl.RoleInfo (RoleInfo.java:shutdownLeaderElection(134)) - s1: shutdown LeaderElection
2019-09-26 13:12:46,995 INFO  impl.RaftServerImpl (RaftServerImpl.java:setRole(170)) - s1@group-0448FFF281AD: changes role from CANDIDATE to LEADER at term 3 for changeToLeader
2019-09-26 13:12:46,995 INFO  impl.RaftServerImpl (ServerState.java:setLeader(254)) - s1@group-0448FFF281AD: change Leader from null to s1 at term 3 for becomeLeader, leader elected after 248ms
2019-09-26 13:12:46,996 INFO  server.RaftServerConfigKeys (ConfUtils.java:logGet(43)) - raft.server.staging.catchup.gap = 10 (custom)
2019-09-26 13:12:46,996 INFO  server.RaftServerConfigKeys (ConfUtils.java:logGet(43)) - raft.server.rpc.sleep.time = 25ms (default)
2019-09-26 13:12:46,996 INFO  server.RaftServerConfigKeys (ConfUtils.java:logGet(43)) - raft.server.write.element-limit = 4096 (default)
2019-09-26 13:12:46,996 INFO  server.RaftServerConfigKeys (ConfUtils.java:logGet(43)) - raft.server.watch.timeout = 10s (default)
2019-09-26 13:12:46,996 INFO  server.RaftServerConfigKeys (ConfUtils.java:logGet(43)) - raft.server.watch.timeout.denomination = 1s (default)
2019-09-26 13:12:46,996 INFO  server.RaftServerConfigKeys (ConfUtils.java:logGet(43)) - raft.server.watch.element-limit = 65536 (default)
2019-09-26 13:12:46,997 INFO  server.RaftServerConfigKeys (ConfUtils.java:logGet(43)) - raft.server.log.appender.snapshot.chunk.size.max = 16MB (=16777216) (default)
2019-09-26 13:12:46,997 INFO  server.RaftServerConfigKeys (ConfUtils.java:logGet(43)) - raft.server.log.appender.buffer.byte-limit = 4MB (=4194304) (default)
2019-09-26 13:12:46,997 INFO  server.RaftServerConfigKeys (ConfUtils.java:logGet(43)) - raft.server.log.appender.buffer.element-limit = 0 (default)
2019-09-26 13:12:46,997 INFO  server.RaftServerConfigKeys (ConfUtils.java:logGet(43)) - raft.server.log.appender.snapshot.chunk.size.max = 16MB (=16777216) (default)
2019-09-26 13:12:46,998 INFO  server.RaftServerConfigKeys (ConfUtils.java:logGet(43)) - raft.server.log.appender.buffer.byte-limit = 4MB (=4194304) (default)
2019-09-26 13:12:46,998 INFO  server.RaftServerConfigKeys (ConfUtils.java:logGet(43)) - raft.server.log.appender.buffer.element-limit = 0 (default)
2019-09-26 13:12:46,998 INFO  impl.RoleInfo (RoleInfo.java:updateAndGet(143)) - s1: start LeaderState
2019-09-26 13:12:46,998 INFO  segmented.SegmentedRaftLogWorker (SegmentedRaftLogWorker.java:rollLogSegment(385)) - s1@group-0448FFF281AD-SegmentedRaftLogWorker: Rolling segment log-0_40 to index:40
2019-09-26 13:12:46,999 INFO  impl.RaftServerImpl (ServerState.java:setRaftConf(355)) - s1@group-0448FFF281AD: set configuration 41: [s0:0.0.0.0:38978, s1:0.0.0.0:46247, s2:0.0.0.0:41658], old=null at 41
2019-09-26 13:12:47,000 INFO  impl.RaftServerImpl (ServerState.java:setLeader(254)) - s2@group-0448FFF281AD: change Leader from null to s1 at term 3 for appendEntries, leader elected after 251ms
2019-09-26 13:12:47,000 INFO  impl.RaftServerImpl (ServerState.java:setLeader(254)) - s0@group-0448FFF281AD: change Leader from null to s1 at term 3 for appendEntries, leader elected after 280ms
2019-09-26 13:12:47,001 TRACE util.FileUtils (LogUtils.java:runAndLog(61)) - Successfully ran Files.move /workdir/ratis-test/target/test/data/3c013135/MiniRaftClusterWithNettya2297eb7/s1/48f57b70-be0f-4f11-8c74-0448fff281ad/current/log_inprogress_0 to /workdir/ratis-test/target/test/data/3c013135/MiniRaftClusterWithNettya2297eb7/s1/48f57b70-be0f-4f11-8c74-0448fff281ad/current/log_0-40
2019-09-26 13:12:47,001 INFO  segmented.SegmentedRaftLogWorker (SegmentedRaftLogWorker.java:execute(526)) - s1@group-0448FFF281AD-SegmentedRaftLogWorker: Rolled log segment from /workdir/ratis-test/target/test/data/3c013135/MiniRaftClusterWithNettya2297eb7/s1/48f57b70-be0f-4f11-8c74-0448fff281ad/current/log_inprogress_0 to /workdir/ratis-test/target/test/data/3c013135/MiniRaftClusterWithNettya2297eb7/s1/48f57b70-be0f-4f11-8c74-0448fff281ad/current/log_0-40
2019-09-26 13:12:47,002 DEBUG impl.RaftServerImpl (RaftServerImpl.java:logAppendEntries(850)) - s2@group-0448FFF281AD: receive appendEntries(s1, 3, (t:1, i:40), 40, false, commits[s1:c40, s0:c40, s2:c40], entries: (t:3, i:41), CONFIGURATIONENTRY
2019-09-26 13:12:47,002 DEBUG impl.RaftServerImpl (RaftServerImpl.java:logAppendEntries(850)) - s0@group-0448FFF281AD: receive appendEntries(s1, 3, (t:1, i:40), 40, false, commits[s1:c40, s0:c40, s2:c40], entries: (t:3, i:41), CONFIGURATIONENTRY
2019-09-26 13:12:47,002 INFO  impl.RaftServerImpl (ServerState.java:setRaftConf(355)) - s2@group-0448FFF281AD: set configuration 41: [s0:0.0.0.0:38978, s1:0.0.0.0:46247, s2:0.0.0.0:41658], old=null at 41
2019-09-26 13:12:47,003 INFO  impl.RaftServerImpl (ServerState.java:setRaftConf(355)) - s0@group-0448FFF281AD: set configuration 41: [s0:0.0.0.0:38978, s1:0.0.0.0:46247, s2:0.0.0.0:41658], old=null at 41
2019-09-26 13:12:47,003 INFO  segmented.SegmentedRaftLogWorker (SegmentedRaftLogWorker.java:rollLogSegment(385)) - s2@group-0448FFF281AD-SegmentedRaftLogWorker: Rolling segment log-0_40 to index:40
2019-09-26 13:12:47,003 INFO  segmented.SegmentedRaftLogWorker (SegmentedRaftLogWorker.java:rollLogSegment(385)) - s0@group-0448FFF281AD-SegmentedRaftLogWorker: Rolling segment log-0_40 to index:40
2019-09-26 13:12:47,006 TRACE util.FileUtils (LogUtils.java:runAndLog(61)) - Successfully ran Files.move /workdir/ratis-test/target/test/data/3c013135/MiniRaftClusterWithNettya2297eb7/s2/48f57b70-be0f-4f11-8c74-0448fff281ad/current/log_inprogress_0 to /workdir/ratis-test/target/test/data/3c013135/MiniRaftClusterWithNettya2297eb7/s2/48f57b70-be0f-4f11-8c74-0448fff281ad/current/log_0-40
2019-09-26 13:12:47,006 INFO  segmented.SegmentedRaftLogWorker (SegmentedRaftLogWorker.java:execute(526)) - s2@group-0448FFF281AD-SegmentedRaftLogWorker: Rolled log segment from /workdir/ratis-test/target/test/data/3c013135/MiniRaftClusterWithNettya2297eb7/s2/48f57b70-be0f-4f11-8c74-0448fff281ad/current/log_inprogress_0 to /workdir/ratis-test/target/test/data/3c013135/MiniRaftClusterWithNettya2297eb7/s2/48f57b70-be0f-4f11-8c74-0448fff281ad/current/log_0-40
2019-09-26 13:12:47,006 TRACE util.FileUtils (LogUtils.java:runAndLog(61)) - Successfully ran Files.move /workdir/ratis-test/target/test/data/3c013135/MiniRaftClusterWithNettya2297eb7/s0/48f57b70-be0f-4f11-8c74-0448fff281ad/current/log_inprogress_0 to /workdir/ratis-test/target/test/data/3c013135/MiniRaftClusterWithNettya2297eb7/s0/48f57b70-be0f-4f11-8c74-0448fff281ad/current/log_0-40
2019-09-26 13:12:47,006 INFO  segmented.SegmentedRaftLogWorker (SegmentedRaftLogWorker.java:execute(526)) - s0@group-0448FFF281AD-SegmentedRaftLogWorker: Rolled log segment from /workdir/ratis-test/target/test/data/3c013135/MiniRaftClusterWithNettya2297eb7/s0/48f57b70-be0f-4f11-8c74-0448fff281ad/current/log_inprogress_0 to /workdir/ratis-test/target/test/data/3c013135/MiniRaftClusterWithNettya2297eb7/s0/48f57b70-be0f-4f11-8c74-0448fff281ad/current/log_0-40
2019-09-26 13:12:47,064 INFO  logging.LoggingHandler (AbstractInternalLogger.java:log(150)) - [id: 0xaabc99b6, L:/0.0.0.0:41658] READ: [id: 0x0ddc3f6b, L:/192.168.164.227:41658 - R:/192.168.164.227:34912]
2019-09-26 13:12:47,065 INFO  logging.LoggingHandler (AbstractInternalLogger.java:log(150)) - [id: 0xaabc99b6, L:/0.0.0.0:41658] READ COMPLETE
2019-09-26 13:12:47,066 INFO  impl.RaftServerImpl (RaftServerImpl.java:setConfigurationAsync(658)) - s2@group-0448FFF281AD: receive setConfiguration SetConfigurationRequest:client-DBB30427F67F->s2@group-0448FFF281AD, cid=49, seq=0, RW, null, peers:[s3:0.0.0.0:35928, s4:0.0.0.0:38695, s0:0.0.0.0:38978, s1:0.0.0.0:46247, s2:0.0.0.0:41658]
2019-09-26 13:12:47,126 INFO  segmented.SegmentedRaftLogWorker (SegmentedRaftLogWorker.java:execute(569)) - s2@group-0448FFF281AD-SegmentedRaftLogWorker: created new log segment /workdir/ratis-test/target/test/data/3c013135/MiniRaftClusterWithNettya2297eb7/s2/48f57b70-be0f-4f11-8c74-0448fff281ad/current/log_inprogress_41
2019-09-26 13:12:47,126 INFO  segmented.SegmentedRaftLogWorker (SegmentedRaftLogWorker.java:execute(569)) - s1@group-0448FFF281AD-SegmentedRaftLogWorker: created new log segment /workdir/ratis-test/target/test/data/3c013135/MiniRaftClusterWithNettya2297eb7/s1/48f57b70-be0f-4f11-8c74-0448fff281ad/current/log_inprogress_41
2019-09-26 13:12:47,126 INFO  segmented.SegmentedRaftLogWorker (SegmentedRaftLogWorker.java:execute(569)) - s0@group-0448FFF281AD-SegmentedRaftLogWorker: created new log segment /workdir/ratis-test/target/test/data/3c013135/MiniRaftClusterWithNettya2297eb7/s0/48f57b70-be0f-4f11-8c74-0448fff281ad/current/log_inprogress_41
2019-09-26 13:12:47,137 DEBUG impl.RaftServerImpl (RaftServerImpl.java:logAppendEntries(850)) - s2@group-0448FFF281AD: succeeded to handle AppendEntries. Reply: s1<-s2#0:OK,SUCCESS,nextIndex:42,term:3,followerCommit:40
2019-09-26 13:12:47,139 DEBUG impl.RaftServerImpl (RaftServerImpl.java:logAppendEntries(850)) - s0@group-0448FFF281AD: succeeded to handle AppendEntries. Reply: s1<-s0#0:OK,SUCCESS,nextIndex:42,term:3,followerCommit:40
2019-09-26 13:12:47,140 DEBUG impl.RaftServerImpl (RaftServerImpl.java:logAppendEntries(850)) - s2@group-0448FFF281AD: receive appendEntries(s1, 3, (t:3, i:41), 41, false, commits[s1:c41, s0:c40, s2:c40], entries: (t:3, i:42), METADATAENTRY(c41)
2019-09-26 13:12:47,140 DEBUG impl.RaftServerImpl (RaftServerImpl.java:logAppendEntries(850)) - s0@group-0448FFF281AD: receive appendEntries(s1, 3, (t:3, i:41), 41, false, commits[s1:c41, s0:c40, s2:c40], entries: (t:3, i:42), METADATAENTRY(c41)
2019-09-26 13:12:47,154 DEBUG impl.RaftServerImpl (RaftServerImpl.java:logAppendEntries(850)) - s2@group-0448FFF281AD: succeeded to handle AppendEntries. Reply: s1<-s2#0:OK,SUCCESS,nextIndex:43,term:3,followerCommit:41
2019-09-26 13:12:47,154 DEBUG impl.RaftServerImpl (RaftServerImpl.java:logAppendEntries(850)) - s0@group-0448FFF281AD: succeeded to handle AppendEntries. Reply: s1<-s0#0:OK,SUCCESS,nextIndex:43,term:3,followerCommit:41
2019-09-26 13:12:47,169 INFO  logging.LoggingHandler (AbstractInternalLogger.java:log(150)) - [id: 0xc5302367, L:/0.0.0.0:46247] READ: [id: 0x0adcd1bd, L:/192.168.164.227:46247 - R:/192.168.164.227:36426]
2019-09-26 13:12:47,169 INFO  logging.LoggingHandler (AbstractInternalLogger.java:log(150)) - [id: 0xc5302367, L:/0.0.0.0:46247] READ COMPLETE
2019-09-26 13:12:47,171 INFO  impl.RaftServerImpl (RaftServerImpl.java:setConfigurationAsync(658)) - s1@group-0448FFF281AD: receive setConfiguration SetConfigurationRequest:client-DBB30427F67F->s1@group-0448FFF281AD, cid=49, seq=0, RW, null, peers:[s3:0.0.0.0:35928, s4:0.0.0.0:38695, s0:0.0.0.0:38978, s1:0.0.0.0:46247, s2:0.0.0.0:41658]
2019-09-26 13:12:47,171 INFO  impl.RaftServerImpl (LeaderState.java:startSetConfiguration(287)) - s1@group-0448FFF281AD-LeaderState: startSetConfiguration SetConfigurationRequest:client-DBB30427F67F->s1@group-0448FFF281AD, cid=49, seq=0, RW, null, peers:[s3:0.0.0.0:35928, s4:0.0.0.0:38695, s0:0.0.0.0:38978, s1:0.0.0.0:46247, s2:0.0.0.0:41658]
2019-09-26 13:12:47,172 INFO  server.RaftServerConfigKeys (ConfUtils.java:logGet(43)) - raft.server.log.appender.snapshot.chunk.size.max = 16MB (=16777216) (default)
2019-09-26 13:12:47,172 INFO  server.RaftServerConfigKeys (ConfUtils.java:logGet(43)) - raft.server.log.appender.buffer.byte-limit = 4MB (=4194304) (default)
2019-09-26 13:12:47,172 INFO  server.RaftServerConfigKeys (ConfUtils.java:logGet(43)) - raft.server.log.appender.buffer.element-limit = 0 (default)
2019-09-26 13:12:47,173 INFO  server.RaftServerConfigKeys (ConfUtils.java:logGet(43)) - raft.server.log.appender.snapshot.chunk.size.max = 16MB (=16777216) (default)
2019-09-26 13:12:47,173 INFO  server.RaftServerConfigKeys (ConfUtils.java:logGet(43)) - raft.server.log.appender.buffer.byte-limit = 4MB (=4194304) (default)
2019-09-26 13:12:47,173 INFO  server.RaftServerConfigKeys (ConfUtils.java:logGet(43)) - raft.server.log.appender.buffer.element-limit = 0 (default)
2019-09-26 13:12:47,174 INFO  impl.RaftServerImpl (ServerState.java:setLeader(254)) - s3@group-0448FFF281AD: change Leader from s1 to null at term 3 for updateCurrentTerm
2019-09-26 13:12:47,175 INFO  impl.RaftServerImpl (ServerState.java:setLeader(254)) - s4@group-0448FFF281AD: change Leader from s1 to null at term 3 for updateCurrentTerm
2019-09-26 13:12:47,193 INFO  impl.RaftServerImpl (ServerState.java:setLeader(254)) - s4@group-0448FFF281AD: change Leader from null to s1 at term 3 for appendEntries, leader elected after 18ms
2019-09-26 13:12:47,193 INFO  impl.RaftServerImpl (ServerState.java:setLeader(254)) - s3@group-0448FFF281AD: change Leader from null to s1 at term 3 for appendEntries, leader elected after 18ms
2019-09-26 13:12:47,193 INFO  impl.RaftServerImpl (RaftServerImpl.java:checkInconsistentAppendEntries(999)) - s4@group-0448FFF281AD: Failed appendEntries as previous log entry ((t:3, i:42)) is not found
2019-09-26 13:12:47,193 INFO  impl.RaftServerImpl (RaftServerImpl.java:checkInconsistentAppendEntries(999)) - s3@group-0448FFF281AD: Failed appendEntries as previous log entry ((t:3, i:42)) is not found
2019-09-26 13:12:47,194 INFO  impl.RaftServerImpl (RaftServerImpl.java:checkInconsistentAppendEntries(972)) - s4@group-0448FFF281AD: inconsistency entries. Reply:s1<-s4#0:FAIL,INCONSISTENCY,nextIndex:1,term:1,followerCommit:-1
2019-09-26 13:12:47,194 INFO  impl.RaftServerImpl (RaftServerImpl.java:checkInconsistentAppendEntries(972)) - s3@group-0448FFF281AD: inconsistency entries. Reply:s1<-s3#0:FAIL,INCONSISTENCY,nextIndex:1,term:1,followerCommit:-1
2019-09-26 13:12:47,194 INFO  impl.FollowerInfo (FollowerInfo.java:lambda$new$0(51)) - s1@group-0448FFF281AD->s4: nextIndex: updateUnconditionally 43 -> 1
2019-09-26 13:12:47,195 INFO  impl.FollowerInfo (FollowerInfo.java:lambda$new$0(51)) - s1@group-0448FFF281AD->s3: nextIndex: updateUnconditionally 43 -> 1
2019-09-26 13:12:47,196 DEBUG impl.RaftServerImpl (RaftServerImpl.java:logAppendEntries(850)) - s4@group-0448FFF281AD: receive appendEntries(s1, 3, (t:1, i:0), 42, true, commits[s1:c42, s0:c41, s2:c41, s3:c-1, s4:c-1], entries: [(t:1, i:1), STATEMACHINELOGENTRY, client-DBB30427F67F, cid=29, (t:1, i:2), METADATAENTRY(c1), (t:1, i:3), STATEMACHINELOGENTRY, client-DBB30427F67F, cid=30, (t:1, i:4), METADATAENTRY(c3), (t:1, i:5), STATEMACHINELOGENTRY, client-DBB30427F67F, cid=31, (t:1, i:6), METADATAENTRY(c5), (t:1, i:7), STATEMACHINELOGENTRY, client-DBB30427F67F, cid=32, (t:1, i:8), METADATAENTRY(c7), (t:1, i:9), STATEMACHINELOGENTRY, client-DBB30427F67F, cid=33, (t:1, i:10), METADATAENTRY(c9), (t:1, i:11), STATEMACHINELOGENTRY, client-DBB30427F67F, cid=34, (t:1, i:12), METADATAENTRY(c11), (t:1, i:13), STATEMACHINELOGENTRY, client-DBB30427F67F, cid=35, (t:1, i:14), METADATAENTRY(c13), (t:1, i:15), STATEMACHINELOGENTRY, client-DBB30427F67F, cid=36, (t:1, i:16), METADATAENTRY(c15), (t:1, i:17), STATEMACHINELOGENTRY, client-DBB30427F67F, cid=37, (t:1, i:18), METADATAENTRY(c17), (t:1, i:19), STATEMACHINELOGENTRY, client-DBB30427F67F, cid=38, (t:1, i:20), METADATAENTRY(c19), (t:1, i:21), STATEMACHINELOGENTRY, client-DBB30427F67F, cid=39, (t:1, i:22), METADATAENTRY(c21), (t:1, i:23), STATEMACHINELOGENTRY, client-DBB30427F67F, cid=40, (t:1, i:24), METADATAENTRY(c23), (t:1, i:25), STATEMACHINELOGENTRY, client-DBB30427F67F, cid=41, (t:1, i:26), METADATAENTRY(c25), (t:1, i:27), STATEMACHINELOGENTRY, client-DBB30427F67F, cid=42, (t:1, i:28), METADATAENTRY(c27), (t:1, i:29), STATEMACHINELOGENTRY, client-DBB30427F67F, cid=43, (t:1, i:30), METADATAENTRY(c29), (t:1, i:31), STATEMACHINELOGENTRY, client-DBB30427F67F, cid=44, (t:1, i:32), METADATAENTRY(c31), (t:1, i:33), STATEMACHINELOGENTRY, client-DBB30427F67F, cid=45, (t:1, i:34), METADATAENTRY(c33), (t:1, i:35), STATEMACHINELOGENTRY, client-DBB30427F67F, cid=46, (t:1, i:36), METADATAENTRY(c35), (t:1, i:37), STATEMACHINELOGENTRY, client-DBB30427F67F, cid=47, (t:1, i:38), METADATAENTRY(c37), (t:1, i:39), STATEMACHINELOGENTRY, client-DBB30427F67F, cid=48, (t:1, i:40), METADATAENTRY(c39), (t:3, i:41), CONFIGURATIONENTRY, (t:3, i:42), METADATAENTRY(c41)]
2019-09-26 13:12:47,196 INFO  impl.RaftServerImpl (RaftServerImpl.java:checkInconsistentAppendEntries(999)) - s4@group-0448FFF281AD: Failed appendEntries as previous log entry ((t:1, i:0)) is not found
2019-09-26 13:12:47,197 INFO  impl.RaftServerImpl (RaftServerImpl.java:checkInconsistentAppendEntries(972)) - s4@group-0448FFF281AD: inconsistency entries. Reply:s1<-s4#0:FAIL,INCONSISTENCY,nextIndex:0,term:3,followerCommit:-1
2019-09-26 13:12:47,197 DEBUG impl.RaftServerImpl (RaftServerImpl.java:logAppendEntries(850)) - s3@group-0448FFF281AD: receive appendEntries(s1, 3, (t:1, i:0), 42, true, commits[s1:c42, s0:c41, s2:c41, s3:c-1, s4:c-1], entries: [(t:1, i:1), STATEMACHINELOGENTRY, client-DBB30427F67F, cid=29, (t:1, i:2), METADATAENTRY(c1), (t:1, i:3), STATEMACHINELOGENTRY, client-DBB30427F67F, cid=30, (t:1, i:4), METADATAENTRY(c3), (t:1, i:5), STATEMACHINELOGENTRY, client-DBB30427F67F, cid=31, (t:1, i:6), METADATAENTRY(c5), (t:1, i:7), STATEMACHINELOGENTRY, client-DBB30427F67F, cid=32, (t:1, i:8), METADATAENTRY(c7), (t:1, i:9), STATEMACHINELOGENTRY, client-DBB30427F67F, cid=33, (t:1, i:10), METADATAENTRY(c9), (t:1, i:11), STATEMACHINELOGENTRY, client-DBB30427F67F, cid=34, (t:1, i:12), METADATAENTRY(c11), (t:1, i:13), STATEMACHINELOGENTRY, client-DBB30427F67F, cid=35, (t:1, i:14), METADATAENTRY(c13), (t:1, i:15), STATEMACHINELOGENTRY, client-DBB30427F67F, cid=36, (t:1, i:16), METADATAENTRY(c15), (t:1, i:17), STATEMACHINELOGENTRY, client-DBB30427F67F, cid=37, (t:1, i:18), METADATAENTRY(c17), (t:1, i:19), STATEMACHINELOGENTRY, client-DBB30427F67F, cid=38, (t:1, i:20), METADATAENTRY(c19), (t:1, i:21), STATEMACHINELOGENTRY, client-DBB30427F67F, cid=39, (t:1, i:22), METADATAENTRY(c21), (t:1, i:23), STATEMACHINELOGENTRY, client-DBB30427F67F, cid=40, (t:1, i:24), METADATAENTRY(c23), (t:1, i:25), STATEMACHINELOGENTRY, client-DBB30427F67F, cid=41, (t:1, i:26), METADATAENTRY(c25), (t:1, i:27), STATEMACHINELOGENTRY, client-DBB30427F67F, cid=42, (t:1, i:28), METADATAENTRY(c27), (t:1, i:29), STATEMACHINELOGENTRY, client-DBB30427F67F, cid=43, (t:1, i:30), METADATAENTRY(c29), (t:1, i:31), STATEMACHINELOGENTRY, client-DBB30427F67F, cid=44, (t:1, i:32), METADATAENTRY(c31), (t:1, i:33), STATEMACHINELOGENTRY, client-DBB30427F67F, cid=45, (t:1, i:34), METADATAENTRY(c33), (t:1, i:35), STATEMACHINELOGENTRY, client-DBB30427F67F, cid=46, (t:1, i:36), METADATAENTRY(c35), (t:1, i:37), STATEMACHINELOGENTRY, client-DBB30427F67F, cid=47, (t:1, i:38), METADATAENTRY(c37), (t:1, i:39), STATEMACHINELOGENTRY, client-DBB30427F67F, cid=48, (t:1, i:40), METADATAENTRY(c39), (t:3, i:41), CONFIGURATIONENTRY, (t:3, i:42), METADATAENTRY(c41)]
2019-09-26 13:12:47,197 INFO  impl.FollowerInfo (FollowerInfo.java:lambda$new$0(51)) - s1@group-0448FFF281AD->s4: nextIndex: updateUnconditionally 1 -> 0
2019-09-26 13:12:47,197 INFO  impl.RaftServerImpl (RaftServerImpl.java:checkInconsistentAppendEntries(999)) - s3@group-0448FFF281AD: Failed appendEntries as previous log entry ((t:1, i:0)) is not found
2019-09-26 13:12:47,198 INFO  impl.RaftServerImpl (RaftServerImpl.java:checkInconsistentAppendEntries(972)) - s3@group-0448FFF281AD: inconsistency entries. Reply:s1<-s3#0:FAIL,INCONSISTENCY,nextIndex:0,term:3,followerCommit:-1
2019-09-26 13:12:47,198 INFO  impl.FollowerInfo (FollowerInfo.java:lambda$new$0(51)) - s1@group-0448FFF281AD->s3: nextIndex: updateUnconditionally 1 -> 0
2019-09-26 13:12:47,199 DEBUG impl.RaftServerImpl (RaftServerImpl.java:logAppendEntries(850)) - s4@group-0448FFF281AD: receive appendEntries(s1, 3, null, 42, true, commits[s1:c42, s0:c41, s2:c41, s3:c-1, s4:c-1], entries: [(t:1, i:0), CONFIGURATIONENTRY, (t:1, i:1), STATEMACHINELOGENTRY, client-DBB30427F67F, cid=29, (t:1, i:2), METADATAENTRY(c1), (t:1, i:3), STATEMACHINELOGENTRY, client-DBB30427F67F, cid=30, (t:1, i:4), METADATAENTRY(c3), (t:1, i:5), STATEMACHINELOGENTRY, client-DBB30427F67F, cid=31, (t:1, i:6), METADATAENTRY(c5), (t:1, i:7), STATEMACHINELOGENTRY, client-DBB30427F67F, cid=32, (t:1, i:8), METADATAENTRY(c7), (t:1, i:9), STATEMACHINELOGENTRY, client-DBB30427F67F, cid=33, (t:1, i:10), METADATAENTRY(c9), (t:1, i:11), STATEMACHINELOGENTRY, client-DBB30427F67F, cid=34, (t:1, i:12), METADATAENTRY(c11), (t:1, i:13), STATEMACHINELOGENTRY, client-DBB30427F67F, cid=35, (t:1, i:14), METADATAENTRY(c13), (t:1, i:15), STATEMACHINELOGENTRY, client-DBB30427F67F, cid=36, (t:1, i:16), METADATAENTRY(c15), (t:1, i:17), STATEMACHINELOGENTRY, client-DBB30427F67F, cid=37, (t:1, i:18), METADATAENTRY(c17), (t:1, i:19), STATEMACHINELOGENTRY, client-DBB30427F67F, cid=38, (t:1, i:20), METADATAENTRY(c19), (t:1, i:21), STATEMACHINELOGENTRY, client-DBB30427F67F, cid=39, (t:1, i:22), METADATAENTRY(c21), (t:1, i:23), STATEMACHINELOGENTRY, client-DBB30427F67F, cid=40, (t:1, i:24), METADATAENTRY(c23), (t:1, i:25), STATEMACHINELOGENTRY, client-DBB30427F67F, cid=41, (t:1, i:26), METADATAENTRY(c25), (t:1, i:27), STATEMACHINELOGENTRY, client-DBB30427F67F, cid=42, (t:1, i:28), METADATAENTRY(c27), (t:1, i:29), STATEMACHINELOGENTRY, client-DBB30427F67F, cid=43, (t:1, i:30), METADATAENTRY(c29), (t:1, i:31), STATEMACHINELOGENTRY, client-DBB30427F67F, cid=44, (t:1, i:32), METADATAENTRY(c31), (t:1, i:33), STATEMACHINELOGENTRY, client-DBB30427F67F, cid=45, (t:1, i:34), METADATAENTRY(c33), (t:1, i:35), STATEMACHINELOGENTRY, client-DBB30427F67F, cid=46, (t:1, i:36), METADATAENTRY(c35), (t:1, i:37), STATEMACHINELOGENTRY, client-DBB30427F67F, cid=47, (t:1, i:38), METADATAENTRY(c37), (t:1, i:39), STATEMACHINELOGENTRY, client-DBB30427F67F, cid=48, (t:1, i:40), METADATAENTRY(c39), (t:3, i:41), CONFIGURATIONENTRY, (t:3, i:42), METADATAENTRY(c41)]
2019-09-26 13:12:47,199 INFO  impl.RaftServerImpl (ServerState.java:setRaftConf(355)) - s4@group-0448FFF281AD: set configuration 0: [s0:0.0.0.0:38978, s1:0.0.0.0:46247, s2:0.0.0.0:41658], old=null at 0
2019-09-26 13:12:47,199 INFO  impl.RaftServerImpl (ServerState.java:setRaftConf(355)) - s4@group-0448FFF281AD: set configuration 41: [s0:0.0.0.0:38978, s1:0.0.0.0:46247, s2:0.0.0.0:41658], old=null at 41
2019-09-26 13:12:47,200 INFO  segmented.SegmentedRaftLogWorker (SegmentedRaftLogWorker.java:startLogSegment(380)) - s4@group-0448FFF281AD-SegmentedRaftLogWorker: Starting segment from index:0
2019-09-26 13:12:47,200 DEBUG impl.RaftServerImpl (RaftServerImpl.java:logAppendEntries(850)) - s3@group-0448FFF281AD: receive appendEntries(s1, 3, null, 42, true, commits[s1:c42, s0:c41, s2:c41, s3:c-1, s4:c-1], entries: [(t:1, i:0), CONFIGURATIONENTRY, (t:1, i:1), STATEMACHINELOGENTRY, client-DBB30427F67F, cid=29, (t:1, i:2), METADATAENTRY(c1), (t:1, i:3), STATEMACHINELOGENTRY, client-DBB30427F67F, cid=30, (t:1, i:4), METADATAENTRY(c3), (t:1, i:5), STATEMACHINELOGENTRY, client-DBB30427F67F, cid=31, (t:1, i:6), METADATAENTRY(c5), (t:1, i:7), STATEMACHINELOGENTRY, client-DBB30427F67F, cid=32, (t:1, i:8), METADATAENTRY(c7), (t:1, i:9), STATEMACHINELOGENTRY, client-DBB30427F67F, cid=33, (t:1, i:10), METADATAENTRY(c9), (t:1, i:11), STATEMACHINELOGENTRY, client-DBB30427F67F, cid=34, (t:1, i:12), METADATAENTRY(c11), (t:1, i:13), STATEMACHINELOGENTRY, client-DBB30427F67F, cid=35, (t:1, i:14), METADATAENTRY(c13), (t:1, i:15), STATEMACHINELOGENTRY, client-DBB30427F67F, cid=36, (t:1, i:16), METADATAENTRY(c15), (t:1, i:17), STATEMACHINELOGENTRY, client-DBB30427F67F, cid=37, (t:1, i:18), METADATAENTRY(c17), (t:1, i:19), STATEMACHINELOGENTRY, client-DBB30427F67F, cid=38, (t:1, i:20), METADATAENTRY(c19), (t:1, i:21), STATEMACHINELOGENTRY, client-DBB30427F67F, cid=39, (t:1, i:22), METADATAENTRY(c21), (t:1, i:23), STATEMACHINELOGENTRY, client-DBB30427F67F, cid=40, (t:1, i:24), METADATAENTRY(c23), (t:1, i:25), STATEMACHINELOGENTRY, client-DBB30427F67F, cid=41, (t:1, i:26), METADATAENTRY(c25), (t:1, i:27), STATEMACHINELOGENTRY, client-DBB30427F67F, cid=42, (t:1, i:28), METADATAENTRY(c27), (t:1, i:29), STATEMACHINELOGENTRY, client-DBB30427F67F, cid=43, (t:1, i:30), METADATAENTRY(c29), (t:1, i:31), STATEMACHINELOGENTRY, client-DBB30427F67F, cid=44, (t:1, i:32), METADATAENTRY(c31), (t:1, i:33), STATEMACHINELOGENTRY, client-DBB30427F67F, cid=45, (t:1, i:34), METADATAENTRY(c33), (t:1, i:35), STATEMACHINELOGENTRY, client-DBB30427F67F, cid=46, (t:1, i:36), METADATAENTRY(c35), (t:1, i:37), STATEMACHINELOGENTRY, client-DBB30427F67F, cid=47, (t:1, i:38), METADATAENTRY(c37), (t:1, i:39), STATEMACHINELOGENTRY, client-DBB30427F67F, cid=48, (t:1, i:40), METADATAENTRY(c39), (t:3, i:41), CONFIGURATIONENTRY, (t:3, i:42), METADATAENTRY(c41)]
2019-09-26 13:12:47,200 INFO  segmented.SegmentedRaftLogWorker (SegmentedRaftLogWorker.java:rollLogSegment(385)) - s4@group-0448FFF281AD-SegmentedRaftLogWorker: Rolling segment log-0_40 to index:40
2019-09-26 13:12:47,200 INFO  impl.RaftServerImpl (ServerState.java:setRaftConf(355)) - s3@group-0448FFF281AD: set configuration 0: [s0:0.0.0.0:38978, s1:0.0.0.0:46247, s2:0.0.0.0:41658], old=null at 0
2019-09-26 13:12:47,201 INFO  impl.RaftServerImpl (ServerState.java:setRaftConf(355)) - s3@group-0448FFF281AD: set configuration 41: [s0:0.0.0.0:38978, s1:0.0.0.0:46247, s2:0.0.0.0:41658], old=null at 41
2019-09-26 13:12:47,201 INFO  segmented.SegmentedRaftLogWorker (SegmentedRaftLogWorker.java:startLogSegment(380)) - s3@group-0448FFF281AD-SegmentedRaftLogWorker: Starting segment from index:0
2019-09-26 13:12:47,202 INFO  segmented.SegmentedRaftLogWorker (SegmentedRaftLogWorker.java:rollLogSegment(385)) - s3@group-0448FFF281AD-SegmentedRaftLogWorker: Rolling segment log-0_40 to index:40
2019-09-26 13:12:47,306 INFO  segmented.SegmentedRaftLogWorker (SegmentedRaftLogWorker.java:execute(569)) - s3@group-0448FFF281AD-SegmentedRaftLogWorker: created new log segment /workdir/ratis-test/target/test/data/3c013135/MiniRaftClusterWithNettya2297eb7/s3/48f57b70-be0f-4f11-8c74-0448fff281ad/current/log_inprogress_0
2019-09-26 13:12:47,306 INFO  segmented.SegmentedRaftLogWorker (SegmentedRaftLogWorker.java:execute(569)) - s4@group-0448FFF281AD-SegmentedRaftLogWorker: created new log segment /workdir/ratis-test/target/test/data/3c013135/MiniRaftClusterWithNettya2297eb7/s4/48f57b70-be0f-4f11-8c74-0448fff281ad/current/log_inprogress_0
2019-09-26 13:12:47,316 TRACE util.FileUtils (LogUtils.java:runAndLog(61)) - Successfully ran Files.move /workdir/ratis-test/target/test/data/3c013135/MiniRaftClusterWithNettya2297eb7/s4/48f57b70-be0f-4f11-8c74-0448fff281ad/current/log_inprogress_0 to /workdir/ratis-test/target/test/data/3c013135/MiniRaftClusterWithNettya2297eb7/s4/48f57b70-be0f-4f11-8c74-0448fff281ad/current/log_0-40
2019-09-26 13:12:47,316 INFO  segmented.SegmentedRaftLogWorker (SegmentedRaftLogWorker.java:execute(526)) - s4@group-0448FFF281AD-SegmentedRaftLogWorker: Rolled log segment from /workdir/ratis-test/target/test/data/3c013135/MiniRaftClusterWithNettya2297eb7/s4/48f57b70-be0f-4f11-8c74-0448fff281ad/current/log_inprogress_0 to /workdir/ratis-test/target/test/data/3c013135/MiniRaftClusterWithNettya2297eb7/s4/48f57b70-be0f-4f11-8c74-0448fff281ad/current/log_0-40
2019-09-26 13:12:47,317 TRACE util.FileUtils (LogUtils.java:runAndLog(61)) - Successfully ran Files.move /workdir/ratis-test/target/test/data/3c013135/MiniRaftClusterWithNettya2297eb7/s3/48f57b70-be0f-4f11-8c74-0448fff281ad/current/log_inprogress_0 to /workdir/ratis-test/target/test/data/3c013135/MiniRaftClusterWithNettya2297eb7/s3/48f57b70-be0f-4f11-8c74-0448fff281ad/current/log_0-40
2019-09-26 13:12:47,317 INFO  segmented.SegmentedRaftLogWorker (SegmentedRaftLogWorker.java:execute(526)) - s3@group-0448FFF281AD-SegmentedRaftLogWorker: Rolled log segment from /workdir/ratis-test/target/test/data/3c013135/MiniRaftClusterWithNettya2297eb7/s3/48f57b70-be0f-4f11-8c74-0448fff281ad/current/log_inprogress_0 to /workdir/ratis-test/target/test/data/3c013135/MiniRaftClusterWithNettya2297eb7/s3/48f57b70-be0f-4f11-8c74-0448fff281ad/current/log_0-40
2019-09-26 13:12:47,406 INFO  segmented.SegmentedRaftLogWorker (SegmentedRaftLogWorker.java:execute(569)) - s3@group-0448FFF281AD-SegmentedRaftLogWorker: created new log segment /workdir/ratis-test/target/test/data/3c013135/MiniRaftClusterWithNettya2297eb7/s3/48f57b70-be0f-4f11-8c74-0448fff281ad/current/log_inprogress_41
2019-09-26 13:12:47,406 INFO  segmented.SegmentedRaftLogWorker (SegmentedRaftLogWorker.java:execute(569)) - s4@group-0448FFF281AD-SegmentedRaftLogWorker: created new log segment /workdir/ratis-test/target/test/data/3c013135/MiniRaftClusterWithNettya2297eb7/s4/48f57b70-be0f-4f11-8c74-0448fff281ad/current/log_inprogress_41
2019-09-26 13:12:47,418 DEBUG impl.RaftServerImpl (RaftServerImpl.java:logAppendEntries(850)) - s3@group-0448FFF281AD: succeeded to handle AppendEntries. Reply: s1<-s3#0:OK,SUCCESS,nextIndex:43,term:3,followerCommit:42
2019-09-26 13:12:47,419 DEBUG impl.RaftServerImpl (RaftServerImpl.java:logAppendEntries(850)) - s4@group-0448FFF281AD: succeeded to handle AppendEntries. Reply: s1<-s4#0:OK,SUCCESS,nextIndex:43,term:3,followerCommit:42
2019-09-26 13:12:47,420 INFO  impl.RaftServerImpl (ServerState.java:setRaftConf(355)) - s1@group-0448FFF281AD: set configuration 43: [s3:0.0.0.0:35928, s4:0.0.0.0:38695, s0:0.0.0.0:38978, s1:0.0.0.0:46247, s2:0.0.0.0:41658], old=[s0:0.0.0.0:38978, s1:0.0.0.0:46247, s2:0.0.0.0:41658] at 43
2019-09-26 13:12:47,421 DEBUG impl.RaftServerImpl (RaftServerImpl.java:logAppendEntries(850)) - s3@group-0448FFF281AD: receive appendEntries(s1, 3, (t:3, i:42), 42, false, commits[s1:c42, s0:c42, s2:c42, s3:c42, s4:c42], entries: (t:3, i:43), CONFIGURATIONENTRY
2019-09-26 13:12:47,421 DEBUG impl.RaftServerImpl (RaftServerImpl.java:logAppendEntries(850)) - s0@group-0448FFF281AD: receive appendEntries(s1, 3, (t:3, i:42), 42, false, commits[s1:c42, s0:c42, s2:c42, s3:c42, s4:c42], entries: (t:3, i:43), CONFIGURATIONENTRY
2019-09-26 13:12:47,421 DEBUG impl.RaftServerImpl (RaftServerImpl.java:logAppendEntries(850)) - s2@group-0448FFF281AD: receive appendEntries(s1, 3, (t:3, i:42), 42, false, commits[s1:c42, s0:c42, s2:c42, s3:c42, s4:c42], entries: (t:3, i:43), CONFIGURATIONENTRY
2019-09-26 13:12:47,421 DEBUG impl.RaftServerImpl (RaftServerImpl.java:logAppendEntries(850)) - s4@group-0448FFF281AD: receive appendEntries(s1, 3, (t:3, i:42), 42, false, commits[s1:c42, s0:c42, s2:c42, s3:c42, s4:c42], entries: (t:3, i:43), CONFIGURATIONENTRY
2019-09-26 13:12:47,423 INFO  impl.RaftServerImpl (ServerState.java:setRaftConf(355)) - s2@group-0448FFF281AD: set configuration 43: [s3:0.0.0.0:35928, s4:0.0.0.0:38695, s0:0.0.0.0:38978, s1:0.0.0.0:46247, s2:0.0.0.0:41658], old=[s0:0.0.0.0:38978, s1:0.0.0.0:46247, s2:0.0.0.0:41658] at 43
2019-09-26 13:12:47,422 INFO  impl.RaftServerImpl (ServerState.java:setRaftConf(355)) - s0@group-0448FFF281AD: set configuration 43: [s3:0.0.0.0:35928, s4:0.0.0.0:38695, s0:0.0.0.0:38978, s1:0.0.0.0:46247, s2:0.0.0.0:41658], old=[s0:0.0.0.0:38978, s1:0.0.0.0:46247, s2:0.0.0.0:41658] at 43
2019-09-26 13:12:47,422 INFO  impl.RoleInfo (RoleInfo.java:updateAndGet(143)) - s3: start FollowerState
2019-09-26 13:12:47,423 INFO  impl.RoleInfo (RoleInfo.java:updateAndGet(143)) - s4: start FollowerState
2019-09-26 13:12:47,424 INFO  impl.RaftServerImpl (ServerState.java:setRaftConf(355)) - s3@group-0448FFF281AD: set configuration 43: [s3:0.0.0.0:35928, s4:0.0.0.0:38695, s0:0.0.0.0:38978, s1:0.0.0.0:46247, s2:0.0.0.0:41658], old=[s0:0.0.0.0:38978, s1:0.0.0.0:46247, s2:0.0.0.0:41658] at 43
2019-09-26 13:12:47,425 INFO  impl.RaftServerImpl (ServerState.java:setRaftConf(355)) - s4@group-0448FFF281AD: set configuration 43: [s3:0.0.0.0:35928, s4:0.0.0.0:38695, s0:0.0.0.0:38978, s1:0.0.0.0:46247, s2:0.0.0.0:41658], old=[s0:0.0.0.0:38978, s1:0.0.0.0:46247, s2:0.0.0.0:41658] at 43
2019-09-26 13:12:47,433 DEBUG impl.RaftServerImpl (RaftServerImpl.java:logAppendEntries(850)) - s0@group-0448FFF281AD: succeeded to handle AppendEntries. Reply: s1<-s0#0:OK,SUCCESS,nextIndex:44,term:3,followerCommit:42
2019-09-26 13:12:47,434 DEBUG impl.RaftServerImpl (RaftServerImpl.java:logAppendEntries(850)) - s3@group-0448FFF281AD: succeeded to handle AppendEntries. Reply: s1<-s3#0:OK,SUCCESS,nextIndex:44,term:3,followerCommit:42
2019-09-26 13:12:47,434 DEBUG impl.RaftServerImpl (RaftServerImpl.java:logAppendEntries(850)) - s2@group-0448FFF281AD: succeeded to handle AppendEntries. Reply: s1<-s2#0:OK,SUCCESS,nextIndex:44,term:3,followerCommit:42
2019-09-26 13:12:47,434 DEBUG impl.RaftServerImpl (RaftServerImpl.java:logAppendEntries(850)) - s4@group-0448FFF281AD: succeeded to handle AppendEntries. Reply: s1<-s4#0:OK,SUCCESS,nextIndex:44,term:3,followerCommit:42
2019-09-26 13:12:47,435 INFO  impl.RaftServerImpl (ServerState.java:setRaftConf(355)) - s1@group-0448FFF281AD: set configuration 45: [s3:0.0.0.0:35928, s4:0.0.0.0:38695, s0:0.0.0.0:38978, s1:0.0.0.0:46247, s2:0.0.0.0:41658], old=null at 45
2019-09-26 13:12:47,435 DEBUG impl.RaftServerImpl (RaftServerImpl.java:logAppendEntries(850)) - s0@group-0448FFF281AD: receive appendEntries(s1, 3, (t:3, i:43), 43, false, commits[s1:c43, s0:c42, s2:c42, s3:c42, s4:c42], entries: (t:3, i:44), METADATAENTRY(c43)
2019-09-26 13:12:47,435 DEBUG impl.RaftServerImpl (RaftServerImpl.java:logAppendEntries(850)) - s4@group-0448FFF281AD: receive appendEntries(s1, 3, (t:3, i:43), 43, false, commits[s1:c43, s0:c42, s2:c42, s3:c42, s4:c42], entries: [(t:3, i:44), METADATAENTRY(c43), (t:3, i:45), CONFIGURATIONENTRY]
2019-09-26 13:12:47,435 DEBUG impl.RaftServerImpl (RaftServerImpl.java:logAppendEntries(850)) - s3@group-0448FFF281AD: receive appendEntries(s1, 3, (t:3, i:43), 43, false, commits[s1:c43, s0:c42, s2:c42, s3:c42, s4:c42], entries: (t:3, i:44), METADATAENTRY(c43)
2019-09-26 13:12:47,435 DEBUG impl.RaftServerImpl (RaftServerImpl.java:logAppendEntries(850)) - s2@group-0448FFF281AD: receive appendEntries(s1, 3, (t:3, i:43), 43, false, commits[s1:c43, s0:c42, s2:c42, s3:c42, s4:c42], entries: (t:3, i:44), METADATAENTRY(c43)
2019-09-26 13:12:47,436 INFO  impl.RaftServerImpl (ServerState.java:setRaftConf(355)) - s4@group-0448FFF281AD: set configuration 45: [s3:0.0.0.0:35928, s4:0.0.0.0:38695, s0:0.0.0.0:38978, s1:0.0.0.0:46247, s2:0.0.0.0:41658], old=null at 45
2019-09-26 13:12:47,442 DEBUG impl.RaftServerImpl (RaftServerImpl.java:logAppendEntries(850)) - s0@group-0448FFF281AD: succeeded to handle AppendEntries. Reply: s1<-s0#0:OK,SUCCESS,nextIndex:45,term:3,followerCommit:43
2019-09-26 13:12:47,442 DEBUG impl.RaftServerImpl (RaftServerImpl.java:logAppendEntries(850)) - s3@group-0448FFF281AD: succeeded to handle AppendEntries. Reply: s1<-s3#0:OK,SUCCESS,nextIndex:45,term:3,followerCommit:43
2019-09-26 13:12:47,443 DEBUG impl.RaftServerImpl (RaftServerImpl.java:logAppendEntries(850)) - s2@group-0448FFF281AD: succeeded to handle AppendEntries. Reply: s1<-s2#0:OK,SUCCESS,nextIndex:45,term:3,followerCommit:43
2019-09-26 13:12:47,443 DEBUG impl.RaftServerImpl (RaftServerImpl.java:logAppendEntries(850)) - s0@group-0448FFF281AD: receive appendEntries(s1, 3, (t:3, i:44), 43, false, commits[s1:c43, s0:c43, s2:c42, s3:c42, s4:c42], entries: (t:3, i:45), CONFIGURATIONENTRY
2019-09-26 13:12:47,443 DEBUG impl.RaftServerImpl (RaftServerImpl.java:logAppendEntries(850)) - s3@group-0448FFF281AD: receive appendEntries(s1, 3, (t:3, i:44), 44, false, commits[s1:c44, s0:c43, s2:c42, s3:c43, s4:c42], entries: (t:3, i:45), CONFIGURATIONENTRY
2019-09-26 13:12:47,444 INFO  impl.RaftServerImpl (ServerState.java:setRaftConf(355)) - s0@group-0448FFF281AD: set configuration 45: [s3:0.0.0.0:35928, s4:0.0.0.0:38695, s0:0.0.0.0:38978, s1:0.0.0.0:46247, s2:0.0.0.0:41658], old=null at 45
2019-09-26 13:12:47,443 DEBUG impl.RaftServerImpl (RaftServerImpl.java:logAppendEntries(850)) - s4@group-0448FFF281AD: succeeded to handle AppendEntries. Reply: s1<-s4#0:OK,SUCCESS,nextIndex:46,term:3,followerCommit:43
2019-09-26 13:12:47,444 INFO  impl.RaftServerImpl (ServerState.java:setRaftConf(355)) - s3@group-0448FFF281AD: set configuration 45: [s3:0.0.0.0:35928, s4:0.0.0.0:38695, s0:0.0.0.0:38978, s1:0.0.0.0:46247, s2:0.0.0.0:41658], old=null at 45
2019-09-26 13:12:47,444 DEBUG impl.RaftServerImpl (RaftServerImpl.java:logAppendEntries(850)) - s2@group-0448FFF281AD: receive appendEntries(s1, 3, (t:3, i:44), 44, false, commits[s1:c44, s0:c43, s2:c43, s3:c43, s4:c42], entries: (t:3, i:45), CONFIGURATIONENTRY
2019-09-26 13:12:47,445 INFO  impl.RaftServerImpl (ServerState.java:setRaftConf(355)) - s2@group-0448FFF281AD: set configuration 45: [s3:0.0.0.0:35928, s4:0.0.0.0:38695, s0:0.0.0.0:38978, s1:0.0.0.0:46247, s2:0.0.0.0:41658], old=null at 45
2019-09-26 13:12:47,445 DEBUG impl.RaftServerImpl (RaftServerImpl.java:logAppendEntries(850)) - s0@group-0448FFF281AD: succeeded to handle AppendEntries. Reply: s1<-s0#0:OK,SUCCESS,nextIndex:46,term:3,followerCommit:43
2019-09-26 13:12:47,446 DEBUG impl.RaftServerImpl (RaftServerImpl.java:logAppendEntries(850)) - s3@group-0448FFF281AD: succeeded to handle AppendEntries. Reply: s1<-s3#0:OK,SUCCESS,nextIndex:46,term:3,followerCommit:44
2019-09-26 13:12:47,447 DEBUG impl.RaftServerImpl (RaftServerImpl.java:logAppendEntries(850)) - s2@group-0448FFF281AD: succeeded to handle AppendEntries. Reply: s1<-s2#0:OK,SUCCESS,nextIndex:46,term:3,followerCommit:44
2019-09-26 13:12:47,447 DEBUG impl.RaftServerImpl (RaftServerImpl.java:logAppendEntries(850)) - s0@group-0448FFF281AD: receive appendEntries(s1, 3, (t:3, i:45), 45, false, commits[s1:c45, s0:c43, s2:c43, s3:c43, s4:c43], entries: (t:3, i:46), METADATAENTRY(c45)
2019-09-26 13:12:47,447 DEBUG impl.RaftServerImpl (RaftServerImpl.java:logAppendEntries(850)) - s4@group-0448FFF281AD: receive appendEntries(s1, 3, (t:3, i:45), 45, false, commits[s1:c45, s0:c43, s2:c43, s3:c43, s4:c43], entries: (t:3, i:46), METADATAENTRY(c45)
2019-09-26 13:12:47,447 DEBUG impl.RaftServerImpl (RaftServerImpl.java:logAppendEntries(850)) - s3@group-0448FFF281AD: receive appendEntries(s1, 3, (t:3, i:45), 45, false, commits[s1:c45, s0:c43, s2:c43, s3:c44, s4:c43], entries: (t:3, i:46), METADATAENTRY(c45)
2019-09-26 13:12:47,447 INFO  server.RaftServerConfigKeys (ConfUtils.java:logGet(43)) - raft.server.rpc.timeout.max = 300ms (default)
2019-09-26 13:12:47,448 DEBUG impl.RaftServerImpl (RaftServerImpl.java:logAppendEntries(850)) - s2@group-0448FFF281AD: receive appendEntries(s1, 3, (t:3, i:45), 45, false, commits[s1:c45, s0:c43, s2:c44, s3:c44, s4:c43], entries: (t:3, i:46), METADATAENTRY(c45)
2019-09-26 13:12:47,454 INFO  ratis.RaftTestUtil (RaftTestUtil.java:waitForLeader(86)) - printing ALL groups
  s3:  RUNNING  FOLLOWER s3@group-0448FFF281AD:t3, leader=s1, voted=null, raftlog=s3@group-0448FFF281AD-SegmentedRaftLog:OPENED:c44,f45,i46, conf=45: [s3:0.0.0.0:35928, s4:0.0.0.0:38695, s0:0.0.0.0:38978, s1:0.0.0.0:46247, s2:0.0.0.0:41658], old=null RUNNING
  s4:  RUNNING  FOLLOWER s4@group-0448FFF281AD:t3, leader=s1, voted=null, raftlog=s4@group-0448FFF281AD-SegmentedRaftLog:OPENED:c43,f45,i46, conf=45: [s3:0.0.0.0:35928, s4:0.0.0.0:38695, s0:0.0.0.0:38978, s1:0.0.0.0:46247, s2:0.0.0.0:41658], old=null RUNNING
  s0:  RUNNING  FOLLOWER s0@group-0448FFF281AD:t3, leader=s1, voted=s1, raftlog=s0@group-0448FFF281AD-SegmentedRaftLog:OPENED:c43,f45,i46, conf=45: [s3:0.0.0.0:35928, s4:0.0.0.0:38695, s0:0.0.0.0:38978, s1:0.0.0.0:46247, s2:0.0.0.0:41658], old=null RUNNING
  s1:  RUNNING    LEADER s1@group-0448FFF281AD:t3, leader=s1, voted=s1, raftlog=s1@group-0448FFF281AD-SegmentedRaftLog:OPENED:c45,f45,i46, conf=45: [s3:0.0.0.0:35928, s4:0.0.0.0:38695, s0:0.0.0.0:38978, s1:0.0.0.0:46247, s2:0.0.0.0:41658], old=null RUNNING
  s2:  RUNNING  FOLLOWER s2@group-0448FFF281AD:t3, leader=s1, voted=s1, raftlog=s2@group-0448FFF281AD-SegmentedRaftLog:OPENED:c44,f45,i46, conf=45: [s3:0.0.0.0:35928, s4:0.0.0.0:38695, s0:0.0.0.0:38978, s1:0.0.0.0:46247, s2:0.0.0.0:41658], old=null RUNNING
2019-09-26 13:12:47,455 INFO  ratis.RaftTestUtil (RaftTestUtil.java:waitForLeader(101)) - printing ALL groups
  s3:  RUNNING  FOLLOWER s3@group-0448FFF281AD:t3, leader=s1, voted=null, raftlog=s3@group-0448FFF281AD-SegmentedRaftLog:OPENED:c44,f45,i46, conf=45: [s3:0.0.0.0:35928, s4:0.0.0.0:38695, s0:0.0.0.0:38978, s1:0.0.0.0:46247, s2:0.0.0.0:41658], old=null RUNNING
  s4:  RUNNING  FOLLOWER s4@group-0448FFF281AD:t3, leader=s1, voted=null, raftlog=s4@group-0448FFF281AD-SegmentedRaftLog:OPENED:c43,f45,i46, conf=45: [s3:0.0.0.0:35928, s4:0.0.0.0:38695, s0:0.0.0.0:38978, s1:0.0.0.0:46247, s2:0.0.0.0:41658], old=null RUNNING
  s0:  RUNNING  FOLLOWER s0@group-0448FFF281AD:t3, leader=s1, voted=s1, raftlog=s0@group-0448FFF281AD-SegmentedRaftLog:OPENED:c43,f45,i46, conf=45: [s3:0.0.0.0:35928, s4:0.0.0.0:38695, s0:0.0.0.0:38978, s1:0.0.0.0:46247, s2:0.0.0.0:41658], old=null RUNNING
  s1:  RUNNING    LEADER s1@group-0448FFF281AD:t3, leader=s1, voted=s1, raftlog=s1@group-0448FFF281AD-SegmentedRaftLog:OPENED:c45,f45,i46, conf=45: [s3:0.0.0.0:35928, s4:0.0.0.0:38695, s0:0.0.0.0:38978, s1:0.0.0.0:46247, s2:0.0.0.0:41658], old=null RUNNING
  s2:  RUNNING  FOLLOWER s2@group-0448FFF281AD:t3, leader=s1, voted=s1, raftlog=s2@group-0448FFF281AD-SegmentedRaftLog:OPENED:c44,f45,i46, conf=45: [s3:0.0.0.0:35928, s4:0.0.0.0:38695, s0:0.0.0.0:38978, s1:0.0.0.0:46247, s2:0.0.0.0:41658], old=null RUNNING
2019-09-26 13:12:47,456 INFO  netty.TestRaftReconfigurationWithNetty (RaftReconfigurationBaseTest.java:lambda$runTestReconfTwice$4(171)) - Start changing the configuration again: [s3:0.0.0.0:35928, s4:0.0.0.0:38695, s2:0.0.0.0:41658]
2019-09-26 13:12:47,456 INFO  impl.RaftServerImpl (RaftServerImpl.java:setConfigurationAsync(658)) - s1@group-0448FFF281AD: receive setConfiguration SetConfigurationRequest:client-DBB30427F67F->s1@group-0448FFF281AD, cid=50, seq=0, RW, null, peers:[s3:0.0.0.0:35928, s4:0.0.0.0:38695, s2:0.0.0.0:41658]
2019-09-26 13:12:47,457 INFO  impl.RaftServerImpl (LeaderState.java:startSetConfiguration(287)) - s1@group-0448FFF281AD-LeaderState: startSetConfiguration SetConfigurationRequest:client-DBB30427F67F->s1@group-0448FFF281AD, cid=50, seq=0, RW, null, peers:[s3:0.0.0.0:35928, s4:0.0.0.0:38695, s2:0.0.0.0:41658]
2019-09-26 13:12:47,458 INFO  impl.RaftServerImpl (ServerState.java:setRaftConf(355)) - s1@group-0448FFF281AD: set configuration 47: [s3:0.0.0.0:35928, s4:0.0.0.0:38695, s2:0.0.0.0:41658], old=[s3:0.0.0.0:35928, s4:0.0.0.0:38695, s0:0.0.0.0:38978, s1:0.0.0.0:46247, s2:0.0.0.0:41658] at 47
2019-09-26 13:12:47,458 DEBUG impl.RaftServerImpl (RaftServerImpl.java:logAppendEntries(850)) - s4@group-0448FFF281AD: succeeded to handle AppendEntries. Reply: s1<-s4#0:OK,SUCCESS,nextIndex:47,term:3,followerCommit:45
2019-09-26 13:12:47,459 DEBUG impl.RaftServerImpl (RaftServerImpl.java:logAppendEntries(850)) - s3@group-0448FFF281AD: succeeded to handle AppendEntries. Reply: s1<-s3#0:OK,SUCCESS,nextIndex:47,term:3,followerCommit:45
2019-09-26 13:12:47,459 DEBUG impl.RaftServerImpl (RaftServerImpl.java:logAppendEntries(850)) - s0@group-0448FFF281AD: succeeded to handle AppendEntries. Reply: s1<-s0#0:OK,SUCCESS,nextIndex:47,term:3,followerCommit:45
2019-09-26 13:12:47,459 DEBUG impl.RaftServerImpl (RaftServerImpl.java:logAppendEntries(850)) - s2@group-0448FFF281AD: succeeded to handle AppendEntries. Reply: s1<-s2#0:OK,SUCCESS,nextIndex:47,term:3,followerCommit:45
2019-09-26 13:12:47,460 DEBUG impl.RaftServerImpl (RaftServerImpl.java:logAppendEntries(850)) - s4@group-0448FFF281AD: receive appendEntries(s1, 3, (t:3, i:46), 45, false, commits[s1:c45, s0:c43, s2:c44, s3:c44, s4:c45], entries: (t:3, i:47), CONFIGURATIONENTRY
2019-09-26 13:12:47,460 DEBUG impl.RaftServerImpl (RaftServerImpl.java:logAppendEntries(850)) - s3@group-0448FFF281AD: receive appendEntries(s1, 3, (t:3, i:46), 46, false, commits[s1:c46, s0:c43, s2:c44, s3:c45, s4:c45], entries: (t:3, i:47), CONFIGURATIONENTRY
2019-09-26 13:12:47,460 DEBUG impl.RaftServerImpl (RaftServerImpl.java:logAppendEntries(850)) - s0@group-0448FFF281AD: receive appendEntries(s1, 3, (t:3, i:46), 46, false, commits[s1:c46, s0:c45, s2:c44, s3:c45, s4:c45], entries: (t:3, i:47), CONFIGURATIONENTRY
2019-09-26 13:12:47,460 INFO  impl.RaftServerImpl (ServerState.java:setRaftConf(355)) - s4@group-0448FFF281AD: set configuration 47: [s3:0.0.0.0:35928, s4:0.0.0.0:38695, s2:0.0.0.0:41658], old=[s3:0.0.0.0:35928, s4:0.0.0.0:38695, s0:0.0.0.0:38978, s1:0.0.0.0:46247, s2:0.0.0.0:41658] at 47
2019-09-26 13:12:47,461 INFO  impl.RaftServerImpl (ServerState.java:setRaftConf(355)) - s0@group-0448FFF281AD: set configuration 47: [s3:0.0.0.0:35928, s4:0.0.0.0:38695, s2:0.0.0.0:41658], old=[s3:0.0.0.0:35928, s4:0.0.0.0:38695, s0:0.0.0.0:38978, s1:0.0.0.0:46247, s2:0.0.0.0:41658] at 47
2019-09-26 13:12:47,460 INFO  impl.RaftServerImpl (ServerState.java:setRaftConf(355)) - s3@group-0448FFF281AD: set configuration 47: [s3:0.0.0.0:35928, s4:0.0.0.0:38695, s2:0.0.0.0:41658], old=[s3:0.0.0.0:35928, s4:0.0.0.0:38695, s0:0.0.0.0:38978, s1:0.0.0.0:46247, s2:0.0.0.0:41658] at 47
2019-09-26 13:12:47,460 DEBUG impl.RaftServerImpl (RaftServerImpl.java:logAppendEntries(850)) - s2@group-0448FFF281AD: receive appendEntries(s1, 3, (t:3, i:46), 46, false, commits[s1:c46, s0:c45, s2:c45, s3:c45, s4:c45], entries: (t:3, i:47), CONFIGURATIONENTRY
2019-09-26 13:12:47,462 DEBUG impl.RaftServerImpl (RaftServerImpl.java:logAppendEntries(850)) - s4@group-0448FFF281AD: succeeded to handle AppendEntries. Reply: s1<-s4#0:OK,SUCCESS,nextIndex:48,term:3,followerCommit:45
2019-09-26 13:12:47,462 INFO  impl.RaftServerImpl (ServerState.java:setRaftConf(355)) - s2@group-0448FFF281AD: set configuration 47: [s3:0.0.0.0:35928, s4:0.0.0.0:38695, s2:0.0.0.0:41658], old=[s3:0.0.0.0:35928, s4:0.0.0.0:38695, s0:0.0.0.0:38978, s1:0.0.0.0:46247, s2:0.0.0.0:41658] at 47
2019-09-26 13:12:47,462 DEBUG impl.RaftServerImpl (RaftServerImpl.java:logAppendEntries(850)) - s0@group-0448FFF281AD: succeeded to handle AppendEntries. Reply: s1<-s0#0:OK,SUCCESS,nextIndex:48,term:3,followerCommit:46
2019-09-26 13:12:47,463 DEBUG impl.RaftServerImpl (RaftServerImpl.java:logAppendEntries(850)) - s3@group-0448FFF281AD: succeeded to handle AppendEntries. Reply: s1<-s3#0:OK,SUCCESS,nextIndex:48,term:3,followerCommit:46
2019-09-26 13:12:47,463 DEBUG impl.RaftServerImpl (RaftServerImpl.java:logAppendEntries(850)) - s2@group-0448FFF281AD: succeeded to handle AppendEntries. Reply: s1<-s2#0:OK,SUCCESS,nextIndex:48,term:3,followerCommit:46
2019-09-26 13:12:47,464 INFO  impl.LogAppender (LogAppender.java:sendAppendEntriesWithRetries(259)) - s1@group-0448FFF281AD->s0-LogAppender is stopped. Skip appendEntries.
2019-09-26 13:12:47,464 INFO  impl.RaftServerImpl (ServerState.java:setRaftConf(355)) - s1@group-0448FFF281AD: set configuration 49: [s3:0.0.0.0:35928, s4:0.0.0.0:38695, s2:0.0.0.0:41658], old=null at 49
2019-09-26 13:12:47,464 DEBUG impl.RaftServerImpl (RaftServerImpl.java:logAppendEntries(850)) - s3@group-0448FFF281AD: receive appendEntries(s1, 3, (t:3, i:47), 47, false, commits[s1:c47, s2:c45, s3:c46, s4:c45], entries: (t:3, i:48), METADATAENTRY(c47)
2019-09-26 13:12:47,464 DEBUG impl.RaftServerImpl (RaftServerImpl.java:logAppendEntries(850)) - s4@group-0448FFF281AD: receive appendEntries(s1, 3, (t:3, i:47), 47, false, commits[s1:c47, s2:c45, s3:c46, s4:c45], entries: (t:3, i:48), METADATAENTRY(c47)
2019-09-26 13:12:47,465 DEBUG impl.RaftServerImpl (RaftServerImpl.java:logAppendEntries(850)) - s2@group-0448FFF281AD: receive appendEntries(s1, 3, (t:3, i:47), 47, false, commits[s1:c47, s2:c46, s3:c46, s4:c45], entries: [(t:3, i:48), METADATAENTRY(c47), (t:3, i:49), CONFIGURATIONENTRY]
2019-09-26 13:12:47,465 INFO  impl.RaftServerImpl (ServerState.java:setRaftConf(355)) - s2@group-0448FFF281AD: set configuration 49: [s3:0.0.0.0:35928, s4:0.0.0.0:38695, s2:0.0.0.0:41658], old=null at 49
2019-09-26 13:12:47,466 DEBUG impl.RaftServerImpl (RaftServerImpl.java:logAppendEntries(850)) - s3@group-0448FFF281AD: succeeded to handle AppendEntries. Reply: s1<-s3#0:OK,SUCCESS,nextIndex:49,term:3,followerCommit:47
2019-09-26 13:12:47,467 DEBUG impl.RaftServerImpl (RaftServerImpl.java:logAppendEntries(850)) - s3@group-0448FFF281AD: receive appendEntries(s1, 3, (t:3, i:48), 47, false, commits[s1:c47, s2:c46, s3:c47, s4:c45], entries: (t:3, i:49), CONFIGURATIONENTRY
2019-09-26 13:12:47,467 INFO  impl.RaftServerImpl (ServerState.java:setRaftConf(355)) - s3@group-0448FFF281AD: set configuration 49: [s3:0.0.0.0:35928, s4:0.0.0.0:38695, s2:0.0.0.0:41658], old=null at 49
2019-09-26 13:12:47,467 DEBUG impl.RaftServerImpl (RaftServerImpl.java:logAppendEntries(850)) - s4@group-0448FFF281AD: succeeded to handle AppendEntries. Reply: s1<-s4#0:OK,SUCCESS,nextIndex:49,term:3,followerCommit:47
2019-09-26 13:12:47,468 DEBUG impl.RaftServerImpl (RaftServerImpl.java:logAppendEntries(850)) - s2@group-0448FFF281AD: succeeded to handle AppendEntries. Reply: s1<-s2#0:OK,SUCCESS,nextIndex:50,term:3,followerCommit:47
2019-09-26 13:12:47,468 DEBUG impl.RaftServerImpl (RaftServerImpl.java:logAppendEntries(850)) - s4@group-0448FFF281AD: receive appendEntries(s1, 3, (t:3, i:48), 48, false, commits[s1:c48, s2:c46, s3:c47, s4:c47], entries: (t:3, i:49), CONFIGURATIONENTRY
2019-09-26 13:12:47,468 DEBUG impl.RaftServerImpl (RaftServerImpl.java:logAppendEntries(850)) - s3@group-0448FFF281AD: succeeded to handle AppendEntries. Reply: s1<-s3#0:OK,SUCCESS,nextIndex:50,term:3,followerCommit:47
2019-09-26 13:12:47,469 INFO  impl.RaftServerImpl (ServerState.java:setRaftConf(355)) - s4@group-0448FFF281AD: set configuration 49: [s3:0.0.0.0:35928, s4:0.0.0.0:38695, s2:0.0.0.0:41658], old=null at 49
2019-09-26 13:12:47,469 INFO  impl.RaftServerImpl (LeaderState.java:checkAndUpdateConfiguration(652)) - s1@group-0448FFF281AD-LeaderState is not included in the new configuration 49: [s3:0.0.0.0:35928, s4:0.0.0.0:38695, s2:0.0.0.0:41658], old=null. Will shutdown server...
2019-09-26 13:12:47,470 DEBUG impl.RaftServerImpl (RaftServerImpl.java:logAppendEntries(850)) - s3@group-0448FFF281AD: receive appendEntries(s1, 3, (t:3, i:49), 49, false, commits[s1:c49, s2:c47, s3:c47, s4:c47], entries: (t:3, i:50), METADATAENTRY(c49)
2019-09-26 13:12:47,470 DEBUG impl.RaftServerImpl (RaftServerImpl.java:logAppendEntries(850)) - s2@group-0448FFF281AD: receive appendEntries(s1, 3, (t:3, i:49), 49, false, commits[s1:c49, s2:c47, s3:c47, s4:c47], entries: (t:3, i:50), METADATAENTRY(c49)
2019-09-26 13:12:47,470 INFO  server.RaftServerConfigKeys (ConfUtils.java:logGet(43)) - raft.server.rpc.timeout.max = 300ms (default)
2019-09-26 13:12:47,470 DEBUG impl.RaftServerImpl (RaftServerImpl.java:logAppendEntries(850)) - s4@group-0448FFF281AD: succeeded to handle AppendEntries. Reply: s1<-s4#0:OK,SUCCESS,nextIndex:50,term:3,followerCommit:48
2019-09-26 13:12:47,471 INFO  impl.RaftServerTestUtil (RaftServerTestUtil.java:waitAndCheckNewConf(58)) - waitAndCheckNewConf: peers=[s3:0.0.0.0:35928, s4:0.0.0.0:38695, s2:0.0.0.0:41658], deadPeers=null, printing ALL groups
  s3:  RUNNING  FOLLOWER s3@group-0448FFF281AD:t3, leader=s1, voted=null, raftlog=s3@group-0448FFF281AD-SegmentedRaftLog:OPENED:c47,f49,i50, conf=49: [s3:0.0.0.0:35928, s4:0.0.0.0:38695, s2:0.0.0.0:41658], old=null RUNNING
  s4:  RUNNING  FOLLOWER s4@group-0448FFF281AD:t3, leader=s1, voted=null, raftlog=s4@group-0448FFF281AD-SegmentedRaftLog:OPENED:c48,f49,i49, conf=49: [s3:0.0.0.0:35928, s4:0.0.0.0:38695, s2:0.0.0.0:41658], old=null RUNNING
  s0:  RUNNING  FOLLOWER s0@group-0448FFF281AD:t3, leader=s1, voted=s1, raftlog=s0@group-0448FFF281AD-SegmentedRaftLog:OPENED:c46,f47,i47, conf=47: [s3:0.0.0.0:35928, s4:0.0.0.0:38695, s2:0.0.0.0:41658], old=[s3:0.0.0.0:35928, s4:0.0.0.0:38695, s0:0.0.0.0:38978, s1:0.0.0.0:46247, s2:0.0.0.0:41658] RUNNING
  s1:  RUNNING    LEADER s1@group-0448FFF281AD:t3, leader=s1, voted=s1, raftlog=s1@group-0448FFF281AD-SegmentedRaftLog:OPENED:c49,f49,i50, conf=49: [s3:0.0.0.0:35928, s4:0.0.0.0:38695, s2:0.0.0.0:41658], old=null RUNNING
  s2:  RUNNING  FOLLOWER s2@group-0448FFF281AD:t3, leader=s1, voted=s1, raftlog=s2@group-0448FFF281AD-SegmentedRaftLog:OPENED:c47,f49,i50, conf=49: [s3:0.0.0.0:35928, s4:0.0.0.0:38695, s2:0.0.0.0:41658], old=null RUNNING
2019-09-26 13:12:47,471 INFO  impl.RaftServerTestUtil (RaftServerTestUtil.java:waitAndCheckNewConf(66)) - checking  FOLLOWER s3@group-0448FFF281AD:t3, leader=s1, voted=null, raftlog=s3@group-0448FFF281AD-SegmentedRaftLog:OPENED:c47,f49,i50, conf=49: [s3:0.0.0.0:35928, s4:0.0.0.0:38695, s2:0.0.0.0:41658], old=null RUNNING
2019-09-26 13:12:47,471 INFO  impl.RaftServerTestUtil (RaftServerTestUtil.java:waitAndCheckNewConf(66)) - checking  FOLLOWER s4@group-0448FFF281AD:t3, leader=s1, voted=null, raftlog=s4@group-0448FFF281AD-SegmentedRaftLog:OPENED:c48,f49,i49, conf=49: [s3:0.0.0.0:35928, s4:0.0.0.0:38695, s2:0.0.0.0:41658], old=null RUNNING
2019-09-26 13:12:47,471 DEBUG impl.RaftServerImpl (RaftServerImpl.java:logAppendEntries(850)) - s4@group-0448FFF281AD: receive appendEntries(s1, 3, (t:3, i:49), 49, false, commits[s1:c49, s2:c47, s3:c47, s4:c48], entries: (t:3, i:50), METADATAENTRY(c49)
2019-09-26 13:12:47,471 INFO  impl.RaftServerTestUtil (RaftServerTestUtil.java:waitAndCheckNewConf(66)) - checking  FOLLOWER s0@group-0448FFF281AD:t3, leader=s1, voted=s1, raftlog=s0@group-0448FFF281AD-SegmentedRaftLog:OPENED:c46,f47,i47, conf=47: [s3:0.0.0.0:35928, s4:0.0.0.0:38695, s2:0.0.0.0:41658], old=[s3:0.0.0.0:35928, s4:0.0.0.0:38695, s0:0.0.0.0:38978, s1:0.0.0.0:46247, s2:0.0.0.0:41658] RUNNING
2019-09-26 13:12:47,472 WARN  impl.RaftServerTestUtil (JavaUtils.java:attempt(158)) - FAILED "waitAndCheckNewConf", attempt #1/10: java.lang.AssertionError, sleep 1200ms and then retry.
java.lang.AssertionError
	at org.junit.Assert.fail(Assert.java:86)
	at org.junit.Assert.assertTrue(Assert.java:41)
	at org.junit.Assert.assertTrue(Assert.java:52)
	at org.apache.ratis.server.impl.RaftServerTestUtil.waitAndCheckNewConf(RaftServerTestUtil.java:80)
	at org.apache.ratis.server.impl.RaftServerTestUtil.lambda$waitAndCheckNewConf$1(RaftServerTestUtil.java:53)
	at org.apache.ratis.util.function.CheckedRunnable.lambda$asCheckedSupplier$0(CheckedRunnable.java:32)
	at org.apache.ratis.util.JavaUtils.attempt(JavaUtils.java:152)
	at org.apache.ratis.util.JavaUtils.attempt(JavaUtils.java:172)
	at org.apache.ratis.server.impl.RaftServerTestUtil.waitAndCheckNewConf(RaftServerTestUtil.java:53)
	at org.apache.ratis.server.impl.RaftReconfigurationBaseTest.runTestReconfTwice(RaftReconfigurationBaseTest.java:187)
	at org.apache.ratis.MiniRaftCluster$Factory$Get.runWithNewCluster(MiniRaftCluster.java:125)
	at org.apache.ratis.MiniRaftCluster$Factory$Get.runWithNewCluster(MiniRaftCluster.java:113)
	at org.apache.ratis.server.impl.RaftReconfigurationBaseTest.testReconfTwice(RaftReconfigurationBaseTest.java:140)
	at sun.reflect.NativeMethodAccessorImpl.invoke0(Native Method)
	at sun.reflect.NativeMethodAccessorImpl.invoke(NativeMethodAccessorImpl.java:62)
	at sun.reflect.DelegatingMethodAccessorImpl.invoke(DelegatingMethodAccessorImpl.java:43)
	at java.lang.reflect.Method.invoke(Method.java:498)
	at org.junit.runners.model.FrameworkMethod$1.runReflectiveCall(FrameworkMethod.java:50)
	at org.junit.internal.runners.model.ReflectiveCallable.run(ReflectiveCallable.java:12)
	at org.junit.runners.model.FrameworkMethod.invokeExplosively(FrameworkMethod.java:47)
	at org.junit.internal.runners.statements.InvokeMethod.evaluate(InvokeMethod.java:17)
	at org.junit.internal.runners.statements.FailOnTimeout$CallableStatement.call(FailOnTimeout.java:298)
	at org.junit.internal.runners.statements.FailOnTimeout$CallableStatement.call(FailOnTimeout.java:292)
	at java.util.concurrent.FutureTask.run(FutureTask.java:266)
	at java.lang.Thread.run(Thread.java:748)
2019-09-26 13:12:47,490 DEBUG impl.RaftServerImpl (RaftServerImpl.java:logAppendEntries(850)) - s3@group-0448FFF281AD: succeeded to handle AppendEntries. Reply: s1<-s3#0:OK,SUCCESS,nextIndex:51,term:3,followerCommit:49
2019-09-26 13:12:47,491 DEBUG impl.RaftServerImpl (RaftServerImpl.java:logAppendEntries(850)) - s4@group-0448FFF281AD: succeeded to handle AppendEntries. Reply: s1<-s4#0:OK,SUCCESS,nextIndex:51,term:3,followerCommit:49
2019-09-26 13:12:47,491 DEBUG impl.RaftServerImpl (RaftServerImpl.java:logAppendEntries(850)) - s2@group-0448FFF281AD: succeeded to handle AppendEntries. Reply: s1<-s2#0:OK,SUCCESS,nextIndex:51,term:3,followerCommit:49
2019-09-26 13:12:47,620 INFO  impl.RaftServerImpl (RaftServerImpl.java:lambda$shutdown$3(247)) - s1@group-0448FFF281AD: shutdown
2019-09-26 13:12:47,620 INFO  util.JmxRegister (JmxRegister.java:unregister(73)) - Successfully un-registered JMX Bean with object name Ratis:service=RaftServer,group=group-0448FFF281AD,id=s1
2019-09-26 13:12:47,620 INFO  impl.RoleInfo (RoleInfo.java:shutdownLeaderState(104)) - s1: shutdown LeaderState
2019-09-26 13:12:47,620 INFO  impl.PendingRequests (PendingRequests.java:sendNotLeaderResponses(202)) - s1@group-0448FFF281AD-PendingRequests: sendNotLeaderResponses
2019-09-26 13:12:47,620 INFO  impl.LogAppender (LogAppender.java:run(78)) - s1@group-0448FFF281AD->s3-LogAppender-AppenderDaemon was interrupted: java.lang.InterruptedException
2019-09-26 13:12:47,621 INFO  impl.StateMachineUpdater (StateMachineUpdater.java:stopAndJoin(136)) - s1@group-0448FFF281AD-StateMachineUpdater: set stopIndex = 49
2019-09-26 13:12:47,621 INFO  impl.RaftServerImpl (ServerState.java:close(386)) - s1@group-0448FFF281AD: closes. applyIndex: 49
2019-09-26 13:12:47,620 INFO  impl.LogAppender (LogAppender.java:run(78)) - s1@group-0448FFF281AD->s2-LogAppender-AppenderDaemon was interrupted: java.lang.InterruptedException
2019-09-26 13:12:47,620 INFO  impl.LogAppender (LogAppender.java:run(78)) - s1@group-0448FFF281AD->s4-LogAppender-AppenderDaemon was interrupted: java.lang.InterruptedException
2019-09-26 13:12:47,621 INFO  segmented.SegmentedRaftLogWorker (SegmentedRaftLogWorker.java:run(313)) - s1@group-0448FFF281AD-SegmentedRaftLogWorker was interrupted, exiting. There are 0 tasks remaining in the queue.
2019-09-26 13:12:47,624 INFO  segmented.SegmentedRaftLogWorker (SegmentedRaftLogWorker.java:close(228)) - s1@group-0448FFF281AD-SegmentedRaftLogWorker close()
2019-09-26 13:12:47,778 INFO  impl.FollowerState (FollowerState.java:run(108)) - s4@group-0448FFF281AD-FollowerState: change to CANDIDATE, lastRpcTime:210ms, electionTimeout:186ms
2019-09-26 13:12:47,778 INFO  impl.RoleInfo (RoleInfo.java:shutdownFollowerState(121)) - s4: shutdown FollowerState
2019-09-26 13:12:47,778 INFO  impl.RaftServerImpl (RaftServerImpl.java:setRole(170)) - s4@group-0448FFF281AD: changes role from  FOLLOWER to CANDIDATE at term 3 for changeToCandidate
2019-09-26 13:12:47,779 INFO  impl.RoleInfo (RoleInfo.java:updateAndGet(143)) - s4: start LeaderElection
2019-09-26 13:12:47,779 INFO  impl.RaftServerImpl (ServerState.java:setLeader(254)) - s4@group-0448FFF281AD: change Leader from s1 to null at term 3 for initElection
2019-09-26 13:12:47,794 INFO  impl.LeaderElection (LeaderElection.java:askForVotes(178)) - s4@group-0448FFF281AD-LeaderElection40: begin an election at term 4 for 49: [s3:0.0.0.0:35928, s4:0.0.0.0:38695, s2:0.0.0.0:41658], old=null
2019-09-26 13:12:47,797 INFO  logging.LoggingHandler (AbstractInternalLogger.java:log(150)) - [id: 0xb625dd3c, L:/0.0.0.0:35928] READ: [id: 0xc7806a19, L:/192.168.164.227:35928 - R:/192.168.164.227:40880]
2019-09-26 13:12:47,797 INFO  logging.LoggingHandler (AbstractInternalLogger.java:log(150)) - [id: 0xaabc99b6, L:/0.0.0.0:41658] READ: [id: 0x7d9b4dd0, L:/192.168.164.227:41658 - R:/192.168.164.227:34924]
2019-09-26 13:12:47,798 INFO  logging.LoggingHandler (AbstractInternalLogger.java:log(150)) - [id: 0xb625dd3c, L:/0.0.0.0:35928] READ COMPLETE
2019-09-26 13:12:47,798 INFO  logging.LoggingHandler (AbstractInternalLogger.java:log(150)) - [id: 0xaabc99b6, L:/0.0.0.0:41658] READ COMPLETE
2019-09-26 13:12:47,799 DEBUG impl.RaftServerImpl (RaftServerImpl.java:requestVote(743)) - s2@group-0448FFF281AD: receive requestVote(s4, group-0448FFF281AD, 4, (t:3, i:50))
2019-09-26 13:12:47,799 INFO  impl.RaftServerImpl (ServerState.java:setLeader(254)) - s2@group-0448FFF281AD: change Leader from s1 to null at term 4 for updateCurrentTerm
2019-09-26 13:12:47,799 INFO  impl.RaftServerImpl (RaftServerImpl.java:setRole(170)) - s2@group-0448FFF281AD: changes role from  FOLLOWER to FOLLOWER at term 4 for recognizeCandidate:s4
2019-09-26 13:12:47,799 DEBUG impl.RaftServerImpl (RaftServerImpl.java:requestVote(743)) - s3@group-0448FFF281AD: receive requestVote(s4, group-0448FFF281AD, 4, (t:3, i:50))
2019-09-26 13:12:47,799 INFO  impl.RoleInfo (RoleInfo.java:shutdownFollowerState(121)) - s2: shutdown FollowerState
2019-09-26 13:12:47,800 INFO  impl.RaftServerImpl (ServerState.java:setLeader(254)) - s3@group-0448FFF281AD: change Leader from s1 to null at term 4 for updateCurrentTerm
2019-09-26 13:12:47,800 INFO  impl.FollowerState (FollowerState.java:run(117)) - s2@group-0448FFF281AD-FollowerState was interrupted: java.lang.InterruptedException: sleep interrupted
2019-09-26 13:12:47,800 INFO  impl.RoleInfo (RoleInfo.java:updateAndGet(143)) - s2: start FollowerState
2019-09-26 13:12:47,800 INFO  impl.RaftServerImpl (RaftServerImpl.java:setRole(170)) - s3@group-0448FFF281AD: changes role from  FOLLOWER to FOLLOWER at term 4 for recognizeCandidate:s4
2019-09-26 13:12:47,801 INFO  impl.RoleInfo (RoleInfo.java:shutdownFollowerState(121)) - s3: shutdown FollowerState
2019-09-26 13:12:47,801 INFO  impl.RoleInfo (RoleInfo.java:updateAndGet(143)) - s3: start FollowerState
2019-09-26 13:12:47,802 INFO  impl.FollowerState (FollowerState.java:run(117)) - s3@group-0448FFF281AD-FollowerState was interrupted: java.lang.InterruptedException: sleep interrupted
2019-09-26 13:12:47,818 DEBUG impl.RaftServerImpl (RaftServerImpl.java:requestVote(775)) - s2@group-0448FFF281AD replies to vote request: s4<-s2#0:OK-t4. Peer's state: s2@group-0448FFF281AD:t4, leader=null, voted=s4, raftlog=s2@group-0448FFF281AD-SegmentedRaftLog:OPENED:c49,f50,i50, conf=49: [s3:0.0.0.0:35928, s4:0.0.0.0:38695, s2:0.0.0.0:41658], old=null
2019-09-26 13:12:47,819 DEBUG impl.RaftServerImpl (RaftServerImpl.java:requestVote(775)) - s3@group-0448FFF281AD replies to vote request: s4<-s3#0:OK-t4. Peer's state: s3@group-0448FFF281AD:t4, leader=null, voted=s4, raftlog=s3@group-0448FFF281AD-SegmentedRaftLog:OPENED:c49,f50,i50, conf=49: [s3:0.0.0.0:35928, s4:0.0.0.0:38695, s2:0.0.0.0:41658], old=null
2019-09-26 13:12:47,821 INFO  impl.LeaderElection (LeaderElection.java:logAndReturn(56)) - s4@group-0448FFF281AD-LeaderElection40: Election PASSED; received 1 response(s) [s4<-s2#0:OK-t4] and 0 exception(s); s4@group-0448FFF281AD:t4, leader=null, voted=s4, raftlog=s4@group-0448FFF281AD-SegmentedRaftLog:OPENED:c49,f50,i50, conf=49: [s3:0.0.0.0:35928, s4:0.0.0.0:38695, s2:0.0.0.0:41658], old=null
2019-09-26 13:12:47,821 INFO  impl.RoleInfo (RoleInfo.java:shutdownLeaderElection(134)) - s4: shutdown LeaderElection
2019-09-26 13:12:47,821 INFO  impl.RaftServerImpl (RaftServerImpl.java:setRole(170)) - s4@group-0448FFF281AD: changes role from CANDIDATE to LEADER at term 4 for changeToLeader
2019-09-26 13:12:47,821 INFO  impl.RaftServerImpl (ServerState.java:setLeader(254)) - s4@group-0448FFF281AD: change Leader from null to s4 at term 4 for becomeLeader, leader elected after 42ms
2019-09-26 13:12:47,821 INFO  server.RaftServerConfigKeys (ConfUtils.java:logGet(43)) - raft.server.staging.catchup.gap = 10 (custom)
2019-09-26 13:12:47,822 INFO  server.RaftServerConfigKeys (ConfUtils.java:logGet(43)) - raft.server.rpc.sleep.time = 25ms (default)
2019-09-26 13:12:47,822 INFO  server.RaftServerConfigKeys (ConfUtils.java:logGet(43)) - raft.server.write.element-limit = 4096 (default)
2019-09-26 13:12:47,822 INFO  server.RaftServerConfigKeys (ConfUtils.java:logGet(43)) - raft.server.watch.timeout = 10s (default)
2019-09-26 13:12:47,822 INFO  server.RaftServerConfigKeys (ConfUtils.java:logGet(43)) - raft.server.watch.timeout.denomination = 1s (default)
2019-09-26 13:12:47,822 INFO  server.RaftServerConfigKeys (ConfUtils.java:logGet(43)) - raft.server.watch.element-limit = 65536 (default)
2019-09-26 13:12:47,825 INFO  server.RaftServerConfigKeys (ConfUtils.java:logGet(43)) - raft.server.log.appender.snapshot.chunk.size.max = 16MB (=16777216) (default)
2019-09-26 13:12:47,825 INFO  server.RaftServerConfigKeys (ConfUtils.java:logGet(43)) - raft.server.log.appender.buffer.byte-limit = 4MB (=4194304) (default)
2019-09-26 13:12:47,825 INFO  server.RaftServerConfigKeys (ConfUtils.java:logGet(43)) - raft.server.log.appender.buffer.element-limit = 0 (default)
2019-09-26 13:12:47,826 INFO  server.RaftServerConfigKeys (ConfUtils.java:logGet(43)) - raft.server.log.appender.snapshot.chunk.size.max = 16MB (=16777216) (default)
2019-09-26 13:12:47,826 INFO  server.RaftServerConfigKeys (ConfUtils.java:logGet(43)) - raft.server.log.appender.buffer.byte-limit = 4MB (=4194304) (default)
2019-09-26 13:12:47,826 INFO  server.RaftServerConfigKeys (ConfUtils.java:logGet(43)) - raft.server.log.appender.buffer.element-limit = 0 (default)
2019-09-26 13:12:47,826 INFO  impl.RoleInfo (RoleInfo.java:updateAndGet(143)) - s4: start LeaderState
2019-09-26 13:12:47,827 INFO  segmented.SegmentedRaftLogWorker (SegmentedRaftLogWorker.java:rollLogSegment(385)) - s4@group-0448FFF281AD-SegmentedRaftLogWorker: Rolling segment log-41_50 to index:50
2019-09-26 13:12:47,827 INFO  impl.RaftServerImpl (ServerState.java:setRaftConf(355)) - s4@group-0448FFF281AD: set configuration 51: [s3:0.0.0.0:35928, s4:0.0.0.0:38695, s2:0.0.0.0:41658], old=null at 51
2019-09-26 13:12:47,828 INFO  impl.RaftServerImpl (ServerState.java:setLeader(254)) - s2@group-0448FFF281AD: change Leader from null to s4 at term 4 for appendEntries, leader elected after 28ms
2019-09-26 13:12:47,828 INFO  impl.RaftServerImpl (ServerState.java:setLeader(254)) - s3@group-0448FFF281AD: change Leader from null to s4 at term 4 for appendEntries, leader elected after 27ms
2019-09-26 13:12:47,829 DEBUG impl.RaftServerImpl (RaftServerImpl.java:logAppendEntries(850)) - s2@group-0448FFF281AD: receive appendEntries(s4, 4, (t:3, i:50), 49, false, commits[s4:c49, s3:c49, s2:c49], entries: (t:4, i:51), CONFIGURATIONENTRY
2019-09-26 13:12:47,829 TRACE util.FileUtils (LogUtils.java:runAndLog(61)) - Successfully ran Files.move /workdir/ratis-test/target/test/data/3c013135/MiniRaftClusterWithNettya2297eb7/s4/48f57b70-be0f-4f11-8c74-0448fff281ad/current/log_inprogress_41 to /workdir/ratis-test/target/test/data/3c013135/MiniRaftClusterWithNettya2297eb7/s4/48f57b70-be0f-4f11-8c74-0448fff281ad/current/log_41-50
2019-09-26 13:12:47,829 INFO  segmented.SegmentedRaftLogWorker (SegmentedRaftLogWorker.java:execute(526)) - s4@group-0448FFF281AD-SegmentedRaftLogWorker: Rolled log segment from /workdir/ratis-test/target/test/data/3c013135/MiniRaftClusterWithNettya2297eb7/s4/48f57b70-be0f-4f11-8c74-0448fff281ad/current/log_inprogress_41 to /workdir/ratis-test/target/test/data/3c013135/MiniRaftClusterWithNettya2297eb7/s4/48f57b70-be0f-4f11-8c74-0448fff281ad/current/log_41-50
2019-09-26 13:12:47,829 INFO  impl.RaftServerImpl (ServerState.java:setRaftConf(355)) - s2@group-0448FFF281AD: set configuration 51: [s3:0.0.0.0:35928, s4:0.0.0.0:38695, s2:0.0.0.0:41658], old=null at 51
2019-09-26 13:12:47,830 DEBUG impl.RaftServerImpl (RaftServerImpl.java:logAppendEntries(850)) - s3@group-0448FFF281AD: receive appendEntries(s4, 4, (t:3, i:50), 49, false, commits[s4:c49, s3:c49, s2:c49], entries: (t:4, i:51), CONFIGURATIONENTRY
2019-09-26 13:12:47,830 INFO  segmented.SegmentedRaftLogWorker (SegmentedRaftLogWorker.java:rollLogSegment(385)) - s2@group-0448FFF281AD-SegmentedRaftLogWorker: Rolling segment log-41_50 to index:50
2019-09-26 13:12:47,830 INFO  impl.RaftServerImpl (ServerState.java:setRaftConf(355)) - s3@group-0448FFF281AD: set configuration 51: [s3:0.0.0.0:35928, s4:0.0.0.0:38695, s2:0.0.0.0:41658], old=null at 51
2019-09-26 13:12:47,831 INFO  segmented.SegmentedRaftLogWorker (SegmentedRaftLogWorker.java:rollLogSegment(385)) - s3@group-0448FFF281AD-SegmentedRaftLogWorker: Rolling segment log-41_50 to index:50
2019-09-26 13:12:47,832 TRACE util.FileUtils (LogUtils.java:runAndLog(61)) - Successfully ran Files.move /workdir/ratis-test/target/test/data/3c013135/MiniRaftClusterWithNettya2297eb7/s2/48f57b70-be0f-4f11-8c74-0448fff281ad/current/log_inprogress_41 to /workdir/ratis-test/target/test/data/3c013135/MiniRaftClusterWithNettya2297eb7/s2/48f57b70-be0f-4f11-8c74-0448fff281ad/current/log_41-50
2019-09-26 13:12:47,832 INFO  segmented.SegmentedRaftLogWorker (SegmentedRaftLogWorker.java:execute(526)) - s2@group-0448FFF281AD-SegmentedRaftLogWorker: Rolled log segment from /workdir/ratis-test/target/test/data/3c013135/MiniRaftClusterWithNettya2297eb7/s2/48f57b70-be0f-4f11-8c74-0448fff281ad/current/log_inprogress_41 to /workdir/ratis-test/target/test/data/3c013135/MiniRaftClusterWithNettya2297eb7/s2/48f57b70-be0f-4f11-8c74-0448fff281ad/current/log_41-50
2019-09-26 13:12:47,833 TRACE util.FileUtils (LogUtils.java:runAndLog(61)) - Successfully ran Files.move /workdir/ratis-test/target/test/data/3c013135/MiniRaftClusterWithNettya2297eb7/s3/48f57b70-be0f-4f11-8c74-0448fff281ad/current/log_inprogress_41 to /workdir/ratis-test/target/test/data/3c013135/MiniRaftClusterWithNettya2297eb7/s3/48f57b70-be0f-4f11-8c74-0448fff281ad/current/log_41-50
2019-09-26 13:12:47,833 INFO  segmented.SegmentedRaftLogWorker (SegmentedRaftLogWorker.java:execute(526)) - s3@group-0448FFF281AD-SegmentedRaftLogWorker: Rolled log segment from /workdir/ratis-test/target/test/data/3c013135/MiniRaftClusterWithNettya2297eb7/s3/48f57b70-be0f-4f11-8c74-0448fff281ad/current/log_inprogress_41 to /workdir/ratis-test/target/test/data/3c013135/MiniRaftClusterWithNettya2297eb7/s3/48f57b70-be0f-4f11-8c74-0448fff281ad/current/log_41-50
2019-09-26 13:12:47,971 INFO  impl.FollowerState (FollowerState.java:run(108)) - s0@group-0448FFF281AD-FollowerState: change to CANDIDATE, lastRpcTime:509ms, electionTimeout:256ms
2019-09-26 13:12:47,972 INFO  impl.RoleInfo (RoleInfo.java:shutdownFollowerState(121)) - s0: shutdown FollowerState
2019-09-26 13:12:47,972 INFO  impl.RaftServerImpl (RaftServerImpl.java:setRole(170)) - s0@group-0448FFF281AD: changes role from  FOLLOWER to CANDIDATE at term 3 for changeToCandidate
2019-09-26 13:12:47,972 INFO  impl.RoleInfo (RoleInfo.java:updateAndGet(143)) - s0: start LeaderElection
2019-09-26 13:12:47,972 INFO  impl.RaftServerImpl (ServerState.java:setLeader(254)) - s0@group-0448FFF281AD: change Leader from s1 to null at term 3 for initElection
2019-09-26 13:12:48,048 INFO  segmented.SegmentedRaftLogWorker (SegmentedRaftLogWorker.java:execute(569)) - s3@group-0448FFF281AD-SegmentedRaftLogWorker: created new log segment /workdir/ratis-test/target/test/data/3c013135/MiniRaftClusterWithNettya2297eb7/s3/48f57b70-be0f-4f11-8c74-0448fff281ad/current/log_inprogress_51
2019-09-26 13:12:48,048 INFO  segmented.SegmentedRaftLogWorker (SegmentedRaftLogWorker.java:execute(569)) - s4@group-0448FFF281AD-SegmentedRaftLogWorker: created new log segment /workdir/ratis-test/target/test/data/3c013135/MiniRaftClusterWithNettya2297eb7/s4/48f57b70-be0f-4f11-8c74-0448fff281ad/current/log_inprogress_51
2019-09-26 13:12:48,048 INFO  segmented.SegmentedRaftLogWorker (SegmentedRaftLogWorker.java:execute(569)) - s2@group-0448FFF281AD-SegmentedRaftLogWorker: created new log segment /workdir/ratis-test/target/test/data/3c013135/MiniRaftClusterWithNettya2297eb7/s2/48f57b70-be0f-4f11-8c74-0448fff281ad/current/log_inprogress_51
2019-09-26 13:12:48,050 DEBUG impl.RaftServerImpl (RaftServerImpl.java:logAppendEntries(850)) - s2@group-0448FFF281AD: succeeded to handle AppendEntries. Reply: s4<-s2#0:OK,SUCCESS,nextIndex:52,term:4,followerCommit:49
2019-09-26 13:12:48,050 DEBUG impl.RaftServerImpl (RaftServerImpl.java:logAppendEntries(850)) - s3@group-0448FFF281AD: succeeded to handle AppendEntries. Reply: s4<-s3#0:OK,SUCCESS,nextIndex:52,term:4,followerCommit:49
2019-09-26 13:12:48,051 INFO  impl.LeaderElection (LeaderElection.java:askForVotes(178)) - s0@group-0448FFF281AD-LeaderElection41: begin an election at term 4 for 47: [s3:0.0.0.0:35928, s4:0.0.0.0:38695, s2:0.0.0.0:41658], old=[s3:0.0.0.0:35928, s4:0.0.0.0:38695, s0:0.0.0.0:38978, s1:0.0.0.0:46247, s2:0.0.0.0:41658]
2019-09-26 13:12:48,051 DEBUG impl.RaftServerImpl (RaftServerImpl.java:logAppendEntries(850)) - s2@group-0448FFF281AD: receive appendEntries(s4, 4, (t:4, i:51), 51, false, commits[s4:c51, s3:c49, s2:c49], entries: (t:4, i:52), METADATAENTRY(c51)
2019-09-26 13:12:48,051 DEBUG impl.RaftServerImpl (RaftServerImpl.java:logAppendEntries(850)) - s3@group-0448FFF281AD: receive appendEntries(s4, 4, (t:4, i:51), 51, false, commits[s4:c51, s3:c49, s2:c49], entries: (t:4, i:52), METADATAENTRY(c51)
2019-09-26 13:12:48,053 DEBUG impl.RaftServerImpl (RaftServerImpl.java:logAppendEntries(850)) - s2@group-0448FFF281AD: succeeded to handle AppendEntries. Reply: s4<-s2#0:OK,SUCCESS,nextIndex:53,term:4,followerCommit:51
2019-09-26 13:12:48,053 DEBUG impl.RaftServerImpl (RaftServerImpl.java:requestVote(743)) - s2@group-0448FFF281AD: receive requestVote(s0, group-0448FFF281AD, 4, (t:3, i:47))
2019-09-26 13:12:48,053 DEBUG impl.RaftServerImpl (RaftServerImpl.java:requestVote(743)) - s1@group-0448FFF281AD: receive requestVote(s0, group-0448FFF281AD, 4, (t:3, i:47))
2019-09-26 13:12:48,054 INFO  logging.LoggingHandler (AbstractInternalLogger.java:log(150)) - [id: 0xce1e0f68, L:/0.0.0.0:38695] READ: [id: 0x8f9cb513, L:/192.168.164.227:38695 - R:/192.168.164.227:42812]
2019-09-26 13:12:48,054 INFO  logging.LoggingHandler (AbstractInternalLogger.java:log(150)) - [id: 0xb625dd3c, L:/0.0.0.0:35928] READ: [id: 0x38b00d72, L:/192.168.164.227:35928 - R:/192.168.164.227:40886]
2019-09-26 13:12:48,054 INFO  logging.LoggingHandler (AbstractInternalLogger.java:log(150)) - [id: 0xce1e0f68, L:/0.0.0.0:38695] READ COMPLETE
2019-09-26 13:12:48,054 INFO  impl.RaftServerImpl (RaftServerImpl.java:requestVote(754)) - s2@group-0448FFF281AD- FOLLOWER: Withhold vote from candidate s0 with term 4. State: leader=s4, term=4, lastRpcElapsed=1ms
2019-09-26 13:12:48,054 INFO  logging.LoggingHandler (AbstractInternalLogger.java:log(150)) - [id: 0xb625dd3c, L:/0.0.0.0:35928] READ COMPLETE
2019-09-26 13:12:48,055 DEBUG impl.RaftServerImpl (RaftServerImpl.java:logAppendEntries(850)) - s3@group-0448FFF281AD: succeeded to handle AppendEntries. Reply: s4<-s3#0:OK,SUCCESS,nextIndex:53,term:4,followerCommit:51
2019-09-26 13:12:48,054 DEBUG impl.RaftServerImpl (RaftServerImpl.java:requestVote(775)) - s2@group-0448FFF281AD replies to vote request: s0<-s2#0:FAIL-t4. Peer's state: s2@group-0448FFF281AD:t4, leader=s4, voted=s4, raftlog=s2@group-0448FFF281AD-SegmentedRaftLog:OPENED:c51,f52,i52, conf=51: [s3:0.0.0.0:35928, s4:0.0.0.0:38695, s2:0.0.0.0:41658], old=null
2019-09-26 13:12:48,055 DEBUG impl.RaftServerImpl (RaftServerImpl.java:requestVote(743)) - s4@group-0448FFF281AD: receive requestVote(s0, group-0448FFF281AD, 4, (t:3, i:47))
2019-09-26 13:12:48,055 DEBUG impl.RaftServerImpl (RaftServerImpl.java:requestVote(743)) - s3@group-0448FFF281AD: receive requestVote(s0, group-0448FFF281AD, 4, (t:3, i:47))
2019-09-26 13:12:48,055 INFO  impl.RaftServerImpl (RaftServerImpl.java:requestVote(754)) - s4@group-0448FFF281AD-   LEADER: Withhold vote from candidate s0 with term 4. State: leader=s4, term=4, lastRpcElapsed=null
2019-09-26 13:12:48,056 INFO  impl.RaftServerImpl (RaftServerImpl.java:requestVote(754)) - s3@group-0448FFF281AD- FOLLOWER: Withhold vote from candidate s0 with term 4. State: leader=s4, term=4, lastRpcElapsed=1ms
2019-09-26 13:12:48,056 DEBUG impl.RaftServerImpl (RaftServerImpl.java:requestVote(775)) - s4@group-0448FFF281AD replies to vote request: s0<-s4#0:FAIL-t4. Peer's state: s4@group-0448FFF281AD:t4, leader=s4, voted=s4, raftlog=s4@group-0448FFF281AD-SegmentedRaftLog:OPENED:c52,f52,i52, conf=51: [s3:0.0.0.0:35928, s4:0.0.0.0:38695, s2:0.0.0.0:41658], old=null
2019-09-26 13:12:48,056 DEBUG impl.RaftServerImpl (RaftServerImpl.java:requestVote(775)) - s3@group-0448FFF281AD replies to vote request: s0<-s3#0:FAIL-t4. Peer's state: s3@group-0448FFF281AD:t4, leader=s4, voted=s4, raftlog=s3@group-0448FFF281AD-SegmentedRaftLog:OPENED:c51,f52,i52, conf=51: [s3:0.0.0.0:35928, s4:0.0.0.0:38695, s2:0.0.0.0:41658], old=null
2019-09-26 13:12:48,056 INFO  impl.LeaderElection (LeaderElection.java:logAndReturn(56)) - s0@group-0448FFF281AD-LeaderElection41: Election SHUTDOWN; received 2 response(s) [s0<-s4#0:FAIL-t4, s0<-s2#0:FAIL-t4] and 0 exception(s); s0@group-0448FFF281AD:t4, leader=null, voted=s0, raftlog=s0@group-0448FFF281AD-SegmentedRaftLog:OPENED:c46,f47,i47, conf=47: [s3:0.0.0.0:35928, s4:0.0.0.0:38695, s2:0.0.0.0:41658], old=[s3:0.0.0.0:35928, s4:0.0.0.0:38695, s0:0.0.0.0:38978, s1:0.0.0.0:46247, s2:0.0.0.0:41658]
2019-09-26 13:12:48,057 INFO  impl.LeaderElection (LeaderElection.java:askForVotes(213)) - s0@group-0448FFF281AD-LeaderElection41 received shutdown response when requesting votes.
2019-09-26 13:12:48,057 INFO  impl.RaftServerProxy (RaftServerProxy.java:lambda$close$4(314)) - s0: close
2019-09-26 13:12:48,057 INFO  impl.RaftServerImpl (RaftServerImpl.java:lambda$shutdown$3(247)) - s0@group-0448FFF281AD: shutdown
2019-09-26 13:12:48,057 INFO  util.JmxRegister (JmxRegister.java:unregister(73)) - Successfully un-registered JMX Bean with object name Ratis:service=RaftServer,group=group-0448FFF281AD,id=s0
2019-09-26 13:12:48,057 INFO  impl.RoleInfo (RoleInfo.java:shutdownLeaderElection(134)) - s0: shutdown LeaderElection
2019-09-26 13:12:48,058 INFO  impl.StateMachineUpdater (StateMachineUpdater.java:stopAndJoin(136)) - s0@group-0448FFF281AD-StateMachineUpdater: set stopIndex = 46
2019-09-26 13:12:48,058 INFO  impl.RaftServerImpl (ServerState.java:close(386)) - s0@group-0448FFF281AD: closes. applyIndex: 46
2019-09-26 13:12:48,058 INFO  segmented.SegmentedRaftLogWorker (SegmentedRaftLogWorker.java:run(313)) - s0@group-0448FFF281AD-SegmentedRaftLogWorker was interrupted, exiting. There are 0 tasks remaining in the queue.
2019-09-26 13:12:48,059 INFO  segmented.SegmentedRaftLogWorker (SegmentedRaftLogWorker.java:close(228)) - s0@group-0448FFF281AD-SegmentedRaftLogWorker close()
2019-09-26 13:12:48,063 INFO  logging.LoggingHandler (AbstractInternalLogger.java:log(150)) - [id: 0x765fb7a7, L:/0.0.0.0:38978] UNREGISTERED
2019-09-26 13:12:48,673 INFO  impl.RaftServerTestUtil (RaftServerTestUtil.java:waitAndCheckNewConf(58)) - waitAndCheckNewConf: peers=[s3:0.0.0.0:35928, s4:0.0.0.0:38695, s2:0.0.0.0:41658], deadPeers=null, printing ALL groups
  s3:  RUNNING  FOLLOWER s3@group-0448FFF281AD:t4, leader=s4, voted=s4, raftlog=s3@group-0448FFF281AD-SegmentedRaftLog:OPENED:c52,f52,i52, conf=51: [s3:0.0.0.0:35928, s4:0.0.0.0:38695, s2:0.0.0.0:41658], old=null RUNNING
  s4:  RUNNING    LEADER s4@group-0448FFF281AD:t4, leader=s4, voted=s4, raftlog=s4@group-0448FFF281AD-SegmentedRaftLog:OPENED:c52,f52,i52, conf=51: [s3:0.0.0.0:35928, s4:0.0.0.0:38695, s2:0.0.0.0:41658], old=null RUNNING
  s0:   CLOSED CANDIDATE s0@group-0448FFF281AD:t4, leader=null, voted=s0, raftlog=s0@group-0448FFF281AD-SegmentedRaftLog:CLOSED:c46, conf=47: [s3:0.0.0.0:35928, s4:0.0.0.0:38695, s2:0.0.0.0:41658], old=[s3:0.0.0.0:35928, s4:0.0.0.0:38695, s0:0.0.0.0:38978, s1:0.0.0.0:46247, s2:0.0.0.0:41658] CLOSED
  s1:  RUNNING    LEADER s1@group-0448FFF281AD:t3, leader=s1, voted=s1, raftlog=s1@group-0448FFF281AD-SegmentedRaftLog:CLOSED:c49, conf=49: [s3:0.0.0.0:35928, s4:0.0.0.0:38695, s2:0.0.0.0:41658], old=null CLOSED
  s2:  RUNNING  FOLLOWER s2@group-0448FFF281AD:t4, leader=s4, voted=s4, raftlog=s2@group-0448FFF281AD-SegmentedRaftLog:OPENED:c52,f52,i52, conf=51: [s3:0.0.0.0:35928, s4:0.0.0.0:38695, s2:0.0.0.0:41658], old=null RUNNING
2019-09-26 13:12:48,674 INFO  impl.RaftServerTestUtil (RaftServerTestUtil.java:waitAndCheckNewConf(66)) - checking  FOLLOWER s3@group-0448FFF281AD:t4, leader=s4, voted=s4, raftlog=s3@group-0448FFF281AD-SegmentedRaftLog:OPENED:c52,f52,i52, conf=51: [s3:0.0.0.0:35928, s4:0.0.0.0:38695, s2:0.0.0.0:41658], old=null RUNNING
2019-09-26 13:12:48,674 INFO  impl.RaftServerTestUtil (RaftServerTestUtil.java:waitAndCheckNewConf(66)) - checking    LEADER s4@group-0448FFF281AD:t4, leader=s4, voted=s4, raftlog=s4@group-0448FFF281AD-SegmentedRaftLog:OPENED:c52,f52,i52, conf=51: [s3:0.0.0.0:35928, s4:0.0.0.0:38695, s2:0.0.0.0:41658], old=null RUNNING
2019-09-26 13:12:48,674 INFO  impl.RaftServerTestUtil (RaftServerTestUtil.java:waitAndCheckNewConf(66)) - checking CANDIDATE s0@group-0448FFF281AD:t4, leader=null, voted=s0, raftlog=s0@group-0448FFF281AD-SegmentedRaftLog:CLOSED:c46, conf=47: [s3:0.0.0.0:35928, s4:0.0.0.0:38695, s2:0.0.0.0:41658], old=[s3:0.0.0.0:35928, s4:0.0.0.0:38695, s0:0.0.0.0:38978, s1:0.0.0.0:46247, s2:0.0.0.0:41658] CLOSED
2019-09-26 13:12:48,674 INFO  impl.RaftServerTestUtil (RaftServerTestUtil.java:waitAndCheckNewConf(66)) - checking    LEADER s1@group-0448FFF281AD:t3, leader=s1, voted=s1, raftlog=s1@group-0448FFF281AD-SegmentedRaftLog:CLOSED:c49, conf=49: [s3:0.0.0.0:35928, s4:0.0.0.0:38695, s2:0.0.0.0:41658], old=null CLOSED
2019-09-26 13:12:48,675 INFO  impl.RaftServerTestUtil (RaftServerTestUtil.java:waitAndCheckNewConf(66)) - checking  FOLLOWER s2@group-0448FFF281AD:t4, leader=s4, voted=s4, raftlog=s2@group-0448FFF281AD-SegmentedRaftLog:OPENED:c52,f52,i52, conf=51: [s3:0.0.0.0:35928, s4:0.0.0.0:38695, s2:0.0.0.0:41658], old=null RUNNING
2019-09-26 13:12:48,675 INFO  server.RaftServerConfigKeys (ConfUtils.java:logGet(43)) - raft.server.rpc.timeout.max = 300ms (default)
2019-09-26 13:12:48,675 INFO  ratis.RaftTestUtil (RaftTestUtil.java:waitForLeader(86)) - printing ALL groups
  s3:  RUNNING  FOLLOWER s3@group-0448FFF281AD:t4, leader=s4, voted=s4, raftlog=s3@group-0448FFF281AD-SegmentedRaftLog:OPENED:c52,f52,i52, conf=51: [s3:0.0.0.0:35928, s4:0.0.0.0:38695, s2:0.0.0.0:41658], old=null RUNNING
  s4:  RUNNING    LEADER s4@group-0448FFF281AD:t4, leader=s4, voted=s4, raftlog=s4@group-0448FFF281AD-SegmentedRaftLog:OPENED:c52,f52,i52, conf=51: [s3:0.0.0.0:35928, s4:0.0.0.0:38695, s2:0.0.0.0:41658], old=null RUNNING
  s0:   CLOSED CANDIDATE s0@group-0448FFF281AD:t4, leader=null, voted=s0, raftlog=s0@group-0448FFF281AD-SegmentedRaftLog:CLOSED:c46, conf=47: [s3:0.0.0.0:35928, s4:0.0.0.0:38695, s2:0.0.0.0:41658], old=[s3:0.0.0.0:35928, s4:0.0.0.0:38695, s0:0.0.0.0:38978, s1:0.0.0.0:46247, s2:0.0.0.0:41658] CLOSED
  s1:  RUNNING    LEADER s1@group-0448FFF281AD:t3, leader=s1, voted=s1, raftlog=s1@group-0448FFF281AD-SegmentedRaftLog:CLOSED:c49, conf=49: [s3:0.0.0.0:35928, s4:0.0.0.0:38695, s2:0.0.0.0:41658], old=null CLOSED
  s2:  RUNNING  FOLLOWER s2@group-0448FFF281AD:t4, leader=s4, voted=s4, raftlog=s2@group-0448FFF281AD-SegmentedRaftLog:OPENED:c52,f52,i52, conf=51: [s3:0.0.0.0:35928, s4:0.0.0.0:38695, s2:0.0.0.0:41658], old=null RUNNING
2019-09-26 13:12:48,676 INFO  ratis.RaftTestUtil (RaftTestUtil.java:waitForLeader(101)) - printing ALL groups
  s3:  RUNNING  FOLLOWER s3@group-0448FFF281AD:t4, leader=s4, voted=s4, raftlog=s3@group-0448FFF281AD-SegmentedRaftLog:OPENED:c52,f52,i52, conf=51: [s3:0.0.0.0:35928, s4:0.0.0.0:38695, s2:0.0.0.0:41658], old=null RUNNING
  s4:  RUNNING    LEADER s4@group-0448FFF281AD:t4, leader=s4, voted=s4, raftlog=s4@group-0448FFF281AD-SegmentedRaftLog:OPENED:c52,f52,i52, conf=51: [s3:0.0.0.0:35928, s4:0.0.0.0:38695, s2:0.0.0.0:41658], old=null RUNNING
  s0:   CLOSED CANDIDATE s0@group-0448FFF281AD:t4, leader=null, voted=s0, raftlog=s0@group-0448FFF281AD-SegmentedRaftLog:CLOSED:c46, conf=47: [s3:0.0.0.0:35928, s4:0.0.0.0:38695, s2:0.0.0.0:41658], old=[s3:0.0.0.0:35928, s4:0.0.0.0:38695, s0:0.0.0.0:38978, s1:0.0.0.0:46247, s2:0.0.0.0:41658] CLOSED
  s1:  RUNNING    LEADER s1@group-0448FFF281AD:t3, leader=s1, voted=s1, raftlog=s1@group-0448FFF281AD-SegmentedRaftLog:CLOSED:c49, conf=49: [s3:0.0.0.0:35928, s4:0.0.0.0:38695, s2:0.0.0.0:41658], old=null CLOSED
  s2:  RUNNING  FOLLOWER s2@group-0448FFF281AD:t4, leader=s4, voted=s4, raftlog=s2@group-0448FFF281AD-SegmentedRaftLog:OPENED:c52,f52,i52, conf=51: [s3:0.0.0.0:35928, s4:0.0.0.0:38695, s2:0.0.0.0:41658], old=null RUNNING
2019-09-26 13:12:48,683 INFO  ratis.MiniRaftCluster (MiniRaftCluster.java:runWithNewCluster(127)) - printing ALL groups
  s3:  RUNNING  FOLLOWER s3@group-0448FFF281AD:t4, leader=s4, voted=s4, raftlog=s3@group-0448FFF281AD-SegmentedRaftLog:OPENED:c52,f52,i52, conf=51: [s3:0.0.0.0:35928, s4:0.0.0.0:38695, s2:0.0.0.0:41658], old=null RUNNING
  s4:  RUNNING    LEADER s4@group-0448FFF281AD:t4, leader=s4, voted=s4, raftlog=s4@group-0448FFF281AD-SegmentedRaftLog:OPENED:c52,f52,i52, conf=51: [s3:0.0.0.0:35928, s4:0.0.0.0:38695, s2:0.0.0.0:41658], old=null RUNNING
  s0:   CLOSED CANDIDATE s0@group-0448FFF281AD:t4, leader=null, voted=s0, raftlog=s0@group-0448FFF281AD-SegmentedRaftLog:CLOSED:c46, conf=47: [s3:0.0.0.0:35928, s4:0.0.0.0:38695, s2:0.0.0.0:41658], old=[s3:0.0.0.0:35928, s4:0.0.0.0:38695, s0:0.0.0.0:38978, s1:0.0.0.0:46247, s2:0.0.0.0:41658] CLOSED
  s1:  RUNNING    LEADER s1@group-0448FFF281AD:t3, leader=s1, voted=s1, raftlog=s1@group-0448FFF281AD-SegmentedRaftLog:CLOSED:c49, conf=49: [s3:0.0.0.0:35928, s4:0.0.0.0:38695, s2:0.0.0.0:41658], old=null CLOSED
  s2:  RUNNING  FOLLOWER s2@group-0448FFF281AD:t4, leader=s4, voted=s4, raftlog=s2@group-0448FFF281AD-SegmentedRaftLog:OPENED:c52,f52,i52, conf=51: [s3:0.0.0.0:35928, s4:0.0.0.0:38695, s2:0.0.0.0:41658], old=null RUNNING
2019-09-26 13:12:48,683 ERROR ratis.MiniRaftCluster (MiniRaftCluster.java:runWithNewCluster(128)) - Failed org.apache.ratis.MiniRaftCluster$Factory$Get.runWithNewCluster(MiniRaftCluster.java:113)
java.lang.AssertionError: s3: ConfigurationManager, init=-1: [s0:0.0.0.0:38978, s1:0.0.0.0:46247, s2:0.0.0.0:41658], old=null, confs={
  0 -> 0: [s0:0.0.0.0:38978, s1:0.0.0.0:46247, s2:0.0.0.0:41658], old=null
  41 -> 41: [s0:0.0.0.0:38978, s1:0.0.0.0:46247, s2:0.0.0.0:41658], old=null
  43 -> 43: [s3:0.0.0.0:35928, s4:0.0.0.0:38695, s0:0.0.0.0:38978, s1:0.0.0.0:46247, s2:0.0.0.0:41658], old=[s0:0.0.0.0:38978, s1:0.0.0.0:46247, s2:0.0.0.0:41658]
  45 -> 45: [s3:0.0.0.0:35928, s4:0.0.0.0:38695, s0:0.0.0.0:38978, s1:0.0.0.0:46247, s2:0.0.0.0:41658], old=null
  47 -> 47: [s3:0.0.0.0:35928, s4:0.0.0.0:38695, s2:0.0.0.0:41658], old=[s3:0.0.0.0:35928, s4:0.0.0.0:38695, s0:0.0.0.0:38978, s1:0.0.0.0:46247, s2:0.0.0.0:41658]
  49 -> 49: [s3:0.0.0.0:35928, s4:0.0.0.0:38695, s2:0.0.0.0:41658], old=null
  51 -> 51: [s3:0.0.0.0:35928, s4:0.0.0.0:38695, s2:0.0.0.0:41658], old=null
} expected:<7> but was:<8>
	at org.junit.Assert.fail(Assert.java:88)
	at org.junit.Assert.failNotEquals(Assert.java:834)
	at org.junit.Assert.assertEquals(Assert.java:645)
	at org.apache.ratis.server.impl.RaftReconfigurationBaseTest.lambda$runTestReconfTwice$5(RaftReconfigurationBaseTest.java:200)
	at java.util.stream.ForEachOps$ForEachOp$OfRef.accept(ForEachOps.java:184)
	at java.util.stream.ReferencePipeline$2$1.accept(ReferencePipeline.java:175)
	at java.util.stream.ReferencePipeline$3$1.accept(ReferencePipeline.java:193)
	at java.util.stream.ReferencePipeline$2$1.accept(ReferencePipeline.java:175)
	at java.util.stream.ReferencePipeline$2$1.accept(ReferencePipeline.java:175)
	at java.util.concurrent.ConcurrentHashMap$ValueSpliterator.forEachRemaining(ConcurrentHashMap.java:3566)
	at java.util.stream.AbstractPipeline.copyInto(AbstractPipeline.java:482)
	at java.util.stream.AbstractPipeline.wrapAndCopyInto(AbstractPipeline.java:472)
	at java.util.stream.ForEachOps$ForEachOp.evaluateSequential(ForEachOps.java:151)
	at java.util.stream.ForEachOps$ForEachOp$OfRef.evaluateSequential(ForEachOps.java:174)
	at java.util.stream.AbstractPipeline.evaluate(AbstractPipeline.java:234)
	at java.util.stream.ReferencePipeline.forEach(ReferencePipeline.java:418)
	at org.apache.ratis.server.impl.RaftReconfigurationBaseTest.runTestReconfTwice(RaftReconfigurationBaseTest.java:192)
	at org.apache.ratis.MiniRaftCluster$Factory$Get.runWithNewCluster(MiniRaftCluster.java:125)
	at org.apache.ratis.MiniRaftCluster$Factory$Get.runWithNewCluster(MiniRaftCluster.java:113)
	at org.apache.ratis.server.impl.RaftReconfigurationBaseTest.testReconfTwice(RaftReconfigurationBaseTest.java:140)
	at sun.reflect.NativeMethodAccessorImpl.invoke0(Native Method)
	at sun.reflect.NativeMethodAccessorImpl.invoke(NativeMethodAccessorImpl.java:62)
	at sun.reflect.DelegatingMethodAccessorImpl.invoke(DelegatingMethodAccessorImpl.java:43)
	at java.lang.reflect.Method.invoke(Method.java:498)
	at org.junit.runners.model.FrameworkMethod$1.runReflectiveCall(FrameworkMethod.java:50)
	at org.junit.internal.runners.model.ReflectiveCallable.run(ReflectiveCallable.java:12)
	at org.junit.runners.model.FrameworkMethod.invokeExplosively(FrameworkMethod.java:47)
	at org.junit.internal.runners.statements.InvokeMethod.evaluate(InvokeMethod.java:17)
	at org.junit.internal.runners.statements.FailOnTimeout$CallableStatement.call(FailOnTimeout.java:298)
	at org.junit.internal.runners.statements.FailOnTimeout$CallableStatement.call(FailOnTimeout.java:292)
	at java.util.concurrent.FutureTask.run(FutureTask.java:266)
	at java.lang.Thread.run(Thread.java:748)
2019-09-26 13:12:48,684 INFO  ratis.MiniRaftCluster (MiniRaftCluster.java:shutdown(700)) - ************************************************************** 
2019-09-26 13:12:48,684 INFO  ratis.MiniRaftCluster (MiniRaftCluster.java:shutdown(701)) - *** 
2019-09-26 13:12:48,684 INFO  ratis.MiniRaftCluster (MiniRaftCluster.java:shutdown(702)) - ***     Stopping MiniRaftClusterWithNetty
2019-09-26 13:12:48,684 INFO  ratis.MiniRaftCluster (MiniRaftCluster.java:shutdown(703)) - *** 
2019-09-26 13:12:48,684 INFO  ratis.MiniRaftCluster (MiniRaftCluster.java:shutdown(704)) - ************************************************************** 
2019-09-26 13:12:48,684 INFO  ratis.MiniRaftCluster (MiniRaftCluster.java:shutdown(705)) - printing ALL groups
  s3:  RUNNING  FOLLOWER s3@group-0448FFF281AD:t4, leader=s4, voted=s4, raftlog=s3@group-0448FFF281AD-SegmentedRaftLog:OPENED:c52,f52,i52, conf=51: [s3:0.0.0.0:35928, s4:0.0.0.0:38695, s2:0.0.0.0:41658], old=null RUNNING
  s4:  RUNNING    LEADER s4@group-0448FFF281AD:t4, leader=s4, voted=s4, raftlog=s4@group-0448FFF281AD-SegmentedRaftLog:OPENED:c52,f52,i52, conf=51: [s3:0.0.0.0:35928, s4:0.0.0.0:38695, s2:0.0.0.0:41658], old=null RUNNING
  s0:   CLOSED CANDIDATE s0@group-0448FFF281AD:t4, leader=null, voted=s0, raftlog=s0@group-0448FFF281AD-SegmentedRaftLog:CLOSED:c46, conf=47: [s3:0.0.0.0:35928, s4:0.0.0.0:38695, s2:0.0.0.0:41658], old=[s3:0.0.0.0:35928, s4:0.0.0.0:38695, s0:0.0.0.0:38978, s1:0.0.0.0:46247, s2:0.0.0.0:41658] CLOSED
  s1:  RUNNING    LEADER s1@group-0448FFF281AD:t3, leader=s1, voted=s1, raftlog=s1@group-0448FFF281AD-SegmentedRaftLog:CLOSED:c49, conf=49: [s3:0.0.0.0:35928, s4:0.0.0.0:38695, s2:0.0.0.0:41658], old=null CLOSED
  s2:  RUNNING  FOLLOWER s2@group-0448FFF281AD:t4, leader=s4, voted=s4, raftlog=s2@group-0448FFF281AD-SegmentedRaftLog:OPENED:c52,f52,i52, conf=51: [s3:0.0.0.0:35928, s4:0.0.0.0:38695, s2:0.0.0.0:41658], old=null RUNNING
2019-09-26 13:12:48,686 INFO  impl.RaftServerProxy (RaftServerProxy.java:lambda$close$4(314)) - s4: close
2019-09-26 13:12:48,686 INFO  impl.RaftServerProxy (RaftServerProxy.java:lambda$close$4(314)) - s3: close
2019-09-26 13:12:48,686 INFO  impl.RaftServerProxy (RaftServerProxy.java:lambda$close$4(314)) - s1: close
2019-09-26 13:12:48,686 INFO  impl.RaftServerImpl (RaftServerImpl.java:lambda$shutdown$3(247)) - s4@group-0448FFF281AD: shutdown
2019-09-26 13:12:48,687 INFO  logging.LoggingHandler (AbstractInternalLogger.java:log(150)) - [id: 0xc5302367, L:/0.0.0.0:46247] UNREGISTERED
2019-09-26 13:12:48,686 INFO  impl.RaftServerImpl (RaftServerImpl.java:lambda$shutdown$3(247)) - s3@group-0448FFF281AD: shutdown
2019-09-26 13:12:48,686 INFO  impl.RaftServerProxy (RaftServerProxy.java:lambda$close$4(314)) - s2: close
2019-09-26 13:12:48,687 INFO  util.JmxRegister (JmxRegister.java:unregister(73)) - Successfully un-registered JMX Bean with object name Ratis:service=RaftServer,group=group-0448FFF281AD,id=s3
2019-09-26 13:12:48,687 INFO  util.JmxRegister (JmxRegister.java:unregister(73)) - Successfully un-registered JMX Bean with object name Ratis:service=RaftServer,group=group-0448FFF281AD,id=s4
2019-09-26 13:12:48,688 INFO  impl.RoleInfo (RoleInfo.java:shutdownFollowerState(121)) - s3: shutdown FollowerState
2019-09-26 13:12:48,688 INFO  impl.RaftServerImpl (RaftServerImpl.java:lambda$shutdown$3(247)) - s2@group-0448FFF281AD: shutdown
2019-09-26 13:12:48,688 INFO  impl.FollowerState (FollowerState.java:run(117)) - s3@group-0448FFF281AD-FollowerState was interrupted: java.lang.InterruptedException: sleep interrupted
2019-09-26 13:12:48,688 INFO  impl.StateMachineUpdater (StateMachineUpdater.java:stopAndJoin(136)) - s3@group-0448FFF281AD-StateMachineUpdater: set stopIndex = 52
2019-09-26 13:12:48,688 INFO  impl.RoleInfo (RoleInfo.java:shutdownLeaderState(104)) - s4: shutdown LeaderState
2019-09-26 13:12:48,689 INFO  impl.RaftServerImpl (ServerState.java:close(386)) - s3@group-0448FFF281AD: closes. applyIndex: 52
2019-09-26 13:12:48,689 INFO  util.JmxRegister (JmxRegister.java:unregister(73)) - Successfully un-registered JMX Bean with object name Ratis:service=RaftServer,group=group-0448FFF281AD,id=s2
2019-09-26 13:12:48,690 INFO  segmented.SegmentedRaftLogWorker (SegmentedRaftLogWorker.java:run(313)) - s3@group-0448FFF281AD-SegmentedRaftLogWorker was interrupted, exiting. There are 0 tasks remaining in the queue.
2019-09-26 13:12:48,690 INFO  impl.LogAppender (LogAppender.java:run(78)) - s4@group-0448FFF281AD->s2-LogAppender-AppenderDaemon was interrupted: java.lang.InterruptedException
2019-09-26 13:12:48,689 INFO  impl.PendingRequests (PendingRequests.java:sendNotLeaderResponses(202)) - s4@group-0448FFF281AD-PendingRequests: sendNotLeaderResponses
2019-09-26 13:12:48,690 INFO  impl.LogAppender (LogAppender.java:run(78)) - s4@group-0448FFF281AD->s3-LogAppender-AppenderDaemon was interrupted: java.lang.InterruptedException
2019-09-26 13:12:48,691 INFO  impl.StateMachineUpdater (StateMachineUpdater.java:stopAndJoin(136)) - s4@group-0448FFF281AD-StateMachineUpdater: set stopIndex = 52
2019-09-26 13:12:48,691 INFO  impl.RaftServerImpl (ServerState.java:close(386)) - s4@group-0448FFF281AD: closes. applyIndex: 52
2019-09-26 13:12:48,690 INFO  impl.RoleInfo (RoleInfo.java:shutdownFollowerState(121)) - s2: shutdown FollowerState
2019-09-26 13:12:48,692 INFO  segmented.SegmentedRaftLogWorker (SegmentedRaftLogWorker.java:run(313)) - s4@group-0448FFF281AD-SegmentedRaftLogWorker was interrupted, exiting. There are 0 tasks remaining in the queue.
2019-09-26 13:12:48,692 INFO  impl.FollowerState (FollowerState.java:run(117)) - s2@group-0448FFF281AD-FollowerState was interrupted: java.lang.InterruptedException: sleep interrupted
2019-09-26 13:12:48,692 INFO  impl.StateMachineUpdater (StateMachineUpdater.java:stopAndJoin(136)) - s2@group-0448FFF281AD-StateMachineUpdater: set stopIndex = 52
2019-09-26 13:12:48,692 INFO  segmented.SegmentedRaftLogWorker (SegmentedRaftLogWorker.java:close(228)) - s3@group-0448FFF281AD-SegmentedRaftLogWorker close()
2019-09-26 13:12:48,692 INFO  impl.RaftServerImpl (ServerState.java:close(386)) - s2@group-0448FFF281AD: closes. applyIndex: 52
2019-09-26 13:12:48,693 INFO  logging.LoggingHandler (AbstractInternalLogger.java:log(150)) - [id: 0xb625dd3c, L:/0.0.0.0:35928] UNREGISTERED
2019-09-26 13:12:48,693 INFO  segmented.SegmentedRaftLogWorker (SegmentedRaftLogWorker.java:run(313)) - s2@group-0448FFF281AD-SegmentedRaftLogWorker was interrupted, exiting. There are 0 tasks remaining in the queue.
2019-09-26 13:12:48,695 INFO  segmented.SegmentedRaftLogWorker (SegmentedRaftLogWorker.java:close(228)) - s4@group-0448FFF281AD-SegmentedRaftLogWorker close()
2019-09-26 13:12:48,695 INFO  logging.LoggingHandler (AbstractInternalLogger.java:log(150)) - [id: 0xce1e0f68, L:/0.0.0.0:38695] UNREGISTERED
2019-09-26 13:12:48,695 INFO  segmented.SegmentedRaftLogWorker (SegmentedRaftLogWorker.java:close(228)) - s2@group-0448FFF281AD-SegmentedRaftLogWorker close()
2019-09-26 13:12:48,696 INFO  logging.LoggingHandler (AbstractInternalLogger.java:log(150)) - [id: 0xaabc99b6, L:/0.0.0.0:41658] UNREGISTERED
2019-09-26 13:12:48,697 INFO  ratis.MiniRaftCluster (MiniRaftCluster.java:shutdown(722)) - MiniRaftClusterWithNetty shutdown completed
]]></system-out>
  </testcase>
  <testcase name="testReconfTimeout" classname="org.apache.ratis.netty.TestRaftReconfigurationWithNetty" time="7.583"/>
</testsuite>