<?xml version="1.0" encoding="UTF-8"?>
<testsuite xmlns:xsi="http://www.w3.org/2001/XMLSchema-instance" xsi:noNamespaceSchemaLocation="https://maven.apache.org/surefire/maven-surefire-plugin/xsd/surefire-test-report.xsd" name="org.apache.ratis.logservice.server.TestMetaServer" time="116.383" tests="10" errors="1" skipped="1" failures="0">
  <properties>
    <property name="awt.toolkit" value="sun.awt.X11.XToolkit"/>
    <property name="file.encoding.pkg" value="sun.io"/>
    <property name="java.specification.version" value="1.8"/>
    <property name="sun.cpu.isalist" value=""/>
    <property name="sun.jnu.encoding" value="UTF-8"/>
    <property name="java.class.path" value="/workdir/ratis-logservice/target/test-classes:/workdir/ratis-logservice/target/classes:/workdir/ratis-proto/target/ratis-proto-0.5.0-SNAPSHOT.jar:/home/user/.m2/repository/org/apache/ratis/ratis-thirdparty-misc/0.2.0/ratis-thirdparty-misc-0.2.0.jar:/workdir/ratis-common/target/classes:/home/user/.m2/repository/org/slf4j/slf4j-log4j12/1.7.10/slf4j-log4j12-1.7.10.jar:/workdir/ratis-client/target/classes:/workdir/ratis-server/target/classes:/workdir/ratis-metrics/target/classes:/home/user/.m2/repository/io/dropwizard/metrics/metrics-core/3.2.5/metrics-core-3.2.5.jar:/home/user/.m2/repository/com/github/joshelser/dropwizard-metrics-hadoop-metrics2-reporter/0.1.2/dropwizard-metrics-hadoop-metrics2-reporter-0.1.2.jar:/home/user/.m2/repository/io/dropwizard/metrics/metrics-jvm/3.2.5/metrics-jvm-3.2.5.jar:/home/user/.m2/repository/io/dropwizard/metrics/metrics-ganglia/3.2.5/metrics-ganglia-3.2.5.jar:/home/user/.m2/repository/info/ganglia/gmetric4j/gmetric4j/1.0.7/gmetric4j-1.0.7.jar:/workdir/ratis-grpc/target/classes:/workdir/ratis-netty/target/classes:/home/user/.m2/repository/org/apache/hadoop/hadoop-common/3.1.1/hadoop-common-3.1.1.jar:/home/user/.m2/repository/org/apache/hadoop/hadoop-annotations/3.1.1/hadoop-annotations-3.1.1.jar:/usr/lib/jvm/java-1.8-openjdk/jre/../lib/tools.jar:/home/user/.m2/repository/com/google/guava/guava/11.0.2/guava-11.0.2.jar:/home/user/.m2/repository/commons-cli/commons-cli/1.2/commons-cli-1.2.jar:/home/user/.m2/repository/org/apache/commons/commons-math3/3.1.1/commons-math3-3.1.1.jar:/home/user/.m2/repository/org/apache/httpcomponents/httpclient/4.5.2/httpclient-4.5.2.jar:/home/user/.m2/repository/org/apache/httpcomponents/httpcore/4.4.4/httpcore-4.4.4.jar:/home/user/.m2/repository/commons-codec/commons-codec/1.11/commons-codec-1.11.jar:/home/user/.m2/repository/commons-io/commons-io/2.5/commons-io-2.5.jar:/home/user/.m2/repository/commons-net/commons-net/3.6/commons-net-3.6.jar:/home/user/.m2/repository/commons-collections/commons-collections/3.2.2/commons-collections-3.2.2.jar:/home/user/.m2/repository/javax/servlet/javax.servlet-api/3.1.0/javax.servlet-api-3.1.0.jar:/home/user/.m2/repository/org/eclipse/jetty/jetty-server/9.3.19.v20170502/jetty-server-9.3.19.v20170502.jar:/home/user/.m2/repository/org/eclipse/jetty/jetty-http/9.3.19.v20170502/jetty-http-9.3.19.v20170502.jar:/home/user/.m2/repository/org/eclipse/jetty/jetty-io/9.3.19.v20170502/jetty-io-9.3.19.v20170502.jar:/home/user/.m2/repository/org/eclipse/jetty/jetty-util/9.3.19.v20170502/jetty-util-9.3.19.v20170502.jar:/home/user/.m2/repository/org/eclipse/jetty/jetty-servlet/9.3.19.v20170502/jetty-servlet-9.3.19.v20170502.jar:/home/user/.m2/repository/org/eclipse/jetty/jetty-security/9.3.19.v20170502/jetty-security-9.3.19.v20170502.jar:/home/user/.m2/repository/org/eclipse/jetty/jetty-webapp/9.3.19.v20170502/jetty-webapp-9.3.19.v20170502.jar:/home/user/.m2/repository/org/eclipse/jetty/jetty-xml/9.3.19.v20170502/jetty-xml-9.3.19.v20170502.jar:/home/user/.m2/repository/javax/servlet/jsp/jsp-api/2.1/jsp-api-2.1.jar:/home/user/.m2/repository/com/sun/jersey/jersey-core/1.19/jersey-core-1.19.jar:/home/user/.m2/repository/javax/ws/rs/jsr311-api/1.1.1/jsr311-api-1.1.1.jar:/home/user/.m2/repository/com/sun/jersey/jersey-servlet/1.19/jersey-servlet-1.19.jar:/home/user/.m2/repository/com/sun/jersey/jersey-json/1.19/jersey-json-1.19.jar:/home/user/.m2/repository/org/codehaus/jettison/jettison/1.1/jettison-1.1.jar:/home/user/.m2/repository/com/sun/xml/bind/jaxb-impl/2.2.3-1/jaxb-impl-2.2.3-1.jar:/home/user/.m2/repository/org/codehaus/jackson/jackson-core-asl/1.9.2/jackson-core-asl-1.9.2.jar:/home/user/.m2/repository/org/codehaus/jackson/jackson-mapper-asl/1.9.2/jackson-mapper-asl-1.9.2.jar:/home/user/.m2/repository/org/codehaus/jackson/jackson-jaxrs/1.9.2/jackson-jaxrs-1.9.2.jar:/home/user/.m2/repository/org/codehaus/jackson/jackson-xc/1.9.2/jackson-xc-1.9.2.jar:/home/user/.m2/repository/com/sun/jersey/jersey-server/1.19/jersey-server-1.19.jar:/home/user/.m2/repository/commons-logging/commons-logging/1.1.3/commons-logging-1.1.3.jar:/home/user/.m2/repository/log4j/log4j/1.2.17/log4j-1.2.17.jar:/home/user/.m2/repository/commons-lang/commons-lang/2.6/commons-lang-2.6.jar:/home/user/.m2/repository/commons-beanutils/commons-beanutils/1.9.3/commons-beanutils-1.9.3.jar:/home/user/.m2/repository/org/apache/commons/commons-configuration2/2.1.1/commons-configuration2-2.1.1.jar:/home/user/.m2/repository/org/apache/commons/commons-lang3/3.4/commons-lang3-3.4.jar:/home/user/.m2/repository/org/apache/avro/avro/1.7.7/avro-1.7.7.jar:/home/user/.m2/repository/com/thoughtworks/paranamer/paranamer/2.3/paranamer-2.3.jar:/home/user/.m2/repository/org/xerial/snappy/snappy-java/1.0.5/snappy-java-1.0.5.jar:/home/user/.m2/repository/com/google/re2j/re2j/1.1/re2j-1.1.jar:/home/user/.m2/repository/com/google/protobuf/protobuf-java/2.5.0/protobuf-java-2.5.0.jar:/home/user/.m2/repository/com/google/code/gson/gson/2.2.4/gson-2.2.4.jar:/home/user/.m2/repository/org/apache/hadoop/hadoop-auth/3.1.1/hadoop-auth-3.1.1.jar:/home/user/.m2/repository/com/nimbusds/nimbus-jose-jwt/4.41.1/nimbus-jose-jwt-4.41.1.jar:/home/user/.m2/repository/com/github/stephenc/jcip/jcip-annotations/1.0-1/jcip-annotations-1.0-1.jar:/home/user/.m2/repository/net/minidev/json-smart/2.3/json-smart-2.3.jar:/home/user/.m2/repository/net/minidev/accessors-smart/1.2/accessors-smart-1.2.jar:/home/user/.m2/repository/org/ow2/asm/asm/5.0.4/asm-5.0.4.jar:/home/user/.m2/repository/org/apache/curator/curator-framework/2.12.0/curator-framework-2.12.0.jar:/home/user/.m2/repository/com/jcraft/jsch/0.1.54/jsch-0.1.54.jar:/home/user/.m2/repository/org/apache/curator/curator-client/2.12.0/curator-client-2.12.0.jar:/home/user/.m2/repository/org/apache/curator/curator-recipes/2.12.0/curator-recipes-2.12.0.jar:/home/user/.m2/repository/com/google/code/findbugs/jsr305/3.0.0/jsr305-3.0.0.jar:/home/user/.m2/repository/org/apache/htrace/htrace-core4/4.1.0-incubating/htrace-core4-4.1.0-incubating.jar:/home/user/.m2/repository/org/apache/zookeeper/zookeeper/3.4.9/zookeeper-3.4.9.jar:/home/user/.m2/repository/jline/jline/0.9.94/jline-0.9.94.jar:/home/user/.m2/repository/org/apache/commons/commons-compress/1.4.1/commons-compress-1.4.1.jar:/home/user/.m2/repository/org/tukaani/xz/1.0/xz-1.0.jar:/home/user/.m2/repository/org/apache/kerby/kerb-simplekdc/1.0.1/kerb-simplekdc-1.0.1.jar:/home/user/.m2/repository/org/apache/kerby/kerb-client/1.0.1/kerb-client-1.0.1.jar:/home/user/.m2/repository/org/apache/kerby/kerby-config/1.0.1/kerby-config-1.0.1.jar:/home/user/.m2/repository/org/apache/kerby/kerb-core/1.0.1/kerb-core-1.0.1.jar:/home/user/.m2/repository/org/apache/kerby/kerby-pkix/1.0.1/kerby-pkix-1.0.1.jar:/home/user/.m2/repository/org/apache/kerby/kerby-asn1/1.0.1/kerby-asn1-1.0.1.jar:/home/user/.m2/repository/org/apache/kerby/kerby-util/1.0.1/kerby-util-1.0.1.jar:/home/user/.m2/repository/org/apache/kerby/kerb-common/1.0.1/kerb-common-1.0.1.jar:/home/user/.m2/repository/org/apache/kerby/kerb-crypto/1.0.1/kerb-crypto-1.0.1.jar:/home/user/.m2/repository/org/apache/kerby/kerb-util/1.0.1/kerb-util-1.0.1.jar:/home/user/.m2/repository/org/apache/kerby/token-provider/1.0.1/token-provider-1.0.1.jar:/home/user/.m2/repository/org/apache/kerby/kerb-admin/1.0.1/kerb-admin-1.0.1.jar:/home/user/.m2/repository/org/apache/kerby/kerb-server/1.0.1/kerb-server-1.0.1.jar:/home/user/.m2/repository/org/apache/kerby/kerb-identity/1.0.1/kerb-identity-1.0.1.jar:/home/user/.m2/repository/org/apache/kerby/kerby-xdr/1.0.1/kerby-xdr-1.0.1.jar:/home/user/.m2/repository/com/fasterxml/jackson/core/jackson-databind/2.7.8/jackson-databind-2.7.8.jar:/home/user/.m2/repository/com/fasterxml/jackson/core/jackson-annotations/2.7.0/jackson-annotations-2.7.0.jar:/home/user/.m2/repository/com/fasterxml/jackson/core/jackson-core/2.7.8/jackson-core-2.7.8.jar:/home/user/.m2/repository/org/codehaus/woodstox/stax2-api/3.1.4/stax2-api-3.1.4.jar:/home/user/.m2/repository/com/fasterxml/woodstox/woodstox-core/5.0.3/woodstox-core-5.0.3.jar:/home/user/.m2/repository/com/beust/jcommander/1.72/jcommander-1.72.jar:/home/user/.m2/repository/org/jline/jline/3.9.0/jline-3.9.0.jar:/home/user/.m2/repository/org/slf4j/slf4j-api/1.7.10/slf4j-api-1.7.10.jar:/workdir/ratis-netty/target/test-classes:/workdir/ratis-grpc/target/test-classes:/workdir/ratis-server/target/test-classes:/workdir/ratis-common/target/test-classes:/workdir/ratis-client/target/test-classes:/workdir/ratis-hadoop/target/classes:/workdir/ratis-hadoop/target/test-classes:/home/user/.m2/repository/org/apache/ratis/ratis-thirdparty-hadoop/0.2.0/ratis-thirdparty-hadoop-0.2.0.jar:/home/user/.m2/repository/junit/junit/4.12/junit-4.12.jar:/home/user/.m2/repository/org/hamcrest/hamcrest-core/1.3/hamcrest-core-1.3.jar:/home/user/.m2/repository/org/mockito/mockito-all/1.8.5/mockito-all-1.8.5.jar:/home/user/.m2/repository/org/apache/hadoop/hadoop-hdfs/3.1.1/hadoop-hdfs-3.1.1-tests.jar:/home/user/.m2/repository/org/eclipse/jetty/jetty-util-ajax/9.3.19.v20170502/jetty-util-ajax-9.3.19.v20170502.jar:/home/user/.m2/repository/commons-daemon/commons-daemon/1.0.13/commons-daemon-1.0.13.jar:/home/user/.m2/repository/io/netty/netty/3.10.5.Final/netty-3.10.5.Final.jar:/home/user/.m2/repository/io/netty/netty-all/4.0.52.Final/netty-all-4.0.52.Final.jar:/home/user/.m2/repository/org/fusesource/leveldbjni/leveldbjni-all/1.8/leveldbjni-all-1.8.jar:/home/user/.m2/repository/org/apache/hadoop/hadoop-client/3.1.1/hadoop-client-3.1.1.jar:/home/user/.m2/repository/org/apache/hadoop/hadoop-hdfs-client/3.1.1/hadoop-hdfs-client-3.1.1.jar:/home/user/.m2/repository/com/squareup/okhttp/okhttp/2.7.5/okhttp-2.7.5.jar:/home/user/.m2/repository/com/squareup/okio/okio/1.6.0/okio-1.6.0.jar:/home/user/.m2/repository/org/apache/hadoop/hadoop-yarn-api/3.1.1/hadoop-yarn-api-3.1.1.jar:/home/user/.m2/repository/javax/xml/bind/jaxb-api/2.2.11/jaxb-api-2.2.11.jar:/home/user/.m2/repository/org/apache/hadoop/hadoop-yarn-client/3.1.1/hadoop-yarn-client-3.1.1.jar:/home/user/.m2/repository/org/apache/hadoop/hadoop-mapreduce-client-core/3.1.1/hadoop-mapreduce-client-core-3.1.1.jar:/home/user/.m2/repository/org/apache/hadoop/hadoop-yarn-common/3.1.1/hadoop-yarn-common-3.1.1.jar:/home/user/.m2/repository/com/sun/jersey/jersey-client/1.19/jersey-client-1.19.jar:/home/user/.m2/repository/com/fasterxml/jackson/module/jackson-module-jaxb-annotations/2.7.8/jackson-module-jaxb-annotations-2.7.8.jar:/home/user/.m2/repository/com/fasterxml/jackson/jaxrs/jackson-jaxrs-json-provider/2.7.8/jackson-jaxrs-json-provider-2.7.8.jar:/home/user/.m2/repository/com/fasterxml/jackson/jaxrs/jackson-jaxrs-base/2.7.8/jackson-jaxrs-base-2.7.8.jar:/home/user/.m2/repository/org/apache/hadoop/hadoop-mapreduce-client-jobclient/3.1.1/hadoop-mapreduce-client-jobclient-3.1.1.jar:/home/user/.m2/repository/org/apache/hadoop/hadoop-mapreduce-client-common/3.1.1/hadoop-mapreduce-client-common-3.1.1.jar:/home/user/.m2/repository/org/apache/hadoop/hadoop-hdfs/3.1.1/hadoop-hdfs-3.1.1.jar:/home/user/.m2/repository/org/apache/hadoop/hadoop-common/3.1.1/hadoop-common-3.1.1-tests.jar:"/>
    <property name="java.vm.vendor" value="IcedTea"/>
    <property name="sun.arch.data.model" value="64"/>
    <property name="java.vendor.url" value="https://icedtea.classpath.org"/>
    <property name="user.timezone" value=""/>
    <property name="java.vm.specification.version" value="1.8"/>
    <property name="os.name" value="Linux"/>
    <property name="user.country" value="US"/>
    <property name="sun.java.launcher" value="SUN_STANDARD"/>
    <property name="sun.boot.library.path" value="/usr/lib/jvm/java-1.8-openjdk/jre/lib/amd64"/>
    <property name="sun.java.command" value="/workdir/ratis-logservice/target/surefire/surefirebooter9028627790959489556.jar /workdir/ratis-logservice/target/surefire 2019-09-26T13-42-04_408-jvmRun1 surefire4471976337983000092tmp surefire_856273619788123469245tmp"/>
    <property name="surefire.test.class.path" value="/workdir/ratis-logservice/target/test-classes:/workdir/ratis-logservice/target/classes:/workdir/ratis-proto/target/ratis-proto-0.5.0-SNAPSHOT.jar:/home/user/.m2/repository/org/apache/ratis/ratis-thirdparty-misc/0.2.0/ratis-thirdparty-misc-0.2.0.jar:/workdir/ratis-common/target/classes:/home/user/.m2/repository/org/slf4j/slf4j-log4j12/1.7.10/slf4j-log4j12-1.7.10.jar:/workdir/ratis-client/target/classes:/workdir/ratis-server/target/classes:/workdir/ratis-metrics/target/classes:/home/user/.m2/repository/io/dropwizard/metrics/metrics-core/3.2.5/metrics-core-3.2.5.jar:/home/user/.m2/repository/com/github/joshelser/dropwizard-metrics-hadoop-metrics2-reporter/0.1.2/dropwizard-metrics-hadoop-metrics2-reporter-0.1.2.jar:/home/user/.m2/repository/io/dropwizard/metrics/metrics-jvm/3.2.5/metrics-jvm-3.2.5.jar:/home/user/.m2/repository/io/dropwizard/metrics/metrics-ganglia/3.2.5/metrics-ganglia-3.2.5.jar:/home/user/.m2/repository/info/ganglia/gmetric4j/gmetric4j/1.0.7/gmetric4j-1.0.7.jar:/workdir/ratis-grpc/target/classes:/workdir/ratis-netty/target/classes:/home/user/.m2/repository/org/apache/hadoop/hadoop-common/3.1.1/hadoop-common-3.1.1.jar:/home/user/.m2/repository/org/apache/hadoop/hadoop-annotations/3.1.1/hadoop-annotations-3.1.1.jar:/usr/lib/jvm/java-1.8-openjdk/jre/../lib/tools.jar:/home/user/.m2/repository/com/google/guava/guava/11.0.2/guava-11.0.2.jar:/home/user/.m2/repository/commons-cli/commons-cli/1.2/commons-cli-1.2.jar:/home/user/.m2/repository/org/apache/commons/commons-math3/3.1.1/commons-math3-3.1.1.jar:/home/user/.m2/repository/org/apache/httpcomponents/httpclient/4.5.2/httpclient-4.5.2.jar:/home/user/.m2/repository/org/apache/httpcomponents/httpcore/4.4.4/httpcore-4.4.4.jar:/home/user/.m2/repository/commons-codec/commons-codec/1.11/commons-codec-1.11.jar:/home/user/.m2/repository/commons-io/commons-io/2.5/commons-io-2.5.jar:/home/user/.m2/repository/commons-net/commons-net/3.6/commons-net-3.6.jar:/home/user/.m2/repository/commons-collections/commons-collections/3.2.2/commons-collections-3.2.2.jar:/home/user/.m2/repository/javax/servlet/javax.servlet-api/3.1.0/javax.servlet-api-3.1.0.jar:/home/user/.m2/repository/org/eclipse/jetty/jetty-server/9.3.19.v20170502/jetty-server-9.3.19.v20170502.jar:/home/user/.m2/repository/org/eclipse/jetty/jetty-http/9.3.19.v20170502/jetty-http-9.3.19.v20170502.jar:/home/user/.m2/repository/org/eclipse/jetty/jetty-io/9.3.19.v20170502/jetty-io-9.3.19.v20170502.jar:/home/user/.m2/repository/org/eclipse/jetty/jetty-util/9.3.19.v20170502/jetty-util-9.3.19.v20170502.jar:/home/user/.m2/repository/org/eclipse/jetty/jetty-servlet/9.3.19.v20170502/jetty-servlet-9.3.19.v20170502.jar:/home/user/.m2/repository/org/eclipse/jetty/jetty-security/9.3.19.v20170502/jetty-security-9.3.19.v20170502.jar:/home/user/.m2/repository/org/eclipse/jetty/jetty-webapp/9.3.19.v20170502/jetty-webapp-9.3.19.v20170502.jar:/home/user/.m2/repository/org/eclipse/jetty/jetty-xml/9.3.19.v20170502/jetty-xml-9.3.19.v20170502.jar:/home/user/.m2/repository/javax/servlet/jsp/jsp-api/2.1/jsp-api-2.1.jar:/home/user/.m2/repository/com/sun/jersey/jersey-core/1.19/jersey-core-1.19.jar:/home/user/.m2/repository/javax/ws/rs/jsr311-api/1.1.1/jsr311-api-1.1.1.jar:/home/user/.m2/repository/com/sun/jersey/jersey-servlet/1.19/jersey-servlet-1.19.jar:/home/user/.m2/repository/com/sun/jersey/jersey-json/1.19/jersey-json-1.19.jar:/home/user/.m2/repository/org/codehaus/jettison/jettison/1.1/jettison-1.1.jar:/home/user/.m2/repository/com/sun/xml/bind/jaxb-impl/2.2.3-1/jaxb-impl-2.2.3-1.jar:/home/user/.m2/repository/org/codehaus/jackson/jackson-core-asl/1.9.2/jackson-core-asl-1.9.2.jar:/home/user/.m2/repository/org/codehaus/jackson/jackson-mapper-asl/1.9.2/jackson-mapper-asl-1.9.2.jar:/home/user/.m2/repository/org/codehaus/jackson/jackson-jaxrs/1.9.2/jackson-jaxrs-1.9.2.jar:/home/user/.m2/repository/org/codehaus/jackson/jackson-xc/1.9.2/jackson-xc-1.9.2.jar:/home/user/.m2/repository/com/sun/jersey/jersey-server/1.19/jersey-server-1.19.jar:/home/user/.m2/repository/commons-logging/commons-logging/1.1.3/commons-logging-1.1.3.jar:/home/user/.m2/repository/log4j/log4j/1.2.17/log4j-1.2.17.jar:/home/user/.m2/repository/commons-lang/commons-lang/2.6/commons-lang-2.6.jar:/home/user/.m2/repository/commons-beanutils/commons-beanutils/1.9.3/commons-beanutils-1.9.3.jar:/home/user/.m2/repository/org/apache/commons/commons-configuration2/2.1.1/commons-configuration2-2.1.1.jar:/home/user/.m2/repository/org/apache/commons/commons-lang3/3.4/commons-lang3-3.4.jar:/home/user/.m2/repository/org/apache/avro/avro/1.7.7/avro-1.7.7.jar:/home/user/.m2/repository/com/thoughtworks/paranamer/paranamer/2.3/paranamer-2.3.jar:/home/user/.m2/repository/org/xerial/snappy/snappy-java/1.0.5/snappy-java-1.0.5.jar:/home/user/.m2/repository/com/google/re2j/re2j/1.1/re2j-1.1.jar:/home/user/.m2/repository/com/google/protobuf/protobuf-java/2.5.0/protobuf-java-2.5.0.jar:/home/user/.m2/repository/com/google/code/gson/gson/2.2.4/gson-2.2.4.jar:/home/user/.m2/repository/org/apache/hadoop/hadoop-auth/3.1.1/hadoop-auth-3.1.1.jar:/home/user/.m2/repository/com/nimbusds/nimbus-jose-jwt/4.41.1/nimbus-jose-jwt-4.41.1.jar:/home/user/.m2/repository/com/github/stephenc/jcip/jcip-annotations/1.0-1/jcip-annotations-1.0-1.jar:/home/user/.m2/repository/net/minidev/json-smart/2.3/json-smart-2.3.jar:/home/user/.m2/repository/net/minidev/accessors-smart/1.2/accessors-smart-1.2.jar:/home/user/.m2/repository/org/ow2/asm/asm/5.0.4/asm-5.0.4.jar:/home/user/.m2/repository/org/apache/curator/curator-framework/2.12.0/curator-framework-2.12.0.jar:/home/user/.m2/repository/com/jcraft/jsch/0.1.54/jsch-0.1.54.jar:/home/user/.m2/repository/org/apache/curator/curator-client/2.12.0/curator-client-2.12.0.jar:/home/user/.m2/repository/org/apache/curator/curator-recipes/2.12.0/curator-recipes-2.12.0.jar:/home/user/.m2/repository/com/google/code/findbugs/jsr305/3.0.0/jsr305-3.0.0.jar:/home/user/.m2/repository/org/apache/htrace/htrace-core4/4.1.0-incubating/htrace-core4-4.1.0-incubating.jar:/home/user/.m2/repository/org/apache/zookeeper/zookeeper/3.4.9/zookeeper-3.4.9.jar:/home/user/.m2/repository/jline/jline/0.9.94/jline-0.9.94.jar:/home/user/.m2/repository/org/apache/commons/commons-compress/1.4.1/commons-compress-1.4.1.jar:/home/user/.m2/repository/org/tukaani/xz/1.0/xz-1.0.jar:/home/user/.m2/repository/org/apache/kerby/kerb-simplekdc/1.0.1/kerb-simplekdc-1.0.1.jar:/home/user/.m2/repository/org/apache/kerby/kerb-client/1.0.1/kerb-client-1.0.1.jar:/home/user/.m2/repository/org/apache/kerby/kerby-config/1.0.1/kerby-config-1.0.1.jar:/home/user/.m2/repository/org/apache/kerby/kerb-core/1.0.1/kerb-core-1.0.1.jar:/home/user/.m2/repository/org/apache/kerby/kerby-pkix/1.0.1/kerby-pkix-1.0.1.jar:/home/user/.m2/repository/org/apache/kerby/kerby-asn1/1.0.1/kerby-asn1-1.0.1.jar:/home/user/.m2/repository/org/apache/kerby/kerby-util/1.0.1/kerby-util-1.0.1.jar:/home/user/.m2/repository/org/apache/kerby/kerb-common/1.0.1/kerb-common-1.0.1.jar:/home/user/.m2/repository/org/apache/kerby/kerb-crypto/1.0.1/kerb-crypto-1.0.1.jar:/home/user/.m2/repository/org/apache/kerby/kerb-util/1.0.1/kerb-util-1.0.1.jar:/home/user/.m2/repository/org/apache/kerby/token-provider/1.0.1/token-provider-1.0.1.jar:/home/user/.m2/repository/org/apache/kerby/kerb-admin/1.0.1/kerb-admin-1.0.1.jar:/home/user/.m2/repository/org/apache/kerby/kerb-server/1.0.1/kerb-server-1.0.1.jar:/home/user/.m2/repository/org/apache/kerby/kerb-identity/1.0.1/kerb-identity-1.0.1.jar:/home/user/.m2/repository/org/apache/kerby/kerby-xdr/1.0.1/kerby-xdr-1.0.1.jar:/home/user/.m2/repository/com/fasterxml/jackson/core/jackson-databind/2.7.8/jackson-databind-2.7.8.jar:/home/user/.m2/repository/com/fasterxml/jackson/core/jackson-annotations/2.7.0/jackson-annotations-2.7.0.jar:/home/user/.m2/repository/com/fasterxml/jackson/core/jackson-core/2.7.8/jackson-core-2.7.8.jar:/home/user/.m2/repository/org/codehaus/woodstox/stax2-api/3.1.4/stax2-api-3.1.4.jar:/home/user/.m2/repository/com/fasterxml/woodstox/woodstox-core/5.0.3/woodstox-core-5.0.3.jar:/home/user/.m2/repository/com/beust/jcommander/1.72/jcommander-1.72.jar:/home/user/.m2/repository/org/jline/jline/3.9.0/jline-3.9.0.jar:/home/user/.m2/repository/org/slf4j/slf4j-api/1.7.10/slf4j-api-1.7.10.jar:/workdir/ratis-netty/target/test-classes:/workdir/ratis-grpc/target/test-classes:/workdir/ratis-server/target/test-classes:/workdir/ratis-common/target/test-classes:/workdir/ratis-client/target/test-classes:/workdir/ratis-hadoop/target/classes:/workdir/ratis-hadoop/target/test-classes:/home/user/.m2/repository/org/apache/ratis/ratis-thirdparty-hadoop/0.2.0/ratis-thirdparty-hadoop-0.2.0.jar:/home/user/.m2/repository/junit/junit/4.12/junit-4.12.jar:/home/user/.m2/repository/org/hamcrest/hamcrest-core/1.3/hamcrest-core-1.3.jar:/home/user/.m2/repository/org/mockito/mockito-all/1.8.5/mockito-all-1.8.5.jar:/home/user/.m2/repository/org/apache/hadoop/hadoop-hdfs/3.1.1/hadoop-hdfs-3.1.1-tests.jar:/home/user/.m2/repository/org/eclipse/jetty/jetty-util-ajax/9.3.19.v20170502/jetty-util-ajax-9.3.19.v20170502.jar:/home/user/.m2/repository/commons-daemon/commons-daemon/1.0.13/commons-daemon-1.0.13.jar:/home/user/.m2/repository/io/netty/netty/3.10.5.Final/netty-3.10.5.Final.jar:/home/user/.m2/repository/io/netty/netty-all/4.0.52.Final/netty-all-4.0.52.Final.jar:/home/user/.m2/repository/org/fusesource/leveldbjni/leveldbjni-all/1.8/leveldbjni-all-1.8.jar:/home/user/.m2/repository/org/apache/hadoop/hadoop-client/3.1.1/hadoop-client-3.1.1.jar:/home/user/.m2/repository/org/apache/hadoop/hadoop-hdfs-client/3.1.1/hadoop-hdfs-client-3.1.1.jar:/home/user/.m2/repository/com/squareup/okhttp/okhttp/2.7.5/okhttp-2.7.5.jar:/home/user/.m2/repository/com/squareup/okio/okio/1.6.0/okio-1.6.0.jar:/home/user/.m2/repository/org/apache/hadoop/hadoop-yarn-api/3.1.1/hadoop-yarn-api-3.1.1.jar:/home/user/.m2/repository/javax/xml/bind/jaxb-api/2.2.11/jaxb-api-2.2.11.jar:/home/user/.m2/repository/org/apache/hadoop/hadoop-yarn-client/3.1.1/hadoop-yarn-client-3.1.1.jar:/home/user/.m2/repository/org/apache/hadoop/hadoop-mapreduce-client-core/3.1.1/hadoop-mapreduce-client-core-3.1.1.jar:/home/user/.m2/repository/org/apache/hadoop/hadoop-yarn-common/3.1.1/hadoop-yarn-common-3.1.1.jar:/home/user/.m2/repository/com/sun/jersey/jersey-client/1.19/jersey-client-1.19.jar:/home/user/.m2/repository/com/fasterxml/jackson/module/jackson-module-jaxb-annotations/2.7.8/jackson-module-jaxb-annotations-2.7.8.jar:/home/user/.m2/repository/com/fasterxml/jackson/jaxrs/jackson-jaxrs-json-provider/2.7.8/jackson-jaxrs-json-provider-2.7.8.jar:/home/user/.m2/repository/com/fasterxml/jackson/jaxrs/jackson-jaxrs-base/2.7.8/jackson-jaxrs-base-2.7.8.jar:/home/user/.m2/repository/org/apache/hadoop/hadoop-mapreduce-client-jobclient/3.1.1/hadoop-mapreduce-client-jobclient-3.1.1.jar:/home/user/.m2/repository/org/apache/hadoop/hadoop-mapreduce-client-common/3.1.1/hadoop-mapreduce-client-common-3.1.1.jar:/home/user/.m2/repository/org/apache/hadoop/hadoop-hdfs/3.1.1/hadoop-hdfs-3.1.1.jar:/home/user/.m2/repository/org/apache/hadoop/hadoop-common/3.1.1/hadoop-common-3.1.1-tests.jar:"/>
    <property name="sun.cpu.endian" value="little"/>
    <property name="user.home" value="/home/user"/>
    <property name="user.language" value="en"/>
    <property name="java.specification.vendor" value="Oracle Corporation"/>
    <property name="java.home" value="/usr/lib/jvm/java-1.8-openjdk/jre"/>
    <property name="basedir" value="/workdir/ratis-logservice"/>
    <property name="file.separator" value="/"/>
    <property name="line.separator" value="&#10;"/>
    <property name="java.vm.specification.vendor" value="Oracle Corporation"/>
    <property name="java.specification.name" value="Java Platform API Specification"/>
    <property name="java.awt.graphicsenv" value="sun.awt.X11GraphicsEnvironment"/>
    <property name="surefire.real.class.path" value="/workdir/ratis-logservice/target/surefire/surefirebooter9028627790959489556.jar"/>
    <property name="sun.boot.class.path" value="/usr/lib/jvm/java-1.8-openjdk/jre/lib/resources.jar:/usr/lib/jvm/java-1.8-openjdk/jre/lib/rt.jar:/usr/lib/jvm/java-1.8-openjdk/jre/lib/sunrsasign.jar:/usr/lib/jvm/java-1.8-openjdk/jre/lib/jsse.jar:/usr/lib/jvm/java-1.8-openjdk/jre/lib/jce.jar:/usr/lib/jvm/java-1.8-openjdk/jre/lib/charsets.jar:/usr/lib/jvm/java-1.8-openjdk/jre/lib/jfr.jar:/usr/lib/jvm/java-1.8-openjdk/jre/classes"/>
    <property name="sun.management.compiler" value="HotSpot 64-Bit Tiered Compilers"/>
    <property name="java.runtime.version" value="1.8.0_212-b04"/>
    <property name="java.net.preferIPv4Stack" value="true"/>
    <property name="user.name" value="jenkins1000"/>
    <property name="path.separator" value=":"/>
    <property name="os.version" value="3.10.0-957.12.2.el7.x86_64"/>
    <property name="java.endorsed.dirs" value="/usr/lib/jvm/java-1.8-openjdk/jre/lib/endorsed"/>
    <property name="java.runtime.name" value="OpenJDK Runtime Environment"/>
    <property name="file.encoding" value="UTF-8"/>
    <property name="java.vm.name" value="OpenJDK 64-Bit Server VM"/>
    <property name="localRepository" value="/home/user/.m2/repository"/>
    <property name="java.vendor.url.bug" value="https://icedtea.classpath.org/bugzilla"/>
    <property name="java.io.tmpdir" value="/tmp"/>
    <property name="java.version" value="1.8.0_212"/>
    <property name="user.dir" value="/workdir/ratis-logservice"/>
    <property name="os.arch" value="amd64"/>
    <property name="ratis.tmp.dir" value="/workdir/ratis-logservice/target/tmp"/>
    <property name="java.vm.specification.name" value="Java Virtual Machine Specification"/>
    <property name="java.awt.printerjob" value="sun.print.PSPrinterJob"/>
    <property name="ratis.log.dir" value="/workdir/ratis-logservice/target/log"/>
    <property name="sun.os.patch.level" value="unknown"/>
    <property name="java.library.path" value="/usr/lib/jvm/java-1.8-openjdk/jre/lib/amd64/server:/usr/lib/jvm/java-1.8-openjdk/jre/lib/amd64:/usr/lib/jvm/java-1.8-openjdk/jre/../lib/amd64:/usr/java/packages/lib/amd64:/usr/lib64:/lib64:/lib:/usr/lib"/>
    <property name="java.vm.info" value="mixed mode"/>
    <property name="java.vendor" value="IcedTea"/>
    <property name="java.vm.version" value="25.212-b04"/>
    <property name="java.ext.dirs" value="/usr/lib/jvm/java-1.8-openjdk/jre/lib/ext:/usr/java/packages/lib/ext"/>
    <property name="sun.io.unicode.encoding" value="UnicodeLittle"/>
    <property name="java.class.version" value="52.0"/>
  </properties>
  <testcase name="testLogExport" classname="org.apache.ratis.logservice.server.TestMetaServer" time="5.79"/>
  <testcase name="testCreateAndGetLog" classname="org.apache.ratis.logservice.server.TestMetaServer" time="0.186"/>
  <testcase name="testReadWritetoLog" classname="org.apache.ratis.logservice.server.TestMetaServer" time="4.263">
    <error type="java.lang.NullPointerException">java.lang.NullPointerException
	at org.apache.ratis.logservice.server.TestMetaServer.testReadWritetoLog(TestMetaServer.java:154)
</error>
    <system-out><![CDATA[2019-09-26 14:06:56,547 INFO  client.GrpcClientProtocolService (GrpcClientProtocolService.java:lambda$processClientRequest$0(278)) - Failed RaftClientRequest:client-2A6147C5E09D->localhost_9000@group-000000000001, cid=36, seq=0, RO, Message:0a110a0f0a0d74657374...(size=19), reply=RaftClientReply:client-2A6147C5E09D->localhost_9000@group-000000000001, cid=36, FAILED org.apache.ratis.protocol.NotLeaderException: Server localhost_9000@group-000000000001 is not the leader localhost_9001:localhost:9001, logIndex=0, commits[localhost_9000:c16, localhost_9001:c17, localhost_9002:c16]
2019-09-26 14:06:56,550 INFO  server.MetaStateMachine (MetaStateMachine.java:applyTransactionSerial(153)) - Log LogName['testCreateLog'] registered at localhost_9002 with group group-16DB6C54761C:[localhost_10002:localhost:10002, localhost_10001:localhost:10001, localhost_10000:localhost:10000] 
2019-09-26 14:06:56,550 INFO  server.MetaStateMachine (MetaStateMachine.java:applyTransactionSerial(153)) - Log LogName['testCreateLog'] registered at localhost_9000 with group group-16DB6C54761C:[localhost_10002:localhost:10002, localhost_10001:localhost:10001, localhost_10000:localhost:10000] 
2019-09-26 14:06:56,553 INFO  impl.RaftServerProxy (RaftServerProxy.java:addNew(89)) - localhost_10001: addNew group-FF371CEDE24F:[localhost_10002:localhost:10002, localhost_10001:localhost:10001, localhost_10000:localhost:10000] returns group-FF371CEDE24F:java.util.concurrent.CompletableFuture@4c4e96f6[Not completed]
2019-09-26 14:06:56,553 INFO  impl.RaftServerImpl (RaftServerImpl.java:<init>(95)) - localhost_10001: new RaftServerImpl for group-FF371CEDE24F:[localhost_10002:localhost:10002, localhost_10001:localhost:10001, localhost_10000:localhost:10000] with LogStateMachine:uninitialized
2019-09-26 14:06:56,553 INFO  server.RaftServerConfigKeys (ConfUtils.java:logGet(43)) - raft.server.rpc.timeout.min = 1000ms (custom)
2019-09-26 14:06:56,553 INFO  server.RaftServerConfigKeys (ConfUtils.java:logGet(43)) - raft.server.rpc.timeout.max = 1200ms (custom)
2019-09-26 14:06:56,553 INFO  server.RaftServerConfigKeys (ConfUtils.java:logGet(43)) - raft.server.rpcslowness.timeout = 60s (default)
2019-09-26 14:06:56,554 INFO  server.RaftServerConfigKeys (ConfUtils.java:logGet(43)) - raft.server.sleep.deviation.threshold = 300 (default)
2019-09-26 14:06:56,554 INFO  server.RaftServerConfigKeys (ConfUtils.java:logGet(43)) - raft.server.log.appender.install.snapshot.enabled = true (default)
2019-09-26 14:06:56,554 INFO  impl.RaftServerImpl (ServerState.java:<init>(103)) - localhost_10001@group-FF371CEDE24F: ConfigurationManager, init=-1: [localhost_10002:localhost:10002, localhost_10001:localhost:10001, localhost_10000:localhost:10000], old=null, confs=<EMPTY_MAP>
2019-09-26 14:06:56,554 INFO  server.RaftServerConfigKeys (ConfUtils.java:logGet(43)) - raft.server.storage.dir = [/workdir/ratis-logservice/target/test/data/161f0b00/workers/1] (custom)
2019-09-26 14:06:56,554 INFO  server.RaftServerConfigKeys (ConfUtils.java:logGet(43)) - raft.server.log.corruption.policy = EXCEPTION (default)
2019-09-26 14:06:56,555 INFO  storage.RaftStorageDirectory (RaftStorageDirectory.java:analyzeStorage(246)) - The storage directory /workdir/ratis-logservice/target/test/data/161f0b00/workers/1/066ee60b-a6bf-4b77-bb61-ff371cede24f does not exist. Creating ...
2019-09-26 14:06:56,568 INFO  storage.RaftStorageDirectory (RaftStorageDirectory.java:tryLock(328)) - Lock on /workdir/ratis-logservice/target/test/data/161f0b00/workers/1/066ee60b-a6bf-4b77-bb61-ff371cede24f/in_use.lock acquired by nodename 19307@ratis-test-vpfcj-1787858657
2019-09-26 14:06:56,581 INFO  storage.RaftStorage (RaftStorage.java:format(84)) - Storage directory /workdir/ratis-logservice/target/test/data/161f0b00/workers/1/066ee60b-a6bf-4b77-bb61-ff371cede24f has been successfully formatted.
2019-09-26 14:06:56,582 WARN  server.LogStateMachine (LogStateMachine.java:load(226)) - The snapshot info is null.
2019-09-26 14:06:56,582 INFO  server.RaftServerConfigKeys (ConfUtils.java:logGet(43)) - raft.server.notification.no-leader.timeout = 60s (default)
2019-09-26 14:06:56,583 INFO  server.RaftServerConfigKeys (ConfUtils.java:logGet(43)) - raft.server.log.use.memory = false (default)
2019-09-26 14:06:56,583 INFO  server.RaftServerConfigKeys (ConfUtils.java:logGet(43)) - raft.server.log.purge.gap = 1024 (default)
2019-09-26 14:06:56,583 INFO  server.RaftServerConfigKeys (ConfUtils.java:logGet(43)) - raft.server.log.appender.buffer.byte-limit = 4MB (=4194304) (default)
2019-09-26 14:06:56,583 INFO  server.RaftServerConfigKeys (ConfUtils.java:logGet(43)) - raft.server.log.segment.size.max = 33554432 (custom)
2019-09-26 14:06:56,583 INFO  server.RaftServerConfigKeys (ConfUtils.java:logGet(43)) - raft.server.log.segment.cache.num.max = 6 (default)
2019-09-26 14:06:56,583 INFO  segmented.SegmentedRaftLogWorker (SegmentedRaftLogWorker.java:<init>(172)) - new localhost_10001@group-FF371CEDE24F-SegmentedRaftLogWorker for RaftStorage:Storage Directory /workdir/ratis-logservice/target/test/data/161f0b00/workers/1/066ee60b-a6bf-4b77-bb61-ff371cede24f
2019-09-26 14:06:56,583 INFO  server.RaftServerConfigKeys (ConfUtils.java:logGet(43)) - raft.server.log.queue.byte-limit = 64MB (=67108864) (default)
2019-09-26 14:06:56,583 INFO  server.RaftServerConfigKeys (ConfUtils.java:logGet(43)) - raft.server.log.queue.element-limit = 4096 (default)
2019-09-26 14:06:56,584 INFO  server.RaftServerConfigKeys (ConfUtils.java:logGet(43)) - raft.server.log.segment.size.max = 33554432 (custom)
2019-09-26 14:06:56,584 INFO  server.RaftServerConfigKeys (ConfUtils.java:logGet(43)) - raft.server.log.preallocated.size = 33554432 (custom)
2019-09-26 14:06:56,584 INFO  server.RaftServerConfigKeys (ConfUtils.java:logGet(43)) - raft.server.log.write.buffer.size = 64KB (=65536) (default)
2019-09-26 14:06:56,584 INFO  server.RaftServerConfigKeys (ConfUtils.java:logGet(43)) - raft.server.log.force.sync.num = 128 (default)
2019-09-26 14:06:56,584 INFO  server.RaftServerConfigKeys (ConfUtils.java:logGet(43)) - raft.server.log.statemachine.data.sync = true (default)
2019-09-26 14:06:56,584 INFO  server.RaftServerConfigKeys (ConfUtils.java:logGet(43)) - raft.server.log.statemachine.data.sync.timeout = 10s (default)
2019-09-26 14:06:56,584 INFO  server.RaftServerConfigKeys (ConfUtils.java:logGet(43)) - raft.server.log.statemachine.data.sync.timeout.retry = -1 (default)
2019-09-26 14:06:56,584 INFO  server.RaftServerConfigKeys (ConfUtils.java:logGet(43)) - raft.server.log.statemachine.data.caching.enabled = false (default)
2019-09-26 14:06:56,585 INFO  segmented.SegmentedRaftLogWorker (SegmentedRaftLogWorker.java:lambda$new$0(132)) - localhost_10001@group-FF371CEDE24F-SegmentedRaftLogWorker: flushIndex: setUnconditionally 0 -> -1
2019-09-26 14:06:56,585 INFO  server.RaftServerConfigKeys (ConfUtils.java:logGet(43)) - raft.server.snapshot.auto.trigger.enabled = false (default)
2019-09-26 14:06:56,585 INFO  server.RaftServerConfigKeys (ConfUtils.java:logGet(43)) - raft.server.snapshot.retention.file.num = -1 (default)
2019-09-26 14:06:56,585 INFO  server.RaftServerConfigKeys (ConfUtils.java:logGet(43)) - raft.server.retrycache.expirytime = 60s (default)
2019-09-26 14:06:56,587 INFO  impl.RaftServerImpl (RaftServerImpl.java:start(181)) - localhost_10001@group-FF371CEDE24F: start as a follower, conf=-1: [localhost_10002:localhost:10002, localhost_10001:localhost:10001, localhost_10000:localhost:10000], old=null
2019-09-26 14:06:56,587 INFO  impl.RaftServerImpl (RaftServerImpl.java:setRole(170)) - localhost_10001@group-FF371CEDE24F: changes role from      null to FOLLOWER at term 0 for startAsFollower
2019-09-26 14:06:56,587 INFO  impl.RoleInfo (RoleInfo.java:updateAndGet(143)) - localhost_10001: start FollowerState
2019-09-26 14:06:56,588 INFO  util.JmxRegister (JmxRegister.java:tryRegister(44)) - Successfully registered JMX Bean with object name Ratis:service=RaftServer,group=group-FF371CEDE24F,id=localhost_10001
2019-09-26 14:06:56,595 INFO  impl.RaftServerProxy (RaftServerProxy.java:addNew(89)) - localhost_10000: addNew group-FF371CEDE24F:[localhost_10002:localhost:10002, localhost_10001:localhost:10001, localhost_10000:localhost:10000] returns group-FF371CEDE24F:java.util.concurrent.CompletableFuture@33116a5d[Not completed]
2019-09-26 14:06:56,595 INFO  impl.RaftServerImpl (RaftServerImpl.java:<init>(95)) - localhost_10000: new RaftServerImpl for group-FF371CEDE24F:[localhost_10002:localhost:10002, localhost_10001:localhost:10001, localhost_10000:localhost:10000] with LogStateMachine:uninitialized
2019-09-26 14:06:56,595 INFO  server.RaftServerConfigKeys (ConfUtils.java:logGet(43)) - raft.server.rpc.timeout.min = 1000ms (custom)
2019-09-26 14:06:56,595 INFO  server.RaftServerConfigKeys (ConfUtils.java:logGet(43)) - raft.server.rpc.timeout.max = 1200ms (custom)
2019-09-26 14:06:56,595 INFO  server.RaftServerConfigKeys (ConfUtils.java:logGet(43)) - raft.server.rpcslowness.timeout = 60s (default)
2019-09-26 14:06:56,595 INFO  server.RaftServerConfigKeys (ConfUtils.java:logGet(43)) - raft.server.sleep.deviation.threshold = 300 (default)
2019-09-26 14:06:56,596 INFO  server.RaftServerConfigKeys (ConfUtils.java:logGet(43)) - raft.server.log.appender.install.snapshot.enabled = true (default)
2019-09-26 14:06:56,596 INFO  impl.RaftServerImpl (ServerState.java:<init>(103)) - localhost_10000@group-FF371CEDE24F: ConfigurationManager, init=-1: [localhost_10002:localhost:10002, localhost_10001:localhost:10001, localhost_10000:localhost:10000], old=null, confs=<EMPTY_MAP>
2019-09-26 14:06:56,596 INFO  server.RaftServerConfigKeys (ConfUtils.java:logGet(43)) - raft.server.storage.dir = [/workdir/ratis-logservice/target/test/data/161f0b00/workers/0] (custom)
2019-09-26 14:06:56,597 INFO  server.RaftServerConfigKeys (ConfUtils.java:logGet(43)) - raft.server.log.corruption.policy = EXCEPTION (default)
2019-09-26 14:06:56,597 INFO  storage.RaftStorageDirectory (RaftStorageDirectory.java:analyzeStorage(246)) - The storage directory /workdir/ratis-logservice/target/test/data/161f0b00/workers/0/066ee60b-a6bf-4b77-bb61-ff371cede24f does not exist. Creating ...
2019-09-26 14:06:56,610 INFO  storage.RaftStorageDirectory (RaftStorageDirectory.java:tryLock(328)) - Lock on /workdir/ratis-logservice/target/test/data/161f0b00/workers/0/066ee60b-a6bf-4b77-bb61-ff371cede24f/in_use.lock acquired by nodename 19307@ratis-test-vpfcj-1787858657
2019-09-26 14:06:56,623 INFO  storage.RaftStorage (RaftStorage.java:format(84)) - Storage directory /workdir/ratis-logservice/target/test/data/161f0b00/workers/0/066ee60b-a6bf-4b77-bb61-ff371cede24f has been successfully formatted.
2019-09-26 14:06:56,625 WARN  server.LogStateMachine (LogStateMachine.java:load(226)) - The snapshot info is null.
2019-09-26 14:06:56,626 INFO  server.RaftServerConfigKeys (ConfUtils.java:logGet(43)) - raft.server.notification.no-leader.timeout = 60s (default)
2019-09-26 14:06:56,626 INFO  server.RaftServerConfigKeys (ConfUtils.java:logGet(43)) - raft.server.log.use.memory = false (default)
2019-09-26 14:06:56,626 INFO  server.RaftServerConfigKeys (ConfUtils.java:logGet(43)) - raft.server.log.purge.gap = 1024 (default)
2019-09-26 14:06:56,626 INFO  server.RaftServerConfigKeys (ConfUtils.java:logGet(43)) - raft.server.log.appender.buffer.byte-limit = 4MB (=4194304) (default)
2019-09-26 14:06:56,626 INFO  server.RaftServerConfigKeys (ConfUtils.java:logGet(43)) - raft.server.log.segment.size.max = 33554432 (custom)
2019-09-26 14:06:56,626 INFO  server.RaftServerConfigKeys (ConfUtils.java:logGet(43)) - raft.server.log.segment.cache.num.max = 6 (default)
2019-09-26 14:06:56,627 INFO  segmented.SegmentedRaftLogWorker (SegmentedRaftLogWorker.java:<init>(172)) - new localhost_10000@group-FF371CEDE24F-SegmentedRaftLogWorker for RaftStorage:Storage Directory /workdir/ratis-logservice/target/test/data/161f0b00/workers/0/066ee60b-a6bf-4b77-bb61-ff371cede24f
2019-09-26 14:06:56,627 INFO  server.RaftServerConfigKeys (ConfUtils.java:logGet(43)) - raft.server.log.queue.byte-limit = 64MB (=67108864) (default)
2019-09-26 14:06:56,627 INFO  server.RaftServerConfigKeys (ConfUtils.java:logGet(43)) - raft.server.log.queue.element-limit = 4096 (default)
2019-09-26 14:06:56,627 INFO  server.RaftServerConfigKeys (ConfUtils.java:logGet(43)) - raft.server.log.segment.size.max = 33554432 (custom)
2019-09-26 14:06:56,627 INFO  server.RaftServerConfigKeys (ConfUtils.java:logGet(43)) - raft.server.log.preallocated.size = 33554432 (custom)
2019-09-26 14:06:56,627 INFO  server.RaftServerConfigKeys (ConfUtils.java:logGet(43)) - raft.server.log.write.buffer.size = 64KB (=65536) (default)
2019-09-26 14:06:56,627 INFO  server.RaftServerConfigKeys (ConfUtils.java:logGet(43)) - raft.server.log.force.sync.num = 128 (default)
2019-09-26 14:06:56,628 INFO  server.RaftServerConfigKeys (ConfUtils.java:logGet(43)) - raft.server.log.statemachine.data.sync = true (default)
2019-09-26 14:06:56,628 INFO  server.RaftServerConfigKeys (ConfUtils.java:logGet(43)) - raft.server.log.statemachine.data.sync.timeout = 10s (default)
2019-09-26 14:06:56,628 INFO  server.RaftServerConfigKeys (ConfUtils.java:logGet(43)) - raft.server.log.statemachine.data.sync.timeout.retry = -1 (default)
2019-09-26 14:06:56,628 INFO  server.RaftServerConfigKeys (ConfUtils.java:logGet(43)) - raft.server.log.statemachine.data.caching.enabled = false (default)
2019-09-26 14:06:56,628 INFO  segmented.SegmentedRaftLogWorker (SegmentedRaftLogWorker.java:lambda$new$0(132)) - localhost_10000@group-FF371CEDE24F-SegmentedRaftLogWorker: flushIndex: setUnconditionally 0 -> -1
2019-09-26 14:06:56,629 INFO  server.RaftServerConfigKeys (ConfUtils.java:logGet(43)) - raft.server.snapshot.auto.trigger.enabled = false (default)
2019-09-26 14:06:56,629 INFO  server.RaftServerConfigKeys (ConfUtils.java:logGet(43)) - raft.server.snapshot.retention.file.num = -1 (default)
2019-09-26 14:06:56,629 INFO  server.RaftServerConfigKeys (ConfUtils.java:logGet(43)) - raft.server.retrycache.expirytime = 60s (default)
2019-09-26 14:06:56,632 INFO  impl.RaftServerImpl (RaftServerImpl.java:start(181)) - localhost_10000@group-FF371CEDE24F: start as a follower, conf=-1: [localhost_10002:localhost:10002, localhost_10001:localhost:10001, localhost_10000:localhost:10000], old=null
2019-09-26 14:06:56,632 INFO  impl.RaftServerImpl (RaftServerImpl.java:setRole(170)) - localhost_10000@group-FF371CEDE24F: changes role from      null to FOLLOWER at term 0 for startAsFollower
2019-09-26 14:06:56,632 INFO  impl.RoleInfo (RoleInfo.java:updateAndGet(143)) - localhost_10000: start FollowerState
2019-09-26 14:06:56,632 INFO  util.JmxRegister (JmxRegister.java:tryRegister(44)) - Successfully registered JMX Bean with object name Ratis:service=RaftServer,group=group-FF371CEDE24F,id=localhost_10000
2019-09-26 14:06:56,640 INFO  impl.RaftServerProxy (RaftServerProxy.java:addNew(89)) - localhost_10002: addNew group-FF371CEDE24F:[localhost_10002:localhost:10002, localhost_10001:localhost:10001, localhost_10000:localhost:10000] returns group-FF371CEDE24F:java.util.concurrent.CompletableFuture@149904f7[Not completed]
2019-09-26 14:06:56,640 INFO  impl.RaftServerImpl (RaftServerImpl.java:<init>(95)) - localhost_10002: new RaftServerImpl for group-FF371CEDE24F:[localhost_10002:localhost:10002, localhost_10001:localhost:10001, localhost_10000:localhost:10000] with LogStateMachine:uninitialized
2019-09-26 14:06:56,640 INFO  server.RaftServerConfigKeys (ConfUtils.java:logGet(43)) - raft.server.rpc.timeout.min = 1000ms (custom)
2019-09-26 14:06:56,640 INFO  server.RaftServerConfigKeys (ConfUtils.java:logGet(43)) - raft.server.rpc.timeout.max = 1200ms (custom)
2019-09-26 14:06:56,640 INFO  server.RaftServerConfigKeys (ConfUtils.java:logGet(43)) - raft.server.rpcslowness.timeout = 60s (default)
2019-09-26 14:06:56,641 INFO  server.RaftServerConfigKeys (ConfUtils.java:logGet(43)) - raft.server.sleep.deviation.threshold = 300 (default)
2019-09-26 14:06:56,641 INFO  server.RaftServerConfigKeys (ConfUtils.java:logGet(43)) - raft.server.log.appender.install.snapshot.enabled = true (default)
2019-09-26 14:06:56,641 INFO  impl.RaftServerImpl (ServerState.java:<init>(103)) - localhost_10002@group-FF371CEDE24F: ConfigurationManager, init=-1: [localhost_10002:localhost:10002, localhost_10001:localhost:10001, localhost_10000:localhost:10000], old=null, confs=<EMPTY_MAP>
2019-09-26 14:06:56,641 INFO  server.RaftServerConfigKeys (ConfUtils.java:logGet(43)) - raft.server.storage.dir = [/workdir/ratis-logservice/target/test/data/161f0b00/workers/2] (custom)
2019-09-26 14:06:56,642 INFO  server.RaftServerConfigKeys (ConfUtils.java:logGet(43)) - raft.server.log.corruption.policy = EXCEPTION (default)
2019-09-26 14:06:56,642 INFO  storage.RaftStorageDirectory (RaftStorageDirectory.java:analyzeStorage(246)) - The storage directory /workdir/ratis-logservice/target/test/data/161f0b00/workers/2/066ee60b-a6bf-4b77-bb61-ff371cede24f does not exist. Creating ...
2019-09-26 14:06:56,646 INFO  storage.RaftStorageDirectory (RaftStorageDirectory.java:tryLock(328)) - Lock on /workdir/ratis-logservice/target/test/data/161f0b00/workers/2/066ee60b-a6bf-4b77-bb61-ff371cede24f/in_use.lock acquired by nodename 19307@ratis-test-vpfcj-1787858657
2019-09-26 14:06:56,669 INFO  storage.RaftStorage (RaftStorage.java:format(84)) - Storage directory /workdir/ratis-logservice/target/test/data/161f0b00/workers/2/066ee60b-a6bf-4b77-bb61-ff371cede24f has been successfully formatted.
2019-09-26 14:06:56,672 WARN  server.LogStateMachine (LogStateMachine.java:load(226)) - The snapshot info is null.
2019-09-26 14:06:56,672 INFO  server.RaftServerConfigKeys (ConfUtils.java:logGet(43)) - raft.server.notification.no-leader.timeout = 60s (default)
2019-09-26 14:06:56,672 INFO  server.RaftServerConfigKeys (ConfUtils.java:logGet(43)) - raft.server.log.use.memory = false (default)
2019-09-26 14:06:56,673 INFO  server.RaftServerConfigKeys (ConfUtils.java:logGet(43)) - raft.server.log.purge.gap = 1024 (default)
2019-09-26 14:06:56,673 INFO  server.RaftServerConfigKeys (ConfUtils.java:logGet(43)) - raft.server.log.appender.buffer.byte-limit = 4MB (=4194304) (default)
2019-09-26 14:06:56,673 INFO  server.RaftServerConfigKeys (ConfUtils.java:logGet(43)) - raft.server.log.segment.size.max = 33554432 (custom)
2019-09-26 14:06:56,673 INFO  server.RaftServerConfigKeys (ConfUtils.java:logGet(43)) - raft.server.log.segment.cache.num.max = 6 (default)
2019-09-26 14:06:56,673 INFO  segmented.SegmentedRaftLogWorker (SegmentedRaftLogWorker.java:<init>(172)) - new localhost_10002@group-FF371CEDE24F-SegmentedRaftLogWorker for RaftStorage:Storage Directory /workdir/ratis-logservice/target/test/data/161f0b00/workers/2/066ee60b-a6bf-4b77-bb61-ff371cede24f
2019-09-26 14:06:56,673 INFO  server.RaftServerConfigKeys (ConfUtils.java:logGet(43)) - raft.server.log.queue.byte-limit = 64MB (=67108864) (default)
2019-09-26 14:06:56,674 INFO  server.RaftServerConfigKeys (ConfUtils.java:logGet(43)) - raft.server.log.queue.element-limit = 4096 (default)
2019-09-26 14:06:56,674 INFO  server.RaftServerConfigKeys (ConfUtils.java:logGet(43)) - raft.server.log.segment.size.max = 33554432 (custom)
2019-09-26 14:06:56,674 INFO  server.RaftServerConfigKeys (ConfUtils.java:logGet(43)) - raft.server.log.preallocated.size = 33554432 (custom)
2019-09-26 14:06:56,674 INFO  server.RaftServerConfigKeys (ConfUtils.java:logGet(43)) - raft.server.log.write.buffer.size = 64KB (=65536) (default)
2019-09-26 14:06:56,674 INFO  server.RaftServerConfigKeys (ConfUtils.java:logGet(43)) - raft.server.log.force.sync.num = 128 (default)
2019-09-26 14:06:56,675 INFO  server.RaftServerConfigKeys (ConfUtils.java:logGet(43)) - raft.server.log.statemachine.data.sync = true (default)
2019-09-26 14:06:56,675 INFO  server.RaftServerConfigKeys (ConfUtils.java:logGet(43)) - raft.server.log.statemachine.data.sync.timeout = 10s (default)
2019-09-26 14:06:56,675 INFO  server.RaftServerConfigKeys (ConfUtils.java:logGet(43)) - raft.server.log.statemachine.data.sync.timeout.retry = -1 (default)
2019-09-26 14:06:56,675 INFO  server.RaftServerConfigKeys (ConfUtils.java:logGet(43)) - raft.server.log.statemachine.data.caching.enabled = false (default)
2019-09-26 14:06:56,676 INFO  segmented.SegmentedRaftLogWorker (SegmentedRaftLogWorker.java:lambda$new$0(132)) - localhost_10002@group-FF371CEDE24F-SegmentedRaftLogWorker: flushIndex: setUnconditionally 0 -> -1
2019-09-26 14:06:56,676 INFO  server.RaftServerConfigKeys (ConfUtils.java:logGet(43)) - raft.server.snapshot.auto.trigger.enabled = false (default)
2019-09-26 14:06:56,676 INFO  server.RaftServerConfigKeys (ConfUtils.java:logGet(43)) - raft.server.snapshot.retention.file.num = -1 (default)
2019-09-26 14:06:56,676 INFO  server.RaftServerConfigKeys (ConfUtils.java:logGet(43)) - raft.server.retrycache.expirytime = 60s (default)
2019-09-26 14:06:56,680 INFO  impl.RaftServerImpl (RaftServerImpl.java:start(181)) - localhost_10002@group-FF371CEDE24F: start as a follower, conf=-1: [localhost_10002:localhost:10002, localhost_10001:localhost:10001, localhost_10000:localhost:10000], old=null
2019-09-26 14:06:56,680 INFO  impl.RaftServerImpl (RaftServerImpl.java:setRole(170)) - localhost_10002@group-FF371CEDE24F: changes role from      null to FOLLOWER at term 0 for startAsFollower
2019-09-26 14:06:56,680 INFO  impl.RoleInfo (RoleInfo.java:updateAndGet(143)) - localhost_10002: start FollowerState
2019-09-26 14:06:56,681 INFO  util.JmxRegister (JmxRegister.java:tryRegister(44)) - Successfully registered JMX Bean with object name Ratis:service=RaftServer,group=group-FF371CEDE24F,id=localhost_10002
2019-09-26 14:06:56,689 INFO  client.GrpcClientProtocolService (GrpcClientProtocolService.java:lambda$processClientRequest$0(278)) - Failed RaftClientRequest:client-35A219AE230C->localhost_9000@group-000000000001, cid=40, seq=0, RW, Message:1291010a0f0a0d746573...(size=148), reply=RaftClientReply:client-35A219AE230C->localhost_9000@group-000000000001, cid=40, FAILED org.apache.ratis.protocol.NotLeaderException: Server localhost_9000@group-000000000001 is not the leader localhost_9001:localhost:9001, logIndex=0, commits[localhost_9000:c17, localhost_9001:c17, localhost_9002:c16]
2019-09-26 14:06:56,707 INFO  server.MetaStateMachine (MetaStateMachine.java:applyTransactionSerial(153)) - Log LogName['testReadWrite'] registered at localhost_9001 with group group-FF371CEDE24F:[localhost_10002:localhost:10002, localhost_10001:localhost:10001, localhost_10000:localhost:10000] 
2019-09-26 14:06:56,716 INFO  client.GrpcClientProtocolService (GrpcClientProtocolService.java:lambda$processClientRequest$0(278)) - Failed RaftClientRequest:client-FBD57F74AF91->localhost_10002@group-FF371CEDE24F, cid=42, seq=0, RW, Message:321f0a0f0a0d74657374...(size=33), reply=RaftClientReply:client-FBD57F74AF91->localhost_10002@group-FF371CEDE24F, cid=42, FAILED org.apache.ratis.protocol.NotLeaderException: Server localhost_10002@group-FF371CEDE24F is not the leader, logIndex=0, commits[localhost_10002:c-1]
2019-09-26 14:06:56,719 INFO  server.MetaStateMachine (MetaStateMachine.java:applyTransactionSerial(153)) - Log LogName['testReadWrite'] registered at localhost_9002 with group group-FF371CEDE24F:[localhost_10002:localhost:10002, localhost_10001:localhost:10001, localhost_10000:localhost:10000] 
2019-09-26 14:06:56,719 INFO  server.MetaStateMachine (MetaStateMachine.java:applyTransactionSerial(153)) - Log LogName['testReadWrite'] registered at localhost_9000 with group group-FF371CEDE24F:[localhost_10002:localhost:10002, localhost_10001:localhost:10001, localhost_10000:localhost:10000] 
2019-09-26 14:06:56,721 INFO  client.GrpcClientProtocolService (GrpcClientProtocolService.java:lambda$processClientRequest$0(278)) - Failed RaftClientRequest:client-FBD57F74AF91->localhost_10001@group-FF371CEDE24F, cid=42, seq=0, RW, Message:321f0a0f0a0d74657374...(size=33), reply=RaftClientReply:client-FBD57F74AF91->localhost_10001@group-FF371CEDE24F, cid=42, FAILED org.apache.ratis.protocol.NotLeaderException: Server localhost_10001@group-FF371CEDE24F is not the leader, logIndex=0, commits[localhost_10001:c-1]
2019-09-26 14:06:56,725 INFO  client.GrpcClientProtocolService (GrpcClientProtocolService.java:lambda$processClientRequest$0(278)) - Failed RaftClientRequest:client-FBD57F74AF91->localhost_10000@group-FF371CEDE24F, cid=42, seq=0, RW, Message:321f0a0f0a0d74657374...(size=33), reply=RaftClientReply:client-FBD57F74AF91->localhost_10000@group-FF371CEDE24F, cid=42, FAILED org.apache.ratis.protocol.NotLeaderException: Server localhost_10000@group-FF371CEDE24F is not the leader, logIndex=0, commits[localhost_10000:c-1]
2019-09-26 14:06:56,729 INFO  client.GrpcClientProtocolService (GrpcClientProtocolService.java:lambda$processClientRequest$0(278)) - Failed RaftClientRequest:client-FBD57F74AF91->localhost_10001@group-FF371CEDE24F, cid=42, seq=0, RW, Message:321f0a0f0a0d74657374...(size=33), reply=RaftClientReply:client-FBD57F74AF91->localhost_10001@group-FF371CEDE24F, cid=42, FAILED org.apache.ratis.protocol.NotLeaderException: Server localhost_10001@group-FF371CEDE24F is not the leader, logIndex=0, commits[localhost_10001:c-1]
2019-09-26 14:06:56,732 INFO  client.GrpcClientProtocolService (GrpcClientProtocolService.java:lambda$processClientRequest$0(278)) - Failed RaftClientRequest:client-FBD57F74AF91->localhost_10002@group-FF371CEDE24F, cid=42, seq=0, RW, Message:321f0a0f0a0d74657374...(size=33), reply=RaftClientReply:client-FBD57F74AF91->localhost_10002@group-FF371CEDE24F, cid=42, FAILED org.apache.ratis.protocol.NotLeaderException: Server localhost_10002@group-FF371CEDE24F is not the leader, logIndex=0, commits[localhost_10002:c-1]
2019-09-26 14:06:56,735 INFO  client.GrpcClientProtocolService (GrpcClientProtocolService.java:lambda$processClientRequest$0(278)) - Failed RaftClientRequest:client-FBD57F74AF91->localhost_10001@group-FF371CEDE24F, cid=42, seq=0, RW, Message:321f0a0f0a0d74657374...(size=33), reply=RaftClientReply:client-FBD57F74AF91->localhost_10001@group-FF371CEDE24F, cid=42, FAILED org.apache.ratis.protocol.NotLeaderException: Server localhost_10001@group-FF371CEDE24F is not the leader, logIndex=0, commits[localhost_10001:c-1]
2019-09-26 14:06:56,738 INFO  client.GrpcClientProtocolService (GrpcClientProtocolService.java:lambda$processClientRequest$0(278)) - Failed RaftClientRequest:client-FBD57F74AF91->localhost_10000@group-FF371CEDE24F, cid=42, seq=0, RW, Message:321f0a0f0a0d74657374...(size=33), reply=RaftClientReply:client-FBD57F74AF91->localhost_10000@group-FF371CEDE24F, cid=42, FAILED org.apache.ratis.protocol.NotLeaderException: Server localhost_10000@group-FF371CEDE24F is not the leader, logIndex=0, commits[localhost_10000:c-1]
2019-09-26 14:06:56,741 INFO  client.GrpcClientProtocolService (GrpcClientProtocolService.java:lambda$processClientRequest$0(278)) - Failed RaftClientRequest:client-FBD57F74AF91->localhost_10002@group-FF371CEDE24F, cid=42, seq=0, RW, Message:321f0a0f0a0d74657374...(size=33), reply=RaftClientReply:client-FBD57F74AF91->localhost_10002@group-FF371CEDE24F, cid=42, FAILED org.apache.ratis.protocol.NotLeaderException: Server localhost_10002@group-FF371CEDE24F is not the leader, logIndex=0, commits[localhost_10002:c-1]
2019-09-26 14:06:56,745 INFO  client.GrpcClientProtocolService (GrpcClientProtocolService.java:lambda$processClientRequest$0(278)) - Failed RaftClientRequest:client-FBD57F74AF91->localhost_10000@group-FF371CEDE24F, cid=42, seq=0, RW, Message:321f0a0f0a0d74657374...(size=33), reply=RaftClientReply:client-FBD57F74AF91->localhost_10000@group-FF371CEDE24F, cid=42, FAILED org.apache.ratis.protocol.NotLeaderException: Server localhost_10000@group-FF371CEDE24F is not the leader, logIndex=0, commits[localhost_10000:c-1]
2019-09-26 14:06:56,748 INFO  client.GrpcClientProtocolService (GrpcClientProtocolService.java:lambda$processClientRequest$0(278)) - Failed RaftClientRequest:client-FBD57F74AF91->localhost_10002@group-FF371CEDE24F, cid=42, seq=0, RW, Message:321f0a0f0a0d74657374...(size=33), reply=RaftClientReply:client-FBD57F74AF91->localhost_10002@group-FF371CEDE24F, cid=42, FAILED org.apache.ratis.protocol.NotLeaderException: Server localhost_10002@group-FF371CEDE24F is not the leader, logIndex=0, commits[localhost_10002:c-1]
2019-09-26 14:06:56,751 INFO  client.GrpcClientProtocolService (GrpcClientProtocolService.java:lambda$processClientRequest$0(278)) - Failed RaftClientRequest:client-FBD57F74AF91->localhost_10001@group-FF371CEDE24F, cid=42, seq=0, RW, Message:321f0a0f0a0d74657374...(size=33), reply=RaftClientReply:client-FBD57F74AF91->localhost_10001@group-FF371CEDE24F, cid=42, FAILED org.apache.ratis.protocol.NotLeaderException: Server localhost_10001@group-FF371CEDE24F is not the leader, logIndex=0, commits[localhost_10001:c-1]
2019-09-26 14:06:56,754 INFO  client.GrpcClientProtocolService (GrpcClientProtocolService.java:lambda$processClientRequest$0(278)) - Failed RaftClientRequest:client-FBD57F74AF91->localhost_10002@group-FF371CEDE24F, cid=42, seq=0, RW, Message:321f0a0f0a0d74657374...(size=33), reply=RaftClientReply:client-FBD57F74AF91->localhost_10002@group-FF371CEDE24F, cid=42, FAILED org.apache.ratis.protocol.NotLeaderException: Server localhost_10002@group-FF371CEDE24F is not the leader, logIndex=0, commits[localhost_10002:c-1]
2019-09-26 14:06:56,757 INFO  client.GrpcClientProtocolService (GrpcClientProtocolService.java:lambda$processClientRequest$0(278)) - Failed RaftClientRequest:client-FBD57F74AF91->localhost_10000@group-FF371CEDE24F, cid=42, seq=0, RW, Message:321f0a0f0a0d74657374...(size=33), reply=RaftClientReply:client-FBD57F74AF91->localhost_10000@group-FF371CEDE24F, cid=42, FAILED org.apache.ratis.protocol.NotLeaderException: Server localhost_10000@group-FF371CEDE24F is not the leader, logIndex=0, commits[localhost_10000:c-1]
2019-09-26 14:06:56,760 INFO  client.GrpcClientProtocolService (GrpcClientProtocolService.java:lambda$processClientRequest$0(278)) - Failed RaftClientRequest:client-FBD57F74AF91->localhost_10002@group-FF371CEDE24F, cid=42, seq=0, RW, Message:321f0a0f0a0d74657374...(size=33), reply=RaftClientReply:client-FBD57F74AF91->localhost_10002@group-FF371CEDE24F, cid=42, FAILED org.apache.ratis.protocol.NotLeaderException: Server localhost_10002@group-FF371CEDE24F is not the leader, logIndex=0, commits[localhost_10002:c-1]
2019-09-26 14:06:56,763 INFO  client.GrpcClientProtocolService (GrpcClientProtocolService.java:lambda$processClientRequest$0(278)) - Failed RaftClientRequest:client-FBD57F74AF91->localhost_10000@group-FF371CEDE24F, cid=42, seq=0, RW, Message:321f0a0f0a0d74657374...(size=33), reply=RaftClientReply:client-FBD57F74AF91->localhost_10000@group-FF371CEDE24F, cid=42, FAILED org.apache.ratis.protocol.NotLeaderException: Server localhost_10000@group-FF371CEDE24F is not the leader, logIndex=0, commits[localhost_10000:c-1]
2019-09-26 14:06:56,766 INFO  client.GrpcClientProtocolService (GrpcClientProtocolService.java:lambda$processClientRequest$0(278)) - Failed RaftClientRequest:client-FBD57F74AF91->localhost_10001@group-FF371CEDE24F, cid=42, seq=0, RW, Message:321f0a0f0a0d74657374...(size=33), reply=RaftClientReply:client-FBD57F74AF91->localhost_10001@group-FF371CEDE24F, cid=42, FAILED org.apache.ratis.protocol.NotLeaderException: Server localhost_10001@group-FF371CEDE24F is not the leader, logIndex=0, commits[localhost_10001:c-1]
2019-09-26 14:06:56,769 INFO  client.GrpcClientProtocolService (GrpcClientProtocolService.java:lambda$processClientRequest$0(278)) - Failed RaftClientRequest:client-FBD57F74AF91->localhost_10002@group-FF371CEDE24F, cid=42, seq=0, RW, Message:321f0a0f0a0d74657374...(size=33), reply=RaftClientReply:client-FBD57F74AF91->localhost_10002@group-FF371CEDE24F, cid=42, FAILED org.apache.ratis.protocol.NotLeaderException: Server localhost_10002@group-FF371CEDE24F is not the leader, logIndex=0, commits[localhost_10002:c-1]
2019-09-26 14:06:56,772 INFO  client.GrpcClientProtocolService (GrpcClientProtocolService.java:lambda$processClientRequest$0(278)) - Failed RaftClientRequest:client-FBD57F74AF91->localhost_10000@group-FF371CEDE24F, cid=42, seq=0, RW, Message:321f0a0f0a0d74657374...(size=33), reply=RaftClientReply:client-FBD57F74AF91->localhost_10000@group-FF371CEDE24F, cid=42, FAILED org.apache.ratis.protocol.NotLeaderException: Server localhost_10000@group-FF371CEDE24F is not the leader, logIndex=0, commits[localhost_10000:c-1]
2019-09-26 14:06:56,775 INFO  client.GrpcClientProtocolService (GrpcClientProtocolService.java:lambda$processClientRequest$0(278)) - Failed RaftClientRequest:client-FBD57F74AF91->localhost_10001@group-FF371CEDE24F, cid=42, seq=0, RW, Message:321f0a0f0a0d74657374...(size=33), reply=RaftClientReply:client-FBD57F74AF91->localhost_10001@group-FF371CEDE24F, cid=42, FAILED org.apache.ratis.protocol.NotLeaderException: Server localhost_10001@group-FF371CEDE24F is not the leader, logIndex=0, commits[localhost_10001:c-1]
2019-09-26 14:06:56,778 INFO  client.GrpcClientProtocolService (GrpcClientProtocolService.java:lambda$processClientRequest$0(278)) - Failed RaftClientRequest:client-FBD57F74AF91->localhost_10002@group-FF371CEDE24F, cid=42, seq=0, RW, Message:321f0a0f0a0d74657374...(size=33), reply=RaftClientReply:client-FBD57F74AF91->localhost_10002@group-FF371CEDE24F, cid=42, FAILED org.apache.ratis.protocol.NotLeaderException: Server localhost_10002@group-FF371CEDE24F is not the leader, logIndex=0, commits[localhost_10002:c-1]
2019-09-26 14:06:56,781 INFO  client.GrpcClientProtocolService (GrpcClientProtocolService.java:lambda$processClientRequest$0(278)) - Failed RaftClientRequest:client-FBD57F74AF91->localhost_10001@group-FF371CEDE24F, cid=42, seq=0, RW, Message:321f0a0f0a0d74657374...(size=33), reply=RaftClientReply:client-FBD57F74AF91->localhost_10001@group-FF371CEDE24F, cid=42, FAILED org.apache.ratis.protocol.NotLeaderException: Server localhost_10001@group-FF371CEDE24F is not the leader, logIndex=0, commits[localhost_10001:c-1]
2019-09-26 14:06:56,784 INFO  client.GrpcClientProtocolService (GrpcClientProtocolService.java:lambda$processClientRequest$0(278)) - Failed RaftClientRequest:client-FBD57F74AF91->localhost_10002@group-FF371CEDE24F, cid=42, seq=0, RW, Message:321f0a0f0a0d74657374...(size=33), reply=RaftClientReply:client-FBD57F74AF91->localhost_10002@group-FF371CEDE24F, cid=42, FAILED org.apache.ratis.protocol.NotLeaderException: Server localhost_10002@group-FF371CEDE24F is not the leader, logIndex=0, commits[localhost_10002:c-1]
2019-09-26 14:06:56,787 INFO  client.GrpcClientProtocolService (GrpcClientProtocolService.java:lambda$processClientRequest$0(278)) - Failed RaftClientRequest:client-FBD57F74AF91->localhost_10001@group-FF371CEDE24F, cid=42, seq=0, RW, Message:321f0a0f0a0d74657374...(size=33), reply=RaftClientReply:client-FBD57F74AF91->localhost_10001@group-FF371CEDE24F, cid=42, FAILED org.apache.ratis.protocol.NotLeaderException: Server localhost_10001@group-FF371CEDE24F is not the leader, logIndex=0, commits[localhost_10001:c-1]
2019-09-26 14:06:56,789 INFO  client.GrpcClientProtocolService (GrpcClientProtocolService.java:lambda$processClientRequest$0(278)) - Failed RaftClientRequest:client-FBD57F74AF91->localhost_10002@group-FF371CEDE24F, cid=42, seq=0, RW, Message:321f0a0f0a0d74657374...(size=33), reply=RaftClientReply:client-FBD57F74AF91->localhost_10002@group-FF371CEDE24F, cid=42, FAILED org.apache.ratis.protocol.NotLeaderException: Server localhost_10002@group-FF371CEDE24F is not the leader, logIndex=0, commits[localhost_10002:c-1]
2019-09-26 14:06:56,792 INFO  client.GrpcClientProtocolService (GrpcClientProtocolService.java:lambda$processClientRequest$0(278)) - Failed RaftClientRequest:client-FBD57F74AF91->localhost_10001@group-FF371CEDE24F, cid=42, seq=0, RW, Message:321f0a0f0a0d74657374...(size=33), reply=RaftClientReply:client-FBD57F74AF91->localhost_10001@group-FF371CEDE24F, cid=42, FAILED org.apache.ratis.protocol.NotLeaderException: Server localhost_10001@group-FF371CEDE24F is not the leader, logIndex=0, commits[localhost_10001:c-1]
2019-09-26 14:06:56,795 INFO  client.GrpcClientProtocolService (GrpcClientProtocolService.java:lambda$processClientRequest$0(278)) - Failed RaftClientRequest:client-FBD57F74AF91->localhost_10002@group-FF371CEDE24F, cid=42, seq=0, RW, Message:321f0a0f0a0d74657374...(size=33), reply=RaftClientReply:client-FBD57F74AF91->localhost_10002@group-FF371CEDE24F, cid=42, FAILED org.apache.ratis.protocol.NotLeaderException: Server localhost_10002@group-FF371CEDE24F is not the leader, logIndex=0, commits[localhost_10002:c-1]
2019-09-26 14:06:56,797 INFO  client.GrpcClientProtocolService (GrpcClientProtocolService.java:lambda$processClientRequest$0(278)) - Failed RaftClientRequest:client-FBD57F74AF91->localhost_10000@group-FF371CEDE24F, cid=42, seq=0, RW, Message:321f0a0f0a0d74657374...(size=33), reply=RaftClientReply:client-FBD57F74AF91->localhost_10000@group-FF371CEDE24F, cid=42, FAILED org.apache.ratis.protocol.NotLeaderException: Server localhost_10000@group-FF371CEDE24F is not the leader, logIndex=0, commits[localhost_10000:c-1]
2019-09-26 14:06:56,800 INFO  client.GrpcClientProtocolService (GrpcClientProtocolService.java:lambda$processClientRequest$0(278)) - Failed RaftClientRequest:client-FBD57F74AF91->localhost_10001@group-FF371CEDE24F, cid=42, seq=0, RW, Message:321f0a0f0a0d74657374...(size=33), reply=RaftClientReply:client-FBD57F74AF91->localhost_10001@group-FF371CEDE24F, cid=42, FAILED org.apache.ratis.protocol.NotLeaderException: Server localhost_10001@group-FF371CEDE24F is not the leader, logIndex=0, commits[localhost_10001:c-1]
2019-09-26 14:06:56,803 INFO  client.GrpcClientProtocolService (GrpcClientProtocolService.java:lambda$processClientRequest$0(278)) - Failed RaftClientRequest:client-FBD57F74AF91->localhost_10000@group-FF371CEDE24F, cid=42, seq=0, RW, Message:321f0a0f0a0d74657374...(size=33), reply=RaftClientReply:client-FBD57F74AF91->localhost_10000@group-FF371CEDE24F, cid=42, FAILED org.apache.ratis.protocol.NotLeaderException: Server localhost_10000@group-FF371CEDE24F is not the leader, logIndex=0, commits[localhost_10000:c-1]
2019-09-26 14:06:56,806 INFO  client.GrpcClientProtocolService (GrpcClientProtocolService.java:lambda$processClientRequest$0(278)) - Failed RaftClientRequest:client-FBD57F74AF91->localhost_10002@group-FF371CEDE24F, cid=42, seq=0, RW, Message:321f0a0f0a0d74657374...(size=33), reply=RaftClientReply:client-FBD57F74AF91->localhost_10002@group-FF371CEDE24F, cid=42, FAILED org.apache.ratis.protocol.NotLeaderException: Server localhost_10002@group-FF371CEDE24F is not the leader, logIndex=0, commits[localhost_10002:c-1]
2019-09-26 14:06:56,809 INFO  client.GrpcClientProtocolService (GrpcClientProtocolService.java:lambda$processClientRequest$0(278)) - Failed RaftClientRequest:client-FBD57F74AF91->localhost_10001@group-FF371CEDE24F, cid=42, seq=0, RW, Message:321f0a0f0a0d74657374...(size=33), reply=RaftClientReply:client-FBD57F74AF91->localhost_10001@group-FF371CEDE24F, cid=42, FAILED org.apache.ratis.protocol.NotLeaderException: Server localhost_10001@group-FF371CEDE24F is not the leader, logIndex=0, commits[localhost_10001:c-1]
2019-09-26 14:06:56,811 INFO  client.GrpcClientProtocolService (GrpcClientProtocolService.java:lambda$processClientRequest$0(278)) - Failed RaftClientRequest:client-FBD57F74AF91->localhost_10000@group-FF371CEDE24F, cid=42, seq=0, RW, Message:321f0a0f0a0d74657374...(size=33), reply=RaftClientReply:client-FBD57F74AF91->localhost_10000@group-FF371CEDE24F, cid=42, FAILED org.apache.ratis.protocol.NotLeaderException: Server localhost_10000@group-FF371CEDE24F is not the leader, logIndex=0, commits[localhost_10000:c-1]
2019-09-26 14:06:56,814 INFO  client.GrpcClientProtocolService (GrpcClientProtocolService.java:lambda$processClientRequest$0(278)) - Failed RaftClientRequest:client-FBD57F74AF91->localhost_10001@group-FF371CEDE24F, cid=42, seq=0, RW, Message:321f0a0f0a0d74657374...(size=33), reply=RaftClientReply:client-FBD57F74AF91->localhost_10001@group-FF371CEDE24F, cid=42, FAILED org.apache.ratis.protocol.NotLeaderException: Server localhost_10001@group-FF371CEDE24F is not the leader, logIndex=0, commits[localhost_10001:c-1]
2019-09-26 14:06:56,817 INFO  client.GrpcClientProtocolService (GrpcClientProtocolService.java:lambda$processClientRequest$0(278)) - Failed RaftClientRequest:client-FBD57F74AF91->localhost_10002@group-FF371CEDE24F, cid=42, seq=0, RW, Message:321f0a0f0a0d74657374...(size=33), reply=RaftClientReply:client-FBD57F74AF91->localhost_10002@group-FF371CEDE24F, cid=42, FAILED org.apache.ratis.protocol.NotLeaderException: Server localhost_10002@group-FF371CEDE24F is not the leader, logIndex=0, commits[localhost_10002:c-1]
2019-09-26 14:06:56,819 INFO  client.GrpcClientProtocolService (GrpcClientProtocolService.java:lambda$processClientRequest$0(278)) - Failed RaftClientRequest:client-FBD57F74AF91->localhost_10001@group-FF371CEDE24F, cid=42, seq=0, RW, Message:321f0a0f0a0d74657374...(size=33), reply=RaftClientReply:client-FBD57F74AF91->localhost_10001@group-FF371CEDE24F, cid=42, FAILED org.apache.ratis.protocol.NotLeaderException: Server localhost_10001@group-FF371CEDE24F is not the leader, logIndex=0, commits[localhost_10001:c-1]
2019-09-26 14:06:56,822 INFO  client.GrpcClientProtocolService (GrpcClientProtocolService.java:lambda$processClientRequest$0(278)) - Failed RaftClientRequest:client-FBD57F74AF91->localhost_10000@group-FF371CEDE24F, cid=42, seq=0, RW, Message:321f0a0f0a0d74657374...(size=33), reply=RaftClientReply:client-FBD57F74AF91->localhost_10000@group-FF371CEDE24F, cid=42, FAILED org.apache.ratis.protocol.NotLeaderException: Server localhost_10000@group-FF371CEDE24F is not the leader, logIndex=0, commits[localhost_10000:c-1]
2019-09-26 14:06:56,825 INFO  client.GrpcClientProtocolService (GrpcClientProtocolService.java:lambda$processClientRequest$0(278)) - Failed RaftClientRequest:client-FBD57F74AF91->localhost_10001@group-FF371CEDE24F, cid=42, seq=0, RW, Message:321f0a0f0a0d74657374...(size=33), reply=RaftClientReply:client-FBD57F74AF91->localhost_10001@group-FF371CEDE24F, cid=42, FAILED org.apache.ratis.protocol.NotLeaderException: Server localhost_10001@group-FF371CEDE24F is not the leader, logIndex=0, commits[localhost_10001:c-1]
2019-09-26 14:06:56,828 INFO  client.GrpcClientProtocolService (GrpcClientProtocolService.java:lambda$processClientRequest$0(278)) - Failed RaftClientRequest:client-FBD57F74AF91->localhost_10000@group-FF371CEDE24F, cid=42, seq=0, RW, Message:321f0a0f0a0d74657374...(size=33), reply=RaftClientReply:client-FBD57F74AF91->localhost_10000@group-FF371CEDE24F, cid=42, FAILED org.apache.ratis.protocol.NotLeaderException: Server localhost_10000@group-FF371CEDE24F is not the leader, logIndex=0, commits[localhost_10000:c-1]
2019-09-26 14:06:56,831 INFO  client.GrpcClientProtocolService (GrpcClientProtocolService.java:lambda$processClientRequest$0(278)) - Failed RaftClientRequest:client-FBD57F74AF91->localhost_10002@group-FF371CEDE24F, cid=42, seq=0, RW, Message:321f0a0f0a0d74657374...(size=33), reply=RaftClientReply:client-FBD57F74AF91->localhost_10002@group-FF371CEDE24F, cid=42, FAILED org.apache.ratis.protocol.NotLeaderException: Server localhost_10002@group-FF371CEDE24F is not the leader, logIndex=0, commits[localhost_10002:c-1]
2019-09-26 14:06:56,834 INFO  client.GrpcClientProtocolService (GrpcClientProtocolService.java:lambda$processClientRequest$0(278)) - Failed RaftClientRequest:client-FBD57F74AF91->localhost_10001@group-FF371CEDE24F, cid=42, seq=0, RW, Message:321f0a0f0a0d74657374...(size=33), reply=RaftClientReply:client-FBD57F74AF91->localhost_10001@group-FF371CEDE24F, cid=42, FAILED org.apache.ratis.protocol.NotLeaderException: Server localhost_10001@group-FF371CEDE24F is not the leader, logIndex=0, commits[localhost_10001:c-1]
2019-09-26 14:06:56,837 INFO  client.GrpcClientProtocolService (GrpcClientProtocolService.java:lambda$processClientRequest$0(278)) - Failed RaftClientRequest:client-FBD57F74AF91->localhost_10000@group-FF371CEDE24F, cid=42, seq=0, RW, Message:321f0a0f0a0d74657374...(size=33), reply=RaftClientReply:client-FBD57F74AF91->localhost_10000@group-FF371CEDE24F, cid=42, FAILED org.apache.ratis.protocol.NotLeaderException: Server localhost_10000@group-FF371CEDE24F is not the leader, logIndex=0, commits[localhost_10000:c-1]
2019-09-26 14:06:56,840 INFO  client.GrpcClientProtocolService (GrpcClientProtocolService.java:lambda$processClientRequest$0(278)) - Failed RaftClientRequest:client-FBD57F74AF91->localhost_10002@group-FF371CEDE24F, cid=42, seq=0, RW, Message:321f0a0f0a0d74657374...(size=33), reply=RaftClientReply:client-FBD57F74AF91->localhost_10002@group-FF371CEDE24F, cid=42, FAILED org.apache.ratis.protocol.NotLeaderException: Server localhost_10002@group-FF371CEDE24F is not the leader, logIndex=0, commits[localhost_10002:c-1]
2019-09-26 14:06:56,843 INFO  client.GrpcClientProtocolService (GrpcClientProtocolService.java:lambda$processClientRequest$0(278)) - Failed RaftClientRequest:client-FBD57F74AF91->localhost_10000@group-FF371CEDE24F, cid=42, seq=0, RW, Message:321f0a0f0a0d74657374...(size=33), reply=RaftClientReply:client-FBD57F74AF91->localhost_10000@group-FF371CEDE24F, cid=42, FAILED org.apache.ratis.protocol.NotLeaderException: Server localhost_10000@group-FF371CEDE24F is not the leader, logIndex=0, commits[localhost_10000:c-1]
2019-09-26 14:06:56,846 INFO  client.GrpcClientProtocolService (GrpcClientProtocolService.java:lambda$processClientRequest$0(278)) - Failed RaftClientRequest:client-FBD57F74AF91->localhost_10001@group-FF371CEDE24F, cid=42, seq=0, RW, Message:321f0a0f0a0d74657374...(size=33), reply=RaftClientReply:client-FBD57F74AF91->localhost_10001@group-FF371CEDE24F, cid=42, FAILED org.apache.ratis.protocol.NotLeaderException: Server localhost_10001@group-FF371CEDE24F is not the leader, logIndex=0, commits[localhost_10001:c-1]
2019-09-26 14:06:56,849 INFO  client.GrpcClientProtocolService (GrpcClientProtocolService.java:lambda$processClientRequest$0(278)) - Failed RaftClientRequest:client-FBD57F74AF91->localhost_10002@group-FF371CEDE24F, cid=42, seq=0, RW, Message:321f0a0f0a0d74657374...(size=33), reply=RaftClientReply:client-FBD57F74AF91->localhost_10002@group-FF371CEDE24F, cid=42, FAILED org.apache.ratis.protocol.NotLeaderException: Server localhost_10002@group-FF371CEDE24F is not the leader, logIndex=0, commits[localhost_10002:c-1]
2019-09-26 14:06:56,852 INFO  client.GrpcClientProtocolService (GrpcClientProtocolService.java:lambda$processClientRequest$0(278)) - Failed RaftClientRequest:client-FBD57F74AF91->localhost_10000@group-FF371CEDE24F, cid=42, seq=0, RW, Message:321f0a0f0a0d74657374...(size=33), reply=RaftClientReply:client-FBD57F74AF91->localhost_10000@group-FF371CEDE24F, cid=42, FAILED org.apache.ratis.protocol.NotLeaderException: Server localhost_10000@group-FF371CEDE24F is not the leader, logIndex=0, commits[localhost_10000:c-1]
2019-09-26 14:06:56,854 INFO  client.GrpcClientProtocolService (GrpcClientProtocolService.java:lambda$processClientRequest$0(278)) - Failed RaftClientRequest:client-FBD57F74AF91->localhost_10002@group-FF371CEDE24F, cid=42, seq=0, RW, Message:321f0a0f0a0d74657374...(size=33), reply=RaftClientReply:client-FBD57F74AF91->localhost_10002@group-FF371CEDE24F, cid=42, FAILED org.apache.ratis.protocol.NotLeaderException: Server localhost_10002@group-FF371CEDE24F is not the leader, logIndex=0, commits[localhost_10002:c-1]
2019-09-26 14:06:56,857 INFO  client.GrpcClientProtocolService (GrpcClientProtocolService.java:lambda$processClientRequest$0(278)) - Failed RaftClientRequest:client-FBD57F74AF91->localhost_10001@group-FF371CEDE24F, cid=42, seq=0, RW, Message:321f0a0f0a0d74657374...(size=33), reply=RaftClientReply:client-FBD57F74AF91->localhost_10001@group-FF371CEDE24F, cid=42, FAILED org.apache.ratis.protocol.NotLeaderException: Server localhost_10001@group-FF371CEDE24F is not the leader, logIndex=0, commits[localhost_10001:c-1]
2019-09-26 14:06:56,860 INFO  client.GrpcClientProtocolService (GrpcClientProtocolService.java:lambda$processClientRequest$0(278)) - Failed RaftClientRequest:client-FBD57F74AF91->localhost_10000@group-FF371CEDE24F, cid=42, seq=0, RW, Message:321f0a0f0a0d74657374...(size=33), reply=RaftClientReply:client-FBD57F74AF91->localhost_10000@group-FF371CEDE24F, cid=42, FAILED org.apache.ratis.protocol.NotLeaderException: Server localhost_10000@group-FF371CEDE24F is not the leader, logIndex=0, commits[localhost_10000:c-1]
2019-09-26 14:06:56,862 INFO  client.GrpcClientProtocolService (GrpcClientProtocolService.java:lambda$processClientRequest$0(278)) - Failed RaftClientRequest:client-FBD57F74AF91->localhost_10002@group-FF371CEDE24F, cid=42, seq=0, RW, Message:321f0a0f0a0d74657374...(size=33), reply=RaftClientReply:client-FBD57F74AF91->localhost_10002@group-FF371CEDE24F, cid=42, FAILED org.apache.ratis.protocol.NotLeaderException: Server localhost_10002@group-FF371CEDE24F is not the leader, logIndex=0, commits[localhost_10002:c-1]
2019-09-26 14:06:56,865 INFO  client.GrpcClientProtocolService (GrpcClientProtocolService.java:lambda$processClientRequest$0(278)) - Failed RaftClientRequest:client-FBD57F74AF91->localhost_10000@group-FF371CEDE24F, cid=42, seq=0, RW, Message:321f0a0f0a0d74657374...(size=33), reply=RaftClientReply:client-FBD57F74AF91->localhost_10000@group-FF371CEDE24F, cid=42, FAILED org.apache.ratis.protocol.NotLeaderException: Server localhost_10000@group-FF371CEDE24F is not the leader, logIndex=0, commits[localhost_10000:c-1]
2019-09-26 14:06:56,868 INFO  client.GrpcClientProtocolService (GrpcClientProtocolService.java:lambda$processClientRequest$0(278)) - Failed RaftClientRequest:client-FBD57F74AF91->localhost_10001@group-FF371CEDE24F, cid=42, seq=0, RW, Message:321f0a0f0a0d74657374...(size=33), reply=RaftClientReply:client-FBD57F74AF91->localhost_10001@group-FF371CEDE24F, cid=42, FAILED org.apache.ratis.protocol.NotLeaderException: Server localhost_10001@group-FF371CEDE24F is not the leader, logIndex=0, commits[localhost_10001:c-1]
2019-09-26 14:06:56,871 INFO  client.GrpcClientProtocolService (GrpcClientProtocolService.java:lambda$processClientRequest$0(278)) - Failed RaftClientRequest:client-FBD57F74AF91->localhost_10002@group-FF371CEDE24F, cid=42, seq=0, RW, Message:321f0a0f0a0d74657374...(size=33), reply=RaftClientReply:client-FBD57F74AF91->localhost_10002@group-FF371CEDE24F, cid=42, FAILED org.apache.ratis.protocol.NotLeaderException: Server localhost_10002@group-FF371CEDE24F is not the leader, logIndex=0, commits[localhost_10002:c-1]
2019-09-26 14:06:56,873 INFO  client.GrpcClientProtocolService (GrpcClientProtocolService.java:lambda$processClientRequest$0(278)) - Failed RaftClientRequest:client-FBD57F74AF91->localhost_10001@group-FF371CEDE24F, cid=42, seq=0, RW, Message:321f0a0f0a0d74657374...(size=33), reply=RaftClientReply:client-FBD57F74AF91->localhost_10001@group-FF371CEDE24F, cid=42, FAILED org.apache.ratis.protocol.NotLeaderException: Server localhost_10001@group-FF371CEDE24F is not the leader, logIndex=0, commits[localhost_10001:c-1]
2019-09-26 14:06:56,876 INFO  client.GrpcClientProtocolService (GrpcClientProtocolService.java:lambda$processClientRequest$0(278)) - Failed RaftClientRequest:client-FBD57F74AF91->localhost_10002@group-FF371CEDE24F, cid=42, seq=0, RW, Message:321f0a0f0a0d74657374...(size=33), reply=RaftClientReply:client-FBD57F74AF91->localhost_10002@group-FF371CEDE24F, cid=42, FAILED org.apache.ratis.protocol.NotLeaderException: Server localhost_10002@group-FF371CEDE24F is not the leader, logIndex=0, commits[localhost_10002:c-1]
2019-09-26 14:06:56,879 INFO  client.GrpcClientProtocolService (GrpcClientProtocolService.java:lambda$processClientRequest$0(278)) - Failed RaftClientRequest:client-FBD57F74AF91->localhost_10000@group-FF371CEDE24F, cid=42, seq=0, RW, Message:321f0a0f0a0d74657374...(size=33), reply=RaftClientReply:client-FBD57F74AF91->localhost_10000@group-FF371CEDE24F, cid=42, FAILED org.apache.ratis.protocol.NotLeaderException: Server localhost_10000@group-FF371CEDE24F is not the leader, logIndex=0, commits[localhost_10000:c-1]
2019-09-26 14:06:56,882 INFO  client.GrpcClientProtocolService (GrpcClientProtocolService.java:lambda$processClientRequest$0(278)) - Failed RaftClientRequest:client-FBD57F74AF91->localhost_10001@group-FF371CEDE24F, cid=42, seq=0, RW, Message:321f0a0f0a0d74657374...(size=33), reply=RaftClientReply:client-FBD57F74AF91->localhost_10001@group-FF371CEDE24F, cid=42, FAILED org.apache.ratis.protocol.NotLeaderException: Server localhost_10001@group-FF371CEDE24F is not the leader, logIndex=0, commits[localhost_10001:c-1]
2019-09-26 14:06:56,884 INFO  client.GrpcClientProtocolService (GrpcClientProtocolService.java:lambda$processClientRequest$0(278)) - Failed RaftClientRequest:client-FBD57F74AF91->localhost_10000@group-FF371CEDE24F, cid=42, seq=0, RW, Message:321f0a0f0a0d74657374...(size=33), reply=RaftClientReply:client-FBD57F74AF91->localhost_10000@group-FF371CEDE24F, cid=42, FAILED org.apache.ratis.protocol.NotLeaderException: Server localhost_10000@group-FF371CEDE24F is not the leader, logIndex=0, commits[localhost_10000:c-1]
2019-09-26 14:06:56,887 INFO  client.GrpcClientProtocolService (GrpcClientProtocolService.java:lambda$processClientRequest$0(278)) - Failed RaftClientRequest:client-FBD57F74AF91->localhost_10002@group-FF371CEDE24F, cid=42, seq=0, RW, Message:321f0a0f0a0d74657374...(size=33), reply=RaftClientReply:client-FBD57F74AF91->localhost_10002@group-FF371CEDE24F, cid=42, FAILED org.apache.ratis.protocol.NotLeaderException: Server localhost_10002@group-FF371CEDE24F is not the leader, logIndex=0, commits[localhost_10002:c-1]
2019-09-26 14:06:56,890 INFO  client.GrpcClientProtocolService (GrpcClientProtocolService.java:lambda$processClientRequest$0(278)) - Failed RaftClientRequest:client-FBD57F74AF91->localhost_10000@group-FF371CEDE24F, cid=42, seq=0, RW, Message:321f0a0f0a0d74657374...(size=33), reply=RaftClientReply:client-FBD57F74AF91->localhost_10000@group-FF371CEDE24F, cid=42, FAILED org.apache.ratis.protocol.NotLeaderException: Server localhost_10000@group-FF371CEDE24F is not the leader, logIndex=0, commits[localhost_10000:c-1]
2019-09-26 14:06:56,892 INFO  client.GrpcClientProtocolService (GrpcClientProtocolService.java:lambda$processClientRequest$0(278)) - Failed RaftClientRequest:client-FBD57F74AF91->localhost_10002@group-FF371CEDE24F, cid=42, seq=0, RW, Message:321f0a0f0a0d74657374...(size=33), reply=RaftClientReply:client-FBD57F74AF91->localhost_10002@group-FF371CEDE24F, cid=42, FAILED org.apache.ratis.protocol.NotLeaderException: Server localhost_10002@group-FF371CEDE24F is not the leader, logIndex=0, commits[localhost_10002:c-1]
2019-09-26 14:06:56,895 INFO  client.GrpcClientProtocolService (GrpcClientProtocolService.java:lambda$processClientRequest$0(278)) - Failed RaftClientRequest:client-FBD57F74AF91->localhost_10000@group-FF371CEDE24F, cid=42, seq=0, RW, Message:321f0a0f0a0d74657374...(size=33), reply=RaftClientReply:client-FBD57F74AF91->localhost_10000@group-FF371CEDE24F, cid=42, FAILED org.apache.ratis.protocol.NotLeaderException: Server localhost_10000@group-FF371CEDE24F is not the leader, logIndex=0, commits[localhost_10000:c-1]
2019-09-26 14:06:56,898 INFO  client.GrpcClientProtocolService (GrpcClientProtocolService.java:lambda$processClientRequest$0(278)) - Failed RaftClientRequest:client-FBD57F74AF91->localhost_10001@group-FF371CEDE24F, cid=42, seq=0, RW, Message:321f0a0f0a0d74657374...(size=33), reply=RaftClientReply:client-FBD57F74AF91->localhost_10001@group-FF371CEDE24F, cid=42, FAILED org.apache.ratis.protocol.NotLeaderException: Server localhost_10001@group-FF371CEDE24F is not the leader, logIndex=0, commits[localhost_10001:c-1]
2019-09-26 14:06:56,901 INFO  client.GrpcClientProtocolService (GrpcClientProtocolService.java:lambda$processClientRequest$0(278)) - Failed RaftClientRequest:client-FBD57F74AF91->localhost_10002@group-FF371CEDE24F, cid=42, seq=0, RW, Message:321f0a0f0a0d74657374...(size=33), reply=RaftClientReply:client-FBD57F74AF91->localhost_10002@group-FF371CEDE24F, cid=42, FAILED org.apache.ratis.protocol.NotLeaderException: Server localhost_10002@group-FF371CEDE24F is not the leader, logIndex=0, commits[localhost_10002:c-1]
2019-09-26 14:06:56,903 INFO  client.GrpcClientProtocolService (GrpcClientProtocolService.java:lambda$processClientRequest$0(278)) - Failed RaftClientRequest:client-FBD57F74AF91->localhost_10000@group-FF371CEDE24F, cid=42, seq=0, RW, Message:321f0a0f0a0d74657374...(size=33), reply=RaftClientReply:client-FBD57F74AF91->localhost_10000@group-FF371CEDE24F, cid=42, FAILED org.apache.ratis.protocol.NotLeaderException: Server localhost_10000@group-FF371CEDE24F is not the leader, logIndex=0, commits[localhost_10000:c-1]
2019-09-26 14:06:56,907 INFO  client.GrpcClientProtocolService (GrpcClientProtocolService.java:lambda$processClientRequest$0(278)) - Failed RaftClientRequest:client-FBD57F74AF91->localhost_10001@group-FF371CEDE24F, cid=42, seq=0, RW, Message:321f0a0f0a0d74657374...(size=33), reply=RaftClientReply:client-FBD57F74AF91->localhost_10001@group-FF371CEDE24F, cid=42, FAILED org.apache.ratis.protocol.NotLeaderException: Server localhost_10001@group-FF371CEDE24F is not the leader, logIndex=0, commits[localhost_10001:c-1]
2019-09-26 14:06:56,909 INFO  client.GrpcClientProtocolService (GrpcClientProtocolService.java:lambda$processClientRequest$0(278)) - Failed RaftClientRequest:client-FBD57F74AF91->localhost_10000@group-FF371CEDE24F, cid=42, seq=0, RW, Message:321f0a0f0a0d74657374...(size=33), reply=RaftClientReply:client-FBD57F74AF91->localhost_10000@group-FF371CEDE24F, cid=42, FAILED org.apache.ratis.protocol.NotLeaderException: Server localhost_10000@group-FF371CEDE24F is not the leader, logIndex=0, commits[localhost_10000:c-1]
2019-09-26 14:06:56,913 INFO  client.GrpcClientProtocolService (GrpcClientProtocolService.java:lambda$processClientRequest$0(278)) - Failed RaftClientRequest:client-FBD57F74AF91->localhost_10002@group-FF371CEDE24F, cid=42, seq=0, RW, Message:321f0a0f0a0d74657374...(size=33), reply=RaftClientReply:client-FBD57F74AF91->localhost_10002@group-FF371CEDE24F, cid=42, FAILED org.apache.ratis.protocol.NotLeaderException: Server localhost_10002@group-FF371CEDE24F is not the leader, logIndex=0, commits[localhost_10002:c-1]
2019-09-26 14:06:56,916 INFO  client.GrpcClientProtocolService (GrpcClientProtocolService.java:lambda$processClientRequest$0(278)) - Failed RaftClientRequest:client-FBD57F74AF91->localhost_10001@group-FF371CEDE24F, cid=42, seq=0, RW, Message:321f0a0f0a0d74657374...(size=33), reply=RaftClientReply:client-FBD57F74AF91->localhost_10001@group-FF371CEDE24F, cid=42, FAILED org.apache.ratis.protocol.NotLeaderException: Server localhost_10001@group-FF371CEDE24F is not the leader, logIndex=0, commits[localhost_10001:c-1]
2019-09-26 14:06:56,918 INFO  client.GrpcClientProtocolService (GrpcClientProtocolService.java:lambda$processClientRequest$0(278)) - Failed RaftClientRequest:client-FBD57F74AF91->localhost_10002@group-FF371CEDE24F, cid=42, seq=0, RW, Message:321f0a0f0a0d74657374...(size=33), reply=RaftClientReply:client-FBD57F74AF91->localhost_10002@group-FF371CEDE24F, cid=42, FAILED org.apache.ratis.protocol.NotLeaderException: Server localhost_10002@group-FF371CEDE24F is not the leader, logIndex=0, commits[localhost_10002:c-1]
2019-09-26 14:06:56,921 INFO  client.GrpcClientProtocolService (GrpcClientProtocolService.java:lambda$processClientRequest$0(278)) - Failed RaftClientRequest:client-FBD57F74AF91->localhost_10000@group-FF371CEDE24F, cid=42, seq=0, RW, Message:321f0a0f0a0d74657374...(size=33), reply=RaftClientReply:client-FBD57F74AF91->localhost_10000@group-FF371CEDE24F, cid=42, FAILED org.apache.ratis.protocol.NotLeaderException: Server localhost_10000@group-FF371CEDE24F is not the leader, logIndex=0, commits[localhost_10000:c-1]
2019-09-26 14:06:56,923 INFO  client.GrpcClientProtocolService (GrpcClientProtocolService.java:lambda$processClientRequest$0(278)) - Failed RaftClientRequest:client-FBD57F74AF91->localhost_10002@group-FF371CEDE24F, cid=42, seq=0, RW, Message:321f0a0f0a0d74657374...(size=33), reply=RaftClientReply:client-FBD57F74AF91->localhost_10002@group-FF371CEDE24F, cid=42, FAILED org.apache.ratis.protocol.NotLeaderException: Server localhost_10002@group-FF371CEDE24F is not the leader, logIndex=0, commits[localhost_10002:c-1]
2019-09-26 14:06:56,926 INFO  client.GrpcClientProtocolService (GrpcClientProtocolService.java:lambda$processClientRequest$0(278)) - Failed RaftClientRequest:client-FBD57F74AF91->localhost_10001@group-FF371CEDE24F, cid=42, seq=0, RW, Message:321f0a0f0a0d74657374...(size=33), reply=RaftClientReply:client-FBD57F74AF91->localhost_10001@group-FF371CEDE24F, cid=42, FAILED org.apache.ratis.protocol.NotLeaderException: Server localhost_10001@group-FF371CEDE24F is not the leader, logIndex=0, commits[localhost_10001:c-1]
2019-09-26 14:06:56,929 INFO  client.GrpcClientProtocolService (GrpcClientProtocolService.java:lambda$processClientRequest$0(278)) - Failed RaftClientRequest:client-FBD57F74AF91->localhost_10000@group-FF371CEDE24F, cid=42, seq=0, RW, Message:321f0a0f0a0d74657374...(size=33), reply=RaftClientReply:client-FBD57F74AF91->localhost_10000@group-FF371CEDE24F, cid=42, FAILED org.apache.ratis.protocol.NotLeaderException: Server localhost_10000@group-FF371CEDE24F is not the leader, logIndex=0, commits[localhost_10000:c-1]
2019-09-26 14:06:56,931 INFO  client.GrpcClientProtocolService (GrpcClientProtocolService.java:lambda$processClientRequest$0(278)) - Failed RaftClientRequest:client-FBD57F74AF91->localhost_10002@group-FF371CEDE24F, cid=42, seq=0, RW, Message:321f0a0f0a0d74657374...(size=33), reply=RaftClientReply:client-FBD57F74AF91->localhost_10002@group-FF371CEDE24F, cid=42, FAILED org.apache.ratis.protocol.NotLeaderException: Server localhost_10002@group-FF371CEDE24F is not the leader, logIndex=0, commits[localhost_10002:c-1]
2019-09-26 14:06:56,934 INFO  client.GrpcClientProtocolService (GrpcClientProtocolService.java:lambda$processClientRequest$0(278)) - Failed RaftClientRequest:client-FBD57F74AF91->localhost_10000@group-FF371CEDE24F, cid=42, seq=0, RW, Message:321f0a0f0a0d74657374...(size=33), reply=RaftClientReply:client-FBD57F74AF91->localhost_10000@group-FF371CEDE24F, cid=42, FAILED org.apache.ratis.protocol.NotLeaderException: Server localhost_10000@group-FF371CEDE24F is not the leader, logIndex=0, commits[localhost_10000:c-1]
2019-09-26 14:06:56,937 INFO  client.GrpcClientProtocolService (GrpcClientProtocolService.java:lambda$processClientRequest$0(278)) - Failed RaftClientRequest:client-FBD57F74AF91->localhost_10001@group-FF371CEDE24F, cid=42, seq=0, RW, Message:321f0a0f0a0d74657374...(size=33), reply=RaftClientReply:client-FBD57F74AF91->localhost_10001@group-FF371CEDE24F, cid=42, FAILED org.apache.ratis.protocol.NotLeaderException: Server localhost_10001@group-FF371CEDE24F is not the leader, logIndex=0, commits[localhost_10001:c-1]
2019-09-26 14:06:56,940 INFO  client.GrpcClientProtocolService (GrpcClientProtocolService.java:lambda$processClientRequest$0(278)) - Failed RaftClientRequest:client-FBD57F74AF91->localhost_10000@group-FF371CEDE24F, cid=42, seq=0, RW, Message:321f0a0f0a0d74657374...(size=33), reply=RaftClientReply:client-FBD57F74AF91->localhost_10000@group-FF371CEDE24F, cid=42, FAILED org.apache.ratis.protocol.NotLeaderException: Server localhost_10000@group-FF371CEDE24F is not the leader, logIndex=0, commits[localhost_10000:c-1]
2019-09-26 14:06:56,943 INFO  client.GrpcClientProtocolService (GrpcClientProtocolService.java:lambda$processClientRequest$0(278)) - Failed RaftClientRequest:client-FBD57F74AF91->localhost_10001@group-FF371CEDE24F, cid=42, seq=0, RW, Message:321f0a0f0a0d74657374...(size=33), reply=RaftClientReply:client-FBD57F74AF91->localhost_10001@group-FF371CEDE24F, cid=42, FAILED org.apache.ratis.protocol.NotLeaderException: Server localhost_10001@group-FF371CEDE24F is not the leader, logIndex=0, commits[localhost_10001:c-1]
2019-09-26 14:06:56,946 INFO  client.GrpcClientProtocolService (GrpcClientProtocolService.java:lambda$processClientRequest$0(278)) - Failed RaftClientRequest:client-FBD57F74AF91->localhost_10000@group-FF371CEDE24F, cid=42, seq=0, RW, Message:321f0a0f0a0d74657374...(size=33), reply=RaftClientReply:client-FBD57F74AF91->localhost_10000@group-FF371CEDE24F, cid=42, FAILED org.apache.ratis.protocol.NotLeaderException: Server localhost_10000@group-FF371CEDE24F is not the leader, logIndex=0, commits[localhost_10000:c-1]
2019-09-26 14:06:56,949 INFO  client.GrpcClientProtocolService (GrpcClientProtocolService.java:lambda$processClientRequest$0(278)) - Failed RaftClientRequest:client-FBD57F74AF91->localhost_10002@group-FF371CEDE24F, cid=42, seq=0, RW, Message:321f0a0f0a0d74657374...(size=33), reply=RaftClientReply:client-FBD57F74AF91->localhost_10002@group-FF371CEDE24F, cid=42, FAILED org.apache.ratis.protocol.NotLeaderException: Server localhost_10002@group-FF371CEDE24F is not the leader, logIndex=0, commits[localhost_10002:c-1]
2019-09-26 14:06:56,952 INFO  client.GrpcClientProtocolService (GrpcClientProtocolService.java:lambda$processClientRequest$0(278)) - Failed RaftClientRequest:client-FBD57F74AF91->localhost_10001@group-FF371CEDE24F, cid=42, seq=0, RW, Message:321f0a0f0a0d74657374...(size=33), reply=RaftClientReply:client-FBD57F74AF91->localhost_10001@group-FF371CEDE24F, cid=42, FAILED org.apache.ratis.protocol.NotLeaderException: Server localhost_10001@group-FF371CEDE24F is not the leader, logIndex=0, commits[localhost_10001:c-1]
2019-09-26 14:06:56,955 INFO  client.GrpcClientProtocolService (GrpcClientProtocolService.java:lambda$processClientRequest$0(278)) - Failed RaftClientRequest:client-FBD57F74AF91->localhost_10002@group-FF371CEDE24F, cid=42, seq=0, RW, Message:321f0a0f0a0d74657374...(size=33), reply=RaftClientReply:client-FBD57F74AF91->localhost_10002@group-FF371CEDE24F, cid=42, FAILED org.apache.ratis.protocol.NotLeaderException: Server localhost_10002@group-FF371CEDE24F is not the leader, logIndex=0, commits[localhost_10002:c-1]
2019-09-26 14:06:56,959 INFO  client.GrpcClientProtocolService (GrpcClientProtocolService.java:lambda$processClientRequest$0(278)) - Failed RaftClientRequest:client-FBD57F74AF91->localhost_10000@group-FF371CEDE24F, cid=42, seq=0, RW, Message:321f0a0f0a0d74657374...(size=33), reply=RaftClientReply:client-FBD57F74AF91->localhost_10000@group-FF371CEDE24F, cid=42, FAILED org.apache.ratis.protocol.NotLeaderException: Server localhost_10000@group-FF371CEDE24F is not the leader, logIndex=0, commits[localhost_10000:c-1]
2019-09-26 14:06:56,962 INFO  client.GrpcClientProtocolService (GrpcClientProtocolService.java:lambda$processClientRequest$0(278)) - Failed RaftClientRequest:client-FBD57F74AF91->localhost_10002@group-FF371CEDE24F, cid=42, seq=0, RW, Message:321f0a0f0a0d74657374...(size=33), reply=RaftClientReply:client-FBD57F74AF91->localhost_10002@group-FF371CEDE24F, cid=42, FAILED org.apache.ratis.protocol.NotLeaderException: Server localhost_10002@group-FF371CEDE24F is not the leader, logIndex=0, commits[localhost_10002:c-1]
2019-09-26 14:06:56,964 INFO  client.GrpcClientProtocolService (GrpcClientProtocolService.java:lambda$processClientRequest$0(278)) - Failed RaftClientRequest:client-FBD57F74AF91->localhost_10000@group-FF371CEDE24F, cid=42, seq=0, RW, Message:321f0a0f0a0d74657374...(size=33), reply=RaftClientReply:client-FBD57F74AF91->localhost_10000@group-FF371CEDE24F, cid=42, FAILED org.apache.ratis.protocol.NotLeaderException: Server localhost_10000@group-FF371CEDE24F is not the leader, logIndex=0, commits[localhost_10000:c-1]
2019-09-26 14:06:56,967 INFO  client.GrpcClientProtocolService (GrpcClientProtocolService.java:lambda$processClientRequest$0(278)) - Failed RaftClientRequest:client-FBD57F74AF91->localhost_10002@group-FF371CEDE24F, cid=42, seq=0, RW, Message:321f0a0f0a0d74657374...(size=33), reply=RaftClientReply:client-FBD57F74AF91->localhost_10002@group-FF371CEDE24F, cid=42, FAILED org.apache.ratis.protocol.NotLeaderException: Server localhost_10002@group-FF371CEDE24F is not the leader, logIndex=0, commits[localhost_10002:c-1]
2019-09-26 14:06:56,969 INFO  client.GrpcClientProtocolService (GrpcClientProtocolService.java:lambda$processClientRequest$0(278)) - Failed RaftClientRequest:client-FBD57F74AF91->localhost_10001@group-FF371CEDE24F, cid=42, seq=0, RW, Message:321f0a0f0a0d74657374...(size=33), reply=RaftClientReply:client-FBD57F74AF91->localhost_10001@group-FF371CEDE24F, cid=42, FAILED org.apache.ratis.protocol.NotLeaderException: Server localhost_10001@group-FF371CEDE24F is not the leader, logIndex=0, commits[localhost_10001:c-1]
2019-09-26 14:06:56,973 INFO  client.GrpcClientProtocolService (GrpcClientProtocolService.java:lambda$processClientRequest$0(278)) - Failed RaftClientRequest:client-FBD57F74AF91->localhost_10002@group-FF371CEDE24F, cid=42, seq=0, RW, Message:321f0a0f0a0d74657374...(size=33), reply=RaftClientReply:client-FBD57F74AF91->localhost_10002@group-FF371CEDE24F, cid=42, FAILED org.apache.ratis.protocol.NotLeaderException: Server localhost_10002@group-FF371CEDE24F is not the leader, logIndex=0, commits[localhost_10002:c-1]
2019-09-26 14:06:56,975 INFO  client.GrpcClientProtocolService (GrpcClientProtocolService.java:lambda$processClientRequest$0(278)) - Failed RaftClientRequest:client-FBD57F74AF91->localhost_10000@group-FF371CEDE24F, cid=42, seq=0, RW, Message:321f0a0f0a0d74657374...(size=33), reply=RaftClientReply:client-FBD57F74AF91->localhost_10000@group-FF371CEDE24F, cid=42, FAILED org.apache.ratis.protocol.NotLeaderException: Server localhost_10000@group-FF371CEDE24F is not the leader, logIndex=0, commits[localhost_10000:c-1]
2019-09-26 14:06:56,978 INFO  client.GrpcClientProtocolService (GrpcClientProtocolService.java:lambda$processClientRequest$0(278)) - Failed RaftClientRequest:client-FBD57F74AF91->localhost_10002@group-FF371CEDE24F, cid=42, seq=0, RW, Message:321f0a0f0a0d74657374...(size=33), reply=RaftClientReply:client-FBD57F74AF91->localhost_10002@group-FF371CEDE24F, cid=42, FAILED org.apache.ratis.protocol.NotLeaderException: Server localhost_10002@group-FF371CEDE24F is not the leader, logIndex=0, commits[localhost_10002:c-1]
2019-09-26 14:06:56,981 INFO  client.GrpcClientProtocolService (GrpcClientProtocolService.java:lambda$processClientRequest$0(278)) - Failed RaftClientRequest:client-FBD57F74AF91->localhost_10001@group-FF371CEDE24F, cid=42, seq=0, RW, Message:321f0a0f0a0d74657374...(size=33), reply=RaftClientReply:client-FBD57F74AF91->localhost_10001@group-FF371CEDE24F, cid=42, FAILED org.apache.ratis.protocol.NotLeaderException: Server localhost_10001@group-FF371CEDE24F is not the leader, logIndex=0, commits[localhost_10001:c-1]
2019-09-26 14:06:56,984 INFO  client.GrpcClientProtocolService (GrpcClientProtocolService.java:lambda$processClientRequest$0(278)) - Failed RaftClientRequest:client-FBD57F74AF91->localhost_10002@group-FF371CEDE24F, cid=42, seq=0, RW, Message:321f0a0f0a0d74657374...(size=33), reply=RaftClientReply:client-FBD57F74AF91->localhost_10002@group-FF371CEDE24F, cid=42, FAILED org.apache.ratis.protocol.NotLeaderException: Server localhost_10002@group-FF371CEDE24F is not the leader, logIndex=0, commits[localhost_10002:c-1]
2019-09-26 14:06:56,986 INFO  client.GrpcClientProtocolService (GrpcClientProtocolService.java:lambda$processClientRequest$0(278)) - Failed RaftClientRequest:client-FBD57F74AF91->localhost_10001@group-FF371CEDE24F, cid=42, seq=0, RW, Message:321f0a0f0a0d74657374...(size=33), reply=RaftClientReply:client-FBD57F74AF91->localhost_10001@group-FF371CEDE24F, cid=42, FAILED org.apache.ratis.protocol.NotLeaderException: Server localhost_10001@group-FF371CEDE24F is not the leader, logIndex=0, commits[localhost_10001:c-1]
2019-09-26 14:06:56,989 INFO  client.GrpcClientProtocolService (GrpcClientProtocolService.java:lambda$processClientRequest$0(278)) - Failed RaftClientRequest:client-FBD57F74AF91->localhost_10000@group-FF371CEDE24F, cid=42, seq=0, RW, Message:321f0a0f0a0d74657374...(size=33), reply=RaftClientReply:client-FBD57F74AF91->localhost_10000@group-FF371CEDE24F, cid=42, FAILED org.apache.ratis.protocol.NotLeaderException: Server localhost_10000@group-FF371CEDE24F is not the leader, logIndex=0, commits[localhost_10000:c-1]
2019-09-26 14:06:56,992 INFO  client.GrpcClientProtocolService (GrpcClientProtocolService.java:lambda$processClientRequest$0(278)) - Failed RaftClientRequest:client-FBD57F74AF91->localhost_10001@group-FF371CEDE24F, cid=42, seq=0, RW, Message:321f0a0f0a0d74657374...(size=33), reply=RaftClientReply:client-FBD57F74AF91->localhost_10001@group-FF371CEDE24F, cid=42, FAILED org.apache.ratis.protocol.NotLeaderException: Server localhost_10001@group-FF371CEDE24F is not the leader, logIndex=0, commits[localhost_10001:c-1]
2019-09-26 14:06:56,994 INFO  client.GrpcClientProtocolService (GrpcClientProtocolService.java:lambda$processClientRequest$0(278)) - Failed RaftClientRequest:client-FBD57F74AF91->localhost_10002@group-FF371CEDE24F, cid=42, seq=0, RW, Message:321f0a0f0a0d74657374...(size=33), reply=RaftClientReply:client-FBD57F74AF91->localhost_10002@group-FF371CEDE24F, cid=42, FAILED org.apache.ratis.protocol.NotLeaderException: Server localhost_10002@group-FF371CEDE24F is not the leader, logIndex=0, commits[localhost_10002:c-1]
2019-09-26 14:06:56,997 INFO  client.GrpcClientProtocolService (GrpcClientProtocolService.java:lambda$processClientRequest$0(278)) - Failed RaftClientRequest:client-FBD57F74AF91->localhost_10000@group-FF371CEDE24F, cid=42, seq=0, RW, Message:321f0a0f0a0d74657374...(size=33), reply=RaftClientReply:client-FBD57F74AF91->localhost_10000@group-FF371CEDE24F, cid=42, FAILED org.apache.ratis.protocol.NotLeaderException: Server localhost_10000@group-FF371CEDE24F is not the leader, logIndex=0, commits[localhost_10000:c-1]
2019-09-26 14:06:56,999 INFO  client.GrpcClientProtocolService (GrpcClientProtocolService.java:lambda$processClientRequest$0(278)) - Failed RaftClientRequest:client-FBD57F74AF91->localhost_10002@group-FF371CEDE24F, cid=42, seq=0, RW, Message:321f0a0f0a0d74657374...(size=33), reply=RaftClientReply:client-FBD57F74AF91->localhost_10002@group-FF371CEDE24F, cid=42, FAILED org.apache.ratis.protocol.NotLeaderException: Server localhost_10002@group-FF371CEDE24F is not the leader, logIndex=0, commits[localhost_10002:c-1]
2019-09-26 14:06:57,002 INFO  client.GrpcClientProtocolService (GrpcClientProtocolService.java:lambda$processClientRequest$0(278)) - Failed RaftClientRequest:client-FBD57F74AF91->localhost_10001@group-FF371CEDE24F, cid=42, seq=0, RW, Message:321f0a0f0a0d74657374...(size=33), reply=RaftClientReply:client-FBD57F74AF91->localhost_10001@group-FF371CEDE24F, cid=42, FAILED org.apache.ratis.protocol.NotLeaderException: Server localhost_10001@group-FF371CEDE24F is not the leader, logIndex=0, commits[localhost_10001:c-1]
2019-09-26 14:06:57,004 INFO  client.GrpcClientProtocolService (GrpcClientProtocolService.java:lambda$processClientRequest$0(278)) - Failed RaftClientRequest:client-FBD57F74AF91->localhost_10002@group-FF371CEDE24F, cid=42, seq=0, RW, Message:321f0a0f0a0d74657374...(size=33), reply=RaftClientReply:client-FBD57F74AF91->localhost_10002@group-FF371CEDE24F, cid=42, FAILED org.apache.ratis.protocol.NotLeaderException: Server localhost_10002@group-FF371CEDE24F is not the leader, logIndex=0, commits[localhost_10002:c-1]
2019-09-26 14:06:57,007 INFO  client.GrpcClientProtocolService (GrpcClientProtocolService.java:lambda$processClientRequest$0(278)) - Failed RaftClientRequest:client-FBD57F74AF91->localhost_10000@group-FF371CEDE24F, cid=42, seq=0, RW, Message:321f0a0f0a0d74657374...(size=33), reply=RaftClientReply:client-FBD57F74AF91->localhost_10000@group-FF371CEDE24F, cid=42, FAILED org.apache.ratis.protocol.NotLeaderException: Server localhost_10000@group-FF371CEDE24F is not the leader, logIndex=0, commits[localhost_10000:c-1]
2019-09-26 14:06:57,009 INFO  client.GrpcClientProtocolService (GrpcClientProtocolService.java:lambda$processClientRequest$0(278)) - Failed RaftClientRequest:client-FBD57F74AF91->localhost_10002@group-FF371CEDE24F, cid=42, seq=0, RW, Message:321f0a0f0a0d74657374...(size=33), reply=RaftClientReply:client-FBD57F74AF91->localhost_10002@group-FF371CEDE24F, cid=42, FAILED org.apache.ratis.protocol.NotLeaderException: Server localhost_10002@group-FF371CEDE24F is not the leader, logIndex=0, commits[localhost_10002:c-1]
2019-09-26 14:06:57,012 INFO  client.GrpcClientProtocolService (GrpcClientProtocolService.java:lambda$processClientRequest$0(278)) - Failed RaftClientRequest:client-FBD57F74AF91->localhost_10001@group-FF371CEDE24F, cid=42, seq=0, RW, Message:321f0a0f0a0d74657374...(size=33), reply=RaftClientReply:client-FBD57F74AF91->localhost_10001@group-FF371CEDE24F, cid=42, FAILED org.apache.ratis.protocol.NotLeaderException: Server localhost_10001@group-FF371CEDE24F is not the leader, logIndex=0, commits[localhost_10001:c-1]
2019-09-26 14:06:57,015 INFO  client.GrpcClientProtocolService (GrpcClientProtocolService.java:lambda$processClientRequest$0(278)) - Failed RaftClientRequest:client-FBD57F74AF91->localhost_10000@group-FF371CEDE24F, cid=42, seq=0, RW, Message:321f0a0f0a0d74657374...(size=33), reply=RaftClientReply:client-FBD57F74AF91->localhost_10000@group-FF371CEDE24F, cid=42, FAILED org.apache.ratis.protocol.NotLeaderException: Server localhost_10000@group-FF371CEDE24F is not the leader, logIndex=0, commits[localhost_10000:c-1]
2019-09-26 14:06:57,018 INFO  client.GrpcClientProtocolService (GrpcClientProtocolService.java:lambda$processClientRequest$0(278)) - Failed RaftClientRequest:client-FBD57F74AF91->localhost_10002@group-FF371CEDE24F, cid=42, seq=0, RW, Message:321f0a0f0a0d74657374...(size=33), reply=RaftClientReply:client-FBD57F74AF91->localhost_10002@group-FF371CEDE24F, cid=42, FAILED org.apache.ratis.protocol.NotLeaderException: Server localhost_10002@group-FF371CEDE24F is not the leader, logIndex=0, commits[localhost_10002:c-1]
2019-09-26 14:06:57,021 INFO  client.GrpcClientProtocolService (GrpcClientProtocolService.java:lambda$processClientRequest$0(278)) - Failed RaftClientRequest:client-FBD57F74AF91->localhost_10000@group-FF371CEDE24F, cid=42, seq=0, RW, Message:321f0a0f0a0d74657374...(size=33), reply=RaftClientReply:client-FBD57F74AF91->localhost_10000@group-FF371CEDE24F, cid=42, FAILED org.apache.ratis.protocol.NotLeaderException: Server localhost_10000@group-FF371CEDE24F is not the leader, logIndex=0, commits[localhost_10000:c-1]
2019-09-26 14:06:57,023 INFO  client.GrpcClientProtocolService (GrpcClientProtocolService.java:lambda$processClientRequest$0(278)) - Failed RaftClientRequest:client-FBD57F74AF91->localhost_10001@group-FF371CEDE24F, cid=42, seq=0, RW, Message:321f0a0f0a0d74657374...(size=33), reply=RaftClientReply:client-FBD57F74AF91->localhost_10001@group-FF371CEDE24F, cid=42, FAILED org.apache.ratis.protocol.NotLeaderException: Server localhost_10001@group-FF371CEDE24F is not the leader, logIndex=0, commits[localhost_10001:c-1]
2019-09-26 14:06:57,026 INFO  client.GrpcClientProtocolService (GrpcClientProtocolService.java:lambda$processClientRequest$0(278)) - Failed RaftClientRequest:client-FBD57F74AF91->localhost_10000@group-FF371CEDE24F, cid=42, seq=0, RW, Message:321f0a0f0a0d74657374...(size=33), reply=RaftClientReply:client-FBD57F74AF91->localhost_10000@group-FF371CEDE24F, cid=42, FAILED org.apache.ratis.protocol.NotLeaderException: Server localhost_10000@group-FF371CEDE24F is not the leader, logIndex=0, commits[localhost_10000:c-1]
2019-09-26 14:06:57,028 INFO  client.GrpcClientProtocolService (GrpcClientProtocolService.java:lambda$processClientRequest$0(278)) - Failed RaftClientRequest:client-FBD57F74AF91->localhost_10001@group-FF371CEDE24F, cid=42, seq=0, RW, Message:321f0a0f0a0d74657374...(size=33), reply=RaftClientReply:client-FBD57F74AF91->localhost_10001@group-FF371CEDE24F, cid=42, FAILED org.apache.ratis.protocol.NotLeaderException: Server localhost_10001@group-FF371CEDE24F is not the leader, logIndex=0, commits[localhost_10001:c-1]
2019-09-26 14:06:57,030 INFO  client.GrpcClientProtocolService (GrpcClientProtocolService.java:lambda$processClientRequest$0(278)) - Failed RaftClientRequest:client-FBD57F74AF91->localhost_10000@group-FF371CEDE24F, cid=42, seq=0, RW, Message:321f0a0f0a0d74657374...(size=33), reply=RaftClientReply:client-FBD57F74AF91->localhost_10000@group-FF371CEDE24F, cid=42, FAILED org.apache.ratis.protocol.NotLeaderException: Server localhost_10000@group-FF371CEDE24F is not the leader, logIndex=0, commits[localhost_10000:c-1]
2019-09-26 14:06:57,032 INFO  client.GrpcClientProtocolService (GrpcClientProtocolService.java:lambda$processClientRequest$0(278)) - Failed RaftClientRequest:client-FBD57F74AF91->localhost_10002@group-FF371CEDE24F, cid=42, seq=0, RW, Message:321f0a0f0a0d74657374...(size=33), reply=RaftClientReply:client-FBD57F74AF91->localhost_10002@group-FF371CEDE24F, cid=42, FAILED org.apache.ratis.protocol.NotLeaderException: Server localhost_10002@group-FF371CEDE24F is not the leader, logIndex=0, commits[localhost_10002:c-1]
2019-09-26 14:06:57,035 INFO  client.GrpcClientProtocolService (GrpcClientProtocolService.java:lambda$processClientRequest$0(278)) - Failed RaftClientRequest:client-FBD57F74AF91->localhost_10000@group-FF371CEDE24F, cid=42, seq=0, RW, Message:321f0a0f0a0d74657374...(size=33), reply=RaftClientReply:client-FBD57F74AF91->localhost_10000@group-FF371CEDE24F, cid=42, FAILED org.apache.ratis.protocol.NotLeaderException: Server localhost_10000@group-FF371CEDE24F is not the leader, logIndex=0, commits[localhost_10000:c-1]
2019-09-26 14:06:57,037 INFO  client.GrpcClientProtocolService (GrpcClientProtocolService.java:lambda$processClientRequest$0(278)) - Failed RaftClientRequest:client-FBD57F74AF91->localhost_10001@group-FF371CEDE24F, cid=42, seq=0, RW, Message:321f0a0f0a0d74657374...(size=33), reply=RaftClientReply:client-FBD57F74AF91->localhost_10001@group-FF371CEDE24F, cid=42, FAILED org.apache.ratis.protocol.NotLeaderException: Server localhost_10001@group-FF371CEDE24F is not the leader, logIndex=0, commits[localhost_10001:c-1]
2019-09-26 14:06:57,039 INFO  client.GrpcClientProtocolService (GrpcClientProtocolService.java:lambda$processClientRequest$0(278)) - Failed RaftClientRequest:client-FBD57F74AF91->localhost_10000@group-FF371CEDE24F, cid=42, seq=0, RW, Message:321f0a0f0a0d74657374...(size=33), reply=RaftClientReply:client-FBD57F74AF91->localhost_10000@group-FF371CEDE24F, cid=42, FAILED org.apache.ratis.protocol.NotLeaderException: Server localhost_10000@group-FF371CEDE24F is not the leader, logIndex=0, commits[localhost_10000:c-1]
2019-09-26 14:06:57,041 INFO  client.GrpcClientProtocolService (GrpcClientProtocolService.java:lambda$processClientRequest$0(278)) - Failed RaftClientRequest:client-FBD57F74AF91->localhost_10001@group-FF371CEDE24F, cid=42, seq=0, RW, Message:321f0a0f0a0d74657374...(size=33), reply=RaftClientReply:client-FBD57F74AF91->localhost_10001@group-FF371CEDE24F, cid=42, FAILED org.apache.ratis.protocol.NotLeaderException: Server localhost_10001@group-FF371CEDE24F is not the leader, logIndex=0, commits[localhost_10001:c-1]
2019-09-26 14:06:57,043 INFO  client.GrpcClientProtocolService (GrpcClientProtocolService.java:lambda$processClientRequest$0(278)) - Failed RaftClientRequest:client-FBD57F74AF91->localhost_10000@group-FF371CEDE24F, cid=42, seq=0, RW, Message:321f0a0f0a0d74657374...(size=33), reply=RaftClientReply:client-FBD57F74AF91->localhost_10000@group-FF371CEDE24F, cid=42, FAILED org.apache.ratis.protocol.NotLeaderException: Server localhost_10000@group-FF371CEDE24F is not the leader, logIndex=0, commits[localhost_10000:c-1]
2019-09-26 14:06:57,046 INFO  client.GrpcClientProtocolService (GrpcClientProtocolService.java:lambda$processClientRequest$0(278)) - Failed RaftClientRequest:client-FBD57F74AF91->localhost_10002@group-FF371CEDE24F, cid=42, seq=0, RW, Message:321f0a0f0a0d74657374...(size=33), reply=RaftClientReply:client-FBD57F74AF91->localhost_10002@group-FF371CEDE24F, cid=42, FAILED org.apache.ratis.protocol.NotLeaderException: Server localhost_10002@group-FF371CEDE24F is not the leader, logIndex=0, commits[localhost_10002:c-1]
2019-09-26 14:06:57,048 INFO  client.GrpcClientProtocolService (GrpcClientProtocolService.java:lambda$processClientRequest$0(278)) - Failed RaftClientRequest:client-FBD57F74AF91->localhost_10000@group-FF371CEDE24F, cid=42, seq=0, RW, Message:321f0a0f0a0d74657374...(size=33), reply=RaftClientReply:client-FBD57F74AF91->localhost_10000@group-FF371CEDE24F, cid=42, FAILED org.apache.ratis.protocol.NotLeaderException: Server localhost_10000@group-FF371CEDE24F is not the leader, logIndex=0, commits[localhost_10000:c-1]
2019-09-26 14:06:57,050 INFO  client.GrpcClientProtocolService (GrpcClientProtocolService.java:lambda$processClientRequest$0(278)) - Failed RaftClientRequest:client-FBD57F74AF91->localhost_10001@group-FF371CEDE24F, cid=42, seq=0, RW, Message:321f0a0f0a0d74657374...(size=33), reply=RaftClientReply:client-FBD57F74AF91->localhost_10001@group-FF371CEDE24F, cid=42, FAILED org.apache.ratis.protocol.NotLeaderException: Server localhost_10001@group-FF371CEDE24F is not the leader, logIndex=0, commits[localhost_10001:c-1]
2019-09-26 14:06:57,052 INFO  client.GrpcClientProtocolService (GrpcClientProtocolService.java:lambda$processClientRequest$0(278)) - Failed RaftClientRequest:client-FBD57F74AF91->localhost_10000@group-FF371CEDE24F, cid=42, seq=0, RW, Message:321f0a0f0a0d74657374...(size=33), reply=RaftClientReply:client-FBD57F74AF91->localhost_10000@group-FF371CEDE24F, cid=42, FAILED org.apache.ratis.protocol.NotLeaderException: Server localhost_10000@group-FF371CEDE24F is not the leader, logIndex=0, commits[localhost_10000:c-1]
2019-09-26 14:06:57,054 INFO  client.GrpcClientProtocolService (GrpcClientProtocolService.java:lambda$processClientRequest$0(278)) - Failed RaftClientRequest:client-FBD57F74AF91->localhost_10002@group-FF371CEDE24F, cid=42, seq=0, RW, Message:321f0a0f0a0d74657374...(size=33), reply=RaftClientReply:client-FBD57F74AF91->localhost_10002@group-FF371CEDE24F, cid=42, FAILED org.apache.ratis.protocol.NotLeaderException: Server localhost_10002@group-FF371CEDE24F is not the leader, logIndex=0, commits[localhost_10002:c-1]
2019-09-26 14:06:57,057 INFO  client.GrpcClientProtocolService (GrpcClientProtocolService.java:lambda$processClientRequest$0(278)) - Failed RaftClientRequest:client-FBD57F74AF91->localhost_10001@group-FF371CEDE24F, cid=42, seq=0, RW, Message:321f0a0f0a0d74657374...(size=33), reply=RaftClientReply:client-FBD57F74AF91->localhost_10001@group-FF371CEDE24F, cid=42, FAILED org.apache.ratis.protocol.NotLeaderException: Server localhost_10001@group-FF371CEDE24F is not the leader, logIndex=0, commits[localhost_10001:c-1]
2019-09-26 14:06:57,059 INFO  client.GrpcClientProtocolService (GrpcClientProtocolService.java:lambda$processClientRequest$0(278)) - Failed RaftClientRequest:client-FBD57F74AF91->localhost_10000@group-FF371CEDE24F, cid=42, seq=0, RW, Message:321f0a0f0a0d74657374...(size=33), reply=RaftClientReply:client-FBD57F74AF91->localhost_10000@group-FF371CEDE24F, cid=42, FAILED org.apache.ratis.protocol.NotLeaderException: Server localhost_10000@group-FF371CEDE24F is not the leader, logIndex=0, commits[localhost_10000:c-1]
2019-09-26 14:06:57,062 INFO  client.GrpcClientProtocolService (GrpcClientProtocolService.java:lambda$processClientRequest$0(278)) - Failed RaftClientRequest:client-FBD57F74AF91->localhost_10001@group-FF371CEDE24F, cid=42, seq=0, RW, Message:321f0a0f0a0d74657374...(size=33), reply=RaftClientReply:client-FBD57F74AF91->localhost_10001@group-FF371CEDE24F, cid=42, FAILED org.apache.ratis.protocol.NotLeaderException: Server localhost_10001@group-FF371CEDE24F is not the leader, logIndex=0, commits[localhost_10001:c-1]
2019-09-26 14:06:57,064 INFO  client.GrpcClientProtocolService (GrpcClientProtocolService.java:lambda$processClientRequest$0(278)) - Failed RaftClientRequest:client-FBD57F74AF91->localhost_10002@group-FF371CEDE24F, cid=42, seq=0, RW, Message:321f0a0f0a0d74657374...(size=33), reply=RaftClientReply:client-FBD57F74AF91->localhost_10002@group-FF371CEDE24F, cid=42, FAILED org.apache.ratis.protocol.NotLeaderException: Server localhost_10002@group-FF371CEDE24F is not the leader, logIndex=0, commits[localhost_10002:c-1]
2019-09-26 14:06:57,066 INFO  client.GrpcClientProtocolService (GrpcClientProtocolService.java:lambda$processClientRequest$0(278)) - Failed RaftClientRequest:client-FBD57F74AF91->localhost_10000@group-FF371CEDE24F, cid=42, seq=0, RW, Message:321f0a0f0a0d74657374...(size=33), reply=RaftClientReply:client-FBD57F74AF91->localhost_10000@group-FF371CEDE24F, cid=42, FAILED org.apache.ratis.protocol.NotLeaderException: Server localhost_10000@group-FF371CEDE24F is not the leader, logIndex=0, commits[localhost_10000:c-1]
2019-09-26 14:06:57,068 INFO  client.GrpcClientProtocolService (GrpcClientProtocolService.java:lambda$processClientRequest$0(278)) - Failed RaftClientRequest:client-FBD57F74AF91->localhost_10001@group-FF371CEDE24F, cid=42, seq=0, RW, Message:321f0a0f0a0d74657374...(size=33), reply=RaftClientReply:client-FBD57F74AF91->localhost_10001@group-FF371CEDE24F, cid=42, FAILED org.apache.ratis.protocol.NotLeaderException: Server localhost_10001@group-FF371CEDE24F is not the leader, logIndex=0, commits[localhost_10001:c-1]
2019-09-26 14:06:57,071 INFO  client.GrpcClientProtocolService (GrpcClientProtocolService.java:lambda$processClientRequest$0(278)) - Failed RaftClientRequest:client-FBD57F74AF91->localhost_10002@group-FF371CEDE24F, cid=42, seq=0, RW, Message:321f0a0f0a0d74657374...(size=33), reply=RaftClientReply:client-FBD57F74AF91->localhost_10002@group-FF371CEDE24F, cid=42, FAILED org.apache.ratis.protocol.NotLeaderException: Server localhost_10002@group-FF371CEDE24F is not the leader, logIndex=0, commits[localhost_10002:c-1]
2019-09-26 14:06:57,073 INFO  client.GrpcClientProtocolService (GrpcClientProtocolService.java:lambda$processClientRequest$0(278)) - Failed RaftClientRequest:client-FBD57F74AF91->localhost_10000@group-FF371CEDE24F, cid=42, seq=0, RW, Message:321f0a0f0a0d74657374...(size=33), reply=RaftClientReply:client-FBD57F74AF91->localhost_10000@group-FF371CEDE24F, cid=42, FAILED org.apache.ratis.protocol.NotLeaderException: Server localhost_10000@group-FF371CEDE24F is not the leader, logIndex=0, commits[localhost_10000:c-1]
2019-09-26 14:06:57,075 INFO  client.GrpcClientProtocolService (GrpcClientProtocolService.java:lambda$processClientRequest$0(278)) - Failed RaftClientRequest:client-FBD57F74AF91->localhost_10002@group-FF371CEDE24F, cid=42, seq=0, RW, Message:321f0a0f0a0d74657374...(size=33), reply=RaftClientReply:client-FBD57F74AF91->localhost_10002@group-FF371CEDE24F, cid=42, FAILED org.apache.ratis.protocol.NotLeaderException: Server localhost_10002@group-FF371CEDE24F is not the leader, logIndex=0, commits[localhost_10002:c-1]
2019-09-26 14:06:57,077 INFO  client.GrpcClientProtocolService (GrpcClientProtocolService.java:lambda$processClientRequest$0(278)) - Failed RaftClientRequest:client-FBD57F74AF91->localhost_10000@group-FF371CEDE24F, cid=42, seq=0, RW, Message:321f0a0f0a0d74657374...(size=33), reply=RaftClientReply:client-FBD57F74AF91->localhost_10000@group-FF371CEDE24F, cid=42, FAILED org.apache.ratis.protocol.NotLeaderException: Server localhost_10000@group-FF371CEDE24F is not the leader, logIndex=0, commits[localhost_10000:c-1]
2019-09-26 14:06:57,079 INFO  client.GrpcClientProtocolService (GrpcClientProtocolService.java:lambda$processClientRequest$0(278)) - Failed RaftClientRequest:client-FBD57F74AF91->localhost_10001@group-FF371CEDE24F, cid=42, seq=0, RW, Message:321f0a0f0a0d74657374...(size=33), reply=RaftClientReply:client-FBD57F74AF91->localhost_10001@group-FF371CEDE24F, cid=42, FAILED org.apache.ratis.protocol.NotLeaderException: Server localhost_10001@group-FF371CEDE24F is not the leader, logIndex=0, commits[localhost_10001:c-1]
2019-09-26 14:06:57,081 INFO  client.GrpcClientProtocolService (GrpcClientProtocolService.java:lambda$processClientRequest$0(278)) - Failed RaftClientRequest:client-FBD57F74AF91->localhost_10000@group-FF371CEDE24F, cid=42, seq=0, RW, Message:321f0a0f0a0d74657374...(size=33), reply=RaftClientReply:client-FBD57F74AF91->localhost_10000@group-FF371CEDE24F, cid=42, FAILED org.apache.ratis.protocol.NotLeaderException: Server localhost_10000@group-FF371CEDE24F is not the leader, logIndex=0, commits[localhost_10000:c-1]
2019-09-26 14:06:57,085 INFO  client.GrpcClientProtocolService (GrpcClientProtocolService.java:lambda$processClientRequest$0(278)) - Failed RaftClientRequest:client-FBD57F74AF91->localhost_10002@group-FF371CEDE24F, cid=42, seq=0, RW, Message:321f0a0f0a0d74657374...(size=33), reply=RaftClientReply:client-FBD57F74AF91->localhost_10002@group-FF371CEDE24F, cid=42, FAILED org.apache.ratis.protocol.NotLeaderException: Server localhost_10002@group-FF371CEDE24F is not the leader, logIndex=0, commits[localhost_10002:c-1]
2019-09-26 14:06:57,087 INFO  client.GrpcClientProtocolService (GrpcClientProtocolService.java:lambda$processClientRequest$0(278)) - Failed RaftClientRequest:client-FBD57F74AF91->localhost_10000@group-FF371CEDE24F, cid=42, seq=0, RW, Message:321f0a0f0a0d74657374...(size=33), reply=RaftClientReply:client-FBD57F74AF91->localhost_10000@group-FF371CEDE24F, cid=42, FAILED org.apache.ratis.protocol.NotLeaderException: Server localhost_10000@group-FF371CEDE24F is not the leader, logIndex=0, commits[localhost_10000:c-1]
2019-09-26 14:06:57,089 INFO  client.GrpcClientProtocolService (GrpcClientProtocolService.java:lambda$processClientRequest$0(278)) - Failed RaftClientRequest:client-FBD57F74AF91->localhost_10001@group-FF371CEDE24F, cid=42, seq=0, RW, Message:321f0a0f0a0d74657374...(size=33), reply=RaftClientReply:client-FBD57F74AF91->localhost_10001@group-FF371CEDE24F, cid=42, FAILED org.apache.ratis.protocol.NotLeaderException: Server localhost_10001@group-FF371CEDE24F is not the leader, logIndex=0, commits[localhost_10001:c-1]
2019-09-26 14:06:57,092 INFO  client.GrpcClientProtocolService (GrpcClientProtocolService.java:lambda$processClientRequest$0(278)) - Failed RaftClientRequest:client-FBD57F74AF91->localhost_10002@group-FF371CEDE24F, cid=42, seq=0, RW, Message:321f0a0f0a0d74657374...(size=33), reply=RaftClientReply:client-FBD57F74AF91->localhost_10002@group-FF371CEDE24F, cid=42, FAILED org.apache.ratis.protocol.NotLeaderException: Server localhost_10002@group-FF371CEDE24F is not the leader, logIndex=0, commits[localhost_10002:c-1]
2019-09-26 14:06:57,094 INFO  client.GrpcClientProtocolService (GrpcClientProtocolService.java:lambda$processClientRequest$0(278)) - Failed RaftClientRequest:client-FBD57F74AF91->localhost_10000@group-FF371CEDE24F, cid=42, seq=0, RW, Message:321f0a0f0a0d74657374...(size=33), reply=RaftClientReply:client-FBD57F74AF91->localhost_10000@group-FF371CEDE24F, cid=42, FAILED org.apache.ratis.protocol.NotLeaderException: Server localhost_10000@group-FF371CEDE24F is not the leader, logIndex=0, commits[localhost_10000:c-1]
2019-09-26 14:06:57,096 INFO  client.GrpcClientProtocolService (GrpcClientProtocolService.java:lambda$processClientRequest$0(278)) - Failed RaftClientRequest:client-FBD57F74AF91->localhost_10001@group-FF371CEDE24F, cid=42, seq=0, RW, Message:321f0a0f0a0d74657374...(size=33), reply=RaftClientReply:client-FBD57F74AF91->localhost_10001@group-FF371CEDE24F, cid=42, FAILED org.apache.ratis.protocol.NotLeaderException: Server localhost_10001@group-FF371CEDE24F is not the leader, logIndex=0, commits[localhost_10001:c-1]
2019-09-26 14:06:57,099 INFO  client.GrpcClientProtocolService (GrpcClientProtocolService.java:lambda$processClientRequest$0(278)) - Failed RaftClientRequest:client-FBD57F74AF91->localhost_10002@group-FF371CEDE24F, cid=42, seq=0, RW, Message:321f0a0f0a0d74657374...(size=33), reply=RaftClientReply:client-FBD57F74AF91->localhost_10002@group-FF371CEDE24F, cid=42, FAILED org.apache.ratis.protocol.NotLeaderException: Server localhost_10002@group-FF371CEDE24F is not the leader, logIndex=0, commits[localhost_10002:c-1]
2019-09-26 14:06:57,101 INFO  client.GrpcClientProtocolService (GrpcClientProtocolService.java:lambda$processClientRequest$0(278)) - Failed RaftClientRequest:client-FBD57F74AF91->localhost_10001@group-FF371CEDE24F, cid=42, seq=0, RW, Message:321f0a0f0a0d74657374...(size=33), reply=RaftClientReply:client-FBD57F74AF91->localhost_10001@group-FF371CEDE24F, cid=42, FAILED org.apache.ratis.protocol.NotLeaderException: Server localhost_10001@group-FF371CEDE24F is not the leader, logIndex=0, commits[localhost_10001:c-1]
2019-09-26 14:06:57,103 INFO  client.GrpcClientProtocolService (GrpcClientProtocolService.java:lambda$processClientRequest$0(278)) - Failed RaftClientRequest:client-FBD57F74AF91->localhost_10002@group-FF371CEDE24F, cid=42, seq=0, RW, Message:321f0a0f0a0d74657374...(size=33), reply=RaftClientReply:client-FBD57F74AF91->localhost_10002@group-FF371CEDE24F, cid=42, FAILED org.apache.ratis.protocol.NotLeaderException: Server localhost_10002@group-FF371CEDE24F is not the leader, logIndex=0, commits[localhost_10002:c-1]
2019-09-26 14:06:57,105 INFO  client.GrpcClientProtocolService (GrpcClientProtocolService.java:lambda$processClientRequest$0(278)) - Failed RaftClientRequest:client-FBD57F74AF91->localhost_10001@group-FF371CEDE24F, cid=42, seq=0, RW, Message:321f0a0f0a0d74657374...(size=33), reply=RaftClientReply:client-FBD57F74AF91->localhost_10001@group-FF371CEDE24F, cid=42, FAILED org.apache.ratis.protocol.NotLeaderException: Server localhost_10001@group-FF371CEDE24F is not the leader, logIndex=0, commits[localhost_10001:c-1]
2019-09-26 14:06:57,107 INFO  client.GrpcClientProtocolService (GrpcClientProtocolService.java:lambda$processClientRequest$0(278)) - Failed RaftClientRequest:client-FBD57F74AF91->localhost_10002@group-FF371CEDE24F, cid=42, seq=0, RW, Message:321f0a0f0a0d74657374...(size=33), reply=RaftClientReply:client-FBD57F74AF91->localhost_10002@group-FF371CEDE24F, cid=42, FAILED org.apache.ratis.protocol.NotLeaderException: Server localhost_10002@group-FF371CEDE24F is not the leader, logIndex=0, commits[localhost_10002:c-1]
2019-09-26 14:06:57,110 INFO  client.GrpcClientProtocolService (GrpcClientProtocolService.java:lambda$processClientRequest$0(278)) - Failed RaftClientRequest:client-FBD57F74AF91->localhost_10000@group-FF371CEDE24F, cid=42, seq=0, RW, Message:321f0a0f0a0d74657374...(size=33), reply=RaftClientReply:client-FBD57F74AF91->localhost_10000@group-FF371CEDE24F, cid=42, FAILED org.apache.ratis.protocol.NotLeaderException: Server localhost_10000@group-FF371CEDE24F is not the leader, logIndex=0, commits[localhost_10000:c-1]
2019-09-26 14:06:57,113 INFO  client.GrpcClientProtocolService (GrpcClientProtocolService.java:lambda$processClientRequest$0(278)) - Failed RaftClientRequest:client-FBD57F74AF91->localhost_10001@group-FF371CEDE24F, cid=42, seq=0, RW, Message:321f0a0f0a0d74657374...(size=33), reply=RaftClientReply:client-FBD57F74AF91->localhost_10001@group-FF371CEDE24F, cid=42, FAILED org.apache.ratis.protocol.NotLeaderException: Server localhost_10001@group-FF371CEDE24F is not the leader, logIndex=0, commits[localhost_10001:c-1]
2019-09-26 14:06:57,115 INFO  client.GrpcClientProtocolService (GrpcClientProtocolService.java:lambda$processClientRequest$0(278)) - Failed RaftClientRequest:client-FBD57F74AF91->localhost_10000@group-FF371CEDE24F, cid=42, seq=0, RW, Message:321f0a0f0a0d74657374...(size=33), reply=RaftClientReply:client-FBD57F74AF91->localhost_10000@group-FF371CEDE24F, cid=42, FAILED org.apache.ratis.protocol.NotLeaderException: Server localhost_10000@group-FF371CEDE24F is not the leader, logIndex=0, commits[localhost_10000:c-1]
2019-09-26 14:06:57,117 INFO  client.GrpcClientProtocolService (GrpcClientProtocolService.java:lambda$processClientRequest$0(278)) - Failed RaftClientRequest:client-FBD57F74AF91->localhost_10002@group-FF371CEDE24F, cid=42, seq=0, RW, Message:321f0a0f0a0d74657374...(size=33), reply=RaftClientReply:client-FBD57F74AF91->localhost_10002@group-FF371CEDE24F, cid=42, FAILED org.apache.ratis.protocol.NotLeaderException: Server localhost_10002@group-FF371CEDE24F is not the leader, logIndex=0, commits[localhost_10002:c-1]
2019-09-26 14:06:57,119 INFO  client.GrpcClientProtocolService (GrpcClientProtocolService.java:lambda$processClientRequest$0(278)) - Failed RaftClientRequest:client-FBD57F74AF91->localhost_10000@group-FF371CEDE24F, cid=42, seq=0, RW, Message:321f0a0f0a0d74657374...(size=33), reply=RaftClientReply:client-FBD57F74AF91->localhost_10000@group-FF371CEDE24F, cid=42, FAILED org.apache.ratis.protocol.NotLeaderException: Server localhost_10000@group-FF371CEDE24F is not the leader, logIndex=0, commits[localhost_10000:c-1]
2019-09-26 14:06:57,122 INFO  client.GrpcClientProtocolService (GrpcClientProtocolService.java:lambda$processClientRequest$0(278)) - Failed RaftClientRequest:client-FBD57F74AF91->localhost_10001@group-FF371CEDE24F, cid=42, seq=0, RW, Message:321f0a0f0a0d74657374...(size=33), reply=RaftClientReply:client-FBD57F74AF91->localhost_10001@group-FF371CEDE24F, cid=42, FAILED org.apache.ratis.protocol.NotLeaderException: Server localhost_10001@group-FF371CEDE24F is not the leader, logIndex=0, commits[localhost_10001:c-1]
2019-09-26 14:06:57,124 INFO  client.GrpcClientProtocolService (GrpcClientProtocolService.java:lambda$processClientRequest$0(278)) - Failed RaftClientRequest:client-FBD57F74AF91->localhost_10002@group-FF371CEDE24F, cid=42, seq=0, RW, Message:321f0a0f0a0d74657374...(size=33), reply=RaftClientReply:client-FBD57F74AF91->localhost_10002@group-FF371CEDE24F, cid=42, FAILED org.apache.ratis.protocol.NotLeaderException: Server localhost_10002@group-FF371CEDE24F is not the leader, logIndex=0, commits[localhost_10002:c-1]
2019-09-26 14:06:57,127 INFO  client.GrpcClientProtocolService (GrpcClientProtocolService.java:lambda$processClientRequest$0(278)) - Failed RaftClientRequest:client-FBD57F74AF91->localhost_10000@group-FF371CEDE24F, cid=42, seq=0, RW, Message:321f0a0f0a0d74657374...(size=33), reply=RaftClientReply:client-FBD57F74AF91->localhost_10000@group-FF371CEDE24F, cid=42, FAILED org.apache.ratis.protocol.NotLeaderException: Server localhost_10000@group-FF371CEDE24F is not the leader, logIndex=0, commits[localhost_10000:c-1]
2019-09-26 14:06:57,129 INFO  client.GrpcClientProtocolService (GrpcClientProtocolService.java:lambda$processClientRequest$0(278)) - Failed RaftClientRequest:client-FBD57F74AF91->localhost_10002@group-FF371CEDE24F, cid=42, seq=0, RW, Message:321f0a0f0a0d74657374...(size=33), reply=RaftClientReply:client-FBD57F74AF91->localhost_10002@group-FF371CEDE24F, cid=42, FAILED org.apache.ratis.protocol.NotLeaderException: Server localhost_10002@group-FF371CEDE24F is not the leader, logIndex=0, commits[localhost_10002:c-1]
2019-09-26 14:06:57,132 INFO  client.GrpcClientProtocolService (GrpcClientProtocolService.java:lambda$processClientRequest$0(278)) - Failed RaftClientRequest:client-FBD57F74AF91->localhost_10001@group-FF371CEDE24F, cid=42, seq=0, RW, Message:321f0a0f0a0d74657374...(size=33), reply=RaftClientReply:client-FBD57F74AF91->localhost_10001@group-FF371CEDE24F, cid=42, FAILED org.apache.ratis.protocol.NotLeaderException: Server localhost_10001@group-FF371CEDE24F is not the leader, logIndex=0, commits[localhost_10001:c-1]
2019-09-26 14:06:57,134 INFO  client.GrpcClientProtocolService (GrpcClientProtocolService.java:lambda$processClientRequest$0(278)) - Failed RaftClientRequest:client-FBD57F74AF91->localhost_10002@group-FF371CEDE24F, cid=42, seq=0, RW, Message:321f0a0f0a0d74657374...(size=33), reply=RaftClientReply:client-FBD57F74AF91->localhost_10002@group-FF371CEDE24F, cid=42, FAILED org.apache.ratis.protocol.NotLeaderException: Server localhost_10002@group-FF371CEDE24F is not the leader, logIndex=0, commits[localhost_10002:c-1]
2019-09-26 14:06:57,136 INFO  client.GrpcClientProtocolService (GrpcClientProtocolService.java:lambda$processClientRequest$0(278)) - Failed RaftClientRequest:client-FBD57F74AF91->localhost_10001@group-FF371CEDE24F, cid=42, seq=0, RW, Message:321f0a0f0a0d74657374...(size=33), reply=RaftClientReply:client-FBD57F74AF91->localhost_10001@group-FF371CEDE24F, cid=42, FAILED org.apache.ratis.protocol.NotLeaderException: Server localhost_10001@group-FF371CEDE24F is not the leader, logIndex=0, commits[localhost_10001:c-1]
2019-09-26 14:06:57,138 INFO  client.GrpcClientProtocolService (GrpcClientProtocolService.java:lambda$processClientRequest$0(278)) - Failed RaftClientRequest:client-FBD57F74AF91->localhost_10002@group-FF371CEDE24F, cid=42, seq=0, RW, Message:321f0a0f0a0d74657374...(size=33), reply=RaftClientReply:client-FBD57F74AF91->localhost_10002@group-FF371CEDE24F, cid=42, FAILED org.apache.ratis.protocol.NotLeaderException: Server localhost_10002@group-FF371CEDE24F is not the leader, logIndex=0, commits[localhost_10002:c-1]
2019-09-26 14:06:57,141 INFO  client.GrpcClientProtocolService (GrpcClientProtocolService.java:lambda$processClientRequest$0(278)) - Failed RaftClientRequest:client-FBD57F74AF91->localhost_10000@group-FF371CEDE24F, cid=42, seq=0, RW, Message:321f0a0f0a0d74657374...(size=33), reply=RaftClientReply:client-FBD57F74AF91->localhost_10000@group-FF371CEDE24F, cid=42, FAILED org.apache.ratis.protocol.NotLeaderException: Server localhost_10000@group-FF371CEDE24F is not the leader, logIndex=0, commits[localhost_10000:c-1]
2019-09-26 14:06:57,143 INFO  client.GrpcClientProtocolService (GrpcClientProtocolService.java:lambda$processClientRequest$0(278)) - Failed RaftClientRequest:client-FBD57F74AF91->localhost_10002@group-FF371CEDE24F, cid=42, seq=0, RW, Message:321f0a0f0a0d74657374...(size=33), reply=RaftClientReply:client-FBD57F74AF91->localhost_10002@group-FF371CEDE24F, cid=42, FAILED org.apache.ratis.protocol.NotLeaderException: Server localhost_10002@group-FF371CEDE24F is not the leader, logIndex=0, commits[localhost_10002:c-1]
2019-09-26 14:06:57,145 INFO  client.GrpcClientProtocolService (GrpcClientProtocolService.java:lambda$processClientRequest$0(278)) - Failed RaftClientRequest:client-FBD57F74AF91->localhost_10001@group-FF371CEDE24F, cid=42, seq=0, RW, Message:321f0a0f0a0d74657374...(size=33), reply=RaftClientReply:client-FBD57F74AF91->localhost_10001@group-FF371CEDE24F, cid=42, FAILED org.apache.ratis.protocol.NotLeaderException: Server localhost_10001@group-FF371CEDE24F is not the leader, logIndex=0, commits[localhost_10001:c-1]
2019-09-26 14:06:57,147 INFO  client.GrpcClientProtocolService (GrpcClientProtocolService.java:lambda$processClientRequest$0(278)) - Failed RaftClientRequest:client-FBD57F74AF91->localhost_10002@group-FF371CEDE24F, cid=42, seq=0, RW, Message:321f0a0f0a0d74657374...(size=33), reply=RaftClientReply:client-FBD57F74AF91->localhost_10002@group-FF371CEDE24F, cid=42, FAILED org.apache.ratis.protocol.NotLeaderException: Server localhost_10002@group-FF371CEDE24F is not the leader, logIndex=0, commits[localhost_10002:c-1]
2019-09-26 14:06:57,149 INFO  client.GrpcClientProtocolService (GrpcClientProtocolService.java:lambda$processClientRequest$0(278)) - Failed RaftClientRequest:client-FBD57F74AF91->localhost_10001@group-FF371CEDE24F, cid=42, seq=0, RW, Message:321f0a0f0a0d74657374...(size=33), reply=RaftClientReply:client-FBD57F74AF91->localhost_10001@group-FF371CEDE24F, cid=42, FAILED org.apache.ratis.protocol.NotLeaderException: Server localhost_10001@group-FF371CEDE24F is not the leader, logIndex=0, commits[localhost_10001:c-1]
2019-09-26 14:06:57,152 INFO  client.GrpcClientProtocolService (GrpcClientProtocolService.java:lambda$processClientRequest$0(278)) - Failed RaftClientRequest:client-FBD57F74AF91->localhost_10002@group-FF371CEDE24F, cid=42, seq=0, RW, Message:321f0a0f0a0d74657374...(size=33), reply=RaftClientReply:client-FBD57F74AF91->localhost_10002@group-FF371CEDE24F, cid=42, FAILED org.apache.ratis.protocol.NotLeaderException: Server localhost_10002@group-FF371CEDE24F is not the leader, logIndex=0, commits[localhost_10002:c-1]
2019-09-26 14:06:57,154 INFO  client.GrpcClientProtocolService (GrpcClientProtocolService.java:lambda$processClientRequest$0(278)) - Failed RaftClientRequest:client-FBD57F74AF91->localhost_10001@group-FF371CEDE24F, cid=42, seq=0, RW, Message:321f0a0f0a0d74657374...(size=33), reply=RaftClientReply:client-FBD57F74AF91->localhost_10001@group-FF371CEDE24F, cid=42, FAILED org.apache.ratis.protocol.NotLeaderException: Server localhost_10001@group-FF371CEDE24F is not the leader, logIndex=0, commits[localhost_10001:c-1]
2019-09-26 14:06:57,156 INFO  client.GrpcClientProtocolService (GrpcClientProtocolService.java:lambda$processClientRequest$0(278)) - Failed RaftClientRequest:client-FBD57F74AF91->localhost_10002@group-FF371CEDE24F, cid=42, seq=0, RW, Message:321f0a0f0a0d74657374...(size=33), reply=RaftClientReply:client-FBD57F74AF91->localhost_10002@group-FF371CEDE24F, cid=42, FAILED org.apache.ratis.protocol.NotLeaderException: Server localhost_10002@group-FF371CEDE24F is not the leader, logIndex=0, commits[localhost_10002:c-1]
2019-09-26 14:06:57,159 INFO  client.GrpcClientProtocolService (GrpcClientProtocolService.java:lambda$processClientRequest$0(278)) - Failed RaftClientRequest:client-FBD57F74AF91->localhost_10001@group-FF371CEDE24F, cid=42, seq=0, RW, Message:321f0a0f0a0d74657374...(size=33), reply=RaftClientReply:client-FBD57F74AF91->localhost_10001@group-FF371CEDE24F, cid=42, FAILED org.apache.ratis.protocol.NotLeaderException: Server localhost_10001@group-FF371CEDE24F is not the leader, logIndex=0, commits[localhost_10001:c-1]
2019-09-26 14:06:57,161 INFO  client.GrpcClientProtocolService (GrpcClientProtocolService.java:lambda$processClientRequest$0(278)) - Failed RaftClientRequest:client-FBD57F74AF91->localhost_10002@group-FF371CEDE24F, cid=42, seq=0, RW, Message:321f0a0f0a0d74657374...(size=33), reply=RaftClientReply:client-FBD57F74AF91->localhost_10002@group-FF371CEDE24F, cid=42, FAILED org.apache.ratis.protocol.NotLeaderException: Server localhost_10002@group-FF371CEDE24F is not the leader, logIndex=0, commits[localhost_10002:c-1]
2019-09-26 14:06:57,165 INFO  client.GrpcClientProtocolService (GrpcClientProtocolService.java:lambda$processClientRequest$0(278)) - Failed RaftClientRequest:client-FBD57F74AF91->localhost_10001@group-FF371CEDE24F, cid=42, seq=0, RW, Message:321f0a0f0a0d74657374...(size=33), reply=RaftClientReply:client-FBD57F74AF91->localhost_10001@group-FF371CEDE24F, cid=42, FAILED org.apache.ratis.protocol.NotLeaderException: Server localhost_10001@group-FF371CEDE24F is not the leader, logIndex=0, commits[localhost_10001:c-1]
2019-09-26 14:06:57,168 INFO  client.GrpcClientProtocolService (GrpcClientProtocolService.java:lambda$processClientRequest$0(278)) - Failed RaftClientRequest:client-FBD57F74AF91->localhost_10002@group-FF371CEDE24F, cid=42, seq=0, RW, Message:321f0a0f0a0d74657374...(size=33), reply=RaftClientReply:client-FBD57F74AF91->localhost_10002@group-FF371CEDE24F, cid=42, FAILED org.apache.ratis.protocol.NotLeaderException: Server localhost_10002@group-FF371CEDE24F is not the leader, logIndex=0, commits[localhost_10002:c-1]
2019-09-26 14:06:57,170 INFO  client.GrpcClientProtocolService (GrpcClientProtocolService.java:lambda$processClientRequest$0(278)) - Failed RaftClientRequest:client-FBD57F74AF91->localhost_10000@group-FF371CEDE24F, cid=42, seq=0, RW, Message:321f0a0f0a0d74657374...(size=33), reply=RaftClientReply:client-FBD57F74AF91->localhost_10000@group-FF371CEDE24F, cid=42, FAILED org.apache.ratis.protocol.NotLeaderException: Server localhost_10000@group-FF371CEDE24F is not the leader, logIndex=0, commits[localhost_10000:c-1]
2019-09-26 14:06:57,174 INFO  client.GrpcClientProtocolService (GrpcClientProtocolService.java:lambda$processClientRequest$0(278)) - Failed RaftClientRequest:client-FBD57F74AF91->localhost_10002@group-FF371CEDE24F, cid=42, seq=0, RW, Message:321f0a0f0a0d74657374...(size=33), reply=RaftClientReply:client-FBD57F74AF91->localhost_10002@group-FF371CEDE24F, cid=42, FAILED org.apache.ratis.protocol.NotLeaderException: Server localhost_10002@group-FF371CEDE24F is not the leader, logIndex=0, commits[localhost_10002:c-1]
2019-09-26 14:06:57,178 INFO  client.GrpcClientProtocolService (GrpcClientProtocolService.java:lambda$processClientRequest$0(278)) - Failed RaftClientRequest:client-FBD57F74AF91->localhost_10000@group-FF371CEDE24F, cid=42, seq=0, RW, Message:321f0a0f0a0d74657374...(size=33), reply=RaftClientReply:client-FBD57F74AF91->localhost_10000@group-FF371CEDE24F, cid=42, FAILED org.apache.ratis.protocol.NotLeaderException: Server localhost_10000@group-FF371CEDE24F is not the leader, logIndex=0, commits[localhost_10000:c-1]
2019-09-26 14:06:57,182 INFO  client.GrpcClientProtocolService (GrpcClientProtocolService.java:lambda$processClientRequest$0(278)) - Failed RaftClientRequest:client-FBD57F74AF91->localhost_10001@group-FF371CEDE24F, cid=42, seq=0, RW, Message:321f0a0f0a0d74657374...(size=33), reply=RaftClientReply:client-FBD57F74AF91->localhost_10001@group-FF371CEDE24F, cid=42, FAILED org.apache.ratis.protocol.NotLeaderException: Server localhost_10001@group-FF371CEDE24F is not the leader, logIndex=0, commits[localhost_10001:c-1]
2019-09-26 14:06:57,185 INFO  client.GrpcClientProtocolService (GrpcClientProtocolService.java:lambda$processClientRequest$0(278)) - Failed RaftClientRequest:client-FBD57F74AF91->localhost_10000@group-FF371CEDE24F, cid=42, seq=0, RW, Message:321f0a0f0a0d74657374...(size=33), reply=RaftClientReply:client-FBD57F74AF91->localhost_10000@group-FF371CEDE24F, cid=42, FAILED org.apache.ratis.protocol.NotLeaderException: Server localhost_10000@group-FF371CEDE24F is not the leader, logIndex=0, commits[localhost_10000:c-1]
2019-09-26 14:06:57,190 INFO  client.GrpcClientProtocolService (GrpcClientProtocolService.java:lambda$processClientRequest$0(278)) - Failed RaftClientRequest:client-FBD57F74AF91->localhost_10001@group-FF371CEDE24F, cid=42, seq=0, RW, Message:321f0a0f0a0d74657374...(size=33), reply=RaftClientReply:client-FBD57F74AF91->localhost_10001@group-FF371CEDE24F, cid=42, FAILED org.apache.ratis.protocol.NotLeaderException: Server localhost_10001@group-FF371CEDE24F is not the leader, logIndex=0, commits[localhost_10001:c-1]
2019-09-26 14:06:57,193 INFO  client.GrpcClientProtocolService (GrpcClientProtocolService.java:lambda$processClientRequest$0(278)) - Failed RaftClientRequest:client-FBD57F74AF91->localhost_10002@group-FF371CEDE24F, cid=42, seq=0, RW, Message:321f0a0f0a0d74657374...(size=33), reply=RaftClientReply:client-FBD57F74AF91->localhost_10002@group-FF371CEDE24F, cid=42, FAILED org.apache.ratis.protocol.NotLeaderException: Server localhost_10002@group-FF371CEDE24F is not the leader, logIndex=0, commits[localhost_10002:c-1]
2019-09-26 14:06:57,196 INFO  client.GrpcClientProtocolService (GrpcClientProtocolService.java:lambda$processClientRequest$0(278)) - Failed RaftClientRequest:client-FBD57F74AF91->localhost_10001@group-FF371CEDE24F, cid=42, seq=0, RW, Message:321f0a0f0a0d74657374...(size=33), reply=RaftClientReply:client-FBD57F74AF91->localhost_10001@group-FF371CEDE24F, cid=42, FAILED org.apache.ratis.protocol.NotLeaderException: Server localhost_10001@group-FF371CEDE24F is not the leader, logIndex=0, commits[localhost_10001:c-1]
2019-09-26 14:06:57,199 INFO  client.GrpcClientProtocolService (GrpcClientProtocolService.java:lambda$processClientRequest$0(278)) - Failed RaftClientRequest:client-FBD57F74AF91->localhost_10002@group-FF371CEDE24F, cid=42, seq=0, RW, Message:321f0a0f0a0d74657374...(size=33), reply=RaftClientReply:client-FBD57F74AF91->localhost_10002@group-FF371CEDE24F, cid=42, FAILED org.apache.ratis.protocol.NotLeaderException: Server localhost_10002@group-FF371CEDE24F is not the leader, logIndex=0, commits[localhost_10002:c-1]
2019-09-26 14:06:57,201 INFO  client.GrpcClientProtocolService (GrpcClientProtocolService.java:lambda$processClientRequest$0(278)) - Failed RaftClientRequest:client-FBD57F74AF91->localhost_10000@group-FF371CEDE24F, cid=42, seq=0, RW, Message:321f0a0f0a0d74657374...(size=33), reply=RaftClientReply:client-FBD57F74AF91->localhost_10000@group-FF371CEDE24F, cid=42, FAILED org.apache.ratis.protocol.NotLeaderException: Server localhost_10000@group-FF371CEDE24F is not the leader, logIndex=0, commits[localhost_10000:c-1]
2019-09-26 14:06:57,204 INFO  client.GrpcClientProtocolService (GrpcClientProtocolService.java:lambda$processClientRequest$0(278)) - Failed RaftClientRequest:client-FBD57F74AF91->localhost_10001@group-FF371CEDE24F, cid=42, seq=0, RW, Message:321f0a0f0a0d74657374...(size=33), reply=RaftClientReply:client-FBD57F74AF91->localhost_10001@group-FF371CEDE24F, cid=42, FAILED org.apache.ratis.protocol.NotLeaderException: Server localhost_10001@group-FF371CEDE24F is not the leader, logIndex=0, commits[localhost_10001:c-1]
2019-09-26 14:06:57,206 INFO  client.GrpcClientProtocolService (GrpcClientProtocolService.java:lambda$processClientRequest$0(278)) - Failed RaftClientRequest:client-FBD57F74AF91->localhost_10002@group-FF371CEDE24F, cid=42, seq=0, RW, Message:321f0a0f0a0d74657374...(size=33), reply=RaftClientReply:client-FBD57F74AF91->localhost_10002@group-FF371CEDE24F, cid=42, FAILED org.apache.ratis.protocol.NotLeaderException: Server localhost_10002@group-FF371CEDE24F is not the leader, logIndex=0, commits[localhost_10002:c-1]
2019-09-26 14:06:57,209 INFO  client.GrpcClientProtocolService (GrpcClientProtocolService.java:lambda$processClientRequest$0(278)) - Failed RaftClientRequest:client-FBD57F74AF91->localhost_10000@group-FF371CEDE24F, cid=42, seq=0, RW, Message:321f0a0f0a0d74657374...(size=33), reply=RaftClientReply:client-FBD57F74AF91->localhost_10000@group-FF371CEDE24F, cid=42, FAILED org.apache.ratis.protocol.NotLeaderException: Server localhost_10000@group-FF371CEDE24F is not the leader, logIndex=0, commits[localhost_10000:c-1]
2019-09-26 14:06:57,211 INFO  client.GrpcClientProtocolService (GrpcClientProtocolService.java:lambda$processClientRequest$0(278)) - Failed RaftClientRequest:client-FBD57F74AF91->localhost_10001@group-FF371CEDE24F, cid=42, seq=0, RW, Message:321f0a0f0a0d74657374...(size=33), reply=RaftClientReply:client-FBD57F74AF91->localhost_10001@group-FF371CEDE24F, cid=42, FAILED org.apache.ratis.protocol.NotLeaderException: Server localhost_10001@group-FF371CEDE24F is not the leader, logIndex=0, commits[localhost_10001:c-1]
2019-09-26 14:06:57,214 INFO  client.GrpcClientProtocolService (GrpcClientProtocolService.java:lambda$processClientRequest$0(278)) - Failed RaftClientRequest:client-FBD57F74AF91->localhost_10000@group-FF371CEDE24F, cid=42, seq=0, RW, Message:321f0a0f0a0d74657374...(size=33), reply=RaftClientReply:client-FBD57F74AF91->localhost_10000@group-FF371CEDE24F, cid=42, FAILED org.apache.ratis.protocol.NotLeaderException: Server localhost_10000@group-FF371CEDE24F is not the leader, logIndex=0, commits[localhost_10000:c-1]
2019-09-26 14:06:57,216 INFO  client.GrpcClientProtocolService (GrpcClientProtocolService.java:lambda$processClientRequest$0(278)) - Failed RaftClientRequest:client-FBD57F74AF91->localhost_10001@group-FF371CEDE24F, cid=42, seq=0, RW, Message:321f0a0f0a0d74657374...(size=33), reply=RaftClientReply:client-FBD57F74AF91->localhost_10001@group-FF371CEDE24F, cid=42, FAILED org.apache.ratis.protocol.NotLeaderException: Server localhost_10001@group-FF371CEDE24F is not the leader, logIndex=0, commits[localhost_10001:c-1]
2019-09-26 14:06:57,219 INFO  client.GrpcClientProtocolService (GrpcClientProtocolService.java:lambda$processClientRequest$0(278)) - Failed RaftClientRequest:client-FBD57F74AF91->localhost_10000@group-FF371CEDE24F, cid=42, seq=0, RW, Message:321f0a0f0a0d74657374...(size=33), reply=RaftClientReply:client-FBD57F74AF91->localhost_10000@group-FF371CEDE24F, cid=42, FAILED org.apache.ratis.protocol.NotLeaderException: Server localhost_10000@group-FF371CEDE24F is not the leader, logIndex=0, commits[localhost_10000:c-1]
2019-09-26 14:06:57,221 INFO  client.GrpcClientProtocolService (GrpcClientProtocolService.java:lambda$processClientRequest$0(278)) - Failed RaftClientRequest:client-FBD57F74AF91->localhost_10002@group-FF371CEDE24F, cid=42, seq=0, RW, Message:321f0a0f0a0d74657374...(size=33), reply=RaftClientReply:client-FBD57F74AF91->localhost_10002@group-FF371CEDE24F, cid=42, FAILED org.apache.ratis.protocol.NotLeaderException: Server localhost_10002@group-FF371CEDE24F is not the leader, logIndex=0, commits[localhost_10002:c-1]
2019-09-26 14:06:57,223 INFO  client.GrpcClientProtocolService (GrpcClientProtocolService.java:lambda$processClientRequest$0(278)) - Failed RaftClientRequest:client-FBD57F74AF91->localhost_10000@group-FF371CEDE24F, cid=42, seq=0, RW, Message:321f0a0f0a0d74657374...(size=33), reply=RaftClientReply:client-FBD57F74AF91->localhost_10000@group-FF371CEDE24F, cid=42, FAILED org.apache.ratis.protocol.NotLeaderException: Server localhost_10000@group-FF371CEDE24F is not the leader, logIndex=0, commits[localhost_10000:c-1]
2019-09-26 14:06:57,226 INFO  client.GrpcClientProtocolService (GrpcClientProtocolService.java:lambda$processClientRequest$0(278)) - Failed RaftClientRequest:client-FBD57F74AF91->localhost_10001@group-FF371CEDE24F, cid=42, seq=0, RW, Message:321f0a0f0a0d74657374...(size=33), reply=RaftClientReply:client-FBD57F74AF91->localhost_10001@group-FF371CEDE24F, cid=42, FAILED org.apache.ratis.protocol.NotLeaderException: Server localhost_10001@group-FF371CEDE24F is not the leader, logIndex=0, commits[localhost_10001:c-1]
2019-09-26 14:06:57,228 INFO  client.GrpcClientProtocolService (GrpcClientProtocolService.java:lambda$processClientRequest$0(278)) - Failed RaftClientRequest:client-FBD57F74AF91->localhost_10000@group-FF371CEDE24F, cid=42, seq=0, RW, Message:321f0a0f0a0d74657374...(size=33), reply=RaftClientReply:client-FBD57F74AF91->localhost_10000@group-FF371CEDE24F, cid=42, FAILED org.apache.ratis.protocol.NotLeaderException: Server localhost_10000@group-FF371CEDE24F is not the leader, logIndex=0, commits[localhost_10000:c-1]
2019-09-26 14:06:57,231 INFO  client.GrpcClientProtocolService (GrpcClientProtocolService.java:lambda$processClientRequest$0(278)) - Failed RaftClientRequest:client-FBD57F74AF91->localhost_10001@group-FF371CEDE24F, cid=42, seq=0, RW, Message:321f0a0f0a0d74657374...(size=33), reply=RaftClientReply:client-FBD57F74AF91->localhost_10001@group-FF371CEDE24F, cid=42, FAILED org.apache.ratis.protocol.NotLeaderException: Server localhost_10001@group-FF371CEDE24F is not the leader, logIndex=0, commits[localhost_10001:c-1]
2019-09-26 14:06:57,233 INFO  client.GrpcClientProtocolService (GrpcClientProtocolService.java:lambda$processClientRequest$0(278)) - Failed RaftClientRequest:client-FBD57F74AF91->localhost_10000@group-FF371CEDE24F, cid=42, seq=0, RW, Message:321f0a0f0a0d74657374...(size=33), reply=RaftClientReply:client-FBD57F74AF91->localhost_10000@group-FF371CEDE24F, cid=42, FAILED org.apache.ratis.protocol.NotLeaderException: Server localhost_10000@group-FF371CEDE24F is not the leader, logIndex=0, commits[localhost_10000:c-1]
2019-09-26 14:06:57,236 INFO  client.GrpcClientProtocolService (GrpcClientProtocolService.java:lambda$processClientRequest$0(278)) - Failed RaftClientRequest:client-FBD57F74AF91->localhost_10001@group-FF371CEDE24F, cid=42, seq=0, RW, Message:321f0a0f0a0d74657374...(size=33), reply=RaftClientReply:client-FBD57F74AF91->localhost_10001@group-FF371CEDE24F, cid=42, FAILED org.apache.ratis.protocol.NotLeaderException: Server localhost_10001@group-FF371CEDE24F is not the leader, logIndex=0, commits[localhost_10001:c-1]
2019-09-26 14:06:57,239 INFO  client.GrpcClientProtocolService (GrpcClientProtocolService.java:lambda$processClientRequest$0(278)) - Failed RaftClientRequest:client-FBD57F74AF91->localhost_10000@group-FF371CEDE24F, cid=42, seq=0, RW, Message:321f0a0f0a0d74657374...(size=33), reply=RaftClientReply:client-FBD57F74AF91->localhost_10000@group-FF371CEDE24F, cid=42, FAILED org.apache.ratis.protocol.NotLeaderException: Server localhost_10000@group-FF371CEDE24F is not the leader, logIndex=0, commits[localhost_10000:c-1]
2019-09-26 14:06:57,241 INFO  client.GrpcClientProtocolService (GrpcClientProtocolService.java:lambda$processClientRequest$0(278)) - Failed RaftClientRequest:client-FBD57F74AF91->localhost_10001@group-FF371CEDE24F, cid=42, seq=0, RW, Message:321f0a0f0a0d74657374...(size=33), reply=RaftClientReply:client-FBD57F74AF91->localhost_10001@group-FF371CEDE24F, cid=42, FAILED org.apache.ratis.protocol.NotLeaderException: Server localhost_10001@group-FF371CEDE24F is not the leader, logIndex=0, commits[localhost_10001:c-1]
2019-09-26 14:06:57,243 INFO  client.GrpcClientProtocolService (GrpcClientProtocolService.java:lambda$processClientRequest$0(278)) - Failed RaftClientRequest:client-FBD57F74AF91->localhost_10000@group-FF371CEDE24F, cid=42, seq=0, RW, Message:321f0a0f0a0d74657374...(size=33), reply=RaftClientReply:client-FBD57F74AF91->localhost_10000@group-FF371CEDE24F, cid=42, FAILED org.apache.ratis.protocol.NotLeaderException: Server localhost_10000@group-FF371CEDE24F is not the leader, logIndex=0, commits[localhost_10000:c-1]
2019-09-26 14:06:57,246 INFO  client.GrpcClientProtocolService (GrpcClientProtocolService.java:lambda$processClientRequest$0(278)) - Failed RaftClientRequest:client-FBD57F74AF91->localhost_10001@group-FF371CEDE24F, cid=42, seq=0, RW, Message:321f0a0f0a0d74657374...(size=33), reply=RaftClientReply:client-FBD57F74AF91->localhost_10001@group-FF371CEDE24F, cid=42, FAILED org.apache.ratis.protocol.NotLeaderException: Server localhost_10001@group-FF371CEDE24F is not the leader, logIndex=0, commits[localhost_10001:c-1]
2019-09-26 14:06:57,248 INFO  client.GrpcClientProtocolService (GrpcClientProtocolService.java:lambda$processClientRequest$0(278)) - Failed RaftClientRequest:client-FBD57F74AF91->localhost_10002@group-FF371CEDE24F, cid=42, seq=0, RW, Message:321f0a0f0a0d74657374...(size=33), reply=RaftClientReply:client-FBD57F74AF91->localhost_10002@group-FF371CEDE24F, cid=42, FAILED org.apache.ratis.protocol.NotLeaderException: Server localhost_10002@group-FF371CEDE24F is not the leader, logIndex=0, commits[localhost_10002:c-1]
2019-09-26 14:06:57,250 INFO  client.GrpcClientProtocolService (GrpcClientProtocolService.java:lambda$processClientRequest$0(278)) - Failed RaftClientRequest:client-FBD57F74AF91->localhost_10000@group-FF371CEDE24F, cid=42, seq=0, RW, Message:321f0a0f0a0d74657374...(size=33), reply=RaftClientReply:client-FBD57F74AF91->localhost_10000@group-FF371CEDE24F, cid=42, FAILED org.apache.ratis.protocol.NotLeaderException: Server localhost_10000@group-FF371CEDE24F is not the leader, logIndex=0, commits[localhost_10000:c-1]
2019-09-26 14:06:57,253 INFO  client.GrpcClientProtocolService (GrpcClientProtocolService.java:lambda$processClientRequest$0(278)) - Failed RaftClientRequest:client-FBD57F74AF91->localhost_10001@group-FF371CEDE24F, cid=42, seq=0, RW, Message:321f0a0f0a0d74657374...(size=33), reply=RaftClientReply:client-FBD57F74AF91->localhost_10001@group-FF371CEDE24F, cid=42, FAILED org.apache.ratis.protocol.NotLeaderException: Server localhost_10001@group-FF371CEDE24F is not the leader, logIndex=0, commits[localhost_10001:c-1]
2019-09-26 14:06:57,255 INFO  client.GrpcClientProtocolService (GrpcClientProtocolService.java:lambda$processClientRequest$0(278)) - Failed RaftClientRequest:client-FBD57F74AF91->localhost_10000@group-FF371CEDE24F, cid=42, seq=0, RW, Message:321f0a0f0a0d74657374...(size=33), reply=RaftClientReply:client-FBD57F74AF91->localhost_10000@group-FF371CEDE24F, cid=42, FAILED org.apache.ratis.protocol.NotLeaderException: Server localhost_10000@group-FF371CEDE24F is not the leader, logIndex=0, commits[localhost_10000:c-1]
2019-09-26 14:06:57,257 INFO  client.GrpcClientProtocolService (GrpcClientProtocolService.java:lambda$processClientRequest$0(278)) - Failed RaftClientRequest:client-FBD57F74AF91->localhost_10001@group-FF371CEDE24F, cid=42, seq=0, RW, Message:321f0a0f0a0d74657374...(size=33), reply=RaftClientReply:client-FBD57F74AF91->localhost_10001@group-FF371CEDE24F, cid=42, FAILED org.apache.ratis.protocol.NotLeaderException: Server localhost_10001@group-FF371CEDE24F is not the leader, logIndex=0, commits[localhost_10001:c-1]
2019-09-26 14:06:57,260 INFO  client.GrpcClientProtocolService (GrpcClientProtocolService.java:lambda$processClientRequest$0(278)) - Failed RaftClientRequest:client-FBD57F74AF91->localhost_10000@group-FF371CEDE24F, cid=42, seq=0, RW, Message:321f0a0f0a0d74657374...(size=33), reply=RaftClientReply:client-FBD57F74AF91->localhost_10000@group-FF371CEDE24F, cid=42, FAILED org.apache.ratis.protocol.NotLeaderException: Server localhost_10000@group-FF371CEDE24F is not the leader, logIndex=0, commits[localhost_10000:c-1]
2019-09-26 14:06:57,262 INFO  client.GrpcClientProtocolService (GrpcClientProtocolService.java:lambda$processClientRequest$0(278)) - Failed RaftClientRequest:client-FBD57F74AF91->localhost_10001@group-FF371CEDE24F, cid=42, seq=0, RW, Message:321f0a0f0a0d74657374...(size=33), reply=RaftClientReply:client-FBD57F74AF91->localhost_10001@group-FF371CEDE24F, cid=42, FAILED org.apache.ratis.protocol.NotLeaderException: Server localhost_10001@group-FF371CEDE24F is not the leader, logIndex=0, commits[localhost_10001:c-1]
2019-09-26 14:06:57,265 INFO  client.GrpcClientProtocolService (GrpcClientProtocolService.java:lambda$processClientRequest$0(278)) - Failed RaftClientRequest:client-FBD57F74AF91->localhost_10000@group-FF371CEDE24F, cid=42, seq=0, RW, Message:321f0a0f0a0d74657374...(size=33), reply=RaftClientReply:client-FBD57F74AF91->localhost_10000@group-FF371CEDE24F, cid=42, FAILED org.apache.ratis.protocol.NotLeaderException: Server localhost_10000@group-FF371CEDE24F is not the leader, logIndex=0, commits[localhost_10000:c-1]
2019-09-26 14:06:57,267 INFO  client.GrpcClientProtocolService (GrpcClientProtocolService.java:lambda$processClientRequest$0(278)) - Failed RaftClientRequest:client-FBD57F74AF91->localhost_10002@group-FF371CEDE24F, cid=42, seq=0, RW, Message:321f0a0f0a0d74657374...(size=33), reply=RaftClientReply:client-FBD57F74AF91->localhost_10002@group-FF371CEDE24F, cid=42, FAILED org.apache.ratis.protocol.NotLeaderException: Server localhost_10002@group-FF371CEDE24F is not the leader, logIndex=0, commits[localhost_10002:c-1]
2019-09-26 14:06:57,269 INFO  client.GrpcClientProtocolService (GrpcClientProtocolService.java:lambda$processClientRequest$0(278)) - Failed RaftClientRequest:client-FBD57F74AF91->localhost_10000@group-FF371CEDE24F, cid=42, seq=0, RW, Message:321f0a0f0a0d74657374...(size=33), reply=RaftClientReply:client-FBD57F74AF91->localhost_10000@group-FF371CEDE24F, cid=42, FAILED org.apache.ratis.protocol.NotLeaderException: Server localhost_10000@group-FF371CEDE24F is not the leader, logIndex=0, commits[localhost_10000:c-1]
2019-09-26 14:06:57,272 INFO  client.GrpcClientProtocolService (GrpcClientProtocolService.java:lambda$processClientRequest$0(278)) - Failed RaftClientRequest:client-FBD57F74AF91->localhost_10001@group-FF371CEDE24F, cid=42, seq=0, RW, Message:321f0a0f0a0d74657374...(size=33), reply=RaftClientReply:client-FBD57F74AF91->localhost_10001@group-FF371CEDE24F, cid=42, FAILED org.apache.ratis.protocol.NotLeaderException: Server localhost_10001@group-FF371CEDE24F is not the leader, logIndex=0, commits[localhost_10001:c-1]
2019-09-26 14:06:57,274 INFO  client.GrpcClientProtocolService (GrpcClientProtocolService.java:lambda$processClientRequest$0(278)) - Failed RaftClientRequest:client-FBD57F74AF91->localhost_10000@group-FF371CEDE24F, cid=42, seq=0, RW, Message:321f0a0f0a0d74657374...(size=33), reply=RaftClientReply:client-FBD57F74AF91->localhost_10000@group-FF371CEDE24F, cid=42, FAILED org.apache.ratis.protocol.NotLeaderException: Server localhost_10000@group-FF371CEDE24F is not the leader, logIndex=0, commits[localhost_10000:c-1]
2019-09-26 14:06:57,276 INFO  client.GrpcClientProtocolService (GrpcClientProtocolService.java:lambda$processClientRequest$0(278)) - Failed RaftClientRequest:client-FBD57F74AF91->localhost_10002@group-FF371CEDE24F, cid=42, seq=0, RW, Message:321f0a0f0a0d74657374...(size=33), reply=RaftClientReply:client-FBD57F74AF91->localhost_10002@group-FF371CEDE24F, cid=42, FAILED org.apache.ratis.protocol.NotLeaderException: Server localhost_10002@group-FF371CEDE24F is not the leader, logIndex=0, commits[localhost_10002:c-1]
2019-09-26 14:06:57,278 INFO  client.GrpcClientProtocolService (GrpcClientProtocolService.java:lambda$processClientRequest$0(278)) - Failed RaftClientRequest:client-FBD57F74AF91->localhost_10001@group-FF371CEDE24F, cid=42, seq=0, RW, Message:321f0a0f0a0d74657374...(size=33), reply=RaftClientReply:client-FBD57F74AF91->localhost_10001@group-FF371CEDE24F, cid=42, FAILED org.apache.ratis.protocol.NotLeaderException: Server localhost_10001@group-FF371CEDE24F is not the leader, logIndex=0, commits[localhost_10001:c-1]
2019-09-26 14:06:57,280 INFO  client.GrpcClientProtocolService (GrpcClientProtocolService.java:lambda$processClientRequest$0(278)) - Failed RaftClientRequest:client-FBD57F74AF91->localhost_10002@group-FF371CEDE24F, cid=42, seq=0, RW, Message:321f0a0f0a0d74657374...(size=33), reply=RaftClientReply:client-FBD57F74AF91->localhost_10002@group-FF371CEDE24F, cid=42, FAILED org.apache.ratis.protocol.NotLeaderException: Server localhost_10002@group-FF371CEDE24F is not the leader, logIndex=0, commits[localhost_10002:c-1]
2019-09-26 14:06:57,283 INFO  client.GrpcClientProtocolService (GrpcClientProtocolService.java:lambda$processClientRequest$0(278)) - Failed RaftClientRequest:client-FBD57F74AF91->localhost_10000@group-FF371CEDE24F, cid=42, seq=0, RW, Message:321f0a0f0a0d74657374...(size=33), reply=RaftClientReply:client-FBD57F74AF91->localhost_10000@group-FF371CEDE24F, cid=42, FAILED org.apache.ratis.protocol.NotLeaderException: Server localhost_10000@group-FF371CEDE24F is not the leader, logIndex=0, commits[localhost_10000:c-1]
2019-09-26 14:06:57,285 INFO  client.GrpcClientProtocolService (GrpcClientProtocolService.java:lambda$processClientRequest$0(278)) - Failed RaftClientRequest:client-FBD57F74AF91->localhost_10002@group-FF371CEDE24F, cid=42, seq=0, RW, Message:321f0a0f0a0d74657374...(size=33), reply=RaftClientReply:client-FBD57F74AF91->localhost_10002@group-FF371CEDE24F, cid=42, FAILED org.apache.ratis.protocol.NotLeaderException: Server localhost_10002@group-FF371CEDE24F is not the leader, logIndex=0, commits[localhost_10002:c-1]
2019-09-26 14:06:57,287 INFO  client.GrpcClientProtocolService (GrpcClientProtocolService.java:lambda$processClientRequest$0(278)) - Failed RaftClientRequest:client-FBD57F74AF91->localhost_10000@group-FF371CEDE24F, cid=42, seq=0, RW, Message:321f0a0f0a0d74657374...(size=33), reply=RaftClientReply:client-FBD57F74AF91->localhost_10000@group-FF371CEDE24F, cid=42, FAILED org.apache.ratis.protocol.NotLeaderException: Server localhost_10000@group-FF371CEDE24F is not the leader, logIndex=0, commits[localhost_10000:c-1]
2019-09-26 14:06:57,290 INFO  client.GrpcClientProtocolService (GrpcClientProtocolService.java:lambda$processClientRequest$0(278)) - Failed RaftClientRequest:client-FBD57F74AF91->localhost_10002@group-FF371CEDE24F, cid=42, seq=0, RW, Message:321f0a0f0a0d74657374...(size=33), reply=RaftClientReply:client-FBD57F74AF91->localhost_10002@group-FF371CEDE24F, cid=42, FAILED org.apache.ratis.protocol.NotLeaderException: Server localhost_10002@group-FF371CEDE24F is not the leader, logIndex=0, commits[localhost_10002:c-1]
2019-09-26 14:06:57,292 INFO  client.GrpcClientProtocolService (GrpcClientProtocolService.java:lambda$processClientRequest$0(278)) - Failed RaftClientRequest:client-FBD57F74AF91->localhost_10000@group-FF371CEDE24F, cid=42, seq=0, RW, Message:321f0a0f0a0d74657374...(size=33), reply=RaftClientReply:client-FBD57F74AF91->localhost_10000@group-FF371CEDE24F, cid=42, FAILED org.apache.ratis.protocol.NotLeaderException: Server localhost_10000@group-FF371CEDE24F is not the leader, logIndex=0, commits[localhost_10000:c-1]
2019-09-26 14:06:57,294 INFO  client.GrpcClientProtocolService (GrpcClientProtocolService.java:lambda$processClientRequest$0(278)) - Failed RaftClientRequest:client-FBD57F74AF91->localhost_10002@group-FF371CEDE24F, cid=42, seq=0, RW, Message:321f0a0f0a0d74657374...(size=33), reply=RaftClientReply:client-FBD57F74AF91->localhost_10002@group-FF371CEDE24F, cid=42, FAILED org.apache.ratis.protocol.NotLeaderException: Server localhost_10002@group-FF371CEDE24F is not the leader, logIndex=0, commits[localhost_10002:c-1]
2019-09-26 14:06:57,296 INFO  client.GrpcClientProtocolService (GrpcClientProtocolService.java:lambda$processClientRequest$0(278)) - Failed RaftClientRequest:client-FBD57F74AF91->localhost_10001@group-FF371CEDE24F, cid=42, seq=0, RW, Message:321f0a0f0a0d74657374...(size=33), reply=RaftClientReply:client-FBD57F74AF91->localhost_10001@group-FF371CEDE24F, cid=42, FAILED org.apache.ratis.protocol.NotLeaderException: Server localhost_10001@group-FF371CEDE24F is not the leader, logIndex=0, commits[localhost_10001:c-1]
2019-09-26 14:06:57,299 INFO  client.GrpcClientProtocolService (GrpcClientProtocolService.java:lambda$processClientRequest$0(278)) - Failed RaftClientRequest:client-FBD57F74AF91->localhost_10002@group-FF371CEDE24F, cid=42, seq=0, RW, Message:321f0a0f0a0d74657374...(size=33), reply=RaftClientReply:client-FBD57F74AF91->localhost_10002@group-FF371CEDE24F, cid=42, FAILED org.apache.ratis.protocol.NotLeaderException: Server localhost_10002@group-FF371CEDE24F is not the leader, logIndex=0, commits[localhost_10002:c-1]
2019-09-26 14:06:57,301 INFO  client.GrpcClientProtocolService (GrpcClientProtocolService.java:lambda$processClientRequest$0(278)) - Failed RaftClientRequest:client-FBD57F74AF91->localhost_10001@group-FF371CEDE24F, cid=42, seq=0, RW, Message:321f0a0f0a0d74657374...(size=33), reply=RaftClientReply:client-FBD57F74AF91->localhost_10001@group-FF371CEDE24F, cid=42, FAILED org.apache.ratis.protocol.NotLeaderException: Server localhost_10001@group-FF371CEDE24F is not the leader, logIndex=0, commits[localhost_10001:c-1]
2019-09-26 14:06:57,303 INFO  client.GrpcClientProtocolService (GrpcClientProtocolService.java:lambda$processClientRequest$0(278)) - Failed RaftClientRequest:client-FBD57F74AF91->localhost_10000@group-FF371CEDE24F, cid=42, seq=0, RW, Message:321f0a0f0a0d74657374...(size=33), reply=RaftClientReply:client-FBD57F74AF91->localhost_10000@group-FF371CEDE24F, cid=42, FAILED org.apache.ratis.protocol.NotLeaderException: Server localhost_10000@group-FF371CEDE24F is not the leader, logIndex=0, commits[localhost_10000:c-1]
2019-09-26 14:06:57,305 INFO  client.GrpcClientProtocolService (GrpcClientProtocolService.java:lambda$processClientRequest$0(278)) - Failed RaftClientRequest:client-FBD57F74AF91->localhost_10002@group-FF371CEDE24F, cid=42, seq=0, RW, Message:321f0a0f0a0d74657374...(size=33), reply=RaftClientReply:client-FBD57F74AF91->localhost_10002@group-FF371CEDE24F, cid=42, FAILED org.apache.ratis.protocol.NotLeaderException: Server localhost_10002@group-FF371CEDE24F is not the leader, logIndex=0, commits[localhost_10002:c-1]
2019-09-26 14:06:57,307 INFO  client.GrpcClientProtocolService (GrpcClientProtocolService.java:lambda$processClientRequest$0(278)) - Failed RaftClientRequest:client-FBD57F74AF91->localhost_10000@group-FF371CEDE24F, cid=42, seq=0, RW, Message:321f0a0f0a0d74657374...(size=33), reply=RaftClientReply:client-FBD57F74AF91->localhost_10000@group-FF371CEDE24F, cid=42, FAILED org.apache.ratis.protocol.NotLeaderException: Server localhost_10000@group-FF371CEDE24F is not the leader, logIndex=0, commits[localhost_10000:c-1]
2019-09-26 14:06:57,309 INFO  client.GrpcClientProtocolService (GrpcClientProtocolService.java:lambda$processClientRequest$0(278)) - Failed RaftClientRequest:client-FBD57F74AF91->localhost_10001@group-FF371CEDE24F, cid=42, seq=0, RW, Message:321f0a0f0a0d74657374...(size=33), reply=RaftClientReply:client-FBD57F74AF91->localhost_10001@group-FF371CEDE24F, cid=42, FAILED org.apache.ratis.protocol.NotLeaderException: Server localhost_10001@group-FF371CEDE24F is not the leader, logIndex=0, commits[localhost_10001:c-1]
2019-09-26 14:06:57,311 INFO  client.GrpcClientProtocolService (GrpcClientProtocolService.java:lambda$processClientRequest$0(278)) - Failed RaftClientRequest:client-FBD57F74AF91->localhost_10002@group-FF371CEDE24F, cid=42, seq=0, RW, Message:321f0a0f0a0d74657374...(size=33), reply=RaftClientReply:client-FBD57F74AF91->localhost_10002@group-FF371CEDE24F, cid=42, FAILED org.apache.ratis.protocol.NotLeaderException: Server localhost_10002@group-FF371CEDE24F is not the leader, logIndex=0, commits[localhost_10002:c-1]
2019-09-26 14:06:57,314 INFO  client.GrpcClientProtocolService (GrpcClientProtocolService.java:lambda$processClientRequest$0(278)) - Failed RaftClientRequest:client-FBD57F74AF91->localhost_10001@group-FF371CEDE24F, cid=42, seq=0, RW, Message:321f0a0f0a0d74657374...(size=33), reply=RaftClientReply:client-FBD57F74AF91->localhost_10001@group-FF371CEDE24F, cid=42, FAILED org.apache.ratis.protocol.NotLeaderException: Server localhost_10001@group-FF371CEDE24F is not the leader, logIndex=0, commits[localhost_10001:c-1]
2019-09-26 14:06:57,316 INFO  client.GrpcClientProtocolService (GrpcClientProtocolService.java:lambda$processClientRequest$0(278)) - Failed RaftClientRequest:client-FBD57F74AF91->localhost_10000@group-FF371CEDE24F, cid=42, seq=0, RW, Message:321f0a0f0a0d74657374...(size=33), reply=RaftClientReply:client-FBD57F74AF91->localhost_10000@group-FF371CEDE24F, cid=42, FAILED org.apache.ratis.protocol.NotLeaderException: Server localhost_10000@group-FF371CEDE24F is not the leader, logIndex=0, commits[localhost_10000:c-1]
2019-09-26 14:06:57,318 INFO  client.GrpcClientProtocolService (GrpcClientProtocolService.java:lambda$processClientRequest$0(278)) - Failed RaftClientRequest:client-FBD57F74AF91->localhost_10002@group-FF371CEDE24F, cid=42, seq=0, RW, Message:321f0a0f0a0d74657374...(size=33), reply=RaftClientReply:client-FBD57F74AF91->localhost_10002@group-FF371CEDE24F, cid=42, FAILED org.apache.ratis.protocol.NotLeaderException: Server localhost_10002@group-FF371CEDE24F is not the leader, logIndex=0, commits[localhost_10002:c-1]
2019-09-26 14:06:57,320 INFO  client.GrpcClientProtocolService (GrpcClientProtocolService.java:lambda$processClientRequest$0(278)) - Failed RaftClientRequest:client-FBD57F74AF91->localhost_10001@group-FF371CEDE24F, cid=42, seq=0, RW, Message:321f0a0f0a0d74657374...(size=33), reply=RaftClientReply:client-FBD57F74AF91->localhost_10001@group-FF371CEDE24F, cid=42, FAILED org.apache.ratis.protocol.NotLeaderException: Server localhost_10001@group-FF371CEDE24F is not the leader, logIndex=0, commits[localhost_10001:c-1]
2019-09-26 14:06:57,323 INFO  client.GrpcClientProtocolService (GrpcClientProtocolService.java:lambda$processClientRequest$0(278)) - Failed RaftClientRequest:client-FBD57F74AF91->localhost_10000@group-FF371CEDE24F, cid=42, seq=0, RW, Message:321f0a0f0a0d74657374...(size=33), reply=RaftClientReply:client-FBD57F74AF91->localhost_10000@group-FF371CEDE24F, cid=42, FAILED org.apache.ratis.protocol.NotLeaderException: Server localhost_10000@group-FF371CEDE24F is not the leader, logIndex=0, commits[localhost_10000:c-1]
2019-09-26 14:06:57,325 INFO  client.GrpcClientProtocolService (GrpcClientProtocolService.java:lambda$processClientRequest$0(278)) - Failed RaftClientRequest:client-FBD57F74AF91->localhost_10001@group-FF371CEDE24F, cid=42, seq=0, RW, Message:321f0a0f0a0d74657374...(size=33), reply=RaftClientReply:client-FBD57F74AF91->localhost_10001@group-FF371CEDE24F, cid=42, FAILED org.apache.ratis.protocol.NotLeaderException: Server localhost_10001@group-FF371CEDE24F is not the leader, logIndex=0, commits[localhost_10001:c-1]
2019-09-26 14:06:57,328 INFO  client.GrpcClientProtocolService (GrpcClientProtocolService.java:lambda$processClientRequest$0(278)) - Failed RaftClientRequest:client-FBD57F74AF91->localhost_10000@group-FF371CEDE24F, cid=42, seq=0, RW, Message:321f0a0f0a0d74657374...(size=33), reply=RaftClientReply:client-FBD57F74AF91->localhost_10000@group-FF371CEDE24F, cid=42, FAILED org.apache.ratis.protocol.NotLeaderException: Server localhost_10000@group-FF371CEDE24F is not the leader, logIndex=0, commits[localhost_10000:c-1]
2019-09-26 14:06:57,330 INFO  client.GrpcClientProtocolService (GrpcClientProtocolService.java:lambda$processClientRequest$0(278)) - Failed RaftClientRequest:client-FBD57F74AF91->localhost_10002@group-FF371CEDE24F, cid=42, seq=0, RW, Message:321f0a0f0a0d74657374...(size=33), reply=RaftClientReply:client-FBD57F74AF91->localhost_10002@group-FF371CEDE24F, cid=42, FAILED org.apache.ratis.protocol.NotLeaderException: Server localhost_10002@group-FF371CEDE24F is not the leader, logIndex=0, commits[localhost_10002:c-1]
2019-09-26 14:06:57,332 INFO  client.GrpcClientProtocolService (GrpcClientProtocolService.java:lambda$processClientRequest$0(278)) - Failed RaftClientRequest:client-FBD57F74AF91->localhost_10000@group-FF371CEDE24F, cid=42, seq=0, RW, Message:321f0a0f0a0d74657374...(size=33), reply=RaftClientReply:client-FBD57F74AF91->localhost_10000@group-FF371CEDE24F, cid=42, FAILED org.apache.ratis.protocol.NotLeaderException: Server localhost_10000@group-FF371CEDE24F is not the leader, logIndex=0, commits[localhost_10000:c-1]
2019-09-26 14:06:57,335 INFO  client.GrpcClientProtocolService (GrpcClientProtocolService.java:lambda$processClientRequest$0(278)) - Failed RaftClientRequest:client-FBD57F74AF91->localhost_10002@group-FF371CEDE24F, cid=42, seq=0, RW, Message:321f0a0f0a0d74657374...(size=33), reply=RaftClientReply:client-FBD57F74AF91->localhost_10002@group-FF371CEDE24F, cid=42, FAILED org.apache.ratis.protocol.NotLeaderException: Server localhost_10002@group-FF371CEDE24F is not the leader, logIndex=0, commits[localhost_10002:c-1]
2019-09-26 14:06:57,337 INFO  client.GrpcClientProtocolService (GrpcClientProtocolService.java:lambda$processClientRequest$0(278)) - Failed RaftClientRequest:client-FBD57F74AF91->localhost_10001@group-FF371CEDE24F, cid=42, seq=0, RW, Message:321f0a0f0a0d74657374...(size=33), reply=RaftClientReply:client-FBD57F74AF91->localhost_10001@group-FF371CEDE24F, cid=42, FAILED org.apache.ratis.protocol.NotLeaderException: Server localhost_10001@group-FF371CEDE24F is not the leader, logIndex=0, commits[localhost_10001:c-1]
2019-09-26 14:06:57,339 INFO  client.GrpcClientProtocolService (GrpcClientProtocolService.java:lambda$processClientRequest$0(278)) - Failed RaftClientRequest:client-FBD57F74AF91->localhost_10002@group-FF371CEDE24F, cid=42, seq=0, RW, Message:321f0a0f0a0d74657374...(size=33), reply=RaftClientReply:client-FBD57F74AF91->localhost_10002@group-FF371CEDE24F, cid=42, FAILED org.apache.ratis.protocol.NotLeaderException: Server localhost_10002@group-FF371CEDE24F is not the leader, logIndex=0, commits[localhost_10002:c-1]
2019-09-26 14:06:57,341 INFO  client.GrpcClientProtocolService (GrpcClientProtocolService.java:lambda$processClientRequest$0(278)) - Failed RaftClientRequest:client-FBD57F74AF91->localhost_10000@group-FF371CEDE24F, cid=42, seq=0, RW, Message:321f0a0f0a0d74657374...(size=33), reply=RaftClientReply:client-FBD57F74AF91->localhost_10000@group-FF371CEDE24F, cid=42, FAILED org.apache.ratis.protocol.NotLeaderException: Server localhost_10000@group-FF371CEDE24F is not the leader, logIndex=0, commits[localhost_10000:c-1]
2019-09-26 14:06:57,343 INFO  client.GrpcClientProtocolService (GrpcClientProtocolService.java:lambda$processClientRequest$0(278)) - Failed RaftClientRequest:client-FBD57F74AF91->localhost_10002@group-FF371CEDE24F, cid=42, seq=0, RW, Message:321f0a0f0a0d74657374...(size=33), reply=RaftClientReply:client-FBD57F74AF91->localhost_10002@group-FF371CEDE24F, cid=42, FAILED org.apache.ratis.protocol.NotLeaderException: Server localhost_10002@group-FF371CEDE24F is not the leader, logIndex=0, commits[localhost_10002:c-1]
2019-09-26 14:06:57,346 INFO  client.GrpcClientProtocolService (GrpcClientProtocolService.java:lambda$processClientRequest$0(278)) - Failed RaftClientRequest:client-FBD57F74AF91->localhost_10000@group-FF371CEDE24F, cid=42, seq=0, RW, Message:321f0a0f0a0d74657374...(size=33), reply=RaftClientReply:client-FBD57F74AF91->localhost_10000@group-FF371CEDE24F, cid=42, FAILED org.apache.ratis.protocol.NotLeaderException: Server localhost_10000@group-FF371CEDE24F is not the leader, logIndex=0, commits[localhost_10000:c-1]
2019-09-26 14:06:57,348 INFO  client.GrpcClientProtocolService (GrpcClientProtocolService.java:lambda$processClientRequest$0(278)) - Failed RaftClientRequest:client-FBD57F74AF91->localhost_10001@group-FF371CEDE24F, cid=42, seq=0, RW, Message:321f0a0f0a0d74657374...(size=33), reply=RaftClientReply:client-FBD57F74AF91->localhost_10001@group-FF371CEDE24F, cid=42, FAILED org.apache.ratis.protocol.NotLeaderException: Server localhost_10001@group-FF371CEDE24F is not the leader, logIndex=0, commits[localhost_10001:c-1]
2019-09-26 14:06:57,350 INFO  client.GrpcClientProtocolService (GrpcClientProtocolService.java:lambda$processClientRequest$0(278)) - Failed RaftClientRequest:client-FBD57F74AF91->localhost_10002@group-FF371CEDE24F, cid=42, seq=0, RW, Message:321f0a0f0a0d74657374...(size=33), reply=RaftClientReply:client-FBD57F74AF91->localhost_10002@group-FF371CEDE24F, cid=42, FAILED org.apache.ratis.protocol.NotLeaderException: Server localhost_10002@group-FF371CEDE24F is not the leader, logIndex=0, commits[localhost_10002:c-1]
2019-09-26 14:06:57,352 INFO  client.GrpcClientProtocolService (GrpcClientProtocolService.java:lambda$processClientRequest$0(278)) - Failed RaftClientRequest:client-FBD57F74AF91->localhost_10001@group-FF371CEDE24F, cid=42, seq=0, RW, Message:321f0a0f0a0d74657374...(size=33), reply=RaftClientReply:client-FBD57F74AF91->localhost_10001@group-FF371CEDE24F, cid=42, FAILED org.apache.ratis.protocol.NotLeaderException: Server localhost_10001@group-FF371CEDE24F is not the leader, logIndex=0, commits[localhost_10001:c-1]
2019-09-26 14:06:57,354 INFO  client.GrpcClientProtocolService (GrpcClientProtocolService.java:lambda$processClientRequest$0(278)) - Failed RaftClientRequest:client-FBD57F74AF91->localhost_10000@group-FF371CEDE24F, cid=42, seq=0, RW, Message:321f0a0f0a0d74657374...(size=33), reply=RaftClientReply:client-FBD57F74AF91->localhost_10000@group-FF371CEDE24F, cid=42, FAILED org.apache.ratis.protocol.NotLeaderException: Server localhost_10000@group-FF371CEDE24F is not the leader, logIndex=0, commits[localhost_10000:c-1]
2019-09-26 14:06:57,357 INFO  client.GrpcClientProtocolService (GrpcClientProtocolService.java:lambda$processClientRequest$0(278)) - Failed RaftClientRequest:client-FBD57F74AF91->localhost_10001@group-FF371CEDE24F, cid=42, seq=0, RW, Message:321f0a0f0a0d74657374...(size=33), reply=RaftClientReply:client-FBD57F74AF91->localhost_10001@group-FF371CEDE24F, cid=42, FAILED org.apache.ratis.protocol.NotLeaderException: Server localhost_10001@group-FF371CEDE24F is not the leader, logIndex=0, commits[localhost_10001:c-1]
2019-09-26 14:06:57,359 INFO  client.GrpcClientProtocolService (GrpcClientProtocolService.java:lambda$processClientRequest$0(278)) - Failed RaftClientRequest:client-FBD57F74AF91->localhost_10002@group-FF371CEDE24F, cid=42, seq=0, RW, Message:321f0a0f0a0d74657374...(size=33), reply=RaftClientReply:client-FBD57F74AF91->localhost_10002@group-FF371CEDE24F, cid=42, FAILED org.apache.ratis.protocol.NotLeaderException: Server localhost_10002@group-FF371CEDE24F is not the leader, logIndex=0, commits[localhost_10002:c-1]
2019-09-26 14:06:57,361 INFO  client.GrpcClientProtocolService (GrpcClientProtocolService.java:lambda$processClientRequest$0(278)) - Failed RaftClientRequest:client-FBD57F74AF91->localhost_10000@group-FF371CEDE24F, cid=42, seq=0, RW, Message:321f0a0f0a0d74657374...(size=33), reply=RaftClientReply:client-FBD57F74AF91->localhost_10000@group-FF371CEDE24F, cid=42, FAILED org.apache.ratis.protocol.NotLeaderException: Server localhost_10000@group-FF371CEDE24F is not the leader, logIndex=0, commits[localhost_10000:c-1]
2019-09-26 14:06:57,363 INFO  client.GrpcClientProtocolService (GrpcClientProtocolService.java:lambda$processClientRequest$0(278)) - Failed RaftClientRequest:client-FBD57F74AF91->localhost_10002@group-FF371CEDE24F, cid=42, seq=0, RW, Message:321f0a0f0a0d74657374...(size=33), reply=RaftClientReply:client-FBD57F74AF91->localhost_10002@group-FF371CEDE24F, cid=42, FAILED org.apache.ratis.protocol.NotLeaderException: Server localhost_10002@group-FF371CEDE24F is not the leader, logIndex=0, commits[localhost_10002:c-1]
2019-09-26 14:06:57,366 INFO  client.GrpcClientProtocolService (GrpcClientProtocolService.java:lambda$processClientRequest$0(278)) - Failed RaftClientRequest:client-FBD57F74AF91->localhost_10001@group-FF371CEDE24F, cid=42, seq=0, RW, Message:321f0a0f0a0d74657374...(size=33), reply=RaftClientReply:client-FBD57F74AF91->localhost_10001@group-FF371CEDE24F, cid=42, FAILED org.apache.ratis.protocol.NotLeaderException: Server localhost_10001@group-FF371CEDE24F is not the leader, logIndex=0, commits[localhost_10001:c-1]
2019-09-26 14:06:57,369 INFO  client.GrpcClientProtocolService (GrpcClientProtocolService.java:lambda$processClientRequest$0(278)) - Failed RaftClientRequest:client-FBD57F74AF91->localhost_10002@group-FF371CEDE24F, cid=42, seq=0, RW, Message:321f0a0f0a0d74657374...(size=33), reply=RaftClientReply:client-FBD57F74AF91->localhost_10002@group-FF371CEDE24F, cid=42, FAILED org.apache.ratis.protocol.NotLeaderException: Server localhost_10002@group-FF371CEDE24F is not the leader, logIndex=0, commits[localhost_10002:c-1]
2019-09-26 14:06:57,371 INFO  client.GrpcClientProtocolService (GrpcClientProtocolService.java:lambda$processClientRequest$0(278)) - Failed RaftClientRequest:client-FBD57F74AF91->localhost_10000@group-FF371CEDE24F, cid=42, seq=0, RW, Message:321f0a0f0a0d74657374...(size=33), reply=RaftClientReply:client-FBD57F74AF91->localhost_10000@group-FF371CEDE24F, cid=42, FAILED org.apache.ratis.protocol.NotLeaderException: Server localhost_10000@group-FF371CEDE24F is not the leader, logIndex=0, commits[localhost_10000:c-1]
2019-09-26 14:06:57,374 INFO  client.GrpcClientProtocolService (GrpcClientProtocolService.java:lambda$processClientRequest$0(278)) - Failed RaftClientRequest:client-FBD57F74AF91->localhost_10002@group-FF371CEDE24F, cid=42, seq=0, RW, Message:321f0a0f0a0d74657374...(size=33), reply=RaftClientReply:client-FBD57F74AF91->localhost_10002@group-FF371CEDE24F, cid=42, FAILED org.apache.ratis.protocol.NotLeaderException: Server localhost_10002@group-FF371CEDE24F is not the leader, logIndex=0, commits[localhost_10002:c-1]
2019-09-26 14:06:57,377 INFO  client.GrpcClientProtocolService (GrpcClientProtocolService.java:lambda$processClientRequest$0(278)) - Failed RaftClientRequest:client-FBD57F74AF91->localhost_10000@group-FF371CEDE24F, cid=42, seq=0, RW, Message:321f0a0f0a0d74657374...(size=33), reply=RaftClientReply:client-FBD57F74AF91->localhost_10000@group-FF371CEDE24F, cid=42, FAILED org.apache.ratis.protocol.NotLeaderException: Server localhost_10000@group-FF371CEDE24F is not the leader, logIndex=0, commits[localhost_10000:c-1]
2019-09-26 14:06:57,379 INFO  client.GrpcClientProtocolService (GrpcClientProtocolService.java:lambda$processClientRequest$0(278)) - Failed RaftClientRequest:client-FBD57F74AF91->localhost_10002@group-FF371CEDE24F, cid=42, seq=0, RW, Message:321f0a0f0a0d74657374...(size=33), reply=RaftClientReply:client-FBD57F74AF91->localhost_10002@group-FF371CEDE24F, cid=42, FAILED org.apache.ratis.protocol.NotLeaderException: Server localhost_10002@group-FF371CEDE24F is not the leader, logIndex=0, commits[localhost_10002:c-1]
2019-09-26 14:06:57,381 INFO  client.GrpcClientProtocolService (GrpcClientProtocolService.java:lambda$processClientRequest$0(278)) - Failed RaftClientRequest:client-FBD57F74AF91->localhost_10000@group-FF371CEDE24F, cid=42, seq=0, RW, Message:321f0a0f0a0d74657374...(size=33), reply=RaftClientReply:client-FBD57F74AF91->localhost_10000@group-FF371CEDE24F, cid=42, FAILED org.apache.ratis.protocol.NotLeaderException: Server localhost_10000@group-FF371CEDE24F is not the leader, logIndex=0, commits[localhost_10000:c-1]
2019-09-26 14:06:57,383 INFO  client.GrpcClientProtocolService (GrpcClientProtocolService.java:lambda$processClientRequest$0(278)) - Failed RaftClientRequest:client-FBD57F74AF91->localhost_10002@group-FF371CEDE24F, cid=42, seq=0, RW, Message:321f0a0f0a0d74657374...(size=33), reply=RaftClientReply:client-FBD57F74AF91->localhost_10002@group-FF371CEDE24F, cid=42, FAILED org.apache.ratis.protocol.NotLeaderException: Server localhost_10002@group-FF371CEDE24F is not the leader, logIndex=0, commits[localhost_10002:c-1]
2019-09-26 14:06:57,386 INFO  client.GrpcClientProtocolService (GrpcClientProtocolService.java:lambda$processClientRequest$0(278)) - Failed RaftClientRequest:client-FBD57F74AF91->localhost_10000@group-FF371CEDE24F, cid=42, seq=0, RW, Message:321f0a0f0a0d74657374...(size=33), reply=RaftClientReply:client-FBD57F74AF91->localhost_10000@group-FF371CEDE24F, cid=42, FAILED org.apache.ratis.protocol.NotLeaderException: Server localhost_10000@group-FF371CEDE24F is not the leader, logIndex=0, commits[localhost_10000:c-1]
2019-09-26 14:06:57,388 INFO  client.GrpcClientProtocolService (GrpcClientProtocolService.java:lambda$processClientRequest$0(278)) - Failed RaftClientRequest:client-FBD57F74AF91->localhost_10001@group-FF371CEDE24F, cid=42, seq=0, RW, Message:321f0a0f0a0d74657374...(size=33), reply=RaftClientReply:client-FBD57F74AF91->localhost_10001@group-FF371CEDE24F, cid=42, FAILED org.apache.ratis.protocol.NotLeaderException: Server localhost_10001@group-FF371CEDE24F is not the leader, logIndex=0, commits[localhost_10001:c-1]
2019-09-26 14:06:57,391 INFO  client.GrpcClientProtocolService (GrpcClientProtocolService.java:lambda$processClientRequest$0(278)) - Failed RaftClientRequest:client-FBD57F74AF91->localhost_10002@group-FF371CEDE24F, cid=42, seq=0, RW, Message:321f0a0f0a0d74657374...(size=33), reply=RaftClientReply:client-FBD57F74AF91->localhost_10002@group-FF371CEDE24F, cid=42, FAILED org.apache.ratis.protocol.NotLeaderException: Server localhost_10002@group-FF371CEDE24F is not the leader, logIndex=0, commits[localhost_10002:c-1]
2019-09-26 14:06:57,393 INFO  client.GrpcClientProtocolService (GrpcClientProtocolService.java:lambda$processClientRequest$0(278)) - Failed RaftClientRequest:client-FBD57F74AF91->localhost_10000@group-FF371CEDE24F, cid=42, seq=0, RW, Message:321f0a0f0a0d74657374...(size=33), reply=RaftClientReply:client-FBD57F74AF91->localhost_10000@group-FF371CEDE24F, cid=42, FAILED org.apache.ratis.protocol.NotLeaderException: Server localhost_10000@group-FF371CEDE24F is not the leader, logIndex=0, commits[localhost_10000:c-1]
2019-09-26 14:06:57,395 INFO  client.GrpcClientProtocolService (GrpcClientProtocolService.java:lambda$processClientRequest$0(278)) - Failed RaftClientRequest:client-FBD57F74AF91->localhost_10001@group-FF371CEDE24F, cid=42, seq=0, RW, Message:321f0a0f0a0d74657374...(size=33), reply=RaftClientReply:client-FBD57F74AF91->localhost_10001@group-FF371CEDE24F, cid=42, FAILED org.apache.ratis.protocol.NotLeaderException: Server localhost_10001@group-FF371CEDE24F is not the leader, logIndex=0, commits[localhost_10001:c-1]
2019-09-26 14:06:57,398 INFO  client.GrpcClientProtocolService (GrpcClientProtocolService.java:lambda$processClientRequest$0(278)) - Failed RaftClientRequest:client-FBD57F74AF91->localhost_10000@group-FF371CEDE24F, cid=42, seq=0, RW, Message:321f0a0f0a0d74657374...(size=33), reply=RaftClientReply:client-FBD57F74AF91->localhost_10000@group-FF371CEDE24F, cid=42, FAILED org.apache.ratis.protocol.NotLeaderException: Server localhost_10000@group-FF371CEDE24F is not the leader, logIndex=0, commits[localhost_10000:c-1]
2019-09-26 14:06:57,400 INFO  client.GrpcClientProtocolService (GrpcClientProtocolService.java:lambda$processClientRequest$0(278)) - Failed RaftClientRequest:client-FBD57F74AF91->localhost_10001@group-FF371CEDE24F, cid=42, seq=0, RW, Message:321f0a0f0a0d74657374...(size=33), reply=RaftClientReply:client-FBD57F74AF91->localhost_10001@group-FF371CEDE24F, cid=42, FAILED org.apache.ratis.protocol.NotLeaderException: Server localhost_10001@group-FF371CEDE24F is not the leader, logIndex=0, commits[localhost_10001:c-1]
2019-09-26 14:06:57,402 INFO  client.GrpcClientProtocolService (GrpcClientProtocolService.java:lambda$processClientRequest$0(278)) - Failed RaftClientRequest:client-FBD57F74AF91->localhost_10000@group-FF371CEDE24F, cid=42, seq=0, RW, Message:321f0a0f0a0d74657374...(size=33), reply=RaftClientReply:client-FBD57F74AF91->localhost_10000@group-FF371CEDE24F, cid=42, FAILED org.apache.ratis.protocol.NotLeaderException: Server localhost_10000@group-FF371CEDE24F is not the leader, logIndex=0, commits[localhost_10000:c-1]
2019-09-26 14:06:57,404 INFO  client.GrpcClientProtocolService (GrpcClientProtocolService.java:lambda$processClientRequest$0(278)) - Failed RaftClientRequest:client-FBD57F74AF91->localhost_10001@group-FF371CEDE24F, cid=42, seq=0, RW, Message:321f0a0f0a0d74657374...(size=33), reply=RaftClientReply:client-FBD57F74AF91->localhost_10001@group-FF371CEDE24F, cid=42, FAILED org.apache.ratis.protocol.NotLeaderException: Server localhost_10001@group-FF371CEDE24F is not the leader, logIndex=0, commits[localhost_10001:c-1]
2019-09-26 14:06:57,406 INFO  client.GrpcClientProtocolService (GrpcClientProtocolService.java:lambda$processClientRequest$0(278)) - Failed RaftClientRequest:client-FBD57F74AF91->localhost_10000@group-FF371CEDE24F, cid=42, seq=0, RW, Message:321f0a0f0a0d74657374...(size=33), reply=RaftClientReply:client-FBD57F74AF91->localhost_10000@group-FF371CEDE24F, cid=42, FAILED org.apache.ratis.protocol.NotLeaderException: Server localhost_10000@group-FF371CEDE24F is not the leader, logIndex=0, commits[localhost_10000:c-1]
2019-09-26 14:06:57,409 INFO  client.GrpcClientProtocolService (GrpcClientProtocolService.java:lambda$processClientRequest$0(278)) - Failed RaftClientRequest:client-FBD57F74AF91->localhost_10002@group-FF371CEDE24F, cid=42, seq=0, RW, Message:321f0a0f0a0d74657374...(size=33), reply=RaftClientReply:client-FBD57F74AF91->localhost_10002@group-FF371CEDE24F, cid=42, FAILED org.apache.ratis.protocol.NotLeaderException: Server localhost_10002@group-FF371CEDE24F is not the leader, logIndex=0, commits[localhost_10002:c-1]
2019-09-26 14:06:57,411 INFO  client.GrpcClientProtocolService (GrpcClientProtocolService.java:lambda$processClientRequest$0(278)) - Failed RaftClientRequest:client-FBD57F74AF91->localhost_10001@group-FF371CEDE24F, cid=42, seq=0, RW, Message:321f0a0f0a0d74657374...(size=33), reply=RaftClientReply:client-FBD57F74AF91->localhost_10001@group-FF371CEDE24F, cid=42, FAILED org.apache.ratis.protocol.NotLeaderException: Server localhost_10001@group-FF371CEDE24F is not the leader, logIndex=0, commits[localhost_10001:c-1]
2019-09-26 14:06:57,413 INFO  client.GrpcClientProtocolService (GrpcClientProtocolService.java:lambda$processClientRequest$0(278)) - Failed RaftClientRequest:client-FBD57F74AF91->localhost_10000@group-FF371CEDE24F, cid=42, seq=0, RW, Message:321f0a0f0a0d74657374...(size=33), reply=RaftClientReply:client-FBD57F74AF91->localhost_10000@group-FF371CEDE24F, cid=42, FAILED org.apache.ratis.protocol.NotLeaderException: Server localhost_10000@group-FF371CEDE24F is not the leader, logIndex=0, commits[localhost_10000:c-1]
2019-09-26 14:06:57,415 INFO  client.GrpcClientProtocolService (GrpcClientProtocolService.java:lambda$processClientRequest$0(278)) - Failed RaftClientRequest:client-FBD57F74AF91->localhost_10001@group-FF371CEDE24F, cid=42, seq=0, RW, Message:321f0a0f0a0d74657374...(size=33), reply=RaftClientReply:client-FBD57F74AF91->localhost_10001@group-FF371CEDE24F, cid=42, FAILED org.apache.ratis.protocol.NotLeaderException: Server localhost_10001@group-FF371CEDE24F is not the leader, logIndex=0, commits[localhost_10001:c-1]
2019-09-26 14:06:57,417 INFO  client.GrpcClientProtocolService (GrpcClientProtocolService.java:lambda$processClientRequest$0(278)) - Failed RaftClientRequest:client-FBD57F74AF91->localhost_10000@group-FF371CEDE24F, cid=42, seq=0, RW, Message:321f0a0f0a0d74657374...(size=33), reply=RaftClientReply:client-FBD57F74AF91->localhost_10000@group-FF371CEDE24F, cid=42, FAILED org.apache.ratis.protocol.NotLeaderException: Server localhost_10000@group-FF371CEDE24F is not the leader, logIndex=0, commits[localhost_10000:c-1]
2019-09-26 14:06:57,419 INFO  client.GrpcClientProtocolService (GrpcClientProtocolService.java:lambda$processClientRequest$0(278)) - Failed RaftClientRequest:client-FBD57F74AF91->localhost_10001@group-FF371CEDE24F, cid=42, seq=0, RW, Message:321f0a0f0a0d74657374...(size=33), reply=RaftClientReply:client-FBD57F74AF91->localhost_10001@group-FF371CEDE24F, cid=42, FAILED org.apache.ratis.protocol.NotLeaderException: Server localhost_10001@group-FF371CEDE24F is not the leader, logIndex=0, commits[localhost_10001:c-1]
2019-09-26 14:06:57,421 INFO  client.GrpcClientProtocolService (GrpcClientProtocolService.java:lambda$processClientRequest$0(278)) - Failed RaftClientRequest:client-FBD57F74AF91->localhost_10000@group-FF371CEDE24F, cid=42, seq=0, RW, Message:321f0a0f0a0d74657374...(size=33), reply=RaftClientReply:client-FBD57F74AF91->localhost_10000@group-FF371CEDE24F, cid=42, FAILED org.apache.ratis.protocol.NotLeaderException: Server localhost_10000@group-FF371CEDE24F is not the leader, logIndex=0, commits[localhost_10000:c-1]
2019-09-26 14:06:57,423 INFO  client.GrpcClientProtocolService (GrpcClientProtocolService.java:lambda$processClientRequest$0(278)) - Failed RaftClientRequest:client-FBD57F74AF91->localhost_10001@group-FF371CEDE24F, cid=42, seq=0, RW, Message:321f0a0f0a0d74657374...(size=33), reply=RaftClientReply:client-FBD57F74AF91->localhost_10001@group-FF371CEDE24F, cid=42, FAILED org.apache.ratis.protocol.NotLeaderException: Server localhost_10001@group-FF371CEDE24F is not the leader, logIndex=0, commits[localhost_10001:c-1]
2019-09-26 14:06:57,425 INFO  client.GrpcClientProtocolService (GrpcClientProtocolService.java:lambda$processClientRequest$0(278)) - Failed RaftClientRequest:client-FBD57F74AF91->localhost_10000@group-FF371CEDE24F, cid=42, seq=0, RW, Message:321f0a0f0a0d74657374...(size=33), reply=RaftClientReply:client-FBD57F74AF91->localhost_10000@group-FF371CEDE24F, cid=42, FAILED org.apache.ratis.protocol.NotLeaderException: Server localhost_10000@group-FF371CEDE24F is not the leader, logIndex=0, commits[localhost_10000:c-1]
2019-09-26 14:06:57,427 INFO  client.GrpcClientProtocolService (GrpcClientProtocolService.java:lambda$processClientRequest$0(278)) - Failed RaftClientRequest:client-FBD57F74AF91->localhost_10001@group-FF371CEDE24F, cid=42, seq=0, RW, Message:321f0a0f0a0d74657374...(size=33), reply=RaftClientReply:client-FBD57F74AF91->localhost_10001@group-FF371CEDE24F, cid=42, FAILED org.apache.ratis.protocol.NotLeaderException: Server localhost_10001@group-FF371CEDE24F is not the leader, logIndex=0, commits[localhost_10001:c-1]
2019-09-26 14:06:57,429 INFO  client.GrpcClientProtocolService (GrpcClientProtocolService.java:lambda$processClientRequest$0(278)) - Failed RaftClientRequest:client-FBD57F74AF91->localhost_10002@group-FF371CEDE24F, cid=42, seq=0, RW, Message:321f0a0f0a0d74657374...(size=33), reply=RaftClientReply:client-FBD57F74AF91->localhost_10002@group-FF371CEDE24F, cid=42, FAILED org.apache.ratis.protocol.NotLeaderException: Server localhost_10002@group-FF371CEDE24F is not the leader, logIndex=0, commits[localhost_10002:c-1]
2019-09-26 14:06:57,431 INFO  client.GrpcClientProtocolService (GrpcClientProtocolService.java:lambda$processClientRequest$0(278)) - Failed RaftClientRequest:client-FBD57F74AF91->localhost_10001@group-FF371CEDE24F, cid=42, seq=0, RW, Message:321f0a0f0a0d74657374...(size=33), reply=RaftClientReply:client-FBD57F74AF91->localhost_10001@group-FF371CEDE24F, cid=42, FAILED org.apache.ratis.protocol.NotLeaderException: Server localhost_10001@group-FF371CEDE24F is not the leader, logIndex=0, commits[localhost_10001:c-1]
2019-09-26 14:06:57,433 INFO  client.GrpcClientProtocolService (GrpcClientProtocolService.java:lambda$processClientRequest$0(278)) - Failed RaftClientRequest:client-FBD57F74AF91->localhost_10000@group-FF371CEDE24F, cid=42, seq=0, RW, Message:321f0a0f0a0d74657374...(size=33), reply=RaftClientReply:client-FBD57F74AF91->localhost_10000@group-FF371CEDE24F, cid=42, FAILED org.apache.ratis.protocol.NotLeaderException: Server localhost_10000@group-FF371CEDE24F is not the leader, logIndex=0, commits[localhost_10000:c-1]
2019-09-26 14:06:57,435 INFO  client.GrpcClientProtocolService (GrpcClientProtocolService.java:lambda$processClientRequest$0(278)) - Failed RaftClientRequest:client-FBD57F74AF91->localhost_10001@group-FF371CEDE24F, cid=42, seq=0, RW, Message:321f0a0f0a0d74657374...(size=33), reply=RaftClientReply:client-FBD57F74AF91->localhost_10001@group-FF371CEDE24F, cid=42, FAILED org.apache.ratis.protocol.NotLeaderException: Server localhost_10001@group-FF371CEDE24F is not the leader, logIndex=0, commits[localhost_10001:c-1]
2019-09-26 14:06:57,437 INFO  client.GrpcClientProtocolService (GrpcClientProtocolService.java:lambda$processClientRequest$0(278)) - Failed RaftClientRequest:client-FBD57F74AF91->localhost_10000@group-FF371CEDE24F, cid=42, seq=0, RW, Message:321f0a0f0a0d74657374...(size=33), reply=RaftClientReply:client-FBD57F74AF91->localhost_10000@group-FF371CEDE24F, cid=42, FAILED org.apache.ratis.protocol.NotLeaderException: Server localhost_10000@group-FF371CEDE24F is not the leader, logIndex=0, commits[localhost_10000:c-1]
2019-09-26 14:06:57,439 INFO  client.GrpcClientProtocolService (GrpcClientProtocolService.java:lambda$processClientRequest$0(278)) - Failed RaftClientRequest:client-FBD57F74AF91->localhost_10002@group-FF371CEDE24F, cid=42, seq=0, RW, Message:321f0a0f0a0d74657374...(size=33), reply=RaftClientReply:client-FBD57F74AF91->localhost_10002@group-FF371CEDE24F, cid=42, FAILED org.apache.ratis.protocol.NotLeaderException: Server localhost_10002@group-FF371CEDE24F is not the leader, logIndex=0, commits[localhost_10002:c-1]
2019-09-26 14:06:57,441 INFO  client.GrpcClientProtocolService (GrpcClientProtocolService.java:lambda$processClientRequest$0(278)) - Failed RaftClientRequest:client-FBD57F74AF91->localhost_10001@group-FF371CEDE24F, cid=42, seq=0, RW, Message:321f0a0f0a0d74657374...(size=33), reply=RaftClientReply:client-FBD57F74AF91->localhost_10001@group-FF371CEDE24F, cid=42, FAILED org.apache.ratis.protocol.NotLeaderException: Server localhost_10001@group-FF371CEDE24F is not the leader, logIndex=0, commits[localhost_10001:c-1]
2019-09-26 14:06:57,443 INFO  client.GrpcClientProtocolService (GrpcClientProtocolService.java:lambda$processClientRequest$0(278)) - Failed RaftClientRequest:client-FBD57F74AF91->localhost_10000@group-FF371CEDE24F, cid=42, seq=0, RW, Message:321f0a0f0a0d74657374...(size=33), reply=RaftClientReply:client-FBD57F74AF91->localhost_10000@group-FF371CEDE24F, cid=42, FAILED org.apache.ratis.protocol.NotLeaderException: Server localhost_10000@group-FF371CEDE24F is not the leader, logIndex=0, commits[localhost_10000:c-1]
2019-09-26 14:06:57,445 INFO  client.GrpcClientProtocolService (GrpcClientProtocolService.java:lambda$processClientRequest$0(278)) - Failed RaftClientRequest:client-FBD57F74AF91->localhost_10001@group-FF371CEDE24F, cid=42, seq=0, RW, Message:321f0a0f0a0d74657374...(size=33), reply=RaftClientReply:client-FBD57F74AF91->localhost_10001@group-FF371CEDE24F, cid=42, FAILED org.apache.ratis.protocol.NotLeaderException: Server localhost_10001@group-FF371CEDE24F is not the leader, logIndex=0, commits[localhost_10001:c-1]
2019-09-26 14:06:57,447 INFO  client.GrpcClientProtocolService (GrpcClientProtocolService.java:lambda$processClientRequest$0(278)) - Failed RaftClientRequest:client-FBD57F74AF91->localhost_10000@group-FF371CEDE24F, cid=42, seq=0, RW, Message:321f0a0f0a0d74657374...(size=33), reply=RaftClientReply:client-FBD57F74AF91->localhost_10000@group-FF371CEDE24F, cid=42, FAILED org.apache.ratis.protocol.NotLeaderException: Server localhost_10000@group-FF371CEDE24F is not the leader, logIndex=0, commits[localhost_10000:c-1]
2019-09-26 14:06:57,449 INFO  client.GrpcClientProtocolService (GrpcClientProtocolService.java:lambda$processClientRequest$0(278)) - Failed RaftClientRequest:client-FBD57F74AF91->localhost_10002@group-FF371CEDE24F, cid=42, seq=0, RW, Message:321f0a0f0a0d74657374...(size=33), reply=RaftClientReply:client-FBD57F74AF91->localhost_10002@group-FF371CEDE24F, cid=42, FAILED org.apache.ratis.protocol.NotLeaderException: Server localhost_10002@group-FF371CEDE24F is not the leader, logIndex=0, commits[localhost_10002:c-1]
2019-09-26 14:06:57,451 INFO  client.GrpcClientProtocolService (GrpcClientProtocolService.java:lambda$processClientRequest$0(278)) - Failed RaftClientRequest:client-FBD57F74AF91->localhost_10001@group-FF371CEDE24F, cid=42, seq=0, RW, Message:321f0a0f0a0d74657374...(size=33), reply=RaftClientReply:client-FBD57F74AF91->localhost_10001@group-FF371CEDE24F, cid=42, FAILED org.apache.ratis.protocol.NotLeaderException: Server localhost_10001@group-FF371CEDE24F is not the leader, logIndex=0, commits[localhost_10001:c-1]
2019-09-26 14:06:57,453 INFO  client.GrpcClientProtocolService (GrpcClientProtocolService.java:lambda$processClientRequest$0(278)) - Failed RaftClientRequest:client-FBD57F74AF91->localhost_10002@group-FF371CEDE24F, cid=42, seq=0, RW, Message:321f0a0f0a0d74657374...(size=33), reply=RaftClientReply:client-FBD57F74AF91->localhost_10002@group-FF371CEDE24F, cid=42, FAILED org.apache.ratis.protocol.NotLeaderException: Server localhost_10002@group-FF371CEDE24F is not the leader, logIndex=0, commits[localhost_10002:c-1]
2019-09-26 14:06:57,455 INFO  client.GrpcClientProtocolService (GrpcClientProtocolService.java:lambda$processClientRequest$0(278)) - Failed RaftClientRequest:client-FBD57F74AF91->localhost_10000@group-FF371CEDE24F, cid=42, seq=0, RW, Message:321f0a0f0a0d74657374...(size=33), reply=RaftClientReply:client-FBD57F74AF91->localhost_10000@group-FF371CEDE24F, cid=42, FAILED org.apache.ratis.protocol.NotLeaderException: Server localhost_10000@group-FF371CEDE24F is not the leader, logIndex=0, commits[localhost_10000:c-1]
2019-09-26 14:06:57,458 INFO  client.GrpcClientProtocolService (GrpcClientProtocolService.java:lambda$processClientRequest$0(278)) - Failed RaftClientRequest:client-FBD57F74AF91->localhost_10002@group-FF371CEDE24F, cid=42, seq=0, RW, Message:321f0a0f0a0d74657374...(size=33), reply=RaftClientReply:client-FBD57F74AF91->localhost_10002@group-FF371CEDE24F, cid=42, FAILED org.apache.ratis.protocol.NotLeaderException: Server localhost_10002@group-FF371CEDE24F is not the leader, logIndex=0, commits[localhost_10002:c-1]
2019-09-26 14:06:57,460 INFO  client.GrpcClientProtocolService (GrpcClientProtocolService.java:lambda$processClientRequest$0(278)) - Failed RaftClientRequest:client-FBD57F74AF91->localhost_10001@group-FF371CEDE24F, cid=42, seq=0, RW, Message:321f0a0f0a0d74657374...(size=33), reply=RaftClientReply:client-FBD57F74AF91->localhost_10001@group-FF371CEDE24F, cid=42, FAILED org.apache.ratis.protocol.NotLeaderException: Server localhost_10001@group-FF371CEDE24F is not the leader, logIndex=0, commits[localhost_10001:c-1]
2019-09-26 14:06:57,463 INFO  client.GrpcClientProtocolService (GrpcClientProtocolService.java:lambda$processClientRequest$0(278)) - Failed RaftClientRequest:client-FBD57F74AF91->localhost_10002@group-FF371CEDE24F, cid=42, seq=0, RW, Message:321f0a0f0a0d74657374...(size=33), reply=RaftClientReply:client-FBD57F74AF91->localhost_10002@group-FF371CEDE24F, cid=42, FAILED org.apache.ratis.protocol.NotLeaderException: Server localhost_10002@group-FF371CEDE24F is not the leader, logIndex=0, commits[localhost_10002:c-1]
2019-09-26 14:06:57,465 INFO  client.GrpcClientProtocolService (GrpcClientProtocolService.java:lambda$processClientRequest$0(278)) - Failed RaftClientRequest:client-FBD57F74AF91->localhost_10001@group-FF371CEDE24F, cid=42, seq=0, RW, Message:321f0a0f0a0d74657374...(size=33), reply=RaftClientReply:client-FBD57F74AF91->localhost_10001@group-FF371CEDE24F, cid=42, FAILED org.apache.ratis.protocol.NotLeaderException: Server localhost_10001@group-FF371CEDE24F is not the leader, logIndex=0, commits[localhost_10001:c-1]
2019-09-26 14:06:57,468 INFO  client.GrpcClientProtocolService (GrpcClientProtocolService.java:lambda$processClientRequest$0(278)) - Failed RaftClientRequest:client-FBD57F74AF91->localhost_10000@group-FF371CEDE24F, cid=42, seq=0, RW, Message:321f0a0f0a0d74657374...(size=33), reply=RaftClientReply:client-FBD57F74AF91->localhost_10000@group-FF371CEDE24F, cid=42, FAILED org.apache.ratis.protocol.NotLeaderException: Server localhost_10000@group-FF371CEDE24F is not the leader, logIndex=0, commits[localhost_10000:c-1]
2019-09-26 14:06:57,470 INFO  client.GrpcClientProtocolService (GrpcClientProtocolService.java:lambda$processClientRequest$0(278)) - Failed RaftClientRequest:client-FBD57F74AF91->localhost_10002@group-FF371CEDE24F, cid=42, seq=0, RW, Message:321f0a0f0a0d74657374...(size=33), reply=RaftClientReply:client-FBD57F74AF91->localhost_10002@group-FF371CEDE24F, cid=42, FAILED org.apache.ratis.protocol.NotLeaderException: Server localhost_10002@group-FF371CEDE24F is not the leader, logIndex=0, commits[localhost_10002:c-1]
2019-09-26 14:06:57,470 INFO  impl.FollowerState (FollowerState.java:run(108)) - localhost_10002@group-16DB6C54761C-FollowerState: change to CANDIDATE, lastRpcTime:1008ms, electionTimeout:1008ms
2019-09-26 14:06:57,470 INFO  impl.RoleInfo (RoleInfo.java:shutdownFollowerState(121)) - localhost_10002: shutdown FollowerState
2019-09-26 14:06:57,470 INFO  impl.RaftServerImpl (RaftServerImpl.java:setRole(170)) - localhost_10002@group-16DB6C54761C: changes role from  FOLLOWER to CANDIDATE at term 0 for changeToCandidate
2019-09-26 14:06:57,471 INFO  impl.RoleInfo (RoleInfo.java:updateAndGet(143)) - localhost_10002: start LeaderElection
2019-09-26 14:06:57,474 INFO  client.GrpcClientProtocolService (GrpcClientProtocolService.java:lambda$processClientRequest$0(278)) - Failed RaftClientRequest:client-FBD57F74AF91->localhost_10000@group-FF371CEDE24F, cid=42, seq=0, RW, Message:321f0a0f0a0d74657374...(size=33), reply=RaftClientReply:client-FBD57F74AF91->localhost_10000@group-FF371CEDE24F, cid=42, FAILED org.apache.ratis.protocol.NotLeaderException: Server localhost_10000@group-FF371CEDE24F is not the leader, logIndex=0, commits[localhost_10000:c-1]
2019-09-26 14:06:57,476 INFO  client.GrpcClientProtocolService (GrpcClientProtocolService.java:lambda$processClientRequest$0(278)) - Failed RaftClientRequest:client-FBD57F74AF91->localhost_10001@group-FF371CEDE24F, cid=42, seq=0, RW, Message:321f0a0f0a0d74657374...(size=33), reply=RaftClientReply:client-FBD57F74AF91->localhost_10001@group-FF371CEDE24F, cid=42, FAILED org.apache.ratis.protocol.NotLeaderException: Server localhost_10001@group-FF371CEDE24F is not the leader, logIndex=0, commits[localhost_10001:c-1]
2019-09-26 14:06:57,478 INFO  client.GrpcClientProtocolService (GrpcClientProtocolService.java:lambda$processClientRequest$0(278)) - Failed RaftClientRequest:client-FBD57F74AF91->localhost_10000@group-FF371CEDE24F, cid=42, seq=0, RW, Message:321f0a0f0a0d74657374...(size=33), reply=RaftClientReply:client-FBD57F74AF91->localhost_10000@group-FF371CEDE24F, cid=42, FAILED org.apache.ratis.protocol.NotLeaderException: Server localhost_10000@group-FF371CEDE24F is not the leader, logIndex=0, commits[localhost_10000:c-1]
2019-09-26 14:06:57,480 INFO  client.GrpcClientProtocolService (GrpcClientProtocolService.java:lambda$processClientRequest$0(278)) - Failed RaftClientRequest:client-FBD57F74AF91->localhost_10001@group-FF371CEDE24F, cid=42, seq=0, RW, Message:321f0a0f0a0d74657374...(size=33), reply=RaftClientReply:client-FBD57F74AF91->localhost_10001@group-FF371CEDE24F, cid=42, FAILED org.apache.ratis.protocol.NotLeaderException: Server localhost_10001@group-FF371CEDE24F is not the leader, logIndex=0, commits[localhost_10001:c-1]
2019-09-26 14:06:57,483 INFO  client.GrpcClientProtocolService (GrpcClientProtocolService.java:lambda$processClientRequest$0(278)) - Failed RaftClientRequest:client-FBD57F74AF91->localhost_10000@group-FF371CEDE24F, cid=42, seq=0, RW, Message:321f0a0f0a0d74657374...(size=33), reply=RaftClientReply:client-FBD57F74AF91->localhost_10000@group-FF371CEDE24F, cid=42, FAILED org.apache.ratis.protocol.NotLeaderException: Server localhost_10000@group-FF371CEDE24F is not the leader, logIndex=0, commits[localhost_10000:c-1]
2019-09-26 14:06:57,486 INFO  client.GrpcClientProtocolService (GrpcClientProtocolService.java:lambda$processClientRequest$0(278)) - Failed RaftClientRequest:client-FBD57F74AF91->localhost_10001@group-FF371CEDE24F, cid=42, seq=0, RW, Message:321f0a0f0a0d74657374...(size=33), reply=RaftClientReply:client-FBD57F74AF91->localhost_10001@group-FF371CEDE24F, cid=42, FAILED org.apache.ratis.protocol.NotLeaderException: Server localhost_10001@group-FF371CEDE24F is not the leader, logIndex=0, commits[localhost_10001:c-1]
2019-09-26 14:06:57,486 INFO  impl.LeaderElection (LeaderElection.java:askForVotes(178)) - localhost_10002@group-16DB6C54761C-LeaderElection6: begin an election at term 1 for -1: [localhost_10002:localhost:10002, localhost_10001:localhost:10001, localhost_10000:localhost:10000], old=null
2019-09-26 14:06:57,488 INFO  client.GrpcClientProtocolService (GrpcClientProtocolService.java:lambda$processClientRequest$0(278)) - Failed RaftClientRequest:client-FBD57F74AF91->localhost_10002@group-FF371CEDE24F, cid=42, seq=0, RW, Message:321f0a0f0a0d74657374...(size=33), reply=RaftClientReply:client-FBD57F74AF91->localhost_10002@group-FF371CEDE24F, cid=42, FAILED org.apache.ratis.protocol.NotLeaderException: Server localhost_10002@group-FF371CEDE24F is not the leader, logIndex=0, commits[localhost_10002:c-1]
2019-09-26 14:06:57,489 INFO  impl.RaftServerImpl (RaftServerImpl.java:setRole(170)) - localhost_10001@group-16DB6C54761C: changes role from  FOLLOWER to FOLLOWER at term 1 for recognizeCandidate:localhost_10002
2019-09-26 14:06:57,490 INFO  impl.RaftServerImpl (RaftServerImpl.java:setRole(170)) - localhost_10000@group-16DB6C54761C: changes role from  FOLLOWER to FOLLOWER at term 1 for recognizeCandidate:localhost_10002
2019-09-26 14:06:57,490 INFO  impl.RoleInfo (RoleInfo.java:shutdownFollowerState(121)) - localhost_10001: shutdown FollowerState
2019-09-26 14:06:57,490 INFO  impl.RoleInfo (RoleInfo.java:shutdownFollowerState(121)) - localhost_10000: shutdown FollowerState
2019-09-26 14:06:57,490 INFO  impl.RoleInfo (RoleInfo.java:updateAndGet(143)) - localhost_10001: start FollowerState
2019-09-26 14:06:57,490 INFO  impl.FollowerState (FollowerState.java:run(117)) - localhost_10000@group-16DB6C54761C-FollowerState was interrupted: java.lang.InterruptedException: sleep interrupted
2019-09-26 14:06:57,490 INFO  impl.RoleInfo (RoleInfo.java:updateAndGet(143)) - localhost_10000: start FollowerState
2019-09-26 14:06:57,490 INFO  impl.FollowerState (FollowerState.java:run(117)) - localhost_10001@group-16DB6C54761C-FollowerState was interrupted: java.lang.InterruptedException: sleep interrupted
2019-09-26 14:06:57,492 INFO  client.GrpcClientProtocolService (GrpcClientProtocolService.java:lambda$processClientRequest$0(278)) - Failed RaftClientRequest:client-FBD57F74AF91->localhost_10001@group-FF371CEDE24F, cid=42, seq=0, RW, Message:321f0a0f0a0d74657374...(size=33), reply=RaftClientReply:client-FBD57F74AF91->localhost_10001@group-FF371CEDE24F, cid=42, FAILED org.apache.ratis.protocol.NotLeaderException: Server localhost_10001@group-FF371CEDE24F is not the leader, logIndex=0, commits[localhost_10001:c-1]
2019-09-26 14:06:57,495 INFO  client.GrpcClientProtocolService (GrpcClientProtocolService.java:lambda$processClientRequest$0(278)) - Failed RaftClientRequest:client-FBD57F74AF91->localhost_10000@group-FF371CEDE24F, cid=42, seq=0, RW, Message:321f0a0f0a0d74657374...(size=33), reply=RaftClientReply:client-FBD57F74AF91->localhost_10000@group-FF371CEDE24F, cid=42, FAILED org.apache.ratis.protocol.NotLeaderException: Server localhost_10000@group-FF371CEDE24F is not the leader, logIndex=0, commits[localhost_10000:c-1]
2019-09-26 14:06:57,497 INFO  client.GrpcClientProtocolService (GrpcClientProtocolService.java:lambda$processClientRequest$0(278)) - Failed RaftClientRequest:client-FBD57F74AF91->localhost_10002@group-FF371CEDE24F, cid=42, seq=0, RW, Message:321f0a0f0a0d74657374...(size=33), reply=RaftClientReply:client-FBD57F74AF91->localhost_10002@group-FF371CEDE24F, cid=42, FAILED org.apache.ratis.protocol.NotLeaderException: Server localhost_10002@group-FF371CEDE24F is not the leader, logIndex=0, commits[localhost_10002:c-1]
2019-09-26 14:06:57,499 INFO  impl.LeaderElection (LeaderElection.java:logAndReturn(56)) - localhost_10002@group-16DB6C54761C-LeaderElection6: Election PASSED; received 1 response(s) [localhost_10002<-localhost_10001#0:OK-t1] and 0 exception(s); localhost_10002@group-16DB6C54761C:t1, leader=null, voted=localhost_10002, raftlog=localhost_10002@group-16DB6C54761C-SegmentedRaftLog:OPENED:c-1,f-1,i0, conf=-1: [localhost_10002:localhost:10002, localhost_10001:localhost:10001, localhost_10000:localhost:10000], old=null
2019-09-26 14:06:57,499 INFO  impl.RoleInfo (RoleInfo.java:shutdownLeaderElection(134)) - localhost_10002: shutdown LeaderElection
2019-09-26 14:06:57,500 INFO  impl.RaftServerImpl (RaftServerImpl.java:setRole(170)) - localhost_10002@group-16DB6C54761C: changes role from CANDIDATE to LEADER at term 1 for changeToLeader
2019-09-26 14:06:57,500 INFO  impl.RaftServerImpl (ServerState.java:setLeader(254)) - localhost_10002@group-16DB6C54761C: change Leader from null to localhost_10002 at term 1 for becomeLeader, leader elected after 1046ms
2019-09-26 14:06:57,500 INFO  server.RaftServerConfigKeys (ConfUtils.java:logGet(43)) - raft.server.staging.catchup.gap = 1000 (default)
2019-09-26 14:06:57,500 INFO  server.RaftServerConfigKeys (ConfUtils.java:logGet(43)) - raft.server.rpc.sleep.time = 25ms (default)
2019-09-26 14:06:57,500 INFO  server.RaftServerConfigKeys (ConfUtils.java:logGet(43)) - raft.server.write.element-limit = 4096 (default)
2019-09-26 14:06:57,500 INFO  server.RaftServerConfigKeys (ConfUtils.java:logGet(43)) - raft.server.watch.timeout = 10s (default)
2019-09-26 14:06:57,500 INFO  client.GrpcClientProtocolService (GrpcClientProtocolService.java:lambda$processClientRequest$0(278)) - Failed RaftClientRequest:client-FBD57F74AF91->localhost_10001@group-FF371CEDE24F, cid=42, seq=0, RW, Message:321f0a0f0a0d74657374...(size=33), reply=RaftClientReply:client-FBD57F74AF91->localhost_10001@group-FF371CEDE24F, cid=42, FAILED org.apache.ratis.protocol.NotLeaderException: Server localhost_10001@group-FF371CEDE24F is not the leader, logIndex=0, commits[localhost_10001:c-1]
2019-09-26 14:06:57,500 INFO  server.RaftServerConfigKeys (ConfUtils.java:logGet(43)) - raft.server.watch.timeout.denomination = 1s (default)
2019-09-26 14:06:57,501 INFO  server.RaftServerConfigKeys (ConfUtils.java:logGet(43)) - raft.server.watch.element-limit = 65536 (default)
2019-09-26 14:06:57,503 INFO  client.GrpcClientProtocolService (GrpcClientProtocolService.java:lambda$processClientRequest$0(278)) - Failed RaftClientRequest:client-FBD57F74AF91->localhost_10000@group-FF371CEDE24F, cid=42, seq=0, RW, Message:321f0a0f0a0d74657374...(size=33), reply=RaftClientReply:client-FBD57F74AF91->localhost_10000@group-FF371CEDE24F, cid=42, FAILED org.apache.ratis.protocol.NotLeaderException: Server localhost_10000@group-FF371CEDE24F is not the leader, logIndex=0, commits[localhost_10000:c-1]
2019-09-26 14:06:57,503 INFO  server.RaftServerConfigKeys (ConfUtils.java:logGet(43)) - raft.server.log.appender.snapshot.chunk.size.max = 16MB (=16777216) (default)
2019-09-26 14:06:57,504 INFO  server.RaftServerConfigKeys (ConfUtils.java:logGet(43)) - raft.server.log.appender.buffer.byte-limit = 4MB (=4194304) (default)
2019-09-26 14:06:57,504 INFO  server.RaftServerConfigKeys (ConfUtils.java:logGet(43)) - raft.server.log.appender.buffer.element-limit = 0 (default)
2019-09-26 14:06:57,504 INFO  grpc.GrpcConfigKeys$Server (ConfUtils.java:logGet(43)) - raft.grpc.server.leader.outstanding.appends.max = 128 (default)
2019-09-26 14:06:57,504 INFO  server.RaftServerConfigKeys (ConfUtils.java:logGet(43)) - raft.server.rpc.request.timeout = 3000ms (default)
2019-09-26 14:06:57,504 INFO  server.RaftServerConfigKeys (ConfUtils.java:logGet(43)) - raft.server.log.appender.install.snapshot.enabled = true (default)
2019-09-26 14:06:57,504 INFO  server.RaftServerConfigKeys (ConfUtils.java:logGet(43)) - raft.server.log.appender.snapshot.chunk.size.max = 16MB (=16777216) (default)
2019-09-26 14:06:57,505 INFO  client.GrpcClientProtocolService (GrpcClientProtocolService.java:lambda$processClientRequest$0(278)) - Failed RaftClientRequest:client-FBD57F74AF91->localhost_10001@group-FF371CEDE24F, cid=42, seq=0, RW, Message:321f0a0f0a0d74657374...(size=33), reply=RaftClientReply:client-FBD57F74AF91->localhost_10001@group-FF371CEDE24F, cid=42, FAILED org.apache.ratis.protocol.NotLeaderException: Server localhost_10001@group-FF371CEDE24F is not the leader, logIndex=0, commits[localhost_10001:c-1]
2019-09-26 14:06:57,505 INFO  server.RaftServerConfigKeys (ConfUtils.java:logGet(43)) - raft.server.log.appender.buffer.byte-limit = 4MB (=4194304) (default)
2019-09-26 14:06:57,505 INFO  server.RaftServerConfigKeys (ConfUtils.java:logGet(43)) - raft.server.log.appender.buffer.element-limit = 0 (default)
2019-09-26 14:06:57,505 INFO  grpc.GrpcConfigKeys$Server (ConfUtils.java:logGet(43)) - raft.grpc.server.leader.outstanding.appends.max = 128 (default)
2019-09-26 14:06:57,505 INFO  server.RaftServerConfigKeys (ConfUtils.java:logGet(43)) - raft.server.rpc.request.timeout = 3000ms (default)
2019-09-26 14:06:57,505 INFO  server.RaftServerConfigKeys (ConfUtils.java:logGet(43)) - raft.server.log.appender.install.snapshot.enabled = true (default)
2019-09-26 14:06:57,506 INFO  impl.RoleInfo (RoleInfo.java:updateAndGet(143)) - localhost_10002: start LeaderState
2019-09-26 14:06:57,506 INFO  segmented.SegmentedRaftLogWorker (SegmentedRaftLogWorker.java:startLogSegment(380)) - localhost_10002@group-16DB6C54761C-SegmentedRaftLogWorker: Starting segment from index:0
2019-09-26 14:06:57,507 INFO  impl.RaftServerImpl (ServerState.java:setRaftConf(355)) - localhost_10002@group-16DB6C54761C: set configuration 0: [localhost_10002:localhost:10002, localhost_10001:localhost:10001, localhost_10000:localhost:10000], old=null at 0
2019-09-26 14:06:57,508 INFO  client.GrpcClientProtocolService (GrpcClientProtocolService.java:lambda$processClientRequest$0(278)) - Failed RaftClientRequest:client-FBD57F74AF91->localhost_10002@group-FF371CEDE24F, cid=42, seq=0, RW, Message:321f0a0f0a0d74657374...(size=33), reply=RaftClientReply:client-FBD57F74AF91->localhost_10002@group-FF371CEDE24F, cid=42, FAILED org.apache.ratis.protocol.NotLeaderException: Server localhost_10002@group-FF371CEDE24F is not the leader, logIndex=0, commits[localhost_10002:c-1]
2019-09-26 14:06:57,509 INFO  impl.RaftServerImpl (ServerState.java:setLeader(254)) - localhost_10001@group-16DB6C54761C: change Leader from null to localhost_10002 at term 1 for appendEntries, leader elected after 1102ms
2019-09-26 14:06:57,509 INFO  impl.RaftServerImpl (ServerState.java:setLeader(254)) - localhost_10000@group-16DB6C54761C: change Leader from null to localhost_10002 at term 1 for appendEntries, leader elected after 1006ms
2019-09-26 14:06:57,511 INFO  impl.RaftServerImpl (ServerState.java:setRaftConf(355)) - localhost_10001@group-16DB6C54761C: set configuration 0: [localhost_10002:localhost:10002, localhost_10001:localhost:10001, localhost_10000:localhost:10000], old=null at 0
2019-09-26 14:06:57,511 INFO  segmented.SegmentedRaftLogWorker (SegmentedRaftLogWorker.java:startLogSegment(380)) - localhost_10001@group-16DB6C54761C-SegmentedRaftLogWorker: Starting segment from index:0
2019-09-26 14:06:57,511 INFO  impl.RaftServerImpl (ServerState.java:setRaftConf(355)) - localhost_10000@group-16DB6C54761C: set configuration 0: [localhost_10002:localhost:10002, localhost_10001:localhost:10001, localhost_10000:localhost:10000], old=null at 0
2019-09-26 14:06:57,512 INFO  client.GrpcClientProtocolService (GrpcClientProtocolService.java:lambda$processClientRequest$0(278)) - Failed RaftClientRequest:client-FBD57F74AF91->localhost_10001@group-FF371CEDE24F, cid=42, seq=0, RW, Message:321f0a0f0a0d74657374...(size=33), reply=RaftClientReply:client-FBD57F74AF91->localhost_10001@group-FF371CEDE24F, cid=42, FAILED org.apache.ratis.protocol.NotLeaderException: Server localhost_10001@group-FF371CEDE24F is not the leader, logIndex=0, commits[localhost_10001:c-1]
2019-09-26 14:06:57,512 INFO  segmented.SegmentedRaftLogWorker (SegmentedRaftLogWorker.java:startLogSegment(380)) - localhost_10000@group-16DB6C54761C-SegmentedRaftLogWorker: Starting segment from index:0
2019-09-26 14:06:57,514 INFO  client.GrpcClientProtocolService (GrpcClientProtocolService.java:lambda$processClientRequest$0(278)) - Failed RaftClientRequest:client-FBD57F74AF91->localhost_10002@group-FF371CEDE24F, cid=42, seq=0, RW, Message:321f0a0f0a0d74657374...(size=33), reply=RaftClientReply:client-FBD57F74AF91->localhost_10002@group-FF371CEDE24F, cid=42, FAILED org.apache.ratis.protocol.NotLeaderException: Server localhost_10002@group-FF371CEDE24F is not the leader, logIndex=0, commits[localhost_10002:c-1]
2019-09-26 14:06:57,516 INFO  client.GrpcClientProtocolService (GrpcClientProtocolService.java:lambda$processClientRequest$0(278)) - Failed RaftClientRequest:client-FBD57F74AF91->localhost_10000@group-FF371CEDE24F, cid=42, seq=0, RW, Message:321f0a0f0a0d74657374...(size=33), reply=RaftClientReply:client-FBD57F74AF91->localhost_10000@group-FF371CEDE24F, cid=42, FAILED org.apache.ratis.protocol.NotLeaderException: Server localhost_10000@group-FF371CEDE24F is not the leader, logIndex=0, commits[localhost_10000:c-1]
2019-09-26 14:06:57,519 INFO  client.GrpcClientProtocolService (GrpcClientProtocolService.java:lambda$processClientRequest$0(278)) - Failed RaftClientRequest:client-FBD57F74AF91->localhost_10002@group-FF371CEDE24F, cid=42, seq=0, RW, Message:321f0a0f0a0d74657374...(size=33), reply=RaftClientReply:client-FBD57F74AF91->localhost_10002@group-FF371CEDE24F, cid=42, FAILED org.apache.ratis.protocol.NotLeaderException: Server localhost_10002@group-FF371CEDE24F is not the leader, logIndex=0, commits[localhost_10002:c-1]
2019-09-26 14:06:57,521 INFO  client.GrpcClientProtocolService (GrpcClientProtocolService.java:lambda$processClientRequest$0(278)) - Failed RaftClientRequest:client-FBD57F74AF91->localhost_10001@group-FF371CEDE24F, cid=42, seq=0, RW, Message:321f0a0f0a0d74657374...(size=33), reply=RaftClientReply:client-FBD57F74AF91->localhost_10001@group-FF371CEDE24F, cid=42, FAILED org.apache.ratis.protocol.NotLeaderException: Server localhost_10001@group-FF371CEDE24F is not the leader, logIndex=0, commits[localhost_10001:c-1]
2019-09-26 14:06:57,523 INFO  client.GrpcClientProtocolService (GrpcClientProtocolService.java:lambda$processClientRequest$0(278)) - Failed RaftClientRequest:client-FBD57F74AF91->localhost_10000@group-FF371CEDE24F, cid=42, seq=0, RW, Message:321f0a0f0a0d74657374...(size=33), reply=RaftClientReply:client-FBD57F74AF91->localhost_10000@group-FF371CEDE24F, cid=42, FAILED org.apache.ratis.protocol.NotLeaderException: Server localhost_10000@group-FF371CEDE24F is not the leader, logIndex=0, commits[localhost_10000:c-1]
2019-09-26 14:06:57,525 INFO  client.GrpcClientProtocolService (GrpcClientProtocolService.java:lambda$processClientRequest$0(278)) - Failed RaftClientRequest:client-FBD57F74AF91->localhost_10002@group-FF371CEDE24F, cid=42, seq=0, RW, Message:321f0a0f0a0d74657374...(size=33), reply=RaftClientReply:client-FBD57F74AF91->localhost_10002@group-FF371CEDE24F, cid=42, FAILED org.apache.ratis.protocol.NotLeaderException: Server localhost_10002@group-FF371CEDE24F is not the leader, logIndex=0, commits[localhost_10002:c-1]
2019-09-26 14:06:57,528 INFO  client.GrpcClientProtocolService (GrpcClientProtocolService.java:lambda$processClientRequest$0(278)) - Failed RaftClientRequest:client-FBD57F74AF91->localhost_10001@group-FF371CEDE24F, cid=42, seq=0, RW, Message:321f0a0f0a0d74657374...(size=33), reply=RaftClientReply:client-FBD57F74AF91->localhost_10001@group-FF371CEDE24F, cid=42, FAILED org.apache.ratis.protocol.NotLeaderException: Server localhost_10001@group-FF371CEDE24F is not the leader, logIndex=0, commits[localhost_10001:c-1]
2019-09-26 14:06:57,530 INFO  client.GrpcClientProtocolService (GrpcClientProtocolService.java:lambda$processClientRequest$0(278)) - Failed RaftClientRequest:client-FBD57F74AF91->localhost_10002@group-FF371CEDE24F, cid=42, seq=0, RW, Message:321f0a0f0a0d74657374...(size=33), reply=RaftClientReply:client-FBD57F74AF91->localhost_10002@group-FF371CEDE24F, cid=42, FAILED org.apache.ratis.protocol.NotLeaderException: Server localhost_10002@group-FF371CEDE24F is not the leader, logIndex=0, commits[localhost_10002:c-1]
2019-09-26 14:06:57,532 INFO  client.GrpcClientProtocolService (GrpcClientProtocolService.java:lambda$processClientRequest$0(278)) - Failed RaftClientRequest:client-FBD57F74AF91->localhost_10001@group-FF371CEDE24F, cid=42, seq=0, RW, Message:321f0a0f0a0d74657374...(size=33), reply=RaftClientReply:client-FBD57F74AF91->localhost_10001@group-FF371CEDE24F, cid=42, FAILED org.apache.ratis.protocol.NotLeaderException: Server localhost_10001@group-FF371CEDE24F is not the leader, logIndex=0, commits[localhost_10001:c-1]
2019-09-26 14:06:57,534 INFO  client.GrpcClientProtocolService (GrpcClientProtocolService.java:lambda$processClientRequest$0(278)) - Failed RaftClientRequest:client-FBD57F74AF91->localhost_10002@group-FF371CEDE24F, cid=42, seq=0, RW, Message:321f0a0f0a0d74657374...(size=33), reply=RaftClientReply:client-FBD57F74AF91->localhost_10002@group-FF371CEDE24F, cid=42, FAILED org.apache.ratis.protocol.NotLeaderException: Server localhost_10002@group-FF371CEDE24F is not the leader, logIndex=0, commits[localhost_10002:c-1]
2019-09-26 14:06:57,536 INFO  client.GrpcClientProtocolService (GrpcClientProtocolService.java:lambda$processClientRequest$0(278)) - Failed RaftClientRequest:client-FBD57F74AF91->localhost_10001@group-FF371CEDE24F, cid=42, seq=0, RW, Message:321f0a0f0a0d74657374...(size=33), reply=RaftClientReply:client-FBD57F74AF91->localhost_10001@group-FF371CEDE24F, cid=42, FAILED org.apache.ratis.protocol.NotLeaderException: Server localhost_10001@group-FF371CEDE24F is not the leader, logIndex=0, commits[localhost_10001:c-1]
2019-09-26 14:06:57,538 INFO  client.GrpcClientProtocolService (GrpcClientProtocolService.java:lambda$processClientRequest$0(278)) - Failed RaftClientRequest:client-FBD57F74AF91->localhost_10000@group-FF371CEDE24F, cid=42, seq=0, RW, Message:321f0a0f0a0d74657374...(size=33), reply=RaftClientReply:client-FBD57F74AF91->localhost_10000@group-FF371CEDE24F, cid=42, FAILED org.apache.ratis.protocol.NotLeaderException: Server localhost_10000@group-FF371CEDE24F is not the leader, logIndex=0, commits[localhost_10000:c-1]
2019-09-26 14:06:57,541 INFO  client.GrpcClientProtocolService (GrpcClientProtocolService.java:lambda$processClientRequest$0(278)) - Failed RaftClientRequest:client-FBD57F74AF91->localhost_10001@group-FF371CEDE24F, cid=42, seq=0, RW, Message:321f0a0f0a0d74657374...(size=33), reply=RaftClientReply:client-FBD57F74AF91->localhost_10001@group-FF371CEDE24F, cid=42, FAILED org.apache.ratis.protocol.NotLeaderException: Server localhost_10001@group-FF371CEDE24F is not the leader, logIndex=0, commits[localhost_10001:c-1]
2019-09-26 14:06:57,543 INFO  client.GrpcClientProtocolService (GrpcClientProtocolService.java:lambda$processClientRequest$0(278)) - Failed RaftClientRequest:client-FBD57F74AF91->localhost_10000@group-FF371CEDE24F, cid=42, seq=0, RW, Message:321f0a0f0a0d74657374...(size=33), reply=RaftClientReply:client-FBD57F74AF91->localhost_10000@group-FF371CEDE24F, cid=42, FAILED org.apache.ratis.protocol.NotLeaderException: Server localhost_10000@group-FF371CEDE24F is not the leader, logIndex=0, commits[localhost_10000:c-1]
2019-09-26 14:06:57,545 INFO  client.GrpcClientProtocolService (GrpcClientProtocolService.java:lambda$processClientRequest$0(278)) - Failed RaftClientRequest:client-FBD57F74AF91->localhost_10001@group-FF371CEDE24F, cid=42, seq=0, RW, Message:321f0a0f0a0d74657374...(size=33), reply=RaftClientReply:client-FBD57F74AF91->localhost_10001@group-FF371CEDE24F, cid=42, FAILED org.apache.ratis.protocol.NotLeaderException: Server localhost_10001@group-FF371CEDE24F is not the leader, logIndex=0, commits[localhost_10001:c-1]
2019-09-26 14:06:57,547 INFO  client.GrpcClientProtocolService (GrpcClientProtocolService.java:lambda$processClientRequest$0(278)) - Failed RaftClientRequest:client-FBD57F74AF91->localhost_10000@group-FF371CEDE24F, cid=42, seq=0, RW, Message:321f0a0f0a0d74657374...(size=33), reply=RaftClientReply:client-FBD57F74AF91->localhost_10000@group-FF371CEDE24F, cid=42, FAILED org.apache.ratis.protocol.NotLeaderException: Server localhost_10000@group-FF371CEDE24F is not the leader, logIndex=0, commits[localhost_10000:c-1]
2019-09-26 14:06:57,549 INFO  client.GrpcClientProtocolService (GrpcClientProtocolService.java:lambda$processClientRequest$0(278)) - Failed RaftClientRequest:client-FBD57F74AF91->localhost_10001@group-FF371CEDE24F, cid=42, seq=0, RW, Message:321f0a0f0a0d74657374...(size=33), reply=RaftClientReply:client-FBD57F74AF91->localhost_10001@group-FF371CEDE24F, cid=42, FAILED org.apache.ratis.protocol.NotLeaderException: Server localhost_10001@group-FF371CEDE24F is not the leader, logIndex=0, commits[localhost_10001:c-1]
2019-09-26 14:06:57,552 INFO  client.GrpcClientProtocolService (GrpcClientProtocolService.java:lambda$processClientRequest$0(278)) - Failed RaftClientRequest:client-FBD57F74AF91->localhost_10000@group-FF371CEDE24F, cid=42, seq=0, RW, Message:321f0a0f0a0d74657374...(size=33), reply=RaftClientReply:client-FBD57F74AF91->localhost_10000@group-FF371CEDE24F, cid=42, FAILED org.apache.ratis.protocol.NotLeaderException: Server localhost_10000@group-FF371CEDE24F is not the leader, logIndex=0, commits[localhost_10000:c-1]
2019-09-26 14:06:57,554 INFO  client.GrpcClientProtocolService (GrpcClientProtocolService.java:lambda$processClientRequest$0(278)) - Failed RaftClientRequest:client-FBD57F74AF91->localhost_10001@group-FF371CEDE24F, cid=42, seq=0, RW, Message:321f0a0f0a0d74657374...(size=33), reply=RaftClientReply:client-FBD57F74AF91->localhost_10001@group-FF371CEDE24F, cid=42, FAILED org.apache.ratis.protocol.NotLeaderException: Server localhost_10001@group-FF371CEDE24F is not the leader, logIndex=0, commits[localhost_10001:c-1]
2019-09-26 14:06:57,556 INFO  client.GrpcClientProtocolService (GrpcClientProtocolService.java:lambda$processClientRequest$0(278)) - Failed RaftClientRequest:client-FBD57F74AF91->localhost_10002@group-FF371CEDE24F, cid=42, seq=0, RW, Message:321f0a0f0a0d74657374...(size=33), reply=RaftClientReply:client-FBD57F74AF91->localhost_10002@group-FF371CEDE24F, cid=42, FAILED org.apache.ratis.protocol.NotLeaderException: Server localhost_10002@group-FF371CEDE24F is not the leader, logIndex=0, commits[localhost_10002:c-1]
2019-09-26 14:06:57,558 INFO  client.GrpcClientProtocolService (GrpcClientProtocolService.java:lambda$processClientRequest$0(278)) - Failed RaftClientRequest:client-FBD57F74AF91->localhost_10001@group-FF371CEDE24F, cid=42, seq=0, RW, Message:321f0a0f0a0d74657374...(size=33), reply=RaftClientReply:client-FBD57F74AF91->localhost_10001@group-FF371CEDE24F, cid=42, FAILED org.apache.ratis.protocol.NotLeaderException: Server localhost_10001@group-FF371CEDE24F is not the leader, logIndex=0, commits[localhost_10001:c-1]
2019-09-26 14:06:57,560 INFO  client.GrpcClientProtocolService (GrpcClientProtocolService.java:lambda$processClientRequest$0(278)) - Failed RaftClientRequest:client-FBD57F74AF91->localhost_10000@group-FF371CEDE24F, cid=42, seq=0, RW, Message:321f0a0f0a0d74657374...(size=33), reply=RaftClientReply:client-FBD57F74AF91->localhost_10000@group-FF371CEDE24F, cid=42, FAILED org.apache.ratis.protocol.NotLeaderException: Server localhost_10000@group-FF371CEDE24F is not the leader, logIndex=0, commits[localhost_10000:c-1]
2019-09-26 14:06:57,562 INFO  client.GrpcClientProtocolService (GrpcClientProtocolService.java:lambda$processClientRequest$0(278)) - Failed RaftClientRequest:client-FBD57F74AF91->localhost_10002@group-FF371CEDE24F, cid=42, seq=0, RW, Message:321f0a0f0a0d74657374...(size=33), reply=RaftClientReply:client-FBD57F74AF91->localhost_10002@group-FF371CEDE24F, cid=42, FAILED org.apache.ratis.protocol.NotLeaderException: Server localhost_10002@group-FF371CEDE24F is not the leader, logIndex=0, commits[localhost_10002:c-1]
2019-09-26 14:06:57,564 INFO  client.GrpcClientProtocolService (GrpcClientProtocolService.java:lambda$processClientRequest$0(278)) - Failed RaftClientRequest:client-FBD57F74AF91->localhost_10000@group-FF371CEDE24F, cid=42, seq=0, RW, Message:321f0a0f0a0d74657374...(size=33), reply=RaftClientReply:client-FBD57F74AF91->localhost_10000@group-FF371CEDE24F, cid=42, FAILED org.apache.ratis.protocol.NotLeaderException: Server localhost_10000@group-FF371CEDE24F is not the leader, logIndex=0, commits[localhost_10000:c-1]
2019-09-26 14:06:57,566 INFO  client.GrpcClientProtocolService (GrpcClientProtocolService.java:lambda$processClientRequest$0(278)) - Failed RaftClientRequest:client-FBD57F74AF91->localhost_10001@group-FF371CEDE24F, cid=42, seq=0, RW, Message:321f0a0f0a0d74657374...(size=33), reply=RaftClientReply:client-FBD57F74AF91->localhost_10001@group-FF371CEDE24F, cid=42, FAILED org.apache.ratis.protocol.NotLeaderException: Server localhost_10001@group-FF371CEDE24F is not the leader, logIndex=0, commits[localhost_10001:c-1]
2019-09-26 14:06:57,568 INFO  client.GrpcClientProtocolService (GrpcClientProtocolService.java:lambda$processClientRequest$0(278)) - Failed RaftClientRequest:client-FBD57F74AF91->localhost_10000@group-FF371CEDE24F, cid=42, seq=0, RW, Message:321f0a0f0a0d74657374...(size=33), reply=RaftClientReply:client-FBD57F74AF91->localhost_10000@group-FF371CEDE24F, cid=42, FAILED org.apache.ratis.protocol.NotLeaderException: Server localhost_10000@group-FF371CEDE24F is not the leader, logIndex=0, commits[localhost_10000:c-1]
2019-09-26 14:06:57,570 INFO  client.GrpcClientProtocolService (GrpcClientProtocolService.java:lambda$processClientRequest$0(278)) - Failed RaftClientRequest:client-FBD57F74AF91->localhost_10001@group-FF371CEDE24F, cid=42, seq=0, RW, Message:321f0a0f0a0d74657374...(size=33), reply=RaftClientReply:client-FBD57F74AF91->localhost_10001@group-FF371CEDE24F, cid=42, FAILED org.apache.ratis.protocol.NotLeaderException: Server localhost_10001@group-FF371CEDE24F is not the leader, logIndex=0, commits[localhost_10001:c-1]
2019-09-26 14:06:57,572 INFO  client.GrpcClientProtocolService (GrpcClientProtocolService.java:lambda$processClientRequest$0(278)) - Failed RaftClientRequest:client-FBD57F74AF91->localhost_10000@group-FF371CEDE24F, cid=42, seq=0, RW, Message:321f0a0f0a0d74657374...(size=33), reply=RaftClientReply:client-FBD57F74AF91->localhost_10000@group-FF371CEDE24F, cid=42, FAILED org.apache.ratis.protocol.NotLeaderException: Server localhost_10000@group-FF371CEDE24F is not the leader, logIndex=0, commits[localhost_10000:c-1]
2019-09-26 14:06:57,574 INFO  client.GrpcClientProtocolService (GrpcClientProtocolService.java:lambda$processClientRequest$0(278)) - Failed RaftClientRequest:client-FBD57F74AF91->localhost_10001@group-FF371CEDE24F, cid=42, seq=0, RW, Message:321f0a0f0a0d74657374...(size=33), reply=RaftClientReply:client-FBD57F74AF91->localhost_10001@group-FF371CEDE24F, cid=42, FAILED org.apache.ratis.protocol.NotLeaderException: Server localhost_10001@group-FF371CEDE24F is not the leader, logIndex=0, commits[localhost_10001:c-1]
2019-09-26 14:06:57,576 INFO  client.GrpcClientProtocolService (GrpcClientProtocolService.java:lambda$processClientRequest$0(278)) - Failed RaftClientRequest:client-FBD57F74AF91->localhost_10002@group-FF371CEDE24F, cid=42, seq=0, RW, Message:321f0a0f0a0d74657374...(size=33), reply=RaftClientReply:client-FBD57F74AF91->localhost_10002@group-FF371CEDE24F, cid=42, FAILED org.apache.ratis.protocol.NotLeaderException: Server localhost_10002@group-FF371CEDE24F is not the leader, logIndex=0, commits[localhost_10002:c-1]
2019-09-26 14:06:57,578 INFO  client.GrpcClientProtocolService (GrpcClientProtocolService.java:lambda$processClientRequest$0(278)) - Failed RaftClientRequest:client-FBD57F74AF91->localhost_10000@group-FF371CEDE24F, cid=42, seq=0, RW, Message:321f0a0f0a0d74657374...(size=33), reply=RaftClientReply:client-FBD57F74AF91->localhost_10000@group-FF371CEDE24F, cid=42, FAILED org.apache.ratis.protocol.NotLeaderException: Server localhost_10000@group-FF371CEDE24F is not the leader, logIndex=0, commits[localhost_10000:c-1]
2019-09-26 14:06:57,580 INFO  client.GrpcClientProtocolService (GrpcClientProtocolService.java:lambda$processClientRequest$0(278)) - Failed RaftClientRequest:client-FBD57F74AF91->localhost_10001@group-FF371CEDE24F, cid=42, seq=0, RW, Message:321f0a0f0a0d74657374...(size=33), reply=RaftClientReply:client-FBD57F74AF91->localhost_10001@group-FF371CEDE24F, cid=42, FAILED org.apache.ratis.protocol.NotLeaderException: Server localhost_10001@group-FF371CEDE24F is not the leader, logIndex=0, commits[localhost_10001:c-1]
2019-09-26 14:06:57,582 INFO  client.GrpcClientProtocolService (GrpcClientProtocolService.java:lambda$processClientRequest$0(278)) - Failed RaftClientRequest:client-FBD57F74AF91->localhost_10000@group-FF371CEDE24F, cid=42, seq=0, RW, Message:321f0a0f0a0d74657374...(size=33), reply=RaftClientReply:client-FBD57F74AF91->localhost_10000@group-FF371CEDE24F, cid=42, FAILED org.apache.ratis.protocol.NotLeaderException: Server localhost_10000@group-FF371CEDE24F is not the leader, logIndex=0, commits[localhost_10000:c-1]
2019-09-26 14:06:57,583 INFO  client.GrpcClientProtocolService (GrpcClientProtocolService.java:lambda$processClientRequest$0(278)) - Failed RaftClientRequest:client-FBD57F74AF91->localhost_10002@group-FF371CEDE24F, cid=42, seq=0, RW, Message:321f0a0f0a0d74657374...(size=33), reply=RaftClientReply:client-FBD57F74AF91->localhost_10002@group-FF371CEDE24F, cid=42, FAILED org.apache.ratis.protocol.NotLeaderException: Server localhost_10002@group-FF371CEDE24F is not the leader, logIndex=0, commits[localhost_10002:c-1]
2019-09-26 14:06:57,585 INFO  client.GrpcClientProtocolService (GrpcClientProtocolService.java:lambda$processClientRequest$0(278)) - Failed RaftClientRequest:client-FBD57F74AF91->localhost_10001@group-FF371CEDE24F, cid=42, seq=0, RW, Message:321f0a0f0a0d74657374...(size=33), reply=RaftClientReply:client-FBD57F74AF91->localhost_10001@group-FF371CEDE24F, cid=42, FAILED org.apache.ratis.protocol.NotLeaderException: Server localhost_10001@group-FF371CEDE24F is not the leader, logIndex=0, commits[localhost_10001:c-1]
2019-09-26 14:06:57,587 INFO  client.GrpcClientProtocolService (GrpcClientProtocolService.java:lambda$processClientRequest$0(278)) - Failed RaftClientRequest:client-FBD57F74AF91->localhost_10002@group-FF371CEDE24F, cid=42, seq=0, RW, Message:321f0a0f0a0d74657374...(size=33), reply=RaftClientReply:client-FBD57F74AF91->localhost_10002@group-FF371CEDE24F, cid=42, FAILED org.apache.ratis.protocol.NotLeaderException: Server localhost_10002@group-FF371CEDE24F is not the leader, logIndex=0, commits[localhost_10002:c-1]
2019-09-26 14:06:57,589 INFO  client.GrpcClientProtocolService (GrpcClientProtocolService.java:lambda$processClientRequest$0(278)) - Failed RaftClientRequest:client-FBD57F74AF91->localhost_10001@group-FF371CEDE24F, cid=42, seq=0, RW, Message:321f0a0f0a0d74657374...(size=33), reply=RaftClientReply:client-FBD57F74AF91->localhost_10001@group-FF371CEDE24F, cid=42, FAILED org.apache.ratis.protocol.NotLeaderException: Server localhost_10001@group-FF371CEDE24F is not the leader, logIndex=0, commits[localhost_10001:c-1]
2019-09-26 14:06:57,591 INFO  client.GrpcClientProtocolService (GrpcClientProtocolService.java:lambda$processClientRequest$0(278)) - Failed RaftClientRequest:client-FBD57F74AF91->localhost_10002@group-FF371CEDE24F, cid=42, seq=0, RW, Message:321f0a0f0a0d74657374...(size=33), reply=RaftClientReply:client-FBD57F74AF91->localhost_10002@group-FF371CEDE24F, cid=42, FAILED org.apache.ratis.protocol.NotLeaderException: Server localhost_10002@group-FF371CEDE24F is not the leader, logIndex=0, commits[localhost_10002:c-1]
2019-09-26 14:06:57,593 INFO  client.GrpcClientProtocolService (GrpcClientProtocolService.java:lambda$processClientRequest$0(278)) - Failed RaftClientRequest:client-FBD57F74AF91->localhost_10000@group-FF371CEDE24F, cid=42, seq=0, RW, Message:321f0a0f0a0d74657374...(size=33), reply=RaftClientReply:client-FBD57F74AF91->localhost_10000@group-FF371CEDE24F, cid=42, FAILED org.apache.ratis.protocol.NotLeaderException: Server localhost_10000@group-FF371CEDE24F is not the leader, logIndex=0, commits[localhost_10000:c-1]
2019-09-26 14:06:57,595 INFO  client.GrpcClientProtocolService (GrpcClientProtocolService.java:lambda$processClientRequest$0(278)) - Failed RaftClientRequest:client-FBD57F74AF91->localhost_10001@group-FF371CEDE24F, cid=42, seq=0, RW, Message:321f0a0f0a0d74657374...(size=33), reply=RaftClientReply:client-FBD57F74AF91->localhost_10001@group-FF371CEDE24F, cid=42, FAILED org.apache.ratis.protocol.NotLeaderException: Server localhost_10001@group-FF371CEDE24F is not the leader, logIndex=0, commits[localhost_10001:c-1]
2019-09-26 14:06:57,596 INFO  client.GrpcClientProtocolService (GrpcClientProtocolService.java:lambda$processClientRequest$0(278)) - Failed RaftClientRequest:client-FBD57F74AF91->localhost_10000@group-FF371CEDE24F, cid=42, seq=0, RW, Message:321f0a0f0a0d74657374...(size=33), reply=RaftClientReply:client-FBD57F74AF91->localhost_10000@group-FF371CEDE24F, cid=42, FAILED org.apache.ratis.protocol.NotLeaderException: Server localhost_10000@group-FF371CEDE24F is not the leader, logIndex=0, commits[localhost_10000:c-1]
2019-09-26 14:06:57,598 INFO  client.GrpcClientProtocolService (GrpcClientProtocolService.java:lambda$processClientRequest$0(278)) - Failed RaftClientRequest:client-FBD57F74AF91->localhost_10002@group-FF371CEDE24F, cid=42, seq=0, RW, Message:321f0a0f0a0d74657374...(size=33), reply=RaftClientReply:client-FBD57F74AF91->localhost_10002@group-FF371CEDE24F, cid=42, FAILED org.apache.ratis.protocol.NotLeaderException: Server localhost_10002@group-FF371CEDE24F is not the leader, logIndex=0, commits[localhost_10002:c-1]
2019-09-26 14:06:57,600 INFO  client.GrpcClientProtocolService (GrpcClientProtocolService.java:lambda$processClientRequest$0(278)) - Failed RaftClientRequest:client-FBD57F74AF91->localhost_10001@group-FF371CEDE24F, cid=42, seq=0, RW, Message:321f0a0f0a0d74657374...(size=33), reply=RaftClientReply:client-FBD57F74AF91->localhost_10001@group-FF371CEDE24F, cid=42, FAILED org.apache.ratis.protocol.NotLeaderException: Server localhost_10001@group-FF371CEDE24F is not the leader, logIndex=0, commits[localhost_10001:c-1]
2019-09-26 14:06:57,602 INFO  client.GrpcClientProtocolService (GrpcClientProtocolService.java:lambda$processClientRequest$0(278)) - Failed RaftClientRequest:client-FBD57F74AF91->localhost_10002@group-FF371CEDE24F, cid=42, seq=0, RW, Message:321f0a0f0a0d74657374...(size=33), reply=RaftClientReply:client-FBD57F74AF91->localhost_10002@group-FF371CEDE24F, cid=42, FAILED org.apache.ratis.protocol.NotLeaderException: Server localhost_10002@group-FF371CEDE24F is not the leader, logIndex=0, commits[localhost_10002:c-1]
2019-09-26 14:06:57,603 INFO  client.GrpcClientProtocolService (GrpcClientProtocolService.java:lambda$processClientRequest$0(278)) - Failed RaftClientRequest:client-FBD57F74AF91->localhost_10001@group-FF371CEDE24F, cid=42, seq=0, RW, Message:321f0a0f0a0d74657374...(size=33), reply=RaftClientReply:client-FBD57F74AF91->localhost_10001@group-FF371CEDE24F, cid=42, FAILED org.apache.ratis.protocol.NotLeaderException: Server localhost_10001@group-FF371CEDE24F is not the leader, logIndex=0, commits[localhost_10001:c-1]
2019-09-26 14:06:57,605 INFO  client.GrpcClientProtocolService (GrpcClientProtocolService.java:lambda$processClientRequest$0(278)) - Failed RaftClientRequest:client-FBD57F74AF91->localhost_10002@group-FF371CEDE24F, cid=42, seq=0, RW, Message:321f0a0f0a0d74657374...(size=33), reply=RaftClientReply:client-FBD57F74AF91->localhost_10002@group-FF371CEDE24F, cid=42, FAILED org.apache.ratis.protocol.NotLeaderException: Server localhost_10002@group-FF371CEDE24F is not the leader, logIndex=0, commits[localhost_10002:c-1]
2019-09-26 14:06:57,608 INFO  client.GrpcClientProtocolService (GrpcClientProtocolService.java:lambda$processClientRequest$0(278)) - Failed RaftClientRequest:client-FBD57F74AF91->localhost_10001@group-FF371CEDE24F, cid=42, seq=0, RW, Message:321f0a0f0a0d74657374...(size=33), reply=RaftClientReply:client-FBD57F74AF91->localhost_10001@group-FF371CEDE24F, cid=42, FAILED org.apache.ratis.protocol.NotLeaderException: Server localhost_10001@group-FF371CEDE24F is not the leader, logIndex=0, commits[localhost_10001:c-1]
2019-09-26 14:06:57,610 INFO  client.GrpcClientProtocolService (GrpcClientProtocolService.java:lambda$processClientRequest$0(278)) - Failed RaftClientRequest:client-FBD57F74AF91->localhost_10000@group-FF371CEDE24F, cid=42, seq=0, RW, Message:321f0a0f0a0d74657374...(size=33), reply=RaftClientReply:client-FBD57F74AF91->localhost_10000@group-FF371CEDE24F, cid=42, FAILED org.apache.ratis.protocol.NotLeaderException: Server localhost_10000@group-FF371CEDE24F is not the leader, logIndex=0, commits[localhost_10000:c-1]
2019-09-26 14:06:57,612 INFO  client.GrpcClientProtocolService (GrpcClientProtocolService.java:lambda$processClientRequest$0(278)) - Failed RaftClientRequest:client-FBD57F74AF91->localhost_10001@group-FF371CEDE24F, cid=42, seq=0, RW, Message:321f0a0f0a0d74657374...(size=33), reply=RaftClientReply:client-FBD57F74AF91->localhost_10001@group-FF371CEDE24F, cid=42, FAILED org.apache.ratis.protocol.NotLeaderException: Server localhost_10001@group-FF371CEDE24F is not the leader, logIndex=0, commits[localhost_10001:c-1]
2019-09-26 14:06:57,615 INFO  client.GrpcClientProtocolService (GrpcClientProtocolService.java:lambda$processClientRequest$0(278)) - Failed RaftClientRequest:client-FBD57F74AF91->localhost_10000@group-FF371CEDE24F, cid=42, seq=0, RW, Message:321f0a0f0a0d74657374...(size=33), reply=RaftClientReply:client-FBD57F74AF91->localhost_10000@group-FF371CEDE24F, cid=42, FAILED org.apache.ratis.protocol.NotLeaderException: Server localhost_10000@group-FF371CEDE24F is not the leader, logIndex=0, commits[localhost_10000:c-1]
2019-09-26 14:06:57,617 INFO  client.GrpcClientProtocolService (GrpcClientProtocolService.java:lambda$processClientRequest$0(278)) - Failed RaftClientRequest:client-FBD57F74AF91->localhost_10001@group-FF371CEDE24F, cid=42, seq=0, RW, Message:321f0a0f0a0d74657374...(size=33), reply=RaftClientReply:client-FBD57F74AF91->localhost_10001@group-FF371CEDE24F, cid=42, FAILED org.apache.ratis.protocol.NotLeaderException: Server localhost_10001@group-FF371CEDE24F is not the leader, logIndex=0, commits[localhost_10001:c-1]
2019-09-26 14:06:57,619 INFO  client.GrpcClientProtocolService (GrpcClientProtocolService.java:lambda$processClientRequest$0(278)) - Failed RaftClientRequest:client-FBD57F74AF91->localhost_10000@group-FF371CEDE24F, cid=42, seq=0, RW, Message:321f0a0f0a0d74657374...(size=33), reply=RaftClientReply:client-FBD57F74AF91->localhost_10000@group-FF371CEDE24F, cid=42, FAILED org.apache.ratis.protocol.NotLeaderException: Server localhost_10000@group-FF371CEDE24F is not the leader, logIndex=0, commits[localhost_10000:c-1]
2019-09-26 14:06:57,621 INFO  client.GrpcClientProtocolService (GrpcClientProtocolService.java:lambda$processClientRequest$0(278)) - Failed RaftClientRequest:client-FBD57F74AF91->localhost_10002@group-FF371CEDE24F, cid=42, seq=0, RW, Message:321f0a0f0a0d74657374...(size=33), reply=RaftClientReply:client-FBD57F74AF91->localhost_10002@group-FF371CEDE24F, cid=42, FAILED org.apache.ratis.protocol.NotLeaderException: Server localhost_10002@group-FF371CEDE24F is not the leader, logIndex=0, commits[localhost_10002:c-1]
2019-09-26 14:06:57,623 INFO  client.GrpcClientProtocolService (GrpcClientProtocolService.java:lambda$processClientRequest$0(278)) - Failed RaftClientRequest:client-FBD57F74AF91->localhost_10001@group-FF371CEDE24F, cid=42, seq=0, RW, Message:321f0a0f0a0d74657374...(size=33), reply=RaftClientReply:client-FBD57F74AF91->localhost_10001@group-FF371CEDE24F, cid=42, FAILED org.apache.ratis.protocol.NotLeaderException: Server localhost_10001@group-FF371CEDE24F is not the leader, logIndex=0, commits[localhost_10001:c-1]
2019-09-26 14:06:57,625 INFO  client.GrpcClientProtocolService (GrpcClientProtocolService.java:lambda$processClientRequest$0(278)) - Failed RaftClientRequest:client-FBD57F74AF91->localhost_10002@group-FF371CEDE24F, cid=42, seq=0, RW, Message:321f0a0f0a0d74657374...(size=33), reply=RaftClientReply:client-FBD57F74AF91->localhost_10002@group-FF371CEDE24F, cid=42, FAILED org.apache.ratis.protocol.NotLeaderException: Server localhost_10002@group-FF371CEDE24F is not the leader, logIndex=0, commits[localhost_10002:c-1]
2019-09-26 14:06:57,627 INFO  client.GrpcClientProtocolService (GrpcClientProtocolService.java:lambda$processClientRequest$0(278)) - Failed RaftClientRequest:client-FBD57F74AF91->localhost_10000@group-FF371CEDE24F, cid=42, seq=0, RW, Message:321f0a0f0a0d74657374...(size=33), reply=RaftClientReply:client-FBD57F74AF91->localhost_10000@group-FF371CEDE24F, cid=42, FAILED org.apache.ratis.protocol.NotLeaderException: Server localhost_10000@group-FF371CEDE24F is not the leader, logIndex=0, commits[localhost_10000:c-1]
2019-09-26 14:06:57,629 INFO  client.GrpcClientProtocolService (GrpcClientProtocolService.java:lambda$processClientRequest$0(278)) - Failed RaftClientRequest:client-FBD57F74AF91->localhost_10002@group-FF371CEDE24F, cid=42, seq=0, RW, Message:321f0a0f0a0d74657374...(size=33), reply=RaftClientReply:client-FBD57F74AF91->localhost_10002@group-FF371CEDE24F, cid=42, FAILED org.apache.ratis.protocol.NotLeaderException: Server localhost_10002@group-FF371CEDE24F is not the leader, logIndex=0, commits[localhost_10002:c-1]
2019-09-26 14:06:57,631 INFO  client.GrpcClientProtocolService (GrpcClientProtocolService.java:lambda$processClientRequest$0(278)) - Failed RaftClientRequest:client-FBD57F74AF91->localhost_10001@group-FF371CEDE24F, cid=42, seq=0, RW, Message:321f0a0f0a0d74657374...(size=33), reply=RaftClientReply:client-FBD57F74AF91->localhost_10001@group-FF371CEDE24F, cid=42, FAILED org.apache.ratis.protocol.NotLeaderException: Server localhost_10001@group-FF371CEDE24F is not the leader, logIndex=0, commits[localhost_10001:c-1]
2019-09-26 14:06:57,633 INFO  client.GrpcClientProtocolService (GrpcClientProtocolService.java:lambda$processClientRequest$0(278)) - Failed RaftClientRequest:client-FBD57F74AF91->localhost_10000@group-FF371CEDE24F, cid=42, seq=0, RW, Message:321f0a0f0a0d74657374...(size=33), reply=RaftClientReply:client-FBD57F74AF91->localhost_10000@group-FF371CEDE24F, cid=42, FAILED org.apache.ratis.protocol.NotLeaderException: Server localhost_10000@group-FF371CEDE24F is not the leader, logIndex=0, commits[localhost_10000:c-1]
2019-09-26 14:06:57,635 INFO  client.GrpcClientProtocolService (GrpcClientProtocolService.java:lambda$processClientRequest$0(278)) - Failed RaftClientRequest:client-FBD57F74AF91->localhost_10001@group-FF371CEDE24F, cid=42, seq=0, RW, Message:321f0a0f0a0d74657374...(size=33), reply=RaftClientReply:client-FBD57F74AF91->localhost_10001@group-FF371CEDE24F, cid=42, FAILED org.apache.ratis.protocol.NotLeaderException: Server localhost_10001@group-FF371CEDE24F is not the leader, logIndex=0, commits[localhost_10001:c-1]
2019-09-26 14:06:57,637 INFO  client.GrpcClientProtocolService (GrpcClientProtocolService.java:lambda$processClientRequest$0(278)) - Failed RaftClientRequest:client-FBD57F74AF91->localhost_10000@group-FF371CEDE24F, cid=42, seq=0, RW, Message:321f0a0f0a0d74657374...(size=33), reply=RaftClientReply:client-FBD57F74AF91->localhost_10000@group-FF371CEDE24F, cid=42, FAILED org.apache.ratis.protocol.NotLeaderException: Server localhost_10000@group-FF371CEDE24F is not the leader, logIndex=0, commits[localhost_10000:c-1]
2019-09-26 14:06:57,639 INFO  client.GrpcClientProtocolService (GrpcClientProtocolService.java:lambda$processClientRequest$0(278)) - Failed RaftClientRequest:client-FBD57F74AF91->localhost_10002@group-FF371CEDE24F, cid=42, seq=0, RW, Message:321f0a0f0a0d74657374...(size=33), reply=RaftClientReply:client-FBD57F74AF91->localhost_10002@group-FF371CEDE24F, cid=42, FAILED org.apache.ratis.protocol.NotLeaderException: Server localhost_10002@group-FF371CEDE24F is not the leader, logIndex=0, commits[localhost_10002:c-1]
2019-09-26 14:06:57,641 INFO  client.GrpcClientProtocolService (GrpcClientProtocolService.java:lambda$processClientRequest$0(278)) - Failed RaftClientRequest:client-FBD57F74AF91->localhost_10000@group-FF371CEDE24F, cid=42, seq=0, RW, Message:321f0a0f0a0d74657374...(size=33), reply=RaftClientReply:client-FBD57F74AF91->localhost_10000@group-FF371CEDE24F, cid=42, FAILED org.apache.ratis.protocol.NotLeaderException: Server localhost_10000@group-FF371CEDE24F is not the leader, logIndex=0, commits[localhost_10000:c-1]
2019-09-26 14:06:57,643 INFO  client.GrpcClientProtocolService (GrpcClientProtocolService.java:lambda$processClientRequest$0(278)) - Failed RaftClientRequest:client-FBD57F74AF91->localhost_10001@group-FF371CEDE24F, cid=42, seq=0, RW, Message:321f0a0f0a0d74657374...(size=33), reply=RaftClientReply:client-FBD57F74AF91->localhost_10001@group-FF371CEDE24F, cid=42, FAILED org.apache.ratis.protocol.NotLeaderException: Server localhost_10001@group-FF371CEDE24F is not the leader, logIndex=0, commits[localhost_10001:c-1]
2019-09-26 14:06:57,645 INFO  client.GrpcClientProtocolService (GrpcClientProtocolService.java:lambda$processClientRequest$0(278)) - Failed RaftClientRequest:client-FBD57F74AF91->localhost_10000@group-FF371CEDE24F, cid=42, seq=0, RW, Message:321f0a0f0a0d74657374...(size=33), reply=RaftClientReply:client-FBD57F74AF91->localhost_10000@group-FF371CEDE24F, cid=42, FAILED org.apache.ratis.protocol.NotLeaderException: Server localhost_10000@group-FF371CEDE24F is not the leader, logIndex=0, commits[localhost_10000:c-1]
2019-09-26 14:06:57,647 INFO  client.GrpcClientProtocolService (GrpcClientProtocolService.java:lambda$processClientRequest$0(278)) - Failed RaftClientRequest:client-FBD57F74AF91->localhost_10001@group-FF371CEDE24F, cid=42, seq=0, RW, Message:321f0a0f0a0d74657374...(size=33), reply=RaftClientReply:client-FBD57F74AF91->localhost_10001@group-FF371CEDE24F, cid=42, FAILED org.apache.ratis.protocol.NotLeaderException: Server localhost_10001@group-FF371CEDE24F is not the leader, logIndex=0, commits[localhost_10001:c-1]
2019-09-26 14:06:57,649 INFO  client.GrpcClientProtocolService (GrpcClientProtocolService.java:lambda$processClientRequest$0(278)) - Failed RaftClientRequest:client-FBD57F74AF91->localhost_10000@group-FF371CEDE24F, cid=42, seq=0, RW, Message:321f0a0f0a0d74657374...(size=33), reply=RaftClientReply:client-FBD57F74AF91->localhost_10000@group-FF371CEDE24F, cid=42, FAILED org.apache.ratis.protocol.NotLeaderException: Server localhost_10000@group-FF371CEDE24F is not the leader, logIndex=0, commits[localhost_10000:c-1]
2019-09-26 14:06:57,650 INFO  client.GrpcClientProtocolService (GrpcClientProtocolService.java:lambda$processClientRequest$0(278)) - Failed RaftClientRequest:client-FBD57F74AF91->localhost_10001@group-FF371CEDE24F, cid=42, seq=0, RW, Message:321f0a0f0a0d74657374...(size=33), reply=RaftClientReply:client-FBD57F74AF91->localhost_10001@group-FF371CEDE24F, cid=42, FAILED org.apache.ratis.protocol.NotLeaderException: Server localhost_10001@group-FF371CEDE24F is not the leader, logIndex=0, commits[localhost_10001:c-1]
2019-09-26 14:06:57,652 INFO  client.GrpcClientProtocolService (GrpcClientProtocolService.java:lambda$processClientRequest$0(278)) - Failed RaftClientRequest:client-FBD57F74AF91->localhost_10002@group-FF371CEDE24F, cid=42, seq=0, RW, Message:321f0a0f0a0d74657374...(size=33), reply=RaftClientReply:client-FBD57F74AF91->localhost_10002@group-FF371CEDE24F, cid=42, FAILED org.apache.ratis.protocol.NotLeaderException: Server localhost_10002@group-FF371CEDE24F is not the leader, logIndex=0, commits[localhost_10002:c-1]
2019-09-26 14:06:57,654 INFO  client.GrpcClientProtocolService (GrpcClientProtocolService.java:lambda$processClientRequest$0(278)) - Failed RaftClientRequest:client-FBD57F74AF91->localhost_10001@group-FF371CEDE24F, cid=42, seq=0, RW, Message:321f0a0f0a0d74657374...(size=33), reply=RaftClientReply:client-FBD57F74AF91->localhost_10001@group-FF371CEDE24F, cid=42, FAILED org.apache.ratis.protocol.NotLeaderException: Server localhost_10001@group-FF371CEDE24F is not the leader, logIndex=0, commits[localhost_10001:c-1]
2019-09-26 14:06:57,656 INFO  client.GrpcClientProtocolService (GrpcClientProtocolService.java:lambda$processClientRequest$0(278)) - Failed RaftClientRequest:client-FBD57F74AF91->localhost_10000@group-FF371CEDE24F, cid=42, seq=0, RW, Message:321f0a0f0a0d74657374...(size=33), reply=RaftClientReply:client-FBD57F74AF91->localhost_10000@group-FF371CEDE24F, cid=42, FAILED org.apache.ratis.protocol.NotLeaderException: Server localhost_10000@group-FF371CEDE24F is not the leader, logIndex=0, commits[localhost_10000:c-1]
2019-09-26 14:06:57,658 INFO  client.GrpcClientProtocolService (GrpcClientProtocolService.java:lambda$processClientRequest$0(278)) - Failed RaftClientRequest:client-FBD57F74AF91->localhost_10001@group-FF371CEDE24F, cid=42, seq=0, RW, Message:321f0a0f0a0d74657374...(size=33), reply=RaftClientReply:client-FBD57F74AF91->localhost_10001@group-FF371CEDE24F, cid=42, FAILED org.apache.ratis.protocol.NotLeaderException: Server localhost_10001@group-FF371CEDE24F is not the leader, logIndex=0, commits[localhost_10001:c-1]
2019-09-26 14:06:57,661 INFO  client.GrpcClientProtocolService (GrpcClientProtocolService.java:lambda$processClientRequest$0(278)) - Failed RaftClientRequest:client-FBD57F74AF91->localhost_10002@group-FF371CEDE24F, cid=42, seq=0, RW, Message:321f0a0f0a0d74657374...(size=33), reply=RaftClientReply:client-FBD57F74AF91->localhost_10002@group-FF371CEDE24F, cid=42, FAILED org.apache.ratis.protocol.NotLeaderException: Server localhost_10002@group-FF371CEDE24F is not the leader, logIndex=0, commits[localhost_10002:c-1]
2019-09-26 14:06:57,668 INFO  client.GrpcClientProtocolService (GrpcClientProtocolService.java:lambda$processClientRequest$0(278)) - Failed RaftClientRequest:client-FBD57F74AF91->localhost_10001@group-FF371CEDE24F, cid=42, seq=0, RW, Message:321f0a0f0a0d74657374...(size=33), reply=RaftClientReply:client-FBD57F74AF91->localhost_10001@group-FF371CEDE24F, cid=42, FAILED org.apache.ratis.protocol.NotLeaderException: Server localhost_10001@group-FF371CEDE24F is not the leader, logIndex=0, commits[localhost_10001:c-1]
2019-09-26 14:06:57,675 INFO  client.GrpcClientProtocolService (GrpcClientProtocolService.java:lambda$processClientRequest$0(278)) - Failed RaftClientRequest:client-FBD57F74AF91->localhost_10000@group-FF371CEDE24F, cid=42, seq=0, RW, Message:321f0a0f0a0d74657374...(size=33), reply=RaftClientReply:client-FBD57F74AF91->localhost_10000@group-FF371CEDE24F, cid=42, FAILED org.apache.ratis.protocol.NotLeaderException: Server localhost_10000@group-FF371CEDE24F is not the leader, logIndex=0, commits[localhost_10000:c-1]
2019-09-26 14:06:57,680 INFO  client.GrpcClientProtocolService (GrpcClientProtocolService.java:lambda$processClientRequest$0(278)) - Failed RaftClientRequest:client-FBD57F74AF91->localhost_10001@group-FF371CEDE24F, cid=42, seq=0, RW, Message:321f0a0f0a0d74657374...(size=33), reply=RaftClientReply:client-FBD57F74AF91->localhost_10001@group-FF371CEDE24F, cid=42, FAILED org.apache.ratis.protocol.NotLeaderException: Server localhost_10001@group-FF371CEDE24F is not the leader, logIndex=0, commits[localhost_10001:c-1]
2019-09-26 14:06:57,682 INFO  client.GrpcClientProtocolService (GrpcClientProtocolService.java:lambda$processClientRequest$0(278)) - Failed RaftClientRequest:client-FBD57F74AF91->localhost_10002@group-FF371CEDE24F, cid=42, seq=0, RW, Message:321f0a0f0a0d74657374...(size=33), reply=RaftClientReply:client-FBD57F74AF91->localhost_10002@group-FF371CEDE24F, cid=42, FAILED org.apache.ratis.protocol.NotLeaderException: Server localhost_10002@group-FF371CEDE24F is not the leader, logIndex=0, commits[localhost_10002:c-1]
2019-09-26 14:06:57,685 INFO  client.GrpcClientProtocolService (GrpcClientProtocolService.java:lambda$processClientRequest$0(278)) - Failed RaftClientRequest:client-FBD57F74AF91->localhost_10001@group-FF371CEDE24F, cid=42, seq=0, RW, Message:321f0a0f0a0d74657374...(size=33), reply=RaftClientReply:client-FBD57F74AF91->localhost_10001@group-FF371CEDE24F, cid=42, FAILED org.apache.ratis.protocol.NotLeaderException: Server localhost_10001@group-FF371CEDE24F is not the leader, logIndex=0, commits[localhost_10001:c-1]
2019-09-26 14:06:57,687 INFO  client.GrpcClientProtocolService (GrpcClientProtocolService.java:lambda$processClientRequest$0(278)) - Failed RaftClientRequest:client-FBD57F74AF91->localhost_10002@group-FF371CEDE24F, cid=42, seq=0, RW, Message:321f0a0f0a0d74657374...(size=33), reply=RaftClientReply:client-FBD57F74AF91->localhost_10002@group-FF371CEDE24F, cid=42, FAILED org.apache.ratis.protocol.NotLeaderException: Server localhost_10002@group-FF371CEDE24F is not the leader, logIndex=0, commits[localhost_10002:c-1]
2019-09-26 14:06:57,690 INFO  client.GrpcClientProtocolService (GrpcClientProtocolService.java:lambda$processClientRequest$0(278)) - Failed RaftClientRequest:client-FBD57F74AF91->localhost_10001@group-FF371CEDE24F, cid=42, seq=0, RW, Message:321f0a0f0a0d74657374...(size=33), reply=RaftClientReply:client-FBD57F74AF91->localhost_10001@group-FF371CEDE24F, cid=42, FAILED org.apache.ratis.protocol.NotLeaderException: Server localhost_10001@group-FF371CEDE24F is not the leader, logIndex=0, commits[localhost_10001:c-1]
2019-09-26 14:06:57,692 INFO  client.GrpcClientProtocolService (GrpcClientProtocolService.java:lambda$processClientRequest$0(278)) - Failed RaftClientRequest:client-FBD57F74AF91->localhost_10000@group-FF371CEDE24F, cid=42, seq=0, RW, Message:321f0a0f0a0d74657374...(size=33), reply=RaftClientReply:client-FBD57F74AF91->localhost_10000@group-FF371CEDE24F, cid=42, FAILED org.apache.ratis.protocol.NotLeaderException: Server localhost_10000@group-FF371CEDE24F is not the leader, logIndex=0, commits[localhost_10000:c-1]
2019-09-26 14:06:57,695 INFO  client.GrpcClientProtocolService (GrpcClientProtocolService.java:lambda$processClientRequest$0(278)) - Failed RaftClientRequest:client-FBD57F74AF91->localhost_10002@group-FF371CEDE24F, cid=42, seq=0, RW, Message:321f0a0f0a0d74657374...(size=33), reply=RaftClientReply:client-FBD57F74AF91->localhost_10002@group-FF371CEDE24F, cid=42, FAILED org.apache.ratis.protocol.NotLeaderException: Server localhost_10002@group-FF371CEDE24F is not the leader, logIndex=0, commits[localhost_10002:c-1]
2019-09-26 14:06:57,696 INFO  impl.FollowerState (FollowerState.java:run(108)) - localhost_10001@group-FF371CEDE24F-FollowerState: change to CANDIDATE, lastRpcTime:1108ms, electionTimeout:1108ms
2019-09-26 14:06:57,696 INFO  impl.RoleInfo (RoleInfo.java:shutdownFollowerState(121)) - localhost_10001: shutdown FollowerState
2019-09-26 14:06:57,696 INFO  impl.RaftServerImpl (RaftServerImpl.java:setRole(170)) - localhost_10001@group-FF371CEDE24F: changes role from  FOLLOWER to CANDIDATE at term 0 for changeToCandidate
2019-09-26 14:06:57,696 INFO  impl.RoleInfo (RoleInfo.java:updateAndGet(143)) - localhost_10001: start LeaderElection
2019-09-26 14:06:57,699 INFO  client.GrpcClientProtocolService (GrpcClientProtocolService.java:lambda$processClientRequest$0(278)) - Failed RaftClientRequest:client-FBD57F74AF91->localhost_10000@group-FF371CEDE24F, cid=42, seq=0, RW, Message:321f0a0f0a0d74657374...(size=33), reply=RaftClientReply:client-FBD57F74AF91->localhost_10000@group-FF371CEDE24F, cid=42, FAILED org.apache.ratis.protocol.NotLeaderException: Server localhost_10000@group-FF371CEDE24F is not the leader, logIndex=0, commits[localhost_10000:c-1]
2019-09-26 14:06:57,701 INFO  client.GrpcClientProtocolService (GrpcClientProtocolService.java:lambda$processClientRequest$0(278)) - Failed RaftClientRequest:client-FBD57F74AF91->localhost_10001@group-FF371CEDE24F, cid=42, seq=0, RW, Message:321f0a0f0a0d74657374...(size=33), reply=RaftClientReply:client-FBD57F74AF91->localhost_10001@group-FF371CEDE24F, cid=42, FAILED org.apache.ratis.protocol.NotLeaderException: Server localhost_10001@group-FF371CEDE24F is not the leader, logIndex=0, commits[localhost_10001:c-1]
2019-09-26 14:06:57,703 INFO  client.GrpcClientProtocolService (GrpcClientProtocolService.java:lambda$processClientRequest$0(278)) - Failed RaftClientRequest:client-FBD57F74AF91->localhost_10002@group-FF371CEDE24F, cid=42, seq=0, RW, Message:321f0a0f0a0d74657374...(size=33), reply=RaftClientReply:client-FBD57F74AF91->localhost_10002@group-FF371CEDE24F, cid=42, FAILED org.apache.ratis.protocol.NotLeaderException: Server localhost_10002@group-FF371CEDE24F is not the leader, logIndex=0, commits[localhost_10002:c-1]
2019-09-26 14:06:57,705 INFO  client.GrpcClientProtocolService (GrpcClientProtocolService.java:lambda$processClientRequest$0(278)) - Failed RaftClientRequest:client-FBD57F74AF91->localhost_10001@group-FF371CEDE24F, cid=42, seq=0, RW, Message:321f0a0f0a0d74657374...(size=33), reply=RaftClientReply:client-FBD57F74AF91->localhost_10001@group-FF371CEDE24F, cid=42, FAILED org.apache.ratis.protocol.NotLeaderException: Server localhost_10001@group-FF371CEDE24F is not the leader, logIndex=0, commits[localhost_10001:c-1]
2019-09-26 14:06:57,708 INFO  client.GrpcClientProtocolService (GrpcClientProtocolService.java:lambda$processClientRequest$0(278)) - Failed RaftClientRequest:client-FBD57F74AF91->localhost_10002@group-FF371CEDE24F, cid=42, seq=0, RW, Message:321f0a0f0a0d74657374...(size=33), reply=RaftClientReply:client-FBD57F74AF91->localhost_10002@group-FF371CEDE24F, cid=42, FAILED org.apache.ratis.protocol.NotLeaderException: Server localhost_10002@group-FF371CEDE24F is not the leader, logIndex=0, commits[localhost_10002:c-1]
2019-09-26 14:06:57,710 INFO  client.GrpcClientProtocolService (GrpcClientProtocolService.java:lambda$processClientRequest$0(278)) - Failed RaftClientRequest:client-FBD57F74AF91->localhost_10001@group-FF371CEDE24F, cid=42, seq=0, RW, Message:321f0a0f0a0d74657374...(size=33), reply=RaftClientReply:client-FBD57F74AF91->localhost_10001@group-FF371CEDE24F, cid=42, FAILED org.apache.ratis.protocol.NotLeaderException: Server localhost_10001@group-FF371CEDE24F is not the leader, logIndex=0, commits[localhost_10001:c-1]
2019-09-26 14:06:57,712 INFO  client.GrpcClientProtocolService (GrpcClientProtocolService.java:lambda$processClientRequest$0(278)) - Failed RaftClientRequest:client-FBD57F74AF91->localhost_10000@group-FF371CEDE24F, cid=42, seq=0, RW, Message:321f0a0f0a0d74657374...(size=33), reply=RaftClientReply:client-FBD57F74AF91->localhost_10000@group-FF371CEDE24F, cid=42, FAILED org.apache.ratis.protocol.NotLeaderException: Server localhost_10000@group-FF371CEDE24F is not the leader, logIndex=0, commits[localhost_10000:c-1]
2019-09-26 14:06:57,714 INFO  impl.FollowerState (FollowerState.java:run(108)) - localhost_10002@group-FF371CEDE24F-FollowerState: change to CANDIDATE, lastRpcTime:1033ms, electionTimeout:1033ms
2019-09-26 14:06:57,714 INFO  impl.RoleInfo (RoleInfo.java:shutdownFollowerState(121)) - localhost_10002: shutdown FollowerState
2019-09-26 14:06:57,714 INFO  client.GrpcClientProtocolService (GrpcClientProtocolService.java:lambda$processClientRequest$0(278)) - Failed RaftClientRequest:client-FBD57F74AF91->localhost_10001@group-FF371CEDE24F, cid=42, seq=0, RW, Message:321f0a0f0a0d74657374...(size=33), reply=RaftClientReply:client-FBD57F74AF91->localhost_10001@group-FF371CEDE24F, cid=42, FAILED org.apache.ratis.protocol.NotLeaderException: Server localhost_10001@group-FF371CEDE24F is not the leader, logIndex=0, commits[localhost_10001:c-1]
2019-09-26 14:06:57,714 INFO  impl.RaftServerImpl (RaftServerImpl.java:setRole(170)) - localhost_10002@group-FF371CEDE24F: changes role from  FOLLOWER to CANDIDATE at term 0 for changeToCandidate
2019-09-26 14:06:57,715 INFO  impl.RoleInfo (RoleInfo.java:updateAndGet(143)) - localhost_10002: start LeaderElection
2019-09-26 14:06:57,718 INFO  client.GrpcClientProtocolService (GrpcClientProtocolService.java:lambda$processClientRequest$0(278)) - Failed RaftClientRequest:client-FBD57F74AF91->localhost_10002@group-FF371CEDE24F, cid=42, seq=0, RW, Message:321f0a0f0a0d74657374...(size=33), reply=RaftClientReply:client-FBD57F74AF91->localhost_10002@group-FF371CEDE24F, cid=42, FAILED org.apache.ratis.protocol.NotLeaderException: Server localhost_10002@group-FF371CEDE24F is not the leader, logIndex=0, commits[localhost_10002:c-1]
2019-09-26 14:06:57,720 INFO  client.GrpcClientProtocolService (GrpcClientProtocolService.java:lambda$processClientRequest$0(278)) - Failed RaftClientRequest:client-FBD57F74AF91->localhost_10000@group-FF371CEDE24F, cid=42, seq=0, RW, Message:321f0a0f0a0d74657374...(size=33), reply=RaftClientReply:client-FBD57F74AF91->localhost_10000@group-FF371CEDE24F, cid=42, FAILED org.apache.ratis.protocol.NotLeaderException: Server localhost_10000@group-FF371CEDE24F is not the leader, logIndex=0, commits[localhost_10000:c-1]
2019-09-26 14:06:57,723 INFO  client.GrpcClientProtocolService (GrpcClientProtocolService.java:lambda$processClientRequest$0(278)) - Failed RaftClientRequest:client-FBD57F74AF91->localhost_10001@group-FF371CEDE24F, cid=42, seq=0, RW, Message:321f0a0f0a0d74657374...(size=33), reply=RaftClientReply:client-FBD57F74AF91->localhost_10001@group-FF371CEDE24F, cid=42, FAILED org.apache.ratis.protocol.NotLeaderException: Server localhost_10001@group-FF371CEDE24F is not the leader, logIndex=0, commits[localhost_10001:c-1]
2019-09-26 14:06:57,725 INFO  client.GrpcClientProtocolService (GrpcClientProtocolService.java:lambda$processClientRequest$0(278)) - Failed RaftClientRequest:client-FBD57F74AF91->localhost_10000@group-FF371CEDE24F, cid=42, seq=0, RW, Message:321f0a0f0a0d74657374...(size=33), reply=RaftClientReply:client-FBD57F74AF91->localhost_10000@group-FF371CEDE24F, cid=42, FAILED org.apache.ratis.protocol.NotLeaderException: Server localhost_10000@group-FF371CEDE24F is not the leader, logIndex=0, commits[localhost_10000:c-1]
2019-09-26 14:06:57,727 INFO  client.GrpcClientProtocolService (GrpcClientProtocolService.java:lambda$processClientRequest$0(278)) - Failed RaftClientRequest:client-FBD57F74AF91->localhost_10001@group-FF371CEDE24F, cid=42, seq=0, RW, Message:321f0a0f0a0d74657374...(size=33), reply=RaftClientReply:client-FBD57F74AF91->localhost_10001@group-FF371CEDE24F, cid=42, FAILED org.apache.ratis.protocol.NotLeaderException: Server localhost_10001@group-FF371CEDE24F is not the leader, logIndex=0, commits[localhost_10001:c-1]
2019-09-26 14:06:57,730 INFO  client.GrpcClientProtocolService (GrpcClientProtocolService.java:lambda$processClientRequest$0(278)) - Failed RaftClientRequest:client-FBD57F74AF91->localhost_10000@group-FF371CEDE24F, cid=42, seq=0, RW, Message:321f0a0f0a0d74657374...(size=33), reply=RaftClientReply:client-FBD57F74AF91->localhost_10000@group-FF371CEDE24F, cid=42, FAILED org.apache.ratis.protocol.NotLeaderException: Server localhost_10000@group-FF371CEDE24F is not the leader, logIndex=0, commits[localhost_10000:c-1]
2019-09-26 14:06:57,732 INFO  client.GrpcClientProtocolService (GrpcClientProtocolService.java:lambda$processClientRequest$0(278)) - Failed RaftClientRequest:client-FBD57F74AF91->localhost_10001@group-FF371CEDE24F, cid=42, seq=0, RW, Message:321f0a0f0a0d74657374...(size=33), reply=RaftClientReply:client-FBD57F74AF91->localhost_10001@group-FF371CEDE24F, cid=42, FAILED org.apache.ratis.protocol.NotLeaderException: Server localhost_10001@group-FF371CEDE24F is not the leader, logIndex=0, commits[localhost_10001:c-1]
2019-09-26 14:06:57,734 INFO  client.GrpcClientProtocolService (GrpcClientProtocolService.java:lambda$processClientRequest$0(278)) - Failed RaftClientRequest:client-FBD57F74AF91->localhost_10002@group-FF371CEDE24F, cid=42, seq=0, RW, Message:321f0a0f0a0d74657374...(size=33), reply=RaftClientReply:client-FBD57F74AF91->localhost_10002@group-FF371CEDE24F, cid=42, FAILED org.apache.ratis.protocol.NotLeaderException: Server localhost_10002@group-FF371CEDE24F is not the leader, logIndex=0, commits[localhost_10002:c-1]
2019-09-26 14:06:57,736 INFO  client.GrpcClientProtocolService (GrpcClientProtocolService.java:lambda$processClientRequest$0(278)) - Failed RaftClientRequest:client-FBD57F74AF91->localhost_10000@group-FF371CEDE24F, cid=42, seq=0, RW, Message:321f0a0f0a0d74657374...(size=33), reply=RaftClientReply:client-FBD57F74AF91->localhost_10000@group-FF371CEDE24F, cid=42, FAILED org.apache.ratis.protocol.NotLeaderException: Server localhost_10000@group-FF371CEDE24F is not the leader, logIndex=0, commits[localhost_10000:c-1]
2019-09-26 14:06:57,738 INFO  client.GrpcClientProtocolService (GrpcClientProtocolService.java:lambda$processClientRequest$0(278)) - Failed RaftClientRequest:client-FBD57F74AF91->localhost_10002@group-FF371CEDE24F, cid=42, seq=0, RW, Message:321f0a0f0a0d74657374...(size=33), reply=RaftClientReply:client-FBD57F74AF91->localhost_10002@group-FF371CEDE24F, cid=42, FAILED org.apache.ratis.protocol.NotLeaderException: Server localhost_10002@group-FF371CEDE24F is not the leader, logIndex=0, commits[localhost_10002:c-1]
2019-09-26 14:06:57,739 INFO  impl.FollowerState (FollowerState.java:run(108)) - localhost_10000@group-FF371CEDE24F-FollowerState: change to CANDIDATE, lastRpcTime:1106ms, electionTimeout:1106ms
2019-09-26 14:06:57,739 INFO  impl.RoleInfo (RoleInfo.java:shutdownFollowerState(121)) - localhost_10000: shutdown FollowerState
2019-09-26 14:06:57,739 INFO  impl.RaftServerImpl (RaftServerImpl.java:setRole(170)) - localhost_10000@group-FF371CEDE24F: changes role from  FOLLOWER to CANDIDATE at term 0 for changeToCandidate
2019-09-26 14:06:57,739 INFO  impl.RoleInfo (RoleInfo.java:updateAndGet(143)) - localhost_10000: start LeaderElection
2019-09-26 14:06:57,741 INFO  client.GrpcClientProtocolService (GrpcClientProtocolService.java:lambda$processClientRequest$0(278)) - Failed RaftClientRequest:client-FBD57F74AF91->localhost_10001@group-FF371CEDE24F, cid=42, seq=0, RW, Message:321f0a0f0a0d74657374...(size=33), reply=RaftClientReply:client-FBD57F74AF91->localhost_10001@group-FF371CEDE24F, cid=42, FAILED org.apache.ratis.protocol.NotLeaderException: Server localhost_10001@group-FF371CEDE24F is not the leader, logIndex=0, commits[localhost_10001:c-1]
2019-09-26 14:06:57,743 INFO  client.GrpcClientProtocolService (GrpcClientProtocolService.java:lambda$processClientRequest$0(278)) - Failed RaftClientRequest:client-FBD57F74AF91->localhost_10000@group-FF371CEDE24F, cid=42, seq=0, RW, Message:321f0a0f0a0d74657374...(size=33), reply=RaftClientReply:client-FBD57F74AF91->localhost_10000@group-FF371CEDE24F, cid=42, FAILED org.apache.ratis.protocol.NotLeaderException: Server localhost_10000@group-FF371CEDE24F is not the leader, logIndex=0, commits[localhost_10000:c-1]
2019-09-26 14:06:57,745 INFO  client.GrpcClientProtocolService (GrpcClientProtocolService.java:lambda$processClientRequest$0(278)) - Failed RaftClientRequest:client-FBD57F74AF91->localhost_10001@group-FF371CEDE24F, cid=42, seq=0, RW, Message:321f0a0f0a0d74657374...(size=33), reply=RaftClientReply:client-FBD57F74AF91->localhost_10001@group-FF371CEDE24F, cid=42, FAILED org.apache.ratis.protocol.NotLeaderException: Server localhost_10001@group-FF371CEDE24F is not the leader, logIndex=0, commits[localhost_10001:c-1]
2019-09-26 14:06:57,747 INFO  client.GrpcClientProtocolService (GrpcClientProtocolService.java:lambda$processClientRequest$0(278)) - Failed RaftClientRequest:client-FBD57F74AF91->localhost_10000@group-FF371CEDE24F, cid=42, seq=0, RW, Message:321f0a0f0a0d74657374...(size=33), reply=RaftClientReply:client-FBD57F74AF91->localhost_10000@group-FF371CEDE24F, cid=42, FAILED org.apache.ratis.protocol.NotLeaderException: Server localhost_10000@group-FF371CEDE24F is not the leader, logIndex=0, commits[localhost_10000:c-1]
2019-09-26 14:06:57,749 INFO  client.GrpcClientProtocolService (GrpcClientProtocolService.java:lambda$processClientRequest$0(278)) - Failed RaftClientRequest:client-FBD57F74AF91->localhost_10001@group-FF371CEDE24F, cid=42, seq=0, RW, Message:321f0a0f0a0d74657374...(size=33), reply=RaftClientReply:client-FBD57F74AF91->localhost_10001@group-FF371CEDE24F, cid=42, FAILED org.apache.ratis.protocol.NotLeaderException: Server localhost_10001@group-FF371CEDE24F is not the leader, logIndex=0, commits[localhost_10001:c-1]
2019-09-26 14:06:57,751 INFO  client.GrpcClientProtocolService (GrpcClientProtocolService.java:lambda$processClientRequest$0(278)) - Failed RaftClientRequest:client-FBD57F74AF91->localhost_10002@group-FF371CEDE24F, cid=42, seq=0, RW, Message:321f0a0f0a0d74657374...(size=33), reply=RaftClientReply:client-FBD57F74AF91->localhost_10002@group-FF371CEDE24F, cid=42, FAILED org.apache.ratis.protocol.NotLeaderException: Server localhost_10002@group-FF371CEDE24F is not the leader, logIndex=0, commits[localhost_10002:c-1]
2019-09-26 14:06:57,753 INFO  client.GrpcClientProtocolService (GrpcClientProtocolService.java:lambda$processClientRequest$0(278)) - Failed RaftClientRequest:client-FBD57F74AF91->localhost_10001@group-FF371CEDE24F, cid=42, seq=0, RW, Message:321f0a0f0a0d74657374...(size=33), reply=RaftClientReply:client-FBD57F74AF91->localhost_10001@group-FF371CEDE24F, cid=42, FAILED org.apache.ratis.protocol.NotLeaderException: Server localhost_10001@group-FF371CEDE24F is not the leader, logIndex=0, commits[localhost_10001:c-1]
2019-09-26 14:06:57,755 INFO  client.GrpcClientProtocolService (GrpcClientProtocolService.java:lambda$processClientRequest$0(278)) - Failed RaftClientRequest:client-FBD57F74AF91->localhost_10000@group-FF371CEDE24F, cid=42, seq=0, RW, Message:321f0a0f0a0d74657374...(size=33), reply=RaftClientReply:client-FBD57F74AF91->localhost_10000@group-FF371CEDE24F, cid=42, FAILED org.apache.ratis.protocol.NotLeaderException: Server localhost_10000@group-FF371CEDE24F is not the leader, logIndex=0, commits[localhost_10000:c-1]
2019-09-26 14:06:57,757 INFO  client.GrpcClientProtocolService (GrpcClientProtocolService.java:lambda$processClientRequest$0(278)) - Failed RaftClientRequest:client-FBD57F74AF91->localhost_10002@group-FF371CEDE24F, cid=42, seq=0, RW, Message:321f0a0f0a0d74657374...(size=33), reply=RaftClientReply:client-FBD57F74AF91->localhost_10002@group-FF371CEDE24F, cid=42, FAILED org.apache.ratis.protocol.NotLeaderException: Server localhost_10002@group-FF371CEDE24F is not the leader, logIndex=0, commits[localhost_10002:c-1]
2019-09-26 14:06:57,760 INFO  client.GrpcClientProtocolService (GrpcClientProtocolService.java:lambda$processClientRequest$0(278)) - Failed RaftClientRequest:client-FBD57F74AF91->localhost_10001@group-FF371CEDE24F, cid=42, seq=0, RW, Message:321f0a0f0a0d74657374...(size=33), reply=RaftClientReply:client-FBD57F74AF91->localhost_10001@group-FF371CEDE24F, cid=42, FAILED org.apache.ratis.protocol.NotLeaderException: Server localhost_10001@group-FF371CEDE24F is not the leader, logIndex=0, commits[localhost_10001:c-1]
2019-09-26 14:06:57,762 INFO  client.GrpcClientProtocolService (GrpcClientProtocolService.java:lambda$processClientRequest$0(278)) - Failed RaftClientRequest:client-FBD57F74AF91->localhost_10002@group-FF371CEDE24F, cid=42, seq=0, RW, Message:321f0a0f0a0d74657374...(size=33), reply=RaftClientReply:client-FBD57F74AF91->localhost_10002@group-FF371CEDE24F, cid=42, FAILED org.apache.ratis.protocol.NotLeaderException: Server localhost_10002@group-FF371CEDE24F is not the leader, logIndex=0, commits[localhost_10002:c-1]
2019-09-26 14:06:57,764 INFO  client.GrpcClientProtocolService (GrpcClientProtocolService.java:lambda$processClientRequest$0(278)) - Failed RaftClientRequest:client-FBD57F74AF91->localhost_10001@group-FF371CEDE24F, cid=42, seq=0, RW, Message:321f0a0f0a0d74657374...(size=33), reply=RaftClientReply:client-FBD57F74AF91->localhost_10001@group-FF371CEDE24F, cid=42, FAILED org.apache.ratis.protocol.NotLeaderException: Server localhost_10001@group-FF371CEDE24F is not the leader, logIndex=0, commits[localhost_10001:c-1]
2019-09-26 14:06:57,766 INFO  client.GrpcClientProtocolService (GrpcClientProtocolService.java:lambda$processClientRequest$0(278)) - Failed RaftClientRequest:client-FBD57F74AF91->localhost_10002@group-FF371CEDE24F, cid=42, seq=0, RW, Message:321f0a0f0a0d74657374...(size=33), reply=RaftClientReply:client-FBD57F74AF91->localhost_10002@group-FF371CEDE24F, cid=42, FAILED org.apache.ratis.protocol.NotLeaderException: Server localhost_10002@group-FF371CEDE24F is not the leader, logIndex=0, commits[localhost_10002:c-1]
2019-09-26 14:06:57,768 INFO  client.GrpcClientProtocolService (GrpcClientProtocolService.java:lambda$processClientRequest$0(278)) - Failed RaftClientRequest:client-FBD57F74AF91->localhost_10000@group-FF371CEDE24F, cid=42, seq=0, RW, Message:321f0a0f0a0d74657374...(size=33), reply=RaftClientReply:client-FBD57F74AF91->localhost_10000@group-FF371CEDE24F, cid=42, FAILED org.apache.ratis.protocol.NotLeaderException: Server localhost_10000@group-FF371CEDE24F is not the leader, logIndex=0, commits[localhost_10000:c-1]
2019-09-26 14:06:57,770 INFO  client.GrpcClientProtocolService (GrpcClientProtocolService.java:lambda$processClientRequest$0(278)) - Failed RaftClientRequest:client-FBD57F74AF91->localhost_10002@group-FF371CEDE24F, cid=42, seq=0, RW, Message:321f0a0f0a0d74657374...(size=33), reply=RaftClientReply:client-FBD57F74AF91->localhost_10002@group-FF371CEDE24F, cid=42, FAILED org.apache.ratis.protocol.NotLeaderException: Server localhost_10002@group-FF371CEDE24F is not the leader, logIndex=0, commits[localhost_10002:c-1]
2019-09-26 14:06:57,772 INFO  client.GrpcClientProtocolService (GrpcClientProtocolService.java:lambda$processClientRequest$0(278)) - Failed RaftClientRequest:client-FBD57F74AF91->localhost_10000@group-FF371CEDE24F, cid=42, seq=0, RW, Message:321f0a0f0a0d74657374...(size=33), reply=RaftClientReply:client-FBD57F74AF91->localhost_10000@group-FF371CEDE24F, cid=42, FAILED org.apache.ratis.protocol.NotLeaderException: Server localhost_10000@group-FF371CEDE24F is not the leader, logIndex=0, commits[localhost_10000:c-1]
2019-09-26 14:06:57,774 INFO  client.GrpcClientProtocolService (GrpcClientProtocolService.java:lambda$processClientRequest$0(278)) - Failed RaftClientRequest:client-FBD57F74AF91->localhost_10001@group-FF371CEDE24F, cid=42, seq=0, RW, Message:321f0a0f0a0d74657374...(size=33), reply=RaftClientReply:client-FBD57F74AF91->localhost_10001@group-FF371CEDE24F, cid=42, FAILED org.apache.ratis.protocol.NotLeaderException: Server localhost_10001@group-FF371CEDE24F is not the leader, logIndex=0, commits[localhost_10001:c-1]
2019-09-26 14:06:57,776 INFO  client.GrpcClientProtocolService (GrpcClientProtocolService.java:lambda$processClientRequest$0(278)) - Failed RaftClientRequest:client-FBD57F74AF91->localhost_10000@group-FF371CEDE24F, cid=42, seq=0, RW, Message:321f0a0f0a0d74657374...(size=33), reply=RaftClientReply:client-FBD57F74AF91->localhost_10000@group-FF371CEDE24F, cid=42, FAILED org.apache.ratis.protocol.NotLeaderException: Server localhost_10000@group-FF371CEDE24F is not the leader, logIndex=0, commits[localhost_10000:c-1]
2019-09-26 14:06:57,778 INFO  client.GrpcClientProtocolService (GrpcClientProtocolService.java:lambda$processClientRequest$0(278)) - Failed RaftClientRequest:client-FBD57F74AF91->localhost_10001@group-FF371CEDE24F, cid=42, seq=0, RW, Message:321f0a0f0a0d74657374...(size=33), reply=RaftClientReply:client-FBD57F74AF91->localhost_10001@group-FF371CEDE24F, cid=42, FAILED org.apache.ratis.protocol.NotLeaderException: Server localhost_10001@group-FF371CEDE24F is not the leader, logIndex=0, commits[localhost_10001:c-1]
2019-09-26 14:06:57,780 INFO  client.GrpcClientProtocolService (GrpcClientProtocolService.java:lambda$processClientRequest$0(278)) - Failed RaftClientRequest:client-FBD57F74AF91->localhost_10002@group-FF371CEDE24F, cid=42, seq=0, RW, Message:321f0a0f0a0d74657374...(size=33), reply=RaftClientReply:client-FBD57F74AF91->localhost_10002@group-FF371CEDE24F, cid=42, FAILED org.apache.ratis.protocol.NotLeaderException: Server localhost_10002@group-FF371CEDE24F is not the leader, logIndex=0, commits[localhost_10002:c-1]
2019-09-26 14:06:57,782 INFO  client.GrpcClientProtocolService (GrpcClientProtocolService.java:lambda$processClientRequest$0(278)) - Failed RaftClientRequest:client-FBD57F74AF91->localhost_10001@group-FF371CEDE24F, cid=42, seq=0, RW, Message:321f0a0f0a0d74657374...(size=33), reply=RaftClientReply:client-FBD57F74AF91->localhost_10001@group-FF371CEDE24F, cid=42, FAILED org.apache.ratis.protocol.NotLeaderException: Server localhost_10001@group-FF371CEDE24F is not the leader, logIndex=0, commits[localhost_10001:c-1]
2019-09-26 14:06:57,784 INFO  client.GrpcClientProtocolService (GrpcClientProtocolService.java:lambda$processClientRequest$0(278)) - Failed RaftClientRequest:client-FBD57F74AF91->localhost_10000@group-FF371CEDE24F, cid=42, seq=0, RW, Message:321f0a0f0a0d74657374...(size=33), reply=RaftClientReply:client-FBD57F74AF91->localhost_10000@group-FF371CEDE24F, cid=42, FAILED org.apache.ratis.protocol.NotLeaderException: Server localhost_10000@group-FF371CEDE24F is not the leader, logIndex=0, commits[localhost_10000:c-1]
2019-09-26 14:06:57,786 INFO  client.GrpcClientProtocolService (GrpcClientProtocolService.java:lambda$processClientRequest$0(278)) - Failed RaftClientRequest:client-FBD57F74AF91->localhost_10002@group-FF371CEDE24F, cid=42, seq=0, RW, Message:321f0a0f0a0d74657374...(size=33), reply=RaftClientReply:client-FBD57F74AF91->localhost_10002@group-FF371CEDE24F, cid=42, FAILED org.apache.ratis.protocol.NotLeaderException: Server localhost_10002@group-FF371CEDE24F is not the leader, logIndex=0, commits[localhost_10002:c-1]
2019-09-26 14:06:57,788 INFO  client.GrpcClientProtocolService (GrpcClientProtocolService.java:lambda$processClientRequest$0(278)) - Failed RaftClientRequest:client-FBD57F74AF91->localhost_10001@group-FF371CEDE24F, cid=42, seq=0, RW, Message:321f0a0f0a0d74657374...(size=33), reply=RaftClientReply:client-FBD57F74AF91->localhost_10001@group-FF371CEDE24F, cid=42, FAILED org.apache.ratis.protocol.NotLeaderException: Server localhost_10001@group-FF371CEDE24F is not the leader, logIndex=0, commits[localhost_10001:c-1]
2019-09-26 14:06:57,790 INFO  client.GrpcClientProtocolService (GrpcClientProtocolService.java:lambda$processClientRequest$0(278)) - Failed RaftClientRequest:client-FBD57F74AF91->localhost_10002@group-FF371CEDE24F, cid=42, seq=0, RW, Message:321f0a0f0a0d74657374...(size=33), reply=RaftClientReply:client-FBD57F74AF91->localhost_10002@group-FF371CEDE24F, cid=42, FAILED org.apache.ratis.protocol.NotLeaderException: Server localhost_10002@group-FF371CEDE24F is not the leader, logIndex=0, commits[localhost_10002:c-1]
2019-09-26 14:06:57,792 INFO  client.GrpcClientProtocolService (GrpcClientProtocolService.java:lambda$processClientRequest$0(278)) - Failed RaftClientRequest:client-FBD57F74AF91->localhost_10000@group-FF371CEDE24F, cid=42, seq=0, RW, Message:321f0a0f0a0d74657374...(size=33), reply=RaftClientReply:client-FBD57F74AF91->localhost_10000@group-FF371CEDE24F, cid=42, FAILED org.apache.ratis.protocol.NotLeaderException: Server localhost_10000@group-FF371CEDE24F is not the leader, logIndex=0, commits[localhost_10000:c-1]
2019-09-26 14:06:57,794 INFO  client.GrpcClientProtocolService (GrpcClientProtocolService.java:lambda$processClientRequest$0(278)) - Failed RaftClientRequest:client-FBD57F74AF91->localhost_10001@group-FF371CEDE24F, cid=42, seq=0, RW, Message:321f0a0f0a0d74657374...(size=33), reply=RaftClientReply:client-FBD57F74AF91->localhost_10001@group-FF371CEDE24F, cid=42, FAILED org.apache.ratis.protocol.NotLeaderException: Server localhost_10001@group-FF371CEDE24F is not the leader, logIndex=0, commits[localhost_10001:c-1]
2019-09-26 14:06:57,796 INFO  client.GrpcClientProtocolService (GrpcClientProtocolService.java:lambda$processClientRequest$0(278)) - Failed RaftClientRequest:client-FBD57F74AF91->localhost_10000@group-FF371CEDE24F, cid=42, seq=0, RW, Message:321f0a0f0a0d74657374...(size=33), reply=RaftClientReply:client-FBD57F74AF91->localhost_10000@group-FF371CEDE24F, cid=42, FAILED org.apache.ratis.protocol.NotLeaderException: Server localhost_10000@group-FF371CEDE24F is not the leader, logIndex=0, commits[localhost_10000:c-1]
2019-09-26 14:06:57,798 INFO  client.GrpcClientProtocolService (GrpcClientProtocolService.java:lambda$processClientRequest$0(278)) - Failed RaftClientRequest:client-FBD57F74AF91->localhost_10002@group-FF371CEDE24F, cid=42, seq=0, RW, Message:321f0a0f0a0d74657374...(size=33), reply=RaftClientReply:client-FBD57F74AF91->localhost_10002@group-FF371CEDE24F, cid=42, FAILED org.apache.ratis.protocol.NotLeaderException: Server localhost_10002@group-FF371CEDE24F is not the leader, logIndex=0, commits[localhost_10002:c-1]
2019-09-26 14:06:57,800 INFO  client.GrpcClientProtocolService (GrpcClientProtocolService.java:lambda$processClientRequest$0(278)) - Failed RaftClientRequest:client-FBD57F74AF91->localhost_10000@group-FF371CEDE24F, cid=42, seq=0, RW, Message:321f0a0f0a0d74657374...(size=33), reply=RaftClientReply:client-FBD57F74AF91->localhost_10000@group-FF371CEDE24F, cid=42, FAILED org.apache.ratis.protocol.NotLeaderException: Server localhost_10000@group-FF371CEDE24F is not the leader, logIndex=0, commits[localhost_10000:c-1]
2019-09-26 14:06:57,802 INFO  client.GrpcClientProtocolService (GrpcClientProtocolService.java:lambda$processClientRequest$0(278)) - Failed RaftClientRequest:client-FBD57F74AF91->localhost_10002@group-FF371CEDE24F, cid=42, seq=0, RW, Message:321f0a0f0a0d74657374...(size=33), reply=RaftClientReply:client-FBD57F74AF91->localhost_10002@group-FF371CEDE24F, cid=42, FAILED org.apache.ratis.protocol.NotLeaderException: Server localhost_10002@group-FF371CEDE24F is not the leader, logIndex=0, commits[localhost_10002:c-1]
2019-09-26 14:06:57,804 INFO  client.GrpcClientProtocolService (GrpcClientProtocolService.java:lambda$processClientRequest$0(278)) - Failed RaftClientRequest:client-FBD57F74AF91->localhost_10000@group-FF371CEDE24F, cid=42, seq=0, RW, Message:321f0a0f0a0d74657374...(size=33), reply=RaftClientReply:client-FBD57F74AF91->localhost_10000@group-FF371CEDE24F, cid=42, FAILED org.apache.ratis.protocol.NotLeaderException: Server localhost_10000@group-FF371CEDE24F is not the leader, logIndex=0, commits[localhost_10000:c-1]
2019-09-26 14:06:57,806 INFO  client.GrpcClientProtocolService (GrpcClientProtocolService.java:lambda$processClientRequest$0(278)) - Failed RaftClientRequest:client-FBD57F74AF91->localhost_10002@group-FF371CEDE24F, cid=42, seq=0, RW, Message:321f0a0f0a0d74657374...(size=33), reply=RaftClientReply:client-FBD57F74AF91->localhost_10002@group-FF371CEDE24F, cid=42, FAILED org.apache.ratis.protocol.NotLeaderException: Server localhost_10002@group-FF371CEDE24F is not the leader, logIndex=0, commits[localhost_10002:c-1]
2019-09-26 14:06:57,808 INFO  client.GrpcClientProtocolService (GrpcClientProtocolService.java:lambda$processClientRequest$0(278)) - Failed RaftClientRequest:client-FBD57F74AF91->localhost_10001@group-FF371CEDE24F, cid=42, seq=0, RW, Message:321f0a0f0a0d74657374...(size=33), reply=RaftClientReply:client-FBD57F74AF91->localhost_10001@group-FF371CEDE24F, cid=42, FAILED org.apache.ratis.protocol.NotLeaderException: Server localhost_10001@group-FF371CEDE24F is not the leader, logIndex=0, commits[localhost_10001:c-1]
2019-09-26 14:06:57,810 INFO  client.GrpcClientProtocolService (GrpcClientProtocolService.java:lambda$processClientRequest$0(278)) - Failed RaftClientRequest:client-FBD57F74AF91->localhost_10002@group-FF371CEDE24F, cid=42, seq=0, RW, Message:321f0a0f0a0d74657374...(size=33), reply=RaftClientReply:client-FBD57F74AF91->localhost_10002@group-FF371CEDE24F, cid=42, FAILED org.apache.ratis.protocol.NotLeaderException: Server localhost_10002@group-FF371CEDE24F is not the leader, logIndex=0, commits[localhost_10002:c-1]
2019-09-26 14:06:57,812 INFO  client.GrpcClientProtocolService (GrpcClientProtocolService.java:lambda$processClientRequest$0(278)) - Failed RaftClientRequest:client-FBD57F74AF91->localhost_10000@group-FF371CEDE24F, cid=42, seq=0, RW, Message:321f0a0f0a0d74657374...(size=33), reply=RaftClientReply:client-FBD57F74AF91->localhost_10000@group-FF371CEDE24F, cid=42, FAILED org.apache.ratis.protocol.NotLeaderException: Server localhost_10000@group-FF371CEDE24F is not the leader, logIndex=0, commits[localhost_10000:c-1]
2019-09-26 14:06:57,814 INFO  client.GrpcClientProtocolService (GrpcClientProtocolService.java:lambda$processClientRequest$0(278)) - Failed RaftClientRequest:client-FBD57F74AF91->localhost_10001@group-FF371CEDE24F, cid=42, seq=0, RW, Message:321f0a0f0a0d74657374...(size=33), reply=RaftClientReply:client-FBD57F74AF91->localhost_10001@group-FF371CEDE24F, cid=42, FAILED org.apache.ratis.protocol.NotLeaderException: Server localhost_10001@group-FF371CEDE24F is not the leader, logIndex=0, commits[localhost_10001:c-1]
2019-09-26 14:06:57,816 INFO  client.GrpcClientProtocolService (GrpcClientProtocolService.java:lambda$processClientRequest$0(278)) - Failed RaftClientRequest:client-FBD57F74AF91->localhost_10002@group-FF371CEDE24F, cid=42, seq=0, RW, Message:321f0a0f0a0d74657374...(size=33), reply=RaftClientReply:client-FBD57F74AF91->localhost_10002@group-FF371CEDE24F, cid=42, FAILED org.apache.ratis.protocol.NotLeaderException: Server localhost_10002@group-FF371CEDE24F is not the leader, logIndex=0, commits[localhost_10002:c-1]
2019-09-26 14:06:57,818 INFO  client.GrpcClientProtocolService (GrpcClientProtocolService.java:lambda$processClientRequest$0(278)) - Failed RaftClientRequest:client-FBD57F74AF91->localhost_10001@group-FF371CEDE24F, cid=42, seq=0, RW, Message:321f0a0f0a0d74657374...(size=33), reply=RaftClientReply:client-FBD57F74AF91->localhost_10001@group-FF371CEDE24F, cid=42, FAILED org.apache.ratis.protocol.NotLeaderException: Server localhost_10001@group-FF371CEDE24F is not the leader, logIndex=0, commits[localhost_10001:c-1]
2019-09-26 14:06:57,820 INFO  client.GrpcClientProtocolService (GrpcClientProtocolService.java:lambda$processClientRequest$0(278)) - Failed RaftClientRequest:client-FBD57F74AF91->localhost_10000@group-FF371CEDE24F, cid=42, seq=0, RW, Message:321f0a0f0a0d74657374...(size=33), reply=RaftClientReply:client-FBD57F74AF91->localhost_10000@group-FF371CEDE24F, cid=42, FAILED org.apache.ratis.protocol.NotLeaderException: Server localhost_10000@group-FF371CEDE24F is not the leader, logIndex=0, commits[localhost_10000:c-1]
2019-09-26 14:06:57,822 INFO  client.GrpcClientProtocolService (GrpcClientProtocolService.java:lambda$processClientRequest$0(278)) - Failed RaftClientRequest:client-FBD57F74AF91->localhost_10001@group-FF371CEDE24F, cid=42, seq=0, RW, Message:321f0a0f0a0d74657374...(size=33), reply=RaftClientReply:client-FBD57F74AF91->localhost_10001@group-FF371CEDE24F, cid=42, FAILED org.apache.ratis.protocol.NotLeaderException: Server localhost_10001@group-FF371CEDE24F is not the leader, logIndex=0, commits[localhost_10001:c-1]
2019-09-26 14:06:57,824 INFO  client.GrpcClientProtocolService (GrpcClientProtocolService.java:lambda$processClientRequest$0(278)) - Failed RaftClientRequest:client-FBD57F74AF91->localhost_10000@group-FF371CEDE24F, cid=42, seq=0, RW, Message:321f0a0f0a0d74657374...(size=33), reply=RaftClientReply:client-FBD57F74AF91->localhost_10000@group-FF371CEDE24F, cid=42, FAILED org.apache.ratis.protocol.NotLeaderException: Server localhost_10000@group-FF371CEDE24F is not the leader, logIndex=0, commits[localhost_10000:c-1]
2019-09-26 14:06:57,826 INFO  client.GrpcClientProtocolService (GrpcClientProtocolService.java:lambda$processClientRequest$0(278)) - Failed RaftClientRequest:client-FBD57F74AF91->localhost_10002@group-FF371CEDE24F, cid=42, seq=0, RW, Message:321f0a0f0a0d74657374...(size=33), reply=RaftClientReply:client-FBD57F74AF91->localhost_10002@group-FF371CEDE24F, cid=42, FAILED org.apache.ratis.protocol.NotLeaderException: Server localhost_10002@group-FF371CEDE24F is not the leader, logIndex=0, commits[localhost_10002:c-1]
2019-09-26 14:06:57,827 INFO  client.GrpcClientProtocolService (GrpcClientProtocolService.java:lambda$processClientRequest$0(278)) - Failed RaftClientRequest:client-FBD57F74AF91->localhost_10000@group-FF371CEDE24F, cid=42, seq=0, RW, Message:321f0a0f0a0d74657374...(size=33), reply=RaftClientReply:client-FBD57F74AF91->localhost_10000@group-FF371CEDE24F, cid=42, FAILED org.apache.ratis.protocol.NotLeaderException: Server localhost_10000@group-FF371CEDE24F is not the leader, logIndex=0, commits[localhost_10000:c-1]
2019-09-26 14:06:57,829 INFO  client.GrpcClientProtocolService (GrpcClientProtocolService.java:lambda$processClientRequest$0(278)) - Failed RaftClientRequest:client-FBD57F74AF91->localhost_10002@group-FF371CEDE24F, cid=42, seq=0, RW, Message:321f0a0f0a0d74657374...(size=33), reply=RaftClientReply:client-FBD57F74AF91->localhost_10002@group-FF371CEDE24F, cid=42, FAILED org.apache.ratis.protocol.NotLeaderException: Server localhost_10002@group-FF371CEDE24F is not the leader, logIndex=0, commits[localhost_10002:c-1]
2019-09-26 14:06:57,831 INFO  client.GrpcClientProtocolService (GrpcClientProtocolService.java:lambda$processClientRequest$0(278)) - Failed RaftClientRequest:client-FBD57F74AF91->localhost_10000@group-FF371CEDE24F, cid=42, seq=0, RW, Message:321f0a0f0a0d74657374...(size=33), reply=RaftClientReply:client-FBD57F74AF91->localhost_10000@group-FF371CEDE24F, cid=42, FAILED org.apache.ratis.protocol.NotLeaderException: Server localhost_10000@group-FF371CEDE24F is not the leader, logIndex=0, commits[localhost_10000:c-1]
2019-09-26 14:06:57,833 INFO  client.GrpcClientProtocolService (GrpcClientProtocolService.java:lambda$processClientRequest$0(278)) - Failed RaftClientRequest:client-FBD57F74AF91->localhost_10002@group-FF371CEDE24F, cid=42, seq=0, RW, Message:321f0a0f0a0d74657374...(size=33), reply=RaftClientReply:client-FBD57F74AF91->localhost_10002@group-FF371CEDE24F, cid=42, FAILED org.apache.ratis.protocol.NotLeaderException: Server localhost_10002@group-FF371CEDE24F is not the leader, logIndex=0, commits[localhost_10002:c-1]
2019-09-26 14:06:57,834 INFO  client.GrpcClientProtocolService (GrpcClientProtocolService.java:lambda$processClientRequest$0(278)) - Failed RaftClientRequest:client-FBD57F74AF91->localhost_10000@group-FF371CEDE24F, cid=42, seq=0, RW, Message:321f0a0f0a0d74657374...(size=33), reply=RaftClientReply:client-FBD57F74AF91->localhost_10000@group-FF371CEDE24F, cid=42, FAILED org.apache.ratis.protocol.NotLeaderException: Server localhost_10000@group-FF371CEDE24F is not the leader, logIndex=0, commits[localhost_10000:c-1]
2019-09-26 14:06:57,836 INFO  client.GrpcClientProtocolService (GrpcClientProtocolService.java:lambda$processClientRequest$0(278)) - Failed RaftClientRequest:client-FBD57F74AF91->localhost_10002@group-FF371CEDE24F, cid=42, seq=0, RW, Message:321f0a0f0a0d74657374...(size=33), reply=RaftClientReply:client-FBD57F74AF91->localhost_10002@group-FF371CEDE24F, cid=42, FAILED org.apache.ratis.protocol.NotLeaderException: Server localhost_10002@group-FF371CEDE24F is not the leader, logIndex=0, commits[localhost_10002:c-1]
2019-09-26 14:06:57,838 INFO  client.GrpcClientProtocolService (GrpcClientProtocolService.java:lambda$processClientRequest$0(278)) - Failed RaftClientRequest:client-FBD57F74AF91->localhost_10001@group-FF371CEDE24F, cid=42, seq=0, RW, Message:321f0a0f0a0d74657374...(size=33), reply=RaftClientReply:client-FBD57F74AF91->localhost_10001@group-FF371CEDE24F, cid=42, FAILED org.apache.ratis.protocol.NotLeaderException: Server localhost_10001@group-FF371CEDE24F is not the leader, logIndex=0, commits[localhost_10001:c-1]
2019-09-26 14:06:57,839 INFO  client.GrpcClientProtocolService (GrpcClientProtocolService.java:lambda$processClientRequest$0(278)) - Failed RaftClientRequest:client-FBD57F74AF91->localhost_10002@group-FF371CEDE24F, cid=42, seq=0, RW, Message:321f0a0f0a0d74657374...(size=33), reply=RaftClientReply:client-FBD57F74AF91->localhost_10002@group-FF371CEDE24F, cid=42, FAILED org.apache.ratis.protocol.NotLeaderException: Server localhost_10002@group-FF371CEDE24F is not the leader, logIndex=0, commits[localhost_10002:c-1]
2019-09-26 14:06:57,841 INFO  client.GrpcClientProtocolService (GrpcClientProtocolService.java:lambda$processClientRequest$0(278)) - Failed RaftClientRequest:client-FBD57F74AF91->localhost_10000@group-FF371CEDE24F, cid=42, seq=0, RW, Message:321f0a0f0a0d74657374...(size=33), reply=RaftClientReply:client-FBD57F74AF91->localhost_10000@group-FF371CEDE24F, cid=42, FAILED org.apache.ratis.protocol.NotLeaderException: Server localhost_10000@group-FF371CEDE24F is not the leader, logIndex=0, commits[localhost_10000:c-1]
2019-09-26 14:06:57,843 INFO  client.GrpcClientProtocolService (GrpcClientProtocolService.java:lambda$processClientRequest$0(278)) - Failed RaftClientRequest:client-FBD57F74AF91->localhost_10002@group-FF371CEDE24F, cid=42, seq=0, RW, Message:321f0a0f0a0d74657374...(size=33), reply=RaftClientReply:client-FBD57F74AF91->localhost_10002@group-FF371CEDE24F, cid=42, FAILED org.apache.ratis.protocol.NotLeaderException: Server localhost_10002@group-FF371CEDE24F is not the leader, logIndex=0, commits[localhost_10002:c-1]
2019-09-26 14:06:57,844 INFO  client.GrpcClientProtocolService (GrpcClientProtocolService.java:lambda$processClientRequest$0(278)) - Failed RaftClientRequest:client-FBD57F74AF91->localhost_10000@group-FF371CEDE24F, cid=42, seq=0, RW, Message:321f0a0f0a0d74657374...(size=33), reply=RaftClientReply:client-FBD57F74AF91->localhost_10000@group-FF371CEDE24F, cid=42, FAILED org.apache.ratis.protocol.NotLeaderException: Server localhost_10000@group-FF371CEDE24F is not the leader, logIndex=0, commits[localhost_10000:c-1]
2019-09-26 14:06:57,846 INFO  client.GrpcClientProtocolService (GrpcClientProtocolService.java:lambda$processClientRequest$0(278)) - Failed RaftClientRequest:client-FBD57F74AF91->localhost_10002@group-FF371CEDE24F, cid=42, seq=0, RW, Message:321f0a0f0a0d74657374...(size=33), reply=RaftClientReply:client-FBD57F74AF91->localhost_10002@group-FF371CEDE24F, cid=42, FAILED org.apache.ratis.protocol.NotLeaderException: Server localhost_10002@group-FF371CEDE24F is not the leader, logIndex=0, commits[localhost_10002:c-1]
2019-09-26 14:06:57,847 INFO  client.GrpcClientProtocolService (GrpcClientProtocolService.java:lambda$processClientRequest$0(278)) - Failed RaftClientRequest:client-FBD57F74AF91->localhost_10000@group-FF371CEDE24F, cid=42, seq=0, RW, Message:321f0a0f0a0d74657374...(size=33), reply=RaftClientReply:client-FBD57F74AF91->localhost_10000@group-FF371CEDE24F, cid=42, FAILED org.apache.ratis.protocol.NotLeaderException: Server localhost_10000@group-FF371CEDE24F is not the leader, logIndex=0, commits[localhost_10000:c-1]
2019-09-26 14:06:57,849 INFO  client.GrpcClientProtocolService (GrpcClientProtocolService.java:lambda$processClientRequest$0(278)) - Failed RaftClientRequest:client-FBD57F74AF91->localhost_10001@group-FF371CEDE24F, cid=42, seq=0, RW, Message:321f0a0f0a0d74657374...(size=33), reply=RaftClientReply:client-FBD57F74AF91->localhost_10001@group-FF371CEDE24F, cid=42, FAILED org.apache.ratis.protocol.NotLeaderException: Server localhost_10001@group-FF371CEDE24F is not the leader, logIndex=0, commits[localhost_10001:c-1]
2019-09-26 14:06:57,851 INFO  client.GrpcClientProtocolService (GrpcClientProtocolService.java:lambda$processClientRequest$0(278)) - Failed RaftClientRequest:client-FBD57F74AF91->localhost_10002@group-FF371CEDE24F, cid=42, seq=0, RW, Message:321f0a0f0a0d74657374...(size=33), reply=RaftClientReply:client-FBD57F74AF91->localhost_10002@group-FF371CEDE24F, cid=42, FAILED org.apache.ratis.protocol.NotLeaderException: Server localhost_10002@group-FF371CEDE24F is not the leader, logIndex=0, commits[localhost_10002:c-1]
2019-09-26 14:06:57,852 INFO  client.GrpcClientProtocolService (GrpcClientProtocolService.java:lambda$processClientRequest$0(278)) - Failed RaftClientRequest:client-FBD57F74AF91->localhost_10000@group-FF371CEDE24F, cid=42, seq=0, RW, Message:321f0a0f0a0d74657374...(size=33), reply=RaftClientReply:client-FBD57F74AF91->localhost_10000@group-FF371CEDE24F, cid=42, FAILED org.apache.ratis.protocol.NotLeaderException: Server localhost_10000@group-FF371CEDE24F is not the leader, logIndex=0, commits[localhost_10000:c-1]
2019-09-26 14:06:57,854 INFO  client.GrpcClientProtocolService (GrpcClientProtocolService.java:lambda$processClientRequest$0(278)) - Failed RaftClientRequest:client-FBD57F74AF91->localhost_10001@group-FF371CEDE24F, cid=42, seq=0, RW, Message:321f0a0f0a0d74657374...(size=33), reply=RaftClientReply:client-FBD57F74AF91->localhost_10001@group-FF371CEDE24F, cid=42, FAILED org.apache.ratis.protocol.NotLeaderException: Server localhost_10001@group-FF371CEDE24F is not the leader, logIndex=0, commits[localhost_10001:c-1]
2019-09-26 14:06:57,856 INFO  client.GrpcClientProtocolService (GrpcClientProtocolService.java:lambda$processClientRequest$0(278)) - Failed RaftClientRequest:client-FBD57F74AF91->localhost_10000@group-FF371CEDE24F, cid=42, seq=0, RW, Message:321f0a0f0a0d74657374...(size=33), reply=RaftClientReply:client-FBD57F74AF91->localhost_10000@group-FF371CEDE24F, cid=42, FAILED org.apache.ratis.protocol.NotLeaderException: Server localhost_10000@group-FF371CEDE24F is not the leader, logIndex=0, commits[localhost_10000:c-1]
2019-09-26 14:06:57,857 INFO  client.GrpcClientProtocolService (GrpcClientProtocolService.java:lambda$processClientRequest$0(278)) - Failed RaftClientRequest:client-FBD57F74AF91->localhost_10002@group-FF371CEDE24F, cid=42, seq=0, RW, Message:321f0a0f0a0d74657374...(size=33), reply=RaftClientReply:client-FBD57F74AF91->localhost_10002@group-FF371CEDE24F, cid=42, FAILED org.apache.ratis.protocol.NotLeaderException: Server localhost_10002@group-FF371CEDE24F is not the leader, logIndex=0, commits[localhost_10002:c-1]
2019-09-26 14:06:57,859 INFO  client.GrpcClientProtocolService (GrpcClientProtocolService.java:lambda$processClientRequest$0(278)) - Failed RaftClientRequest:client-FBD57F74AF91->localhost_10000@group-FF371CEDE24F, cid=42, seq=0, RW, Message:321f0a0f0a0d74657374...(size=33), reply=RaftClientReply:client-FBD57F74AF91->localhost_10000@group-FF371CEDE24F, cid=42, FAILED org.apache.ratis.protocol.NotLeaderException: Server localhost_10000@group-FF371CEDE24F is not the leader, logIndex=0, commits[localhost_10000:c-1]
2019-09-26 14:06:57,861 INFO  client.GrpcClientProtocolService (GrpcClientProtocolService.java:lambda$processClientRequest$0(278)) - Failed RaftClientRequest:client-FBD57F74AF91->localhost_10001@group-FF371CEDE24F, cid=42, seq=0, RW, Message:321f0a0f0a0d74657374...(size=33), reply=RaftClientReply:client-FBD57F74AF91->localhost_10001@group-FF371CEDE24F, cid=42, FAILED org.apache.ratis.protocol.NotLeaderException: Server localhost_10001@group-FF371CEDE24F is not the leader, logIndex=0, commits[localhost_10001:c-1]
2019-09-26 14:06:57,862 INFO  client.GrpcClientProtocolService (GrpcClientProtocolService.java:lambda$processClientRequest$0(278)) - Failed RaftClientRequest:client-FBD57F74AF91->localhost_10000@group-FF371CEDE24F, cid=42, seq=0, RW, Message:321f0a0f0a0d74657374...(size=33), reply=RaftClientReply:client-FBD57F74AF91->localhost_10000@group-FF371CEDE24F, cid=42, FAILED org.apache.ratis.protocol.NotLeaderException: Server localhost_10000@group-FF371CEDE24F is not the leader, logIndex=0, commits[localhost_10000:c-1]
2019-09-26 14:06:57,864 INFO  client.GrpcClientProtocolService (GrpcClientProtocolService.java:lambda$processClientRequest$0(278)) - Failed RaftClientRequest:client-FBD57F74AF91->localhost_10001@group-FF371CEDE24F, cid=42, seq=0, RW, Message:321f0a0f0a0d74657374...(size=33), reply=RaftClientReply:client-FBD57F74AF91->localhost_10001@group-FF371CEDE24F, cid=42, FAILED org.apache.ratis.protocol.NotLeaderException: Server localhost_10001@group-FF371CEDE24F is not the leader, logIndex=0, commits[localhost_10001:c-1]
2019-09-26 14:06:57,866 INFO  client.GrpcClientProtocolService (GrpcClientProtocolService.java:lambda$processClientRequest$0(278)) - Failed RaftClientRequest:client-FBD57F74AF91->localhost_10002@group-FF371CEDE24F, cid=42, seq=0, RW, Message:321f0a0f0a0d74657374...(size=33), reply=RaftClientReply:client-FBD57F74AF91->localhost_10002@group-FF371CEDE24F, cid=42, FAILED org.apache.ratis.protocol.NotLeaderException: Server localhost_10002@group-FF371CEDE24F is not the leader, logIndex=0, commits[localhost_10002:c-1]
2019-09-26 14:06:57,868 INFO  client.GrpcClientProtocolService (GrpcClientProtocolService.java:lambda$processClientRequest$0(278)) - Failed RaftClientRequest:client-FBD57F74AF91->localhost_10001@group-FF371CEDE24F, cid=42, seq=0, RW, Message:321f0a0f0a0d74657374...(size=33), reply=RaftClientReply:client-FBD57F74AF91->localhost_10001@group-FF371CEDE24F, cid=42, FAILED org.apache.ratis.protocol.NotLeaderException: Server localhost_10001@group-FF371CEDE24F is not the leader, logIndex=0, commits[localhost_10001:c-1]
2019-09-26 14:06:57,869 INFO  client.GrpcClientProtocolService (GrpcClientProtocolService.java:lambda$processClientRequest$0(278)) - Failed RaftClientRequest:client-FBD57F74AF91->localhost_10000@group-FF371CEDE24F, cid=42, seq=0, RW, Message:321f0a0f0a0d74657374...(size=33), reply=RaftClientReply:client-FBD57F74AF91->localhost_10000@group-FF371CEDE24F, cid=42, FAILED org.apache.ratis.protocol.NotLeaderException: Server localhost_10000@group-FF371CEDE24F is not the leader, logIndex=0, commits[localhost_10000:c-1]
2019-09-26 14:06:57,871 INFO  client.GrpcClientProtocolService (GrpcClientProtocolService.java:lambda$processClientRequest$0(278)) - Failed RaftClientRequest:client-FBD57F74AF91->localhost_10001@group-FF371CEDE24F, cid=42, seq=0, RW, Message:321f0a0f0a0d74657374...(size=33), reply=RaftClientReply:client-FBD57F74AF91->localhost_10001@group-FF371CEDE24F, cid=42, FAILED org.apache.ratis.protocol.NotLeaderException: Server localhost_10001@group-FF371CEDE24F is not the leader, logIndex=0, commits[localhost_10001:c-1]
2019-09-26 14:06:57,873 INFO  client.GrpcClientProtocolService (GrpcClientProtocolService.java:lambda$processClientRequest$0(278)) - Failed RaftClientRequest:client-FBD57F74AF91->localhost_10002@group-FF371CEDE24F, cid=42, seq=0, RW, Message:321f0a0f0a0d74657374...(size=33), reply=RaftClientReply:client-FBD57F74AF91->localhost_10002@group-FF371CEDE24F, cid=42, FAILED org.apache.ratis.protocol.NotLeaderException: Server localhost_10002@group-FF371CEDE24F is not the leader, logIndex=0, commits[localhost_10002:c-1]
2019-09-26 14:06:57,874 INFO  client.GrpcClientProtocolService (GrpcClientProtocolService.java:lambda$processClientRequest$0(278)) - Failed RaftClientRequest:client-FBD57F74AF91->localhost_10000@group-FF371CEDE24F, cid=42, seq=0, RW, Message:321f0a0f0a0d74657374...(size=33), reply=RaftClientReply:client-FBD57F74AF91->localhost_10000@group-FF371CEDE24F, cid=42, FAILED org.apache.ratis.protocol.NotLeaderException: Server localhost_10000@group-FF371CEDE24F is not the leader, logIndex=0, commits[localhost_10000:c-1]
2019-09-26 14:06:57,876 INFO  client.GrpcClientProtocolService (GrpcClientProtocolService.java:lambda$processClientRequest$0(278)) - Failed RaftClientRequest:client-FBD57F74AF91->localhost_10002@group-FF371CEDE24F, cid=42, seq=0, RW, Message:321f0a0f0a0d74657374...(size=33), reply=RaftClientReply:client-FBD57F74AF91->localhost_10002@group-FF371CEDE24F, cid=42, FAILED org.apache.ratis.protocol.NotLeaderException: Server localhost_10002@group-FF371CEDE24F is not the leader, logIndex=0, commits[localhost_10002:c-1]
2019-09-26 14:06:57,878 INFO  client.GrpcClientProtocolService (GrpcClientProtocolService.java:lambda$processClientRequest$0(278)) - Failed RaftClientRequest:client-FBD57F74AF91->localhost_10000@group-FF371CEDE24F, cid=42, seq=0, RW, Message:321f0a0f0a0d74657374...(size=33), reply=RaftClientReply:client-FBD57F74AF91->localhost_10000@group-FF371CEDE24F, cid=42, FAILED org.apache.ratis.protocol.NotLeaderException: Server localhost_10000@group-FF371CEDE24F is not the leader, logIndex=0, commits[localhost_10000:c-1]
2019-09-26 14:06:57,880 INFO  client.GrpcClientProtocolService (GrpcClientProtocolService.java:lambda$processClientRequest$0(278)) - Failed RaftClientRequest:client-FBD57F74AF91->localhost_10002@group-FF371CEDE24F, cid=42, seq=0, RW, Message:321f0a0f0a0d74657374...(size=33), reply=RaftClientReply:client-FBD57F74AF91->localhost_10002@group-FF371CEDE24F, cid=42, FAILED org.apache.ratis.protocol.NotLeaderException: Server localhost_10002@group-FF371CEDE24F is not the leader, logIndex=0, commits[localhost_10002:c-1]
2019-09-26 14:06:57,882 INFO  client.GrpcClientProtocolService (GrpcClientProtocolService.java:lambda$processClientRequest$0(278)) - Failed RaftClientRequest:client-FBD57F74AF91->localhost_10001@group-FF371CEDE24F, cid=42, seq=0, RW, Message:321f0a0f0a0d74657374...(size=33), reply=RaftClientReply:client-FBD57F74AF91->localhost_10001@group-FF371CEDE24F, cid=42, FAILED org.apache.ratis.protocol.NotLeaderException: Server localhost_10001@group-FF371CEDE24F is not the leader, logIndex=0, commits[localhost_10001:c-1]
2019-09-26 14:06:57,884 INFO  client.GrpcClientProtocolService (GrpcClientProtocolService.java:lambda$processClientRequest$0(278)) - Failed RaftClientRequest:client-FBD57F74AF91->localhost_10002@group-FF371CEDE24F, cid=42, seq=0, RW, Message:321f0a0f0a0d74657374...(size=33), reply=RaftClientReply:client-FBD57F74AF91->localhost_10002@group-FF371CEDE24F, cid=42, FAILED org.apache.ratis.protocol.NotLeaderException: Server localhost_10002@group-FF371CEDE24F is not the leader, logIndex=0, commits[localhost_10002:c-1]
2019-09-26 14:06:57,886 INFO  client.GrpcClientProtocolService (GrpcClientProtocolService.java:lambda$processClientRequest$0(278)) - Failed RaftClientRequest:client-FBD57F74AF91->localhost_10001@group-FF371CEDE24F, cid=42, seq=0, RW, Message:321f0a0f0a0d74657374...(size=33), reply=RaftClientReply:client-FBD57F74AF91->localhost_10001@group-FF371CEDE24F, cid=42, FAILED org.apache.ratis.protocol.NotLeaderException: Server localhost_10001@group-FF371CEDE24F is not the leader, logIndex=0, commits[localhost_10001:c-1]
2019-09-26 14:06:57,888 INFO  client.GrpcClientProtocolService (GrpcClientProtocolService.java:lambda$processClientRequest$0(278)) - Failed RaftClientRequest:client-FBD57F74AF91->localhost_10002@group-FF371CEDE24F, cid=42, seq=0, RW, Message:321f0a0f0a0d74657374...(size=33), reply=RaftClientReply:client-FBD57F74AF91->localhost_10002@group-FF371CEDE24F, cid=42, FAILED org.apache.ratis.protocol.NotLeaderException: Server localhost_10002@group-FF371CEDE24F is not the leader, logIndex=0, commits[localhost_10002:c-1]
2019-09-26 14:06:57,891 INFO  client.GrpcClientProtocolService (GrpcClientProtocolService.java:lambda$processClientRequest$0(278)) - Failed RaftClientRequest:client-FBD57F74AF91->localhost_10001@group-FF371CEDE24F, cid=42, seq=0, RW, Message:321f0a0f0a0d74657374...(size=33), reply=RaftClientReply:client-FBD57F74AF91->localhost_10001@group-FF371CEDE24F, cid=42, FAILED org.apache.ratis.protocol.NotLeaderException: Server localhost_10001@group-FF371CEDE24F is not the leader, logIndex=0, commits[localhost_10001:c-1]
2019-09-26 14:06:57,893 INFO  client.GrpcClientProtocolService (GrpcClientProtocolService.java:lambda$processClientRequest$0(278)) - Failed RaftClientRequest:client-FBD57F74AF91->localhost_10000@group-FF371CEDE24F, cid=42, seq=0, RW, Message:321f0a0f0a0d74657374...(size=33), reply=RaftClientReply:client-FBD57F74AF91->localhost_10000@group-FF371CEDE24F, cid=42, FAILED org.apache.ratis.protocol.NotLeaderException: Server localhost_10000@group-FF371CEDE24F is not the leader, logIndex=0, commits[localhost_10000:c-1]
2019-09-26 14:06:57,895 INFO  client.GrpcClientProtocolService (GrpcClientProtocolService.java:lambda$processClientRequest$0(278)) - Failed RaftClientRequest:client-FBD57F74AF91->localhost_10002@group-FF371CEDE24F, cid=42, seq=0, RW, Message:321f0a0f0a0d74657374...(size=33), reply=RaftClientReply:client-FBD57F74AF91->localhost_10002@group-FF371CEDE24F, cid=42, FAILED org.apache.ratis.protocol.NotLeaderException: Server localhost_10002@group-FF371CEDE24F is not the leader, logIndex=0, commits[localhost_10002:c-1]
2019-09-26 14:06:57,898 INFO  client.GrpcClientProtocolService (GrpcClientProtocolService.java:lambda$processClientRequest$0(278)) - Failed RaftClientRequest:client-FBD57F74AF91->localhost_10001@group-FF371CEDE24F, cid=42, seq=0, RW, Message:321f0a0f0a0d74657374...(size=33), reply=RaftClientReply:client-FBD57F74AF91->localhost_10001@group-FF371CEDE24F, cid=42, FAILED org.apache.ratis.protocol.NotLeaderException: Server localhost_10001@group-FF371CEDE24F is not the leader, logIndex=0, commits[localhost_10001:c-1]
2019-09-26 14:06:57,900 INFO  client.GrpcClientProtocolService (GrpcClientProtocolService.java:lambda$processClientRequest$0(278)) - Failed RaftClientRequest:client-FBD57F74AF91->localhost_10000@group-FF371CEDE24F, cid=42, seq=0, RW, Message:321f0a0f0a0d74657374...(size=33), reply=RaftClientReply:client-FBD57F74AF91->localhost_10000@group-FF371CEDE24F, cid=42, FAILED org.apache.ratis.protocol.NotLeaderException: Server localhost_10000@group-FF371CEDE24F is not the leader, logIndex=0, commits[localhost_10000:c-1]
2019-09-26 14:06:57,902 INFO  client.GrpcClientProtocolService (GrpcClientProtocolService.java:lambda$processClientRequest$0(278)) - Failed RaftClientRequest:client-FBD57F74AF91->localhost_10001@group-FF371CEDE24F, cid=42, seq=0, RW, Message:321f0a0f0a0d74657374...(size=33), reply=RaftClientReply:client-FBD57F74AF91->localhost_10001@group-FF371CEDE24F, cid=42, FAILED org.apache.ratis.protocol.NotLeaderException: Server localhost_10001@group-FF371CEDE24F is not the leader, logIndex=0, commits[localhost_10001:c-1]
2019-09-26 14:06:57,905 INFO  client.GrpcClientProtocolService (GrpcClientProtocolService.java:lambda$processClientRequest$0(278)) - Failed RaftClientRequest:client-FBD57F74AF91->localhost_10002@group-FF371CEDE24F, cid=42, seq=0, RW, Message:321f0a0f0a0d74657374...(size=33), reply=RaftClientReply:client-FBD57F74AF91->localhost_10002@group-FF371CEDE24F, cid=42, FAILED org.apache.ratis.protocol.NotLeaderException: Server localhost_10002@group-FF371CEDE24F is not the leader, logIndex=0, commits[localhost_10002:c-1]
2019-09-26 14:06:57,907 INFO  client.GrpcClientProtocolService (GrpcClientProtocolService.java:lambda$processClientRequest$0(278)) - Failed RaftClientRequest:client-FBD57F74AF91->localhost_10001@group-FF371CEDE24F, cid=42, seq=0, RW, Message:321f0a0f0a0d74657374...(size=33), reply=RaftClientReply:client-FBD57F74AF91->localhost_10001@group-FF371CEDE24F, cid=42, FAILED org.apache.ratis.protocol.NotLeaderException: Server localhost_10001@group-FF371CEDE24F is not the leader, logIndex=0, commits[localhost_10001:c-1]
2019-09-26 14:06:57,910 INFO  client.GrpcClientProtocolService (GrpcClientProtocolService.java:lambda$processClientRequest$0(278)) - Failed RaftClientRequest:client-FBD57F74AF91->localhost_10002@group-FF371CEDE24F, cid=42, seq=0, RW, Message:321f0a0f0a0d74657374...(size=33), reply=RaftClientReply:client-FBD57F74AF91->localhost_10002@group-FF371CEDE24F, cid=42, FAILED org.apache.ratis.protocol.NotLeaderException: Server localhost_10002@group-FF371CEDE24F is not the leader, logIndex=0, commits[localhost_10002:c-1]
2019-09-26 14:06:57,912 INFO  client.GrpcClientProtocolService (GrpcClientProtocolService.java:lambda$processClientRequest$0(278)) - Failed RaftClientRequest:client-FBD57F74AF91->localhost_10001@group-FF371CEDE24F, cid=42, seq=0, RW, Message:321f0a0f0a0d74657374...(size=33), reply=RaftClientReply:client-FBD57F74AF91->localhost_10001@group-FF371CEDE24F, cid=42, FAILED org.apache.ratis.protocol.NotLeaderException: Server localhost_10001@group-FF371CEDE24F is not the leader, logIndex=0, commits[localhost_10001:c-1]
2019-09-26 14:06:57,914 INFO  client.GrpcClientProtocolService (GrpcClientProtocolService.java:lambda$processClientRequest$0(278)) - Failed RaftClientRequest:client-FBD57F74AF91->localhost_10000@group-FF371CEDE24F, cid=42, seq=0, RW, Message:321f0a0f0a0d74657374...(size=33), reply=RaftClientReply:client-FBD57F74AF91->localhost_10000@group-FF371CEDE24F, cid=42, FAILED org.apache.ratis.protocol.NotLeaderException: Server localhost_10000@group-FF371CEDE24F is not the leader, logIndex=0, commits[localhost_10000:c-1]
2019-09-26 14:06:57,917 INFO  client.GrpcClientProtocolService (GrpcClientProtocolService.java:lambda$processClientRequest$0(278)) - Failed RaftClientRequest:client-FBD57F74AF91->localhost_10001@group-FF371CEDE24F, cid=42, seq=0, RW, Message:321f0a0f0a0d74657374...(size=33), reply=RaftClientReply:client-FBD57F74AF91->localhost_10001@group-FF371CEDE24F, cid=42, FAILED org.apache.ratis.protocol.NotLeaderException: Server localhost_10001@group-FF371CEDE24F is not the leader, logIndex=0, commits[localhost_10001:c-1]
2019-09-26 14:06:57,919 INFO  client.GrpcClientProtocolService (GrpcClientProtocolService.java:lambda$processClientRequest$0(278)) - Failed RaftClientRequest:client-FBD57F74AF91->localhost_10002@group-FF371CEDE24F, cid=42, seq=0, RW, Message:321f0a0f0a0d74657374...(size=33), reply=RaftClientReply:client-FBD57F74AF91->localhost_10002@group-FF371CEDE24F, cid=42, FAILED org.apache.ratis.protocol.NotLeaderException: Server localhost_10002@group-FF371CEDE24F is not the leader, logIndex=0, commits[localhost_10002:c-1]
2019-09-26 14:06:57,921 INFO  client.GrpcClientProtocolService (GrpcClientProtocolService.java:lambda$processClientRequest$0(278)) - Failed RaftClientRequest:client-FBD57F74AF91->localhost_10001@group-FF371CEDE24F, cid=42, seq=0, RW, Message:321f0a0f0a0d74657374...(size=33), reply=RaftClientReply:client-FBD57F74AF91->localhost_10001@group-FF371CEDE24F, cid=42, FAILED org.apache.ratis.protocol.NotLeaderException: Server localhost_10001@group-FF371CEDE24F is not the leader, logIndex=0, commits[localhost_10001:c-1]
2019-09-26 14:06:57,924 INFO  client.GrpcClientProtocolService (GrpcClientProtocolService.java:lambda$processClientRequest$0(278)) - Failed RaftClientRequest:client-FBD57F74AF91->localhost_10002@group-FF371CEDE24F, cid=42, seq=0, RW, Message:321f0a0f0a0d74657374...(size=33), reply=RaftClientReply:client-FBD57F74AF91->localhost_10002@group-FF371CEDE24F, cid=42, FAILED org.apache.ratis.protocol.NotLeaderException: Server localhost_10002@group-FF371CEDE24F is not the leader, logIndex=0, commits[localhost_10002:c-1]
2019-09-26 14:06:57,926 INFO  client.GrpcClientProtocolService (GrpcClientProtocolService.java:lambda$processClientRequest$0(278)) - Failed RaftClientRequest:client-FBD57F74AF91->localhost_10000@group-FF371CEDE24F, cid=42, seq=0, RW, Message:321f0a0f0a0d74657374...(size=33), reply=RaftClientReply:client-FBD57F74AF91->localhost_10000@group-FF371CEDE24F, cid=42, FAILED org.apache.ratis.protocol.NotLeaderException: Server localhost_10000@group-FF371CEDE24F is not the leader, logIndex=0, commits[localhost_10000:c-1]
2019-09-26 14:06:57,928 INFO  client.GrpcClientProtocolService (GrpcClientProtocolService.java:lambda$processClientRequest$0(278)) - Failed RaftClientRequest:client-FBD57F74AF91->localhost_10001@group-FF371CEDE24F, cid=42, seq=0, RW, Message:321f0a0f0a0d74657374...(size=33), reply=RaftClientReply:client-FBD57F74AF91->localhost_10001@group-FF371CEDE24F, cid=42, FAILED org.apache.ratis.protocol.NotLeaderException: Server localhost_10001@group-FF371CEDE24F is not the leader, logIndex=0, commits[localhost_10001:c-1]
2019-09-26 14:06:57,930 INFO  client.GrpcClientProtocolService (GrpcClientProtocolService.java:lambda$processClientRequest$0(278)) - Failed RaftClientRequest:client-FBD57F74AF91->localhost_10000@group-FF371CEDE24F, cid=42, seq=0, RW, Message:321f0a0f0a0d74657374...(size=33), reply=RaftClientReply:client-FBD57F74AF91->localhost_10000@group-FF371CEDE24F, cid=42, FAILED org.apache.ratis.protocol.NotLeaderException: Server localhost_10000@group-FF371CEDE24F is not the leader, logIndex=0, commits[localhost_10000:c-1]
2019-09-26 14:06:57,933 INFO  client.GrpcClientProtocolService (GrpcClientProtocolService.java:lambda$processClientRequest$0(278)) - Failed RaftClientRequest:client-FBD57F74AF91->localhost_10001@group-FF371CEDE24F, cid=42, seq=0, RW, Message:321f0a0f0a0d74657374...(size=33), reply=RaftClientReply:client-FBD57F74AF91->localhost_10001@group-FF371CEDE24F, cid=42, FAILED org.apache.ratis.protocol.NotLeaderException: Server localhost_10001@group-FF371CEDE24F is not the leader, logIndex=0, commits[localhost_10001:c-1]
2019-09-26 14:06:57,935 INFO  client.GrpcClientProtocolService (GrpcClientProtocolService.java:lambda$processClientRequest$0(278)) - Failed RaftClientRequest:client-FBD57F74AF91->localhost_10002@group-FF371CEDE24F, cid=42, seq=0, RW, Message:321f0a0f0a0d74657374...(size=33), reply=RaftClientReply:client-FBD57F74AF91->localhost_10002@group-FF371CEDE24F, cid=42, FAILED org.apache.ratis.protocol.NotLeaderException: Server localhost_10002@group-FF371CEDE24F is not the leader, logIndex=0, commits[localhost_10002:c-1]
2019-09-26 14:06:57,937 INFO  client.GrpcClientProtocolService (GrpcClientProtocolService.java:lambda$processClientRequest$0(278)) - Failed RaftClientRequest:client-FBD57F74AF91->localhost_10000@group-FF371CEDE24F, cid=42, seq=0, RW, Message:321f0a0f0a0d74657374...(size=33), reply=RaftClientReply:client-FBD57F74AF91->localhost_10000@group-FF371CEDE24F, cid=42, FAILED org.apache.ratis.protocol.NotLeaderException: Server localhost_10000@group-FF371CEDE24F is not the leader, logIndex=0, commits[localhost_10000:c-1]
2019-09-26 14:06:57,940 INFO  client.GrpcClientProtocolService (GrpcClientProtocolService.java:lambda$processClientRequest$0(278)) - Failed RaftClientRequest:client-FBD57F74AF91->localhost_10001@group-FF371CEDE24F, cid=42, seq=0, RW, Message:321f0a0f0a0d74657374...(size=33), reply=RaftClientReply:client-FBD57F74AF91->localhost_10001@group-FF371CEDE24F, cid=42, FAILED org.apache.ratis.protocol.NotLeaderException: Server localhost_10001@group-FF371CEDE24F is not the leader, logIndex=0, commits[localhost_10001:c-1]
2019-09-26 14:06:57,942 INFO  client.GrpcClientProtocolService (GrpcClientProtocolService.java:lambda$processClientRequest$0(278)) - Failed RaftClientRequest:client-FBD57F74AF91->localhost_10002@group-FF371CEDE24F, cid=42, seq=0, RW, Message:321f0a0f0a0d74657374...(size=33), reply=RaftClientReply:client-FBD57F74AF91->localhost_10002@group-FF371CEDE24F, cid=42, FAILED org.apache.ratis.protocol.NotLeaderException: Server localhost_10002@group-FF371CEDE24F is not the leader, logIndex=0, commits[localhost_10002:c-1]
2019-09-26 14:06:57,944 INFO  client.GrpcClientProtocolService (GrpcClientProtocolService.java:lambda$processClientRequest$0(278)) - Failed RaftClientRequest:client-FBD57F74AF91->localhost_10001@group-FF371CEDE24F, cid=42, seq=0, RW, Message:321f0a0f0a0d74657374...(size=33), reply=RaftClientReply:client-FBD57F74AF91->localhost_10001@group-FF371CEDE24F, cid=42, FAILED org.apache.ratis.protocol.NotLeaderException: Server localhost_10001@group-FF371CEDE24F is not the leader, logIndex=0, commits[localhost_10001:c-1]
2019-09-26 14:06:57,947 INFO  client.GrpcClientProtocolService (GrpcClientProtocolService.java:lambda$processClientRequest$0(278)) - Failed RaftClientRequest:client-FBD57F74AF91->localhost_10002@group-FF371CEDE24F, cid=42, seq=0, RW, Message:321f0a0f0a0d74657374...(size=33), reply=RaftClientReply:client-FBD57F74AF91->localhost_10002@group-FF371CEDE24F, cid=42, FAILED org.apache.ratis.protocol.NotLeaderException: Server localhost_10002@group-FF371CEDE24F is not the leader, logIndex=0, commits[localhost_10002:c-1]
2019-09-26 14:06:57,949 INFO  client.GrpcClientProtocolService (GrpcClientProtocolService.java:lambda$processClientRequest$0(278)) - Failed RaftClientRequest:client-FBD57F74AF91->localhost_10000@group-FF371CEDE24F, cid=42, seq=0, RW, Message:321f0a0f0a0d74657374...(size=33), reply=RaftClientReply:client-FBD57F74AF91->localhost_10000@group-FF371CEDE24F, cid=42, FAILED org.apache.ratis.protocol.NotLeaderException: Server localhost_10000@group-FF371CEDE24F is not the leader, logIndex=0, commits[localhost_10000:c-1]
2019-09-26 14:06:57,951 INFO  client.GrpcClientProtocolService (GrpcClientProtocolService.java:lambda$processClientRequest$0(278)) - Failed RaftClientRequest:client-FBD57F74AF91->localhost_10002@group-FF371CEDE24F, cid=42, seq=0, RW, Message:321f0a0f0a0d74657374...(size=33), reply=RaftClientReply:client-FBD57F74AF91->localhost_10002@group-FF371CEDE24F, cid=42, FAILED org.apache.ratis.protocol.NotLeaderException: Server localhost_10002@group-FF371CEDE24F is not the leader, logIndex=0, commits[localhost_10002:c-1]
2019-09-26 14:06:57,954 INFO  client.GrpcClientProtocolService (GrpcClientProtocolService.java:lambda$processClientRequest$0(278)) - Failed RaftClientRequest:client-FBD57F74AF91->localhost_10001@group-FF371CEDE24F, cid=42, seq=0, RW, Message:321f0a0f0a0d74657374...(size=33), reply=RaftClientReply:client-FBD57F74AF91->localhost_10001@group-FF371CEDE24F, cid=42, FAILED org.apache.ratis.protocol.NotLeaderException: Server localhost_10001@group-FF371CEDE24F is not the leader, logIndex=0, commits[localhost_10001:c-1]
2019-09-26 14:06:57,956 INFO  client.GrpcClientProtocolService (GrpcClientProtocolService.java:lambda$processClientRequest$0(278)) - Failed RaftClientRequest:client-FBD57F74AF91->localhost_10002@group-FF371CEDE24F, cid=42, seq=0, RW, Message:321f0a0f0a0d74657374...(size=33), reply=RaftClientReply:client-FBD57F74AF91->localhost_10002@group-FF371CEDE24F, cid=42, FAILED org.apache.ratis.protocol.NotLeaderException: Server localhost_10002@group-FF371CEDE24F is not the leader, logIndex=0, commits[localhost_10002:c-1]
2019-09-26 14:06:57,958 INFO  client.GrpcClientProtocolService (GrpcClientProtocolService.java:lambda$processClientRequest$0(278)) - Failed RaftClientRequest:client-FBD57F74AF91->localhost_10000@group-FF371CEDE24F, cid=42, seq=0, RW, Message:321f0a0f0a0d74657374...(size=33), reply=RaftClientReply:client-FBD57F74AF91->localhost_10000@group-FF371CEDE24F, cid=42, FAILED org.apache.ratis.protocol.NotLeaderException: Server localhost_10000@group-FF371CEDE24F is not the leader, logIndex=0, commits[localhost_10000:c-1]
2019-09-26 14:06:57,961 INFO  client.GrpcClientProtocolService (GrpcClientProtocolService.java:lambda$processClientRequest$0(278)) - Failed RaftClientRequest:client-FBD57F74AF91->localhost_10001@group-FF371CEDE24F, cid=42, seq=0, RW, Message:321f0a0f0a0d74657374...(size=33), reply=RaftClientReply:client-FBD57F74AF91->localhost_10001@group-FF371CEDE24F, cid=42, FAILED org.apache.ratis.protocol.NotLeaderException: Server localhost_10001@group-FF371CEDE24F is not the leader, logIndex=0, commits[localhost_10001:c-1]
2019-09-26 14:06:57,963 INFO  client.GrpcClientProtocolService (GrpcClientProtocolService.java:lambda$processClientRequest$0(278)) - Failed RaftClientRequest:client-FBD57F74AF91->localhost_10002@group-FF371CEDE24F, cid=42, seq=0, RW, Message:321f0a0f0a0d74657374...(size=33), reply=RaftClientReply:client-FBD57F74AF91->localhost_10002@group-FF371CEDE24F, cid=42, FAILED org.apache.ratis.protocol.NotLeaderException: Server localhost_10002@group-FF371CEDE24F is not the leader, logIndex=0, commits[localhost_10002:c-1]
2019-09-26 14:06:57,965 INFO  client.GrpcClientProtocolService (GrpcClientProtocolService.java:lambda$processClientRequest$0(278)) - Failed RaftClientRequest:client-FBD57F74AF91->localhost_10001@group-FF371CEDE24F, cid=42, seq=0, RW, Message:321f0a0f0a0d74657374...(size=33), reply=RaftClientReply:client-FBD57F74AF91->localhost_10001@group-FF371CEDE24F, cid=42, FAILED org.apache.ratis.protocol.NotLeaderException: Server localhost_10001@group-FF371CEDE24F is not the leader, logIndex=0, commits[localhost_10001:c-1]
2019-09-26 14:06:57,967 INFO  client.GrpcClientProtocolService (GrpcClientProtocolService.java:lambda$processClientRequest$0(278)) - Failed RaftClientRequest:client-FBD57F74AF91->localhost_10002@group-FF371CEDE24F, cid=42, seq=0, RW, Message:321f0a0f0a0d74657374...(size=33), reply=RaftClientReply:client-FBD57F74AF91->localhost_10002@group-FF371CEDE24F, cid=42, FAILED org.apache.ratis.protocol.NotLeaderException: Server localhost_10002@group-FF371CEDE24F is not the leader, logIndex=0, commits[localhost_10002:c-1]
2019-09-26 14:06:57,969 INFO  client.GrpcClientProtocolService (GrpcClientProtocolService.java:lambda$processClientRequest$0(278)) - Failed RaftClientRequest:client-FBD57F74AF91->localhost_10000@group-FF371CEDE24F, cid=42, seq=0, RW, Message:321f0a0f0a0d74657374...(size=33), reply=RaftClientReply:client-FBD57F74AF91->localhost_10000@group-FF371CEDE24F, cid=42, FAILED org.apache.ratis.protocol.NotLeaderException: Server localhost_10000@group-FF371CEDE24F is not the leader, logIndex=0, commits[localhost_10000:c-1]
2019-09-26 14:06:57,971 INFO  client.GrpcClientProtocolService (GrpcClientProtocolService.java:lambda$processClientRequest$0(278)) - Failed RaftClientRequest:client-FBD57F74AF91->localhost_10001@group-FF371CEDE24F, cid=42, seq=0, RW, Message:321f0a0f0a0d74657374...(size=33), reply=RaftClientReply:client-FBD57F74AF91->localhost_10001@group-FF371CEDE24F, cid=42, FAILED org.apache.ratis.protocol.NotLeaderException: Server localhost_10001@group-FF371CEDE24F is not the leader, logIndex=0, commits[localhost_10001:c-1]
2019-09-26 14:06:57,972 INFO  client.GrpcClientProtocolService (GrpcClientProtocolService.java:lambda$processClientRequest$0(278)) - Failed RaftClientRequest:client-FBD57F74AF91->localhost_10002@group-FF371CEDE24F, cid=42, seq=0, RW, Message:321f0a0f0a0d74657374...(size=33), reply=RaftClientReply:client-FBD57F74AF91->localhost_10002@group-FF371CEDE24F, cid=42, FAILED org.apache.ratis.protocol.NotLeaderException: Server localhost_10002@group-FF371CEDE24F is not the leader, logIndex=0, commits[localhost_10002:c-1]
2019-09-26 14:06:57,975 INFO  client.GrpcClientProtocolService (GrpcClientProtocolService.java:lambda$processClientRequest$0(278)) - Failed RaftClientRequest:client-FBD57F74AF91->localhost_10001@group-FF371CEDE24F, cid=42, seq=0, RW, Message:321f0a0f0a0d74657374...(size=33), reply=RaftClientReply:client-FBD57F74AF91->localhost_10001@group-FF371CEDE24F, cid=42, FAILED org.apache.ratis.protocol.NotLeaderException: Server localhost_10001@group-FF371CEDE24F is not the leader, logIndex=0, commits[localhost_10001:c-1]
2019-09-26 14:06:57,977 INFO  client.GrpcClientProtocolService (GrpcClientProtocolService.java:lambda$processClientRequest$0(278)) - Failed RaftClientRequest:client-FBD57F74AF91->localhost_10000@group-FF371CEDE24F, cid=42, seq=0, RW, Message:321f0a0f0a0d74657374...(size=33), reply=RaftClientReply:client-FBD57F74AF91->localhost_10000@group-FF371CEDE24F, cid=42, FAILED org.apache.ratis.protocol.NotLeaderException: Server localhost_10000@group-FF371CEDE24F is not the leader, logIndex=0, commits[localhost_10000:c-1]
2019-09-26 14:06:57,980 INFO  client.GrpcClientProtocolService (GrpcClientProtocolService.java:lambda$processClientRequest$0(278)) - Failed RaftClientRequest:client-FBD57F74AF91->localhost_10002@group-FF371CEDE24F, cid=42, seq=0, RW, Message:321f0a0f0a0d74657374...(size=33), reply=RaftClientReply:client-FBD57F74AF91->localhost_10002@group-FF371CEDE24F, cid=42, FAILED org.apache.ratis.protocol.NotLeaderException: Server localhost_10002@group-FF371CEDE24F is not the leader, logIndex=0, commits[localhost_10002:c-1]
2019-09-26 14:06:57,982 INFO  client.GrpcClientProtocolService (GrpcClientProtocolService.java:lambda$processClientRequest$0(278)) - Failed RaftClientRequest:client-FBD57F74AF91->localhost_10001@group-FF371CEDE24F, cid=42, seq=0, RW, Message:321f0a0f0a0d74657374...(size=33), reply=RaftClientReply:client-FBD57F74AF91->localhost_10001@group-FF371CEDE24F, cid=42, FAILED org.apache.ratis.protocol.NotLeaderException: Server localhost_10001@group-FF371CEDE24F is not the leader, logIndex=0, commits[localhost_10001:c-1]
2019-09-26 14:06:57,984 INFO  client.GrpcClientProtocolService (GrpcClientProtocolService.java:lambda$processClientRequest$0(278)) - Failed RaftClientRequest:client-FBD57F74AF91->localhost_10000@group-FF371CEDE24F, cid=42, seq=0, RW, Message:321f0a0f0a0d74657374...(size=33), reply=RaftClientReply:client-FBD57F74AF91->localhost_10000@group-FF371CEDE24F, cid=42, FAILED org.apache.ratis.protocol.NotLeaderException: Server localhost_10000@group-FF371CEDE24F is not the leader, logIndex=0, commits[localhost_10000:c-1]
2019-09-26 14:06:57,986 INFO  client.GrpcClientProtocolService (GrpcClientProtocolService.java:lambda$processClientRequest$0(278)) - Failed RaftClientRequest:client-FBD57F74AF91->localhost_10002@group-FF371CEDE24F, cid=42, seq=0, RW, Message:321f0a0f0a0d74657374...(size=33), reply=RaftClientReply:client-FBD57F74AF91->localhost_10002@group-FF371CEDE24F, cid=42, FAILED org.apache.ratis.protocol.NotLeaderException: Server localhost_10002@group-FF371CEDE24F is not the leader, logIndex=0, commits[localhost_10002:c-1]
2019-09-26 14:06:57,988 INFO  client.GrpcClientProtocolService (GrpcClientProtocolService.java:lambda$processClientRequest$0(278)) - Failed RaftClientRequest:client-FBD57F74AF91->localhost_10000@group-FF371CEDE24F, cid=42, seq=0, RW, Message:321f0a0f0a0d74657374...(size=33), reply=RaftClientReply:client-FBD57F74AF91->localhost_10000@group-FF371CEDE24F, cid=42, FAILED org.apache.ratis.protocol.NotLeaderException: Server localhost_10000@group-FF371CEDE24F is not the leader, logIndex=0, commits[localhost_10000:c-1]
2019-09-26 14:06:57,990 INFO  client.GrpcClientProtocolService (GrpcClientProtocolService.java:lambda$processClientRequest$0(278)) - Failed RaftClientRequest:client-FBD57F74AF91->localhost_10001@group-FF371CEDE24F, cid=42, seq=0, RW, Message:321f0a0f0a0d74657374...(size=33), reply=RaftClientReply:client-FBD57F74AF91->localhost_10001@group-FF371CEDE24F, cid=42, FAILED org.apache.ratis.protocol.NotLeaderException: Server localhost_10001@group-FF371CEDE24F is not the leader, logIndex=0, commits[localhost_10001:c-1]
2019-09-26 14:06:57,992 INFO  client.GrpcClientProtocolService (GrpcClientProtocolService.java:lambda$processClientRequest$0(278)) - Failed RaftClientRequest:client-FBD57F74AF91->localhost_10000@group-FF371CEDE24F, cid=42, seq=0, RW, Message:321f0a0f0a0d74657374...(size=33), reply=RaftClientReply:client-FBD57F74AF91->localhost_10000@group-FF371CEDE24F, cid=42, FAILED org.apache.ratis.protocol.NotLeaderException: Server localhost_10000@group-FF371CEDE24F is not the leader, logIndex=0, commits[localhost_10000:c-1]
2019-09-26 14:06:57,994 INFO  client.GrpcClientProtocolService (GrpcClientProtocolService.java:lambda$processClientRequest$0(278)) - Failed RaftClientRequest:client-FBD57F74AF91->localhost_10002@group-FF371CEDE24F, cid=42, seq=0, RW, Message:321f0a0f0a0d74657374...(size=33), reply=RaftClientReply:client-FBD57F74AF91->localhost_10002@group-FF371CEDE24F, cid=42, FAILED org.apache.ratis.protocol.NotLeaderException: Server localhost_10002@group-FF371CEDE24F is not the leader, logIndex=0, commits[localhost_10002:c-1]
2019-09-26 14:06:57,996 INFO  client.GrpcClientProtocolService (GrpcClientProtocolService.java:lambda$processClientRequest$0(278)) - Failed RaftClientRequest:client-FBD57F74AF91->localhost_10000@group-FF371CEDE24F, cid=42, seq=0, RW, Message:321f0a0f0a0d74657374...(size=33), reply=RaftClientReply:client-FBD57F74AF91->localhost_10000@group-FF371CEDE24F, cid=42, FAILED org.apache.ratis.protocol.NotLeaderException: Server localhost_10000@group-FF371CEDE24F is not the leader, logIndex=0, commits[localhost_10000:c-1]
2019-09-26 14:06:57,998 INFO  client.GrpcClientProtocolService (GrpcClientProtocolService.java:lambda$processClientRequest$0(278)) - Failed RaftClientRequest:client-FBD57F74AF91->localhost_10002@group-FF371CEDE24F, cid=42, seq=0, RW, Message:321f0a0f0a0d74657374...(size=33), reply=RaftClientReply:client-FBD57F74AF91->localhost_10002@group-FF371CEDE24F, cid=42, FAILED org.apache.ratis.protocol.NotLeaderException: Server localhost_10002@group-FF371CEDE24F is not the leader, logIndex=0, commits[localhost_10002:c-1]
2019-09-26 14:06:58,000 INFO  client.GrpcClientProtocolService (GrpcClientProtocolService.java:lambda$processClientRequest$0(278)) - Failed RaftClientRequest:client-FBD57F74AF91->localhost_10000@group-FF371CEDE24F, cid=42, seq=0, RW, Message:321f0a0f0a0d74657374...(size=33), reply=RaftClientReply:client-FBD57F74AF91->localhost_10000@group-FF371CEDE24F, cid=42, FAILED org.apache.ratis.protocol.NotLeaderException: Server localhost_10000@group-FF371CEDE24F is not the leader, logIndex=0, commits[localhost_10000:c-1]
2019-09-26 14:06:58,003 INFO  client.GrpcClientProtocolService (GrpcClientProtocolService.java:lambda$processClientRequest$0(278)) - Failed RaftClientRequest:client-FBD57F74AF91->localhost_10001@group-FF371CEDE24F, cid=42, seq=0, RW, Message:321f0a0f0a0d74657374...(size=33), reply=RaftClientReply:client-FBD57F74AF91->localhost_10001@group-FF371CEDE24F, cid=42, FAILED org.apache.ratis.protocol.NotLeaderException: Server localhost_10001@group-FF371CEDE24F is not the leader, logIndex=0, commits[localhost_10001:c-1]
2019-09-26 14:06:58,005 INFO  client.GrpcClientProtocolService (GrpcClientProtocolService.java:lambda$processClientRequest$0(278)) - Failed RaftClientRequest:client-FBD57F74AF91->localhost_10002@group-FF371CEDE24F, cid=42, seq=0, RW, Message:321f0a0f0a0d74657374...(size=33), reply=RaftClientReply:client-FBD57F74AF91->localhost_10002@group-FF371CEDE24F, cid=42, FAILED org.apache.ratis.protocol.NotLeaderException: Server localhost_10002@group-FF371CEDE24F is not the leader, logIndex=0, commits[localhost_10002:c-1]
2019-09-26 14:06:58,006 INFO  client.GrpcClientProtocolService (GrpcClientProtocolService.java:lambda$processClientRequest$0(278)) - Failed RaftClientRequest:client-FBD57F74AF91->localhost_10001@group-FF371CEDE24F, cid=42, seq=0, RW, Message:321f0a0f0a0d74657374...(size=33), reply=RaftClientReply:client-FBD57F74AF91->localhost_10001@group-FF371CEDE24F, cid=42, FAILED org.apache.ratis.protocol.NotLeaderException: Server localhost_10001@group-FF371CEDE24F is not the leader, logIndex=0, commits[localhost_10001:c-1]
2019-09-26 14:06:58,008 INFO  client.GrpcClientProtocolService (GrpcClientProtocolService.java:lambda$processClientRequest$0(278)) - Failed RaftClientRequest:client-FBD57F74AF91->localhost_10002@group-FF371CEDE24F, cid=42, seq=0, RW, Message:321f0a0f0a0d74657374...(size=33), reply=RaftClientReply:client-FBD57F74AF91->localhost_10002@group-FF371CEDE24F, cid=42, FAILED org.apache.ratis.protocol.NotLeaderException: Server localhost_10002@group-FF371CEDE24F is not the leader, logIndex=0, commits[localhost_10002:c-1]
2019-09-26 14:06:58,010 INFO  client.GrpcClientProtocolService (GrpcClientProtocolService.java:lambda$processClientRequest$0(278)) - Failed RaftClientRequest:client-FBD57F74AF91->localhost_10001@group-FF371CEDE24F, cid=42, seq=0, RW, Message:321f0a0f0a0d74657374...(size=33), reply=RaftClientReply:client-FBD57F74AF91->localhost_10001@group-FF371CEDE24F, cid=42, FAILED org.apache.ratis.protocol.NotLeaderException: Server localhost_10001@group-FF371CEDE24F is not the leader, logIndex=0, commits[localhost_10001:c-1]
2019-09-26 14:06:58,012 INFO  client.GrpcClientProtocolService (GrpcClientProtocolService.java:lambda$processClientRequest$0(278)) - Failed RaftClientRequest:client-FBD57F74AF91->localhost_10002@group-FF371CEDE24F, cid=42, seq=0, RW, Message:321f0a0f0a0d74657374...(size=33), reply=RaftClientReply:client-FBD57F74AF91->localhost_10002@group-FF371CEDE24F, cid=42, FAILED org.apache.ratis.protocol.NotLeaderException: Server localhost_10002@group-FF371CEDE24F is not the leader, logIndex=0, commits[localhost_10002:c-1]
2019-09-26 14:06:58,015 INFO  client.GrpcClientProtocolService (GrpcClientProtocolService.java:lambda$processClientRequest$0(278)) - Failed RaftClientRequest:client-FBD57F74AF91->localhost_10000@group-FF371CEDE24F, cid=42, seq=0, RW, Message:321f0a0f0a0d74657374...(size=33), reply=RaftClientReply:client-FBD57F74AF91->localhost_10000@group-FF371CEDE24F, cid=42, FAILED org.apache.ratis.protocol.NotLeaderException: Server localhost_10000@group-FF371CEDE24F is not the leader, logIndex=0, commits[localhost_10000:c-1]
2019-09-26 14:06:58,017 INFO  client.GrpcClientProtocolService (GrpcClientProtocolService.java:lambda$processClientRequest$0(278)) - Failed RaftClientRequest:client-FBD57F74AF91->localhost_10002@group-FF371CEDE24F, cid=42, seq=0, RW, Message:321f0a0f0a0d74657374...(size=33), reply=RaftClientReply:client-FBD57F74AF91->localhost_10002@group-FF371CEDE24F, cid=42, FAILED org.apache.ratis.protocol.NotLeaderException: Server localhost_10002@group-FF371CEDE24F is not the leader, logIndex=0, commits[localhost_10002:c-1]
2019-09-26 14:06:58,019 INFO  client.GrpcClientProtocolService (GrpcClientProtocolService.java:lambda$processClientRequest$0(278)) - Failed RaftClientRequest:client-FBD57F74AF91->localhost_10000@group-FF371CEDE24F, cid=42, seq=0, RW, Message:321f0a0f0a0d74657374...(size=33), reply=RaftClientReply:client-FBD57F74AF91->localhost_10000@group-FF371CEDE24F, cid=42, FAILED org.apache.ratis.protocol.NotLeaderException: Server localhost_10000@group-FF371CEDE24F is not the leader, logIndex=0, commits[localhost_10000:c-1]
2019-09-26 14:06:58,022 INFO  client.GrpcClientProtocolService (GrpcClientProtocolService.java:lambda$processClientRequest$0(278)) - Failed RaftClientRequest:client-FBD57F74AF91->localhost_10002@group-FF371CEDE24F, cid=42, seq=0, RW, Message:321f0a0f0a0d74657374...(size=33), reply=RaftClientReply:client-FBD57F74AF91->localhost_10002@group-FF371CEDE24F, cid=42, FAILED org.apache.ratis.protocol.NotLeaderException: Server localhost_10002@group-FF371CEDE24F is not the leader, logIndex=0, commits[localhost_10002:c-1]
2019-09-26 14:06:58,024 INFO  client.GrpcClientProtocolService (GrpcClientProtocolService.java:lambda$processClientRequest$0(278)) - Failed RaftClientRequest:client-FBD57F74AF91->localhost_10001@group-FF371CEDE24F, cid=42, seq=0, RW, Message:321f0a0f0a0d74657374...(size=33), reply=RaftClientReply:client-FBD57F74AF91->localhost_10001@group-FF371CEDE24F, cid=42, FAILED org.apache.ratis.protocol.NotLeaderException: Server localhost_10001@group-FF371CEDE24F is not the leader, logIndex=0, commits[localhost_10001:c-1]
2019-09-26 14:06:58,026 INFO  client.GrpcClientProtocolService (GrpcClientProtocolService.java:lambda$processClientRequest$0(278)) - Failed RaftClientRequest:client-FBD57F74AF91->localhost_10002@group-FF371CEDE24F, cid=42, seq=0, RW, Message:321f0a0f0a0d74657374...(size=33), reply=RaftClientReply:client-FBD57F74AF91->localhost_10002@group-FF371CEDE24F, cid=42, FAILED org.apache.ratis.protocol.NotLeaderException: Server localhost_10002@group-FF371CEDE24F is not the leader, logIndex=0, commits[localhost_10002:c-1]
2019-09-26 14:06:58,029 INFO  client.GrpcClientProtocolService (GrpcClientProtocolService.java:lambda$processClientRequest$0(278)) - Failed RaftClientRequest:client-FBD57F74AF91->localhost_10000@group-FF371CEDE24F, cid=42, seq=0, RW, Message:321f0a0f0a0d74657374...(size=33), reply=RaftClientReply:client-FBD57F74AF91->localhost_10000@group-FF371CEDE24F, cid=42, FAILED org.apache.ratis.protocol.NotLeaderException: Server localhost_10000@group-FF371CEDE24F is not the leader, logIndex=0, commits[localhost_10000:c-1]
2019-09-26 14:06:58,031 INFO  client.GrpcClientProtocolService (GrpcClientProtocolService.java:lambda$processClientRequest$0(278)) - Failed RaftClientRequest:client-FBD57F74AF91->localhost_10001@group-FF371CEDE24F, cid=42, seq=0, RW, Message:321f0a0f0a0d74657374...(size=33), reply=RaftClientReply:client-FBD57F74AF91->localhost_10001@group-FF371CEDE24F, cid=42, FAILED org.apache.ratis.protocol.NotLeaderException: Server localhost_10001@group-FF371CEDE24F is not the leader, logIndex=0, commits[localhost_10001:c-1]
2019-09-26 14:06:58,034 INFO  client.GrpcClientProtocolService (GrpcClientProtocolService.java:lambda$processClientRequest$0(278)) - Failed RaftClientRequest:client-FBD57F74AF91->localhost_10000@group-FF371CEDE24F, cid=42, seq=0, RW, Message:321f0a0f0a0d74657374...(size=33), reply=RaftClientReply:client-FBD57F74AF91->localhost_10000@group-FF371CEDE24F, cid=42, FAILED org.apache.ratis.protocol.NotLeaderException: Server localhost_10000@group-FF371CEDE24F is not the leader, logIndex=0, commits[localhost_10000:c-1]
2019-09-26 14:06:58,036 INFO  client.GrpcClientProtocolService (GrpcClientProtocolService.java:lambda$processClientRequest$0(278)) - Failed RaftClientRequest:client-FBD57F74AF91->localhost_10001@group-FF371CEDE24F, cid=42, seq=0, RW, Message:321f0a0f0a0d74657374...(size=33), reply=RaftClientReply:client-FBD57F74AF91->localhost_10001@group-FF371CEDE24F, cid=42, FAILED org.apache.ratis.protocol.NotLeaderException: Server localhost_10001@group-FF371CEDE24F is not the leader, logIndex=0, commits[localhost_10001:c-1]
2019-09-26 14:06:58,038 INFO  client.GrpcClientProtocolService (GrpcClientProtocolService.java:lambda$processClientRequest$0(278)) - Failed RaftClientRequest:client-FBD57F74AF91->localhost_10002@group-FF371CEDE24F, cid=42, seq=0, RW, Message:321f0a0f0a0d74657374...(size=33), reply=RaftClientReply:client-FBD57F74AF91->localhost_10002@group-FF371CEDE24F, cid=42, FAILED org.apache.ratis.protocol.NotLeaderException: Server localhost_10002@group-FF371CEDE24F is not the leader, logIndex=0, commits[localhost_10002:c-1]
2019-09-26 14:06:58,041 INFO  client.GrpcClientProtocolService (GrpcClientProtocolService.java:lambda$processClientRequest$0(278)) - Failed RaftClientRequest:client-FBD57F74AF91->localhost_10001@group-FF371CEDE24F, cid=42, seq=0, RW, Message:321f0a0f0a0d74657374...(size=33), reply=RaftClientReply:client-FBD57F74AF91->localhost_10001@group-FF371CEDE24F, cid=42, FAILED org.apache.ratis.protocol.NotLeaderException: Server localhost_10001@group-FF371CEDE24F is not the leader, logIndex=0, commits[localhost_10001:c-1]
2019-09-26 14:06:58,043 INFO  client.GrpcClientProtocolService (GrpcClientProtocolService.java:lambda$processClientRequest$0(278)) - Failed RaftClientRequest:client-FBD57F74AF91->localhost_10000@group-FF371CEDE24F, cid=42, seq=0, RW, Message:321f0a0f0a0d74657374...(size=33), reply=RaftClientReply:client-FBD57F74AF91->localhost_10000@group-FF371CEDE24F, cid=42, FAILED org.apache.ratis.protocol.NotLeaderException: Server localhost_10000@group-FF371CEDE24F is not the leader, logIndex=0, commits[localhost_10000:c-1]
2019-09-26 14:06:58,045 INFO  client.GrpcClientProtocolService (GrpcClientProtocolService.java:lambda$processClientRequest$0(278)) - Failed RaftClientRequest:client-FBD57F74AF91->localhost_10002@group-FF371CEDE24F, cid=42, seq=0, RW, Message:321f0a0f0a0d74657374...(size=33), reply=RaftClientReply:client-FBD57F74AF91->localhost_10002@group-FF371CEDE24F, cid=42, FAILED org.apache.ratis.protocol.NotLeaderException: Server localhost_10002@group-FF371CEDE24F is not the leader, logIndex=0, commits[localhost_10002:c-1]
2019-09-26 14:06:58,047 INFO  client.GrpcClientProtocolService (GrpcClientProtocolService.java:lambda$processClientRequest$0(278)) - Failed RaftClientRequest:client-FBD57F74AF91->localhost_10001@group-FF371CEDE24F, cid=42, seq=0, RW, Message:321f0a0f0a0d74657374...(size=33), reply=RaftClientReply:client-FBD57F74AF91->localhost_10001@group-FF371CEDE24F, cid=42, FAILED org.apache.ratis.protocol.NotLeaderException: Server localhost_10001@group-FF371CEDE24F is not the leader, logIndex=0, commits[localhost_10001:c-1]
2019-09-26 14:06:58,049 INFO  client.GrpcClientProtocolService (GrpcClientProtocolService.java:lambda$processClientRequest$0(278)) - Failed RaftClientRequest:client-FBD57F74AF91->localhost_10002@group-FF371CEDE24F, cid=42, seq=0, RW, Message:321f0a0f0a0d74657374...(size=33), reply=RaftClientReply:client-FBD57F74AF91->localhost_10002@group-FF371CEDE24F, cid=42, FAILED org.apache.ratis.protocol.NotLeaderException: Server localhost_10002@group-FF371CEDE24F is not the leader, logIndex=0, commits[localhost_10002:c-1]
2019-09-26 14:06:58,051 INFO  client.GrpcClientProtocolService (GrpcClientProtocolService.java:lambda$processClientRequest$0(278)) - Failed RaftClientRequest:client-FBD57F74AF91->localhost_10001@group-FF371CEDE24F, cid=42, seq=0, RW, Message:321f0a0f0a0d74657374...(size=33), reply=RaftClientReply:client-FBD57F74AF91->localhost_10001@group-FF371CEDE24F, cid=42, FAILED org.apache.ratis.protocol.NotLeaderException: Server localhost_10001@group-FF371CEDE24F is not the leader, logIndex=0, commits[localhost_10001:c-1]
2019-09-26 14:06:58,053 INFO  client.GrpcClientProtocolService (GrpcClientProtocolService.java:lambda$processClientRequest$0(278)) - Failed RaftClientRequest:client-FBD57F74AF91->localhost_10000@group-FF371CEDE24F, cid=42, seq=0, RW, Message:321f0a0f0a0d74657374...(size=33), reply=RaftClientReply:client-FBD57F74AF91->localhost_10000@group-FF371CEDE24F, cid=42, FAILED org.apache.ratis.protocol.NotLeaderException: Server localhost_10000@group-FF371CEDE24F is not the leader, logIndex=0, commits[localhost_10000:c-1]
2019-09-26 14:06:58,056 INFO  client.GrpcClientProtocolService (GrpcClientProtocolService.java:lambda$processClientRequest$0(278)) - Failed RaftClientRequest:client-FBD57F74AF91->localhost_10002@group-FF371CEDE24F, cid=42, seq=0, RW, Message:321f0a0f0a0d74657374...(size=33), reply=RaftClientReply:client-FBD57F74AF91->localhost_10002@group-FF371CEDE24F, cid=42, FAILED org.apache.ratis.protocol.NotLeaderException: Server localhost_10002@group-FF371CEDE24F is not the leader, logIndex=0, commits[localhost_10002:c-1]
2019-09-26 14:06:58,058 INFO  client.GrpcClientProtocolService (GrpcClientProtocolService.java:lambda$processClientRequest$0(278)) - Failed RaftClientRequest:client-FBD57F74AF91->localhost_10000@group-FF371CEDE24F, cid=42, seq=0, RW, Message:321f0a0f0a0d74657374...(size=33), reply=RaftClientReply:client-FBD57F74AF91->localhost_10000@group-FF371CEDE24F, cid=42, FAILED org.apache.ratis.protocol.NotLeaderException: Server localhost_10000@group-FF371CEDE24F is not the leader, logIndex=0, commits[localhost_10000:c-1]
2019-09-26 14:06:58,060 INFO  client.GrpcClientProtocolService (GrpcClientProtocolService.java:lambda$processClientRequest$0(278)) - Failed RaftClientRequest:client-FBD57F74AF91->localhost_10002@group-FF371CEDE24F, cid=42, seq=0, RW, Message:321f0a0f0a0d74657374...(size=33), reply=RaftClientReply:client-FBD57F74AF91->localhost_10002@group-FF371CEDE24F, cid=42, FAILED org.apache.ratis.protocol.NotLeaderException: Server localhost_10002@group-FF371CEDE24F is not the leader, logIndex=0, commits[localhost_10002:c-1]
2019-09-26 14:06:58,063 INFO  client.GrpcClientProtocolService (GrpcClientProtocolService.java:lambda$processClientRequest$0(278)) - Failed RaftClientRequest:client-FBD57F74AF91->localhost_10001@group-FF371CEDE24F, cid=42, seq=0, RW, Message:321f0a0f0a0d74657374...(size=33), reply=RaftClientReply:client-FBD57F74AF91->localhost_10001@group-FF371CEDE24F, cid=42, FAILED org.apache.ratis.protocol.NotLeaderException: Server localhost_10001@group-FF371CEDE24F is not the leader, logIndex=0, commits[localhost_10001:c-1]
2019-09-26 14:06:58,065 INFO  client.GrpcClientProtocolService (GrpcClientProtocolService.java:lambda$processClientRequest$0(278)) - Failed RaftClientRequest:client-FBD57F74AF91->localhost_10002@group-FF371CEDE24F, cid=42, seq=0, RW, Message:321f0a0f0a0d74657374...(size=33), reply=RaftClientReply:client-FBD57F74AF91->localhost_10002@group-FF371CEDE24F, cid=42, FAILED org.apache.ratis.protocol.NotLeaderException: Server localhost_10002@group-FF371CEDE24F is not the leader, logIndex=0, commits[localhost_10002:c-1]
2019-09-26 14:06:58,067 INFO  client.GrpcClientProtocolService (GrpcClientProtocolService.java:lambda$processClientRequest$0(278)) - Failed RaftClientRequest:client-FBD57F74AF91->localhost_10001@group-FF371CEDE24F, cid=42, seq=0, RW, Message:321f0a0f0a0d74657374...(size=33), reply=RaftClientReply:client-FBD57F74AF91->localhost_10001@group-FF371CEDE24F, cid=42, FAILED org.apache.ratis.protocol.NotLeaderException: Server localhost_10001@group-FF371CEDE24F is not the leader, logIndex=0, commits[localhost_10001:c-1]
2019-09-26 14:06:58,069 INFO  client.GrpcClientProtocolService (GrpcClientProtocolService.java:lambda$processClientRequest$0(278)) - Failed RaftClientRequest:client-FBD57F74AF91->localhost_10002@group-FF371CEDE24F, cid=42, seq=0, RW, Message:321f0a0f0a0d74657374...(size=33), reply=RaftClientReply:client-FBD57F74AF91->localhost_10002@group-FF371CEDE24F, cid=42, FAILED org.apache.ratis.protocol.NotLeaderException: Server localhost_10002@group-FF371CEDE24F is not the leader, logIndex=0, commits[localhost_10002:c-1]
2019-09-26 14:06:58,071 INFO  client.GrpcClientProtocolService (GrpcClientProtocolService.java:lambda$processClientRequest$0(278)) - Failed RaftClientRequest:client-FBD57F74AF91->localhost_10001@group-FF371CEDE24F, cid=42, seq=0, RW, Message:321f0a0f0a0d74657374...(size=33), reply=RaftClientReply:client-FBD57F74AF91->localhost_10001@group-FF371CEDE24F, cid=42, FAILED org.apache.ratis.protocol.NotLeaderException: Server localhost_10001@group-FF371CEDE24F is not the leader, logIndex=0, commits[localhost_10001:c-1]
2019-09-26 14:06:58,074 INFO  client.GrpcClientProtocolService (GrpcClientProtocolService.java:lambda$processClientRequest$0(278)) - Failed RaftClientRequest:client-FBD57F74AF91->localhost_10000@group-FF371CEDE24F, cid=42, seq=0, RW, Message:321f0a0f0a0d74657374...(size=33), reply=RaftClientReply:client-FBD57F74AF91->localhost_10000@group-FF371CEDE24F, cid=42, FAILED org.apache.ratis.protocol.NotLeaderException: Server localhost_10000@group-FF371CEDE24F is not the leader, logIndex=0, commits[localhost_10000:c-1]
2019-09-26 14:06:58,076 INFO  client.GrpcClientProtocolService (GrpcClientProtocolService.java:lambda$processClientRequest$0(278)) - Failed RaftClientRequest:client-FBD57F74AF91->localhost_10001@group-FF371CEDE24F, cid=42, seq=0, RW, Message:321f0a0f0a0d74657374...(size=33), reply=RaftClientReply:client-FBD57F74AF91->localhost_10001@group-FF371CEDE24F, cid=42, FAILED org.apache.ratis.protocol.NotLeaderException: Server localhost_10001@group-FF371CEDE24F is not the leader, logIndex=0, commits[localhost_10001:c-1]
2019-09-26 14:06:58,078 INFO  client.GrpcClientProtocolService (GrpcClientProtocolService.java:lambda$processClientRequest$0(278)) - Failed RaftClientRequest:client-FBD57F74AF91->localhost_10002@group-FF371CEDE24F, cid=42, seq=0, RW, Message:321f0a0f0a0d74657374...(size=33), reply=RaftClientReply:client-FBD57F74AF91->localhost_10002@group-FF371CEDE24F, cid=42, FAILED org.apache.ratis.protocol.NotLeaderException: Server localhost_10002@group-FF371CEDE24F is not the leader, logIndex=0, commits[localhost_10002:c-1]
2019-09-26 14:06:58,080 INFO  client.GrpcClientProtocolService (GrpcClientProtocolService.java:lambda$processClientRequest$0(278)) - Failed RaftClientRequest:client-FBD57F74AF91->localhost_10001@group-FF371CEDE24F, cid=42, seq=0, RW, Message:321f0a0f0a0d74657374...(size=33), reply=RaftClientReply:client-FBD57F74AF91->localhost_10001@group-FF371CEDE24F, cid=42, FAILED org.apache.ratis.protocol.NotLeaderException: Server localhost_10001@group-FF371CEDE24F is not the leader, logIndex=0, commits[localhost_10001:c-1]
2019-09-26 14:06:58,083 INFO  client.GrpcClientProtocolService (GrpcClientProtocolService.java:lambda$processClientRequest$0(278)) - Failed RaftClientRequest:client-FBD57F74AF91->localhost_10002@group-FF371CEDE24F, cid=42, seq=0, RW, Message:321f0a0f0a0d74657374...(size=33), reply=RaftClientReply:client-FBD57F74AF91->localhost_10002@group-FF371CEDE24F, cid=42, FAILED org.apache.ratis.protocol.NotLeaderException: Server localhost_10002@group-FF371CEDE24F is not the leader, logIndex=0, commits[localhost_10002:c-1]
2019-09-26 14:06:58,085 INFO  client.GrpcClientProtocolService (GrpcClientProtocolService.java:lambda$processClientRequest$0(278)) - Failed RaftClientRequest:client-FBD57F74AF91->localhost_10001@group-FF371CEDE24F, cid=42, seq=0, RW, Message:321f0a0f0a0d74657374...(size=33), reply=RaftClientReply:client-FBD57F74AF91->localhost_10001@group-FF371CEDE24F, cid=42, FAILED org.apache.ratis.protocol.NotLeaderException: Server localhost_10001@group-FF371CEDE24F is not the leader, logIndex=0, commits[localhost_10001:c-1]
2019-09-26 14:06:58,087 INFO  client.GrpcClientProtocolService (GrpcClientProtocolService.java:lambda$processClientRequest$0(278)) - Failed RaftClientRequest:client-FBD57F74AF91->localhost_10000@group-FF371CEDE24F, cid=42, seq=0, RW, Message:321f0a0f0a0d74657374...(size=33), reply=RaftClientReply:client-FBD57F74AF91->localhost_10000@group-FF371CEDE24F, cid=42, FAILED org.apache.ratis.protocol.NotLeaderException: Server localhost_10000@group-FF371CEDE24F is not the leader, logIndex=0, commits[localhost_10000:c-1]
2019-09-26 14:06:58,089 INFO  client.GrpcClientProtocolService (GrpcClientProtocolService.java:lambda$processClientRequest$0(278)) - Failed RaftClientRequest:client-FBD57F74AF91->localhost_10002@group-FF371CEDE24F, cid=42, seq=0, RW, Message:321f0a0f0a0d74657374...(size=33), reply=RaftClientReply:client-FBD57F74AF91->localhost_10002@group-FF371CEDE24F, cid=42, FAILED org.apache.ratis.protocol.NotLeaderException: Server localhost_10002@group-FF371CEDE24F is not the leader, logIndex=0, commits[localhost_10002:c-1]
2019-09-26 14:06:58,091 INFO  client.GrpcClientProtocolService (GrpcClientProtocolService.java:lambda$processClientRequest$0(278)) - Failed RaftClientRequest:client-FBD57F74AF91->localhost_10001@group-FF371CEDE24F, cid=42, seq=0, RW, Message:321f0a0f0a0d74657374...(size=33), reply=RaftClientReply:client-FBD57F74AF91->localhost_10001@group-FF371CEDE24F, cid=42, FAILED org.apache.ratis.protocol.NotLeaderException: Server localhost_10001@group-FF371CEDE24F is not the leader, logIndex=0, commits[localhost_10001:c-1]
2019-09-26 14:06:58,093 INFO  client.GrpcClientProtocolService (GrpcClientProtocolService.java:lambda$processClientRequest$0(278)) - Failed RaftClientRequest:client-FBD57F74AF91->localhost_10000@group-FF371CEDE24F, cid=42, seq=0, RW, Message:321f0a0f0a0d74657374...(size=33), reply=RaftClientReply:client-FBD57F74AF91->localhost_10000@group-FF371CEDE24F, cid=42, FAILED org.apache.ratis.protocol.NotLeaderException: Server localhost_10000@group-FF371CEDE24F is not the leader, logIndex=0, commits[localhost_10000:c-1]
2019-09-26 14:06:58,095 INFO  client.GrpcClientProtocolService (GrpcClientProtocolService.java:lambda$processClientRequest$0(278)) - Failed RaftClientRequest:client-FBD57F74AF91->localhost_10002@group-FF371CEDE24F, cid=42, seq=0, RW, Message:321f0a0f0a0d74657374...(size=33), reply=RaftClientReply:client-FBD57F74AF91->localhost_10002@group-FF371CEDE24F, cid=42, FAILED org.apache.ratis.protocol.NotLeaderException: Server localhost_10002@group-FF371CEDE24F is not the leader, logIndex=0, commits[localhost_10002:c-1]
2019-09-26 14:06:58,097 INFO  client.GrpcClientProtocolService (GrpcClientProtocolService.java:lambda$processClientRequest$0(278)) - Failed RaftClientRequest:client-FBD57F74AF91->localhost_10001@group-FF371CEDE24F, cid=42, seq=0, RW, Message:321f0a0f0a0d74657374...(size=33), reply=RaftClientReply:client-FBD57F74AF91->localhost_10001@group-FF371CEDE24F, cid=42, FAILED org.apache.ratis.protocol.NotLeaderException: Server localhost_10001@group-FF371CEDE24F is not the leader, logIndex=0, commits[localhost_10001:c-1]
2019-09-26 14:06:58,099 INFO  client.GrpcClientProtocolService (GrpcClientProtocolService.java:lambda$processClientRequest$0(278)) - Failed RaftClientRequest:client-FBD57F74AF91->localhost_10002@group-FF371CEDE24F, cid=42, seq=0, RW, Message:321f0a0f0a0d74657374...(size=33), reply=RaftClientReply:client-FBD57F74AF91->localhost_10002@group-FF371CEDE24F, cid=42, FAILED org.apache.ratis.protocol.NotLeaderException: Server localhost_10002@group-FF371CEDE24F is not the leader, logIndex=0, commits[localhost_10002:c-1]
2019-09-26 14:06:58,101 INFO  client.GrpcClientProtocolService (GrpcClientProtocolService.java:lambda$processClientRequest$0(278)) - Failed RaftClientRequest:client-FBD57F74AF91->localhost_10001@group-FF371CEDE24F, cid=42, seq=0, RW, Message:321f0a0f0a0d74657374...(size=33), reply=RaftClientReply:client-FBD57F74AF91->localhost_10001@group-FF371CEDE24F, cid=42, FAILED org.apache.ratis.protocol.NotLeaderException: Server localhost_10001@group-FF371CEDE24F is not the leader, logIndex=0, commits[localhost_10001:c-1]
2019-09-26 14:06:58,103 INFO  client.GrpcClientProtocolService (GrpcClientProtocolService.java:lambda$processClientRequest$0(278)) - Failed RaftClientRequest:client-FBD57F74AF91->localhost_10002@group-FF371CEDE24F, cid=42, seq=0, RW, Message:321f0a0f0a0d74657374...(size=33), reply=RaftClientReply:client-FBD57F74AF91->localhost_10002@group-FF371CEDE24F, cid=42, FAILED org.apache.ratis.protocol.NotLeaderException: Server localhost_10002@group-FF371CEDE24F is not the leader, logIndex=0, commits[localhost_10002:c-1]
2019-09-26 14:06:58,105 INFO  client.GrpcClientProtocolService (GrpcClientProtocolService.java:lambda$processClientRequest$0(278)) - Failed RaftClientRequest:client-FBD57F74AF91->localhost_10000@group-FF371CEDE24F, cid=42, seq=0, RW, Message:321f0a0f0a0d74657374...(size=33), reply=RaftClientReply:client-FBD57F74AF91->localhost_10000@group-FF371CEDE24F, cid=42, FAILED org.apache.ratis.protocol.NotLeaderException: Server localhost_10000@group-FF371CEDE24F is not the leader, logIndex=0, commits[localhost_10000:c-1]
2019-09-26 14:06:58,108 INFO  client.GrpcClientProtocolService (GrpcClientProtocolService.java:lambda$processClientRequest$0(278)) - Failed RaftClientRequest:client-FBD57F74AF91->localhost_10002@group-FF371CEDE24F, cid=42, seq=0, RW, Message:321f0a0f0a0d74657374...(size=33), reply=RaftClientReply:client-FBD57F74AF91->localhost_10002@group-FF371CEDE24F, cid=42, FAILED org.apache.ratis.protocol.NotLeaderException: Server localhost_10002@group-FF371CEDE24F is not the leader, logIndex=0, commits[localhost_10002:c-1]
2019-09-26 14:06:58,109 INFO  client.GrpcClientProtocolService (GrpcClientProtocolService.java:lambda$processClientRequest$0(278)) - Failed RaftClientRequest:client-FBD57F74AF91->localhost_10001@group-FF371CEDE24F, cid=42, seq=0, RW, Message:321f0a0f0a0d74657374...(size=33), reply=RaftClientReply:client-FBD57F74AF91->localhost_10001@group-FF371CEDE24F, cid=42, FAILED org.apache.ratis.protocol.NotLeaderException: Server localhost_10001@group-FF371CEDE24F is not the leader, logIndex=0, commits[localhost_10001:c-1]
2019-09-26 14:06:58,111 INFO  client.GrpcClientProtocolService (GrpcClientProtocolService.java:lambda$processClientRequest$0(278)) - Failed RaftClientRequest:client-FBD57F74AF91->localhost_10002@group-FF371CEDE24F, cid=42, seq=0, RW, Message:321f0a0f0a0d74657374...(size=33), reply=RaftClientReply:client-FBD57F74AF91->localhost_10002@group-FF371CEDE24F, cid=42, FAILED org.apache.ratis.protocol.NotLeaderException: Server localhost_10002@group-FF371CEDE24F is not the leader, logIndex=0, commits[localhost_10002:c-1]
2019-09-26 14:06:58,113 INFO  client.GrpcClientProtocolService (GrpcClientProtocolService.java:lambda$processClientRequest$0(278)) - Failed RaftClientRequest:client-FBD57F74AF91->localhost_10000@group-FF371CEDE24F, cid=42, seq=0, RW, Message:321f0a0f0a0d74657374...(size=33), reply=RaftClientReply:client-FBD57F74AF91->localhost_10000@group-FF371CEDE24F, cid=42, FAILED org.apache.ratis.protocol.NotLeaderException: Server localhost_10000@group-FF371CEDE24F is not the leader, logIndex=0, commits[localhost_10000:c-1]
2019-09-26 14:06:58,115 INFO  client.GrpcClientProtocolService (GrpcClientProtocolService.java:lambda$processClientRequest$0(278)) - Failed RaftClientRequest:client-FBD57F74AF91->localhost_10002@group-FF371CEDE24F, cid=42, seq=0, RW, Message:321f0a0f0a0d74657374...(size=33), reply=RaftClientReply:client-FBD57F74AF91->localhost_10002@group-FF371CEDE24F, cid=42, FAILED org.apache.ratis.protocol.NotLeaderException: Server localhost_10002@group-FF371CEDE24F is not the leader, logIndex=0, commits[localhost_10002:c-1]
2019-09-26 14:06:58,117 INFO  client.GrpcClientProtocolService (GrpcClientProtocolService.java:lambda$processClientRequest$0(278)) - Failed RaftClientRequest:client-FBD57F74AF91->localhost_10001@group-FF371CEDE24F, cid=42, seq=0, RW, Message:321f0a0f0a0d74657374...(size=33), reply=RaftClientReply:client-FBD57F74AF91->localhost_10001@group-FF371CEDE24F, cid=42, FAILED org.apache.ratis.protocol.NotLeaderException: Server localhost_10001@group-FF371CEDE24F is not the leader, logIndex=0, commits[localhost_10001:c-1]
2019-09-26 14:06:58,119 INFO  client.GrpcClientProtocolService (GrpcClientProtocolService.java:lambda$processClientRequest$0(278)) - Failed RaftClientRequest:client-FBD57F74AF91->localhost_10000@group-FF371CEDE24F, cid=42, seq=0, RW, Message:321f0a0f0a0d74657374...(size=33), reply=RaftClientReply:client-FBD57F74AF91->localhost_10000@group-FF371CEDE24F, cid=42, FAILED org.apache.ratis.protocol.NotLeaderException: Server localhost_10000@group-FF371CEDE24F is not the leader, logIndex=0, commits[localhost_10000:c-1]
2019-09-26 14:06:58,121 INFO  client.GrpcClientProtocolService (GrpcClientProtocolService.java:lambda$processClientRequest$0(278)) - Failed RaftClientRequest:client-FBD57F74AF91->localhost_10001@group-FF371CEDE24F, cid=42, seq=0, RW, Message:321f0a0f0a0d74657374...(size=33), reply=RaftClientReply:client-FBD57F74AF91->localhost_10001@group-FF371CEDE24F, cid=42, FAILED org.apache.ratis.protocol.NotLeaderException: Server localhost_10001@group-FF371CEDE24F is not the leader, logIndex=0, commits[localhost_10001:c-1]
2019-09-26 14:06:58,123 INFO  client.GrpcClientProtocolService (GrpcClientProtocolService.java:lambda$processClientRequest$0(278)) - Failed RaftClientRequest:client-FBD57F74AF91->localhost_10002@group-FF371CEDE24F, cid=42, seq=0, RW, Message:321f0a0f0a0d74657374...(size=33), reply=RaftClientReply:client-FBD57F74AF91->localhost_10002@group-FF371CEDE24F, cid=42, FAILED org.apache.ratis.protocol.NotLeaderException: Server localhost_10002@group-FF371CEDE24F is not the leader, logIndex=0, commits[localhost_10002:c-1]
2019-09-26 14:06:58,125 INFO  client.GrpcClientProtocolService (GrpcClientProtocolService.java:lambda$processClientRequest$0(278)) - Failed RaftClientRequest:client-FBD57F74AF91->localhost_10000@group-FF371CEDE24F, cid=42, seq=0, RW, Message:321f0a0f0a0d74657374...(size=33), reply=RaftClientReply:client-FBD57F74AF91->localhost_10000@group-FF371CEDE24F, cid=42, FAILED org.apache.ratis.protocol.NotLeaderException: Server localhost_10000@group-FF371CEDE24F is not the leader, logIndex=0, commits[localhost_10000:c-1]
2019-09-26 14:06:58,127 INFO  client.GrpcClientProtocolService (GrpcClientProtocolService.java:lambda$processClientRequest$0(278)) - Failed RaftClientRequest:client-FBD57F74AF91->localhost_10001@group-FF371CEDE24F, cid=42, seq=0, RW, Message:321f0a0f0a0d74657374...(size=33), reply=RaftClientReply:client-FBD57F74AF91->localhost_10001@group-FF371CEDE24F, cid=42, FAILED org.apache.ratis.protocol.NotLeaderException: Server localhost_10001@group-FF371CEDE24F is not the leader, logIndex=0, commits[localhost_10001:c-1]
2019-09-26 14:06:58,129 INFO  client.GrpcClientProtocolService (GrpcClientProtocolService.java:lambda$processClientRequest$0(278)) - Failed RaftClientRequest:client-FBD57F74AF91->localhost_10000@group-FF371CEDE24F, cid=42, seq=0, RW, Message:321f0a0f0a0d74657374...(size=33), reply=RaftClientReply:client-FBD57F74AF91->localhost_10000@group-FF371CEDE24F, cid=42, FAILED org.apache.ratis.protocol.NotLeaderException: Server localhost_10000@group-FF371CEDE24F is not the leader, logIndex=0, commits[localhost_10000:c-1]
2019-09-26 14:06:58,131 INFO  client.GrpcClientProtocolService (GrpcClientProtocolService.java:lambda$processClientRequest$0(278)) - Failed RaftClientRequest:client-FBD57F74AF91->localhost_10001@group-FF371CEDE24F, cid=42, seq=0, RW, Message:321f0a0f0a0d74657374...(size=33), reply=RaftClientReply:client-FBD57F74AF91->localhost_10001@group-FF371CEDE24F, cid=42, FAILED org.apache.ratis.protocol.NotLeaderException: Server localhost_10001@group-FF371CEDE24F is not the leader, logIndex=0, commits[localhost_10001:c-1]
2019-09-26 14:06:58,133 INFO  client.GrpcClientProtocolService (GrpcClientProtocolService.java:lambda$processClientRequest$0(278)) - Failed RaftClientRequest:client-FBD57F74AF91->localhost_10000@group-FF371CEDE24F, cid=42, seq=0, RW, Message:321f0a0f0a0d74657374...(size=33), reply=RaftClientReply:client-FBD57F74AF91->localhost_10000@group-FF371CEDE24F, cid=42, FAILED org.apache.ratis.protocol.NotLeaderException: Server localhost_10000@group-FF371CEDE24F is not the leader, logIndex=0, commits[localhost_10000:c-1]
2019-09-26 14:06:58,135 INFO  client.GrpcClientProtocolService (GrpcClientProtocolService.java:lambda$processClientRequest$0(278)) - Failed RaftClientRequest:client-FBD57F74AF91->localhost_10001@group-FF371CEDE24F, cid=42, seq=0, RW, Message:321f0a0f0a0d74657374...(size=33), reply=RaftClientReply:client-FBD57F74AF91->localhost_10001@group-FF371CEDE24F, cid=42, FAILED org.apache.ratis.protocol.NotLeaderException: Server localhost_10001@group-FF371CEDE24F is not the leader, logIndex=0, commits[localhost_10001:c-1]
2019-09-26 14:06:58,138 INFO  client.GrpcClientProtocolService (GrpcClientProtocolService.java:lambda$processClientRequest$0(278)) - Failed RaftClientRequest:client-FBD57F74AF91->localhost_10000@group-FF371CEDE24F, cid=42, seq=0, RW, Message:321f0a0f0a0d74657374...(size=33), reply=RaftClientReply:client-FBD57F74AF91->localhost_10000@group-FF371CEDE24F, cid=42, FAILED org.apache.ratis.protocol.NotLeaderException: Server localhost_10000@group-FF371CEDE24F is not the leader, logIndex=0, commits[localhost_10000:c-1]
2019-09-26 14:06:58,140 INFO  client.GrpcClientProtocolService (GrpcClientProtocolService.java:lambda$processClientRequest$0(278)) - Failed RaftClientRequest:client-FBD57F74AF91->localhost_10001@group-FF371CEDE24F, cid=42, seq=0, RW, Message:321f0a0f0a0d74657374...(size=33), reply=RaftClientReply:client-FBD57F74AF91->localhost_10001@group-FF371CEDE24F, cid=42, FAILED org.apache.ratis.protocol.NotLeaderException: Server localhost_10001@group-FF371CEDE24F is not the leader, logIndex=0, commits[localhost_10001:c-1]
2019-09-26 14:06:58,142 INFO  client.GrpcClientProtocolService (GrpcClientProtocolService.java:lambda$processClientRequest$0(278)) - Failed RaftClientRequest:client-FBD57F74AF91->localhost_10000@group-FF371CEDE24F, cid=42, seq=0, RW, Message:321f0a0f0a0d74657374...(size=33), reply=RaftClientReply:client-FBD57F74AF91->localhost_10000@group-FF371CEDE24F, cid=42, FAILED org.apache.ratis.protocol.NotLeaderException: Server localhost_10000@group-FF371CEDE24F is not the leader, logIndex=0, commits[localhost_10000:c-1]
2019-09-26 14:06:58,144 INFO  client.GrpcClientProtocolService (GrpcClientProtocolService.java:lambda$processClientRequest$0(278)) - Failed RaftClientRequest:client-FBD57F74AF91->localhost_10002@group-FF371CEDE24F, cid=42, seq=0, RW, Message:321f0a0f0a0d74657374...(size=33), reply=RaftClientReply:client-FBD57F74AF91->localhost_10002@group-FF371CEDE24F, cid=42, FAILED org.apache.ratis.protocol.NotLeaderException: Server localhost_10002@group-FF371CEDE24F is not the leader, logIndex=0, commits[localhost_10002:c-1]
2019-09-26 14:06:58,146 INFO  client.GrpcClientProtocolService (GrpcClientProtocolService.java:lambda$processClientRequest$0(278)) - Failed RaftClientRequest:client-FBD57F74AF91->localhost_10001@group-FF371CEDE24F, cid=42, seq=0, RW, Message:321f0a0f0a0d74657374...(size=33), reply=RaftClientReply:client-FBD57F74AF91->localhost_10001@group-FF371CEDE24F, cid=42, FAILED org.apache.ratis.protocol.NotLeaderException: Server localhost_10001@group-FF371CEDE24F is not the leader, logIndex=0, commits[localhost_10001:c-1]
2019-09-26 14:06:58,148 INFO  client.GrpcClientProtocolService (GrpcClientProtocolService.java:lambda$processClientRequest$0(278)) - Failed RaftClientRequest:client-FBD57F74AF91->localhost_10000@group-FF371CEDE24F, cid=42, seq=0, RW, Message:321f0a0f0a0d74657374...(size=33), reply=RaftClientReply:client-FBD57F74AF91->localhost_10000@group-FF371CEDE24F, cid=42, FAILED org.apache.ratis.protocol.NotLeaderException: Server localhost_10000@group-FF371CEDE24F is not the leader, logIndex=0, commits[localhost_10000:c-1]
2019-09-26 14:06:58,150 INFO  client.GrpcClientProtocolService (GrpcClientProtocolService.java:lambda$processClientRequest$0(278)) - Failed RaftClientRequest:client-FBD57F74AF91->localhost_10002@group-FF371CEDE24F, cid=42, seq=0, RW, Message:321f0a0f0a0d74657374...(size=33), reply=RaftClientReply:client-FBD57F74AF91->localhost_10002@group-FF371CEDE24F, cid=42, FAILED org.apache.ratis.protocol.NotLeaderException: Server localhost_10002@group-FF371CEDE24F is not the leader, logIndex=0, commits[localhost_10002:c-1]
2019-09-26 14:06:58,152 INFO  client.GrpcClientProtocolService (GrpcClientProtocolService.java:lambda$processClientRequest$0(278)) - Failed RaftClientRequest:client-FBD57F74AF91->localhost_10000@group-FF371CEDE24F, cid=42, seq=0, RW, Message:321f0a0f0a0d74657374...(size=33), reply=RaftClientReply:client-FBD57F74AF91->localhost_10000@group-FF371CEDE24F, cid=42, FAILED org.apache.ratis.protocol.NotLeaderException: Server localhost_10000@group-FF371CEDE24F is not the leader, logIndex=0, commits[localhost_10000:c-1]
2019-09-26 14:06:58,154 INFO  client.GrpcClientProtocolService (GrpcClientProtocolService.java:lambda$processClientRequest$0(278)) - Failed RaftClientRequest:client-FBD57F74AF91->localhost_10001@group-FF371CEDE24F, cid=42, seq=0, RW, Message:321f0a0f0a0d74657374...(size=33), reply=RaftClientReply:client-FBD57F74AF91->localhost_10001@group-FF371CEDE24F, cid=42, FAILED org.apache.ratis.protocol.NotLeaderException: Server localhost_10001@group-FF371CEDE24F is not the leader, logIndex=0, commits[localhost_10001:c-1]
2019-09-26 14:06:58,156 INFO  client.GrpcClientProtocolService (GrpcClientProtocolService.java:lambda$processClientRequest$0(278)) - Failed RaftClientRequest:client-FBD57F74AF91->localhost_10002@group-FF371CEDE24F, cid=42, seq=0, RW, Message:321f0a0f0a0d74657374...(size=33), reply=RaftClientReply:client-FBD57F74AF91->localhost_10002@group-FF371CEDE24F, cid=42, FAILED org.apache.ratis.protocol.NotLeaderException: Server localhost_10002@group-FF371CEDE24F is not the leader, logIndex=0, commits[localhost_10002:c-1]
2019-09-26 14:06:58,158 INFO  client.GrpcClientProtocolService (GrpcClientProtocolService.java:lambda$processClientRequest$0(278)) - Failed RaftClientRequest:client-FBD57F74AF91->localhost_10001@group-FF371CEDE24F, cid=42, seq=0, RW, Message:321f0a0f0a0d74657374...(size=33), reply=RaftClientReply:client-FBD57F74AF91->localhost_10001@group-FF371CEDE24F, cid=42, FAILED org.apache.ratis.protocol.NotLeaderException: Server localhost_10001@group-FF371CEDE24F is not the leader, logIndex=0, commits[localhost_10001:c-1]
2019-09-26 14:06:58,160 INFO  client.GrpcClientProtocolService (GrpcClientProtocolService.java:lambda$processClientRequest$0(278)) - Failed RaftClientRequest:client-FBD57F74AF91->localhost_10000@group-FF371CEDE24F, cid=42, seq=0, RW, Message:321f0a0f0a0d74657374...(size=33), reply=RaftClientReply:client-FBD57F74AF91->localhost_10000@group-FF371CEDE24F, cid=42, FAILED org.apache.ratis.protocol.NotLeaderException: Server localhost_10000@group-FF371CEDE24F is not the leader, logIndex=0, commits[localhost_10000:c-1]
2019-09-26 14:06:58,162 INFO  client.GrpcClientProtocolService (GrpcClientProtocolService.java:lambda$processClientRequest$0(278)) - Failed RaftClientRequest:client-FBD57F74AF91->localhost_10001@group-FF371CEDE24F, cid=42, seq=0, RW, Message:321f0a0f0a0d74657374...(size=33), reply=RaftClientReply:client-FBD57F74AF91->localhost_10001@group-FF371CEDE24F, cid=42, FAILED org.apache.ratis.protocol.NotLeaderException: Server localhost_10001@group-FF371CEDE24F is not the leader, logIndex=0, commits[localhost_10001:c-1]
2019-09-26 14:06:58,164 INFO  client.GrpcClientProtocolService (GrpcClientProtocolService.java:lambda$processClientRequest$0(278)) - Failed RaftClientRequest:client-FBD57F74AF91->localhost_10002@group-FF371CEDE24F, cid=42, seq=0, RW, Message:321f0a0f0a0d74657374...(size=33), reply=RaftClientReply:client-FBD57F74AF91->localhost_10002@group-FF371CEDE24F, cid=42, FAILED org.apache.ratis.protocol.NotLeaderException: Server localhost_10002@group-FF371CEDE24F is not the leader, logIndex=0, commits[localhost_10002:c-1]
2019-09-26 14:06:58,167 INFO  client.GrpcClientProtocolService (GrpcClientProtocolService.java:lambda$processClientRequest$0(278)) - Failed RaftClientRequest:client-FBD57F74AF91->localhost_10000@group-FF371CEDE24F, cid=42, seq=0, RW, Message:321f0a0f0a0d74657374...(size=33), reply=RaftClientReply:client-FBD57F74AF91->localhost_10000@group-FF371CEDE24F, cid=42, FAILED org.apache.ratis.protocol.NotLeaderException: Server localhost_10000@group-FF371CEDE24F is not the leader, logIndex=0, commits[localhost_10000:c-1]
2019-09-26 14:06:58,169 INFO  client.GrpcClientProtocolService (GrpcClientProtocolService.java:lambda$processClientRequest$0(278)) - Failed RaftClientRequest:client-FBD57F74AF91->localhost_10001@group-FF371CEDE24F, cid=42, seq=0, RW, Message:321f0a0f0a0d74657374...(size=33), reply=RaftClientReply:client-FBD57F74AF91->localhost_10001@group-FF371CEDE24F, cid=42, FAILED org.apache.ratis.protocol.NotLeaderException: Server localhost_10001@group-FF371CEDE24F is not the leader, logIndex=0, commits[localhost_10001:c-1]
2019-09-26 14:06:58,171 INFO  client.GrpcClientProtocolService (GrpcClientProtocolService.java:lambda$processClientRequest$0(278)) - Failed RaftClientRequest:client-FBD57F74AF91->localhost_10000@group-FF371CEDE24F, cid=42, seq=0, RW, Message:321f0a0f0a0d74657374...(size=33), reply=RaftClientReply:client-FBD57F74AF91->localhost_10000@group-FF371CEDE24F, cid=42, FAILED org.apache.ratis.protocol.NotLeaderException: Server localhost_10000@group-FF371CEDE24F is not the leader, logIndex=0, commits[localhost_10000:c-1]
2019-09-26 14:06:58,173 INFO  client.GrpcClientProtocolService (GrpcClientProtocolService.java:lambda$processClientRequest$0(278)) - Failed RaftClientRequest:client-FBD57F74AF91->localhost_10001@group-FF371CEDE24F, cid=42, seq=0, RW, Message:321f0a0f0a0d74657374...(size=33), reply=RaftClientReply:client-FBD57F74AF91->localhost_10001@group-FF371CEDE24F, cid=42, FAILED org.apache.ratis.protocol.NotLeaderException: Server localhost_10001@group-FF371CEDE24F is not the leader, logIndex=0, commits[localhost_10001:c-1]
2019-09-26 14:06:58,175 INFO  client.GrpcClientProtocolService (GrpcClientProtocolService.java:lambda$processClientRequest$0(278)) - Failed RaftClientRequest:client-FBD57F74AF91->localhost_10002@group-FF371CEDE24F, cid=42, seq=0, RW, Message:321f0a0f0a0d74657374...(size=33), reply=RaftClientReply:client-FBD57F74AF91->localhost_10002@group-FF371CEDE24F, cid=42, FAILED org.apache.ratis.protocol.NotLeaderException: Server localhost_10002@group-FF371CEDE24F is not the leader, logIndex=0, commits[localhost_10002:c-1]
2019-09-26 14:06:58,177 INFO  client.GrpcClientProtocolService (GrpcClientProtocolService.java:lambda$processClientRequest$0(278)) - Failed RaftClientRequest:client-FBD57F74AF91->localhost_10001@group-FF371CEDE24F, cid=42, seq=0, RW, Message:321f0a0f0a0d74657374...(size=33), reply=RaftClientReply:client-FBD57F74AF91->localhost_10001@group-FF371CEDE24F, cid=42, FAILED org.apache.ratis.protocol.NotLeaderException: Server localhost_10001@group-FF371CEDE24F is not the leader, logIndex=0, commits[localhost_10001:c-1]
2019-09-26 14:06:58,179 INFO  client.GrpcClientProtocolService (GrpcClientProtocolService.java:lambda$processClientRequest$0(278)) - Failed RaftClientRequest:client-FBD57F74AF91->localhost_10000@group-FF371CEDE24F, cid=42, seq=0, RW, Message:321f0a0f0a0d74657374...(size=33), reply=RaftClientReply:client-FBD57F74AF91->localhost_10000@group-FF371CEDE24F, cid=42, FAILED org.apache.ratis.protocol.NotLeaderException: Server localhost_10000@group-FF371CEDE24F is not the leader, logIndex=0, commits[localhost_10000:c-1]
2019-09-26 14:06:58,181 INFO  client.GrpcClientProtocolService (GrpcClientProtocolService.java:lambda$processClientRequest$0(278)) - Failed RaftClientRequest:client-FBD57F74AF91->localhost_10002@group-FF371CEDE24F, cid=42, seq=0, RW, Message:321f0a0f0a0d74657374...(size=33), reply=RaftClientReply:client-FBD57F74AF91->localhost_10002@group-FF371CEDE24F, cid=42, FAILED org.apache.ratis.protocol.NotLeaderException: Server localhost_10002@group-FF371CEDE24F is not the leader, logIndex=0, commits[localhost_10002:c-1]
2019-09-26 14:06:58,184 INFO  client.GrpcClientProtocolService (GrpcClientProtocolService.java:lambda$processClientRequest$0(278)) - Failed RaftClientRequest:client-FBD57F74AF91->localhost_10000@group-FF371CEDE24F, cid=42, seq=0, RW, Message:321f0a0f0a0d74657374...(size=33), reply=RaftClientReply:client-FBD57F74AF91->localhost_10000@group-FF371CEDE24F, cid=42, FAILED org.apache.ratis.protocol.NotLeaderException: Server localhost_10000@group-FF371CEDE24F is not the leader, logIndex=0, commits[localhost_10000:c-1]
2019-09-26 14:06:58,186 INFO  client.GrpcClientProtocolService (GrpcClientProtocolService.java:lambda$processClientRequest$0(278)) - Failed RaftClientRequest:client-FBD57F74AF91->localhost_10001@group-FF371CEDE24F, cid=42, seq=0, RW, Message:321f0a0f0a0d74657374...(size=33), reply=RaftClientReply:client-FBD57F74AF91->localhost_10001@group-FF371CEDE24F, cid=42, FAILED org.apache.ratis.protocol.NotLeaderException: Server localhost_10001@group-FF371CEDE24F is not the leader, logIndex=0, commits[localhost_10001:c-1]
2019-09-26 14:06:58,189 INFO  client.GrpcClientProtocolService (GrpcClientProtocolService.java:lambda$processClientRequest$0(278)) - Failed RaftClientRequest:client-FBD57F74AF91->localhost_10000@group-FF371CEDE24F, cid=42, seq=0, RW, Message:321f0a0f0a0d74657374...(size=33), reply=RaftClientReply:client-FBD57F74AF91->localhost_10000@group-FF371CEDE24F, cid=42, FAILED org.apache.ratis.protocol.NotLeaderException: Server localhost_10000@group-FF371CEDE24F is not the leader, logIndex=0, commits[localhost_10000:c-1]
2019-09-26 14:06:58,191 INFO  client.GrpcClientProtocolService (GrpcClientProtocolService.java:lambda$processClientRequest$0(278)) - Failed RaftClientRequest:client-FBD57F74AF91->localhost_10002@group-FF371CEDE24F, cid=42, seq=0, RW, Message:321f0a0f0a0d74657374...(size=33), reply=RaftClientReply:client-FBD57F74AF91->localhost_10002@group-FF371CEDE24F, cid=42, FAILED org.apache.ratis.protocol.NotLeaderException: Server localhost_10002@group-FF371CEDE24F is not the leader, logIndex=0, commits[localhost_10002:c-1]
2019-09-26 14:06:58,193 INFO  client.GrpcClientProtocolService (GrpcClientProtocolService.java:lambda$processClientRequest$0(278)) - Failed RaftClientRequest:client-FBD57F74AF91->localhost_10000@group-FF371CEDE24F, cid=42, seq=0, RW, Message:321f0a0f0a0d74657374...(size=33), reply=RaftClientReply:client-FBD57F74AF91->localhost_10000@group-FF371CEDE24F, cid=42, FAILED org.apache.ratis.protocol.NotLeaderException: Server localhost_10000@group-FF371CEDE24F is not the leader, logIndex=0, commits[localhost_10000:c-1]
2019-09-26 14:06:58,198 INFO  client.GrpcClientProtocolService (GrpcClientProtocolService.java:lambda$processClientRequest$0(278)) - Failed RaftClientRequest:client-FBD57F74AF91->localhost_10002@group-FF371CEDE24F, cid=42, seq=0, RW, Message:321f0a0f0a0d74657374...(size=33), reply=RaftClientReply:client-FBD57F74AF91->localhost_10002@group-FF371CEDE24F, cid=42, FAILED org.apache.ratis.protocol.NotLeaderException: Server localhost_10002@group-FF371CEDE24F is not the leader, logIndex=0, commits[localhost_10002:c-1]
2019-09-26 14:06:58,200 INFO  client.GrpcClientProtocolService (GrpcClientProtocolService.java:lambda$processClientRequest$0(278)) - Failed RaftClientRequest:client-FBD57F74AF91->localhost_10001@group-FF371CEDE24F, cid=42, seq=0, RW, Message:321f0a0f0a0d74657374...(size=33), reply=RaftClientReply:client-FBD57F74AF91->localhost_10001@group-FF371CEDE24F, cid=42, FAILED org.apache.ratis.protocol.NotLeaderException: Server localhost_10001@group-FF371CEDE24F is not the leader, logIndex=0, commits[localhost_10001:c-1]
2019-09-26 14:06:58,202 INFO  client.GrpcClientProtocolService (GrpcClientProtocolService.java:lambda$processClientRequest$0(278)) - Failed RaftClientRequest:client-FBD57F74AF91->localhost_10000@group-FF371CEDE24F, cid=42, seq=0, RW, Message:321f0a0f0a0d74657374...(size=33), reply=RaftClientReply:client-FBD57F74AF91->localhost_10000@group-FF371CEDE24F, cid=42, FAILED org.apache.ratis.protocol.NotLeaderException: Server localhost_10000@group-FF371CEDE24F is not the leader, logIndex=0, commits[localhost_10000:c-1]
2019-09-26 14:06:58,205 INFO  client.GrpcClientProtocolService (GrpcClientProtocolService.java:lambda$processClientRequest$0(278)) - Failed RaftClientRequest:client-FBD57F74AF91->localhost_10001@group-FF371CEDE24F, cid=42, seq=0, RW, Message:321f0a0f0a0d74657374...(size=33), reply=RaftClientReply:client-FBD57F74AF91->localhost_10001@group-FF371CEDE24F, cid=42, FAILED org.apache.ratis.protocol.NotLeaderException: Server localhost_10001@group-FF371CEDE24F is not the leader, logIndex=0, commits[localhost_10001:c-1]
2019-09-26 14:06:58,207 INFO  client.GrpcClientProtocolService (GrpcClientProtocolService.java:lambda$processClientRequest$0(278)) - Failed RaftClientRequest:client-FBD57F74AF91->localhost_10002@group-FF371CEDE24F, cid=42, seq=0, RW, Message:321f0a0f0a0d74657374...(size=33), reply=RaftClientReply:client-FBD57F74AF91->localhost_10002@group-FF371CEDE24F, cid=42, FAILED org.apache.ratis.protocol.NotLeaderException: Server localhost_10002@group-FF371CEDE24F is not the leader, logIndex=0, commits[localhost_10002:c-1]
2019-09-26 14:06:58,209 INFO  client.GrpcClientProtocolService (GrpcClientProtocolService.java:lambda$processClientRequest$0(278)) - Failed RaftClientRequest:client-FBD57F74AF91->localhost_10000@group-FF371CEDE24F, cid=42, seq=0, RW, Message:321f0a0f0a0d74657374...(size=33), reply=RaftClientReply:client-FBD57F74AF91->localhost_10000@group-FF371CEDE24F, cid=42, FAILED org.apache.ratis.protocol.NotLeaderException: Server localhost_10000@group-FF371CEDE24F is not the leader, logIndex=0, commits[localhost_10000:c-1]
2019-09-26 14:06:58,211 INFO  client.GrpcClientProtocolService (GrpcClientProtocolService.java:lambda$processClientRequest$0(278)) - Failed RaftClientRequest:client-FBD57F74AF91->localhost_10001@group-FF371CEDE24F, cid=42, seq=0, RW, Message:321f0a0f0a0d74657374...(size=33), reply=RaftClientReply:client-FBD57F74AF91->localhost_10001@group-FF371CEDE24F, cid=42, FAILED org.apache.ratis.protocol.NotLeaderException: Server localhost_10001@group-FF371CEDE24F is not the leader, logIndex=0, commits[localhost_10001:c-1]
2019-09-26 14:06:58,213 INFO  client.GrpcClientProtocolService (GrpcClientProtocolService.java:lambda$processClientRequest$0(278)) - Failed RaftClientRequest:client-FBD57F74AF91->localhost_10002@group-FF371CEDE24F, cid=42, seq=0, RW, Message:321f0a0f0a0d74657374...(size=33), reply=RaftClientReply:client-FBD57F74AF91->localhost_10002@group-FF371CEDE24F, cid=42, FAILED org.apache.ratis.protocol.NotLeaderException: Server localhost_10002@group-FF371CEDE24F is not the leader, logIndex=0, commits[localhost_10002:c-1]
2019-09-26 14:06:58,215 INFO  client.GrpcClientProtocolService (GrpcClientProtocolService.java:lambda$processClientRequest$0(278)) - Failed RaftClientRequest:client-FBD57F74AF91->localhost_10001@group-FF371CEDE24F, cid=42, seq=0, RW, Message:321f0a0f0a0d74657374...(size=33), reply=RaftClientReply:client-FBD57F74AF91->localhost_10001@group-FF371CEDE24F, cid=42, FAILED org.apache.ratis.protocol.NotLeaderException: Server localhost_10001@group-FF371CEDE24F is not the leader, logIndex=0, commits[localhost_10001:c-1]
2019-09-26 14:06:58,217 INFO  client.GrpcClientProtocolService (GrpcClientProtocolService.java:lambda$processClientRequest$0(278)) - Failed RaftClientRequest:client-FBD57F74AF91->localhost_10002@group-FF371CEDE24F, cid=42, seq=0, RW, Message:321f0a0f0a0d74657374...(size=33), reply=RaftClientReply:client-FBD57F74AF91->localhost_10002@group-FF371CEDE24F, cid=42, FAILED org.apache.ratis.protocol.NotLeaderException: Server localhost_10002@group-FF371CEDE24F is not the leader, logIndex=0, commits[localhost_10002:c-1]
2019-09-26 14:06:58,219 INFO  client.GrpcClientProtocolService (GrpcClientProtocolService.java:lambda$processClientRequest$0(278)) - Failed RaftClientRequest:client-FBD57F74AF91->localhost_10001@group-FF371CEDE24F, cid=42, seq=0, RW, Message:321f0a0f0a0d74657374...(size=33), reply=RaftClientReply:client-FBD57F74AF91->localhost_10001@group-FF371CEDE24F, cid=42, FAILED org.apache.ratis.protocol.NotLeaderException: Server localhost_10001@group-FF371CEDE24F is not the leader, logIndex=0, commits[localhost_10001:c-1]
2019-09-26 14:06:58,221 INFO  client.GrpcClientProtocolService (GrpcClientProtocolService.java:lambda$processClientRequest$0(278)) - Failed RaftClientRequest:client-FBD57F74AF91->localhost_10000@group-FF371CEDE24F, cid=42, seq=0, RW, Message:321f0a0f0a0d74657374...(size=33), reply=RaftClientReply:client-FBD57F74AF91->localhost_10000@group-FF371CEDE24F, cid=42, FAILED org.apache.ratis.protocol.NotLeaderException: Server localhost_10000@group-FF371CEDE24F is not the leader, logIndex=0, commits[localhost_10000:c-1]
2019-09-26 14:06:58,224 INFO  client.GrpcClientProtocolService (GrpcClientProtocolService.java:lambda$processClientRequest$0(278)) - Failed RaftClientRequest:client-FBD57F74AF91->localhost_10001@group-FF371CEDE24F, cid=42, seq=0, RW, Message:321f0a0f0a0d74657374...(size=33), reply=RaftClientReply:client-FBD57F74AF91->localhost_10001@group-FF371CEDE24F, cid=42, FAILED org.apache.ratis.protocol.NotLeaderException: Server localhost_10001@group-FF371CEDE24F is not the leader, logIndex=0, commits[localhost_10001:c-1]
2019-09-26 14:06:58,226 INFO  client.GrpcClientProtocolService (GrpcClientProtocolService.java:lambda$processClientRequest$0(278)) - Failed RaftClientRequest:client-FBD57F74AF91->localhost_10002@group-FF371CEDE24F, cid=42, seq=0, RW, Message:321f0a0f0a0d74657374...(size=33), reply=RaftClientReply:client-FBD57F74AF91->localhost_10002@group-FF371CEDE24F, cid=42, FAILED org.apache.ratis.protocol.NotLeaderException: Server localhost_10002@group-FF371CEDE24F is not the leader, logIndex=0, commits[localhost_10002:c-1]
2019-09-26 14:06:58,227 INFO  client.GrpcClientProtocolService (GrpcClientProtocolService.java:lambda$processClientRequest$0(278)) - Failed RaftClientRequest:client-FBD57F74AF91->localhost_10001@group-FF371CEDE24F, cid=42, seq=0, RW, Message:321f0a0f0a0d74657374...(size=33), reply=RaftClientReply:client-FBD57F74AF91->localhost_10001@group-FF371CEDE24F, cid=42, FAILED org.apache.ratis.protocol.NotLeaderException: Server localhost_10001@group-FF371CEDE24F is not the leader, logIndex=0, commits[localhost_10001:c-1]
2019-09-26 14:06:58,229 INFO  client.GrpcClientProtocolService (GrpcClientProtocolService.java:lambda$processClientRequest$0(278)) - Failed RaftClientRequest:client-FBD57F74AF91->localhost_10000@group-FF371CEDE24F, cid=42, seq=0, RW, Message:321f0a0f0a0d74657374...(size=33), reply=RaftClientReply:client-FBD57F74AF91->localhost_10000@group-FF371CEDE24F, cid=42, FAILED org.apache.ratis.protocol.NotLeaderException: Server localhost_10000@group-FF371CEDE24F is not the leader, logIndex=0, commits[localhost_10000:c-1]
2019-09-26 14:06:58,231 INFO  client.GrpcClientProtocolService (GrpcClientProtocolService.java:lambda$processClientRequest$0(278)) - Failed RaftClientRequest:client-FBD57F74AF91->localhost_10002@group-FF371CEDE24F, cid=42, seq=0, RW, Message:321f0a0f0a0d74657374...(size=33), reply=RaftClientReply:client-FBD57F74AF91->localhost_10002@group-FF371CEDE24F, cid=42, FAILED org.apache.ratis.protocol.NotLeaderException: Server localhost_10002@group-FF371CEDE24F is not the leader, logIndex=0, commits[localhost_10002:c-1]
2019-09-26 14:06:58,233 INFO  client.GrpcClientProtocolService (GrpcClientProtocolService.java:lambda$processClientRequest$0(278)) - Failed RaftClientRequest:client-FBD57F74AF91->localhost_10000@group-FF371CEDE24F, cid=42, seq=0, RW, Message:321f0a0f0a0d74657374...(size=33), reply=RaftClientReply:client-FBD57F74AF91->localhost_10000@group-FF371CEDE24F, cid=42, FAILED org.apache.ratis.protocol.NotLeaderException: Server localhost_10000@group-FF371CEDE24F is not the leader, logIndex=0, commits[localhost_10000:c-1]
2019-09-26 14:06:58,235 INFO  client.GrpcClientProtocolService (GrpcClientProtocolService.java:lambda$processClientRequest$0(278)) - Failed RaftClientRequest:client-FBD57F74AF91->localhost_10002@group-FF371CEDE24F, cid=42, seq=0, RW, Message:321f0a0f0a0d74657374...(size=33), reply=RaftClientReply:client-FBD57F74AF91->localhost_10002@group-FF371CEDE24F, cid=42, FAILED org.apache.ratis.protocol.NotLeaderException: Server localhost_10002@group-FF371CEDE24F is not the leader, logIndex=0, commits[localhost_10002:c-1]
2019-09-26 14:06:58,237 INFO  client.GrpcClientProtocolService (GrpcClientProtocolService.java:lambda$processClientRequest$0(278)) - Failed RaftClientRequest:client-FBD57F74AF91->localhost_10000@group-FF371CEDE24F, cid=42, seq=0, RW, Message:321f0a0f0a0d74657374...(size=33), reply=RaftClientReply:client-FBD57F74AF91->localhost_10000@group-FF371CEDE24F, cid=42, FAILED org.apache.ratis.protocol.NotLeaderException: Server localhost_10000@group-FF371CEDE24F is not the leader, logIndex=0, commits[localhost_10000:c-1]
2019-09-26 14:06:58,239 INFO  client.GrpcClientProtocolService (GrpcClientProtocolService.java:lambda$processClientRequest$0(278)) - Failed RaftClientRequest:client-FBD57F74AF91->localhost_10002@group-FF371CEDE24F, cid=42, seq=0, RW, Message:321f0a0f0a0d74657374...(size=33), reply=RaftClientReply:client-FBD57F74AF91->localhost_10002@group-FF371CEDE24F, cid=42, FAILED org.apache.ratis.protocol.NotLeaderException: Server localhost_10002@group-FF371CEDE24F is not the leader, logIndex=0, commits[localhost_10002:c-1]
2019-09-26 14:06:58,241 INFO  client.GrpcClientProtocolService (GrpcClientProtocolService.java:lambda$processClientRequest$0(278)) - Failed RaftClientRequest:client-FBD57F74AF91->localhost_10000@group-FF371CEDE24F, cid=42, seq=0, RW, Message:321f0a0f0a0d74657374...(size=33), reply=RaftClientReply:client-FBD57F74AF91->localhost_10000@group-FF371CEDE24F, cid=42, FAILED org.apache.ratis.protocol.NotLeaderException: Server localhost_10000@group-FF371CEDE24F is not the leader, logIndex=0, commits[localhost_10000:c-1]
2019-09-26 14:06:58,243 INFO  client.GrpcClientProtocolService (GrpcClientProtocolService.java:lambda$processClientRequest$0(278)) - Failed RaftClientRequest:client-FBD57F74AF91->localhost_10001@group-FF371CEDE24F, cid=42, seq=0, RW, Message:321f0a0f0a0d74657374...(size=33), reply=RaftClientReply:client-FBD57F74AF91->localhost_10001@group-FF371CEDE24F, cid=42, FAILED org.apache.ratis.protocol.NotLeaderException: Server localhost_10001@group-FF371CEDE24F is not the leader, logIndex=0, commits[localhost_10001:c-1]
2019-09-26 14:06:58,245 INFO  client.GrpcClientProtocolService (GrpcClientProtocolService.java:lambda$processClientRequest$0(278)) - Failed RaftClientRequest:client-FBD57F74AF91->localhost_10000@group-FF371CEDE24F, cid=42, seq=0, RW, Message:321f0a0f0a0d74657374...(size=33), reply=RaftClientReply:client-FBD57F74AF91->localhost_10000@group-FF371CEDE24F, cid=42, FAILED org.apache.ratis.protocol.NotLeaderException: Server localhost_10000@group-FF371CEDE24F is not the leader, logIndex=0, commits[localhost_10000:c-1]
2019-09-26 14:06:58,247 INFO  client.GrpcClientProtocolService (GrpcClientProtocolService.java:lambda$processClientRequest$0(278)) - Failed RaftClientRequest:client-FBD57F74AF91->localhost_10001@group-FF371CEDE24F, cid=42, seq=0, RW, Message:321f0a0f0a0d74657374...(size=33), reply=RaftClientReply:client-FBD57F74AF91->localhost_10001@group-FF371CEDE24F, cid=42, FAILED org.apache.ratis.protocol.NotLeaderException: Server localhost_10001@group-FF371CEDE24F is not the leader, logIndex=0, commits[localhost_10001:c-1]
2019-09-26 14:06:58,249 INFO  client.GrpcClientProtocolService (GrpcClientProtocolService.java:lambda$processClientRequest$0(278)) - Failed RaftClientRequest:client-FBD57F74AF91->localhost_10002@group-FF371CEDE24F, cid=42, seq=0, RW, Message:321f0a0f0a0d74657374...(size=33), reply=RaftClientReply:client-FBD57F74AF91->localhost_10002@group-FF371CEDE24F, cid=42, FAILED org.apache.ratis.protocol.NotLeaderException: Server localhost_10002@group-FF371CEDE24F is not the leader, logIndex=0, commits[localhost_10002:c-1]
2019-09-26 14:06:58,251 INFO  client.GrpcClientProtocolService (GrpcClientProtocolService.java:lambda$processClientRequest$0(278)) - Failed RaftClientRequest:client-FBD57F74AF91->localhost_10001@group-FF371CEDE24F, cid=42, seq=0, RW, Message:321f0a0f0a0d74657374...(size=33), reply=RaftClientReply:client-FBD57F74AF91->localhost_10001@group-FF371CEDE24F, cid=42, FAILED org.apache.ratis.protocol.NotLeaderException: Server localhost_10001@group-FF371CEDE24F is not the leader, logIndex=0, commits[localhost_10001:c-1]
2019-09-26 14:06:58,253 INFO  client.GrpcClientProtocolService (GrpcClientProtocolService.java:lambda$processClientRequest$0(278)) - Failed RaftClientRequest:client-FBD57F74AF91->localhost_10002@group-FF371CEDE24F, cid=42, seq=0, RW, Message:321f0a0f0a0d74657374...(size=33), reply=RaftClientReply:client-FBD57F74AF91->localhost_10002@group-FF371CEDE24F, cid=42, FAILED org.apache.ratis.protocol.NotLeaderException: Server localhost_10002@group-FF371CEDE24F is not the leader, logIndex=0, commits[localhost_10002:c-1]
2019-09-26 14:06:58,255 INFO  client.GrpcClientProtocolService (GrpcClientProtocolService.java:lambda$processClientRequest$0(278)) - Failed RaftClientRequest:client-FBD57F74AF91->localhost_10001@group-FF371CEDE24F, cid=42, seq=0, RW, Message:321f0a0f0a0d74657374...(size=33), reply=RaftClientReply:client-FBD57F74AF91->localhost_10001@group-FF371CEDE24F, cid=42, FAILED org.apache.ratis.protocol.NotLeaderException: Server localhost_10001@group-FF371CEDE24F is not the leader, logIndex=0, commits[localhost_10001:c-1]
2019-09-26 14:06:58,257 INFO  client.GrpcClientProtocolService (GrpcClientProtocolService.java:lambda$processClientRequest$0(278)) - Failed RaftClientRequest:client-FBD57F74AF91->localhost_10000@group-FF371CEDE24F, cid=42, seq=0, RW, Message:321f0a0f0a0d74657374...(size=33), reply=RaftClientReply:client-FBD57F74AF91->localhost_10000@group-FF371CEDE24F, cid=42, FAILED org.apache.ratis.protocol.NotLeaderException: Server localhost_10000@group-FF371CEDE24F is not the leader, logIndex=0, commits[localhost_10000:c-1]
2019-09-26 14:06:58,259 INFO  client.GrpcClientProtocolService (GrpcClientProtocolService.java:lambda$processClientRequest$0(278)) - Failed RaftClientRequest:client-FBD57F74AF91->localhost_10002@group-FF371CEDE24F, cid=42, seq=0, RW, Message:321f0a0f0a0d74657374...(size=33), reply=RaftClientReply:client-FBD57F74AF91->localhost_10002@group-FF371CEDE24F, cid=42, FAILED org.apache.ratis.protocol.NotLeaderException: Server localhost_10002@group-FF371CEDE24F is not the leader, logIndex=0, commits[localhost_10002:c-1]
2019-09-26 14:06:58,261 INFO  client.GrpcClientProtocolService (GrpcClientProtocolService.java:lambda$processClientRequest$0(278)) - Failed RaftClientRequest:client-FBD57F74AF91->localhost_10001@group-FF371CEDE24F, cid=42, seq=0, RW, Message:321f0a0f0a0d74657374...(size=33), reply=RaftClientReply:client-FBD57F74AF91->localhost_10001@group-FF371CEDE24F, cid=42, FAILED org.apache.ratis.protocol.NotLeaderException: Server localhost_10001@group-FF371CEDE24F is not the leader, logIndex=0, commits[localhost_10001:c-1]
2019-09-26 14:06:58,263 INFO  client.GrpcClientProtocolService (GrpcClientProtocolService.java:lambda$processClientRequest$0(278)) - Failed RaftClientRequest:client-FBD57F74AF91->localhost_10002@group-FF371CEDE24F, cid=42, seq=0, RW, Message:321f0a0f0a0d74657374...(size=33), reply=RaftClientReply:client-FBD57F74AF91->localhost_10002@group-FF371CEDE24F, cid=42, FAILED org.apache.ratis.protocol.NotLeaderException: Server localhost_10002@group-FF371CEDE24F is not the leader, logIndex=0, commits[localhost_10002:c-1]
2019-09-26 14:06:58,265 INFO  client.GrpcClientProtocolService (GrpcClientProtocolService.java:lambda$processClientRequest$0(278)) - Failed RaftClientRequest:client-FBD57F74AF91->localhost_10000@group-FF371CEDE24F, cid=42, seq=0, RW, Message:321f0a0f0a0d74657374...(size=33), reply=RaftClientReply:client-FBD57F74AF91->localhost_10000@group-FF371CEDE24F, cid=42, FAILED org.apache.ratis.protocol.NotLeaderException: Server localhost_10000@group-FF371CEDE24F is not the leader, logIndex=0, commits[localhost_10000:c-1]
2019-09-26 14:06:58,267 INFO  client.GrpcClientProtocolService (GrpcClientProtocolService.java:lambda$processClientRequest$0(278)) - Failed RaftClientRequest:client-FBD57F74AF91->localhost_10002@group-FF371CEDE24F, cid=42, seq=0, RW, Message:321f0a0f0a0d74657374...(size=33), reply=RaftClientReply:client-FBD57F74AF91->localhost_10002@group-FF371CEDE24F, cid=42, FAILED org.apache.ratis.protocol.NotLeaderException: Server localhost_10002@group-FF371CEDE24F is not the leader, logIndex=0, commits[localhost_10002:c-1]
2019-09-26 14:06:58,269 INFO  client.GrpcClientProtocolService (GrpcClientProtocolService.java:lambda$processClientRequest$0(278)) - Failed RaftClientRequest:client-FBD57F74AF91->localhost_10000@group-FF371CEDE24F, cid=42, seq=0, RW, Message:321f0a0f0a0d74657374...(size=33), reply=RaftClientReply:client-FBD57F74AF91->localhost_10000@group-FF371CEDE24F, cid=42, FAILED org.apache.ratis.protocol.NotLeaderException: Server localhost_10000@group-FF371CEDE24F is not the leader, logIndex=0, commits[localhost_10000:c-1]
2019-09-26 14:06:58,271 INFO  client.GrpcClientProtocolService (GrpcClientProtocolService.java:lambda$processClientRequest$0(278)) - Failed RaftClientRequest:client-FBD57F74AF91->localhost_10002@group-FF371CEDE24F, cid=42, seq=0, RW, Message:321f0a0f0a0d74657374...(size=33), reply=RaftClientReply:client-FBD57F74AF91->localhost_10002@group-FF371CEDE24F, cid=42, FAILED org.apache.ratis.protocol.NotLeaderException: Server localhost_10002@group-FF371CEDE24F is not the leader, logIndex=0, commits[localhost_10002:c-1]
2019-09-26 14:06:58,273 INFO  client.GrpcClientProtocolService (GrpcClientProtocolService.java:lambda$processClientRequest$0(278)) - Failed RaftClientRequest:client-FBD57F74AF91->localhost_10000@group-FF371CEDE24F, cid=42, seq=0, RW, Message:321f0a0f0a0d74657374...(size=33), reply=RaftClientReply:client-FBD57F74AF91->localhost_10000@group-FF371CEDE24F, cid=42, FAILED org.apache.ratis.protocol.NotLeaderException: Server localhost_10000@group-FF371CEDE24F is not the leader, logIndex=0, commits[localhost_10000:c-1]
2019-09-26 14:06:58,275 INFO  client.GrpcClientProtocolService (GrpcClientProtocolService.java:lambda$processClientRequest$0(278)) - Failed RaftClientRequest:client-FBD57F74AF91->localhost_10002@group-FF371CEDE24F, cid=42, seq=0, RW, Message:321f0a0f0a0d74657374...(size=33), reply=RaftClientReply:client-FBD57F74AF91->localhost_10002@group-FF371CEDE24F, cid=42, FAILED org.apache.ratis.protocol.NotLeaderException: Server localhost_10002@group-FF371CEDE24F is not the leader, logIndex=0, commits[localhost_10002:c-1]
2019-09-26 14:06:58,278 INFO  client.GrpcClientProtocolService (GrpcClientProtocolService.java:lambda$processClientRequest$0(278)) - Failed RaftClientRequest:client-FBD57F74AF91->localhost_10001@group-FF371CEDE24F, cid=42, seq=0, RW, Message:321f0a0f0a0d74657374...(size=33), reply=RaftClientReply:client-FBD57F74AF91->localhost_10001@group-FF371CEDE24F, cid=42, FAILED org.apache.ratis.protocol.NotLeaderException: Server localhost_10001@group-FF371CEDE24F is not the leader, logIndex=0, commits[localhost_10001:c-1]
2019-09-26 14:06:58,280 INFO  client.GrpcClientProtocolService (GrpcClientProtocolService.java:lambda$processClientRequest$0(278)) - Failed RaftClientRequest:client-FBD57F74AF91->localhost_10002@group-FF371CEDE24F, cid=42, seq=0, RW, Message:321f0a0f0a0d74657374...(size=33), reply=RaftClientReply:client-FBD57F74AF91->localhost_10002@group-FF371CEDE24F, cid=42, FAILED org.apache.ratis.protocol.NotLeaderException: Server localhost_10002@group-FF371CEDE24F is not the leader, logIndex=0, commits[localhost_10002:c-1]
2019-09-26 14:06:58,282 INFO  client.GrpcClientProtocolService (GrpcClientProtocolService.java:lambda$processClientRequest$0(278)) - Failed RaftClientRequest:client-FBD57F74AF91->localhost_10000@group-FF371CEDE24F, cid=42, seq=0, RW, Message:321f0a0f0a0d74657374...(size=33), reply=RaftClientReply:client-FBD57F74AF91->localhost_10000@group-FF371CEDE24F, cid=42, FAILED org.apache.ratis.protocol.NotLeaderException: Server localhost_10000@group-FF371CEDE24F is not the leader, logIndex=0, commits[localhost_10000:c-1]
2019-09-26 14:06:58,284 INFO  client.GrpcClientProtocolService (GrpcClientProtocolService.java:lambda$processClientRequest$0(278)) - Failed RaftClientRequest:client-FBD57F74AF91->localhost_10001@group-FF371CEDE24F, cid=42, seq=0, RW, Message:321f0a0f0a0d74657374...(size=33), reply=RaftClientReply:client-FBD57F74AF91->localhost_10001@group-FF371CEDE24F, cid=42, FAILED org.apache.ratis.protocol.NotLeaderException: Server localhost_10001@group-FF371CEDE24F is not the leader, logIndex=0, commits[localhost_10001:c-1]
2019-09-26 14:06:58,286 INFO  client.GrpcClientProtocolService (GrpcClientProtocolService.java:lambda$processClientRequest$0(278)) - Failed RaftClientRequest:client-FBD57F74AF91->localhost_10002@group-FF371CEDE24F, cid=42, seq=0, RW, Message:321f0a0f0a0d74657374...(size=33), reply=RaftClientReply:client-FBD57F74AF91->localhost_10002@group-FF371CEDE24F, cid=42, FAILED org.apache.ratis.protocol.NotLeaderException: Server localhost_10002@group-FF371CEDE24F is not the leader, logIndex=0, commits[localhost_10002:c-1]
2019-09-26 14:06:58,288 INFO  client.GrpcClientProtocolService (GrpcClientProtocolService.java:lambda$processClientRequest$0(278)) - Failed RaftClientRequest:client-FBD57F74AF91->localhost_10001@group-FF371CEDE24F, cid=42, seq=0, RW, Message:321f0a0f0a0d74657374...(size=33), reply=RaftClientReply:client-FBD57F74AF91->localhost_10001@group-FF371CEDE24F, cid=42, FAILED org.apache.ratis.protocol.NotLeaderException: Server localhost_10001@group-FF371CEDE24F is not the leader, logIndex=0, commits[localhost_10001:c-1]
2019-09-26 14:06:58,290 INFO  client.GrpcClientProtocolService (GrpcClientProtocolService.java:lambda$processClientRequest$0(278)) - Failed RaftClientRequest:client-FBD57F74AF91->localhost_10000@group-FF371CEDE24F, cid=42, seq=0, RW, Message:321f0a0f0a0d74657374...(size=33), reply=RaftClientReply:client-FBD57F74AF91->localhost_10000@group-FF371CEDE24F, cid=42, FAILED org.apache.ratis.protocol.NotLeaderException: Server localhost_10000@group-FF371CEDE24F is not the leader, logIndex=0, commits[localhost_10000:c-1]
2019-09-26 14:06:58,293 INFO  client.GrpcClientProtocolService (GrpcClientProtocolService.java:lambda$processClientRequest$0(278)) - Failed RaftClientRequest:client-FBD57F74AF91->localhost_10002@group-FF371CEDE24F, cid=42, seq=0, RW, Message:321f0a0f0a0d74657374...(size=33), reply=RaftClientReply:client-FBD57F74AF91->localhost_10002@group-FF371CEDE24F, cid=42, FAILED org.apache.ratis.protocol.NotLeaderException: Server localhost_10002@group-FF371CEDE24F is not the leader, logIndex=0, commits[localhost_10002:c-1]
2019-09-26 14:06:58,294 INFO  client.GrpcClientProtocolService (GrpcClientProtocolService.java:lambda$processClientRequest$0(278)) - Failed RaftClientRequest:client-FBD57F74AF91->localhost_10000@group-FF371CEDE24F, cid=42, seq=0, RW, Message:321f0a0f0a0d74657374...(size=33), reply=RaftClientReply:client-FBD57F74AF91->localhost_10000@group-FF371CEDE24F, cid=42, FAILED org.apache.ratis.protocol.NotLeaderException: Server localhost_10000@group-FF371CEDE24F is not the leader, logIndex=0, commits[localhost_10000:c-1]
2019-09-26 14:06:58,297 INFO  client.GrpcClientProtocolService (GrpcClientProtocolService.java:lambda$processClientRequest$0(278)) - Failed RaftClientRequest:client-FBD57F74AF91->localhost_10002@group-FF371CEDE24F, cid=42, seq=0, RW, Message:321f0a0f0a0d74657374...(size=33), reply=RaftClientReply:client-FBD57F74AF91->localhost_10002@group-FF371CEDE24F, cid=42, FAILED org.apache.ratis.protocol.NotLeaderException: Server localhost_10002@group-FF371CEDE24F is not the leader, logIndex=0, commits[localhost_10002:c-1]
2019-09-26 14:06:58,299 INFO  client.GrpcClientProtocolService (GrpcClientProtocolService.java:lambda$processClientRequest$0(278)) - Failed RaftClientRequest:client-FBD57F74AF91->localhost_10000@group-FF371CEDE24F, cid=42, seq=0, RW, Message:321f0a0f0a0d74657374...(size=33), reply=RaftClientReply:client-FBD57F74AF91->localhost_10000@group-FF371CEDE24F, cid=42, FAILED org.apache.ratis.protocol.NotLeaderException: Server localhost_10000@group-FF371CEDE24F is not the leader, logIndex=0, commits[localhost_10000:c-1]
2019-09-26 14:06:58,301 INFO  client.GrpcClientProtocolService (GrpcClientProtocolService.java:lambda$processClientRequest$0(278)) - Failed RaftClientRequest:client-FBD57F74AF91->localhost_10001@group-FF371CEDE24F, cid=42, seq=0, RW, Message:321f0a0f0a0d74657374...(size=33), reply=RaftClientReply:client-FBD57F74AF91->localhost_10001@group-FF371CEDE24F, cid=42, FAILED org.apache.ratis.protocol.NotLeaderException: Server localhost_10001@group-FF371CEDE24F is not the leader, logIndex=0, commits[localhost_10001:c-1]
2019-09-26 14:06:58,303 INFO  client.GrpcClientProtocolService (GrpcClientProtocolService.java:lambda$processClientRequest$0(278)) - Failed RaftClientRequest:client-FBD57F74AF91->localhost_10000@group-FF371CEDE24F, cid=42, seq=0, RW, Message:321f0a0f0a0d74657374...(size=33), reply=RaftClientReply:client-FBD57F74AF91->localhost_10000@group-FF371CEDE24F, cid=42, FAILED org.apache.ratis.protocol.NotLeaderException: Server localhost_10000@group-FF371CEDE24F is not the leader, logIndex=0, commits[localhost_10000:c-1]
2019-09-26 14:06:58,305 INFO  client.GrpcClientProtocolService (GrpcClientProtocolService.java:lambda$processClientRequest$0(278)) - Failed RaftClientRequest:client-FBD57F74AF91->localhost_10001@group-FF371CEDE24F, cid=42, seq=0, RW, Message:321f0a0f0a0d74657374...(size=33), reply=RaftClientReply:client-FBD57F74AF91->localhost_10001@group-FF371CEDE24F, cid=42, FAILED org.apache.ratis.protocol.NotLeaderException: Server localhost_10001@group-FF371CEDE24F is not the leader, logIndex=0, commits[localhost_10001:c-1]
2019-09-26 14:06:58,307 INFO  client.GrpcClientProtocolService (GrpcClientProtocolService.java:lambda$processClientRequest$0(278)) - Failed RaftClientRequest:client-FBD57F74AF91->localhost_10002@group-FF371CEDE24F, cid=42, seq=0, RW, Message:321f0a0f0a0d74657374...(size=33), reply=RaftClientReply:client-FBD57F74AF91->localhost_10002@group-FF371CEDE24F, cid=42, FAILED org.apache.ratis.protocol.NotLeaderException: Server localhost_10002@group-FF371CEDE24F is not the leader, logIndex=0, commits[localhost_10002:c-1]
2019-09-26 14:06:58,309 INFO  client.GrpcClientProtocolService (GrpcClientProtocolService.java:lambda$processClientRequest$0(278)) - Failed RaftClientRequest:client-FBD57F74AF91->localhost_10000@group-FF371CEDE24F, cid=42, seq=0, RW, Message:321f0a0f0a0d74657374...(size=33), reply=RaftClientReply:client-FBD57F74AF91->localhost_10000@group-FF371CEDE24F, cid=42, FAILED org.apache.ratis.protocol.NotLeaderException: Server localhost_10000@group-FF371CEDE24F is not the leader, logIndex=0, commits[localhost_10000:c-1]
2019-09-26 14:06:58,311 INFO  client.GrpcClientProtocolService (GrpcClientProtocolService.java:lambda$processClientRequest$0(278)) - Failed RaftClientRequest:client-FBD57F74AF91->localhost_10002@group-FF371CEDE24F, cid=42, seq=0, RW, Message:321f0a0f0a0d74657374...(size=33), reply=RaftClientReply:client-FBD57F74AF91->localhost_10002@group-FF371CEDE24F, cid=42, FAILED org.apache.ratis.protocol.NotLeaderException: Server localhost_10002@group-FF371CEDE24F is not the leader, logIndex=0, commits[localhost_10002:c-1]
2019-09-26 14:06:58,313 INFO  client.GrpcClientProtocolService (GrpcClientProtocolService.java:lambda$processClientRequest$0(278)) - Failed RaftClientRequest:client-FBD57F74AF91->localhost_10001@group-FF371CEDE24F, cid=42, seq=0, RW, Message:321f0a0f0a0d74657374...(size=33), reply=RaftClientReply:client-FBD57F74AF91->localhost_10001@group-FF371CEDE24F, cid=42, FAILED org.apache.ratis.protocol.NotLeaderException: Server localhost_10001@group-FF371CEDE24F is not the leader, logIndex=0, commits[localhost_10001:c-1]
2019-09-26 14:06:58,315 INFO  client.GrpcClientProtocolService (GrpcClientProtocolService.java:lambda$processClientRequest$0(278)) - Failed RaftClientRequest:client-FBD57F74AF91->localhost_10002@group-FF371CEDE24F, cid=42, seq=0, RW, Message:321f0a0f0a0d74657374...(size=33), reply=RaftClientReply:client-FBD57F74AF91->localhost_10002@group-FF371CEDE24F, cid=42, FAILED org.apache.ratis.protocol.NotLeaderException: Server localhost_10002@group-FF371CEDE24F is not the leader, logIndex=0, commits[localhost_10002:c-1]
2019-09-26 14:06:58,317 INFO  client.GrpcClientProtocolService (GrpcClientProtocolService.java:lambda$processClientRequest$0(278)) - Failed RaftClientRequest:client-FBD57F74AF91->localhost_10001@group-FF371CEDE24F, cid=42, seq=0, RW, Message:321f0a0f0a0d74657374...(size=33), reply=RaftClientReply:client-FBD57F74AF91->localhost_10001@group-FF371CEDE24F, cid=42, FAILED org.apache.ratis.protocol.NotLeaderException: Server localhost_10001@group-FF371CEDE24F is not the leader, logIndex=0, commits[localhost_10001:c-1]
2019-09-26 14:06:58,319 INFO  client.GrpcClientProtocolService (GrpcClientProtocolService.java:lambda$processClientRequest$0(278)) - Failed RaftClientRequest:client-FBD57F74AF91->localhost_10000@group-FF371CEDE24F, cid=42, seq=0, RW, Message:321f0a0f0a0d74657374...(size=33), reply=RaftClientReply:client-FBD57F74AF91->localhost_10000@group-FF371CEDE24F, cid=42, FAILED org.apache.ratis.protocol.NotLeaderException: Server localhost_10000@group-FF371CEDE24F is not the leader, logIndex=0, commits[localhost_10000:c-1]
2019-09-26 14:06:58,322 INFO  client.GrpcClientProtocolService (GrpcClientProtocolService.java:lambda$processClientRequest$0(278)) - Failed RaftClientRequest:client-FBD57F74AF91->localhost_10002@group-FF371CEDE24F, cid=42, seq=0, RW, Message:321f0a0f0a0d74657374...(size=33), reply=RaftClientReply:client-FBD57F74AF91->localhost_10002@group-FF371CEDE24F, cid=42, FAILED org.apache.ratis.protocol.NotLeaderException: Server localhost_10002@group-FF371CEDE24F is not the leader, logIndex=0, commits[localhost_10002:c-1]
2019-09-26 14:06:58,323 INFO  client.GrpcClientProtocolService (GrpcClientProtocolService.java:lambda$processClientRequest$0(278)) - Failed RaftClientRequest:client-FBD57F74AF91->localhost_10001@group-FF371CEDE24F, cid=42, seq=0, RW, Message:321f0a0f0a0d74657374...(size=33), reply=RaftClientReply:client-FBD57F74AF91->localhost_10001@group-FF371CEDE24F, cid=42, FAILED org.apache.ratis.protocol.NotLeaderException: Server localhost_10001@group-FF371CEDE24F is not the leader, logIndex=0, commits[localhost_10001:c-1]
2019-09-26 14:06:58,325 INFO  client.GrpcClientProtocolService (GrpcClientProtocolService.java:lambda$processClientRequest$0(278)) - Failed RaftClientRequest:client-FBD57F74AF91->localhost_10000@group-FF371CEDE24F, cid=42, seq=0, RW, Message:321f0a0f0a0d74657374...(size=33), reply=RaftClientReply:client-FBD57F74AF91->localhost_10000@group-FF371CEDE24F, cid=42, FAILED org.apache.ratis.protocol.NotLeaderException: Server localhost_10000@group-FF371CEDE24F is not the leader, logIndex=0, commits[localhost_10000:c-1]
2019-09-26 14:06:58,327 INFO  client.GrpcClientProtocolService (GrpcClientProtocolService.java:lambda$processClientRequest$0(278)) - Failed RaftClientRequest:client-FBD57F74AF91->localhost_10002@group-FF371CEDE24F, cid=42, seq=0, RW, Message:321f0a0f0a0d74657374...(size=33), reply=RaftClientReply:client-FBD57F74AF91->localhost_10002@group-FF371CEDE24F, cid=42, FAILED org.apache.ratis.protocol.NotLeaderException: Server localhost_10002@group-FF371CEDE24F is not the leader, logIndex=0, commits[localhost_10002:c-1]
2019-09-26 14:06:58,329 INFO  client.GrpcClientProtocolService (GrpcClientProtocolService.java:lambda$processClientRequest$0(278)) - Failed RaftClientRequest:client-FBD57F74AF91->localhost_10001@group-FF371CEDE24F, cid=42, seq=0, RW, Message:321f0a0f0a0d74657374...(size=33), reply=RaftClientReply:client-FBD57F74AF91->localhost_10001@group-FF371CEDE24F, cid=42, FAILED org.apache.ratis.protocol.NotLeaderException: Server localhost_10001@group-FF371CEDE24F is not the leader, logIndex=0, commits[localhost_10001:c-1]
2019-09-26 14:06:58,331 INFO  client.GrpcClientProtocolService (GrpcClientProtocolService.java:lambda$processClientRequest$0(278)) - Failed RaftClientRequest:client-FBD57F74AF91->localhost_10002@group-FF371CEDE24F, cid=42, seq=0, RW, Message:321f0a0f0a0d74657374...(size=33), reply=RaftClientReply:client-FBD57F74AF91->localhost_10002@group-FF371CEDE24F, cid=42, FAILED org.apache.ratis.protocol.NotLeaderException: Server localhost_10002@group-FF371CEDE24F is not the leader, logIndex=0, commits[localhost_10002:c-1]
2019-09-26 14:06:58,333 INFO  client.GrpcClientProtocolService (GrpcClientProtocolService.java:lambda$processClientRequest$0(278)) - Failed RaftClientRequest:client-FBD57F74AF91->localhost_10000@group-FF371CEDE24F, cid=42, seq=0, RW, Message:321f0a0f0a0d74657374...(size=33), reply=RaftClientReply:client-FBD57F74AF91->localhost_10000@group-FF371CEDE24F, cid=42, FAILED org.apache.ratis.protocol.NotLeaderException: Server localhost_10000@group-FF371CEDE24F is not the leader, logIndex=0, commits[localhost_10000:c-1]
2019-09-26 14:06:58,335 INFO  client.GrpcClientProtocolService (GrpcClientProtocolService.java:lambda$processClientRequest$0(278)) - Failed RaftClientRequest:client-FBD57F74AF91->localhost_10002@group-FF371CEDE24F, cid=42, seq=0, RW, Message:321f0a0f0a0d74657374...(size=33), reply=RaftClientReply:client-FBD57F74AF91->localhost_10002@group-FF371CEDE24F, cid=42, FAILED org.apache.ratis.protocol.NotLeaderException: Server localhost_10002@group-FF371CEDE24F is not the leader, logIndex=0, commits[localhost_10002:c-1]
2019-09-26 14:06:58,337 INFO  client.GrpcClientProtocolService (GrpcClientProtocolService.java:lambda$processClientRequest$0(278)) - Failed RaftClientRequest:client-FBD57F74AF91->localhost_10000@group-FF371CEDE24F, cid=42, seq=0, RW, Message:321f0a0f0a0d74657374...(size=33), reply=RaftClientReply:client-FBD57F74AF91->localhost_10000@group-FF371CEDE24F, cid=42, FAILED org.apache.ratis.protocol.NotLeaderException: Server localhost_10000@group-FF371CEDE24F is not the leader, logIndex=0, commits[localhost_10000:c-1]
2019-09-26 14:06:58,339 INFO  client.GrpcClientProtocolService (GrpcClientProtocolService.java:lambda$processClientRequest$0(278)) - Failed RaftClientRequest:client-FBD57F74AF91->localhost_10002@group-FF371CEDE24F, cid=42, seq=0, RW, Message:321f0a0f0a0d74657374...(size=33), reply=RaftClientReply:client-FBD57F74AF91->localhost_10002@group-FF371CEDE24F, cid=42, FAILED org.apache.ratis.protocol.NotLeaderException: Server localhost_10002@group-FF371CEDE24F is not the leader, logIndex=0, commits[localhost_10002:c-1]
2019-09-26 14:06:58,341 INFO  client.GrpcClientProtocolService (GrpcClientProtocolService.java:lambda$processClientRequest$0(278)) - Failed RaftClientRequest:client-FBD57F74AF91->localhost_10001@group-FF371CEDE24F, cid=42, seq=0, RW, Message:321f0a0f0a0d74657374...(size=33), reply=RaftClientReply:client-FBD57F74AF91->localhost_10001@group-FF371CEDE24F, cid=42, FAILED org.apache.ratis.protocol.NotLeaderException: Server localhost_10001@group-FF371CEDE24F is not the leader, logIndex=0, commits[localhost_10001:c-1]
2019-09-26 14:06:58,537 INFO  segmented.SegmentedRaftLogWorker (SegmentedRaftLogWorker.java:execute(569)) - localhost_10001@group-16DB6C54761C-SegmentedRaftLogWorker: created new log segment /workdir/ratis-logservice/target/test/data/161f0b00/workers/1/b47a9e3f-e7f8-4494-a154-16db6c54761c/current/log_inprogress_0
2019-09-26 14:06:58,537 INFO  client.GrpcClientProtocolService (GrpcClientProtocolService.java:lambda$processClientRequest$0(278)) - Failed RaftClientRequest:client-FBD57F74AF91->localhost_10000@group-FF371CEDE24F, cid=42, seq=0, RW, Message:321f0a0f0a0d74657374...(size=33), reply=RaftClientReply:client-FBD57F74AF91->localhost_10000@group-FF371CEDE24F, cid=42, FAILED org.apache.ratis.protocol.NotLeaderException: Server localhost_10000@group-FF371CEDE24F is not the leader, logIndex=0, commits[localhost_10000:c-1]
2019-09-26 14:06:58,537 INFO  segmented.SegmentedRaftLogWorker (SegmentedRaftLogWorker.java:execute(569)) - localhost_10000@group-16DB6C54761C-SegmentedRaftLogWorker: created new log segment /workdir/ratis-logservice/target/test/data/161f0b00/workers/0/b47a9e3f-e7f8-4494-a154-16db6c54761c/current/log_inprogress_0
2019-09-26 14:06:58,538 INFO  impl.LeaderElection (LeaderElection.java:askForVotes(178)) - localhost_10001@group-FF371CEDE24F-LeaderElection7: begin an election at term 1 for -1: [localhost_10002:localhost:10002, localhost_10001:localhost:10001, localhost_10000:localhost:10000], old=null
2019-09-26 14:06:58,538 INFO  impl.LeaderElection (LeaderElection.java:askForVotes(178)) - localhost_10002@group-FF371CEDE24F-LeaderElection8: begin an election at term 1 for -1: [localhost_10002:localhost:10002, localhost_10001:localhost:10001, localhost_10000:localhost:10000], old=null
2019-09-26 14:06:58,538 INFO  segmented.SegmentedRaftLogWorker (SegmentedRaftLogWorker.java:execute(569)) - localhost_10002@group-16DB6C54761C-SegmentedRaftLogWorker: created new log segment /workdir/ratis-logservice/target/test/data/161f0b00/workers/2/b47a9e3f-e7f8-4494-a154-16db6c54761c/current/log_inprogress_0
2019-09-26 14:06:58,537 INFO  impl.LeaderElection (LeaderElection.java:askForVotes(178)) - localhost_10000@group-FF371CEDE24F-LeaderElection9: begin an election at term 1 for -1: [localhost_10002:localhost:10002, localhost_10001:localhost:10001, localhost_10000:localhost:10000], old=null
2019-09-26 14:06:58,546 INFO  impl.LeaderElection (LeaderElection.java:logAndReturn(56)) - localhost_10002@group-FF371CEDE24F-LeaderElection8: Election REJECTED; received 2 response(s) [localhost_10002<-localhost_10001#0:FAIL-t1, localhost_10002<-localhost_10000#0:FAIL-t1] and 0 exception(s); localhost_10002@group-FF371CEDE24F:t1, leader=null, voted=localhost_10002, raftlog=localhost_10002@group-FF371CEDE24F-SegmentedRaftLog:OPENED:c-1,f-1,i0, conf=-1: [localhost_10002:localhost:10002, localhost_10001:localhost:10001, localhost_10000:localhost:10000], old=null
2019-09-26 14:06:58,546 INFO  impl.LeaderElection (LeaderElection.java:logAndReturn(56)) - localhost_10001@group-FF371CEDE24F-LeaderElection7: Election REJECTED; received 2 response(s) [localhost_10001<-localhost_10002#0:FAIL-t1, localhost_10001<-localhost_10000#0:FAIL-t1] and 0 exception(s); localhost_10001@group-FF371CEDE24F:t1, leader=null, voted=localhost_10001, raftlog=localhost_10001@group-FF371CEDE24F-SegmentedRaftLog:OPENED:c-1,f-1,i0, conf=-1: [localhost_10002:localhost:10002, localhost_10001:localhost:10001, localhost_10000:localhost:10000], old=null
2019-09-26 14:06:58,547 INFO  impl.RaftServerImpl (RaftServerImpl.java:setRole(170)) - localhost_10002@group-FF371CEDE24F: changes role from CANDIDATE to FOLLOWER at term 1 for DISCOVERED_A_NEW_TERM
2019-09-26 14:06:58,546 INFO  impl.LeaderElection (LeaderElection.java:logAndReturn(56)) - localhost_10000@group-FF371CEDE24F-LeaderElection9: Election REJECTED; received 2 response(s) [localhost_10000<-localhost_10002#0:FAIL-t1, localhost_10000<-localhost_10001#0:FAIL-t1] and 0 exception(s); localhost_10000@group-FF371CEDE24F:t1, leader=null, voted=localhost_10000, raftlog=localhost_10000@group-FF371CEDE24F-SegmentedRaftLog:OPENED:c-1,f-1,i0, conf=-1: [localhost_10002:localhost:10002, localhost_10001:localhost:10001, localhost_10000:localhost:10000], old=null
2019-09-26 14:06:58,546 INFO  client.GrpcClientProtocolService (GrpcClientProtocolService.java:lambda$processClientRequest$0(278)) - Failed RaftClientRequest:client-FBD57F74AF91->localhost_10001@group-FF371CEDE24F, cid=42, seq=0, RW, Message:321f0a0f0a0d74657374...(size=33), reply=RaftClientReply:client-FBD57F74AF91->localhost_10001@group-FF371CEDE24F, cid=42, FAILED org.apache.ratis.protocol.NotLeaderException: Server localhost_10001@group-FF371CEDE24F is not the leader, logIndex=0, commits[localhost_10001:c-1]
2019-09-26 14:06:58,549 INFO  impl.RaftServerImpl (RaftServerImpl.java:setRole(170)) - localhost_10000@group-FF371CEDE24F: changes role from CANDIDATE to FOLLOWER at term 1 for DISCOVERED_A_NEW_TERM
2019-09-26 14:06:58,548 INFO  impl.RoleInfo (RoleInfo.java:shutdownLeaderElection(134)) - localhost_10002: shutdown LeaderElection
2019-09-26 14:06:58,547 INFO  impl.RaftServerImpl (RaftServerImpl.java:setRole(170)) - localhost_10001@group-FF371CEDE24F: changes role from CANDIDATE to FOLLOWER at term 1 for DISCOVERED_A_NEW_TERM
2019-09-26 14:06:58,550 INFO  impl.RoleInfo (RoleInfo.java:updateAndGet(143)) - localhost_10002: start FollowerState
2019-09-26 14:06:58,550 INFO  impl.RoleInfo (RoleInfo.java:shutdownLeaderElection(134)) - localhost_10000: shutdown LeaderElection
2019-09-26 14:06:58,550 INFO  impl.RoleInfo (RoleInfo.java:shutdownLeaderElection(134)) - localhost_10001: shutdown LeaderElection
2019-09-26 14:06:58,551 INFO  impl.RoleInfo (RoleInfo.java:updateAndGet(143)) - localhost_10000: start FollowerState
2019-09-26 14:06:58,551 INFO  impl.RoleInfo (RoleInfo.java:updateAndGet(143)) - localhost_10001: start FollowerState
2019-09-26 14:06:58,575 INFO  client.GrpcClientProtocolService (GrpcClientProtocolService.java:lambda$processClientRequest$0(278)) - Failed RaftClientRequest:client-FBD57F74AF91->localhost_10002@group-FF371CEDE24F, cid=42, seq=0, RW, Message:321f0a0f0a0d74657374...(size=33), reply=RaftClientReply:client-FBD57F74AF91->localhost_10002@group-FF371CEDE24F, cid=42, FAILED org.apache.ratis.protocol.NotLeaderException: Server localhost_10002@group-FF371CEDE24F is not the leader, logIndex=0, commits[localhost_10002:c-1]
2019-09-26 14:06:58,578 INFO  client.GrpcClientProtocolService (GrpcClientProtocolService.java:lambda$processClientRequest$0(278)) - Failed RaftClientRequest:client-FBD57F74AF91->localhost_10001@group-FF371CEDE24F, cid=42, seq=0, RW, Message:321f0a0f0a0d74657374...(size=33), reply=RaftClientReply:client-FBD57F74AF91->localhost_10001@group-FF371CEDE24F, cid=42, FAILED org.apache.ratis.protocol.NotLeaderException: Server localhost_10001@group-FF371CEDE24F is not the leader, logIndex=0, commits[localhost_10001:c-1]
2019-09-26 14:06:58,581 INFO  client.GrpcClientProtocolService (GrpcClientProtocolService.java:lambda$processClientRequest$0(278)) - Failed RaftClientRequest:client-FBD57F74AF91->localhost_10002@group-FF371CEDE24F, cid=42, seq=0, RW, Message:321f0a0f0a0d74657374...(size=33), reply=RaftClientReply:client-FBD57F74AF91->localhost_10002@group-FF371CEDE24F, cid=42, FAILED org.apache.ratis.protocol.NotLeaderException: Server localhost_10002@group-FF371CEDE24F is not the leader, logIndex=0, commits[localhost_10002:c-1]
2019-09-26 14:06:58,583 INFO  client.GrpcClientProtocolService (GrpcClientProtocolService.java:lambda$processClientRequest$0(278)) - Failed RaftClientRequest:client-FBD57F74AF91->localhost_10001@group-FF371CEDE24F, cid=42, seq=0, RW, Message:321f0a0f0a0d74657374...(size=33), reply=RaftClientReply:client-FBD57F74AF91->localhost_10001@group-FF371CEDE24F, cid=42, FAILED org.apache.ratis.protocol.NotLeaderException: Server localhost_10001@group-FF371CEDE24F is not the leader, logIndex=0, commits[localhost_10001:c-1]
2019-09-26 14:06:58,586 INFO  client.GrpcClientProtocolService (GrpcClientProtocolService.java:lambda$processClientRequest$0(278)) - Failed RaftClientRequest:client-FBD57F74AF91->localhost_10000@group-FF371CEDE24F, cid=42, seq=0, RW, Message:321f0a0f0a0d74657374...(size=33), reply=RaftClientReply:client-FBD57F74AF91->localhost_10000@group-FF371CEDE24F, cid=42, FAILED org.apache.ratis.protocol.NotLeaderException: Server localhost_10000@group-FF371CEDE24F is not the leader, logIndex=0, commits[localhost_10000:c-1]
2019-09-26 14:06:58,589 INFO  client.GrpcClientProtocolService (GrpcClientProtocolService.java:lambda$processClientRequest$0(278)) - Failed RaftClientRequest:client-FBD57F74AF91->localhost_10001@group-FF371CEDE24F, cid=42, seq=0, RW, Message:321f0a0f0a0d74657374...(size=33), reply=RaftClientReply:client-FBD57F74AF91->localhost_10001@group-FF371CEDE24F, cid=42, FAILED org.apache.ratis.protocol.NotLeaderException: Server localhost_10001@group-FF371CEDE24F is not the leader, logIndex=0, commits[localhost_10001:c-1]
2019-09-26 14:06:58,591 INFO  client.GrpcClientProtocolService (GrpcClientProtocolService.java:lambda$processClientRequest$0(278)) - Failed RaftClientRequest:client-FBD57F74AF91->localhost_10002@group-FF371CEDE24F, cid=42, seq=0, RW, Message:321f0a0f0a0d74657374...(size=33), reply=RaftClientReply:client-FBD57F74AF91->localhost_10002@group-FF371CEDE24F, cid=42, FAILED org.apache.ratis.protocol.NotLeaderException: Server localhost_10002@group-FF371CEDE24F is not the leader, logIndex=0, commits[localhost_10002:c-1]
2019-09-26 14:06:58,594 INFO  client.GrpcClientProtocolService (GrpcClientProtocolService.java:lambda$processClientRequest$0(278)) - Failed RaftClientRequest:client-FBD57F74AF91->localhost_10001@group-FF371CEDE24F, cid=42, seq=0, RW, Message:321f0a0f0a0d74657374...(size=33), reply=RaftClientReply:client-FBD57F74AF91->localhost_10001@group-FF371CEDE24F, cid=42, FAILED org.apache.ratis.protocol.NotLeaderException: Server localhost_10001@group-FF371CEDE24F is not the leader, logIndex=0, commits[localhost_10001:c-1]
2019-09-26 14:06:58,597 INFO  client.GrpcClientProtocolService (GrpcClientProtocolService.java:lambda$processClientRequest$0(278)) - Failed RaftClientRequest:client-FBD57F74AF91->localhost_10002@group-FF371CEDE24F, cid=42, seq=0, RW, Message:321f0a0f0a0d74657374...(size=33), reply=RaftClientReply:client-FBD57F74AF91->localhost_10002@group-FF371CEDE24F, cid=42, FAILED org.apache.ratis.protocol.NotLeaderException: Server localhost_10002@group-FF371CEDE24F is not the leader, logIndex=0, commits[localhost_10002:c-1]
2019-09-26 14:06:58,599 INFO  client.GrpcClientProtocolService (GrpcClientProtocolService.java:lambda$processClientRequest$0(278)) - Failed RaftClientRequest:client-FBD57F74AF91->localhost_10000@group-FF371CEDE24F, cid=42, seq=0, RW, Message:321f0a0f0a0d74657374...(size=33), reply=RaftClientReply:client-FBD57F74AF91->localhost_10000@group-FF371CEDE24F, cid=42, FAILED org.apache.ratis.protocol.NotLeaderException: Server localhost_10000@group-FF371CEDE24F is not the leader, logIndex=0, commits[localhost_10000:c-1]
2019-09-26 14:06:58,602 INFO  client.GrpcClientProtocolService (GrpcClientProtocolService.java:lambda$processClientRequest$0(278)) - Failed RaftClientRequest:client-FBD57F74AF91->localhost_10002@group-FF371CEDE24F, cid=42, seq=0, RW, Message:321f0a0f0a0d74657374...(size=33), reply=RaftClientReply:client-FBD57F74AF91->localhost_10002@group-FF371CEDE24F, cid=42, FAILED org.apache.ratis.protocol.NotLeaderException: Server localhost_10002@group-FF371CEDE24F is not the leader, logIndex=0, commits[localhost_10002:c-1]
2019-09-26 14:06:58,604 INFO  client.GrpcClientProtocolService (GrpcClientProtocolService.java:lambda$processClientRequest$0(278)) - Failed RaftClientRequest:client-FBD57F74AF91->localhost_10001@group-FF371CEDE24F, cid=42, seq=0, RW, Message:321f0a0f0a0d74657374...(size=33), reply=RaftClientReply:client-FBD57F74AF91->localhost_10001@group-FF371CEDE24F, cid=42, FAILED org.apache.ratis.protocol.NotLeaderException: Server localhost_10001@group-FF371CEDE24F is not the leader, logIndex=0, commits[localhost_10001:c-1]
2019-09-26 14:06:58,607 INFO  client.GrpcClientProtocolService (GrpcClientProtocolService.java:lambda$processClientRequest$0(278)) - Failed RaftClientRequest:client-FBD57F74AF91->localhost_10000@group-FF371CEDE24F, cid=42, seq=0, RW, Message:321f0a0f0a0d74657374...(size=33), reply=RaftClientReply:client-FBD57F74AF91->localhost_10000@group-FF371CEDE24F, cid=42, FAILED org.apache.ratis.protocol.NotLeaderException: Server localhost_10000@group-FF371CEDE24F is not the leader, logIndex=0, commits[localhost_10000:c-1]
2019-09-26 14:06:58,609 INFO  client.GrpcClientProtocolService (GrpcClientProtocolService.java:lambda$processClientRequest$0(278)) - Failed RaftClientRequest:client-FBD57F74AF91->localhost_10002@group-FF371CEDE24F, cid=42, seq=0, RW, Message:321f0a0f0a0d74657374...(size=33), reply=RaftClientReply:client-FBD57F74AF91->localhost_10002@group-FF371CEDE24F, cid=42, FAILED org.apache.ratis.protocol.NotLeaderException: Server localhost_10002@group-FF371CEDE24F is not the leader, logIndex=0, commits[localhost_10002:c-1]
2019-09-26 14:06:58,612 INFO  client.GrpcClientProtocolService (GrpcClientProtocolService.java:lambda$processClientRequest$0(278)) - Failed RaftClientRequest:client-FBD57F74AF91->localhost_10000@group-FF371CEDE24F, cid=42, seq=0, RW, Message:321f0a0f0a0d74657374...(size=33), reply=RaftClientReply:client-FBD57F74AF91->localhost_10000@group-FF371CEDE24F, cid=42, FAILED org.apache.ratis.protocol.NotLeaderException: Server localhost_10000@group-FF371CEDE24F is not the leader, logIndex=0, commits[localhost_10000:c-1]
2019-09-26 14:06:58,614 INFO  client.GrpcClientProtocolService (GrpcClientProtocolService.java:lambda$processClientRequest$0(278)) - Failed RaftClientRequest:client-FBD57F74AF91->localhost_10001@group-FF371CEDE24F, cid=42, seq=0, RW, Message:321f0a0f0a0d74657374...(size=33), reply=RaftClientReply:client-FBD57F74AF91->localhost_10001@group-FF371CEDE24F, cid=42, FAILED org.apache.ratis.protocol.NotLeaderException: Server localhost_10001@group-FF371CEDE24F is not the leader, logIndex=0, commits[localhost_10001:c-1]
2019-09-26 14:06:58,617 INFO  client.GrpcClientProtocolService (GrpcClientProtocolService.java:lambda$processClientRequest$0(278)) - Failed RaftClientRequest:client-FBD57F74AF91->localhost_10002@group-FF371CEDE24F, cid=42, seq=0, RW, Message:321f0a0f0a0d74657374...(size=33), reply=RaftClientReply:client-FBD57F74AF91->localhost_10002@group-FF371CEDE24F, cid=42, FAILED org.apache.ratis.protocol.NotLeaderException: Server localhost_10002@group-FF371CEDE24F is not the leader, logIndex=0, commits[localhost_10002:c-1]
2019-09-26 14:06:58,619 INFO  client.GrpcClientProtocolService (GrpcClientProtocolService.java:lambda$processClientRequest$0(278)) - Failed RaftClientRequest:client-FBD57F74AF91->localhost_10001@group-FF371CEDE24F, cid=42, seq=0, RW, Message:321f0a0f0a0d74657374...(size=33), reply=RaftClientReply:client-FBD57F74AF91->localhost_10001@group-FF371CEDE24F, cid=42, FAILED org.apache.ratis.protocol.NotLeaderException: Server localhost_10001@group-FF371CEDE24F is not the leader, logIndex=0, commits[localhost_10001:c-1]
2019-09-26 14:06:58,621 INFO  client.GrpcClientProtocolService (GrpcClientProtocolService.java:lambda$processClientRequest$0(278)) - Failed RaftClientRequest:client-FBD57F74AF91->localhost_10002@group-FF371CEDE24F, cid=42, seq=0, RW, Message:321f0a0f0a0d74657374...(size=33), reply=RaftClientReply:client-FBD57F74AF91->localhost_10002@group-FF371CEDE24F, cid=42, FAILED org.apache.ratis.protocol.NotLeaderException: Server localhost_10002@group-FF371CEDE24F is not the leader, logIndex=0, commits[localhost_10002:c-1]
2019-09-26 14:06:58,624 INFO  client.GrpcClientProtocolService (GrpcClientProtocolService.java:lambda$processClientRequest$0(278)) - Failed RaftClientRequest:client-FBD57F74AF91->localhost_10001@group-FF371CEDE24F, cid=42, seq=0, RW, Message:321f0a0f0a0d74657374...(size=33), reply=RaftClientReply:client-FBD57F74AF91->localhost_10001@group-FF371CEDE24F, cid=42, FAILED org.apache.ratis.protocol.NotLeaderException: Server localhost_10001@group-FF371CEDE24F is not the leader, logIndex=0, commits[localhost_10001:c-1]
2019-09-26 14:06:58,626 INFO  client.GrpcClientProtocolService (GrpcClientProtocolService.java:lambda$processClientRequest$0(278)) - Failed RaftClientRequest:client-FBD57F74AF91->localhost_10000@group-FF371CEDE24F, cid=42, seq=0, RW, Message:321f0a0f0a0d74657374...(size=33), reply=RaftClientReply:client-FBD57F74AF91->localhost_10000@group-FF371CEDE24F, cid=42, FAILED org.apache.ratis.protocol.NotLeaderException: Server localhost_10000@group-FF371CEDE24F is not the leader, logIndex=0, commits[localhost_10000:c-1]
2019-09-26 14:06:58,629 INFO  client.GrpcClientProtocolService (GrpcClientProtocolService.java:lambda$processClientRequest$0(278)) - Failed RaftClientRequest:client-FBD57F74AF91->localhost_10002@group-FF371CEDE24F, cid=42, seq=0, RW, Message:321f0a0f0a0d74657374...(size=33), reply=RaftClientReply:client-FBD57F74AF91->localhost_10002@group-FF371CEDE24F, cid=42, FAILED org.apache.ratis.protocol.NotLeaderException: Server localhost_10002@group-FF371CEDE24F is not the leader, logIndex=0, commits[localhost_10002:c-1]
2019-09-26 14:06:58,631 INFO  client.GrpcClientProtocolService (GrpcClientProtocolService.java:lambda$processClientRequest$0(278)) - Failed RaftClientRequest:client-FBD57F74AF91->localhost_10001@group-FF371CEDE24F, cid=42, seq=0, RW, Message:321f0a0f0a0d74657374...(size=33), reply=RaftClientReply:client-FBD57F74AF91->localhost_10001@group-FF371CEDE24F, cid=42, FAILED org.apache.ratis.protocol.NotLeaderException: Server localhost_10001@group-FF371CEDE24F is not the leader, logIndex=0, commits[localhost_10001:c-1]
2019-09-26 14:06:58,633 INFO  client.GrpcClientProtocolService (GrpcClientProtocolService.java:lambda$processClientRequest$0(278)) - Failed RaftClientRequest:client-FBD57F74AF91->localhost_10000@group-FF371CEDE24F, cid=42, seq=0, RW, Message:321f0a0f0a0d74657374...(size=33), reply=RaftClientReply:client-FBD57F74AF91->localhost_10000@group-FF371CEDE24F, cid=42, FAILED org.apache.ratis.protocol.NotLeaderException: Server localhost_10000@group-FF371CEDE24F is not the leader, logIndex=0, commits[localhost_10000:c-1]
2019-09-26 14:06:58,636 INFO  client.GrpcClientProtocolService (GrpcClientProtocolService.java:lambda$processClientRequest$0(278)) - Failed RaftClientRequest:client-FBD57F74AF91->localhost_10002@group-FF371CEDE24F, cid=42, seq=0, RW, Message:321f0a0f0a0d74657374...(size=33), reply=RaftClientReply:client-FBD57F74AF91->localhost_10002@group-FF371CEDE24F, cid=42, FAILED org.apache.ratis.protocol.NotLeaderException: Server localhost_10002@group-FF371CEDE24F is not the leader, logIndex=0, commits[localhost_10002:c-1]
2019-09-26 14:06:58,638 INFO  client.GrpcClientProtocolService (GrpcClientProtocolService.java:lambda$processClientRequest$0(278)) - Failed RaftClientRequest:client-FBD57F74AF91->localhost_10001@group-FF371CEDE24F, cid=42, seq=0, RW, Message:321f0a0f0a0d74657374...(size=33), reply=RaftClientReply:client-FBD57F74AF91->localhost_10001@group-FF371CEDE24F, cid=42, FAILED org.apache.ratis.protocol.NotLeaderException: Server localhost_10001@group-FF371CEDE24F is not the leader, logIndex=0, commits[localhost_10001:c-1]
2019-09-26 14:06:58,640 INFO  client.GrpcClientProtocolService (GrpcClientProtocolService.java:lambda$processClientRequest$0(278)) - Failed RaftClientRequest:client-FBD57F74AF91->localhost_10000@group-FF371CEDE24F, cid=42, seq=0, RW, Message:321f0a0f0a0d74657374...(size=33), reply=RaftClientReply:client-FBD57F74AF91->localhost_10000@group-FF371CEDE24F, cid=42, FAILED org.apache.ratis.protocol.NotLeaderException: Server localhost_10000@group-FF371CEDE24F is not the leader, logIndex=0, commits[localhost_10000:c-1]
2019-09-26 14:06:58,643 INFO  client.GrpcClientProtocolService (GrpcClientProtocolService.java:lambda$processClientRequest$0(278)) - Failed RaftClientRequest:client-FBD57F74AF91->localhost_10002@group-FF371CEDE24F, cid=42, seq=0, RW, Message:321f0a0f0a0d74657374...(size=33), reply=RaftClientReply:client-FBD57F74AF91->localhost_10002@group-FF371CEDE24F, cid=42, FAILED org.apache.ratis.protocol.NotLeaderException: Server localhost_10002@group-FF371CEDE24F is not the leader, logIndex=0, commits[localhost_10002:c-1]
2019-09-26 14:06:58,645 INFO  client.GrpcClientProtocolService (GrpcClientProtocolService.java:lambda$processClientRequest$0(278)) - Failed RaftClientRequest:client-FBD57F74AF91->localhost_10000@group-FF371CEDE24F, cid=42, seq=0, RW, Message:321f0a0f0a0d74657374...(size=33), reply=RaftClientReply:client-FBD57F74AF91->localhost_10000@group-FF371CEDE24F, cid=42, FAILED org.apache.ratis.protocol.NotLeaderException: Server localhost_10000@group-FF371CEDE24F is not the leader, logIndex=0, commits[localhost_10000:c-1]
2019-09-26 14:06:58,647 INFO  client.GrpcClientProtocolService (GrpcClientProtocolService.java:lambda$processClientRequest$0(278)) - Failed RaftClientRequest:client-FBD57F74AF91->localhost_10001@group-FF371CEDE24F, cid=42, seq=0, RW, Message:321f0a0f0a0d74657374...(size=33), reply=RaftClientReply:client-FBD57F74AF91->localhost_10001@group-FF371CEDE24F, cid=42, FAILED org.apache.ratis.protocol.NotLeaderException: Server localhost_10001@group-FF371CEDE24F is not the leader, logIndex=0, commits[localhost_10001:c-1]
2019-09-26 14:06:58,650 INFO  client.GrpcClientProtocolService (GrpcClientProtocolService.java:lambda$processClientRequest$0(278)) - Failed RaftClientRequest:client-FBD57F74AF91->localhost_10002@group-FF371CEDE24F, cid=42, seq=0, RW, Message:321f0a0f0a0d74657374...(size=33), reply=RaftClientReply:client-FBD57F74AF91->localhost_10002@group-FF371CEDE24F, cid=42, FAILED org.apache.ratis.protocol.NotLeaderException: Server localhost_10002@group-FF371CEDE24F is not the leader, logIndex=0, commits[localhost_10002:c-1]
2019-09-26 14:06:58,652 INFO  client.GrpcClientProtocolService (GrpcClientProtocolService.java:lambda$processClientRequest$0(278)) - Failed RaftClientRequest:client-FBD57F74AF91->localhost_10000@group-FF371CEDE24F, cid=42, seq=0, RW, Message:321f0a0f0a0d74657374...(size=33), reply=RaftClientReply:client-FBD57F74AF91->localhost_10000@group-FF371CEDE24F, cid=42, FAILED org.apache.ratis.protocol.NotLeaderException: Server localhost_10000@group-FF371CEDE24F is not the leader, logIndex=0, commits[localhost_10000:c-1]
2019-09-26 14:06:58,654 INFO  client.GrpcClientProtocolService (GrpcClientProtocolService.java:lambda$processClientRequest$0(278)) - Failed RaftClientRequest:client-FBD57F74AF91->localhost_10002@group-FF371CEDE24F, cid=42, seq=0, RW, Message:321f0a0f0a0d74657374...(size=33), reply=RaftClientReply:client-FBD57F74AF91->localhost_10002@group-FF371CEDE24F, cid=42, FAILED org.apache.ratis.protocol.NotLeaderException: Server localhost_10002@group-FF371CEDE24F is not the leader, logIndex=0, commits[localhost_10002:c-1]
2019-09-26 14:06:58,656 INFO  client.GrpcClientProtocolService (GrpcClientProtocolService.java:lambda$processClientRequest$0(278)) - Failed RaftClientRequest:client-FBD57F74AF91->localhost_10001@group-FF371CEDE24F, cid=42, seq=0, RW, Message:321f0a0f0a0d74657374...(size=33), reply=RaftClientReply:client-FBD57F74AF91->localhost_10001@group-FF371CEDE24F, cid=42, FAILED org.apache.ratis.protocol.NotLeaderException: Server localhost_10001@group-FF371CEDE24F is not the leader, logIndex=0, commits[localhost_10001:c-1]
2019-09-26 14:06:58,659 INFO  client.GrpcClientProtocolService (GrpcClientProtocolService.java:lambda$processClientRequest$0(278)) - Failed RaftClientRequest:client-FBD57F74AF91->localhost_10002@group-FF371CEDE24F, cid=42, seq=0, RW, Message:321f0a0f0a0d74657374...(size=33), reply=RaftClientReply:client-FBD57F74AF91->localhost_10002@group-FF371CEDE24F, cid=42, FAILED org.apache.ratis.protocol.NotLeaderException: Server localhost_10002@group-FF371CEDE24F is not the leader, logIndex=0, commits[localhost_10002:c-1]
2019-09-26 14:06:58,661 INFO  client.GrpcClientProtocolService (GrpcClientProtocolService.java:lambda$processClientRequest$0(278)) - Failed RaftClientRequest:client-FBD57F74AF91->localhost_10001@group-FF371CEDE24F, cid=42, seq=0, RW, Message:321f0a0f0a0d74657374...(size=33), reply=RaftClientReply:client-FBD57F74AF91->localhost_10001@group-FF371CEDE24F, cid=42, FAILED org.apache.ratis.protocol.NotLeaderException: Server localhost_10001@group-FF371CEDE24F is not the leader, logIndex=0, commits[localhost_10001:c-1]
2019-09-26 14:06:58,663 INFO  client.GrpcClientProtocolService (GrpcClientProtocolService.java:lambda$processClientRequest$0(278)) - Failed RaftClientRequest:client-FBD57F74AF91->localhost_10002@group-FF371CEDE24F, cid=42, seq=0, RW, Message:321f0a0f0a0d74657374...(size=33), reply=RaftClientReply:client-FBD57F74AF91->localhost_10002@group-FF371CEDE24F, cid=42, FAILED org.apache.ratis.protocol.NotLeaderException: Server localhost_10002@group-FF371CEDE24F is not the leader, logIndex=0, commits[localhost_10002:c-1]
2019-09-26 14:06:58,665 INFO  client.GrpcClientProtocolService (GrpcClientProtocolService.java:lambda$processClientRequest$0(278)) - Failed RaftClientRequest:client-FBD57F74AF91->localhost_10000@group-FF371CEDE24F, cid=42, seq=0, RW, Message:321f0a0f0a0d74657374...(size=33), reply=RaftClientReply:client-FBD57F74AF91->localhost_10000@group-FF371CEDE24F, cid=42, FAILED org.apache.ratis.protocol.NotLeaderException: Server localhost_10000@group-FF371CEDE24F is not the leader, logIndex=0, commits[localhost_10000:c-1]
2019-09-26 14:06:58,667 INFO  client.GrpcClientProtocolService (GrpcClientProtocolService.java:lambda$processClientRequest$0(278)) - Failed RaftClientRequest:client-FBD57F74AF91->localhost_10001@group-FF371CEDE24F, cid=42, seq=0, RW, Message:321f0a0f0a0d74657374...(size=33), reply=RaftClientReply:client-FBD57F74AF91->localhost_10001@group-FF371CEDE24F, cid=42, FAILED org.apache.ratis.protocol.NotLeaderException: Server localhost_10001@group-FF371CEDE24F is not the leader, logIndex=0, commits[localhost_10001:c-1]
2019-09-26 14:06:58,669 INFO  client.GrpcClientProtocolService (GrpcClientProtocolService.java:lambda$processClientRequest$0(278)) - Failed RaftClientRequest:client-FBD57F74AF91->localhost_10002@group-FF371CEDE24F, cid=42, seq=0, RW, Message:321f0a0f0a0d74657374...(size=33), reply=RaftClientReply:client-FBD57F74AF91->localhost_10002@group-FF371CEDE24F, cid=42, FAILED org.apache.ratis.protocol.NotLeaderException: Server localhost_10002@group-FF371CEDE24F is not the leader, logIndex=0, commits[localhost_10002:c-1]
2019-09-26 14:06:58,671 INFO  client.GrpcClientProtocolService (GrpcClientProtocolService.java:lambda$processClientRequest$0(278)) - Failed RaftClientRequest:client-FBD57F74AF91->localhost_10001@group-FF371CEDE24F, cid=42, seq=0, RW, Message:321f0a0f0a0d74657374...(size=33), reply=RaftClientReply:client-FBD57F74AF91->localhost_10001@group-FF371CEDE24F, cid=42, FAILED org.apache.ratis.protocol.NotLeaderException: Server localhost_10001@group-FF371CEDE24F is not the leader, logIndex=0, commits[localhost_10001:c-1]
2019-09-26 14:06:58,674 INFO  client.GrpcClientProtocolService (GrpcClientProtocolService.java:lambda$processClientRequest$0(278)) - Failed RaftClientRequest:client-FBD57F74AF91->localhost_10002@group-FF371CEDE24F, cid=42, seq=0, RW, Message:321f0a0f0a0d74657374...(size=33), reply=RaftClientReply:client-FBD57F74AF91->localhost_10002@group-FF371CEDE24F, cid=42, FAILED org.apache.ratis.protocol.NotLeaderException: Server localhost_10002@group-FF371CEDE24F is not the leader, logIndex=0, commits[localhost_10002:c-1]
2019-09-26 14:06:58,676 INFO  client.GrpcClientProtocolService (GrpcClientProtocolService.java:lambda$processClientRequest$0(278)) - Failed RaftClientRequest:client-FBD57F74AF91->localhost_10000@group-FF371CEDE24F, cid=42, seq=0, RW, Message:321f0a0f0a0d74657374...(size=33), reply=RaftClientReply:client-FBD57F74AF91->localhost_10000@group-FF371CEDE24F, cid=42, FAILED org.apache.ratis.protocol.NotLeaderException: Server localhost_10000@group-FF371CEDE24F is not the leader, logIndex=0, commits[localhost_10000:c-1]
2019-09-26 14:06:58,679 INFO  client.GrpcClientProtocolService (GrpcClientProtocolService.java:lambda$processClientRequest$0(278)) - Failed RaftClientRequest:client-FBD57F74AF91->localhost_10002@group-FF371CEDE24F, cid=42, seq=0, RW, Message:321f0a0f0a0d74657374...(size=33), reply=RaftClientReply:client-FBD57F74AF91->localhost_10002@group-FF371CEDE24F, cid=42, FAILED org.apache.ratis.protocol.NotLeaderException: Server localhost_10002@group-FF371CEDE24F is not the leader, logIndex=0, commits[localhost_10002:c-1]
2019-09-26 14:06:58,681 INFO  client.GrpcClientProtocolService (GrpcClientProtocolService.java:lambda$processClientRequest$0(278)) - Failed RaftClientRequest:client-FBD57F74AF91->localhost_10001@group-FF371CEDE24F, cid=42, seq=0, RW, Message:321f0a0f0a0d74657374...(size=33), reply=RaftClientReply:client-FBD57F74AF91->localhost_10001@group-FF371CEDE24F, cid=42, FAILED org.apache.ratis.protocol.NotLeaderException: Server localhost_10001@group-FF371CEDE24F is not the leader, logIndex=0, commits[localhost_10001:c-1]
2019-09-26 14:06:58,683 INFO  client.GrpcClientProtocolService (GrpcClientProtocolService.java:lambda$processClientRequest$0(278)) - Failed RaftClientRequest:client-FBD57F74AF91->localhost_10002@group-FF371CEDE24F, cid=42, seq=0, RW, Message:321f0a0f0a0d74657374...(size=33), reply=RaftClientReply:client-FBD57F74AF91->localhost_10002@group-FF371CEDE24F, cid=42, FAILED org.apache.ratis.protocol.NotLeaderException: Server localhost_10002@group-FF371CEDE24F is not the leader, logIndex=0, commits[localhost_10002:c-1]
2019-09-26 14:06:58,686 INFO  client.GrpcClientProtocolService (GrpcClientProtocolService.java:lambda$processClientRequest$0(278)) - Failed RaftClientRequest:client-FBD57F74AF91->localhost_10001@group-FF371CEDE24F, cid=42, seq=0, RW, Message:321f0a0f0a0d74657374...(size=33), reply=RaftClientReply:client-FBD57F74AF91->localhost_10001@group-FF371CEDE24F, cid=42, FAILED org.apache.ratis.protocol.NotLeaderException: Server localhost_10001@group-FF371CEDE24F is not the leader, logIndex=0, commits[localhost_10001:c-1]
2019-09-26 14:06:58,688 INFO  client.GrpcClientProtocolService (GrpcClientProtocolService.java:lambda$processClientRequest$0(278)) - Failed RaftClientRequest:client-FBD57F74AF91->localhost_10002@group-FF371CEDE24F, cid=42, seq=0, RW, Message:321f0a0f0a0d74657374...(size=33), reply=RaftClientReply:client-FBD57F74AF91->localhost_10002@group-FF371CEDE24F, cid=42, FAILED org.apache.ratis.protocol.NotLeaderException: Server localhost_10002@group-FF371CEDE24F is not the leader, logIndex=0, commits[localhost_10002:c-1]
2019-09-26 14:06:58,690 INFO  client.GrpcClientProtocolService (GrpcClientProtocolService.java:lambda$processClientRequest$0(278)) - Failed RaftClientRequest:client-FBD57F74AF91->localhost_10000@group-FF371CEDE24F, cid=42, seq=0, RW, Message:321f0a0f0a0d74657374...(size=33), reply=RaftClientReply:client-FBD57F74AF91->localhost_10000@group-FF371CEDE24F, cid=42, FAILED org.apache.ratis.protocol.NotLeaderException: Server localhost_10000@group-FF371CEDE24F is not the leader, logIndex=0, commits[localhost_10000:c-1]
2019-09-26 14:06:58,692 INFO  client.GrpcClientProtocolService (GrpcClientProtocolService.java:lambda$processClientRequest$0(278)) - Failed RaftClientRequest:client-FBD57F74AF91->localhost_10001@group-FF371CEDE24F, cid=42, seq=0, RW, Message:321f0a0f0a0d74657374...(size=33), reply=RaftClientReply:client-FBD57F74AF91->localhost_10001@group-FF371CEDE24F, cid=42, FAILED org.apache.ratis.protocol.NotLeaderException: Server localhost_10001@group-FF371CEDE24F is not the leader, logIndex=0, commits[localhost_10001:c-1]
2019-09-26 14:06:58,694 INFO  client.GrpcClientProtocolService (GrpcClientProtocolService.java:lambda$processClientRequest$0(278)) - Failed RaftClientRequest:client-FBD57F74AF91->localhost_10000@group-FF371CEDE24F, cid=42, seq=0, RW, Message:321f0a0f0a0d74657374...(size=33), reply=RaftClientReply:client-FBD57F74AF91->localhost_10000@group-FF371CEDE24F, cid=42, FAILED org.apache.ratis.protocol.NotLeaderException: Server localhost_10000@group-FF371CEDE24F is not the leader, logIndex=0, commits[localhost_10000:c-1]
2019-09-26 14:06:58,696 INFO  client.GrpcClientProtocolService (GrpcClientProtocolService.java:lambda$processClientRequest$0(278)) - Failed RaftClientRequest:client-FBD57F74AF91->localhost_10001@group-FF371CEDE24F, cid=42, seq=0, RW, Message:321f0a0f0a0d74657374...(size=33), reply=RaftClientReply:client-FBD57F74AF91->localhost_10001@group-FF371CEDE24F, cid=42, FAILED org.apache.ratis.protocol.NotLeaderException: Server localhost_10001@group-FF371CEDE24F is not the leader, logIndex=0, commits[localhost_10001:c-1]
2019-09-26 14:06:58,699 INFO  client.GrpcClientProtocolService (GrpcClientProtocolService.java:lambda$processClientRequest$0(278)) - Failed RaftClientRequest:client-FBD57F74AF91->localhost_10000@group-FF371CEDE24F, cid=42, seq=0, RW, Message:321f0a0f0a0d74657374...(size=33), reply=RaftClientReply:client-FBD57F74AF91->localhost_10000@group-FF371CEDE24F, cid=42, FAILED org.apache.ratis.protocol.NotLeaderException: Server localhost_10000@group-FF371CEDE24F is not the leader, logIndex=0, commits[localhost_10000:c-1]
2019-09-26 14:06:58,701 INFO  client.GrpcClientProtocolService (GrpcClientProtocolService.java:lambda$processClientRequest$0(278)) - Failed RaftClientRequest:client-FBD57F74AF91->localhost_10002@group-FF371CEDE24F, cid=42, seq=0, RW, Message:321f0a0f0a0d74657374...(size=33), reply=RaftClientReply:client-FBD57F74AF91->localhost_10002@group-FF371CEDE24F, cid=42, FAILED org.apache.ratis.protocol.NotLeaderException: Server localhost_10002@group-FF371CEDE24F is not the leader, logIndex=0, commits[localhost_10002:c-1]
2019-09-26 14:06:58,703 INFO  client.GrpcClientProtocolService (GrpcClientProtocolService.java:lambda$processClientRequest$0(278)) - Failed RaftClientRequest:client-FBD57F74AF91->localhost_10000@group-FF371CEDE24F, cid=42, seq=0, RW, Message:321f0a0f0a0d74657374...(size=33), reply=RaftClientReply:client-FBD57F74AF91->localhost_10000@group-FF371CEDE24F, cid=42, FAILED org.apache.ratis.protocol.NotLeaderException: Server localhost_10000@group-FF371CEDE24F is not the leader, logIndex=0, commits[localhost_10000:c-1]
2019-09-26 14:06:58,706 INFO  client.GrpcClientProtocolService (GrpcClientProtocolService.java:lambda$processClientRequest$0(278)) - Failed RaftClientRequest:client-FBD57F74AF91->localhost_10002@group-FF371CEDE24F, cid=42, seq=0, RW, Message:321f0a0f0a0d74657374...(size=33), reply=RaftClientReply:client-FBD57F74AF91->localhost_10002@group-FF371CEDE24F, cid=42, FAILED org.apache.ratis.protocol.NotLeaderException: Server localhost_10002@group-FF371CEDE24F is not the leader, logIndex=0, commits[localhost_10002:c-1]
2019-09-26 14:06:58,708 INFO  client.GrpcClientProtocolService (GrpcClientProtocolService.java:lambda$processClientRequest$0(278)) - Failed RaftClientRequest:client-FBD57F74AF91->localhost_10000@group-FF371CEDE24F, cid=42, seq=0, RW, Message:321f0a0f0a0d74657374...(size=33), reply=RaftClientReply:client-FBD57F74AF91->localhost_10000@group-FF371CEDE24F, cid=42, FAILED org.apache.ratis.protocol.NotLeaderException: Server localhost_10000@group-FF371CEDE24F is not the leader, logIndex=0, commits[localhost_10000:c-1]
2019-09-26 14:06:58,710 INFO  client.GrpcClientProtocolService (GrpcClientProtocolService.java:lambda$processClientRequest$0(278)) - Failed RaftClientRequest:client-FBD57F74AF91->localhost_10001@group-FF371CEDE24F, cid=42, seq=0, RW, Message:321f0a0f0a0d74657374...(size=33), reply=RaftClientReply:client-FBD57F74AF91->localhost_10001@group-FF371CEDE24F, cid=42, FAILED org.apache.ratis.protocol.NotLeaderException: Server localhost_10001@group-FF371CEDE24F is not the leader, logIndex=0, commits[localhost_10001:c-1]
2019-09-26 14:06:58,712 INFO  client.GrpcClientProtocolService (GrpcClientProtocolService.java:lambda$processClientRequest$0(278)) - Failed RaftClientRequest:client-FBD57F74AF91->localhost_10002@group-FF371CEDE24F, cid=42, seq=0, RW, Message:321f0a0f0a0d74657374...(size=33), reply=RaftClientReply:client-FBD57F74AF91->localhost_10002@group-FF371CEDE24F, cid=42, FAILED org.apache.ratis.protocol.NotLeaderException: Server localhost_10002@group-FF371CEDE24F is not the leader, logIndex=0, commits[localhost_10002:c-1]
2019-09-26 14:06:58,714 INFO  client.GrpcClientProtocolService (GrpcClientProtocolService.java:lambda$processClientRequest$0(278)) - Failed RaftClientRequest:client-FBD57F74AF91->localhost_10001@group-FF371CEDE24F, cid=42, seq=0, RW, Message:321f0a0f0a0d74657374...(size=33), reply=RaftClientReply:client-FBD57F74AF91->localhost_10001@group-FF371CEDE24F, cid=42, FAILED org.apache.ratis.protocol.NotLeaderException: Server localhost_10001@group-FF371CEDE24F is not the leader, logIndex=0, commits[localhost_10001:c-1]
2019-09-26 14:06:58,716 INFO  client.GrpcClientProtocolService (GrpcClientProtocolService.java:lambda$processClientRequest$0(278)) - Failed RaftClientRequest:client-FBD57F74AF91->localhost_10000@group-FF371CEDE24F, cid=42, seq=0, RW, Message:321f0a0f0a0d74657374...(size=33), reply=RaftClientReply:client-FBD57F74AF91->localhost_10000@group-FF371CEDE24F, cid=42, FAILED org.apache.ratis.protocol.NotLeaderException: Server localhost_10000@group-FF371CEDE24F is not the leader, logIndex=0, commits[localhost_10000:c-1]
2019-09-26 14:06:58,717 INFO  client.GrpcClientProtocolService (GrpcClientProtocolService.java:lambda$processClientRequest$0(278)) - Failed RaftClientRequest:client-FBD57F74AF91->localhost_10002@group-FF371CEDE24F, cid=42, seq=0, RW, Message:321f0a0f0a0d74657374...(size=33), reply=RaftClientReply:client-FBD57F74AF91->localhost_10002@group-FF371CEDE24F, cid=42, FAILED org.apache.ratis.protocol.NotLeaderException: Server localhost_10002@group-FF371CEDE24F is not the leader, logIndex=0, commits[localhost_10002:c-1]
2019-09-26 14:06:58,719 INFO  client.GrpcClientProtocolService (GrpcClientProtocolService.java:lambda$processClientRequest$0(278)) - Failed RaftClientRequest:client-FBD57F74AF91->localhost_10001@group-FF371CEDE24F, cid=42, seq=0, RW, Message:321f0a0f0a0d74657374...(size=33), reply=RaftClientReply:client-FBD57F74AF91->localhost_10001@group-FF371CEDE24F, cid=42, FAILED org.apache.ratis.protocol.NotLeaderException: Server localhost_10001@group-FF371CEDE24F is not the leader, logIndex=0, commits[localhost_10001:c-1]
2019-09-26 14:06:58,722 INFO  client.GrpcClientProtocolService (GrpcClientProtocolService.java:lambda$processClientRequest$0(278)) - Failed RaftClientRequest:client-FBD57F74AF91->localhost_10002@group-FF371CEDE24F, cid=42, seq=0, RW, Message:321f0a0f0a0d74657374...(size=33), reply=RaftClientReply:client-FBD57F74AF91->localhost_10002@group-FF371CEDE24F, cid=42, FAILED org.apache.ratis.protocol.NotLeaderException: Server localhost_10002@group-FF371CEDE24F is not the leader, logIndex=0, commits[localhost_10002:c-1]
2019-09-26 14:06:58,724 INFO  client.GrpcClientProtocolService (GrpcClientProtocolService.java:lambda$processClientRequest$0(278)) - Failed RaftClientRequest:client-FBD57F74AF91->localhost_10001@group-FF371CEDE24F, cid=42, seq=0, RW, Message:321f0a0f0a0d74657374...(size=33), reply=RaftClientReply:client-FBD57F74AF91->localhost_10001@group-FF371CEDE24F, cid=42, FAILED org.apache.ratis.protocol.NotLeaderException: Server localhost_10001@group-FF371CEDE24F is not the leader, logIndex=0, commits[localhost_10001:c-1]
2019-09-26 14:06:58,726 INFO  client.GrpcClientProtocolService (GrpcClientProtocolService.java:lambda$processClientRequest$0(278)) - Failed RaftClientRequest:client-FBD57F74AF91->localhost_10002@group-FF371CEDE24F, cid=42, seq=0, RW, Message:321f0a0f0a0d74657374...(size=33), reply=RaftClientReply:client-FBD57F74AF91->localhost_10002@group-FF371CEDE24F, cid=42, FAILED org.apache.ratis.protocol.NotLeaderException: Server localhost_10002@group-FF371CEDE24F is not the leader, logIndex=0, commits[localhost_10002:c-1]
2019-09-26 14:06:58,728 INFO  client.GrpcClientProtocolService (GrpcClientProtocolService.java:lambda$processClientRequest$0(278)) - Failed RaftClientRequest:client-FBD57F74AF91->localhost_10001@group-FF371CEDE24F, cid=42, seq=0, RW, Message:321f0a0f0a0d74657374...(size=33), reply=RaftClientReply:client-FBD57F74AF91->localhost_10001@group-FF371CEDE24F, cid=42, FAILED org.apache.ratis.protocol.NotLeaderException: Server localhost_10001@group-FF371CEDE24F is not the leader, logIndex=0, commits[localhost_10001:c-1]
2019-09-26 14:06:58,730 INFO  client.GrpcClientProtocolService (GrpcClientProtocolService.java:lambda$processClientRequest$0(278)) - Failed RaftClientRequest:client-FBD57F74AF91->localhost_10000@group-FF371CEDE24F, cid=42, seq=0, RW, Message:321f0a0f0a0d74657374...(size=33), reply=RaftClientReply:client-FBD57F74AF91->localhost_10000@group-FF371CEDE24F, cid=42, FAILED org.apache.ratis.protocol.NotLeaderException: Server localhost_10000@group-FF371CEDE24F is not the leader, logIndex=0, commits[localhost_10000:c-1]
2019-09-26 14:06:58,732 INFO  client.GrpcClientProtocolService (GrpcClientProtocolService.java:lambda$processClientRequest$0(278)) - Failed RaftClientRequest:client-FBD57F74AF91->localhost_10001@group-FF371CEDE24F, cid=42, seq=0, RW, Message:321f0a0f0a0d74657374...(size=33), reply=RaftClientReply:client-FBD57F74AF91->localhost_10001@group-FF371CEDE24F, cid=42, FAILED org.apache.ratis.protocol.NotLeaderException: Server localhost_10001@group-FF371CEDE24F is not the leader, logIndex=0, commits[localhost_10001:c-1]
2019-09-26 14:06:58,734 INFO  client.GrpcClientProtocolService (GrpcClientProtocolService.java:lambda$processClientRequest$0(278)) - Failed RaftClientRequest:client-FBD57F74AF91->localhost_10002@group-FF371CEDE24F, cid=42, seq=0, RW, Message:321f0a0f0a0d74657374...(size=33), reply=RaftClientReply:client-FBD57F74AF91->localhost_10002@group-FF371CEDE24F, cid=42, FAILED org.apache.ratis.protocol.NotLeaderException: Server localhost_10002@group-FF371CEDE24F is not the leader, logIndex=0, commits[localhost_10002:c-1]
2019-09-26 14:06:58,736 INFO  client.GrpcClientProtocolService (GrpcClientProtocolService.java:lambda$processClientRequest$0(278)) - Failed RaftClientRequest:client-FBD57F74AF91->localhost_10000@group-FF371CEDE24F, cid=42, seq=0, RW, Message:321f0a0f0a0d74657374...(size=33), reply=RaftClientReply:client-FBD57F74AF91->localhost_10000@group-FF371CEDE24F, cid=42, FAILED org.apache.ratis.protocol.NotLeaderException: Server localhost_10000@group-FF371CEDE24F is not the leader, logIndex=0, commits[localhost_10000:c-1]
2019-09-26 14:06:58,738 INFO  client.GrpcClientProtocolService (GrpcClientProtocolService.java:lambda$processClientRequest$0(278)) - Failed RaftClientRequest:client-FBD57F74AF91->localhost_10001@group-FF371CEDE24F, cid=42, seq=0, RW, Message:321f0a0f0a0d74657374...(size=33), reply=RaftClientReply:client-FBD57F74AF91->localhost_10001@group-FF371CEDE24F, cid=42, FAILED org.apache.ratis.protocol.NotLeaderException: Server localhost_10001@group-FF371CEDE24F is not the leader, logIndex=0, commits[localhost_10001:c-1]
2019-09-26 14:06:58,739 INFO  client.GrpcClientProtocolService (GrpcClientProtocolService.java:lambda$processClientRequest$0(278)) - Failed RaftClientRequest:client-FBD57F74AF91->localhost_10000@group-FF371CEDE24F, cid=42, seq=0, RW, Message:321f0a0f0a0d74657374...(size=33), reply=RaftClientReply:client-FBD57F74AF91->localhost_10000@group-FF371CEDE24F, cid=42, FAILED org.apache.ratis.protocol.NotLeaderException: Server localhost_10000@group-FF371CEDE24F is not the leader, logIndex=0, commits[localhost_10000:c-1]
2019-09-26 14:06:58,741 INFO  client.GrpcClientProtocolService (GrpcClientProtocolService.java:lambda$processClientRequest$0(278)) - Failed RaftClientRequest:client-FBD57F74AF91->localhost_10001@group-FF371CEDE24F, cid=42, seq=0, RW, Message:321f0a0f0a0d74657374...(size=33), reply=RaftClientReply:client-FBD57F74AF91->localhost_10001@group-FF371CEDE24F, cid=42, FAILED org.apache.ratis.protocol.NotLeaderException: Server localhost_10001@group-FF371CEDE24F is not the leader, logIndex=0, commits[localhost_10001:c-1]
2019-09-26 14:06:58,743 INFO  client.GrpcClientProtocolService (GrpcClientProtocolService.java:lambda$processClientRequest$0(278)) - Failed RaftClientRequest:client-FBD57F74AF91->localhost_10000@group-FF371CEDE24F, cid=42, seq=0, RW, Message:321f0a0f0a0d74657374...(size=33), reply=RaftClientReply:client-FBD57F74AF91->localhost_10000@group-FF371CEDE24F, cid=42, FAILED org.apache.ratis.protocol.NotLeaderException: Server localhost_10000@group-FF371CEDE24F is not the leader, logIndex=0, commits[localhost_10000:c-1]
2019-09-26 14:06:58,745 INFO  client.GrpcClientProtocolService (GrpcClientProtocolService.java:lambda$processClientRequest$0(278)) - Failed RaftClientRequest:client-FBD57F74AF91->localhost_10001@group-FF371CEDE24F, cid=42, seq=0, RW, Message:321f0a0f0a0d74657374...(size=33), reply=RaftClientReply:client-FBD57F74AF91->localhost_10001@group-FF371CEDE24F, cid=42, FAILED org.apache.ratis.protocol.NotLeaderException: Server localhost_10001@group-FF371CEDE24F is not the leader, logIndex=0, commits[localhost_10001:c-1]
2019-09-26 14:06:58,747 INFO  client.GrpcClientProtocolService (GrpcClientProtocolService.java:lambda$processClientRequest$0(278)) - Failed RaftClientRequest:client-FBD57F74AF91->localhost_10000@group-FF371CEDE24F, cid=42, seq=0, RW, Message:321f0a0f0a0d74657374...(size=33), reply=RaftClientReply:client-FBD57F74AF91->localhost_10000@group-FF371CEDE24F, cid=42, FAILED org.apache.ratis.protocol.NotLeaderException: Server localhost_10000@group-FF371CEDE24F is not the leader, logIndex=0, commits[localhost_10000:c-1]
2019-09-26 14:06:58,749 INFO  client.GrpcClientProtocolService (GrpcClientProtocolService.java:lambda$processClientRequest$0(278)) - Failed RaftClientRequest:client-FBD57F74AF91->localhost_10002@group-FF371CEDE24F, cid=42, seq=0, RW, Message:321f0a0f0a0d74657374...(size=33), reply=RaftClientReply:client-FBD57F74AF91->localhost_10002@group-FF371CEDE24F, cid=42, FAILED org.apache.ratis.protocol.NotLeaderException: Server localhost_10002@group-FF371CEDE24F is not the leader, logIndex=0, commits[localhost_10002:c-1]
2019-09-26 14:06:58,751 INFO  client.GrpcClientProtocolService (GrpcClientProtocolService.java:lambda$processClientRequest$0(278)) - Failed RaftClientRequest:client-FBD57F74AF91->localhost_10001@group-FF371CEDE24F, cid=42, seq=0, RW, Message:321f0a0f0a0d74657374...(size=33), reply=RaftClientReply:client-FBD57F74AF91->localhost_10001@group-FF371CEDE24F, cid=42, FAILED org.apache.ratis.protocol.NotLeaderException: Server localhost_10001@group-FF371CEDE24F is not the leader, logIndex=0, commits[localhost_10001:c-1]
2019-09-26 14:06:58,752 INFO  client.GrpcClientProtocolService (GrpcClientProtocolService.java:lambda$processClientRequest$0(278)) - Failed RaftClientRequest:client-FBD57F74AF91->localhost_10000@group-FF371CEDE24F, cid=42, seq=0, RW, Message:321f0a0f0a0d74657374...(size=33), reply=RaftClientReply:client-FBD57F74AF91->localhost_10000@group-FF371CEDE24F, cid=42, FAILED org.apache.ratis.protocol.NotLeaderException: Server localhost_10000@group-FF371CEDE24F is not the leader, logIndex=0, commits[localhost_10000:c-1]
2019-09-26 14:06:58,754 INFO  client.GrpcClientProtocolService (GrpcClientProtocolService.java:lambda$processClientRequest$0(278)) - Failed RaftClientRequest:client-FBD57F74AF91->localhost_10001@group-FF371CEDE24F, cid=42, seq=0, RW, Message:321f0a0f0a0d74657374...(size=33), reply=RaftClientReply:client-FBD57F74AF91->localhost_10001@group-FF371CEDE24F, cid=42, FAILED org.apache.ratis.protocol.NotLeaderException: Server localhost_10001@group-FF371CEDE24F is not the leader, logIndex=0, commits[localhost_10001:c-1]
2019-09-26 14:06:58,756 INFO  client.GrpcClientProtocolService (GrpcClientProtocolService.java:lambda$processClientRequest$0(278)) - Failed RaftClientRequest:client-FBD57F74AF91->localhost_10002@group-FF371CEDE24F, cid=42, seq=0, RW, Message:321f0a0f0a0d74657374...(size=33), reply=RaftClientReply:client-FBD57F74AF91->localhost_10002@group-FF371CEDE24F, cid=42, FAILED org.apache.ratis.protocol.NotLeaderException: Server localhost_10002@group-FF371CEDE24F is not the leader, logIndex=0, commits[localhost_10002:c-1]
2019-09-26 14:06:58,759 INFO  client.GrpcClientProtocolService (GrpcClientProtocolService.java:lambda$processClientRequest$0(278)) - Failed RaftClientRequest:client-FBD57F74AF91->localhost_10000@group-FF371CEDE24F, cid=42, seq=0, RW, Message:321f0a0f0a0d74657374...(size=33), reply=RaftClientReply:client-FBD57F74AF91->localhost_10000@group-FF371CEDE24F, cid=42, FAILED org.apache.ratis.protocol.NotLeaderException: Server localhost_10000@group-FF371CEDE24F is not the leader, logIndex=0, commits[localhost_10000:c-1]
2019-09-26 14:06:58,760 INFO  client.GrpcClientProtocolService (GrpcClientProtocolService.java:lambda$processClientRequest$0(278)) - Failed RaftClientRequest:client-FBD57F74AF91->localhost_10001@group-FF371CEDE24F, cid=42, seq=0, RW, Message:321f0a0f0a0d74657374...(size=33), reply=RaftClientReply:client-FBD57F74AF91->localhost_10001@group-FF371CEDE24F, cid=42, FAILED org.apache.ratis.protocol.NotLeaderException: Server localhost_10001@group-FF371CEDE24F is not the leader, logIndex=0, commits[localhost_10001:c-1]
2019-09-26 14:06:58,762 INFO  client.GrpcClientProtocolService (GrpcClientProtocolService.java:lambda$processClientRequest$0(278)) - Failed RaftClientRequest:client-FBD57F74AF91->localhost_10000@group-FF371CEDE24F, cid=42, seq=0, RW, Message:321f0a0f0a0d74657374...(size=33), reply=RaftClientReply:client-FBD57F74AF91->localhost_10000@group-FF371CEDE24F, cid=42, FAILED org.apache.ratis.protocol.NotLeaderException: Server localhost_10000@group-FF371CEDE24F is not the leader, logIndex=0, commits[localhost_10000:c-1]
2019-09-26 14:06:58,764 INFO  client.GrpcClientProtocolService (GrpcClientProtocolService.java:lambda$processClientRequest$0(278)) - Failed RaftClientRequest:client-FBD57F74AF91->localhost_10001@group-FF371CEDE24F, cid=42, seq=0, RW, Message:321f0a0f0a0d74657374...(size=33), reply=RaftClientReply:client-FBD57F74AF91->localhost_10001@group-FF371CEDE24F, cid=42, FAILED org.apache.ratis.protocol.NotLeaderException: Server localhost_10001@group-FF371CEDE24F is not the leader, logIndex=0, commits[localhost_10001:c-1]
2019-09-26 14:06:58,766 INFO  client.GrpcClientProtocolService (GrpcClientProtocolService.java:lambda$processClientRequest$0(278)) - Failed RaftClientRequest:client-FBD57F74AF91->localhost_10000@group-FF371CEDE24F, cid=42, seq=0, RW, Message:321f0a0f0a0d74657374...(size=33), reply=RaftClientReply:client-FBD57F74AF91->localhost_10000@group-FF371CEDE24F, cid=42, FAILED org.apache.ratis.protocol.NotLeaderException: Server localhost_10000@group-FF371CEDE24F is not the leader, logIndex=0, commits[localhost_10000:c-1]
2019-09-26 14:06:58,768 INFO  client.GrpcClientProtocolService (GrpcClientProtocolService.java:lambda$processClientRequest$0(278)) - Failed RaftClientRequest:client-FBD57F74AF91->localhost_10002@group-FF371CEDE24F, cid=42, seq=0, RW, Message:321f0a0f0a0d74657374...(size=33), reply=RaftClientReply:client-FBD57F74AF91->localhost_10002@group-FF371CEDE24F, cid=42, FAILED org.apache.ratis.protocol.NotLeaderException: Server localhost_10002@group-FF371CEDE24F is not the leader, logIndex=0, commits[localhost_10002:c-1]
2019-09-26 14:06:58,770 INFO  client.GrpcClientProtocolService (GrpcClientProtocolService.java:lambda$processClientRequest$0(278)) - Failed RaftClientRequest:client-FBD57F74AF91->localhost_10000@group-FF371CEDE24F, cid=42, seq=0, RW, Message:321f0a0f0a0d74657374...(size=33), reply=RaftClientReply:client-FBD57F74AF91->localhost_10000@group-FF371CEDE24F, cid=42, FAILED org.apache.ratis.protocol.NotLeaderException: Server localhost_10000@group-FF371CEDE24F is not the leader, logIndex=0, commits[localhost_10000:c-1]
2019-09-26 14:06:58,772 INFO  client.GrpcClientProtocolService (GrpcClientProtocolService.java:lambda$processClientRequest$0(278)) - Failed RaftClientRequest:client-FBD57F74AF91->localhost_10001@group-FF371CEDE24F, cid=42, seq=0, RW, Message:321f0a0f0a0d74657374...(size=33), reply=RaftClientReply:client-FBD57F74AF91->localhost_10001@group-FF371CEDE24F, cid=42, FAILED org.apache.ratis.protocol.NotLeaderException: Server localhost_10001@group-FF371CEDE24F is not the leader, logIndex=0, commits[localhost_10001:c-1]
2019-09-26 14:06:58,774 INFO  client.GrpcClientProtocolService (GrpcClientProtocolService.java:lambda$processClientRequest$0(278)) - Failed RaftClientRequest:client-FBD57F74AF91->localhost_10002@group-FF371CEDE24F, cid=42, seq=0, RW, Message:321f0a0f0a0d74657374...(size=33), reply=RaftClientReply:client-FBD57F74AF91->localhost_10002@group-FF371CEDE24F, cid=42, FAILED org.apache.ratis.protocol.NotLeaderException: Server localhost_10002@group-FF371CEDE24F is not the leader, logIndex=0, commits[localhost_10002:c-1]
2019-09-26 14:06:58,775 INFO  client.GrpcClientProtocolService (GrpcClientProtocolService.java:lambda$processClientRequest$0(278)) - Failed RaftClientRequest:client-FBD57F74AF91->localhost_10001@group-FF371CEDE24F, cid=42, seq=0, RW, Message:321f0a0f0a0d74657374...(size=33), reply=RaftClientReply:client-FBD57F74AF91->localhost_10001@group-FF371CEDE24F, cid=42, FAILED org.apache.ratis.protocol.NotLeaderException: Server localhost_10001@group-FF371CEDE24F is not the leader, logIndex=0, commits[localhost_10001:c-1]
2019-09-26 14:06:58,777 INFO  client.GrpcClientProtocolService (GrpcClientProtocolService.java:lambda$processClientRequest$0(278)) - Failed RaftClientRequest:client-FBD57F74AF91->localhost_10002@group-FF371CEDE24F, cid=42, seq=0, RW, Message:321f0a0f0a0d74657374...(size=33), reply=RaftClientReply:client-FBD57F74AF91->localhost_10002@group-FF371CEDE24F, cid=42, FAILED org.apache.ratis.protocol.NotLeaderException: Server localhost_10002@group-FF371CEDE24F is not the leader, logIndex=0, commits[localhost_10002:c-1]
2019-09-26 14:06:58,779 INFO  client.GrpcClientProtocolService (GrpcClientProtocolService.java:lambda$processClientRequest$0(278)) - Failed RaftClientRequest:client-FBD57F74AF91->localhost_10000@group-FF371CEDE24F, cid=42, seq=0, RW, Message:321f0a0f0a0d74657374...(size=33), reply=RaftClientReply:client-FBD57F74AF91->localhost_10000@group-FF371CEDE24F, cid=42, FAILED org.apache.ratis.protocol.NotLeaderException: Server localhost_10000@group-FF371CEDE24F is not the leader, logIndex=0, commits[localhost_10000:c-1]
2019-09-26 14:06:58,781 INFO  client.GrpcClientProtocolService (GrpcClientProtocolService.java:lambda$processClientRequest$0(278)) - Failed RaftClientRequest:client-FBD57F74AF91->localhost_10002@group-FF371CEDE24F, cid=42, seq=0, RW, Message:321f0a0f0a0d74657374...(size=33), reply=RaftClientReply:client-FBD57F74AF91->localhost_10002@group-FF371CEDE24F, cid=42, FAILED org.apache.ratis.protocol.NotLeaderException: Server localhost_10002@group-FF371CEDE24F is not the leader, logIndex=0, commits[localhost_10002:c-1]
2019-09-26 14:06:58,783 INFO  client.GrpcClientProtocolService (GrpcClientProtocolService.java:lambda$processClientRequest$0(278)) - Failed RaftClientRequest:client-FBD57F74AF91->localhost_10001@group-FF371CEDE24F, cid=42, seq=0, RW, Message:321f0a0f0a0d74657374...(size=33), reply=RaftClientReply:client-FBD57F74AF91->localhost_10001@group-FF371CEDE24F, cid=42, FAILED org.apache.ratis.protocol.NotLeaderException: Server localhost_10001@group-FF371CEDE24F is not the leader, logIndex=0, commits[localhost_10001:c-1]
2019-09-26 14:06:58,784 INFO  client.GrpcClientProtocolService (GrpcClientProtocolService.java:lambda$processClientRequest$0(278)) - Failed RaftClientRequest:client-FBD57F74AF91->localhost_10002@group-FF371CEDE24F, cid=42, seq=0, RW, Message:321f0a0f0a0d74657374...(size=33), reply=RaftClientReply:client-FBD57F74AF91->localhost_10002@group-FF371CEDE24F, cid=42, FAILED org.apache.ratis.protocol.NotLeaderException: Server localhost_10002@group-FF371CEDE24F is not the leader, logIndex=0, commits[localhost_10002:c-1]
2019-09-26 14:06:58,786 INFO  client.GrpcClientProtocolService (GrpcClientProtocolService.java:lambda$processClientRequest$0(278)) - Failed RaftClientRequest:client-FBD57F74AF91->localhost_10001@group-FF371CEDE24F, cid=42, seq=0, RW, Message:321f0a0f0a0d74657374...(size=33), reply=RaftClientReply:client-FBD57F74AF91->localhost_10001@group-FF371CEDE24F, cid=42, FAILED org.apache.ratis.protocol.NotLeaderException: Server localhost_10001@group-FF371CEDE24F is not the leader, logIndex=0, commits[localhost_10001:c-1]
2019-09-26 14:06:58,789 INFO  client.GrpcClientProtocolService (GrpcClientProtocolService.java:lambda$processClientRequest$0(278)) - Failed RaftClientRequest:client-FBD57F74AF91->localhost_10000@group-FF371CEDE24F, cid=42, seq=0, RW, Message:321f0a0f0a0d74657374...(size=33), reply=RaftClientReply:client-FBD57F74AF91->localhost_10000@group-FF371CEDE24F, cid=42, FAILED org.apache.ratis.protocol.NotLeaderException: Server localhost_10000@group-FF371CEDE24F is not the leader, logIndex=0, commits[localhost_10000:c-1]
2019-09-26 14:06:58,790 INFO  client.GrpcClientProtocolService (GrpcClientProtocolService.java:lambda$processClientRequest$0(278)) - Failed RaftClientRequest:client-FBD57F74AF91->localhost_10002@group-FF371CEDE24F, cid=42, seq=0, RW, Message:321f0a0f0a0d74657374...(size=33), reply=RaftClientReply:client-FBD57F74AF91->localhost_10002@group-FF371CEDE24F, cid=42, FAILED org.apache.ratis.protocol.NotLeaderException: Server localhost_10002@group-FF371CEDE24F is not the leader, logIndex=0, commits[localhost_10002:c-1]
2019-09-26 14:06:58,792 INFO  client.GrpcClientProtocolService (GrpcClientProtocolService.java:lambda$processClientRequest$0(278)) - Failed RaftClientRequest:client-FBD57F74AF91->localhost_10001@group-FF371CEDE24F, cid=42, seq=0, RW, Message:321f0a0f0a0d74657374...(size=33), reply=RaftClientReply:client-FBD57F74AF91->localhost_10001@group-FF371CEDE24F, cid=42, FAILED org.apache.ratis.protocol.NotLeaderException: Server localhost_10001@group-FF371CEDE24F is not the leader, logIndex=0, commits[localhost_10001:c-1]
2019-09-26 14:06:58,794 INFO  client.GrpcClientProtocolService (GrpcClientProtocolService.java:lambda$processClientRequest$0(278)) - Failed RaftClientRequest:client-FBD57F74AF91->localhost_10002@group-FF371CEDE24F, cid=42, seq=0, RW, Message:321f0a0f0a0d74657374...(size=33), reply=RaftClientReply:client-FBD57F74AF91->localhost_10002@group-FF371CEDE24F, cid=42, FAILED org.apache.ratis.protocol.NotLeaderException: Server localhost_10002@group-FF371CEDE24F is not the leader, logIndex=0, commits[localhost_10002:c-1]
2019-09-26 14:06:58,796 INFO  client.GrpcClientProtocolService (GrpcClientProtocolService.java:lambda$processClientRequest$0(278)) - Failed RaftClientRequest:client-FBD57F74AF91->localhost_10000@group-FF371CEDE24F, cid=42, seq=0, RW, Message:321f0a0f0a0d74657374...(size=33), reply=RaftClientReply:client-FBD57F74AF91->localhost_10000@group-FF371CEDE24F, cid=42, FAILED org.apache.ratis.protocol.NotLeaderException: Server localhost_10000@group-FF371CEDE24F is not the leader, logIndex=0, commits[localhost_10000:c-1]
2019-09-26 14:06:58,797 INFO  client.GrpcClientProtocolService (GrpcClientProtocolService.java:lambda$processClientRequest$0(278)) - Failed RaftClientRequest:client-FBD57F74AF91->localhost_10001@group-FF371CEDE24F, cid=42, seq=0, RW, Message:321f0a0f0a0d74657374...(size=33), reply=RaftClientReply:client-FBD57F74AF91->localhost_10001@group-FF371CEDE24F, cid=42, FAILED org.apache.ratis.protocol.NotLeaderException: Server localhost_10001@group-FF371CEDE24F is not the leader, logIndex=0, commits[localhost_10001:c-1]
2019-09-26 14:06:58,799 INFO  client.GrpcClientProtocolService (GrpcClientProtocolService.java:lambda$processClientRequest$0(278)) - Failed RaftClientRequest:client-FBD57F74AF91->localhost_10000@group-FF371CEDE24F, cid=42, seq=0, RW, Message:321f0a0f0a0d74657374...(size=33), reply=RaftClientReply:client-FBD57F74AF91->localhost_10000@group-FF371CEDE24F, cid=42, FAILED org.apache.ratis.protocol.NotLeaderException: Server localhost_10000@group-FF371CEDE24F is not the leader, logIndex=0, commits[localhost_10000:c-1]
2019-09-26 14:06:58,801 INFO  client.GrpcClientProtocolService (GrpcClientProtocolService.java:lambda$processClientRequest$0(278)) - Failed RaftClientRequest:client-FBD57F74AF91->localhost_10002@group-FF371CEDE24F, cid=42, seq=0, RW, Message:321f0a0f0a0d74657374...(size=33), reply=RaftClientReply:client-FBD57F74AF91->localhost_10002@group-FF371CEDE24F, cid=42, FAILED org.apache.ratis.protocol.NotLeaderException: Server localhost_10002@group-FF371CEDE24F is not the leader, logIndex=0, commits[localhost_10002:c-1]
2019-09-26 14:06:58,803 INFO  client.GrpcClientProtocolService (GrpcClientProtocolService.java:lambda$processClientRequest$0(278)) - Failed RaftClientRequest:client-FBD57F74AF91->localhost_10001@group-FF371CEDE24F, cid=42, seq=0, RW, Message:321f0a0f0a0d74657374...(size=33), reply=RaftClientReply:client-FBD57F74AF91->localhost_10001@group-FF371CEDE24F, cid=42, FAILED org.apache.ratis.protocol.NotLeaderException: Server localhost_10001@group-FF371CEDE24F is not the leader, logIndex=0, commits[localhost_10001:c-1]
2019-09-26 14:06:58,805 INFO  client.GrpcClientProtocolService (GrpcClientProtocolService.java:lambda$processClientRequest$0(278)) - Failed RaftClientRequest:client-FBD57F74AF91->localhost_10000@group-FF371CEDE24F, cid=42, seq=0, RW, Message:321f0a0f0a0d74657374...(size=33), reply=RaftClientReply:client-FBD57F74AF91->localhost_10000@group-FF371CEDE24F, cid=42, FAILED org.apache.ratis.protocol.NotLeaderException: Server localhost_10000@group-FF371CEDE24F is not the leader, logIndex=0, commits[localhost_10000:c-1]
2019-09-26 14:06:58,806 INFO  client.GrpcClientProtocolService (GrpcClientProtocolService.java:lambda$processClientRequest$0(278)) - Failed RaftClientRequest:client-FBD57F74AF91->localhost_10001@group-FF371CEDE24F, cid=42, seq=0, RW, Message:321f0a0f0a0d74657374...(size=33), reply=RaftClientReply:client-FBD57F74AF91->localhost_10001@group-FF371CEDE24F, cid=42, FAILED org.apache.ratis.protocol.NotLeaderException: Server localhost_10001@group-FF371CEDE24F is not the leader, logIndex=0, commits[localhost_10001:c-1]
2019-09-26 14:06:58,808 INFO  client.GrpcClientProtocolService (GrpcClientProtocolService.java:lambda$processClientRequest$0(278)) - Failed RaftClientRequest:client-FBD57F74AF91->localhost_10002@group-FF371CEDE24F, cid=42, seq=0, RW, Message:321f0a0f0a0d74657374...(size=33), reply=RaftClientReply:client-FBD57F74AF91->localhost_10002@group-FF371CEDE24F, cid=42, FAILED org.apache.ratis.protocol.NotLeaderException: Server localhost_10002@group-FF371CEDE24F is not the leader, logIndex=0, commits[localhost_10002:c-1]
2019-09-26 14:06:58,810 INFO  client.GrpcClientProtocolService (GrpcClientProtocolService.java:lambda$processClientRequest$0(278)) - Failed RaftClientRequest:client-FBD57F74AF91->localhost_10000@group-FF371CEDE24F, cid=42, seq=0, RW, Message:321f0a0f0a0d74657374...(size=33), reply=RaftClientReply:client-FBD57F74AF91->localhost_10000@group-FF371CEDE24F, cid=42, FAILED org.apache.ratis.protocol.NotLeaderException: Server localhost_10000@group-FF371CEDE24F is not the leader, logIndex=0, commits[localhost_10000:c-1]
2019-09-26 14:06:58,812 INFO  client.GrpcClientProtocolService (GrpcClientProtocolService.java:lambda$processClientRequest$0(278)) - Failed RaftClientRequest:client-FBD57F74AF91->localhost_10002@group-FF371CEDE24F, cid=42, seq=0, RW, Message:321f0a0f0a0d74657374...(size=33), reply=RaftClientReply:client-FBD57F74AF91->localhost_10002@group-FF371CEDE24F, cid=42, FAILED org.apache.ratis.protocol.NotLeaderException: Server localhost_10002@group-FF371CEDE24F is not the leader, logIndex=0, commits[localhost_10002:c-1]
2019-09-26 14:06:58,814 INFO  client.GrpcClientProtocolService (GrpcClientProtocolService.java:lambda$processClientRequest$0(278)) - Failed RaftClientRequest:client-FBD57F74AF91->localhost_10000@group-FF371CEDE24F, cid=42, seq=0, RW, Message:321f0a0f0a0d74657374...(size=33), reply=RaftClientReply:client-FBD57F74AF91->localhost_10000@group-FF371CEDE24F, cid=42, FAILED org.apache.ratis.protocol.NotLeaderException: Server localhost_10000@group-FF371CEDE24F is not the leader, logIndex=0, commits[localhost_10000:c-1]
2019-09-26 14:06:58,815 INFO  client.GrpcClientProtocolService (GrpcClientProtocolService.java:lambda$processClientRequest$0(278)) - Failed RaftClientRequest:client-FBD57F74AF91->localhost_10002@group-FF371CEDE24F, cid=42, seq=0, RW, Message:321f0a0f0a0d74657374...(size=33), reply=RaftClientReply:client-FBD57F74AF91->localhost_10002@group-FF371CEDE24F, cid=42, FAILED org.apache.ratis.protocol.NotLeaderException: Server localhost_10002@group-FF371CEDE24F is not the leader, logIndex=0, commits[localhost_10002:c-1]
2019-09-26 14:06:58,817 INFO  client.GrpcClientProtocolService (GrpcClientProtocolService.java:lambda$processClientRequest$0(278)) - Failed RaftClientRequest:client-FBD57F74AF91->localhost_10000@group-FF371CEDE24F, cid=42, seq=0, RW, Message:321f0a0f0a0d74657374...(size=33), reply=RaftClientReply:client-FBD57F74AF91->localhost_10000@group-FF371CEDE24F, cid=42, FAILED org.apache.ratis.protocol.NotLeaderException: Server localhost_10000@group-FF371CEDE24F is not the leader, logIndex=0, commits[localhost_10000:c-1]
2019-09-26 14:06:58,818 INFO  client.GrpcClientProtocolService (GrpcClientProtocolService.java:lambda$processClientRequest$0(278)) - Failed RaftClientRequest:client-FBD57F74AF91->localhost_10001@group-FF371CEDE24F, cid=42, seq=0, RW, Message:321f0a0f0a0d74657374...(size=33), reply=RaftClientReply:client-FBD57F74AF91->localhost_10001@group-FF371CEDE24F, cid=42, FAILED org.apache.ratis.protocol.NotLeaderException: Server localhost_10001@group-FF371CEDE24F is not the leader, logIndex=0, commits[localhost_10001:c-1]
2019-09-26 14:06:58,820 INFO  client.GrpcClientProtocolService (GrpcClientProtocolService.java:lambda$processClientRequest$0(278)) - Failed RaftClientRequest:client-FBD57F74AF91->localhost_10002@group-FF371CEDE24F, cid=42, seq=0, RW, Message:321f0a0f0a0d74657374...(size=33), reply=RaftClientReply:client-FBD57F74AF91->localhost_10002@group-FF371CEDE24F, cid=42, FAILED org.apache.ratis.protocol.NotLeaderException: Server localhost_10002@group-FF371CEDE24F is not the leader, logIndex=0, commits[localhost_10002:c-1]
2019-09-26 14:06:58,822 INFO  client.GrpcClientProtocolService (GrpcClientProtocolService.java:lambda$processClientRequest$0(278)) - Failed RaftClientRequest:client-FBD57F74AF91->localhost_10001@group-FF371CEDE24F, cid=42, seq=0, RW, Message:321f0a0f0a0d74657374...(size=33), reply=RaftClientReply:client-FBD57F74AF91->localhost_10001@group-FF371CEDE24F, cid=42, FAILED org.apache.ratis.protocol.NotLeaderException: Server localhost_10001@group-FF371CEDE24F is not the leader, logIndex=0, commits[localhost_10001:c-1]
2019-09-26 14:06:58,823 INFO  client.GrpcClientProtocolService (GrpcClientProtocolService.java:lambda$processClientRequest$0(278)) - Failed RaftClientRequest:client-FBD57F74AF91->localhost_10000@group-FF371CEDE24F, cid=42, seq=0, RW, Message:321f0a0f0a0d74657374...(size=33), reply=RaftClientReply:client-FBD57F74AF91->localhost_10000@group-FF371CEDE24F, cid=42, FAILED org.apache.ratis.protocol.NotLeaderException: Server localhost_10000@group-FF371CEDE24F is not the leader, logIndex=0, commits[localhost_10000:c-1]
2019-09-26 14:06:58,825 INFO  client.GrpcClientProtocolService (GrpcClientProtocolService.java:lambda$processClientRequest$0(278)) - Failed RaftClientRequest:client-FBD57F74AF91->localhost_10002@group-FF371CEDE24F, cid=42, seq=0, RW, Message:321f0a0f0a0d74657374...(size=33), reply=RaftClientReply:client-FBD57F74AF91->localhost_10002@group-FF371CEDE24F, cid=42, FAILED org.apache.ratis.protocol.NotLeaderException: Server localhost_10002@group-FF371CEDE24F is not the leader, logIndex=0, commits[localhost_10002:c-1]
2019-09-26 14:06:58,827 INFO  client.GrpcClientProtocolService (GrpcClientProtocolService.java:lambda$processClientRequest$0(278)) - Failed RaftClientRequest:client-FBD57F74AF91->localhost_10001@group-FF371CEDE24F, cid=42, seq=0, RW, Message:321f0a0f0a0d74657374...(size=33), reply=RaftClientReply:client-FBD57F74AF91->localhost_10001@group-FF371CEDE24F, cid=42, FAILED org.apache.ratis.protocol.NotLeaderException: Server localhost_10001@group-FF371CEDE24F is not the leader, logIndex=0, commits[localhost_10001:c-1]
2019-09-26 14:06:58,829 INFO  client.GrpcClientProtocolService (GrpcClientProtocolService.java:lambda$processClientRequest$0(278)) - Failed RaftClientRequest:client-FBD57F74AF91->localhost_10002@group-FF371CEDE24F, cid=42, seq=0, RW, Message:321f0a0f0a0d74657374...(size=33), reply=RaftClientReply:client-FBD57F74AF91->localhost_10002@group-FF371CEDE24F, cid=42, FAILED org.apache.ratis.protocol.NotLeaderException: Server localhost_10002@group-FF371CEDE24F is not the leader, logIndex=0, commits[localhost_10002:c-1]
2019-09-26 14:06:58,831 INFO  client.GrpcClientProtocolService (GrpcClientProtocolService.java:lambda$processClientRequest$0(278)) - Failed RaftClientRequest:client-FBD57F74AF91->localhost_10001@group-FF371CEDE24F, cid=42, seq=0, RW, Message:321f0a0f0a0d74657374...(size=33), reply=RaftClientReply:client-FBD57F74AF91->localhost_10001@group-FF371CEDE24F, cid=42, FAILED org.apache.ratis.protocol.NotLeaderException: Server localhost_10001@group-FF371CEDE24F is not the leader, logIndex=0, commits[localhost_10001:c-1]
2019-09-26 14:06:58,833 INFO  client.GrpcClientProtocolService (GrpcClientProtocolService.java:lambda$processClientRequest$0(278)) - Failed RaftClientRequest:client-FBD57F74AF91->localhost_10002@group-FF371CEDE24F, cid=42, seq=0, RW, Message:321f0a0f0a0d74657374...(size=33), reply=RaftClientReply:client-FBD57F74AF91->localhost_10002@group-FF371CEDE24F, cid=42, FAILED org.apache.ratis.protocol.NotLeaderException: Server localhost_10002@group-FF371CEDE24F is not the leader, logIndex=0, commits[localhost_10002:c-1]
2019-09-26 14:06:58,835 INFO  client.GrpcClientProtocolService (GrpcClientProtocolService.java:lambda$processClientRequest$0(278)) - Failed RaftClientRequest:client-FBD57F74AF91->localhost_10000@group-FF371CEDE24F, cid=42, seq=0, RW, Message:321f0a0f0a0d74657374...(size=33), reply=RaftClientReply:client-FBD57F74AF91->localhost_10000@group-FF371CEDE24F, cid=42, FAILED org.apache.ratis.protocol.NotLeaderException: Server localhost_10000@group-FF371CEDE24F is not the leader, logIndex=0, commits[localhost_10000:c-1]
2019-09-26 14:06:58,836 INFO  client.GrpcClientProtocolService (GrpcClientProtocolService.java:lambda$processClientRequest$0(278)) - Failed RaftClientRequest:client-FBD57F74AF91->localhost_10002@group-FF371CEDE24F, cid=42, seq=0, RW, Message:321f0a0f0a0d74657374...(size=33), reply=RaftClientReply:client-FBD57F74AF91->localhost_10002@group-FF371CEDE24F, cid=42, FAILED org.apache.ratis.protocol.NotLeaderException: Server localhost_10002@group-FF371CEDE24F is not the leader, logIndex=0, commits[localhost_10002:c-1]
2019-09-26 14:06:58,838 INFO  client.GrpcClientProtocolService (GrpcClientProtocolService.java:lambda$processClientRequest$0(278)) - Failed RaftClientRequest:client-FBD57F74AF91->localhost_10000@group-FF371CEDE24F, cid=42, seq=0, RW, Message:321f0a0f0a0d74657374...(size=33), reply=RaftClientReply:client-FBD57F74AF91->localhost_10000@group-FF371CEDE24F, cid=42, FAILED org.apache.ratis.protocol.NotLeaderException: Server localhost_10000@group-FF371CEDE24F is not the leader, logIndex=0, commits[localhost_10000:c-1]
2019-09-26 14:06:58,840 INFO  client.GrpcClientProtocolService (GrpcClientProtocolService.java:lambda$processClientRequest$0(278)) - Failed RaftClientRequest:client-FBD57F74AF91->localhost_10001@group-FF371CEDE24F, cid=42, seq=0, RW, Message:321f0a0f0a0d74657374...(size=33), reply=RaftClientReply:client-FBD57F74AF91->localhost_10001@group-FF371CEDE24F, cid=42, FAILED org.apache.ratis.protocol.NotLeaderException: Server localhost_10001@group-FF371CEDE24F is not the leader, logIndex=0, commits[localhost_10001:c-1]
2019-09-26 14:06:58,841 INFO  client.GrpcClientProtocolService (GrpcClientProtocolService.java:lambda$processClientRequest$0(278)) - Failed RaftClientRequest:client-FBD57F74AF91->localhost_10000@group-FF371CEDE24F, cid=42, seq=0, RW, Message:321f0a0f0a0d74657374...(size=33), reply=RaftClientReply:client-FBD57F74AF91->localhost_10000@group-FF371CEDE24F, cid=42, FAILED org.apache.ratis.protocol.NotLeaderException: Server localhost_10000@group-FF371CEDE24F is not the leader, logIndex=0, commits[localhost_10000:c-1]
2019-09-26 14:06:58,843 INFO  client.GrpcClientProtocolService (GrpcClientProtocolService.java:lambda$processClientRequest$0(278)) - Failed RaftClientRequest:client-FBD57F74AF91->localhost_10001@group-FF371CEDE24F, cid=42, seq=0, RW, Message:321f0a0f0a0d74657374...(size=33), reply=RaftClientReply:client-FBD57F74AF91->localhost_10001@group-FF371CEDE24F, cid=42, FAILED org.apache.ratis.protocol.NotLeaderException: Server localhost_10001@group-FF371CEDE24F is not the leader, logIndex=0, commits[localhost_10001:c-1]
2019-09-26 14:06:58,845 INFO  client.GrpcClientProtocolService (GrpcClientProtocolService.java:lambda$processClientRequest$0(278)) - Failed RaftClientRequest:client-FBD57F74AF91->localhost_10002@group-FF371CEDE24F, cid=42, seq=0, RW, Message:321f0a0f0a0d74657374...(size=33), reply=RaftClientReply:client-FBD57F74AF91->localhost_10002@group-FF371CEDE24F, cid=42, FAILED org.apache.ratis.protocol.NotLeaderException: Server localhost_10002@group-FF371CEDE24F is not the leader, logIndex=0, commits[localhost_10002:c-1]
2019-09-26 14:06:58,846 INFO  client.GrpcClientProtocolService (GrpcClientProtocolService.java:lambda$processClientRequest$0(278)) - Failed RaftClientRequest:client-FBD57F74AF91->localhost_10000@group-FF371CEDE24F, cid=42, seq=0, RW, Message:321f0a0f0a0d74657374...(size=33), reply=RaftClientReply:client-FBD57F74AF91->localhost_10000@group-FF371CEDE24F, cid=42, FAILED org.apache.ratis.protocol.NotLeaderException: Server localhost_10000@group-FF371CEDE24F is not the leader, logIndex=0, commits[localhost_10000:c-1]
2019-09-26 14:06:58,848 INFO  client.GrpcClientProtocolService (GrpcClientProtocolService.java:lambda$processClientRequest$0(278)) - Failed RaftClientRequest:client-FBD57F74AF91->localhost_10001@group-FF371CEDE24F, cid=42, seq=0, RW, Message:321f0a0f0a0d74657374...(size=33), reply=RaftClientReply:client-FBD57F74AF91->localhost_10001@group-FF371CEDE24F, cid=42, FAILED org.apache.ratis.protocol.NotLeaderException: Server localhost_10001@group-FF371CEDE24F is not the leader, logIndex=0, commits[localhost_10001:c-1]
2019-09-26 14:06:58,850 INFO  client.GrpcClientProtocolService (GrpcClientProtocolService.java:lambda$processClientRequest$0(278)) - Failed RaftClientRequest:client-FBD57F74AF91->localhost_10000@group-FF371CEDE24F, cid=42, seq=0, RW, Message:321f0a0f0a0d74657374...(size=33), reply=RaftClientReply:client-FBD57F74AF91->localhost_10000@group-FF371CEDE24F, cid=42, FAILED org.apache.ratis.protocol.NotLeaderException: Server localhost_10000@group-FF371CEDE24F is not the leader, logIndex=0, commits[localhost_10000:c-1]
2019-09-26 14:06:58,851 INFO  client.GrpcClientProtocolService (GrpcClientProtocolService.java:lambda$processClientRequest$0(278)) - Failed RaftClientRequest:client-FBD57F74AF91->localhost_10002@group-FF371CEDE24F, cid=42, seq=0, RW, Message:321f0a0f0a0d74657374...(size=33), reply=RaftClientReply:client-FBD57F74AF91->localhost_10002@group-FF371CEDE24F, cid=42, FAILED org.apache.ratis.protocol.NotLeaderException: Server localhost_10002@group-FF371CEDE24F is not the leader, logIndex=0, commits[localhost_10002:c-1]
2019-09-26 14:06:58,853 INFO  client.GrpcClientProtocolService (GrpcClientProtocolService.java:lambda$processClientRequest$0(278)) - Failed RaftClientRequest:client-FBD57F74AF91->localhost_10001@group-FF371CEDE24F, cid=42, seq=0, RW, Message:321f0a0f0a0d74657374...(size=33), reply=RaftClientReply:client-FBD57F74AF91->localhost_10001@group-FF371CEDE24F, cid=42, FAILED org.apache.ratis.protocol.NotLeaderException: Server localhost_10001@group-FF371CEDE24F is not the leader, logIndex=0, commits[localhost_10001:c-1]
2019-09-26 14:06:58,855 INFO  client.GrpcClientProtocolService (GrpcClientProtocolService.java:lambda$processClientRequest$0(278)) - Failed RaftClientRequest:client-FBD57F74AF91->localhost_10000@group-FF371CEDE24F, cid=42, seq=0, RW, Message:321f0a0f0a0d74657374...(size=33), reply=RaftClientReply:client-FBD57F74AF91->localhost_10000@group-FF371CEDE24F, cid=42, FAILED org.apache.ratis.protocol.NotLeaderException: Server localhost_10000@group-FF371CEDE24F is not the leader, logIndex=0, commits[localhost_10000:c-1]
2019-09-26 14:06:58,856 INFO  client.GrpcClientProtocolService (GrpcClientProtocolService.java:lambda$processClientRequest$0(278)) - Failed RaftClientRequest:client-FBD57F74AF91->localhost_10002@group-FF371CEDE24F, cid=42, seq=0, RW, Message:321f0a0f0a0d74657374...(size=33), reply=RaftClientReply:client-FBD57F74AF91->localhost_10002@group-FF371CEDE24F, cid=42, FAILED org.apache.ratis.protocol.NotLeaderException: Server localhost_10002@group-FF371CEDE24F is not the leader, logIndex=0, commits[localhost_10002:c-1]
2019-09-26 14:06:58,858 INFO  client.GrpcClientProtocolService (GrpcClientProtocolService.java:lambda$processClientRequest$0(278)) - Failed RaftClientRequest:client-FBD57F74AF91->localhost_10001@group-FF371CEDE24F, cid=42, seq=0, RW, Message:321f0a0f0a0d74657374...(size=33), reply=RaftClientReply:client-FBD57F74AF91->localhost_10001@group-FF371CEDE24F, cid=42, FAILED org.apache.ratis.protocol.NotLeaderException: Server localhost_10001@group-FF371CEDE24F is not the leader, logIndex=0, commits[localhost_10001:c-1]
2019-09-26 14:06:58,860 INFO  client.GrpcClientProtocolService (GrpcClientProtocolService.java:lambda$processClientRequest$0(278)) - Failed RaftClientRequest:client-FBD57F74AF91->localhost_10002@group-FF371CEDE24F, cid=42, seq=0, RW, Message:321f0a0f0a0d74657374...(size=33), reply=RaftClientReply:client-FBD57F74AF91->localhost_10002@group-FF371CEDE24F, cid=42, FAILED org.apache.ratis.protocol.NotLeaderException: Server localhost_10002@group-FF371CEDE24F is not the leader, logIndex=0, commits[localhost_10002:c-1]
2019-09-26 14:06:58,861 INFO  client.GrpcClientProtocolService (GrpcClientProtocolService.java:lambda$processClientRequest$0(278)) - Failed RaftClientRequest:client-FBD57F74AF91->localhost_10001@group-FF371CEDE24F, cid=42, seq=0, RW, Message:321f0a0f0a0d74657374...(size=33), reply=RaftClientReply:client-FBD57F74AF91->localhost_10001@group-FF371CEDE24F, cid=42, FAILED org.apache.ratis.protocol.NotLeaderException: Server localhost_10001@group-FF371CEDE24F is not the leader, logIndex=0, commits[localhost_10001:c-1]
2019-09-26 14:06:58,863 INFO  client.GrpcClientProtocolService (GrpcClientProtocolService.java:lambda$processClientRequest$0(278)) - Failed RaftClientRequest:client-FBD57F74AF91->localhost_10000@group-FF371CEDE24F, cid=42, seq=0, RW, Message:321f0a0f0a0d74657374...(size=33), reply=RaftClientReply:client-FBD57F74AF91->localhost_10000@group-FF371CEDE24F, cid=42, FAILED org.apache.ratis.protocol.NotLeaderException: Server localhost_10000@group-FF371CEDE24F is not the leader, logIndex=0, commits[localhost_10000:c-1]
2019-09-26 14:06:58,865 INFO  client.GrpcClientProtocolService (GrpcClientProtocolService.java:lambda$processClientRequest$0(278)) - Failed RaftClientRequest:client-FBD57F74AF91->localhost_10001@group-FF371CEDE24F, cid=42, seq=0, RW, Message:321f0a0f0a0d74657374...(size=33), reply=RaftClientReply:client-FBD57F74AF91->localhost_10001@group-FF371CEDE24F, cid=42, FAILED org.apache.ratis.protocol.NotLeaderException: Server localhost_10001@group-FF371CEDE24F is not the leader, logIndex=0, commits[localhost_10001:c-1]
2019-09-26 14:06:58,866 INFO  client.GrpcClientProtocolService (GrpcClientProtocolService.java:lambda$processClientRequest$0(278)) - Failed RaftClientRequest:client-FBD57F74AF91->localhost_10000@group-FF371CEDE24F, cid=42, seq=0, RW, Message:321f0a0f0a0d74657374...(size=33), reply=RaftClientReply:client-FBD57F74AF91->localhost_10000@group-FF371CEDE24F, cid=42, FAILED org.apache.ratis.protocol.NotLeaderException: Server localhost_10000@group-FF371CEDE24F is not the leader, logIndex=0, commits[localhost_10000:c-1]
2019-09-26 14:06:58,868 INFO  client.GrpcClientProtocolService (GrpcClientProtocolService.java:lambda$processClientRequest$0(278)) - Failed RaftClientRequest:client-FBD57F74AF91->localhost_10002@group-FF371CEDE24F, cid=42, seq=0, RW, Message:321f0a0f0a0d74657374...(size=33), reply=RaftClientReply:client-FBD57F74AF91->localhost_10002@group-FF371CEDE24F, cid=42, FAILED org.apache.ratis.protocol.NotLeaderException: Server localhost_10002@group-FF371CEDE24F is not the leader, logIndex=0, commits[localhost_10002:c-1]
2019-09-26 14:06:58,870 INFO  client.GrpcClientProtocolService (GrpcClientProtocolService.java:lambda$processClientRequest$0(278)) - Failed RaftClientRequest:client-FBD57F74AF91->localhost_10000@group-FF371CEDE24F, cid=42, seq=0, RW, Message:321f0a0f0a0d74657374...(size=33), reply=RaftClientReply:client-FBD57F74AF91->localhost_10000@group-FF371CEDE24F, cid=42, FAILED org.apache.ratis.protocol.NotLeaderException: Server localhost_10000@group-FF371CEDE24F is not the leader, logIndex=0, commits[localhost_10000:c-1]
2019-09-26 14:06:58,871 INFO  client.GrpcClientProtocolService (GrpcClientProtocolService.java:lambda$processClientRequest$0(278)) - Failed RaftClientRequest:client-FBD57F74AF91->localhost_10002@group-FF371CEDE24F, cid=42, seq=0, RW, Message:321f0a0f0a0d74657374...(size=33), reply=RaftClientReply:client-FBD57F74AF91->localhost_10002@group-FF371CEDE24F, cid=42, FAILED org.apache.ratis.protocol.NotLeaderException: Server localhost_10002@group-FF371CEDE24F is not the leader, logIndex=0, commits[localhost_10002:c-1]
2019-09-26 14:06:58,874 INFO  client.GrpcClientProtocolService (GrpcClientProtocolService.java:lambda$processClientRequest$0(278)) - Failed RaftClientRequest:client-FBD57F74AF91->localhost_10000@group-FF371CEDE24F, cid=42, seq=0, RW, Message:321f0a0f0a0d74657374...(size=33), reply=RaftClientReply:client-FBD57F74AF91->localhost_10000@group-FF371CEDE24F, cid=42, FAILED org.apache.ratis.protocol.NotLeaderException: Server localhost_10000@group-FF371CEDE24F is not the leader, logIndex=0, commits[localhost_10000:c-1]
2019-09-26 14:06:58,875 INFO  client.GrpcClientProtocolService (GrpcClientProtocolService.java:lambda$processClientRequest$0(278)) - Failed RaftClientRequest:client-FBD57F74AF91->localhost_10002@group-FF371CEDE24F, cid=42, seq=0, RW, Message:321f0a0f0a0d74657374...(size=33), reply=RaftClientReply:client-FBD57F74AF91->localhost_10002@group-FF371CEDE24F, cid=42, FAILED org.apache.ratis.protocol.NotLeaderException: Server localhost_10002@group-FF371CEDE24F is not the leader, logIndex=0, commits[localhost_10002:c-1]
2019-09-26 14:06:58,877 INFO  client.GrpcClientProtocolService (GrpcClientProtocolService.java:lambda$processClientRequest$0(278)) - Failed RaftClientRequest:client-FBD57F74AF91->localhost_10001@group-FF371CEDE24F, cid=42, seq=0, RW, Message:321f0a0f0a0d74657374...(size=33), reply=RaftClientReply:client-FBD57F74AF91->localhost_10001@group-FF371CEDE24F, cid=42, FAILED org.apache.ratis.protocol.NotLeaderException: Server localhost_10001@group-FF371CEDE24F is not the leader, logIndex=0, commits[localhost_10001:c-1]
2019-09-26 14:06:58,879 INFO  client.GrpcClientProtocolService (GrpcClientProtocolService.java:lambda$processClientRequest$0(278)) - Failed RaftClientRequest:client-FBD57F74AF91->localhost_10002@group-FF371CEDE24F, cid=42, seq=0, RW, Message:321f0a0f0a0d74657374...(size=33), reply=RaftClientReply:client-FBD57F74AF91->localhost_10002@group-FF371CEDE24F, cid=42, FAILED org.apache.ratis.protocol.NotLeaderException: Server localhost_10002@group-FF371CEDE24F is not the leader, logIndex=0, commits[localhost_10002:c-1]
2019-09-26 14:06:58,880 INFO  client.GrpcClientProtocolService (GrpcClientProtocolService.java:lambda$processClientRequest$0(278)) - Failed RaftClientRequest:client-FBD57F74AF91->localhost_10000@group-FF371CEDE24F, cid=42, seq=0, RW, Message:321f0a0f0a0d74657374...(size=33), reply=RaftClientReply:client-FBD57F74AF91->localhost_10000@group-FF371CEDE24F, cid=42, FAILED org.apache.ratis.protocol.NotLeaderException: Server localhost_10000@group-FF371CEDE24F is not the leader, logIndex=0, commits[localhost_10000:c-1]
2019-09-26 14:06:58,882 INFO  client.GrpcClientProtocolService (GrpcClientProtocolService.java:lambda$processClientRequest$0(278)) - Failed RaftClientRequest:client-FBD57F74AF91->localhost_10001@group-FF371CEDE24F, cid=42, seq=0, RW, Message:321f0a0f0a0d74657374...(size=33), reply=RaftClientReply:client-FBD57F74AF91->localhost_10001@group-FF371CEDE24F, cid=42, FAILED org.apache.ratis.protocol.NotLeaderException: Server localhost_10001@group-FF371CEDE24F is not the leader, logIndex=0, commits[localhost_10001:c-1]
2019-09-26 14:06:58,884 INFO  client.GrpcClientProtocolService (GrpcClientProtocolService.java:lambda$processClientRequest$0(278)) - Failed RaftClientRequest:client-FBD57F74AF91->localhost_10000@group-FF371CEDE24F, cid=42, seq=0, RW, Message:321f0a0f0a0d74657374...(size=33), reply=RaftClientReply:client-FBD57F74AF91->localhost_10000@group-FF371CEDE24F, cid=42, FAILED org.apache.ratis.protocol.NotLeaderException: Server localhost_10000@group-FF371CEDE24F is not the leader, logIndex=0, commits[localhost_10000:c-1]
2019-09-26 14:06:58,885 INFO  client.GrpcClientProtocolService (GrpcClientProtocolService.java:lambda$processClientRequest$0(278)) - Failed RaftClientRequest:client-FBD57F74AF91->localhost_10001@group-FF371CEDE24F, cid=42, seq=0, RW, Message:321f0a0f0a0d74657374...(size=33), reply=RaftClientReply:client-FBD57F74AF91->localhost_10001@group-FF371CEDE24F, cid=42, FAILED org.apache.ratis.protocol.NotLeaderException: Server localhost_10001@group-FF371CEDE24F is not the leader, logIndex=0, commits[localhost_10001:c-1]
2019-09-26 14:06:58,887 INFO  client.GrpcClientProtocolService (GrpcClientProtocolService.java:lambda$processClientRequest$0(278)) - Failed RaftClientRequest:client-FBD57F74AF91->localhost_10000@group-FF371CEDE24F, cid=42, seq=0, RW, Message:321f0a0f0a0d74657374...(size=33), reply=RaftClientReply:client-FBD57F74AF91->localhost_10000@group-FF371CEDE24F, cid=42, FAILED org.apache.ratis.protocol.NotLeaderException: Server localhost_10000@group-FF371CEDE24F is not the leader, logIndex=0, commits[localhost_10000:c-1]
2019-09-26 14:06:58,889 INFO  client.GrpcClientProtocolService (GrpcClientProtocolService.java:lambda$processClientRequest$0(278)) - Failed RaftClientRequest:client-FBD57F74AF91->localhost_10002@group-FF371CEDE24F, cid=42, seq=0, RW, Message:321f0a0f0a0d74657374...(size=33), reply=RaftClientReply:client-FBD57F74AF91->localhost_10002@group-FF371CEDE24F, cid=42, FAILED org.apache.ratis.protocol.NotLeaderException: Server localhost_10002@group-FF371CEDE24F is not the leader, logIndex=0, commits[localhost_10002:c-1]
2019-09-26 14:06:58,890 INFO  client.GrpcClientProtocolService (GrpcClientProtocolService.java:lambda$processClientRequest$0(278)) - Failed RaftClientRequest:client-FBD57F74AF91->localhost_10000@group-FF371CEDE24F, cid=42, seq=0, RW, Message:321f0a0f0a0d74657374...(size=33), reply=RaftClientReply:client-FBD57F74AF91->localhost_10000@group-FF371CEDE24F, cid=42, FAILED org.apache.ratis.protocol.NotLeaderException: Server localhost_10000@group-FF371CEDE24F is not the leader, logIndex=0, commits[localhost_10000:c-1]
2019-09-26 14:06:58,892 INFO  client.GrpcClientProtocolService (GrpcClientProtocolService.java:lambda$processClientRequest$0(278)) - Failed RaftClientRequest:client-FBD57F74AF91->localhost_10002@group-FF371CEDE24F, cid=42, seq=0, RW, Message:321f0a0f0a0d74657374...(size=33), reply=RaftClientReply:client-FBD57F74AF91->localhost_10002@group-FF371CEDE24F, cid=42, FAILED org.apache.ratis.protocol.NotLeaderException: Server localhost_10002@group-FF371CEDE24F is not the leader, logIndex=0, commits[localhost_10002:c-1]
2019-09-26 14:06:58,894 INFO  client.GrpcClientProtocolService (GrpcClientProtocolService.java:lambda$processClientRequest$0(278)) - Failed RaftClientRequest:client-FBD57F74AF91->localhost_10000@group-FF371CEDE24F, cid=42, seq=0, RW, Message:321f0a0f0a0d74657374...(size=33), reply=RaftClientReply:client-FBD57F74AF91->localhost_10000@group-FF371CEDE24F, cid=42, FAILED org.apache.ratis.protocol.NotLeaderException: Server localhost_10000@group-FF371CEDE24F is not the leader, logIndex=0, commits[localhost_10000:c-1]
2019-09-26 14:06:58,895 INFO  client.GrpcClientProtocolService (GrpcClientProtocolService.java:lambda$processClientRequest$0(278)) - Failed RaftClientRequest:client-FBD57F74AF91->localhost_10001@group-FF371CEDE24F, cid=42, seq=0, RW, Message:321f0a0f0a0d74657374...(size=33), reply=RaftClientReply:client-FBD57F74AF91->localhost_10001@group-FF371CEDE24F, cid=42, FAILED org.apache.ratis.protocol.NotLeaderException: Server localhost_10001@group-FF371CEDE24F is not the leader, logIndex=0, commits[localhost_10001:c-1]
2019-09-26 14:06:58,897 INFO  client.GrpcClientProtocolService (GrpcClientProtocolService.java:lambda$processClientRequest$0(278)) - Failed RaftClientRequest:client-FBD57F74AF91->localhost_10002@group-FF371CEDE24F, cid=42, seq=0, RW, Message:321f0a0f0a0d74657374...(size=33), reply=RaftClientReply:client-FBD57F74AF91->localhost_10002@group-FF371CEDE24F, cid=42, FAILED org.apache.ratis.protocol.NotLeaderException: Server localhost_10002@group-FF371CEDE24F is not the leader, logIndex=0, commits[localhost_10002:c-1]
2019-09-26 14:06:58,899 INFO  client.GrpcClientProtocolService (GrpcClientProtocolService.java:lambda$processClientRequest$0(278)) - Failed RaftClientRequest:client-FBD57F74AF91->localhost_10001@group-FF371CEDE24F, cid=42, seq=0, RW, Message:321f0a0f0a0d74657374...(size=33), reply=RaftClientReply:client-FBD57F74AF91->localhost_10001@group-FF371CEDE24F, cid=42, FAILED org.apache.ratis.protocol.NotLeaderException: Server localhost_10001@group-FF371CEDE24F is not the leader, logIndex=0, commits[localhost_10001:c-1]
2019-09-26 14:06:58,901 INFO  client.GrpcClientProtocolService (GrpcClientProtocolService.java:lambda$processClientRequest$0(278)) - Failed RaftClientRequest:client-FBD57F74AF91->localhost_10002@group-FF371CEDE24F, cid=42, seq=0, RW, Message:321f0a0f0a0d74657374...(size=33), reply=RaftClientReply:client-FBD57F74AF91->localhost_10002@group-FF371CEDE24F, cid=42, FAILED org.apache.ratis.protocol.NotLeaderException: Server localhost_10002@group-FF371CEDE24F is not the leader, logIndex=0, commits[localhost_10002:c-1]
2019-09-26 14:06:58,902 INFO  client.GrpcClientProtocolService (GrpcClientProtocolService.java:lambda$processClientRequest$0(278)) - Failed RaftClientRequest:client-FBD57F74AF91->localhost_10000@group-FF371CEDE24F, cid=42, seq=0, RW, Message:321f0a0f0a0d74657374...(size=33), reply=RaftClientReply:client-FBD57F74AF91->localhost_10000@group-FF371CEDE24F, cid=42, FAILED org.apache.ratis.protocol.NotLeaderException: Server localhost_10000@group-FF371CEDE24F is not the leader, logIndex=0, commits[localhost_10000:c-1]
2019-09-26 14:06:58,904 INFO  client.GrpcClientProtocolService (GrpcClientProtocolService.java:lambda$processClientRequest$0(278)) - Failed RaftClientRequest:client-FBD57F74AF91->localhost_10002@group-FF371CEDE24F, cid=42, seq=0, RW, Message:321f0a0f0a0d74657374...(size=33), reply=RaftClientReply:client-FBD57F74AF91->localhost_10002@group-FF371CEDE24F, cid=42, FAILED org.apache.ratis.protocol.NotLeaderException: Server localhost_10002@group-FF371CEDE24F is not the leader, logIndex=0, commits[localhost_10002:c-1]
2019-09-26 14:06:58,906 INFO  client.GrpcClientProtocolService (GrpcClientProtocolService.java:lambda$processClientRequest$0(278)) - Failed RaftClientRequest:client-FBD57F74AF91->localhost_10001@group-FF371CEDE24F, cid=42, seq=0, RW, Message:321f0a0f0a0d74657374...(size=33), reply=RaftClientReply:client-FBD57F74AF91->localhost_10001@group-FF371CEDE24F, cid=42, FAILED org.apache.ratis.protocol.NotLeaderException: Server localhost_10001@group-FF371CEDE24F is not the leader, logIndex=0, commits[localhost_10001:c-1]
2019-09-26 14:06:58,907 INFO  client.GrpcClientProtocolService (GrpcClientProtocolService.java:lambda$processClientRequest$0(278)) - Failed RaftClientRequest:client-FBD57F74AF91->localhost_10000@group-FF371CEDE24F, cid=42, seq=0, RW, Message:321f0a0f0a0d74657374...(size=33), reply=RaftClientReply:client-FBD57F74AF91->localhost_10000@group-FF371CEDE24F, cid=42, FAILED org.apache.ratis.protocol.NotLeaderException: Server localhost_10000@group-FF371CEDE24F is not the leader, logIndex=0, commits[localhost_10000:c-1]
2019-09-26 14:06:58,909 INFO  client.GrpcClientProtocolService (GrpcClientProtocolService.java:lambda$processClientRequest$0(278)) - Failed RaftClientRequest:client-FBD57F74AF91->localhost_10002@group-FF371CEDE24F, cid=42, seq=0, RW, Message:321f0a0f0a0d74657374...(size=33), reply=RaftClientReply:client-FBD57F74AF91->localhost_10002@group-FF371CEDE24F, cid=42, FAILED org.apache.ratis.protocol.NotLeaderException: Server localhost_10002@group-FF371CEDE24F is not the leader, logIndex=0, commits[localhost_10002:c-1]
2019-09-26 14:06:58,911 INFO  client.GrpcClientProtocolService (GrpcClientProtocolService.java:lambda$processClientRequest$0(278)) - Failed RaftClientRequest:client-FBD57F74AF91->localhost_10000@group-FF371CEDE24F, cid=42, seq=0, RW, Message:321f0a0f0a0d74657374...(size=33), reply=RaftClientReply:client-FBD57F74AF91->localhost_10000@group-FF371CEDE24F, cid=42, FAILED org.apache.ratis.protocol.NotLeaderException: Server localhost_10000@group-FF371CEDE24F is not the leader, logIndex=0, commits[localhost_10000:c-1]
2019-09-26 14:06:58,912 INFO  client.GrpcClientProtocolService (GrpcClientProtocolService.java:lambda$processClientRequest$0(278)) - Failed RaftClientRequest:client-FBD57F74AF91->localhost_10001@group-FF371CEDE24F, cid=42, seq=0, RW, Message:321f0a0f0a0d74657374...(size=33), reply=RaftClientReply:client-FBD57F74AF91->localhost_10001@group-FF371CEDE24F, cid=42, FAILED org.apache.ratis.protocol.NotLeaderException: Server localhost_10001@group-FF371CEDE24F is not the leader, logIndex=0, commits[localhost_10001:c-1]
2019-09-26 14:06:58,914 INFO  client.GrpcClientProtocolService (GrpcClientProtocolService.java:lambda$processClientRequest$0(278)) - Failed RaftClientRequest:client-FBD57F74AF91->localhost_10002@group-FF371CEDE24F, cid=42, seq=0, RW, Message:321f0a0f0a0d74657374...(size=33), reply=RaftClientReply:client-FBD57F74AF91->localhost_10002@group-FF371CEDE24F, cid=42, FAILED org.apache.ratis.protocol.NotLeaderException: Server localhost_10002@group-FF371CEDE24F is not the leader, logIndex=0, commits[localhost_10002:c-1]
2019-09-26 14:06:58,916 INFO  client.GrpcClientProtocolService (GrpcClientProtocolService.java:lambda$processClientRequest$0(278)) - Failed RaftClientRequest:client-FBD57F74AF91->localhost_10000@group-FF371CEDE24F, cid=42, seq=0, RW, Message:321f0a0f0a0d74657374...(size=33), reply=RaftClientReply:client-FBD57F74AF91->localhost_10000@group-FF371CEDE24F, cid=42, FAILED org.apache.ratis.protocol.NotLeaderException: Server localhost_10000@group-FF371CEDE24F is not the leader, logIndex=0, commits[localhost_10000:c-1]
2019-09-26 14:06:58,917 INFO  client.GrpcClientProtocolService (GrpcClientProtocolService.java:lambda$processClientRequest$0(278)) - Failed RaftClientRequest:client-FBD57F74AF91->localhost_10001@group-FF371CEDE24F, cid=42, seq=0, RW, Message:321f0a0f0a0d74657374...(size=33), reply=RaftClientReply:client-FBD57F74AF91->localhost_10001@group-FF371CEDE24F, cid=42, FAILED org.apache.ratis.protocol.NotLeaderException: Server localhost_10001@group-FF371CEDE24F is not the leader, logIndex=0, commits[localhost_10001:c-1]
2019-09-26 14:06:58,919 INFO  client.GrpcClientProtocolService (GrpcClientProtocolService.java:lambda$processClientRequest$0(278)) - Failed RaftClientRequest:client-FBD57F74AF91->localhost_10002@group-FF371CEDE24F, cid=42, seq=0, RW, Message:321f0a0f0a0d74657374...(size=33), reply=RaftClientReply:client-FBD57F74AF91->localhost_10002@group-FF371CEDE24F, cid=42, FAILED org.apache.ratis.protocol.NotLeaderException: Server localhost_10002@group-FF371CEDE24F is not the leader, logIndex=0, commits[localhost_10002:c-1]
2019-09-26 14:06:58,921 INFO  client.GrpcClientProtocolService (GrpcClientProtocolService.java:lambda$processClientRequest$0(278)) - Failed RaftClientRequest:client-FBD57F74AF91->localhost_10001@group-FF371CEDE24F, cid=42, seq=0, RW, Message:321f0a0f0a0d74657374...(size=33), reply=RaftClientReply:client-FBD57F74AF91->localhost_10001@group-FF371CEDE24F, cid=42, FAILED org.apache.ratis.protocol.NotLeaderException: Server localhost_10001@group-FF371CEDE24F is not the leader, logIndex=0, commits[localhost_10001:c-1]
2019-09-26 14:06:58,922 INFO  client.GrpcClientProtocolService (GrpcClientProtocolService.java:lambda$processClientRequest$0(278)) - Failed RaftClientRequest:client-FBD57F74AF91->localhost_10002@group-FF371CEDE24F, cid=42, seq=0, RW, Message:321f0a0f0a0d74657374...(size=33), reply=RaftClientReply:client-FBD57F74AF91->localhost_10002@group-FF371CEDE24F, cid=42, FAILED org.apache.ratis.protocol.NotLeaderException: Server localhost_10002@group-FF371CEDE24F is not the leader, logIndex=0, commits[localhost_10002:c-1]
2019-09-26 14:06:58,924 INFO  client.GrpcClientProtocolService (GrpcClientProtocolService.java:lambda$processClientRequest$0(278)) - Failed RaftClientRequest:client-FBD57F74AF91->localhost_10001@group-FF371CEDE24F, cid=42, seq=0, RW, Message:321f0a0f0a0d74657374...(size=33), reply=RaftClientReply:client-FBD57F74AF91->localhost_10001@group-FF371CEDE24F, cid=42, FAILED org.apache.ratis.protocol.NotLeaderException: Server localhost_10001@group-FF371CEDE24F is not the leader, logIndex=0, commits[localhost_10001:c-1]
2019-09-26 14:06:58,926 INFO  client.GrpcClientProtocolService (GrpcClientProtocolService.java:lambda$processClientRequest$0(278)) - Failed RaftClientRequest:client-FBD57F74AF91->localhost_10000@group-FF371CEDE24F, cid=42, seq=0, RW, Message:321f0a0f0a0d74657374...(size=33), reply=RaftClientReply:client-FBD57F74AF91->localhost_10000@group-FF371CEDE24F, cid=42, FAILED org.apache.ratis.protocol.NotLeaderException: Server localhost_10000@group-FF371CEDE24F is not the leader, logIndex=0, commits[localhost_10000:c-1]
2019-09-26 14:06:58,927 INFO  client.GrpcClientProtocolService (GrpcClientProtocolService.java:lambda$processClientRequest$0(278)) - Failed RaftClientRequest:client-FBD57F74AF91->localhost_10002@group-FF371CEDE24F, cid=42, seq=0, RW, Message:321f0a0f0a0d74657374...(size=33), reply=RaftClientReply:client-FBD57F74AF91->localhost_10002@group-FF371CEDE24F, cid=42, FAILED org.apache.ratis.protocol.NotLeaderException: Server localhost_10002@group-FF371CEDE24F is not the leader, logIndex=0, commits[localhost_10002:c-1]
2019-09-26 14:06:58,929 INFO  client.GrpcClientProtocolService (GrpcClientProtocolService.java:lambda$processClientRequest$0(278)) - Failed RaftClientRequest:client-FBD57F74AF91->localhost_10000@group-FF371CEDE24F, cid=42, seq=0, RW, Message:321f0a0f0a0d74657374...(size=33), reply=RaftClientReply:client-FBD57F74AF91->localhost_10000@group-FF371CEDE24F, cid=42, FAILED org.apache.ratis.protocol.NotLeaderException: Server localhost_10000@group-FF371CEDE24F is not the leader, logIndex=0, commits[localhost_10000:c-1]
2019-09-26 14:06:58,931 INFO  client.GrpcClientProtocolService (GrpcClientProtocolService.java:lambda$processClientRequest$0(278)) - Failed RaftClientRequest:client-FBD57F74AF91->localhost_10002@group-FF371CEDE24F, cid=42, seq=0, RW, Message:321f0a0f0a0d74657374...(size=33), reply=RaftClientReply:client-FBD57F74AF91->localhost_10002@group-FF371CEDE24F, cid=42, FAILED org.apache.ratis.protocol.NotLeaderException: Server localhost_10002@group-FF371CEDE24F is not the leader, logIndex=0, commits[localhost_10002:c-1]
2019-09-26 14:06:58,933 INFO  client.GrpcClientProtocolService (GrpcClientProtocolService.java:lambda$processClientRequest$0(278)) - Failed RaftClientRequest:client-FBD57F74AF91->localhost_10001@group-FF371CEDE24F, cid=42, seq=0, RW, Message:321f0a0f0a0d74657374...(size=33), reply=RaftClientReply:client-FBD57F74AF91->localhost_10001@group-FF371CEDE24F, cid=42, FAILED org.apache.ratis.protocol.NotLeaderException: Server localhost_10001@group-FF371CEDE24F is not the leader, logIndex=0, commits[localhost_10001:c-1]
2019-09-26 14:06:58,934 INFO  client.GrpcClientProtocolService (GrpcClientProtocolService.java:lambda$processClientRequest$0(278)) - Failed RaftClientRequest:client-FBD57F74AF91->localhost_10002@group-FF371CEDE24F, cid=42, seq=0, RW, Message:321f0a0f0a0d74657374...(size=33), reply=RaftClientReply:client-FBD57F74AF91->localhost_10002@group-FF371CEDE24F, cid=42, FAILED org.apache.ratis.protocol.NotLeaderException: Server localhost_10002@group-FF371CEDE24F is not the leader, logIndex=0, commits[localhost_10002:c-1]
2019-09-26 14:06:58,936 INFO  client.GrpcClientProtocolService (GrpcClientProtocolService.java:lambda$processClientRequest$0(278)) - Failed RaftClientRequest:client-FBD57F74AF91->localhost_10001@group-FF371CEDE24F, cid=42, seq=0, RW, Message:321f0a0f0a0d74657374...(size=33), reply=RaftClientReply:client-FBD57F74AF91->localhost_10001@group-FF371CEDE24F, cid=42, FAILED org.apache.ratis.protocol.NotLeaderException: Server localhost_10001@group-FF371CEDE24F is not the leader, logIndex=0, commits[localhost_10001:c-1]
2019-09-26 14:06:58,938 INFO  client.GrpcClientProtocolService (GrpcClientProtocolService.java:lambda$processClientRequest$0(278)) - Failed RaftClientRequest:client-FBD57F74AF91->localhost_10000@group-FF371CEDE24F, cid=42, seq=0, RW, Message:321f0a0f0a0d74657374...(size=33), reply=RaftClientReply:client-FBD57F74AF91->localhost_10000@group-FF371CEDE24F, cid=42, FAILED org.apache.ratis.protocol.NotLeaderException: Server localhost_10000@group-FF371CEDE24F is not the leader, logIndex=0, commits[localhost_10000:c-1]
2019-09-26 14:06:58,940 INFO  client.GrpcClientProtocolService (GrpcClientProtocolService.java:lambda$processClientRequest$0(278)) - Failed RaftClientRequest:client-FBD57F74AF91->localhost_10002@group-FF371CEDE24F, cid=42, seq=0, RW, Message:321f0a0f0a0d74657374...(size=33), reply=RaftClientReply:client-FBD57F74AF91->localhost_10002@group-FF371CEDE24F, cid=42, FAILED org.apache.ratis.protocol.NotLeaderException: Server localhost_10002@group-FF371CEDE24F is not the leader, logIndex=0, commits[localhost_10002:c-1]
2019-09-26 14:06:58,942 INFO  client.GrpcClientProtocolService (GrpcClientProtocolService.java:lambda$processClientRequest$0(278)) - Failed RaftClientRequest:client-FBD57F74AF91->localhost_10000@group-FF371CEDE24F, cid=42, seq=0, RW, Message:321f0a0f0a0d74657374...(size=33), reply=RaftClientReply:client-FBD57F74AF91->localhost_10000@group-FF371CEDE24F, cid=42, FAILED org.apache.ratis.protocol.NotLeaderException: Server localhost_10000@group-FF371CEDE24F is not the leader, logIndex=0, commits[localhost_10000:c-1]
2019-09-26 14:06:58,943 INFO  client.GrpcClientProtocolService (GrpcClientProtocolService.java:lambda$processClientRequest$0(278)) - Failed RaftClientRequest:client-FBD57F74AF91->localhost_10002@group-FF371CEDE24F, cid=42, seq=0, RW, Message:321f0a0f0a0d74657374...(size=33), reply=RaftClientReply:client-FBD57F74AF91->localhost_10002@group-FF371CEDE24F, cid=42, FAILED org.apache.ratis.protocol.NotLeaderException: Server localhost_10002@group-FF371CEDE24F is not the leader, logIndex=0, commits[localhost_10002:c-1]
2019-09-26 14:06:58,945 INFO  client.GrpcClientProtocolService (GrpcClientProtocolService.java:lambda$processClientRequest$0(278)) - Failed RaftClientRequest:client-FBD57F74AF91->localhost_10000@group-FF371CEDE24F, cid=42, seq=0, RW, Message:321f0a0f0a0d74657374...(size=33), reply=RaftClientReply:client-FBD57F74AF91->localhost_10000@group-FF371CEDE24F, cid=42, FAILED org.apache.ratis.protocol.NotLeaderException: Server localhost_10000@group-FF371CEDE24F is not the leader, logIndex=0, commits[localhost_10000:c-1]
2019-09-26 14:06:58,947 INFO  client.GrpcClientProtocolService (GrpcClientProtocolService.java:lambda$processClientRequest$0(278)) - Failed RaftClientRequest:client-FBD57F74AF91->localhost_10001@group-FF371CEDE24F, cid=42, seq=0, RW, Message:321f0a0f0a0d74657374...(size=33), reply=RaftClientReply:client-FBD57F74AF91->localhost_10001@group-FF371CEDE24F, cid=42, FAILED org.apache.ratis.protocol.NotLeaderException: Server localhost_10001@group-FF371CEDE24F is not the leader, logIndex=0, commits[localhost_10001:c-1]
2019-09-26 14:06:58,949 INFO  client.GrpcClientProtocolService (GrpcClientProtocolService.java:lambda$processClientRequest$0(278)) - Failed RaftClientRequest:client-FBD57F74AF91->localhost_10000@group-FF371CEDE24F, cid=42, seq=0, RW, Message:321f0a0f0a0d74657374...(size=33), reply=RaftClientReply:client-FBD57F74AF91->localhost_10000@group-FF371CEDE24F, cid=42, FAILED org.apache.ratis.protocol.NotLeaderException: Server localhost_10000@group-FF371CEDE24F is not the leader, logIndex=0, commits[localhost_10000:c-1]
2019-09-26 14:06:58,951 INFO  client.GrpcClientProtocolService (GrpcClientProtocolService.java:lambda$processClientRequest$0(278)) - Failed RaftClientRequest:client-FBD57F74AF91->localhost_10002@group-FF371CEDE24F, cid=42, seq=0, RW, Message:321f0a0f0a0d74657374...(size=33), reply=RaftClientReply:client-FBD57F74AF91->localhost_10002@group-FF371CEDE24F, cid=42, FAILED org.apache.ratis.protocol.NotLeaderException: Server localhost_10002@group-FF371CEDE24F is not the leader, logIndex=0, commits[localhost_10002:c-1]
2019-09-26 14:06:58,954 INFO  client.GrpcClientProtocolService (GrpcClientProtocolService.java:lambda$processClientRequest$0(278)) - Failed RaftClientRequest:client-FBD57F74AF91->localhost_10000@group-FF371CEDE24F, cid=42, seq=0, RW, Message:321f0a0f0a0d74657374...(size=33), reply=RaftClientReply:client-FBD57F74AF91->localhost_10000@group-FF371CEDE24F, cid=42, FAILED org.apache.ratis.protocol.NotLeaderException: Server localhost_10000@group-FF371CEDE24F is not the leader, logIndex=0, commits[localhost_10000:c-1]
2019-09-26 14:06:58,957 INFO  client.GrpcClientProtocolService (GrpcClientProtocolService.java:lambda$processClientRequest$0(278)) - Failed RaftClientRequest:client-FBD57F74AF91->localhost_10002@group-FF371CEDE24F, cid=42, seq=0, RW, Message:321f0a0f0a0d74657374...(size=33), reply=RaftClientReply:client-FBD57F74AF91->localhost_10002@group-FF371CEDE24F, cid=42, FAILED org.apache.ratis.protocol.NotLeaderException: Server localhost_10002@group-FF371CEDE24F is not the leader, logIndex=0, commits[localhost_10002:c-1]
2019-09-26 14:06:58,959 INFO  client.GrpcClientProtocolService (GrpcClientProtocolService.java:lambda$processClientRequest$0(278)) - Failed RaftClientRequest:client-FBD57F74AF91->localhost_10001@group-FF371CEDE24F, cid=42, seq=0, RW, Message:321f0a0f0a0d74657374...(size=33), reply=RaftClientReply:client-FBD57F74AF91->localhost_10001@group-FF371CEDE24F, cid=42, FAILED org.apache.ratis.protocol.NotLeaderException: Server localhost_10001@group-FF371CEDE24F is not the leader, logIndex=0, commits[localhost_10001:c-1]
2019-09-26 14:06:58,962 INFO  client.GrpcClientProtocolService (GrpcClientProtocolService.java:lambda$processClientRequest$0(278)) - Failed RaftClientRequest:client-FBD57F74AF91->localhost_10002@group-FF371CEDE24F, cid=42, seq=0, RW, Message:321f0a0f0a0d74657374...(size=33), reply=RaftClientReply:client-FBD57F74AF91->localhost_10002@group-FF371CEDE24F, cid=42, FAILED org.apache.ratis.protocol.NotLeaderException: Server localhost_10002@group-FF371CEDE24F is not the leader, logIndex=0, commits[localhost_10002:c-1]
2019-09-26 14:06:58,964 INFO  client.GrpcClientProtocolService (GrpcClientProtocolService.java:lambda$processClientRequest$0(278)) - Failed RaftClientRequest:client-FBD57F74AF91->localhost_10001@group-FF371CEDE24F, cid=42, seq=0, RW, Message:321f0a0f0a0d74657374...(size=33), reply=RaftClientReply:client-FBD57F74AF91->localhost_10001@group-FF371CEDE24F, cid=42, FAILED org.apache.ratis.protocol.NotLeaderException: Server localhost_10001@group-FF371CEDE24F is not the leader, logIndex=0, commits[localhost_10001:c-1]
2019-09-26 14:06:58,967 INFO  client.GrpcClientProtocolService (GrpcClientProtocolService.java:lambda$processClientRequest$0(278)) - Failed RaftClientRequest:client-FBD57F74AF91->localhost_10000@group-FF371CEDE24F, cid=42, seq=0, RW, Message:321f0a0f0a0d74657374...(size=33), reply=RaftClientReply:client-FBD57F74AF91->localhost_10000@group-FF371CEDE24F, cid=42, FAILED org.apache.ratis.protocol.NotLeaderException: Server localhost_10000@group-FF371CEDE24F is not the leader, logIndex=0, commits[localhost_10000:c-1]
2019-09-26 14:06:58,969 INFO  client.GrpcClientProtocolService (GrpcClientProtocolService.java:lambda$processClientRequest$0(278)) - Failed RaftClientRequest:client-FBD57F74AF91->localhost_10001@group-FF371CEDE24F, cid=42, seq=0, RW, Message:321f0a0f0a0d74657374...(size=33), reply=RaftClientReply:client-FBD57F74AF91->localhost_10001@group-FF371CEDE24F, cid=42, FAILED org.apache.ratis.protocol.NotLeaderException: Server localhost_10001@group-FF371CEDE24F is not the leader, logIndex=0, commits[localhost_10001:c-1]
2019-09-26 14:06:58,971 INFO  client.GrpcClientProtocolService (GrpcClientProtocolService.java:lambda$processClientRequest$0(278)) - Failed RaftClientRequest:client-FBD57F74AF91->localhost_10000@group-FF371CEDE24F, cid=42, seq=0, RW, Message:321f0a0f0a0d74657374...(size=33), reply=RaftClientReply:client-FBD57F74AF91->localhost_10000@group-FF371CEDE24F, cid=42, FAILED org.apache.ratis.protocol.NotLeaderException: Server localhost_10000@group-FF371CEDE24F is not the leader, logIndex=0, commits[localhost_10000:c-1]
2019-09-26 14:06:58,974 INFO  client.GrpcClientProtocolService (GrpcClientProtocolService.java:lambda$processClientRequest$0(278)) - Failed RaftClientRequest:client-FBD57F74AF91->localhost_10002@group-FF371CEDE24F, cid=42, seq=0, RW, Message:321f0a0f0a0d74657374...(size=33), reply=RaftClientReply:client-FBD57F74AF91->localhost_10002@group-FF371CEDE24F, cid=42, FAILED org.apache.ratis.protocol.NotLeaderException: Server localhost_10002@group-FF371CEDE24F is not the leader, logIndex=0, commits[localhost_10002:c-1]
2019-09-26 14:06:58,976 INFO  client.GrpcClientProtocolService (GrpcClientProtocolService.java:lambda$processClientRequest$0(278)) - Failed RaftClientRequest:client-FBD57F74AF91->localhost_10001@group-FF371CEDE24F, cid=42, seq=0, RW, Message:321f0a0f0a0d74657374...(size=33), reply=RaftClientReply:client-FBD57F74AF91->localhost_10001@group-FF371CEDE24F, cid=42, FAILED org.apache.ratis.protocol.NotLeaderException: Server localhost_10001@group-FF371CEDE24F is not the leader, logIndex=0, commits[localhost_10001:c-1]
2019-09-26 14:06:58,978 INFO  client.GrpcClientProtocolService (GrpcClientProtocolService.java:lambda$processClientRequest$0(278)) - Failed RaftClientRequest:client-FBD57F74AF91->localhost_10002@group-FF371CEDE24F, cid=42, seq=0, RW, Message:321f0a0f0a0d74657374...(size=33), reply=RaftClientReply:client-FBD57F74AF91->localhost_10002@group-FF371CEDE24F, cid=42, FAILED org.apache.ratis.protocol.NotLeaderException: Server localhost_10002@group-FF371CEDE24F is not the leader, logIndex=0, commits[localhost_10002:c-1]
2019-09-26 14:06:58,981 INFO  client.GrpcClientProtocolService (GrpcClientProtocolService.java:lambda$processClientRequest$0(278)) - Failed RaftClientRequest:client-FBD57F74AF91->localhost_10000@group-FF371CEDE24F, cid=42, seq=0, RW, Message:321f0a0f0a0d74657374...(size=33), reply=RaftClientReply:client-FBD57F74AF91->localhost_10000@group-FF371CEDE24F, cid=42, FAILED org.apache.ratis.protocol.NotLeaderException: Server localhost_10000@group-FF371CEDE24F is not the leader, logIndex=0, commits[localhost_10000:c-1]
2019-09-26 14:06:58,983 INFO  client.GrpcClientProtocolService (GrpcClientProtocolService.java:lambda$processClientRequest$0(278)) - Failed RaftClientRequest:client-FBD57F74AF91->localhost_10002@group-FF371CEDE24F, cid=42, seq=0, RW, Message:321f0a0f0a0d74657374...(size=33), reply=RaftClientReply:client-FBD57F74AF91->localhost_10002@group-FF371CEDE24F, cid=42, FAILED org.apache.ratis.protocol.NotLeaderException: Server localhost_10002@group-FF371CEDE24F is not the leader, logIndex=0, commits[localhost_10002:c-1]
2019-09-26 14:06:58,986 INFO  client.GrpcClientProtocolService (GrpcClientProtocolService.java:lambda$processClientRequest$0(278)) - Failed RaftClientRequest:client-FBD57F74AF91->localhost_10001@group-FF371CEDE24F, cid=42, seq=0, RW, Message:321f0a0f0a0d74657374...(size=33), reply=RaftClientReply:client-FBD57F74AF91->localhost_10001@group-FF371CEDE24F, cid=42, FAILED org.apache.ratis.protocol.NotLeaderException: Server localhost_10001@group-FF371CEDE24F is not the leader, logIndex=0, commits[localhost_10001:c-1]
2019-09-26 14:06:58,988 INFO  client.GrpcClientProtocolService (GrpcClientProtocolService.java:lambda$processClientRequest$0(278)) - Failed RaftClientRequest:client-FBD57F74AF91->localhost_10000@group-FF371CEDE24F, cid=42, seq=0, RW, Message:321f0a0f0a0d74657374...(size=33), reply=RaftClientReply:client-FBD57F74AF91->localhost_10000@group-FF371CEDE24F, cid=42, FAILED org.apache.ratis.protocol.NotLeaderException: Server localhost_10000@group-FF371CEDE24F is not the leader, logIndex=0, commits[localhost_10000:c-1]
2019-09-26 14:06:58,991 INFO  client.GrpcClientProtocolService (GrpcClientProtocolService.java:lambda$processClientRequest$0(278)) - Failed RaftClientRequest:client-FBD57F74AF91->localhost_10002@group-FF371CEDE24F, cid=42, seq=0, RW, Message:321f0a0f0a0d74657374...(size=33), reply=RaftClientReply:client-FBD57F74AF91->localhost_10002@group-FF371CEDE24F, cid=42, FAILED org.apache.ratis.protocol.NotLeaderException: Server localhost_10002@group-FF371CEDE24F is not the leader, logIndex=0, commits[localhost_10002:c-1]
2019-09-26 14:06:58,993 INFO  client.GrpcClientProtocolService (GrpcClientProtocolService.java:lambda$processClientRequest$0(278)) - Failed RaftClientRequest:client-FBD57F74AF91->localhost_10000@group-FF371CEDE24F, cid=42, seq=0, RW, Message:321f0a0f0a0d74657374...(size=33), reply=RaftClientReply:client-FBD57F74AF91->localhost_10000@group-FF371CEDE24F, cid=42, FAILED org.apache.ratis.protocol.NotLeaderException: Server localhost_10000@group-FF371CEDE24F is not the leader, logIndex=0, commits[localhost_10000:c-1]
2019-09-26 14:06:58,995 INFO  client.GrpcClientProtocolService (GrpcClientProtocolService.java:lambda$processClientRequest$0(278)) - Failed RaftClientRequest:client-FBD57F74AF91->localhost_10002@group-FF371CEDE24F, cid=42, seq=0, RW, Message:321f0a0f0a0d74657374...(size=33), reply=RaftClientReply:client-FBD57F74AF91->localhost_10002@group-FF371CEDE24F, cid=42, FAILED org.apache.ratis.protocol.NotLeaderException: Server localhost_10002@group-FF371CEDE24F is not the leader, logIndex=0, commits[localhost_10002:c-1]
2019-09-26 14:06:58,998 INFO  client.GrpcClientProtocolService (GrpcClientProtocolService.java:lambda$processClientRequest$0(278)) - Failed RaftClientRequest:client-FBD57F74AF91->localhost_10000@group-FF371CEDE24F, cid=42, seq=0, RW, Message:321f0a0f0a0d74657374...(size=33), reply=RaftClientReply:client-FBD57F74AF91->localhost_10000@group-FF371CEDE24F, cid=42, FAILED org.apache.ratis.protocol.NotLeaderException: Server localhost_10000@group-FF371CEDE24F is not the leader, logIndex=0, commits[localhost_10000:c-1]
2019-09-26 14:06:59,000 INFO  client.GrpcClientProtocolService (GrpcClientProtocolService.java:lambda$processClientRequest$0(278)) - Failed RaftClientRequest:client-FBD57F74AF91->localhost_10001@group-FF371CEDE24F, cid=42, seq=0, RW, Message:321f0a0f0a0d74657374...(size=33), reply=RaftClientReply:client-FBD57F74AF91->localhost_10001@group-FF371CEDE24F, cid=42, FAILED org.apache.ratis.protocol.NotLeaderException: Server localhost_10001@group-FF371CEDE24F is not the leader, logIndex=0, commits[localhost_10001:c-1]
2019-09-26 14:06:59,002 INFO  client.GrpcClientProtocolService (GrpcClientProtocolService.java:lambda$processClientRequest$0(278)) - Failed RaftClientRequest:client-FBD57F74AF91->localhost_10000@group-FF371CEDE24F, cid=42, seq=0, RW, Message:321f0a0f0a0d74657374...(size=33), reply=RaftClientReply:client-FBD57F74AF91->localhost_10000@group-FF371CEDE24F, cid=42, FAILED org.apache.ratis.protocol.NotLeaderException: Server localhost_10000@group-FF371CEDE24F is not the leader, logIndex=0, commits[localhost_10000:c-1]
2019-09-26 14:06:59,004 INFO  client.GrpcClientProtocolService (GrpcClientProtocolService.java:lambda$processClientRequest$0(278)) - Failed RaftClientRequest:client-FBD57F74AF91->localhost_10002@group-FF371CEDE24F, cid=42, seq=0, RW, Message:321f0a0f0a0d74657374...(size=33), reply=RaftClientReply:client-FBD57F74AF91->localhost_10002@group-FF371CEDE24F, cid=42, FAILED org.apache.ratis.protocol.NotLeaderException: Server localhost_10002@group-FF371CEDE24F is not the leader, logIndex=0, commits[localhost_10002:c-1]
2019-09-26 14:06:59,006 INFO  client.GrpcClientProtocolService (GrpcClientProtocolService.java:lambda$processClientRequest$0(278)) - Failed RaftClientRequest:client-FBD57F74AF91->localhost_10000@group-FF371CEDE24F, cid=42, seq=0, RW, Message:321f0a0f0a0d74657374...(size=33), reply=RaftClientReply:client-FBD57F74AF91->localhost_10000@group-FF371CEDE24F, cid=42, FAILED org.apache.ratis.protocol.NotLeaderException: Server localhost_10000@group-FF371CEDE24F is not the leader, logIndex=0, commits[localhost_10000:c-1]
2019-09-26 14:06:59,009 INFO  client.GrpcClientProtocolService (GrpcClientProtocolService.java:lambda$processClientRequest$0(278)) - Failed RaftClientRequest:client-FBD57F74AF91->localhost_10001@group-FF371CEDE24F, cid=42, seq=0, RW, Message:321f0a0f0a0d74657374...(size=33), reply=RaftClientReply:client-FBD57F74AF91->localhost_10001@group-FF371CEDE24F, cid=42, FAILED org.apache.ratis.protocol.NotLeaderException: Server localhost_10001@group-FF371CEDE24F is not the leader, logIndex=0, commits[localhost_10001:c-1]
2019-09-26 14:06:59,011 INFO  client.GrpcClientProtocolService (GrpcClientProtocolService.java:lambda$processClientRequest$0(278)) - Failed RaftClientRequest:client-FBD57F74AF91->localhost_10002@group-FF371CEDE24F, cid=42, seq=0, RW, Message:321f0a0f0a0d74657374...(size=33), reply=RaftClientReply:client-FBD57F74AF91->localhost_10002@group-FF371CEDE24F, cid=42, FAILED org.apache.ratis.protocol.NotLeaderException: Server localhost_10002@group-FF371CEDE24F is not the leader, logIndex=0, commits[localhost_10002:c-1]
2019-09-26 14:06:59,014 INFO  client.GrpcClientProtocolService (GrpcClientProtocolService.java:lambda$processClientRequest$0(278)) - Failed RaftClientRequest:client-FBD57F74AF91->localhost_10001@group-FF371CEDE24F, cid=42, seq=0, RW, Message:321f0a0f0a0d74657374...(size=33), reply=RaftClientReply:client-FBD57F74AF91->localhost_10001@group-FF371CEDE24F, cid=42, FAILED org.apache.ratis.protocol.NotLeaderException: Server localhost_10001@group-FF371CEDE24F is not the leader, logIndex=0, commits[localhost_10001:c-1]
2019-09-26 14:06:59,016 INFO  client.GrpcClientProtocolService (GrpcClientProtocolService.java:lambda$processClientRequest$0(278)) - Failed RaftClientRequest:client-FBD57F74AF91->localhost_10002@group-FF371CEDE24F, cid=42, seq=0, RW, Message:321f0a0f0a0d74657374...(size=33), reply=RaftClientReply:client-FBD57F74AF91->localhost_10002@group-FF371CEDE24F, cid=42, FAILED org.apache.ratis.protocol.NotLeaderException: Server localhost_10002@group-FF371CEDE24F is not the leader, logIndex=0, commits[localhost_10002:c-1]
2019-09-26 14:06:59,018 INFO  client.GrpcClientProtocolService (GrpcClientProtocolService.java:lambda$processClientRequest$0(278)) - Failed RaftClientRequest:client-FBD57F74AF91->localhost_10001@group-FF371CEDE24F, cid=42, seq=0, RW, Message:321f0a0f0a0d74657374...(size=33), reply=RaftClientReply:client-FBD57F74AF91->localhost_10001@group-FF371CEDE24F, cid=42, FAILED org.apache.ratis.protocol.NotLeaderException: Server localhost_10001@group-FF371CEDE24F is not the leader, logIndex=0, commits[localhost_10001:c-1]
2019-09-26 14:06:59,020 INFO  client.GrpcClientProtocolService (GrpcClientProtocolService.java:lambda$processClientRequest$0(278)) - Failed RaftClientRequest:client-FBD57F74AF91->localhost_10002@group-FF371CEDE24F, cid=42, seq=0, RW, Message:321f0a0f0a0d74657374...(size=33), reply=RaftClientReply:client-FBD57F74AF91->localhost_10002@group-FF371CEDE24F, cid=42, FAILED org.apache.ratis.protocol.NotLeaderException: Server localhost_10002@group-FF371CEDE24F is not the leader, logIndex=0, commits[localhost_10002:c-1]
2019-09-26 14:06:59,023 INFO  client.GrpcClientProtocolService (GrpcClientProtocolService.java:lambda$processClientRequest$0(278)) - Failed RaftClientRequest:client-FBD57F74AF91->localhost_10001@group-FF371CEDE24F, cid=42, seq=0, RW, Message:321f0a0f0a0d74657374...(size=33), reply=RaftClientReply:client-FBD57F74AF91->localhost_10001@group-FF371CEDE24F, cid=42, FAILED org.apache.ratis.protocol.NotLeaderException: Server localhost_10001@group-FF371CEDE24F is not the leader, logIndex=0, commits[localhost_10001:c-1]
2019-09-26 14:06:59,025 INFO  client.GrpcClientProtocolService (GrpcClientProtocolService.java:lambda$processClientRequest$0(278)) - Failed RaftClientRequest:client-FBD57F74AF91->localhost_10000@group-FF371CEDE24F, cid=42, seq=0, RW, Message:321f0a0f0a0d74657374...(size=33), reply=RaftClientReply:client-FBD57F74AF91->localhost_10000@group-FF371CEDE24F, cid=42, FAILED org.apache.ratis.protocol.NotLeaderException: Server localhost_10000@group-FF371CEDE24F is not the leader, logIndex=0, commits[localhost_10000:c-1]
2019-09-26 14:06:59,027 INFO  client.GrpcClientProtocolService (GrpcClientProtocolService.java:lambda$processClientRequest$0(278)) - Failed RaftClientRequest:client-FBD57F74AF91->localhost_10001@group-FF371CEDE24F, cid=42, seq=0, RW, Message:321f0a0f0a0d74657374...(size=33), reply=RaftClientReply:client-FBD57F74AF91->localhost_10001@group-FF371CEDE24F, cid=42, FAILED org.apache.ratis.protocol.NotLeaderException: Server localhost_10001@group-FF371CEDE24F is not the leader, logIndex=0, commits[localhost_10001:c-1]
2019-09-26 14:06:59,029 INFO  client.GrpcClientProtocolService (GrpcClientProtocolService.java:lambda$processClientRequest$0(278)) - Failed RaftClientRequest:client-FBD57F74AF91->localhost_10002@group-FF371CEDE24F, cid=42, seq=0, RW, Message:321f0a0f0a0d74657374...(size=33), reply=RaftClientReply:client-FBD57F74AF91->localhost_10002@group-FF371CEDE24F, cid=42, FAILED org.apache.ratis.protocol.NotLeaderException: Server localhost_10002@group-FF371CEDE24F is not the leader, logIndex=0, commits[localhost_10002:c-1]
2019-09-26 14:06:59,031 INFO  client.GrpcClientProtocolService (GrpcClientProtocolService.java:lambda$processClientRequest$0(278)) - Failed RaftClientRequest:client-FBD57F74AF91->localhost_10000@group-FF371CEDE24F, cid=42, seq=0, RW, Message:321f0a0f0a0d74657374...(size=33), reply=RaftClientReply:client-FBD57F74AF91->localhost_10000@group-FF371CEDE24F, cid=42, FAILED org.apache.ratis.protocol.NotLeaderException: Server localhost_10000@group-FF371CEDE24F is not the leader, logIndex=0, commits[localhost_10000:c-1]
2019-09-26 14:06:59,034 INFO  client.GrpcClientProtocolService (GrpcClientProtocolService.java:lambda$processClientRequest$0(278)) - Failed RaftClientRequest:client-FBD57F74AF91->localhost_10002@group-FF371CEDE24F, cid=42, seq=0, RW, Message:321f0a0f0a0d74657374...(size=33), reply=RaftClientReply:client-FBD57F74AF91->localhost_10002@group-FF371CEDE24F, cid=42, FAILED org.apache.ratis.protocol.NotLeaderException: Server localhost_10002@group-FF371CEDE24F is not the leader, logIndex=0, commits[localhost_10002:c-1]
2019-09-26 14:06:59,036 INFO  client.GrpcClientProtocolService (GrpcClientProtocolService.java:lambda$processClientRequest$0(278)) - Failed RaftClientRequest:client-FBD57F74AF91->localhost_10000@group-FF371CEDE24F, cid=42, seq=0, RW, Message:321f0a0f0a0d74657374...(size=33), reply=RaftClientReply:client-FBD57F74AF91->localhost_10000@group-FF371CEDE24F, cid=42, FAILED org.apache.ratis.protocol.NotLeaderException: Server localhost_10000@group-FF371CEDE24F is not the leader, logIndex=0, commits[localhost_10000:c-1]
2019-09-26 14:06:59,038 INFO  client.GrpcClientProtocolService (GrpcClientProtocolService.java:lambda$processClientRequest$0(278)) - Failed RaftClientRequest:client-FBD57F74AF91->localhost_10002@group-FF371CEDE24F, cid=42, seq=0, RW, Message:321f0a0f0a0d74657374...(size=33), reply=RaftClientReply:client-FBD57F74AF91->localhost_10002@group-FF371CEDE24F, cid=42, FAILED org.apache.ratis.protocol.NotLeaderException: Server localhost_10002@group-FF371CEDE24F is not the leader, logIndex=0, commits[localhost_10002:c-1]
2019-09-26 14:06:59,040 INFO  client.GrpcClientProtocolService (GrpcClientProtocolService.java:lambda$processClientRequest$0(278)) - Failed RaftClientRequest:client-FBD57F74AF91->localhost_10001@group-FF371CEDE24F, cid=42, seq=0, RW, Message:321f0a0f0a0d74657374...(size=33), reply=RaftClientReply:client-FBD57F74AF91->localhost_10001@group-FF371CEDE24F, cid=42, FAILED org.apache.ratis.protocol.NotLeaderException: Server localhost_10001@group-FF371CEDE24F is not the leader, logIndex=0, commits[localhost_10001:c-1]
2019-09-26 14:06:59,042 INFO  client.GrpcClientProtocolService (GrpcClientProtocolService.java:lambda$processClientRequest$0(278)) - Failed RaftClientRequest:client-FBD57F74AF91->localhost_10000@group-FF371CEDE24F, cid=42, seq=0, RW, Message:321f0a0f0a0d74657374...(size=33), reply=RaftClientReply:client-FBD57F74AF91->localhost_10000@group-FF371CEDE24F, cid=42, FAILED org.apache.ratis.protocol.NotLeaderException: Server localhost_10000@group-FF371CEDE24F is not the leader, logIndex=0, commits[localhost_10000:c-1]
2019-09-26 14:06:59,044 INFO  client.GrpcClientProtocolService (GrpcClientProtocolService.java:lambda$processClientRequest$0(278)) - Failed RaftClientRequest:client-FBD57F74AF91->localhost_10001@group-FF371CEDE24F, cid=42, seq=0, RW, Message:321f0a0f0a0d74657374...(size=33), reply=RaftClientReply:client-FBD57F74AF91->localhost_10001@group-FF371CEDE24F, cid=42, FAILED org.apache.ratis.protocol.NotLeaderException: Server localhost_10001@group-FF371CEDE24F is not the leader, logIndex=0, commits[localhost_10001:c-1]
2019-09-26 14:06:59,047 INFO  client.GrpcClientProtocolService (GrpcClientProtocolService.java:lambda$processClientRequest$0(278)) - Failed RaftClientRequest:client-FBD57F74AF91->localhost_10000@group-FF371CEDE24F, cid=42, seq=0, RW, Message:321f0a0f0a0d74657374...(size=33), reply=RaftClientReply:client-FBD57F74AF91->localhost_10000@group-FF371CEDE24F, cid=42, FAILED org.apache.ratis.protocol.NotLeaderException: Server localhost_10000@group-FF371CEDE24F is not the leader, logIndex=0, commits[localhost_10000:c-1]
2019-09-26 14:06:59,049 INFO  client.GrpcClientProtocolService (GrpcClientProtocolService.java:lambda$processClientRequest$0(278)) - Failed RaftClientRequest:client-FBD57F74AF91->localhost_10001@group-FF371CEDE24F, cid=42, seq=0, RW, Message:321f0a0f0a0d74657374...(size=33), reply=RaftClientReply:client-FBD57F74AF91->localhost_10001@group-FF371CEDE24F, cid=42, FAILED org.apache.ratis.protocol.NotLeaderException: Server localhost_10001@group-FF371CEDE24F is not the leader, logIndex=0, commits[localhost_10001:c-1]
2019-09-26 14:06:59,052 INFO  client.GrpcClientProtocolService (GrpcClientProtocolService.java:lambda$processClientRequest$0(278)) - Failed RaftClientRequest:client-FBD57F74AF91->localhost_10000@group-FF371CEDE24F, cid=42, seq=0, RW, Message:321f0a0f0a0d74657374...(size=33), reply=RaftClientReply:client-FBD57F74AF91->localhost_10000@group-FF371CEDE24F, cid=42, FAILED org.apache.ratis.protocol.NotLeaderException: Server localhost_10000@group-FF371CEDE24F is not the leader, logIndex=0, commits[localhost_10000:c-1]
2019-09-26 14:06:59,054 INFO  client.GrpcClientProtocolService (GrpcClientProtocolService.java:lambda$processClientRequest$0(278)) - Failed RaftClientRequest:client-FBD57F74AF91->localhost_10002@group-FF371CEDE24F, cid=42, seq=0, RW, Message:321f0a0f0a0d74657374...(size=33), reply=RaftClientReply:client-FBD57F74AF91->localhost_10002@group-FF371CEDE24F, cid=42, FAILED org.apache.ratis.protocol.NotLeaderException: Server localhost_10002@group-FF371CEDE24F is not the leader, logIndex=0, commits[localhost_10002:c-1]
2019-09-26 14:06:59,056 INFO  client.GrpcClientProtocolService (GrpcClientProtocolService.java:lambda$processClientRequest$0(278)) - Failed RaftClientRequest:client-FBD57F74AF91->localhost_10001@group-FF371CEDE24F, cid=42, seq=0, RW, Message:321f0a0f0a0d74657374...(size=33), reply=RaftClientReply:client-FBD57F74AF91->localhost_10001@group-FF371CEDE24F, cid=42, FAILED org.apache.ratis.protocol.NotLeaderException: Server localhost_10001@group-FF371CEDE24F is not the leader, logIndex=0, commits[localhost_10001:c-1]
2019-09-26 14:06:59,059 INFO  client.GrpcClientProtocolService (GrpcClientProtocolService.java:lambda$processClientRequest$0(278)) - Failed RaftClientRequest:client-FBD57F74AF91->localhost_10000@group-FF371CEDE24F, cid=42, seq=0, RW, Message:321f0a0f0a0d74657374...(size=33), reply=RaftClientReply:client-FBD57F74AF91->localhost_10000@group-FF371CEDE24F, cid=42, FAILED org.apache.ratis.protocol.NotLeaderException: Server localhost_10000@group-FF371CEDE24F is not the leader, logIndex=0, commits[localhost_10000:c-1]
2019-09-26 14:06:59,061 INFO  client.GrpcClientProtocolService (GrpcClientProtocolService.java:lambda$processClientRequest$0(278)) - Failed RaftClientRequest:client-FBD57F74AF91->localhost_10002@group-FF371CEDE24F, cid=42, seq=0, RW, Message:321f0a0f0a0d74657374...(size=33), reply=RaftClientReply:client-FBD57F74AF91->localhost_10002@group-FF371CEDE24F, cid=42, FAILED org.apache.ratis.protocol.NotLeaderException: Server localhost_10002@group-FF371CEDE24F is not the leader, logIndex=0, commits[localhost_10002:c-1]
2019-09-26 14:06:59,063 INFO  client.GrpcClientProtocolService (GrpcClientProtocolService.java:lambda$processClientRequest$0(278)) - Failed RaftClientRequest:client-FBD57F74AF91->localhost_10001@group-FF371CEDE24F, cid=42, seq=0, RW, Message:321f0a0f0a0d74657374...(size=33), reply=RaftClientReply:client-FBD57F74AF91->localhost_10001@group-FF371CEDE24F, cid=42, FAILED org.apache.ratis.protocol.NotLeaderException: Server localhost_10001@group-FF371CEDE24F is not the leader, logIndex=0, commits[localhost_10001:c-1]
2019-09-26 14:06:59,066 INFO  client.GrpcClientProtocolService (GrpcClientProtocolService.java:lambda$processClientRequest$0(278)) - Failed RaftClientRequest:client-FBD57F74AF91->localhost_10002@group-FF371CEDE24F, cid=42, seq=0, RW, Message:321f0a0f0a0d74657374...(size=33), reply=RaftClientReply:client-FBD57F74AF91->localhost_10002@group-FF371CEDE24F, cid=42, FAILED org.apache.ratis.protocol.NotLeaderException: Server localhost_10002@group-FF371CEDE24F is not the leader, logIndex=0, commits[localhost_10002:c-1]
2019-09-26 14:06:59,068 INFO  client.GrpcClientProtocolService (GrpcClientProtocolService.java:lambda$processClientRequest$0(278)) - Failed RaftClientRequest:client-FBD57F74AF91->localhost_10000@group-FF371CEDE24F, cid=42, seq=0, RW, Message:321f0a0f0a0d74657374...(size=33), reply=RaftClientReply:client-FBD57F74AF91->localhost_10000@group-FF371CEDE24F, cid=42, FAILED org.apache.ratis.protocol.NotLeaderException: Server localhost_10000@group-FF371CEDE24F is not the leader, logIndex=0, commits[localhost_10000:c-1]
2019-09-26 14:06:59,070 INFO  client.GrpcClientProtocolService (GrpcClientProtocolService.java:lambda$processClientRequest$0(278)) - Failed RaftClientRequest:client-FBD57F74AF91->localhost_10002@group-FF371CEDE24F, cid=42, seq=0, RW, Message:321f0a0f0a0d74657374...(size=33), reply=RaftClientReply:client-FBD57F74AF91->localhost_10002@group-FF371CEDE24F, cid=42, FAILED org.apache.ratis.protocol.NotLeaderException: Server localhost_10002@group-FF371CEDE24F is not the leader, logIndex=0, commits[localhost_10002:c-1]
2019-09-26 14:06:59,072 INFO  client.GrpcClientProtocolService (GrpcClientProtocolService.java:lambda$processClientRequest$0(278)) - Failed RaftClientRequest:client-FBD57F74AF91->localhost_10001@group-FF371CEDE24F, cid=42, seq=0, RW, Message:321f0a0f0a0d74657374...(size=33), reply=RaftClientReply:client-FBD57F74AF91->localhost_10001@group-FF371CEDE24F, cid=42, FAILED org.apache.ratis.protocol.NotLeaderException: Server localhost_10001@group-FF371CEDE24F is not the leader, logIndex=0, commits[localhost_10001:c-1]
2019-09-26 14:06:59,074 INFO  client.GrpcClientProtocolService (GrpcClientProtocolService.java:lambda$processClientRequest$0(278)) - Failed RaftClientRequest:client-FBD57F74AF91->localhost_10002@group-FF371CEDE24F, cid=42, seq=0, RW, Message:321f0a0f0a0d74657374...(size=33), reply=RaftClientReply:client-FBD57F74AF91->localhost_10002@group-FF371CEDE24F, cid=42, FAILED org.apache.ratis.protocol.NotLeaderException: Server localhost_10002@group-FF371CEDE24F is not the leader, logIndex=0, commits[localhost_10002:c-1]
2019-09-26 14:06:59,076 INFO  client.GrpcClientProtocolService (GrpcClientProtocolService.java:lambda$processClientRequest$0(278)) - Failed RaftClientRequest:client-FBD57F74AF91->localhost_10000@group-FF371CEDE24F, cid=42, seq=0, RW, Message:321f0a0f0a0d74657374...(size=33), reply=RaftClientReply:client-FBD57F74AF91->localhost_10000@group-FF371CEDE24F, cid=42, FAILED org.apache.ratis.protocol.NotLeaderException: Server localhost_10000@group-FF371CEDE24F is not the leader, logIndex=0, commits[localhost_10000:c-1]
2019-09-26 14:06:59,078 INFO  client.GrpcClientProtocolService (GrpcClientProtocolService.java:lambda$processClientRequest$0(278)) - Failed RaftClientRequest:client-FBD57F74AF91->localhost_10001@group-FF371CEDE24F, cid=42, seq=0, RW, Message:321f0a0f0a0d74657374...(size=33), reply=RaftClientReply:client-FBD57F74AF91->localhost_10001@group-FF371CEDE24F, cid=42, FAILED org.apache.ratis.protocol.NotLeaderException: Server localhost_10001@group-FF371CEDE24F is not the leader, logIndex=0, commits[localhost_10001:c-1]
2019-09-26 14:06:59,080 INFO  client.GrpcClientProtocolService (GrpcClientProtocolService.java:lambda$processClientRequest$0(278)) - Failed RaftClientRequest:client-FBD57F74AF91->localhost_10002@group-FF371CEDE24F, cid=42, seq=0, RW, Message:321f0a0f0a0d74657374...(size=33), reply=RaftClientReply:client-FBD57F74AF91->localhost_10002@group-FF371CEDE24F, cid=42, FAILED org.apache.ratis.protocol.NotLeaderException: Server localhost_10002@group-FF371CEDE24F is not the leader, logIndex=0, commits[localhost_10002:c-1]
2019-09-26 14:06:59,082 INFO  client.GrpcClientProtocolService (GrpcClientProtocolService.java:lambda$processClientRequest$0(278)) - Failed RaftClientRequest:client-FBD57F74AF91->localhost_10000@group-FF371CEDE24F, cid=42, seq=0, RW, Message:321f0a0f0a0d74657374...(size=33), reply=RaftClientReply:client-FBD57F74AF91->localhost_10000@group-FF371CEDE24F, cid=42, FAILED org.apache.ratis.protocol.NotLeaderException: Server localhost_10000@group-FF371CEDE24F is not the leader, logIndex=0, commits[localhost_10000:c-1]
2019-09-26 14:06:59,084 INFO  client.GrpcClientProtocolService (GrpcClientProtocolService.java:lambda$processClientRequest$0(278)) - Failed RaftClientRequest:client-FBD57F74AF91->localhost_10002@group-FF371CEDE24F, cid=42, seq=0, RW, Message:321f0a0f0a0d74657374...(size=33), reply=RaftClientReply:client-FBD57F74AF91->localhost_10002@group-FF371CEDE24F, cid=42, FAILED org.apache.ratis.protocol.NotLeaderException: Server localhost_10002@group-FF371CEDE24F is not the leader, logIndex=0, commits[localhost_10002:c-1]
2019-09-26 14:06:59,086 INFO  client.GrpcClientProtocolService (GrpcClientProtocolService.java:lambda$processClientRequest$0(278)) - Failed RaftClientRequest:client-FBD57F74AF91->localhost_10001@group-FF371CEDE24F, cid=42, seq=0, RW, Message:321f0a0f0a0d74657374...(size=33), reply=RaftClientReply:client-FBD57F74AF91->localhost_10001@group-FF371CEDE24F, cid=42, FAILED org.apache.ratis.protocol.NotLeaderException: Server localhost_10001@group-FF371CEDE24F is not the leader, logIndex=0, commits[localhost_10001:c-1]
2019-09-26 14:06:59,088 INFO  client.GrpcClientProtocolService (GrpcClientProtocolService.java:lambda$processClientRequest$0(278)) - Failed RaftClientRequest:client-FBD57F74AF91->localhost_10002@group-FF371CEDE24F, cid=42, seq=0, RW, Message:321f0a0f0a0d74657374...(size=33), reply=RaftClientReply:client-FBD57F74AF91->localhost_10002@group-FF371CEDE24F, cid=42, FAILED org.apache.ratis.protocol.NotLeaderException: Server localhost_10002@group-FF371CEDE24F is not the leader, logIndex=0, commits[localhost_10002:c-1]
2019-09-26 14:06:59,091 INFO  client.GrpcClientProtocolService (GrpcClientProtocolService.java:lambda$processClientRequest$0(278)) - Failed RaftClientRequest:client-FBD57F74AF91->localhost_10000@group-FF371CEDE24F, cid=42, seq=0, RW, Message:321f0a0f0a0d74657374...(size=33), reply=RaftClientReply:client-FBD57F74AF91->localhost_10000@group-FF371CEDE24F, cid=42, FAILED org.apache.ratis.protocol.NotLeaderException: Server localhost_10000@group-FF371CEDE24F is not the leader, logIndex=0, commits[localhost_10000:c-1]
2019-09-26 14:06:59,093 INFO  client.GrpcClientProtocolService (GrpcClientProtocolService.java:lambda$processClientRequest$0(278)) - Failed RaftClientRequest:client-FBD57F74AF91->localhost_10002@group-FF371CEDE24F, cid=42, seq=0, RW, Message:321f0a0f0a0d74657374...(size=33), reply=RaftClientReply:client-FBD57F74AF91->localhost_10002@group-FF371CEDE24F, cid=42, FAILED org.apache.ratis.protocol.NotLeaderException: Server localhost_10002@group-FF371CEDE24F is not the leader, logIndex=0, commits[localhost_10002:c-1]
2019-09-26 14:06:59,095 INFO  client.GrpcClientProtocolService (GrpcClientProtocolService.java:lambda$processClientRequest$0(278)) - Failed RaftClientRequest:client-FBD57F74AF91->localhost_10000@group-FF371CEDE24F, cid=42, seq=0, RW, Message:321f0a0f0a0d74657374...(size=33), reply=RaftClientReply:client-FBD57F74AF91->localhost_10000@group-FF371CEDE24F, cid=42, FAILED org.apache.ratis.protocol.NotLeaderException: Server localhost_10000@group-FF371CEDE24F is not the leader, logIndex=0, commits[localhost_10000:c-1]
2019-09-26 14:06:59,097 INFO  client.GrpcClientProtocolService (GrpcClientProtocolService.java:lambda$processClientRequest$0(278)) - Failed RaftClientRequest:client-FBD57F74AF91->localhost_10001@group-FF371CEDE24F, cid=42, seq=0, RW, Message:321f0a0f0a0d74657374...(size=33), reply=RaftClientReply:client-FBD57F74AF91->localhost_10001@group-FF371CEDE24F, cid=42, FAILED org.apache.ratis.protocol.NotLeaderException: Server localhost_10001@group-FF371CEDE24F is not the leader, logIndex=0, commits[localhost_10001:c-1]
2019-09-26 14:06:59,099 INFO  client.GrpcClientProtocolService (GrpcClientProtocolService.java:lambda$processClientRequest$0(278)) - Failed RaftClientRequest:client-FBD57F74AF91->localhost_10000@group-FF371CEDE24F, cid=42, seq=0, RW, Message:321f0a0f0a0d74657374...(size=33), reply=RaftClientReply:client-FBD57F74AF91->localhost_10000@group-FF371CEDE24F, cid=42, FAILED org.apache.ratis.protocol.NotLeaderException: Server localhost_10000@group-FF371CEDE24F is not the leader, logIndex=0, commits[localhost_10000:c-1]
2019-09-26 14:06:59,101 INFO  client.GrpcClientProtocolService (GrpcClientProtocolService.java:lambda$processClientRequest$0(278)) - Failed RaftClientRequest:client-FBD57F74AF91->localhost_10002@group-FF371CEDE24F, cid=42, seq=0, RW, Message:321f0a0f0a0d74657374...(size=33), reply=RaftClientReply:client-FBD57F74AF91->localhost_10002@group-FF371CEDE24F, cid=42, FAILED org.apache.ratis.protocol.NotLeaderException: Server localhost_10002@group-FF371CEDE24F is not the leader, logIndex=0, commits[localhost_10002:c-1]
2019-09-26 14:06:59,104 INFO  client.GrpcClientProtocolService (GrpcClientProtocolService.java:lambda$processClientRequest$0(278)) - Failed RaftClientRequest:client-FBD57F74AF91->localhost_10000@group-FF371CEDE24F, cid=42, seq=0, RW, Message:321f0a0f0a0d74657374...(size=33), reply=RaftClientReply:client-FBD57F74AF91->localhost_10000@group-FF371CEDE24F, cid=42, FAILED org.apache.ratis.protocol.NotLeaderException: Server localhost_10000@group-FF371CEDE24F is not the leader, logIndex=0, commits[localhost_10000:c-1]
2019-09-26 14:06:59,107 INFO  client.GrpcClientProtocolService (GrpcClientProtocolService.java:lambda$processClientRequest$0(278)) - Failed RaftClientRequest:client-FBD57F74AF91->localhost_10002@group-FF371CEDE24F, cid=42, seq=0, RW, Message:321f0a0f0a0d74657374...(size=33), reply=RaftClientReply:client-FBD57F74AF91->localhost_10002@group-FF371CEDE24F, cid=42, FAILED org.apache.ratis.protocol.NotLeaderException: Server localhost_10002@group-FF371CEDE24F is not the leader, logIndex=0, commits[localhost_10002:c-1]
2019-09-26 14:06:59,109 INFO  client.GrpcClientProtocolService (GrpcClientProtocolService.java:lambda$processClientRequest$0(278)) - Failed RaftClientRequest:client-FBD57F74AF91->localhost_10001@group-FF371CEDE24F, cid=42, seq=0, RW, Message:321f0a0f0a0d74657374...(size=33), reply=RaftClientReply:client-FBD57F74AF91->localhost_10001@group-FF371CEDE24F, cid=42, FAILED org.apache.ratis.protocol.NotLeaderException: Server localhost_10001@group-FF371CEDE24F is not the leader, logIndex=0, commits[localhost_10001:c-1]
2019-09-26 14:06:59,112 INFO  client.GrpcClientProtocolService (GrpcClientProtocolService.java:lambda$processClientRequest$0(278)) - Failed RaftClientRequest:client-FBD57F74AF91->localhost_10002@group-FF371CEDE24F, cid=42, seq=0, RW, Message:321f0a0f0a0d74657374...(size=33), reply=RaftClientReply:client-FBD57F74AF91->localhost_10002@group-FF371CEDE24F, cid=42, FAILED org.apache.ratis.protocol.NotLeaderException: Server localhost_10002@group-FF371CEDE24F is not the leader, logIndex=0, commits[localhost_10002:c-1]
2019-09-26 14:06:59,114 INFO  client.GrpcClientProtocolService (GrpcClientProtocolService.java:lambda$processClientRequest$0(278)) - Failed RaftClientRequest:client-FBD57F74AF91->localhost_10000@group-FF371CEDE24F, cid=42, seq=0, RW, Message:321f0a0f0a0d74657374...(size=33), reply=RaftClientReply:client-FBD57F74AF91->localhost_10000@group-FF371CEDE24F, cid=42, FAILED org.apache.ratis.protocol.NotLeaderException: Server localhost_10000@group-FF371CEDE24F is not the leader, logIndex=0, commits[localhost_10000:c-1]
2019-09-26 14:06:59,117 INFO  client.GrpcClientProtocolService (GrpcClientProtocolService.java:lambda$processClientRequest$0(278)) - Failed RaftClientRequest:client-FBD57F74AF91->localhost_10001@group-FF371CEDE24F, cid=42, seq=0, RW, Message:321f0a0f0a0d74657374...(size=33), reply=RaftClientReply:client-FBD57F74AF91->localhost_10001@group-FF371CEDE24F, cid=42, FAILED org.apache.ratis.protocol.NotLeaderException: Server localhost_10001@group-FF371CEDE24F is not the leader, logIndex=0, commits[localhost_10001:c-1]
2019-09-26 14:06:59,119 INFO  client.GrpcClientProtocolService (GrpcClientProtocolService.java:lambda$processClientRequest$0(278)) - Failed RaftClientRequest:client-FBD57F74AF91->localhost_10002@group-FF371CEDE24F, cid=42, seq=0, RW, Message:321f0a0f0a0d74657374...(size=33), reply=RaftClientReply:client-FBD57F74AF91->localhost_10002@group-FF371CEDE24F, cid=42, FAILED org.apache.ratis.protocol.NotLeaderException: Server localhost_10002@group-FF371CEDE24F is not the leader, logIndex=0, commits[localhost_10002:c-1]
2019-09-26 14:06:59,121 INFO  client.GrpcClientProtocolService (GrpcClientProtocolService.java:lambda$processClientRequest$0(278)) - Failed RaftClientRequest:client-FBD57F74AF91->localhost_10000@group-FF371CEDE24F, cid=42, seq=0, RW, Message:321f0a0f0a0d74657374...(size=33), reply=RaftClientReply:client-FBD57F74AF91->localhost_10000@group-FF371CEDE24F, cid=42, FAILED org.apache.ratis.protocol.NotLeaderException: Server localhost_10000@group-FF371CEDE24F is not the leader, logIndex=0, commits[localhost_10000:c-1]
2019-09-26 14:06:59,123 INFO  client.GrpcClientProtocolService (GrpcClientProtocolService.java:lambda$processClientRequest$0(278)) - Failed RaftClientRequest:client-FBD57F74AF91->localhost_10001@group-FF371CEDE24F, cid=42, seq=0, RW, Message:321f0a0f0a0d74657374...(size=33), reply=RaftClientReply:client-FBD57F74AF91->localhost_10001@group-FF371CEDE24F, cid=42, FAILED org.apache.ratis.protocol.NotLeaderException: Server localhost_10001@group-FF371CEDE24F is not the leader, logIndex=0, commits[localhost_10001:c-1]
2019-09-26 14:06:59,125 INFO  client.GrpcClientProtocolService (GrpcClientProtocolService.java:lambda$processClientRequest$0(278)) - Failed RaftClientRequest:client-FBD57F74AF91->localhost_10002@group-FF371CEDE24F, cid=42, seq=0, RW, Message:321f0a0f0a0d74657374...(size=33), reply=RaftClientReply:client-FBD57F74AF91->localhost_10002@group-FF371CEDE24F, cid=42, FAILED org.apache.ratis.protocol.NotLeaderException: Server localhost_10002@group-FF371CEDE24F is not the leader, logIndex=0, commits[localhost_10002:c-1]
2019-09-26 14:06:59,127 INFO  client.GrpcClientProtocolService (GrpcClientProtocolService.java:lambda$processClientRequest$0(278)) - Failed RaftClientRequest:client-FBD57F74AF91->localhost_10000@group-FF371CEDE24F, cid=42, seq=0, RW, Message:321f0a0f0a0d74657374...(size=33), reply=RaftClientReply:client-FBD57F74AF91->localhost_10000@group-FF371CEDE24F, cid=42, FAILED org.apache.ratis.protocol.NotLeaderException: Server localhost_10000@group-FF371CEDE24F is not the leader, logIndex=0, commits[localhost_10000:c-1]
2019-09-26 14:06:59,129 INFO  client.GrpcClientProtocolService (GrpcClientProtocolService.java:lambda$processClientRequest$0(278)) - Failed RaftClientRequest:client-FBD57F74AF91->localhost_10002@group-FF371CEDE24F, cid=42, seq=0, RW, Message:321f0a0f0a0d74657374...(size=33), reply=RaftClientReply:client-FBD57F74AF91->localhost_10002@group-FF371CEDE24F, cid=42, FAILED org.apache.ratis.protocol.NotLeaderException: Server localhost_10002@group-FF371CEDE24F is not the leader, logIndex=0, commits[localhost_10002:c-1]
2019-09-26 14:06:59,130 INFO  client.GrpcClientProtocolService (GrpcClientProtocolService.java:lambda$processClientRequest$0(278)) - Failed RaftClientRequest:client-FBD57F74AF91->localhost_10001@group-FF371CEDE24F, cid=42, seq=0, RW, Message:321f0a0f0a0d74657374...(size=33), reply=RaftClientReply:client-FBD57F74AF91->localhost_10001@group-FF371CEDE24F, cid=42, FAILED org.apache.ratis.protocol.NotLeaderException: Server localhost_10001@group-FF371CEDE24F is not the leader, logIndex=0, commits[localhost_10001:c-1]
2019-09-26 14:06:59,132 INFO  client.GrpcClientProtocolService (GrpcClientProtocolService.java:lambda$processClientRequest$0(278)) - Failed RaftClientRequest:client-FBD57F74AF91->localhost_10002@group-FF371CEDE24F, cid=42, seq=0, RW, Message:321f0a0f0a0d74657374...(size=33), reply=RaftClientReply:client-FBD57F74AF91->localhost_10002@group-FF371CEDE24F, cid=42, FAILED org.apache.ratis.protocol.NotLeaderException: Server localhost_10002@group-FF371CEDE24F is not the leader, logIndex=0, commits[localhost_10002:c-1]
2019-09-26 14:06:59,135 INFO  client.GrpcClientProtocolService (GrpcClientProtocolService.java:lambda$processClientRequest$0(278)) - Failed RaftClientRequest:client-FBD57F74AF91->localhost_10000@group-FF371CEDE24F, cid=42, seq=0, RW, Message:321f0a0f0a0d74657374...(size=33), reply=RaftClientReply:client-FBD57F74AF91->localhost_10000@group-FF371CEDE24F, cid=42, FAILED org.apache.ratis.protocol.NotLeaderException: Server localhost_10000@group-FF371CEDE24F is not the leader, logIndex=0, commits[localhost_10000:c-1]
2019-09-26 14:06:59,137 INFO  client.GrpcClientProtocolService (GrpcClientProtocolService.java:lambda$processClientRequest$0(278)) - Failed RaftClientRequest:client-FBD57F74AF91->localhost_10002@group-FF371CEDE24F, cid=42, seq=0, RW, Message:321f0a0f0a0d74657374...(size=33), reply=RaftClientReply:client-FBD57F74AF91->localhost_10002@group-FF371CEDE24F, cid=42, FAILED org.apache.ratis.protocol.NotLeaderException: Server localhost_10002@group-FF371CEDE24F is not the leader, logIndex=0, commits[localhost_10002:c-1]
2019-09-26 14:06:59,139 INFO  client.GrpcClientProtocolService (GrpcClientProtocolService.java:lambda$processClientRequest$0(278)) - Failed RaftClientRequest:client-FBD57F74AF91->localhost_10001@group-FF371CEDE24F, cid=42, seq=0, RW, Message:321f0a0f0a0d74657374...(size=33), reply=RaftClientReply:client-FBD57F74AF91->localhost_10001@group-FF371CEDE24F, cid=42, FAILED org.apache.ratis.protocol.NotLeaderException: Server localhost_10001@group-FF371CEDE24F is not the leader, logIndex=0, commits[localhost_10001:c-1]
2019-09-26 14:06:59,141 INFO  client.GrpcClientProtocolService (GrpcClientProtocolService.java:lambda$processClientRequest$0(278)) - Failed RaftClientRequest:client-FBD57F74AF91->localhost_10000@group-FF371CEDE24F, cid=42, seq=0, RW, Message:321f0a0f0a0d74657374...(size=33), reply=RaftClientReply:client-FBD57F74AF91->localhost_10000@group-FF371CEDE24F, cid=42, FAILED org.apache.ratis.protocol.NotLeaderException: Server localhost_10000@group-FF371CEDE24F is not the leader, logIndex=0, commits[localhost_10000:c-1]
2019-09-26 14:06:59,143 INFO  client.GrpcClientProtocolService (GrpcClientProtocolService.java:lambda$processClientRequest$0(278)) - Failed RaftClientRequest:client-FBD57F74AF91->localhost_10002@group-FF371CEDE24F, cid=42, seq=0, RW, Message:321f0a0f0a0d74657374...(size=33), reply=RaftClientReply:client-FBD57F74AF91->localhost_10002@group-FF371CEDE24F, cid=42, FAILED org.apache.ratis.protocol.NotLeaderException: Server localhost_10002@group-FF371CEDE24F is not the leader, logIndex=0, commits[localhost_10002:c-1]
2019-09-26 14:06:59,145 INFO  client.GrpcClientProtocolService (GrpcClientProtocolService.java:lambda$processClientRequest$0(278)) - Failed RaftClientRequest:client-FBD57F74AF91->localhost_10000@group-FF371CEDE24F, cid=42, seq=0, RW, Message:321f0a0f0a0d74657374...(size=33), reply=RaftClientReply:client-FBD57F74AF91->localhost_10000@group-FF371CEDE24F, cid=42, FAILED org.apache.ratis.protocol.NotLeaderException: Server localhost_10000@group-FF371CEDE24F is not the leader, logIndex=0, commits[localhost_10000:c-1]
2019-09-26 14:06:59,147 INFO  client.GrpcClientProtocolService (GrpcClientProtocolService.java:lambda$processClientRequest$0(278)) - Failed RaftClientRequest:client-FBD57F74AF91->localhost_10002@group-FF371CEDE24F, cid=42, seq=0, RW, Message:321f0a0f0a0d74657374...(size=33), reply=RaftClientReply:client-FBD57F74AF91->localhost_10002@group-FF371CEDE24F, cid=42, FAILED org.apache.ratis.protocol.NotLeaderException: Server localhost_10002@group-FF371CEDE24F is not the leader, logIndex=0, commits[localhost_10002:c-1]
2019-09-26 14:06:59,149 INFO  client.GrpcClientProtocolService (GrpcClientProtocolService.java:lambda$processClientRequest$0(278)) - Failed RaftClientRequest:client-FBD57F74AF91->localhost_10000@group-FF371CEDE24F, cid=42, seq=0, RW, Message:321f0a0f0a0d74657374...(size=33), reply=RaftClientReply:client-FBD57F74AF91->localhost_10000@group-FF371CEDE24F, cid=42, FAILED org.apache.ratis.protocol.NotLeaderException: Server localhost_10000@group-FF371CEDE24F is not the leader, logIndex=0, commits[localhost_10000:c-1]
2019-09-26 14:06:59,151 INFO  client.GrpcClientProtocolService (GrpcClientProtocolService.java:lambda$processClientRequest$0(278)) - Failed RaftClientRequest:client-FBD57F74AF91->localhost_10002@group-FF371CEDE24F, cid=42, seq=0, RW, Message:321f0a0f0a0d74657374...(size=33), reply=RaftClientReply:client-FBD57F74AF91->localhost_10002@group-FF371CEDE24F, cid=42, FAILED org.apache.ratis.protocol.NotLeaderException: Server localhost_10002@group-FF371CEDE24F is not the leader, logIndex=0, commits[localhost_10002:c-1]
2019-09-26 14:06:59,153 INFO  client.GrpcClientProtocolService (GrpcClientProtocolService.java:lambda$processClientRequest$0(278)) - Failed RaftClientRequest:client-FBD57F74AF91->localhost_10000@group-FF371CEDE24F, cid=42, seq=0, RW, Message:321f0a0f0a0d74657374...(size=33), reply=RaftClientReply:client-FBD57F74AF91->localhost_10000@group-FF371CEDE24F, cid=42, FAILED org.apache.ratis.protocol.NotLeaderException: Server localhost_10000@group-FF371CEDE24F is not the leader, logIndex=0, commits[localhost_10000:c-1]
2019-09-26 14:06:59,155 INFO  client.GrpcClientProtocolService (GrpcClientProtocolService.java:lambda$processClientRequest$0(278)) - Failed RaftClientRequest:client-FBD57F74AF91->localhost_10001@group-FF371CEDE24F, cid=42, seq=0, RW, Message:321f0a0f0a0d74657374...(size=33), reply=RaftClientReply:client-FBD57F74AF91->localhost_10001@group-FF371CEDE24F, cid=42, FAILED org.apache.ratis.protocol.NotLeaderException: Server localhost_10001@group-FF371CEDE24F is not the leader, logIndex=0, commits[localhost_10001:c-1]
2019-09-26 14:06:59,157 INFO  client.GrpcClientProtocolService (GrpcClientProtocolService.java:lambda$processClientRequest$0(278)) - Failed RaftClientRequest:client-FBD57F74AF91->localhost_10000@group-FF371CEDE24F, cid=42, seq=0, RW, Message:321f0a0f0a0d74657374...(size=33), reply=RaftClientReply:client-FBD57F74AF91->localhost_10000@group-FF371CEDE24F, cid=42, FAILED org.apache.ratis.protocol.NotLeaderException: Server localhost_10000@group-FF371CEDE24F is not the leader, logIndex=0, commits[localhost_10000:c-1]
2019-09-26 14:06:59,159 INFO  client.GrpcClientProtocolService (GrpcClientProtocolService.java:lambda$processClientRequest$0(278)) - Failed RaftClientRequest:client-FBD57F74AF91->localhost_10001@group-FF371CEDE24F, cid=42, seq=0, RW, Message:321f0a0f0a0d74657374...(size=33), reply=RaftClientReply:client-FBD57F74AF91->localhost_10001@group-FF371CEDE24F, cid=42, FAILED org.apache.ratis.protocol.NotLeaderException: Server localhost_10001@group-FF371CEDE24F is not the leader, logIndex=0, commits[localhost_10001:c-1]
2019-09-26 14:06:59,161 INFO  client.GrpcClientProtocolService (GrpcClientProtocolService.java:lambda$processClientRequest$0(278)) - Failed RaftClientRequest:client-FBD57F74AF91->localhost_10002@group-FF371CEDE24F, cid=42, seq=0, RW, Message:321f0a0f0a0d74657374...(size=33), reply=RaftClientReply:client-FBD57F74AF91->localhost_10002@group-FF371CEDE24F, cid=42, FAILED org.apache.ratis.protocol.NotLeaderException: Server localhost_10002@group-FF371CEDE24F is not the leader, logIndex=0, commits[localhost_10002:c-1]
2019-09-26 14:06:59,163 INFO  client.GrpcClientProtocolService (GrpcClientProtocolService.java:lambda$processClientRequest$0(278)) - Failed RaftClientRequest:client-FBD57F74AF91->localhost_10001@group-FF371CEDE24F, cid=42, seq=0, RW, Message:321f0a0f0a0d74657374...(size=33), reply=RaftClientReply:client-FBD57F74AF91->localhost_10001@group-FF371CEDE24F, cid=42, FAILED org.apache.ratis.protocol.NotLeaderException: Server localhost_10001@group-FF371CEDE24F is not the leader, logIndex=0, commits[localhost_10001:c-1]
2019-09-26 14:06:59,165 INFO  client.GrpcClientProtocolService (GrpcClientProtocolService.java:lambda$processClientRequest$0(278)) - Failed RaftClientRequest:client-FBD57F74AF91->localhost_10002@group-FF371CEDE24F, cid=42, seq=0, RW, Message:321f0a0f0a0d74657374...(size=33), reply=RaftClientReply:client-FBD57F74AF91->localhost_10002@group-FF371CEDE24F, cid=42, FAILED org.apache.ratis.protocol.NotLeaderException: Server localhost_10002@group-FF371CEDE24F is not the leader, logIndex=0, commits[localhost_10002:c-1]
2019-09-26 14:06:59,167 INFO  client.GrpcClientProtocolService (GrpcClientProtocolService.java:lambda$processClientRequest$0(278)) - Failed RaftClientRequest:client-FBD57F74AF91->localhost_10001@group-FF371CEDE24F, cid=42, seq=0, RW, Message:321f0a0f0a0d74657374...(size=33), reply=RaftClientReply:client-FBD57F74AF91->localhost_10001@group-FF371CEDE24F, cid=42, FAILED org.apache.ratis.protocol.NotLeaderException: Server localhost_10001@group-FF371CEDE24F is not the leader, logIndex=0, commits[localhost_10001:c-1]
2019-09-26 14:06:59,168 INFO  client.GrpcClientProtocolService (GrpcClientProtocolService.java:lambda$processClientRequest$0(278)) - Failed RaftClientRequest:client-FBD57F74AF91->localhost_10002@group-FF371CEDE24F, cid=42, seq=0, RW, Message:321f0a0f0a0d74657374...(size=33), reply=RaftClientReply:client-FBD57F74AF91->localhost_10002@group-FF371CEDE24F, cid=42, FAILED org.apache.ratis.protocol.NotLeaderException: Server localhost_10002@group-FF371CEDE24F is not the leader, logIndex=0, commits[localhost_10002:c-1]
2019-09-26 14:06:59,170 INFO  client.GrpcClientProtocolService (GrpcClientProtocolService.java:lambda$processClientRequest$0(278)) - Failed RaftClientRequest:client-FBD57F74AF91->localhost_10000@group-FF371CEDE24F, cid=42, seq=0, RW, Message:321f0a0f0a0d74657374...(size=33), reply=RaftClientReply:client-FBD57F74AF91->localhost_10000@group-FF371CEDE24F, cid=42, FAILED org.apache.ratis.protocol.NotLeaderException: Server localhost_10000@group-FF371CEDE24F is not the leader, logIndex=0, commits[localhost_10000:c-1]
2019-09-26 14:06:59,172 INFO  client.GrpcClientProtocolService (GrpcClientProtocolService.java:lambda$processClientRequest$0(278)) - Failed RaftClientRequest:client-FBD57F74AF91->localhost_10002@group-FF371CEDE24F, cid=42, seq=0, RW, Message:321f0a0f0a0d74657374...(size=33), reply=RaftClientReply:client-FBD57F74AF91->localhost_10002@group-FF371CEDE24F, cid=42, FAILED org.apache.ratis.protocol.NotLeaderException: Server localhost_10002@group-FF371CEDE24F is not the leader, logIndex=0, commits[localhost_10002:c-1]
2019-09-26 14:06:59,174 INFO  client.GrpcClientProtocolService (GrpcClientProtocolService.java:lambda$processClientRequest$0(278)) - Failed RaftClientRequest:client-FBD57F74AF91->localhost_10001@group-FF371CEDE24F, cid=42, seq=0, RW, Message:321f0a0f0a0d74657374...(size=33), reply=RaftClientReply:client-FBD57F74AF91->localhost_10001@group-FF371CEDE24F, cid=42, FAILED org.apache.ratis.protocol.NotLeaderException: Server localhost_10001@group-FF371CEDE24F is not the leader, logIndex=0, commits[localhost_10001:c-1]
2019-09-26 14:06:59,176 INFO  client.GrpcClientProtocolService (GrpcClientProtocolService.java:lambda$processClientRequest$0(278)) - Failed RaftClientRequest:client-FBD57F74AF91->localhost_10000@group-FF371CEDE24F, cid=42, seq=0, RW, Message:321f0a0f0a0d74657374...(size=33), reply=RaftClientReply:client-FBD57F74AF91->localhost_10000@group-FF371CEDE24F, cid=42, FAILED org.apache.ratis.protocol.NotLeaderException: Server localhost_10000@group-FF371CEDE24F is not the leader, logIndex=0, commits[localhost_10000:c-1]
2019-09-26 14:06:59,178 INFO  client.GrpcClientProtocolService (GrpcClientProtocolService.java:lambda$processClientRequest$0(278)) - Failed RaftClientRequest:client-FBD57F74AF91->localhost_10002@group-FF371CEDE24F, cid=42, seq=0, RW, Message:321f0a0f0a0d74657374...(size=33), reply=RaftClientReply:client-FBD57F74AF91->localhost_10002@group-FF371CEDE24F, cid=42, FAILED org.apache.ratis.protocol.NotLeaderException: Server localhost_10002@group-FF371CEDE24F is not the leader, logIndex=0, commits[localhost_10002:c-1]
2019-09-26 14:06:59,180 INFO  client.GrpcClientProtocolService (GrpcClientProtocolService.java:lambda$processClientRequest$0(278)) - Failed RaftClientRequest:client-FBD57F74AF91->localhost_10001@group-FF371CEDE24F, cid=42, seq=0, RW, Message:321f0a0f0a0d74657374...(size=33), reply=RaftClientReply:client-FBD57F74AF91->localhost_10001@group-FF371CEDE24F, cid=42, FAILED org.apache.ratis.protocol.NotLeaderException: Server localhost_10001@group-FF371CEDE24F is not the leader, logIndex=0, commits[localhost_10001:c-1]
2019-09-26 14:06:59,182 INFO  client.GrpcClientProtocolService (GrpcClientProtocolService.java:lambda$processClientRequest$0(278)) - Failed RaftClientRequest:client-FBD57F74AF91->localhost_10000@group-FF371CEDE24F, cid=42, seq=0, RW, Message:321f0a0f0a0d74657374...(size=33), reply=RaftClientReply:client-FBD57F74AF91->localhost_10000@group-FF371CEDE24F, cid=42, FAILED org.apache.ratis.protocol.NotLeaderException: Server localhost_10000@group-FF371CEDE24F is not the leader, logIndex=0, commits[localhost_10000:c-1]
2019-09-26 14:06:59,184 INFO  client.GrpcClientProtocolService (GrpcClientProtocolService.java:lambda$processClientRequest$0(278)) - Failed RaftClientRequest:client-FBD57F74AF91->localhost_10001@group-FF371CEDE24F, cid=42, seq=0, RW, Message:321f0a0f0a0d74657374...(size=33), reply=RaftClientReply:client-FBD57F74AF91->localhost_10001@group-FF371CEDE24F, cid=42, FAILED org.apache.ratis.protocol.NotLeaderException: Server localhost_10001@group-FF371CEDE24F is not the leader, logIndex=0, commits[localhost_10001:c-1]
2019-09-26 14:06:59,186 INFO  client.GrpcClientProtocolService (GrpcClientProtocolService.java:lambda$processClientRequest$0(278)) - Failed RaftClientRequest:client-FBD57F74AF91->localhost_10002@group-FF371CEDE24F, cid=42, seq=0, RW, Message:321f0a0f0a0d74657374...(size=33), reply=RaftClientReply:client-FBD57F74AF91->localhost_10002@group-FF371CEDE24F, cid=42, FAILED org.apache.ratis.protocol.NotLeaderException: Server localhost_10002@group-FF371CEDE24F is not the leader, logIndex=0, commits[localhost_10002:c-1]
2019-09-26 14:06:59,188 INFO  client.GrpcClientProtocolService (GrpcClientProtocolService.java:lambda$processClientRequest$0(278)) - Failed RaftClientRequest:client-FBD57F74AF91->localhost_10000@group-FF371CEDE24F, cid=42, seq=0, RW, Message:321f0a0f0a0d74657374...(size=33), reply=RaftClientReply:client-FBD57F74AF91->localhost_10000@group-FF371CEDE24F, cid=42, FAILED org.apache.ratis.protocol.NotLeaderException: Server localhost_10000@group-FF371CEDE24F is not the leader, logIndex=0, commits[localhost_10000:c-1]
2019-09-26 14:06:59,190 INFO  client.GrpcClientProtocolService (GrpcClientProtocolService.java:lambda$processClientRequest$0(278)) - Failed RaftClientRequest:client-FBD57F74AF91->localhost_10001@group-FF371CEDE24F, cid=42, seq=0, RW, Message:321f0a0f0a0d74657374...(size=33), reply=RaftClientReply:client-FBD57F74AF91->localhost_10001@group-FF371CEDE24F, cid=42, FAILED org.apache.ratis.protocol.NotLeaderException: Server localhost_10001@group-FF371CEDE24F is not the leader, logIndex=0, commits[localhost_10001:c-1]
2019-09-26 14:06:59,191 INFO  client.GrpcClientProtocolService (GrpcClientProtocolService.java:lambda$processClientRequest$0(278)) - Failed RaftClientRequest:client-FBD57F74AF91->localhost_10000@group-FF371CEDE24F, cid=42, seq=0, RW, Message:321f0a0f0a0d74657374...(size=33), reply=RaftClientReply:client-FBD57F74AF91->localhost_10000@group-FF371CEDE24F, cid=42, FAILED org.apache.ratis.protocol.NotLeaderException: Server localhost_10000@group-FF371CEDE24F is not the leader, logIndex=0, commits[localhost_10000:c-1]
2019-09-26 14:06:59,193 INFO  client.GrpcClientProtocolService (GrpcClientProtocolService.java:lambda$processClientRequest$0(278)) - Failed RaftClientRequest:client-FBD57F74AF91->localhost_10001@group-FF371CEDE24F, cid=42, seq=0, RW, Message:321f0a0f0a0d74657374...(size=33), reply=RaftClientReply:client-FBD57F74AF91->localhost_10001@group-FF371CEDE24F, cid=42, FAILED org.apache.ratis.protocol.NotLeaderException: Server localhost_10001@group-FF371CEDE24F is not the leader, logIndex=0, commits[localhost_10001:c-1]
2019-09-26 14:06:59,195 INFO  client.GrpcClientProtocolService (GrpcClientProtocolService.java:lambda$processClientRequest$0(278)) - Failed RaftClientRequest:client-FBD57F74AF91->localhost_10000@group-FF371CEDE24F, cid=42, seq=0, RW, Message:321f0a0f0a0d74657374...(size=33), reply=RaftClientReply:client-FBD57F74AF91->localhost_10000@group-FF371CEDE24F, cid=42, FAILED org.apache.ratis.protocol.NotLeaderException: Server localhost_10000@group-FF371CEDE24F is not the leader, logIndex=0, commits[localhost_10000:c-1]
2019-09-26 14:06:59,198 INFO  client.GrpcClientProtocolService (GrpcClientProtocolService.java:lambda$processClientRequest$0(278)) - Failed RaftClientRequest:client-FBD57F74AF91->localhost_10002@group-FF371CEDE24F, cid=42, seq=0, RW, Message:321f0a0f0a0d74657374...(size=33), reply=RaftClientReply:client-FBD57F74AF91->localhost_10002@group-FF371CEDE24F, cid=42, FAILED org.apache.ratis.protocol.NotLeaderException: Server localhost_10002@group-FF371CEDE24F is not the leader, logIndex=0, commits[localhost_10002:c-1]
2019-09-26 14:06:59,200 INFO  client.GrpcClientProtocolService (GrpcClientProtocolService.java:lambda$processClientRequest$0(278)) - Failed RaftClientRequest:client-FBD57F74AF91->localhost_10000@group-FF371CEDE24F, cid=42, seq=0, RW, Message:321f0a0f0a0d74657374...(size=33), reply=RaftClientReply:client-FBD57F74AF91->localhost_10000@group-FF371CEDE24F, cid=42, FAILED org.apache.ratis.protocol.NotLeaderException: Server localhost_10000@group-FF371CEDE24F is not the leader, logIndex=0, commits[localhost_10000:c-1]
2019-09-26 14:06:59,204 INFO  client.GrpcClientProtocolService (GrpcClientProtocolService.java:lambda$processClientRequest$0(278)) - Failed RaftClientRequest:client-FBD57F74AF91->localhost_10002@group-FF371CEDE24F, cid=42, seq=0, RW, Message:321f0a0f0a0d74657374...(size=33), reply=RaftClientReply:client-FBD57F74AF91->localhost_10002@group-FF371CEDE24F, cid=42, FAILED org.apache.ratis.protocol.NotLeaderException: Server localhost_10002@group-FF371CEDE24F is not the leader, logIndex=0, commits[localhost_10002:c-1]
2019-09-26 14:06:59,207 INFO  client.GrpcClientProtocolService (GrpcClientProtocolService.java:lambda$processClientRequest$0(278)) - Failed RaftClientRequest:client-FBD57F74AF91->localhost_10001@group-FF371CEDE24F, cid=42, seq=0, RW, Message:321f0a0f0a0d74657374...(size=33), reply=RaftClientReply:client-FBD57F74AF91->localhost_10001@group-FF371CEDE24F, cid=42, FAILED org.apache.ratis.protocol.NotLeaderException: Server localhost_10001@group-FF371CEDE24F is not the leader, logIndex=0, commits[localhost_10001:c-1]
2019-09-26 14:06:59,209 INFO  client.GrpcClientProtocolService (GrpcClientProtocolService.java:lambda$processClientRequest$0(278)) - Failed RaftClientRequest:client-FBD57F74AF91->localhost_10002@group-FF371CEDE24F, cid=42, seq=0, RW, Message:321f0a0f0a0d74657374...(size=33), reply=RaftClientReply:client-FBD57F74AF91->localhost_10002@group-FF371CEDE24F, cid=42, FAILED org.apache.ratis.protocol.NotLeaderException: Server localhost_10002@group-FF371CEDE24F is not the leader, logIndex=0, commits[localhost_10002:c-1]
2019-09-26 14:06:59,211 INFO  client.GrpcClientProtocolService (GrpcClientProtocolService.java:lambda$processClientRequest$0(278)) - Failed RaftClientRequest:client-FBD57F74AF91->localhost_10001@group-FF371CEDE24F, cid=42, seq=0, RW, Message:321f0a0f0a0d74657374...(size=33), reply=RaftClientReply:client-FBD57F74AF91->localhost_10001@group-FF371CEDE24F, cid=42, FAILED org.apache.ratis.protocol.NotLeaderException: Server localhost_10001@group-FF371CEDE24F is not the leader, logIndex=0, commits[localhost_10001:c-1]
2019-09-26 14:06:59,213 INFO  client.GrpcClientProtocolService (GrpcClientProtocolService.java:lambda$processClientRequest$0(278)) - Failed RaftClientRequest:client-FBD57F74AF91->localhost_10000@group-FF371CEDE24F, cid=42, seq=0, RW, Message:321f0a0f0a0d74657374...(size=33), reply=RaftClientReply:client-FBD57F74AF91->localhost_10000@group-FF371CEDE24F, cid=42, FAILED org.apache.ratis.protocol.NotLeaderException: Server localhost_10000@group-FF371CEDE24F is not the leader, logIndex=0, commits[localhost_10000:c-1]
2019-09-26 14:06:59,215 INFO  client.GrpcClientProtocolService (GrpcClientProtocolService.java:lambda$processClientRequest$0(278)) - Failed RaftClientRequest:client-FBD57F74AF91->localhost_10002@group-FF371CEDE24F, cid=42, seq=0, RW, Message:321f0a0f0a0d74657374...(size=33), reply=RaftClientReply:client-FBD57F74AF91->localhost_10002@group-FF371CEDE24F, cid=42, FAILED org.apache.ratis.protocol.NotLeaderException: Server localhost_10002@group-FF371CEDE24F is not the leader, logIndex=0, commits[localhost_10002:c-1]
2019-09-26 14:06:59,217 INFO  client.GrpcClientProtocolService (GrpcClientProtocolService.java:lambda$processClientRequest$0(278)) - Failed RaftClientRequest:client-FBD57F74AF91->localhost_10001@group-FF371CEDE24F, cid=42, seq=0, RW, Message:321f0a0f0a0d74657374...(size=33), reply=RaftClientReply:client-FBD57F74AF91->localhost_10001@group-FF371CEDE24F, cid=42, FAILED org.apache.ratis.protocol.NotLeaderException: Server localhost_10001@group-FF371CEDE24F is not the leader, logIndex=0, commits[localhost_10001:c-1]
2019-09-26 14:06:59,219 INFO  client.GrpcClientProtocolService (GrpcClientProtocolService.java:lambda$processClientRequest$0(278)) - Failed RaftClientRequest:client-FBD57F74AF91->localhost_10000@group-FF371CEDE24F, cid=42, seq=0, RW, Message:321f0a0f0a0d74657374...(size=33), reply=RaftClientReply:client-FBD57F74AF91->localhost_10000@group-FF371CEDE24F, cid=42, FAILED org.apache.ratis.protocol.NotLeaderException: Server localhost_10000@group-FF371CEDE24F is not the leader, logIndex=0, commits[localhost_10000:c-1]
2019-09-26 14:06:59,221 INFO  client.GrpcClientProtocolService (GrpcClientProtocolService.java:lambda$processClientRequest$0(278)) - Failed RaftClientRequest:client-FBD57F74AF91->localhost_10002@group-FF371CEDE24F, cid=42, seq=0, RW, Message:321f0a0f0a0d74657374...(size=33), reply=RaftClientReply:client-FBD57F74AF91->localhost_10002@group-FF371CEDE24F, cid=42, FAILED org.apache.ratis.protocol.NotLeaderException: Server localhost_10002@group-FF371CEDE24F is not the leader, logIndex=0, commits[localhost_10002:c-1]
2019-09-26 14:06:59,224 INFO  client.GrpcClientProtocolService (GrpcClientProtocolService.java:lambda$processClientRequest$0(278)) - Failed RaftClientRequest:client-FBD57F74AF91->localhost_10001@group-FF371CEDE24F, cid=42, seq=0, RW, Message:321f0a0f0a0d74657374...(size=33), reply=RaftClientReply:client-FBD57F74AF91->localhost_10001@group-FF371CEDE24F, cid=42, FAILED org.apache.ratis.protocol.NotLeaderException: Server localhost_10001@group-FF371CEDE24F is not the leader, logIndex=0, commits[localhost_10001:c-1]
2019-09-26 14:06:59,226 INFO  client.GrpcClientProtocolService (GrpcClientProtocolService.java:lambda$processClientRequest$0(278)) - Failed RaftClientRequest:client-FBD57F74AF91->localhost_10000@group-FF371CEDE24F, cid=42, seq=0, RW, Message:321f0a0f0a0d74657374...(size=33), reply=RaftClientReply:client-FBD57F74AF91->localhost_10000@group-FF371CEDE24F, cid=42, FAILED org.apache.ratis.protocol.NotLeaderException: Server localhost_10000@group-FF371CEDE24F is not the leader, logIndex=0, commits[localhost_10000:c-1]
2019-09-26 14:06:59,228 INFO  client.GrpcClientProtocolService (GrpcClientProtocolService.java:lambda$processClientRequest$0(278)) - Failed RaftClientRequest:client-FBD57F74AF91->localhost_10001@group-FF371CEDE24F, cid=42, seq=0, RW, Message:321f0a0f0a0d74657374...(size=33), reply=RaftClientReply:client-FBD57F74AF91->localhost_10001@group-FF371CEDE24F, cid=42, FAILED org.apache.ratis.protocol.NotLeaderException: Server localhost_10001@group-FF371CEDE24F is not the leader, logIndex=0, commits[localhost_10001:c-1]
2019-09-26 14:06:59,230 INFO  client.GrpcClientProtocolService (GrpcClientProtocolService.java:lambda$processClientRequest$0(278)) - Failed RaftClientRequest:client-FBD57F74AF91->localhost_10002@group-FF371CEDE24F, cid=42, seq=0, RW, Message:321f0a0f0a0d74657374...(size=33), reply=RaftClientReply:client-FBD57F74AF91->localhost_10002@group-FF371CEDE24F, cid=42, FAILED org.apache.ratis.protocol.NotLeaderException: Server localhost_10002@group-FF371CEDE24F is not the leader, logIndex=0, commits[localhost_10002:c-1]
2019-09-26 14:06:59,232 INFO  client.GrpcClientProtocolService (GrpcClientProtocolService.java:lambda$processClientRequest$0(278)) - Failed RaftClientRequest:client-FBD57F74AF91->localhost_10001@group-FF371CEDE24F, cid=42, seq=0, RW, Message:321f0a0f0a0d74657374...(size=33), reply=RaftClientReply:client-FBD57F74AF91->localhost_10001@group-FF371CEDE24F, cid=42, FAILED org.apache.ratis.protocol.NotLeaderException: Server localhost_10001@group-FF371CEDE24F is not the leader, logIndex=0, commits[localhost_10001:c-1]
2019-09-26 14:06:59,234 INFO  client.GrpcClientProtocolService (GrpcClientProtocolService.java:lambda$processClientRequest$0(278)) - Failed RaftClientRequest:client-FBD57F74AF91->localhost_10000@group-FF371CEDE24F, cid=42, seq=0, RW, Message:321f0a0f0a0d74657374...(size=33), reply=RaftClientReply:client-FBD57F74AF91->localhost_10000@group-FF371CEDE24F, cid=42, FAILED org.apache.ratis.protocol.NotLeaderException: Server localhost_10000@group-FF371CEDE24F is not the leader, logIndex=0, commits[localhost_10000:c-1]
2019-09-26 14:06:59,236 INFO  client.GrpcClientProtocolService (GrpcClientProtocolService.java:lambda$processClientRequest$0(278)) - Failed RaftClientRequest:client-FBD57F74AF91->localhost_10002@group-FF371CEDE24F, cid=42, seq=0, RW, Message:321f0a0f0a0d74657374...(size=33), reply=RaftClientReply:client-FBD57F74AF91->localhost_10002@group-FF371CEDE24F, cid=42, FAILED org.apache.ratis.protocol.NotLeaderException: Server localhost_10002@group-FF371CEDE24F is not the leader, logIndex=0, commits[localhost_10002:c-1]
2019-09-26 14:06:59,238 INFO  client.GrpcClientProtocolService (GrpcClientProtocolService.java:lambda$processClientRequest$0(278)) - Failed RaftClientRequest:client-FBD57F74AF91->localhost_10000@group-FF371CEDE24F, cid=42, seq=0, RW, Message:321f0a0f0a0d74657374...(size=33), reply=RaftClientReply:client-FBD57F74AF91->localhost_10000@group-FF371CEDE24F, cid=42, FAILED org.apache.ratis.protocol.NotLeaderException: Server localhost_10000@group-FF371CEDE24F is not the leader, logIndex=0, commits[localhost_10000:c-1]
2019-09-26 14:06:59,240 INFO  client.GrpcClientProtocolService (GrpcClientProtocolService.java:lambda$processClientRequest$0(278)) - Failed RaftClientRequest:client-FBD57F74AF91->localhost_10002@group-FF371CEDE24F, cid=42, seq=0, RW, Message:321f0a0f0a0d74657374...(size=33), reply=RaftClientReply:client-FBD57F74AF91->localhost_10002@group-FF371CEDE24F, cid=42, FAILED org.apache.ratis.protocol.NotLeaderException: Server localhost_10002@group-FF371CEDE24F is not the leader, logIndex=0, commits[localhost_10002:c-1]
2019-09-26 14:06:59,242 INFO  client.GrpcClientProtocolService (GrpcClientProtocolService.java:lambda$processClientRequest$0(278)) - Failed RaftClientRequest:client-FBD57F74AF91->localhost_10000@group-FF371CEDE24F, cid=42, seq=0, RW, Message:321f0a0f0a0d74657374...(size=33), reply=RaftClientReply:client-FBD57F74AF91->localhost_10000@group-FF371CEDE24F, cid=42, FAILED org.apache.ratis.protocol.NotLeaderException: Server localhost_10000@group-FF371CEDE24F is not the leader, logIndex=0, commits[localhost_10000:c-1]
2019-09-26 14:06:59,244 INFO  client.GrpcClientProtocolService (GrpcClientProtocolService.java:lambda$processClientRequest$0(278)) - Failed RaftClientRequest:client-FBD57F74AF91->localhost_10002@group-FF371CEDE24F, cid=42, seq=0, RW, Message:321f0a0f0a0d74657374...(size=33), reply=RaftClientReply:client-FBD57F74AF91->localhost_10002@group-FF371CEDE24F, cid=42, FAILED org.apache.ratis.protocol.NotLeaderException: Server localhost_10002@group-FF371CEDE24F is not the leader, logIndex=0, commits[localhost_10002:c-1]
2019-09-26 14:06:59,246 INFO  client.GrpcClientProtocolService (GrpcClientProtocolService.java:lambda$processClientRequest$0(278)) - Failed RaftClientRequest:client-FBD57F74AF91->localhost_10000@group-FF371CEDE24F, cid=42, seq=0, RW, Message:321f0a0f0a0d74657374...(size=33), reply=RaftClientReply:client-FBD57F74AF91->localhost_10000@group-FF371CEDE24F, cid=42, FAILED org.apache.ratis.protocol.NotLeaderException: Server localhost_10000@group-FF371CEDE24F is not the leader, logIndex=0, commits[localhost_10000:c-1]
2019-09-26 14:06:59,247 INFO  client.GrpcClientProtocolService (GrpcClientProtocolService.java:lambda$processClientRequest$0(278)) - Failed RaftClientRequest:client-FBD57F74AF91->localhost_10002@group-FF371CEDE24F, cid=42, seq=0, RW, Message:321f0a0f0a0d74657374...(size=33), reply=RaftClientReply:client-FBD57F74AF91->localhost_10002@group-FF371CEDE24F, cid=42, FAILED org.apache.ratis.protocol.NotLeaderException: Server localhost_10002@group-FF371CEDE24F is not the leader, logIndex=0, commits[localhost_10002:c-1]
2019-09-26 14:06:59,249 INFO  client.GrpcClientProtocolService (GrpcClientProtocolService.java:lambda$processClientRequest$0(278)) - Failed RaftClientRequest:client-FBD57F74AF91->localhost_10001@group-FF371CEDE24F, cid=42, seq=0, RW, Message:321f0a0f0a0d74657374...(size=33), reply=RaftClientReply:client-FBD57F74AF91->localhost_10001@group-FF371CEDE24F, cid=42, FAILED org.apache.ratis.protocol.NotLeaderException: Server localhost_10001@group-FF371CEDE24F is not the leader, logIndex=0, commits[localhost_10001:c-1]
2019-09-26 14:06:59,251 INFO  client.GrpcClientProtocolService (GrpcClientProtocolService.java:lambda$processClientRequest$0(278)) - Failed RaftClientRequest:client-FBD57F74AF91->localhost_10000@group-FF371CEDE24F, cid=42, seq=0, RW, Message:321f0a0f0a0d74657374...(size=33), reply=RaftClientReply:client-FBD57F74AF91->localhost_10000@group-FF371CEDE24F, cid=42, FAILED org.apache.ratis.protocol.NotLeaderException: Server localhost_10000@group-FF371CEDE24F is not the leader, logIndex=0, commits[localhost_10000:c-1]
2019-09-26 14:06:59,253 INFO  client.GrpcClientProtocolService (GrpcClientProtocolService.java:lambda$processClientRequest$0(278)) - Failed RaftClientRequest:client-FBD57F74AF91->localhost_10002@group-FF371CEDE24F, cid=42, seq=0, RW, Message:321f0a0f0a0d74657374...(size=33), reply=RaftClientReply:client-FBD57F74AF91->localhost_10002@group-FF371CEDE24F, cid=42, FAILED org.apache.ratis.protocol.NotLeaderException: Server localhost_10002@group-FF371CEDE24F is not the leader, logIndex=0, commits[localhost_10002:c-1]
2019-09-26 14:06:59,255 INFO  client.GrpcClientProtocolService (GrpcClientProtocolService.java:lambda$processClientRequest$0(278)) - Failed RaftClientRequest:client-FBD57F74AF91->localhost_10001@group-FF371CEDE24F, cid=42, seq=0, RW, Message:321f0a0f0a0d74657374...(size=33), reply=RaftClientReply:client-FBD57F74AF91->localhost_10001@group-FF371CEDE24F, cid=42, FAILED org.apache.ratis.protocol.NotLeaderException: Server localhost_10001@group-FF371CEDE24F is not the leader, logIndex=0, commits[localhost_10001:c-1]
2019-09-26 14:06:59,257 INFO  client.GrpcClientProtocolService (GrpcClientProtocolService.java:lambda$processClientRequest$0(278)) - Failed RaftClientRequest:client-FBD57F74AF91->localhost_10000@group-FF371CEDE24F, cid=42, seq=0, RW, Message:321f0a0f0a0d74657374...(size=33), reply=RaftClientReply:client-FBD57F74AF91->localhost_10000@group-FF371CEDE24F, cid=42, FAILED org.apache.ratis.protocol.NotLeaderException: Server localhost_10000@group-FF371CEDE24F is not the leader, logIndex=0, commits[localhost_10000:c-1]
2019-09-26 14:06:59,260 INFO  client.GrpcClientProtocolService (GrpcClientProtocolService.java:lambda$processClientRequest$0(278)) - Failed RaftClientRequest:client-FBD57F74AF91->localhost_10001@group-FF371CEDE24F, cid=42, seq=0, RW, Message:321f0a0f0a0d74657374...(size=33), reply=RaftClientReply:client-FBD57F74AF91->localhost_10001@group-FF371CEDE24F, cid=42, FAILED org.apache.ratis.protocol.NotLeaderException: Server localhost_10001@group-FF371CEDE24F is not the leader, logIndex=0, commits[localhost_10001:c-1]
2019-09-26 14:06:59,262 INFO  client.GrpcClientProtocolService (GrpcClientProtocolService.java:lambda$processClientRequest$0(278)) - Failed RaftClientRequest:client-FBD57F74AF91->localhost_10002@group-FF371CEDE24F, cid=42, seq=0, RW, Message:321f0a0f0a0d74657374...(size=33), reply=RaftClientReply:client-FBD57F74AF91->localhost_10002@group-FF371CEDE24F, cid=42, FAILED org.apache.ratis.protocol.NotLeaderException: Server localhost_10002@group-FF371CEDE24F is not the leader, logIndex=0, commits[localhost_10002:c-1]
2019-09-26 14:06:59,264 INFO  client.GrpcClientProtocolService (GrpcClientProtocolService.java:lambda$processClientRequest$0(278)) - Failed RaftClientRequest:client-FBD57F74AF91->localhost_10001@group-FF371CEDE24F, cid=42, seq=0, RW, Message:321f0a0f0a0d74657374...(size=33), reply=RaftClientReply:client-FBD57F74AF91->localhost_10001@group-FF371CEDE24F, cid=42, FAILED org.apache.ratis.protocol.NotLeaderException: Server localhost_10001@group-FF371CEDE24F is not the leader, logIndex=0, commits[localhost_10001:c-1]
2019-09-26 14:06:59,266 INFO  client.GrpcClientProtocolService (GrpcClientProtocolService.java:lambda$processClientRequest$0(278)) - Failed RaftClientRequest:client-FBD57F74AF91->localhost_10002@group-FF371CEDE24F, cid=42, seq=0, RW, Message:321f0a0f0a0d74657374...(size=33), reply=RaftClientReply:client-FBD57F74AF91->localhost_10002@group-FF371CEDE24F, cid=42, FAILED org.apache.ratis.protocol.NotLeaderException: Server localhost_10002@group-FF371CEDE24F is not the leader, logIndex=0, commits[localhost_10002:c-1]
2019-09-26 14:06:59,268 INFO  client.GrpcClientProtocolService (GrpcClientProtocolService.java:lambda$processClientRequest$0(278)) - Failed RaftClientRequest:client-FBD57F74AF91->localhost_10001@group-FF371CEDE24F, cid=42, seq=0, RW, Message:321f0a0f0a0d74657374...(size=33), reply=RaftClientReply:client-FBD57F74AF91->localhost_10001@group-FF371CEDE24F, cid=42, FAILED org.apache.ratis.protocol.NotLeaderException: Server localhost_10001@group-FF371CEDE24F is not the leader, logIndex=0, commits[localhost_10001:c-1]
2019-09-26 14:06:59,270 INFO  client.GrpcClientProtocolService (GrpcClientProtocolService.java:lambda$processClientRequest$0(278)) - Failed RaftClientRequest:client-FBD57F74AF91->localhost_10002@group-FF371CEDE24F, cid=42, seq=0, RW, Message:321f0a0f0a0d74657374...(size=33), reply=RaftClientReply:client-FBD57F74AF91->localhost_10002@group-FF371CEDE24F, cid=42, FAILED org.apache.ratis.protocol.NotLeaderException: Server localhost_10002@group-FF371CEDE24F is not the leader, logIndex=0, commits[localhost_10002:c-1]
2019-09-26 14:06:59,272 INFO  client.GrpcClientProtocolService (GrpcClientProtocolService.java:lambda$processClientRequest$0(278)) - Failed RaftClientRequest:client-FBD57F74AF91->localhost_10001@group-FF371CEDE24F, cid=42, seq=0, RW, Message:321f0a0f0a0d74657374...(size=33), reply=RaftClientReply:client-FBD57F74AF91->localhost_10001@group-FF371CEDE24F, cid=42, FAILED org.apache.ratis.protocol.NotLeaderException: Server localhost_10001@group-FF371CEDE24F is not the leader, logIndex=0, commits[localhost_10001:c-1]
2019-09-26 14:06:59,274 INFO  client.GrpcClientProtocolService (GrpcClientProtocolService.java:lambda$processClientRequest$0(278)) - Failed RaftClientRequest:client-FBD57F74AF91->localhost_10000@group-FF371CEDE24F, cid=42, seq=0, RW, Message:321f0a0f0a0d74657374...(size=33), reply=RaftClientReply:client-FBD57F74AF91->localhost_10000@group-FF371CEDE24F, cid=42, FAILED org.apache.ratis.protocol.NotLeaderException: Server localhost_10000@group-FF371CEDE24F is not the leader, logIndex=0, commits[localhost_10000:c-1]
2019-09-26 14:06:59,276 INFO  client.GrpcClientProtocolService (GrpcClientProtocolService.java:lambda$processClientRequest$0(278)) - Failed RaftClientRequest:client-FBD57F74AF91->localhost_10002@group-FF371CEDE24F, cid=42, seq=0, RW, Message:321f0a0f0a0d74657374...(size=33), reply=RaftClientReply:client-FBD57F74AF91->localhost_10002@group-FF371CEDE24F, cid=42, FAILED org.apache.ratis.protocol.NotLeaderException: Server localhost_10002@group-FF371CEDE24F is not the leader, logIndex=0, commits[localhost_10002:c-1]
2019-09-26 14:06:59,278 INFO  client.GrpcClientProtocolService (GrpcClientProtocolService.java:lambda$processClientRequest$0(278)) - Failed RaftClientRequest:client-FBD57F74AF91->localhost_10001@group-FF371CEDE24F, cid=42, seq=0, RW, Message:321f0a0f0a0d74657374...(size=33), reply=RaftClientReply:client-FBD57F74AF91->localhost_10001@group-FF371CEDE24F, cid=42, FAILED org.apache.ratis.protocol.NotLeaderException: Server localhost_10001@group-FF371CEDE24F is not the leader, logIndex=0, commits[localhost_10001:c-1]
2019-09-26 14:06:59,280 INFO  client.GrpcClientProtocolService (GrpcClientProtocolService.java:lambda$processClientRequest$0(278)) - Failed RaftClientRequest:client-FBD57F74AF91->localhost_10000@group-FF371CEDE24F, cid=42, seq=0, RW, Message:321f0a0f0a0d74657374...(size=33), reply=RaftClientReply:client-FBD57F74AF91->localhost_10000@group-FF371CEDE24F, cid=42, FAILED org.apache.ratis.protocol.NotLeaderException: Server localhost_10000@group-FF371CEDE24F is not the leader, logIndex=0, commits[localhost_10000:c-1]
2019-09-26 14:06:59,282 INFO  client.GrpcClientProtocolService (GrpcClientProtocolService.java:lambda$processClientRequest$0(278)) - Failed RaftClientRequest:client-FBD57F74AF91->localhost_10002@group-FF371CEDE24F, cid=42, seq=0, RW, Message:321f0a0f0a0d74657374...(size=33), reply=RaftClientReply:client-FBD57F74AF91->localhost_10002@group-FF371CEDE24F, cid=42, FAILED org.apache.ratis.protocol.NotLeaderException: Server localhost_10002@group-FF371CEDE24F is not the leader, logIndex=0, commits[localhost_10002:c-1]
2019-09-26 14:06:59,284 INFO  client.GrpcClientProtocolService (GrpcClientProtocolService.java:lambda$processClientRequest$0(278)) - Failed RaftClientRequest:client-FBD57F74AF91->localhost_10000@group-FF371CEDE24F, cid=42, seq=0, RW, Message:321f0a0f0a0d74657374...(size=33), reply=RaftClientReply:client-FBD57F74AF91->localhost_10000@group-FF371CEDE24F, cid=42, FAILED org.apache.ratis.protocol.NotLeaderException: Server localhost_10000@group-FF371CEDE24F is not the leader, logIndex=0, commits[localhost_10000:c-1]
2019-09-26 14:06:59,286 INFO  client.GrpcClientProtocolService (GrpcClientProtocolService.java:lambda$processClientRequest$0(278)) - Failed RaftClientRequest:client-FBD57F74AF91->localhost_10002@group-FF371CEDE24F, cid=42, seq=0, RW, Message:321f0a0f0a0d74657374...(size=33), reply=RaftClientReply:client-FBD57F74AF91->localhost_10002@group-FF371CEDE24F, cid=42, FAILED org.apache.ratis.protocol.NotLeaderException: Server localhost_10002@group-FF371CEDE24F is not the leader, logIndex=0, commits[localhost_10002:c-1]
2019-09-26 14:06:59,288 INFO  client.GrpcClientProtocolService (GrpcClientProtocolService.java:lambda$processClientRequest$0(278)) - Failed RaftClientRequest:client-FBD57F74AF91->localhost_10000@group-FF371CEDE24F, cid=42, seq=0, RW, Message:321f0a0f0a0d74657374...(size=33), reply=RaftClientReply:client-FBD57F74AF91->localhost_10000@group-FF371CEDE24F, cid=42, FAILED org.apache.ratis.protocol.NotLeaderException: Server localhost_10000@group-FF371CEDE24F is not the leader, logIndex=0, commits[localhost_10000:c-1]
2019-09-26 14:06:59,290 INFO  client.GrpcClientProtocolService (GrpcClientProtocolService.java:lambda$processClientRequest$0(278)) - Failed RaftClientRequest:client-FBD57F74AF91->localhost_10002@group-FF371CEDE24F, cid=42, seq=0, RW, Message:321f0a0f0a0d74657374...(size=33), reply=RaftClientReply:client-FBD57F74AF91->localhost_10002@group-FF371CEDE24F, cid=42, FAILED org.apache.ratis.protocol.NotLeaderException: Server localhost_10002@group-FF371CEDE24F is not the leader, logIndex=0, commits[localhost_10002:c-1]
2019-09-26 14:06:59,291 INFO  client.GrpcClientProtocolService (GrpcClientProtocolService.java:lambda$processClientRequest$0(278)) - Failed RaftClientRequest:client-FBD57F74AF91->localhost_10001@group-FF371CEDE24F, cid=42, seq=0, RW, Message:321f0a0f0a0d74657374...(size=33), reply=RaftClientReply:client-FBD57F74AF91->localhost_10001@group-FF371CEDE24F, cid=42, FAILED org.apache.ratis.protocol.NotLeaderException: Server localhost_10001@group-FF371CEDE24F is not the leader, logIndex=0, commits[localhost_10001:c-1]
2019-09-26 14:06:59,293 INFO  client.GrpcClientProtocolService (GrpcClientProtocolService.java:lambda$processClientRequest$0(278)) - Failed RaftClientRequest:client-FBD57F74AF91->localhost_10000@group-FF371CEDE24F, cid=42, seq=0, RW, Message:321f0a0f0a0d74657374...(size=33), reply=RaftClientReply:client-FBD57F74AF91->localhost_10000@group-FF371CEDE24F, cid=42, FAILED org.apache.ratis.protocol.NotLeaderException: Server localhost_10000@group-FF371CEDE24F is not the leader, logIndex=0, commits[localhost_10000:c-1]
2019-09-26 14:06:59,295 INFO  client.GrpcClientProtocolService (GrpcClientProtocolService.java:lambda$processClientRequest$0(278)) - Failed RaftClientRequest:client-FBD57F74AF91->localhost_10002@group-FF371CEDE24F, cid=42, seq=0, RW, Message:321f0a0f0a0d74657374...(size=33), reply=RaftClientReply:client-FBD57F74AF91->localhost_10002@group-FF371CEDE24F, cid=42, FAILED org.apache.ratis.protocol.NotLeaderException: Server localhost_10002@group-FF371CEDE24F is not the leader, logIndex=0, commits[localhost_10002:c-1]
2019-09-26 14:06:59,298 INFO  client.GrpcClientProtocolService (GrpcClientProtocolService.java:lambda$processClientRequest$0(278)) - Failed RaftClientRequest:client-FBD57F74AF91->localhost_10001@group-FF371CEDE24F, cid=42, seq=0, RW, Message:321f0a0f0a0d74657374...(size=33), reply=RaftClientReply:client-FBD57F74AF91->localhost_10001@group-FF371CEDE24F, cid=42, FAILED org.apache.ratis.protocol.NotLeaderException: Server localhost_10001@group-FF371CEDE24F is not the leader, logIndex=0, commits[localhost_10001:c-1]
2019-09-26 14:06:59,300 INFO  client.GrpcClientProtocolService (GrpcClientProtocolService.java:lambda$processClientRequest$0(278)) - Failed RaftClientRequest:client-FBD57F74AF91->localhost_10000@group-FF371CEDE24F, cid=42, seq=0, RW, Message:321f0a0f0a0d74657374...(size=33), reply=RaftClientReply:client-FBD57F74AF91->localhost_10000@group-FF371CEDE24F, cid=42, FAILED org.apache.ratis.protocol.NotLeaderException: Server localhost_10000@group-FF371CEDE24F is not the leader, logIndex=0, commits[localhost_10000:c-1]
2019-09-26 14:06:59,302 INFO  client.GrpcClientProtocolService (GrpcClientProtocolService.java:lambda$processClientRequest$0(278)) - Failed RaftClientRequest:client-FBD57F74AF91->localhost_10002@group-FF371CEDE24F, cid=42, seq=0, RW, Message:321f0a0f0a0d74657374...(size=33), reply=RaftClientReply:client-FBD57F74AF91->localhost_10002@group-FF371CEDE24F, cid=42, FAILED org.apache.ratis.protocol.NotLeaderException: Server localhost_10002@group-FF371CEDE24F is not the leader, logIndex=0, commits[localhost_10002:c-1]
2019-09-26 14:06:59,304 INFO  client.GrpcClientProtocolService (GrpcClientProtocolService.java:lambda$processClientRequest$0(278)) - Failed RaftClientRequest:client-FBD57F74AF91->localhost_10000@group-FF371CEDE24F, cid=42, seq=0, RW, Message:321f0a0f0a0d74657374...(size=33), reply=RaftClientReply:client-FBD57F74AF91->localhost_10000@group-FF371CEDE24F, cid=42, FAILED org.apache.ratis.protocol.NotLeaderException: Server localhost_10000@group-FF371CEDE24F is not the leader, logIndex=0, commits[localhost_10000:c-1]
2019-09-26 14:06:59,306 INFO  client.GrpcClientProtocolService (GrpcClientProtocolService.java:lambda$processClientRequest$0(278)) - Failed RaftClientRequest:client-FBD57F74AF91->localhost_10002@group-FF371CEDE24F, cid=42, seq=0, RW, Message:321f0a0f0a0d74657374...(size=33), reply=RaftClientReply:client-FBD57F74AF91->localhost_10002@group-FF371CEDE24F, cid=42, FAILED org.apache.ratis.protocol.NotLeaderException: Server localhost_10002@group-FF371CEDE24F is not the leader, logIndex=0, commits[localhost_10002:c-1]
2019-09-26 14:06:59,308 INFO  client.GrpcClientProtocolService (GrpcClientProtocolService.java:lambda$processClientRequest$0(278)) - Failed RaftClientRequest:client-FBD57F74AF91->localhost_10000@group-FF371CEDE24F, cid=42, seq=0, RW, Message:321f0a0f0a0d74657374...(size=33), reply=RaftClientReply:client-FBD57F74AF91->localhost_10000@group-FF371CEDE24F, cid=42, FAILED org.apache.ratis.protocol.NotLeaderException: Server localhost_10000@group-FF371CEDE24F is not the leader, logIndex=0, commits[localhost_10000:c-1]
2019-09-26 14:06:59,309 INFO  client.GrpcClientProtocolService (GrpcClientProtocolService.java:lambda$processClientRequest$0(278)) - Failed RaftClientRequest:client-FBD57F74AF91->localhost_10002@group-FF371CEDE24F, cid=42, seq=0, RW, Message:321f0a0f0a0d74657374...(size=33), reply=RaftClientReply:client-FBD57F74AF91->localhost_10002@group-FF371CEDE24F, cid=42, FAILED org.apache.ratis.protocol.NotLeaderException: Server localhost_10002@group-FF371CEDE24F is not the leader, logIndex=0, commits[localhost_10002:c-1]
2019-09-26 14:06:59,311 INFO  client.GrpcClientProtocolService (GrpcClientProtocolService.java:lambda$processClientRequest$0(278)) - Failed RaftClientRequest:client-FBD57F74AF91->localhost_10001@group-FF371CEDE24F, cid=42, seq=0, RW, Message:321f0a0f0a0d74657374...(size=33), reply=RaftClientReply:client-FBD57F74AF91->localhost_10001@group-FF371CEDE24F, cid=42, FAILED org.apache.ratis.protocol.NotLeaderException: Server localhost_10001@group-FF371CEDE24F is not the leader, logIndex=0, commits[localhost_10001:c-1]
2019-09-26 14:06:59,313 INFO  client.GrpcClientProtocolService (GrpcClientProtocolService.java:lambda$processClientRequest$0(278)) - Failed RaftClientRequest:client-FBD57F74AF91->localhost_10002@group-FF371CEDE24F, cid=42, seq=0, RW, Message:321f0a0f0a0d74657374...(size=33), reply=RaftClientReply:client-FBD57F74AF91->localhost_10002@group-FF371CEDE24F, cid=42, FAILED org.apache.ratis.protocol.NotLeaderException: Server localhost_10002@group-FF371CEDE24F is not the leader, logIndex=0, commits[localhost_10002:c-1]
2019-09-26 14:06:59,315 INFO  client.GrpcClientProtocolService (GrpcClientProtocolService.java:lambda$processClientRequest$0(278)) - Failed RaftClientRequest:client-FBD57F74AF91->localhost_10000@group-FF371CEDE24F, cid=42, seq=0, RW, Message:321f0a0f0a0d74657374...(size=33), reply=RaftClientReply:client-FBD57F74AF91->localhost_10000@group-FF371CEDE24F, cid=42, FAILED org.apache.ratis.protocol.NotLeaderException: Server localhost_10000@group-FF371CEDE24F is not the leader, logIndex=0, commits[localhost_10000:c-1]
2019-09-26 14:06:59,317 INFO  client.GrpcClientProtocolService (GrpcClientProtocolService.java:lambda$processClientRequest$0(278)) - Failed RaftClientRequest:client-FBD57F74AF91->localhost_10001@group-FF371CEDE24F, cid=42, seq=0, RW, Message:321f0a0f0a0d74657374...(size=33), reply=RaftClientReply:client-FBD57F74AF91->localhost_10001@group-FF371CEDE24F, cid=42, FAILED org.apache.ratis.protocol.NotLeaderException: Server localhost_10001@group-FF371CEDE24F is not the leader, logIndex=0, commits[localhost_10001:c-1]
2019-09-26 14:06:59,318 INFO  client.GrpcClientProtocolService (GrpcClientProtocolService.java:lambda$processClientRequest$0(278)) - Failed RaftClientRequest:client-FBD57F74AF91->localhost_10000@group-FF371CEDE24F, cid=42, seq=0, RW, Message:321f0a0f0a0d74657374...(size=33), reply=RaftClientReply:client-FBD57F74AF91->localhost_10000@group-FF371CEDE24F, cid=42, FAILED org.apache.ratis.protocol.NotLeaderException: Server localhost_10000@group-FF371CEDE24F is not the leader, logIndex=0, commits[localhost_10000:c-1]
2019-09-26 14:06:59,320 INFO  client.GrpcClientProtocolService (GrpcClientProtocolService.java:lambda$processClientRequest$0(278)) - Failed RaftClientRequest:client-FBD57F74AF91->localhost_10002@group-FF371CEDE24F, cid=42, seq=0, RW, Message:321f0a0f0a0d74657374...(size=33), reply=RaftClientReply:client-FBD57F74AF91->localhost_10002@group-FF371CEDE24F, cid=42, FAILED org.apache.ratis.protocol.NotLeaderException: Server localhost_10002@group-FF371CEDE24F is not the leader, logIndex=0, commits[localhost_10002:c-1]
2019-09-26 14:06:59,322 INFO  client.GrpcClientProtocolService (GrpcClientProtocolService.java:lambda$processClientRequest$0(278)) - Failed RaftClientRequest:client-FBD57F74AF91->localhost_10001@group-FF371CEDE24F, cid=42, seq=0, RW, Message:321f0a0f0a0d74657374...(size=33), reply=RaftClientReply:client-FBD57F74AF91->localhost_10001@group-FF371CEDE24F, cid=42, FAILED org.apache.ratis.protocol.NotLeaderException: Server localhost_10001@group-FF371CEDE24F is not the leader, logIndex=0, commits[localhost_10001:c-1]
2019-09-26 14:06:59,323 INFO  client.GrpcClientProtocolService (GrpcClientProtocolService.java:lambda$processClientRequest$0(278)) - Failed RaftClientRequest:client-FBD57F74AF91->localhost_10000@group-FF371CEDE24F, cid=42, seq=0, RW, Message:321f0a0f0a0d74657374...(size=33), reply=RaftClientReply:client-FBD57F74AF91->localhost_10000@group-FF371CEDE24F, cid=42, FAILED org.apache.ratis.protocol.NotLeaderException: Server localhost_10000@group-FF371CEDE24F is not the leader, logIndex=0, commits[localhost_10000:c-1]
2019-09-26 14:06:59,325 INFO  client.GrpcClientProtocolService (GrpcClientProtocolService.java:lambda$processClientRequest$0(278)) - Failed RaftClientRequest:client-FBD57F74AF91->localhost_10001@group-FF371CEDE24F, cid=42, seq=0, RW, Message:321f0a0f0a0d74657374...(size=33), reply=RaftClientReply:client-FBD57F74AF91->localhost_10001@group-FF371CEDE24F, cid=42, FAILED org.apache.ratis.protocol.NotLeaderException: Server localhost_10001@group-FF371CEDE24F is not the leader, logIndex=0, commits[localhost_10001:c-1]
2019-09-26 14:06:59,327 INFO  client.GrpcClientProtocolService (GrpcClientProtocolService.java:lambda$processClientRequest$0(278)) - Failed RaftClientRequest:client-FBD57F74AF91->localhost_10000@group-FF371CEDE24F, cid=42, seq=0, RW, Message:321f0a0f0a0d74657374...(size=33), reply=RaftClientReply:client-FBD57F74AF91->localhost_10000@group-FF371CEDE24F, cid=42, FAILED org.apache.ratis.protocol.NotLeaderException: Server localhost_10000@group-FF371CEDE24F is not the leader, logIndex=0, commits[localhost_10000:c-1]
2019-09-26 14:06:59,329 INFO  client.GrpcClientProtocolService (GrpcClientProtocolService.java:lambda$processClientRequest$0(278)) - Failed RaftClientRequest:client-FBD57F74AF91->localhost_10002@group-FF371CEDE24F, cid=42, seq=0, RW, Message:321f0a0f0a0d74657374...(size=33), reply=RaftClientReply:client-FBD57F74AF91->localhost_10002@group-FF371CEDE24F, cid=42, FAILED org.apache.ratis.protocol.NotLeaderException: Server localhost_10002@group-FF371CEDE24F is not the leader, logIndex=0, commits[localhost_10002:c-1]
2019-09-26 14:06:59,330 INFO  client.GrpcClientProtocolService (GrpcClientProtocolService.java:lambda$processClientRequest$0(278)) - Failed RaftClientRequest:client-FBD57F74AF91->localhost_10000@group-FF371CEDE24F, cid=42, seq=0, RW, Message:321f0a0f0a0d74657374...(size=33), reply=RaftClientReply:client-FBD57F74AF91->localhost_10000@group-FF371CEDE24F, cid=42, FAILED org.apache.ratis.protocol.NotLeaderException: Server localhost_10000@group-FF371CEDE24F is not the leader, logIndex=0, commits[localhost_10000:c-1]
2019-09-26 14:06:59,332 INFO  client.GrpcClientProtocolService (GrpcClientProtocolService.java:lambda$processClientRequest$0(278)) - Failed RaftClientRequest:client-FBD57F74AF91->localhost_10001@group-FF371CEDE24F, cid=42, seq=0, RW, Message:321f0a0f0a0d74657374...(size=33), reply=RaftClientReply:client-FBD57F74AF91->localhost_10001@group-FF371CEDE24F, cid=42, FAILED org.apache.ratis.protocol.NotLeaderException: Server localhost_10001@group-FF371CEDE24F is not the leader, logIndex=0, commits[localhost_10001:c-1]
2019-09-26 14:06:59,334 INFO  client.GrpcClientProtocolService (GrpcClientProtocolService.java:lambda$processClientRequest$0(278)) - Failed RaftClientRequest:client-FBD57F74AF91->localhost_10000@group-FF371CEDE24F, cid=42, seq=0, RW, Message:321f0a0f0a0d74657374...(size=33), reply=RaftClientReply:client-FBD57F74AF91->localhost_10000@group-FF371CEDE24F, cid=42, FAILED org.apache.ratis.protocol.NotLeaderException: Server localhost_10000@group-FF371CEDE24F is not the leader, logIndex=0, commits[localhost_10000:c-1]
2019-09-26 14:06:59,336 INFO  client.GrpcClientProtocolService (GrpcClientProtocolService.java:lambda$processClientRequest$0(278)) - Failed RaftClientRequest:client-FBD57F74AF91->localhost_10001@group-FF371CEDE24F, cid=42, seq=0, RW, Message:321f0a0f0a0d74657374...(size=33), reply=RaftClientReply:client-FBD57F74AF91->localhost_10001@group-FF371CEDE24F, cid=42, FAILED org.apache.ratis.protocol.NotLeaderException: Server localhost_10001@group-FF371CEDE24F is not the leader, logIndex=0, commits[localhost_10001:c-1]
2019-09-26 14:06:59,337 INFO  client.GrpcClientProtocolService (GrpcClientProtocolService.java:lambda$processClientRequest$0(278)) - Failed RaftClientRequest:client-FBD57F74AF91->localhost_10002@group-FF371CEDE24F, cid=42, seq=0, RW, Message:321f0a0f0a0d74657374...(size=33), reply=RaftClientReply:client-FBD57F74AF91->localhost_10002@group-FF371CEDE24F, cid=42, FAILED org.apache.ratis.protocol.NotLeaderException: Server localhost_10002@group-FF371CEDE24F is not the leader, logIndex=0, commits[localhost_10002:c-1]
2019-09-26 14:06:59,339 INFO  client.GrpcClientProtocolService (GrpcClientProtocolService.java:lambda$processClientRequest$0(278)) - Failed RaftClientRequest:client-FBD57F74AF91->localhost_10000@group-FF371CEDE24F, cid=42, seq=0, RW, Message:321f0a0f0a0d74657374...(size=33), reply=RaftClientReply:client-FBD57F74AF91->localhost_10000@group-FF371CEDE24F, cid=42, FAILED org.apache.ratis.protocol.NotLeaderException: Server localhost_10000@group-FF371CEDE24F is not the leader, logIndex=0, commits[localhost_10000:c-1]
2019-09-26 14:06:59,341 INFO  client.GrpcClientProtocolService (GrpcClientProtocolService.java:lambda$processClientRequest$0(278)) - Failed RaftClientRequest:client-FBD57F74AF91->localhost_10001@group-FF371CEDE24F, cid=42, seq=0, RW, Message:321f0a0f0a0d74657374...(size=33), reply=RaftClientReply:client-FBD57F74AF91->localhost_10001@group-FF371CEDE24F, cid=42, FAILED org.apache.ratis.protocol.NotLeaderException: Server localhost_10001@group-FF371CEDE24F is not the leader, logIndex=0, commits[localhost_10001:c-1]
2019-09-26 14:06:59,342 INFO  client.GrpcClientProtocolService (GrpcClientProtocolService.java:lambda$processClientRequest$0(278)) - Failed RaftClientRequest:client-FBD57F74AF91->localhost_10000@group-FF371CEDE24F, cid=42, seq=0, RW, Message:321f0a0f0a0d74657374...(size=33), reply=RaftClientReply:client-FBD57F74AF91->localhost_10000@group-FF371CEDE24F, cid=42, FAILED org.apache.ratis.protocol.NotLeaderException: Server localhost_10000@group-FF371CEDE24F is not the leader, logIndex=0, commits[localhost_10000:c-1]
2019-09-26 14:06:59,344 INFO  client.GrpcClientProtocolService (GrpcClientProtocolService.java:lambda$processClientRequest$0(278)) - Failed RaftClientRequest:client-FBD57F74AF91->localhost_10002@group-FF371CEDE24F, cid=42, seq=0, RW, Message:321f0a0f0a0d74657374...(size=33), reply=RaftClientReply:client-FBD57F74AF91->localhost_10002@group-FF371CEDE24F, cid=42, FAILED org.apache.ratis.protocol.NotLeaderException: Server localhost_10002@group-FF371CEDE24F is not the leader, logIndex=0, commits[localhost_10002:c-1]
2019-09-26 14:06:59,345 INFO  client.GrpcClientProtocolService (GrpcClientProtocolService.java:lambda$processClientRequest$0(278)) - Failed RaftClientRequest:client-FBD57F74AF91->localhost_10001@group-FF371CEDE24F, cid=42, seq=0, RW, Message:321f0a0f0a0d74657374...(size=33), reply=RaftClientReply:client-FBD57F74AF91->localhost_10001@group-FF371CEDE24F, cid=42, FAILED org.apache.ratis.protocol.NotLeaderException: Server localhost_10001@group-FF371CEDE24F is not the leader, logIndex=0, commits[localhost_10001:c-1]
2019-09-26 14:06:59,347 INFO  client.GrpcClientProtocolService (GrpcClientProtocolService.java:lambda$processClientRequest$0(278)) - Failed RaftClientRequest:client-FBD57F74AF91->localhost_10002@group-FF371CEDE24F, cid=42, seq=0, RW, Message:321f0a0f0a0d74657374...(size=33), reply=RaftClientReply:client-FBD57F74AF91->localhost_10002@group-FF371CEDE24F, cid=42, FAILED org.apache.ratis.protocol.NotLeaderException: Server localhost_10002@group-FF371CEDE24F is not the leader, logIndex=0, commits[localhost_10002:c-1]
2019-09-26 14:06:59,349 INFO  client.GrpcClientProtocolService (GrpcClientProtocolService.java:lambda$processClientRequest$0(278)) - Failed RaftClientRequest:client-FBD57F74AF91->localhost_10000@group-FF371CEDE24F, cid=42, seq=0, RW, Message:321f0a0f0a0d74657374...(size=33), reply=RaftClientReply:client-FBD57F74AF91->localhost_10000@group-FF371CEDE24F, cid=42, FAILED org.apache.ratis.protocol.NotLeaderException: Server localhost_10000@group-FF371CEDE24F is not the leader, logIndex=0, commits[localhost_10000:c-1]
2019-09-26 14:06:59,351 INFO  client.GrpcClientProtocolService (GrpcClientProtocolService.java:lambda$processClientRequest$0(278)) - Failed RaftClientRequest:client-FBD57F74AF91->localhost_10002@group-FF371CEDE24F, cid=42, seq=0, RW, Message:321f0a0f0a0d74657374...(size=33), reply=RaftClientReply:client-FBD57F74AF91->localhost_10002@group-FF371CEDE24F, cid=42, FAILED org.apache.ratis.protocol.NotLeaderException: Server localhost_10002@group-FF371CEDE24F is not the leader, logIndex=0, commits[localhost_10002:c-1]
2019-09-26 14:06:59,353 INFO  client.GrpcClientProtocolService (GrpcClientProtocolService.java:lambda$processClientRequest$0(278)) - Failed RaftClientRequest:client-FBD57F74AF91->localhost_10000@group-FF371CEDE24F, cid=42, seq=0, RW, Message:321f0a0f0a0d74657374...(size=33), reply=RaftClientReply:client-FBD57F74AF91->localhost_10000@group-FF371CEDE24F, cid=42, FAILED org.apache.ratis.protocol.NotLeaderException: Server localhost_10000@group-FF371CEDE24F is not the leader, logIndex=0, commits[localhost_10000:c-1]
2019-09-26 14:06:59,355 INFO  client.GrpcClientProtocolService (GrpcClientProtocolService.java:lambda$processClientRequest$0(278)) - Failed RaftClientRequest:client-FBD57F74AF91->localhost_10002@group-FF371CEDE24F, cid=42, seq=0, RW, Message:321f0a0f0a0d74657374...(size=33), reply=RaftClientReply:client-FBD57F74AF91->localhost_10002@group-FF371CEDE24F, cid=42, FAILED org.apache.ratis.protocol.NotLeaderException: Server localhost_10002@group-FF371CEDE24F is not the leader, logIndex=0, commits[localhost_10002:c-1]
2019-09-26 14:06:59,356 INFO  client.GrpcClientProtocolService (GrpcClientProtocolService.java:lambda$processClientRequest$0(278)) - Failed RaftClientRequest:client-FBD57F74AF91->localhost_10000@group-FF371CEDE24F, cid=42, seq=0, RW, Message:321f0a0f0a0d74657374...(size=33), reply=RaftClientReply:client-FBD57F74AF91->localhost_10000@group-FF371CEDE24F, cid=42, FAILED org.apache.ratis.protocol.NotLeaderException: Server localhost_10000@group-FF371CEDE24F is not the leader, logIndex=0, commits[localhost_10000:c-1]
2019-09-26 14:06:59,359 INFO  client.GrpcClientProtocolService (GrpcClientProtocolService.java:lambda$processClientRequest$0(278)) - Failed RaftClientRequest:client-FBD57F74AF91->localhost_10001@group-FF371CEDE24F, cid=42, seq=0, RW, Message:321f0a0f0a0d74657374...(size=33), reply=RaftClientReply:client-FBD57F74AF91->localhost_10001@group-FF371CEDE24F, cid=42, FAILED org.apache.ratis.protocol.NotLeaderException: Server localhost_10001@group-FF371CEDE24F is not the leader, logIndex=0, commits[localhost_10001:c-1]
2019-09-26 14:06:59,361 INFO  client.GrpcClientProtocolService (GrpcClientProtocolService.java:lambda$processClientRequest$0(278)) - Failed RaftClientRequest:client-FBD57F74AF91->localhost_10002@group-FF371CEDE24F, cid=42, seq=0, RW, Message:321f0a0f0a0d74657374...(size=33), reply=RaftClientReply:client-FBD57F74AF91->localhost_10002@group-FF371CEDE24F, cid=42, FAILED org.apache.ratis.protocol.NotLeaderException: Server localhost_10002@group-FF371CEDE24F is not the leader, logIndex=0, commits[localhost_10002:c-1]
2019-09-26 14:06:59,363 INFO  client.GrpcClientProtocolService (GrpcClientProtocolService.java:lambda$processClientRequest$0(278)) - Failed RaftClientRequest:client-FBD57F74AF91->localhost_10001@group-FF371CEDE24F, cid=42, seq=0, RW, Message:321f0a0f0a0d74657374...(size=33), reply=RaftClientReply:client-FBD57F74AF91->localhost_10001@group-FF371CEDE24F, cid=42, FAILED org.apache.ratis.protocol.NotLeaderException: Server localhost_10001@group-FF371CEDE24F is not the leader, logIndex=0, commits[localhost_10001:c-1]
2019-09-26 14:06:59,365 INFO  client.GrpcClientProtocolService (GrpcClientProtocolService.java:lambda$processClientRequest$0(278)) - Failed RaftClientRequest:client-FBD57F74AF91->localhost_10000@group-FF371CEDE24F, cid=42, seq=0, RW, Message:321f0a0f0a0d74657374...(size=33), reply=RaftClientReply:client-FBD57F74AF91->localhost_10000@group-FF371CEDE24F, cid=42, FAILED org.apache.ratis.protocol.NotLeaderException: Server localhost_10000@group-FF371CEDE24F is not the leader, logIndex=0, commits[localhost_10000:c-1]
2019-09-26 14:06:59,367 INFO  client.GrpcClientProtocolService (GrpcClientProtocolService.java:lambda$processClientRequest$0(278)) - Failed RaftClientRequest:client-FBD57F74AF91->localhost_10002@group-FF371CEDE24F, cid=42, seq=0, RW, Message:321f0a0f0a0d74657374...(size=33), reply=RaftClientReply:client-FBD57F74AF91->localhost_10002@group-FF371CEDE24F, cid=42, FAILED org.apache.ratis.protocol.NotLeaderException: Server localhost_10002@group-FF371CEDE24F is not the leader, logIndex=0, commits[localhost_10002:c-1]
2019-09-26 14:06:59,368 INFO  client.GrpcClientProtocolService (GrpcClientProtocolService.java:lambda$processClientRequest$0(278)) - Failed RaftClientRequest:client-FBD57F74AF91->localhost_10000@group-FF371CEDE24F, cid=42, seq=0, RW, Message:321f0a0f0a0d74657374...(size=33), reply=RaftClientReply:client-FBD57F74AF91->localhost_10000@group-FF371CEDE24F, cid=42, FAILED org.apache.ratis.protocol.NotLeaderException: Server localhost_10000@group-FF371CEDE24F is not the leader, logIndex=0, commits[localhost_10000:c-1]
2019-09-26 14:06:59,370 INFO  client.GrpcClientProtocolService (GrpcClientProtocolService.java:lambda$processClientRequest$0(278)) - Failed RaftClientRequest:client-FBD57F74AF91->localhost_10001@group-FF371CEDE24F, cid=42, seq=0, RW, Message:321f0a0f0a0d74657374...(size=33), reply=RaftClientReply:client-FBD57F74AF91->localhost_10001@group-FF371CEDE24F, cid=42, FAILED org.apache.ratis.protocol.NotLeaderException: Server localhost_10001@group-FF371CEDE24F is not the leader, logIndex=0, commits[localhost_10001:c-1]
2019-09-26 14:06:59,372 INFO  client.GrpcClientProtocolService (GrpcClientProtocolService.java:lambda$processClientRequest$0(278)) - Failed RaftClientRequest:client-FBD57F74AF91->localhost_10000@group-FF371CEDE24F, cid=42, seq=0, RW, Message:321f0a0f0a0d74657374...(size=33), reply=RaftClientReply:client-FBD57F74AF91->localhost_10000@group-FF371CEDE24F, cid=42, FAILED org.apache.ratis.protocol.NotLeaderException: Server localhost_10000@group-FF371CEDE24F is not the leader, logIndex=0, commits[localhost_10000:c-1]
2019-09-26 14:06:59,373 INFO  client.GrpcClientProtocolService (GrpcClientProtocolService.java:lambda$processClientRequest$0(278)) - Failed RaftClientRequest:client-FBD57F74AF91->localhost_10002@group-FF371CEDE24F, cid=42, seq=0, RW, Message:321f0a0f0a0d74657374...(size=33), reply=RaftClientReply:client-FBD57F74AF91->localhost_10002@group-FF371CEDE24F, cid=42, FAILED org.apache.ratis.protocol.NotLeaderException: Server localhost_10002@group-FF371CEDE24F is not the leader, logIndex=0, commits[localhost_10002:c-1]
2019-09-26 14:06:59,375 INFO  client.GrpcClientProtocolService (GrpcClientProtocolService.java:lambda$processClientRequest$0(278)) - Failed RaftClientRequest:client-FBD57F74AF91->localhost_10001@group-FF371CEDE24F, cid=42, seq=0, RW, Message:321f0a0f0a0d74657374...(size=33), reply=RaftClientReply:client-FBD57F74AF91->localhost_10001@group-FF371CEDE24F, cid=42, FAILED org.apache.ratis.protocol.NotLeaderException: Server localhost_10001@group-FF371CEDE24F is not the leader, logIndex=0, commits[localhost_10001:c-1]
2019-09-26 14:06:59,377 INFO  client.GrpcClientProtocolService (GrpcClientProtocolService.java:lambda$processClientRequest$0(278)) - Failed RaftClientRequest:client-FBD57F74AF91->localhost_10002@group-FF371CEDE24F, cid=42, seq=0, RW, Message:321f0a0f0a0d74657374...(size=33), reply=RaftClientReply:client-FBD57F74AF91->localhost_10002@group-FF371CEDE24F, cid=42, FAILED org.apache.ratis.protocol.NotLeaderException: Server localhost_10002@group-FF371CEDE24F is not the leader, logIndex=0, commits[localhost_10002:c-1]
2019-09-26 14:06:59,378 INFO  client.GrpcClientProtocolService (GrpcClientProtocolService.java:lambda$processClientRequest$0(278)) - Failed RaftClientRequest:client-FBD57F74AF91->localhost_10001@group-FF371CEDE24F, cid=42, seq=0, RW, Message:321f0a0f0a0d74657374...(size=33), reply=RaftClientReply:client-FBD57F74AF91->localhost_10001@group-FF371CEDE24F, cid=42, FAILED org.apache.ratis.protocol.NotLeaderException: Server localhost_10001@group-FF371CEDE24F is not the leader, logIndex=0, commits[localhost_10001:c-1]
2019-09-26 14:06:59,380 INFO  client.GrpcClientProtocolService (GrpcClientProtocolService.java:lambda$processClientRequest$0(278)) - Failed RaftClientRequest:client-FBD57F74AF91->localhost_10002@group-FF371CEDE24F, cid=42, seq=0, RW, Message:321f0a0f0a0d74657374...(size=33), reply=RaftClientReply:client-FBD57F74AF91->localhost_10002@group-FF371CEDE24F, cid=42, FAILED org.apache.ratis.protocol.NotLeaderException: Server localhost_10002@group-FF371CEDE24F is not the leader, logIndex=0, commits[localhost_10002:c-1]
2019-09-26 14:06:59,382 INFO  client.GrpcClientProtocolService (GrpcClientProtocolService.java:lambda$processClientRequest$0(278)) - Failed RaftClientRequest:client-FBD57F74AF91->localhost_10001@group-FF371CEDE24F, cid=42, seq=0, RW, Message:321f0a0f0a0d74657374...(size=33), reply=RaftClientReply:client-FBD57F74AF91->localhost_10001@group-FF371CEDE24F, cid=42, FAILED org.apache.ratis.protocol.NotLeaderException: Server localhost_10001@group-FF371CEDE24F is not the leader, logIndex=0, commits[localhost_10001:c-1]
2019-09-26 14:06:59,383 INFO  client.GrpcClientProtocolService (GrpcClientProtocolService.java:lambda$processClientRequest$0(278)) - Failed RaftClientRequest:client-FBD57F74AF91->localhost_10000@group-FF371CEDE24F, cid=42, seq=0, RW, Message:321f0a0f0a0d74657374...(size=33), reply=RaftClientReply:client-FBD57F74AF91->localhost_10000@group-FF371CEDE24F, cid=42, FAILED org.apache.ratis.protocol.NotLeaderException: Server localhost_10000@group-FF371CEDE24F is not the leader, logIndex=0, commits[localhost_10000:c-1]
2019-09-26 14:06:59,385 INFO  client.GrpcClientProtocolService (GrpcClientProtocolService.java:lambda$processClientRequest$0(278)) - Failed RaftClientRequest:client-FBD57F74AF91->localhost_10001@group-FF371CEDE24F, cid=42, seq=0, RW, Message:321f0a0f0a0d74657374...(size=33), reply=RaftClientReply:client-FBD57F74AF91->localhost_10001@group-FF371CEDE24F, cid=42, FAILED org.apache.ratis.protocol.NotLeaderException: Server localhost_10001@group-FF371CEDE24F is not the leader, logIndex=0, commits[localhost_10001:c-1]
2019-09-26 14:06:59,387 INFO  client.GrpcClientProtocolService (GrpcClientProtocolService.java:lambda$processClientRequest$0(278)) - Failed RaftClientRequest:client-FBD57F74AF91->localhost_10002@group-FF371CEDE24F, cid=42, seq=0, RW, Message:321f0a0f0a0d74657374...(size=33), reply=RaftClientReply:client-FBD57F74AF91->localhost_10002@group-FF371CEDE24F, cid=42, FAILED org.apache.ratis.protocol.NotLeaderException: Server localhost_10002@group-FF371CEDE24F is not the leader, logIndex=0, commits[localhost_10002:c-1]
2019-09-26 14:06:59,388 INFO  client.GrpcClientProtocolService (GrpcClientProtocolService.java:lambda$processClientRequest$0(278)) - Failed RaftClientRequest:client-FBD57F74AF91->localhost_10001@group-FF371CEDE24F, cid=42, seq=0, RW, Message:321f0a0f0a0d74657374...(size=33), reply=RaftClientReply:client-FBD57F74AF91->localhost_10001@group-FF371CEDE24F, cid=42, FAILED org.apache.ratis.protocol.NotLeaderException: Server localhost_10001@group-FF371CEDE24F is not the leader, logIndex=0, commits[localhost_10001:c-1]
2019-09-26 14:06:59,390 INFO  client.GrpcClientProtocolService (GrpcClientProtocolService.java:lambda$processClientRequest$0(278)) - Failed RaftClientRequest:client-FBD57F74AF91->localhost_10002@group-FF371CEDE24F, cid=42, seq=0, RW, Message:321f0a0f0a0d74657374...(size=33), reply=RaftClientReply:client-FBD57F74AF91->localhost_10002@group-FF371CEDE24F, cid=42, FAILED org.apache.ratis.protocol.NotLeaderException: Server localhost_10002@group-FF371CEDE24F is not the leader, logIndex=0, commits[localhost_10002:c-1]
2019-09-26 14:06:59,392 INFO  client.GrpcClientProtocolService (GrpcClientProtocolService.java:lambda$processClientRequest$0(278)) - Failed RaftClientRequest:client-FBD57F74AF91->localhost_10001@group-FF371CEDE24F, cid=42, seq=0, RW, Message:321f0a0f0a0d74657374...(size=33), reply=RaftClientReply:client-FBD57F74AF91->localhost_10001@group-FF371CEDE24F, cid=42, FAILED org.apache.ratis.protocol.NotLeaderException: Server localhost_10001@group-FF371CEDE24F is not the leader, logIndex=0, commits[localhost_10001:c-1]
2019-09-26 14:06:59,393 INFO  client.GrpcClientProtocolService (GrpcClientProtocolService.java:lambda$processClientRequest$0(278)) - Failed RaftClientRequest:client-FBD57F74AF91->localhost_10002@group-FF371CEDE24F, cid=42, seq=0, RW, Message:321f0a0f0a0d74657374...(size=33), reply=RaftClientReply:client-FBD57F74AF91->localhost_10002@group-FF371CEDE24F, cid=42, FAILED org.apache.ratis.protocol.NotLeaderException: Server localhost_10002@group-FF371CEDE24F is not the leader, logIndex=0, commits[localhost_10002:c-1]
2019-09-26 14:06:59,395 INFO  client.GrpcClientProtocolService (GrpcClientProtocolService.java:lambda$processClientRequest$0(278)) - Failed RaftClientRequest:client-FBD57F74AF91->localhost_10000@group-FF371CEDE24F, cid=42, seq=0, RW, Message:321f0a0f0a0d74657374...(size=33), reply=RaftClientReply:client-FBD57F74AF91->localhost_10000@group-FF371CEDE24F, cid=42, FAILED org.apache.ratis.protocol.NotLeaderException: Server localhost_10000@group-FF371CEDE24F is not the leader, logIndex=0, commits[localhost_10000:c-1]
2019-09-26 14:06:59,396 INFO  client.GrpcClientProtocolService (GrpcClientProtocolService.java:lambda$processClientRequest$0(278)) - Failed RaftClientRequest:client-FBD57F74AF91->localhost_10002@group-FF371CEDE24F, cid=42, seq=0, RW, Message:321f0a0f0a0d74657374...(size=33), reply=RaftClientReply:client-FBD57F74AF91->localhost_10002@group-FF371CEDE24F, cid=42, FAILED org.apache.ratis.protocol.NotLeaderException: Server localhost_10002@group-FF371CEDE24F is not the leader, logIndex=0, commits[localhost_10002:c-1]
2019-09-26 14:06:59,398 INFO  client.GrpcClientProtocolService (GrpcClientProtocolService.java:lambda$processClientRequest$0(278)) - Failed RaftClientRequest:client-FBD57F74AF91->localhost_10001@group-FF371CEDE24F, cid=42, seq=0, RW, Message:321f0a0f0a0d74657374...(size=33), reply=RaftClientReply:client-FBD57F74AF91->localhost_10001@group-FF371CEDE24F, cid=42, FAILED org.apache.ratis.protocol.NotLeaderException: Server localhost_10001@group-FF371CEDE24F is not the leader, logIndex=0, commits[localhost_10001:c-1]
2019-09-26 14:06:59,399 INFO  client.GrpcClientProtocolService (GrpcClientProtocolService.java:lambda$processClientRequest$0(278)) - Failed RaftClientRequest:client-FBD57F74AF91->localhost_10000@group-FF371CEDE24F, cid=42, seq=0, RW, Message:321f0a0f0a0d74657374...(size=33), reply=RaftClientReply:client-FBD57F74AF91->localhost_10000@group-FF371CEDE24F, cid=42, FAILED org.apache.ratis.protocol.NotLeaderException: Server localhost_10000@group-FF371CEDE24F is not the leader, logIndex=0, commits[localhost_10000:c-1]
2019-09-26 14:06:59,401 INFO  client.GrpcClientProtocolService (GrpcClientProtocolService.java:lambda$processClientRequest$0(278)) - Failed RaftClientRequest:client-FBD57F74AF91->localhost_10001@group-FF371CEDE24F, cid=42, seq=0, RW, Message:321f0a0f0a0d74657374...(size=33), reply=RaftClientReply:client-FBD57F74AF91->localhost_10001@group-FF371CEDE24F, cid=42, FAILED org.apache.ratis.protocol.NotLeaderException: Server localhost_10001@group-FF371CEDE24F is not the leader, logIndex=0, commits[localhost_10001:c-1]
2019-09-26 14:06:59,403 INFO  client.GrpcClientProtocolService (GrpcClientProtocolService.java:lambda$processClientRequest$0(278)) - Failed RaftClientRequest:client-FBD57F74AF91->localhost_10000@group-FF371CEDE24F, cid=42, seq=0, RW, Message:321f0a0f0a0d74657374...(size=33), reply=RaftClientReply:client-FBD57F74AF91->localhost_10000@group-FF371CEDE24F, cid=42, FAILED org.apache.ratis.protocol.NotLeaderException: Server localhost_10000@group-FF371CEDE24F is not the leader, logIndex=0, commits[localhost_10000:c-1]
2019-09-26 14:06:59,404 INFO  client.GrpcClientProtocolService (GrpcClientProtocolService.java:lambda$processClientRequest$0(278)) - Failed RaftClientRequest:client-FBD57F74AF91->localhost_10002@group-FF371CEDE24F, cid=42, seq=0, RW, Message:321f0a0f0a0d74657374...(size=33), reply=RaftClientReply:client-FBD57F74AF91->localhost_10002@group-FF371CEDE24F, cid=42, FAILED org.apache.ratis.protocol.NotLeaderException: Server localhost_10002@group-FF371CEDE24F is not the leader, logIndex=0, commits[localhost_10002:c-1]
2019-09-26 14:06:59,406 INFO  client.GrpcClientProtocolService (GrpcClientProtocolService.java:lambda$processClientRequest$0(278)) - Failed RaftClientRequest:client-FBD57F74AF91->localhost_10001@group-FF371CEDE24F, cid=42, seq=0, RW, Message:321f0a0f0a0d74657374...(size=33), reply=RaftClientReply:client-FBD57F74AF91->localhost_10001@group-FF371CEDE24F, cid=42, FAILED org.apache.ratis.protocol.NotLeaderException: Server localhost_10001@group-FF371CEDE24F is not the leader, logIndex=0, commits[localhost_10001:c-1]
2019-09-26 14:06:59,407 INFO  client.GrpcClientProtocolService (GrpcClientProtocolService.java:lambda$processClientRequest$0(278)) - Failed RaftClientRequest:client-FBD57F74AF91->localhost_10000@group-FF371CEDE24F, cid=42, seq=0, RW, Message:321f0a0f0a0d74657374...(size=33), reply=RaftClientReply:client-FBD57F74AF91->localhost_10000@group-FF371CEDE24F, cid=42, FAILED org.apache.ratis.protocol.NotLeaderException: Server localhost_10000@group-FF371CEDE24F is not the leader, logIndex=0, commits[localhost_10000:c-1]
2019-09-26 14:06:59,409 INFO  client.GrpcClientProtocolService (GrpcClientProtocolService.java:lambda$processClientRequest$0(278)) - Failed RaftClientRequest:client-FBD57F74AF91->localhost_10002@group-FF371CEDE24F, cid=42, seq=0, RW, Message:321f0a0f0a0d74657374...(size=33), reply=RaftClientReply:client-FBD57F74AF91->localhost_10002@group-FF371CEDE24F, cid=42, FAILED org.apache.ratis.protocol.NotLeaderException: Server localhost_10002@group-FF371CEDE24F is not the leader, logIndex=0, commits[localhost_10002:c-1]
2019-09-26 14:06:59,410 INFO  client.GrpcClientProtocolService (GrpcClientProtocolService.java:lambda$processClientRequest$0(278)) - Failed RaftClientRequest:client-FBD57F74AF91->localhost_10001@group-FF371CEDE24F, cid=42, seq=0, RW, Message:321f0a0f0a0d74657374...(size=33), reply=RaftClientReply:client-FBD57F74AF91->localhost_10001@group-FF371CEDE24F, cid=42, FAILED org.apache.ratis.protocol.NotLeaderException: Server localhost_10001@group-FF371CEDE24F is not the leader, logIndex=0, commits[localhost_10001:c-1]
2019-09-26 14:06:59,412 INFO  client.GrpcClientProtocolService (GrpcClientProtocolService.java:lambda$processClientRequest$0(278)) - Failed RaftClientRequest:client-FBD57F74AF91->localhost_10000@group-FF371CEDE24F, cid=42, seq=0, RW, Message:321f0a0f0a0d74657374...(size=33), reply=RaftClientReply:client-FBD57F74AF91->localhost_10000@group-FF371CEDE24F, cid=42, FAILED org.apache.ratis.protocol.NotLeaderException: Server localhost_10000@group-FF371CEDE24F is not the leader, logIndex=0, commits[localhost_10000:c-1]
2019-09-26 14:06:59,414 INFO  client.GrpcClientProtocolService (GrpcClientProtocolService.java:lambda$processClientRequest$0(278)) - Failed RaftClientRequest:client-FBD57F74AF91->localhost_10001@group-FF371CEDE24F, cid=42, seq=0, RW, Message:321f0a0f0a0d74657374...(size=33), reply=RaftClientReply:client-FBD57F74AF91->localhost_10001@group-FF371CEDE24F, cid=42, FAILED org.apache.ratis.protocol.NotLeaderException: Server localhost_10001@group-FF371CEDE24F is not the leader, logIndex=0, commits[localhost_10001:c-1]
2019-09-26 14:06:59,415 INFO  client.GrpcClientProtocolService (GrpcClientProtocolService.java:lambda$processClientRequest$0(278)) - Failed RaftClientRequest:client-FBD57F74AF91->localhost_10002@group-FF371CEDE24F, cid=42, seq=0, RW, Message:321f0a0f0a0d74657374...(size=33), reply=RaftClientReply:client-FBD57F74AF91->localhost_10002@group-FF371CEDE24F, cid=42, FAILED org.apache.ratis.protocol.NotLeaderException: Server localhost_10002@group-FF371CEDE24F is not the leader, logIndex=0, commits[localhost_10002:c-1]
2019-09-26 14:06:59,417 INFO  client.GrpcClientProtocolService (GrpcClientProtocolService.java:lambda$processClientRequest$0(278)) - Failed RaftClientRequest:client-FBD57F74AF91->localhost_10000@group-FF371CEDE24F, cid=42, seq=0, RW, Message:321f0a0f0a0d74657374...(size=33), reply=RaftClientReply:client-FBD57F74AF91->localhost_10000@group-FF371CEDE24F, cid=42, FAILED org.apache.ratis.protocol.NotLeaderException: Server localhost_10000@group-FF371CEDE24F is not the leader, logIndex=0, commits[localhost_10000:c-1]
2019-09-26 14:06:59,418 INFO  client.GrpcClientProtocolService (GrpcClientProtocolService.java:lambda$processClientRequest$0(278)) - Failed RaftClientRequest:client-FBD57F74AF91->localhost_10001@group-FF371CEDE24F, cid=42, seq=0, RW, Message:321f0a0f0a0d74657374...(size=33), reply=RaftClientReply:client-FBD57F74AF91->localhost_10001@group-FF371CEDE24F, cid=42, FAILED org.apache.ratis.protocol.NotLeaderException: Server localhost_10001@group-FF371CEDE24F is not the leader, logIndex=0, commits[localhost_10001:c-1]
2019-09-26 14:06:59,420 INFO  client.GrpcClientProtocolService (GrpcClientProtocolService.java:lambda$processClientRequest$0(278)) - Failed RaftClientRequest:client-FBD57F74AF91->localhost_10002@group-FF371CEDE24F, cid=42, seq=0, RW, Message:321f0a0f0a0d74657374...(size=33), reply=RaftClientReply:client-FBD57F74AF91->localhost_10002@group-FF371CEDE24F, cid=42, FAILED org.apache.ratis.protocol.NotLeaderException: Server localhost_10002@group-FF371CEDE24F is not the leader, logIndex=0, commits[localhost_10002:c-1]
2019-09-26 14:06:59,422 INFO  client.GrpcClientProtocolService (GrpcClientProtocolService.java:lambda$processClientRequest$0(278)) - Failed RaftClientRequest:client-FBD57F74AF91->localhost_10000@group-FF371CEDE24F, cid=42, seq=0, RW, Message:321f0a0f0a0d74657374...(size=33), reply=RaftClientReply:client-FBD57F74AF91->localhost_10000@group-FF371CEDE24F, cid=42, FAILED org.apache.ratis.protocol.NotLeaderException: Server localhost_10000@group-FF371CEDE24F is not the leader, logIndex=0, commits[localhost_10000:c-1]
2019-09-26 14:06:59,424 INFO  client.GrpcClientProtocolService (GrpcClientProtocolService.java:lambda$processClientRequest$0(278)) - Failed RaftClientRequest:client-FBD57F74AF91->localhost_10002@group-FF371CEDE24F, cid=42, seq=0, RW, Message:321f0a0f0a0d74657374...(size=33), reply=RaftClientReply:client-FBD57F74AF91->localhost_10002@group-FF371CEDE24F, cid=42, FAILED org.apache.ratis.protocol.NotLeaderException: Server localhost_10002@group-FF371CEDE24F is not the leader, logIndex=0, commits[localhost_10002:c-1]
2019-09-26 14:06:59,425 INFO  client.GrpcClientProtocolService (GrpcClientProtocolService.java:lambda$processClientRequest$0(278)) - Failed RaftClientRequest:client-FBD57F74AF91->localhost_10000@group-FF371CEDE24F, cid=42, seq=0, RW, Message:321f0a0f0a0d74657374...(size=33), reply=RaftClientReply:client-FBD57F74AF91->localhost_10000@group-FF371CEDE24F, cid=42, FAILED org.apache.ratis.protocol.NotLeaderException: Server localhost_10000@group-FF371CEDE24F is not the leader, logIndex=0, commits[localhost_10000:c-1]
2019-09-26 14:06:59,427 INFO  client.GrpcClientProtocolService (GrpcClientProtocolService.java:lambda$processClientRequest$0(278)) - Failed RaftClientRequest:client-FBD57F74AF91->localhost_10001@group-FF371CEDE24F, cid=42, seq=0, RW, Message:321f0a0f0a0d74657374...(size=33), reply=RaftClientReply:client-FBD57F74AF91->localhost_10001@group-FF371CEDE24F, cid=42, FAILED org.apache.ratis.protocol.NotLeaderException: Server localhost_10001@group-FF371CEDE24F is not the leader, logIndex=0, commits[localhost_10001:c-1]
2019-09-26 14:06:59,429 INFO  client.GrpcClientProtocolService (GrpcClientProtocolService.java:lambda$processClientRequest$0(278)) - Failed RaftClientRequest:client-FBD57F74AF91->localhost_10000@group-FF371CEDE24F, cid=42, seq=0, RW, Message:321f0a0f0a0d74657374...(size=33), reply=RaftClientReply:client-FBD57F74AF91->localhost_10000@group-FF371CEDE24F, cid=42, FAILED org.apache.ratis.protocol.NotLeaderException: Server localhost_10000@group-FF371CEDE24F is not the leader, logIndex=0, commits[localhost_10000:c-1]
2019-09-26 14:06:59,430 INFO  client.GrpcClientProtocolService (GrpcClientProtocolService.java:lambda$processClientRequest$0(278)) - Failed RaftClientRequest:client-FBD57F74AF91->localhost_10002@group-FF371CEDE24F, cid=42, seq=0, RW, Message:321f0a0f0a0d74657374...(size=33), reply=RaftClientReply:client-FBD57F74AF91->localhost_10002@group-FF371CEDE24F, cid=42, FAILED org.apache.ratis.protocol.NotLeaderException: Server localhost_10002@group-FF371CEDE24F is not the leader, logIndex=0, commits[localhost_10002:c-1]
2019-09-26 14:06:59,432 INFO  client.GrpcClientProtocolService (GrpcClientProtocolService.java:lambda$processClientRequest$0(278)) - Failed RaftClientRequest:client-FBD57F74AF91->localhost_10000@group-FF371CEDE24F, cid=42, seq=0, RW, Message:321f0a0f0a0d74657374...(size=33), reply=RaftClientReply:client-FBD57F74AF91->localhost_10000@group-FF371CEDE24F, cid=42, FAILED org.apache.ratis.protocol.NotLeaderException: Server localhost_10000@group-FF371CEDE24F is not the leader, logIndex=0, commits[localhost_10000:c-1]
2019-09-26 14:06:59,433 INFO  client.GrpcClientProtocolService (GrpcClientProtocolService.java:lambda$processClientRequest$0(278)) - Failed RaftClientRequest:client-FBD57F74AF91->localhost_10002@group-FF371CEDE24F, cid=42, seq=0, RW, Message:321f0a0f0a0d74657374...(size=33), reply=RaftClientReply:client-FBD57F74AF91->localhost_10002@group-FF371CEDE24F, cid=42, FAILED org.apache.ratis.protocol.NotLeaderException: Server localhost_10002@group-FF371CEDE24F is not the leader, logIndex=0, commits[localhost_10002:c-1]
2019-09-26 14:06:59,435 INFO  client.GrpcClientProtocolService (GrpcClientProtocolService.java:lambda$processClientRequest$0(278)) - Failed RaftClientRequest:client-FBD57F74AF91->localhost_10001@group-FF371CEDE24F, cid=42, seq=0, RW, Message:321f0a0f0a0d74657374...(size=33), reply=RaftClientReply:client-FBD57F74AF91->localhost_10001@group-FF371CEDE24F, cid=42, FAILED org.apache.ratis.protocol.NotLeaderException: Server localhost_10001@group-FF371CEDE24F is not the leader, logIndex=0, commits[localhost_10001:c-1]
2019-09-26 14:06:59,437 INFO  client.GrpcClientProtocolService (GrpcClientProtocolService.java:lambda$processClientRequest$0(278)) - Failed RaftClientRequest:client-FBD57F74AF91->localhost_10002@group-FF371CEDE24F, cid=42, seq=0, RW, Message:321f0a0f0a0d74657374...(size=33), reply=RaftClientReply:client-FBD57F74AF91->localhost_10002@group-FF371CEDE24F, cid=42, FAILED org.apache.ratis.protocol.NotLeaderException: Server localhost_10002@group-FF371CEDE24F is not the leader, logIndex=0, commits[localhost_10002:c-1]
2019-09-26 14:06:59,438 INFO  client.GrpcClientProtocolService (GrpcClientProtocolService.java:lambda$processClientRequest$0(278)) - Failed RaftClientRequest:client-FBD57F74AF91->localhost_10001@group-FF371CEDE24F, cid=42, seq=0, RW, Message:321f0a0f0a0d74657374...(size=33), reply=RaftClientReply:client-FBD57F74AF91->localhost_10001@group-FF371CEDE24F, cid=42, FAILED org.apache.ratis.protocol.NotLeaderException: Server localhost_10001@group-FF371CEDE24F is not the leader, logIndex=0, commits[localhost_10001:c-1]
2019-09-26 14:06:59,440 INFO  client.GrpcClientProtocolService (GrpcClientProtocolService.java:lambda$processClientRequest$0(278)) - Failed RaftClientRequest:client-FBD57F74AF91->localhost_10002@group-FF371CEDE24F, cid=42, seq=0, RW, Message:321f0a0f0a0d74657374...(size=33), reply=RaftClientReply:client-FBD57F74AF91->localhost_10002@group-FF371CEDE24F, cid=42, FAILED org.apache.ratis.protocol.NotLeaderException: Server localhost_10002@group-FF371CEDE24F is not the leader, logIndex=0, commits[localhost_10002:c-1]
2019-09-26 14:06:59,442 INFO  client.GrpcClientProtocolService (GrpcClientProtocolService.java:lambda$processClientRequest$0(278)) - Failed RaftClientRequest:client-FBD57F74AF91->localhost_10000@group-FF371CEDE24F, cid=42, seq=0, RW, Message:321f0a0f0a0d74657374...(size=33), reply=RaftClientReply:client-FBD57F74AF91->localhost_10000@group-FF371CEDE24F, cid=42, FAILED org.apache.ratis.protocol.NotLeaderException: Server localhost_10000@group-FF371CEDE24F is not the leader, logIndex=0, commits[localhost_10000:c-1]
2019-09-26 14:06:59,443 INFO  client.GrpcClientProtocolService (GrpcClientProtocolService.java:lambda$processClientRequest$0(278)) - Failed RaftClientRequest:client-FBD57F74AF91->localhost_10002@group-FF371CEDE24F, cid=42, seq=0, RW, Message:321f0a0f0a0d74657374...(size=33), reply=RaftClientReply:client-FBD57F74AF91->localhost_10002@group-FF371CEDE24F, cid=42, FAILED org.apache.ratis.protocol.NotLeaderException: Server localhost_10002@group-FF371CEDE24F is not the leader, logIndex=0, commits[localhost_10002:c-1]
2019-09-26 14:06:59,445 INFO  client.GrpcClientProtocolService (GrpcClientProtocolService.java:lambda$processClientRequest$0(278)) - Failed RaftClientRequest:client-FBD57F74AF91->localhost_10000@group-FF371CEDE24F, cid=42, seq=0, RW, Message:321f0a0f0a0d74657374...(size=33), reply=RaftClientReply:client-FBD57F74AF91->localhost_10000@group-FF371CEDE24F, cid=42, FAILED org.apache.ratis.protocol.NotLeaderException: Server localhost_10000@group-FF371CEDE24F is not the leader, logIndex=0, commits[localhost_10000:c-1]
2019-09-26 14:06:59,446 INFO  client.GrpcClientProtocolService (GrpcClientProtocolService.java:lambda$processClientRequest$0(278)) - Failed RaftClientRequest:client-FBD57F74AF91->localhost_10001@group-FF371CEDE24F, cid=42, seq=0, RW, Message:321f0a0f0a0d74657374...(size=33), reply=RaftClientReply:client-FBD57F74AF91->localhost_10001@group-FF371CEDE24F, cid=42, FAILED org.apache.ratis.protocol.NotLeaderException: Server localhost_10001@group-FF371CEDE24F is not the leader, logIndex=0, commits[localhost_10001:c-1]
2019-09-26 14:06:59,448 INFO  client.GrpcClientProtocolService (GrpcClientProtocolService.java:lambda$processClientRequest$0(278)) - Failed RaftClientRequest:client-FBD57F74AF91->localhost_10002@group-FF371CEDE24F, cid=42, seq=0, RW, Message:321f0a0f0a0d74657374...(size=33), reply=RaftClientReply:client-FBD57F74AF91->localhost_10002@group-FF371CEDE24F, cid=42, FAILED org.apache.ratis.protocol.NotLeaderException: Server localhost_10002@group-FF371CEDE24F is not the leader, logIndex=0, commits[localhost_10002:c-1]
2019-09-26 14:06:59,449 INFO  client.GrpcClientProtocolService (GrpcClientProtocolService.java:lambda$processClientRequest$0(278)) - Failed RaftClientRequest:client-FBD57F74AF91->localhost_10000@group-FF371CEDE24F, cid=42, seq=0, RW, Message:321f0a0f0a0d74657374...(size=33), reply=RaftClientReply:client-FBD57F74AF91->localhost_10000@group-FF371CEDE24F, cid=42, FAILED org.apache.ratis.protocol.NotLeaderException: Server localhost_10000@group-FF371CEDE24F is not the leader, logIndex=0, commits[localhost_10000:c-1]
2019-09-26 14:06:59,451 INFO  client.GrpcClientProtocolService (GrpcClientProtocolService.java:lambda$processClientRequest$0(278)) - Failed RaftClientRequest:client-FBD57F74AF91->localhost_10001@group-FF371CEDE24F, cid=42, seq=0, RW, Message:321f0a0f0a0d74657374...(size=33), reply=RaftClientReply:client-FBD57F74AF91->localhost_10001@group-FF371CEDE24F, cid=42, FAILED org.apache.ratis.protocol.NotLeaderException: Server localhost_10001@group-FF371CEDE24F is not the leader, logIndex=0, commits[localhost_10001:c-1]
2019-09-26 14:06:59,452 INFO  client.GrpcClientProtocolService (GrpcClientProtocolService.java:lambda$processClientRequest$0(278)) - Failed RaftClientRequest:client-FBD57F74AF91->localhost_10000@group-FF371CEDE24F, cid=42, seq=0, RW, Message:321f0a0f0a0d74657374...(size=33), reply=RaftClientReply:client-FBD57F74AF91->localhost_10000@group-FF371CEDE24F, cid=42, FAILED org.apache.ratis.protocol.NotLeaderException: Server localhost_10000@group-FF371CEDE24F is not the leader, logIndex=0, commits[localhost_10000:c-1]
2019-09-26 14:06:59,454 INFO  client.GrpcClientProtocolService (GrpcClientProtocolService.java:lambda$processClientRequest$0(278)) - Failed RaftClientRequest:client-FBD57F74AF91->localhost_10001@group-FF371CEDE24F, cid=42, seq=0, RW, Message:321f0a0f0a0d74657374...(size=33), reply=RaftClientReply:client-FBD57F74AF91->localhost_10001@group-FF371CEDE24F, cid=42, FAILED org.apache.ratis.protocol.NotLeaderException: Server localhost_10001@group-FF371CEDE24F is not the leader, logIndex=0, commits[localhost_10001:c-1]
2019-09-26 14:06:59,455 INFO  client.GrpcClientProtocolService (GrpcClientProtocolService.java:lambda$processClientRequest$0(278)) - Failed RaftClientRequest:client-FBD57F74AF91->localhost_10000@group-FF371CEDE24F, cid=42, seq=0, RW, Message:321f0a0f0a0d74657374...(size=33), reply=RaftClientReply:client-FBD57F74AF91->localhost_10000@group-FF371CEDE24F, cid=42, FAILED org.apache.ratis.protocol.NotLeaderException: Server localhost_10000@group-FF371CEDE24F is not the leader, logIndex=0, commits[localhost_10000:c-1]
2019-09-26 14:06:59,457 INFO  client.GrpcClientProtocolService (GrpcClientProtocolService.java:lambda$processClientRequest$0(278)) - Failed RaftClientRequest:client-FBD57F74AF91->localhost_10001@group-FF371CEDE24F, cid=42, seq=0, RW, Message:321f0a0f0a0d74657374...(size=33), reply=RaftClientReply:client-FBD57F74AF91->localhost_10001@group-FF371CEDE24F, cid=42, FAILED org.apache.ratis.protocol.NotLeaderException: Server localhost_10001@group-FF371CEDE24F is not the leader, logIndex=0, commits[localhost_10001:c-1]
2019-09-26 14:06:59,458 INFO  client.GrpcClientProtocolService (GrpcClientProtocolService.java:lambda$processClientRequest$0(278)) - Failed RaftClientRequest:client-FBD57F74AF91->localhost_10000@group-FF371CEDE24F, cid=42, seq=0, RW, Message:321f0a0f0a0d74657374...(size=33), reply=RaftClientReply:client-FBD57F74AF91->localhost_10000@group-FF371CEDE24F, cid=42, FAILED org.apache.ratis.protocol.NotLeaderException: Server localhost_10000@group-FF371CEDE24F is not the leader, logIndex=0, commits[localhost_10000:c-1]
2019-09-26 14:06:59,460 INFO  client.GrpcClientProtocolService (GrpcClientProtocolService.java:lambda$processClientRequest$0(278)) - Failed RaftClientRequest:client-FBD57F74AF91->localhost_10001@group-FF371CEDE24F, cid=42, seq=0, RW, Message:321f0a0f0a0d74657374...(size=33), reply=RaftClientReply:client-FBD57F74AF91->localhost_10001@group-FF371CEDE24F, cid=42, FAILED org.apache.ratis.protocol.NotLeaderException: Server localhost_10001@group-FF371CEDE24F is not the leader, logIndex=0, commits[localhost_10001:c-1]
2019-09-26 14:06:59,461 INFO  client.GrpcClientProtocolService (GrpcClientProtocolService.java:lambda$processClientRequest$0(278)) - Failed RaftClientRequest:client-FBD57F74AF91->localhost_10002@group-FF371CEDE24F, cid=42, seq=0, RW, Message:321f0a0f0a0d74657374...(size=33), reply=RaftClientReply:client-FBD57F74AF91->localhost_10002@group-FF371CEDE24F, cid=42, FAILED org.apache.ratis.protocol.NotLeaderException: Server localhost_10002@group-FF371CEDE24F is not the leader, logIndex=0, commits[localhost_10002:c-1]
2019-09-26 14:06:59,463 INFO  client.GrpcClientProtocolService (GrpcClientProtocolService.java:lambda$processClientRequest$0(278)) - Failed RaftClientRequest:client-FBD57F74AF91->localhost_10001@group-FF371CEDE24F, cid=42, seq=0, RW, Message:321f0a0f0a0d74657374...(size=33), reply=RaftClientReply:client-FBD57F74AF91->localhost_10001@group-FF371CEDE24F, cid=42, FAILED org.apache.ratis.protocol.NotLeaderException: Server localhost_10001@group-FF371CEDE24F is not the leader, logIndex=0, commits[localhost_10001:c-1]
2019-09-26 14:06:59,464 INFO  client.GrpcClientProtocolService (GrpcClientProtocolService.java:lambda$processClientRequest$0(278)) - Failed RaftClientRequest:client-FBD57F74AF91->localhost_10002@group-FF371CEDE24F, cid=42, seq=0, RW, Message:321f0a0f0a0d74657374...(size=33), reply=RaftClientReply:client-FBD57F74AF91->localhost_10002@group-FF371CEDE24F, cid=42, FAILED org.apache.ratis.protocol.NotLeaderException: Server localhost_10002@group-FF371CEDE24F is not the leader, logIndex=0, commits[localhost_10002:c-1]
2019-09-26 14:06:59,466 INFO  client.GrpcClientProtocolService (GrpcClientProtocolService.java:lambda$processClientRequest$0(278)) - Failed RaftClientRequest:client-FBD57F74AF91->localhost_10000@group-FF371CEDE24F, cid=42, seq=0, RW, Message:321f0a0f0a0d74657374...(size=33), reply=RaftClientReply:client-FBD57F74AF91->localhost_10000@group-FF371CEDE24F, cid=42, FAILED org.apache.ratis.protocol.NotLeaderException: Server localhost_10000@group-FF371CEDE24F is not the leader, logIndex=0, commits[localhost_10000:c-1]
2019-09-26 14:06:59,467 INFO  client.GrpcClientProtocolService (GrpcClientProtocolService.java:lambda$processClientRequest$0(278)) - Failed RaftClientRequest:client-FBD57F74AF91->localhost_10002@group-FF371CEDE24F, cid=42, seq=0, RW, Message:321f0a0f0a0d74657374...(size=33), reply=RaftClientReply:client-FBD57F74AF91->localhost_10002@group-FF371CEDE24F, cid=42, FAILED org.apache.ratis.protocol.NotLeaderException: Server localhost_10002@group-FF371CEDE24F is not the leader, logIndex=0, commits[localhost_10002:c-1]
2019-09-26 14:06:59,468 INFO  client.GrpcClientProtocolService (GrpcClientProtocolService.java:lambda$processClientRequest$0(278)) - Failed RaftClientRequest:client-FBD57F74AF91->localhost_10001@group-FF371CEDE24F, cid=42, seq=0, RW, Message:321f0a0f0a0d74657374...(size=33), reply=RaftClientReply:client-FBD57F74AF91->localhost_10001@group-FF371CEDE24F, cid=42, FAILED org.apache.ratis.protocol.NotLeaderException: Server localhost_10001@group-FF371CEDE24F is not the leader, logIndex=0, commits[localhost_10001:c-1]
2019-09-26 14:06:59,470 INFO  client.GrpcClientProtocolService (GrpcClientProtocolService.java:lambda$processClientRequest$0(278)) - Failed RaftClientRequest:client-FBD57F74AF91->localhost_10000@group-FF371CEDE24F, cid=42, seq=0, RW, Message:321f0a0f0a0d74657374...(size=33), reply=RaftClientReply:client-FBD57F74AF91->localhost_10000@group-FF371CEDE24F, cid=42, FAILED org.apache.ratis.protocol.NotLeaderException: Server localhost_10000@group-FF371CEDE24F is not the leader, logIndex=0, commits[localhost_10000:c-1]
2019-09-26 14:06:59,472 INFO  client.GrpcClientProtocolService (GrpcClientProtocolService.java:lambda$processClientRequest$0(278)) - Failed RaftClientRequest:client-FBD57F74AF91->localhost_10001@group-FF371CEDE24F, cid=42, seq=0, RW, Message:321f0a0f0a0d74657374...(size=33), reply=RaftClientReply:client-FBD57F74AF91->localhost_10001@group-FF371CEDE24F, cid=42, FAILED org.apache.ratis.protocol.NotLeaderException: Server localhost_10001@group-FF371CEDE24F is not the leader, logIndex=0, commits[localhost_10001:c-1]
2019-09-26 14:06:59,473 INFO  client.GrpcClientProtocolService (GrpcClientProtocolService.java:lambda$processClientRequest$0(278)) - Failed RaftClientRequest:client-FBD57F74AF91->localhost_10000@group-FF371CEDE24F, cid=42, seq=0, RW, Message:321f0a0f0a0d74657374...(size=33), reply=RaftClientReply:client-FBD57F74AF91->localhost_10000@group-FF371CEDE24F, cid=42, FAILED org.apache.ratis.protocol.NotLeaderException: Server localhost_10000@group-FF371CEDE24F is not the leader, logIndex=0, commits[localhost_10000:c-1]
2019-09-26 14:06:59,475 INFO  client.GrpcClientProtocolService (GrpcClientProtocolService.java:lambda$processClientRequest$0(278)) - Failed RaftClientRequest:client-FBD57F74AF91->localhost_10001@group-FF371CEDE24F, cid=42, seq=0, RW, Message:321f0a0f0a0d74657374...(size=33), reply=RaftClientReply:client-FBD57F74AF91->localhost_10001@group-FF371CEDE24F, cid=42, FAILED org.apache.ratis.protocol.NotLeaderException: Server localhost_10001@group-FF371CEDE24F is not the leader, logIndex=0, commits[localhost_10001:c-1]
2019-09-26 14:06:59,476 INFO  client.GrpcClientProtocolService (GrpcClientProtocolService.java:lambda$processClientRequest$0(278)) - Failed RaftClientRequest:client-FBD57F74AF91->localhost_10002@group-FF371CEDE24F, cid=42, seq=0, RW, Message:321f0a0f0a0d74657374...(size=33), reply=RaftClientReply:client-FBD57F74AF91->localhost_10002@group-FF371CEDE24F, cid=42, FAILED org.apache.ratis.protocol.NotLeaderException: Server localhost_10002@group-FF371CEDE24F is not the leader, logIndex=0, commits[localhost_10002:c-1]
2019-09-26 14:06:59,478 INFO  client.GrpcClientProtocolService (GrpcClientProtocolService.java:lambda$processClientRequest$0(278)) - Failed RaftClientRequest:client-FBD57F74AF91->localhost_10001@group-FF371CEDE24F, cid=42, seq=0, RW, Message:321f0a0f0a0d74657374...(size=33), reply=RaftClientReply:client-FBD57F74AF91->localhost_10001@group-FF371CEDE24F, cid=42, FAILED org.apache.ratis.protocol.NotLeaderException: Server localhost_10001@group-FF371CEDE24F is not the leader, logIndex=0, commits[localhost_10001:c-1]
2019-09-26 14:06:59,479 INFO  client.GrpcClientProtocolService (GrpcClientProtocolService.java:lambda$processClientRequest$0(278)) - Failed RaftClientRequest:client-FBD57F74AF91->localhost_10000@group-FF371CEDE24F, cid=42, seq=0, RW, Message:321f0a0f0a0d74657374...(size=33), reply=RaftClientReply:client-FBD57F74AF91->localhost_10000@group-FF371CEDE24F, cid=42, FAILED org.apache.ratis.protocol.NotLeaderException: Server localhost_10000@group-FF371CEDE24F is not the leader, logIndex=0, commits[localhost_10000:c-1]
2019-09-26 14:06:59,481 INFO  client.GrpcClientProtocolService (GrpcClientProtocolService.java:lambda$processClientRequest$0(278)) - Failed RaftClientRequest:client-FBD57F74AF91->localhost_10002@group-FF371CEDE24F, cid=42, seq=0, RW, Message:321f0a0f0a0d74657374...(size=33), reply=RaftClientReply:client-FBD57F74AF91->localhost_10002@group-FF371CEDE24F, cid=42, FAILED org.apache.ratis.protocol.NotLeaderException: Server localhost_10002@group-FF371CEDE24F is not the leader, logIndex=0, commits[localhost_10002:c-1]
2019-09-26 14:06:59,482 INFO  client.GrpcClientProtocolService (GrpcClientProtocolService.java:lambda$processClientRequest$0(278)) - Failed RaftClientRequest:client-FBD57F74AF91->localhost_10000@group-FF371CEDE24F, cid=42, seq=0, RW, Message:321f0a0f0a0d74657374...(size=33), reply=RaftClientReply:client-FBD57F74AF91->localhost_10000@group-FF371CEDE24F, cid=42, FAILED org.apache.ratis.protocol.NotLeaderException: Server localhost_10000@group-FF371CEDE24F is not the leader, logIndex=0, commits[localhost_10000:c-1]
2019-09-26 14:06:59,484 INFO  client.GrpcClientProtocolService (GrpcClientProtocolService.java:lambda$processClientRequest$0(278)) - Failed RaftClientRequest:client-FBD57F74AF91->localhost_10001@group-FF371CEDE24F, cid=42, seq=0, RW, Message:321f0a0f0a0d74657374...(size=33), reply=RaftClientReply:client-FBD57F74AF91->localhost_10001@group-FF371CEDE24F, cid=42, FAILED org.apache.ratis.protocol.NotLeaderException: Server localhost_10001@group-FF371CEDE24F is not the leader, logIndex=0, commits[localhost_10001:c-1]
2019-09-26 14:06:59,485 INFO  client.GrpcClientProtocolService (GrpcClientProtocolService.java:lambda$processClientRequest$0(278)) - Failed RaftClientRequest:client-FBD57F74AF91->localhost_10002@group-FF371CEDE24F, cid=42, seq=0, RW, Message:321f0a0f0a0d74657374...(size=33), reply=RaftClientReply:client-FBD57F74AF91->localhost_10002@group-FF371CEDE24F, cid=42, FAILED org.apache.ratis.protocol.NotLeaderException: Server localhost_10002@group-FF371CEDE24F is not the leader, logIndex=0, commits[localhost_10002:c-1]
2019-09-26 14:06:59,487 INFO  client.GrpcClientProtocolService (GrpcClientProtocolService.java:lambda$processClientRequest$0(278)) - Failed RaftClientRequest:client-FBD57F74AF91->localhost_10000@group-FF371CEDE24F, cid=42, seq=0, RW, Message:321f0a0f0a0d74657374...(size=33), reply=RaftClientReply:client-FBD57F74AF91->localhost_10000@group-FF371CEDE24F, cid=42, FAILED org.apache.ratis.protocol.NotLeaderException: Server localhost_10000@group-FF371CEDE24F is not the leader, logIndex=0, commits[localhost_10000:c-1]
2019-09-26 14:06:59,488 INFO  client.GrpcClientProtocolService (GrpcClientProtocolService.java:lambda$processClientRequest$0(278)) - Failed RaftClientRequest:client-FBD57F74AF91->localhost_10001@group-FF371CEDE24F, cid=42, seq=0, RW, Message:321f0a0f0a0d74657374...(size=33), reply=RaftClientReply:client-FBD57F74AF91->localhost_10001@group-FF371CEDE24F, cid=42, FAILED org.apache.ratis.protocol.NotLeaderException: Server localhost_10001@group-FF371CEDE24F is not the leader, logIndex=0, commits[localhost_10001:c-1]
2019-09-26 14:06:59,490 INFO  client.GrpcClientProtocolService (GrpcClientProtocolService.java:lambda$processClientRequest$0(278)) - Failed RaftClientRequest:client-FBD57F74AF91->localhost_10000@group-FF371CEDE24F, cid=42, seq=0, RW, Message:321f0a0f0a0d74657374...(size=33), reply=RaftClientReply:client-FBD57F74AF91->localhost_10000@group-FF371CEDE24F, cid=42, FAILED org.apache.ratis.protocol.NotLeaderException: Server localhost_10000@group-FF371CEDE24F is not the leader, logIndex=0, commits[localhost_10000:c-1]
2019-09-26 14:06:59,491 INFO  client.GrpcClientProtocolService (GrpcClientProtocolService.java:lambda$processClientRequest$0(278)) - Failed RaftClientRequest:client-FBD57F74AF91->localhost_10001@group-FF371CEDE24F, cid=42, seq=0, RW, Message:321f0a0f0a0d74657374...(size=33), reply=RaftClientReply:client-FBD57F74AF91->localhost_10001@group-FF371CEDE24F, cid=42, FAILED org.apache.ratis.protocol.NotLeaderException: Server localhost_10001@group-FF371CEDE24F is not the leader, logIndex=0, commits[localhost_10001:c-1]
2019-09-26 14:06:59,492 INFO  client.GrpcClientProtocolService (GrpcClientProtocolService.java:lambda$processClientRequest$0(278)) - Failed RaftClientRequest:client-FBD57F74AF91->localhost_10000@group-FF371CEDE24F, cid=42, seq=0, RW, Message:321f0a0f0a0d74657374...(size=33), reply=RaftClientReply:client-FBD57F74AF91->localhost_10000@group-FF371CEDE24F, cid=42, FAILED org.apache.ratis.protocol.NotLeaderException: Server localhost_10000@group-FF371CEDE24F is not the leader, logIndex=0, commits[localhost_10000:c-1]
2019-09-26 14:06:59,494 INFO  client.GrpcClientProtocolService (GrpcClientProtocolService.java:lambda$processClientRequest$0(278)) - Failed RaftClientRequest:client-FBD57F74AF91->localhost_10002@group-FF371CEDE24F, cid=42, seq=0, RW, Message:321f0a0f0a0d74657374...(size=33), reply=RaftClientReply:client-FBD57F74AF91->localhost_10002@group-FF371CEDE24F, cid=42, FAILED org.apache.ratis.protocol.NotLeaderException: Server localhost_10002@group-FF371CEDE24F is not the leader, logIndex=0, commits[localhost_10002:c-1]
2019-09-26 14:06:59,495 INFO  client.GrpcClientProtocolService (GrpcClientProtocolService.java:lambda$processClientRequest$0(278)) - Failed RaftClientRequest:client-FBD57F74AF91->localhost_10001@group-FF371CEDE24F, cid=42, seq=0, RW, Message:321f0a0f0a0d74657374...(size=33), reply=RaftClientReply:client-FBD57F74AF91->localhost_10001@group-FF371CEDE24F, cid=42, FAILED org.apache.ratis.protocol.NotLeaderException: Server localhost_10001@group-FF371CEDE24F is not the leader, logIndex=0, commits[localhost_10001:c-1]
2019-09-26 14:06:59,497 INFO  client.GrpcClientProtocolService (GrpcClientProtocolService.java:lambda$processClientRequest$0(278)) - Failed RaftClientRequest:client-FBD57F74AF91->localhost_10000@group-FF371CEDE24F, cid=42, seq=0, RW, Message:321f0a0f0a0d74657374...(size=33), reply=RaftClientReply:client-FBD57F74AF91->localhost_10000@group-FF371CEDE24F, cid=42, FAILED org.apache.ratis.protocol.NotLeaderException: Server localhost_10000@group-FF371CEDE24F is not the leader, logIndex=0, commits[localhost_10000:c-1]
2019-09-26 14:06:59,498 INFO  client.GrpcClientProtocolService (GrpcClientProtocolService.java:lambda$processClientRequest$0(278)) - Failed RaftClientRequest:client-FBD57F74AF91->localhost_10001@group-FF371CEDE24F, cid=42, seq=0, RW, Message:321f0a0f0a0d74657374...(size=33), reply=RaftClientReply:client-FBD57F74AF91->localhost_10001@group-FF371CEDE24F, cid=42, FAILED org.apache.ratis.protocol.NotLeaderException: Server localhost_10001@group-FF371CEDE24F is not the leader, logIndex=0, commits[localhost_10001:c-1]
2019-09-26 14:06:59,500 INFO  client.GrpcClientProtocolService (GrpcClientProtocolService.java:lambda$processClientRequest$0(278)) - Failed RaftClientRequest:client-FBD57F74AF91->localhost_10002@group-FF371CEDE24F, cid=42, seq=0, RW, Message:321f0a0f0a0d74657374...(size=33), reply=RaftClientReply:client-FBD57F74AF91->localhost_10002@group-FF371CEDE24F, cid=42, FAILED org.apache.ratis.protocol.NotLeaderException: Server localhost_10002@group-FF371CEDE24F is not the leader, logIndex=0, commits[localhost_10002:c-1]
2019-09-26 14:06:59,502 INFO  client.GrpcClientProtocolService (GrpcClientProtocolService.java:lambda$processClientRequest$0(278)) - Failed RaftClientRequest:client-FBD57F74AF91->localhost_10000@group-FF371CEDE24F, cid=42, seq=0, RW, Message:321f0a0f0a0d74657374...(size=33), reply=RaftClientReply:client-FBD57F74AF91->localhost_10000@group-FF371CEDE24F, cid=42, FAILED org.apache.ratis.protocol.NotLeaderException: Server localhost_10000@group-FF371CEDE24F is not the leader, logIndex=0, commits[localhost_10000:c-1]
2019-09-26 14:06:59,503 INFO  client.GrpcClientProtocolService (GrpcClientProtocolService.java:lambda$processClientRequest$0(278)) - Failed RaftClientRequest:client-FBD57F74AF91->localhost_10001@group-FF371CEDE24F, cid=42, seq=0, RW, Message:321f0a0f0a0d74657374...(size=33), reply=RaftClientReply:client-FBD57F74AF91->localhost_10001@group-FF371CEDE24F, cid=42, FAILED org.apache.ratis.protocol.NotLeaderException: Server localhost_10001@group-FF371CEDE24F is not the leader, logIndex=0, commits[localhost_10001:c-1]
2019-09-26 14:06:59,505 INFO  client.GrpcClientProtocolService (GrpcClientProtocolService.java:lambda$processClientRequest$0(278)) - Failed RaftClientRequest:client-FBD57F74AF91->localhost_10000@group-FF371CEDE24F, cid=42, seq=0, RW, Message:321f0a0f0a0d74657374...(size=33), reply=RaftClientReply:client-FBD57F74AF91->localhost_10000@group-FF371CEDE24F, cid=42, FAILED org.apache.ratis.protocol.NotLeaderException: Server localhost_10000@group-FF371CEDE24F is not the leader, logIndex=0, commits[localhost_10000:c-1]
2019-09-26 14:06:59,507 INFO  client.GrpcClientProtocolService (GrpcClientProtocolService.java:lambda$processClientRequest$0(278)) - Failed RaftClientRequest:client-FBD57F74AF91->localhost_10001@group-FF371CEDE24F, cid=42, seq=0, RW, Message:321f0a0f0a0d74657374...(size=33), reply=RaftClientReply:client-FBD57F74AF91->localhost_10001@group-FF371CEDE24F, cid=42, FAILED org.apache.ratis.protocol.NotLeaderException: Server localhost_10001@group-FF371CEDE24F is not the leader, logIndex=0, commits[localhost_10001:c-1]
2019-09-26 14:06:59,509 INFO  client.GrpcClientProtocolService (GrpcClientProtocolService.java:lambda$processClientRequest$0(278)) - Failed RaftClientRequest:client-FBD57F74AF91->localhost_10000@group-FF371CEDE24F, cid=42, seq=0, RW, Message:321f0a0f0a0d74657374...(size=33), reply=RaftClientReply:client-FBD57F74AF91->localhost_10000@group-FF371CEDE24F, cid=42, FAILED org.apache.ratis.protocol.NotLeaderException: Server localhost_10000@group-FF371CEDE24F is not the leader, logIndex=0, commits[localhost_10000:c-1]
2019-09-26 14:06:59,510 INFO  client.GrpcClientProtocolService (GrpcClientProtocolService.java:lambda$processClientRequest$0(278)) - Failed RaftClientRequest:client-FBD57F74AF91->localhost_10002@group-FF371CEDE24F, cid=42, seq=0, RW, Message:321f0a0f0a0d74657374...(size=33), reply=RaftClientReply:client-FBD57F74AF91->localhost_10002@group-FF371CEDE24F, cid=42, FAILED org.apache.ratis.protocol.NotLeaderException: Server localhost_10002@group-FF371CEDE24F is not the leader, logIndex=0, commits[localhost_10002:c-1]
2019-09-26 14:06:59,512 INFO  client.GrpcClientProtocolService (GrpcClientProtocolService.java:lambda$processClientRequest$0(278)) - Failed RaftClientRequest:client-FBD57F74AF91->localhost_10000@group-FF371CEDE24F, cid=42, seq=0, RW, Message:321f0a0f0a0d74657374...(size=33), reply=RaftClientReply:client-FBD57F74AF91->localhost_10000@group-FF371CEDE24F, cid=42, FAILED org.apache.ratis.protocol.NotLeaderException: Server localhost_10000@group-FF371CEDE24F is not the leader, logIndex=0, commits[localhost_10000:c-1]
2019-09-26 14:06:59,514 INFO  client.GrpcClientProtocolService (GrpcClientProtocolService.java:lambda$processClientRequest$0(278)) - Failed RaftClientRequest:client-FBD57F74AF91->localhost_10002@group-FF371CEDE24F, cid=42, seq=0, RW, Message:321f0a0f0a0d74657374...(size=33), reply=RaftClientReply:client-FBD57F74AF91->localhost_10002@group-FF371CEDE24F, cid=42, FAILED org.apache.ratis.protocol.NotLeaderException: Server localhost_10002@group-FF371CEDE24F is not the leader, logIndex=0, commits[localhost_10002:c-1]
2019-09-26 14:06:59,515 INFO  client.GrpcClientProtocolService (GrpcClientProtocolService.java:lambda$processClientRequest$0(278)) - Failed RaftClientRequest:client-FBD57F74AF91->localhost_10000@group-FF371CEDE24F, cid=42, seq=0, RW, Message:321f0a0f0a0d74657374...(size=33), reply=RaftClientReply:client-FBD57F74AF91->localhost_10000@group-FF371CEDE24F, cid=42, FAILED org.apache.ratis.protocol.NotLeaderException: Server localhost_10000@group-FF371CEDE24F is not the leader, logIndex=0, commits[localhost_10000:c-1]
2019-09-26 14:06:59,517 INFO  client.GrpcClientProtocolService (GrpcClientProtocolService.java:lambda$processClientRequest$0(278)) - Failed RaftClientRequest:client-FBD57F74AF91->localhost_10002@group-FF371CEDE24F, cid=42, seq=0, RW, Message:321f0a0f0a0d74657374...(size=33), reply=RaftClientReply:client-FBD57F74AF91->localhost_10002@group-FF371CEDE24F, cid=42, FAILED org.apache.ratis.protocol.NotLeaderException: Server localhost_10002@group-FF371CEDE24F is not the leader, logIndex=0, commits[localhost_10002:c-1]
2019-09-26 14:06:59,518 INFO  client.GrpcClientProtocolService (GrpcClientProtocolService.java:lambda$processClientRequest$0(278)) - Failed RaftClientRequest:client-FBD57F74AF91->localhost_10001@group-FF371CEDE24F, cid=42, seq=0, RW, Message:321f0a0f0a0d74657374...(size=33), reply=RaftClientReply:client-FBD57F74AF91->localhost_10001@group-FF371CEDE24F, cid=42, FAILED org.apache.ratis.protocol.NotLeaderException: Server localhost_10001@group-FF371CEDE24F is not the leader, logIndex=0, commits[localhost_10001:c-1]
2019-09-26 14:06:59,519 INFO  client.GrpcClientProtocolService (GrpcClientProtocolService.java:lambda$processClientRequest$0(278)) - Failed RaftClientRequest:client-FBD57F74AF91->localhost_10000@group-FF371CEDE24F, cid=42, seq=0, RW, Message:321f0a0f0a0d74657374...(size=33), reply=RaftClientReply:client-FBD57F74AF91->localhost_10000@group-FF371CEDE24F, cid=42, FAILED org.apache.ratis.protocol.NotLeaderException: Server localhost_10000@group-FF371CEDE24F is not the leader, logIndex=0, commits[localhost_10000:c-1]
2019-09-26 14:06:59,521 INFO  client.GrpcClientProtocolService (GrpcClientProtocolService.java:lambda$processClientRequest$0(278)) - Failed RaftClientRequest:client-FBD57F74AF91->localhost_10001@group-FF371CEDE24F, cid=42, seq=0, RW, Message:321f0a0f0a0d74657374...(size=33), reply=RaftClientReply:client-FBD57F74AF91->localhost_10001@group-FF371CEDE24F, cid=42, FAILED org.apache.ratis.protocol.NotLeaderException: Server localhost_10001@group-FF371CEDE24F is not the leader, logIndex=0, commits[localhost_10001:c-1]
2019-09-26 14:06:59,522 INFO  client.GrpcClientProtocolService (GrpcClientProtocolService.java:lambda$processClientRequest$0(278)) - Failed RaftClientRequest:client-FBD57F74AF91->localhost_10000@group-FF371CEDE24F, cid=42, seq=0, RW, Message:321f0a0f0a0d74657374...(size=33), reply=RaftClientReply:client-FBD57F74AF91->localhost_10000@group-FF371CEDE24F, cid=42, FAILED org.apache.ratis.protocol.NotLeaderException: Server localhost_10000@group-FF371CEDE24F is not the leader, logIndex=0, commits[localhost_10000:c-1]
2019-09-26 14:06:59,524 INFO  client.GrpcClientProtocolService (GrpcClientProtocolService.java:lambda$processClientRequest$0(278)) - Failed RaftClientRequest:client-FBD57F74AF91->localhost_10001@group-FF371CEDE24F, cid=42, seq=0, RW, Message:321f0a0f0a0d74657374...(size=33), reply=RaftClientReply:client-FBD57F74AF91->localhost_10001@group-FF371CEDE24F, cid=42, FAILED org.apache.ratis.protocol.NotLeaderException: Server localhost_10001@group-FF371CEDE24F is not the leader, logIndex=0, commits[localhost_10001:c-1]
2019-09-26 14:06:59,525 INFO  client.GrpcClientProtocolService (GrpcClientProtocolService.java:lambda$processClientRequest$0(278)) - Failed RaftClientRequest:client-FBD57F74AF91->localhost_10000@group-FF371CEDE24F, cid=42, seq=0, RW, Message:321f0a0f0a0d74657374...(size=33), reply=RaftClientReply:client-FBD57F74AF91->localhost_10000@group-FF371CEDE24F, cid=42, FAILED org.apache.ratis.protocol.NotLeaderException: Server localhost_10000@group-FF371CEDE24F is not the leader, logIndex=0, commits[localhost_10000:c-1]
2019-09-26 14:06:59,527 INFO  client.GrpcClientProtocolService (GrpcClientProtocolService.java:lambda$processClientRequest$0(278)) - Failed RaftClientRequest:client-FBD57F74AF91->localhost_10001@group-FF371CEDE24F, cid=42, seq=0, RW, Message:321f0a0f0a0d74657374...(size=33), reply=RaftClientReply:client-FBD57F74AF91->localhost_10001@group-FF371CEDE24F, cid=42, FAILED org.apache.ratis.protocol.NotLeaderException: Server localhost_10001@group-FF371CEDE24F is not the leader, logIndex=0, commits[localhost_10001:c-1]
2019-09-26 14:06:59,528 INFO  client.GrpcClientProtocolService (GrpcClientProtocolService.java:lambda$processClientRequest$0(278)) - Failed RaftClientRequest:client-FBD57F74AF91->localhost_10002@group-FF371CEDE24F, cid=42, seq=0, RW, Message:321f0a0f0a0d74657374...(size=33), reply=RaftClientReply:client-FBD57F74AF91->localhost_10002@group-FF371CEDE24F, cid=42, FAILED org.apache.ratis.protocol.NotLeaderException: Server localhost_10002@group-FF371CEDE24F is not the leader, logIndex=0, commits[localhost_10002:c-1]
2019-09-26 14:06:59,530 INFO  client.GrpcClientProtocolService (GrpcClientProtocolService.java:lambda$processClientRequest$0(278)) - Failed RaftClientRequest:client-FBD57F74AF91->localhost_10001@group-FF371CEDE24F, cid=42, seq=0, RW, Message:321f0a0f0a0d74657374...(size=33), reply=RaftClientReply:client-FBD57F74AF91->localhost_10001@group-FF371CEDE24F, cid=42, FAILED org.apache.ratis.protocol.NotLeaderException: Server localhost_10001@group-FF371CEDE24F is not the leader, logIndex=0, commits[localhost_10001:c-1]
2019-09-26 14:06:59,532 INFO  client.GrpcClientProtocolService (GrpcClientProtocolService.java:lambda$processClientRequest$0(278)) - Failed RaftClientRequest:client-FBD57F74AF91->localhost_10000@group-FF371CEDE24F, cid=42, seq=0, RW, Message:321f0a0f0a0d74657374...(size=33), reply=RaftClientReply:client-FBD57F74AF91->localhost_10000@group-FF371CEDE24F, cid=42, FAILED org.apache.ratis.protocol.NotLeaderException: Server localhost_10000@group-FF371CEDE24F is not the leader, logIndex=0, commits[localhost_10000:c-1]
2019-09-26 14:06:59,533 INFO  client.GrpcClientProtocolService (GrpcClientProtocolService.java:lambda$processClientRequest$0(278)) - Failed RaftClientRequest:client-FBD57F74AF91->localhost_10001@group-FF371CEDE24F, cid=42, seq=0, RW, Message:321f0a0f0a0d74657374...(size=33), reply=RaftClientReply:client-FBD57F74AF91->localhost_10001@group-FF371CEDE24F, cid=42, FAILED org.apache.ratis.protocol.NotLeaderException: Server localhost_10001@group-FF371CEDE24F is not the leader, logIndex=0, commits[localhost_10001:c-1]
2019-09-26 14:06:59,535 INFO  client.GrpcClientProtocolService (GrpcClientProtocolService.java:lambda$processClientRequest$0(278)) - Failed RaftClientRequest:client-FBD57F74AF91->localhost_10002@group-FF371CEDE24F, cid=42, seq=0, RW, Message:321f0a0f0a0d74657374...(size=33), reply=RaftClientReply:client-FBD57F74AF91->localhost_10002@group-FF371CEDE24F, cid=42, FAILED org.apache.ratis.protocol.NotLeaderException: Server localhost_10002@group-FF371CEDE24F is not the leader, logIndex=0, commits[localhost_10002:c-1]
2019-09-26 14:06:59,537 INFO  client.GrpcClientProtocolService (GrpcClientProtocolService.java:lambda$processClientRequest$0(278)) - Failed RaftClientRequest:client-FBD57F74AF91->localhost_10000@group-FF371CEDE24F, cid=42, seq=0, RW, Message:321f0a0f0a0d74657374...(size=33), reply=RaftClientReply:client-FBD57F74AF91->localhost_10000@group-FF371CEDE24F, cid=42, FAILED org.apache.ratis.protocol.NotLeaderException: Server localhost_10000@group-FF371CEDE24F is not the leader, logIndex=0, commits[localhost_10000:c-1]
2019-09-26 14:06:59,538 INFO  client.GrpcClientProtocolService (GrpcClientProtocolService.java:lambda$processClientRequest$0(278)) - Failed RaftClientRequest:client-FBD57F74AF91->localhost_10002@group-FF371CEDE24F, cid=42, seq=0, RW, Message:321f0a0f0a0d74657374...(size=33), reply=RaftClientReply:client-FBD57F74AF91->localhost_10002@group-FF371CEDE24F, cid=42, FAILED org.apache.ratis.protocol.NotLeaderException: Server localhost_10002@group-FF371CEDE24F is not the leader, logIndex=0, commits[localhost_10002:c-1]
2019-09-26 14:06:59,540 INFO  client.GrpcClientProtocolService (GrpcClientProtocolService.java:lambda$processClientRequest$0(278)) - Failed RaftClientRequest:client-FBD57F74AF91->localhost_10001@group-FF371CEDE24F, cid=42, seq=0, RW, Message:321f0a0f0a0d74657374...(size=33), reply=RaftClientReply:client-FBD57F74AF91->localhost_10001@group-FF371CEDE24F, cid=42, FAILED org.apache.ratis.protocol.NotLeaderException: Server localhost_10001@group-FF371CEDE24F is not the leader, logIndex=0, commits[localhost_10001:c-1]
2019-09-26 14:06:59,541 INFO  client.GrpcClientProtocolService (GrpcClientProtocolService.java:lambda$processClientRequest$0(278)) - Failed RaftClientRequest:client-FBD57F74AF91->localhost_10000@group-FF371CEDE24F, cid=42, seq=0, RW, Message:321f0a0f0a0d74657374...(size=33), reply=RaftClientReply:client-FBD57F74AF91->localhost_10000@group-FF371CEDE24F, cid=42, FAILED org.apache.ratis.protocol.NotLeaderException: Server localhost_10000@group-FF371CEDE24F is not the leader, logIndex=0, commits[localhost_10000:c-1]
2019-09-26 14:06:59,543 INFO  client.GrpcClientProtocolService (GrpcClientProtocolService.java:lambda$processClientRequest$0(278)) - Failed RaftClientRequest:client-FBD57F74AF91->localhost_10002@group-FF371CEDE24F, cid=42, seq=0, RW, Message:321f0a0f0a0d74657374...(size=33), reply=RaftClientReply:client-FBD57F74AF91->localhost_10002@group-FF371CEDE24F, cid=42, FAILED org.apache.ratis.protocol.NotLeaderException: Server localhost_10002@group-FF371CEDE24F is not the leader, logIndex=0, commits[localhost_10002:c-1]
2019-09-26 14:06:59,544 INFO  client.GrpcClientProtocolService (GrpcClientProtocolService.java:lambda$processClientRequest$0(278)) - Failed RaftClientRequest:client-FBD57F74AF91->localhost_10001@group-FF371CEDE24F, cid=42, seq=0, RW, Message:321f0a0f0a0d74657374...(size=33), reply=RaftClientReply:client-FBD57F74AF91->localhost_10001@group-FF371CEDE24F, cid=42, FAILED org.apache.ratis.protocol.NotLeaderException: Server localhost_10001@group-FF371CEDE24F is not the leader, logIndex=0, commits[localhost_10001:c-1]
2019-09-26 14:06:59,546 INFO  client.GrpcClientProtocolService (GrpcClientProtocolService.java:lambda$processClientRequest$0(278)) - Failed RaftClientRequest:client-FBD57F74AF91->localhost_10000@group-FF371CEDE24F, cid=42, seq=0, RW, Message:321f0a0f0a0d74657374...(size=33), reply=RaftClientReply:client-FBD57F74AF91->localhost_10000@group-FF371CEDE24F, cid=42, FAILED org.apache.ratis.protocol.NotLeaderException: Server localhost_10000@group-FF371CEDE24F is not the leader, logIndex=0, commits[localhost_10000:c-1]
2019-09-26 14:06:59,547 INFO  client.GrpcClientProtocolService (GrpcClientProtocolService.java:lambda$processClientRequest$0(278)) - Failed RaftClientRequest:client-FBD57F74AF91->localhost_10001@group-FF371CEDE24F, cid=42, seq=0, RW, Message:321f0a0f0a0d74657374...(size=33), reply=RaftClientReply:client-FBD57F74AF91->localhost_10001@group-FF371CEDE24F, cid=42, FAILED org.apache.ratis.protocol.NotLeaderException: Server localhost_10001@group-FF371CEDE24F is not the leader, logIndex=0, commits[localhost_10001:c-1]
2019-09-26 14:06:59,549 INFO  client.GrpcClientProtocolService (GrpcClientProtocolService.java:lambda$processClientRequest$0(278)) - Failed RaftClientRequest:client-FBD57F74AF91->localhost_10002@group-FF371CEDE24F, cid=42, seq=0, RW, Message:321f0a0f0a0d74657374...(size=33), reply=RaftClientReply:client-FBD57F74AF91->localhost_10002@group-FF371CEDE24F, cid=42, FAILED org.apache.ratis.protocol.NotLeaderException: Server localhost_10002@group-FF371CEDE24F is not the leader, logIndex=0, commits[localhost_10002:c-1]
2019-09-26 14:06:59,550 INFO  client.GrpcClientProtocolService (GrpcClientProtocolService.java:lambda$processClientRequest$0(278)) - Failed RaftClientRequest:client-FBD57F74AF91->localhost_10000@group-FF371CEDE24F, cid=42, seq=0, RW, Message:321f0a0f0a0d74657374...(size=33), reply=RaftClientReply:client-FBD57F74AF91->localhost_10000@group-FF371CEDE24F, cid=42, FAILED org.apache.ratis.protocol.NotLeaderException: Server localhost_10000@group-FF371CEDE24F is not the leader, logIndex=0, commits[localhost_10000:c-1]
2019-09-26 14:06:59,552 INFO  client.GrpcClientProtocolService (GrpcClientProtocolService.java:lambda$processClientRequest$0(278)) - Failed RaftClientRequest:client-FBD57F74AF91->localhost_10001@group-FF371CEDE24F, cid=42, seq=0, RW, Message:321f0a0f0a0d74657374...(size=33), reply=RaftClientReply:client-FBD57F74AF91->localhost_10001@group-FF371CEDE24F, cid=42, FAILED org.apache.ratis.protocol.NotLeaderException: Server localhost_10001@group-FF371CEDE24F is not the leader, logIndex=0, commits[localhost_10001:c-1]
2019-09-26 14:06:59,553 INFO  client.GrpcClientProtocolService (GrpcClientProtocolService.java:lambda$processClientRequest$0(278)) - Failed RaftClientRequest:client-FBD57F74AF91->localhost_10000@group-FF371CEDE24F, cid=42, seq=0, RW, Message:321f0a0f0a0d74657374...(size=33), reply=RaftClientReply:client-FBD57F74AF91->localhost_10000@group-FF371CEDE24F, cid=42, FAILED org.apache.ratis.protocol.NotLeaderException: Server localhost_10000@group-FF371CEDE24F is not the leader, logIndex=0, commits[localhost_10000:c-1]
2019-09-26 14:06:59,555 INFO  client.GrpcClientProtocolService (GrpcClientProtocolService.java:lambda$processClientRequest$0(278)) - Failed RaftClientRequest:client-FBD57F74AF91->localhost_10001@group-FF371CEDE24F, cid=42, seq=0, RW, Message:321f0a0f0a0d74657374...(size=33), reply=RaftClientReply:client-FBD57F74AF91->localhost_10001@group-FF371CEDE24F, cid=42, FAILED org.apache.ratis.protocol.NotLeaderException: Server localhost_10001@group-FF371CEDE24F is not the leader, logIndex=0, commits[localhost_10001:c-1]
2019-09-26 14:06:59,556 INFO  client.GrpcClientProtocolService (GrpcClientProtocolService.java:lambda$processClientRequest$0(278)) - Failed RaftClientRequest:client-FBD57F74AF91->localhost_10000@group-FF371CEDE24F, cid=42, seq=0, RW, Message:321f0a0f0a0d74657374...(size=33), reply=RaftClientReply:client-FBD57F74AF91->localhost_10000@group-FF371CEDE24F, cid=42, FAILED org.apache.ratis.protocol.NotLeaderException: Server localhost_10000@group-FF371CEDE24F is not the leader, logIndex=0, commits[localhost_10000:c-1]
2019-09-26 14:06:59,558 INFO  client.GrpcClientProtocolService (GrpcClientProtocolService.java:lambda$processClientRequest$0(278)) - Failed RaftClientRequest:client-FBD57F74AF91->localhost_10002@group-FF371CEDE24F, cid=42, seq=0, RW, Message:321f0a0f0a0d74657374...(size=33), reply=RaftClientReply:client-FBD57F74AF91->localhost_10002@group-FF371CEDE24F, cid=42, FAILED org.apache.ratis.protocol.NotLeaderException: Server localhost_10002@group-FF371CEDE24F is not the leader, logIndex=0, commits[localhost_10002:c-1]
2019-09-26 14:06:59,559 INFO  client.GrpcClientProtocolService (GrpcClientProtocolService.java:lambda$processClientRequest$0(278)) - Failed RaftClientRequest:client-FBD57F74AF91->localhost_10000@group-FF371CEDE24F, cid=42, seq=0, RW, Message:321f0a0f0a0d74657374...(size=33), reply=RaftClientReply:client-FBD57F74AF91->localhost_10000@group-FF371CEDE24F, cid=42, FAILED org.apache.ratis.protocol.NotLeaderException: Server localhost_10000@group-FF371CEDE24F is not the leader, logIndex=0, commits[localhost_10000:c-1]
2019-09-26 14:06:59,560 INFO  client.GrpcClientProtocolService (GrpcClientProtocolService.java:lambda$processClientRequest$0(278)) - Failed RaftClientRequest:client-FBD57F74AF91->localhost_10002@group-FF371CEDE24F, cid=42, seq=0, RW, Message:321f0a0f0a0d74657374...(size=33), reply=RaftClientReply:client-FBD57F74AF91->localhost_10002@group-FF371CEDE24F, cid=42, FAILED org.apache.ratis.protocol.NotLeaderException: Server localhost_10002@group-FF371CEDE24F is not the leader, logIndex=0, commits[localhost_10002:c-1]
2019-09-26 14:06:59,562 INFO  client.GrpcClientProtocolService (GrpcClientProtocolService.java:lambda$processClientRequest$0(278)) - Failed RaftClientRequest:client-FBD57F74AF91->localhost_10000@group-FF371CEDE24F, cid=42, seq=0, RW, Message:321f0a0f0a0d74657374...(size=33), reply=RaftClientReply:client-FBD57F74AF91->localhost_10000@group-FF371CEDE24F, cid=42, FAILED org.apache.ratis.protocol.NotLeaderException: Server localhost_10000@group-FF371CEDE24F is not the leader, logIndex=0, commits[localhost_10000:c-1]
2019-09-26 14:06:59,563 INFO  client.GrpcClientProtocolService (GrpcClientProtocolService.java:lambda$processClientRequest$0(278)) - Failed RaftClientRequest:client-FBD57F74AF91->localhost_10002@group-FF371CEDE24F, cid=42, seq=0, RW, Message:321f0a0f0a0d74657374...(size=33), reply=RaftClientReply:client-FBD57F74AF91->localhost_10002@group-FF371CEDE24F, cid=42, FAILED org.apache.ratis.protocol.NotLeaderException: Server localhost_10002@group-FF371CEDE24F is not the leader, logIndex=0, commits[localhost_10002:c-1]
2019-09-26 14:06:59,564 INFO  client.GrpcClientProtocolService (GrpcClientProtocolService.java:lambda$processClientRequest$0(278)) - Failed RaftClientRequest:client-FBD57F74AF91->localhost_10000@group-FF371CEDE24F, cid=42, seq=0, RW, Message:321f0a0f0a0d74657374...(size=33), reply=RaftClientReply:client-FBD57F74AF91->localhost_10000@group-FF371CEDE24F, cid=42, FAILED org.apache.ratis.protocol.NotLeaderException: Server localhost_10000@group-FF371CEDE24F is not the leader, logIndex=0, commits[localhost_10000:c-1]
2019-09-26 14:06:59,566 INFO  client.GrpcClientProtocolService (GrpcClientProtocolService.java:lambda$processClientRequest$0(278)) - Failed RaftClientRequest:client-FBD57F74AF91->localhost_10001@group-FF371CEDE24F, cid=42, seq=0, RW, Message:321f0a0f0a0d74657374...(size=33), reply=RaftClientReply:client-FBD57F74AF91->localhost_10001@group-FF371CEDE24F, cid=42, FAILED org.apache.ratis.protocol.NotLeaderException: Server localhost_10001@group-FF371CEDE24F is not the leader, logIndex=0, commits[localhost_10001:c-1]
2019-09-26 14:06:59,567 INFO  client.GrpcClientProtocolService (GrpcClientProtocolService.java:lambda$processClientRequest$0(278)) - Failed RaftClientRequest:client-FBD57F74AF91->localhost_10002@group-FF371CEDE24F, cid=42, seq=0, RW, Message:321f0a0f0a0d74657374...(size=33), reply=RaftClientReply:client-FBD57F74AF91->localhost_10002@group-FF371CEDE24F, cid=42, FAILED org.apache.ratis.protocol.NotLeaderException: Server localhost_10002@group-FF371CEDE24F is not the leader, logIndex=0, commits[localhost_10002:c-1]
2019-09-26 14:06:59,568 INFO  client.GrpcClientProtocolService (GrpcClientProtocolService.java:lambda$processClientRequest$0(278)) - Failed RaftClientRequest:client-FBD57F74AF91->localhost_10001@group-FF371CEDE24F, cid=42, seq=0, RW, Message:321f0a0f0a0d74657374...(size=33), reply=RaftClientReply:client-FBD57F74AF91->localhost_10001@group-FF371CEDE24F, cid=42, FAILED org.apache.ratis.protocol.NotLeaderException: Server localhost_10001@group-FF371CEDE24F is not the leader, logIndex=0, commits[localhost_10001:c-1]
2019-09-26 14:06:59,570 INFO  client.GrpcClientProtocolService (GrpcClientProtocolService.java:lambda$processClientRequest$0(278)) - Failed RaftClientRequest:client-FBD57F74AF91->localhost_10002@group-FF371CEDE24F, cid=42, seq=0, RW, Message:321f0a0f0a0d74657374...(size=33), reply=RaftClientReply:client-FBD57F74AF91->localhost_10002@group-FF371CEDE24F, cid=42, FAILED org.apache.ratis.protocol.NotLeaderException: Server localhost_10002@group-FF371CEDE24F is not the leader, logIndex=0, commits[localhost_10002:c-1]
2019-09-26 14:06:59,571 INFO  client.GrpcClientProtocolService (GrpcClientProtocolService.java:lambda$processClientRequest$0(278)) - Failed RaftClientRequest:client-FBD57F74AF91->localhost_10001@group-FF371CEDE24F, cid=42, seq=0, RW, Message:321f0a0f0a0d74657374...(size=33), reply=RaftClientReply:client-FBD57F74AF91->localhost_10001@group-FF371CEDE24F, cid=42, FAILED org.apache.ratis.protocol.NotLeaderException: Server localhost_10001@group-FF371CEDE24F is not the leader, logIndex=0, commits[localhost_10001:c-1]
2019-09-26 14:06:59,573 INFO  client.GrpcClientProtocolService (GrpcClientProtocolService.java:lambda$processClientRequest$0(278)) - Failed RaftClientRequest:client-FBD57F74AF91->localhost_10000@group-FF371CEDE24F, cid=42, seq=0, RW, Message:321f0a0f0a0d74657374...(size=33), reply=RaftClientReply:client-FBD57F74AF91->localhost_10000@group-FF371CEDE24F, cid=42, FAILED org.apache.ratis.protocol.NotLeaderException: Server localhost_10000@group-FF371CEDE24F is not the leader, logIndex=0, commits[localhost_10000:c-1]
2019-09-26 14:06:59,574 INFO  client.GrpcClientProtocolService (GrpcClientProtocolService.java:lambda$processClientRequest$0(278)) - Failed RaftClientRequest:client-FBD57F74AF91->localhost_10001@group-FF371CEDE24F, cid=42, seq=0, RW, Message:321f0a0f0a0d74657374...(size=33), reply=RaftClientReply:client-FBD57F74AF91->localhost_10001@group-FF371CEDE24F, cid=42, FAILED org.apache.ratis.protocol.NotLeaderException: Server localhost_10001@group-FF371CEDE24F is not the leader, logIndex=0, commits[localhost_10001:c-1]
2019-09-26 14:06:59,575 INFO  client.GrpcClientProtocolService (GrpcClientProtocolService.java:lambda$processClientRequest$0(278)) - Failed RaftClientRequest:client-FBD57F74AF91->localhost_10002@group-FF371CEDE24F, cid=42, seq=0, RW, Message:321f0a0f0a0d74657374...(size=33), reply=RaftClientReply:client-FBD57F74AF91->localhost_10002@group-FF371CEDE24F, cid=42, FAILED org.apache.ratis.protocol.NotLeaderException: Server localhost_10002@group-FF371CEDE24F is not the leader, logIndex=0, commits[localhost_10002:c-1]
2019-09-26 14:06:59,577 INFO  client.GrpcClientProtocolService (GrpcClientProtocolService.java:lambda$processClientRequest$0(278)) - Failed RaftClientRequest:client-FBD57F74AF91->localhost_10000@group-FF371CEDE24F, cid=42, seq=0, RW, Message:321f0a0f0a0d74657374...(size=33), reply=RaftClientReply:client-FBD57F74AF91->localhost_10000@group-FF371CEDE24F, cid=42, FAILED org.apache.ratis.protocol.NotLeaderException: Server localhost_10000@group-FF371CEDE24F is not the leader, logIndex=0, commits[localhost_10000:c-1]
2019-09-26 14:06:59,578 INFO  client.GrpcClientProtocolService (GrpcClientProtocolService.java:lambda$processClientRequest$0(278)) - Failed RaftClientRequest:client-FBD57F74AF91->localhost_10001@group-FF371CEDE24F, cid=42, seq=0, RW, Message:321f0a0f0a0d74657374...(size=33), reply=RaftClientReply:client-FBD57F74AF91->localhost_10001@group-FF371CEDE24F, cid=42, FAILED org.apache.ratis.protocol.NotLeaderException: Server localhost_10001@group-FF371CEDE24F is not the leader, logIndex=0, commits[localhost_10001:c-1]
2019-09-26 14:06:59,580 INFO  client.GrpcClientProtocolService (GrpcClientProtocolService.java:lambda$processClientRequest$0(278)) - Failed RaftClientRequest:client-FBD57F74AF91->localhost_10002@group-FF371CEDE24F, cid=42, seq=0, RW, Message:321f0a0f0a0d74657374...(size=33), reply=RaftClientReply:client-FBD57F74AF91->localhost_10002@group-FF371CEDE24F, cid=42, FAILED org.apache.ratis.protocol.NotLeaderException: Server localhost_10002@group-FF371CEDE24F is not the leader, logIndex=0, commits[localhost_10002:c-1]
2019-09-26 14:06:59,581 INFO  client.GrpcClientProtocolService (GrpcClientProtocolService.java:lambda$processClientRequest$0(278)) - Failed RaftClientRequest:client-FBD57F74AF91->localhost_10000@group-FF371CEDE24F, cid=42, seq=0, RW, Message:321f0a0f0a0d74657374...(size=33), reply=RaftClientReply:client-FBD57F74AF91->localhost_10000@group-FF371CEDE24F, cid=42, FAILED org.apache.ratis.protocol.NotLeaderException: Server localhost_10000@group-FF371CEDE24F is not the leader, logIndex=0, commits[localhost_10000:c-1]
2019-09-26 14:06:59,583 INFO  client.GrpcClientProtocolService (GrpcClientProtocolService.java:lambda$processClientRequest$0(278)) - Failed RaftClientRequest:client-FBD57F74AF91->localhost_10001@group-FF371CEDE24F, cid=42, seq=0, RW, Message:321f0a0f0a0d74657374...(size=33), reply=RaftClientReply:client-FBD57F74AF91->localhost_10001@group-FF371CEDE24F, cid=42, FAILED org.apache.ratis.protocol.NotLeaderException: Server localhost_10001@group-FF371CEDE24F is not the leader, logIndex=0, commits[localhost_10001:c-1]
2019-09-26 14:06:59,584 INFO  client.GrpcClientProtocolService (GrpcClientProtocolService.java:lambda$processClientRequest$0(278)) - Failed RaftClientRequest:client-FBD57F74AF91->localhost_10000@group-FF371CEDE24F, cid=42, seq=0, RW, Message:321f0a0f0a0d74657374...(size=33), reply=RaftClientReply:client-FBD57F74AF91->localhost_10000@group-FF371CEDE24F, cid=42, FAILED org.apache.ratis.protocol.NotLeaderException: Server localhost_10000@group-FF371CEDE24F is not the leader, logIndex=0, commits[localhost_10000:c-1]
2019-09-26 14:06:59,586 INFO  client.GrpcClientProtocolService (GrpcClientProtocolService.java:lambda$processClientRequest$0(278)) - Failed RaftClientRequest:client-FBD57F74AF91->localhost_10001@group-FF371CEDE24F, cid=42, seq=0, RW, Message:321f0a0f0a0d74657374...(size=33), reply=RaftClientReply:client-FBD57F74AF91->localhost_10001@group-FF371CEDE24F, cid=42, FAILED org.apache.ratis.protocol.NotLeaderException: Server localhost_10001@group-FF371CEDE24F is not the leader, logIndex=0, commits[localhost_10001:c-1]
2019-09-26 14:06:59,587 INFO  client.GrpcClientProtocolService (GrpcClientProtocolService.java:lambda$processClientRequest$0(278)) - Failed RaftClientRequest:client-FBD57F74AF91->localhost_10000@group-FF371CEDE24F, cid=42, seq=0, RW, Message:321f0a0f0a0d74657374...(size=33), reply=RaftClientReply:client-FBD57F74AF91->localhost_10000@group-FF371CEDE24F, cid=42, FAILED org.apache.ratis.protocol.NotLeaderException: Server localhost_10000@group-FF371CEDE24F is not the leader, logIndex=0, commits[localhost_10000:c-1]
2019-09-26 14:06:59,589 INFO  client.GrpcClientProtocolService (GrpcClientProtocolService.java:lambda$processClientRequest$0(278)) - Failed RaftClientRequest:client-FBD57F74AF91->localhost_10002@group-FF371CEDE24F, cid=42, seq=0, RW, Message:321f0a0f0a0d74657374...(size=33), reply=RaftClientReply:client-FBD57F74AF91->localhost_10002@group-FF371CEDE24F, cid=42, FAILED org.apache.ratis.protocol.NotLeaderException: Server localhost_10002@group-FF371CEDE24F is not the leader, logIndex=0, commits[localhost_10002:c-1]
2019-09-26 14:06:59,591 INFO  client.GrpcClientProtocolService (GrpcClientProtocolService.java:lambda$processClientRequest$0(278)) - Failed RaftClientRequest:client-FBD57F74AF91->localhost_10000@group-FF371CEDE24F, cid=42, seq=0, RW, Message:321f0a0f0a0d74657374...(size=33), reply=RaftClientReply:client-FBD57F74AF91->localhost_10000@group-FF371CEDE24F, cid=42, FAILED org.apache.ratis.protocol.NotLeaderException: Server localhost_10000@group-FF371CEDE24F is not the leader, logIndex=0, commits[localhost_10000:c-1]
2019-09-26 14:06:59,592 INFO  client.GrpcClientProtocolService (GrpcClientProtocolService.java:lambda$processClientRequest$0(278)) - Failed RaftClientRequest:client-FBD57F74AF91->localhost_10001@group-FF371CEDE24F, cid=42, seq=0, RW, Message:321f0a0f0a0d74657374...(size=33), reply=RaftClientReply:client-FBD57F74AF91->localhost_10001@group-FF371CEDE24F, cid=42, FAILED org.apache.ratis.protocol.NotLeaderException: Server localhost_10001@group-FF371CEDE24F is not the leader, logIndex=0, commits[localhost_10001:c-1]
2019-09-26 14:06:59,594 INFO  client.GrpcClientProtocolService (GrpcClientProtocolService.java:lambda$processClientRequest$0(278)) - Failed RaftClientRequest:client-FBD57F74AF91->localhost_10002@group-FF371CEDE24F, cid=42, seq=0, RW, Message:321f0a0f0a0d74657374...(size=33), reply=RaftClientReply:client-FBD57F74AF91->localhost_10002@group-FF371CEDE24F, cid=42, FAILED org.apache.ratis.protocol.NotLeaderException: Server localhost_10002@group-FF371CEDE24F is not the leader, logIndex=0, commits[localhost_10002:c-1]
2019-09-26 14:06:59,595 INFO  client.GrpcClientProtocolService (GrpcClientProtocolService.java:lambda$processClientRequest$0(278)) - Failed RaftClientRequest:client-FBD57F74AF91->localhost_10000@group-FF371CEDE24F, cid=42, seq=0, RW, Message:321f0a0f0a0d74657374...(size=33), reply=RaftClientReply:client-FBD57F74AF91->localhost_10000@group-FF371CEDE24F, cid=42, FAILED org.apache.ratis.protocol.NotLeaderException: Server localhost_10000@group-FF371CEDE24F is not the leader, logIndex=0, commits[localhost_10000:c-1]
2019-09-26 14:06:59,597 INFO  client.GrpcClientProtocolService (GrpcClientProtocolService.java:lambda$processClientRequest$0(278)) - Failed RaftClientRequest:client-FBD57F74AF91->localhost_10001@group-FF371CEDE24F, cid=42, seq=0, RW, Message:321f0a0f0a0d74657374...(size=33), reply=RaftClientReply:client-FBD57F74AF91->localhost_10001@group-FF371CEDE24F, cid=42, FAILED org.apache.ratis.protocol.NotLeaderException: Server localhost_10001@group-FF371CEDE24F is not the leader, logIndex=0, commits[localhost_10001:c-1]
2019-09-26 14:06:59,598 INFO  client.GrpcClientProtocolService (GrpcClientProtocolService.java:lambda$processClientRequest$0(278)) - Failed RaftClientRequest:client-FBD57F74AF91->localhost_10002@group-FF371CEDE24F, cid=42, seq=0, RW, Message:321f0a0f0a0d74657374...(size=33), reply=RaftClientReply:client-FBD57F74AF91->localhost_10002@group-FF371CEDE24F, cid=42, FAILED org.apache.ratis.protocol.NotLeaderException: Server localhost_10002@group-FF371CEDE24F is not the leader, logIndex=0, commits[localhost_10002:c-1]
2019-09-26 14:06:59,599 INFO  client.GrpcClientProtocolService (GrpcClientProtocolService.java:lambda$processClientRequest$0(278)) - Failed RaftClientRequest:client-FBD57F74AF91->localhost_10001@group-FF371CEDE24F, cid=42, seq=0, RW, Message:321f0a0f0a0d74657374...(size=33), reply=RaftClientReply:client-FBD57F74AF91->localhost_10001@group-FF371CEDE24F, cid=42, FAILED org.apache.ratis.protocol.NotLeaderException: Server localhost_10001@group-FF371CEDE24F is not the leader, logIndex=0, commits[localhost_10001:c-1]
2019-09-26 14:06:59,601 INFO  client.GrpcClientProtocolService (GrpcClientProtocolService.java:lambda$processClientRequest$0(278)) - Failed RaftClientRequest:client-FBD57F74AF91->localhost_10002@group-FF371CEDE24F, cid=42, seq=0, RW, Message:321f0a0f0a0d74657374...(size=33), reply=RaftClientReply:client-FBD57F74AF91->localhost_10002@group-FF371CEDE24F, cid=42, FAILED org.apache.ratis.protocol.NotLeaderException: Server localhost_10002@group-FF371CEDE24F is not the leader, logIndex=0, commits[localhost_10002:c-1]
2019-09-26 14:06:59,602 INFO  client.GrpcClientProtocolService (GrpcClientProtocolService.java:lambda$processClientRequest$0(278)) - Failed RaftClientRequest:client-FBD57F74AF91->localhost_10001@group-FF371CEDE24F, cid=42, seq=0, RW, Message:321f0a0f0a0d74657374...(size=33), reply=RaftClientReply:client-FBD57F74AF91->localhost_10001@group-FF371CEDE24F, cid=42, FAILED org.apache.ratis.protocol.NotLeaderException: Server localhost_10001@group-FF371CEDE24F is not the leader, logIndex=0, commits[localhost_10001:c-1]
2019-09-26 14:06:59,604 INFO  client.GrpcClientProtocolService (GrpcClientProtocolService.java:lambda$processClientRequest$0(278)) - Failed RaftClientRequest:client-FBD57F74AF91->localhost_10002@group-FF371CEDE24F, cid=42, seq=0, RW, Message:321f0a0f0a0d74657374...(size=33), reply=RaftClientReply:client-FBD57F74AF91->localhost_10002@group-FF371CEDE24F, cid=42, FAILED org.apache.ratis.protocol.NotLeaderException: Server localhost_10002@group-FF371CEDE24F is not the leader, logIndex=0, commits[localhost_10002:c-1]
2019-09-26 14:06:59,605 INFO  client.GrpcClientProtocolService (GrpcClientProtocolService.java:lambda$processClientRequest$0(278)) - Failed RaftClientRequest:client-FBD57F74AF91->localhost_10001@group-FF371CEDE24F, cid=42, seq=0, RW, Message:321f0a0f0a0d74657374...(size=33), reply=RaftClientReply:client-FBD57F74AF91->localhost_10001@group-FF371CEDE24F, cid=42, FAILED org.apache.ratis.protocol.NotLeaderException: Server localhost_10001@group-FF371CEDE24F is not the leader, logIndex=0, commits[localhost_10001:c-1]
2019-09-26 14:06:59,607 INFO  client.GrpcClientProtocolService (GrpcClientProtocolService.java:lambda$processClientRequest$0(278)) - Failed RaftClientRequest:client-FBD57F74AF91->localhost_10002@group-FF371CEDE24F, cid=42, seq=0, RW, Message:321f0a0f0a0d74657374...(size=33), reply=RaftClientReply:client-FBD57F74AF91->localhost_10002@group-FF371CEDE24F, cid=42, FAILED org.apache.ratis.protocol.NotLeaderException: Server localhost_10002@group-FF371CEDE24F is not the leader, logIndex=0, commits[localhost_10002:c-1]
2019-09-26 14:06:59,608 INFO  client.GrpcClientProtocolService (GrpcClientProtocolService.java:lambda$processClientRequest$0(278)) - Failed RaftClientRequest:client-FBD57F74AF91->localhost_10000@group-FF371CEDE24F, cid=42, seq=0, RW, Message:321f0a0f0a0d74657374...(size=33), reply=RaftClientReply:client-FBD57F74AF91->localhost_10000@group-FF371CEDE24F, cid=42, FAILED org.apache.ratis.protocol.NotLeaderException: Server localhost_10000@group-FF371CEDE24F is not the leader, logIndex=0, commits[localhost_10000:c-1]
2019-09-26 14:06:59,609 INFO  client.GrpcClientProtocolService (GrpcClientProtocolService.java:lambda$processClientRequest$0(278)) - Failed RaftClientRequest:client-FBD57F74AF91->localhost_10001@group-FF371CEDE24F, cid=42, seq=0, RW, Message:321f0a0f0a0d74657374...(size=33), reply=RaftClientReply:client-FBD57F74AF91->localhost_10001@group-FF371CEDE24F, cid=42, FAILED org.apache.ratis.protocol.NotLeaderException: Server localhost_10001@group-FF371CEDE24F is not the leader, logIndex=0, commits[localhost_10001:c-1]
2019-09-26 14:06:59,611 INFO  client.GrpcClientProtocolService (GrpcClientProtocolService.java:lambda$processClientRequest$0(278)) - Failed RaftClientRequest:client-FBD57F74AF91->localhost_10000@group-FF371CEDE24F, cid=42, seq=0, RW, Message:321f0a0f0a0d74657374...(size=33), reply=RaftClientReply:client-FBD57F74AF91->localhost_10000@group-FF371CEDE24F, cid=42, FAILED org.apache.ratis.protocol.NotLeaderException: Server localhost_10000@group-FF371CEDE24F is not the leader, logIndex=0, commits[localhost_10000:c-1]
2019-09-26 14:06:59,612 INFO  impl.FollowerState (FollowerState.java:run(108)) - localhost_10001@group-FF371CEDE24F-FollowerState: change to CANDIDATE, lastRpcTime:1060ms, electionTimeout:1059ms
2019-09-26 14:06:59,612 INFO  impl.RoleInfo (RoleInfo.java:shutdownFollowerState(121)) - localhost_10001: shutdown FollowerState
2019-09-26 14:06:59,612 INFO  impl.RaftServerImpl (RaftServerImpl.java:setRole(170)) - localhost_10001@group-FF371CEDE24F: changes role from  FOLLOWER to CANDIDATE at term 1 for changeToCandidate
2019-09-26 14:06:59,612 INFO  client.GrpcClientProtocolService (GrpcClientProtocolService.java:lambda$processClientRequest$0(278)) - Failed RaftClientRequest:client-FBD57F74AF91->localhost_10001@group-FF371CEDE24F, cid=42, seq=0, RW, Message:321f0a0f0a0d74657374...(size=33), reply=RaftClientReply:client-FBD57F74AF91->localhost_10001@group-FF371CEDE24F, cid=42, FAILED org.apache.ratis.protocol.NotLeaderException: Server localhost_10001@group-FF371CEDE24F is not the leader, logIndex=0, commits[localhost_10001:c-1]
2019-09-26 14:06:59,612 INFO  impl.RoleInfo (RoleInfo.java:updateAndGet(143)) - localhost_10001: start LeaderElection
2019-09-26 14:06:59,615 INFO  client.GrpcClientProtocolService (GrpcClientProtocolService.java:lambda$processClientRequest$0(278)) - Failed RaftClientRequest:client-FBD57F74AF91->localhost_10000@group-FF371CEDE24F, cid=42, seq=0, RW, Message:321f0a0f0a0d74657374...(size=33), reply=RaftClientReply:client-FBD57F74AF91->localhost_10000@group-FF371CEDE24F, cid=42, FAILED org.apache.ratis.protocol.NotLeaderException: Server localhost_10000@group-FF371CEDE24F is not the leader, logIndex=0, commits[localhost_10000:c-1]
2019-09-26 14:06:59,616 INFO  client.GrpcClientProtocolService (GrpcClientProtocolService.java:lambda$processClientRequest$0(278)) - Failed RaftClientRequest:client-FBD57F74AF91->localhost_10002@group-FF371CEDE24F, cid=42, seq=0, RW, Message:321f0a0f0a0d74657374...(size=33), reply=RaftClientReply:client-FBD57F74AF91->localhost_10002@group-FF371CEDE24F, cid=42, FAILED org.apache.ratis.protocol.NotLeaderException: Server localhost_10002@group-FF371CEDE24F is not the leader, logIndex=0, commits[localhost_10002:c-1]
2019-09-26 14:06:59,618 INFO  client.GrpcClientProtocolService (GrpcClientProtocolService.java:lambda$processClientRequest$0(278)) - Failed RaftClientRequest:client-FBD57F74AF91->localhost_10000@group-FF371CEDE24F, cid=42, seq=0, RW, Message:321f0a0f0a0d74657374...(size=33), reply=RaftClientReply:client-FBD57F74AF91->localhost_10000@group-FF371CEDE24F, cid=42, FAILED org.apache.ratis.protocol.NotLeaderException: Server localhost_10000@group-FF371CEDE24F is not the leader, logIndex=0, commits[localhost_10000:c-1]
2019-09-26 14:06:59,619 INFO  client.GrpcClientProtocolService (GrpcClientProtocolService.java:lambda$processClientRequest$0(278)) - Failed RaftClientRequest:client-FBD57F74AF91->localhost_10002@group-FF371CEDE24F, cid=42, seq=0, RW, Message:321f0a0f0a0d74657374...(size=33), reply=RaftClientReply:client-FBD57F74AF91->localhost_10002@group-FF371CEDE24F, cid=42, FAILED org.apache.ratis.protocol.NotLeaderException: Server localhost_10002@group-FF371CEDE24F is not the leader, logIndex=0, commits[localhost_10002:c-1]
2019-09-26 14:06:59,621 INFO  client.GrpcClientProtocolService (GrpcClientProtocolService.java:lambda$processClientRequest$0(278)) - Failed RaftClientRequest:client-FBD57F74AF91->localhost_10001@group-FF371CEDE24F, cid=42, seq=0, RW, Message:321f0a0f0a0d74657374...(size=33), reply=RaftClientReply:client-FBD57F74AF91->localhost_10001@group-FF371CEDE24F, cid=42, FAILED org.apache.ratis.protocol.NotLeaderException: Server localhost_10001@group-FF371CEDE24F is not the leader, logIndex=0, commits[localhost_10001:c-1]
2019-09-26 14:06:59,623 INFO  client.GrpcClientProtocolService (GrpcClientProtocolService.java:lambda$processClientRequest$0(278)) - Failed RaftClientRequest:client-FBD57F74AF91->localhost_10000@group-FF371CEDE24F, cid=42, seq=0, RW, Message:321f0a0f0a0d74657374...(size=33), reply=RaftClientReply:client-FBD57F74AF91->localhost_10000@group-FF371CEDE24F, cid=42, FAILED org.apache.ratis.protocol.NotLeaderException: Server localhost_10000@group-FF371CEDE24F is not the leader, logIndex=0, commits[localhost_10000:c-1]
2019-09-26 14:06:59,624 INFO  client.GrpcClientProtocolService (GrpcClientProtocolService.java:lambda$processClientRequest$0(278)) - Failed RaftClientRequest:client-FBD57F74AF91->localhost_10001@group-FF371CEDE24F, cid=42, seq=0, RW, Message:321f0a0f0a0d74657374...(size=33), reply=RaftClientReply:client-FBD57F74AF91->localhost_10001@group-FF371CEDE24F, cid=42, FAILED org.apache.ratis.protocol.NotLeaderException: Server localhost_10001@group-FF371CEDE24F is not the leader, logIndex=0, commits[localhost_10001:c-1]
2019-09-26 14:06:59,626 INFO  client.GrpcClientProtocolService (GrpcClientProtocolService.java:lambda$processClientRequest$0(278)) - Failed RaftClientRequest:client-FBD57F74AF91->localhost_10000@group-FF371CEDE24F, cid=42, seq=0, RW, Message:321f0a0f0a0d74657374...(size=33), reply=RaftClientReply:client-FBD57F74AF91->localhost_10000@group-FF371CEDE24F, cid=42, FAILED org.apache.ratis.protocol.NotLeaderException: Server localhost_10000@group-FF371CEDE24F is not the leader, logIndex=0, commits[localhost_10000:c-1]
2019-09-26 14:06:59,626 INFO  impl.LeaderElection (LeaderElection.java:askForVotes(178)) - localhost_10001@group-FF371CEDE24F-LeaderElection10: begin an election at term 2 for -1: [localhost_10002:localhost:10002, localhost_10001:localhost:10001, localhost_10000:localhost:10000], old=null
2019-09-26 14:06:59,627 INFO  client.GrpcClientProtocolService (GrpcClientProtocolService.java:lambda$processClientRequest$0(278)) - Failed RaftClientRequest:client-FBD57F74AF91->localhost_10001@group-FF371CEDE24F, cid=42, seq=0, RW, Message:321f0a0f0a0d74657374...(size=33), reply=RaftClientReply:client-FBD57F74AF91->localhost_10001@group-FF371CEDE24F, cid=42, FAILED org.apache.ratis.protocol.NotLeaderException: Server localhost_10001@group-FF371CEDE24F is not the leader, logIndex=0, commits[localhost_10001:c-1]
2019-09-26 14:06:59,628 INFO  impl.RaftServerImpl (RaftServerImpl.java:setRole(170)) - localhost_10002@group-FF371CEDE24F: changes role from  FOLLOWER to FOLLOWER at term 2 for recognizeCandidate:localhost_10001
2019-09-26 14:06:59,628 INFO  impl.RaftServerImpl (RaftServerImpl.java:setRole(170)) - localhost_10000@group-FF371CEDE24F: changes role from  FOLLOWER to FOLLOWER at term 2 for recognizeCandidate:localhost_10001
2019-09-26 14:06:59,628 INFO  impl.RoleInfo (RoleInfo.java:shutdownFollowerState(121)) - localhost_10002: shutdown FollowerState
2019-09-26 14:06:59,628 INFO  impl.RoleInfo (RoleInfo.java:shutdownFollowerState(121)) - localhost_10000: shutdown FollowerState
2019-09-26 14:06:59,628 INFO  impl.FollowerState (FollowerState.java:run(117)) - localhost_10002@group-FF371CEDE24F-FollowerState was interrupted: java.lang.InterruptedException: sleep interrupted
2019-09-26 14:06:59,628 INFO  impl.RoleInfo (RoleInfo.java:updateAndGet(143)) - localhost_10002: start FollowerState
2019-09-26 14:06:59,628 INFO  impl.FollowerState (FollowerState.java:run(117)) - localhost_10000@group-FF371CEDE24F-FollowerState was interrupted: java.lang.InterruptedException: sleep interrupted
2019-09-26 14:06:59,628 INFO  impl.RoleInfo (RoleInfo.java:updateAndGet(143)) - localhost_10000: start FollowerState
2019-09-26 14:06:59,630 INFO  client.GrpcClientProtocolService (GrpcClientProtocolService.java:lambda$processClientRequest$0(278)) - Failed RaftClientRequest:client-FBD57F74AF91->localhost_10002@group-FF371CEDE24F, cid=42, seq=0, RW, Message:321f0a0f0a0d74657374...(size=33), reply=RaftClientReply:client-FBD57F74AF91->localhost_10002@group-FF371CEDE24F, cid=42, FAILED org.apache.ratis.protocol.NotLeaderException: Server localhost_10002@group-FF371CEDE24F is not the leader, logIndex=0, commits[localhost_10002:c-1]
2019-09-26 14:06:59,632 INFO  client.GrpcClientProtocolService (GrpcClientProtocolService.java:lambda$processClientRequest$0(278)) - Failed RaftClientRequest:client-FBD57F74AF91->localhost_10000@group-FF371CEDE24F, cid=42, seq=0, RW, Message:321f0a0f0a0d74657374...(size=33), reply=RaftClientReply:client-FBD57F74AF91->localhost_10000@group-FF371CEDE24F, cid=42, FAILED org.apache.ratis.protocol.NotLeaderException: Server localhost_10000@group-FF371CEDE24F is not the leader, logIndex=0, commits[localhost_10000:c-1]
2019-09-26 14:06:59,634 INFO  client.GrpcClientProtocolService (GrpcClientProtocolService.java:lambda$processClientRequest$0(278)) - Failed RaftClientRequest:client-FBD57F74AF91->localhost_10002@group-FF371CEDE24F, cid=42, seq=0, RW, Message:321f0a0f0a0d74657374...(size=33), reply=RaftClientReply:client-FBD57F74AF91->localhost_10002@group-FF371CEDE24F, cid=42, FAILED org.apache.ratis.protocol.NotLeaderException: Server localhost_10002@group-FF371CEDE24F is not the leader, logIndex=0, commits[localhost_10002:c-1]
2019-09-26 14:06:59,635 INFO  client.GrpcClientProtocolService (GrpcClientProtocolService.java:lambda$processClientRequest$0(278)) - Failed RaftClientRequest:client-FBD57F74AF91->localhost_10001@group-FF371CEDE24F, cid=42, seq=0, RW, Message:321f0a0f0a0d74657374...(size=33), reply=RaftClientReply:client-FBD57F74AF91->localhost_10001@group-FF371CEDE24F, cid=42, FAILED org.apache.ratis.protocol.NotLeaderException: Server localhost_10001@group-FF371CEDE24F is not the leader, logIndex=0, commits[localhost_10001:c-1]
2019-09-26 14:06:59,637 INFO  client.GrpcClientProtocolService (GrpcClientProtocolService.java:lambda$processClientRequest$0(278)) - Failed RaftClientRequest:client-FBD57F74AF91->localhost_10000@group-FF371CEDE24F, cid=42, seq=0, RW, Message:321f0a0f0a0d74657374...(size=33), reply=RaftClientReply:client-FBD57F74AF91->localhost_10000@group-FF371CEDE24F, cid=42, FAILED org.apache.ratis.protocol.NotLeaderException: Server localhost_10000@group-FF371CEDE24F is not the leader, logIndex=0, commits[localhost_10000:c-1]
2019-09-26 14:06:59,638 INFO  client.GrpcClientProtocolService (GrpcClientProtocolService.java:lambda$processClientRequest$0(278)) - Failed RaftClientRequest:client-FBD57F74AF91->localhost_10002@group-FF371CEDE24F, cid=42, seq=0, RW, Message:321f0a0f0a0d74657374...(size=33), reply=RaftClientReply:client-FBD57F74AF91->localhost_10002@group-FF371CEDE24F, cid=42, FAILED org.apache.ratis.protocol.NotLeaderException: Server localhost_10002@group-FF371CEDE24F is not the leader, logIndex=0, commits[localhost_10002:c-1]
2019-09-26 14:06:59,640 INFO  client.GrpcClientProtocolService (GrpcClientProtocolService.java:lambda$processClientRequest$0(278)) - Failed RaftClientRequest:client-FBD57F74AF91->localhost_10000@group-FF371CEDE24F, cid=42, seq=0, RW, Message:321f0a0f0a0d74657374...(size=33), reply=RaftClientReply:client-FBD57F74AF91->localhost_10000@group-FF371CEDE24F, cid=42, FAILED org.apache.ratis.protocol.NotLeaderException: Server localhost_10000@group-FF371CEDE24F is not the leader, logIndex=0, commits[localhost_10000:c-1]
2019-09-26 14:06:59,641 INFO  client.GrpcClientProtocolService (GrpcClientProtocolService.java:lambda$processClientRequest$0(278)) - Failed RaftClientRequest:client-FBD57F74AF91->localhost_10002@group-FF371CEDE24F, cid=42, seq=0, RW, Message:321f0a0f0a0d74657374...(size=33), reply=RaftClientReply:client-FBD57F74AF91->localhost_10002@group-FF371CEDE24F, cid=42, FAILED org.apache.ratis.protocol.NotLeaderException: Server localhost_10002@group-FF371CEDE24F is not the leader, logIndex=0, commits[localhost_10002:c-1]
2019-09-26 14:06:59,643 INFO  client.GrpcClientProtocolService (GrpcClientProtocolService.java:lambda$processClientRequest$0(278)) - Failed RaftClientRequest:client-FBD57F74AF91->localhost_10001@group-FF371CEDE24F, cid=42, seq=0, RW, Message:321f0a0f0a0d74657374...(size=33), reply=RaftClientReply:client-FBD57F74AF91->localhost_10001@group-FF371CEDE24F, cid=42, FAILED org.apache.ratis.protocol.NotLeaderException: Server localhost_10001@group-FF371CEDE24F is not the leader, logIndex=0, commits[localhost_10001:c-1]
2019-09-26 14:06:59,644 INFO  impl.LeaderElection (LeaderElection.java:logAndReturn(56)) - localhost_10001@group-FF371CEDE24F-LeaderElection10: Election PASSED; received 1 response(s) [localhost_10001<-localhost_10002#0:OK-t2] and 0 exception(s); localhost_10001@group-FF371CEDE24F:t2, leader=null, voted=localhost_10001, raftlog=localhost_10001@group-FF371CEDE24F-SegmentedRaftLog:OPENED:c-1,f-1,i0, conf=-1: [localhost_10002:localhost:10002, localhost_10001:localhost:10001, localhost_10000:localhost:10000], old=null
2019-09-26 14:06:59,644 INFO  impl.RoleInfo (RoleInfo.java:shutdownLeaderElection(134)) - localhost_10001: shutdown LeaderElection
2019-09-26 14:06:59,645 INFO  impl.RaftServerImpl (RaftServerImpl.java:setRole(170)) - localhost_10001@group-FF371CEDE24F: changes role from CANDIDATE to LEADER at term 2 for changeToLeader
2019-09-26 14:06:59,645 INFO  impl.RaftServerImpl (ServerState.java:setLeader(254)) - localhost_10001@group-FF371CEDE24F: change Leader from null to localhost_10001 at term 2 for becomeLeader, leader elected after 3062ms
2019-09-26 14:06:59,645 INFO  server.RaftServerConfigKeys (ConfUtils.java:logGet(43)) - raft.server.staging.catchup.gap = 1000 (default)
2019-09-26 14:06:59,645 INFO  server.RaftServerConfigKeys (ConfUtils.java:logGet(43)) - raft.server.rpc.sleep.time = 25ms (default)
2019-09-26 14:06:59,646 INFO  server.RaftServerConfigKeys (ConfUtils.java:logGet(43)) - raft.server.write.element-limit = 4096 (default)
2019-09-26 14:06:59,646 INFO  server.RaftServerConfigKeys (ConfUtils.java:logGet(43)) - raft.server.watch.timeout = 10s (default)
2019-09-26 14:06:59,646 INFO  server.RaftServerConfigKeys (ConfUtils.java:logGet(43)) - raft.server.watch.timeout.denomination = 1s (default)
2019-09-26 14:06:59,646 INFO  server.RaftServerConfigKeys (ConfUtils.java:logGet(43)) - raft.server.watch.element-limit = 65536 (default)
2019-09-26 14:06:59,646 INFO  client.GrpcClientProtocolService (GrpcClientProtocolService.java:lambda$processClientRequest$0(278)) - Failed RaftClientRequest:client-FBD57F74AF91->localhost_10002@group-FF371CEDE24F, cid=42, seq=0, RW, Message:321f0a0f0a0d74657374...(size=33), reply=RaftClientReply:client-FBD57F74AF91->localhost_10002@group-FF371CEDE24F, cid=42, FAILED org.apache.ratis.protocol.NotLeaderException: Server localhost_10002@group-FF371CEDE24F is not the leader, logIndex=0, commits[localhost_10002:c-1]
2019-09-26 14:06:59,648 INFO  client.GrpcClientProtocolService (GrpcClientProtocolService.java:lambda$processClientRequest$0(278)) - Failed RaftClientRequest:client-FBD57F74AF91->localhost_10000@group-FF371CEDE24F, cid=42, seq=0, RW, Message:321f0a0f0a0d74657374...(size=33), reply=RaftClientReply:client-FBD57F74AF91->localhost_10000@group-FF371CEDE24F, cid=42, FAILED org.apache.ratis.protocol.NotLeaderException: Server localhost_10000@group-FF371CEDE24F is not the leader, logIndex=0, commits[localhost_10000:c-1]
2019-09-26 14:06:59,648 INFO  server.RaftServerConfigKeys (ConfUtils.java:logGet(43)) - raft.server.log.appender.snapshot.chunk.size.max = 16MB (=16777216) (default)
2019-09-26 14:06:59,648 INFO  server.RaftServerConfigKeys (ConfUtils.java:logGet(43)) - raft.server.log.appender.buffer.byte-limit = 4MB (=4194304) (default)
2019-09-26 14:06:59,648 INFO  server.RaftServerConfigKeys (ConfUtils.java:logGet(43)) - raft.server.log.appender.buffer.element-limit = 0 (default)
2019-09-26 14:06:59,648 INFO  grpc.GrpcConfigKeys$Server (ConfUtils.java:logGet(43)) - raft.grpc.server.leader.outstanding.appends.max = 128 (default)
2019-09-26 14:06:59,648 INFO  server.RaftServerConfigKeys (ConfUtils.java:logGet(43)) - raft.server.rpc.request.timeout = 3000ms (default)
2019-09-26 14:06:59,649 INFO  server.RaftServerConfigKeys (ConfUtils.java:logGet(43)) - raft.server.log.appender.install.snapshot.enabled = true (default)
2019-09-26 14:06:59,649 INFO  server.RaftServerConfigKeys (ConfUtils.java:logGet(43)) - raft.server.log.appender.snapshot.chunk.size.max = 16MB (=16777216) (default)
2019-09-26 14:06:59,649 INFO  server.RaftServerConfigKeys (ConfUtils.java:logGet(43)) - raft.server.log.appender.buffer.byte-limit = 4MB (=4194304) (default)
2019-09-26 14:06:59,649 INFO  server.RaftServerConfigKeys (ConfUtils.java:logGet(43)) - raft.server.log.appender.buffer.element-limit = 0 (default)
2019-09-26 14:06:59,649 INFO  grpc.GrpcConfigKeys$Server (ConfUtils.java:logGet(43)) - raft.grpc.server.leader.outstanding.appends.max = 128 (default)
2019-09-26 14:06:59,649 INFO  server.RaftServerConfigKeys (ConfUtils.java:logGet(43)) - raft.server.rpc.request.timeout = 3000ms (default)
2019-09-26 14:06:59,649 INFO  client.GrpcClientProtocolService (GrpcClientProtocolService.java:lambda$processClientRequest$0(278)) - Failed RaftClientRequest:client-FBD57F74AF91->localhost_10001@group-FF371CEDE24F, cid=42, seq=0, RW, Message:321f0a0f0a0d74657374...(size=33), reply=RaftClientReply:client-FBD57F74AF91->localhost_10001@group-FF371CEDE24F, cid=42, FAILED org.apache.ratis.protocol.LeaderNotReadyException: localhost_10001@group-FF371CEDE24F is in LEADER state but not ready yet., logIndex=0, commits[localhost_10001:c-1]
2019-09-26 14:06:59,649 INFO  server.RaftServerConfigKeys (ConfUtils.java:logGet(43)) - raft.server.log.appender.install.snapshot.enabled = true (default)
2019-09-26 14:06:59,650 INFO  impl.RoleInfo (RoleInfo.java:updateAndGet(143)) - localhost_10001: start LeaderState
2019-09-26 14:06:59,650 INFO  segmented.SegmentedRaftLogWorker (SegmentedRaftLogWorker.java:startLogSegment(380)) - localhost_10001@group-FF371CEDE24F-SegmentedRaftLogWorker: Starting segment from index:0
2019-09-26 14:06:59,650 INFO  impl.RaftServerImpl (ServerState.java:setRaftConf(355)) - localhost_10001@group-FF371CEDE24F: set configuration 0: [localhost_10002:localhost:10002, localhost_10001:localhost:10001, localhost_10000:localhost:10000], old=null at 0
2019-09-26 14:06:59,651 INFO  client.GrpcClientProtocolService (GrpcClientProtocolService.java:lambda$processClientRequest$0(278)) - Failed RaftClientRequest:client-FBD57F74AF91->localhost_10001@group-FF371CEDE24F, cid=42, seq=0, RW, Message:321f0a0f0a0d74657374...(size=33), reply=RaftClientReply:client-FBD57F74AF91->localhost_10001@group-FF371CEDE24F, cid=42, FAILED org.apache.ratis.protocol.LeaderNotReadyException: localhost_10001@group-FF371CEDE24F is in LEADER state but not ready yet., logIndex=0, commits[localhost_10001:c-1, localhost_10002:c-1, localhost_10000:c-1]
2019-09-26 14:06:59,651 INFO  impl.RaftServerImpl (ServerState.java:setLeader(254)) - localhost_10000@group-FF371CEDE24F: change Leader from null to localhost_10001 at term 2 for appendEntries, leader elected after 3025ms
2019-09-26 14:06:59,651 INFO  impl.RaftServerImpl (ServerState.java:setLeader(254)) - localhost_10002@group-FF371CEDE24F: change Leader from null to localhost_10001 at term 2 for appendEntries, leader elected after 2979ms
2019-09-26 14:06:59,652 INFO  client.GrpcClientProtocolService (GrpcClientProtocolService.java:lambda$processClientRequest$0(278)) - Failed RaftClientRequest:client-FBD57F74AF91->localhost_10001@group-FF371CEDE24F, cid=42, seq=0, RW, Message:321f0a0f0a0d74657374...(size=33), reply=RaftClientReply:client-FBD57F74AF91->localhost_10001@group-FF371CEDE24F, cid=42, FAILED org.apache.ratis.protocol.LeaderNotReadyException: localhost_10001@group-FF371CEDE24F is in LEADER state but not ready yet., logIndex=0, commits[localhost_10001:c-1, localhost_10002:c-1, localhost_10000:c-1]
2019-09-26 14:06:59,653 INFO  impl.RaftServerImpl (ServerState.java:setRaftConf(355)) - localhost_10000@group-FF371CEDE24F: set configuration 0: [localhost_10002:localhost:10002, localhost_10001:localhost:10001, localhost_10000:localhost:10000], old=null at 0
2019-09-26 14:06:59,653 INFO  segmented.SegmentedRaftLogWorker (SegmentedRaftLogWorker.java:startLogSegment(380)) - localhost_10000@group-FF371CEDE24F-SegmentedRaftLogWorker: Starting segment from index:0
2019-09-26 14:06:59,653 INFO  impl.RaftServerImpl (ServerState.java:setRaftConf(355)) - localhost_10002@group-FF371CEDE24F: set configuration 0: [localhost_10002:localhost:10002, localhost_10001:localhost:10001, localhost_10000:localhost:10000], old=null at 0
2019-09-26 14:06:59,653 INFO  client.GrpcClientProtocolService (GrpcClientProtocolService.java:lambda$processClientRequest$0(278)) - Failed RaftClientRequest:client-FBD57F74AF91->localhost_10001@group-FF371CEDE24F, cid=42, seq=0, RW, Message:321f0a0f0a0d74657374...(size=33), reply=RaftClientReply:client-FBD57F74AF91->localhost_10001@group-FF371CEDE24F, cid=42, FAILED org.apache.ratis.protocol.LeaderNotReadyException: localhost_10001@group-FF371CEDE24F is in LEADER state but not ready yet., logIndex=0, commits[localhost_10001:c-1, localhost_10002:c-1, localhost_10000:c-1]
2019-09-26 14:06:59,653 INFO  segmented.SegmentedRaftLogWorker (SegmentedRaftLogWorker.java:startLogSegment(380)) - localhost_10002@group-FF371CEDE24F-SegmentedRaftLogWorker: Starting segment from index:0
2019-09-26 14:06:59,654 INFO  client.GrpcClientProtocolService (GrpcClientProtocolService.java:lambda$processClientRequest$0(278)) - Failed RaftClientRequest:client-FBD57F74AF91->localhost_10001@group-FF371CEDE24F, cid=42, seq=0, RW, Message:321f0a0f0a0d74657374...(size=33), reply=RaftClientReply:client-FBD57F74AF91->localhost_10001@group-FF371CEDE24F, cid=42, FAILED org.apache.ratis.protocol.LeaderNotReadyException: localhost_10001@group-FF371CEDE24F is in LEADER state but not ready yet., logIndex=0, commits[localhost_10001:c-1, localhost_10002:c-1, localhost_10000:c-1]
2019-09-26 14:06:59,655 INFO  client.GrpcClientProtocolService (GrpcClientProtocolService.java:lambda$processClientRequest$0(278)) - Failed RaftClientRequest:client-FBD57F74AF91->localhost_10001@group-FF371CEDE24F, cid=42, seq=0, RW, Message:321f0a0f0a0d74657374...(size=33), reply=RaftClientReply:client-FBD57F74AF91->localhost_10001@group-FF371CEDE24F, cid=42, FAILED org.apache.ratis.protocol.LeaderNotReadyException: localhost_10001@group-FF371CEDE24F is in LEADER state but not ready yet., logIndex=0, commits[localhost_10001:c-1, localhost_10002:c-1, localhost_10000:c-1]
2019-09-26 14:06:59,656 INFO  client.GrpcClientProtocolService (GrpcClientProtocolService.java:lambda$processClientRequest$0(278)) - Failed RaftClientRequest:client-FBD57F74AF91->localhost_10001@group-FF371CEDE24F, cid=42, seq=0, RW, Message:321f0a0f0a0d74657374...(size=33), reply=RaftClientReply:client-FBD57F74AF91->localhost_10001@group-FF371CEDE24F, cid=42, FAILED org.apache.ratis.protocol.LeaderNotReadyException: localhost_10001@group-FF371CEDE24F is in LEADER state but not ready yet., logIndex=0, commits[localhost_10001:c-1, localhost_10002:c-1, localhost_10000:c-1]
2019-09-26 14:06:59,657 INFO  client.GrpcClientProtocolService (GrpcClientProtocolService.java:lambda$processClientRequest$0(278)) - Failed RaftClientRequest:client-FBD57F74AF91->localhost_10001@group-FF371CEDE24F, cid=42, seq=0, RW, Message:321f0a0f0a0d74657374...(size=33), reply=RaftClientReply:client-FBD57F74AF91->localhost_10001@group-FF371CEDE24F, cid=42, FAILED org.apache.ratis.protocol.LeaderNotReadyException: localhost_10001@group-FF371CEDE24F is in LEADER state but not ready yet., logIndex=0, commits[localhost_10001:c-1, localhost_10002:c-1, localhost_10000:c-1]
2019-09-26 14:06:59,657 INFO  client.GrpcClientProtocolService (GrpcClientProtocolService.java:lambda$processClientRequest$0(278)) - Failed RaftClientRequest:client-FBD57F74AF91->localhost_10001@group-FF371CEDE24F, cid=42, seq=0, RW, Message:321f0a0f0a0d74657374...(size=33), reply=RaftClientReply:client-FBD57F74AF91->localhost_10001@group-FF371CEDE24F, cid=42, FAILED org.apache.ratis.protocol.LeaderNotReadyException: localhost_10001@group-FF371CEDE24F is in LEADER state but not ready yet., logIndex=0, commits[localhost_10001:c-1, localhost_10002:c-1, localhost_10000:c-1]
2019-09-26 14:06:59,658 INFO  client.GrpcClientProtocolService (GrpcClientProtocolService.java:lambda$processClientRequest$0(278)) - Failed RaftClientRequest:client-FBD57F74AF91->localhost_10001@group-FF371CEDE24F, cid=42, seq=0, RW, Message:321f0a0f0a0d74657374...(size=33), reply=RaftClientReply:client-FBD57F74AF91->localhost_10001@group-FF371CEDE24F, cid=42, FAILED org.apache.ratis.protocol.LeaderNotReadyException: localhost_10001@group-FF371CEDE24F is in LEADER state but not ready yet., logIndex=0, commits[localhost_10001:c-1, localhost_10002:c-1, localhost_10000:c-1]
2019-09-26 14:06:59,659 INFO  client.GrpcClientProtocolService (GrpcClientProtocolService.java:lambda$processClientRequest$0(278)) - Failed RaftClientRequest:client-FBD57F74AF91->localhost_10001@group-FF371CEDE24F, cid=42, seq=0, RW, Message:321f0a0f0a0d74657374...(size=33), reply=RaftClientReply:client-FBD57F74AF91->localhost_10001@group-FF371CEDE24F, cid=42, FAILED org.apache.ratis.protocol.LeaderNotReadyException: localhost_10001@group-FF371CEDE24F is in LEADER state but not ready yet., logIndex=0, commits[localhost_10001:c-1, localhost_10002:c-1, localhost_10000:c-1]
2019-09-26 14:06:59,660 INFO  client.GrpcClientProtocolService (GrpcClientProtocolService.java:lambda$processClientRequest$0(278)) - Failed RaftClientRequest:client-FBD57F74AF91->localhost_10001@group-FF371CEDE24F, cid=42, seq=0, RW, Message:321f0a0f0a0d74657374...(size=33), reply=RaftClientReply:client-FBD57F74AF91->localhost_10001@group-FF371CEDE24F, cid=42, FAILED org.apache.ratis.protocol.LeaderNotReadyException: localhost_10001@group-FF371CEDE24F is in LEADER state but not ready yet., logIndex=0, commits[localhost_10001:c-1, localhost_10002:c-1, localhost_10000:c-1]
2019-09-26 14:06:59,661 INFO  client.GrpcClientProtocolService (GrpcClientProtocolService.java:lambda$processClientRequest$0(278)) - Failed RaftClientRequest:client-FBD57F74AF91->localhost_10001@group-FF371CEDE24F, cid=42, seq=0, RW, Message:321f0a0f0a0d74657374...(size=33), reply=RaftClientReply:client-FBD57F74AF91->localhost_10001@group-FF371CEDE24F, cid=42, FAILED org.apache.ratis.protocol.LeaderNotReadyException: localhost_10001@group-FF371CEDE24F is in LEADER state but not ready yet., logIndex=0, commits[localhost_10001:c-1, localhost_10002:c-1, localhost_10000:c-1]
2019-09-26 14:06:59,662 INFO  client.GrpcClientProtocolService (GrpcClientProtocolService.java:lambda$processClientRequest$0(278)) - Failed RaftClientRequest:client-FBD57F74AF91->localhost_10001@group-FF371CEDE24F, cid=42, seq=0, RW, Message:321f0a0f0a0d74657374...(size=33), reply=RaftClientReply:client-FBD57F74AF91->localhost_10001@group-FF371CEDE24F, cid=42, FAILED org.apache.ratis.protocol.LeaderNotReadyException: localhost_10001@group-FF371CEDE24F is in LEADER state but not ready yet., logIndex=0, commits[localhost_10001:c-1, localhost_10002:c-1, localhost_10000:c-1]
2019-09-26 14:06:59,663 INFO  client.GrpcClientProtocolService (GrpcClientProtocolService.java:lambda$processClientRequest$0(278)) - Failed RaftClientRequest:client-FBD57F74AF91->localhost_10001@group-FF371CEDE24F, cid=42, seq=0, RW, Message:321f0a0f0a0d74657374...(size=33), reply=RaftClientReply:client-FBD57F74AF91->localhost_10001@group-FF371CEDE24F, cid=42, FAILED org.apache.ratis.protocol.LeaderNotReadyException: localhost_10001@group-FF371CEDE24F is in LEADER state but not ready yet., logIndex=0, commits[localhost_10001:c-1, localhost_10002:c-1, localhost_10000:c-1]
2019-09-26 14:06:59,663 INFO  client.GrpcClientProtocolService (GrpcClientProtocolService.java:lambda$processClientRequest$0(278)) - Failed RaftClientRequest:client-FBD57F74AF91->localhost_10001@group-FF371CEDE24F, cid=42, seq=0, RW, Message:321f0a0f0a0d74657374...(size=33), reply=RaftClientReply:client-FBD57F74AF91->localhost_10001@group-FF371CEDE24F, cid=42, FAILED org.apache.ratis.protocol.LeaderNotReadyException: localhost_10001@group-FF371CEDE24F is in LEADER state but not ready yet., logIndex=0, commits[localhost_10001:c-1, localhost_10002:c-1, localhost_10000:c-1]
2019-09-26 14:06:59,664 INFO  client.GrpcClientProtocolService (GrpcClientProtocolService.java:lambda$processClientRequest$0(278)) - Failed RaftClientRequest:client-FBD57F74AF91->localhost_10001@group-FF371CEDE24F, cid=42, seq=0, RW, Message:321f0a0f0a0d74657374...(size=33), reply=RaftClientReply:client-FBD57F74AF91->localhost_10001@group-FF371CEDE24F, cid=42, FAILED org.apache.ratis.protocol.LeaderNotReadyException: localhost_10001@group-FF371CEDE24F is in LEADER state but not ready yet., logIndex=0, commits[localhost_10001:c-1, localhost_10002:c-1, localhost_10000:c-1]
2019-09-26 14:06:59,665 INFO  client.GrpcClientProtocolService (GrpcClientProtocolService.java:lambda$processClientRequest$0(278)) - Failed RaftClientRequest:client-FBD57F74AF91->localhost_10001@group-FF371CEDE24F, cid=42, seq=0, RW, Message:321f0a0f0a0d74657374...(size=33), reply=RaftClientReply:client-FBD57F74AF91->localhost_10001@group-FF371CEDE24F, cid=42, FAILED org.apache.ratis.protocol.LeaderNotReadyException: localhost_10001@group-FF371CEDE24F is in LEADER state but not ready yet., logIndex=0, commits[localhost_10001:c-1, localhost_10002:c-1, localhost_10000:c-1]
2019-09-26 14:06:59,666 INFO  client.GrpcClientProtocolService (GrpcClientProtocolService.java:lambda$processClientRequest$0(278)) - Failed RaftClientRequest:client-FBD57F74AF91->localhost_10001@group-FF371CEDE24F, cid=42, seq=0, RW, Message:321f0a0f0a0d74657374...(size=33), reply=RaftClientReply:client-FBD57F74AF91->localhost_10001@group-FF371CEDE24F, cid=42, FAILED org.apache.ratis.protocol.LeaderNotReadyException: localhost_10001@group-FF371CEDE24F is in LEADER state but not ready yet., logIndex=0, commits[localhost_10001:c-1, localhost_10002:c-1, localhost_10000:c-1]
2019-09-26 14:06:59,667 INFO  client.GrpcClientProtocolService (GrpcClientProtocolService.java:lambda$processClientRequest$0(278)) - Failed RaftClientRequest:client-FBD57F74AF91->localhost_10001@group-FF371CEDE24F, cid=42, seq=0, RW, Message:321f0a0f0a0d74657374...(size=33), reply=RaftClientReply:client-FBD57F74AF91->localhost_10001@group-FF371CEDE24F, cid=42, FAILED org.apache.ratis.protocol.LeaderNotReadyException: localhost_10001@group-FF371CEDE24F is in LEADER state but not ready yet., logIndex=0, commits[localhost_10001:c-1, localhost_10002:c-1, localhost_10000:c-1]
2019-09-26 14:06:59,668 INFO  client.GrpcClientProtocolService (GrpcClientProtocolService.java:lambda$processClientRequest$0(278)) - Failed RaftClientRequest:client-FBD57F74AF91->localhost_10001@group-FF371CEDE24F, cid=42, seq=0, RW, Message:321f0a0f0a0d74657374...(size=33), reply=RaftClientReply:client-FBD57F74AF91->localhost_10001@group-FF371CEDE24F, cid=42, FAILED org.apache.ratis.protocol.LeaderNotReadyException: localhost_10001@group-FF371CEDE24F is in LEADER state but not ready yet., logIndex=0, commits[localhost_10001:c-1, localhost_10002:c-1, localhost_10000:c-1]
2019-09-26 14:06:59,668 INFO  client.GrpcClientProtocolService (GrpcClientProtocolService.java:lambda$processClientRequest$0(278)) - Failed RaftClientRequest:client-FBD57F74AF91->localhost_10001@group-FF371CEDE24F, cid=42, seq=0, RW, Message:321f0a0f0a0d74657374...(size=33), reply=RaftClientReply:client-FBD57F74AF91->localhost_10001@group-FF371CEDE24F, cid=42, FAILED org.apache.ratis.protocol.LeaderNotReadyException: localhost_10001@group-FF371CEDE24F is in LEADER state but not ready yet., logIndex=0, commits[localhost_10001:c-1, localhost_10002:c-1, localhost_10000:c-1]
2019-09-26 14:06:59,669 INFO  client.GrpcClientProtocolService (GrpcClientProtocolService.java:lambda$processClientRequest$0(278)) - Failed RaftClientRequest:client-FBD57F74AF91->localhost_10001@group-FF371CEDE24F, cid=42, seq=0, RW, Message:321f0a0f0a0d74657374...(size=33), reply=RaftClientReply:client-FBD57F74AF91->localhost_10001@group-FF371CEDE24F, cid=42, FAILED org.apache.ratis.protocol.LeaderNotReadyException: localhost_10001@group-FF371CEDE24F is in LEADER state but not ready yet., logIndex=0, commits[localhost_10001:c-1, localhost_10002:c-1, localhost_10000:c-1]
2019-09-26 14:06:59,670 INFO  client.GrpcClientProtocolService (GrpcClientProtocolService.java:lambda$processClientRequest$0(278)) - Failed RaftClientRequest:client-FBD57F74AF91->localhost_10001@group-FF371CEDE24F, cid=42, seq=0, RW, Message:321f0a0f0a0d74657374...(size=33), reply=RaftClientReply:client-FBD57F74AF91->localhost_10001@group-FF371CEDE24F, cid=42, FAILED org.apache.ratis.protocol.LeaderNotReadyException: localhost_10001@group-FF371CEDE24F is in LEADER state but not ready yet., logIndex=0, commits[localhost_10001:c-1, localhost_10002:c-1, localhost_10000:c-1]
2019-09-26 14:06:59,671 INFO  client.GrpcClientProtocolService (GrpcClientProtocolService.java:lambda$processClientRequest$0(278)) - Failed RaftClientRequest:client-FBD57F74AF91->localhost_10001@group-FF371CEDE24F, cid=42, seq=0, RW, Message:321f0a0f0a0d74657374...(size=33), reply=RaftClientReply:client-FBD57F74AF91->localhost_10001@group-FF371CEDE24F, cid=42, FAILED org.apache.ratis.protocol.LeaderNotReadyException: localhost_10001@group-FF371CEDE24F is in LEADER state but not ready yet., logIndex=0, commits[localhost_10001:c-1, localhost_10002:c-1, localhost_10000:c-1]
2019-09-26 14:06:59,672 INFO  client.GrpcClientProtocolService (GrpcClientProtocolService.java:lambda$processClientRequest$0(278)) - Failed RaftClientRequest:client-FBD57F74AF91->localhost_10001@group-FF371CEDE24F, cid=42, seq=0, RW, Message:321f0a0f0a0d74657374...(size=33), reply=RaftClientReply:client-FBD57F74AF91->localhost_10001@group-FF371CEDE24F, cid=42, FAILED org.apache.ratis.protocol.LeaderNotReadyException: localhost_10001@group-FF371CEDE24F is in LEADER state but not ready yet., logIndex=0, commits[localhost_10001:c-1, localhost_10002:c-1, localhost_10000:c-1]
2019-09-26 14:06:59,673 INFO  client.GrpcClientProtocolService (GrpcClientProtocolService.java:lambda$processClientRequest$0(278)) - Failed RaftClientRequest:client-FBD57F74AF91->localhost_10001@group-FF371CEDE24F, cid=42, seq=0, RW, Message:321f0a0f0a0d74657374...(size=33), reply=RaftClientReply:client-FBD57F74AF91->localhost_10001@group-FF371CEDE24F, cid=42, FAILED org.apache.ratis.protocol.LeaderNotReadyException: localhost_10001@group-FF371CEDE24F is in LEADER state but not ready yet., logIndex=0, commits[localhost_10001:c-1, localhost_10002:c-1, localhost_10000:c-1]
2019-09-26 14:06:59,673 INFO  client.GrpcClientProtocolService (GrpcClientProtocolService.java:lambda$processClientRequest$0(278)) - Failed RaftClientRequest:client-FBD57F74AF91->localhost_10001@group-FF371CEDE24F, cid=42, seq=0, RW, Message:321f0a0f0a0d74657374...(size=33), reply=RaftClientReply:client-FBD57F74AF91->localhost_10001@group-FF371CEDE24F, cid=42, FAILED org.apache.ratis.protocol.LeaderNotReadyException: localhost_10001@group-FF371CEDE24F is in LEADER state but not ready yet., logIndex=0, commits[localhost_10001:c-1, localhost_10002:c-1, localhost_10000:c-1]
2019-09-26 14:06:59,801 INFO  client.GrpcClientProtocolService (GrpcClientProtocolService.java:lambda$processClientRequest$0(278)) - Failed RaftClientRequest:client-FBD57F74AF91->localhost_10001@group-FF371CEDE24F, cid=42, seq=0, RW, Message:321f0a0f0a0d74657374...(size=33), reply=RaftClientReply:client-FBD57F74AF91->localhost_10001@group-FF371CEDE24F, cid=42, FAILED org.apache.ratis.protocol.LeaderNotReadyException: localhost_10001@group-FF371CEDE24F is in LEADER state but not ready yet., logIndex=0, commits[localhost_10001:c-1, localhost_10002:c-1, localhost_10000:c-1]
2019-09-26 14:06:59,803 INFO  client.GrpcClientProtocolService (GrpcClientProtocolService.java:lambda$processClientRequest$0(278)) - Failed RaftClientRequest:client-FBD57F74AF91->localhost_10001@group-FF371CEDE24F, cid=42, seq=0, RW, Message:321f0a0f0a0d74657374...(size=33), reply=RaftClientReply:client-FBD57F74AF91->localhost_10001@group-FF371CEDE24F, cid=42, FAILED org.apache.ratis.protocol.LeaderNotReadyException: localhost_10001@group-FF371CEDE24F is in LEADER state but not ready yet., logIndex=0, commits[localhost_10001:c-1, localhost_10002:c-1, localhost_10000:c-1]
2019-09-26 14:06:59,804 INFO  client.GrpcClientProtocolService (GrpcClientProtocolService.java:lambda$processClientRequest$0(278)) - Failed RaftClientRequest:client-FBD57F74AF91->localhost_10001@group-FF371CEDE24F, cid=42, seq=0, RW, Message:321f0a0f0a0d74657374...(size=33), reply=RaftClientReply:client-FBD57F74AF91->localhost_10001@group-FF371CEDE24F, cid=42, FAILED org.apache.ratis.protocol.LeaderNotReadyException: localhost_10001@group-FF371CEDE24F is in LEADER state but not ready yet., logIndex=0, commits[localhost_10001:c-1, localhost_10002:c-1, localhost_10000:c-1]
2019-09-26 14:06:59,805 INFO  client.GrpcClientProtocolService (GrpcClientProtocolService.java:lambda$processClientRequest$0(278)) - Failed RaftClientRequest:client-FBD57F74AF91->localhost_10001@group-FF371CEDE24F, cid=42, seq=0, RW, Message:321f0a0f0a0d74657374...(size=33), reply=RaftClientReply:client-FBD57F74AF91->localhost_10001@group-FF371CEDE24F, cid=42, FAILED org.apache.ratis.protocol.LeaderNotReadyException: localhost_10001@group-FF371CEDE24F is in LEADER state but not ready yet., logIndex=0, commits[localhost_10001:c-1, localhost_10002:c-1, localhost_10000:c-1]
2019-09-26 14:06:59,806 INFO  client.GrpcClientProtocolService (GrpcClientProtocolService.java:lambda$processClientRequest$0(278)) - Failed RaftClientRequest:client-FBD57F74AF91->localhost_10001@group-FF371CEDE24F, cid=42, seq=0, RW, Message:321f0a0f0a0d74657374...(size=33), reply=RaftClientReply:client-FBD57F74AF91->localhost_10001@group-FF371CEDE24F, cid=42, FAILED org.apache.ratis.protocol.LeaderNotReadyException: localhost_10001@group-FF371CEDE24F is in LEADER state but not ready yet., logIndex=0, commits[localhost_10001:c-1, localhost_10002:c-1, localhost_10000:c-1]
2019-09-26 14:06:59,807 INFO  client.GrpcClientProtocolService (GrpcClientProtocolService.java:lambda$processClientRequest$0(278)) - Failed RaftClientRequest:client-FBD57F74AF91->localhost_10001@group-FF371CEDE24F, cid=42, seq=0, RW, Message:321f0a0f0a0d74657374...(size=33), reply=RaftClientReply:client-FBD57F74AF91->localhost_10001@group-FF371CEDE24F, cid=42, FAILED org.apache.ratis.protocol.LeaderNotReadyException: localhost_10001@group-FF371CEDE24F is in LEADER state but not ready yet., logIndex=0, commits[localhost_10001:c-1, localhost_10002:c-1, localhost_10000:c-1]
2019-09-26 14:06:59,809 INFO  client.GrpcClientProtocolService (GrpcClientProtocolService.java:lambda$processClientRequest$0(278)) - Failed RaftClientRequest:client-FBD57F74AF91->localhost_10001@group-FF371CEDE24F, cid=42, seq=0, RW, Message:321f0a0f0a0d74657374...(size=33), reply=RaftClientReply:client-FBD57F74AF91->localhost_10001@group-FF371CEDE24F, cid=42, FAILED org.apache.ratis.protocol.LeaderNotReadyException: localhost_10001@group-FF371CEDE24F is in LEADER state but not ready yet., logIndex=0, commits[localhost_10001:c-1, localhost_10002:c-1, localhost_10000:c-1]
2019-09-26 14:06:59,810 INFO  client.GrpcClientProtocolService (GrpcClientProtocolService.java:lambda$processClientRequest$0(278)) - Failed RaftClientRequest:client-FBD57F74AF91->localhost_10001@group-FF371CEDE24F, cid=42, seq=0, RW, Message:321f0a0f0a0d74657374...(size=33), reply=RaftClientReply:client-FBD57F74AF91->localhost_10001@group-FF371CEDE24F, cid=42, FAILED org.apache.ratis.protocol.LeaderNotReadyException: localhost_10001@group-FF371CEDE24F is in LEADER state but not ready yet., logIndex=0, commits[localhost_10001:c-1, localhost_10002:c-1, localhost_10000:c-1]
2019-09-26 14:06:59,812 INFO  client.GrpcClientProtocolService (GrpcClientProtocolService.java:lambda$processClientRequest$0(278)) - Failed RaftClientRequest:client-FBD57F74AF91->localhost_10001@group-FF371CEDE24F, cid=42, seq=0, RW, Message:321f0a0f0a0d74657374...(size=33), reply=RaftClientReply:client-FBD57F74AF91->localhost_10001@group-FF371CEDE24F, cid=42, FAILED org.apache.ratis.protocol.LeaderNotReadyException: localhost_10001@group-FF371CEDE24F is in LEADER state but not ready yet., logIndex=0, commits[localhost_10001:c-1, localhost_10002:c-1, localhost_10000:c-1]
2019-09-26 14:06:59,813 INFO  client.GrpcClientProtocolService (GrpcClientProtocolService.java:lambda$processClientRequest$0(278)) - Failed RaftClientRequest:client-FBD57F74AF91->localhost_10001@group-FF371CEDE24F, cid=42, seq=0, RW, Message:321f0a0f0a0d74657374...(size=33), reply=RaftClientReply:client-FBD57F74AF91->localhost_10001@group-FF371CEDE24F, cid=42, FAILED org.apache.ratis.protocol.LeaderNotReadyException: localhost_10001@group-FF371CEDE24F is in LEADER state but not ready yet., logIndex=0, commits[localhost_10001:c-1, localhost_10002:c-1, localhost_10000:c-1]
2019-09-26 14:06:59,817 INFO  client.GrpcClientProtocolService (GrpcClientProtocolService.java:lambda$processClientRequest$0(278)) - Failed RaftClientRequest:client-FBD57F74AF91->localhost_10001@group-FF371CEDE24F, cid=42, seq=0, RW, Message:321f0a0f0a0d74657374...(size=33), reply=RaftClientReply:client-FBD57F74AF91->localhost_10001@group-FF371CEDE24F, cid=42, FAILED org.apache.ratis.protocol.LeaderNotReadyException: localhost_10001@group-FF371CEDE24F is in LEADER state but not ready yet., logIndex=0, commits[localhost_10001:c-1, localhost_10002:c-1, localhost_10000:c-1]
2019-09-26 14:06:59,821 INFO  client.GrpcClientProtocolService (GrpcClientProtocolService.java:lambda$processClientRequest$0(278)) - Failed RaftClientRequest:client-FBD57F74AF91->localhost_10001@group-FF371CEDE24F, cid=42, seq=0, RW, Message:321f0a0f0a0d74657374...(size=33), reply=RaftClientReply:client-FBD57F74AF91->localhost_10001@group-FF371CEDE24F, cid=42, FAILED org.apache.ratis.protocol.LeaderNotReadyException: localhost_10001@group-FF371CEDE24F is in LEADER state but not ready yet., logIndex=0, commits[localhost_10001:c-1, localhost_10002:c-1, localhost_10000:c-1]
2019-09-26 14:06:59,823 INFO  client.GrpcClientProtocolService (GrpcClientProtocolService.java:lambda$processClientRequest$0(278)) - Failed RaftClientRequest:client-FBD57F74AF91->localhost_10001@group-FF371CEDE24F, cid=42, seq=0, RW, Message:321f0a0f0a0d74657374...(size=33), reply=RaftClientReply:client-FBD57F74AF91->localhost_10001@group-FF371CEDE24F, cid=42, FAILED org.apache.ratis.protocol.LeaderNotReadyException: localhost_10001@group-FF371CEDE24F is in LEADER state but not ready yet., logIndex=0, commits[localhost_10001:c-1, localhost_10002:c-1, localhost_10000:c-1]
2019-09-26 14:06:59,824 INFO  client.GrpcClientProtocolService (GrpcClientProtocolService.java:lambda$processClientRequest$0(278)) - Failed RaftClientRequest:client-FBD57F74AF91->localhost_10001@group-FF371CEDE24F, cid=42, seq=0, RW, Message:321f0a0f0a0d74657374...(size=33), reply=RaftClientReply:client-FBD57F74AF91->localhost_10001@group-FF371CEDE24F, cid=42, FAILED org.apache.ratis.protocol.LeaderNotReadyException: localhost_10001@group-FF371CEDE24F is in LEADER state but not ready yet., logIndex=0, commits[localhost_10001:c-1, localhost_10002:c-1, localhost_10000:c-1]
2019-09-26 14:06:59,825 INFO  client.GrpcClientProtocolService (GrpcClientProtocolService.java:lambda$processClientRequest$0(278)) - Failed RaftClientRequest:client-FBD57F74AF91->localhost_10001@group-FF371CEDE24F, cid=42, seq=0, RW, Message:321f0a0f0a0d74657374...(size=33), reply=RaftClientReply:client-FBD57F74AF91->localhost_10001@group-FF371CEDE24F, cid=42, FAILED org.apache.ratis.protocol.LeaderNotReadyException: localhost_10001@group-FF371CEDE24F is in LEADER state but not ready yet., logIndex=0, commits[localhost_10001:c-1, localhost_10002:c-1, localhost_10000:c-1]
2019-09-26 14:06:59,826 INFO  client.GrpcClientProtocolService (GrpcClientProtocolService.java:lambda$processClientRequest$0(278)) - Failed RaftClientRequest:client-FBD57F74AF91->localhost_10001@group-FF371CEDE24F, cid=42, seq=0, RW, Message:321f0a0f0a0d74657374...(size=33), reply=RaftClientReply:client-FBD57F74AF91->localhost_10001@group-FF371CEDE24F, cid=42, FAILED org.apache.ratis.protocol.LeaderNotReadyException: localhost_10001@group-FF371CEDE24F is in LEADER state but not ready yet., logIndex=0, commits[localhost_10001:c-1, localhost_10002:c-1, localhost_10000:c-1]
2019-09-26 14:06:59,828 INFO  client.GrpcClientProtocolService (GrpcClientProtocolService.java:lambda$processClientRequest$0(278)) - Failed RaftClientRequest:client-FBD57F74AF91->localhost_10001@group-FF371CEDE24F, cid=42, seq=0, RW, Message:321f0a0f0a0d74657374...(size=33), reply=RaftClientReply:client-FBD57F74AF91->localhost_10001@group-FF371CEDE24F, cid=42, FAILED org.apache.ratis.protocol.LeaderNotReadyException: localhost_10001@group-FF371CEDE24F is in LEADER state but not ready yet., logIndex=0, commits[localhost_10001:c-1, localhost_10002:c-1, localhost_10000:c-1]
2019-09-26 14:06:59,829 INFO  client.GrpcClientProtocolService (GrpcClientProtocolService.java:lambda$processClientRequest$0(278)) - Failed RaftClientRequest:client-FBD57F74AF91->localhost_10001@group-FF371CEDE24F, cid=42, seq=0, RW, Message:321f0a0f0a0d74657374...(size=33), reply=RaftClientReply:client-FBD57F74AF91->localhost_10001@group-FF371CEDE24F, cid=42, FAILED org.apache.ratis.protocol.LeaderNotReadyException: localhost_10001@group-FF371CEDE24F is in LEADER state but not ready yet., logIndex=0, commits[localhost_10001:c-1, localhost_10002:c-1, localhost_10000:c-1]
2019-09-26 14:06:59,830 INFO  client.GrpcClientProtocolService (GrpcClientProtocolService.java:lambda$processClientRequest$0(278)) - Failed RaftClientRequest:client-FBD57F74AF91->localhost_10001@group-FF371CEDE24F, cid=42, seq=0, RW, Message:321f0a0f0a0d74657374...(size=33), reply=RaftClientReply:client-FBD57F74AF91->localhost_10001@group-FF371CEDE24F, cid=42, FAILED org.apache.ratis.protocol.LeaderNotReadyException: localhost_10001@group-FF371CEDE24F is in LEADER state but not ready yet., logIndex=0, commits[localhost_10001:c-1, localhost_10002:c-1, localhost_10000:c-1]
2019-09-26 14:06:59,831 INFO  client.GrpcClientProtocolService (GrpcClientProtocolService.java:lambda$processClientRequest$0(278)) - Failed RaftClientRequest:client-FBD57F74AF91->localhost_10001@group-FF371CEDE24F, cid=42, seq=0, RW, Message:321f0a0f0a0d74657374...(size=33), reply=RaftClientReply:client-FBD57F74AF91->localhost_10001@group-FF371CEDE24F, cid=42, FAILED org.apache.ratis.protocol.LeaderNotReadyException: localhost_10001@group-FF371CEDE24F is in LEADER state but not ready yet., logIndex=0, commits[localhost_10001:c-1, localhost_10002:c-1, localhost_10000:c-1]
2019-09-26 14:06:59,832 INFO  client.GrpcClientProtocolService (GrpcClientProtocolService.java:lambda$processClientRequest$0(278)) - Failed RaftClientRequest:client-FBD57F74AF91->localhost_10001@group-FF371CEDE24F, cid=42, seq=0, RW, Message:321f0a0f0a0d74657374...(size=33), reply=RaftClientReply:client-FBD57F74AF91->localhost_10001@group-FF371CEDE24F, cid=42, FAILED org.apache.ratis.protocol.LeaderNotReadyException: localhost_10001@group-FF371CEDE24F is in LEADER state but not ready yet., logIndex=0, commits[localhost_10001:c-1, localhost_10002:c-1, localhost_10000:c-1]
2019-09-26 14:06:59,833 INFO  client.GrpcClientProtocolService (GrpcClientProtocolService.java:lambda$processClientRequest$0(278)) - Failed RaftClientRequest:client-FBD57F74AF91->localhost_10001@group-FF371CEDE24F, cid=42, seq=0, RW, Message:321f0a0f0a0d74657374...(size=33), reply=RaftClientReply:client-FBD57F74AF91->localhost_10001@group-FF371CEDE24F, cid=42, FAILED org.apache.ratis.protocol.LeaderNotReadyException: localhost_10001@group-FF371CEDE24F is in LEADER state but not ready yet., logIndex=0, commits[localhost_10001:c-1, localhost_10002:c-1, localhost_10000:c-1]
2019-09-26 14:06:59,834 INFO  client.GrpcClientProtocolService (GrpcClientProtocolService.java:lambda$processClientRequest$0(278)) - Failed RaftClientRequest:client-FBD57F74AF91->localhost_10001@group-FF371CEDE24F, cid=42, seq=0, RW, Message:321f0a0f0a0d74657374...(size=33), reply=RaftClientReply:client-FBD57F74AF91->localhost_10001@group-FF371CEDE24F, cid=42, FAILED org.apache.ratis.protocol.LeaderNotReadyException: localhost_10001@group-FF371CEDE24F is in LEADER state but not ready yet., logIndex=0, commits[localhost_10001:c-1, localhost_10002:c-1, localhost_10000:c-1]
2019-09-26 14:06:59,835 INFO  client.GrpcClientProtocolService (GrpcClientProtocolService.java:lambda$processClientRequest$0(278)) - Failed RaftClientRequest:client-FBD57F74AF91->localhost_10001@group-FF371CEDE24F, cid=42, seq=0, RW, Message:321f0a0f0a0d74657374...(size=33), reply=RaftClientReply:client-FBD57F74AF91->localhost_10001@group-FF371CEDE24F, cid=42, FAILED org.apache.ratis.protocol.LeaderNotReadyException: localhost_10001@group-FF371CEDE24F is in LEADER state but not ready yet., logIndex=0, commits[localhost_10001:c-1, localhost_10002:c-1, localhost_10000:c-1]
2019-09-26 14:06:59,836 INFO  client.GrpcClientProtocolService (GrpcClientProtocolService.java:lambda$processClientRequest$0(278)) - Failed RaftClientRequest:client-FBD57F74AF91->localhost_10001@group-FF371CEDE24F, cid=42, seq=0, RW, Message:321f0a0f0a0d74657374...(size=33), reply=RaftClientReply:client-FBD57F74AF91->localhost_10001@group-FF371CEDE24F, cid=42, FAILED org.apache.ratis.protocol.LeaderNotReadyException: localhost_10001@group-FF371CEDE24F is in LEADER state but not ready yet., logIndex=0, commits[localhost_10001:c-1, localhost_10002:c-1, localhost_10000:c-1]
2019-09-26 14:06:59,837 INFO  client.GrpcClientProtocolService (GrpcClientProtocolService.java:lambda$processClientRequest$0(278)) - Failed RaftClientRequest:client-FBD57F74AF91->localhost_10001@group-FF371CEDE24F, cid=42, seq=0, RW, Message:321f0a0f0a0d74657374...(size=33), reply=RaftClientReply:client-FBD57F74AF91->localhost_10001@group-FF371CEDE24F, cid=42, FAILED org.apache.ratis.protocol.LeaderNotReadyException: localhost_10001@group-FF371CEDE24F is in LEADER state but not ready yet., logIndex=0, commits[localhost_10001:c-1, localhost_10002:c-1, localhost_10000:c-1]
2019-09-26 14:06:59,838 INFO  client.GrpcClientProtocolService (GrpcClientProtocolService.java:lambda$processClientRequest$0(278)) - Failed RaftClientRequest:client-FBD57F74AF91->localhost_10001@group-FF371CEDE24F, cid=42, seq=0, RW, Message:321f0a0f0a0d74657374...(size=33), reply=RaftClientReply:client-FBD57F74AF91->localhost_10001@group-FF371CEDE24F, cid=42, FAILED org.apache.ratis.protocol.LeaderNotReadyException: localhost_10001@group-FF371CEDE24F is in LEADER state but not ready yet., logIndex=0, commits[localhost_10001:c-1, localhost_10002:c-1, localhost_10000:c-1]
2019-09-26 14:06:59,839 INFO  client.GrpcClientProtocolService (GrpcClientProtocolService.java:lambda$processClientRequest$0(278)) - Failed RaftClientRequest:client-FBD57F74AF91->localhost_10001@group-FF371CEDE24F, cid=42, seq=0, RW, Message:321f0a0f0a0d74657374...(size=33), reply=RaftClientReply:client-FBD57F74AF91->localhost_10001@group-FF371CEDE24F, cid=42, FAILED org.apache.ratis.protocol.LeaderNotReadyException: localhost_10001@group-FF371CEDE24F is in LEADER state but not ready yet., logIndex=0, commits[localhost_10001:c-1, localhost_10002:c-1, localhost_10000:c-1]
2019-09-26 14:06:59,840 INFO  client.GrpcClientProtocolService (GrpcClientProtocolService.java:lambda$processClientRequest$0(278)) - Failed RaftClientRequest:client-FBD57F74AF91->localhost_10001@group-FF371CEDE24F, cid=42, seq=0, RW, Message:321f0a0f0a0d74657374...(size=33), reply=RaftClientReply:client-FBD57F74AF91->localhost_10001@group-FF371CEDE24F, cid=42, FAILED org.apache.ratis.protocol.LeaderNotReadyException: localhost_10001@group-FF371CEDE24F is in LEADER state but not ready yet., logIndex=0, commits[localhost_10001:c-1, localhost_10002:c-1, localhost_10000:c-1]
2019-09-26 14:06:59,841 INFO  client.GrpcClientProtocolService (GrpcClientProtocolService.java:lambda$processClientRequest$0(278)) - Failed RaftClientRequest:client-FBD57F74AF91->localhost_10001@group-FF371CEDE24F, cid=42, seq=0, RW, Message:321f0a0f0a0d74657374...(size=33), reply=RaftClientReply:client-FBD57F74AF91->localhost_10001@group-FF371CEDE24F, cid=42, FAILED org.apache.ratis.protocol.LeaderNotReadyException: localhost_10001@group-FF371CEDE24F is in LEADER state but not ready yet., logIndex=0, commits[localhost_10001:c-1, localhost_10002:c-1, localhost_10000:c-1]
2019-09-26 14:06:59,842 INFO  client.GrpcClientProtocolService (GrpcClientProtocolService.java:lambda$processClientRequest$0(278)) - Failed RaftClientRequest:client-FBD57F74AF91->localhost_10001@group-FF371CEDE24F, cid=42, seq=0, RW, Message:321f0a0f0a0d74657374...(size=33), reply=RaftClientReply:client-FBD57F74AF91->localhost_10001@group-FF371CEDE24F, cid=42, FAILED org.apache.ratis.protocol.LeaderNotReadyException: localhost_10001@group-FF371CEDE24F is in LEADER state but not ready yet., logIndex=0, commits[localhost_10001:c-1, localhost_10002:c-1, localhost_10000:c-1]
2019-09-26 14:06:59,844 INFO  client.GrpcClientProtocolService (GrpcClientProtocolService.java:lambda$processClientRequest$0(278)) - Failed RaftClientRequest:client-FBD57F74AF91->localhost_10001@group-FF371CEDE24F, cid=42, seq=0, RW, Message:321f0a0f0a0d74657374...(size=33), reply=RaftClientReply:client-FBD57F74AF91->localhost_10001@group-FF371CEDE24F, cid=42, FAILED org.apache.ratis.protocol.LeaderNotReadyException: localhost_10001@group-FF371CEDE24F is in LEADER state but not ready yet., logIndex=0, commits[localhost_10001:c-1, localhost_10002:c-1, localhost_10000:c-1]
2019-09-26 14:06:59,845 INFO  client.GrpcClientProtocolService (GrpcClientProtocolService.java:lambda$processClientRequest$0(278)) - Failed RaftClientRequest:client-FBD57F74AF91->localhost_10001@group-FF371CEDE24F, cid=42, seq=0, RW, Message:321f0a0f0a0d74657374...(size=33), reply=RaftClientReply:client-FBD57F74AF91->localhost_10001@group-FF371CEDE24F, cid=42, FAILED org.apache.ratis.protocol.LeaderNotReadyException: localhost_10001@group-FF371CEDE24F is in LEADER state but not ready yet., logIndex=0, commits[localhost_10001:c-1, localhost_10002:c-1, localhost_10000:c-1]
2019-09-26 14:06:59,845 INFO  client.GrpcClientProtocolService (GrpcClientProtocolService.java:lambda$processClientRequest$0(278)) - Failed RaftClientRequest:client-FBD57F74AF91->localhost_10001@group-FF371CEDE24F, cid=42, seq=0, RW, Message:321f0a0f0a0d74657374...(size=33), reply=RaftClientReply:client-FBD57F74AF91->localhost_10001@group-FF371CEDE24F, cid=42, FAILED org.apache.ratis.protocol.LeaderNotReadyException: localhost_10001@group-FF371CEDE24F is in LEADER state but not ready yet., logIndex=0, commits[localhost_10001:c-1, localhost_10002:c-1, localhost_10000:c-1]
2019-09-26 14:06:59,846 INFO  client.GrpcClientProtocolService (GrpcClientProtocolService.java:lambda$processClientRequest$0(278)) - Failed RaftClientRequest:client-FBD57F74AF91->localhost_10001@group-FF371CEDE24F, cid=42, seq=0, RW, Message:321f0a0f0a0d74657374...(size=33), reply=RaftClientReply:client-FBD57F74AF91->localhost_10001@group-FF371CEDE24F, cid=42, FAILED org.apache.ratis.protocol.LeaderNotReadyException: localhost_10001@group-FF371CEDE24F is in LEADER state but not ready yet., logIndex=0, commits[localhost_10001:c-1, localhost_10002:c-1, localhost_10000:c-1]
2019-09-26 14:06:59,847 INFO  client.GrpcClientProtocolService (GrpcClientProtocolService.java:lambda$processClientRequest$0(278)) - Failed RaftClientRequest:client-FBD57F74AF91->localhost_10001@group-FF371CEDE24F, cid=42, seq=0, RW, Message:321f0a0f0a0d74657374...(size=33), reply=RaftClientReply:client-FBD57F74AF91->localhost_10001@group-FF371CEDE24F, cid=42, FAILED org.apache.ratis.protocol.LeaderNotReadyException: localhost_10001@group-FF371CEDE24F is in LEADER state but not ready yet., logIndex=0, commits[localhost_10001:c-1, localhost_10002:c-1, localhost_10000:c-1]
2019-09-26 14:06:59,848 INFO  client.GrpcClientProtocolService (GrpcClientProtocolService.java:lambda$processClientRequest$0(278)) - Failed RaftClientRequest:client-FBD57F74AF91->localhost_10001@group-FF371CEDE24F, cid=42, seq=0, RW, Message:321f0a0f0a0d74657374...(size=33), reply=RaftClientReply:client-FBD57F74AF91->localhost_10001@group-FF371CEDE24F, cid=42, FAILED org.apache.ratis.protocol.LeaderNotReadyException: localhost_10001@group-FF371CEDE24F is in LEADER state but not ready yet., logIndex=0, commits[localhost_10001:c-1, localhost_10002:c-1, localhost_10000:c-1]
2019-09-26 14:06:59,849 INFO  client.GrpcClientProtocolService (GrpcClientProtocolService.java:lambda$processClientRequest$0(278)) - Failed RaftClientRequest:client-FBD57F74AF91->localhost_10001@group-FF371CEDE24F, cid=42, seq=0, RW, Message:321f0a0f0a0d74657374...(size=33), reply=RaftClientReply:client-FBD57F74AF91->localhost_10001@group-FF371CEDE24F, cid=42, FAILED org.apache.ratis.protocol.LeaderNotReadyException: localhost_10001@group-FF371CEDE24F is in LEADER state but not ready yet., logIndex=0, commits[localhost_10001:c-1, localhost_10002:c-1, localhost_10000:c-1]
2019-09-26 14:06:59,850 INFO  client.GrpcClientProtocolService (GrpcClientProtocolService.java:lambda$processClientRequest$0(278)) - Failed RaftClientRequest:client-FBD57F74AF91->localhost_10001@group-FF371CEDE24F, cid=42, seq=0, RW, Message:321f0a0f0a0d74657374...(size=33), reply=RaftClientReply:client-FBD57F74AF91->localhost_10001@group-FF371CEDE24F, cid=42, FAILED org.apache.ratis.protocol.LeaderNotReadyException: localhost_10001@group-FF371CEDE24F is in LEADER state but not ready yet., logIndex=0, commits[localhost_10001:c-1, localhost_10002:c-1, localhost_10000:c-1]
2019-09-26 14:06:59,851 INFO  client.GrpcClientProtocolService (GrpcClientProtocolService.java:lambda$processClientRequest$0(278)) - Failed RaftClientRequest:client-FBD57F74AF91->localhost_10001@group-FF371CEDE24F, cid=42, seq=0, RW, Message:321f0a0f0a0d74657374...(size=33), reply=RaftClientReply:client-FBD57F74AF91->localhost_10001@group-FF371CEDE24F, cid=42, FAILED org.apache.ratis.protocol.LeaderNotReadyException: localhost_10001@group-FF371CEDE24F is in LEADER state but not ready yet., logIndex=0, commits[localhost_10001:c-1, localhost_10002:c-1, localhost_10000:c-1]
2019-09-26 14:06:59,852 INFO  client.GrpcClientProtocolService (GrpcClientProtocolService.java:lambda$processClientRequest$0(278)) - Failed RaftClientRequest:client-FBD57F74AF91->localhost_10001@group-FF371CEDE24F, cid=42, seq=0, RW, Message:321f0a0f0a0d74657374...(size=33), reply=RaftClientReply:client-FBD57F74AF91->localhost_10001@group-FF371CEDE24F, cid=42, FAILED org.apache.ratis.protocol.LeaderNotReadyException: localhost_10001@group-FF371CEDE24F is in LEADER state but not ready yet., logIndex=0, commits[localhost_10001:c-1, localhost_10002:c-1, localhost_10000:c-1]
2019-09-26 14:06:59,853 INFO  client.GrpcClientProtocolService (GrpcClientProtocolService.java:lambda$processClientRequest$0(278)) - Failed RaftClientRequest:client-FBD57F74AF91->localhost_10001@group-FF371CEDE24F, cid=42, seq=0, RW, Message:321f0a0f0a0d74657374...(size=33), reply=RaftClientReply:client-FBD57F74AF91->localhost_10001@group-FF371CEDE24F, cid=42, FAILED org.apache.ratis.protocol.LeaderNotReadyException: localhost_10001@group-FF371CEDE24F is in LEADER state but not ready yet., logIndex=0, commits[localhost_10001:c-1, localhost_10002:c-1, localhost_10000:c-1]
2019-09-26 14:06:59,854 INFO  client.GrpcClientProtocolService (GrpcClientProtocolService.java:lambda$processClientRequest$0(278)) - Failed RaftClientRequest:client-FBD57F74AF91->localhost_10001@group-FF371CEDE24F, cid=42, seq=0, RW, Message:321f0a0f0a0d74657374...(size=33), reply=RaftClientReply:client-FBD57F74AF91->localhost_10001@group-FF371CEDE24F, cid=42, FAILED org.apache.ratis.protocol.LeaderNotReadyException: localhost_10001@group-FF371CEDE24F is in LEADER state but not ready yet., logIndex=0, commits[localhost_10001:c-1, localhost_10002:c-1, localhost_10000:c-1]
2019-09-26 14:06:59,855 INFO  client.GrpcClientProtocolService (GrpcClientProtocolService.java:lambda$processClientRequest$0(278)) - Failed RaftClientRequest:client-FBD57F74AF91->localhost_10001@group-FF371CEDE24F, cid=42, seq=0, RW, Message:321f0a0f0a0d74657374...(size=33), reply=RaftClientReply:client-FBD57F74AF91->localhost_10001@group-FF371CEDE24F, cid=42, FAILED org.apache.ratis.protocol.LeaderNotReadyException: localhost_10001@group-FF371CEDE24F is in LEADER state but not ready yet., logIndex=0, commits[localhost_10001:c-1, localhost_10002:c-1, localhost_10000:c-1]
2019-09-26 14:06:59,856 INFO  client.GrpcClientProtocolService (GrpcClientProtocolService.java:lambda$processClientRequest$0(278)) - Failed RaftClientRequest:client-FBD57F74AF91->localhost_10001@group-FF371CEDE24F, cid=42, seq=0, RW, Message:321f0a0f0a0d74657374...(size=33), reply=RaftClientReply:client-FBD57F74AF91->localhost_10001@group-FF371CEDE24F, cid=42, FAILED org.apache.ratis.protocol.LeaderNotReadyException: localhost_10001@group-FF371CEDE24F is in LEADER state but not ready yet., logIndex=0, commits[localhost_10001:c-1, localhost_10002:c-1, localhost_10000:c-1]
2019-09-26 14:06:59,857 INFO  client.GrpcClientProtocolService (GrpcClientProtocolService.java:lambda$processClientRequest$0(278)) - Failed RaftClientRequest:client-FBD57F74AF91->localhost_10001@group-FF371CEDE24F, cid=42, seq=0, RW, Message:321f0a0f0a0d74657374...(size=33), reply=RaftClientReply:client-FBD57F74AF91->localhost_10001@group-FF371CEDE24F, cid=42, FAILED org.apache.ratis.protocol.LeaderNotReadyException: localhost_10001@group-FF371CEDE24F is in LEADER state but not ready yet., logIndex=0, commits[localhost_10001:c-1, localhost_10002:c-1, localhost_10000:c-1]
2019-09-26 14:06:59,858 INFO  client.GrpcClientProtocolService (GrpcClientProtocolService.java:lambda$processClientRequest$0(278)) - Failed RaftClientRequest:client-FBD57F74AF91->localhost_10001@group-FF371CEDE24F, cid=42, seq=0, RW, Message:321f0a0f0a0d74657374...(size=33), reply=RaftClientReply:client-FBD57F74AF91->localhost_10001@group-FF371CEDE24F, cid=42, FAILED org.apache.ratis.protocol.LeaderNotReadyException: localhost_10001@group-FF371CEDE24F is in LEADER state but not ready yet., logIndex=0, commits[localhost_10001:c-1, localhost_10002:c-1, localhost_10000:c-1]
2019-09-26 14:06:59,859 INFO  client.GrpcClientProtocolService (GrpcClientProtocolService.java:lambda$processClientRequest$0(278)) - Failed RaftClientRequest:client-FBD57F74AF91->localhost_10001@group-FF371CEDE24F, cid=42, seq=0, RW, Message:321f0a0f0a0d74657374...(size=33), reply=RaftClientReply:client-FBD57F74AF91->localhost_10001@group-FF371CEDE24F, cid=42, FAILED org.apache.ratis.protocol.LeaderNotReadyException: localhost_10001@group-FF371CEDE24F is in LEADER state but not ready yet., logIndex=0, commits[localhost_10001:c-1, localhost_10002:c-1, localhost_10000:c-1]
2019-09-26 14:06:59,860 INFO  client.GrpcClientProtocolService (GrpcClientProtocolService.java:lambda$processClientRequest$0(278)) - Failed RaftClientRequest:client-FBD57F74AF91->localhost_10001@group-FF371CEDE24F, cid=42, seq=0, RW, Message:321f0a0f0a0d74657374...(size=33), reply=RaftClientReply:client-FBD57F74AF91->localhost_10001@group-FF371CEDE24F, cid=42, FAILED org.apache.ratis.protocol.LeaderNotReadyException: localhost_10001@group-FF371CEDE24F is in LEADER state but not ready yet., logIndex=0, commits[localhost_10001:c-1, localhost_10002:c-1, localhost_10000:c-1]
2019-09-26 14:06:59,861 INFO  client.GrpcClientProtocolService (GrpcClientProtocolService.java:lambda$processClientRequest$0(278)) - Failed RaftClientRequest:client-FBD57F74AF91->localhost_10001@group-FF371CEDE24F, cid=42, seq=0, RW, Message:321f0a0f0a0d74657374...(size=33), reply=RaftClientReply:client-FBD57F74AF91->localhost_10001@group-FF371CEDE24F, cid=42, FAILED org.apache.ratis.protocol.LeaderNotReadyException: localhost_10001@group-FF371CEDE24F is in LEADER state but not ready yet., logIndex=0, commits[localhost_10001:c-1, localhost_10002:c-1, localhost_10000:c-1]
2019-09-26 14:06:59,862 INFO  client.GrpcClientProtocolService (GrpcClientProtocolService.java:lambda$processClientRequest$0(278)) - Failed RaftClientRequest:client-FBD57F74AF91->localhost_10001@group-FF371CEDE24F, cid=42, seq=0, RW, Message:321f0a0f0a0d74657374...(size=33), reply=RaftClientReply:client-FBD57F74AF91->localhost_10001@group-FF371CEDE24F, cid=42, FAILED org.apache.ratis.protocol.LeaderNotReadyException: localhost_10001@group-FF371CEDE24F is in LEADER state but not ready yet., logIndex=0, commits[localhost_10001:c-1, localhost_10002:c-1, localhost_10000:c-1]
2019-09-26 14:06:59,864 INFO  client.GrpcClientProtocolService (GrpcClientProtocolService.java:lambda$processClientRequest$0(278)) - Failed RaftClientRequest:client-FBD57F74AF91->localhost_10001@group-FF371CEDE24F, cid=42, seq=0, RW, Message:321f0a0f0a0d74657374...(size=33), reply=RaftClientReply:client-FBD57F74AF91->localhost_10001@group-FF371CEDE24F, cid=42, FAILED org.apache.ratis.protocol.LeaderNotReadyException: localhost_10001@group-FF371CEDE24F is in LEADER state but not ready yet., logIndex=0, commits[localhost_10001:c-1, localhost_10002:c-1, localhost_10000:c-1]
2019-09-26 14:06:59,865 INFO  client.GrpcClientProtocolService (GrpcClientProtocolService.java:lambda$processClientRequest$0(278)) - Failed RaftClientRequest:client-FBD57F74AF91->localhost_10001@group-FF371CEDE24F, cid=42, seq=0, RW, Message:321f0a0f0a0d74657374...(size=33), reply=RaftClientReply:client-FBD57F74AF91->localhost_10001@group-FF371CEDE24F, cid=42, FAILED org.apache.ratis.protocol.LeaderNotReadyException: localhost_10001@group-FF371CEDE24F is in LEADER state but not ready yet., logIndex=0, commits[localhost_10001:c-1, localhost_10002:c-1, localhost_10000:c-1]
2019-09-26 14:06:59,865 INFO  client.GrpcClientProtocolService (GrpcClientProtocolService.java:lambda$processClientRequest$0(278)) - Failed RaftClientRequest:client-FBD57F74AF91->localhost_10001@group-FF371CEDE24F, cid=42, seq=0, RW, Message:321f0a0f0a0d74657374...(size=33), reply=RaftClientReply:client-FBD57F74AF91->localhost_10001@group-FF371CEDE24F, cid=42, FAILED org.apache.ratis.protocol.LeaderNotReadyException: localhost_10001@group-FF371CEDE24F is in LEADER state but not ready yet., logIndex=0, commits[localhost_10001:c-1, localhost_10002:c-1, localhost_10000:c-1]
2019-09-26 14:06:59,866 INFO  client.GrpcClientProtocolService (GrpcClientProtocolService.java:lambda$processClientRequest$0(278)) - Failed RaftClientRequest:client-FBD57F74AF91->localhost_10001@group-FF371CEDE24F, cid=42, seq=0, RW, Message:321f0a0f0a0d74657374...(size=33), reply=RaftClientReply:client-FBD57F74AF91->localhost_10001@group-FF371CEDE24F, cid=42, FAILED org.apache.ratis.protocol.LeaderNotReadyException: localhost_10001@group-FF371CEDE24F is in LEADER state but not ready yet., logIndex=0, commits[localhost_10001:c-1, localhost_10002:c-1, localhost_10000:c-1]
2019-09-26 14:06:59,867 INFO  client.GrpcClientProtocolService (GrpcClientProtocolService.java:lambda$processClientRequest$0(278)) - Failed RaftClientRequest:client-FBD57F74AF91->localhost_10001@group-FF371CEDE24F, cid=42, seq=0, RW, Message:321f0a0f0a0d74657374...(size=33), reply=RaftClientReply:client-FBD57F74AF91->localhost_10001@group-FF371CEDE24F, cid=42, FAILED org.apache.ratis.protocol.LeaderNotReadyException: localhost_10001@group-FF371CEDE24F is in LEADER state but not ready yet., logIndex=0, commits[localhost_10001:c-1, localhost_10002:c-1, localhost_10000:c-1]
2019-09-26 14:06:59,868 INFO  client.GrpcClientProtocolService (GrpcClientProtocolService.java:lambda$processClientRequest$0(278)) - Failed RaftClientRequest:client-FBD57F74AF91->localhost_10001@group-FF371CEDE24F, cid=42, seq=0, RW, Message:321f0a0f0a0d74657374...(size=33), reply=RaftClientReply:client-FBD57F74AF91->localhost_10001@group-FF371CEDE24F, cid=42, FAILED org.apache.ratis.protocol.LeaderNotReadyException: localhost_10001@group-FF371CEDE24F is in LEADER state but not ready yet., logIndex=0, commits[localhost_10001:c-1, localhost_10002:c-1, localhost_10000:c-1]
2019-09-26 14:06:59,869 INFO  client.GrpcClientProtocolService (GrpcClientProtocolService.java:lambda$processClientRequest$0(278)) - Failed RaftClientRequest:client-FBD57F74AF91->localhost_10001@group-FF371CEDE24F, cid=42, seq=0, RW, Message:321f0a0f0a0d74657374...(size=33), reply=RaftClientReply:client-FBD57F74AF91->localhost_10001@group-FF371CEDE24F, cid=42, FAILED org.apache.ratis.protocol.LeaderNotReadyException: localhost_10001@group-FF371CEDE24F is in LEADER state but not ready yet., logIndex=0, commits[localhost_10001:c-1, localhost_10002:c-1, localhost_10000:c-1]
2019-09-26 14:06:59,870 INFO  client.GrpcClientProtocolService (GrpcClientProtocolService.java:lambda$processClientRequest$0(278)) - Failed RaftClientRequest:client-FBD57F74AF91->localhost_10001@group-FF371CEDE24F, cid=42, seq=0, RW, Message:321f0a0f0a0d74657374...(size=33), reply=RaftClientReply:client-FBD57F74AF91->localhost_10001@group-FF371CEDE24F, cid=42, FAILED org.apache.ratis.protocol.LeaderNotReadyException: localhost_10001@group-FF371CEDE24F is in LEADER state but not ready yet., logIndex=0, commits[localhost_10001:c-1, localhost_10002:c-1, localhost_10000:c-1]
2019-09-26 14:06:59,871 INFO  client.GrpcClientProtocolService (GrpcClientProtocolService.java:lambda$processClientRequest$0(278)) - Failed RaftClientRequest:client-FBD57F74AF91->localhost_10001@group-FF371CEDE24F, cid=42, seq=0, RW, Message:321f0a0f0a0d74657374...(size=33), reply=RaftClientReply:client-FBD57F74AF91->localhost_10001@group-FF371CEDE24F, cid=42, FAILED org.apache.ratis.protocol.LeaderNotReadyException: localhost_10001@group-FF371CEDE24F is in LEADER state but not ready yet., logIndex=0, commits[localhost_10001:c-1, localhost_10002:c-1, localhost_10000:c-1]
2019-09-26 14:06:59,872 INFO  client.GrpcClientProtocolService (GrpcClientProtocolService.java:lambda$processClientRequest$0(278)) - Failed RaftClientRequest:client-FBD57F74AF91->localhost_10001@group-FF371CEDE24F, cid=42, seq=0, RW, Message:321f0a0f0a0d74657374...(size=33), reply=RaftClientReply:client-FBD57F74AF91->localhost_10001@group-FF371CEDE24F, cid=42, FAILED org.apache.ratis.protocol.LeaderNotReadyException: localhost_10001@group-FF371CEDE24F is in LEADER state but not ready yet., logIndex=0, commits[localhost_10001:c-1, localhost_10002:c-1, localhost_10000:c-1]
2019-09-26 14:06:59,873 INFO  client.GrpcClientProtocolService (GrpcClientProtocolService.java:lambda$processClientRequest$0(278)) - Failed RaftClientRequest:client-FBD57F74AF91->localhost_10001@group-FF371CEDE24F, cid=42, seq=0, RW, Message:321f0a0f0a0d74657374...(size=33), reply=RaftClientReply:client-FBD57F74AF91->localhost_10001@group-FF371CEDE24F, cid=42, FAILED org.apache.ratis.protocol.LeaderNotReadyException: localhost_10001@group-FF371CEDE24F is in LEADER state but not ready yet., logIndex=0, commits[localhost_10001:c-1, localhost_10002:c-1, localhost_10000:c-1]
2019-09-26 14:06:59,874 INFO  client.GrpcClientProtocolService (GrpcClientProtocolService.java:lambda$processClientRequest$0(278)) - Failed RaftClientRequest:client-FBD57F74AF91->localhost_10001@group-FF371CEDE24F, cid=42, seq=0, RW, Message:321f0a0f0a0d74657374...(size=33), reply=RaftClientReply:client-FBD57F74AF91->localhost_10001@group-FF371CEDE24F, cid=42, FAILED org.apache.ratis.protocol.LeaderNotReadyException: localhost_10001@group-FF371CEDE24F is in LEADER state but not ready yet., logIndex=0, commits[localhost_10001:c-1, localhost_10002:c-1, localhost_10000:c-1]
2019-09-26 14:06:59,875 INFO  client.GrpcClientProtocolService (GrpcClientProtocolService.java:lambda$processClientRequest$0(278)) - Failed RaftClientRequest:client-FBD57F74AF91->localhost_10001@group-FF371CEDE24F, cid=42, seq=0, RW, Message:321f0a0f0a0d74657374...(size=33), reply=RaftClientReply:client-FBD57F74AF91->localhost_10001@group-FF371CEDE24F, cid=42, FAILED org.apache.ratis.protocol.LeaderNotReadyException: localhost_10001@group-FF371CEDE24F is in LEADER state but not ready yet., logIndex=0, commits[localhost_10001:c-1, localhost_10002:c-1, localhost_10000:c-1]
2019-09-26 14:06:59,876 INFO  client.GrpcClientProtocolService (GrpcClientProtocolService.java:lambda$processClientRequest$0(278)) - Failed RaftClientRequest:client-FBD57F74AF91->localhost_10001@group-FF371CEDE24F, cid=42, seq=0, RW, Message:321f0a0f0a0d74657374...(size=33), reply=RaftClientReply:client-FBD57F74AF91->localhost_10001@group-FF371CEDE24F, cid=42, FAILED org.apache.ratis.protocol.LeaderNotReadyException: localhost_10001@group-FF371CEDE24F is in LEADER state but not ready yet., logIndex=0, commits[localhost_10001:c-1, localhost_10002:c-1, localhost_10000:c-1]
2019-09-26 14:06:59,877 INFO  client.GrpcClientProtocolService (GrpcClientProtocolService.java:lambda$processClientRequest$0(278)) - Failed RaftClientRequest:client-FBD57F74AF91->localhost_10001@group-FF371CEDE24F, cid=42, seq=0, RW, Message:321f0a0f0a0d74657374...(size=33), reply=RaftClientReply:client-FBD57F74AF91->localhost_10001@group-FF371CEDE24F, cid=42, FAILED org.apache.ratis.protocol.LeaderNotReadyException: localhost_10001@group-FF371CEDE24F is in LEADER state but not ready yet., logIndex=0, commits[localhost_10001:c-1, localhost_10002:c-1, localhost_10000:c-1]
2019-09-26 14:06:59,878 INFO  client.GrpcClientProtocolService (GrpcClientProtocolService.java:lambda$processClientRequest$0(278)) - Failed RaftClientRequest:client-FBD57F74AF91->localhost_10001@group-FF371CEDE24F, cid=42, seq=0, RW, Message:321f0a0f0a0d74657374...(size=33), reply=RaftClientReply:client-FBD57F74AF91->localhost_10001@group-FF371CEDE24F, cid=42, FAILED org.apache.ratis.protocol.LeaderNotReadyException: localhost_10001@group-FF371CEDE24F is in LEADER state but not ready yet., logIndex=0, commits[localhost_10001:c-1, localhost_10002:c-1, localhost_10000:c-1]
2019-09-26 14:06:59,878 INFO  client.GrpcClientProtocolService (GrpcClientProtocolService.java:lambda$processClientRequest$0(278)) - Failed RaftClientRequest:client-FBD57F74AF91->localhost_10001@group-FF371CEDE24F, cid=42, seq=0, RW, Message:321f0a0f0a0d74657374...(size=33), reply=RaftClientReply:client-FBD57F74AF91->localhost_10001@group-FF371CEDE24F, cid=42, FAILED org.apache.ratis.protocol.LeaderNotReadyException: localhost_10001@group-FF371CEDE24F is in LEADER state but not ready yet., logIndex=0, commits[localhost_10001:c-1, localhost_10002:c-1, localhost_10000:c-1]
2019-09-26 14:06:59,880 INFO  client.GrpcClientProtocolService (GrpcClientProtocolService.java:lambda$processClientRequest$0(278)) - Failed RaftClientRequest:client-FBD57F74AF91->localhost_10001@group-FF371CEDE24F, cid=42, seq=0, RW, Message:321f0a0f0a0d74657374...(size=33), reply=RaftClientReply:client-FBD57F74AF91->localhost_10001@group-FF371CEDE24F, cid=42, FAILED org.apache.ratis.protocol.LeaderNotReadyException: localhost_10001@group-FF371CEDE24F is in LEADER state but not ready yet., logIndex=0, commits[localhost_10001:c-1, localhost_10002:c-1, localhost_10000:c-1]
2019-09-26 14:06:59,880 INFO  client.GrpcClientProtocolService (GrpcClientProtocolService.java:lambda$processClientRequest$0(278)) - Failed RaftClientRequest:client-FBD57F74AF91->localhost_10001@group-FF371CEDE24F, cid=42, seq=0, RW, Message:321f0a0f0a0d74657374...(size=33), reply=RaftClientReply:client-FBD57F74AF91->localhost_10001@group-FF371CEDE24F, cid=42, FAILED org.apache.ratis.protocol.LeaderNotReadyException: localhost_10001@group-FF371CEDE24F is in LEADER state but not ready yet., logIndex=0, commits[localhost_10001:c-1, localhost_10002:c-1, localhost_10000:c-1]
2019-09-26 14:06:59,881 INFO  client.GrpcClientProtocolService (GrpcClientProtocolService.java:lambda$processClientRequest$0(278)) - Failed RaftClientRequest:client-FBD57F74AF91->localhost_10001@group-FF371CEDE24F, cid=42, seq=0, RW, Message:321f0a0f0a0d74657374...(size=33), reply=RaftClientReply:client-FBD57F74AF91->localhost_10001@group-FF371CEDE24F, cid=42, FAILED org.apache.ratis.protocol.LeaderNotReadyException: localhost_10001@group-FF371CEDE24F is in LEADER state but not ready yet., logIndex=0, commits[localhost_10001:c-1, localhost_10002:c-1, localhost_10000:c-1]
2019-09-26 14:06:59,882 INFO  client.GrpcClientProtocolService (GrpcClientProtocolService.java:lambda$processClientRequest$0(278)) - Failed RaftClientRequest:client-FBD57F74AF91->localhost_10001@group-FF371CEDE24F, cid=42, seq=0, RW, Message:321f0a0f0a0d74657374...(size=33), reply=RaftClientReply:client-FBD57F74AF91->localhost_10001@group-FF371CEDE24F, cid=42, FAILED org.apache.ratis.protocol.LeaderNotReadyException: localhost_10001@group-FF371CEDE24F is in LEADER state but not ready yet., logIndex=0, commits[localhost_10001:c-1, localhost_10002:c-1, localhost_10000:c-1]
2019-09-26 14:06:59,883 INFO  client.GrpcClientProtocolService (GrpcClientProtocolService.java:lambda$processClientRequest$0(278)) - Failed RaftClientRequest:client-FBD57F74AF91->localhost_10001@group-FF371CEDE24F, cid=42, seq=0, RW, Message:321f0a0f0a0d74657374...(size=33), reply=RaftClientReply:client-FBD57F74AF91->localhost_10001@group-FF371CEDE24F, cid=42, FAILED org.apache.ratis.protocol.LeaderNotReadyException: localhost_10001@group-FF371CEDE24F is in LEADER state but not ready yet., logIndex=0, commits[localhost_10001:c-1, localhost_10002:c-1, localhost_10000:c-1]
2019-09-26 14:06:59,884 INFO  client.GrpcClientProtocolService (GrpcClientProtocolService.java:lambda$processClientRequest$0(278)) - Failed RaftClientRequest:client-FBD57F74AF91->localhost_10001@group-FF371CEDE24F, cid=42, seq=0, RW, Message:321f0a0f0a0d74657374...(size=33), reply=RaftClientReply:client-FBD57F74AF91->localhost_10001@group-FF371CEDE24F, cid=42, FAILED org.apache.ratis.protocol.LeaderNotReadyException: localhost_10001@group-FF371CEDE24F is in LEADER state but not ready yet., logIndex=0, commits[localhost_10001:c-1, localhost_10002:c-1, localhost_10000:c-1]
2019-09-26 14:06:59,886 INFO  client.GrpcClientProtocolService (GrpcClientProtocolService.java:lambda$processClientRequest$0(278)) - Failed RaftClientRequest:client-FBD57F74AF91->localhost_10001@group-FF371CEDE24F, cid=42, seq=0, RW, Message:321f0a0f0a0d74657374...(size=33), reply=RaftClientReply:client-FBD57F74AF91->localhost_10001@group-FF371CEDE24F, cid=42, FAILED org.apache.ratis.protocol.LeaderNotReadyException: localhost_10001@group-FF371CEDE24F is in LEADER state but not ready yet., logIndex=0, commits[localhost_10001:c-1, localhost_10002:c-1, localhost_10000:c-1]
2019-09-26 14:06:59,887 INFO  client.GrpcClientProtocolService (GrpcClientProtocolService.java:lambda$processClientRequest$0(278)) - Failed RaftClientRequest:client-FBD57F74AF91->localhost_10001@group-FF371CEDE24F, cid=42, seq=0, RW, Message:321f0a0f0a0d74657374...(size=33), reply=RaftClientReply:client-FBD57F74AF91->localhost_10001@group-FF371CEDE24F, cid=42, FAILED org.apache.ratis.protocol.LeaderNotReadyException: localhost_10001@group-FF371CEDE24F is in LEADER state but not ready yet., logIndex=0, commits[localhost_10001:c-1, localhost_10002:c-1, localhost_10000:c-1]
2019-09-26 14:06:59,888 INFO  client.GrpcClientProtocolService (GrpcClientProtocolService.java:lambda$processClientRequest$0(278)) - Failed RaftClientRequest:client-FBD57F74AF91->localhost_10001@group-FF371CEDE24F, cid=42, seq=0, RW, Message:321f0a0f0a0d74657374...(size=33), reply=RaftClientReply:client-FBD57F74AF91->localhost_10001@group-FF371CEDE24F, cid=42, FAILED org.apache.ratis.protocol.LeaderNotReadyException: localhost_10001@group-FF371CEDE24F is in LEADER state but not ready yet., logIndex=0, commits[localhost_10001:c-1, localhost_10002:c-1, localhost_10000:c-1]
2019-09-26 14:06:59,889 INFO  client.GrpcClientProtocolService (GrpcClientProtocolService.java:lambda$processClientRequest$0(278)) - Failed RaftClientRequest:client-FBD57F74AF91->localhost_10001@group-FF371CEDE24F, cid=42, seq=0, RW, Message:321f0a0f0a0d74657374...(size=33), reply=RaftClientReply:client-FBD57F74AF91->localhost_10001@group-FF371CEDE24F, cid=42, FAILED org.apache.ratis.protocol.LeaderNotReadyException: localhost_10001@group-FF371CEDE24F is in LEADER state but not ready yet., logIndex=0, commits[localhost_10001:c-1, localhost_10002:c-1, localhost_10000:c-1]
2019-09-26 14:06:59,890 INFO  client.GrpcClientProtocolService (GrpcClientProtocolService.java:lambda$processClientRequest$0(278)) - Failed RaftClientRequest:client-FBD57F74AF91->localhost_10001@group-FF371CEDE24F, cid=42, seq=0, RW, Message:321f0a0f0a0d74657374...(size=33), reply=RaftClientReply:client-FBD57F74AF91->localhost_10001@group-FF371CEDE24F, cid=42, FAILED org.apache.ratis.protocol.LeaderNotReadyException: localhost_10001@group-FF371CEDE24F is in LEADER state but not ready yet., logIndex=0, commits[localhost_10001:c-1, localhost_10002:c-1, localhost_10000:c-1]
2019-09-26 14:06:59,891 INFO  client.GrpcClientProtocolService (GrpcClientProtocolService.java:lambda$processClientRequest$0(278)) - Failed RaftClientRequest:client-FBD57F74AF91->localhost_10001@group-FF371CEDE24F, cid=42, seq=0, RW, Message:321f0a0f0a0d74657374...(size=33), reply=RaftClientReply:client-FBD57F74AF91->localhost_10001@group-FF371CEDE24F, cid=42, FAILED org.apache.ratis.protocol.LeaderNotReadyException: localhost_10001@group-FF371CEDE24F is in LEADER state but not ready yet., logIndex=0, commits[localhost_10001:c-1, localhost_10002:c-1, localhost_10000:c-1]
2019-09-26 14:06:59,892 INFO  client.GrpcClientProtocolService (GrpcClientProtocolService.java:lambda$processClientRequest$0(278)) - Failed RaftClientRequest:client-FBD57F74AF91->localhost_10001@group-FF371CEDE24F, cid=42, seq=0, RW, Message:321f0a0f0a0d74657374...(size=33), reply=RaftClientReply:client-FBD57F74AF91->localhost_10001@group-FF371CEDE24F, cid=42, FAILED org.apache.ratis.protocol.LeaderNotReadyException: localhost_10001@group-FF371CEDE24F is in LEADER state but not ready yet., logIndex=0, commits[localhost_10001:c-1, localhost_10002:c-1, localhost_10000:c-1]
2019-09-26 14:06:59,893 INFO  client.GrpcClientProtocolService (GrpcClientProtocolService.java:lambda$processClientRequest$0(278)) - Failed RaftClientRequest:client-FBD57F74AF91->localhost_10001@group-FF371CEDE24F, cid=42, seq=0, RW, Message:321f0a0f0a0d74657374...(size=33), reply=RaftClientReply:client-FBD57F74AF91->localhost_10001@group-FF371CEDE24F, cid=42, FAILED org.apache.ratis.protocol.LeaderNotReadyException: localhost_10001@group-FF371CEDE24F is in LEADER state but not ready yet., logIndex=0, commits[localhost_10001:c-1, localhost_10002:c-1, localhost_10000:c-1]
2019-09-26 14:06:59,894 INFO  client.GrpcClientProtocolService (GrpcClientProtocolService.java:lambda$processClientRequest$0(278)) - Failed RaftClientRequest:client-FBD57F74AF91->localhost_10001@group-FF371CEDE24F, cid=42, seq=0, RW, Message:321f0a0f0a0d74657374...(size=33), reply=RaftClientReply:client-FBD57F74AF91->localhost_10001@group-FF371CEDE24F, cid=42, FAILED org.apache.ratis.protocol.LeaderNotReadyException: localhost_10001@group-FF371CEDE24F is in LEADER state but not ready yet., logIndex=0, commits[localhost_10001:c-1, localhost_10002:c-1, localhost_10000:c-1]
2019-09-26 14:06:59,895 INFO  client.GrpcClientProtocolService (GrpcClientProtocolService.java:lambda$processClientRequest$0(278)) - Failed RaftClientRequest:client-FBD57F74AF91->localhost_10001@group-FF371CEDE24F, cid=42, seq=0, RW, Message:321f0a0f0a0d74657374...(size=33), reply=RaftClientReply:client-FBD57F74AF91->localhost_10001@group-FF371CEDE24F, cid=42, FAILED org.apache.ratis.protocol.LeaderNotReadyException: localhost_10001@group-FF371CEDE24F is in LEADER state but not ready yet., logIndex=0, commits[localhost_10001:c-1, localhost_10002:c-1, localhost_10000:c-1]
2019-09-26 14:06:59,895 INFO  client.GrpcClientProtocolService (GrpcClientProtocolService.java:lambda$processClientRequest$0(278)) - Failed RaftClientRequest:client-FBD57F74AF91->localhost_10001@group-FF371CEDE24F, cid=42, seq=0, RW, Message:321f0a0f0a0d74657374...(size=33), reply=RaftClientReply:client-FBD57F74AF91->localhost_10001@group-FF371CEDE24F, cid=42, FAILED org.apache.ratis.protocol.LeaderNotReadyException: localhost_10001@group-FF371CEDE24F is in LEADER state but not ready yet., logIndex=0, commits[localhost_10001:c-1, localhost_10002:c-1, localhost_10000:c-1]
2019-09-26 14:06:59,896 INFO  client.GrpcClientProtocolService (GrpcClientProtocolService.java:lambda$processClientRequest$0(278)) - Failed RaftClientRequest:client-FBD57F74AF91->localhost_10001@group-FF371CEDE24F, cid=42, seq=0, RW, Message:321f0a0f0a0d74657374...(size=33), reply=RaftClientReply:client-FBD57F74AF91->localhost_10001@group-FF371CEDE24F, cid=42, FAILED org.apache.ratis.protocol.LeaderNotReadyException: localhost_10001@group-FF371CEDE24F is in LEADER state but not ready yet., logIndex=0, commits[localhost_10001:c-1, localhost_10002:c-1, localhost_10000:c-1]
2019-09-26 14:06:59,897 INFO  client.GrpcClientProtocolService (GrpcClientProtocolService.java:lambda$processClientRequest$0(278)) - Failed RaftClientRequest:client-FBD57F74AF91->localhost_10001@group-FF371CEDE24F, cid=42, seq=0, RW, Message:321f0a0f0a0d74657374...(size=33), reply=RaftClientReply:client-FBD57F74AF91->localhost_10001@group-FF371CEDE24F, cid=42, FAILED org.apache.ratis.protocol.LeaderNotReadyException: localhost_10001@group-FF371CEDE24F is in LEADER state but not ready yet., logIndex=0, commits[localhost_10001:c-1, localhost_10002:c-1, localhost_10000:c-1]
2019-09-26 14:06:59,898 INFO  client.GrpcClientProtocolService (GrpcClientProtocolService.java:lambda$processClientRequest$0(278)) - Failed RaftClientRequest:client-FBD57F74AF91->localhost_10001@group-FF371CEDE24F, cid=42, seq=0, RW, Message:321f0a0f0a0d74657374...(size=33), reply=RaftClientReply:client-FBD57F74AF91->localhost_10001@group-FF371CEDE24F, cid=42, FAILED org.apache.ratis.protocol.LeaderNotReadyException: localhost_10001@group-FF371CEDE24F is in LEADER state but not ready yet., logIndex=0, commits[localhost_10001:c-1, localhost_10002:c-1, localhost_10000:c-1]
2019-09-26 14:06:59,899 INFO  client.GrpcClientProtocolService (GrpcClientProtocolService.java:lambda$processClientRequest$0(278)) - Failed RaftClientRequest:client-FBD57F74AF91->localhost_10001@group-FF371CEDE24F, cid=42, seq=0, RW, Message:321f0a0f0a0d74657374...(size=33), reply=RaftClientReply:client-FBD57F74AF91->localhost_10001@group-FF371CEDE24F, cid=42, FAILED org.apache.ratis.protocol.LeaderNotReadyException: localhost_10001@group-FF371CEDE24F is in LEADER state but not ready yet., logIndex=0, commits[localhost_10001:c-1, localhost_10002:c-1, localhost_10000:c-1]
2019-09-26 14:06:59,900 INFO  client.GrpcClientProtocolService (GrpcClientProtocolService.java:lambda$processClientRequest$0(278)) - Failed RaftClientRequest:client-FBD57F74AF91->localhost_10001@group-FF371CEDE24F, cid=42, seq=0, RW, Message:321f0a0f0a0d74657374...(size=33), reply=RaftClientReply:client-FBD57F74AF91->localhost_10001@group-FF371CEDE24F, cid=42, FAILED org.apache.ratis.protocol.LeaderNotReadyException: localhost_10001@group-FF371CEDE24F is in LEADER state but not ready yet., logIndex=0, commits[localhost_10001:c-1, localhost_10002:c-1, localhost_10000:c-1]
2019-09-26 14:06:59,901 INFO  client.GrpcClientProtocolService (GrpcClientProtocolService.java:lambda$processClientRequest$0(278)) - Failed RaftClientRequest:client-FBD57F74AF91->localhost_10001@group-FF371CEDE24F, cid=42, seq=0, RW, Message:321f0a0f0a0d74657374...(size=33), reply=RaftClientReply:client-FBD57F74AF91->localhost_10001@group-FF371CEDE24F, cid=42, FAILED org.apache.ratis.protocol.LeaderNotReadyException: localhost_10001@group-FF371CEDE24F is in LEADER state but not ready yet., logIndex=0, commits[localhost_10001:c-1, localhost_10002:c-1, localhost_10000:c-1]
2019-09-26 14:06:59,902 INFO  client.GrpcClientProtocolService (GrpcClientProtocolService.java:lambda$processClientRequest$0(278)) - Failed RaftClientRequest:client-FBD57F74AF91->localhost_10001@group-FF371CEDE24F, cid=42, seq=0, RW, Message:321f0a0f0a0d74657374...(size=33), reply=RaftClientReply:client-FBD57F74AF91->localhost_10001@group-FF371CEDE24F, cid=42, FAILED org.apache.ratis.protocol.LeaderNotReadyException: localhost_10001@group-FF371CEDE24F is in LEADER state but not ready yet., logIndex=0, commits[localhost_10001:c-1, localhost_10002:c-1, localhost_10000:c-1]
2019-09-26 14:06:59,903 INFO  client.GrpcClientProtocolService (GrpcClientProtocolService.java:lambda$processClientRequest$0(278)) - Failed RaftClientRequest:client-FBD57F74AF91->localhost_10001@group-FF371CEDE24F, cid=42, seq=0, RW, Message:321f0a0f0a0d74657374...(size=33), reply=RaftClientReply:client-FBD57F74AF91->localhost_10001@group-FF371CEDE24F, cid=42, FAILED org.apache.ratis.protocol.LeaderNotReadyException: localhost_10001@group-FF371CEDE24F is in LEADER state but not ready yet., logIndex=0, commits[localhost_10001:c-1, localhost_10002:c-1, localhost_10000:c-1]
2019-09-26 14:06:59,904 INFO  client.GrpcClientProtocolService (GrpcClientProtocolService.java:lambda$processClientRequest$0(278)) - Failed RaftClientRequest:client-FBD57F74AF91->localhost_10001@group-FF371CEDE24F, cid=42, seq=0, RW, Message:321f0a0f0a0d74657374...(size=33), reply=RaftClientReply:client-FBD57F74AF91->localhost_10001@group-FF371CEDE24F, cid=42, FAILED org.apache.ratis.protocol.LeaderNotReadyException: localhost_10001@group-FF371CEDE24F is in LEADER state but not ready yet., logIndex=0, commits[localhost_10001:c-1, localhost_10002:c-1, localhost_10000:c-1]
2019-09-26 14:06:59,905 INFO  client.GrpcClientProtocolService (GrpcClientProtocolService.java:lambda$processClientRequest$0(278)) - Failed RaftClientRequest:client-FBD57F74AF91->localhost_10001@group-FF371CEDE24F, cid=42, seq=0, RW, Message:321f0a0f0a0d74657374...(size=33), reply=RaftClientReply:client-FBD57F74AF91->localhost_10001@group-FF371CEDE24F, cid=42, FAILED org.apache.ratis.protocol.LeaderNotReadyException: localhost_10001@group-FF371CEDE24F is in LEADER state but not ready yet., logIndex=0, commits[localhost_10001:c-1, localhost_10002:c-1, localhost_10000:c-1]
2019-09-26 14:06:59,906 INFO  client.GrpcClientProtocolService (GrpcClientProtocolService.java:lambda$processClientRequest$0(278)) - Failed RaftClientRequest:client-FBD57F74AF91->localhost_10001@group-FF371CEDE24F, cid=42, seq=0, RW, Message:321f0a0f0a0d74657374...(size=33), reply=RaftClientReply:client-FBD57F74AF91->localhost_10001@group-FF371CEDE24F, cid=42, FAILED org.apache.ratis.protocol.LeaderNotReadyException: localhost_10001@group-FF371CEDE24F is in LEADER state but not ready yet., logIndex=0, commits[localhost_10001:c-1, localhost_10002:c-1, localhost_10000:c-1]
2019-09-26 14:06:59,907 INFO  client.GrpcClientProtocolService (GrpcClientProtocolService.java:lambda$processClientRequest$0(278)) - Failed RaftClientRequest:client-FBD57F74AF91->localhost_10001@group-FF371CEDE24F, cid=42, seq=0, RW, Message:321f0a0f0a0d74657374...(size=33), reply=RaftClientReply:client-FBD57F74AF91->localhost_10001@group-FF371CEDE24F, cid=42, FAILED org.apache.ratis.protocol.LeaderNotReadyException: localhost_10001@group-FF371CEDE24F is in LEADER state but not ready yet., logIndex=0, commits[localhost_10001:c-1, localhost_10002:c-1, localhost_10000:c-1]
2019-09-26 14:06:59,908 INFO  client.GrpcClientProtocolService (GrpcClientProtocolService.java:lambda$processClientRequest$0(278)) - Failed RaftClientRequest:client-FBD57F74AF91->localhost_10001@group-FF371CEDE24F, cid=42, seq=0, RW, Message:321f0a0f0a0d74657374...(size=33), reply=RaftClientReply:client-FBD57F74AF91->localhost_10001@group-FF371CEDE24F, cid=42, FAILED org.apache.ratis.protocol.LeaderNotReadyException: localhost_10001@group-FF371CEDE24F is in LEADER state but not ready yet., logIndex=0, commits[localhost_10001:c-1, localhost_10002:c-1, localhost_10000:c-1]
2019-09-26 14:06:59,909 INFO  client.GrpcClientProtocolService (GrpcClientProtocolService.java:lambda$processClientRequest$0(278)) - Failed RaftClientRequest:client-FBD57F74AF91->localhost_10001@group-FF371CEDE24F, cid=42, seq=0, RW, Message:321f0a0f0a0d74657374...(size=33), reply=RaftClientReply:client-FBD57F74AF91->localhost_10001@group-FF371CEDE24F, cid=42, FAILED org.apache.ratis.protocol.LeaderNotReadyException: localhost_10001@group-FF371CEDE24F is in LEADER state but not ready yet., logIndex=0, commits[localhost_10001:c-1, localhost_10002:c-1, localhost_10000:c-1]
2019-09-26 14:06:59,909 INFO  client.GrpcClientProtocolService (GrpcClientProtocolService.java:lambda$processClientRequest$0(278)) - Failed RaftClientRequest:client-FBD57F74AF91->localhost_10001@group-FF371CEDE24F, cid=42, seq=0, RW, Message:321f0a0f0a0d74657374...(size=33), reply=RaftClientReply:client-FBD57F74AF91->localhost_10001@group-FF371CEDE24F, cid=42, FAILED org.apache.ratis.protocol.LeaderNotReadyException: localhost_10001@group-FF371CEDE24F is in LEADER state but not ready yet., logIndex=0, commits[localhost_10001:c-1, localhost_10002:c-1, localhost_10000:c-1]
2019-09-26 14:06:59,910 INFO  client.GrpcClientProtocolService (GrpcClientProtocolService.java:lambda$processClientRequest$0(278)) - Failed RaftClientRequest:client-FBD57F74AF91->localhost_10001@group-FF371CEDE24F, cid=42, seq=0, RW, Message:321f0a0f0a0d74657374...(size=33), reply=RaftClientReply:client-FBD57F74AF91->localhost_10001@group-FF371CEDE24F, cid=42, FAILED org.apache.ratis.protocol.LeaderNotReadyException: localhost_10001@group-FF371CEDE24F is in LEADER state but not ready yet., logIndex=0, commits[localhost_10001:c-1, localhost_10002:c-1, localhost_10000:c-1]
2019-09-26 14:06:59,911 INFO  client.GrpcClientProtocolService (GrpcClientProtocolService.java:lambda$processClientRequest$0(278)) - Failed RaftClientRequest:client-FBD57F74AF91->localhost_10001@group-FF371CEDE24F, cid=42, seq=0, RW, Message:321f0a0f0a0d74657374...(size=33), reply=RaftClientReply:client-FBD57F74AF91->localhost_10001@group-FF371CEDE24F, cid=42, FAILED org.apache.ratis.protocol.LeaderNotReadyException: localhost_10001@group-FF371CEDE24F is in LEADER state but not ready yet., logIndex=0, commits[localhost_10001:c-1, localhost_10002:c-1, localhost_10000:c-1]
2019-09-26 14:06:59,912 INFO  client.GrpcClientProtocolService (GrpcClientProtocolService.java:lambda$processClientRequest$0(278)) - Failed RaftClientRequest:client-FBD57F74AF91->localhost_10001@group-FF371CEDE24F, cid=42, seq=0, RW, Message:321f0a0f0a0d74657374...(size=33), reply=RaftClientReply:client-FBD57F74AF91->localhost_10001@group-FF371CEDE24F, cid=42, FAILED org.apache.ratis.protocol.LeaderNotReadyException: localhost_10001@group-FF371CEDE24F is in LEADER state but not ready yet., logIndex=0, commits[localhost_10001:c-1, localhost_10002:c-1, localhost_10000:c-1]
2019-09-26 14:06:59,912 INFO  client.GrpcClientProtocolService (GrpcClientProtocolService.java:lambda$processClientRequest$0(278)) - Failed RaftClientRequest:client-FBD57F74AF91->localhost_10001@group-FF371CEDE24F, cid=42, seq=0, RW, Message:321f0a0f0a0d74657374...(size=33), reply=RaftClientReply:client-FBD57F74AF91->localhost_10001@group-FF371CEDE24F, cid=42, FAILED org.apache.ratis.protocol.LeaderNotReadyException: localhost_10001@group-FF371CEDE24F is in LEADER state but not ready yet., logIndex=0, commits[localhost_10001:c-1, localhost_10002:c-1, localhost_10000:c-1]
2019-09-26 14:06:59,913 INFO  client.GrpcClientProtocolService (GrpcClientProtocolService.java:lambda$processClientRequest$0(278)) - Failed RaftClientRequest:client-FBD57F74AF91->localhost_10001@group-FF371CEDE24F, cid=42, seq=0, RW, Message:321f0a0f0a0d74657374...(size=33), reply=RaftClientReply:client-FBD57F74AF91->localhost_10001@group-FF371CEDE24F, cid=42, FAILED org.apache.ratis.protocol.LeaderNotReadyException: localhost_10001@group-FF371CEDE24F is in LEADER state but not ready yet., logIndex=0, commits[localhost_10001:c-1, localhost_10002:c-1, localhost_10000:c-1]
2019-09-26 14:06:59,914 INFO  client.GrpcClientProtocolService (GrpcClientProtocolService.java:lambda$processClientRequest$0(278)) - Failed RaftClientRequest:client-FBD57F74AF91->localhost_10001@group-FF371CEDE24F, cid=42, seq=0, RW, Message:321f0a0f0a0d74657374...(size=33), reply=RaftClientReply:client-FBD57F74AF91->localhost_10001@group-FF371CEDE24F, cid=42, FAILED org.apache.ratis.protocol.LeaderNotReadyException: localhost_10001@group-FF371CEDE24F is in LEADER state but not ready yet., logIndex=0, commits[localhost_10001:c-1, localhost_10002:c-1, localhost_10000:c-1]
2019-09-26 14:06:59,915 INFO  client.GrpcClientProtocolService (GrpcClientProtocolService.java:lambda$processClientRequest$0(278)) - Failed RaftClientRequest:client-FBD57F74AF91->localhost_10001@group-FF371CEDE24F, cid=42, seq=0, RW, Message:321f0a0f0a0d74657374...(size=33), reply=RaftClientReply:client-FBD57F74AF91->localhost_10001@group-FF371CEDE24F, cid=42, FAILED org.apache.ratis.protocol.LeaderNotReadyException: localhost_10001@group-FF371CEDE24F is in LEADER state but not ready yet., logIndex=0, commits[localhost_10001:c-1, localhost_10002:c-1, localhost_10000:c-1]
2019-09-26 14:06:59,915 INFO  client.GrpcClientProtocolService (GrpcClientProtocolService.java:lambda$processClientRequest$0(278)) - Failed RaftClientRequest:client-FBD57F74AF91->localhost_10001@group-FF371CEDE24F, cid=42, seq=0, RW, Message:321f0a0f0a0d74657374...(size=33), reply=RaftClientReply:client-FBD57F74AF91->localhost_10001@group-FF371CEDE24F, cid=42, FAILED org.apache.ratis.protocol.LeaderNotReadyException: localhost_10001@group-FF371CEDE24F is in LEADER state but not ready yet., logIndex=0, commits[localhost_10001:c-1, localhost_10002:c-1, localhost_10000:c-1]
2019-09-26 14:06:59,916 INFO  client.GrpcClientProtocolService (GrpcClientProtocolService.java:lambda$processClientRequest$0(278)) - Failed RaftClientRequest:client-FBD57F74AF91->localhost_10001@group-FF371CEDE24F, cid=42, seq=0, RW, Message:321f0a0f0a0d74657374...(size=33), reply=RaftClientReply:client-FBD57F74AF91->localhost_10001@group-FF371CEDE24F, cid=42, FAILED org.apache.ratis.protocol.LeaderNotReadyException: localhost_10001@group-FF371CEDE24F is in LEADER state but not ready yet., logIndex=0, commits[localhost_10001:c-1, localhost_10002:c-1, localhost_10000:c-1]
2019-09-26 14:06:59,917 INFO  client.GrpcClientProtocolService (GrpcClientProtocolService.java:lambda$processClientRequest$0(278)) - Failed RaftClientRequest:client-FBD57F74AF91->localhost_10001@group-FF371CEDE24F, cid=42, seq=0, RW, Message:321f0a0f0a0d74657374...(size=33), reply=RaftClientReply:client-FBD57F74AF91->localhost_10001@group-FF371CEDE24F, cid=42, FAILED org.apache.ratis.protocol.LeaderNotReadyException: localhost_10001@group-FF371CEDE24F is in LEADER state but not ready yet., logIndex=0, commits[localhost_10001:c-1, localhost_10002:c-1, localhost_10000:c-1]
2019-09-26 14:06:59,918 INFO  client.GrpcClientProtocolService (GrpcClientProtocolService.java:lambda$processClientRequest$0(278)) - Failed RaftClientRequest:client-FBD57F74AF91->localhost_10001@group-FF371CEDE24F, cid=42, seq=0, RW, Message:321f0a0f0a0d74657374...(size=33), reply=RaftClientReply:client-FBD57F74AF91->localhost_10001@group-FF371CEDE24F, cid=42, FAILED org.apache.ratis.protocol.LeaderNotReadyException: localhost_10001@group-FF371CEDE24F is in LEADER state but not ready yet., logIndex=0, commits[localhost_10001:c-1, localhost_10002:c-1, localhost_10000:c-1]
2019-09-26 14:06:59,919 INFO  client.GrpcClientProtocolService (GrpcClientProtocolService.java:lambda$processClientRequest$0(278)) - Failed RaftClientRequest:client-FBD57F74AF91->localhost_10001@group-FF371CEDE24F, cid=42, seq=0, RW, Message:321f0a0f0a0d74657374...(size=33), reply=RaftClientReply:client-FBD57F74AF91->localhost_10001@group-FF371CEDE24F, cid=42, FAILED org.apache.ratis.protocol.LeaderNotReadyException: localhost_10001@group-FF371CEDE24F is in LEADER state but not ready yet., logIndex=0, commits[localhost_10001:c-1, localhost_10002:c-1, localhost_10000:c-1]
2019-09-26 14:06:59,919 INFO  client.GrpcClientProtocolService (GrpcClientProtocolService.java:lambda$processClientRequest$0(278)) - Failed RaftClientRequest:client-FBD57F74AF91->localhost_10001@group-FF371CEDE24F, cid=42, seq=0, RW, Message:321f0a0f0a0d74657374...(size=33), reply=RaftClientReply:client-FBD57F74AF91->localhost_10001@group-FF371CEDE24F, cid=42, FAILED org.apache.ratis.protocol.LeaderNotReadyException: localhost_10001@group-FF371CEDE24F is in LEADER state but not ready yet., logIndex=0, commits[localhost_10001:c-1, localhost_10002:c-1, localhost_10000:c-1]
2019-09-26 14:06:59,920 INFO  client.GrpcClientProtocolService (GrpcClientProtocolService.java:lambda$processClientRequest$0(278)) - Failed RaftClientRequest:client-FBD57F74AF91->localhost_10001@group-FF371CEDE24F, cid=42, seq=0, RW, Message:321f0a0f0a0d74657374...(size=33), reply=RaftClientReply:client-FBD57F74AF91->localhost_10001@group-FF371CEDE24F, cid=42, FAILED org.apache.ratis.protocol.LeaderNotReadyException: localhost_10001@group-FF371CEDE24F is in LEADER state but not ready yet., logIndex=0, commits[localhost_10001:c-1, localhost_10002:c-1, localhost_10000:c-1]
2019-09-26 14:06:59,921 INFO  client.GrpcClientProtocolService (GrpcClientProtocolService.java:lambda$processClientRequest$0(278)) - Failed RaftClientRequest:client-FBD57F74AF91->localhost_10001@group-FF371CEDE24F, cid=42, seq=0, RW, Message:321f0a0f0a0d74657374...(size=33), reply=RaftClientReply:client-FBD57F74AF91->localhost_10001@group-FF371CEDE24F, cid=42, FAILED org.apache.ratis.protocol.LeaderNotReadyException: localhost_10001@group-FF371CEDE24F is in LEADER state but not ready yet., logIndex=0, commits[localhost_10001:c-1, localhost_10002:c-1, localhost_10000:c-1]
2019-09-26 14:06:59,922 INFO  client.GrpcClientProtocolService (GrpcClientProtocolService.java:lambda$processClientRequest$0(278)) - Failed RaftClientRequest:client-FBD57F74AF91->localhost_10001@group-FF371CEDE24F, cid=42, seq=0, RW, Message:321f0a0f0a0d74657374...(size=33), reply=RaftClientReply:client-FBD57F74AF91->localhost_10001@group-FF371CEDE24F, cid=42, FAILED org.apache.ratis.protocol.LeaderNotReadyException: localhost_10001@group-FF371CEDE24F is in LEADER state but not ready yet., logIndex=0, commits[localhost_10001:c-1, localhost_10002:c-1, localhost_10000:c-1]
2019-09-26 14:06:59,923 INFO  client.GrpcClientProtocolService (GrpcClientProtocolService.java:lambda$processClientRequest$0(278)) - Failed RaftClientRequest:client-FBD57F74AF91->localhost_10001@group-FF371CEDE24F, cid=42, seq=0, RW, Message:321f0a0f0a0d74657374...(size=33), reply=RaftClientReply:client-FBD57F74AF91->localhost_10001@group-FF371CEDE24F, cid=42, FAILED org.apache.ratis.protocol.LeaderNotReadyException: localhost_10001@group-FF371CEDE24F is in LEADER state but not ready yet., logIndex=0, commits[localhost_10001:c-1, localhost_10002:c-1, localhost_10000:c-1]
2019-09-26 14:06:59,924 INFO  client.GrpcClientProtocolService (GrpcClientProtocolService.java:lambda$processClientRequest$0(278)) - Failed RaftClientRequest:client-FBD57F74AF91->localhost_10001@group-FF371CEDE24F, cid=42, seq=0, RW, Message:321f0a0f0a0d74657374...(size=33), reply=RaftClientReply:client-FBD57F74AF91->localhost_10001@group-FF371CEDE24F, cid=42, FAILED org.apache.ratis.protocol.LeaderNotReadyException: localhost_10001@group-FF371CEDE24F is in LEADER state but not ready yet., logIndex=0, commits[localhost_10001:c-1, localhost_10002:c-1, localhost_10000:c-1]
2019-09-26 14:06:59,925 INFO  client.GrpcClientProtocolService (GrpcClientProtocolService.java:lambda$processClientRequest$0(278)) - Failed RaftClientRequest:client-FBD57F74AF91->localhost_10001@group-FF371CEDE24F, cid=42, seq=0, RW, Message:321f0a0f0a0d74657374...(size=33), reply=RaftClientReply:client-FBD57F74AF91->localhost_10001@group-FF371CEDE24F, cid=42, FAILED org.apache.ratis.protocol.LeaderNotReadyException: localhost_10001@group-FF371CEDE24F is in LEADER state but not ready yet., logIndex=0, commits[localhost_10001:c-1, localhost_10002:c-1, localhost_10000:c-1]
2019-09-26 14:06:59,926 INFO  client.GrpcClientProtocolService (GrpcClientProtocolService.java:lambda$processClientRequest$0(278)) - Failed RaftClientRequest:client-FBD57F74AF91->localhost_10001@group-FF371CEDE24F, cid=42, seq=0, RW, Message:321f0a0f0a0d74657374...(size=33), reply=RaftClientReply:client-FBD57F74AF91->localhost_10001@group-FF371CEDE24F, cid=42, FAILED org.apache.ratis.protocol.LeaderNotReadyException: localhost_10001@group-FF371CEDE24F is in LEADER state but not ready yet., logIndex=0, commits[localhost_10001:c-1, localhost_10002:c-1, localhost_10000:c-1]
2019-09-26 14:06:59,927 INFO  client.GrpcClientProtocolService (GrpcClientProtocolService.java:lambda$processClientRequest$0(278)) - Failed RaftClientRequest:client-FBD57F74AF91->localhost_10001@group-FF371CEDE24F, cid=42, seq=0, RW, Message:321f0a0f0a0d74657374...(size=33), reply=RaftClientReply:client-FBD57F74AF91->localhost_10001@group-FF371CEDE24F, cid=42, FAILED org.apache.ratis.protocol.LeaderNotReadyException: localhost_10001@group-FF371CEDE24F is in LEADER state but not ready yet., logIndex=0, commits[localhost_10001:c-1, localhost_10002:c-1, localhost_10000:c-1]
2019-09-26 14:06:59,928 INFO  client.GrpcClientProtocolService (GrpcClientProtocolService.java:lambda$processClientRequest$0(278)) - Failed RaftClientRequest:client-FBD57F74AF91->localhost_10001@group-FF371CEDE24F, cid=42, seq=0, RW, Message:321f0a0f0a0d74657374...(size=33), reply=RaftClientReply:client-FBD57F74AF91->localhost_10001@group-FF371CEDE24F, cid=42, FAILED org.apache.ratis.protocol.LeaderNotReadyException: localhost_10001@group-FF371CEDE24F is in LEADER state but not ready yet., logIndex=0, commits[localhost_10001:c-1, localhost_10002:c-1, localhost_10000:c-1]
2019-09-26 14:06:59,929 INFO  client.GrpcClientProtocolService (GrpcClientProtocolService.java:lambda$processClientRequest$0(278)) - Failed RaftClientRequest:client-FBD57F74AF91->localhost_10001@group-FF371CEDE24F, cid=42, seq=0, RW, Message:321f0a0f0a0d74657374...(size=33), reply=RaftClientReply:client-FBD57F74AF91->localhost_10001@group-FF371CEDE24F, cid=42, FAILED org.apache.ratis.protocol.LeaderNotReadyException: localhost_10001@group-FF371CEDE24F is in LEADER state but not ready yet., logIndex=0, commits[localhost_10001:c-1, localhost_10002:c-1, localhost_10000:c-1]
2019-09-26 14:06:59,930 INFO  client.GrpcClientProtocolService (GrpcClientProtocolService.java:lambda$processClientRequest$0(278)) - Failed RaftClientRequest:client-FBD57F74AF91->localhost_10001@group-FF371CEDE24F, cid=42, seq=0, RW, Message:321f0a0f0a0d74657374...(size=33), reply=RaftClientReply:client-FBD57F74AF91->localhost_10001@group-FF371CEDE24F, cid=42, FAILED org.apache.ratis.protocol.LeaderNotReadyException: localhost_10001@group-FF371CEDE24F is in LEADER state but not ready yet., logIndex=0, commits[localhost_10001:c-1, localhost_10002:c-1, localhost_10000:c-1]
2019-09-26 14:06:59,931 INFO  client.GrpcClientProtocolService (GrpcClientProtocolService.java:lambda$processClientRequest$0(278)) - Failed RaftClientRequest:client-FBD57F74AF91->localhost_10001@group-FF371CEDE24F, cid=42, seq=0, RW, Message:321f0a0f0a0d74657374...(size=33), reply=RaftClientReply:client-FBD57F74AF91->localhost_10001@group-FF371CEDE24F, cid=42, FAILED org.apache.ratis.protocol.LeaderNotReadyException: localhost_10001@group-FF371CEDE24F is in LEADER state but not ready yet., logIndex=0, commits[localhost_10001:c-1, localhost_10002:c-1, localhost_10000:c-1]
2019-09-26 14:06:59,932 INFO  client.GrpcClientProtocolService (GrpcClientProtocolService.java:lambda$processClientRequest$0(278)) - Failed RaftClientRequest:client-FBD57F74AF91->localhost_10001@group-FF371CEDE24F, cid=42, seq=0, RW, Message:321f0a0f0a0d74657374...(size=33), reply=RaftClientReply:client-FBD57F74AF91->localhost_10001@group-FF371CEDE24F, cid=42, FAILED org.apache.ratis.protocol.LeaderNotReadyException: localhost_10001@group-FF371CEDE24F is in LEADER state but not ready yet., logIndex=0, commits[localhost_10001:c-1, localhost_10002:c-1, localhost_10000:c-1]
2019-09-26 14:06:59,933 INFO  client.GrpcClientProtocolService (GrpcClientProtocolService.java:lambda$processClientRequest$0(278)) - Failed RaftClientRequest:client-FBD57F74AF91->localhost_10001@group-FF371CEDE24F, cid=42, seq=0, RW, Message:321f0a0f0a0d74657374...(size=33), reply=RaftClientReply:client-FBD57F74AF91->localhost_10001@group-FF371CEDE24F, cid=42, FAILED org.apache.ratis.protocol.LeaderNotReadyException: localhost_10001@group-FF371CEDE24F is in LEADER state but not ready yet., logIndex=0, commits[localhost_10001:c-1, localhost_10002:c-1, localhost_10000:c-1]
2019-09-26 14:06:59,934 INFO  client.GrpcClientProtocolService (GrpcClientProtocolService.java:lambda$processClientRequest$0(278)) - Failed RaftClientRequest:client-FBD57F74AF91->localhost_10001@group-FF371CEDE24F, cid=42, seq=0, RW, Message:321f0a0f0a0d74657374...(size=33), reply=RaftClientReply:client-FBD57F74AF91->localhost_10001@group-FF371CEDE24F, cid=42, FAILED org.apache.ratis.protocol.LeaderNotReadyException: localhost_10001@group-FF371CEDE24F is in LEADER state but not ready yet., logIndex=0, commits[localhost_10001:c-1, localhost_10002:c-1, localhost_10000:c-1]
2019-09-26 14:06:59,935 INFO  client.GrpcClientProtocolService (GrpcClientProtocolService.java:lambda$processClientRequest$0(278)) - Failed RaftClientRequest:client-FBD57F74AF91->localhost_10001@group-FF371CEDE24F, cid=42, seq=0, RW, Message:321f0a0f0a0d74657374...(size=33), reply=RaftClientReply:client-FBD57F74AF91->localhost_10001@group-FF371CEDE24F, cid=42, FAILED org.apache.ratis.protocol.LeaderNotReadyException: localhost_10001@group-FF371CEDE24F is in LEADER state but not ready yet., logIndex=0, commits[localhost_10001:c-1, localhost_10002:c-1, localhost_10000:c-1]
2019-09-26 14:06:59,936 INFO  client.GrpcClientProtocolService (GrpcClientProtocolService.java:lambda$processClientRequest$0(278)) - Failed RaftClientRequest:client-FBD57F74AF91->localhost_10001@group-FF371CEDE24F, cid=42, seq=0, RW, Message:321f0a0f0a0d74657374...(size=33), reply=RaftClientReply:client-FBD57F74AF91->localhost_10001@group-FF371CEDE24F, cid=42, FAILED org.apache.ratis.protocol.LeaderNotReadyException: localhost_10001@group-FF371CEDE24F is in LEADER state but not ready yet., logIndex=0, commits[localhost_10001:c-1, localhost_10002:c-1, localhost_10000:c-1]
2019-09-26 14:06:59,937 INFO  client.GrpcClientProtocolService (GrpcClientProtocolService.java:lambda$processClientRequest$0(278)) - Failed RaftClientRequest:client-FBD57F74AF91->localhost_10001@group-FF371CEDE24F, cid=42, seq=0, RW, Message:321f0a0f0a0d74657374...(size=33), reply=RaftClientReply:client-FBD57F74AF91->localhost_10001@group-FF371CEDE24F, cid=42, FAILED org.apache.ratis.protocol.LeaderNotReadyException: localhost_10001@group-FF371CEDE24F is in LEADER state but not ready yet., logIndex=0, commits[localhost_10001:c-1, localhost_10002:c-1, localhost_10000:c-1]
2019-09-26 14:06:59,938 INFO  client.GrpcClientProtocolService (GrpcClientProtocolService.java:lambda$processClientRequest$0(278)) - Failed RaftClientRequest:client-FBD57F74AF91->localhost_10001@group-FF371CEDE24F, cid=42, seq=0, RW, Message:321f0a0f0a0d74657374...(size=33), reply=RaftClientReply:client-FBD57F74AF91->localhost_10001@group-FF371CEDE24F, cid=42, FAILED org.apache.ratis.protocol.LeaderNotReadyException: localhost_10001@group-FF371CEDE24F is in LEADER state but not ready yet., logIndex=0, commits[localhost_10001:c-1, localhost_10002:c-1, localhost_10000:c-1]
2019-09-26 14:06:59,939 INFO  client.GrpcClientProtocolService (GrpcClientProtocolService.java:lambda$processClientRequest$0(278)) - Failed RaftClientRequest:client-FBD57F74AF91->localhost_10001@group-FF371CEDE24F, cid=42, seq=0, RW, Message:321f0a0f0a0d74657374...(size=33), reply=RaftClientReply:client-FBD57F74AF91->localhost_10001@group-FF371CEDE24F, cid=42, FAILED org.apache.ratis.protocol.LeaderNotReadyException: localhost_10001@group-FF371CEDE24F is in LEADER state but not ready yet., logIndex=0, commits[localhost_10001:c-1, localhost_10002:c-1, localhost_10000:c-1]
2019-09-26 14:06:59,940 INFO  client.GrpcClientProtocolService (GrpcClientProtocolService.java:lambda$processClientRequest$0(278)) - Failed RaftClientRequest:client-FBD57F74AF91->localhost_10001@group-FF371CEDE24F, cid=42, seq=0, RW, Message:321f0a0f0a0d74657374...(size=33), reply=RaftClientReply:client-FBD57F74AF91->localhost_10001@group-FF371CEDE24F, cid=42, FAILED org.apache.ratis.protocol.LeaderNotReadyException: localhost_10001@group-FF371CEDE24F is in LEADER state but not ready yet., logIndex=0, commits[localhost_10001:c-1, localhost_10002:c-1, localhost_10000:c-1]
2019-09-26 14:06:59,941 INFO  client.GrpcClientProtocolService (GrpcClientProtocolService.java:lambda$processClientRequest$0(278)) - Failed RaftClientRequest:client-FBD57F74AF91->localhost_10001@group-FF371CEDE24F, cid=42, seq=0, RW, Message:321f0a0f0a0d74657374...(size=33), reply=RaftClientReply:client-FBD57F74AF91->localhost_10001@group-FF371CEDE24F, cid=42, FAILED org.apache.ratis.protocol.LeaderNotReadyException: localhost_10001@group-FF371CEDE24F is in LEADER state but not ready yet., logIndex=0, commits[localhost_10001:c-1, localhost_10002:c-1, localhost_10000:c-1]
2019-09-26 14:06:59,942 INFO  client.GrpcClientProtocolService (GrpcClientProtocolService.java:lambda$processClientRequest$0(278)) - Failed RaftClientRequest:client-FBD57F74AF91->localhost_10001@group-FF371CEDE24F, cid=42, seq=0, RW, Message:321f0a0f0a0d74657374...(size=33), reply=RaftClientReply:client-FBD57F74AF91->localhost_10001@group-FF371CEDE24F, cid=42, FAILED org.apache.ratis.protocol.LeaderNotReadyException: localhost_10001@group-FF371CEDE24F is in LEADER state but not ready yet., logIndex=0, commits[localhost_10001:c-1, localhost_10002:c-1, localhost_10000:c-1]
2019-09-26 14:06:59,943 INFO  client.GrpcClientProtocolService (GrpcClientProtocolService.java:lambda$processClientRequest$0(278)) - Failed RaftClientRequest:client-FBD57F74AF91->localhost_10001@group-FF371CEDE24F, cid=42, seq=0, RW, Message:321f0a0f0a0d74657374...(size=33), reply=RaftClientReply:client-FBD57F74AF91->localhost_10001@group-FF371CEDE24F, cid=42, FAILED org.apache.ratis.protocol.LeaderNotReadyException: localhost_10001@group-FF371CEDE24F is in LEADER state but not ready yet., logIndex=0, commits[localhost_10001:c-1, localhost_10002:c-1, localhost_10000:c-1]
2019-09-26 14:06:59,944 INFO  client.GrpcClientProtocolService (GrpcClientProtocolService.java:lambda$processClientRequest$0(278)) - Failed RaftClientRequest:client-FBD57F74AF91->localhost_10001@group-FF371CEDE24F, cid=42, seq=0, RW, Message:321f0a0f0a0d74657374...(size=33), reply=RaftClientReply:client-FBD57F74AF91->localhost_10001@group-FF371CEDE24F, cid=42, FAILED org.apache.ratis.protocol.LeaderNotReadyException: localhost_10001@group-FF371CEDE24F is in LEADER state but not ready yet., logIndex=0, commits[localhost_10001:c-1, localhost_10002:c-1, localhost_10000:c-1]
2019-09-26 14:06:59,945 INFO  client.GrpcClientProtocolService (GrpcClientProtocolService.java:lambda$processClientRequest$0(278)) - Failed RaftClientRequest:client-FBD57F74AF91->localhost_10001@group-FF371CEDE24F, cid=42, seq=0, RW, Message:321f0a0f0a0d74657374...(size=33), reply=RaftClientReply:client-FBD57F74AF91->localhost_10001@group-FF371CEDE24F, cid=42, FAILED org.apache.ratis.protocol.LeaderNotReadyException: localhost_10001@group-FF371CEDE24F is in LEADER state but not ready yet., logIndex=0, commits[localhost_10001:c-1, localhost_10002:c-1, localhost_10000:c-1]
2019-09-26 14:06:59,946 INFO  client.GrpcClientProtocolService (GrpcClientProtocolService.java:lambda$processClientRequest$0(278)) - Failed RaftClientRequest:client-FBD57F74AF91->localhost_10001@group-FF371CEDE24F, cid=42, seq=0, RW, Message:321f0a0f0a0d74657374...(size=33), reply=RaftClientReply:client-FBD57F74AF91->localhost_10001@group-FF371CEDE24F, cid=42, FAILED org.apache.ratis.protocol.LeaderNotReadyException: localhost_10001@group-FF371CEDE24F is in LEADER state but not ready yet., logIndex=0, commits[localhost_10001:c-1, localhost_10002:c-1, localhost_10000:c-1]
2019-09-26 14:06:59,947 INFO  client.GrpcClientProtocolService (GrpcClientProtocolService.java:lambda$processClientRequest$0(278)) - Failed RaftClientRequest:client-FBD57F74AF91->localhost_10001@group-FF371CEDE24F, cid=42, seq=0, RW, Message:321f0a0f0a0d74657374...(size=33), reply=RaftClientReply:client-FBD57F74AF91->localhost_10001@group-FF371CEDE24F, cid=42, FAILED org.apache.ratis.protocol.LeaderNotReadyException: localhost_10001@group-FF371CEDE24F is in LEADER state but not ready yet., logIndex=0, commits[localhost_10001:c-1, localhost_10002:c-1, localhost_10000:c-1]
2019-09-26 14:06:59,948 INFO  client.GrpcClientProtocolService (GrpcClientProtocolService.java:lambda$processClientRequest$0(278)) - Failed RaftClientRequest:client-FBD57F74AF91->localhost_10001@group-FF371CEDE24F, cid=42, seq=0, RW, Message:321f0a0f0a0d74657374...(size=33), reply=RaftClientReply:client-FBD57F74AF91->localhost_10001@group-FF371CEDE24F, cid=42, FAILED org.apache.ratis.protocol.LeaderNotReadyException: localhost_10001@group-FF371CEDE24F is in LEADER state but not ready yet., logIndex=0, commits[localhost_10001:c-1, localhost_10002:c-1, localhost_10000:c-1]
2019-09-26 14:06:59,949 INFO  client.GrpcClientProtocolService (GrpcClientProtocolService.java:lambda$processClientRequest$0(278)) - Failed RaftClientRequest:client-FBD57F74AF91->localhost_10001@group-FF371CEDE24F, cid=42, seq=0, RW, Message:321f0a0f0a0d74657374...(size=33), reply=RaftClientReply:client-FBD57F74AF91->localhost_10001@group-FF371CEDE24F, cid=42, FAILED org.apache.ratis.protocol.LeaderNotReadyException: localhost_10001@group-FF371CEDE24F is in LEADER state but not ready yet., logIndex=0, commits[localhost_10001:c-1, localhost_10002:c-1, localhost_10000:c-1]
2019-09-26 14:06:59,950 INFO  client.GrpcClientProtocolService (GrpcClientProtocolService.java:lambda$processClientRequest$0(278)) - Failed RaftClientRequest:client-FBD57F74AF91->localhost_10001@group-FF371CEDE24F, cid=42, seq=0, RW, Message:321f0a0f0a0d74657374...(size=33), reply=RaftClientReply:client-FBD57F74AF91->localhost_10001@group-FF371CEDE24F, cid=42, FAILED org.apache.ratis.protocol.LeaderNotReadyException: localhost_10001@group-FF371CEDE24F is in LEADER state but not ready yet., logIndex=0, commits[localhost_10001:c-1, localhost_10002:c-1, localhost_10000:c-1]
2019-09-26 14:06:59,951 INFO  client.GrpcClientProtocolService (GrpcClientProtocolService.java:lambda$processClientRequest$0(278)) - Failed RaftClientRequest:client-FBD57F74AF91->localhost_10001@group-FF371CEDE24F, cid=42, seq=0, RW, Message:321f0a0f0a0d74657374...(size=33), reply=RaftClientReply:client-FBD57F74AF91->localhost_10001@group-FF371CEDE24F, cid=42, FAILED org.apache.ratis.protocol.LeaderNotReadyException: localhost_10001@group-FF371CEDE24F is in LEADER state but not ready yet., logIndex=0, commits[localhost_10001:c-1, localhost_10002:c-1, localhost_10000:c-1]
2019-09-26 14:06:59,952 INFO  client.GrpcClientProtocolService (GrpcClientProtocolService.java:lambda$processClientRequest$0(278)) - Failed RaftClientRequest:client-FBD57F74AF91->localhost_10001@group-FF371CEDE24F, cid=42, seq=0, RW, Message:321f0a0f0a0d74657374...(size=33), reply=RaftClientReply:client-FBD57F74AF91->localhost_10001@group-FF371CEDE24F, cid=42, FAILED org.apache.ratis.protocol.LeaderNotReadyException: localhost_10001@group-FF371CEDE24F is in LEADER state but not ready yet., logIndex=0, commits[localhost_10001:c-1, localhost_10002:c-1, localhost_10000:c-1]
2019-09-26 14:06:59,953 INFO  client.GrpcClientProtocolService (GrpcClientProtocolService.java:lambda$processClientRequest$0(278)) - Failed RaftClientRequest:client-FBD57F74AF91->localhost_10001@group-FF371CEDE24F, cid=42, seq=0, RW, Message:321f0a0f0a0d74657374...(size=33), reply=RaftClientReply:client-FBD57F74AF91->localhost_10001@group-FF371CEDE24F, cid=42, FAILED org.apache.ratis.protocol.LeaderNotReadyException: localhost_10001@group-FF371CEDE24F is in LEADER state but not ready yet., logIndex=0, commits[localhost_10001:c-1, localhost_10002:c-1, localhost_10000:c-1]
2019-09-26 14:06:59,954 INFO  client.GrpcClientProtocolService (GrpcClientProtocolService.java:lambda$processClientRequest$0(278)) - Failed RaftClientRequest:client-FBD57F74AF91->localhost_10001@group-FF371CEDE24F, cid=42, seq=0, RW, Message:321f0a0f0a0d74657374...(size=33), reply=RaftClientReply:client-FBD57F74AF91->localhost_10001@group-FF371CEDE24F, cid=42, FAILED org.apache.ratis.protocol.LeaderNotReadyException: localhost_10001@group-FF371CEDE24F is in LEADER state but not ready yet., logIndex=0, commits[localhost_10001:c-1, localhost_10002:c-1, localhost_10000:c-1]
2019-09-26 14:06:59,955 INFO  client.GrpcClientProtocolService (GrpcClientProtocolService.java:lambda$processClientRequest$0(278)) - Failed RaftClientRequest:client-FBD57F74AF91->localhost_10001@group-FF371CEDE24F, cid=42, seq=0, RW, Message:321f0a0f0a0d74657374...(size=33), reply=RaftClientReply:client-FBD57F74AF91->localhost_10001@group-FF371CEDE24F, cid=42, FAILED org.apache.ratis.protocol.LeaderNotReadyException: localhost_10001@group-FF371CEDE24F is in LEADER state but not ready yet., logIndex=0, commits[localhost_10001:c-1, localhost_10002:c-1, localhost_10000:c-1]
2019-09-26 14:06:59,956 INFO  client.GrpcClientProtocolService (GrpcClientProtocolService.java:lambda$processClientRequest$0(278)) - Failed RaftClientRequest:client-FBD57F74AF91->localhost_10001@group-FF371CEDE24F, cid=42, seq=0, RW, Message:321f0a0f0a0d74657374...(size=33), reply=RaftClientReply:client-FBD57F74AF91->localhost_10001@group-FF371CEDE24F, cid=42, FAILED org.apache.ratis.protocol.LeaderNotReadyException: localhost_10001@group-FF371CEDE24F is in LEADER state but not ready yet., logIndex=0, commits[localhost_10001:c-1, localhost_10002:c-1, localhost_10000:c-1]
2019-09-26 14:06:59,957 INFO  client.GrpcClientProtocolService (GrpcClientProtocolService.java:lambda$processClientRequest$0(278)) - Failed RaftClientRequest:client-FBD57F74AF91->localhost_10001@group-FF371CEDE24F, cid=42, seq=0, RW, Message:321f0a0f0a0d74657374...(size=33), reply=RaftClientReply:client-FBD57F74AF91->localhost_10001@group-FF371CEDE24F, cid=42, FAILED org.apache.ratis.protocol.LeaderNotReadyException: localhost_10001@group-FF371CEDE24F is in LEADER state but not ready yet., logIndex=0, commits[localhost_10001:c-1, localhost_10002:c-1, localhost_10000:c-1]
2019-09-26 14:06:59,958 INFO  client.GrpcClientProtocolService (GrpcClientProtocolService.java:lambda$processClientRequest$0(278)) - Failed RaftClientRequest:client-FBD57F74AF91->localhost_10001@group-FF371CEDE24F, cid=42, seq=0, RW, Message:321f0a0f0a0d74657374...(size=33), reply=RaftClientReply:client-FBD57F74AF91->localhost_10001@group-FF371CEDE24F, cid=42, FAILED org.apache.ratis.protocol.LeaderNotReadyException: localhost_10001@group-FF371CEDE24F is in LEADER state but not ready yet., logIndex=0, commits[localhost_10001:c-1, localhost_10002:c-1, localhost_10000:c-1]
2019-09-26 14:06:59,959 INFO  client.GrpcClientProtocolService (GrpcClientProtocolService.java:lambda$processClientRequest$0(278)) - Failed RaftClientRequest:client-FBD57F74AF91->localhost_10001@group-FF371CEDE24F, cid=42, seq=0, RW, Message:321f0a0f0a0d74657374...(size=33), reply=RaftClientReply:client-FBD57F74AF91->localhost_10001@group-FF371CEDE24F, cid=42, FAILED org.apache.ratis.protocol.LeaderNotReadyException: localhost_10001@group-FF371CEDE24F is in LEADER state but not ready yet., logIndex=0, commits[localhost_10001:c-1, localhost_10002:c-1, localhost_10000:c-1]
2019-09-26 14:06:59,960 INFO  client.GrpcClientProtocolService (GrpcClientProtocolService.java:lambda$processClientRequest$0(278)) - Failed RaftClientRequest:client-FBD57F74AF91->localhost_10001@group-FF371CEDE24F, cid=42, seq=0, RW, Message:321f0a0f0a0d74657374...(size=33), reply=RaftClientReply:client-FBD57F74AF91->localhost_10001@group-FF371CEDE24F, cid=42, FAILED org.apache.ratis.protocol.LeaderNotReadyException: localhost_10001@group-FF371CEDE24F is in LEADER state but not ready yet., logIndex=0, commits[localhost_10001:c-1, localhost_10002:c-1, localhost_10000:c-1]
2019-09-26 14:06:59,961 INFO  client.GrpcClientProtocolService (GrpcClientProtocolService.java:lambda$processClientRequest$0(278)) - Failed RaftClientRequest:client-FBD57F74AF91->localhost_10001@group-FF371CEDE24F, cid=42, seq=0, RW, Message:321f0a0f0a0d74657374...(size=33), reply=RaftClientReply:client-FBD57F74AF91->localhost_10001@group-FF371CEDE24F, cid=42, FAILED org.apache.ratis.protocol.LeaderNotReadyException: localhost_10001@group-FF371CEDE24F is in LEADER state but not ready yet., logIndex=0, commits[localhost_10001:c-1, localhost_10002:c-1, localhost_10000:c-1]
2019-09-26 14:06:59,962 INFO  client.GrpcClientProtocolService (GrpcClientProtocolService.java:lambda$processClientRequest$0(278)) - Failed RaftClientRequest:client-FBD57F74AF91->localhost_10001@group-FF371CEDE24F, cid=42, seq=0, RW, Message:321f0a0f0a0d74657374...(size=33), reply=RaftClientReply:client-FBD57F74AF91->localhost_10001@group-FF371CEDE24F, cid=42, FAILED org.apache.ratis.protocol.LeaderNotReadyException: localhost_10001@group-FF371CEDE24F is in LEADER state but not ready yet., logIndex=0, commits[localhost_10001:c-1, localhost_10002:c-1, localhost_10000:c-1]
2019-09-26 14:06:59,963 INFO  client.GrpcClientProtocolService (GrpcClientProtocolService.java:lambda$processClientRequest$0(278)) - Failed RaftClientRequest:client-FBD57F74AF91->localhost_10001@group-FF371CEDE24F, cid=42, seq=0, RW, Message:321f0a0f0a0d74657374...(size=33), reply=RaftClientReply:client-FBD57F74AF91->localhost_10001@group-FF371CEDE24F, cid=42, FAILED org.apache.ratis.protocol.LeaderNotReadyException: localhost_10001@group-FF371CEDE24F is in LEADER state but not ready yet., logIndex=0, commits[localhost_10001:c-1, localhost_10002:c-1, localhost_10000:c-1]
2019-09-26 14:06:59,964 INFO  client.GrpcClientProtocolService (GrpcClientProtocolService.java:lambda$processClientRequest$0(278)) - Failed RaftClientRequest:client-FBD57F74AF91->localhost_10001@group-FF371CEDE24F, cid=42, seq=0, RW, Message:321f0a0f0a0d74657374...(size=33), reply=RaftClientReply:client-FBD57F74AF91->localhost_10001@group-FF371CEDE24F, cid=42, FAILED org.apache.ratis.protocol.LeaderNotReadyException: localhost_10001@group-FF371CEDE24F is in LEADER state but not ready yet., logIndex=0, commits[localhost_10001:c-1, localhost_10002:c-1, localhost_10000:c-1]
2019-09-26 14:06:59,965 INFO  client.GrpcClientProtocolService (GrpcClientProtocolService.java:lambda$processClientRequest$0(278)) - Failed RaftClientRequest:client-FBD57F74AF91->localhost_10001@group-FF371CEDE24F, cid=42, seq=0, RW, Message:321f0a0f0a0d74657374...(size=33), reply=RaftClientReply:client-FBD57F74AF91->localhost_10001@group-FF371CEDE24F, cid=42, FAILED org.apache.ratis.protocol.LeaderNotReadyException: localhost_10001@group-FF371CEDE24F is in LEADER state but not ready yet., logIndex=0, commits[localhost_10001:c-1, localhost_10002:c-1, localhost_10000:c-1]
2019-09-26 14:06:59,966 INFO  client.GrpcClientProtocolService (GrpcClientProtocolService.java:lambda$processClientRequest$0(278)) - Failed RaftClientRequest:client-FBD57F74AF91->localhost_10001@group-FF371CEDE24F, cid=42, seq=0, RW, Message:321f0a0f0a0d74657374...(size=33), reply=RaftClientReply:client-FBD57F74AF91->localhost_10001@group-FF371CEDE24F, cid=42, FAILED org.apache.ratis.protocol.LeaderNotReadyException: localhost_10001@group-FF371CEDE24F is in LEADER state but not ready yet., logIndex=0, commits[localhost_10001:c-1, localhost_10002:c-1, localhost_10000:c-1]
2019-09-26 14:06:59,967 INFO  client.GrpcClientProtocolService (GrpcClientProtocolService.java:lambda$processClientRequest$0(278)) - Failed RaftClientRequest:client-FBD57F74AF91->localhost_10001@group-FF371CEDE24F, cid=42, seq=0, RW, Message:321f0a0f0a0d74657374...(size=33), reply=RaftClientReply:client-FBD57F74AF91->localhost_10001@group-FF371CEDE24F, cid=42, FAILED org.apache.ratis.protocol.LeaderNotReadyException: localhost_10001@group-FF371CEDE24F is in LEADER state but not ready yet., logIndex=0, commits[localhost_10001:c-1, localhost_10002:c-1, localhost_10000:c-1]
2019-09-26 14:06:59,968 INFO  client.GrpcClientProtocolService (GrpcClientProtocolService.java:lambda$processClientRequest$0(278)) - Failed RaftClientRequest:client-FBD57F74AF91->localhost_10001@group-FF371CEDE24F, cid=42, seq=0, RW, Message:321f0a0f0a0d74657374...(size=33), reply=RaftClientReply:client-FBD57F74AF91->localhost_10001@group-FF371CEDE24F, cid=42, FAILED org.apache.ratis.protocol.LeaderNotReadyException: localhost_10001@group-FF371CEDE24F is in LEADER state but not ready yet., logIndex=0, commits[localhost_10001:c-1, localhost_10002:c-1, localhost_10000:c-1]
2019-09-26 14:06:59,969 INFO  client.GrpcClientProtocolService (GrpcClientProtocolService.java:lambda$processClientRequest$0(278)) - Failed RaftClientRequest:client-FBD57F74AF91->localhost_10001@group-FF371CEDE24F, cid=42, seq=0, RW, Message:321f0a0f0a0d74657374...(size=33), reply=RaftClientReply:client-FBD57F74AF91->localhost_10001@group-FF371CEDE24F, cid=42, FAILED org.apache.ratis.protocol.LeaderNotReadyException: localhost_10001@group-FF371CEDE24F is in LEADER state but not ready yet., logIndex=0, commits[localhost_10001:c-1, localhost_10002:c-1, localhost_10000:c-1]
2019-09-26 14:06:59,970 INFO  client.GrpcClientProtocolService (GrpcClientProtocolService.java:lambda$processClientRequest$0(278)) - Failed RaftClientRequest:client-FBD57F74AF91->localhost_10001@group-FF371CEDE24F, cid=42, seq=0, RW, Message:321f0a0f0a0d74657374...(size=33), reply=RaftClientReply:client-FBD57F74AF91->localhost_10001@group-FF371CEDE24F, cid=42, FAILED org.apache.ratis.protocol.LeaderNotReadyException: localhost_10001@group-FF371CEDE24F is in LEADER state but not ready yet., logIndex=0, commits[localhost_10001:c-1, localhost_10002:c-1, localhost_10000:c-1]
2019-09-26 14:06:59,971 INFO  client.GrpcClientProtocolService (GrpcClientProtocolService.java:lambda$processClientRequest$0(278)) - Failed RaftClientRequest:client-FBD57F74AF91->localhost_10001@group-FF371CEDE24F, cid=42, seq=0, RW, Message:321f0a0f0a0d74657374...(size=33), reply=RaftClientReply:client-FBD57F74AF91->localhost_10001@group-FF371CEDE24F, cid=42, FAILED org.apache.ratis.protocol.LeaderNotReadyException: localhost_10001@group-FF371CEDE24F is in LEADER state but not ready yet., logIndex=0, commits[localhost_10001:c-1, localhost_10002:c-1, localhost_10000:c-1]
2019-09-26 14:06:59,972 INFO  client.GrpcClientProtocolService (GrpcClientProtocolService.java:lambda$processClientRequest$0(278)) - Failed RaftClientRequest:client-FBD57F74AF91->localhost_10001@group-FF371CEDE24F, cid=42, seq=0, RW, Message:321f0a0f0a0d74657374...(size=33), reply=RaftClientReply:client-FBD57F74AF91->localhost_10001@group-FF371CEDE24F, cid=42, FAILED org.apache.ratis.protocol.LeaderNotReadyException: localhost_10001@group-FF371CEDE24F is in LEADER state but not ready yet., logIndex=0, commits[localhost_10001:c-1, localhost_10002:c-1, localhost_10000:c-1]
2019-09-26 14:06:59,973 INFO  client.GrpcClientProtocolService (GrpcClientProtocolService.java:lambda$processClientRequest$0(278)) - Failed RaftClientRequest:client-FBD57F74AF91->localhost_10001@group-FF371CEDE24F, cid=42, seq=0, RW, Message:321f0a0f0a0d74657374...(size=33), reply=RaftClientReply:client-FBD57F74AF91->localhost_10001@group-FF371CEDE24F, cid=42, FAILED org.apache.ratis.protocol.LeaderNotReadyException: localhost_10001@group-FF371CEDE24F is in LEADER state but not ready yet., logIndex=0, commits[localhost_10001:c-1, localhost_10002:c-1, localhost_10000:c-1]
2019-09-26 14:06:59,974 INFO  client.GrpcClientProtocolService (GrpcClientProtocolService.java:lambda$processClientRequest$0(278)) - Failed RaftClientRequest:client-FBD57F74AF91->localhost_10001@group-FF371CEDE24F, cid=42, seq=0, RW, Message:321f0a0f0a0d74657374...(size=33), reply=RaftClientReply:client-FBD57F74AF91->localhost_10001@group-FF371CEDE24F, cid=42, FAILED org.apache.ratis.protocol.LeaderNotReadyException: localhost_10001@group-FF371CEDE24F is in LEADER state but not ready yet., logIndex=0, commits[localhost_10001:c-1, localhost_10002:c-1, localhost_10000:c-1]
2019-09-26 14:06:59,974 INFO  client.GrpcClientProtocolService (GrpcClientProtocolService.java:lambda$processClientRequest$0(278)) - Failed RaftClientRequest:client-FBD57F74AF91->localhost_10001@group-FF371CEDE24F, cid=42, seq=0, RW, Message:321f0a0f0a0d74657374...(size=33), reply=RaftClientReply:client-FBD57F74AF91->localhost_10001@group-FF371CEDE24F, cid=42, FAILED org.apache.ratis.protocol.LeaderNotReadyException: localhost_10001@group-FF371CEDE24F is in LEADER state but not ready yet., logIndex=0, commits[localhost_10001:c-1, localhost_10002:c-1, localhost_10000:c-1]
2019-09-26 14:06:59,975 INFO  client.GrpcClientProtocolService (GrpcClientProtocolService.java:lambda$processClientRequest$0(278)) - Failed RaftClientRequest:client-FBD57F74AF91->localhost_10001@group-FF371CEDE24F, cid=42, seq=0, RW, Message:321f0a0f0a0d74657374...(size=33), reply=RaftClientReply:client-FBD57F74AF91->localhost_10001@group-FF371CEDE24F, cid=42, FAILED org.apache.ratis.protocol.LeaderNotReadyException: localhost_10001@group-FF371CEDE24F is in LEADER state but not ready yet., logIndex=0, commits[localhost_10001:c-1, localhost_10002:c-1, localhost_10000:c-1]
2019-09-26 14:06:59,976 INFO  client.GrpcClientProtocolService (GrpcClientProtocolService.java:lambda$processClientRequest$0(278)) - Failed RaftClientRequest:client-FBD57F74AF91->localhost_10001@group-FF371CEDE24F, cid=42, seq=0, RW, Message:321f0a0f0a0d74657374...(size=33), reply=RaftClientReply:client-FBD57F74AF91->localhost_10001@group-FF371CEDE24F, cid=42, FAILED org.apache.ratis.protocol.LeaderNotReadyException: localhost_10001@group-FF371CEDE24F is in LEADER state but not ready yet., logIndex=0, commits[localhost_10001:c-1, localhost_10002:c-1, localhost_10000:c-1]
2019-09-26 14:06:59,977 INFO  client.GrpcClientProtocolService (GrpcClientProtocolService.java:lambda$processClientRequest$0(278)) - Failed RaftClientRequest:client-FBD57F74AF91->localhost_10001@group-FF371CEDE24F, cid=42, seq=0, RW, Message:321f0a0f0a0d74657374...(size=33), reply=RaftClientReply:client-FBD57F74AF91->localhost_10001@group-FF371CEDE24F, cid=42, FAILED org.apache.ratis.protocol.LeaderNotReadyException: localhost_10001@group-FF371CEDE24F is in LEADER state but not ready yet., logIndex=0, commits[localhost_10001:c-1, localhost_10002:c-1, localhost_10000:c-1]
2019-09-26 14:06:59,978 INFO  client.GrpcClientProtocolService (GrpcClientProtocolService.java:lambda$processClientRequest$0(278)) - Failed RaftClientRequest:client-FBD57F74AF91->localhost_10001@group-FF371CEDE24F, cid=42, seq=0, RW, Message:321f0a0f0a0d74657374...(size=33), reply=RaftClientReply:client-FBD57F74AF91->localhost_10001@group-FF371CEDE24F, cid=42, FAILED org.apache.ratis.protocol.LeaderNotReadyException: localhost_10001@group-FF371CEDE24F is in LEADER state but not ready yet., logIndex=0, commits[localhost_10001:c-1, localhost_10002:c-1, localhost_10000:c-1]
2019-09-26 14:06:59,979 INFO  client.GrpcClientProtocolService (GrpcClientProtocolService.java:lambda$processClientRequest$0(278)) - Failed RaftClientRequest:client-FBD57F74AF91->localhost_10001@group-FF371CEDE24F, cid=42, seq=0, RW, Message:321f0a0f0a0d74657374...(size=33), reply=RaftClientReply:client-FBD57F74AF91->localhost_10001@group-FF371CEDE24F, cid=42, FAILED org.apache.ratis.protocol.LeaderNotReadyException: localhost_10001@group-FF371CEDE24F is in LEADER state but not ready yet., logIndex=0, commits[localhost_10001:c-1, localhost_10002:c-1, localhost_10000:c-1]
2019-09-26 14:06:59,980 INFO  client.GrpcClientProtocolService (GrpcClientProtocolService.java:lambda$processClientRequest$0(278)) - Failed RaftClientRequest:client-FBD57F74AF91->localhost_10001@group-FF371CEDE24F, cid=42, seq=0, RW, Message:321f0a0f0a0d74657374...(size=33), reply=RaftClientReply:client-FBD57F74AF91->localhost_10001@group-FF371CEDE24F, cid=42, FAILED org.apache.ratis.protocol.LeaderNotReadyException: localhost_10001@group-FF371CEDE24F is in LEADER state but not ready yet., logIndex=0, commits[localhost_10001:c-1, localhost_10002:c-1, localhost_10000:c-1]
2019-09-26 14:06:59,981 INFO  client.GrpcClientProtocolService (GrpcClientProtocolService.java:lambda$processClientRequest$0(278)) - Failed RaftClientRequest:client-FBD57F74AF91->localhost_10001@group-FF371CEDE24F, cid=42, seq=0, RW, Message:321f0a0f0a0d74657374...(size=33), reply=RaftClientReply:client-FBD57F74AF91->localhost_10001@group-FF371CEDE24F, cid=42, FAILED org.apache.ratis.protocol.LeaderNotReadyException: localhost_10001@group-FF371CEDE24F is in LEADER state but not ready yet., logIndex=0, commits[localhost_10001:c-1, localhost_10002:c-1, localhost_10000:c-1]
2019-09-26 14:06:59,982 INFO  client.GrpcClientProtocolService (GrpcClientProtocolService.java:lambda$processClientRequest$0(278)) - Failed RaftClientRequest:client-FBD57F74AF91->localhost_10001@group-FF371CEDE24F, cid=42, seq=0, RW, Message:321f0a0f0a0d74657374...(size=33), reply=RaftClientReply:client-FBD57F74AF91->localhost_10001@group-FF371CEDE24F, cid=42, FAILED org.apache.ratis.protocol.LeaderNotReadyException: localhost_10001@group-FF371CEDE24F is in LEADER state but not ready yet., logIndex=0, commits[localhost_10001:c-1, localhost_10002:c-1, localhost_10000:c-1]
2019-09-26 14:06:59,982 INFO  client.GrpcClientProtocolService (GrpcClientProtocolService.java:lambda$processClientRequest$0(278)) - Failed RaftClientRequest:client-FBD57F74AF91->localhost_10001@group-FF371CEDE24F, cid=42, seq=0, RW, Message:321f0a0f0a0d74657374...(size=33), reply=RaftClientReply:client-FBD57F74AF91->localhost_10001@group-FF371CEDE24F, cid=42, FAILED org.apache.ratis.protocol.LeaderNotReadyException: localhost_10001@group-FF371CEDE24F is in LEADER state but not ready yet., logIndex=0, commits[localhost_10001:c-1, localhost_10002:c-1, localhost_10000:c-1]
2019-09-26 14:06:59,983 INFO  client.GrpcClientProtocolService (GrpcClientProtocolService.java:lambda$processClientRequest$0(278)) - Failed RaftClientRequest:client-FBD57F74AF91->localhost_10001@group-FF371CEDE24F, cid=42, seq=0, RW, Message:321f0a0f0a0d74657374...(size=33), reply=RaftClientReply:client-FBD57F74AF91->localhost_10001@group-FF371CEDE24F, cid=42, FAILED org.apache.ratis.protocol.LeaderNotReadyException: localhost_10001@group-FF371CEDE24F is in LEADER state but not ready yet., logIndex=0, commits[localhost_10001:c-1, localhost_10002:c-1, localhost_10000:c-1]
2019-09-26 14:06:59,984 INFO  client.GrpcClientProtocolService (GrpcClientProtocolService.java:lambda$processClientRequest$0(278)) - Failed RaftClientRequest:client-FBD57F74AF91->localhost_10001@group-FF371CEDE24F, cid=42, seq=0, RW, Message:321f0a0f0a0d74657374...(size=33), reply=RaftClientReply:client-FBD57F74AF91->localhost_10001@group-FF371CEDE24F, cid=42, FAILED org.apache.ratis.protocol.LeaderNotReadyException: localhost_10001@group-FF371CEDE24F is in LEADER state but not ready yet., logIndex=0, commits[localhost_10001:c-1, localhost_10002:c-1, localhost_10000:c-1]
2019-09-26 14:06:59,985 INFO  client.GrpcClientProtocolService (GrpcClientProtocolService.java:lambda$processClientRequest$0(278)) - Failed RaftClientRequest:client-FBD57F74AF91->localhost_10001@group-FF371CEDE24F, cid=42, seq=0, RW, Message:321f0a0f0a0d74657374...(size=33), reply=RaftClientReply:client-FBD57F74AF91->localhost_10001@group-FF371CEDE24F, cid=42, FAILED org.apache.ratis.protocol.LeaderNotReadyException: localhost_10001@group-FF371CEDE24F is in LEADER state but not ready yet., logIndex=0, commits[localhost_10001:c-1, localhost_10002:c-1, localhost_10000:c-1]
2019-09-26 14:06:59,986 INFO  client.GrpcClientProtocolService (GrpcClientProtocolService.java:lambda$processClientRequest$0(278)) - Failed RaftClientRequest:client-FBD57F74AF91->localhost_10001@group-FF371CEDE24F, cid=42, seq=0, RW, Message:321f0a0f0a0d74657374...(size=33), reply=RaftClientReply:client-FBD57F74AF91->localhost_10001@group-FF371CEDE24F, cid=42, FAILED org.apache.ratis.protocol.LeaderNotReadyException: localhost_10001@group-FF371CEDE24F is in LEADER state but not ready yet., logIndex=0, commits[localhost_10001:c-1, localhost_10002:c-1, localhost_10000:c-1]
2019-09-26 14:06:59,987 INFO  client.GrpcClientProtocolService (GrpcClientProtocolService.java:lambda$processClientRequest$0(278)) - Failed RaftClientRequest:client-FBD57F74AF91->localhost_10001@group-FF371CEDE24F, cid=42, seq=0, RW, Message:321f0a0f0a0d74657374...(size=33), reply=RaftClientReply:client-FBD57F74AF91->localhost_10001@group-FF371CEDE24F, cid=42, FAILED org.apache.ratis.protocol.LeaderNotReadyException: localhost_10001@group-FF371CEDE24F is in LEADER state but not ready yet., logIndex=0, commits[localhost_10001:c-1, localhost_10002:c-1, localhost_10000:c-1]
2019-09-26 14:06:59,988 INFO  client.GrpcClientProtocolService (GrpcClientProtocolService.java:lambda$processClientRequest$0(278)) - Failed RaftClientRequest:client-FBD57F74AF91->localhost_10001@group-FF371CEDE24F, cid=42, seq=0, RW, Message:321f0a0f0a0d74657374...(size=33), reply=RaftClientReply:client-FBD57F74AF91->localhost_10001@group-FF371CEDE24F, cid=42, FAILED org.apache.ratis.protocol.LeaderNotReadyException: localhost_10001@group-FF371CEDE24F is in LEADER state but not ready yet., logIndex=0, commits[localhost_10001:c-1, localhost_10002:c-1, localhost_10000:c-1]
2019-09-26 14:06:59,989 INFO  client.GrpcClientProtocolService (GrpcClientProtocolService.java:lambda$processClientRequest$0(278)) - Failed RaftClientRequest:client-FBD57F74AF91->localhost_10001@group-FF371CEDE24F, cid=42, seq=0, RW, Message:321f0a0f0a0d74657374...(size=33), reply=RaftClientReply:client-FBD57F74AF91->localhost_10001@group-FF371CEDE24F, cid=42, FAILED org.apache.ratis.protocol.LeaderNotReadyException: localhost_10001@group-FF371CEDE24F is in LEADER state but not ready yet., logIndex=0, commits[localhost_10001:c-1, localhost_10002:c-1, localhost_10000:c-1]
2019-09-26 14:06:59,990 INFO  client.GrpcClientProtocolService (GrpcClientProtocolService.java:lambda$processClientRequest$0(278)) - Failed RaftClientRequest:client-FBD57F74AF91->localhost_10001@group-FF371CEDE24F, cid=42, seq=0, RW, Message:321f0a0f0a0d74657374...(size=33), reply=RaftClientReply:client-FBD57F74AF91->localhost_10001@group-FF371CEDE24F, cid=42, FAILED org.apache.ratis.protocol.LeaderNotReadyException: localhost_10001@group-FF371CEDE24F is in LEADER state but not ready yet., logIndex=0, commits[localhost_10001:c-1, localhost_10002:c-1, localhost_10000:c-1]
2019-09-26 14:06:59,991 INFO  client.GrpcClientProtocolService (GrpcClientProtocolService.java:lambda$processClientRequest$0(278)) - Failed RaftClientRequest:client-FBD57F74AF91->localhost_10001@group-FF371CEDE24F, cid=42, seq=0, RW, Message:321f0a0f0a0d74657374...(size=33), reply=RaftClientReply:client-FBD57F74AF91->localhost_10001@group-FF371CEDE24F, cid=42, FAILED org.apache.ratis.protocol.LeaderNotReadyException: localhost_10001@group-FF371CEDE24F is in LEADER state but not ready yet., logIndex=0, commits[localhost_10001:c-1, localhost_10002:c-1, localhost_10000:c-1]
2019-09-26 14:06:59,992 INFO  client.GrpcClientProtocolService (GrpcClientProtocolService.java:lambda$processClientRequest$0(278)) - Failed RaftClientRequest:client-FBD57F74AF91->localhost_10001@group-FF371CEDE24F, cid=42, seq=0, RW, Message:321f0a0f0a0d74657374...(size=33), reply=RaftClientReply:client-FBD57F74AF91->localhost_10001@group-FF371CEDE24F, cid=42, FAILED org.apache.ratis.protocol.LeaderNotReadyException: localhost_10001@group-FF371CEDE24F is in LEADER state but not ready yet., logIndex=0, commits[localhost_10001:c-1, localhost_10002:c-1, localhost_10000:c-1]
2019-09-26 14:06:59,993 INFO  client.GrpcClientProtocolService (GrpcClientProtocolService.java:lambda$processClientRequest$0(278)) - Failed RaftClientRequest:client-FBD57F74AF91->localhost_10001@group-FF371CEDE24F, cid=42, seq=0, RW, Message:321f0a0f0a0d74657374...(size=33), reply=RaftClientReply:client-FBD57F74AF91->localhost_10001@group-FF371CEDE24F, cid=42, FAILED org.apache.ratis.protocol.LeaderNotReadyException: localhost_10001@group-FF371CEDE24F is in LEADER state but not ready yet., logIndex=0, commits[localhost_10001:c-1, localhost_10002:c-1, localhost_10000:c-1]
2019-09-26 14:06:59,994 INFO  client.GrpcClientProtocolService (GrpcClientProtocolService.java:lambda$processClientRequest$0(278)) - Failed RaftClientRequest:client-FBD57F74AF91->localhost_10001@group-FF371CEDE24F, cid=42, seq=0, RW, Message:321f0a0f0a0d74657374...(size=33), reply=RaftClientReply:client-FBD57F74AF91->localhost_10001@group-FF371CEDE24F, cid=42, FAILED org.apache.ratis.protocol.LeaderNotReadyException: localhost_10001@group-FF371CEDE24F is in LEADER state but not ready yet., logIndex=0, commits[localhost_10001:c-1, localhost_10002:c-1, localhost_10000:c-1]
2019-09-26 14:06:59,995 INFO  client.GrpcClientProtocolService (GrpcClientProtocolService.java:lambda$processClientRequest$0(278)) - Failed RaftClientRequest:client-FBD57F74AF91->localhost_10001@group-FF371CEDE24F, cid=42, seq=0, RW, Message:321f0a0f0a0d74657374...(size=33), reply=RaftClientReply:client-FBD57F74AF91->localhost_10001@group-FF371CEDE24F, cid=42, FAILED org.apache.ratis.protocol.LeaderNotReadyException: localhost_10001@group-FF371CEDE24F is in LEADER state but not ready yet., logIndex=0, commits[localhost_10001:c-1, localhost_10002:c-1, localhost_10000:c-1]
2019-09-26 14:06:59,996 INFO  client.GrpcClientProtocolService (GrpcClientProtocolService.java:lambda$processClientRequest$0(278)) - Failed RaftClientRequest:client-FBD57F74AF91->localhost_10001@group-FF371CEDE24F, cid=42, seq=0, RW, Message:321f0a0f0a0d74657374...(size=33), reply=RaftClientReply:client-FBD57F74AF91->localhost_10001@group-FF371CEDE24F, cid=42, FAILED org.apache.ratis.protocol.LeaderNotReadyException: localhost_10001@group-FF371CEDE24F is in LEADER state but not ready yet., logIndex=0, commits[localhost_10001:c-1, localhost_10002:c-1, localhost_10000:c-1]
2019-09-26 14:06:59,996 INFO  client.GrpcClientProtocolService (GrpcClientProtocolService.java:lambda$processClientRequest$0(278)) - Failed RaftClientRequest:client-FBD57F74AF91->localhost_10001@group-FF371CEDE24F, cid=42, seq=0, RW, Message:321f0a0f0a0d74657374...(size=33), reply=RaftClientReply:client-FBD57F74AF91->localhost_10001@group-FF371CEDE24F, cid=42, FAILED org.apache.ratis.protocol.LeaderNotReadyException: localhost_10001@group-FF371CEDE24F is in LEADER state but not ready yet., logIndex=0, commits[localhost_10001:c-1, localhost_10002:c-1, localhost_10000:c-1]
2019-09-26 14:06:59,997 INFO  client.GrpcClientProtocolService (GrpcClientProtocolService.java:lambda$processClientRequest$0(278)) - Failed RaftClientRequest:client-FBD57F74AF91->localhost_10001@group-FF371CEDE24F, cid=42, seq=0, RW, Message:321f0a0f0a0d74657374...(size=33), reply=RaftClientReply:client-FBD57F74AF91->localhost_10001@group-FF371CEDE24F, cid=42, FAILED org.apache.ratis.protocol.LeaderNotReadyException: localhost_10001@group-FF371CEDE24F is in LEADER state but not ready yet., logIndex=0, commits[localhost_10001:c-1, localhost_10002:c-1, localhost_10000:c-1]
2019-09-26 14:07:00,001 INFO  client.GrpcClientProtocolService (GrpcClientProtocolService.java:lambda$processClientRequest$0(278)) - Failed RaftClientRequest:client-FBD57F74AF91->localhost_10001@group-FF371CEDE24F, cid=42, seq=0, RW, Message:321f0a0f0a0d74657374...(size=33), reply=RaftClientReply:client-FBD57F74AF91->localhost_10001@group-FF371CEDE24F, cid=42, FAILED org.apache.ratis.protocol.LeaderNotReadyException: localhost_10001@group-FF371CEDE24F is in LEADER state but not ready yet., logIndex=0, commits[localhost_10001:c-1, localhost_10002:c-1, localhost_10000:c-1]
2019-09-26 14:07:00,002 INFO  client.GrpcClientProtocolService (GrpcClientProtocolService.java:lambda$processClientRequest$0(278)) - Failed RaftClientRequest:client-FBD57F74AF91->localhost_10001@group-FF371CEDE24F, cid=42, seq=0, RW, Message:321f0a0f0a0d74657374...(size=33), reply=RaftClientReply:client-FBD57F74AF91->localhost_10001@group-FF371CEDE24F, cid=42, FAILED org.apache.ratis.protocol.LeaderNotReadyException: localhost_10001@group-FF371CEDE24F is in LEADER state but not ready yet., logIndex=0, commits[localhost_10001:c-1, localhost_10002:c-1, localhost_10000:c-1]
2019-09-26 14:07:00,003 INFO  client.GrpcClientProtocolService (GrpcClientProtocolService.java:lambda$processClientRequest$0(278)) - Failed RaftClientRequest:client-FBD57F74AF91->localhost_10001@group-FF371CEDE24F, cid=42, seq=0, RW, Message:321f0a0f0a0d74657374...(size=33), reply=RaftClientReply:client-FBD57F74AF91->localhost_10001@group-FF371CEDE24F, cid=42, FAILED org.apache.ratis.protocol.LeaderNotReadyException: localhost_10001@group-FF371CEDE24F is in LEADER state but not ready yet., logIndex=0, commits[localhost_10001:c-1, localhost_10002:c-1, localhost_10000:c-1]
2019-09-26 14:07:00,004 INFO  client.GrpcClientProtocolService (GrpcClientProtocolService.java:lambda$processClientRequest$0(278)) - Failed RaftClientRequest:client-FBD57F74AF91->localhost_10001@group-FF371CEDE24F, cid=42, seq=0, RW, Message:321f0a0f0a0d74657374...(size=33), reply=RaftClientReply:client-FBD57F74AF91->localhost_10001@group-FF371CEDE24F, cid=42, FAILED org.apache.ratis.protocol.LeaderNotReadyException: localhost_10001@group-FF371CEDE24F is in LEADER state but not ready yet., logIndex=0, commits[localhost_10001:c-1, localhost_10002:c-1, localhost_10000:c-1]
2019-09-26 14:07:00,005 INFO  client.GrpcClientProtocolService (GrpcClientProtocolService.java:lambda$processClientRequest$0(278)) - Failed RaftClientRequest:client-FBD57F74AF91->localhost_10001@group-FF371CEDE24F, cid=42, seq=0, RW, Message:321f0a0f0a0d74657374...(size=33), reply=RaftClientReply:client-FBD57F74AF91->localhost_10001@group-FF371CEDE24F, cid=42, FAILED org.apache.ratis.protocol.LeaderNotReadyException: localhost_10001@group-FF371CEDE24F is in LEADER state but not ready yet., logIndex=0, commits[localhost_10001:c-1, localhost_10002:c-1, localhost_10000:c-1]
2019-09-26 14:07:00,006 INFO  client.GrpcClientProtocolService (GrpcClientProtocolService.java:lambda$processClientRequest$0(278)) - Failed RaftClientRequest:client-FBD57F74AF91->localhost_10001@group-FF371CEDE24F, cid=42, seq=0, RW, Message:321f0a0f0a0d74657374...(size=33), reply=RaftClientReply:client-FBD57F74AF91->localhost_10001@group-FF371CEDE24F, cid=42, FAILED org.apache.ratis.protocol.LeaderNotReadyException: localhost_10001@group-FF371CEDE24F is in LEADER state but not ready yet., logIndex=0, commits[localhost_10001:c-1, localhost_10002:c-1, localhost_10000:c-1]
2019-09-26 14:07:00,007 INFO  client.GrpcClientProtocolService (GrpcClientProtocolService.java:lambda$processClientRequest$0(278)) - Failed RaftClientRequest:client-FBD57F74AF91->localhost_10001@group-FF371CEDE24F, cid=42, seq=0, RW, Message:321f0a0f0a0d74657374...(size=33), reply=RaftClientReply:client-FBD57F74AF91->localhost_10001@group-FF371CEDE24F, cid=42, FAILED org.apache.ratis.protocol.LeaderNotReadyException: localhost_10001@group-FF371CEDE24F is in LEADER state but not ready yet., logIndex=0, commits[localhost_10001:c-1, localhost_10002:c-1, localhost_10000:c-1]
2019-09-26 14:07:00,008 INFO  client.GrpcClientProtocolService (GrpcClientProtocolService.java:lambda$processClientRequest$0(278)) - Failed RaftClientRequest:client-FBD57F74AF91->localhost_10001@group-FF371CEDE24F, cid=42, seq=0, RW, Message:321f0a0f0a0d74657374...(size=33), reply=RaftClientReply:client-FBD57F74AF91->localhost_10001@group-FF371CEDE24F, cid=42, FAILED org.apache.ratis.protocol.LeaderNotReadyException: localhost_10001@group-FF371CEDE24F is in LEADER state but not ready yet., logIndex=0, commits[localhost_10001:c-1, localhost_10002:c-1, localhost_10000:c-1]
2019-09-26 14:07:00,008 INFO  client.GrpcClientProtocolService (GrpcClientProtocolService.java:lambda$processClientRequest$0(278)) - Failed RaftClientRequest:client-FBD57F74AF91->localhost_10001@group-FF371CEDE24F, cid=42, seq=0, RW, Message:321f0a0f0a0d74657374...(size=33), reply=RaftClientReply:client-FBD57F74AF91->localhost_10001@group-FF371CEDE24F, cid=42, FAILED org.apache.ratis.protocol.LeaderNotReadyException: localhost_10001@group-FF371CEDE24F is in LEADER state but not ready yet., logIndex=0, commits[localhost_10001:c-1, localhost_10002:c-1, localhost_10000:c-1]
2019-09-26 14:07:00,009 INFO  client.GrpcClientProtocolService (GrpcClientProtocolService.java:lambda$processClientRequest$0(278)) - Failed RaftClientRequest:client-FBD57F74AF91->localhost_10001@group-FF371CEDE24F, cid=42, seq=0, RW, Message:321f0a0f0a0d74657374...(size=33), reply=RaftClientReply:client-FBD57F74AF91->localhost_10001@group-FF371CEDE24F, cid=42, FAILED org.apache.ratis.protocol.LeaderNotReadyException: localhost_10001@group-FF371CEDE24F is in LEADER state but not ready yet., logIndex=0, commits[localhost_10001:c-1, localhost_10002:c-1, localhost_10000:c-1]
2019-09-26 14:07:00,010 INFO  client.GrpcClientProtocolService (GrpcClientProtocolService.java:lambda$processClientRequest$0(278)) - Failed RaftClientRequest:client-FBD57F74AF91->localhost_10001@group-FF371CEDE24F, cid=42, seq=0, RW, Message:321f0a0f0a0d74657374...(size=33), reply=RaftClientReply:client-FBD57F74AF91->localhost_10001@group-FF371CEDE24F, cid=42, FAILED org.apache.ratis.protocol.LeaderNotReadyException: localhost_10001@group-FF371CEDE24F is in LEADER state but not ready yet., logIndex=0, commits[localhost_10001:c-1, localhost_10002:c-1, localhost_10000:c-1]
2019-09-26 14:07:00,011 INFO  client.GrpcClientProtocolService (GrpcClientProtocolService.java:lambda$processClientRequest$0(278)) - Failed RaftClientRequest:client-FBD57F74AF91->localhost_10001@group-FF371CEDE24F, cid=42, seq=0, RW, Message:321f0a0f0a0d74657374...(size=33), reply=RaftClientReply:client-FBD57F74AF91->localhost_10001@group-FF371CEDE24F, cid=42, FAILED org.apache.ratis.protocol.LeaderNotReadyException: localhost_10001@group-FF371CEDE24F is in LEADER state but not ready yet., logIndex=0, commits[localhost_10001:c-1, localhost_10002:c-1, localhost_10000:c-1]
2019-09-26 14:07:00,012 INFO  client.GrpcClientProtocolService (GrpcClientProtocolService.java:lambda$processClientRequest$0(278)) - Failed RaftClientRequest:client-FBD57F74AF91->localhost_10001@group-FF371CEDE24F, cid=42, seq=0, RW, Message:321f0a0f0a0d74657374...(size=33), reply=RaftClientReply:client-FBD57F74AF91->localhost_10001@group-FF371CEDE24F, cid=42, FAILED org.apache.ratis.protocol.LeaderNotReadyException: localhost_10001@group-FF371CEDE24F is in LEADER state but not ready yet., logIndex=0, commits[localhost_10001:c-1, localhost_10002:c-1, localhost_10000:c-1]
2019-09-26 14:07:00,013 INFO  client.GrpcClientProtocolService (GrpcClientProtocolService.java:lambda$processClientRequest$0(278)) - Failed RaftClientRequest:client-FBD57F74AF91->localhost_10001@group-FF371CEDE24F, cid=42, seq=0, RW, Message:321f0a0f0a0d74657374...(size=33), reply=RaftClientReply:client-FBD57F74AF91->localhost_10001@group-FF371CEDE24F, cid=42, FAILED org.apache.ratis.protocol.LeaderNotReadyException: localhost_10001@group-FF371CEDE24F is in LEADER state but not ready yet., logIndex=0, commits[localhost_10001:c-1, localhost_10002:c-1, localhost_10000:c-1]
2019-09-26 14:07:00,014 INFO  client.GrpcClientProtocolService (GrpcClientProtocolService.java:lambda$processClientRequest$0(278)) - Failed RaftClientRequest:client-FBD57F74AF91->localhost_10001@group-FF371CEDE24F, cid=42, seq=0, RW, Message:321f0a0f0a0d74657374...(size=33), reply=RaftClientReply:client-FBD57F74AF91->localhost_10001@group-FF371CEDE24F, cid=42, FAILED org.apache.ratis.protocol.LeaderNotReadyException: localhost_10001@group-FF371CEDE24F is in LEADER state but not ready yet., logIndex=0, commits[localhost_10001:c-1, localhost_10002:c-1, localhost_10000:c-1]
2019-09-26 14:07:00,015 INFO  client.GrpcClientProtocolService (GrpcClientProtocolService.java:lambda$processClientRequest$0(278)) - Failed RaftClientRequest:client-FBD57F74AF91->localhost_10001@group-FF371CEDE24F, cid=42, seq=0, RW, Message:321f0a0f0a0d74657374...(size=33), reply=RaftClientReply:client-FBD57F74AF91->localhost_10001@group-FF371CEDE24F, cid=42, FAILED org.apache.ratis.protocol.LeaderNotReadyException: localhost_10001@group-FF371CEDE24F is in LEADER state but not ready yet., logIndex=0, commits[localhost_10001:c-1, localhost_10002:c-1, localhost_10000:c-1]
2019-09-26 14:07:00,015 INFO  client.GrpcClientProtocolService (GrpcClientProtocolService.java:lambda$processClientRequest$0(278)) - Failed RaftClientRequest:client-FBD57F74AF91->localhost_10001@group-FF371CEDE24F, cid=42, seq=0, RW, Message:321f0a0f0a0d74657374...(size=33), reply=RaftClientReply:client-FBD57F74AF91->localhost_10001@group-FF371CEDE24F, cid=42, FAILED org.apache.ratis.protocol.LeaderNotReadyException: localhost_10001@group-FF371CEDE24F is in LEADER state but not ready yet., logIndex=0, commits[localhost_10001:c-1, localhost_10002:c-1, localhost_10000:c-1]
2019-09-26 14:07:00,016 INFO  client.GrpcClientProtocolService (GrpcClientProtocolService.java:lambda$processClientRequest$0(278)) - Failed RaftClientRequest:client-FBD57F74AF91->localhost_10001@group-FF371CEDE24F, cid=42, seq=0, RW, Message:321f0a0f0a0d74657374...(size=33), reply=RaftClientReply:client-FBD57F74AF91->localhost_10001@group-FF371CEDE24F, cid=42, FAILED org.apache.ratis.protocol.LeaderNotReadyException: localhost_10001@group-FF371CEDE24F is in LEADER state but not ready yet., logIndex=0, commits[localhost_10001:c-1, localhost_10002:c-1, localhost_10000:c-1]
2019-09-26 14:07:00,017 INFO  client.GrpcClientProtocolService (GrpcClientProtocolService.java:lambda$processClientRequest$0(278)) - Failed RaftClientRequest:client-FBD57F74AF91->localhost_10001@group-FF371CEDE24F, cid=42, seq=0, RW, Message:321f0a0f0a0d74657374...(size=33), reply=RaftClientReply:client-FBD57F74AF91->localhost_10001@group-FF371CEDE24F, cid=42, FAILED org.apache.ratis.protocol.LeaderNotReadyException: localhost_10001@group-FF371CEDE24F is in LEADER state but not ready yet., logIndex=0, commits[localhost_10001:c-1, localhost_10002:c-1, localhost_10000:c-1]
2019-09-26 14:07:00,018 INFO  client.GrpcClientProtocolService (GrpcClientProtocolService.java:lambda$processClientRequest$0(278)) - Failed RaftClientRequest:client-FBD57F74AF91->localhost_10001@group-FF371CEDE24F, cid=42, seq=0, RW, Message:321f0a0f0a0d74657374...(size=33), reply=RaftClientReply:client-FBD57F74AF91->localhost_10001@group-FF371CEDE24F, cid=42, FAILED org.apache.ratis.protocol.LeaderNotReadyException: localhost_10001@group-FF371CEDE24F is in LEADER state but not ready yet., logIndex=0, commits[localhost_10001:c-1, localhost_10002:c-1, localhost_10000:c-1]
2019-09-26 14:07:00,019 INFO  client.GrpcClientProtocolService (GrpcClientProtocolService.java:lambda$processClientRequest$0(278)) - Failed RaftClientRequest:client-FBD57F74AF91->localhost_10001@group-FF371CEDE24F, cid=42, seq=0, RW, Message:321f0a0f0a0d74657374...(size=33), reply=RaftClientReply:client-FBD57F74AF91->localhost_10001@group-FF371CEDE24F, cid=42, FAILED org.apache.ratis.protocol.LeaderNotReadyException: localhost_10001@group-FF371CEDE24F is in LEADER state but not ready yet., logIndex=0, commits[localhost_10001:c-1, localhost_10002:c-1, localhost_10000:c-1]
2019-09-26 14:07:00,019 INFO  client.GrpcClientProtocolService (GrpcClientProtocolService.java:lambda$processClientRequest$0(278)) - Failed RaftClientRequest:client-FBD57F74AF91->localhost_10001@group-FF371CEDE24F, cid=42, seq=0, RW, Message:321f0a0f0a0d74657374...(size=33), reply=RaftClientReply:client-FBD57F74AF91->localhost_10001@group-FF371CEDE24F, cid=42, FAILED org.apache.ratis.protocol.LeaderNotReadyException: localhost_10001@group-FF371CEDE24F is in LEADER state but not ready yet., logIndex=0, commits[localhost_10001:c-1, localhost_10002:c-1, localhost_10000:c-1]
2019-09-26 14:07:00,020 INFO  client.GrpcClientProtocolService (GrpcClientProtocolService.java:lambda$processClientRequest$0(278)) - Failed RaftClientRequest:client-FBD57F74AF91->localhost_10001@group-FF371CEDE24F, cid=42, seq=0, RW, Message:321f0a0f0a0d74657374...(size=33), reply=RaftClientReply:client-FBD57F74AF91->localhost_10001@group-FF371CEDE24F, cid=42, FAILED org.apache.ratis.protocol.LeaderNotReadyException: localhost_10001@group-FF371CEDE24F is in LEADER state but not ready yet., logIndex=0, commits[localhost_10001:c-1, localhost_10002:c-1, localhost_10000:c-1]
2019-09-26 14:07:00,021 INFO  client.GrpcClientProtocolService (GrpcClientProtocolService.java:lambda$processClientRequest$0(278)) - Failed RaftClientRequest:client-FBD57F74AF91->localhost_10001@group-FF371CEDE24F, cid=42, seq=0, RW, Message:321f0a0f0a0d74657374...(size=33), reply=RaftClientReply:client-FBD57F74AF91->localhost_10001@group-FF371CEDE24F, cid=42, FAILED org.apache.ratis.protocol.LeaderNotReadyException: localhost_10001@group-FF371CEDE24F is in LEADER state but not ready yet., logIndex=0, commits[localhost_10001:c-1, localhost_10002:c-1, localhost_10000:c-1]
2019-09-26 14:07:00,022 INFO  client.GrpcClientProtocolService (GrpcClientProtocolService.java:lambda$processClientRequest$0(278)) - Failed RaftClientRequest:client-FBD57F74AF91->localhost_10001@group-FF371CEDE24F, cid=42, seq=0, RW, Message:321f0a0f0a0d74657374...(size=33), reply=RaftClientReply:client-FBD57F74AF91->localhost_10001@group-FF371CEDE24F, cid=42, FAILED org.apache.ratis.protocol.LeaderNotReadyException: localhost_10001@group-FF371CEDE24F is in LEADER state but not ready yet., logIndex=0, commits[localhost_10001:c-1, localhost_10002:c-1, localhost_10000:c-1]
2019-09-26 14:07:00,023 INFO  client.GrpcClientProtocolService (GrpcClientProtocolService.java:lambda$processClientRequest$0(278)) - Failed RaftClientRequest:client-FBD57F74AF91->localhost_10001@group-FF371CEDE24F, cid=42, seq=0, RW, Message:321f0a0f0a0d74657374...(size=33), reply=RaftClientReply:client-FBD57F74AF91->localhost_10001@group-FF371CEDE24F, cid=42, FAILED org.apache.ratis.protocol.LeaderNotReadyException: localhost_10001@group-FF371CEDE24F is in LEADER state but not ready yet., logIndex=0, commits[localhost_10001:c-1, localhost_10002:c-1, localhost_10000:c-1]
2019-09-26 14:07:00,024 INFO  client.GrpcClientProtocolService (GrpcClientProtocolService.java:lambda$processClientRequest$0(278)) - Failed RaftClientRequest:client-FBD57F74AF91->localhost_10001@group-FF371CEDE24F, cid=42, seq=0, RW, Message:321f0a0f0a0d74657374...(size=33), reply=RaftClientReply:client-FBD57F74AF91->localhost_10001@group-FF371CEDE24F, cid=42, FAILED org.apache.ratis.protocol.LeaderNotReadyException: localhost_10001@group-FF371CEDE24F is in LEADER state but not ready yet., logIndex=0, commits[localhost_10001:c-1, localhost_10002:c-1, localhost_10000:c-1]
2019-09-26 14:07:00,024 INFO  client.GrpcClientProtocolService (GrpcClientProtocolService.java:lambda$processClientRequest$0(278)) - Failed RaftClientRequest:client-FBD57F74AF91->localhost_10001@group-FF371CEDE24F, cid=42, seq=0, RW, Message:321f0a0f0a0d74657374...(size=33), reply=RaftClientReply:client-FBD57F74AF91->localhost_10001@group-FF371CEDE24F, cid=42, FAILED org.apache.ratis.protocol.LeaderNotReadyException: localhost_10001@group-FF371CEDE24F is in LEADER state but not ready yet., logIndex=0, commits[localhost_10001:c-1, localhost_10002:c-1, localhost_10000:c-1]
2019-09-26 14:07:00,025 INFO  client.GrpcClientProtocolService (GrpcClientProtocolService.java:lambda$processClientRequest$0(278)) - Failed RaftClientRequest:client-FBD57F74AF91->localhost_10001@group-FF371CEDE24F, cid=42, seq=0, RW, Message:321f0a0f0a0d74657374...(size=33), reply=RaftClientReply:client-FBD57F74AF91->localhost_10001@group-FF371CEDE24F, cid=42, FAILED org.apache.ratis.protocol.LeaderNotReadyException: localhost_10001@group-FF371CEDE24F is in LEADER state but not ready yet., logIndex=0, commits[localhost_10001:c-1, localhost_10002:c-1, localhost_10000:c-1]
2019-09-26 14:07:00,026 INFO  client.GrpcClientProtocolService (GrpcClientProtocolService.java:lambda$processClientRequest$0(278)) - Failed RaftClientRequest:client-FBD57F74AF91->localhost_10001@group-FF371CEDE24F, cid=42, seq=0, RW, Message:321f0a0f0a0d74657374...(size=33), reply=RaftClientReply:client-FBD57F74AF91->localhost_10001@group-FF371CEDE24F, cid=42, FAILED org.apache.ratis.protocol.LeaderNotReadyException: localhost_10001@group-FF371CEDE24F is in LEADER state but not ready yet., logIndex=0, commits[localhost_10001:c-1, localhost_10002:c-1, localhost_10000:c-1]
2019-09-26 14:07:00,027 INFO  client.GrpcClientProtocolService (GrpcClientProtocolService.java:lambda$processClientRequest$0(278)) - Failed RaftClientRequest:client-FBD57F74AF91->localhost_10001@group-FF371CEDE24F, cid=42, seq=0, RW, Message:321f0a0f0a0d74657374...(size=33), reply=RaftClientReply:client-FBD57F74AF91->localhost_10001@group-FF371CEDE24F, cid=42, FAILED org.apache.ratis.protocol.LeaderNotReadyException: localhost_10001@group-FF371CEDE24F is in LEADER state but not ready yet., logIndex=0, commits[localhost_10001:c-1, localhost_10002:c-1, localhost_10000:c-1]
2019-09-26 14:07:00,028 INFO  client.GrpcClientProtocolService (GrpcClientProtocolService.java:lambda$processClientRequest$0(278)) - Failed RaftClientRequest:client-FBD57F74AF91->localhost_10001@group-FF371CEDE24F, cid=42, seq=0, RW, Message:321f0a0f0a0d74657374...(size=33), reply=RaftClientReply:client-FBD57F74AF91->localhost_10001@group-FF371CEDE24F, cid=42, FAILED org.apache.ratis.protocol.LeaderNotReadyException: localhost_10001@group-FF371CEDE24F is in LEADER state but not ready yet., logIndex=0, commits[localhost_10001:c-1, localhost_10002:c-1, localhost_10000:c-1]
2019-09-26 14:07:00,029 INFO  client.GrpcClientProtocolService (GrpcClientProtocolService.java:lambda$processClientRequest$0(278)) - Failed RaftClientRequest:client-FBD57F74AF91->localhost_10001@group-FF371CEDE24F, cid=42, seq=0, RW, Message:321f0a0f0a0d74657374...(size=33), reply=RaftClientReply:client-FBD57F74AF91->localhost_10001@group-FF371CEDE24F, cid=42, FAILED org.apache.ratis.protocol.LeaderNotReadyException: localhost_10001@group-FF371CEDE24F is in LEADER state but not ready yet., logIndex=0, commits[localhost_10001:c-1, localhost_10002:c-1, localhost_10000:c-1]
2019-09-26 14:07:00,029 INFO  client.GrpcClientProtocolService (GrpcClientProtocolService.java:lambda$processClientRequest$0(278)) - Failed RaftClientRequest:client-FBD57F74AF91->localhost_10001@group-FF371CEDE24F, cid=42, seq=0, RW, Message:321f0a0f0a0d74657374...(size=33), reply=RaftClientReply:client-FBD57F74AF91->localhost_10001@group-FF371CEDE24F, cid=42, FAILED org.apache.ratis.protocol.LeaderNotReadyException: localhost_10001@group-FF371CEDE24F is in LEADER state but not ready yet., logIndex=0, commits[localhost_10001:c-1, localhost_10002:c-1, localhost_10000:c-1]
2019-09-26 14:07:00,030 INFO  client.GrpcClientProtocolService (GrpcClientProtocolService.java:lambda$processClientRequest$0(278)) - Failed RaftClientRequest:client-FBD57F74AF91->localhost_10001@group-FF371CEDE24F, cid=42, seq=0, RW, Message:321f0a0f0a0d74657374...(size=33), reply=RaftClientReply:client-FBD57F74AF91->localhost_10001@group-FF371CEDE24F, cid=42, FAILED org.apache.ratis.protocol.LeaderNotReadyException: localhost_10001@group-FF371CEDE24F is in LEADER state but not ready yet., logIndex=0, commits[localhost_10001:c-1, localhost_10002:c-1, localhost_10000:c-1]
2019-09-26 14:07:00,031 INFO  client.GrpcClientProtocolService (GrpcClientProtocolService.java:lambda$processClientRequest$0(278)) - Failed RaftClientRequest:client-FBD57F74AF91->localhost_10001@group-FF371CEDE24F, cid=42, seq=0, RW, Message:321f0a0f0a0d74657374...(size=33), reply=RaftClientReply:client-FBD57F74AF91->localhost_10001@group-FF371CEDE24F, cid=42, FAILED org.apache.ratis.protocol.LeaderNotReadyException: localhost_10001@group-FF371CEDE24F is in LEADER state but not ready yet., logIndex=0, commits[localhost_10001:c-1, localhost_10002:c-1, localhost_10000:c-1]
2019-09-26 14:07:00,032 INFO  client.GrpcClientProtocolService (GrpcClientProtocolService.java:lambda$processClientRequest$0(278)) - Failed RaftClientRequest:client-FBD57F74AF91->localhost_10001@group-FF371CEDE24F, cid=42, seq=0, RW, Message:321f0a0f0a0d74657374...(size=33), reply=RaftClientReply:client-FBD57F74AF91->localhost_10001@group-FF371CEDE24F, cid=42, FAILED org.apache.ratis.protocol.LeaderNotReadyException: localhost_10001@group-FF371CEDE24F is in LEADER state but not ready yet., logIndex=0, commits[localhost_10001:c-1, localhost_10002:c-1, localhost_10000:c-1]
2019-09-26 14:07:00,032 INFO  client.GrpcClientProtocolService (GrpcClientProtocolService.java:lambda$processClientRequest$0(278)) - Failed RaftClientRequest:client-FBD57F74AF91->localhost_10001@group-FF371CEDE24F, cid=42, seq=0, RW, Message:321f0a0f0a0d74657374...(size=33), reply=RaftClientReply:client-FBD57F74AF91->localhost_10001@group-FF371CEDE24F, cid=42, FAILED org.apache.ratis.protocol.LeaderNotReadyException: localhost_10001@group-FF371CEDE24F is in LEADER state but not ready yet., logIndex=0, commits[localhost_10001:c-1, localhost_10002:c-1, localhost_10000:c-1]
2019-09-26 14:07:00,033 INFO  client.GrpcClientProtocolService (GrpcClientProtocolService.java:lambda$processClientRequest$0(278)) - Failed RaftClientRequest:client-FBD57F74AF91->localhost_10001@group-FF371CEDE24F, cid=42, seq=0, RW, Message:321f0a0f0a0d74657374...(size=33), reply=RaftClientReply:client-FBD57F74AF91->localhost_10001@group-FF371CEDE24F, cid=42, FAILED org.apache.ratis.protocol.LeaderNotReadyException: localhost_10001@group-FF371CEDE24F is in LEADER state but not ready yet., logIndex=0, commits[localhost_10001:c-1, localhost_10002:c-1, localhost_10000:c-1]
2019-09-26 14:07:00,034 INFO  client.GrpcClientProtocolService (GrpcClientProtocolService.java:lambda$processClientRequest$0(278)) - Failed RaftClientRequest:client-FBD57F74AF91->localhost_10001@group-FF371CEDE24F, cid=42, seq=0, RW, Message:321f0a0f0a0d74657374...(size=33), reply=RaftClientReply:client-FBD57F74AF91->localhost_10001@group-FF371CEDE24F, cid=42, FAILED org.apache.ratis.protocol.LeaderNotReadyException: localhost_10001@group-FF371CEDE24F is in LEADER state but not ready yet., logIndex=0, commits[localhost_10001:c-1, localhost_10002:c-1, localhost_10000:c-1]
2019-09-26 14:07:00,035 INFO  client.GrpcClientProtocolService (GrpcClientProtocolService.java:lambda$processClientRequest$0(278)) - Failed RaftClientRequest:client-FBD57F74AF91->localhost_10001@group-FF371CEDE24F, cid=42, seq=0, RW, Message:321f0a0f0a0d74657374...(size=33), reply=RaftClientReply:client-FBD57F74AF91->localhost_10001@group-FF371CEDE24F, cid=42, FAILED org.apache.ratis.protocol.LeaderNotReadyException: localhost_10001@group-FF371CEDE24F is in LEADER state but not ready yet., logIndex=0, commits[localhost_10001:c-1, localhost_10002:c-1, localhost_10000:c-1]
2019-09-26 14:07:00,036 INFO  client.GrpcClientProtocolService (GrpcClientProtocolService.java:lambda$processClientRequest$0(278)) - Failed RaftClientRequest:client-FBD57F74AF91->localhost_10001@group-FF371CEDE24F, cid=42, seq=0, RW, Message:321f0a0f0a0d74657374...(size=33), reply=RaftClientReply:client-FBD57F74AF91->localhost_10001@group-FF371CEDE24F, cid=42, FAILED org.apache.ratis.protocol.LeaderNotReadyException: localhost_10001@group-FF371CEDE24F is in LEADER state but not ready yet., logIndex=0, commits[localhost_10001:c-1, localhost_10002:c-1, localhost_10000:c-1]
2019-09-26 14:07:00,036 INFO  client.GrpcClientProtocolService (GrpcClientProtocolService.java:lambda$processClientRequest$0(278)) - Failed RaftClientRequest:client-FBD57F74AF91->localhost_10001@group-FF371CEDE24F, cid=42, seq=0, RW, Message:321f0a0f0a0d74657374...(size=33), reply=RaftClientReply:client-FBD57F74AF91->localhost_10001@group-FF371CEDE24F, cid=42, FAILED org.apache.ratis.protocol.LeaderNotReadyException: localhost_10001@group-FF371CEDE24F is in LEADER state but not ready yet., logIndex=0, commits[localhost_10001:c-1, localhost_10002:c-1, localhost_10000:c-1]
2019-09-26 14:07:00,037 INFO  client.GrpcClientProtocolService (GrpcClientProtocolService.java:lambda$processClientRequest$0(278)) - Failed RaftClientRequest:client-FBD57F74AF91->localhost_10001@group-FF371CEDE24F, cid=42, seq=0, RW, Message:321f0a0f0a0d74657374...(size=33), reply=RaftClientReply:client-FBD57F74AF91->localhost_10001@group-FF371CEDE24F, cid=42, FAILED org.apache.ratis.protocol.LeaderNotReadyException: localhost_10001@group-FF371CEDE24F is in LEADER state but not ready yet., logIndex=0, commits[localhost_10001:c-1, localhost_10002:c-1, localhost_10000:c-1]
2019-09-26 14:07:00,038 INFO  client.GrpcClientProtocolService (GrpcClientProtocolService.java:lambda$processClientRequest$0(278)) - Failed RaftClientRequest:client-FBD57F74AF91->localhost_10001@group-FF371CEDE24F, cid=42, seq=0, RW, Message:321f0a0f0a0d74657374...(size=33), reply=RaftClientReply:client-FBD57F74AF91->localhost_10001@group-FF371CEDE24F, cid=42, FAILED org.apache.ratis.protocol.LeaderNotReadyException: localhost_10001@group-FF371CEDE24F is in LEADER state but not ready yet., logIndex=0, commits[localhost_10001:c-1, localhost_10002:c-1, localhost_10000:c-1]
2019-09-26 14:07:00,039 INFO  client.GrpcClientProtocolService (GrpcClientProtocolService.java:lambda$processClientRequest$0(278)) - Failed RaftClientRequest:client-FBD57F74AF91->localhost_10001@group-FF371CEDE24F, cid=42, seq=0, RW, Message:321f0a0f0a0d74657374...(size=33), reply=RaftClientReply:client-FBD57F74AF91->localhost_10001@group-FF371CEDE24F, cid=42, FAILED org.apache.ratis.protocol.LeaderNotReadyException: localhost_10001@group-FF371CEDE24F is in LEADER state but not ready yet., logIndex=0, commits[localhost_10001:c-1, localhost_10002:c-1, localhost_10000:c-1]
2019-09-26 14:07:00,040 INFO  client.GrpcClientProtocolService (GrpcClientProtocolService.java:lambda$processClientRequest$0(278)) - Failed RaftClientRequest:client-FBD57F74AF91->localhost_10001@group-FF371CEDE24F, cid=42, seq=0, RW, Message:321f0a0f0a0d74657374...(size=33), reply=RaftClientReply:client-FBD57F74AF91->localhost_10001@group-FF371CEDE24F, cid=42, FAILED org.apache.ratis.protocol.LeaderNotReadyException: localhost_10001@group-FF371CEDE24F is in LEADER state but not ready yet., logIndex=0, commits[localhost_10001:c-1, localhost_10002:c-1, localhost_10000:c-1]
2019-09-26 14:07:00,040 INFO  client.GrpcClientProtocolService (GrpcClientProtocolService.java:lambda$processClientRequest$0(278)) - Failed RaftClientRequest:client-FBD57F74AF91->localhost_10001@group-FF371CEDE24F, cid=42, seq=0, RW, Message:321f0a0f0a0d74657374...(size=33), reply=RaftClientReply:client-FBD57F74AF91->localhost_10001@group-FF371CEDE24F, cid=42, FAILED org.apache.ratis.protocol.LeaderNotReadyException: localhost_10001@group-FF371CEDE24F is in LEADER state but not ready yet., logIndex=0, commits[localhost_10001:c-1, localhost_10002:c-1, localhost_10000:c-1]
2019-09-26 14:07:00,041 INFO  client.GrpcClientProtocolService (GrpcClientProtocolService.java:lambda$processClientRequest$0(278)) - Failed RaftClientRequest:client-FBD57F74AF91->localhost_10001@group-FF371CEDE24F, cid=42, seq=0, RW, Message:321f0a0f0a0d74657374...(size=33), reply=RaftClientReply:client-FBD57F74AF91->localhost_10001@group-FF371CEDE24F, cid=42, FAILED org.apache.ratis.protocol.LeaderNotReadyException: localhost_10001@group-FF371CEDE24F is in LEADER state but not ready yet., logIndex=0, commits[localhost_10001:c-1, localhost_10002:c-1, localhost_10000:c-1]
2019-09-26 14:07:00,042 INFO  client.GrpcClientProtocolService (GrpcClientProtocolService.java:lambda$processClientRequest$0(278)) - Failed RaftClientRequest:client-FBD57F74AF91->localhost_10001@group-FF371CEDE24F, cid=42, seq=0, RW, Message:321f0a0f0a0d74657374...(size=33), reply=RaftClientReply:client-FBD57F74AF91->localhost_10001@group-FF371CEDE24F, cid=42, FAILED org.apache.ratis.protocol.LeaderNotReadyException: localhost_10001@group-FF371CEDE24F is in LEADER state but not ready yet., logIndex=0, commits[localhost_10001:c-1, localhost_10002:c-1, localhost_10000:c-1]
2019-09-26 14:07:00,043 INFO  client.GrpcClientProtocolService (GrpcClientProtocolService.java:lambda$processClientRequest$0(278)) - Failed RaftClientRequest:client-FBD57F74AF91->localhost_10001@group-FF371CEDE24F, cid=42, seq=0, RW, Message:321f0a0f0a0d74657374...(size=33), reply=RaftClientReply:client-FBD57F74AF91->localhost_10001@group-FF371CEDE24F, cid=42, FAILED org.apache.ratis.protocol.LeaderNotReadyException: localhost_10001@group-FF371CEDE24F is in LEADER state but not ready yet., logIndex=0, commits[localhost_10001:c-1, localhost_10002:c-1, localhost_10000:c-1]
2019-09-26 14:07:00,044 INFO  client.GrpcClientProtocolService (GrpcClientProtocolService.java:lambda$processClientRequest$0(278)) - Failed RaftClientRequest:client-FBD57F74AF91->localhost_10001@group-FF371CEDE24F, cid=42, seq=0, RW, Message:321f0a0f0a0d74657374...(size=33), reply=RaftClientReply:client-FBD57F74AF91->localhost_10001@group-FF371CEDE24F, cid=42, FAILED org.apache.ratis.protocol.LeaderNotReadyException: localhost_10001@group-FF371CEDE24F is in LEADER state but not ready yet., logIndex=0, commits[localhost_10001:c-1, localhost_10002:c-1, localhost_10000:c-1]
2019-09-26 14:07:00,045 INFO  client.GrpcClientProtocolService (GrpcClientProtocolService.java:lambda$processClientRequest$0(278)) - Failed RaftClientRequest:client-FBD57F74AF91->localhost_10001@group-FF371CEDE24F, cid=42, seq=0, RW, Message:321f0a0f0a0d74657374...(size=33), reply=RaftClientReply:client-FBD57F74AF91->localhost_10001@group-FF371CEDE24F, cid=42, FAILED org.apache.ratis.protocol.LeaderNotReadyException: localhost_10001@group-FF371CEDE24F is in LEADER state but not ready yet., logIndex=0, commits[localhost_10001:c-1, localhost_10002:c-1, localhost_10000:c-1]
2019-09-26 14:07:00,046 INFO  client.GrpcClientProtocolService (GrpcClientProtocolService.java:lambda$processClientRequest$0(278)) - Failed RaftClientRequest:client-FBD57F74AF91->localhost_10001@group-FF371CEDE24F, cid=42, seq=0, RW, Message:321f0a0f0a0d74657374...(size=33), reply=RaftClientReply:client-FBD57F74AF91->localhost_10001@group-FF371CEDE24F, cid=42, FAILED org.apache.ratis.protocol.LeaderNotReadyException: localhost_10001@group-FF371CEDE24F is in LEADER state but not ready yet., logIndex=0, commits[localhost_10001:c-1, localhost_10002:c-1, localhost_10000:c-1]
2019-09-26 14:07:00,047 INFO  client.GrpcClientProtocolService (GrpcClientProtocolService.java:lambda$processClientRequest$0(278)) - Failed RaftClientRequest:client-FBD57F74AF91->localhost_10001@group-FF371CEDE24F, cid=42, seq=0, RW, Message:321f0a0f0a0d74657374...(size=33), reply=RaftClientReply:client-FBD57F74AF91->localhost_10001@group-FF371CEDE24F, cid=42, FAILED org.apache.ratis.protocol.LeaderNotReadyException: localhost_10001@group-FF371CEDE24F is in LEADER state but not ready yet., logIndex=0, commits[localhost_10001:c-1, localhost_10002:c-1, localhost_10000:c-1]
2019-09-26 14:07:00,048 INFO  client.GrpcClientProtocolService (GrpcClientProtocolService.java:lambda$processClientRequest$0(278)) - Failed RaftClientRequest:client-FBD57F74AF91->localhost_10001@group-FF371CEDE24F, cid=42, seq=0, RW, Message:321f0a0f0a0d74657374...(size=33), reply=RaftClientReply:client-FBD57F74AF91->localhost_10001@group-FF371CEDE24F, cid=42, FAILED org.apache.ratis.protocol.LeaderNotReadyException: localhost_10001@group-FF371CEDE24F is in LEADER state but not ready yet., logIndex=0, commits[localhost_10001:c-1, localhost_10002:c-1, localhost_10000:c-1]
2019-09-26 14:07:00,049 INFO  client.GrpcClientProtocolService (GrpcClientProtocolService.java:lambda$processClientRequest$0(278)) - Failed RaftClientRequest:client-FBD57F74AF91->localhost_10001@group-FF371CEDE24F, cid=42, seq=0, RW, Message:321f0a0f0a0d74657374...(size=33), reply=RaftClientReply:client-FBD57F74AF91->localhost_10001@group-FF371CEDE24F, cid=42, FAILED org.apache.ratis.protocol.LeaderNotReadyException: localhost_10001@group-FF371CEDE24F is in LEADER state but not ready yet., logIndex=0, commits[localhost_10001:c-1, localhost_10002:c-1, localhost_10000:c-1]
2019-09-26 14:07:00,050 INFO  client.GrpcClientProtocolService (GrpcClientProtocolService.java:lambda$processClientRequest$0(278)) - Failed RaftClientRequest:client-FBD57F74AF91->localhost_10001@group-FF371CEDE24F, cid=42, seq=0, RW, Message:321f0a0f0a0d74657374...(size=33), reply=RaftClientReply:client-FBD57F74AF91->localhost_10001@group-FF371CEDE24F, cid=42, FAILED org.apache.ratis.protocol.LeaderNotReadyException: localhost_10001@group-FF371CEDE24F is in LEADER state but not ready yet., logIndex=0, commits[localhost_10001:c-1, localhost_10002:c-1, localhost_10000:c-1]
2019-09-26 14:07:00,051 INFO  client.GrpcClientProtocolService (GrpcClientProtocolService.java:lambda$processClientRequest$0(278)) - Failed RaftClientRequest:client-FBD57F74AF91->localhost_10001@group-FF371CEDE24F, cid=42, seq=0, RW, Message:321f0a0f0a0d74657374...(size=33), reply=RaftClientReply:client-FBD57F74AF91->localhost_10001@group-FF371CEDE24F, cid=42, FAILED org.apache.ratis.protocol.LeaderNotReadyException: localhost_10001@group-FF371CEDE24F is in LEADER state but not ready yet., logIndex=0, commits[localhost_10001:c-1, localhost_10002:c-1, localhost_10000:c-1]
2019-09-26 14:07:00,051 INFO  client.GrpcClientProtocolService (GrpcClientProtocolService.java:lambda$processClientRequest$0(278)) - Failed RaftClientRequest:client-FBD57F74AF91->localhost_10001@group-FF371CEDE24F, cid=42, seq=0, RW, Message:321f0a0f0a0d74657374...(size=33), reply=RaftClientReply:client-FBD57F74AF91->localhost_10001@group-FF371CEDE24F, cid=42, FAILED org.apache.ratis.protocol.LeaderNotReadyException: localhost_10001@group-FF371CEDE24F is in LEADER state but not ready yet., logIndex=0, commits[localhost_10001:c-1, localhost_10002:c-1, localhost_10000:c-1]
2019-09-26 14:07:00,052 INFO  client.GrpcClientProtocolService (GrpcClientProtocolService.java:lambda$processClientRequest$0(278)) - Failed RaftClientRequest:client-FBD57F74AF91->localhost_10001@group-FF371CEDE24F, cid=42, seq=0, RW, Message:321f0a0f0a0d74657374...(size=33), reply=RaftClientReply:client-FBD57F74AF91->localhost_10001@group-FF371CEDE24F, cid=42, FAILED org.apache.ratis.protocol.LeaderNotReadyException: localhost_10001@group-FF371CEDE24F is in LEADER state but not ready yet., logIndex=0, commits[localhost_10001:c-1, localhost_10002:c-1, localhost_10000:c-1]
2019-09-26 14:07:00,053 INFO  client.GrpcClientProtocolService (GrpcClientProtocolService.java:lambda$processClientRequest$0(278)) - Failed RaftClientRequest:client-FBD57F74AF91->localhost_10001@group-FF371CEDE24F, cid=42, seq=0, RW, Message:321f0a0f0a0d74657374...(size=33), reply=RaftClientReply:client-FBD57F74AF91->localhost_10001@group-FF371CEDE24F, cid=42, FAILED org.apache.ratis.protocol.LeaderNotReadyException: localhost_10001@group-FF371CEDE24F is in LEADER state but not ready yet., logIndex=0, commits[localhost_10001:c-1, localhost_10002:c-1, localhost_10000:c-1]
2019-09-26 14:07:00,054 INFO  client.GrpcClientProtocolService (GrpcClientProtocolService.java:lambda$processClientRequest$0(278)) - Failed RaftClientRequest:client-FBD57F74AF91->localhost_10001@group-FF371CEDE24F, cid=42, seq=0, RW, Message:321f0a0f0a0d74657374...(size=33), reply=RaftClientReply:client-FBD57F74AF91->localhost_10001@group-FF371CEDE24F, cid=42, FAILED org.apache.ratis.protocol.LeaderNotReadyException: localhost_10001@group-FF371CEDE24F is in LEADER state but not ready yet., logIndex=0, commits[localhost_10001:c-1, localhost_10002:c-1, localhost_10000:c-1]
2019-09-26 14:07:00,055 INFO  client.GrpcClientProtocolService (GrpcClientProtocolService.java:lambda$processClientRequest$0(278)) - Failed RaftClientRequest:client-FBD57F74AF91->localhost_10001@group-FF371CEDE24F, cid=42, seq=0, RW, Message:321f0a0f0a0d74657374...(size=33), reply=RaftClientReply:client-FBD57F74AF91->localhost_10001@group-FF371CEDE24F, cid=42, FAILED org.apache.ratis.protocol.LeaderNotReadyException: localhost_10001@group-FF371CEDE24F is in LEADER state but not ready yet., logIndex=0, commits[localhost_10001:c-1, localhost_10002:c-1, localhost_10000:c-1]
2019-09-26 14:07:00,056 INFO  client.GrpcClientProtocolService (GrpcClientProtocolService.java:lambda$processClientRequest$0(278)) - Failed RaftClientRequest:client-FBD57F74AF91->localhost_10001@group-FF371CEDE24F, cid=42, seq=0, RW, Message:321f0a0f0a0d74657374...(size=33), reply=RaftClientReply:client-FBD57F74AF91->localhost_10001@group-FF371CEDE24F, cid=42, FAILED org.apache.ratis.protocol.LeaderNotReadyException: localhost_10001@group-FF371CEDE24F is in LEADER state but not ready yet., logIndex=0, commits[localhost_10001:c-1, localhost_10002:c-1, localhost_10000:c-1]
2019-09-26 14:07:00,057 INFO  client.GrpcClientProtocolService (GrpcClientProtocolService.java:lambda$processClientRequest$0(278)) - Failed RaftClientRequest:client-FBD57F74AF91->localhost_10001@group-FF371CEDE24F, cid=42, seq=0, RW, Message:321f0a0f0a0d74657374...(size=33), reply=RaftClientReply:client-FBD57F74AF91->localhost_10001@group-FF371CEDE24F, cid=42, FAILED org.apache.ratis.protocol.LeaderNotReadyException: localhost_10001@group-FF371CEDE24F is in LEADER state but not ready yet., logIndex=0, commits[localhost_10001:c-1, localhost_10002:c-1, localhost_10000:c-1]
2019-09-26 14:07:00,058 INFO  client.GrpcClientProtocolService (GrpcClientProtocolService.java:lambda$processClientRequest$0(278)) - Failed RaftClientRequest:client-FBD57F74AF91->localhost_10001@group-FF371CEDE24F, cid=42, seq=0, RW, Message:321f0a0f0a0d74657374...(size=33), reply=RaftClientReply:client-FBD57F74AF91->localhost_10001@group-FF371CEDE24F, cid=42, FAILED org.apache.ratis.protocol.LeaderNotReadyException: localhost_10001@group-FF371CEDE24F is in LEADER state but not ready yet., logIndex=0, commits[localhost_10001:c-1, localhost_10002:c-1, localhost_10000:c-1]
2019-09-26 14:07:00,059 INFO  client.GrpcClientProtocolService (GrpcClientProtocolService.java:lambda$processClientRequest$0(278)) - Failed RaftClientRequest:client-FBD57F74AF91->localhost_10001@group-FF371CEDE24F, cid=42, seq=0, RW, Message:321f0a0f0a0d74657374...(size=33), reply=RaftClientReply:client-FBD57F74AF91->localhost_10001@group-FF371CEDE24F, cid=42, FAILED org.apache.ratis.protocol.LeaderNotReadyException: localhost_10001@group-FF371CEDE24F is in LEADER state but not ready yet., logIndex=0, commits[localhost_10001:c-1, localhost_10002:c-1, localhost_10000:c-1]
2019-09-26 14:07:00,060 INFO  client.GrpcClientProtocolService (GrpcClientProtocolService.java:lambda$processClientRequest$0(278)) - Failed RaftClientRequest:client-FBD57F74AF91->localhost_10001@group-FF371CEDE24F, cid=42, seq=0, RW, Message:321f0a0f0a0d74657374...(size=33), reply=RaftClientReply:client-FBD57F74AF91->localhost_10001@group-FF371CEDE24F, cid=42, FAILED org.apache.ratis.protocol.LeaderNotReadyException: localhost_10001@group-FF371CEDE24F is in LEADER state but not ready yet., logIndex=0, commits[localhost_10001:c-1, localhost_10002:c-1, localhost_10000:c-1]
2019-09-26 14:07:00,061 INFO  client.GrpcClientProtocolService (GrpcClientProtocolService.java:lambda$processClientRequest$0(278)) - Failed RaftClientRequest:client-FBD57F74AF91->localhost_10001@group-FF371CEDE24F, cid=42, seq=0, RW, Message:321f0a0f0a0d74657374...(size=33), reply=RaftClientReply:client-FBD57F74AF91->localhost_10001@group-FF371CEDE24F, cid=42, FAILED org.apache.ratis.protocol.LeaderNotReadyException: localhost_10001@group-FF371CEDE24F is in LEADER state but not ready yet., logIndex=0, commits[localhost_10001:c-1, localhost_10002:c-1, localhost_10000:c-1]
2019-09-26 14:07:00,062 INFO  client.GrpcClientProtocolService (GrpcClientProtocolService.java:lambda$processClientRequest$0(278)) - Failed RaftClientRequest:client-FBD57F74AF91->localhost_10001@group-FF371CEDE24F, cid=42, seq=0, RW, Message:321f0a0f0a0d74657374...(size=33), reply=RaftClientReply:client-FBD57F74AF91->localhost_10001@group-FF371CEDE24F, cid=42, FAILED org.apache.ratis.protocol.LeaderNotReadyException: localhost_10001@group-FF371CEDE24F is in LEADER state but not ready yet., logIndex=0, commits[localhost_10001:c-1, localhost_10002:c-1, localhost_10000:c-1]
2019-09-26 14:07:00,062 INFO  client.GrpcClientProtocolService (GrpcClientProtocolService.java:lambda$processClientRequest$0(278)) - Failed RaftClientRequest:client-FBD57F74AF91->localhost_10001@group-FF371CEDE24F, cid=42, seq=0, RW, Message:321f0a0f0a0d74657374...(size=33), reply=RaftClientReply:client-FBD57F74AF91->localhost_10001@group-FF371CEDE24F, cid=42, FAILED org.apache.ratis.protocol.LeaderNotReadyException: localhost_10001@group-FF371CEDE24F is in LEADER state but not ready yet., logIndex=0, commits[localhost_10001:c-1, localhost_10002:c-1, localhost_10000:c-1]
2019-09-26 14:07:00,063 INFO  client.GrpcClientProtocolService (GrpcClientProtocolService.java:lambda$processClientRequest$0(278)) - Failed RaftClientRequest:client-FBD57F74AF91->localhost_10001@group-FF371CEDE24F, cid=42, seq=0, RW, Message:321f0a0f0a0d74657374...(size=33), reply=RaftClientReply:client-FBD57F74AF91->localhost_10001@group-FF371CEDE24F, cid=42, FAILED org.apache.ratis.protocol.LeaderNotReadyException: localhost_10001@group-FF371CEDE24F is in LEADER state but not ready yet., logIndex=0, commits[localhost_10001:c-1, localhost_10002:c-1, localhost_10000:c-1]
2019-09-26 14:07:00,064 INFO  client.GrpcClientProtocolService (GrpcClientProtocolService.java:lambda$processClientRequest$0(278)) - Failed RaftClientRequest:client-FBD57F74AF91->localhost_10001@group-FF371CEDE24F, cid=42, seq=0, RW, Message:321f0a0f0a0d74657374...(size=33), reply=RaftClientReply:client-FBD57F74AF91->localhost_10001@group-FF371CEDE24F, cid=42, FAILED org.apache.ratis.protocol.LeaderNotReadyException: localhost_10001@group-FF371CEDE24F is in LEADER state but not ready yet., logIndex=0, commits[localhost_10001:c-1, localhost_10002:c-1, localhost_10000:c-1]
2019-09-26 14:07:00,065 INFO  client.GrpcClientProtocolService (GrpcClientProtocolService.java:lambda$processClientRequest$0(278)) - Failed RaftClientRequest:client-FBD57F74AF91->localhost_10001@group-FF371CEDE24F, cid=42, seq=0, RW, Message:321f0a0f0a0d74657374...(size=33), reply=RaftClientReply:client-FBD57F74AF91->localhost_10001@group-FF371CEDE24F, cid=42, FAILED org.apache.ratis.protocol.LeaderNotReadyException: localhost_10001@group-FF371CEDE24F is in LEADER state but not ready yet., logIndex=0, commits[localhost_10001:c-1, localhost_10002:c-1, localhost_10000:c-1]
2019-09-26 14:07:00,066 INFO  client.GrpcClientProtocolService (GrpcClientProtocolService.java:lambda$processClientRequest$0(278)) - Failed RaftClientRequest:client-FBD57F74AF91->localhost_10001@group-FF371CEDE24F, cid=42, seq=0, RW, Message:321f0a0f0a0d74657374...(size=33), reply=RaftClientReply:client-FBD57F74AF91->localhost_10001@group-FF371CEDE24F, cid=42, FAILED org.apache.ratis.protocol.LeaderNotReadyException: localhost_10001@group-FF371CEDE24F is in LEADER state but not ready yet., logIndex=0, commits[localhost_10001:c-1, localhost_10002:c-1, localhost_10000:c-1]
2019-09-26 14:07:00,066 INFO  client.GrpcClientProtocolService (GrpcClientProtocolService.java:lambda$processClientRequest$0(278)) - Failed RaftClientRequest:client-FBD57F74AF91->localhost_10001@group-FF371CEDE24F, cid=42, seq=0, RW, Message:321f0a0f0a0d74657374...(size=33), reply=RaftClientReply:client-FBD57F74AF91->localhost_10001@group-FF371CEDE24F, cid=42, FAILED org.apache.ratis.protocol.LeaderNotReadyException: localhost_10001@group-FF371CEDE24F is in LEADER state but not ready yet., logIndex=0, commits[localhost_10001:c-1, localhost_10002:c-1, localhost_10000:c-1]
2019-09-26 14:07:00,067 INFO  client.GrpcClientProtocolService (GrpcClientProtocolService.java:lambda$processClientRequest$0(278)) - Failed RaftClientRequest:client-FBD57F74AF91->localhost_10001@group-FF371CEDE24F, cid=42, seq=0, RW, Message:321f0a0f0a0d74657374...(size=33), reply=RaftClientReply:client-FBD57F74AF91->localhost_10001@group-FF371CEDE24F, cid=42, FAILED org.apache.ratis.protocol.LeaderNotReadyException: localhost_10001@group-FF371CEDE24F is in LEADER state but not ready yet., logIndex=0, commits[localhost_10001:c-1, localhost_10002:c-1, localhost_10000:c-1]
2019-09-26 14:07:00,068 INFO  client.GrpcClientProtocolService (GrpcClientProtocolService.java:lambda$processClientRequest$0(278)) - Failed RaftClientRequest:client-FBD57F74AF91->localhost_10001@group-FF371CEDE24F, cid=42, seq=0, RW, Message:321f0a0f0a0d74657374...(size=33), reply=RaftClientReply:client-FBD57F74AF91->localhost_10001@group-FF371CEDE24F, cid=42, FAILED org.apache.ratis.protocol.LeaderNotReadyException: localhost_10001@group-FF371CEDE24F is in LEADER state but not ready yet., logIndex=0, commits[localhost_10001:c-1, localhost_10002:c-1, localhost_10000:c-1]
2019-09-26 14:07:00,069 INFO  client.GrpcClientProtocolService (GrpcClientProtocolService.java:lambda$processClientRequest$0(278)) - Failed RaftClientRequest:client-FBD57F74AF91->localhost_10001@group-FF371CEDE24F, cid=42, seq=0, RW, Message:321f0a0f0a0d74657374...(size=33), reply=RaftClientReply:client-FBD57F74AF91->localhost_10001@group-FF371CEDE24F, cid=42, FAILED org.apache.ratis.protocol.LeaderNotReadyException: localhost_10001@group-FF371CEDE24F is in LEADER state but not ready yet., logIndex=0, commits[localhost_10001:c-1, localhost_10002:c-1, localhost_10000:c-1]
2019-09-26 14:07:00,070 INFO  client.GrpcClientProtocolService (GrpcClientProtocolService.java:lambda$processClientRequest$0(278)) - Failed RaftClientRequest:client-FBD57F74AF91->localhost_10001@group-FF371CEDE24F, cid=42, seq=0, RW, Message:321f0a0f0a0d74657374...(size=33), reply=RaftClientReply:client-FBD57F74AF91->localhost_10001@group-FF371CEDE24F, cid=42, FAILED org.apache.ratis.protocol.LeaderNotReadyException: localhost_10001@group-FF371CEDE24F is in LEADER state but not ready yet., logIndex=0, commits[localhost_10001:c-1, localhost_10002:c-1, localhost_10000:c-1]
2019-09-26 14:07:00,071 INFO  client.GrpcClientProtocolService (GrpcClientProtocolService.java:lambda$processClientRequest$0(278)) - Failed RaftClientRequest:client-FBD57F74AF91->localhost_10001@group-FF371CEDE24F, cid=42, seq=0, RW, Message:321f0a0f0a0d74657374...(size=33), reply=RaftClientReply:client-FBD57F74AF91->localhost_10001@group-FF371CEDE24F, cid=42, FAILED org.apache.ratis.protocol.LeaderNotReadyException: localhost_10001@group-FF371CEDE24F is in LEADER state but not ready yet., logIndex=0, commits[localhost_10001:c-1, localhost_10002:c-1, localhost_10000:c-1]
2019-09-26 14:07:00,072 INFO  client.GrpcClientProtocolService (GrpcClientProtocolService.java:lambda$processClientRequest$0(278)) - Failed RaftClientRequest:client-FBD57F74AF91->localhost_10001@group-FF371CEDE24F, cid=42, seq=0, RW, Message:321f0a0f0a0d74657374...(size=33), reply=RaftClientReply:client-FBD57F74AF91->localhost_10001@group-FF371CEDE24F, cid=42, FAILED org.apache.ratis.protocol.LeaderNotReadyException: localhost_10001@group-FF371CEDE24F is in LEADER state but not ready yet., logIndex=0, commits[localhost_10001:c-1, localhost_10002:c-1, localhost_10000:c-1]
2019-09-26 14:07:00,072 INFO  client.GrpcClientProtocolService (GrpcClientProtocolService.java:lambda$processClientRequest$0(278)) - Failed RaftClientRequest:client-FBD57F74AF91->localhost_10001@group-FF371CEDE24F, cid=42, seq=0, RW, Message:321f0a0f0a0d74657374...(size=33), reply=RaftClientReply:client-FBD57F74AF91->localhost_10001@group-FF371CEDE24F, cid=42, FAILED org.apache.ratis.protocol.LeaderNotReadyException: localhost_10001@group-FF371CEDE24F is in LEADER state but not ready yet., logIndex=0, commits[localhost_10001:c-1, localhost_10002:c-1, localhost_10000:c-1]
2019-09-26 14:07:00,073 INFO  client.GrpcClientProtocolService (GrpcClientProtocolService.java:lambda$processClientRequest$0(278)) - Failed RaftClientRequest:client-FBD57F74AF91->localhost_10001@group-FF371CEDE24F, cid=42, seq=0, RW, Message:321f0a0f0a0d74657374...(size=33), reply=RaftClientReply:client-FBD57F74AF91->localhost_10001@group-FF371CEDE24F, cid=42, FAILED org.apache.ratis.protocol.LeaderNotReadyException: localhost_10001@group-FF371CEDE24F is in LEADER state but not ready yet., logIndex=0, commits[localhost_10001:c-1, localhost_10002:c-1, localhost_10000:c-1]
2019-09-26 14:07:00,074 INFO  client.GrpcClientProtocolService (GrpcClientProtocolService.java:lambda$processClientRequest$0(278)) - Failed RaftClientRequest:client-FBD57F74AF91->localhost_10001@group-FF371CEDE24F, cid=42, seq=0, RW, Message:321f0a0f0a0d74657374...(size=33), reply=RaftClientReply:client-FBD57F74AF91->localhost_10001@group-FF371CEDE24F, cid=42, FAILED org.apache.ratis.protocol.LeaderNotReadyException: localhost_10001@group-FF371CEDE24F is in LEADER state but not ready yet., logIndex=0, commits[localhost_10001:c-1, localhost_10002:c-1, localhost_10000:c-1]
2019-09-26 14:07:00,075 INFO  client.GrpcClientProtocolService (GrpcClientProtocolService.java:lambda$processClientRequest$0(278)) - Failed RaftClientRequest:client-FBD57F74AF91->localhost_10001@group-FF371CEDE24F, cid=42, seq=0, RW, Message:321f0a0f0a0d74657374...(size=33), reply=RaftClientReply:client-FBD57F74AF91->localhost_10001@group-FF371CEDE24F, cid=42, FAILED org.apache.ratis.protocol.LeaderNotReadyException: localhost_10001@group-FF371CEDE24F is in LEADER state but not ready yet., logIndex=0, commits[localhost_10001:c-1, localhost_10002:c-1, localhost_10000:c-1]
2019-09-26 14:07:00,075 INFO  client.GrpcClientProtocolService (GrpcClientProtocolService.java:lambda$processClientRequest$0(278)) - Failed RaftClientRequest:client-FBD57F74AF91->localhost_10001@group-FF371CEDE24F, cid=42, seq=0, RW, Message:321f0a0f0a0d74657374...(size=33), reply=RaftClientReply:client-FBD57F74AF91->localhost_10001@group-FF371CEDE24F, cid=42, FAILED org.apache.ratis.protocol.LeaderNotReadyException: localhost_10001@group-FF371CEDE24F is in LEADER state but not ready yet., logIndex=0, commits[localhost_10001:c-1, localhost_10002:c-1, localhost_10000:c-1]
2019-09-26 14:07:00,076 INFO  client.GrpcClientProtocolService (GrpcClientProtocolService.java:lambda$processClientRequest$0(278)) - Failed RaftClientRequest:client-FBD57F74AF91->localhost_10001@group-FF371CEDE24F, cid=42, seq=0, RW, Message:321f0a0f0a0d74657374...(size=33), reply=RaftClientReply:client-FBD57F74AF91->localhost_10001@group-FF371CEDE24F, cid=42, FAILED org.apache.ratis.protocol.LeaderNotReadyException: localhost_10001@group-FF371CEDE24F is in LEADER state but not ready yet., logIndex=0, commits[localhost_10001:c-1, localhost_10002:c-1, localhost_10000:c-1]
2019-09-26 14:07:00,077 INFO  client.GrpcClientProtocolService (GrpcClientProtocolService.java:lambda$processClientRequest$0(278)) - Failed RaftClientRequest:client-FBD57F74AF91->localhost_10001@group-FF371CEDE24F, cid=42, seq=0, RW, Message:321f0a0f0a0d74657374...(size=33), reply=RaftClientReply:client-FBD57F74AF91->localhost_10001@group-FF371CEDE24F, cid=42, FAILED org.apache.ratis.protocol.LeaderNotReadyException: localhost_10001@group-FF371CEDE24F is in LEADER state but not ready yet., logIndex=0, commits[localhost_10001:c-1, localhost_10002:c-1, localhost_10000:c-1]
2019-09-26 14:07:00,078 INFO  client.GrpcClientProtocolService (GrpcClientProtocolService.java:lambda$processClientRequest$0(278)) - Failed RaftClientRequest:client-FBD57F74AF91->localhost_10001@group-FF371CEDE24F, cid=42, seq=0, RW, Message:321f0a0f0a0d74657374...(size=33), reply=RaftClientReply:client-FBD57F74AF91->localhost_10001@group-FF371CEDE24F, cid=42, FAILED org.apache.ratis.protocol.LeaderNotReadyException: localhost_10001@group-FF371CEDE24F is in LEADER state but not ready yet., logIndex=0, commits[localhost_10001:c-1, localhost_10002:c-1, localhost_10000:c-1]
2019-09-26 14:07:00,079 INFO  client.GrpcClientProtocolService (GrpcClientProtocolService.java:lambda$processClientRequest$0(278)) - Failed RaftClientRequest:client-FBD57F74AF91->localhost_10001@group-FF371CEDE24F, cid=42, seq=0, RW, Message:321f0a0f0a0d74657374...(size=33), reply=RaftClientReply:client-FBD57F74AF91->localhost_10001@group-FF371CEDE24F, cid=42, FAILED org.apache.ratis.protocol.LeaderNotReadyException: localhost_10001@group-FF371CEDE24F is in LEADER state but not ready yet., logIndex=0, commits[localhost_10001:c-1, localhost_10002:c-1, localhost_10000:c-1]
2019-09-26 14:07:00,079 INFO  client.GrpcClientProtocolService (GrpcClientProtocolService.java:lambda$processClientRequest$0(278)) - Failed RaftClientRequest:client-FBD57F74AF91->localhost_10001@group-FF371CEDE24F, cid=42, seq=0, RW, Message:321f0a0f0a0d74657374...(size=33), reply=RaftClientReply:client-FBD57F74AF91->localhost_10001@group-FF371CEDE24F, cid=42, FAILED org.apache.ratis.protocol.LeaderNotReadyException: localhost_10001@group-FF371CEDE24F is in LEADER state but not ready yet., logIndex=0, commits[localhost_10001:c-1, localhost_10002:c-1, localhost_10000:c-1]
2019-09-26 14:07:00,080 INFO  client.GrpcClientProtocolService (GrpcClientProtocolService.java:lambda$processClientRequest$0(278)) - Failed RaftClientRequest:client-FBD57F74AF91->localhost_10001@group-FF371CEDE24F, cid=42, seq=0, RW, Message:321f0a0f0a0d74657374...(size=33), reply=RaftClientReply:client-FBD57F74AF91->localhost_10001@group-FF371CEDE24F, cid=42, FAILED org.apache.ratis.protocol.LeaderNotReadyException: localhost_10001@group-FF371CEDE24F is in LEADER state but not ready yet., logIndex=0, commits[localhost_10001:c-1, localhost_10002:c-1, localhost_10000:c-1]
2019-09-26 14:07:00,081 INFO  client.GrpcClientProtocolService (GrpcClientProtocolService.java:lambda$processClientRequest$0(278)) - Failed RaftClientRequest:client-FBD57F74AF91->localhost_10001@group-FF371CEDE24F, cid=42, seq=0, RW, Message:321f0a0f0a0d74657374...(size=33), reply=RaftClientReply:client-FBD57F74AF91->localhost_10001@group-FF371CEDE24F, cid=42, FAILED org.apache.ratis.protocol.LeaderNotReadyException: localhost_10001@group-FF371CEDE24F is in LEADER state but not ready yet., logIndex=0, commits[localhost_10001:c-1, localhost_10002:c-1, localhost_10000:c-1]
2019-09-26 14:07:00,082 INFO  client.GrpcClientProtocolService (GrpcClientProtocolService.java:lambda$processClientRequest$0(278)) - Failed RaftClientRequest:client-FBD57F74AF91->localhost_10001@group-FF371CEDE24F, cid=42, seq=0, RW, Message:321f0a0f0a0d74657374...(size=33), reply=RaftClientReply:client-FBD57F74AF91->localhost_10001@group-FF371CEDE24F, cid=42, FAILED org.apache.ratis.protocol.LeaderNotReadyException: localhost_10001@group-FF371CEDE24F is in LEADER state but not ready yet., logIndex=0, commits[localhost_10001:c-1, localhost_10002:c-1, localhost_10000:c-1]
2019-09-26 14:07:00,083 INFO  client.GrpcClientProtocolService (GrpcClientProtocolService.java:lambda$processClientRequest$0(278)) - Failed RaftClientRequest:client-FBD57F74AF91->localhost_10001@group-FF371CEDE24F, cid=42, seq=0, RW, Message:321f0a0f0a0d74657374...(size=33), reply=RaftClientReply:client-FBD57F74AF91->localhost_10001@group-FF371CEDE24F, cid=42, FAILED org.apache.ratis.protocol.LeaderNotReadyException: localhost_10001@group-FF371CEDE24F is in LEADER state but not ready yet., logIndex=0, commits[localhost_10001:c-1, localhost_10002:c-1, localhost_10000:c-1]
2019-09-26 14:07:00,083 INFO  client.GrpcClientProtocolService (GrpcClientProtocolService.java:lambda$processClientRequest$0(278)) - Failed RaftClientRequest:client-FBD57F74AF91->localhost_10001@group-FF371CEDE24F, cid=42, seq=0, RW, Message:321f0a0f0a0d74657374...(size=33), reply=RaftClientReply:client-FBD57F74AF91->localhost_10001@group-FF371CEDE24F, cid=42, FAILED org.apache.ratis.protocol.LeaderNotReadyException: localhost_10001@group-FF371CEDE24F is in LEADER state but not ready yet., logIndex=0, commits[localhost_10001:c-1, localhost_10002:c-1, localhost_10000:c-1]
2019-09-26 14:07:00,084 INFO  client.GrpcClientProtocolService (GrpcClientProtocolService.java:lambda$processClientRequest$0(278)) - Failed RaftClientRequest:client-FBD57F74AF91->localhost_10001@group-FF371CEDE24F, cid=42, seq=0, RW, Message:321f0a0f0a0d74657374...(size=33), reply=RaftClientReply:client-FBD57F74AF91->localhost_10001@group-FF371CEDE24F, cid=42, FAILED org.apache.ratis.protocol.LeaderNotReadyException: localhost_10001@group-FF371CEDE24F is in LEADER state but not ready yet., logIndex=0, commits[localhost_10001:c-1, localhost_10002:c-1, localhost_10000:c-1]
2019-09-26 14:07:00,085 INFO  client.GrpcClientProtocolService (GrpcClientProtocolService.java:lambda$processClientRequest$0(278)) - Failed RaftClientRequest:client-FBD57F74AF91->localhost_10001@group-FF371CEDE24F, cid=42, seq=0, RW, Message:321f0a0f0a0d74657374...(size=33), reply=RaftClientReply:client-FBD57F74AF91->localhost_10001@group-FF371CEDE24F, cid=42, FAILED org.apache.ratis.protocol.LeaderNotReadyException: localhost_10001@group-FF371CEDE24F is in LEADER state but not ready yet., logIndex=0, commits[localhost_10001:c-1, localhost_10002:c-1, localhost_10000:c-1]
2019-09-26 14:07:00,086 INFO  client.GrpcClientProtocolService (GrpcClientProtocolService.java:lambda$processClientRequest$0(278)) - Failed RaftClientRequest:client-FBD57F74AF91->localhost_10001@group-FF371CEDE24F, cid=42, seq=0, RW, Message:321f0a0f0a0d74657374...(size=33), reply=RaftClientReply:client-FBD57F74AF91->localhost_10001@group-FF371CEDE24F, cid=42, FAILED org.apache.ratis.protocol.LeaderNotReadyException: localhost_10001@group-FF371CEDE24F is in LEADER state but not ready yet., logIndex=0, commits[localhost_10001:c-1, localhost_10002:c-1, localhost_10000:c-1]
2019-09-26 14:07:00,087 INFO  client.GrpcClientProtocolService (GrpcClientProtocolService.java:lambda$processClientRequest$0(278)) - Failed RaftClientRequest:client-FBD57F74AF91->localhost_10001@group-FF371CEDE24F, cid=42, seq=0, RW, Message:321f0a0f0a0d74657374...(size=33), reply=RaftClientReply:client-FBD57F74AF91->localhost_10001@group-FF371CEDE24F, cid=42, FAILED org.apache.ratis.protocol.LeaderNotReadyException: localhost_10001@group-FF371CEDE24F is in LEADER state but not ready yet., logIndex=0, commits[localhost_10001:c-1, localhost_10002:c-1, localhost_10000:c-1]
2019-09-26 14:07:00,088 INFO  client.GrpcClientProtocolService (GrpcClientProtocolService.java:lambda$processClientRequest$0(278)) - Failed RaftClientRequest:client-FBD57F74AF91->localhost_10001@group-FF371CEDE24F, cid=42, seq=0, RW, Message:321f0a0f0a0d74657374...(size=33), reply=RaftClientReply:client-FBD57F74AF91->localhost_10001@group-FF371CEDE24F, cid=42, FAILED org.apache.ratis.protocol.LeaderNotReadyException: localhost_10001@group-FF371CEDE24F is in LEADER state but not ready yet., logIndex=0, commits[localhost_10001:c-1, localhost_10002:c-1, localhost_10000:c-1]
2019-09-26 14:07:00,089 INFO  client.GrpcClientProtocolService (GrpcClientProtocolService.java:lambda$processClientRequest$0(278)) - Failed RaftClientRequest:client-FBD57F74AF91->localhost_10001@group-FF371CEDE24F, cid=42, seq=0, RW, Message:321f0a0f0a0d74657374...(size=33), reply=RaftClientReply:client-FBD57F74AF91->localhost_10001@group-FF371CEDE24F, cid=42, FAILED org.apache.ratis.protocol.LeaderNotReadyException: localhost_10001@group-FF371CEDE24F is in LEADER state but not ready yet., logIndex=0, commits[localhost_10001:c-1, localhost_10002:c-1, localhost_10000:c-1]
2019-09-26 14:07:00,090 INFO  client.GrpcClientProtocolService (GrpcClientProtocolService.java:lambda$processClientRequest$0(278)) - Failed RaftClientRequest:client-FBD57F74AF91->localhost_10001@group-FF371CEDE24F, cid=42, seq=0, RW, Message:321f0a0f0a0d74657374...(size=33), reply=RaftClientReply:client-FBD57F74AF91->localhost_10001@group-FF371CEDE24F, cid=42, FAILED org.apache.ratis.protocol.LeaderNotReadyException: localhost_10001@group-FF371CEDE24F is in LEADER state but not ready yet., logIndex=0, commits[localhost_10001:c-1, localhost_10002:c-1, localhost_10000:c-1]
2019-09-26 14:07:00,091 INFO  client.GrpcClientProtocolService (GrpcClientProtocolService.java:lambda$processClientRequest$0(278)) - Failed RaftClientRequest:client-FBD57F74AF91->localhost_10001@group-FF371CEDE24F, cid=42, seq=0, RW, Message:321f0a0f0a0d74657374...(size=33), reply=RaftClientReply:client-FBD57F74AF91->localhost_10001@group-FF371CEDE24F, cid=42, FAILED org.apache.ratis.protocol.LeaderNotReadyException: localhost_10001@group-FF371CEDE24F is in LEADER state but not ready yet., logIndex=0, commits[localhost_10001:c-1, localhost_10002:c-1, localhost_10000:c-1]
2019-09-26 14:07:00,092 INFO  client.GrpcClientProtocolService (GrpcClientProtocolService.java:lambda$processClientRequest$0(278)) - Failed RaftClientRequest:client-FBD57F74AF91->localhost_10001@group-FF371CEDE24F, cid=42, seq=0, RW, Message:321f0a0f0a0d74657374...(size=33), reply=RaftClientReply:client-FBD57F74AF91->localhost_10001@group-FF371CEDE24F, cid=42, FAILED org.apache.ratis.protocol.LeaderNotReadyException: localhost_10001@group-FF371CEDE24F is in LEADER state but not ready yet., logIndex=0, commits[localhost_10001:c-1, localhost_10002:c-1, localhost_10000:c-1]
2019-09-26 14:07:00,093 INFO  client.GrpcClientProtocolService (GrpcClientProtocolService.java:lambda$processClientRequest$0(278)) - Failed RaftClientRequest:client-FBD57F74AF91->localhost_10001@group-FF371CEDE24F, cid=42, seq=0, RW, Message:321f0a0f0a0d74657374...(size=33), reply=RaftClientReply:client-FBD57F74AF91->localhost_10001@group-FF371CEDE24F, cid=42, FAILED org.apache.ratis.protocol.LeaderNotReadyException: localhost_10001@group-FF371CEDE24F is in LEADER state but not ready yet., logIndex=0, commits[localhost_10001:c-1, localhost_10002:c-1, localhost_10000:c-1]
2019-09-26 14:07:00,094 INFO  client.GrpcClientProtocolService (GrpcClientProtocolService.java:lambda$processClientRequest$0(278)) - Failed RaftClientRequest:client-FBD57F74AF91->localhost_10001@group-FF371CEDE24F, cid=42, seq=0, RW, Message:321f0a0f0a0d74657374...(size=33), reply=RaftClientReply:client-FBD57F74AF91->localhost_10001@group-FF371CEDE24F, cid=42, FAILED org.apache.ratis.protocol.LeaderNotReadyException: localhost_10001@group-FF371CEDE24F is in LEADER state but not ready yet., logIndex=0, commits[localhost_10001:c-1, localhost_10002:c-1, localhost_10000:c-1]
2019-09-26 14:07:00,094 INFO  client.GrpcClientProtocolService (GrpcClientProtocolService.java:lambda$processClientRequest$0(278)) - Failed RaftClientRequest:client-FBD57F74AF91->localhost_10001@group-FF371CEDE24F, cid=42, seq=0, RW, Message:321f0a0f0a0d74657374...(size=33), reply=RaftClientReply:client-FBD57F74AF91->localhost_10001@group-FF371CEDE24F, cid=42, FAILED org.apache.ratis.protocol.LeaderNotReadyException: localhost_10001@group-FF371CEDE24F is in LEADER state but not ready yet., logIndex=0, commits[localhost_10001:c-1, localhost_10002:c-1, localhost_10000:c-1]
2019-09-26 14:07:00,095 INFO  client.GrpcClientProtocolService (GrpcClientProtocolService.java:lambda$processClientRequest$0(278)) - Failed RaftClientRequest:client-FBD57F74AF91->localhost_10001@group-FF371CEDE24F, cid=42, seq=0, RW, Message:321f0a0f0a0d74657374...(size=33), reply=RaftClientReply:client-FBD57F74AF91->localhost_10001@group-FF371CEDE24F, cid=42, FAILED org.apache.ratis.protocol.LeaderNotReadyException: localhost_10001@group-FF371CEDE24F is in LEADER state but not ready yet., logIndex=0, commits[localhost_10001:c-1, localhost_10002:c-1, localhost_10000:c-1]
2019-09-26 14:07:00,096 INFO  client.GrpcClientProtocolService (GrpcClientProtocolService.java:lambda$processClientRequest$0(278)) - Failed RaftClientRequest:client-FBD57F74AF91->localhost_10001@group-FF371CEDE24F, cid=42, seq=0, RW, Message:321f0a0f0a0d74657374...(size=33), reply=RaftClientReply:client-FBD57F74AF91->localhost_10001@group-FF371CEDE24F, cid=42, FAILED org.apache.ratis.protocol.LeaderNotReadyException: localhost_10001@group-FF371CEDE24F is in LEADER state but not ready yet., logIndex=0, commits[localhost_10001:c-1, localhost_10002:c-1, localhost_10000:c-1]
2019-09-26 14:07:00,097 INFO  client.GrpcClientProtocolService (GrpcClientProtocolService.java:lambda$processClientRequest$0(278)) - Failed RaftClientRequest:client-FBD57F74AF91->localhost_10001@group-FF371CEDE24F, cid=42, seq=0, RW, Message:321f0a0f0a0d74657374...(size=33), reply=RaftClientReply:client-FBD57F74AF91->localhost_10001@group-FF371CEDE24F, cid=42, FAILED org.apache.ratis.protocol.LeaderNotReadyException: localhost_10001@group-FF371CEDE24F is in LEADER state but not ready yet., logIndex=0, commits[localhost_10001:c-1, localhost_10002:c-1, localhost_10000:c-1]
2019-09-26 14:07:00,098 INFO  client.GrpcClientProtocolService (GrpcClientProtocolService.java:lambda$processClientRequest$0(278)) - Failed RaftClientRequest:client-FBD57F74AF91->localhost_10001@group-FF371CEDE24F, cid=42, seq=0, RW, Message:321f0a0f0a0d74657374...(size=33), reply=RaftClientReply:client-FBD57F74AF91->localhost_10001@group-FF371CEDE24F, cid=42, FAILED org.apache.ratis.protocol.LeaderNotReadyException: localhost_10001@group-FF371CEDE24F is in LEADER state but not ready yet., logIndex=0, commits[localhost_10001:c-1, localhost_10002:c-1, localhost_10000:c-1]
2019-09-26 14:07:00,099 INFO  client.GrpcClientProtocolService (GrpcClientProtocolService.java:lambda$processClientRequest$0(278)) - Failed RaftClientRequest:client-FBD57F74AF91->localhost_10001@group-FF371CEDE24F, cid=42, seq=0, RW, Message:321f0a0f0a0d74657374...(size=33), reply=RaftClientReply:client-FBD57F74AF91->localhost_10001@group-FF371CEDE24F, cid=42, FAILED org.apache.ratis.protocol.LeaderNotReadyException: localhost_10001@group-FF371CEDE24F is in LEADER state but not ready yet., logIndex=0, commits[localhost_10001:c-1, localhost_10002:c-1, localhost_10000:c-1]
2019-09-26 14:07:00,100 INFO  client.GrpcClientProtocolService (GrpcClientProtocolService.java:lambda$processClientRequest$0(278)) - Failed RaftClientRequest:client-FBD57F74AF91->localhost_10001@group-FF371CEDE24F, cid=42, seq=0, RW, Message:321f0a0f0a0d74657374...(size=33), reply=RaftClientReply:client-FBD57F74AF91->localhost_10001@group-FF371CEDE24F, cid=42, FAILED org.apache.ratis.protocol.LeaderNotReadyException: localhost_10001@group-FF371CEDE24F is in LEADER state but not ready yet., logIndex=0, commits[localhost_10001:c-1, localhost_10002:c-1, localhost_10000:c-1]
2019-09-26 14:07:00,101 INFO  client.GrpcClientProtocolService (GrpcClientProtocolService.java:lambda$processClientRequest$0(278)) - Failed RaftClientRequest:client-FBD57F74AF91->localhost_10001@group-FF371CEDE24F, cid=42, seq=0, RW, Message:321f0a0f0a0d74657374...(size=33), reply=RaftClientReply:client-FBD57F74AF91->localhost_10001@group-FF371CEDE24F, cid=42, FAILED org.apache.ratis.protocol.LeaderNotReadyException: localhost_10001@group-FF371CEDE24F is in LEADER state but not ready yet., logIndex=0, commits[localhost_10001:c-1, localhost_10002:c-1, localhost_10000:c-1]
2019-09-26 14:07:00,101 INFO  client.GrpcClientProtocolService (GrpcClientProtocolService.java:lambda$processClientRequest$0(278)) - Failed RaftClientRequest:client-FBD57F74AF91->localhost_10001@group-FF371CEDE24F, cid=42, seq=0, RW, Message:321f0a0f0a0d74657374...(size=33), reply=RaftClientReply:client-FBD57F74AF91->localhost_10001@group-FF371CEDE24F, cid=42, FAILED org.apache.ratis.protocol.LeaderNotReadyException: localhost_10001@group-FF371CEDE24F is in LEADER state but not ready yet., logIndex=0, commits[localhost_10001:c-1, localhost_10002:c-1, localhost_10000:c-1]
2019-09-26 14:07:00,102 INFO  client.GrpcClientProtocolService (GrpcClientProtocolService.java:lambda$processClientRequest$0(278)) - Failed RaftClientRequest:client-FBD57F74AF91->localhost_10001@group-FF371CEDE24F, cid=42, seq=0, RW, Message:321f0a0f0a0d74657374...(size=33), reply=RaftClientReply:client-FBD57F74AF91->localhost_10001@group-FF371CEDE24F, cid=42, FAILED org.apache.ratis.protocol.LeaderNotReadyException: localhost_10001@group-FF371CEDE24F is in LEADER state but not ready yet., logIndex=0, commits[localhost_10001:c-1, localhost_10002:c-1, localhost_10000:c-1]
2019-09-26 14:07:00,103 INFO  client.GrpcClientProtocolService (GrpcClientProtocolService.java:lambda$processClientRequest$0(278)) - Failed RaftClientRequest:client-FBD57F74AF91->localhost_10001@group-FF371CEDE24F, cid=42, seq=0, RW, Message:321f0a0f0a0d74657374...(size=33), reply=RaftClientReply:client-FBD57F74AF91->localhost_10001@group-FF371CEDE24F, cid=42, FAILED org.apache.ratis.protocol.LeaderNotReadyException: localhost_10001@group-FF371CEDE24F is in LEADER state but not ready yet., logIndex=0, commits[localhost_10001:c-1, localhost_10002:c-1, localhost_10000:c-1]
2019-09-26 14:07:00,104 INFO  client.GrpcClientProtocolService (GrpcClientProtocolService.java:lambda$processClientRequest$0(278)) - Failed RaftClientRequest:client-FBD57F74AF91->localhost_10001@group-FF371CEDE24F, cid=42, seq=0, RW, Message:321f0a0f0a0d74657374...(size=33), reply=RaftClientReply:client-FBD57F74AF91->localhost_10001@group-FF371CEDE24F, cid=42, FAILED org.apache.ratis.protocol.LeaderNotReadyException: localhost_10001@group-FF371CEDE24F is in LEADER state but not ready yet., logIndex=0, commits[localhost_10001:c-1, localhost_10002:c-1, localhost_10000:c-1]
2019-09-26 14:07:00,105 INFO  client.GrpcClientProtocolService (GrpcClientProtocolService.java:lambda$processClientRequest$0(278)) - Failed RaftClientRequest:client-FBD57F74AF91->localhost_10001@group-FF371CEDE24F, cid=42, seq=0, RW, Message:321f0a0f0a0d74657374...(size=33), reply=RaftClientReply:client-FBD57F74AF91->localhost_10001@group-FF371CEDE24F, cid=42, FAILED org.apache.ratis.protocol.LeaderNotReadyException: localhost_10001@group-FF371CEDE24F is in LEADER state but not ready yet., logIndex=0, commits[localhost_10001:c-1, localhost_10002:c-1, localhost_10000:c-1]
2019-09-26 14:07:00,106 INFO  client.GrpcClientProtocolService (GrpcClientProtocolService.java:lambda$processClientRequest$0(278)) - Failed RaftClientRequest:client-FBD57F74AF91->localhost_10001@group-FF371CEDE24F, cid=42, seq=0, RW, Message:321f0a0f0a0d74657374...(size=33), reply=RaftClientReply:client-FBD57F74AF91->localhost_10001@group-FF371CEDE24F, cid=42, FAILED org.apache.ratis.protocol.LeaderNotReadyException: localhost_10001@group-FF371CEDE24F is in LEADER state but not ready yet., logIndex=0, commits[localhost_10001:c-1, localhost_10002:c-1, localhost_10000:c-1]
2019-09-26 14:07:00,106 INFO  client.GrpcClientProtocolService (GrpcClientProtocolService.java:lambda$processClientRequest$0(278)) - Failed RaftClientRequest:client-FBD57F74AF91->localhost_10001@group-FF371CEDE24F, cid=42, seq=0, RW, Message:321f0a0f0a0d74657374...(size=33), reply=RaftClientReply:client-FBD57F74AF91->localhost_10001@group-FF371CEDE24F, cid=42, FAILED org.apache.ratis.protocol.LeaderNotReadyException: localhost_10001@group-FF371CEDE24F is in LEADER state but not ready yet., logIndex=0, commits[localhost_10001:c-1, localhost_10002:c-1, localhost_10000:c-1]
2019-09-26 14:07:00,107 INFO  client.GrpcClientProtocolService (GrpcClientProtocolService.java:lambda$processClientRequest$0(278)) - Failed RaftClientRequest:client-FBD57F74AF91->localhost_10001@group-FF371CEDE24F, cid=42, seq=0, RW, Message:321f0a0f0a0d74657374...(size=33), reply=RaftClientReply:client-FBD57F74AF91->localhost_10001@group-FF371CEDE24F, cid=42, FAILED org.apache.ratis.protocol.LeaderNotReadyException: localhost_10001@group-FF371CEDE24F is in LEADER state but not ready yet., logIndex=0, commits[localhost_10001:c-1, localhost_10002:c-1, localhost_10000:c-1]
2019-09-26 14:07:00,108 INFO  client.GrpcClientProtocolService (GrpcClientProtocolService.java:lambda$processClientRequest$0(278)) - Failed RaftClientRequest:client-FBD57F74AF91->localhost_10001@group-FF371CEDE24F, cid=42, seq=0, RW, Message:321f0a0f0a0d74657374...(size=33), reply=RaftClientReply:client-FBD57F74AF91->localhost_10001@group-FF371CEDE24F, cid=42, FAILED org.apache.ratis.protocol.LeaderNotReadyException: localhost_10001@group-FF371CEDE24F is in LEADER state but not ready yet., logIndex=0, commits[localhost_10001:c-1, localhost_10002:c-1, localhost_10000:c-1]
2019-09-26 14:07:00,109 INFO  client.GrpcClientProtocolService (GrpcClientProtocolService.java:lambda$processClientRequest$0(278)) - Failed RaftClientRequest:client-FBD57F74AF91->localhost_10001@group-FF371CEDE24F, cid=42, seq=0, RW, Message:321f0a0f0a0d74657374...(size=33), reply=RaftClientReply:client-FBD57F74AF91->localhost_10001@group-FF371CEDE24F, cid=42, FAILED org.apache.ratis.protocol.LeaderNotReadyException: localhost_10001@group-FF371CEDE24F is in LEADER state but not ready yet., logIndex=0, commits[localhost_10001:c-1, localhost_10002:c-1, localhost_10000:c-1]
2019-09-26 14:07:00,110 INFO  client.GrpcClientProtocolService (GrpcClientProtocolService.java:lambda$processClientRequest$0(278)) - Failed RaftClientRequest:client-FBD57F74AF91->localhost_10001@group-FF371CEDE24F, cid=42, seq=0, RW, Message:321f0a0f0a0d74657374...(size=33), reply=RaftClientReply:client-FBD57F74AF91->localhost_10001@group-FF371CEDE24F, cid=42, FAILED org.apache.ratis.protocol.LeaderNotReadyException: localhost_10001@group-FF371CEDE24F is in LEADER state but not ready yet., logIndex=0, commits[localhost_10001:c-1, localhost_10002:c-1, localhost_10000:c-1]
2019-09-26 14:07:00,111 INFO  client.GrpcClientProtocolService (GrpcClientProtocolService.java:lambda$processClientRequest$0(278)) - Failed RaftClientRequest:client-FBD57F74AF91->localhost_10001@group-FF371CEDE24F, cid=42, seq=0, RW, Message:321f0a0f0a0d74657374...(size=33), reply=RaftClientReply:client-FBD57F74AF91->localhost_10001@group-FF371CEDE24F, cid=42, FAILED org.apache.ratis.protocol.LeaderNotReadyException: localhost_10001@group-FF371CEDE24F is in LEADER state but not ready yet., logIndex=0, commits[localhost_10001:c-1, localhost_10002:c-1, localhost_10000:c-1]
2019-09-26 14:07:00,112 INFO  client.GrpcClientProtocolService (GrpcClientProtocolService.java:lambda$processClientRequest$0(278)) - Failed RaftClientRequest:client-FBD57F74AF91->localhost_10001@group-FF371CEDE24F, cid=42, seq=0, RW, Message:321f0a0f0a0d74657374...(size=33), reply=RaftClientReply:client-FBD57F74AF91->localhost_10001@group-FF371CEDE24F, cid=42, FAILED org.apache.ratis.protocol.LeaderNotReadyException: localhost_10001@group-FF371CEDE24F is in LEADER state but not ready yet., logIndex=0, commits[localhost_10001:c-1, localhost_10002:c-1, localhost_10000:c-1]
2019-09-26 14:07:00,113 INFO  client.GrpcClientProtocolService (GrpcClientProtocolService.java:lambda$processClientRequest$0(278)) - Failed RaftClientRequest:client-FBD57F74AF91->localhost_10001@group-FF371CEDE24F, cid=42, seq=0, RW, Message:321f0a0f0a0d74657374...(size=33), reply=RaftClientReply:client-FBD57F74AF91->localhost_10001@group-FF371CEDE24F, cid=42, FAILED org.apache.ratis.protocol.LeaderNotReadyException: localhost_10001@group-FF371CEDE24F is in LEADER state but not ready yet., logIndex=0, commits[localhost_10001:c-1, localhost_10002:c-1, localhost_10000:c-1]
2019-09-26 14:07:00,114 INFO  client.GrpcClientProtocolService (GrpcClientProtocolService.java:lambda$processClientRequest$0(278)) - Failed RaftClientRequest:client-FBD57F74AF91->localhost_10001@group-FF371CEDE24F, cid=42, seq=0, RW, Message:321f0a0f0a0d74657374...(size=33), reply=RaftClientReply:client-FBD57F74AF91->localhost_10001@group-FF371CEDE24F, cid=42, FAILED org.apache.ratis.protocol.LeaderNotReadyException: localhost_10001@group-FF371CEDE24F is in LEADER state but not ready yet., logIndex=0, commits[localhost_10001:c-1, localhost_10002:c-1, localhost_10000:c-1]
2019-09-26 14:07:00,116 INFO  client.GrpcClientProtocolService (GrpcClientProtocolService.java:lambda$processClientRequest$0(278)) - Failed RaftClientRequest:client-FBD57F74AF91->localhost_10001@group-FF371CEDE24F, cid=42, seq=0, RW, Message:321f0a0f0a0d74657374...(size=33), reply=RaftClientReply:client-FBD57F74AF91->localhost_10001@group-FF371CEDE24F, cid=42, FAILED org.apache.ratis.protocol.LeaderNotReadyException: localhost_10001@group-FF371CEDE24F is in LEADER state but not ready yet., logIndex=0, commits[localhost_10001:c-1, localhost_10002:c-1, localhost_10000:c-1]
2019-09-26 14:07:00,117 INFO  client.GrpcClientProtocolService (GrpcClientProtocolService.java:lambda$processClientRequest$0(278)) - Failed RaftClientRequest:client-FBD57F74AF91->localhost_10001@group-FF371CEDE24F, cid=42, seq=0, RW, Message:321f0a0f0a0d74657374...(size=33), reply=RaftClientReply:client-FBD57F74AF91->localhost_10001@group-FF371CEDE24F, cid=42, FAILED org.apache.ratis.protocol.LeaderNotReadyException: localhost_10001@group-FF371CEDE24F is in LEADER state but not ready yet., logIndex=0, commits[localhost_10001:c-1, localhost_10002:c-1, localhost_10000:c-1]
2019-09-26 14:07:00,118 INFO  client.GrpcClientProtocolService (GrpcClientProtocolService.java:lambda$processClientRequest$0(278)) - Failed RaftClientRequest:client-FBD57F74AF91->localhost_10001@group-FF371CEDE24F, cid=42, seq=0, RW, Message:321f0a0f0a0d74657374...(size=33), reply=RaftClientReply:client-FBD57F74AF91->localhost_10001@group-FF371CEDE24F, cid=42, FAILED org.apache.ratis.protocol.LeaderNotReadyException: localhost_10001@group-FF371CEDE24F is in LEADER state but not ready yet., logIndex=0, commits[localhost_10001:c-1, localhost_10002:c-1, localhost_10000:c-1]
2019-09-26 14:07:00,119 INFO  client.GrpcClientProtocolService (GrpcClientProtocolService.java:lambda$processClientRequest$0(278)) - Failed RaftClientRequest:client-FBD57F74AF91->localhost_10001@group-FF371CEDE24F, cid=42, seq=0, RW, Message:321f0a0f0a0d74657374...(size=33), reply=RaftClientReply:client-FBD57F74AF91->localhost_10001@group-FF371CEDE24F, cid=42, FAILED org.apache.ratis.protocol.LeaderNotReadyException: localhost_10001@group-FF371CEDE24F is in LEADER state but not ready yet., logIndex=0, commits[localhost_10001:c-1, localhost_10002:c-1, localhost_10000:c-1]
2019-09-26 14:07:00,120 INFO  client.GrpcClientProtocolService (GrpcClientProtocolService.java:lambda$processClientRequest$0(278)) - Failed RaftClientRequest:client-FBD57F74AF91->localhost_10001@group-FF371CEDE24F, cid=42, seq=0, RW, Message:321f0a0f0a0d74657374...(size=33), reply=RaftClientReply:client-FBD57F74AF91->localhost_10001@group-FF371CEDE24F, cid=42, FAILED org.apache.ratis.protocol.LeaderNotReadyException: localhost_10001@group-FF371CEDE24F is in LEADER state but not ready yet., logIndex=0, commits[localhost_10001:c-1, localhost_10002:c-1, localhost_10000:c-1]
2019-09-26 14:07:00,121 INFO  client.GrpcClientProtocolService (GrpcClientProtocolService.java:lambda$processClientRequest$0(278)) - Failed RaftClientRequest:client-FBD57F74AF91->localhost_10001@group-FF371CEDE24F, cid=42, seq=0, RW, Message:321f0a0f0a0d74657374...(size=33), reply=RaftClientReply:client-FBD57F74AF91->localhost_10001@group-FF371CEDE24F, cid=42, FAILED org.apache.ratis.protocol.LeaderNotReadyException: localhost_10001@group-FF371CEDE24F is in LEADER state but not ready yet., logIndex=0, commits[localhost_10001:c-1, localhost_10002:c-1, localhost_10000:c-1]
2019-09-26 14:07:00,122 INFO  client.GrpcClientProtocolService (GrpcClientProtocolService.java:lambda$processClientRequest$0(278)) - Failed RaftClientRequest:client-FBD57F74AF91->localhost_10001@group-FF371CEDE24F, cid=42, seq=0, RW, Message:321f0a0f0a0d74657374...(size=33), reply=RaftClientReply:client-FBD57F74AF91->localhost_10001@group-FF371CEDE24F, cid=42, FAILED org.apache.ratis.protocol.LeaderNotReadyException: localhost_10001@group-FF371CEDE24F is in LEADER state but not ready yet., logIndex=0, commits[localhost_10001:c-1, localhost_10002:c-1, localhost_10000:c-1]
2019-09-26 14:07:00,123 INFO  client.GrpcClientProtocolService (GrpcClientProtocolService.java:lambda$processClientRequest$0(278)) - Failed RaftClientRequest:client-FBD57F74AF91->localhost_10001@group-FF371CEDE24F, cid=42, seq=0, RW, Message:321f0a0f0a0d74657374...(size=33), reply=RaftClientReply:client-FBD57F74AF91->localhost_10001@group-FF371CEDE24F, cid=42, FAILED org.apache.ratis.protocol.LeaderNotReadyException: localhost_10001@group-FF371CEDE24F is in LEADER state but not ready yet., logIndex=0, commits[localhost_10001:c-1, localhost_10002:c-1, localhost_10000:c-1]
2019-09-26 14:07:00,124 INFO  client.GrpcClientProtocolService (GrpcClientProtocolService.java:lambda$processClientRequest$0(278)) - Failed RaftClientRequest:client-FBD57F74AF91->localhost_10001@group-FF371CEDE24F, cid=42, seq=0, RW, Message:321f0a0f0a0d74657374...(size=33), reply=RaftClientReply:client-FBD57F74AF91->localhost_10001@group-FF371CEDE24F, cid=42, FAILED org.apache.ratis.protocol.LeaderNotReadyException: localhost_10001@group-FF371CEDE24F is in LEADER state but not ready yet., logIndex=0, commits[localhost_10001:c-1, localhost_10002:c-1, localhost_10000:c-1]
2019-09-26 14:07:00,125 INFO  client.GrpcClientProtocolService (GrpcClientProtocolService.java:lambda$processClientRequest$0(278)) - Failed RaftClientRequest:client-FBD57F74AF91->localhost_10001@group-FF371CEDE24F, cid=42, seq=0, RW, Message:321f0a0f0a0d74657374...(size=33), reply=RaftClientReply:client-FBD57F74AF91->localhost_10001@group-FF371CEDE24F, cid=42, FAILED org.apache.ratis.protocol.LeaderNotReadyException: localhost_10001@group-FF371CEDE24F is in LEADER state but not ready yet., logIndex=0, commits[localhost_10001:c-1, localhost_10002:c-1, localhost_10000:c-1]
2019-09-26 14:07:00,125 INFO  client.GrpcClientProtocolService (GrpcClientProtocolService.java:lambda$processClientRequest$0(278)) - Failed RaftClientRequest:client-FBD57F74AF91->localhost_10001@group-FF371CEDE24F, cid=42, seq=0, RW, Message:321f0a0f0a0d74657374...(size=33), reply=RaftClientReply:client-FBD57F74AF91->localhost_10001@group-FF371CEDE24F, cid=42, FAILED org.apache.ratis.protocol.LeaderNotReadyException: localhost_10001@group-FF371CEDE24F is in LEADER state but not ready yet., logIndex=0, commits[localhost_10001:c-1, localhost_10002:c-1, localhost_10000:c-1]
2019-09-26 14:07:00,126 INFO  client.GrpcClientProtocolService (GrpcClientProtocolService.java:lambda$processClientRequest$0(278)) - Failed RaftClientRequest:client-FBD57F74AF91->localhost_10001@group-FF371CEDE24F, cid=42, seq=0, RW, Message:321f0a0f0a0d74657374...(size=33), reply=RaftClientReply:client-FBD57F74AF91->localhost_10001@group-FF371CEDE24F, cid=42, FAILED org.apache.ratis.protocol.LeaderNotReadyException: localhost_10001@group-FF371CEDE24F is in LEADER state but not ready yet., logIndex=0, commits[localhost_10001:c-1, localhost_10002:c-1, localhost_10000:c-1]
2019-09-26 14:07:00,127 INFO  client.GrpcClientProtocolService (GrpcClientProtocolService.java:lambda$processClientRequest$0(278)) - Failed RaftClientRequest:client-FBD57F74AF91->localhost_10001@group-FF371CEDE24F, cid=42, seq=0, RW, Message:321f0a0f0a0d74657374...(size=33), reply=RaftClientReply:client-FBD57F74AF91->localhost_10001@group-FF371CEDE24F, cid=42, FAILED org.apache.ratis.protocol.LeaderNotReadyException: localhost_10001@group-FF371CEDE24F is in LEADER state but not ready yet., logIndex=0, commits[localhost_10001:c-1, localhost_10002:c-1, localhost_10000:c-1]
2019-09-26 14:07:00,128 INFO  client.GrpcClientProtocolService (GrpcClientProtocolService.java:lambda$processClientRequest$0(278)) - Failed RaftClientRequest:client-FBD57F74AF91->localhost_10001@group-FF371CEDE24F, cid=42, seq=0, RW, Message:321f0a0f0a0d74657374...(size=33), reply=RaftClientReply:client-FBD57F74AF91->localhost_10001@group-FF371CEDE24F, cid=42, FAILED org.apache.ratis.protocol.LeaderNotReadyException: localhost_10001@group-FF371CEDE24F is in LEADER state but not ready yet., logIndex=0, commits[localhost_10001:c-1, localhost_10002:c-1, localhost_10000:c-1]
2019-09-26 14:07:00,129 INFO  client.GrpcClientProtocolService (GrpcClientProtocolService.java:lambda$processClientRequest$0(278)) - Failed RaftClientRequest:client-FBD57F74AF91->localhost_10001@group-FF371CEDE24F, cid=42, seq=0, RW, Message:321f0a0f0a0d74657374...(size=33), reply=RaftClientReply:client-FBD57F74AF91->localhost_10001@group-FF371CEDE24F, cid=42, FAILED org.apache.ratis.protocol.LeaderNotReadyException: localhost_10001@group-FF371CEDE24F is in LEADER state but not ready yet., logIndex=0, commits[localhost_10001:c-1, localhost_10002:c-1, localhost_10000:c-1]
2019-09-26 14:07:00,130 INFO  client.GrpcClientProtocolService (GrpcClientProtocolService.java:lambda$processClientRequest$0(278)) - Failed RaftClientRequest:client-FBD57F74AF91->localhost_10001@group-FF371CEDE24F, cid=42, seq=0, RW, Message:321f0a0f0a0d74657374...(size=33), reply=RaftClientReply:client-FBD57F74AF91->localhost_10001@group-FF371CEDE24F, cid=42, FAILED org.apache.ratis.protocol.LeaderNotReadyException: localhost_10001@group-FF371CEDE24F is in LEADER state but not ready yet., logIndex=0, commits[localhost_10001:c-1, localhost_10002:c-1, localhost_10000:c-1]
2019-09-26 14:07:00,131 INFO  client.GrpcClientProtocolService (GrpcClientProtocolService.java:lambda$processClientRequest$0(278)) - Failed RaftClientRequest:client-FBD57F74AF91->localhost_10001@group-FF371CEDE24F, cid=42, seq=0, RW, Message:321f0a0f0a0d74657374...(size=33), reply=RaftClientReply:client-FBD57F74AF91->localhost_10001@group-FF371CEDE24F, cid=42, FAILED org.apache.ratis.protocol.LeaderNotReadyException: localhost_10001@group-FF371CEDE24F is in LEADER state but not ready yet., logIndex=0, commits[localhost_10001:c-1, localhost_10002:c-1, localhost_10000:c-1]
2019-09-26 14:07:00,131 INFO  client.GrpcClientProtocolService (GrpcClientProtocolService.java:lambda$processClientRequest$0(278)) - Failed RaftClientRequest:client-FBD57F74AF91->localhost_10001@group-FF371CEDE24F, cid=42, seq=0, RW, Message:321f0a0f0a0d74657374...(size=33), reply=RaftClientReply:client-FBD57F74AF91->localhost_10001@group-FF371CEDE24F, cid=42, FAILED org.apache.ratis.protocol.LeaderNotReadyException: localhost_10001@group-FF371CEDE24F is in LEADER state but not ready yet., logIndex=0, commits[localhost_10001:c-1, localhost_10002:c-1, localhost_10000:c-1]
2019-09-26 14:07:00,132 INFO  client.GrpcClientProtocolService (GrpcClientProtocolService.java:lambda$processClientRequest$0(278)) - Failed RaftClientRequest:client-FBD57F74AF91->localhost_10001@group-FF371CEDE24F, cid=42, seq=0, RW, Message:321f0a0f0a0d74657374...(size=33), reply=RaftClientReply:client-FBD57F74AF91->localhost_10001@group-FF371CEDE24F, cid=42, FAILED org.apache.ratis.protocol.LeaderNotReadyException: localhost_10001@group-FF371CEDE24F is in LEADER state but not ready yet., logIndex=0, commits[localhost_10001:c-1, localhost_10002:c-1, localhost_10000:c-1]
2019-09-26 14:07:00,133 INFO  client.GrpcClientProtocolService (GrpcClientProtocolService.java:lambda$processClientRequest$0(278)) - Failed RaftClientRequest:client-FBD57F74AF91->localhost_10001@group-FF371CEDE24F, cid=42, seq=0, RW, Message:321f0a0f0a0d74657374...(size=33), reply=RaftClientReply:client-FBD57F74AF91->localhost_10001@group-FF371CEDE24F, cid=42, FAILED org.apache.ratis.protocol.LeaderNotReadyException: localhost_10001@group-FF371CEDE24F is in LEADER state but not ready yet., logIndex=0, commits[localhost_10001:c-1, localhost_10002:c-1, localhost_10000:c-1]
2019-09-26 14:07:00,134 INFO  client.GrpcClientProtocolService (GrpcClientProtocolService.java:lambda$processClientRequest$0(278)) - Failed RaftClientRequest:client-FBD57F74AF91->localhost_10001@group-FF371CEDE24F, cid=42, seq=0, RW, Message:321f0a0f0a0d74657374...(size=33), reply=RaftClientReply:client-FBD57F74AF91->localhost_10001@group-FF371CEDE24F, cid=42, FAILED org.apache.ratis.protocol.LeaderNotReadyException: localhost_10001@group-FF371CEDE24F is in LEADER state but not ready yet., logIndex=0, commits[localhost_10001:c-1, localhost_10002:c-1, localhost_10000:c-1]
2019-09-26 14:07:00,135 INFO  client.GrpcClientProtocolService (GrpcClientProtocolService.java:lambda$processClientRequest$0(278)) - Failed RaftClientRequest:client-FBD57F74AF91->localhost_10001@group-FF371CEDE24F, cid=42, seq=0, RW, Message:321f0a0f0a0d74657374...(size=33), reply=RaftClientReply:client-FBD57F74AF91->localhost_10001@group-FF371CEDE24F, cid=42, FAILED org.apache.ratis.protocol.LeaderNotReadyException: localhost_10001@group-FF371CEDE24F is in LEADER state but not ready yet., logIndex=0, commits[localhost_10001:c-1, localhost_10002:c-1, localhost_10000:c-1]
2019-09-26 14:07:00,136 INFO  client.GrpcClientProtocolService (GrpcClientProtocolService.java:lambda$processClientRequest$0(278)) - Failed RaftClientRequest:client-FBD57F74AF91->localhost_10001@group-FF371CEDE24F, cid=42, seq=0, RW, Message:321f0a0f0a0d74657374...(size=33), reply=RaftClientReply:client-FBD57F74AF91->localhost_10001@group-FF371CEDE24F, cid=42, FAILED org.apache.ratis.protocol.LeaderNotReadyException: localhost_10001@group-FF371CEDE24F is in LEADER state but not ready yet., logIndex=0, commits[localhost_10001:c-1, localhost_10002:c-1, localhost_10000:c-1]
2019-09-26 14:07:00,137 INFO  client.GrpcClientProtocolService (GrpcClientProtocolService.java:lambda$processClientRequest$0(278)) - Failed RaftClientRequest:client-FBD57F74AF91->localhost_10001@group-FF371CEDE24F, cid=42, seq=0, RW, Message:321f0a0f0a0d74657374...(size=33), reply=RaftClientReply:client-FBD57F74AF91->localhost_10001@group-FF371CEDE24F, cid=42, FAILED org.apache.ratis.protocol.LeaderNotReadyException: localhost_10001@group-FF371CEDE24F is in LEADER state but not ready yet., logIndex=0, commits[localhost_10001:c-1, localhost_10002:c-1, localhost_10000:c-1]
2019-09-26 14:07:00,137 INFO  client.GrpcClientProtocolService (GrpcClientProtocolService.java:lambda$processClientRequest$0(278)) - Failed RaftClientRequest:client-FBD57F74AF91->localhost_10001@group-FF371CEDE24F, cid=42, seq=0, RW, Message:321f0a0f0a0d74657374...(size=33), reply=RaftClientReply:client-FBD57F74AF91->localhost_10001@group-FF371CEDE24F, cid=42, FAILED org.apache.ratis.protocol.LeaderNotReadyException: localhost_10001@group-FF371CEDE24F is in LEADER state but not ready yet., logIndex=0, commits[localhost_10001:c-1, localhost_10002:c-1, localhost_10000:c-1]
2019-09-26 14:07:00,138 INFO  client.GrpcClientProtocolService (GrpcClientProtocolService.java:lambda$processClientRequest$0(278)) - Failed RaftClientRequest:client-FBD57F74AF91->localhost_10001@group-FF371CEDE24F, cid=42, seq=0, RW, Message:321f0a0f0a0d74657374...(size=33), reply=RaftClientReply:client-FBD57F74AF91->localhost_10001@group-FF371CEDE24F, cid=42, FAILED org.apache.ratis.protocol.LeaderNotReadyException: localhost_10001@group-FF371CEDE24F is in LEADER state but not ready yet., logIndex=0, commits[localhost_10001:c-1, localhost_10002:c-1, localhost_10000:c-1]
2019-09-26 14:07:00,139 INFO  client.GrpcClientProtocolService (GrpcClientProtocolService.java:lambda$processClientRequest$0(278)) - Failed RaftClientRequest:client-FBD57F74AF91->localhost_10001@group-FF371CEDE24F, cid=42, seq=0, RW, Message:321f0a0f0a0d74657374...(size=33), reply=RaftClientReply:client-FBD57F74AF91->localhost_10001@group-FF371CEDE24F, cid=42, FAILED org.apache.ratis.protocol.LeaderNotReadyException: localhost_10001@group-FF371CEDE24F is in LEADER state but not ready yet., logIndex=0, commits[localhost_10001:c-1, localhost_10002:c-1, localhost_10000:c-1]
2019-09-26 14:07:00,140 INFO  client.GrpcClientProtocolService (GrpcClientProtocolService.java:lambda$processClientRequest$0(278)) - Failed RaftClientRequest:client-FBD57F74AF91->localhost_10001@group-FF371CEDE24F, cid=42, seq=0, RW, Message:321f0a0f0a0d74657374...(size=33), reply=RaftClientReply:client-FBD57F74AF91->localhost_10001@group-FF371CEDE24F, cid=42, FAILED org.apache.ratis.protocol.LeaderNotReadyException: localhost_10001@group-FF371CEDE24F is in LEADER state but not ready yet., logIndex=0, commits[localhost_10001:c-1, localhost_10002:c-1, localhost_10000:c-1]
2019-09-26 14:07:00,141 INFO  client.GrpcClientProtocolService (GrpcClientProtocolService.java:lambda$processClientRequest$0(278)) - Failed RaftClientRequest:client-FBD57F74AF91->localhost_10001@group-FF371CEDE24F, cid=42, seq=0, RW, Message:321f0a0f0a0d74657374...(size=33), reply=RaftClientReply:client-FBD57F74AF91->localhost_10001@group-FF371CEDE24F, cid=42, FAILED org.apache.ratis.protocol.LeaderNotReadyException: localhost_10001@group-FF371CEDE24F is in LEADER state but not ready yet., logIndex=0, commits[localhost_10001:c-1, localhost_10002:c-1, localhost_10000:c-1]
2019-09-26 14:07:00,141 INFO  client.GrpcClientProtocolService (GrpcClientProtocolService.java:lambda$processClientRequest$0(278)) - Failed RaftClientRequest:client-FBD57F74AF91->localhost_10001@group-FF371CEDE24F, cid=42, seq=0, RW, Message:321f0a0f0a0d74657374...(size=33), reply=RaftClientReply:client-FBD57F74AF91->localhost_10001@group-FF371CEDE24F, cid=42, FAILED org.apache.ratis.protocol.LeaderNotReadyException: localhost_10001@group-FF371CEDE24F is in LEADER state but not ready yet., logIndex=0, commits[localhost_10001:c-1, localhost_10002:c-1, localhost_10000:c-1]
2019-09-26 14:07:00,142 INFO  client.GrpcClientProtocolService (GrpcClientProtocolService.java:lambda$processClientRequest$0(278)) - Failed RaftClientRequest:client-FBD57F74AF91->localhost_10001@group-FF371CEDE24F, cid=42, seq=0, RW, Message:321f0a0f0a0d74657374...(size=33), reply=RaftClientReply:client-FBD57F74AF91->localhost_10001@group-FF371CEDE24F, cid=42, FAILED org.apache.ratis.protocol.LeaderNotReadyException: localhost_10001@group-FF371CEDE24F is in LEADER state but not ready yet., logIndex=0, commits[localhost_10001:c-1, localhost_10002:c-1, localhost_10000:c-1]
2019-09-26 14:07:00,143 INFO  client.GrpcClientProtocolService (GrpcClientProtocolService.java:lambda$processClientRequest$0(278)) - Failed RaftClientRequest:client-FBD57F74AF91->localhost_10001@group-FF371CEDE24F, cid=42, seq=0, RW, Message:321f0a0f0a0d74657374...(size=33), reply=RaftClientReply:client-FBD57F74AF91->localhost_10001@group-FF371CEDE24F, cid=42, FAILED org.apache.ratis.protocol.LeaderNotReadyException: localhost_10001@group-FF371CEDE24F is in LEADER state but not ready yet., logIndex=0, commits[localhost_10001:c-1, localhost_10002:c-1, localhost_10000:c-1]
2019-09-26 14:07:00,144 INFO  client.GrpcClientProtocolService (GrpcClientProtocolService.java:lambda$processClientRequest$0(278)) - Failed RaftClientRequest:client-FBD57F74AF91->localhost_10001@group-FF371CEDE24F, cid=42, seq=0, RW, Message:321f0a0f0a0d74657374...(size=33), reply=RaftClientReply:client-FBD57F74AF91->localhost_10001@group-FF371CEDE24F, cid=42, FAILED org.apache.ratis.protocol.LeaderNotReadyException: localhost_10001@group-FF371CEDE24F is in LEADER state but not ready yet., logIndex=0, commits[localhost_10001:c-1, localhost_10002:c-1, localhost_10000:c-1]
2019-09-26 14:07:00,145 INFO  client.GrpcClientProtocolService (GrpcClientProtocolService.java:lambda$processClientRequest$0(278)) - Failed RaftClientRequest:client-FBD57F74AF91->localhost_10001@group-FF371CEDE24F, cid=42, seq=0, RW, Message:321f0a0f0a0d74657374...(size=33), reply=RaftClientReply:client-FBD57F74AF91->localhost_10001@group-FF371CEDE24F, cid=42, FAILED org.apache.ratis.protocol.LeaderNotReadyException: localhost_10001@group-FF371CEDE24F is in LEADER state but not ready yet., logIndex=0, commits[localhost_10001:c-1, localhost_10002:c-1, localhost_10000:c-1]
2019-09-26 14:07:00,146 INFO  client.GrpcClientProtocolService (GrpcClientProtocolService.java:lambda$processClientRequest$0(278)) - Failed RaftClientRequest:client-FBD57F74AF91->localhost_10001@group-FF371CEDE24F, cid=42, seq=0, RW, Message:321f0a0f0a0d74657374...(size=33), reply=RaftClientReply:client-FBD57F74AF91->localhost_10001@group-FF371CEDE24F, cid=42, FAILED org.apache.ratis.protocol.LeaderNotReadyException: localhost_10001@group-FF371CEDE24F is in LEADER state but not ready yet., logIndex=0, commits[localhost_10001:c-1, localhost_10002:c-1, localhost_10000:c-1]
2019-09-26 14:07:00,147 INFO  client.GrpcClientProtocolService (GrpcClientProtocolService.java:lambda$processClientRequest$0(278)) - Failed RaftClientRequest:client-FBD57F74AF91->localhost_10001@group-FF371CEDE24F, cid=42, seq=0, RW, Message:321f0a0f0a0d74657374...(size=33), reply=RaftClientReply:client-FBD57F74AF91->localhost_10001@group-FF371CEDE24F, cid=42, FAILED org.apache.ratis.protocol.LeaderNotReadyException: localhost_10001@group-FF371CEDE24F is in LEADER state but not ready yet., logIndex=0, commits[localhost_10001:c-1, localhost_10002:c-1, localhost_10000:c-1]
2019-09-26 14:07:00,148 INFO  client.GrpcClientProtocolService (GrpcClientProtocolService.java:lambda$processClientRequest$0(278)) - Failed RaftClientRequest:client-FBD57F74AF91->localhost_10001@group-FF371CEDE24F, cid=42, seq=0, RW, Message:321f0a0f0a0d74657374...(size=33), reply=RaftClientReply:client-FBD57F74AF91->localhost_10001@group-FF371CEDE24F, cid=42, FAILED org.apache.ratis.protocol.LeaderNotReadyException: localhost_10001@group-FF371CEDE24F is in LEADER state but not ready yet., logIndex=0, commits[localhost_10001:c-1, localhost_10002:c-1, localhost_10000:c-1]
2019-09-26 14:07:00,149 INFO  client.GrpcClientProtocolService (GrpcClientProtocolService.java:lambda$processClientRequest$0(278)) - Failed RaftClientRequest:client-FBD57F74AF91->localhost_10001@group-FF371CEDE24F, cid=42, seq=0, RW, Message:321f0a0f0a0d74657374...(size=33), reply=RaftClientReply:client-FBD57F74AF91->localhost_10001@group-FF371CEDE24F, cid=42, FAILED org.apache.ratis.protocol.LeaderNotReadyException: localhost_10001@group-FF371CEDE24F is in LEADER state but not ready yet., logIndex=0, commits[localhost_10001:c-1, localhost_10002:c-1, localhost_10000:c-1]
2019-09-26 14:07:00,150 INFO  client.GrpcClientProtocolService (GrpcClientProtocolService.java:lambda$processClientRequest$0(278)) - Failed RaftClientRequest:client-FBD57F74AF91->localhost_10001@group-FF371CEDE24F, cid=42, seq=0, RW, Message:321f0a0f0a0d74657374...(size=33), reply=RaftClientReply:client-FBD57F74AF91->localhost_10001@group-FF371CEDE24F, cid=42, FAILED org.apache.ratis.protocol.LeaderNotReadyException: localhost_10001@group-FF371CEDE24F is in LEADER state but not ready yet., logIndex=0, commits[localhost_10001:c-1, localhost_10002:c-1, localhost_10000:c-1]
2019-09-26 14:07:00,151 INFO  client.GrpcClientProtocolService (GrpcClientProtocolService.java:lambda$processClientRequest$0(278)) - Failed RaftClientRequest:client-FBD57F74AF91->localhost_10001@group-FF371CEDE24F, cid=42, seq=0, RW, Message:321f0a0f0a0d74657374...(size=33), reply=RaftClientReply:client-FBD57F74AF91->localhost_10001@group-FF371CEDE24F, cid=42, FAILED org.apache.ratis.protocol.LeaderNotReadyException: localhost_10001@group-FF371CEDE24F is in LEADER state but not ready yet., logIndex=0, commits[localhost_10001:c-1, localhost_10002:c-1, localhost_10000:c-1]
2019-09-26 14:07:00,151 INFO  client.GrpcClientProtocolService (GrpcClientProtocolService.java:lambda$processClientRequest$0(278)) - Failed RaftClientRequest:client-FBD57F74AF91->localhost_10001@group-FF371CEDE24F, cid=42, seq=0, RW, Message:321f0a0f0a0d74657374...(size=33), reply=RaftClientReply:client-FBD57F74AF91->localhost_10001@group-FF371CEDE24F, cid=42, FAILED org.apache.ratis.protocol.LeaderNotReadyException: localhost_10001@group-FF371CEDE24F is in LEADER state but not ready yet., logIndex=0, commits[localhost_10001:c-1, localhost_10002:c-1, localhost_10000:c-1]
2019-09-26 14:07:00,152 INFO  client.GrpcClientProtocolService (GrpcClientProtocolService.java:lambda$processClientRequest$0(278)) - Failed RaftClientRequest:client-FBD57F74AF91->localhost_10001@group-FF371CEDE24F, cid=42, seq=0, RW, Message:321f0a0f0a0d74657374...(size=33), reply=RaftClientReply:client-FBD57F74AF91->localhost_10001@group-FF371CEDE24F, cid=42, FAILED org.apache.ratis.protocol.LeaderNotReadyException: localhost_10001@group-FF371CEDE24F is in LEADER state but not ready yet., logIndex=0, commits[localhost_10001:c-1, localhost_10002:c-1, localhost_10000:c-1]
2019-09-26 14:07:00,153 INFO  client.GrpcClientProtocolService (GrpcClientProtocolService.java:lambda$processClientRequest$0(278)) - Failed RaftClientRequest:client-FBD57F74AF91->localhost_10001@group-FF371CEDE24F, cid=42, seq=0, RW, Message:321f0a0f0a0d74657374...(size=33), reply=RaftClientReply:client-FBD57F74AF91->localhost_10001@group-FF371CEDE24F, cid=42, FAILED org.apache.ratis.protocol.LeaderNotReadyException: localhost_10001@group-FF371CEDE24F is in LEADER state but not ready yet., logIndex=0, commits[localhost_10001:c-1, localhost_10002:c-1, localhost_10000:c-1]
2019-09-26 14:07:00,154 INFO  client.GrpcClientProtocolService (GrpcClientProtocolService.java:lambda$processClientRequest$0(278)) - Failed RaftClientRequest:client-FBD57F74AF91->localhost_10001@group-FF371CEDE24F, cid=42, seq=0, RW, Message:321f0a0f0a0d74657374...(size=33), reply=RaftClientReply:client-FBD57F74AF91->localhost_10001@group-FF371CEDE24F, cid=42, FAILED org.apache.ratis.protocol.LeaderNotReadyException: localhost_10001@group-FF371CEDE24F is in LEADER state but not ready yet., logIndex=0, commits[localhost_10001:c-1, localhost_10002:c-1, localhost_10000:c-1]
2019-09-26 14:07:00,155 INFO  client.GrpcClientProtocolService (GrpcClientProtocolService.java:lambda$processClientRequest$0(278)) - Failed RaftClientRequest:client-FBD57F74AF91->localhost_10001@group-FF371CEDE24F, cid=42, seq=0, RW, Message:321f0a0f0a0d74657374...(size=33), reply=RaftClientReply:client-FBD57F74AF91->localhost_10001@group-FF371CEDE24F, cid=42, FAILED org.apache.ratis.protocol.LeaderNotReadyException: localhost_10001@group-FF371CEDE24F is in LEADER state but not ready yet., logIndex=0, commits[localhost_10001:c-1, localhost_10002:c-1, localhost_10000:c-1]
2019-09-26 14:07:00,156 INFO  client.GrpcClientProtocolService (GrpcClientProtocolService.java:lambda$processClientRequest$0(278)) - Failed RaftClientRequest:client-FBD57F74AF91->localhost_10001@group-FF371CEDE24F, cid=42, seq=0, RW, Message:321f0a0f0a0d74657374...(size=33), reply=RaftClientReply:client-FBD57F74AF91->localhost_10001@group-FF371CEDE24F, cid=42, FAILED org.apache.ratis.protocol.LeaderNotReadyException: localhost_10001@group-FF371CEDE24F is in LEADER state but not ready yet., logIndex=0, commits[localhost_10001:c-1, localhost_10002:c-1, localhost_10000:c-1]
2019-09-26 14:07:00,157 INFO  client.GrpcClientProtocolService (GrpcClientProtocolService.java:lambda$processClientRequest$0(278)) - Failed RaftClientRequest:client-FBD57F74AF91->localhost_10001@group-FF371CEDE24F, cid=42, seq=0, RW, Message:321f0a0f0a0d74657374...(size=33), reply=RaftClientReply:client-FBD57F74AF91->localhost_10001@group-FF371CEDE24F, cid=42, FAILED org.apache.ratis.protocol.LeaderNotReadyException: localhost_10001@group-FF371CEDE24F is in LEADER state but not ready yet., logIndex=0, commits[localhost_10001:c-1, localhost_10002:c-1, localhost_10000:c-1]
2019-09-26 14:07:00,157 INFO  client.GrpcClientProtocolService (GrpcClientProtocolService.java:lambda$processClientRequest$0(278)) - Failed RaftClientRequest:client-FBD57F74AF91->localhost_10001@group-FF371CEDE24F, cid=42, seq=0, RW, Message:321f0a0f0a0d74657374...(size=33), reply=RaftClientReply:client-FBD57F74AF91->localhost_10001@group-FF371CEDE24F, cid=42, FAILED org.apache.ratis.protocol.LeaderNotReadyException: localhost_10001@group-FF371CEDE24F is in LEADER state but not ready yet., logIndex=0, commits[localhost_10001:c-1, localhost_10002:c-1, localhost_10000:c-1]
2019-09-26 14:07:00,158 INFO  client.GrpcClientProtocolService (GrpcClientProtocolService.java:lambda$processClientRequest$0(278)) - Failed RaftClientRequest:client-FBD57F74AF91->localhost_10001@group-FF371CEDE24F, cid=42, seq=0, RW, Message:321f0a0f0a0d74657374...(size=33), reply=RaftClientReply:client-FBD57F74AF91->localhost_10001@group-FF371CEDE24F, cid=42, FAILED org.apache.ratis.protocol.LeaderNotReadyException: localhost_10001@group-FF371CEDE24F is in LEADER state but not ready yet., logIndex=0, commits[localhost_10001:c-1, localhost_10002:c-1, localhost_10000:c-1]
2019-09-26 14:07:00,159 INFO  client.GrpcClientProtocolService (GrpcClientProtocolService.java:lambda$processClientRequest$0(278)) - Failed RaftClientRequest:client-FBD57F74AF91->localhost_10001@group-FF371CEDE24F, cid=42, seq=0, RW, Message:321f0a0f0a0d74657374...(size=33), reply=RaftClientReply:client-FBD57F74AF91->localhost_10001@group-FF371CEDE24F, cid=42, FAILED org.apache.ratis.protocol.LeaderNotReadyException: localhost_10001@group-FF371CEDE24F is in LEADER state but not ready yet., logIndex=0, commits[localhost_10001:c-1, localhost_10002:c-1, localhost_10000:c-1]
2019-09-26 14:07:00,160 INFO  client.GrpcClientProtocolService (GrpcClientProtocolService.java:lambda$processClientRequest$0(278)) - Failed RaftClientRequest:client-FBD57F74AF91->localhost_10001@group-FF371CEDE24F, cid=42, seq=0, RW, Message:321f0a0f0a0d74657374...(size=33), reply=RaftClientReply:client-FBD57F74AF91->localhost_10001@group-FF371CEDE24F, cid=42, FAILED org.apache.ratis.protocol.LeaderNotReadyException: localhost_10001@group-FF371CEDE24F is in LEADER state but not ready yet., logIndex=0, commits[localhost_10001:c-1, localhost_10002:c-1, localhost_10000:c-1]
2019-09-26 14:07:00,161 INFO  client.GrpcClientProtocolService (GrpcClientProtocolService.java:lambda$processClientRequest$0(278)) - Failed RaftClientRequest:client-FBD57F74AF91->localhost_10001@group-FF371CEDE24F, cid=42, seq=0, RW, Message:321f0a0f0a0d74657374...(size=33), reply=RaftClientReply:client-FBD57F74AF91->localhost_10001@group-FF371CEDE24F, cid=42, FAILED org.apache.ratis.protocol.LeaderNotReadyException: localhost_10001@group-FF371CEDE24F is in LEADER state but not ready yet., logIndex=0, commits[localhost_10001:c-1, localhost_10002:c-1, localhost_10000:c-1]
2019-09-26 14:07:00,162 INFO  client.GrpcClientProtocolService (GrpcClientProtocolService.java:lambda$processClientRequest$0(278)) - Failed RaftClientRequest:client-FBD57F74AF91->localhost_10001@group-FF371CEDE24F, cid=42, seq=0, RW, Message:321f0a0f0a0d74657374...(size=33), reply=RaftClientReply:client-FBD57F74AF91->localhost_10001@group-FF371CEDE24F, cid=42, FAILED org.apache.ratis.protocol.LeaderNotReadyException: localhost_10001@group-FF371CEDE24F is in LEADER state but not ready yet., logIndex=0, commits[localhost_10001:c-1, localhost_10002:c-1, localhost_10000:c-1]
2019-09-26 14:07:00,162 INFO  client.GrpcClientProtocolService (GrpcClientProtocolService.java:lambda$processClientRequest$0(278)) - Failed RaftClientRequest:client-FBD57F74AF91->localhost_10001@group-FF371CEDE24F, cid=42, seq=0, RW, Message:321f0a0f0a0d74657374...(size=33), reply=RaftClientReply:client-FBD57F74AF91->localhost_10001@group-FF371CEDE24F, cid=42, FAILED org.apache.ratis.protocol.LeaderNotReadyException: localhost_10001@group-FF371CEDE24F is in LEADER state but not ready yet., logIndex=0, commits[localhost_10001:c-1, localhost_10002:c-1, localhost_10000:c-1]
2019-09-26 14:07:00,163 INFO  client.GrpcClientProtocolService (GrpcClientProtocolService.java:lambda$processClientRequest$0(278)) - Failed RaftClientRequest:client-FBD57F74AF91->localhost_10001@group-FF371CEDE24F, cid=42, seq=0, RW, Message:321f0a0f0a0d74657374...(size=33), reply=RaftClientReply:client-FBD57F74AF91->localhost_10001@group-FF371CEDE24F, cid=42, FAILED org.apache.ratis.protocol.LeaderNotReadyException: localhost_10001@group-FF371CEDE24F is in LEADER state but not ready yet., logIndex=0, commits[localhost_10001:c-1, localhost_10002:c-1, localhost_10000:c-1]
2019-09-26 14:07:00,164 INFO  client.GrpcClientProtocolService (GrpcClientProtocolService.java:lambda$processClientRequest$0(278)) - Failed RaftClientRequest:client-FBD57F74AF91->localhost_10001@group-FF371CEDE24F, cid=42, seq=0, RW, Message:321f0a0f0a0d74657374...(size=33), reply=RaftClientReply:client-FBD57F74AF91->localhost_10001@group-FF371CEDE24F, cid=42, FAILED org.apache.ratis.protocol.LeaderNotReadyException: localhost_10001@group-FF371CEDE24F is in LEADER state but not ready yet., logIndex=0, commits[localhost_10001:c-1, localhost_10002:c-1, localhost_10000:c-1]
2019-09-26 14:07:00,165 INFO  client.GrpcClientProtocolService (GrpcClientProtocolService.java:lambda$processClientRequest$0(278)) - Failed RaftClientRequest:client-FBD57F74AF91->localhost_10001@group-FF371CEDE24F, cid=42, seq=0, RW, Message:321f0a0f0a0d74657374...(size=33), reply=RaftClientReply:client-FBD57F74AF91->localhost_10001@group-FF371CEDE24F, cid=42, FAILED org.apache.ratis.protocol.LeaderNotReadyException: localhost_10001@group-FF371CEDE24F is in LEADER state but not ready yet., logIndex=0, commits[localhost_10001:c-1, localhost_10002:c-1, localhost_10000:c-1]
2019-09-26 14:07:00,166 INFO  client.GrpcClientProtocolService (GrpcClientProtocolService.java:lambda$processClientRequest$0(278)) - Failed RaftClientRequest:client-FBD57F74AF91->localhost_10001@group-FF371CEDE24F, cid=42, seq=0, RW, Message:321f0a0f0a0d74657374...(size=33), reply=RaftClientReply:client-FBD57F74AF91->localhost_10001@group-FF371CEDE24F, cid=42, FAILED org.apache.ratis.protocol.LeaderNotReadyException: localhost_10001@group-FF371CEDE24F is in LEADER state but not ready yet., logIndex=0, commits[localhost_10001:c-1, localhost_10002:c-1, localhost_10000:c-1]
2019-09-26 14:07:00,166 INFO  client.GrpcClientProtocolService (GrpcClientProtocolService.java:lambda$processClientRequest$0(278)) - Failed RaftClientRequest:client-FBD57F74AF91->localhost_10001@group-FF371CEDE24F, cid=42, seq=0, RW, Message:321f0a0f0a0d74657374...(size=33), reply=RaftClientReply:client-FBD57F74AF91->localhost_10001@group-FF371CEDE24F, cid=42, FAILED org.apache.ratis.protocol.LeaderNotReadyException: localhost_10001@group-FF371CEDE24F is in LEADER state but not ready yet., logIndex=0, commits[localhost_10001:c-1, localhost_10002:c-1, localhost_10000:c-1]
2019-09-26 14:07:00,167 INFO  client.GrpcClientProtocolService (GrpcClientProtocolService.java:lambda$processClientRequest$0(278)) - Failed RaftClientRequest:client-FBD57F74AF91->localhost_10001@group-FF371CEDE24F, cid=42, seq=0, RW, Message:321f0a0f0a0d74657374...(size=33), reply=RaftClientReply:client-FBD57F74AF91->localhost_10001@group-FF371CEDE24F, cid=42, FAILED org.apache.ratis.protocol.LeaderNotReadyException: localhost_10001@group-FF371CEDE24F is in LEADER state but not ready yet., logIndex=0, commits[localhost_10001:c-1, localhost_10002:c-1, localhost_10000:c-1]
2019-09-26 14:07:00,168 INFO  client.GrpcClientProtocolService (GrpcClientProtocolService.java:lambda$processClientRequest$0(278)) - Failed RaftClientRequest:client-FBD57F74AF91->localhost_10001@group-FF371CEDE24F, cid=42, seq=0, RW, Message:321f0a0f0a0d74657374...(size=33), reply=RaftClientReply:client-FBD57F74AF91->localhost_10001@group-FF371CEDE24F, cid=42, FAILED org.apache.ratis.protocol.LeaderNotReadyException: localhost_10001@group-FF371CEDE24F is in LEADER state but not ready yet., logIndex=0, commits[localhost_10001:c-1, localhost_10002:c-1, localhost_10000:c-1]
2019-09-26 14:07:00,169 INFO  client.GrpcClientProtocolService (GrpcClientProtocolService.java:lambda$processClientRequest$0(278)) - Failed RaftClientRequest:client-FBD57F74AF91->localhost_10001@group-FF371CEDE24F, cid=42, seq=0, RW, Message:321f0a0f0a0d74657374...(size=33), reply=RaftClientReply:client-FBD57F74AF91->localhost_10001@group-FF371CEDE24F, cid=42, FAILED org.apache.ratis.protocol.LeaderNotReadyException: localhost_10001@group-FF371CEDE24F is in LEADER state but not ready yet., logIndex=0, commits[localhost_10001:c-1, localhost_10002:c-1, localhost_10000:c-1]
2019-09-26 14:07:00,170 INFO  client.GrpcClientProtocolService (GrpcClientProtocolService.java:lambda$processClientRequest$0(278)) - Failed RaftClientRequest:client-FBD57F74AF91->localhost_10001@group-FF371CEDE24F, cid=42, seq=0, RW, Message:321f0a0f0a0d74657374...(size=33), reply=RaftClientReply:client-FBD57F74AF91->localhost_10001@group-FF371CEDE24F, cid=42, FAILED org.apache.ratis.protocol.LeaderNotReadyException: localhost_10001@group-FF371CEDE24F is in LEADER state but not ready yet., logIndex=0, commits[localhost_10001:c-1, localhost_10002:c-1, localhost_10000:c-1]
2019-09-26 14:07:00,171 INFO  client.GrpcClientProtocolService (GrpcClientProtocolService.java:lambda$processClientRequest$0(278)) - Failed RaftClientRequest:client-FBD57F74AF91->localhost_10001@group-FF371CEDE24F, cid=42, seq=0, RW, Message:321f0a0f0a0d74657374...(size=33), reply=RaftClientReply:client-FBD57F74AF91->localhost_10001@group-FF371CEDE24F, cid=42, FAILED org.apache.ratis.protocol.LeaderNotReadyException: localhost_10001@group-FF371CEDE24F is in LEADER state but not ready yet., logIndex=0, commits[localhost_10001:c-1, localhost_10002:c-1, localhost_10000:c-1]
2019-09-26 14:07:00,172 INFO  client.GrpcClientProtocolService (GrpcClientProtocolService.java:lambda$processClientRequest$0(278)) - Failed RaftClientRequest:client-FBD57F74AF91->localhost_10001@group-FF371CEDE24F, cid=42, seq=0, RW, Message:321f0a0f0a0d74657374...(size=33), reply=RaftClientReply:client-FBD57F74AF91->localhost_10001@group-FF371CEDE24F, cid=42, FAILED org.apache.ratis.protocol.LeaderNotReadyException: localhost_10001@group-FF371CEDE24F is in LEADER state but not ready yet., logIndex=0, commits[localhost_10001:c-1, localhost_10002:c-1, localhost_10000:c-1]
2019-09-26 14:07:00,172 INFO  client.GrpcClientProtocolService (GrpcClientProtocolService.java:lambda$processClientRequest$0(278)) - Failed RaftClientRequest:client-FBD57F74AF91->localhost_10001@group-FF371CEDE24F, cid=42, seq=0, RW, Message:321f0a0f0a0d74657374...(size=33), reply=RaftClientReply:client-FBD57F74AF91->localhost_10001@group-FF371CEDE24F, cid=42, FAILED org.apache.ratis.protocol.LeaderNotReadyException: localhost_10001@group-FF371CEDE24F is in LEADER state but not ready yet., logIndex=0, commits[localhost_10001:c-1, localhost_10002:c-1, localhost_10000:c-1]
2019-09-26 14:07:00,173 INFO  client.GrpcClientProtocolService (GrpcClientProtocolService.java:lambda$processClientRequest$0(278)) - Failed RaftClientRequest:client-FBD57F74AF91->localhost_10001@group-FF371CEDE24F, cid=42, seq=0, RW, Message:321f0a0f0a0d74657374...(size=33), reply=RaftClientReply:client-FBD57F74AF91->localhost_10001@group-FF371CEDE24F, cid=42, FAILED org.apache.ratis.protocol.LeaderNotReadyException: localhost_10001@group-FF371CEDE24F is in LEADER state but not ready yet., logIndex=0, commits[localhost_10001:c-1, localhost_10002:c-1, localhost_10000:c-1]
2019-09-26 14:07:00,174 INFO  client.GrpcClientProtocolService (GrpcClientProtocolService.java:lambda$processClientRequest$0(278)) - Failed RaftClientRequest:client-FBD57F74AF91->localhost_10001@group-FF371CEDE24F, cid=42, seq=0, RW, Message:321f0a0f0a0d74657374...(size=33), reply=RaftClientReply:client-FBD57F74AF91->localhost_10001@group-FF371CEDE24F, cid=42, FAILED org.apache.ratis.protocol.LeaderNotReadyException: localhost_10001@group-FF371CEDE24F is in LEADER state but not ready yet., logIndex=0, commits[localhost_10001:c-1, localhost_10002:c-1, localhost_10000:c-1]
2019-09-26 14:07:00,175 INFO  client.GrpcClientProtocolService (GrpcClientProtocolService.java:lambda$processClientRequest$0(278)) - Failed RaftClientRequest:client-FBD57F74AF91->localhost_10001@group-FF371CEDE24F, cid=42, seq=0, RW, Message:321f0a0f0a0d74657374...(size=33), reply=RaftClientReply:client-FBD57F74AF91->localhost_10001@group-FF371CEDE24F, cid=42, FAILED org.apache.ratis.protocol.LeaderNotReadyException: localhost_10001@group-FF371CEDE24F is in LEADER state but not ready yet., logIndex=0, commits[localhost_10001:c-1, localhost_10002:c-1, localhost_10000:c-1]
2019-09-26 14:07:00,175 INFO  client.GrpcClientProtocolService (GrpcClientProtocolService.java:lambda$processClientRequest$0(278)) - Failed RaftClientRequest:client-FBD57F74AF91->localhost_10001@group-FF371CEDE24F, cid=42, seq=0, RW, Message:321f0a0f0a0d74657374...(size=33), reply=RaftClientReply:client-FBD57F74AF91->localhost_10001@group-FF371CEDE24F, cid=42, FAILED org.apache.ratis.protocol.LeaderNotReadyException: localhost_10001@group-FF371CEDE24F is in LEADER state but not ready yet., logIndex=0, commits[localhost_10001:c-1, localhost_10002:c-1, localhost_10000:c-1]
2019-09-26 14:07:00,176 INFO  client.GrpcClientProtocolService (GrpcClientProtocolService.java:lambda$processClientRequest$0(278)) - Failed RaftClientRequest:client-FBD57F74AF91->localhost_10001@group-FF371CEDE24F, cid=42, seq=0, RW, Message:321f0a0f0a0d74657374...(size=33), reply=RaftClientReply:client-FBD57F74AF91->localhost_10001@group-FF371CEDE24F, cid=42, FAILED org.apache.ratis.protocol.LeaderNotReadyException: localhost_10001@group-FF371CEDE24F is in LEADER state but not ready yet., logIndex=0, commits[localhost_10001:c-1, localhost_10002:c-1, localhost_10000:c-1]
2019-09-26 14:07:00,177 INFO  client.GrpcClientProtocolService (GrpcClientProtocolService.java:lambda$processClientRequest$0(278)) - Failed RaftClientRequest:client-FBD57F74AF91->localhost_10001@group-FF371CEDE24F, cid=42, seq=0, RW, Message:321f0a0f0a0d74657374...(size=33), reply=RaftClientReply:client-FBD57F74AF91->localhost_10001@group-FF371CEDE24F, cid=42, FAILED org.apache.ratis.protocol.LeaderNotReadyException: localhost_10001@group-FF371CEDE24F is in LEADER state but not ready yet., logIndex=0, commits[localhost_10001:c-1, localhost_10002:c-1, localhost_10000:c-1]
2019-09-26 14:07:00,177 INFO  client.GrpcClientProtocolService (GrpcClientProtocolService.java:lambda$processClientRequest$0(278)) - Failed RaftClientRequest:client-FBD57F74AF91->localhost_10001@group-FF371CEDE24F, cid=42, seq=0, RW, Message:321f0a0f0a0d74657374...(size=33), reply=RaftClientReply:client-FBD57F74AF91->localhost_10001@group-FF371CEDE24F, cid=42, FAILED org.apache.ratis.protocol.LeaderNotReadyException: localhost_10001@group-FF371CEDE24F is in LEADER state but not ready yet., logIndex=0, commits[localhost_10001:c-1, localhost_10002:c-1, localhost_10000:c-1]
2019-09-26 14:07:00,178 INFO  client.GrpcClientProtocolService (GrpcClientProtocolService.java:lambda$processClientRequest$0(278)) - Failed RaftClientRequest:client-FBD57F74AF91->localhost_10001@group-FF371CEDE24F, cid=42, seq=0, RW, Message:321f0a0f0a0d74657374...(size=33), reply=RaftClientReply:client-FBD57F74AF91->localhost_10001@group-FF371CEDE24F, cid=42, FAILED org.apache.ratis.protocol.LeaderNotReadyException: localhost_10001@group-FF371CEDE24F is in LEADER state but not ready yet., logIndex=0, commits[localhost_10001:c-1, localhost_10002:c-1, localhost_10000:c-1]
2019-09-26 14:07:00,179 INFO  client.GrpcClientProtocolService (GrpcClientProtocolService.java:lambda$processClientRequest$0(278)) - Failed RaftClientRequest:client-FBD57F74AF91->localhost_10001@group-FF371CEDE24F, cid=42, seq=0, RW, Message:321f0a0f0a0d74657374...(size=33), reply=RaftClientReply:client-FBD57F74AF91->localhost_10001@group-FF371CEDE24F, cid=42, FAILED org.apache.ratis.protocol.LeaderNotReadyException: localhost_10001@group-FF371CEDE24F is in LEADER state but not ready yet., logIndex=0, commits[localhost_10001:c-1, localhost_10002:c-1, localhost_10000:c-1]
2019-09-26 14:07:00,180 INFO  client.GrpcClientProtocolService (GrpcClientProtocolService.java:lambda$processClientRequest$0(278)) - Failed RaftClientRequest:client-FBD57F74AF91->localhost_10001@group-FF371CEDE24F, cid=42, seq=0, RW, Message:321f0a0f0a0d74657374...(size=33), reply=RaftClientReply:client-FBD57F74AF91->localhost_10001@group-FF371CEDE24F, cid=42, FAILED org.apache.ratis.protocol.LeaderNotReadyException: localhost_10001@group-FF371CEDE24F is in LEADER state but not ready yet., logIndex=0, commits[localhost_10001:c-1, localhost_10002:c-1, localhost_10000:c-1]
2019-09-26 14:07:00,180 INFO  client.GrpcClientProtocolService (GrpcClientProtocolService.java:lambda$processClientRequest$0(278)) - Failed RaftClientRequest:client-FBD57F74AF91->localhost_10001@group-FF371CEDE24F, cid=42, seq=0, RW, Message:321f0a0f0a0d74657374...(size=33), reply=RaftClientReply:client-FBD57F74AF91->localhost_10001@group-FF371CEDE24F, cid=42, FAILED org.apache.ratis.protocol.LeaderNotReadyException: localhost_10001@group-FF371CEDE24F is in LEADER state but not ready yet., logIndex=0, commits[localhost_10001:c-1, localhost_10002:c-1, localhost_10000:c-1]
2019-09-26 14:07:00,181 INFO  client.GrpcClientProtocolService (GrpcClientProtocolService.java:lambda$processClientRequest$0(278)) - Failed RaftClientRequest:client-FBD57F74AF91->localhost_10001@group-FF371CEDE24F, cid=42, seq=0, RW, Message:321f0a0f0a0d74657374...(size=33), reply=RaftClientReply:client-FBD57F74AF91->localhost_10001@group-FF371CEDE24F, cid=42, FAILED org.apache.ratis.protocol.LeaderNotReadyException: localhost_10001@group-FF371CEDE24F is in LEADER state but not ready yet., logIndex=0, commits[localhost_10001:c-1, localhost_10002:c-1, localhost_10000:c-1]
2019-09-26 14:07:00,182 INFO  client.GrpcClientProtocolService (GrpcClientProtocolService.java:lambda$processClientRequest$0(278)) - Failed RaftClientRequest:client-FBD57F74AF91->localhost_10001@group-FF371CEDE24F, cid=42, seq=0, RW, Message:321f0a0f0a0d74657374...(size=33), reply=RaftClientReply:client-FBD57F74AF91->localhost_10001@group-FF371CEDE24F, cid=42, FAILED org.apache.ratis.protocol.LeaderNotReadyException: localhost_10001@group-FF371CEDE24F is in LEADER state but not ready yet., logIndex=0, commits[localhost_10001:c-1, localhost_10002:c-1, localhost_10000:c-1]
2019-09-26 14:07:00,183 INFO  client.GrpcClientProtocolService (GrpcClientProtocolService.java:lambda$processClientRequest$0(278)) - Failed RaftClientRequest:client-FBD57F74AF91->localhost_10001@group-FF371CEDE24F, cid=42, seq=0, RW, Message:321f0a0f0a0d74657374...(size=33), reply=RaftClientReply:client-FBD57F74AF91->localhost_10001@group-FF371CEDE24F, cid=42, FAILED org.apache.ratis.protocol.LeaderNotReadyException: localhost_10001@group-FF371CEDE24F is in LEADER state but not ready yet., logIndex=0, commits[localhost_10001:c-1, localhost_10002:c-1, localhost_10000:c-1]
2019-09-26 14:07:00,183 INFO  client.GrpcClientProtocolService (GrpcClientProtocolService.java:lambda$processClientRequest$0(278)) - Failed RaftClientRequest:client-FBD57F74AF91->localhost_10001@group-FF371CEDE24F, cid=42, seq=0, RW, Message:321f0a0f0a0d74657374...(size=33), reply=RaftClientReply:client-FBD57F74AF91->localhost_10001@group-FF371CEDE24F, cid=42, FAILED org.apache.ratis.protocol.LeaderNotReadyException: localhost_10001@group-FF371CEDE24F is in LEADER state but not ready yet., logIndex=0, commits[localhost_10001:c-1, localhost_10002:c-1, localhost_10000:c-1]
2019-09-26 14:07:00,184 INFO  client.GrpcClientProtocolService (GrpcClientProtocolService.java:lambda$processClientRequest$0(278)) - Failed RaftClientRequest:client-FBD57F74AF91->localhost_10001@group-FF371CEDE24F, cid=42, seq=0, RW, Message:321f0a0f0a0d74657374...(size=33), reply=RaftClientReply:client-FBD57F74AF91->localhost_10001@group-FF371CEDE24F, cid=42, FAILED org.apache.ratis.protocol.LeaderNotReadyException: localhost_10001@group-FF371CEDE24F is in LEADER state but not ready yet., logIndex=0, commits[localhost_10001:c-1, localhost_10002:c-1, localhost_10000:c-1]
2019-09-26 14:07:00,185 INFO  client.GrpcClientProtocolService (GrpcClientProtocolService.java:lambda$processClientRequest$0(278)) - Failed RaftClientRequest:client-FBD57F74AF91->localhost_10001@group-FF371CEDE24F, cid=42, seq=0, RW, Message:321f0a0f0a0d74657374...(size=33), reply=RaftClientReply:client-FBD57F74AF91->localhost_10001@group-FF371CEDE24F, cid=42, FAILED org.apache.ratis.protocol.LeaderNotReadyException: localhost_10001@group-FF371CEDE24F is in LEADER state but not ready yet., logIndex=0, commits[localhost_10001:c-1, localhost_10002:c-1, localhost_10000:c-1]
2019-09-26 14:07:00,186 INFO  client.GrpcClientProtocolService (GrpcClientProtocolService.java:lambda$processClientRequest$0(278)) - Failed RaftClientRequest:client-FBD57F74AF91->localhost_10001@group-FF371CEDE24F, cid=42, seq=0, RW, Message:321f0a0f0a0d74657374...(size=33), reply=RaftClientReply:client-FBD57F74AF91->localhost_10001@group-FF371CEDE24F, cid=42, FAILED org.apache.ratis.protocol.LeaderNotReadyException: localhost_10001@group-FF371CEDE24F is in LEADER state but not ready yet., logIndex=0, commits[localhost_10001:c-1, localhost_10002:c-1, localhost_10000:c-1]
2019-09-26 14:07:00,186 INFO  client.GrpcClientProtocolService (GrpcClientProtocolService.java:lambda$processClientRequest$0(278)) - Failed RaftClientRequest:client-FBD57F74AF91->localhost_10001@group-FF371CEDE24F, cid=42, seq=0, RW, Message:321f0a0f0a0d74657374...(size=33), reply=RaftClientReply:client-FBD57F74AF91->localhost_10001@group-FF371CEDE24F, cid=42, FAILED org.apache.ratis.protocol.LeaderNotReadyException: localhost_10001@group-FF371CEDE24F is in LEADER state but not ready yet., logIndex=0, commits[localhost_10001:c-1, localhost_10002:c-1, localhost_10000:c-1]
2019-09-26 14:07:00,187 INFO  client.GrpcClientProtocolService (GrpcClientProtocolService.java:lambda$processClientRequest$0(278)) - Failed RaftClientRequest:client-FBD57F74AF91->localhost_10001@group-FF371CEDE24F, cid=42, seq=0, RW, Message:321f0a0f0a0d74657374...(size=33), reply=RaftClientReply:client-FBD57F74AF91->localhost_10001@group-FF371CEDE24F, cid=42, FAILED org.apache.ratis.protocol.LeaderNotReadyException: localhost_10001@group-FF371CEDE24F is in LEADER state but not ready yet., logIndex=0, commits[localhost_10001:c-1, localhost_10002:c-1, localhost_10000:c-1]
2019-09-26 14:07:00,188 INFO  client.GrpcClientProtocolService (GrpcClientProtocolService.java:lambda$processClientRequest$0(278)) - Failed RaftClientRequest:client-FBD57F74AF91->localhost_10001@group-FF371CEDE24F, cid=42, seq=0, RW, Message:321f0a0f0a0d74657374...(size=33), reply=RaftClientReply:client-FBD57F74AF91->localhost_10001@group-FF371CEDE24F, cid=42, FAILED org.apache.ratis.protocol.LeaderNotReadyException: localhost_10001@group-FF371CEDE24F is in LEADER state but not ready yet., logIndex=0, commits[localhost_10001:c-1, localhost_10002:c-1, localhost_10000:c-1]
2019-09-26 14:07:00,189 INFO  client.GrpcClientProtocolService (GrpcClientProtocolService.java:lambda$processClientRequest$0(278)) - Failed RaftClientRequest:client-FBD57F74AF91->localhost_10001@group-FF371CEDE24F, cid=42, seq=0, RW, Message:321f0a0f0a0d74657374...(size=33), reply=RaftClientReply:client-FBD57F74AF91->localhost_10001@group-FF371CEDE24F, cid=42, FAILED org.apache.ratis.protocol.LeaderNotReadyException: localhost_10001@group-FF371CEDE24F is in LEADER state but not ready yet., logIndex=0, commits[localhost_10001:c-1, localhost_10002:c-1, localhost_10000:c-1]
2019-09-26 14:07:00,190 INFO  client.GrpcClientProtocolService (GrpcClientProtocolService.java:lambda$processClientRequest$0(278)) - Failed RaftClientRequest:client-FBD57F74AF91->localhost_10001@group-FF371CEDE24F, cid=42, seq=0, RW, Message:321f0a0f0a0d74657374...(size=33), reply=RaftClientReply:client-FBD57F74AF91->localhost_10001@group-FF371CEDE24F, cid=42, FAILED org.apache.ratis.protocol.LeaderNotReadyException: localhost_10001@group-FF371CEDE24F is in LEADER state but not ready yet., logIndex=0, commits[localhost_10001:c-1, localhost_10002:c-1, localhost_10000:c-1]
2019-09-26 14:07:00,191 INFO  client.GrpcClientProtocolService (GrpcClientProtocolService.java:lambda$processClientRequest$0(278)) - Failed RaftClientRequest:client-FBD57F74AF91->localhost_10001@group-FF371CEDE24F, cid=42, seq=0, RW, Message:321f0a0f0a0d74657374...(size=33), reply=RaftClientReply:client-FBD57F74AF91->localhost_10001@group-FF371CEDE24F, cid=42, FAILED org.apache.ratis.protocol.LeaderNotReadyException: localhost_10001@group-FF371CEDE24F is in LEADER state but not ready yet., logIndex=0, commits[localhost_10001:c-1, localhost_10002:c-1, localhost_10000:c-1]
2019-09-26 14:07:00,192 INFO  client.GrpcClientProtocolService (GrpcClientProtocolService.java:lambda$processClientRequest$0(278)) - Failed RaftClientRequest:client-FBD57F74AF91->localhost_10001@group-FF371CEDE24F, cid=42, seq=0, RW, Message:321f0a0f0a0d74657374...(size=33), reply=RaftClientReply:client-FBD57F74AF91->localhost_10001@group-FF371CEDE24F, cid=42, FAILED org.apache.ratis.protocol.LeaderNotReadyException: localhost_10001@group-FF371CEDE24F is in LEADER state but not ready yet., logIndex=0, commits[localhost_10001:c-1, localhost_10002:c-1, localhost_10000:c-1]
2019-09-26 14:07:00,193 INFO  client.GrpcClientProtocolService (GrpcClientProtocolService.java:lambda$processClientRequest$0(278)) - Failed RaftClientRequest:client-FBD57F74AF91->localhost_10001@group-FF371CEDE24F, cid=42, seq=0, RW, Message:321f0a0f0a0d74657374...(size=33), reply=RaftClientReply:client-FBD57F74AF91->localhost_10001@group-FF371CEDE24F, cid=42, FAILED org.apache.ratis.protocol.LeaderNotReadyException: localhost_10001@group-FF371CEDE24F is in LEADER state but not ready yet., logIndex=0, commits[localhost_10001:c-1, localhost_10002:c-1, localhost_10000:c-1]
2019-09-26 14:07:00,195 INFO  client.GrpcClientProtocolService (GrpcClientProtocolService.java:lambda$processClientRequest$0(278)) - Failed RaftClientRequest:client-FBD57F74AF91->localhost_10001@group-FF371CEDE24F, cid=42, seq=0, RW, Message:321f0a0f0a0d74657374...(size=33), reply=RaftClientReply:client-FBD57F74AF91->localhost_10001@group-FF371CEDE24F, cid=42, FAILED org.apache.ratis.protocol.LeaderNotReadyException: localhost_10001@group-FF371CEDE24F is in LEADER state but not ready yet., logIndex=0, commits[localhost_10001:c-1, localhost_10002:c-1, localhost_10000:c-1]
2019-09-26 14:07:00,195 INFO  client.GrpcClientProtocolService (GrpcClientProtocolService.java:lambda$processClientRequest$0(278)) - Failed RaftClientRequest:client-FBD57F74AF91->localhost_10001@group-FF371CEDE24F, cid=42, seq=0, RW, Message:321f0a0f0a0d74657374...(size=33), reply=RaftClientReply:client-FBD57F74AF91->localhost_10001@group-FF371CEDE24F, cid=42, FAILED org.apache.ratis.protocol.LeaderNotReadyException: localhost_10001@group-FF371CEDE24F is in LEADER state but not ready yet., logIndex=0, commits[localhost_10001:c-1, localhost_10002:c-1, localhost_10000:c-1]
2019-09-26 14:07:00,196 INFO  client.GrpcClientProtocolService (GrpcClientProtocolService.java:lambda$processClientRequest$0(278)) - Failed RaftClientRequest:client-FBD57F74AF91->localhost_10001@group-FF371CEDE24F, cid=42, seq=0, RW, Message:321f0a0f0a0d74657374...(size=33), reply=RaftClientReply:client-FBD57F74AF91->localhost_10001@group-FF371CEDE24F, cid=42, FAILED org.apache.ratis.protocol.LeaderNotReadyException: localhost_10001@group-FF371CEDE24F is in LEADER state but not ready yet., logIndex=0, commits[localhost_10001:c-1, localhost_10002:c-1, localhost_10000:c-1]
2019-09-26 14:07:00,197 INFO  client.GrpcClientProtocolService (GrpcClientProtocolService.java:lambda$processClientRequest$0(278)) - Failed RaftClientRequest:client-FBD57F74AF91->localhost_10001@group-FF371CEDE24F, cid=42, seq=0, RW, Message:321f0a0f0a0d74657374...(size=33), reply=RaftClientReply:client-FBD57F74AF91->localhost_10001@group-FF371CEDE24F, cid=42, FAILED org.apache.ratis.protocol.LeaderNotReadyException: localhost_10001@group-FF371CEDE24F is in LEADER state but not ready yet., logIndex=0, commits[localhost_10001:c-1, localhost_10002:c-1, localhost_10000:c-1]
2019-09-26 14:07:00,198 INFO  client.GrpcClientProtocolService (GrpcClientProtocolService.java:lambda$processClientRequest$0(278)) - Failed RaftClientRequest:client-FBD57F74AF91->localhost_10001@group-FF371CEDE24F, cid=42, seq=0, RW, Message:321f0a0f0a0d74657374...(size=33), reply=RaftClientReply:client-FBD57F74AF91->localhost_10001@group-FF371CEDE24F, cid=42, FAILED org.apache.ratis.protocol.LeaderNotReadyException: localhost_10001@group-FF371CEDE24F is in LEADER state but not ready yet., logIndex=0, commits[localhost_10001:c-1, localhost_10002:c-1, localhost_10000:c-1]
2019-09-26 14:07:00,199 INFO  client.GrpcClientProtocolService (GrpcClientProtocolService.java:lambda$processClientRequest$0(278)) - Failed RaftClientRequest:client-FBD57F74AF91->localhost_10001@group-FF371CEDE24F, cid=42, seq=0, RW, Message:321f0a0f0a0d74657374...(size=33), reply=RaftClientReply:client-FBD57F74AF91->localhost_10001@group-FF371CEDE24F, cid=42, FAILED org.apache.ratis.protocol.LeaderNotReadyException: localhost_10001@group-FF371CEDE24F is in LEADER state but not ready yet., logIndex=0, commits[localhost_10001:c-1, localhost_10002:c-1, localhost_10000:c-1]
2019-09-26 14:07:00,200 INFO  client.GrpcClientProtocolService (GrpcClientProtocolService.java:lambda$processClientRequest$0(278)) - Failed RaftClientRequest:client-FBD57F74AF91->localhost_10001@group-FF371CEDE24F, cid=42, seq=0, RW, Message:321f0a0f0a0d74657374...(size=33), reply=RaftClientReply:client-FBD57F74AF91->localhost_10001@group-FF371CEDE24F, cid=42, FAILED org.apache.ratis.protocol.LeaderNotReadyException: localhost_10001@group-FF371CEDE24F is in LEADER state but not ready yet., logIndex=0, commits[localhost_10001:c-1, localhost_10002:c-1, localhost_10000:c-1]
2019-09-26 14:07:00,201 INFO  client.GrpcClientProtocolService (GrpcClientProtocolService.java:lambda$processClientRequest$0(278)) - Failed RaftClientRequest:client-FBD57F74AF91->localhost_10001@group-FF371CEDE24F, cid=42, seq=0, RW, Message:321f0a0f0a0d74657374...(size=33), reply=RaftClientReply:client-FBD57F74AF91->localhost_10001@group-FF371CEDE24F, cid=42, FAILED org.apache.ratis.protocol.LeaderNotReadyException: localhost_10001@group-FF371CEDE24F is in LEADER state but not ready yet., logIndex=0, commits[localhost_10001:c-1, localhost_10002:c-1, localhost_10000:c-1]
2019-09-26 14:07:00,202 INFO  client.GrpcClientProtocolService (GrpcClientProtocolService.java:lambda$processClientRequest$0(278)) - Failed RaftClientRequest:client-FBD57F74AF91->localhost_10001@group-FF371CEDE24F, cid=42, seq=0, RW, Message:321f0a0f0a0d74657374...(size=33), reply=RaftClientReply:client-FBD57F74AF91->localhost_10001@group-FF371CEDE24F, cid=42, FAILED org.apache.ratis.protocol.LeaderNotReadyException: localhost_10001@group-FF371CEDE24F is in LEADER state but not ready yet., logIndex=0, commits[localhost_10001:c-1, localhost_10002:c-1, localhost_10000:c-1]
2019-09-26 14:07:00,203 INFO  client.GrpcClientProtocolService (GrpcClientProtocolService.java:lambda$processClientRequest$0(278)) - Failed RaftClientRequest:client-FBD57F74AF91->localhost_10001@group-FF371CEDE24F, cid=42, seq=0, RW, Message:321f0a0f0a0d74657374...(size=33), reply=RaftClientReply:client-FBD57F74AF91->localhost_10001@group-FF371CEDE24F, cid=42, FAILED org.apache.ratis.protocol.LeaderNotReadyException: localhost_10001@group-FF371CEDE24F is in LEADER state but not ready yet., logIndex=0, commits[localhost_10001:c-1, localhost_10002:c-1, localhost_10000:c-1]
2019-09-26 14:07:00,204 INFO  client.GrpcClientProtocolService (GrpcClientProtocolService.java:lambda$processClientRequest$0(278)) - Failed RaftClientRequest:client-FBD57F74AF91->localhost_10001@group-FF371CEDE24F, cid=42, seq=0, RW, Message:321f0a0f0a0d74657374...(size=33), reply=RaftClientReply:client-FBD57F74AF91->localhost_10001@group-FF371CEDE24F, cid=42, FAILED org.apache.ratis.protocol.LeaderNotReadyException: localhost_10001@group-FF371CEDE24F is in LEADER state but not ready yet., logIndex=0, commits[localhost_10001:c-1, localhost_10002:c-1, localhost_10000:c-1]
2019-09-26 14:07:00,205 INFO  client.GrpcClientProtocolService (GrpcClientProtocolService.java:lambda$processClientRequest$0(278)) - Failed RaftClientRequest:client-FBD57F74AF91->localhost_10001@group-FF371CEDE24F, cid=42, seq=0, RW, Message:321f0a0f0a0d74657374...(size=33), reply=RaftClientReply:client-FBD57F74AF91->localhost_10001@group-FF371CEDE24F, cid=42, FAILED org.apache.ratis.protocol.LeaderNotReadyException: localhost_10001@group-FF371CEDE24F is in LEADER state but not ready yet., logIndex=0, commits[localhost_10001:c-1, localhost_10002:c-1, localhost_10000:c-1]
2019-09-26 14:07:00,206 INFO  client.GrpcClientProtocolService (GrpcClientProtocolService.java:lambda$processClientRequest$0(278)) - Failed RaftClientRequest:client-FBD57F74AF91->localhost_10001@group-FF371CEDE24F, cid=42, seq=0, RW, Message:321f0a0f0a0d74657374...(size=33), reply=RaftClientReply:client-FBD57F74AF91->localhost_10001@group-FF371CEDE24F, cid=42, FAILED org.apache.ratis.protocol.LeaderNotReadyException: localhost_10001@group-FF371CEDE24F is in LEADER state but not ready yet., logIndex=0, commits[localhost_10001:c-1, localhost_10002:c-1, localhost_10000:c-1]
2019-09-26 14:07:00,207 INFO  client.GrpcClientProtocolService (GrpcClientProtocolService.java:lambda$processClientRequest$0(278)) - Failed RaftClientRequest:client-FBD57F74AF91->localhost_10001@group-FF371CEDE24F, cid=42, seq=0, RW, Message:321f0a0f0a0d74657374...(size=33), reply=RaftClientReply:client-FBD57F74AF91->localhost_10001@group-FF371CEDE24F, cid=42, FAILED org.apache.ratis.protocol.LeaderNotReadyException: localhost_10001@group-FF371CEDE24F is in LEADER state but not ready yet., logIndex=0, commits[localhost_10001:c-1, localhost_10002:c-1, localhost_10000:c-1]
2019-09-26 14:07:00,209 INFO  client.GrpcClientProtocolService (GrpcClientProtocolService.java:lambda$processClientRequest$0(278)) - Failed RaftClientRequest:client-FBD57F74AF91->localhost_10001@group-FF371CEDE24F, cid=42, seq=0, RW, Message:321f0a0f0a0d74657374...(size=33), reply=RaftClientReply:client-FBD57F74AF91->localhost_10001@group-FF371CEDE24F, cid=42, FAILED org.apache.ratis.protocol.LeaderNotReadyException: localhost_10001@group-FF371CEDE24F is in LEADER state but not ready yet., logIndex=0, commits[localhost_10001:c-1, localhost_10002:c-1, localhost_10000:c-1]
2019-09-26 14:07:00,210 INFO  client.GrpcClientProtocolService (GrpcClientProtocolService.java:lambda$processClientRequest$0(278)) - Failed RaftClientRequest:client-FBD57F74AF91->localhost_10001@group-FF371CEDE24F, cid=42, seq=0, RW, Message:321f0a0f0a0d74657374...(size=33), reply=RaftClientReply:client-FBD57F74AF91->localhost_10001@group-FF371CEDE24F, cid=42, FAILED org.apache.ratis.protocol.LeaderNotReadyException: localhost_10001@group-FF371CEDE24F is in LEADER state but not ready yet., logIndex=0, commits[localhost_10001:c-1, localhost_10002:c-1, localhost_10000:c-1]
2019-09-26 14:07:00,211 INFO  client.GrpcClientProtocolService (GrpcClientProtocolService.java:lambda$processClientRequest$0(278)) - Failed RaftClientRequest:client-FBD57F74AF91->localhost_10001@group-FF371CEDE24F, cid=42, seq=0, RW, Message:321f0a0f0a0d74657374...(size=33), reply=RaftClientReply:client-FBD57F74AF91->localhost_10001@group-FF371CEDE24F, cid=42, FAILED org.apache.ratis.protocol.LeaderNotReadyException: localhost_10001@group-FF371CEDE24F is in LEADER state but not ready yet., logIndex=0, commits[localhost_10001:c-1, localhost_10002:c-1, localhost_10000:c-1]
2019-09-26 14:07:00,212 INFO  client.GrpcClientProtocolService (GrpcClientProtocolService.java:lambda$processClientRequest$0(278)) - Failed RaftClientRequest:client-FBD57F74AF91->localhost_10001@group-FF371CEDE24F, cid=42, seq=0, RW, Message:321f0a0f0a0d74657374...(size=33), reply=RaftClientReply:client-FBD57F74AF91->localhost_10001@group-FF371CEDE24F, cid=42, FAILED org.apache.ratis.protocol.LeaderNotReadyException: localhost_10001@group-FF371CEDE24F is in LEADER state but not ready yet., logIndex=0, commits[localhost_10001:c-1, localhost_10002:c-1, localhost_10000:c-1]
2019-09-26 14:07:00,213 INFO  client.GrpcClientProtocolService (GrpcClientProtocolService.java:lambda$processClientRequest$0(278)) - Failed RaftClientRequest:client-FBD57F74AF91->localhost_10001@group-FF371CEDE24F, cid=42, seq=0, RW, Message:321f0a0f0a0d74657374...(size=33), reply=RaftClientReply:client-FBD57F74AF91->localhost_10001@group-FF371CEDE24F, cid=42, FAILED org.apache.ratis.protocol.LeaderNotReadyException: localhost_10001@group-FF371CEDE24F is in LEADER state but not ready yet., logIndex=0, commits[localhost_10001:c-1, localhost_10002:c-1, localhost_10000:c-1]
2019-09-26 14:07:00,214 INFO  client.GrpcClientProtocolService (GrpcClientProtocolService.java:lambda$processClientRequest$0(278)) - Failed RaftClientRequest:client-FBD57F74AF91->localhost_10001@group-FF371CEDE24F, cid=42, seq=0, RW, Message:321f0a0f0a0d74657374...(size=33), reply=RaftClientReply:client-FBD57F74AF91->localhost_10001@group-FF371CEDE24F, cid=42, FAILED org.apache.ratis.protocol.LeaderNotReadyException: localhost_10001@group-FF371CEDE24F is in LEADER state but not ready yet., logIndex=0, commits[localhost_10001:c-1, localhost_10002:c-1, localhost_10000:c-1]
2019-09-26 14:07:00,215 INFO  client.GrpcClientProtocolService (GrpcClientProtocolService.java:lambda$processClientRequest$0(278)) - Failed RaftClientRequest:client-FBD57F74AF91->localhost_10001@group-FF371CEDE24F, cid=42, seq=0, RW, Message:321f0a0f0a0d74657374...(size=33), reply=RaftClientReply:client-FBD57F74AF91->localhost_10001@group-FF371CEDE24F, cid=42, FAILED org.apache.ratis.protocol.LeaderNotReadyException: localhost_10001@group-FF371CEDE24F is in LEADER state but not ready yet., logIndex=0, commits[localhost_10001:c-1, localhost_10002:c-1, localhost_10000:c-1]
2019-09-26 14:07:00,216 INFO  client.GrpcClientProtocolService (GrpcClientProtocolService.java:lambda$processClientRequest$0(278)) - Failed RaftClientRequest:client-FBD57F74AF91->localhost_10001@group-FF371CEDE24F, cid=42, seq=0, RW, Message:321f0a0f0a0d74657374...(size=33), reply=RaftClientReply:client-FBD57F74AF91->localhost_10001@group-FF371CEDE24F, cid=42, FAILED org.apache.ratis.protocol.LeaderNotReadyException: localhost_10001@group-FF371CEDE24F is in LEADER state but not ready yet., logIndex=0, commits[localhost_10001:c-1, localhost_10002:c-1, localhost_10000:c-1]
2019-09-26 14:07:00,216 INFO  client.GrpcClientProtocolService (GrpcClientProtocolService.java:lambda$processClientRequest$0(278)) - Failed RaftClientRequest:client-FBD57F74AF91->localhost_10001@group-FF371CEDE24F, cid=42, seq=0, RW, Message:321f0a0f0a0d74657374...(size=33), reply=RaftClientReply:client-FBD57F74AF91->localhost_10001@group-FF371CEDE24F, cid=42, FAILED org.apache.ratis.protocol.LeaderNotReadyException: localhost_10001@group-FF371CEDE24F is in LEADER state but not ready yet., logIndex=0, commits[localhost_10001:c-1, localhost_10002:c-1, localhost_10000:c-1]
2019-09-26 14:07:00,217 INFO  client.GrpcClientProtocolService (GrpcClientProtocolService.java:lambda$processClientRequest$0(278)) - Failed RaftClientRequest:client-FBD57F74AF91->localhost_10001@group-FF371CEDE24F, cid=42, seq=0, RW, Message:321f0a0f0a0d74657374...(size=33), reply=RaftClientReply:client-FBD57F74AF91->localhost_10001@group-FF371CEDE24F, cid=42, FAILED org.apache.ratis.protocol.LeaderNotReadyException: localhost_10001@group-FF371CEDE24F is in LEADER state but not ready yet., logIndex=0, commits[localhost_10001:c-1, localhost_10002:c-1, localhost_10000:c-1]
2019-09-26 14:07:00,218 INFO  client.GrpcClientProtocolService (GrpcClientProtocolService.java:lambda$processClientRequest$0(278)) - Failed RaftClientRequest:client-FBD57F74AF91->localhost_10001@group-FF371CEDE24F, cid=42, seq=0, RW, Message:321f0a0f0a0d74657374...(size=33), reply=RaftClientReply:client-FBD57F74AF91->localhost_10001@group-FF371CEDE24F, cid=42, FAILED org.apache.ratis.protocol.LeaderNotReadyException: localhost_10001@group-FF371CEDE24F is in LEADER state but not ready yet., logIndex=0, commits[localhost_10001:c-1, localhost_10002:c-1, localhost_10000:c-1]
2019-09-26 14:07:00,219 INFO  client.GrpcClientProtocolService (GrpcClientProtocolService.java:lambda$processClientRequest$0(278)) - Failed RaftClientRequest:client-FBD57F74AF91->localhost_10001@group-FF371CEDE24F, cid=42, seq=0, RW, Message:321f0a0f0a0d74657374...(size=33), reply=RaftClientReply:client-FBD57F74AF91->localhost_10001@group-FF371CEDE24F, cid=42, FAILED org.apache.ratis.protocol.LeaderNotReadyException: localhost_10001@group-FF371CEDE24F is in LEADER state but not ready yet., logIndex=0, commits[localhost_10001:c-1, localhost_10002:c-1, localhost_10000:c-1]
2019-09-26 14:07:00,220 INFO  client.GrpcClientProtocolService (GrpcClientProtocolService.java:lambda$processClientRequest$0(278)) - Failed RaftClientRequest:client-FBD57F74AF91->localhost_10001@group-FF371CEDE24F, cid=42, seq=0, RW, Message:321f0a0f0a0d74657374...(size=33), reply=RaftClientReply:client-FBD57F74AF91->localhost_10001@group-FF371CEDE24F, cid=42, FAILED org.apache.ratis.protocol.LeaderNotReadyException: localhost_10001@group-FF371CEDE24F is in LEADER state but not ready yet., logIndex=0, commits[localhost_10001:c-1, localhost_10002:c-1, localhost_10000:c-1]
2019-09-26 14:07:00,221 INFO  client.GrpcClientProtocolService (GrpcClientProtocolService.java:lambda$processClientRequest$0(278)) - Failed RaftClientRequest:client-FBD57F74AF91->localhost_10001@group-FF371CEDE24F, cid=42, seq=0, RW, Message:321f0a0f0a0d74657374...(size=33), reply=RaftClientReply:client-FBD57F74AF91->localhost_10001@group-FF371CEDE24F, cid=42, FAILED org.apache.ratis.protocol.LeaderNotReadyException: localhost_10001@group-FF371CEDE24F is in LEADER state but not ready yet., logIndex=0, commits[localhost_10001:c-1, localhost_10002:c-1, localhost_10000:c-1]
2019-09-26 14:07:00,222 INFO  client.GrpcClientProtocolService (GrpcClientProtocolService.java:lambda$processClientRequest$0(278)) - Failed RaftClientRequest:client-FBD57F74AF91->localhost_10001@group-FF371CEDE24F, cid=42, seq=0, RW, Message:321f0a0f0a0d74657374...(size=33), reply=RaftClientReply:client-FBD57F74AF91->localhost_10001@group-FF371CEDE24F, cid=42, FAILED org.apache.ratis.protocol.LeaderNotReadyException: localhost_10001@group-FF371CEDE24F is in LEADER state but not ready yet., logIndex=0, commits[localhost_10001:c-1, localhost_10002:c-1, localhost_10000:c-1]
2019-09-26 14:07:00,223 INFO  client.GrpcClientProtocolService (GrpcClientProtocolService.java:lambda$processClientRequest$0(278)) - Failed RaftClientRequest:client-FBD57F74AF91->localhost_10001@group-FF371CEDE24F, cid=42, seq=0, RW, Message:321f0a0f0a0d74657374...(size=33), reply=RaftClientReply:client-FBD57F74AF91->localhost_10001@group-FF371CEDE24F, cid=42, FAILED org.apache.ratis.protocol.LeaderNotReadyException: localhost_10001@group-FF371CEDE24F is in LEADER state but not ready yet., logIndex=0, commits[localhost_10001:c-1, localhost_10002:c-1, localhost_10000:c-1]
2019-09-26 14:07:00,223 INFO  client.GrpcClientProtocolService (GrpcClientProtocolService.java:lambda$processClientRequest$0(278)) - Failed RaftClientRequest:client-FBD57F74AF91->localhost_10001@group-FF371CEDE24F, cid=42, seq=0, RW, Message:321f0a0f0a0d74657374...(size=33), reply=RaftClientReply:client-FBD57F74AF91->localhost_10001@group-FF371CEDE24F, cid=42, FAILED org.apache.ratis.protocol.LeaderNotReadyException: localhost_10001@group-FF371CEDE24F is in LEADER state but not ready yet., logIndex=0, commits[localhost_10001:c-1, localhost_10002:c-1, localhost_10000:c-1]
2019-09-26 14:07:00,224 INFO  client.GrpcClientProtocolService (GrpcClientProtocolService.java:lambda$processClientRequest$0(278)) - Failed RaftClientRequest:client-FBD57F74AF91->localhost_10001@group-FF371CEDE24F, cid=42, seq=0, RW, Message:321f0a0f0a0d74657374...(size=33), reply=RaftClientReply:client-FBD57F74AF91->localhost_10001@group-FF371CEDE24F, cid=42, FAILED org.apache.ratis.protocol.LeaderNotReadyException: localhost_10001@group-FF371CEDE24F is in LEADER state but not ready yet., logIndex=0, commits[localhost_10001:c-1, localhost_10002:c-1, localhost_10000:c-1]
2019-09-26 14:07:00,225 INFO  client.GrpcClientProtocolService (GrpcClientProtocolService.java:lambda$processClientRequest$0(278)) - Failed RaftClientRequest:client-FBD57F74AF91->localhost_10001@group-FF371CEDE24F, cid=42, seq=0, RW, Message:321f0a0f0a0d74657374...(size=33), reply=RaftClientReply:client-FBD57F74AF91->localhost_10001@group-FF371CEDE24F, cid=42, FAILED org.apache.ratis.protocol.LeaderNotReadyException: localhost_10001@group-FF371CEDE24F is in LEADER state but not ready yet., logIndex=0, commits[localhost_10001:c-1, localhost_10002:c-1, localhost_10000:c-1]
2019-09-26 14:07:00,226 INFO  client.GrpcClientProtocolService (GrpcClientProtocolService.java:lambda$processClientRequest$0(278)) - Failed RaftClientRequest:client-FBD57F74AF91->localhost_10001@group-FF371CEDE24F, cid=42, seq=0, RW, Message:321f0a0f0a0d74657374...(size=33), reply=RaftClientReply:client-FBD57F74AF91->localhost_10001@group-FF371CEDE24F, cid=42, FAILED org.apache.ratis.protocol.LeaderNotReadyException: localhost_10001@group-FF371CEDE24F is in LEADER state but not ready yet., logIndex=0, commits[localhost_10001:c-1, localhost_10002:c-1, localhost_10000:c-1]
2019-09-26 14:07:00,227 INFO  client.GrpcClientProtocolService (GrpcClientProtocolService.java:lambda$processClientRequest$0(278)) - Failed RaftClientRequest:client-FBD57F74AF91->localhost_10001@group-FF371CEDE24F, cid=42, seq=0, RW, Message:321f0a0f0a0d74657374...(size=33), reply=RaftClientReply:client-FBD57F74AF91->localhost_10001@group-FF371CEDE24F, cid=42, FAILED org.apache.ratis.protocol.LeaderNotReadyException: localhost_10001@group-FF371CEDE24F is in LEADER state but not ready yet., logIndex=0, commits[localhost_10001:c-1, localhost_10002:c-1, localhost_10000:c-1]
2019-09-26 14:07:00,228 INFO  client.GrpcClientProtocolService (GrpcClientProtocolService.java:lambda$processClientRequest$0(278)) - Failed RaftClientRequest:client-FBD57F74AF91->localhost_10001@group-FF371CEDE24F, cid=42, seq=0, RW, Message:321f0a0f0a0d74657374...(size=33), reply=RaftClientReply:client-FBD57F74AF91->localhost_10001@group-FF371CEDE24F, cid=42, FAILED org.apache.ratis.protocol.LeaderNotReadyException: localhost_10001@group-FF371CEDE24F is in LEADER state but not ready yet., logIndex=0, commits[localhost_10001:c-1, localhost_10002:c-1, localhost_10000:c-1]
2019-09-26 14:07:00,229 INFO  client.GrpcClientProtocolService (GrpcClientProtocolService.java:lambda$processClientRequest$0(278)) - Failed RaftClientRequest:client-FBD57F74AF91->localhost_10001@group-FF371CEDE24F, cid=42, seq=0, RW, Message:321f0a0f0a0d74657374...(size=33), reply=RaftClientReply:client-FBD57F74AF91->localhost_10001@group-FF371CEDE24F, cid=42, FAILED org.apache.ratis.protocol.LeaderNotReadyException: localhost_10001@group-FF371CEDE24F is in LEADER state but not ready yet., logIndex=0, commits[localhost_10001:c-1, localhost_10002:c-1, localhost_10000:c-1]
2019-09-26 14:07:00,230 INFO  client.GrpcClientProtocolService (GrpcClientProtocolService.java:lambda$processClientRequest$0(278)) - Failed RaftClientRequest:client-FBD57F74AF91->localhost_10001@group-FF371CEDE24F, cid=42, seq=0, RW, Message:321f0a0f0a0d74657374...(size=33), reply=RaftClientReply:client-FBD57F74AF91->localhost_10001@group-FF371CEDE24F, cid=42, FAILED org.apache.ratis.protocol.LeaderNotReadyException: localhost_10001@group-FF371CEDE24F is in LEADER state but not ready yet., logIndex=0, commits[localhost_10001:c-1, localhost_10002:c-1, localhost_10000:c-1]
2019-09-26 14:07:00,231 INFO  client.GrpcClientProtocolService (GrpcClientProtocolService.java:lambda$processClientRequest$0(278)) - Failed RaftClientRequest:client-FBD57F74AF91->localhost_10001@group-FF371CEDE24F, cid=42, seq=0, RW, Message:321f0a0f0a0d74657374...(size=33), reply=RaftClientReply:client-FBD57F74AF91->localhost_10001@group-FF371CEDE24F, cid=42, FAILED org.apache.ratis.protocol.LeaderNotReadyException: localhost_10001@group-FF371CEDE24F is in LEADER state but not ready yet., logIndex=0, commits[localhost_10001:c-1, localhost_10002:c-1, localhost_10000:c-1]
2019-09-26 14:07:00,231 INFO  client.GrpcClientProtocolService (GrpcClientProtocolService.java:lambda$processClientRequest$0(278)) - Failed RaftClientRequest:client-FBD57F74AF91->localhost_10001@group-FF371CEDE24F, cid=42, seq=0, RW, Message:321f0a0f0a0d74657374...(size=33), reply=RaftClientReply:client-FBD57F74AF91->localhost_10001@group-FF371CEDE24F, cid=42, FAILED org.apache.ratis.protocol.LeaderNotReadyException: localhost_10001@group-FF371CEDE24F is in LEADER state but not ready yet., logIndex=0, commits[localhost_10001:c-1, localhost_10002:c-1, localhost_10000:c-1]
2019-09-26 14:07:00,232 INFO  client.GrpcClientProtocolService (GrpcClientProtocolService.java:lambda$processClientRequest$0(278)) - Failed RaftClientRequest:client-FBD57F74AF91->localhost_10001@group-FF371CEDE24F, cid=42, seq=0, RW, Message:321f0a0f0a0d74657374...(size=33), reply=RaftClientReply:client-FBD57F74AF91->localhost_10001@group-FF371CEDE24F, cid=42, FAILED org.apache.ratis.protocol.LeaderNotReadyException: localhost_10001@group-FF371CEDE24F is in LEADER state but not ready yet., logIndex=0, commits[localhost_10001:c-1, localhost_10002:c-1, localhost_10000:c-1]
2019-09-26 14:07:00,233 INFO  client.GrpcClientProtocolService (GrpcClientProtocolService.java:lambda$processClientRequest$0(278)) - Failed RaftClientRequest:client-FBD57F74AF91->localhost_10001@group-FF371CEDE24F, cid=42, seq=0, RW, Message:321f0a0f0a0d74657374...(size=33), reply=RaftClientReply:client-FBD57F74AF91->localhost_10001@group-FF371CEDE24F, cid=42, FAILED org.apache.ratis.protocol.LeaderNotReadyException: localhost_10001@group-FF371CEDE24F is in LEADER state but not ready yet., logIndex=0, commits[localhost_10001:c-1, localhost_10002:c-1, localhost_10000:c-1]
2019-09-26 14:07:00,234 INFO  client.GrpcClientProtocolService (GrpcClientProtocolService.java:lambda$processClientRequest$0(278)) - Failed RaftClientRequest:client-FBD57F74AF91->localhost_10001@group-FF371CEDE24F, cid=42, seq=0, RW, Message:321f0a0f0a0d74657374...(size=33), reply=RaftClientReply:client-FBD57F74AF91->localhost_10001@group-FF371CEDE24F, cid=42, FAILED org.apache.ratis.protocol.LeaderNotReadyException: localhost_10001@group-FF371CEDE24F is in LEADER state but not ready yet., logIndex=0, commits[localhost_10001:c-1, localhost_10002:c-1, localhost_10000:c-1]
2019-09-26 14:07:00,235 INFO  client.GrpcClientProtocolService (GrpcClientProtocolService.java:lambda$processClientRequest$0(278)) - Failed RaftClientRequest:client-FBD57F74AF91->localhost_10001@group-FF371CEDE24F, cid=42, seq=0, RW, Message:321f0a0f0a0d74657374...(size=33), reply=RaftClientReply:client-FBD57F74AF91->localhost_10001@group-FF371CEDE24F, cid=42, FAILED org.apache.ratis.protocol.LeaderNotReadyException: localhost_10001@group-FF371CEDE24F is in LEADER state but not ready yet., logIndex=0, commits[localhost_10001:c-1, localhost_10002:c-1, localhost_10000:c-1]
2019-09-26 14:07:00,236 INFO  client.GrpcClientProtocolService (GrpcClientProtocolService.java:lambda$processClientRequest$0(278)) - Failed RaftClientRequest:client-FBD57F74AF91->localhost_10001@group-FF371CEDE24F, cid=42, seq=0, RW, Message:321f0a0f0a0d74657374...(size=33), reply=RaftClientReply:client-FBD57F74AF91->localhost_10001@group-FF371CEDE24F, cid=42, FAILED org.apache.ratis.protocol.LeaderNotReadyException: localhost_10001@group-FF371CEDE24F is in LEADER state but not ready yet., logIndex=0, commits[localhost_10001:c-1, localhost_10002:c-1, localhost_10000:c-1]
2019-09-26 14:07:00,237 INFO  client.GrpcClientProtocolService (GrpcClientProtocolService.java:lambda$processClientRequest$0(278)) - Failed RaftClientRequest:client-FBD57F74AF91->localhost_10001@group-FF371CEDE24F, cid=42, seq=0, RW, Message:321f0a0f0a0d74657374...(size=33), reply=RaftClientReply:client-FBD57F74AF91->localhost_10001@group-FF371CEDE24F, cid=42, FAILED org.apache.ratis.protocol.LeaderNotReadyException: localhost_10001@group-FF371CEDE24F is in LEADER state but not ready yet., logIndex=0, commits[localhost_10001:c-1, localhost_10002:c-1, localhost_10000:c-1]
2019-09-26 14:07:00,238 INFO  client.GrpcClientProtocolService (GrpcClientProtocolService.java:lambda$processClientRequest$0(278)) - Failed RaftClientRequest:client-FBD57F74AF91->localhost_10001@group-FF371CEDE24F, cid=42, seq=0, RW, Message:321f0a0f0a0d74657374...(size=33), reply=RaftClientReply:client-FBD57F74AF91->localhost_10001@group-FF371CEDE24F, cid=42, FAILED org.apache.ratis.protocol.LeaderNotReadyException: localhost_10001@group-FF371CEDE24F is in LEADER state but not ready yet., logIndex=0, commits[localhost_10001:c-1, localhost_10002:c-1, localhost_10000:c-1]
2019-09-26 14:07:00,239 INFO  client.GrpcClientProtocolService (GrpcClientProtocolService.java:lambda$processClientRequest$0(278)) - Failed RaftClientRequest:client-FBD57F74AF91->localhost_10001@group-FF371CEDE24F, cid=42, seq=0, RW, Message:321f0a0f0a0d74657374...(size=33), reply=RaftClientReply:client-FBD57F74AF91->localhost_10001@group-FF371CEDE24F, cid=42, FAILED org.apache.ratis.protocol.LeaderNotReadyException: localhost_10001@group-FF371CEDE24F is in LEADER state but not ready yet., logIndex=0, commits[localhost_10001:c-1, localhost_10002:c-1, localhost_10000:c-1]
2019-09-26 14:07:00,240 INFO  client.GrpcClientProtocolService (GrpcClientProtocolService.java:lambda$processClientRequest$0(278)) - Failed RaftClientRequest:client-FBD57F74AF91->localhost_10001@group-FF371CEDE24F, cid=42, seq=0, RW, Message:321f0a0f0a0d74657374...(size=33), reply=RaftClientReply:client-FBD57F74AF91->localhost_10001@group-FF371CEDE24F, cid=42, FAILED org.apache.ratis.protocol.LeaderNotReadyException: localhost_10001@group-FF371CEDE24F is in LEADER state but not ready yet., logIndex=0, commits[localhost_10001:c-1, localhost_10002:c-1, localhost_10000:c-1]
2019-09-26 14:07:00,241 INFO  client.GrpcClientProtocolService (GrpcClientProtocolService.java:lambda$processClientRequest$0(278)) - Failed RaftClientRequest:client-FBD57F74AF91->localhost_10001@group-FF371CEDE24F, cid=42, seq=0, RW, Message:321f0a0f0a0d74657374...(size=33), reply=RaftClientReply:client-FBD57F74AF91->localhost_10001@group-FF371CEDE24F, cid=42, FAILED org.apache.ratis.protocol.LeaderNotReadyException: localhost_10001@group-FF371CEDE24F is in LEADER state but not ready yet., logIndex=0, commits[localhost_10001:c-1, localhost_10002:c-1, localhost_10000:c-1]
2019-09-26 14:07:00,242 INFO  client.GrpcClientProtocolService (GrpcClientProtocolService.java:lambda$processClientRequest$0(278)) - Failed RaftClientRequest:client-FBD57F74AF91->localhost_10001@group-FF371CEDE24F, cid=42, seq=0, RW, Message:321f0a0f0a0d74657374...(size=33), reply=RaftClientReply:client-FBD57F74AF91->localhost_10001@group-FF371CEDE24F, cid=42, FAILED org.apache.ratis.protocol.LeaderNotReadyException: localhost_10001@group-FF371CEDE24F is in LEADER state but not ready yet., logIndex=0, commits[localhost_10001:c-1, localhost_10002:c-1, localhost_10000:c-1]
2019-09-26 14:07:00,243 INFO  client.GrpcClientProtocolService (GrpcClientProtocolService.java:lambda$processClientRequest$0(278)) - Failed RaftClientRequest:client-FBD57F74AF91->localhost_10001@group-FF371CEDE24F, cid=42, seq=0, RW, Message:321f0a0f0a0d74657374...(size=33), reply=RaftClientReply:client-FBD57F74AF91->localhost_10001@group-FF371CEDE24F, cid=42, FAILED org.apache.ratis.protocol.LeaderNotReadyException: localhost_10001@group-FF371CEDE24F is in LEADER state but not ready yet., logIndex=0, commits[localhost_10001:c-1, localhost_10002:c-1, localhost_10000:c-1]
2019-09-26 14:07:00,244 INFO  client.GrpcClientProtocolService (GrpcClientProtocolService.java:lambda$processClientRequest$0(278)) - Failed RaftClientRequest:client-FBD57F74AF91->localhost_10001@group-FF371CEDE24F, cid=42, seq=0, RW, Message:321f0a0f0a0d74657374...(size=33), reply=RaftClientReply:client-FBD57F74AF91->localhost_10001@group-FF371CEDE24F, cid=42, FAILED org.apache.ratis.protocol.LeaderNotReadyException: localhost_10001@group-FF371CEDE24F is in LEADER state but not ready yet., logIndex=0, commits[localhost_10001:c-1, localhost_10002:c-1, localhost_10000:c-1]
2019-09-26 14:07:00,245 INFO  client.GrpcClientProtocolService (GrpcClientProtocolService.java:lambda$processClientRequest$0(278)) - Failed RaftClientRequest:client-FBD57F74AF91->localhost_10001@group-FF371CEDE24F, cid=42, seq=0, RW, Message:321f0a0f0a0d74657374...(size=33), reply=RaftClientReply:client-FBD57F74AF91->localhost_10001@group-FF371CEDE24F, cid=42, FAILED org.apache.ratis.protocol.LeaderNotReadyException: localhost_10001@group-FF371CEDE24F is in LEADER state but not ready yet., logIndex=0, commits[localhost_10001:c-1, localhost_10002:c-1, localhost_10000:c-1]
2019-09-26 14:07:00,246 INFO  client.GrpcClientProtocolService (GrpcClientProtocolService.java:lambda$processClientRequest$0(278)) - Failed RaftClientRequest:client-FBD57F74AF91->localhost_10001@group-FF371CEDE24F, cid=42, seq=0, RW, Message:321f0a0f0a0d74657374...(size=33), reply=RaftClientReply:client-FBD57F74AF91->localhost_10001@group-FF371CEDE24F, cid=42, FAILED org.apache.ratis.protocol.LeaderNotReadyException: localhost_10001@group-FF371CEDE24F is in LEADER state but not ready yet., logIndex=0, commits[localhost_10001:c-1, localhost_10002:c-1, localhost_10000:c-1]
2019-09-26 14:07:00,247 INFO  client.GrpcClientProtocolService (GrpcClientProtocolService.java:lambda$processClientRequest$0(278)) - Failed RaftClientRequest:client-FBD57F74AF91->localhost_10001@group-FF371CEDE24F, cid=42, seq=0, RW, Message:321f0a0f0a0d74657374...(size=33), reply=RaftClientReply:client-FBD57F74AF91->localhost_10001@group-FF371CEDE24F, cid=42, FAILED org.apache.ratis.protocol.LeaderNotReadyException: localhost_10001@group-FF371CEDE24F is in LEADER state but not ready yet., logIndex=0, commits[localhost_10001:c-1, localhost_10002:c-1, localhost_10000:c-1]
2019-09-26 14:07:00,248 INFO  client.GrpcClientProtocolService (GrpcClientProtocolService.java:lambda$processClientRequest$0(278)) - Failed RaftClientRequest:client-FBD57F74AF91->localhost_10001@group-FF371CEDE24F, cid=42, seq=0, RW, Message:321f0a0f0a0d74657374...(size=33), reply=RaftClientReply:client-FBD57F74AF91->localhost_10001@group-FF371CEDE24F, cid=42, FAILED org.apache.ratis.protocol.LeaderNotReadyException: localhost_10001@group-FF371CEDE24F is in LEADER state but not ready yet., logIndex=0, commits[localhost_10001:c-1, localhost_10002:c-1, localhost_10000:c-1]
2019-09-26 14:07:00,249 INFO  client.GrpcClientProtocolService (GrpcClientProtocolService.java:lambda$processClientRequest$0(278)) - Failed RaftClientRequest:client-FBD57F74AF91->localhost_10001@group-FF371CEDE24F, cid=42, seq=0, RW, Message:321f0a0f0a0d74657374...(size=33), reply=RaftClientReply:client-FBD57F74AF91->localhost_10001@group-FF371CEDE24F, cid=42, FAILED org.apache.ratis.protocol.LeaderNotReadyException: localhost_10001@group-FF371CEDE24F is in LEADER state but not ready yet., logIndex=0, commits[localhost_10001:c-1, localhost_10002:c-1, localhost_10000:c-1]
2019-09-26 14:07:00,250 INFO  client.GrpcClientProtocolService (GrpcClientProtocolService.java:lambda$processClientRequest$0(278)) - Failed RaftClientRequest:client-FBD57F74AF91->localhost_10001@group-FF371CEDE24F, cid=42, seq=0, RW, Message:321f0a0f0a0d74657374...(size=33), reply=RaftClientReply:client-FBD57F74AF91->localhost_10001@group-FF371CEDE24F, cid=42, FAILED org.apache.ratis.protocol.LeaderNotReadyException: localhost_10001@group-FF371CEDE24F is in LEADER state but not ready yet., logIndex=0, commits[localhost_10001:c-1, localhost_10002:c-1, localhost_10000:c-1]
2019-09-26 14:07:00,251 INFO  client.GrpcClientProtocolService (GrpcClientProtocolService.java:lambda$processClientRequest$0(278)) - Failed RaftClientRequest:client-FBD57F74AF91->localhost_10001@group-FF371CEDE24F, cid=42, seq=0, RW, Message:321f0a0f0a0d74657374...(size=33), reply=RaftClientReply:client-FBD57F74AF91->localhost_10001@group-FF371CEDE24F, cid=42, FAILED org.apache.ratis.protocol.LeaderNotReadyException: localhost_10001@group-FF371CEDE24F is in LEADER state but not ready yet., logIndex=0, commits[localhost_10001:c-1, localhost_10002:c-1, localhost_10000:c-1]
2019-09-26 14:07:00,252 INFO  client.GrpcClientProtocolService (GrpcClientProtocolService.java:lambda$processClientRequest$0(278)) - Failed RaftClientRequest:client-FBD57F74AF91->localhost_10001@group-FF371CEDE24F, cid=42, seq=0, RW, Message:321f0a0f0a0d74657374...(size=33), reply=RaftClientReply:client-FBD57F74AF91->localhost_10001@group-FF371CEDE24F, cid=42, FAILED org.apache.ratis.protocol.LeaderNotReadyException: localhost_10001@group-FF371CEDE24F is in LEADER state but not ready yet., logIndex=0, commits[localhost_10001:c-1, localhost_10002:c-1, localhost_10000:c-1]
2019-09-26 14:07:00,253 INFO  client.GrpcClientProtocolService (GrpcClientProtocolService.java:lambda$processClientRequest$0(278)) - Failed RaftClientRequest:client-FBD57F74AF91->localhost_10001@group-FF371CEDE24F, cid=42, seq=0, RW, Message:321f0a0f0a0d74657374...(size=33), reply=RaftClientReply:client-FBD57F74AF91->localhost_10001@group-FF371CEDE24F, cid=42, FAILED org.apache.ratis.protocol.LeaderNotReadyException: localhost_10001@group-FF371CEDE24F is in LEADER state but not ready yet., logIndex=0, commits[localhost_10001:c-1, localhost_10002:c-1, localhost_10000:c-1]
2019-09-26 14:07:00,254 INFO  client.GrpcClientProtocolService (GrpcClientProtocolService.java:lambda$processClientRequest$0(278)) - Failed RaftClientRequest:client-FBD57F74AF91->localhost_10001@group-FF371CEDE24F, cid=42, seq=0, RW, Message:321f0a0f0a0d74657374...(size=33), reply=RaftClientReply:client-FBD57F74AF91->localhost_10001@group-FF371CEDE24F, cid=42, FAILED org.apache.ratis.protocol.LeaderNotReadyException: localhost_10001@group-FF371CEDE24F is in LEADER state but not ready yet., logIndex=0, commits[localhost_10001:c-1, localhost_10002:c-1, localhost_10000:c-1]
2019-09-26 14:07:00,254 INFO  client.GrpcClientProtocolService (GrpcClientProtocolService.java:lambda$processClientRequest$0(278)) - Failed RaftClientRequest:client-FBD57F74AF91->localhost_10001@group-FF371CEDE24F, cid=42, seq=0, RW, Message:321f0a0f0a0d74657374...(size=33), reply=RaftClientReply:client-FBD57F74AF91->localhost_10001@group-FF371CEDE24F, cid=42, FAILED org.apache.ratis.protocol.LeaderNotReadyException: localhost_10001@group-FF371CEDE24F is in LEADER state but not ready yet., logIndex=0, commits[localhost_10001:c-1, localhost_10002:c-1, localhost_10000:c-1]
2019-09-26 14:07:00,255 INFO  client.GrpcClientProtocolService (GrpcClientProtocolService.java:lambda$processClientRequest$0(278)) - Failed RaftClientRequest:client-FBD57F74AF91->localhost_10001@group-FF371CEDE24F, cid=42, seq=0, RW, Message:321f0a0f0a0d74657374...(size=33), reply=RaftClientReply:client-FBD57F74AF91->localhost_10001@group-FF371CEDE24F, cid=42, FAILED org.apache.ratis.protocol.LeaderNotReadyException: localhost_10001@group-FF371CEDE24F is in LEADER state but not ready yet., logIndex=0, commits[localhost_10001:c-1, localhost_10002:c-1, localhost_10000:c-1]
2019-09-26 14:07:00,256 INFO  client.GrpcClientProtocolService (GrpcClientProtocolService.java:lambda$processClientRequest$0(278)) - Failed RaftClientRequest:client-FBD57F74AF91->localhost_10001@group-FF371CEDE24F, cid=42, seq=0, RW, Message:321f0a0f0a0d74657374...(size=33), reply=RaftClientReply:client-FBD57F74AF91->localhost_10001@group-FF371CEDE24F, cid=42, FAILED org.apache.ratis.protocol.LeaderNotReadyException: localhost_10001@group-FF371CEDE24F is in LEADER state but not ready yet., logIndex=0, commits[localhost_10001:c-1, localhost_10002:c-1, localhost_10000:c-1]
2019-09-26 14:07:00,257 INFO  client.GrpcClientProtocolService (GrpcClientProtocolService.java:lambda$processClientRequest$0(278)) - Failed RaftClientRequest:client-FBD57F74AF91->localhost_10001@group-FF371CEDE24F, cid=42, seq=0, RW, Message:321f0a0f0a0d74657374...(size=33), reply=RaftClientReply:client-FBD57F74AF91->localhost_10001@group-FF371CEDE24F, cid=42, FAILED org.apache.ratis.protocol.LeaderNotReadyException: localhost_10001@group-FF371CEDE24F is in LEADER state but not ready yet., logIndex=0, commits[localhost_10001:c-1, localhost_10002:c-1, localhost_10000:c-1]
2019-09-26 14:07:00,258 INFO  client.GrpcClientProtocolService (GrpcClientProtocolService.java:lambda$processClientRequest$0(278)) - Failed RaftClientRequest:client-FBD57F74AF91->localhost_10001@group-FF371CEDE24F, cid=42, seq=0, RW, Message:321f0a0f0a0d74657374...(size=33), reply=RaftClientReply:client-FBD57F74AF91->localhost_10001@group-FF371CEDE24F, cid=42, FAILED org.apache.ratis.protocol.LeaderNotReadyException: localhost_10001@group-FF371CEDE24F is in LEADER state but not ready yet., logIndex=0, commits[localhost_10001:c-1, localhost_10002:c-1, localhost_10000:c-1]
2019-09-26 14:07:00,259 INFO  client.GrpcClientProtocolService (GrpcClientProtocolService.java:lambda$processClientRequest$0(278)) - Failed RaftClientRequest:client-FBD57F74AF91->localhost_10001@group-FF371CEDE24F, cid=42, seq=0, RW, Message:321f0a0f0a0d74657374...(size=33), reply=RaftClientReply:client-FBD57F74AF91->localhost_10001@group-FF371CEDE24F, cid=42, FAILED org.apache.ratis.protocol.LeaderNotReadyException: localhost_10001@group-FF371CEDE24F is in LEADER state but not ready yet., logIndex=0, commits[localhost_10001:c-1, localhost_10002:c-1, localhost_10000:c-1]
2019-09-26 14:07:00,259 INFO  client.GrpcClientProtocolService (GrpcClientProtocolService.java:lambda$processClientRequest$0(278)) - Failed RaftClientRequest:client-FBD57F74AF91->localhost_10001@group-FF371CEDE24F, cid=42, seq=0, RW, Message:321f0a0f0a0d74657374...(size=33), reply=RaftClientReply:client-FBD57F74AF91->localhost_10001@group-FF371CEDE24F, cid=42, FAILED org.apache.ratis.protocol.LeaderNotReadyException: localhost_10001@group-FF371CEDE24F is in LEADER state but not ready yet., logIndex=0, commits[localhost_10001:c-1, localhost_10002:c-1, localhost_10000:c-1]
2019-09-26 14:07:00,260 INFO  client.GrpcClientProtocolService (GrpcClientProtocolService.java:lambda$processClientRequest$0(278)) - Failed RaftClientRequest:client-FBD57F74AF91->localhost_10001@group-FF371CEDE24F, cid=42, seq=0, RW, Message:321f0a0f0a0d74657374...(size=33), reply=RaftClientReply:client-FBD57F74AF91->localhost_10001@group-FF371CEDE24F, cid=42, FAILED org.apache.ratis.protocol.LeaderNotReadyException: localhost_10001@group-FF371CEDE24F is in LEADER state but not ready yet., logIndex=0, commits[localhost_10001:c-1, localhost_10002:c-1, localhost_10000:c-1]
2019-09-26 14:07:00,261 INFO  client.GrpcClientProtocolService (GrpcClientProtocolService.java:lambda$processClientRequest$0(278)) - Failed RaftClientRequest:client-FBD57F74AF91->localhost_10001@group-FF371CEDE24F, cid=42, seq=0, RW, Message:321f0a0f0a0d74657374...(size=33), reply=RaftClientReply:client-FBD57F74AF91->localhost_10001@group-FF371CEDE24F, cid=42, FAILED org.apache.ratis.protocol.LeaderNotReadyException: localhost_10001@group-FF371CEDE24F is in LEADER state but not ready yet., logIndex=0, commits[localhost_10001:c-1, localhost_10002:c-1, localhost_10000:c-1]
2019-09-26 14:07:00,262 INFO  client.GrpcClientProtocolService (GrpcClientProtocolService.java:lambda$processClientRequest$0(278)) - Failed RaftClientRequest:client-FBD57F74AF91->localhost_10001@group-FF371CEDE24F, cid=42, seq=0, RW, Message:321f0a0f0a0d74657374...(size=33), reply=RaftClientReply:client-FBD57F74AF91->localhost_10001@group-FF371CEDE24F, cid=42, FAILED org.apache.ratis.protocol.LeaderNotReadyException: localhost_10001@group-FF371CEDE24F is in LEADER state but not ready yet., logIndex=0, commits[localhost_10001:c-1, localhost_10002:c-1, localhost_10000:c-1]
2019-09-26 14:07:00,263 INFO  client.GrpcClientProtocolService (GrpcClientProtocolService.java:lambda$processClientRequest$0(278)) - Failed RaftClientRequest:client-FBD57F74AF91->localhost_10001@group-FF371CEDE24F, cid=42, seq=0, RW, Message:321f0a0f0a0d74657374...(size=33), reply=RaftClientReply:client-FBD57F74AF91->localhost_10001@group-FF371CEDE24F, cid=42, FAILED org.apache.ratis.protocol.LeaderNotReadyException: localhost_10001@group-FF371CEDE24F is in LEADER state but not ready yet., logIndex=0, commits[localhost_10001:c-1, localhost_10002:c-1, localhost_10000:c-1]
2019-09-26 14:07:00,264 INFO  client.GrpcClientProtocolService (GrpcClientProtocolService.java:lambda$processClientRequest$0(278)) - Failed RaftClientRequest:client-FBD57F74AF91->localhost_10001@group-FF371CEDE24F, cid=42, seq=0, RW, Message:321f0a0f0a0d74657374...(size=33), reply=RaftClientReply:client-FBD57F74AF91->localhost_10001@group-FF371CEDE24F, cid=42, FAILED org.apache.ratis.protocol.LeaderNotReadyException: localhost_10001@group-FF371CEDE24F is in LEADER state but not ready yet., logIndex=0, commits[localhost_10001:c-1, localhost_10002:c-1, localhost_10000:c-1]
2019-09-26 14:07:00,265 INFO  client.GrpcClientProtocolService (GrpcClientProtocolService.java:lambda$processClientRequest$0(278)) - Failed RaftClientRequest:client-FBD57F74AF91->localhost_10001@group-FF371CEDE24F, cid=42, seq=0, RW, Message:321f0a0f0a0d74657374...(size=33), reply=RaftClientReply:client-FBD57F74AF91->localhost_10001@group-FF371CEDE24F, cid=42, FAILED org.apache.ratis.protocol.LeaderNotReadyException: localhost_10001@group-FF371CEDE24F is in LEADER state but not ready yet., logIndex=0, commits[localhost_10001:c-1, localhost_10002:c-1, localhost_10000:c-1]
2019-09-26 14:07:00,266 INFO  client.GrpcClientProtocolService (GrpcClientProtocolService.java:lambda$processClientRequest$0(278)) - Failed RaftClientRequest:client-FBD57F74AF91->localhost_10001@group-FF371CEDE24F, cid=42, seq=0, RW, Message:321f0a0f0a0d74657374...(size=33), reply=RaftClientReply:client-FBD57F74AF91->localhost_10001@group-FF371CEDE24F, cid=42, FAILED org.apache.ratis.protocol.LeaderNotReadyException: localhost_10001@group-FF371CEDE24F is in LEADER state but not ready yet., logIndex=0, commits[localhost_10001:c-1, localhost_10002:c-1, localhost_10000:c-1]
2019-09-26 14:07:00,267 INFO  client.GrpcClientProtocolService (GrpcClientProtocolService.java:lambda$processClientRequest$0(278)) - Failed RaftClientRequest:client-FBD57F74AF91->localhost_10001@group-FF371CEDE24F, cid=42, seq=0, RW, Message:321f0a0f0a0d74657374...(size=33), reply=RaftClientReply:client-FBD57F74AF91->localhost_10001@group-FF371CEDE24F, cid=42, FAILED org.apache.ratis.protocol.LeaderNotReadyException: localhost_10001@group-FF371CEDE24F is in LEADER state but not ready yet., logIndex=0, commits[localhost_10001:c-1, localhost_10002:c-1, localhost_10000:c-1]
2019-09-26 14:07:00,268 INFO  client.GrpcClientProtocolService (GrpcClientProtocolService.java:lambda$processClientRequest$0(278)) - Failed RaftClientRequest:client-FBD57F74AF91->localhost_10001@group-FF371CEDE24F, cid=42, seq=0, RW, Message:321f0a0f0a0d74657374...(size=33), reply=RaftClientReply:client-FBD57F74AF91->localhost_10001@group-FF371CEDE24F, cid=42, FAILED org.apache.ratis.protocol.LeaderNotReadyException: localhost_10001@group-FF371CEDE24F is in LEADER state but not ready yet., logIndex=0, commits[localhost_10001:c-1, localhost_10002:c-1, localhost_10000:c-1]
2019-09-26 14:07:00,269 INFO  client.GrpcClientProtocolService (GrpcClientProtocolService.java:lambda$processClientRequest$0(278)) - Failed RaftClientRequest:client-FBD57F74AF91->localhost_10001@group-FF371CEDE24F, cid=42, seq=0, RW, Message:321f0a0f0a0d74657374...(size=33), reply=RaftClientReply:client-FBD57F74AF91->localhost_10001@group-FF371CEDE24F, cid=42, FAILED org.apache.ratis.protocol.LeaderNotReadyException: localhost_10001@group-FF371CEDE24F is in LEADER state but not ready yet., logIndex=0, commits[localhost_10001:c-1, localhost_10002:c-1, localhost_10000:c-1]
2019-09-26 14:07:00,269 INFO  client.GrpcClientProtocolService (GrpcClientProtocolService.java:lambda$processClientRequest$0(278)) - Failed RaftClientRequest:client-FBD57F74AF91->localhost_10001@group-FF371CEDE24F, cid=42, seq=0, RW, Message:321f0a0f0a0d74657374...(size=33), reply=RaftClientReply:client-FBD57F74AF91->localhost_10001@group-FF371CEDE24F, cid=42, FAILED org.apache.ratis.protocol.LeaderNotReadyException: localhost_10001@group-FF371CEDE24F is in LEADER state but not ready yet., logIndex=0, commits[localhost_10001:c-1, localhost_10002:c-1, localhost_10000:c-1]
2019-09-26 14:07:00,270 INFO  client.GrpcClientProtocolService (GrpcClientProtocolService.java:lambda$processClientRequest$0(278)) - Failed RaftClientRequest:client-FBD57F74AF91->localhost_10001@group-FF371CEDE24F, cid=42, seq=0, RW, Message:321f0a0f0a0d74657374...(size=33), reply=RaftClientReply:client-FBD57F74AF91->localhost_10001@group-FF371CEDE24F, cid=42, FAILED org.apache.ratis.protocol.LeaderNotReadyException: localhost_10001@group-FF371CEDE24F is in LEADER state but not ready yet., logIndex=0, commits[localhost_10001:c-1, localhost_10002:c-1, localhost_10000:c-1]
2019-09-26 14:07:00,271 INFO  client.GrpcClientProtocolService (GrpcClientProtocolService.java:lambda$processClientRequest$0(278)) - Failed RaftClientRequest:client-FBD57F74AF91->localhost_10001@group-FF371CEDE24F, cid=42, seq=0, RW, Message:321f0a0f0a0d74657374...(size=33), reply=RaftClientReply:client-FBD57F74AF91->localhost_10001@group-FF371CEDE24F, cid=42, FAILED org.apache.ratis.protocol.LeaderNotReadyException: localhost_10001@group-FF371CEDE24F is in LEADER state but not ready yet., logIndex=0, commits[localhost_10001:c-1, localhost_10002:c-1, localhost_10000:c-1]
2019-09-26 14:07:00,272 INFO  client.GrpcClientProtocolService (GrpcClientProtocolService.java:lambda$processClientRequest$0(278)) - Failed RaftClientRequest:client-FBD57F74AF91->localhost_10001@group-FF371CEDE24F, cid=42, seq=0, RW, Message:321f0a0f0a0d74657374...(size=33), reply=RaftClientReply:client-FBD57F74AF91->localhost_10001@group-FF371CEDE24F, cid=42, FAILED org.apache.ratis.protocol.LeaderNotReadyException: localhost_10001@group-FF371CEDE24F is in LEADER state but not ready yet., logIndex=0, commits[localhost_10001:c-1, localhost_10002:c-1, localhost_10000:c-1]
2019-09-26 14:07:00,273 INFO  client.GrpcClientProtocolService (GrpcClientProtocolService.java:lambda$processClientRequest$0(278)) - Failed RaftClientRequest:client-FBD57F74AF91->localhost_10001@group-FF371CEDE24F, cid=42, seq=0, RW, Message:321f0a0f0a0d74657374...(size=33), reply=RaftClientReply:client-FBD57F74AF91->localhost_10001@group-FF371CEDE24F, cid=42, FAILED org.apache.ratis.protocol.LeaderNotReadyException: localhost_10001@group-FF371CEDE24F is in LEADER state but not ready yet., logIndex=0, commits[localhost_10001:c-1, localhost_10002:c-1, localhost_10000:c-1]
2019-09-26 14:07:00,274 INFO  client.GrpcClientProtocolService (GrpcClientProtocolService.java:lambda$processClientRequest$0(278)) - Failed RaftClientRequest:client-FBD57F74AF91->localhost_10001@group-FF371CEDE24F, cid=42, seq=0, RW, Message:321f0a0f0a0d74657374...(size=33), reply=RaftClientReply:client-FBD57F74AF91->localhost_10001@group-FF371CEDE24F, cid=42, FAILED org.apache.ratis.protocol.LeaderNotReadyException: localhost_10001@group-FF371CEDE24F is in LEADER state but not ready yet., logIndex=0, commits[localhost_10001:c-1, localhost_10002:c-1, localhost_10000:c-1]
2019-09-26 14:07:00,275 INFO  client.GrpcClientProtocolService (GrpcClientProtocolService.java:lambda$processClientRequest$0(278)) - Failed RaftClientRequest:client-FBD57F74AF91->localhost_10001@group-FF371CEDE24F, cid=42, seq=0, RW, Message:321f0a0f0a0d74657374...(size=33), reply=RaftClientReply:client-FBD57F74AF91->localhost_10001@group-FF371CEDE24F, cid=42, FAILED org.apache.ratis.protocol.LeaderNotReadyException: localhost_10001@group-FF371CEDE24F is in LEADER state but not ready yet., logIndex=0, commits[localhost_10001:c-1, localhost_10002:c-1, localhost_10000:c-1]
2019-09-26 14:07:00,276 INFO  client.GrpcClientProtocolService (GrpcClientProtocolService.java:lambda$processClientRequest$0(278)) - Failed RaftClientRequest:client-FBD57F74AF91->localhost_10001@group-FF371CEDE24F, cid=42, seq=0, RW, Message:321f0a0f0a0d74657374...(size=33), reply=RaftClientReply:client-FBD57F74AF91->localhost_10001@group-FF371CEDE24F, cid=42, FAILED org.apache.ratis.protocol.LeaderNotReadyException: localhost_10001@group-FF371CEDE24F is in LEADER state but not ready yet., logIndex=0, commits[localhost_10001:c-1, localhost_10002:c-1, localhost_10000:c-1]
2019-09-26 14:07:00,277 INFO  client.GrpcClientProtocolService (GrpcClientProtocolService.java:lambda$processClientRequest$0(278)) - Failed RaftClientRequest:client-FBD57F74AF91->localhost_10001@group-FF371CEDE24F, cid=42, seq=0, RW, Message:321f0a0f0a0d74657374...(size=33), reply=RaftClientReply:client-FBD57F74AF91->localhost_10001@group-FF371CEDE24F, cid=42, FAILED org.apache.ratis.protocol.LeaderNotReadyException: localhost_10001@group-FF371CEDE24F is in LEADER state but not ready yet., logIndex=0, commits[localhost_10001:c-1, localhost_10002:c-1, localhost_10000:c-1]
2019-09-26 14:07:00,278 INFO  client.GrpcClientProtocolService (GrpcClientProtocolService.java:lambda$processClientRequest$0(278)) - Failed RaftClientRequest:client-FBD57F74AF91->localhost_10001@group-FF371CEDE24F, cid=42, seq=0, RW, Message:321f0a0f0a0d74657374...(size=33), reply=RaftClientReply:client-FBD57F74AF91->localhost_10001@group-FF371CEDE24F, cid=42, FAILED org.apache.ratis.protocol.LeaderNotReadyException: localhost_10001@group-FF371CEDE24F is in LEADER state but not ready yet., logIndex=0, commits[localhost_10001:c-1, localhost_10002:c-1, localhost_10000:c-1]
2019-09-26 14:07:00,279 INFO  client.GrpcClientProtocolService (GrpcClientProtocolService.java:lambda$processClientRequest$0(278)) - Failed RaftClientRequest:client-FBD57F74AF91->localhost_10001@group-FF371CEDE24F, cid=42, seq=0, RW, Message:321f0a0f0a0d74657374...(size=33), reply=RaftClientReply:client-FBD57F74AF91->localhost_10001@group-FF371CEDE24F, cid=42, FAILED org.apache.ratis.protocol.LeaderNotReadyException: localhost_10001@group-FF371CEDE24F is in LEADER state but not ready yet., logIndex=0, commits[localhost_10001:c-1, localhost_10002:c-1, localhost_10000:c-1]
2019-09-26 14:07:00,279 INFO  client.GrpcClientProtocolService (GrpcClientProtocolService.java:lambda$processClientRequest$0(278)) - Failed RaftClientRequest:client-FBD57F74AF91->localhost_10001@group-FF371CEDE24F, cid=42, seq=0, RW, Message:321f0a0f0a0d74657374...(size=33), reply=RaftClientReply:client-FBD57F74AF91->localhost_10001@group-FF371CEDE24F, cid=42, FAILED org.apache.ratis.protocol.LeaderNotReadyException: localhost_10001@group-FF371CEDE24F is in LEADER state but not ready yet., logIndex=0, commits[localhost_10001:c-1, localhost_10002:c-1, localhost_10000:c-1]
2019-09-26 14:07:00,280 INFO  client.GrpcClientProtocolService (GrpcClientProtocolService.java:lambda$processClientRequest$0(278)) - Failed RaftClientRequest:client-FBD57F74AF91->localhost_10001@group-FF371CEDE24F, cid=42, seq=0, RW, Message:321f0a0f0a0d74657374...(size=33), reply=RaftClientReply:client-FBD57F74AF91->localhost_10001@group-FF371CEDE24F, cid=42, FAILED org.apache.ratis.protocol.LeaderNotReadyException: localhost_10001@group-FF371CEDE24F is in LEADER state but not ready yet., logIndex=0, commits[localhost_10001:c-1, localhost_10002:c-1, localhost_10000:c-1]
2019-09-26 14:07:00,281 INFO  client.GrpcClientProtocolService (GrpcClientProtocolService.java:lambda$processClientRequest$0(278)) - Failed RaftClientRequest:client-FBD57F74AF91->localhost_10001@group-FF371CEDE24F, cid=42, seq=0, RW, Message:321f0a0f0a0d74657374...(size=33), reply=RaftClientReply:client-FBD57F74AF91->localhost_10001@group-FF371CEDE24F, cid=42, FAILED org.apache.ratis.protocol.LeaderNotReadyException: localhost_10001@group-FF371CEDE24F is in LEADER state but not ready yet., logIndex=0, commits[localhost_10001:c-1, localhost_10002:c-1, localhost_10000:c-1]
2019-09-26 14:07:00,282 INFO  client.GrpcClientProtocolService (GrpcClientProtocolService.java:lambda$processClientRequest$0(278)) - Failed RaftClientRequest:client-FBD57F74AF91->localhost_10001@group-FF371CEDE24F, cid=42, seq=0, RW, Message:321f0a0f0a0d74657374...(size=33), reply=RaftClientReply:client-FBD57F74AF91->localhost_10001@group-FF371CEDE24F, cid=42, FAILED org.apache.ratis.protocol.LeaderNotReadyException: localhost_10001@group-FF371CEDE24F is in LEADER state but not ready yet., logIndex=0, commits[localhost_10001:c-1, localhost_10002:c-1, localhost_10000:c-1]
2019-09-26 14:07:00,283 INFO  client.GrpcClientProtocolService (GrpcClientProtocolService.java:lambda$processClientRequest$0(278)) - Failed RaftClientRequest:client-FBD57F74AF91->localhost_10001@group-FF371CEDE24F, cid=42, seq=0, RW, Message:321f0a0f0a0d74657374...(size=33), reply=RaftClientReply:client-FBD57F74AF91->localhost_10001@group-FF371CEDE24F, cid=42, FAILED org.apache.ratis.protocol.LeaderNotReadyException: localhost_10001@group-FF371CEDE24F is in LEADER state but not ready yet., logIndex=0, commits[localhost_10001:c-1, localhost_10002:c-1, localhost_10000:c-1]
2019-09-26 14:07:00,284 INFO  client.GrpcClientProtocolService (GrpcClientProtocolService.java:lambda$processClientRequest$0(278)) - Failed RaftClientRequest:client-FBD57F74AF91->localhost_10001@group-FF371CEDE24F, cid=42, seq=0, RW, Message:321f0a0f0a0d74657374...(size=33), reply=RaftClientReply:client-FBD57F74AF91->localhost_10001@group-FF371CEDE24F, cid=42, FAILED org.apache.ratis.protocol.LeaderNotReadyException: localhost_10001@group-FF371CEDE24F is in LEADER state but not ready yet., logIndex=0, commits[localhost_10001:c-1, localhost_10002:c-1, localhost_10000:c-1]
2019-09-26 14:07:00,285 INFO  client.GrpcClientProtocolService (GrpcClientProtocolService.java:lambda$processClientRequest$0(278)) - Failed RaftClientRequest:client-FBD57F74AF91->localhost_10001@group-FF371CEDE24F, cid=42, seq=0, RW, Message:321f0a0f0a0d74657374...(size=33), reply=RaftClientReply:client-FBD57F74AF91->localhost_10001@group-FF371CEDE24F, cid=42, FAILED org.apache.ratis.protocol.LeaderNotReadyException: localhost_10001@group-FF371CEDE24F is in LEADER state but not ready yet., logIndex=0, commits[localhost_10001:c-1, localhost_10002:c-1, localhost_10000:c-1]
2019-09-26 14:07:00,286 INFO  client.GrpcClientProtocolService (GrpcClientProtocolService.java:lambda$processClientRequest$0(278)) - Failed RaftClientRequest:client-FBD57F74AF91->localhost_10001@group-FF371CEDE24F, cid=42, seq=0, RW, Message:321f0a0f0a0d74657374...(size=33), reply=RaftClientReply:client-FBD57F74AF91->localhost_10001@group-FF371CEDE24F, cid=42, FAILED org.apache.ratis.protocol.LeaderNotReadyException: localhost_10001@group-FF371CEDE24F is in LEADER state but not ready yet., logIndex=0, commits[localhost_10001:c-1, localhost_10002:c-1, localhost_10000:c-1]
2019-09-26 14:07:00,287 INFO  client.GrpcClientProtocolService (GrpcClientProtocolService.java:lambda$processClientRequest$0(278)) - Failed RaftClientRequest:client-FBD57F74AF91->localhost_10001@group-FF371CEDE24F, cid=42, seq=0, RW, Message:321f0a0f0a0d74657374...(size=33), reply=RaftClientReply:client-FBD57F74AF91->localhost_10001@group-FF371CEDE24F, cid=42, FAILED org.apache.ratis.protocol.LeaderNotReadyException: localhost_10001@group-FF371CEDE24F is in LEADER state but not ready yet., logIndex=0, commits[localhost_10001:c-1, localhost_10002:c-1, localhost_10000:c-1]
2019-09-26 14:07:00,288 INFO  client.GrpcClientProtocolService (GrpcClientProtocolService.java:lambda$processClientRequest$0(278)) - Failed RaftClientRequest:client-FBD57F74AF91->localhost_10001@group-FF371CEDE24F, cid=42, seq=0, RW, Message:321f0a0f0a0d74657374...(size=33), reply=RaftClientReply:client-FBD57F74AF91->localhost_10001@group-FF371CEDE24F, cid=42, FAILED org.apache.ratis.protocol.LeaderNotReadyException: localhost_10001@group-FF371CEDE24F is in LEADER state but not ready yet., logIndex=0, commits[localhost_10001:c-1, localhost_10002:c-1, localhost_10000:c-1]
2019-09-26 14:07:00,289 INFO  client.GrpcClientProtocolService (GrpcClientProtocolService.java:lambda$processClientRequest$0(278)) - Failed RaftClientRequest:client-FBD57F74AF91->localhost_10001@group-FF371CEDE24F, cid=42, seq=0, RW, Message:321f0a0f0a0d74657374...(size=33), reply=RaftClientReply:client-FBD57F74AF91->localhost_10001@group-FF371CEDE24F, cid=42, FAILED org.apache.ratis.protocol.LeaderNotReadyException: localhost_10001@group-FF371CEDE24F is in LEADER state but not ready yet., logIndex=0, commits[localhost_10001:c-1, localhost_10002:c-1, localhost_10000:c-1]
2019-09-26 14:07:00,290 INFO  client.GrpcClientProtocolService (GrpcClientProtocolService.java:lambda$processClientRequest$0(278)) - Failed RaftClientRequest:client-FBD57F74AF91->localhost_10001@group-FF371CEDE24F, cid=42, seq=0, RW, Message:321f0a0f0a0d74657374...(size=33), reply=RaftClientReply:client-FBD57F74AF91->localhost_10001@group-FF371CEDE24F, cid=42, FAILED org.apache.ratis.protocol.LeaderNotReadyException: localhost_10001@group-FF371CEDE24F is in LEADER state but not ready yet., logIndex=0, commits[localhost_10001:c-1, localhost_10002:c-1, localhost_10000:c-1]
2019-09-26 14:07:00,291 INFO  client.GrpcClientProtocolService (GrpcClientProtocolService.java:lambda$processClientRequest$0(278)) - Failed RaftClientRequest:client-FBD57F74AF91->localhost_10001@group-FF371CEDE24F, cid=42, seq=0, RW, Message:321f0a0f0a0d74657374...(size=33), reply=RaftClientReply:client-FBD57F74AF91->localhost_10001@group-FF371CEDE24F, cid=42, FAILED org.apache.ratis.protocol.LeaderNotReadyException: localhost_10001@group-FF371CEDE24F is in LEADER state but not ready yet., logIndex=0, commits[localhost_10001:c-1, localhost_10002:c-1, localhost_10000:c-1]
2019-09-26 14:07:00,292 INFO  client.GrpcClientProtocolService (GrpcClientProtocolService.java:lambda$processClientRequest$0(278)) - Failed RaftClientRequest:client-FBD57F74AF91->localhost_10001@group-FF371CEDE24F, cid=42, seq=0, RW, Message:321f0a0f0a0d74657374...(size=33), reply=RaftClientReply:client-FBD57F74AF91->localhost_10001@group-FF371CEDE24F, cid=42, FAILED org.apache.ratis.protocol.LeaderNotReadyException: localhost_10001@group-FF371CEDE24F is in LEADER state but not ready yet., logIndex=0, commits[localhost_10001:c-1, localhost_10002:c-1, localhost_10000:c-1]
2019-09-26 14:07:00,293 INFO  client.GrpcClientProtocolService (GrpcClientProtocolService.java:lambda$processClientRequest$0(278)) - Failed RaftClientRequest:client-FBD57F74AF91->localhost_10001@group-FF371CEDE24F, cid=42, seq=0, RW, Message:321f0a0f0a0d74657374...(size=33), reply=RaftClientReply:client-FBD57F74AF91->localhost_10001@group-FF371CEDE24F, cid=42, FAILED org.apache.ratis.protocol.LeaderNotReadyException: localhost_10001@group-FF371CEDE24F is in LEADER state but not ready yet., logIndex=0, commits[localhost_10001:c-1, localhost_10002:c-1, localhost_10000:c-1]
2019-09-26 14:07:00,294 INFO  client.GrpcClientProtocolService (GrpcClientProtocolService.java:lambda$processClientRequest$0(278)) - Failed RaftClientRequest:client-FBD57F74AF91->localhost_10001@group-FF371CEDE24F, cid=42, seq=0, RW, Message:321f0a0f0a0d74657374...(size=33), reply=RaftClientReply:client-FBD57F74AF91->localhost_10001@group-FF371CEDE24F, cid=42, FAILED org.apache.ratis.protocol.LeaderNotReadyException: localhost_10001@group-FF371CEDE24F is in LEADER state but not ready yet., logIndex=0, commits[localhost_10001:c-1, localhost_10002:c-1, localhost_10000:c-1]
2019-09-26 14:07:00,294 INFO  client.GrpcClientProtocolService (GrpcClientProtocolService.java:lambda$processClientRequest$0(278)) - Failed RaftClientRequest:client-FBD57F74AF91->localhost_10001@group-FF371CEDE24F, cid=42, seq=0, RW, Message:321f0a0f0a0d74657374...(size=33), reply=RaftClientReply:client-FBD57F74AF91->localhost_10001@group-FF371CEDE24F, cid=42, FAILED org.apache.ratis.protocol.LeaderNotReadyException: localhost_10001@group-FF371CEDE24F is in LEADER state but not ready yet., logIndex=0, commits[localhost_10001:c-1, localhost_10002:c-1, localhost_10000:c-1]
2019-09-26 14:07:00,295 INFO  client.GrpcClientProtocolService (GrpcClientProtocolService.java:lambda$processClientRequest$0(278)) - Failed RaftClientRequest:client-FBD57F74AF91->localhost_10001@group-FF371CEDE24F, cid=42, seq=0, RW, Message:321f0a0f0a0d74657374...(size=33), reply=RaftClientReply:client-FBD57F74AF91->localhost_10001@group-FF371CEDE24F, cid=42, FAILED org.apache.ratis.protocol.LeaderNotReadyException: localhost_10001@group-FF371CEDE24F is in LEADER state but not ready yet., logIndex=0, commits[localhost_10001:c-1, localhost_10002:c-1, localhost_10000:c-1]
2019-09-26 14:07:00,296 INFO  client.GrpcClientProtocolService (GrpcClientProtocolService.java:lambda$processClientRequest$0(278)) - Failed RaftClientRequest:client-FBD57F74AF91->localhost_10001@group-FF371CEDE24F, cid=42, seq=0, RW, Message:321f0a0f0a0d74657374...(size=33), reply=RaftClientReply:client-FBD57F74AF91->localhost_10001@group-FF371CEDE24F, cid=42, FAILED org.apache.ratis.protocol.LeaderNotReadyException: localhost_10001@group-FF371CEDE24F is in LEADER state but not ready yet., logIndex=0, commits[localhost_10001:c-1, localhost_10002:c-1, localhost_10000:c-1]
2019-09-26 14:07:00,297 INFO  client.GrpcClientProtocolService (GrpcClientProtocolService.java:lambda$processClientRequest$0(278)) - Failed RaftClientRequest:client-FBD57F74AF91->localhost_10001@group-FF371CEDE24F, cid=42, seq=0, RW, Message:321f0a0f0a0d74657374...(size=33), reply=RaftClientReply:client-FBD57F74AF91->localhost_10001@group-FF371CEDE24F, cid=42, FAILED org.apache.ratis.protocol.LeaderNotReadyException: localhost_10001@group-FF371CEDE24F is in LEADER state but not ready yet., logIndex=0, commits[localhost_10001:c-1, localhost_10002:c-1, localhost_10000:c-1]
2019-09-26 14:07:00,298 INFO  client.GrpcClientProtocolService (GrpcClientProtocolService.java:lambda$processClientRequest$0(278)) - Failed RaftClientRequest:client-FBD57F74AF91->localhost_10001@group-FF371CEDE24F, cid=42, seq=0, RW, Message:321f0a0f0a0d74657374...(size=33), reply=RaftClientReply:client-FBD57F74AF91->localhost_10001@group-FF371CEDE24F, cid=42, FAILED org.apache.ratis.protocol.LeaderNotReadyException: localhost_10001@group-FF371CEDE24F is in LEADER state but not ready yet., logIndex=0, commits[localhost_10001:c-1, localhost_10002:c-1, localhost_10000:c-1]
2019-09-26 14:07:00,299 INFO  client.GrpcClientProtocolService (GrpcClientProtocolService.java:lambda$processClientRequest$0(278)) - Failed RaftClientRequest:client-FBD57F74AF91->localhost_10001@group-FF371CEDE24F, cid=42, seq=0, RW, Message:321f0a0f0a0d74657374...(size=33), reply=RaftClientReply:client-FBD57F74AF91->localhost_10001@group-FF371CEDE24F, cid=42, FAILED org.apache.ratis.protocol.LeaderNotReadyException: localhost_10001@group-FF371CEDE24F is in LEADER state but not ready yet., logIndex=0, commits[localhost_10001:c-1, localhost_10002:c-1, localhost_10000:c-1]
2019-09-26 14:07:00,299 INFO  client.GrpcClientProtocolService (GrpcClientProtocolService.java:lambda$processClientRequest$0(278)) - Failed RaftClientRequest:client-FBD57F74AF91->localhost_10001@group-FF371CEDE24F, cid=42, seq=0, RW, Message:321f0a0f0a0d74657374...(size=33), reply=RaftClientReply:client-FBD57F74AF91->localhost_10001@group-FF371CEDE24F, cid=42, FAILED org.apache.ratis.protocol.LeaderNotReadyException: localhost_10001@group-FF371CEDE24F is in LEADER state but not ready yet., logIndex=0, commits[localhost_10001:c-1, localhost_10002:c-1, localhost_10000:c-1]
2019-09-26 14:07:00,300 INFO  client.GrpcClientProtocolService (GrpcClientProtocolService.java:lambda$processClientRequest$0(278)) - Failed RaftClientRequest:client-FBD57F74AF91->localhost_10001@group-FF371CEDE24F, cid=42, seq=0, RW, Message:321f0a0f0a0d74657374...(size=33), reply=RaftClientReply:client-FBD57F74AF91->localhost_10001@group-FF371CEDE24F, cid=42, FAILED org.apache.ratis.protocol.LeaderNotReadyException: localhost_10001@group-FF371CEDE24F is in LEADER state but not ready yet., logIndex=0, commits[localhost_10001:c-1, localhost_10002:c-1, localhost_10000:c-1]
2019-09-26 14:07:00,301 INFO  client.GrpcClientProtocolService (GrpcClientProtocolService.java:lambda$processClientRequest$0(278)) - Failed RaftClientRequest:client-FBD57F74AF91->localhost_10001@group-FF371CEDE24F, cid=42, seq=0, RW, Message:321f0a0f0a0d74657374...(size=33), reply=RaftClientReply:client-FBD57F74AF91->localhost_10001@group-FF371CEDE24F, cid=42, FAILED org.apache.ratis.protocol.LeaderNotReadyException: localhost_10001@group-FF371CEDE24F is in LEADER state but not ready yet., logIndex=0, commits[localhost_10001:c-1, localhost_10002:c-1, localhost_10000:c-1]
2019-09-26 14:07:00,302 INFO  client.GrpcClientProtocolService (GrpcClientProtocolService.java:lambda$processClientRequest$0(278)) - Failed RaftClientRequest:client-FBD57F74AF91->localhost_10001@group-FF371CEDE24F, cid=42, seq=0, RW, Message:321f0a0f0a0d74657374...(size=33), reply=RaftClientReply:client-FBD57F74AF91->localhost_10001@group-FF371CEDE24F, cid=42, FAILED org.apache.ratis.protocol.LeaderNotReadyException: localhost_10001@group-FF371CEDE24F is in LEADER state but not ready yet., logIndex=0, commits[localhost_10001:c-1, localhost_10002:c-1, localhost_10000:c-1]
2019-09-26 14:07:00,303 INFO  client.GrpcClientProtocolService (GrpcClientProtocolService.java:lambda$processClientRequest$0(278)) - Failed RaftClientRequest:client-FBD57F74AF91->localhost_10001@group-FF371CEDE24F, cid=42, seq=0, RW, Message:321f0a0f0a0d74657374...(size=33), reply=RaftClientReply:client-FBD57F74AF91->localhost_10001@group-FF371CEDE24F, cid=42, FAILED org.apache.ratis.protocol.LeaderNotReadyException: localhost_10001@group-FF371CEDE24F is in LEADER state but not ready yet., logIndex=0, commits[localhost_10001:c-1, localhost_10002:c-1, localhost_10000:c-1]
2019-09-26 14:07:00,304 INFO  client.GrpcClientProtocolService (GrpcClientProtocolService.java:lambda$processClientRequest$0(278)) - Failed RaftClientRequest:client-FBD57F74AF91->localhost_10001@group-FF371CEDE24F, cid=42, seq=0, RW, Message:321f0a0f0a0d74657374...(size=33), reply=RaftClientReply:client-FBD57F74AF91->localhost_10001@group-FF371CEDE24F, cid=42, FAILED org.apache.ratis.protocol.LeaderNotReadyException: localhost_10001@group-FF371CEDE24F is in LEADER state but not ready yet., logIndex=0, commits[localhost_10001:c-1, localhost_10002:c-1, localhost_10000:c-1]
2019-09-26 14:07:00,305 INFO  client.GrpcClientProtocolService (GrpcClientProtocolService.java:lambda$processClientRequest$0(278)) - Failed RaftClientRequest:client-FBD57F74AF91->localhost_10001@group-FF371CEDE24F, cid=42, seq=0, RW, Message:321f0a0f0a0d74657374...(size=33), reply=RaftClientReply:client-FBD57F74AF91->localhost_10001@group-FF371CEDE24F, cid=42, FAILED org.apache.ratis.protocol.LeaderNotReadyException: localhost_10001@group-FF371CEDE24F is in LEADER state but not ready yet., logIndex=0, commits[localhost_10001:c-1, localhost_10002:c-1, localhost_10000:c-1]
2019-09-26 14:07:00,306 INFO  client.GrpcClientProtocolService (GrpcClientProtocolService.java:lambda$processClientRequest$0(278)) - Failed RaftClientRequest:client-FBD57F74AF91->localhost_10001@group-FF371CEDE24F, cid=42, seq=0, RW, Message:321f0a0f0a0d74657374...(size=33), reply=RaftClientReply:client-FBD57F74AF91->localhost_10001@group-FF371CEDE24F, cid=42, FAILED org.apache.ratis.protocol.LeaderNotReadyException: localhost_10001@group-FF371CEDE24F is in LEADER state but not ready yet., logIndex=0, commits[localhost_10001:c-1, localhost_10002:c-1, localhost_10000:c-1]
2019-09-26 14:07:00,306 INFO  client.GrpcClientProtocolService (GrpcClientProtocolService.java:lambda$processClientRequest$0(278)) - Failed RaftClientRequest:client-FBD57F74AF91->localhost_10001@group-FF371CEDE24F, cid=42, seq=0, RW, Message:321f0a0f0a0d74657374...(size=33), reply=RaftClientReply:client-FBD57F74AF91->localhost_10001@group-FF371CEDE24F, cid=42, FAILED org.apache.ratis.protocol.LeaderNotReadyException: localhost_10001@group-FF371CEDE24F is in LEADER state but not ready yet., logIndex=0, commits[localhost_10001:c-1, localhost_10002:c-1, localhost_10000:c-1]
2019-09-26 14:07:00,307 INFO  client.GrpcClientProtocolService (GrpcClientProtocolService.java:lambda$processClientRequest$0(278)) - Failed RaftClientRequest:client-FBD57F74AF91->localhost_10001@group-FF371CEDE24F, cid=42, seq=0, RW, Message:321f0a0f0a0d74657374...(size=33), reply=RaftClientReply:client-FBD57F74AF91->localhost_10001@group-FF371CEDE24F, cid=42, FAILED org.apache.ratis.protocol.LeaderNotReadyException: localhost_10001@group-FF371CEDE24F is in LEADER state but not ready yet., logIndex=0, commits[localhost_10001:c-1, localhost_10002:c-1, localhost_10000:c-1]
2019-09-26 14:07:00,308 INFO  client.GrpcClientProtocolService (GrpcClientProtocolService.java:lambda$processClientRequest$0(278)) - Failed RaftClientRequest:client-FBD57F74AF91->localhost_10001@group-FF371CEDE24F, cid=42, seq=0, RW, Message:321f0a0f0a0d74657374...(size=33), reply=RaftClientReply:client-FBD57F74AF91->localhost_10001@group-FF371CEDE24F, cid=42, FAILED org.apache.ratis.protocol.LeaderNotReadyException: localhost_10001@group-FF371CEDE24F is in LEADER state but not ready yet., logIndex=0, commits[localhost_10001:c-1, localhost_10002:c-1, localhost_10000:c-1]
2019-09-26 14:07:00,309 INFO  client.GrpcClientProtocolService (GrpcClientProtocolService.java:lambda$processClientRequest$0(278)) - Failed RaftClientRequest:client-FBD57F74AF91->localhost_10001@group-FF371CEDE24F, cid=42, seq=0, RW, Message:321f0a0f0a0d74657374...(size=33), reply=RaftClientReply:client-FBD57F74AF91->localhost_10001@group-FF371CEDE24F, cid=42, FAILED org.apache.ratis.protocol.LeaderNotReadyException: localhost_10001@group-FF371CEDE24F is in LEADER state but not ready yet., logIndex=0, commits[localhost_10001:c-1, localhost_10002:c-1, localhost_10000:c-1]
2019-09-26 14:07:00,310 INFO  client.GrpcClientProtocolService (GrpcClientProtocolService.java:lambda$processClientRequest$0(278)) - Failed RaftClientRequest:client-FBD57F74AF91->localhost_10001@group-FF371CEDE24F, cid=42, seq=0, RW, Message:321f0a0f0a0d74657374...(size=33), reply=RaftClientReply:client-FBD57F74AF91->localhost_10001@group-FF371CEDE24F, cid=42, FAILED org.apache.ratis.protocol.LeaderNotReadyException: localhost_10001@group-FF371CEDE24F is in LEADER state but not ready yet., logIndex=0, commits[localhost_10001:c-1, localhost_10002:c-1, localhost_10000:c-1]
2019-09-26 14:07:00,310 INFO  client.GrpcClientProtocolService (GrpcClientProtocolService.java:lambda$processClientRequest$0(278)) - Failed RaftClientRequest:client-FBD57F74AF91->localhost_10001@group-FF371CEDE24F, cid=42, seq=0, RW, Message:321f0a0f0a0d74657374...(size=33), reply=RaftClientReply:client-FBD57F74AF91->localhost_10001@group-FF371CEDE24F, cid=42, FAILED org.apache.ratis.protocol.LeaderNotReadyException: localhost_10001@group-FF371CEDE24F is in LEADER state but not ready yet., logIndex=0, commits[localhost_10001:c-1, localhost_10002:c-1, localhost_10000:c-1]
2019-09-26 14:07:00,311 INFO  client.GrpcClientProtocolService (GrpcClientProtocolService.java:lambda$processClientRequest$0(278)) - Failed RaftClientRequest:client-FBD57F74AF91->localhost_10001@group-FF371CEDE24F, cid=42, seq=0, RW, Message:321f0a0f0a0d74657374...(size=33), reply=RaftClientReply:client-FBD57F74AF91->localhost_10001@group-FF371CEDE24F, cid=42, FAILED org.apache.ratis.protocol.LeaderNotReadyException: localhost_10001@group-FF371CEDE24F is in LEADER state but not ready yet., logIndex=0, commits[localhost_10001:c-1, localhost_10002:c-1, localhost_10000:c-1]
2019-09-26 14:07:00,312 INFO  client.GrpcClientProtocolService (GrpcClientProtocolService.java:lambda$processClientRequest$0(278)) - Failed RaftClientRequest:client-FBD57F74AF91->localhost_10001@group-FF371CEDE24F, cid=42, seq=0, RW, Message:321f0a0f0a0d74657374...(size=33), reply=RaftClientReply:client-FBD57F74AF91->localhost_10001@group-FF371CEDE24F, cid=42, FAILED org.apache.ratis.protocol.LeaderNotReadyException: localhost_10001@group-FF371CEDE24F is in LEADER state but not ready yet., logIndex=0, commits[localhost_10001:c-1, localhost_10002:c-1, localhost_10000:c-1]
2019-09-26 14:07:00,313 INFO  client.GrpcClientProtocolService (GrpcClientProtocolService.java:lambda$processClientRequest$0(278)) - Failed RaftClientRequest:client-FBD57F74AF91->localhost_10001@group-FF371CEDE24F, cid=42, seq=0, RW, Message:321f0a0f0a0d74657374...(size=33), reply=RaftClientReply:client-FBD57F74AF91->localhost_10001@group-FF371CEDE24F, cid=42, FAILED org.apache.ratis.protocol.LeaderNotReadyException: localhost_10001@group-FF371CEDE24F is in LEADER state but not ready yet., logIndex=0, commits[localhost_10001:c-1, localhost_10002:c-1, localhost_10000:c-1]
2019-09-26 14:07:00,314 INFO  client.GrpcClientProtocolService (GrpcClientProtocolService.java:lambda$processClientRequest$0(278)) - Failed RaftClientRequest:client-FBD57F74AF91->localhost_10001@group-FF371CEDE24F, cid=42, seq=0, RW, Message:321f0a0f0a0d74657374...(size=33), reply=RaftClientReply:client-FBD57F74AF91->localhost_10001@group-FF371CEDE24F, cid=42, FAILED org.apache.ratis.protocol.LeaderNotReadyException: localhost_10001@group-FF371CEDE24F is in LEADER state but not ready yet., logIndex=0, commits[localhost_10001:c-1, localhost_10002:c-1, localhost_10000:c-1]
2019-09-26 14:07:00,315 INFO  client.GrpcClientProtocolService (GrpcClientProtocolService.java:lambda$processClientRequest$0(278)) - Failed RaftClientRequest:client-FBD57F74AF91->localhost_10001@group-FF371CEDE24F, cid=42, seq=0, RW, Message:321f0a0f0a0d74657374...(size=33), reply=RaftClientReply:client-FBD57F74AF91->localhost_10001@group-FF371CEDE24F, cid=42, FAILED org.apache.ratis.protocol.LeaderNotReadyException: localhost_10001@group-FF371CEDE24F is in LEADER state but not ready yet., logIndex=0, commits[localhost_10001:c-1, localhost_10002:c-1, localhost_10000:c-1]
2019-09-26 14:07:00,315 INFO  client.GrpcClientProtocolService (GrpcClientProtocolService.java:lambda$processClientRequest$0(278)) - Failed RaftClientRequest:client-FBD57F74AF91->localhost_10001@group-FF371CEDE24F, cid=42, seq=0, RW, Message:321f0a0f0a0d74657374...(size=33), reply=RaftClientReply:client-FBD57F74AF91->localhost_10001@group-FF371CEDE24F, cid=42, FAILED org.apache.ratis.protocol.LeaderNotReadyException: localhost_10001@group-FF371CEDE24F is in LEADER state but not ready yet., logIndex=0, commits[localhost_10001:c-1, localhost_10002:c-1, localhost_10000:c-1]
2019-09-26 14:07:00,316 INFO  client.GrpcClientProtocolService (GrpcClientProtocolService.java:lambda$processClientRequest$0(278)) - Failed RaftClientRequest:client-FBD57F74AF91->localhost_10001@group-FF371CEDE24F, cid=42, seq=0, RW, Message:321f0a0f0a0d74657374...(size=33), reply=RaftClientReply:client-FBD57F74AF91->localhost_10001@group-FF371CEDE24F, cid=42, FAILED org.apache.ratis.protocol.LeaderNotReadyException: localhost_10001@group-FF371CEDE24F is in LEADER state but not ready yet., logIndex=0, commits[localhost_10001:c-1, localhost_10002:c-1, localhost_10000:c-1]
2019-09-26 14:07:00,317 INFO  client.GrpcClientProtocolService (GrpcClientProtocolService.java:lambda$processClientRequest$0(278)) - Failed RaftClientRequest:client-FBD57F74AF91->localhost_10001@group-FF371CEDE24F, cid=42, seq=0, RW, Message:321f0a0f0a0d74657374...(size=33), reply=RaftClientReply:client-FBD57F74AF91->localhost_10001@group-FF371CEDE24F, cid=42, FAILED org.apache.ratis.protocol.LeaderNotReadyException: localhost_10001@group-FF371CEDE24F is in LEADER state but not ready yet., logIndex=0, commits[localhost_10001:c-1, localhost_10002:c-1, localhost_10000:c-1]
2019-09-26 14:07:00,318 INFO  client.GrpcClientProtocolService (GrpcClientProtocolService.java:lambda$processClientRequest$0(278)) - Failed RaftClientRequest:client-FBD57F74AF91->localhost_10001@group-FF371CEDE24F, cid=42, seq=0, RW, Message:321f0a0f0a0d74657374...(size=33), reply=RaftClientReply:client-FBD57F74AF91->localhost_10001@group-FF371CEDE24F, cid=42, FAILED org.apache.ratis.protocol.LeaderNotReadyException: localhost_10001@group-FF371CEDE24F is in LEADER state but not ready yet., logIndex=0, commits[localhost_10001:c-1, localhost_10002:c-1, localhost_10000:c-1]
2019-09-26 14:07:00,318 INFO  client.GrpcClientProtocolService (GrpcClientProtocolService.java:lambda$processClientRequest$0(278)) - Failed RaftClientRequest:client-FBD57F74AF91->localhost_10001@group-FF371CEDE24F, cid=42, seq=0, RW, Message:321f0a0f0a0d74657374...(size=33), reply=RaftClientReply:client-FBD57F74AF91->localhost_10001@group-FF371CEDE24F, cid=42, FAILED org.apache.ratis.protocol.LeaderNotReadyException: localhost_10001@group-FF371CEDE24F is in LEADER state but not ready yet., logIndex=0, commits[localhost_10001:c-1, localhost_10002:c-1, localhost_10000:c-1]
2019-09-26 14:07:00,319 INFO  client.GrpcClientProtocolService (GrpcClientProtocolService.java:lambda$processClientRequest$0(278)) - Failed RaftClientRequest:client-FBD57F74AF91->localhost_10001@group-FF371CEDE24F, cid=42, seq=0, RW, Message:321f0a0f0a0d74657374...(size=33), reply=RaftClientReply:client-FBD57F74AF91->localhost_10001@group-FF371CEDE24F, cid=42, FAILED org.apache.ratis.protocol.LeaderNotReadyException: localhost_10001@group-FF371CEDE24F is in LEADER state but not ready yet., logIndex=0, commits[localhost_10001:c-1, localhost_10002:c-1, localhost_10000:c-1]
2019-09-26 14:07:00,320 INFO  client.GrpcClientProtocolService (GrpcClientProtocolService.java:lambda$processClientRequest$0(278)) - Failed RaftClientRequest:client-FBD57F74AF91->localhost_10001@group-FF371CEDE24F, cid=42, seq=0, RW, Message:321f0a0f0a0d74657374...(size=33), reply=RaftClientReply:client-FBD57F74AF91->localhost_10001@group-FF371CEDE24F, cid=42, FAILED org.apache.ratis.protocol.LeaderNotReadyException: localhost_10001@group-FF371CEDE24F is in LEADER state but not ready yet., logIndex=0, commits[localhost_10001:c-1, localhost_10002:c-1, localhost_10000:c-1]
2019-09-26 14:07:00,321 INFO  client.GrpcClientProtocolService (GrpcClientProtocolService.java:lambda$processClientRequest$0(278)) - Failed RaftClientRequest:client-FBD57F74AF91->localhost_10001@group-FF371CEDE24F, cid=42, seq=0, RW, Message:321f0a0f0a0d74657374...(size=33), reply=RaftClientReply:client-FBD57F74AF91->localhost_10001@group-FF371CEDE24F, cid=42, FAILED org.apache.ratis.protocol.LeaderNotReadyException: localhost_10001@group-FF371CEDE24F is in LEADER state but not ready yet., logIndex=0, commits[localhost_10001:c-1, localhost_10002:c-1, localhost_10000:c-1]
2019-09-26 14:07:00,322 INFO  client.GrpcClientProtocolService (GrpcClientProtocolService.java:lambda$processClientRequest$0(278)) - Failed RaftClientRequest:client-FBD57F74AF91->localhost_10001@group-FF371CEDE24F, cid=42, seq=0, RW, Message:321f0a0f0a0d74657374...(size=33), reply=RaftClientReply:client-FBD57F74AF91->localhost_10001@group-FF371CEDE24F, cid=42, FAILED org.apache.ratis.protocol.LeaderNotReadyException: localhost_10001@group-FF371CEDE24F is in LEADER state but not ready yet., logIndex=0, commits[localhost_10001:c-1, localhost_10002:c-1, localhost_10000:c-1]
2019-09-26 14:07:00,322 INFO  client.GrpcClientProtocolService (GrpcClientProtocolService.java:lambda$processClientRequest$0(278)) - Failed RaftClientRequest:client-FBD57F74AF91->localhost_10001@group-FF371CEDE24F, cid=42, seq=0, RW, Message:321f0a0f0a0d74657374...(size=33), reply=RaftClientReply:client-FBD57F74AF91->localhost_10001@group-FF371CEDE24F, cid=42, FAILED org.apache.ratis.protocol.LeaderNotReadyException: localhost_10001@group-FF371CEDE24F is in LEADER state but not ready yet., logIndex=0, commits[localhost_10001:c-1, localhost_10002:c-1, localhost_10000:c-1]
2019-09-26 14:07:00,323 INFO  client.GrpcClientProtocolService (GrpcClientProtocolService.java:lambda$processClientRequest$0(278)) - Failed RaftClientRequest:client-FBD57F74AF91->localhost_10001@group-FF371CEDE24F, cid=42, seq=0, RW, Message:321f0a0f0a0d74657374...(size=33), reply=RaftClientReply:client-FBD57F74AF91->localhost_10001@group-FF371CEDE24F, cid=42, FAILED org.apache.ratis.protocol.LeaderNotReadyException: localhost_10001@group-FF371CEDE24F is in LEADER state but not ready yet., logIndex=0, commits[localhost_10001:c-1, localhost_10002:c-1, localhost_10000:c-1]
2019-09-26 14:07:00,324 INFO  client.GrpcClientProtocolService (GrpcClientProtocolService.java:lambda$processClientRequest$0(278)) - Failed RaftClientRequest:client-FBD57F74AF91->localhost_10001@group-FF371CEDE24F, cid=42, seq=0, RW, Message:321f0a0f0a0d74657374...(size=33), reply=RaftClientReply:client-FBD57F74AF91->localhost_10001@group-FF371CEDE24F, cid=42, FAILED org.apache.ratis.protocol.LeaderNotReadyException: localhost_10001@group-FF371CEDE24F is in LEADER state but not ready yet., logIndex=0, commits[localhost_10001:c-1, localhost_10002:c-1, localhost_10000:c-1]
2019-09-26 14:07:00,325 INFO  client.GrpcClientProtocolService (GrpcClientProtocolService.java:lambda$processClientRequest$0(278)) - Failed RaftClientRequest:client-FBD57F74AF91->localhost_10001@group-FF371CEDE24F, cid=42, seq=0, RW, Message:321f0a0f0a0d74657374...(size=33), reply=RaftClientReply:client-FBD57F74AF91->localhost_10001@group-FF371CEDE24F, cid=42, FAILED org.apache.ratis.protocol.LeaderNotReadyException: localhost_10001@group-FF371CEDE24F is in LEADER state but not ready yet., logIndex=0, commits[localhost_10001:c-1, localhost_10002:c-1, localhost_10000:c-1]
2019-09-26 14:07:00,326 INFO  client.GrpcClientProtocolService (GrpcClientProtocolService.java:lambda$processClientRequest$0(278)) - Failed RaftClientRequest:client-FBD57F74AF91->localhost_10001@group-FF371CEDE24F, cid=42, seq=0, RW, Message:321f0a0f0a0d74657374...(size=33), reply=RaftClientReply:client-FBD57F74AF91->localhost_10001@group-FF371CEDE24F, cid=42, FAILED org.apache.ratis.protocol.LeaderNotReadyException: localhost_10001@group-FF371CEDE24F is in LEADER state but not ready yet., logIndex=0, commits[localhost_10001:c-1, localhost_10002:c-1, localhost_10000:c-1]
2019-09-26 14:07:00,326 INFO  client.GrpcClientProtocolService (GrpcClientProtocolService.java:lambda$processClientRequest$0(278)) - Failed RaftClientRequest:client-FBD57F74AF91->localhost_10001@group-FF371CEDE24F, cid=42, seq=0, RW, Message:321f0a0f0a0d74657374...(size=33), reply=RaftClientReply:client-FBD57F74AF91->localhost_10001@group-FF371CEDE24F, cid=42, FAILED org.apache.ratis.protocol.LeaderNotReadyException: localhost_10001@group-FF371CEDE24F is in LEADER state but not ready yet., logIndex=0, commits[localhost_10001:c-1, localhost_10002:c-1, localhost_10000:c-1]
2019-09-26 14:07:00,327 INFO  client.GrpcClientProtocolService (GrpcClientProtocolService.java:lambda$processClientRequest$0(278)) - Failed RaftClientRequest:client-FBD57F74AF91->localhost_10001@group-FF371CEDE24F, cid=42, seq=0, RW, Message:321f0a0f0a0d74657374...(size=33), reply=RaftClientReply:client-FBD57F74AF91->localhost_10001@group-FF371CEDE24F, cid=42, FAILED org.apache.ratis.protocol.LeaderNotReadyException: localhost_10001@group-FF371CEDE24F is in LEADER state but not ready yet., logIndex=0, commits[localhost_10001:c-1, localhost_10002:c-1, localhost_10000:c-1]
2019-09-26 14:07:00,328 INFO  client.GrpcClientProtocolService (GrpcClientProtocolService.java:lambda$processClientRequest$0(278)) - Failed RaftClientRequest:client-FBD57F74AF91->localhost_10001@group-FF371CEDE24F, cid=42, seq=0, RW, Message:321f0a0f0a0d74657374...(size=33), reply=RaftClientReply:client-FBD57F74AF91->localhost_10001@group-FF371CEDE24F, cid=42, FAILED org.apache.ratis.protocol.LeaderNotReadyException: localhost_10001@group-FF371CEDE24F is in LEADER state but not ready yet., logIndex=0, commits[localhost_10001:c-1, localhost_10002:c-1, localhost_10000:c-1]
2019-09-26 14:07:00,329 INFO  client.GrpcClientProtocolService (GrpcClientProtocolService.java:lambda$processClientRequest$0(278)) - Failed RaftClientRequest:client-FBD57F74AF91->localhost_10001@group-FF371CEDE24F, cid=42, seq=0, RW, Message:321f0a0f0a0d74657374...(size=33), reply=RaftClientReply:client-FBD57F74AF91->localhost_10001@group-FF371CEDE24F, cid=42, FAILED org.apache.ratis.protocol.LeaderNotReadyException: localhost_10001@group-FF371CEDE24F is in LEADER state but not ready yet., logIndex=0, commits[localhost_10001:c-1, localhost_10002:c-1, localhost_10000:c-1]
2019-09-26 14:07:00,329 INFO  client.GrpcClientProtocolService (GrpcClientProtocolService.java:lambda$processClientRequest$0(278)) - Failed RaftClientRequest:client-FBD57F74AF91->localhost_10001@group-FF371CEDE24F, cid=42, seq=0, RW, Message:321f0a0f0a0d74657374...(size=33), reply=RaftClientReply:client-FBD57F74AF91->localhost_10001@group-FF371CEDE24F, cid=42, FAILED org.apache.ratis.protocol.LeaderNotReadyException: localhost_10001@group-FF371CEDE24F is in LEADER state but not ready yet., logIndex=0, commits[localhost_10001:c-1, localhost_10002:c-1, localhost_10000:c-1]
2019-09-26 14:07:00,330 INFO  client.GrpcClientProtocolService (GrpcClientProtocolService.java:lambda$processClientRequest$0(278)) - Failed RaftClientRequest:client-FBD57F74AF91->localhost_10001@group-FF371CEDE24F, cid=42, seq=0, RW, Message:321f0a0f0a0d74657374...(size=33), reply=RaftClientReply:client-FBD57F74AF91->localhost_10001@group-FF371CEDE24F, cid=42, FAILED org.apache.ratis.protocol.LeaderNotReadyException: localhost_10001@group-FF371CEDE24F is in LEADER state but not ready yet., logIndex=0, commits[localhost_10001:c-1, localhost_10002:c-1, localhost_10000:c-1]
2019-09-26 14:07:00,331 INFO  client.GrpcClientProtocolService (GrpcClientProtocolService.java:lambda$processClientRequest$0(278)) - Failed RaftClientRequest:client-FBD57F74AF91->localhost_10001@group-FF371CEDE24F, cid=42, seq=0, RW, Message:321f0a0f0a0d74657374...(size=33), reply=RaftClientReply:client-FBD57F74AF91->localhost_10001@group-FF371CEDE24F, cid=42, FAILED org.apache.ratis.protocol.LeaderNotReadyException: localhost_10001@group-FF371CEDE24F is in LEADER state but not ready yet., logIndex=0, commits[localhost_10001:c-1, localhost_10002:c-1, localhost_10000:c-1]
2019-09-26 14:07:00,332 INFO  client.GrpcClientProtocolService (GrpcClientProtocolService.java:lambda$processClientRequest$0(278)) - Failed RaftClientRequest:client-FBD57F74AF91->localhost_10001@group-FF371CEDE24F, cid=42, seq=0, RW, Message:321f0a0f0a0d74657374...(size=33), reply=RaftClientReply:client-FBD57F74AF91->localhost_10001@group-FF371CEDE24F, cid=42, FAILED org.apache.ratis.protocol.LeaderNotReadyException: localhost_10001@group-FF371CEDE24F is in LEADER state but not ready yet., logIndex=0, commits[localhost_10001:c-1, localhost_10002:c-1, localhost_10000:c-1]
2019-09-26 14:07:00,333 INFO  client.GrpcClientProtocolService (GrpcClientProtocolService.java:lambda$processClientRequest$0(278)) - Failed RaftClientRequest:client-FBD57F74AF91->localhost_10001@group-FF371CEDE24F, cid=42, seq=0, RW, Message:321f0a0f0a0d74657374...(size=33), reply=RaftClientReply:client-FBD57F74AF91->localhost_10001@group-FF371CEDE24F, cid=42, FAILED org.apache.ratis.protocol.LeaderNotReadyException: localhost_10001@group-FF371CEDE24F is in LEADER state but not ready yet., logIndex=0, commits[localhost_10001:c-1, localhost_10002:c-1, localhost_10000:c-1]
2019-09-26 14:07:00,333 INFO  client.GrpcClientProtocolService (GrpcClientProtocolService.java:lambda$processClientRequest$0(278)) - Failed RaftClientRequest:client-FBD57F74AF91->localhost_10001@group-FF371CEDE24F, cid=42, seq=0, RW, Message:321f0a0f0a0d74657374...(size=33), reply=RaftClientReply:client-FBD57F74AF91->localhost_10001@group-FF371CEDE24F, cid=42, FAILED org.apache.ratis.protocol.LeaderNotReadyException: localhost_10001@group-FF371CEDE24F is in LEADER state but not ready yet., logIndex=0, commits[localhost_10001:c-1, localhost_10002:c-1, localhost_10000:c-1]
2019-09-26 14:07:00,334 INFO  client.GrpcClientProtocolService (GrpcClientProtocolService.java:lambda$processClientRequest$0(278)) - Failed RaftClientRequest:client-FBD57F74AF91->localhost_10001@group-FF371CEDE24F, cid=42, seq=0, RW, Message:321f0a0f0a0d74657374...(size=33), reply=RaftClientReply:client-FBD57F74AF91->localhost_10001@group-FF371CEDE24F, cid=42, FAILED org.apache.ratis.protocol.LeaderNotReadyException: localhost_10001@group-FF371CEDE24F is in LEADER state but not ready yet., logIndex=0, commits[localhost_10001:c-1, localhost_10002:c-1, localhost_10000:c-1]
2019-09-26 14:07:00,335 INFO  client.GrpcClientProtocolService (GrpcClientProtocolService.java:lambda$processClientRequest$0(278)) - Failed RaftClientRequest:client-FBD57F74AF91->localhost_10001@group-FF371CEDE24F, cid=42, seq=0, RW, Message:321f0a0f0a0d74657374...(size=33), reply=RaftClientReply:client-FBD57F74AF91->localhost_10001@group-FF371CEDE24F, cid=42, FAILED org.apache.ratis.protocol.LeaderNotReadyException: localhost_10001@group-FF371CEDE24F is in LEADER state but not ready yet., logIndex=0, commits[localhost_10001:c-1, localhost_10002:c-1, localhost_10000:c-1]
2019-09-26 14:07:00,336 INFO  client.GrpcClientProtocolService (GrpcClientProtocolService.java:lambda$processClientRequest$0(278)) - Failed RaftClientRequest:client-FBD57F74AF91->localhost_10001@group-FF371CEDE24F, cid=42, seq=0, RW, Message:321f0a0f0a0d74657374...(size=33), reply=RaftClientReply:client-FBD57F74AF91->localhost_10001@group-FF371CEDE24F, cid=42, FAILED org.apache.ratis.protocol.LeaderNotReadyException: localhost_10001@group-FF371CEDE24F is in LEADER state but not ready yet., logIndex=0, commits[localhost_10001:c-1, localhost_10002:c-1, localhost_10000:c-1]
2019-09-26 14:07:00,337 INFO  client.GrpcClientProtocolService (GrpcClientProtocolService.java:lambda$processClientRequest$0(278)) - Failed RaftClientRequest:client-FBD57F74AF91->localhost_10001@group-FF371CEDE24F, cid=42, seq=0, RW, Message:321f0a0f0a0d74657374...(size=33), reply=RaftClientReply:client-FBD57F74AF91->localhost_10001@group-FF371CEDE24F, cid=42, FAILED org.apache.ratis.protocol.LeaderNotReadyException: localhost_10001@group-FF371CEDE24F is in LEADER state but not ready yet., logIndex=0, commits[localhost_10001:c-1, localhost_10002:c-1, localhost_10000:c-1]
2019-09-26 14:07:00,337 INFO  client.GrpcClientProtocolService (GrpcClientProtocolService.java:lambda$processClientRequest$0(278)) - Failed RaftClientRequest:client-FBD57F74AF91->localhost_10001@group-FF371CEDE24F, cid=42, seq=0, RW, Message:321f0a0f0a0d74657374...(size=33), reply=RaftClientReply:client-FBD57F74AF91->localhost_10001@group-FF371CEDE24F, cid=42, FAILED org.apache.ratis.protocol.LeaderNotReadyException: localhost_10001@group-FF371CEDE24F is in LEADER state but not ready yet., logIndex=0, commits[localhost_10001:c-1, localhost_10002:c-1, localhost_10000:c-1]
2019-09-26 14:07:00,338 INFO  client.GrpcClientProtocolService (GrpcClientProtocolService.java:lambda$processClientRequest$0(278)) - Failed RaftClientRequest:client-FBD57F74AF91->localhost_10001@group-FF371CEDE24F, cid=42, seq=0, RW, Message:321f0a0f0a0d74657374...(size=33), reply=RaftClientReply:client-FBD57F74AF91->localhost_10001@group-FF371CEDE24F, cid=42, FAILED org.apache.ratis.protocol.LeaderNotReadyException: localhost_10001@group-FF371CEDE24F is in LEADER state but not ready yet., logIndex=0, commits[localhost_10001:c-1, localhost_10002:c-1, localhost_10000:c-1]
2019-09-26 14:07:00,339 INFO  client.GrpcClientProtocolService (GrpcClientProtocolService.java:lambda$processClientRequest$0(278)) - Failed RaftClientRequest:client-FBD57F74AF91->localhost_10001@group-FF371CEDE24F, cid=42, seq=0, RW, Message:321f0a0f0a0d74657374...(size=33), reply=RaftClientReply:client-FBD57F74AF91->localhost_10001@group-FF371CEDE24F, cid=42, FAILED org.apache.ratis.protocol.LeaderNotReadyException: localhost_10001@group-FF371CEDE24F is in LEADER state but not ready yet., logIndex=0, commits[localhost_10001:c-1, localhost_10002:c-1, localhost_10000:c-1]
2019-09-26 14:07:00,340 INFO  client.GrpcClientProtocolService (GrpcClientProtocolService.java:lambda$processClientRequest$0(278)) - Failed RaftClientRequest:client-FBD57F74AF91->localhost_10001@group-FF371CEDE24F, cid=42, seq=0, RW, Message:321f0a0f0a0d74657374...(size=33), reply=RaftClientReply:client-FBD57F74AF91->localhost_10001@group-FF371CEDE24F, cid=42, FAILED org.apache.ratis.protocol.LeaderNotReadyException: localhost_10001@group-FF371CEDE24F is in LEADER state but not ready yet., logIndex=0, commits[localhost_10001:c-1, localhost_10002:c-1, localhost_10000:c-1]
2019-09-26 14:07:00,341 INFO  client.GrpcClientProtocolService (GrpcClientProtocolService.java:lambda$processClientRequest$0(278)) - Failed RaftClientRequest:client-FBD57F74AF91->localhost_10001@group-FF371CEDE24F, cid=42, seq=0, RW, Message:321f0a0f0a0d74657374...(size=33), reply=RaftClientReply:client-FBD57F74AF91->localhost_10001@group-FF371CEDE24F, cid=42, FAILED org.apache.ratis.protocol.LeaderNotReadyException: localhost_10001@group-FF371CEDE24F is in LEADER state but not ready yet., logIndex=0, commits[localhost_10001:c-1, localhost_10002:c-1, localhost_10000:c-1]
2019-09-26 14:07:00,342 INFO  client.GrpcClientProtocolService (GrpcClientProtocolService.java:lambda$processClientRequest$0(278)) - Failed RaftClientRequest:client-FBD57F74AF91->localhost_10001@group-FF371CEDE24F, cid=42, seq=0, RW, Message:321f0a0f0a0d74657374...(size=33), reply=RaftClientReply:client-FBD57F74AF91->localhost_10001@group-FF371CEDE24F, cid=42, FAILED org.apache.ratis.protocol.LeaderNotReadyException: localhost_10001@group-FF371CEDE24F is in LEADER state but not ready yet., logIndex=0, commits[localhost_10001:c-1, localhost_10002:c-1, localhost_10000:c-1]
2019-09-26 14:07:00,344 INFO  client.GrpcClientProtocolService (GrpcClientProtocolService.java:lambda$processClientRequest$0(278)) - Failed RaftClientRequest:client-FBD57F74AF91->localhost_10001@group-FF371CEDE24F, cid=42, seq=0, RW, Message:321f0a0f0a0d74657374...(size=33), reply=RaftClientReply:client-FBD57F74AF91->localhost_10001@group-FF371CEDE24F, cid=42, FAILED org.apache.ratis.protocol.LeaderNotReadyException: localhost_10001@group-FF371CEDE24F is in LEADER state but not ready yet., logIndex=0, commits[localhost_10001:c-1, localhost_10002:c-1, localhost_10000:c-1]
2019-09-26 14:07:00,345 INFO  client.GrpcClientProtocolService (GrpcClientProtocolService.java:lambda$processClientRequest$0(278)) - Failed RaftClientRequest:client-FBD57F74AF91->localhost_10001@group-FF371CEDE24F, cid=42, seq=0, RW, Message:321f0a0f0a0d74657374...(size=33), reply=RaftClientReply:client-FBD57F74AF91->localhost_10001@group-FF371CEDE24F, cid=42, FAILED org.apache.ratis.protocol.LeaderNotReadyException: localhost_10001@group-FF371CEDE24F is in LEADER state but not ready yet., logIndex=0, commits[localhost_10001:c-1, localhost_10002:c-1, localhost_10000:c-1]
2019-09-26 14:07:00,346 INFO  client.GrpcClientProtocolService (GrpcClientProtocolService.java:lambda$processClientRequest$0(278)) - Failed RaftClientRequest:client-FBD57F74AF91->localhost_10001@group-FF371CEDE24F, cid=42, seq=0, RW, Message:321f0a0f0a0d74657374...(size=33), reply=RaftClientReply:client-FBD57F74AF91->localhost_10001@group-FF371CEDE24F, cid=42, FAILED org.apache.ratis.protocol.LeaderNotReadyException: localhost_10001@group-FF371CEDE24F is in LEADER state but not ready yet., logIndex=0, commits[localhost_10001:c-1, localhost_10002:c-1, localhost_10000:c-1]
2019-09-26 14:07:00,347 INFO  client.GrpcClientProtocolService (GrpcClientProtocolService.java:lambda$processClientRequest$0(278)) - Failed RaftClientRequest:client-FBD57F74AF91->localhost_10001@group-FF371CEDE24F, cid=42, seq=0, RW, Message:321f0a0f0a0d74657374...(size=33), reply=RaftClientReply:client-FBD57F74AF91->localhost_10001@group-FF371CEDE24F, cid=42, FAILED org.apache.ratis.protocol.LeaderNotReadyException: localhost_10001@group-FF371CEDE24F is in LEADER state but not ready yet., logIndex=0, commits[localhost_10001:c-1, localhost_10002:c-1, localhost_10000:c-1]
2019-09-26 14:07:00,347 INFO  client.GrpcClientProtocolService (GrpcClientProtocolService.java:lambda$processClientRequest$0(278)) - Failed RaftClientRequest:client-FBD57F74AF91->localhost_10001@group-FF371CEDE24F, cid=42, seq=0, RW, Message:321f0a0f0a0d74657374...(size=33), reply=RaftClientReply:client-FBD57F74AF91->localhost_10001@group-FF371CEDE24F, cid=42, FAILED org.apache.ratis.protocol.LeaderNotReadyException: localhost_10001@group-FF371CEDE24F is in LEADER state but not ready yet., logIndex=0, commits[localhost_10001:c-1, localhost_10002:c-1, localhost_10000:c-1]
2019-09-26 14:07:00,348 INFO  client.GrpcClientProtocolService (GrpcClientProtocolService.java:lambda$processClientRequest$0(278)) - Failed RaftClientRequest:client-FBD57F74AF91->localhost_10001@group-FF371CEDE24F, cid=42, seq=0, RW, Message:321f0a0f0a0d74657374...(size=33), reply=RaftClientReply:client-FBD57F74AF91->localhost_10001@group-FF371CEDE24F, cid=42, FAILED org.apache.ratis.protocol.LeaderNotReadyException: localhost_10001@group-FF371CEDE24F is in LEADER state but not ready yet., logIndex=0, commits[localhost_10001:c-1, localhost_10002:c-1, localhost_10000:c-1]
2019-09-26 14:07:00,349 INFO  client.GrpcClientProtocolService (GrpcClientProtocolService.java:lambda$processClientRequest$0(278)) - Failed RaftClientRequest:client-FBD57F74AF91->localhost_10001@group-FF371CEDE24F, cid=42, seq=0, RW, Message:321f0a0f0a0d74657374...(size=33), reply=RaftClientReply:client-FBD57F74AF91->localhost_10001@group-FF371CEDE24F, cid=42, FAILED org.apache.ratis.protocol.LeaderNotReadyException: localhost_10001@group-FF371CEDE24F is in LEADER state but not ready yet., logIndex=0, commits[localhost_10001:c-1, localhost_10002:c-1, localhost_10000:c-1]
2019-09-26 14:07:00,350 INFO  client.GrpcClientProtocolService (GrpcClientProtocolService.java:lambda$processClientRequest$0(278)) - Failed RaftClientRequest:client-FBD57F74AF91->localhost_10001@group-FF371CEDE24F, cid=42, seq=0, RW, Message:321f0a0f0a0d74657374...(size=33), reply=RaftClientReply:client-FBD57F74AF91->localhost_10001@group-FF371CEDE24F, cid=42, FAILED org.apache.ratis.protocol.LeaderNotReadyException: localhost_10001@group-FF371CEDE24F is in LEADER state but not ready yet., logIndex=0, commits[localhost_10001:c-1, localhost_10002:c-1, localhost_10000:c-1]
2019-09-26 14:07:00,351 INFO  client.GrpcClientProtocolService (GrpcClientProtocolService.java:lambda$processClientRequest$0(278)) - Failed RaftClientRequest:client-FBD57F74AF91->localhost_10001@group-FF371CEDE24F, cid=42, seq=0, RW, Message:321f0a0f0a0d74657374...(size=33), reply=RaftClientReply:client-FBD57F74AF91->localhost_10001@group-FF371CEDE24F, cid=42, FAILED org.apache.ratis.protocol.LeaderNotReadyException: localhost_10001@group-FF371CEDE24F is in LEADER state but not ready yet., logIndex=0, commits[localhost_10001:c-1, localhost_10002:c-1, localhost_10000:c-1]
2019-09-26 14:07:00,353 INFO  client.GrpcClientProtocolService (GrpcClientProtocolService.java:lambda$processClientRequest$0(278)) - Failed RaftClientRequest:client-FBD57F74AF91->localhost_10001@group-FF371CEDE24F, cid=42, seq=0, RW, Message:321f0a0f0a0d74657374...(size=33), reply=RaftClientReply:client-FBD57F74AF91->localhost_10001@group-FF371CEDE24F, cid=42, FAILED org.apache.ratis.protocol.LeaderNotReadyException: localhost_10001@group-FF371CEDE24F is in LEADER state but not ready yet., logIndex=0, commits[localhost_10001:c-1, localhost_10002:c-1, localhost_10000:c-1]
2019-09-26 14:07:00,354 INFO  client.GrpcClientProtocolService (GrpcClientProtocolService.java:lambda$processClientRequest$0(278)) - Failed RaftClientRequest:client-FBD57F74AF91->localhost_10001@group-FF371CEDE24F, cid=42, seq=0, RW, Message:321f0a0f0a0d74657374...(size=33), reply=RaftClientReply:client-FBD57F74AF91->localhost_10001@group-FF371CEDE24F, cid=42, FAILED org.apache.ratis.protocol.LeaderNotReadyException: localhost_10001@group-FF371CEDE24F is in LEADER state but not ready yet., logIndex=0, commits[localhost_10001:c-1, localhost_10002:c-1, localhost_10000:c-1]
2019-09-26 14:07:00,355 INFO  client.GrpcClientProtocolService (GrpcClientProtocolService.java:lambda$processClientRequest$0(278)) - Failed RaftClientRequest:client-FBD57F74AF91->localhost_10001@group-FF371CEDE24F, cid=42, seq=0, RW, Message:321f0a0f0a0d74657374...(size=33), reply=RaftClientReply:client-FBD57F74AF91->localhost_10001@group-FF371CEDE24F, cid=42, FAILED org.apache.ratis.protocol.LeaderNotReadyException: localhost_10001@group-FF371CEDE24F is in LEADER state but not ready yet., logIndex=0, commits[localhost_10001:c-1, localhost_10002:c-1, localhost_10000:c-1]
2019-09-26 14:07:00,355 INFO  client.GrpcClientProtocolService (GrpcClientProtocolService.java:lambda$processClientRequest$0(278)) - Failed RaftClientRequest:client-FBD57F74AF91->localhost_10001@group-FF371CEDE24F, cid=42, seq=0, RW, Message:321f0a0f0a0d74657374...(size=33), reply=RaftClientReply:client-FBD57F74AF91->localhost_10001@group-FF371CEDE24F, cid=42, FAILED org.apache.ratis.protocol.LeaderNotReadyException: localhost_10001@group-FF371CEDE24F is in LEADER state but not ready yet., logIndex=0, commits[localhost_10001:c-1, localhost_10002:c-1, localhost_10000:c-1]
2019-09-26 14:07:00,356 INFO  client.GrpcClientProtocolService (GrpcClientProtocolService.java:lambda$processClientRequest$0(278)) - Failed RaftClientRequest:client-FBD57F74AF91->localhost_10001@group-FF371CEDE24F, cid=42, seq=0, RW, Message:321f0a0f0a0d74657374...(size=33), reply=RaftClientReply:client-FBD57F74AF91->localhost_10001@group-FF371CEDE24F, cid=42, FAILED org.apache.ratis.protocol.LeaderNotReadyException: localhost_10001@group-FF371CEDE24F is in LEADER state but not ready yet., logIndex=0, commits[localhost_10001:c-1, localhost_10002:c-1, localhost_10000:c-1]
2019-09-26 14:07:00,357 INFO  client.GrpcClientProtocolService (GrpcClientProtocolService.java:lambda$processClientRequest$0(278)) - Failed RaftClientRequest:client-FBD57F74AF91->localhost_10001@group-FF371CEDE24F, cid=42, seq=0, RW, Message:321f0a0f0a0d74657374...(size=33), reply=RaftClientReply:client-FBD57F74AF91->localhost_10001@group-FF371CEDE24F, cid=42, FAILED org.apache.ratis.protocol.LeaderNotReadyException: localhost_10001@group-FF371CEDE24F is in LEADER state but not ready yet., logIndex=0, commits[localhost_10001:c-1, localhost_10002:c-1, localhost_10000:c-1]
2019-09-26 14:07:00,358 INFO  client.GrpcClientProtocolService (GrpcClientProtocolService.java:lambda$processClientRequest$0(278)) - Failed RaftClientRequest:client-FBD57F74AF91->localhost_10001@group-FF371CEDE24F, cid=42, seq=0, RW, Message:321f0a0f0a0d74657374...(size=33), reply=RaftClientReply:client-FBD57F74AF91->localhost_10001@group-FF371CEDE24F, cid=42, FAILED org.apache.ratis.protocol.LeaderNotReadyException: localhost_10001@group-FF371CEDE24F is in LEADER state but not ready yet., logIndex=0, commits[localhost_10001:c-1, localhost_10002:c-1, localhost_10000:c-1]
2019-09-26 14:07:00,359 INFO  client.GrpcClientProtocolService (GrpcClientProtocolService.java:lambda$processClientRequest$0(278)) - Failed RaftClientRequest:client-FBD57F74AF91->localhost_10001@group-FF371CEDE24F, cid=42, seq=0, RW, Message:321f0a0f0a0d74657374...(size=33), reply=RaftClientReply:client-FBD57F74AF91->localhost_10001@group-FF371CEDE24F, cid=42, FAILED org.apache.ratis.protocol.LeaderNotReadyException: localhost_10001@group-FF371CEDE24F is in LEADER state but not ready yet., logIndex=0, commits[localhost_10001:c-1, localhost_10002:c-1, localhost_10000:c-1]
2019-09-26 14:07:00,360 INFO  client.GrpcClientProtocolService (GrpcClientProtocolService.java:lambda$processClientRequest$0(278)) - Failed RaftClientRequest:client-FBD57F74AF91->localhost_10001@group-FF371CEDE24F, cid=42, seq=0, RW, Message:321f0a0f0a0d74657374...(size=33), reply=RaftClientReply:client-FBD57F74AF91->localhost_10001@group-FF371CEDE24F, cid=42, FAILED org.apache.ratis.protocol.LeaderNotReadyException: localhost_10001@group-FF371CEDE24F is in LEADER state but not ready yet., logIndex=0, commits[localhost_10001:c-1, localhost_10002:c-1, localhost_10000:c-1]
2019-09-26 14:07:00,361 INFO  client.GrpcClientProtocolService (GrpcClientProtocolService.java:lambda$processClientRequest$0(278)) - Failed RaftClientRequest:client-FBD57F74AF91->localhost_10001@group-FF371CEDE24F, cid=42, seq=0, RW, Message:321f0a0f0a0d74657374...(size=33), reply=RaftClientReply:client-FBD57F74AF91->localhost_10001@group-FF371CEDE24F, cid=42, FAILED org.apache.ratis.protocol.LeaderNotReadyException: localhost_10001@group-FF371CEDE24F is in LEADER state but not ready yet., logIndex=0, commits[localhost_10001:c-1, localhost_10002:c-1, localhost_10000:c-1]
2019-09-26 14:07:00,362 INFO  client.GrpcClientProtocolService (GrpcClientProtocolService.java:lambda$processClientRequest$0(278)) - Failed RaftClientRequest:client-FBD57F74AF91->localhost_10001@group-FF371CEDE24F, cid=42, seq=0, RW, Message:321f0a0f0a0d74657374...(size=33), reply=RaftClientReply:client-FBD57F74AF91->localhost_10001@group-FF371CEDE24F, cid=42, FAILED org.apache.ratis.protocol.LeaderNotReadyException: localhost_10001@group-FF371CEDE24F is in LEADER state but not ready yet., logIndex=0, commits[localhost_10001:c-1, localhost_10002:c-1, localhost_10000:c-1]
2019-09-26 14:07:00,363 INFO  client.GrpcClientProtocolService (GrpcClientProtocolService.java:lambda$processClientRequest$0(278)) - Failed RaftClientRequest:client-FBD57F74AF91->localhost_10001@group-FF371CEDE24F, cid=42, seq=0, RW, Message:321f0a0f0a0d74657374...(size=33), reply=RaftClientReply:client-FBD57F74AF91->localhost_10001@group-FF371CEDE24F, cid=42, FAILED org.apache.ratis.protocol.LeaderNotReadyException: localhost_10001@group-FF371CEDE24F is in LEADER state but not ready yet., logIndex=0, commits[localhost_10001:c-1, localhost_10002:c-1, localhost_10000:c-1]
2019-09-26 14:07:00,364 INFO  client.GrpcClientProtocolService (GrpcClientProtocolService.java:lambda$processClientRequest$0(278)) - Failed RaftClientRequest:client-FBD57F74AF91->localhost_10001@group-FF371CEDE24F, cid=42, seq=0, RW, Message:321f0a0f0a0d74657374...(size=33), reply=RaftClientReply:client-FBD57F74AF91->localhost_10001@group-FF371CEDE24F, cid=42, FAILED org.apache.ratis.protocol.LeaderNotReadyException: localhost_10001@group-FF371CEDE24F is in LEADER state but not ready yet., logIndex=0, commits[localhost_10001:c-1, localhost_10002:c-1, localhost_10000:c-1]
2019-09-26 14:07:00,365 INFO  client.GrpcClientProtocolService (GrpcClientProtocolService.java:lambda$processClientRequest$0(278)) - Failed RaftClientRequest:client-FBD57F74AF91->localhost_10001@group-FF371CEDE24F, cid=42, seq=0, RW, Message:321f0a0f0a0d74657374...(size=33), reply=RaftClientReply:client-FBD57F74AF91->localhost_10001@group-FF371CEDE24F, cid=42, FAILED org.apache.ratis.protocol.LeaderNotReadyException: localhost_10001@group-FF371CEDE24F is in LEADER state but not ready yet., logIndex=0, commits[localhost_10001:c-1, localhost_10002:c-1, localhost_10000:c-1]
2019-09-26 14:07:00,366 INFO  client.GrpcClientProtocolService (GrpcClientProtocolService.java:lambda$processClientRequest$0(278)) - Failed RaftClientRequest:client-FBD57F74AF91->localhost_10001@group-FF371CEDE24F, cid=42, seq=0, RW, Message:321f0a0f0a0d74657374...(size=33), reply=RaftClientReply:client-FBD57F74AF91->localhost_10001@group-FF371CEDE24F, cid=42, FAILED org.apache.ratis.protocol.LeaderNotReadyException: localhost_10001@group-FF371CEDE24F is in LEADER state but not ready yet., logIndex=0, commits[localhost_10001:c-1, localhost_10002:c-1, localhost_10000:c-1]
2019-09-26 14:07:00,367 INFO  client.GrpcClientProtocolService (GrpcClientProtocolService.java:lambda$processClientRequest$0(278)) - Failed RaftClientRequest:client-FBD57F74AF91->localhost_10001@group-FF371CEDE24F, cid=42, seq=0, RW, Message:321f0a0f0a0d74657374...(size=33), reply=RaftClientReply:client-FBD57F74AF91->localhost_10001@group-FF371CEDE24F, cid=42, FAILED org.apache.ratis.protocol.LeaderNotReadyException: localhost_10001@group-FF371CEDE24F is in LEADER state but not ready yet., logIndex=0, commits[localhost_10001:c-1, localhost_10002:c-1, localhost_10000:c-1]
2019-09-26 14:07:00,368 INFO  client.GrpcClientProtocolService (GrpcClientProtocolService.java:lambda$processClientRequest$0(278)) - Failed RaftClientRequest:client-FBD57F74AF91->localhost_10001@group-FF371CEDE24F, cid=42, seq=0, RW, Message:321f0a0f0a0d74657374...(size=33), reply=RaftClientReply:client-FBD57F74AF91->localhost_10001@group-FF371CEDE24F, cid=42, FAILED org.apache.ratis.protocol.LeaderNotReadyException: localhost_10001@group-FF371CEDE24F is in LEADER state but not ready yet., logIndex=0, commits[localhost_10001:c-1, localhost_10002:c-1, localhost_10000:c-1]
2019-09-26 14:07:00,369 INFO  client.GrpcClientProtocolService (GrpcClientProtocolService.java:lambda$processClientRequest$0(278)) - Failed RaftClientRequest:client-FBD57F74AF91->localhost_10001@group-FF371CEDE24F, cid=42, seq=0, RW, Message:321f0a0f0a0d74657374...(size=33), reply=RaftClientReply:client-FBD57F74AF91->localhost_10001@group-FF371CEDE24F, cid=42, FAILED org.apache.ratis.protocol.LeaderNotReadyException: localhost_10001@group-FF371CEDE24F is in LEADER state but not ready yet., logIndex=0, commits[localhost_10001:c-1, localhost_10002:c-1, localhost_10000:c-1]
2019-09-26 14:07:00,370 INFO  client.GrpcClientProtocolService (GrpcClientProtocolService.java:lambda$processClientRequest$0(278)) - Failed RaftClientRequest:client-FBD57F74AF91->localhost_10001@group-FF371CEDE24F, cid=42, seq=0, RW, Message:321f0a0f0a0d74657374...(size=33), reply=RaftClientReply:client-FBD57F74AF91->localhost_10001@group-FF371CEDE24F, cid=42, FAILED org.apache.ratis.protocol.LeaderNotReadyException: localhost_10001@group-FF371CEDE24F is in LEADER state but not ready yet., logIndex=0, commits[localhost_10001:c-1, localhost_10002:c-1, localhost_10000:c-1]
2019-09-26 14:07:00,371 INFO  client.GrpcClientProtocolService (GrpcClientProtocolService.java:lambda$processClientRequest$0(278)) - Failed RaftClientRequest:client-FBD57F74AF91->localhost_10001@group-FF371CEDE24F, cid=42, seq=0, RW, Message:321f0a0f0a0d74657374...(size=33), reply=RaftClientReply:client-FBD57F74AF91->localhost_10001@group-FF371CEDE24F, cid=42, FAILED org.apache.ratis.protocol.LeaderNotReadyException: localhost_10001@group-FF371CEDE24F is in LEADER state but not ready yet., logIndex=0, commits[localhost_10001:c-1, localhost_10002:c-1, localhost_10000:c-1]
2019-09-26 14:07:00,372 INFO  client.GrpcClientProtocolService (GrpcClientProtocolService.java:lambda$processClientRequest$0(278)) - Failed RaftClientRequest:client-FBD57F74AF91->localhost_10001@group-FF371CEDE24F, cid=42, seq=0, RW, Message:321f0a0f0a0d74657374...(size=33), reply=RaftClientReply:client-FBD57F74AF91->localhost_10001@group-FF371CEDE24F, cid=42, FAILED org.apache.ratis.protocol.LeaderNotReadyException: localhost_10001@group-FF371CEDE24F is in LEADER state but not ready yet., logIndex=0, commits[localhost_10001:c-1, localhost_10002:c-1, localhost_10000:c-1]
2019-09-26 14:07:00,373 INFO  client.GrpcClientProtocolService (GrpcClientProtocolService.java:lambda$processClientRequest$0(278)) - Failed RaftClientRequest:client-FBD57F74AF91->localhost_10001@group-FF371CEDE24F, cid=42, seq=0, RW, Message:321f0a0f0a0d74657374...(size=33), reply=RaftClientReply:client-FBD57F74AF91->localhost_10001@group-FF371CEDE24F, cid=42, FAILED org.apache.ratis.protocol.LeaderNotReadyException: localhost_10001@group-FF371CEDE24F is in LEADER state but not ready yet., logIndex=0, commits[localhost_10001:c-1, localhost_10002:c-1, localhost_10000:c-1]
2019-09-26 14:07:00,374 INFO  client.GrpcClientProtocolService (GrpcClientProtocolService.java:lambda$processClientRequest$0(278)) - Failed RaftClientRequest:client-FBD57F74AF91->localhost_10001@group-FF371CEDE24F, cid=42, seq=0, RW, Message:321f0a0f0a0d74657374...(size=33), reply=RaftClientReply:client-FBD57F74AF91->localhost_10001@group-FF371CEDE24F, cid=42, FAILED org.apache.ratis.protocol.LeaderNotReadyException: localhost_10001@group-FF371CEDE24F is in LEADER state but not ready yet., logIndex=0, commits[localhost_10001:c-1, localhost_10002:c-1, localhost_10000:c-1]
2019-09-26 14:07:00,375 INFO  client.GrpcClientProtocolService (GrpcClientProtocolService.java:lambda$processClientRequest$0(278)) - Failed RaftClientRequest:client-FBD57F74AF91->localhost_10001@group-FF371CEDE24F, cid=42, seq=0, RW, Message:321f0a0f0a0d74657374...(size=33), reply=RaftClientReply:client-FBD57F74AF91->localhost_10001@group-FF371CEDE24F, cid=42, FAILED org.apache.ratis.protocol.LeaderNotReadyException: localhost_10001@group-FF371CEDE24F is in LEADER state but not ready yet., logIndex=0, commits[localhost_10001:c-1, localhost_10002:c-1, localhost_10000:c-1]
2019-09-26 14:07:00,376 INFO  client.GrpcClientProtocolService (GrpcClientProtocolService.java:lambda$processClientRequest$0(278)) - Failed RaftClientRequest:client-FBD57F74AF91->localhost_10001@group-FF371CEDE24F, cid=42, seq=0, RW, Message:321f0a0f0a0d74657374...(size=33), reply=RaftClientReply:client-FBD57F74AF91->localhost_10001@group-FF371CEDE24F, cid=42, FAILED org.apache.ratis.protocol.LeaderNotReadyException: localhost_10001@group-FF371CEDE24F is in LEADER state but not ready yet., logIndex=0, commits[localhost_10001:c-1, localhost_10002:c-1, localhost_10000:c-1]
2019-09-26 14:07:00,377 INFO  client.GrpcClientProtocolService (GrpcClientProtocolService.java:lambda$processClientRequest$0(278)) - Failed RaftClientRequest:client-FBD57F74AF91->localhost_10001@group-FF371CEDE24F, cid=42, seq=0, RW, Message:321f0a0f0a0d74657374...(size=33), reply=RaftClientReply:client-FBD57F74AF91->localhost_10001@group-FF371CEDE24F, cid=42, FAILED org.apache.ratis.protocol.LeaderNotReadyException: localhost_10001@group-FF371CEDE24F is in LEADER state but not ready yet., logIndex=0, commits[localhost_10001:c-1, localhost_10002:c-1, localhost_10000:c-1]
2019-09-26 14:07:00,378 INFO  client.GrpcClientProtocolService (GrpcClientProtocolService.java:lambda$processClientRequest$0(278)) - Failed RaftClientRequest:client-FBD57F74AF91->localhost_10001@group-FF371CEDE24F, cid=42, seq=0, RW, Message:321f0a0f0a0d74657374...(size=33), reply=RaftClientReply:client-FBD57F74AF91->localhost_10001@group-FF371CEDE24F, cid=42, FAILED org.apache.ratis.protocol.LeaderNotReadyException: localhost_10001@group-FF371CEDE24F is in LEADER state but not ready yet., logIndex=0, commits[localhost_10001:c-1, localhost_10002:c-1, localhost_10000:c-1]
2019-09-26 14:07:00,379 INFO  client.GrpcClientProtocolService (GrpcClientProtocolService.java:lambda$processClientRequest$0(278)) - Failed RaftClientRequest:client-FBD57F74AF91->localhost_10001@group-FF371CEDE24F, cid=42, seq=0, RW, Message:321f0a0f0a0d74657374...(size=33), reply=RaftClientReply:client-FBD57F74AF91->localhost_10001@group-FF371CEDE24F, cid=42, FAILED org.apache.ratis.protocol.LeaderNotReadyException: localhost_10001@group-FF371CEDE24F is in LEADER state but not ready yet., logIndex=0, commits[localhost_10001:c-1, localhost_10002:c-1, localhost_10000:c-1]
2019-09-26 14:07:00,380 INFO  client.GrpcClientProtocolService (GrpcClientProtocolService.java:lambda$processClientRequest$0(278)) - Failed RaftClientRequest:client-FBD57F74AF91->localhost_10001@group-FF371CEDE24F, cid=42, seq=0, RW, Message:321f0a0f0a0d74657374...(size=33), reply=RaftClientReply:client-FBD57F74AF91->localhost_10001@group-FF371CEDE24F, cid=42, FAILED org.apache.ratis.protocol.LeaderNotReadyException: localhost_10001@group-FF371CEDE24F is in LEADER state but not ready yet., logIndex=0, commits[localhost_10001:c-1, localhost_10002:c-1, localhost_10000:c-1]
2019-09-26 14:07:00,381 INFO  client.GrpcClientProtocolService (GrpcClientProtocolService.java:lambda$processClientRequest$0(278)) - Failed RaftClientRequest:client-FBD57F74AF91->localhost_10001@group-FF371CEDE24F, cid=42, seq=0, RW, Message:321f0a0f0a0d74657374...(size=33), reply=RaftClientReply:client-FBD57F74AF91->localhost_10001@group-FF371CEDE24F, cid=42, FAILED org.apache.ratis.protocol.LeaderNotReadyException: localhost_10001@group-FF371CEDE24F is in LEADER state but not ready yet., logIndex=0, commits[localhost_10001:c-1, localhost_10002:c-1, localhost_10000:c-1]
2019-09-26 14:07:00,382 INFO  client.GrpcClientProtocolService (GrpcClientProtocolService.java:lambda$processClientRequest$0(278)) - Failed RaftClientRequest:client-FBD57F74AF91->localhost_10001@group-FF371CEDE24F, cid=42, seq=0, RW, Message:321f0a0f0a0d74657374...(size=33), reply=RaftClientReply:client-FBD57F74AF91->localhost_10001@group-FF371CEDE24F, cid=42, FAILED org.apache.ratis.protocol.LeaderNotReadyException: localhost_10001@group-FF371CEDE24F is in LEADER state but not ready yet., logIndex=0, commits[localhost_10001:c-1, localhost_10002:c-1, localhost_10000:c-1]
2019-09-26 14:07:00,383 INFO  client.GrpcClientProtocolService (GrpcClientProtocolService.java:lambda$processClientRequest$0(278)) - Failed RaftClientRequest:client-FBD57F74AF91->localhost_10001@group-FF371CEDE24F, cid=42, seq=0, RW, Message:321f0a0f0a0d74657374...(size=33), reply=RaftClientReply:client-FBD57F74AF91->localhost_10001@group-FF371CEDE24F, cid=42, FAILED org.apache.ratis.protocol.LeaderNotReadyException: localhost_10001@group-FF371CEDE24F is in LEADER state but not ready yet., logIndex=0, commits[localhost_10001:c-1, localhost_10002:c-1, localhost_10000:c-1]
2019-09-26 14:07:00,384 INFO  client.GrpcClientProtocolService (GrpcClientProtocolService.java:lambda$processClientRequest$0(278)) - Failed RaftClientRequest:client-FBD57F74AF91->localhost_10001@group-FF371CEDE24F, cid=42, seq=0, RW, Message:321f0a0f0a0d74657374...(size=33), reply=RaftClientReply:client-FBD57F74AF91->localhost_10001@group-FF371CEDE24F, cid=42, FAILED org.apache.ratis.protocol.LeaderNotReadyException: localhost_10001@group-FF371CEDE24F is in LEADER state but not ready yet., logIndex=0, commits[localhost_10001:c-1, localhost_10002:c-1, localhost_10000:c-1]
2019-09-26 14:07:00,385 INFO  client.GrpcClientProtocolService (GrpcClientProtocolService.java:lambda$processClientRequest$0(278)) - Failed RaftClientRequest:client-FBD57F74AF91->localhost_10001@group-FF371CEDE24F, cid=42, seq=0, RW, Message:321f0a0f0a0d74657374...(size=33), reply=RaftClientReply:client-FBD57F74AF91->localhost_10001@group-FF371CEDE24F, cid=42, FAILED org.apache.ratis.protocol.LeaderNotReadyException: localhost_10001@group-FF371CEDE24F is in LEADER state but not ready yet., logIndex=0, commits[localhost_10001:c-1, localhost_10002:c-1, localhost_10000:c-1]
2019-09-26 14:07:00,386 INFO  client.GrpcClientProtocolService (GrpcClientProtocolService.java:lambda$processClientRequest$0(278)) - Failed RaftClientRequest:client-FBD57F74AF91->localhost_10001@group-FF371CEDE24F, cid=42, seq=0, RW, Message:321f0a0f0a0d74657374...(size=33), reply=RaftClientReply:client-FBD57F74AF91->localhost_10001@group-FF371CEDE24F, cid=42, FAILED org.apache.ratis.protocol.LeaderNotReadyException: localhost_10001@group-FF371CEDE24F is in LEADER state but not ready yet., logIndex=0, commits[localhost_10001:c-1, localhost_10002:c-1, localhost_10000:c-1]
2019-09-26 14:07:00,387 INFO  client.GrpcClientProtocolService (GrpcClientProtocolService.java:lambda$processClientRequest$0(278)) - Failed RaftClientRequest:client-FBD57F74AF91->localhost_10001@group-FF371CEDE24F, cid=42, seq=0, RW, Message:321f0a0f0a0d74657374...(size=33), reply=RaftClientReply:client-FBD57F74AF91->localhost_10001@group-FF371CEDE24F, cid=42, FAILED org.apache.ratis.protocol.LeaderNotReadyException: localhost_10001@group-FF371CEDE24F is in LEADER state but not ready yet., logIndex=0, commits[localhost_10001:c-1, localhost_10002:c-1, localhost_10000:c-1]
2019-09-26 14:07:00,388 INFO  client.GrpcClientProtocolService (GrpcClientProtocolService.java:lambda$processClientRequest$0(278)) - Failed RaftClientRequest:client-FBD57F74AF91->localhost_10001@group-FF371CEDE24F, cid=42, seq=0, RW, Message:321f0a0f0a0d74657374...(size=33), reply=RaftClientReply:client-FBD57F74AF91->localhost_10001@group-FF371CEDE24F, cid=42, FAILED org.apache.ratis.protocol.LeaderNotReadyException: localhost_10001@group-FF371CEDE24F is in LEADER state but not ready yet., logIndex=0, commits[localhost_10001:c-1, localhost_10002:c-1, localhost_10000:c-1]
2019-09-26 14:07:00,389 INFO  client.GrpcClientProtocolService (GrpcClientProtocolService.java:lambda$processClientRequest$0(278)) - Failed RaftClientRequest:client-FBD57F74AF91->localhost_10001@group-FF371CEDE24F, cid=42, seq=0, RW, Message:321f0a0f0a0d74657374...(size=33), reply=RaftClientReply:client-FBD57F74AF91->localhost_10001@group-FF371CEDE24F, cid=42, FAILED org.apache.ratis.protocol.LeaderNotReadyException: localhost_10001@group-FF371CEDE24F is in LEADER state but not ready yet., logIndex=0, commits[localhost_10001:c-1, localhost_10002:c-1, localhost_10000:c-1]
2019-09-26 14:07:00,390 INFO  client.GrpcClientProtocolService (GrpcClientProtocolService.java:lambda$processClientRequest$0(278)) - Failed RaftClientRequest:client-FBD57F74AF91->localhost_10001@group-FF371CEDE24F, cid=42, seq=0, RW, Message:321f0a0f0a0d74657374...(size=33), reply=RaftClientReply:client-FBD57F74AF91->localhost_10001@group-FF371CEDE24F, cid=42, FAILED org.apache.ratis.protocol.LeaderNotReadyException: localhost_10001@group-FF371CEDE24F is in LEADER state but not ready yet., logIndex=0, commits[localhost_10001:c-1, localhost_10002:c-1, localhost_10000:c-1]
2019-09-26 14:07:00,391 INFO  client.GrpcClientProtocolService (GrpcClientProtocolService.java:lambda$processClientRequest$0(278)) - Failed RaftClientRequest:client-FBD57F74AF91->localhost_10001@group-FF371CEDE24F, cid=42, seq=0, RW, Message:321f0a0f0a0d74657374...(size=33), reply=RaftClientReply:client-FBD57F74AF91->localhost_10001@group-FF371CEDE24F, cid=42, FAILED org.apache.ratis.protocol.LeaderNotReadyException: localhost_10001@group-FF371CEDE24F is in LEADER state but not ready yet., logIndex=0, commits[localhost_10001:c-1, localhost_10002:c-1, localhost_10000:c-1]
2019-09-26 14:07:00,392 INFO  client.GrpcClientProtocolService (GrpcClientProtocolService.java:lambda$processClientRequest$0(278)) - Failed RaftClientRequest:client-FBD57F74AF91->localhost_10001@group-FF371CEDE24F, cid=42, seq=0, RW, Message:321f0a0f0a0d74657374...(size=33), reply=RaftClientReply:client-FBD57F74AF91->localhost_10001@group-FF371CEDE24F, cid=42, FAILED org.apache.ratis.protocol.LeaderNotReadyException: localhost_10001@group-FF371CEDE24F is in LEADER state but not ready yet., logIndex=0, commits[localhost_10001:c-1, localhost_10002:c-1, localhost_10000:c-1]
2019-09-26 14:07:00,393 INFO  client.GrpcClientProtocolService (GrpcClientProtocolService.java:lambda$processClientRequest$0(278)) - Failed RaftClientRequest:client-FBD57F74AF91->localhost_10001@group-FF371CEDE24F, cid=42, seq=0, RW, Message:321f0a0f0a0d74657374...(size=33), reply=RaftClientReply:client-FBD57F74AF91->localhost_10001@group-FF371CEDE24F, cid=42, FAILED org.apache.ratis.protocol.LeaderNotReadyException: localhost_10001@group-FF371CEDE24F is in LEADER state but not ready yet., logIndex=0, commits[localhost_10001:c-1, localhost_10002:c-1, localhost_10000:c-1]
2019-09-26 14:07:00,394 INFO  client.GrpcClientProtocolService (GrpcClientProtocolService.java:lambda$processClientRequest$0(278)) - Failed RaftClientRequest:client-FBD57F74AF91->localhost_10001@group-FF371CEDE24F, cid=42, seq=0, RW, Message:321f0a0f0a0d74657374...(size=33), reply=RaftClientReply:client-FBD57F74AF91->localhost_10001@group-FF371CEDE24F, cid=42, FAILED org.apache.ratis.protocol.LeaderNotReadyException: localhost_10001@group-FF371CEDE24F is in LEADER state but not ready yet., logIndex=0, commits[localhost_10001:c-1, localhost_10002:c-1, localhost_10000:c-1]
2019-09-26 14:07:00,395 INFO  client.GrpcClientProtocolService (GrpcClientProtocolService.java:lambda$processClientRequest$0(278)) - Failed RaftClientRequest:client-FBD57F74AF91->localhost_10001@group-FF371CEDE24F, cid=42, seq=0, RW, Message:321f0a0f0a0d74657374...(size=33), reply=RaftClientReply:client-FBD57F74AF91->localhost_10001@group-FF371CEDE24F, cid=42, FAILED org.apache.ratis.protocol.LeaderNotReadyException: localhost_10001@group-FF371CEDE24F is in LEADER state but not ready yet., logIndex=0, commits[localhost_10001:c-1, localhost_10002:c-1, localhost_10000:c-1]
2019-09-26 14:07:00,396 INFO  client.GrpcClientProtocolService (GrpcClientProtocolService.java:lambda$processClientRequest$0(278)) - Failed RaftClientRequest:client-FBD57F74AF91->localhost_10001@group-FF371CEDE24F, cid=42, seq=0, RW, Message:321f0a0f0a0d74657374...(size=33), reply=RaftClientReply:client-FBD57F74AF91->localhost_10001@group-FF371CEDE24F, cid=42, FAILED org.apache.ratis.protocol.LeaderNotReadyException: localhost_10001@group-FF371CEDE24F is in LEADER state but not ready yet., logIndex=0, commits[localhost_10001:c-1, localhost_10002:c-1, localhost_10000:c-1]
2019-09-26 14:07:00,397 INFO  client.GrpcClientProtocolService (GrpcClientProtocolService.java:lambda$processClientRequest$0(278)) - Failed RaftClientRequest:client-FBD57F74AF91->localhost_10001@group-FF371CEDE24F, cid=42, seq=0, RW, Message:321f0a0f0a0d74657374...(size=33), reply=RaftClientReply:client-FBD57F74AF91->localhost_10001@group-FF371CEDE24F, cid=42, FAILED org.apache.ratis.protocol.LeaderNotReadyException: localhost_10001@group-FF371CEDE24F is in LEADER state but not ready yet., logIndex=0, commits[localhost_10001:c-1, localhost_10002:c-1, localhost_10000:c-1]
2019-09-26 14:07:00,398 INFO  client.GrpcClientProtocolService (GrpcClientProtocolService.java:lambda$processClientRequest$0(278)) - Failed RaftClientRequest:client-FBD57F74AF91->localhost_10001@group-FF371CEDE24F, cid=42, seq=0, RW, Message:321f0a0f0a0d74657374...(size=33), reply=RaftClientReply:client-FBD57F74AF91->localhost_10001@group-FF371CEDE24F, cid=42, FAILED org.apache.ratis.protocol.LeaderNotReadyException: localhost_10001@group-FF371CEDE24F is in LEADER state but not ready yet., logIndex=0, commits[localhost_10001:c-1, localhost_10002:c-1, localhost_10000:c-1]
2019-09-26 14:07:00,399 INFO  client.GrpcClientProtocolService (GrpcClientProtocolService.java:lambda$processClientRequest$0(278)) - Failed RaftClientRequest:client-FBD57F74AF91->localhost_10001@group-FF371CEDE24F, cid=42, seq=0, RW, Message:321f0a0f0a0d74657374...(size=33), reply=RaftClientReply:client-FBD57F74AF91->localhost_10001@group-FF371CEDE24F, cid=42, FAILED org.apache.ratis.protocol.LeaderNotReadyException: localhost_10001@group-FF371CEDE24F is in LEADER state but not ready yet., logIndex=0, commits[localhost_10001:c-1, localhost_10002:c-1, localhost_10000:c-1]
2019-09-26 14:07:00,400 INFO  client.GrpcClientProtocolService (GrpcClientProtocolService.java:lambda$processClientRequest$0(278)) - Failed RaftClientRequest:client-FBD57F74AF91->localhost_10001@group-FF371CEDE24F, cid=42, seq=0, RW, Message:321f0a0f0a0d74657374...(size=33), reply=RaftClientReply:client-FBD57F74AF91->localhost_10001@group-FF371CEDE24F, cid=42, FAILED org.apache.ratis.protocol.LeaderNotReadyException: localhost_10001@group-FF371CEDE24F is in LEADER state but not ready yet., logIndex=0, commits[localhost_10001:c-1, localhost_10002:c-1, localhost_10000:c-1]
2019-09-26 14:07:00,401 INFO  client.GrpcClientProtocolService (GrpcClientProtocolService.java:lambda$processClientRequest$0(278)) - Failed RaftClientRequest:client-FBD57F74AF91->localhost_10001@group-FF371CEDE24F, cid=42, seq=0, RW, Message:321f0a0f0a0d74657374...(size=33), reply=RaftClientReply:client-FBD57F74AF91->localhost_10001@group-FF371CEDE24F, cid=42, FAILED org.apache.ratis.protocol.LeaderNotReadyException: localhost_10001@group-FF371CEDE24F is in LEADER state but not ready yet., logIndex=0, commits[localhost_10001:c-1, localhost_10002:c-1, localhost_10000:c-1]
2019-09-26 14:07:00,402 INFO  client.GrpcClientProtocolService (GrpcClientProtocolService.java:lambda$processClientRequest$0(278)) - Failed RaftClientRequest:client-FBD57F74AF91->localhost_10001@group-FF371CEDE24F, cid=42, seq=0, RW, Message:321f0a0f0a0d74657374...(size=33), reply=RaftClientReply:client-FBD57F74AF91->localhost_10001@group-FF371CEDE24F, cid=42, FAILED org.apache.ratis.protocol.LeaderNotReadyException: localhost_10001@group-FF371CEDE24F is in LEADER state but not ready yet., logIndex=0, commits[localhost_10001:c-1, localhost_10002:c-1, localhost_10000:c-1]
2019-09-26 14:07:00,403 INFO  client.GrpcClientProtocolService (GrpcClientProtocolService.java:lambda$processClientRequest$0(278)) - Failed RaftClientRequest:client-FBD57F74AF91->localhost_10001@group-FF371CEDE24F, cid=42, seq=0, RW, Message:321f0a0f0a0d74657374...(size=33), reply=RaftClientReply:client-FBD57F74AF91->localhost_10001@group-FF371CEDE24F, cid=42, FAILED org.apache.ratis.protocol.LeaderNotReadyException: localhost_10001@group-FF371CEDE24F is in LEADER state but not ready yet., logIndex=0, commits[localhost_10001:c-1, localhost_10002:c-1, localhost_10000:c-1]
2019-09-26 14:07:00,404 INFO  client.GrpcClientProtocolService (GrpcClientProtocolService.java:lambda$processClientRequest$0(278)) - Failed RaftClientRequest:client-FBD57F74AF91->localhost_10001@group-FF371CEDE24F, cid=42, seq=0, RW, Message:321f0a0f0a0d74657374...(size=33), reply=RaftClientReply:client-FBD57F74AF91->localhost_10001@group-FF371CEDE24F, cid=42, FAILED org.apache.ratis.protocol.LeaderNotReadyException: localhost_10001@group-FF371CEDE24F is in LEADER state but not ready yet., logIndex=0, commits[localhost_10001:c-1, localhost_10002:c-1, localhost_10000:c-1]
2019-09-26 14:07:00,405 INFO  client.GrpcClientProtocolService (GrpcClientProtocolService.java:lambda$processClientRequest$0(278)) - Failed RaftClientRequest:client-FBD57F74AF91->localhost_10001@group-FF371CEDE24F, cid=42, seq=0, RW, Message:321f0a0f0a0d74657374...(size=33), reply=RaftClientReply:client-FBD57F74AF91->localhost_10001@group-FF371CEDE24F, cid=42, FAILED org.apache.ratis.protocol.LeaderNotReadyException: localhost_10001@group-FF371CEDE24F is in LEADER state but not ready yet., logIndex=0, commits[localhost_10001:c-1, localhost_10002:c-1, localhost_10000:c-1]
2019-09-26 14:07:00,406 INFO  client.GrpcClientProtocolService (GrpcClientProtocolService.java:lambda$processClientRequest$0(278)) - Failed RaftClientRequest:client-FBD57F74AF91->localhost_10001@group-FF371CEDE24F, cid=42, seq=0, RW, Message:321f0a0f0a0d74657374...(size=33), reply=RaftClientReply:client-FBD57F74AF91->localhost_10001@group-FF371CEDE24F, cid=42, FAILED org.apache.ratis.protocol.LeaderNotReadyException: localhost_10001@group-FF371CEDE24F is in LEADER state but not ready yet., logIndex=0, commits[localhost_10001:c-1, localhost_10002:c-1, localhost_10000:c-1]
2019-09-26 14:07:00,407 INFO  client.GrpcClientProtocolService (GrpcClientProtocolService.java:lambda$processClientRequest$0(278)) - Failed RaftClientRequest:client-FBD57F74AF91->localhost_10001@group-FF371CEDE24F, cid=42, seq=0, RW, Message:321f0a0f0a0d74657374...(size=33), reply=RaftClientReply:client-FBD57F74AF91->localhost_10001@group-FF371CEDE24F, cid=42, FAILED org.apache.ratis.protocol.LeaderNotReadyException: localhost_10001@group-FF371CEDE24F is in LEADER state but not ready yet., logIndex=0, commits[localhost_10001:c-1, localhost_10002:c-1, localhost_10000:c-1]
2019-09-26 14:07:00,408 INFO  client.GrpcClientProtocolService (GrpcClientProtocolService.java:lambda$processClientRequest$0(278)) - Failed RaftClientRequest:client-FBD57F74AF91->localhost_10001@group-FF371CEDE24F, cid=42, seq=0, RW, Message:321f0a0f0a0d74657374...(size=33), reply=RaftClientReply:client-FBD57F74AF91->localhost_10001@group-FF371CEDE24F, cid=42, FAILED org.apache.ratis.protocol.LeaderNotReadyException: localhost_10001@group-FF371CEDE24F is in LEADER state but not ready yet., logIndex=0, commits[localhost_10001:c-1, localhost_10002:c-1, localhost_10000:c-1]
2019-09-26 14:07:00,409 INFO  client.GrpcClientProtocolService (GrpcClientProtocolService.java:lambda$processClientRequest$0(278)) - Failed RaftClientRequest:client-FBD57F74AF91->localhost_10001@group-FF371CEDE24F, cid=42, seq=0, RW, Message:321f0a0f0a0d74657374...(size=33), reply=RaftClientReply:client-FBD57F74AF91->localhost_10001@group-FF371CEDE24F, cid=42, FAILED org.apache.ratis.protocol.LeaderNotReadyException: localhost_10001@group-FF371CEDE24F is in LEADER state but not ready yet., logIndex=0, commits[localhost_10001:c-1, localhost_10002:c-1, localhost_10000:c-1]
2019-09-26 14:07:00,410 INFO  client.GrpcClientProtocolService (GrpcClientProtocolService.java:lambda$processClientRequest$0(278)) - Failed RaftClientRequest:client-FBD57F74AF91->localhost_10001@group-FF371CEDE24F, cid=42, seq=0, RW, Message:321f0a0f0a0d74657374...(size=33), reply=RaftClientReply:client-FBD57F74AF91->localhost_10001@group-FF371CEDE24F, cid=42, FAILED org.apache.ratis.protocol.LeaderNotReadyException: localhost_10001@group-FF371CEDE24F is in LEADER state but not ready yet., logIndex=0, commits[localhost_10001:c-1, localhost_10002:c-1, localhost_10000:c-1]
2019-09-26 14:07:00,411 INFO  client.GrpcClientProtocolService (GrpcClientProtocolService.java:lambda$processClientRequest$0(278)) - Failed RaftClientRequest:client-FBD57F74AF91->localhost_10001@group-FF371CEDE24F, cid=42, seq=0, RW, Message:321f0a0f0a0d74657374...(size=33), reply=RaftClientReply:client-FBD57F74AF91->localhost_10001@group-FF371CEDE24F, cid=42, FAILED org.apache.ratis.protocol.LeaderNotReadyException: localhost_10001@group-FF371CEDE24F is in LEADER state but not ready yet., logIndex=0, commits[localhost_10001:c-1, localhost_10002:c-1, localhost_10000:c-1]
2019-09-26 14:07:00,412 INFO  client.GrpcClientProtocolService (GrpcClientProtocolService.java:lambda$processClientRequest$0(278)) - Failed RaftClientRequest:client-FBD57F74AF91->localhost_10001@group-FF371CEDE24F, cid=42, seq=0, RW, Message:321f0a0f0a0d74657374...(size=33), reply=RaftClientReply:client-FBD57F74AF91->localhost_10001@group-FF371CEDE24F, cid=42, FAILED org.apache.ratis.protocol.LeaderNotReadyException: localhost_10001@group-FF371CEDE24F is in LEADER state but not ready yet., logIndex=0, commits[localhost_10001:c-1, localhost_10002:c-1, localhost_10000:c-1]
2019-09-26 14:07:00,413 INFO  client.GrpcClientProtocolService (GrpcClientProtocolService.java:lambda$processClientRequest$0(278)) - Failed RaftClientRequest:client-FBD57F74AF91->localhost_10001@group-FF371CEDE24F, cid=42, seq=0, RW, Message:321f0a0f0a0d74657374...(size=33), reply=RaftClientReply:client-FBD57F74AF91->localhost_10001@group-FF371CEDE24F, cid=42, FAILED org.apache.ratis.protocol.LeaderNotReadyException: localhost_10001@group-FF371CEDE24F is in LEADER state but not ready yet., logIndex=0, commits[localhost_10001:c-1, localhost_10002:c-1, localhost_10000:c-1]
2019-09-26 14:07:00,415 INFO  client.GrpcClientProtocolService (GrpcClientProtocolService.java:lambda$processClientRequest$0(278)) - Failed RaftClientRequest:client-FBD57F74AF91->localhost_10001@group-FF371CEDE24F, cid=42, seq=0, RW, Message:321f0a0f0a0d74657374...(size=33), reply=RaftClientReply:client-FBD57F74AF91->localhost_10001@group-FF371CEDE24F, cid=42, FAILED org.apache.ratis.protocol.LeaderNotReadyException: localhost_10001@group-FF371CEDE24F is in LEADER state but not ready yet., logIndex=0, commits[localhost_10001:c-1, localhost_10002:c-1, localhost_10000:c-1]
2019-09-26 14:07:00,416 INFO  client.GrpcClientProtocolService (GrpcClientProtocolService.java:lambda$processClientRequest$0(278)) - Failed RaftClientRequest:client-FBD57F74AF91->localhost_10001@group-FF371CEDE24F, cid=42, seq=0, RW, Message:321f0a0f0a0d74657374...(size=33), reply=RaftClientReply:client-FBD57F74AF91->localhost_10001@group-FF371CEDE24F, cid=42, FAILED org.apache.ratis.protocol.LeaderNotReadyException: localhost_10001@group-FF371CEDE24F is in LEADER state but not ready yet., logIndex=0, commits[localhost_10001:c-1, localhost_10002:c-1, localhost_10000:c-1]
2019-09-26 14:07:00,417 INFO  client.GrpcClientProtocolService (GrpcClientProtocolService.java:lambda$processClientRequest$0(278)) - Failed RaftClientRequest:client-FBD57F74AF91->localhost_10001@group-FF371CEDE24F, cid=42, seq=0, RW, Message:321f0a0f0a0d74657374...(size=33), reply=RaftClientReply:client-FBD57F74AF91->localhost_10001@group-FF371CEDE24F, cid=42, FAILED org.apache.ratis.protocol.LeaderNotReadyException: localhost_10001@group-FF371CEDE24F is in LEADER state but not ready yet., logIndex=0, commits[localhost_10001:c-1, localhost_10002:c-1, localhost_10000:c-1]
2019-09-26 14:07:00,419 INFO  client.GrpcClientProtocolService (GrpcClientProtocolService.java:lambda$processClientRequest$0(278)) - Failed RaftClientRequest:client-FBD57F74AF91->localhost_10001@group-FF371CEDE24F, cid=42, seq=0, RW, Message:321f0a0f0a0d74657374...(size=33), reply=RaftClientReply:client-FBD57F74AF91->localhost_10001@group-FF371CEDE24F, cid=42, FAILED org.apache.ratis.protocol.LeaderNotReadyException: localhost_10001@group-FF371CEDE24F is in LEADER state but not ready yet., logIndex=0, commits[localhost_10001:c-1, localhost_10002:c-1, localhost_10000:c-1]
2019-09-26 14:07:00,420 INFO  client.GrpcClientProtocolService (GrpcClientProtocolService.java:lambda$processClientRequest$0(278)) - Failed RaftClientRequest:client-FBD57F74AF91->localhost_10001@group-FF371CEDE24F, cid=42, seq=0, RW, Message:321f0a0f0a0d74657374...(size=33), reply=RaftClientReply:client-FBD57F74AF91->localhost_10001@group-FF371CEDE24F, cid=42, FAILED org.apache.ratis.protocol.LeaderNotReadyException: localhost_10001@group-FF371CEDE24F is in LEADER state but not ready yet., logIndex=0, commits[localhost_10001:c-1, localhost_10002:c-1, localhost_10000:c-1]
2019-09-26 14:07:00,421 INFO  client.GrpcClientProtocolService (GrpcClientProtocolService.java:lambda$processClientRequest$0(278)) - Failed RaftClientRequest:client-FBD57F74AF91->localhost_10001@group-FF371CEDE24F, cid=42, seq=0, RW, Message:321f0a0f0a0d74657374...(size=33), reply=RaftClientReply:client-FBD57F74AF91->localhost_10001@group-FF371CEDE24F, cid=42, FAILED org.apache.ratis.protocol.LeaderNotReadyException: localhost_10001@group-FF371CEDE24F is in LEADER state but not ready yet., logIndex=0, commits[localhost_10001:c-1, localhost_10002:c-1, localhost_10000:c-1]
2019-09-26 14:07:00,422 INFO  client.GrpcClientProtocolService (GrpcClientProtocolService.java:lambda$processClientRequest$0(278)) - Failed RaftClientRequest:client-FBD57F74AF91->localhost_10001@group-FF371CEDE24F, cid=42, seq=0, RW, Message:321f0a0f0a0d74657374...(size=33), reply=RaftClientReply:client-FBD57F74AF91->localhost_10001@group-FF371CEDE24F, cid=42, FAILED org.apache.ratis.protocol.LeaderNotReadyException: localhost_10001@group-FF371CEDE24F is in LEADER state but not ready yet., logIndex=0, commits[localhost_10001:c-1, localhost_10002:c-1, localhost_10000:c-1]
2019-09-26 14:07:00,423 INFO  client.GrpcClientProtocolService (GrpcClientProtocolService.java:lambda$processClientRequest$0(278)) - Failed RaftClientRequest:client-FBD57F74AF91->localhost_10001@group-FF371CEDE24F, cid=42, seq=0, RW, Message:321f0a0f0a0d74657374...(size=33), reply=RaftClientReply:client-FBD57F74AF91->localhost_10001@group-FF371CEDE24F, cid=42, FAILED org.apache.ratis.protocol.LeaderNotReadyException: localhost_10001@group-FF371CEDE24F is in LEADER state but not ready yet., logIndex=0, commits[localhost_10001:c-1, localhost_10002:c-1, localhost_10000:c-1]
2019-09-26 14:07:00,424 INFO  client.GrpcClientProtocolService (GrpcClientProtocolService.java:lambda$processClientRequest$0(278)) - Failed RaftClientRequest:client-FBD57F74AF91->localhost_10001@group-FF371CEDE24F, cid=42, seq=0, RW, Message:321f0a0f0a0d74657374...(size=33), reply=RaftClientReply:client-FBD57F74AF91->localhost_10001@group-FF371CEDE24F, cid=42, FAILED org.apache.ratis.protocol.LeaderNotReadyException: localhost_10001@group-FF371CEDE24F is in LEADER state but not ready yet., logIndex=0, commits[localhost_10001:c-1, localhost_10002:c-1, localhost_10000:c-1]
2019-09-26 14:07:00,425 INFO  client.GrpcClientProtocolService (GrpcClientProtocolService.java:lambda$processClientRequest$0(278)) - Failed RaftClientRequest:client-FBD57F74AF91->localhost_10001@group-FF371CEDE24F, cid=42, seq=0, RW, Message:321f0a0f0a0d74657374...(size=33), reply=RaftClientReply:client-FBD57F74AF91->localhost_10001@group-FF371CEDE24F, cid=42, FAILED org.apache.ratis.protocol.LeaderNotReadyException: localhost_10001@group-FF371CEDE24F is in LEADER state but not ready yet., logIndex=0, commits[localhost_10001:c-1, localhost_10002:c-1, localhost_10000:c-1]
2019-09-26 14:07:00,426 INFO  client.GrpcClientProtocolService (GrpcClientProtocolService.java:lambda$processClientRequest$0(278)) - Failed RaftClientRequest:client-FBD57F74AF91->localhost_10001@group-FF371CEDE24F, cid=42, seq=0, RW, Message:321f0a0f0a0d74657374...(size=33), reply=RaftClientReply:client-FBD57F74AF91->localhost_10001@group-FF371CEDE24F, cid=42, FAILED org.apache.ratis.protocol.LeaderNotReadyException: localhost_10001@group-FF371CEDE24F is in LEADER state but not ready yet., logIndex=0, commits[localhost_10001:c-1, localhost_10002:c-1, localhost_10000:c-1]
2019-09-26 14:07:00,427 INFO  client.GrpcClientProtocolService (GrpcClientProtocolService.java:lambda$processClientRequest$0(278)) - Failed RaftClientRequest:client-FBD57F74AF91->localhost_10001@group-FF371CEDE24F, cid=42, seq=0, RW, Message:321f0a0f0a0d74657374...(size=33), reply=RaftClientReply:client-FBD57F74AF91->localhost_10001@group-FF371CEDE24F, cid=42, FAILED org.apache.ratis.protocol.LeaderNotReadyException: localhost_10001@group-FF371CEDE24F is in LEADER state but not ready yet., logIndex=0, commits[localhost_10001:c-1, localhost_10002:c-1, localhost_10000:c-1]
2019-09-26 14:07:00,428 INFO  client.GrpcClientProtocolService (GrpcClientProtocolService.java:lambda$processClientRequest$0(278)) - Failed RaftClientRequest:client-FBD57F74AF91->localhost_10001@group-FF371CEDE24F, cid=42, seq=0, RW, Message:321f0a0f0a0d74657374...(size=33), reply=RaftClientReply:client-FBD57F74AF91->localhost_10001@group-FF371CEDE24F, cid=42, FAILED org.apache.ratis.protocol.LeaderNotReadyException: localhost_10001@group-FF371CEDE24F is in LEADER state but not ready yet., logIndex=0, commits[localhost_10001:c-1, localhost_10002:c-1, localhost_10000:c-1]
2019-09-26 14:07:00,430 INFO  client.GrpcClientProtocolService (GrpcClientProtocolService.java:lambda$processClientRequest$0(278)) - Failed RaftClientRequest:client-FBD57F74AF91->localhost_10001@group-FF371CEDE24F, cid=42, seq=0, RW, Message:321f0a0f0a0d74657374...(size=33), reply=RaftClientReply:client-FBD57F74AF91->localhost_10001@group-FF371CEDE24F, cid=42, FAILED org.apache.ratis.protocol.LeaderNotReadyException: localhost_10001@group-FF371CEDE24F is in LEADER state but not ready yet., logIndex=0, commits[localhost_10001:c-1, localhost_10002:c-1, localhost_10000:c-1]
2019-09-26 14:07:00,431 INFO  client.GrpcClientProtocolService (GrpcClientProtocolService.java:lambda$processClientRequest$0(278)) - Failed RaftClientRequest:client-FBD57F74AF91->localhost_10001@group-FF371CEDE24F, cid=42, seq=0, RW, Message:321f0a0f0a0d74657374...(size=33), reply=RaftClientReply:client-FBD57F74AF91->localhost_10001@group-FF371CEDE24F, cid=42, FAILED org.apache.ratis.protocol.LeaderNotReadyException: localhost_10001@group-FF371CEDE24F is in LEADER state but not ready yet., logIndex=0, commits[localhost_10001:c-1, localhost_10002:c-1, localhost_10000:c-1]
2019-09-26 14:07:00,432 INFO  client.GrpcClientProtocolService (GrpcClientProtocolService.java:lambda$processClientRequest$0(278)) - Failed RaftClientRequest:client-FBD57F74AF91->localhost_10001@group-FF371CEDE24F, cid=42, seq=0, RW, Message:321f0a0f0a0d74657374...(size=33), reply=RaftClientReply:client-FBD57F74AF91->localhost_10001@group-FF371CEDE24F, cid=42, FAILED org.apache.ratis.protocol.LeaderNotReadyException: localhost_10001@group-FF371CEDE24F is in LEADER state but not ready yet., logIndex=0, commits[localhost_10001:c-1, localhost_10002:c-1, localhost_10000:c-1]
2019-09-26 14:07:00,433 INFO  client.GrpcClientProtocolService (GrpcClientProtocolService.java:lambda$processClientRequest$0(278)) - Failed RaftClientRequest:client-FBD57F74AF91->localhost_10001@group-FF371CEDE24F, cid=42, seq=0, RW, Message:321f0a0f0a0d74657374...(size=33), reply=RaftClientReply:client-FBD57F74AF91->localhost_10001@group-FF371CEDE24F, cid=42, FAILED org.apache.ratis.protocol.LeaderNotReadyException: localhost_10001@group-FF371CEDE24F is in LEADER state but not ready yet., logIndex=0, commits[localhost_10001:c-1, localhost_10002:c-1, localhost_10000:c-1]
2019-09-26 14:07:00,434 INFO  client.GrpcClientProtocolService (GrpcClientProtocolService.java:lambda$processClientRequest$0(278)) - Failed RaftClientRequest:client-FBD57F74AF91->localhost_10001@group-FF371CEDE24F, cid=42, seq=0, RW, Message:321f0a0f0a0d74657374...(size=33), reply=RaftClientReply:client-FBD57F74AF91->localhost_10001@group-FF371CEDE24F, cid=42, FAILED org.apache.ratis.protocol.LeaderNotReadyException: localhost_10001@group-FF371CEDE24F is in LEADER state but not ready yet., logIndex=0, commits[localhost_10001:c-1, localhost_10002:c-1, localhost_10000:c-1]
2019-09-26 14:07:00,436 INFO  client.GrpcClientProtocolService (GrpcClientProtocolService.java:lambda$processClientRequest$0(278)) - Failed RaftClientRequest:client-FBD57F74AF91->localhost_10001@group-FF371CEDE24F, cid=42, seq=0, RW, Message:321f0a0f0a0d74657374...(size=33), reply=RaftClientReply:client-FBD57F74AF91->localhost_10001@group-FF371CEDE24F, cid=42, FAILED org.apache.ratis.protocol.LeaderNotReadyException: localhost_10001@group-FF371CEDE24F is in LEADER state but not ready yet., logIndex=0, commits[localhost_10001:c-1, localhost_10002:c-1, localhost_10000:c-1]
2019-09-26 14:07:00,437 INFO  client.GrpcClientProtocolService (GrpcClientProtocolService.java:lambda$processClientRequest$0(278)) - Failed RaftClientRequest:client-FBD57F74AF91->localhost_10001@group-FF371CEDE24F, cid=42, seq=0, RW, Message:321f0a0f0a0d74657374...(size=33), reply=RaftClientReply:client-FBD57F74AF91->localhost_10001@group-FF371CEDE24F, cid=42, FAILED org.apache.ratis.protocol.LeaderNotReadyException: localhost_10001@group-FF371CEDE24F is in LEADER state but not ready yet., logIndex=0, commits[localhost_10001:c-1, localhost_10002:c-1, localhost_10000:c-1]
2019-09-26 14:07:00,438 INFO  client.GrpcClientProtocolService (GrpcClientProtocolService.java:lambda$processClientRequest$0(278)) - Failed RaftClientRequest:client-FBD57F74AF91->localhost_10001@group-FF371CEDE24F, cid=42, seq=0, RW, Message:321f0a0f0a0d74657374...(size=33), reply=RaftClientReply:client-FBD57F74AF91->localhost_10001@group-FF371CEDE24F, cid=42, FAILED org.apache.ratis.protocol.LeaderNotReadyException: localhost_10001@group-FF371CEDE24F is in LEADER state but not ready yet., logIndex=0, commits[localhost_10001:c-1, localhost_10002:c-1, localhost_10000:c-1]
2019-09-26 14:07:00,439 INFO  client.GrpcClientProtocolService (GrpcClientProtocolService.java:lambda$processClientRequest$0(278)) - Failed RaftClientRequest:client-FBD57F74AF91->localhost_10001@group-FF371CEDE24F, cid=42, seq=0, RW, Message:321f0a0f0a0d74657374...(size=33), reply=RaftClientReply:client-FBD57F74AF91->localhost_10001@group-FF371CEDE24F, cid=42, FAILED org.apache.ratis.protocol.LeaderNotReadyException: localhost_10001@group-FF371CEDE24F is in LEADER state but not ready yet., logIndex=0, commits[localhost_10001:c-1, localhost_10002:c-1, localhost_10000:c-1]
2019-09-26 14:07:00,440 INFO  client.GrpcClientProtocolService (GrpcClientProtocolService.java:lambda$processClientRequest$0(278)) - Failed RaftClientRequest:client-FBD57F74AF91->localhost_10001@group-FF371CEDE24F, cid=42, seq=0, RW, Message:321f0a0f0a0d74657374...(size=33), reply=RaftClientReply:client-FBD57F74AF91->localhost_10001@group-FF371CEDE24F, cid=42, FAILED org.apache.ratis.protocol.LeaderNotReadyException: localhost_10001@group-FF371CEDE24F is in LEADER state but not ready yet., logIndex=0, commits[localhost_10001:c-1, localhost_10002:c-1, localhost_10000:c-1]
2019-09-26 14:07:00,441 INFO  client.GrpcClientProtocolService (GrpcClientProtocolService.java:lambda$processClientRequest$0(278)) - Failed RaftClientRequest:client-FBD57F74AF91->localhost_10001@group-FF371CEDE24F, cid=42, seq=0, RW, Message:321f0a0f0a0d74657374...(size=33), reply=RaftClientReply:client-FBD57F74AF91->localhost_10001@group-FF371CEDE24F, cid=42, FAILED org.apache.ratis.protocol.LeaderNotReadyException: localhost_10001@group-FF371CEDE24F is in LEADER state but not ready yet., logIndex=0, commits[localhost_10001:c-1, localhost_10002:c-1, localhost_10000:c-1]
2019-09-26 14:07:00,442 INFO  client.GrpcClientProtocolService (GrpcClientProtocolService.java:lambda$processClientRequest$0(278)) - Failed RaftClientRequest:client-FBD57F74AF91->localhost_10001@group-FF371CEDE24F, cid=42, seq=0, RW, Message:321f0a0f0a0d74657374...(size=33), reply=RaftClientReply:client-FBD57F74AF91->localhost_10001@group-FF371CEDE24F, cid=42, FAILED org.apache.ratis.protocol.LeaderNotReadyException: localhost_10001@group-FF371CEDE24F is in LEADER state but not ready yet., logIndex=0, commits[localhost_10001:c-1, localhost_10002:c-1, localhost_10000:c-1]
2019-09-26 14:07:00,443 INFO  client.GrpcClientProtocolService (GrpcClientProtocolService.java:lambda$processClientRequest$0(278)) - Failed RaftClientRequest:client-FBD57F74AF91->localhost_10001@group-FF371CEDE24F, cid=42, seq=0, RW, Message:321f0a0f0a0d74657374...(size=33), reply=RaftClientReply:client-FBD57F74AF91->localhost_10001@group-FF371CEDE24F, cid=42, FAILED org.apache.ratis.protocol.LeaderNotReadyException: localhost_10001@group-FF371CEDE24F is in LEADER state but not ready yet., logIndex=0, commits[localhost_10001:c-1, localhost_10002:c-1, localhost_10000:c-1]
2019-09-26 14:07:00,444 INFO  client.GrpcClientProtocolService (GrpcClientProtocolService.java:lambda$processClientRequest$0(278)) - Failed RaftClientRequest:client-FBD57F74AF91->localhost_10001@group-FF371CEDE24F, cid=42, seq=0, RW, Message:321f0a0f0a0d74657374...(size=33), reply=RaftClientReply:client-FBD57F74AF91->localhost_10001@group-FF371CEDE24F, cid=42, FAILED org.apache.ratis.protocol.LeaderNotReadyException: localhost_10001@group-FF371CEDE24F is in LEADER state but not ready yet., logIndex=0, commits[localhost_10001:c-1, localhost_10002:c-1, localhost_10000:c-1]
2019-09-26 14:07:00,445 INFO  client.GrpcClientProtocolService (GrpcClientProtocolService.java:lambda$processClientRequest$0(278)) - Failed RaftClientRequest:client-FBD57F74AF91->localhost_10001@group-FF371CEDE24F, cid=42, seq=0, RW, Message:321f0a0f0a0d74657374...(size=33), reply=RaftClientReply:client-FBD57F74AF91->localhost_10001@group-FF371CEDE24F, cid=42, FAILED org.apache.ratis.protocol.LeaderNotReadyException: localhost_10001@group-FF371CEDE24F is in LEADER state but not ready yet., logIndex=0, commits[localhost_10001:c-1, localhost_10002:c-1, localhost_10000:c-1]
2019-09-26 14:07:00,446 INFO  client.GrpcClientProtocolService (GrpcClientProtocolService.java:lambda$processClientRequest$0(278)) - Failed RaftClientRequest:client-FBD57F74AF91->localhost_10001@group-FF371CEDE24F, cid=42, seq=0, RW, Message:321f0a0f0a0d74657374...(size=33), reply=RaftClientReply:client-FBD57F74AF91->localhost_10001@group-FF371CEDE24F, cid=42, FAILED org.apache.ratis.protocol.LeaderNotReadyException: localhost_10001@group-FF371CEDE24F is in LEADER state but not ready yet., logIndex=0, commits[localhost_10001:c-1, localhost_10002:c-1, localhost_10000:c-1]
2019-09-26 14:07:00,447 INFO  client.GrpcClientProtocolService (GrpcClientProtocolService.java:lambda$processClientRequest$0(278)) - Failed RaftClientRequest:client-FBD57F74AF91->localhost_10001@group-FF371CEDE24F, cid=42, seq=0, RW, Message:321f0a0f0a0d74657374...(size=33), reply=RaftClientReply:client-FBD57F74AF91->localhost_10001@group-FF371CEDE24F, cid=42, FAILED org.apache.ratis.protocol.LeaderNotReadyException: localhost_10001@group-FF371CEDE24F is in LEADER state but not ready yet., logIndex=0, commits[localhost_10001:c-1, localhost_10002:c-1, localhost_10000:c-1]
2019-09-26 14:07:00,448 INFO  client.GrpcClientProtocolService (GrpcClientProtocolService.java:lambda$processClientRequest$0(278)) - Failed RaftClientRequest:client-FBD57F74AF91->localhost_10001@group-FF371CEDE24F, cid=42, seq=0, RW, Message:321f0a0f0a0d74657374...(size=33), reply=RaftClientReply:client-FBD57F74AF91->localhost_10001@group-FF371CEDE24F, cid=42, FAILED org.apache.ratis.protocol.LeaderNotReadyException: localhost_10001@group-FF371CEDE24F is in LEADER state but not ready yet., logIndex=0, commits[localhost_10001:c-1, localhost_10002:c-1, localhost_10000:c-1]
2019-09-26 14:07:00,449 INFO  client.GrpcClientProtocolService (GrpcClientProtocolService.java:lambda$processClientRequest$0(278)) - Failed RaftClientRequest:client-FBD57F74AF91->localhost_10001@group-FF371CEDE24F, cid=42, seq=0, RW, Message:321f0a0f0a0d74657374...(size=33), reply=RaftClientReply:client-FBD57F74AF91->localhost_10001@group-FF371CEDE24F, cid=42, FAILED org.apache.ratis.protocol.LeaderNotReadyException: localhost_10001@group-FF371CEDE24F is in LEADER state but not ready yet., logIndex=0, commits[localhost_10001:c-1, localhost_10002:c-1, localhost_10000:c-1]
2019-09-26 14:07:00,450 INFO  client.GrpcClientProtocolService (GrpcClientProtocolService.java:lambda$processClientRequest$0(278)) - Failed RaftClientRequest:client-FBD57F74AF91->localhost_10001@group-FF371CEDE24F, cid=42, seq=0, RW, Message:321f0a0f0a0d74657374...(size=33), reply=RaftClientReply:client-FBD57F74AF91->localhost_10001@group-FF371CEDE24F, cid=42, FAILED org.apache.ratis.protocol.LeaderNotReadyException: localhost_10001@group-FF371CEDE24F is in LEADER state but not ready yet., logIndex=0, commits[localhost_10001:c-1, localhost_10002:c-1, localhost_10000:c-1]
2019-09-26 14:07:00,451 INFO  client.GrpcClientProtocolService (GrpcClientProtocolService.java:lambda$processClientRequest$0(278)) - Failed RaftClientRequest:client-FBD57F74AF91->localhost_10001@group-FF371CEDE24F, cid=42, seq=0, RW, Message:321f0a0f0a0d74657374...(size=33), reply=RaftClientReply:client-FBD57F74AF91->localhost_10001@group-FF371CEDE24F, cid=42, FAILED org.apache.ratis.protocol.LeaderNotReadyException: localhost_10001@group-FF371CEDE24F is in LEADER state but not ready yet., logIndex=0, commits[localhost_10001:c-1, localhost_10002:c-1, localhost_10000:c-1]
2019-09-26 14:07:00,452 INFO  client.GrpcClientProtocolService (GrpcClientProtocolService.java:lambda$processClientRequest$0(278)) - Failed RaftClientRequest:client-FBD57F74AF91->localhost_10001@group-FF371CEDE24F, cid=42, seq=0, RW, Message:321f0a0f0a0d74657374...(size=33), reply=RaftClientReply:client-FBD57F74AF91->localhost_10001@group-FF371CEDE24F, cid=42, FAILED org.apache.ratis.protocol.LeaderNotReadyException: localhost_10001@group-FF371CEDE24F is in LEADER state but not ready yet., logIndex=0, commits[localhost_10001:c-1, localhost_10002:c-1, localhost_10000:c-1]
2019-09-26 14:07:00,453 INFO  client.GrpcClientProtocolService (GrpcClientProtocolService.java:lambda$processClientRequest$0(278)) - Failed RaftClientRequest:client-FBD57F74AF91->localhost_10001@group-FF371CEDE24F, cid=42, seq=0, RW, Message:321f0a0f0a0d74657374...(size=33), reply=RaftClientReply:client-FBD57F74AF91->localhost_10001@group-FF371CEDE24F, cid=42, FAILED org.apache.ratis.protocol.LeaderNotReadyException: localhost_10001@group-FF371CEDE24F is in LEADER state but not ready yet., logIndex=0, commits[localhost_10001:c-1, localhost_10002:c-1, localhost_10000:c-1]
2019-09-26 14:07:00,454 INFO  client.GrpcClientProtocolService (GrpcClientProtocolService.java:lambda$processClientRequest$0(278)) - Failed RaftClientRequest:client-FBD57F74AF91->localhost_10001@group-FF371CEDE24F, cid=42, seq=0, RW, Message:321f0a0f0a0d74657374...(size=33), reply=RaftClientReply:client-FBD57F74AF91->localhost_10001@group-FF371CEDE24F, cid=42, FAILED org.apache.ratis.protocol.LeaderNotReadyException: localhost_10001@group-FF371CEDE24F is in LEADER state but not ready yet., logIndex=0, commits[localhost_10001:c-1, localhost_10002:c-1, localhost_10000:c-1]
2019-09-26 14:07:00,456 INFO  client.GrpcClientProtocolService (GrpcClientProtocolService.java:lambda$processClientRequest$0(278)) - Failed RaftClientRequest:client-FBD57F74AF91->localhost_10001@group-FF371CEDE24F, cid=42, seq=0, RW, Message:321f0a0f0a0d74657374...(size=33), reply=RaftClientReply:client-FBD57F74AF91->localhost_10001@group-FF371CEDE24F, cid=42, FAILED org.apache.ratis.protocol.LeaderNotReadyException: localhost_10001@group-FF371CEDE24F is in LEADER state but not ready yet., logIndex=0, commits[localhost_10001:c-1, localhost_10002:c-1, localhost_10000:c-1]
2019-09-26 14:07:00,459 INFO  client.GrpcClientProtocolService (GrpcClientProtocolService.java:lambda$processClientRequest$0(278)) - Failed RaftClientRequest:client-FBD57F74AF91->localhost_10001@group-FF371CEDE24F, cid=42, seq=0, RW, Message:321f0a0f0a0d74657374...(size=33), reply=RaftClientReply:client-FBD57F74AF91->localhost_10001@group-FF371CEDE24F, cid=42, FAILED org.apache.ratis.protocol.LeaderNotReadyException: localhost_10001@group-FF371CEDE24F is in LEADER state but not ready yet., logIndex=0, commits[localhost_10001:c-1, localhost_10002:c-1, localhost_10000:c-1]
2019-09-26 14:07:00,460 INFO  client.GrpcClientProtocolService (GrpcClientProtocolService.java:lambda$processClientRequest$0(278)) - Failed RaftClientRequest:client-FBD57F74AF91->localhost_10001@group-FF371CEDE24F, cid=42, seq=0, RW, Message:321f0a0f0a0d74657374...(size=33), reply=RaftClientReply:client-FBD57F74AF91->localhost_10001@group-FF371CEDE24F, cid=42, FAILED org.apache.ratis.protocol.LeaderNotReadyException: localhost_10001@group-FF371CEDE24F is in LEADER state but not ready yet., logIndex=0, commits[localhost_10001:c-1, localhost_10002:c-1, localhost_10000:c-1]
2019-09-26 14:07:00,461 INFO  client.GrpcClientProtocolService (GrpcClientProtocolService.java:lambda$processClientRequest$0(278)) - Failed RaftClientRequest:client-FBD57F74AF91->localhost_10001@group-FF371CEDE24F, cid=42, seq=0, RW, Message:321f0a0f0a0d74657374...(size=33), reply=RaftClientReply:client-FBD57F74AF91->localhost_10001@group-FF371CEDE24F, cid=42, FAILED org.apache.ratis.protocol.LeaderNotReadyException: localhost_10001@group-FF371CEDE24F is in LEADER state but not ready yet., logIndex=0, commits[localhost_10001:c-1, localhost_10002:c-1, localhost_10000:c-1]
2019-09-26 14:07:00,462 INFO  client.GrpcClientProtocolService (GrpcClientProtocolService.java:lambda$processClientRequest$0(278)) - Failed RaftClientRequest:client-FBD57F74AF91->localhost_10001@group-FF371CEDE24F, cid=42, seq=0, RW, Message:321f0a0f0a0d74657374...(size=33), reply=RaftClientReply:client-FBD57F74AF91->localhost_10001@group-FF371CEDE24F, cid=42, FAILED org.apache.ratis.protocol.LeaderNotReadyException: localhost_10001@group-FF371CEDE24F is in LEADER state but not ready yet., logIndex=0, commits[localhost_10001:c-1, localhost_10002:c-1, localhost_10000:c-1]
2019-09-26 14:07:00,464 INFO  client.GrpcClientProtocolService (GrpcClientProtocolService.java:lambda$processClientRequest$0(278)) - Failed RaftClientRequest:client-FBD57F74AF91->localhost_10001@group-FF371CEDE24F, cid=42, seq=0, RW, Message:321f0a0f0a0d74657374...(size=33), reply=RaftClientReply:client-FBD57F74AF91->localhost_10001@group-FF371CEDE24F, cid=42, FAILED org.apache.ratis.protocol.LeaderNotReadyException: localhost_10001@group-FF371CEDE24F is in LEADER state but not ready yet., logIndex=0, commits[localhost_10001:c-1, localhost_10002:c-1, localhost_10000:c-1]
2019-09-26 14:07:00,465 INFO  client.GrpcClientProtocolService (GrpcClientProtocolService.java:lambda$processClientRequest$0(278)) - Failed RaftClientRequest:client-FBD57F74AF91->localhost_10001@group-FF371CEDE24F, cid=42, seq=0, RW, Message:321f0a0f0a0d74657374...(size=33), reply=RaftClientReply:client-FBD57F74AF91->localhost_10001@group-FF371CEDE24F, cid=42, FAILED org.apache.ratis.protocol.LeaderNotReadyException: localhost_10001@group-FF371CEDE24F is in LEADER state but not ready yet., logIndex=0, commits[localhost_10001:c-1, localhost_10002:c-1, localhost_10000:c-1]
2019-09-26 14:07:00,466 INFO  client.GrpcClientProtocolService (GrpcClientProtocolService.java:lambda$processClientRequest$0(278)) - Failed RaftClientRequest:client-FBD57F74AF91->localhost_10001@group-FF371CEDE24F, cid=42, seq=0, RW, Message:321f0a0f0a0d74657374...(size=33), reply=RaftClientReply:client-FBD57F74AF91->localhost_10001@group-FF371CEDE24F, cid=42, FAILED org.apache.ratis.protocol.LeaderNotReadyException: localhost_10001@group-FF371CEDE24F is in LEADER state but not ready yet., logIndex=0, commits[localhost_10001:c-1, localhost_10002:c-1, localhost_10000:c-1]
2019-09-26 14:07:00,467 INFO  client.GrpcClientProtocolService (GrpcClientProtocolService.java:lambda$processClientRequest$0(278)) - Failed RaftClientRequest:client-FBD57F74AF91->localhost_10001@group-FF371CEDE24F, cid=42, seq=0, RW, Message:321f0a0f0a0d74657374...(size=33), reply=RaftClientReply:client-FBD57F74AF91->localhost_10001@group-FF371CEDE24F, cid=42, FAILED org.apache.ratis.protocol.LeaderNotReadyException: localhost_10001@group-FF371CEDE24F is in LEADER state but not ready yet., logIndex=0, commits[localhost_10001:c-1, localhost_10002:c-1, localhost_10000:c-1]
2019-09-26 14:07:00,469 INFO  client.GrpcClientProtocolService (GrpcClientProtocolService.java:lambda$processClientRequest$0(278)) - Failed RaftClientRequest:client-FBD57F74AF91->localhost_10001@group-FF371CEDE24F, cid=42, seq=0, RW, Message:321f0a0f0a0d74657374...(size=33), reply=RaftClientReply:client-FBD57F74AF91->localhost_10001@group-FF371CEDE24F, cid=42, FAILED org.apache.ratis.protocol.LeaderNotReadyException: localhost_10001@group-FF371CEDE24F is in LEADER state but not ready yet., logIndex=0, commits[localhost_10001:c-1, localhost_10002:c-1, localhost_10000:c-1]
2019-09-26 14:07:00,470 INFO  client.GrpcClientProtocolService (GrpcClientProtocolService.java:lambda$processClientRequest$0(278)) - Failed RaftClientRequest:client-FBD57F74AF91->localhost_10001@group-FF371CEDE24F, cid=42, seq=0, RW, Message:321f0a0f0a0d74657374...(size=33), reply=RaftClientReply:client-FBD57F74AF91->localhost_10001@group-FF371CEDE24F, cid=42, FAILED org.apache.ratis.protocol.LeaderNotReadyException: localhost_10001@group-FF371CEDE24F is in LEADER state but not ready yet., logIndex=0, commits[localhost_10001:c-1, localhost_10002:c-1, localhost_10000:c-1]
2019-09-26 14:07:00,471 INFO  client.GrpcClientProtocolService (GrpcClientProtocolService.java:lambda$processClientRequest$0(278)) - Failed RaftClientRequest:client-FBD57F74AF91->localhost_10001@group-FF371CEDE24F, cid=42, seq=0, RW, Message:321f0a0f0a0d74657374...(size=33), reply=RaftClientReply:client-FBD57F74AF91->localhost_10001@group-FF371CEDE24F, cid=42, FAILED org.apache.ratis.protocol.LeaderNotReadyException: localhost_10001@group-FF371CEDE24F is in LEADER state but not ready yet., logIndex=0, commits[localhost_10001:c-1, localhost_10002:c-1, localhost_10000:c-1]
2019-09-26 14:07:00,473 INFO  client.GrpcClientProtocolService (GrpcClientProtocolService.java:lambda$processClientRequest$0(278)) - Failed RaftClientRequest:client-FBD57F74AF91->localhost_10001@group-FF371CEDE24F, cid=42, seq=0, RW, Message:321f0a0f0a0d74657374...(size=33), reply=RaftClientReply:client-FBD57F74AF91->localhost_10001@group-FF371CEDE24F, cid=42, FAILED org.apache.ratis.protocol.LeaderNotReadyException: localhost_10001@group-FF371CEDE24F is in LEADER state but not ready yet., logIndex=0, commits[localhost_10001:c-1, localhost_10002:c-1, localhost_10000:c-1]
2019-09-26 14:07:00,474 INFO  client.GrpcClientProtocolService (GrpcClientProtocolService.java:lambda$processClientRequest$0(278)) - Failed RaftClientRequest:client-FBD57F74AF91->localhost_10001@group-FF371CEDE24F, cid=42, seq=0, RW, Message:321f0a0f0a0d74657374...(size=33), reply=RaftClientReply:client-FBD57F74AF91->localhost_10001@group-FF371CEDE24F, cid=42, FAILED org.apache.ratis.protocol.LeaderNotReadyException: localhost_10001@group-FF371CEDE24F is in LEADER state but not ready yet., logIndex=0, commits[localhost_10001:c-1, localhost_10002:c-1, localhost_10000:c-1]
2019-09-26 14:07:00,475 INFO  client.GrpcClientProtocolService (GrpcClientProtocolService.java:lambda$processClientRequest$0(278)) - Failed RaftClientRequest:client-FBD57F74AF91->localhost_10001@group-FF371CEDE24F, cid=42, seq=0, RW, Message:321f0a0f0a0d74657374...(size=33), reply=RaftClientReply:client-FBD57F74AF91->localhost_10001@group-FF371CEDE24F, cid=42, FAILED org.apache.ratis.protocol.LeaderNotReadyException: localhost_10001@group-FF371CEDE24F is in LEADER state but not ready yet., logIndex=0, commits[localhost_10001:c-1, localhost_10002:c-1, localhost_10000:c-1]
2019-09-26 14:07:00,476 INFO  client.GrpcClientProtocolService (GrpcClientProtocolService.java:lambda$processClientRequest$0(278)) - Failed RaftClientRequest:client-FBD57F74AF91->localhost_10001@group-FF371CEDE24F, cid=42, seq=0, RW, Message:321f0a0f0a0d74657374...(size=33), reply=RaftClientReply:client-FBD57F74AF91->localhost_10001@group-FF371CEDE24F, cid=42, FAILED org.apache.ratis.protocol.LeaderNotReadyException: localhost_10001@group-FF371CEDE24F is in LEADER state but not ready yet., logIndex=0, commits[localhost_10001:c-1, localhost_10002:c-1, localhost_10000:c-1]
2019-09-26 14:07:00,477 INFO  client.GrpcClientProtocolService (GrpcClientProtocolService.java:lambda$processClientRequest$0(278)) - Failed RaftClientRequest:client-FBD57F74AF91->localhost_10001@group-FF371CEDE24F, cid=42, seq=0, RW, Message:321f0a0f0a0d74657374...(size=33), reply=RaftClientReply:client-FBD57F74AF91->localhost_10001@group-FF371CEDE24F, cid=42, FAILED org.apache.ratis.protocol.LeaderNotReadyException: localhost_10001@group-FF371CEDE24F is in LEADER state but not ready yet., logIndex=0, commits[localhost_10001:c-1, localhost_10002:c-1, localhost_10000:c-1]
2019-09-26 14:07:00,478 INFO  client.GrpcClientProtocolService (GrpcClientProtocolService.java:lambda$processClientRequest$0(278)) - Failed RaftClientRequest:client-FBD57F74AF91->localhost_10001@group-FF371CEDE24F, cid=42, seq=0, RW, Message:321f0a0f0a0d74657374...(size=33), reply=RaftClientReply:client-FBD57F74AF91->localhost_10001@group-FF371CEDE24F, cid=42, FAILED org.apache.ratis.protocol.LeaderNotReadyException: localhost_10001@group-FF371CEDE24F is in LEADER state but not ready yet., logIndex=0, commits[localhost_10001:c-1, localhost_10002:c-1, localhost_10000:c-1]
2019-09-26 14:07:00,479 INFO  client.GrpcClientProtocolService (GrpcClientProtocolService.java:lambda$processClientRequest$0(278)) - Failed RaftClientRequest:client-FBD57F74AF91->localhost_10001@group-FF371CEDE24F, cid=42, seq=0, RW, Message:321f0a0f0a0d74657374...(size=33), reply=RaftClientReply:client-FBD57F74AF91->localhost_10001@group-FF371CEDE24F, cid=42, FAILED org.apache.ratis.protocol.LeaderNotReadyException: localhost_10001@group-FF371CEDE24F is in LEADER state but not ready yet., logIndex=0, commits[localhost_10001:c-1, localhost_10002:c-1, localhost_10000:c-1]
2019-09-26 14:07:00,480 INFO  client.GrpcClientProtocolService (GrpcClientProtocolService.java:lambda$processClientRequest$0(278)) - Failed RaftClientRequest:client-FBD57F74AF91->localhost_10001@group-FF371CEDE24F, cid=42, seq=0, RW, Message:321f0a0f0a0d74657374...(size=33), reply=RaftClientReply:client-FBD57F74AF91->localhost_10001@group-FF371CEDE24F, cid=42, FAILED org.apache.ratis.protocol.LeaderNotReadyException: localhost_10001@group-FF371CEDE24F is in LEADER state but not ready yet., logIndex=0, commits[localhost_10001:c-1, localhost_10002:c-1, localhost_10000:c-1]
2019-09-26 14:07:00,481 INFO  client.GrpcClientProtocolService (GrpcClientProtocolService.java:lambda$processClientRequest$0(278)) - Failed RaftClientRequest:client-FBD57F74AF91->localhost_10001@group-FF371CEDE24F, cid=42, seq=0, RW, Message:321f0a0f0a0d74657374...(size=33), reply=RaftClientReply:client-FBD57F74AF91->localhost_10001@group-FF371CEDE24F, cid=42, FAILED org.apache.ratis.protocol.LeaderNotReadyException: localhost_10001@group-FF371CEDE24F is in LEADER state but not ready yet., logIndex=0, commits[localhost_10001:c-1, localhost_10002:c-1, localhost_10000:c-1]
2019-09-26 14:07:00,482 INFO  client.GrpcClientProtocolService (GrpcClientProtocolService.java:lambda$processClientRequest$0(278)) - Failed RaftClientRequest:client-FBD57F74AF91->localhost_10001@group-FF371CEDE24F, cid=42, seq=0, RW, Message:321f0a0f0a0d74657374...(size=33), reply=RaftClientReply:client-FBD57F74AF91->localhost_10001@group-FF371CEDE24F, cid=42, FAILED org.apache.ratis.protocol.LeaderNotReadyException: localhost_10001@group-FF371CEDE24F is in LEADER state but not ready yet., logIndex=0, commits[localhost_10001:c-1, localhost_10002:c-1, localhost_10000:c-1]
2019-09-26 14:07:00,483 INFO  client.GrpcClientProtocolService (GrpcClientProtocolService.java:lambda$processClientRequest$0(278)) - Failed RaftClientRequest:client-FBD57F74AF91->localhost_10001@group-FF371CEDE24F, cid=42, seq=0, RW, Message:321f0a0f0a0d74657374...(size=33), reply=RaftClientReply:client-FBD57F74AF91->localhost_10001@group-FF371CEDE24F, cid=42, FAILED org.apache.ratis.protocol.LeaderNotReadyException: localhost_10001@group-FF371CEDE24F is in LEADER state but not ready yet., logIndex=0, commits[localhost_10001:c-1, localhost_10002:c-1, localhost_10000:c-1]
2019-09-26 14:07:00,484 INFO  client.GrpcClientProtocolService (GrpcClientProtocolService.java:lambda$processClientRequest$0(278)) - Failed RaftClientRequest:client-FBD57F74AF91->localhost_10001@group-FF371CEDE24F, cid=42, seq=0, RW, Message:321f0a0f0a0d74657374...(size=33), reply=RaftClientReply:client-FBD57F74AF91->localhost_10001@group-FF371CEDE24F, cid=42, FAILED org.apache.ratis.protocol.LeaderNotReadyException: localhost_10001@group-FF371CEDE24F is in LEADER state but not ready yet., logIndex=0, commits[localhost_10001:c-1, localhost_10002:c-1, localhost_10000:c-1]
2019-09-26 14:07:00,485 INFO  client.GrpcClientProtocolService (GrpcClientProtocolService.java:lambda$processClientRequest$0(278)) - Failed RaftClientRequest:client-FBD57F74AF91->localhost_10001@group-FF371CEDE24F, cid=42, seq=0, RW, Message:321f0a0f0a0d74657374...(size=33), reply=RaftClientReply:client-FBD57F74AF91->localhost_10001@group-FF371CEDE24F, cid=42, FAILED org.apache.ratis.protocol.LeaderNotReadyException: localhost_10001@group-FF371CEDE24F is in LEADER state but not ready yet., logIndex=0, commits[localhost_10001:c-1, localhost_10002:c-1, localhost_10000:c-1]
2019-09-26 14:07:00,486 INFO  client.GrpcClientProtocolService (GrpcClientProtocolService.java:lambda$processClientRequest$0(278)) - Failed RaftClientRequest:client-FBD57F74AF91->localhost_10001@group-FF371CEDE24F, cid=42, seq=0, RW, Message:321f0a0f0a0d74657374...(size=33), reply=RaftClientReply:client-FBD57F74AF91->localhost_10001@group-FF371CEDE24F, cid=42, FAILED org.apache.ratis.protocol.LeaderNotReadyException: localhost_10001@group-FF371CEDE24F is in LEADER state but not ready yet., logIndex=0, commits[localhost_10001:c-1, localhost_10002:c-1, localhost_10000:c-1]
2019-09-26 14:07:00,488 INFO  client.GrpcClientProtocolService (GrpcClientProtocolService.java:lambda$processClientRequest$0(278)) - Failed RaftClientRequest:client-FBD57F74AF91->localhost_10001@group-FF371CEDE24F, cid=42, seq=0, RW, Message:321f0a0f0a0d74657374...(size=33), reply=RaftClientReply:client-FBD57F74AF91->localhost_10001@group-FF371CEDE24F, cid=42, FAILED org.apache.ratis.protocol.LeaderNotReadyException: localhost_10001@group-FF371CEDE24F is in LEADER state but not ready yet., logIndex=0, commits[localhost_10001:c-1, localhost_10002:c-1, localhost_10000:c-1]
2019-09-26 14:07:00,488 INFO  client.GrpcClientProtocolService (GrpcClientProtocolService.java:lambda$processClientRequest$0(278)) - Failed RaftClientRequest:client-FBD57F74AF91->localhost_10001@group-FF371CEDE24F, cid=42, seq=0, RW, Message:321f0a0f0a0d74657374...(size=33), reply=RaftClientReply:client-FBD57F74AF91->localhost_10001@group-FF371CEDE24F, cid=42, FAILED org.apache.ratis.protocol.LeaderNotReadyException: localhost_10001@group-FF371CEDE24F is in LEADER state but not ready yet., logIndex=0, commits[localhost_10001:c-1, localhost_10002:c-1, localhost_10000:c-1]
2019-09-26 14:07:00,489 INFO  client.GrpcClientProtocolService (GrpcClientProtocolService.java:lambda$processClientRequest$0(278)) - Failed RaftClientRequest:client-FBD57F74AF91->localhost_10001@group-FF371CEDE24F, cid=42, seq=0, RW, Message:321f0a0f0a0d74657374...(size=33), reply=RaftClientReply:client-FBD57F74AF91->localhost_10001@group-FF371CEDE24F, cid=42, FAILED org.apache.ratis.protocol.LeaderNotReadyException: localhost_10001@group-FF371CEDE24F is in LEADER state but not ready yet., logIndex=0, commits[localhost_10001:c-1, localhost_10002:c-1, localhost_10000:c-1]
2019-09-26 14:07:00,491 INFO  client.GrpcClientProtocolService (GrpcClientProtocolService.java:lambda$processClientRequest$0(278)) - Failed RaftClientRequest:client-FBD57F74AF91->localhost_10001@group-FF371CEDE24F, cid=42, seq=0, RW, Message:321f0a0f0a0d74657374...(size=33), reply=RaftClientReply:client-FBD57F74AF91->localhost_10001@group-FF371CEDE24F, cid=42, FAILED org.apache.ratis.protocol.LeaderNotReadyException: localhost_10001@group-FF371CEDE24F is in LEADER state but not ready yet., logIndex=0, commits[localhost_10001:c-1, localhost_10002:c-1, localhost_10000:c-1]
2019-09-26 14:07:00,492 INFO  client.GrpcClientProtocolService (GrpcClientProtocolService.java:lambda$processClientRequest$0(278)) - Failed RaftClientRequest:client-FBD57F74AF91->localhost_10001@group-FF371CEDE24F, cid=42, seq=0, RW, Message:321f0a0f0a0d74657374...(size=33), reply=RaftClientReply:client-FBD57F74AF91->localhost_10001@group-FF371CEDE24F, cid=42, FAILED org.apache.ratis.protocol.LeaderNotReadyException: localhost_10001@group-FF371CEDE24F is in LEADER state but not ready yet., logIndex=0, commits[localhost_10001:c-1, localhost_10002:c-1, localhost_10000:c-1]
2019-09-26 14:07:00,493 INFO  client.GrpcClientProtocolService (GrpcClientProtocolService.java:lambda$processClientRequest$0(278)) - Failed RaftClientRequest:client-FBD57F74AF91->localhost_10001@group-FF371CEDE24F, cid=42, seq=0, RW, Message:321f0a0f0a0d74657374...(size=33), reply=RaftClientReply:client-FBD57F74AF91->localhost_10001@group-FF371CEDE24F, cid=42, FAILED org.apache.ratis.protocol.LeaderNotReadyException: localhost_10001@group-FF371CEDE24F is in LEADER state but not ready yet., logIndex=0, commits[localhost_10001:c-1, localhost_10002:c-1, localhost_10000:c-1]
2019-09-26 14:07:00,494 INFO  client.GrpcClientProtocolService (GrpcClientProtocolService.java:lambda$processClientRequest$0(278)) - Failed RaftClientRequest:client-FBD57F74AF91->localhost_10001@group-FF371CEDE24F, cid=42, seq=0, RW, Message:321f0a0f0a0d74657374...(size=33), reply=RaftClientReply:client-FBD57F74AF91->localhost_10001@group-FF371CEDE24F, cid=42, FAILED org.apache.ratis.protocol.LeaderNotReadyException: localhost_10001@group-FF371CEDE24F is in LEADER state but not ready yet., logIndex=0, commits[localhost_10001:c-1, localhost_10002:c-1, localhost_10000:c-1]
2019-09-26 14:07:00,495 INFO  client.GrpcClientProtocolService (GrpcClientProtocolService.java:lambda$processClientRequest$0(278)) - Failed RaftClientRequest:client-FBD57F74AF91->localhost_10001@group-FF371CEDE24F, cid=42, seq=0, RW, Message:321f0a0f0a0d74657374...(size=33), reply=RaftClientReply:client-FBD57F74AF91->localhost_10001@group-FF371CEDE24F, cid=42, FAILED org.apache.ratis.protocol.LeaderNotReadyException: localhost_10001@group-FF371CEDE24F is in LEADER state but not ready yet., logIndex=0, commits[localhost_10001:c-1, localhost_10002:c-1, localhost_10000:c-1]
2019-09-26 14:07:00,496 INFO  client.GrpcClientProtocolService (GrpcClientProtocolService.java:lambda$processClientRequest$0(278)) - Failed RaftClientRequest:client-FBD57F74AF91->localhost_10001@group-FF371CEDE24F, cid=42, seq=0, RW, Message:321f0a0f0a0d74657374...(size=33), reply=RaftClientReply:client-FBD57F74AF91->localhost_10001@group-FF371CEDE24F, cid=42, FAILED org.apache.ratis.protocol.LeaderNotReadyException: localhost_10001@group-FF371CEDE24F is in LEADER state but not ready yet., logIndex=0, commits[localhost_10001:c-1, localhost_10002:c-1, localhost_10000:c-1]
2019-09-26 14:07:00,497 INFO  client.GrpcClientProtocolService (GrpcClientProtocolService.java:lambda$processClientRequest$0(278)) - Failed RaftClientRequest:client-FBD57F74AF91->localhost_10001@group-FF371CEDE24F, cid=42, seq=0, RW, Message:321f0a0f0a0d74657374...(size=33), reply=RaftClientReply:client-FBD57F74AF91->localhost_10001@group-FF371CEDE24F, cid=42, FAILED org.apache.ratis.protocol.LeaderNotReadyException: localhost_10001@group-FF371CEDE24F is in LEADER state but not ready yet., logIndex=0, commits[localhost_10001:c-1, localhost_10002:c-1, localhost_10000:c-1]
2019-09-26 14:07:00,498 INFO  client.GrpcClientProtocolService (GrpcClientProtocolService.java:lambda$processClientRequest$0(278)) - Failed RaftClientRequest:client-FBD57F74AF91->localhost_10001@group-FF371CEDE24F, cid=42, seq=0, RW, Message:321f0a0f0a0d74657374...(size=33), reply=RaftClientReply:client-FBD57F74AF91->localhost_10001@group-FF371CEDE24F, cid=42, FAILED org.apache.ratis.protocol.LeaderNotReadyException: localhost_10001@group-FF371CEDE24F is in LEADER state but not ready yet., logIndex=0, commits[localhost_10001:c-1, localhost_10002:c-1, localhost_10000:c-1]
2019-09-26 14:07:00,500 INFO  client.GrpcClientProtocolService (GrpcClientProtocolService.java:lambda$processClientRequest$0(278)) - Failed RaftClientRequest:client-FBD57F74AF91->localhost_10001@group-FF371CEDE24F, cid=42, seq=0, RW, Message:321f0a0f0a0d74657374...(size=33), reply=RaftClientReply:client-FBD57F74AF91->localhost_10001@group-FF371CEDE24F, cid=42, FAILED org.apache.ratis.protocol.LeaderNotReadyException: localhost_10001@group-FF371CEDE24F is in LEADER state but not ready yet., logIndex=0, commits[localhost_10001:c-1, localhost_10002:c-1, localhost_10000:c-1]
2019-09-26 14:07:00,501 INFO  client.GrpcClientProtocolService (GrpcClientProtocolService.java:lambda$processClientRequest$0(278)) - Failed RaftClientRequest:client-FBD57F74AF91->localhost_10001@group-FF371CEDE24F, cid=42, seq=0, RW, Message:321f0a0f0a0d74657374...(size=33), reply=RaftClientReply:client-FBD57F74AF91->localhost_10001@group-FF371CEDE24F, cid=42, FAILED org.apache.ratis.protocol.LeaderNotReadyException: localhost_10001@group-FF371CEDE24F is in LEADER state but not ready yet., logIndex=0, commits[localhost_10001:c-1, localhost_10002:c-1, localhost_10000:c-1]
2019-09-26 14:07:00,502 INFO  client.GrpcClientProtocolService (GrpcClientProtocolService.java:lambda$processClientRequest$0(278)) - Failed RaftClientRequest:client-FBD57F74AF91->localhost_10001@group-FF371CEDE24F, cid=42, seq=0, RW, Message:321f0a0f0a0d74657374...(size=33), reply=RaftClientReply:client-FBD57F74AF91->localhost_10001@group-FF371CEDE24F, cid=42, FAILED org.apache.ratis.protocol.LeaderNotReadyException: localhost_10001@group-FF371CEDE24F is in LEADER state but not ready yet., logIndex=0, commits[localhost_10001:c-1, localhost_10002:c-1, localhost_10000:c-1]
2019-09-26 14:07:00,503 INFO  client.GrpcClientProtocolService (GrpcClientProtocolService.java:lambda$processClientRequest$0(278)) - Failed RaftClientRequest:client-FBD57F74AF91->localhost_10001@group-FF371CEDE24F, cid=42, seq=0, RW, Message:321f0a0f0a0d74657374...(size=33), reply=RaftClientReply:client-FBD57F74AF91->localhost_10001@group-FF371CEDE24F, cid=42, FAILED org.apache.ratis.protocol.LeaderNotReadyException: localhost_10001@group-FF371CEDE24F is in LEADER state but not ready yet., logIndex=0, commits[localhost_10001:c-1, localhost_10002:c-1, localhost_10000:c-1]
2019-09-26 14:07:00,504 INFO  client.GrpcClientProtocolService (GrpcClientProtocolService.java:lambda$processClientRequest$0(278)) - Failed RaftClientRequest:client-FBD57F74AF91->localhost_10001@group-FF371CEDE24F, cid=42, seq=0, RW, Message:321f0a0f0a0d74657374...(size=33), reply=RaftClientReply:client-FBD57F74AF91->localhost_10001@group-FF371CEDE24F, cid=42, FAILED org.apache.ratis.protocol.LeaderNotReadyException: localhost_10001@group-FF371CEDE24F is in LEADER state but not ready yet., logIndex=0, commits[localhost_10001:c-1, localhost_10002:c-1, localhost_10000:c-1]
2019-09-26 14:07:00,506 INFO  client.GrpcClientProtocolService (GrpcClientProtocolService.java:lambda$processClientRequest$0(278)) - Failed RaftClientRequest:client-FBD57F74AF91->localhost_10001@group-FF371CEDE24F, cid=42, seq=0, RW, Message:321f0a0f0a0d74657374...(size=33), reply=RaftClientReply:client-FBD57F74AF91->localhost_10001@group-FF371CEDE24F, cid=42, FAILED org.apache.ratis.protocol.LeaderNotReadyException: localhost_10001@group-FF371CEDE24F is in LEADER state but not ready yet., logIndex=0, commits[localhost_10001:c-1, localhost_10002:c-1, localhost_10000:c-1]
2019-09-26 14:07:00,507 INFO  client.GrpcClientProtocolService (GrpcClientProtocolService.java:lambda$processClientRequest$0(278)) - Failed RaftClientRequest:client-FBD57F74AF91->localhost_10001@group-FF371CEDE24F, cid=42, seq=0, RW, Message:321f0a0f0a0d74657374...(size=33), reply=RaftClientReply:client-FBD57F74AF91->localhost_10001@group-FF371CEDE24F, cid=42, FAILED org.apache.ratis.protocol.LeaderNotReadyException: localhost_10001@group-FF371CEDE24F is in LEADER state but not ready yet., logIndex=0, commits[localhost_10001:c-1, localhost_10002:c-1, localhost_10000:c-1]
2019-09-26 14:07:00,509 INFO  client.GrpcClientProtocolService (GrpcClientProtocolService.java:lambda$processClientRequest$0(278)) - Failed RaftClientRequest:client-FBD57F74AF91->localhost_10001@group-FF371CEDE24F, cid=42, seq=0, RW, Message:321f0a0f0a0d74657374...(size=33), reply=RaftClientReply:client-FBD57F74AF91->localhost_10001@group-FF371CEDE24F, cid=42, FAILED org.apache.ratis.protocol.LeaderNotReadyException: localhost_10001@group-FF371CEDE24F is in LEADER state but not ready yet., logIndex=0, commits[localhost_10001:c-1, localhost_10002:c-1, localhost_10000:c-1]
2019-09-26 14:07:00,510 INFO  client.GrpcClientProtocolService (GrpcClientProtocolService.java:lambda$processClientRequest$0(278)) - Failed RaftClientRequest:client-FBD57F74AF91->localhost_10001@group-FF371CEDE24F, cid=42, seq=0, RW, Message:321f0a0f0a0d74657374...(size=33), reply=RaftClientReply:client-FBD57F74AF91->localhost_10001@group-FF371CEDE24F, cid=42, FAILED org.apache.ratis.protocol.LeaderNotReadyException: localhost_10001@group-FF371CEDE24F is in LEADER state but not ready yet., logIndex=0, commits[localhost_10001:c-1, localhost_10002:c-1, localhost_10000:c-1]
2019-09-26 14:07:00,511 INFO  client.GrpcClientProtocolService (GrpcClientProtocolService.java:lambda$processClientRequest$0(278)) - Failed RaftClientRequest:client-FBD57F74AF91->localhost_10001@group-FF371CEDE24F, cid=42, seq=0, RW, Message:321f0a0f0a0d74657374...(size=33), reply=RaftClientReply:client-FBD57F74AF91->localhost_10001@group-FF371CEDE24F, cid=42, FAILED org.apache.ratis.protocol.LeaderNotReadyException: localhost_10001@group-FF371CEDE24F is in LEADER state but not ready yet., logIndex=0, commits[localhost_10001:c-1, localhost_10002:c-1, localhost_10000:c-1]
2019-09-26 14:07:00,513 INFO  client.GrpcClientProtocolService (GrpcClientProtocolService.java:lambda$processClientRequest$0(278)) - Failed RaftClientRequest:client-FBD57F74AF91->localhost_10001@group-FF371CEDE24F, cid=42, seq=0, RW, Message:321f0a0f0a0d74657374...(size=33), reply=RaftClientReply:client-FBD57F74AF91->localhost_10001@group-FF371CEDE24F, cid=42, FAILED org.apache.ratis.protocol.LeaderNotReadyException: localhost_10001@group-FF371CEDE24F is in LEADER state but not ready yet., logIndex=0, commits[localhost_10001:c-1, localhost_10002:c-1, localhost_10000:c-1]
2019-09-26 14:07:00,514 INFO  client.GrpcClientProtocolService (GrpcClientProtocolService.java:lambda$processClientRequest$0(278)) - Failed RaftClientRequest:client-FBD57F74AF91->localhost_10001@group-FF371CEDE24F, cid=42, seq=0, RW, Message:321f0a0f0a0d74657374...(size=33), reply=RaftClientReply:client-FBD57F74AF91->localhost_10001@group-FF371CEDE24F, cid=42, FAILED org.apache.ratis.protocol.LeaderNotReadyException: localhost_10001@group-FF371CEDE24F is in LEADER state but not ready yet., logIndex=0, commits[localhost_10001:c-1, localhost_10002:c-1, localhost_10000:c-1]
2019-09-26 14:07:00,515 INFO  client.GrpcClientProtocolService (GrpcClientProtocolService.java:lambda$processClientRequest$0(278)) - Failed RaftClientRequest:client-FBD57F74AF91->localhost_10001@group-FF371CEDE24F, cid=42, seq=0, RW, Message:321f0a0f0a0d74657374...(size=33), reply=RaftClientReply:client-FBD57F74AF91->localhost_10001@group-FF371CEDE24F, cid=42, FAILED org.apache.ratis.protocol.LeaderNotReadyException: localhost_10001@group-FF371CEDE24F is in LEADER state but not ready yet., logIndex=0, commits[localhost_10001:c-1, localhost_10002:c-1, localhost_10000:c-1]
2019-09-26 14:07:00,516 INFO  client.GrpcClientProtocolService (GrpcClientProtocolService.java:lambda$processClientRequest$0(278)) - Failed RaftClientRequest:client-FBD57F74AF91->localhost_10001@group-FF371CEDE24F, cid=42, seq=0, RW, Message:321f0a0f0a0d74657374...(size=33), reply=RaftClientReply:client-FBD57F74AF91->localhost_10001@group-FF371CEDE24F, cid=42, FAILED org.apache.ratis.protocol.LeaderNotReadyException: localhost_10001@group-FF371CEDE24F is in LEADER state but not ready yet., logIndex=0, commits[localhost_10001:c-1, localhost_10002:c-1, localhost_10000:c-1]
2019-09-26 14:07:00,517 INFO  client.GrpcClientProtocolService (GrpcClientProtocolService.java:lambda$processClientRequest$0(278)) - Failed RaftClientRequest:client-FBD57F74AF91->localhost_10001@group-FF371CEDE24F, cid=42, seq=0, RW, Message:321f0a0f0a0d74657374...(size=33), reply=RaftClientReply:client-FBD57F74AF91->localhost_10001@group-FF371CEDE24F, cid=42, FAILED org.apache.ratis.protocol.LeaderNotReadyException: localhost_10001@group-FF371CEDE24F is in LEADER state but not ready yet., logIndex=0, commits[localhost_10001:c-1, localhost_10002:c-1, localhost_10000:c-1]
2019-09-26 14:07:00,518 INFO  client.GrpcClientProtocolService (GrpcClientProtocolService.java:lambda$processClientRequest$0(278)) - Failed RaftClientRequest:client-FBD57F74AF91->localhost_10001@group-FF371CEDE24F, cid=42, seq=0, RW, Message:321f0a0f0a0d74657374...(size=33), reply=RaftClientReply:client-FBD57F74AF91->localhost_10001@group-FF371CEDE24F, cid=42, FAILED org.apache.ratis.protocol.LeaderNotReadyException: localhost_10001@group-FF371CEDE24F is in LEADER state but not ready yet., logIndex=0, commits[localhost_10001:c-1, localhost_10002:c-1, localhost_10000:c-1]
2019-09-26 14:07:00,519 INFO  client.GrpcClientProtocolService (GrpcClientProtocolService.java:lambda$processClientRequest$0(278)) - Failed RaftClientRequest:client-FBD57F74AF91->localhost_10001@group-FF371CEDE24F, cid=42, seq=0, RW, Message:321f0a0f0a0d74657374...(size=33), reply=RaftClientReply:client-FBD57F74AF91->localhost_10001@group-FF371CEDE24F, cid=42, FAILED org.apache.ratis.protocol.LeaderNotReadyException: localhost_10001@group-FF371CEDE24F is in LEADER state but not ready yet., logIndex=0, commits[localhost_10001:c-1, localhost_10002:c-1, localhost_10000:c-1]
2019-09-26 14:07:00,520 INFO  client.GrpcClientProtocolService (GrpcClientProtocolService.java:lambda$processClientRequest$0(278)) - Failed RaftClientRequest:client-FBD57F74AF91->localhost_10001@group-FF371CEDE24F, cid=42, seq=0, RW, Message:321f0a0f0a0d74657374...(size=33), reply=RaftClientReply:client-FBD57F74AF91->localhost_10001@group-FF371CEDE24F, cid=42, FAILED org.apache.ratis.protocol.LeaderNotReadyException: localhost_10001@group-FF371CEDE24F is in LEADER state but not ready yet., logIndex=0, commits[localhost_10001:c-1, localhost_10002:c-1, localhost_10000:c-1]
2019-09-26 14:07:00,521 INFO  client.GrpcClientProtocolService (GrpcClientProtocolService.java:lambda$processClientRequest$0(278)) - Failed RaftClientRequest:client-FBD57F74AF91->localhost_10001@group-FF371CEDE24F, cid=42, seq=0, RW, Message:321f0a0f0a0d74657374...(size=33), reply=RaftClientReply:client-FBD57F74AF91->localhost_10001@group-FF371CEDE24F, cid=42, FAILED org.apache.ratis.protocol.LeaderNotReadyException: localhost_10001@group-FF371CEDE24F is in LEADER state but not ready yet., logIndex=0, commits[localhost_10001:c-1, localhost_10002:c-1, localhost_10000:c-1]
2019-09-26 14:07:00,523 INFO  client.GrpcClientProtocolService (GrpcClientProtocolService.java:lambda$processClientRequest$0(278)) - Failed RaftClientRequest:client-FBD57F74AF91->localhost_10001@group-FF371CEDE24F, cid=42, seq=0, RW, Message:321f0a0f0a0d74657374...(size=33), reply=RaftClientReply:client-FBD57F74AF91->localhost_10001@group-FF371CEDE24F, cid=42, FAILED org.apache.ratis.protocol.LeaderNotReadyException: localhost_10001@group-FF371CEDE24F is in LEADER state but not ready yet., logIndex=0, commits[localhost_10001:c-1, localhost_10002:c-1, localhost_10000:c-1]
2019-09-26 14:07:00,524 INFO  client.GrpcClientProtocolService (GrpcClientProtocolService.java:lambda$processClientRequest$0(278)) - Failed RaftClientRequest:client-FBD57F74AF91->localhost_10001@group-FF371CEDE24F, cid=42, seq=0, RW, Message:321f0a0f0a0d74657374...(size=33), reply=RaftClientReply:client-FBD57F74AF91->localhost_10001@group-FF371CEDE24F, cid=42, FAILED org.apache.ratis.protocol.LeaderNotReadyException: localhost_10001@group-FF371CEDE24F is in LEADER state but not ready yet., logIndex=0, commits[localhost_10001:c-1, localhost_10002:c-1, localhost_10000:c-1]
2019-09-26 14:07:00,525 INFO  client.GrpcClientProtocolService (GrpcClientProtocolService.java:lambda$processClientRequest$0(278)) - Failed RaftClientRequest:client-FBD57F74AF91->localhost_10001@group-FF371CEDE24F, cid=42, seq=0, RW, Message:321f0a0f0a0d74657374...(size=33), reply=RaftClientReply:client-FBD57F74AF91->localhost_10001@group-FF371CEDE24F, cid=42, FAILED org.apache.ratis.protocol.LeaderNotReadyException: localhost_10001@group-FF371CEDE24F is in LEADER state but not ready yet., logIndex=0, commits[localhost_10001:c-1, localhost_10002:c-1, localhost_10000:c-1]
2019-09-26 14:07:00,527 INFO  client.GrpcClientProtocolService (GrpcClientProtocolService.java:lambda$processClientRequest$0(278)) - Failed RaftClientRequest:client-FBD57F74AF91->localhost_10001@group-FF371CEDE24F, cid=42, seq=0, RW, Message:321f0a0f0a0d74657374...(size=33), reply=RaftClientReply:client-FBD57F74AF91->localhost_10001@group-FF371CEDE24F, cid=42, FAILED org.apache.ratis.protocol.LeaderNotReadyException: localhost_10001@group-FF371CEDE24F is in LEADER state but not ready yet., logIndex=0, commits[localhost_10001:c-1, localhost_10002:c-1, localhost_10000:c-1]
2019-09-26 14:07:00,528 INFO  client.GrpcClientProtocolService (GrpcClientProtocolService.java:lambda$processClientRequest$0(278)) - Failed RaftClientRequest:client-FBD57F74AF91->localhost_10001@group-FF371CEDE24F, cid=42, seq=0, RW, Message:321f0a0f0a0d74657374...(size=33), reply=RaftClientReply:client-FBD57F74AF91->localhost_10001@group-FF371CEDE24F, cid=42, FAILED org.apache.ratis.protocol.LeaderNotReadyException: localhost_10001@group-FF371CEDE24F is in LEADER state but not ready yet., logIndex=0, commits[localhost_10001:c-1, localhost_10002:c-1, localhost_10000:c-1]
2019-09-26 14:07:00,529 INFO  client.GrpcClientProtocolService (GrpcClientProtocolService.java:lambda$processClientRequest$0(278)) - Failed RaftClientRequest:client-FBD57F74AF91->localhost_10001@group-FF371CEDE24F, cid=42, seq=0, RW, Message:321f0a0f0a0d74657374...(size=33), reply=RaftClientReply:client-FBD57F74AF91->localhost_10001@group-FF371CEDE24F, cid=42, FAILED org.apache.ratis.protocol.LeaderNotReadyException: localhost_10001@group-FF371CEDE24F is in LEADER state but not ready yet., logIndex=0, commits[localhost_10001:c-1, localhost_10002:c-1, localhost_10000:c-1]
2019-09-26 14:07:00,530 INFO  client.GrpcClientProtocolService (GrpcClientProtocolService.java:lambda$processClientRequest$0(278)) - Failed RaftClientRequest:client-FBD57F74AF91->localhost_10001@group-FF371CEDE24F, cid=42, seq=0, RW, Message:321f0a0f0a0d74657374...(size=33), reply=RaftClientReply:client-FBD57F74AF91->localhost_10001@group-FF371CEDE24F, cid=42, FAILED org.apache.ratis.protocol.LeaderNotReadyException: localhost_10001@group-FF371CEDE24F is in LEADER state but not ready yet., logIndex=0, commits[localhost_10001:c-1, localhost_10002:c-1, localhost_10000:c-1]
2019-09-26 14:07:00,531 INFO  client.GrpcClientProtocolService (GrpcClientProtocolService.java:lambda$processClientRequest$0(278)) - Failed RaftClientRequest:client-FBD57F74AF91->localhost_10001@group-FF371CEDE24F, cid=42, seq=0, RW, Message:321f0a0f0a0d74657374...(size=33), reply=RaftClientReply:client-FBD57F74AF91->localhost_10001@group-FF371CEDE24F, cid=42, FAILED org.apache.ratis.protocol.LeaderNotReadyException: localhost_10001@group-FF371CEDE24F is in LEADER state but not ready yet., logIndex=0, commits[localhost_10001:c-1, localhost_10002:c-1, localhost_10000:c-1]
2019-09-26 14:07:00,533 INFO  client.GrpcClientProtocolService (GrpcClientProtocolService.java:lambda$processClientRequest$0(278)) - Failed RaftClientRequest:client-FBD57F74AF91->localhost_10001@group-FF371CEDE24F, cid=42, seq=0, RW, Message:321f0a0f0a0d74657374...(size=33), reply=RaftClientReply:client-FBD57F74AF91->localhost_10001@group-FF371CEDE24F, cid=42, FAILED org.apache.ratis.protocol.LeaderNotReadyException: localhost_10001@group-FF371CEDE24F is in LEADER state but not ready yet., logIndex=0, commits[localhost_10001:c-1, localhost_10002:c-1, localhost_10000:c-1]
2019-09-26 14:07:00,534 INFO  client.GrpcClientProtocolService (GrpcClientProtocolService.java:lambda$processClientRequest$0(278)) - Failed RaftClientRequest:client-FBD57F74AF91->localhost_10001@group-FF371CEDE24F, cid=42, seq=0, RW, Message:321f0a0f0a0d74657374...(size=33), reply=RaftClientReply:client-FBD57F74AF91->localhost_10001@group-FF371CEDE24F, cid=42, FAILED org.apache.ratis.protocol.LeaderNotReadyException: localhost_10001@group-FF371CEDE24F is in LEADER state but not ready yet., logIndex=0, commits[localhost_10001:c-1, localhost_10002:c-1, localhost_10000:c-1]
2019-09-26 14:07:00,536 INFO  client.GrpcClientProtocolService (GrpcClientProtocolService.java:lambda$processClientRequest$0(278)) - Failed RaftClientRequest:client-FBD57F74AF91->localhost_10001@group-FF371CEDE24F, cid=42, seq=0, RW, Message:321f0a0f0a0d74657374...(size=33), reply=RaftClientReply:client-FBD57F74AF91->localhost_10001@group-FF371CEDE24F, cid=42, FAILED org.apache.ratis.protocol.LeaderNotReadyException: localhost_10001@group-FF371CEDE24F is in LEADER state but not ready yet., logIndex=0, commits[localhost_10001:c-1, localhost_10002:c-1, localhost_10000:c-1]
2019-09-26 14:07:00,536 INFO  client.GrpcClientProtocolService (GrpcClientProtocolService.java:lambda$processClientRequest$0(278)) - Failed RaftClientRequest:client-FBD57F74AF91->localhost_10001@group-FF371CEDE24F, cid=42, seq=0, RW, Message:321f0a0f0a0d74657374...(size=33), reply=RaftClientReply:client-FBD57F74AF91->localhost_10001@group-FF371CEDE24F, cid=42, FAILED org.apache.ratis.protocol.LeaderNotReadyException: localhost_10001@group-FF371CEDE24F is in LEADER state but not ready yet., logIndex=0, commits[localhost_10001:c-1, localhost_10002:c-1, localhost_10000:c-1]
2019-09-26 14:07:00,537 INFO  client.GrpcClientProtocolService (GrpcClientProtocolService.java:lambda$processClientRequest$0(278)) - Failed RaftClientRequest:client-FBD57F74AF91->localhost_10001@group-FF371CEDE24F, cid=42, seq=0, RW, Message:321f0a0f0a0d74657374...(size=33), reply=RaftClientReply:client-FBD57F74AF91->localhost_10001@group-FF371CEDE24F, cid=42, FAILED org.apache.ratis.protocol.LeaderNotReadyException: localhost_10001@group-FF371CEDE24F is in LEADER state but not ready yet., logIndex=0, commits[localhost_10001:c-1, localhost_10002:c-1, localhost_10000:c-1]
2019-09-26 14:07:00,539 INFO  client.GrpcClientProtocolService (GrpcClientProtocolService.java:lambda$processClientRequest$0(278)) - Failed RaftClientRequest:client-FBD57F74AF91->localhost_10001@group-FF371CEDE24F, cid=42, seq=0, RW, Message:321f0a0f0a0d74657374...(size=33), reply=RaftClientReply:client-FBD57F74AF91->localhost_10001@group-FF371CEDE24F, cid=42, FAILED org.apache.ratis.protocol.LeaderNotReadyException: localhost_10001@group-FF371CEDE24F is in LEADER state but not ready yet., logIndex=0, commits[localhost_10001:c-1, localhost_10002:c-1, localhost_10000:c-1]
2019-09-26 14:07:00,540 INFO  client.GrpcClientProtocolService (GrpcClientProtocolService.java:lambda$processClientRequest$0(278)) - Failed RaftClientRequest:client-FBD57F74AF91->localhost_10001@group-FF371CEDE24F, cid=42, seq=0, RW, Message:321f0a0f0a0d74657374...(size=33), reply=RaftClientReply:client-FBD57F74AF91->localhost_10001@group-FF371CEDE24F, cid=42, FAILED org.apache.ratis.protocol.LeaderNotReadyException: localhost_10001@group-FF371CEDE24F is in LEADER state but not ready yet., logIndex=0, commits[localhost_10001:c-1, localhost_10002:c-1, localhost_10000:c-1]
2019-09-26 14:07:00,541 INFO  client.GrpcClientProtocolService (GrpcClientProtocolService.java:lambda$processClientRequest$0(278)) - Failed RaftClientRequest:client-FBD57F74AF91->localhost_10001@group-FF371CEDE24F, cid=42, seq=0, RW, Message:321f0a0f0a0d74657374...(size=33), reply=RaftClientReply:client-FBD57F74AF91->localhost_10001@group-FF371CEDE24F, cid=42, FAILED org.apache.ratis.protocol.LeaderNotReadyException: localhost_10001@group-FF371CEDE24F is in LEADER state but not ready yet., logIndex=0, commits[localhost_10001:c-1, localhost_10002:c-1, localhost_10000:c-1]
2019-09-26 14:07:00,543 INFO  client.GrpcClientProtocolService (GrpcClientProtocolService.java:lambda$processClientRequest$0(278)) - Failed RaftClientRequest:client-FBD57F74AF91->localhost_10001@group-FF371CEDE24F, cid=42, seq=0, RW, Message:321f0a0f0a0d74657374...(size=33), reply=RaftClientReply:client-FBD57F74AF91->localhost_10001@group-FF371CEDE24F, cid=42, FAILED org.apache.ratis.protocol.LeaderNotReadyException: localhost_10001@group-FF371CEDE24F is in LEADER state but not ready yet., logIndex=0, commits[localhost_10001:c-1, localhost_10002:c-1, localhost_10000:c-1]
2019-09-26 14:07:00,544 INFO  client.GrpcClientProtocolService (GrpcClientProtocolService.java:lambda$processClientRequest$0(278)) - Failed RaftClientRequest:client-FBD57F74AF91->localhost_10001@group-FF371CEDE24F, cid=42, seq=0, RW, Message:321f0a0f0a0d74657374...(size=33), reply=RaftClientReply:client-FBD57F74AF91->localhost_10001@group-FF371CEDE24F, cid=42, FAILED org.apache.ratis.protocol.LeaderNotReadyException: localhost_10001@group-FF371CEDE24F is in LEADER state but not ready yet., logIndex=0, commits[localhost_10001:c-1, localhost_10002:c-1, localhost_10000:c-1]
2019-09-26 14:07:00,545 INFO  client.GrpcClientProtocolService (GrpcClientProtocolService.java:lambda$processClientRequest$0(278)) - Failed RaftClientRequest:client-FBD57F74AF91->localhost_10001@group-FF371CEDE24F, cid=42, seq=0, RW, Message:321f0a0f0a0d74657374...(size=33), reply=RaftClientReply:client-FBD57F74AF91->localhost_10001@group-FF371CEDE24F, cid=42, FAILED org.apache.ratis.protocol.LeaderNotReadyException: localhost_10001@group-FF371CEDE24F is in LEADER state but not ready yet., logIndex=0, commits[localhost_10001:c-1, localhost_10002:c-1, localhost_10000:c-1]
2019-09-26 14:07:00,546 INFO  client.GrpcClientProtocolService (GrpcClientProtocolService.java:lambda$processClientRequest$0(278)) - Failed RaftClientRequest:client-FBD57F74AF91->localhost_10001@group-FF371CEDE24F, cid=42, seq=0, RW, Message:321f0a0f0a0d74657374...(size=33), reply=RaftClientReply:client-FBD57F74AF91->localhost_10001@group-FF371CEDE24F, cid=42, FAILED org.apache.ratis.protocol.LeaderNotReadyException: localhost_10001@group-FF371CEDE24F is in LEADER state but not ready yet., logIndex=0, commits[localhost_10001:c-1, localhost_10002:c-1, localhost_10000:c-1]
2019-09-26 14:07:00,548 INFO  client.GrpcClientProtocolService (GrpcClientProtocolService.java:lambda$processClientRequest$0(278)) - Failed RaftClientRequest:client-FBD57F74AF91->localhost_10001@group-FF371CEDE24F, cid=42, seq=0, RW, Message:321f0a0f0a0d74657374...(size=33), reply=RaftClientReply:client-FBD57F74AF91->localhost_10001@group-FF371CEDE24F, cid=42, FAILED org.apache.ratis.protocol.LeaderNotReadyException: localhost_10001@group-FF371CEDE24F is in LEADER state but not ready yet., logIndex=0, commits[localhost_10001:c-1, localhost_10002:c-1, localhost_10000:c-1]
2019-09-26 14:07:00,549 INFO  client.GrpcClientProtocolService (GrpcClientProtocolService.java:lambda$processClientRequest$0(278)) - Failed RaftClientRequest:client-FBD57F74AF91->localhost_10001@group-FF371CEDE24F, cid=42, seq=0, RW, Message:321f0a0f0a0d74657374...(size=33), reply=RaftClientReply:client-FBD57F74AF91->localhost_10001@group-FF371CEDE24F, cid=42, FAILED org.apache.ratis.protocol.LeaderNotReadyException: localhost_10001@group-FF371CEDE24F is in LEADER state but not ready yet., logIndex=0, commits[localhost_10001:c-1, localhost_10002:c-1, localhost_10000:c-1]
2019-09-26 14:07:00,551 INFO  client.GrpcClientProtocolService (GrpcClientProtocolService.java:lambda$processClientRequest$0(278)) - Failed RaftClientRequest:client-FBD57F74AF91->localhost_10001@group-FF371CEDE24F, cid=42, seq=0, RW, Message:321f0a0f0a0d74657374...(size=33), reply=RaftClientReply:client-FBD57F74AF91->localhost_10001@group-FF371CEDE24F, cid=42, FAILED org.apache.ratis.protocol.LeaderNotReadyException: localhost_10001@group-FF371CEDE24F is in LEADER state but not ready yet., logIndex=0, commits[localhost_10001:c-1, localhost_10002:c-1, localhost_10000:c-1]
2019-09-26 14:07:00,553 INFO  client.GrpcClientProtocolService (GrpcClientProtocolService.java:lambda$processClientRequest$0(278)) - Failed RaftClientRequest:client-FBD57F74AF91->localhost_10001@group-FF371CEDE24F, cid=42, seq=0, RW, Message:321f0a0f0a0d74657374...(size=33), reply=RaftClientReply:client-FBD57F74AF91->localhost_10001@group-FF371CEDE24F, cid=42, FAILED org.apache.ratis.protocol.LeaderNotReadyException: localhost_10001@group-FF371CEDE24F is in LEADER state but not ready yet., logIndex=0, commits[localhost_10001:c-1, localhost_10002:c-1, localhost_10000:c-1]
2019-09-26 14:07:00,554 INFO  client.GrpcClientProtocolService (GrpcClientProtocolService.java:lambda$processClientRequest$0(278)) - Failed RaftClientRequest:client-FBD57F74AF91->localhost_10001@group-FF371CEDE24F, cid=42, seq=0, RW, Message:321f0a0f0a0d74657374...(size=33), reply=RaftClientReply:client-FBD57F74AF91->localhost_10001@group-FF371CEDE24F, cid=42, FAILED org.apache.ratis.protocol.LeaderNotReadyException: localhost_10001@group-FF371CEDE24F is in LEADER state but not ready yet., logIndex=0, commits[localhost_10001:c-1, localhost_10002:c-1, localhost_10000:c-1]
2019-09-26 14:07:00,556 INFO  client.GrpcClientProtocolService (GrpcClientProtocolService.java:lambda$processClientRequest$0(278)) - Failed RaftClientRequest:client-FBD57F74AF91->localhost_10001@group-FF371CEDE24F, cid=42, seq=0, RW, Message:321f0a0f0a0d74657374...(size=33), reply=RaftClientReply:client-FBD57F74AF91->localhost_10001@group-FF371CEDE24F, cid=42, FAILED org.apache.ratis.protocol.LeaderNotReadyException: localhost_10001@group-FF371CEDE24F is in LEADER state but not ready yet., logIndex=0, commits[localhost_10001:c-1, localhost_10002:c-1, localhost_10000:c-1]
2019-09-26 14:07:00,557 INFO  client.GrpcClientProtocolService (GrpcClientProtocolService.java:lambda$processClientRequest$0(278)) - Failed RaftClientRequest:client-FBD57F74AF91->localhost_10001@group-FF371CEDE24F, cid=42, seq=0, RW, Message:321f0a0f0a0d74657374...(size=33), reply=RaftClientReply:client-FBD57F74AF91->localhost_10001@group-FF371CEDE24F, cid=42, FAILED org.apache.ratis.protocol.LeaderNotReadyException: localhost_10001@group-FF371CEDE24F is in LEADER state but not ready yet., logIndex=0, commits[localhost_10001:c-1, localhost_10002:c-1, localhost_10000:c-1]
2019-09-26 14:07:00,559 INFO  client.GrpcClientProtocolService (GrpcClientProtocolService.java:lambda$processClientRequest$0(278)) - Failed RaftClientRequest:client-FBD57F74AF91->localhost_10001@group-FF371CEDE24F, cid=42, seq=0, RW, Message:321f0a0f0a0d74657374...(size=33), reply=RaftClientReply:client-FBD57F74AF91->localhost_10001@group-FF371CEDE24F, cid=42, FAILED org.apache.ratis.protocol.LeaderNotReadyException: localhost_10001@group-FF371CEDE24F is in LEADER state but not ready yet., logIndex=0, commits[localhost_10001:c-1, localhost_10002:c-1, localhost_10000:c-1]
2019-09-26 14:07:00,560 INFO  client.GrpcClientProtocolService (GrpcClientProtocolService.java:lambda$processClientRequest$0(278)) - Failed RaftClientRequest:client-FBD57F74AF91->localhost_10001@group-FF371CEDE24F, cid=42, seq=0, RW, Message:321f0a0f0a0d74657374...(size=33), reply=RaftClientReply:client-FBD57F74AF91->localhost_10001@group-FF371CEDE24F, cid=42, FAILED org.apache.ratis.protocol.LeaderNotReadyException: localhost_10001@group-FF371CEDE24F is in LEADER state but not ready yet., logIndex=0, commits[localhost_10001:c-1, localhost_10002:c-1, localhost_10000:c-1]
2019-09-26 14:07:00,562 INFO  client.GrpcClientProtocolService (GrpcClientProtocolService.java:lambda$processClientRequest$0(278)) - Failed RaftClientRequest:client-FBD57F74AF91->localhost_10001@group-FF371CEDE24F, cid=42, seq=0, RW, Message:321f0a0f0a0d74657374...(size=33), reply=RaftClientReply:client-FBD57F74AF91->localhost_10001@group-FF371CEDE24F, cid=42, FAILED org.apache.ratis.protocol.LeaderNotReadyException: localhost_10001@group-FF371CEDE24F is in LEADER state but not ready yet., logIndex=0, commits[localhost_10001:c-1, localhost_10002:c-1, localhost_10000:c-1]
2019-09-26 14:07:00,563 INFO  client.GrpcClientProtocolService (GrpcClientProtocolService.java:lambda$processClientRequest$0(278)) - Failed RaftClientRequest:client-FBD57F74AF91->localhost_10001@group-FF371CEDE24F, cid=42, seq=0, RW, Message:321f0a0f0a0d74657374...(size=33), reply=RaftClientReply:client-FBD57F74AF91->localhost_10001@group-FF371CEDE24F, cid=42, FAILED org.apache.ratis.protocol.LeaderNotReadyException: localhost_10001@group-FF371CEDE24F is in LEADER state but not ready yet., logIndex=0, commits[localhost_10001:c-1, localhost_10002:c-1, localhost_10000:c-1]
2019-09-26 14:07:00,564 INFO  client.GrpcClientProtocolService (GrpcClientProtocolService.java:lambda$processClientRequest$0(278)) - Failed RaftClientRequest:client-FBD57F74AF91->localhost_10001@group-FF371CEDE24F, cid=42, seq=0, RW, Message:321f0a0f0a0d74657374...(size=33), reply=RaftClientReply:client-FBD57F74AF91->localhost_10001@group-FF371CEDE24F, cid=42, FAILED org.apache.ratis.protocol.LeaderNotReadyException: localhost_10001@group-FF371CEDE24F is in LEADER state but not ready yet., logIndex=0, commits[localhost_10001:c-1, localhost_10002:c-1, localhost_10000:c-1]
2019-09-26 14:07:00,565 INFO  client.GrpcClientProtocolService (GrpcClientProtocolService.java:lambda$processClientRequest$0(278)) - Failed RaftClientRequest:client-FBD57F74AF91->localhost_10001@group-FF371CEDE24F, cid=42, seq=0, RW, Message:321f0a0f0a0d74657374...(size=33), reply=RaftClientReply:client-FBD57F74AF91->localhost_10001@group-FF371CEDE24F, cid=42, FAILED org.apache.ratis.protocol.LeaderNotReadyException: localhost_10001@group-FF371CEDE24F is in LEADER state but not ready yet., logIndex=0, commits[localhost_10001:c-1, localhost_10002:c-1, localhost_10000:c-1]
2019-09-26 14:07:00,566 INFO  client.GrpcClientProtocolService (GrpcClientProtocolService.java:lambda$processClientRequest$0(278)) - Failed RaftClientRequest:client-FBD57F74AF91->localhost_10001@group-FF371CEDE24F, cid=42, seq=0, RW, Message:321f0a0f0a0d74657374...(size=33), reply=RaftClientReply:client-FBD57F74AF91->localhost_10001@group-FF371CEDE24F, cid=42, FAILED org.apache.ratis.protocol.LeaderNotReadyException: localhost_10001@group-FF371CEDE24F is in LEADER state but not ready yet., logIndex=0, commits[localhost_10001:c-1, localhost_10002:c-1, localhost_10000:c-1]
2019-09-26 14:07:00,568 INFO  client.GrpcClientProtocolService (GrpcClientProtocolService.java:lambda$processClientRequest$0(278)) - Failed RaftClientRequest:client-FBD57F74AF91->localhost_10001@group-FF371CEDE24F, cid=42, seq=0, RW, Message:321f0a0f0a0d74657374...(size=33), reply=RaftClientReply:client-FBD57F74AF91->localhost_10001@group-FF371CEDE24F, cid=42, FAILED org.apache.ratis.protocol.LeaderNotReadyException: localhost_10001@group-FF371CEDE24F is in LEADER state but not ready yet., logIndex=0, commits[localhost_10001:c-1, localhost_10002:c-1, localhost_10000:c-1]
2019-09-26 14:07:00,569 INFO  client.GrpcClientProtocolService (GrpcClientProtocolService.java:lambda$processClientRequest$0(278)) - Failed RaftClientRequest:client-FBD57F74AF91->localhost_10001@group-FF371CEDE24F, cid=42, seq=0, RW, Message:321f0a0f0a0d74657374...(size=33), reply=RaftClientReply:client-FBD57F74AF91->localhost_10001@group-FF371CEDE24F, cid=42, FAILED org.apache.ratis.protocol.LeaderNotReadyException: localhost_10001@group-FF371CEDE24F is in LEADER state but not ready yet., logIndex=0, commits[localhost_10001:c-1, localhost_10002:c-1, localhost_10000:c-1]
2019-09-26 14:07:00,570 INFO  client.GrpcClientProtocolService (GrpcClientProtocolService.java:lambda$processClientRequest$0(278)) - Failed RaftClientRequest:client-FBD57F74AF91->localhost_10001@group-FF371CEDE24F, cid=42, seq=0, RW, Message:321f0a0f0a0d74657374...(size=33), reply=RaftClientReply:client-FBD57F74AF91->localhost_10001@group-FF371CEDE24F, cid=42, FAILED org.apache.ratis.protocol.LeaderNotReadyException: localhost_10001@group-FF371CEDE24F is in LEADER state but not ready yet., logIndex=0, commits[localhost_10001:c-1, localhost_10002:c-1, localhost_10000:c-1]
2019-09-26 14:07:00,755 INFO  segmented.SegmentedRaftLogWorker (SegmentedRaftLogWorker.java:execute(569)) - localhost_10002@group-FF371CEDE24F-SegmentedRaftLogWorker: created new log segment /workdir/ratis-logservice/target/test/data/161f0b00/workers/2/066ee60b-a6bf-4b77-bb61-ff371cede24f/current/log_inprogress_0
2019-09-26 14:07:00,755 INFO  segmented.SegmentedRaftLogWorker (SegmentedRaftLogWorker.java:execute(569)) - localhost_10001@group-FF371CEDE24F-SegmentedRaftLogWorker: created new log segment /workdir/ratis-logservice/target/test/data/161f0b00/workers/1/066ee60b-a6bf-4b77-bb61-ff371cede24f/current/log_inprogress_0
2019-09-26 14:07:00,755 INFO  segmented.SegmentedRaftLogWorker (SegmentedRaftLogWorker.java:execute(569)) - localhost_10000@group-FF371CEDE24F-SegmentedRaftLogWorker: created new log segment /workdir/ratis-logservice/target/test/data/161f0b00/workers/0/066ee60b-a6bf-4b77-bb61-ff371cede24f/current/log_inprogress_0
2019-09-26 14:07:00,757 INFO  client.GrpcClientProtocolService (GrpcClientProtocolService.java:lambda$processClientRequest$0(278)) - Failed RaftClientRequest:client-FBD57F74AF91->localhost_10001@group-FF371CEDE24F, cid=42, seq=0, RW, Message:321f0a0f0a0d74657374...(size=33), reply=RaftClientReply:client-FBD57F74AF91->localhost_10001@group-FF371CEDE24F, cid=42, FAILED org.apache.ratis.protocol.LeaderNotReadyException: localhost_10001@group-FF371CEDE24F is in LEADER state but not ready yet., logIndex=0, commits[localhost_10001:c-1, localhost_10002:c-1, localhost_10000:c-1]
2019-09-26 14:07:00,759 INFO  client.GrpcClientProtocolService (GrpcClientProtocolService.java:lambda$processClientRequest$0(278)) - Failed RaftClientRequest:client-FBD57F74AF91->localhost_10001@group-FF371CEDE24F, cid=42, seq=0, RW, Message:321f0a0f0a0d74657374...(size=33), reply=RaftClientReply:client-FBD57F74AF91->localhost_10001@group-FF371CEDE24F, cid=42, FAILED org.apache.ratis.protocol.LeaderNotReadyException: localhost_10001@group-FF371CEDE24F is in LEADER state but not ready yet., logIndex=0, commits[localhost_10001:c-1, localhost_10002:c-1, localhost_10000:c-1]
2019-09-26 14:07:00,760 INFO  client.GrpcClientProtocolService (GrpcClientProtocolService.java:lambda$processClientRequest$0(278)) - Failed RaftClientRequest:client-FBD57F74AF91->localhost_10001@group-FF371CEDE24F, cid=42, seq=0, RW, Message:321f0a0f0a0d74657374...(size=33), reply=RaftClientReply:client-FBD57F74AF91->localhost_10001@group-FF371CEDE24F, cid=42, FAILED org.apache.ratis.protocol.LeaderNotReadyException: localhost_10001@group-FF371CEDE24F is in LEADER state but not ready yet., logIndex=0, commits[localhost_10001:c-1, localhost_10002:c-1, localhost_10000:c-1]
2019-09-26 14:07:00,761 INFO  client.GrpcClientProtocolService (GrpcClientProtocolService.java:lambda$processClientRequest$0(278)) - Failed RaftClientRequest:client-FBD57F74AF91->localhost_10001@group-FF371CEDE24F, cid=42, seq=0, RW, Message:321f0a0f0a0d74657374...(size=33), reply=RaftClientReply:client-FBD57F74AF91->localhost_10001@group-FF371CEDE24F, cid=42, FAILED org.apache.ratis.protocol.LeaderNotReadyException: localhost_10001@group-FF371CEDE24F is in LEADER state but not ready yet., logIndex=0, commits[localhost_10001:c-1, localhost_10002:c-1, localhost_10000:c-1]
2019-09-26 14:07:00,763 INFO  client.GrpcClientProtocolService (GrpcClientProtocolService.java:lambda$processClientRequest$0(278)) - Failed RaftClientRequest:client-FBD57F74AF91->localhost_10001@group-FF371CEDE24F, cid=42, seq=0, RW, Message:321f0a0f0a0d74657374...(size=33), reply=RaftClientReply:client-FBD57F74AF91->localhost_10001@group-FF371CEDE24F, cid=42, FAILED org.apache.ratis.protocol.LeaderNotReadyException: localhost_10001@group-FF371CEDE24F is in LEADER state but not ready yet., logIndex=0, commits[localhost_10001:c-1, localhost_10002:c-1, localhost_10000:c-1]
2019-09-26 14:07:00,764 INFO  client.GrpcClientProtocolService (GrpcClientProtocolService.java:lambda$processClientRequest$0(278)) - Failed RaftClientRequest:client-FBD57F74AF91->localhost_10001@group-FF371CEDE24F, cid=42, seq=0, RW, Message:321f0a0f0a0d74657374...(size=33), reply=RaftClientReply:client-FBD57F74AF91->localhost_10001@group-FF371CEDE24F, cid=42, FAILED org.apache.ratis.protocol.LeaderNotReadyException: localhost_10001@group-FF371CEDE24F is in LEADER state but not ready yet., logIndex=0, commits[localhost_10001:c-1, localhost_10002:c-1, localhost_10000:c-1]
2019-09-26 14:07:00,765 INFO  client.GrpcClientProtocolService (GrpcClientProtocolService.java:lambda$processClientRequest$0(278)) - Failed RaftClientRequest:client-FBD57F74AF91->localhost_10001@group-FF371CEDE24F, cid=42, seq=0, RW, Message:321f0a0f0a0d74657374...(size=33), reply=RaftClientReply:client-FBD57F74AF91->localhost_10001@group-FF371CEDE24F, cid=42, FAILED org.apache.ratis.protocol.LeaderNotReadyException: localhost_10001@group-FF371CEDE24F is in LEADER state but not ready yet., logIndex=0, commits[localhost_10001:c-1, localhost_10002:c-1, localhost_10000:c-1]
2019-09-26 14:07:00,766 INFO  client.GrpcClientProtocolService (GrpcClientProtocolService.java:lambda$processClientRequest$0(278)) - Failed RaftClientRequest:client-FBD57F74AF91->localhost_10001@group-FF371CEDE24F, cid=42, seq=0, RW, Message:321f0a0f0a0d74657374...(size=33), reply=RaftClientReply:client-FBD57F74AF91->localhost_10001@group-FF371CEDE24F, cid=42, FAILED org.apache.ratis.protocol.LeaderNotReadyException: localhost_10001@group-FF371CEDE24F is in LEADER state but not ready yet., logIndex=0, commits[localhost_10001:c-1, localhost_10002:c-1, localhost_10000:c-1]
2019-09-26 14:07:00,768 INFO  client.GrpcClientProtocolService (GrpcClientProtocolService.java:lambda$processClientRequest$0(278)) - Failed RaftClientRequest:client-FBD57F74AF91->localhost_10001@group-FF371CEDE24F, cid=42, seq=0, RW, Message:321f0a0f0a0d74657374...(size=33), reply=RaftClientReply:client-FBD57F74AF91->localhost_10001@group-FF371CEDE24F, cid=42, FAILED org.apache.ratis.protocol.LeaderNotReadyException: localhost_10001@group-FF371CEDE24F is in LEADER state but not ready yet., logIndex=0, commits[localhost_10001:c-1, localhost_10002:c-1, localhost_10000:c-1]
]]></system-out>
    <system-err><![CDATA[Sep 26, 2019 2:06:58 PM org.apache.ratis.thirdparty.io.grpc.internal.ManagedChannelOrphanWrapper$ManagedChannelReference cleanQueue
SEVERE: *~*~*~ Channel ManagedChannelImpl{logId=2314, target=localhost:9001} was not shutdown properly!!! ~*~*~*
    Make sure to call shutdown()/shutdownNow() and wait until awaitTermination() returns true.
java.lang.RuntimeException: ManagedChannel allocation site
	at org.apache.ratis.thirdparty.io.grpc.internal.ManagedChannelOrphanWrapper$ManagedChannelReference.<init>(ManagedChannelOrphanWrapper.java:103)
	at org.apache.ratis.thirdparty.io.grpc.internal.ManagedChannelOrphanWrapper.<init>(ManagedChannelOrphanWrapper.java:53)
	at org.apache.ratis.thirdparty.io.grpc.internal.ManagedChannelOrphanWrapper.<init>(ManagedChannelOrphanWrapper.java:44)
	at org.apache.ratis.thirdparty.io.grpc.internal.AbstractManagedChannelImplBuilder.build(AbstractManagedChannelImplBuilder.java:411)
	at org.apache.ratis.grpc.client.GrpcClientProtocolClient.<init>(GrpcClientProtocolClient.java:128)
	at org.apache.ratis.grpc.client.GrpcClientRpc.lambda$new$0(GrpcClientRpc.java:55)
	at org.apache.ratis.util.PeerProxyMap$PeerAndProxy.lambda$getProxy$0(PeerProxyMap.java:61)
	at org.apache.ratis.util.LifeCycle.startAndTransition(LifeCycle.java:202)
	at org.apache.ratis.util.PeerProxyMap$PeerAndProxy.getProxy(PeerProxyMap.java:60)
	at org.apache.ratis.util.PeerProxyMap.getProxy(PeerProxyMap.java:108)
	at org.apache.ratis.grpc.client.GrpcClientRpc.sendRequest(GrpcClientRpc.java:91)
	at org.apache.ratis.client.impl.RaftClientImpl.sendRequest(RaftClientImpl.java:278)
	at org.apache.ratis.client.impl.RaftClientImpl.sendRequestWithRetry(RaftClientImpl.java:246)
	at org.apache.ratis.client.impl.RaftClientImpl.send(RaftClientImpl.java:182)
	at org.apache.ratis.client.impl.RaftClientImpl.sendReadOnly(RaftClientImpl.java:161)
	at org.apache.ratis.logservice.client.LogServiceClient.createLog(LogServiceClient.java:92)
	at org.apache.ratis.logservice.server.TestMetaServer$1.createLog(TestMetaServer.java:61)
	at org.apache.ratis.logservice.server.TestMetaServer.testCreateAndGetLog(TestMetaServer.java:97)
	at sun.reflect.NativeMethodAccessorImpl.invoke0(Native Method)
	at sun.reflect.NativeMethodAccessorImpl.invoke(NativeMethodAccessorImpl.java:62)
	at sun.reflect.DelegatingMethodAccessorImpl.invoke(DelegatingMethodAccessorImpl.java:43)
	at java.lang.reflect.Method.invoke(Method.java:498)
	at org.junit.runners.model.FrameworkMethod$1.runReflectiveCall(FrameworkMethod.java:50)
	at org.junit.internal.runners.model.ReflectiveCallable.run(ReflectiveCallable.java:12)
	at org.junit.runners.model.FrameworkMethod.invokeExplosively(FrameworkMethod.java:47)
	at org.junit.internal.runners.statements.InvokeMethod.evaluate(InvokeMethod.java:17)
	at org.junit.runners.ParentRunner.runLeaf(ParentRunner.java:325)
	at org.junit.runners.BlockJUnit4ClassRunner.runChild(BlockJUnit4ClassRunner.java:78)
	at org.junit.runners.BlockJUnit4ClassRunner.runChild(BlockJUnit4ClassRunner.java:57)
	at org.junit.runners.ParentRunner$3.run(ParentRunner.java:290)
	at org.junit.runners.ParentRunner$1.schedule(ParentRunner.java:71)
	at org.junit.runners.ParentRunner.runChildren(ParentRunner.java:288)
	at org.junit.runners.ParentRunner.access$000(ParentRunner.java:58)
	at org.junit.runners.ParentRunner$2.evaluate(ParentRunner.java:268)
	at org.junit.internal.runners.statements.RunBefores.evaluate(RunBefores.java:26)
	at org.junit.internal.runners.statements.RunAfters.evaluate(RunAfters.java:27)
	at org.junit.runners.ParentRunner.run(ParentRunner.java:363)
	at org.apache.maven.surefire.junit4.JUnit4Provider.execute(JUnit4Provider.java:365)
	at org.apache.maven.surefire.junit4.JUnit4Provider.executeWithRerun(JUnit4Provider.java:273)
	at org.apache.maven.surefire.junit4.JUnit4Provider.executeTestSet(JUnit4Provider.java:238)
	at org.apache.maven.surefire.junit4.JUnit4Provider.invoke(JUnit4Provider.java:159)
	at org.apache.maven.surefire.booter.ForkedBooter.invokeProviderInSameClassLoader(ForkedBooter.java:384)
	at org.apache.maven.surefire.booter.ForkedBooter.runSuitesInProcess(ForkedBooter.java:345)
	at org.apache.maven.surefire.booter.ForkedBooter.execute(ForkedBooter.java:126)
	at org.apache.maven.surefire.booter.ForkedBooter.main(ForkedBooter.java:418)

Sep 26, 2019 2:06:58 PM org.apache.ratis.thirdparty.io.grpc.internal.ManagedChannelOrphanWrapper$ManagedChannelReference cleanQueue
SEVERE: *~*~*~ Channel ManagedChannelImpl{logId=2319, target=localhost:10001} was not shutdown properly!!! ~*~*~*
    Make sure to call shutdown()/shutdownNow() and wait until awaitTermination() returns true.
java.lang.RuntimeException: ManagedChannel allocation site
	at org.apache.ratis.thirdparty.io.grpc.internal.ManagedChannelOrphanWrapper$ManagedChannelReference.<init>(ManagedChannelOrphanWrapper.java:103)
	at org.apache.ratis.thirdparty.io.grpc.internal.ManagedChannelOrphanWrapper.<init>(ManagedChannelOrphanWrapper.java:53)
	at org.apache.ratis.thirdparty.io.grpc.internal.ManagedChannelOrphanWrapper.<init>(ManagedChannelOrphanWrapper.java:44)
	at org.apache.ratis.thirdparty.io.grpc.internal.AbstractManagedChannelImplBuilder.build(AbstractManagedChannelImplBuilder.java:411)
	at org.apache.ratis.grpc.client.GrpcClientProtocolClient.<init>(GrpcClientProtocolClient.java:128)
	at org.apache.ratis.grpc.client.GrpcClientRpc.lambda$new$0(GrpcClientRpc.java:55)
	at org.apache.ratis.util.PeerProxyMap$PeerAndProxy.lambda$getProxy$0(PeerProxyMap.java:61)
	at org.apache.ratis.util.LifeCycle.startAndTransition(LifeCycle.java:202)
	at org.apache.ratis.util.PeerProxyMap$PeerAndProxy.getProxy(PeerProxyMap.java:60)
	at org.apache.ratis.util.PeerProxyMap.getProxy(PeerProxyMap.java:108)
	at org.apache.ratis.grpc.client.GrpcClientRpc.sendRequest(GrpcClientRpc.java:91)
	at org.apache.ratis.client.impl.RaftClientImpl.sendRequest(RaftClientImpl.java:278)
	at org.apache.ratis.client.impl.RaftClientImpl.groupAdd(RaftClientImpl.java:205)
	at org.apache.ratis.logservice.server.MetaStateMachine.lambda$processCreateLogRequest$7(MetaStateMachine.java:342)
	at java.util.ArrayList.forEach(ArrayList.java:1257)
	at org.apache.ratis.logservice.server.MetaStateMachine.processCreateLogRequest(MetaStateMachine.java:338)
	at org.apache.ratis.logservice.server.MetaStateMachine.query(MetaStateMachine.java:230)
	at org.apache.ratis.server.impl.RaftServerImpl.submitClientRequestAsync(RaftServerImpl.java:549)
	at org.apache.ratis.server.impl.RaftServerProxy.lambda$submitClientRequestAsync$7(RaftServerProxy.java:333)
	at org.apache.ratis.server.impl.RaftServerProxy.lambda$null$5(RaftServerProxy.java:328)
	at org.apache.ratis.util.JavaUtils.callAsUnchecked(JavaUtils.java:109)
	at org.apache.ratis.server.impl.RaftServerProxy.lambda$submitRequest$6(RaftServerProxy.java:328)
	at java.util.concurrent.CompletableFuture.uniComposeStage(CompletableFuture.java:981)
	at java.util.concurrent.CompletableFuture.thenCompose(CompletableFuture.java:2124)
	at org.apache.ratis.server.impl.RaftServerProxy.submitRequest(RaftServerProxy.java:327)
	at org.apache.ratis.server.impl.RaftServerProxy.submitClientRequestAsync(RaftServerProxy.java:333)
	at org.apache.ratis.grpc.client.GrpcClientProtocolService$RequestStreamObserver.processClientRequest(GrpcClientProtocolService.java:220)
	at org.apache.ratis.grpc.client.GrpcClientProtocolService$UnorderedRequestStreamObserver.processClientRequest(GrpcClientProtocolService.java:276)
	at org.apache.ratis.grpc.client.GrpcClientProtocolService$RequestStreamObserver.onNext(GrpcClientProtocolService.java:240)
	at org.apache.ratis.grpc.client.GrpcClientProtocolService$RequestStreamObserver.onNext(GrpcClientProtocolService.java:168)
	at org.apache.ratis.thirdparty.io.grpc.stub.ServerCalls$StreamingServerCallHandler$StreamingServerCallListener.onMessage(ServerCalls.java:248)
	at org.apache.ratis.thirdparty.io.grpc.internal.ServerCallImpl$ServerStreamListenerImpl.messagesAvailable(ServerCallImpl.java:263)
	at org.apache.ratis.thirdparty.io.grpc.internal.ServerImpl$JumpToApplicationThreadServerStreamListener$1MessagesAvailable.runInContext(ServerImpl.java:686)
	at org.apache.ratis.thirdparty.io.grpc.internal.ContextRunnable.run(ContextRunnable.java:37)
	at org.apache.ratis.thirdparty.io.grpc.internal.SerializingExecutor.run(SerializingExecutor.java:123)
	at java.util.concurrent.ThreadPoolExecutor.runWorker(ThreadPoolExecutor.java:1149)
	at java.util.concurrent.ThreadPoolExecutor$Worker.run(ThreadPoolExecutor.java:624)
	at java.lang.Thread.run(Thread.java:748)

Sep 26, 2019 2:06:58 PM org.apache.ratis.thirdparty.io.grpc.internal.ManagedChannelOrphanWrapper$ManagedChannelReference cleanQueue
SEVERE: *~*~*~ Channel ManagedChannelImpl{logId=2339, target=localhost:9001} was not shutdown properly!!! ~*~*~*
    Make sure to call shutdown()/shutdownNow() and wait until awaitTermination() returns true.
java.lang.RuntimeException: ManagedChannel allocation site
	at org.apache.ratis.thirdparty.io.grpc.internal.ManagedChannelOrphanWrapper$ManagedChannelReference.<init>(ManagedChannelOrphanWrapper.java:103)
	at org.apache.ratis.thirdparty.io.grpc.internal.ManagedChannelOrphanWrapper.<init>(ManagedChannelOrphanWrapper.java:53)
	at org.apache.ratis.thirdparty.io.grpc.internal.ManagedChannelOrphanWrapper.<init>(ManagedChannelOrphanWrapper.java:44)
	at org.apache.ratis.thirdparty.io.grpc.internal.AbstractManagedChannelImplBuilder.build(AbstractManagedChannelImplBuilder.java:411)
	at org.apache.ratis.grpc.client.GrpcClientProtocolClient.<init>(GrpcClientProtocolClient.java:128)
	at org.apache.ratis.grpc.client.GrpcClientRpc.lambda$new$0(GrpcClientRpc.java:55)
	at org.apache.ratis.util.PeerProxyMap$PeerAndProxy.lambda$getProxy$0(PeerProxyMap.java:61)
	at org.apache.ratis.util.LifeCycle.startAndTransition(LifeCycle.java:202)
	at org.apache.ratis.util.PeerProxyMap$PeerAndProxy.getProxy(PeerProxyMap.java:60)
	at org.apache.ratis.util.PeerProxyMap.getProxy(PeerProxyMap.java:108)
	at org.apache.ratis.grpc.client.GrpcClientRpc.sendRequest(GrpcClientRpc.java:91)
	at org.apache.ratis.client.impl.RaftClientImpl.sendRequest(RaftClientImpl.java:278)
	at org.apache.ratis.client.impl.RaftClientImpl.sendRequestWithRetry(RaftClientImpl.java:246)
	at org.apache.ratis.client.impl.RaftClientImpl.send(RaftClientImpl.java:182)
	at org.apache.ratis.client.impl.RaftClientImpl.send(RaftClientImpl.java:156)
	at org.apache.ratis.logservice.server.MetaStateMachine.processCreateLogRequest(MetaStateMachine.java:353)
	at org.apache.ratis.logservice.server.MetaStateMachine.query(MetaStateMachine.java:230)
	at org.apache.ratis.server.impl.RaftServerImpl.submitClientRequestAsync(RaftServerImpl.java:549)
	at org.apache.ratis.server.impl.RaftServerProxy.lambda$submitClientRequestAsync$7(RaftServerProxy.java:333)
	at org.apache.ratis.server.impl.RaftServerProxy.lambda$null$5(RaftServerProxy.java:328)
	at org.apache.ratis.util.JavaUtils.callAsUnchecked(JavaUtils.java:109)
	at org.apache.ratis.server.impl.RaftServerProxy.lambda$submitRequest$6(RaftServerProxy.java:328)
	at java.util.concurrent.CompletableFuture.uniComposeStage(CompletableFuture.java:981)
	at java.util.concurrent.CompletableFuture.thenCompose(CompletableFuture.java:2124)
	at org.apache.ratis.server.impl.RaftServerProxy.submitRequest(RaftServerProxy.java:327)
	at org.apache.ratis.server.impl.RaftServerProxy.submitClientRequestAsync(RaftServerProxy.java:333)
	at org.apache.ratis.grpc.client.GrpcClientProtocolService$RequestStreamObserver.processClientRequest(GrpcClientProtocolService.java:220)
	at org.apache.ratis.grpc.client.GrpcClientProtocolService$UnorderedRequestStreamObserver.processClientRequest(GrpcClientProtocolService.java:276)
	at org.apache.ratis.grpc.client.GrpcClientProtocolService$RequestStreamObserver.onNext(GrpcClientProtocolService.java:240)
	at org.apache.ratis.grpc.client.GrpcClientProtocolService$RequestStreamObserver.onNext(GrpcClientProtocolService.java:168)
	at org.apache.ratis.thirdparty.io.grpc.stub.ServerCalls$StreamingServerCallHandler$StreamingServerCallListener.onMessage(ServerCalls.java:248)
	at org.apache.ratis.thirdparty.io.grpc.internal.ServerCallImpl$ServerStreamListenerImpl.messagesAvailable(ServerCallImpl.java:263)
	at org.apache.ratis.thirdparty.io.grpc.internal.ServerImpl$JumpToApplicationThreadServerStreamListener$1MessagesAvailable.runInContext(ServerImpl.java:686)
	at org.apache.ratis.thirdparty.io.grpc.internal.ContextRunnable.run(ContextRunnable.java:37)
	at org.apache.ratis.thirdparty.io.grpc.internal.SerializingExecutor.run(SerializingExecutor.java:123)
	at java.util.concurrent.ThreadPoolExecutor.runWorker(ThreadPoolExecutor.java:1149)
	at java.util.concurrent.ThreadPoolExecutor$Worker.run(ThreadPoolExecutor.java:624)
	at java.lang.Thread.run(Thread.java:748)

Sep 26, 2019 2:06:58 PM org.apache.ratis.thirdparty.io.grpc.internal.ManagedChannelOrphanWrapper$ManagedChannelReference cleanQueue
SEVERE: *~*~*~ Channel ManagedChannelImpl{logId=2354, target=localhost:10001} was not shutdown properly!!! ~*~*~*
    Make sure to call shutdown()/shutdownNow() and wait until awaitTermination() returns true.
java.lang.RuntimeException: ManagedChannel allocation site
	at org.apache.ratis.thirdparty.io.grpc.internal.ManagedChannelOrphanWrapper$ManagedChannelReference.<init>(ManagedChannelOrphanWrapper.java:103)
	at org.apache.ratis.thirdparty.io.grpc.internal.ManagedChannelOrphanWrapper.<init>(ManagedChannelOrphanWrapper.java:53)
	at org.apache.ratis.thirdparty.io.grpc.internal.ManagedChannelOrphanWrapper.<init>(ManagedChannelOrphanWrapper.java:44)
	at org.apache.ratis.thirdparty.io.grpc.internal.AbstractManagedChannelImplBuilder.build(AbstractManagedChannelImplBuilder.java:411)
	at org.apache.ratis.grpc.client.GrpcClientProtocolClient.<init>(GrpcClientProtocolClient.java:128)
	at org.apache.ratis.grpc.client.GrpcClientRpc.lambda$new$0(GrpcClientRpc.java:55)
	at org.apache.ratis.util.PeerProxyMap$PeerAndProxy.lambda$getProxy$0(PeerProxyMap.java:61)
	at org.apache.ratis.util.LifeCycle.startAndTransition(LifeCycle.java:202)
	at org.apache.ratis.util.PeerProxyMap$PeerAndProxy.getProxy(PeerProxyMap.java:60)
	at org.apache.ratis.util.PeerProxyMap.getProxy(PeerProxyMap.java:108)
	at org.apache.ratis.grpc.client.GrpcClientRpc.sendRequest(GrpcClientRpc.java:91)
	at org.apache.ratis.client.impl.RaftClientImpl.sendRequest(RaftClientImpl.java:278)
	at org.apache.ratis.client.impl.RaftClientImpl.groupAdd(RaftClientImpl.java:205)
	at org.apache.ratis.logservice.server.MetaStateMachine.lambda$processCreateLogRequest$7(MetaStateMachine.java:342)
	at java.util.ArrayList.forEach(ArrayList.java:1257)
	at org.apache.ratis.logservice.server.MetaStateMachine.processCreateLogRequest(MetaStateMachine.java:338)
	at org.apache.ratis.logservice.server.MetaStateMachine.query(MetaStateMachine.java:230)
	at org.apache.ratis.server.impl.RaftServerImpl.submitClientRequestAsync(RaftServerImpl.java:549)
	at org.apache.ratis.server.impl.RaftServerProxy.lambda$submitClientRequestAsync$7(RaftServerProxy.java:333)
	at org.apache.ratis.server.impl.RaftServerProxy.lambda$null$5(RaftServerProxy.java:328)
	at org.apache.ratis.util.JavaUtils.callAsUnchecked(JavaUtils.java:109)
	at org.apache.ratis.server.impl.RaftServerProxy.lambda$submitRequest$6(RaftServerProxy.java:328)
	at java.util.concurrent.CompletableFuture.uniComposeStage(CompletableFuture.java:981)
	at java.util.concurrent.CompletableFuture.thenCompose(CompletableFuture.java:2124)
	at org.apache.ratis.server.impl.RaftServerProxy.submitRequest(RaftServerProxy.java:327)
	at org.apache.ratis.server.impl.RaftServerProxy.submitClientRequestAsync(RaftServerProxy.java:333)
	at org.apache.ratis.grpc.client.GrpcClientProtocolService$RequestStreamObserver.processClientRequest(GrpcClientProtocolService.java:220)
	at org.apache.ratis.grpc.client.GrpcClientProtocolService$UnorderedRequestStreamObserver.processClientRequest(GrpcClientProtocolService.java:276)
	at org.apache.ratis.grpc.client.GrpcClientProtocolService$RequestStreamObserver.onNext(GrpcClientProtocolService.java:240)
	at org.apache.ratis.grpc.client.GrpcClientProtocolService$RequestStreamObserver.onNext(GrpcClientProtocolService.java:168)
	at org.apache.ratis.thirdparty.io.grpc.stub.ServerCalls$StreamingServerCallHandler$StreamingServerCallListener.onMessage(ServerCalls.java:248)
	at org.apache.ratis.thirdparty.io.grpc.internal.ServerCallImpl$ServerStreamListenerImpl.messagesAvailable(ServerCallImpl.java:263)
	at org.apache.ratis.thirdparty.io.grpc.internal.ServerImpl$JumpToApplicationThreadServerStreamListener$1MessagesAvailable.runInContext(ServerImpl.java:686)
	at org.apache.ratis.thirdparty.io.grpc.internal.ContextRunnable.run(ContextRunnable.java:37)
	at org.apache.ratis.thirdparty.io.grpc.internal.SerializingExecutor.run(SerializingExecutor.java:123)
	at java.util.concurrent.ThreadPoolExecutor.runWorker(ThreadPoolExecutor.java:1149)
	at java.util.concurrent.ThreadPoolExecutor$Worker.run(ThreadPoolExecutor.java:624)
	at java.lang.Thread.run(Thread.java:748)

Sep 26, 2019 2:06:58 PM org.apache.ratis.thirdparty.io.grpc.internal.ManagedChannelOrphanWrapper$ManagedChannelReference cleanQueue
SEVERE: *~*~*~ Channel ManagedChannelImpl{logId=2324, target=localhost:10002} was not shutdown properly!!! ~*~*~*
    Make sure to call shutdown()/shutdownNow() and wait until awaitTermination() returns true.
java.lang.RuntimeException: ManagedChannel allocation site
	at org.apache.ratis.thirdparty.io.grpc.internal.ManagedChannelOrphanWrapper$ManagedChannelReference.<init>(ManagedChannelOrphanWrapper.java:103)
	at org.apache.ratis.thirdparty.io.grpc.internal.ManagedChannelOrphanWrapper.<init>(ManagedChannelOrphanWrapper.java:53)
	at org.apache.ratis.thirdparty.io.grpc.internal.ManagedChannelOrphanWrapper.<init>(ManagedChannelOrphanWrapper.java:44)
	at org.apache.ratis.thirdparty.io.grpc.internal.AbstractManagedChannelImplBuilder.build(AbstractManagedChannelImplBuilder.java:411)
	at org.apache.ratis.grpc.client.GrpcClientProtocolClient.<init>(GrpcClientProtocolClient.java:128)
	at org.apache.ratis.grpc.client.GrpcClientRpc.lambda$new$0(GrpcClientRpc.java:55)
	at org.apache.ratis.util.PeerProxyMap$PeerAndProxy.lambda$getProxy$0(PeerProxyMap.java:61)
	at org.apache.ratis.util.LifeCycle.startAndTransition(LifeCycle.java:202)
	at org.apache.ratis.util.PeerProxyMap$PeerAndProxy.getProxy(PeerProxyMap.java:60)
	at org.apache.ratis.util.PeerProxyMap.getProxy(PeerProxyMap.java:108)
	at org.apache.ratis.grpc.client.GrpcClientRpc.sendRequest(GrpcClientRpc.java:91)
	at org.apache.ratis.client.impl.RaftClientImpl.sendRequest(RaftClientImpl.java:278)
	at org.apache.ratis.client.impl.RaftClientImpl.groupAdd(RaftClientImpl.java:205)
	at org.apache.ratis.logservice.server.MetaStateMachine.lambda$processCreateLogRequest$7(MetaStateMachine.java:342)
	at java.util.ArrayList.forEach(ArrayList.java:1257)
	at org.apache.ratis.logservice.server.MetaStateMachine.processCreateLogRequest(MetaStateMachine.java:338)
	at org.apache.ratis.logservice.server.MetaStateMachine.query(MetaStateMachine.java:230)
	at org.apache.ratis.server.impl.RaftServerImpl.submitClientRequestAsync(RaftServerImpl.java:549)
	at org.apache.ratis.server.impl.RaftServerProxy.lambda$submitClientRequestAsync$7(RaftServerProxy.java:333)
	at org.apache.ratis.server.impl.RaftServerProxy.lambda$null$5(RaftServerProxy.java:328)
	at org.apache.ratis.util.JavaUtils.callAsUnchecked(JavaUtils.java:109)
	at org.apache.ratis.server.impl.RaftServerProxy.lambda$submitRequest$6(RaftServerProxy.java:328)
	at java.util.concurrent.CompletableFuture.uniComposeStage(CompletableFuture.java:981)
	at java.util.concurrent.CompletableFuture.thenCompose(CompletableFuture.java:2124)
	at org.apache.ratis.server.impl.RaftServerProxy.submitRequest(RaftServerProxy.java:327)
	at org.apache.ratis.server.impl.RaftServerProxy.submitClientRequestAsync(RaftServerProxy.java:333)
	at org.apache.ratis.grpc.client.GrpcClientProtocolService$RequestStreamObserver.processClientRequest(GrpcClientProtocolService.java:220)
	at org.apache.ratis.grpc.client.GrpcClientProtocolService$UnorderedRequestStreamObserver.processClientRequest(GrpcClientProtocolService.java:276)
	at org.apache.ratis.grpc.client.GrpcClientProtocolService$RequestStreamObserver.onNext(GrpcClientProtocolService.java:240)
	at org.apache.ratis.grpc.client.GrpcClientProtocolService$RequestStreamObserver.onNext(GrpcClientProtocolService.java:168)
	at org.apache.ratis.thirdparty.io.grpc.stub.ServerCalls$StreamingServerCallHandler$StreamingServerCallListener.onMessage(ServerCalls.java:248)
	at org.apache.ratis.thirdparty.io.grpc.internal.ServerCallImpl$ServerStreamListenerImpl.messagesAvailable(ServerCallImpl.java:263)
	at org.apache.ratis.thirdparty.io.grpc.internal.ServerImpl$JumpToApplicationThreadServerStreamListener$1MessagesAvailable.runInContext(ServerImpl.java:686)
	at org.apache.ratis.thirdparty.io.grpc.internal.ContextRunnable.run(ContextRunnable.java:37)
	at org.apache.ratis.thirdparty.io.grpc.internal.SerializingExecutor.run(SerializingExecutor.java:123)
	at java.util.concurrent.ThreadPoolExecutor.runWorker(ThreadPoolExecutor.java:1149)
	at java.util.concurrent.ThreadPoolExecutor$Worker.run(ThreadPoolExecutor.java:624)
	at java.lang.Thread.run(Thread.java:748)

Sep 26, 2019 2:06:58 PM org.apache.ratis.thirdparty.io.grpc.internal.ManagedChannelOrphanWrapper$ManagedChannelReference cleanQueue
SEVERE: *~*~*~ Channel ManagedChannelImpl{logId=2364, target=localhost:10002} was not shutdown properly!!! ~*~*~*
    Make sure to call shutdown()/shutdownNow() and wait until awaitTermination() returns true.
java.lang.RuntimeException: ManagedChannel allocation site
	at org.apache.ratis.thirdparty.io.grpc.internal.ManagedChannelOrphanWrapper$ManagedChannelReference.<init>(ManagedChannelOrphanWrapper.java:103)
	at org.apache.ratis.thirdparty.io.grpc.internal.ManagedChannelOrphanWrapper.<init>(ManagedChannelOrphanWrapper.java:53)
	at org.apache.ratis.thirdparty.io.grpc.internal.ManagedChannelOrphanWrapper.<init>(ManagedChannelOrphanWrapper.java:44)
	at org.apache.ratis.thirdparty.io.grpc.internal.AbstractManagedChannelImplBuilder.build(AbstractManagedChannelImplBuilder.java:411)
	at org.apache.ratis.grpc.client.GrpcClientProtocolClient.<init>(GrpcClientProtocolClient.java:128)
	at org.apache.ratis.grpc.client.GrpcClientRpc.lambda$new$0(GrpcClientRpc.java:55)
	at org.apache.ratis.util.PeerProxyMap$PeerAndProxy.lambda$getProxy$0(PeerProxyMap.java:61)
	at org.apache.ratis.util.LifeCycle.startAndTransition(LifeCycle.java:202)
	at org.apache.ratis.util.PeerProxyMap$PeerAndProxy.getProxy(PeerProxyMap.java:60)
	at org.apache.ratis.util.PeerProxyMap.getProxy(PeerProxyMap.java:108)
	at org.apache.ratis.grpc.client.GrpcClientRpc.sendRequest(GrpcClientRpc.java:91)
	at org.apache.ratis.client.impl.RaftClientImpl.sendRequest(RaftClientImpl.java:278)
	at org.apache.ratis.client.impl.RaftClientImpl.groupAdd(RaftClientImpl.java:205)
	at org.apache.ratis.logservice.server.MetaStateMachine.lambda$processCreateLogRequest$7(MetaStateMachine.java:342)
	at java.util.ArrayList.forEach(ArrayList.java:1257)
	at org.apache.ratis.logservice.server.MetaStateMachine.processCreateLogRequest(MetaStateMachine.java:338)
	at org.apache.ratis.logservice.server.MetaStateMachine.query(MetaStateMachine.java:230)
	at org.apache.ratis.server.impl.RaftServerImpl.submitClientRequestAsync(RaftServerImpl.java:549)
	at org.apache.ratis.server.impl.RaftServerProxy.lambda$submitClientRequestAsync$7(RaftServerProxy.java:333)
	at org.apache.ratis.server.impl.RaftServerProxy.lambda$null$5(RaftServerProxy.java:328)
	at org.apache.ratis.util.JavaUtils.callAsUnchecked(JavaUtils.java:109)
	at org.apache.ratis.server.impl.RaftServerProxy.lambda$submitRequest$6(RaftServerProxy.java:328)
	at java.util.concurrent.CompletableFuture.uniComposeStage(CompletableFuture.java:981)
	at java.util.concurrent.CompletableFuture.thenCompose(CompletableFuture.java:2124)
	at org.apache.ratis.server.impl.RaftServerProxy.submitRequest(RaftServerProxy.java:327)
	at org.apache.ratis.server.impl.RaftServerProxy.submitClientRequestAsync(RaftServerProxy.java:333)
	at org.apache.ratis.grpc.client.GrpcClientProtocolService$RequestStreamObserver.processClientRequest(GrpcClientProtocolService.java:220)
	at org.apache.ratis.grpc.client.GrpcClientProtocolService$UnorderedRequestStreamObserver.processClientRequest(GrpcClientProtocolService.java:276)
	at org.apache.ratis.grpc.client.GrpcClientProtocolService$RequestStreamObserver.onNext(GrpcClientProtocolService.java:240)
	at org.apache.ratis.grpc.client.GrpcClientProtocolService$RequestStreamObserver.onNext(GrpcClientProtocolService.java:168)
	at org.apache.ratis.thirdparty.io.grpc.stub.ServerCalls$StreamingServerCallHandler$StreamingServerCallListener.onMessage(ServerCalls.java:248)
	at org.apache.ratis.thirdparty.io.grpc.internal.ServerCallImpl$ServerStreamListenerImpl.messagesAvailable(ServerCallImpl.java:263)
	at org.apache.ratis.thirdparty.io.grpc.internal.ServerImpl$JumpToApplicationThreadServerStreamListener$1MessagesAvailable.runInContext(ServerImpl.java:686)
	at org.apache.ratis.thirdparty.io.grpc.internal.ContextRunnable.run(ContextRunnable.java:37)
	at org.apache.ratis.thirdparty.io.grpc.internal.SerializingExecutor.run(SerializingExecutor.java:123)
	at java.util.concurrent.ThreadPoolExecutor.runWorker(ThreadPoolExecutor.java:1149)
	at java.util.concurrent.ThreadPoolExecutor$Worker.run(ThreadPoolExecutor.java:624)
	at java.lang.Thread.run(Thread.java:748)

Sep 26, 2019 2:06:58 PM org.apache.ratis.thirdparty.io.grpc.internal.ManagedChannelOrphanWrapper$ManagedChannelReference cleanQueue
SEVERE: *~*~*~ Channel ManagedChannelImpl{logId=2359, target=localhost:10000} was not shutdown properly!!! ~*~*~*
    Make sure to call shutdown()/shutdownNow() and wait until awaitTermination() returns true.
java.lang.RuntimeException: ManagedChannel allocation site
	at org.apache.ratis.thirdparty.io.grpc.internal.ManagedChannelOrphanWrapper$ManagedChannelReference.<init>(ManagedChannelOrphanWrapper.java:103)
	at org.apache.ratis.thirdparty.io.grpc.internal.ManagedChannelOrphanWrapper.<init>(ManagedChannelOrphanWrapper.java:53)
	at org.apache.ratis.thirdparty.io.grpc.internal.ManagedChannelOrphanWrapper.<init>(ManagedChannelOrphanWrapper.java:44)
	at org.apache.ratis.thirdparty.io.grpc.internal.AbstractManagedChannelImplBuilder.build(AbstractManagedChannelImplBuilder.java:411)
	at org.apache.ratis.grpc.client.GrpcClientProtocolClient.<init>(GrpcClientProtocolClient.java:128)
	at org.apache.ratis.grpc.client.GrpcClientRpc.lambda$new$0(GrpcClientRpc.java:55)
	at org.apache.ratis.util.PeerProxyMap$PeerAndProxy.lambda$getProxy$0(PeerProxyMap.java:61)
	at org.apache.ratis.util.LifeCycle.startAndTransition(LifeCycle.java:202)
	at org.apache.ratis.util.PeerProxyMap$PeerAndProxy.getProxy(PeerProxyMap.java:60)
	at org.apache.ratis.util.PeerProxyMap.getProxy(PeerProxyMap.java:108)
	at org.apache.ratis.grpc.client.GrpcClientRpc.sendRequest(GrpcClientRpc.java:91)
	at org.apache.ratis.client.impl.RaftClientImpl.sendRequest(RaftClientImpl.java:278)
	at org.apache.ratis.client.impl.RaftClientImpl.groupAdd(RaftClientImpl.java:205)
	at org.apache.ratis.logservice.server.MetaStateMachine.lambda$processCreateLogRequest$7(MetaStateMachine.java:342)
	at java.util.ArrayList.forEach(ArrayList.java:1257)
	at org.apache.ratis.logservice.server.MetaStateMachine.processCreateLogRequest(MetaStateMachine.java:338)
	at org.apache.ratis.logservice.server.MetaStateMachine.query(MetaStateMachine.java:230)
	at org.apache.ratis.server.impl.RaftServerImpl.submitClientRequestAsync(RaftServerImpl.java:549)
	at org.apache.ratis.server.impl.RaftServerProxy.lambda$submitClientRequestAsync$7(RaftServerProxy.java:333)
	at org.apache.ratis.server.impl.RaftServerProxy.lambda$null$5(RaftServerProxy.java:328)
	at org.apache.ratis.util.JavaUtils.callAsUnchecked(JavaUtils.java:109)
	at org.apache.ratis.server.impl.RaftServerProxy.lambda$submitRequest$6(RaftServerProxy.java:328)
	at java.util.concurrent.CompletableFuture.uniComposeStage(CompletableFuture.java:981)
	at java.util.concurrent.CompletableFuture.thenCompose(CompletableFuture.java:2124)
	at org.apache.ratis.server.impl.RaftServerProxy.submitRequest(RaftServerProxy.java:327)
	at org.apache.ratis.server.impl.RaftServerProxy.submitClientRequestAsync(RaftServerProxy.java:333)
	at org.apache.ratis.grpc.client.GrpcClientProtocolService$RequestStreamObserver.processClientRequest(GrpcClientProtocolService.java:220)
	at org.apache.ratis.grpc.client.GrpcClientProtocolService$UnorderedRequestStreamObserver.processClientRequest(GrpcClientProtocolService.java:276)
	at org.apache.ratis.grpc.client.GrpcClientProtocolService$RequestStreamObserver.onNext(GrpcClientProtocolService.java:240)
	at org.apache.ratis.grpc.client.GrpcClientProtocolService$RequestStreamObserver.onNext(GrpcClientProtocolService.java:168)
	at org.apache.ratis.thirdparty.io.grpc.stub.ServerCalls$StreamingServerCallHandler$StreamingServerCallListener.onMessage(ServerCalls.java:248)
	at org.apache.ratis.thirdparty.io.grpc.internal.ServerCallImpl$ServerStreamListenerImpl.messagesAvailable(ServerCallImpl.java:263)
	at org.apache.ratis.thirdparty.io.grpc.internal.ServerImpl$JumpToApplicationThreadServerStreamListener$1MessagesAvailable.runInContext(ServerImpl.java:686)
	at org.apache.ratis.thirdparty.io.grpc.internal.ContextRunnable.run(ContextRunnable.java:37)
	at org.apache.ratis.thirdparty.io.grpc.internal.SerializingExecutor.run(SerializingExecutor.java:123)
	at java.util.concurrent.ThreadPoolExecutor.runWorker(ThreadPoolExecutor.java:1149)
	at java.util.concurrent.ThreadPoolExecutor$Worker.run(ThreadPoolExecutor.java:624)
	at java.lang.Thread.run(Thread.java:748)

Sep 26, 2019 2:06:58 PM org.apache.ratis.thirdparty.io.grpc.internal.ManagedChannelOrphanWrapper$ManagedChannelReference cleanQueue
SEVERE: *~*~*~ Channel ManagedChannelImpl{logId=2374, target=localhost:9001} was not shutdown properly!!! ~*~*~*
    Make sure to call shutdown()/shutdownNow() and wait until awaitTermination() returns true.
java.lang.RuntimeException: ManagedChannel allocation site
	at org.apache.ratis.thirdparty.io.grpc.internal.ManagedChannelOrphanWrapper$ManagedChannelReference.<init>(ManagedChannelOrphanWrapper.java:103)
	at org.apache.ratis.thirdparty.io.grpc.internal.ManagedChannelOrphanWrapper.<init>(ManagedChannelOrphanWrapper.java:53)
	at org.apache.ratis.thirdparty.io.grpc.internal.ManagedChannelOrphanWrapper.<init>(ManagedChannelOrphanWrapper.java:44)
	at org.apache.ratis.thirdparty.io.grpc.internal.AbstractManagedChannelImplBuilder.build(AbstractManagedChannelImplBuilder.java:411)
	at org.apache.ratis.grpc.client.GrpcClientProtocolClient.<init>(GrpcClientProtocolClient.java:128)
	at org.apache.ratis.grpc.client.GrpcClientRpc.lambda$new$0(GrpcClientRpc.java:55)
	at org.apache.ratis.util.PeerProxyMap$PeerAndProxy.lambda$getProxy$0(PeerProxyMap.java:61)
	at org.apache.ratis.util.LifeCycle.startAndTransition(LifeCycle.java:202)
	at org.apache.ratis.util.PeerProxyMap$PeerAndProxy.getProxy(PeerProxyMap.java:60)
	at org.apache.ratis.util.PeerProxyMap.getProxy(PeerProxyMap.java:108)
	at org.apache.ratis.grpc.client.GrpcClientRpc.sendRequest(GrpcClientRpc.java:91)
	at org.apache.ratis.client.impl.RaftClientImpl.sendRequest(RaftClientImpl.java:278)
	at org.apache.ratis.client.impl.RaftClientImpl.sendRequestWithRetry(RaftClientImpl.java:246)
	at org.apache.ratis.client.impl.RaftClientImpl.send(RaftClientImpl.java:182)
	at org.apache.ratis.client.impl.RaftClientImpl.send(RaftClientImpl.java:156)
	at org.apache.ratis.logservice.server.MetaStateMachine.processCreateLogRequest(MetaStateMachine.java:353)
	at org.apache.ratis.logservice.server.MetaStateMachine.query(MetaStateMachine.java:230)
	at org.apache.ratis.server.impl.RaftServerImpl.submitClientRequestAsync(RaftServerImpl.java:549)
	at org.apache.ratis.server.impl.RaftServerProxy.lambda$submitClientRequestAsync$7(RaftServerProxy.java:333)
	at org.apache.ratis.server.impl.RaftServerProxy.lambda$null$5(RaftServerProxy.java:328)
	at org.apache.ratis.util.JavaUtils.callAsUnchecked(JavaUtils.java:109)
	at org.apache.ratis.server.impl.RaftServerProxy.lambda$submitRequest$6(RaftServerProxy.java:328)
	at java.util.concurrent.CompletableFuture.uniComposeStage(CompletableFuture.java:981)
	at java.util.concurrent.CompletableFuture.thenCompose(CompletableFuture.java:2124)
	at org.apache.ratis.server.impl.RaftServerProxy.submitRequest(RaftServerProxy.java:327)
	at org.apache.ratis.server.impl.RaftServerProxy.submitClientRequestAsync(RaftServerProxy.java:333)
	at org.apache.ratis.grpc.client.GrpcClientProtocolService$RequestStreamObserver.processClientRequest(GrpcClientProtocolService.java:220)
	at org.apache.ratis.grpc.client.GrpcClientProtocolService$UnorderedRequestStreamObserver.processClientRequest(GrpcClientProtocolService.java:276)
	at org.apache.ratis.grpc.client.GrpcClientProtocolService$RequestStreamObserver.onNext(GrpcClientProtocolService.java:240)
	at org.apache.ratis.grpc.client.GrpcClientProtocolService$RequestStreamObserver.onNext(GrpcClientProtocolService.java:168)
	at org.apache.ratis.thirdparty.io.grpc.stub.ServerCalls$StreamingServerCallHandler$StreamingServerCallListener.onMessage(ServerCalls.java:248)
	at org.apache.ratis.thirdparty.io.grpc.internal.ServerCallImpl$ServerStreamListenerImpl.messagesAvailable(ServerCallImpl.java:263)
	at org.apache.ratis.thirdparty.io.grpc.internal.ServerImpl$JumpToApplicationThreadServerStreamListener$1MessagesAvailable.runInContext(ServerImpl.java:686)
	at org.apache.ratis.thirdparty.io.grpc.internal.ContextRunnable.run(ContextRunnable.java:37)
	at org.apache.ratis.thirdparty.io.grpc.internal.SerializingExecutor.run(SerializingExecutor.java:123)
	at java.util.concurrent.ThreadPoolExecutor.runWorker(ThreadPoolExecutor.java:1149)
	at java.util.concurrent.ThreadPoolExecutor$Worker.run(ThreadPoolExecutor.java:624)
	at java.lang.Thread.run(Thread.java:748)

Sep 26, 2019 2:06:58 PM org.apache.ratis.thirdparty.io.grpc.internal.ManagedChannelOrphanWrapper$ManagedChannelReference cleanQueue
SEVERE: *~*~*~ Channel ManagedChannelImpl{logId=2329, target=localhost:10000} was not shutdown properly!!! ~*~*~*
    Make sure to call shutdown()/shutdownNow() and wait until awaitTermination() returns true.
java.lang.RuntimeException: ManagedChannel allocation site
	at org.apache.ratis.thirdparty.io.grpc.internal.ManagedChannelOrphanWrapper$ManagedChannelReference.<init>(ManagedChannelOrphanWrapper.java:103)
	at org.apache.ratis.thirdparty.io.grpc.internal.ManagedChannelOrphanWrapper.<init>(ManagedChannelOrphanWrapper.java:53)
	at org.apache.ratis.thirdparty.io.grpc.internal.ManagedChannelOrphanWrapper.<init>(ManagedChannelOrphanWrapper.java:44)
	at org.apache.ratis.thirdparty.io.grpc.internal.AbstractManagedChannelImplBuilder.build(AbstractManagedChannelImplBuilder.java:411)
	at org.apache.ratis.grpc.client.GrpcClientProtocolClient.<init>(GrpcClientProtocolClient.java:128)
	at org.apache.ratis.grpc.client.GrpcClientRpc.lambda$new$0(GrpcClientRpc.java:55)
	at org.apache.ratis.util.PeerProxyMap$PeerAndProxy.lambda$getProxy$0(PeerProxyMap.java:61)
	at org.apache.ratis.util.LifeCycle.startAndTransition(LifeCycle.java:202)
	at org.apache.ratis.util.PeerProxyMap$PeerAndProxy.getProxy(PeerProxyMap.java:60)
	at org.apache.ratis.util.PeerProxyMap.getProxy(PeerProxyMap.java:108)
	at org.apache.ratis.grpc.client.GrpcClientRpc.sendRequest(GrpcClientRpc.java:91)
	at org.apache.ratis.client.impl.RaftClientImpl.sendRequest(RaftClientImpl.java:278)
	at org.apache.ratis.client.impl.RaftClientImpl.groupAdd(RaftClientImpl.java:205)
	at org.apache.ratis.logservice.server.MetaStateMachine.lambda$processCreateLogRequest$7(MetaStateMachine.java:342)
	at java.util.ArrayList.forEach(ArrayList.java:1257)
	at org.apache.ratis.logservice.server.MetaStateMachine.processCreateLogRequest(MetaStateMachine.java:338)
	at org.apache.ratis.logservice.server.MetaStateMachine.query(MetaStateMachine.java:230)
	at org.apache.ratis.server.impl.RaftServerImpl.submitClientRequestAsync(RaftServerImpl.java:549)
	at org.apache.ratis.server.impl.RaftServerProxy.lambda$submitClientRequestAsync$7(RaftServerProxy.java:333)
	at org.apache.ratis.server.impl.RaftServerProxy.lambda$null$5(RaftServerProxy.java:328)
	at org.apache.ratis.util.JavaUtils.callAsUnchecked(JavaUtils.java:109)
	at org.apache.ratis.server.impl.RaftServerProxy.lambda$submitRequest$6(RaftServerProxy.java:328)
	at java.util.concurrent.CompletableFuture.uniComposeStage(CompletableFuture.java:981)
	at java.util.concurrent.CompletableFuture.thenCompose(CompletableFuture.java:2124)
	at org.apache.ratis.server.impl.RaftServerProxy.submitRequest(RaftServerProxy.java:327)
	at org.apache.ratis.server.impl.RaftServerProxy.submitClientRequestAsync(RaftServerProxy.java:333)
	at org.apache.ratis.grpc.client.GrpcClientProtocolService$RequestStreamObserver.processClientRequest(GrpcClientProtocolService.java:220)
	at org.apache.ratis.grpc.client.GrpcClientProtocolService$UnorderedRequestStreamObserver.processClientRequest(GrpcClientProtocolService.java:276)
	at org.apache.ratis.grpc.client.GrpcClientProtocolService$RequestStreamObserver.onNext(GrpcClientProtocolService.java:240)
	at org.apache.ratis.grpc.client.GrpcClientProtocolService$RequestStreamObserver.onNext(GrpcClientProtocolService.java:168)
	at org.apache.ratis.thirdparty.io.grpc.stub.ServerCalls$StreamingServerCallHandler$StreamingServerCallListener.onMessage(ServerCalls.java:248)
	at org.apache.ratis.thirdparty.io.grpc.internal.ServerCallImpl$ServerStreamListenerImpl.messagesAvailable(ServerCallImpl.java:263)
	at org.apache.ratis.thirdparty.io.grpc.internal.ServerImpl$JumpToApplicationThreadServerStreamListener$1MessagesAvailable.runInContext(ServerImpl.java:686)
	at org.apache.ratis.thirdparty.io.grpc.internal.ContextRunnable.run(ContextRunnable.java:37)
	at org.apache.ratis.thirdparty.io.grpc.internal.SerializingExecutor.run(SerializingExecutor.java:123)
	at java.util.concurrent.ThreadPoolExecutor.runWorker(ThreadPoolExecutor.java:1149)
	at java.util.concurrent.ThreadPoolExecutor$Worker.run(ThreadPoolExecutor.java:624)
	at java.lang.Thread.run(Thread.java:748)

]]></system-err>
  </testcase>
  <testcase name="testLogArchival" classname="org.apache.ratis.logservice.server.TestMetaServer" time="4.565"/>
  <testcase name="testFinalClieanUp" classname="org.apache.ratis.logservice.server.TestMetaServer" time="0">
    <skipped message="Too heavy for the current implementation"/>
  </testcase>
  <testcase name="testCloseLogOnNodeFailure" classname="org.apache.ratis.logservice.server.TestMetaServer" time="91.048"/>
  <testcase name="testAlreadyExistLog" classname="org.apache.ratis.logservice.server.TestMetaServer" time="0.158"/>
  <testcase name="testDeleteLog" classname="org.apache.ratis.logservice.server.TestMetaServer" time="0.245"/>
  <testcase name="testGetNotExistingLog" classname="org.apache.ratis.logservice.server.TestMetaServer" time="0.008"/>
  <testcase name="testListLogs" classname="org.apache.ratis.logservice.server.TestMetaServer" time="5.808"/>
</testsuite>