<?xml version="1.0" encoding="UTF-8"?>
<testsuite xmlns:xsi="http://www.w3.org/2001/XMLSchema-instance" xsi:noNamespaceSchemaLocation="https://maven.apache.org/surefire/maven-surefire-plugin/xsd/surefire-test-report.xsd" name="org.apache.ratis.grpc.TestRaftReconfigurationWithGrpc" time="38.401" tests="12" errors="1" skipped="0" failures="0">
  <properties>
    <property name="awt.toolkit" value="sun.awt.X11.XToolkit"/>
    <property name="file.encoding.pkg" value="sun.io"/>
    <property name="java.specification.version" value="1.8"/>
    <property name="sun.cpu.isalist" value=""/>
    <property name="sun.jnu.encoding" value="UTF-8"/>
    <property name="java.class.path" value="/workdir/ratis-test/target/test-classes:/workdir/ratis-test/target/classes:/workdir/ratis-common/target/classes:/home/user/.m2/repository/org/apache/ratis/ratis-thirdparty-misc/0.2.0/ratis-thirdparty-misc-0.2.0.jar:/workdir/ratis-proto/target/ratis-proto-0.5.0-SNAPSHOT.jar:/home/user/.m2/repository/org/slf4j/slf4j-log4j12/1.7.10/slf4j-log4j12-1.7.10.jar:/home/user/.m2/repository/log4j/log4j/1.2.17/log4j-1.2.17.jar:/workdir/ratis-common/target/test-classes:/workdir/ratis-client/target/classes:/workdir/ratis-server/target/classes:/workdir/ratis-metrics/target/classes:/home/user/.m2/repository/io/dropwizard/metrics/metrics-core/3.2.5/metrics-core-3.2.5.jar:/home/user/.m2/repository/com/github/joshelser/dropwizard-metrics-hadoop-metrics2-reporter/0.1.2/dropwizard-metrics-hadoop-metrics2-reporter-0.1.2.jar:/home/user/.m2/repository/org/apache/hadoop/hadoop-common/2.6.0/hadoop-common-2.6.0.jar:/home/user/.m2/repository/org/apache/hadoop/hadoop-annotations/2.6.0/hadoop-annotations-2.6.0.jar:/usr/lib/jvm/java-1.8-openjdk/jre/../lib/tools.jar:/home/user/.m2/repository/com/google/guava/guava/11.0.2/guava-11.0.2.jar:/home/user/.m2/repository/commons-cli/commons-cli/1.2/commons-cli-1.2.jar:/home/user/.m2/repository/org/apache/commons/commons-math3/3.1.1/commons-math3-3.1.1.jar:/home/user/.m2/repository/xmlenc/xmlenc/0.52/xmlenc-0.52.jar:/home/user/.m2/repository/commons-httpclient/commons-httpclient/3.1/commons-httpclient-3.1.jar:/home/user/.m2/repository/commons-codec/commons-codec/1.4/commons-codec-1.4.jar:/home/user/.m2/repository/commons-io/commons-io/2.4/commons-io-2.4.jar:/home/user/.m2/repository/commons-net/commons-net/3.1/commons-net-3.1.jar:/home/user/.m2/repository/commons-collections/commons-collections/3.2.1/commons-collections-3.2.1.jar:/home/user/.m2/repository/javax/servlet/servlet-api/2.5/servlet-api-2.5.jar:/home/user/.m2/repository/org/mortbay/jetty/jetty/6.1.26/jetty-6.1.26.jar:/home/user/.m2/repository/org/mortbay/jetty/jetty-util/6.1.26/jetty-util-6.1.26.jar:/home/user/.m2/repository/com/sun/jersey/jersey-core/1.9/jersey-core-1.9.jar:/home/user/.m2/repository/com/sun/jersey/jersey-json/1.9/jersey-json-1.9.jar:/home/user/.m2/repository/org/codehaus/jettison/jettison/1.1/jettison-1.1.jar:/home/user/.m2/repository/com/sun/xml/bind/jaxb-impl/2.2.3-1/jaxb-impl-2.2.3-1.jar:/home/user/.m2/repository/javax/xml/bind/jaxb-api/2.2.2/jaxb-api-2.2.2.jar:/home/user/.m2/repository/javax/xml/stream/stax-api/1.0-2/stax-api-1.0-2.jar:/home/user/.m2/repository/javax/activation/activation/1.1/activation-1.1.jar:/home/user/.m2/repository/org/codehaus/jackson/jackson-jaxrs/1.8.3/jackson-jaxrs-1.8.3.jar:/home/user/.m2/repository/org/codehaus/jackson/jackson-xc/1.8.3/jackson-xc-1.8.3.jar:/home/user/.m2/repository/com/sun/jersey/jersey-server/1.9/jersey-server-1.9.jar:/home/user/.m2/repository/asm/asm/3.1/asm-3.1.jar:/home/user/.m2/repository/tomcat/jasper-compiler/5.5.23/jasper-compiler-5.5.23.jar:/home/user/.m2/repository/tomcat/jasper-runtime/5.5.23/jasper-runtime-5.5.23.jar:/home/user/.m2/repository/javax/servlet/jsp/jsp-api/2.1/jsp-api-2.1.jar:/home/user/.m2/repository/commons-el/commons-el/1.0/commons-el-1.0.jar:/home/user/.m2/repository/commons-logging/commons-logging/1.1.3/commons-logging-1.1.3.jar:/home/user/.m2/repository/net/java/dev/jets3t/jets3t/0.9.0/jets3t-0.9.0.jar:/home/user/.m2/repository/org/apache/httpcomponents/httpclient/4.1.2/httpclient-4.1.2.jar:/home/user/.m2/repository/org/apache/httpcomponents/httpcore/4.1.2/httpcore-4.1.2.jar:/home/user/.m2/repository/com/jamesmurty/utils/java-xmlbuilder/0.4/java-xmlbuilder-0.4.jar:/home/user/.m2/repository/commons-lang/commons-lang/2.6/commons-lang-2.6.jar:/home/user/.m2/repository/commons-configuration/commons-configuration/1.6/commons-configuration-1.6.jar:/home/user/.m2/repository/commons-digester/commons-digester/1.8/commons-digester-1.8.jar:/home/user/.m2/repository/commons-beanutils/commons-beanutils/1.7.0/commons-beanutils-1.7.0.jar:/home/user/.m2/repository/commons-beanutils/commons-beanutils-core/1.8.0/commons-beanutils-core-1.8.0.jar:/home/user/.m2/repository/org/codehaus/jackson/jackson-core-asl/1.9.13/jackson-core-asl-1.9.13.jar:/home/user/.m2/repository/org/codehaus/jackson/jackson-mapper-asl/1.9.13/jackson-mapper-asl-1.9.13.jar:/home/user/.m2/repository/org/apache/avro/avro/1.7.4/avro-1.7.4.jar:/home/user/.m2/repository/com/thoughtworks/paranamer/paranamer/2.3/paranamer-2.3.jar:/home/user/.m2/repository/org/xerial/snappy/snappy-java/1.0.4.1/snappy-java-1.0.4.1.jar:/home/user/.m2/repository/com/google/protobuf/protobuf-java/2.5.0/protobuf-java-2.5.0.jar:/home/user/.m2/repository/com/google/code/gson/gson/2.2.4/gson-2.2.4.jar:/home/user/.m2/repository/org/apache/hadoop/hadoop-auth/2.6.0/hadoop-auth-2.6.0.jar:/home/user/.m2/repository/org/apache/directory/server/apacheds-kerberos-codec/2.0.0-M15/apacheds-kerberos-codec-2.0.0-M15.jar:/home/user/.m2/repository/org/apache/directory/server/apacheds-i18n/2.0.0-M15/apacheds-i18n-2.0.0-M15.jar:/home/user/.m2/repository/org/apache/directory/api/api-asn1-api/1.0.0-M20/api-asn1-api-1.0.0-M20.jar:/home/user/.m2/repository/org/apache/directory/api/api-util/1.0.0-M20/api-util-1.0.0-M20.jar:/home/user/.m2/repository/org/apache/curator/curator-framework/2.6.0/curator-framework-2.6.0.jar:/home/user/.m2/repository/com/jcraft/jsch/0.1.42/jsch-0.1.42.jar:/home/user/.m2/repository/org/apache/curator/curator-client/2.6.0/curator-client-2.6.0.jar:/home/user/.m2/repository/org/apache/curator/curator-recipes/2.6.0/curator-recipes-2.6.0.jar:/home/user/.m2/repository/com/google/code/findbugs/jsr305/1.3.9/jsr305-1.3.9.jar:/home/user/.m2/repository/org/htrace/htrace-core/3.0.4/htrace-core-3.0.4.jar:/home/user/.m2/repository/org/apache/zookeeper/zookeeper/3.4.6/zookeeper-3.4.6.jar:/home/user/.m2/repository/io/netty/netty/3.7.0.Final/netty-3.7.0.Final.jar:/home/user/.m2/repository/org/apache/commons/commons-compress/1.4.1/commons-compress-1.4.1.jar:/home/user/.m2/repository/org/tukaani/xz/1.0/xz-1.0.jar:/home/user/.m2/repository/io/dropwizard/metrics/metrics-jvm/3.2.5/metrics-jvm-3.2.5.jar:/home/user/.m2/repository/io/dropwizard/metrics/metrics-ganglia/3.2.5/metrics-ganglia-3.2.5.jar:/home/user/.m2/repository/info/ganglia/gmetric4j/gmetric4j/1.0.7/gmetric4j-1.0.7.jar:/workdir/ratis-server/target/test-classes:/workdir/ratis-netty/target/classes:/workdir/ratis-netty/target/test-classes:/workdir/ratis-grpc/target/classes:/workdir/ratis-grpc/target/test-classes:/home/user/.m2/repository/org/slf4j/slf4j-api/1.7.10/slf4j-api-1.7.10.jar:/home/user/.m2/repository/junit/junit/4.12/junit-4.12.jar:/home/user/.m2/repository/org/hamcrest/hamcrest-core/1.3/hamcrest-core-1.3.jar:/home/user/.m2/repository/org/mockito/mockito-all/1.8.5/mockito-all-1.8.5.jar:"/>
    <property name="java.vm.vendor" value="IcedTea"/>
    <property name="sun.arch.data.model" value="64"/>
    <property name="java.vendor.url" value="https://icedtea.classpath.org"/>
    <property name="user.timezone" value=""/>
    <property name="java.vm.specification.version" value="1.8"/>
    <property name="os.name" value="Linux"/>
    <property name="user.country" value="US"/>
    <property name="sun.java.launcher" value="SUN_STANDARD"/>
    <property name="sun.boot.library.path" value="/usr/lib/jvm/java-1.8-openjdk/jre/lib/amd64"/>
    <property name="sun.java.command" value="/workdir/ratis-test/target/surefire/surefirebooter9118341361166869231.jar /workdir/ratis-test/target/surefire 2019-09-26T13-42-04_408-jvmRun1 surefire2685057577057941707tmp surefire_671430451069037638391tmp"/>
    <property name="surefire.test.class.path" value="/workdir/ratis-test/target/test-classes:/workdir/ratis-test/target/classes:/workdir/ratis-common/target/classes:/home/user/.m2/repository/org/apache/ratis/ratis-thirdparty-misc/0.2.0/ratis-thirdparty-misc-0.2.0.jar:/workdir/ratis-proto/target/ratis-proto-0.5.0-SNAPSHOT.jar:/home/user/.m2/repository/org/slf4j/slf4j-log4j12/1.7.10/slf4j-log4j12-1.7.10.jar:/home/user/.m2/repository/log4j/log4j/1.2.17/log4j-1.2.17.jar:/workdir/ratis-common/target/test-classes:/workdir/ratis-client/target/classes:/workdir/ratis-server/target/classes:/workdir/ratis-metrics/target/classes:/home/user/.m2/repository/io/dropwizard/metrics/metrics-core/3.2.5/metrics-core-3.2.5.jar:/home/user/.m2/repository/com/github/joshelser/dropwizard-metrics-hadoop-metrics2-reporter/0.1.2/dropwizard-metrics-hadoop-metrics2-reporter-0.1.2.jar:/home/user/.m2/repository/org/apache/hadoop/hadoop-common/2.6.0/hadoop-common-2.6.0.jar:/home/user/.m2/repository/org/apache/hadoop/hadoop-annotations/2.6.0/hadoop-annotations-2.6.0.jar:/usr/lib/jvm/java-1.8-openjdk/jre/../lib/tools.jar:/home/user/.m2/repository/com/google/guava/guava/11.0.2/guava-11.0.2.jar:/home/user/.m2/repository/commons-cli/commons-cli/1.2/commons-cli-1.2.jar:/home/user/.m2/repository/org/apache/commons/commons-math3/3.1.1/commons-math3-3.1.1.jar:/home/user/.m2/repository/xmlenc/xmlenc/0.52/xmlenc-0.52.jar:/home/user/.m2/repository/commons-httpclient/commons-httpclient/3.1/commons-httpclient-3.1.jar:/home/user/.m2/repository/commons-codec/commons-codec/1.4/commons-codec-1.4.jar:/home/user/.m2/repository/commons-io/commons-io/2.4/commons-io-2.4.jar:/home/user/.m2/repository/commons-net/commons-net/3.1/commons-net-3.1.jar:/home/user/.m2/repository/commons-collections/commons-collections/3.2.1/commons-collections-3.2.1.jar:/home/user/.m2/repository/javax/servlet/servlet-api/2.5/servlet-api-2.5.jar:/home/user/.m2/repository/org/mortbay/jetty/jetty/6.1.26/jetty-6.1.26.jar:/home/user/.m2/repository/org/mortbay/jetty/jetty-util/6.1.26/jetty-util-6.1.26.jar:/home/user/.m2/repository/com/sun/jersey/jersey-core/1.9/jersey-core-1.9.jar:/home/user/.m2/repository/com/sun/jersey/jersey-json/1.9/jersey-json-1.9.jar:/home/user/.m2/repository/org/codehaus/jettison/jettison/1.1/jettison-1.1.jar:/home/user/.m2/repository/com/sun/xml/bind/jaxb-impl/2.2.3-1/jaxb-impl-2.2.3-1.jar:/home/user/.m2/repository/javax/xml/bind/jaxb-api/2.2.2/jaxb-api-2.2.2.jar:/home/user/.m2/repository/javax/xml/stream/stax-api/1.0-2/stax-api-1.0-2.jar:/home/user/.m2/repository/javax/activation/activation/1.1/activation-1.1.jar:/home/user/.m2/repository/org/codehaus/jackson/jackson-jaxrs/1.8.3/jackson-jaxrs-1.8.3.jar:/home/user/.m2/repository/org/codehaus/jackson/jackson-xc/1.8.3/jackson-xc-1.8.3.jar:/home/user/.m2/repository/com/sun/jersey/jersey-server/1.9/jersey-server-1.9.jar:/home/user/.m2/repository/asm/asm/3.1/asm-3.1.jar:/home/user/.m2/repository/tomcat/jasper-compiler/5.5.23/jasper-compiler-5.5.23.jar:/home/user/.m2/repository/tomcat/jasper-runtime/5.5.23/jasper-runtime-5.5.23.jar:/home/user/.m2/repository/javax/servlet/jsp/jsp-api/2.1/jsp-api-2.1.jar:/home/user/.m2/repository/commons-el/commons-el/1.0/commons-el-1.0.jar:/home/user/.m2/repository/commons-logging/commons-logging/1.1.3/commons-logging-1.1.3.jar:/home/user/.m2/repository/net/java/dev/jets3t/jets3t/0.9.0/jets3t-0.9.0.jar:/home/user/.m2/repository/org/apache/httpcomponents/httpclient/4.1.2/httpclient-4.1.2.jar:/home/user/.m2/repository/org/apache/httpcomponents/httpcore/4.1.2/httpcore-4.1.2.jar:/home/user/.m2/repository/com/jamesmurty/utils/java-xmlbuilder/0.4/java-xmlbuilder-0.4.jar:/home/user/.m2/repository/commons-lang/commons-lang/2.6/commons-lang-2.6.jar:/home/user/.m2/repository/commons-configuration/commons-configuration/1.6/commons-configuration-1.6.jar:/home/user/.m2/repository/commons-digester/commons-digester/1.8/commons-digester-1.8.jar:/home/user/.m2/repository/commons-beanutils/commons-beanutils/1.7.0/commons-beanutils-1.7.0.jar:/home/user/.m2/repository/commons-beanutils/commons-beanutils-core/1.8.0/commons-beanutils-core-1.8.0.jar:/home/user/.m2/repository/org/codehaus/jackson/jackson-core-asl/1.9.13/jackson-core-asl-1.9.13.jar:/home/user/.m2/repository/org/codehaus/jackson/jackson-mapper-asl/1.9.13/jackson-mapper-asl-1.9.13.jar:/home/user/.m2/repository/org/apache/avro/avro/1.7.4/avro-1.7.4.jar:/home/user/.m2/repository/com/thoughtworks/paranamer/paranamer/2.3/paranamer-2.3.jar:/home/user/.m2/repository/org/xerial/snappy/snappy-java/1.0.4.1/snappy-java-1.0.4.1.jar:/home/user/.m2/repository/com/google/protobuf/protobuf-java/2.5.0/protobuf-java-2.5.0.jar:/home/user/.m2/repository/com/google/code/gson/gson/2.2.4/gson-2.2.4.jar:/home/user/.m2/repository/org/apache/hadoop/hadoop-auth/2.6.0/hadoop-auth-2.6.0.jar:/home/user/.m2/repository/org/apache/directory/server/apacheds-kerberos-codec/2.0.0-M15/apacheds-kerberos-codec-2.0.0-M15.jar:/home/user/.m2/repository/org/apache/directory/server/apacheds-i18n/2.0.0-M15/apacheds-i18n-2.0.0-M15.jar:/home/user/.m2/repository/org/apache/directory/api/api-asn1-api/1.0.0-M20/api-asn1-api-1.0.0-M20.jar:/home/user/.m2/repository/org/apache/directory/api/api-util/1.0.0-M20/api-util-1.0.0-M20.jar:/home/user/.m2/repository/org/apache/curator/curator-framework/2.6.0/curator-framework-2.6.0.jar:/home/user/.m2/repository/com/jcraft/jsch/0.1.42/jsch-0.1.42.jar:/home/user/.m2/repository/org/apache/curator/curator-client/2.6.0/curator-client-2.6.0.jar:/home/user/.m2/repository/org/apache/curator/curator-recipes/2.6.0/curator-recipes-2.6.0.jar:/home/user/.m2/repository/com/google/code/findbugs/jsr305/1.3.9/jsr305-1.3.9.jar:/home/user/.m2/repository/org/htrace/htrace-core/3.0.4/htrace-core-3.0.4.jar:/home/user/.m2/repository/org/apache/zookeeper/zookeeper/3.4.6/zookeeper-3.4.6.jar:/home/user/.m2/repository/io/netty/netty/3.7.0.Final/netty-3.7.0.Final.jar:/home/user/.m2/repository/org/apache/commons/commons-compress/1.4.1/commons-compress-1.4.1.jar:/home/user/.m2/repository/org/tukaani/xz/1.0/xz-1.0.jar:/home/user/.m2/repository/io/dropwizard/metrics/metrics-jvm/3.2.5/metrics-jvm-3.2.5.jar:/home/user/.m2/repository/io/dropwizard/metrics/metrics-ganglia/3.2.5/metrics-ganglia-3.2.5.jar:/home/user/.m2/repository/info/ganglia/gmetric4j/gmetric4j/1.0.7/gmetric4j-1.0.7.jar:/workdir/ratis-server/target/test-classes:/workdir/ratis-netty/target/classes:/workdir/ratis-netty/target/test-classes:/workdir/ratis-grpc/target/classes:/workdir/ratis-grpc/target/test-classes:/home/user/.m2/repository/org/slf4j/slf4j-api/1.7.10/slf4j-api-1.7.10.jar:/home/user/.m2/repository/junit/junit/4.12/junit-4.12.jar:/home/user/.m2/repository/org/hamcrest/hamcrest-core/1.3/hamcrest-core-1.3.jar:/home/user/.m2/repository/org/mockito/mockito-all/1.8.5/mockito-all-1.8.5.jar:"/>
    <property name="sun.cpu.endian" value="little"/>
    <property name="user.home" value="/home/user"/>
    <property name="user.language" value="en"/>
    <property name="java.specification.vendor" value="Oracle Corporation"/>
    <property name="java.home" value="/usr/lib/jvm/java-1.8-openjdk/jre"/>
    <property name="basedir" value="/workdir/ratis-test"/>
    <property name="file.separator" value="/"/>
    <property name="line.separator" value="&#10;"/>
    <property name="java.vm.specification.vendor" value="Oracle Corporation"/>
    <property name="java.specification.name" value="Java Platform API Specification"/>
    <property name="java.awt.graphicsenv" value="sun.awt.X11GraphicsEnvironment"/>
    <property name="surefire.real.class.path" value="/workdir/ratis-test/target/surefire/surefirebooter9118341361166869231.jar"/>
    <property name="sun.boot.class.path" value="/usr/lib/jvm/java-1.8-openjdk/jre/lib/resources.jar:/usr/lib/jvm/java-1.8-openjdk/jre/lib/rt.jar:/usr/lib/jvm/java-1.8-openjdk/jre/lib/sunrsasign.jar:/usr/lib/jvm/java-1.8-openjdk/jre/lib/jsse.jar:/usr/lib/jvm/java-1.8-openjdk/jre/lib/jce.jar:/usr/lib/jvm/java-1.8-openjdk/jre/lib/charsets.jar:/usr/lib/jvm/java-1.8-openjdk/jre/lib/jfr.jar:/usr/lib/jvm/java-1.8-openjdk/jre/classes"/>
    <property name="sun.management.compiler" value="HotSpot 64-Bit Tiered Compilers"/>
    <property name="java.runtime.version" value="1.8.0_212-b04"/>
    <property name="java.net.preferIPv4Stack" value="true"/>
    <property name="user.name" value="jenkins1000"/>
    <property name="path.separator" value=":"/>
    <property name="os.version" value="3.10.0-957.12.2.el7.x86_64"/>
    <property name="java.endorsed.dirs" value="/usr/lib/jvm/java-1.8-openjdk/jre/lib/endorsed"/>
    <property name="java.runtime.name" value="OpenJDK Runtime Environment"/>
    <property name="file.encoding" value="UTF-8"/>
    <property name="java.vm.name" value="OpenJDK 64-Bit Server VM"/>
    <property name="localRepository" value="/home/user/.m2/repository"/>
    <property name="java.vendor.url.bug" value="https://icedtea.classpath.org/bugzilla"/>
    <property name="java.io.tmpdir" value="/tmp"/>
    <property name="java.version" value="1.8.0_212"/>
    <property name="user.dir" value="/workdir/ratis-test"/>
    <property name="os.arch" value="amd64"/>
    <property name="ratis.tmp.dir" value="/workdir/ratis-test/target/tmp"/>
    <property name="java.vm.specification.name" value="Java Virtual Machine Specification"/>
    <property name="java.awt.printerjob" value="sun.print.PSPrinterJob"/>
    <property name="ratis.log.dir" value="/workdir/ratis-test/target/log"/>
    <property name="sun.os.patch.level" value="unknown"/>
    <property name="java.library.path" value="/usr/lib/jvm/java-1.8-openjdk/jre/lib/amd64/server:/usr/lib/jvm/java-1.8-openjdk/jre/lib/amd64:/usr/lib/jvm/java-1.8-openjdk/jre/../lib/amd64:/usr/java/packages/lib/amd64:/usr/lib64:/lib64:/lib:/usr/lib"/>
    <property name="java.vm.info" value="mixed mode"/>
    <property name="java.vendor" value="IcedTea"/>
    <property name="java.vm.version" value="25.212-b04"/>
    <property name="java.ext.dirs" value="/usr/lib/jvm/java-1.8-openjdk/jre/lib/ext:/usr/java/packages/lib/ext"/>
    <property name="sun.io.unicode.encoding" value="UnicodeLittle"/>
    <property name="java.class.version" value="52.0"/>
  </properties>
  <testcase name="testNoChangeRequest" classname="org.apache.ratis.grpc.TestRaftReconfigurationWithGrpc" time="2.72"/>
  <testcase name="testRemovePeers" classname="org.apache.ratis.grpc.TestRaftReconfigurationWithGrpc" time="1.812"/>
  <testcase name="testAddRemovePeers" classname="org.apache.ratis.grpc.TestRaftReconfigurationWithGrpc" time="2.471"/>
  <testcase name="testRevertConfigurationChange" classname="org.apache.ratis.grpc.TestRaftReconfigurationWithGrpc" time="3.145"/>
  <testcase name="testBootstrapReconf" classname="org.apache.ratis.grpc.TestRaftReconfigurationWithGrpc" time="5.894">
    <error type="java.lang.NullPointerException">java.lang.NullPointerException
</error>
    <system-out><![CDATA[2019-09-26 13:59:57,088 INFO  util.LogUtils (LogUtils.java:setLogLevel(41)) - Set org.apache.ratis.conf.ConfUtils log level to WARN
2019-09-26 13:59:57,088 INFO  util.LogUtils (LogUtils.java:setLogLevel(41)) - Set org.apache.ratis.util.FileUtils log level to TRACE
2019-09-26 13:59:57,090 INFO  ratis.MiniRaftCluster (MiniRaftCluster.java:runWithNewCluster(119)) - Running runWithNewCluster
2019-09-26 13:59:57,091 INFO  ratis.MiniRaftCluster (MiniRaftCluster.java:<init>(253)) - new MiniRaftClusterWithGrpc with group-6FC126F4D414:[s0:0.0.0.0:38702, s1:0.0.0.0:42926, s2:0.0.0.0:35997]
2019-09-26 13:59:57,091 INFO  ratis.MiniRaftCluster (MiniRaftCluster.java:start(287)) - .............................................................. 
2019-09-26 13:59:57,091 INFO  ratis.MiniRaftCluster (MiniRaftCluster.java:start(288)) - ... 
2019-09-26 13:59:57,091 INFO  ratis.MiniRaftCluster (MiniRaftCluster.java:start(289)) - ...     Starting MiniRaftClusterWithGrpc
2019-09-26 13:59:57,092 INFO  ratis.MiniRaftCluster (MiniRaftCluster.java:start(290)) - ... 
2019-09-26 13:59:57,092 INFO  ratis.MiniRaftCluster (MiniRaftCluster.java:start(291)) - .............................................................. 
2019-09-26 13:59:57,092 INFO  ratis.MiniRaftCluster (MiniRaftCluster.java:initServers(265)) - servers = {}
2019-09-26 13:59:57,092 INFO  ratis.MiniRaftCluster (MiniRaftCluster.java:newRaftServer(330)) - newRaftServer: s0, group-6FC126F4D414:[s0:0.0.0.0:38702, s1:0.0.0.0:42926, s2:0.0.0.0:35997], format? true
2019-09-26 13:59:57,092 TRACE util.FileUtils (FileUtils.java:deleteFully(88)) - deleteFully target/test/data/700eb1ac/MiniRaftClusterWithGrpc3eb27c68/s0
2019-09-26 13:59:57,093 TRACE util.FileUtils (FileUtils.java:deleteFully(104)) - deleteFully: target/test/data/700eb1ac/MiniRaftClusterWithGrpc3eb27c68/s0 does not exist.
2019-09-26 13:59:57,093 INFO  ratis.MiniRaftCluster (MiniRaftCluster.java:newRaftServer(335)) - Formatted directory target/test/data/700eb1ac/MiniRaftClusterWithGrpc3eb27c68/s0
2019-09-26 13:59:57,093 INFO  impl.RaftServerProxy (ConfUtils.java:logGet(43)) - raft.rpc.type = GRPC (default)
2019-09-26 13:59:57,094 INFO  grpc.GrpcFactory (GrpcFactory.java:checkPooledByteBufAllocatorUseCacheForAllThreads(45)) - PERFORMANCE WARNING: useCacheForAllThreads is true that may cause Netty to create a lot garbage objects and, as a result, trigger GC.
	It is recommended to disable useCacheForAllThreads by setting -Dorg.apache.ratis.thirdparty.io.netty.allocator.useCacheForAllThreads=false in command line.
2019-09-26 13:59:57,094 INFO  grpc.GrpcConfigKeys$Server (ConfUtils.java:logGet(43)) - raft.grpc.server.port = 38702 (custom)
2019-09-26 13:59:57,094 INFO  server.GrpcService (ConfUtils.java:logGet(43)) - raft.grpc.message.size.max = 64MB (=67108864) (default)
2019-09-26 13:59:57,094 INFO  server.RaftServerConfigKeys (ConfUtils.java:logGet(43)) - raft.server.log.appender.buffer.byte-limit = 4MB (=4194304) (default)
2019-09-26 13:59:57,094 INFO  server.GrpcService (ConfUtils.java:logGet(43)) - raft.grpc.flow.control.window = 1MB (=1048576) (default)
2019-09-26 13:59:57,095 INFO  server.RaftServerConfigKeys (ConfUtils.java:logGet(43)) - raft.server.rpc.request.timeout = 3000ms (default)
2019-09-26 13:59:57,095 INFO  server.RaftServerConfigKeys (ConfUtils.java:logGet(43)) - raft.server.storage.dir = [/workdir/ratis-test/target/test/data/700eb1ac/MiniRaftClusterWithGrpc3eb27c68/s0] (custom)
2019-09-26 13:59:57,096 INFO  impl.RaftServerProxy (RaftServerProxy.java:addNew(89)) - s0: addNew group-6FC126F4D414:[s0:0.0.0.0:38702, s1:0.0.0.0:42926, s2:0.0.0.0:35997] returns group-6FC126F4D414:java.util.concurrent.CompletableFuture@7377f1e9[Not completed]
2019-09-26 13:59:57,097 INFO  ratis.MiniRaftCluster (MiniRaftCluster.java:newRaftServer(330)) - newRaftServer: s1, group-6FC126F4D414:[s0:0.0.0.0:38702, s1:0.0.0.0:42926, s2:0.0.0.0:35997], format? true
2019-09-26 13:59:57,097 INFO  impl.RaftServerImpl (RaftServerImpl.java:<init>(95)) - s0: new RaftServerImpl for group-6FC126F4D414:[s0:0.0.0.0:38702, s1:0.0.0.0:42926, s2:0.0.0.0:35997] with BaseStateMachine:uninitialized
2019-09-26 13:59:57,097 TRACE util.FileUtils (FileUtils.java:deleteFully(88)) - deleteFully target/test/data/700eb1ac/MiniRaftClusterWithGrpc3eb27c68/s1
2019-09-26 13:59:57,098 INFO  server.RaftServerConfigKeys (ConfUtils.java:logGet(43)) - raft.server.rpc.timeout.min = 150ms (default)
2019-09-26 13:59:57,098 TRACE util.FileUtils (FileUtils.java:deleteFully(104)) - deleteFully: target/test/data/700eb1ac/MiniRaftClusterWithGrpc3eb27c68/s1 does not exist.
2019-09-26 13:59:57,098 INFO  ratis.MiniRaftCluster (MiniRaftCluster.java:newRaftServer(335)) - Formatted directory target/test/data/700eb1ac/MiniRaftClusterWithGrpc3eb27c68/s1
2019-09-26 13:59:57,098 INFO  server.RaftServerConfigKeys (ConfUtils.java:logGet(43)) - raft.server.rpc.timeout.max = 300ms (default)
2019-09-26 13:59:57,098 INFO  server.RaftServerConfigKeys (ConfUtils.java:logGet(43)) - raft.server.rpcslowness.timeout = 60s (default)
2019-09-26 13:59:57,098 INFO  impl.RaftServerProxy (ConfUtils.java:logGet(43)) - raft.rpc.type = GRPC (default)
2019-09-26 13:59:57,098 INFO  server.RaftServerConfigKeys (ConfUtils.java:logGet(43)) - raft.server.sleep.deviation.threshold = 300 (default)
2019-09-26 13:59:57,099 INFO  grpc.GrpcFactory (GrpcFactory.java:checkPooledByteBufAllocatorUseCacheForAllThreads(45)) - PERFORMANCE WARNING: useCacheForAllThreads is true that may cause Netty to create a lot garbage objects and, as a result, trigger GC.
	It is recommended to disable useCacheForAllThreads by setting -Dorg.apache.ratis.thirdparty.io.netty.allocator.useCacheForAllThreads=false in command line.
2019-09-26 13:59:57,099 INFO  server.RaftServerConfigKeys (ConfUtils.java:logGet(43)) - raft.server.log.appender.install.snapshot.enabled = true (default)
2019-09-26 13:59:57,099 INFO  grpc.GrpcConfigKeys$Server (ConfUtils.java:logGet(43)) - raft.grpc.server.port = 42926 (custom)
2019-09-26 13:59:57,099 INFO  impl.RaftServerImpl (ServerState.java:<init>(103)) - s0@group-6FC126F4D414: ConfigurationManager, init=-1: [s0:0.0.0.0:38702, s1:0.0.0.0:42926, s2:0.0.0.0:35997], old=null, confs=<EMPTY_MAP>
2019-09-26 13:59:57,099 INFO  server.GrpcService (ConfUtils.java:logGet(43)) - raft.grpc.message.size.max = 64MB (=67108864) (default)
2019-09-26 13:59:57,100 INFO  server.RaftServerConfigKeys (ConfUtils.java:logGet(43)) - raft.server.storage.dir = [/workdir/ratis-test/target/test/data/700eb1ac/MiniRaftClusterWithGrpc3eb27c68/s0] (custom)
2019-09-26 13:59:57,100 INFO  server.RaftServerConfigKeys (ConfUtils.java:logGet(43)) - raft.server.log.appender.buffer.byte-limit = 4MB (=4194304) (default)
2019-09-26 13:59:57,100 INFO  server.GrpcService (ConfUtils.java:logGet(43)) - raft.grpc.flow.control.window = 1MB (=1048576) (default)
2019-09-26 13:59:57,100 INFO  server.RaftServerConfigKeys (ConfUtils.java:logGet(43)) - raft.server.log.corruption.policy = EXCEPTION (default)
2019-09-26 13:59:57,100 INFO  server.RaftServerConfigKeys (ConfUtils.java:logGet(43)) - raft.server.rpc.request.timeout = 3000ms (default)
2019-09-26 13:59:57,101 INFO  storage.RaftStorageDirectory (RaftStorageDirectory.java:analyzeStorage(246)) - The storage directory /workdir/ratis-test/target/test/data/700eb1ac/MiniRaftClusterWithGrpc3eb27c68/s0/43873872-efba-44b7-a775-6fc126f4d414 does not exist. Creating ...
2019-09-26 13:59:57,101 INFO  server.RaftServerConfigKeys (ConfUtils.java:logGet(43)) - raft.server.storage.dir = [/workdir/ratis-test/target/test/data/700eb1ac/MiniRaftClusterWithGrpc3eb27c68/s1] (custom)
2019-09-26 13:59:57,101 INFO  impl.RaftServerProxy (RaftServerProxy.java:addNew(89)) - s1: addNew group-6FC126F4D414:[s0:0.0.0.0:38702, s1:0.0.0.0:42926, s2:0.0.0.0:35997] returns group-6FC126F4D414:java.util.concurrent.CompletableFuture@75e28d3a[Not completed]
2019-09-26 13:59:57,101 INFO  ratis.MiniRaftCluster (MiniRaftCluster.java:newRaftServer(330)) - newRaftServer: s2, group-6FC126F4D414:[s0:0.0.0.0:38702, s1:0.0.0.0:42926, s2:0.0.0.0:35997], format? true
2019-09-26 13:59:57,101 INFO  impl.RaftServerImpl (RaftServerImpl.java:<init>(95)) - s1: new RaftServerImpl for group-6FC126F4D414:[s0:0.0.0.0:38702, s1:0.0.0.0:42926, s2:0.0.0.0:35997] with BaseStateMachine:uninitialized
2019-09-26 13:59:57,102 TRACE util.FileUtils (FileUtils.java:deleteFully(88)) - deleteFully target/test/data/700eb1ac/MiniRaftClusterWithGrpc3eb27c68/s2
2019-09-26 13:59:57,102 INFO  server.RaftServerConfigKeys (ConfUtils.java:logGet(43)) - raft.server.rpc.timeout.min = 150ms (default)
2019-09-26 13:59:57,102 TRACE util.FileUtils (LogUtils.java:runAndLog(61)) - Successfully ran Files.createDirectories /workdir/ratis-test/target/test/data/700eb1ac/MiniRaftClusterWithGrpc3eb27c68/s0/43873872-efba-44b7-a775-6fc126f4d414
2019-09-26 13:59:57,103 INFO  server.RaftServerConfigKeys (ConfUtils.java:logGet(43)) - raft.server.rpc.timeout.max = 300ms (default)
2019-09-26 13:59:57,102 TRACE util.FileUtils (FileUtils.java:deleteFully(104)) - deleteFully: target/test/data/700eb1ac/MiniRaftClusterWithGrpc3eb27c68/s2 does not exist.
2019-09-26 13:59:57,103 INFO  server.RaftServerConfigKeys (ConfUtils.java:logGet(43)) - raft.server.rpcslowness.timeout = 60s (default)
2019-09-26 13:59:57,103 INFO  ratis.MiniRaftCluster (MiniRaftCluster.java:newRaftServer(335)) - Formatted directory target/test/data/700eb1ac/MiniRaftClusterWithGrpc3eb27c68/s2
2019-09-26 13:59:57,103 INFO  server.RaftServerConfigKeys (ConfUtils.java:logGet(43)) - raft.server.sleep.deviation.threshold = 300 (default)
2019-09-26 13:59:57,103 INFO  impl.RaftServerProxy (ConfUtils.java:logGet(43)) - raft.rpc.type = GRPC (default)
2019-09-26 13:59:57,103 INFO  server.RaftServerConfigKeys (ConfUtils.java:logGet(43)) - raft.server.log.appender.install.snapshot.enabled = true (default)
2019-09-26 13:59:57,104 INFO  grpc.GrpcFactory (GrpcFactory.java:checkPooledByteBufAllocatorUseCacheForAllThreads(45)) - PERFORMANCE WARNING: useCacheForAllThreads is true that may cause Netty to create a lot garbage objects and, as a result, trigger GC.
	It is recommended to disable useCacheForAllThreads by setting -Dorg.apache.ratis.thirdparty.io.netty.allocator.useCacheForAllThreads=false in command line.
2019-09-26 13:59:57,104 INFO  impl.RaftServerImpl (ServerState.java:<init>(103)) - s1@group-6FC126F4D414: ConfigurationManager, init=-1: [s0:0.0.0.0:38702, s1:0.0.0.0:42926, s2:0.0.0.0:35997], old=null, confs=<EMPTY_MAP>
2019-09-26 13:59:57,104 INFO  grpc.GrpcConfigKeys$Server (ConfUtils.java:logGet(43)) - raft.grpc.server.port = 35997 (custom)
2019-09-26 13:59:57,104 INFO  server.RaftServerConfigKeys (ConfUtils.java:logGet(43)) - raft.server.storage.dir = [/workdir/ratis-test/target/test/data/700eb1ac/MiniRaftClusterWithGrpc3eb27c68/s1] (custom)
2019-09-26 13:59:57,104 INFO  server.GrpcService (ConfUtils.java:logGet(43)) - raft.grpc.message.size.max = 64MB (=67108864) (default)
2019-09-26 13:59:57,104 INFO  server.RaftServerConfigKeys (ConfUtils.java:logGet(43)) - raft.server.log.appender.buffer.byte-limit = 4MB (=4194304) (default)
2019-09-26 13:59:57,104 INFO  server.RaftServerConfigKeys (ConfUtils.java:logGet(43)) - raft.server.log.corruption.policy = EXCEPTION (default)
2019-09-26 13:59:57,105 INFO  server.GrpcService (ConfUtils.java:logGet(43)) - raft.grpc.flow.control.window = 1MB (=1048576) (default)
2019-09-26 13:59:57,105 INFO  storage.RaftStorageDirectory (RaftStorageDirectory.java:analyzeStorage(246)) - The storage directory /workdir/ratis-test/target/test/data/700eb1ac/MiniRaftClusterWithGrpc3eb27c68/s1/43873872-efba-44b7-a775-6fc126f4d414 does not exist. Creating ...
2019-09-26 13:59:57,105 INFO  server.RaftServerConfigKeys (ConfUtils.java:logGet(43)) - raft.server.rpc.request.timeout = 3000ms (default)
2019-09-26 13:59:57,105 INFO  server.RaftServerConfigKeys (ConfUtils.java:logGet(43)) - raft.server.storage.dir = [/workdir/ratis-test/target/test/data/700eb1ac/MiniRaftClusterWithGrpc3eb27c68/s2] (custom)
2019-09-26 13:59:57,105 TRACE util.FileUtils (LogUtils.java:runAndLog(61)) - Successfully ran Files.createDirectories /workdir/ratis-test/target/test/data/700eb1ac/MiniRaftClusterWithGrpc3eb27c68/s1/43873872-efba-44b7-a775-6fc126f4d414
2019-09-26 13:59:57,106 INFO  impl.RaftServerProxy (RaftServerProxy.java:addNew(89)) - s2: addNew group-6FC126F4D414:[s0:0.0.0.0:38702, s1:0.0.0.0:42926, s2:0.0.0.0:35997] returns group-6FC126F4D414:java.util.concurrent.CompletableFuture@10c6d016[Not completed]
2019-09-26 13:59:57,106 INFO  impl.RaftServerImpl (RaftServerImpl.java:<init>(95)) - s2: new RaftServerImpl for group-6FC126F4D414:[s0:0.0.0.0:38702, s1:0.0.0.0:42926, s2:0.0.0.0:35997] with BaseStateMachine:uninitialized
2019-09-26 13:59:57,107 INFO  server.RaftServerConfigKeys (ConfUtils.java:logGet(43)) - raft.server.rpc.timeout.min = 150ms (default)
2019-09-26 13:59:57,107 INFO  server.RaftServerConfigKeys (ConfUtils.java:logGet(43)) - raft.server.rpc.timeout.max = 300ms (default)
2019-09-26 13:59:57,107 INFO  server.RaftServerConfigKeys (ConfUtils.java:logGet(43)) - raft.server.rpcslowness.timeout = 60s (default)
2019-09-26 13:59:57,107 INFO  server.RaftServerConfigKeys (ConfUtils.java:logGet(43)) - raft.server.sleep.deviation.threshold = 300 (default)
2019-09-26 13:59:57,107 INFO  server.RaftServerConfigKeys (ConfUtils.java:logGet(43)) - raft.server.log.appender.install.snapshot.enabled = true (default)
2019-09-26 13:59:57,107 INFO  impl.RaftServerImpl (ServerState.java:<init>(103)) - s2@group-6FC126F4D414: ConfigurationManager, init=-1: [s0:0.0.0.0:38702, s1:0.0.0.0:42926, s2:0.0.0.0:35997], old=null, confs=<EMPTY_MAP>
2019-09-26 13:59:57,108 INFO  server.RaftServerConfigKeys (ConfUtils.java:logGet(43)) - raft.server.storage.dir = [/workdir/ratis-test/target/test/data/700eb1ac/MiniRaftClusterWithGrpc3eb27c68/s2] (custom)
2019-09-26 13:59:57,108 INFO  server.RaftServerConfigKeys (ConfUtils.java:logGet(43)) - raft.server.log.corruption.policy = EXCEPTION (default)
2019-09-26 13:59:57,108 INFO  storage.RaftStorageDirectory (RaftStorageDirectory.java:analyzeStorage(246)) - The storage directory /workdir/ratis-test/target/test/data/700eb1ac/MiniRaftClusterWithGrpc3eb27c68/s2/43873872-efba-44b7-a775-6fc126f4d414 does not exist. Creating ...
2019-09-26 13:59:57,109 TRACE util.FileUtils (LogUtils.java:runAndLog(61)) - Successfully ran Files.createDirectories /workdir/ratis-test/target/test/data/700eb1ac/MiniRaftClusterWithGrpc3eb27c68/s2/43873872-efba-44b7-a775-6fc126f4d414
2019-09-26 13:59:57,125 INFO  storage.RaftStorageDirectory (RaftStorageDirectory.java:tryLock(328)) - Lock on /workdir/ratis-test/target/test/data/700eb1ac/MiniRaftClusterWithGrpc3eb27c68/s1/43873872-efba-44b7-a775-6fc126f4d414/in_use.lock acquired by nodename 26961@ratis-test-vpfcj-1787858657
2019-09-26 13:59:57,125 INFO  storage.RaftStorageDirectory (RaftStorageDirectory.java:tryLock(328)) - Lock on /workdir/ratis-test/target/test/data/700eb1ac/MiniRaftClusterWithGrpc3eb27c68/s2/43873872-efba-44b7-a775-6fc126f4d414/in_use.lock acquired by nodename 26961@ratis-test-vpfcj-1787858657
2019-09-26 13:59:57,125 INFO  storage.RaftStorageDirectory (RaftStorageDirectory.java:tryLock(328)) - Lock on /workdir/ratis-test/target/test/data/700eb1ac/MiniRaftClusterWithGrpc3eb27c68/s0/43873872-efba-44b7-a775-6fc126f4d414/in_use.lock acquired by nodename 26961@ratis-test-vpfcj-1787858657
2019-09-26 13:59:57,126 TRACE util.FileUtils (LogUtils.java:runAndLog(61)) - Successfully ran Files.createDirectories /workdir/ratis-test/target/test/data/700eb1ac/MiniRaftClusterWithGrpc3eb27c68/s1/43873872-efba-44b7-a775-6fc126f4d414/current
2019-09-26 13:59:57,126 TRACE util.FileUtils (LogUtils.java:runAndLog(61)) - Successfully ran Files.createDirectories /workdir/ratis-test/target/test/data/700eb1ac/MiniRaftClusterWithGrpc3eb27c68/s0/43873872-efba-44b7-a775-6fc126f4d414/current
2019-09-26 13:59:57,126 TRACE util.FileUtils (LogUtils.java:runAndLog(61)) - Successfully ran Files.createDirectories /workdir/ratis-test/target/test/data/700eb1ac/MiniRaftClusterWithGrpc3eb27c68/s1/43873872-efba-44b7-a775-6fc126f4d414/sm
2019-09-26 13:59:57,126 TRACE util.FileUtils (LogUtils.java:runAndLog(61)) - Successfully ran Files.createDirectories /workdir/ratis-test/target/test/data/700eb1ac/MiniRaftClusterWithGrpc3eb27c68/s0/43873872-efba-44b7-a775-6fc126f4d414/sm
2019-09-26 13:59:57,126 TRACE util.FileUtils (LogUtils.java:runAndLog(61)) - Successfully ran Files.createDirectories /workdir/ratis-test/target/test/data/700eb1ac/MiniRaftClusterWithGrpc3eb27c68/s2/43873872-efba-44b7-a775-6fc126f4d414/current
2019-09-26 13:59:57,127 TRACE util.FileUtils (LogUtils.java:runAndLog(61)) - Successfully ran Files.createDirectories /workdir/ratis-test/target/test/data/700eb1ac/MiniRaftClusterWithGrpc3eb27c68/s2/43873872-efba-44b7-a775-6fc126f4d414/sm
2019-09-26 13:59:57,135 INFO  storage.RaftStorage (RaftStorage.java:format(84)) - Storage directory /workdir/ratis-test/target/test/data/700eb1ac/MiniRaftClusterWithGrpc3eb27c68/s1/43873872-efba-44b7-a775-6fc126f4d414 has been successfully formatted.
2019-09-26 13:59:57,135 INFO  storage.RaftStorage (RaftStorage.java:format(84)) - Storage directory /workdir/ratis-test/target/test/data/700eb1ac/MiniRaftClusterWithGrpc3eb27c68/s0/43873872-efba-44b7-a775-6fc126f4d414 has been successfully formatted.
2019-09-26 13:59:57,135 INFO  storage.RaftStorage (RaftStorage.java:format(84)) - Storage directory /workdir/ratis-test/target/test/data/700eb1ac/MiniRaftClusterWithGrpc3eb27c68/s2/43873872-efba-44b7-a775-6fc126f4d414 has been successfully formatted.
2019-09-26 13:59:57,135 INFO  server.RaftServerConfigKeys (ConfUtils.java:logGet(43)) - raft.server.notification.no-leader.timeout = 60s (default)
2019-09-26 13:59:57,135 INFO  server.RaftServerConfigKeys (ConfUtils.java:logGet(43)) - raft.server.notification.no-leader.timeout = 60s (default)
2019-09-26 13:59:57,135 INFO  server.RaftServerConfigKeys (ConfUtils.java:logGet(43)) - raft.server.log.use.memory = false (default)
2019-09-26 13:59:57,135 INFO  server.RaftServerConfigKeys (ConfUtils.java:logGet(43)) - raft.server.notification.no-leader.timeout = 60s (default)
2019-09-26 13:59:57,136 INFO  server.RaftServerConfigKeys (ConfUtils.java:logGet(43)) - raft.server.log.purge.gap = 1024 (default)
2019-09-26 13:59:57,135 INFO  server.RaftServerConfigKeys (ConfUtils.java:logGet(43)) - raft.server.log.use.memory = false (default)
2019-09-26 13:59:57,136 INFO  server.RaftServerConfigKeys (ConfUtils.java:logGet(43)) - raft.server.log.appender.buffer.byte-limit = 4MB (=4194304) (default)
2019-09-26 13:59:57,136 INFO  server.RaftServerConfigKeys (ConfUtils.java:logGet(43)) - raft.server.log.use.memory = false (default)
2019-09-26 13:59:57,136 INFO  server.RaftServerConfigKeys (ConfUtils.java:logGet(43)) - raft.server.log.segment.size.max = 8MB (=8388608) (default)
2019-09-26 13:59:57,136 INFO  server.RaftServerConfigKeys (ConfUtils.java:logGet(43)) - raft.server.log.purge.gap = 1024 (default)
2019-09-26 13:59:57,137 INFO  server.RaftServerConfigKeys (ConfUtils.java:logGet(43)) - raft.server.log.segment.cache.num.max = 6 (default)
2019-09-26 13:59:57,137 INFO  server.RaftServerConfigKeys (ConfUtils.java:logGet(43)) - raft.server.log.purge.gap = 1024 (default)
2019-09-26 13:59:57,137 INFO  segmented.SegmentedRaftLogWorker (SegmentedRaftLogWorker.java:<init>(172)) - new s0@group-6FC126F4D414-SegmentedRaftLogWorker for RaftStorage:Storage Directory /workdir/ratis-test/target/test/data/700eb1ac/MiniRaftClusterWithGrpc3eb27c68/s0/43873872-efba-44b7-a775-6fc126f4d414
2019-09-26 13:59:57,137 INFO  server.RaftServerConfigKeys (ConfUtils.java:logGet(43)) - raft.server.log.appender.buffer.byte-limit = 4MB (=4194304) (default)
2019-09-26 13:59:57,137 INFO  server.RaftServerConfigKeys (ConfUtils.java:logGet(43)) - raft.server.log.queue.byte-limit = 64MB (=67108864) (default)
2019-09-26 13:59:57,137 INFO  server.RaftServerConfigKeys (ConfUtils.java:logGet(43)) - raft.server.log.appender.buffer.byte-limit = 4MB (=4194304) (default)
2019-09-26 13:59:57,138 INFO  server.RaftServerConfigKeys (ConfUtils.java:logGet(43)) - raft.server.log.queue.element-limit = 4096 (default)
2019-09-26 13:59:57,137 INFO  server.RaftServerConfigKeys (ConfUtils.java:logGet(43)) - raft.server.log.segment.size.max = 8MB (=8388608) (default)
2019-09-26 13:59:57,138 INFO  server.RaftServerConfigKeys (ConfUtils.java:logGet(43)) - raft.server.log.segment.size.max = 8MB (=8388608) (default)
2019-09-26 13:59:57,138 INFO  server.RaftServerConfigKeys (ConfUtils.java:logGet(43)) - raft.server.log.segment.size.max = 8MB (=8388608) (default)
2019-09-26 13:59:57,138 INFO  server.RaftServerConfigKeys (ConfUtils.java:logGet(43)) - raft.server.log.preallocated.size = 4MB (=4194304) (default)
2019-09-26 13:59:57,138 INFO  server.RaftServerConfigKeys (ConfUtils.java:logGet(43)) - raft.server.log.write.buffer.size = 64KB (=65536) (default)
2019-09-26 13:59:57,138 INFO  server.RaftServerConfigKeys (ConfUtils.java:logGet(43)) - raft.server.log.segment.cache.num.max = 6 (default)
2019-09-26 13:59:57,139 INFO  server.RaftServerConfigKeys (ConfUtils.java:logGet(43)) - raft.server.log.force.sync.num = 128 (default)
2019-09-26 13:59:57,138 INFO  server.RaftServerConfigKeys (ConfUtils.java:logGet(43)) - raft.server.log.segment.cache.num.max = 6 (default)
2019-09-26 13:59:57,139 INFO  server.RaftServerConfigKeys (ConfUtils.java:logGet(43)) - raft.server.log.statemachine.data.sync = true (default)
2019-09-26 13:59:57,139 INFO  segmented.SegmentedRaftLogWorker (SegmentedRaftLogWorker.java:<init>(172)) - new s1@group-6FC126F4D414-SegmentedRaftLogWorker for RaftStorage:Storage Directory /workdir/ratis-test/target/test/data/700eb1ac/MiniRaftClusterWithGrpc3eb27c68/s1/43873872-efba-44b7-a775-6fc126f4d414
2019-09-26 13:59:57,139 INFO  server.RaftServerConfigKeys (ConfUtils.java:logGet(43)) - raft.server.log.statemachine.data.sync.timeout = 10s (default)
2019-09-26 13:59:57,139 INFO  segmented.SegmentedRaftLogWorker (SegmentedRaftLogWorker.java:<init>(172)) - new s2@group-6FC126F4D414-SegmentedRaftLogWorker for RaftStorage:Storage Directory /workdir/ratis-test/target/test/data/700eb1ac/MiniRaftClusterWithGrpc3eb27c68/s2/43873872-efba-44b7-a775-6fc126f4d414
2019-09-26 13:59:57,140 INFO  server.RaftServerConfigKeys (ConfUtils.java:logGet(43)) - raft.server.log.statemachine.data.sync.timeout.retry = -1 (default)
2019-09-26 13:59:57,140 INFO  server.RaftServerConfigKeys (ConfUtils.java:logGet(43)) - raft.server.log.queue.byte-limit = 64MB (=67108864) (default)
2019-09-26 13:59:57,140 INFO  server.RaftServerConfigKeys (ConfUtils.java:logGet(43)) - raft.server.log.statemachine.data.caching.enabled = false (default)
2019-09-26 13:59:57,140 INFO  server.RaftServerConfigKeys (ConfUtils.java:logGet(43)) - raft.server.log.queue.byte-limit = 64MB (=67108864) (default)
2019-09-26 13:59:57,140 INFO  server.RaftServerConfigKeys (ConfUtils.java:logGet(43)) - raft.server.log.queue.element-limit = 4096 (default)
2019-09-26 13:59:57,141 INFO  server.RaftServerConfigKeys (ConfUtils.java:logGet(43)) - raft.server.log.queue.element-limit = 4096 (default)
2019-09-26 13:59:57,141 INFO  segmented.SegmentedRaftLogWorker (SegmentedRaftLogWorker.java:lambda$new$0(132)) - s0@group-6FC126F4D414-SegmentedRaftLogWorker: flushIndex: setUnconditionally 0 -> -1
2019-09-26 13:59:57,141 INFO  server.RaftServerConfigKeys (ConfUtils.java:logGet(43)) - raft.server.log.segment.size.max = 8MB (=8388608) (default)
2019-09-26 13:59:57,141 INFO  server.RaftServerConfigKeys (ConfUtils.java:logGet(43)) - raft.server.log.segment.size.max = 8MB (=8388608) (default)
2019-09-26 13:59:57,141 INFO  server.RaftServerConfigKeys (ConfUtils.java:logGet(43)) - raft.server.snapshot.auto.trigger.enabled = false (default)
2019-09-26 13:59:57,141 INFO  server.RaftServerConfigKeys (ConfUtils.java:logGet(43)) - raft.server.log.preallocated.size = 4MB (=4194304) (default)
2019-09-26 13:59:57,142 INFO  server.RaftServerConfigKeys (ConfUtils.java:logGet(43)) - raft.server.snapshot.retention.file.num = -1 (default)
2019-09-26 13:59:57,141 INFO  server.RaftServerConfigKeys (ConfUtils.java:logGet(43)) - raft.server.log.preallocated.size = 4MB (=4194304) (default)
2019-09-26 13:59:57,142 INFO  server.RaftServerConfigKeys (ConfUtils.java:logGet(43)) - raft.server.retrycache.expirytime = 60s (default)
2019-09-26 13:59:57,142 INFO  server.RaftServerConfigKeys (ConfUtils.java:logGet(43)) - raft.server.log.write.buffer.size = 64KB (=65536) (default)
2019-09-26 13:59:57,142 INFO  server.RaftServerConfigKeys (ConfUtils.java:logGet(43)) - raft.server.log.write.buffer.size = 64KB (=65536) (default)
2019-09-26 13:59:57,142 INFO  server.RaftServerConfigKeys (ConfUtils.java:logGet(43)) - raft.server.log.force.sync.num = 128 (default)
2019-09-26 13:59:57,143 INFO  server.RaftServerConfigKeys (ConfUtils.java:logGet(43)) - raft.server.log.force.sync.num = 128 (default)
2019-09-26 13:59:57,143 INFO  server.RaftServerConfigKeys (ConfUtils.java:logGet(43)) - raft.server.log.statemachine.data.sync = true (default)
2019-09-26 13:59:57,143 INFO  server.RaftServerConfigKeys (ConfUtils.java:logGet(43)) - raft.server.log.statemachine.data.sync = true (default)
2019-09-26 13:59:57,143 INFO  server.RaftServerConfigKeys (ConfUtils.java:logGet(43)) - raft.server.log.statemachine.data.sync.timeout = 10s (default)
2019-09-26 13:59:57,143 INFO  server.RaftServerConfigKeys (ConfUtils.java:logGet(43)) - raft.server.log.statemachine.data.sync.timeout = 10s (default)
2019-09-26 13:59:57,144 INFO  server.RaftServerConfigKeys (ConfUtils.java:logGet(43)) - raft.server.log.statemachine.data.sync.timeout.retry = -1 (default)
2019-09-26 13:59:57,144 INFO  server.RaftServerConfigKeys (ConfUtils.java:logGet(43)) - raft.server.log.statemachine.data.sync.timeout.retry = -1 (default)
2019-09-26 13:59:57,144 INFO  server.RaftServerConfigKeys (ConfUtils.java:logGet(43)) - raft.server.log.statemachine.data.caching.enabled = false (default)
2019-09-26 13:59:57,144 INFO  server.RaftServerConfigKeys (ConfUtils.java:logGet(43)) - raft.server.log.statemachine.data.caching.enabled = false (default)
2019-09-26 13:59:57,145 INFO  segmented.SegmentedRaftLogWorker (SegmentedRaftLogWorker.java:lambda$new$0(132)) - s1@group-6FC126F4D414-SegmentedRaftLogWorker: flushIndex: setUnconditionally 0 -> -1
2019-09-26 13:59:57,145 INFO  segmented.SegmentedRaftLogWorker (SegmentedRaftLogWorker.java:lambda$new$0(132)) - s2@group-6FC126F4D414-SegmentedRaftLogWorker: flushIndex: setUnconditionally 0 -> -1
2019-09-26 13:59:57,145 INFO  server.RaftServerConfigKeys (ConfUtils.java:logGet(43)) - raft.server.snapshot.auto.trigger.enabled = false (default)
2019-09-26 13:59:57,145 INFO  server.RaftServerConfigKeys (ConfUtils.java:logGet(43)) - raft.server.snapshot.auto.trigger.enabled = false (default)
2019-09-26 13:59:57,145 INFO  server.RaftServerConfigKeys (ConfUtils.java:logGet(43)) - raft.server.snapshot.retention.file.num = -1 (default)
2019-09-26 13:59:57,145 INFO  server.RaftServerConfigKeys (ConfUtils.java:logGet(43)) - raft.server.snapshot.retention.file.num = -1 (default)
2019-09-26 13:59:57,146 INFO  server.RaftServerConfigKeys (ConfUtils.java:logGet(43)) - raft.server.retrycache.expirytime = 60s (default)
2019-09-26 13:59:57,146 INFO  server.RaftServerConfigKeys (ConfUtils.java:logGet(43)) - raft.server.retrycache.expirytime = 60s (default)
2019-09-26 13:59:57,147 INFO  impl.RaftServerImpl (RaftServerImpl.java:start(181)) - s0@group-6FC126F4D414: start as a follower, conf=-1: [s0:0.0.0.0:38702, s1:0.0.0.0:42926, s2:0.0.0.0:35997], old=null
2019-09-26 13:59:57,147 INFO  impl.RaftServerImpl (RaftServerImpl.java:setRole(170)) - s0@group-6FC126F4D414: changes role from      null to FOLLOWER at term 0 for startAsFollower
2019-09-26 13:59:57,148 INFO  impl.RoleInfo (RoleInfo.java:updateAndGet(143)) - s0: start FollowerState
2019-09-26 13:59:57,149 INFO  util.JmxRegister (JmxRegister.java:tryRegister(44)) - Successfully registered JMX Bean with object name Ratis:service=RaftServer,group=group-6FC126F4D414,id=s0
2019-09-26 13:59:57,155 INFO  impl.RaftServerProxy (RaftServerProxy.java:lambda$start$3(299)) - s0: start RPC server
2019-09-26 13:59:57,156 INFO  server.GrpcService (GrpcService.java:startImpl(158)) - s0: GrpcService started, listening on 0.0.0.0/0.0.0.0:38702
2019-09-26 13:59:57,157 INFO  impl.RaftServerImpl (RaftServerImpl.java:start(181)) - s1@group-6FC126F4D414: start as a follower, conf=-1: [s0:0.0.0.0:38702, s1:0.0.0.0:42926, s2:0.0.0.0:35997], old=null
2019-09-26 13:59:57,157 INFO  impl.RaftServerImpl (RaftServerImpl.java:setRole(170)) - s1@group-6FC126F4D414: changes role from      null to FOLLOWER at term 0 for startAsFollower
2019-09-26 13:59:57,157 INFO  impl.RoleInfo (RoleInfo.java:updateAndGet(143)) - s1: start FollowerState
2019-09-26 13:59:57,158 INFO  util.JmxRegister (JmxRegister.java:tryRegister(44)) - Successfully registered JMX Bean with object name Ratis:service=RaftServer,group=group-6FC126F4D414,id=s1
2019-09-26 13:59:57,161 INFO  impl.RaftServerProxy (RaftServerProxy.java:lambda$start$3(299)) - s1: start RPC server
2019-09-26 13:59:57,162 INFO  server.GrpcService (GrpcService.java:startImpl(158)) - s1: GrpcService started, listening on 0.0.0.0/0.0.0.0:42926
2019-09-26 13:59:57,163 INFO  impl.RaftServerImpl (RaftServerImpl.java:start(181)) - s2@group-6FC126F4D414: start as a follower, conf=-1: [s0:0.0.0.0:38702, s1:0.0.0.0:42926, s2:0.0.0.0:35997], old=null
2019-09-26 13:59:57,163 INFO  impl.RaftServerImpl (RaftServerImpl.java:setRole(170)) - s2@group-6FC126F4D414: changes role from      null to FOLLOWER at term 0 for startAsFollower
2019-09-26 13:59:57,163 INFO  impl.RoleInfo (RoleInfo.java:updateAndGet(143)) - s2: start FollowerState
2019-09-26 13:59:57,164 INFO  util.JmxRegister (JmxRegister.java:tryRegister(44)) - Successfully registered JMX Bean with object name Ratis:service=RaftServer,group=group-6FC126F4D414,id=s2
2019-09-26 13:59:57,167 INFO  impl.RaftServerProxy (RaftServerProxy.java:lambda$start$3(299)) - s2: start RPC server
2019-09-26 13:59:57,168 INFO  server.GrpcService (GrpcService.java:startImpl(158)) - s2: GrpcService started, listening on 0.0.0.0/0.0.0.0:35997
2019-09-26 13:59:57,169 INFO  server.RaftServerConfigKeys (ConfUtils.java:logGet(43)) - raft.server.rpc.timeout.max = 300ms (default)
2019-09-26 13:59:57,169 INFO  ratis.RaftTestUtil (RaftTestUtil.java:waitForLeader(86)) - printing ALL groups
  s0:  RUNNING  FOLLOWER s0@group-6FC126F4D414:t0, leader=null, voted=null, raftlog=s0@group-6FC126F4D414-SegmentedRaftLog:OPENED:c-1,f-1,i0, conf=-1: [s0:0.0.0.0:38702, s1:0.0.0.0:42926, s2:0.0.0.0:35997], old=null RUNNING
  s1:  RUNNING  FOLLOWER s1@group-6FC126F4D414:t0, leader=null, voted=null, raftlog=s1@group-6FC126F4D414-SegmentedRaftLog:OPENED:c-1,f-1,i0, conf=-1: [s0:0.0.0.0:38702, s1:0.0.0.0:42926, s2:0.0.0.0:35997], old=null RUNNING
  s2:  RUNNING  FOLLOWER s2@group-6FC126F4D414:t0, leader=null, voted=null, raftlog=s2@group-6FC126F4D414-SegmentedRaftLog:OPENED:c-1,f-1,i0, conf=-1: [s0:0.0.0.0:38702, s1:0.0.0.0:42926, s2:0.0.0.0:35997], old=null RUNNING
2019-09-26 13:59:57,170 WARN  ratis.RaftTestUtil (JavaUtils.java:attempt(158)) - FAILED "waitForLeader-null-(expectLeader? true)", attempt #1/100: java.lang.IllegalStateException: No leader yet : printing ALL groups
  s0:  RUNNING  FOLLOWER s0@group-6FC126F4D414:t0, leader=null, voted=null, raftlog=s0@group-6FC126F4D414-SegmentedRaftLog:OPENED:c-1,f-1,i0, conf=-1: [s0:0.0.0.0:38702, s1:0.0.0.0:42926, s2:0.0.0.0:35997], old=null RUNNING
  s1:  RUNNING  FOLLOWER s1@group-6FC126F4D414:t0, leader=null, voted=null, raftlog=s1@group-6FC126F4D414-SegmentedRaftLog:OPENED:c-1,f-1,i0, conf=-1: [s0:0.0.0.0:38702, s1:0.0.0.0:42926, s2:0.0.0.0:35997], old=null RUNNING
  s2:  RUNNING  FOLLOWER s2@group-6FC126F4D414:t0, leader=null, voted=null, raftlog=s2@group-6FC126F4D414-SegmentedRaftLog:OPENED:c-1,f-1,i0, conf=-1: [s0:0.0.0.0:38702, s1:0.0.0.0:42926, s2:0.0.0.0:35997], old=null RUNNING, sleep 450ms and then retry.
java.lang.IllegalStateException: No leader yet : printing ALL groups
  s0:  RUNNING  FOLLOWER s0@group-6FC126F4D414:t0, leader=null, voted=null, raftlog=s0@group-6FC126F4D414-SegmentedRaftLog:OPENED:c-1,f-1,i0, conf=-1: [s0:0.0.0.0:38702, s1:0.0.0.0:42926, s2:0.0.0.0:35997], old=null RUNNING
  s1:  RUNNING  FOLLOWER s1@group-6FC126F4D414:t0, leader=null, voted=null, raftlog=s1@group-6FC126F4D414-SegmentedRaftLog:OPENED:c-1,f-1,i0, conf=-1: [s0:0.0.0.0:38702, s1:0.0.0.0:42926, s2:0.0.0.0:35997], old=null RUNNING
  s2:  RUNNING  FOLLOWER s2@group-6FC126F4D414:t0, leader=null, voted=null, raftlog=s2@group-6FC126F4D414-SegmentedRaftLog:OPENED:c-1,f-1,i0, conf=-1: [s0:0.0.0.0:38702, s1:0.0.0.0:42926, s2:0.0.0.0:35997], old=null RUNNING
	at org.apache.ratis.MiniRaftCluster.newIllegalStateExceptionForNoLeaders(MiniRaftCluster.java:506)
	at org.apache.ratis.RaftTestUtil.lambda$waitForLeader$1(RaftTestUtil.java:90)
	at org.apache.ratis.MiniRaftCluster.getLeader(MiniRaftCluster.java:539)
	at org.apache.ratis.MiniRaftCluster.getLeader(MiniRaftCluster.java:532)
	at org.apache.ratis.RaftTestUtil.lambda$waitForLeader$3(RaftTestUtil.java:98)
	at org.apache.ratis.util.JavaUtils.attempt(JavaUtils.java:152)
	at org.apache.ratis.RaftTestUtil.waitForLeader(RaftTestUtil.java:97)
	at org.apache.ratis.RaftTestUtil.waitForLeader(RaftTestUtil.java:77)
	at org.apache.ratis.RaftTestUtil.waitForLeader(RaftTestUtil.java:72)
	at org.apache.ratis.server.impl.RaftReconfigurationBaseTest.runTestBootstrapReconf(RaftReconfigurationBaseTest.java:259)
	at org.apache.ratis.MiniRaftCluster$Factory$Get.runWithNewCluster(MiniRaftCluster.java:125)
	at org.apache.ratis.MiniRaftCluster$Factory$Get.runWithNewCluster(MiniRaftCluster.java:113)
	at org.apache.ratis.server.impl.RaftReconfigurationBaseTest.testBootstrapReconf(RaftReconfigurationBaseTest.java:255)
	at sun.reflect.NativeMethodAccessorImpl.invoke0(Native Method)
	at sun.reflect.NativeMethodAccessorImpl.invoke(NativeMethodAccessorImpl.java:62)
	at sun.reflect.DelegatingMethodAccessorImpl.invoke(DelegatingMethodAccessorImpl.java:43)
	at java.lang.reflect.Method.invoke(Method.java:498)
	at org.junit.runners.model.FrameworkMethod$1.runReflectiveCall(FrameworkMethod.java:50)
	at org.junit.internal.runners.model.ReflectiveCallable.run(ReflectiveCallable.java:12)
	at org.junit.runners.model.FrameworkMethod.invokeExplosively(FrameworkMethod.java:47)
	at org.junit.internal.runners.statements.InvokeMethod.evaluate(InvokeMethod.java:17)
	at org.junit.internal.runners.statements.RunAfters.evaluate(RunAfters.java:27)
	at org.junit.internal.runners.statements.FailOnTimeout$CallableStatement.call(FailOnTimeout.java:298)
	at org.junit.internal.runners.statements.FailOnTimeout$CallableStatement.call(FailOnTimeout.java:292)
	at java.util.concurrent.FutureTask.run(FutureTask.java:266)
	at java.lang.Thread.run(Thread.java:748)
2019-09-26 13:59:57,341 INFO  impl.FollowerState (FollowerState.java:run(108)) - s0@group-6FC126F4D414-FollowerState: change to CANDIDATE, lastRpcTime:192ms, electionTimeout:192ms
2019-09-26 13:59:57,342 INFO  impl.RoleInfo (RoleInfo.java:shutdownFollowerState(121)) - s0: shutdown FollowerState
2019-09-26 13:59:57,342 INFO  impl.RaftServerImpl (RaftServerImpl.java:setRole(170)) - s0@group-6FC126F4D414: changes role from  FOLLOWER to CANDIDATE at term 0 for changeToCandidate
2019-09-26 13:59:57,342 INFO  impl.RoleInfo (RoleInfo.java:updateAndGet(143)) - s0: start LeaderElection
2019-09-26 13:59:57,357 INFO  impl.LeaderElection (LeaderElection.java:askForVotes(178)) - s0@group-6FC126F4D414-LeaderElection18: begin an election at term 1 for -1: [s0:0.0.0.0:38702, s1:0.0.0.0:42926, s2:0.0.0.0:35997], old=null
2019-09-26 13:59:57,366 DEBUG impl.RaftServerImpl (RaftServerImpl.java:requestVote(743)) - s1@group-6FC126F4D414: receive requestVote(s0, group-6FC126F4D414, 1, (t:0, i:0))
2019-09-26 13:59:57,366 DEBUG impl.RaftServerImpl (RaftServerImpl.java:requestVote(743)) - s2@group-6FC126F4D414: receive requestVote(s0, group-6FC126F4D414, 1, (t:0, i:0))
2019-09-26 13:59:57,366 INFO  impl.RaftServerImpl (RaftServerImpl.java:setRole(170)) - s1@group-6FC126F4D414: changes role from  FOLLOWER to FOLLOWER at term 1 for recognizeCandidate:s0
2019-09-26 13:59:57,367 INFO  impl.RaftServerImpl (RaftServerImpl.java:setRole(170)) - s2@group-6FC126F4D414: changes role from  FOLLOWER to FOLLOWER at term 1 for recognizeCandidate:s0
2019-09-26 13:59:57,367 INFO  impl.RoleInfo (RoleInfo.java:shutdownFollowerState(121)) - s1: shutdown FollowerState
2019-09-26 13:59:57,367 INFO  impl.RoleInfo (RoleInfo.java:shutdownFollowerState(121)) - s2: shutdown FollowerState
2019-09-26 13:59:57,367 INFO  impl.FollowerState (FollowerState.java:run(117)) - s1@group-6FC126F4D414-FollowerState was interrupted: java.lang.InterruptedException: sleep interrupted
2019-09-26 13:59:57,367 INFO  impl.RoleInfo (RoleInfo.java:updateAndGet(143)) - s1: start FollowerState
2019-09-26 13:59:57,367 INFO  impl.FollowerState (FollowerState.java:run(117)) - s2@group-6FC126F4D414-FollowerState was interrupted: java.lang.InterruptedException: sleep interrupted
2019-09-26 13:59:57,367 INFO  impl.RoleInfo (RoleInfo.java:updateAndGet(143)) - s2: start FollowerState
2019-09-26 13:59:57,383 DEBUG impl.RaftServerImpl (RaftServerImpl.java:requestVote(775)) - s1@group-6FC126F4D414 replies to vote request: s0<-s1#0:OK-t1. Peer's state: s1@group-6FC126F4D414:t1, leader=null, voted=s0, raftlog=s1@group-6FC126F4D414-SegmentedRaftLog:OPENED:c-1,f-1,i0, conf=-1: [s0:0.0.0.0:38702, s1:0.0.0.0:42926, s2:0.0.0.0:35997], old=null
2019-09-26 13:59:57,383 DEBUG impl.RaftServerImpl (RaftServerImpl.java:requestVote(775)) - s2@group-6FC126F4D414 replies to vote request: s0<-s2#0:OK-t1. Peer's state: s2@group-6FC126F4D414:t1, leader=null, voted=s0, raftlog=s2@group-6FC126F4D414-SegmentedRaftLog:OPENED:c-1,f-1,i0, conf=-1: [s0:0.0.0.0:38702, s1:0.0.0.0:42926, s2:0.0.0.0:35997], old=null
2019-09-26 13:59:57,386 INFO  impl.LeaderElection (LeaderElection.java:logAndReturn(56)) - s0@group-6FC126F4D414-LeaderElection18: Election PASSED; received 1 response(s) [s0<-s1#0:OK-t1] and 0 exception(s); s0@group-6FC126F4D414:t1, leader=null, voted=s0, raftlog=s0@group-6FC126F4D414-SegmentedRaftLog:OPENED:c-1,f-1,i0, conf=-1: [s0:0.0.0.0:38702, s1:0.0.0.0:42926, s2:0.0.0.0:35997], old=null
2019-09-26 13:59:57,386 INFO  impl.RoleInfo (RoleInfo.java:shutdownLeaderElection(134)) - s0: shutdown LeaderElection
2019-09-26 13:59:57,386 INFO  impl.RaftServerImpl (RaftServerImpl.java:setRole(170)) - s0@group-6FC126F4D414: changes role from CANDIDATE to LEADER at term 1 for changeToLeader
2019-09-26 13:59:57,386 INFO  impl.RaftServerImpl (ServerState.java:setLeader(254)) - s0@group-6FC126F4D414: change Leader from null to s0 at term 1 for becomeLeader, leader elected after 251ms
2019-09-26 13:59:57,386 INFO  server.RaftServerConfigKeys (ConfUtils.java:logGet(43)) - raft.server.staging.catchup.gap = 10 (custom)
2019-09-26 13:59:57,386 INFO  server.RaftServerConfigKeys (ConfUtils.java:logGet(43)) - raft.server.rpc.sleep.time = 25ms (default)
2019-09-26 13:59:57,387 INFO  server.RaftServerConfigKeys (ConfUtils.java:logGet(43)) - raft.server.write.element-limit = 4096 (default)
2019-09-26 13:59:57,387 INFO  server.RaftServerConfigKeys (ConfUtils.java:logGet(43)) - raft.server.watch.timeout = 10s (default)
2019-09-26 13:59:57,387 INFO  server.RaftServerConfigKeys (ConfUtils.java:logGet(43)) - raft.server.watch.timeout.denomination = 1s (default)
2019-09-26 13:59:57,387 INFO  server.RaftServerConfigKeys (ConfUtils.java:logGet(43)) - raft.server.watch.element-limit = 65536 (default)
2019-09-26 13:59:57,390 INFO  server.RaftServerConfigKeys (ConfUtils.java:logGet(43)) - raft.server.log.appender.snapshot.chunk.size.max = 16MB (=16777216) (default)
2019-09-26 13:59:57,390 INFO  server.RaftServerConfigKeys (ConfUtils.java:logGet(43)) - raft.server.log.appender.buffer.byte-limit = 4MB (=4194304) (default)
2019-09-26 13:59:57,390 INFO  server.RaftServerConfigKeys (ConfUtils.java:logGet(43)) - raft.server.log.appender.buffer.element-limit = 0 (default)
2019-09-26 13:59:57,391 INFO  grpc.GrpcConfigKeys$Server (ConfUtils.java:logGet(43)) - raft.grpc.server.leader.outstanding.appends.max = 128 (default)
2019-09-26 13:59:57,391 INFO  server.RaftServerConfigKeys (ConfUtils.java:logGet(43)) - raft.server.rpc.request.timeout = 3000ms (default)
2019-09-26 13:59:57,391 INFO  server.RaftServerConfigKeys (ConfUtils.java:logGet(43)) - raft.server.log.appender.install.snapshot.enabled = true (default)
2019-09-26 13:59:57,391 INFO  server.RaftServerConfigKeys (ConfUtils.java:logGet(43)) - raft.server.log.appender.snapshot.chunk.size.max = 16MB (=16777216) (default)
2019-09-26 13:59:57,391 INFO  server.RaftServerConfigKeys (ConfUtils.java:logGet(43)) - raft.server.log.appender.buffer.byte-limit = 4MB (=4194304) (default)
2019-09-26 13:59:57,392 INFO  server.RaftServerConfigKeys (ConfUtils.java:logGet(43)) - raft.server.log.appender.buffer.element-limit = 0 (default)
2019-09-26 13:59:57,392 INFO  grpc.GrpcConfigKeys$Server (ConfUtils.java:logGet(43)) - raft.grpc.server.leader.outstanding.appends.max = 128 (default)
2019-09-26 13:59:57,392 INFO  server.RaftServerConfigKeys (ConfUtils.java:logGet(43)) - raft.server.rpc.request.timeout = 3000ms (default)
2019-09-26 13:59:57,392 INFO  server.RaftServerConfigKeys (ConfUtils.java:logGet(43)) - raft.server.log.appender.install.snapshot.enabled = true (default)
2019-09-26 13:59:57,393 INFO  impl.RoleInfo (RoleInfo.java:updateAndGet(143)) - s0: start LeaderState
2019-09-26 13:59:57,393 INFO  segmented.SegmentedRaftLogWorker (SegmentedRaftLogWorker.java:startLogSegment(380)) - s0@group-6FC126F4D414-SegmentedRaftLogWorker: Starting segment from index:0
2019-09-26 13:59:57,394 INFO  impl.RaftServerImpl (ServerState.java:setRaftConf(355)) - s0@group-6FC126F4D414: set configuration 0: [s0:0.0.0.0:38702, s1:0.0.0.0:42926, s2:0.0.0.0:35997], old=null at 0
2019-09-26 13:59:57,396 INFO  impl.RaftServerImpl (ServerState.java:setLeader(254)) - s2@group-6FC126F4D414: change Leader from null to s0 at term 1 for appendEntries, leader elected after 261ms
2019-09-26 13:59:57,396 INFO  impl.RaftServerImpl (ServerState.java:setLeader(254)) - s1@group-6FC126F4D414: change Leader from null to s0 at term 1 for appendEntries, leader elected after 261ms
2019-09-26 13:59:57,399 DEBUG impl.RaftServerImpl (RaftServerImpl.java:logAppendEntries(850)) - s2@group-6FC126F4D414: receive appendEntries(s0, 1, null, -1, false, commits[s0:c-1, s1:c-1, s2:c-1], entries: (t:1, i:0), CONFIGURATIONENTRY
2019-09-26 13:59:57,399 DEBUG impl.RaftServerImpl (RaftServerImpl.java:logAppendEntries(850)) - s1@group-6FC126F4D414: receive appendEntries(s0, 1, null, -1, false, commits[s0:c-1, s1:c-1, s2:c-1], entries: (t:1, i:0), CONFIGURATIONENTRY
2019-09-26 13:59:57,400 INFO  impl.RaftServerImpl (ServerState.java:setRaftConf(355)) - s2@group-6FC126F4D414: set configuration 0: [s0:0.0.0.0:38702, s1:0.0.0.0:42926, s2:0.0.0.0:35997], old=null at 0
2019-09-26 13:59:57,400 INFO  impl.RaftServerImpl (ServerState.java:setRaftConf(355)) - s1@group-6FC126F4D414: set configuration 0: [s0:0.0.0.0:38702, s1:0.0.0.0:42926, s2:0.0.0.0:35997], old=null at 0
2019-09-26 13:59:57,400 INFO  segmented.SegmentedRaftLogWorker (SegmentedRaftLogWorker.java:startLogSegment(380)) - s2@group-6FC126F4D414-SegmentedRaftLogWorker: Starting segment from index:0
2019-09-26 13:59:57,400 INFO  segmented.SegmentedRaftLogWorker (SegmentedRaftLogWorker.java:startLogSegment(380)) - s1@group-6FC126F4D414-SegmentedRaftLogWorker: Starting segment from index:0
2019-09-26 13:59:57,545 INFO  segmented.SegmentedRaftLogWorker (SegmentedRaftLogWorker.java:execute(569)) - s1@group-6FC126F4D414-SegmentedRaftLogWorker: created new log segment /workdir/ratis-test/target/test/data/700eb1ac/MiniRaftClusterWithGrpc3eb27c68/s1/43873872-efba-44b7-a775-6fc126f4d414/current/log_inprogress_0
2019-09-26 13:59:57,545 INFO  segmented.SegmentedRaftLogWorker (SegmentedRaftLogWorker.java:execute(569)) - s2@group-6FC126F4D414-SegmentedRaftLogWorker: created new log segment /workdir/ratis-test/target/test/data/700eb1ac/MiniRaftClusterWithGrpc3eb27c68/s2/43873872-efba-44b7-a775-6fc126f4d414/current/log_inprogress_0
2019-09-26 13:59:57,545 INFO  segmented.SegmentedRaftLogWorker (SegmentedRaftLogWorker.java:execute(569)) - s0@group-6FC126F4D414-SegmentedRaftLogWorker: created new log segment /workdir/ratis-test/target/test/data/700eb1ac/MiniRaftClusterWithGrpc3eb27c68/s0/43873872-efba-44b7-a775-6fc126f4d414/current/log_inprogress_0
2019-09-26 13:59:57,556 DEBUG impl.RaftServerImpl (RaftServerImpl.java:logAppendEntries(850)) - s1@group-6FC126F4D414: succeeded to handle AppendEntries. Reply: s0<-s1#1:OK,SUCCESS,nextIndex:1,term:1,followerCommit:-1
2019-09-26 13:59:57,556 DEBUG impl.RaftServerImpl (RaftServerImpl.java:logAppendEntries(850)) - s2@group-6FC126F4D414: succeeded to handle AppendEntries. Reply: s0<-s2#1:OK,SUCCESS,nextIndex:1,term:1,followerCommit:-1
2019-09-26 13:59:57,622 INFO  ratis.RaftTestUtil (RaftTestUtil.java:waitForLeader(101)) - printing ALL groups
  s0:  RUNNING    LEADER s0@group-6FC126F4D414:t1, leader=s0, voted=s0, raftlog=s0@group-6FC126F4D414-SegmentedRaftLog:OPENED:c0,f0,i0, conf=0: [s0:0.0.0.0:38702, s1:0.0.0.0:42926, s2:0.0.0.0:35997], old=null RUNNING
  s1:  RUNNING  FOLLOWER s1@group-6FC126F4D414:t1, leader=s0, voted=s0, raftlog=s1@group-6FC126F4D414-SegmentedRaftLog:OPENED:c-1,f0,i0, conf=0: [s0:0.0.0.0:38702, s1:0.0.0.0:42926, s2:0.0.0.0:35997], old=null RUNNING
  s2:  RUNNING  FOLLOWER s2@group-6FC126F4D414:t1, leader=s0, voted=s0, raftlog=s2@group-6FC126F4D414-SegmentedRaftLog:OPENED:c-1,f0,i0, conf=0: [s0:0.0.0.0:38702, s1:0.0.0.0:42926, s2:0.0.0.0:35997], old=null RUNNING
2019-09-26 13:59:57,633 DEBUG impl.RaftServerImpl (RaftServerImpl.java:submitClientRequestAsync(533)) - s0@group-6FC126F4D414: receive client request(RaftClientRequest:client-9BB0DE3724AC->s0@group-6FC126F4D414, cid=4, seq=0, RW, Message:6d30)
2019-09-26 13:59:57,634 DEBUG impl.RaftServerImpl (LeaderState.java:addPendingRequest(317)) - s0@group-6FC126F4D414-LeaderState: addPendingRequest at RaftClientRequest:client-9BB0DE3724AC->s0@group-6FC126F4D414, cid=4, seq=0, RW, Message:6d30, entry=(t:1, i:1), STATEMACHINELOGENTRY, client-9BB0DE3724AC, cid=4
2019-09-26 13:59:57,635 DEBUG impl.RaftServerImpl (RaftServerImpl.java:logAppendEntries(850)) - s2@group-6FC126F4D414: receive appendEntries(s0, 1, (t:1, i:0), 0, false, commits[s0:c0, s1:c-1, s2:c-1], entries: (t:1, i:1), STATEMACHINELOGENTRY, client-9BB0DE3724AC, cid=4
2019-09-26 13:59:57,636 DEBUG impl.RaftServerImpl (RaftServerImpl.java:logAppendEntries(850)) - s1@group-6FC126F4D414: receive appendEntries(s0, 1, (t:1, i:0), 0, false, commits[s0:c0, s1:c-1, s2:c-1], entries: (t:1, i:1), STATEMACHINELOGENTRY, client-9BB0DE3724AC, cid=4
2019-09-26 13:59:57,646 DEBUG impl.RaftServerImpl (RaftServerImpl.java:logAppendEntries(850)) - s1@group-6FC126F4D414: succeeded to handle AppendEntries. Reply: s0<-s1#5:OK,SUCCESS,nextIndex:2,term:1,followerCommit:0
2019-09-26 13:59:57,646 DEBUG impl.RaftServerImpl (RaftServerImpl.java:logAppendEntries(850)) - s2@group-6FC126F4D414: succeeded to handle AppendEntries. Reply: s0<-s2#5:OK,SUCCESS,nextIndex:2,term:1,followerCommit:0
2019-09-26 13:59:57,651 DEBUG impl.RaftServerImpl (RaftServerImpl.java:logAppendEntries(850)) - s2@group-6FC126F4D414: receive appendEntries(s0, 1, (t:1, i:1), 1, false, commits[s0:c1, s1:c0, s2:c0], entries: (t:1, i:2), METADATAENTRY(c1)
2019-09-26 13:59:57,651 DEBUG impl.RaftServerImpl (RaftServerImpl.java:logAppendEntries(850)) - s1@group-6FC126F4D414: receive appendEntries(s0, 1, (t:1, i:1), 1, false, commits[s0:c1, s1:c0, s2:c0], entries: (t:1, i:2), METADATAENTRY(c1)
2019-09-26 13:59:57,654 DEBUG impl.RaftServerImpl (RaftServerImpl.java:submitClientRequestAsync(533)) - s0@group-6FC126F4D414: receive client request(RaftClientRequest:client-9BB0DE3724AC->s0@group-6FC126F4D414, cid=5, seq=0, RW, Message:6d31)
2019-09-26 13:59:57,655 DEBUG impl.RaftServerImpl (LeaderState.java:addPendingRequest(317)) - s0@group-6FC126F4D414-LeaderState: addPendingRequest at RaftClientRequest:client-9BB0DE3724AC->s0@group-6FC126F4D414, cid=5, seq=0, RW, Message:6d31, entry=(t:1, i:3), STATEMACHINELOGENTRY, client-9BB0DE3724AC, cid=5
2019-09-26 13:59:57,657 DEBUG impl.RaftServerImpl (RaftServerImpl.java:logAppendEntries(850)) - s2@group-6FC126F4D414: receive appendEntries(s0, 1, (t:1, i:2), 1, false, commits[s0:c1, s1:c0, s2:c0], entries: (t:1, i:3), STATEMACHINELOGENTRY, client-9BB0DE3724AC, cid=5
2019-09-26 13:59:57,657 DEBUG impl.RaftServerImpl (RaftServerImpl.java:logAppendEntries(850)) - s1@group-6FC126F4D414: receive appendEntries(s0, 1, (t:1, i:2), 1, false, commits[s0:c1, s1:c0, s2:c0], entries: (t:1, i:3), STATEMACHINELOGENTRY, client-9BB0DE3724AC, cid=5
2019-09-26 13:59:57,661 DEBUG impl.RaftServerImpl (RaftServerImpl.java:logAppendEntries(850)) - s2@group-6FC126F4D414: succeeded to handle AppendEntries. Reply: s0<-s2#6:OK,SUCCESS,nextIndex:3,term:1,followerCommit:1
2019-09-26 13:59:57,661 DEBUG impl.RaftServerImpl (RaftServerImpl.java:logAppendEntries(850)) - s1@group-6FC126F4D414: succeeded to handle AppendEntries. Reply: s0<-s1#6:OK,SUCCESS,nextIndex:3,term:1,followerCommit:1
2019-09-26 13:59:57,662 DEBUG impl.RaftServerImpl (RaftServerImpl.java:logAppendEntries(850)) - s1@group-6FC126F4D414: succeeded to handle AppendEntries. Reply: s0<-s1#7:OK,SUCCESS,nextIndex:4,term:1,followerCommit:1
2019-09-26 13:59:57,663 DEBUG impl.RaftServerImpl (RaftServerImpl.java:logAppendEntries(850)) - s2@group-6FC126F4D414: succeeded to handle AppendEntries. Reply: s0<-s2#7:OK,SUCCESS,nextIndex:4,term:1,followerCommit:1
2019-09-26 13:59:57,665 DEBUG impl.RaftServerImpl (RaftServerImpl.java:logAppendEntries(850)) - s1@group-6FC126F4D414: receive appendEntries(s0, 1, (t:1, i:3), 3, false, commits[s0:c3, s1:c1, s2:c1], entries: (t:1, i:4), METADATAENTRY(c3)
2019-09-26 13:59:57,666 DEBUG impl.RaftServerImpl (RaftServerImpl.java:logAppendEntries(850)) - s2@group-6FC126F4D414: receive appendEntries(s0, 1, (t:1, i:3), 3, false, commits[s0:c3, s1:c1, s2:c1], entries: (t:1, i:4), METADATAENTRY(c3)
2019-09-26 13:59:57,668 DEBUG impl.RaftServerImpl (RaftServerImpl.java:submitClientRequestAsync(533)) - s0@group-6FC126F4D414: receive client request(RaftClientRequest:client-9BB0DE3724AC->s0@group-6FC126F4D414, cid=6, seq=0, RW, Message:6d32)
2019-09-26 13:59:57,669 DEBUG impl.RaftServerImpl (LeaderState.java:addPendingRequest(317)) - s0@group-6FC126F4D414-LeaderState: addPendingRequest at RaftClientRequest:client-9BB0DE3724AC->s0@group-6FC126F4D414, cid=6, seq=0, RW, Message:6d32, entry=(t:1, i:5), STATEMACHINELOGENTRY, client-9BB0DE3724AC, cid=6
2019-09-26 13:59:57,671 DEBUG impl.RaftServerImpl (RaftServerImpl.java:logAppendEntries(850)) - s1@group-6FC126F4D414: receive appendEntries(s0, 1, (t:1, i:4), 3, false, commits[s0:c3, s1:c1, s2:c1], entries: (t:1, i:5), STATEMACHINELOGENTRY, client-9BB0DE3724AC, cid=6
2019-09-26 13:59:57,671 DEBUG impl.RaftServerImpl (RaftServerImpl.java:logAppendEntries(850)) - s2@group-6FC126F4D414: receive appendEntries(s0, 1, (t:1, i:4), 3, false, commits[s0:c3, s1:c1, s2:c1], entries: (t:1, i:5), STATEMACHINELOGENTRY, client-9BB0DE3724AC, cid=6
2019-09-26 13:59:57,675 DEBUG impl.RaftServerImpl (RaftServerImpl.java:logAppendEntries(850)) - s2@group-6FC126F4D414: succeeded to handle AppendEntries. Reply: s0<-s2#8:OK,SUCCESS,nextIndex:5,term:1,followerCommit:3
2019-09-26 13:59:57,676 DEBUG impl.RaftServerImpl (RaftServerImpl.java:logAppendEntries(850)) - s1@group-6FC126F4D414: succeeded to handle AppendEntries. Reply: s0<-s1#8:OK,SUCCESS,nextIndex:5,term:1,followerCommit:3
2019-09-26 13:59:57,677 DEBUG impl.RaftServerImpl (RaftServerImpl.java:logAppendEntries(850)) - s2@group-6FC126F4D414: succeeded to handle AppendEntries. Reply: s0<-s2#9:OK,SUCCESS,nextIndex:6,term:1,followerCommit:3
2019-09-26 13:59:57,678 DEBUG impl.RaftServerImpl (RaftServerImpl.java:logAppendEntries(850)) - s1@group-6FC126F4D414: succeeded to handle AppendEntries. Reply: s0<-s1#9:OK,SUCCESS,nextIndex:6,term:1,followerCommit:3
2019-09-26 13:59:57,681 DEBUG impl.RaftServerImpl (RaftServerImpl.java:logAppendEntries(850)) - s1@group-6FC126F4D414: receive appendEntries(s0, 1, (t:1, i:5), 5, false, commits[s0:c5, s1:c3, s2:c3], entries: (t:1, i:6), METADATAENTRY(c5)
2019-09-26 13:59:57,681 DEBUG impl.RaftServerImpl (RaftServerImpl.java:logAppendEntries(850)) - s2@group-6FC126F4D414: receive appendEntries(s0, 1, (t:1, i:5), 5, false, commits[s0:c5, s1:c3, s2:c3], entries: (t:1, i:6), METADATAENTRY(c5)
2019-09-26 13:59:57,683 DEBUG impl.RaftServerImpl (RaftServerImpl.java:submitClientRequestAsync(533)) - s0@group-6FC126F4D414: receive client request(RaftClientRequest:client-9BB0DE3724AC->s0@group-6FC126F4D414, cid=7, seq=0, RW, Message:6d33)
2019-09-26 13:59:57,684 DEBUG impl.RaftServerImpl (LeaderState.java:addPendingRequest(317)) - s0@group-6FC126F4D414-LeaderState: addPendingRequest at RaftClientRequest:client-9BB0DE3724AC->s0@group-6FC126F4D414, cid=7, seq=0, RW, Message:6d33, entry=(t:1, i:7), STATEMACHINELOGENTRY, client-9BB0DE3724AC, cid=7
2019-09-26 13:59:57,685 DEBUG impl.RaftServerImpl (RaftServerImpl.java:logAppendEntries(850)) - s1@group-6FC126F4D414: receive appendEntries(s0, 1, (t:1, i:6), 5, false, commits[s0:c5, s1:c3, s2:c3], entries: (t:1, i:7), STATEMACHINELOGENTRY, client-9BB0DE3724AC, cid=7
2019-09-26 13:59:57,685 DEBUG impl.RaftServerImpl (RaftServerImpl.java:logAppendEntries(850)) - s2@group-6FC126F4D414: receive appendEntries(s0, 1, (t:1, i:6), 5, false, commits[s0:c5, s1:c3, s2:c3], entries: (t:1, i:7), STATEMACHINELOGENTRY, client-9BB0DE3724AC, cid=7
2019-09-26 13:59:57,691 DEBUG impl.RaftServerImpl (RaftServerImpl.java:logAppendEntries(850)) - s2@group-6FC126F4D414: succeeded to handle AppendEntries. Reply: s0<-s2#10:OK,SUCCESS,nextIndex:7,term:1,followerCommit:5
2019-09-26 13:59:57,691 DEBUG impl.RaftServerImpl (RaftServerImpl.java:logAppendEntries(850)) - s1@group-6FC126F4D414: succeeded to handle AppendEntries. Reply: s0<-s1#10:OK,SUCCESS,nextIndex:7,term:1,followerCommit:5
2019-09-26 13:59:57,692 DEBUG impl.RaftServerImpl (RaftServerImpl.java:logAppendEntries(850)) - s2@group-6FC126F4D414: succeeded to handle AppendEntries. Reply: s0<-s2#11:OK,SUCCESS,nextIndex:8,term:1,followerCommit:5
2019-09-26 13:59:57,693 DEBUG impl.RaftServerImpl (RaftServerImpl.java:logAppendEntries(850)) - s1@group-6FC126F4D414: succeeded to handle AppendEntries. Reply: s0<-s1#11:OK,SUCCESS,nextIndex:8,term:1,followerCommit:5
2019-09-26 13:59:57,695 DEBUG impl.RaftServerImpl (RaftServerImpl.java:logAppendEntries(850)) - s1@group-6FC126F4D414: receive appendEntries(s0, 1, (t:1, i:7), 7, false, commits[s0:c7, s1:c5, s2:c5], entries: (t:1, i:8), METADATAENTRY(c7)
2019-09-26 13:59:57,695 DEBUG impl.RaftServerImpl (RaftServerImpl.java:logAppendEntries(850)) - s2@group-6FC126F4D414: receive appendEntries(s0, 1, (t:1, i:7), 7, false, commits[s0:c7, s1:c5, s2:c5], entries: (t:1, i:8), METADATAENTRY(c7)
2019-09-26 13:59:57,697 DEBUG impl.RaftServerImpl (RaftServerImpl.java:submitClientRequestAsync(533)) - s0@group-6FC126F4D414: receive client request(RaftClientRequest:client-9BB0DE3724AC->s0@group-6FC126F4D414, cid=8, seq=0, RW, Message:6d34)
2019-09-26 13:59:57,697 DEBUG impl.RaftServerImpl (LeaderState.java:addPendingRequest(317)) - s0@group-6FC126F4D414-LeaderState: addPendingRequest at RaftClientRequest:client-9BB0DE3724AC->s0@group-6FC126F4D414, cid=8, seq=0, RW, Message:6d34, entry=(t:1, i:9), STATEMACHINELOGENTRY, client-9BB0DE3724AC, cid=8
2019-09-26 13:59:57,698 DEBUG impl.RaftServerImpl (RaftServerImpl.java:logAppendEntries(850)) - s2@group-6FC126F4D414: receive appendEntries(s0, 1, (t:1, i:8), 7, false, commits[s0:c7, s1:c5, s2:c5], entries: (t:1, i:9), STATEMACHINELOGENTRY, client-9BB0DE3724AC, cid=8
2019-09-26 13:59:57,698 DEBUG impl.RaftServerImpl (RaftServerImpl.java:logAppendEntries(850)) - s1@group-6FC126F4D414: receive appendEntries(s0, 1, (t:1, i:8), 7, false, commits[s0:c7, s1:c5, s2:c5], entries: (t:1, i:9), STATEMACHINELOGENTRY, client-9BB0DE3724AC, cid=8
2019-09-26 13:59:57,705 DEBUG impl.RaftServerImpl (RaftServerImpl.java:logAppendEntries(850)) - s2@group-6FC126F4D414: succeeded to handle AppendEntries. Reply: s0<-s2#12:OK,SUCCESS,nextIndex:9,term:1,followerCommit:7
2019-09-26 13:59:57,705 DEBUG impl.RaftServerImpl (RaftServerImpl.java:logAppendEntries(850)) - s1@group-6FC126F4D414: succeeded to handle AppendEntries. Reply: s0<-s1#12:OK,SUCCESS,nextIndex:9,term:1,followerCommit:7
2019-09-26 13:59:57,707 DEBUG impl.RaftServerImpl (RaftServerImpl.java:logAppendEntries(850)) - s2@group-6FC126F4D414: succeeded to handle AppendEntries. Reply: s0<-s2#13:OK,SUCCESS,nextIndex:10,term:1,followerCommit:7
2019-09-26 13:59:57,707 DEBUG impl.RaftServerImpl (RaftServerImpl.java:logAppendEntries(850)) - s1@group-6FC126F4D414: succeeded to handle AppendEntries. Reply: s0<-s1#13:OK,SUCCESS,nextIndex:10,term:1,followerCommit:7
2019-09-26 13:59:57,709 DEBUG impl.RaftServerImpl (RaftServerImpl.java:logAppendEntries(850)) - s1@group-6FC126F4D414: receive appendEntries(s0, 1, (t:1, i:9), 9, false, commits[s0:c9, s1:c7, s2:c7], entries: (t:1, i:10), METADATAENTRY(c9)
2019-09-26 13:59:57,709 DEBUG impl.RaftServerImpl (RaftServerImpl.java:logAppendEntries(850)) - s2@group-6FC126F4D414: receive appendEntries(s0, 1, (t:1, i:9), 9, false, commits[s0:c9, s1:c7, s2:c7], entries: (t:1, i:10), METADATAENTRY(c9)
2019-09-26 13:59:57,711 DEBUG impl.RaftServerImpl (RaftServerImpl.java:submitClientRequestAsync(533)) - s0@group-6FC126F4D414: receive client request(RaftClientRequest:client-9BB0DE3724AC->s0@group-6FC126F4D414, cid=9, seq=0, RW, Message:6d35)
2019-09-26 13:59:57,712 DEBUG impl.RaftServerImpl (LeaderState.java:addPendingRequest(317)) - s0@group-6FC126F4D414-LeaderState: addPendingRequest at RaftClientRequest:client-9BB0DE3724AC->s0@group-6FC126F4D414, cid=9, seq=0, RW, Message:6d35, entry=(t:1, i:11), STATEMACHINELOGENTRY, client-9BB0DE3724AC, cid=9
2019-09-26 13:59:57,713 DEBUG impl.RaftServerImpl (RaftServerImpl.java:logAppendEntries(850)) - s1@group-6FC126F4D414: receive appendEntries(s0, 1, (t:1, i:10), 9, false, commits[s0:c9, s1:c7, s2:c7], entries: (t:1, i:11), STATEMACHINELOGENTRY, client-9BB0DE3724AC, cid=9
2019-09-26 13:59:57,713 DEBUG impl.RaftServerImpl (RaftServerImpl.java:logAppendEntries(850)) - s2@group-6FC126F4D414: receive appendEntries(s0, 1, (t:1, i:10), 9, false, commits[s0:c9, s1:c7, s2:c7], entries: (t:1, i:11), STATEMACHINELOGENTRY, client-9BB0DE3724AC, cid=9
2019-09-26 13:59:57,720 DEBUG impl.RaftServerImpl (RaftServerImpl.java:logAppendEntries(850)) - s2@group-6FC126F4D414: succeeded to handle AppendEntries. Reply: s0<-s2#14:OK,SUCCESS,nextIndex:11,term:1,followerCommit:9
2019-09-26 13:59:57,720 DEBUG impl.RaftServerImpl (RaftServerImpl.java:logAppendEntries(850)) - s1@group-6FC126F4D414: succeeded to handle AppendEntries. Reply: s0<-s1#14:OK,SUCCESS,nextIndex:11,term:1,followerCommit:9
2019-09-26 13:59:57,721 DEBUG impl.RaftServerImpl (RaftServerImpl.java:logAppendEntries(850)) - s2@group-6FC126F4D414: succeeded to handle AppendEntries. Reply: s0<-s2#15:OK,SUCCESS,nextIndex:12,term:1,followerCommit:9
2019-09-26 13:59:57,721 DEBUG impl.RaftServerImpl (RaftServerImpl.java:logAppendEntries(850)) - s1@group-6FC126F4D414: succeeded to handle AppendEntries. Reply: s0<-s1#15:OK,SUCCESS,nextIndex:12,term:1,followerCommit:9
2019-09-26 13:59:57,723 DEBUG impl.RaftServerImpl (RaftServerImpl.java:logAppendEntries(850)) - s1@group-6FC126F4D414: receive appendEntries(s0, 1, (t:1, i:11), 11, false, commits[s0:c11, s1:c9, s2:c9], entries: (t:1, i:12), METADATAENTRY(c11)
2019-09-26 13:59:57,723 DEBUG impl.RaftServerImpl (RaftServerImpl.java:logAppendEntries(850)) - s2@group-6FC126F4D414: receive appendEntries(s0, 1, (t:1, i:11), 11, false, commits[s0:c11, s1:c9, s2:c9], entries: (t:1, i:12), METADATAENTRY(c11)
2019-09-26 13:59:57,725 DEBUG impl.RaftServerImpl (RaftServerImpl.java:submitClientRequestAsync(533)) - s0@group-6FC126F4D414: receive client request(RaftClientRequest:client-9BB0DE3724AC->s0@group-6FC126F4D414, cid=10, seq=0, RW, Message:6d36)
2019-09-26 13:59:57,725 DEBUG impl.RaftServerImpl (LeaderState.java:addPendingRequest(317)) - s0@group-6FC126F4D414-LeaderState: addPendingRequest at RaftClientRequest:client-9BB0DE3724AC->s0@group-6FC126F4D414, cid=10, seq=0, RW, Message:6d36, entry=(t:1, i:13), STATEMACHINELOGENTRY, client-9BB0DE3724AC, cid=10
2019-09-26 13:59:57,726 DEBUG impl.RaftServerImpl (RaftServerImpl.java:logAppendEntries(850)) - s1@group-6FC126F4D414: receive appendEntries(s0, 1, (t:1, i:12), 11, false, commits[s0:c11, s1:c9, s2:c9], entries: (t:1, i:13), STATEMACHINELOGENTRY, client-9BB0DE3724AC, cid=10
2019-09-26 13:59:57,727 DEBUG impl.RaftServerImpl (RaftServerImpl.java:logAppendEntries(850)) - s2@group-6FC126F4D414: receive appendEntries(s0, 1, (t:1, i:12), 11, false, commits[s0:c11, s1:c9, s2:c9], entries: (t:1, i:13), STATEMACHINELOGENTRY, client-9BB0DE3724AC, cid=10
2019-09-26 13:59:57,734 DEBUG impl.RaftServerImpl (RaftServerImpl.java:logAppendEntries(850)) - s1@group-6FC126F4D414: succeeded to handle AppendEntries. Reply: s0<-s1#16:OK,SUCCESS,nextIndex:13,term:1,followerCommit:11
2019-09-26 13:59:57,734 DEBUG impl.RaftServerImpl (RaftServerImpl.java:logAppendEntries(850)) - s2@group-6FC126F4D414: succeeded to handle AppendEntries. Reply: s0<-s2#16:OK,SUCCESS,nextIndex:13,term:1,followerCommit:11
2019-09-26 13:59:57,735 DEBUG impl.RaftServerImpl (RaftServerImpl.java:logAppendEntries(850)) - s2@group-6FC126F4D414: succeeded to handle AppendEntries. Reply: s0<-s2#17:OK,SUCCESS,nextIndex:14,term:1,followerCommit:11
2019-09-26 13:59:57,735 DEBUG impl.RaftServerImpl (RaftServerImpl.java:logAppendEntries(850)) - s1@group-6FC126F4D414: succeeded to handle AppendEntries. Reply: s0<-s1#17:OK,SUCCESS,nextIndex:14,term:1,followerCommit:11
2019-09-26 13:59:57,738 DEBUG impl.RaftServerImpl (RaftServerImpl.java:logAppendEntries(850)) - s2@group-6FC126F4D414: receive appendEntries(s0, 1, (t:1, i:13), 13, false, commits[s0:c13, s1:c11, s2:c11], entries: (t:1, i:14), METADATAENTRY(c13)
2019-09-26 13:59:57,738 DEBUG impl.RaftServerImpl (RaftServerImpl.java:logAppendEntries(850)) - s1@group-6FC126F4D414: receive appendEntries(s0, 1, (t:1, i:13), 13, false, commits[s0:c13, s1:c11, s2:c11], entries: (t:1, i:14), METADATAENTRY(c13)
2019-09-26 13:59:57,740 DEBUG impl.RaftServerImpl (RaftServerImpl.java:submitClientRequestAsync(533)) - s0@group-6FC126F4D414: receive client request(RaftClientRequest:client-9BB0DE3724AC->s0@group-6FC126F4D414, cid=11, seq=0, RW, Message:6d37)
2019-09-26 13:59:57,740 DEBUG impl.RaftServerImpl (LeaderState.java:addPendingRequest(317)) - s0@group-6FC126F4D414-LeaderState: addPendingRequest at RaftClientRequest:client-9BB0DE3724AC->s0@group-6FC126F4D414, cid=11, seq=0, RW, Message:6d37, entry=(t:1, i:15), STATEMACHINELOGENTRY, client-9BB0DE3724AC, cid=11
2019-09-26 13:59:57,741 DEBUG impl.RaftServerImpl (RaftServerImpl.java:logAppendEntries(850)) - s2@group-6FC126F4D414: receive appendEntries(s0, 1, (t:1, i:14), 13, false, commits[s0:c13, s1:c11, s2:c11], entries: (t:1, i:15), STATEMACHINELOGENTRY, client-9BB0DE3724AC, cid=11
2019-09-26 13:59:57,741 DEBUG impl.RaftServerImpl (RaftServerImpl.java:logAppendEntries(850)) - s1@group-6FC126F4D414: receive appendEntries(s0, 1, (t:1, i:14), 13, false, commits[s0:c13, s1:c11, s2:c11], entries: (t:1, i:15), STATEMACHINELOGENTRY, client-9BB0DE3724AC, cid=11
2019-09-26 13:59:57,748 DEBUG impl.RaftServerImpl (RaftServerImpl.java:logAppendEntries(850)) - s2@group-6FC126F4D414: succeeded to handle AppendEntries. Reply: s0<-s2#18:OK,SUCCESS,nextIndex:15,term:1,followerCommit:13
2019-09-26 13:59:57,749 DEBUG impl.RaftServerImpl (RaftServerImpl.java:logAppendEntries(850)) - s1@group-6FC126F4D414: succeeded to handle AppendEntries. Reply: s0<-s1#18:OK,SUCCESS,nextIndex:15,term:1,followerCommit:13
2019-09-26 13:59:57,750 DEBUG impl.RaftServerImpl (RaftServerImpl.java:logAppendEntries(850)) - s2@group-6FC126F4D414: succeeded to handle AppendEntries. Reply: s0<-s2#19:OK,SUCCESS,nextIndex:16,term:1,followerCommit:13
2019-09-26 13:59:57,750 DEBUG impl.RaftServerImpl (RaftServerImpl.java:logAppendEntries(850)) - s1@group-6FC126F4D414: succeeded to handle AppendEntries. Reply: s0<-s1#19:OK,SUCCESS,nextIndex:16,term:1,followerCommit:13
2019-09-26 13:59:57,752 DEBUG impl.RaftServerImpl (RaftServerImpl.java:logAppendEntries(850)) - s1@group-6FC126F4D414: receive appendEntries(s0, 1, (t:1, i:15), 15, false, commits[s0:c15, s1:c13, s2:c13], entries: (t:1, i:16), METADATAENTRY(c15)
2019-09-26 13:59:57,752 DEBUG impl.RaftServerImpl (RaftServerImpl.java:logAppendEntries(850)) - s2@group-6FC126F4D414: receive appendEntries(s0, 1, (t:1, i:15), 15, false, commits[s0:c15, s1:c13, s2:c13], entries: (t:1, i:16), METADATAENTRY(c15)
2019-09-26 13:59:57,754 DEBUG impl.RaftServerImpl (RaftServerImpl.java:submitClientRequestAsync(533)) - s0@group-6FC126F4D414: receive client request(RaftClientRequest:client-9BB0DE3724AC->s0@group-6FC126F4D414, cid=12, seq=0, RW, Message:6d38)
2019-09-26 13:59:57,754 DEBUG impl.RaftServerImpl (LeaderState.java:addPendingRequest(317)) - s0@group-6FC126F4D414-LeaderState: addPendingRequest at RaftClientRequest:client-9BB0DE3724AC->s0@group-6FC126F4D414, cid=12, seq=0, RW, Message:6d38, entry=(t:1, i:17), STATEMACHINELOGENTRY, client-9BB0DE3724AC, cid=12
2019-09-26 13:59:57,755 DEBUG impl.RaftServerImpl (RaftServerImpl.java:logAppendEntries(850)) - s2@group-6FC126F4D414: receive appendEntries(s0, 1, (t:1, i:16), 15, false, commits[s0:c15, s1:c13, s2:c13], entries: (t:1, i:17), STATEMACHINELOGENTRY, client-9BB0DE3724AC, cid=12
2019-09-26 13:59:57,755 DEBUG impl.RaftServerImpl (RaftServerImpl.java:logAppendEntries(850)) - s1@group-6FC126F4D414: receive appendEntries(s0, 1, (t:1, i:16), 15, false, commits[s0:c15, s1:c13, s2:c13], entries: (t:1, i:17), STATEMACHINELOGENTRY, client-9BB0DE3724AC, cid=12
2019-09-26 13:59:57,762 DEBUG impl.RaftServerImpl (RaftServerImpl.java:logAppendEntries(850)) - s2@group-6FC126F4D414: succeeded to handle AppendEntries. Reply: s0<-s2#20:OK,SUCCESS,nextIndex:17,term:1,followerCommit:15
2019-09-26 13:59:57,763 DEBUG impl.RaftServerImpl (RaftServerImpl.java:logAppendEntries(850)) - s1@group-6FC126F4D414: succeeded to handle AppendEntries. Reply: s0<-s1#20:OK,SUCCESS,nextIndex:17,term:1,followerCommit:15
2019-09-26 13:59:57,764 DEBUG impl.RaftServerImpl (RaftServerImpl.java:logAppendEntries(850)) - s2@group-6FC126F4D414: succeeded to handle AppendEntries. Reply: s0<-s2#21:OK,SUCCESS,nextIndex:18,term:1,followerCommit:15
2019-09-26 13:59:57,764 DEBUG impl.RaftServerImpl (RaftServerImpl.java:logAppendEntries(850)) - s1@group-6FC126F4D414: succeeded to handle AppendEntries. Reply: s0<-s1#21:OK,SUCCESS,nextIndex:18,term:1,followerCommit:15
2019-09-26 13:59:57,766 DEBUG impl.RaftServerImpl (RaftServerImpl.java:logAppendEntries(850)) - s1@group-6FC126F4D414: receive appendEntries(s0, 1, (t:1, i:17), 17, false, commits[s0:c17, s1:c15, s2:c15], entries: (t:1, i:18), METADATAENTRY(c17)
2019-09-26 13:59:57,766 DEBUG impl.RaftServerImpl (RaftServerImpl.java:logAppendEntries(850)) - s2@group-6FC126F4D414: receive appendEntries(s0, 1, (t:1, i:17), 17, false, commits[s0:c17, s1:c15, s2:c15], entries: (t:1, i:18), METADATAENTRY(c17)
2019-09-26 13:59:57,768 DEBUG impl.RaftServerImpl (RaftServerImpl.java:submitClientRequestAsync(533)) - s0@group-6FC126F4D414: receive client request(RaftClientRequest:client-9BB0DE3724AC->s0@group-6FC126F4D414, cid=13, seq=0, RW, Message:6d39)
2019-09-26 13:59:57,768 DEBUG impl.RaftServerImpl (LeaderState.java:addPendingRequest(317)) - s0@group-6FC126F4D414-LeaderState: addPendingRequest at RaftClientRequest:client-9BB0DE3724AC->s0@group-6FC126F4D414, cid=13, seq=0, RW, Message:6d39, entry=(t:1, i:19), STATEMACHINELOGENTRY, client-9BB0DE3724AC, cid=13
2019-09-26 13:59:57,769 DEBUG impl.RaftServerImpl (RaftServerImpl.java:logAppendEntries(850)) - s2@group-6FC126F4D414: receive appendEntries(s0, 1, (t:1, i:18), 17, false, commits[s0:c17, s1:c15, s2:c15], entries: (t:1, i:19), STATEMACHINELOGENTRY, client-9BB0DE3724AC, cid=13
2019-09-26 13:59:57,769 DEBUG impl.RaftServerImpl (RaftServerImpl.java:logAppendEntries(850)) - s1@group-6FC126F4D414: receive appendEntries(s0, 1, (t:1, i:18), 17, false, commits[s0:c17, s1:c15, s2:c15], entries: (t:1, i:19), STATEMACHINELOGENTRY, client-9BB0DE3724AC, cid=13
2019-09-26 13:59:57,777 DEBUG impl.RaftServerImpl (RaftServerImpl.java:logAppendEntries(850)) - s2@group-6FC126F4D414: succeeded to handle AppendEntries. Reply: s0<-s2#22:OK,SUCCESS,nextIndex:19,term:1,followerCommit:17
2019-09-26 13:59:57,777 DEBUG impl.RaftServerImpl (RaftServerImpl.java:logAppendEntries(850)) - s1@group-6FC126F4D414: succeeded to handle AppendEntries. Reply: s0<-s1#22:OK,SUCCESS,nextIndex:19,term:1,followerCommit:17
2019-09-26 13:59:57,778 DEBUG impl.RaftServerImpl (RaftServerImpl.java:logAppendEntries(850)) - s1@group-6FC126F4D414: succeeded to handle AppendEntries. Reply: s0<-s1#23:OK,SUCCESS,nextIndex:20,term:1,followerCommit:17
2019-09-26 13:59:57,778 DEBUG impl.RaftServerImpl (RaftServerImpl.java:logAppendEntries(850)) - s2@group-6FC126F4D414: succeeded to handle AppendEntries. Reply: s0<-s2#23:OK,SUCCESS,nextIndex:20,term:1,followerCommit:17
2019-09-26 13:59:57,781 DEBUG impl.RaftServerImpl (RaftServerImpl.java:logAppendEntries(850)) - s1@group-6FC126F4D414: receive appendEntries(s0, 1, (t:1, i:19), 19, false, commits[s0:c19, s1:c17, s2:c17], entries: (t:1, i:20), METADATAENTRY(c19)
2019-09-26 13:59:57,781 DEBUG impl.RaftServerImpl (RaftServerImpl.java:logAppendEntries(850)) - s2@group-6FC126F4D414: receive appendEntries(s0, 1, (t:1, i:19), 19, false, commits[s0:c19, s1:c17, s2:c17], entries: (t:1, i:20), METADATAENTRY(c19)
2019-09-26 13:59:57,783 DEBUG impl.RaftServerImpl (RaftServerImpl.java:submitClientRequestAsync(533)) - s0@group-6FC126F4D414: receive client request(RaftClientRequest:client-9BB0DE3724AC->s0@group-6FC126F4D414, cid=14, seq=0, RW, Message:6d3130)
2019-09-26 13:59:57,783 DEBUG impl.RaftServerImpl (RaftServerImpl.java:logAppendEntries(850)) - s1@group-6FC126F4D414: succeeded to handle AppendEntries. Reply: s0<-s1#24:OK,SUCCESS,nextIndex:21,term:1,followerCommit:19
2019-09-26 13:59:57,783 DEBUG impl.RaftServerImpl (LeaderState.java:addPendingRequest(317)) - s0@group-6FC126F4D414-LeaderState: addPendingRequest at RaftClientRequest:client-9BB0DE3724AC->s0@group-6FC126F4D414, cid=14, seq=0, RW, Message:6d3130, entry=(t:1, i:21), STATEMACHINELOGENTRY, client-9BB0DE3724AC, cid=14
2019-09-26 13:59:57,783 DEBUG impl.RaftServerImpl (RaftServerImpl.java:logAppendEntries(850)) - s2@group-6FC126F4D414: succeeded to handle AppendEntries. Reply: s0<-s2#24:OK,SUCCESS,nextIndex:21,term:1,followerCommit:19
2019-09-26 13:59:57,784 DEBUG impl.RaftServerImpl (RaftServerImpl.java:logAppendEntries(850)) - s1@group-6FC126F4D414: receive appendEntries(s0, 1, (t:1, i:20), 19, false, commits[s0:c19, s1:c17, s2:c17], entries: (t:1, i:21), STATEMACHINELOGENTRY, client-9BB0DE3724AC, cid=14
2019-09-26 13:59:57,784 DEBUG impl.RaftServerImpl (RaftServerImpl.java:logAppendEntries(850)) - s2@group-6FC126F4D414: receive appendEntries(s0, 1, (t:1, i:20), 19, false, commits[s0:c19, s1:c17, s2:c17], entries: (t:1, i:21), STATEMACHINELOGENTRY, client-9BB0DE3724AC, cid=14
2019-09-26 13:59:57,786 DEBUG impl.RaftServerImpl (RaftServerImpl.java:logAppendEntries(850)) - s1@group-6FC126F4D414: succeeded to handle AppendEntries. Reply: s0<-s1#25:OK,SUCCESS,nextIndex:22,term:1,followerCommit:19
2019-09-26 13:59:57,786 DEBUG impl.RaftServerImpl (RaftServerImpl.java:logAppendEntries(850)) - s2@group-6FC126F4D414: succeeded to handle AppendEntries. Reply: s0<-s2#25:OK,SUCCESS,nextIndex:22,term:1,followerCommit:19
2019-09-26 13:59:57,788 DEBUG impl.RaftServerImpl (RaftServerImpl.java:logAppendEntries(850)) - s2@group-6FC126F4D414: receive appendEntries(s0, 1, (t:1, i:21), 21, false, commits[s0:c21, s1:c19, s2:c19], entries: (t:1, i:22), METADATAENTRY(c21)
2019-09-26 13:59:57,788 DEBUG impl.RaftServerImpl (RaftServerImpl.java:logAppendEntries(850)) - s1@group-6FC126F4D414: receive appendEntries(s0, 1, (t:1, i:21), 21, false, commits[s0:c21, s1:c19, s2:c19], entries: (t:1, i:22), METADATAENTRY(c21)
2019-09-26 13:59:57,789 DEBUG impl.RaftServerImpl (RaftServerImpl.java:submitClientRequestAsync(533)) - s0@group-6FC126F4D414: receive client request(RaftClientRequest:client-9BB0DE3724AC->s0@group-6FC126F4D414, cid=15, seq=0, RW, Message:6d3131)
2019-09-26 13:59:57,790 DEBUG impl.RaftServerImpl (LeaderState.java:addPendingRequest(317)) - s0@group-6FC126F4D414-LeaderState: addPendingRequest at RaftClientRequest:client-9BB0DE3724AC->s0@group-6FC126F4D414, cid=15, seq=0, RW, Message:6d3131, entry=(t:1, i:23), STATEMACHINELOGENTRY, client-9BB0DE3724AC, cid=15
2019-09-26 13:59:57,790 DEBUG impl.RaftServerImpl (RaftServerImpl.java:logAppendEntries(850)) - s2@group-6FC126F4D414: succeeded to handle AppendEntries. Reply: s0<-s2#26:OK,SUCCESS,nextIndex:23,term:1,followerCommit:21
2019-09-26 13:59:57,791 DEBUG impl.RaftServerImpl (RaftServerImpl.java:logAppendEntries(850)) - s1@group-6FC126F4D414: succeeded to handle AppendEntries. Reply: s0<-s1#26:OK,SUCCESS,nextIndex:23,term:1,followerCommit:21
2019-09-26 13:59:57,791 DEBUG impl.RaftServerImpl (RaftServerImpl.java:logAppendEntries(850)) - s2@group-6FC126F4D414: receive appendEntries(s0, 1, (t:1, i:22), 21, false, commits[s0:c21, s1:c19, s2:c19], entries: (t:1, i:23), STATEMACHINELOGENTRY, client-9BB0DE3724AC, cid=15
2019-09-26 13:59:57,791 DEBUG impl.RaftServerImpl (RaftServerImpl.java:logAppendEntries(850)) - s1@group-6FC126F4D414: receive appendEntries(s0, 1, (t:1, i:22), 21, false, commits[s0:c21, s1:c19, s2:c19], entries: (t:1, i:23), STATEMACHINELOGENTRY, client-9BB0DE3724AC, cid=15
2019-09-26 13:59:57,792 DEBUG impl.RaftServerImpl (RaftServerImpl.java:logAppendEntries(850)) - s2@group-6FC126F4D414: succeeded to handle AppendEntries. Reply: s0<-s2#27:OK,SUCCESS,nextIndex:24,term:1,followerCommit:21
2019-09-26 13:59:57,794 DEBUG impl.RaftServerImpl (RaftServerImpl.java:logAppendEntries(850)) - s1@group-6FC126F4D414: succeeded to handle AppendEntries. Reply: s0<-s1#27:OK,SUCCESS,nextIndex:24,term:1,followerCommit:21
2019-09-26 13:59:57,794 DEBUG impl.RaftServerImpl (RaftServerImpl.java:logAppendEntries(850)) - s1@group-6FC126F4D414: receive appendEntries(s0, 1, (t:1, i:23), 23, false, commits[s0:c23, s1:c21, s2:c21], entries: (t:1, i:24), METADATAENTRY(c23)
2019-09-26 13:59:57,794 DEBUG impl.RaftServerImpl (RaftServerImpl.java:logAppendEntries(850)) - s2@group-6FC126F4D414: receive appendEntries(s0, 1, (t:1, i:23), 23, false, commits[s0:c23, s1:c21, s2:c21], entries: (t:1, i:24), METADATAENTRY(c23)
2019-09-26 13:59:57,796 DEBUG impl.RaftServerImpl (RaftServerImpl.java:submitClientRequestAsync(533)) - s0@group-6FC126F4D414: receive client request(RaftClientRequest:client-9BB0DE3724AC->s0@group-6FC126F4D414, cid=16, seq=0, RW, Message:6d3132)
2019-09-26 13:59:57,796 DEBUG impl.RaftServerImpl (RaftServerImpl.java:logAppendEntries(850)) - s1@group-6FC126F4D414: succeeded to handle AppendEntries. Reply: s0<-s1#28:OK,SUCCESS,nextIndex:25,term:1,followerCommit:23
2019-09-26 13:59:57,796 DEBUG impl.RaftServerImpl (LeaderState.java:addPendingRequest(317)) - s0@group-6FC126F4D414-LeaderState: addPendingRequest at RaftClientRequest:client-9BB0DE3724AC->s0@group-6FC126F4D414, cid=16, seq=0, RW, Message:6d3132, entry=(t:1, i:25), STATEMACHINELOGENTRY, client-9BB0DE3724AC, cid=16
2019-09-26 13:59:57,796 DEBUG impl.RaftServerImpl (RaftServerImpl.java:logAppendEntries(850)) - s2@group-6FC126F4D414: succeeded to handle AppendEntries. Reply: s0<-s2#28:OK,SUCCESS,nextIndex:25,term:1,followerCommit:23
2019-09-26 13:59:57,797 DEBUG impl.RaftServerImpl (RaftServerImpl.java:logAppendEntries(850)) - s2@group-6FC126F4D414: receive appendEntries(s0, 1, (t:1, i:24), 23, false, commits[s0:c23, s1:c21, s2:c21], entries: (t:1, i:25), STATEMACHINELOGENTRY, client-9BB0DE3724AC, cid=16
2019-09-26 13:59:57,797 DEBUG impl.RaftServerImpl (RaftServerImpl.java:logAppendEntries(850)) - s1@group-6FC126F4D414: receive appendEntries(s0, 1, (t:1, i:24), 23, false, commits[s0:c23, s1:c21, s2:c21], entries: (t:1, i:25), STATEMACHINELOGENTRY, client-9BB0DE3724AC, cid=16
2019-09-26 13:59:57,798 DEBUG impl.RaftServerImpl (RaftServerImpl.java:logAppendEntries(850)) - s2@group-6FC126F4D414: succeeded to handle AppendEntries. Reply: s0<-s2#29:OK,SUCCESS,nextIndex:26,term:1,followerCommit:23
2019-09-26 13:59:57,800 DEBUG impl.RaftServerImpl (RaftServerImpl.java:logAppendEntries(850)) - s1@group-6FC126F4D414: succeeded to handle AppendEntries. Reply: s0<-s1#29:OK,SUCCESS,nextIndex:26,term:1,followerCommit:23
2019-09-26 13:59:57,802 DEBUG impl.RaftServerImpl (RaftServerImpl.java:logAppendEntries(850)) - s1@group-6FC126F4D414: receive appendEntries(s0, 1, (t:1, i:25), 25, false, commits[s0:c25, s1:c23, s2:c23], entries: (t:1, i:26), METADATAENTRY(c25)
2019-09-26 13:59:57,802 DEBUG impl.RaftServerImpl (RaftServerImpl.java:logAppendEntries(850)) - s2@group-6FC126F4D414: receive appendEntries(s0, 1, (t:1, i:25), 25, false, commits[s0:c25, s1:c23, s2:c23], entries: (t:1, i:26), METADATAENTRY(c25)
2019-09-26 13:59:57,805 DEBUG impl.RaftServerImpl (RaftServerImpl.java:logAppendEntries(850)) - s1@group-6FC126F4D414: succeeded to handle AppendEntries. Reply: s0<-s1#30:OK,SUCCESS,nextIndex:27,term:1,followerCommit:25
2019-09-26 13:59:57,805 DEBUG impl.RaftServerImpl (RaftServerImpl.java:submitClientRequestAsync(533)) - s0@group-6FC126F4D414: receive client request(RaftClientRequest:client-9BB0DE3724AC->s0@group-6FC126F4D414, cid=17, seq=0, RW, Message:6d3133)
2019-09-26 13:59:57,806 DEBUG impl.RaftServerImpl (LeaderState.java:addPendingRequest(317)) - s0@group-6FC126F4D414-LeaderState: addPendingRequest at RaftClientRequest:client-9BB0DE3724AC->s0@group-6FC126F4D414, cid=17, seq=0, RW, Message:6d3133, entry=(t:1, i:27), STATEMACHINELOGENTRY, client-9BB0DE3724AC, cid=17
2019-09-26 13:59:57,806 DEBUG impl.RaftServerImpl (RaftServerImpl.java:logAppendEntries(850)) - s2@group-6FC126F4D414: succeeded to handle AppendEntries. Reply: s0<-s2#30:OK,SUCCESS,nextIndex:27,term:1,followerCommit:25
2019-09-26 13:59:57,807 DEBUG impl.RaftServerImpl (RaftServerImpl.java:logAppendEntries(850)) - s2@group-6FC126F4D414: receive appendEntries(s0, 1, (t:1, i:26), 26, false, commits[s0:c26, s1:c25, s2:c23], entries: (t:1, i:27), STATEMACHINELOGENTRY, client-9BB0DE3724AC, cid=17
2019-09-26 13:59:57,807 DEBUG impl.RaftServerImpl (RaftServerImpl.java:logAppendEntries(850)) - s1@group-6FC126F4D414: receive appendEntries(s0, 1, (t:1, i:26), 26, false, commits[s0:c26, s1:c25, s2:c23], entries: (t:1, i:27), STATEMACHINELOGENTRY, client-9BB0DE3724AC, cid=17
2019-09-26 13:59:57,808 DEBUG impl.RaftServerImpl (RaftServerImpl.java:logAppendEntries(850)) - s2@group-6FC126F4D414: succeeded to handle AppendEntries. Reply: s0<-s2#31:OK,SUCCESS,nextIndex:28,term:1,followerCommit:26
2019-09-26 13:59:57,809 DEBUG impl.RaftServerImpl (RaftServerImpl.java:logAppendEntries(850)) - s1@group-6FC126F4D414: succeeded to handle AppendEntries. Reply: s0<-s1#31:OK,SUCCESS,nextIndex:28,term:1,followerCommit:26
2019-09-26 13:59:57,811 DEBUG impl.RaftServerImpl (RaftServerImpl.java:logAppendEntries(850)) - s1@group-6FC126F4D414: receive appendEntries(s0, 1, (t:1, i:27), 27, false, commits[s0:c27, s1:c25, s2:c26], entries: (t:1, i:28), METADATAENTRY(c27)
2019-09-26 13:59:57,811 DEBUG impl.RaftServerImpl (RaftServerImpl.java:logAppendEntries(850)) - s2@group-6FC126F4D414: receive appendEntries(s0, 1, (t:1, i:27), 27, false, commits[s0:c27, s1:c25, s2:c26], entries: (t:1, i:28), METADATAENTRY(c27)
2019-09-26 13:59:57,812 DEBUG impl.RaftServerImpl (RaftServerImpl.java:logAppendEntries(850)) - s1@group-6FC126F4D414: succeeded to handle AppendEntries. Reply: s0<-s1#32:OK,SUCCESS,nextIndex:29,term:1,followerCommit:27
2019-09-26 13:59:57,812 DEBUG impl.RaftServerImpl (RaftServerImpl.java:submitClientRequestAsync(533)) - s0@group-6FC126F4D414: receive client request(RaftClientRequest:client-9BB0DE3724AC->s0@group-6FC126F4D414, cid=18, seq=0, RW, Message:6d3134)
2019-09-26 13:59:57,813 DEBUG impl.RaftServerImpl (RaftServerImpl.java:logAppendEntries(850)) - s2@group-6FC126F4D414: succeeded to handle AppendEntries. Reply: s0<-s2#32:OK,SUCCESS,nextIndex:29,term:1,followerCommit:27
2019-09-26 13:59:57,813 DEBUG impl.RaftServerImpl (LeaderState.java:addPendingRequest(317)) - s0@group-6FC126F4D414-LeaderState: addPendingRequest at RaftClientRequest:client-9BB0DE3724AC->s0@group-6FC126F4D414, cid=18, seq=0, RW, Message:6d3134, entry=(t:1, i:29), STATEMACHINELOGENTRY, client-9BB0DE3724AC, cid=18
2019-09-26 13:59:57,814 DEBUG impl.RaftServerImpl (RaftServerImpl.java:logAppendEntries(850)) - s2@group-6FC126F4D414: receive appendEntries(s0, 1, (t:1, i:28), 28, false, commits[s0:c28, s1:c27, s2:c27], entries: (t:1, i:29), STATEMACHINELOGENTRY, client-9BB0DE3724AC, cid=18
2019-09-26 13:59:57,814 DEBUG impl.RaftServerImpl (RaftServerImpl.java:logAppendEntries(850)) - s1@group-6FC126F4D414: receive appendEntries(s0, 1, (t:1, i:28), 28, false, commits[s0:c28, s1:c27, s2:c27], entries: (t:1, i:29), STATEMACHINELOGENTRY, client-9BB0DE3724AC, cid=18
2019-09-26 13:59:57,816 DEBUG impl.RaftServerImpl (RaftServerImpl.java:logAppendEntries(850)) - s2@group-6FC126F4D414: succeeded to handle AppendEntries. Reply: s0<-s2#33:OK,SUCCESS,nextIndex:30,term:1,followerCommit:28
2019-09-26 13:59:57,817 DEBUG impl.RaftServerImpl (RaftServerImpl.java:logAppendEntries(850)) - s1@group-6FC126F4D414: succeeded to handle AppendEntries. Reply: s0<-s1#33:OK,SUCCESS,nextIndex:30,term:1,followerCommit:28
2019-09-26 13:59:57,818 DEBUG impl.RaftServerImpl (RaftServerImpl.java:logAppendEntries(850)) - s2@group-6FC126F4D414: receive appendEntries(s0, 1, (t:1, i:29), 29, false, commits[s0:c29, s1:c27, s2:c28], entries: (t:1, i:30), METADATAENTRY(c29)
2019-09-26 13:59:57,818 DEBUG impl.RaftServerImpl (RaftServerImpl.java:logAppendEntries(850)) - s1@group-6FC126F4D414: receive appendEntries(s0, 1, (t:1, i:29), 29, false, commits[s0:c29, s1:c27, s2:c28], entries: (t:1, i:30), METADATAENTRY(c29)
2019-09-26 13:59:57,820 DEBUG impl.RaftServerImpl (RaftServerImpl.java:submitClientRequestAsync(533)) - s0@group-6FC126F4D414: receive client request(RaftClientRequest:client-9BB0DE3724AC->s0@group-6FC126F4D414, cid=19, seq=0, RW, Message:6d3135)
2019-09-26 13:59:57,820 DEBUG impl.RaftServerImpl (RaftServerImpl.java:logAppendEntries(850)) - s2@group-6FC126F4D414: succeeded to handle AppendEntries. Reply: s0<-s2#34:OK,SUCCESS,nextIndex:31,term:1,followerCommit:29
2019-09-26 13:59:57,820 DEBUG impl.RaftServerImpl (LeaderState.java:addPendingRequest(317)) - s0@group-6FC126F4D414-LeaderState: addPendingRequest at RaftClientRequest:client-9BB0DE3724AC->s0@group-6FC126F4D414, cid=19, seq=0, RW, Message:6d3135, entry=(t:1, i:31), STATEMACHINELOGENTRY, client-9BB0DE3724AC, cid=19
2019-09-26 13:59:57,820 DEBUG impl.RaftServerImpl (RaftServerImpl.java:logAppendEntries(850)) - s1@group-6FC126F4D414: succeeded to handle AppendEntries. Reply: s0<-s1#34:OK,SUCCESS,nextIndex:31,term:1,followerCommit:29
2019-09-26 13:59:57,821 DEBUG impl.RaftServerImpl (RaftServerImpl.java:logAppendEntries(850)) - s1@group-6FC126F4D414: receive appendEntries(s0, 1, (t:1, i:30), 29, false, commits[s0:c29, s1:c28, s2:c28], entries: (t:1, i:31), STATEMACHINELOGENTRY, client-9BB0DE3724AC, cid=19
2019-09-26 13:59:57,821 DEBUG impl.RaftServerImpl (RaftServerImpl.java:logAppendEntries(850)) - s2@group-6FC126F4D414: receive appendEntries(s0, 1, (t:1, i:30), 29, false, commits[s0:c29, s1:c28, s2:c28], entries: (t:1, i:31), STATEMACHINELOGENTRY, client-9BB0DE3724AC, cid=19
2019-09-26 13:59:57,822 DEBUG impl.RaftServerImpl (RaftServerImpl.java:logAppendEntries(850)) - s1@group-6FC126F4D414: succeeded to handle AppendEntries. Reply: s0<-s1#35:OK,SUCCESS,nextIndex:32,term:1,followerCommit:29
2019-09-26 13:59:57,824 DEBUG impl.RaftServerImpl (RaftServerImpl.java:logAppendEntries(850)) - s2@group-6FC126F4D414: succeeded to handle AppendEntries. Reply: s0<-s2#35:OK,SUCCESS,nextIndex:32,term:1,followerCommit:29
2019-09-26 13:59:57,825 DEBUG impl.RaftServerImpl (RaftServerImpl.java:logAppendEntries(850)) - s2@group-6FC126F4D414: receive appendEntries(s0, 1, (t:1, i:31), 31, false, commits[s0:c31, s1:c29, s2:c29], entries: (t:1, i:32), METADATAENTRY(c31)
2019-09-26 13:59:57,825 DEBUG impl.RaftServerImpl (RaftServerImpl.java:logAppendEntries(850)) - s1@group-6FC126F4D414: receive appendEntries(s0, 1, (t:1, i:31), 31, false, commits[s0:c31, s1:c29, s2:c29], entries: (t:1, i:32), METADATAENTRY(c31)
2019-09-26 13:59:57,826 DEBUG impl.RaftServerImpl (RaftServerImpl.java:submitClientRequestAsync(533)) - s0@group-6FC126F4D414: receive client request(RaftClientRequest:client-9BB0DE3724AC->s0@group-6FC126F4D414, cid=20, seq=0, RW, Message:6d3136)
2019-09-26 13:59:57,827 DEBUG impl.RaftServerImpl (LeaderState.java:addPendingRequest(317)) - s0@group-6FC126F4D414-LeaderState: addPendingRequest at RaftClientRequest:client-9BB0DE3724AC->s0@group-6FC126F4D414, cid=20, seq=0, RW, Message:6d3136, entry=(t:1, i:33), STATEMACHINELOGENTRY, client-9BB0DE3724AC, cid=20
2019-09-26 13:59:57,828 DEBUG impl.RaftServerImpl (RaftServerImpl.java:logAppendEntries(850)) - s2@group-6FC126F4D414: receive appendEntries(s0, 1, (t:1, i:32), 31, false, commits[s0:c31, s1:c29, s2:c29], entries: (t:1, i:33), STATEMACHINELOGENTRY, client-9BB0DE3724AC, cid=20
2019-09-26 13:59:57,828 DEBUG impl.RaftServerImpl (RaftServerImpl.java:logAppendEntries(850)) - s1@group-6FC126F4D414: receive appendEntries(s0, 1, (t:1, i:32), 31, false, commits[s0:c31, s1:c29, s2:c29], entries: (t:1, i:33), STATEMACHINELOGENTRY, client-9BB0DE3724AC, cid=20
2019-09-26 13:59:57,842 DEBUG impl.RaftServerImpl (RaftServerImpl.java:logAppendEntries(850)) - s2@group-6FC126F4D414: succeeded to handle AppendEntries. Reply: s0<-s2#36:OK,SUCCESS,nextIndex:33,term:1,followerCommit:31
2019-09-26 13:59:57,842 DEBUG impl.RaftServerImpl (RaftServerImpl.java:logAppendEntries(850)) - s1@group-6FC126F4D414: succeeded to handle AppendEntries. Reply: s0<-s1#36:OK,SUCCESS,nextIndex:33,term:1,followerCommit:31
2019-09-26 13:59:57,843 DEBUG impl.RaftServerImpl (RaftServerImpl.java:logAppendEntries(850)) - s2@group-6FC126F4D414: succeeded to handle AppendEntries. Reply: s0<-s2#37:OK,SUCCESS,nextIndex:34,term:1,followerCommit:31
2019-09-26 13:59:57,843 DEBUG impl.RaftServerImpl (RaftServerImpl.java:logAppendEntries(850)) - s1@group-6FC126F4D414: succeeded to handle AppendEntries. Reply: s0<-s1#37:OK,SUCCESS,nextIndex:34,term:1,followerCommit:31
2019-09-26 13:59:57,845 DEBUG impl.RaftServerImpl (RaftServerImpl.java:logAppendEntries(850)) - s2@group-6FC126F4D414: receive appendEntries(s0, 1, (t:1, i:33), 33, false, commits[s0:c33, s1:c31, s2:c31], entries: (t:1, i:34), METADATAENTRY(c33)
2019-09-26 13:59:57,845 DEBUG impl.RaftServerImpl (RaftServerImpl.java:logAppendEntries(850)) - s1@group-6FC126F4D414: receive appendEntries(s0, 1, (t:1, i:33), 33, false, commits[s0:c33, s1:c31, s2:c31], entries: (t:1, i:34), METADATAENTRY(c33)
2019-09-26 13:59:57,847 DEBUG impl.RaftServerImpl (RaftServerImpl.java:submitClientRequestAsync(533)) - s0@group-6FC126F4D414: receive client request(RaftClientRequest:client-9BB0DE3724AC->s0@group-6FC126F4D414, cid=21, seq=0, RW, Message:6d3137)
2019-09-26 13:59:57,847 DEBUG impl.RaftServerImpl (LeaderState.java:addPendingRequest(317)) - s0@group-6FC126F4D414-LeaderState: addPendingRequest at RaftClientRequest:client-9BB0DE3724AC->s0@group-6FC126F4D414, cid=21, seq=0, RW, Message:6d3137, entry=(t:1, i:35), STATEMACHINELOGENTRY, client-9BB0DE3724AC, cid=21
2019-09-26 13:59:57,848 DEBUG impl.RaftServerImpl (RaftServerImpl.java:logAppendEntries(850)) - s1@group-6FC126F4D414: receive appendEntries(s0, 1, (t:1, i:34), 33, false, commits[s0:c33, s1:c31, s2:c31], entries: (t:1, i:35), STATEMACHINELOGENTRY, client-9BB0DE3724AC, cid=21
2019-09-26 13:59:57,848 DEBUG impl.RaftServerImpl (RaftServerImpl.java:logAppendEntries(850)) - s2@group-6FC126F4D414: receive appendEntries(s0, 1, (t:1, i:34), 33, false, commits[s0:c33, s1:c31, s2:c31], entries: (t:1, i:35), STATEMACHINELOGENTRY, client-9BB0DE3724AC, cid=21
2019-09-26 13:59:57,855 DEBUG impl.RaftServerImpl (RaftServerImpl.java:logAppendEntries(850)) - s2@group-6FC126F4D414: succeeded to handle AppendEntries. Reply: s0<-s2#38:OK,SUCCESS,nextIndex:35,term:1,followerCommit:33
2019-09-26 13:59:57,855 DEBUG impl.RaftServerImpl (RaftServerImpl.java:logAppendEntries(850)) - s1@group-6FC126F4D414: succeeded to handle AppendEntries. Reply: s0<-s1#38:OK,SUCCESS,nextIndex:35,term:1,followerCommit:33
2019-09-26 13:59:57,861 DEBUG impl.RaftServerImpl (RaftServerImpl.java:logAppendEntries(850)) - s1@group-6FC126F4D414: succeeded to handle AppendEntries. Reply: s0<-s1#39:OK,SUCCESS,nextIndex:36,term:1,followerCommit:33
2019-09-26 13:59:57,861 DEBUG impl.RaftServerImpl (RaftServerImpl.java:logAppendEntries(850)) - s2@group-6FC126F4D414: succeeded to handle AppendEntries. Reply: s0<-s2#39:OK,SUCCESS,nextIndex:36,term:1,followerCommit:33
2019-09-26 13:59:57,863 DEBUG impl.RaftServerImpl (RaftServerImpl.java:logAppendEntries(850)) - s2@group-6FC126F4D414: receive appendEntries(s0, 1, (t:1, i:35), 35, false, commits[s0:c35, s1:c33, s2:c33], entries: (t:1, i:36), METADATAENTRY(c35)
2019-09-26 13:59:57,863 DEBUG impl.RaftServerImpl (RaftServerImpl.java:logAppendEntries(850)) - s1@group-6FC126F4D414: receive appendEntries(s0, 1, (t:1, i:35), 35, false, commits[s0:c35, s1:c33, s2:c33], entries: (t:1, i:36), METADATAENTRY(c35)
2019-09-26 13:59:57,865 DEBUG impl.RaftServerImpl (RaftServerImpl.java:submitClientRequestAsync(533)) - s0@group-6FC126F4D414: receive client request(RaftClientRequest:client-9BB0DE3724AC->s0@group-6FC126F4D414, cid=22, seq=0, RW, Message:6d3138)
2019-09-26 13:59:57,866 DEBUG impl.RaftServerImpl (LeaderState.java:addPendingRequest(317)) - s0@group-6FC126F4D414-LeaderState: addPendingRequest at RaftClientRequest:client-9BB0DE3724AC->s0@group-6FC126F4D414, cid=22, seq=0, RW, Message:6d3138, entry=(t:1, i:37), STATEMACHINELOGENTRY, client-9BB0DE3724AC, cid=22
2019-09-26 13:59:57,866 DEBUG impl.RaftServerImpl (RaftServerImpl.java:logAppendEntries(850)) - s2@group-6FC126F4D414: receive appendEntries(s0, 1, (t:1, i:36), 35, false, commits[s0:c35, s1:c33, s2:c33], entries: (t:1, i:37), STATEMACHINELOGENTRY, client-9BB0DE3724AC, cid=22
2019-09-26 13:59:57,866 DEBUG impl.RaftServerImpl (RaftServerImpl.java:logAppendEntries(850)) - s1@group-6FC126F4D414: receive appendEntries(s0, 1, (t:1, i:36), 35, false, commits[s0:c35, s1:c33, s2:c33], entries: (t:1, i:37), STATEMACHINELOGENTRY, client-9BB0DE3724AC, cid=22
2019-09-26 13:59:57,873 DEBUG impl.RaftServerImpl (RaftServerImpl.java:logAppendEntries(850)) - s2@group-6FC126F4D414: succeeded to handle AppendEntries. Reply: s0<-s2#40:OK,SUCCESS,nextIndex:37,term:1,followerCommit:35
2019-09-26 13:59:57,873 DEBUG impl.RaftServerImpl (RaftServerImpl.java:logAppendEntries(850)) - s1@group-6FC126F4D414: succeeded to handle AppendEntries. Reply: s0<-s1#40:OK,SUCCESS,nextIndex:37,term:1,followerCommit:35
2019-09-26 13:59:57,875 DEBUG impl.RaftServerImpl (RaftServerImpl.java:logAppendEntries(850)) - s2@group-6FC126F4D414: succeeded to handle AppendEntries. Reply: s0<-s2#41:OK,SUCCESS,nextIndex:38,term:1,followerCommit:35
2019-09-26 13:59:57,875 DEBUG impl.RaftServerImpl (RaftServerImpl.java:logAppendEntries(850)) - s1@group-6FC126F4D414: succeeded to handle AppendEntries. Reply: s0<-s1#41:OK,SUCCESS,nextIndex:38,term:1,followerCommit:35
2019-09-26 13:59:57,877 DEBUG impl.RaftServerImpl (RaftServerImpl.java:logAppendEntries(850)) - s1@group-6FC126F4D414: receive appendEntries(s0, 1, (t:1, i:37), 37, false, commits[s0:c37, s1:c35, s2:c35], entries: (t:1, i:38), METADATAENTRY(c37)
2019-09-26 13:59:57,877 DEBUG impl.RaftServerImpl (RaftServerImpl.java:logAppendEntries(850)) - s2@group-6FC126F4D414: receive appendEntries(s0, 1, (t:1, i:37), 37, false, commits[s0:c37, s1:c35, s2:c35], entries: (t:1, i:38), METADATAENTRY(c37)
2019-09-26 13:59:57,878 DEBUG impl.RaftServerImpl (RaftServerImpl.java:submitClientRequestAsync(533)) - s0@group-6FC126F4D414: receive client request(RaftClientRequest:client-9BB0DE3724AC->s0@group-6FC126F4D414, cid=23, seq=0, RW, Message:6d3139)
2019-09-26 13:59:57,879 DEBUG impl.RaftServerImpl (LeaderState.java:addPendingRequest(317)) - s0@group-6FC126F4D414-LeaderState: addPendingRequest at RaftClientRequest:client-9BB0DE3724AC->s0@group-6FC126F4D414, cid=23, seq=0, RW, Message:6d3139, entry=(t:1, i:39), STATEMACHINELOGENTRY, client-9BB0DE3724AC, cid=23
2019-09-26 13:59:57,879 DEBUG impl.RaftServerImpl (RaftServerImpl.java:logAppendEntries(850)) - s2@group-6FC126F4D414: receive appendEntries(s0, 1, (t:1, i:38), 37, false, commits[s0:c37, s1:c35, s2:c35], entries: (t:1, i:39), STATEMACHINELOGENTRY, client-9BB0DE3724AC, cid=23
2019-09-26 13:59:57,879 DEBUG impl.RaftServerImpl (RaftServerImpl.java:logAppendEntries(850)) - s1@group-6FC126F4D414: receive appendEntries(s0, 1, (t:1, i:38), 37, false, commits[s0:c37, s1:c35, s2:c35], entries: (t:1, i:39), STATEMACHINELOGENTRY, client-9BB0DE3724AC, cid=23
2019-09-26 13:59:57,888 DEBUG impl.RaftServerImpl (RaftServerImpl.java:logAppendEntries(850)) - s2@group-6FC126F4D414: succeeded to handle AppendEntries. Reply: s0<-s2#42:OK,SUCCESS,nextIndex:39,term:1,followerCommit:37
2019-09-26 13:59:57,888 DEBUG impl.RaftServerImpl (RaftServerImpl.java:logAppendEntries(850)) - s1@group-6FC126F4D414: succeeded to handle AppendEntries. Reply: s0<-s1#42:OK,SUCCESS,nextIndex:39,term:1,followerCommit:37
2019-09-26 13:59:57,889 DEBUG impl.RaftServerImpl (RaftServerImpl.java:logAppendEntries(850)) - s2@group-6FC126F4D414: succeeded to handle AppendEntries. Reply: s0<-s2#43:OK,SUCCESS,nextIndex:40,term:1,followerCommit:37
2019-09-26 13:59:57,889 DEBUG impl.RaftServerImpl (RaftServerImpl.java:logAppendEntries(850)) - s1@group-6FC126F4D414: succeeded to handle AppendEntries. Reply: s0<-s1#43:OK,SUCCESS,nextIndex:40,term:1,followerCommit:37
2019-09-26 13:59:57,892 DEBUG impl.RaftServerImpl (RaftServerImpl.java:logAppendEntries(850)) - s1@group-6FC126F4D414: receive appendEntries(s0, 1, (t:1, i:39), 39, false, commits[s0:c39, s1:c37, s2:c37], entries: (t:1, i:40), METADATAENTRY(c39)
2019-09-26 13:59:57,892 DEBUG impl.RaftServerImpl (RaftServerImpl.java:logAppendEntries(850)) - s2@group-6FC126F4D414: receive appendEntries(s0, 1, (t:1, i:39), 39, false, commits[s0:c39, s1:c37, s2:c37], entries: (t:1, i:40), METADATAENTRY(c39)
2019-09-26 13:59:57,893 INFO  ratis.MiniRaftCluster (MiniRaftCluster.java:addNewPeers(403)) - Add new peers [s3, s4]
2019-09-26 13:59:57,893 INFO  ratis.MiniRaftCluster (MiniRaftCluster.java:newRaftServer(330)) - newRaftServer: s3, group-6FC126F4D414:[s0:0.0.0.0:38702, s1:0.0.0.0:42926, s2:0.0.0.0:35997], format? true
2019-09-26 13:59:57,893 TRACE util.FileUtils (FileUtils.java:deleteFully(88)) - deleteFully target/test/data/700eb1ac/MiniRaftClusterWithGrpc3eb27c68/s3
2019-09-26 13:59:57,893 TRACE util.FileUtils (FileUtils.java:deleteFully(104)) - deleteFully: target/test/data/700eb1ac/MiniRaftClusterWithGrpc3eb27c68/s3 does not exist.
2019-09-26 13:59:57,893 INFO  ratis.MiniRaftCluster (MiniRaftCluster.java:newRaftServer(335)) - Formatted directory target/test/data/700eb1ac/MiniRaftClusterWithGrpc3eb27c68/s3
2019-09-26 13:59:57,894 INFO  impl.RaftServerProxy (ConfUtils.java:logGet(43)) - raft.rpc.type = GRPC (default)
2019-09-26 13:59:57,894 INFO  grpc.GrpcFactory (GrpcFactory.java:checkPooledByteBufAllocatorUseCacheForAllThreads(45)) - PERFORMANCE WARNING: useCacheForAllThreads is true that may cause Netty to create a lot garbage objects and, as a result, trigger GC.
	It is recommended to disable useCacheForAllThreads by setting -Dorg.apache.ratis.thirdparty.io.netty.allocator.useCacheForAllThreads=false in command line.
2019-09-26 13:59:57,894 INFO  grpc.GrpcConfigKeys$Server (ConfUtils.java:logGet(43)) - raft.grpc.server.port = 42361 (custom)
2019-09-26 13:59:57,894 INFO  server.GrpcService (ConfUtils.java:logGet(43)) - raft.grpc.message.size.max = 64MB (=67108864) (default)
2019-09-26 13:59:57,895 INFO  server.RaftServerConfigKeys (ConfUtils.java:logGet(43)) - raft.server.log.appender.buffer.byte-limit = 4MB (=4194304) (default)
2019-09-26 13:59:57,895 INFO  server.GrpcService (ConfUtils.java:logGet(43)) - raft.grpc.flow.control.window = 1MB (=1048576) (default)
2019-09-26 13:59:57,895 INFO  server.RaftServerConfigKeys (ConfUtils.java:logGet(43)) - raft.server.rpc.request.timeout = 3000ms (default)
2019-09-26 13:59:57,896 INFO  server.RaftServerConfigKeys (ConfUtils.java:logGet(43)) - raft.server.storage.dir = [/workdir/ratis-test/target/test/data/700eb1ac/MiniRaftClusterWithGrpc3eb27c68/s3] (custom)
2019-09-26 13:59:57,896 INFO  impl.RaftServerProxy (RaftServerProxy.java:addNew(89)) - s3: addNew group-6FC126F4D414:[s0:0.0.0.0:38702, s1:0.0.0.0:42926, s2:0.0.0.0:35997] returns group-6FC126F4D414:java.util.concurrent.CompletableFuture@49e98323[Not completed]
2019-09-26 13:59:57,896 INFO  impl.RaftServerImpl (RaftServerImpl.java:<init>(95)) - s3: new RaftServerImpl for group-6FC126F4D414:[s0:0.0.0.0:38702, s1:0.0.0.0:42926, s2:0.0.0.0:35997] with BaseStateMachine:uninitialized
2019-09-26 13:59:57,896 INFO  ratis.MiniRaftCluster (MiniRaftCluster.java:newRaftServer(330)) - newRaftServer: s4, group-6FC126F4D414:[s0:0.0.0.0:38702, s1:0.0.0.0:42926, s2:0.0.0.0:35997], format? true
2019-09-26 13:59:57,897 INFO  server.RaftServerConfigKeys (ConfUtils.java:logGet(43)) - raft.server.rpc.timeout.min = 150ms (default)
2019-09-26 13:59:57,897 TRACE util.FileUtils (FileUtils.java:deleteFully(88)) - deleteFully target/test/data/700eb1ac/MiniRaftClusterWithGrpc3eb27c68/s4
2019-09-26 13:59:57,897 INFO  server.RaftServerConfigKeys (ConfUtils.java:logGet(43)) - raft.server.rpc.timeout.max = 300ms (default)
2019-09-26 13:59:57,897 INFO  server.RaftServerConfigKeys (ConfUtils.java:logGet(43)) - raft.server.rpcslowness.timeout = 60s (default)
2019-09-26 13:59:57,897 TRACE util.FileUtils (FileUtils.java:deleteFully(104)) - deleteFully: target/test/data/700eb1ac/MiniRaftClusterWithGrpc3eb27c68/s4 does not exist.
2019-09-26 13:59:57,897 INFO  server.RaftServerConfigKeys (ConfUtils.java:logGet(43)) - raft.server.sleep.deviation.threshold = 300 (default)
2019-09-26 13:59:57,897 INFO  ratis.MiniRaftCluster (MiniRaftCluster.java:newRaftServer(335)) - Formatted directory target/test/data/700eb1ac/MiniRaftClusterWithGrpc3eb27c68/s4
2019-09-26 13:59:57,897 INFO  server.RaftServerConfigKeys (ConfUtils.java:logGet(43)) - raft.server.log.appender.install.snapshot.enabled = true (default)
2019-09-26 13:59:57,898 INFO  impl.RaftServerImpl (ServerState.java:<init>(103)) - s3@group-6FC126F4D414: ConfigurationManager, init=-1: [s0:0.0.0.0:38702, s1:0.0.0.0:42926, s2:0.0.0.0:35997], old=null, confs=<EMPTY_MAP>
2019-09-26 13:59:57,898 INFO  impl.RaftServerProxy (ConfUtils.java:logGet(43)) - raft.rpc.type = GRPC (default)
2019-09-26 13:59:57,898 INFO  server.RaftServerConfigKeys (ConfUtils.java:logGet(43)) - raft.server.storage.dir = [/workdir/ratis-test/target/test/data/700eb1ac/MiniRaftClusterWithGrpc3eb27c68/s3] (custom)
2019-09-26 13:59:57,898 INFO  grpc.GrpcFactory (GrpcFactory.java:checkPooledByteBufAllocatorUseCacheForAllThreads(45)) - PERFORMANCE WARNING: useCacheForAllThreads is true that may cause Netty to create a lot garbage objects and, as a result, trigger GC.
	It is recommended to disable useCacheForAllThreads by setting -Dorg.apache.ratis.thirdparty.io.netty.allocator.useCacheForAllThreads=false in command line.
2019-09-26 13:59:57,898 INFO  server.RaftServerConfigKeys (ConfUtils.java:logGet(43)) - raft.server.log.corruption.policy = EXCEPTION (default)
2019-09-26 13:59:57,898 INFO  grpc.GrpcConfigKeys$Server (ConfUtils.java:logGet(43)) - raft.grpc.server.port = 38122 (custom)
2019-09-26 13:59:57,898 INFO  storage.RaftStorageDirectory (RaftStorageDirectory.java:analyzeStorage(246)) - The storage directory /workdir/ratis-test/target/test/data/700eb1ac/MiniRaftClusterWithGrpc3eb27c68/s3/43873872-efba-44b7-a775-6fc126f4d414 does not exist. Creating ...
2019-09-26 13:59:57,898 INFO  server.GrpcService (ConfUtils.java:logGet(43)) - raft.grpc.message.size.max = 64MB (=67108864) (default)
2019-09-26 13:59:57,899 INFO  server.RaftServerConfigKeys (ConfUtils.java:logGet(43)) - raft.server.log.appender.buffer.byte-limit = 4MB (=4194304) (default)
2019-09-26 13:59:57,899 INFO  server.GrpcService (ConfUtils.java:logGet(43)) - raft.grpc.flow.control.window = 1MB (=1048576) (default)
2019-09-26 13:59:57,899 TRACE util.FileUtils (LogUtils.java:runAndLog(61)) - Successfully ran Files.createDirectories /workdir/ratis-test/target/test/data/700eb1ac/MiniRaftClusterWithGrpc3eb27c68/s3/43873872-efba-44b7-a775-6fc126f4d414
2019-09-26 13:59:57,899 INFO  server.RaftServerConfigKeys (ConfUtils.java:logGet(43)) - raft.server.rpc.request.timeout = 3000ms (default)
2019-09-26 13:59:57,899 INFO  server.RaftServerConfigKeys (ConfUtils.java:logGet(43)) - raft.server.storage.dir = [/workdir/ratis-test/target/test/data/700eb1ac/MiniRaftClusterWithGrpc3eb27c68/s4] (custom)
2019-09-26 13:59:57,900 INFO  impl.RaftServerProxy (RaftServerProxy.java:addNew(89)) - s4: addNew group-6FC126F4D414:[s0:0.0.0.0:38702, s1:0.0.0.0:42926, s2:0.0.0.0:35997] returns group-6FC126F4D414:java.util.concurrent.CompletableFuture@4fadd80[Not completed]
2019-09-26 13:59:57,900 INFO  impl.RaftServerImpl (RaftServerImpl.java:<init>(95)) - s4: new RaftServerImpl for group-6FC126F4D414:[s0:0.0.0.0:38702, s1:0.0.0.0:42926, s2:0.0.0.0:35997] with BaseStateMachine:uninitialized
2019-09-26 13:59:57,900 INFO  server.RaftServerConfigKeys (ConfUtils.java:logGet(43)) - raft.server.rpc.timeout.min = 150ms (default)
2019-09-26 13:59:57,900 INFO  server.RaftServerConfigKeys (ConfUtils.java:logGet(43)) - raft.server.rpc.timeout.max = 300ms (default)
2019-09-26 13:59:57,900 INFO  server.RaftServerConfigKeys (ConfUtils.java:logGet(43)) - raft.server.rpcslowness.timeout = 60s (default)
2019-09-26 13:59:57,901 INFO  server.RaftServerConfigKeys (ConfUtils.java:logGet(43)) - raft.server.sleep.deviation.threshold = 300 (default)
2019-09-26 13:59:57,901 INFO  server.RaftServerConfigKeys (ConfUtils.java:logGet(43)) - raft.server.log.appender.install.snapshot.enabled = true (default)
2019-09-26 13:59:57,901 INFO  impl.RaftServerImpl (ServerState.java:<init>(103)) - s4@group-6FC126F4D414: ConfigurationManager, init=-1: [s0:0.0.0.0:38702, s1:0.0.0.0:42926, s2:0.0.0.0:35997], old=null, confs=<EMPTY_MAP>
2019-09-26 13:59:57,901 INFO  server.RaftServerConfigKeys (ConfUtils.java:logGet(43)) - raft.server.storage.dir = [/workdir/ratis-test/target/test/data/700eb1ac/MiniRaftClusterWithGrpc3eb27c68/s4] (custom)
2019-09-26 13:59:57,901 INFO  server.RaftServerConfigKeys (ConfUtils.java:logGet(43)) - raft.server.log.corruption.policy = EXCEPTION (default)
2019-09-26 13:59:57,901 DEBUG impl.RaftServerImpl (RaftServerImpl.java:logAppendEntries(850)) - s2@group-6FC126F4D414: succeeded to handle AppendEntries. Reply: s0<-s2#44:OK,SUCCESS,nextIndex:41,term:1,followerCommit:39
2019-09-26 13:59:57,901 DEBUG impl.RaftServerImpl (RaftServerImpl.java:logAppendEntries(850)) - s1@group-6FC126F4D414: succeeded to handle AppendEntries. Reply: s0<-s1#44:OK,SUCCESS,nextIndex:41,term:1,followerCommit:39
2019-09-26 13:59:57,901 INFO  storage.RaftStorageDirectory (RaftStorageDirectory.java:analyzeStorage(246)) - The storage directory /workdir/ratis-test/target/test/data/700eb1ac/MiniRaftClusterWithGrpc3eb27c68/s4/43873872-efba-44b7-a775-6fc126f4d414 does not exist. Creating ...
2019-09-26 13:59:57,903 TRACE util.FileUtils (LogUtils.java:runAndLog(61)) - Successfully ran Files.createDirectories /workdir/ratis-test/target/test/data/700eb1ac/MiniRaftClusterWithGrpc3eb27c68/s4/43873872-efba-44b7-a775-6fc126f4d414
2019-09-26 13:59:57,903 INFO  storage.RaftStorageDirectory (RaftStorageDirectory.java:tryLock(328)) - Lock on /workdir/ratis-test/target/test/data/700eb1ac/MiniRaftClusterWithGrpc3eb27c68/s3/43873872-efba-44b7-a775-6fc126f4d414/in_use.lock acquired by nodename 26961@ratis-test-vpfcj-1787858657
2019-09-26 13:59:57,904 TRACE util.FileUtils (LogUtils.java:runAndLog(61)) - Successfully ran Files.createDirectories /workdir/ratis-test/target/test/data/700eb1ac/MiniRaftClusterWithGrpc3eb27c68/s3/43873872-efba-44b7-a775-6fc126f4d414/current
2019-09-26 13:59:57,904 TRACE util.FileUtils (LogUtils.java:runAndLog(61)) - Successfully ran Files.createDirectories /workdir/ratis-test/target/test/data/700eb1ac/MiniRaftClusterWithGrpc3eb27c68/s3/43873872-efba-44b7-a775-6fc126f4d414/sm
2019-09-26 13:59:57,907 INFO  storage.RaftStorageDirectory (RaftStorageDirectory.java:tryLock(328)) - Lock on /workdir/ratis-test/target/test/data/700eb1ac/MiniRaftClusterWithGrpc3eb27c68/s4/43873872-efba-44b7-a775-6fc126f4d414/in_use.lock acquired by nodename 26961@ratis-test-vpfcj-1787858657
2019-09-26 13:59:57,907 INFO  storage.RaftStorage (RaftStorage.java:format(84)) - Storage directory /workdir/ratis-test/target/test/data/700eb1ac/MiniRaftClusterWithGrpc3eb27c68/s3/43873872-efba-44b7-a775-6fc126f4d414 has been successfully formatted.
2019-09-26 13:59:57,908 TRACE util.FileUtils (LogUtils.java:runAndLog(61)) - Successfully ran Files.createDirectories /workdir/ratis-test/target/test/data/700eb1ac/MiniRaftClusterWithGrpc3eb27c68/s4/43873872-efba-44b7-a775-6fc126f4d414/current
2019-09-26 13:59:57,908 INFO  server.RaftServerConfigKeys (ConfUtils.java:logGet(43)) - raft.server.notification.no-leader.timeout = 60s (default)
2019-09-26 13:59:57,908 INFO  server.RaftServerConfigKeys (ConfUtils.java:logGet(43)) - raft.server.log.use.memory = false (default)
2019-09-26 13:59:57,908 TRACE util.FileUtils (LogUtils.java:runAndLog(61)) - Successfully ran Files.createDirectories /workdir/ratis-test/target/test/data/700eb1ac/MiniRaftClusterWithGrpc3eb27c68/s4/43873872-efba-44b7-a775-6fc126f4d414/sm
2019-09-26 13:59:57,908 INFO  server.RaftServerConfigKeys (ConfUtils.java:logGet(43)) - raft.server.log.purge.gap = 1024 (default)
2019-09-26 13:59:57,908 INFO  server.RaftServerConfigKeys (ConfUtils.java:logGet(43)) - raft.server.log.appender.buffer.byte-limit = 4MB (=4194304) (default)
2019-09-26 13:59:57,908 INFO  server.RaftServerConfigKeys (ConfUtils.java:logGet(43)) - raft.server.log.segment.size.max = 8MB (=8388608) (default)
2019-09-26 13:59:57,908 INFO  server.RaftServerConfigKeys (ConfUtils.java:logGet(43)) - raft.server.log.segment.cache.num.max = 6 (default)
2019-09-26 13:59:57,909 INFO  segmented.SegmentedRaftLogWorker (SegmentedRaftLogWorker.java:<init>(172)) - new s3@group-6FC126F4D414-SegmentedRaftLogWorker for RaftStorage:Storage Directory /workdir/ratis-test/target/test/data/700eb1ac/MiniRaftClusterWithGrpc3eb27c68/s3/43873872-efba-44b7-a775-6fc126f4d414
2019-09-26 13:59:57,909 INFO  server.RaftServerConfigKeys (ConfUtils.java:logGet(43)) - raft.server.log.queue.byte-limit = 64MB (=67108864) (default)
2019-09-26 13:59:57,909 INFO  server.RaftServerConfigKeys (ConfUtils.java:logGet(43)) - raft.server.log.queue.element-limit = 4096 (default)
2019-09-26 13:59:57,909 INFO  server.RaftServerConfigKeys (ConfUtils.java:logGet(43)) - raft.server.log.segment.size.max = 8MB (=8388608) (default)
2019-09-26 13:59:57,909 INFO  server.RaftServerConfigKeys (ConfUtils.java:logGet(43)) - raft.server.log.preallocated.size = 4MB (=4194304) (default)
2019-09-26 13:59:57,909 INFO  server.RaftServerConfigKeys (ConfUtils.java:logGet(43)) - raft.server.log.write.buffer.size = 64KB (=65536) (default)
2019-09-26 13:59:57,909 INFO  server.RaftServerConfigKeys (ConfUtils.java:logGet(43)) - raft.server.log.force.sync.num = 128 (default)
2019-09-26 13:59:57,909 INFO  server.RaftServerConfigKeys (ConfUtils.java:logGet(43)) - raft.server.log.statemachine.data.sync = true (default)
2019-09-26 13:59:57,909 INFO  server.RaftServerConfigKeys (ConfUtils.java:logGet(43)) - raft.server.log.statemachine.data.sync.timeout = 10s (default)
2019-09-26 13:59:57,909 INFO  server.RaftServerConfigKeys (ConfUtils.java:logGet(43)) - raft.server.log.statemachine.data.sync.timeout.retry = -1 (default)
2019-09-26 13:59:57,910 INFO  server.RaftServerConfigKeys (ConfUtils.java:logGet(43)) - raft.server.log.statemachine.data.caching.enabled = false (default)
2019-09-26 13:59:57,910 INFO  segmented.SegmentedRaftLogWorker (SegmentedRaftLogWorker.java:lambda$new$0(132)) - s3@group-6FC126F4D414-SegmentedRaftLogWorker: flushIndex: setUnconditionally 0 -> -1
2019-09-26 13:59:57,910 INFO  server.RaftServerConfigKeys (ConfUtils.java:logGet(43)) - raft.server.snapshot.auto.trigger.enabled = false (default)
2019-09-26 13:59:57,910 INFO  server.RaftServerConfigKeys (ConfUtils.java:logGet(43)) - raft.server.snapshot.retention.file.num = -1 (default)
2019-09-26 13:59:57,910 INFO  server.RaftServerConfigKeys (ConfUtils.java:logGet(43)) - raft.server.retrycache.expirytime = 60s (default)
2019-09-26 13:59:57,913 INFO  impl.RaftServerImpl (RaftServerImpl.java:start(184)) - s3@group-6FC126F4D414: start with initializing state, conf=-1: [s0:0.0.0.0:38702, s1:0.0.0.0:42926, s2:0.0.0.0:35997], old=null
2019-09-26 13:59:57,913 INFO  impl.RaftServerImpl (RaftServerImpl.java:setRole(170)) - s3@group-6FC126F4D414: changes role from      null to FOLLOWER at term 0 for startInitializing
2019-09-26 13:59:57,913 INFO  util.JmxRegister (JmxRegister.java:tryRegister(44)) - Successfully registered JMX Bean with object name Ratis:service=RaftServer,group=group-6FC126F4D414,id=s3
2019-09-26 13:59:57,915 INFO  impl.RaftServerProxy (RaftServerProxy.java:lambda$start$3(299)) - s3: start RPC server
2019-09-26 13:59:57,916 INFO  server.GrpcService (GrpcService.java:startImpl(158)) - s3: GrpcService started, listening on 0.0.0.0/0.0.0.0:42361
2019-09-26 13:59:57,921 INFO  storage.RaftStorage (RaftStorage.java:format(84)) - Storage directory /workdir/ratis-test/target/test/data/700eb1ac/MiniRaftClusterWithGrpc3eb27c68/s4/43873872-efba-44b7-a775-6fc126f4d414 has been successfully formatted.
2019-09-26 13:59:57,921 INFO  server.RaftServerConfigKeys (ConfUtils.java:logGet(43)) - raft.server.notification.no-leader.timeout = 60s (default)
2019-09-26 13:59:57,921 INFO  server.RaftServerConfigKeys (ConfUtils.java:logGet(43)) - raft.server.log.use.memory = false (default)
2019-09-26 13:59:57,921 INFO  server.RaftServerConfigKeys (ConfUtils.java:logGet(43)) - raft.server.log.purge.gap = 1024 (default)
2019-09-26 13:59:57,921 INFO  server.RaftServerConfigKeys (ConfUtils.java:logGet(43)) - raft.server.log.appender.buffer.byte-limit = 4MB (=4194304) (default)
2019-09-26 13:59:57,922 INFO  server.RaftServerConfigKeys (ConfUtils.java:logGet(43)) - raft.server.log.segment.size.max = 8MB (=8388608) (default)
2019-09-26 13:59:57,922 INFO  server.RaftServerConfigKeys (ConfUtils.java:logGet(43)) - raft.server.log.segment.cache.num.max = 6 (default)
2019-09-26 13:59:57,922 INFO  segmented.SegmentedRaftLogWorker (SegmentedRaftLogWorker.java:<init>(172)) - new s4@group-6FC126F4D414-SegmentedRaftLogWorker for RaftStorage:Storage Directory /workdir/ratis-test/target/test/data/700eb1ac/MiniRaftClusterWithGrpc3eb27c68/s4/43873872-efba-44b7-a775-6fc126f4d414
2019-09-26 13:59:57,922 INFO  server.RaftServerConfigKeys (ConfUtils.java:logGet(43)) - raft.server.log.queue.byte-limit = 64MB (=67108864) (default)
2019-09-26 13:59:57,922 INFO  server.RaftServerConfigKeys (ConfUtils.java:logGet(43)) - raft.server.log.queue.element-limit = 4096 (default)
2019-09-26 13:59:57,923 INFO  server.RaftServerConfigKeys (ConfUtils.java:logGet(43)) - raft.server.log.segment.size.max = 8MB (=8388608) (default)
2019-09-26 13:59:57,923 INFO  server.RaftServerConfigKeys (ConfUtils.java:logGet(43)) - raft.server.log.preallocated.size = 4MB (=4194304) (default)
2019-09-26 13:59:57,923 INFO  server.RaftServerConfigKeys (ConfUtils.java:logGet(43)) - raft.server.log.write.buffer.size = 64KB (=65536) (default)
2019-09-26 13:59:57,923 INFO  server.RaftServerConfigKeys (ConfUtils.java:logGet(43)) - raft.server.log.force.sync.num = 128 (default)
2019-09-26 13:59:57,923 INFO  server.RaftServerConfigKeys (ConfUtils.java:logGet(43)) - raft.server.log.statemachine.data.sync = true (default)
2019-09-26 13:59:57,923 INFO  server.RaftServerConfigKeys (ConfUtils.java:logGet(43)) - raft.server.log.statemachine.data.sync.timeout = 10s (default)
2019-09-26 13:59:57,924 INFO  server.RaftServerConfigKeys (ConfUtils.java:logGet(43)) - raft.server.log.statemachine.data.sync.timeout.retry = -1 (default)
2019-09-26 13:59:57,924 INFO  server.RaftServerConfigKeys (ConfUtils.java:logGet(43)) - raft.server.log.statemachine.data.caching.enabled = false (default)
2019-09-26 13:59:57,924 INFO  segmented.SegmentedRaftLogWorker (SegmentedRaftLogWorker.java:lambda$new$0(132)) - s4@group-6FC126F4D414-SegmentedRaftLogWorker: flushIndex: setUnconditionally 0 -> -1
2019-09-26 13:59:57,925 INFO  server.RaftServerConfigKeys (ConfUtils.java:logGet(43)) - raft.server.snapshot.auto.trigger.enabled = false (default)
2019-09-26 13:59:57,925 INFO  server.RaftServerConfigKeys (ConfUtils.java:logGet(43)) - raft.server.snapshot.retention.file.num = -1 (default)
2019-09-26 13:59:57,925 INFO  server.RaftServerConfigKeys (ConfUtils.java:logGet(43)) - raft.server.retrycache.expirytime = 60s (default)
2019-09-26 13:59:57,928 INFO  impl.RaftServerImpl (RaftServerImpl.java:start(184)) - s4@group-6FC126F4D414: start with initializing state, conf=-1: [s0:0.0.0.0:38702, s1:0.0.0.0:42926, s2:0.0.0.0:35997], old=null
2019-09-26 13:59:57,928 INFO  impl.RaftServerImpl (RaftServerImpl.java:setRole(170)) - s4@group-6FC126F4D414: changes role from      null to FOLLOWER at term 0 for startInitializing
2019-09-26 13:59:57,928 INFO  util.JmxRegister (JmxRegister.java:tryRegister(44)) - Successfully registered JMX Bean with object name Ratis:service=RaftServer,group=group-6FC126F4D414,id=s4
2019-09-26 13:59:57,930 INFO  impl.RaftServerProxy (RaftServerProxy.java:lambda$start$3(299)) - s4: start RPC server
2019-09-26 13:59:57,932 INFO  server.GrpcService (GrpcService.java:startImpl(158)) - s4: GrpcService started, listening on 0.0.0.0/0.0.0.0:38122
2019-09-26 13:59:57,932 INFO  grpc.TestRaftReconfigurationWithGrpc (RaftReconfigurationBaseTest.java:runTestBootstrapReconf(270)) - Start changing the configuration: [s3:0.0.0.0:42361, s4:0.0.0.0:38122, s0:0.0.0.0:38702, s1:0.0.0.0:42926, s2:0.0.0.0:35997]
2019-09-26 13:59:57,935 INFO  impl.RaftServerImpl (RaftServerImpl.java:setConfigurationAsync(658)) - s0@group-6FC126F4D414: receive setConfiguration SetConfigurationRequest:client-9BB0DE3724AC->s0@group-6FC126F4D414, cid=24, seq=0, RW, null, peers:[s3:0.0.0.0:42361, s4:0.0.0.0:38122, s0:0.0.0.0:38702, s1:0.0.0.0:42926, s2:0.0.0.0:35997]
2019-09-26 13:59:57,935 INFO  impl.RaftServerImpl (LeaderState.java:startSetConfiguration(287)) - s0@group-6FC126F4D414-LeaderState: startSetConfiguration SetConfigurationRequest:client-9BB0DE3724AC->s0@group-6FC126F4D414, cid=24, seq=0, RW, null, peers:[s3:0.0.0.0:42361, s4:0.0.0.0:38122, s0:0.0.0.0:38702, s1:0.0.0.0:42926, s2:0.0.0.0:35997]
2019-09-26 13:59:57,936 INFO  server.RaftServerConfigKeys (ConfUtils.java:logGet(43)) - raft.server.log.appender.snapshot.chunk.size.max = 16MB (=16777216) (default)
2019-09-26 13:59:57,936 INFO  server.RaftServerConfigKeys (ConfUtils.java:logGet(43)) - raft.server.log.appender.buffer.byte-limit = 4MB (=4194304) (default)
2019-09-26 13:59:57,936 INFO  server.RaftServerConfigKeys (ConfUtils.java:logGet(43)) - raft.server.log.appender.buffer.element-limit = 0 (default)
2019-09-26 13:59:57,936 INFO  grpc.GrpcConfigKeys$Server (ConfUtils.java:logGet(43)) - raft.grpc.server.leader.outstanding.appends.max = 128 (default)
2019-09-26 13:59:57,936 INFO  server.RaftServerConfigKeys (ConfUtils.java:logGet(43)) - raft.server.rpc.request.timeout = 3000ms (default)
2019-09-26 13:59:57,937 INFO  server.RaftServerConfigKeys (ConfUtils.java:logGet(43)) - raft.server.log.appender.install.snapshot.enabled = true (default)
2019-09-26 13:59:57,937 INFO  server.RaftServerConfigKeys (ConfUtils.java:logGet(43)) - raft.server.log.appender.snapshot.chunk.size.max = 16MB (=16777216) (default)
2019-09-26 13:59:57,937 INFO  server.RaftServerConfigKeys (ConfUtils.java:logGet(43)) - raft.server.log.appender.buffer.byte-limit = 4MB (=4194304) (default)
2019-09-26 13:59:57,937 INFO  server.RaftServerConfigKeys (ConfUtils.java:logGet(43)) - raft.server.log.appender.buffer.element-limit = 0 (default)
2019-09-26 13:59:57,937 INFO  grpc.GrpcConfigKeys$Server (ConfUtils.java:logGet(43)) - raft.grpc.server.leader.outstanding.appends.max = 128 (default)
2019-09-26 13:59:57,937 INFO  server.RaftServerConfigKeys (ConfUtils.java:logGet(43)) - raft.server.rpc.request.timeout = 3000ms (default)
2019-09-26 13:59:57,938 INFO  server.RaftServerConfigKeys (ConfUtils.java:logGet(43)) - raft.server.log.appender.install.snapshot.enabled = true (default)
2019-09-26 13:59:57,954 INFO  impl.RaftServerImpl (ServerState.java:setLeader(254)) - s3@group-6FC126F4D414: change Leader from null to s0 at term 1 for appendEntries, leader elected after 46ms
2019-09-26 13:59:57,954 INFO  impl.RaftServerImpl (ServerState.java:setLeader(254)) - s4@group-6FC126F4D414: change Leader from null to s0 at term 1 for appendEntries, leader elected after 33ms
2019-09-26 13:59:57,955 INFO  impl.RaftServerImpl (RaftServerImpl.java:checkInconsistentAppendEntries(999)) - s3@group-6FC126F4D414: Failed appendEntries as previous log entry ((t:1, i:40)) is not found
2019-09-26 13:59:57,955 INFO  impl.RaftServerImpl (RaftServerImpl.java:checkInconsistentAppendEntries(999)) - s4@group-6FC126F4D414: Failed appendEntries as previous log entry ((t:1, i:40)) is not found
2019-09-26 13:59:57,955 INFO  impl.RaftServerImpl (RaftServerImpl.java:checkInconsistentAppendEntries(972)) - s3@group-6FC126F4D414: inconsistency entries. Reply:s0<-s3#0:FAIL,INCONSISTENCY,nextIndex:1,term:0,followerCommit:-1
2019-09-26 13:59:57,955 INFO  impl.RaftServerImpl (RaftServerImpl.java:checkInconsistentAppendEntries(972)) - s4@group-6FC126F4D414: inconsistency entries. Reply:s0<-s4#0:FAIL,INCONSISTENCY,nextIndex:1,term:0,followerCommit:-1
2019-09-26 13:59:57,956 INFO  impl.FollowerInfo (FollowerInfo.java:lambda$new$0(51)) - s0@group-6FC126F4D414->s3: nextIndex: updateUnconditionally 41 -> 1
2019-09-26 13:59:57,956 INFO  impl.FollowerInfo (FollowerInfo.java:lambda$new$0(51)) - s0@group-6FC126F4D414->s4: nextIndex: updateUnconditionally 41 -> 1
2019-09-26 13:59:57,959 DEBUG impl.RaftServerImpl (RaftServerImpl.java:logAppendEntries(850)) - s4@group-6FC126F4D414: receive appendEntries(s0, 1, (t:1, i:0), 40, true, commits[s0:c40, s1:c39, s2:c39, s3:c-1, s4:c-1], entries: [(t:1, i:1), STATEMACHINELOGENTRY, client-9BB0DE3724AC, cid=4, (t:1, i:2), METADATAENTRY(c1), (t:1, i:3), STATEMACHINELOGENTRY, client-9BB0DE3724AC, cid=5, (t:1, i:4), METADATAENTRY(c3), (t:1, i:5), STATEMACHINELOGENTRY, client-9BB0DE3724AC, cid=6, (t:1, i:6), METADATAENTRY(c5), (t:1, i:7), STATEMACHINELOGENTRY, client-9BB0DE3724AC, cid=7, (t:1, i:8), METADATAENTRY(c7), (t:1, i:9), STATEMACHINELOGENTRY, client-9BB0DE3724AC, cid=8, (t:1, i:10), METADATAENTRY(c9), (t:1, i:11), STATEMACHINELOGENTRY, client-9BB0DE3724AC, cid=9, (t:1, i:12), METADATAENTRY(c11), (t:1, i:13), STATEMACHINELOGENTRY, client-9BB0DE3724AC, cid=10, (t:1, i:14), METADATAENTRY(c13), (t:1, i:15), STATEMACHINELOGENTRY, client-9BB0DE3724AC, cid=11, (t:1, i:16), METADATAENTRY(c15), (t:1, i:17), STATEMACHINELOGENTRY, client-9BB0DE3724AC, cid=12, (t:1, i:18), METADATAENTRY(c17), (t:1, i:19), STATEMACHINELOGENTRY, client-9BB0DE3724AC, cid=13, (t:1, i:20), METADATAENTRY(c19), (t:1, i:21), STATEMACHINELOGENTRY, client-9BB0DE3724AC, cid=14, (t:1, i:22), METADATAENTRY(c21), (t:1, i:23), STATEMACHINELOGENTRY, client-9BB0DE3724AC, cid=15, (t:1, i:24), METADATAENTRY(c23), (t:1, i:25), STATEMACHINELOGENTRY, client-9BB0DE3724AC, cid=16, (t:1, i:26), METADATAENTRY(c25), (t:1, i:27), STATEMACHINELOGENTRY, client-9BB0DE3724AC, cid=17, (t:1, i:28), METADATAENTRY(c27), (t:1, i:29), STATEMACHINELOGENTRY, client-9BB0DE3724AC, cid=18, (t:1, i:30), METADATAENTRY(c29), (t:1, i:31), STATEMACHINELOGENTRY, client-9BB0DE3724AC, cid=19, (t:1, i:32), METADATAENTRY(c31), (t:1, i:33), STATEMACHINELOGENTRY, client-9BB0DE3724AC, cid=20, (t:1, i:34), METADATAENTRY(c33), (t:1, i:35), STATEMACHINELOGENTRY, client-9BB0DE3724AC, cid=21, (t:1, i:36), METADATAENTRY(c35), (t:1, i:37), STATEMACHINELOGENTRY, client-9BB0DE3724AC, cid=22, (t:1, i:38), METADATAENTRY(c37), (t:1, i:39), STATEMACHINELOGENTRY, client-9BB0DE3724AC, cid=23, (t:1, i:40), METADATAENTRY(c39)]
2019-09-26 13:59:57,959 DEBUG impl.RaftServerImpl (RaftServerImpl.java:logAppendEntries(850)) - s3@group-6FC126F4D414: receive appendEntries(s0, 1, (t:1, i:0), 40, true, commits[s0:c40, s1:c39, s2:c39, s3:c-1, s4:c-1], entries: [(t:1, i:1), STATEMACHINELOGENTRY, client-9BB0DE3724AC, cid=4, (t:1, i:2), METADATAENTRY(c1), (t:1, i:3), STATEMACHINELOGENTRY, client-9BB0DE3724AC, cid=5, (t:1, i:4), METADATAENTRY(c3), (t:1, i:5), STATEMACHINELOGENTRY, client-9BB0DE3724AC, cid=6, (t:1, i:6), METADATAENTRY(c5), (t:1, i:7), STATEMACHINELOGENTRY, client-9BB0DE3724AC, cid=7, (t:1, i:8), METADATAENTRY(c7), (t:1, i:9), STATEMACHINELOGENTRY, client-9BB0DE3724AC, cid=8, (t:1, i:10), METADATAENTRY(c9), (t:1, i:11), STATEMACHINELOGENTRY, client-9BB0DE3724AC, cid=9, (t:1, i:12), METADATAENTRY(c11), (t:1, i:13), STATEMACHINELOGENTRY, client-9BB0DE3724AC, cid=10, (t:1, i:14), METADATAENTRY(c13), (t:1, i:15), STATEMACHINELOGENTRY, client-9BB0DE3724AC, cid=11, (t:1, i:16), METADATAENTRY(c15), (t:1, i:17), STATEMACHINELOGENTRY, client-9BB0DE3724AC, cid=12, (t:1, i:18), METADATAENTRY(c17), (t:1, i:19), STATEMACHINELOGENTRY, client-9BB0DE3724AC, cid=13, (t:1, i:20), METADATAENTRY(c19), (t:1, i:21), STATEMACHINELOGENTRY, client-9BB0DE3724AC, cid=14, (t:1, i:22), METADATAENTRY(c21), (t:1, i:23), STATEMACHINELOGENTRY, client-9BB0DE3724AC, cid=15, (t:1, i:24), METADATAENTRY(c23), (t:1, i:25), STATEMACHINELOGENTRY, client-9BB0DE3724AC, cid=16, (t:1, i:26), METADATAENTRY(c25), (t:1, i:27), STATEMACHINELOGENTRY, client-9BB0DE3724AC, cid=17, (t:1, i:28), METADATAENTRY(c27), (t:1, i:29), STATEMACHINELOGENTRY, client-9BB0DE3724AC, cid=18, (t:1, i:30), METADATAENTRY(c29), (t:1, i:31), STATEMACHINELOGENTRY, client-9BB0DE3724AC, cid=19, (t:1, i:32), METADATAENTRY(c31), (t:1, i:33), STATEMACHINELOGENTRY, client-9BB0DE3724AC, cid=20, (t:1, i:34), METADATAENTRY(c33), (t:1, i:35), STATEMACHINELOGENTRY, client-9BB0DE3724AC, cid=21, (t:1, i:36), METADATAENTRY(c35), (t:1, i:37), STATEMACHINELOGENTRY, client-9BB0DE3724AC, cid=22, (t:1, i:38), METADATAENTRY(c37), (t:1, i:39), STATEMACHINELOGENTRY, client-9BB0DE3724AC, cid=23, (t:1, i:40), METADATAENTRY(c39)]
2019-09-26 13:59:57,960 INFO  impl.RaftServerImpl (RaftServerImpl.java:checkInconsistentAppendEntries(999)) - s4@group-6FC126F4D414: Failed appendEntries as previous log entry ((t:1, i:0)) is not found
2019-09-26 13:59:57,961 INFO  impl.RaftServerImpl (RaftServerImpl.java:checkInconsistentAppendEntries(999)) - s3@group-6FC126F4D414: Failed appendEntries as previous log entry ((t:1, i:0)) is not found
2019-09-26 13:59:57,961 INFO  impl.RaftServerImpl (RaftServerImpl.java:checkInconsistentAppendEntries(972)) - s4@group-6FC126F4D414: inconsistency entries. Reply:s0<-s4#1:FAIL,INCONSISTENCY,nextIndex:0,term:1,followerCommit:-1
2019-09-26 13:59:57,963 INFO  impl.RaftServerImpl (RaftServerImpl.java:checkInconsistentAppendEntries(972)) - s3@group-6FC126F4D414: inconsistency entries. Reply:s0<-s3#1:FAIL,INCONSISTENCY,nextIndex:0,term:1,followerCommit:-1
2019-09-26 13:59:57,964 INFO  impl.FollowerInfo (FollowerInfo.java:lambda$new$0(51)) - s0@group-6FC126F4D414->s4: nextIndex: updateUnconditionally 41 -> 0
2019-09-26 13:59:57,964 INFO  impl.FollowerInfo (FollowerInfo.java:lambda$new$0(51)) - s0@group-6FC126F4D414->s3: nextIndex: updateUnconditionally 41 -> 0
2019-09-26 13:59:57,966 DEBUG impl.RaftServerImpl (RaftServerImpl.java:logAppendEntries(850)) - s4@group-6FC126F4D414: receive appendEntries(s0, 1, null, 40, true, commits[s0:c40, s1:c39, s2:c39, s3:c-1, s4:c-1], entries: [(t:1, i:0), CONFIGURATIONENTRY, (t:1, i:1), STATEMACHINELOGENTRY, client-9BB0DE3724AC, cid=4, (t:1, i:2), METADATAENTRY(c1), (t:1, i:3), STATEMACHINELOGENTRY, client-9BB0DE3724AC, cid=5, (t:1, i:4), METADATAENTRY(c3), (t:1, i:5), STATEMACHINELOGENTRY, client-9BB0DE3724AC, cid=6, (t:1, i:6), METADATAENTRY(c5), (t:1, i:7), STATEMACHINELOGENTRY, client-9BB0DE3724AC, cid=7, (t:1, i:8), METADATAENTRY(c7), (t:1, i:9), STATEMACHINELOGENTRY, client-9BB0DE3724AC, cid=8, (t:1, i:10), METADATAENTRY(c9), (t:1, i:11), STATEMACHINELOGENTRY, client-9BB0DE3724AC, cid=9, (t:1, i:12), METADATAENTRY(c11), (t:1, i:13), STATEMACHINELOGENTRY, client-9BB0DE3724AC, cid=10, (t:1, i:14), METADATAENTRY(c13), (t:1, i:15), STATEMACHINELOGENTRY, client-9BB0DE3724AC, cid=11, (t:1, i:16), METADATAENTRY(c15), (t:1, i:17), STATEMACHINELOGENTRY, client-9BB0DE3724AC, cid=12, (t:1, i:18), METADATAENTRY(c17), (t:1, i:19), STATEMACHINELOGENTRY, client-9BB0DE3724AC, cid=13, (t:1, i:20), METADATAENTRY(c19), (t:1, i:21), STATEMACHINELOGENTRY, client-9BB0DE3724AC, cid=14, (t:1, i:22), METADATAENTRY(c21), (t:1, i:23), STATEMACHINELOGENTRY, client-9BB0DE3724AC, cid=15, (t:1, i:24), METADATAENTRY(c23), (t:1, i:25), STATEMACHINELOGENTRY, client-9BB0DE3724AC, cid=16, (t:1, i:26), METADATAENTRY(c25), (t:1, i:27), STATEMACHINELOGENTRY, client-9BB0DE3724AC, cid=17, (t:1, i:28), METADATAENTRY(c27), (t:1, i:29), STATEMACHINELOGENTRY, client-9BB0DE3724AC, cid=18, (t:1, i:30), METADATAENTRY(c29), (t:1, i:31), STATEMACHINELOGENTRY, client-9BB0DE3724AC, cid=19, (t:1, i:32), METADATAENTRY(c31), (t:1, i:33), STATEMACHINELOGENTRY, client-9BB0DE3724AC, cid=20, (t:1, i:34), METADATAENTRY(c33), (t:1, i:35), STATEMACHINELOGENTRY, client-9BB0DE3724AC, cid=21, (t:1, i:36), METADATAENTRY(c35), (t:1, i:37), STATEMACHINELOGENTRY, client-9BB0DE3724AC, cid=22, (t:1, i:38), METADATAENTRY(c37), (t:1, i:39), STATEMACHINELOGENTRY, client-9BB0DE3724AC, cid=23, (t:1, i:40), METADATAENTRY(c39)]
2019-09-26 13:59:57,966 DEBUG impl.RaftServerImpl (RaftServerImpl.java:logAppendEntries(850)) - s3@group-6FC126F4D414: receive appendEntries(s0, 1, null, 40, true, commits[s0:c40, s1:c39, s2:c39, s3:c-1, s4:c-1], entries: [(t:1, i:0), CONFIGURATIONENTRY, (t:1, i:1), STATEMACHINELOGENTRY, client-9BB0DE3724AC, cid=4, (t:1, i:2), METADATAENTRY(c1), (t:1, i:3), STATEMACHINELOGENTRY, client-9BB0DE3724AC, cid=5, (t:1, i:4), METADATAENTRY(c3), (t:1, i:5), STATEMACHINELOGENTRY, client-9BB0DE3724AC, cid=6, (t:1, i:6), METADATAENTRY(c5), (t:1, i:7), STATEMACHINELOGENTRY, client-9BB0DE3724AC, cid=7, (t:1, i:8), METADATAENTRY(c7), (t:1, i:9), STATEMACHINELOGENTRY, client-9BB0DE3724AC, cid=8, (t:1, i:10), METADATAENTRY(c9), (t:1, i:11), STATEMACHINELOGENTRY, client-9BB0DE3724AC, cid=9, (t:1, i:12), METADATAENTRY(c11), (t:1, i:13), STATEMACHINELOGENTRY, client-9BB0DE3724AC, cid=10, (t:1, i:14), METADATAENTRY(c13), (t:1, i:15), STATEMACHINELOGENTRY, client-9BB0DE3724AC, cid=11, (t:1, i:16), METADATAENTRY(c15), (t:1, i:17), STATEMACHINELOGENTRY, client-9BB0DE3724AC, cid=12, (t:1, i:18), METADATAENTRY(c17), (t:1, i:19), STATEMACHINELOGENTRY, client-9BB0DE3724AC, cid=13, (t:1, i:20), METADATAENTRY(c19), (t:1, i:21), STATEMACHINELOGENTRY, client-9BB0DE3724AC, cid=14, (t:1, i:22), METADATAENTRY(c21), (t:1, i:23), STATEMACHINELOGENTRY, client-9BB0DE3724AC, cid=15, (t:1, i:24), METADATAENTRY(c23), (t:1, i:25), STATEMACHINELOGENTRY, client-9BB0DE3724AC, cid=16, (t:1, i:26), METADATAENTRY(c25), (t:1, i:27), STATEMACHINELOGENTRY, client-9BB0DE3724AC, cid=17, (t:1, i:28), METADATAENTRY(c27), (t:1, i:29), STATEMACHINELOGENTRY, client-9BB0DE3724AC, cid=18, (t:1, i:30), METADATAENTRY(c29), (t:1, i:31), STATEMACHINELOGENTRY, client-9BB0DE3724AC, cid=19, (t:1, i:32), METADATAENTRY(c31), (t:1, i:33), STATEMACHINELOGENTRY, client-9BB0DE3724AC, cid=20, (t:1, i:34), METADATAENTRY(c33), (t:1, i:35), STATEMACHINELOGENTRY, client-9BB0DE3724AC, cid=21, (t:1, i:36), METADATAENTRY(c35), (t:1, i:37), STATEMACHINELOGENTRY, client-9BB0DE3724AC, cid=22, (t:1, i:38), METADATAENTRY(c37), (t:1, i:39), STATEMACHINELOGENTRY, client-9BB0DE3724AC, cid=23, (t:1, i:40), METADATAENTRY(c39)]
2019-09-26 13:59:57,966 INFO  impl.RaftServerImpl (ServerState.java:setRaftConf(355)) - s4@group-6FC126F4D414: set configuration 0: [s0:0.0.0.0:38702, s1:0.0.0.0:42926, s2:0.0.0.0:35997], old=null at 0
2019-09-26 13:59:57,967 INFO  impl.RaftServerImpl (ServerState.java:setRaftConf(355)) - s3@group-6FC126F4D414: set configuration 0: [s0:0.0.0.0:38702, s1:0.0.0.0:42926, s2:0.0.0.0:35997], old=null at 0
2019-09-26 13:59:57,967 INFO  segmented.SegmentedRaftLogWorker (SegmentedRaftLogWorker.java:startLogSegment(380)) - s4@group-6FC126F4D414-SegmentedRaftLogWorker: Starting segment from index:0
2019-09-26 13:59:57,968 INFO  segmented.SegmentedRaftLogWorker (SegmentedRaftLogWorker.java:startLogSegment(380)) - s3@group-6FC126F4D414-SegmentedRaftLogWorker: Starting segment from index:0
2019-09-26 13:59:58,070 INFO  segmented.SegmentedRaftLogWorker (SegmentedRaftLogWorker.java:execute(569)) - s4@group-6FC126F4D414-SegmentedRaftLogWorker: created new log segment /workdir/ratis-test/target/test/data/700eb1ac/MiniRaftClusterWithGrpc3eb27c68/s4/43873872-efba-44b7-a775-6fc126f4d414/current/log_inprogress_0
2019-09-26 13:59:58,070 INFO  segmented.SegmentedRaftLogWorker (SegmentedRaftLogWorker.java:execute(569)) - s3@group-6FC126F4D414-SegmentedRaftLogWorker: created new log segment /workdir/ratis-test/target/test/data/700eb1ac/MiniRaftClusterWithGrpc3eb27c68/s3/43873872-efba-44b7-a775-6fc126f4d414/current/log_inprogress_0
2019-09-26 13:59:58,082 DEBUG impl.RaftServerImpl (RaftServerImpl.java:logAppendEntries(850)) - s3@group-6FC126F4D414: succeeded to handle AppendEntries. Reply: s0<-s3#2:OK,SUCCESS,nextIndex:41,term:1,followerCommit:40
2019-09-26 13:59:58,082 DEBUG impl.RaftServerImpl (RaftServerImpl.java:logAppendEntries(850)) - s4@group-6FC126F4D414: succeeded to handle AppendEntries. Reply: s0<-s4#2:OK,SUCCESS,nextIndex:41,term:1,followerCommit:40
2019-09-26 13:59:58,084 INFO  impl.RaftServerImpl (ServerState.java:setRaftConf(355)) - s0@group-6FC126F4D414: set configuration 41: [s3:0.0.0.0:42361, s4:0.0.0.0:38122, s0:0.0.0.0:38702, s1:0.0.0.0:42926, s2:0.0.0.0:35997], old=[s0:0.0.0.0:38702, s1:0.0.0.0:42926, s2:0.0.0.0:35997] at 41
2019-09-26 13:59:58,085 DEBUG impl.RaftServerImpl (RaftServerImpl.java:logAppendEntries(850)) - s2@group-6FC126F4D414: receive appendEntries(s0, 1, (t:1, i:40), 40, false, commits[s0:c40, s1:c40, s2:c40, s3:c40, s4:c40], entries: (t:1, i:41), CONFIGURATIONENTRY
2019-09-26 13:59:58,086 DEBUG impl.RaftServerImpl (RaftServerImpl.java:logAppendEntries(850)) - s1@group-6FC126F4D414: receive appendEntries(s0, 1, (t:1, i:40), 40, false, commits[s0:c40, s1:c40, s2:c40, s3:c40, s4:c40], entries: (t:1, i:41), CONFIGURATIONENTRY
2019-09-26 13:59:58,086 INFO  impl.RaftServerImpl (ServerState.java:setRaftConf(355)) - s2@group-6FC126F4D414: set configuration 41: [s3:0.0.0.0:42361, s4:0.0.0.0:38122, s0:0.0.0.0:38702, s1:0.0.0.0:42926, s2:0.0.0.0:35997], old=[s0:0.0.0.0:38702, s1:0.0.0.0:42926, s2:0.0.0.0:35997] at 41
2019-09-26 13:59:58,086 DEBUG impl.RaftServerImpl (RaftServerImpl.java:logAppendEntries(850)) - s3@group-6FC126F4D414: receive appendEntries(s0, 1, (t:1, i:40), 40, false, commits[s0:c40, s1:c40, s2:c40, s3:c40, s4:c40], entries: (t:1, i:41), CONFIGURATIONENTRY
2019-09-26 13:59:58,086 DEBUG impl.RaftServerImpl (RaftServerImpl.java:logAppendEntries(850)) - s4@group-6FC126F4D414: receive appendEntries(s0, 1, (t:1, i:40), 40, true, commits[s0:c40, s1:c40, s2:c40, s3:c40, s4:c40], entries: (t:1, i:41), CONFIGURATIONENTRY
2019-09-26 13:59:58,086 INFO  impl.RoleInfo (RoleInfo.java:updateAndGet(143)) - s3: start FollowerState
2019-09-26 13:59:58,086 INFO  impl.RaftServerImpl (ServerState.java:setRaftConf(355)) - s1@group-6FC126F4D414: set configuration 41: [s3:0.0.0.0:42361, s4:0.0.0.0:38122, s0:0.0.0.0:38702, s1:0.0.0.0:42926, s2:0.0.0.0:35997], old=[s0:0.0.0.0:38702, s1:0.0.0.0:42926, s2:0.0.0.0:35997] at 41
2019-09-26 13:59:58,087 INFO  impl.RaftServerImpl (ServerState.java:setRaftConf(355)) - s4@group-6FC126F4D414: set configuration 41: [s3:0.0.0.0:42361, s4:0.0.0.0:38122, s0:0.0.0.0:38702, s1:0.0.0.0:42926, s2:0.0.0.0:35997], old=[s0:0.0.0.0:38702, s1:0.0.0.0:42926, s2:0.0.0.0:35997] at 41
2019-09-26 13:59:58,087 INFO  impl.RaftServerImpl (ServerState.java:setRaftConf(355)) - s3@group-6FC126F4D414: set configuration 41: [s3:0.0.0.0:42361, s4:0.0.0.0:38122, s0:0.0.0.0:38702, s1:0.0.0.0:42926, s2:0.0.0.0:35997], old=[s0:0.0.0.0:38702, s1:0.0.0.0:42926, s2:0.0.0.0:35997] at 41
2019-09-26 13:59:58,095 DEBUG impl.RaftServerImpl (RaftServerImpl.java:logAppendEntries(850)) - s2@group-6FC126F4D414: succeeded to handle AppendEntries. Reply: s0<-s2#47:OK,SUCCESS,nextIndex:42,term:1,followerCommit:40
2019-09-26 13:59:58,096 DEBUG impl.RaftServerImpl (RaftServerImpl.java:logAppendEntries(850)) - s4@group-6FC126F4D414: succeeded to handle AppendEntries. Reply: s0<-s4#4:OK,SUCCESS,nextIndex:42,term:1,followerCommit:40
2019-09-26 13:59:58,096 DEBUG impl.RaftServerImpl (RaftServerImpl.java:logAppendEntries(850)) - s1@group-6FC126F4D414: succeeded to handle AppendEntries. Reply: s0<-s1#47:OK,SUCCESS,nextIndex:42,term:1,followerCommit:40
2019-09-26 13:59:58,096 DEBUG impl.RaftServerImpl (RaftServerImpl.java:logAppendEntries(850)) - s3@group-6FC126F4D414: succeeded to handle AppendEntries. Reply: s0<-s3#4:OK,SUCCESS,nextIndex:42,term:1,followerCommit:40
2019-09-26 13:59:58,098 INFO  impl.RaftServerImpl (ServerState.java:setRaftConf(355)) - s0@group-6FC126F4D414: set configuration 43: [s3:0.0.0.0:42361, s4:0.0.0.0:38122, s0:0.0.0.0:38702, s1:0.0.0.0:42926, s2:0.0.0.0:35997], old=null at 43
2019-09-26 13:59:58,098 DEBUG impl.RaftServerImpl (RaftServerImpl.java:logAppendEntries(850)) - s3@group-6FC126F4D414: receive appendEntries(s0, 1, (t:1, i:41), 41, false, commits[s0:c41, s1:c40, s2:c40, s3:c40, s4:c40], entries: (t:1, i:42), METADATAENTRY(c41)
2019-09-26 13:59:58,098 DEBUG impl.RaftServerImpl (RaftServerImpl.java:logAppendEntries(850)) - s1@group-6FC126F4D414: receive appendEntries(s0, 1, (t:1, i:41), 41, false, commits[s0:c41, s1:c40, s2:c40, s3:c40, s4:c40], entries: [(t:1, i:42), METADATAENTRY(c41), (t:1, i:43), CONFIGURATIONENTRY]
2019-09-26 13:59:58,099 DEBUG impl.RaftServerImpl (RaftServerImpl.java:logAppendEntries(850)) - s4@group-6FC126F4D414: receive appendEntries(s0, 1, (t:1, i:41), 41, false, commits[s0:c41, s1:c40, s2:c40, s3:c40, s4:c40], entries: [(t:1, i:42), METADATAENTRY(c41), (t:1, i:43), CONFIGURATIONENTRY]
2019-09-26 13:59:58,099 DEBUG impl.RaftServerImpl (RaftServerImpl.java:logAppendEntries(850)) - s3@group-6FC126F4D414: receive appendEntries(s0, 1, (t:1, i:42), 41, false, commits[s0:c41, s1:c40, s2:c40, s3:c40, s4:c40], entries: (t:1, i:43), CONFIGURATIONENTRY
2019-09-26 13:59:58,099 DEBUG impl.RaftServerImpl (RaftServerImpl.java:logAppendEntries(850)) - s2@group-6FC126F4D414: receive appendEntries(s0, 1, (t:1, i:41), 41, false, commits[s0:c41, s1:c40, s2:c40, s3:c40, s4:c40], entries: (t:1, i:42), METADATAENTRY(c41)
2019-09-26 13:59:58,099 INFO  impl.RaftServerImpl (ServerState.java:setRaftConf(355)) - s3@group-6FC126F4D414: set configuration 43: [s3:0.0.0.0:42361, s4:0.0.0.0:38122, s0:0.0.0.0:38702, s1:0.0.0.0:42926, s2:0.0.0.0:35997], old=null at 43
2019-09-26 13:59:58,099 INFO  impl.RoleInfo (RoleInfo.java:updateAndGet(143)) - s4: start FollowerState
2019-09-26 13:59:58,100 DEBUG impl.RaftServerImpl (RaftServerImpl.java:logAppendEntries(850)) - s2@group-6FC126F4D414: receive appendEntries(s0, 1, (t:1, i:42), 41, false, commits[s0:c41, s1:c40, s2:c40, s3:c40, s4:c40], entries: (t:1, i:43), CONFIGURATIONENTRY
2019-09-26 13:59:58,099 INFO  impl.RaftServerImpl (ServerState.java:setRaftConf(355)) - s1@group-6FC126F4D414: set configuration 43: [s3:0.0.0.0:42361, s4:0.0.0.0:38122, s0:0.0.0.0:38702, s1:0.0.0.0:42926, s2:0.0.0.0:35997], old=null at 43
2019-09-26 13:59:58,100 INFO  impl.RaftServerImpl (ServerState.java:setRaftConf(355)) - s2@group-6FC126F4D414: set configuration 43: [s3:0.0.0.0:42361, s4:0.0.0.0:38122, s0:0.0.0.0:38702, s1:0.0.0.0:42926, s2:0.0.0.0:35997], old=null at 43
2019-09-26 13:59:58,100 INFO  impl.RaftServerImpl (ServerState.java:setRaftConf(355)) - s4@group-6FC126F4D414: set configuration 43: [s3:0.0.0.0:42361, s4:0.0.0.0:38122, s0:0.0.0.0:38702, s1:0.0.0.0:42926, s2:0.0.0.0:35997], old=null at 43
2019-09-26 13:59:58,109 DEBUG impl.RaftServerImpl (RaftServerImpl.java:logAppendEntries(850)) - s2@group-6FC126F4D414: succeeded to handle AppendEntries. Reply: s0<-s2#48:OK,SUCCESS,nextIndex:43,term:1,followerCommit:41
2019-09-26 13:59:58,109 DEBUG impl.RaftServerImpl (RaftServerImpl.java:logAppendEntries(850)) - s3@group-6FC126F4D414: succeeded to handle AppendEntries. Reply: s0<-s3#5:OK,SUCCESS,nextIndex:43,term:1,followerCommit:41
2019-09-26 13:59:58,111 DEBUG impl.RaftServerImpl (RaftServerImpl.java:logAppendEntries(850)) - s2@group-6FC126F4D414: succeeded to handle AppendEntries. Reply: s0<-s2#49:OK,SUCCESS,nextIndex:44,term:1,followerCommit:41
2019-09-26 13:59:58,111 DEBUG impl.RaftServerImpl (RaftServerImpl.java:logAppendEntries(850)) - s4@group-6FC126F4D414: succeeded to handle AppendEntries. Reply: s0<-s4#5:OK,SUCCESS,nextIndex:44,term:1,followerCommit:41
2019-09-26 13:59:58,111 DEBUG impl.RaftServerImpl (RaftServerImpl.java:logAppendEntries(850)) - s3@group-6FC126F4D414: succeeded to handle AppendEntries. Reply: s0<-s3#6:OK,SUCCESS,nextIndex:44,term:1,followerCommit:41
2019-09-26 13:59:58,111 DEBUG impl.RaftServerImpl (RaftServerImpl.java:logAppendEntries(850)) - s1@group-6FC126F4D414: succeeded to handle AppendEntries. Reply: s0<-s1#48:OK,SUCCESS,nextIndex:44,term:1,followerCommit:41
2019-09-26 13:59:58,113 DEBUG impl.RaftServerImpl (RaftServerImpl.java:logAppendEntries(850)) - s3@group-6FC126F4D414: receive appendEntries(s0, 1, (t:1, i:43), 43, false, commits[s0:c43, s1:c41, s2:c41, s3:c41, s4:c40], entries: (t:1, i:44), METADATAENTRY(c43)
2019-09-26 13:59:58,113 DEBUG impl.RaftServerImpl (RaftServerImpl.java:logAppendEntries(850)) - s4@group-6FC126F4D414: receive appendEntries(s0, 1, (t:1, i:43), 43, false, commits[s0:c43, s1:c41, s2:c41, s3:c41, s4:c40], entries: (t:1, i:44), METADATAENTRY(c43)
2019-09-26 13:59:58,113 DEBUG impl.RaftServerImpl (RaftServerImpl.java:logAppendEntries(850)) - s1@group-6FC126F4D414: receive appendEntries(s0, 1, (t:1, i:43), 43, false, commits[s0:c43, s1:c41, s2:c41, s3:c41, s4:c40], entries: (t:1, i:44), METADATAENTRY(c43)
2019-09-26 13:59:58,113 DEBUG impl.RaftServerImpl (RaftServerImpl.java:logAppendEntries(850)) - s2@group-6FC126F4D414: receive appendEntries(s0, 1, (t:1, i:43), 43, false, commits[s0:c43, s1:c41, s2:c41, s3:c41, s4:c40], entries: (t:1, i:44), METADATAENTRY(c43)
2019-09-26 13:59:58,123 DEBUG impl.RaftServerImpl (RaftServerImpl.java:logAppendEntries(850)) - s3@group-6FC126F4D414: succeeded to handle AppendEntries. Reply: s0<-s3#7:OK,SUCCESS,nextIndex:45,term:1,followerCommit:43
2019-09-26 13:59:58,123 DEBUG impl.RaftServerImpl (RaftServerImpl.java:logAppendEntries(850)) - s4@group-6FC126F4D414: succeeded to handle AppendEntries. Reply: s0<-s4#6:OK,SUCCESS,nextIndex:45,term:1,followerCommit:43
2019-09-26 13:59:58,123 DEBUG impl.RaftServerImpl (RaftServerImpl.java:logAppendEntries(850)) - s1@group-6FC126F4D414: succeeded to handle AppendEntries. Reply: s0<-s1#49:OK,SUCCESS,nextIndex:45,term:1,followerCommit:43
2019-09-26 13:59:58,124 DEBUG impl.RaftServerImpl (RaftServerImpl.java:logAppendEntries(850)) - s2@group-6FC126F4D414: succeeded to handle AppendEntries. Reply: s0<-s2#50:OK,SUCCESS,nextIndex:45,term:1,followerCommit:43
2019-09-26 14:00:02,775 INFO  impl.FollowerState (FollowerState.java:run(108)) - s1@group-6FC126F4D414-FollowerState: change to CANDIDATE, lastRpcTime:229ms, electionTimeout:176ms
2019-09-26 14:00:02,775 INFO  impl.RoleInfo (RoleInfo.java:shutdownFollowerState(121)) - s1: shutdown FollowerState
2019-09-26 14:00:02,775 INFO  impl.RaftServerImpl (RaftServerImpl.java:setRole(170)) - s1@group-6FC126F4D414: changes role from  FOLLOWER to CANDIDATE at term 1 for changeToCandidate
2019-09-26 14:00:02,776 INFO  impl.RoleInfo (RoleInfo.java:updateAndGet(143)) - s1: start LeaderElection
2019-09-26 14:00:02,777 INFO  impl.RaftServerImpl (RaftServerImpl.java:setRole(170)) - s1@group-6FC126F4D414: changes role from CANDIDATE to FOLLOWER at term 1 for appendEntries
2019-09-26 14:00:02,777 INFO  impl.RoleInfo (RoleInfo.java:shutdownLeaderElection(134)) - s1: shutdown LeaderElection
2019-09-26 14:00:02,778 INFO  impl.RoleInfo (RoleInfo.java:updateAndGet(143)) - s1: start FollowerState
2019-09-26 14:00:02,778 INFO  impl.RaftServerImpl (ServerState.java:setLeader(254)) - s1@group-6FC126F4D414: change Leader from s0 to null at term 1 for initElection
2019-09-26 14:00:02,794 INFO  impl.LeaderElection (LeaderElection.java:askForVotes(178)) - s1@group-6FC126F4D414-LeaderElection19: begin an election at term 2 for 43: [s3:0.0.0.0:42361, s4:0.0.0.0:38122, s0:0.0.0.0:38702, s1:0.0.0.0:42926, s2:0.0.0.0:35997], old=null
2019-09-26 14:00:02,795 INFO  impl.LeaderElection (LeaderElection.java:logAndReturn(56)) - s1@group-6FC126F4D414-LeaderElection19: Election REJECTED; received 0 response(s) [] and 0 exception(s); s1@group-6FC126F4D414:t2, leader=null, voted=s1, raftlog=s1@group-6FC126F4D414-SegmentedRaftLog:OPENED:c44,f44,i44, conf=43: [s3:0.0.0.0:42361, s4:0.0.0.0:38122, s0:0.0.0.0:38702, s1:0.0.0.0:42926, s2:0.0.0.0:35997], old=null
2019-09-26 14:00:02,803 DEBUG impl.RaftServerImpl (RaftServerImpl.java:requestVote(743)) - s2@group-6FC126F4D414: receive requestVote(s1, group-6FC126F4D414, 2, (t:1, i:44))
2019-09-26 14:00:02,803 DEBUG impl.RaftServerImpl (RaftServerImpl.java:requestVote(743)) - s0@group-6FC126F4D414: receive requestVote(s1, group-6FC126F4D414, 2, (t:1, i:44))
2019-09-26 14:00:02,803 INFO  impl.RaftServerImpl (ServerState.java:setLeader(254)) - s2@group-6FC126F4D414: change Leader from s0 to null at term 2 for updateCurrentTerm
2019-09-26 14:00:02,804 INFO  impl.RaftServerImpl (ServerState.java:setLeader(254)) - s0@group-6FC126F4D414: change Leader from s0 to null at term 2 for updateCurrentTerm
2019-09-26 14:00:02,804 INFO  impl.RaftServerImpl (RaftServerImpl.java:setRole(170)) - s2@group-6FC126F4D414: changes role from  FOLLOWER to FOLLOWER at term 2 for recognizeCandidate:s1
2019-09-26 14:00:02,804 DEBUG impl.RaftServerImpl (RaftServerImpl.java:requestVote(743)) - s4@group-6FC126F4D414: receive requestVote(s1, group-6FC126F4D414, 2, (t:1, i:44))
2019-09-26 14:00:02,804 INFO  impl.RaftServerImpl (RaftServerImpl.java:setRole(170)) - s0@group-6FC126F4D414: changes role from    LEADER to FOLLOWER at term 2 for recognizeCandidate:s1
2019-09-26 14:00:02,804 INFO  impl.RaftServerImpl (ServerState.java:setLeader(254)) - s4@group-6FC126F4D414: change Leader from s0 to null at term 2 for updateCurrentTerm
2019-09-26 14:00:02,804 DEBUG impl.RaftServerImpl (RaftServerImpl.java:requestVote(743)) - s3@group-6FC126F4D414: receive requestVote(s1, group-6FC126F4D414, 2, (t:1, i:44))
2019-09-26 14:00:02,804 INFO  impl.RoleInfo (RoleInfo.java:shutdownFollowerState(121)) - s2: shutdown FollowerState
2019-09-26 14:00:02,805 INFO  impl.RaftServerImpl (ServerState.java:setLeader(254)) - s3@group-6FC126F4D414: change Leader from s0 to null at term 2 for updateCurrentTerm
2019-09-26 14:00:02,805 INFO  impl.RaftServerImpl (RaftServerImpl.java:setRole(170)) - s4@group-6FC126F4D414: changes role from  FOLLOWER to FOLLOWER at term 2 for recognizeCandidate:s1
2019-09-26 14:00:02,805 INFO  impl.RoleInfo (RoleInfo.java:shutdownLeaderState(104)) - s0: shutdown LeaderState
2019-09-26 14:00:02,806 INFO  impl.RoleInfo (RoleInfo.java:shutdownFollowerState(121)) - s4: shutdown FollowerState
2019-09-26 14:00:02,805 INFO  impl.RaftServerImpl (RaftServerImpl.java:setRole(170)) - s3@group-6FC126F4D414: changes role from  FOLLOWER to FOLLOWER at term 2 for recognizeCandidate:s1
2019-09-26 14:00:02,809 INFO  impl.RoleInfo (RoleInfo.java:shutdownFollowerState(121)) - s3: shutdown FollowerState
2019-09-26 14:00:02,805 INFO  impl.FollowerState (FollowerState.java:run(117)) - s2@group-6FC126F4D414-FollowerState was interrupted: java.lang.InterruptedException: sleep interrupted
2019-09-26 14:00:02,805 INFO  impl.RoleInfo (RoleInfo.java:updateAndGet(143)) - s2: start FollowerState
2019-09-26 14:00:02,809 INFO  impl.RoleInfo (RoleInfo.java:updateAndGet(143)) - s3: start FollowerState
2019-09-26 14:00:02,809 INFO  impl.FollowerState (FollowerState.java:run(117)) - s3@group-6FC126F4D414-FollowerState was interrupted: java.lang.InterruptedException: sleep interrupted
2019-09-26 14:00:02,808 INFO  impl.FollowerState (FollowerState.java:run(117)) - s4@group-6FC126F4D414-FollowerState was interrupted: java.lang.InterruptedException: sleep interrupted
2019-09-26 14:00:02,808 INFO  impl.RoleInfo (RoleInfo.java:updateAndGet(143)) - s4: start FollowerState
2019-09-26 14:00:02,808 WARN  server.GrpcLogAppender (GrpcLogAppender.java:mayWait(143)) - s0@group-6FC126F4D414->s2-GrpcLogAppender: Wait interrupted by java.lang.InterruptedException
2019-09-26 14:00:02,808 WARN  server.GrpcLogAppender (GrpcLogAppender.java:mayWait(143)) - s0@group-6FC126F4D414->s3-GrpcLogAppender: Wait interrupted by java.lang.InterruptedException
2019-09-26 14:00:02,808 INFO  impl.PendingRequests (PendingRequests.java:sendNotLeaderResponses(202)) - s0@group-6FC126F4D414-PendingRequests: sendNotLeaderResponses
2019-09-26 14:00:02,812 INFO  server.GrpcServerProtocolService (GrpcServerProtocolService.java:onCompleted(113)) - s3: Completed APPEND_ENTRIES, lastRequest: s0->s3#65-t1, previous=(t:1, i:44), leaderCommit=44, initializing? false, entries: <empty>
2019-09-26 14:00:02,808 WARN  server.GrpcLogAppender (GrpcLogAppender.java:mayWait(143)) - s0@group-6FC126F4D414->s4-GrpcLogAppender: Wait interrupted by java.lang.InterruptedException
2019-09-26 14:00:02,808 WARN  server.GrpcLogAppender (GrpcLogAppender.java:mayWait(143)) - s0@group-6FC126F4D414->s1-GrpcLogAppender: Wait interrupted by java.lang.InterruptedException
2019-09-26 14:00:02,813 INFO  impl.RoleInfo (RoleInfo.java:updateAndGet(143)) - s0: start FollowerState
2019-09-26 14:00:02,812 INFO  server.GrpcServerProtocolService (GrpcServerProtocolService.java:onCompleted(113)) - s2: Completed APPEND_ENTRIES, lastRequest: s0->s2#108-t1, previous=(t:1, i:44), leaderCommit=44, initializing? false, entries: <empty>
2019-09-26 14:00:02,814 INFO  server.GrpcServerProtocolService (GrpcServerProtocolService.java:onCompleted(113)) - s1: Completed APPEND_ENTRIES, lastRequest: s0->s1#107-t1, previous=(t:1, i:44), leaderCommit=44, initializing? false, entries: <empty>
2019-09-26 14:00:02,813 INFO  server.GrpcLogAppender (GrpcLogAppender.java:onCompleted(293)) - s0@group-6FC126F4D414->s3-AppendLogResponseHandler: follower responses appendEntries COMPLETED
2019-09-26 14:00:02,814 INFO  server.GrpcLogAppender (GrpcLogAppender.java:onCompleted(293)) - s0@group-6FC126F4D414->s2-AppendLogResponseHandler: follower responses appendEntries COMPLETED
2019-09-26 14:00:02,815 INFO  server.GrpcLogAppender (GrpcLogAppender.java:onCompleted(293)) - s0@group-6FC126F4D414->s1-AppendLogResponseHandler: follower responses appendEntries COMPLETED
2019-09-26 14:00:02,814 INFO  server.GrpcServerProtocolService (GrpcServerProtocolService.java:onCompleted(113)) - s4: Completed APPEND_ENTRIES, lastRequest: s0->s4#64-t1, previous=(t:1, i:44), leaderCommit=44, initializing? false, entries: <empty>
2019-09-26 14:00:02,815 INFO  impl.FollowerInfo (FollowerInfo.java:lambda$new$0(51)) - s0@group-6FC126F4D414->s3: nextIndex: updateUnconditionally 45 -> 44
2019-09-26 14:00:02,816 INFO  impl.FollowerInfo (FollowerInfo.java:lambda$new$0(51)) - s0@group-6FC126F4D414->s1: nextIndex: updateUnconditionally 45 -> 44
2019-09-26 14:00:02,817 INFO  server.GrpcLogAppender (GrpcLogAppender.java:onCompleted(293)) - s0@group-6FC126F4D414->s4-AppendLogResponseHandler: follower responses appendEntries COMPLETED
2019-09-26 14:00:02,817 INFO  impl.FollowerInfo (FollowerInfo.java:lambda$new$0(51)) - s0@group-6FC126F4D414->s2: nextIndex: updateUnconditionally 45 -> 44
2019-09-26 14:00:02,818 INFO  impl.FollowerInfo (FollowerInfo.java:lambda$new$0(51)) - s0@group-6FC126F4D414->s4: nextIndex: updateUnconditionally 45 -> 44
2019-09-26 14:00:02,825 DEBUG impl.RaftServerImpl (RaftServerImpl.java:requestVote(775)) - s2@group-6FC126F4D414 replies to vote request: s1<-s2#0:OK-t2. Peer's state: s2@group-6FC126F4D414:t2, leader=null, voted=s1, raftlog=s2@group-6FC126F4D414-SegmentedRaftLog:OPENED:c44,f44,i44, conf=43: [s3:0.0.0.0:42361, s4:0.0.0.0:38122, s0:0.0.0.0:38702, s1:0.0.0.0:42926, s2:0.0.0.0:35997], old=null
2019-09-26 14:00:02,825 DEBUG impl.RaftServerImpl (RaftServerImpl.java:requestVote(775)) - s4@group-6FC126F4D414 replies to vote request: s1<-s4#0:OK-t2. Peer's state: s4@group-6FC126F4D414:t2, leader=null, voted=s1, raftlog=s4@group-6FC126F4D414-SegmentedRaftLog:OPENED:c44,f44,i44, conf=43: [s3:0.0.0.0:42361, s4:0.0.0.0:38122, s0:0.0.0.0:38702, s1:0.0.0.0:42926, s2:0.0.0.0:35997], old=null
2019-09-26 14:00:02,825 DEBUG impl.RaftServerImpl (RaftServerImpl.java:requestVote(775)) - s3@group-6FC126F4D414 replies to vote request: s1<-s3#0:OK-t2. Peer's state: s3@group-6FC126F4D414:t2, leader=null, voted=s1, raftlog=s3@group-6FC126F4D414-SegmentedRaftLog:OPENED:c44,f44,i44, conf=43: [s3:0.0.0.0:42361, s4:0.0.0.0:38122, s0:0.0.0.0:38702, s1:0.0.0.0:42926, s2:0.0.0.0:35997], old=null
2019-09-26 14:00:02,825 DEBUG impl.RaftServerImpl (RaftServerImpl.java:requestVote(775)) - s0@group-6FC126F4D414 replies to vote request: s1<-s0#0:FAIL-t2. Peer's state: s0@group-6FC126F4D414:t2, leader=null, voted=null, raftlog=s0@group-6FC126F4D414-SegmentedRaftLog:OPENED:c44,f44,i44, conf=43: [s3:0.0.0.0:42361, s4:0.0.0.0:38122, s0:0.0.0.0:38702, s1:0.0.0.0:42926, s2:0.0.0.0:35997], old=null
2019-09-26 14:00:02,933 INFO  grpc.TestRaftReconfigurationWithGrpc (RaftReconfigurationBaseTest.java:runTestBootstrapReconf(286)) - printing ALL groups
  s3:  RUNNING  FOLLOWER s3@group-6FC126F4D414:t2, leader=null, voted=s1, raftlog=s3@group-6FC126F4D414-SegmentedRaftLog:OPENED:c44,f44,i44, conf=43: [s3:0.0.0.0:42361, s4:0.0.0.0:38122, s0:0.0.0.0:38702, s1:0.0.0.0:42926, s2:0.0.0.0:35997], old=null RUNNING
  s4:  RUNNING  FOLLOWER s4@group-6FC126F4D414:t2, leader=null, voted=s1, raftlog=s4@group-6FC126F4D414-SegmentedRaftLog:OPENED:c44,f44,i44, conf=43: [s3:0.0.0.0:42361, s4:0.0.0.0:38122, s0:0.0.0.0:38702, s1:0.0.0.0:42926, s2:0.0.0.0:35997], old=null RUNNING
  s0:  RUNNING  FOLLOWER s0@group-6FC126F4D414:t2, leader=null, voted=null, raftlog=s0@group-6FC126F4D414-SegmentedRaftLog:OPENED:c44,f44,i44, conf=43: [s3:0.0.0.0:42361, s4:0.0.0.0:38122, s0:0.0.0.0:38702, s1:0.0.0.0:42926, s2:0.0.0.0:35997], old=null RUNNING
  s1:  RUNNING  FOLLOWER s1@group-6FC126F4D414:t2, leader=null, voted=s1, raftlog=s1@group-6FC126F4D414-SegmentedRaftLog:OPENED:c44,f44,i44, conf=43: [s3:0.0.0.0:42361, s4:0.0.0.0:38122, s0:0.0.0.0:38702, s1:0.0.0.0:42926, s2:0.0.0.0:35997], old=null RUNNING
  s2:  RUNNING  FOLLOWER s2@group-6FC126F4D414:t2, leader=null, voted=s1, raftlog=s2@group-6FC126F4D414-SegmentedRaftLog:OPENED:c44,f44,i44, conf=43: [s3:0.0.0.0:42361, s4:0.0.0.0:38122, s0:0.0.0.0:38702, s1:0.0.0.0:42926, s2:0.0.0.0:35997], old=null RUNNING
2019-09-26 14:00:02,935 INFO  ratis.MiniRaftCluster (MiniRaftCluster.java:runWithNewCluster(127)) - printing ALL groups
  s3:  RUNNING  FOLLOWER s3@group-6FC126F4D414:t2, leader=null, voted=s1, raftlog=s3@group-6FC126F4D414-SegmentedRaftLog:OPENED:c44,f44,i44, conf=43: [s3:0.0.0.0:42361, s4:0.0.0.0:38122, s0:0.0.0.0:38702, s1:0.0.0.0:42926, s2:0.0.0.0:35997], old=null RUNNING
  s4:  RUNNING  FOLLOWER s4@group-6FC126F4D414:t2, leader=null, voted=s1, raftlog=s4@group-6FC126F4D414-SegmentedRaftLog:OPENED:c44,f44,i44, conf=43: [s3:0.0.0.0:42361, s4:0.0.0.0:38122, s0:0.0.0.0:38702, s1:0.0.0.0:42926, s2:0.0.0.0:35997], old=null RUNNING
  s0:  RUNNING  FOLLOWER s0@group-6FC126F4D414:t2, leader=null, voted=null, raftlog=s0@group-6FC126F4D414-SegmentedRaftLog:OPENED:c44,f44,i44, conf=43: [s3:0.0.0.0:42361, s4:0.0.0.0:38122, s0:0.0.0.0:38702, s1:0.0.0.0:42926, s2:0.0.0.0:35997], old=null RUNNING
  s1:  RUNNING  FOLLOWER s1@group-6FC126F4D414:t2, leader=null, voted=s1, raftlog=s1@group-6FC126F4D414-SegmentedRaftLog:OPENED:c44,f44,i44, conf=43: [s3:0.0.0.0:42361, s4:0.0.0.0:38122, s0:0.0.0.0:38702, s1:0.0.0.0:42926, s2:0.0.0.0:35997], old=null RUNNING
  s2:  RUNNING  FOLLOWER s2@group-6FC126F4D414:t2, leader=null, voted=s1, raftlog=s2@group-6FC126F4D414-SegmentedRaftLog:OPENED:c44,f44,i44, conf=43: [s3:0.0.0.0:42361, s4:0.0.0.0:38122, s0:0.0.0.0:38702, s1:0.0.0.0:42926, s2:0.0.0.0:35997], old=null RUNNING
2019-09-26 14:00:02,935 ERROR ratis.MiniRaftCluster (MiniRaftCluster.java:runWithNewCluster(128)) - Failed org.apache.ratis.MiniRaftCluster$Factory$Get.runWithNewCluster(MiniRaftCluster.java:113)
java.lang.NullPointerException
	at org.apache.ratis.server.impl.RaftReconfigurationBaseTest.runTestBootstrapReconf(RaftReconfigurationBaseTest.java:289)
	at org.apache.ratis.MiniRaftCluster$Factory$Get.runWithNewCluster(MiniRaftCluster.java:125)
	at org.apache.ratis.MiniRaftCluster$Factory$Get.runWithNewCluster(MiniRaftCluster.java:113)
	at org.apache.ratis.server.impl.RaftReconfigurationBaseTest.testBootstrapReconf(RaftReconfigurationBaseTest.java:255)
	at sun.reflect.NativeMethodAccessorImpl.invoke0(Native Method)
	at sun.reflect.NativeMethodAccessorImpl.invoke(NativeMethodAccessorImpl.java:62)
	at sun.reflect.DelegatingMethodAccessorImpl.invoke(DelegatingMethodAccessorImpl.java:43)
	at java.lang.reflect.Method.invoke(Method.java:498)
	at org.junit.runners.model.FrameworkMethod$1.runReflectiveCall(FrameworkMethod.java:50)
	at org.junit.internal.runners.model.ReflectiveCallable.run(ReflectiveCallable.java:12)
	at org.junit.runners.model.FrameworkMethod.invokeExplosively(FrameworkMethod.java:47)
	at org.junit.internal.runners.statements.InvokeMethod.evaluate(InvokeMethod.java:17)
	at org.junit.internal.runners.statements.RunAfters.evaluate(RunAfters.java:27)
	at org.junit.internal.runners.statements.FailOnTimeout$CallableStatement.call(FailOnTimeout.java:298)
	at org.junit.internal.runners.statements.FailOnTimeout$CallableStatement.call(FailOnTimeout.java:292)
	at java.util.concurrent.FutureTask.run(FutureTask.java:266)
	at java.lang.Thread.run(Thread.java:748)
2019-09-26 14:00:02,935 INFO  ratis.MiniRaftCluster (MiniRaftCluster.java:shutdown(700)) - ************************************************************** 
2019-09-26 14:00:02,936 INFO  ratis.MiniRaftCluster (MiniRaftCluster.java:shutdown(701)) - *** 
2019-09-26 14:00:02,936 INFO  ratis.MiniRaftCluster (MiniRaftCluster.java:shutdown(702)) - ***     Stopping MiniRaftClusterWithGrpc
2019-09-26 14:00:02,936 INFO  ratis.MiniRaftCluster (MiniRaftCluster.java:shutdown(703)) - *** 
2019-09-26 14:00:02,936 INFO  ratis.MiniRaftCluster (MiniRaftCluster.java:shutdown(704)) - ************************************************************** 
2019-09-26 14:00:02,936 INFO  ratis.MiniRaftCluster (MiniRaftCluster.java:shutdown(705)) - printing ALL groups
  s3:  RUNNING  FOLLOWER s3@group-6FC126F4D414:t2, leader=null, voted=s1, raftlog=s3@group-6FC126F4D414-SegmentedRaftLog:OPENED:c44,f44,i44, conf=43: [s3:0.0.0.0:42361, s4:0.0.0.0:38122, s0:0.0.0.0:38702, s1:0.0.0.0:42926, s2:0.0.0.0:35997], old=null RUNNING
  s4:  RUNNING  FOLLOWER s4@group-6FC126F4D414:t2, leader=null, voted=s1, raftlog=s4@group-6FC126F4D414-SegmentedRaftLog:OPENED:c44,f44,i44, conf=43: [s3:0.0.0.0:42361, s4:0.0.0.0:38122, s0:0.0.0.0:38702, s1:0.0.0.0:42926, s2:0.0.0.0:35997], old=null RUNNING
  s0:  RUNNING  FOLLOWER s0@group-6FC126F4D414:t2, leader=null, voted=null, raftlog=s0@group-6FC126F4D414-SegmentedRaftLog:OPENED:c44,f44,i44, conf=43: [s3:0.0.0.0:42361, s4:0.0.0.0:38122, s0:0.0.0.0:38702, s1:0.0.0.0:42926, s2:0.0.0.0:35997], old=null RUNNING
  s1:  RUNNING  FOLLOWER s1@group-6FC126F4D414:t2, leader=null, voted=s1, raftlog=s1@group-6FC126F4D414-SegmentedRaftLog:OPENED:c44,f44,i44, conf=43: [s3:0.0.0.0:42361, s4:0.0.0.0:38122, s0:0.0.0.0:38702, s1:0.0.0.0:42926, s2:0.0.0.0:35997], old=null RUNNING
  s2:  RUNNING  FOLLOWER s2@group-6FC126F4D414:t2, leader=null, voted=s1, raftlog=s2@group-6FC126F4D414-SegmentedRaftLog:OPENED:c44,f44,i44, conf=43: [s3:0.0.0.0:42361, s4:0.0.0.0:38122, s0:0.0.0.0:38702, s1:0.0.0.0:42926, s2:0.0.0.0:35997], old=null RUNNING
2019-09-26 14:00:02,937 INFO  impl.RaftServerProxy (RaftServerProxy.java:lambda$close$4(314)) - s3: close
2019-09-26 14:00:02,939 INFO  impl.RaftServerProxy (RaftServerProxy.java:lambda$close$4(314)) - s4: close
2019-09-26 14:00:02,939 INFO  impl.RaftServerProxy (RaftServerProxy.java:lambda$close$4(314)) - s1: close
2019-09-26 14:00:02,940 INFO  impl.RaftServerProxy (RaftServerProxy.java:lambda$close$4(314)) - s0: close
2019-09-26 14:00:02,939 INFO  impl.RaftServerImpl (RaftServerImpl.java:lambda$shutdown$3(247)) - s3@group-6FC126F4D414: shutdown
2019-09-26 14:00:02,942 INFO  impl.RaftServerImpl (RaftServerImpl.java:lambda$shutdown$3(247)) - s0@group-6FC126F4D414: shutdown
2019-09-26 14:00:02,941 INFO  impl.RaftServerImpl (RaftServerImpl.java:lambda$shutdown$3(247)) - s1@group-6FC126F4D414: shutdown
2019-09-26 14:00:02,941 INFO  impl.RaftServerProxy (RaftServerProxy.java:lambda$close$4(314)) - s2: close
2019-09-26 14:00:02,940 INFO  impl.RaftServerImpl (RaftServerImpl.java:lambda$shutdown$3(247)) - s4@group-6FC126F4D414: shutdown
2019-09-26 14:00:02,943 INFO  impl.RaftServerImpl (RaftServerImpl.java:lambda$shutdown$3(247)) - s2@group-6FC126F4D414: shutdown
2019-09-26 14:00:02,943 INFO  util.JmxRegister (JmxRegister.java:unregister(73)) - Successfully un-registered JMX Bean with object name Ratis:service=RaftServer,group=group-6FC126F4D414,id=s1
2019-09-26 14:00:02,942 INFO  util.JmxRegister (JmxRegister.java:unregister(73)) - Successfully un-registered JMX Bean with object name Ratis:service=RaftServer,group=group-6FC126F4D414,id=s0
2019-09-26 14:00:02,944 INFO  impl.RoleInfo (RoleInfo.java:shutdownFollowerState(121)) - s0: shutdown FollowerState
2019-09-26 14:00:02,942 INFO  util.JmxRegister (JmxRegister.java:unregister(73)) - Successfully un-registered JMX Bean with object name Ratis:service=RaftServer,group=group-6FC126F4D414,id=s3
2019-09-26 14:00:02,945 INFO  impl.FollowerState (FollowerState.java:run(117)) - s0@group-6FC126F4D414-FollowerState was interrupted: java.lang.InterruptedException: sleep interrupted
2019-09-26 14:00:02,944 INFO  impl.StateMachineUpdater (StateMachineUpdater.java:stopAndJoin(136)) - s0@group-6FC126F4D414-StateMachineUpdater: set stopIndex = 44
2019-09-26 14:00:02,944 INFO  impl.RoleInfo (RoleInfo.java:shutdownFollowerState(121)) - s1: shutdown FollowerState
2019-09-26 14:00:02,946 INFO  impl.StateMachineUpdater (StateMachineUpdater.java:stopAndJoin(136)) - s1@group-6FC126F4D414-StateMachineUpdater: set stopIndex = 44
2019-09-26 14:00:02,944 INFO  util.JmxRegister (JmxRegister.java:unregister(73)) - Successfully un-registered JMX Bean with object name Ratis:service=RaftServer,group=group-6FC126F4D414,id=s2
2019-09-26 14:00:02,946 INFO  impl.RoleInfo (RoleInfo.java:shutdownFollowerState(121)) - s2: shutdown FollowerState
2019-09-26 14:00:02,943 INFO  util.JmxRegister (JmxRegister.java:unregister(73)) - Successfully un-registered JMX Bean with object name Ratis:service=RaftServer,group=group-6FC126F4D414,id=s4
2019-09-26 14:00:02,947 INFO  impl.FollowerState (FollowerState.java:run(117)) - s2@group-6FC126F4D414-FollowerState was interrupted: java.lang.InterruptedException: sleep interrupted
2019-09-26 14:00:02,947 INFO  impl.StateMachineUpdater (StateMachineUpdater.java:stopAndJoin(136)) - s2@group-6FC126F4D414-StateMachineUpdater: set stopIndex = 44
2019-09-26 14:00:02,946 INFO  impl.RaftServerImpl (ServerState.java:close(386)) - s1@group-6FC126F4D414: closes. applyIndex: 44
2019-09-26 14:00:02,946 INFO  impl.FollowerState (FollowerState.java:run(117)) - s1@group-6FC126F4D414-FollowerState was interrupted: java.lang.InterruptedException: sleep interrupted
2019-09-26 14:00:02,946 INFO  impl.RaftServerImpl (ServerState.java:close(386)) - s0@group-6FC126F4D414: closes. applyIndex: 44
2019-09-26 14:00:02,945 INFO  impl.RoleInfo (RoleInfo.java:shutdownFollowerState(121)) - s3: shutdown FollowerState
2019-09-26 14:00:02,949 INFO  segmented.SegmentedRaftLogWorker (SegmentedRaftLogWorker.java:run(313)) - s0@group-6FC126F4D414-SegmentedRaftLogWorker was interrupted, exiting. There are 0 tasks remaining in the queue.
2019-09-26 14:00:02,949 INFO  segmented.SegmentedRaftLogWorker (SegmentedRaftLogWorker.java:run(313)) - s1@group-6FC126F4D414-SegmentedRaftLogWorker was interrupted, exiting. There are 0 tasks remaining in the queue.
2019-09-26 14:00:02,948 INFO  impl.RaftServerImpl (ServerState.java:close(386)) - s2@group-6FC126F4D414: closes. applyIndex: 44
2019-09-26 14:00:02,947 INFO  impl.RoleInfo (RoleInfo.java:shutdownFollowerState(121)) - s4: shutdown FollowerState
2019-09-26 14:00:02,951 INFO  segmented.SegmentedRaftLogWorker (SegmentedRaftLogWorker.java:run(313)) - s2@group-6FC126F4D414-SegmentedRaftLogWorker was interrupted, exiting. There are 0 tasks remaining in the queue.
2019-09-26 14:00:02,949 INFO  impl.FollowerState (FollowerState.java:run(117)) - s3@group-6FC126F4D414-FollowerState was interrupted: java.lang.InterruptedException: sleep interrupted
2019-09-26 14:00:02,953 INFO  segmented.SegmentedRaftLogWorker (SegmentedRaftLogWorker.java:close(228)) - s1@group-6FC126F4D414-SegmentedRaftLogWorker close()
2019-09-26 14:00:02,949 INFO  impl.StateMachineUpdater (StateMachineUpdater.java:stopAndJoin(136)) - s3@group-6FC126F4D414-StateMachineUpdater: set stopIndex = 44
2019-09-26 14:00:02,956 INFO  server.GrpcService (GrpcService.java:closeImpl(164)) - s1: shutdown server with port 42926 now
2019-09-26 14:00:02,956 INFO  segmented.SegmentedRaftLogWorker (SegmentedRaftLogWorker.java:close(228)) - s2@group-6FC126F4D414-SegmentedRaftLogWorker close()
2019-09-26 14:00:02,952 INFO  impl.FollowerState (FollowerState.java:run(117)) - s4@group-6FC126F4D414-FollowerState was interrupted: java.lang.InterruptedException: sleep interrupted
2019-09-26 14:00:02,953 INFO  segmented.SegmentedRaftLogWorker (SegmentedRaftLogWorker.java:close(228)) - s0@group-6FC126F4D414-SegmentedRaftLogWorker close()
2019-09-26 14:00:02,951 INFO  impl.StateMachineUpdater (StateMachineUpdater.java:stopAndJoin(136)) - s4@group-6FC126F4D414-StateMachineUpdater: set stopIndex = 44
2019-09-26 14:00:02,962 INFO  server.GrpcService (GrpcService.java:closeImpl(164)) - s0: shutdown server with port 38702 now
2019-09-26 14:00:02,959 INFO  server.GrpcService (GrpcService.java:closeImpl(164)) - s2: shutdown server with port 35997 now
2019-09-26 14:00:02,956 INFO  impl.RaftServerImpl (ServerState.java:close(386)) - s3@group-6FC126F4D414: closes. applyIndex: 44
2019-09-26 14:00:02,962 INFO  impl.RaftServerImpl (ServerState.java:close(386)) - s4@group-6FC126F4D414: closes. applyIndex: 44
2019-09-26 14:00:02,963 INFO  server.GrpcService (GrpcService.java:closeImpl(172)) - s2: shutdown server with port 35997 successfully
2019-09-26 14:00:02,963 INFO  segmented.SegmentedRaftLogWorker (SegmentedRaftLogWorker.java:run(313)) - s3@group-6FC126F4D414-SegmentedRaftLogWorker was interrupted, exiting. There are 0 tasks remaining in the queue.
2019-09-26 14:00:02,963 INFO  server.GrpcService (GrpcService.java:closeImpl(172)) - s0: shutdown server with port 38702 successfully
2019-09-26 14:00:02,965 INFO  segmented.SegmentedRaftLogWorker (SegmentedRaftLogWorker.java:run(313)) - s4@group-6FC126F4D414-SegmentedRaftLogWorker was interrupted, exiting. There are 0 tasks remaining in the queue.
2019-09-26 14:00:02,966 INFO  server.GrpcService (GrpcService.java:closeImpl(172)) - s1: shutdown server with port 42926 successfully
2019-09-26 14:00:02,967 INFO  segmented.SegmentedRaftLogWorker (SegmentedRaftLogWorker.java:close(228)) - s3@group-6FC126F4D414-SegmentedRaftLogWorker close()
2019-09-26 14:00:02,969 INFO  segmented.SegmentedRaftLogWorker (SegmentedRaftLogWorker.java:close(228)) - s4@group-6FC126F4D414-SegmentedRaftLogWorker close()
2019-09-26 14:00:02,969 INFO  server.GrpcService (GrpcService.java:closeImpl(164)) - s3: shutdown server with port 42361 now
2019-09-26 14:00:02,971 INFO  server.GrpcService (GrpcService.java:closeImpl(164)) - s4: shutdown server with port 38122 now
2019-09-26 14:00:02,971 INFO  server.GrpcService (GrpcService.java:closeImpl(172)) - s3: shutdown server with port 42361 successfully
2019-09-26 14:00:02,971 INFO  server.GrpcService (GrpcService.java:closeImpl(172)) - s4: shutdown server with port 38122 successfully
2019-09-26 14:00:02,971 INFO  ratis.MiniRaftCluster (MiniRaftCluster.java:shutdown(722)) - MiniRaftClusterWithGrpc shutdown completed
]]></system-out>
  </testcase>
  <testcase name="testAddPeers" classname="org.apache.ratis.grpc.TestRaftReconfigurationWithGrpc" time="1.167"/>
  <testcase name="testLeaderStepDown" classname="org.apache.ratis.grpc.TestRaftReconfigurationWithGrpc" time="2.435"/>
  <testcase name="testKillLeaderDuringReconf" classname="org.apache.ratis.grpc.TestRaftReconfigurationWithGrpc" time="5.02"/>
  <testcase name="testLeaderNotReadyException" classname="org.apache.ratis.grpc.TestRaftReconfigurationWithGrpc" time="3.522"/>
  <testcase name="testOverlappedSetConfRequests" classname="org.apache.ratis.grpc.TestRaftReconfigurationWithGrpc" time="5.176"/>
  <testcase name="testReconfTwice" classname="org.apache.ratis.grpc.TestRaftReconfigurationWithGrpc" time="2.223"/>
  <testcase name="testReconfTimeout" classname="org.apache.ratis.grpc.TestRaftReconfigurationWithGrpc" time="2.632"/>
</testsuite>