<?xml version="1.0" encoding="UTF-8"?>
<testsuite xmlns:xsi="http://www.w3.org/2001/XMLSchema-instance" xsi:noNamespaceSchemaLocation="https://maven.apache.org/surefire/maven-surefire-plugin/xsd/surefire-test-report.xsd" name="org.apache.ratis.grpc.TestRaftAsyncWithGrpc" time="116.265" tests="12" errors="1" skipped="0" failures="0">
  <properties>
    <property name="awt.toolkit" value="sun.awt.X11.XToolkit"/>
    <property name="file.encoding.pkg" value="sun.io"/>
    <property name="java.specification.version" value="1.8"/>
    <property name="sun.cpu.isalist" value=""/>
    <property name="sun.jnu.encoding" value="UTF-8"/>
    <property name="java.class.path" value="/workdir/ratis-test/target/test-classes:/workdir/ratis-test/target/classes:/workdir/ratis-common/target/classes:/home/user/.m2/repository/org/apache/ratis/ratis-thirdparty-misc/0.2.0/ratis-thirdparty-misc-0.2.0.jar:/workdir/ratis-proto/target/ratis-proto-0.5.0-SNAPSHOT.jar:/home/user/.m2/repository/org/slf4j/slf4j-log4j12/1.7.10/slf4j-log4j12-1.7.10.jar:/home/user/.m2/repository/log4j/log4j/1.2.17/log4j-1.2.17.jar:/workdir/ratis-common/target/test-classes:/workdir/ratis-client/target/classes:/workdir/ratis-server/target/classes:/workdir/ratis-metrics/target/classes:/home/user/.m2/repository/io/dropwizard/metrics/metrics-core/3.2.5/metrics-core-3.2.5.jar:/home/user/.m2/repository/com/github/joshelser/dropwizard-metrics-hadoop-metrics2-reporter/0.1.2/dropwizard-metrics-hadoop-metrics2-reporter-0.1.2.jar:/home/user/.m2/repository/org/apache/hadoop/hadoop-common/2.6.0/hadoop-common-2.6.0.jar:/home/user/.m2/repository/org/apache/hadoop/hadoop-annotations/2.6.0/hadoop-annotations-2.6.0.jar:/usr/lib/jvm/java-1.8-openjdk/jre/../lib/tools.jar:/home/user/.m2/repository/com/google/guava/guava/11.0.2/guava-11.0.2.jar:/home/user/.m2/repository/commons-cli/commons-cli/1.2/commons-cli-1.2.jar:/home/user/.m2/repository/org/apache/commons/commons-math3/3.1.1/commons-math3-3.1.1.jar:/home/user/.m2/repository/xmlenc/xmlenc/0.52/xmlenc-0.52.jar:/home/user/.m2/repository/commons-httpclient/commons-httpclient/3.1/commons-httpclient-3.1.jar:/home/user/.m2/repository/commons-codec/commons-codec/1.4/commons-codec-1.4.jar:/home/user/.m2/repository/commons-io/commons-io/2.4/commons-io-2.4.jar:/home/user/.m2/repository/commons-net/commons-net/3.1/commons-net-3.1.jar:/home/user/.m2/repository/commons-collections/commons-collections/3.2.1/commons-collections-3.2.1.jar:/home/user/.m2/repository/javax/servlet/servlet-api/2.5/servlet-api-2.5.jar:/home/user/.m2/repository/org/mortbay/jetty/jetty/6.1.26/jetty-6.1.26.jar:/home/user/.m2/repository/org/mortbay/jetty/jetty-util/6.1.26/jetty-util-6.1.26.jar:/home/user/.m2/repository/com/sun/jersey/jersey-core/1.9/jersey-core-1.9.jar:/home/user/.m2/repository/com/sun/jersey/jersey-json/1.9/jersey-json-1.9.jar:/home/user/.m2/repository/org/codehaus/jettison/jettison/1.1/jettison-1.1.jar:/home/user/.m2/repository/com/sun/xml/bind/jaxb-impl/2.2.3-1/jaxb-impl-2.2.3-1.jar:/home/user/.m2/repository/javax/xml/bind/jaxb-api/2.2.2/jaxb-api-2.2.2.jar:/home/user/.m2/repository/javax/xml/stream/stax-api/1.0-2/stax-api-1.0-2.jar:/home/user/.m2/repository/javax/activation/activation/1.1/activation-1.1.jar:/home/user/.m2/repository/org/codehaus/jackson/jackson-jaxrs/1.8.3/jackson-jaxrs-1.8.3.jar:/home/user/.m2/repository/org/codehaus/jackson/jackson-xc/1.8.3/jackson-xc-1.8.3.jar:/home/user/.m2/repository/com/sun/jersey/jersey-server/1.9/jersey-server-1.9.jar:/home/user/.m2/repository/asm/asm/3.1/asm-3.1.jar:/home/user/.m2/repository/tomcat/jasper-compiler/5.5.23/jasper-compiler-5.5.23.jar:/home/user/.m2/repository/tomcat/jasper-runtime/5.5.23/jasper-runtime-5.5.23.jar:/home/user/.m2/repository/javax/servlet/jsp/jsp-api/2.1/jsp-api-2.1.jar:/home/user/.m2/repository/commons-el/commons-el/1.0/commons-el-1.0.jar:/home/user/.m2/repository/commons-logging/commons-logging/1.1.3/commons-logging-1.1.3.jar:/home/user/.m2/repository/net/java/dev/jets3t/jets3t/0.9.0/jets3t-0.9.0.jar:/home/user/.m2/repository/org/apache/httpcomponents/httpclient/4.1.2/httpclient-4.1.2.jar:/home/user/.m2/repository/org/apache/httpcomponents/httpcore/4.1.2/httpcore-4.1.2.jar:/home/user/.m2/repository/com/jamesmurty/utils/java-xmlbuilder/0.4/java-xmlbuilder-0.4.jar:/home/user/.m2/repository/commons-lang/commons-lang/2.6/commons-lang-2.6.jar:/home/user/.m2/repository/commons-configuration/commons-configuration/1.6/commons-configuration-1.6.jar:/home/user/.m2/repository/commons-digester/commons-digester/1.8/commons-digester-1.8.jar:/home/user/.m2/repository/commons-beanutils/commons-beanutils/1.7.0/commons-beanutils-1.7.0.jar:/home/user/.m2/repository/commons-beanutils/commons-beanutils-core/1.8.0/commons-beanutils-core-1.8.0.jar:/home/user/.m2/repository/org/codehaus/jackson/jackson-core-asl/1.9.13/jackson-core-asl-1.9.13.jar:/home/user/.m2/repository/org/codehaus/jackson/jackson-mapper-asl/1.9.13/jackson-mapper-asl-1.9.13.jar:/home/user/.m2/repository/org/apache/avro/avro/1.7.4/avro-1.7.4.jar:/home/user/.m2/repository/com/thoughtworks/paranamer/paranamer/2.3/paranamer-2.3.jar:/home/user/.m2/repository/org/xerial/snappy/snappy-java/1.0.4.1/snappy-java-1.0.4.1.jar:/home/user/.m2/repository/com/google/protobuf/protobuf-java/2.5.0/protobuf-java-2.5.0.jar:/home/user/.m2/repository/com/google/code/gson/gson/2.2.4/gson-2.2.4.jar:/home/user/.m2/repository/org/apache/hadoop/hadoop-auth/2.6.0/hadoop-auth-2.6.0.jar:/home/user/.m2/repository/org/apache/directory/server/apacheds-kerberos-codec/2.0.0-M15/apacheds-kerberos-codec-2.0.0-M15.jar:/home/user/.m2/repository/org/apache/directory/server/apacheds-i18n/2.0.0-M15/apacheds-i18n-2.0.0-M15.jar:/home/user/.m2/repository/org/apache/directory/api/api-asn1-api/1.0.0-M20/api-asn1-api-1.0.0-M20.jar:/home/user/.m2/repository/org/apache/directory/api/api-util/1.0.0-M20/api-util-1.0.0-M20.jar:/home/user/.m2/repository/org/apache/curator/curator-framework/2.6.0/curator-framework-2.6.0.jar:/home/user/.m2/repository/com/jcraft/jsch/0.1.42/jsch-0.1.42.jar:/home/user/.m2/repository/org/apache/curator/curator-client/2.6.0/curator-client-2.6.0.jar:/home/user/.m2/repository/org/apache/curator/curator-recipes/2.6.0/curator-recipes-2.6.0.jar:/home/user/.m2/repository/com/google/code/findbugs/jsr305/1.3.9/jsr305-1.3.9.jar:/home/user/.m2/repository/org/htrace/htrace-core/3.0.4/htrace-core-3.0.4.jar:/home/user/.m2/repository/org/apache/zookeeper/zookeeper/3.4.6/zookeeper-3.4.6.jar:/home/user/.m2/repository/io/netty/netty/3.7.0.Final/netty-3.7.0.Final.jar:/home/user/.m2/repository/org/apache/commons/commons-compress/1.4.1/commons-compress-1.4.1.jar:/home/user/.m2/repository/org/tukaani/xz/1.0/xz-1.0.jar:/home/user/.m2/repository/io/dropwizard/metrics/metrics-jvm/3.2.5/metrics-jvm-3.2.5.jar:/home/user/.m2/repository/io/dropwizard/metrics/metrics-ganglia/3.2.5/metrics-ganglia-3.2.5.jar:/home/user/.m2/repository/info/ganglia/gmetric4j/gmetric4j/1.0.7/gmetric4j-1.0.7.jar:/workdir/ratis-server/target/test-classes:/workdir/ratis-netty/target/classes:/workdir/ratis-netty/target/test-classes:/workdir/ratis-grpc/target/classes:/workdir/ratis-grpc/target/test-classes:/home/user/.m2/repository/org/slf4j/slf4j-api/1.7.10/slf4j-api-1.7.10.jar:/home/user/.m2/repository/junit/junit/4.12/junit-4.12.jar:/home/user/.m2/repository/org/hamcrest/hamcrest-core/1.3/hamcrest-core-1.3.jar:/home/user/.m2/repository/org/mockito/mockito-all/1.8.5/mockito-all-1.8.5.jar:"/>
    <property name="java.vm.vendor" value="IcedTea"/>
    <property name="sun.arch.data.model" value="64"/>
    <property name="java.vendor.url" value="https://icedtea.classpath.org"/>
    <property name="user.timezone" value=""/>
    <property name="java.vm.specification.version" value="1.8"/>
    <property name="os.name" value="Linux"/>
    <property name="user.country" value="US"/>
    <property name="sun.java.launcher" value="SUN_STANDARD"/>
    <property name="sun.boot.library.path" value="/usr/lib/jvm/java-1.8-openjdk/jre/lib/amd64"/>
    <property name="sun.java.command" value="/workdir/ratis-test/target/surefire/surefirebooter2895438539112163765.jar /workdir/ratis-test/target/surefire 2019-09-26T13-42-04_408-jvmRun1 surefire1631941135168109777tmp surefire_537355712226791371271tmp"/>
    <property name="surefire.test.class.path" value="/workdir/ratis-test/target/test-classes:/workdir/ratis-test/target/classes:/workdir/ratis-common/target/classes:/home/user/.m2/repository/org/apache/ratis/ratis-thirdparty-misc/0.2.0/ratis-thirdparty-misc-0.2.0.jar:/workdir/ratis-proto/target/ratis-proto-0.5.0-SNAPSHOT.jar:/home/user/.m2/repository/org/slf4j/slf4j-log4j12/1.7.10/slf4j-log4j12-1.7.10.jar:/home/user/.m2/repository/log4j/log4j/1.2.17/log4j-1.2.17.jar:/workdir/ratis-common/target/test-classes:/workdir/ratis-client/target/classes:/workdir/ratis-server/target/classes:/workdir/ratis-metrics/target/classes:/home/user/.m2/repository/io/dropwizard/metrics/metrics-core/3.2.5/metrics-core-3.2.5.jar:/home/user/.m2/repository/com/github/joshelser/dropwizard-metrics-hadoop-metrics2-reporter/0.1.2/dropwizard-metrics-hadoop-metrics2-reporter-0.1.2.jar:/home/user/.m2/repository/org/apache/hadoop/hadoop-common/2.6.0/hadoop-common-2.6.0.jar:/home/user/.m2/repository/org/apache/hadoop/hadoop-annotations/2.6.0/hadoop-annotations-2.6.0.jar:/usr/lib/jvm/java-1.8-openjdk/jre/../lib/tools.jar:/home/user/.m2/repository/com/google/guava/guava/11.0.2/guava-11.0.2.jar:/home/user/.m2/repository/commons-cli/commons-cli/1.2/commons-cli-1.2.jar:/home/user/.m2/repository/org/apache/commons/commons-math3/3.1.1/commons-math3-3.1.1.jar:/home/user/.m2/repository/xmlenc/xmlenc/0.52/xmlenc-0.52.jar:/home/user/.m2/repository/commons-httpclient/commons-httpclient/3.1/commons-httpclient-3.1.jar:/home/user/.m2/repository/commons-codec/commons-codec/1.4/commons-codec-1.4.jar:/home/user/.m2/repository/commons-io/commons-io/2.4/commons-io-2.4.jar:/home/user/.m2/repository/commons-net/commons-net/3.1/commons-net-3.1.jar:/home/user/.m2/repository/commons-collections/commons-collections/3.2.1/commons-collections-3.2.1.jar:/home/user/.m2/repository/javax/servlet/servlet-api/2.5/servlet-api-2.5.jar:/home/user/.m2/repository/org/mortbay/jetty/jetty/6.1.26/jetty-6.1.26.jar:/home/user/.m2/repository/org/mortbay/jetty/jetty-util/6.1.26/jetty-util-6.1.26.jar:/home/user/.m2/repository/com/sun/jersey/jersey-core/1.9/jersey-core-1.9.jar:/home/user/.m2/repository/com/sun/jersey/jersey-json/1.9/jersey-json-1.9.jar:/home/user/.m2/repository/org/codehaus/jettison/jettison/1.1/jettison-1.1.jar:/home/user/.m2/repository/com/sun/xml/bind/jaxb-impl/2.2.3-1/jaxb-impl-2.2.3-1.jar:/home/user/.m2/repository/javax/xml/bind/jaxb-api/2.2.2/jaxb-api-2.2.2.jar:/home/user/.m2/repository/javax/xml/stream/stax-api/1.0-2/stax-api-1.0-2.jar:/home/user/.m2/repository/javax/activation/activation/1.1/activation-1.1.jar:/home/user/.m2/repository/org/codehaus/jackson/jackson-jaxrs/1.8.3/jackson-jaxrs-1.8.3.jar:/home/user/.m2/repository/org/codehaus/jackson/jackson-xc/1.8.3/jackson-xc-1.8.3.jar:/home/user/.m2/repository/com/sun/jersey/jersey-server/1.9/jersey-server-1.9.jar:/home/user/.m2/repository/asm/asm/3.1/asm-3.1.jar:/home/user/.m2/repository/tomcat/jasper-compiler/5.5.23/jasper-compiler-5.5.23.jar:/home/user/.m2/repository/tomcat/jasper-runtime/5.5.23/jasper-runtime-5.5.23.jar:/home/user/.m2/repository/javax/servlet/jsp/jsp-api/2.1/jsp-api-2.1.jar:/home/user/.m2/repository/commons-el/commons-el/1.0/commons-el-1.0.jar:/home/user/.m2/repository/commons-logging/commons-logging/1.1.3/commons-logging-1.1.3.jar:/home/user/.m2/repository/net/java/dev/jets3t/jets3t/0.9.0/jets3t-0.9.0.jar:/home/user/.m2/repository/org/apache/httpcomponents/httpclient/4.1.2/httpclient-4.1.2.jar:/home/user/.m2/repository/org/apache/httpcomponents/httpcore/4.1.2/httpcore-4.1.2.jar:/home/user/.m2/repository/com/jamesmurty/utils/java-xmlbuilder/0.4/java-xmlbuilder-0.4.jar:/home/user/.m2/repository/commons-lang/commons-lang/2.6/commons-lang-2.6.jar:/home/user/.m2/repository/commons-configuration/commons-configuration/1.6/commons-configuration-1.6.jar:/home/user/.m2/repository/commons-digester/commons-digester/1.8/commons-digester-1.8.jar:/home/user/.m2/repository/commons-beanutils/commons-beanutils/1.7.0/commons-beanutils-1.7.0.jar:/home/user/.m2/repository/commons-beanutils/commons-beanutils-core/1.8.0/commons-beanutils-core-1.8.0.jar:/home/user/.m2/repository/org/codehaus/jackson/jackson-core-asl/1.9.13/jackson-core-asl-1.9.13.jar:/home/user/.m2/repository/org/codehaus/jackson/jackson-mapper-asl/1.9.13/jackson-mapper-asl-1.9.13.jar:/home/user/.m2/repository/org/apache/avro/avro/1.7.4/avro-1.7.4.jar:/home/user/.m2/repository/com/thoughtworks/paranamer/paranamer/2.3/paranamer-2.3.jar:/home/user/.m2/repository/org/xerial/snappy/snappy-java/1.0.4.1/snappy-java-1.0.4.1.jar:/home/user/.m2/repository/com/google/protobuf/protobuf-java/2.5.0/protobuf-java-2.5.0.jar:/home/user/.m2/repository/com/google/code/gson/gson/2.2.4/gson-2.2.4.jar:/home/user/.m2/repository/org/apache/hadoop/hadoop-auth/2.6.0/hadoop-auth-2.6.0.jar:/home/user/.m2/repository/org/apache/directory/server/apacheds-kerberos-codec/2.0.0-M15/apacheds-kerberos-codec-2.0.0-M15.jar:/home/user/.m2/repository/org/apache/directory/server/apacheds-i18n/2.0.0-M15/apacheds-i18n-2.0.0-M15.jar:/home/user/.m2/repository/org/apache/directory/api/api-asn1-api/1.0.0-M20/api-asn1-api-1.0.0-M20.jar:/home/user/.m2/repository/org/apache/directory/api/api-util/1.0.0-M20/api-util-1.0.0-M20.jar:/home/user/.m2/repository/org/apache/curator/curator-framework/2.6.0/curator-framework-2.6.0.jar:/home/user/.m2/repository/com/jcraft/jsch/0.1.42/jsch-0.1.42.jar:/home/user/.m2/repository/org/apache/curator/curator-client/2.6.0/curator-client-2.6.0.jar:/home/user/.m2/repository/org/apache/curator/curator-recipes/2.6.0/curator-recipes-2.6.0.jar:/home/user/.m2/repository/com/google/code/findbugs/jsr305/1.3.9/jsr305-1.3.9.jar:/home/user/.m2/repository/org/htrace/htrace-core/3.0.4/htrace-core-3.0.4.jar:/home/user/.m2/repository/org/apache/zookeeper/zookeeper/3.4.6/zookeeper-3.4.6.jar:/home/user/.m2/repository/io/netty/netty/3.7.0.Final/netty-3.7.0.Final.jar:/home/user/.m2/repository/org/apache/commons/commons-compress/1.4.1/commons-compress-1.4.1.jar:/home/user/.m2/repository/org/tukaani/xz/1.0/xz-1.0.jar:/home/user/.m2/repository/io/dropwizard/metrics/metrics-jvm/3.2.5/metrics-jvm-3.2.5.jar:/home/user/.m2/repository/io/dropwizard/metrics/metrics-ganglia/3.2.5/metrics-ganglia-3.2.5.jar:/home/user/.m2/repository/info/ganglia/gmetric4j/gmetric4j/1.0.7/gmetric4j-1.0.7.jar:/workdir/ratis-server/target/test-classes:/workdir/ratis-netty/target/classes:/workdir/ratis-netty/target/test-classes:/workdir/ratis-grpc/target/classes:/workdir/ratis-grpc/target/test-classes:/home/user/.m2/repository/org/slf4j/slf4j-api/1.7.10/slf4j-api-1.7.10.jar:/home/user/.m2/repository/junit/junit/4.12/junit-4.12.jar:/home/user/.m2/repository/org/hamcrest/hamcrest-core/1.3/hamcrest-core-1.3.jar:/home/user/.m2/repository/org/mockito/mockito-all/1.8.5/mockito-all-1.8.5.jar:"/>
    <property name="sun.cpu.endian" value="little"/>
    <property name="user.home" value="/home/user"/>
    <property name="user.language" value="en"/>
    <property name="java.specification.vendor" value="Oracle Corporation"/>
    <property name="java.home" value="/usr/lib/jvm/java-1.8-openjdk/jre"/>
    <property name="basedir" value="/workdir/ratis-test"/>
    <property name="file.separator" value="/"/>
    <property name="line.separator" value="&#10;"/>
    <property name="java.vm.specification.vendor" value="Oracle Corporation"/>
    <property name="java.specification.name" value="Java Platform API Specification"/>
    <property name="java.awt.graphicsenv" value="sun.awt.X11GraphicsEnvironment"/>
    <property name="surefire.real.class.path" value="/workdir/ratis-test/target/surefire/surefirebooter2895438539112163765.jar"/>
    <property name="sun.boot.class.path" value="/usr/lib/jvm/java-1.8-openjdk/jre/lib/resources.jar:/usr/lib/jvm/java-1.8-openjdk/jre/lib/rt.jar:/usr/lib/jvm/java-1.8-openjdk/jre/lib/sunrsasign.jar:/usr/lib/jvm/java-1.8-openjdk/jre/lib/jsse.jar:/usr/lib/jvm/java-1.8-openjdk/jre/lib/jce.jar:/usr/lib/jvm/java-1.8-openjdk/jre/lib/charsets.jar:/usr/lib/jvm/java-1.8-openjdk/jre/lib/jfr.jar:/usr/lib/jvm/java-1.8-openjdk/jre/classes"/>
    <property name="sun.management.compiler" value="HotSpot 64-Bit Tiered Compilers"/>
    <property name="java.runtime.version" value="1.8.0_212-b04"/>
    <property name="java.net.preferIPv4Stack" value="true"/>
    <property name="user.name" value="jenkins1000"/>
    <property name="path.separator" value=":"/>
    <property name="os.version" value="3.10.0-957.12.2.el7.x86_64"/>
    <property name="java.endorsed.dirs" value="/usr/lib/jvm/java-1.8-openjdk/jre/lib/endorsed"/>
    <property name="java.runtime.name" value="OpenJDK Runtime Environment"/>
    <property name="file.encoding" value="UTF-8"/>
    <property name="java.vm.name" value="OpenJDK 64-Bit Server VM"/>
    <property name="localRepository" value="/home/user/.m2/repository"/>
    <property name="java.vendor.url.bug" value="https://icedtea.classpath.org/bugzilla"/>
    <property name="java.io.tmpdir" value="/tmp"/>
    <property name="java.version" value="1.8.0_212"/>
    <property name="user.dir" value="/workdir/ratis-test"/>
    <property name="os.arch" value="amd64"/>
    <property name="ratis.tmp.dir" value="/workdir/ratis-test/target/tmp"/>
    <property name="java.vm.specification.name" value="Java Virtual Machine Specification"/>
    <property name="java.awt.printerjob" value="sun.print.PSPrinterJob"/>
    <property name="ratis.log.dir" value="/workdir/ratis-test/target/log"/>
    <property name="sun.os.patch.level" value="unknown"/>
    <property name="java.library.path" value="/usr/lib/jvm/java-1.8-openjdk/jre/lib/amd64/server:/usr/lib/jvm/java-1.8-openjdk/jre/lib/amd64:/usr/lib/jvm/java-1.8-openjdk/jre/../lib/amd64:/usr/java/packages/lib/amd64:/usr/lib64:/lib64:/lib:/usr/lib"/>
    <property name="java.vm.info" value="mixed mode"/>
    <property name="java.vendor" value="IcedTea"/>
    <property name="java.vm.version" value="25.212-b04"/>
    <property name="java.ext.dirs" value="/usr/lib/jvm/java-1.8-openjdk/jre/lib/ext:/usr/java/packages/lib/ext"/>
    <property name="sun.io.unicode.encoding" value="UnicodeLittle"/>
    <property name="java.class.version" value="52.0"/>
  </properties>
  <testcase name="testAsyncConfiguration" classname="org.apache.ratis.grpc.TestRaftAsyncWithGrpc" time="0.146"/>
  <testcase name="testStaleReadAsync" classname="org.apache.ratis.grpc.TestRaftAsyncWithGrpc" time="3.651"/>
  <testcase name="testStateMachineMetrics" classname="org.apache.ratis.grpc.TestRaftAsyncWithGrpc" time="1.054"/>
  <testcase name="testRequestAsyncWithRetryFailure" classname="org.apache.ratis.grpc.TestRaftAsyncWithGrpc" time="1.187"/>
  <testcase name="testBasicAppendEntriesAsyncKillLeader" classname="org.apache.ratis.grpc.TestRaftAsyncWithGrpc" time="7.279"/>
  <testcase name="testAppendEntriesTimeout" classname="org.apache.ratis.grpc.TestRaftAsyncWithGrpc" time="6.192"/>
  <testcase name="testWithLoadAsync" classname="org.apache.ratis.grpc.TestRaftAsyncWithGrpc" time="51.724"/>
  <testcase name="testRequestTimeout" classname="org.apache.ratis.grpc.TestRaftAsyncWithGrpc" time="7.228"/>
  <testcase name="testAsyncRequestSemaphore" classname="org.apache.ratis.grpc.TestRaftAsyncWithGrpc" time="1.708"/>
  <testcase name="testBasicAppendEntriesAsync" classname="org.apache.ratis.grpc.TestRaftAsyncWithGrpc" time="3.667"/>
  <testcase name="testNoRetryWaitOnNotLeaderException" classname="org.apache.ratis.grpc.TestRaftAsyncWithGrpc" time="30.022">
    <error message="test timed out after 30000 milliseconds" type="org.junit.runners.model.TestTimedOutException">org.junit.runners.model.TestTimedOutException: test timed out after 30000 milliseconds
</error>
    <system-out><![CDATA[2019-09-26 13:54:49,450 INFO  util.LogUtils (LogUtils.java:setLogLevel(41)) - Set org.apache.ratis.conf.ConfUtils log level to WARN
2019-09-26 13:54:49,450 INFO  util.LogUtils (LogUtils.java:setLogLevel(41)) - Set org.apache.ratis.util.FileUtils log level to TRACE
2019-09-26 13:54:49,451 INFO  util.LogUtils (LogUtils.java:setLogLevel(41)) - Set org.apache.ratis.server.impl.RaftServerImpl log level to DEBUG
2019-09-26 13:54:49,451 INFO  util.LogUtils (LogUtils.java:setLogLevel(41)) - Set org.apache.ratis.client.RaftClient log level to DEBUG
2019-09-26 13:54:49,452 INFO  ratis.MiniRaftCluster (MiniRaftCluster.java:<init>(253)) - new MiniRaftClusterWithGrpc with group-47B2568B0D35:[s0:0.0.0.0:41646, s1:0.0.0.0:38716, s2:0.0.0.0:33304]
2019-09-26 13:54:49,452 INFO  ratis.MiniRaftCluster (MiniRaftCluster.java:initServers(265)) - servers = {}
2019-09-26 13:54:49,452 INFO  ratis.MiniRaftCluster (MiniRaftCluster.java:newRaftServer(330)) - newRaftServer: s0, group-47B2568B0D35:[s0:0.0.0.0:41646, s1:0.0.0.0:38716, s2:0.0.0.0:33304], format? true
2019-09-26 13:54:49,453 TRACE util.FileUtils (FileUtils.java:deleteFully(88)) - deleteFully target/test/data/17a20762/MiniRaftClusterWithGrpcc200b68b/s0
2019-09-26 13:54:49,453 TRACE util.FileUtils (FileUtils.java:deleteFully(104)) - deleteFully: target/test/data/17a20762/MiniRaftClusterWithGrpcc200b68b/s0 does not exist.
2019-09-26 13:54:49,453 INFO  ratis.MiniRaftCluster (MiniRaftCluster.java:newRaftServer(335)) - Formatted directory target/test/data/17a20762/MiniRaftClusterWithGrpcc200b68b/s0
2019-09-26 13:54:49,453 INFO  impl.RaftServerProxy (ConfUtils.java:logGet(43)) - raft.rpc.type = GRPC (default)
2019-09-26 13:54:49,453 INFO  grpc.GrpcFactory (GrpcFactory.java:checkPooledByteBufAllocatorUseCacheForAllThreads(45)) - PERFORMANCE WARNING: useCacheForAllThreads is true that may cause Netty to create a lot garbage objects and, as a result, trigger GC.
	It is recommended to disable useCacheForAllThreads by setting -Dorg.apache.ratis.thirdparty.io.netty.allocator.useCacheForAllThreads=false in command line.
2019-09-26 13:54:49,454 INFO  grpc.GrpcConfigKeys$Server (ConfUtils.java:logGet(43)) - raft.grpc.server.port = 41646 (custom)
2019-09-26 13:54:49,454 INFO  server.GrpcService (ConfUtils.java:logGet(43)) - raft.grpc.message.size.max = 64MB (=67108864) (default)
2019-09-26 13:54:49,454 INFO  server.RaftServerConfigKeys (ConfUtils.java:logGet(43)) - raft.server.log.appender.buffer.byte-limit = 4MB (=4194304) (default)
2019-09-26 13:54:49,454 INFO  server.GrpcService (ConfUtils.java:logGet(43)) - raft.grpc.flow.control.window = 1MB (=1048576) (default)
2019-09-26 13:54:49,454 INFO  server.RaftServerConfigKeys (ConfUtils.java:logGet(43)) - raft.server.rpc.request.timeout = 3000ms (default)
2019-09-26 13:54:49,455 INFO  server.RaftServerConfigKeys (ConfUtils.java:logGet(43)) - raft.server.storage.dir = [/workdir/ratis-test/target/test/data/17a20762/MiniRaftClusterWithGrpcc200b68b/s0] (custom)
2019-09-26 13:54:49,455 INFO  impl.RaftServerProxy (RaftServerProxy.java:addNew(89)) - s0: addNew group-47B2568B0D35:[s0:0.0.0.0:41646, s1:0.0.0.0:38716, s2:0.0.0.0:33304] returns group-47B2568B0D35:java.util.concurrent.CompletableFuture@4d1c3740[Not completed]
2019-09-26 13:54:49,455 INFO  server.RaftServerConfigKeys (ConfUtils.java:logGet(43)) - raft.server.log.segment.size.max = 8MB (=8388608) (default)
2019-09-26 13:54:49,455 INFO  ratis.MiniRaftCluster (MiniRaftCluster.java:newRaftServer(330)) - newRaftServer: s1, group-47B2568B0D35:[s0:0.0.0.0:41646, s1:0.0.0.0:38716, s2:0.0.0.0:33304], format? true
2019-09-26 13:54:49,456 INFO  server.RaftServerConfigKeys (ConfUtils.java:logGet(43)) - raft.server.log.preallocated.size = 4MB (=4194304) (default)
2019-09-26 13:54:49,456 TRACE util.FileUtils (FileUtils.java:deleteFully(88)) - deleteFully target/test/data/17a20762/MiniRaftClusterWithGrpcc200b68b/s1
2019-09-26 13:54:49,456 INFO  server.RaftServerConfigKeys (ConfUtils.java:logGet(43)) - raft.server.log.write.buffer.size = 64KB (=65536) (default)
2019-09-26 13:54:49,456 TRACE util.FileUtils (FileUtils.java:deleteFully(104)) - deleteFully: target/test/data/17a20762/MiniRaftClusterWithGrpcc200b68b/s1 does not exist.
2019-09-26 13:54:49,456 INFO  ratis.MiniRaftCluster (MiniRaftCluster.java:newRaftServer(335)) - Formatted directory target/test/data/17a20762/MiniRaftClusterWithGrpcc200b68b/s1
2019-09-26 13:54:49,456 INFO  impl.RaftServerImpl (RaftServerImpl.java:<init>(95)) - s0: new RaftServerImpl for group-47B2568B0D35:[s0:0.0.0.0:41646, s1:0.0.0.0:38716, s2:0.0.0.0:33304] with SimpleStateMachine4Testing:uninitialized
2019-09-26 13:54:49,456 INFO  impl.RaftServerProxy (ConfUtils.java:logGet(43)) - raft.rpc.type = GRPC (default)
2019-09-26 13:54:49,457 INFO  server.RaftServerConfigKeys (ConfUtils.java:logGet(43)) - raft.server.rpc.timeout.min = 150ms (default)
2019-09-26 13:54:49,457 INFO  grpc.GrpcFactory (GrpcFactory.java:checkPooledByteBufAllocatorUseCacheForAllThreads(45)) - PERFORMANCE WARNING: useCacheForAllThreads is true that may cause Netty to create a lot garbage objects and, as a result, trigger GC.
	It is recommended to disable useCacheForAllThreads by setting -Dorg.apache.ratis.thirdparty.io.netty.allocator.useCacheForAllThreads=false in command line.
2019-09-26 13:54:49,457 INFO  server.RaftServerConfigKeys (ConfUtils.java:logGet(43)) - raft.server.rpc.timeout.max = 300ms (default)
2019-09-26 13:54:49,457 INFO  grpc.GrpcConfigKeys$Server (ConfUtils.java:logGet(43)) - raft.grpc.server.port = 38716 (custom)
2019-09-26 13:54:49,457 INFO  server.RaftServerConfigKeys (ConfUtils.java:logGet(43)) - raft.server.rpcslowness.timeout = 60s (default)
2019-09-26 13:54:49,457 INFO  server.GrpcService (ConfUtils.java:logGet(43)) - raft.grpc.message.size.max = 64MB (=67108864) (default)
2019-09-26 13:54:49,457 INFO  server.RaftServerConfigKeys (ConfUtils.java:logGet(43)) - raft.server.sleep.deviation.threshold = 300 (default)
2019-09-26 13:54:49,457 INFO  server.RaftServerConfigKeys (ConfUtils.java:logGet(43)) - raft.server.log.appender.buffer.byte-limit = 4MB (=4194304) (default)
2019-09-26 13:54:49,457 INFO  server.RaftServerConfigKeys (ConfUtils.java:logGet(43)) - raft.server.log.appender.install.snapshot.enabled = true (default)
2019-09-26 13:54:49,458 INFO  server.GrpcService (ConfUtils.java:logGet(43)) - raft.grpc.flow.control.window = 1MB (=1048576) (default)
2019-09-26 13:54:49,458 INFO  impl.RaftServerImpl (ServerState.java:<init>(103)) - s0@group-47B2568B0D35: ConfigurationManager, init=-1: [s0:0.0.0.0:41646, s1:0.0.0.0:38716, s2:0.0.0.0:33304], old=null, confs=<EMPTY_MAP>
2019-09-26 13:54:49,458 INFO  server.RaftServerConfigKeys (ConfUtils.java:logGet(43)) - raft.server.rpc.request.timeout = 3000ms (default)
2019-09-26 13:54:49,458 INFO  server.RaftServerConfigKeys (ConfUtils.java:logGet(43)) - raft.server.storage.dir = [/workdir/ratis-test/target/test/data/17a20762/MiniRaftClusterWithGrpcc200b68b/s0] (custom)
2019-09-26 13:54:49,458 INFO  server.RaftServerConfigKeys (ConfUtils.java:logGet(43)) - raft.server.log.corruption.policy = EXCEPTION (default)
2019-09-26 13:54:49,458 INFO  server.RaftServerConfigKeys (ConfUtils.java:logGet(43)) - raft.server.storage.dir = [/workdir/ratis-test/target/test/data/17a20762/MiniRaftClusterWithGrpcc200b68b/s1] (custom)
2019-09-26 13:54:49,458 INFO  storage.RaftStorageDirectory (RaftStorageDirectory.java:analyzeStorage(246)) - The storage directory /workdir/ratis-test/target/test/data/17a20762/MiniRaftClusterWithGrpcc200b68b/s0/52347460-25ea-4e95-beaf-47b2568b0d35 does not exist. Creating ...
2019-09-26 13:54:49,458 INFO  impl.RaftServerProxy (RaftServerProxy.java:addNew(89)) - s1: addNew group-47B2568B0D35:[s0:0.0.0.0:41646, s1:0.0.0.0:38716, s2:0.0.0.0:33304] returns group-47B2568B0D35:java.util.concurrent.CompletableFuture@1b9594f[Not completed]
2019-09-26 13:54:49,459 INFO  ratis.MiniRaftCluster (MiniRaftCluster.java:newRaftServer(330)) - newRaftServer: s2, group-47B2568B0D35:[s0:0.0.0.0:41646, s1:0.0.0.0:38716, s2:0.0.0.0:33304], format? true
2019-09-26 13:54:49,459 TRACE util.FileUtils (FileUtils.java:deleteFully(88)) - deleteFully target/test/data/17a20762/MiniRaftClusterWithGrpcc200b68b/s2
2019-09-26 13:54:49,459 INFO  server.RaftServerConfigKeys (ConfUtils.java:logGet(43)) - raft.server.log.segment.size.max = 8MB (=8388608) (default)
2019-09-26 13:54:49,459 TRACE util.FileUtils (FileUtils.java:deleteFully(104)) - deleteFully: target/test/data/17a20762/MiniRaftClusterWithGrpcc200b68b/s2 does not exist.
2019-09-26 13:54:49,459 TRACE util.FileUtils (LogUtils.java:runAndLog(61)) - Successfully ran Files.createDirectories /workdir/ratis-test/target/test/data/17a20762/MiniRaftClusterWithGrpcc200b68b/s0/52347460-25ea-4e95-beaf-47b2568b0d35
2019-09-26 13:54:49,459 INFO  ratis.MiniRaftCluster (MiniRaftCluster.java:newRaftServer(335)) - Formatted directory target/test/data/17a20762/MiniRaftClusterWithGrpcc200b68b/s2
2019-09-26 13:54:49,459 INFO  server.RaftServerConfigKeys (ConfUtils.java:logGet(43)) - raft.server.log.preallocated.size = 4MB (=4194304) (default)
2019-09-26 13:54:49,459 INFO  impl.RaftServerProxy (ConfUtils.java:logGet(43)) - raft.rpc.type = GRPC (default)
2019-09-26 13:54:49,459 INFO  server.RaftServerConfigKeys (ConfUtils.java:logGet(43)) - raft.server.log.write.buffer.size = 64KB (=65536) (default)
2019-09-26 13:54:49,460 INFO  grpc.GrpcFactory (GrpcFactory.java:checkPooledByteBufAllocatorUseCacheForAllThreads(45)) - PERFORMANCE WARNING: useCacheForAllThreads is true that may cause Netty to create a lot garbage objects and, as a result, trigger GC.
	It is recommended to disable useCacheForAllThreads by setting -Dorg.apache.ratis.thirdparty.io.netty.allocator.useCacheForAllThreads=false in command line.
2019-09-26 13:54:49,460 INFO  impl.RaftServerImpl (RaftServerImpl.java:<init>(95)) - s1: new RaftServerImpl for group-47B2568B0D35:[s0:0.0.0.0:41646, s1:0.0.0.0:38716, s2:0.0.0.0:33304] with SimpleStateMachine4Testing:uninitialized
2019-09-26 13:54:49,460 INFO  grpc.GrpcConfigKeys$Server (ConfUtils.java:logGet(43)) - raft.grpc.server.port = 33304 (custom)
2019-09-26 13:54:49,460 INFO  server.RaftServerConfigKeys (ConfUtils.java:logGet(43)) - raft.server.rpc.timeout.min = 150ms (default)
2019-09-26 13:54:49,460 INFO  server.GrpcService (ConfUtils.java:logGet(43)) - raft.grpc.message.size.max = 64MB (=67108864) (default)
2019-09-26 13:54:49,460 INFO  server.RaftServerConfigKeys (ConfUtils.java:logGet(43)) - raft.server.rpc.timeout.max = 300ms (default)
2019-09-26 13:54:49,461 INFO  server.RaftServerConfigKeys (ConfUtils.java:logGet(43)) - raft.server.log.appender.buffer.byte-limit = 4MB (=4194304) (default)
2019-09-26 13:54:49,461 INFO  server.RaftServerConfigKeys (ConfUtils.java:logGet(43)) - raft.server.rpcslowness.timeout = 60s (default)
2019-09-26 13:54:49,461 INFO  server.GrpcService (ConfUtils.java:logGet(43)) - raft.grpc.flow.control.window = 1MB (=1048576) (default)
2019-09-26 13:54:49,461 INFO  server.RaftServerConfigKeys (ConfUtils.java:logGet(43)) - raft.server.sleep.deviation.threshold = 300 (default)
2019-09-26 13:54:49,461 INFO  server.RaftServerConfigKeys (ConfUtils.java:logGet(43)) - raft.server.rpc.request.timeout = 3000ms (default)
2019-09-26 13:54:49,461 INFO  server.RaftServerConfigKeys (ConfUtils.java:logGet(43)) - raft.server.log.appender.install.snapshot.enabled = true (default)
2019-09-26 13:54:49,461 INFO  impl.RaftServerImpl (ServerState.java:<init>(103)) - s1@group-47B2568B0D35: ConfigurationManager, init=-1: [s0:0.0.0.0:41646, s1:0.0.0.0:38716, s2:0.0.0.0:33304], old=null, confs=<EMPTY_MAP>
2019-09-26 13:54:49,461 INFO  server.RaftServerConfigKeys (ConfUtils.java:logGet(43)) - raft.server.storage.dir = [/workdir/ratis-test/target/test/data/17a20762/MiniRaftClusterWithGrpcc200b68b/s2] (custom)
2019-09-26 13:54:49,462 INFO  server.RaftServerConfigKeys (ConfUtils.java:logGet(43)) - raft.server.storage.dir = [/workdir/ratis-test/target/test/data/17a20762/MiniRaftClusterWithGrpcc200b68b/s1] (custom)
2019-09-26 13:54:49,462 INFO  impl.RaftServerProxy (RaftServerProxy.java:addNew(89)) - s2: addNew group-47B2568B0D35:[s0:0.0.0.0:41646, s1:0.0.0.0:38716, s2:0.0.0.0:33304] returns group-47B2568B0D35:java.util.concurrent.CompletableFuture@51051923[Not completed]
2019-09-26 13:54:49,462 INFO  server.RaftServerConfigKeys (ConfUtils.java:logGet(43)) - raft.server.log.corruption.policy = EXCEPTION (default)
2019-09-26 13:54:49,462 INFO  ratis.MiniRaftCluster (MiniRaftCluster.java:start(287)) - .............................................................. 
2019-09-26 13:54:49,462 INFO  ratis.MiniRaftCluster (MiniRaftCluster.java:start(288)) - ... 
2019-09-26 13:54:49,462 INFO  server.RaftServerConfigKeys (ConfUtils.java:logGet(43)) - raft.server.log.segment.size.max = 8MB (=8388608) (default)
2019-09-26 13:54:49,462 INFO  ratis.MiniRaftCluster (MiniRaftCluster.java:start(289)) - ...     Starting MiniRaftClusterWithGrpc
2019-09-26 13:54:49,462 INFO  ratis.MiniRaftCluster (MiniRaftCluster.java:start(290)) - ... 
2019-09-26 13:54:49,462 INFO  ratis.MiniRaftCluster (MiniRaftCluster.java:start(291)) - .............................................................. 
2019-09-26 13:54:49,462 INFO  storage.RaftStorageDirectory (RaftStorageDirectory.java:analyzeStorage(246)) - The storage directory /workdir/ratis-test/target/test/data/17a20762/MiniRaftClusterWithGrpcc200b68b/s1/52347460-25ea-4e95-beaf-47b2568b0d35 does not exist. Creating ...
2019-09-26 13:54:49,463 INFO  ratis.MiniRaftCluster (MiniRaftCluster.java:initServers(265)) - servers = {s0=s0:      NEW group-47B2568B0D35:java.util.concurrent.CompletableFuture@4d1c3740[Not completed], s1=s1:      NEW group-47B2568B0D35:java.util.concurrent.CompletableFuture@1b9594f[Not completed], s2=s2:      NEW group-47B2568B0D35:java.util.concurrent.CompletableFuture@51051923[Not completed]}
2019-09-26 13:54:49,462 INFO  server.RaftServerConfigKeys (ConfUtils.java:logGet(43)) - raft.server.log.preallocated.size = 4MB (=4194304) (default)
2019-09-26 13:54:49,463 INFO  server.RaftServerConfigKeys (ConfUtils.java:logGet(43)) - raft.server.log.write.buffer.size = 64KB (=65536) (default)
2019-09-26 13:54:49,463 INFO  impl.RaftServerImpl (RaftServerImpl.java:<init>(95)) - s2: new RaftServerImpl for group-47B2568B0D35:[s0:0.0.0.0:41646, s1:0.0.0.0:38716, s2:0.0.0.0:33304] with SimpleStateMachine4Testing:uninitialized
2019-09-26 13:54:49,463 TRACE util.FileUtils (LogUtils.java:runAndLog(61)) - Successfully ran Files.createDirectories /workdir/ratis-test/target/test/data/17a20762/MiniRaftClusterWithGrpcc200b68b/s1/52347460-25ea-4e95-beaf-47b2568b0d35
2019-09-26 13:54:49,464 INFO  server.RaftServerConfigKeys (ConfUtils.java:logGet(43)) - raft.server.rpc.timeout.min = 150ms (default)
2019-09-26 13:54:49,464 INFO  server.RaftServerConfigKeys (ConfUtils.java:logGet(43)) - raft.server.rpc.timeout.max = 300ms (default)
2019-09-26 13:54:49,465 INFO  server.RaftServerConfigKeys (ConfUtils.java:logGet(43)) - raft.server.rpcslowness.timeout = 60s (default)
2019-09-26 13:54:49,465 INFO  server.RaftServerConfigKeys (ConfUtils.java:logGet(43)) - raft.server.sleep.deviation.threshold = 300 (default)
2019-09-26 13:54:49,465 INFO  server.RaftServerConfigKeys (ConfUtils.java:logGet(43)) - raft.server.log.appender.install.snapshot.enabled = true (default)
2019-09-26 13:54:49,465 INFO  impl.RaftServerImpl (ServerState.java:<init>(103)) - s2@group-47B2568B0D35: ConfigurationManager, init=-1: [s0:0.0.0.0:41646, s1:0.0.0.0:38716, s2:0.0.0.0:33304], old=null, confs=<EMPTY_MAP>
2019-09-26 13:54:49,465 INFO  server.RaftServerConfigKeys (ConfUtils.java:logGet(43)) - raft.server.storage.dir = [/workdir/ratis-test/target/test/data/17a20762/MiniRaftClusterWithGrpcc200b68b/s2] (custom)
2019-09-26 13:54:49,465 INFO  server.RaftServerConfigKeys (ConfUtils.java:logGet(43)) - raft.server.log.corruption.policy = EXCEPTION (default)
2019-09-26 13:54:49,465 INFO  storage.RaftStorageDirectory (RaftStorageDirectory.java:analyzeStorage(246)) - The storage directory /workdir/ratis-test/target/test/data/17a20762/MiniRaftClusterWithGrpcc200b68b/s2/52347460-25ea-4e95-beaf-47b2568b0d35 does not exist. Creating ...
2019-09-26 13:54:49,465 TRACE util.FileUtils (LogUtils.java:runAndLog(61)) - Successfully ran Files.createDirectories /workdir/ratis-test/target/test/data/17a20762/MiniRaftClusterWithGrpcc200b68b/s2/52347460-25ea-4e95-beaf-47b2568b0d35
2019-09-26 13:54:49,475 INFO  storage.RaftStorageDirectory (RaftStorageDirectory.java:tryLock(328)) - Lock on /workdir/ratis-test/target/test/data/17a20762/MiniRaftClusterWithGrpcc200b68b/s2/52347460-25ea-4e95-beaf-47b2568b0d35/in_use.lock acquired by nodename 10135@ratis-test-vpfcj-1787858657
2019-09-26 13:54:49,475 INFO  storage.RaftStorageDirectory (RaftStorageDirectory.java:tryLock(328)) - Lock on /workdir/ratis-test/target/test/data/17a20762/MiniRaftClusterWithGrpcc200b68b/s1/52347460-25ea-4e95-beaf-47b2568b0d35/in_use.lock acquired by nodename 10135@ratis-test-vpfcj-1787858657
2019-09-26 13:54:49,475 INFO  storage.RaftStorageDirectory (RaftStorageDirectory.java:tryLock(328)) - Lock on /workdir/ratis-test/target/test/data/17a20762/MiniRaftClusterWithGrpcc200b68b/s0/52347460-25ea-4e95-beaf-47b2568b0d35/in_use.lock acquired by nodename 10135@ratis-test-vpfcj-1787858657
2019-09-26 13:54:49,475 TRACE util.FileUtils (LogUtils.java:runAndLog(61)) - Successfully ran Files.createDirectories /workdir/ratis-test/target/test/data/17a20762/MiniRaftClusterWithGrpcc200b68b/s2/52347460-25ea-4e95-beaf-47b2568b0d35/current
2019-09-26 13:54:49,475 TRACE util.FileUtils (LogUtils.java:runAndLog(61)) - Successfully ran Files.createDirectories /workdir/ratis-test/target/test/data/17a20762/MiniRaftClusterWithGrpcc200b68b/s1/52347460-25ea-4e95-beaf-47b2568b0d35/current
2019-09-26 13:54:49,475 TRACE util.FileUtils (LogUtils.java:runAndLog(61)) - Successfully ran Files.createDirectories /workdir/ratis-test/target/test/data/17a20762/MiniRaftClusterWithGrpcc200b68b/s2/52347460-25ea-4e95-beaf-47b2568b0d35/sm
2019-09-26 13:54:49,475 TRACE util.FileUtils (LogUtils.java:runAndLog(61)) - Successfully ran Files.createDirectories /workdir/ratis-test/target/test/data/17a20762/MiniRaftClusterWithGrpcc200b68b/s0/52347460-25ea-4e95-beaf-47b2568b0d35/current
2019-09-26 13:54:49,475 TRACE util.FileUtils (LogUtils.java:runAndLog(61)) - Successfully ran Files.createDirectories /workdir/ratis-test/target/test/data/17a20762/MiniRaftClusterWithGrpcc200b68b/s1/52347460-25ea-4e95-beaf-47b2568b0d35/sm
2019-09-26 13:54:49,475 TRACE util.FileUtils (LogUtils.java:runAndLog(61)) - Successfully ran Files.createDirectories /workdir/ratis-test/target/test/data/17a20762/MiniRaftClusterWithGrpcc200b68b/s0/52347460-25ea-4e95-beaf-47b2568b0d35/sm
2019-09-26 13:54:49,509 INFO  storage.RaftStorage (RaftStorage.java:format(84)) - Storage directory /workdir/ratis-test/target/test/data/17a20762/MiniRaftClusterWithGrpcc200b68b/s0/52347460-25ea-4e95-beaf-47b2568b0d35 has been successfully formatted.
2019-09-26 13:54:49,509 INFO  storage.RaftStorage (RaftStorage.java:format(84)) - Storage directory /workdir/ratis-test/target/test/data/17a20762/MiniRaftClusterWithGrpcc200b68b/s1/52347460-25ea-4e95-beaf-47b2568b0d35 has been successfully formatted.
2019-09-26 13:54:49,509 INFO  statemachine.SimpleStateMachine4Testing (SimpleStateMachine4Testing.java:initialize(206)) - Initializing SimpleStateMachine4Testing:uninitialized
2019-09-26 13:54:49,509 INFO  storage.RaftStorage (RaftStorage.java:format(84)) - Storage directory /workdir/ratis-test/target/test/data/17a20762/MiniRaftClusterWithGrpcc200b68b/s2/52347460-25ea-4e95-beaf-47b2568b0d35 has been successfully formatted.
2019-09-26 13:54:49,509 INFO  statemachine.SimpleStateMachine4Testing (SimpleStateMachine4Testing.java:initialize(206)) - Initializing SimpleStateMachine4Testing:uninitialized
2019-09-26 13:54:49,509 INFO  statemachine.SimpleStateMachine4Testing (SimpleStateMachine4Testing.java:loadSnapshot(296)) - The snapshot file null does not exist
2019-09-26 13:54:49,509 INFO  statemachine.SimpleStateMachine4Testing (SimpleStateMachine4Testing.java:initialize(206)) - Initializing SimpleStateMachine4Testing:uninitialized
2019-09-26 13:54:49,509 INFO  statemachine.SimpleStateMachine4Testing (SimpleStateMachine4Testing.java:loadSnapshot(296)) - The snapshot file null does not exist
2019-09-26 13:54:49,509 INFO  server.RaftServerConfigKeys (ConfUtils.java:logGet(43)) - raft.server.notification.no-leader.timeout = 60s (default)
2019-09-26 13:54:49,510 INFO  server.RaftServerConfigKeys (ConfUtils.java:logGet(43)) - raft.server.notification.no-leader.timeout = 60s (default)
2019-09-26 13:54:49,510 INFO  statemachine.SimpleStateMachine4Testing (SimpleStateMachine4Testing.java:loadSnapshot(296)) - The snapshot file null does not exist
2019-09-26 13:54:49,510 INFO  server.RaftServerConfigKeys (ConfUtils.java:logGet(43)) - raft.server.log.use.memory = false (default)
2019-09-26 13:54:49,510 INFO  server.RaftServerConfigKeys (ConfUtils.java:logGet(43)) - raft.server.log.use.memory = false (default)
2019-09-26 13:54:49,510 INFO  server.RaftServerConfigKeys (ConfUtils.java:logGet(43)) - raft.server.log.purge.gap = 1024 (default)
2019-09-26 13:54:49,510 INFO  server.RaftServerConfigKeys (ConfUtils.java:logGet(43)) - raft.server.notification.no-leader.timeout = 60s (default)
2019-09-26 13:54:49,510 INFO  server.RaftServerConfigKeys (ConfUtils.java:logGet(43)) - raft.server.log.appender.buffer.byte-limit = 4MB (=4194304) (default)
2019-09-26 13:54:49,510 INFO  server.RaftServerConfigKeys (ConfUtils.java:logGet(43)) - raft.server.log.purge.gap = 1024 (default)
2019-09-26 13:54:49,510 INFO  server.RaftServerConfigKeys (ConfUtils.java:logGet(43)) - raft.server.log.segment.size.max = 8MB (=8388608) (default)
2019-09-26 13:54:49,510 INFO  server.RaftServerConfigKeys (ConfUtils.java:logGet(43)) - raft.server.log.use.memory = false (default)
2019-09-26 13:54:49,510 INFO  server.RaftServerConfigKeys (ConfUtils.java:logGet(43)) - raft.server.log.segment.cache.num.max = 6 (default)
2019-09-26 13:54:49,510 INFO  server.RaftServerConfigKeys (ConfUtils.java:logGet(43)) - raft.server.log.appender.buffer.byte-limit = 4MB (=4194304) (default)
2019-09-26 13:54:49,511 INFO  segmented.SegmentedRaftLogWorker (SegmentedRaftLogWorker.java:<init>(172)) - new s0@group-47B2568B0D35-SegmentedRaftLogWorker for RaftStorage:Storage Directory /workdir/ratis-test/target/test/data/17a20762/MiniRaftClusterWithGrpcc200b68b/s0/52347460-25ea-4e95-beaf-47b2568b0d35
2019-09-26 13:54:49,511 INFO  server.RaftServerConfigKeys (ConfUtils.java:logGet(43)) - raft.server.log.purge.gap = 1024 (default)
2019-09-26 13:54:49,511 INFO  server.RaftServerConfigKeys (ConfUtils.java:logGet(43)) - raft.server.log.queue.byte-limit = 64MB (=67108864) (default)
2019-09-26 13:54:49,511 INFO  server.RaftServerConfigKeys (ConfUtils.java:logGet(43)) - raft.server.log.segment.size.max = 8MB (=8388608) (default)
2019-09-26 13:54:49,511 INFO  server.RaftServerConfigKeys (ConfUtils.java:logGet(43)) - raft.server.log.queue.element-limit = 4096 (default)
2019-09-26 13:54:49,511 INFO  server.RaftServerConfigKeys (ConfUtils.java:logGet(43)) - raft.server.log.appender.buffer.byte-limit = 4MB (=4194304) (default)
2019-09-26 13:54:49,511 INFO  server.RaftServerConfigKeys (ConfUtils.java:logGet(43)) - raft.server.log.segment.size.max = 8MB (=8388608) (default)
2019-09-26 13:54:49,511 INFO  server.RaftServerConfigKeys (ConfUtils.java:logGet(43)) - raft.server.log.segment.cache.num.max = 6 (default)
2019-09-26 13:54:49,511 INFO  server.RaftServerConfigKeys (ConfUtils.java:logGet(43)) - raft.server.log.preallocated.size = 4MB (=4194304) (default)
2019-09-26 13:54:49,511 INFO  server.RaftServerConfigKeys (ConfUtils.java:logGet(43)) - raft.server.log.segment.size.max = 8MB (=8388608) (default)
2019-09-26 13:54:49,511 INFO  server.RaftServerConfigKeys (ConfUtils.java:logGet(43)) - raft.server.log.write.buffer.size = 64KB (=65536) (default)
2019-09-26 13:54:49,511 INFO  segmented.SegmentedRaftLogWorker (SegmentedRaftLogWorker.java:<init>(172)) - new s1@group-47B2568B0D35-SegmentedRaftLogWorker for RaftStorage:Storage Directory /workdir/ratis-test/target/test/data/17a20762/MiniRaftClusterWithGrpcc200b68b/s1/52347460-25ea-4e95-beaf-47b2568b0d35
2019-09-26 13:54:49,512 INFO  server.RaftServerConfigKeys (ConfUtils.java:logGet(43)) - raft.server.log.force.sync.num = 128 (default)
2019-09-26 13:54:49,511 INFO  server.RaftServerConfigKeys (ConfUtils.java:logGet(43)) - raft.server.log.segment.cache.num.max = 6 (default)
2019-09-26 13:54:49,512 INFO  server.RaftServerConfigKeys (ConfUtils.java:logGet(43)) - raft.server.log.statemachine.data.sync = true (default)
2019-09-26 13:54:49,512 INFO  server.RaftServerConfigKeys (ConfUtils.java:logGet(43)) - raft.server.log.queue.byte-limit = 64MB (=67108864) (default)
2019-09-26 13:54:49,512 INFO  server.RaftServerConfigKeys (ConfUtils.java:logGet(43)) - raft.server.log.statemachine.data.sync.timeout = 10s (default)
2019-09-26 13:54:49,512 INFO  segmented.SegmentedRaftLogWorker (SegmentedRaftLogWorker.java:<init>(172)) - new s2@group-47B2568B0D35-SegmentedRaftLogWorker for RaftStorage:Storage Directory /workdir/ratis-test/target/test/data/17a20762/MiniRaftClusterWithGrpcc200b68b/s2/52347460-25ea-4e95-beaf-47b2568b0d35
2019-09-26 13:54:49,512 INFO  server.RaftServerConfigKeys (ConfUtils.java:logGet(43)) - raft.server.log.statemachine.data.sync.timeout.retry = -1 (default)
2019-09-26 13:54:49,512 INFO  server.RaftServerConfigKeys (ConfUtils.java:logGet(43)) - raft.server.log.queue.element-limit = 4096 (default)
2019-09-26 13:54:49,512 INFO  server.RaftServerConfigKeys (ConfUtils.java:logGet(43)) - raft.server.log.statemachine.data.caching.enabled = false (default)
2019-09-26 13:54:49,512 INFO  server.RaftServerConfigKeys (ConfUtils.java:logGet(43)) - raft.server.log.queue.byte-limit = 64MB (=67108864) (default)
2019-09-26 13:54:49,512 INFO  server.RaftServerConfigKeys (ConfUtils.java:logGet(43)) - raft.server.log.segment.size.max = 8MB (=8388608) (default)
2019-09-26 13:54:49,513 INFO  segmented.SegmentedRaftLogWorker (SegmentedRaftLogWorker.java:lambda$new$0(132)) - s0@group-47B2568B0D35-SegmentedRaftLogWorker: flushIndex: setUnconditionally 0 -> -1
2019-09-26 13:54:49,512 INFO  server.RaftServerConfigKeys (ConfUtils.java:logGet(43)) - raft.server.log.queue.element-limit = 4096 (default)
2019-09-26 13:54:49,513 INFO  server.RaftServerConfigKeys (ConfUtils.java:logGet(43)) - raft.server.log.preallocated.size = 4MB (=4194304) (default)
2019-09-26 13:54:49,513 INFO  server.RaftServerConfigKeys (ConfUtils.java:logGet(43)) - raft.server.log.segment.size.max = 8MB (=8388608) (default)
2019-09-26 13:54:49,513 INFO  server.RaftServerConfigKeys (ConfUtils.java:logGet(43)) - raft.server.log.write.buffer.size = 64KB (=65536) (default)
2019-09-26 13:54:49,513 INFO  server.RaftServerConfigKeys (ConfUtils.java:logGet(43)) - raft.server.snapshot.auto.trigger.enabled = false (default)
2019-09-26 13:54:49,513 INFO  server.RaftServerConfigKeys (ConfUtils.java:logGet(43)) - raft.server.log.force.sync.num = 128 (default)
2019-09-26 13:54:49,513 INFO  server.RaftServerConfigKeys (ConfUtils.java:logGet(43)) - raft.server.log.preallocated.size = 4MB (=4194304) (default)
2019-09-26 13:54:49,513 INFO  server.RaftServerConfigKeys (ConfUtils.java:logGet(43)) - raft.server.log.statemachine.data.sync = true (default)
2019-09-26 13:54:49,513 INFO  server.RaftServerConfigKeys (ConfUtils.java:logGet(43)) - raft.server.snapshot.retention.file.num = -1 (default)
2019-09-26 13:54:49,513 INFO  server.RaftServerConfigKeys (ConfUtils.java:logGet(43)) - raft.server.log.statemachine.data.sync.timeout = 10s (default)
2019-09-26 13:54:49,513 INFO  server.RaftServerConfigKeys (ConfUtils.java:logGet(43)) - raft.server.log.write.buffer.size = 64KB (=65536) (default)
2019-09-26 13:54:49,514 INFO  server.RaftServerConfigKeys (ConfUtils.java:logGet(43)) - raft.server.log.statemachine.data.sync.timeout.retry = -1 (default)
2019-09-26 13:54:49,513 INFO  server.RaftServerConfigKeys (ConfUtils.java:logGet(43)) - raft.server.retrycache.expirytime = 60s (default)
2019-09-26 13:54:49,514 INFO  server.RaftServerConfigKeys (ConfUtils.java:logGet(43)) - raft.server.log.statemachine.data.caching.enabled = false (default)
2019-09-26 13:54:49,514 INFO  server.RaftServerConfigKeys (ConfUtils.java:logGet(43)) - raft.server.log.force.sync.num = 128 (default)
2019-09-26 13:54:49,514 INFO  server.RaftServerConfigKeys (ConfUtils.java:logGet(43)) - raft.server.log.statemachine.data.sync = true (default)
2019-09-26 13:54:49,514 INFO  segmented.SegmentedRaftLogWorker (SegmentedRaftLogWorker.java:lambda$new$0(132)) - s1@group-47B2568B0D35-SegmentedRaftLogWorker: flushIndex: setUnconditionally 0 -> -1
2019-09-26 13:54:49,514 INFO  server.RaftServerConfigKeys (ConfUtils.java:logGet(43)) - raft.server.log.statemachine.data.sync.timeout = 10s (default)
2019-09-26 13:54:49,514 INFO  server.RaftServerConfigKeys (ConfUtils.java:logGet(43)) - raft.server.snapshot.auto.trigger.enabled = false (default)
2019-09-26 13:54:49,514 INFO  server.RaftServerConfigKeys (ConfUtils.java:logGet(43)) - raft.server.log.statemachine.data.sync.timeout.retry = -1 (default)
2019-09-26 13:54:49,514 INFO  server.RaftServerConfigKeys (ConfUtils.java:logGet(43)) - raft.server.snapshot.retention.file.num = -1 (default)
2019-09-26 13:54:49,515 INFO  server.RaftServerConfigKeys (ConfUtils.java:logGet(43)) - raft.server.log.statemachine.data.caching.enabled = false (default)
2019-09-26 13:54:49,515 INFO  server.RaftServerConfigKeys (ConfUtils.java:logGet(43)) - raft.server.retrycache.expirytime = 60s (default)
2019-09-26 13:54:49,515 INFO  segmented.SegmentedRaftLogWorker (SegmentedRaftLogWorker.java:lambda$new$0(132)) - s2@group-47B2568B0D35-SegmentedRaftLogWorker: flushIndex: setUnconditionally 0 -> -1
2019-09-26 13:54:49,515 INFO  server.RaftServerConfigKeys (ConfUtils.java:logGet(43)) - raft.server.snapshot.auto.trigger.enabled = false (default)
2019-09-26 13:54:49,515 INFO  server.RaftServerConfigKeys (ConfUtils.java:logGet(43)) - raft.server.snapshot.retention.file.num = -1 (default)
2019-09-26 13:54:49,515 INFO  server.RaftServerConfigKeys (ConfUtils.java:logGet(43)) - raft.server.retrycache.expirytime = 60s (default)
2019-09-26 13:54:49,516 INFO  impl.RaftServerImpl (RaftServerImpl.java:start(181)) - s0@group-47B2568B0D35: start as a follower, conf=-1: [s0:0.0.0.0:41646, s1:0.0.0.0:38716, s2:0.0.0.0:33304], old=null
2019-09-26 13:54:49,517 INFO  impl.RaftServerImpl (RaftServerImpl.java:setRole(170)) - s0@group-47B2568B0D35: changes role from      null to FOLLOWER at term 0 for startAsFollower
2019-09-26 13:54:49,517 INFO  impl.RoleInfo (RoleInfo.java:updateAndGet(143)) - s0: start FollowerState
2019-09-26 13:54:49,517 INFO  util.JmxRegister (JmxRegister.java:tryRegister(44)) - Successfully registered JMX Bean with object name Ratis:service=RaftServer,group=group-47B2568B0D35,id=s0
2019-09-26 13:54:49,521 INFO  impl.RaftServerProxy (RaftServerProxy.java:lambda$start$3(299)) - s0: start RPC server
2019-09-26 13:54:49,522 INFO  server.GrpcService (GrpcService.java:startImpl(158)) - s0: GrpcService started, listening on 0.0.0.0/0.0.0.0:41646
2019-09-26 13:54:49,522 INFO  impl.RaftServerImpl (RaftServerImpl.java:start(181)) - s1@group-47B2568B0D35: start as a follower, conf=-1: [s0:0.0.0.0:41646, s1:0.0.0.0:38716, s2:0.0.0.0:33304], old=null
2019-09-26 13:54:49,523 INFO  impl.RaftServerImpl (RaftServerImpl.java:setRole(170)) - s1@group-47B2568B0D35: changes role from      null to FOLLOWER at term 0 for startAsFollower
2019-09-26 13:54:49,523 INFO  impl.RoleInfo (RoleInfo.java:updateAndGet(143)) - s1: start FollowerState
2019-09-26 13:54:49,523 INFO  util.JmxRegister (JmxRegister.java:tryRegister(44)) - Successfully registered JMX Bean with object name Ratis:service=RaftServer,group=group-47B2568B0D35,id=s1
2019-09-26 13:54:49,525 INFO  impl.RaftServerProxy (RaftServerProxy.java:lambda$start$3(299)) - s1: start RPC server
2019-09-26 13:54:49,527 INFO  server.GrpcService (GrpcService.java:startImpl(158)) - s1: GrpcService started, listening on 0.0.0.0/0.0.0.0:38716
2019-09-26 13:54:49,528 INFO  impl.RaftServerImpl (RaftServerImpl.java:start(181)) - s2@group-47B2568B0D35: start as a follower, conf=-1: [s0:0.0.0.0:41646, s1:0.0.0.0:38716, s2:0.0.0.0:33304], old=null
2019-09-26 13:54:49,528 INFO  impl.RaftServerImpl (RaftServerImpl.java:setRole(170)) - s2@group-47B2568B0D35: changes role from      null to FOLLOWER at term 0 for startAsFollower
2019-09-26 13:54:49,528 INFO  impl.RoleInfo (RoleInfo.java:updateAndGet(143)) - s2: start FollowerState
2019-09-26 13:54:49,528 INFO  util.JmxRegister (JmxRegister.java:tryRegister(44)) - Successfully registered JMX Bean with object name Ratis:service=RaftServer,group=group-47B2568B0D35,id=s2
2019-09-26 13:54:49,530 INFO  impl.RaftServerProxy (RaftServerProxy.java:lambda$start$3(299)) - s2: start RPC server
2019-09-26 13:54:49,531 INFO  server.GrpcService (GrpcService.java:startImpl(158)) - s2: GrpcService started, listening on 0.0.0.0/0.0.0.0:33304
2019-09-26 13:54:49,531 INFO  server.RaftServerConfigKeys (ConfUtils.java:logGet(43)) - raft.server.rpc.timeout.max = 300ms (default)
2019-09-26 13:54:49,531 INFO  ratis.RaftTestUtil (RaftTestUtil.java:waitForLeader(86)) - printing ALL groups
  s0:  RUNNING  FOLLOWER s0@group-47B2568B0D35:t0, leader=null, voted=null, raftlog=s0@group-47B2568B0D35-SegmentedRaftLog:OPENED:c-1,f-1,i0, conf=-1: [s0:0.0.0.0:41646, s1:0.0.0.0:38716, s2:0.0.0.0:33304], old=null RUNNING
  s1:  RUNNING  FOLLOWER s1@group-47B2568B0D35:t0, leader=null, voted=null, raftlog=s1@group-47B2568B0D35-SegmentedRaftLog:OPENED:c-1,f-1,i0, conf=-1: [s0:0.0.0.0:41646, s1:0.0.0.0:38716, s2:0.0.0.0:33304], old=null RUNNING
  s2:  RUNNING  FOLLOWER s2@group-47B2568B0D35:t0, leader=null, voted=null, raftlog=s2@group-47B2568B0D35-SegmentedRaftLog:OPENED:c-1,f-1,i0, conf=-1: [s0:0.0.0.0:41646, s1:0.0.0.0:38716, s2:0.0.0.0:33304], old=null RUNNING
2019-09-26 13:54:49,532 WARN  ratis.RaftTestUtil (JavaUtils.java:attempt(158)) - FAILED "waitForLeader-null-(expectLeader? true)", attempt #1/100: java.lang.IllegalStateException: No leader yet : printing ALL groups
  s0:  RUNNING  FOLLOWER s0@group-47B2568B0D35:t0, leader=null, voted=null, raftlog=s0@group-47B2568B0D35-SegmentedRaftLog:OPENED:c-1,f-1,i0, conf=-1: [s0:0.0.0.0:41646, s1:0.0.0.0:38716, s2:0.0.0.0:33304], old=null RUNNING
  s1:  RUNNING  FOLLOWER s1@group-47B2568B0D35:t0, leader=null, voted=null, raftlog=s1@group-47B2568B0D35-SegmentedRaftLog:OPENED:c-1,f-1,i0, conf=-1: [s0:0.0.0.0:41646, s1:0.0.0.0:38716, s2:0.0.0.0:33304], old=null RUNNING
  s2:  RUNNING  FOLLOWER s2@group-47B2568B0D35:t0, leader=null, voted=null, raftlog=s2@group-47B2568B0D35-SegmentedRaftLog:OPENED:c-1,f-1,i0, conf=-1: [s0:0.0.0.0:41646, s1:0.0.0.0:38716, s2:0.0.0.0:33304], old=null RUNNING, sleep 450ms and then retry.
java.lang.IllegalStateException: No leader yet : printing ALL groups
  s0:  RUNNING  FOLLOWER s0@group-47B2568B0D35:t0, leader=null, voted=null, raftlog=s0@group-47B2568B0D35-SegmentedRaftLog:OPENED:c-1,f-1,i0, conf=-1: [s0:0.0.0.0:41646, s1:0.0.0.0:38716, s2:0.0.0.0:33304], old=null RUNNING
  s1:  RUNNING  FOLLOWER s1@group-47B2568B0D35:t0, leader=null, voted=null, raftlog=s1@group-47B2568B0D35-SegmentedRaftLog:OPENED:c-1,f-1,i0, conf=-1: [s0:0.0.0.0:41646, s1:0.0.0.0:38716, s2:0.0.0.0:33304], old=null RUNNING
  s2:  RUNNING  FOLLOWER s2@group-47B2568B0D35:t0, leader=null, voted=null, raftlog=s2@group-47B2568B0D35-SegmentedRaftLog:OPENED:c-1,f-1,i0, conf=-1: [s0:0.0.0.0:41646, s1:0.0.0.0:38716, s2:0.0.0.0:33304], old=null RUNNING
	at org.apache.ratis.MiniRaftCluster.newIllegalStateExceptionForNoLeaders(MiniRaftCluster.java:506)
	at org.apache.ratis.RaftTestUtil.lambda$waitForLeader$1(RaftTestUtil.java:90)
	at org.apache.ratis.MiniRaftCluster.getLeader(MiniRaftCluster.java:539)
	at org.apache.ratis.MiniRaftCluster.getLeader(MiniRaftCluster.java:532)
	at org.apache.ratis.RaftTestUtil.lambda$waitForLeader$3(RaftTestUtil.java:98)
	at org.apache.ratis.util.JavaUtils.attempt(JavaUtils.java:152)
	at org.apache.ratis.RaftTestUtil.waitForLeader(RaftTestUtil.java:97)
	at org.apache.ratis.RaftTestUtil.waitForLeader(RaftTestUtil.java:77)
	at org.apache.ratis.RaftTestUtil.waitForLeader(RaftTestUtil.java:72)
	at org.apache.ratis.RaftAsyncTests.testNoRetryWaitOnNotLeaderException(RaftAsyncTests.java:404)
	at sun.reflect.NativeMethodAccessorImpl.invoke0(Native Method)
	at sun.reflect.NativeMethodAccessorImpl.invoke(NativeMethodAccessorImpl.java:62)
	at sun.reflect.DelegatingMethodAccessorImpl.invoke(DelegatingMethodAccessorImpl.java:43)
	at java.lang.reflect.Method.invoke(Method.java:498)
	at org.junit.runners.model.FrameworkMethod$1.runReflectiveCall(FrameworkMethod.java:50)
	at org.junit.internal.runners.model.ReflectiveCallable.run(ReflectiveCallable.java:12)
	at org.junit.runners.model.FrameworkMethod.invokeExplosively(FrameworkMethod.java:47)
	at org.junit.internal.runners.statements.InvokeMethod.evaluate(InvokeMethod.java:17)
	at org.junit.internal.runners.statements.FailOnTimeout$CallableStatement.call(FailOnTimeout.java:298)
	at org.junit.internal.runners.statements.FailOnTimeout$CallableStatement.call(FailOnTimeout.java:292)
	at java.util.concurrent.FutureTask.run(FutureTask.java:266)
	at java.lang.Thread.run(Thread.java:748)
2019-09-26 13:54:49,756 INFO  impl.FollowerState (FollowerState.java:run(108)) - s0@group-47B2568B0D35-FollowerState: change to CANDIDATE, lastRpcTime:239ms, electionTimeout:239ms
2019-09-26 13:54:49,757 INFO  impl.RoleInfo (RoleInfo.java:shutdownFollowerState(121)) - s0: shutdown FollowerState
2019-09-26 13:54:49,757 INFO  impl.RaftServerImpl (RaftServerImpl.java:setRole(170)) - s0@group-47B2568B0D35: changes role from  FOLLOWER to CANDIDATE at term 0 for changeToCandidate
2019-09-26 13:54:49,757 INFO  impl.RoleInfo (RoleInfo.java:updateAndGet(143)) - s0: start LeaderElection
2019-09-26 13:54:49,772 INFO  impl.LeaderElection (LeaderElection.java:askForVotes(178)) - s0@group-47B2568B0D35-LeaderElection62: begin an election at term 1 for -1: [s0:0.0.0.0:41646, s1:0.0.0.0:38716, s2:0.0.0.0:33304], old=null
2019-09-26 13:54:49,775 DEBUG impl.RaftServerImpl (RaftServerImpl.java:requestVote(743)) - s1@group-47B2568B0D35: receive requestVote(s0, group-47B2568B0D35, 1, (t:0, i:0))
2019-09-26 13:54:49,775 DEBUG impl.RaftServerImpl (RaftServerImpl.java:requestVote(743)) - s2@group-47B2568B0D35: receive requestVote(s0, group-47B2568B0D35, 1, (t:0, i:0))
2019-09-26 13:54:49,776 INFO  impl.RaftServerImpl (RaftServerImpl.java:setRole(170)) - s1@group-47B2568B0D35: changes role from  FOLLOWER to FOLLOWER at term 1 for recognizeCandidate:s0
2019-09-26 13:54:49,776 INFO  impl.RaftServerImpl (RaftServerImpl.java:setRole(170)) - s2@group-47B2568B0D35: changes role from  FOLLOWER to FOLLOWER at term 1 for recognizeCandidate:s0
2019-09-26 13:54:49,776 INFO  impl.RoleInfo (RoleInfo.java:shutdownFollowerState(121)) - s1: shutdown FollowerState
2019-09-26 13:54:49,776 INFO  impl.RoleInfo (RoleInfo.java:shutdownFollowerState(121)) - s2: shutdown FollowerState
2019-09-26 13:54:49,776 INFO  impl.FollowerState (FollowerState.java:run(117)) - s1@group-47B2568B0D35-FollowerState was interrupted: java.lang.InterruptedException: sleep interrupted
2019-09-26 13:54:49,776 INFO  impl.RoleInfo (RoleInfo.java:updateAndGet(143)) - s1: start FollowerState
2019-09-26 13:54:49,777 INFO  impl.FollowerState (FollowerState.java:run(117)) - s2@group-47B2568B0D35-FollowerState was interrupted: java.lang.InterruptedException: sleep interrupted
2019-09-26 13:54:49,777 INFO  impl.RoleInfo (RoleInfo.java:updateAndGet(143)) - s2: start FollowerState
2019-09-26 13:54:49,791 DEBUG impl.RaftServerImpl (RaftServerImpl.java:requestVote(775)) - s1@group-47B2568B0D35 replies to vote request: s0<-s1#0:OK-t1. Peer's state: s1@group-47B2568B0D35:t1, leader=null, voted=s0, raftlog=s1@group-47B2568B0D35-SegmentedRaftLog:OPENED:c-1,f-1,i0, conf=-1: [s0:0.0.0.0:41646, s1:0.0.0.0:38716, s2:0.0.0.0:33304], old=null
2019-09-26 13:54:49,791 DEBUG impl.RaftServerImpl (RaftServerImpl.java:requestVote(775)) - s2@group-47B2568B0D35 replies to vote request: s0<-s2#0:OK-t1. Peer's state: s2@group-47B2568B0D35:t1, leader=null, voted=s0, raftlog=s2@group-47B2568B0D35-SegmentedRaftLog:OPENED:c-1,f-1,i0, conf=-1: [s0:0.0.0.0:41646, s1:0.0.0.0:38716, s2:0.0.0.0:33304], old=null
2019-09-26 13:54:49,791 INFO  impl.LeaderElection (LeaderElection.java:logAndReturn(56)) - s0@group-47B2568B0D35-LeaderElection62: Election PASSED; received 1 response(s) [s0<-s1#0:OK-t1] and 0 exception(s); s0@group-47B2568B0D35:t1, leader=null, voted=s0, raftlog=s0@group-47B2568B0D35-SegmentedRaftLog:OPENED:c-1,f-1,i0, conf=-1: [s0:0.0.0.0:41646, s1:0.0.0.0:38716, s2:0.0.0.0:33304], old=null
2019-09-26 13:54:49,792 INFO  impl.RoleInfo (RoleInfo.java:shutdownLeaderElection(134)) - s0: shutdown LeaderElection
2019-09-26 13:54:49,792 INFO  impl.RaftServerImpl (RaftServerImpl.java:setRole(170)) - s0@group-47B2568B0D35: changes role from CANDIDATE to LEADER at term 1 for changeToLeader
2019-09-26 13:54:49,792 INFO  impl.RaftServerImpl (ServerState.java:setLeader(254)) - s0@group-47B2568B0D35: change Leader from null to s0 at term 1 for becomeLeader, leader elected after 282ms
2019-09-26 13:54:49,792 INFO  server.RaftServerConfigKeys (ConfUtils.java:logGet(43)) - raft.server.staging.catchup.gap = 1000 (default)
2019-09-26 13:54:49,792 INFO  server.RaftServerConfigKeys (ConfUtils.java:logGet(43)) - raft.server.rpc.sleep.time = 25ms (default)
2019-09-26 13:54:49,792 INFO  server.RaftServerConfigKeys (ConfUtils.java:logGet(43)) - raft.server.write.element-limit = 4096 (default)
2019-09-26 13:54:49,792 INFO  server.RaftServerConfigKeys (ConfUtils.java:logGet(43)) - raft.server.watch.timeout = 10s (default)
2019-09-26 13:54:49,792 INFO  server.RaftServerConfigKeys (ConfUtils.java:logGet(43)) - raft.server.watch.timeout.denomination = 1s (default)
2019-09-26 13:54:49,792 INFO  server.RaftServerConfigKeys (ConfUtils.java:logGet(43)) - raft.server.watch.element-limit = 65536 (default)
2019-09-26 13:54:49,794 INFO  server.RaftServerConfigKeys (ConfUtils.java:logGet(43)) - raft.server.log.appender.snapshot.chunk.size.max = 16MB (=16777216) (default)
2019-09-26 13:54:49,794 INFO  server.RaftServerConfigKeys (ConfUtils.java:logGet(43)) - raft.server.log.appender.buffer.byte-limit = 4MB (=4194304) (default)
2019-09-26 13:54:49,794 INFO  server.RaftServerConfigKeys (ConfUtils.java:logGet(43)) - raft.server.log.appender.buffer.element-limit = 0 (default)
2019-09-26 13:54:49,794 INFO  grpc.GrpcConfigKeys$Server (ConfUtils.java:logGet(43)) - raft.grpc.server.leader.outstanding.appends.max = 128 (default)
2019-09-26 13:54:49,794 INFO  server.RaftServerConfigKeys (ConfUtils.java:logGet(43)) - raft.server.rpc.request.timeout = 3000ms (default)
2019-09-26 13:54:49,794 INFO  server.RaftServerConfigKeys (ConfUtils.java:logGet(43)) - raft.server.log.appender.install.snapshot.enabled = true (default)
2019-09-26 13:54:49,795 INFO  server.RaftServerConfigKeys (ConfUtils.java:logGet(43)) - raft.server.log.appender.snapshot.chunk.size.max = 16MB (=16777216) (default)
2019-09-26 13:54:49,795 INFO  server.RaftServerConfigKeys (ConfUtils.java:logGet(43)) - raft.server.log.appender.buffer.byte-limit = 4MB (=4194304) (default)
2019-09-26 13:54:49,795 INFO  server.RaftServerConfigKeys (ConfUtils.java:logGet(43)) - raft.server.log.appender.buffer.element-limit = 0 (default)
2019-09-26 13:54:49,795 INFO  grpc.GrpcConfigKeys$Server (ConfUtils.java:logGet(43)) - raft.grpc.server.leader.outstanding.appends.max = 128 (default)
2019-09-26 13:54:49,795 INFO  server.RaftServerConfigKeys (ConfUtils.java:logGet(43)) - raft.server.rpc.request.timeout = 3000ms (default)
2019-09-26 13:54:49,795 INFO  server.RaftServerConfigKeys (ConfUtils.java:logGet(43)) - raft.server.log.appender.install.snapshot.enabled = true (default)
2019-09-26 13:54:49,795 INFO  impl.RoleInfo (RoleInfo.java:updateAndGet(143)) - s0: start LeaderState
2019-09-26 13:54:49,795 INFO  segmented.SegmentedRaftLogWorker (SegmentedRaftLogWorker.java:startLogSegment(380)) - s0@group-47B2568B0D35-SegmentedRaftLogWorker: Starting segment from index:0
2019-09-26 13:54:49,796 INFO  impl.RaftServerImpl (ServerState.java:setRaftConf(355)) - s0@group-47B2568B0D35: set configuration 0: [s0:0.0.0.0:41646, s1:0.0.0.0:38716, s2:0.0.0.0:33304], old=null at 0
2019-09-26 13:54:49,796 INFO  impl.RaftServerImpl (ServerState.java:setLeader(254)) - s2@group-47B2568B0D35: change Leader from null to s0 at term 1 for appendEntries, leader elected after 286ms
2019-09-26 13:54:49,797 INFO  impl.RaftServerImpl (ServerState.java:setLeader(254)) - s1@group-47B2568B0D35: change Leader from null to s0 at term 1 for appendEntries, leader elected after 287ms
2019-09-26 13:54:49,799 DEBUG impl.RaftServerImpl (RaftServerImpl.java:logAppendEntries(850)) - s2@group-47B2568B0D35: receive appendEntries(s0, 1, null, -1, false, commits[s0:c-1, s1:c-1, s2:c-1], entries: (t:1, i:0), CONFIGURATIONENTRY
2019-09-26 13:54:49,799 DEBUG impl.RaftServerImpl (RaftServerImpl.java:logAppendEntries(850)) - s1@group-47B2568B0D35: receive appendEntries(s0, 1, null, -1, false, commits[s0:c-1, s1:c-1, s2:c-1], entries: (t:1, i:0), CONFIGURATIONENTRY
2019-09-26 13:54:49,799 INFO  impl.RaftServerImpl (ServerState.java:setRaftConf(355)) - s2@group-47B2568B0D35: set configuration 0: [s0:0.0.0.0:41646, s1:0.0.0.0:38716, s2:0.0.0.0:33304], old=null at 0
2019-09-26 13:54:49,799 INFO  impl.RaftServerImpl (ServerState.java:setRaftConf(355)) - s1@group-47B2568B0D35: set configuration 0: [s0:0.0.0.0:41646, s1:0.0.0.0:38716, s2:0.0.0.0:33304], old=null at 0
2019-09-26 13:54:49,799 INFO  segmented.SegmentedRaftLogWorker (SegmentedRaftLogWorker.java:startLogSegment(380)) - s2@group-47B2568B0D35-SegmentedRaftLogWorker: Starting segment from index:0
2019-09-26 13:54:49,799 INFO  segmented.SegmentedRaftLogWorker (SegmentedRaftLogWorker.java:startLogSegment(380)) - s1@group-47B2568B0D35-SegmentedRaftLogWorker: Starting segment from index:0
2019-09-26 13:54:49,982 INFO  ratis.RaftTestUtil (RaftTestUtil.java:waitForLeader(101)) - printing ALL groups
  s0:  RUNNING    LEADER s0@group-47B2568B0D35:t1, leader=s0, voted=s0, raftlog=s0@group-47B2568B0D35-SegmentedRaftLog:OPENED:c-1,f-1,i0, conf=0: [s0:0.0.0.0:41646, s1:0.0.0.0:38716, s2:0.0.0.0:33304], old=null RUNNING
  s1:  RUNNING  FOLLOWER s1@group-47B2568B0D35:t1, leader=s0, voted=s0, raftlog=s1@group-47B2568B0D35-SegmentedRaftLog:OPENED:c-1,f-1,i0, conf=0: [s0:0.0.0.0:41646, s1:0.0.0.0:38716, s2:0.0.0.0:33304], old=null RUNNING
  s2:  RUNNING  FOLLOWER s2@group-47B2568B0D35:t1, leader=s0, voted=s0, raftlog=s2@group-47B2568B0D35-SegmentedRaftLog:OPENED:c-1,f-1,i0, conf=0: [s0:0.0.0.0:41646, s1:0.0.0.0:38716, s2:0.0.0.0:33304], old=null RUNNING
2019-09-26 13:54:49,984 DEBUG client.RaftClient (ConfUtils.java:logGet(43)) - raft.rpc.type = GRPC (default)
2019-09-26 13:54:49,986 DEBUG impl.RaftServerImpl (RaftServerImpl.java:submitClientRequestAsync(533)) - s1@group-47B2568B0D35: receive client request(RaftClientRequest:client-82EFD33D454D->s1@group-47B2568B0D35, cid=5340, seq=1*, RW, Message:616263)
2019-09-26 13:54:49,987 DEBUG client.RaftClient (RaftClientImpl.java:handleIOException(343)) - client-82EFD33D454D: suggested new leader: s0. Failed RaftClientRequest:client-82EFD33D454D->s1@group-47B2568B0D35, cid=5340, seq=1*, RW, abc with org.apache.ratis.protocol.NotLeaderException: Server s1@group-47B2568B0D35 is not the leader s0:0.0.0.0:41646
2019-09-26 13:54:49,989 DEBUG client.RaftClient (RaftClientImpl.java:handleIOException(362)) - client-82EFD33D454D: oldLeader=s1,  curLeader=s1, newLeader=s0
2019-09-26 13:54:49,989 INFO  segmented.SegmentedRaftLogWorker (SegmentedRaftLogWorker.java:execute(569)) - s2@group-47B2568B0D35-SegmentedRaftLogWorker: created new log segment /workdir/ratis-test/target/test/data/17a20762/MiniRaftClusterWithGrpcc200b68b/s2/52347460-25ea-4e95-beaf-47b2568b0d35/current/log_inprogress_0
2019-09-26 13:54:49,989 DEBUG client.RaftClient (RaftClientImpl.java:handleIOException(370)) - group-47B2568B0D35 client-82EFD33D454D: client change Leader from s1 to s0 ex=org.apache.ratis.protocol.NotLeaderException
2019-09-26 13:54:49,989 INFO  segmented.SegmentedRaftLogWorker (SegmentedRaftLogWorker.java:execute(569)) - s0@group-47B2568B0D35-SegmentedRaftLogWorker: created new log segment /workdir/ratis-test/target/test/data/17a20762/MiniRaftClusterWithGrpcc200b68b/s0/52347460-25ea-4e95-beaf-47b2568b0d35/current/log_inprogress_0
2019-09-26 13:54:49,989 INFO  segmented.SegmentedRaftLogWorker (SegmentedRaftLogWorker.java:execute(569)) - s1@group-47B2568B0D35-SegmentedRaftLogWorker: created new log segment /workdir/ratis-test/target/test/data/17a20762/MiniRaftClusterWithGrpcc200b68b/s1/52347460-25ea-4e95-beaf-47b2568b0d35/current/log_inprogress_0
2019-09-26 13:54:49,993 DEBUG impl.RaftServerImpl (RaftServerImpl.java:submitClientRequestAsync(533)) - s0@group-47B2568B0D35: receive client request(RaftClientRequest:client-82EFD33D454D->s0@group-47B2568B0D35, cid=5340, seq=1*, RW, Message:616263)
2019-09-26 13:54:49,994 DEBUG client.RaftClient (RaftClientImpl.java:handleIOException(343)) - client-82EFD33D454D: suggested new leader: null. Failed RaftClientRequest:client-82EFD33D454D->s0@group-47B2568B0D35, cid=5340, seq=1*, RW, abc with org.apache.ratis.protocol.LeaderNotReadyException: s0@group-47B2568B0D35 is in LEADER state but not ready yet.
2019-09-26 13:54:50,002 DEBUG impl.RaftServerImpl (RaftServerImpl.java:logAppendEntries(850)) - s2@group-47B2568B0D35: succeeded to handle AppendEntries. Reply: s0<-s2#1:OK,SUCCESS,nextIndex:1,term:1,followerCommit:-1
2019-09-26 13:54:50,003 DEBUG impl.RaftServerImpl (RaftServerImpl.java:logAppendEntries(850)) - s1@group-47B2568B0D35: succeeded to handle AppendEntries. Reply: s0<-s1#1:OK,SUCCESS,nextIndex:1,term:1,followerCommit:-1
2019-09-26 13:54:59,535 INFO  ratis.MiniRaftCluster (MiniRaftCluster.java:lambda$null$5(297)) - TIMED-PRINT: printing ALL groups
  s0:  RUNNING    LEADER s0@group-47B2568B0D35:t1, leader=s0, voted=s0, raftlog=s0@group-47B2568B0D35-SegmentedRaftLog:OPENED:c0,f0,i0, conf=0: [s0:0.0.0.0:41646, s1:0.0.0.0:38716, s2:0.0.0.0:33304], old=null RUNNING
  s1:  RUNNING  FOLLOWER s1@group-47B2568B0D35:t1, leader=s0, voted=s0, raftlog=s1@group-47B2568B0D35-SegmentedRaftLog:OPENED:c0,f0,i0, conf=0: [s0:0.0.0.0:41646, s1:0.0.0.0:38716, s2:0.0.0.0:33304], old=null RUNNING
  s2:  RUNNING  FOLLOWER s2@group-47B2568B0D35:t1, leader=s0, voted=s0, raftlog=s2@group-47B2568B0D35-SegmentedRaftLog:OPENED:c0,f0,i0, conf=0: [s0:0.0.0.0:41646, s1:0.0.0.0:38716, s2:0.0.0.0:33304], old=null RUNNING
2019-09-26 13:55:09,533 INFO  ratis.MiniRaftCluster (MiniRaftCluster.java:lambda$null$5(297)) - TIMED-PRINT: printing ALL groups
  s0:  RUNNING    LEADER s0@group-47B2568B0D35:t1, leader=s0, voted=s0, raftlog=s0@group-47B2568B0D35-SegmentedRaftLog:OPENED:c0,f0,i0, conf=0: [s0:0.0.0.0:41646, s1:0.0.0.0:38716, s2:0.0.0.0:33304], old=null RUNNING
  s1:  RUNNING  FOLLOWER s1@group-47B2568B0D35:t1, leader=s0, voted=s0, raftlog=s1@group-47B2568B0D35-SegmentedRaftLog:OPENED:c0,f0,i0, conf=0: [s0:0.0.0.0:41646, s1:0.0.0.0:38716, s2:0.0.0.0:33304], old=null RUNNING
  s2:  RUNNING  FOLLOWER s2@group-47B2568B0D35:t1, leader=s0, voted=s0, raftlog=s2@group-47B2568B0D35-SegmentedRaftLog:OPENED:c0,f0,i0, conf=0: [s0:0.0.0.0:41646, s1:0.0.0.0:38716, s2:0.0.0.0:33304], old=null RUNNING
2019-09-26 13:55:19,456 INFO  ratis.MiniRaftCluster (MiniRaftCluster.java:shutdown(700)) - ************************************************************** 
2019-09-26 13:55:19,457 INFO  ratis.MiniRaftCluster (MiniRaftCluster.java:shutdown(701)) - *** 
2019-09-26 13:55:19,457 INFO  ratis.MiniRaftCluster (MiniRaftCluster.java:shutdown(702)) - ***     Stopping MiniRaftClusterWithGrpc
2019-09-26 13:55:19,457 INFO  ratis.MiniRaftCluster (MiniRaftCluster.java:shutdown(703)) - *** 
2019-09-26 13:55:19,457 INFO  ratis.MiniRaftCluster (MiniRaftCluster.java:shutdown(704)) - ************************************************************** 
2019-09-26 13:55:19,457 INFO  ratis.MiniRaftCluster (MiniRaftCluster.java:shutdown(705)) - printing ALL groups
  s0:  RUNNING    LEADER s0@group-47B2568B0D35:t1, leader=s0, voted=s0, raftlog=s0@group-47B2568B0D35-SegmentedRaftLog:OPENED:c0,f0,i0, conf=0: [s0:0.0.0.0:41646, s1:0.0.0.0:38716, s2:0.0.0.0:33304], old=null RUNNING
  s1:  RUNNING  FOLLOWER s1@group-47B2568B0D35:t1, leader=s0, voted=s0, raftlog=s1@group-47B2568B0D35-SegmentedRaftLog:OPENED:c0,f0,i0, conf=0: [s0:0.0.0.0:41646, s1:0.0.0.0:38716, s2:0.0.0.0:33304], old=null RUNNING
  s2:  RUNNING  FOLLOWER s2@group-47B2568B0D35:t1, leader=s0, voted=s0, raftlog=s2@group-47B2568B0D35-SegmentedRaftLog:OPENED:c0,f0,i0, conf=0: [s0:0.0.0.0:41646, s1:0.0.0.0:38716, s2:0.0.0.0:33304], old=null RUNNING
2019-09-26 13:55:19,459 INFO  impl.RaftServerProxy (RaftServerProxy.java:lambda$close$4(314)) - s1: close
2019-09-26 13:55:19,459 INFO  impl.RaftServerProxy (RaftServerProxy.java:lambda$close$4(314)) - s0: close
2019-09-26 13:55:19,459 INFO  impl.RaftServerProxy (RaftServerProxy.java:lambda$close$4(314)) - s2: close
2019-09-26 13:55:19,459 INFO  impl.RaftServerImpl (RaftServerImpl.java:lambda$shutdown$3(247)) - s0@group-47B2568B0D35: shutdown
2019-09-26 13:55:19,459 INFO  impl.RaftServerImpl (RaftServerImpl.java:lambda$shutdown$3(247)) - s1@group-47B2568B0D35: shutdown
2019-09-26 13:55:19,459 INFO  impl.RaftServerImpl (RaftServerImpl.java:lambda$shutdown$3(247)) - s2@group-47B2568B0D35: shutdown
2019-09-26 13:55:19,460 INFO  util.JmxRegister (JmxRegister.java:unregister(73)) - Successfully un-registered JMX Bean with object name Ratis:service=RaftServer,group=group-47B2568B0D35,id=s0
2019-09-26 13:55:19,460 INFO  util.JmxRegister (JmxRegister.java:unregister(73)) - Successfully un-registered JMX Bean with object name Ratis:service=RaftServer,group=group-47B2568B0D35,id=s1
2019-09-26 13:55:19,460 INFO  util.JmxRegister (JmxRegister.java:unregister(73)) - Successfully un-registered JMX Bean with object name Ratis:service=RaftServer,group=group-47B2568B0D35,id=s2
2019-09-26 13:55:19,460 INFO  impl.RoleInfo (RoleInfo.java:shutdownFollowerState(121)) - s1: shutdown FollowerState
2019-09-26 13:55:19,460 INFO  impl.RoleInfo (RoleInfo.java:shutdownLeaderState(104)) - s0: shutdown LeaderState
2019-09-26 13:55:19,460 INFO  impl.FollowerState (FollowerState.java:run(117)) - s1@group-47B2568B0D35-FollowerState was interrupted: java.lang.InterruptedException: sleep interrupted
2019-09-26 13:55:19,460 INFO  impl.StateMachineUpdater (StateMachineUpdater.java:stopAndJoin(136)) - s1@group-47B2568B0D35-StateMachineUpdater: set stopIndex = 0
2019-09-26 13:55:19,460 INFO  impl.RoleInfo (RoleInfo.java:shutdownFollowerState(121)) - s2: shutdown FollowerState
2019-09-26 13:55:19,462 INFO  impl.RaftServerImpl (ServerState.java:close(386)) - s1@group-47B2568B0D35: closes. applyIndex: 0
2019-09-26 13:55:19,461 WARN  server.GrpcLogAppender (GrpcLogAppender.java:mayWait(143)) - s0@group-47B2568B0D35->s2-GrpcLogAppender: Wait interrupted by java.lang.InterruptedException
2019-09-26 13:55:19,461 INFO  impl.PendingRequests (PendingRequests.java:sendNotLeaderResponses(202)) - s0@group-47B2568B0D35-PendingRequests: sendNotLeaderResponses
2019-09-26 13:55:19,462 INFO  segmented.SegmentedRaftLogWorker (SegmentedRaftLogWorker.java:run(313)) - s1@group-47B2568B0D35-SegmentedRaftLogWorker was interrupted, exiting. There are 0 tasks remaining in the queue.
2019-09-26 13:55:19,461 WARN  server.GrpcLogAppender (GrpcLogAppender.java:mayWait(143)) - s0@group-47B2568B0D35->s1-GrpcLogAppender: Wait interrupted by java.lang.InterruptedException
2019-09-26 13:55:19,462 INFO  impl.FollowerState (FollowerState.java:run(117)) - s2@group-47B2568B0D35-FollowerState was interrupted: java.lang.InterruptedException: sleep interrupted
2019-09-26 13:55:19,462 INFO  impl.StateMachineUpdater (StateMachineUpdater.java:stopAndJoin(136)) - s2@group-47B2568B0D35-StateMachineUpdater: set stopIndex = 0
2019-09-26 13:55:19,463 INFO  impl.StateMachineUpdater (StateMachineUpdater.java:stopAndJoin(136)) - s0@group-47B2568B0D35-StateMachineUpdater: set stopIndex = 0
2019-09-26 13:55:19,463 INFO  server.GrpcServerProtocolService (GrpcServerProtocolService.java:onCompleted(113)) - s2: Completed APPEND_ENTRIES, lastRequest: s0->s2#387-t1, previous=(t:1, i:0), leaderCommit=0, initializing? false, entries: <empty>
2019-09-26 13:55:19,463 INFO  impl.RaftServerImpl (ServerState.java:close(386)) - s2@group-47B2568B0D35: closes. applyIndex: 0
2019-09-26 13:55:19,463 INFO  server.GrpcServerProtocolService (GrpcServerProtocolService.java:onCompleted(113)) - s1: Completed APPEND_ENTRIES, lastRequest: s0->s1#387-t1, previous=(t:1, i:0), leaderCommit=0, initializing? false, entries: <empty>
2019-09-26 13:55:19,464 INFO  segmented.SegmentedRaftLogWorker (SegmentedRaftLogWorker.java:run(313)) - s2@group-47B2568B0D35-SegmentedRaftLogWorker was interrupted, exiting. There are 0 tasks remaining in the queue.
2019-09-26 13:55:19,463 INFO  impl.RaftServerImpl (ServerState.java:close(386)) - s0@group-47B2568B0D35: closes. applyIndex: 0
2019-09-26 13:55:19,464 INFO  segmented.SegmentedRaftLogWorker (SegmentedRaftLogWorker.java:close(228)) - s1@group-47B2568B0D35-SegmentedRaftLogWorker close()
2019-09-26 13:55:19,464 INFO  server.GrpcLogAppender (GrpcLogAppender.java:onCompleted(293)) - s0@group-47B2568B0D35->s2-AppendLogResponseHandler: follower responses appendEntries COMPLETED
2019-09-26 13:55:19,465 INFO  segmented.SegmentedRaftLogWorker (SegmentedRaftLogWorker.java:close(228)) - s2@group-47B2568B0D35-SegmentedRaftLogWorker close()
2019-09-26 13:55:19,464 INFO  segmented.SegmentedRaftLogWorker (SegmentedRaftLogWorker.java:run(313)) - s0@group-47B2568B0D35-SegmentedRaftLogWorker was interrupted, exiting. There are 0 tasks remaining in the queue.
2019-09-26 13:55:19,464 INFO  server.GrpcLogAppender (GrpcLogAppender.java:onCompleted(293)) - s0@group-47B2568B0D35->s1-AppendLogResponseHandler: follower responses appendEntries COMPLETED
2019-09-26 13:55:19,466 INFO  server.GrpcService (GrpcService.java:closeImpl(164)) - s2: shutdown server with port 33304 now
2019-09-26 13:55:19,466 INFO  server.GrpcService (GrpcService.java:closeImpl(164)) - s1: shutdown server with port 38716 now
2019-09-26 13:55:19,467 INFO  impl.FollowerInfo (FollowerInfo.java:lambda$new$0(51)) - s0@group-47B2568B0D35->s2: nextIndex: updateUnconditionally 1 -> 0
2019-09-26 13:55:19,468 INFO  server.GrpcService (GrpcService.java:closeImpl(172)) - s2: shutdown server with port 33304 successfully
2019-09-26 13:55:19,468 INFO  segmented.SegmentedRaftLogWorker (SegmentedRaftLogWorker.java:close(228)) - s0@group-47B2568B0D35-SegmentedRaftLogWorker close()
2019-09-26 13:55:19,469 INFO  server.GrpcService (GrpcService.java:closeImpl(172)) - s1: shutdown server with port 38716 successfully
2019-09-26 13:55:19,470 INFO  server.GrpcService (GrpcService.java:closeImpl(164)) - s0: shutdown server with port 41646 now
2019-09-26 13:55:19,468 INFO  impl.FollowerInfo (FollowerInfo.java:lambda$new$0(51)) - s0@group-47B2568B0D35->s1: nextIndex: updateUnconditionally 1 -> 0
2019-09-26 13:55:19,471 INFO  server.GrpcService (GrpcService.java:closeImpl(172)) - s0: shutdown server with port 41646 successfully
2019-09-26 13:55:19,471 INFO  ratis.MiniRaftCluster (MiniRaftCluster.java:shutdown(722)) - MiniRaftClusterWithGrpc shutdown completed
]]></system-out>
  </testcase>
  <testcase name="testRequestAsyncWithRetryFailureAfterInitialMessages" classname="org.apache.ratis.grpc.TestRaftAsyncWithGrpc" time="1.742"/>
</testsuite>