<?xml version="1.0" encoding="UTF-8"?>
<testsuite xmlns:xsi="http://www.w3.org/2001/XMLSchema-instance" xsi:noNamespaceSchemaLocation="https://maven.apache.org/surefire/maven-surefire-plugin/xsd/surefire-test-report.xsd" name="org.apache.ratis.netty.TestRaftExceptionWithNetty" time="18.145" tests="6" errors="0" skipped="0" failures="1">
  <properties>
    <property name="awt.toolkit" value="sun.awt.X11.XToolkit"/>
    <property name="file.encoding.pkg" value="sun.io"/>
    <property name="java.specification.version" value="1.8"/>
    <property name="sun.cpu.isalist" value=""/>
    <property name="sun.jnu.encoding" value="UTF-8"/>
    <property name="java.class.path" value="/workdir/ratis-test/target/test-classes:/workdir/ratis-test/target/classes:/workdir/ratis-common/target/classes:/home/user/.m2/repository/org/apache/ratis/ratis-thirdparty-misc/0.2.0/ratis-thirdparty-misc-0.2.0.jar:/workdir/ratis-proto/target/ratis-proto-0.5.0-SNAPSHOT.jar:/home/user/.m2/repository/org/slf4j/slf4j-log4j12/1.7.10/slf4j-log4j12-1.7.10.jar:/home/user/.m2/repository/log4j/log4j/1.2.17/log4j-1.2.17.jar:/workdir/ratis-common/target/test-classes:/workdir/ratis-client/target/classes:/workdir/ratis-server/target/classes:/workdir/ratis-metrics/target/classes:/home/user/.m2/repository/io/dropwizard/metrics/metrics-core/3.2.5/metrics-core-3.2.5.jar:/home/user/.m2/repository/com/github/joshelser/dropwizard-metrics-hadoop-metrics2-reporter/0.1.2/dropwizard-metrics-hadoop-metrics2-reporter-0.1.2.jar:/home/user/.m2/repository/org/apache/hadoop/hadoop-common/2.6.0/hadoop-common-2.6.0.jar:/home/user/.m2/repository/org/apache/hadoop/hadoop-annotations/2.6.0/hadoop-annotations-2.6.0.jar:/usr/lib/jvm/java-1.8-openjdk/jre/../lib/tools.jar:/home/user/.m2/repository/com/google/guava/guava/11.0.2/guava-11.0.2.jar:/home/user/.m2/repository/commons-cli/commons-cli/1.2/commons-cli-1.2.jar:/home/user/.m2/repository/org/apache/commons/commons-math3/3.1.1/commons-math3-3.1.1.jar:/home/user/.m2/repository/xmlenc/xmlenc/0.52/xmlenc-0.52.jar:/home/user/.m2/repository/commons-httpclient/commons-httpclient/3.1/commons-httpclient-3.1.jar:/home/user/.m2/repository/commons-codec/commons-codec/1.4/commons-codec-1.4.jar:/home/user/.m2/repository/commons-io/commons-io/2.4/commons-io-2.4.jar:/home/user/.m2/repository/commons-net/commons-net/3.1/commons-net-3.1.jar:/home/user/.m2/repository/commons-collections/commons-collections/3.2.1/commons-collections-3.2.1.jar:/home/user/.m2/repository/javax/servlet/servlet-api/2.5/servlet-api-2.5.jar:/home/user/.m2/repository/org/mortbay/jetty/jetty/6.1.26/jetty-6.1.26.jar:/home/user/.m2/repository/org/mortbay/jetty/jetty-util/6.1.26/jetty-util-6.1.26.jar:/home/user/.m2/repository/com/sun/jersey/jersey-core/1.9/jersey-core-1.9.jar:/home/user/.m2/repository/com/sun/jersey/jersey-json/1.9/jersey-json-1.9.jar:/home/user/.m2/repository/org/codehaus/jettison/jettison/1.1/jettison-1.1.jar:/home/user/.m2/repository/com/sun/xml/bind/jaxb-impl/2.2.3-1/jaxb-impl-2.2.3-1.jar:/home/user/.m2/repository/javax/xml/bind/jaxb-api/2.2.2/jaxb-api-2.2.2.jar:/home/user/.m2/repository/javax/xml/stream/stax-api/1.0-2/stax-api-1.0-2.jar:/home/user/.m2/repository/javax/activation/activation/1.1/activation-1.1.jar:/home/user/.m2/repository/org/codehaus/jackson/jackson-jaxrs/1.8.3/jackson-jaxrs-1.8.3.jar:/home/user/.m2/repository/org/codehaus/jackson/jackson-xc/1.8.3/jackson-xc-1.8.3.jar:/home/user/.m2/repository/com/sun/jersey/jersey-server/1.9/jersey-server-1.9.jar:/home/user/.m2/repository/asm/asm/3.1/asm-3.1.jar:/home/user/.m2/repository/tomcat/jasper-compiler/5.5.23/jasper-compiler-5.5.23.jar:/home/user/.m2/repository/tomcat/jasper-runtime/5.5.23/jasper-runtime-5.5.23.jar:/home/user/.m2/repository/javax/servlet/jsp/jsp-api/2.1/jsp-api-2.1.jar:/home/user/.m2/repository/commons-el/commons-el/1.0/commons-el-1.0.jar:/home/user/.m2/repository/commons-logging/commons-logging/1.1.3/commons-logging-1.1.3.jar:/home/user/.m2/repository/net/java/dev/jets3t/jets3t/0.9.0/jets3t-0.9.0.jar:/home/user/.m2/repository/org/apache/httpcomponents/httpclient/4.1.2/httpclient-4.1.2.jar:/home/user/.m2/repository/org/apache/httpcomponents/httpcore/4.1.2/httpcore-4.1.2.jar:/home/user/.m2/repository/com/jamesmurty/utils/java-xmlbuilder/0.4/java-xmlbuilder-0.4.jar:/home/user/.m2/repository/commons-lang/commons-lang/2.6/commons-lang-2.6.jar:/home/user/.m2/repository/commons-configuration/commons-configuration/1.6/commons-configuration-1.6.jar:/home/user/.m2/repository/commons-digester/commons-digester/1.8/commons-digester-1.8.jar:/home/user/.m2/repository/commons-beanutils/commons-beanutils/1.7.0/commons-beanutils-1.7.0.jar:/home/user/.m2/repository/commons-beanutils/commons-beanutils-core/1.8.0/commons-beanutils-core-1.8.0.jar:/home/user/.m2/repository/org/codehaus/jackson/jackson-core-asl/1.9.13/jackson-core-asl-1.9.13.jar:/home/user/.m2/repository/org/codehaus/jackson/jackson-mapper-asl/1.9.13/jackson-mapper-asl-1.9.13.jar:/home/user/.m2/repository/org/apache/avro/avro/1.7.4/avro-1.7.4.jar:/home/user/.m2/repository/com/thoughtworks/paranamer/paranamer/2.3/paranamer-2.3.jar:/home/user/.m2/repository/org/xerial/snappy/snappy-java/1.0.4.1/snappy-java-1.0.4.1.jar:/home/user/.m2/repository/com/google/protobuf/protobuf-java/2.5.0/protobuf-java-2.5.0.jar:/home/user/.m2/repository/com/google/code/gson/gson/2.2.4/gson-2.2.4.jar:/home/user/.m2/repository/org/apache/hadoop/hadoop-auth/2.6.0/hadoop-auth-2.6.0.jar:/home/user/.m2/repository/org/apache/directory/server/apacheds-kerberos-codec/2.0.0-M15/apacheds-kerberos-codec-2.0.0-M15.jar:/home/user/.m2/repository/org/apache/directory/server/apacheds-i18n/2.0.0-M15/apacheds-i18n-2.0.0-M15.jar:/home/user/.m2/repository/org/apache/directory/api/api-asn1-api/1.0.0-M20/api-asn1-api-1.0.0-M20.jar:/home/user/.m2/repository/org/apache/directory/api/api-util/1.0.0-M20/api-util-1.0.0-M20.jar:/home/user/.m2/repository/org/apache/curator/curator-framework/2.6.0/curator-framework-2.6.0.jar:/home/user/.m2/repository/com/jcraft/jsch/0.1.42/jsch-0.1.42.jar:/home/user/.m2/repository/org/apache/curator/curator-client/2.6.0/curator-client-2.6.0.jar:/home/user/.m2/repository/org/apache/curator/curator-recipes/2.6.0/curator-recipes-2.6.0.jar:/home/user/.m2/repository/com/google/code/findbugs/jsr305/1.3.9/jsr305-1.3.9.jar:/home/user/.m2/repository/org/htrace/htrace-core/3.0.4/htrace-core-3.0.4.jar:/home/user/.m2/repository/org/apache/zookeeper/zookeeper/3.4.6/zookeeper-3.4.6.jar:/home/user/.m2/repository/io/netty/netty/3.7.0.Final/netty-3.7.0.Final.jar:/home/user/.m2/repository/org/apache/commons/commons-compress/1.4.1/commons-compress-1.4.1.jar:/home/user/.m2/repository/org/tukaani/xz/1.0/xz-1.0.jar:/home/user/.m2/repository/io/dropwizard/metrics/metrics-jvm/3.2.5/metrics-jvm-3.2.5.jar:/home/user/.m2/repository/io/dropwizard/metrics/metrics-ganglia/3.2.5/metrics-ganglia-3.2.5.jar:/home/user/.m2/repository/info/ganglia/gmetric4j/gmetric4j/1.0.7/gmetric4j-1.0.7.jar:/workdir/ratis-server/target/test-classes:/workdir/ratis-netty/target/classes:/workdir/ratis-netty/target/test-classes:/workdir/ratis-grpc/target/classes:/workdir/ratis-grpc/target/test-classes:/home/user/.m2/repository/org/slf4j/slf4j-api/1.7.10/slf4j-api-1.7.10.jar:/home/user/.m2/repository/junit/junit/4.12/junit-4.12.jar:/home/user/.m2/repository/org/hamcrest/hamcrest-core/1.3/hamcrest-core-1.3.jar:/home/user/.m2/repository/org/mockito/mockito-all/1.8.5/mockito-all-1.8.5.jar:"/>
    <property name="java.vm.vendor" value="IcedTea"/>
    <property name="sun.arch.data.model" value="64"/>
    <property name="java.vendor.url" value="https://icedtea.classpath.org"/>
    <property name="user.timezone" value=""/>
    <property name="java.vm.specification.version" value="1.8"/>
    <property name="os.name" value="Linux"/>
    <property name="user.country" value="US"/>
    <property name="sun.java.launcher" value="SUN_STANDARD"/>
    <property name="sun.boot.library.path" value="/usr/lib/jvm/java-1.8-openjdk/jre/lib/amd64"/>
    <property name="sun.java.command" value="/workdir/ratis-test/target/surefire/surefirebooter3262169911719035145.jar /workdir/ratis-test/target/surefire 2019-09-26T13-42-04_408-jvmRun1 surefire3871138915786254737tmp surefire_511251787715074704060tmp"/>
    <property name="surefire.test.class.path" value="/workdir/ratis-test/target/test-classes:/workdir/ratis-test/target/classes:/workdir/ratis-common/target/classes:/home/user/.m2/repository/org/apache/ratis/ratis-thirdparty-misc/0.2.0/ratis-thirdparty-misc-0.2.0.jar:/workdir/ratis-proto/target/ratis-proto-0.5.0-SNAPSHOT.jar:/home/user/.m2/repository/org/slf4j/slf4j-log4j12/1.7.10/slf4j-log4j12-1.7.10.jar:/home/user/.m2/repository/log4j/log4j/1.2.17/log4j-1.2.17.jar:/workdir/ratis-common/target/test-classes:/workdir/ratis-client/target/classes:/workdir/ratis-server/target/classes:/workdir/ratis-metrics/target/classes:/home/user/.m2/repository/io/dropwizard/metrics/metrics-core/3.2.5/metrics-core-3.2.5.jar:/home/user/.m2/repository/com/github/joshelser/dropwizard-metrics-hadoop-metrics2-reporter/0.1.2/dropwizard-metrics-hadoop-metrics2-reporter-0.1.2.jar:/home/user/.m2/repository/org/apache/hadoop/hadoop-common/2.6.0/hadoop-common-2.6.0.jar:/home/user/.m2/repository/org/apache/hadoop/hadoop-annotations/2.6.0/hadoop-annotations-2.6.0.jar:/usr/lib/jvm/java-1.8-openjdk/jre/../lib/tools.jar:/home/user/.m2/repository/com/google/guava/guava/11.0.2/guava-11.0.2.jar:/home/user/.m2/repository/commons-cli/commons-cli/1.2/commons-cli-1.2.jar:/home/user/.m2/repository/org/apache/commons/commons-math3/3.1.1/commons-math3-3.1.1.jar:/home/user/.m2/repository/xmlenc/xmlenc/0.52/xmlenc-0.52.jar:/home/user/.m2/repository/commons-httpclient/commons-httpclient/3.1/commons-httpclient-3.1.jar:/home/user/.m2/repository/commons-codec/commons-codec/1.4/commons-codec-1.4.jar:/home/user/.m2/repository/commons-io/commons-io/2.4/commons-io-2.4.jar:/home/user/.m2/repository/commons-net/commons-net/3.1/commons-net-3.1.jar:/home/user/.m2/repository/commons-collections/commons-collections/3.2.1/commons-collections-3.2.1.jar:/home/user/.m2/repository/javax/servlet/servlet-api/2.5/servlet-api-2.5.jar:/home/user/.m2/repository/org/mortbay/jetty/jetty/6.1.26/jetty-6.1.26.jar:/home/user/.m2/repository/org/mortbay/jetty/jetty-util/6.1.26/jetty-util-6.1.26.jar:/home/user/.m2/repository/com/sun/jersey/jersey-core/1.9/jersey-core-1.9.jar:/home/user/.m2/repository/com/sun/jersey/jersey-json/1.9/jersey-json-1.9.jar:/home/user/.m2/repository/org/codehaus/jettison/jettison/1.1/jettison-1.1.jar:/home/user/.m2/repository/com/sun/xml/bind/jaxb-impl/2.2.3-1/jaxb-impl-2.2.3-1.jar:/home/user/.m2/repository/javax/xml/bind/jaxb-api/2.2.2/jaxb-api-2.2.2.jar:/home/user/.m2/repository/javax/xml/stream/stax-api/1.0-2/stax-api-1.0-2.jar:/home/user/.m2/repository/javax/activation/activation/1.1/activation-1.1.jar:/home/user/.m2/repository/org/codehaus/jackson/jackson-jaxrs/1.8.3/jackson-jaxrs-1.8.3.jar:/home/user/.m2/repository/org/codehaus/jackson/jackson-xc/1.8.3/jackson-xc-1.8.3.jar:/home/user/.m2/repository/com/sun/jersey/jersey-server/1.9/jersey-server-1.9.jar:/home/user/.m2/repository/asm/asm/3.1/asm-3.1.jar:/home/user/.m2/repository/tomcat/jasper-compiler/5.5.23/jasper-compiler-5.5.23.jar:/home/user/.m2/repository/tomcat/jasper-runtime/5.5.23/jasper-runtime-5.5.23.jar:/home/user/.m2/repository/javax/servlet/jsp/jsp-api/2.1/jsp-api-2.1.jar:/home/user/.m2/repository/commons-el/commons-el/1.0/commons-el-1.0.jar:/home/user/.m2/repository/commons-logging/commons-logging/1.1.3/commons-logging-1.1.3.jar:/home/user/.m2/repository/net/java/dev/jets3t/jets3t/0.9.0/jets3t-0.9.0.jar:/home/user/.m2/repository/org/apache/httpcomponents/httpclient/4.1.2/httpclient-4.1.2.jar:/home/user/.m2/repository/org/apache/httpcomponents/httpcore/4.1.2/httpcore-4.1.2.jar:/home/user/.m2/repository/com/jamesmurty/utils/java-xmlbuilder/0.4/java-xmlbuilder-0.4.jar:/home/user/.m2/repository/commons-lang/commons-lang/2.6/commons-lang-2.6.jar:/home/user/.m2/repository/commons-configuration/commons-configuration/1.6/commons-configuration-1.6.jar:/home/user/.m2/repository/commons-digester/commons-digester/1.8/commons-digester-1.8.jar:/home/user/.m2/repository/commons-beanutils/commons-beanutils/1.7.0/commons-beanutils-1.7.0.jar:/home/user/.m2/repository/commons-beanutils/commons-beanutils-core/1.8.0/commons-beanutils-core-1.8.0.jar:/home/user/.m2/repository/org/codehaus/jackson/jackson-core-asl/1.9.13/jackson-core-asl-1.9.13.jar:/home/user/.m2/repository/org/codehaus/jackson/jackson-mapper-asl/1.9.13/jackson-mapper-asl-1.9.13.jar:/home/user/.m2/repository/org/apache/avro/avro/1.7.4/avro-1.7.4.jar:/home/user/.m2/repository/com/thoughtworks/paranamer/paranamer/2.3/paranamer-2.3.jar:/home/user/.m2/repository/org/xerial/snappy/snappy-java/1.0.4.1/snappy-java-1.0.4.1.jar:/home/user/.m2/repository/com/google/protobuf/protobuf-java/2.5.0/protobuf-java-2.5.0.jar:/home/user/.m2/repository/com/google/code/gson/gson/2.2.4/gson-2.2.4.jar:/home/user/.m2/repository/org/apache/hadoop/hadoop-auth/2.6.0/hadoop-auth-2.6.0.jar:/home/user/.m2/repository/org/apache/directory/server/apacheds-kerberos-codec/2.0.0-M15/apacheds-kerberos-codec-2.0.0-M15.jar:/home/user/.m2/repository/org/apache/directory/server/apacheds-i18n/2.0.0-M15/apacheds-i18n-2.0.0-M15.jar:/home/user/.m2/repository/org/apache/directory/api/api-asn1-api/1.0.0-M20/api-asn1-api-1.0.0-M20.jar:/home/user/.m2/repository/org/apache/directory/api/api-util/1.0.0-M20/api-util-1.0.0-M20.jar:/home/user/.m2/repository/org/apache/curator/curator-framework/2.6.0/curator-framework-2.6.0.jar:/home/user/.m2/repository/com/jcraft/jsch/0.1.42/jsch-0.1.42.jar:/home/user/.m2/repository/org/apache/curator/curator-client/2.6.0/curator-client-2.6.0.jar:/home/user/.m2/repository/org/apache/curator/curator-recipes/2.6.0/curator-recipes-2.6.0.jar:/home/user/.m2/repository/com/google/code/findbugs/jsr305/1.3.9/jsr305-1.3.9.jar:/home/user/.m2/repository/org/htrace/htrace-core/3.0.4/htrace-core-3.0.4.jar:/home/user/.m2/repository/org/apache/zookeeper/zookeeper/3.4.6/zookeeper-3.4.6.jar:/home/user/.m2/repository/io/netty/netty/3.7.0.Final/netty-3.7.0.Final.jar:/home/user/.m2/repository/org/apache/commons/commons-compress/1.4.1/commons-compress-1.4.1.jar:/home/user/.m2/repository/org/tukaani/xz/1.0/xz-1.0.jar:/home/user/.m2/repository/io/dropwizard/metrics/metrics-jvm/3.2.5/metrics-jvm-3.2.5.jar:/home/user/.m2/repository/io/dropwizard/metrics/metrics-ganglia/3.2.5/metrics-ganglia-3.2.5.jar:/home/user/.m2/repository/info/ganglia/gmetric4j/gmetric4j/1.0.7/gmetric4j-1.0.7.jar:/workdir/ratis-server/target/test-classes:/workdir/ratis-netty/target/classes:/workdir/ratis-netty/target/test-classes:/workdir/ratis-grpc/target/classes:/workdir/ratis-grpc/target/test-classes:/home/user/.m2/repository/org/slf4j/slf4j-api/1.7.10/slf4j-api-1.7.10.jar:/home/user/.m2/repository/junit/junit/4.12/junit-4.12.jar:/home/user/.m2/repository/org/hamcrest/hamcrest-core/1.3/hamcrest-core-1.3.jar:/home/user/.m2/repository/org/mockito/mockito-all/1.8.5/mockito-all-1.8.5.jar:"/>
    <property name="sun.cpu.endian" value="little"/>
    <property name="user.home" value="/home/user"/>
    <property name="user.language" value="en"/>
    <property name="java.specification.vendor" value="Oracle Corporation"/>
    <property name="java.home" value="/usr/lib/jvm/java-1.8-openjdk/jre"/>
    <property name="basedir" value="/workdir/ratis-test"/>
    <property name="file.separator" value="/"/>
    <property name="line.separator" value="&#10;"/>
    <property name="java.vm.specification.vendor" value="Oracle Corporation"/>
    <property name="java.specification.name" value="Java Platform API Specification"/>
    <property name="java.awt.graphicsenv" value="sun.awt.X11GraphicsEnvironment"/>
    <property name="surefire.real.class.path" value="/workdir/ratis-test/target/surefire/surefirebooter3262169911719035145.jar"/>
    <property name="sun.boot.class.path" value="/usr/lib/jvm/java-1.8-openjdk/jre/lib/resources.jar:/usr/lib/jvm/java-1.8-openjdk/jre/lib/rt.jar:/usr/lib/jvm/java-1.8-openjdk/jre/lib/sunrsasign.jar:/usr/lib/jvm/java-1.8-openjdk/jre/lib/jsse.jar:/usr/lib/jvm/java-1.8-openjdk/jre/lib/jce.jar:/usr/lib/jvm/java-1.8-openjdk/jre/lib/charsets.jar:/usr/lib/jvm/java-1.8-openjdk/jre/lib/jfr.jar:/usr/lib/jvm/java-1.8-openjdk/jre/classes"/>
    <property name="sun.management.compiler" value="HotSpot 64-Bit Tiered Compilers"/>
    <property name="java.runtime.version" value="1.8.0_212-b04"/>
    <property name="java.net.preferIPv4Stack" value="true"/>
    <property name="user.name" value="jenkins1000"/>
    <property name="path.separator" value=":"/>
    <property name="os.version" value="3.10.0-957.12.2.el7.x86_64"/>
    <property name="java.endorsed.dirs" value="/usr/lib/jvm/java-1.8-openjdk/jre/lib/endorsed"/>
    <property name="java.runtime.name" value="OpenJDK Runtime Environment"/>
    <property name="file.encoding" value="UTF-8"/>
    <property name="java.vm.name" value="OpenJDK 64-Bit Server VM"/>
    <property name="localRepository" value="/home/user/.m2/repository"/>
    <property name="java.vendor.url.bug" value="https://icedtea.classpath.org/bugzilla"/>
    <property name="java.io.tmpdir" value="/tmp"/>
    <property name="java.version" value="1.8.0_212"/>
    <property name="user.dir" value="/workdir/ratis-test"/>
    <property name="os.arch" value="amd64"/>
    <property name="ratis.tmp.dir" value="/workdir/ratis-test/target/tmp"/>
    <property name="java.vm.specification.name" value="Java Virtual Machine Specification"/>
    <property name="java.awt.printerjob" value="sun.print.PSPrinterJob"/>
    <property name="ratis.log.dir" value="/workdir/ratis-test/target/log"/>
    <property name="sun.os.patch.level" value="unknown"/>
    <property name="java.library.path" value="/usr/lib/jvm/java-1.8-openjdk/jre/lib/amd64/server:/usr/lib/jvm/java-1.8-openjdk/jre/lib/amd64:/usr/lib/jvm/java-1.8-openjdk/jre/../lib/amd64:/usr/java/packages/lib/amd64:/usr/lib64:/lib64:/lib:/usr/lib"/>
    <property name="java.vm.info" value="mixed mode"/>
    <property name="java.vendor" value="IcedTea"/>
    <property name="java.vm.version" value="25.212-b04"/>
    <property name="java.ext.dirs" value="/usr/lib/jvm/java-1.8-openjdk/jre/lib/ext:/usr/java/packages/lib/ext"/>
    <property name="sun.io.unicode.encoding" value="UnicodeLittle"/>
    <property name="java.class.version" value="52.0"/>
  </properties>
  <testcase name="testHandleNotLeaderException" classname="org.apache.ratis.netty.TestRaftExceptionWithNetty" time="2.41"/>
  <testcase name="testLogAppenderBufferCapacity" classname="org.apache.ratis.netty.TestRaftExceptionWithNetty" time="0.559"/>
  <testcase name="testHandleNotLeaderAndIOException" classname="org.apache.ratis.netty.TestRaftExceptionWithNetty" time="3.366"/>
  <testcase name="testGroupMismatchException" classname="org.apache.ratis.netty.TestRaftExceptionWithNetty" time="0.041"/>
  <testcase name="testNotLeaderExceptionWithReconf" classname="org.apache.ratis.netty.TestRaftExceptionWithNetty" time="11.582">
    <failure message="expected:&lt;s2&gt; but was:&lt;s0&gt;" type="java.lang.AssertionError"><![CDATA[java.lang.AssertionError: expected:<s2> but was:<s0>
]]></failure>
    <system-out><![CDATA[2019-09-26 13:53:10,407 INFO  util.LogUtils (LogUtils.java:setLogLevel(41)) - Set org.apache.ratis.conf.ConfUtils log level to WARN
2019-09-26 13:53:10,407 INFO  util.LogUtils (LogUtils.java:setLogLevel(41)) - Set org.apache.ratis.util.FileUtils log level to TRACE
2019-09-26 13:53:10,408 INFO  ratis.MiniRaftCluster (MiniRaftCluster.java:runWithNewCluster(119)) - Running runWithNewCluster
2019-09-26 13:53:10,409 INFO  ratis.MiniRaftCluster (MiniRaftCluster.java:<init>(253)) - new MiniRaftClusterWithNetty with group-1CE3CBD1CDAC:[s0:0.0.0.0:39552, s1:0.0.0.0:42687, s2:0.0.0.0:42535]
2019-09-26 13:53:10,409 INFO  ratis.MiniRaftCluster (MiniRaftCluster.java:start(287)) - .............................................................. 
2019-09-26 13:53:10,409 INFO  ratis.MiniRaftCluster (MiniRaftCluster.java:start(288)) - ... 
2019-09-26 13:53:10,409 INFO  ratis.MiniRaftCluster (MiniRaftCluster.java:start(289)) - ...     Starting MiniRaftClusterWithNetty
2019-09-26 13:53:10,409 INFO  ratis.MiniRaftCluster (MiniRaftCluster.java:start(290)) - ... 
2019-09-26 13:53:10,409 INFO  ratis.MiniRaftCluster (MiniRaftCluster.java:start(291)) - .............................................................. 
2019-09-26 13:53:10,409 INFO  ratis.MiniRaftCluster (MiniRaftCluster.java:initServers(265)) - servers = {}
2019-09-26 13:53:10,409 INFO  ratis.MiniRaftCluster (MiniRaftCluster.java:newRaftServer(330)) - newRaftServer: s0, group-1CE3CBD1CDAC:[s0:0.0.0.0:39552, s1:0.0.0.0:42687, s2:0.0.0.0:42535], format? true
2019-09-26 13:53:10,410 TRACE util.FileUtils (FileUtils.java:deleteFully(88)) - deleteFully target/test/data/6a0c724f/MiniRaftClusterWithNetty3c4332a1/s0
2019-09-26 13:53:10,410 TRACE util.FileUtils (FileUtils.java:deleteFully(104)) - deleteFully: target/test/data/6a0c724f/MiniRaftClusterWithNetty3c4332a1/s0 does not exist.
2019-09-26 13:53:10,410 INFO  ratis.MiniRaftCluster (MiniRaftCluster.java:newRaftServer(335)) - Formatted directory target/test/data/6a0c724f/MiniRaftClusterWithNetty3c4332a1/s0
2019-09-26 13:53:10,410 INFO  impl.RaftServerProxy (ConfUtils.java:logGet(43)) - raft.rpc.type = NETTY (custom)
2019-09-26 13:53:10,412 INFO  netty.NettyConfigKeys$Server (ConfUtils.java:logGet(43)) - raft.netty.server.port = 39552 (custom)
2019-09-26 13:53:10,413 INFO  server.RaftServerConfigKeys (ConfUtils.java:logGet(43)) - raft.server.storage.dir = [/workdir/ratis-test/target/test/data/6a0c724f/MiniRaftClusterWithNetty3c4332a1/s0] (custom)
2019-09-26 13:53:10,413 INFO  logging.LoggingHandler (AbstractInternalLogger.java:log(150)) - [id: 0xc12d740d] REGISTERED
2019-09-26 13:53:10,413 INFO  logging.LoggingHandler (AbstractInternalLogger.java:log(150)) - [id: 0xc12d740d] BIND: 0.0.0.0/0.0.0.0:39552
2019-09-26 13:53:10,414 INFO  impl.RaftServerProxy (RaftServerProxy.java:addNew(89)) - s0: addNew group-1CE3CBD1CDAC:[s0:0.0.0.0:39552, s1:0.0.0.0:42687, s2:0.0.0.0:42535] returns group-1CE3CBD1CDAC:java.util.concurrent.CompletableFuture@435d3b6d[Not completed]
2019-09-26 13:53:10,414 INFO  logging.LoggingHandler (AbstractInternalLogger.java:log(150)) - [id: 0xc12d740d, L:/0.0.0.0:39552] ACTIVE
2019-09-26 13:53:10,414 INFO  impl.RaftServerImpl (RaftServerImpl.java:<init>(95)) - s0: new RaftServerImpl for group-1CE3CBD1CDAC:[s0:0.0.0.0:39552, s1:0.0.0.0:42687, s2:0.0.0.0:42535] with BaseStateMachine:uninitialized
2019-09-26 13:53:10,414 INFO  server.RaftServerConfigKeys (ConfUtils.java:logGet(43)) - raft.server.rpc.timeout.min = 150ms (default)
2019-09-26 13:53:10,415 INFO  ratis.MiniRaftCluster (MiniRaftCluster.java:newRaftServer(330)) - newRaftServer: s1, group-1CE3CBD1CDAC:[s0:0.0.0.0:39552, s1:0.0.0.0:42687, s2:0.0.0.0:42535], format? true
2019-09-26 13:53:10,415 INFO  server.RaftServerConfigKeys (ConfUtils.java:logGet(43)) - raft.server.rpc.timeout.max = 300ms (default)
2019-09-26 13:53:10,415 TRACE util.FileUtils (FileUtils.java:deleteFully(88)) - deleteFully target/test/data/6a0c724f/MiniRaftClusterWithNetty3c4332a1/s1
2019-09-26 13:53:10,415 INFO  server.RaftServerConfigKeys (ConfUtils.java:logGet(43)) - raft.server.rpcslowness.timeout = 60s (default)
2019-09-26 13:53:10,415 INFO  server.RaftServerConfigKeys (ConfUtils.java:logGet(43)) - raft.server.sleep.deviation.threshold = 300 (default)
2019-09-26 13:53:10,415 TRACE util.FileUtils (FileUtils.java:deleteFully(104)) - deleteFully: target/test/data/6a0c724f/MiniRaftClusterWithNetty3c4332a1/s1 does not exist.
2019-09-26 13:53:10,415 INFO  server.RaftServerConfigKeys (ConfUtils.java:logGet(43)) - raft.server.log.appender.install.snapshot.enabled = true (default)
2019-09-26 13:53:10,415 INFO  ratis.MiniRaftCluster (MiniRaftCluster.java:newRaftServer(335)) - Formatted directory target/test/data/6a0c724f/MiniRaftClusterWithNetty3c4332a1/s1
2019-09-26 13:53:10,415 INFO  impl.RaftServerImpl (ServerState.java:<init>(103)) - s0@group-1CE3CBD1CDAC: ConfigurationManager, init=-1: [s0:0.0.0.0:39552, s1:0.0.0.0:42687, s2:0.0.0.0:42535], old=null, confs=<EMPTY_MAP>
2019-09-26 13:53:10,416 INFO  server.RaftServerConfigKeys (ConfUtils.java:logGet(43)) - raft.server.storage.dir = [/workdir/ratis-test/target/test/data/6a0c724f/MiniRaftClusterWithNetty3c4332a1/s0] (custom)
2019-09-26 13:53:10,416 INFO  impl.RaftServerProxy (ConfUtils.java:logGet(43)) - raft.rpc.type = NETTY (custom)
2019-09-26 13:53:10,416 INFO  server.RaftServerConfigKeys (ConfUtils.java:logGet(43)) - raft.server.log.corruption.policy = EXCEPTION (default)
2019-09-26 13:53:10,416 INFO  storage.RaftStorageDirectory (RaftStorageDirectory.java:analyzeStorage(246)) - The storage directory /workdir/ratis-test/target/test/data/6a0c724f/MiniRaftClusterWithNetty3c4332a1/s0/fc8e5846-91e5-460c-9520-1ce3cbd1cdac does not exist. Creating ...
2019-09-26 13:53:10,417 TRACE util.FileUtils (LogUtils.java:runAndLog(61)) - Successfully ran Files.createDirectories /workdir/ratis-test/target/test/data/6a0c724f/MiniRaftClusterWithNetty3c4332a1/s0/fc8e5846-91e5-460c-9520-1ce3cbd1cdac
2019-09-26 13:53:10,418 INFO  netty.NettyConfigKeys$Server (ConfUtils.java:logGet(43)) - raft.netty.server.port = 42687 (custom)
2019-09-26 13:53:10,419 INFO  logging.LoggingHandler (AbstractInternalLogger.java:log(150)) - [id: 0x581adb32] REGISTERED
2019-09-26 13:53:10,419 INFO  server.RaftServerConfigKeys (ConfUtils.java:logGet(43)) - raft.server.storage.dir = [/workdir/ratis-test/target/test/data/6a0c724f/MiniRaftClusterWithNetty3c4332a1/s1] (custom)
2019-09-26 13:53:10,420 INFO  logging.LoggingHandler (AbstractInternalLogger.java:log(150)) - [id: 0x581adb32] BIND: 0.0.0.0/0.0.0.0:42687
2019-09-26 13:53:10,420 INFO  logging.LoggingHandler (AbstractInternalLogger.java:log(150)) - [id: 0x581adb32, L:/0.0.0.0:42687] ACTIVE
2019-09-26 13:53:10,420 INFO  impl.RaftServerProxy (RaftServerProxy.java:addNew(89)) - s1: addNew group-1CE3CBD1CDAC:[s0:0.0.0.0:39552, s1:0.0.0.0:42687, s2:0.0.0.0:42535] returns group-1CE3CBD1CDAC:java.util.concurrent.CompletableFuture@3b6b00c6[Not completed]
2019-09-26 13:53:10,421 INFO  impl.RaftServerImpl (RaftServerImpl.java:<init>(95)) - s1: new RaftServerImpl for group-1CE3CBD1CDAC:[s0:0.0.0.0:39552, s1:0.0.0.0:42687, s2:0.0.0.0:42535] with BaseStateMachine:uninitialized
2019-09-26 13:53:10,422 INFO  server.RaftServerConfigKeys (ConfUtils.java:logGet(43)) - raft.server.rpc.timeout.min = 150ms (default)
2019-09-26 13:53:10,422 INFO  ratis.MiniRaftCluster (MiniRaftCluster.java:newRaftServer(330)) - newRaftServer: s2, group-1CE3CBD1CDAC:[s0:0.0.0.0:39552, s1:0.0.0.0:42687, s2:0.0.0.0:42535], format? true
2019-09-26 13:53:10,422 INFO  server.RaftServerConfigKeys (ConfUtils.java:logGet(43)) - raft.server.rpc.timeout.max = 300ms (default)
2019-09-26 13:53:10,422 TRACE util.FileUtils (FileUtils.java:deleteFully(88)) - deleteFully target/test/data/6a0c724f/MiniRaftClusterWithNetty3c4332a1/s2
2019-09-26 13:53:10,422 INFO  server.RaftServerConfigKeys (ConfUtils.java:logGet(43)) - raft.server.rpcslowness.timeout = 60s (default)
2019-09-26 13:53:10,422 INFO  server.RaftServerConfigKeys (ConfUtils.java:logGet(43)) - raft.server.sleep.deviation.threshold = 300 (default)
2019-09-26 13:53:10,422 TRACE util.FileUtils (FileUtils.java:deleteFully(104)) - deleteFully: target/test/data/6a0c724f/MiniRaftClusterWithNetty3c4332a1/s2 does not exist.
2019-09-26 13:53:10,422 INFO  server.RaftServerConfigKeys (ConfUtils.java:logGet(43)) - raft.server.log.appender.install.snapshot.enabled = true (default)
2019-09-26 13:53:10,423 INFO  ratis.MiniRaftCluster (MiniRaftCluster.java:newRaftServer(335)) - Formatted directory target/test/data/6a0c724f/MiniRaftClusterWithNetty3c4332a1/s2
2019-09-26 13:53:10,423 INFO  impl.RaftServerImpl (ServerState.java:<init>(103)) - s1@group-1CE3CBD1CDAC: ConfigurationManager, init=-1: [s0:0.0.0.0:39552, s1:0.0.0.0:42687, s2:0.0.0.0:42535], old=null, confs=<EMPTY_MAP>
2019-09-26 13:53:10,423 INFO  server.RaftServerConfigKeys (ConfUtils.java:logGet(43)) - raft.server.storage.dir = [/workdir/ratis-test/target/test/data/6a0c724f/MiniRaftClusterWithNetty3c4332a1/s1] (custom)
2019-09-26 13:53:10,423 INFO  impl.RaftServerProxy (ConfUtils.java:logGet(43)) - raft.rpc.type = NETTY (custom)
2019-09-26 13:53:10,423 INFO  server.RaftServerConfigKeys (ConfUtils.java:logGet(43)) - raft.server.log.corruption.policy = EXCEPTION (default)
2019-09-26 13:53:10,424 INFO  storage.RaftStorageDirectory (RaftStorageDirectory.java:analyzeStorage(246)) - The storage directory /workdir/ratis-test/target/test/data/6a0c724f/MiniRaftClusterWithNetty3c4332a1/s1/fc8e5846-91e5-460c-9520-1ce3cbd1cdac does not exist. Creating ...
2019-09-26 13:53:10,424 TRACE util.FileUtils (LogUtils.java:runAndLog(61)) - Successfully ran Files.createDirectories /workdir/ratis-test/target/test/data/6a0c724f/MiniRaftClusterWithNetty3c4332a1/s1/fc8e5846-91e5-460c-9520-1ce3cbd1cdac
2019-09-26 13:53:10,426 INFO  netty.NettyConfigKeys$Server (ConfUtils.java:logGet(43)) - raft.netty.server.port = 42535 (custom)
2019-09-26 13:53:10,427 INFO  server.RaftServerConfigKeys (ConfUtils.java:logGet(43)) - raft.server.storage.dir = [/workdir/ratis-test/target/test/data/6a0c724f/MiniRaftClusterWithNetty3c4332a1/s2] (custom)
2019-09-26 13:53:10,427 INFO  logging.LoggingHandler (AbstractInternalLogger.java:log(150)) - [id: 0x73663a47] REGISTERED
2019-09-26 13:53:10,428 INFO  logging.LoggingHandler (AbstractInternalLogger.java:log(150)) - [id: 0x73663a47] BIND: 0.0.0.0/0.0.0.0:42535
2019-09-26 13:53:10,428 INFO  impl.RaftServerProxy (RaftServerProxy.java:addNew(89)) - s2: addNew group-1CE3CBD1CDAC:[s0:0.0.0.0:39552, s1:0.0.0.0:42687, s2:0.0.0.0:42535] returns group-1CE3CBD1CDAC:java.util.concurrent.CompletableFuture@370bdd8[Not completed]
2019-09-26 13:53:10,428 INFO  logging.LoggingHandler (AbstractInternalLogger.java:log(150)) - [id: 0x73663a47, L:/0.0.0.0:42535] ACTIVE
2019-09-26 13:53:10,429 INFO  impl.RaftServerImpl (RaftServerImpl.java:<init>(95)) - s2: new RaftServerImpl for group-1CE3CBD1CDAC:[s0:0.0.0.0:39552, s1:0.0.0.0:42687, s2:0.0.0.0:42535] with BaseStateMachine:uninitialized
2019-09-26 13:53:10,429 INFO  server.RaftServerConfigKeys (ConfUtils.java:logGet(43)) - raft.server.rpc.timeout.min = 150ms (default)
2019-09-26 13:53:10,429 INFO  server.RaftServerConfigKeys (ConfUtils.java:logGet(43)) - raft.server.rpc.timeout.max = 300ms (default)
2019-09-26 13:53:10,429 INFO  server.RaftServerConfigKeys (ConfUtils.java:logGet(43)) - raft.server.rpcslowness.timeout = 60s (default)
2019-09-26 13:53:10,429 INFO  server.RaftServerConfigKeys (ConfUtils.java:logGet(43)) - raft.server.sleep.deviation.threshold = 300 (default)
2019-09-26 13:53:10,429 INFO  server.RaftServerConfigKeys (ConfUtils.java:logGet(43)) - raft.server.log.appender.install.snapshot.enabled = true (default)
2019-09-26 13:53:10,429 INFO  impl.RaftServerImpl (ServerState.java:<init>(103)) - s2@group-1CE3CBD1CDAC: ConfigurationManager, init=-1: [s0:0.0.0.0:39552, s1:0.0.0.0:42687, s2:0.0.0.0:42535], old=null, confs=<EMPTY_MAP>
2019-09-26 13:53:10,430 INFO  server.RaftServerConfigKeys (ConfUtils.java:logGet(43)) - raft.server.storage.dir = [/workdir/ratis-test/target/test/data/6a0c724f/MiniRaftClusterWithNetty3c4332a1/s2] (custom)
2019-09-26 13:53:10,430 INFO  server.RaftServerConfigKeys (ConfUtils.java:logGet(43)) - raft.server.log.corruption.policy = EXCEPTION (default)
2019-09-26 13:53:10,430 INFO  storage.RaftStorageDirectory (RaftStorageDirectory.java:analyzeStorage(246)) - The storage directory /workdir/ratis-test/target/test/data/6a0c724f/MiniRaftClusterWithNetty3c4332a1/s2/fc8e5846-91e5-460c-9520-1ce3cbd1cdac does not exist. Creating ...
2019-09-26 13:53:10,430 INFO  storage.RaftStorageDirectory (RaftStorageDirectory.java:tryLock(328)) - Lock on /workdir/ratis-test/target/test/data/6a0c724f/MiniRaftClusterWithNetty3c4332a1/s0/fc8e5846-91e5-460c-9520-1ce3cbd1cdac/in_use.lock acquired by nodename 8670@ratis-test-vpfcj-1787858657
2019-09-26 13:53:10,431 TRACE util.FileUtils (LogUtils.java:runAndLog(61)) - Successfully ran Files.createDirectories /workdir/ratis-test/target/test/data/6a0c724f/MiniRaftClusterWithNetty3c4332a1/s2/fc8e5846-91e5-460c-9520-1ce3cbd1cdac
2019-09-26 13:53:10,430 INFO  storage.RaftStorageDirectory (RaftStorageDirectory.java:tryLock(328)) - Lock on /workdir/ratis-test/target/test/data/6a0c724f/MiniRaftClusterWithNetty3c4332a1/s1/fc8e5846-91e5-460c-9520-1ce3cbd1cdac/in_use.lock acquired by nodename 8670@ratis-test-vpfcj-1787858657
2019-09-26 13:53:10,431 TRACE util.FileUtils (LogUtils.java:runAndLog(61)) - Successfully ran Files.createDirectories /workdir/ratis-test/target/test/data/6a0c724f/MiniRaftClusterWithNetty3c4332a1/s0/fc8e5846-91e5-460c-9520-1ce3cbd1cdac/current
2019-09-26 13:53:10,431 TRACE util.FileUtils (LogUtils.java:runAndLog(61)) - Successfully ran Files.createDirectories /workdir/ratis-test/target/test/data/6a0c724f/MiniRaftClusterWithNetty3c4332a1/s1/fc8e5846-91e5-460c-9520-1ce3cbd1cdac/current
2019-09-26 13:53:10,431 TRACE util.FileUtils (LogUtils.java:runAndLog(61)) - Successfully ran Files.createDirectories /workdir/ratis-test/target/test/data/6a0c724f/MiniRaftClusterWithNetty3c4332a1/s0/fc8e5846-91e5-460c-9520-1ce3cbd1cdac/sm
2019-09-26 13:53:10,431 TRACE util.FileUtils (LogUtils.java:runAndLog(61)) - Successfully ran Files.createDirectories /workdir/ratis-test/target/test/data/6a0c724f/MiniRaftClusterWithNetty3c4332a1/s1/fc8e5846-91e5-460c-9520-1ce3cbd1cdac/sm
2019-09-26 13:53:10,456 INFO  storage.RaftStorageDirectory (RaftStorageDirectory.java:tryLock(328)) - Lock on /workdir/ratis-test/target/test/data/6a0c724f/MiniRaftClusterWithNetty3c4332a1/s2/fc8e5846-91e5-460c-9520-1ce3cbd1cdac/in_use.lock acquired by nodename 8670@ratis-test-vpfcj-1787858657
2019-09-26 13:53:10,456 INFO  storage.RaftStorage (RaftStorage.java:format(84)) - Storage directory /workdir/ratis-test/target/test/data/6a0c724f/MiniRaftClusterWithNetty3c4332a1/s0/fc8e5846-91e5-460c-9520-1ce3cbd1cdac has been successfully formatted.
2019-09-26 13:53:10,456 INFO  storage.RaftStorage (RaftStorage.java:format(84)) - Storage directory /workdir/ratis-test/target/test/data/6a0c724f/MiniRaftClusterWithNetty3c4332a1/s1/fc8e5846-91e5-460c-9520-1ce3cbd1cdac has been successfully formatted.
2019-09-26 13:53:10,456 INFO  server.RaftServerConfigKeys (ConfUtils.java:logGet(43)) - raft.server.notification.no-leader.timeout = 60s (default)
2019-09-26 13:53:10,457 INFO  server.RaftServerConfigKeys (ConfUtils.java:logGet(43)) - raft.server.notification.no-leader.timeout = 60s (default)
2019-09-26 13:53:10,457 TRACE util.FileUtils (LogUtils.java:runAndLog(61)) - Successfully ran Files.createDirectories /workdir/ratis-test/target/test/data/6a0c724f/MiniRaftClusterWithNetty3c4332a1/s2/fc8e5846-91e5-460c-9520-1ce3cbd1cdac/current
2019-09-26 13:53:10,457 INFO  server.RaftServerConfigKeys (ConfUtils.java:logGet(43)) - raft.server.log.use.memory = false (default)
2019-09-26 13:53:10,457 TRACE util.FileUtils (LogUtils.java:runAndLog(61)) - Successfully ran Files.createDirectories /workdir/ratis-test/target/test/data/6a0c724f/MiniRaftClusterWithNetty3c4332a1/s2/fc8e5846-91e5-460c-9520-1ce3cbd1cdac/sm
2019-09-26 13:53:10,457 INFO  server.RaftServerConfigKeys (ConfUtils.java:logGet(43)) - raft.server.log.use.memory = false (default)
2019-09-26 13:53:10,457 INFO  server.RaftServerConfigKeys (ConfUtils.java:logGet(43)) - raft.server.log.purge.gap = 1024 (default)
2019-09-26 13:53:10,457 INFO  server.RaftServerConfigKeys (ConfUtils.java:logGet(43)) - raft.server.log.purge.gap = 1024 (default)
2019-09-26 13:53:10,457 INFO  server.RaftServerConfigKeys (ConfUtils.java:logGet(43)) - raft.server.log.appender.buffer.byte-limit = 4KB (=4096) (custom)
2019-09-26 13:53:10,457 INFO  server.RaftServerConfigKeys (ConfUtils.java:logGet(43)) - raft.server.log.appender.buffer.byte-limit = 4KB (=4096) (custom)
2019-09-26 13:53:10,458 INFO  server.RaftServerConfigKeys (ConfUtils.java:logGet(43)) - raft.server.log.segment.size.max = 8MB (=8388608) (default)
2019-09-26 13:53:10,458 INFO  server.RaftServerConfigKeys (ConfUtils.java:logGet(43)) - raft.server.log.segment.size.max = 8MB (=8388608) (default)
2019-09-26 13:53:10,458 INFO  server.RaftServerConfigKeys (ConfUtils.java:logGet(43)) - raft.server.log.segment.cache.num.max = 6 (default)
2019-09-26 13:53:10,458 INFO  server.RaftServerConfigKeys (ConfUtils.java:logGet(43)) - raft.server.log.segment.cache.num.max = 6 (default)
2019-09-26 13:53:10,458 INFO  segmented.SegmentedRaftLogWorker (SegmentedRaftLogWorker.java:<init>(172)) - new s1@group-1CE3CBD1CDAC-SegmentedRaftLogWorker for RaftStorage:Storage Directory /workdir/ratis-test/target/test/data/6a0c724f/MiniRaftClusterWithNetty3c4332a1/s1/fc8e5846-91e5-460c-9520-1ce3cbd1cdac
2019-09-26 13:53:10,458 INFO  segmented.SegmentedRaftLogWorker (SegmentedRaftLogWorker.java:<init>(172)) - new s0@group-1CE3CBD1CDAC-SegmentedRaftLogWorker for RaftStorage:Storage Directory /workdir/ratis-test/target/test/data/6a0c724f/MiniRaftClusterWithNetty3c4332a1/s0/fc8e5846-91e5-460c-9520-1ce3cbd1cdac
2019-09-26 13:53:10,458 INFO  server.RaftServerConfigKeys (ConfUtils.java:logGet(43)) - raft.server.log.queue.byte-limit = 64MB (=67108864) (default)
2019-09-26 13:53:10,458 INFO  server.RaftServerConfigKeys (ConfUtils.java:logGet(43)) - raft.server.log.queue.byte-limit = 64MB (=67108864) (default)
2019-09-26 13:53:10,458 INFO  server.RaftServerConfigKeys (ConfUtils.java:logGet(43)) - raft.server.log.queue.element-limit = 4096 (default)
2019-09-26 13:53:10,458 INFO  server.RaftServerConfigKeys (ConfUtils.java:logGet(43)) - raft.server.log.queue.element-limit = 4096 (default)
2019-09-26 13:53:10,458 INFO  server.RaftServerConfigKeys (ConfUtils.java:logGet(43)) - raft.server.log.segment.size.max = 8MB (=8388608) (default)
2019-09-26 13:53:10,459 INFO  server.RaftServerConfigKeys (ConfUtils.java:logGet(43)) - raft.server.log.segment.size.max = 8MB (=8388608) (default)
2019-09-26 13:53:10,459 INFO  server.RaftServerConfigKeys (ConfUtils.java:logGet(43)) - raft.server.log.preallocated.size = 4MB (=4194304) (default)
2019-09-26 13:53:10,459 INFO  server.RaftServerConfigKeys (ConfUtils.java:logGet(43)) - raft.server.log.preallocated.size = 4MB (=4194304) (default)
2019-09-26 13:53:10,459 INFO  server.RaftServerConfigKeys (ConfUtils.java:logGet(43)) - raft.server.log.write.buffer.size = 64KB (=65536) (default)
2019-09-26 13:53:10,459 INFO  server.RaftServerConfigKeys (ConfUtils.java:logGet(43)) - raft.server.log.write.buffer.size = 64KB (=65536) (default)
2019-09-26 13:53:10,459 INFO  server.RaftServerConfigKeys (ConfUtils.java:logGet(43)) - raft.server.log.force.sync.num = 128 (default)
2019-09-26 13:53:10,459 INFO  server.RaftServerConfigKeys (ConfUtils.java:logGet(43)) - raft.server.log.force.sync.num = 128 (default)
2019-09-26 13:53:10,459 INFO  server.RaftServerConfigKeys (ConfUtils.java:logGet(43)) - raft.server.log.statemachine.data.sync = true (default)
2019-09-26 13:53:10,459 INFO  server.RaftServerConfigKeys (ConfUtils.java:logGet(43)) - raft.server.log.statemachine.data.sync = true (default)
2019-09-26 13:53:10,459 INFO  server.RaftServerConfigKeys (ConfUtils.java:logGet(43)) - raft.server.log.statemachine.data.sync.timeout = 10s (default)
2019-09-26 13:53:10,459 INFO  server.RaftServerConfigKeys (ConfUtils.java:logGet(43)) - raft.server.log.statemachine.data.sync.timeout = 10s (default)
2019-09-26 13:53:10,459 INFO  server.RaftServerConfigKeys (ConfUtils.java:logGet(43)) - raft.server.log.statemachine.data.sync.timeout.retry = -1 (default)
2019-09-26 13:53:10,460 INFO  server.RaftServerConfigKeys (ConfUtils.java:logGet(43)) - raft.server.log.statemachine.data.sync.timeout.retry = -1 (default)
2019-09-26 13:53:10,460 INFO  server.RaftServerConfigKeys (ConfUtils.java:logGet(43)) - raft.server.log.statemachine.data.caching.enabled = false (default)
2019-09-26 13:53:10,460 INFO  server.RaftServerConfigKeys (ConfUtils.java:logGet(43)) - raft.server.log.statemachine.data.caching.enabled = false (default)
2019-09-26 13:53:10,460 INFO  segmented.SegmentedRaftLogWorker (SegmentedRaftLogWorker.java:lambda$new$0(132)) - s1@group-1CE3CBD1CDAC-SegmentedRaftLogWorker: flushIndex: setUnconditionally 0 -> -1
2019-09-26 13:53:10,460 INFO  segmented.SegmentedRaftLogWorker (SegmentedRaftLogWorker.java:lambda$new$0(132)) - s0@group-1CE3CBD1CDAC-SegmentedRaftLogWorker: flushIndex: setUnconditionally 0 -> -1
2019-09-26 13:53:10,460 INFO  server.RaftServerConfigKeys (ConfUtils.java:logGet(43)) - raft.server.snapshot.auto.trigger.enabled = false (default)
2019-09-26 13:53:10,460 INFO  server.RaftServerConfigKeys (ConfUtils.java:logGet(43)) - raft.server.snapshot.auto.trigger.enabled = false (default)
2019-09-26 13:53:10,460 INFO  server.RaftServerConfigKeys (ConfUtils.java:logGet(43)) - raft.server.snapshot.retention.file.num = -1 (default)
2019-09-26 13:53:10,460 INFO  server.RaftServerConfigKeys (ConfUtils.java:logGet(43)) - raft.server.snapshot.retention.file.num = -1 (default)
2019-09-26 13:53:10,461 INFO  server.RaftServerConfigKeys (ConfUtils.java:logGet(43)) - raft.server.retrycache.expirytime = 60s (default)
2019-09-26 13:53:10,461 INFO  server.RaftServerConfigKeys (ConfUtils.java:logGet(43)) - raft.server.retrycache.expirytime = 60s (default)
2019-09-26 13:53:10,464 INFO  impl.RaftServerImpl (RaftServerImpl.java:start(181)) - s0@group-1CE3CBD1CDAC: start as a follower, conf=-1: [s0:0.0.0.0:39552, s1:0.0.0.0:42687, s2:0.0.0.0:42535], old=null
2019-09-26 13:53:10,464 INFO  impl.RaftServerImpl (RaftServerImpl.java:setRole(170)) - s0@group-1CE3CBD1CDAC: changes role from      null to FOLLOWER at term 0 for startAsFollower
2019-09-26 13:53:10,464 INFO  impl.RoleInfo (RoleInfo.java:updateAndGet(143)) - s0: start FollowerState
2019-09-26 13:53:10,465 INFO  util.JmxRegister (JmxRegister.java:tryRegister(44)) - Successfully registered JMX Bean with object name Ratis:service=RaftServer,group=group-1CE3CBD1CDAC,id=s0
2019-09-26 13:53:10,468 INFO  impl.RaftServerProxy (RaftServerProxy.java:lambda$start$3(299)) - s0: start RPC server
2019-09-26 13:53:10,469 INFO  impl.RaftServerImpl (RaftServerImpl.java:start(181)) - s1@group-1CE3CBD1CDAC: start as a follower, conf=-1: [s0:0.0.0.0:39552, s1:0.0.0.0:42687, s2:0.0.0.0:42535], old=null
2019-09-26 13:53:10,469 INFO  impl.RaftServerImpl (RaftServerImpl.java:setRole(170)) - s1@group-1CE3CBD1CDAC: changes role from      null to FOLLOWER at term 0 for startAsFollower
2019-09-26 13:53:10,469 INFO  impl.RoleInfo (RoleInfo.java:updateAndGet(143)) - s1: start FollowerState
2019-09-26 13:53:10,470 INFO  util.JmxRegister (JmxRegister.java:tryRegister(44)) - Successfully registered JMX Bean with object name Ratis:service=RaftServer,group=group-1CE3CBD1CDAC,id=s1
2019-09-26 13:53:10,474 INFO  impl.RaftServerProxy (RaftServerProxy.java:lambda$start$3(299)) - s1: start RPC server
2019-09-26 13:53:10,516 INFO  storage.RaftStorage (RaftStorage.java:format(84)) - Storage directory /workdir/ratis-test/target/test/data/6a0c724f/MiniRaftClusterWithNetty3c4332a1/s2/fc8e5846-91e5-460c-9520-1ce3cbd1cdac has been successfully formatted.
2019-09-26 13:53:10,517 INFO  server.RaftServerConfigKeys (ConfUtils.java:logGet(43)) - raft.server.notification.no-leader.timeout = 60s (default)
2019-09-26 13:53:10,517 INFO  server.RaftServerConfigKeys (ConfUtils.java:logGet(43)) - raft.server.log.use.memory = false (default)
2019-09-26 13:53:10,517 INFO  server.RaftServerConfigKeys (ConfUtils.java:logGet(43)) - raft.server.log.purge.gap = 1024 (default)
2019-09-26 13:53:10,517 INFO  server.RaftServerConfigKeys (ConfUtils.java:logGet(43)) - raft.server.log.appender.buffer.byte-limit = 4KB (=4096) (custom)
2019-09-26 13:53:10,518 INFO  server.RaftServerConfigKeys (ConfUtils.java:logGet(43)) - raft.server.log.segment.size.max = 8MB (=8388608) (default)
2019-09-26 13:53:10,518 INFO  server.RaftServerConfigKeys (ConfUtils.java:logGet(43)) - raft.server.log.segment.cache.num.max = 6 (default)
2019-09-26 13:53:10,518 INFO  segmented.SegmentedRaftLogWorker (SegmentedRaftLogWorker.java:<init>(172)) - new s2@group-1CE3CBD1CDAC-SegmentedRaftLogWorker for RaftStorage:Storage Directory /workdir/ratis-test/target/test/data/6a0c724f/MiniRaftClusterWithNetty3c4332a1/s2/fc8e5846-91e5-460c-9520-1ce3cbd1cdac
2019-09-26 13:53:10,518 INFO  server.RaftServerConfigKeys (ConfUtils.java:logGet(43)) - raft.server.log.queue.byte-limit = 64MB (=67108864) (default)
2019-09-26 13:53:10,518 INFO  server.RaftServerConfigKeys (ConfUtils.java:logGet(43)) - raft.server.log.queue.element-limit = 4096 (default)
2019-09-26 13:53:10,519 INFO  server.RaftServerConfigKeys (ConfUtils.java:logGet(43)) - raft.server.log.segment.size.max = 8MB (=8388608) (default)
2019-09-26 13:53:10,519 INFO  server.RaftServerConfigKeys (ConfUtils.java:logGet(43)) - raft.server.log.preallocated.size = 4MB (=4194304) (default)
2019-09-26 13:53:10,519 INFO  server.RaftServerConfigKeys (ConfUtils.java:logGet(43)) - raft.server.log.write.buffer.size = 64KB (=65536) (default)
2019-09-26 13:53:10,519 INFO  server.RaftServerConfigKeys (ConfUtils.java:logGet(43)) - raft.server.log.force.sync.num = 128 (default)
2019-09-26 13:53:10,519 INFO  server.RaftServerConfigKeys (ConfUtils.java:logGet(43)) - raft.server.log.statemachine.data.sync = true (default)
2019-09-26 13:53:10,519 INFO  server.RaftServerConfigKeys (ConfUtils.java:logGet(43)) - raft.server.log.statemachine.data.sync.timeout = 10s (default)
2019-09-26 13:53:10,520 INFO  server.RaftServerConfigKeys (ConfUtils.java:logGet(43)) - raft.server.log.statemachine.data.sync.timeout.retry = -1 (default)
2019-09-26 13:53:10,520 INFO  server.RaftServerConfigKeys (ConfUtils.java:logGet(43)) - raft.server.log.statemachine.data.caching.enabled = false (default)
2019-09-26 13:53:10,520 INFO  segmented.SegmentedRaftLogWorker (SegmentedRaftLogWorker.java:lambda$new$0(132)) - s2@group-1CE3CBD1CDAC-SegmentedRaftLogWorker: flushIndex: setUnconditionally 0 -> -1
2019-09-26 13:53:10,521 INFO  server.RaftServerConfigKeys (ConfUtils.java:logGet(43)) - raft.server.snapshot.auto.trigger.enabled = false (default)
2019-09-26 13:53:10,521 INFO  server.RaftServerConfigKeys (ConfUtils.java:logGet(43)) - raft.server.snapshot.retention.file.num = -1 (default)
2019-09-26 13:53:10,521 INFO  server.RaftServerConfigKeys (ConfUtils.java:logGet(43)) - raft.server.retrycache.expirytime = 60s (default)
2019-09-26 13:53:10,524 INFO  impl.RaftServerImpl (RaftServerImpl.java:start(181)) - s2@group-1CE3CBD1CDAC: start as a follower, conf=-1: [s0:0.0.0.0:39552, s1:0.0.0.0:42687, s2:0.0.0.0:42535], old=null
2019-09-26 13:53:10,525 INFO  impl.RaftServerImpl (RaftServerImpl.java:setRole(170)) - s2@group-1CE3CBD1CDAC: changes role from      null to FOLLOWER at term 0 for startAsFollower
2019-09-26 13:53:10,525 INFO  impl.RoleInfo (RoleInfo.java:updateAndGet(143)) - s2: start FollowerState
2019-09-26 13:53:10,525 INFO  util.JmxRegister (JmxRegister.java:tryRegister(44)) - Successfully registered JMX Bean with object name Ratis:service=RaftServer,group=group-1CE3CBD1CDAC,id=s2
2019-09-26 13:53:10,529 INFO  impl.RaftServerProxy (RaftServerProxy.java:lambda$start$3(299)) - s2: start RPC server
2019-09-26 13:53:10,529 INFO  server.RaftServerConfigKeys (ConfUtils.java:logGet(43)) - raft.server.rpc.timeout.max = 300ms (default)
2019-09-26 13:53:10,530 INFO  ratis.RaftTestUtil (RaftTestUtil.java:waitForLeader(86)) - printing ALL groups
  s0:  RUNNING  FOLLOWER s0@group-1CE3CBD1CDAC:t0, leader=null, voted=null, raftlog=s0@group-1CE3CBD1CDAC-SegmentedRaftLog:OPENED:c-1,f-1,i0, conf=-1: [s0:0.0.0.0:39552, s1:0.0.0.0:42687, s2:0.0.0.0:42535], old=null RUNNING
  s1:  RUNNING  FOLLOWER s1@group-1CE3CBD1CDAC:t0, leader=null, voted=null, raftlog=s1@group-1CE3CBD1CDAC-SegmentedRaftLog:OPENED:c-1,f-1,i0, conf=-1: [s0:0.0.0.0:39552, s1:0.0.0.0:42687, s2:0.0.0.0:42535], old=null RUNNING
  s2:  RUNNING  FOLLOWER s2@group-1CE3CBD1CDAC:t0, leader=null, voted=null, raftlog=s2@group-1CE3CBD1CDAC-SegmentedRaftLog:OPENED:c-1,f-1,i0, conf=-1: [s0:0.0.0.0:39552, s1:0.0.0.0:42687, s2:0.0.0.0:42535], old=null RUNNING
2019-09-26 13:53:10,530 WARN  ratis.RaftTestUtil (JavaUtils.java:attempt(158)) - FAILED "waitForLeader-null-(expectLeader? true)", attempt #1/100: java.lang.IllegalStateException: No leader yet : printing ALL groups
  s0:  RUNNING  FOLLOWER s0@group-1CE3CBD1CDAC:t0, leader=null, voted=null, raftlog=s0@group-1CE3CBD1CDAC-SegmentedRaftLog:OPENED:c-1,f-1,i0, conf=-1: [s0:0.0.0.0:39552, s1:0.0.0.0:42687, s2:0.0.0.0:42535], old=null RUNNING
  s1:  RUNNING  FOLLOWER s1@group-1CE3CBD1CDAC:t0, leader=null, voted=null, raftlog=s1@group-1CE3CBD1CDAC-SegmentedRaftLog:OPENED:c-1,f-1,i0, conf=-1: [s0:0.0.0.0:39552, s1:0.0.0.0:42687, s2:0.0.0.0:42535], old=null RUNNING
  s2:  RUNNING  FOLLOWER s2@group-1CE3CBD1CDAC:t0, leader=null, voted=null, raftlog=s2@group-1CE3CBD1CDAC-SegmentedRaftLog:OPENED:c-1,f-1,i0, conf=-1: [s0:0.0.0.0:39552, s1:0.0.0.0:42687, s2:0.0.0.0:42535], old=null RUNNING, sleep 450ms and then retry.
java.lang.IllegalStateException: No leader yet : printing ALL groups
  s0:  RUNNING  FOLLOWER s0@group-1CE3CBD1CDAC:t0, leader=null, voted=null, raftlog=s0@group-1CE3CBD1CDAC-SegmentedRaftLog:OPENED:c-1,f-1,i0, conf=-1: [s0:0.0.0.0:39552, s1:0.0.0.0:42687, s2:0.0.0.0:42535], old=null RUNNING
  s1:  RUNNING  FOLLOWER s1@group-1CE3CBD1CDAC:t0, leader=null, voted=null, raftlog=s1@group-1CE3CBD1CDAC-SegmentedRaftLog:OPENED:c-1,f-1,i0, conf=-1: [s0:0.0.0.0:39552, s1:0.0.0.0:42687, s2:0.0.0.0:42535], old=null RUNNING
  s2:  RUNNING  FOLLOWER s2@group-1CE3CBD1CDAC:t0, leader=null, voted=null, raftlog=s2@group-1CE3CBD1CDAC-SegmentedRaftLog:OPENED:c-1,f-1,i0, conf=-1: [s0:0.0.0.0:39552, s1:0.0.0.0:42687, s2:0.0.0.0:42535], old=null RUNNING
	at org.apache.ratis.MiniRaftCluster.newIllegalStateExceptionForNoLeaders(MiniRaftCluster.java:506)
	at org.apache.ratis.RaftTestUtil.lambda$waitForLeader$1(RaftTestUtil.java:90)
	at org.apache.ratis.MiniRaftCluster.getLeader(MiniRaftCluster.java:539)
	at org.apache.ratis.MiniRaftCluster.getLeader(MiniRaftCluster.java:532)
	at org.apache.ratis.RaftTestUtil.lambda$waitForLeader$3(RaftTestUtil.java:98)
	at org.apache.ratis.util.JavaUtils.attempt(JavaUtils.java:152)
	at org.apache.ratis.RaftTestUtil.waitForLeader(RaftTestUtil.java:97)
	at org.apache.ratis.RaftTestUtil.waitForLeader(RaftTestUtil.java:77)
	at org.apache.ratis.RaftTestUtil.waitForLeader(RaftTestUtil.java:72)
	at org.apache.ratis.RaftExceptionBaseTest.runTestNotLeaderExceptionWithReconf(RaftExceptionBaseTest.java:113)
	at org.apache.ratis.MiniRaftCluster$Factory$Get.runWithNewCluster(MiniRaftCluster.java:125)
	at org.apache.ratis.MiniRaftCluster$Factory$Get.runWithNewCluster(MiniRaftCluster.java:113)
	at org.apache.ratis.RaftExceptionBaseTest.testNotLeaderExceptionWithReconf(RaftExceptionBaseTest.java:109)
	at sun.reflect.NativeMethodAccessorImpl.invoke0(Native Method)
	at sun.reflect.NativeMethodAccessorImpl.invoke(NativeMethodAccessorImpl.java:62)
	at sun.reflect.DelegatingMethodAccessorImpl.invoke(DelegatingMethodAccessorImpl.java:43)
	at java.lang.reflect.Method.invoke(Method.java:498)
	at org.junit.runners.model.FrameworkMethod$1.runReflectiveCall(FrameworkMethod.java:50)
	at org.junit.internal.runners.model.ReflectiveCallable.run(ReflectiveCallable.java:12)
	at org.junit.runners.model.FrameworkMethod.invokeExplosively(FrameworkMethod.java:47)
	at org.junit.internal.runners.statements.InvokeMethod.evaluate(InvokeMethod.java:17)
	at org.junit.internal.runners.statements.RunAfters.evaluate(RunAfters.java:27)
	at org.junit.internal.runners.statements.FailOnTimeout$CallableStatement.call(FailOnTimeout.java:298)
	at org.junit.internal.runners.statements.FailOnTimeout$CallableStatement.call(FailOnTimeout.java:292)
	at java.util.concurrent.FutureTask.run(FutureTask.java:266)
	at java.lang.Thread.run(Thread.java:748)
2019-09-26 13:53:10,663 INFO  impl.FollowerState (FollowerState.java:run(108)) - s1@group-1CE3CBD1CDAC-FollowerState: change to CANDIDATE, lastRpcTime:193ms, electionTimeout:193ms
2019-09-26 13:53:10,664 INFO  impl.RoleInfo (RoleInfo.java:shutdownFollowerState(121)) - s1: shutdown FollowerState
2019-09-26 13:53:10,664 INFO  impl.RaftServerImpl (RaftServerImpl.java:setRole(170)) - s1@group-1CE3CBD1CDAC: changes role from  FOLLOWER to CANDIDATE at term 0 for changeToCandidate
2019-09-26 13:53:10,665 INFO  impl.RoleInfo (RoleInfo.java:updateAndGet(143)) - s1: start LeaderElection
2019-09-26 13:53:10,680 INFO  impl.LeaderElection (LeaderElection.java:askForVotes(178)) - s1@group-1CE3CBD1CDAC-LeaderElection14: begin an election at term 1 for -1: [s0:0.0.0.0:39552, s1:0.0.0.0:42687, s2:0.0.0.0:42535], old=null
2019-09-26 13:53:10,687 INFO  logging.LoggingHandler (AbstractInternalLogger.java:log(150)) - [id: 0x73663a47, L:/0.0.0.0:42535] READ: [id: 0x3f71eba5, L:/192.168.151.68:42535 - R:/192.168.151.68:50066]
2019-09-26 13:53:10,687 INFO  logging.LoggingHandler (AbstractInternalLogger.java:log(150)) - [id: 0xc12d740d, L:/0.0.0.0:39552] READ: [id: 0x88310cc2, L:/192.168.151.68:39552 - R:/192.168.151.68:43672]
2019-09-26 13:53:10,687 INFO  logging.LoggingHandler (AbstractInternalLogger.java:log(150)) - [id: 0x73663a47, L:/0.0.0.0:42535] READ COMPLETE
2019-09-26 13:53:10,687 INFO  logging.LoggingHandler (AbstractInternalLogger.java:log(150)) - [id: 0xc12d740d, L:/0.0.0.0:39552] READ COMPLETE
2019-09-26 13:53:10,714 INFO  impl.FollowerState (FollowerState.java:run(108)) - s0@group-1CE3CBD1CDAC-FollowerState: change to CANDIDATE, lastRpcTime:250ms, electionTimeout:227ms
2019-09-26 13:53:10,715 INFO  impl.RoleInfo (RoleInfo.java:shutdownFollowerState(121)) - s0: shutdown FollowerState
2019-09-26 13:53:10,715 INFO  impl.RaftServerImpl (RaftServerImpl.java:setRole(170)) - s0@group-1CE3CBD1CDAC: changes role from  FOLLOWER to CANDIDATE at term 0 for changeToCandidate
2019-09-26 13:53:10,715 DEBUG impl.RaftServerImpl (RaftServerImpl.java:requestVote(743)) - s2@group-1CE3CBD1CDAC: receive requestVote(s1, group-1CE3CBD1CDAC, 1, (t:0, i:0))
2019-09-26 13:53:10,715 INFO  impl.RoleInfo (RoleInfo.java:updateAndGet(143)) - s0: start LeaderElection
2019-09-26 13:53:10,715 DEBUG impl.RaftServerImpl (RaftServerImpl.java:requestVote(743)) - s0@group-1CE3CBD1CDAC: receive requestVote(s1, group-1CE3CBD1CDAC, 1, (t:0, i:0))
2019-09-26 13:53:10,715 INFO  impl.RaftServerImpl (RaftServerImpl.java:setRole(170)) - s2@group-1CE3CBD1CDAC: changes role from  FOLLOWER to FOLLOWER at term 1 for recognizeCandidate:s1
2019-09-26 13:53:10,716 INFO  impl.RoleInfo (RoleInfo.java:shutdownFollowerState(121)) - s2: shutdown FollowerState
2019-09-26 13:53:10,732 INFO  impl.FollowerState (FollowerState.java:run(117)) - s2@group-1CE3CBD1CDAC-FollowerState was interrupted: java.lang.InterruptedException: sleep interrupted
2019-09-26 13:53:10,732 INFO  impl.RoleInfo (RoleInfo.java:updateAndGet(143)) - s2: start FollowerState
2019-09-26 13:53:10,749 INFO  impl.LeaderElection (LeaderElection.java:askForVotes(178)) - s0@group-1CE3CBD1CDAC-LeaderElection15: begin an election at term 1 for -1: [s0:0.0.0.0:39552, s1:0.0.0.0:42687, s2:0.0.0.0:42535], old=null
2019-09-26 13:53:10,749 DEBUG impl.RaftServerImpl (RaftServerImpl.java:requestVote(775)) - s0@group-1CE3CBD1CDAC replies to vote request: s1<-s0#0:FAIL-t1. Peer's state: s0@group-1CE3CBD1CDAC:t1, leader=null, voted=s0, raftlog=s0@group-1CE3CBD1CDAC-SegmentedRaftLog:OPENED:c-1,f-1,i0, conf=-1: [s0:0.0.0.0:39552, s1:0.0.0.0:42687, s2:0.0.0.0:42535], old=null
2019-09-26 13:53:10,749 DEBUG impl.RaftServerImpl (RaftServerImpl.java:requestVote(775)) - s2@group-1CE3CBD1CDAC replies to vote request: s1<-s2#0:OK-t1. Peer's state: s2@group-1CE3CBD1CDAC:t1, leader=null, voted=s1, raftlog=s2@group-1CE3CBD1CDAC-SegmentedRaftLog:OPENED:c-1,f-1,i0, conf=-1: [s0:0.0.0.0:39552, s1:0.0.0.0:42687, s2:0.0.0.0:42535], old=null
2019-09-26 13:53:10,751 INFO  impl.LeaderElection (LeaderElection.java:logAndReturn(56)) - s1@group-1CE3CBD1CDAC-LeaderElection14: Election PASSED; received 2 response(s) [s1<-s0#0:FAIL-t1, s1<-s2#0:OK-t1] and 0 exception(s); s1@group-1CE3CBD1CDAC:t1, leader=null, voted=s1, raftlog=s1@group-1CE3CBD1CDAC-SegmentedRaftLog:OPENED:c-1,f-1,i0, conf=-1: [s0:0.0.0.0:39552, s1:0.0.0.0:42687, s2:0.0.0.0:42535], old=null
2019-09-26 13:53:10,752 INFO  impl.RoleInfo (RoleInfo.java:shutdownLeaderElection(134)) - s1: shutdown LeaderElection
2019-09-26 13:53:10,754 INFO  impl.RaftServerImpl (RaftServerImpl.java:setRole(170)) - s1@group-1CE3CBD1CDAC: changes role from CANDIDATE to LEADER at term 1 for changeToLeader
2019-09-26 13:53:10,755 INFO  impl.RaftServerImpl (ServerState.java:setLeader(254)) - s1@group-1CE3CBD1CDAC: change Leader from null to s1 at term 1 for becomeLeader, leader elected after 298ms
2019-09-26 13:53:10,756 INFO  server.RaftServerConfigKeys (ConfUtils.java:logGet(43)) - raft.server.staging.catchup.gap = 1000 (default)
2019-09-26 13:53:10,756 INFO  server.RaftServerConfigKeys (ConfUtils.java:logGet(43)) - raft.server.rpc.sleep.time = 25ms (default)
2019-09-26 13:53:10,756 INFO  logging.LoggingHandler (AbstractInternalLogger.java:log(150)) - [id: 0x73663a47, L:/0.0.0.0:42535] READ: [id: 0x55564ca2, L:/192.168.151.68:42535 - R:/192.168.151.68:50070]
2019-09-26 13:53:10,756 INFO  server.RaftServerConfigKeys (ConfUtils.java:logGet(43)) - raft.server.write.element-limit = 4096 (default)
2019-09-26 13:53:10,756 INFO  logging.LoggingHandler (AbstractInternalLogger.java:log(150)) - [id: 0x581adb32, L:/0.0.0.0:42687] READ: [id: 0xec48c3ac, L:/192.168.151.68:42687 - R:/192.168.151.68:51102]
2019-09-26 13:53:10,756 INFO  server.RaftServerConfigKeys (ConfUtils.java:logGet(43)) - raft.server.watch.timeout = 10s (default)
2019-09-26 13:53:10,756 INFO  logging.LoggingHandler (AbstractInternalLogger.java:log(150)) - [id: 0x73663a47, L:/0.0.0.0:42535] READ COMPLETE
2019-09-26 13:53:10,757 INFO  logging.LoggingHandler (AbstractInternalLogger.java:log(150)) - [id: 0x581adb32, L:/0.0.0.0:42687] READ COMPLETE
2019-09-26 13:53:10,757 INFO  server.RaftServerConfigKeys (ConfUtils.java:logGet(43)) - raft.server.watch.timeout.denomination = 1s (default)
2019-09-26 13:53:10,758 INFO  server.RaftServerConfigKeys (ConfUtils.java:logGet(43)) - raft.server.watch.element-limit = 65536 (default)
2019-09-26 13:53:10,758 DEBUG impl.RaftServerImpl (RaftServerImpl.java:requestVote(743)) - s2@group-1CE3CBD1CDAC: receive requestVote(s0, group-1CE3CBD1CDAC, 1, (t:0, i:0))
2019-09-26 13:53:10,758 DEBUG impl.RaftServerImpl (RaftServerImpl.java:requestVote(743)) - s1@group-1CE3CBD1CDAC: receive requestVote(s0, group-1CE3CBD1CDAC, 1, (t:0, i:0))
2019-09-26 13:53:10,759 DEBUG impl.RaftServerImpl (RaftServerImpl.java:requestVote(775)) - s2@group-1CE3CBD1CDAC replies to vote request: s0<-s2#0:FAIL-t1. Peer's state: s2@group-1CE3CBD1CDAC:t1, leader=null, voted=s1, raftlog=s2@group-1CE3CBD1CDAC-SegmentedRaftLog:OPENED:c-1,f-1,i0, conf=-1: [s0:0.0.0.0:39552, s1:0.0.0.0:42687, s2:0.0.0.0:42535], old=null
2019-09-26 13:53:10,761 INFO  server.RaftServerConfigKeys (ConfUtils.java:logGet(43)) - raft.server.log.appender.snapshot.chunk.size.max = 16MB (=16777216) (default)
2019-09-26 13:53:10,762 INFO  server.RaftServerConfigKeys (ConfUtils.java:logGet(43)) - raft.server.log.appender.buffer.byte-limit = 4KB (=4096) (custom)
2019-09-26 13:53:10,762 INFO  server.RaftServerConfigKeys (ConfUtils.java:logGet(43)) - raft.server.log.appender.buffer.element-limit = 0 (default)
2019-09-26 13:53:10,762 INFO  server.RaftServerConfigKeys (ConfUtils.java:logGet(43)) - raft.server.log.appender.snapshot.chunk.size.max = 16MB (=16777216) (default)
2019-09-26 13:53:10,762 INFO  server.RaftServerConfigKeys (ConfUtils.java:logGet(43)) - raft.server.log.appender.buffer.byte-limit = 4KB (=4096) (custom)
2019-09-26 13:53:10,762 INFO  server.RaftServerConfigKeys (ConfUtils.java:logGet(43)) - raft.server.log.appender.buffer.element-limit = 0 (default)
2019-09-26 13:53:10,763 INFO  impl.RoleInfo (RoleInfo.java:updateAndGet(143)) - s1: start LeaderState
2019-09-26 13:53:10,763 DEBUG raftlog.RaftLog (SegmentedRaftLog.java:appendImpl(425)) - truncateIndex=-1, arrayIndex=0
2019-09-26 13:53:10,763 INFO  segmented.SegmentedRaftLogWorker (SegmentedRaftLogWorker.java:startLogSegment(380)) - s1@group-1CE3CBD1CDAC-SegmentedRaftLogWorker: Starting segment from index:0
2019-09-26 13:53:10,764 INFO  impl.RaftServerImpl (ServerState.java:setRaftConf(355)) - s1@group-1CE3CBD1CDAC: set configuration 0: [s0:0.0.0.0:39552, s1:0.0.0.0:42687, s2:0.0.0.0:42535], old=null at 0
2019-09-26 13:53:10,764 INFO  impl.RaftServerImpl (RaftServerImpl.java:requestVote(754)) - s1@group-1CE3CBD1CDAC-   LEADER: Withhold vote from candidate s0 with term 1. State: leader=s1, term=1, lastRpcElapsed=null
2019-09-26 13:53:10,765 INFO  impl.RaftServerImpl (ServerState.java:setLeader(254)) - s2@group-1CE3CBD1CDAC: change Leader from null to s1 at term 1 for appendEntries, leader elected after 248ms
2019-09-26 13:53:10,765 DEBUG impl.RaftServerImpl (RaftServerImpl.java:requestVote(775)) - s1@group-1CE3CBD1CDAC replies to vote request: s0<-s1#0:FAIL-t1. Peer's state: s1@group-1CE3CBD1CDAC:t1, leader=s1, voted=s1, raftlog=s1@group-1CE3CBD1CDAC-SegmentedRaftLog:OPENED:c-1,f-1,i0, conf=0: [s0:0.0.0.0:39552, s1:0.0.0.0:42687, s2:0.0.0.0:42535], old=null
2019-09-26 13:53:10,765 INFO  impl.RaftServerImpl (RaftServerImpl.java:setRole(170)) - s0@group-1CE3CBD1CDAC: changes role from CANDIDATE to FOLLOWER at term 1 for appendEntries
2019-09-26 13:53:10,765 INFO  impl.RoleInfo (RoleInfo.java:shutdownLeaderElection(134)) - s0: shutdown LeaderElection
2019-09-26 13:53:10,767 INFO  impl.RoleInfo (RoleInfo.java:updateAndGet(143)) - s0: start FollowerState
2019-09-26 13:53:10,767 INFO  impl.LeaderElection (LeaderElection.java:logAndReturn(56)) - s0@group-1CE3CBD1CDAC-LeaderElection15: Election REJECTED; received 2 response(s) [s0<-s1#0:FAIL-t1, s0<-s2#0:FAIL-t1] and 0 exception(s); s0@group-1CE3CBD1CDAC:t1, leader=null, voted=s0, raftlog=s0@group-1CE3CBD1CDAC-SegmentedRaftLog:OPENED:c-1,f-1,i0, conf=-1: [s0:0.0.0.0:39552, s1:0.0.0.0:42687, s2:0.0.0.0:42535], old=null
2019-09-26 13:53:10,767 DEBUG impl.RaftServerImpl (RaftServerImpl.java:logAppendEntries(850)) - s2@group-1CE3CBD1CDAC: receive appendEntries(s1, 1, null, -1, false, commits[s1:c-1, s0:c-1, s2:c-1], entries: (t:1, i:0), CONFIGURATIONENTRY
2019-09-26 13:53:10,767 INFO  impl.RaftServerImpl (ServerState.java:setLeader(254)) - s0@group-1CE3CBD1CDAC: change Leader from null to s1 at term 1 for appendEntries, leader elected after 310ms
2019-09-26 13:53:10,767 INFO  impl.RaftServerImpl (ServerState.java:setRaftConf(355)) - s2@group-1CE3CBD1CDAC: set configuration 0: [s0:0.0.0.0:39552, s1:0.0.0.0:42687, s2:0.0.0.0:42535], old=null at 0
2019-09-26 13:53:10,768 DEBUG raftlog.RaftLog (SegmentedRaftLog.java:appendImpl(425)) - truncateIndex=-1, arrayIndex=0
2019-09-26 13:53:10,768 INFO  segmented.SegmentedRaftLogWorker (SegmentedRaftLogWorker.java:startLogSegment(380)) - s2@group-1CE3CBD1CDAC-SegmentedRaftLogWorker: Starting segment from index:0
2019-09-26 13:53:10,769 DEBUG impl.RaftServerImpl (RaftServerImpl.java:logAppendEntries(850)) - s0@group-1CE3CBD1CDAC: receive appendEntries(s1, 1, null, -1, false, commits[s1:c-1, s0:c-1, s2:c-1], entries: (t:1, i:0), CONFIGURATIONENTRY
2019-09-26 13:53:10,770 INFO  impl.RaftServerImpl (ServerState.java:setRaftConf(355)) - s0@group-1CE3CBD1CDAC: set configuration 0: [s0:0.0.0.0:39552, s1:0.0.0.0:42687, s2:0.0.0.0:42535], old=null at 0
2019-09-26 13:53:10,770 DEBUG raftlog.RaftLog (SegmentedRaftLog.java:appendImpl(425)) - truncateIndex=-1, arrayIndex=0
2019-09-26 13:53:10,770 INFO  segmented.SegmentedRaftLogWorker (SegmentedRaftLogWorker.java:startLogSegment(380)) - s0@group-1CE3CBD1CDAC-SegmentedRaftLogWorker: Starting segment from index:0
2019-09-26 13:53:10,939 INFO  segmented.SegmentedRaftLogWorker (SegmentedRaftLogWorker.java:execute(569)) - s0@group-1CE3CBD1CDAC-SegmentedRaftLogWorker: created new log segment /workdir/ratis-test/target/test/data/6a0c724f/MiniRaftClusterWithNetty3c4332a1/s0/fc8e5846-91e5-460c-9520-1ce3cbd1cdac/current/log_inprogress_0
2019-09-26 13:53:10,939 INFO  segmented.SegmentedRaftLogWorker (SegmentedRaftLogWorker.java:execute(569)) - s2@group-1CE3CBD1CDAC-SegmentedRaftLogWorker: created new log segment /workdir/ratis-test/target/test/data/6a0c724f/MiniRaftClusterWithNetty3c4332a1/s2/fc8e5846-91e5-460c-9520-1ce3cbd1cdac/current/log_inprogress_0
2019-09-26 13:53:10,939 INFO  segmented.SegmentedRaftLogWorker (SegmentedRaftLogWorker.java:execute(569)) - s1@group-1CE3CBD1CDAC-SegmentedRaftLogWorker: created new log segment /workdir/ratis-test/target/test/data/6a0c724f/MiniRaftClusterWithNetty3c4332a1/s1/fc8e5846-91e5-460c-9520-1ce3cbd1cdac/current/log_inprogress_0
2019-09-26 13:53:10,941 DEBUG impl.RaftServerImpl (RaftServerImpl.java:logAppendEntries(850)) - s0@group-1CE3CBD1CDAC: succeeded to handle AppendEntries. Reply: s1<-s0#0:OK,SUCCESS,nextIndex:1,term:1,followerCommit:-1
2019-09-26 13:53:10,942 DEBUG impl.RaftServerImpl (RaftServerImpl.java:logAppendEntries(850)) - s2@group-1CE3CBD1CDAC: succeeded to handle AppendEntries. Reply: s1<-s2#0:OK,SUCCESS,nextIndex:1,term:1,followerCommit:-1
2019-09-26 13:53:10,981 INFO  ratis.RaftTestUtil (RaftTestUtil.java:waitForLeader(101)) - printing ALL groups
  s0:  RUNNING  FOLLOWER s0@group-1CE3CBD1CDAC:t1, leader=s1, voted=s0, raftlog=s0@group-1CE3CBD1CDAC-SegmentedRaftLog:OPENED:c-1,f0,i0, conf=0: [s0:0.0.0.0:39552, s1:0.0.0.0:42687, s2:0.0.0.0:42535], old=null RUNNING
  s1:  RUNNING    LEADER s1@group-1CE3CBD1CDAC:t1, leader=s1, voted=s1, raftlog=s1@group-1CE3CBD1CDAC-SegmentedRaftLog:OPENED:c0,f0,i0, conf=0: [s0:0.0.0.0:39552, s1:0.0.0.0:42687, s2:0.0.0.0:42535], old=null RUNNING
  s2:  RUNNING  FOLLOWER s2@group-1CE3CBD1CDAC:t1, leader=s1, voted=s1, raftlog=s2@group-1CE3CBD1CDAC-SegmentedRaftLog:OPENED:c-1,f0,i0, conf=0: [s0:0.0.0.0:39552, s1:0.0.0.0:42687, s2:0.0.0.0:42535], old=null RUNNING
2019-09-26 13:53:10,982 DEBUG client.RaftClient (ConfUtils.java:logGet(43)) - raft.rpc.type = NETTY (custom)
2019-09-26 13:53:10,983 INFO  util.CodeInjectionForTesting (BlockRequestHandlingInjection.java:blockRequestor(48)) - Block requestor s1
2019-09-26 13:53:10,983 INFO  server.RaftServerConfigKeys (ConfUtils.java:logGet(43)) - raft.server.rpc.timeout.max = 300ms (default)
2019-09-26 13:53:10,983 INFO  ratis.RaftTestUtil (RaftTestUtil.java:waitForLeader(86)) - printing ALL groups
  s0:  RUNNING  FOLLOWER s0@group-1CE3CBD1CDAC:t1, leader=s1, voted=s0, raftlog=s0@group-1CE3CBD1CDAC-SegmentedRaftLog:OPENED:c-1,f0,i0, conf=0: [s0:0.0.0.0:39552, s1:0.0.0.0:42687, s2:0.0.0.0:42535], old=null RUNNING
  s1:  RUNNING    LEADER s1@group-1CE3CBD1CDAC:t1, leader=s1, voted=s1, raftlog=s1@group-1CE3CBD1CDAC-SegmentedRaftLog:OPENED:c0,f0,i0, conf=0: [s0:0.0.0.0:39552, s1:0.0.0.0:42687, s2:0.0.0.0:42535], old=null RUNNING
  s2:  RUNNING  FOLLOWER s2@group-1CE3CBD1CDAC:t1, leader=s1, voted=s1, raftlog=s2@group-1CE3CBD1CDAC-SegmentedRaftLog:OPENED:c-1,f0,i0, conf=0: [s0:0.0.0.0:39552, s1:0.0.0.0:42687, s2:0.0.0.0:42535], old=null RUNNING
2019-09-26 13:53:10,984 INFO  ratis.RaftTestUtil (RaftTestUtil.java:waitForLeader(101)) - printing ALL groups
  s0:  RUNNING  FOLLOWER s0@group-1CE3CBD1CDAC:t1, leader=s1, voted=s0, raftlog=s0@group-1CE3CBD1CDAC-SegmentedRaftLog:OPENED:c-1,f0,i0, conf=0: [s0:0.0.0.0:39552, s1:0.0.0.0:42687, s2:0.0.0.0:42535], old=null RUNNING
  s1:  RUNNING    LEADER s1@group-1CE3CBD1CDAC:t1, leader=s1, voted=s1, raftlog=s1@group-1CE3CBD1CDAC-SegmentedRaftLog:OPENED:c0,f0,i0, conf=0: [s0:0.0.0.0:39552, s1:0.0.0.0:42687, s2:0.0.0.0:42535], old=null RUNNING
  s2:  RUNNING  FOLLOWER s2@group-1CE3CBD1CDAC:t1, leader=s1, voted=s1, raftlog=s2@group-1CE3CBD1CDAC-SegmentedRaftLog:OPENED:c-1,f0,i0, conf=0: [s0:0.0.0.0:39552, s1:0.0.0.0:42687, s2:0.0.0.0:42535], old=null RUNNING
2019-09-26 13:53:10,984 WARN  ratis.RaftTestUtil (JavaUtils.java:attempt(158)) - FAILED "changeLeader-changeLeader", attempt #1/20: org.junit.AssumptionViolatedException: Failed to change leader: newLeader == oldLeader == s1, sleep 100ms and then retry.
org.junit.AssumptionViolatedException: Failed to change leader: newLeader == oldLeader == s1
	at org.apache.ratis.RaftTestUtil.lambda$changeLeader$7(RaftTestUtil.java:365)
	at org.apache.ratis.util.JavaUtils.attempt(JavaUtils.java:152)
	at org.apache.ratis.RaftTestUtil.changeLeader(RaftTestUtil.java:362)
	at org.apache.ratis.RaftTestUtil.changeLeader(RaftTestUtil.java:354)
	at org.apache.ratis.RaftExceptionBaseTest.runTestNotLeaderExceptionWithReconf(RaftExceptionBaseTest.java:117)
	at org.apache.ratis.MiniRaftCluster$Factory$Get.runWithNewCluster(MiniRaftCluster.java:125)
	at org.apache.ratis.MiniRaftCluster$Factory$Get.runWithNewCluster(MiniRaftCluster.java:113)
	at org.apache.ratis.RaftExceptionBaseTest.testNotLeaderExceptionWithReconf(RaftExceptionBaseTest.java:109)
	at sun.reflect.NativeMethodAccessorImpl.invoke0(Native Method)
	at sun.reflect.NativeMethodAccessorImpl.invoke(NativeMethodAccessorImpl.java:62)
	at sun.reflect.DelegatingMethodAccessorImpl.invoke(DelegatingMethodAccessorImpl.java:43)
	at java.lang.reflect.Method.invoke(Method.java:498)
	at org.junit.runners.model.FrameworkMethod$1.runReflectiveCall(FrameworkMethod.java:50)
	at org.junit.internal.runners.model.ReflectiveCallable.run(ReflectiveCallable.java:12)
	at org.junit.runners.model.FrameworkMethod.invokeExplosively(FrameworkMethod.java:47)
	at org.junit.internal.runners.statements.InvokeMethod.evaluate(InvokeMethod.java:17)
	at org.junit.internal.runners.statements.RunAfters.evaluate(RunAfters.java:27)
	at org.junit.internal.runners.statements.FailOnTimeout$CallableStatement.call(FailOnTimeout.java:298)
	at org.junit.internal.runners.statements.FailOnTimeout$CallableStatement.call(FailOnTimeout.java:292)
	at java.util.concurrent.FutureTask.run(FutureTask.java:266)
	at java.lang.Thread.run(Thread.java:748)
2019-09-26 13:53:11,018 INFO  util.CodeInjectionForTesting (BlockRequestHandlingInjection.java:execute(76)) - s2: Block request from s1
2019-09-26 13:53:11,018 INFO  util.CodeInjectionForTesting (BlockRequestHandlingInjection.java:execute(76)) - s0: Block request from s1
2019-09-26 13:53:11,085 INFO  server.RaftServerConfigKeys (ConfUtils.java:logGet(43)) - raft.server.rpc.timeout.max = 300ms (default)
2019-09-26 13:53:11,085 INFO  ratis.RaftTestUtil (RaftTestUtil.java:waitForLeader(86)) - printing ALL groups
  s0:  RUNNING  FOLLOWER s0@group-1CE3CBD1CDAC:t1, leader=s1, voted=s0, raftlog=s0@group-1CE3CBD1CDAC-SegmentedRaftLog:OPENED:c-1,f0,i0, conf=0: [s0:0.0.0.0:39552, s1:0.0.0.0:42687, s2:0.0.0.0:42535], old=null RUNNING
  s1:  RUNNING    LEADER s1@group-1CE3CBD1CDAC:t1, leader=s1, voted=s1, raftlog=s1@group-1CE3CBD1CDAC-SegmentedRaftLog:OPENED:c0,f0,i0, conf=0: [s0:0.0.0.0:39552, s1:0.0.0.0:42687, s2:0.0.0.0:42535], old=null RUNNING
  s2:  RUNNING  FOLLOWER s2@group-1CE3CBD1CDAC:t1, leader=s1, voted=s1, raftlog=s2@group-1CE3CBD1CDAC-SegmentedRaftLog:OPENED:c-1,f0,i0, conf=0: [s0:0.0.0.0:39552, s1:0.0.0.0:42687, s2:0.0.0.0:42535], old=null RUNNING
2019-09-26 13:53:11,086 INFO  ratis.RaftTestUtil (RaftTestUtil.java:waitForLeader(101)) - printing ALL groups
  s0:  RUNNING  FOLLOWER s0@group-1CE3CBD1CDAC:t1, leader=s1, voted=s0, raftlog=s0@group-1CE3CBD1CDAC-SegmentedRaftLog:OPENED:c-1,f0,i0, conf=0: [s0:0.0.0.0:39552, s1:0.0.0.0:42687, s2:0.0.0.0:42535], old=null RUNNING
  s1:  RUNNING    LEADER s1@group-1CE3CBD1CDAC:t1, leader=s1, voted=s1, raftlog=s1@group-1CE3CBD1CDAC-SegmentedRaftLog:OPENED:c0,f0,i0, conf=0: [s0:0.0.0.0:39552, s1:0.0.0.0:42687, s2:0.0.0.0:42535], old=null RUNNING
  s2:  RUNNING  FOLLOWER s2@group-1CE3CBD1CDAC:t1, leader=s1, voted=s1, raftlog=s2@group-1CE3CBD1CDAC-SegmentedRaftLog:OPENED:c-1,f0,i0, conf=0: [s0:0.0.0.0:39552, s1:0.0.0.0:42687, s2:0.0.0.0:42535], old=null RUNNING
2019-09-26 13:53:11,086 WARN  ratis.RaftTestUtil (JavaUtils.java:attempt(158)) - FAILED "changeLeader-changeLeader", attempt #2/20: org.junit.AssumptionViolatedException: Failed to change leader: newLeader == oldLeader == s1, sleep 100ms and then retry.
org.junit.AssumptionViolatedException: Failed to change leader: newLeader == oldLeader == s1
	at org.apache.ratis.RaftTestUtil.lambda$changeLeader$7(RaftTestUtil.java:365)
	at org.apache.ratis.util.JavaUtils.attempt(JavaUtils.java:152)
	at org.apache.ratis.RaftTestUtil.changeLeader(RaftTestUtil.java:362)
	at org.apache.ratis.RaftTestUtil.changeLeader(RaftTestUtil.java:354)
	at org.apache.ratis.RaftExceptionBaseTest.runTestNotLeaderExceptionWithReconf(RaftExceptionBaseTest.java:117)
	at org.apache.ratis.MiniRaftCluster$Factory$Get.runWithNewCluster(MiniRaftCluster.java:125)
	at org.apache.ratis.MiniRaftCluster$Factory$Get.runWithNewCluster(MiniRaftCluster.java:113)
	at org.apache.ratis.RaftExceptionBaseTest.testNotLeaderExceptionWithReconf(RaftExceptionBaseTest.java:109)
	at sun.reflect.NativeMethodAccessorImpl.invoke0(Native Method)
	at sun.reflect.NativeMethodAccessorImpl.invoke(NativeMethodAccessorImpl.java:62)
	at sun.reflect.DelegatingMethodAccessorImpl.invoke(DelegatingMethodAccessorImpl.java:43)
	at java.lang.reflect.Method.invoke(Method.java:498)
	at org.junit.runners.model.FrameworkMethod$1.runReflectiveCall(FrameworkMethod.java:50)
	at org.junit.internal.runners.model.ReflectiveCallable.run(ReflectiveCallable.java:12)
	at org.junit.runners.model.FrameworkMethod.invokeExplosively(FrameworkMethod.java:47)
	at org.junit.internal.runners.statements.InvokeMethod.evaluate(InvokeMethod.java:17)
	at org.junit.internal.runners.statements.RunAfters.evaluate(RunAfters.java:27)
	at org.junit.internal.runners.statements.FailOnTimeout$CallableStatement.call(FailOnTimeout.java:298)
	at org.junit.internal.runners.statements.FailOnTimeout$CallableStatement.call(FailOnTimeout.java:292)
	at java.util.concurrent.FutureTask.run(FutureTask.java:266)
	at java.lang.Thread.run(Thread.java:748)
2019-09-26 13:53:11,187 INFO  server.RaftServerConfigKeys (ConfUtils.java:logGet(43)) - raft.server.rpc.timeout.max = 300ms (default)
2019-09-26 13:53:11,187 INFO  ratis.RaftTestUtil (RaftTestUtil.java:waitForLeader(86)) - printing ALL groups
  s0:  RUNNING  FOLLOWER s0@group-1CE3CBD1CDAC:t1, leader=s1, voted=s0, raftlog=s0@group-1CE3CBD1CDAC-SegmentedRaftLog:OPENED:c-1,f0,i0, conf=0: [s0:0.0.0.0:39552, s1:0.0.0.0:42687, s2:0.0.0.0:42535], old=null RUNNING
  s1:  RUNNING    LEADER s1@group-1CE3CBD1CDAC:t1, leader=s1, voted=s1, raftlog=s1@group-1CE3CBD1CDAC-SegmentedRaftLog:OPENED:c0,f0,i0, conf=0: [s0:0.0.0.0:39552, s1:0.0.0.0:42687, s2:0.0.0.0:42535], old=null RUNNING
  s2:  RUNNING  FOLLOWER s2@group-1CE3CBD1CDAC:t1, leader=s1, voted=s1, raftlog=s2@group-1CE3CBD1CDAC-SegmentedRaftLog:OPENED:c-1,f0,i0, conf=0: [s0:0.0.0.0:39552, s1:0.0.0.0:42687, s2:0.0.0.0:42535], old=null RUNNING
2019-09-26 13:53:11,188 INFO  ratis.RaftTestUtil (RaftTestUtil.java:waitForLeader(101)) - printing ALL groups
  s0:  RUNNING  FOLLOWER s0@group-1CE3CBD1CDAC:t1, leader=s1, voted=s0, raftlog=s0@group-1CE3CBD1CDAC-SegmentedRaftLog:OPENED:c-1,f0,i0, conf=0: [s0:0.0.0.0:39552, s1:0.0.0.0:42687, s2:0.0.0.0:42535], old=null RUNNING
  s1:  RUNNING    LEADER s1@group-1CE3CBD1CDAC:t1, leader=s1, voted=s1, raftlog=s1@group-1CE3CBD1CDAC-SegmentedRaftLog:OPENED:c0,f0,i0, conf=0: [s0:0.0.0.0:39552, s1:0.0.0.0:42687, s2:0.0.0.0:42535], old=null RUNNING
  s2:  RUNNING  FOLLOWER s2@group-1CE3CBD1CDAC:t1, leader=s1, voted=s1, raftlog=s2@group-1CE3CBD1CDAC-SegmentedRaftLog:OPENED:c-1,f0,i0, conf=0: [s0:0.0.0.0:39552, s1:0.0.0.0:42687, s2:0.0.0.0:42535], old=null RUNNING
2019-09-26 13:53:11,188 WARN  ratis.RaftTestUtil (JavaUtils.java:attempt(158)) - FAILED "changeLeader-changeLeader", attempt #3/20: org.junit.AssumptionViolatedException: Failed to change leader: newLeader == oldLeader == s1, sleep 100ms and then retry.
org.junit.AssumptionViolatedException: Failed to change leader: newLeader == oldLeader == s1
	at org.apache.ratis.RaftTestUtil.lambda$changeLeader$7(RaftTestUtil.java:365)
	at org.apache.ratis.util.JavaUtils.attempt(JavaUtils.java:152)
	at org.apache.ratis.RaftTestUtil.changeLeader(RaftTestUtil.java:362)
	at org.apache.ratis.RaftTestUtil.changeLeader(RaftTestUtil.java:354)
	at org.apache.ratis.RaftExceptionBaseTest.runTestNotLeaderExceptionWithReconf(RaftExceptionBaseTest.java:117)
	at org.apache.ratis.MiniRaftCluster$Factory$Get.runWithNewCluster(MiniRaftCluster.java:125)
	at org.apache.ratis.MiniRaftCluster$Factory$Get.runWithNewCluster(MiniRaftCluster.java:113)
	at org.apache.ratis.RaftExceptionBaseTest.testNotLeaderExceptionWithReconf(RaftExceptionBaseTest.java:109)
	at sun.reflect.NativeMethodAccessorImpl.invoke0(Native Method)
	at sun.reflect.NativeMethodAccessorImpl.invoke(NativeMethodAccessorImpl.java:62)
	at sun.reflect.DelegatingMethodAccessorImpl.invoke(DelegatingMethodAccessorImpl.java:43)
	at java.lang.reflect.Method.invoke(Method.java:498)
	at org.junit.runners.model.FrameworkMethod$1.runReflectiveCall(FrameworkMethod.java:50)
	at org.junit.internal.runners.model.ReflectiveCallable.run(ReflectiveCallable.java:12)
	at org.junit.runners.model.FrameworkMethod.invokeExplosively(FrameworkMethod.java:47)
	at org.junit.internal.runners.statements.InvokeMethod.evaluate(InvokeMethod.java:17)
	at org.junit.internal.runners.statements.RunAfters.evaluate(RunAfters.java:27)
	at org.junit.internal.runners.statements.FailOnTimeout$CallableStatement.call(FailOnTimeout.java:298)
	at org.junit.internal.runners.statements.FailOnTimeout$CallableStatement.call(FailOnTimeout.java:292)
	at java.util.concurrent.FutureTask.run(FutureTask.java:266)
	at java.lang.Thread.run(Thread.java:748)
2019-09-26 13:53:11,253 INFO  impl.FollowerState (FollowerState.java:run(108)) - s2@group-1CE3CBD1CDAC-FollowerState: change to CANDIDATE, lastRpcTime:311ms, electionTimeout:230ms
2019-09-26 13:53:11,254 INFO  impl.RoleInfo (RoleInfo.java:shutdownFollowerState(121)) - s2: shutdown FollowerState
2019-09-26 13:53:11,254 INFO  impl.RaftServerImpl (RaftServerImpl.java:setRole(170)) - s2@group-1CE3CBD1CDAC: changes role from  FOLLOWER to CANDIDATE at term 1 for changeToCandidate
2019-09-26 13:53:11,254 INFO  impl.RoleInfo (RoleInfo.java:updateAndGet(143)) - s2: start LeaderElection
2019-09-26 13:53:11,255 INFO  impl.RaftServerImpl (ServerState.java:setLeader(254)) - s2@group-1CE3CBD1CDAC: change Leader from s1 to null at term 1 for initElection
2019-09-26 13:53:11,270 INFO  impl.LeaderElection (LeaderElection.java:askForVotes(178)) - s2@group-1CE3CBD1CDAC-LeaderElection16: begin an election at term 2 for 0: [s0:0.0.0.0:39552, s1:0.0.0.0:42687, s2:0.0.0.0:42535], old=null
2019-09-26 13:53:11,275 INFO  logging.LoggingHandler (AbstractInternalLogger.java:log(150)) - [id: 0x581adb32, L:/0.0.0.0:42687] READ: [id: 0xe98712ff, L:/192.168.151.68:42687 - R:/192.168.151.68:51104]
2019-09-26 13:53:11,275 INFO  logging.LoggingHandler (AbstractInternalLogger.java:log(150)) - [id: 0xc12d740d, L:/0.0.0.0:39552] READ: [id: 0x339a88bc, L:/192.168.151.68:39552 - R:/192.168.151.68:43678]
2019-09-26 13:53:11,275 INFO  logging.LoggingHandler (AbstractInternalLogger.java:log(150)) - [id: 0x581adb32, L:/0.0.0.0:42687] READ COMPLETE
2019-09-26 13:53:11,276 INFO  logging.LoggingHandler (AbstractInternalLogger.java:log(150)) - [id: 0xc12d740d, L:/0.0.0.0:39552] READ COMPLETE
2019-09-26 13:53:11,278 DEBUG impl.RaftServerImpl (RaftServerImpl.java:requestVote(743)) - s0@group-1CE3CBD1CDAC: receive requestVote(s2, group-1CE3CBD1CDAC, 2, (t:1, i:0))
2019-09-26 13:53:11,278 INFO  impl.RaftServerImpl (ServerState.java:setLeader(254)) - s0@group-1CE3CBD1CDAC: change Leader from s1 to null at term 2 for updateCurrentTerm
2019-09-26 13:53:11,278 DEBUG impl.RaftServerImpl (RaftServerImpl.java:requestVote(743)) - s1@group-1CE3CBD1CDAC: receive requestVote(s2, group-1CE3CBD1CDAC, 2, (t:1, i:0))
2019-09-26 13:53:11,278 INFO  impl.RaftServerImpl (RaftServerImpl.java:setRole(170)) - s0@group-1CE3CBD1CDAC: changes role from  FOLLOWER to FOLLOWER at term 2 for recognizeCandidate:s2
2019-09-26 13:53:11,278 INFO  impl.RaftServerImpl (ServerState.java:setLeader(254)) - s1@group-1CE3CBD1CDAC: change Leader from s1 to null at term 2 for updateCurrentTerm
2019-09-26 13:53:11,279 INFO  impl.RoleInfo (RoleInfo.java:shutdownFollowerState(121)) - s0: shutdown FollowerState
2019-09-26 13:53:11,279 INFO  impl.RaftServerImpl (RaftServerImpl.java:setRole(170)) - s1@group-1CE3CBD1CDAC: changes role from    LEADER to FOLLOWER at term 2 for recognizeCandidate:s2
2019-09-26 13:53:11,279 INFO  impl.FollowerState (FollowerState.java:run(117)) - s0@group-1CE3CBD1CDAC-FollowerState was interrupted: java.lang.InterruptedException: sleep interrupted
2019-09-26 13:53:11,279 INFO  impl.RoleInfo (RoleInfo.java:updateAndGet(143)) - s0: start FollowerState
2019-09-26 13:53:11,279 INFO  impl.RoleInfo (RoleInfo.java:shutdownLeaderState(104)) - s1: shutdown LeaderState
2019-09-26 13:53:11,282 INFO  impl.LogAppender (LogAppender.java:run(78)) - s1@group-1CE3CBD1CDAC->s2-LogAppender-AppenderDaemon was interrupted: java.io.InterruptedIOException: s1->s2#0 sending from s2:0.0.0.0:42535 is interrupted.
2019-09-26 13:53:11,282 INFO  impl.LogAppender (LogAppender.java:run(78)) - s1@group-1CE3CBD1CDAC->s0-LogAppender-AppenderDaemon was interrupted: java.io.InterruptedIOException: s1->s0#0 sending from s0:0.0.0.0:39552 is interrupted.
2019-09-26 13:53:11,282 INFO  impl.PendingRequests (PendingRequests.java:sendNotLeaderResponses(202)) - s1@group-1CE3CBD1CDAC-PendingRequests: sendNotLeaderResponses
2019-09-26 13:53:11,284 INFO  impl.RoleInfo (RoleInfo.java:updateAndGet(143)) - s1: start FollowerState
2019-09-26 13:53:11,289 INFO  server.RaftServerConfigKeys (ConfUtils.java:logGet(43)) - raft.server.rpc.timeout.max = 300ms (default)
2019-09-26 13:53:11,289 INFO  ratis.RaftTestUtil (RaftTestUtil.java:waitForLeader(86)) - printing ALL groups
  s0:  RUNNING  FOLLOWER s0@group-1CE3CBD1CDAC:t2, leader=null, voted=s2, raftlog=s0@group-1CE3CBD1CDAC-SegmentedRaftLog:OPENED:c-1,f0,i0, conf=0: [s0:0.0.0.0:39552, s1:0.0.0.0:42687, s2:0.0.0.0:42535], old=null RUNNING
  s1:  RUNNING  FOLLOWER s1@group-1CE3CBD1CDAC:t2, leader=null, voted=null, raftlog=s1@group-1CE3CBD1CDAC-SegmentedRaftLog:OPENED:c0,f0,i0, conf=0: [s0:0.0.0.0:39552, s1:0.0.0.0:42687, s2:0.0.0.0:42535], old=null RUNNING
  s2:  RUNNING CANDIDATE s2@group-1CE3CBD1CDAC:t2, leader=null, voted=s2, raftlog=s2@group-1CE3CBD1CDAC-SegmentedRaftLog:OPENED:c-1,f0,i0, conf=0: [s0:0.0.0.0:39552, s1:0.0.0.0:42687, s2:0.0.0.0:42535], old=null RUNNING
2019-09-26 13:53:11,290 WARN  ratis.RaftTestUtil (JavaUtils.java:attempt(158)) - FAILED "waitForLeader-null-(expectLeader? true)", attempt #1/100: java.lang.IllegalStateException: No leader yet : printing ALL groups
  s0:  RUNNING  FOLLOWER s0@group-1CE3CBD1CDAC:t2, leader=null, voted=s2, raftlog=s0@group-1CE3CBD1CDAC-SegmentedRaftLog:OPENED:c-1,f0,i0, conf=0: [s0:0.0.0.0:39552, s1:0.0.0.0:42687, s2:0.0.0.0:42535], old=null RUNNING
  s1:  RUNNING  FOLLOWER s1@group-1CE3CBD1CDAC:t2, leader=null, voted=null, raftlog=s1@group-1CE3CBD1CDAC-SegmentedRaftLog:OPENED:c0,f0,i0, conf=0: [s0:0.0.0.0:39552, s1:0.0.0.0:42687, s2:0.0.0.0:42535], old=null RUNNING
  s2:  RUNNING CANDIDATE s2@group-1CE3CBD1CDAC:t2, leader=null, voted=s2, raftlog=s2@group-1CE3CBD1CDAC-SegmentedRaftLog:OPENED:c-1,f0,i0, conf=0: [s0:0.0.0.0:39552, s1:0.0.0.0:42687, s2:0.0.0.0:42535], old=null RUNNING, sleep 450ms and then retry.
java.lang.IllegalStateException: No leader yet : printing ALL groups
  s0:  RUNNING  FOLLOWER s0@group-1CE3CBD1CDAC:t2, leader=null, voted=s2, raftlog=s0@group-1CE3CBD1CDAC-SegmentedRaftLog:OPENED:c-1,f0,i0, conf=0: [s0:0.0.0.0:39552, s1:0.0.0.0:42687, s2:0.0.0.0:42535], old=null RUNNING
  s1:  RUNNING  FOLLOWER s1@group-1CE3CBD1CDAC:t2, leader=null, voted=null, raftlog=s1@group-1CE3CBD1CDAC-SegmentedRaftLog:OPENED:c0,f0,i0, conf=0: [s0:0.0.0.0:39552, s1:0.0.0.0:42687, s2:0.0.0.0:42535], old=null RUNNING
  s2:  RUNNING CANDIDATE s2@group-1CE3CBD1CDAC:t2, leader=null, voted=s2, raftlog=s2@group-1CE3CBD1CDAC-SegmentedRaftLog:OPENED:c-1,f0,i0, conf=0: [s0:0.0.0.0:39552, s1:0.0.0.0:42687, s2:0.0.0.0:42535], old=null RUNNING
	at org.apache.ratis.MiniRaftCluster.newIllegalStateExceptionForNoLeaders(MiniRaftCluster.java:506)
	at org.apache.ratis.RaftTestUtil.lambda$waitForLeader$1(RaftTestUtil.java:90)
	at org.apache.ratis.MiniRaftCluster.getLeader(MiniRaftCluster.java:539)
	at org.apache.ratis.MiniRaftCluster.getLeader(MiniRaftCluster.java:532)
	at org.apache.ratis.RaftTestUtil.lambda$waitForLeader$3(RaftTestUtil.java:98)
	at org.apache.ratis.util.JavaUtils.attempt(JavaUtils.java:152)
	at org.apache.ratis.RaftTestUtil.waitForLeader(RaftTestUtil.java:97)
	at org.apache.ratis.RaftTestUtil.waitForLeader(RaftTestUtil.java:77)
	at org.apache.ratis.RaftTestUtil.waitForLeader(RaftTestUtil.java:72)
	at org.apache.ratis.RaftTestUtil.lambda$changeLeader$7(RaftTestUtil.java:363)
	at org.apache.ratis.util.JavaUtils.attempt(JavaUtils.java:152)
	at org.apache.ratis.RaftTestUtil.changeLeader(RaftTestUtil.java:362)
	at org.apache.ratis.RaftTestUtil.changeLeader(RaftTestUtil.java:354)
	at org.apache.ratis.RaftExceptionBaseTest.runTestNotLeaderExceptionWithReconf(RaftExceptionBaseTest.java:117)
	at org.apache.ratis.MiniRaftCluster$Factory$Get.runWithNewCluster(MiniRaftCluster.java:125)
	at org.apache.ratis.MiniRaftCluster$Factory$Get.runWithNewCluster(MiniRaftCluster.java:113)
	at org.apache.ratis.RaftExceptionBaseTest.testNotLeaderExceptionWithReconf(RaftExceptionBaseTest.java:109)
	at sun.reflect.NativeMethodAccessorImpl.invoke0(Native Method)
	at sun.reflect.NativeMethodAccessorImpl.invoke(NativeMethodAccessorImpl.java:62)
	at sun.reflect.DelegatingMethodAccessorImpl.invoke(DelegatingMethodAccessorImpl.java:43)
	at java.lang.reflect.Method.invoke(Method.java:498)
	at org.junit.runners.model.FrameworkMethod$1.runReflectiveCall(FrameworkMethod.java:50)
	at org.junit.internal.runners.model.ReflectiveCallable.run(ReflectiveCallable.java:12)
	at org.junit.runners.model.FrameworkMethod.invokeExplosively(FrameworkMethod.java:47)
	at org.junit.internal.runners.statements.InvokeMethod.evaluate(InvokeMethod.java:17)
	at org.junit.internal.runners.statements.RunAfters.evaluate(RunAfters.java:27)
	at org.junit.internal.runners.statements.FailOnTimeout$CallableStatement.call(FailOnTimeout.java:298)
	at org.junit.internal.runners.statements.FailOnTimeout$CallableStatement.call(FailOnTimeout.java:292)
	at java.util.concurrent.FutureTask.run(FutureTask.java:266)
	at java.lang.Thread.run(Thread.java:748)
2019-09-26 13:53:11,295 DEBUG impl.RaftServerImpl (RaftServerImpl.java:requestVote(775)) - s1@group-1CE3CBD1CDAC replies to vote request: s2<-s1#0:FAIL-t2. Peer's state: s1@group-1CE3CBD1CDAC:t2, leader=null, voted=null, raftlog=s1@group-1CE3CBD1CDAC-SegmentedRaftLog:OPENED:c0,f0,i0, conf=0: [s0:0.0.0.0:39552, s1:0.0.0.0:42687, s2:0.0.0.0:42535], old=null
2019-09-26 13:53:11,295 DEBUG impl.RaftServerImpl (RaftServerImpl.java:requestVote(775)) - s0@group-1CE3CBD1CDAC replies to vote request: s2<-s0#0:OK-t2. Peer's state: s0@group-1CE3CBD1CDAC:t2, leader=null, voted=s2, raftlog=s0@group-1CE3CBD1CDAC-SegmentedRaftLog:OPENED:c-1,f0,i0, conf=0: [s0:0.0.0.0:39552, s1:0.0.0.0:42687, s2:0.0.0.0:42535], old=null
2019-09-26 13:53:11,298 INFO  impl.LeaderElection (LeaderElection.java:logAndReturn(56)) - s2@group-1CE3CBD1CDAC-LeaderElection16: Election PASSED; received 2 response(s) [s2<-s0#0:OK-t2, s2<-s1#0:FAIL-t2] and 0 exception(s); s2@group-1CE3CBD1CDAC:t2, leader=null, voted=s2, raftlog=s2@group-1CE3CBD1CDAC-SegmentedRaftLog:OPENED:c-1,f0,i0, conf=0: [s0:0.0.0.0:39552, s1:0.0.0.0:42687, s2:0.0.0.0:42535], old=null
2019-09-26 13:53:11,298 INFO  impl.RoleInfo (RoleInfo.java:shutdownLeaderElection(134)) - s2: shutdown LeaderElection
2019-09-26 13:53:11,299 INFO  impl.RaftServerImpl (RaftServerImpl.java:setRole(170)) - s2@group-1CE3CBD1CDAC: changes role from CANDIDATE to LEADER at term 2 for changeToLeader
2019-09-26 13:53:11,299 INFO  impl.RaftServerImpl (ServerState.java:setLeader(254)) - s2@group-1CE3CBD1CDAC: change Leader from null to s2 at term 2 for becomeLeader, leader elected after 44ms
2019-09-26 13:53:11,300 INFO  server.RaftServerConfigKeys (ConfUtils.java:logGet(43)) - raft.server.staging.catchup.gap = 1000 (default)
2019-09-26 13:53:11,300 INFO  server.RaftServerConfigKeys (ConfUtils.java:logGet(43)) - raft.server.rpc.sleep.time = 25ms (default)
2019-09-26 13:53:11,300 INFO  server.RaftServerConfigKeys (ConfUtils.java:logGet(43)) - raft.server.write.element-limit = 4096 (default)
2019-09-26 13:53:11,300 INFO  server.RaftServerConfigKeys (ConfUtils.java:logGet(43)) - raft.server.watch.timeout = 10s (default)
2019-09-26 13:53:11,300 INFO  server.RaftServerConfigKeys (ConfUtils.java:logGet(43)) - raft.server.watch.timeout.denomination = 1s (default)
2019-09-26 13:53:11,300 INFO  server.RaftServerConfigKeys (ConfUtils.java:logGet(43)) - raft.server.watch.element-limit = 65536 (default)
2019-09-26 13:53:11,304 INFO  server.RaftServerConfigKeys (ConfUtils.java:logGet(43)) - raft.server.log.appender.snapshot.chunk.size.max = 16MB (=16777216) (default)
2019-09-26 13:53:11,304 INFO  server.RaftServerConfigKeys (ConfUtils.java:logGet(43)) - raft.server.log.appender.buffer.byte-limit = 4KB (=4096) (custom)
2019-09-26 13:53:11,304 INFO  server.RaftServerConfigKeys (ConfUtils.java:logGet(43)) - raft.server.log.appender.buffer.element-limit = 0 (default)
2019-09-26 13:53:11,305 INFO  server.RaftServerConfigKeys (ConfUtils.java:logGet(43)) - raft.server.log.appender.snapshot.chunk.size.max = 16MB (=16777216) (default)
2019-09-26 13:53:11,305 INFO  server.RaftServerConfigKeys (ConfUtils.java:logGet(43)) - raft.server.log.appender.buffer.byte-limit = 4KB (=4096) (custom)
2019-09-26 13:53:11,305 INFO  server.RaftServerConfigKeys (ConfUtils.java:logGet(43)) - raft.server.log.appender.buffer.element-limit = 0 (default)
2019-09-26 13:53:11,306 INFO  impl.RoleInfo (RoleInfo.java:updateAndGet(143)) - s2: start LeaderState
2019-09-26 13:53:11,306 DEBUG raftlog.RaftLog (SegmentedRaftLog.java:appendImpl(425)) - truncateIndex=-1, arrayIndex=0
2019-09-26 13:53:11,306 INFO  segmented.SegmentedRaftLogWorker (SegmentedRaftLogWorker.java:rollLogSegment(385)) - s2@group-1CE3CBD1CDAC-SegmentedRaftLogWorker: Rolling segment log-0_0 to index:0
2019-09-26 13:53:11,309 INFO  impl.RaftServerImpl (ServerState.java:setRaftConf(355)) - s2@group-1CE3CBD1CDAC: set configuration 1: [s0:0.0.0.0:39552, s1:0.0.0.0:42687, s2:0.0.0.0:42535], old=null at 1
2019-09-26 13:53:11,310 TRACE util.FileUtils (LogUtils.java:runAndLog(61)) - Successfully ran Files.move /workdir/ratis-test/target/test/data/6a0c724f/MiniRaftClusterWithNetty3c4332a1/s2/fc8e5846-91e5-460c-9520-1ce3cbd1cdac/current/log_inprogress_0 to /workdir/ratis-test/target/test/data/6a0c724f/MiniRaftClusterWithNetty3c4332a1/s2/fc8e5846-91e5-460c-9520-1ce3cbd1cdac/current/log_0-0
2019-09-26 13:53:11,310 INFO  segmented.SegmentedRaftLogWorker (SegmentedRaftLogWorker.java:execute(526)) - s2@group-1CE3CBD1CDAC-SegmentedRaftLogWorker: Rolled log segment from /workdir/ratis-test/target/test/data/6a0c724f/MiniRaftClusterWithNetty3c4332a1/s2/fc8e5846-91e5-460c-9520-1ce3cbd1cdac/current/log_inprogress_0 to /workdir/ratis-test/target/test/data/6a0c724f/MiniRaftClusterWithNetty3c4332a1/s2/fc8e5846-91e5-460c-9520-1ce3cbd1cdac/current/log_0-0
2019-09-26 13:53:11,311 INFO  impl.RaftServerImpl (ServerState.java:setLeader(254)) - s1@group-1CE3CBD1CDAC: change Leader from null to s2 at term 2 for appendEntries, leader elected after 32ms
2019-09-26 13:53:11,311 INFO  impl.RaftServerImpl (ServerState.java:setLeader(254)) - s0@group-1CE3CBD1CDAC: change Leader from null to s2 at term 2 for appendEntries, leader elected after 32ms
2019-09-26 13:53:11,315 DEBUG impl.RaftServerImpl (RaftServerImpl.java:logAppendEntries(850)) - s0@group-1CE3CBD1CDAC: receive appendEntries(s2, 2, (t:1, i:0), -1, false, commits[s2:c-1, s0:c-1, s1:c-1], entries: (t:2, i:1), CONFIGURATIONENTRY
2019-09-26 13:53:11,318 INFO  impl.RaftServerImpl (ServerState.java:setRaftConf(355)) - s0@group-1CE3CBD1CDAC: set configuration 1: [s0:0.0.0.0:39552, s1:0.0.0.0:42687, s2:0.0.0.0:42535], old=null at 1
2019-09-26 13:53:11,318 DEBUG raftlog.RaftLog (SegmentedRaftLog.java:appendImpl(425)) - truncateIndex=-1, arrayIndex=0
2019-09-26 13:53:11,319 INFO  segmented.SegmentedRaftLogWorker (SegmentedRaftLogWorker.java:rollLogSegment(385)) - s0@group-1CE3CBD1CDAC-SegmentedRaftLogWorker: Rolling segment log-0_0 to index:0
2019-09-26 13:53:11,319 DEBUG impl.RaftServerImpl (RaftServerImpl.java:logAppendEntries(850)) - s1@group-1CE3CBD1CDAC: receive appendEntries(s2, 2, (t:1, i:0), -1, false, commits[s2:c-1, s0:c-1, s1:c0], entries: (t:2, i:1), CONFIGURATIONENTRY
2019-09-26 13:53:11,320 INFO  impl.RaftServerImpl (ServerState.java:setRaftConf(355)) - s1@group-1CE3CBD1CDAC: set configuration 1: [s0:0.0.0.0:39552, s1:0.0.0.0:42687, s2:0.0.0.0:42535], old=null at 1
2019-09-26 13:53:11,320 DEBUG raftlog.RaftLog (SegmentedRaftLog.java:appendImpl(425)) - truncateIndex=-1, arrayIndex=0
2019-09-26 13:53:11,320 INFO  segmented.SegmentedRaftLogWorker (SegmentedRaftLogWorker.java:rollLogSegment(385)) - s1@group-1CE3CBD1CDAC-SegmentedRaftLogWorker: Rolling segment log-0_0 to index:0
2019-09-26 13:53:11,321 TRACE util.FileUtils (LogUtils.java:runAndLog(61)) - Successfully ran Files.move /workdir/ratis-test/target/test/data/6a0c724f/MiniRaftClusterWithNetty3c4332a1/s0/fc8e5846-91e5-460c-9520-1ce3cbd1cdac/current/log_inprogress_0 to /workdir/ratis-test/target/test/data/6a0c724f/MiniRaftClusterWithNetty3c4332a1/s0/fc8e5846-91e5-460c-9520-1ce3cbd1cdac/current/log_0-0
2019-09-26 13:53:11,321 INFO  segmented.SegmentedRaftLogWorker (SegmentedRaftLogWorker.java:execute(526)) - s0@group-1CE3CBD1CDAC-SegmentedRaftLogWorker: Rolled log segment from /workdir/ratis-test/target/test/data/6a0c724f/MiniRaftClusterWithNetty3c4332a1/s0/fc8e5846-91e5-460c-9520-1ce3cbd1cdac/current/log_inprogress_0 to /workdir/ratis-test/target/test/data/6a0c724f/MiniRaftClusterWithNetty3c4332a1/s0/fc8e5846-91e5-460c-9520-1ce3cbd1cdac/current/log_0-0
2019-09-26 13:53:11,323 TRACE util.FileUtils (LogUtils.java:runAndLog(61)) - Successfully ran Files.move /workdir/ratis-test/target/test/data/6a0c724f/MiniRaftClusterWithNetty3c4332a1/s1/fc8e5846-91e5-460c-9520-1ce3cbd1cdac/current/log_inprogress_0 to /workdir/ratis-test/target/test/data/6a0c724f/MiniRaftClusterWithNetty3c4332a1/s1/fc8e5846-91e5-460c-9520-1ce3cbd1cdac/current/log_0-0
2019-09-26 13:53:11,323 INFO  segmented.SegmentedRaftLogWorker (SegmentedRaftLogWorker.java:execute(526)) - s1@group-1CE3CBD1CDAC-SegmentedRaftLogWorker: Rolled log segment from /workdir/ratis-test/target/test/data/6a0c724f/MiniRaftClusterWithNetty3c4332a1/s1/fc8e5846-91e5-460c-9520-1ce3cbd1cdac/current/log_inprogress_0 to /workdir/ratis-test/target/test/data/6a0c724f/MiniRaftClusterWithNetty3c4332a1/s1/fc8e5846-91e5-460c-9520-1ce3cbd1cdac/current/log_0-0
2019-09-26 13:53:11,460 INFO  segmented.SegmentedRaftLogWorker (SegmentedRaftLogWorker.java:execute(569)) - s2@group-1CE3CBD1CDAC-SegmentedRaftLogWorker: created new log segment /workdir/ratis-test/target/test/data/6a0c724f/MiniRaftClusterWithNetty3c4332a1/s2/fc8e5846-91e5-460c-9520-1ce3cbd1cdac/current/log_inprogress_1
2019-09-26 13:53:11,460 INFO  segmented.SegmentedRaftLogWorker (SegmentedRaftLogWorker.java:execute(569)) - s1@group-1CE3CBD1CDAC-SegmentedRaftLogWorker: created new log segment /workdir/ratis-test/target/test/data/6a0c724f/MiniRaftClusterWithNetty3c4332a1/s1/fc8e5846-91e5-460c-9520-1ce3cbd1cdac/current/log_inprogress_1
2019-09-26 13:53:11,460 INFO  segmented.SegmentedRaftLogWorker (SegmentedRaftLogWorker.java:execute(569)) - s0@group-1CE3CBD1CDAC-SegmentedRaftLogWorker: created new log segment /workdir/ratis-test/target/test/data/6a0c724f/MiniRaftClusterWithNetty3c4332a1/s0/fc8e5846-91e5-460c-9520-1ce3cbd1cdac/current/log_inprogress_1
2019-09-26 13:53:11,462 DEBUG impl.RaftServerImpl (RaftServerImpl.java:logAppendEntries(850)) - s0@group-1CE3CBD1CDAC: succeeded to handle AppendEntries. Reply: s2<-s0#0:OK,SUCCESS,nextIndex:2,term:2,followerCommit:-1
2019-09-26 13:53:11,462 DEBUG impl.RaftServerImpl (RaftServerImpl.java:logAppendEntries(850)) - s1@group-1CE3CBD1CDAC: succeeded to handle AppendEntries. Reply: s2<-s1#0:OK,SUCCESS,nextIndex:2,term:2,followerCommit:0
2019-09-26 13:53:11,464 DEBUG impl.RaftServerImpl (RaftServerImpl.java:logAppendEntries(850)) - s1@group-1CE3CBD1CDAC: receive appendEntries(s2, 2, (t:2, i:1), 1, false, commits[s2:c1, s0:c-1, s1:c0], entries: (t:2, i:2), METADATAENTRY(c1)
2019-09-26 13:53:11,464 DEBUG impl.RaftServerImpl (RaftServerImpl.java:logAppendEntries(850)) - s0@group-1CE3CBD1CDAC: receive appendEntries(s2, 2, (t:2, i:1), 1, false, commits[s2:c1, s0:c-1, s1:c0], entries: (t:2, i:2), METADATAENTRY(c1)
2019-09-26 13:53:11,465 DEBUG raftlog.RaftLog (SegmentedRaftLog.java:appendImpl(425)) - truncateIndex=-1, arrayIndex=0
2019-09-26 13:53:11,465 DEBUG raftlog.RaftLog (SegmentedRaftLog.java:appendImpl(425)) - truncateIndex=-1, arrayIndex=0
2019-09-26 13:53:11,477 DEBUG impl.RaftServerImpl (RaftServerImpl.java:logAppendEntries(850)) - s0@group-1CE3CBD1CDAC: succeeded to handle AppendEntries. Reply: s2<-s0#0:OK,SUCCESS,nextIndex:3,term:2,followerCommit:1
2019-09-26 13:53:11,477 DEBUG impl.RaftServerImpl (RaftServerImpl.java:logAppendEntries(850)) - s1@group-1CE3CBD1CDAC: succeeded to handle AppendEntries. Reply: s2<-s1#0:OK,SUCCESS,nextIndex:3,term:2,followerCommit:1
2019-09-26 13:53:11,742 INFO  ratis.RaftTestUtil (RaftTestUtil.java:waitForLeader(101)) - printing ALL groups
  s0:  RUNNING  FOLLOWER s0@group-1CE3CBD1CDAC:t2, leader=s2, voted=s2, raftlog=s0@group-1CE3CBD1CDAC-SegmentedRaftLog:OPENED:c2,f2,i2, conf=1: [s0:0.0.0.0:39552, s1:0.0.0.0:42687, s2:0.0.0.0:42535], old=null RUNNING
  s1:  RUNNING  FOLLOWER s1@group-1CE3CBD1CDAC:t2, leader=s2, voted=null, raftlog=s1@group-1CE3CBD1CDAC-SegmentedRaftLog:OPENED:c2,f2,i2, conf=1: [s0:0.0.0.0:39552, s1:0.0.0.0:42687, s2:0.0.0.0:42535], old=null RUNNING
  s2:  RUNNING    LEADER s2@group-1CE3CBD1CDAC:t2, leader=s2, voted=s2, raftlog=s2@group-1CE3CBD1CDAC-SegmentedRaftLog:OPENED:c2,f2,i2, conf=1: [s0:0.0.0.0:39552, s1:0.0.0.0:42687, s2:0.0.0.0:42535], old=null RUNNING
2019-09-26 13:53:11,742 INFO  ratis.RaftTestUtil (RaftTestUtil.java:lambda$changeLeader$7(367)) - Changed leader from s1 to s2
2019-09-26 13:53:11,742 INFO  util.CodeInjectionForTesting (BlockRequestHandlingInjection.java:unblockRequestor(53)) - UnBlock requestor s1
2019-09-26 13:53:11,743 INFO  ratis.MiniRaftCluster (MiniRaftCluster.java:addNewPeers(403)) - Add new peers [ss1, ss2]
2019-09-26 13:53:11,744 INFO  ratis.MiniRaftCluster (MiniRaftCluster.java:newRaftServer(330)) - newRaftServer: ss1, group-1CE3CBD1CDAC:[s0:0.0.0.0:39552, s1:0.0.0.0:42687, s2:0.0.0.0:42535], format? true
2019-09-26 13:53:11,744 TRACE util.FileUtils (FileUtils.java:deleteFully(88)) - deleteFully target/test/data/6a0c724f/MiniRaftClusterWithNetty3c4332a1/ss1
2019-09-26 13:53:11,744 TRACE util.FileUtils (FileUtils.java:deleteFully(104)) - deleteFully: target/test/data/6a0c724f/MiniRaftClusterWithNetty3c4332a1/ss1 does not exist.
2019-09-26 13:53:11,744 INFO  ratis.MiniRaftCluster (MiniRaftCluster.java:newRaftServer(335)) - Formatted directory target/test/data/6a0c724f/MiniRaftClusterWithNetty3c4332a1/ss1
2019-09-26 13:53:11,745 INFO  impl.RaftServerProxy (ConfUtils.java:logGet(43)) - raft.rpc.type = NETTY (custom)
2019-09-26 13:53:12,199 INFO  netty.NettyConfigKeys$Server (ConfUtils.java:logGet(43)) - raft.netty.server.port = 34657 (custom)
2019-09-26 13:53:12,200 INFO  util.CodeInjectionForTesting (BlockRequestHandlingInjection.java:execute(82)) - s0: unBlock request from s1
2019-09-26 13:53:12,202 INFO  logging.LoggingHandler (AbstractInternalLogger.java:log(150)) - [id: 0xd2b8eee9] REGISTERED
2019-09-26 13:53:12,201 INFO  server.RaftServerConfigKeys (ConfUtils.java:logGet(43)) - raft.server.storage.dir = [/workdir/ratis-test/target/test/data/6a0c724f/MiniRaftClusterWithNetty3c4332a1/ss1] (custom)
2019-09-26 13:53:12,200 WARN  util.JavaUtils (JavaUtils.java:sleep(250)) - Unexpected long sleep: sleep(281ms) actually took 673ms which is over the threshold 300ms
2019-09-26 13:53:12,200 WARN  util.JavaUtils (JavaUtils.java:sleep(250)) - Unexpected long sleep: sleep(226ms) actually took 615ms which is over the threshold 300ms
2019-09-26 13:53:12,202 INFO  impl.RaftServerProxy (RaftServerProxy.java:addNew(89)) - ss1: addNew group-1CE3CBD1CDAC:[s0:0.0.0.0:39552, s1:0.0.0.0:42687, s2:0.0.0.0:42535] returns group-1CE3CBD1CDAC:java.util.concurrent.CompletableFuture@49c4e6c9[Not completed]
2019-09-26 13:53:12,200 WARN  util.JavaUtils (JavaUtils.java:sleep(250)) - Unexpected long sleep: sleep(161ms) actually took 510ms which is over the threshold 300ms
2019-09-26 13:53:12,200 INFO  impl.FollowerState (FollowerState.java:run(108)) - s0@group-1CE3CBD1CDAC-FollowerState: change to CANDIDATE, lastRpcTime:414ms, electionTimeout:212ms
2019-09-26 13:53:12,200 INFO  util.CodeInjectionForTesting (BlockRequestHandlingInjection.java:execute(82)) - s2: unBlock request from s1
2019-09-26 13:53:12,203 INFO  impl.RoleInfo (RoleInfo.java:shutdownFollowerState(121)) - s0: shutdown FollowerState
2019-09-26 13:53:12,202 INFO  logging.LoggingHandler (AbstractInternalLogger.java:log(150)) - [id: 0xd2b8eee9] BIND: 0.0.0.0/0.0.0.0:34657
2019-09-26 13:53:12,203 INFO  impl.RaftServerImpl (RaftServerImpl.java:setRole(170)) - s0@group-1CE3CBD1CDAC: changes role from  FOLLOWER to CANDIDATE at term 2 for changeToCandidate
2019-09-26 13:53:12,203 INFO  logging.LoggingHandler (AbstractInternalLogger.java:log(150)) - [id: 0xd2b8eee9, L:/0.0.0.0:34657] ACTIVE
2019-09-26 13:53:12,203 DEBUG impl.RaftServerImpl (RaftServerImpl.java:appendEntriesAsync(906)) - s2@group-1CE3CBD1CDAC: Not recognize s1 (term=1) as leader, state: s2@group-1CE3CBD1CDAC:t2, leader=s2, voted=s2, raftlog=s2@group-1CE3CBD1CDAC-SegmentedRaftLog:OPENED:c2,f2,i2, conf=1: [s0:0.0.0.0:39552, s1:0.0.0.0:42687, s2:0.0.0.0:42535], old=null reply: s1<-s2#0:FAIL,NOT_LEADER,nextIndex:3,term:2,followerCommit:2
2019-09-26 13:53:12,203 INFO  impl.RaftServerImpl (RaftServerImpl.java:<init>(95)) - ss1: new RaftServerImpl for group-1CE3CBD1CDAC:[s0:0.0.0.0:39552, s1:0.0.0.0:42687, s2:0.0.0.0:42535] with BaseStateMachine:uninitialized
2019-09-26 13:53:12,203 INFO  impl.RoleInfo (RoleInfo.java:updateAndGet(143)) - s0: start LeaderElection
2019-09-26 13:53:12,204 INFO  server.RaftServerConfigKeys (ConfUtils.java:logGet(43)) - raft.server.rpc.timeout.min = 150ms (default)
2019-09-26 13:53:12,204 INFO  ratis.MiniRaftCluster (MiniRaftCluster.java:newRaftServer(330)) - newRaftServer: ss2, group-1CE3CBD1CDAC:[s0:0.0.0.0:39552, s1:0.0.0.0:42687, s2:0.0.0.0:42535], format? true
2019-09-26 13:53:12,205 DEBUG impl.RaftServerImpl (RaftServerImpl.java:appendEntriesAsync(906)) - s0@group-1CE3CBD1CDAC: Not recognize s1 (term=1) as leader, state: s0@group-1CE3CBD1CDAC:t2, leader=s2, voted=s2, raftlog=s0@group-1CE3CBD1CDAC-SegmentedRaftLog:OPENED:c2,f2,i2, conf=1: [s0:0.0.0.0:39552, s1:0.0.0.0:42687, s2:0.0.0.0:42535], old=null reply: s1<-s0#0:FAIL,NOT_LEADER,nextIndex:3,term:2,followerCommit:2
2019-09-26 13:53:12,204 INFO  server.RaftServerConfigKeys (ConfUtils.java:logGet(43)) - raft.server.rpc.timeout.max = 300ms (default)
2019-09-26 13:53:12,206 INFO  impl.RaftServerImpl (ServerState.java:setLeader(254)) - s0@group-1CE3CBD1CDAC: change Leader from s2 to null at term 2 for initElection
2019-09-26 13:53:12,205 TRACE util.FileUtils (FileUtils.java:deleteFully(88)) - deleteFully target/test/data/6a0c724f/MiniRaftClusterWithNetty3c4332a1/ss2
2019-09-26 13:53:12,207 INFO  server.RaftServerConfigKeys (ConfUtils.java:logGet(43)) - raft.server.rpcslowness.timeout = 60s (default)
2019-09-26 13:53:12,207 TRACE util.FileUtils (FileUtils.java:deleteFully(104)) - deleteFully: target/test/data/6a0c724f/MiniRaftClusterWithNetty3c4332a1/ss2 does not exist.
2019-09-26 13:53:12,207 INFO  ratis.MiniRaftCluster (MiniRaftCluster.java:newRaftServer(335)) - Formatted directory target/test/data/6a0c724f/MiniRaftClusterWithNetty3c4332a1/ss2
2019-09-26 13:53:12,207 INFO  server.RaftServerConfigKeys (ConfUtils.java:logGet(43)) - raft.server.sleep.deviation.threshold = 300 (default)
2019-09-26 13:53:12,207 INFO  server.RaftServerConfigKeys (ConfUtils.java:logGet(43)) - raft.server.log.appender.install.snapshot.enabled = true (default)
2019-09-26 13:53:12,207 INFO  impl.RaftServerProxy (ConfUtils.java:logGet(43)) - raft.rpc.type = NETTY (custom)
2019-09-26 13:53:12,208 INFO  impl.RaftServerImpl (ServerState.java:<init>(103)) - ss1@group-1CE3CBD1CDAC: ConfigurationManager, init=-1: [s0:0.0.0.0:39552, s1:0.0.0.0:42687, s2:0.0.0.0:42535], old=null, confs=<EMPTY_MAP>
2019-09-26 13:53:12,208 INFO  server.RaftServerConfigKeys (ConfUtils.java:logGet(43)) - raft.server.storage.dir = [/workdir/ratis-test/target/test/data/6a0c724f/MiniRaftClusterWithNetty3c4332a1/ss1] (custom)
2019-09-26 13:53:12,208 INFO  server.RaftServerConfigKeys (ConfUtils.java:logGet(43)) - raft.server.log.corruption.policy = EXCEPTION (default)
2019-09-26 13:53:12,209 INFO  storage.RaftStorageDirectory (RaftStorageDirectory.java:analyzeStorage(246)) - The storage directory /workdir/ratis-test/target/test/data/6a0c724f/MiniRaftClusterWithNetty3c4332a1/ss1/fc8e5846-91e5-460c-9520-1ce3cbd1cdac does not exist. Creating ...
2019-09-26 13:53:12,209 INFO  netty.NettyConfigKeys$Server (ConfUtils.java:logGet(43)) - raft.netty.server.port = 41202 (custom)
2019-09-26 13:53:12,209 TRACE util.FileUtils (LogUtils.java:runAndLog(61)) - Successfully ran Files.createDirectories /workdir/ratis-test/target/test/data/6a0c724f/MiniRaftClusterWithNetty3c4332a1/ss1/fc8e5846-91e5-460c-9520-1ce3cbd1cdac
2019-09-26 13:53:12,210 INFO  server.RaftServerConfigKeys (ConfUtils.java:logGet(43)) - raft.server.storage.dir = [/workdir/ratis-test/target/test/data/6a0c724f/MiniRaftClusterWithNetty3c4332a1/ss2] (custom)
2019-09-26 13:53:12,211 INFO  logging.LoggingHandler (AbstractInternalLogger.java:log(150)) - [id: 0x7745cdc7] REGISTERED
2019-09-26 13:53:12,211 INFO  logging.LoggingHandler (AbstractInternalLogger.java:log(150)) - [id: 0x7745cdc7] BIND: 0.0.0.0/0.0.0.0:41202
2019-09-26 13:53:12,211 INFO  impl.RaftServerProxy (RaftServerProxy.java:addNew(89)) - ss2: addNew group-1CE3CBD1CDAC:[s0:0.0.0.0:39552, s1:0.0.0.0:42687, s2:0.0.0.0:42535] returns group-1CE3CBD1CDAC:java.util.concurrent.CompletableFuture@dca9469[Not completed]
2019-09-26 13:53:12,212 INFO  logging.LoggingHandler (AbstractInternalLogger.java:log(150)) - [id: 0x7745cdc7, L:/0.0.0.0:41202] ACTIVE
2019-09-26 13:53:12,212 INFO  impl.RaftServerImpl (RaftServerImpl.java:<init>(95)) - ss2: new RaftServerImpl for group-1CE3CBD1CDAC:[s0:0.0.0.0:39552, s1:0.0.0.0:42687, s2:0.0.0.0:42535] with BaseStateMachine:uninitialized
2019-09-26 13:53:12,212 INFO  server.RaftServerConfigKeys (ConfUtils.java:logGet(43)) - raft.server.rpc.timeout.min = 150ms (default)
2019-09-26 13:53:12,213 INFO  server.RaftServerConfigKeys (ConfUtils.java:logGet(43)) - raft.server.rpc.timeout.max = 300ms (default)
2019-09-26 13:53:12,213 INFO  server.RaftServerConfigKeys (ConfUtils.java:logGet(43)) - raft.server.rpcslowness.timeout = 60s (default)
2019-09-26 13:53:12,213 INFO  server.RaftServerConfigKeys (ConfUtils.java:logGet(43)) - raft.server.sleep.deviation.threshold = 300 (default)
2019-09-26 13:53:12,213 INFO  server.RaftServerConfigKeys (ConfUtils.java:logGet(43)) - raft.server.log.appender.install.snapshot.enabled = true (default)
2019-09-26 13:53:12,213 INFO  impl.RaftServerImpl (ServerState.java:<init>(103)) - ss2@group-1CE3CBD1CDAC: ConfigurationManager, init=-1: [s0:0.0.0.0:39552, s1:0.0.0.0:42687, s2:0.0.0.0:42535], old=null, confs=<EMPTY_MAP>
2019-09-26 13:53:12,213 INFO  server.RaftServerConfigKeys (ConfUtils.java:logGet(43)) - raft.server.storage.dir = [/workdir/ratis-test/target/test/data/6a0c724f/MiniRaftClusterWithNetty3c4332a1/ss2] (custom)
2019-09-26 13:53:12,213 INFO  server.RaftServerConfigKeys (ConfUtils.java:logGet(43)) - raft.server.log.corruption.policy = EXCEPTION (default)
2019-09-26 13:53:12,213 INFO  storage.RaftStorageDirectory (RaftStorageDirectory.java:analyzeStorage(246)) - The storage directory /workdir/ratis-test/target/test/data/6a0c724f/MiniRaftClusterWithNetty3c4332a1/ss2/fc8e5846-91e5-460c-9520-1ce3cbd1cdac does not exist. Creating ...
2019-09-26 13:53:12,214 TRACE util.FileUtils (LogUtils.java:runAndLog(61)) - Successfully ran Files.createDirectories /workdir/ratis-test/target/test/data/6a0c724f/MiniRaftClusterWithNetty3c4332a1/ss2/fc8e5846-91e5-460c-9520-1ce3cbd1cdac
2019-09-26 13:53:12,221 INFO  storage.RaftStorageDirectory (RaftStorageDirectory.java:tryLock(328)) - Lock on /workdir/ratis-test/target/test/data/6a0c724f/MiniRaftClusterWithNetty3c4332a1/ss1/fc8e5846-91e5-460c-9520-1ce3cbd1cdac/in_use.lock acquired by nodename 8670@ratis-test-vpfcj-1787858657
2019-09-26 13:53:12,221 INFO  storage.RaftStorageDirectory (RaftStorageDirectory.java:tryLock(328)) - Lock on /workdir/ratis-test/target/test/data/6a0c724f/MiniRaftClusterWithNetty3c4332a1/ss2/fc8e5846-91e5-460c-9520-1ce3cbd1cdac/in_use.lock acquired by nodename 8670@ratis-test-vpfcj-1787858657
2019-09-26 13:53:12,221 INFO  impl.LeaderElection (LeaderElection.java:askForVotes(178)) - s0@group-1CE3CBD1CDAC-LeaderElection17: begin an election at term 3 for 1: [s0:0.0.0.0:39552, s1:0.0.0.0:42687, s2:0.0.0.0:42535], old=null
2019-09-26 13:53:12,221 TRACE util.FileUtils (LogUtils.java:runAndLog(61)) - Successfully ran Files.createDirectories /workdir/ratis-test/target/test/data/6a0c724f/MiniRaftClusterWithNetty3c4332a1/ss1/fc8e5846-91e5-460c-9520-1ce3cbd1cdac/current
2019-09-26 13:53:12,221 TRACE util.FileUtils (LogUtils.java:runAndLog(61)) - Successfully ran Files.createDirectories /workdir/ratis-test/target/test/data/6a0c724f/MiniRaftClusterWithNetty3c4332a1/ss2/fc8e5846-91e5-460c-9520-1ce3cbd1cdac/current
2019-09-26 13:53:12,221 TRACE util.FileUtils (LogUtils.java:runAndLog(61)) - Successfully ran Files.createDirectories /workdir/ratis-test/target/test/data/6a0c724f/MiniRaftClusterWithNetty3c4332a1/ss1/fc8e5846-91e5-460c-9520-1ce3cbd1cdac/sm
2019-09-26 13:53:12,221 TRACE util.FileUtils (LogUtils.java:runAndLog(61)) - Successfully ran Files.createDirectories /workdir/ratis-test/target/test/data/6a0c724f/MiniRaftClusterWithNetty3c4332a1/ss2/fc8e5846-91e5-460c-9520-1ce3cbd1cdac/sm
2019-09-26 13:53:12,222 DEBUG impl.RaftServerImpl (RaftServerImpl.java:requestVote(743)) - s2@group-1CE3CBD1CDAC: receive requestVote(s0, group-1CE3CBD1CDAC, 3, (t:2, i:2))
2019-09-26 13:53:12,222 DEBUG impl.RaftServerImpl (RaftServerImpl.java:requestVote(743)) - s1@group-1CE3CBD1CDAC: receive requestVote(s0, group-1CE3CBD1CDAC, 3, (t:2, i:2))
2019-09-26 13:53:12,222 INFO  impl.RaftServerImpl (ServerState.java:setLeader(254)) - s2@group-1CE3CBD1CDAC: change Leader from s2 to null at term 3 for updateCurrentTerm
2019-09-26 13:53:12,222 INFO  impl.RaftServerImpl (ServerState.java:setLeader(254)) - s1@group-1CE3CBD1CDAC: change Leader from s2 to null at term 3 for updateCurrentTerm
2019-09-26 13:53:12,223 INFO  impl.RaftServerImpl (RaftServerImpl.java:setRole(170)) - s2@group-1CE3CBD1CDAC: changes role from    LEADER to FOLLOWER at term 3 for recognizeCandidate:s0
2019-09-26 13:53:12,223 INFO  impl.RaftServerImpl (RaftServerImpl.java:setRole(170)) - s1@group-1CE3CBD1CDAC: changes role from  FOLLOWER to FOLLOWER at term 3 for recognizeCandidate:s0
2019-09-26 13:53:12,223 INFO  impl.RoleInfo (RoleInfo.java:shutdownLeaderState(104)) - s2: shutdown LeaderState
2019-09-26 13:53:12,223 INFO  impl.RoleInfo (RoleInfo.java:shutdownFollowerState(121)) - s1: shutdown FollowerState
2019-09-26 13:53:12,224 INFO  impl.LogAppender (LogAppender.java:run(78)) - s2@group-1CE3CBD1CDAC->s0-LogAppender-AppenderDaemon was interrupted: java.lang.InterruptedException
2019-09-26 13:53:12,224 INFO  impl.FollowerState (FollowerState.java:run(117)) - s1@group-1CE3CBD1CDAC-FollowerState was interrupted: java.lang.InterruptedException: sleep interrupted
2019-09-26 13:53:12,224 INFO  impl.LogAppender (LogAppender.java:run(78)) - s2@group-1CE3CBD1CDAC->s1-LogAppender-AppenderDaemon was interrupted: java.lang.InterruptedException
2019-09-26 13:53:12,224 INFO  impl.RoleInfo (RoleInfo.java:updateAndGet(143)) - s1: start FollowerState
2019-09-26 13:53:12,224 INFO  impl.PendingRequests (PendingRequests.java:sendNotLeaderResponses(202)) - s2@group-1CE3CBD1CDAC-PendingRequests: sendNotLeaderResponses
2019-09-26 13:53:12,227 INFO  impl.RoleInfo (RoleInfo.java:updateAndGet(143)) - s2: start FollowerState
2019-09-26 13:53:12,234 INFO  storage.RaftStorage (RaftStorage.java:format(84)) - Storage directory /workdir/ratis-test/target/test/data/6a0c724f/MiniRaftClusterWithNetty3c4332a1/ss2/fc8e5846-91e5-460c-9520-1ce3cbd1cdac has been successfully formatted.
2019-09-26 13:53:12,235 DEBUG impl.RaftServerImpl (RaftServerImpl.java:requestVote(775)) - s2@group-1CE3CBD1CDAC replies to vote request: s0<-s2#0:FAIL-t3. Peer's state: s2@group-1CE3CBD1CDAC:t3, leader=null, voted=null, raftlog=s2@group-1CE3CBD1CDAC-SegmentedRaftLog:OPENED:c2,f2,i2, conf=1: [s0:0.0.0.0:39552, s1:0.0.0.0:42687, s2:0.0.0.0:42535], old=null
2019-09-26 13:53:12,234 INFO  storage.RaftStorage (RaftStorage.java:format(84)) - Storage directory /workdir/ratis-test/target/test/data/6a0c724f/MiniRaftClusterWithNetty3c4332a1/ss1/fc8e5846-91e5-460c-9520-1ce3cbd1cdac has been successfully formatted.
2019-09-26 13:53:12,235 INFO  server.RaftServerConfigKeys (ConfUtils.java:logGet(43)) - raft.server.notification.no-leader.timeout = 60s (default)
2019-09-26 13:53:12,235 DEBUG impl.RaftServerImpl (RaftServerImpl.java:requestVote(775)) - s1@group-1CE3CBD1CDAC replies to vote request: s0<-s1#0:OK-t3. Peer's state: s1@group-1CE3CBD1CDAC:t3, leader=null, voted=s0, raftlog=s1@group-1CE3CBD1CDAC-SegmentedRaftLog:OPENED:c2,f2,i2, conf=1: [s0:0.0.0.0:39552, s1:0.0.0.0:42687, s2:0.0.0.0:42535], old=null
2019-09-26 13:53:12,235 INFO  server.RaftServerConfigKeys (ConfUtils.java:logGet(43)) - raft.server.log.use.memory = false (default)
2019-09-26 13:53:12,235 INFO  server.RaftServerConfigKeys (ConfUtils.java:logGet(43)) - raft.server.notification.no-leader.timeout = 60s (default)
2019-09-26 13:53:12,235 INFO  server.RaftServerConfigKeys (ConfUtils.java:logGet(43)) - raft.server.log.purge.gap = 1024 (default)
2019-09-26 13:53:12,235 INFO  server.RaftServerConfigKeys (ConfUtils.java:logGet(43)) - raft.server.log.use.memory = false (default)
2019-09-26 13:53:12,235 INFO  server.RaftServerConfigKeys (ConfUtils.java:logGet(43)) - raft.server.log.appender.buffer.byte-limit = 4KB (=4096) (custom)
2019-09-26 13:53:12,235 INFO  server.RaftServerConfigKeys (ConfUtils.java:logGet(43)) - raft.server.log.purge.gap = 1024 (default)
2019-09-26 13:53:12,236 INFO  server.RaftServerConfigKeys (ConfUtils.java:logGet(43)) - raft.server.log.segment.size.max = 8MB (=8388608) (default)
2019-09-26 13:53:12,236 INFO  impl.LeaderElection (LeaderElection.java:logAndReturn(56)) - s0@group-1CE3CBD1CDAC-LeaderElection17: Election PASSED; received 2 response(s) [s0<-s1#0:OK-t3, s0<-s2#0:FAIL-t3] and 0 exception(s); s0@group-1CE3CBD1CDAC:t3, leader=null, voted=s0, raftlog=s0@group-1CE3CBD1CDAC-SegmentedRaftLog:OPENED:c2,f2,i2, conf=1: [s0:0.0.0.0:39552, s1:0.0.0.0:42687, s2:0.0.0.0:42535], old=null
2019-09-26 13:53:12,236 INFO  server.RaftServerConfigKeys (ConfUtils.java:logGet(43)) - raft.server.log.segment.cache.num.max = 6 (default)
2019-09-26 13:53:12,236 INFO  server.RaftServerConfigKeys (ConfUtils.java:logGet(43)) - raft.server.log.appender.buffer.byte-limit = 4KB (=4096) (custom)
2019-09-26 13:53:12,236 INFO  segmented.SegmentedRaftLogWorker (SegmentedRaftLogWorker.java:<init>(172)) - new ss2@group-1CE3CBD1CDAC-SegmentedRaftLogWorker for RaftStorage:Storage Directory /workdir/ratis-test/target/test/data/6a0c724f/MiniRaftClusterWithNetty3c4332a1/ss2/fc8e5846-91e5-460c-9520-1ce3cbd1cdac
2019-09-26 13:53:12,236 INFO  impl.RoleInfo (RoleInfo.java:shutdownLeaderElection(134)) - s0: shutdown LeaderElection
2019-09-26 13:53:12,236 INFO  server.RaftServerConfigKeys (ConfUtils.java:logGet(43)) - raft.server.log.segment.size.max = 8MB (=8388608) (default)
2019-09-26 13:53:12,237 INFO  impl.RaftServerImpl (RaftServerImpl.java:setRole(170)) - s0@group-1CE3CBD1CDAC: changes role from CANDIDATE to LEADER at term 3 for changeToLeader
2019-09-26 13:53:12,237 INFO  server.RaftServerConfigKeys (ConfUtils.java:logGet(43)) - raft.server.log.segment.cache.num.max = 6 (default)
2019-09-26 13:53:12,237 INFO  impl.RaftServerImpl (ServerState.java:setLeader(254)) - s0@group-1CE3CBD1CDAC: change Leader from null to s0 at term 3 for becomeLeader, leader elected after 30ms
2019-09-26 13:53:12,237 INFO  segmented.SegmentedRaftLogWorker (SegmentedRaftLogWorker.java:<init>(172)) - new ss1@group-1CE3CBD1CDAC-SegmentedRaftLogWorker for RaftStorage:Storage Directory /workdir/ratis-test/target/test/data/6a0c724f/MiniRaftClusterWithNetty3c4332a1/ss1/fc8e5846-91e5-460c-9520-1ce3cbd1cdac
2019-09-26 13:53:12,237 INFO  server.RaftServerConfigKeys (ConfUtils.java:logGet(43)) - raft.server.staging.catchup.gap = 1000 (default)
2019-09-26 13:53:12,237 INFO  server.RaftServerConfigKeys (ConfUtils.java:logGet(43)) - raft.server.rpc.sleep.time = 25ms (default)
2019-09-26 13:53:12,237 INFO  server.RaftServerConfigKeys (ConfUtils.java:logGet(43)) - raft.server.write.element-limit = 4096 (default)
2019-09-26 13:53:12,238 INFO  server.RaftServerConfigKeys (ConfUtils.java:logGet(43)) - raft.server.watch.timeout = 10s (default)
2019-09-26 13:53:12,238 INFO  server.RaftServerConfigKeys (ConfUtils.java:logGet(43)) - raft.server.watch.timeout.denomination = 1s (default)
2019-09-26 13:53:12,238 INFO  server.RaftServerConfigKeys (ConfUtils.java:logGet(43)) - raft.server.watch.element-limit = 65536 (default)
2019-09-26 13:53:12,239 INFO  server.RaftServerConfigKeys (ConfUtils.java:logGet(43)) - raft.server.log.queue.byte-limit = 64MB (=67108864) (default)
2019-09-26 13:53:12,240 INFO  server.RaftServerConfigKeys (ConfUtils.java:logGet(43)) - raft.server.log.queue.element-limit = 4096 (default)
2019-09-26 13:53:12,240 INFO  server.RaftServerConfigKeys (ConfUtils.java:logGet(43)) - raft.server.log.segment.size.max = 8MB (=8388608) (default)
2019-09-26 13:53:12,240 INFO  server.RaftServerConfigKeys (ConfUtils.java:logGet(43)) - raft.server.log.preallocated.size = 4MB (=4194304) (default)
2019-09-26 13:53:12,240 INFO  server.RaftServerConfigKeys (ConfUtils.java:logGet(43)) - raft.server.log.write.buffer.size = 64KB (=65536) (default)
2019-09-26 13:53:12,240 INFO  server.RaftServerConfigKeys (ConfUtils.java:logGet(43)) - raft.server.log.queue.byte-limit = 64MB (=67108864) (default)
2019-09-26 13:53:12,240 INFO  server.RaftServerConfigKeys (ConfUtils.java:logGet(43)) - raft.server.log.force.sync.num = 128 (default)
2019-09-26 13:53:12,240 INFO  server.RaftServerConfigKeys (ConfUtils.java:logGet(43)) - raft.server.log.queue.element-limit = 4096 (default)
2019-09-26 13:53:12,240 INFO  server.RaftServerConfigKeys (ConfUtils.java:logGet(43)) - raft.server.log.statemachine.data.sync = true (default)
2019-09-26 13:53:12,240 INFO  server.RaftServerConfigKeys (ConfUtils.java:logGet(43)) - raft.server.log.segment.size.max = 8MB (=8388608) (default)
2019-09-26 13:53:12,240 INFO  server.RaftServerConfigKeys (ConfUtils.java:logGet(43)) - raft.server.log.statemachine.data.sync.timeout = 10s (default)
2019-09-26 13:53:12,240 INFO  server.RaftServerConfigKeys (ConfUtils.java:logGet(43)) - raft.server.log.preallocated.size = 4MB (=4194304) (default)
2019-09-26 13:53:12,241 INFO  server.RaftServerConfigKeys (ConfUtils.java:logGet(43)) - raft.server.log.statemachine.data.sync.timeout.retry = -1 (default)
2019-09-26 13:53:12,241 INFO  server.RaftServerConfigKeys (ConfUtils.java:logGet(43)) - raft.server.log.write.buffer.size = 64KB (=65536) (default)
2019-09-26 13:53:12,241 INFO  server.RaftServerConfigKeys (ConfUtils.java:logGet(43)) - raft.server.log.force.sync.num = 128 (default)
2019-09-26 13:53:12,241 INFO  server.RaftServerConfigKeys (ConfUtils.java:logGet(43)) - raft.server.log.statemachine.data.caching.enabled = false (default)
2019-09-26 13:53:12,241 INFO  server.RaftServerConfigKeys (ConfUtils.java:logGet(43)) - raft.server.log.statemachine.data.sync = true (default)
2019-09-26 13:53:12,241 INFO  server.RaftServerConfigKeys (ConfUtils.java:logGet(43)) - raft.server.log.statemachine.data.sync.timeout = 10s (default)
2019-09-26 13:53:12,241 INFO  server.RaftServerConfigKeys (ConfUtils.java:logGet(43)) - raft.server.log.appender.snapshot.chunk.size.max = 16MB (=16777216) (default)
2019-09-26 13:53:12,241 INFO  server.RaftServerConfigKeys (ConfUtils.java:logGet(43)) - raft.server.log.statemachine.data.sync.timeout.retry = -1 (default)
2019-09-26 13:53:12,241 INFO  segmented.SegmentedRaftLogWorker (SegmentedRaftLogWorker.java:lambda$new$0(132)) - ss2@group-1CE3CBD1CDAC-SegmentedRaftLogWorker: flushIndex: setUnconditionally 0 -> -1
2019-09-26 13:53:12,242 INFO  server.RaftServerConfigKeys (ConfUtils.java:logGet(43)) - raft.server.log.statemachine.data.caching.enabled = false (default)
2019-09-26 13:53:12,241 INFO  server.RaftServerConfigKeys (ConfUtils.java:logGet(43)) - raft.server.log.appender.buffer.byte-limit = 4KB (=4096) (custom)
2019-09-26 13:53:12,242 INFO  segmented.SegmentedRaftLogWorker (SegmentedRaftLogWorker.java:lambda$new$0(132)) - ss1@group-1CE3CBD1CDAC-SegmentedRaftLogWorker: flushIndex: setUnconditionally 0 -> -1
2019-09-26 13:53:12,242 INFO  server.RaftServerConfigKeys (ConfUtils.java:logGet(43)) - raft.server.snapshot.auto.trigger.enabled = false (default)
2019-09-26 13:53:12,242 INFO  server.RaftServerConfigKeys (ConfUtils.java:logGet(43)) - raft.server.log.appender.buffer.element-limit = 0 (default)
2019-09-26 13:53:12,242 INFO  server.RaftServerConfigKeys (ConfUtils.java:logGet(43)) - raft.server.snapshot.auto.trigger.enabled = false (default)
2019-09-26 13:53:12,242 INFO  server.RaftServerConfigKeys (ConfUtils.java:logGet(43)) - raft.server.snapshot.retention.file.num = -1 (default)
2019-09-26 13:53:12,242 INFO  server.RaftServerConfigKeys (ConfUtils.java:logGet(43)) - raft.server.snapshot.retention.file.num = -1 (default)
2019-09-26 13:53:12,242 INFO  server.RaftServerConfigKeys (ConfUtils.java:logGet(43)) - raft.server.retrycache.expirytime = 60s (default)
2019-09-26 13:53:12,242 INFO  server.RaftServerConfigKeys (ConfUtils.java:logGet(43)) - raft.server.log.appender.snapshot.chunk.size.max = 16MB (=16777216) (default)
2019-09-26 13:53:12,242 INFO  server.RaftServerConfigKeys (ConfUtils.java:logGet(43)) - raft.server.retrycache.expirytime = 60s (default)
2019-09-26 13:53:12,243 INFO  server.RaftServerConfigKeys (ConfUtils.java:logGet(43)) - raft.server.log.appender.buffer.byte-limit = 4KB (=4096) (custom)
2019-09-26 13:53:12,243 INFO  server.RaftServerConfigKeys (ConfUtils.java:logGet(43)) - raft.server.log.appender.buffer.element-limit = 0 (default)
2019-09-26 13:53:12,243 INFO  impl.RoleInfo (RoleInfo.java:updateAndGet(143)) - s0: start LeaderState
2019-09-26 13:53:12,244 DEBUG raftlog.RaftLog (SegmentedRaftLog.java:appendImpl(425)) - truncateIndex=-1, arrayIndex=0
2019-09-26 13:53:12,244 INFO  segmented.SegmentedRaftLogWorker (SegmentedRaftLogWorker.java:rollLogSegment(385)) - s0@group-1CE3CBD1CDAC-SegmentedRaftLogWorker: Rolling segment log-1_2 to index:2
2019-09-26 13:53:12,245 INFO  impl.RaftServerImpl (ServerState.java:setRaftConf(355)) - s0@group-1CE3CBD1CDAC: set configuration 3: [s0:0.0.0.0:39552, s1:0.0.0.0:42687, s2:0.0.0.0:42535], old=null at 3
2019-09-26 13:53:12,246 TRACE util.FileUtils (LogUtils.java:runAndLog(61)) - Successfully ran Files.move /workdir/ratis-test/target/test/data/6a0c724f/MiniRaftClusterWithNetty3c4332a1/s0/fc8e5846-91e5-460c-9520-1ce3cbd1cdac/current/log_inprogress_1 to /workdir/ratis-test/target/test/data/6a0c724f/MiniRaftClusterWithNetty3c4332a1/s0/fc8e5846-91e5-460c-9520-1ce3cbd1cdac/current/log_1-2
2019-09-26 13:53:12,246 INFO  segmented.SegmentedRaftLogWorker (SegmentedRaftLogWorker.java:execute(526)) - s0@group-1CE3CBD1CDAC-SegmentedRaftLogWorker: Rolled log segment from /workdir/ratis-test/target/test/data/6a0c724f/MiniRaftClusterWithNetty3c4332a1/s0/fc8e5846-91e5-460c-9520-1ce3cbd1cdac/current/log_inprogress_1 to /workdir/ratis-test/target/test/data/6a0c724f/MiniRaftClusterWithNetty3c4332a1/s0/fc8e5846-91e5-460c-9520-1ce3cbd1cdac/current/log_1-2
2019-09-26 13:53:12,247 INFO  impl.RaftServerImpl (RaftServerImpl.java:start(184)) - ss1@group-1CE3CBD1CDAC: start with initializing state, conf=-1: [s0:0.0.0.0:39552, s1:0.0.0.0:42687, s2:0.0.0.0:42535], old=null
2019-09-26 13:53:12,247 INFO  impl.RaftServerImpl (ServerState.java:setLeader(254)) - s1@group-1CE3CBD1CDAC: change Leader from null to s0 at term 3 for appendEntries, leader elected after 24ms
2019-09-26 13:53:12,247 INFO  impl.RaftServerImpl (ServerState.java:setLeader(254)) - s2@group-1CE3CBD1CDAC: change Leader from null to s0 at term 3 for appendEntries, leader elected after 24ms
2019-09-26 13:53:12,247 INFO  impl.RaftServerImpl (RaftServerImpl.java:setRole(170)) - ss1@group-1CE3CBD1CDAC: changes role from      null to FOLLOWER at term 0 for startInitializing
2019-09-26 13:53:12,248 INFO  util.JmxRegister (JmxRegister.java:tryRegister(44)) - Successfully registered JMX Bean with object name Ratis:service=RaftServer,group=group-1CE3CBD1CDAC,id=ss1
2019-09-26 13:53:12,248 DEBUG impl.RaftServerImpl (RaftServerImpl.java:logAppendEntries(850)) - s2@group-1CE3CBD1CDAC: receive appendEntries(s0, 3, (t:2, i:2), 2, false, commits[s0:c2, s1:c2, s2:c2], entries: (t:3, i:3), CONFIGURATIONENTRY
2019-09-26 13:53:12,248 DEBUG impl.RaftServerImpl (RaftServerImpl.java:logAppendEntries(850)) - s1@group-1CE3CBD1CDAC: receive appendEntries(s0, 3, (t:2, i:2), 2, false, commits[s0:c2, s1:c2, s2:c2], entries: (t:3, i:3), CONFIGURATIONENTRY
2019-09-26 13:53:12,249 INFO  impl.RaftServerImpl (ServerState.java:setRaftConf(355)) - s2@group-1CE3CBD1CDAC: set configuration 3: [s0:0.0.0.0:39552, s1:0.0.0.0:42687, s2:0.0.0.0:42535], old=null at 3
2019-09-26 13:53:12,250 INFO  impl.RaftServerImpl (ServerState.java:setRaftConf(355)) - s1@group-1CE3CBD1CDAC: set configuration 3: [s0:0.0.0.0:39552, s1:0.0.0.0:42687, s2:0.0.0.0:42535], old=null at 3
2019-09-26 13:53:12,250 DEBUG raftlog.RaftLog (SegmentedRaftLog.java:appendImpl(425)) - truncateIndex=-1, arrayIndex=0
2019-09-26 13:53:12,250 DEBUG raftlog.RaftLog (SegmentedRaftLog.java:appendImpl(425)) - truncateIndex=-1, arrayIndex=0
2019-09-26 13:53:12,250 INFO  segmented.SegmentedRaftLogWorker (SegmentedRaftLogWorker.java:rollLogSegment(385)) - s2@group-1CE3CBD1CDAC-SegmentedRaftLogWorker: Rolling segment log-1_2 to index:2
2019-09-26 13:53:12,250 INFO  segmented.SegmentedRaftLogWorker (SegmentedRaftLogWorker.java:rollLogSegment(385)) - s1@group-1CE3CBD1CDAC-SegmentedRaftLogWorker: Rolling segment log-1_2 to index:2
2019-09-26 13:53:12,251 INFO  impl.RaftServerProxy (RaftServerProxy.java:lambda$start$3(299)) - ss1: start RPC server
2019-09-26 13:53:12,252 INFO  impl.RaftServerImpl (RaftServerImpl.java:start(184)) - ss2@group-1CE3CBD1CDAC: start with initializing state, conf=-1: [s0:0.0.0.0:39552, s1:0.0.0.0:42687, s2:0.0.0.0:42535], old=null
2019-09-26 13:53:12,252 INFO  impl.RaftServerImpl (RaftServerImpl.java:setRole(170)) - ss2@group-1CE3CBD1CDAC: changes role from      null to FOLLOWER at term 0 for startInitializing
2019-09-26 13:53:12,252 TRACE util.FileUtils (LogUtils.java:runAndLog(61)) - Successfully ran Files.move /workdir/ratis-test/target/test/data/6a0c724f/MiniRaftClusterWithNetty3c4332a1/s2/fc8e5846-91e5-460c-9520-1ce3cbd1cdac/current/log_inprogress_1 to /workdir/ratis-test/target/test/data/6a0c724f/MiniRaftClusterWithNetty3c4332a1/s2/fc8e5846-91e5-460c-9520-1ce3cbd1cdac/current/log_1-2
2019-09-26 13:53:12,252 INFO  util.JmxRegister (JmxRegister.java:tryRegister(44)) - Successfully registered JMX Bean with object name Ratis:service=RaftServer,group=group-1CE3CBD1CDAC,id=ss2
2019-09-26 13:53:12,252 INFO  segmented.SegmentedRaftLogWorker (SegmentedRaftLogWorker.java:execute(526)) - s2@group-1CE3CBD1CDAC-SegmentedRaftLogWorker: Rolled log segment from /workdir/ratis-test/target/test/data/6a0c724f/MiniRaftClusterWithNetty3c4332a1/s2/fc8e5846-91e5-460c-9520-1ce3cbd1cdac/current/log_inprogress_1 to /workdir/ratis-test/target/test/data/6a0c724f/MiniRaftClusterWithNetty3c4332a1/s2/fc8e5846-91e5-460c-9520-1ce3cbd1cdac/current/log_1-2
2019-09-26 13:53:12,253 TRACE util.FileUtils (LogUtils.java:runAndLog(61)) - Successfully ran Files.move /workdir/ratis-test/target/test/data/6a0c724f/MiniRaftClusterWithNetty3c4332a1/s1/fc8e5846-91e5-460c-9520-1ce3cbd1cdac/current/log_inprogress_1 to /workdir/ratis-test/target/test/data/6a0c724f/MiniRaftClusterWithNetty3c4332a1/s1/fc8e5846-91e5-460c-9520-1ce3cbd1cdac/current/log_1-2
2019-09-26 13:53:12,253 INFO  segmented.SegmentedRaftLogWorker (SegmentedRaftLogWorker.java:execute(526)) - s1@group-1CE3CBD1CDAC-SegmentedRaftLogWorker: Rolled log segment from /workdir/ratis-test/target/test/data/6a0c724f/MiniRaftClusterWithNetty3c4332a1/s1/fc8e5846-91e5-460c-9520-1ce3cbd1cdac/current/log_inprogress_1 to /workdir/ratis-test/target/test/data/6a0c724f/MiniRaftClusterWithNetty3c4332a1/s1/fc8e5846-91e5-460c-9520-1ce3cbd1cdac/current/log_1-2
2019-09-26 13:53:12,255 INFO  impl.RaftServerProxy (RaftServerProxy.java:lambda$start$3(299)) - ss2: start RPC server
2019-09-26 13:53:12,256 INFO  netty.TestRaftExceptionWithNetty (RaftExceptionBaseTest.java:runTestNotLeaderExceptionWithReconf(122)) - Start changing the configuration: [ss1:0.0.0.0:34657, ss2:0.0.0.0:41202, s0:0.0.0.0:39552, s1:0.0.0.0:42687, s2:0.0.0.0:42535]
2019-09-26 13:53:12,256 DEBUG client.RaftClient (ConfUtils.java:logGet(43)) - raft.rpc.type = NETTY (custom)
2019-09-26 13:53:12,257 DEBUG client.RaftClient (RaftClientImpl.java:sendRequest(275)) - client-F8BF4EF35926: send SetConfigurationRequest:client-F8BF4EF35926->s2@group-1CE3CBD1CDAC, cid=9, seq=0, RW, null, peers:[ss1:0.0.0.0:34657, ss2:0.0.0.0:41202, s0:0.0.0.0:39552, s1:0.0.0.0:42687, s2:0.0.0.0:42535]
2019-09-26 13:53:12,259 INFO  logging.LoggingHandler (AbstractInternalLogger.java:log(150)) - [id: 0x73663a47, L:/0.0.0.0:42535] READ: [id: 0x0a826e09, L:/192.168.151.68:42535 - R:/192.168.151.68:50078]
2019-09-26 13:53:12,259 INFO  logging.LoggingHandler (AbstractInternalLogger.java:log(150)) - [id: 0x73663a47, L:/0.0.0.0:42535] READ COMPLETE
2019-09-26 13:53:12,260 INFO  impl.RaftServerImpl (RaftServerImpl.java:setConfigurationAsync(658)) - s2@group-1CE3CBD1CDAC: receive setConfiguration SetConfigurationRequest:client-F8BF4EF35926->s2@group-1CE3CBD1CDAC, cid=9, seq=0, RW, null, peers:[ss1:0.0.0.0:34657, ss2:0.0.0.0:41202, s0:0.0.0.0:39552, s1:0.0.0.0:42687, s2:0.0.0.0:42535]
2019-09-26 13:53:12,261 DEBUG client.RaftClient (RaftClientImpl.java:sendRequest(285)) - client-F8BF4EF35926: receive RaftClientReply:client-F8BF4EF35926->s2@group-1CE3CBD1CDAC, cid=9, FAILED org.apache.ratis.protocol.NotLeaderException: Server s2@group-1CE3CBD1CDAC is not the leader s0:0.0.0.0:39552, logIndex=0, commits[s2:c2, s0:c2, s1:c2]
2019-09-26 13:53:12,262 DEBUG client.RaftClient (RaftClientImpl.java:handleIOException(343)) - client-F8BF4EF35926: suggested new leader: s0. Failed SetConfigurationRequest:client-F8BF4EF35926->s2@group-1CE3CBD1CDAC, cid=9, seq=0, RW, null, peers:[ss1:0.0.0.0:34657, ss2:0.0.0.0:41202, s0:0.0.0.0:39552, s1:0.0.0.0:42687, s2:0.0.0.0:42535] with org.apache.ratis.protocol.NotLeaderException: Server s2@group-1CE3CBD1CDAC is not the leader s0:0.0.0.0:39552
2019-09-26 13:53:12,262 DEBUG client.RaftClient (RaftClientImpl.java:handleIOException(362)) - client-F8BF4EF35926: oldLeader=s2,  curLeader=s2, newLeader=s0
2019-09-26 13:53:12,262 DEBUG client.RaftClient (RaftClientImpl.java:handleIOException(370)) - group-1CE3CBD1CDAC client-F8BF4EF35926: client change Leader from s2 to s0 ex=org.apache.ratis.protocol.NotLeaderException
2019-09-26 13:53:12,362 DEBUG client.RaftClient (RaftClientImpl.java:sendRequest(275)) - client-F8BF4EF35926: send SetConfigurationRequest:client-F8BF4EF35926->s0@group-1CE3CBD1CDAC, cid=9, seq=0, RW, null, peers:[ss1:0.0.0.0:34657, ss2:0.0.0.0:41202, s0:0.0.0.0:39552, s1:0.0.0.0:42687, s2:0.0.0.0:42535]
2019-09-26 13:53:12,365 INFO  logging.LoggingHandler (AbstractInternalLogger.java:log(150)) - [id: 0xc12d740d, L:/0.0.0.0:39552] READ: [id: 0x4108bec8, L:/192.168.151.68:39552 - R:/192.168.151.68:43684]
2019-09-26 13:53:12,365 INFO  logging.LoggingHandler (AbstractInternalLogger.java:log(150)) - [id: 0xc12d740d, L:/0.0.0.0:39552] READ COMPLETE
2019-09-26 13:53:12,366 INFO  impl.RaftServerImpl (RaftServerImpl.java:setConfigurationAsync(658)) - s0@group-1CE3CBD1CDAC: receive setConfiguration SetConfigurationRequest:client-F8BF4EF35926->s0@group-1CE3CBD1CDAC, cid=9, seq=0, RW, null, peers:[ss1:0.0.0.0:34657, ss2:0.0.0.0:41202, s0:0.0.0.0:39552, s1:0.0.0.0:42687, s2:0.0.0.0:42535]
2019-09-26 13:53:12,368 DEBUG client.RaftClient (RaftClientImpl.java:sendRequest(285)) - client-F8BF4EF35926: receive RaftClientReply:client-F8BF4EF35926->s0@group-1CE3CBD1CDAC, cid=9, FAILED org.apache.ratis.protocol.LeaderNotReadyException: s0@group-1CE3CBD1CDAC is in LEADER state but not ready yet., logIndex=0, commits[s0:c2, s1:c2, s2:c2]
2019-09-26 13:53:12,405 INFO  segmented.SegmentedRaftLogWorker (SegmentedRaftLogWorker.java:execute(569)) - s2@group-1CE3CBD1CDAC-SegmentedRaftLogWorker: created new log segment /workdir/ratis-test/target/test/data/6a0c724f/MiniRaftClusterWithNetty3c4332a1/s2/fc8e5846-91e5-460c-9520-1ce3cbd1cdac/current/log_inprogress_3
2019-09-26 13:53:12,405 INFO  segmented.SegmentedRaftLogWorker (SegmentedRaftLogWorker.java:execute(569)) - s1@group-1CE3CBD1CDAC-SegmentedRaftLogWorker: created new log segment /workdir/ratis-test/target/test/data/6a0c724f/MiniRaftClusterWithNetty3c4332a1/s1/fc8e5846-91e5-460c-9520-1ce3cbd1cdac/current/log_inprogress_3
2019-09-26 13:53:12,405 INFO  segmented.SegmentedRaftLogWorker (SegmentedRaftLogWorker.java:execute(569)) - s0@group-1CE3CBD1CDAC-SegmentedRaftLogWorker: created new log segment /workdir/ratis-test/target/test/data/6a0c724f/MiniRaftClusterWithNetty3c4332a1/s0/fc8e5846-91e5-460c-9520-1ce3cbd1cdac/current/log_inprogress_3
2019-09-26 13:53:12,406 DEBUG impl.RaftServerImpl (RaftServerImpl.java:logAppendEntries(850)) - s2@group-1CE3CBD1CDAC: succeeded to handle AppendEntries. Reply: s0<-s2#0:OK,SUCCESS,nextIndex:4,term:3,followerCommit:2
2019-09-26 13:53:12,407 DEBUG impl.RaftServerImpl (RaftServerImpl.java:logAppendEntries(850)) - s1@group-1CE3CBD1CDAC: succeeded to handle AppendEntries. Reply: s0<-s1#0:OK,SUCCESS,nextIndex:4,term:3,followerCommit:2
2019-09-26 13:53:12,409 DEBUG impl.RaftServerImpl (RaftServerImpl.java:logAppendEntries(850)) - s2@group-1CE3CBD1CDAC: receive appendEntries(s0, 3, (t:3, i:3), 3, false, commits[s0:c3, s1:c2, s2:c2], entries: (t:3, i:4), METADATAENTRY(c3)
2019-09-26 13:53:12,409 DEBUG impl.RaftServerImpl (RaftServerImpl.java:logAppendEntries(850)) - s1@group-1CE3CBD1CDAC: receive appendEntries(s0, 3, (t:3, i:3), 3, false, commits[s0:c3, s1:c2, s2:c2], entries: (t:3, i:4), METADATAENTRY(c3)
2019-09-26 13:53:12,409 DEBUG raftlog.RaftLog (SegmentedRaftLog.java:appendImpl(425)) - truncateIndex=-1, arrayIndex=0
2019-09-26 13:53:12,409 DEBUG raftlog.RaftLog (SegmentedRaftLog.java:appendImpl(425)) - truncateIndex=-1, arrayIndex=0
2019-09-26 13:53:12,420 DEBUG impl.RaftServerImpl (RaftServerImpl.java:logAppendEntries(850)) - s2@group-1CE3CBD1CDAC: succeeded to handle AppendEntries. Reply: s0<-s2#0:OK,SUCCESS,nextIndex:5,term:3,followerCommit:3
2019-09-26 13:53:12,420 DEBUG impl.RaftServerImpl (RaftServerImpl.java:logAppendEntries(850)) - s1@group-1CE3CBD1CDAC: succeeded to handle AppendEntries. Reply: s0<-s1#0:OK,SUCCESS,nextIndex:5,term:3,followerCommit:3
2019-09-26 13:53:12,468 DEBUG client.RaftClient (RaftClientImpl.java:sendRequest(275)) - client-F8BF4EF35926: send SetConfigurationRequest:client-F8BF4EF35926->s0@group-1CE3CBD1CDAC, cid=9, seq=0, RW, null, peers:[ss1:0.0.0.0:34657, ss2:0.0.0.0:41202, s0:0.0.0.0:39552, s1:0.0.0.0:42687, s2:0.0.0.0:42535]
2019-09-26 13:53:12,469 INFO  impl.RaftServerImpl (RaftServerImpl.java:setConfigurationAsync(658)) - s0@group-1CE3CBD1CDAC: receive setConfiguration SetConfigurationRequest:client-F8BF4EF35926->s0@group-1CE3CBD1CDAC, cid=9, seq=0, RW, null, peers:[ss1:0.0.0.0:34657, ss2:0.0.0.0:41202, s0:0.0.0.0:39552, s1:0.0.0.0:42687, s2:0.0.0.0:42535]
2019-09-26 13:53:12,470 INFO  impl.RaftServerImpl (LeaderState.java:startSetConfiguration(287)) - s0@group-1CE3CBD1CDAC-LeaderState: startSetConfiguration SetConfigurationRequest:client-F8BF4EF35926->s0@group-1CE3CBD1CDAC, cid=9, seq=0, RW, null, peers:[ss1:0.0.0.0:34657, ss2:0.0.0.0:41202, s0:0.0.0.0:39552, s1:0.0.0.0:42687, s2:0.0.0.0:42535]
2019-09-26 13:53:12,472 INFO  server.RaftServerConfigKeys (ConfUtils.java:logGet(43)) - raft.server.log.appender.snapshot.chunk.size.max = 16MB (=16777216) (default)
2019-09-26 13:53:12,472 INFO  server.RaftServerConfigKeys (ConfUtils.java:logGet(43)) - raft.server.log.appender.buffer.byte-limit = 4KB (=4096) (custom)
2019-09-26 13:53:12,472 INFO  server.RaftServerConfigKeys (ConfUtils.java:logGet(43)) - raft.server.log.appender.buffer.element-limit = 0 (default)
2019-09-26 13:53:12,473 INFO  server.RaftServerConfigKeys (ConfUtils.java:logGet(43)) - raft.server.log.appender.snapshot.chunk.size.max = 16MB (=16777216) (default)
2019-09-26 13:53:12,473 INFO  server.RaftServerConfigKeys (ConfUtils.java:logGet(43)) - raft.server.log.appender.buffer.byte-limit = 4KB (=4096) (custom)
2019-09-26 13:53:12,474 INFO  server.RaftServerConfigKeys (ConfUtils.java:logGet(43)) - raft.server.log.appender.buffer.element-limit = 0 (default)
2019-09-26 13:53:12,479 INFO  logging.LoggingHandler (AbstractInternalLogger.java:log(150)) - [id: 0xd2b8eee9, L:/0.0.0.0:34657] READ: [id: 0x932f6de4, L:/192.168.151.68:34657 - R:/192.168.151.68:53430]
2019-09-26 13:53:12,479 INFO  logging.LoggingHandler (AbstractInternalLogger.java:log(150)) - [id: 0x7745cdc7, L:/0.0.0.0:41202] READ: [id: 0xc7c5fdff, L:/192.168.151.68:41202 - R:/192.168.151.68:60836]
2019-09-26 13:53:12,479 INFO  logging.LoggingHandler (AbstractInternalLogger.java:log(150)) - [id: 0xd2b8eee9, L:/0.0.0.0:34657] READ COMPLETE
2019-09-26 13:53:12,480 INFO  logging.LoggingHandler (AbstractInternalLogger.java:log(150)) - [id: 0x7745cdc7, L:/0.0.0.0:41202] READ COMPLETE
2019-09-26 13:53:12,494 INFO  impl.RaftServerImpl (ServerState.java:setLeader(254)) - ss1@group-1CE3CBD1CDAC: change Leader from null to s0 at term 3 for appendEntries, leader elected after 258ms
2019-09-26 13:53:12,494 INFO  impl.RaftServerImpl (ServerState.java:setLeader(254)) - ss2@group-1CE3CBD1CDAC: change Leader from null to s0 at term 3 for appendEntries, leader elected after 259ms
2019-09-26 13:53:12,494 INFO  impl.RaftServerImpl (RaftServerImpl.java:checkInconsistentAppendEntries(999)) - ss1@group-1CE3CBD1CDAC: Failed appendEntries as previous log entry ((t:3, i:4)) is not found
2019-09-26 13:53:12,494 INFO  impl.RaftServerImpl (RaftServerImpl.java:checkInconsistentAppendEntries(999)) - ss2@group-1CE3CBD1CDAC: Failed appendEntries as previous log entry ((t:3, i:4)) is not found
2019-09-26 13:53:12,495 INFO  impl.RaftServerImpl (RaftServerImpl.java:checkInconsistentAppendEntries(972)) - ss1@group-1CE3CBD1CDAC: inconsistency entries. Reply:s0<-ss1#0:FAIL,INCONSISTENCY,nextIndex:1,term:0,followerCommit:-1
2019-09-26 13:53:12,495 INFO  impl.RaftServerImpl (RaftServerImpl.java:checkInconsistentAppendEntries(972)) - ss2@group-1CE3CBD1CDAC: inconsistency entries. Reply:s0<-ss2#0:FAIL,INCONSISTENCY,nextIndex:1,term:0,followerCommit:-1
2019-09-26 13:53:12,498 INFO  impl.FollowerInfo (FollowerInfo.java:lambda$new$0(51)) - s0@group-1CE3CBD1CDAC->ss2: nextIndex: updateUnconditionally 5 -> 1
2019-09-26 13:53:12,498 INFO  impl.FollowerInfo (FollowerInfo.java:lambda$new$0(51)) - s0@group-1CE3CBD1CDAC->ss1: nextIndex: updateUnconditionally 5 -> 1
2019-09-26 13:53:12,501 DEBUG impl.RaftServerImpl (RaftServerImpl.java:logAppendEntries(850)) - ss1@group-1CE3CBD1CDAC: receive appendEntries(s0, 3, (t:1, i:0), 4, true, commits[s0:c4, s1:c3, s2:c4, ss1:c-1, ss2:c-1], entries: [(t:2, i:1), CONFIGURATIONENTRY, (t:2, i:2), METADATAENTRY(c1), (t:3, i:3), CONFIGURATIONENTRY, (t:3, i:4), METADATAENTRY(c3)]
2019-09-26 13:53:12,501 DEBUG impl.RaftServerImpl (RaftServerImpl.java:logAppendEntries(850)) - ss2@group-1CE3CBD1CDAC: receive appendEntries(s0, 3, (t:1, i:0), 4, true, commits[s0:c4, s1:c3, s2:c3, ss1:c-1, ss2:c-1], entries: [(t:2, i:1), CONFIGURATIONENTRY, (t:2, i:2), METADATAENTRY(c1), (t:3, i:3), CONFIGURATIONENTRY, (t:3, i:4), METADATAENTRY(c3)]
2019-09-26 13:53:12,501 INFO  impl.RaftServerImpl (RaftServerImpl.java:checkInconsistentAppendEntries(999)) - ss1@group-1CE3CBD1CDAC: Failed appendEntries as previous log entry ((t:1, i:0)) is not found
2019-09-26 13:53:12,501 INFO  impl.RaftServerImpl (RaftServerImpl.java:checkInconsistentAppendEntries(999)) - ss2@group-1CE3CBD1CDAC: Failed appendEntries as previous log entry ((t:1, i:0)) is not found
2019-09-26 13:53:12,501 INFO  impl.RaftServerImpl (RaftServerImpl.java:checkInconsistentAppendEntries(972)) - ss1@group-1CE3CBD1CDAC: inconsistency entries. Reply:s0<-ss1#0:FAIL,INCONSISTENCY,nextIndex:0,term:3,followerCommit:-1
2019-09-26 13:53:12,502 INFO  impl.RaftServerImpl (RaftServerImpl.java:checkInconsistentAppendEntries(972)) - ss2@group-1CE3CBD1CDAC: inconsistency entries. Reply:s0<-ss2#0:FAIL,INCONSISTENCY,nextIndex:0,term:3,followerCommit:-1
2019-09-26 13:53:12,502 INFO  impl.FollowerInfo (FollowerInfo.java:lambda$new$0(51)) - s0@group-1CE3CBD1CDAC->ss1: nextIndex: updateUnconditionally 1 -> 0
2019-09-26 13:53:12,503 INFO  impl.FollowerInfo (FollowerInfo.java:lambda$new$0(51)) - s0@group-1CE3CBD1CDAC->ss2: nextIndex: updateUnconditionally 1 -> 0
2019-09-26 13:53:12,504 DEBUG impl.RaftServerImpl (RaftServerImpl.java:logAppendEntries(850)) - ss1@group-1CE3CBD1CDAC: receive appendEntries(s0, 3, null, 4, true, commits[s0:c4, s1:c4, s2:c4, ss1:c-1, ss2:c-1], entries: [(t:1, i:0), CONFIGURATIONENTRY, (t:2, i:1), CONFIGURATIONENTRY, (t:2, i:2), METADATAENTRY(c1), (t:3, i:3), CONFIGURATIONENTRY, (t:3, i:4), METADATAENTRY(c3)]
2019-09-26 13:53:12,504 DEBUG impl.RaftServerImpl (RaftServerImpl.java:logAppendEntries(850)) - ss2@group-1CE3CBD1CDAC: receive appendEntries(s0, 3, null, 4, true, commits[s0:c4, s1:c4, s2:c4, ss1:c-1, ss2:c-1], entries: [(t:1, i:0), CONFIGURATIONENTRY, (t:2, i:1), CONFIGURATIONENTRY, (t:2, i:2), METADATAENTRY(c1), (t:3, i:3), CONFIGURATIONENTRY, (t:3, i:4), METADATAENTRY(c3)]
2019-09-26 13:53:12,504 INFO  impl.RaftServerImpl (ServerState.java:setRaftConf(355)) - ss1@group-1CE3CBD1CDAC: set configuration 0: [s0:0.0.0.0:39552, s1:0.0.0.0:42687, s2:0.0.0.0:42535], old=null at 0
2019-09-26 13:53:12,504 INFO  impl.RaftServerImpl (ServerState.java:setRaftConf(355)) - ss2@group-1CE3CBD1CDAC: set configuration 0: [s0:0.0.0.0:39552, s1:0.0.0.0:42687, s2:0.0.0.0:42535], old=null at 0
2019-09-26 13:53:12,504 INFO  impl.RaftServerImpl (ServerState.java:setRaftConf(355)) - ss1@group-1CE3CBD1CDAC: set configuration 1: [s0:0.0.0.0:39552, s1:0.0.0.0:42687, s2:0.0.0.0:42535], old=null at 1
2019-09-26 13:53:12,505 INFO  impl.RaftServerImpl (ServerState.java:setRaftConf(355)) - ss2@group-1CE3CBD1CDAC: set configuration 1: [s0:0.0.0.0:39552, s1:0.0.0.0:42687, s2:0.0.0.0:42535], old=null at 1
2019-09-26 13:53:12,505 INFO  impl.RaftServerImpl (ServerState.java:setRaftConf(355)) - ss1@group-1CE3CBD1CDAC: set configuration 3: [s0:0.0.0.0:39552, s1:0.0.0.0:42687, s2:0.0.0.0:42535], old=null at 3
2019-09-26 13:53:12,505 INFO  impl.RaftServerImpl (ServerState.java:setRaftConf(355)) - ss2@group-1CE3CBD1CDAC: set configuration 3: [s0:0.0.0.0:39552, s1:0.0.0.0:42687, s2:0.0.0.0:42535], old=null at 3
2019-09-26 13:53:12,505 DEBUG raftlog.RaftLog (SegmentedRaftLog.java:appendImpl(425)) - truncateIndex=-1, arrayIndex=0
2019-09-26 13:53:12,505 DEBUG raftlog.RaftLog (SegmentedRaftLog.java:appendImpl(425)) - truncateIndex=-1, arrayIndex=0
2019-09-26 13:53:12,506 INFO  segmented.SegmentedRaftLogWorker (SegmentedRaftLogWorker.java:startLogSegment(380)) - ss1@group-1CE3CBD1CDAC-SegmentedRaftLogWorker: Starting segment from index:0
2019-09-26 13:53:12,506 INFO  segmented.SegmentedRaftLogWorker (SegmentedRaftLogWorker.java:startLogSegment(380)) - ss2@group-1CE3CBD1CDAC-SegmentedRaftLogWorker: Starting segment from index:0
2019-09-26 13:53:12,506 INFO  segmented.SegmentedRaftLogWorker (SegmentedRaftLogWorker.java:rollLogSegment(385)) - ss1@group-1CE3CBD1CDAC-SegmentedRaftLogWorker: Rolling segment log-0_0 to index:0
2019-09-26 13:53:12,506 INFO  segmented.SegmentedRaftLogWorker (SegmentedRaftLogWorker.java:rollLogSegment(385)) - ss2@group-1CE3CBD1CDAC-SegmentedRaftLogWorker: Rolling segment log-0_0 to index:0
2019-09-26 13:53:12,507 INFO  segmented.SegmentedRaftLogWorker (SegmentedRaftLogWorker.java:rollLogSegment(385)) - ss1@group-1CE3CBD1CDAC-SegmentedRaftLogWorker: Rolling segment log-1_2 to index:2
2019-09-26 13:53:12,507 INFO  segmented.SegmentedRaftLogWorker (SegmentedRaftLogWorker.java:rollLogSegment(385)) - ss2@group-1CE3CBD1CDAC-SegmentedRaftLogWorker: Rolling segment log-1_2 to index:2
2019-09-26 13:53:12,611 INFO  segmented.SegmentedRaftLogWorker (SegmentedRaftLogWorker.java:execute(569)) - ss2@group-1CE3CBD1CDAC-SegmentedRaftLogWorker: created new log segment /workdir/ratis-test/target/test/data/6a0c724f/MiniRaftClusterWithNetty3c4332a1/ss2/fc8e5846-91e5-460c-9520-1ce3cbd1cdac/current/log_inprogress_0
2019-09-26 13:53:12,611 INFO  segmented.SegmentedRaftLogWorker (SegmentedRaftLogWorker.java:execute(569)) - ss1@group-1CE3CBD1CDAC-SegmentedRaftLogWorker: created new log segment /workdir/ratis-test/target/test/data/6a0c724f/MiniRaftClusterWithNetty3c4332a1/ss1/fc8e5846-91e5-460c-9520-1ce3cbd1cdac/current/log_inprogress_0
2019-09-26 13:53:12,624 TRACE util.FileUtils (LogUtils.java:runAndLog(61)) - Successfully ran Files.move /workdir/ratis-test/target/test/data/6a0c724f/MiniRaftClusterWithNetty3c4332a1/ss2/fc8e5846-91e5-460c-9520-1ce3cbd1cdac/current/log_inprogress_0 to /workdir/ratis-test/target/test/data/6a0c724f/MiniRaftClusterWithNetty3c4332a1/ss2/fc8e5846-91e5-460c-9520-1ce3cbd1cdac/current/log_0-0
2019-09-26 13:53:12,624 INFO  segmented.SegmentedRaftLogWorker (SegmentedRaftLogWorker.java:execute(526)) - ss2@group-1CE3CBD1CDAC-SegmentedRaftLogWorker: Rolled log segment from /workdir/ratis-test/target/test/data/6a0c724f/MiniRaftClusterWithNetty3c4332a1/ss2/fc8e5846-91e5-460c-9520-1ce3cbd1cdac/current/log_inprogress_0 to /workdir/ratis-test/target/test/data/6a0c724f/MiniRaftClusterWithNetty3c4332a1/ss2/fc8e5846-91e5-460c-9520-1ce3cbd1cdac/current/log_0-0
2019-09-26 13:53:12,625 TRACE util.FileUtils (LogUtils.java:runAndLog(61)) - Successfully ran Files.move /workdir/ratis-test/target/test/data/6a0c724f/MiniRaftClusterWithNetty3c4332a1/ss1/fc8e5846-91e5-460c-9520-1ce3cbd1cdac/current/log_inprogress_0 to /workdir/ratis-test/target/test/data/6a0c724f/MiniRaftClusterWithNetty3c4332a1/ss1/fc8e5846-91e5-460c-9520-1ce3cbd1cdac/current/log_0-0
2019-09-26 13:53:12,625 INFO  segmented.SegmentedRaftLogWorker (SegmentedRaftLogWorker.java:execute(526)) - ss1@group-1CE3CBD1CDAC-SegmentedRaftLogWorker: Rolled log segment from /workdir/ratis-test/target/test/data/6a0c724f/MiniRaftClusterWithNetty3c4332a1/ss1/fc8e5846-91e5-460c-9520-1ce3cbd1cdac/current/log_inprogress_0 to /workdir/ratis-test/target/test/data/6a0c724f/MiniRaftClusterWithNetty3c4332a1/ss1/fc8e5846-91e5-460c-9520-1ce3cbd1cdac/current/log_0-0
2019-09-26 13:53:12,729 INFO  impl.RaftServerImpl (ServerState.java:setRaftConf(355)) - s0@group-1CE3CBD1CDAC: set configuration 5: [ss1:0.0.0.0:34657, ss2:0.0.0.0:41202, s0:0.0.0.0:39552, s1:0.0.0.0:42687, s2:0.0.0.0:42535], old=[s0:0.0.0.0:39552, s1:0.0.0.0:42687, s2:0.0.0.0:42535] at 5
2019-09-26 13:53:12,731 DEBUG impl.RaftServerImpl (RaftServerImpl.java:logAppendEntries(850)) - s2@group-1CE3CBD1CDAC: receive appendEntries(s0, 3, (t:3, i:4), 4, false, commits[s0:c4, s1:c4, s2:c4, ss1:c-1, ss2:c-1], entries: (t:3, i:5), CONFIGURATIONENTRY
2019-09-26 13:53:12,731 DEBUG impl.RaftServerImpl (RaftServerImpl.java:logAppendEntries(850)) - s1@group-1CE3CBD1CDAC: receive appendEntries(s0, 3, (t:3, i:4), 4, false, commits[s0:c4, s1:c4, s2:c4, ss1:c-1, ss2:c-1], entries: (t:3, i:5), CONFIGURATIONENTRY
2019-09-26 13:53:12,731 INFO  impl.RaftServerImpl (ServerState.java:setRaftConf(355)) - s2@group-1CE3CBD1CDAC: set configuration 5: [ss1:0.0.0.0:34657, ss2:0.0.0.0:41202, s0:0.0.0.0:39552, s1:0.0.0.0:42687, s2:0.0.0.0:42535], old=[s0:0.0.0.0:39552, s1:0.0.0.0:42687, s2:0.0.0.0:42535] at 5
2019-09-26 13:53:12,732 INFO  impl.RaftServerImpl (ServerState.java:setRaftConf(355)) - s1@group-1CE3CBD1CDAC: set configuration 5: [ss1:0.0.0.0:34657, ss2:0.0.0.0:41202, s0:0.0.0.0:39552, s1:0.0.0.0:42687, s2:0.0.0.0:42535], old=[s0:0.0.0.0:39552, s1:0.0.0.0:42687, s2:0.0.0.0:42535] at 5
2019-09-26 13:53:12,732 DEBUG raftlog.RaftLog (SegmentedRaftLog.java:appendImpl(425)) - truncateIndex=-1, arrayIndex=0
2019-09-26 13:53:12,732 DEBUG raftlog.RaftLog (SegmentedRaftLog.java:appendImpl(425)) - truncateIndex=-1, arrayIndex=0
2019-09-26 13:53:12,744 DEBUG impl.RaftServerImpl (RaftServerImpl.java:logAppendEntries(850)) - s2@group-1CE3CBD1CDAC: succeeded to handle AppendEntries. Reply: s0<-s2#0:OK,SUCCESS,nextIndex:6,term:3,followerCommit:4
2019-09-26 13:53:12,745 INFO  segmented.SegmentedRaftLogWorker (SegmentedRaftLogWorker.java:execute(569)) - ss1@group-1CE3CBD1CDAC-SegmentedRaftLogWorker: created new log segment /workdir/ratis-test/target/test/data/6a0c724f/MiniRaftClusterWithNetty3c4332a1/ss1/fc8e5846-91e5-460c-9520-1ce3cbd1cdac/current/log_inprogress_1
2019-09-26 13:53:12,745 INFO  segmented.SegmentedRaftLogWorker (SegmentedRaftLogWorker.java:execute(569)) - ss2@group-1CE3CBD1CDAC-SegmentedRaftLogWorker: created new log segment /workdir/ratis-test/target/test/data/6a0c724f/MiniRaftClusterWithNetty3c4332a1/ss2/fc8e5846-91e5-460c-9520-1ce3cbd1cdac/current/log_inprogress_1
2019-09-26 13:53:12,746 DEBUG impl.RaftServerImpl (RaftServerImpl.java:logAppendEntries(850)) - s1@group-1CE3CBD1CDAC: succeeded to handle AppendEntries. Reply: s0<-s1#0:OK,SUCCESS,nextIndex:6,term:3,followerCommit:4
2019-09-26 13:53:12,748 DEBUG impl.RaftServerImpl (RaftServerImpl.java:logAppendEntries(850)) - s2@group-1CE3CBD1CDAC: receive appendEntries(s0, 3, (t:3, i:5), 5, false, commits[s0:c5, s1:c4, s2:c4, ss1:c-1, ss2:c-1], entries: (t:3, i:6), METADATAENTRY(c5)
2019-09-26 13:53:12,748 DEBUG impl.RaftServerImpl (RaftServerImpl.java:logAppendEntries(850)) - s1@group-1CE3CBD1CDAC: receive appendEntries(s0, 3, (t:3, i:5), 5, false, commits[s0:c5, s1:c4, s2:c4, ss1:c-1, ss2:c-1], entries: (t:3, i:6), METADATAENTRY(c5)
2019-09-26 13:53:12,748 INFO  impl.RaftServerImpl (ServerState.java:setRaftConf(355)) - s0@group-1CE3CBD1CDAC: set configuration 7: [ss1:0.0.0.0:34657, ss2:0.0.0.0:41202, s0:0.0.0.0:39552, s1:0.0.0.0:42687, s2:0.0.0.0:42535], old=null at 7
2019-09-26 13:53:12,748 DEBUG raftlog.RaftLog (SegmentedRaftLog.java:appendImpl(425)) - truncateIndex=-1, arrayIndex=0
2019-09-26 13:53:12,749 TRACE util.FileUtils (LogUtils.java:runAndLog(61)) - Successfully ran Files.move /workdir/ratis-test/target/test/data/6a0c724f/MiniRaftClusterWithNetty3c4332a1/ss1/fc8e5846-91e5-460c-9520-1ce3cbd1cdac/current/log_inprogress_1 to /workdir/ratis-test/target/test/data/6a0c724f/MiniRaftClusterWithNetty3c4332a1/ss1/fc8e5846-91e5-460c-9520-1ce3cbd1cdac/current/log_1-2
2019-09-26 13:53:12,748 DEBUG raftlog.RaftLog (SegmentedRaftLog.java:appendImpl(425)) - truncateIndex=-1, arrayIndex=0
2019-09-26 13:53:12,749 TRACE util.FileUtils (LogUtils.java:runAndLog(61)) - Successfully ran Files.move /workdir/ratis-test/target/test/data/6a0c724f/MiniRaftClusterWithNetty3c4332a1/ss2/fc8e5846-91e5-460c-9520-1ce3cbd1cdac/current/log_inprogress_1 to /workdir/ratis-test/target/test/data/6a0c724f/MiniRaftClusterWithNetty3c4332a1/ss2/fc8e5846-91e5-460c-9520-1ce3cbd1cdac/current/log_1-2
2019-09-26 13:53:12,750 INFO  segmented.SegmentedRaftLogWorker (SegmentedRaftLogWorker.java:execute(526)) - ss2@group-1CE3CBD1CDAC-SegmentedRaftLogWorker: Rolled log segment from /workdir/ratis-test/target/test/data/6a0c724f/MiniRaftClusterWithNetty3c4332a1/ss2/fc8e5846-91e5-460c-9520-1ce3cbd1cdac/current/log_inprogress_1 to /workdir/ratis-test/target/test/data/6a0c724f/MiniRaftClusterWithNetty3c4332a1/ss2/fc8e5846-91e5-460c-9520-1ce3cbd1cdac/current/log_1-2
2019-09-26 13:53:12,749 INFO  segmented.SegmentedRaftLogWorker (SegmentedRaftLogWorker.java:execute(526)) - ss1@group-1CE3CBD1CDAC-SegmentedRaftLogWorker: Rolled log segment from /workdir/ratis-test/target/test/data/6a0c724f/MiniRaftClusterWithNetty3c4332a1/ss1/fc8e5846-91e5-460c-9520-1ce3cbd1cdac/current/log_inprogress_1 to /workdir/ratis-test/target/test/data/6a0c724f/MiniRaftClusterWithNetty3c4332a1/ss1/fc8e5846-91e5-460c-9520-1ce3cbd1cdac/current/log_1-2
2019-09-26 13:53:12,760 DEBUG impl.RaftServerImpl (RaftServerImpl.java:logAppendEntries(850)) - s2@group-1CE3CBD1CDAC: succeeded to handle AppendEntries. Reply: s0<-s2#0:OK,SUCCESS,nextIndex:7,term:3,followerCommit:5
2019-09-26 13:53:12,762 DEBUG impl.RaftServerImpl (RaftServerImpl.java:logAppendEntries(850)) - s2@group-1CE3CBD1CDAC: receive appendEntries(s0, 3, (t:3, i:6), 5, false, commits[s0:c5, s1:c4, s2:c5, ss1:c-1, ss2:c-1], entries: (t:3, i:7), CONFIGURATIONENTRY
2019-09-26 13:53:12,762 INFO  impl.RaftServerImpl (ServerState.java:setRaftConf(355)) - s2@group-1CE3CBD1CDAC: set configuration 7: [ss1:0.0.0.0:34657, ss2:0.0.0.0:41202, s0:0.0.0.0:39552, s1:0.0.0.0:42687, s2:0.0.0.0:42535], old=null at 7
2019-09-26 13:53:12,763 DEBUG impl.RaftServerImpl (RaftServerImpl.java:logAppendEntries(850)) - s1@group-1CE3CBD1CDAC: succeeded to handle AppendEntries. Reply: s0<-s1#0:OK,SUCCESS,nextIndex:7,term:3,followerCommit:5
2019-09-26 13:53:12,763 DEBUG raftlog.RaftLog (SegmentedRaftLog.java:appendImpl(425)) - truncateIndex=-1, arrayIndex=0
2019-09-26 13:53:12,764 DEBUG impl.RaftServerImpl (RaftServerImpl.java:logAppendEntries(850)) - s1@group-1CE3CBD1CDAC: receive appendEntries(s0, 3, (t:3, i:6), 5, false, commits[s0:c5, s1:c5, s2:c5, ss1:c-1, ss2:c-1], entries: (t:3, i:7), CONFIGURATIONENTRY
2019-09-26 13:53:12,764 INFO  impl.RaftServerImpl (ServerState.java:setRaftConf(355)) - s1@group-1CE3CBD1CDAC: set configuration 7: [ss1:0.0.0.0:34657, ss2:0.0.0.0:41202, s0:0.0.0.0:39552, s1:0.0.0.0:42687, s2:0.0.0.0:42535], old=null at 7
2019-09-26 13:53:12,765 DEBUG raftlog.RaftLog (SegmentedRaftLog.java:appendImpl(425)) - truncateIndex=-1, arrayIndex=0
2019-09-26 13:53:12,765 DEBUG impl.RaftServerImpl (RaftServerImpl.java:logAppendEntries(850)) - s2@group-1CE3CBD1CDAC: succeeded to handle AppendEntries. Reply: s0<-s2#0:OK,SUCCESS,nextIndex:8,term:3,followerCommit:5
2019-09-26 13:53:12,888 DEBUG impl.RaftServerImpl (RaftServerImpl.java:logAppendEntries(850)) - s1@group-1CE3CBD1CDAC: succeeded to handle AppendEntries. Reply: s0<-s1#0:OK,SUCCESS,nextIndex:8,term:3,followerCommit:5
2019-09-26 13:53:12,890 INFO  segmented.SegmentedRaftLogWorker (SegmentedRaftLogWorker.java:execute(569)) - ss1@group-1CE3CBD1CDAC-SegmentedRaftLogWorker: created new log segment /workdir/ratis-test/target/test/data/6a0c724f/MiniRaftClusterWithNetty3c4332a1/ss1/fc8e5846-91e5-460c-9520-1ce3cbd1cdac/current/log_inprogress_3
2019-09-26 13:53:12,890 INFO  segmented.SegmentedRaftLogWorker (SegmentedRaftLogWorker.java:execute(569)) - ss2@group-1CE3CBD1CDAC-SegmentedRaftLogWorker: created new log segment /workdir/ratis-test/target/test/data/6a0c724f/MiniRaftClusterWithNetty3c4332a1/ss2/fc8e5846-91e5-460c-9520-1ce3cbd1cdac/current/log_inprogress_3
2019-09-26 13:53:12,890 DEBUG impl.RaftServerImpl (RaftServerImpl.java:logAppendEntries(850)) - s1@group-1CE3CBD1CDAC: receive appendEntries(s0, 3, (t:3, i:7), 7, false, commits[s0:c7, s1:c5, s2:c6, ss1:c-1, ss2:c-1], entries: (t:3, i:8), METADATAENTRY(c7)
2019-09-26 13:53:12,890 DEBUG impl.RaftServerImpl (RaftServerImpl.java:logAppendEntries(850)) - s2@group-1CE3CBD1CDAC: receive appendEntries(s0, 3, (t:3, i:7), 7, false, commits[s0:c7, s1:c5, s2:c6, ss1:c-1, ss2:c-1], entries: (t:3, i:8), METADATAENTRY(c7)
2019-09-26 13:53:12,891 DEBUG client.RaftClient (RaftClientImpl.java:sendRequest(285)) - client-F8BF4EF35926: receive RaftClientReply:client-F8BF4EF35926->s0@group-1CE3CBD1CDAC, cid=9, SUCCESS, logIndex=0, commits[s0:c7, s1:c5, s2:c6, ss1:c-1, ss2:c-1]
2019-09-26 13:53:12,891 DEBUG raftlog.RaftLog (SegmentedRaftLog.java:appendImpl(425)) - truncateIndex=-1, arrayIndex=0
2019-09-26 13:53:12,892 DEBUG impl.RaftServerImpl (RaftServerImpl.java:logAppendEntries(850)) - ss1@group-1CE3CBD1CDAC: succeeded to handle AppendEntries. Reply: s0<-ss1#0:OK,SUCCESS,nextIndex:5,term:3,followerCommit:4
2019-09-26 13:53:12,891 DEBUG raftlog.RaftLog (SegmentedRaftLog.java:appendImpl(425)) - truncateIndex=-1, arrayIndex=0
2019-09-26 13:53:12,893 DEBUG impl.RaftServerImpl (RaftServerImpl.java:logAppendEntries(850)) - ss2@group-1CE3CBD1CDAC: succeeded to handle AppendEntries. Reply: s0<-ss2#0:OK,SUCCESS,nextIndex:5,term:3,followerCommit:4
2019-09-26 13:53:12,894 INFO  netty.TestRaftExceptionWithNetty (RaftExceptionBaseTest.java:runTestNotLeaderExceptionWithReconf(127)) - printing ALL groups
  ss1:  RUNNING  FOLLOWER ss1@group-1CE3CBD1CDAC:t3, leader=s0, voted=null, raftlog=ss1@group-1CE3CBD1CDAC-SegmentedRaftLog:OPENED:c4,f4,i4, conf=3: [s0:0.0.0.0:39552, s1:0.0.0.0:42687, s2:0.0.0.0:42535], old=null STARTING
  ss2:  RUNNING  FOLLOWER ss2@group-1CE3CBD1CDAC:t3, leader=s0, voted=null, raftlog=ss2@group-1CE3CBD1CDAC-SegmentedRaftLog:OPENED:c4,f4,i4, conf=3: [s0:0.0.0.0:39552, s1:0.0.0.0:42687, s2:0.0.0.0:42535], old=null STARTING
  s0:  RUNNING    LEADER s0@group-1CE3CBD1CDAC:t3, leader=s0, voted=s0, raftlog=s0@group-1CE3CBD1CDAC-SegmentedRaftLog:OPENED:c7,f8,i8, conf=7: [ss1:0.0.0.0:34657, ss2:0.0.0.0:41202, s0:0.0.0.0:39552, s1:0.0.0.0:42687, s2:0.0.0.0:42535], old=null RUNNING
  s1:  RUNNING  FOLLOWER s1@group-1CE3CBD1CDAC:t3, leader=s0, voted=s0, raftlog=s1@group-1CE3CBD1CDAC-SegmentedRaftLog:OPENED:c5,f7,i8, conf=7: [ss1:0.0.0.0:34657, ss2:0.0.0.0:41202, s0:0.0.0.0:39552, s1:0.0.0.0:42687, s2:0.0.0.0:42535], old=null RUNNING
  s2:  RUNNING  FOLLOWER s2@group-1CE3CBD1CDAC:t3, leader=s0, voted=null, raftlog=s2@group-1CE3CBD1CDAC-SegmentedRaftLog:OPENED:c6,f7,i8, conf=7: [ss1:0.0.0.0:34657, ss2:0.0.0.0:41202, s0:0.0.0.0:39552, s1:0.0.0.0:42687, s2:0.0.0.0:42535], old=null RUNNING
2019-09-26 13:53:12,894 DEBUG impl.RaftServerImpl (RaftServerImpl.java:logAppendEntries(850)) - ss1@group-1CE3CBD1CDAC: receive appendEntries(s0, 3, (t:3, i:4), 7, false, commits[s0:c7, s1:c5, s2:c6, ss1:c4, ss2:c-1], entries: [(t:3, i:5), CONFIGURATIONENTRY, (t:3, i:6), METADATAENTRY(c5), (t:3, i:7), CONFIGURATIONENTRY, (t:3, i:8), METADATAENTRY(c7)]
2019-09-26 13:53:12,894 INFO  impl.RoleInfo (RoleInfo.java:updateAndGet(143)) - ss1: start FollowerState
2019-09-26 13:53:12,895 DEBUG impl.RaftServerImpl (RaftServerImpl.java:logAppendEntries(850)) - ss2@group-1CE3CBD1CDAC: receive appendEntries(s0, 3, (t:3, i:4), 7, false, commits[s0:c7, s1:c5, s2:c6, ss1:c4, ss2:c4], entries: [(t:3, i:5), CONFIGURATIONENTRY, (t:3, i:6), METADATAENTRY(c5), (t:3, i:7), CONFIGURATIONENTRY, (t:3, i:8), METADATAENTRY(c7)]
2019-09-26 13:53:12,895 INFO  impl.RaftServerImpl (ServerState.java:setRaftConf(355)) - ss1@group-1CE3CBD1CDAC: set configuration 5: [ss1:0.0.0.0:34657, ss2:0.0.0.0:41202, s0:0.0.0.0:39552, s1:0.0.0.0:42687, s2:0.0.0.0:42535], old=[s0:0.0.0.0:39552, s1:0.0.0.0:42687, s2:0.0.0.0:42535] at 5
2019-09-26 13:53:12,895 INFO  impl.RoleInfo (RoleInfo.java:updateAndGet(143)) - ss2: start FollowerState
2019-09-26 13:53:12,896 INFO  impl.RaftServerImpl (ServerState.java:setRaftConf(355)) - ss1@group-1CE3CBD1CDAC: set configuration 7: [ss1:0.0.0.0:34657, ss2:0.0.0.0:41202, s0:0.0.0.0:39552, s1:0.0.0.0:42687, s2:0.0.0.0:42535], old=null at 7
2019-09-26 13:53:12,896 INFO  impl.RaftServerImpl (ServerState.java:setRaftConf(355)) - ss2@group-1CE3CBD1CDAC: set configuration 5: [ss1:0.0.0.0:34657, ss2:0.0.0.0:41202, s0:0.0.0.0:39552, s1:0.0.0.0:42687, s2:0.0.0.0:42535], old=[s0:0.0.0.0:39552, s1:0.0.0.0:42687, s2:0.0.0.0:42535] at 5
2019-09-26 13:53:12,896 DEBUG raftlog.RaftLog (SegmentedRaftLog.java:appendImpl(425)) - truncateIndex=-1, arrayIndex=0
2019-09-26 13:53:12,896 INFO  impl.RaftServerImpl (ServerState.java:setRaftConf(355)) - ss2@group-1CE3CBD1CDAC: set configuration 7: [ss1:0.0.0.0:34657, ss2:0.0.0.0:41202, s0:0.0.0.0:39552, s1:0.0.0.0:42687, s2:0.0.0.0:42535], old=null at 7
2019-09-26 13:53:12,897 DEBUG raftlog.RaftLog (SegmentedRaftLog.java:appendImpl(425)) - truncateIndex=-1, arrayIndex=0
2019-09-26 13:53:12,897 INFO  logging.LoggingHandler (AbstractInternalLogger.java:log(150)) - [id: 0x581adb32, L:/0.0.0.0:42687] READ: [id: 0x683970ab, L:/192.168.151.68:42687 - R:/192.168.151.68:51116]
2019-09-26 13:53:12,898 INFO  logging.LoggingHandler (AbstractInternalLogger.java:log(150)) - [id: 0x581adb32, L:/0.0.0.0:42687] READ COMPLETE
2019-09-26 13:53:12,900 DEBUG impl.RaftServerImpl (RaftServerImpl.java:submitClientRequestAsync(533)) - s1@group-1CE3CBD1CDAC: receive client request(RaftClientRequest:client-B5910B55BEA9->s1@group-1CE3CBD1CDAC, cid=0, seq=0, RW, Message:6d31)
2019-09-26 13:53:12,902 WARN  netty.TestRaftExceptionWithNetty (JavaUtils.java:attempt(158)) - FAILED "assertNotLeaderException", attempt #1/10: java.lang.AssertionError: expected:<s2> but was:<s0>, sleep 1s and then retry.
java.lang.AssertionError: expected:<s2> but was:<s0>
	at org.junit.Assert.fail(Assert.java:88)
	at org.junit.Assert.failNotEquals(Assert.java:834)
	at org.junit.Assert.assertEquals(Assert.java:118)
	at org.junit.Assert.assertEquals(Assert.java:144)
	at org.apache.ratis.RaftExceptionBaseTest.assertNotLeaderException(RaftExceptionBaseTest.java:98)
	at org.apache.ratis.RaftExceptionBaseTest.lambda$runTestNotLeaderExceptionWithReconf$3(RaftExceptionBaseTest.java:132)
	at org.apache.ratis.util.JavaUtils.attempt(JavaUtils.java:152)
	at org.apache.ratis.RaftExceptionBaseTest.runTestNotLeaderExceptionWithReconf(RaftExceptionBaseTest.java:131)
	at org.apache.ratis.MiniRaftCluster$Factory$Get.runWithNewCluster(MiniRaftCluster.java:125)
	at org.apache.ratis.MiniRaftCluster$Factory$Get.runWithNewCluster(MiniRaftCluster.java:113)
	at org.apache.ratis.RaftExceptionBaseTest.testNotLeaderExceptionWithReconf(RaftExceptionBaseTest.java:109)
	at sun.reflect.NativeMethodAccessorImpl.invoke0(Native Method)
	at sun.reflect.NativeMethodAccessorImpl.invoke(NativeMethodAccessorImpl.java:62)
	at sun.reflect.DelegatingMethodAccessorImpl.invoke(DelegatingMethodAccessorImpl.java:43)
	at java.lang.reflect.Method.invoke(Method.java:498)
	at org.junit.runners.model.FrameworkMethod$1.runReflectiveCall(FrameworkMethod.java:50)
	at org.junit.internal.runners.model.ReflectiveCallable.run(ReflectiveCallable.java:12)
	at org.junit.runners.model.FrameworkMethod.invokeExplosively(FrameworkMethod.java:47)
	at org.junit.internal.runners.statements.InvokeMethod.evaluate(InvokeMethod.java:17)
	at org.junit.internal.runners.statements.RunAfters.evaluate(RunAfters.java:27)
	at org.junit.internal.runners.statements.FailOnTimeout$CallableStatement.call(FailOnTimeout.java:298)
	at org.junit.internal.runners.statements.FailOnTimeout$CallableStatement.call(FailOnTimeout.java:292)
	at java.util.concurrent.FutureTask.run(FutureTask.java:266)
	at java.lang.Thread.run(Thread.java:748)
2019-09-26 13:53:12,904 DEBUG impl.RaftServerImpl (RaftServerImpl.java:logAppendEntries(850)) - s1@group-1CE3CBD1CDAC: succeeded to handle AppendEntries. Reply: s0<-s1#0:OK,SUCCESS,nextIndex:9,term:3,followerCommit:7
2019-09-26 13:53:12,904 DEBUG impl.RaftServerImpl (RaftServerImpl.java:logAppendEntries(850)) - s2@group-1CE3CBD1CDAC: succeeded to handle AppendEntries. Reply: s0<-s2#0:OK,SUCCESS,nextIndex:9,term:3,followerCommit:7
2019-09-26 13:53:12,904 DEBUG impl.RaftServerImpl (RaftServerImpl.java:logAppendEntries(850)) - ss2@group-1CE3CBD1CDAC: succeeded to handle AppendEntries. Reply: s0<-ss2#0:OK,SUCCESS,nextIndex:9,term:3,followerCommit:7
2019-09-26 13:53:12,905 DEBUG impl.RaftServerImpl (RaftServerImpl.java:logAppendEntries(850)) - ss1@group-1CE3CBD1CDAC: succeeded to handle AppendEntries. Reply: s0<-ss1#0:OK,SUCCESS,nextIndex:9,term:3,followerCommit:7
2019-09-26 13:53:13,903 DEBUG impl.RaftServerImpl (RaftServerImpl.java:submitClientRequestAsync(533)) - s1@group-1CE3CBD1CDAC: receive client request(RaftClientRequest:client-CC9ACFBCBDEA->s1@group-1CE3CBD1CDAC, cid=0, seq=0, RW, Message:6d31)
2019-09-26 13:53:13,905 WARN  netty.TestRaftExceptionWithNetty (JavaUtils.java:attempt(158)) - FAILED "assertNotLeaderException", attempt #2/10: java.lang.AssertionError: expected:<s2> but was:<s0>, sleep 1s and then retry.
java.lang.AssertionError: expected:<s2> but was:<s0>
	at org.junit.Assert.fail(Assert.java:88)
	at org.junit.Assert.failNotEquals(Assert.java:834)
	at org.junit.Assert.assertEquals(Assert.java:118)
	at org.junit.Assert.assertEquals(Assert.java:144)
	at org.apache.ratis.RaftExceptionBaseTest.assertNotLeaderException(RaftExceptionBaseTest.java:98)
	at org.apache.ratis.RaftExceptionBaseTest.lambda$runTestNotLeaderExceptionWithReconf$3(RaftExceptionBaseTest.java:132)
	at org.apache.ratis.util.JavaUtils.attempt(JavaUtils.java:152)
	at org.apache.ratis.RaftExceptionBaseTest.runTestNotLeaderExceptionWithReconf(RaftExceptionBaseTest.java:131)
	at org.apache.ratis.MiniRaftCluster$Factory$Get.runWithNewCluster(MiniRaftCluster.java:125)
	at org.apache.ratis.MiniRaftCluster$Factory$Get.runWithNewCluster(MiniRaftCluster.java:113)
	at org.apache.ratis.RaftExceptionBaseTest.testNotLeaderExceptionWithReconf(RaftExceptionBaseTest.java:109)
	at sun.reflect.NativeMethodAccessorImpl.invoke0(Native Method)
	at sun.reflect.NativeMethodAccessorImpl.invoke(NativeMethodAccessorImpl.java:62)
	at sun.reflect.DelegatingMethodAccessorImpl.invoke(DelegatingMethodAccessorImpl.java:43)
	at java.lang.reflect.Method.invoke(Method.java:498)
	at org.junit.runners.model.FrameworkMethod$1.runReflectiveCall(FrameworkMethod.java:50)
	at org.junit.internal.runners.model.ReflectiveCallable.run(ReflectiveCallable.java:12)
	at org.junit.runners.model.FrameworkMethod.invokeExplosively(FrameworkMethod.java:47)
	at org.junit.internal.runners.statements.InvokeMethod.evaluate(InvokeMethod.java:17)
	at org.junit.internal.runners.statements.RunAfters.evaluate(RunAfters.java:27)
	at org.junit.internal.runners.statements.FailOnTimeout$CallableStatement.call(FailOnTimeout.java:298)
	at org.junit.internal.runners.statements.FailOnTimeout$CallableStatement.call(FailOnTimeout.java:292)
	at java.util.concurrent.FutureTask.run(FutureTask.java:266)
	at java.lang.Thread.run(Thread.java:748)
2019-09-26 13:53:14,907 DEBUG impl.RaftServerImpl (RaftServerImpl.java:submitClientRequestAsync(533)) - s1@group-1CE3CBD1CDAC: receive client request(RaftClientRequest:client-9831F6537010->s1@group-1CE3CBD1CDAC, cid=0, seq=0, RW, Message:6d31)
2019-09-26 13:53:14,908 WARN  netty.TestRaftExceptionWithNetty (JavaUtils.java:attempt(158)) - FAILED "assertNotLeaderException", attempt #3/10: java.lang.AssertionError: expected:<s2> but was:<s0>, sleep 1s and then retry.
java.lang.AssertionError: expected:<s2> but was:<s0>
	at org.junit.Assert.fail(Assert.java:88)
	at org.junit.Assert.failNotEquals(Assert.java:834)
	at org.junit.Assert.assertEquals(Assert.java:118)
	at org.junit.Assert.assertEquals(Assert.java:144)
	at org.apache.ratis.RaftExceptionBaseTest.assertNotLeaderException(RaftExceptionBaseTest.java:98)
	at org.apache.ratis.RaftExceptionBaseTest.lambda$runTestNotLeaderExceptionWithReconf$3(RaftExceptionBaseTest.java:132)
	at org.apache.ratis.util.JavaUtils.attempt(JavaUtils.java:152)
	at org.apache.ratis.RaftExceptionBaseTest.runTestNotLeaderExceptionWithReconf(RaftExceptionBaseTest.java:131)
	at org.apache.ratis.MiniRaftCluster$Factory$Get.runWithNewCluster(MiniRaftCluster.java:125)
	at org.apache.ratis.MiniRaftCluster$Factory$Get.runWithNewCluster(MiniRaftCluster.java:113)
	at org.apache.ratis.RaftExceptionBaseTest.testNotLeaderExceptionWithReconf(RaftExceptionBaseTest.java:109)
	at sun.reflect.NativeMethodAccessorImpl.invoke0(Native Method)
	at sun.reflect.NativeMethodAccessorImpl.invoke(NativeMethodAccessorImpl.java:62)
	at sun.reflect.DelegatingMethodAccessorImpl.invoke(DelegatingMethodAccessorImpl.java:43)
	at java.lang.reflect.Method.invoke(Method.java:498)
	at org.junit.runners.model.FrameworkMethod$1.runReflectiveCall(FrameworkMethod.java:50)
	at org.junit.internal.runners.model.ReflectiveCallable.run(ReflectiveCallable.java:12)
	at org.junit.runners.model.FrameworkMethod.invokeExplosively(FrameworkMethod.java:47)
	at org.junit.internal.runners.statements.InvokeMethod.evaluate(InvokeMethod.java:17)
	at org.junit.internal.runners.statements.RunAfters.evaluate(RunAfters.java:27)
	at org.junit.internal.runners.statements.FailOnTimeout$CallableStatement.call(FailOnTimeout.java:298)
	at org.junit.internal.runners.statements.FailOnTimeout$CallableStatement.call(FailOnTimeout.java:292)
	at java.util.concurrent.FutureTask.run(FutureTask.java:266)
	at java.lang.Thread.run(Thread.java:748)
2019-09-26 13:53:15,910 DEBUG impl.RaftServerImpl (RaftServerImpl.java:submitClientRequestAsync(533)) - s1@group-1CE3CBD1CDAC: receive client request(RaftClientRequest:client-05B4D59C0829->s1@group-1CE3CBD1CDAC, cid=0, seq=0, RW, Message:6d31)
2019-09-26 13:53:15,911 WARN  netty.TestRaftExceptionWithNetty (JavaUtils.java:attempt(158)) - FAILED "assertNotLeaderException", attempt #4/10: java.lang.AssertionError: expected:<s2> but was:<s0>, sleep 1s and then retry.
java.lang.AssertionError: expected:<s2> but was:<s0>
	at org.junit.Assert.fail(Assert.java:88)
	at org.junit.Assert.failNotEquals(Assert.java:834)
	at org.junit.Assert.assertEquals(Assert.java:118)
	at org.junit.Assert.assertEquals(Assert.java:144)
	at org.apache.ratis.RaftExceptionBaseTest.assertNotLeaderException(RaftExceptionBaseTest.java:98)
	at org.apache.ratis.RaftExceptionBaseTest.lambda$runTestNotLeaderExceptionWithReconf$3(RaftExceptionBaseTest.java:132)
	at org.apache.ratis.util.JavaUtils.attempt(JavaUtils.java:152)
	at org.apache.ratis.RaftExceptionBaseTest.runTestNotLeaderExceptionWithReconf(RaftExceptionBaseTest.java:131)
	at org.apache.ratis.MiniRaftCluster$Factory$Get.runWithNewCluster(MiniRaftCluster.java:125)
	at org.apache.ratis.MiniRaftCluster$Factory$Get.runWithNewCluster(MiniRaftCluster.java:113)
	at org.apache.ratis.RaftExceptionBaseTest.testNotLeaderExceptionWithReconf(RaftExceptionBaseTest.java:109)
	at sun.reflect.NativeMethodAccessorImpl.invoke0(Native Method)
	at sun.reflect.NativeMethodAccessorImpl.invoke(NativeMethodAccessorImpl.java:62)
	at sun.reflect.DelegatingMethodAccessorImpl.invoke(DelegatingMethodAccessorImpl.java:43)
	at java.lang.reflect.Method.invoke(Method.java:498)
	at org.junit.runners.model.FrameworkMethod$1.runReflectiveCall(FrameworkMethod.java:50)
	at org.junit.internal.runners.model.ReflectiveCallable.run(ReflectiveCallable.java:12)
	at org.junit.runners.model.FrameworkMethod.invokeExplosively(FrameworkMethod.java:47)
	at org.junit.internal.runners.statements.InvokeMethod.evaluate(InvokeMethod.java:17)
	at org.junit.internal.runners.statements.RunAfters.evaluate(RunAfters.java:27)
	at org.junit.internal.runners.statements.FailOnTimeout$CallableStatement.call(FailOnTimeout.java:298)
	at org.junit.internal.runners.statements.FailOnTimeout$CallableStatement.call(FailOnTimeout.java:292)
	at java.util.concurrent.FutureTask.run(FutureTask.java:266)
	at java.lang.Thread.run(Thread.java:748)
2019-09-26 13:53:16,513 INFO  ratis.MiniRaftCluster (MiniRaftCluster.java:lambda$null$5(297)) - TIMED-PRINT: printing ALL groups
  s0:  RUNNING  FOLLOWER s0@group-62A08CC3D321:t2, leader=s2, voted=s2, raftlog=s0@group-62A08CC3D321-SegmentedRaftLog:OPENED:c2,f2,i2, conf=1: [s0:0.0.0.0:43018, s1:0.0.0.0:43725, s2:0.0.0.0:42936], old=null RUNNING
  s1:  RUNNING  FOLLOWER s1@group-62A08CC3D321:t2, leader=s2, voted=s2, raftlog=s1@group-62A08CC3D321-SegmentedRaftLog:OPENED:c2,f2,i2, conf=1: [s0:0.0.0.0:43018, s1:0.0.0.0:43725, s2:0.0.0.0:42936], old=null RUNNING
  s2:  RUNNING    LEADER s2@group-62A08CC3D321:t2, leader=s2, voted=s2, raftlog=s2@group-62A08CC3D321-SegmentedRaftLog:OPENED:c2,f2,i2, conf=1: [s0:0.0.0.0:43018, s1:0.0.0.0:43725, s2:0.0.0.0:42936], old=null RUNNING
2019-09-26 13:53:16,913 DEBUG impl.RaftServerImpl (RaftServerImpl.java:submitClientRequestAsync(533)) - s1@group-1CE3CBD1CDAC: receive client request(RaftClientRequest:client-90F35AAFB75B->s1@group-1CE3CBD1CDAC, cid=0, seq=0, RW, Message:6d31)
2019-09-26 13:53:16,914 WARN  netty.TestRaftExceptionWithNetty (JavaUtils.java:attempt(158)) - FAILED "assertNotLeaderException", attempt #5/10: java.lang.AssertionError: expected:<s2> but was:<s0>, sleep 1s and then retry.
java.lang.AssertionError: expected:<s2> but was:<s0>
	at org.junit.Assert.fail(Assert.java:88)
	at org.junit.Assert.failNotEquals(Assert.java:834)
	at org.junit.Assert.assertEquals(Assert.java:118)
	at org.junit.Assert.assertEquals(Assert.java:144)
	at org.apache.ratis.RaftExceptionBaseTest.assertNotLeaderException(RaftExceptionBaseTest.java:98)
	at org.apache.ratis.RaftExceptionBaseTest.lambda$runTestNotLeaderExceptionWithReconf$3(RaftExceptionBaseTest.java:132)
	at org.apache.ratis.util.JavaUtils.attempt(JavaUtils.java:152)
	at org.apache.ratis.RaftExceptionBaseTest.runTestNotLeaderExceptionWithReconf(RaftExceptionBaseTest.java:131)
	at org.apache.ratis.MiniRaftCluster$Factory$Get.runWithNewCluster(MiniRaftCluster.java:125)
	at org.apache.ratis.MiniRaftCluster$Factory$Get.runWithNewCluster(MiniRaftCluster.java:113)
	at org.apache.ratis.RaftExceptionBaseTest.testNotLeaderExceptionWithReconf(RaftExceptionBaseTest.java:109)
	at sun.reflect.NativeMethodAccessorImpl.invoke0(Native Method)
	at sun.reflect.NativeMethodAccessorImpl.invoke(NativeMethodAccessorImpl.java:62)
	at sun.reflect.DelegatingMethodAccessorImpl.invoke(DelegatingMethodAccessorImpl.java:43)
	at java.lang.reflect.Method.invoke(Method.java:498)
	at org.junit.runners.model.FrameworkMethod$1.runReflectiveCall(FrameworkMethod.java:50)
	at org.junit.internal.runners.model.ReflectiveCallable.run(ReflectiveCallable.java:12)
	at org.junit.runners.model.FrameworkMethod.invokeExplosively(FrameworkMethod.java:47)
	at org.junit.internal.runners.statements.InvokeMethod.evaluate(InvokeMethod.java:17)
	at org.junit.internal.runners.statements.RunAfters.evaluate(RunAfters.java:27)
	at org.junit.internal.runners.statements.FailOnTimeout$CallableStatement.call(FailOnTimeout.java:298)
	at org.junit.internal.runners.statements.FailOnTimeout$CallableStatement.call(FailOnTimeout.java:292)
	at java.util.concurrent.FutureTask.run(FutureTask.java:266)
	at java.lang.Thread.run(Thread.java:748)
2019-09-26 13:53:17,918 DEBUG impl.RaftServerImpl (RaftServerImpl.java:submitClientRequestAsync(533)) - s1@group-1CE3CBD1CDAC: receive client request(RaftClientRequest:client-C2B1B3C2FDC2->s1@group-1CE3CBD1CDAC, cid=0, seq=0, RW, Message:6d31)
2019-09-26 13:53:17,919 WARN  netty.TestRaftExceptionWithNetty (JavaUtils.java:attempt(158)) - FAILED "assertNotLeaderException", attempt #6/10: java.lang.AssertionError: expected:<s2> but was:<s0>, sleep 1s and then retry.
java.lang.AssertionError: expected:<s2> but was:<s0>
	at org.junit.Assert.fail(Assert.java:88)
	at org.junit.Assert.failNotEquals(Assert.java:834)
	at org.junit.Assert.assertEquals(Assert.java:118)
	at org.junit.Assert.assertEquals(Assert.java:144)
	at org.apache.ratis.RaftExceptionBaseTest.assertNotLeaderException(RaftExceptionBaseTest.java:98)
	at org.apache.ratis.RaftExceptionBaseTest.lambda$runTestNotLeaderExceptionWithReconf$3(RaftExceptionBaseTest.java:132)
	at org.apache.ratis.util.JavaUtils.attempt(JavaUtils.java:152)
	at org.apache.ratis.RaftExceptionBaseTest.runTestNotLeaderExceptionWithReconf(RaftExceptionBaseTest.java:131)
	at org.apache.ratis.MiniRaftCluster$Factory$Get.runWithNewCluster(MiniRaftCluster.java:125)
	at org.apache.ratis.MiniRaftCluster$Factory$Get.runWithNewCluster(MiniRaftCluster.java:113)
	at org.apache.ratis.RaftExceptionBaseTest.testNotLeaderExceptionWithReconf(RaftExceptionBaseTest.java:109)
	at sun.reflect.NativeMethodAccessorImpl.invoke0(Native Method)
	at sun.reflect.NativeMethodAccessorImpl.invoke(NativeMethodAccessorImpl.java:62)
	at sun.reflect.DelegatingMethodAccessorImpl.invoke(DelegatingMethodAccessorImpl.java:43)
	at java.lang.reflect.Method.invoke(Method.java:498)
	at org.junit.runners.model.FrameworkMethod$1.runReflectiveCall(FrameworkMethod.java:50)
	at org.junit.internal.runners.model.ReflectiveCallable.run(ReflectiveCallable.java:12)
	at org.junit.runners.model.FrameworkMethod.invokeExplosively(FrameworkMethod.java:47)
	at org.junit.internal.runners.statements.InvokeMethod.evaluate(InvokeMethod.java:17)
	at org.junit.internal.runners.statements.RunAfters.evaluate(RunAfters.java:27)
	at org.junit.internal.runners.statements.FailOnTimeout$CallableStatement.call(FailOnTimeout.java:298)
	at org.junit.internal.runners.statements.FailOnTimeout$CallableStatement.call(FailOnTimeout.java:292)
	at java.util.concurrent.FutureTask.run(FutureTask.java:266)
	at java.lang.Thread.run(Thread.java:748)
2019-09-26 13:53:18,923 DEBUG impl.RaftServerImpl (RaftServerImpl.java:submitClientRequestAsync(533)) - s1@group-1CE3CBD1CDAC: receive client request(RaftClientRequest:client-D3E4FC31A8DB->s1@group-1CE3CBD1CDAC, cid=0, seq=0, RW, Message:6d31)
2019-09-26 13:53:18,926 WARN  netty.TestRaftExceptionWithNetty (JavaUtils.java:attempt(158)) - FAILED "assertNotLeaderException", attempt #7/10: java.lang.AssertionError: expected:<s2> but was:<s0>, sleep 1s and then retry.
java.lang.AssertionError: expected:<s2> but was:<s0>
	at org.junit.Assert.fail(Assert.java:88)
	at org.junit.Assert.failNotEquals(Assert.java:834)
	at org.junit.Assert.assertEquals(Assert.java:118)
	at org.junit.Assert.assertEquals(Assert.java:144)
	at org.apache.ratis.RaftExceptionBaseTest.assertNotLeaderException(RaftExceptionBaseTest.java:98)
	at org.apache.ratis.RaftExceptionBaseTest.lambda$runTestNotLeaderExceptionWithReconf$3(RaftExceptionBaseTest.java:132)
	at org.apache.ratis.util.JavaUtils.attempt(JavaUtils.java:152)
	at org.apache.ratis.RaftExceptionBaseTest.runTestNotLeaderExceptionWithReconf(RaftExceptionBaseTest.java:131)
	at org.apache.ratis.MiniRaftCluster$Factory$Get.runWithNewCluster(MiniRaftCluster.java:125)
	at org.apache.ratis.MiniRaftCluster$Factory$Get.runWithNewCluster(MiniRaftCluster.java:113)
	at org.apache.ratis.RaftExceptionBaseTest.testNotLeaderExceptionWithReconf(RaftExceptionBaseTest.java:109)
	at sun.reflect.NativeMethodAccessorImpl.invoke0(Native Method)
	at sun.reflect.NativeMethodAccessorImpl.invoke(NativeMethodAccessorImpl.java:62)
	at sun.reflect.DelegatingMethodAccessorImpl.invoke(DelegatingMethodAccessorImpl.java:43)
	at java.lang.reflect.Method.invoke(Method.java:498)
	at org.junit.runners.model.FrameworkMethod$1.runReflectiveCall(FrameworkMethod.java:50)
	at org.junit.internal.runners.model.ReflectiveCallable.run(ReflectiveCallable.java:12)
	at org.junit.runners.model.FrameworkMethod.invokeExplosively(FrameworkMethod.java:47)
	at org.junit.internal.runners.statements.InvokeMethod.evaluate(InvokeMethod.java:17)
	at org.junit.internal.runners.statements.RunAfters.evaluate(RunAfters.java:27)
	at org.junit.internal.runners.statements.FailOnTimeout$CallableStatement.call(FailOnTimeout.java:298)
	at org.junit.internal.runners.statements.FailOnTimeout$CallableStatement.call(FailOnTimeout.java:292)
	at java.util.concurrent.FutureTask.run(FutureTask.java:266)
	at java.lang.Thread.run(Thread.java:748)
2019-09-26 13:53:19,928 DEBUG impl.RaftServerImpl (RaftServerImpl.java:submitClientRequestAsync(533)) - s1@group-1CE3CBD1CDAC: receive client request(RaftClientRequest:client-E7B1BA39D6A6->s1@group-1CE3CBD1CDAC, cid=0, seq=0, RW, Message:6d31)
2019-09-26 13:53:19,930 WARN  netty.TestRaftExceptionWithNetty (JavaUtils.java:attempt(158)) - FAILED "assertNotLeaderException", attempt #8/10: java.lang.AssertionError: expected:<s2> but was:<s0>, sleep 1s and then retry.
java.lang.AssertionError: expected:<s2> but was:<s0>
	at org.junit.Assert.fail(Assert.java:88)
	at org.junit.Assert.failNotEquals(Assert.java:834)
	at org.junit.Assert.assertEquals(Assert.java:118)
	at org.junit.Assert.assertEquals(Assert.java:144)
	at org.apache.ratis.RaftExceptionBaseTest.assertNotLeaderException(RaftExceptionBaseTest.java:98)
	at org.apache.ratis.RaftExceptionBaseTest.lambda$runTestNotLeaderExceptionWithReconf$3(RaftExceptionBaseTest.java:132)
	at org.apache.ratis.util.JavaUtils.attempt(JavaUtils.java:152)
	at org.apache.ratis.RaftExceptionBaseTest.runTestNotLeaderExceptionWithReconf(RaftExceptionBaseTest.java:131)
	at org.apache.ratis.MiniRaftCluster$Factory$Get.runWithNewCluster(MiniRaftCluster.java:125)
	at org.apache.ratis.MiniRaftCluster$Factory$Get.runWithNewCluster(MiniRaftCluster.java:113)
	at org.apache.ratis.RaftExceptionBaseTest.testNotLeaderExceptionWithReconf(RaftExceptionBaseTest.java:109)
	at sun.reflect.NativeMethodAccessorImpl.invoke0(Native Method)
	at sun.reflect.NativeMethodAccessorImpl.invoke(NativeMethodAccessorImpl.java:62)
	at sun.reflect.DelegatingMethodAccessorImpl.invoke(DelegatingMethodAccessorImpl.java:43)
	at java.lang.reflect.Method.invoke(Method.java:498)
	at org.junit.runners.model.FrameworkMethod$1.runReflectiveCall(FrameworkMethod.java:50)
	at org.junit.internal.runners.model.ReflectiveCallable.run(ReflectiveCallable.java:12)
	at org.junit.runners.model.FrameworkMethod.invokeExplosively(FrameworkMethod.java:47)
	at org.junit.internal.runners.statements.InvokeMethod.evaluate(InvokeMethod.java:17)
	at org.junit.internal.runners.statements.RunAfters.evaluate(RunAfters.java:27)
	at org.junit.internal.runners.statements.FailOnTimeout$CallableStatement.call(FailOnTimeout.java:298)
	at org.junit.internal.runners.statements.FailOnTimeout$CallableStatement.call(FailOnTimeout.java:292)
	at java.util.concurrent.FutureTask.run(FutureTask.java:266)
	at java.lang.Thread.run(Thread.java:748)
2019-09-26 13:53:20,532 INFO  ratis.MiniRaftCluster (MiniRaftCluster.java:lambda$null$5(297)) - TIMED-PRINT: printing ALL groups
  ss1:  RUNNING  FOLLOWER ss1@group-1CE3CBD1CDAC:t3, leader=s0, voted=null, raftlog=ss1@group-1CE3CBD1CDAC-SegmentedRaftLog:OPENED:c8,f8,i8, conf=7: [ss1:0.0.0.0:34657, ss2:0.0.0.0:41202, s0:0.0.0.0:39552, s1:0.0.0.0:42687, s2:0.0.0.0:42535], old=null RUNNING
  ss2:  RUNNING  FOLLOWER ss2@group-1CE3CBD1CDAC:t3, leader=s0, voted=null, raftlog=ss2@group-1CE3CBD1CDAC-SegmentedRaftLog:OPENED:c8,f8,i8, conf=7: [ss1:0.0.0.0:34657, ss2:0.0.0.0:41202, s0:0.0.0.0:39552, s1:0.0.0.0:42687, s2:0.0.0.0:42535], old=null RUNNING
  s0:  RUNNING    LEADER s0@group-1CE3CBD1CDAC:t3, leader=s0, voted=s0, raftlog=s0@group-1CE3CBD1CDAC-SegmentedRaftLog:OPENED:c8,f8,i8, conf=7: [ss1:0.0.0.0:34657, ss2:0.0.0.0:41202, s0:0.0.0.0:39552, s1:0.0.0.0:42687, s2:0.0.0.0:42535], old=null RUNNING
  s1:  RUNNING  FOLLOWER s1@group-1CE3CBD1CDAC:t3, leader=s0, voted=s0, raftlog=s1@group-1CE3CBD1CDAC-SegmentedRaftLog:OPENED:c8,f8,i8, conf=7: [ss1:0.0.0.0:34657, ss2:0.0.0.0:41202, s0:0.0.0.0:39552, s1:0.0.0.0:42687, s2:0.0.0.0:42535], old=null RUNNING
  s2:  RUNNING  FOLLOWER s2@group-1CE3CBD1CDAC:t3, leader=s0, voted=null, raftlog=s2@group-1CE3CBD1CDAC-SegmentedRaftLog:OPENED:c8,f8,i8, conf=7: [ss1:0.0.0.0:34657, ss2:0.0.0.0:41202, s0:0.0.0.0:39552, s1:0.0.0.0:42687, s2:0.0.0.0:42535], old=null RUNNING
2019-09-26 13:53:20,932 DEBUG impl.RaftServerImpl (RaftServerImpl.java:submitClientRequestAsync(533)) - s1@group-1CE3CBD1CDAC: receive client request(RaftClientRequest:client-B41D772A85F9->s1@group-1CE3CBD1CDAC, cid=0, seq=0, RW, Message:6d31)
2019-09-26 13:53:20,933 WARN  netty.TestRaftExceptionWithNetty (JavaUtils.java:attempt(158)) - FAILED "assertNotLeaderException", attempt #9/10: java.lang.AssertionError: expected:<s2> but was:<s0>, sleep 1s and then retry.
java.lang.AssertionError: expected:<s2> but was:<s0>
	at org.junit.Assert.fail(Assert.java:88)
	at org.junit.Assert.failNotEquals(Assert.java:834)
	at org.junit.Assert.assertEquals(Assert.java:118)
	at org.junit.Assert.assertEquals(Assert.java:144)
	at org.apache.ratis.RaftExceptionBaseTest.assertNotLeaderException(RaftExceptionBaseTest.java:98)
	at org.apache.ratis.RaftExceptionBaseTest.lambda$runTestNotLeaderExceptionWithReconf$3(RaftExceptionBaseTest.java:132)
	at org.apache.ratis.util.JavaUtils.attempt(JavaUtils.java:152)
	at org.apache.ratis.RaftExceptionBaseTest.runTestNotLeaderExceptionWithReconf(RaftExceptionBaseTest.java:131)
	at org.apache.ratis.MiniRaftCluster$Factory$Get.runWithNewCluster(MiniRaftCluster.java:125)
	at org.apache.ratis.MiniRaftCluster$Factory$Get.runWithNewCluster(MiniRaftCluster.java:113)
	at org.apache.ratis.RaftExceptionBaseTest.testNotLeaderExceptionWithReconf(RaftExceptionBaseTest.java:109)
	at sun.reflect.NativeMethodAccessorImpl.invoke0(Native Method)
	at sun.reflect.NativeMethodAccessorImpl.invoke(NativeMethodAccessorImpl.java:62)
	at sun.reflect.DelegatingMethodAccessorImpl.invoke(DelegatingMethodAccessorImpl.java:43)
	at java.lang.reflect.Method.invoke(Method.java:498)
	at org.junit.runners.model.FrameworkMethod$1.runReflectiveCall(FrameworkMethod.java:50)
	at org.junit.internal.runners.model.ReflectiveCallable.run(ReflectiveCallable.java:12)
	at org.junit.runners.model.FrameworkMethod.invokeExplosively(FrameworkMethod.java:47)
	at org.junit.internal.runners.statements.InvokeMethod.evaluate(InvokeMethod.java:17)
	at org.junit.internal.runners.statements.RunAfters.evaluate(RunAfters.java:27)
	at org.junit.internal.runners.statements.FailOnTimeout$CallableStatement.call(FailOnTimeout.java:298)
	at org.junit.internal.runners.statements.FailOnTimeout$CallableStatement.call(FailOnTimeout.java:292)
	at java.util.concurrent.FutureTask.run(FutureTask.java:266)
	at java.lang.Thread.run(Thread.java:748)
2019-09-26 13:53:21,936 DEBUG impl.RaftServerImpl (RaftServerImpl.java:submitClientRequestAsync(533)) - s1@group-1CE3CBD1CDAC: receive client request(RaftClientRequest:client-39B4C94E12F9->s1@group-1CE3CBD1CDAC, cid=0, seq=0, RW, Message:6d31)
2019-09-26 13:53:21,939 INFO  ratis.MiniRaftCluster (MiniRaftCluster.java:runWithNewCluster(127)) - printing ALL groups
  ss1:  RUNNING  FOLLOWER ss1@group-1CE3CBD1CDAC:t3, leader=s0, voted=null, raftlog=ss1@group-1CE3CBD1CDAC-SegmentedRaftLog:OPENED:c8,f8,i8, conf=7: [ss1:0.0.0.0:34657, ss2:0.0.0.0:41202, s0:0.0.0.0:39552, s1:0.0.0.0:42687, s2:0.0.0.0:42535], old=null RUNNING
  ss2:  RUNNING  FOLLOWER ss2@group-1CE3CBD1CDAC:t3, leader=s0, voted=null, raftlog=ss2@group-1CE3CBD1CDAC-SegmentedRaftLog:OPENED:c8,f8,i8, conf=7: [ss1:0.0.0.0:34657, ss2:0.0.0.0:41202, s0:0.0.0.0:39552, s1:0.0.0.0:42687, s2:0.0.0.0:42535], old=null RUNNING
  s0:  RUNNING    LEADER s0@group-1CE3CBD1CDAC:t3, leader=s0, voted=s0, raftlog=s0@group-1CE3CBD1CDAC-SegmentedRaftLog:OPENED:c8,f8,i8, conf=7: [ss1:0.0.0.0:34657, ss2:0.0.0.0:41202, s0:0.0.0.0:39552, s1:0.0.0.0:42687, s2:0.0.0.0:42535], old=null RUNNING
  s1:  RUNNING  FOLLOWER s1@group-1CE3CBD1CDAC:t3, leader=s0, voted=s0, raftlog=s1@group-1CE3CBD1CDAC-SegmentedRaftLog:OPENED:c8,f8,i8, conf=7: [ss1:0.0.0.0:34657, ss2:0.0.0.0:41202, s0:0.0.0.0:39552, s1:0.0.0.0:42687, s2:0.0.0.0:42535], old=null RUNNING
  s2:  RUNNING  FOLLOWER s2@group-1CE3CBD1CDAC:t3, leader=s0, voted=null, raftlog=s2@group-1CE3CBD1CDAC-SegmentedRaftLog:OPENED:c8,f8,i8, conf=7: [ss1:0.0.0.0:34657, ss2:0.0.0.0:41202, s0:0.0.0.0:39552, s1:0.0.0.0:42687, s2:0.0.0.0:42535], old=null RUNNING
2019-09-26 13:53:21,939 ERROR ratis.MiniRaftCluster (MiniRaftCluster.java:runWithNewCluster(128)) - Failed org.apache.ratis.MiniRaftCluster$Factory$Get.runWithNewCluster(MiniRaftCluster.java:113)
java.lang.AssertionError: expected:<s2> but was:<s0>
	at org.junit.Assert.fail(Assert.java:88)
	at org.junit.Assert.failNotEquals(Assert.java:834)
	at org.junit.Assert.assertEquals(Assert.java:118)
	at org.junit.Assert.assertEquals(Assert.java:144)
	at org.apache.ratis.RaftExceptionBaseTest.assertNotLeaderException(RaftExceptionBaseTest.java:98)
	at org.apache.ratis.RaftExceptionBaseTest.lambda$runTestNotLeaderExceptionWithReconf$3(RaftExceptionBaseTest.java:132)
	at org.apache.ratis.util.JavaUtils.attempt(JavaUtils.java:152)
	at org.apache.ratis.RaftExceptionBaseTest.runTestNotLeaderExceptionWithReconf(RaftExceptionBaseTest.java:131)
	at org.apache.ratis.MiniRaftCluster$Factory$Get.runWithNewCluster(MiniRaftCluster.java:125)
	at org.apache.ratis.MiniRaftCluster$Factory$Get.runWithNewCluster(MiniRaftCluster.java:113)
	at org.apache.ratis.RaftExceptionBaseTest.testNotLeaderExceptionWithReconf(RaftExceptionBaseTest.java:109)
	at sun.reflect.NativeMethodAccessorImpl.invoke0(Native Method)
	at sun.reflect.NativeMethodAccessorImpl.invoke(NativeMethodAccessorImpl.java:62)
	at sun.reflect.DelegatingMethodAccessorImpl.invoke(DelegatingMethodAccessorImpl.java:43)
	at java.lang.reflect.Method.invoke(Method.java:498)
	at org.junit.runners.model.FrameworkMethod$1.runReflectiveCall(FrameworkMethod.java:50)
	at org.junit.internal.runners.model.ReflectiveCallable.run(ReflectiveCallable.java:12)
	at org.junit.runners.model.FrameworkMethod.invokeExplosively(FrameworkMethod.java:47)
	at org.junit.internal.runners.statements.InvokeMethod.evaluate(InvokeMethod.java:17)
	at org.junit.internal.runners.statements.RunAfters.evaluate(RunAfters.java:27)
	at org.junit.internal.runners.statements.FailOnTimeout$CallableStatement.call(FailOnTimeout.java:298)
	at org.junit.internal.runners.statements.FailOnTimeout$CallableStatement.call(FailOnTimeout.java:292)
	at java.util.concurrent.FutureTask.run(FutureTask.java:266)
	at java.lang.Thread.run(Thread.java:748)
2019-09-26 13:53:21,940 INFO  ratis.MiniRaftCluster (MiniRaftCluster.java:shutdown(700)) - ************************************************************** 
2019-09-26 13:53:21,940 INFO  ratis.MiniRaftCluster (MiniRaftCluster.java:shutdown(701)) - *** 
2019-09-26 13:53:21,940 INFO  ratis.MiniRaftCluster (MiniRaftCluster.java:shutdown(702)) - ***     Stopping MiniRaftClusterWithNetty
2019-09-26 13:53:21,940 INFO  ratis.MiniRaftCluster (MiniRaftCluster.java:shutdown(703)) - *** 
2019-09-26 13:53:21,940 INFO  ratis.MiniRaftCluster (MiniRaftCluster.java:shutdown(704)) - ************************************************************** 
2019-09-26 13:53:21,941 INFO  ratis.MiniRaftCluster (MiniRaftCluster.java:shutdown(705)) - printing ALL groups
  ss1:  RUNNING  FOLLOWER ss1@group-1CE3CBD1CDAC:t3, leader=s0, voted=null, raftlog=ss1@group-1CE3CBD1CDAC-SegmentedRaftLog:OPENED:c8,f8,i8, conf=7: [ss1:0.0.0.0:34657, ss2:0.0.0.0:41202, s0:0.0.0.0:39552, s1:0.0.0.0:42687, s2:0.0.0.0:42535], old=null RUNNING
  ss2:  RUNNING  FOLLOWER ss2@group-1CE3CBD1CDAC:t3, leader=s0, voted=null, raftlog=ss2@group-1CE3CBD1CDAC-SegmentedRaftLog:OPENED:c8,f8,i8, conf=7: [ss1:0.0.0.0:34657, ss2:0.0.0.0:41202, s0:0.0.0.0:39552, s1:0.0.0.0:42687, s2:0.0.0.0:42535], old=null RUNNING
  s0:  RUNNING    LEADER s0@group-1CE3CBD1CDAC:t3, leader=s0, voted=s0, raftlog=s0@group-1CE3CBD1CDAC-SegmentedRaftLog:OPENED:c8,f8,i8, conf=7: [ss1:0.0.0.0:34657, ss2:0.0.0.0:41202, s0:0.0.0.0:39552, s1:0.0.0.0:42687, s2:0.0.0.0:42535], old=null RUNNING
  s1:  RUNNING  FOLLOWER s1@group-1CE3CBD1CDAC:t3, leader=s0, voted=s0, raftlog=s1@group-1CE3CBD1CDAC-SegmentedRaftLog:OPENED:c8,f8,i8, conf=7: [ss1:0.0.0.0:34657, ss2:0.0.0.0:41202, s0:0.0.0.0:39552, s1:0.0.0.0:42687, s2:0.0.0.0:42535], old=null RUNNING
  s2:  RUNNING  FOLLOWER s2@group-1CE3CBD1CDAC:t3, leader=s0, voted=null, raftlog=s2@group-1CE3CBD1CDAC-SegmentedRaftLog:OPENED:c8,f8,i8, conf=7: [ss1:0.0.0.0:34657, ss2:0.0.0.0:41202, s0:0.0.0.0:39552, s1:0.0.0.0:42687, s2:0.0.0.0:42535], old=null RUNNING
2019-09-26 13:53:21,943 INFO  impl.RaftServerProxy (RaftServerProxy.java:lambda$close$4(314)) - ss2: close
2019-09-26 13:53:21,944 INFO  impl.RaftServerProxy (RaftServerProxy.java:lambda$close$4(314)) - s1: close
2019-09-26 13:53:21,944 INFO  impl.RaftServerProxy (RaftServerProxy.java:lambda$close$4(314)) - s0: close
2019-09-26 13:53:21,943 INFO  impl.RaftServerProxy (RaftServerProxy.java:lambda$close$4(314)) - ss1: close
2019-09-26 13:53:21,947 INFO  impl.RaftServerImpl (RaftServerImpl.java:lambda$shutdown$3(247)) - s0@group-1CE3CBD1CDAC: shutdown
2019-09-26 13:53:21,946 INFO  impl.RaftServerImpl (RaftServerImpl.java:lambda$shutdown$3(247)) - s1@group-1CE3CBD1CDAC: shutdown
2019-09-26 13:53:21,946 INFO  impl.RaftServerProxy (RaftServerProxy.java:lambda$close$4(314)) - s2: close
2019-09-26 13:53:21,946 INFO  impl.RaftServerImpl (RaftServerImpl.java:lambda$shutdown$3(247)) - ss2@group-1CE3CBD1CDAC: shutdown
2019-09-26 13:53:21,947 INFO  impl.RaftServerImpl (RaftServerImpl.java:lambda$shutdown$3(247)) - s2@group-1CE3CBD1CDAC: shutdown
2019-09-26 13:53:21,947 INFO  util.JmxRegister (JmxRegister.java:unregister(73)) - Successfully un-registered JMX Bean with object name Ratis:service=RaftServer,group=group-1CE3CBD1CDAC,id=s1
2019-09-26 13:53:21,947 INFO  util.JmxRegister (JmxRegister.java:unregister(73)) - Successfully un-registered JMX Bean with object name Ratis:service=RaftServer,group=group-1CE3CBD1CDAC,id=s0
2019-09-26 13:53:21,948 INFO  impl.RoleInfo (RoleInfo.java:shutdownLeaderState(104)) - s0: shutdown LeaderState
2019-09-26 13:53:21,947 INFO  impl.RaftServerImpl (RaftServerImpl.java:lambda$shutdown$3(247)) - ss1@group-1CE3CBD1CDAC: shutdown
2019-09-26 13:53:21,950 INFO  impl.LogAppender (LogAppender.java:run(78)) - s0@group-1CE3CBD1CDAC->s2-LogAppender-AppenderDaemon was interrupted: java.lang.InterruptedException
2019-09-26 13:53:21,950 INFO  impl.LogAppender (LogAppender.java:run(78)) - s0@group-1CE3CBD1CDAC->ss1-LogAppender-AppenderDaemon was interrupted: java.lang.InterruptedException
2019-09-26 13:53:21,950 INFO  impl.LogAppender (LogAppender.java:run(78)) - s0@group-1CE3CBD1CDAC->s1-LogAppender-AppenderDaemon was interrupted: java.lang.InterruptedException
2019-09-26 13:53:21,950 INFO  impl.LogAppender (LogAppender.java:run(78)) - s0@group-1CE3CBD1CDAC->ss2-LogAppender-AppenderDaemon was interrupted: java.lang.InterruptedException
2019-09-26 13:53:21,950 INFO  impl.PendingRequests (PendingRequests.java:sendNotLeaderResponses(202)) - s0@group-1CE3CBD1CDAC-PendingRequests: sendNotLeaderResponses
2019-09-26 13:53:21,948 INFO  impl.RoleInfo (RoleInfo.java:shutdownFollowerState(121)) - s1: shutdown FollowerState
2019-09-26 13:53:21,948 INFO  util.JmxRegister (JmxRegister.java:unregister(73)) - Successfully un-registered JMX Bean with object name Ratis:service=RaftServer,group=group-1CE3CBD1CDAC,id=s2
2019-09-26 13:53:21,948 INFO  util.JmxRegister (JmxRegister.java:unregister(73)) - Successfully un-registered JMX Bean with object name Ratis:service=RaftServer,group=group-1CE3CBD1CDAC,id=ss2
2019-09-26 13:53:21,954 INFO  impl.RoleInfo (RoleInfo.java:shutdownFollowerState(121)) - s2: shutdown FollowerState
2019-09-26 13:53:21,954 INFO  impl.FollowerState (FollowerState.java:run(117)) - s1@group-1CE3CBD1CDAC-FollowerState was interrupted: java.lang.InterruptedException: sleep interrupted
2019-09-26 13:53:21,955 INFO  impl.FollowerState (FollowerState.java:run(117)) - s2@group-1CE3CBD1CDAC-FollowerState was interrupted: java.lang.InterruptedException: sleep interrupted
2019-09-26 13:53:21,954 INFO  impl.StateMachineUpdater (StateMachineUpdater.java:stopAndJoin(136)) - s1@group-1CE3CBD1CDAC-StateMachineUpdater: set stopIndex = 8
2019-09-26 13:53:21,953 INFO  impl.StateMachineUpdater (StateMachineUpdater.java:stopAndJoin(136)) - s0@group-1CE3CBD1CDAC-StateMachineUpdater: set stopIndex = 8
2019-09-26 13:53:21,951 INFO  util.JmxRegister (JmxRegister.java:unregister(73)) - Successfully un-registered JMX Bean with object name Ratis:service=RaftServer,group=group-1CE3CBD1CDAC,id=ss1
2019-09-26 13:53:21,956 INFO  impl.RaftServerImpl (ServerState.java:close(386)) - s0@group-1CE3CBD1CDAC: closes. applyIndex: 8
2019-09-26 13:53:21,956 INFO  impl.RaftServerImpl (ServerState.java:close(386)) - s1@group-1CE3CBD1CDAC: closes. applyIndex: 8
2019-09-26 13:53:21,955 INFO  impl.StateMachineUpdater (StateMachineUpdater.java:stopAndJoin(136)) - s2@group-1CE3CBD1CDAC-StateMachineUpdater: set stopIndex = 8
2019-09-26 13:53:21,954 INFO  impl.RoleInfo (RoleInfo.java:shutdownFollowerState(121)) - ss2: shutdown FollowerState
2019-09-26 13:53:21,957 INFO  impl.RaftServerImpl (ServerState.java:close(386)) - s2@group-1CE3CBD1CDAC: closes. applyIndex: 8
2019-09-26 13:53:21,957 INFO  segmented.SegmentedRaftLogWorker (SegmentedRaftLogWorker.java:run(313)) - s1@group-1CE3CBD1CDAC-SegmentedRaftLogWorker was interrupted, exiting. There are 0 tasks remaining in the queue.
2019-09-26 13:53:21,957 INFO  segmented.SegmentedRaftLogWorker (SegmentedRaftLogWorker.java:run(313)) - s0@group-1CE3CBD1CDAC-SegmentedRaftLogWorker was interrupted, exiting. There are 0 tasks remaining in the queue.
2019-09-26 13:53:21,956 INFO  impl.RoleInfo (RoleInfo.java:shutdownFollowerState(121)) - ss1: shutdown FollowerState
2019-09-26 13:53:21,958 INFO  segmented.SegmentedRaftLogWorker (SegmentedRaftLogWorker.java:run(313)) - s2@group-1CE3CBD1CDAC-SegmentedRaftLogWorker was interrupted, exiting. There are 0 tasks remaining in the queue.
2019-09-26 13:53:21,958 INFO  impl.FollowerState (FollowerState.java:run(117)) - ss2@group-1CE3CBD1CDAC-FollowerState was interrupted: java.lang.InterruptedException: sleep interrupted
2019-09-26 13:53:21,957 INFO  impl.StateMachineUpdater (StateMachineUpdater.java:stopAndJoin(136)) - ss2@group-1CE3CBD1CDAC-StateMachineUpdater: set stopIndex = 8
2019-09-26 13:53:21,961 INFO  segmented.SegmentedRaftLogWorker (SegmentedRaftLogWorker.java:close(228)) - s0@group-1CE3CBD1CDAC-SegmentedRaftLogWorker close()
2019-09-26 13:53:21,959 INFO  impl.FollowerState (FollowerState.java:run(117)) - ss1@group-1CE3CBD1CDAC-FollowerState was interrupted: java.lang.InterruptedException: sleep interrupted
2019-09-26 13:53:21,959 INFO  impl.StateMachineUpdater (StateMachineUpdater.java:stopAndJoin(136)) - ss1@group-1CE3CBD1CDAC-StateMachineUpdater: set stopIndex = 8
2019-09-26 13:53:21,962 INFO  segmented.SegmentedRaftLogWorker (SegmentedRaftLogWorker.java:close(228)) - s2@group-1CE3CBD1CDAC-SegmentedRaftLogWorker close()
2019-09-26 13:53:21,961 INFO  segmented.SegmentedRaftLogWorker (SegmentedRaftLogWorker.java:close(228)) - s1@group-1CE3CBD1CDAC-SegmentedRaftLogWorker close()
2019-09-26 13:53:21,961 INFO  impl.RaftServerImpl (ServerState.java:close(386)) - ss2@group-1CE3CBD1CDAC: closes. applyIndex: 8
2019-09-26 13:53:21,967 INFO  logging.LoggingHandler (AbstractInternalLogger.java:log(150)) - [id: 0x581adb32, L:/0.0.0.0:42687] UNREGISTERED
2019-09-26 13:53:21,965 INFO  logging.LoggingHandler (AbstractInternalLogger.java:log(150)) - [id: 0x73663a47, L:/0.0.0.0:42535] UNREGISTERED
2019-09-26 13:53:21,963 INFO  logging.LoggingHandler (AbstractInternalLogger.java:log(150)) - [id: 0xc12d740d, L:/0.0.0.0:39552] UNREGISTERED
2019-09-26 13:53:21,962 INFO  impl.RaftServerImpl (ServerState.java:close(386)) - ss1@group-1CE3CBD1CDAC: closes. applyIndex: 8
2019-09-26 13:53:21,968 INFO  segmented.SegmentedRaftLogWorker (SegmentedRaftLogWorker.java:run(313)) - ss2@group-1CE3CBD1CDAC-SegmentedRaftLogWorker was interrupted, exiting. There are 0 tasks remaining in the queue.
2019-09-26 13:53:21,970 INFO  segmented.SegmentedRaftLogWorker (SegmentedRaftLogWorker.java:run(313)) - ss1@group-1CE3CBD1CDAC-SegmentedRaftLogWorker was interrupted, exiting. There are 0 tasks remaining in the queue.
2019-09-26 13:53:21,972 INFO  segmented.SegmentedRaftLogWorker (SegmentedRaftLogWorker.java:close(228)) - ss2@group-1CE3CBD1CDAC-SegmentedRaftLogWorker close()
2019-09-26 13:53:21,973 INFO  segmented.SegmentedRaftLogWorker (SegmentedRaftLogWorker.java:close(228)) - ss1@group-1CE3CBD1CDAC-SegmentedRaftLogWorker close()
2019-09-26 13:53:21,974 INFO  logging.LoggingHandler (AbstractInternalLogger.java:log(150)) - [id: 0x7745cdc7, L:/0.0.0.0:41202] UNREGISTERED
2019-09-26 13:53:21,975 INFO  logging.LoggingHandler (AbstractInternalLogger.java:log(150)) - [id: 0xd2b8eee9, L:/0.0.0.0:34657] UNREGISTERED
2019-09-26 13:53:21,977 INFO  ratis.MiniRaftCluster (MiniRaftCluster.java:shutdown(722)) - MiniRaftClusterWithNetty shutdown completed
]]></system-out>
  </testcase>
  <testcase name="testStaleReadException" classname="org.apache.ratis.netty.TestRaftExceptionWithNetty" time="0.021"/>
</testsuite>