<?xml version="1.0" encoding="UTF-8"?>
<testsuite xmlns:xsi="http://www.w3.org/2001/XMLSchema-instance" xsi:noNamespaceSchemaLocation="https://maven.apache.org/surefire/maven-surefire-plugin/xsd/surefire-test-report.xsd" name="org.apache.ratis.server.simulation.TestRaftSnapshotWithSimulatedRpc" time="6.677" tests="2" errors="0" skipped="0" failures="1">
  <properties>
    <property name="awt.toolkit" value="sun.awt.X11.XToolkit"/>
    <property name="file.encoding.pkg" value="sun.io"/>
    <property name="java.specification.version" value="1.8"/>
    <property name="sun.cpu.isalist" value=""/>
    <property name="sun.jnu.encoding" value="UTF-8"/>
    <property name="java.class.path" value="/workdir/ratis-test/target/test-classes:/workdir/ratis-test/target/classes:/workdir/ratis-common/target/classes:/home/user/.m2/repository/org/apache/ratis/ratis-thirdparty-misc/0.2.0/ratis-thirdparty-misc-0.2.0.jar:/workdir/ratis-proto/target/ratis-proto-0.5.0-SNAPSHOT.jar:/home/user/.m2/repository/org/slf4j/slf4j-log4j12/1.7.10/slf4j-log4j12-1.7.10.jar:/home/user/.m2/repository/log4j/log4j/1.2.17/log4j-1.2.17.jar:/workdir/ratis-common/target/test-classes:/workdir/ratis-client/target/classes:/workdir/ratis-server/target/classes:/workdir/ratis-metrics/target/classes:/home/user/.m2/repository/io/dropwizard/metrics/metrics-core/3.2.5/metrics-core-3.2.5.jar:/home/user/.m2/repository/com/github/joshelser/dropwizard-metrics-hadoop-metrics2-reporter/0.1.2/dropwizard-metrics-hadoop-metrics2-reporter-0.1.2.jar:/home/user/.m2/repository/org/apache/hadoop/hadoop-common/2.6.0/hadoop-common-2.6.0.jar:/home/user/.m2/repository/org/apache/hadoop/hadoop-annotations/2.6.0/hadoop-annotations-2.6.0.jar:/usr/lib/jvm/java-1.8-openjdk/jre/../lib/tools.jar:/home/user/.m2/repository/com/google/guava/guava/11.0.2/guava-11.0.2.jar:/home/user/.m2/repository/commons-cli/commons-cli/1.2/commons-cli-1.2.jar:/home/user/.m2/repository/org/apache/commons/commons-math3/3.1.1/commons-math3-3.1.1.jar:/home/user/.m2/repository/xmlenc/xmlenc/0.52/xmlenc-0.52.jar:/home/user/.m2/repository/commons-httpclient/commons-httpclient/3.1/commons-httpclient-3.1.jar:/home/user/.m2/repository/commons-codec/commons-codec/1.4/commons-codec-1.4.jar:/home/user/.m2/repository/commons-io/commons-io/2.4/commons-io-2.4.jar:/home/user/.m2/repository/commons-net/commons-net/3.1/commons-net-3.1.jar:/home/user/.m2/repository/commons-collections/commons-collections/3.2.1/commons-collections-3.2.1.jar:/home/user/.m2/repository/javax/servlet/servlet-api/2.5/servlet-api-2.5.jar:/home/user/.m2/repository/org/mortbay/jetty/jetty/6.1.26/jetty-6.1.26.jar:/home/user/.m2/repository/org/mortbay/jetty/jetty-util/6.1.26/jetty-util-6.1.26.jar:/home/user/.m2/repository/com/sun/jersey/jersey-core/1.9/jersey-core-1.9.jar:/home/user/.m2/repository/com/sun/jersey/jersey-json/1.9/jersey-json-1.9.jar:/home/user/.m2/repository/org/codehaus/jettison/jettison/1.1/jettison-1.1.jar:/home/user/.m2/repository/com/sun/xml/bind/jaxb-impl/2.2.3-1/jaxb-impl-2.2.3-1.jar:/home/user/.m2/repository/javax/xml/bind/jaxb-api/2.2.2/jaxb-api-2.2.2.jar:/home/user/.m2/repository/javax/xml/stream/stax-api/1.0-2/stax-api-1.0-2.jar:/home/user/.m2/repository/javax/activation/activation/1.1/activation-1.1.jar:/home/user/.m2/repository/org/codehaus/jackson/jackson-jaxrs/1.8.3/jackson-jaxrs-1.8.3.jar:/home/user/.m2/repository/org/codehaus/jackson/jackson-xc/1.8.3/jackson-xc-1.8.3.jar:/home/user/.m2/repository/com/sun/jersey/jersey-server/1.9/jersey-server-1.9.jar:/home/user/.m2/repository/asm/asm/3.1/asm-3.1.jar:/home/user/.m2/repository/tomcat/jasper-compiler/5.5.23/jasper-compiler-5.5.23.jar:/home/user/.m2/repository/tomcat/jasper-runtime/5.5.23/jasper-runtime-5.5.23.jar:/home/user/.m2/repository/javax/servlet/jsp/jsp-api/2.1/jsp-api-2.1.jar:/home/user/.m2/repository/commons-el/commons-el/1.0/commons-el-1.0.jar:/home/user/.m2/repository/commons-logging/commons-logging/1.1.3/commons-logging-1.1.3.jar:/home/user/.m2/repository/net/java/dev/jets3t/jets3t/0.9.0/jets3t-0.9.0.jar:/home/user/.m2/repository/org/apache/httpcomponents/httpclient/4.1.2/httpclient-4.1.2.jar:/home/user/.m2/repository/org/apache/httpcomponents/httpcore/4.1.2/httpcore-4.1.2.jar:/home/user/.m2/repository/com/jamesmurty/utils/java-xmlbuilder/0.4/java-xmlbuilder-0.4.jar:/home/user/.m2/repository/commons-lang/commons-lang/2.6/commons-lang-2.6.jar:/home/user/.m2/repository/commons-configuration/commons-configuration/1.6/commons-configuration-1.6.jar:/home/user/.m2/repository/commons-digester/commons-digester/1.8/commons-digester-1.8.jar:/home/user/.m2/repository/commons-beanutils/commons-beanutils/1.7.0/commons-beanutils-1.7.0.jar:/home/user/.m2/repository/commons-beanutils/commons-beanutils-core/1.8.0/commons-beanutils-core-1.8.0.jar:/home/user/.m2/repository/org/codehaus/jackson/jackson-core-asl/1.9.13/jackson-core-asl-1.9.13.jar:/home/user/.m2/repository/org/codehaus/jackson/jackson-mapper-asl/1.9.13/jackson-mapper-asl-1.9.13.jar:/home/user/.m2/repository/org/apache/avro/avro/1.7.4/avro-1.7.4.jar:/home/user/.m2/repository/com/thoughtworks/paranamer/paranamer/2.3/paranamer-2.3.jar:/home/user/.m2/repository/org/xerial/snappy/snappy-java/1.0.4.1/snappy-java-1.0.4.1.jar:/home/user/.m2/repository/com/google/protobuf/protobuf-java/2.5.0/protobuf-java-2.5.0.jar:/home/user/.m2/repository/com/google/code/gson/gson/2.2.4/gson-2.2.4.jar:/home/user/.m2/repository/org/apache/hadoop/hadoop-auth/2.6.0/hadoop-auth-2.6.0.jar:/home/user/.m2/repository/org/apache/directory/server/apacheds-kerberos-codec/2.0.0-M15/apacheds-kerberos-codec-2.0.0-M15.jar:/home/user/.m2/repository/org/apache/directory/server/apacheds-i18n/2.0.0-M15/apacheds-i18n-2.0.0-M15.jar:/home/user/.m2/repository/org/apache/directory/api/api-asn1-api/1.0.0-M20/api-asn1-api-1.0.0-M20.jar:/home/user/.m2/repository/org/apache/directory/api/api-util/1.0.0-M20/api-util-1.0.0-M20.jar:/home/user/.m2/repository/org/apache/curator/curator-framework/2.6.0/curator-framework-2.6.0.jar:/home/user/.m2/repository/com/jcraft/jsch/0.1.42/jsch-0.1.42.jar:/home/user/.m2/repository/org/apache/curator/curator-client/2.6.0/curator-client-2.6.0.jar:/home/user/.m2/repository/org/apache/curator/curator-recipes/2.6.0/curator-recipes-2.6.0.jar:/home/user/.m2/repository/com/google/code/findbugs/jsr305/1.3.9/jsr305-1.3.9.jar:/home/user/.m2/repository/org/htrace/htrace-core/3.0.4/htrace-core-3.0.4.jar:/home/user/.m2/repository/org/apache/zookeeper/zookeeper/3.4.6/zookeeper-3.4.6.jar:/home/user/.m2/repository/io/netty/netty/3.7.0.Final/netty-3.7.0.Final.jar:/home/user/.m2/repository/org/apache/commons/commons-compress/1.4.1/commons-compress-1.4.1.jar:/home/user/.m2/repository/org/tukaani/xz/1.0/xz-1.0.jar:/home/user/.m2/repository/io/dropwizard/metrics/metrics-jvm/3.2.5/metrics-jvm-3.2.5.jar:/home/user/.m2/repository/io/dropwizard/metrics/metrics-ganglia/3.2.5/metrics-ganglia-3.2.5.jar:/home/user/.m2/repository/info/ganglia/gmetric4j/gmetric4j/1.0.7/gmetric4j-1.0.7.jar:/workdir/ratis-server/target/test-classes:/workdir/ratis-netty/target/classes:/workdir/ratis-netty/target/test-classes:/workdir/ratis-grpc/target/classes:/workdir/ratis-grpc/target/test-classes:/home/user/.m2/repository/org/slf4j/slf4j-api/1.7.10/slf4j-api-1.7.10.jar:/home/user/.m2/repository/junit/junit/4.12/junit-4.12.jar:/home/user/.m2/repository/org/hamcrest/hamcrest-core/1.3/hamcrest-core-1.3.jar:/home/user/.m2/repository/org/mockito/mockito-all/1.8.5/mockito-all-1.8.5.jar:"/>
    <property name="java.vm.vendor" value="IcedTea"/>
    <property name="sun.arch.data.model" value="64"/>
    <property name="java.vendor.url" value="https://icedtea.classpath.org"/>
    <property name="user.timezone" value=""/>
    <property name="java.vm.specification.version" value="1.8"/>
    <property name="os.name" value="Linux"/>
    <property name="user.country" value="US"/>
    <property name="sun.java.launcher" value="SUN_STANDARD"/>
    <property name="sun.boot.library.path" value="/usr/lib/jvm/java-1.8-openjdk/jre/lib/amd64"/>
    <property name="sun.java.command" value="/workdir/ratis-test/target/surefire/surefirebooter125678220237187706.jar /workdir/ratis-test/target/surefire 2019-09-26T13-42-04_408-jvmRun1 surefire5825315320370135531tmp surefire_325684632534957765682tmp"/>
    <property name="surefire.test.class.path" value="/workdir/ratis-test/target/test-classes:/workdir/ratis-test/target/classes:/workdir/ratis-common/target/classes:/home/user/.m2/repository/org/apache/ratis/ratis-thirdparty-misc/0.2.0/ratis-thirdparty-misc-0.2.0.jar:/workdir/ratis-proto/target/ratis-proto-0.5.0-SNAPSHOT.jar:/home/user/.m2/repository/org/slf4j/slf4j-log4j12/1.7.10/slf4j-log4j12-1.7.10.jar:/home/user/.m2/repository/log4j/log4j/1.2.17/log4j-1.2.17.jar:/workdir/ratis-common/target/test-classes:/workdir/ratis-client/target/classes:/workdir/ratis-server/target/classes:/workdir/ratis-metrics/target/classes:/home/user/.m2/repository/io/dropwizard/metrics/metrics-core/3.2.5/metrics-core-3.2.5.jar:/home/user/.m2/repository/com/github/joshelser/dropwizard-metrics-hadoop-metrics2-reporter/0.1.2/dropwizard-metrics-hadoop-metrics2-reporter-0.1.2.jar:/home/user/.m2/repository/org/apache/hadoop/hadoop-common/2.6.0/hadoop-common-2.6.0.jar:/home/user/.m2/repository/org/apache/hadoop/hadoop-annotations/2.6.0/hadoop-annotations-2.6.0.jar:/usr/lib/jvm/java-1.8-openjdk/jre/../lib/tools.jar:/home/user/.m2/repository/com/google/guava/guava/11.0.2/guava-11.0.2.jar:/home/user/.m2/repository/commons-cli/commons-cli/1.2/commons-cli-1.2.jar:/home/user/.m2/repository/org/apache/commons/commons-math3/3.1.1/commons-math3-3.1.1.jar:/home/user/.m2/repository/xmlenc/xmlenc/0.52/xmlenc-0.52.jar:/home/user/.m2/repository/commons-httpclient/commons-httpclient/3.1/commons-httpclient-3.1.jar:/home/user/.m2/repository/commons-codec/commons-codec/1.4/commons-codec-1.4.jar:/home/user/.m2/repository/commons-io/commons-io/2.4/commons-io-2.4.jar:/home/user/.m2/repository/commons-net/commons-net/3.1/commons-net-3.1.jar:/home/user/.m2/repository/commons-collections/commons-collections/3.2.1/commons-collections-3.2.1.jar:/home/user/.m2/repository/javax/servlet/servlet-api/2.5/servlet-api-2.5.jar:/home/user/.m2/repository/org/mortbay/jetty/jetty/6.1.26/jetty-6.1.26.jar:/home/user/.m2/repository/org/mortbay/jetty/jetty-util/6.1.26/jetty-util-6.1.26.jar:/home/user/.m2/repository/com/sun/jersey/jersey-core/1.9/jersey-core-1.9.jar:/home/user/.m2/repository/com/sun/jersey/jersey-json/1.9/jersey-json-1.9.jar:/home/user/.m2/repository/org/codehaus/jettison/jettison/1.1/jettison-1.1.jar:/home/user/.m2/repository/com/sun/xml/bind/jaxb-impl/2.2.3-1/jaxb-impl-2.2.3-1.jar:/home/user/.m2/repository/javax/xml/bind/jaxb-api/2.2.2/jaxb-api-2.2.2.jar:/home/user/.m2/repository/javax/xml/stream/stax-api/1.0-2/stax-api-1.0-2.jar:/home/user/.m2/repository/javax/activation/activation/1.1/activation-1.1.jar:/home/user/.m2/repository/org/codehaus/jackson/jackson-jaxrs/1.8.3/jackson-jaxrs-1.8.3.jar:/home/user/.m2/repository/org/codehaus/jackson/jackson-xc/1.8.3/jackson-xc-1.8.3.jar:/home/user/.m2/repository/com/sun/jersey/jersey-server/1.9/jersey-server-1.9.jar:/home/user/.m2/repository/asm/asm/3.1/asm-3.1.jar:/home/user/.m2/repository/tomcat/jasper-compiler/5.5.23/jasper-compiler-5.5.23.jar:/home/user/.m2/repository/tomcat/jasper-runtime/5.5.23/jasper-runtime-5.5.23.jar:/home/user/.m2/repository/javax/servlet/jsp/jsp-api/2.1/jsp-api-2.1.jar:/home/user/.m2/repository/commons-el/commons-el/1.0/commons-el-1.0.jar:/home/user/.m2/repository/commons-logging/commons-logging/1.1.3/commons-logging-1.1.3.jar:/home/user/.m2/repository/net/java/dev/jets3t/jets3t/0.9.0/jets3t-0.9.0.jar:/home/user/.m2/repository/org/apache/httpcomponents/httpclient/4.1.2/httpclient-4.1.2.jar:/home/user/.m2/repository/org/apache/httpcomponents/httpcore/4.1.2/httpcore-4.1.2.jar:/home/user/.m2/repository/com/jamesmurty/utils/java-xmlbuilder/0.4/java-xmlbuilder-0.4.jar:/home/user/.m2/repository/commons-lang/commons-lang/2.6/commons-lang-2.6.jar:/home/user/.m2/repository/commons-configuration/commons-configuration/1.6/commons-configuration-1.6.jar:/home/user/.m2/repository/commons-digester/commons-digester/1.8/commons-digester-1.8.jar:/home/user/.m2/repository/commons-beanutils/commons-beanutils/1.7.0/commons-beanutils-1.7.0.jar:/home/user/.m2/repository/commons-beanutils/commons-beanutils-core/1.8.0/commons-beanutils-core-1.8.0.jar:/home/user/.m2/repository/org/codehaus/jackson/jackson-core-asl/1.9.13/jackson-core-asl-1.9.13.jar:/home/user/.m2/repository/org/codehaus/jackson/jackson-mapper-asl/1.9.13/jackson-mapper-asl-1.9.13.jar:/home/user/.m2/repository/org/apache/avro/avro/1.7.4/avro-1.7.4.jar:/home/user/.m2/repository/com/thoughtworks/paranamer/paranamer/2.3/paranamer-2.3.jar:/home/user/.m2/repository/org/xerial/snappy/snappy-java/1.0.4.1/snappy-java-1.0.4.1.jar:/home/user/.m2/repository/com/google/protobuf/protobuf-java/2.5.0/protobuf-java-2.5.0.jar:/home/user/.m2/repository/com/google/code/gson/gson/2.2.4/gson-2.2.4.jar:/home/user/.m2/repository/org/apache/hadoop/hadoop-auth/2.6.0/hadoop-auth-2.6.0.jar:/home/user/.m2/repository/org/apache/directory/server/apacheds-kerberos-codec/2.0.0-M15/apacheds-kerberos-codec-2.0.0-M15.jar:/home/user/.m2/repository/org/apache/directory/server/apacheds-i18n/2.0.0-M15/apacheds-i18n-2.0.0-M15.jar:/home/user/.m2/repository/org/apache/directory/api/api-asn1-api/1.0.0-M20/api-asn1-api-1.0.0-M20.jar:/home/user/.m2/repository/org/apache/directory/api/api-util/1.0.0-M20/api-util-1.0.0-M20.jar:/home/user/.m2/repository/org/apache/curator/curator-framework/2.6.0/curator-framework-2.6.0.jar:/home/user/.m2/repository/com/jcraft/jsch/0.1.42/jsch-0.1.42.jar:/home/user/.m2/repository/org/apache/curator/curator-client/2.6.0/curator-client-2.6.0.jar:/home/user/.m2/repository/org/apache/curator/curator-recipes/2.6.0/curator-recipes-2.6.0.jar:/home/user/.m2/repository/com/google/code/findbugs/jsr305/1.3.9/jsr305-1.3.9.jar:/home/user/.m2/repository/org/htrace/htrace-core/3.0.4/htrace-core-3.0.4.jar:/home/user/.m2/repository/org/apache/zookeeper/zookeeper/3.4.6/zookeeper-3.4.6.jar:/home/user/.m2/repository/io/netty/netty/3.7.0.Final/netty-3.7.0.Final.jar:/home/user/.m2/repository/org/apache/commons/commons-compress/1.4.1/commons-compress-1.4.1.jar:/home/user/.m2/repository/org/tukaani/xz/1.0/xz-1.0.jar:/home/user/.m2/repository/io/dropwizard/metrics/metrics-jvm/3.2.5/metrics-jvm-3.2.5.jar:/home/user/.m2/repository/io/dropwizard/metrics/metrics-ganglia/3.2.5/metrics-ganglia-3.2.5.jar:/home/user/.m2/repository/info/ganglia/gmetric4j/gmetric4j/1.0.7/gmetric4j-1.0.7.jar:/workdir/ratis-server/target/test-classes:/workdir/ratis-netty/target/classes:/workdir/ratis-netty/target/test-classes:/workdir/ratis-grpc/target/classes:/workdir/ratis-grpc/target/test-classes:/home/user/.m2/repository/org/slf4j/slf4j-api/1.7.10/slf4j-api-1.7.10.jar:/home/user/.m2/repository/junit/junit/4.12/junit-4.12.jar:/home/user/.m2/repository/org/hamcrest/hamcrest-core/1.3/hamcrest-core-1.3.jar:/home/user/.m2/repository/org/mockito/mockito-all/1.8.5/mockito-all-1.8.5.jar:"/>
    <property name="sun.cpu.endian" value="little"/>
    <property name="user.home" value="/home/user"/>
    <property name="user.language" value="en"/>
    <property name="java.specification.vendor" value="Oracle Corporation"/>
    <property name="java.home" value="/usr/lib/jvm/java-1.8-openjdk/jre"/>
    <property name="basedir" value="/workdir/ratis-test"/>
    <property name="file.separator" value="/"/>
    <property name="line.separator" value="&#10;"/>
    <property name="java.vm.specification.vendor" value="Oracle Corporation"/>
    <property name="java.specification.name" value="Java Platform API Specification"/>
    <property name="java.awt.graphicsenv" value="sun.awt.X11GraphicsEnvironment"/>
    <property name="surefire.real.class.path" value="/workdir/ratis-test/target/surefire/surefirebooter125678220237187706.jar"/>
    <property name="sun.boot.class.path" value="/usr/lib/jvm/java-1.8-openjdk/jre/lib/resources.jar:/usr/lib/jvm/java-1.8-openjdk/jre/lib/rt.jar:/usr/lib/jvm/java-1.8-openjdk/jre/lib/sunrsasign.jar:/usr/lib/jvm/java-1.8-openjdk/jre/lib/jsse.jar:/usr/lib/jvm/java-1.8-openjdk/jre/lib/jce.jar:/usr/lib/jvm/java-1.8-openjdk/jre/lib/charsets.jar:/usr/lib/jvm/java-1.8-openjdk/jre/lib/jfr.jar:/usr/lib/jvm/java-1.8-openjdk/jre/classes"/>
    <property name="sun.management.compiler" value="HotSpot 64-Bit Tiered Compilers"/>
    <property name="java.runtime.version" value="1.8.0_212-b04"/>
    <property name="java.net.preferIPv4Stack" value="true"/>
    <property name="user.name" value="jenkins1000"/>
    <property name="path.separator" value=":"/>
    <property name="os.version" value="3.10.0-957.12.2.el7.x86_64"/>
    <property name="java.endorsed.dirs" value="/usr/lib/jvm/java-1.8-openjdk/jre/lib/endorsed"/>
    <property name="java.runtime.name" value="OpenJDK Runtime Environment"/>
    <property name="file.encoding" value="UTF-8"/>
    <property name="java.vm.name" value="OpenJDK 64-Bit Server VM"/>
    <property name="localRepository" value="/home/user/.m2/repository"/>
    <property name="java.vendor.url.bug" value="https://icedtea.classpath.org/bugzilla"/>
    <property name="java.io.tmpdir" value="/tmp"/>
    <property name="java.version" value="1.8.0_212"/>
    <property name="user.dir" value="/workdir/ratis-test"/>
    <property name="os.arch" value="amd64"/>
    <property name="ratis.tmp.dir" value="/workdir/ratis-test/target/tmp"/>
    <property name="java.vm.specification.name" value="Java Virtual Machine Specification"/>
    <property name="java.awt.printerjob" value="sun.print.PSPrinterJob"/>
    <property name="ratis.log.dir" value="/workdir/ratis-test/target/log"/>
    <property name="sun.os.patch.level" value="unknown"/>
    <property name="java.library.path" value="/usr/lib/jvm/java-1.8-openjdk/jre/lib/amd64/server:/usr/lib/jvm/java-1.8-openjdk/jre/lib/amd64:/usr/lib/jvm/java-1.8-openjdk/jre/../lib/amd64:/usr/java/packages/lib/amd64:/usr/lib64:/lib64:/lib:/usr/lib"/>
    <property name="java.vm.info" value="mixed mode"/>
    <property name="java.vendor" value="IcedTea"/>
    <property name="java.vm.version" value="25.212-b04"/>
    <property name="java.ext.dirs" value="/usr/lib/jvm/java-1.8-openjdk/jre/lib/ext:/usr/java/packages/lib/ext"/>
    <property name="sun.io.unicode.encoding" value="UnicodeLittle"/>
    <property name="java.class.version" value="52.0"/>
  </properties>
  <testcase name="testRestartPeer" classname="org.apache.ratis.server.simulation.TestRaftSnapshotWithSimulatedRpc" time="4.034"/>
  <testcase name="testBasicInstallSnapshot" classname="org.apache.ratis.server.simulation.TestRaftSnapshotWithSimulatedRpc" time="2.471">
    <failure type="java.lang.AssertionError">java.lang.AssertionError
</failure>
    <system-out><![CDATA[2019-09-26 13:47:34,082 INFO  util.LogUtils (LogUtils.java:setLogLevel(41)) - Set org.apache.ratis.conf.ConfUtils log level to WARN
2019-09-26 13:47:34,082 INFO  util.LogUtils (LogUtils.java:setLogLevel(41)) - Set org.apache.ratis.util.FileUtils log level to TRACE
2019-09-26 13:47:34,082 INFO  util.LogUtils (LogUtils.java:setLogLevel(41)) - Set org.apache.ratis.server.impl.RaftServerImpl log level to DEBUG
2019-09-26 13:47:34,082 INFO  util.LogUtils (LogUtils.java:setLogLevel(41)) - Set org.apache.ratis.server.raftlog.RaftLog log level to DEBUG
2019-09-26 13:47:34,083 INFO  util.LogUtils (LogUtils.java:setLogLevel(41)) - Set org.apache.ratis.client.RaftClient log level to DEBUG
2019-09-26 13:47:34,084 INFO  simulation.MiniRaftClusterWithSimulatedRpc (ConfUtils.java:logGet(43)) - org.apache.ratis.server.simulation.SimulatedRequestReply.simulateLatencyMs = 150 (default)
2019-09-26 13:47:34,084 INFO  ratis.MiniRaftCluster (MiniRaftCluster.java:<init>(253)) - new MiniRaftClusterWithSimulatedRpc with group-E0D1C7E8C62C:[s0:0.0.0.0:33043]
2019-09-26 13:47:34,085 INFO  ratis.MiniRaftCluster (MiniRaftCluster.java:start(287)) - .............................................................. 
2019-09-26 13:47:34,085 INFO  ratis.MiniRaftCluster (MiniRaftCluster.java:start(288)) - ... 
2019-09-26 13:47:34,085 INFO  ratis.MiniRaftCluster (MiniRaftCluster.java:start(289)) - ...     Starting MiniRaftClusterWithSimulatedRpc
2019-09-26 13:47:34,085 INFO  ratis.MiniRaftCluster (MiniRaftCluster.java:start(290)) - ... 
2019-09-26 13:47:34,085 INFO  ratis.MiniRaftCluster (MiniRaftCluster.java:start(291)) - .............................................................. 
2019-09-26 13:47:34,085 INFO  ratis.MiniRaftCluster (MiniRaftCluster.java:initServers(265)) - servers = {}
2019-09-26 13:47:34,085 INFO  ratis.MiniRaftCluster (MiniRaftCluster.java:newRaftServer(330)) - newRaftServer: s0, group-E0D1C7E8C62C:[s0:0.0.0.0:33043], format? true
2019-09-26 13:47:34,085 TRACE util.FileUtils (FileUtils.java:deleteFully(88)) - deleteFully target/test/data/d460ac09/MiniRaftClusterWithSimulatedRpccad0b38c/s0
2019-09-26 13:47:34,086 TRACE util.FileUtils (FileUtils.java:deleteFully(104)) - deleteFully: target/test/data/d460ac09/MiniRaftClusterWithSimulatedRpccad0b38c/s0 does not exist.
2019-09-26 13:47:34,086 INFO  ratis.MiniRaftCluster (MiniRaftCluster.java:newRaftServer(335)) - Formatted directory target/test/data/d460ac09/MiniRaftClusterWithSimulatedRpccad0b38c/s0
2019-09-26 13:47:34,086 INFO  impl.RaftServerProxy (ConfUtils.java:logGet(43)) - raft.rpc.type = org.apache.ratis.server.simulation.SimulatedRpc (custom)
2019-09-26 13:47:34,087 INFO  server.RaftServerConfigKeys (ConfUtils.java:logGet(43)) - raft.server.storage.dir = [/workdir/ratis-test/target/test/data/d460ac09/MiniRaftClusterWithSimulatedRpccad0b38c/s0] (custom)
2019-09-26 13:47:34,088 INFO  impl.RaftServerProxy (RaftServerProxy.java:addNew(89)) - s0: addNew group-E0D1C7E8C62C:[s0:0.0.0.0:33043] returns group-E0D1C7E8C62C:java.util.concurrent.CompletableFuture@5e336e27[Not completed]
2019-09-26 13:47:34,088 INFO  server.RaftServerConfigKeys (ConfUtils.java:logGet(43)) - raft.server.log.segment.size.max = 8MB (=8388608) (default)
2019-09-26 13:47:34,088 INFO  server.RaftServerConfigKeys (ConfUtils.java:logGet(43)) - raft.server.log.preallocated.size = 4MB (=4194304) (default)
2019-09-26 13:47:34,089 INFO  server.RaftServerConfigKeys (ConfUtils.java:logGet(43)) - raft.server.log.write.buffer.size = 64KB (=65536) (default)
2019-09-26 13:47:34,089 INFO  impl.RaftServerImpl (RaftServerImpl.java:<init>(95)) - s0: new RaftServerImpl for group-E0D1C7E8C62C:[s0:0.0.0.0:33043] with SimpleStateMachine4Testing:uninitialized
2019-09-26 13:47:34,090 INFO  server.RaftServerConfigKeys (ConfUtils.java:logGet(43)) - raft.server.rpc.timeout.min = 150ms (default)
2019-09-26 13:47:34,090 INFO  server.RaftServerConfigKeys (ConfUtils.java:logGet(43)) - raft.server.rpc.timeout.max = 300ms (default)
2019-09-26 13:47:34,090 INFO  server.RaftServerConfigKeys (ConfUtils.java:logGet(43)) - raft.server.rpcslowness.timeout = 60s (default)
2019-09-26 13:47:34,090 INFO  server.RaftServerConfigKeys (ConfUtils.java:logGet(43)) - raft.server.sleep.deviation.threshold = 300 (default)
2019-09-26 13:47:34,090 INFO  server.RaftServerConfigKeys (ConfUtils.java:logGet(43)) - raft.server.log.appender.install.snapshot.enabled = true (default)
2019-09-26 13:47:34,091 INFO  impl.RaftServerImpl (ServerState.java:<init>(103)) - s0@group-E0D1C7E8C62C: ConfigurationManager, init=-1: [s0:0.0.0.0:33043], old=null, confs=<EMPTY_MAP>
2019-09-26 13:47:34,091 INFO  server.RaftServerConfigKeys (ConfUtils.java:logGet(43)) - raft.server.storage.dir = [/workdir/ratis-test/target/test/data/d460ac09/MiniRaftClusterWithSimulatedRpccad0b38c/s0] (custom)
2019-09-26 13:47:34,091 INFO  server.RaftServerConfigKeys (ConfUtils.java:logGet(43)) - raft.server.log.corruption.policy = EXCEPTION (default)
2019-09-26 13:47:34,092 INFO  storage.RaftStorageDirectory (RaftStorageDirectory.java:analyzeStorage(246)) - The storage directory /workdir/ratis-test/target/test/data/d460ac09/MiniRaftClusterWithSimulatedRpccad0b38c/s0/3feff45d-db06-4150-91fb-e0d1c7e8c62c does not exist. Creating ...
2019-09-26 13:47:34,092 TRACE util.FileUtils (LogUtils.java:runAndLog(61)) - Successfully ran Files.createDirectories /workdir/ratis-test/target/test/data/d460ac09/MiniRaftClusterWithSimulatedRpccad0b38c/s0/3feff45d-db06-4150-91fb-e0d1c7e8c62c
2019-09-26 13:47:34,106 INFO  storage.RaftStorageDirectory (RaftStorageDirectory.java:tryLock(328)) - Lock on /workdir/ratis-test/target/test/data/d460ac09/MiniRaftClusterWithSimulatedRpccad0b38c/s0/3feff45d-db06-4150-91fb-e0d1c7e8c62c/in_use.lock acquired by nodename 19329@ratis-test-vpfcj-1787858657
2019-09-26 13:47:34,107 TRACE util.FileUtils (LogUtils.java:runAndLog(61)) - Successfully ran Files.createDirectories /workdir/ratis-test/target/test/data/d460ac09/MiniRaftClusterWithSimulatedRpccad0b38c/s0/3feff45d-db06-4150-91fb-e0d1c7e8c62c/current
2019-09-26 13:47:34,107 TRACE util.FileUtils (LogUtils.java:runAndLog(61)) - Successfully ran Files.createDirectories /workdir/ratis-test/target/test/data/d460ac09/MiniRaftClusterWithSimulatedRpccad0b38c/s0/3feff45d-db06-4150-91fb-e0d1c7e8c62c/sm
2019-09-26 13:47:34,122 INFO  storage.RaftStorage (RaftStorage.java:format(84)) - Storage directory /workdir/ratis-test/target/test/data/d460ac09/MiniRaftClusterWithSimulatedRpccad0b38c/s0/3feff45d-db06-4150-91fb-e0d1c7e8c62c has been successfully formatted.
2019-09-26 13:47:34,122 INFO  statemachine.SimpleStateMachine4Testing (SimpleStateMachine4Testing.java:initialize(206)) - Initializing SimpleStateMachine4Testing:uninitialized
2019-09-26 13:47:34,122 INFO  statemachine.SimpleStateMachine4Testing (SimpleStateMachine4Testing.java:loadSnapshot(296)) - The snapshot file null does not exist
2019-09-26 13:47:34,123 INFO  server.RaftServerConfigKeys (ConfUtils.java:logGet(43)) - raft.server.notification.no-leader.timeout = 60s (default)
2019-09-26 13:47:34,123 INFO  server.RaftServerConfigKeys (ConfUtils.java:logGet(43)) - raft.server.log.use.memory = false (default)
2019-09-26 13:47:34,123 INFO  server.RaftServerConfigKeys (ConfUtils.java:logGet(43)) - raft.server.log.purge.gap = 1024 (default)
2019-09-26 13:47:34,123 INFO  server.RaftServerConfigKeys (ConfUtils.java:logGet(43)) - raft.server.log.appender.buffer.byte-limit = 4MB (=4194304) (default)
2019-09-26 13:47:34,123 INFO  server.RaftServerConfigKeys (ConfUtils.java:logGet(43)) - raft.server.log.segment.size.max = 8MB (=8388608) (default)
2019-09-26 13:47:34,123 INFO  server.RaftServerConfigKeys (ConfUtils.java:logGet(43)) - raft.server.log.segment.cache.num.max = 6 (default)
2019-09-26 13:47:34,123 INFO  segmented.SegmentedRaftLogWorker (SegmentedRaftLogWorker.java:<init>(172)) - new s0@group-E0D1C7E8C62C-SegmentedRaftLogWorker for RaftStorage:Storage Directory /workdir/ratis-test/target/test/data/d460ac09/MiniRaftClusterWithSimulatedRpccad0b38c/s0/3feff45d-db06-4150-91fb-e0d1c7e8c62c
2019-09-26 13:47:34,123 INFO  server.RaftServerConfigKeys (ConfUtils.java:logGet(43)) - raft.server.log.queue.byte-limit = 64MB (=67108864) (default)
2019-09-26 13:47:34,124 INFO  server.RaftServerConfigKeys (ConfUtils.java:logGet(43)) - raft.server.log.queue.element-limit = 4096 (default)
2019-09-26 13:47:34,124 INFO  server.RaftServerConfigKeys (ConfUtils.java:logGet(43)) - raft.server.log.segment.size.max = 8MB (=8388608) (default)
2019-09-26 13:47:34,124 INFO  server.RaftServerConfigKeys (ConfUtils.java:logGet(43)) - raft.server.log.preallocated.size = 4MB (=4194304) (default)
2019-09-26 13:47:34,124 INFO  server.RaftServerConfigKeys (ConfUtils.java:logGet(43)) - raft.server.log.write.buffer.size = 64KB (=65536) (default)
2019-09-26 13:47:34,124 INFO  server.RaftServerConfigKeys (ConfUtils.java:logGet(43)) - raft.server.log.force.sync.num = 128 (default)
2019-09-26 13:47:34,124 INFO  server.RaftServerConfigKeys (ConfUtils.java:logGet(43)) - raft.server.log.statemachine.data.sync = true (default)
2019-09-26 13:47:34,124 INFO  server.RaftServerConfigKeys (ConfUtils.java:logGet(43)) - raft.server.log.statemachine.data.sync.timeout = 10s (default)
2019-09-26 13:47:34,124 INFO  server.RaftServerConfigKeys (ConfUtils.java:logGet(43)) - raft.server.log.statemachine.data.sync.timeout.retry = -1 (default)
2019-09-26 13:47:34,125 INFO  server.RaftServerConfigKeys (ConfUtils.java:logGet(43)) - raft.server.log.statemachine.data.caching.enabled = false (default)
2019-09-26 13:47:34,125 INFO  segmented.SegmentedRaftLogWorker (SegmentedRaftLogWorker.java:lambda$new$0(132)) - s0@group-E0D1C7E8C62C-SegmentedRaftLogWorker: flushIndex: setUnconditionally 0 -> -1
2019-09-26 13:47:34,125 INFO  server.RaftServerConfigKeys (ConfUtils.java:logGet(43)) - raft.server.snapshot.auto.trigger.enabled = true (custom)
2019-09-26 13:47:34,125 INFO  server.RaftServerConfigKeys (ConfUtils.java:logGet(43)) - raft.server.snapshot.auto.trigger.threshold = 10 (custom)
2019-09-26 13:47:34,125 INFO  server.RaftServerConfigKeys (ConfUtils.java:logGet(43)) - raft.server.snapshot.retention.file.num = -1 (default)
2019-09-26 13:47:34,126 INFO  server.RaftServerConfigKeys (ConfUtils.java:logGet(43)) - raft.server.retrycache.expirytime = 60s (default)
2019-09-26 13:47:34,130 INFO  impl.RaftServerImpl (RaftServerImpl.java:start(181)) - s0@group-E0D1C7E8C62C: start as a follower, conf=-1: [s0:0.0.0.0:33043], old=null
2019-09-26 13:47:34,130 INFO  impl.RaftServerImpl (RaftServerImpl.java:setRole(170)) - s0@group-E0D1C7E8C62C: changes role from      null to FOLLOWER at term 0 for startAsFollower
2019-09-26 13:47:34,130 INFO  impl.RoleInfo (RoleInfo.java:updateAndGet(143)) - s0: start FollowerState
2019-09-26 13:47:34,131 INFO  util.JmxRegister (JmxRegister.java:tryRegister(44)) - Successfully registered JMX Bean with object name Ratis:service=RaftServer,group=group-E0D1C7E8C62C,id=s0
2019-09-26 13:47:34,135 INFO  impl.RaftServerProxy (RaftServerProxy.java:lambda$start$3(299)) - s0: start RPC server
2019-09-26 13:47:34,136 INFO  server.RaftServerConfigKeys (ConfUtils.java:logGet(43)) - raft.server.rpc.timeout.max = 300ms (default)
2019-09-26 13:47:34,136 INFO  ratis.RaftTestUtil (RaftTestUtil.java:waitForLeader(86)) - printing ALL groups
  s0:  RUNNING  FOLLOWER s0@group-E0D1C7E8C62C:t0, leader=null, voted=null, raftlog=s0@group-E0D1C7E8C62C-SegmentedRaftLog:OPENED:c-1,f-1,i0, conf=-1: [s0:0.0.0.0:33043], old=null RUNNING
2019-09-26 13:47:34,137 WARN  ratis.RaftTestUtil (JavaUtils.java:attempt(158)) - FAILED "waitForLeader-null-(expectLeader? true)", attempt #1/100: java.lang.IllegalStateException: No leader yet : printing ALL groups
  s0:  RUNNING  FOLLOWER s0@group-E0D1C7E8C62C:t0, leader=null, voted=null, raftlog=s0@group-E0D1C7E8C62C-SegmentedRaftLog:OPENED:c-1,f-1,i0, conf=-1: [s0:0.0.0.0:33043], old=null RUNNING, sleep 450ms and then retry.
java.lang.IllegalStateException: No leader yet : printing ALL groups
  s0:  RUNNING  FOLLOWER s0@group-E0D1C7E8C62C:t0, leader=null, voted=null, raftlog=s0@group-E0D1C7E8C62C-SegmentedRaftLog:OPENED:c-1,f-1,i0, conf=-1: [s0:0.0.0.0:33043], old=null RUNNING
	at org.apache.ratis.MiniRaftCluster.newIllegalStateExceptionForNoLeaders(MiniRaftCluster.java:506)
	at org.apache.ratis.RaftTestUtil.lambda$waitForLeader$1(RaftTestUtil.java:90)
	at org.apache.ratis.MiniRaftCluster.getLeader(MiniRaftCluster.java:539)
	at org.apache.ratis.MiniRaftCluster.getLeader(MiniRaftCluster.java:532)
	at org.apache.ratis.RaftTestUtil.lambda$waitForLeader$3(RaftTestUtil.java:98)
	at org.apache.ratis.util.JavaUtils.attempt(JavaUtils.java:152)
	at org.apache.ratis.RaftTestUtil.waitForLeader(RaftTestUtil.java:97)
	at org.apache.ratis.RaftTestUtil.waitForLeader(RaftTestUtil.java:77)
	at org.apache.ratis.RaftTestUtil.waitForLeader(RaftTestUtil.java:72)
	at org.apache.ratis.statemachine.RaftSnapshotBaseTest.testBasicInstallSnapshot(RaftSnapshotBaseTest.java:170)
	at sun.reflect.NativeMethodAccessorImpl.invoke0(Native Method)
	at sun.reflect.NativeMethodAccessorImpl.invoke(NativeMethodAccessorImpl.java:62)
	at sun.reflect.DelegatingMethodAccessorImpl.invoke(DelegatingMethodAccessorImpl.java:43)
	at java.lang.reflect.Method.invoke(Method.java:498)
	at org.junit.runners.model.FrameworkMethod$1.runReflectiveCall(FrameworkMethod.java:50)
	at org.junit.internal.runners.model.ReflectiveCallable.run(ReflectiveCallable.java:12)
	at org.junit.runners.model.FrameworkMethod.invokeExplosively(FrameworkMethod.java:47)
	at org.junit.internal.runners.statements.InvokeMethod.evaluate(InvokeMethod.java:17)
	at org.junit.internal.runners.statements.RunBefores.evaluate(RunBefores.java:26)
	at org.junit.internal.runners.statements.RunAfters.evaluate(RunAfters.java:27)
	at org.junit.internal.runners.statements.FailOnTimeout$CallableStatement.call(FailOnTimeout.java:298)
	at org.junit.internal.runners.statements.FailOnTimeout$CallableStatement.call(FailOnTimeout.java:292)
	at java.util.concurrent.FutureTask.run(FutureTask.java:266)
	at java.lang.Thread.run(Thread.java:748)
2019-09-26 13:47:34,400 INFO  impl.FollowerState (FollowerState.java:run(108)) - s0@group-E0D1C7E8C62C-FollowerState: change to CANDIDATE, lastRpcTime:269ms, electionTimeout:269ms
2019-09-26 13:47:34,401 INFO  impl.RoleInfo (RoleInfo.java:shutdownFollowerState(121)) - s0: shutdown FollowerState
2019-09-26 13:47:34,401 INFO  impl.RaftServerImpl (RaftServerImpl.java:setRole(170)) - s0@group-E0D1C7E8C62C: changes role from  FOLLOWER to CANDIDATE at term 0 for changeToCandidate
2019-09-26 13:47:34,401 INFO  impl.RoleInfo (RoleInfo.java:updateAndGet(143)) - s0: start LeaderElection
2019-09-26 13:47:34,416 INFO  impl.LeaderElection (LeaderElection.java:askForVotes(178)) - s0@group-E0D1C7E8C62C-LeaderElection3: begin an election at term 1 for -1: [s0:0.0.0.0:33043], old=null
2019-09-26 13:47:34,416 INFO  impl.RoleInfo (RoleInfo.java:shutdownLeaderElection(134)) - s0: shutdown LeaderElection
2019-09-26 13:47:34,416 INFO  impl.RaftServerImpl (RaftServerImpl.java:setRole(170)) - s0@group-E0D1C7E8C62C: changes role from CANDIDATE to LEADER at term 1 for changeToLeader
2019-09-26 13:47:34,417 INFO  impl.RaftServerImpl (ServerState.java:setLeader(254)) - s0@group-E0D1C7E8C62C: change Leader from null to s0 at term 1 for becomeLeader, leader elected after 294ms
2019-09-26 13:47:34,417 INFO  server.RaftServerConfigKeys (ConfUtils.java:logGet(43)) - raft.server.staging.catchup.gap = 1000 (default)
2019-09-26 13:47:34,417 INFO  server.RaftServerConfigKeys (ConfUtils.java:logGet(43)) - raft.server.rpc.sleep.time = 25ms (default)
2019-09-26 13:47:34,417 INFO  server.RaftServerConfigKeys (ConfUtils.java:logGet(43)) - raft.server.write.element-limit = 4096 (default)
2019-09-26 13:47:34,418 INFO  server.RaftServerConfigKeys (ConfUtils.java:logGet(43)) - raft.server.watch.timeout = 10s (default)
2019-09-26 13:47:34,418 INFO  server.RaftServerConfigKeys (ConfUtils.java:logGet(43)) - raft.server.watch.timeout.denomination = 1s (default)
2019-09-26 13:47:34,418 INFO  server.RaftServerConfigKeys (ConfUtils.java:logGet(43)) - raft.server.watch.element-limit = 65536 (default)
2019-09-26 13:47:34,453 INFO  impl.RoleInfo (RoleInfo.java:updateAndGet(143)) - s0: start LeaderState
2019-09-26 13:47:34,453 DEBUG raftlog.RaftLog (SegmentedRaftLog.java:appendImpl(425)) - truncateIndex=-1, arrayIndex=0
2019-09-26 13:47:34,453 INFO  segmented.SegmentedRaftLogWorker (SegmentedRaftLogWorker.java:startLogSegment(380)) - s0@group-E0D1C7E8C62C-SegmentedRaftLogWorker: Starting segment from index:0
2019-09-26 13:47:34,454 INFO  impl.RaftServerImpl (ServerState.java:setRaftConf(355)) - s0@group-E0D1C7E8C62C: set configuration 0: [s0:0.0.0.0:33043], old=null at 0
2019-09-26 13:47:34,560 INFO  segmented.SegmentedRaftLogWorker (SegmentedRaftLogWorker.java:execute(569)) - s0@group-E0D1C7E8C62C-SegmentedRaftLogWorker: created new log segment /workdir/ratis-test/target/test/data/d460ac09/MiniRaftClusterWithSimulatedRpccad0b38c/s0/3feff45d-db06-4150-91fb-e0d1c7e8c62c/current/log_inprogress_0
2019-09-26 13:47:34,588 INFO  ratis.RaftTestUtil (RaftTestUtil.java:waitForLeader(101)) - printing ALL groups
  s0:  RUNNING    LEADER s0@group-E0D1C7E8C62C:t1, leader=s0, voted=s0, raftlog=s0@group-E0D1C7E8C62C-SegmentedRaftLog:OPENED:c0,f0,i0, conf=0: [s0:0.0.0.0:33043], old=null RUNNING
2019-09-26 13:47:34,589 DEBUG client.RaftClient (ConfUtils.java:logGet(43)) - raft.rpc.type = org.apache.ratis.server.simulation.SimulatedRpc (custom)
2019-09-26 13:47:34,589 DEBUG client.RaftClient (RaftClientImpl.java:sendRequest(275)) - client-EB6C9EF32A08: send RaftClientRequest:client-EB6C9EF32A08->s0@group-E0D1C7E8C62C, cid=19, seq=0, RW, m0
2019-09-26 13:47:34,590 DEBUG impl.RaftServerImpl (RaftServerImpl.java:submitClientRequestAsync(533)) - s0@group-E0D1C7E8C62C: receive client request(RaftClientRequest:client-EB6C9EF32A08->s0@group-E0D1C7E8C62C, cid=19, seq=0, RW, m0)
2019-09-26 13:47:34,591 DEBUG impl.RaftServerImpl (LeaderState.java:addPendingRequest(317)) - s0@group-E0D1C7E8C62C-LeaderState: addPendingRequest at RaftClientRequest:client-EB6C9EF32A08->s0@group-E0D1C7E8C62C, cid=19, seq=0, RW, m0, entry=(t:1, i:1), STATEMACHINELOGENTRY, client-EB6C9EF32A08, cid=19
2019-09-26 13:47:34,603 INFO  statemachine.SimpleStateMachine4Testing (SimpleStateMachine4Testing.java:put(198)) - s0: put 1, m0 -> (t:1, i:1), STATEMACHINELOGENTRY, client-EB6C9EF32A08, cid=19
2019-09-26 13:47:34,623 DEBUG client.RaftClient (RaftClientImpl.java:sendRequest(285)) - client-EB6C9EF32A08: receive RaftClientReply:client-EB6C9EF32A08->s0@group-E0D1C7E8C62C, cid=19, SUCCESS, logIndex=1, commits[s0:c1]
2019-09-26 13:47:34,624 DEBUG client.RaftClient (RaftClientImpl.java:sendRequest(275)) - client-EB6C9EF32A08: send RaftClientRequest:client-EB6C9EF32A08->s0@group-E0D1C7E8C62C, cid=20, seq=0, RW, m1
2019-09-26 13:47:34,624 DEBUG impl.RaftServerImpl (RaftServerImpl.java:submitClientRequestAsync(533)) - s0@group-E0D1C7E8C62C: receive client request(RaftClientRequest:client-EB6C9EF32A08->s0@group-E0D1C7E8C62C, cid=20, seq=0, RW, m1)
2019-09-26 13:47:34,625 DEBUG impl.RaftServerImpl (LeaderState.java:addPendingRequest(317)) - s0@group-E0D1C7E8C62C-LeaderState: addPendingRequest at RaftClientRequest:client-EB6C9EF32A08->s0@group-E0D1C7E8C62C, cid=20, seq=0, RW, m1, entry=(t:1, i:3), STATEMACHINELOGENTRY, client-EB6C9EF32A08, cid=20
2019-09-26 13:47:34,637 INFO  statemachine.SimpleStateMachine4Testing (SimpleStateMachine4Testing.java:put(198)) - s0: put 3, m1 -> (t:1, i:3), STATEMACHINELOGENTRY, client-EB6C9EF32A08, cid=20
2019-09-26 13:47:34,652 DEBUG client.RaftClient (RaftClientImpl.java:sendRequest(285)) - client-EB6C9EF32A08: receive RaftClientReply:client-EB6C9EF32A08->s0@group-E0D1C7E8C62C, cid=20, SUCCESS, logIndex=3, commits[s0:c3]
2019-09-26 13:47:34,653 DEBUG client.RaftClient (RaftClientImpl.java:sendRequest(275)) - client-EB6C9EF32A08: send RaftClientRequest:client-EB6C9EF32A08->s0@group-E0D1C7E8C62C, cid=21, seq=0, RW, m2
2019-09-26 13:47:34,653 DEBUG impl.RaftServerImpl (RaftServerImpl.java:submitClientRequestAsync(533)) - s0@group-E0D1C7E8C62C: receive client request(RaftClientRequest:client-EB6C9EF32A08->s0@group-E0D1C7E8C62C, cid=21, seq=0, RW, m2)
2019-09-26 13:47:34,654 DEBUG impl.RaftServerImpl (LeaderState.java:addPendingRequest(317)) - s0@group-E0D1C7E8C62C-LeaderState: addPendingRequest at RaftClientRequest:client-EB6C9EF32A08->s0@group-E0D1C7E8C62C, cid=21, seq=0, RW, m2, entry=(t:1, i:5), STATEMACHINELOGENTRY, client-EB6C9EF32A08, cid=21
2019-09-26 13:47:34,666 INFO  statemachine.SimpleStateMachine4Testing (SimpleStateMachine4Testing.java:put(198)) - s0: put 5, m2 -> (t:1, i:5), STATEMACHINELOGENTRY, client-EB6C9EF32A08, cid=21
2019-09-26 13:47:34,686 DEBUG client.RaftClient (RaftClientImpl.java:sendRequest(285)) - client-EB6C9EF32A08: receive RaftClientReply:client-EB6C9EF32A08->s0@group-E0D1C7E8C62C, cid=21, SUCCESS, logIndex=5, commits[s0:c5]
2019-09-26 13:47:34,686 DEBUG client.RaftClient (RaftClientImpl.java:sendRequest(275)) - client-EB6C9EF32A08: send RaftClientRequest:client-EB6C9EF32A08->s0@group-E0D1C7E8C62C, cid=22, seq=0, RW, m3
2019-09-26 13:47:34,687 DEBUG impl.RaftServerImpl (RaftServerImpl.java:submitClientRequestAsync(533)) - s0@group-E0D1C7E8C62C: receive client request(RaftClientRequest:client-EB6C9EF32A08->s0@group-E0D1C7E8C62C, cid=22, seq=0, RW, m3)
2019-09-26 13:47:34,688 DEBUG impl.RaftServerImpl (LeaderState.java:addPendingRequest(317)) - s0@group-E0D1C7E8C62C-LeaderState: addPendingRequest at RaftClientRequest:client-EB6C9EF32A08->s0@group-E0D1C7E8C62C, cid=22, seq=0, RW, m3, entry=(t:1, i:7), STATEMACHINELOGENTRY, client-EB6C9EF32A08, cid=22
2019-09-26 13:47:34,699 INFO  statemachine.SimpleStateMachine4Testing (SimpleStateMachine4Testing.java:put(198)) - s0: put 7, m3 -> (t:1, i:7), STATEMACHINELOGENTRY, client-EB6C9EF32A08, cid=22
2019-09-26 13:47:34,710 DEBUG client.RaftClient (RaftClientImpl.java:sendRequest(285)) - client-EB6C9EF32A08: receive RaftClientReply:client-EB6C9EF32A08->s0@group-E0D1C7E8C62C, cid=22, SUCCESS, logIndex=7, commits[s0:c7]
2019-09-26 13:47:34,711 DEBUG client.RaftClient (RaftClientImpl.java:sendRequest(275)) - client-EB6C9EF32A08: send RaftClientRequest:client-EB6C9EF32A08->s0@group-E0D1C7E8C62C, cid=23, seq=0, RW, m4
2019-09-26 13:47:34,711 DEBUG impl.RaftServerImpl (RaftServerImpl.java:submitClientRequestAsync(533)) - s0@group-E0D1C7E8C62C: receive client request(RaftClientRequest:client-EB6C9EF32A08->s0@group-E0D1C7E8C62C, cid=23, seq=0, RW, m4)
2019-09-26 13:47:34,712 DEBUG impl.RaftServerImpl (LeaderState.java:addPendingRequest(317)) - s0@group-E0D1C7E8C62C-LeaderState: addPendingRequest at RaftClientRequest:client-EB6C9EF32A08->s0@group-E0D1C7E8C62C, cid=23, seq=0, RW, m4, entry=(t:1, i:9), STATEMACHINELOGENTRY, client-EB6C9EF32A08, cid=23
2019-09-26 13:47:34,714 INFO  statemachine.SimpleStateMachine4Testing (SimpleStateMachine4Testing.java:put(198)) - s0: put 9, m4 -> (t:1, i:9), STATEMACHINELOGENTRY, client-EB6C9EF32A08, cid=23
2019-09-26 13:47:34,732 DEBUG client.RaftClient (RaftClientImpl.java:sendRequest(285)) - client-EB6C9EF32A08: receive RaftClientReply:client-EB6C9EF32A08->s0@group-E0D1C7E8C62C, cid=23, SUCCESS, logIndex=9, commits[s0:c9]
2019-09-26 13:47:34,733 DEBUG client.RaftClient (RaftClientImpl.java:sendRequest(275)) - client-EB6C9EF32A08: send RaftClientRequest:client-EB6C9EF32A08->s0@group-E0D1C7E8C62C, cid=24, seq=0, RW, m5
2019-09-26 13:47:34,733 DEBUG impl.RaftServerImpl (RaftServerImpl.java:submitClientRequestAsync(533)) - s0@group-E0D1C7E8C62C: receive client request(RaftClientRequest:client-EB6C9EF32A08->s0@group-E0D1C7E8C62C, cid=24, seq=0, RW, m5)
2019-09-26 13:47:34,734 DEBUG impl.RaftServerImpl (LeaderState.java:addPendingRequest(317)) - s0@group-E0D1C7E8C62C-LeaderState: addPendingRequest at RaftClientRequest:client-EB6C9EF32A08->s0@group-E0D1C7E8C62C, cid=24, seq=0, RW, m5, entry=(t:1, i:11), STATEMACHINELOGENTRY, client-EB6C9EF32A08, cid=24
2019-09-26 13:47:34,800 INFO  impl.StateMachineUpdater (StateMachineUpdater.java:takeSnapshot(269)) - s0@group-E0D1C7E8C62C-StateMachineUpdater: Took a snapshot at index 9
2019-09-26 13:47:34,800 INFO  impl.StateMachineUpdater (StateMachineUpdater.java:lambda$new$0(84)) - s0@group-E0D1C7E8C62C-StateMachineUpdater: snapshotIndex: updateIncreasingly -1 -> 9
2019-09-26 13:47:34,801 INFO  statemachine.SimpleStateMachine4Testing (SimpleStateMachine4Testing.java:put(198)) - s0: put 11, m5 -> (t:1, i:11), STATEMACHINELOGENTRY, client-EB6C9EF32A08, cid=24
2019-09-26 13:47:34,815 DEBUG client.RaftClient (RaftClientImpl.java:sendRequest(285)) - client-EB6C9EF32A08: receive RaftClientReply:client-EB6C9EF32A08->s0@group-E0D1C7E8C62C, cid=24, SUCCESS, logIndex=11, commits[s0:c12]
2019-09-26 13:47:34,816 DEBUG client.RaftClient (RaftClientImpl.java:sendRequest(275)) - client-EB6C9EF32A08: send RaftClientRequest:client-EB6C9EF32A08->s0@group-E0D1C7E8C62C, cid=25, seq=0, RW, m6
2019-09-26 13:47:34,816 DEBUG impl.RaftServerImpl (RaftServerImpl.java:submitClientRequestAsync(533)) - s0@group-E0D1C7E8C62C: receive client request(RaftClientRequest:client-EB6C9EF32A08->s0@group-E0D1C7E8C62C, cid=25, seq=0, RW, m6)
2019-09-26 13:47:34,817 DEBUG impl.RaftServerImpl (LeaderState.java:addPendingRequest(317)) - s0@group-E0D1C7E8C62C-LeaderState: addPendingRequest at RaftClientRequest:client-EB6C9EF32A08->s0@group-E0D1C7E8C62C, cid=25, seq=0, RW, m6, entry=(t:1, i:13), STATEMACHINELOGENTRY, client-EB6C9EF32A08, cid=25
2019-09-26 13:47:34,829 INFO  statemachine.SimpleStateMachine4Testing (SimpleStateMachine4Testing.java:put(198)) - s0: put 13, m6 -> (t:1, i:13), STATEMACHINELOGENTRY, client-EB6C9EF32A08, cid=25
2019-09-26 13:47:34,841 DEBUG client.RaftClient (RaftClientImpl.java:sendRequest(285)) - client-EB6C9EF32A08: receive RaftClientReply:client-EB6C9EF32A08->s0@group-E0D1C7E8C62C, cid=25, SUCCESS, logIndex=13, commits[s0:c13]
2019-09-26 13:47:34,842 DEBUG client.RaftClient (RaftClientImpl.java:sendRequest(275)) - client-EB6C9EF32A08: send RaftClientRequest:client-EB6C9EF32A08->s0@group-E0D1C7E8C62C, cid=26, seq=0, RW, m7
2019-09-26 13:47:34,842 DEBUG impl.RaftServerImpl (RaftServerImpl.java:submitClientRequestAsync(533)) - s0@group-E0D1C7E8C62C: receive client request(RaftClientRequest:client-EB6C9EF32A08->s0@group-E0D1C7E8C62C, cid=26, seq=0, RW, m7)
2019-09-26 13:47:34,843 DEBUG impl.RaftServerImpl (LeaderState.java:addPendingRequest(317)) - s0@group-E0D1C7E8C62C-LeaderState: addPendingRequest at RaftClientRequest:client-EB6C9EF32A08->s0@group-E0D1C7E8C62C, cid=26, seq=0, RW, m7, entry=(t:1, i:15), STATEMACHINELOGENTRY, client-EB6C9EF32A08, cid=26
2019-09-26 13:47:34,855 INFO  statemachine.SimpleStateMachine4Testing (SimpleStateMachine4Testing.java:put(198)) - s0: put 15, m7 -> (t:1, i:15), STATEMACHINELOGENTRY, client-EB6C9EF32A08, cid=26
2019-09-26 13:47:34,866 DEBUG client.RaftClient (RaftClientImpl.java:sendRequest(285)) - client-EB6C9EF32A08: receive RaftClientReply:client-EB6C9EF32A08->s0@group-E0D1C7E8C62C, cid=26, SUCCESS, logIndex=15, commits[s0:c15]
2019-09-26 13:47:34,867 DEBUG client.RaftClient (RaftClientImpl.java:sendRequest(275)) - client-EB6C9EF32A08: send RaftClientRequest:client-EB6C9EF32A08->s0@group-E0D1C7E8C62C, cid=27, seq=0, RW, m8
2019-09-26 13:47:34,867 DEBUG impl.RaftServerImpl (RaftServerImpl.java:submitClientRequestAsync(533)) - s0@group-E0D1C7E8C62C: receive client request(RaftClientRequest:client-EB6C9EF32A08->s0@group-E0D1C7E8C62C, cid=27, seq=0, RW, m8)
2019-09-26 13:47:34,868 DEBUG impl.RaftServerImpl (LeaderState.java:addPendingRequest(317)) - s0@group-E0D1C7E8C62C-LeaderState: addPendingRequest at RaftClientRequest:client-EB6C9EF32A08->s0@group-E0D1C7E8C62C, cid=27, seq=0, RW, m8, entry=(t:1, i:17), STATEMACHINELOGENTRY, client-EB6C9EF32A08, cid=27
2019-09-26 13:47:34,879 INFO  statemachine.SimpleStateMachine4Testing (SimpleStateMachine4Testing.java:put(198)) - s0: put 17, m8 -> (t:1, i:17), STATEMACHINELOGENTRY, client-EB6C9EF32A08, cid=27
2019-09-26 13:47:34,890 DEBUG client.RaftClient (RaftClientImpl.java:sendRequest(285)) - client-EB6C9EF32A08: receive RaftClientReply:client-EB6C9EF32A08->s0@group-E0D1C7E8C62C, cid=27, SUCCESS, logIndex=17, commits[s0:c17]
2019-09-26 13:47:34,890 DEBUG client.RaftClient (RaftClientImpl.java:sendRequest(275)) - client-EB6C9EF32A08: send RaftClientRequest:client-EB6C9EF32A08->s0@group-E0D1C7E8C62C, cid=28, seq=0, RW, m9
2019-09-26 13:47:34,891 DEBUG impl.RaftServerImpl (RaftServerImpl.java:submitClientRequestAsync(533)) - s0@group-E0D1C7E8C62C: receive client request(RaftClientRequest:client-EB6C9EF32A08->s0@group-E0D1C7E8C62C, cid=28, seq=0, RW, m9)
2019-09-26 13:47:34,892 DEBUG impl.RaftServerImpl (LeaderState.java:addPendingRequest(317)) - s0@group-E0D1C7E8C62C-LeaderState: addPendingRequest at RaftClientRequest:client-EB6C9EF32A08->s0@group-E0D1C7E8C62C, cid=28, seq=0, RW, m9, entry=(t:1, i:19), STATEMACHINELOGENTRY, client-EB6C9EF32A08, cid=28
2019-09-26 13:47:34,903 INFO  statemachine.SimpleStateMachine4Testing (SimpleStateMachine4Testing.java:put(198)) - s0: put 19, m9 -> (t:1, i:19), STATEMACHINELOGENTRY, client-EB6C9EF32A08, cid=28
2019-09-26 13:47:34,918 DEBUG client.RaftClient (RaftClientImpl.java:sendRequest(285)) - client-EB6C9EF32A08: receive RaftClientReply:client-EB6C9EF32A08->s0@group-E0D1C7E8C62C, cid=28, SUCCESS, logIndex=19, commits[s0:c19]
2019-09-26 13:47:34,919 DEBUG client.RaftClient (RaftClientImpl.java:sendRequest(275)) - client-EB6C9EF32A08: send RaftClientRequest:client-EB6C9EF32A08->s0@group-E0D1C7E8C62C, cid=29, seq=0, RW, m10
2019-09-26 13:47:34,919 DEBUG impl.RaftServerImpl (RaftServerImpl.java:submitClientRequestAsync(533)) - s0@group-E0D1C7E8C62C: receive client request(RaftClientRequest:client-EB6C9EF32A08->s0@group-E0D1C7E8C62C, cid=29, seq=0, RW, m10)
2019-09-26 13:47:34,920 DEBUG impl.RaftServerImpl (LeaderState.java:addPendingRequest(317)) - s0@group-E0D1C7E8C62C-LeaderState: addPendingRequest at RaftClientRequest:client-EB6C9EF32A08->s0@group-E0D1C7E8C62C, cid=29, seq=0, RW, m10, entry=(t:1, i:21), STATEMACHINELOGENTRY, client-EB6C9EF32A08, cid=29
2019-09-26 13:47:34,998 INFO  impl.StateMachineUpdater (StateMachineUpdater.java:takeSnapshot(269)) - s0@group-E0D1C7E8C62C-StateMachineUpdater: Took a snapshot at index 19
2019-09-26 13:47:34,998 INFO  impl.StateMachineUpdater (StateMachineUpdater.java:lambda$new$0(84)) - s0@group-E0D1C7E8C62C-StateMachineUpdater: snapshotIndex: updateIncreasingly 9 -> 19
2019-09-26 13:47:34,999 INFO  statemachine.SimpleStateMachine4Testing (SimpleStateMachine4Testing.java:put(198)) - s0: put 21, m10 -> (t:1, i:21), STATEMACHINELOGENTRY, client-EB6C9EF32A08, cid=29
2019-09-26 13:47:35,012 DEBUG client.RaftClient (RaftClientImpl.java:sendRequest(285)) - client-EB6C9EF32A08: receive RaftClientReply:client-EB6C9EF32A08->s0@group-E0D1C7E8C62C, cid=29, SUCCESS, logIndex=21, commits[s0:c22]
2019-09-26 13:47:35,012 DEBUG client.RaftClient (RaftClientImpl.java:sendRequest(275)) - client-EB6C9EF32A08: send RaftClientRequest:client-EB6C9EF32A08->s0@group-E0D1C7E8C62C, cid=30, seq=0, RW, m11
2019-09-26 13:47:35,013 DEBUG impl.RaftServerImpl (RaftServerImpl.java:submitClientRequestAsync(533)) - s0@group-E0D1C7E8C62C: receive client request(RaftClientRequest:client-EB6C9EF32A08->s0@group-E0D1C7E8C62C, cid=30, seq=0, RW, m11)
2019-09-26 13:47:35,014 DEBUG impl.RaftServerImpl (LeaderState.java:addPendingRequest(317)) - s0@group-E0D1C7E8C62C-LeaderState: addPendingRequest at RaftClientRequest:client-EB6C9EF32A08->s0@group-E0D1C7E8C62C, cid=30, seq=0, RW, m11, entry=(t:1, i:23), STATEMACHINELOGENTRY, client-EB6C9EF32A08, cid=30
2019-09-26 13:47:35,025 INFO  statemachine.SimpleStateMachine4Testing (SimpleStateMachine4Testing.java:put(198)) - s0: put 23, m11 -> (t:1, i:23), STATEMACHINELOGENTRY, client-EB6C9EF32A08, cid=30
2019-09-26 13:47:35,036 DEBUG client.RaftClient (RaftClientImpl.java:sendRequest(285)) - client-EB6C9EF32A08: receive RaftClientReply:client-EB6C9EF32A08->s0@group-E0D1C7E8C62C, cid=30, SUCCESS, logIndex=23, commits[s0:c23]
2019-09-26 13:47:35,036 DEBUG client.RaftClient (RaftClientImpl.java:sendRequest(275)) - client-EB6C9EF32A08: send RaftClientRequest:client-EB6C9EF32A08->s0@group-E0D1C7E8C62C, cid=31, seq=0, RW, m12
2019-09-26 13:47:35,036 DEBUG impl.RaftServerImpl (RaftServerImpl.java:submitClientRequestAsync(533)) - s0@group-E0D1C7E8C62C: receive client request(RaftClientRequest:client-EB6C9EF32A08->s0@group-E0D1C7E8C62C, cid=31, seq=0, RW, m12)
2019-09-26 13:47:35,038 DEBUG impl.RaftServerImpl (LeaderState.java:addPendingRequest(317)) - s0@group-E0D1C7E8C62C-LeaderState: addPendingRequest at RaftClientRequest:client-EB6C9EF32A08->s0@group-E0D1C7E8C62C, cid=31, seq=0, RW, m12, entry=(t:1, i:25), STATEMACHINELOGENTRY, client-EB6C9EF32A08, cid=31
2019-09-26 13:47:35,042 INFO  statemachine.SimpleStateMachine4Testing (SimpleStateMachine4Testing.java:put(198)) - s0: put 25, m12 -> (t:1, i:25), STATEMACHINELOGENTRY, client-EB6C9EF32A08, cid=31
2019-09-26 13:47:35,062 DEBUG client.RaftClient (RaftClientImpl.java:sendRequest(285)) - client-EB6C9EF32A08: receive RaftClientReply:client-EB6C9EF32A08->s0@group-E0D1C7E8C62C, cid=31, SUCCESS, logIndex=25, commits[s0:c25]
2019-09-26 13:47:35,063 DEBUG client.RaftClient (RaftClientImpl.java:sendRequest(275)) - client-EB6C9EF32A08: send RaftClientRequest:client-EB6C9EF32A08->s0@group-E0D1C7E8C62C, cid=32, seq=0, RW, m13
2019-09-26 13:47:35,063 DEBUG impl.RaftServerImpl (RaftServerImpl.java:submitClientRequestAsync(533)) - s0@group-E0D1C7E8C62C: receive client request(RaftClientRequest:client-EB6C9EF32A08->s0@group-E0D1C7E8C62C, cid=32, seq=0, RW, m13)
2019-09-26 13:47:35,064 DEBUG impl.RaftServerImpl (LeaderState.java:addPendingRequest(317)) - s0@group-E0D1C7E8C62C-LeaderState: addPendingRequest at RaftClientRequest:client-EB6C9EF32A08->s0@group-E0D1C7E8C62C, cid=32, seq=0, RW, m13, entry=(t:1, i:27), STATEMACHINELOGENTRY, client-EB6C9EF32A08, cid=32
2019-09-26 13:47:35,072 INFO  statemachine.SimpleStateMachine4Testing (SimpleStateMachine4Testing.java:put(198)) - s0: put 27, m13 -> (t:1, i:27), STATEMACHINELOGENTRY, client-EB6C9EF32A08, cid=32
2019-09-26 13:47:35,086 DEBUG client.RaftClient (RaftClientImpl.java:sendRequest(285)) - client-EB6C9EF32A08: receive RaftClientReply:client-EB6C9EF32A08->s0@group-E0D1C7E8C62C, cid=32, SUCCESS, logIndex=27, commits[s0:c27]
2019-09-26 13:47:35,087 DEBUG client.RaftClient (RaftClientImpl.java:sendRequest(275)) - client-EB6C9EF32A08: send RaftClientRequest:client-EB6C9EF32A08->s0@group-E0D1C7E8C62C, cid=33, seq=0, RW, m14
2019-09-26 13:47:35,087 DEBUG impl.RaftServerImpl (RaftServerImpl.java:submitClientRequestAsync(533)) - s0@group-E0D1C7E8C62C: receive client request(RaftClientRequest:client-EB6C9EF32A08->s0@group-E0D1C7E8C62C, cid=33, seq=0, RW, m14)
2019-09-26 13:47:35,088 DEBUG impl.RaftServerImpl (LeaderState.java:addPendingRequest(317)) - s0@group-E0D1C7E8C62C-LeaderState: addPendingRequest at RaftClientRequest:client-EB6C9EF32A08->s0@group-E0D1C7E8C62C, cid=33, seq=0, RW, m14, entry=(t:1, i:29), STATEMACHINELOGENTRY, client-EB6C9EF32A08, cid=33
2019-09-26 13:47:35,099 INFO  statemachine.SimpleStateMachine4Testing (SimpleStateMachine4Testing.java:put(198)) - s0: put 29, m14 -> (t:1, i:29), STATEMACHINELOGENTRY, client-EB6C9EF32A08, cid=33
2019-09-26 13:47:35,113 DEBUG client.RaftClient (RaftClientImpl.java:sendRequest(285)) - client-EB6C9EF32A08: receive RaftClientReply:client-EB6C9EF32A08->s0@group-E0D1C7E8C62C, cid=33, SUCCESS, logIndex=29, commits[s0:c29]
2019-09-26 13:47:35,113 DEBUG client.RaftClient (RaftClientImpl.java:sendRequest(275)) - client-EB6C9EF32A08: send RaftClientRequest:client-EB6C9EF32A08->s0@group-E0D1C7E8C62C, cid=34, seq=0, RW, m15
2019-09-26 13:47:35,114 DEBUG impl.RaftServerImpl (RaftServerImpl.java:submitClientRequestAsync(533)) - s0@group-E0D1C7E8C62C: receive client request(RaftClientRequest:client-EB6C9EF32A08->s0@group-E0D1C7E8C62C, cid=34, seq=0, RW, m15)
2019-09-26 13:47:35,114 DEBUG impl.RaftServerImpl (LeaderState.java:addPendingRequest(317)) - s0@group-E0D1C7E8C62C-LeaderState: addPendingRequest at RaftClientRequest:client-EB6C9EF32A08->s0@group-E0D1C7E8C62C, cid=34, seq=0, RW, m15, entry=(t:1, i:31), STATEMACHINELOGENTRY, client-EB6C9EF32A08, cid=34
2019-09-26 13:47:35,191 INFO  impl.StateMachineUpdater (StateMachineUpdater.java:takeSnapshot(269)) - s0@group-E0D1C7E8C62C-StateMachineUpdater: Took a snapshot at index 29
2019-09-26 13:47:35,192 INFO  impl.StateMachineUpdater (StateMachineUpdater.java:lambda$new$0(84)) - s0@group-E0D1C7E8C62C-StateMachineUpdater: snapshotIndex: updateIncreasingly 19 -> 29
2019-09-26 13:47:35,192 INFO  statemachine.SimpleStateMachine4Testing (SimpleStateMachine4Testing.java:put(198)) - s0: put 31, m15 -> (t:1, i:31), STATEMACHINELOGENTRY, client-EB6C9EF32A08, cid=34
2019-09-26 13:47:35,207 DEBUG client.RaftClient (RaftClientImpl.java:sendRequest(285)) - client-EB6C9EF32A08: receive RaftClientReply:client-EB6C9EF32A08->s0@group-E0D1C7E8C62C, cid=34, SUCCESS, logIndex=31, commits[s0:c32]
2019-09-26 13:47:35,208 DEBUG client.RaftClient (RaftClientImpl.java:sendRequest(275)) - client-EB6C9EF32A08: send RaftClientRequest:client-EB6C9EF32A08->s0@group-E0D1C7E8C62C, cid=35, seq=0, RW, m16
2019-09-26 13:47:35,208 DEBUG impl.RaftServerImpl (RaftServerImpl.java:submitClientRequestAsync(533)) - s0@group-E0D1C7E8C62C: receive client request(RaftClientRequest:client-EB6C9EF32A08->s0@group-E0D1C7E8C62C, cid=35, seq=0, RW, m16)
2019-09-26 13:47:35,209 DEBUG impl.RaftServerImpl (LeaderState.java:addPendingRequest(317)) - s0@group-E0D1C7E8C62C-LeaderState: addPendingRequest at RaftClientRequest:client-EB6C9EF32A08->s0@group-E0D1C7E8C62C, cid=35, seq=0, RW, m16, entry=(t:1, i:33), STATEMACHINELOGENTRY, client-EB6C9EF32A08, cid=35
2019-09-26 13:47:35,221 INFO  statemachine.SimpleStateMachine4Testing (SimpleStateMachine4Testing.java:put(198)) - s0: put 33, m16 -> (t:1, i:33), STATEMACHINELOGENTRY, client-EB6C9EF32A08, cid=35
2019-09-26 13:47:35,239 DEBUG client.RaftClient (RaftClientImpl.java:sendRequest(285)) - client-EB6C9EF32A08: receive RaftClientReply:client-EB6C9EF32A08->s0@group-E0D1C7E8C62C, cid=35, SUCCESS, logIndex=33, commits[s0:c33]
2019-09-26 13:47:35,239 DEBUG client.RaftClient (RaftClientImpl.java:sendRequest(275)) - client-EB6C9EF32A08: send RaftClientRequest:client-EB6C9EF32A08->s0@group-E0D1C7E8C62C, cid=36, seq=0, RW, m17
2019-09-26 13:47:35,240 DEBUG impl.RaftServerImpl (RaftServerImpl.java:submitClientRequestAsync(533)) - s0@group-E0D1C7E8C62C: receive client request(RaftClientRequest:client-EB6C9EF32A08->s0@group-E0D1C7E8C62C, cid=36, seq=0, RW, m17)
2019-09-26 13:47:35,241 DEBUG impl.RaftServerImpl (LeaderState.java:addPendingRequest(317)) - s0@group-E0D1C7E8C62C-LeaderState: addPendingRequest at RaftClientRequest:client-EB6C9EF32A08->s0@group-E0D1C7E8C62C, cid=36, seq=0, RW, m17, entry=(t:1, i:35), STATEMACHINELOGENTRY, client-EB6C9EF32A08, cid=36
2019-09-26 13:47:35,252 INFO  statemachine.SimpleStateMachine4Testing (SimpleStateMachine4Testing.java:put(198)) - s0: put 35, m17 -> (t:1, i:35), STATEMACHINELOGENTRY, client-EB6C9EF32A08, cid=36
2019-09-26 13:47:35,269 DEBUG client.RaftClient (RaftClientImpl.java:sendRequest(285)) - client-EB6C9EF32A08: receive RaftClientReply:client-EB6C9EF32A08->s0@group-E0D1C7E8C62C, cid=36, SUCCESS, logIndex=35, commits[s0:c35]
2019-09-26 13:47:35,269 DEBUG client.RaftClient (RaftClientImpl.java:sendRequest(275)) - client-EB6C9EF32A08: send RaftClientRequest:client-EB6C9EF32A08->s0@group-E0D1C7E8C62C, cid=37, seq=0, RW, m18
2019-09-26 13:47:35,270 DEBUG impl.RaftServerImpl (RaftServerImpl.java:submitClientRequestAsync(533)) - s0@group-E0D1C7E8C62C: receive client request(RaftClientRequest:client-EB6C9EF32A08->s0@group-E0D1C7E8C62C, cid=37, seq=0, RW, m18)
2019-09-26 13:47:35,271 DEBUG impl.RaftServerImpl (LeaderState.java:addPendingRequest(317)) - s0@group-E0D1C7E8C62C-LeaderState: addPendingRequest at RaftClientRequest:client-EB6C9EF32A08->s0@group-E0D1C7E8C62C, cid=37, seq=0, RW, m18, entry=(t:1, i:37), STATEMACHINELOGENTRY, client-EB6C9EF32A08, cid=37
2019-09-26 13:47:35,282 INFO  statemachine.SimpleStateMachine4Testing (SimpleStateMachine4Testing.java:put(198)) - s0: put 37, m18 -> (t:1, i:37), STATEMACHINELOGENTRY, client-EB6C9EF32A08, cid=37
2019-09-26 13:47:35,295 DEBUG client.RaftClient (RaftClientImpl.java:sendRequest(285)) - client-EB6C9EF32A08: receive RaftClientReply:client-EB6C9EF32A08->s0@group-E0D1C7E8C62C, cid=37, SUCCESS, logIndex=37, commits[s0:c37]
2019-09-26 13:47:35,296 INFO  statemachine.RaftSnapshotBaseTest (RaftSnapshotBaseTest.java:testBasicInstallSnapshot(185)) - nextIndex = 39
2019-09-26 13:47:35,297 INFO  statemachine.RaftSnapshotBaseTest (RaftSnapshotBaseTest.java:exists(154)) - File exists: /workdir/ratis-test/target/test/data/d460ac09/MiniRaftClusterWithSimulatedRpccad0b38c/s0/3feff45d-db06-4150-91fb-e0d1c7e8c62c/sm/snapshot.1_29
2019-09-26 13:47:35,298 INFO  ratis.MiniRaftCluster (MiniRaftCluster.java:shutdown(700)) - ************************************************************** 
2019-09-26 13:47:35,298 INFO  ratis.MiniRaftCluster (MiniRaftCluster.java:shutdown(701)) - *** 
2019-09-26 13:47:35,298 INFO  ratis.MiniRaftCluster (MiniRaftCluster.java:shutdown(702)) - ***     Stopping MiniRaftClusterWithSimulatedRpc
2019-09-26 13:47:35,299 INFO  ratis.MiniRaftCluster (MiniRaftCluster.java:shutdown(703)) - *** 
2019-09-26 13:47:35,299 INFO  ratis.MiniRaftCluster (MiniRaftCluster.java:shutdown(704)) - ************************************************************** 
2019-09-26 13:47:35,299 INFO  ratis.MiniRaftCluster (MiniRaftCluster.java:shutdown(705)) - printing ALL groups
  s0:  RUNNING    LEADER s0@group-E0D1C7E8C62C:t1, leader=s0, voted=s0, raftlog=s0@group-E0D1C7E8C62C-SegmentedRaftLog:OPENED:c38,f38,i38, conf=0: [s0:0.0.0.0:33043], old=null RUNNING
2019-09-26 13:47:35,300 INFO  impl.RaftServerProxy (RaftServerProxy.java:lambda$close$4(314)) - s0: close
2019-09-26 13:47:35,301 INFO  impl.RaftServerImpl (RaftServerImpl.java:lambda$shutdown$3(247)) - s0@group-E0D1C7E8C62C: shutdown
2019-09-26 13:47:35,301 INFO  util.JmxRegister (JmxRegister.java:unregister(73)) - Successfully un-registered JMX Bean with object name Ratis:service=RaftServer,group=group-E0D1C7E8C62C,id=s0
2019-09-26 13:47:35,301 INFO  impl.RoleInfo (RoleInfo.java:shutdownLeaderState(104)) - s0: shutdown LeaderState
2019-09-26 13:47:35,302 INFO  impl.PendingRequests (PendingRequests.java:sendNotLeaderResponses(202)) - s0@group-E0D1C7E8C62C-PendingRequests: sendNotLeaderResponses
2019-09-26 13:47:35,303 INFO  impl.StateMachineUpdater (StateMachineUpdater.java:stopAndJoin(136)) - s0@group-E0D1C7E8C62C-StateMachineUpdater: set stopIndex = 38
2019-09-26 13:47:35,396 INFO  impl.StateMachineUpdater (StateMachineUpdater.java:takeSnapshot(269)) - s0@group-E0D1C7E8C62C-StateMachineUpdater: Took a snapshot at index 37
2019-09-26 13:47:35,396 INFO  impl.StateMachineUpdater (StateMachineUpdater.java:lambda$new$0(84)) - s0@group-E0D1C7E8C62C-StateMachineUpdater: snapshotIndex: updateIncreasingly 29 -> 37
2019-09-26 13:47:35,493 INFO  impl.StateMachineUpdater (StateMachineUpdater.java:takeSnapshot(269)) - s0@group-E0D1C7E8C62C-StateMachineUpdater: Took a snapshot at index 37
2019-09-26 13:47:35,493 INFO  impl.StateMachineUpdater (StateMachineUpdater.java:lambda$new$0(84)) - s0@group-E0D1C7E8C62C-StateMachineUpdater: snapshotIndex: updateIncreasingly 37 -> 37
2019-09-26 13:47:35,494 INFO  impl.RaftServerImpl (ServerState.java:close(386)) - s0@group-E0D1C7E8C62C: closes. applyIndex: 38
2019-09-26 13:47:35,498 INFO  segmented.SegmentedRaftLogWorker (SegmentedRaftLogWorker.java:run(313)) - s0@group-E0D1C7E8C62C-SegmentedRaftLogWorker was interrupted, exiting. There are 0 tasks remaining in the queue.
2019-09-26 13:47:35,500 INFO  segmented.SegmentedRaftLogWorker (SegmentedRaftLogWorker.java:close(228)) - s0@group-E0D1C7E8C62C-SegmentedRaftLogWorker close()
2019-09-26 13:47:35,501 INFO  simulation.RequestHandler (RequestHandler.java:run(126)) - s0.clientHandler2 is interrupted by java.io.InterruptedIOException: 
2019-09-26 13:47:35,501 INFO  simulation.RequestHandler (RequestHandler.java:run(126)) - s0.clientHandler1 is interrupted by java.io.InterruptedIOException: 
2019-09-26 13:47:35,501 INFO  simulation.RequestHandler (RequestHandler.java:run(126)) - s0.clientHandler0 is interrupted by java.io.InterruptedIOException: 
2019-09-26 13:47:35,502 INFO  simulation.RequestHandler (RequestHandler.java:run(126)) - s0.serverHandler0 is interrupted by java.io.InterruptedIOException: 
2019-09-26 13:47:35,502 INFO  simulation.RequestHandler (RequestHandler.java:run(126)) - s0.serverHandler2 is interrupted by java.io.InterruptedIOException: 
2019-09-26 13:47:35,502 INFO  simulation.RequestHandler (RequestHandler.java:run(126)) - s0.serverHandler1 is interrupted by java.io.InterruptedIOException: 
2019-09-26 13:47:35,504 INFO  ratis.MiniRaftCluster (MiniRaftCluster.java:shutdown(722)) - MiniRaftClusterWithSimulatedRpc shutdown completed
2019-09-26 13:47:35,506 TRACE util.FileUtils (LogUtils.java:runAndLog(61)) - Successfully ran Files.delete /workdir/ratis-test/target/test/data/d460ac09/MiniRaftClusterWithSimulatedRpccad0b38c/s0/3feff45d-db06-4150-91fb-e0d1c7e8c62c/current/log_inprogress_0
2019-09-26 13:47:35,506 INFO  statemachine.RaftSnapshotBaseTest (RaftSnapshotBaseTest.java:testBasicInstallSnapshot(200)) - Restarting the cluster
2019-09-26 13:47:35,506 INFO  ratis.MiniRaftCluster (MiniRaftCluster.java:shutdown(700)) - ************************************************************** 
2019-09-26 13:47:35,506 INFO  ratis.MiniRaftCluster (MiniRaftCluster.java:shutdown(701)) - *** 
2019-09-26 13:47:35,507 INFO  ratis.MiniRaftCluster (MiniRaftCluster.java:shutdown(702)) - ***     Stopping MiniRaftClusterWithSimulatedRpc
2019-09-26 13:47:35,507 INFO  ratis.MiniRaftCluster (MiniRaftCluster.java:shutdown(703)) - *** 
2019-09-26 13:47:35,507 INFO  ratis.MiniRaftCluster (MiniRaftCluster.java:shutdown(704)) - ************************************************************** 
2019-09-26 13:47:35,507 INFO  ratis.MiniRaftCluster (MiniRaftCluster.java:shutdown(705)) - printing ALL groups
  s0:   CLOSED    LEADER s0@group-E0D1C7E8C62C:t1, leader=s0, voted=s0, raftlog=s0@group-E0D1C7E8C62C-SegmentedRaftLog:CLOSED:c38, conf=0: [s0:0.0.0.0:33043], old=null CLOSED
2019-09-26 13:47:35,508 INFO  ratis.MiniRaftCluster (MiniRaftCluster.java:shutdown(722)) - MiniRaftClusterWithSimulatedRpc shutdown completed
2019-09-26 13:47:35,508 INFO  ratis.MiniRaftCluster (MiniRaftCluster.java:newRaftServer(330)) - newRaftServer: s0, group-E0D1C7E8C62C:[s0:0.0.0.0:33043], format? false
2019-09-26 13:47:35,509 INFO  impl.RaftServerProxy (ConfUtils.java:logGet(43)) - raft.rpc.type = org.apache.ratis.server.simulation.SimulatedRpc (custom)
2019-09-26 13:47:35,510 INFO  server.RaftServerConfigKeys (ConfUtils.java:logGet(43)) - raft.server.storage.dir = [/workdir/ratis-test/target/test/data/d460ac09/MiniRaftClusterWithSimulatedRpccad0b38c/s0] (custom)
2019-09-26 13:47:35,510 INFO  impl.RaftServerProxy (RaftServerProxy.java:lambda$null$0(191)) - s0: found a subdirectory /workdir/ratis-test/target/test/data/d460ac09/MiniRaftClusterWithSimulatedRpccad0b38c/s0/3feff45d-db06-4150-91fb-e0d1c7e8c62c
2019-09-26 13:47:35,511 INFO  impl.RaftServerProxy (RaftServerProxy.java:addNew(89)) - s0: addNew group-E0D1C7E8C62C:[s0:0.0.0.0:33043] returns group-E0D1C7E8C62C:java.util.concurrent.CompletableFuture@430dfd89[Not completed]
2019-09-26 13:47:35,512 INFO  server.RaftServerConfigKeys (ConfUtils.java:logGet(43)) - raft.server.log.segment.size.max = 8MB (=8388608) (default)
2019-09-26 13:47:35,512 INFO  ratis.MiniRaftCluster (MiniRaftCluster.java:start(287)) - .............................................................. 
2019-09-26 13:47:35,512 INFO  ratis.MiniRaftCluster (MiniRaftCluster.java:start(288)) - ... 
2019-09-26 13:47:35,512 INFO  server.RaftServerConfigKeys (ConfUtils.java:logGet(43)) - raft.server.log.preallocated.size = 4MB (=4194304) (default)
2019-09-26 13:47:35,512 INFO  ratis.MiniRaftCluster (MiniRaftCluster.java:start(289)) - ...     Starting MiniRaftClusterWithSimulatedRpc
2019-09-26 13:47:35,512 INFO  ratis.MiniRaftCluster (MiniRaftCluster.java:start(290)) - ... 
2019-09-26 13:47:35,513 INFO  ratis.MiniRaftCluster (MiniRaftCluster.java:start(291)) - .............................................................. 
2019-09-26 13:47:35,512 INFO  server.RaftServerConfigKeys (ConfUtils.java:logGet(43)) - raft.server.log.write.buffer.size = 64KB (=65536) (default)
2019-09-26 13:47:35,513 INFO  ratis.MiniRaftCluster (MiniRaftCluster.java:initServers(265)) - servers = {s0=s0:      NEW group-E0D1C7E8C62C:java.util.concurrent.CompletableFuture@430dfd89[Not completed]}
2019-09-26 13:47:35,513 INFO  impl.RaftServerImpl (RaftServerImpl.java:<init>(95)) - s0: new RaftServerImpl for group-E0D1C7E8C62C:[s0:0.0.0.0:33043] with SimpleStateMachine4Testing:uninitialized
2019-09-26 13:47:35,513 INFO  server.RaftServerConfigKeys (ConfUtils.java:logGet(43)) - raft.server.rpc.timeout.min = 150ms (default)
2019-09-26 13:47:35,514 INFO  server.RaftServerConfigKeys (ConfUtils.java:logGet(43)) - raft.server.rpc.timeout.max = 300ms (default)
2019-09-26 13:47:35,514 INFO  server.RaftServerConfigKeys (ConfUtils.java:logGet(43)) - raft.server.rpcslowness.timeout = 60s (default)
2019-09-26 13:47:35,514 INFO  server.RaftServerConfigKeys (ConfUtils.java:logGet(43)) - raft.server.sleep.deviation.threshold = 300 (default)
2019-09-26 13:47:35,514 INFO  server.RaftServerConfigKeys (ConfUtils.java:logGet(43)) - raft.server.log.appender.install.snapshot.enabled = true (default)
2019-09-26 13:47:35,514 INFO  impl.RaftServerImpl (ServerState.java:<init>(103)) - s0@group-E0D1C7E8C62C: ConfigurationManager, init=-1: [s0:0.0.0.0:33043], old=null, confs=<EMPTY_MAP>
2019-09-26 13:47:35,515 INFO  server.RaftServerConfigKeys (ConfUtils.java:logGet(43)) - raft.server.storage.dir = [/workdir/ratis-test/target/test/data/d460ac09/MiniRaftClusterWithSimulatedRpccad0b38c/s0] (custom)
2019-09-26 13:47:35,515 INFO  server.RaftServerConfigKeys (ConfUtils.java:logGet(43)) - raft.server.log.corruption.policy = EXCEPTION (default)
2019-09-26 13:47:35,528 INFO  storage.RaftStorageDirectory (RaftStorageDirectory.java:tryLock(328)) - Lock on /workdir/ratis-test/target/test/data/d460ac09/MiniRaftClusterWithSimulatedRpccad0b38c/s0/3feff45d-db06-4150-91fb-e0d1c7e8c62c/in_use.lock acquired by nodename 19329@ratis-test-vpfcj-1787858657
2019-09-26 13:47:35,529 INFO  statemachine.SimpleStateMachine4Testing (SimpleStateMachine4Testing.java:initialize(206)) - Initializing SimpleStateMachine4Testing:uninitialized
2019-09-26 13:47:35,531 INFO  statemachine.SimpleStateMachine4Testing (SimpleStateMachine4Testing.java:loadSnapshot(300)) - Loading snapshot (t:1, i:37):[/workdir/ratis-test/target/test/data/d460ac09/MiniRaftClusterWithSimulatedRpccad0b38c/s0/3feff45d-db06-4150-91fb-e0d1c7e8c62c/sm/snapshot.1_37]
2019-09-26 13:47:35,531 INFO  statemachine.SimpleStateMachine4Testing (SimpleStateMachine4Testing.java:put(198)) - s0: put 1, m0 -> (t:1, i:1), STATEMACHINELOGENTRY, client-EB6C9EF32A08, cid=19
2019-09-26 13:47:35,531 INFO  statemachine.SimpleStateMachine4Testing (SimpleStateMachine4Testing.java:put(198)) - s0: put 3, m1 -> (t:1, i:3), STATEMACHINELOGENTRY, client-EB6C9EF32A08, cid=20
2019-09-26 13:47:35,532 INFO  statemachine.SimpleStateMachine4Testing (SimpleStateMachine4Testing.java:put(198)) - s0: put 5, m2 -> (t:1, i:5), STATEMACHINELOGENTRY, client-EB6C9EF32A08, cid=21
2019-09-26 13:47:35,532 INFO  statemachine.SimpleStateMachine4Testing (SimpleStateMachine4Testing.java:put(198)) - s0: put 7, m3 -> (t:1, i:7), STATEMACHINELOGENTRY, client-EB6C9EF32A08, cid=22
2019-09-26 13:47:35,532 INFO  statemachine.SimpleStateMachine4Testing (SimpleStateMachine4Testing.java:put(198)) - s0: put 9, m4 -> (t:1, i:9), STATEMACHINELOGENTRY, client-EB6C9EF32A08, cid=23
2019-09-26 13:47:35,532 INFO  statemachine.SimpleStateMachine4Testing (SimpleStateMachine4Testing.java:put(198)) - s0: put 11, m5 -> (t:1, i:11), STATEMACHINELOGENTRY, client-EB6C9EF32A08, cid=24
2019-09-26 13:47:35,533 INFO  statemachine.SimpleStateMachine4Testing (SimpleStateMachine4Testing.java:put(198)) - s0: put 13, m6 -> (t:1, i:13), STATEMACHINELOGENTRY, client-EB6C9EF32A08, cid=25
2019-09-26 13:47:35,533 INFO  statemachine.SimpleStateMachine4Testing (SimpleStateMachine4Testing.java:put(198)) - s0: put 15, m7 -> (t:1, i:15), STATEMACHINELOGENTRY, client-EB6C9EF32A08, cid=26
2019-09-26 13:47:35,533 INFO  statemachine.SimpleStateMachine4Testing (SimpleStateMachine4Testing.java:put(198)) - s0: put 17, m8 -> (t:1, i:17), STATEMACHINELOGENTRY, client-EB6C9EF32A08, cid=27
2019-09-26 13:47:35,533 INFO  statemachine.SimpleStateMachine4Testing (SimpleStateMachine4Testing.java:put(198)) - s0: put 19, m9 -> (t:1, i:19), STATEMACHINELOGENTRY, client-EB6C9EF32A08, cid=28
2019-09-26 13:47:35,534 INFO  statemachine.SimpleStateMachine4Testing (SimpleStateMachine4Testing.java:put(198)) - s0: put 21, m10 -> (t:1, i:21), STATEMACHINELOGENTRY, client-EB6C9EF32A08, cid=29
2019-09-26 13:47:35,534 INFO  statemachine.SimpleStateMachine4Testing (SimpleStateMachine4Testing.java:put(198)) - s0: put 23, m11 -> (t:1, i:23), STATEMACHINELOGENTRY, client-EB6C9EF32A08, cid=30
2019-09-26 13:47:35,534 INFO  statemachine.SimpleStateMachine4Testing (SimpleStateMachine4Testing.java:put(198)) - s0: put 25, m12 -> (t:1, i:25), STATEMACHINELOGENTRY, client-EB6C9EF32A08, cid=31
2019-09-26 13:47:35,534 INFO  statemachine.SimpleStateMachine4Testing (SimpleStateMachine4Testing.java:put(198)) - s0: put 27, m13 -> (t:1, i:27), STATEMACHINELOGENTRY, client-EB6C9EF32A08, cid=32
2019-09-26 13:47:35,534 INFO  statemachine.SimpleStateMachine4Testing (SimpleStateMachine4Testing.java:put(198)) - s0: put 29, m14 -> (t:1, i:29), STATEMACHINELOGENTRY, client-EB6C9EF32A08, cid=33
2019-09-26 13:47:35,535 INFO  statemachine.SimpleStateMachine4Testing (SimpleStateMachine4Testing.java:put(198)) - s0: put 31, m15 -> (t:1, i:31), STATEMACHINELOGENTRY, client-EB6C9EF32A08, cid=34
2019-09-26 13:47:35,535 INFO  statemachine.SimpleStateMachine4Testing (SimpleStateMachine4Testing.java:put(198)) - s0: put 33, m16 -> (t:1, i:33), STATEMACHINELOGENTRY, client-EB6C9EF32A08, cid=35
2019-09-26 13:47:35,535 INFO  statemachine.SimpleStateMachine4Testing (SimpleStateMachine4Testing.java:put(198)) - s0: put 35, m17 -> (t:1, i:35), STATEMACHINELOGENTRY, client-EB6C9EF32A08, cid=36
2019-09-26 13:47:35,535 INFO  statemachine.SimpleStateMachine4Testing (SimpleStateMachine4Testing.java:put(198)) - s0: put 37, m18 -> (t:1, i:37), STATEMACHINELOGENTRY, client-EB6C9EF32A08, cid=37
2019-09-26 13:47:35,537 INFO  impl.RaftServerImpl (ServerState.java:setRaftConf(355)) - s0@group-E0D1C7E8C62C: set configuration 0: [s0:0.0.0.0:33043], old=null at 0
2019-09-26 13:47:35,537 INFO  server.RaftServerConfigKeys (ConfUtils.java:logGet(43)) - raft.server.notification.no-leader.timeout = 60s (default)
2019-09-26 13:47:35,537 INFO  server.RaftServerConfigKeys (ConfUtils.java:logGet(43)) - raft.server.log.use.memory = false (default)
2019-09-26 13:47:35,537 INFO  server.RaftServerConfigKeys (ConfUtils.java:logGet(43)) - raft.server.log.purge.gap = 1024 (default)
2019-09-26 13:47:35,537 INFO  server.RaftServerConfigKeys (ConfUtils.java:logGet(43)) - raft.server.log.appender.buffer.byte-limit = 4MB (=4194304) (default)
2019-09-26 13:47:35,537 INFO  server.RaftServerConfigKeys (ConfUtils.java:logGet(43)) - raft.server.log.segment.size.max = 8MB (=8388608) (default)
2019-09-26 13:47:35,538 INFO  server.RaftServerConfigKeys (ConfUtils.java:logGet(43)) - raft.server.log.segment.cache.num.max = 6 (default)
2019-09-26 13:47:35,538 INFO  segmented.SegmentedRaftLogWorker (SegmentedRaftLogWorker.java:<init>(172)) - new s0@group-E0D1C7E8C62C-SegmentedRaftLogWorker for RaftStorage:Storage Directory /workdir/ratis-test/target/test/data/d460ac09/MiniRaftClusterWithSimulatedRpccad0b38c/s0/3feff45d-db06-4150-91fb-e0d1c7e8c62c
2019-09-26 13:47:35,538 INFO  server.RaftServerConfigKeys (ConfUtils.java:logGet(43)) - raft.server.log.queue.byte-limit = 64MB (=67108864) (default)
2019-09-26 13:47:35,538 INFO  server.RaftServerConfigKeys (ConfUtils.java:logGet(43)) - raft.server.log.queue.element-limit = 4096 (default)
2019-09-26 13:47:35,538 INFO  server.RaftServerConfigKeys (ConfUtils.java:logGet(43)) - raft.server.log.segment.size.max = 8MB (=8388608) (default)
2019-09-26 13:47:35,538 INFO  server.RaftServerConfigKeys (ConfUtils.java:logGet(43)) - raft.server.log.preallocated.size = 4MB (=4194304) (default)
2019-09-26 13:47:35,538 INFO  server.RaftServerConfigKeys (ConfUtils.java:logGet(43)) - raft.server.log.write.buffer.size = 64KB (=65536) (default)
2019-09-26 13:47:35,539 INFO  server.RaftServerConfigKeys (ConfUtils.java:logGet(43)) - raft.server.log.force.sync.num = 128 (default)
2019-09-26 13:47:35,539 INFO  server.RaftServerConfigKeys (ConfUtils.java:logGet(43)) - raft.server.log.statemachine.data.sync = true (default)
2019-09-26 13:47:35,539 INFO  server.RaftServerConfigKeys (ConfUtils.java:logGet(43)) - raft.server.log.statemachine.data.sync.timeout = 10s (default)
2019-09-26 13:47:35,539 INFO  server.RaftServerConfigKeys (ConfUtils.java:logGet(43)) - raft.server.log.statemachine.data.sync.timeout.retry = -1 (default)
2019-09-26 13:47:35,539 INFO  server.RaftServerConfigKeys (ConfUtils.java:logGet(43)) - raft.server.log.statemachine.data.caching.enabled = false (default)
2019-09-26 13:47:35,539 INFO  segmented.SegmentedRaftLogWorker (SegmentedRaftLogWorker.java:lambda$new$0(132)) - s0@group-E0D1C7E8C62C-SegmentedRaftLogWorker: flushIndex: setUnconditionally 0 -> 37
2019-09-26 13:47:35,540 INFO  server.RaftServerConfigKeys (ConfUtils.java:logGet(43)) - raft.server.snapshot.auto.trigger.enabled = true (custom)
2019-09-26 13:47:35,540 INFO  server.RaftServerConfigKeys (ConfUtils.java:logGet(43)) - raft.server.snapshot.auto.trigger.threshold = 10 (custom)
2019-09-26 13:47:35,540 INFO  server.RaftServerConfigKeys (ConfUtils.java:logGet(43)) - raft.server.snapshot.retention.file.num = -1 (default)
2019-09-26 13:47:35,540 INFO  server.RaftServerConfigKeys (ConfUtils.java:logGet(43)) - raft.server.retrycache.expirytime = 60s (default)
2019-09-26 13:47:35,541 INFO  impl.RaftServerImpl (RaftServerImpl.java:start(181)) - s0@group-E0D1C7E8C62C: start as a follower, conf=0: [s0:0.0.0.0:33043], old=null
2019-09-26 13:47:35,541 INFO  impl.RaftServerImpl (RaftServerImpl.java:setRole(170)) - s0@group-E0D1C7E8C62C: changes role from      null to FOLLOWER at term 1 for startAsFollower
2019-09-26 13:47:35,542 INFO  impl.RoleInfo (RoleInfo.java:updateAndGet(143)) - s0: start FollowerState
2019-09-26 13:47:35,543 INFO  util.JmxRegister (JmxRegister.java:tryRegister(44)) - Successfully registered JMX Bean with object name Ratis:service=RaftServer,group=group-E0D1C7E8C62C,id=s0
2019-09-26 13:47:35,543 INFO  impl.RaftServerProxy (RaftServerProxy.java:lambda$start$3(299)) - s0: start RPC server
2019-09-26 13:47:35,544 INFO  server.RaftServerConfigKeys (ConfUtils.java:logGet(43)) - raft.server.rpc.timeout.max = 300ms (default)
2019-09-26 13:47:35,545 INFO  ratis.RaftTestUtil (RaftTestUtil.java:waitForLeader(86)) - printing ALL groups
  s0:  RUNNING  FOLLOWER s0@group-E0D1C7E8C62C:t1, leader=null, voted=s0, raftlog=s0@group-E0D1C7E8C62C-SegmentedRaftLog:OPENED:c37,f37,i0, conf=0: [s0:0.0.0.0:33043], old=null RUNNING
2019-09-26 13:47:35,545 WARN  ratis.RaftTestUtil (JavaUtils.java:attempt(158)) - FAILED "waitForLeader-null-(expectLeader? true)", attempt #1/100: java.lang.IllegalStateException: No leader yet : printing ALL groups
  s0:  RUNNING  FOLLOWER s0@group-E0D1C7E8C62C:t1, leader=null, voted=s0, raftlog=s0@group-E0D1C7E8C62C-SegmentedRaftLog:OPENED:c37,f37,i0, conf=0: [s0:0.0.0.0:33043], old=null RUNNING, sleep 450ms and then retry.
java.lang.IllegalStateException: No leader yet : printing ALL groups
  s0:  RUNNING  FOLLOWER s0@group-E0D1C7E8C62C:t1, leader=null, voted=s0, raftlog=s0@group-E0D1C7E8C62C-SegmentedRaftLog:OPENED:c37,f37,i0, conf=0: [s0:0.0.0.0:33043], old=null RUNNING
	at org.apache.ratis.MiniRaftCluster.newIllegalStateExceptionForNoLeaders(MiniRaftCluster.java:506)
	at org.apache.ratis.RaftTestUtil.lambda$waitForLeader$1(RaftTestUtil.java:90)
	at org.apache.ratis.MiniRaftCluster.getLeader(MiniRaftCluster.java:539)
	at org.apache.ratis.MiniRaftCluster.getLeader(MiniRaftCluster.java:532)
	at org.apache.ratis.RaftTestUtil.lambda$waitForLeader$3(RaftTestUtil.java:98)
	at org.apache.ratis.util.JavaUtils.attempt(JavaUtils.java:152)
	at org.apache.ratis.RaftTestUtil.waitForLeader(RaftTestUtil.java:97)
	at org.apache.ratis.RaftTestUtil.waitForLeader(RaftTestUtil.java:77)
	at org.apache.ratis.RaftTestUtil.waitForLeader(RaftTestUtil.java:72)
	at org.apache.ratis.statemachine.RaftSnapshotBaseTest.assertLeaderContent(RaftSnapshotBaseTest.java:74)
	at org.apache.ratis.statemachine.RaftSnapshotBaseTest.testBasicInstallSnapshot(RaftSnapshotBaseTest.java:203)
	at sun.reflect.NativeMethodAccessorImpl.invoke0(Native Method)
	at sun.reflect.NativeMethodAccessorImpl.invoke(NativeMethodAccessorImpl.java:62)
	at sun.reflect.DelegatingMethodAccessorImpl.invoke(DelegatingMethodAccessorImpl.java:43)
	at java.lang.reflect.Method.invoke(Method.java:498)
	at org.junit.runners.model.FrameworkMethod$1.runReflectiveCall(FrameworkMethod.java:50)
	at org.junit.internal.runners.model.ReflectiveCallable.run(ReflectiveCallable.java:12)
	at org.junit.runners.model.FrameworkMethod.invokeExplosively(FrameworkMethod.java:47)
	at org.junit.internal.runners.statements.InvokeMethod.evaluate(InvokeMethod.java:17)
	at org.junit.internal.runners.statements.RunBefores.evaluate(RunBefores.java:26)
	at org.junit.internal.runners.statements.RunAfters.evaluate(RunAfters.java:27)
	at org.junit.internal.runners.statements.FailOnTimeout$CallableStatement.call(FailOnTimeout.java:298)
	at org.junit.internal.runners.statements.FailOnTimeout$CallableStatement.call(FailOnTimeout.java:292)
	at java.util.concurrent.FutureTask.run(FutureTask.java:266)
	at java.lang.Thread.run(Thread.java:748)
2019-09-26 13:47:35,759 INFO  impl.FollowerState (FollowerState.java:run(108)) - s0@group-E0D1C7E8C62C-FollowerState: change to CANDIDATE, lastRpcTime:217ms, electionTimeout:217ms
2019-09-26 13:47:35,760 INFO  impl.RoleInfo (RoleInfo.java:shutdownFollowerState(121)) - s0: shutdown FollowerState
2019-09-26 13:47:35,760 INFO  impl.RaftServerImpl (RaftServerImpl.java:setRole(170)) - s0@group-E0D1C7E8C62C: changes role from  FOLLOWER to CANDIDATE at term 1 for changeToCandidate
2019-09-26 13:47:35,760 INFO  impl.RoleInfo (RoleInfo.java:updateAndGet(143)) - s0: start LeaderElection
2019-09-26 13:47:35,775 INFO  impl.LeaderElection (LeaderElection.java:askForVotes(178)) - s0@group-E0D1C7E8C62C-LeaderElection4: begin an election at term 2 for 0: [s0:0.0.0.0:33043], old=null
2019-09-26 13:47:35,776 INFO  impl.RoleInfo (RoleInfo.java:shutdownLeaderElection(134)) - s0: shutdown LeaderElection
2019-09-26 13:47:35,776 INFO  impl.RaftServerImpl (RaftServerImpl.java:setRole(170)) - s0@group-E0D1C7E8C62C: changes role from CANDIDATE to LEADER at term 2 for changeToLeader
2019-09-26 13:47:35,776 INFO  impl.RaftServerImpl (ServerState.java:setLeader(254)) - s0@group-E0D1C7E8C62C: change Leader from null to s0 at term 2 for becomeLeader, leader elected after 239ms
2019-09-26 13:47:35,776 INFO  server.RaftServerConfigKeys (ConfUtils.java:logGet(43)) - raft.server.staging.catchup.gap = 1000 (default)
2019-09-26 13:47:35,776 INFO  server.RaftServerConfigKeys (ConfUtils.java:logGet(43)) - raft.server.rpc.sleep.time = 25ms (default)
2019-09-26 13:47:35,776 INFO  server.RaftServerConfigKeys (ConfUtils.java:logGet(43)) - raft.server.write.element-limit = 4096 (default)
2019-09-26 13:47:35,776 INFO  server.RaftServerConfigKeys (ConfUtils.java:logGet(43)) - raft.server.watch.timeout = 10s (default)
2019-09-26 13:47:35,777 INFO  server.RaftServerConfigKeys (ConfUtils.java:logGet(43)) - raft.server.watch.timeout.denomination = 1s (default)
2019-09-26 13:47:35,777 INFO  server.RaftServerConfigKeys (ConfUtils.java:logGet(43)) - raft.server.watch.element-limit = 65536 (default)
2019-09-26 13:47:35,777 INFO  impl.RoleInfo (RoleInfo.java:updateAndGet(143)) - s0: start LeaderState
2019-09-26 13:47:35,777 DEBUG raftlog.RaftLog (SegmentedRaftLog.java:appendImpl(425)) - truncateIndex=-1, arrayIndex=0
2019-09-26 13:47:35,777 INFO  segmented.SegmentedRaftLogWorker (SegmentedRaftLogWorker.java:startLogSegment(380)) - s0@group-E0D1C7E8C62C-SegmentedRaftLogWorker: Starting segment from index:38
2019-09-26 13:47:35,778 INFO  impl.RaftServerImpl (ServerState.java:setRaftConf(355)) - s0@group-E0D1C7E8C62C: set configuration 38: [s0:0.0.0.0:33043], old=null at 38
2019-09-26 13:47:35,853 INFO  segmented.SegmentedRaftLogWorker (SegmentedRaftLogWorker.java:execute(569)) - s0@group-E0D1C7E8C62C-SegmentedRaftLogWorker: created new log segment /workdir/ratis-test/target/test/data/d460ac09/MiniRaftClusterWithSimulatedRpccad0b38c/s0/3feff45d-db06-4150-91fb-e0d1c7e8c62c/current/log_inprogress_38
2019-09-26 13:47:35,997 INFO  ratis.RaftTestUtil (RaftTestUtil.java:waitForLeader(101)) - printing ALL groups
  s0:  RUNNING    LEADER s0@group-E0D1C7E8C62C:t2, leader=s0, voted=s0, raftlog=s0@group-E0D1C7E8C62C-SegmentedRaftLog:OPENED:c37,f37,i38, conf=38: [s0:0.0.0.0:33043], old=null RUNNING
2019-09-26 13:47:35,997 INFO  ratis.MiniRaftCluster (MiniRaftCluster.java:shutdown(700)) - ************************************************************** 
2019-09-26 13:47:35,997 INFO  ratis.MiniRaftCluster (MiniRaftCluster.java:shutdown(701)) - *** 
2019-09-26 13:47:35,997 INFO  ratis.MiniRaftCluster (MiniRaftCluster.java:shutdown(702)) - ***     Stopping MiniRaftClusterWithSimulatedRpc
2019-09-26 13:47:35,998 INFO  ratis.MiniRaftCluster (MiniRaftCluster.java:shutdown(703)) - *** 
2019-09-26 13:47:35,998 INFO  ratis.MiniRaftCluster (MiniRaftCluster.java:shutdown(704)) - ************************************************************** 
2019-09-26 13:47:35,998 INFO  ratis.MiniRaftCluster (MiniRaftCluster.java:shutdown(705)) - printing ALL groups
  s0:  RUNNING    LEADER s0@group-E0D1C7E8C62C:t2, leader=s0, voted=s0, raftlog=s0@group-E0D1C7E8C62C-SegmentedRaftLog:OPENED:c37,f37,i38, conf=38: [s0:0.0.0.0:33043], old=null RUNNING
2019-09-26 13:47:35,999 INFO  impl.RaftServerProxy (RaftServerProxy.java:lambda$close$4(314)) - s0: close
2019-09-26 13:47:36,000 INFO  impl.RaftServerImpl (RaftServerImpl.java:lambda$shutdown$3(247)) - s0@group-E0D1C7E8C62C: shutdown
2019-09-26 13:47:36,000 INFO  util.JmxRegister (JmxRegister.java:unregister(73)) - Successfully un-registered JMX Bean with object name Ratis:service=RaftServer,group=group-E0D1C7E8C62C,id=s0
2019-09-26 13:47:36,000 INFO  impl.RoleInfo (RoleInfo.java:shutdownLeaderState(104)) - s0: shutdown LeaderState
2019-09-26 13:47:36,001 INFO  impl.PendingRequests (PendingRequests.java:sendNotLeaderResponses(202)) - s0@group-E0D1C7E8C62C-PendingRequests: sendNotLeaderResponses
2019-09-26 13:47:36,001 INFO  impl.StateMachineUpdater (StateMachineUpdater.java:stopAndJoin(136)) - s0@group-E0D1C7E8C62C-StateMachineUpdater: set stopIndex = 37
2019-09-26 13:47:36,001 INFO  impl.RaftServerImpl (ServerState.java:close(386)) - s0@group-E0D1C7E8C62C: closes. applyIndex: 37
2019-09-26 13:47:36,535 INFO  segmented.SegmentedRaftLogWorker (SegmentedRaftLogWorker.java:close(228)) - s0@group-E0D1C7E8C62C-SegmentedRaftLogWorker close()
2019-09-26 13:47:36,536 INFO  simulation.RequestHandler (RequestHandler.java:run(126)) - s0.clientHandler1 is interrupted by java.io.InterruptedIOException: 
2019-09-26 13:47:36,536 INFO  simulation.RequestHandler (RequestHandler.java:run(126)) - s0.clientHandler2 is interrupted by java.io.InterruptedIOException: 
2019-09-26 13:47:36,536 INFO  simulation.RequestHandler (RequestHandler.java:run(126)) - s0.clientHandler0 is interrupted by java.io.InterruptedIOException: 
2019-09-26 13:47:36,537 INFO  simulation.RequestHandler (RequestHandler.java:run(126)) - s0.serverHandler0 is interrupted by java.io.InterruptedIOException: 
2019-09-26 13:47:36,537 INFO  simulation.RequestHandler (RequestHandler.java:run(126)) - s0.serverHandler1 is interrupted by java.io.InterruptedIOException: 
2019-09-26 13:47:36,537 INFO  simulation.RequestHandler (RequestHandler.java:run(126)) - s0.serverHandler2 is interrupted by java.io.InterruptedIOException: 
2019-09-26 13:47:36,538 INFO  ratis.MiniRaftCluster (MiniRaftCluster.java:shutdown(722)) - MiniRaftClusterWithSimulatedRpc shutdown completed
2019-09-26 13:47:36,539 INFO  ratis.MiniRaftCluster (MiniRaftCluster.java:shutdown(700)) - ************************************************************** 
2019-09-26 13:47:36,539 INFO  ratis.MiniRaftCluster (MiniRaftCluster.java:shutdown(701)) - *** 
2019-09-26 13:47:36,539 INFO  ratis.MiniRaftCluster (MiniRaftCluster.java:shutdown(702)) - ***     Stopping MiniRaftClusterWithSimulatedRpc
2019-09-26 13:47:36,539 INFO  ratis.MiniRaftCluster (MiniRaftCluster.java:shutdown(703)) - *** 
2019-09-26 13:47:36,540 INFO  ratis.MiniRaftCluster (MiniRaftCluster.java:shutdown(704)) - ************************************************************** 
2019-09-26 13:47:36,540 INFO  ratis.MiniRaftCluster (MiniRaftCluster.java:shutdown(705)) - printing ALL groups
  s0:   CLOSED    LEADER s0@group-E0D1C7E8C62C:t2, leader=s0, voted=s0, raftlog=s0@group-E0D1C7E8C62C-SegmentedRaftLog:CLOSED:c37, conf=38: [s0:0.0.0.0:33043], old=null CLOSED
2019-09-26 13:47:36,541 INFO  ratis.MiniRaftCluster (MiniRaftCluster.java:shutdown(722)) - MiniRaftClusterWithSimulatedRpc shutdown completed
]]></system-out>
  </testcase>
</testsuite>