<?xml version="1.0" encoding="UTF-8"?>
<testsuite xmlns:xsi="http://www.w3.org/2001/XMLSchema-instance" xsi:noNamespaceSchemaLocation="https://maven.apache.org/surefire/maven-surefire-plugin/xsd/surefire-test-report.xsd" name="org.apache.ratis.examples.filestore.TestFileStoreWithNetty" time="100.637" tests="1" errors="1" skipped="0" failures="0">
  <properties>
    <property name="awt.toolkit" value="sun.awt.X11.XToolkit"/>
    <property name="file.encoding.pkg" value="sun.io"/>
    <property name="java.specification.version" value="1.8"/>
    <property name="sun.cpu.isalist" value=""/>
    <property name="sun.jnu.encoding" value="UTF-8"/>
    <property name="java.class.path" value="/workdir/ratis-examples/target/test-classes:/workdir/ratis-examples/target/classes:/home/user/.m2/repository/org/apache/ratis/ratis-thirdparty-misc/0.2.0/ratis-thirdparty-misc-0.2.0.jar:/workdir/ratis-proto/target/ratis-proto-0.5.0-SNAPSHOT.jar:/workdir/ratis-common/target/classes:/home/user/.m2/repository/org/slf4j/slf4j-log4j12/1.7.10/slf4j-log4j12-1.7.10.jar:/home/user/.m2/repository/log4j/log4j/1.2.17/log4j-1.2.17.jar:/workdir/ratis-common/target/test-classes:/workdir/ratis-client/target/classes:/workdir/ratis-server/target/classes:/workdir/ratis-metrics/target/classes:/home/user/.m2/repository/io/dropwizard/metrics/metrics-core/3.2.5/metrics-core-3.2.5.jar:/home/user/.m2/repository/com/github/joshelser/dropwizard-metrics-hadoop-metrics2-reporter/0.1.2/dropwizard-metrics-hadoop-metrics2-reporter-0.1.2.jar:/home/user/.m2/repository/io/dropwizard/metrics/metrics-jvm/3.2.5/metrics-jvm-3.2.5.jar:/home/user/.m2/repository/io/dropwizard/metrics/metrics-ganglia/3.2.5/metrics-ganglia-3.2.5.jar:/home/user/.m2/repository/info/ganglia/gmetric4j/gmetric4j/1.0.7/gmetric4j-1.0.7.jar:/home/user/.m2/repository/org/apache/commons/commons-lang3/3.5/commons-lang3-3.5.jar:/workdir/ratis-server/target/test-classes:/workdir/ratis-hadoop/target/classes:/home/user/.m2/repository/org/apache/hadoop/hadoop-common/3.1.1/hadoop-common-3.1.1.jar:/home/user/.m2/repository/org/apache/hadoop/hadoop-annotations/3.1.1/hadoop-annotations-3.1.1.jar:/usr/lib/jvm/java-1.8-openjdk/jre/../lib/tools.jar:/home/user/.m2/repository/commons-cli/commons-cli/1.2/commons-cli-1.2.jar:/home/user/.m2/repository/org/apache/commons/commons-math3/3.1.1/commons-math3-3.1.1.jar:/home/user/.m2/repository/org/apache/httpcomponents/httpclient/4.5.2/httpclient-4.5.2.jar:/home/user/.m2/repository/org/apache/httpcomponents/httpcore/4.4.4/httpcore-4.4.4.jar:/home/user/.m2/repository/commons-codec/commons-codec/1.11/commons-codec-1.11.jar:/home/user/.m2/repository/commons-io/commons-io/2.5/commons-io-2.5.jar:/home/user/.m2/repository/commons-net/commons-net/3.6/commons-net-3.6.jar:/home/user/.m2/repository/commons-collections/commons-collections/3.2.2/commons-collections-3.2.2.jar:/home/user/.m2/repository/javax/servlet/javax.servlet-api/3.1.0/javax.servlet-api-3.1.0.jar:/home/user/.m2/repository/org/eclipse/jetty/jetty-server/9.3.19.v20170502/jetty-server-9.3.19.v20170502.jar:/home/user/.m2/repository/org/eclipse/jetty/jetty-http/9.3.19.v20170502/jetty-http-9.3.19.v20170502.jar:/home/user/.m2/repository/org/eclipse/jetty/jetty-io/9.3.19.v20170502/jetty-io-9.3.19.v20170502.jar:/home/user/.m2/repository/org/eclipse/jetty/jetty-util/9.3.19.v20170502/jetty-util-9.3.19.v20170502.jar:/home/user/.m2/repository/org/eclipse/jetty/jetty-servlet/9.3.19.v20170502/jetty-servlet-9.3.19.v20170502.jar:/home/user/.m2/repository/org/eclipse/jetty/jetty-security/9.3.19.v20170502/jetty-security-9.3.19.v20170502.jar:/home/user/.m2/repository/org/eclipse/jetty/jetty-webapp/9.3.19.v20170502/jetty-webapp-9.3.19.v20170502.jar:/home/user/.m2/repository/org/eclipse/jetty/jetty-xml/9.3.19.v20170502/jetty-xml-9.3.19.v20170502.jar:/home/user/.m2/repository/javax/servlet/jsp/jsp-api/2.1/jsp-api-2.1.jar:/home/user/.m2/repository/com/sun/jersey/jersey-core/1.19/jersey-core-1.19.jar:/home/user/.m2/repository/javax/ws/rs/jsr311-api/1.1.1/jsr311-api-1.1.1.jar:/home/user/.m2/repository/com/sun/jersey/jersey-servlet/1.19/jersey-servlet-1.19.jar:/home/user/.m2/repository/com/sun/jersey/jersey-json/1.19/jersey-json-1.19.jar:/home/user/.m2/repository/org/codehaus/jettison/jettison/1.1/jettison-1.1.jar:/home/user/.m2/repository/com/sun/xml/bind/jaxb-impl/2.2.3-1/jaxb-impl-2.2.3-1.jar:/home/user/.m2/repository/javax/xml/bind/jaxb-api/2.2.2/jaxb-api-2.2.2.jar:/home/user/.m2/repository/javax/xml/stream/stax-api/1.0-2/stax-api-1.0-2.jar:/home/user/.m2/repository/javax/activation/activation/1.1/activation-1.1.jar:/home/user/.m2/repository/org/codehaus/jackson/jackson-core-asl/1.9.2/jackson-core-asl-1.9.2.jar:/home/user/.m2/repository/org/codehaus/jackson/jackson-mapper-asl/1.9.2/jackson-mapper-asl-1.9.2.jar:/home/user/.m2/repository/org/codehaus/jackson/jackson-jaxrs/1.9.2/jackson-jaxrs-1.9.2.jar:/home/user/.m2/repository/org/codehaus/jackson/jackson-xc/1.9.2/jackson-xc-1.9.2.jar:/home/user/.m2/repository/com/sun/jersey/jersey-server/1.19/jersey-server-1.19.jar:/home/user/.m2/repository/commons-logging/commons-logging/1.1.3/commons-logging-1.1.3.jar:/home/user/.m2/repository/commons-lang/commons-lang/2.6/commons-lang-2.6.jar:/home/user/.m2/repository/commons-beanutils/commons-beanutils/1.9.3/commons-beanutils-1.9.3.jar:/home/user/.m2/repository/org/apache/commons/commons-configuration2/2.1.1/commons-configuration2-2.1.1.jar:/home/user/.m2/repository/org/apache/avro/avro/1.7.7/avro-1.7.7.jar:/home/user/.m2/repository/com/thoughtworks/paranamer/paranamer/2.3/paranamer-2.3.jar:/home/user/.m2/repository/org/xerial/snappy/snappy-java/1.0.5/snappy-java-1.0.5.jar:/home/user/.m2/repository/com/google/re2j/re2j/1.1/re2j-1.1.jar:/home/user/.m2/repository/com/google/protobuf/protobuf-java/2.5.0/protobuf-java-2.5.0.jar:/home/user/.m2/repository/com/google/code/gson/gson/2.2.4/gson-2.2.4.jar:/home/user/.m2/repository/org/apache/hadoop/hadoop-auth/3.1.1/hadoop-auth-3.1.1.jar:/home/user/.m2/repository/com/nimbusds/nimbus-jose-jwt/4.41.1/nimbus-jose-jwt-4.41.1.jar:/home/user/.m2/repository/com/github/stephenc/jcip/jcip-annotations/1.0-1/jcip-annotations-1.0-1.jar:/home/user/.m2/repository/net/minidev/json-smart/2.3/json-smart-2.3.jar:/home/user/.m2/repository/net/minidev/accessors-smart/1.2/accessors-smart-1.2.jar:/home/user/.m2/repository/org/ow2/asm/asm/5.0.4/asm-5.0.4.jar:/home/user/.m2/repository/org/apache/curator/curator-framework/2.12.0/curator-framework-2.12.0.jar:/home/user/.m2/repository/com/jcraft/jsch/0.1.54/jsch-0.1.54.jar:/home/user/.m2/repository/org/apache/curator/curator-client/2.12.0/curator-client-2.12.0.jar:/home/user/.m2/repository/org/apache/curator/curator-recipes/2.12.0/curator-recipes-2.12.0.jar:/home/user/.m2/repository/com/google/code/findbugs/jsr305/3.0.0/jsr305-3.0.0.jar:/home/user/.m2/repository/org/apache/htrace/htrace-core4/4.1.0-incubating/htrace-core4-4.1.0-incubating.jar:/home/user/.m2/repository/org/apache/zookeeper/zookeeper/3.4.9/zookeeper-3.4.9.jar:/home/user/.m2/repository/jline/jline/0.9.94/jline-0.9.94.jar:/home/user/.m2/repository/io/netty/netty/3.10.5.Final/netty-3.10.5.Final.jar:/home/user/.m2/repository/org/apache/commons/commons-compress/1.4.1/commons-compress-1.4.1.jar:/home/user/.m2/repository/org/tukaani/xz/1.0/xz-1.0.jar:/home/user/.m2/repository/org/apache/kerby/kerb-simplekdc/1.0.1/kerb-simplekdc-1.0.1.jar:/home/user/.m2/repository/org/apache/kerby/kerb-client/1.0.1/kerb-client-1.0.1.jar:/home/user/.m2/repository/org/apache/kerby/kerby-config/1.0.1/kerby-config-1.0.1.jar:/home/user/.m2/repository/org/apache/kerby/kerb-core/1.0.1/kerb-core-1.0.1.jar:/home/user/.m2/repository/org/apache/kerby/kerby-pkix/1.0.1/kerby-pkix-1.0.1.jar:/home/user/.m2/repository/org/apache/kerby/kerby-asn1/1.0.1/kerby-asn1-1.0.1.jar:/home/user/.m2/repository/org/apache/kerby/kerby-util/1.0.1/kerby-util-1.0.1.jar:/home/user/.m2/repository/org/apache/kerby/kerb-common/1.0.1/kerb-common-1.0.1.jar:/home/user/.m2/repository/org/apache/kerby/kerb-crypto/1.0.1/kerb-crypto-1.0.1.jar:/home/user/.m2/repository/org/apache/kerby/kerb-util/1.0.1/kerb-util-1.0.1.jar:/home/user/.m2/repository/org/apache/kerby/token-provider/1.0.1/token-provider-1.0.1.jar:/home/user/.m2/repository/org/apache/kerby/kerb-admin/1.0.1/kerb-admin-1.0.1.jar:/home/user/.m2/repository/org/apache/kerby/kerb-server/1.0.1/kerb-server-1.0.1.jar:/home/user/.m2/repository/org/apache/kerby/kerb-identity/1.0.1/kerb-identity-1.0.1.jar:/home/user/.m2/repository/org/apache/kerby/kerby-xdr/1.0.1/kerby-xdr-1.0.1.jar:/home/user/.m2/repository/com/fasterxml/jackson/core/jackson-databind/2.7.8/jackson-databind-2.7.8.jar:/home/user/.m2/repository/com/fasterxml/jackson/core/jackson-annotations/2.7.0/jackson-annotations-2.7.0.jar:/home/user/.m2/repository/com/fasterxml/jackson/core/jackson-core/2.7.8/jackson-core-2.7.8.jar:/home/user/.m2/repository/org/codehaus/woodstox/stax2-api/3.1.4/stax2-api-3.1.4.jar:/home/user/.m2/repository/com/fasterxml/woodstox/woodstox-core/5.0.3/woodstox-core-5.0.3.jar:/home/user/.m2/repository/com/google/guava/guava/11.0.2/guava-11.0.2.jar:/workdir/ratis-hadoop/target/test-classes:/home/user/.m2/repository/org/apache/ratis/ratis-thirdparty-hadoop/0.2.0/ratis-thirdparty-hadoop-0.2.0.jar:/workdir/ratis-grpc/target/classes:/workdir/ratis-grpc/target/test-classes:/workdir/ratis-netty/target/classes:/workdir/ratis-netty/target/test-classes:/home/user/.m2/repository/com/beust/jcommander/1.72/jcommander-1.72.jar:/home/user/.m2/repository/org/slf4j/slf4j-api/1.7.10/slf4j-api-1.7.10.jar:/home/user/.m2/repository/junit/junit/4.12/junit-4.12.jar:/home/user/.m2/repository/org/hamcrest/hamcrest-core/1.3/hamcrest-core-1.3.jar:/home/user/.m2/repository/org/mockito/mockito-all/1.8.5/mockito-all-1.8.5.jar:"/>
    <property name="java.vm.vendor" value="IcedTea"/>
    <property name="sun.arch.data.model" value="64"/>
    <property name="java.vendor.url" value="https://icedtea.classpath.org"/>
    <property name="user.timezone" value=""/>
    <property name="java.vm.specification.version" value="1.8"/>
    <property name="os.name" value="Linux"/>
    <property name="user.country" value="US"/>
    <property name="sun.java.launcher" value="SUN_STANDARD"/>
    <property name="sun.boot.library.path" value="/usr/lib/jvm/java-1.8-openjdk/jre/lib/amd64"/>
    <property name="sun.java.command" value="/workdir/ratis-examples/target/surefire/surefirebooter3122744036745982545.jar /workdir/ratis-examples/target/surefire 2019-09-26T09-43-41_827-jvmRun1 surefire8342866954674475997tmp surefire_747149024016785044359tmp"/>
    <property name="surefire.test.class.path" value="/workdir/ratis-examples/target/test-classes:/workdir/ratis-examples/target/classes:/home/user/.m2/repository/org/apache/ratis/ratis-thirdparty-misc/0.2.0/ratis-thirdparty-misc-0.2.0.jar:/workdir/ratis-proto/target/ratis-proto-0.5.0-SNAPSHOT.jar:/workdir/ratis-common/target/classes:/home/user/.m2/repository/org/slf4j/slf4j-log4j12/1.7.10/slf4j-log4j12-1.7.10.jar:/home/user/.m2/repository/log4j/log4j/1.2.17/log4j-1.2.17.jar:/workdir/ratis-common/target/test-classes:/workdir/ratis-client/target/classes:/workdir/ratis-server/target/classes:/workdir/ratis-metrics/target/classes:/home/user/.m2/repository/io/dropwizard/metrics/metrics-core/3.2.5/metrics-core-3.2.5.jar:/home/user/.m2/repository/com/github/joshelser/dropwizard-metrics-hadoop-metrics2-reporter/0.1.2/dropwizard-metrics-hadoop-metrics2-reporter-0.1.2.jar:/home/user/.m2/repository/io/dropwizard/metrics/metrics-jvm/3.2.5/metrics-jvm-3.2.5.jar:/home/user/.m2/repository/io/dropwizard/metrics/metrics-ganglia/3.2.5/metrics-ganglia-3.2.5.jar:/home/user/.m2/repository/info/ganglia/gmetric4j/gmetric4j/1.0.7/gmetric4j-1.0.7.jar:/home/user/.m2/repository/org/apache/commons/commons-lang3/3.5/commons-lang3-3.5.jar:/workdir/ratis-server/target/test-classes:/workdir/ratis-hadoop/target/classes:/home/user/.m2/repository/org/apache/hadoop/hadoop-common/3.1.1/hadoop-common-3.1.1.jar:/home/user/.m2/repository/org/apache/hadoop/hadoop-annotations/3.1.1/hadoop-annotations-3.1.1.jar:/usr/lib/jvm/java-1.8-openjdk/jre/../lib/tools.jar:/home/user/.m2/repository/commons-cli/commons-cli/1.2/commons-cli-1.2.jar:/home/user/.m2/repository/org/apache/commons/commons-math3/3.1.1/commons-math3-3.1.1.jar:/home/user/.m2/repository/org/apache/httpcomponents/httpclient/4.5.2/httpclient-4.5.2.jar:/home/user/.m2/repository/org/apache/httpcomponents/httpcore/4.4.4/httpcore-4.4.4.jar:/home/user/.m2/repository/commons-codec/commons-codec/1.11/commons-codec-1.11.jar:/home/user/.m2/repository/commons-io/commons-io/2.5/commons-io-2.5.jar:/home/user/.m2/repository/commons-net/commons-net/3.6/commons-net-3.6.jar:/home/user/.m2/repository/commons-collections/commons-collections/3.2.2/commons-collections-3.2.2.jar:/home/user/.m2/repository/javax/servlet/javax.servlet-api/3.1.0/javax.servlet-api-3.1.0.jar:/home/user/.m2/repository/org/eclipse/jetty/jetty-server/9.3.19.v20170502/jetty-server-9.3.19.v20170502.jar:/home/user/.m2/repository/org/eclipse/jetty/jetty-http/9.3.19.v20170502/jetty-http-9.3.19.v20170502.jar:/home/user/.m2/repository/org/eclipse/jetty/jetty-io/9.3.19.v20170502/jetty-io-9.3.19.v20170502.jar:/home/user/.m2/repository/org/eclipse/jetty/jetty-util/9.3.19.v20170502/jetty-util-9.3.19.v20170502.jar:/home/user/.m2/repository/org/eclipse/jetty/jetty-servlet/9.3.19.v20170502/jetty-servlet-9.3.19.v20170502.jar:/home/user/.m2/repository/org/eclipse/jetty/jetty-security/9.3.19.v20170502/jetty-security-9.3.19.v20170502.jar:/home/user/.m2/repository/org/eclipse/jetty/jetty-webapp/9.3.19.v20170502/jetty-webapp-9.3.19.v20170502.jar:/home/user/.m2/repository/org/eclipse/jetty/jetty-xml/9.3.19.v20170502/jetty-xml-9.3.19.v20170502.jar:/home/user/.m2/repository/javax/servlet/jsp/jsp-api/2.1/jsp-api-2.1.jar:/home/user/.m2/repository/com/sun/jersey/jersey-core/1.19/jersey-core-1.19.jar:/home/user/.m2/repository/javax/ws/rs/jsr311-api/1.1.1/jsr311-api-1.1.1.jar:/home/user/.m2/repository/com/sun/jersey/jersey-servlet/1.19/jersey-servlet-1.19.jar:/home/user/.m2/repository/com/sun/jersey/jersey-json/1.19/jersey-json-1.19.jar:/home/user/.m2/repository/org/codehaus/jettison/jettison/1.1/jettison-1.1.jar:/home/user/.m2/repository/com/sun/xml/bind/jaxb-impl/2.2.3-1/jaxb-impl-2.2.3-1.jar:/home/user/.m2/repository/javax/xml/bind/jaxb-api/2.2.2/jaxb-api-2.2.2.jar:/home/user/.m2/repository/javax/xml/stream/stax-api/1.0-2/stax-api-1.0-2.jar:/home/user/.m2/repository/javax/activation/activation/1.1/activation-1.1.jar:/home/user/.m2/repository/org/codehaus/jackson/jackson-core-asl/1.9.2/jackson-core-asl-1.9.2.jar:/home/user/.m2/repository/org/codehaus/jackson/jackson-mapper-asl/1.9.2/jackson-mapper-asl-1.9.2.jar:/home/user/.m2/repository/org/codehaus/jackson/jackson-jaxrs/1.9.2/jackson-jaxrs-1.9.2.jar:/home/user/.m2/repository/org/codehaus/jackson/jackson-xc/1.9.2/jackson-xc-1.9.2.jar:/home/user/.m2/repository/com/sun/jersey/jersey-server/1.19/jersey-server-1.19.jar:/home/user/.m2/repository/commons-logging/commons-logging/1.1.3/commons-logging-1.1.3.jar:/home/user/.m2/repository/commons-lang/commons-lang/2.6/commons-lang-2.6.jar:/home/user/.m2/repository/commons-beanutils/commons-beanutils/1.9.3/commons-beanutils-1.9.3.jar:/home/user/.m2/repository/org/apache/commons/commons-configuration2/2.1.1/commons-configuration2-2.1.1.jar:/home/user/.m2/repository/org/apache/avro/avro/1.7.7/avro-1.7.7.jar:/home/user/.m2/repository/com/thoughtworks/paranamer/paranamer/2.3/paranamer-2.3.jar:/home/user/.m2/repository/org/xerial/snappy/snappy-java/1.0.5/snappy-java-1.0.5.jar:/home/user/.m2/repository/com/google/re2j/re2j/1.1/re2j-1.1.jar:/home/user/.m2/repository/com/google/protobuf/protobuf-java/2.5.0/protobuf-java-2.5.0.jar:/home/user/.m2/repository/com/google/code/gson/gson/2.2.4/gson-2.2.4.jar:/home/user/.m2/repository/org/apache/hadoop/hadoop-auth/3.1.1/hadoop-auth-3.1.1.jar:/home/user/.m2/repository/com/nimbusds/nimbus-jose-jwt/4.41.1/nimbus-jose-jwt-4.41.1.jar:/home/user/.m2/repository/com/github/stephenc/jcip/jcip-annotations/1.0-1/jcip-annotations-1.0-1.jar:/home/user/.m2/repository/net/minidev/json-smart/2.3/json-smart-2.3.jar:/home/user/.m2/repository/net/minidev/accessors-smart/1.2/accessors-smart-1.2.jar:/home/user/.m2/repository/org/ow2/asm/asm/5.0.4/asm-5.0.4.jar:/home/user/.m2/repository/org/apache/curator/curator-framework/2.12.0/curator-framework-2.12.0.jar:/home/user/.m2/repository/com/jcraft/jsch/0.1.54/jsch-0.1.54.jar:/home/user/.m2/repository/org/apache/curator/curator-client/2.12.0/curator-client-2.12.0.jar:/home/user/.m2/repository/org/apache/curator/curator-recipes/2.12.0/curator-recipes-2.12.0.jar:/home/user/.m2/repository/com/google/code/findbugs/jsr305/3.0.0/jsr305-3.0.0.jar:/home/user/.m2/repository/org/apache/htrace/htrace-core4/4.1.0-incubating/htrace-core4-4.1.0-incubating.jar:/home/user/.m2/repository/org/apache/zookeeper/zookeeper/3.4.9/zookeeper-3.4.9.jar:/home/user/.m2/repository/jline/jline/0.9.94/jline-0.9.94.jar:/home/user/.m2/repository/io/netty/netty/3.10.5.Final/netty-3.10.5.Final.jar:/home/user/.m2/repository/org/apache/commons/commons-compress/1.4.1/commons-compress-1.4.1.jar:/home/user/.m2/repository/org/tukaani/xz/1.0/xz-1.0.jar:/home/user/.m2/repository/org/apache/kerby/kerb-simplekdc/1.0.1/kerb-simplekdc-1.0.1.jar:/home/user/.m2/repository/org/apache/kerby/kerb-client/1.0.1/kerb-client-1.0.1.jar:/home/user/.m2/repository/org/apache/kerby/kerby-config/1.0.1/kerby-config-1.0.1.jar:/home/user/.m2/repository/org/apache/kerby/kerb-core/1.0.1/kerb-core-1.0.1.jar:/home/user/.m2/repository/org/apache/kerby/kerby-pkix/1.0.1/kerby-pkix-1.0.1.jar:/home/user/.m2/repository/org/apache/kerby/kerby-asn1/1.0.1/kerby-asn1-1.0.1.jar:/home/user/.m2/repository/org/apache/kerby/kerby-util/1.0.1/kerby-util-1.0.1.jar:/home/user/.m2/repository/org/apache/kerby/kerb-common/1.0.1/kerb-common-1.0.1.jar:/home/user/.m2/repository/org/apache/kerby/kerb-crypto/1.0.1/kerb-crypto-1.0.1.jar:/home/user/.m2/repository/org/apache/kerby/kerb-util/1.0.1/kerb-util-1.0.1.jar:/home/user/.m2/repository/org/apache/kerby/token-provider/1.0.1/token-provider-1.0.1.jar:/home/user/.m2/repository/org/apache/kerby/kerb-admin/1.0.1/kerb-admin-1.0.1.jar:/home/user/.m2/repository/org/apache/kerby/kerb-server/1.0.1/kerb-server-1.0.1.jar:/home/user/.m2/repository/org/apache/kerby/kerb-identity/1.0.1/kerb-identity-1.0.1.jar:/home/user/.m2/repository/org/apache/kerby/kerby-xdr/1.0.1/kerby-xdr-1.0.1.jar:/home/user/.m2/repository/com/fasterxml/jackson/core/jackson-databind/2.7.8/jackson-databind-2.7.8.jar:/home/user/.m2/repository/com/fasterxml/jackson/core/jackson-annotations/2.7.0/jackson-annotations-2.7.0.jar:/home/user/.m2/repository/com/fasterxml/jackson/core/jackson-core/2.7.8/jackson-core-2.7.8.jar:/home/user/.m2/repository/org/codehaus/woodstox/stax2-api/3.1.4/stax2-api-3.1.4.jar:/home/user/.m2/repository/com/fasterxml/woodstox/woodstox-core/5.0.3/woodstox-core-5.0.3.jar:/home/user/.m2/repository/com/google/guava/guava/11.0.2/guava-11.0.2.jar:/workdir/ratis-hadoop/target/test-classes:/home/user/.m2/repository/org/apache/ratis/ratis-thirdparty-hadoop/0.2.0/ratis-thirdparty-hadoop-0.2.0.jar:/workdir/ratis-grpc/target/classes:/workdir/ratis-grpc/target/test-classes:/workdir/ratis-netty/target/classes:/workdir/ratis-netty/target/test-classes:/home/user/.m2/repository/com/beust/jcommander/1.72/jcommander-1.72.jar:/home/user/.m2/repository/org/slf4j/slf4j-api/1.7.10/slf4j-api-1.7.10.jar:/home/user/.m2/repository/junit/junit/4.12/junit-4.12.jar:/home/user/.m2/repository/org/hamcrest/hamcrest-core/1.3/hamcrest-core-1.3.jar:/home/user/.m2/repository/org/mockito/mockito-all/1.8.5/mockito-all-1.8.5.jar:"/>
    <property name="sun.cpu.endian" value="little"/>
    <property name="user.home" value="/home/user"/>
    <property name="user.language" value="en"/>
    <property name="java.specification.vendor" value="Oracle Corporation"/>
    <property name="java.home" value="/usr/lib/jvm/java-1.8-openjdk/jre"/>
    <property name="basedir" value="/workdir/ratis-examples"/>
    <property name="file.separator" value="/"/>
    <property name="line.separator" value="&#10;"/>
    <property name="java.vm.specification.vendor" value="Oracle Corporation"/>
    <property name="java.specification.name" value="Java Platform API Specification"/>
    <property name="java.awt.graphicsenv" value="sun.awt.X11GraphicsEnvironment"/>
    <property name="surefire.real.class.path" value="/workdir/ratis-examples/target/surefire/surefirebooter3122744036745982545.jar"/>
    <property name="sun.boot.class.path" value="/usr/lib/jvm/java-1.8-openjdk/jre/lib/resources.jar:/usr/lib/jvm/java-1.8-openjdk/jre/lib/rt.jar:/usr/lib/jvm/java-1.8-openjdk/jre/lib/sunrsasign.jar:/usr/lib/jvm/java-1.8-openjdk/jre/lib/jsse.jar:/usr/lib/jvm/java-1.8-openjdk/jre/lib/jce.jar:/usr/lib/jvm/java-1.8-openjdk/jre/lib/charsets.jar:/usr/lib/jvm/java-1.8-openjdk/jre/lib/jfr.jar:/usr/lib/jvm/java-1.8-openjdk/jre/classes"/>
    <property name="sun.management.compiler" value="HotSpot 64-Bit Tiered Compilers"/>
    <property name="java.runtime.version" value="1.8.0_212-b04"/>
    <property name="java.net.preferIPv4Stack" value="true"/>
    <property name="user.name" value="jenkins1000"/>
    <property name="path.separator" value=":"/>
    <property name="os.version" value="3.10.0-957.12.2.el7.x86_64"/>
    <property name="java.endorsed.dirs" value="/usr/lib/jvm/java-1.8-openjdk/jre/lib/endorsed"/>
    <property name="java.runtime.name" value="OpenJDK Runtime Environment"/>
    <property name="file.encoding" value="UTF-8"/>
    <property name="java.vm.name" value="OpenJDK 64-Bit Server VM"/>
    <property name="localRepository" value="/home/user/.m2/repository"/>
    <property name="java.vendor.url.bug" value="https://icedtea.classpath.org/bugzilla"/>
    <property name="java.io.tmpdir" value="/tmp"/>
    <property name="java.version" value="1.8.0_212"/>
    <property name="user.dir" value="/workdir/ratis-examples"/>
    <property name="os.arch" value="amd64"/>
    <property name="ratis.tmp.dir" value="/workdir/ratis-examples/target/tmp"/>
    <property name="java.vm.specification.name" value="Java Virtual Machine Specification"/>
    <property name="java.awt.printerjob" value="sun.print.PSPrinterJob"/>
    <property name="ratis.log.dir" value="/workdir/ratis-examples/target/log"/>
    <property name="sun.os.patch.level" value="unknown"/>
    <property name="java.library.path" value="/usr/lib/jvm/java-1.8-openjdk/jre/lib/amd64/server:/usr/lib/jvm/java-1.8-openjdk/jre/lib/amd64:/usr/lib/jvm/java-1.8-openjdk/jre/../lib/amd64:/usr/java/packages/lib/amd64:/usr/lib64:/lib64:/lib:/usr/lib"/>
    <property name="java.vm.info" value="mixed mode"/>
    <property name="java.vendor" value="IcedTea"/>
    <property name="java.vm.version" value="25.212-b04"/>
    <property name="java.ext.dirs" value="/usr/lib/jvm/java-1.8-openjdk/jre/lib/ext:/usr/java/packages/lib/ext"/>
    <property name="sun.io.unicode.encoding" value="UnicodeLittle"/>
    <property name="java.class.version" value="52.0"/>
  </properties>
  <testcase name="testFileStore" classname="org.apache.ratis.examples.filestore.TestFileStoreWithNetty" time="100.02">
    <error message="test timed out after 100 seconds" type="org.junit.runners.model.TestTimedOutException">org.junit.runners.model.TestTimedOutException: test timed out after 100 seconds
</error>
    <system-out><![CDATA[2019-09-26 10:02:18,603 INFO  util.LogUtils (LogUtils.java:setLogLevel(41)) - Set org.apache.ratis.conf.ConfUtils log level to WARN
2019-09-26 10:02:18,606 INFO  util.LogUtils (LogUtils.java:setLogLevel(41)) - Set org.apache.ratis.util.FileUtils log level to TRACE
2019-09-26 10:02:18,694 INFO  ratis.MiniRaftCluster (MiniRaftCluster.java:<init>(253)) - new MiniRaftClusterWithNetty with group-EA0D101F487D:[s0:0.0.0.0:42528, s1:0.0.0.0:37394, s2:0.0.0.0:41916]
2019-09-26 10:02:18,695 INFO  ratis.MiniRaftCluster (MiniRaftCluster.java:start(287)) - .............................................................. 
2019-09-26 10:02:18,695 INFO  ratis.MiniRaftCluster (MiniRaftCluster.java:start(288)) - ... 
2019-09-26 10:02:18,695 INFO  ratis.MiniRaftCluster (MiniRaftCluster.java:start(289)) - ...     Starting MiniRaftClusterWithNetty
2019-09-26 10:02:18,696 INFO  ratis.MiniRaftCluster (MiniRaftCluster.java:start(290)) - ... 
2019-09-26 10:02:18,696 INFO  ratis.MiniRaftCluster (MiniRaftCluster.java:start(291)) - .............................................................. 
2019-09-26 10:02:18,696 INFO  ratis.MiniRaftCluster (MiniRaftCluster.java:initServers(265)) - servers = {}
2019-09-26 10:02:18,706 INFO  ratis.MiniRaftCluster (MiniRaftCluster.java:newRaftServer(330)) - newRaftServer: s0, group-EA0D101F487D:[s0:0.0.0.0:42528, s1:0.0.0.0:37394, s2:0.0.0.0:41916], format? true
2019-09-26 10:02:18,707 TRACE util.FileUtils (FileUtils.java:deleteFully(88)) - deleteFully target/test/data/1fdfb1b/MiniRaftClusterWithNetty60c66dd9/s0
2019-09-26 10:02:18,714 TRACE util.FileUtils (FileUtils.java:deleteFully(104)) - deleteFully: target/test/data/1fdfb1b/MiniRaftClusterWithNetty60c66dd9/s0 does not exist.
2019-09-26 10:02:18,714 INFO  ratis.MiniRaftCluster (MiniRaftCluster.java:newRaftServer(335)) - Formatted directory target/test/data/1fdfb1b/MiniRaftClusterWithNetty60c66dd9/s0
2019-09-26 10:02:18,731 INFO  impl.RaftServerProxy (ConfUtils.java:logGet(43)) - raft.rpc.type = NETTY (custom)
2019-09-26 10:02:18,816 INFO  netty.NettyConfigKeys$Server (ConfUtils.java:logGet(43)) - raft.netty.server.port = 42528 (custom)
2019-09-26 10:02:18,918 INFO  server.RaftServerConfigKeys (ConfUtils.java:logGet(43)) - raft.server.storage.dir = [/workdir/ratis-examples/target/test/data/1fdfb1b/MiniRaftClusterWithNetty60c66dd9/s0] (custom)
2019-09-26 10:02:18,930 INFO  impl.RaftServerProxy (RaftServerProxy.java:addNew(89)) - s0: addNew group-EA0D101F487D:[s0:0.0.0.0:42528, s1:0.0.0.0:37394, s2:0.0.0.0:41916] returns group-EA0D101F487D:java.util.concurrent.CompletableFuture@ca2f890[Not completed]
2019-09-26 10:02:18,931 INFO  logging.LoggingHandler (AbstractInternalLogger.java:log(150)) - [id: 0x98fa128d] REGISTERED
2019-09-26 10:02:18,933 INFO  logging.LoggingHandler (AbstractInternalLogger.java:log(150)) - [id: 0x98fa128d] BIND: 0.0.0.0/0.0.0.0:42528
2019-09-26 10:02:18,938 INFO  ratis.MiniRaftCluster (MiniRaftCluster.java:newRaftServer(330)) - newRaftServer: s1, group-EA0D101F487D:[s0:0.0.0.0:42528, s1:0.0.0.0:37394, s2:0.0.0.0:41916], format? true
2019-09-26 10:02:18,938 TRACE util.FileUtils (FileUtils.java:deleteFully(88)) - deleteFully target/test/data/1fdfb1b/MiniRaftClusterWithNetty60c66dd9/s1
2019-09-26 10:02:18,938 INFO  logging.LoggingHandler (AbstractInternalLogger.java:log(150)) - [id: 0x98fa128d, L:0.0.0.0/0.0.0.0:42528] ACTIVE
2019-09-26 10:02:18,938 TRACE util.FileUtils (FileUtils.java:deleteFully(104)) - deleteFully: target/test/data/1fdfb1b/MiniRaftClusterWithNetty60c66dd9/s1 does not exist.
2019-09-26 10:02:18,939 INFO  ratis.MiniRaftCluster (MiniRaftCluster.java:newRaftServer(335)) - Formatted directory target/test/data/1fdfb1b/MiniRaftClusterWithNetty60c66dd9/s1
2019-09-26 10:02:18,939 INFO  impl.RaftServerProxy (ConfUtils.java:logGet(43)) - raft.rpc.type = NETTY (custom)
2019-09-26 10:02:18,941 INFO  netty.NettyConfigKeys$Server (ConfUtils.java:logGet(43)) - raft.netty.server.port = 37394 (custom)
2019-09-26 10:02:18,942 INFO  server.RaftServerConfigKeys (ConfUtils.java:logGet(43)) - raft.server.storage.dir = [/workdir/ratis-examples/target/test/data/1fdfb1b/MiniRaftClusterWithNetty60c66dd9/s1] (custom)
2019-09-26 10:02:18,942 INFO  logging.LoggingHandler (AbstractInternalLogger.java:log(150)) - [id: 0x404738b4] REGISTERED
2019-09-26 10:02:18,942 INFO  impl.RaftServerProxy (RaftServerProxy.java:addNew(89)) - s1: addNew group-EA0D101F487D:[s0:0.0.0.0:42528, s1:0.0.0.0:37394, s2:0.0.0.0:41916] returns group-EA0D101F487D:java.util.concurrent.CompletableFuture@2e76221d[Not completed]
2019-09-26 10:02:18,942 INFO  logging.LoggingHandler (AbstractInternalLogger.java:log(150)) - [id: 0x404738b4] BIND: 0.0.0.0/0.0.0.0:37394
2019-09-26 10:02:18,943 INFO  logging.LoggingHandler (AbstractInternalLogger.java:log(150)) - [id: 0x404738b4, L:/0.0.0.0:37394] ACTIVE
2019-09-26 10:02:18,943 INFO  ratis.MiniRaftCluster (MiniRaftCluster.java:newRaftServer(330)) - newRaftServer: s2, group-EA0D101F487D:[s0:0.0.0.0:42528, s1:0.0.0.0:37394, s2:0.0.0.0:41916], format? true
2019-09-26 10:02:18,944 TRACE util.FileUtils (FileUtils.java:deleteFully(88)) - deleteFully target/test/data/1fdfb1b/MiniRaftClusterWithNetty60c66dd9/s2
2019-09-26 10:02:18,944 TRACE util.FileUtils (FileUtils.java:deleteFully(104)) - deleteFully: target/test/data/1fdfb1b/MiniRaftClusterWithNetty60c66dd9/s2 does not exist.
2019-09-26 10:02:18,944 INFO  ratis.MiniRaftCluster (MiniRaftCluster.java:newRaftServer(335)) - Formatted directory target/test/data/1fdfb1b/MiniRaftClusterWithNetty60c66dd9/s2
2019-09-26 10:02:18,944 INFO  statemachine.StateMachine (ConfUtils.java:logGet(43)) - example.filestore.statemachine.dir = /workdir/ratis-examples/target/test/data/1fdfb1b/TestFileStoreWithNetty/filestore (custom)
2019-09-26 10:02:18,944 INFO  statemachine.StateMachine (ConfUtils.java:logGet(43)) - example.filestore.statemachine.dir = /workdir/ratis-examples/target/test/data/1fdfb1b/TestFileStoreWithNetty/filestore (custom)
2019-09-26 10:02:18,945 INFO  impl.RaftServerProxy (ConfUtils.java:logGet(43)) - raft.rpc.type = NETTY (custom)
2019-09-26 10:02:18,947 INFO  netty.NettyConfigKeys$Server (ConfUtils.java:logGet(43)) - raft.netty.server.port = 41916 (custom)
2019-09-26 10:02:18,948 INFO  server.RaftServerConfigKeys (ConfUtils.java:logGet(43)) - raft.server.storage.dir = [/workdir/ratis-examples/target/test/data/1fdfb1b/MiniRaftClusterWithNetty60c66dd9/s2] (custom)
2019-09-26 10:02:18,949 INFO  logging.LoggingHandler (AbstractInternalLogger.java:log(150)) - [id: 0xa287243a] REGISTERED
2019-09-26 10:02:18,949 INFO  impl.RaftServerProxy (RaftServerProxy.java:addNew(89)) - s2: addNew group-EA0D101F487D:[s0:0.0.0.0:42528, s1:0.0.0.0:37394, s2:0.0.0.0:41916] returns group-EA0D101F487D:java.util.concurrent.CompletableFuture@191ae3c9[Not completed]
2019-09-26 10:02:18,949 INFO  logging.LoggingHandler (AbstractInternalLogger.java:log(150)) - [id: 0xa287243a] BIND: 0.0.0.0/0.0.0.0:41916
2019-09-26 10:02:18,950 INFO  logging.LoggingHandler (AbstractInternalLogger.java:log(150)) - [id: 0xa287243a, L:/0.0.0.0:41916] ACTIVE
2019-09-26 10:02:18,951 INFO  statemachine.StateMachine (ConfUtils.java:logGet(43)) - example.filestore.statemachine.dir = /workdir/ratis-examples/target/test/data/1fdfb1b/TestFileStoreWithNetty/filestore (custom)
2019-09-26 10:02:18,951 INFO  impl.RaftServerImpl (RaftServerImpl.java:<init>(95)) - s1: new RaftServerImpl for group-EA0D101F487D:[s0:0.0.0.0:42528, s1:0.0.0.0:37394, s2:0.0.0.0:41916] with FileStoreStateMachine:uninitialized
2019-09-26 10:02:18,951 INFO  impl.RaftServerImpl (RaftServerImpl.java:<init>(95)) - s0: new RaftServerImpl for group-EA0D101F487D:[s0:0.0.0.0:42528, s1:0.0.0.0:37394, s2:0.0.0.0:41916] with FileStoreStateMachine:uninitialized
2019-09-26 10:02:18,951 INFO  impl.RaftServerImpl (RaftServerImpl.java:<init>(95)) - s2: new RaftServerImpl for group-EA0D101F487D:[s0:0.0.0.0:42528, s1:0.0.0.0:37394, s2:0.0.0.0:41916] with FileStoreStateMachine:uninitialized
2019-09-26 10:02:18,959 INFO  server.RaftServerConfigKeys (ConfUtils.java:logGet(43)) - raft.server.rpc.timeout.min = 150ms (default)
2019-09-26 10:02:18,959 INFO  server.RaftServerConfigKeys (ConfUtils.java:logGet(43)) - raft.server.rpc.timeout.min = 150ms (default)
2019-09-26 10:02:18,959 INFO  server.RaftServerConfigKeys (ConfUtils.java:logGet(43)) - raft.server.rpc.timeout.min = 150ms (default)
2019-09-26 10:02:18,960 INFO  server.RaftServerConfigKeys (ConfUtils.java:logGet(43)) - raft.server.rpc.timeout.max = 300ms (default)
2019-09-26 10:02:18,960 INFO  server.RaftServerConfigKeys (ConfUtils.java:logGet(43)) - raft.server.rpc.timeout.max = 300ms (default)
2019-09-26 10:02:18,961 INFO  server.RaftServerConfigKeys (ConfUtils.java:logGet(43)) - raft.server.rpcslowness.timeout = 60s (default)
2019-09-26 10:02:18,960 INFO  server.RaftServerConfigKeys (ConfUtils.java:logGet(43)) - raft.server.rpc.timeout.max = 300ms (default)
2019-09-26 10:02:18,961 INFO  server.RaftServerConfigKeys (ConfUtils.java:logGet(43)) - raft.server.rpcslowness.timeout = 60s (default)
2019-09-26 10:02:18,961 INFO  server.RaftServerConfigKeys (ConfUtils.java:logGet(43)) - raft.server.rpcslowness.timeout = 60s (default)
2019-09-26 10:02:18,961 INFO  server.RaftServerConfigKeys (ConfUtils.java:logGet(43)) - raft.server.sleep.deviation.threshold = 300 (default)
2019-09-26 10:02:18,962 INFO  server.RaftServerConfigKeys (ConfUtils.java:logGet(43)) - raft.server.sleep.deviation.threshold = 300 (default)
2019-09-26 10:02:18,962 INFO  server.RaftServerConfigKeys (ConfUtils.java:logGet(43)) - raft.server.sleep.deviation.threshold = 300 (default)
2019-09-26 10:02:18,964 INFO  server.RaftServerConfigKeys (ConfUtils.java:logGet(43)) - raft.server.log.appender.install.snapshot.enabled = true (default)
2019-09-26 10:02:18,964 INFO  server.RaftServerConfigKeys (ConfUtils.java:logGet(43)) - raft.server.log.appender.install.snapshot.enabled = true (default)
2019-09-26 10:02:18,964 INFO  server.RaftServerConfigKeys (ConfUtils.java:logGet(43)) - raft.server.log.appender.install.snapshot.enabled = true (default)
2019-09-26 10:02:18,972 INFO  impl.RaftServerImpl (ServerState.java:<init>(103)) - s0@group-EA0D101F487D: ConfigurationManager, init=-1: [s0:0.0.0.0:42528, s1:0.0.0.0:37394, s2:0.0.0.0:41916], old=null, confs=<EMPTY_MAP>
2019-09-26 10:02:18,972 INFO  impl.RaftServerImpl (ServerState.java:<init>(103)) - s2@group-EA0D101F487D: ConfigurationManager, init=-1: [s0:0.0.0.0:42528, s1:0.0.0.0:37394, s2:0.0.0.0:41916], old=null, confs=<EMPTY_MAP>
2019-09-26 10:02:18,972 INFO  server.RaftServerConfigKeys (ConfUtils.java:logGet(43)) - raft.server.storage.dir = [/workdir/ratis-examples/target/test/data/1fdfb1b/MiniRaftClusterWithNetty60c66dd9/s0] (custom)
2019-09-26 10:02:18,972 INFO  impl.RaftServerImpl (ServerState.java:<init>(103)) - s1@group-EA0D101F487D: ConfigurationManager, init=-1: [s0:0.0.0.0:42528, s1:0.0.0.0:37394, s2:0.0.0.0:41916], old=null, confs=<EMPTY_MAP>
2019-09-26 10:02:18,972 INFO  server.RaftServerConfigKeys (ConfUtils.java:logGet(43)) - raft.server.storage.dir = [/workdir/ratis-examples/target/test/data/1fdfb1b/MiniRaftClusterWithNetty60c66dd9/s2] (custom)
2019-09-26 10:02:18,973 INFO  server.RaftServerConfigKeys (ConfUtils.java:logGet(43)) - raft.server.storage.dir = [/workdir/ratis-examples/target/test/data/1fdfb1b/MiniRaftClusterWithNetty60c66dd9/s1] (custom)
2019-09-26 10:02:18,983 INFO  server.RaftServerConfigKeys (ConfUtils.java:logGet(43)) - raft.server.log.corruption.policy = EXCEPTION (default)
2019-09-26 10:02:18,983 INFO  server.RaftServerConfigKeys (ConfUtils.java:logGet(43)) - raft.server.log.corruption.policy = EXCEPTION (default)
2019-09-26 10:02:18,983 INFO  server.RaftServerConfigKeys (ConfUtils.java:logGet(43)) - raft.server.log.corruption.policy = EXCEPTION (default)
2019-09-26 10:02:18,985 INFO  storage.RaftStorageDirectory (RaftStorageDirectory.java:analyzeStorage(246)) - The storage directory /workdir/ratis-examples/target/test/data/1fdfb1b/MiniRaftClusterWithNetty60c66dd9/s0/079eca59-a97b-4898-bb65-ea0d101f487d does not exist. Creating ...
2019-09-26 10:02:18,985 INFO  storage.RaftStorageDirectory (RaftStorageDirectory.java:analyzeStorage(246)) - The storage directory /workdir/ratis-examples/target/test/data/1fdfb1b/MiniRaftClusterWithNetty60c66dd9/s2/079eca59-a97b-4898-bb65-ea0d101f487d does not exist. Creating ...
2019-09-26 10:02:18,985 INFO  storage.RaftStorageDirectory (RaftStorageDirectory.java:analyzeStorage(246)) - The storage directory /workdir/ratis-examples/target/test/data/1fdfb1b/MiniRaftClusterWithNetty60c66dd9/s1/079eca59-a97b-4898-bb65-ea0d101f487d does not exist. Creating ...
2019-09-26 10:02:18,987 TRACE util.FileUtils (LogUtils.java:runAndLog(61)) - Successfully ran Files.createDirectories /workdir/ratis-examples/target/test/data/1fdfb1b/MiniRaftClusterWithNetty60c66dd9/s0/079eca59-a97b-4898-bb65-ea0d101f487d
2019-09-26 10:02:18,987 TRACE util.FileUtils (LogUtils.java:runAndLog(61)) - Successfully ran Files.createDirectories /workdir/ratis-examples/target/test/data/1fdfb1b/MiniRaftClusterWithNetty60c66dd9/s2/079eca59-a97b-4898-bb65-ea0d101f487d
2019-09-26 10:02:18,988 TRACE util.FileUtils (LogUtils.java:runAndLog(61)) - Successfully ran Files.createDirectories /workdir/ratis-examples/target/test/data/1fdfb1b/MiniRaftClusterWithNetty60c66dd9/s1/079eca59-a97b-4898-bb65-ea0d101f487d
2019-09-26 10:02:19,044 INFO  storage.RaftStorageDirectory (RaftStorageDirectory.java:tryLock(328)) - Lock on /workdir/ratis-examples/target/test/data/1fdfb1b/MiniRaftClusterWithNetty60c66dd9/s0/079eca59-a97b-4898-bb65-ea0d101f487d/in_use.lock acquired by nodename 29104@ratis-test-kn96w-682825239
2019-09-26 10:02:19,044 INFO  storage.RaftStorageDirectory (RaftStorageDirectory.java:tryLock(328)) - Lock on /workdir/ratis-examples/target/test/data/1fdfb1b/MiniRaftClusterWithNetty60c66dd9/s1/079eca59-a97b-4898-bb65-ea0d101f487d/in_use.lock acquired by nodename 29104@ratis-test-kn96w-682825239
2019-09-26 10:02:19,044 INFO  storage.RaftStorageDirectory (RaftStorageDirectory.java:tryLock(328)) - Lock on /workdir/ratis-examples/target/test/data/1fdfb1b/MiniRaftClusterWithNetty60c66dd9/s2/079eca59-a97b-4898-bb65-ea0d101f487d/in_use.lock acquired by nodename 29104@ratis-test-kn96w-682825239
2019-09-26 10:02:19,046 TRACE util.FileUtils (LogUtils.java:runAndLog(61)) - Successfully ran Files.createDirectories /workdir/ratis-examples/target/test/data/1fdfb1b/MiniRaftClusterWithNetty60c66dd9/s2/079eca59-a97b-4898-bb65-ea0d101f487d/current
2019-09-26 10:02:19,046 TRACE util.FileUtils (LogUtils.java:runAndLog(61)) - Successfully ran Files.createDirectories /workdir/ratis-examples/target/test/data/1fdfb1b/MiniRaftClusterWithNetty60c66dd9/s1/079eca59-a97b-4898-bb65-ea0d101f487d/current
2019-09-26 10:02:19,046 TRACE util.FileUtils (LogUtils.java:runAndLog(61)) - Successfully ran Files.createDirectories /workdir/ratis-examples/target/test/data/1fdfb1b/MiniRaftClusterWithNetty60c66dd9/s0/079eca59-a97b-4898-bb65-ea0d101f487d/current
2019-09-26 10:02:19,047 TRACE util.FileUtils (LogUtils.java:runAndLog(61)) - Successfully ran Files.createDirectories /workdir/ratis-examples/target/test/data/1fdfb1b/MiniRaftClusterWithNetty60c66dd9/s1/079eca59-a97b-4898-bb65-ea0d101f487d/sm
2019-09-26 10:02:19,046 TRACE util.FileUtils (LogUtils.java:runAndLog(61)) - Successfully ran Files.createDirectories /workdir/ratis-examples/target/test/data/1fdfb1b/MiniRaftClusterWithNetty60c66dd9/s2/079eca59-a97b-4898-bb65-ea0d101f487d/sm
2019-09-26 10:02:19,047 TRACE util.FileUtils (LogUtils.java:runAndLog(61)) - Successfully ran Files.createDirectories /workdir/ratis-examples/target/test/data/1fdfb1b/MiniRaftClusterWithNetty60c66dd9/s0/079eca59-a97b-4898-bb65-ea0d101f487d/sm
2019-09-26 10:02:19,070 INFO  storage.RaftStorage (RaftStorage.java:format(84)) - Storage directory /workdir/ratis-examples/target/test/data/1fdfb1b/MiniRaftClusterWithNetty60c66dd9/s2/079eca59-a97b-4898-bb65-ea0d101f487d has been successfully formatted.
2019-09-26 10:02:19,070 INFO  storage.RaftStorage (RaftStorage.java:format(84)) - Storage directory /workdir/ratis-examples/target/test/data/1fdfb1b/MiniRaftClusterWithNetty60c66dd9/s0/079eca59-a97b-4898-bb65-ea0d101f487d has been successfully formatted.
2019-09-26 10:02:19,070 INFO  storage.RaftStorage (RaftStorage.java:format(84)) - Storage directory /workdir/ratis-examples/target/test/data/1fdfb1b/MiniRaftClusterWithNetty60c66dd9/s1/079eca59-a97b-4898-bb65-ea0d101f487d has been successfully formatted.
2019-09-26 10:02:19,075 TRACE util.FileUtils (LogUtils.java:runAndLog(61)) - Successfully ran Files.createDirectories /workdir/ratis-examples/target/test/data/1fdfb1b/TestFileStoreWithNetty/filestore/s2
2019-09-26 10:02:19,075 TRACE util.FileUtils (LogUtils.java:runAndLog(61)) - Successfully ran Files.createDirectories /workdir/ratis-examples/target/test/data/1fdfb1b/TestFileStoreWithNetty/filestore/s0
2019-09-26 10:02:19,075 TRACE util.FileUtils (LogUtils.java:runAndLog(61)) - Successfully ran Files.createDirectories /workdir/ratis-examples/target/test/data/1fdfb1b/TestFileStoreWithNetty/filestore/s1
2019-09-26 10:02:19,076 INFO  server.RaftServerConfigKeys (ConfUtils.java:logGet(43)) - raft.server.notification.no-leader.timeout = 60s (default)
2019-09-26 10:02:19,076 INFO  server.RaftServerConfigKeys (ConfUtils.java:logGet(43)) - raft.server.notification.no-leader.timeout = 60s (default)
2019-09-26 10:02:19,076 INFO  server.RaftServerConfigKeys (ConfUtils.java:logGet(43)) - raft.server.notification.no-leader.timeout = 60s (default)
2019-09-26 10:02:19,080 INFO  server.RaftServerConfigKeys (ConfUtils.java:logGet(43)) - raft.server.log.use.memory = false (default)
2019-09-26 10:02:19,080 INFO  server.RaftServerConfigKeys (ConfUtils.java:logGet(43)) - raft.server.log.use.memory = false (default)
2019-09-26 10:02:19,080 INFO  server.RaftServerConfigKeys (ConfUtils.java:logGet(43)) - raft.server.log.use.memory = false (default)
2019-09-26 10:02:19,086 INFO  server.RaftServerConfigKeys (ConfUtils.java:logGet(43)) - raft.server.log.purge.gap = 1024 (default)
2019-09-26 10:02:19,086 INFO  server.RaftServerConfigKeys (ConfUtils.java:logGet(43)) - raft.server.log.purge.gap = 1024 (default)
2019-09-26 10:02:19,086 INFO  server.RaftServerConfigKeys (ConfUtils.java:logGet(43)) - raft.server.log.purge.gap = 1024 (default)
2019-09-26 10:02:19,086 INFO  server.RaftServerConfigKeys (ConfUtils.java:logGet(43)) - raft.server.log.appender.buffer.byte-limit = 4MB (=4194304) (default)
2019-09-26 10:02:19,086 INFO  server.RaftServerConfigKeys (ConfUtils.java:logGet(43)) - raft.server.log.appender.buffer.byte-limit = 4MB (=4194304) (default)
2019-09-26 10:02:19,087 INFO  server.RaftServerConfigKeys (ConfUtils.java:logGet(43)) - raft.server.log.appender.buffer.byte-limit = 4MB (=4194304) (default)
2019-09-26 10:02:19,090 INFO  server.RaftServerConfigKeys (ConfUtils.java:logGet(43)) - raft.server.log.segment.size.max = 8MB (=8388608) (default)
2019-09-26 10:02:19,090 INFO  server.RaftServerConfigKeys (ConfUtils.java:logGet(43)) - raft.server.log.segment.size.max = 8MB (=8388608) (default)
2019-09-26 10:02:19,090 INFO  server.RaftServerConfigKeys (ConfUtils.java:logGet(43)) - raft.server.log.segment.size.max = 8MB (=8388608) (default)
2019-09-26 10:02:19,095 INFO  server.RaftServerConfigKeys (ConfUtils.java:logGet(43)) - raft.server.log.segment.cache.num.max = 6 (default)
2019-09-26 10:02:19,095 INFO  server.RaftServerConfigKeys (ConfUtils.java:logGet(43)) - raft.server.log.segment.cache.num.max = 6 (default)
2019-09-26 10:02:19,095 INFO  server.RaftServerConfigKeys (ConfUtils.java:logGet(43)) - raft.server.log.segment.cache.num.max = 6 (default)
2019-09-26 10:02:19,100 INFO  segmented.SegmentedRaftLogWorker (SegmentedRaftLogWorker.java:<init>(172)) - new s1@group-EA0D101F487D-SegmentedRaftLogWorker for RaftStorage:Storage Directory /workdir/ratis-examples/target/test/data/1fdfb1b/MiniRaftClusterWithNetty60c66dd9/s1/079eca59-a97b-4898-bb65-ea0d101f487d
2019-09-26 10:02:19,100 INFO  segmented.SegmentedRaftLogWorker (SegmentedRaftLogWorker.java:<init>(172)) - new s2@group-EA0D101F487D-SegmentedRaftLogWorker for RaftStorage:Storage Directory /workdir/ratis-examples/target/test/data/1fdfb1b/MiniRaftClusterWithNetty60c66dd9/s2/079eca59-a97b-4898-bb65-ea0d101f487d
2019-09-26 10:02:19,100 INFO  segmented.SegmentedRaftLogWorker (SegmentedRaftLogWorker.java:<init>(172)) - new s0@group-EA0D101F487D-SegmentedRaftLogWorker for RaftStorage:Storage Directory /workdir/ratis-examples/target/test/data/1fdfb1b/MiniRaftClusterWithNetty60c66dd9/s0/079eca59-a97b-4898-bb65-ea0d101f487d
2019-09-26 10:02:19,304 INFO  beanutils.FluentPropertyBeanIntrospector (FluentPropertyBeanIntrospector.java:introspect(147)) - Error when creating PropertyDescriptor for public final void org.apache.commons.configuration2.AbstractConfiguration.setProperty(java.lang.String,java.lang.Object)! Ignoring this property.
2019-09-26 10:02:19,324 WARN  impl.MetricsConfig (MetricsConfig.java:loadFirst(134)) - Cannot locate configuration: tried hadoop-metrics2-ratis.properties,hadoop-metrics2.properties
2019-09-26 10:02:19,423 INFO  impl.MetricsSystemImpl (MetricsSystemImpl.java:startTimer(374)) - Scheduled Metric snapshot period at 10 second(s).
2019-09-26 10:02:19,424 INFO  impl.MetricsSystemImpl (MetricsSystemImpl.java:start(191)) - ratis metrics system started
2019-09-26 10:02:19,433 INFO  metrics.MetricRegistries (MetricRegistriesLoader.java:load(64)) - Loaded MetricRegistries class org.apache.ratis.metrics.impl.MetricRegistriesImpl
2019-09-26 10:02:19,479 INFO  server.RaftServerConfigKeys (ConfUtils.java:logGet(43)) - raft.server.log.queue.byte-limit = 64MB (=67108864) (default)
2019-09-26 10:02:19,479 INFO  server.RaftServerConfigKeys (ConfUtils.java:logGet(43)) - raft.server.log.queue.byte-limit = 64MB (=67108864) (default)
2019-09-26 10:02:19,479 INFO  server.RaftServerConfigKeys (ConfUtils.java:logGet(43)) - raft.server.log.queue.byte-limit = 64MB (=67108864) (default)
2019-09-26 10:02:19,480 INFO  server.RaftServerConfigKeys (ConfUtils.java:logGet(43)) - raft.server.log.queue.element-limit = 4096 (default)
2019-09-26 10:02:19,480 INFO  server.RaftServerConfigKeys (ConfUtils.java:logGet(43)) - raft.server.log.queue.element-limit = 4096 (default)
2019-09-26 10:02:19,480 INFO  server.RaftServerConfigKeys (ConfUtils.java:logGet(43)) - raft.server.log.queue.element-limit = 4096 (default)
2019-09-26 10:02:19,484 INFO  server.RaftServerConfigKeys (ConfUtils.java:logGet(43)) - raft.server.log.segment.size.max = 8MB (=8388608) (default)
2019-09-26 10:02:19,484 INFO  server.RaftServerConfigKeys (ConfUtils.java:logGet(43)) - raft.server.log.segment.size.max = 8MB (=8388608) (default)
2019-09-26 10:02:19,484 INFO  server.RaftServerConfigKeys (ConfUtils.java:logGet(43)) - raft.server.log.segment.size.max = 8MB (=8388608) (default)
2019-09-26 10:02:19,485 INFO  server.RaftServerConfigKeys (ConfUtils.java:logGet(43)) - raft.server.log.preallocated.size = 4MB (=4194304) (default)
2019-09-26 10:02:19,485 INFO  server.RaftServerConfigKeys (ConfUtils.java:logGet(43)) - raft.server.log.preallocated.size = 4MB (=4194304) (default)
2019-09-26 10:02:19,485 INFO  server.RaftServerConfigKeys (ConfUtils.java:logGet(43)) - raft.server.log.preallocated.size = 4MB (=4194304) (default)
2019-09-26 10:02:19,485 INFO  server.RaftServerConfigKeys (ConfUtils.java:logGet(43)) - raft.server.log.write.buffer.size = 64KB (=65536) (default)
2019-09-26 10:02:19,485 INFO  server.RaftServerConfigKeys (ConfUtils.java:logGet(43)) - raft.server.log.write.buffer.size = 64KB (=65536) (default)
2019-09-26 10:02:19,486 INFO  server.RaftServerConfigKeys (ConfUtils.java:logGet(43)) - raft.server.log.write.buffer.size = 64KB (=65536) (default)
2019-09-26 10:02:19,486 INFO  server.RaftServerConfigKeys (ConfUtils.java:logGet(43)) - raft.server.log.force.sync.num = 128 (default)
2019-09-26 10:02:19,486 INFO  server.RaftServerConfigKeys (ConfUtils.java:logGet(43)) - raft.server.log.force.sync.num = 128 (default)
2019-09-26 10:02:19,486 INFO  server.RaftServerConfigKeys (ConfUtils.java:logGet(43)) - raft.server.log.force.sync.num = 128 (default)
2019-09-26 10:02:19,488 INFO  server.RaftServerConfigKeys (ConfUtils.java:logGet(43)) - raft.server.log.statemachine.data.sync = true (default)
2019-09-26 10:02:19,488 INFO  server.RaftServerConfigKeys (ConfUtils.java:logGet(43)) - raft.server.log.statemachine.data.sync = true (default)
2019-09-26 10:02:19,488 INFO  server.RaftServerConfigKeys (ConfUtils.java:logGet(43)) - raft.server.log.statemachine.data.sync = true (default)
2019-09-26 10:02:19,489 INFO  server.RaftServerConfigKeys (ConfUtils.java:logGet(43)) - raft.server.log.statemachine.data.sync.timeout = 10s (default)
2019-09-26 10:02:19,488 INFO  server.RaftServerConfigKeys (ConfUtils.java:logGet(43)) - raft.server.log.statemachine.data.sync.timeout = 10s (default)
2019-09-26 10:02:19,489 INFO  server.RaftServerConfigKeys (ConfUtils.java:logGet(43)) - raft.server.log.statemachine.data.sync.timeout = 10s (default)
2019-09-26 10:02:19,489 INFO  server.RaftServerConfigKeys (ConfUtils.java:logGet(43)) - raft.server.log.statemachine.data.sync.timeout.retry = -1 (default)
2019-09-26 10:02:19,489 INFO  server.RaftServerConfigKeys (ConfUtils.java:logGet(43)) - raft.server.log.statemachine.data.sync.timeout.retry = -1 (default)
2019-09-26 10:02:19,490 INFO  server.RaftServerConfigKeys (ConfUtils.java:logGet(43)) - raft.server.log.statemachine.data.sync.timeout.retry = -1 (default)
2019-09-26 10:02:19,503 INFO  server.RaftServerConfigKeys (ConfUtils.java:logGet(43)) - raft.server.log.statemachine.data.caching.enabled = false (default)
2019-09-26 10:02:19,503 INFO  server.RaftServerConfigKeys (ConfUtils.java:logGet(43)) - raft.server.log.statemachine.data.caching.enabled = false (default)
2019-09-26 10:02:19,503 INFO  server.RaftServerConfigKeys (ConfUtils.java:logGet(43)) - raft.server.log.statemachine.data.caching.enabled = false (default)
2019-09-26 10:02:19,509 INFO  segmented.SegmentedRaftLogWorker (SegmentedRaftLogWorker.java:lambda$new$0(132)) - s1@group-EA0D101F487D-SegmentedRaftLogWorker: flushIndex: setUnconditionally 0 -> -1
2019-09-26 10:02:19,509 INFO  segmented.SegmentedRaftLogWorker (SegmentedRaftLogWorker.java:lambda$new$0(132)) - s2@group-EA0D101F487D-SegmentedRaftLogWorker: flushIndex: setUnconditionally 0 -> -1
2019-09-26 10:02:19,509 INFO  segmented.SegmentedRaftLogWorker (SegmentedRaftLogWorker.java:lambda$new$0(132)) - s0@group-EA0D101F487D-SegmentedRaftLogWorker: flushIndex: setUnconditionally 0 -> -1
2019-09-26 10:02:19,515 INFO  server.RaftServerConfigKeys (ConfUtils.java:logGet(43)) - raft.server.snapshot.auto.trigger.enabled = false (default)
2019-09-26 10:02:19,515 INFO  server.RaftServerConfigKeys (ConfUtils.java:logGet(43)) - raft.server.snapshot.auto.trigger.enabled = false (default)
2019-09-26 10:02:19,515 INFO  server.RaftServerConfigKeys (ConfUtils.java:logGet(43)) - raft.server.snapshot.auto.trigger.enabled = false (default)
2019-09-26 10:02:19,516 INFO  server.RaftServerConfigKeys (ConfUtils.java:logGet(43)) - raft.server.snapshot.retention.file.num = -1 (default)
2019-09-26 10:02:19,516 INFO  server.RaftServerConfigKeys (ConfUtils.java:logGet(43)) - raft.server.snapshot.retention.file.num = -1 (default)
2019-09-26 10:02:19,516 INFO  server.RaftServerConfigKeys (ConfUtils.java:logGet(43)) - raft.server.snapshot.retention.file.num = -1 (default)
2019-09-26 10:02:19,517 INFO  server.RaftServerConfigKeys (ConfUtils.java:logGet(43)) - raft.server.retrycache.expirytime = 60s (default)
2019-09-26 10:02:19,517 INFO  server.RaftServerConfigKeys (ConfUtils.java:logGet(43)) - raft.server.retrycache.expirytime = 60s (default)
2019-09-26 10:02:19,517 INFO  server.RaftServerConfigKeys (ConfUtils.java:logGet(43)) - raft.server.retrycache.expirytime = 60s (default)
2019-09-26 10:02:19,548 INFO  impl.RaftServerImpl (RaftServerImpl.java:start(181)) - s0@group-EA0D101F487D: start as a follower, conf=-1: [s0:0.0.0.0:42528, s1:0.0.0.0:37394, s2:0.0.0.0:41916], old=null
2019-09-26 10:02:19,551 INFO  impl.RaftServerImpl (RaftServerImpl.java:setRole(170)) - s0@group-EA0D101F487D: changes role from      null to FOLLOWER at term 0 for startAsFollower
2019-09-26 10:02:19,553 INFO  impl.RoleInfo (RoleInfo.java:updateAndGet(143)) - s0: start FollowerState
2019-09-26 10:02:19,556 INFO  util.JmxRegister (JmxRegister.java:tryRegister(44)) - Successfully registered JMX Bean with object name Ratis:service=RaftServer,group=group-EA0D101F487D,id=s0
2019-09-26 10:02:19,567 INFO  impl.RaftServerProxy (RaftServerProxy.java:lambda$start$3(299)) - s0: start RPC server
2019-09-26 10:02:19,567 INFO  impl.RaftServerImpl (RaftServerImpl.java:start(181)) - s1@group-EA0D101F487D: start as a follower, conf=-1: [s0:0.0.0.0:42528, s1:0.0.0.0:37394, s2:0.0.0.0:41916], old=null
2019-09-26 10:02:19,568 INFO  impl.RaftServerImpl (RaftServerImpl.java:setRole(170)) - s1@group-EA0D101F487D: changes role from      null to FOLLOWER at term 0 for startAsFollower
2019-09-26 10:02:19,568 INFO  impl.RoleInfo (RoleInfo.java:updateAndGet(143)) - s1: start FollowerState
2019-09-26 10:02:19,568 INFO  util.JmxRegister (JmxRegister.java:tryRegister(44)) - Successfully registered JMX Bean with object name Ratis:service=RaftServer,group=group-EA0D101F487D,id=s1
2019-09-26 10:02:19,574 INFO  impl.RaftServerProxy (RaftServerProxy.java:lambda$start$3(299)) - s1: start RPC server
2019-09-26 10:02:19,575 INFO  impl.RaftServerImpl (RaftServerImpl.java:start(181)) - s2@group-EA0D101F487D: start as a follower, conf=-1: [s0:0.0.0.0:42528, s1:0.0.0.0:37394, s2:0.0.0.0:41916], old=null
2019-09-26 10:02:19,575 INFO  impl.RaftServerImpl (RaftServerImpl.java:setRole(170)) - s2@group-EA0D101F487D: changes role from      null to FOLLOWER at term 0 for startAsFollower
2019-09-26 10:02:19,575 INFO  impl.RoleInfo (RoleInfo.java:updateAndGet(143)) - s2: start FollowerState
2019-09-26 10:02:19,576 INFO  util.JmxRegister (JmxRegister.java:tryRegister(44)) - Successfully registered JMX Bean with object name Ratis:service=RaftServer,group=group-EA0D101F487D,id=s2
2019-09-26 10:02:19,581 INFO  impl.RaftServerProxy (RaftServerProxy.java:lambda$start$3(299)) - s2: start RPC server
2019-09-26 10:02:19,584 INFO  server.RaftServerConfigKeys (ConfUtils.java:logGet(43)) - raft.server.rpc.timeout.max = 300ms (default)
2019-09-26 10:02:19,587 INFO  ratis.RaftTestUtil (RaftTestUtil.java:waitForLeader(86)) - printing ALL groups
  s0:  RUNNING  FOLLOWER s0@group-EA0D101F487D:t0, leader=null, voted=null, raftlog=s0@group-EA0D101F487D-SegmentedRaftLog:OPENED:c-1,f-1,i0, conf=-1: [s0:0.0.0.0:42528, s1:0.0.0.0:37394, s2:0.0.0.0:41916], old=null RUNNING
  s1:  RUNNING  FOLLOWER s1@group-EA0D101F487D:t0, leader=null, voted=null, raftlog=s1@group-EA0D101F487D-SegmentedRaftLog:OPENED:c-1,f-1,i0, conf=-1: [s0:0.0.0.0:42528, s1:0.0.0.0:37394, s2:0.0.0.0:41916], old=null RUNNING
  s2:  RUNNING  FOLLOWER s2@group-EA0D101F487D:t0, leader=null, voted=null, raftlog=s2@group-EA0D101F487D-SegmentedRaftLog:OPENED:c-1,f-1,i0, conf=-1: [s0:0.0.0.0:42528, s1:0.0.0.0:37394, s2:0.0.0.0:41916], old=null RUNNING
2019-09-26 10:02:19,592 WARN  ratis.RaftTestUtil (JavaUtils.java:attempt(158)) - FAILED "waitForLeader-null-(expectLeader? true)", attempt #1/100: java.lang.IllegalStateException: No leader yet : printing ALL groups
  s0:  RUNNING  FOLLOWER s0@group-EA0D101F487D:t0, leader=null, voted=null, raftlog=s0@group-EA0D101F487D-SegmentedRaftLog:OPENED:c-1,f-1,i0, conf=-1: [s0:0.0.0.0:42528, s1:0.0.0.0:37394, s2:0.0.0.0:41916], old=null RUNNING
  s1:  RUNNING  FOLLOWER s1@group-EA0D101F487D:t0, leader=null, voted=null, raftlog=s1@group-EA0D101F487D-SegmentedRaftLog:OPENED:c-1,f-1,i0, conf=-1: [s0:0.0.0.0:42528, s1:0.0.0.0:37394, s2:0.0.0.0:41916], old=null RUNNING
  s2:  RUNNING  FOLLOWER s2@group-EA0D101F487D:t0, leader=null, voted=null, raftlog=s2@group-EA0D101F487D-SegmentedRaftLog:OPENED:c-1,f-1,i0, conf=-1: [s0:0.0.0.0:42528, s1:0.0.0.0:37394, s2:0.0.0.0:41916], old=null RUNNING, sleep 450ms and then retry.
java.lang.IllegalStateException: No leader yet : printing ALL groups
  s0:  RUNNING  FOLLOWER s0@group-EA0D101F487D:t0, leader=null, voted=null, raftlog=s0@group-EA0D101F487D-SegmentedRaftLog:OPENED:c-1,f-1,i0, conf=-1: [s0:0.0.0.0:42528, s1:0.0.0.0:37394, s2:0.0.0.0:41916], old=null RUNNING
  s1:  RUNNING  FOLLOWER s1@group-EA0D101F487D:t0, leader=null, voted=null, raftlog=s1@group-EA0D101F487D-SegmentedRaftLog:OPENED:c-1,f-1,i0, conf=-1: [s0:0.0.0.0:42528, s1:0.0.0.0:37394, s2:0.0.0.0:41916], old=null RUNNING
  s2:  RUNNING  FOLLOWER s2@group-EA0D101F487D:t0, leader=null, voted=null, raftlog=s2@group-EA0D101F487D-SegmentedRaftLog:OPENED:c-1,f-1,i0, conf=-1: [s0:0.0.0.0:42528, s1:0.0.0.0:37394, s2:0.0.0.0:41916], old=null RUNNING
	at org.apache.ratis.MiniRaftCluster.newIllegalStateExceptionForNoLeaders(MiniRaftCluster.java:506)
	at org.apache.ratis.RaftTestUtil.lambda$waitForLeader$1(RaftTestUtil.java:90)
	at org.apache.ratis.MiniRaftCluster.getLeader(MiniRaftCluster.java:539)
	at org.apache.ratis.MiniRaftCluster.getLeader(MiniRaftCluster.java:532)
	at org.apache.ratis.RaftTestUtil.lambda$waitForLeader$3(RaftTestUtil.java:98)
	at org.apache.ratis.util.JavaUtils.attempt(JavaUtils.java:152)
	at org.apache.ratis.RaftTestUtil.waitForLeader(RaftTestUtil.java:97)
	at org.apache.ratis.RaftTestUtil.waitForLeader(RaftTestUtil.java:77)
	at org.apache.ratis.RaftTestUtil.waitForLeader(RaftTestUtil.java:72)
	at org.apache.ratis.examples.filestore.FileStoreBaseTest.testFileStore(FileStoreBaseTest.java:73)
	at sun.reflect.NativeMethodAccessorImpl.invoke0(Native Method)
	at sun.reflect.NativeMethodAccessorImpl.invoke(NativeMethodAccessorImpl.java:62)
	at sun.reflect.DelegatingMethodAccessorImpl.invoke(DelegatingMethodAccessorImpl.java:43)
	at java.lang.reflect.Method.invoke(Method.java:498)
	at org.junit.runners.model.FrameworkMethod$1.runReflectiveCall(FrameworkMethod.java:50)
	at org.junit.internal.runners.model.ReflectiveCallable.run(ReflectiveCallable.java:12)
	at org.junit.runners.model.FrameworkMethod.invokeExplosively(FrameworkMethod.java:47)
	at org.junit.internal.runners.statements.InvokeMethod.evaluate(InvokeMethod.java:17)
	at org.junit.internal.runners.statements.RunAfters.evaluate(RunAfters.java:27)
	at org.junit.internal.runners.statements.FailOnTimeout$CallableStatement.call(FailOnTimeout.java:298)
	at org.junit.internal.runners.statements.FailOnTimeout$CallableStatement.call(FailOnTimeout.java:292)
	at java.util.concurrent.FutureTask.run(FutureTask.java:266)
	at java.lang.Thread.run(Thread.java:748)
2019-09-26 10:02:19,720 INFO  impl.FollowerState (FollowerState.java:run(108)) - s0@group-EA0D101F487D-FollowerState: change to CANDIDATE, lastRpcTime:168ms, electionTimeout:167ms
2019-09-26 10:02:19,723 INFO  impl.RoleInfo (RoleInfo.java:shutdownFollowerState(121)) - s0: shutdown FollowerState
2019-09-26 10:02:19,723 INFO  impl.RaftServerImpl (RaftServerImpl.java:setRole(170)) - s0@group-EA0D101F487D: changes role from  FOLLOWER to CANDIDATE at term 0 for changeToCandidate
2019-09-26 10:02:19,727 INFO  impl.RoleInfo (RoleInfo.java:updateAndGet(143)) - s0: start LeaderElection
2019-09-26 10:02:19,741 INFO  impl.LeaderElection (LeaderElection.java:askForVotes(178)) - s0@group-EA0D101F487D-LeaderElection1: begin an election at term 1 for -1: [s0:0.0.0.0:42528, s1:0.0.0.0:37394, s2:0.0.0.0:41916], old=null
2019-09-26 10:02:19,791 INFO  impl.FollowerState (FollowerState.java:run(108)) - s1@group-EA0D101F487D-FollowerState: change to CANDIDATE, lastRpcTime:223ms, electionTimeout:223ms
2019-09-26 10:02:19,792 INFO  impl.RoleInfo (RoleInfo.java:shutdownFollowerState(121)) - s1: shutdown FollowerState
2019-09-26 10:02:19,792 INFO  impl.RaftServerImpl (RaftServerImpl.java:setRole(170)) - s1@group-EA0D101F487D: changes role from  FOLLOWER to CANDIDATE at term 0 for changeToCandidate
2019-09-26 10:02:19,792 INFO  impl.RoleInfo (RoleInfo.java:updateAndGet(143)) - s1: start LeaderElection
2019-09-26 10:02:19,806 INFO  impl.LeaderElection (LeaderElection.java:askForVotes(178)) - s1@group-EA0D101F487D-LeaderElection2: begin an election at term 1 for -1: [s0:0.0.0.0:42528, s1:0.0.0.0:37394, s2:0.0.0.0:41916], old=null
2019-09-26 10:02:19,962 INFO  impl.FollowerState (FollowerState.java:run(108)) - s2@group-EA0D101F487D-FollowerState: change to CANDIDATE, lastRpcTime:386ms, electionTimeout:283ms
2019-09-26 10:02:19,963 INFO  impl.RoleInfo (RoleInfo.java:shutdownFollowerState(121)) - s2: shutdown FollowerState
2019-09-26 10:02:19,963 INFO  impl.RaftServerImpl (RaftServerImpl.java:setRole(170)) - s2@group-EA0D101F487D: changes role from  FOLLOWER to CANDIDATE at term 0 for changeToCandidate
2019-09-26 10:02:19,963 INFO  impl.RoleInfo (RoleInfo.java:updateAndGet(143)) - s2: start LeaderElection
2019-09-26 10:02:19,979 INFO  impl.LeaderElection (LeaderElection.java:askForVotes(178)) - s2@group-EA0D101F487D-LeaderElection3: begin an election at term 1 for -1: [s0:0.0.0.0:42528, s1:0.0.0.0:37394, s2:0.0.0.0:41916], old=null
2019-09-26 10:02:19,998 INFO  impl.LeaderElection (LeaderElection.java:logAndReturn(56)) - s0@group-EA0D101F487D-LeaderElection1: Election TIMEOUT; received 0 response(s) [] and 0 exception(s); s0@group-EA0D101F487D:t1, leader=null, voted=s0, raftlog=s0@group-EA0D101F487D-SegmentedRaftLog:OPENED:c-1,f-1,i0, conf=-1: [s0:0.0.0.0:42528, s1:0.0.0.0:37394, s2:0.0.0.0:41916], old=null
2019-09-26 10:02:20,007 INFO  logging.LoggingHandler (AbstractInternalLogger.java:log(150)) - [id: 0x404738b4, L:/0.0.0.0:37394] READ: [id: 0x79174b24, L:/192.168.30.59:37394 - R:/192.168.30.59:33788]
2019-09-26 10:02:20,007 INFO  logging.LoggingHandler (AbstractInternalLogger.java:log(150)) - [id: 0x98fa128d, L:0.0.0.0/0.0.0.0:42528] READ: [id: 0xa384eff0, L:/192.168.30.59:42528 - R:/192.168.30.59:56209]
2019-09-26 10:02:20,007 INFO  logging.LoggingHandler (AbstractInternalLogger.java:log(150)) - [id: 0xa287243a, L:/0.0.0.0:41916] READ: [id: 0x93afa68c, L:/192.168.30.59:41916 - R:/192.168.30.59:50872]
2019-09-26 10:02:20,008 INFO  logging.LoggingHandler (AbstractInternalLogger.java:log(150)) - [id: 0x404738b4, L:/0.0.0.0:37394] READ COMPLETE
2019-09-26 10:02:20,008 INFO  logging.LoggingHandler (AbstractInternalLogger.java:log(150)) - [id: 0xa287243a, L:/0.0.0.0:41916] READ COMPLETE
2019-09-26 10:02:20,008 INFO  logging.LoggingHandler (AbstractInternalLogger.java:log(150)) - [id: 0x98fa128d, L:0.0.0.0/0.0.0.0:42528] READ COMPLETE
2019-09-26 10:02:20,008 INFO  logging.LoggingHandler (AbstractInternalLogger.java:log(150)) - [id: 0x404738b4, L:/0.0.0.0:37394] READ: [id: 0x169b9a98, L:/192.168.30.59:37394 - R:/192.168.30.59:33790]
2019-09-26 10:02:20,009 INFO  logging.LoggingHandler (AbstractInternalLogger.java:log(150)) - [id: 0xa287243a, L:/0.0.0.0:41916] READ: [id: 0x7e439da3, L:/192.168.30.59:41916 - R:/192.168.30.59:50873]
2019-09-26 10:02:20,009 INFO  logging.LoggingHandler (AbstractInternalLogger.java:log(150)) - [id: 0x404738b4, L:/0.0.0.0:37394] READ COMPLETE
2019-09-26 10:02:20,009 INFO  logging.LoggingHandler (AbstractInternalLogger.java:log(150)) - [id: 0x98fa128d, L:0.0.0.0/0.0.0.0:42528] READ: [id: 0x6d4a35a4, L:/192.168.30.59:42528 - R:/192.168.30.59:56208]
2019-09-26 10:02:20,010 INFO  logging.LoggingHandler (AbstractInternalLogger.java:log(150)) - [id: 0xa287243a, L:/0.0.0.0:41916] READ COMPLETE
2019-09-26 10:02:20,010 INFO  logging.LoggingHandler (AbstractInternalLogger.java:log(150)) - [id: 0x98fa128d, L:0.0.0.0/0.0.0.0:42528] READ COMPLETE
2019-09-26 10:02:20,013 INFO  impl.LeaderElection (LeaderElection.java:askForVotes(178)) - s0@group-EA0D101F487D-LeaderElection1: begin an election at term 2 for -1: [s0:0.0.0.0:42528, s1:0.0.0.0:37394, s2:0.0.0.0:41916], old=null
2019-09-26 10:02:20,046 WARN  ratis.RaftTestUtil (JavaUtils.java:attempt(158)) - FAILED "waitForLeader-null-(expectLeader? true)", attempt #2/100: java.lang.IllegalStateException: No leader yet : printing ALL groups
  s0:  RUNNING CANDIDATE s0@group-EA0D101F487D:t2, leader=null, voted=s0, raftlog=s0@group-EA0D101F487D-SegmentedRaftLog:OPENED:c-1,f-1,i0, conf=-1: [s0:0.0.0.0:42528, s1:0.0.0.0:37394, s2:0.0.0.0:41916], old=null RUNNING
  s1:  RUNNING CANDIDATE s1@group-EA0D101F487D:t1, leader=null, voted=s1, raftlog=s1@group-EA0D101F487D-SegmentedRaftLog:OPENED:c-1,f-1,i0, conf=-1: [s0:0.0.0.0:42528, s1:0.0.0.0:37394, s2:0.0.0.0:41916], old=null RUNNING
  s2:  RUNNING CANDIDATE s2@group-EA0D101F487D:t1, leader=null, voted=s2, raftlog=s2@group-EA0D101F487D-SegmentedRaftLog:OPENED:c-1,f-1,i0, conf=-1: [s0:0.0.0.0:42528, s1:0.0.0.0:37394, s2:0.0.0.0:41916], old=null RUNNING, sleep 450ms and then retry.
java.lang.IllegalStateException: No leader yet : printing ALL groups
  s0:  RUNNING CANDIDATE s0@group-EA0D101F487D:t2, leader=null, voted=s0, raftlog=s0@group-EA0D101F487D-SegmentedRaftLog:OPENED:c-1,f-1,i0, conf=-1: [s0:0.0.0.0:42528, s1:0.0.0.0:37394, s2:0.0.0.0:41916], old=null RUNNING
  s1:  RUNNING CANDIDATE s1@group-EA0D101F487D:t1, leader=null, voted=s1, raftlog=s1@group-EA0D101F487D-SegmentedRaftLog:OPENED:c-1,f-1,i0, conf=-1: [s0:0.0.0.0:42528, s1:0.0.0.0:37394, s2:0.0.0.0:41916], old=null RUNNING
  s2:  RUNNING CANDIDATE s2@group-EA0D101F487D:t1, leader=null, voted=s2, raftlog=s2@group-EA0D101F487D-SegmentedRaftLog:OPENED:c-1,f-1,i0, conf=-1: [s0:0.0.0.0:42528, s1:0.0.0.0:37394, s2:0.0.0.0:41916], old=null RUNNING
	at org.apache.ratis.MiniRaftCluster.newIllegalStateExceptionForNoLeaders(MiniRaftCluster.java:506)
	at org.apache.ratis.RaftTestUtil.lambda$waitForLeader$1(RaftTestUtil.java:90)
	at org.apache.ratis.MiniRaftCluster.getLeader(MiniRaftCluster.java:539)
	at org.apache.ratis.MiniRaftCluster.getLeader(MiniRaftCluster.java:532)
	at org.apache.ratis.RaftTestUtil.lambda$waitForLeader$3(RaftTestUtil.java:98)
	at org.apache.ratis.util.JavaUtils.attempt(JavaUtils.java:152)
	at org.apache.ratis.RaftTestUtil.waitForLeader(RaftTestUtil.java:97)
	at org.apache.ratis.RaftTestUtil.waitForLeader(RaftTestUtil.java:77)
	at org.apache.ratis.RaftTestUtil.waitForLeader(RaftTestUtil.java:72)
	at org.apache.ratis.examples.filestore.FileStoreBaseTest.testFileStore(FileStoreBaseTest.java:73)
	at sun.reflect.NativeMethodAccessorImpl.invoke0(Native Method)
	at sun.reflect.NativeMethodAccessorImpl.invoke(NativeMethodAccessorImpl.java:62)
	at sun.reflect.DelegatingMethodAccessorImpl.invoke(DelegatingMethodAccessorImpl.java:43)
	at java.lang.reflect.Method.invoke(Method.java:498)
	at org.junit.runners.model.FrameworkMethod$1.runReflectiveCall(FrameworkMethod.java:50)
	at org.junit.internal.runners.model.ReflectiveCallable.run(ReflectiveCallable.java:12)
	at org.junit.runners.model.FrameworkMethod.invokeExplosively(FrameworkMethod.java:47)
	at org.junit.internal.runners.statements.InvokeMethod.evaluate(InvokeMethod.java:17)
	at org.junit.internal.runners.statements.RunAfters.evaluate(RunAfters.java:27)
	at org.junit.internal.runners.statements.FailOnTimeout$CallableStatement.call(FailOnTimeout.java:298)
	at org.junit.internal.runners.statements.FailOnTimeout$CallableStatement.call(FailOnTimeout.java:292)
	at java.util.concurrent.FutureTask.run(FutureTask.java:266)
	at java.lang.Thread.run(Thread.java:748)
2019-09-26 10:02:20,062 INFO  impl.LeaderElection (LeaderElection.java:logAndReturn(56)) - s1@group-EA0D101F487D-LeaderElection2: Election TIMEOUT; received 0 response(s) [] and 0 exception(s); s1@group-EA0D101F487D:t1, leader=null, voted=s1, raftlog=s1@group-EA0D101F487D-SegmentedRaftLog:OPENED:c-1,f-1,i0, conf=-1: [s0:0.0.0.0:42528, s1:0.0.0.0:37394, s2:0.0.0.0:41916], old=null
2019-09-26 10:02:20,075 INFO  impl.LeaderElection (LeaderElection.java:askForVotes(178)) - s1@group-EA0D101F487D-LeaderElection2: begin an election at term 2 for -1: [s0:0.0.0.0:42528, s1:0.0.0.0:37394, s2:0.0.0.0:41916], old=null
2019-09-26 10:02:20,087 INFO  impl.RaftServerImpl (RaftServerImpl.java:setRole(170)) - s2@group-EA0D101F487D: changes role from CANDIDATE to FOLLOWER at term 2 for recognizeCandidate:s0
2019-09-26 10:02:20,087 INFO  impl.LeaderElection (LeaderElection.java:logAndReturn(56)) - s2@group-EA0D101F487D-LeaderElection3: Election DISCOVERED_A_NEW_TERM; received 1 response(s) [s2<-s0#0:FAIL-t2] and 0 exception(s); s2@group-EA0D101F487D:t2, leader=null, voted=null, raftlog=s2@group-EA0D101F487D-SegmentedRaftLog:OPENED:c-1,f-1,i0, conf=-1: [s0:0.0.0.0:42528, s1:0.0.0.0:37394, s2:0.0.0.0:41916], old=null
2019-09-26 10:02:20,087 INFO  impl.RoleInfo (RoleInfo.java:shutdownLeaderElection(134)) - s2: shutdown LeaderElection
2019-09-26 10:02:20,088 INFO  impl.RoleInfo (RoleInfo.java:updateAndGet(143)) - s2: start FollowerState
2019-09-26 10:02:20,102 INFO  impl.RaftServerImpl (RaftServerImpl.java:setRole(170)) - s2@group-EA0D101F487D: changes role from  FOLLOWER to FOLLOWER at term 2 for recognizeCandidate:s1
2019-09-26 10:02:20,103 INFO  impl.RoleInfo (RoleInfo.java:shutdownFollowerState(121)) - s2: shutdown FollowerState
2019-09-26 10:02:20,103 INFO  impl.LeaderElection (LeaderElection.java:logAndReturn(56)) - s0@group-EA0D101F487D-LeaderElection1: Election REJECTED; received 2 response(s) [s0<-s1#0:FAIL-t2, s0<-s2#0:FAIL-t2] and 0 exception(s); s0@group-EA0D101F487D:t2, leader=null, voted=s0, raftlog=s0@group-EA0D101F487D-SegmentedRaftLog:OPENED:c-1,f-1,i0, conf=-1: [s0:0.0.0.0:42528, s1:0.0.0.0:37394, s2:0.0.0.0:41916], old=null
2019-09-26 10:02:20,103 INFO  impl.FollowerState (FollowerState.java:run(117)) - s2@group-EA0D101F487D-FollowerState was interrupted: java.lang.InterruptedException: sleep interrupted
2019-09-26 10:02:20,103 INFO  impl.RoleInfo (RoleInfo.java:updateAndGet(143)) - s2: start FollowerState
2019-09-26 10:02:20,103 INFO  impl.RaftServerImpl (RaftServerImpl.java:setRole(170)) - s0@group-EA0D101F487D: changes role from CANDIDATE to FOLLOWER at term 2 for DISCOVERED_A_NEW_TERM
2019-09-26 10:02:20,104 INFO  impl.RoleInfo (RoleInfo.java:shutdownLeaderElection(134)) - s0: shutdown LeaderElection
2019-09-26 10:02:20,104 INFO  impl.RoleInfo (RoleInfo.java:updateAndGet(143)) - s0: start FollowerState
2019-09-26 10:02:20,120 INFO  impl.LeaderElection (LeaderElection.java:logAndReturn(56)) - s1@group-EA0D101F487D-LeaderElection2: Election PASSED; received 2 response(s) [s1<-s0#0:FAIL-t2, s1<-s2#0:OK-t2] and 0 exception(s); s1@group-EA0D101F487D:t2, leader=null, voted=s1, raftlog=s1@group-EA0D101F487D-SegmentedRaftLog:OPENED:c-1,f-1,i0, conf=-1: [s0:0.0.0.0:42528, s1:0.0.0.0:37394, s2:0.0.0.0:41916], old=null
2019-09-26 10:02:20,120 INFO  impl.RoleInfo (RoleInfo.java:shutdownLeaderElection(134)) - s1: shutdown LeaderElection
2019-09-26 10:02:20,121 INFO  impl.RaftServerImpl (RaftServerImpl.java:setRole(170)) - s1@group-EA0D101F487D: changes role from CANDIDATE to LEADER at term 2 for changeToLeader
2019-09-26 10:02:20,121 INFO  impl.RaftServerImpl (ServerState.java:setLeader(254)) - s1@group-EA0D101F487D: change Leader from null to s1 at term 2 for becomeLeader, leader elected after 1045ms
2019-09-26 10:02:20,126 INFO  server.RaftServerConfigKeys (ConfUtils.java:logGet(43)) - raft.server.staging.catchup.gap = 1000 (default)
2019-09-26 10:02:20,126 INFO  server.RaftServerConfigKeys (ConfUtils.java:logGet(43)) - raft.server.rpc.sleep.time = 25ms (default)
2019-09-26 10:02:20,131 INFO  server.RaftServerConfigKeys (ConfUtils.java:logGet(43)) - raft.server.write.element-limit = 4096 (default)
2019-09-26 10:02:20,136 INFO  server.RaftServerConfigKeys (ConfUtils.java:logGet(43)) - raft.server.watch.timeout = 10s (default)
2019-09-26 10:02:20,136 INFO  server.RaftServerConfigKeys (ConfUtils.java:logGet(43)) - raft.server.watch.timeout.denomination = 1s (default)
2019-09-26 10:02:20,137 INFO  server.RaftServerConfigKeys (ConfUtils.java:logGet(43)) - raft.server.watch.element-limit = 65536 (default)
2019-09-26 10:02:20,150 INFO  server.RaftServerConfigKeys (ConfUtils.java:logGet(43)) - raft.server.log.appender.snapshot.chunk.size.max = 16MB (=16777216) (default)
2019-09-26 10:02:20,150 INFO  server.RaftServerConfigKeys (ConfUtils.java:logGet(43)) - raft.server.log.appender.buffer.byte-limit = 4MB (=4194304) (default)
2019-09-26 10:02:20,151 INFO  server.RaftServerConfigKeys (ConfUtils.java:logGet(43)) - raft.server.log.appender.buffer.element-limit = 0 (default)
2019-09-26 10:02:20,154 INFO  server.RaftServerConfigKeys (ConfUtils.java:logGet(43)) - raft.server.log.appender.snapshot.chunk.size.max = 16MB (=16777216) (default)
2019-09-26 10:02:20,154 INFO  server.RaftServerConfigKeys (ConfUtils.java:logGet(43)) - raft.server.log.appender.buffer.byte-limit = 4MB (=4194304) (default)
2019-09-26 10:02:20,154 INFO  server.RaftServerConfigKeys (ConfUtils.java:logGet(43)) - raft.server.log.appender.buffer.element-limit = 0 (default)
2019-09-26 10:02:20,157 INFO  impl.RoleInfo (RoleInfo.java:updateAndGet(143)) - s1: start LeaderState
2019-09-26 10:02:20,173 INFO  segmented.SegmentedRaftLogWorker (SegmentedRaftLogWorker.java:startLogSegment(380)) - s1@group-EA0D101F487D-SegmentedRaftLogWorker: Starting segment from index:0
2019-09-26 10:02:20,181 INFO  impl.RaftServerImpl (ServerState.java:setRaftConf(355)) - s1@group-EA0D101F487D: set configuration 0: [s0:0.0.0.0:42528, s1:0.0.0.0:37394, s2:0.0.0.0:41916], old=null at 0
2019-09-26 10:02:20,200 INFO  impl.RaftServerImpl (ServerState.java:setLeader(254)) - s2@group-EA0D101F487D: change Leader from null to s1 at term 2 for appendEntries, leader elected after 1125ms
2019-09-26 10:02:20,200 INFO  impl.RaftServerImpl (ServerState.java:setLeader(254)) - s0@group-EA0D101F487D: change Leader from null to s1 at term 2 for appendEntries, leader elected after 1124ms
2019-09-26 10:02:20,219 INFO  impl.RaftServerImpl (ServerState.java:setRaftConf(355)) - s0@group-EA0D101F487D: set configuration 0: [s0:0.0.0.0:42528, s1:0.0.0.0:37394, s2:0.0.0.0:41916], old=null at 0
2019-09-26 10:02:20,219 INFO  impl.RaftServerImpl (ServerState.java:setRaftConf(355)) - s2@group-EA0D101F487D: set configuration 0: [s0:0.0.0.0:42528, s1:0.0.0.0:37394, s2:0.0.0.0:41916], old=null at 0
2019-09-26 10:02:20,220 INFO  segmented.SegmentedRaftLogWorker (SegmentedRaftLogWorker.java:startLogSegment(380)) - s0@group-EA0D101F487D-SegmentedRaftLogWorker: Starting segment from index:0
2019-09-26 10:02:20,220 INFO  segmented.SegmentedRaftLogWorker (SegmentedRaftLogWorker.java:startLogSegment(380)) - s2@group-EA0D101F487D-SegmentedRaftLogWorker: Starting segment from index:0
2019-09-26 10:02:20,495 INFO  segmented.SegmentedRaftLogWorker (SegmentedRaftLogWorker.java:execute(569)) - s1@group-EA0D101F487D-SegmentedRaftLogWorker: created new log segment /workdir/ratis-examples/target/test/data/1fdfb1b/MiniRaftClusterWithNetty60c66dd9/s1/079eca59-a97b-4898-bb65-ea0d101f487d/current/log_inprogress_0
2019-09-26 10:02:20,495 INFO  segmented.SegmentedRaftLogWorker (SegmentedRaftLogWorker.java:execute(569)) - s0@group-EA0D101F487D-SegmentedRaftLogWorker: created new log segment /workdir/ratis-examples/target/test/data/1fdfb1b/MiniRaftClusterWithNetty60c66dd9/s0/079eca59-a97b-4898-bb65-ea0d101f487d/current/log_inprogress_0
2019-09-26 10:02:20,495 INFO  segmented.SegmentedRaftLogWorker (SegmentedRaftLogWorker.java:execute(569)) - s2@group-EA0D101F487D-SegmentedRaftLogWorker: created new log segment /workdir/ratis-examples/target/test/data/1fdfb1b/MiniRaftClusterWithNetty60c66dd9/s2/079eca59-a97b-4898-bb65-ea0d101f487d/current/log_inprogress_0
2019-09-26 10:02:20,498 INFO  ratis.RaftTestUtil (RaftTestUtil.java:waitForLeader(101)) - printing ALL groups
  s0:  RUNNING  FOLLOWER s0@group-EA0D101F487D:t2, leader=s1, voted=s0, raftlog=s0@group-EA0D101F487D-SegmentedRaftLog:OPENED:c-1,f-1,i0, conf=0: [s0:0.0.0.0:42528, s1:0.0.0.0:37394, s2:0.0.0.0:41916], old=null RUNNING
  s1:  RUNNING    LEADER s1@group-EA0D101F487D:t2, leader=s1, voted=s1, raftlog=s1@group-EA0D101F487D-SegmentedRaftLog:OPENED:c-1,f-1,i0, conf=0: [s0:0.0.0.0:42528, s1:0.0.0.0:37394, s2:0.0.0.0:41916], old=null RUNNING
  s2:  RUNNING  FOLLOWER s2@group-EA0D101F487D:t2, leader=s1, voted=s1, raftlog=s2@group-EA0D101F487D-SegmentedRaftLog:OPENED:c-1,f-1,i0, conf=0: [s0:0.0.0.0:42528, s1:0.0.0.0:37394, s2:0.0.0.0:41916], old=null RUNNING
2019-09-26 10:02:20,499 INFO  filestore.FileStoreBaseTest (FileStoreBaseTest.java:testSingleFile(87)) - runTestSingleFile with path=foo, fileLength=10M (=10485760)
2019-09-26 10:02:20,546 INFO  logging.LoggingHandler (AbstractInternalLogger.java:log(150)) - [id: 0x98fa128d, L:0.0.0.0/0.0.0.0:42528] READ: [id: 0x26355a3b, L:/192.168.30.59:42528 - R:/192.168.30.59:56218]
2019-09-26 10:02:20,546 INFO  logging.LoggingHandler (AbstractInternalLogger.java:log(150)) - [id: 0x98fa128d, L:0.0.0.0/0.0.0.0:42528] READ COMPLETE
2019-09-26 10:02:20,588 INFO  logging.LoggingHandler (AbstractInternalLogger.java:log(150)) - [id: 0x404738b4, L:/0.0.0.0:37394] READ: [id: 0x8d1f4772, L:/192.168.30.59:37394 - R:/192.168.30.59:33808]
2019-09-26 10:02:20,589 INFO  logging.LoggingHandler (AbstractInternalLogger.java:log(150)) - [id: 0x404738b4, L:/0.0.0.0:37394] READ COMPLETE
2019-09-26 10:02:20,636 TRACE util.FileUtils (LogUtils.java:supplyAndLog(82)) - Successfully supplied Files.newOutputStream CREATE_NEW /workdir/ratis-examples/target/test/data/1fdfb1b/TestFileStoreWithNetty/filestore/s1/foo: java.nio.channels.Channels$1@31f43a09
2019-09-26 10:02:20,640 TRACE util.FileUtils (LogUtils.java:supplyAndLog(82)) - Successfully supplied Files.newOutputStream CREATE_NEW /workdir/ratis-examples/target/test/data/1fdfb1b/TestFileStoreWithNetty/filestore/s2/foo: java.nio.channels.Channels$1@41435046
2019-09-26 10:02:20,640 TRACE util.FileUtils (LogUtils.java:supplyAndLog(82)) - Successfully supplied Files.newOutputStream CREATE_NEW /workdir/ratis-examples/target/test/data/1fdfb1b/TestFileStoreWithNetty/filestore/s0/foo: java.nio.channels.Channels$1@7e7ec8bd
2019-09-26 10:02:29,583 INFO  ratis.MiniRaftCluster (MiniRaftCluster.java:lambda$null$5(297)) - TIMED-PRINT: printing ALL groups
  s0:  RUNNING  FOLLOWER s0@group-EA0D101F487D:t2, leader=s1, voted=s0, raftlog=s0@group-EA0D101F487D-SegmentedRaftLog:OPENED:c1699,f1700,i1701, conf=0: [s0:0.0.0.0:42528, s1:0.0.0.0:37394, s2:0.0.0.0:41916], old=null RUNNING
  s1:  RUNNING    LEADER s1@group-EA0D101F487D:t2, leader=s1, voted=s1, raftlog=s1@group-EA0D101F487D-SegmentedRaftLog:OPENED:c1700,f1701,i1701, conf=0: [s0:0.0.0.0:42528, s1:0.0.0.0:37394, s2:0.0.0.0:41916], old=null RUNNING
  s2:  RUNNING  FOLLOWER s2@group-EA0D101F487D:t2, leader=s1, voted=s1, raftlog=s2@group-EA0D101F487D-SegmentedRaftLog:OPENED:c1699,f1700,i1701, conf=0: [s0:0.0.0.0:42528, s1:0.0.0.0:37394, s2:0.0.0.0:41916], old=null RUNNING
2019-09-26 10:02:39,583 INFO  ratis.MiniRaftCluster (MiniRaftCluster.java:lambda$null$5(297)) - TIMED-PRINT: printing ALL groups
  s0:  RUNNING  FOLLOWER s0@group-EA0D101F487D:t2, leader=s1, voted=s0, raftlog=s0@group-EA0D101F487D-SegmentedRaftLog:OPENED:c3193,f3194,i3195, conf=0: [s0:0.0.0.0:42528, s1:0.0.0.0:37394, s2:0.0.0.0:41916], old=null RUNNING
  s1:  RUNNING    LEADER s1@group-EA0D101F487D:t2, leader=s1, voted=s1, raftlog=s1@group-EA0D101F487D-SegmentedRaftLog:OPENED:c3194,f3194,i3195, conf=0: [s0:0.0.0.0:42528, s1:0.0.0.0:37394, s2:0.0.0.0:41916], old=null RUNNING
  s2:  RUNNING  FOLLOWER s2@group-EA0D101F487D:t2, leader=s1, voted=s1, raftlog=s2@group-EA0D101F487D-SegmentedRaftLog:OPENED:c3193,f3194,i3195, conf=0: [s0:0.0.0.0:42528, s1:0.0.0.0:37394, s2:0.0.0.0:41916], old=null RUNNING
2019-09-26 10:02:49,582 INFO  ratis.MiniRaftCluster (MiniRaftCluster.java:lambda$null$5(297)) - TIMED-PRINT: printing ALL groups
  s0:  RUNNING  FOLLOWER s0@group-EA0D101F487D:t2, leader=s1, voted=s0, raftlog=s0@group-EA0D101F487D-SegmentedRaftLog:OPENED:c4911,f4913,i4914, conf=0: [s0:0.0.0.0:42528, s1:0.0.0.0:37394, s2:0.0.0.0:41916], old=null RUNNING
  s1:  RUNNING    LEADER s1@group-EA0D101F487D:t2, leader=s1, voted=s1, raftlog=s1@group-EA0D101F487D-SegmentedRaftLog:OPENED:c4913,f4913,i4915, conf=0: [s0:0.0.0.0:42528, s1:0.0.0.0:37394, s2:0.0.0.0:41916], old=null RUNNING
  s2:  RUNNING  FOLLOWER s2@group-EA0D101F487D:t2, leader=s1, voted=s1, raftlog=s2@group-EA0D101F487D-SegmentedRaftLog:OPENED:c4911,f4913,i4914, conf=0: [s0:0.0.0.0:42528, s1:0.0.0.0:37394, s2:0.0.0.0:41916], old=null RUNNING
2019-09-26 10:02:52,316 TRACE util.FileUtils (LogUtils.java:runAndLog(61)) - Successfully ran Files.delete /workdir/ratis-examples/target/test/data/1fdfb1b/TestFileStoreWithNetty/filestore/s1/foo
2019-09-26 10:02:52,326 TRACE util.FileUtils (LogUtils.java:runAndLog(61)) - Successfully ran Files.delete /workdir/ratis-examples/target/test/data/1fdfb1b/TestFileStoreWithNetty/filestore/s2/foo
2019-09-26 10:02:52,326 TRACE util.FileUtils (LogUtils.java:runAndLog(61)) - Successfully ran Files.delete /workdir/ratis-examples/target/test/data/1fdfb1b/TestFileStoreWithNetty/filestore/s0/foo
2019-09-26 10:02:52,329 INFO  filestore.FileStoreBaseTest (FileStoreBaseTest.java:testMultipleFiles(97)) - runTestMultipleFile with pathPrefix=file, numFile=100, fileLength=1M (=1048576)
2019-09-26 10:02:52,370 INFO  logging.LoggingHandler (AbstractInternalLogger.java:log(150)) - [id: 0x98fa128d, L:0.0.0.0/0.0.0.0:42528] READ: [id: 0x33bbc34d, L:/192.168.30.59:42528 - R:/192.168.30.59:56566]
2019-09-26 10:02:52,371 INFO  logging.LoggingHandler (AbstractInternalLogger.java:log(150)) - [id: 0x98fa128d, L:0.0.0.0/0.0.0.0:42528] READ COMPLETE
2019-09-26 10:02:52,376 INFO  logging.LoggingHandler (AbstractInternalLogger.java:log(150)) - [id: 0x98fa128d, L:0.0.0.0/0.0.0.0:42528] READ: [id: 0x26d52b70, L:/192.168.30.59:42528 - R:/192.168.30.59:56564]
2019-09-26 10:02:52,376 INFO  logging.LoggingHandler (AbstractInternalLogger.java:log(150)) - [id: 0x98fa128d, L:0.0.0.0/0.0.0.0:42528] READ COMPLETE
2019-09-26 10:02:52,377 INFO  logging.LoggingHandler (AbstractInternalLogger.java:log(150)) - [id: 0x98fa128d, L:0.0.0.0/0.0.0.0:42528] READ: [id: 0x7dccd1b4, L:/192.168.30.59:42528 - R:/192.168.30.59:56570]
2019-09-26 10:02:52,378 INFO  logging.LoggingHandler (AbstractInternalLogger.java:log(150)) - [id: 0x98fa128d, L:0.0.0.0/0.0.0.0:42528] READ COMPLETE
2019-09-26 10:02:52,379 INFO  logging.LoggingHandler (AbstractInternalLogger.java:log(150)) - [id: 0x98fa128d, L:0.0.0.0/0.0.0.0:42528] READ: [id: 0x5d2117ff, L:/192.168.30.59:42528 - R:/192.168.30.59:56568]
2019-09-26 10:02:52,379 INFO  logging.LoggingHandler (AbstractInternalLogger.java:log(150)) - [id: 0x98fa128d, L:0.0.0.0/0.0.0.0:42528] READ COMPLETE
2019-09-26 10:02:52,381 INFO  logging.LoggingHandler (AbstractInternalLogger.java:log(150)) - [id: 0x98fa128d, L:0.0.0.0/0.0.0.0:42528] READ: [id: 0x62375455, L:/192.168.30.59:42528 - R:/192.168.30.59:56574]
2019-09-26 10:02:52,381 INFO  logging.LoggingHandler (AbstractInternalLogger.java:log(150)) - [id: 0x98fa128d, L:0.0.0.0/0.0.0.0:42528] READ COMPLETE
2019-09-26 10:02:52,381 INFO  logging.LoggingHandler (AbstractInternalLogger.java:log(150)) - [id: 0x98fa128d, L:0.0.0.0/0.0.0.0:42528] READ: [id: 0x1964d286, L:/192.168.30.59:42528 - R:/192.168.30.59:56572]
2019-09-26 10:02:52,381 INFO  logging.LoggingHandler (AbstractInternalLogger.java:log(150)) - [id: 0x98fa128d, L:0.0.0.0/0.0.0.0:42528] READ COMPLETE
2019-09-26 10:02:52,383 INFO  logging.LoggingHandler (AbstractInternalLogger.java:log(150)) - [id: 0x98fa128d, L:0.0.0.0/0.0.0.0:42528] READ: [id: 0x25c7e7ad, L:/192.168.30.59:42528 - R:/192.168.30.59:56576]
2019-09-26 10:02:52,384 INFO  logging.LoggingHandler (AbstractInternalLogger.java:log(150)) - [id: 0x98fa128d, L:0.0.0.0/0.0.0.0:42528] READ COMPLETE
2019-09-26 10:02:52,385 INFO  logging.LoggingHandler (AbstractInternalLogger.java:log(150)) - [id: 0x98fa128d, L:0.0.0.0/0.0.0.0:42528] READ: [id: 0x72329b18, L:/192.168.30.59:42528 - R:/192.168.30.59:56578]
2019-09-26 10:02:52,386 INFO  logging.LoggingHandler (AbstractInternalLogger.java:log(150)) - [id: 0x98fa128d, L:0.0.0.0/0.0.0.0:42528] READ COMPLETE
2019-09-26 10:02:52,387 INFO  logging.LoggingHandler (AbstractInternalLogger.java:log(150)) - [id: 0x98fa128d, L:0.0.0.0/0.0.0.0:42528] READ: [id: 0xd4158f30, L:/192.168.30.59:42528 - R:/192.168.30.59:56580]
2019-09-26 10:02:52,388 INFO  logging.LoggingHandler (AbstractInternalLogger.java:log(150)) - [id: 0x98fa128d, L:0.0.0.0/0.0.0.0:42528] READ COMPLETE
2019-09-26 10:02:52,390 INFO  logging.LoggingHandler (AbstractInternalLogger.java:log(150)) - [id: 0x98fa128d, L:0.0.0.0/0.0.0.0:42528] READ: [id: 0xea31637e, L:/192.168.30.59:42528 - R:/192.168.30.59:56582]
2019-09-26 10:02:52,391 INFO  logging.LoggingHandler (AbstractInternalLogger.java:log(150)) - [id: 0x98fa128d, L:0.0.0.0/0.0.0.0:42528] READ COMPLETE
2019-09-26 10:02:52,394 INFO  logging.LoggingHandler (AbstractInternalLogger.java:log(150)) - [id: 0x404738b4, L:/0.0.0.0:37394] READ: [id: 0x2dfb04fb, L:/192.168.30.59:37394 - R:/192.168.30.59:34192]
2019-09-26 10:02:52,394 INFO  logging.LoggingHandler (AbstractInternalLogger.java:log(150)) - [id: 0x98fa128d, L:0.0.0.0/0.0.0.0:42528] READ: [id: 0x520f9fc4, L:/192.168.30.59:42528 - R:/192.168.30.59:56584]
2019-09-26 10:02:52,396 INFO  logging.LoggingHandler (AbstractInternalLogger.java:log(150)) - [id: 0x98fa128d, L:0.0.0.0/0.0.0.0:42528] READ COMPLETE
2019-09-26 10:02:52,396 INFO  logging.LoggingHandler (AbstractInternalLogger.java:log(150)) - [id: 0x404738b4, L:/0.0.0.0:37394] READ COMPLETE
2019-09-26 10:02:52,396 INFO  logging.LoggingHandler (AbstractInternalLogger.java:log(150)) - [id: 0x98fa128d, L:0.0.0.0/0.0.0.0:42528] READ: [id: 0xc608c290, L:/192.168.30.59:42528 - R:/192.168.30.59:56586]
2019-09-26 10:02:52,400 INFO  logging.LoggingHandler (AbstractInternalLogger.java:log(150)) - [id: 0x404738b4, L:/0.0.0.0:37394] READ: [id: 0x6f8baf53, L:/192.168.30.59:37394 - R:/192.168.30.59:34194]
2019-09-26 10:02:52,400 INFO  logging.LoggingHandler (AbstractInternalLogger.java:log(150)) - [id: 0x98fa128d, L:0.0.0.0/0.0.0.0:42528] READ COMPLETE
2019-09-26 10:02:52,401 INFO  logging.LoggingHandler (AbstractInternalLogger.java:log(150)) - [id: 0x404738b4, L:/0.0.0.0:37394] READ COMPLETE
2019-09-26 10:02:52,404 INFO  logging.LoggingHandler (AbstractInternalLogger.java:log(150)) - [id: 0x98fa128d, L:0.0.0.0/0.0.0.0:42528] READ: [id: 0xbdee3d41, L:/192.168.30.59:42528 - R:/192.168.30.59:56588]
2019-09-26 10:02:52,405 INFO  logging.LoggingHandler (AbstractInternalLogger.java:log(150)) - [id: 0x98fa128d, L:0.0.0.0/0.0.0.0:42528] READ COMPLETE
2019-09-26 10:02:52,405 INFO  logging.LoggingHandler (AbstractInternalLogger.java:log(150)) - [id: 0x404738b4, L:/0.0.0.0:37394] READ: [id: 0xf6d5179d, L:/192.168.30.59:37394 - R:/192.168.30.59:34196]
2019-09-26 10:02:52,406 INFO  logging.LoggingHandler (AbstractInternalLogger.java:log(150)) - [id: 0x404738b4, L:/0.0.0.0:37394] READ COMPLETE
2019-09-26 10:02:52,406 TRACE util.FileUtils (LogUtils.java:supplyAndLog(82)) - Successfully supplied Files.newOutputStream CREATE_NEW /workdir/ratis-examples/target/test/data/1fdfb1b/TestFileStoreWithNetty/filestore/s1/file12: java.nio.channels.Channels$1@7627ace3
2019-09-26 10:02:52,406 TRACE util.FileUtils (LogUtils.java:supplyAndLog(82)) - Successfully supplied Files.newOutputStream CREATE_NEW /workdir/ratis-examples/target/test/data/1fdfb1b/TestFileStoreWithNetty/filestore/s1/file05: java.nio.channels.Channels$1@6ba5df64
2019-09-26 10:02:52,406 INFO  logging.LoggingHandler (AbstractInternalLogger.java:log(150)) - [id: 0x98fa128d, L:0.0.0.0/0.0.0.0:42528] READ: [id: 0x8fd21f7b, L:/192.168.30.59:42528 - R:/192.168.30.59:56590]
2019-09-26 10:02:52,408 INFO  logging.LoggingHandler (AbstractInternalLogger.java:log(150)) - [id: 0x404738b4, L:/0.0.0.0:37394] READ: [id: 0x7625d3c2, L:/192.168.30.59:37394 - R:/192.168.30.59:34198]
2019-09-26 10:02:52,408 TRACE util.FileUtils (LogUtils.java:supplyAndLog(82)) - Successfully supplied Files.newOutputStream CREATE_NEW /workdir/ratis-examples/target/test/data/1fdfb1b/TestFileStoreWithNetty/filestore/s0/file05: java.nio.channels.Channels$1@70b92902
2019-09-26 10:02:52,408 TRACE util.FileUtils (LogUtils.java:supplyAndLog(82)) - Successfully supplied Files.newOutputStream CREATE_NEW /workdir/ratis-examples/target/test/data/1fdfb1b/TestFileStoreWithNetty/filestore/s2/file05: java.nio.channels.Channels$1@4f84a61e
2019-09-26 10:02:52,410 INFO  logging.LoggingHandler (AbstractInternalLogger.java:log(150)) - [id: 0x404738b4, L:/0.0.0.0:37394] READ COMPLETE
2019-09-26 10:02:52,410 INFO  logging.LoggingHandler (AbstractInternalLogger.java:log(150)) - [id: 0x98fa128d, L:0.0.0.0/0.0.0.0:42528] READ COMPLETE
2019-09-26 10:02:52,412 TRACE util.FileUtils (LogUtils.java:supplyAndLog(82)) - Successfully supplied Files.newOutputStream CREATE_NEW /workdir/ratis-examples/target/test/data/1fdfb1b/TestFileStoreWithNetty/filestore/s1/file02: java.nio.channels.Channels$1@342f1501
2019-09-26 10:02:52,410 TRACE util.FileUtils (LogUtils.java:supplyAndLog(82)) - Successfully supplied Files.newOutputStream CREATE_NEW /workdir/ratis-examples/target/test/data/1fdfb1b/TestFileStoreWithNetty/filestore/s1/file10: java.nio.channels.Channels$1@4bf835d3
2019-09-26 10:02:52,412 INFO  logging.LoggingHandler (AbstractInternalLogger.java:log(150)) - [id: 0x98fa128d, L:0.0.0.0/0.0.0.0:42528] READ: [id: 0xf9343a7e, L:/192.168.30.59:42528 - R:/192.168.30.59:56592]
2019-09-26 10:02:52,412 INFO  logging.LoggingHandler (AbstractInternalLogger.java:log(150)) - [id: 0x404738b4, L:/0.0.0.0:37394] READ: [id: 0x0e792d55, L:/192.168.30.59:37394 - R:/192.168.30.59:34200]
2019-09-26 10:02:52,414 INFO  logging.LoggingHandler (AbstractInternalLogger.java:log(150)) - [id: 0x98fa128d, L:0.0.0.0/0.0.0.0:42528] READ COMPLETE
2019-09-26 10:02:52,414 INFO  logging.LoggingHandler (AbstractInternalLogger.java:log(150)) - [id: 0x404738b4, L:/0.0.0.0:37394] READ COMPLETE
2019-09-26 10:02:52,415 INFO  logging.LoggingHandler (AbstractInternalLogger.java:log(150)) - [id: 0x98fa128d, L:0.0.0.0/0.0.0.0:42528] READ: [id: 0xfedb0b4e, L:/192.168.30.59:42528 - R:/192.168.30.59:56594]
2019-09-26 10:02:52,415 INFO  logging.LoggingHandler (AbstractInternalLogger.java:log(150)) - [id: 0x404738b4, L:/0.0.0.0:37394] READ: [id: 0x204b8e8b, L:/192.168.30.59:37394 - R:/192.168.30.59:34202]
2019-09-26 10:02:52,415 INFO  logging.LoggingHandler (AbstractInternalLogger.java:log(150)) - [id: 0x98fa128d, L:0.0.0.0/0.0.0.0:42528] READ COMPLETE
2019-09-26 10:02:52,415 INFO  logging.LoggingHandler (AbstractInternalLogger.java:log(150)) - [id: 0x404738b4, L:/0.0.0.0:37394] READ COMPLETE
2019-09-26 10:02:52,415 INFO  logging.LoggingHandler (AbstractInternalLogger.java:log(150)) - [id: 0x98fa128d, L:0.0.0.0/0.0.0.0:42528] READ: [id: 0x7d24123d, L:/192.168.30.59:42528 - R:/192.168.30.59:56596]
2019-09-26 10:02:52,416 INFO  logging.LoggingHandler (AbstractInternalLogger.java:log(150)) - [id: 0x404738b4, L:/0.0.0.0:37394] READ: [id: 0x74ab96ff, L:/192.168.30.59:37394 - R:/192.168.30.59:34204]
2019-09-26 10:02:52,416 INFO  logging.LoggingHandler (AbstractInternalLogger.java:log(150)) - [id: 0x98fa128d, L:0.0.0.0/0.0.0.0:42528] READ COMPLETE
2019-09-26 10:02:52,416 INFO  logging.LoggingHandler (AbstractInternalLogger.java:log(150)) - [id: 0x404738b4, L:/0.0.0.0:37394] READ COMPLETE
2019-09-26 10:02:52,417 INFO  logging.LoggingHandler (AbstractInternalLogger.java:log(150)) - [id: 0x98fa128d, L:0.0.0.0/0.0.0.0:42528] READ: [id: 0x3e16f0e7, L:/192.168.30.59:42528 - R:/192.168.30.59:56598]
2019-09-26 10:02:52,417 INFO  logging.LoggingHandler (AbstractInternalLogger.java:log(150)) - [id: 0x404738b4, L:/0.0.0.0:37394] READ: [id: 0x863178d0, L:/192.168.30.59:37394 - R:/192.168.30.59:34206]
2019-09-26 10:02:52,418 INFO  logging.LoggingHandler (AbstractInternalLogger.java:log(150)) - [id: 0x98fa128d, L:0.0.0.0/0.0.0.0:42528] READ COMPLETE
2019-09-26 10:02:52,418 INFO  logging.LoggingHandler (AbstractInternalLogger.java:log(150)) - [id: 0x404738b4, L:/0.0.0.0:37394] READ COMPLETE
2019-09-26 10:02:52,419 INFO  logging.LoggingHandler (AbstractInternalLogger.java:log(150)) - [id: 0x98fa128d, L:0.0.0.0/0.0.0.0:42528] READ: [id: 0x299458fc, L:/192.168.30.59:42528 - R:/192.168.30.59:56600]
2019-09-26 10:02:52,420 INFO  logging.LoggingHandler (AbstractInternalLogger.java:log(150)) - [id: 0x404738b4, L:/0.0.0.0:37394] READ: [id: 0x04838f8c, L:/192.168.30.59:37394 - R:/192.168.30.59:34208]
2019-09-26 10:02:52,420 INFO  logging.LoggingHandler (AbstractInternalLogger.java:log(150)) - [id: 0x98fa128d, L:0.0.0.0/0.0.0.0:42528] READ COMPLETE
2019-09-26 10:02:52,420 INFO  logging.LoggingHandler (AbstractInternalLogger.java:log(150)) - [id: 0x404738b4, L:/0.0.0.0:37394] READ COMPLETE
2019-09-26 10:02:52,420 TRACE util.FileUtils (LogUtils.java:supplyAndLog(82)) - Successfully supplied Files.newOutputStream CREATE_NEW /workdir/ratis-examples/target/test/data/1fdfb1b/TestFileStoreWithNetty/filestore/s2/file02: java.nio.channels.Channels$1@6afdd3be
2019-09-26 10:02:52,422 INFO  logging.LoggingHandler (AbstractInternalLogger.java:log(150)) - [id: 0x98fa128d, L:0.0.0.0/0.0.0.0:42528] READ: [id: 0x0d6c2b66, L:/192.168.30.59:42528 - R:/192.168.30.59:56602]
2019-09-26 10:02:52,423 TRACE util.FileUtils (LogUtils.java:supplyAndLog(82)) - Successfully supplied Files.newOutputStream CREATE_NEW /workdir/ratis-examples/target/test/data/1fdfb1b/TestFileStoreWithNetty/filestore/s1/file03: java.nio.channels.Channels$1@190299de
2019-09-26 10:02:52,422 TRACE util.FileUtils (LogUtils.java:supplyAndLog(82)) - Successfully supplied Files.newOutputStream CREATE_NEW /workdir/ratis-examples/target/test/data/1fdfb1b/TestFileStoreWithNetty/filestore/s0/file02: java.nio.channels.Channels$1@609cfd58
2019-09-26 10:02:52,422 TRACE util.FileUtils (LogUtils.java:supplyAndLog(82)) - Successfully supplied Files.newOutputStream CREATE_NEW /workdir/ratis-examples/target/test/data/1fdfb1b/TestFileStoreWithNetty/filestore/s0/file10: java.nio.channels.Channels$1@45cfa62a
2019-09-26 10:02:52,422 TRACE util.FileUtils (LogUtils.java:supplyAndLog(82)) - Successfully supplied Files.newOutputStream CREATE_NEW /workdir/ratis-examples/target/test/data/1fdfb1b/TestFileStoreWithNetty/filestore/s0/file12: java.nio.channels.Channels$1@27abfd01
2019-09-26 10:02:52,422 TRACE util.FileUtils (LogUtils.java:supplyAndLog(82)) - Successfully supplied Files.newOutputStream CREATE_NEW /workdir/ratis-examples/target/test/data/1fdfb1b/TestFileStoreWithNetty/filestore/s2/file10: java.nio.channels.Channels$1@4b461aa
2019-09-26 10:02:52,422 TRACE util.FileUtils (LogUtils.java:supplyAndLog(82)) - Successfully supplied Files.newOutputStream CREATE_NEW /workdir/ratis-examples/target/test/data/1fdfb1b/TestFileStoreWithNetty/filestore/s2/file12: java.nio.channels.Channels$1@532bd091
2019-09-26 10:02:52,423 INFO  logging.LoggingHandler (AbstractInternalLogger.java:log(150)) - [id: 0x98fa128d, L:0.0.0.0/0.0.0.0:42528] READ COMPLETE
2019-09-26 10:02:52,422 INFO  logging.LoggingHandler (AbstractInternalLogger.java:log(150)) - [id: 0x404738b4, L:/0.0.0.0:37394] READ: [id: 0xf4d11670, L:/192.168.30.59:37394 - R:/192.168.30.59:34210]
2019-09-26 10:02:52,433 INFO  logging.LoggingHandler (AbstractInternalLogger.java:log(150)) - [id: 0x404738b4, L:/0.0.0.0:37394] READ COMPLETE
2019-09-26 10:02:52,434 INFO  logging.LoggingHandler (AbstractInternalLogger.java:log(150)) - [id: 0x404738b4, L:/0.0.0.0:37394] READ: [id: 0x4893b0e0, L:/192.168.30.59:37394 - R:/192.168.30.59:34212]
2019-09-26 10:02:52,435 TRACE util.FileUtils (LogUtils.java:supplyAndLog(82)) - Successfully supplied Files.newOutputStream CREATE_NEW /workdir/ratis-examples/target/test/data/1fdfb1b/TestFileStoreWithNetty/filestore/s2/file03: java.nio.channels.Channels$1@37f14b45
2019-09-26 10:02:52,436 INFO  logging.LoggingHandler (AbstractInternalLogger.java:log(150)) - [id: 0x404738b4, L:/0.0.0.0:37394] READ COMPLETE
2019-09-26 10:02:52,436 TRACE util.FileUtils (LogUtils.java:supplyAndLog(82)) - Successfully supplied Files.newOutputStream CREATE_NEW /workdir/ratis-examples/target/test/data/1fdfb1b/TestFileStoreWithNetty/filestore/s1/file01: java.nio.channels.Channels$1@3e296202
2019-09-26 10:02:52,436 INFO  logging.LoggingHandler (AbstractInternalLogger.java:log(150)) - [id: 0x404738b4, L:/0.0.0.0:37394] READ: [id: 0x7661cbb9, L:/192.168.30.59:37394 - R:/192.168.30.59:34214]
2019-09-26 10:02:52,437 TRACE util.FileUtils (LogUtils.java:supplyAndLog(82)) - Successfully supplied Files.newOutputStream CREATE_NEW /workdir/ratis-examples/target/test/data/1fdfb1b/TestFileStoreWithNetty/filestore/s1/file04: java.nio.channels.Channels$1@2242a080
2019-09-26 10:02:52,437 TRACE util.FileUtils (LogUtils.java:supplyAndLog(82)) - Successfully supplied Files.newOutputStream CREATE_NEW /workdir/ratis-examples/target/test/data/1fdfb1b/TestFileStoreWithNetty/filestore/s0/file03: java.nio.channels.Channels$1@11193762
2019-09-26 10:02:52,437 INFO  logging.LoggingHandler (AbstractInternalLogger.java:log(150)) - [id: 0x404738b4, L:/0.0.0.0:37394] READ COMPLETE
2019-09-26 10:02:52,441 TRACE util.FileUtils (LogUtils.java:supplyAndLog(82)) - Successfully supplied Files.newOutputStream CREATE_NEW /workdir/ratis-examples/target/test/data/1fdfb1b/TestFileStoreWithNetty/filestore/s2/file01: java.nio.channels.Channels$1@6cac7c9f
2019-09-26 10:02:52,441 INFO  logging.LoggingHandler (AbstractInternalLogger.java:log(150)) - [id: 0x404738b4, L:/0.0.0.0:37394] READ: [id: 0x6ee57943, L:/192.168.30.59:37394 - R:/192.168.30.59:34216]
2019-09-26 10:02:52,439 TRACE util.FileUtils (LogUtils.java:supplyAndLog(82)) - Successfully supplied Files.newOutputStream CREATE_NEW /workdir/ratis-examples/target/test/data/1fdfb1b/TestFileStoreWithNetty/filestore/s1/file09: java.nio.channels.Channels$1@691b33bb
2019-09-26 10:02:52,439 TRACE util.FileUtils (LogUtils.java:supplyAndLog(82)) - Successfully supplied Files.newOutputStream CREATE_NEW /workdir/ratis-examples/target/test/data/1fdfb1b/TestFileStoreWithNetty/filestore/s2/file04: java.nio.channels.Channels$1@51e61bcd
2019-09-26 10:02:52,442 INFO  logging.LoggingHandler (AbstractInternalLogger.java:log(150)) - [id: 0x404738b4, L:/0.0.0.0:37394] READ COMPLETE
2019-09-26 10:02:52,441 TRACE util.FileUtils (LogUtils.java:supplyAndLog(82)) - Successfully supplied Files.newOutputStream CREATE_NEW /workdir/ratis-examples/target/test/data/1fdfb1b/TestFileStoreWithNetty/filestore/s1/file07: java.nio.channels.Channels$1@456a3d16
2019-09-26 10:02:52,445 INFO  logging.LoggingHandler (AbstractInternalLogger.java:log(150)) - [id: 0x404738b4, L:/0.0.0.0:37394] READ: [id: 0xab2c9691, L:/192.168.30.59:37394 - R:/192.168.30.59:34218]
2019-09-26 10:02:52,445 INFO  logging.LoggingHandler (AbstractInternalLogger.java:log(150)) - [id: 0x404738b4, L:/0.0.0.0:37394] READ COMPLETE
2019-09-26 10:02:52,445 INFO  logging.LoggingHandler (AbstractInternalLogger.java:log(150)) - [id: 0x404738b4, L:/0.0.0.0:37394] READ: [id: 0x6de30d52, L:/192.168.30.59:37394 - R:/192.168.30.59:34220]
2019-09-26 10:02:52,446 INFO  logging.LoggingHandler (AbstractInternalLogger.java:log(150)) - [id: 0x404738b4, L:/0.0.0.0:37394] READ COMPLETE
2019-09-26 10:02:52,446 INFO  logging.LoggingHandler (AbstractInternalLogger.java:log(150)) - [id: 0x404738b4, L:/0.0.0.0:37394] READ: [id: 0x6fc8d24d, L:/192.168.30.59:37394 - R:/192.168.30.59:34222]
2019-09-26 10:02:52,446 INFO  logging.LoggingHandler (AbstractInternalLogger.java:log(150)) - [id: 0x404738b4, L:/0.0.0.0:37394] READ COMPLETE
2019-09-26 10:02:52,446 INFO  logging.LoggingHandler (AbstractInternalLogger.java:log(150)) - [id: 0x404738b4, L:/0.0.0.0:37394] READ: [id: 0x4f406f50, L:/192.168.30.59:37394 - R:/192.168.30.59:34224]
2019-09-26 10:02:52,447 INFO  logging.LoggingHandler (AbstractInternalLogger.java:log(150)) - [id: 0x404738b4, L:/0.0.0.0:37394] READ COMPLETE
2019-09-26 10:02:52,447 INFO  logging.LoggingHandler (AbstractInternalLogger.java:log(150)) - [id: 0x404738b4, L:/0.0.0.0:37394] READ: [id: 0xa1b29c82, L:/192.168.30.59:37394 - R:/192.168.30.59:34226]
2019-09-26 10:02:52,447 INFO  logging.LoggingHandler (AbstractInternalLogger.java:log(150)) - [id: 0x404738b4, L:/0.0.0.0:37394] READ COMPLETE
2019-09-26 10:02:52,447 INFO  logging.LoggingHandler (AbstractInternalLogger.java:log(150)) - [id: 0x404738b4, L:/0.0.0.0:37394] READ: [id: 0x4529b158, L:/192.168.30.59:37394 - R:/192.168.30.59:34228]
2019-09-26 10:02:52,448 INFO  logging.LoggingHandler (AbstractInternalLogger.java:log(150)) - [id: 0x404738b4, L:/0.0.0.0:37394] READ COMPLETE
2019-09-26 10:02:52,448 INFO  logging.LoggingHandler (AbstractInternalLogger.java:log(150)) - [id: 0x404738b4, L:/0.0.0.0:37394] READ: [id: 0x3154c05f, L:/192.168.30.59:37394 - R:/192.168.30.59:34230]
2019-09-26 10:02:52,448 INFO  logging.LoggingHandler (AbstractInternalLogger.java:log(150)) - [id: 0x404738b4, L:/0.0.0.0:37394] READ COMPLETE
2019-09-26 10:02:52,450 TRACE util.FileUtils (LogUtils.java:supplyAndLog(82)) - Successfully supplied Files.newOutputStream CREATE_NEW /workdir/ratis-examples/target/test/data/1fdfb1b/TestFileStoreWithNetty/filestore/s0/file04: java.nio.channels.Channels$1@7f3f1814
2019-09-26 10:02:52,450 TRACE util.FileUtils (LogUtils.java:supplyAndLog(82)) - Successfully supplied Files.newOutputStream CREATE_NEW /workdir/ratis-examples/target/test/data/1fdfb1b/TestFileStoreWithNetty/filestore/s0/file09: java.nio.channels.Channels$1@2527194a
2019-09-26 10:02:52,450 TRACE util.FileUtils (LogUtils.java:supplyAndLog(82)) - Successfully supplied Files.newOutputStream CREATE_NEW /workdir/ratis-examples/target/test/data/1fdfb1b/TestFileStoreWithNetty/filestore/s2/file09: java.nio.channels.Channels$1@4f184521
2019-09-26 10:02:52,450 TRACE util.FileUtils (LogUtils.java:supplyAndLog(82)) - Successfully supplied Files.newOutputStream CREATE_NEW /workdir/ratis-examples/target/test/data/1fdfb1b/TestFileStoreWithNetty/filestore/s0/file01: java.nio.channels.Channels$1@40a83e03
2019-09-26 10:02:52,452 TRACE util.FileUtils (LogUtils.java:supplyAndLog(82)) - Successfully supplied Files.newOutputStream CREATE_NEW /workdir/ratis-examples/target/test/data/1fdfb1b/TestFileStoreWithNetty/filestore/s0/file07: java.nio.channels.Channels$1@3ab86c6a
2019-09-26 10:02:52,450 TRACE util.FileUtils (LogUtils.java:supplyAndLog(82)) - Successfully supplied Files.newOutputStream CREATE_NEW /workdir/ratis-examples/target/test/data/1fdfb1b/TestFileStoreWithNetty/filestore/s2/file07: java.nio.channels.Channels$1@3110a3a6
2019-09-26 10:02:52,468 TRACE util.FileUtils (LogUtils.java:supplyAndLog(82)) - Successfully supplied Files.newOutputStream CREATE_NEW /workdir/ratis-examples/target/test/data/1fdfb1b/TestFileStoreWithNetty/filestore/s1/file00: java.nio.channels.Channels$1@5a9b97c2
2019-09-26 10:02:52,478 TRACE util.FileUtils (LogUtils.java:supplyAndLog(82)) - Successfully supplied Files.newOutputStream CREATE_NEW /workdir/ratis-examples/target/test/data/1fdfb1b/TestFileStoreWithNetty/filestore/s2/file00: java.nio.channels.Channels$1@643a2091
2019-09-26 10:02:52,479 TRACE util.FileUtils (LogUtils.java:supplyAndLog(82)) - Successfully supplied Files.newOutputStream CREATE_NEW /workdir/ratis-examples/target/test/data/1fdfb1b/TestFileStoreWithNetty/filestore/s1/file06: java.nio.channels.Channels$1@453fd2dc
2019-09-26 10:02:52,480 TRACE util.FileUtils (LogUtils.java:supplyAndLog(82)) - Successfully supplied Files.newOutputStream CREATE_NEW /workdir/ratis-examples/target/test/data/1fdfb1b/TestFileStoreWithNetty/filestore/s0/file00: java.nio.channels.Channels$1@6e5b0f3b
2019-09-26 10:02:52,480 TRACE util.FileUtils (LogUtils.java:supplyAndLog(82)) - Successfully supplied Files.newOutputStream CREATE_NEW /workdir/ratis-examples/target/test/data/1fdfb1b/TestFileStoreWithNetty/filestore/s1/file08: java.nio.channels.Channels$1@17c5748e
2019-09-26 10:02:52,507 TRACE util.FileUtils (LogUtils.java:supplyAndLog(82)) - Successfully supplied Files.newOutputStream CREATE_NEW /workdir/ratis-examples/target/test/data/1fdfb1b/TestFileStoreWithNetty/filestore/s0/file06: java.nio.channels.Channels$1@296c1784
2019-09-26 10:02:52,508 TRACE util.FileUtils (LogUtils.java:supplyAndLog(82)) - Successfully supplied Files.newOutputStream CREATE_NEW /workdir/ratis-examples/target/test/data/1fdfb1b/TestFileStoreWithNetty/filestore/s0/file08: java.nio.channels.Channels$1@1fdecb31
2019-09-26 10:02:52,508 TRACE util.FileUtils (LogUtils.java:supplyAndLog(82)) - Successfully supplied Files.newOutputStream CREATE_NEW /workdir/ratis-examples/target/test/data/1fdfb1b/TestFileStoreWithNetty/filestore/s2/file08: java.nio.channels.Channels$1@3936a3cb
2019-09-26 10:02:52,508 TRACE util.FileUtils (LogUtils.java:supplyAndLog(82)) - Successfully supplied Files.newOutputStream CREATE_NEW /workdir/ratis-examples/target/test/data/1fdfb1b/TestFileStoreWithNetty/filestore/s2/file06: java.nio.channels.Channels$1@5dec2484
2019-09-26 10:02:52,532 TRACE util.FileUtils (LogUtils.java:supplyAndLog(82)) - Successfully supplied Files.newOutputStream CREATE_NEW /workdir/ratis-examples/target/test/data/1fdfb1b/TestFileStoreWithNetty/filestore/s1/file15: java.nio.channels.Channels$1@67dcc0e8
2019-09-26 10:02:52,533 TRACE util.FileUtils (LogUtils.java:supplyAndLog(82)) - Successfully supplied Files.newOutputStream CREATE_NEW /workdir/ratis-examples/target/test/data/1fdfb1b/TestFileStoreWithNetty/filestore/s1/file13: java.nio.channels.Channels$1@4badcbcb
2019-09-26 10:02:52,536 TRACE util.FileUtils (LogUtils.java:supplyAndLog(82)) - Successfully supplied Files.newOutputStream CREATE_NEW /workdir/ratis-examples/target/test/data/1fdfb1b/TestFileStoreWithNetty/filestore/s0/file15: java.nio.channels.Channels$1@4e6fc866
2019-09-26 10:02:52,536 TRACE util.FileUtils (LogUtils.java:supplyAndLog(82)) - Successfully supplied Files.newOutputStream CREATE_NEW /workdir/ratis-examples/target/test/data/1fdfb1b/TestFileStoreWithNetty/filestore/s0/file13: java.nio.channels.Channels$1@71f8f983
2019-09-26 10:02:52,552 TRACE util.FileUtils (LogUtils.java:supplyAndLog(82)) - Successfully supplied Files.newOutputStream CREATE_NEW /workdir/ratis-examples/target/test/data/1fdfb1b/TestFileStoreWithNetty/filestore/s2/file15: java.nio.channels.Channels$1@41dfa2b2
2019-09-26 10:02:52,553 TRACE util.FileUtils (LogUtils.java:supplyAndLog(82)) - Successfully supplied Files.newOutputStream CREATE_NEW /workdir/ratis-examples/target/test/data/1fdfb1b/TestFileStoreWithNetty/filestore/s2/file13: java.nio.channels.Channels$1@3fd75bf4
2019-09-26 10:02:52,560 TRACE util.FileUtils (LogUtils.java:supplyAndLog(82)) - Successfully supplied Files.newOutputStream CREATE_NEW /workdir/ratis-examples/target/test/data/1fdfb1b/TestFileStoreWithNetty/filestore/s1/file19: java.nio.channels.Channels$1@3ac4358e
2019-09-26 10:02:52,561 TRACE util.FileUtils (LogUtils.java:supplyAndLog(82)) - Successfully supplied Files.newOutputStream CREATE_NEW /workdir/ratis-examples/target/test/data/1fdfb1b/TestFileStoreWithNetty/filestore/s1/file16: java.nio.channels.Channels$1@3ae8fdf4
2019-09-26 10:02:52,572 TRACE util.FileUtils (LogUtils.java:supplyAndLog(82)) - Successfully supplied Files.newOutputStream CREATE_NEW /workdir/ratis-examples/target/test/data/1fdfb1b/TestFileStoreWithNetty/filestore/s2/file16: java.nio.channels.Channels$1@6005b8ce
2019-09-26 10:02:52,572 TRACE util.FileUtils (LogUtils.java:supplyAndLog(82)) - Successfully supplied Files.newOutputStream CREATE_NEW /workdir/ratis-examples/target/test/data/1fdfb1b/TestFileStoreWithNetty/filestore/s2/file19: java.nio.channels.Channels$1@a739f4c
2019-09-26 10:02:52,573 TRACE util.FileUtils (LogUtils.java:supplyAndLog(82)) - Successfully supplied Files.newOutputStream CREATE_NEW /workdir/ratis-examples/target/test/data/1fdfb1b/TestFileStoreWithNetty/filestore/s0/file19: java.nio.channels.Channels$1@4b0840e3
2019-09-26 10:02:52,574 TRACE util.FileUtils (LogUtils.java:supplyAndLog(82)) - Successfully supplied Files.newOutputStream CREATE_NEW /workdir/ratis-examples/target/test/data/1fdfb1b/TestFileStoreWithNetty/filestore/s1/file18: java.nio.channels.Channels$1@41005ea3
2019-09-26 10:02:52,574 TRACE util.FileUtils (LogUtils.java:supplyAndLog(82)) - Successfully supplied Files.newOutputStream CREATE_NEW /workdir/ratis-examples/target/test/data/1fdfb1b/TestFileStoreWithNetty/filestore/s0/file16: java.nio.channels.Channels$1@6a649628
2019-09-26 10:02:52,579 TRACE util.FileUtils (LogUtils.java:supplyAndLog(82)) - Successfully supplied Files.newOutputStream CREATE_NEW /workdir/ratis-examples/target/test/data/1fdfb1b/TestFileStoreWithNetty/filestore/s2/file18: java.nio.channels.Channels$1@3d092035
2019-09-26 10:02:52,582 TRACE util.FileUtils (LogUtils.java:supplyAndLog(82)) - Successfully supplied Files.newOutputStream CREATE_NEW /workdir/ratis-examples/target/test/data/1fdfb1b/TestFileStoreWithNetty/filestore/s0/file18: java.nio.channels.Channels$1@2d539671
2019-09-26 10:02:52,594 TRACE util.FileUtils (LogUtils.java:supplyAndLog(82)) - Successfully supplied Files.newOutputStream CREATE_NEW /workdir/ratis-examples/target/test/data/1fdfb1b/TestFileStoreWithNetty/filestore/s1/file14: java.nio.channels.Channels$1@63e358cb
2019-09-26 10:02:52,596 TRACE util.FileUtils (LogUtils.java:supplyAndLog(82)) - Successfully supplied Files.newOutputStream CREATE_NEW /workdir/ratis-examples/target/test/data/1fdfb1b/TestFileStoreWithNetty/filestore/s1/file11: java.nio.channels.Channels$1@4f925666
2019-09-26 10:02:52,597 TRACE util.FileUtils (LogUtils.java:supplyAndLog(82)) - Successfully supplied Files.newOutputStream CREATE_NEW /workdir/ratis-examples/target/test/data/1fdfb1b/TestFileStoreWithNetty/filestore/s0/file14: java.nio.channels.Channels$1@4a505573
2019-09-26 10:02:52,597 TRACE util.FileUtils (LogUtils.java:supplyAndLog(82)) - Successfully supplied Files.newOutputStream CREATE_NEW /workdir/ratis-examples/target/test/data/1fdfb1b/TestFileStoreWithNetty/filestore/s0/file11: java.nio.channels.Channels$1@75c77364
2019-09-26 10:02:52,610 TRACE util.FileUtils (LogUtils.java:supplyAndLog(82)) - Successfully supplied Files.newOutputStream CREATE_NEW /workdir/ratis-examples/target/test/data/1fdfb1b/TestFileStoreWithNetty/filestore/s2/file14: java.nio.channels.Channels$1@45e02e51
2019-09-26 10:02:52,610 TRACE util.FileUtils (LogUtils.java:supplyAndLog(82)) - Successfully supplied Files.newOutputStream CREATE_NEW /workdir/ratis-examples/target/test/data/1fdfb1b/TestFileStoreWithNetty/filestore/s2/file11: java.nio.channels.Channels$1@3be8c8d6
2019-09-26 10:02:52,628 TRACE util.FileUtils (LogUtils.java:supplyAndLog(82)) - Successfully supplied Files.newOutputStream CREATE_NEW /workdir/ratis-examples/target/test/data/1fdfb1b/TestFileStoreWithNetty/filestore/s1/file17: java.nio.channels.Channels$1@2af074ad
2019-09-26 10:02:52,634 TRACE util.FileUtils (LogUtils.java:supplyAndLog(82)) - Successfully supplied Files.newOutputStream CREATE_NEW /workdir/ratis-examples/target/test/data/1fdfb1b/TestFileStoreWithNetty/filestore/s2/file17: java.nio.channels.Channels$1@25072aaa
2019-09-26 10:02:52,649 TRACE util.FileUtils (LogUtils.java:supplyAndLog(82)) - Successfully supplied Files.newOutputStream CREATE_NEW /workdir/ratis-examples/target/test/data/1fdfb1b/TestFileStoreWithNetty/filestore/s0/file17: java.nio.channels.Channels$1@4f37cd5a
2019-09-26 10:02:59,583 INFO  ratis.MiniRaftCluster (MiniRaftCluster.java:lambda$null$5(297)) - TIMED-PRINT: printing ALL groups
  s0:  RUNNING  FOLLOWER s0@group-EA0D101F487D:t2, leader=s1, voted=s0, raftlog=s0@group-EA0D101F487D-SegmentedRaftLog:OPENED:c7726,f7733,i7738, conf=0: [s0:0.0.0.0:42528, s1:0.0.0.0:37394, s2:0.0.0.0:41916], old=null RUNNING
  s1:  RUNNING    LEADER s1@group-EA0D101F487D:t2, leader=s1, voted=s1, raftlog=s1@group-EA0D101F487D-SegmentedRaftLog:OPENED:c7735,f7735,i7741, conf=0: [s0:0.0.0.0:42528, s1:0.0.0.0:37394, s2:0.0.0.0:41916], old=null RUNNING
  s2:  RUNNING  FOLLOWER s2@group-EA0D101F487D:t2, leader=s1, voted=s1, raftlog=s2@group-EA0D101F487D-SegmentedRaftLog:OPENED:c7729,f7735,i7738, conf=0: [s0:0.0.0.0:42528, s1:0.0.0.0:37394, s2:0.0.0.0:41916], old=null RUNNING
2019-09-26 10:03:04,750 INFO  logging.LoggingHandler (AbstractInternalLogger.java:log(150)) - [id: 0x98fa128d, L:0.0.0.0/0.0.0.0:42528] READ: [id: 0x7fe20270, L:/192.168.30.59:42528 - R:/192.168.30.59:56768]
2019-09-26 10:03:04,750 INFO  logging.LoggingHandler (AbstractInternalLogger.java:log(150)) - [id: 0x98fa128d, L:0.0.0.0/0.0.0.0:42528] READ COMPLETE
2019-09-26 10:03:04,755 INFO  logging.LoggingHandler (AbstractInternalLogger.java:log(150)) - [id: 0x404738b4, L:/0.0.0.0:37394] READ: [id: 0x1c7d1d9e, L:/192.168.30.59:37394 - R:/192.168.30.59:34358]
2019-09-26 10:03:04,756 INFO  logging.LoggingHandler (AbstractInternalLogger.java:log(150)) - [id: 0x404738b4, L:/0.0.0.0:37394] READ COMPLETE
2019-09-26 10:03:04,772 INFO  logging.LoggingHandler (AbstractInternalLogger.java:log(150)) - [id: 0x98fa128d, L:0.0.0.0/0.0.0.0:42528] READ: [id: 0x7687a59b, L:/192.168.30.59:42528 - R:/192.168.30.59:56772]
2019-09-26 10:03:04,773 INFO  logging.LoggingHandler (AbstractInternalLogger.java:log(150)) - [id: 0x98fa128d, L:0.0.0.0/0.0.0.0:42528] READ COMPLETE
2019-09-26 10:03:04,775 INFO  logging.LoggingHandler (AbstractInternalLogger.java:log(150)) - [id: 0x404738b4, L:/0.0.0.0:37394] READ: [id: 0x15d71132, L:/192.168.30.59:37394 - R:/192.168.30.59:34362]
2019-09-26 10:03:04,776 INFO  logging.LoggingHandler (AbstractInternalLogger.java:log(150)) - [id: 0x404738b4, L:/0.0.0.0:37394] READ COMPLETE
2019-09-26 10:03:04,787 INFO  logging.LoggingHandler (AbstractInternalLogger.java:log(150)) - [id: 0x98fa128d, L:0.0.0.0/0.0.0.0:42528] READ: [id: 0x91af97f3, L:/192.168.30.59:42528 - R:/192.168.30.59:56776]
2019-09-26 10:03:04,787 INFO  logging.LoggingHandler (AbstractInternalLogger.java:log(150)) - [id: 0x98fa128d, L:0.0.0.0/0.0.0.0:42528] READ COMPLETE
2019-09-26 10:03:04,787 INFO  logging.LoggingHandler (AbstractInternalLogger.java:log(150)) - [id: 0x98fa128d, L:0.0.0.0/0.0.0.0:42528] READ: [id: 0x9bb3be73, L:/192.168.30.59:42528 - R:/192.168.30.59:56778]
2019-09-26 10:03:04,787 INFO  logging.LoggingHandler (AbstractInternalLogger.java:log(150)) - [id: 0x98fa128d, L:0.0.0.0/0.0.0.0:42528] READ COMPLETE
2019-09-26 10:03:04,791 INFO  logging.LoggingHandler (AbstractInternalLogger.java:log(150)) - [id: 0x98fa128d, L:0.0.0.0/0.0.0.0:42528] READ: [id: 0xde983fbb, L:/192.168.30.59:42528 - R:/192.168.30.59:56780]
2019-09-26 10:03:04,792 INFO  logging.LoggingHandler (AbstractInternalLogger.java:log(150)) - [id: 0x98fa128d, L:0.0.0.0/0.0.0.0:42528] READ COMPLETE
2019-09-26 10:03:04,792 INFO  logging.LoggingHandler (AbstractInternalLogger.java:log(150)) - [id: 0x98fa128d, L:0.0.0.0/0.0.0.0:42528] READ: [id: 0x333d8ad9, L:/192.168.30.59:42528 - R:/192.168.30.59:56782]
2019-09-26 10:03:04,794 INFO  logging.LoggingHandler (AbstractInternalLogger.java:log(150)) - [id: 0x98fa128d, L:0.0.0.0/0.0.0.0:42528] READ COMPLETE
2019-09-26 10:03:04,794 INFO  logging.LoggingHandler (AbstractInternalLogger.java:log(150)) - [id: 0x404738b4, L:/0.0.0.0:37394] READ: [id: 0xbedd4826, L:/192.168.30.59:37394 - R:/192.168.30.59:34374]
2019-09-26 10:03:04,795 INFO  logging.LoggingHandler (AbstractInternalLogger.java:log(150)) - [id: 0x404738b4, L:/0.0.0.0:37394] READ COMPLETE
2019-09-26 10:03:04,795 INFO  logging.LoggingHandler (AbstractInternalLogger.java:log(150)) - [id: 0x98fa128d, L:0.0.0.0/0.0.0.0:42528] READ: [id: 0x786231f3, L:/192.168.30.59:42528 - R:/192.168.30.59:56784]
2019-09-26 10:03:04,795 INFO  logging.LoggingHandler (AbstractInternalLogger.java:log(150)) - [id: 0x404738b4, L:/0.0.0.0:37394] READ: [id: 0x51567922, L:/192.168.30.59:37394 - R:/192.168.30.59:34376]
2019-09-26 10:03:04,795 INFO  logging.LoggingHandler (AbstractInternalLogger.java:log(150)) - [id: 0x98fa128d, L:0.0.0.0/0.0.0.0:42528] READ COMPLETE
2019-09-26 10:03:04,795 INFO  logging.LoggingHandler (AbstractInternalLogger.java:log(150)) - [id: 0x404738b4, L:/0.0.0.0:37394] READ COMPLETE
2019-09-26 10:03:04,797 INFO  logging.LoggingHandler (AbstractInternalLogger.java:log(150)) - [id: 0x98fa128d, L:0.0.0.0/0.0.0.0:42528] READ: [id: 0x96ed18ad, L:/192.168.30.59:42528 - R:/192.168.30.59:56790]
2019-09-26 10:03:04,797 INFO  logging.LoggingHandler (AbstractInternalLogger.java:log(150)) - [id: 0x98fa128d, L:0.0.0.0/0.0.0.0:42528] READ COMPLETE
2019-09-26 10:03:04,800 TRACE util.FileUtils (LogUtils.java:supplyAndLog(82)) - Successfully supplied Files.newOutputStream CREATE_NEW /workdir/ratis-examples/target/test/data/1fdfb1b/TestFileStoreWithNetty/filestore/s1/file20: java.nio.channels.Channels$1@561c0f35
2019-09-26 10:03:04,801 INFO  logging.LoggingHandler (AbstractInternalLogger.java:log(150)) - [id: 0x98fa128d, L:0.0.0.0/0.0.0.0:42528] READ: [id: 0x66fd09ec, L:/192.168.30.59:42528 - R:/192.168.30.59:56792]
2019-09-26 10:03:04,802 INFO  logging.LoggingHandler (AbstractInternalLogger.java:log(150)) - [id: 0x404738b4, L:/0.0.0.0:37394] READ: [id: 0xd2767408, L:/192.168.30.59:37394 - R:/192.168.30.59:34382]
2019-09-26 10:03:04,805 INFO  logging.LoggingHandler (AbstractInternalLogger.java:log(150)) - [id: 0x98fa128d, L:0.0.0.0/0.0.0.0:42528] READ COMPLETE
2019-09-26 10:03:04,805 INFO  logging.LoggingHandler (AbstractInternalLogger.java:log(150)) - [id: 0x404738b4, L:/0.0.0.0:37394] READ COMPLETE
2019-09-26 10:03:04,806 INFO  logging.LoggingHandler (AbstractInternalLogger.java:log(150)) - [id: 0x404738b4, L:/0.0.0.0:37394] READ: [id: 0x08640ae2, L:/192.168.30.59:37394 - R:/192.168.30.59:34384]
2019-09-26 10:03:04,806 INFO  logging.LoggingHandler (AbstractInternalLogger.java:log(150)) - [id: 0x404738b4, L:/0.0.0.0:37394] READ COMPLETE
2019-09-26 10:03:04,807 INFO  logging.LoggingHandler (AbstractInternalLogger.java:log(150)) - [id: 0x404738b4, L:/0.0.0.0:37394] READ: [id: 0x801b3d99, L:/192.168.30.59:37394 - R:/192.168.30.59:34386]
2019-09-26 10:03:04,807 INFO  logging.LoggingHandler (AbstractInternalLogger.java:log(150)) - [id: 0x404738b4, L:/0.0.0.0:37394] READ COMPLETE
2019-09-26 10:03:04,808 INFO  logging.LoggingHandler (AbstractInternalLogger.java:log(150)) - [id: 0x404738b4, L:/0.0.0.0:37394] READ: [id: 0x9e2c44cc, L:/192.168.30.59:37394 - R:/192.168.30.59:34388]
2019-09-26 10:03:04,808 INFO  logging.LoggingHandler (AbstractInternalLogger.java:log(150)) - [id: 0x404738b4, L:/0.0.0.0:37394] READ COMPLETE
2019-09-26 10:03:04,808 TRACE util.FileUtils (LogUtils.java:supplyAndLog(82)) - Successfully supplied Files.newOutputStream CREATE_NEW /workdir/ratis-examples/target/test/data/1fdfb1b/TestFileStoreWithNetty/filestore/s2/file20: java.nio.channels.Channels$1@e4c0ada
2019-09-26 10:03:04,808 INFO  logging.LoggingHandler (AbstractInternalLogger.java:log(150)) - [id: 0x404738b4, L:/0.0.0.0:37394] READ: [id: 0xed765c38, L:/192.168.30.59:37394 - R:/192.168.30.59:34390]
2019-09-26 10:03:04,809 INFO  logging.LoggingHandler (AbstractInternalLogger.java:log(150)) - [id: 0x404738b4, L:/0.0.0.0:37394] READ COMPLETE
2019-09-26 10:03:04,809 TRACE util.FileUtils (LogUtils.java:supplyAndLog(82)) - Successfully supplied Files.newOutputStream CREATE_NEW /workdir/ratis-examples/target/test/data/1fdfb1b/TestFileStoreWithNetty/filestore/s0/file20: java.nio.channels.Channels$1@30c5f3b8
2019-09-26 10:03:04,810 INFO  logging.LoggingHandler (AbstractInternalLogger.java:log(150)) - [id: 0x98fa128d, L:0.0.0.0/0.0.0.0:42528] READ: [id: 0x1d49d16e, L:/192.168.30.59:42528 - R:/192.168.30.59:56804]
2019-09-26 10:03:04,811 INFO  logging.LoggingHandler (AbstractInternalLogger.java:log(150)) - [id: 0x98fa128d, L:0.0.0.0/0.0.0.0:42528] READ COMPLETE
2019-09-26 10:03:04,814 INFO  logging.LoggingHandler (AbstractInternalLogger.java:log(150)) - [id: 0x404738b4, L:/0.0.0.0:37394] READ: [id: 0x1a968734, L:/192.168.30.59:37394 - R:/192.168.30.59:34394]
2019-09-26 10:03:04,815 INFO  logging.LoggingHandler (AbstractInternalLogger.java:log(150)) - [id: 0x404738b4, L:/0.0.0.0:37394] READ COMPLETE
2019-09-26 10:03:04,815 TRACE util.FileUtils (LogUtils.java:supplyAndLog(82)) - Successfully supplied Files.newOutputStream CREATE_NEW /workdir/ratis-examples/target/test/data/1fdfb1b/TestFileStoreWithNetty/filestore/s1/file23: java.nio.channels.Channels$1@3ed77e71
2019-09-26 10:03:04,825 TRACE util.FileUtils (LogUtils.java:supplyAndLog(82)) - Successfully supplied Files.newOutputStream CREATE_NEW /workdir/ratis-examples/target/test/data/1fdfb1b/TestFileStoreWithNetty/filestore/s0/file23: java.nio.channels.Channels$1@43706a77
2019-09-26 10:03:04,827 INFO  logging.LoggingHandler (AbstractInternalLogger.java:log(150)) - [id: 0x98fa128d, L:0.0.0.0/0.0.0.0:42528] READ: [id: 0x8c4d447f, L:/192.168.30.59:42528 - R:/192.168.30.59:56808]
2019-09-26 10:03:04,828 INFO  logging.LoggingHandler (AbstractInternalLogger.java:log(150)) - [id: 0x98fa128d, L:0.0.0.0/0.0.0.0:42528] READ COMPLETE
2019-09-26 10:03:04,828 TRACE util.FileUtils (LogUtils.java:supplyAndLog(82)) - Successfully supplied Files.newOutputStream CREATE_NEW /workdir/ratis-examples/target/test/data/1fdfb1b/TestFileStoreWithNetty/filestore/s2/file23: java.nio.channels.Channels$1@5f21ef81
2019-09-26 10:03:04,840 TRACE util.FileUtils (LogUtils.java:supplyAndLog(82)) - Successfully supplied Files.newOutputStream CREATE_NEW /workdir/ratis-examples/target/test/data/1fdfb1b/TestFileStoreWithNetty/filestore/s1/file21: java.nio.channels.Channels$1@58dbeb86
2019-09-26 10:03:04,840 INFO  logging.LoggingHandler (AbstractInternalLogger.java:log(150)) - [id: 0x404738b4, L:/0.0.0.0:37394] READ: [id: 0x8a597c94, L:/192.168.30.59:37394 - R:/192.168.30.59:34398]
2019-09-26 10:03:04,840 INFO  logging.LoggingHandler (AbstractInternalLogger.java:log(150)) - [id: 0x404738b4, L:/0.0.0.0:37394] READ COMPLETE
2019-09-26 10:03:04,841 INFO  logging.LoggingHandler (AbstractInternalLogger.java:log(150)) - [id: 0x98fa128d, L:0.0.0.0/0.0.0.0:42528] READ: [id: 0xbf81dfe2, L:/192.168.30.59:42528 - R:/192.168.30.59:56812]
2019-09-26 10:03:04,842 INFO  logging.LoggingHandler (AbstractInternalLogger.java:log(150)) - [id: 0x98fa128d, L:0.0.0.0/0.0.0.0:42528] READ COMPLETE
2019-09-26 10:03:04,843 TRACE util.FileUtils (LogUtils.java:supplyAndLog(82)) - Successfully supplied Files.newOutputStream CREATE_NEW /workdir/ratis-examples/target/test/data/1fdfb1b/TestFileStoreWithNetty/filestore/s0/file21: java.nio.channels.Channels$1@2be0e39e
2019-09-26 10:03:04,843 INFO  logging.LoggingHandler (AbstractInternalLogger.java:log(150)) - [id: 0x404738b4, L:/0.0.0.0:37394] READ: [id: 0xf10b59dd, L:/192.168.30.59:37394 - R:/192.168.30.59:34402]
2019-09-26 10:03:04,844 INFO  logging.LoggingHandler (AbstractInternalLogger.java:log(150)) - [id: 0x404738b4, L:/0.0.0.0:37394] READ COMPLETE
2019-09-26 10:03:04,855 TRACE util.FileUtils (LogUtils.java:supplyAndLog(82)) - Successfully supplied Files.newOutputStream CREATE_NEW /workdir/ratis-examples/target/test/data/1fdfb1b/TestFileStoreWithNetty/filestore/s2/file21: java.nio.channels.Channels$1@4b4e9577
2019-09-26 10:03:04,857 TRACE util.FileUtils (LogUtils.java:supplyAndLog(82)) - Successfully supplied Files.newOutputStream CREATE_NEW /workdir/ratis-examples/target/test/data/1fdfb1b/TestFileStoreWithNetty/filestore/s1/file26: java.nio.channels.Channels$1@30ee9bb7
2019-09-26 10:03:04,857 TRACE util.FileUtils (LogUtils.java:supplyAndLog(82)) - Successfully supplied Files.newOutputStream CREATE_NEW /workdir/ratis-examples/target/test/data/1fdfb1b/TestFileStoreWithNetty/filestore/s1/file24: java.nio.channels.Channels$1@6febc068
2019-09-26 10:03:04,860 TRACE util.FileUtils (LogUtils.java:supplyAndLog(82)) - Successfully supplied Files.newOutputStream CREATE_NEW /workdir/ratis-examples/target/test/data/1fdfb1b/TestFileStoreWithNetty/filestore/s0/file26: java.nio.channels.Channels$1@347f954d
2019-09-26 10:03:04,860 TRACE util.FileUtils (LogUtils.java:supplyAndLog(82)) - Successfully supplied Files.newOutputStream CREATE_NEW /workdir/ratis-examples/target/test/data/1fdfb1b/TestFileStoreWithNetty/filestore/s0/file24: java.nio.channels.Channels$1@7486a3cd
2019-09-26 10:03:04,861 TRACE util.FileUtils (LogUtils.java:supplyAndLog(82)) - Successfully supplied Files.newOutputStream CREATE_NEW /workdir/ratis-examples/target/test/data/1fdfb1b/TestFileStoreWithNetty/filestore/s1/file22: java.nio.channels.Channels$1@13faf2ae
2019-09-26 10:03:04,871 TRACE util.FileUtils (LogUtils.java:supplyAndLog(82)) - Successfully supplied Files.newOutputStream CREATE_NEW /workdir/ratis-examples/target/test/data/1fdfb1b/TestFileStoreWithNetty/filestore/s2/file26: java.nio.channels.Channels$1@e2a889
2019-09-26 10:03:04,871 TRACE util.FileUtils (LogUtils.java:supplyAndLog(82)) - Successfully supplied Files.newOutputStream CREATE_NEW /workdir/ratis-examples/target/test/data/1fdfb1b/TestFileStoreWithNetty/filestore/s2/file22: java.nio.channels.Channels$1@7eea51cf
2019-09-26 10:03:04,871 TRACE util.FileUtils (LogUtils.java:supplyAndLog(82)) - Successfully supplied Files.newOutputStream CREATE_NEW /workdir/ratis-examples/target/test/data/1fdfb1b/TestFileStoreWithNetty/filestore/s2/file24: java.nio.channels.Channels$1@5b1e70bd
2019-09-26 10:03:04,885 TRACE util.FileUtils (LogUtils.java:supplyAndLog(82)) - Successfully supplied Files.newOutputStream CREATE_NEW /workdir/ratis-examples/target/test/data/1fdfb1b/TestFileStoreWithNetty/filestore/s0/file22: java.nio.channels.Channels$1@68511dbf
2019-09-26 10:03:04,886 TRACE util.FileUtils (LogUtils.java:supplyAndLog(82)) - Successfully supplied Files.newOutputStream CREATE_NEW /workdir/ratis-examples/target/test/data/1fdfb1b/TestFileStoreWithNetty/filestore/s1/file28: java.nio.channels.Channels$1@26e1cad3
2019-09-26 10:03:04,886 TRACE util.FileUtils (LogUtils.java:supplyAndLog(82)) - Successfully supplied Files.newOutputStream CREATE_NEW /workdir/ratis-examples/target/test/data/1fdfb1b/TestFileStoreWithNetty/filestore/s2/file28: java.nio.channels.Channels$1@4bbb3b36
2019-09-26 10:03:04,886 TRACE util.FileUtils (LogUtils.java:supplyAndLog(82)) - Successfully supplied Files.newOutputStream CREATE_NEW /workdir/ratis-examples/target/test/data/1fdfb1b/TestFileStoreWithNetty/filestore/s1/file27: java.nio.channels.Channels$1@16d7b35f
2019-09-26 10:03:04,888 TRACE util.FileUtils (LogUtils.java:supplyAndLog(82)) - Successfully supplied Files.newOutputStream CREATE_NEW /workdir/ratis-examples/target/test/data/1fdfb1b/TestFileStoreWithNetty/filestore/s0/file28: java.nio.channels.Channels$1@f52c25d
2019-09-26 10:03:04,888 TRACE util.FileUtils (LogUtils.java:supplyAndLog(82)) - Successfully supplied Files.newOutputStream CREATE_NEW /workdir/ratis-examples/target/test/data/1fdfb1b/TestFileStoreWithNetty/filestore/s0/file27: java.nio.channels.Channels$1@2fdf723a
2019-09-26 10:03:04,912 TRACE util.FileUtils (LogUtils.java:supplyAndLog(82)) - Successfully supplied Files.newOutputStream CREATE_NEW /workdir/ratis-examples/target/test/data/1fdfb1b/TestFileStoreWithNetty/filestore/s2/file27: java.nio.channels.Channels$1@6df40041
2019-09-26 10:03:04,914 TRACE util.FileUtils (LogUtils.java:supplyAndLog(82)) - Successfully supplied Files.newOutputStream CREATE_NEW /workdir/ratis-examples/target/test/data/1fdfb1b/TestFileStoreWithNetty/filestore/s1/file25: java.nio.channels.Channels$1@34d10972
2019-09-26 10:03:04,914 TRACE util.FileUtils (LogUtils.java:supplyAndLog(82)) - Successfully supplied Files.newOutputStream CREATE_NEW /workdir/ratis-examples/target/test/data/1fdfb1b/TestFileStoreWithNetty/filestore/s2/file25: java.nio.channels.Channels$1@626b9f7a
2019-09-26 10:03:04,915 TRACE util.FileUtils (LogUtils.java:supplyAndLog(82)) - Successfully supplied Files.newOutputStream CREATE_NEW /workdir/ratis-examples/target/test/data/1fdfb1b/TestFileStoreWithNetty/filestore/s0/file25: java.nio.channels.Channels$1@3040071a
2019-09-26 10:03:04,920 TRACE util.FileUtils (LogUtils.java:supplyAndLog(82)) - Successfully supplied Files.newOutputStream CREATE_NEW /workdir/ratis-examples/target/test/data/1fdfb1b/TestFileStoreWithNetty/filestore/s1/file29: java.nio.channels.Channels$1@402d8e7
2019-09-26 10:03:04,931 TRACE util.FileUtils (LogUtils.java:supplyAndLog(82)) - Successfully supplied Files.newOutputStream CREATE_NEW /workdir/ratis-examples/target/test/data/1fdfb1b/TestFileStoreWithNetty/filestore/s2/file29: java.nio.channels.Channels$1@1e1ce5ba
2019-09-26 10:03:04,933 TRACE util.FileUtils (LogUtils.java:supplyAndLog(82)) - Successfully supplied Files.newOutputStream CREATE_NEW /workdir/ratis-examples/target/test/data/1fdfb1b/TestFileStoreWithNetty/filestore/s0/file29: java.nio.channels.Channels$1@1be15c12
2019-09-26 10:03:04,957 TRACE util.FileUtils (LogUtils.java:supplyAndLog(82)) - Successfully supplied Files.newOutputStream CREATE_NEW /workdir/ratis-examples/target/test/data/1fdfb1b/TestFileStoreWithNetty/filestore/s1/file30: java.nio.channels.Channels$1@78e05c57
2019-09-26 10:03:04,973 TRACE util.FileUtils (LogUtils.java:supplyAndLog(82)) - Successfully supplied Files.newOutputStream CREATE_NEW /workdir/ratis-examples/target/test/data/1fdfb1b/TestFileStoreWithNetty/filestore/s2/file30: java.nio.channels.Channels$1@21e37d97
2019-09-26 10:03:04,973 TRACE util.FileUtils (LogUtils.java:supplyAndLog(82)) - Successfully supplied Files.newOutputStream CREATE_NEW /workdir/ratis-examples/target/test/data/1fdfb1b/TestFileStoreWithNetty/filestore/s0/file30: java.nio.channels.Channels$1@2f660500
2019-09-26 10:03:04,987 TRACE util.FileUtils (LogUtils.java:supplyAndLog(82)) - Successfully supplied Files.newOutputStream CREATE_NEW /workdir/ratis-examples/target/test/data/1fdfb1b/TestFileStoreWithNetty/filestore/s1/file31: java.nio.channels.Channels$1@56f87eb5
2019-09-26 10:03:04,987 TRACE util.FileUtils (LogUtils.java:supplyAndLog(82)) - Successfully supplied Files.newOutputStream CREATE_NEW /workdir/ratis-examples/target/test/data/1fdfb1b/TestFileStoreWithNetty/filestore/s0/file31: java.nio.channels.Channels$1@31842339
2019-09-26 10:03:04,988 TRACE util.FileUtils (LogUtils.java:supplyAndLog(82)) - Successfully supplied Files.newOutputStream CREATE_NEW /workdir/ratis-examples/target/test/data/1fdfb1b/TestFileStoreWithNetty/filestore/s2/file31: java.nio.channels.Channels$1@4a53d027
2019-09-26 10:03:09,582 INFO  ratis.MiniRaftCluster (MiniRaftCluster.java:lambda$null$5(297)) - TIMED-PRINT: printing ALL groups
  s0:  RUNNING  FOLLOWER s0@group-EA0D101F487D:t2, leader=s1, voted=s0, raftlog=s0@group-EA0D101F487D-SegmentedRaftLog:OPENED:c12818,f12823,i12824, conf=0: [s0:0.0.0.0:42528, s1:0.0.0.0:37394, s2:0.0.0.0:41916], old=null RUNNING
  s1:  RUNNING    LEADER s1@group-EA0D101F487D:t2, leader=s1, voted=s1, raftlog=s1@group-EA0D101F487D-SegmentedRaftLog:OPENED:c12823,f12823,i12828, conf=0: [s0:0.0.0.0:42528, s1:0.0.0.0:37394, s2:0.0.0.0:41916], old=null RUNNING
  s2:  RUNNING  FOLLOWER s2@group-EA0D101F487D:t2, leader=s1, voted=s1, raftlog=s2@group-EA0D101F487D-SegmentedRaftLog:OPENED:c12818,f12823,i12824, conf=0: [s0:0.0.0.0:42528, s1:0.0.0.0:37394, s2:0.0.0.0:41916], old=null RUNNING
2019-09-26 10:03:11,006 INFO  logging.LoggingHandler (AbstractInternalLogger.java:log(150)) - [id: 0x98fa128d, L:0.0.0.0/0.0.0.0:42528] READ: [id: 0x39ac1027, L:/192.168.30.59:42528 - R:/192.168.30.59:56878]
2019-09-26 10:03:11,006 INFO  logging.LoggingHandler (AbstractInternalLogger.java:log(150)) - [id: 0x98fa128d, L:0.0.0.0/0.0.0.0:42528] READ COMPLETE
2019-09-26 10:03:11,009 INFO  logging.LoggingHandler (AbstractInternalLogger.java:log(150)) - [id: 0x404738b4, L:/0.0.0.0:37394] READ: [id: 0x8428b499, L:/192.168.30.59:37394 - R:/192.168.30.59:34468]
2019-09-26 10:03:11,010 INFO  logging.LoggingHandler (AbstractInternalLogger.java:log(150)) - [id: 0x404738b4, L:/0.0.0.0:37394] READ COMPLETE
2019-09-26 10:03:11,039 INFO  logging.LoggingHandler (AbstractInternalLogger.java:log(150)) - [id: 0x98fa128d, L:0.0.0.0/0.0.0.0:42528] READ: [id: 0x2594f8eb, L:/192.168.30.59:42528 - R:/192.168.30.59:56884]
2019-09-26 10:03:11,039 INFO  logging.LoggingHandler (AbstractInternalLogger.java:log(150)) - [id: 0x98fa128d, L:0.0.0.0/0.0.0.0:42528] READ COMPLETE
2019-09-26 10:03:11,041 INFO  logging.LoggingHandler (AbstractInternalLogger.java:log(150)) - [id: 0x404738b4, L:/0.0.0.0:37394] READ: [id: 0x337831b7, L:/192.168.30.59:37394 - R:/192.168.30.59:34474]
2019-09-26 10:03:11,041 INFO  logging.LoggingHandler (AbstractInternalLogger.java:log(150)) - [id: 0x404738b4, L:/0.0.0.0:37394] READ COMPLETE
2019-09-26 10:03:11,053 INFO  logging.LoggingHandler (AbstractInternalLogger.java:log(150)) - [id: 0x98fa128d, L:0.0.0.0/0.0.0.0:42528] READ: [id: 0xbb958ef3, L:/192.168.30.59:42528 - R:/192.168.30.59:56888]
2019-09-26 10:03:11,053 INFO  logging.LoggingHandler (AbstractInternalLogger.java:log(150)) - [id: 0x98fa128d, L:0.0.0.0/0.0.0.0:42528] READ COMPLETE
2019-09-26 10:03:11,083 INFO  logging.LoggingHandler (AbstractInternalLogger.java:log(150)) - [id: 0x404738b4, L:/0.0.0.0:37394] READ: [id: 0xc9f1b99f, L:/192.168.30.59:37394 - R:/192.168.30.59:34478]
2019-09-26 10:03:11,083 INFO  logging.LoggingHandler (AbstractInternalLogger.java:log(150)) - [id: 0x404738b4, L:/0.0.0.0:37394] READ COMPLETE
2019-09-26 10:03:11,094 INFO  logging.LoggingHandler (AbstractInternalLogger.java:log(150)) - [id: 0x98fa128d, L:0.0.0.0/0.0.0.0:42528] READ: [id: 0xb1f5ad89, L:/192.168.30.59:42528 - R:/192.168.30.59:56892]
2019-09-26 10:03:11,094 INFO  logging.LoggingHandler (AbstractInternalLogger.java:log(150)) - [id: 0x98fa128d, L:0.0.0.0/0.0.0.0:42528] READ COMPLETE
2019-09-26 10:03:11,096 TRACE util.FileUtils (LogUtils.java:supplyAndLog(82)) - Successfully supplied Files.newOutputStream CREATE_NEW /workdir/ratis-examples/target/test/data/1fdfb1b/TestFileStoreWithNetty/filestore/s1/file32: java.nio.channels.Channels$1@a90c1f0
2019-09-26 10:03:11,096 TRACE util.FileUtils (LogUtils.java:supplyAndLog(82)) - Successfully supplied Files.newOutputStream CREATE_NEW /workdir/ratis-examples/target/test/data/1fdfb1b/TestFileStoreWithNetty/filestore/s0/file32: java.nio.channels.Channels$1@a354ad8
2019-09-26 10:03:11,096 INFO  logging.LoggingHandler (AbstractInternalLogger.java:log(150)) - [id: 0x404738b4, L:/0.0.0.0:37394] READ: [id: 0x8e984575, L:/192.168.30.59:37394 - R:/192.168.30.59:34482]
2019-09-26 10:03:11,096 INFO  logging.LoggingHandler (AbstractInternalLogger.java:log(150)) - [id: 0x404738b4, L:/0.0.0.0:37394] READ COMPLETE
2019-09-26 10:03:11,097 INFO  logging.LoggingHandler (AbstractInternalLogger.java:log(150)) - [id: 0x98fa128d, L:0.0.0.0/0.0.0.0:42528] READ: [id: 0x4e3d08f7, L:/192.168.30.59:42528 - R:/192.168.30.59:56896]
2019-09-26 10:03:11,098 INFO  logging.LoggingHandler (AbstractInternalLogger.java:log(150)) - [id: 0x98fa128d, L:0.0.0.0/0.0.0.0:42528] READ COMPLETE
2019-09-26 10:03:11,099 INFO  logging.LoggingHandler (AbstractInternalLogger.java:log(150)) - [id: 0x404738b4, L:/0.0.0.0:37394] READ: [id: 0x45673698, L:/192.168.30.59:37394 - R:/192.168.30.59:34486]
2019-09-26 10:03:11,099 INFO  logging.LoggingHandler (AbstractInternalLogger.java:log(150)) - [id: 0x404738b4, L:/0.0.0.0:37394] READ COMPLETE
2019-09-26 10:03:11,110 TRACE util.FileUtils (LogUtils.java:supplyAndLog(82)) - Successfully supplied Files.newOutputStream CREATE_NEW /workdir/ratis-examples/target/test/data/1fdfb1b/TestFileStoreWithNetty/filestore/s2/file32: java.nio.channels.Channels$1@665417ef
2019-09-26 10:03:11,111 INFO  logging.LoggingHandler (AbstractInternalLogger.java:log(150)) - [id: 0x98fa128d, L:0.0.0.0/0.0.0.0:42528] READ: [id: 0xe9c11699, L:/192.168.30.59:42528 - R:/192.168.30.59:56900]
2019-09-26 10:03:11,112 INFO  logging.LoggingHandler (AbstractInternalLogger.java:log(150)) - [id: 0x98fa128d, L:0.0.0.0/0.0.0.0:42528] READ COMPLETE
2019-09-26 10:03:11,113 INFO  logging.LoggingHandler (AbstractInternalLogger.java:log(150)) - [id: 0x404738b4, L:/0.0.0.0:37394] READ: [id: 0x9ea8c085, L:/192.168.30.59:37394 - R:/192.168.30.59:34490]
2019-09-26 10:03:11,113 INFO  logging.LoggingHandler (AbstractInternalLogger.java:log(150)) - [id: 0x404738b4, L:/0.0.0.0:37394] READ COMPLETE
2019-09-26 10:03:11,155 TRACE util.FileUtils (LogUtils.java:supplyAndLog(82)) - Successfully supplied Files.newOutputStream CREATE_NEW /workdir/ratis-examples/target/test/data/1fdfb1b/TestFileStoreWithNetty/filestore/s1/file34: java.nio.channels.Channels$1@1e06df39
2019-09-26 10:03:11,155 TRACE util.FileUtils (LogUtils.java:supplyAndLog(82)) - Successfully supplied Files.newOutputStream CREATE_NEW /workdir/ratis-examples/target/test/data/1fdfb1b/TestFileStoreWithNetty/filestore/s0/file34: java.nio.channels.Channels$1@4db79c69
2019-09-26 10:03:11,156 TRACE util.FileUtils (LogUtils.java:supplyAndLog(82)) - Successfully supplied Files.newOutputStream CREATE_NEW /workdir/ratis-examples/target/test/data/1fdfb1b/TestFileStoreWithNetty/filestore/s2/file34: java.nio.channels.Channels$1@23569541
2019-09-26 10:03:11,157 INFO  logging.LoggingHandler (AbstractInternalLogger.java:log(150)) - [id: 0x98fa128d, L:0.0.0.0/0.0.0.0:42528] READ: [id: 0xcf9239d6, L:/192.168.30.59:42528 - R:/192.168.30.59:56904]
2019-09-26 10:03:11,157 INFO  logging.LoggingHandler (AbstractInternalLogger.java:log(150)) - [id: 0x98fa128d, L:0.0.0.0/0.0.0.0:42528] READ COMPLETE
2019-09-26 10:03:11,169 TRACE util.FileUtils (LogUtils.java:supplyAndLog(82)) - Successfully supplied Files.newOutputStream CREATE_NEW /workdir/ratis-examples/target/test/data/1fdfb1b/TestFileStoreWithNetty/filestore/s1/file33: java.nio.channels.Channels$1@69c87fd0
2019-09-26 10:03:11,169 TRACE util.FileUtils (LogUtils.java:supplyAndLog(82)) - Successfully supplied Files.newOutputStream CREATE_NEW /workdir/ratis-examples/target/test/data/1fdfb1b/TestFileStoreWithNetty/filestore/s0/file33: java.nio.channels.Channels$1@10eaa641
2019-09-26 10:03:11,170 INFO  logging.LoggingHandler (AbstractInternalLogger.java:log(150)) - [id: 0x404738b4, L:/0.0.0.0:37394] READ: [id: 0xfcfeec9b, L:/192.168.30.59:37394 - R:/192.168.30.59:34494]
2019-09-26 10:03:11,171 TRACE util.FileUtils (LogUtils.java:supplyAndLog(82)) - Successfully supplied Files.newOutputStream CREATE_NEW /workdir/ratis-examples/target/test/data/1fdfb1b/TestFileStoreWithNetty/filestore/s2/file33: java.nio.channels.Channels$1@6333f38f
2019-09-26 10:03:11,171 INFO  logging.LoggingHandler (AbstractInternalLogger.java:log(150)) - [id: 0x404738b4, L:/0.0.0.0:37394] READ COMPLETE
2019-09-26 10:03:11,184 TRACE util.FileUtils (LogUtils.java:supplyAndLog(82)) - Successfully supplied Files.newOutputStream CREATE_NEW /workdir/ratis-examples/target/test/data/1fdfb1b/TestFileStoreWithNetty/filestore/s1/file36: java.nio.channels.Channels$1@5ce46445
2019-09-26 10:03:11,184 TRACE util.FileUtils (LogUtils.java:supplyAndLog(82)) - Successfully supplied Files.newOutputStream CREATE_NEW /workdir/ratis-examples/target/test/data/1fdfb1b/TestFileStoreWithNetty/filestore/s1/file35: java.nio.channels.Channels$1@2c854ab8
2019-09-26 10:03:11,185 TRACE util.FileUtils (LogUtils.java:supplyAndLog(82)) - Successfully supplied Files.newOutputStream CREATE_NEW /workdir/ratis-examples/target/test/data/1fdfb1b/TestFileStoreWithNetty/filestore/s2/file36: java.nio.channels.Channels$1@780ba9f0
2019-09-26 10:03:11,185 TRACE util.FileUtils (LogUtils.java:supplyAndLog(82)) - Successfully supplied Files.newOutputStream CREATE_NEW /workdir/ratis-examples/target/test/data/1fdfb1b/TestFileStoreWithNetty/filestore/s2/file35: java.nio.channels.Channels$1@dded4f9
2019-09-26 10:03:11,187 TRACE util.FileUtils (LogUtils.java:supplyAndLog(82)) - Successfully supplied Files.newOutputStream CREATE_NEW /workdir/ratis-examples/target/test/data/1fdfb1b/TestFileStoreWithNetty/filestore/s0/file36: java.nio.channels.Channels$1@373db20c
2019-09-26 10:03:11,187 TRACE util.FileUtils (LogUtils.java:supplyAndLog(82)) - Successfully supplied Files.newOutputStream CREATE_NEW /workdir/ratis-examples/target/test/data/1fdfb1b/TestFileStoreWithNetty/filestore/s0/file35: java.nio.channels.Channels$1@32734342
2019-09-26 10:03:11,201 INFO  logging.LoggingHandler (AbstractInternalLogger.java:log(150)) - [id: 0x98fa128d, L:0.0.0.0/0.0.0.0:42528] READ: [id: 0xfd0c6e72, L:/192.168.30.59:42528 - R:/192.168.30.59:56908]
2019-09-26 10:03:11,201 INFO  logging.LoggingHandler (AbstractInternalLogger.java:log(150)) - [id: 0x98fa128d, L:0.0.0.0/0.0.0.0:42528] READ COMPLETE
2019-09-26 10:03:11,203 INFO  logging.LoggingHandler (AbstractInternalLogger.java:log(150)) - [id: 0x404738b4, L:/0.0.0.0:37394] READ: [id: 0x1038b4a2, L:/192.168.30.59:37394 - R:/192.168.30.59:34498]
2019-09-26 10:03:11,203 INFO  logging.LoggingHandler (AbstractInternalLogger.java:log(150)) - [id: 0x404738b4, L:/0.0.0.0:37394] READ COMPLETE
2019-09-26 10:03:11,220 TRACE util.FileUtils (LogUtils.java:supplyAndLog(82)) - Successfully supplied Files.newOutputStream CREATE_NEW /workdir/ratis-examples/target/test/data/1fdfb1b/TestFileStoreWithNetty/filestore/s1/file37: java.nio.channels.Channels$1@e5e2319
2019-09-26 10:03:11,220 TRACE util.FileUtils (LogUtils.java:supplyAndLog(82)) - Successfully supplied Files.newOutputStream CREATE_NEW /workdir/ratis-examples/target/test/data/1fdfb1b/TestFileStoreWithNetty/filestore/s2/file37: java.nio.channels.Channels$1@4f5e2a62
2019-09-26 10:03:11,222 TRACE util.FileUtils (LogUtils.java:supplyAndLog(82)) - Successfully supplied Files.newOutputStream CREATE_NEW /workdir/ratis-examples/target/test/data/1fdfb1b/TestFileStoreWithNetty/filestore/s0/file37: java.nio.channels.Channels$1@49880107
2019-09-26 10:03:11,235 TRACE util.FileUtils (LogUtils.java:supplyAndLog(82)) - Successfully supplied Files.newOutputStream CREATE_NEW /workdir/ratis-examples/target/test/data/1fdfb1b/TestFileStoreWithNetty/filestore/s1/file38: java.nio.channels.Channels$1@19e6e1bd
2019-09-26 10:03:11,236 TRACE util.FileUtils (LogUtils.java:supplyAndLog(82)) - Successfully supplied Files.newOutputStream CREATE_NEW /workdir/ratis-examples/target/test/data/1fdfb1b/TestFileStoreWithNetty/filestore/s2/file38: java.nio.channels.Channels$1@6c500485
2019-09-26 10:03:11,238 TRACE util.FileUtils (LogUtils.java:supplyAndLog(82)) - Successfully supplied Files.newOutputStream CREATE_NEW /workdir/ratis-examples/target/test/data/1fdfb1b/TestFileStoreWithNetty/filestore/s0/file38: java.nio.channels.Channels$1@39b73e94
2019-09-26 10:03:11,251 TRACE util.FileUtils (LogUtils.java:supplyAndLog(82)) - Successfully supplied Files.newOutputStream CREATE_NEW /workdir/ratis-examples/target/test/data/1fdfb1b/TestFileStoreWithNetty/filestore/s1/file39: java.nio.channels.Channels$1@170deaed
2019-09-26 10:03:11,265 TRACE util.FileUtils (LogUtils.java:supplyAndLog(82)) - Successfully supplied Files.newOutputStream CREATE_NEW /workdir/ratis-examples/target/test/data/1fdfb1b/TestFileStoreWithNetty/filestore/s0/file39: java.nio.channels.Channels$1@e0bad92
2019-09-26 10:03:11,265 TRACE util.FileUtils (LogUtils.java:supplyAndLog(82)) - Successfully supplied Files.newOutputStream CREATE_NEW /workdir/ratis-examples/target/test/data/1fdfb1b/TestFileStoreWithNetty/filestore/s2/file39: java.nio.channels.Channels$1@14e8ef92
2019-09-26 10:03:17,701 INFO  logging.LoggingHandler (AbstractInternalLogger.java:log(150)) - [id: 0x98fa128d, L:0.0.0.0/0.0.0.0:42528] READ: [id: 0xc1923e79, L:/192.168.30.59:42528 - R:/192.168.30.59:56974]
2019-09-26 10:03:17,702 INFO  logging.LoggingHandler (AbstractInternalLogger.java:log(150)) - [id: 0x98fa128d, L:0.0.0.0/0.0.0.0:42528] READ COMPLETE
2019-09-26 10:03:17,704 INFO  logging.LoggingHandler (AbstractInternalLogger.java:log(150)) - [id: 0x404738b4, L:/0.0.0.0:37394] READ: [id: 0xa67b9566, L:/192.168.30.59:37394 - R:/192.168.30.59:34564]
2019-09-26 10:03:17,704 INFO  logging.LoggingHandler (AbstractInternalLogger.java:log(150)) - [id: 0x404738b4, L:/0.0.0.0:37394] READ COMPLETE
2019-09-26 10:03:17,714 INFO  logging.LoggingHandler (AbstractInternalLogger.java:log(150)) - [id: 0x98fa128d, L:0.0.0.0/0.0.0.0:42528] READ: [id: 0xc5fa8025, L:/192.168.30.59:42528 - R:/192.168.30.59:56978]
2019-09-26 10:03:17,714 INFO  logging.LoggingHandler (AbstractInternalLogger.java:log(150)) - [id: 0x98fa128d, L:0.0.0.0/0.0.0.0:42528] READ COMPLETE
2019-09-26 10:03:17,715 INFO  logging.LoggingHandler (AbstractInternalLogger.java:log(150)) - [id: 0x404738b4, L:/0.0.0.0:37394] READ: [id: 0xe3061929, L:/192.168.30.59:37394 - R:/192.168.30.59:34568]
2019-09-26 10:03:17,716 INFO  logging.LoggingHandler (AbstractInternalLogger.java:log(150)) - [id: 0x404738b4, L:/0.0.0.0:37394] READ COMPLETE
2019-09-26 10:03:17,740 INFO  logging.LoggingHandler (AbstractInternalLogger.java:log(150)) - [id: 0x98fa128d, L:0.0.0.0/0.0.0.0:42528] READ: [id: 0x9faebe93, L:/192.168.30.59:42528 - R:/192.168.30.59:56982]
2019-09-26 10:03:17,740 INFO  logging.LoggingHandler (AbstractInternalLogger.java:log(150)) - [id: 0x98fa128d, L:0.0.0.0/0.0.0.0:42528] READ COMPLETE
2019-09-26 10:03:17,751 INFO  logging.LoggingHandler (AbstractInternalLogger.java:log(150)) - [id: 0x404738b4, L:/0.0.0.0:37394] READ: [id: 0xc325c7d1, L:/192.168.30.59:37394 - R:/192.168.30.59:34572]
2019-09-26 10:03:17,751 INFO  logging.LoggingHandler (AbstractInternalLogger.java:log(150)) - [id: 0x404738b4, L:/0.0.0.0:37394] READ COMPLETE
2019-09-26 10:03:17,768 INFO  logging.LoggingHandler (AbstractInternalLogger.java:log(150)) - [id: 0x98fa128d, L:0.0.0.0/0.0.0.0:42528] READ: [id: 0xf994d8a3, L:/192.168.30.59:42528 - R:/192.168.30.59:56986]
2019-09-26 10:03:17,769 INFO  logging.LoggingHandler (AbstractInternalLogger.java:log(150)) - [id: 0x98fa128d, L:0.0.0.0/0.0.0.0:42528] READ COMPLETE
2019-09-26 10:03:17,771 INFO  logging.LoggingHandler (AbstractInternalLogger.java:log(150)) - [id: 0x404738b4, L:/0.0.0.0:37394] READ: [id: 0x955aca19, L:/192.168.30.59:37394 - R:/192.168.30.59:34576]
2019-09-26 10:03:17,771 INFO  logging.LoggingHandler (AbstractInternalLogger.java:log(150)) - [id: 0x404738b4, L:/0.0.0.0:37394] READ COMPLETE
2019-09-26 10:03:17,793 TRACE util.FileUtils (LogUtils.java:supplyAndLog(82)) - Successfully supplied Files.newOutputStream CREATE_NEW /workdir/ratis-examples/target/test/data/1fdfb1b/TestFileStoreWithNetty/filestore/s1/file40: java.nio.channels.Channels$1@354cb93c
2019-09-26 10:03:17,803 TRACE util.FileUtils (LogUtils.java:supplyAndLog(82)) - Successfully supplied Files.newOutputStream CREATE_NEW /workdir/ratis-examples/target/test/data/1fdfb1b/TestFileStoreWithNetty/filestore/s0/file40: java.nio.channels.Channels$1@6adde9a5
2019-09-26 10:03:17,803 TRACE util.FileUtils (LogUtils.java:supplyAndLog(82)) - Successfully supplied Files.newOutputStream CREATE_NEW /workdir/ratis-examples/target/test/data/1fdfb1b/TestFileStoreWithNetty/filestore/s2/file40: java.nio.channels.Channels$1@670c6b31
2019-09-26 10:03:17,843 TRACE util.FileUtils (LogUtils.java:supplyAndLog(82)) - Successfully supplied Files.newOutputStream CREATE_NEW /workdir/ratis-examples/target/test/data/1fdfb1b/TestFileStoreWithNetty/filestore/s1/file41: java.nio.channels.Channels$1@28bacbf0
2019-09-26 10:03:17,844 TRACE util.FileUtils (LogUtils.java:supplyAndLog(82)) - Successfully supplied Files.newOutputStream CREATE_NEW /workdir/ratis-examples/target/test/data/1fdfb1b/TestFileStoreWithNetty/filestore/s0/file41: java.nio.channels.Channels$1@597353ef
2019-09-26 10:03:17,846 TRACE util.FileUtils (LogUtils.java:supplyAndLog(82)) - Successfully supplied Files.newOutputStream CREATE_NEW /workdir/ratis-examples/target/test/data/1fdfb1b/TestFileStoreWithNetty/filestore/s2/file41: java.nio.channels.Channels$1@2c915d30
2019-09-26 10:03:17,875 TRACE util.FileUtils (LogUtils.java:supplyAndLog(82)) - Successfully supplied Files.newOutputStream CREATE_NEW /workdir/ratis-examples/target/test/data/1fdfb1b/TestFileStoreWithNetty/filestore/s1/file43: java.nio.channels.Channels$1@3b50aca1
2019-09-26 10:03:17,875 TRACE util.FileUtils (LogUtils.java:supplyAndLog(82)) - Successfully supplied Files.newOutputStream CREATE_NEW /workdir/ratis-examples/target/test/data/1fdfb1b/TestFileStoreWithNetty/filestore/s1/file42: java.nio.channels.Channels$1@6ed1cdc7
2019-09-26 10:03:17,875 TRACE util.FileUtils (LogUtils.java:supplyAndLog(82)) - Successfully supplied Files.newOutputStream CREATE_NEW /workdir/ratis-examples/target/test/data/1fdfb1b/TestFileStoreWithNetty/filestore/s2/file43: java.nio.channels.Channels$1@320df527
2019-09-26 10:03:17,875 TRACE util.FileUtils (LogUtils.java:supplyAndLog(82)) - Successfully supplied Files.newOutputStream CREATE_NEW /workdir/ratis-examples/target/test/data/1fdfb1b/TestFileStoreWithNetty/filestore/s2/file42: java.nio.channels.Channels$1@31a82dc2
2019-09-26 10:03:17,878 TRACE util.FileUtils (LogUtils.java:supplyAndLog(82)) - Successfully supplied Files.newOutputStream CREATE_NEW /workdir/ratis-examples/target/test/data/1fdfb1b/TestFileStoreWithNetty/filestore/s0/file42: java.nio.channels.Channels$1@fff199
2019-09-26 10:03:17,878 TRACE util.FileUtils (LogUtils.java:supplyAndLog(82)) - Successfully supplied Files.newOutputStream CREATE_NEW /workdir/ratis-examples/target/test/data/1fdfb1b/TestFileStoreWithNetty/filestore/s0/file43: java.nio.channels.Channels$1@5ee3c10a
2019-09-26 10:03:19,583 INFO  ratis.MiniRaftCluster (MiniRaftCluster.java:lambda$null$5(297)) - TIMED-PRINT: printing ALL groups
  s0:  RUNNING  FOLLOWER s0@group-EA0D101F487D:t2, leader=s1, voted=s0, raftlog=s0@group-EA0D101F487D-SegmentedRaftLog:OPENED:c16961,f16965,i16971, conf=0: [s0:0.0.0.0:42528, s1:0.0.0.0:37394, s2:0.0.0.0:41916], old=null RUNNING
  s1:  RUNNING    LEADER s1@group-EA0D101F487D:t2, leader=s1, voted=s1, raftlog=s1@group-EA0D101F487D-SegmentedRaftLog:OPENED:c16965,f16966,i16971, conf=0: [s0:0.0.0.0:42528, s1:0.0.0.0:37394, s2:0.0.0.0:41916], old=null RUNNING
  s2:  RUNNING  FOLLOWER s2@group-EA0D101F487D:t2, leader=s1, voted=s1, raftlog=s2@group-EA0D101F487D-SegmentedRaftLog:OPENED:c16961,f16965,i16969, conf=0: [s0:0.0.0.0:42528, s1:0.0.0.0:37394, s2:0.0.0.0:41916], old=null RUNNING
2019-09-26 10:03:20,700 INFO  logging.LoggingHandler (AbstractInternalLogger.java:log(150)) - [id: 0x98fa128d, L:0.0.0.0/0.0.0.0:42528] READ: [id: 0xb2006484, L:/192.168.30.59:42528 - R:/192.168.30.59:57026]
2019-09-26 10:03:20,700 INFO  logging.LoggingHandler (AbstractInternalLogger.java:log(150)) - [id: 0x98fa128d, L:0.0.0.0/0.0.0.0:42528] READ COMPLETE
2019-09-26 10:03:20,702 INFO  logging.LoggingHandler (AbstractInternalLogger.java:log(150)) - [id: 0x404738b4, L:/0.0.0.0:37394] READ: [id: 0xfef7bc3d, L:/192.168.30.59:37394 - R:/192.168.30.59:34616]
2019-09-26 10:03:20,703 INFO  logging.LoggingHandler (AbstractInternalLogger.java:log(150)) - [id: 0x404738b4, L:/0.0.0.0:37394] READ COMPLETE
2019-09-26 10:03:20,713 INFO  logging.LoggingHandler (AbstractInternalLogger.java:log(150)) - [id: 0x98fa128d, L:0.0.0.0/0.0.0.0:42528] READ: [id: 0x9009d90e, L:/192.168.30.59:42528 - R:/192.168.30.59:57030]
2019-09-26 10:03:20,713 INFO  logging.LoggingHandler (AbstractInternalLogger.java:log(150)) - [id: 0x98fa128d, L:0.0.0.0/0.0.0.0:42528] READ COMPLETE
2019-09-26 10:03:20,714 INFO  logging.LoggingHandler (AbstractInternalLogger.java:log(150)) - [id: 0x404738b4, L:/0.0.0.0:37394] READ: [id: 0xe12ff187, L:/192.168.30.59:37394 - R:/192.168.30.59:34620]
2019-09-26 10:03:20,715 INFO  logging.LoggingHandler (AbstractInternalLogger.java:log(150)) - [id: 0x404738b4, L:/0.0.0.0:37394] READ COMPLETE
2019-09-26 10:03:20,758 INFO  logging.LoggingHandler (AbstractInternalLogger.java:log(150)) - [id: 0x98fa128d, L:0.0.0.0/0.0.0.0:42528] READ: [id: 0x39f3a664, L:/192.168.30.59:42528 - R:/192.168.30.59:57034]
2019-09-26 10:03:20,759 INFO  logging.LoggingHandler (AbstractInternalLogger.java:log(150)) - [id: 0x98fa128d, L:0.0.0.0/0.0.0.0:42528] READ COMPLETE
2019-09-26 10:03:20,759 INFO  logging.LoggingHandler (AbstractInternalLogger.java:log(150)) - [id: 0x98fa128d, L:0.0.0.0/0.0.0.0:42528] READ: [id: 0xb904f519, L:/192.168.30.59:42528 - R:/192.168.30.59:57036]
2019-09-26 10:03:20,759 INFO  logging.LoggingHandler (AbstractInternalLogger.java:log(150)) - [id: 0x98fa128d, L:0.0.0.0/0.0.0.0:42528] READ COMPLETE
2019-09-26 10:03:20,760 INFO  logging.LoggingHandler (AbstractInternalLogger.java:log(150)) - [id: 0x404738b4, L:/0.0.0.0:37394] READ: [id: 0x8e375a4b, L:/192.168.30.59:37394 - R:/192.168.30.59:34626]
2019-09-26 10:03:20,761 INFO  logging.LoggingHandler (AbstractInternalLogger.java:log(150)) - [id: 0x404738b4, L:/0.0.0.0:37394] READ COMPLETE
2019-09-26 10:03:20,761 INFO  logging.LoggingHandler (AbstractInternalLogger.java:log(150)) - [id: 0x404738b4, L:/0.0.0.0:37394] READ: [id: 0x584fd2f4, L:/192.168.30.59:37394 - R:/192.168.30.59:34628]
2019-09-26 10:03:20,761 INFO  logging.LoggingHandler (AbstractInternalLogger.java:log(150)) - [id: 0x404738b4, L:/0.0.0.0:37394] READ COMPLETE
2019-09-26 10:03:20,764 INFO  logging.LoggingHandler (AbstractInternalLogger.java:log(150)) - [id: 0x98fa128d, L:0.0.0.0/0.0.0.0:42528] READ: [id: 0xd31d8b3c, L:/192.168.30.59:42528 - R:/192.168.30.59:57042]
2019-09-26 10:03:20,765 INFO  logging.LoggingHandler (AbstractInternalLogger.java:log(150)) - [id: 0x98fa128d, L:0.0.0.0/0.0.0.0:42528] READ COMPLETE
2019-09-26 10:03:20,766 INFO  logging.LoggingHandler (AbstractInternalLogger.java:log(150)) - [id: 0x404738b4, L:/0.0.0.0:37394] READ: [id: 0xc8d34a6c, L:/192.168.30.59:37394 - R:/192.168.30.59:34632]
2019-09-26 10:03:20,767 INFO  logging.LoggingHandler (AbstractInternalLogger.java:log(150)) - [id: 0x404738b4, L:/0.0.0.0:37394] READ COMPLETE
2019-09-26 10:03:20,777 TRACE util.FileUtils (LogUtils.java:supplyAndLog(82)) - Successfully supplied Files.newOutputStream CREATE_NEW /workdir/ratis-examples/target/test/data/1fdfb1b/TestFileStoreWithNetty/filestore/s1/file44: java.nio.channels.Channels$1@76fa1c70
2019-09-26 10:03:20,777 TRACE util.FileUtils (LogUtils.java:supplyAndLog(82)) - Successfully supplied Files.newOutputStream CREATE_NEW /workdir/ratis-examples/target/test/data/1fdfb1b/TestFileStoreWithNetty/filestore/s1/file45: java.nio.channels.Channels$1@7cdfc793
2019-09-26 10:03:20,778 TRACE util.FileUtils (LogUtils.java:supplyAndLog(82)) - Successfully supplied Files.newOutputStream CREATE_NEW /workdir/ratis-examples/target/test/data/1fdfb1b/TestFileStoreWithNetty/filestore/s0/file44: java.nio.channels.Channels$1@4126b280
2019-09-26 10:03:20,778 TRACE util.FileUtils (LogUtils.java:supplyAndLog(82)) - Successfully supplied Files.newOutputStream CREATE_NEW /workdir/ratis-examples/target/test/data/1fdfb1b/TestFileStoreWithNetty/filestore/s0/file45: java.nio.channels.Channels$1@3b7502b7
2019-09-26 10:03:20,780 TRACE util.FileUtils (LogUtils.java:supplyAndLog(82)) - Successfully supplied Files.newOutputStream CREATE_NEW /workdir/ratis-examples/target/test/data/1fdfb1b/TestFileStoreWithNetty/filestore/s2/file44: java.nio.channels.Channels$1@757e0f00
2019-09-26 10:03:20,780 TRACE util.FileUtils (LogUtils.java:supplyAndLog(82)) - Successfully supplied Files.newOutputStream CREATE_NEW /workdir/ratis-examples/target/test/data/1fdfb1b/TestFileStoreWithNetty/filestore/s2/file45: java.nio.channels.Channels$1@59d3bbe1
2019-09-26 10:03:20,788 TRACE util.FileUtils (LogUtils.java:supplyAndLog(82)) - Successfully supplied Files.newOutputStream CREATE_NEW /workdir/ratis-examples/target/test/data/1fdfb1b/TestFileStoreWithNetty/filestore/s1/file46: java.nio.channels.Channels$1@2fb52013
2019-09-26 10:03:20,789 TRACE util.FileUtils (LogUtils.java:supplyAndLog(82)) - Successfully supplied Files.newOutputStream CREATE_NEW /workdir/ratis-examples/target/test/data/1fdfb1b/TestFileStoreWithNetty/filestore/s2/file46: java.nio.channels.Channels$1@7f45bdc7
2019-09-26 10:03:20,790 TRACE util.FileUtils (LogUtils.java:supplyAndLog(82)) - Successfully supplied Files.newOutputStream CREATE_NEW /workdir/ratis-examples/target/test/data/1fdfb1b/TestFileStoreWithNetty/filestore/s0/file46: java.nio.channels.Channels$1@1bf6189
2019-09-26 10:03:20,792 INFO  logging.LoggingHandler (AbstractInternalLogger.java:log(150)) - [id: 0x98fa128d, L:0.0.0.0/0.0.0.0:42528] READ: [id: 0xc132d967, L:/192.168.30.59:42528 - R:/192.168.30.59:57046]
2019-09-26 10:03:20,792 INFO  logging.LoggingHandler (AbstractInternalLogger.java:log(150)) - [id: 0x98fa128d, L:0.0.0.0/0.0.0.0:42528] READ COMPLETE
2019-09-26 10:03:20,792 TRACE util.FileUtils (LogUtils.java:supplyAndLog(82)) - Successfully supplied Files.newOutputStream CREATE_NEW /workdir/ratis-examples/target/test/data/1fdfb1b/TestFileStoreWithNetty/filestore/s1/file47: java.nio.channels.Channels$1@642d27a8
2019-09-26 10:03:20,793 INFO  logging.LoggingHandler (AbstractInternalLogger.java:log(150)) - [id: 0x404738b4, L:/0.0.0.0:37394] READ: [id: 0x229f7eb4, L:/192.168.30.59:37394 - R:/192.168.30.59:34636]
2019-09-26 10:03:20,794 INFO  logging.LoggingHandler (AbstractInternalLogger.java:log(150)) - [id: 0x404738b4, L:/0.0.0.0:37394] READ COMPLETE
2019-09-26 10:03:20,794 TRACE util.FileUtils (LogUtils.java:supplyAndLog(82)) - Successfully supplied Files.newOutputStream CREATE_NEW /workdir/ratis-examples/target/test/data/1fdfb1b/TestFileStoreWithNetty/filestore/s0/file47: java.nio.channels.Channels$1@51abdc76
2019-09-26 10:03:20,799 TRACE util.FileUtils (LogUtils.java:supplyAndLog(82)) - Successfully supplied Files.newOutputStream CREATE_NEW /workdir/ratis-examples/target/test/data/1fdfb1b/TestFileStoreWithNetty/filestore/s2/file47: java.nio.channels.Channels$1@60cd57c6
2019-09-26 10:03:20,805 TRACE util.FileUtils (LogUtils.java:supplyAndLog(82)) - Successfully supplied Files.newOutputStream CREATE_NEW /workdir/ratis-examples/target/test/data/1fdfb1b/TestFileStoreWithNetty/filestore/s1/file48: java.nio.channels.Channels$1@723b4f22
2019-09-26 10:03:20,807 TRACE util.FileUtils (LogUtils.java:supplyAndLog(82)) - Successfully supplied Files.newOutputStream CREATE_NEW /workdir/ratis-examples/target/test/data/1fdfb1b/TestFileStoreWithNetty/filestore/s0/file48: java.nio.channels.Channels$1@c8a9652
2019-09-26 10:03:20,811 TRACE util.FileUtils (LogUtils.java:supplyAndLog(82)) - Successfully supplied Files.newOutputStream CREATE_NEW /workdir/ratis-examples/target/test/data/1fdfb1b/TestFileStoreWithNetty/filestore/s2/file48: java.nio.channels.Channels$1@1ec5ae80
2019-09-26 10:03:20,837 TRACE util.FileUtils (LogUtils.java:supplyAndLog(82)) - Successfully supplied Files.newOutputStream CREATE_NEW /workdir/ratis-examples/target/test/data/1fdfb1b/TestFileStoreWithNetty/filestore/s1/file49: java.nio.channels.Channels$1@662ceccb
2019-09-26 10:03:20,839 TRACE util.FileUtils (LogUtils.java:supplyAndLog(82)) - Successfully supplied Files.newOutputStream CREATE_NEW /workdir/ratis-examples/target/test/data/1fdfb1b/TestFileStoreWithNetty/filestore/s0/file49: java.nio.channels.Channels$1@3e9768cd
2019-09-26 10:03:20,843 TRACE util.FileUtils (LogUtils.java:supplyAndLog(82)) - Successfully supplied Files.newOutputStream CREATE_NEW /workdir/ratis-examples/target/test/data/1fdfb1b/TestFileStoreWithNetty/filestore/s2/file49: java.nio.channels.Channels$1@1b4f2e3a
2019-09-26 10:03:23,803 INFO  logging.LoggingHandler (AbstractInternalLogger.java:log(150)) - [id: 0x98fa128d, L:0.0.0.0/0.0.0.0:42528] READ: [id: 0x024063db, L:/192.168.30.59:42528 - R:/192.168.30.59:57086]
2019-09-26 10:03:23,804 INFO  logging.LoggingHandler (AbstractInternalLogger.java:log(150)) - [id: 0x98fa128d, L:0.0.0.0/0.0.0.0:42528] READ COMPLETE
2019-09-26 10:03:23,816 INFO  logging.LoggingHandler (AbstractInternalLogger.java:log(150)) - [id: 0x404738b4, L:/0.0.0.0:37394] READ: [id: 0x854d2325, L:/192.168.30.59:37394 - R:/192.168.30.59:34676]
2019-09-26 10:03:23,817 INFO  logging.LoggingHandler (AbstractInternalLogger.java:log(150)) - [id: 0x404738b4, L:/0.0.0.0:37394] READ COMPLETE
2019-09-26 10:03:23,846 INFO  logging.LoggingHandler (AbstractInternalLogger.java:log(150)) - [id: 0x98fa128d, L:0.0.0.0/0.0.0.0:42528] READ: [id: 0xb9d8fc15, L:/192.168.30.59:42528 - R:/192.168.30.59:57090]
2019-09-26 10:03:23,847 INFO  logging.LoggingHandler (AbstractInternalLogger.java:log(150)) - [id: 0x98fa128d, L:0.0.0.0/0.0.0.0:42528] READ COMPLETE
2019-09-26 10:03:23,848 INFO  logging.LoggingHandler (AbstractInternalLogger.java:log(150)) - [id: 0x404738b4, L:/0.0.0.0:37394] READ: [id: 0x5b6bc9e0, L:/192.168.30.59:37394 - R:/192.168.30.59:34680]
2019-09-26 10:03:23,849 INFO  logging.LoggingHandler (AbstractInternalLogger.java:log(150)) - [id: 0x404738b4, L:/0.0.0.0:37394] READ COMPLETE
2019-09-26 10:03:23,859 INFO  logging.LoggingHandler (AbstractInternalLogger.java:log(150)) - [id: 0x98fa128d, L:0.0.0.0/0.0.0.0:42528] READ: [id: 0xdcc63727, L:/192.168.30.59:42528 - R:/192.168.30.59:57094]
2019-09-26 10:03:23,859 INFO  logging.LoggingHandler (AbstractInternalLogger.java:log(150)) - [id: 0x98fa128d, L:0.0.0.0/0.0.0.0:42528] READ COMPLETE
2019-09-26 10:03:23,861 INFO  logging.LoggingHandler (AbstractInternalLogger.java:log(150)) - [id: 0x404738b4, L:/0.0.0.0:37394] READ: [id: 0x10432aa1, L:/192.168.30.59:37394 - R:/192.168.30.59:34684]
2019-09-26 10:03:23,861 INFO  logging.LoggingHandler (AbstractInternalLogger.java:log(150)) - [id: 0x404738b4, L:/0.0.0.0:37394] READ COMPLETE
2019-09-26 10:03:23,887 TRACE util.FileUtils (LogUtils.java:supplyAndLog(82)) - Successfully supplied Files.newOutputStream CREATE_NEW /workdir/ratis-examples/target/test/data/1fdfb1b/TestFileStoreWithNetty/filestore/s1/file50: java.nio.channels.Channels$1@6abf3ebf
2019-09-26 10:03:23,887 TRACE util.FileUtils (LogUtils.java:supplyAndLog(82)) - Successfully supplied Files.newOutputStream CREATE_NEW /workdir/ratis-examples/target/test/data/1fdfb1b/TestFileStoreWithNetty/filestore/s0/file50: java.nio.channels.Channels$1@6995f93
2019-09-26 10:03:23,889 TRACE util.FileUtils (LogUtils.java:supplyAndLog(82)) - Successfully supplied Files.newOutputStream CREATE_NEW /workdir/ratis-examples/target/test/data/1fdfb1b/TestFileStoreWithNetty/filestore/s2/file50: java.nio.channels.Channels$1@459d6ed7
2019-09-26 10:03:23,918 TRACE util.FileUtils (LogUtils.java:supplyAndLog(82)) - Successfully supplied Files.newOutputStream CREATE_NEW /workdir/ratis-examples/target/test/data/1fdfb1b/TestFileStoreWithNetty/filestore/s1/file51: java.nio.channels.Channels$1@28b579b8
2019-09-26 10:03:23,918 TRACE util.FileUtils (LogUtils.java:supplyAndLog(82)) - Successfully supplied Files.newOutputStream CREATE_NEW /workdir/ratis-examples/target/test/data/1fdfb1b/TestFileStoreWithNetty/filestore/s2/file51: java.nio.channels.Channels$1@2fc81849
2019-09-26 10:03:23,919 TRACE util.FileUtils (LogUtils.java:supplyAndLog(82)) - Successfully supplied Files.newOutputStream CREATE_NEW /workdir/ratis-examples/target/test/data/1fdfb1b/TestFileStoreWithNetty/filestore/s0/file51: java.nio.channels.Channels$1@6822b6ae
2019-09-26 10:03:23,951 TRACE util.FileUtils (LogUtils.java:supplyAndLog(82)) - Successfully supplied Files.newOutputStream CREATE_NEW /workdir/ratis-examples/target/test/data/1fdfb1b/TestFileStoreWithNetty/filestore/s1/file52: java.nio.channels.Channels$1@42e8dbc6
2019-09-26 10:03:23,951 TRACE util.FileUtils (LogUtils.java:supplyAndLog(82)) - Successfully supplied Files.newOutputStream CREATE_NEW /workdir/ratis-examples/target/test/data/1fdfb1b/TestFileStoreWithNetty/filestore/s2/file52: java.nio.channels.Channels$1@6b79d6ac
2019-09-26 10:03:23,952 TRACE util.FileUtils (LogUtils.java:supplyAndLog(82)) - Successfully supplied Files.newOutputStream CREATE_NEW /workdir/ratis-examples/target/test/data/1fdfb1b/TestFileStoreWithNetty/filestore/s0/file52: java.nio.channels.Channels$1@4c697666
2019-09-26 10:03:26,592 INFO  logging.LoggingHandler (AbstractInternalLogger.java:log(150)) - [id: 0x98fa128d, L:0.0.0.0/0.0.0.0:42528] READ: [id: 0x5010a5cb, L:/192.168.30.59:42528 - R:/192.168.30.59:57128]
2019-09-26 10:03:26,593 INFO  logging.LoggingHandler (AbstractInternalLogger.java:log(150)) - [id: 0x98fa128d, L:0.0.0.0/0.0.0.0:42528] READ COMPLETE
2019-09-26 10:03:26,595 INFO  logging.LoggingHandler (AbstractInternalLogger.java:log(150)) - [id: 0x404738b4, L:/0.0.0.0:37394] READ: [id: 0x992a1542, L:/192.168.30.59:37394 - R:/192.168.30.59:34718]
2019-09-26 10:03:26,595 INFO  logging.LoggingHandler (AbstractInternalLogger.java:log(150)) - [id: 0x404738b4, L:/0.0.0.0:37394] READ COMPLETE
2019-09-26 10:03:26,628 INFO  logging.LoggingHandler (AbstractInternalLogger.java:log(150)) - [id: 0x98fa128d, L:0.0.0.0/0.0.0.0:42528] READ: [id: 0x778f09b6, L:/192.168.30.59:42528 - R:/192.168.30.59:57132]
2019-09-26 10:03:26,628 INFO  logging.LoggingHandler (AbstractInternalLogger.java:log(150)) - [id: 0x98fa128d, L:0.0.0.0/0.0.0.0:42528] READ COMPLETE
2019-09-26 10:03:26,631 INFO  logging.LoggingHandler (AbstractInternalLogger.java:log(150)) - [id: 0x404738b4, L:/0.0.0.0:37394] READ: [id: 0xd0d83a29, L:/192.168.30.59:37394 - R:/192.168.30.59:34722]
2019-09-26 10:03:26,631 INFO  logging.LoggingHandler (AbstractInternalLogger.java:log(150)) - [id: 0x404738b4, L:/0.0.0.0:37394] READ COMPLETE
2019-09-26 10:03:26,644 TRACE util.FileUtils (LogUtils.java:supplyAndLog(82)) - Successfully supplied Files.newOutputStream CREATE_NEW /workdir/ratis-examples/target/test/data/1fdfb1b/TestFileStoreWithNetty/filestore/s1/file53: java.nio.channels.Channels$1@7bd5f7cf
2019-09-26 10:03:26,646 TRACE util.FileUtils (LogUtils.java:supplyAndLog(82)) - Successfully supplied Files.newOutputStream CREATE_NEW /workdir/ratis-examples/target/test/data/1fdfb1b/TestFileStoreWithNetty/filestore/s0/file53: java.nio.channels.Channels$1@4ad9559e
2019-09-26 10:03:26,647 TRACE util.FileUtils (LogUtils.java:supplyAndLog(82)) - Successfully supplied Files.newOutputStream CREATE_NEW /workdir/ratis-examples/target/test/data/1fdfb1b/TestFileStoreWithNetty/filestore/s2/file53: java.nio.channels.Channels$1@220ef9b4
2019-09-26 10:03:26,663 TRACE util.FileUtils (LogUtils.java:supplyAndLog(82)) - Successfully supplied Files.newOutputStream CREATE_NEW /workdir/ratis-examples/target/test/data/1fdfb1b/TestFileStoreWithNetty/filestore/s1/file54: java.nio.channels.Channels$1@6db84083
2019-09-26 10:03:26,667 TRACE util.FileUtils (LogUtils.java:supplyAndLog(82)) - Successfully supplied Files.newOutputStream CREATE_NEW /workdir/ratis-examples/target/test/data/1fdfb1b/TestFileStoreWithNetty/filestore/s0/file54: java.nio.channels.Channels$1@3d4cff56
2019-09-26 10:03:26,667 TRACE util.FileUtils (LogUtils.java:supplyAndLog(82)) - Successfully supplied Files.newOutputStream CREATE_NEW /workdir/ratis-examples/target/test/data/1fdfb1b/TestFileStoreWithNetty/filestore/s2/file54: java.nio.channels.Channels$1@59e6e609
2019-09-26 10:03:28,038 INFO  logging.LoggingHandler (AbstractInternalLogger.java:log(150)) - [id: 0x98fa128d, L:0.0.0.0/0.0.0.0:42528] READ: [id: 0x9fbacf03, L:/192.168.30.59:42528 - R:/192.168.30.59:57142]
2019-09-26 10:03:28,039 INFO  logging.LoggingHandler (AbstractInternalLogger.java:log(150)) - [id: 0x98fa128d, L:0.0.0.0/0.0.0.0:42528] READ COMPLETE
2019-09-26 10:03:28,040 INFO  logging.LoggingHandler (AbstractInternalLogger.java:log(150)) - [id: 0x404738b4, L:/0.0.0.0:37394] READ: [id: 0x4013cc78, L:/192.168.30.59:37394 - R:/192.168.30.59:34732]
2019-09-26 10:03:28,041 INFO  logging.LoggingHandler (AbstractInternalLogger.java:log(150)) - [id: 0x404738b4, L:/0.0.0.0:37394] READ COMPLETE
2019-09-26 10:03:28,070 TRACE util.FileUtils (LogUtils.java:supplyAndLog(82)) - Successfully supplied Files.newOutputStream CREATE_NEW /workdir/ratis-examples/target/test/data/1fdfb1b/TestFileStoreWithNetty/filestore/s1/file55: java.nio.channels.Channels$1@570ce6a7
2019-09-26 10:03:28,072 TRACE util.FileUtils (LogUtils.java:supplyAndLog(82)) - Successfully supplied Files.newOutputStream CREATE_NEW /workdir/ratis-examples/target/test/data/1fdfb1b/TestFileStoreWithNetty/filestore/s0/file55: java.nio.channels.Channels$1@28975b89
2019-09-26 10:03:28,074 TRACE util.FileUtils (LogUtils.java:supplyAndLog(82)) - Successfully supplied Files.newOutputStream CREATE_NEW /workdir/ratis-examples/target/test/data/1fdfb1b/TestFileStoreWithNetty/filestore/s2/file55: java.nio.channels.Channels$1@77b1e95
2019-09-26 10:03:28,935 INFO  logging.LoggingHandler (AbstractInternalLogger.java:log(150)) - [id: 0x98fa128d, L:0.0.0.0/0.0.0.0:42528] READ: [id: 0xea135409, L:/192.168.30.59:42528 - R:/192.168.30.59:57162]
2019-09-26 10:03:28,936 INFO  logging.LoggingHandler (AbstractInternalLogger.java:log(150)) - [id: 0x98fa128d, L:0.0.0.0/0.0.0.0:42528] READ COMPLETE
2019-09-26 10:03:28,937 INFO  logging.LoggingHandler (AbstractInternalLogger.java:log(150)) - [id: 0x404738b4, L:/0.0.0.0:37394] READ: [id: 0xe6a50ac7, L:/192.168.30.59:37394 - R:/192.168.30.59:34752]
2019-09-26 10:03:28,937 INFO  logging.LoggingHandler (AbstractInternalLogger.java:log(150)) - [id: 0x404738b4, L:/0.0.0.0:37394] READ COMPLETE
2019-09-26 10:03:29,005 TRACE util.FileUtils (LogUtils.java:supplyAndLog(82)) - Successfully supplied Files.newOutputStream CREATE_NEW /workdir/ratis-examples/target/test/data/1fdfb1b/TestFileStoreWithNetty/filestore/s1/file56: java.nio.channels.Channels$1@39dd566c
2019-09-26 10:03:29,006 TRACE util.FileUtils (LogUtils.java:supplyAndLog(82)) - Successfully supplied Files.newOutputStream CREATE_NEW /workdir/ratis-examples/target/test/data/1fdfb1b/TestFileStoreWithNetty/filestore/s2/file56: java.nio.channels.Channels$1@1cd12ebf
2019-09-26 10:03:29,007 TRACE util.FileUtils (LogUtils.java:supplyAndLog(82)) - Successfully supplied Files.newOutputStream CREATE_NEW /workdir/ratis-examples/target/test/data/1fdfb1b/TestFileStoreWithNetty/filestore/s0/file56: java.nio.channels.Channels$1@6f779b32
2019-09-26 10:03:29,583 INFO  ratis.MiniRaftCluster (MiniRaftCluster.java:lambda$null$5(297)) - TIMED-PRINT: printing ALL groups
  s0:  RUNNING  FOLLOWER s0@group-EA0D101F487D:t2, leader=s1, voted=s0, raftlog=s0@group-EA0D101F487D-SegmentedRaftLog:OPENED:c21259,f21265,i21266, conf=0: [s0:0.0.0.0:42528, s1:0.0.0.0:37394, s2:0.0.0.0:41916], old=null RUNNING
  s1:  RUNNING    LEADER s1@group-EA0D101F487D:t2, leader=s1, voted=s1, raftlog=s1@group-EA0D101F487D-SegmentedRaftLog:OPENED:c21263,f21263,i21269, conf=0: [s0:0.0.0.0:42528, s1:0.0.0.0:37394, s2:0.0.0.0:41916], old=null RUNNING
  s2:  RUNNING  FOLLOWER s2@group-EA0D101F487D:t2, leader=s1, voted=s1, raftlog=s2@group-EA0D101F487D-SegmentedRaftLog:OPENED:c21258,f21260,i21265, conf=0: [s0:0.0.0.0:42528, s1:0.0.0.0:37394, s2:0.0.0.0:41916], old=null RUNNING
2019-09-26 10:03:29,777 INFO  logging.LoggingHandler (AbstractInternalLogger.java:log(150)) - [id: 0x98fa128d, L:0.0.0.0/0.0.0.0:42528] READ: [id: 0xd56240c1, L:/192.168.30.59:42528 - R:/192.168.30.59:57176]
2019-09-26 10:03:29,777 INFO  logging.LoggingHandler (AbstractInternalLogger.java:log(150)) - [id: 0x98fa128d, L:0.0.0.0/0.0.0.0:42528] READ COMPLETE
2019-09-26 10:03:29,779 INFO  logging.LoggingHandler (AbstractInternalLogger.java:log(150)) - [id: 0x404738b4, L:/0.0.0.0:37394] READ: [id: 0x48e44698, L:/192.168.30.59:37394 - R:/192.168.30.59:34766]
2019-09-26 10:03:29,780 INFO  logging.LoggingHandler (AbstractInternalLogger.java:log(150)) - [id: 0x404738b4, L:/0.0.0.0:37394] READ COMPLETE
2019-09-26 10:03:29,837 TRACE util.FileUtils (LogUtils.java:supplyAndLog(82)) - Successfully supplied Files.newOutputStream CREATE_NEW /workdir/ratis-examples/target/test/data/1fdfb1b/TestFileStoreWithNetty/filestore/s1/file57: java.nio.channels.Channels$1@5bb9d1dd
2019-09-26 10:03:29,837 TRACE util.FileUtils (LogUtils.java:supplyAndLog(82)) - Successfully supplied Files.newOutputStream CREATE_NEW /workdir/ratis-examples/target/test/data/1fdfb1b/TestFileStoreWithNetty/filestore/s2/file57: java.nio.channels.Channels$1@123f9797
2019-09-26 10:03:29,840 TRACE util.FileUtils (LogUtils.java:supplyAndLog(82)) - Successfully supplied Files.newOutputStream CREATE_NEW /workdir/ratis-examples/target/test/data/1fdfb1b/TestFileStoreWithNetty/filestore/s0/file57: java.nio.channels.Channels$1@4fad7e89
2019-09-26 10:03:30,188 INFO  logging.LoggingHandler (AbstractInternalLogger.java:log(150)) - [id: 0x98fa128d, L:0.0.0.0/0.0.0.0:42528] READ: [id: 0x042f2485, L:/192.168.30.59:42528 - R:/192.168.30.59:57184]
2019-09-26 10:03:30,189 INFO  logging.LoggingHandler (AbstractInternalLogger.java:log(150)) - [id: 0x98fa128d, L:0.0.0.0/0.0.0.0:42528] READ COMPLETE
2019-09-26 10:03:30,203 INFO  logging.LoggingHandler (AbstractInternalLogger.java:log(150)) - [id: 0x404738b4, L:/0.0.0.0:37394] READ: [id: 0x7bd78c2b, L:/192.168.30.59:37394 - R:/192.168.30.59:34774]
2019-09-26 10:03:30,204 INFO  logging.LoggingHandler (AbstractInternalLogger.java:log(150)) - [id: 0x404738b4, L:/0.0.0.0:37394] READ COMPLETE
2019-09-26 10:03:30,302 TRACE util.FileUtils (LogUtils.java:supplyAndLog(82)) - Successfully supplied Files.newOutputStream CREATE_NEW /workdir/ratis-examples/target/test/data/1fdfb1b/TestFileStoreWithNetty/filestore/s1/file58: java.nio.channels.Channels$1@1b9496df
2019-09-26 10:03:30,312 TRACE util.FileUtils (LogUtils.java:supplyAndLog(82)) - Successfully supplied Files.newOutputStream CREATE_NEW /workdir/ratis-examples/target/test/data/1fdfb1b/TestFileStoreWithNetty/filestore/s0/file58: java.nio.channels.Channels$1@762459a1
2019-09-26 10:03:30,314 TRACE util.FileUtils (LogUtils.java:supplyAndLog(82)) - Successfully supplied Files.newOutputStream CREATE_NEW /workdir/ratis-examples/target/test/data/1fdfb1b/TestFileStoreWithNetty/filestore/s2/file58: java.nio.channels.Channels$1@4ac39797
2019-09-26 10:03:30,759 INFO  logging.LoggingHandler (AbstractInternalLogger.java:log(150)) - [id: 0x98fa128d, L:0.0.0.0/0.0.0.0:42528] READ: [id: 0x5798026e, L:/192.168.30.59:42528 - R:/192.168.30.59:57190]
2019-09-26 10:03:30,760 INFO  logging.LoggingHandler (AbstractInternalLogger.java:log(150)) - [id: 0x98fa128d, L:0.0.0.0/0.0.0.0:42528] READ COMPLETE
2019-09-26 10:03:30,762 INFO  logging.LoggingHandler (AbstractInternalLogger.java:log(150)) - [id: 0x404738b4, L:/0.0.0.0:37394] READ: [id: 0xf2eaad73, L:/192.168.30.59:37394 - R:/192.168.30.59:34780]
2019-09-26 10:03:30,762 INFO  logging.LoggingHandler (AbstractInternalLogger.java:log(150)) - [id: 0x404738b4, L:/0.0.0.0:37394] READ COMPLETE
2019-09-26 10:03:30,786 TRACE util.FileUtils (LogUtils.java:supplyAndLog(82)) - Successfully supplied Files.newOutputStream CREATE_NEW /workdir/ratis-examples/target/test/data/1fdfb1b/TestFileStoreWithNetty/filestore/s1/file59: java.nio.channels.Channels$1@379e62a9
2019-09-26 10:03:30,787 TRACE util.FileUtils (LogUtils.java:supplyAndLog(82)) - Successfully supplied Files.newOutputStream CREATE_NEW /workdir/ratis-examples/target/test/data/1fdfb1b/TestFileStoreWithNetty/filestore/s0/file59: java.nio.channels.Channels$1@344541c1
2019-09-26 10:03:30,788 TRACE util.FileUtils (LogUtils.java:supplyAndLog(82)) - Successfully supplied Files.newOutputStream CREATE_NEW /workdir/ratis-examples/target/test/data/1fdfb1b/TestFileStoreWithNetty/filestore/s2/file59: java.nio.channels.Channels$1@7acf7fbc
2019-09-26 10:03:31,346 INFO  logging.LoggingHandler (AbstractInternalLogger.java:log(150)) - [id: 0x98fa128d, L:0.0.0.0/0.0.0.0:42528] READ: [id: 0x6fb0b2ec, L:/192.168.30.59:42528 - R:/192.168.30.59:57204]
2019-09-26 10:03:31,346 INFO  logging.LoggingHandler (AbstractInternalLogger.java:log(150)) - [id: 0x98fa128d, L:0.0.0.0/0.0.0.0:42528] READ COMPLETE
2019-09-26 10:03:31,348 INFO  logging.LoggingHandler (AbstractInternalLogger.java:log(150)) - [id: 0x404738b4, L:/0.0.0.0:37394] READ: [id: 0x0a2393ee, L:/192.168.30.59:37394 - R:/192.168.30.59:34794]
2019-09-26 10:03:31,348 INFO  logging.LoggingHandler (AbstractInternalLogger.java:log(150)) - [id: 0x404738b4, L:/0.0.0.0:37394] READ COMPLETE
2019-09-26 10:03:31,493 TRACE util.FileUtils (LogUtils.java:supplyAndLog(82)) - Successfully supplied Files.newOutputStream CREATE_NEW /workdir/ratis-examples/target/test/data/1fdfb1b/TestFileStoreWithNetty/filestore/s1/file60: java.nio.channels.Channels$1@71d3918c
2019-09-26 10:03:31,494 TRACE util.FileUtils (LogUtils.java:supplyAndLog(82)) - Successfully supplied Files.newOutputStream CREATE_NEW /workdir/ratis-examples/target/test/data/1fdfb1b/TestFileStoreWithNetty/filestore/s2/file60: java.nio.channels.Channels$1@7470b997
2019-09-26 10:03:31,508 TRACE util.FileUtils (LogUtils.java:supplyAndLog(82)) - Successfully supplied Files.newOutputStream CREATE_NEW /workdir/ratis-examples/target/test/data/1fdfb1b/TestFileStoreWithNetty/filestore/s0/file60: java.nio.channels.Channels$1@87ee2f0
2019-09-26 10:03:31,537 INFO  logging.LoggingHandler (AbstractInternalLogger.java:log(150)) - [id: 0x98fa128d, L:0.0.0.0/0.0.0.0:42528] READ: [id: 0x211bfd3b, L:/192.168.30.59:42528 - R:/192.168.30.59:57210]
2019-09-26 10:03:31,537 INFO  logging.LoggingHandler (AbstractInternalLogger.java:log(150)) - [id: 0x98fa128d, L:0.0.0.0/0.0.0.0:42528] READ COMPLETE
2019-09-26 10:03:31,539 INFO  logging.LoggingHandler (AbstractInternalLogger.java:log(150)) - [id: 0x404738b4, L:/0.0.0.0:37394] READ: [id: 0x4d594fd8, L:/192.168.30.59:37394 - R:/192.168.30.59:34800]
2019-09-26 10:03:31,539 INFO  logging.LoggingHandler (AbstractInternalLogger.java:log(150)) - [id: 0x404738b4, L:/0.0.0.0:37394] READ COMPLETE
2019-09-26 10:03:31,629 TRACE util.FileUtils (LogUtils.java:supplyAndLog(82)) - Successfully supplied Files.newOutputStream CREATE_NEW /workdir/ratis-examples/target/test/data/1fdfb1b/TestFileStoreWithNetty/filestore/s1/file61: java.nio.channels.Channels$1@4bc149c8
2019-09-26 10:03:31,629 TRACE util.FileUtils (LogUtils.java:supplyAndLog(82)) - Successfully supplied Files.newOutputStream CREATE_NEW /workdir/ratis-examples/target/test/data/1fdfb1b/TestFileStoreWithNetty/filestore/s0/file61: java.nio.channels.Channels$1@6a1ab597
2019-09-26 10:03:31,630 TRACE util.FileUtils (LogUtils.java:supplyAndLog(82)) - Successfully supplied Files.newOutputStream CREATE_NEW /workdir/ratis-examples/target/test/data/1fdfb1b/TestFileStoreWithNetty/filestore/s2/file61: java.nio.channels.Channels$1@eb9ac25
2019-09-26 10:03:32,836 INFO  logging.LoggingHandler (AbstractInternalLogger.java:log(150)) - [id: 0x98fa128d, L:0.0.0.0/0.0.0.0:42528] READ: [id: 0x901d7950, L:/192.168.30.59:42528 - R:/192.168.30.59:57224]
2019-09-26 10:03:32,837 INFO  logging.LoggingHandler (AbstractInternalLogger.java:log(150)) - [id: 0x98fa128d, L:0.0.0.0/0.0.0.0:42528] READ COMPLETE
2019-09-26 10:03:32,840 INFO  logging.LoggingHandler (AbstractInternalLogger.java:log(150)) - [id: 0x404738b4, L:/0.0.0.0:37394] READ: [id: 0xf68f53ee, L:/192.168.30.59:37394 - R:/192.168.30.59:34814]
2019-09-26 10:03:32,840 INFO  logging.LoggingHandler (AbstractInternalLogger.java:log(150)) - [id: 0x404738b4, L:/0.0.0.0:37394] READ COMPLETE
2019-09-26 10:03:32,859 TRACE util.FileUtils (LogUtils.java:supplyAndLog(82)) - Successfully supplied Files.newOutputStream CREATE_NEW /workdir/ratis-examples/target/test/data/1fdfb1b/TestFileStoreWithNetty/filestore/s1/file62: java.nio.channels.Channels$1@4ae42ef3
2019-09-26 10:03:32,859 TRACE util.FileUtils (LogUtils.java:supplyAndLog(82)) - Successfully supplied Files.newOutputStream CREATE_NEW /workdir/ratis-examples/target/test/data/1fdfb1b/TestFileStoreWithNetty/filestore/s0/file62: java.nio.channels.Channels$1@425b92c5
2019-09-26 10:03:32,862 TRACE util.FileUtils (LogUtils.java:supplyAndLog(82)) - Successfully supplied Files.newOutputStream CREATE_NEW /workdir/ratis-examples/target/test/data/1fdfb1b/TestFileStoreWithNetty/filestore/s2/file62: java.nio.channels.Channels$1@54120150
2019-09-26 10:03:32,931 INFO  logging.LoggingHandler (AbstractInternalLogger.java:log(150)) - [id: 0x98fa128d, L:0.0.0.0/0.0.0.0:42528] READ: [id: 0x8754156e, L:/192.168.30.59:42528 - R:/192.168.30.59:57228]
2019-09-26 10:03:32,932 INFO  logging.LoggingHandler (AbstractInternalLogger.java:log(150)) - [id: 0x98fa128d, L:0.0.0.0/0.0.0.0:42528] READ COMPLETE
2019-09-26 10:03:32,933 INFO  logging.LoggingHandler (AbstractInternalLogger.java:log(150)) - [id: 0x404738b4, L:/0.0.0.0:37394] READ: [id: 0xb3636217, L:/192.168.30.59:37394 - R:/192.168.30.59:34818]
2019-09-26 10:03:32,934 INFO  logging.LoggingHandler (AbstractInternalLogger.java:log(150)) - [id: 0x404738b4, L:/0.0.0.0:37394] READ COMPLETE
2019-09-26 10:03:32,986 TRACE util.FileUtils (LogUtils.java:supplyAndLog(82)) - Successfully supplied Files.newOutputStream CREATE_NEW /workdir/ratis-examples/target/test/data/1fdfb1b/TestFileStoreWithNetty/filestore/s1/file63: java.nio.channels.Channels$1@5b4708d4
2019-09-26 10:03:32,986 TRACE util.FileUtils (LogUtils.java:supplyAndLog(82)) - Successfully supplied Files.newOutputStream CREATE_NEW /workdir/ratis-examples/target/test/data/1fdfb1b/TestFileStoreWithNetty/filestore/s0/file63: java.nio.channels.Channels$1@4d638510
2019-09-26 10:03:32,987 TRACE util.FileUtils (LogUtils.java:supplyAndLog(82)) - Successfully supplied Files.newOutputStream CREATE_NEW /workdir/ratis-examples/target/test/data/1fdfb1b/TestFileStoreWithNetty/filestore/s2/file63: java.nio.channels.Channels$1@6e7ac2cc
2019-09-26 10:03:33,232 INFO  logging.LoggingHandler (AbstractInternalLogger.java:log(150)) - [id: 0x98fa128d, L:0.0.0.0/0.0.0.0:42528] READ: [id: 0x3e040f79, L:/192.168.30.59:42528 - R:/192.168.30.59:57242]
2019-09-26 10:03:33,233 INFO  logging.LoggingHandler (AbstractInternalLogger.java:log(150)) - [id: 0x98fa128d, L:0.0.0.0/0.0.0.0:42528] READ COMPLETE
2019-09-26 10:03:33,234 INFO  logging.LoggingHandler (AbstractInternalLogger.java:log(150)) - [id: 0x404738b4, L:/0.0.0.0:37394] READ: [id: 0x42f08161, L:/192.168.30.59:37394 - R:/192.168.30.59:34832]
2019-09-26 10:03:33,234 INFO  logging.LoggingHandler (AbstractInternalLogger.java:log(150)) - [id: 0x404738b4, L:/0.0.0.0:37394] READ COMPLETE
2019-09-26 10:03:33,287 TRACE util.FileUtils (LogUtils.java:supplyAndLog(82)) - Successfully supplied Files.newOutputStream CREATE_NEW /workdir/ratis-examples/target/test/data/1fdfb1b/TestFileStoreWithNetty/filestore/s1/file64: java.nio.channels.Channels$1@4f45e528
2019-09-26 10:03:33,288 TRACE util.FileUtils (LogUtils.java:supplyAndLog(82)) - Successfully supplied Files.newOutputStream CREATE_NEW /workdir/ratis-examples/target/test/data/1fdfb1b/TestFileStoreWithNetty/filestore/s2/file64: java.nio.channels.Channels$1@1173caec
2019-09-26 10:03:33,299 TRACE util.FileUtils (LogUtils.java:supplyAndLog(82)) - Successfully supplied Files.newOutputStream CREATE_NEW /workdir/ratis-examples/target/test/data/1fdfb1b/TestFileStoreWithNetty/filestore/s0/file64: java.nio.channels.Channels$1@772d50fd
2019-09-26 10:03:34,065 INFO  logging.LoggingHandler (AbstractInternalLogger.java:log(150)) - [id: 0x98fa128d, L:0.0.0.0/0.0.0.0:42528] READ: [id: 0xd81a7f00, L:/192.168.30.59:42528 - R:/192.168.30.59:57252]
2019-09-26 10:03:34,065 INFO  logging.LoggingHandler (AbstractInternalLogger.java:log(150)) - [id: 0x98fa128d, L:0.0.0.0/0.0.0.0:42528] READ COMPLETE
2019-09-26 10:03:34,066 INFO  logging.LoggingHandler (AbstractInternalLogger.java:log(150)) - [id: 0x404738b4, L:/0.0.0.0:37394] READ: [id: 0xcbe2385e, L:/192.168.30.59:37394 - R:/192.168.30.59:34842]
2019-09-26 10:03:34,067 INFO  logging.LoggingHandler (AbstractInternalLogger.java:log(150)) - [id: 0x404738b4, L:/0.0.0.0:37394] READ COMPLETE
2019-09-26 10:03:34,104 TRACE util.FileUtils (LogUtils.java:supplyAndLog(82)) - Successfully supplied Files.newOutputStream CREATE_NEW /workdir/ratis-examples/target/test/data/1fdfb1b/TestFileStoreWithNetty/filestore/s1/file65: java.nio.channels.Channels$1@1bfa0880
2019-09-26 10:03:34,106 TRACE util.FileUtils (LogUtils.java:supplyAndLog(82)) - Successfully supplied Files.newOutputStream CREATE_NEW /workdir/ratis-examples/target/test/data/1fdfb1b/TestFileStoreWithNetty/filestore/s2/file65: java.nio.channels.Channels$1@2d071442
2019-09-26 10:03:34,107 TRACE util.FileUtils (LogUtils.java:supplyAndLog(82)) - Successfully supplied Files.newOutputStream CREATE_NEW /workdir/ratis-examples/target/test/data/1fdfb1b/TestFileStoreWithNetty/filestore/s0/file65: java.nio.channels.Channels$1@50ea0cf7
2019-09-26 10:03:36,564 INFO  logging.LoggingHandler (AbstractInternalLogger.java:log(150)) - [id: 0x98fa128d, L:0.0.0.0/0.0.0.0:42528] READ: [id: 0x71177f7e, L:/192.168.30.59:42528 - R:/192.168.30.59:57280]
2019-09-26 10:03:36,565 INFO  logging.LoggingHandler (AbstractInternalLogger.java:log(150)) - [id: 0x98fa128d, L:0.0.0.0/0.0.0.0:42528] READ COMPLETE
2019-09-26 10:03:36,565 INFO  logging.LoggingHandler (AbstractInternalLogger.java:log(150)) - [id: 0x98fa128d, L:0.0.0.0/0.0.0.0:42528] READ: [id: 0xed157839, L:/192.168.30.59:42528 - R:/192.168.30.59:57282]
2019-09-26 10:03:36,565 INFO  logging.LoggingHandler (AbstractInternalLogger.java:log(150)) - [id: 0x98fa128d, L:0.0.0.0/0.0.0.0:42528] READ COMPLETE
2019-09-26 10:03:36,569 INFO  logging.LoggingHandler (AbstractInternalLogger.java:log(150)) - [id: 0x404738b4, L:/0.0.0.0:37394] READ: [id: 0x3ad937d0, L:/192.168.30.59:37394 - R:/192.168.30.59:34872]
2019-09-26 10:03:36,569 INFO  logging.LoggingHandler (AbstractInternalLogger.java:log(150)) - [id: 0x404738b4, L:/0.0.0.0:37394] READ COMPLETE
2019-09-26 10:03:36,569 INFO  logging.LoggingHandler (AbstractInternalLogger.java:log(150)) - [id: 0x404738b4, L:/0.0.0.0:37394] READ: [id: 0x0328b651, L:/192.168.30.59:37394 - R:/192.168.30.59:34874]
2019-09-26 10:03:36,570 INFO  logging.LoggingHandler (AbstractInternalLogger.java:log(150)) - [id: 0x404738b4, L:/0.0.0.0:37394] READ COMPLETE
2019-09-26 10:03:36,614 TRACE util.FileUtils (LogUtils.java:supplyAndLog(82)) - Successfully supplied Files.newOutputStream CREATE_NEW /workdir/ratis-examples/target/test/data/1fdfb1b/TestFileStoreWithNetty/filestore/s1/file66: java.nio.channels.Channels$1@72d6b500
2019-09-26 10:03:36,615 INFO  logging.LoggingHandler (AbstractInternalLogger.java:log(150)) - [id: 0x98fa128d, L:0.0.0.0/0.0.0.0:42528] READ: [id: 0x6a5d6eca, L:/192.168.30.59:42528 - R:/192.168.30.59:57288]
2019-09-26 10:03:36,616 INFO  logging.LoggingHandler (AbstractInternalLogger.java:log(150)) - [id: 0x98fa128d, L:0.0.0.0/0.0.0.0:42528] READ COMPLETE
2019-09-26 10:03:36,618 INFO  logging.LoggingHandler (AbstractInternalLogger.java:log(150)) - [id: 0x404738b4, L:/0.0.0.0:37394] READ: [id: 0x58d4ad46, L:/192.168.30.59:37394 - R:/192.168.30.59:34878]
2019-09-26 10:03:36,618 INFO  logging.LoggingHandler (AbstractInternalLogger.java:log(150)) - [id: 0x404738b4, L:/0.0.0.0:37394] READ COMPLETE
2019-09-26 10:03:36,628 TRACE util.FileUtils (LogUtils.java:supplyAndLog(82)) - Successfully supplied Files.newOutputStream CREATE_NEW /workdir/ratis-examples/target/test/data/1fdfb1b/TestFileStoreWithNetty/filestore/s2/file66: java.nio.channels.Channels$1@143bb0e5
2019-09-26 10:03:36,630 TRACE util.FileUtils (LogUtils.java:supplyAndLog(82)) - Successfully supplied Files.newOutputStream CREATE_NEW /workdir/ratis-examples/target/test/data/1fdfb1b/TestFileStoreWithNetty/filestore/s0/file66: java.nio.channels.Channels$1@a9d6934
2019-09-26 10:03:36,666 TRACE util.FileUtils (LogUtils.java:supplyAndLog(82)) - Successfully supplied Files.newOutputStream CREATE_NEW /workdir/ratis-examples/target/test/data/1fdfb1b/TestFileStoreWithNetty/filestore/s1/file67: java.nio.channels.Channels$1@67e4af20
2019-09-26 10:03:36,679 TRACE util.FileUtils (LogUtils.java:supplyAndLog(82)) - Successfully supplied Files.newOutputStream CREATE_NEW /workdir/ratis-examples/target/test/data/1fdfb1b/TestFileStoreWithNetty/filestore/s2/file67: java.nio.channels.Channels$1@6483cba2
2019-09-26 10:03:36,681 TRACE util.FileUtils (LogUtils.java:supplyAndLog(82)) - Successfully supplied Files.newOutputStream CREATE_NEW /workdir/ratis-examples/target/test/data/1fdfb1b/TestFileStoreWithNetty/filestore/s0/file67: java.nio.channels.Channels$1@75429f76
2019-09-26 10:03:36,843 TRACE util.FileUtils (LogUtils.java:supplyAndLog(82)) - Successfully supplied Files.newOutputStream CREATE_NEW /workdir/ratis-examples/target/test/data/1fdfb1b/TestFileStoreWithNetty/filestore/s1/file68: java.nio.channels.Channels$1@7c63529e
2019-09-26 10:03:36,843 TRACE util.FileUtils (LogUtils.java:supplyAndLog(82)) - Successfully supplied Files.newOutputStream CREATE_NEW /workdir/ratis-examples/target/test/data/1fdfb1b/TestFileStoreWithNetty/filestore/s0/file68: java.nio.channels.Channels$1@6f7d3d12
2019-09-26 10:03:36,859 TRACE util.FileUtils (LogUtils.java:supplyAndLog(82)) - Successfully supplied Files.newOutputStream CREATE_NEW /workdir/ratis-examples/target/test/data/1fdfb1b/TestFileStoreWithNetty/filestore/s2/file68: java.nio.channels.Channels$1@6f3513bc
2019-09-26 10:03:36,994 INFO  logging.LoggingHandler (AbstractInternalLogger.java:log(150)) - [id: 0x98fa128d, L:0.0.0.0/0.0.0.0:42528] READ: [id: 0xe3d3466a, L:/192.168.30.59:42528 - R:/192.168.30.59:57292]
2019-09-26 10:03:36,994 INFO  logging.LoggingHandler (AbstractInternalLogger.java:log(150)) - [id: 0x98fa128d, L:0.0.0.0/0.0.0.0:42528] READ COMPLETE
2019-09-26 10:03:36,995 INFO  logging.LoggingHandler (AbstractInternalLogger.java:log(150)) - [id: 0x404738b4, L:/0.0.0.0:37394] READ: [id: 0x1b8d0888, L:/192.168.30.59:37394 - R:/192.168.30.59:34882]
2019-09-26 10:03:36,995 INFO  logging.LoggingHandler (AbstractInternalLogger.java:log(150)) - [id: 0x404738b4, L:/0.0.0.0:37394] READ COMPLETE
2019-09-26 10:03:37,032 TRACE util.FileUtils (LogUtils.java:supplyAndLog(82)) - Successfully supplied Files.newOutputStream CREATE_NEW /workdir/ratis-examples/target/test/data/1fdfb1b/TestFileStoreWithNetty/filestore/s1/file69: java.nio.channels.Channels$1@5a49ab14
2019-09-26 10:03:37,033 TRACE util.FileUtils (LogUtils.java:supplyAndLog(82)) - Successfully supplied Files.newOutputStream CREATE_NEW /workdir/ratis-examples/target/test/data/1fdfb1b/TestFileStoreWithNetty/filestore/s0/file69: java.nio.channels.Channels$1@51285083
2019-09-26 10:03:37,035 TRACE util.FileUtils (LogUtils.java:supplyAndLog(82)) - Successfully supplied Files.newOutputStream CREATE_NEW /workdir/ratis-examples/target/test/data/1fdfb1b/TestFileStoreWithNetty/filestore/s2/file69: java.nio.channels.Channels$1@4528d5e5
2019-09-26 10:03:37,161 INFO  logging.LoggingHandler (AbstractInternalLogger.java:log(150)) - [id: 0x98fa128d, L:0.0.0.0/0.0.0.0:42528] READ: [id: 0xc074f49a, L:/192.168.30.59:42528 - R:/192.168.30.59:57298]
2019-09-26 10:03:37,161 INFO  logging.LoggingHandler (AbstractInternalLogger.java:log(150)) - [id: 0x98fa128d, L:0.0.0.0/0.0.0.0:42528] READ COMPLETE
2019-09-26 10:03:37,164 INFO  logging.LoggingHandler (AbstractInternalLogger.java:log(150)) - [id: 0x404738b4, L:/0.0.0.0:37394] READ: [id: 0x08c390c3, L:/192.168.30.59:37394 - R:/192.168.30.59:34888]
2019-09-26 10:03:37,164 INFO  logging.LoggingHandler (AbstractInternalLogger.java:log(150)) - [id: 0x404738b4, L:/0.0.0.0:37394] READ COMPLETE
2019-09-26 10:03:37,190 TRACE util.FileUtils (LogUtils.java:supplyAndLog(82)) - Successfully supplied Files.newOutputStream CREATE_NEW /workdir/ratis-examples/target/test/data/1fdfb1b/TestFileStoreWithNetty/filestore/s1/file70: java.nio.channels.Channels$1@46ce359c
2019-09-26 10:03:37,193 TRACE util.FileUtils (LogUtils.java:supplyAndLog(82)) - Successfully supplied Files.newOutputStream CREATE_NEW /workdir/ratis-examples/target/test/data/1fdfb1b/TestFileStoreWithNetty/filestore/s2/file70: java.nio.channels.Channels$1@13e63a5e
2019-09-26 10:03:37,193 TRACE util.FileUtils (LogUtils.java:supplyAndLog(82)) - Successfully supplied Files.newOutputStream CREATE_NEW /workdir/ratis-examples/target/test/data/1fdfb1b/TestFileStoreWithNetty/filestore/s0/file70: java.nio.channels.Channels$1@5b7da195
2019-09-26 10:03:39,257 INFO  impl.FollowerState (FollowerState.java:run(108)) - s0@group-EA0D101F487D-FollowerState: change to CANDIDATE, lastRpcTime:201ms, electionTimeout:191ms
2019-09-26 10:03:39,257 INFO  impl.RoleInfo (RoleInfo.java:shutdownFollowerState(121)) - s0: shutdown FollowerState
2019-09-26 10:03:39,258 INFO  impl.RaftServerImpl (RaftServerImpl.java:setRole(170)) - s0@group-EA0D101F487D: changes role from  FOLLOWER to CANDIDATE at term 2 for changeToCandidate
2019-09-26 10:03:39,258 INFO  impl.RoleInfo (RoleInfo.java:updateAndGet(143)) - s0: start LeaderElection
2019-09-26 10:03:39,259 INFO  impl.RaftServerImpl (RaftServerImpl.java:setRole(170)) - s0@group-EA0D101F487D: changes role from CANDIDATE to FOLLOWER at term 2 for appendEntries
2019-09-26 10:03:39,259 INFO  impl.RoleInfo (RoleInfo.java:shutdownLeaderElection(134)) - s0: shutdown LeaderElection
2019-09-26 10:03:39,259 INFO  impl.RoleInfo (RoleInfo.java:updateAndGet(143)) - s0: start FollowerState
2019-09-26 10:03:39,259 INFO  impl.RaftServerImpl (ServerState.java:setLeader(254)) - s0@group-EA0D101F487D: change Leader from s1 to null at term 2 for initElection
2019-09-26 10:03:39,272 INFO  impl.LeaderElection (LeaderElection.java:askForVotes(178)) - s0@group-EA0D101F487D-LeaderElection4: begin an election at term 3 for 0: [s0:0.0.0.0:42528, s1:0.0.0.0:37394, s2:0.0.0.0:41916], old=null
2019-09-26 10:03:39,273 INFO  impl.LeaderElection (LeaderElection.java:logAndReturn(56)) - s0@group-EA0D101F487D-LeaderElection4: Election REJECTED; received 0 response(s) [] and 0 exception(s); s0@group-EA0D101F487D:t3, leader=null, voted=s0, raftlog=s0@group-EA0D101F487D-SegmentedRaftLog:OPENED:c25533,f25538,i25538, conf=0: [s0:0.0.0.0:42528, s1:0.0.0.0:37394, s2:0.0.0.0:41916], old=null
2019-09-26 10:03:39,275 INFO  impl.RaftServerImpl (ServerState.java:setLeader(254)) - s2@group-EA0D101F487D: change Leader from s1 to null at term 3 for updateCurrentTerm
2019-09-26 10:03:39,276 INFO  impl.RaftServerImpl (RaftServerImpl.java:setRole(170)) - s2@group-EA0D101F487D: changes role from  FOLLOWER to FOLLOWER at term 3 for recognizeCandidate:s0
2019-09-26 10:03:39,276 INFO  impl.RoleInfo (RoleInfo.java:shutdownFollowerState(121)) - s2: shutdown FollowerState
2019-09-26 10:03:39,276 INFO  impl.RoleInfo (RoleInfo.java:updateAndGet(143)) - s2: start FollowerState
2019-09-26 10:03:39,276 INFO  impl.FollowerState (FollowerState.java:run(117)) - s2@group-EA0D101F487D-FollowerState was interrupted: java.lang.InterruptedException: sleep interrupted
2019-09-26 10:03:39,277 INFO  impl.RaftServerImpl (ServerState.java:setLeader(254)) - s1@group-EA0D101F487D: change Leader from s1 to null at term 3 for updateCurrentTerm
2019-09-26 10:03:39,277 INFO  impl.RaftServerImpl (RaftServerImpl.java:setRole(170)) - s1@group-EA0D101F487D: changes role from    LEADER to FOLLOWER at term 3 for stepDown
2019-09-26 10:03:39,277 INFO  impl.RoleInfo (RoleInfo.java:shutdownLeaderState(104)) - s1: shutdown LeaderState
2019-09-26 10:03:39,278 INFO  impl.PendingRequests (PendingRequests.java:sendNotLeaderResponses(202)) - s1@group-EA0D101F487D-PendingRequests: sendNotLeaderResponses
2019-09-26 10:03:39,281 INFO  impl.LogAppender (LogAppender.java:run(78)) - s1@group-EA0D101F487D->s2-LogAppender-AppenderDaemon was interrupted: java.io.InterruptedIOException: s1->s2#0 sending from s2:0.0.0.0:41916 is interrupted.
2019-09-26 10:03:39,283 INFO  impl.RoleInfo (RoleInfo.java:updateAndGet(143)) - s1: start FollowerState
2019-09-26 10:03:39,285 INFO  logging.LoggingHandler (AbstractInternalLogger.java:log(150)) - [id: 0x98fa128d, L:0.0.0.0/0.0.0.0:42528] READ: [id: 0xb883a68c, L:/192.168.30.59:42528 - R:/192.168.30.59:57325]
2019-09-26 10:03:39,285 INFO  logging.LoggingHandler (AbstractInternalLogger.java:log(150)) - [id: 0xa287243a, L:/0.0.0.0:41916] READ: [id: 0x5553ecf3, L:/192.168.30.59:41916 - R:/192.168.30.59:51996]
2019-09-26 10:03:39,285 INFO  logging.LoggingHandler (AbstractInternalLogger.java:log(150)) - [id: 0x98fa128d, L:0.0.0.0/0.0.0.0:42528] READ COMPLETE
2019-09-26 10:03:39,286 INFO  logging.LoggingHandler (AbstractInternalLogger.java:log(150)) - [id: 0xa287243a, L:/0.0.0.0:41916] READ COMPLETE
2019-09-26 10:03:39,286 INFO  logging.LoggingHandler (AbstractInternalLogger.java:log(150)) - [id: 0x98fa128d, L:0.0.0.0/0.0.0.0:42528] READ: [id: 0x7a2b3e38, L:/192.168.30.59:42528 - R:/192.168.30.59:57324]
2019-09-26 10:03:39,286 INFO  logging.LoggingHandler (AbstractInternalLogger.java:log(150)) - [id: 0x98fa128d, L:0.0.0.0/0.0.0.0:42528] READ COMPLETE
2019-09-26 10:03:39,286 INFO  logging.LoggingHandler (AbstractInternalLogger.java:log(150)) - [id: 0x98fa128d, L:0.0.0.0/0.0.0.0:42528] READ: [id: 0x6fb0d931, L:/192.168.30.59:42528 - R:/192.168.30.59:57330]
2019-09-26 10:03:39,286 INFO  logging.LoggingHandler (AbstractInternalLogger.java:log(150)) - [id: 0x98fa128d, L:0.0.0.0/0.0.0.0:42528] READ COMPLETE
2019-09-26 10:03:39,287 INFO  logging.LoggingHandler (AbstractInternalLogger.java:log(150)) - [id: 0x98fa128d, L:0.0.0.0/0.0.0.0:42528] READ: [id: 0x19a2ec6f, L:/192.168.30.59:42528 - R:/192.168.30.59:57332]
2019-09-26 10:03:39,287 INFO  logging.LoggingHandler (AbstractInternalLogger.java:log(150)) - [id: 0x98fa128d, L:0.0.0.0/0.0.0.0:42528] READ COMPLETE
2019-09-26 10:03:39,287 INFO  logging.LoggingHandler (AbstractInternalLogger.java:log(150)) - [id: 0xa287243a, L:/0.0.0.0:41916] READ: [id: 0x33047032, L:/192.168.30.59:41916 - R:/192.168.30.59:52014]
2019-09-26 10:03:39,287 INFO  logging.LoggingHandler (AbstractInternalLogger.java:log(150)) - [id: 0x98fa128d, L:0.0.0.0/0.0.0.0:42528] READ: [id: 0x7412ccf1, L:/192.168.30.59:42528 - R:/192.168.30.59:57334]
2019-09-26 10:03:39,287 INFO  logging.LoggingHandler (AbstractInternalLogger.java:log(150)) - [id: 0x98fa128d, L:0.0.0.0/0.0.0.0:42528] READ COMPLETE
2019-09-26 10:03:39,288 INFO  logging.LoggingHandler (AbstractInternalLogger.java:log(150)) - [id: 0x98fa128d, L:0.0.0.0/0.0.0.0:42528] READ: [id: 0x7b0703d7, L:/192.168.30.59:42528 - R:/192.168.30.59:57336]
2019-09-26 10:03:39,288 INFO  logging.LoggingHandler (AbstractInternalLogger.java:log(150)) - [id: 0x98fa128d, L:0.0.0.0/0.0.0.0:42528] READ COMPLETE
2019-09-26 10:03:39,288 INFO  logging.LoggingHandler (AbstractInternalLogger.java:log(150)) - [id: 0xa287243a, L:/0.0.0.0:41916] READ COMPLETE
2019-09-26 10:03:39,288 INFO  logging.LoggingHandler (AbstractInternalLogger.java:log(150)) - [id: 0x98fa128d, L:0.0.0.0/0.0.0.0:42528] READ: [id: 0xcc6d7f50, L:/192.168.30.59:42528 - R:/192.168.30.59:57338]
2019-09-26 10:03:39,288 INFO  logging.LoggingHandler (AbstractInternalLogger.java:log(150)) - [id: 0xa287243a, L:/0.0.0.0:41916] READ: [id: 0x9d944bb7, L:/192.168.30.59:41916 - R:/192.168.30.59:52016]
2019-09-26 10:03:39,289 INFO  logging.LoggingHandler (AbstractInternalLogger.java:log(150)) - [id: 0x98fa128d, L:0.0.0.0/0.0.0.0:42528] READ COMPLETE
2019-09-26 10:03:39,289 INFO  logging.LoggingHandler (AbstractInternalLogger.java:log(150)) - [id: 0xa287243a, L:/0.0.0.0:41916] READ COMPLETE
2019-09-26 10:03:39,289 INFO  logging.LoggingHandler (AbstractInternalLogger.java:log(150)) - [id: 0x98fa128d, L:0.0.0.0/0.0.0.0:42528] READ: [id: 0x0bfb1270, L:/192.168.30.59:42528 - R:/192.168.30.59:57340]
2019-09-26 10:03:39,289 INFO  logging.LoggingHandler (AbstractInternalLogger.java:log(150)) - [id: 0xa287243a, L:/0.0.0.0:41916] READ: [id: 0xa2b9e89a, L:/192.168.30.59:41916 - R:/192.168.30.59:52020]
2019-09-26 10:03:39,289 INFO  logging.LoggingHandler (AbstractInternalLogger.java:log(150)) - [id: 0x98fa128d, L:0.0.0.0/0.0.0.0:42528] READ COMPLETE
2019-09-26 10:03:39,289 INFO  logging.LoggingHandler (AbstractInternalLogger.java:log(150)) - [id: 0xa287243a, L:/0.0.0.0:41916] READ COMPLETE
2019-09-26 10:03:39,290 INFO  logging.LoggingHandler (AbstractInternalLogger.java:log(150)) - [id: 0x98fa128d, L:0.0.0.0/0.0.0.0:42528] READ: [id: 0x35095149, L:/192.168.30.59:42528 - R:/192.168.30.59:57342]
2019-09-26 10:03:39,290 INFO  logging.LoggingHandler (AbstractInternalLogger.java:log(150)) - [id: 0xa287243a, L:/0.0.0.0:41916] READ: [id: 0xeff8206f, L:/192.168.30.59:41916 - R:/192.168.30.59:52022]
2019-09-26 10:03:39,290 INFO  logging.LoggingHandler (AbstractInternalLogger.java:log(150)) - [id: 0x98fa128d, L:0.0.0.0/0.0.0.0:42528] READ COMPLETE
2019-09-26 10:03:39,290 INFO  logging.LoggingHandler (AbstractInternalLogger.java:log(150)) - [id: 0x404738b4, L:/0.0.0.0:37394] READ: [id: 0x3a098eb0, L:/192.168.30.59:37394 - R:/192.168.30.59:34958]
2019-09-26 10:03:39,290 INFO  logging.LoggingHandler (AbstractInternalLogger.java:log(150)) - [id: 0x98fa128d, L:0.0.0.0/0.0.0.0:42528] READ: [id: 0xb3c5cbcd, L:/192.168.30.59:42528 - R:/192.168.30.59:57344]
2019-09-26 10:03:39,290 INFO  logging.LoggingHandler (AbstractInternalLogger.java:log(150)) - [id: 0xa287243a, L:/0.0.0.0:41916] READ COMPLETE
2019-09-26 10:03:39,291 INFO  logging.LoggingHandler (AbstractInternalLogger.java:log(150)) - [id: 0x98fa128d, L:0.0.0.0/0.0.0.0:42528] READ COMPLETE
2019-09-26 10:03:39,291 INFO  logging.LoggingHandler (AbstractInternalLogger.java:log(150)) - [id: 0x404738b4, L:/0.0.0.0:37394] READ COMPLETE
2019-09-26 10:03:39,291 INFO  logging.LoggingHandler (AbstractInternalLogger.java:log(150)) - [id: 0x98fa128d, L:0.0.0.0/0.0.0.0:42528] READ: [id: 0x3ce08619, L:/192.168.30.59:42528 - R:/192.168.30.59:57350]
2019-09-26 10:03:39,291 INFO  logging.LoggingHandler (AbstractInternalLogger.java:log(150)) - [id: 0xa287243a, L:/0.0.0.0:41916] READ: [id: 0x87d049ff, L:/192.168.30.59:41916 - R:/192.168.30.59:52028]
2019-09-26 10:03:39,291 INFO  logging.LoggingHandler (AbstractInternalLogger.java:log(150)) - [id: 0x98fa128d, L:0.0.0.0/0.0.0.0:42528] READ COMPLETE
2019-09-26 10:03:39,292 INFO  logging.LoggingHandler (AbstractInternalLogger.java:log(150)) - [id: 0xa287243a, L:/0.0.0.0:41916] READ COMPLETE
2019-09-26 10:03:39,292 INFO  logging.LoggingHandler (AbstractInternalLogger.java:log(150)) - [id: 0x98fa128d, L:0.0.0.0/0.0.0.0:42528] READ: [id: 0xeecb957b, L:/192.168.30.59:42528 - R:/192.168.30.59:57356]
2019-09-26 10:03:39,292 INFO  logging.LoggingHandler (AbstractInternalLogger.java:log(150)) - [id: 0xa287243a, L:/0.0.0.0:41916] READ: [id: 0x8e57806c, L:/192.168.30.59:41916 - R:/192.168.30.59:52030]
2019-09-26 10:03:39,292 INFO  logging.LoggingHandler (AbstractInternalLogger.java:log(150)) - [id: 0x98fa128d, L:0.0.0.0/0.0.0.0:42528] READ COMPLETE
2019-09-26 10:03:39,292 INFO  logging.LoggingHandler (AbstractInternalLogger.java:log(150)) - [id: 0xa287243a, L:/0.0.0.0:41916] READ COMPLETE
2019-09-26 10:03:39,292 INFO  logging.LoggingHandler (AbstractInternalLogger.java:log(150)) - [id: 0x98fa128d, L:0.0.0.0/0.0.0.0:42528] READ: [id: 0x1d6530d6, L:/192.168.30.59:42528 - R:/192.168.30.59:57358]
2019-09-26 10:03:39,293 INFO  logging.LoggingHandler (AbstractInternalLogger.java:log(150)) - [id: 0xa287243a, L:/0.0.0.0:41916] READ: [id: 0xc42f1641, L:/192.168.30.59:41916 - R:/192.168.30.59:52032]
2019-09-26 10:03:39,293 INFO  logging.LoggingHandler (AbstractInternalLogger.java:log(150)) - [id: 0x98fa128d, L:0.0.0.0/0.0.0.0:42528] READ COMPLETE
2019-09-26 10:03:39,293 INFO  logging.LoggingHandler (AbstractInternalLogger.java:log(150)) - [id: 0xa287243a, L:/0.0.0.0:41916] READ COMPLETE
2019-09-26 10:03:39,293 INFO  logging.LoggingHandler (AbstractInternalLogger.java:log(150)) - [id: 0x98fa128d, L:0.0.0.0/0.0.0.0:42528] READ: [id: 0x551d26ba, L:/192.168.30.59:42528 - R:/192.168.30.59:57374]
2019-09-26 10:03:39,293 INFO  logging.LoggingHandler (AbstractInternalLogger.java:log(150)) - [id: 0x404738b4, L:/0.0.0.0:37394] READ: [id: 0x7a512dcd, L:/192.168.30.59:37394 - R:/192.168.30.59:34972]
2019-09-26 10:03:39,294 INFO  logging.LoggingHandler (AbstractInternalLogger.java:log(150)) - [id: 0x404738b4, L:/0.0.0.0:37394] READ COMPLETE
2019-09-26 10:03:39,293 INFO  logging.LoggingHandler (AbstractInternalLogger.java:log(150)) - [id: 0xa287243a, L:/0.0.0.0:41916] READ: [id: 0x57d70b97, L:/192.168.30.59:41916 - R:/192.168.30.59:52034]
2019-09-26 10:03:39,294 INFO  logging.LoggingHandler (AbstractInternalLogger.java:log(150)) - [id: 0x404738b4, L:/0.0.0.0:37394] READ: [id: 0xe4b6ee0b, L:/192.168.30.59:37394 - R:/192.168.30.59:34974]
2019-09-26 10:03:39,294 INFO  logging.LoggingHandler (AbstractInternalLogger.java:log(150)) - [id: 0x98fa128d, L:0.0.0.0/0.0.0.0:42528] READ COMPLETE
2019-09-26 10:03:39,294 INFO  logging.LoggingHandler (AbstractInternalLogger.java:log(150)) - [id: 0x404738b4, L:/0.0.0.0:37394] READ COMPLETE
2019-09-26 10:03:39,294 INFO  logging.LoggingHandler (AbstractInternalLogger.java:log(150)) - [id: 0xa287243a, L:/0.0.0.0:41916] READ COMPLETE
2019-09-26 10:03:39,295 INFO  logging.LoggingHandler (AbstractInternalLogger.java:log(150)) - [id: 0x404738b4, L:/0.0.0.0:37394] READ: [id: 0xd5d24557, L:/192.168.30.59:37394 - R:/192.168.30.59:34986]
2019-09-26 10:03:39,295 INFO  logging.LoggingHandler (AbstractInternalLogger.java:log(150)) - [id: 0xa287243a, L:/0.0.0.0:41916] READ: [id: 0x9508e67f, L:/192.168.30.59:41916 - R:/192.168.30.59:52036]
2019-09-26 10:03:39,295 INFO  logging.LoggingHandler (AbstractInternalLogger.java:log(150)) - [id: 0x98fa128d, L:0.0.0.0/0.0.0.0:42528] READ: [id: 0x894861d3, L:/192.168.30.59:42528 - R:/192.168.30.59:57380]
2019-09-26 10:03:39,295 INFO  logging.LoggingHandler (AbstractInternalLogger.java:log(150)) - [id: 0xa287243a, L:/0.0.0.0:41916] READ COMPLETE
2019-09-26 10:03:39,295 INFO  logging.LoggingHandler (AbstractInternalLogger.java:log(150)) - [id: 0x404738b4, L:/0.0.0.0:37394] READ COMPLETE
2019-09-26 10:03:39,296 INFO  logging.LoggingHandler (AbstractInternalLogger.java:log(150)) - [id: 0xa287243a, L:/0.0.0.0:41916] READ: [id: 0x890e9a52, L:/192.168.30.59:41916 - R:/192.168.30.59:52040]
2019-09-26 10:03:39,296 INFO  logging.LoggingHandler (AbstractInternalLogger.java:log(150)) - [id: 0x98fa128d, L:0.0.0.0/0.0.0.0:42528] READ COMPLETE
2019-09-26 10:03:39,296 INFO  logging.LoggingHandler (AbstractInternalLogger.java:log(150)) - [id: 0xa287243a, L:/0.0.0.0:41916] READ COMPLETE
2019-09-26 10:03:39,296 INFO  logging.LoggingHandler (AbstractInternalLogger.java:log(150)) - [id: 0x404738b4, L:/0.0.0.0:37394] READ: [id: 0x1f930dff, L:/192.168.30.59:37394 - R:/192.168.30.59:34990]
2019-09-26 10:03:39,297 INFO  logging.LoggingHandler (AbstractInternalLogger.java:log(150)) - [id: 0xa287243a, L:/0.0.0.0:41916] READ: [id: 0x1bff217b, L:/192.168.30.59:41916 - R:/192.168.30.59:52044]
2019-09-26 10:03:39,296 INFO  logging.LoggingHandler (AbstractInternalLogger.java:log(150)) - [id: 0x98fa128d, L:0.0.0.0/0.0.0.0:42528] READ: [id: 0xee36c533, L:/192.168.30.59:42528 - R:/192.168.30.59:57382]
2019-09-26 10:03:39,297 INFO  logging.LoggingHandler (AbstractInternalLogger.java:log(150)) - [id: 0xa287243a, L:/0.0.0.0:41916] READ COMPLETE
2019-09-26 10:03:39,297 INFO  logging.LoggingHandler (AbstractInternalLogger.java:log(150)) - [id: 0x404738b4, L:/0.0.0.0:37394] READ COMPLETE
2019-09-26 10:03:39,297 INFO  logging.LoggingHandler (AbstractInternalLogger.java:log(150)) - [id: 0xa287243a, L:/0.0.0.0:41916] READ: [id: 0xf7bfe849, L:/192.168.30.59:41916 - R:/192.168.30.59:52046]
2019-09-26 10:03:39,297 INFO  logging.LoggingHandler (AbstractInternalLogger.java:log(150)) - [id: 0x98fa128d, L:0.0.0.0/0.0.0.0:42528] READ COMPLETE
2019-09-26 10:03:39,297 INFO  logging.LoggingHandler (AbstractInternalLogger.java:log(150)) - [id: 0xa287243a, L:/0.0.0.0:41916] READ COMPLETE
2019-09-26 10:03:39,297 INFO  logging.LoggingHandler (AbstractInternalLogger.java:log(150)) - [id: 0x404738b4, L:/0.0.0.0:37394] READ: [id: 0xb412558b, L:/192.168.30.59:37394 - R:/192.168.30.59:34994]
2019-09-26 10:03:39,298 INFO  logging.LoggingHandler (AbstractInternalLogger.java:log(150)) - [id: 0x98fa128d, L:0.0.0.0/0.0.0.0:42528] READ: [id: 0x13e387e0, L:/192.168.30.59:42528 - R:/192.168.30.59:57394]
2019-09-26 10:03:39,298 INFO  logging.LoggingHandler (AbstractInternalLogger.java:log(150)) - [id: 0x404738b4, L:/0.0.0.0:37394] READ COMPLETE
2019-09-26 10:03:39,298 INFO  logging.LoggingHandler (AbstractInternalLogger.java:log(150)) - [id: 0x404738b4, L:/0.0.0.0:37394] READ: [id: 0x23eeb6ee, L:/192.168.30.59:37394 - R:/192.168.30.59:34996]
2019-09-26 10:03:39,298 INFO  logging.LoggingHandler (AbstractInternalLogger.java:log(150)) - [id: 0xa287243a, L:/0.0.0.0:41916] READ: [id: 0xa92f1188, L:/192.168.30.59:41916 - R:/192.168.30.59:52056]
2019-09-26 10:03:39,298 INFO  logging.LoggingHandler (AbstractInternalLogger.java:log(150)) - [id: 0x404738b4, L:/0.0.0.0:37394] READ COMPLETE
2019-09-26 10:03:39,298 INFO  logging.LoggingHandler (AbstractInternalLogger.java:log(150)) - [id: 0x98fa128d, L:0.0.0.0/0.0.0.0:42528] READ COMPLETE
2019-09-26 10:03:39,299 INFO  logging.LoggingHandler (AbstractInternalLogger.java:log(150)) - [id: 0xa287243a, L:/0.0.0.0:41916] READ COMPLETE
2019-09-26 10:03:39,299 INFO  logging.LoggingHandler (AbstractInternalLogger.java:log(150)) - [id: 0x404738b4, L:/0.0.0.0:37394] READ: [id: 0x4a98b5bc, L:/192.168.30.59:37394 - R:/192.168.30.59:35000]
2019-09-26 10:03:39,299 INFO  logging.LoggingHandler (AbstractInternalLogger.java:log(150)) - [id: 0xa287243a, L:/0.0.0.0:41916] READ: [id: 0x9246942a, L:/192.168.30.59:41916 - R:/192.168.30.59:52058]
2019-09-26 10:03:39,299 INFO  logging.LoggingHandler (AbstractInternalLogger.java:log(150)) - [id: 0x404738b4, L:/0.0.0.0:37394] READ COMPLETE
2019-09-26 10:03:39,300 INFO  logging.LoggingHandler (AbstractInternalLogger.java:log(150)) - [id: 0xa287243a, L:/0.0.0.0:41916] READ COMPLETE
2019-09-26 10:03:39,300 INFO  logging.LoggingHandler (AbstractInternalLogger.java:log(150)) - [id: 0x98fa128d, L:0.0.0.0/0.0.0.0:42528] READ: [id: 0x8747a736, L:/192.168.30.59:42528 - R:/192.168.30.59:57418]
2019-09-26 10:03:39,300 INFO  logging.LoggingHandler (AbstractInternalLogger.java:log(150)) - [id: 0xa287243a, L:/0.0.0.0:41916] READ: [id: 0x5f60ed00, L:/192.168.30.59:41916 - R:/192.168.30.59:52060]
2019-09-26 10:03:39,300 INFO  logging.LoggingHandler (AbstractInternalLogger.java:log(150)) - [id: 0x404738b4, L:/0.0.0.0:37394] READ: [id: 0x16e9a685, L:/192.168.30.59:37394 - R:/192.168.30.59:35008]
2019-09-26 10:03:39,300 INFO  logging.LoggingHandler (AbstractInternalLogger.java:log(150)) - [id: 0x98fa128d, L:0.0.0.0/0.0.0.0:42528] READ COMPLETE
2019-09-26 10:03:39,300 INFO  logging.LoggingHandler (AbstractInternalLogger.java:log(150)) - [id: 0x404738b4, L:/0.0.0.0:37394] READ COMPLETE
2019-09-26 10:03:39,300 INFO  logging.LoggingHandler (AbstractInternalLogger.java:log(150)) - [id: 0xa287243a, L:/0.0.0.0:41916] READ COMPLETE
2019-09-26 10:03:39,301 INFO  logging.LoggingHandler (AbstractInternalLogger.java:log(150)) - [id: 0xa287243a, L:/0.0.0.0:41916] READ: [id: 0x842cbee5, L:/192.168.30.59:41916 - R:/192.168.30.59:52064]
2019-09-26 10:03:39,301 INFO  logging.LoggingHandler (AbstractInternalLogger.java:log(150)) - [id: 0xa287243a, L:/0.0.0.0:41916] READ COMPLETE
2019-09-26 10:03:39,301 INFO  logging.LoggingHandler (AbstractInternalLogger.java:log(150)) - [id: 0xa287243a, L:/0.0.0.0:41916] READ: [id: 0x687339c9, L:/192.168.30.59:41916 - R:/192.168.30.59:52068]
2019-09-26 10:03:39,301 INFO  logging.LoggingHandler (AbstractInternalLogger.java:log(150)) - [id: 0xa287243a, L:/0.0.0.0:41916] READ COMPLETE
2019-09-26 10:03:39,301 INFO  logging.LoggingHandler (AbstractInternalLogger.java:log(150)) - [id: 0xa287243a, L:/0.0.0.0:41916] READ: [id: 0xfd1c4a48, L:/192.168.30.59:41916 - R:/192.168.30.59:52072]
2019-09-26 10:03:39,302 INFO  logging.LoggingHandler (AbstractInternalLogger.java:log(150)) - [id: 0xa287243a, L:/0.0.0.0:41916] READ COMPLETE
2019-09-26 10:03:39,302 INFO  logging.LoggingHandler (AbstractInternalLogger.java:log(150)) - [id: 0xa287243a, L:/0.0.0.0:41916] READ: [id: 0x1906195a, L:/192.168.30.59:41916 - R:/192.168.30.59:52078]
2019-09-26 10:03:39,302 INFO  logging.LoggingHandler (AbstractInternalLogger.java:log(150)) - [id: 0xa287243a, L:/0.0.0.0:41916] READ COMPLETE
2019-09-26 10:03:39,302 INFO  logging.LoggingHandler (AbstractInternalLogger.java:log(150)) - [id: 0x98fa128d, L:0.0.0.0/0.0.0.0:42528] READ: [id: 0x5f64c9de, L:/192.168.30.59:42528 - R:/192.168.30.59:57430]
2019-09-26 10:03:39,302 INFO  logging.LoggingHandler (AbstractInternalLogger.java:log(150)) - [id: 0x404738b4, L:/0.0.0.0:37394] READ: [id: 0xd0374a73, L:/192.168.30.59:37394 - R:/192.168.30.59:35020]
2019-09-26 10:03:39,302 INFO  logging.LoggingHandler (AbstractInternalLogger.java:log(150)) - [id: 0xa287243a, L:/0.0.0.0:41916] READ: [id: 0xc8e5d62a, L:/192.168.30.59:41916 - R:/192.168.30.59:52082]
2019-09-26 10:03:39,303 INFO  logging.LoggingHandler (AbstractInternalLogger.java:log(150)) - [id: 0x404738b4, L:/0.0.0.0:37394] READ COMPLETE
2019-09-26 10:03:39,303 INFO  logging.LoggingHandler (AbstractInternalLogger.java:log(150)) - [id: 0x98fa128d, L:0.0.0.0/0.0.0.0:42528] READ COMPLETE
2019-09-26 10:03:39,303 INFO  logging.LoggingHandler (AbstractInternalLogger.java:log(150)) - [id: 0xa287243a, L:/0.0.0.0:41916] READ COMPLETE
2019-09-26 10:03:39,303 INFO  logging.LoggingHandler (AbstractInternalLogger.java:log(150)) - [id: 0xa287243a, L:/0.0.0.0:41916] READ: [id: 0x1a5e93aa, L:/192.168.30.59:41916 - R:/192.168.30.59:52084]
2019-09-26 10:03:39,303 INFO  logging.LoggingHandler (AbstractInternalLogger.java:log(150)) - [id: 0xa287243a, L:/0.0.0.0:41916] READ COMPLETE
2019-09-26 10:03:39,304 INFO  logging.LoggingHandler (AbstractInternalLogger.java:log(150)) - [id: 0x98fa128d, L:0.0.0.0/0.0.0.0:42528] READ: [id: 0x4dca1ad3, L:/192.168.30.59:42528 - R:/192.168.30.59:57434]
2019-09-26 10:03:39,304 INFO  logging.LoggingHandler (AbstractInternalLogger.java:log(150)) - [id: 0xa287243a, L:/0.0.0.0:41916] READ: [id: 0x4d7df869, L:/192.168.30.59:41916 - R:/192.168.30.59:52090]
2019-09-26 10:03:39,304 INFO  logging.LoggingHandler (AbstractInternalLogger.java:log(150)) - [id: 0x98fa128d, L:0.0.0.0/0.0.0.0:42528] READ COMPLETE
2019-09-26 10:03:39,304 INFO  logging.LoggingHandler (AbstractInternalLogger.java:log(150)) - [id: 0xa287243a, L:/0.0.0.0:41916] READ COMPLETE
2019-09-26 10:03:39,304 INFO  logging.LoggingHandler (AbstractInternalLogger.java:log(150)) - [id: 0x98fa128d, L:0.0.0.0/0.0.0.0:42528] READ: [id: 0x6e307914, L:/192.168.30.59:42528 - R:/192.168.30.59:57438]
2019-09-26 10:03:39,304 INFO  logging.LoggingHandler (AbstractInternalLogger.java:log(150)) - [id: 0xa287243a, L:/0.0.0.0:41916] READ: [id: 0x6aca1423, L:/192.168.30.59:41916 - R:/192.168.30.59:52092]
2019-09-26 10:03:39,304 INFO  logging.LoggingHandler (AbstractInternalLogger.java:log(150)) - [id: 0x98fa128d, L:0.0.0.0/0.0.0.0:42528] READ COMPLETE
2019-09-26 10:03:39,305 INFO  logging.LoggingHandler (AbstractInternalLogger.java:log(150)) - [id: 0xa287243a, L:/0.0.0.0:41916] READ COMPLETE
2019-09-26 10:03:39,305 INFO  logging.LoggingHandler (AbstractInternalLogger.java:log(150)) - [id: 0x98fa128d, L:0.0.0.0/0.0.0.0:42528] READ: [id: 0xcfe9dcb6, L:/192.168.30.59:42528 - R:/192.168.30.59:57440]
2019-09-26 10:03:39,305 INFO  logging.LoggingHandler (AbstractInternalLogger.java:log(150)) - [id: 0x404738b4, L:/0.0.0.0:37394] READ: [id: 0x45a732ae, L:/192.168.30.59:37394 - R:/192.168.30.59:35030]
2019-09-26 10:03:39,305 INFO  logging.LoggingHandler (AbstractInternalLogger.java:log(150)) - [id: 0x98fa128d, L:0.0.0.0/0.0.0.0:42528] READ COMPLETE
2019-09-26 10:03:39,305 INFO  logging.LoggingHandler (AbstractInternalLogger.java:log(150)) - [id: 0xa287243a, L:/0.0.0.0:41916] READ: [id: 0x6584e0c1, L:/192.168.30.59:41916 - R:/192.168.30.59:52094]
2019-09-26 10:03:39,305 INFO  logging.LoggingHandler (AbstractInternalLogger.java:log(150)) - [id: 0x404738b4, L:/0.0.0.0:37394] READ COMPLETE
2019-09-26 10:03:39,305 INFO  logging.LoggingHandler (AbstractInternalLogger.java:log(150)) - [id: 0xa287243a, L:/0.0.0.0:41916] READ COMPLETE
2019-09-26 10:03:39,306 INFO  logging.LoggingHandler (AbstractInternalLogger.java:log(150)) - [id: 0x404738b4, L:/0.0.0.0:37394] READ: [id: 0x49c06a6c, L:/192.168.30.59:37394 - R:/192.168.30.59:35032]
2019-09-26 10:03:39,306 INFO  logging.LoggingHandler (AbstractInternalLogger.java:log(150)) - [id: 0xa287243a, L:/0.0.0.0:41916] READ: [id: 0xe5242b66, L:/192.168.30.59:41916 - R:/192.168.30.59:52096]
2019-09-26 10:03:39,306 INFO  logging.LoggingHandler (AbstractInternalLogger.java:log(150)) - [id: 0x404738b4, L:/0.0.0.0:37394] READ COMPLETE
2019-09-26 10:03:39,306 INFO  logging.LoggingHandler (AbstractInternalLogger.java:log(150)) - [id: 0xa287243a, L:/0.0.0.0:41916] READ COMPLETE
2019-09-26 10:03:39,306 INFO  logging.LoggingHandler (AbstractInternalLogger.java:log(150)) - [id: 0x98fa128d, L:0.0.0.0/0.0.0.0:42528] READ: [id: 0xfa0c0a64, L:/192.168.30.59:42528 - R:/192.168.30.59:57448]
2019-09-26 10:03:39,306 INFO  logging.LoggingHandler (AbstractInternalLogger.java:log(150)) - [id: 0xa287243a, L:/0.0.0.0:41916] READ: [id: 0xad0992ba, L:/192.168.30.59:41916 - R:/192.168.30.59:52104]
2019-09-26 10:03:39,306 INFO  logging.LoggingHandler (AbstractInternalLogger.java:log(150)) - [id: 0x98fa128d, L:0.0.0.0/0.0.0.0:42528] READ COMPLETE
2019-09-26 10:03:39,306 INFO  logging.LoggingHandler (AbstractInternalLogger.java:log(150)) - [id: 0x404738b4, L:/0.0.0.0:37394] READ: [id: 0x337bff34, L:/192.168.30.59:37394 - R:/192.168.30.59:35038]
2019-09-26 10:03:39,307 INFO  logging.LoggingHandler (AbstractInternalLogger.java:log(150)) - [id: 0xa287243a, L:/0.0.0.0:41916] READ COMPLETE
2019-09-26 10:03:39,307 INFO  logging.LoggingHandler (AbstractInternalLogger.java:log(150)) - [id: 0x404738b4, L:/0.0.0.0:37394] READ COMPLETE
2019-09-26 10:03:39,307 INFO  logging.LoggingHandler (AbstractInternalLogger.java:log(150)) - [id: 0xa287243a, L:/0.0.0.0:41916] READ: [id: 0x52161c45, L:/192.168.30.59:41916 - R:/192.168.30.59:52114]
2019-09-26 10:03:39,307 INFO  logging.LoggingHandler (AbstractInternalLogger.java:log(150)) - [id: 0xa287243a, L:/0.0.0.0:41916] READ COMPLETE
2019-09-26 10:03:39,307 INFO  logging.LoggingHandler (AbstractInternalLogger.java:log(150)) - [id: 0x404738b4, L:/0.0.0.0:37394] READ: [id: 0x2f9fdcb6, L:/192.168.30.59:37394 - R:/192.168.30.59:35040]
2019-09-26 10:03:39,308 INFO  logging.LoggingHandler (AbstractInternalLogger.java:log(150)) - [id: 0x404738b4, L:/0.0.0.0:37394] READ COMPLETE
2019-09-26 10:03:39,308 INFO  logging.LoggingHandler (AbstractInternalLogger.java:log(150)) - [id: 0x404738b4, L:/0.0.0.0:37394] READ: [id: 0xfbb307b0, L:/192.168.30.59:37394 - R:/192.168.30.59:35042]
2019-09-26 10:03:39,308 INFO  logging.LoggingHandler (AbstractInternalLogger.java:log(150)) - [id: 0x98fa128d, L:0.0.0.0/0.0.0.0:42528] READ: [id: 0xdcf81318, L:/192.168.30.59:42528 - R:/192.168.30.59:57458]
2019-09-26 10:03:39,308 INFO  logging.LoggingHandler (AbstractInternalLogger.java:log(150)) - [id: 0x404738b4, L:/0.0.0.0:37394] READ COMPLETE
2019-09-26 10:03:39,308 INFO  logging.LoggingHandler (AbstractInternalLogger.java:log(150)) - [id: 0x98fa128d, L:0.0.0.0/0.0.0.0:42528] READ COMPLETE
2019-09-26 10:03:39,309 INFO  logging.LoggingHandler (AbstractInternalLogger.java:log(150)) - [id: 0xa287243a, L:/0.0.0.0:41916] READ: [id: 0x5625cbdb, L:/192.168.30.59:41916 - R:/192.168.30.59:52128]
2019-09-26 10:03:39,309 INFO  logging.LoggingHandler (AbstractInternalLogger.java:log(150)) - [id: 0xa287243a, L:/0.0.0.0:41916] READ COMPLETE
2019-09-26 10:03:39,309 INFO  logging.LoggingHandler (AbstractInternalLogger.java:log(150)) - [id: 0x98fa128d, L:0.0.0.0/0.0.0.0:42528] READ: [id: 0x23641738, L:/192.168.30.59:42528 - R:/192.168.30.59:57462]
2019-09-26 10:03:39,309 INFO  logging.LoggingHandler (AbstractInternalLogger.java:log(150)) - [id: 0x404738b4, L:/0.0.0.0:37394] READ: [id: 0x17244e7e, L:/192.168.30.59:37394 - R:/192.168.30.59:35052]
2019-09-26 10:03:39,309 INFO  impl.RaftServerImpl (RaftServerImpl.java:setRole(170)) - s1@group-EA0D101F487D: changes role from  FOLLOWER to FOLLOWER at term 3 for recognizeCandidate:s0
2019-09-26 10:03:39,310 INFO  logging.LoggingHandler (AbstractInternalLogger.java:log(150)) - [id: 0x404738b4, L:/0.0.0.0:37394] READ COMPLETE
2019-09-26 10:03:39,309 INFO  logging.LoggingHandler (AbstractInternalLogger.java:log(150)) - [id: 0x98fa128d, L:0.0.0.0/0.0.0.0:42528] READ COMPLETE
2019-09-26 10:03:39,311 INFO  impl.RoleInfo (RoleInfo.java:shutdownFollowerState(121)) - s1: shutdown FollowerState
2019-09-26 10:03:39,312 INFO  impl.FollowerState (FollowerState.java:run(117)) - s1@group-EA0D101F487D-FollowerState was interrupted: java.lang.InterruptedException: sleep interrupted
2019-09-26 10:03:39,312 INFO  impl.RoleInfo (RoleInfo.java:updateAndGet(143)) - s1: start FollowerState
2019-09-26 10:03:39,312 INFO  logging.LoggingHandler (AbstractInternalLogger.java:log(150)) - [id: 0xa287243a, L:/0.0.0.0:41916] READ: [id: 0xf3a13cec, L:/192.168.30.59:41916 - R:/192.168.30.59:52136]
2019-09-26 10:03:39,313 INFO  logging.LoggingHandler (AbstractInternalLogger.java:log(150)) - [id: 0xa287243a, L:/0.0.0.0:41916] READ COMPLETE
2019-09-26 10:03:39,313 INFO  logging.LoggingHandler (AbstractInternalLogger.java:log(150)) - [id: 0x404738b4, L:/0.0.0.0:37394] READ: [id: 0xdb4722a0, L:/192.168.30.59:37394 - R:/192.168.30.59:35054]
2019-09-26 10:03:39,313 INFO  logging.LoggingHandler (AbstractInternalLogger.java:log(150)) - [id: 0x98fa128d, L:0.0.0.0/0.0.0.0:42528] READ: [id: 0x6d0b14d2, L:/192.168.30.59:42528 - R:/192.168.30.59:57470]
2019-09-26 10:03:39,315 INFO  logging.LoggingHandler (AbstractInternalLogger.java:log(150)) - [id: 0x98fa128d, L:0.0.0.0/0.0.0.0:42528] READ COMPLETE
2019-09-26 10:03:39,315 INFO  logging.LoggingHandler (AbstractInternalLogger.java:log(150)) - [id: 0x98fa128d, L:0.0.0.0/0.0.0.0:42528] READ: [id: 0x88761a1b, L:/192.168.30.59:42528 - R:/192.168.30.59:57474]
2019-09-26 10:03:39,315 INFO  logging.LoggingHandler (AbstractInternalLogger.java:log(150)) - [id: 0x98fa128d, L:0.0.0.0/0.0.0.0:42528] READ COMPLETE
2019-09-26 10:03:39,315 INFO  logging.LoggingHandler (AbstractInternalLogger.java:log(150)) - [id: 0x404738b4, L:/0.0.0.0:37394] READ COMPLETE
2019-09-26 10:03:39,316 INFO  logging.LoggingHandler (AbstractInternalLogger.java:log(150)) - [id: 0x98fa128d, L:0.0.0.0/0.0.0.0:42528] READ: [id: 0xd58a763d, L:/192.168.30.59:42528 - R:/192.168.30.59:57476]
2019-09-26 10:03:39,316 INFO  logging.LoggingHandler (AbstractInternalLogger.java:log(150)) - [id: 0x404738b4, L:/0.0.0.0:37394] READ: [id: 0x0e36fdc7, L:/192.168.30.59:37394 - R:/192.168.30.59:35060]
2019-09-26 10:03:39,316 INFO  logging.LoggingHandler (AbstractInternalLogger.java:log(150)) - [id: 0xa287243a, L:/0.0.0.0:41916] READ: [id: 0x53651833, L:/192.168.30.59:41916 - R:/192.168.30.59:52168]
2019-09-26 10:03:39,316 INFO  logging.LoggingHandler (AbstractInternalLogger.java:log(150)) - [id: 0x98fa128d, L:0.0.0.0/0.0.0.0:42528] READ COMPLETE
2019-09-26 10:03:39,317 INFO  logging.LoggingHandler (AbstractInternalLogger.java:log(150)) - [id: 0xa287243a, L:/0.0.0.0:41916] READ COMPLETE
2019-09-26 10:03:39,317 INFO  logging.LoggingHandler (AbstractInternalLogger.java:log(150)) - [id: 0x404738b4, L:/0.0.0.0:37394] READ COMPLETE
2019-09-26 10:03:39,317 INFO  logging.LoggingHandler (AbstractInternalLogger.java:log(150)) - [id: 0x98fa128d, L:0.0.0.0/0.0.0.0:42528] READ: [id: 0xe6594ed1, L:/192.168.30.59:42528 - R:/192.168.30.59:57478]
2019-09-26 10:03:39,317 INFO  logging.LoggingHandler (AbstractInternalLogger.java:log(150)) - [id: 0xa287243a, L:/0.0.0.0:41916] READ: [id: 0x541ca6dc, L:/192.168.30.59:41916 - R:/192.168.30.59:52170]
2019-09-26 10:03:39,317 INFO  logging.LoggingHandler (AbstractInternalLogger.java:log(150)) - [id: 0x98fa128d, L:0.0.0.0/0.0.0.0:42528] READ COMPLETE
2019-09-26 10:03:39,317 INFO  logging.LoggingHandler (AbstractInternalLogger.java:log(150)) - [id: 0x404738b4, L:/0.0.0.0:37394] READ: [id: 0xdeb28962, L:/192.168.30.59:37394 - R:/192.168.30.59:35068]
2019-09-26 10:03:39,318 INFO  logging.LoggingHandler (AbstractInternalLogger.java:log(150)) - [id: 0x98fa128d, L:0.0.0.0/0.0.0.0:42528] READ: [id: 0x5c7aed0d, L:/192.168.30.59:42528 - R:/192.168.30.59:57492]
2019-09-26 10:03:39,318 INFO  logging.LoggingHandler (AbstractInternalLogger.java:log(150)) - [id: 0xa287243a, L:/0.0.0.0:41916] READ COMPLETE
2019-09-26 10:03:39,318 INFO  logging.LoggingHandler (AbstractInternalLogger.java:log(150)) - [id: 0x98fa128d, L:0.0.0.0/0.0.0.0:42528] READ COMPLETE
2019-09-26 10:03:39,318 INFO  logging.LoggingHandler (AbstractInternalLogger.java:log(150)) - [id: 0x404738b4, L:/0.0.0.0:37394] READ COMPLETE
2019-09-26 10:03:39,318 INFO  logging.LoggingHandler (AbstractInternalLogger.java:log(150)) - [id: 0x98fa128d, L:0.0.0.0/0.0.0.0:42528] READ: [id: 0x29c2d4a4, L:/192.168.30.59:42528 - R:/192.168.30.59:57496]
2019-09-26 10:03:39,318 INFO  logging.LoggingHandler (AbstractInternalLogger.java:log(150)) - [id: 0xa287243a, L:/0.0.0.0:41916] READ: [id: 0xe3192740, L:/192.168.30.59:41916 - R:/192.168.30.59:52176]
2019-09-26 10:03:39,319 INFO  logging.LoggingHandler (AbstractInternalLogger.java:log(150)) - [id: 0x98fa128d, L:0.0.0.0/0.0.0.0:42528] READ COMPLETE
2019-09-26 10:03:39,319 INFO  logging.LoggingHandler (AbstractInternalLogger.java:log(150)) - [id: 0x404738b4, L:/0.0.0.0:37394] READ: [id: 0xdb795065, L:/192.168.30.59:37394 - R:/192.168.30.59:35070]
2019-09-26 10:03:39,319 INFO  logging.LoggingHandler (AbstractInternalLogger.java:log(150)) - [id: 0xa287243a, L:/0.0.0.0:41916] READ COMPLETE
2019-09-26 10:03:39,319 INFO  logging.LoggingHandler (AbstractInternalLogger.java:log(150)) - [id: 0x404738b4, L:/0.0.0.0:37394] READ COMPLETE
2019-09-26 10:03:39,319 INFO  logging.LoggingHandler (AbstractInternalLogger.java:log(150)) - [id: 0x98fa128d, L:0.0.0.0/0.0.0.0:42528] READ: [id: 0x4233846c, L:/192.168.30.59:42528 - R:/192.168.30.59:57498]
2019-09-26 10:03:39,319 INFO  logging.LoggingHandler (AbstractInternalLogger.java:log(150)) - [id: 0x404738b4, L:/0.0.0.0:37394] READ: [id: 0xa7ddfe5f, L:/192.168.30.59:37394 - R:/192.168.30.59:35072]
2019-09-26 10:03:39,319 INFO  logging.LoggingHandler (AbstractInternalLogger.java:log(150)) - [id: 0xa287243a, L:/0.0.0.0:41916] READ: [id: 0xc4b4d439, L:/192.168.30.59:41916 - R:/192.168.30.59:52184]
2019-09-26 10:03:39,320 INFO  logging.LoggingHandler (AbstractInternalLogger.java:log(150)) - [id: 0x404738b4, L:/0.0.0.0:37394] READ COMPLETE
2019-09-26 10:03:39,320 INFO  logging.LoggingHandler (AbstractInternalLogger.java:log(150)) - [id: 0x98fa128d, L:0.0.0.0/0.0.0.0:42528] READ COMPLETE
2019-09-26 10:03:39,320 INFO  logging.LoggingHandler (AbstractInternalLogger.java:log(150)) - [id: 0x404738b4, L:/0.0.0.0:37394] READ: [id: 0x363fc319, L:/192.168.30.59:37394 - R:/192.168.30.59:35074]
2019-09-26 10:03:39,320 INFO  logging.LoggingHandler (AbstractInternalLogger.java:log(150)) - [id: 0xa287243a, L:/0.0.0.0:41916] READ COMPLETE
2019-09-26 10:03:39,320 INFO  logging.LoggingHandler (AbstractInternalLogger.java:log(150)) - [id: 0x404738b4, L:/0.0.0.0:37394] READ COMPLETE
2019-09-26 10:03:39,320 INFO  logging.LoggingHandler (AbstractInternalLogger.java:log(150)) - [id: 0x98fa128d, L:0.0.0.0/0.0.0.0:42528] READ: [id: 0x1f98a87b, L:/192.168.30.59:42528 - R:/192.168.30.59:57506]
2019-09-26 10:03:39,321 INFO  logging.LoggingHandler (AbstractInternalLogger.java:log(150)) - [id: 0x404738b4, L:/0.0.0.0:37394] READ: [id: 0xfc1dddf5, L:/192.168.30.59:37394 - R:/192.168.30.59:35076]
2019-09-26 10:03:39,321 INFO  logging.LoggingHandler (AbstractInternalLogger.java:log(150)) - [id: 0xa287243a, L:/0.0.0.0:41916] READ: [id: 0xaee97b4d, L:/192.168.30.59:41916 - R:/192.168.30.59:52188]
2019-09-26 10:03:39,321 INFO  logging.LoggingHandler (AbstractInternalLogger.java:log(150)) - [id: 0x404738b4, L:/0.0.0.0:37394] READ COMPLETE
2019-09-26 10:03:39,321 INFO  logging.LoggingHandler (AbstractInternalLogger.java:log(150)) - [id: 0x98fa128d, L:0.0.0.0/0.0.0.0:42528] READ COMPLETE
2019-09-26 10:03:39,321 INFO  logging.LoggingHandler (AbstractInternalLogger.java:log(150)) - [id: 0x404738b4, L:/0.0.0.0:37394] READ: [id: 0x7eb73205, L:/192.168.30.59:37394 - R:/192.168.30.59:35078]
2019-09-26 10:03:39,321 INFO  logging.LoggingHandler (AbstractInternalLogger.java:log(150)) - [id: 0xa287243a, L:/0.0.0.0:41916] READ COMPLETE
2019-09-26 10:03:39,322 INFO  logging.LoggingHandler (AbstractInternalLogger.java:log(150)) - [id: 0x98fa128d, L:0.0.0.0/0.0.0.0:42528] READ: [id: 0x93212c81, L:/192.168.30.59:42528 - R:/192.168.30.59:57510]
2019-09-26 10:03:39,322 INFO  logging.LoggingHandler (AbstractInternalLogger.java:log(150)) - [id: 0x404738b4, L:/0.0.0.0:37394] READ COMPLETE
2019-09-26 10:03:39,322 INFO  logging.LoggingHandler (AbstractInternalLogger.java:log(150)) - [id: 0xa287243a, L:/0.0.0.0:41916] READ: [id: 0x8c389fcd, L:/192.168.30.59:41916 - R:/192.168.30.59:52194]
2019-09-26 10:03:39,322 INFO  logging.LoggingHandler (AbstractInternalLogger.java:log(150)) - [id: 0x98fa128d, L:0.0.0.0/0.0.0.0:42528] READ COMPLETE
2019-09-26 10:03:39,323 INFO  logging.LoggingHandler (AbstractInternalLogger.java:log(150)) - [id: 0xa287243a, L:/0.0.0.0:41916] READ COMPLETE
2019-09-26 10:03:39,322 INFO  logging.LoggingHandler (AbstractInternalLogger.java:log(150)) - [id: 0x404738b4, L:/0.0.0.0:37394] READ: [id: 0xe436b0c5, L:/192.168.30.59:37394 - R:/192.168.30.59:35082]
2019-09-26 10:03:39,323 INFO  logging.LoggingHandler (AbstractInternalLogger.java:log(150)) - [id: 0x98fa128d, L:0.0.0.0/0.0.0.0:42528] READ: [id: 0x942526d5, L:/192.168.30.59:42528 - R:/192.168.30.59:57512]
2019-09-26 10:03:39,323 INFO  logging.LoggingHandler (AbstractInternalLogger.java:log(150)) - [id: 0xa287243a, L:/0.0.0.0:41916] READ: [id: 0xd898c5be, L:/192.168.30.59:41916 - R:/192.168.30.59:52212]
2019-09-26 10:03:39,323 INFO  logging.LoggingHandler (AbstractInternalLogger.java:log(150)) - [id: 0x404738b4, L:/0.0.0.0:37394] READ COMPLETE
2019-09-26 10:03:39,323 INFO  logging.LoggingHandler (AbstractInternalLogger.java:log(150)) - [id: 0xa287243a, L:/0.0.0.0:41916] READ COMPLETE
2019-09-26 10:03:39,323 INFO  logging.LoggingHandler (AbstractInternalLogger.java:log(150)) - [id: 0x98fa128d, L:0.0.0.0/0.0.0.0:42528] READ COMPLETE
2019-09-26 10:03:39,324 INFO  logging.LoggingHandler (AbstractInternalLogger.java:log(150)) - [id: 0x404738b4, L:/0.0.0.0:37394] READ: [id: 0xafce1d36, L:/192.168.30.59:37394 - R:/192.168.30.59:35092]
2019-09-26 10:03:39,324 INFO  logging.LoggingHandler (AbstractInternalLogger.java:log(150)) - [id: 0xa287243a, L:/0.0.0.0:41916] READ: [id: 0x3b6fef2f, L:/192.168.30.59:41916 - R:/192.168.30.59:52216]
2019-09-26 10:03:39,324 INFO  logging.LoggingHandler (AbstractInternalLogger.java:log(150)) - [id: 0x98fa128d, L:0.0.0.0/0.0.0.0:42528] READ: [id: 0x2543bfef, L:/192.168.30.59:42528 - R:/192.168.30.59:57514]
2019-09-26 10:03:39,324 INFO  logging.LoggingHandler (AbstractInternalLogger.java:log(150)) - [id: 0x404738b4, L:/0.0.0.0:37394] READ COMPLETE
2019-09-26 10:03:39,324 INFO  logging.LoggingHandler (AbstractInternalLogger.java:log(150)) - [id: 0x98fa128d, L:0.0.0.0/0.0.0.0:42528] READ COMPLETE
2019-09-26 10:03:39,325 INFO  logging.LoggingHandler (AbstractInternalLogger.java:log(150)) - [id: 0x404738b4, L:/0.0.0.0:37394] READ: [id: 0xfbed62a5, L:/192.168.30.59:37394 - R:/192.168.30.59:35110]
2019-09-26 10:03:39,325 INFO  logging.LoggingHandler (AbstractInternalLogger.java:log(150)) - [id: 0x404738b4, L:/0.0.0.0:37394] READ COMPLETE
2019-09-26 10:03:39,325 INFO  logging.LoggingHandler (AbstractInternalLogger.java:log(150)) - [id: 0x404738b4, L:/0.0.0.0:37394] READ: [id: 0x71c1ec5e, L:/192.168.30.59:37394 - R:/192.168.30.59:35116]
2019-09-26 10:03:39,325 INFO  logging.LoggingHandler (AbstractInternalLogger.java:log(150)) - [id: 0x404738b4, L:/0.0.0.0:37394] READ COMPLETE
2019-09-26 10:03:39,326 INFO  logging.LoggingHandler (AbstractInternalLogger.java:log(150)) - [id: 0x404738b4, L:/0.0.0.0:37394] READ: [id: 0x87331e9f, L:/192.168.30.59:37394 - R:/192.168.30.59:35122]
2019-09-26 10:03:39,326 INFO  logging.LoggingHandler (AbstractInternalLogger.java:log(150)) - [id: 0x404738b4, L:/0.0.0.0:37394] READ COMPLETE
2019-09-26 10:03:39,326 INFO  logging.LoggingHandler (AbstractInternalLogger.java:log(150)) - [id: 0x404738b4, L:/0.0.0.0:37394] READ: [id: 0xdfe35722, L:/192.168.30.59:37394 - R:/192.168.30.59:35126]
2019-09-26 10:03:39,326 INFO  logging.LoggingHandler (AbstractInternalLogger.java:log(150)) - [id: 0x404738b4, L:/0.0.0.0:37394] READ COMPLETE
2019-09-26 10:03:39,326 INFO  logging.LoggingHandler (AbstractInternalLogger.java:log(150)) - [id: 0x404738b4, L:/0.0.0.0:37394] READ: [id: 0x1bd35204, L:/192.168.30.59:37394 - R:/192.168.30.59:35130]
2019-09-26 10:03:39,326 INFO  logging.LoggingHandler (AbstractInternalLogger.java:log(150)) - [id: 0x404738b4, L:/0.0.0.0:37394] READ COMPLETE
2019-09-26 10:03:39,327 INFO  logging.LoggingHandler (AbstractInternalLogger.java:log(150)) - [id: 0x404738b4, L:/0.0.0.0:37394] READ: [id: 0x8405ca4c, L:/192.168.30.59:37394 - R:/192.168.30.59:35140]
2019-09-26 10:03:39,327 INFO  logging.LoggingHandler (AbstractInternalLogger.java:log(150)) - [id: 0x404738b4, L:/0.0.0.0:37394] READ COMPLETE
2019-09-26 10:03:39,327 INFO  logging.LoggingHandler (AbstractInternalLogger.java:log(150)) - [id: 0x404738b4, L:/0.0.0.0:37394] READ: [id: 0xe09534c3, L:/192.168.30.59:37394 - R:/192.168.30.59:35144]
2019-09-26 10:03:39,327 INFO  logging.LoggingHandler (AbstractInternalLogger.java:log(150)) - [id: 0x404738b4, L:/0.0.0.0:37394] READ COMPLETE
2019-09-26 10:03:39,327 INFO  logging.LoggingHandler (AbstractInternalLogger.java:log(150)) - [id: 0x404738b4, L:/0.0.0.0:37394] READ: [id: 0xf9ee4c7b, L:/192.168.30.59:37394 - R:/192.168.30.59:35146]
2019-09-26 10:03:39,327 INFO  logging.LoggingHandler (AbstractInternalLogger.java:log(150)) - [id: 0x404738b4, L:/0.0.0.0:37394] READ COMPLETE
2019-09-26 10:03:39,328 INFO  logging.LoggingHandler (AbstractInternalLogger.java:log(150)) - [id: 0x404738b4, L:/0.0.0.0:37394] READ: [id: 0x4dbf1c7b, L:/192.168.30.59:37394 - R:/192.168.30.59:35152]
2019-09-26 10:03:39,328 INFO  logging.LoggingHandler (AbstractInternalLogger.java:log(150)) - [id: 0x404738b4, L:/0.0.0.0:37394] READ COMPLETE
2019-09-26 10:03:39,324 INFO  logging.LoggingHandler (AbstractInternalLogger.java:log(150)) - [id: 0xa287243a, L:/0.0.0.0:41916] READ COMPLETE
2019-09-26 10:03:39,325 INFO  logging.LoggingHandler (AbstractInternalLogger.java:log(150)) - [id: 0x98fa128d, L:0.0.0.0/0.0.0.0:42528] READ: [id: 0x22781d9f, L:/192.168.30.59:42528 - R:/192.168.30.59:57518]
2019-09-26 10:03:39,328 INFO  logging.LoggingHandler (AbstractInternalLogger.java:log(150)) - [id: 0xa287243a, L:/0.0.0.0:41916] READ: [id: 0x240bc404, L:/192.168.30.59:41916 - R:/192.168.30.59:52218]
2019-09-26 10:03:39,328 INFO  logging.LoggingHandler (AbstractInternalLogger.java:log(150)) - [id: 0x98fa128d, L:0.0.0.0/0.0.0.0:42528] READ COMPLETE
2019-09-26 10:03:39,328 INFO  logging.LoggingHandler (AbstractInternalLogger.java:log(150)) - [id: 0xa287243a, L:/0.0.0.0:41916] READ COMPLETE
2019-09-26 10:03:39,328 INFO  logging.LoggingHandler (AbstractInternalLogger.java:log(150)) - [id: 0x98fa128d, L:0.0.0.0/0.0.0.0:42528] READ: [id: 0x34a7373c, L:/192.168.30.59:42528 - R:/192.168.30.59:57524]
2019-09-26 10:03:39,329 INFO  logging.LoggingHandler (AbstractInternalLogger.java:log(150)) - [id: 0xa287243a, L:/0.0.0.0:41916] READ: [id: 0x2b2cfd89, L:/192.168.30.59:41916 - R:/192.168.30.59:52234]
2019-09-26 10:03:39,329 INFO  logging.LoggingHandler (AbstractInternalLogger.java:log(150)) - [id: 0x98fa128d, L:0.0.0.0/0.0.0.0:42528] READ COMPLETE
2019-09-26 10:03:39,329 INFO  logging.LoggingHandler (AbstractInternalLogger.java:log(150)) - [id: 0xa287243a, L:/0.0.0.0:41916] READ COMPLETE
2019-09-26 10:03:39,329 INFO  logging.LoggingHandler (AbstractInternalLogger.java:log(150)) - [id: 0x98fa128d, L:0.0.0.0/0.0.0.0:42528] READ: [id: 0x6db30a93, L:/192.168.30.59:42528 - R:/192.168.30.59:57530]
2019-09-26 10:03:39,329 INFO  logging.LoggingHandler (AbstractInternalLogger.java:log(150)) - [id: 0xa287243a, L:/0.0.0.0:41916] READ: [id: 0xc674c46d, L:/192.168.30.59:41916 - R:/192.168.30.59:52236]
2019-09-26 10:03:39,329 INFO  logging.LoggingHandler (AbstractInternalLogger.java:log(150)) - [id: 0x98fa128d, L:0.0.0.0/0.0.0.0:42528] READ COMPLETE
2019-09-26 10:03:39,329 INFO  logging.LoggingHandler (AbstractInternalLogger.java:log(150)) - [id: 0xa287243a, L:/0.0.0.0:41916] READ COMPLETE
2019-09-26 10:03:39,330 INFO  logging.LoggingHandler (AbstractInternalLogger.java:log(150)) - [id: 0x98fa128d, L:0.0.0.0/0.0.0.0:42528] READ: [id: 0x4bec3231, L:/192.168.30.59:42528 - R:/192.168.30.59:57532]
2019-09-26 10:03:39,330 INFO  logging.LoggingHandler (AbstractInternalLogger.java:log(150)) - [id: 0xa287243a, L:/0.0.0.0:41916] READ: [id: 0x1c6d6cf7, L:/192.168.30.59:41916 - R:/192.168.30.59:52238]
2019-09-26 10:03:39,330 INFO  logging.LoggingHandler (AbstractInternalLogger.java:log(150)) - [id: 0x98fa128d, L:0.0.0.0/0.0.0.0:42528] READ COMPLETE
2019-09-26 10:03:39,330 INFO  logging.LoggingHandler (AbstractInternalLogger.java:log(150)) - [id: 0x404738b4, L:/0.0.0.0:37394] READ: [id: 0x4b7cd9ea, L:/192.168.30.59:37394 - R:/192.168.30.59:35178]
2019-09-26 10:03:39,330 INFO  logging.LoggingHandler (AbstractInternalLogger.java:log(150)) - [id: 0xa287243a, L:/0.0.0.0:41916] READ COMPLETE
2019-09-26 10:03:39,330 INFO  logging.LoggingHandler (AbstractInternalLogger.java:log(150)) - [id: 0x98fa128d, L:0.0.0.0/0.0.0.0:42528] READ: [id: 0xe51252cc, L:/192.168.30.59:42528 - R:/192.168.30.59:57536]
2019-09-26 10:03:39,330 INFO  logging.LoggingHandler (AbstractInternalLogger.java:log(150)) - [id: 0x404738b4, L:/0.0.0.0:37394] READ COMPLETE
2019-09-26 10:03:39,330 INFO  logging.LoggingHandler (AbstractInternalLogger.java:log(150)) - [id: 0x98fa128d, L:0.0.0.0/0.0.0.0:42528] READ COMPLETE
2019-09-26 10:03:39,330 INFO  logging.LoggingHandler (AbstractInternalLogger.java:log(150)) - [id: 0xa287243a, L:/0.0.0.0:41916] READ: [id: 0x233e3921, L:/192.168.30.59:41916 - R:/192.168.30.59:52240]
2019-09-26 10:03:39,331 INFO  logging.LoggingHandler (AbstractInternalLogger.java:log(150)) - [id: 0x98fa128d, L:0.0.0.0/0.0.0.0:42528] READ: [id: 0x9d1b72b2, L:/192.168.30.59:42528 - R:/192.168.30.59:57540]
2019-09-26 10:03:39,331 INFO  logging.LoggingHandler (AbstractInternalLogger.java:log(150)) - [id: 0xa287243a, L:/0.0.0.0:41916] READ COMPLETE
2019-09-26 10:03:39,331 INFO  logging.LoggingHandler (AbstractInternalLogger.java:log(150)) - [id: 0x404738b4, L:/0.0.0.0:37394] READ: [id: 0x71537e6c, L:/192.168.30.59:37394 - R:/192.168.30.59:35180]
2019-09-26 10:03:39,331 INFO  logging.LoggingHandler (AbstractInternalLogger.java:log(150)) - [id: 0xa287243a, L:/0.0.0.0:41916] READ: [id: 0x24af3dae, L:/192.168.30.59:41916 - R:/192.168.30.59:52242]
2019-09-26 10:03:39,331 INFO  logging.LoggingHandler (AbstractInternalLogger.java:log(150)) - [id: 0x98fa128d, L:0.0.0.0/0.0.0.0:42528] READ COMPLETE
2019-09-26 10:03:39,331 INFO  logging.LoggingHandler (AbstractInternalLogger.java:log(150)) - [id: 0xa287243a, L:/0.0.0.0:41916] READ COMPLETE
2019-09-26 10:03:39,331 INFO  logging.LoggingHandler (AbstractInternalLogger.java:log(150)) - [id: 0x404738b4, L:/0.0.0.0:37394] READ COMPLETE
2019-09-26 10:03:39,332 INFO  logging.LoggingHandler (AbstractInternalLogger.java:log(150)) - [id: 0xa287243a, L:/0.0.0.0:41916] READ: [id: 0x5b509652, L:/192.168.30.59:41916 - R:/192.168.30.59:52244]
2019-09-26 10:03:39,332 INFO  logging.LoggingHandler (AbstractInternalLogger.java:log(150)) - [id: 0x404738b4, L:/0.0.0.0:37394] READ: [id: 0x631b2dd6, L:/192.168.30.59:37394 - R:/192.168.30.59:35184]
2019-09-26 10:03:39,332 INFO  logging.LoggingHandler (AbstractInternalLogger.java:log(150)) - [id: 0x98fa128d, L:0.0.0.0/0.0.0.0:42528] READ: [id: 0x5366b797, L:/192.168.30.59:42528 - R:/192.168.30.59:57546]
2019-09-26 10:03:39,332 INFO  logging.LoggingHandler (AbstractInternalLogger.java:log(150)) - [id: 0x404738b4, L:/0.0.0.0:37394] READ COMPLETE
2019-09-26 10:03:39,332 INFO  logging.LoggingHandler (AbstractInternalLogger.java:log(150)) - [id: 0xa287243a, L:/0.0.0.0:41916] READ COMPLETE
2019-09-26 10:03:39,332 INFO  logging.LoggingHandler (AbstractInternalLogger.java:log(150)) - [id: 0x98fa128d, L:0.0.0.0/0.0.0.0:42528] READ COMPLETE
2019-09-26 10:03:39,333 INFO  logging.LoggingHandler (AbstractInternalLogger.java:log(150)) - [id: 0xa287243a, L:/0.0.0.0:41916] READ: [id: 0x4ab14769, L:/192.168.30.59:41916 - R:/192.168.30.59:52246]
2019-09-26 10:03:39,333 INFO  logging.LoggingHandler (AbstractInternalLogger.java:log(150)) - [id: 0x98fa128d, L:0.0.0.0/0.0.0.0:42528] READ: [id: 0xda830895, L:/192.168.30.59:42528 - R:/192.168.30.59:57554]
2019-09-26 10:03:39,332 INFO  logging.LoggingHandler (AbstractInternalLogger.java:log(150)) - [id: 0x404738b4, L:/0.0.0.0:37394] READ: [id: 0xa3c8d949, L:/192.168.30.59:37394 - R:/192.168.30.59:35186]
2019-09-26 10:03:39,333 INFO  logging.LoggingHandler (AbstractInternalLogger.java:log(150)) - [id: 0x98fa128d, L:0.0.0.0/0.0.0.0:42528] READ COMPLETE
2019-09-26 10:03:39,333 INFO  logging.LoggingHandler (AbstractInternalLogger.java:log(150)) - [id: 0xa287243a, L:/0.0.0.0:41916] READ COMPLETE
2019-09-26 10:03:39,333 INFO  logging.LoggingHandler (AbstractInternalLogger.java:log(150)) - [id: 0x98fa128d, L:0.0.0.0/0.0.0.0:42528] READ: [id: 0x501e85cf, L:/192.168.30.59:42528 - R:/192.168.30.59:57560]
2019-09-26 10:03:39,333 INFO  logging.LoggingHandler (AbstractInternalLogger.java:log(150)) - [id: 0x404738b4, L:/0.0.0.0:37394] READ COMPLETE
2019-09-26 10:03:39,334 INFO  logging.LoggingHandler (AbstractInternalLogger.java:log(150)) - [id: 0x98fa128d, L:0.0.0.0/0.0.0.0:42528] READ COMPLETE
2019-09-26 10:03:39,334 INFO  logging.LoggingHandler (AbstractInternalLogger.java:log(150)) - [id: 0xa287243a, L:/0.0.0.0:41916] READ: [id: 0x04ecba3a, L:/192.168.30.59:41916 - R:/192.168.30.59:52248]
2019-09-26 10:03:39,334 INFO  logging.LoggingHandler (AbstractInternalLogger.java:log(150)) - [id: 0x98fa128d, L:0.0.0.0/0.0.0.0:42528] READ: [id: 0xfd652ae9, L:/192.168.30.59:42528 - R:/192.168.30.59:57562]
2019-09-26 10:03:39,334 INFO  logging.LoggingHandler (AbstractInternalLogger.java:log(150)) - [id: 0x404738b4, L:/0.0.0.0:37394] READ: [id: 0x6b948d50, L:/192.168.30.59:37394 - R:/192.168.30.59:35194]
2019-09-26 10:03:39,334 INFO  logging.LoggingHandler (AbstractInternalLogger.java:log(150)) - [id: 0x98fa128d, L:0.0.0.0/0.0.0.0:42528] READ COMPLETE
2019-09-26 10:03:39,334 INFO  logging.LoggingHandler (AbstractInternalLogger.java:log(150)) - [id: 0xa287243a, L:/0.0.0.0:41916] READ COMPLETE
2019-09-26 10:03:39,334 INFO  logging.LoggingHandler (AbstractInternalLogger.java:log(150)) - [id: 0x404738b4, L:/0.0.0.0:37394] READ COMPLETE
2019-09-26 10:03:39,335 INFO  logging.LoggingHandler (AbstractInternalLogger.java:log(150)) - [id: 0xa287243a, L:/0.0.0.0:41916] READ: [id: 0xe407bfb0, L:/192.168.30.59:41916 - R:/192.168.30.59:52252]
2019-09-26 10:03:39,335 INFO  logging.LoggingHandler (AbstractInternalLogger.java:log(150)) - [id: 0x98fa128d, L:0.0.0.0/0.0.0.0:42528] READ: [id: 0xd876696d, L:/192.168.30.59:42528 - R:/192.168.30.59:57582]
2019-09-26 10:03:39,335 INFO  logging.LoggingHandler (AbstractInternalLogger.java:log(150)) - [id: 0xa287243a, L:/0.0.0.0:41916] READ COMPLETE
2019-09-26 10:03:39,335 INFO  logging.LoggingHandler (AbstractInternalLogger.java:log(150)) - [id: 0x404738b4, L:/0.0.0.0:37394] READ: [id: 0x31f46b49, L:/192.168.30.59:37394 - R:/192.168.30.59:35200]
2019-09-26 10:03:39,335 INFO  logging.LoggingHandler (AbstractInternalLogger.java:log(150)) - [id: 0xa287243a, L:/0.0.0.0:41916] READ: [id: 0xc0dbdf08, L:/192.168.30.59:41916 - R:/192.168.30.59:52256]
2019-09-26 10:03:39,335 INFO  logging.LoggingHandler (AbstractInternalLogger.java:log(150)) - [id: 0x98fa128d, L:0.0.0.0/0.0.0.0:42528] READ COMPLETE
2019-09-26 10:03:39,335 INFO  logging.LoggingHandler (AbstractInternalLogger.java:log(150)) - [id: 0xa287243a, L:/0.0.0.0:41916] READ COMPLETE
2019-09-26 10:03:39,335 INFO  logging.LoggingHandler (AbstractInternalLogger.java:log(150)) - [id: 0x404738b4, L:/0.0.0.0:37394] READ COMPLETE
2019-09-26 10:03:39,336 INFO  logging.LoggingHandler (AbstractInternalLogger.java:log(150)) - [id: 0x98fa128d, L:0.0.0.0/0.0.0.0:42528] READ: [id: 0x234430b8, L:/192.168.30.59:42528 - R:/192.168.30.59:57586]
2019-09-26 10:03:39,336 INFO  logging.LoggingHandler (AbstractInternalLogger.java:log(150)) - [id: 0x404738b4, L:/0.0.0.0:37394] READ: [id: 0x65d1b148, L:/192.168.30.59:37394 - R:/192.168.30.59:35204]
2019-09-26 10:03:39,336 INFO  logging.LoggingHandler (AbstractInternalLogger.java:log(150)) - [id: 0xa287243a, L:/0.0.0.0:41916] READ: [id: 0x3eab997b, L:/192.168.30.59:41916 - R:/192.168.30.59:52268]
2019-09-26 10:03:39,336 INFO  logging.LoggingHandler (AbstractInternalLogger.java:log(150)) - [id: 0x404738b4, L:/0.0.0.0:37394] READ COMPLETE
2019-09-26 10:03:39,336 INFO  logging.LoggingHandler (AbstractInternalLogger.java:log(150)) - [id: 0x98fa128d, L:0.0.0.0/0.0.0.0:42528] READ COMPLETE
2019-09-26 10:03:39,337 INFO  logging.LoggingHandler (AbstractInternalLogger.java:log(150)) - [id: 0x404738b4, L:/0.0.0.0:37394] READ: [id: 0x1ee9e787, L:/192.168.30.59:37394 - R:/192.168.30.59:35206]
2019-09-26 10:03:39,336 INFO  logging.LoggingHandler (AbstractInternalLogger.java:log(150)) - [id: 0xa287243a, L:/0.0.0.0:41916] READ COMPLETE
2019-09-26 10:03:39,337 INFO  logging.LoggingHandler (AbstractInternalLogger.java:log(150)) - [id: 0x404738b4, L:/0.0.0.0:37394] READ COMPLETE
2019-09-26 10:03:39,337 INFO  logging.LoggingHandler (AbstractInternalLogger.java:log(150)) - [id: 0x98fa128d, L:0.0.0.0/0.0.0.0:42528] READ: [id: 0x10987c04, L:/192.168.30.59:42528 - R:/192.168.30.59:57594]
2019-09-26 10:03:39,337 INFO  logging.LoggingHandler (AbstractInternalLogger.java:log(150)) - [id: 0x404738b4, L:/0.0.0.0:37394] READ: [id: 0xb88ca3ba, L:/192.168.30.59:37394 - R:/192.168.30.59:35212]
2019-09-26 10:03:39,337 INFO  logging.LoggingHandler (AbstractInternalLogger.java:log(150)) - [id: 0xa287243a, L:/0.0.0.0:41916] READ: [id: 0x094c6b6e, L:/192.168.30.59:41916 - R:/192.168.30.59:52270]
2019-09-26 10:03:39,337 INFO  logging.LoggingHandler (AbstractInternalLogger.java:log(150)) - [id: 0x404738b4, L:/0.0.0.0:37394] READ COMPLETE
2019-09-26 10:03:39,337 INFO  logging.LoggingHandler (AbstractInternalLogger.java:log(150)) - [id: 0x98fa128d, L:0.0.0.0/0.0.0.0:42528] READ COMPLETE
2019-09-26 10:03:39,338 INFO  logging.LoggingHandler (AbstractInternalLogger.java:log(150)) - [id: 0x404738b4, L:/0.0.0.0:37394] READ: [id: 0x9a115e0c, L:/192.168.30.59:37394 - R:/192.168.30.59:35214]
2019-09-26 10:03:39,338 INFO  logging.LoggingHandler (AbstractInternalLogger.java:log(150)) - [id: 0xa287243a, L:/0.0.0.0:41916] READ COMPLETE
2019-09-26 10:03:39,338 INFO  logging.LoggingHandler (AbstractInternalLogger.java:log(150)) - [id: 0x404738b4, L:/0.0.0.0:37394] READ COMPLETE
2019-09-26 10:03:39,338 INFO  logging.LoggingHandler (AbstractInternalLogger.java:log(150)) - [id: 0x98fa128d, L:0.0.0.0/0.0.0.0:42528] READ: [id: 0xca0f30c2, L:/192.168.30.59:42528 - R:/192.168.30.59:57604]
2019-09-26 10:03:39,338 INFO  logging.LoggingHandler (AbstractInternalLogger.java:log(150)) - [id: 0xa287243a, L:/0.0.0.0:41916] READ: [id: 0xaff7c452, L:/192.168.30.59:41916 - R:/192.168.30.59:52282]
2019-09-26 10:03:39,338 INFO  logging.LoggingHandler (AbstractInternalLogger.java:log(150)) - [id: 0x98fa128d, L:0.0.0.0/0.0.0.0:42528] READ COMPLETE
2019-09-26 10:03:39,338 INFO  logging.LoggingHandler (AbstractInternalLogger.java:log(150)) - [id: 0x404738b4, L:/0.0.0.0:37394] READ: [id: 0xbec41755, L:/192.168.30.59:37394 - R:/192.168.30.59:35216]
2019-09-26 10:03:39,339 INFO  logging.LoggingHandler (AbstractInternalLogger.java:log(150)) - [id: 0x98fa128d, L:0.0.0.0/0.0.0.0:42528] READ: [id: 0xcc19d3fc, L:/192.168.30.59:42528 - R:/192.168.30.59:57608]
2019-09-26 10:03:39,339 INFO  logging.LoggingHandler (AbstractInternalLogger.java:log(150)) - [id: 0xa287243a, L:/0.0.0.0:41916] READ COMPLETE
2019-09-26 10:03:39,339 INFO  logging.LoggingHandler (AbstractInternalLogger.java:log(150)) - [id: 0x98fa128d, L:0.0.0.0/0.0.0.0:42528] READ COMPLETE
2019-09-26 10:03:39,339 INFO  logging.LoggingHandler (AbstractInternalLogger.java:log(150)) - [id: 0x404738b4, L:/0.0.0.0:37394] READ COMPLETE
2019-09-26 10:03:39,339 INFO  logging.LoggingHandler (AbstractInternalLogger.java:log(150)) - [id: 0x98fa128d, L:0.0.0.0/0.0.0.0:42528] READ: [id: 0x1cfbc094, L:/192.168.30.59:42528 - R:/192.168.30.59:57610]
2019-09-26 10:03:39,339 INFO  logging.LoggingHandler (AbstractInternalLogger.java:log(150)) - [id: 0xa287243a, L:/0.0.0.0:41916] READ: [id: 0x6af3186d, L:/192.168.30.59:41916 - R:/192.168.30.59:52288]
2019-09-26 10:03:39,340 INFO  logging.LoggingHandler (AbstractInternalLogger.java:log(150)) - [id: 0x98fa128d, L:0.0.0.0/0.0.0.0:42528] READ COMPLETE
2019-09-26 10:03:39,340 INFO  logging.LoggingHandler (AbstractInternalLogger.java:log(150)) - [id: 0x404738b4, L:/0.0.0.0:37394] READ: [id: 0x1d893911, L:/192.168.30.59:37394 - R:/192.168.30.59:35222]
2019-09-26 10:03:39,340 INFO  logging.LoggingHandler (AbstractInternalLogger.java:log(150)) - [id: 0x98fa128d, L:0.0.0.0/0.0.0.0:42528] READ: [id: 0xb6fec280, L:/192.168.30.59:42528 - R:/192.168.30.59:57622]
2019-09-26 10:03:39,340 INFO  logging.LoggingHandler (AbstractInternalLogger.java:log(150)) - [id: 0xa287243a, L:/0.0.0.0:41916] READ COMPLETE
2019-09-26 10:03:39,340 INFO  logging.LoggingHandler (AbstractInternalLogger.java:log(150)) - [id: 0x98fa128d, L:0.0.0.0/0.0.0.0:42528] READ COMPLETE
2019-09-26 10:03:39,340 INFO  logging.LoggingHandler (AbstractInternalLogger.java:log(150)) - [id: 0x404738b4, L:/0.0.0.0:37394] READ COMPLETE
2019-09-26 10:03:39,341 INFO  logging.LoggingHandler (AbstractInternalLogger.java:log(150)) - [id: 0x98fa128d, L:0.0.0.0/0.0.0.0:42528] READ: [id: 0xcbf5353b, L:/192.168.30.59:42528 - R:/192.168.30.59:57630]
2019-09-26 10:03:39,340 INFO  logging.LoggingHandler (AbstractInternalLogger.java:log(150)) - [id: 0xa287243a, L:/0.0.0.0:41916] READ: [id: 0x78300936, L:/192.168.30.59:41916 - R:/192.168.30.59:52304]
2019-09-26 10:03:39,341 INFO  logging.LoggingHandler (AbstractInternalLogger.java:log(150)) - [id: 0x98fa128d, L:0.0.0.0/0.0.0.0:42528] READ COMPLETE
2019-09-26 10:03:39,341 INFO  logging.LoggingHandler (AbstractInternalLogger.java:log(150)) - [id: 0x404738b4, L:/0.0.0.0:37394] READ: [id: 0xe0cc385f, L:/192.168.30.59:37394 - R:/192.168.30.59:35230]
2019-09-26 10:03:39,341 INFO  logging.LoggingHandler (AbstractInternalLogger.java:log(150)) - [id: 0x98fa128d, L:0.0.0.0/0.0.0.0:42528] READ: [id: 0x1a0af66d, L:/192.168.30.59:42528 - R:/192.168.30.59:57632]
2019-09-26 10:03:39,341 INFO  logging.LoggingHandler (AbstractInternalLogger.java:log(150)) - [id: 0xa287243a, L:/0.0.0.0:41916] READ COMPLETE
2019-09-26 10:03:39,341 INFO  logging.LoggingHandler (AbstractInternalLogger.java:log(150)) - [id: 0x98fa128d, L:0.0.0.0/0.0.0.0:42528] READ COMPLETE
2019-09-26 10:03:39,341 INFO  logging.LoggingHandler (AbstractInternalLogger.java:log(150)) - [id: 0x404738b4, L:/0.0.0.0:37394] READ COMPLETE
2019-09-26 10:03:39,342 INFO  logging.LoggingHandler (AbstractInternalLogger.java:log(150)) - [id: 0x98fa128d, L:0.0.0.0/0.0.0.0:42528] READ: [id: 0x0324bc19, L:/192.168.30.59:42528 - R:/192.168.30.59:57638]
2019-09-26 10:03:39,342 INFO  logging.LoggingHandler (AbstractInternalLogger.java:log(150)) - [id: 0x404738b4, L:/0.0.0.0:37394] READ: [id: 0x4d857b7c, L:/192.168.30.59:37394 - R:/192.168.30.59:35236]
2019-09-26 10:03:39,342 INFO  logging.LoggingHandler (AbstractInternalLogger.java:log(150)) - [id: 0xa287243a, L:/0.0.0.0:41916] READ: [id: 0x2a13fe57, L:/192.168.30.59:41916 - R:/192.168.30.59:52314]
2019-09-26 10:03:39,342 INFO  logging.LoggingHandler (AbstractInternalLogger.java:log(150)) - [id: 0x404738b4, L:/0.0.0.0:37394] READ COMPLETE
2019-09-26 10:03:39,342 INFO  logging.LoggingHandler (AbstractInternalLogger.java:log(150)) - [id: 0x98fa128d, L:0.0.0.0/0.0.0.0:42528] READ COMPLETE
2019-09-26 10:03:39,342 INFO  logging.LoggingHandler (AbstractInternalLogger.java:log(150)) - [id: 0x404738b4, L:/0.0.0.0:37394] READ: [id: 0xa080cde3, L:/192.168.30.59:37394 - R:/192.168.30.59:35240]
2019-09-26 10:03:39,342 INFO  logging.LoggingHandler (AbstractInternalLogger.java:log(150)) - [id: 0xa287243a, L:/0.0.0.0:41916] READ COMPLETE
2019-09-26 10:03:39,343 INFO  logging.LoggingHandler (AbstractInternalLogger.java:log(150)) - [id: 0x404738b4, L:/0.0.0.0:37394] READ COMPLETE
2019-09-26 10:03:39,343 INFO  logging.LoggingHandler (AbstractInternalLogger.java:log(150)) - [id: 0xa287243a, L:/0.0.0.0:41916] READ: [id: 0x19f2439f, L:/192.168.30.59:41916 - R:/192.168.30.59:52324]
2019-09-26 10:03:39,343 INFO  logging.LoggingHandler (AbstractInternalLogger.java:log(150)) - [id: 0x98fa128d, L:0.0.0.0/0.0.0.0:42528] READ: [id: 0xf5649b4e, L:/192.168.30.59:42528 - R:/192.168.30.59:57640]
2019-09-26 10:03:39,343 INFO  logging.LoggingHandler (AbstractInternalLogger.java:log(150)) - [id: 0xa287243a, L:/0.0.0.0:41916] READ COMPLETE
2019-09-26 10:03:39,343 INFO  logging.LoggingHandler (AbstractInternalLogger.java:log(150)) - [id: 0x404738b4, L:/0.0.0.0:37394] READ: [id: 0xde928599, L:/192.168.30.59:37394 - R:/192.168.30.59:35250]
2019-09-26 10:03:39,343 INFO  logging.LoggingHandler (AbstractInternalLogger.java:log(150)) - [id: 0xa287243a, L:/0.0.0.0:41916] READ: [id: 0x9257e76d, L:/192.168.30.59:41916 - R:/192.168.30.59:52332]
2019-09-26 10:03:39,343 INFO  logging.LoggingHandler (AbstractInternalLogger.java:log(150)) - [id: 0x98fa128d, L:0.0.0.0/0.0.0.0:42528] READ COMPLETE
2019-09-26 10:03:39,344 INFO  logging.LoggingHandler (AbstractInternalLogger.java:log(150)) - [id: 0xa287243a, L:/0.0.0.0:41916] READ COMPLETE
2019-09-26 10:03:39,344 INFO  logging.LoggingHandler (AbstractInternalLogger.java:log(150)) - [id: 0x98fa128d, L:0.0.0.0/0.0.0.0:42528] READ: [id: 0x0b843271, L:/192.168.30.59:42528 - R:/192.168.30.59:57644]
2019-09-26 10:03:39,343 INFO  logging.LoggingHandler (AbstractInternalLogger.java:log(150)) - [id: 0x404738b4, L:/0.0.0.0:37394] READ COMPLETE
2019-09-26 10:03:39,344 INFO  logging.LoggingHandler (AbstractInternalLogger.java:log(150)) - [id: 0x98fa128d, L:0.0.0.0/0.0.0.0:42528] READ COMPLETE
2019-09-26 10:03:39,344 INFO  logging.LoggingHandler (AbstractInternalLogger.java:log(150)) - [id: 0xa287243a, L:/0.0.0.0:41916] READ: [id: 0x0ab171ff, L:/192.168.30.59:41916 - R:/192.168.30.59:52338]
2019-09-26 10:03:39,344 INFO  logging.LoggingHandler (AbstractInternalLogger.java:log(150)) - [id: 0x98fa128d, L:0.0.0.0/0.0.0.0:42528] READ: [id: 0x72483756, L:/192.168.30.59:42528 - R:/192.168.30.59:57650]
2019-09-26 10:03:39,344 INFO  logging.LoggingHandler (AbstractInternalLogger.java:log(150)) - [id: 0x404738b4, L:/0.0.0.0:37394] READ: [id: 0x1682b4bc, L:/192.168.30.59:37394 - R:/192.168.30.59:35256]
2019-09-26 10:03:39,345 INFO  logging.LoggingHandler (AbstractInternalLogger.java:log(150)) - [id: 0x98fa128d, L:0.0.0.0/0.0.0.0:42528] READ COMPLETE
2019-09-26 10:03:39,344 INFO  logging.LoggingHandler (AbstractInternalLogger.java:log(150)) - [id: 0xa287243a, L:/0.0.0.0:41916] READ COMPLETE
2019-09-26 10:03:39,345 INFO  logging.LoggingHandler (AbstractInternalLogger.java:log(150)) - [id: 0x404738b4, L:/0.0.0.0:37394] READ COMPLETE
2019-09-26 10:03:39,345 INFO  logging.LoggingHandler (AbstractInternalLogger.java:log(150)) - [id: 0xa287243a, L:/0.0.0.0:41916] READ: [id: 0xf2acb77f, L:/192.168.30.59:41916 - R:/192.168.30.59:52344]
2019-09-26 10:03:39,345 INFO  logging.LoggingHandler (AbstractInternalLogger.java:log(150)) - [id: 0x98fa128d, L:0.0.0.0/0.0.0.0:42528] READ: [id: 0xf105c9c2, L:/192.168.30.59:42528 - R:/192.168.30.59:57654]
2019-09-26 10:03:39,345 INFO  logging.LoggingHandler (AbstractInternalLogger.java:log(150)) - [id: 0xa287243a, L:/0.0.0.0:41916] READ COMPLETE
2019-09-26 10:03:39,345 INFO  logging.LoggingHandler (AbstractInternalLogger.java:log(150)) - [id: 0x404738b4, L:/0.0.0.0:37394] READ: [id: 0xe6d10644, L:/192.168.30.59:37394 - R:/192.168.30.59:35260]
2019-09-26 10:03:39,346 INFO  logging.LoggingHandler (AbstractInternalLogger.java:log(150)) - [id: 0xa287243a, L:/0.0.0.0:41916] READ: [id: 0x3f0d4df6, L:/192.168.30.59:41916 - R:/192.168.30.59:52348]
2019-09-26 10:03:39,345 INFO  logging.LoggingHandler (AbstractInternalLogger.java:log(150)) - [id: 0x98fa128d, L:0.0.0.0/0.0.0.0:42528] READ COMPLETE
2019-09-26 10:03:39,346 INFO  logging.LoggingHandler (AbstractInternalLogger.java:log(150)) - [id: 0xa287243a, L:/0.0.0.0:41916] READ COMPLETE
2019-09-26 10:03:39,346 INFO  logging.LoggingHandler (AbstractInternalLogger.java:log(150)) - [id: 0x98fa128d, L:0.0.0.0/0.0.0.0:42528] READ: [id: 0x4c0f63fc, L:/192.168.30.59:42528 - R:/192.168.30.59:57658]
2019-09-26 10:03:39,346 INFO  logging.LoggingHandler (AbstractInternalLogger.java:log(150)) - [id: 0x404738b4, L:/0.0.0.0:37394] READ COMPLETE
2019-09-26 10:03:39,346 INFO  logging.LoggingHandler (AbstractInternalLogger.java:log(150)) - [id: 0x98fa128d, L:0.0.0.0/0.0.0.0:42528] READ COMPLETE
2019-09-26 10:03:39,346 INFO  logging.LoggingHandler (AbstractInternalLogger.java:log(150)) - [id: 0xa287243a, L:/0.0.0.0:41916] READ: [id: 0x0c6f4f24, L:/192.168.30.59:41916 - R:/192.168.30.59:52350]
2019-09-26 10:03:39,347 INFO  logging.LoggingHandler (AbstractInternalLogger.java:log(150)) - [id: 0x404738b4, L:/0.0.0.0:37394] READ: [id: 0x2729b019, L:/192.168.30.59:37394 - R:/192.168.30.59:35262]
2019-09-26 10:03:39,347 INFO  logging.LoggingHandler (AbstractInternalLogger.java:log(150)) - [id: 0xa287243a, L:/0.0.0.0:41916] READ COMPLETE
2019-09-26 10:03:39,347 INFO  logging.LoggingHandler (AbstractInternalLogger.java:log(150)) - [id: 0x98fa128d, L:0.0.0.0/0.0.0.0:42528] READ: [id: 0x03743e90, L:/192.168.30.59:42528 - R:/192.168.30.59:57660]
2019-09-26 10:03:39,347 INFO  logging.LoggingHandler (AbstractInternalLogger.java:log(150)) - [id: 0xa287243a, L:/0.0.0.0:41916] READ: [id: 0x4ac457e9, L:/192.168.30.59:41916 - R:/192.168.30.59:52370]
2019-09-26 10:03:39,347 INFO  logging.LoggingHandler (AbstractInternalLogger.java:log(150)) - [id: 0x404738b4, L:/0.0.0.0:37394] READ COMPLETE
2019-09-26 10:03:39,347 INFO  logging.LoggingHandler (AbstractInternalLogger.java:log(150)) - [id: 0xa287243a, L:/0.0.0.0:41916] READ COMPLETE
2019-09-26 10:03:39,347 INFO  logging.LoggingHandler (AbstractInternalLogger.java:log(150)) - [id: 0x98fa128d, L:0.0.0.0/0.0.0.0:42528] READ COMPLETE
2019-09-26 10:03:39,348 INFO  logging.LoggingHandler (AbstractInternalLogger.java:log(150)) - [id: 0xa287243a, L:/0.0.0.0:41916] READ: [id: 0x1dc2c314, L:/192.168.30.59:41916 - R:/192.168.30.59:52372]
2019-09-26 10:03:39,348 INFO  logging.LoggingHandler (AbstractInternalLogger.java:log(150)) - [id: 0x404738b4, L:/0.0.0.0:37394] READ: [id: 0xf8eda2eb, L:/192.168.30.59:37394 - R:/192.168.30.59:35266]
2019-09-26 10:03:39,348 INFO  logging.LoggingHandler (AbstractInternalLogger.java:log(150)) - [id: 0x98fa128d, L:0.0.0.0/0.0.0.0:42528] READ: [id: 0x37d14e0e, L:/192.168.30.59:42528 - R:/192.168.30.59:57666]
2019-09-26 10:03:39,348 INFO  logging.LoggingHandler (AbstractInternalLogger.java:log(150)) - [id: 0xa287243a, L:/0.0.0.0:41916] READ COMPLETE
2019-09-26 10:03:39,348 INFO  logging.LoggingHandler (AbstractInternalLogger.java:log(150)) - [id: 0x98fa128d, L:0.0.0.0/0.0.0.0:42528] READ COMPLETE
2019-09-26 10:03:39,348 INFO  logging.LoggingHandler (AbstractInternalLogger.java:log(150)) - [id: 0x404738b4, L:/0.0.0.0:37394] READ COMPLETE
2019-09-26 10:03:39,348 INFO  logging.LoggingHandler (AbstractInternalLogger.java:log(150)) - [id: 0x98fa128d, L:0.0.0.0/0.0.0.0:42528] READ: [id: 0x79973c4d, L:/192.168.30.59:42528 - R:/192.168.30.59:57684]
2019-09-26 10:03:39,348 INFO  logging.LoggingHandler (AbstractInternalLogger.java:log(150)) - [id: 0xa287243a, L:/0.0.0.0:41916] READ: [id: 0x7056b743, L:/192.168.30.59:41916 - R:/192.168.30.59:52380]
2019-09-26 10:03:39,349 INFO  logging.LoggingHandler (AbstractInternalLogger.java:log(150)) - [id: 0x98fa128d, L:0.0.0.0/0.0.0.0:42528] READ COMPLETE
2019-09-26 10:03:39,349 INFO  logging.LoggingHandler (AbstractInternalLogger.java:log(150)) - [id: 0x404738b4, L:/0.0.0.0:37394] READ: [id: 0x5280866e, L:/192.168.30.59:37394 - R:/192.168.30.59:35276]
2019-09-26 10:03:39,349 INFO  logging.LoggingHandler (AbstractInternalLogger.java:log(150)) - [id: 0x98fa128d, L:0.0.0.0/0.0.0.0:42528] READ: [id: 0xabae5a03, L:/192.168.30.59:42528 - R:/192.168.30.59:57686]
2019-09-26 10:03:39,349 INFO  logging.LoggingHandler (AbstractInternalLogger.java:log(150)) - [id: 0x98fa128d, L:0.0.0.0/0.0.0.0:42528] READ COMPLETE
2019-09-26 10:03:39,349 INFO  logging.LoggingHandler (AbstractInternalLogger.java:log(150)) - [id: 0xa287243a, L:/0.0.0.0:41916] READ COMPLETE
2019-09-26 10:03:39,350 INFO  logging.LoggingHandler (AbstractInternalLogger.java:log(150)) - [id: 0x98fa128d, L:0.0.0.0/0.0.0.0:42528] READ: [id: 0xe291128b, L:/192.168.30.59:42528 - R:/192.168.30.59:57692]
2019-09-26 10:03:39,349 INFO  logging.LoggingHandler (AbstractInternalLogger.java:log(150)) - [id: 0x404738b4, L:/0.0.0.0:37394] READ COMPLETE
2019-09-26 10:03:39,350 INFO  logging.LoggingHandler (AbstractInternalLogger.java:log(150)) - [id: 0x98fa128d, L:0.0.0.0/0.0.0.0:42528] READ COMPLETE
2019-09-26 10:03:39,350 INFO  logging.LoggingHandler (AbstractInternalLogger.java:log(150)) - [id: 0xa287243a, L:/0.0.0.0:41916] READ: [id: 0x205e0c46, L:/192.168.30.59:41916 - R:/192.168.30.59:52384]
2019-09-26 10:03:39,350 INFO  logging.LoggingHandler (AbstractInternalLogger.java:log(150)) - [id: 0x404738b4, L:/0.0.0.0:37394] READ: [id: 0x2740216d, L:/192.168.30.59:37394 - R:/192.168.30.59:35278]
2019-09-26 10:03:39,350 INFO  logging.LoggingHandler (AbstractInternalLogger.java:log(150)) - [id: 0xa287243a, L:/0.0.0.0:41916] READ COMPLETE
2019-09-26 10:03:39,350 INFO  logging.LoggingHandler (AbstractInternalLogger.java:log(150)) - [id: 0x98fa128d, L:0.0.0.0/0.0.0.0:42528] READ: [id: 0x39f4ed2c, L:/192.168.30.59:42528 - R:/192.168.30.59:57694]
2019-09-26 10:03:39,351 INFO  logging.LoggingHandler (AbstractInternalLogger.java:log(150)) - [id: 0xa287243a, L:/0.0.0.0:41916] READ: [id: 0x8137ba4b, L:/192.168.30.59:41916 - R:/192.168.30.59:52386]
2019-09-26 10:03:39,350 INFO  logging.LoggingHandler (AbstractInternalLogger.java:log(150)) - [id: 0x404738b4, L:/0.0.0.0:37394] READ COMPLETE
2019-09-26 10:03:39,351 INFO  logging.LoggingHandler (AbstractInternalLogger.java:log(150)) - [id: 0xa287243a, L:/0.0.0.0:41916] READ COMPLETE
2019-09-26 10:03:39,351 INFO  logging.LoggingHandler (AbstractInternalLogger.java:log(150)) - [id: 0x98fa128d, L:0.0.0.0/0.0.0.0:42528] READ COMPLETE
2019-09-26 10:03:39,351 INFO  logging.LoggingHandler (AbstractInternalLogger.java:log(150)) - [id: 0xa287243a, L:/0.0.0.0:41916] READ: [id: 0xf9cc05a9, L:/192.168.30.59:41916 - R:/192.168.30.59:52394]
2019-09-26 10:03:39,351 INFO  logging.LoggingHandler (AbstractInternalLogger.java:log(150)) - [id: 0x98fa128d, L:0.0.0.0/0.0.0.0:42528] READ: [id: 0x6d098c34, L:/192.168.30.59:42528 - R:/192.168.30.59:57700]
2019-09-26 10:03:39,351 INFO  logging.LoggingHandler (AbstractInternalLogger.java:log(150)) - [id: 0x404738b4, L:/0.0.0.0:37394] READ: [id: 0xf560968d, L:/192.168.30.59:37394 - R:/192.168.30.59:35284]
2019-09-26 10:03:39,352 INFO  logging.LoggingHandler (AbstractInternalLogger.java:log(150)) - [id: 0x98fa128d, L:0.0.0.0/0.0.0.0:42528] READ COMPLETE
2019-09-26 10:03:39,351 INFO  logging.LoggingHandler (AbstractInternalLogger.java:log(150)) - [id: 0xa287243a, L:/0.0.0.0:41916] READ COMPLETE
2019-09-26 10:03:39,352 INFO  logging.LoggingHandler (AbstractInternalLogger.java:log(150)) - [id: 0x98fa128d, L:0.0.0.0/0.0.0.0:42528] READ: [id: 0xea70c5e4, L:/192.168.30.59:42528 - R:/192.168.30.59:57708]
2019-09-26 10:03:39,352 INFO  logging.LoggingHandler (AbstractInternalLogger.java:log(150)) - [id: 0x404738b4, L:/0.0.0.0:37394] READ COMPLETE
2019-09-26 10:03:39,352 INFO  logging.LoggingHandler (AbstractInternalLogger.java:log(150)) - [id: 0x98fa128d, L:0.0.0.0/0.0.0.0:42528] READ COMPLETE
2019-09-26 10:03:39,352 INFO  logging.LoggingHandler (AbstractInternalLogger.java:log(150)) - [id: 0xa287243a, L:/0.0.0.0:41916] READ: [id: 0xd999ee30, L:/192.168.30.59:41916 - R:/192.168.30.59:52406]
2019-09-26 10:03:39,352 INFO  logging.LoggingHandler (AbstractInternalLogger.java:log(150)) - [id: 0x98fa128d, L:0.0.0.0/0.0.0.0:42528] READ: [id: 0xd35b0bc4, L:/192.168.30.59:42528 - R:/192.168.30.59:57722]
2019-09-26 10:03:39,352 INFO  logging.LoggingHandler (AbstractInternalLogger.java:log(150)) - [id: 0x404738b4, L:/0.0.0.0:37394] READ: [id: 0xcfe33032, L:/192.168.30.59:37394 - R:/192.168.30.59:35286]
2019-09-26 10:03:39,353 INFO  logging.LoggingHandler (AbstractInternalLogger.java:log(150)) - [id: 0x98fa128d, L:0.0.0.0/0.0.0.0:42528] READ COMPLETE
2019-09-26 10:03:39,353 INFO  logging.LoggingHandler (AbstractInternalLogger.java:log(150)) - [id: 0xa287243a, L:/0.0.0.0:41916] READ COMPLETE
2019-09-26 10:03:39,353 INFO  logging.LoggingHandler (AbstractInternalLogger.java:log(150)) - [id: 0x98fa128d, L:0.0.0.0/0.0.0.0:42528] READ: [id: 0xbe70130a, L:/192.168.30.59:42528 - R:/192.168.30.59:57732]
2019-09-26 10:03:39,353 INFO  logging.LoggingHandler (AbstractInternalLogger.java:log(150)) - [id: 0x404738b4, L:/0.0.0.0:37394] READ COMPLETE
2019-09-26 10:03:39,353 INFO  logging.LoggingHandler (AbstractInternalLogger.java:log(150)) - [id: 0x98fa128d, L:0.0.0.0/0.0.0.0:42528] READ COMPLETE
2019-09-26 10:03:39,353 INFO  logging.LoggingHandler (AbstractInternalLogger.java:log(150)) - [id: 0xa287243a, L:/0.0.0.0:41916] READ: [id: 0xfdf34113, L:/192.168.30.59:41916 - R:/192.168.30.59:52410]
2019-09-26 10:03:39,354 INFO  logging.LoggingHandler (AbstractInternalLogger.java:log(150)) - [id: 0x98fa128d, L:0.0.0.0/0.0.0.0:42528] READ: [id: 0x27a957aa, L:/192.168.30.59:42528 - R:/192.168.30.59:57744]
2019-09-26 10:03:39,354 INFO  logging.LoggingHandler (AbstractInternalLogger.java:log(150)) - [id: 0x404738b4, L:/0.0.0.0:37394] READ: [id: 0x607c2c88, L:/192.168.30.59:37394 - R:/192.168.30.59:35294]
2019-09-26 10:03:39,354 INFO  logging.LoggingHandler (AbstractInternalLogger.java:log(150)) - [id: 0x98fa128d, L:0.0.0.0/0.0.0.0:42528] READ COMPLETE
2019-09-26 10:03:39,354 INFO  logging.LoggingHandler (AbstractInternalLogger.java:log(150)) - [id: 0xa287243a, L:/0.0.0.0:41916] READ COMPLETE
2019-09-26 10:03:39,354 INFO  logging.LoggingHandler (AbstractInternalLogger.java:log(150)) - [id: 0x98fa128d, L:0.0.0.0/0.0.0.0:42528] READ: [id: 0xb06153f6, L:/192.168.30.59:42528 - R:/192.168.30.59:57746]
2019-09-26 10:03:39,354 INFO  logging.LoggingHandler (AbstractInternalLogger.java:log(150)) - [id: 0x404738b4, L:/0.0.0.0:37394] READ COMPLETE
2019-09-26 10:03:39,354 INFO  logging.LoggingHandler (AbstractInternalLogger.java:log(150)) - [id: 0x98fa128d, L:0.0.0.0/0.0.0.0:42528] READ COMPLETE
2019-09-26 10:03:39,354 INFO  logging.LoggingHandler (AbstractInternalLogger.java:log(150)) - [id: 0xa287243a, L:/0.0.0.0:41916] READ: [id: 0x5164a44a, L:/192.168.30.59:41916 - R:/192.168.30.59:52418]
2019-09-26 10:03:39,355 INFO  logging.LoggingHandler (AbstractInternalLogger.java:log(150)) - [id: 0x98fa128d, L:0.0.0.0/0.0.0.0:42528] READ: [id: 0x759386d8, L:/192.168.30.59:42528 - R:/192.168.30.59:57758]
2019-09-26 10:03:39,355 INFO  logging.LoggingHandler (AbstractInternalLogger.java:log(150)) - [id: 0x404738b4, L:/0.0.0.0:37394] READ: [id: 0xe5b1a882, L:/192.168.30.59:37394 - R:/192.168.30.59:35298]
2019-09-26 10:03:39,355 INFO  logging.LoggingHandler (AbstractInternalLogger.java:log(150)) - [id: 0x98fa128d, L:0.0.0.0/0.0.0.0:42528] READ COMPLETE
2019-09-26 10:03:39,355 INFO  logging.LoggingHandler (AbstractInternalLogger.java:log(150)) - [id: 0xa287243a, L:/0.0.0.0:41916] READ COMPLETE
2019-09-26 10:03:39,355 INFO  logging.LoggingHandler (AbstractInternalLogger.java:log(150)) - [id: 0x404738b4, L:/0.0.0.0:37394] READ COMPLETE
2019-09-26 10:03:39,355 INFO  logging.LoggingHandler (AbstractInternalLogger.java:log(150)) - [id: 0xa287243a, L:/0.0.0.0:41916] READ: [id: 0x75ad5cb1, L:/192.168.30.59:41916 - R:/192.168.30.59:52424]
2019-09-26 10:03:39,356 INFO  logging.LoggingHandler (AbstractInternalLogger.java:log(150)) - [id: 0x404738b4, L:/0.0.0.0:37394] READ: [id: 0xc56cd70f, L:/192.168.30.59:37394 - R:/192.168.30.59:35302]
2019-09-26 10:03:39,356 INFO  logging.LoggingHandler (AbstractInternalLogger.java:log(150)) - [id: 0xa287243a, L:/0.0.0.0:41916] READ COMPLETE
2019-09-26 10:03:39,356 INFO  logging.LoggingHandler (AbstractInternalLogger.java:log(150)) - [id: 0x404738b4, L:/0.0.0.0:37394] READ COMPLETE
2019-09-26 10:03:39,356 INFO  logging.LoggingHandler (AbstractInternalLogger.java:log(150)) - [id: 0xa287243a, L:/0.0.0.0:41916] READ: [id: 0xbf23ddcc, L:/192.168.30.59:41916 - R:/192.168.30.59:52428]
2019-09-26 10:03:39,356 INFO  logging.LoggingHandler (AbstractInternalLogger.java:log(150)) - [id: 0x404738b4, L:/0.0.0.0:37394] READ: [id: 0x4475c803, L:/192.168.30.59:37394 - R:/192.168.30.59:35308]
2019-09-26 10:03:39,356 INFO  logging.LoggingHandler (AbstractInternalLogger.java:log(150)) - [id: 0x98fa128d, L:0.0.0.0/0.0.0.0:42528] READ: [id: 0x3975af04, L:/192.168.30.59:42528 - R:/192.168.30.59:57774]
2019-09-26 10:03:39,356 INFO  logging.LoggingHandler (AbstractInternalLogger.java:log(150)) - [id: 0x404738b4, L:/0.0.0.0:37394] READ COMPLETE
2019-09-26 10:03:39,356 INFO  logging.LoggingHandler (AbstractInternalLogger.java:log(150)) - [id: 0xa287243a, L:/0.0.0.0:41916] READ COMPLETE
2019-09-26 10:03:39,357 INFO  logging.LoggingHandler (AbstractInternalLogger.java:log(150)) - [id: 0x404738b4, L:/0.0.0.0:37394] READ: [id: 0xf9ef9047, L:/192.168.30.59:37394 - R:/192.168.30.59:35312]
2019-09-26 10:03:39,357 INFO  logging.LoggingHandler (AbstractInternalLogger.java:log(150)) - [id: 0xa287243a, L:/0.0.0.0:41916] READ: [id: 0x697d508f, L:/192.168.30.59:41916 - R:/192.168.30.59:52434]
2019-09-26 10:03:39,356 INFO  logging.LoggingHandler (AbstractInternalLogger.java:log(150)) - [id: 0x98fa128d, L:0.0.0.0/0.0.0.0:42528] READ COMPLETE
2019-09-26 10:03:39,357 INFO  logging.LoggingHandler (AbstractInternalLogger.java:log(150)) - [id: 0xa287243a, L:/0.0.0.0:41916] READ COMPLETE
2019-09-26 10:03:39,357 INFO  logging.LoggingHandler (AbstractInternalLogger.java:log(150)) - [id: 0x404738b4, L:/0.0.0.0:37394] READ COMPLETE
2019-09-26 10:03:39,357 INFO  logging.LoggingHandler (AbstractInternalLogger.java:log(150)) - [id: 0xa287243a, L:/0.0.0.0:41916] READ: [id: 0xf853bf52, L:/192.168.30.59:41916 - R:/192.168.30.59:52436]
2019-09-26 10:03:39,357 INFO  logging.LoggingHandler (AbstractInternalLogger.java:log(150)) - [id: 0x404738b4, L:/0.0.0.0:37394] READ: [id: 0xe929a735, L:/192.168.30.59:37394 - R:/192.168.30.59:35316]
2019-09-26 10:03:39,357 INFO  logging.LoggingHandler (AbstractInternalLogger.java:log(150)) - [id: 0x98fa128d, L:0.0.0.0/0.0.0.0:42528] READ: [id: 0x9925d4f1, L:/192.168.30.59:42528 - R:/192.168.30.59:57782]
2019-09-26 10:03:39,358 INFO  logging.LoggingHandler (AbstractInternalLogger.java:log(150)) - [id: 0x404738b4, L:/0.0.0.0:37394] READ COMPLETE
2019-09-26 10:03:39,357 INFO  logging.LoggingHandler (AbstractInternalLogger.java:log(150)) - [id: 0xa287243a, L:/0.0.0.0:41916] READ COMPLETE
2019-09-26 10:03:39,358 INFO  logging.LoggingHandler (AbstractInternalLogger.java:log(150)) - [id: 0x404738b4, L:/0.0.0.0:37394] READ: [id: 0xe831b990, L:/192.168.30.59:37394 - R:/192.168.30.59:35318]
2019-09-26 10:03:39,358 INFO  logging.LoggingHandler (AbstractInternalLogger.java:log(150)) - [id: 0x98fa128d, L:0.0.0.0/0.0.0.0:42528] READ COMPLETE
2019-09-26 10:03:39,358 INFO  logging.LoggingHandler (AbstractInternalLogger.java:log(150)) - [id: 0x404738b4, L:/0.0.0.0:37394] READ COMPLETE
2019-09-26 10:03:39,358 INFO  logging.LoggingHandler (AbstractInternalLogger.java:log(150)) - [id: 0xa287243a, L:/0.0.0.0:41916] READ: [id: 0x4c766260, L:/192.168.30.59:41916 - R:/192.168.30.59:52440]
2019-09-26 10:03:39,359 INFO  logging.LoggingHandler (AbstractInternalLogger.java:log(150)) - [id: 0x404738b4, L:/0.0.0.0:37394] READ: [id: 0xba323b54, L:/192.168.30.59:37394 - R:/192.168.30.59:35322]
2019-09-26 10:03:39,359 INFO  logging.LoggingHandler (AbstractInternalLogger.java:log(150)) - [id: 0x98fa128d, L:0.0.0.0/0.0.0.0:42528] READ: [id: 0x53077117, L:/192.168.30.59:42528 - R:/192.168.30.59:57792]
2019-09-26 10:03:39,359 INFO  logging.LoggingHandler (AbstractInternalLogger.java:log(150)) - [id: 0x404738b4, L:/0.0.0.0:37394] READ COMPLETE
2019-09-26 10:03:39,359 INFO  logging.LoggingHandler (AbstractInternalLogger.java:log(150)) - [id: 0xa287243a, L:/0.0.0.0:41916] READ COMPLETE
2019-09-26 10:03:39,359 INFO  logging.LoggingHandler (AbstractInternalLogger.java:log(150)) - [id: 0x404738b4, L:/0.0.0.0:37394] READ: [id: 0x59b15dcb, L:/192.168.30.59:37394 - R:/192.168.30.59:35324]
2019-09-26 10:03:39,359 INFO  logging.LoggingHandler (AbstractInternalLogger.java:log(150)) - [id: 0x98fa128d, L:0.0.0.0/0.0.0.0:42528] READ COMPLETE
2019-09-26 10:03:39,359 INFO  logging.LoggingHandler (AbstractInternalLogger.java:log(150)) - [id: 0x404738b4, L:/0.0.0.0:37394] READ COMPLETE
2019-09-26 10:03:39,359 INFO  logging.LoggingHandler (AbstractInternalLogger.java:log(150)) - [id: 0xa287243a, L:/0.0.0.0:41916] READ: [id: 0x817a3215, L:/192.168.30.59:41916 - R:/192.168.30.59:52446]
2019-09-26 10:03:39,360 INFO  logging.LoggingHandler (AbstractInternalLogger.java:log(150)) - [id: 0x404738b4, L:/0.0.0.0:37394] READ: [id: 0xf2cf4f33, L:/192.168.30.59:37394 - R:/192.168.30.59:35328]
2019-09-26 10:03:39,360 INFO  logging.LoggingHandler (AbstractInternalLogger.java:log(150)) - [id: 0x98fa128d, L:0.0.0.0/0.0.0.0:42528] READ: [id: 0x40823325, L:/192.168.30.59:42528 - R:/192.168.30.59:57800]
2019-09-26 10:03:39,360 INFO  logging.LoggingHandler (AbstractInternalLogger.java:log(150)) - [id: 0x404738b4, L:/0.0.0.0:37394] READ COMPLETE
2019-09-26 10:03:39,360 INFO  logging.LoggingHandler (AbstractInternalLogger.java:log(150)) - [id: 0xa287243a, L:/0.0.0.0:41916] READ COMPLETE
2019-09-26 10:03:39,360 INFO  logging.LoggingHandler (AbstractInternalLogger.java:log(150)) - [id: 0x404738b4, L:/0.0.0.0:37394] READ: [id: 0xfc073c81, L:/192.168.30.59:37394 - R:/192.168.30.59:35336]
2019-09-26 10:03:39,360 INFO  logging.LoggingHandler (AbstractInternalLogger.java:log(150)) - [id: 0x98fa128d, L:0.0.0.0/0.0.0.0:42528] READ COMPLETE
2019-09-26 10:03:39,361 INFO  logging.LoggingHandler (AbstractInternalLogger.java:log(150)) - [id: 0x404738b4, L:/0.0.0.0:37394] READ COMPLETE
2019-09-26 10:03:39,360 INFO  logging.LoggingHandler (AbstractInternalLogger.java:log(150)) - [id: 0xa287243a, L:/0.0.0.0:41916] READ: [id: 0xa9fa5557, L:/192.168.30.59:41916 - R:/192.168.30.59:52454]
2019-09-26 10:03:39,361 INFO  logging.LoggingHandler (AbstractInternalLogger.java:log(150)) - [id: 0x98fa128d, L:0.0.0.0/0.0.0.0:42528] READ: [id: 0xef0d866b, L:/192.168.30.59:42528 - R:/192.168.30.59:57806]
2019-09-26 10:03:39,361 INFO  logging.LoggingHandler (AbstractInternalLogger.java:log(150)) - [id: 0xa287243a, L:/0.0.0.0:41916] READ COMPLETE
2019-09-26 10:03:39,361 INFO  logging.LoggingHandler (AbstractInternalLogger.java:log(150)) - [id: 0x404738b4, L:/0.0.0.0:37394] READ: [id: 0xd8b73ad7, L:/192.168.30.59:37394 - R:/192.168.30.59:35340]
2019-09-26 10:03:39,361 INFO  logging.LoggingHandler (AbstractInternalLogger.java:log(150)) - [id: 0xa287243a, L:/0.0.0.0:41916] READ: [id: 0x35cf3950, L:/192.168.30.59:41916 - R:/192.168.30.59:52464]
2019-09-26 10:03:39,361 INFO  logging.LoggingHandler (AbstractInternalLogger.java:log(150)) - [id: 0x98fa128d, L:0.0.0.0/0.0.0.0:42528] READ COMPLETE
2019-09-26 10:03:39,362 INFO  logging.LoggingHandler (AbstractInternalLogger.java:log(150)) - [id: 0xa287243a, L:/0.0.0.0:41916] READ COMPLETE
2019-09-26 10:03:39,362 INFO  logging.LoggingHandler (AbstractInternalLogger.java:log(150)) - [id: 0x98fa128d, L:0.0.0.0/0.0.0.0:42528] READ: [id: 0xa57ead4b, L:/192.168.30.59:42528 - R:/192.168.30.59:57812]
2019-09-26 10:03:39,361 INFO  logging.LoggingHandler (AbstractInternalLogger.java:log(150)) - [id: 0x404738b4, L:/0.0.0.0:37394] READ COMPLETE
2019-09-26 10:03:39,362 INFO  logging.LoggingHandler (AbstractInternalLogger.java:log(150)) - [id: 0xa287243a, L:/0.0.0.0:41916] READ: [id: 0x1a9354e7, L:/192.168.30.59:41916 - R:/192.168.30.59:52472]
2019-09-26 10:03:39,362 INFO  logging.LoggingHandler (AbstractInternalLogger.java:log(150)) - [id: 0x98fa128d, L:0.0.0.0/0.0.0.0:42528] READ COMPLETE
2019-09-26 10:03:39,362 INFO  logging.LoggingHandler (AbstractInternalLogger.java:log(150)) - [id: 0xa287243a, L:/0.0.0.0:41916] READ COMPLETE
2019-09-26 10:03:39,362 INFO  logging.LoggingHandler (AbstractInternalLogger.java:log(150)) - [id: 0x404738b4, L:/0.0.0.0:37394] READ: [id: 0xb671275d, L:/192.168.30.59:37394 - R:/192.168.30.59:35342]
2019-09-26 10:03:39,363 INFO  logging.LoggingHandler (AbstractInternalLogger.java:log(150)) - [id: 0xa287243a, L:/0.0.0.0:41916] READ: [id: 0x96695063, L:/192.168.30.59:41916 - R:/192.168.30.59:52476]
2019-09-26 10:03:39,363 INFO  logging.LoggingHandler (AbstractInternalLogger.java:log(150)) - [id: 0x404738b4, L:/0.0.0.0:37394] READ COMPLETE
2019-09-26 10:03:39,363 INFO  logging.LoggingHandler (AbstractInternalLogger.java:log(150)) - [id: 0xa287243a, L:/0.0.0.0:41916] READ COMPLETE
2019-09-26 10:03:39,363 INFO  logging.LoggingHandler (AbstractInternalLogger.java:log(150)) - [id: 0x404738b4, L:/0.0.0.0:37394] READ: [id: 0xdd7a5632, L:/192.168.30.59:37394 - R:/192.168.30.59:35350]
2019-09-26 10:03:39,363 INFO  logging.LoggingHandler (AbstractInternalLogger.java:log(150)) - [id: 0x98fa128d, L:0.0.0.0/0.0.0.0:42528] READ: [id: 0x0a87e376, L:/192.168.30.59:42528 - R:/192.168.30.59:57824]
2019-09-26 10:03:39,363 INFO  logging.LoggingHandler (AbstractInternalLogger.java:log(150)) - [id: 0xa287243a, L:/0.0.0.0:41916] READ: [id: 0xb0c8e296, L:/192.168.30.59:41916 - R:/192.168.30.59:52478]
2019-09-26 10:03:39,363 INFO  logging.LoggingHandler (AbstractInternalLogger.java:log(150)) - [id: 0x98fa128d, L:0.0.0.0/0.0.0.0:42528] READ COMPLETE
2019-09-26 10:03:39,363 INFO  logging.LoggingHandler (AbstractInternalLogger.java:log(150)) - [id: 0x404738b4, L:/0.0.0.0:37394] READ COMPLETE
2019-09-26 10:03:39,363 INFO  logging.LoggingHandler (AbstractInternalLogger.java:log(150)) - [id: 0xa287243a, L:/0.0.0.0:41916] READ COMPLETE
2019-09-26 10:03:39,364 INFO  logging.LoggingHandler (AbstractInternalLogger.java:log(150)) - [id: 0x404738b4, L:/0.0.0.0:37394] READ: [id: 0xaa831110, L:/192.168.30.59:37394 - R:/192.168.30.59:35352]
2019-09-26 10:03:39,364 INFO  logging.LoggingHandler (AbstractInternalLogger.java:log(150)) - [id: 0xa287243a, L:/0.0.0.0:41916] READ: [id: 0xf17300f4, L:/192.168.30.59:41916 - R:/192.168.30.59:52486]
2019-09-26 10:03:39,364 INFO  logging.LoggingHandler (AbstractInternalLogger.java:log(150)) - [id: 0x404738b4, L:/0.0.0.0:37394] READ COMPLETE
2019-09-26 10:03:39,364 INFO  logging.LoggingHandler (AbstractInternalLogger.java:log(150)) - [id: 0xa287243a, L:/0.0.0.0:41916] READ COMPLETE
2019-09-26 10:03:39,364 INFO  logging.LoggingHandler (AbstractInternalLogger.java:log(150)) - [id: 0x404738b4, L:/0.0.0.0:37394] READ: [id: 0x1798510b, L:/192.168.30.59:37394 - R:/192.168.30.59:35358]
2019-09-26 10:03:39,365 INFO  logging.LoggingHandler (AbstractInternalLogger.java:log(150)) - [id: 0xa287243a, L:/0.0.0.0:41916] READ: [id: 0xa6e26ca4, L:/192.168.30.59:41916 - R:/192.168.30.59:52494]
2019-09-26 10:03:39,365 INFO  logging.LoggingHandler (AbstractInternalLogger.java:log(150)) - [id: 0x404738b4, L:/0.0.0.0:37394] READ COMPLETE
2019-09-26 10:03:39,365 INFO  logging.LoggingHandler (AbstractInternalLogger.java:log(150)) - [id: 0xa287243a, L:/0.0.0.0:41916] READ COMPLETE
2019-09-26 10:03:39,365 INFO  logging.LoggingHandler (AbstractInternalLogger.java:log(150)) - [id: 0x404738b4, L:/0.0.0.0:37394] READ: [id: 0x4ecfe8f8, L:/192.168.30.59:37394 - R:/192.168.30.59:35364]
2019-09-26 10:03:39,365 INFO  logging.LoggingHandler (AbstractInternalLogger.java:log(150)) - [id: 0x98fa128d, L:0.0.0.0/0.0.0.0:42528] READ: [id: 0xcb842155, L:/192.168.30.59:42528 - R:/192.168.30.59:57836]
2019-09-26 10:03:39,365 INFO  logging.LoggingHandler (AbstractInternalLogger.java:log(150)) - [id: 0x404738b4, L:/0.0.0.0:37394] READ COMPLETE
2019-09-26 10:03:39,365 INFO  logging.LoggingHandler (AbstractInternalLogger.java:log(150)) - [id: 0xa287243a, L:/0.0.0.0:41916] READ: [id: 0x64e03eb7, L:/192.168.30.59:41916 - R:/192.168.30.59:52498]
2019-09-26 10:03:39,366 INFO  logging.LoggingHandler (AbstractInternalLogger.java:log(150)) - [id: 0x404738b4, L:/0.0.0.0:37394] READ: [id: 0x3ca73079, L:/192.168.30.59:37394 - R:/192.168.30.59:35368]
2019-09-26 10:03:39,365 INFO  logging.LoggingHandler (AbstractInternalLogger.java:log(150)) - [id: 0x98fa128d, L:0.0.0.0/0.0.0.0:42528] READ COMPLETE
2019-09-26 10:03:39,366 INFO  logging.LoggingHandler (AbstractInternalLogger.java:log(150)) - [id: 0x404738b4, L:/0.0.0.0:37394] READ COMPLETE
2019-09-26 10:03:39,366 INFO  logging.LoggingHandler (AbstractInternalLogger.java:log(150)) - [id: 0xa287243a, L:/0.0.0.0:41916] READ COMPLETE
2019-09-26 10:03:39,366 INFO  logging.LoggingHandler (AbstractInternalLogger.java:log(150)) - [id: 0x404738b4, L:/0.0.0.0:37394] READ: [id: 0x5999868e, L:/192.168.30.59:37394 - R:/192.168.30.59:35372]
2019-09-26 10:03:39,366 INFO  logging.LoggingHandler (AbstractInternalLogger.java:log(150)) - [id: 0x98fa128d, L:0.0.0.0/0.0.0.0:42528] READ: [id: 0xf6e6aff8, L:/192.168.30.59:42528 - R:/192.168.30.59:57838]
2019-09-26 10:03:39,366 INFO  logging.LoggingHandler (AbstractInternalLogger.java:log(150)) - [id: 0x404738b4, L:/0.0.0.0:37394] READ COMPLETE
2019-09-26 10:03:39,366 INFO  logging.LoggingHandler (AbstractInternalLogger.java:log(150)) - [id: 0xa287243a, L:/0.0.0.0:41916] READ: [id: 0x8b99a643, L:/192.168.30.59:41916 - R:/192.168.30.59:52500]
2019-09-26 10:03:39,367 INFO  logging.LoggingHandler (AbstractInternalLogger.java:log(150)) - [id: 0x404738b4, L:/0.0.0.0:37394] READ: [id: 0xeef85785, L:/192.168.30.59:37394 - R:/192.168.30.59:35376]
2019-09-26 10:03:39,367 INFO  logging.LoggingHandler (AbstractInternalLogger.java:log(150)) - [id: 0x98fa128d, L:0.0.0.0/0.0.0.0:42528] READ COMPLETE
2019-09-26 10:03:39,367 INFO  logging.LoggingHandler (AbstractInternalLogger.java:log(150)) - [id: 0x404738b4, L:/0.0.0.0:37394] READ COMPLETE
2019-09-26 10:03:39,367 INFO  logging.LoggingHandler (AbstractInternalLogger.java:log(150)) - [id: 0xa287243a, L:/0.0.0.0:41916] READ COMPLETE
2019-09-26 10:03:39,367 INFO  logging.LoggingHandler (AbstractInternalLogger.java:log(150)) - [id: 0x404738b4, L:/0.0.0.0:37394] READ: [id: 0x1f6cfabf, L:/192.168.30.59:37394 - R:/192.168.30.59:35378]
2019-09-26 10:03:39,367 INFO  logging.LoggingHandler (AbstractInternalLogger.java:log(150)) - [id: 0x98fa128d, L:0.0.0.0/0.0.0.0:42528] READ: [id: 0xae07ebf6, L:/192.168.30.59:42528 - R:/192.168.30.59:57840]
2019-09-26 10:03:39,368 INFO  logging.LoggingHandler (AbstractInternalLogger.java:log(150)) - [id: 0x404738b4, L:/0.0.0.0:37394] READ COMPLETE
2019-09-26 10:03:39,367 INFO  logging.LoggingHandler (AbstractInternalLogger.java:log(150)) - [id: 0xa287243a, L:/0.0.0.0:41916] READ: [id: 0x64664e07, L:/192.168.30.59:41916 - R:/192.168.30.59:52512]
2019-09-26 10:03:39,368 INFO  logging.LoggingHandler (AbstractInternalLogger.java:log(150)) - [id: 0x404738b4, L:/0.0.0.0:37394] READ: [id: 0x6cdc505c, L:/192.168.30.59:37394 - R:/192.168.30.59:35382]
2019-09-26 10:03:39,368 INFO  logging.LoggingHandler (AbstractInternalLogger.java:log(150)) - [id: 0x98fa128d, L:0.0.0.0/0.0.0.0:42528] READ COMPLETE
2019-09-26 10:03:39,368 INFO  logging.LoggingHandler (AbstractInternalLogger.java:log(150)) - [id: 0x404738b4, L:/0.0.0.0:37394] READ COMPLETE
2019-09-26 10:03:39,368 INFO  logging.LoggingHandler (AbstractInternalLogger.java:log(150)) - [id: 0xa287243a, L:/0.0.0.0:41916] READ COMPLETE
2019-09-26 10:03:39,368 INFO  logging.LoggingHandler (AbstractInternalLogger.java:log(150)) - [id: 0x404738b4, L:/0.0.0.0:37394] READ: [id: 0x894e8a0e, L:/192.168.30.59:37394 - R:/192.168.30.59:35386]
2019-09-26 10:03:39,368 INFO  logging.LoggingHandler (AbstractInternalLogger.java:log(150)) - [id: 0x98fa128d, L:0.0.0.0/0.0.0.0:42528] READ: [id: 0x8655505a, L:/192.168.30.59:42528 - R:/192.168.30.59:57842]
2019-09-26 10:03:39,369 INFO  logging.LoggingHandler (AbstractInternalLogger.java:log(150)) - [id: 0x404738b4, L:/0.0.0.0:37394] READ COMPLETE
2019-09-26 10:03:39,369 INFO  logging.LoggingHandler (AbstractInternalLogger.java:log(150)) - [id: 0xa287243a, L:/0.0.0.0:41916] READ: [id: 0x56b85696, L:/192.168.30.59:41916 - R:/192.168.30.59:52514]
2019-09-26 10:03:39,369 INFO  logging.LoggingHandler (AbstractInternalLogger.java:log(150)) - [id: 0x404738b4, L:/0.0.0.0:37394] READ: [id: 0xb00e3082, L:/192.168.30.59:37394 - R:/192.168.30.59:35390]
2019-09-26 10:03:39,369 INFO  logging.LoggingHandler (AbstractInternalLogger.java:log(150)) - [id: 0x98fa128d, L:0.0.0.0/0.0.0.0:42528] READ COMPLETE
2019-09-26 10:03:39,369 INFO  logging.LoggingHandler (AbstractInternalLogger.java:log(150)) - [id: 0x404738b4, L:/0.0.0.0:37394] READ COMPLETE
2019-09-26 10:03:39,369 INFO  logging.LoggingHandler (AbstractInternalLogger.java:log(150)) - [id: 0x98fa128d, L:0.0.0.0/0.0.0.0:42528] READ: [id: 0x461de574, L:/192.168.30.59:42528 - R:/192.168.30.59:57856]
2019-09-26 10:03:39,369 INFO  logging.LoggingHandler (AbstractInternalLogger.java:log(150)) - [id: 0xa287243a, L:/0.0.0.0:41916] READ COMPLETE
2019-09-26 10:03:39,370 INFO  logging.LoggingHandler (AbstractInternalLogger.java:log(150)) - [id: 0x98fa128d, L:0.0.0.0/0.0.0.0:42528] READ COMPLETE
2019-09-26 10:03:39,370 INFO  logging.LoggingHandler (AbstractInternalLogger.java:log(150)) - [id: 0x404738b4, L:/0.0.0.0:37394] READ: [id: 0xe91ad33f, L:/192.168.30.59:37394 - R:/192.168.30.59:35402]
2019-09-26 10:03:39,370 INFO  logging.LoggingHandler (AbstractInternalLogger.java:log(150)) - [id: 0x98fa128d, L:0.0.0.0/0.0.0.0:42528] READ: [id: 0x0b0fc581, L:/192.168.30.59:42528 - R:/192.168.30.59:57866]
2019-09-26 10:03:39,370 INFO  logging.LoggingHandler (AbstractInternalLogger.java:log(150)) - [id: 0xa287243a, L:/0.0.0.0:41916] READ: [id: 0x6f5f5248, L:/192.168.30.59:41916 - R:/192.168.30.59:52518]
2019-09-26 10:03:39,370 INFO  logging.LoggingHandler (AbstractInternalLogger.java:log(150)) - [id: 0x98fa128d, L:0.0.0.0/0.0.0.0:42528] READ COMPLETE
2019-09-26 10:03:39,370 INFO  logging.LoggingHandler (AbstractInternalLogger.java:log(150)) - [id: 0x404738b4, L:/0.0.0.0:37394] READ COMPLETE
2019-09-26 10:03:39,371 INFO  logging.LoggingHandler (AbstractInternalLogger.java:log(150)) - [id: 0x98fa128d, L:0.0.0.0/0.0.0.0:42528] READ: [id: 0xda9cf01b, L:/192.168.30.59:42528 - R:/192.168.30.59:57874]
2019-09-26 10:03:39,370 INFO  logging.LoggingHandler (AbstractInternalLogger.java:log(150)) - [id: 0xa287243a, L:/0.0.0.0:41916] READ COMPLETE
2019-09-26 10:03:39,371 INFO  logging.LoggingHandler (AbstractInternalLogger.java:log(150)) - [id: 0x98fa128d, L:0.0.0.0/0.0.0.0:42528] READ COMPLETE
2019-09-26 10:03:39,371 INFO  logging.LoggingHandler (AbstractInternalLogger.java:log(150)) - [id: 0x404738b4, L:/0.0.0.0:37394] READ: [id: 0x44310e0d, L:/192.168.30.59:37394 - R:/192.168.30.59:35404]
2019-09-26 10:03:39,371 INFO  logging.LoggingHandler (AbstractInternalLogger.java:log(150)) - [id: 0x98fa128d, L:0.0.0.0/0.0.0.0:42528] READ: [id: 0x9cf43347, L:/192.168.30.59:42528 - R:/192.168.30.59:57878]
2019-09-26 10:03:39,371 INFO  logging.LoggingHandler (AbstractInternalLogger.java:log(150)) - [id: 0xa287243a, L:/0.0.0.0:41916] READ: [id: 0xd6a87950, L:/192.168.30.59:41916 - R:/192.168.30.59:52520]
2019-09-26 10:03:39,371 INFO  logging.LoggingHandler (AbstractInternalLogger.java:log(150)) - [id: 0x98fa128d, L:0.0.0.0/0.0.0.0:42528] READ COMPLETE
2019-09-26 10:03:39,371 INFO  logging.LoggingHandler (AbstractInternalLogger.java:log(150)) - [id: 0x404738b4, L:/0.0.0.0:37394] READ COMPLETE
2019-09-26 10:03:39,372 INFO  logging.LoggingHandler (AbstractInternalLogger.java:log(150)) - [id: 0x98fa128d, L:0.0.0.0/0.0.0.0:42528] READ: [id: 0xadeb6297, L:/192.168.30.59:42528 - R:/192.168.30.59:57882]
2019-09-26 10:03:39,371 INFO  logging.LoggingHandler (AbstractInternalLogger.java:log(150)) - [id: 0xa287243a, L:/0.0.0.0:41916] READ COMPLETE
2019-09-26 10:03:39,372 INFO  logging.LoggingHandler (AbstractInternalLogger.java:log(150)) - [id: 0x98fa128d, L:0.0.0.0/0.0.0.0:42528] READ COMPLETE
2019-09-26 10:03:39,372 INFO  logging.LoggingHandler (AbstractInternalLogger.java:log(150)) - [id: 0x404738b4, L:/0.0.0.0:37394] READ: [id: 0x060acca5, L:/192.168.30.59:37394 - R:/192.168.30.59:35408]
2019-09-26 10:03:39,372 INFO  logging.LoggingHandler (AbstractInternalLogger.java:log(150)) - [id: 0x98fa128d, L:0.0.0.0/0.0.0.0:42528] READ: [id: 0xc5d18194, L:/192.168.30.59:42528 - R:/192.168.30.59:57888]
2019-09-26 10:03:39,372 INFO  logging.LoggingHandler (AbstractInternalLogger.java:log(150)) - [id: 0xa287243a, L:/0.0.0.0:41916] READ: [id: 0xaa248277, L:/192.168.30.59:41916 - R:/192.168.30.59:52522]
2019-09-26 10:03:39,372 INFO  logging.LoggingHandler (AbstractInternalLogger.java:log(150)) - [id: 0x98fa128d, L:0.0.0.0/0.0.0.0:42528] READ COMPLETE
2019-09-26 10:03:39,372 INFO  logging.LoggingHandler (AbstractInternalLogger.java:log(150)) - [id: 0x404738b4, L:/0.0.0.0:37394] READ COMPLETE
2019-09-26 10:03:39,373 INFO  logging.LoggingHandler (AbstractInternalLogger.java:log(150)) - [id: 0xa287243a, L:/0.0.0.0:41916] READ COMPLETE
2019-09-26 10:03:39,373 INFO  logging.LoggingHandler (AbstractInternalLogger.java:log(150)) - [id: 0x404738b4, L:/0.0.0.0:37394] READ: [id: 0x0a2a2ca2, L:/192.168.30.59:37394 - R:/192.168.30.59:35410]
2019-09-26 10:03:39,373 INFO  logging.LoggingHandler (AbstractInternalLogger.java:log(150)) - [id: 0xa287243a, L:/0.0.0.0:41916] READ: [id: 0xd490461d, L:/192.168.30.59:41916 - R:/192.168.30.59:52526]
2019-09-26 10:03:39,373 INFO  logging.LoggingHandler (AbstractInternalLogger.java:log(150)) - [id: 0x404738b4, L:/0.0.0.0:37394] READ COMPLETE
2019-09-26 10:03:39,373 INFO  logging.LoggingHandler (AbstractInternalLogger.java:log(150)) - [id: 0xa287243a, L:/0.0.0.0:41916] READ COMPLETE
2019-09-26 10:03:39,373 INFO  logging.LoggingHandler (AbstractInternalLogger.java:log(150)) - [id: 0x404738b4, L:/0.0.0.0:37394] READ: [id: 0xc69bfd3c, L:/192.168.30.59:37394 - R:/192.168.30.59:35416]
2019-09-26 10:03:39,374 INFO  logging.LoggingHandler (AbstractInternalLogger.java:log(150)) - [id: 0xa287243a, L:/0.0.0.0:41916] READ: [id: 0xcb967e5f, L:/192.168.30.59:41916 - R:/192.168.30.59:52528]
2019-09-26 10:03:39,374 INFO  logging.LoggingHandler (AbstractInternalLogger.java:log(150)) - [id: 0x404738b4, L:/0.0.0.0:37394] READ COMPLETE
2019-09-26 10:03:39,374 INFO  logging.LoggingHandler (AbstractInternalLogger.java:log(150)) - [id: 0xa287243a, L:/0.0.0.0:41916] READ COMPLETE
2019-09-26 10:03:39,374 INFO  logging.LoggingHandler (AbstractInternalLogger.java:log(150)) - [id: 0x404738b4, L:/0.0.0.0:37394] READ: [id: 0xf4c6bdf9, L:/192.168.30.59:37394 - R:/192.168.30.59:35422]
2019-09-26 10:03:39,374 INFO  logging.LoggingHandler (AbstractInternalLogger.java:log(150)) - [id: 0x98fa128d, L:0.0.0.0/0.0.0.0:42528] READ: [id: 0x77e7b9c1, L:/192.168.30.59:42528 - R:/192.168.30.59:57900]
2019-09-26 10:03:39,374 INFO  logging.LoggingHandler (AbstractInternalLogger.java:log(150)) - [id: 0xa287243a, L:/0.0.0.0:41916] READ: [id: 0x09ff5fef, L:/192.168.30.59:41916 - R:/192.168.30.59:52530]
2019-09-26 10:03:39,374 INFO  logging.LoggingHandler (AbstractInternalLogger.java:log(150)) - [id: 0x98fa128d, L:0.0.0.0/0.0.0.0:42528] READ COMPLETE
2019-09-26 10:03:39,374 INFO  logging.LoggingHandler (AbstractInternalLogger.java:log(150)) - [id: 0x404738b4, L:/0.0.0.0:37394] READ COMPLETE
2019-09-26 10:03:39,375 INFO  logging.LoggingHandler (AbstractInternalLogger.java:log(150)) - [id: 0x98fa128d, L:0.0.0.0/0.0.0.0:42528] READ: [id: 0xd4108857, L:/192.168.30.59:42528 - R:/192.168.30.59:57904]
2019-09-26 10:03:39,374 INFO  logging.LoggingHandler (AbstractInternalLogger.java:log(150)) - [id: 0xa287243a, L:/0.0.0.0:41916] READ COMPLETE
2019-09-26 10:03:39,375 INFO  logging.LoggingHandler (AbstractInternalLogger.java:log(150)) - [id: 0x98fa128d, L:0.0.0.0/0.0.0.0:42528] READ COMPLETE
2019-09-26 10:03:39,375 INFO  logging.LoggingHandler (AbstractInternalLogger.java:log(150)) - [id: 0x404738b4, L:/0.0.0.0:37394] READ: [id: 0x8364ef86, L:/192.168.30.59:37394 - R:/192.168.30.59:35436]
2019-09-26 10:03:39,375 INFO  logging.LoggingHandler (AbstractInternalLogger.java:log(150)) - [id: 0xa287243a, L:/0.0.0.0:41916] READ: [id: 0xe64d13b3, L:/192.168.30.59:41916 - R:/192.168.30.59:52536]
2019-09-26 10:03:39,375 INFO  logging.LoggingHandler (AbstractInternalLogger.java:log(150)) - [id: 0x98fa128d, L:0.0.0.0/0.0.0.0:42528] READ: [id: 0xa24f5701, L:/192.168.30.59:42528 - R:/192.168.30.59:57912]
2019-09-26 10:03:39,375 INFO  logging.LoggingHandler (AbstractInternalLogger.java:log(150)) - [id: 0x404738b4, L:/0.0.0.0:37394] READ COMPLETE
2019-09-26 10:03:39,376 INFO  logging.LoggingHandler (AbstractInternalLogger.java:log(150)) - [id: 0x98fa128d, L:0.0.0.0/0.0.0.0:42528] READ COMPLETE
2019-09-26 10:03:39,375 INFO  logging.LoggingHandler (AbstractInternalLogger.java:log(150)) - [id: 0xa287243a, L:/0.0.0.0:41916] READ COMPLETE
2019-09-26 10:03:39,376 INFO  logging.LoggingHandler (AbstractInternalLogger.java:log(150)) - [id: 0x404738b4, L:/0.0.0.0:37394] READ: [id: 0xbdaae224, L:/192.168.30.59:37394 - R:/192.168.30.59:35452]
2019-09-26 10:03:39,376 INFO  logging.LoggingHandler (AbstractInternalLogger.java:log(150)) - [id: 0xa287243a, L:/0.0.0.0:41916] READ: [id: 0xd6416d6c, L:/192.168.30.59:41916 - R:/192.168.30.59:52544]
2019-09-26 10:03:39,376 INFO  logging.LoggingHandler (AbstractInternalLogger.java:log(150)) - [id: 0x404738b4, L:/0.0.0.0:37394] READ COMPLETE
2019-09-26 10:03:39,376 INFO  logging.LoggingHandler (AbstractInternalLogger.java:log(150)) - [id: 0x98fa128d, L:0.0.0.0/0.0.0.0:42528] READ: [id: 0xc2c6acf8, L:/192.168.30.59:42528 - R:/192.168.30.59:57916]
2019-09-26 10:03:39,376 INFO  logging.LoggingHandler (AbstractInternalLogger.java:log(150)) - [id: 0xa287243a, L:/0.0.0.0:41916] READ COMPLETE
2019-09-26 10:03:39,377 INFO  logging.LoggingHandler (AbstractInternalLogger.java:log(150)) - [id: 0x98fa128d, L:0.0.0.0/0.0.0.0:42528] READ COMPLETE
2019-09-26 10:03:39,376 INFO  logging.LoggingHandler (AbstractInternalLogger.java:log(150)) - [id: 0x404738b4, L:/0.0.0.0:37394] READ: [id: 0xfcde54de, L:/192.168.30.59:37394 - R:/192.168.30.59:35458]
2019-09-26 10:03:39,377 INFO  logging.LoggingHandler (AbstractInternalLogger.java:log(150)) - [id: 0x98fa128d, L:0.0.0.0/0.0.0.0:42528] READ: [id: 0x0e0ebbfa, L:/192.168.30.59:42528 - R:/192.168.30.59:57918]
2019-09-26 10:03:39,377 INFO  logging.LoggingHandler (AbstractInternalLogger.java:log(150)) - [id: 0xa287243a, L:/0.0.0.0:41916] READ: [id: 0x69ddf4d7, L:/192.168.30.59:41916 - R:/192.168.30.59:52548]
2019-09-26 10:03:39,377 INFO  logging.LoggingHandler (AbstractInternalLogger.java:log(150)) - [id: 0x98fa128d, L:0.0.0.0/0.0.0.0:42528] READ COMPLETE
2019-09-26 10:03:39,377 INFO  logging.LoggingHandler (AbstractInternalLogger.java:log(150)) - [id: 0x404738b4, L:/0.0.0.0:37394] READ COMPLETE
2019-09-26 10:03:39,377 INFO  logging.LoggingHandler (AbstractInternalLogger.java:log(150)) - [id: 0x98fa128d, L:0.0.0.0/0.0.0.0:42528] READ: [id: 0x62f4df5f, L:/192.168.30.59:42528 - R:/192.168.30.59:57922]
2019-09-26 10:03:39,377 INFO  logging.LoggingHandler (AbstractInternalLogger.java:log(150)) - [id: 0xa287243a, L:/0.0.0.0:41916] READ COMPLETE
2019-09-26 10:03:39,378 INFO  logging.LoggingHandler (AbstractInternalLogger.java:log(150)) - [id: 0x98fa128d, L:0.0.0.0/0.0.0.0:42528] READ COMPLETE
2019-09-26 10:03:39,378 INFO  logging.LoggingHandler (AbstractInternalLogger.java:log(150)) - [id: 0x404738b4, L:/0.0.0.0:37394] READ: [id: 0x6cc82a7d, L:/192.168.30.59:37394 - R:/192.168.30.59:35460]
2019-09-26 10:03:39,378 INFO  logging.LoggingHandler (AbstractInternalLogger.java:log(150)) - [id: 0x98fa128d, L:0.0.0.0/0.0.0.0:42528] READ: [id: 0x958dac86, L:/192.168.30.59:42528 - R:/192.168.30.59:57928]
2019-09-26 10:03:39,378 INFO  logging.LoggingHandler (AbstractInternalLogger.java:log(150)) - [id: 0xa287243a, L:/0.0.0.0:41916] READ: [id: 0xb326224a, L:/192.168.30.59:41916 - R:/192.168.30.59:52552]
2019-09-26 10:03:39,378 INFO  logging.LoggingHandler (AbstractInternalLogger.java:log(150)) - [id: 0x98fa128d, L:0.0.0.0/0.0.0.0:42528] READ COMPLETE
2019-09-26 10:03:39,378 INFO  logging.LoggingHandler (AbstractInternalLogger.java:log(150)) - [id: 0x404738b4, L:/0.0.0.0:37394] READ COMPLETE
2019-09-26 10:03:39,378 INFO  logging.LoggingHandler (AbstractInternalLogger.java:log(150)) - [id: 0xa287243a, L:/0.0.0.0:41916] READ COMPLETE
2019-09-26 10:03:39,379 INFO  logging.LoggingHandler (AbstractInternalLogger.java:log(150)) - [id: 0x404738b4, L:/0.0.0.0:37394] READ: [id: 0x518f06af, L:/192.168.30.59:37394 - R:/192.168.30.59:35474]
2019-09-26 10:03:39,379 INFO  logging.LoggingHandler (AbstractInternalLogger.java:log(150)) - [id: 0xa287243a, L:/0.0.0.0:41916] READ: [id: 0x92a97a33, L:/192.168.30.59:41916 - R:/192.168.30.59:52560]
2019-09-26 10:03:39,379 INFO  logging.LoggingHandler (AbstractInternalLogger.java:log(150)) - [id: 0x404738b4, L:/0.0.0.0:37394] READ COMPLETE
2019-09-26 10:03:39,379 INFO  logging.LoggingHandler (AbstractInternalLogger.java:log(150)) - [id: 0xa287243a, L:/0.0.0.0:41916] READ COMPLETE
2019-09-26 10:03:39,379 INFO  logging.LoggingHandler (AbstractInternalLogger.java:log(150)) - [id: 0x98fa128d, L:0.0.0.0/0.0.0.0:42528] READ: [id: 0x71fe58c9, L:/192.168.30.59:42528 - R:/192.168.30.59:57936]
2019-09-26 10:03:39,379 INFO  logging.LoggingHandler (AbstractInternalLogger.java:log(150)) - [id: 0xa287243a, L:/0.0.0.0:41916] READ: [id: 0xbc48b877, L:/192.168.30.59:41916 - R:/192.168.30.59:52562]
2019-09-26 10:03:39,379 INFO  logging.LoggingHandler (AbstractInternalLogger.java:log(150)) - [id: 0x404738b4, L:/0.0.0.0:37394] READ: [id: 0xf7f8e284, L:/192.168.30.59:37394 - R:/192.168.30.59:35478]
2019-09-26 10:03:39,380 INFO  logging.LoggingHandler (AbstractInternalLogger.java:log(150)) - [id: 0xa287243a, L:/0.0.0.0:41916] READ COMPLETE
2019-09-26 10:03:39,379 INFO  logging.LoggingHandler (AbstractInternalLogger.java:log(150)) - [id: 0x98fa128d, L:0.0.0.0/0.0.0.0:42528] READ COMPLETE
2019-09-26 10:03:39,380 INFO  logging.LoggingHandler (AbstractInternalLogger.java:log(150)) - [id: 0xa287243a, L:/0.0.0.0:41916] READ: [id: 0x0065dbc6, L:/192.168.30.59:41916 - R:/192.168.30.59:52570]
2019-09-26 10:03:39,380 INFO  logging.LoggingHandler (AbstractInternalLogger.java:log(150)) - [id: 0x404738b4, L:/0.0.0.0:37394] READ COMPLETE
2019-09-26 10:03:39,380 INFO  logging.LoggingHandler (AbstractInternalLogger.java:log(150)) - [id: 0xa287243a, L:/0.0.0.0:41916] READ COMPLETE
2019-09-26 10:03:39,380 INFO  logging.LoggingHandler (AbstractInternalLogger.java:log(150)) - [id: 0x404738b4, L:/0.0.0.0:37394] READ: [id: 0x8a4b65eb, L:/192.168.30.59:37394 - R:/192.168.30.59:35484]
2019-09-26 10:03:39,380 INFO  logging.LoggingHandler (AbstractInternalLogger.java:log(150)) - [id: 0xa287243a, L:/0.0.0.0:41916] READ: [id: 0x2eaf8270, L:/192.168.30.59:41916 - R:/192.168.30.59:52576]
2019-09-26 10:03:39,381 INFO  logging.LoggingHandler (AbstractInternalLogger.java:log(150)) - [id: 0x98fa128d, L:0.0.0.0/0.0.0.0:42528] READ: [id: 0x505df0e4, L:/192.168.30.59:42528 - R:/192.168.30.59:57948]
2019-09-26 10:03:39,381 INFO  logging.LoggingHandler (AbstractInternalLogger.java:log(150)) - [id: 0x404738b4, L:/0.0.0.0:37394] READ COMPLETE
2019-09-26 10:03:39,381 INFO  logging.LoggingHandler (AbstractInternalLogger.java:log(150)) - [id: 0x98fa128d, L:0.0.0.0/0.0.0.0:42528] READ COMPLETE
2019-09-26 10:03:39,381 INFO  logging.LoggingHandler (AbstractInternalLogger.java:log(150)) - [id: 0xa287243a, L:/0.0.0.0:41916] READ COMPLETE
2019-09-26 10:03:39,381 INFO  logging.LoggingHandler (AbstractInternalLogger.java:log(150)) - [id: 0x404738b4, L:/0.0.0.0:37394] READ: [id: 0xf4c1d748, L:/192.168.30.59:37394 - R:/192.168.30.59:35486]
2019-09-26 10:03:39,381 INFO  logging.LoggingHandler (AbstractInternalLogger.java:log(150)) - [id: 0xa287243a, L:/0.0.0.0:41916] READ: [id: 0x72b25979, L:/192.168.30.59:41916 - R:/192.168.30.59:52582]
2019-09-26 10:03:39,381 INFO  logging.LoggingHandler (AbstractInternalLogger.java:log(150)) - [id: 0x404738b4, L:/0.0.0.0:37394] READ COMPLETE
2019-09-26 10:03:39,381 INFO  logging.LoggingHandler (AbstractInternalLogger.java:log(150)) - [id: 0xa287243a, L:/0.0.0.0:41916] READ COMPLETE
2019-09-26 10:03:39,382 INFO  logging.LoggingHandler (AbstractInternalLogger.java:log(150)) - [id: 0x98fa128d, L:0.0.0.0/0.0.0.0:42528] READ: [id: 0x4a6c72b2, L:/192.168.30.59:42528 - R:/192.168.30.59:57958]
2019-09-26 10:03:39,382 INFO  logging.LoggingHandler (AbstractInternalLogger.java:log(150)) - [id: 0xa287243a, L:/0.0.0.0:41916] READ: [id: 0xa1f5d02a, L:/192.168.30.59:41916 - R:/192.168.30.59:52588]
2019-09-26 10:03:39,382 INFO  logging.LoggingHandler (AbstractInternalLogger.java:log(150)) - [id: 0x404738b4, L:/0.0.0.0:37394] READ: [id: 0xa68607c9, L:/192.168.30.59:37394 - R:/192.168.30.59:35494]
2019-09-26 10:03:39,382 INFO  logging.LoggingHandler (AbstractInternalLogger.java:log(150)) - [id: 0xa287243a, L:/0.0.0.0:41916] READ COMPLETE
2019-09-26 10:03:39,382 INFO  logging.LoggingHandler (AbstractInternalLogger.java:log(150)) - [id: 0x98fa128d, L:0.0.0.0/0.0.0.0:42528] READ COMPLETE
2019-09-26 10:03:39,382 INFO  logging.LoggingHandler (AbstractInternalLogger.java:log(150)) - [id: 0xa287243a, L:/0.0.0.0:41916] READ: [id: 0x7b35b4ec, L:/192.168.30.59:41916 - R:/192.168.30.59:52592]
2019-09-26 10:03:39,382 INFO  logging.LoggingHandler (AbstractInternalLogger.java:log(150)) - [id: 0x404738b4, L:/0.0.0.0:37394] READ COMPLETE
2019-09-26 10:03:39,383 INFO  logging.LoggingHandler (AbstractInternalLogger.java:log(150)) - [id: 0xa287243a, L:/0.0.0.0:41916] READ COMPLETE
2019-09-26 10:03:39,383 INFO  logging.LoggingHandler (AbstractInternalLogger.java:log(150)) - [id: 0x98fa128d, L:0.0.0.0/0.0.0.0:42528] READ: [id: 0xe1e4f170, L:/192.168.30.59:42528 - R:/192.168.30.59:57960]
2019-09-26 10:03:39,383 INFO  logging.LoggingHandler (AbstractInternalLogger.java:log(150)) - [id: 0xa287243a, L:/0.0.0.0:41916] READ: [id: 0xc6dc65dd, L:/192.168.30.59:41916 - R:/192.168.30.59:52606]
2019-09-26 10:03:39,383 INFO  logging.LoggingHandler (AbstractInternalLogger.java:log(150)) - [id: 0x404738b4, L:/0.0.0.0:37394] READ: [id: 0x56e0bed8, L:/192.168.30.59:37394 - R:/192.168.30.59:35498]
2019-09-26 10:03:39,383 INFO  logging.LoggingHandler (AbstractInternalLogger.java:log(150)) - [id: 0xa287243a, L:/0.0.0.0:41916] READ COMPLETE
2019-09-26 10:03:39,383 INFO  logging.LoggingHandler (AbstractInternalLogger.java:log(150)) - [id: 0x98fa128d, L:0.0.0.0/0.0.0.0:42528] READ COMPLETE
2019-09-26 10:03:39,383 INFO  logging.LoggingHandler (AbstractInternalLogger.java:log(150)) - [id: 0xa287243a, L:/0.0.0.0:41916] READ: [id: 0x649beef1, L:/192.168.30.59:41916 - R:/192.168.30.59:52610]
2019-09-26 10:03:39,383 INFO  logging.LoggingHandler (AbstractInternalLogger.java:log(150)) - [id: 0x404738b4, L:/0.0.0.0:37394] READ COMPLETE
2019-09-26 10:03:39,384 INFO  logging.LoggingHandler (AbstractInternalLogger.java:log(150)) - [id: 0xa287243a, L:/0.0.0.0:41916] READ COMPLETE
2019-09-26 10:03:39,384 INFO  logging.LoggingHandler (AbstractInternalLogger.java:log(150)) - [id: 0x404738b4, L:/0.0.0.0:37394] READ: [id: 0xe4d9b343, L:/192.168.30.59:37394 - R:/192.168.30.59:35514]
2019-09-26 10:03:39,384 INFO  logging.LoggingHandler (AbstractInternalLogger.java:log(150)) - [id: 0x98fa128d, L:0.0.0.0/0.0.0.0:42528] READ: [id: 0xc67eee09, L:/192.168.30.59:42528 - R:/192.168.30.59:57966]
2019-09-26 10:03:39,384 INFO  logging.LoggingHandler (AbstractInternalLogger.java:log(150)) - [id: 0x404738b4, L:/0.0.0.0:37394] READ COMPLETE
2019-09-26 10:03:39,384 INFO  logging.LoggingHandler (AbstractInternalLogger.java:log(150)) - [id: 0xa287243a, L:/0.0.0.0:41916] READ: [id: 0xb2684675, L:/192.168.30.59:41916 - R:/192.168.30.59:52614]
2019-09-26 10:03:39,384 INFO  logging.LoggingHandler (AbstractInternalLogger.java:log(150)) - [id: 0x404738b4, L:/0.0.0.0:37394] READ: [id: 0x01006268, L:/192.168.30.59:37394 - R:/192.168.30.59:35518]
2019-09-26 10:03:39,384 INFO  logging.LoggingHandler (AbstractInternalLogger.java:log(150)) - [id: 0x98fa128d, L:0.0.0.0/0.0.0.0:42528] READ COMPLETE
2019-09-26 10:03:39,385 INFO  logging.LoggingHandler (AbstractInternalLogger.java:log(150)) - [id: 0x404738b4, L:/0.0.0.0:37394] READ COMPLETE
2019-09-26 10:03:39,384 INFO  logging.LoggingHandler (AbstractInternalLogger.java:log(150)) - [id: 0xa287243a, L:/0.0.0.0:41916] READ COMPLETE
2019-09-26 10:03:39,385 INFO  logging.LoggingHandler (AbstractInternalLogger.java:log(150)) - [id: 0x404738b4, L:/0.0.0.0:37394] READ: [id: 0x1e7d0841, L:/192.168.30.59:37394 - R:/192.168.30.59:35520]
2019-09-26 10:03:39,385 INFO  logging.LoggingHandler (AbstractInternalLogger.java:log(150)) - [id: 0x98fa128d, L:0.0.0.0/0.0.0.0:42528] READ: [id: 0x7ebfde5e, L:/192.168.30.59:42528 - R:/192.168.30.59:57970]
2019-09-26 10:03:39,385 INFO  logging.LoggingHandler (AbstractInternalLogger.java:log(150)) - [id: 0x404738b4, L:/0.0.0.0:37394] READ COMPLETE
2019-09-26 10:03:39,385 INFO  logging.LoggingHandler (AbstractInternalLogger.java:log(150)) - [id: 0xa287243a, L:/0.0.0.0:41916] READ: [id: 0xef89d0f4, L:/192.168.30.59:41916 - R:/192.168.30.59:52618]
2019-09-26 10:03:39,386 INFO  logging.LoggingHandler (AbstractInternalLogger.java:log(150)) - [id: 0x404738b4, L:/0.0.0.0:37394] READ: [id: 0x5bc16906, L:/192.168.30.59:37394 - R:/192.168.30.59:35522]
2019-09-26 10:03:39,385 INFO  logging.LoggingHandler (AbstractInternalLogger.java:log(150)) - [id: 0x98fa128d, L:0.0.0.0/0.0.0.0:42528] READ COMPLETE
2019-09-26 10:03:39,386 INFO  logging.LoggingHandler (AbstractInternalLogger.java:log(150)) - [id: 0x404738b4, L:/0.0.0.0:37394] READ COMPLETE
2019-09-26 10:03:39,386 INFO  logging.LoggingHandler (AbstractInternalLogger.java:log(150)) - [id: 0xa287243a, L:/0.0.0.0:41916] READ COMPLETE
2019-09-26 10:03:39,386 INFO  logging.LoggingHandler (AbstractInternalLogger.java:log(150)) - [id: 0x404738b4, L:/0.0.0.0:37394] READ: [id: 0x5288a687, L:/192.168.30.59:37394 - R:/192.168.30.59:35528]
2019-09-26 10:03:39,386 INFO  logging.LoggingHandler (AbstractInternalLogger.java:log(150)) - [id: 0x98fa128d, L:0.0.0.0/0.0.0.0:42528] READ: [id: 0x449edbf1, L:/192.168.30.59:42528 - R:/192.168.30.59:57974]
2019-09-26 10:03:39,386 INFO  logging.LoggingHandler (AbstractInternalLogger.java:log(150)) - [id: 0x404738b4, L:/0.0.0.0:37394] READ COMPLETE
2019-09-26 10:03:39,386 INFO  logging.LoggingHandler (AbstractInternalLogger.java:log(150)) - [id: 0xa287243a, L:/0.0.0.0:41916] READ: [id: 0x58342113, L:/192.168.30.59:41916 - R:/192.168.30.59:52622]
2019-09-26 10:03:39,387 INFO  logging.LoggingHandler (AbstractInternalLogger.java:log(150)) - [id: 0x404738b4, L:/0.0.0.0:37394] READ: [id: 0x71808fc9, L:/192.168.30.59:37394 - R:/192.168.30.59:35532]
2019-09-26 10:03:39,386 INFO  logging.LoggingHandler (AbstractInternalLogger.java:log(150)) - [id: 0x98fa128d, L:0.0.0.0/0.0.0.0:42528] READ COMPLETE
2019-09-26 10:03:39,387 INFO  logging.LoggingHandler (AbstractInternalLogger.java:log(150)) - [id: 0x404738b4, L:/0.0.0.0:37394] READ COMPLETE
2019-09-26 10:03:39,387 INFO  logging.LoggingHandler (AbstractInternalLogger.java:log(150)) - [id: 0xa287243a, L:/0.0.0.0:41916] READ COMPLETE
2019-09-26 10:03:39,387 INFO  logging.LoggingHandler (AbstractInternalLogger.java:log(150)) - [id: 0x404738b4, L:/0.0.0.0:37394] READ: [id: 0x1421c6f5, L:/192.168.30.59:37394 - R:/192.168.30.59:35540]
2019-09-26 10:03:39,387 INFO  logging.LoggingHandler (AbstractInternalLogger.java:log(150)) - [id: 0x98fa128d, L:0.0.0.0/0.0.0.0:42528] READ: [id: 0xb1fe6f64, L:/192.168.30.59:42528 - R:/192.168.30.59:57976]
2019-09-26 10:03:39,387 INFO  logging.LoggingHandler (AbstractInternalLogger.java:log(150)) - [id: 0x404738b4, L:/0.0.0.0:37394] READ COMPLETE
2019-09-26 10:03:39,387 INFO  logging.LoggingHandler (AbstractInternalLogger.java:log(150)) - [id: 0xa287243a, L:/0.0.0.0:41916] READ: [id: 0xd8c4538a, L:/192.168.30.59:41916 - R:/192.168.30.59:52632]
2019-09-26 10:03:39,388 INFO  logging.LoggingHandler (AbstractInternalLogger.java:log(150)) - [id: 0x404738b4, L:/0.0.0.0:37394] READ: [id: 0xc5f22453, L:/192.168.30.59:37394 - R:/192.168.30.59:35544]
2019-09-26 10:03:39,388 INFO  logging.LoggingHandler (AbstractInternalLogger.java:log(150)) - [id: 0x98fa128d, L:0.0.0.0/0.0.0.0:42528] READ COMPLETE
2019-09-26 10:03:39,388 INFO  logging.LoggingHandler (AbstractInternalLogger.java:log(150)) - [id: 0x404738b4, L:/0.0.0.0:37394] READ COMPLETE
2019-09-26 10:03:39,388 INFO  logging.LoggingHandler (AbstractInternalLogger.java:log(150)) - [id: 0xa287243a, L:/0.0.0.0:41916] READ COMPLETE
2019-09-26 10:03:39,388 INFO  logging.LoggingHandler (AbstractInternalLogger.java:log(150)) - [id: 0x404738b4, L:/0.0.0.0:37394] READ: [id: 0x79937425, L:/192.168.30.59:37394 - R:/192.168.30.59:35550]
2019-09-26 10:03:39,388 INFO  logging.LoggingHandler (AbstractInternalLogger.java:log(150)) - [id: 0x98fa128d, L:0.0.0.0/0.0.0.0:42528] READ: [id: 0x3ded7d82, L:/192.168.30.59:42528 - R:/192.168.30.59:57978]
2019-09-26 10:03:39,389 INFO  logging.LoggingHandler (AbstractInternalLogger.java:log(150)) - [id: 0x404738b4, L:/0.0.0.0:37394] READ COMPLETE
2019-09-26 10:03:39,389 INFO  logging.LoggingHandler (AbstractInternalLogger.java:log(150)) - [id: 0xa287243a, L:/0.0.0.0:41916] READ: [id: 0x6246560e, L:/192.168.30.59:41916 - R:/192.168.30.59:52636]
2019-09-26 10:03:39,389 INFO  logging.LoggingHandler (AbstractInternalLogger.java:log(150)) - [id: 0x404738b4, L:/0.0.0.0:37394] READ: [id: 0x3d496a36, L:/192.168.30.59:37394 - R:/192.168.30.59:35560]
2019-09-26 10:03:39,389 INFO  logging.LoggingHandler (AbstractInternalLogger.java:log(150)) - [id: 0x98fa128d, L:0.0.0.0/0.0.0.0:42528] READ COMPLETE
2019-09-26 10:03:39,389 INFO  logging.LoggingHandler (AbstractInternalLogger.java:log(150)) - [id: 0x404738b4, L:/0.0.0.0:37394] READ COMPLETE
2019-09-26 10:03:39,389 INFO  logging.LoggingHandler (AbstractInternalLogger.java:log(150)) - [id: 0xa287243a, L:/0.0.0.0:41916] READ COMPLETE
2019-09-26 10:03:39,389 INFO  logging.LoggingHandler (AbstractInternalLogger.java:log(150)) - [id: 0x404738b4, L:/0.0.0.0:37394] READ: [id: 0xebc157aa, L:/192.168.30.59:37394 - R:/192.168.30.59:35570]
2019-09-26 10:03:39,389 INFO  logging.LoggingHandler (AbstractInternalLogger.java:log(150)) - [id: 0x98fa128d, L:0.0.0.0/0.0.0.0:42528] READ: [id: 0xb3df1ea7, L:/192.168.30.59:42528 - R:/192.168.30.59:57986]
2019-09-26 10:03:39,390 INFO  logging.LoggingHandler (AbstractInternalLogger.java:log(150)) - [id: 0x404738b4, L:/0.0.0.0:37394] READ COMPLETE
2019-09-26 10:03:39,389 INFO  logging.LoggingHandler (AbstractInternalLogger.java:log(150)) - [id: 0xa287243a, L:/0.0.0.0:41916] READ: [id: 0xb37607bc, L:/192.168.30.59:41916 - R:/192.168.30.59:52648]
2019-09-26 10:03:39,390 INFO  logging.LoggingHandler (AbstractInternalLogger.java:log(150)) - [id: 0x404738b4, L:/0.0.0.0:37394] READ: [id: 0x7e457b19, L:/192.168.30.59:37394 - R:/192.168.30.59:35572]
2019-09-26 10:03:39,390 INFO  logging.LoggingHandler (AbstractInternalLogger.java:log(150)) - [id: 0x98fa128d, L:0.0.0.0/0.0.0.0:42528] READ COMPLETE
2019-09-26 10:03:39,390 INFO  logging.LoggingHandler (AbstractInternalLogger.java:log(150)) - [id: 0x404738b4, L:/0.0.0.0:37394] READ COMPLETE
2019-09-26 10:03:39,390 INFO  logging.LoggingHandler (AbstractInternalLogger.java:log(150)) - [id: 0xa287243a, L:/0.0.0.0:41916] READ COMPLETE
2019-09-26 10:03:39,390 INFO  logging.LoggingHandler (AbstractInternalLogger.java:log(150)) - [id: 0x404738b4, L:/0.0.0.0:37394] READ: [id: 0x2628fd7b, L:/192.168.30.59:37394 - R:/192.168.30.59:35576]
2019-09-26 10:03:39,390 INFO  logging.LoggingHandler (AbstractInternalLogger.java:log(150)) - [id: 0x98fa128d, L:0.0.0.0/0.0.0.0:42528] READ: [id: 0x79d59124, L:/192.168.30.59:42528 - R:/192.168.30.59:57992]
2019-09-26 10:03:39,391 INFO  logging.LoggingHandler (AbstractInternalLogger.java:log(150)) - [id: 0x404738b4, L:/0.0.0.0:37394] READ COMPLETE
2019-09-26 10:03:39,391 INFO  logging.LoggingHandler (AbstractInternalLogger.java:log(150)) - [id: 0xa287243a, L:/0.0.0.0:41916] READ: [id: 0x0797c669, L:/192.168.30.59:41916 - R:/192.168.30.59:52658]
2019-09-26 10:03:39,391 INFO  logging.LoggingHandler (AbstractInternalLogger.java:log(150)) - [id: 0x98fa128d, L:0.0.0.0/0.0.0.0:42528] READ COMPLETE
2019-09-26 10:03:39,391 INFO  logging.LoggingHandler (AbstractInternalLogger.java:log(150)) - [id: 0xa287243a, L:/0.0.0.0:41916] READ COMPLETE
2019-09-26 10:03:39,391 INFO  logging.LoggingHandler (AbstractInternalLogger.java:log(150)) - [id: 0x404738b4, L:/0.0.0.0:37394] READ: [id: 0xd062f420, L:/192.168.30.59:37394 - R:/192.168.30.59:35586]
2019-09-26 10:03:39,391 INFO  logging.LoggingHandler (AbstractInternalLogger.java:log(150)) - [id: 0xa287243a, L:/0.0.0.0:41916] READ: [id: 0x484419a0, L:/192.168.30.59:41916 - R:/192.168.30.59:52662]
2019-09-26 10:03:39,391 INFO  logging.LoggingHandler (AbstractInternalLogger.java:log(150)) - [id: 0x98fa128d, L:0.0.0.0/0.0.0.0:42528] READ: [id: 0x54acb217, L:/192.168.30.59:42528 - R:/192.168.30.59:58000]
2019-09-26 10:03:39,392 INFO  logging.LoggingHandler (AbstractInternalLogger.java:log(150)) - [id: 0xa287243a, L:/0.0.0.0:41916] READ COMPLETE
2019-09-26 10:03:39,391 INFO  logging.LoggingHandler (AbstractInternalLogger.java:log(150)) - [id: 0x404738b4, L:/0.0.0.0:37394] READ COMPLETE
2019-09-26 10:03:39,392 INFO  logging.LoggingHandler (AbstractInternalLogger.java:log(150)) - [id: 0xa287243a, L:/0.0.0.0:41916] READ: [id: 0xdc0b1e2a, L:/192.168.30.59:41916 - R:/192.168.30.59:52664]
2019-09-26 10:03:39,392 INFO  logging.LoggingHandler (AbstractInternalLogger.java:log(150)) - [id: 0x98fa128d, L:0.0.0.0/0.0.0.0:42528] READ COMPLETE
2019-09-26 10:03:39,392 INFO  logging.LoggingHandler (AbstractInternalLogger.java:log(150)) - [id: 0xa287243a, L:/0.0.0.0:41916] READ COMPLETE
2019-09-26 10:03:39,392 INFO  logging.LoggingHandler (AbstractInternalLogger.java:log(150)) - [id: 0x404738b4, L:/0.0.0.0:37394] READ: [id: 0xf293150b, L:/192.168.30.59:37394 - R:/192.168.30.59:35596]
2019-09-26 10:03:39,393 INFO  logging.LoggingHandler (AbstractInternalLogger.java:log(150)) - [id: 0xa287243a, L:/0.0.0.0:41916] READ: [id: 0xd7b09d99, L:/192.168.30.59:41916 - R:/192.168.30.59:52670]
2019-09-26 10:03:39,392 INFO  logging.LoggingHandler (AbstractInternalLogger.java:log(150)) - [id: 0x98fa128d, L:0.0.0.0/0.0.0.0:42528] READ: [id: 0xd56cf1b5, L:/192.168.30.59:42528 - R:/192.168.30.59:58012]
2019-09-26 10:03:39,393 INFO  logging.LoggingHandler (AbstractInternalLogger.java:log(150)) - [id: 0xa287243a, L:/0.0.0.0:41916] READ COMPLETE
2019-09-26 10:03:39,393 INFO  logging.LoggingHandler (AbstractInternalLogger.java:log(150)) - [id: 0x404738b4, L:/0.0.0.0:37394] READ COMPLETE
2019-09-26 10:03:39,393 INFO  logging.LoggingHandler (AbstractInternalLogger.java:log(150)) - [id: 0xa287243a, L:/0.0.0.0:41916] READ: [id: 0x7723104b, L:/192.168.30.59:41916 - R:/192.168.30.59:52674]
2019-09-26 10:03:39,393 INFO  logging.LoggingHandler (AbstractInternalLogger.java:log(150)) - [id: 0x98fa128d, L:0.0.0.0/0.0.0.0:42528] READ COMPLETE
2019-09-26 10:03:39,393 INFO  logging.LoggingHandler (AbstractInternalLogger.java:log(150)) - [id: 0xa287243a, L:/0.0.0.0:41916] READ COMPLETE
2019-09-26 10:03:39,393 INFO  logging.LoggingHandler (AbstractInternalLogger.java:log(150)) - [id: 0x404738b4, L:/0.0.0.0:37394] READ: [id: 0xc60375ab, L:/192.168.30.59:37394 - R:/192.168.30.59:35604]
2019-09-26 10:03:39,394 INFO  logging.LoggingHandler (AbstractInternalLogger.java:log(150)) - [id: 0xa287243a, L:/0.0.0.0:41916] READ: [id: 0x07d4cc60, L:/192.168.30.59:41916 - R:/192.168.30.59:52672]
2019-09-26 10:03:39,394 INFO  logging.LoggingHandler (AbstractInternalLogger.java:log(150)) - [id: 0x98fa128d, L:0.0.0.0/0.0.0.0:42528] READ: [id: 0x81e09f79, L:/192.168.30.59:42528 - R:/192.168.30.59:58018]
2019-09-26 10:03:39,394 INFO  logging.LoggingHandler (AbstractInternalLogger.java:log(150)) - [id: 0xa287243a, L:/0.0.0.0:41916] READ COMPLETE
2019-09-26 10:03:39,394 INFO  logging.LoggingHandler (AbstractInternalLogger.java:log(150)) - [id: 0x404738b4, L:/0.0.0.0:37394] READ COMPLETE
2019-09-26 10:03:39,394 INFO  logging.LoggingHandler (AbstractInternalLogger.java:log(150)) - [id: 0xa287243a, L:/0.0.0.0:41916] READ: [id: 0x5a720a9b, L:/192.168.30.59:41916 - R:/192.168.30.59:52678]
2019-09-26 10:03:39,394 INFO  logging.LoggingHandler (AbstractInternalLogger.java:log(150)) - [id: 0x98fa128d, L:0.0.0.0/0.0.0.0:42528] READ COMPLETE
2019-09-26 10:03:39,394 INFO  logging.LoggingHandler (AbstractInternalLogger.java:log(150)) - [id: 0xa287243a, L:/0.0.0.0:41916] READ COMPLETE
2019-09-26 10:03:39,395 INFO  logging.LoggingHandler (AbstractInternalLogger.java:log(150)) - [id: 0x98fa128d, L:0.0.0.0/0.0.0.0:42528] READ: [id: 0x5a63a45c, L:/192.168.30.59:42528 - R:/192.168.30.59:58024]
2019-09-26 10:03:39,394 INFO  logging.LoggingHandler (AbstractInternalLogger.java:log(150)) - [id: 0x404738b4, L:/0.0.0.0:37394] READ: [id: 0x116318ec, L:/192.168.30.59:37394 - R:/192.168.30.59:35610]
2019-09-26 10:03:39,395 INFO  logging.LoggingHandler (AbstractInternalLogger.java:log(150)) - [id: 0x98fa128d, L:0.0.0.0/0.0.0.0:42528] READ COMPLETE
2019-09-26 10:03:39,395 INFO  logging.LoggingHandler (AbstractInternalLogger.java:log(150)) - [id: 0xa287243a, L:/0.0.0.0:41916] READ: [id: 0xdeff5035, L:/192.168.30.59:41916 - R:/192.168.30.59:52682]
2019-09-26 10:03:39,395 INFO  logging.LoggingHandler (AbstractInternalLogger.java:log(150)) - [id: 0x98fa128d, L:0.0.0.0/0.0.0.0:42528] READ: [id: 0x1fa2433f, L:/192.168.30.59:42528 - R:/192.168.30.59:58026]
2019-09-26 10:03:39,395 INFO  logging.LoggingHandler (AbstractInternalLogger.java:log(150)) - [id: 0x404738b4, L:/0.0.0.0:37394] READ COMPLETE
2019-09-26 10:03:39,396 INFO  logging.LoggingHandler (AbstractInternalLogger.java:log(150)) - [id: 0x98fa128d, L:0.0.0.0/0.0.0.0:42528] READ COMPLETE
2019-09-26 10:03:39,395 INFO  logging.LoggingHandler (AbstractInternalLogger.java:log(150)) - [id: 0xa287243a, L:/0.0.0.0:41916] READ COMPLETE
2019-09-26 10:03:39,396 INFO  logging.LoggingHandler (AbstractInternalLogger.java:log(150)) - [id: 0x98fa128d, L:0.0.0.0/0.0.0.0:42528] READ: [id: 0x2be71203, L:/192.168.30.59:42528 - R:/192.168.30.59:58028]
2019-09-26 10:03:39,396 INFO  logging.LoggingHandler (AbstractInternalLogger.java:log(150)) - [id: 0x404738b4, L:/0.0.0.0:37394] READ: [id: 0x8a51ea6e, L:/192.168.30.59:37394 - R:/192.168.30.59:35620]
2019-09-26 10:03:39,396 INFO  logging.LoggingHandler (AbstractInternalLogger.java:log(150)) - [id: 0x98fa128d, L:0.0.0.0/0.0.0.0:42528] READ COMPLETE
2019-09-26 10:03:39,396 INFO  logging.LoggingHandler (AbstractInternalLogger.java:log(150)) - [id: 0xa287243a, L:/0.0.0.0:41916] READ: [id: 0x75053e36, L:/192.168.30.59:41916 - R:/192.168.30.59:52688]
2019-09-26 10:03:39,397 INFO  logging.LoggingHandler (AbstractInternalLogger.java:log(150)) - [id: 0x98fa128d, L:0.0.0.0/0.0.0.0:42528] READ: [id: 0xb8643de7, L:/192.168.30.59:42528 - R:/192.168.30.59:58034]
2019-09-26 10:03:39,396 INFO  logging.LoggingHandler (AbstractInternalLogger.java:log(150)) - [id: 0x404738b4, L:/0.0.0.0:37394] READ COMPLETE
2019-09-26 10:03:39,397 INFO  logging.LoggingHandler (AbstractInternalLogger.java:log(150)) - [id: 0x98fa128d, L:0.0.0.0/0.0.0.0:42528] READ COMPLETE
2019-09-26 10:03:39,397 INFO  logging.LoggingHandler (AbstractInternalLogger.java:log(150)) - [id: 0xa287243a, L:/0.0.0.0:41916] READ COMPLETE
2019-09-26 10:03:39,397 INFO  logging.LoggingHandler (AbstractInternalLogger.java:log(150)) - [id: 0x404738b4, L:/0.0.0.0:37394] READ: [id: 0xacfcab7f, L:/192.168.30.59:37394 - R:/192.168.30.59:35632]
2019-09-26 10:03:39,397 INFO  logging.LoggingHandler (AbstractInternalLogger.java:log(150)) - [id: 0xa287243a, L:/0.0.0.0:41916] READ: [id: 0x22dbd996, L:/192.168.30.59:41916 - R:/192.168.30.59:52698]
2019-09-26 10:03:39,397 INFO  logging.LoggingHandler (AbstractInternalLogger.java:log(150)) - [id: 0x98fa128d, L:0.0.0.0/0.0.0.0:42528] READ: [id: 0x87aaa0cb, L:/192.168.30.59:42528 - R:/192.168.30.59:58036]
2019-09-26 10:03:39,398 INFO  logging.LoggingHandler (AbstractInternalLogger.java:log(150)) - [id: 0xa287243a, L:/0.0.0.0:41916] READ COMPLETE
2019-09-26 10:03:39,397 INFO  logging.LoggingHandler (AbstractInternalLogger.java:log(150)) - [id: 0x404738b4, L:/0.0.0.0:37394] READ COMPLETE
2019-09-26 10:03:39,398 INFO  logging.LoggingHandler (AbstractInternalLogger.java:log(150)) - [id: 0xa287243a, L:/0.0.0.0:41916] READ: [id: 0xcc268a04, L:/192.168.30.59:41916 - R:/192.168.30.59:52706]
2019-09-26 10:03:39,398 INFO  logging.LoggingHandler (AbstractInternalLogger.java:log(150)) - [id: 0x98fa128d, L:0.0.0.0/0.0.0.0:42528] READ COMPLETE
2019-09-26 10:03:39,398 INFO  logging.LoggingHandler (AbstractInternalLogger.java:log(150)) - [id: 0xa287243a, L:/0.0.0.0:41916] READ COMPLETE
2019-09-26 10:03:39,398 INFO  logging.LoggingHandler (AbstractInternalLogger.java:log(150)) - [id: 0x98fa128d, L:0.0.0.0/0.0.0.0:42528] READ: [id: 0x2523b023, L:/192.168.30.59:42528 - R:/192.168.30.59:58040]
2019-09-26 10:03:39,398 INFO  logging.LoggingHandler (AbstractInternalLogger.java:log(150)) - [id: 0x404738b4, L:/0.0.0.0:37394] READ: [id: 0xfa8bca13, L:/192.168.30.59:37394 - R:/192.168.30.59:35634]
2019-09-26 10:03:39,399 INFO  logging.LoggingHandler (AbstractInternalLogger.java:log(150)) - [id: 0x98fa128d, L:0.0.0.0/0.0.0.0:42528] READ COMPLETE
2019-09-26 10:03:39,399 INFO  logging.LoggingHandler (AbstractInternalLogger.java:log(150)) - [id: 0xa287243a, L:/0.0.0.0:41916] READ: [id: 0x1cb9585c, L:/192.168.30.59:41916 - R:/192.168.30.59:52710]
2019-09-26 10:03:39,399 INFO  logging.LoggingHandler (AbstractInternalLogger.java:log(150)) - [id: 0x404738b4, L:/0.0.0.0:37394] READ COMPLETE
2019-09-26 10:03:39,399 INFO  logging.LoggingHandler (AbstractInternalLogger.java:log(150)) - [id: 0xa287243a, L:/0.0.0.0:41916] READ COMPLETE
2019-09-26 10:03:39,399 INFO  logging.LoggingHandler (AbstractInternalLogger.java:log(150)) - [id: 0x98fa128d, L:0.0.0.0/0.0.0.0:42528] READ: [id: 0x02973375, L:/192.168.30.59:42528 - R:/192.168.30.59:58048]
2019-09-26 10:03:39,399 INFO  logging.LoggingHandler (AbstractInternalLogger.java:log(150)) - [id: 0xa287243a, L:/0.0.0.0:41916] READ: [id: 0x121fd402, L:/192.168.30.59:41916 - R:/192.168.30.59:52722]
2019-09-26 10:03:39,399 INFO  logging.LoggingHandler (AbstractInternalLogger.java:log(150)) - [id: 0x404738b4, L:/0.0.0.0:37394] READ: [id: 0x127d3ad8, L:/192.168.30.59:37394 - R:/192.168.30.59:35656]
2019-09-26 10:03:39,400 INFO  logging.LoggingHandler (AbstractInternalLogger.java:log(150)) - [id: 0xa287243a, L:/0.0.0.0:41916] READ COMPLETE
2019-09-26 10:03:39,399 INFO  logging.LoggingHandler (AbstractInternalLogger.java:log(150)) - [id: 0x98fa128d, L:0.0.0.0/0.0.0.0:42528] READ COMPLETE
2019-09-26 10:03:39,400 INFO  logging.LoggingHandler (AbstractInternalLogger.java:log(150)) - [id: 0xa287243a, L:/0.0.0.0:41916] READ: [id: 0xce06a693, L:/192.168.30.59:41916 - R:/192.168.30.59:52728]
2019-09-26 10:03:39,400 INFO  logging.LoggingHandler (AbstractInternalLogger.java:log(150)) - [id: 0x404738b4, L:/0.0.0.0:37394] READ COMPLETE
2019-09-26 10:03:39,400 INFO  logging.LoggingHandler (AbstractInternalLogger.java:log(150)) - [id: 0xa287243a, L:/0.0.0.0:41916] READ COMPLETE
2019-09-26 10:03:39,400 INFO  logging.LoggingHandler (AbstractInternalLogger.java:log(150)) - [id: 0x98fa128d, L:0.0.0.0/0.0.0.0:42528] READ: [id: 0x39ad78d1, L:/192.168.30.59:42528 - R:/192.168.30.59:58050]
2019-09-26 10:03:39,400 INFO  logging.LoggingHandler (AbstractInternalLogger.java:log(150)) - [id: 0xa287243a, L:/0.0.0.0:41916] READ: [id: 0xee50922f, L:/192.168.30.59:41916 - R:/192.168.30.59:52732]
2019-09-26 10:03:39,400 INFO  logging.LoggingHandler (AbstractInternalLogger.java:log(150)) - [id: 0x404738b4, L:/0.0.0.0:37394] READ: [id: 0xc2e11f95, L:/192.168.30.59:37394 - R:/192.168.30.59:35660]
2019-09-26 10:03:39,401 INFO  logging.LoggingHandler (AbstractInternalLogger.java:log(150)) - [id: 0xa287243a, L:/0.0.0.0:41916] READ COMPLETE
2019-09-26 10:03:39,401 INFO  logging.LoggingHandler (AbstractInternalLogger.java:log(150)) - [id: 0x98fa128d, L:0.0.0.0/0.0.0.0:42528] READ COMPLETE
2019-09-26 10:03:39,401 INFO  logging.LoggingHandler (AbstractInternalLogger.java:log(150)) - [id: 0xa287243a, L:/0.0.0.0:41916] READ: [id: 0xff8d8add, L:/192.168.30.59:41916 - R:/192.168.30.59:52738]
2019-09-26 10:03:39,401 INFO  logging.LoggingHandler (AbstractInternalLogger.java:log(150)) - [id: 0x404738b4, L:/0.0.0.0:37394] READ COMPLETE
2019-09-26 10:03:39,401 INFO  logging.LoggingHandler (AbstractInternalLogger.java:log(150)) - [id: 0xa287243a, L:/0.0.0.0:41916] READ COMPLETE
2019-09-26 10:03:39,401 INFO  logging.LoggingHandler (AbstractInternalLogger.java:log(150)) - [id: 0x98fa128d, L:0.0.0.0/0.0.0.0:42528] READ: [id: 0x262fb263, L:/192.168.30.59:42528 - R:/192.168.30.59:58052]
2019-09-26 10:03:39,402 INFO  logging.LoggingHandler (AbstractInternalLogger.java:log(150)) - [id: 0xa287243a, L:/0.0.0.0:41916] READ: [id: 0x3ba3d6e4, L:/192.168.30.59:41916 - R:/192.168.30.59:52744]
2019-09-26 10:03:39,401 INFO  logging.LoggingHandler (AbstractInternalLogger.java:log(150)) - [id: 0x404738b4, L:/0.0.0.0:37394] READ: [id: 0x79dcd5f3, L:/192.168.30.59:37394 - R:/192.168.30.59:35662]
2019-09-26 10:03:39,402 INFO  logging.LoggingHandler (AbstractInternalLogger.java:log(150)) - [id: 0xa287243a, L:/0.0.0.0:41916] READ COMPLETE
2019-09-26 10:03:39,402 INFO  logging.LoggingHandler (AbstractInternalLogger.java:log(150)) - [id: 0x98fa128d, L:0.0.0.0/0.0.0.0:42528] READ COMPLETE
2019-09-26 10:03:39,402 INFO  logging.LoggingHandler (AbstractInternalLogger.java:log(150)) - [id: 0xa287243a, L:/0.0.0.0:41916] READ: [id: 0xe90c2e8f, L:/192.168.30.59:41916 - R:/192.168.30.59:52752]
2019-09-26 10:03:39,402 INFO  logging.LoggingHandler (AbstractInternalLogger.java:log(150)) - [id: 0x98fa128d, L:0.0.0.0/0.0.0.0:42528] READ: [id: 0x5f0976ec, L:/192.168.30.59:42528 - R:/192.168.30.59:58056]
2019-09-26 10:03:39,402 INFO  logging.LoggingHandler (AbstractInternalLogger.java:log(150)) - [id: 0x404738b4, L:/0.0.0.0:37394] READ COMPLETE
2019-09-26 10:03:39,403 INFO  logging.LoggingHandler (AbstractInternalLogger.java:log(150)) - [id: 0x98fa128d, L:0.0.0.0/0.0.0.0:42528] READ COMPLETE
2019-09-26 10:03:39,402 INFO  logging.LoggingHandler (AbstractInternalLogger.java:log(150)) - [id: 0xa287243a, L:/0.0.0.0:41916] READ COMPLETE
2019-09-26 10:03:39,403 INFO  logging.LoggingHandler (AbstractInternalLogger.java:log(150)) - [id: 0x98fa128d, L:0.0.0.0/0.0.0.0:42528] READ: [id: 0x716fc581, L:/192.168.30.59:42528 - R:/192.168.30.59:58058]
2019-09-26 10:03:39,403 INFO  logging.LoggingHandler (AbstractInternalLogger.java:log(150)) - [id: 0x404738b4, L:/0.0.0.0:37394] READ: [id: 0xbbef769e, L:/192.168.30.59:37394 - R:/192.168.30.59:35666]
2019-09-26 10:03:39,403 INFO  logging.LoggingHandler (AbstractInternalLogger.java:log(150)) - [id: 0x98fa128d, L:0.0.0.0/0.0.0.0:42528] READ COMPLETE
2019-09-26 10:03:39,403 INFO  logging.LoggingHandler (AbstractInternalLogger.java:log(150)) - [id: 0xa287243a, L:/0.0.0.0:41916] READ: [id: 0xaa263f8d, L:/192.168.30.59:41916 - R:/192.168.30.59:52762]
2019-09-26 10:03:39,404 INFO  logging.LoggingHandler (AbstractInternalLogger.java:log(150)) - [id: 0x98fa128d, L:0.0.0.0/0.0.0.0:42528] READ: [id: 0x31b72b2d, L:/192.168.30.59:42528 - R:/192.168.30.59:58062]
2019-09-26 10:03:39,403 INFO  logging.LoggingHandler (AbstractInternalLogger.java:log(150)) - [id: 0x404738b4, L:/0.0.0.0:37394] READ COMPLETE
2019-09-26 10:03:39,404 INFO  logging.LoggingHandler (AbstractInternalLogger.java:log(150)) - [id: 0x98fa128d, L:0.0.0.0/0.0.0.0:42528] READ COMPLETE
2019-09-26 10:03:39,404 INFO  logging.LoggingHandler (AbstractInternalLogger.java:log(150)) - [id: 0xa287243a, L:/0.0.0.0:41916] READ COMPLETE
2019-09-26 10:03:39,404 INFO  logging.LoggingHandler (AbstractInternalLogger.java:log(150)) - [id: 0x98fa128d, L:0.0.0.0/0.0.0.0:42528] READ: [id: 0xdf57a8a1, L:/192.168.30.59:42528 - R:/192.168.30.59:58086]
2019-09-26 10:03:39,404 INFO  logging.LoggingHandler (AbstractInternalLogger.java:log(150)) - [id: 0x404738b4, L:/0.0.0.0:37394] READ: [id: 0x0f0b03ae, L:/192.168.30.59:37394 - R:/192.168.30.59:35668]
2019-09-26 10:03:39,404 INFO  logging.LoggingHandler (AbstractInternalLogger.java:log(150)) - [id: 0x98fa128d, L:0.0.0.0/0.0.0.0:42528] READ COMPLETE
2019-09-26 10:03:39,404 INFO  logging.LoggingHandler (AbstractInternalLogger.java:log(150)) - [id: 0xa287243a, L:/0.0.0.0:41916] READ: [id: 0xeb8611a7, L:/192.168.30.59:41916 - R:/192.168.30.59:52784]
2019-09-26 10:03:39,405 INFO  logging.LoggingHandler (AbstractInternalLogger.java:log(150)) - [id: 0x98fa128d, L:0.0.0.0/0.0.0.0:42528] READ: [id: 0xd12729b9, L:/192.168.30.59:42528 - R:/192.168.30.59:58088]
2019-09-26 10:03:39,405 INFO  logging.LoggingHandler (AbstractInternalLogger.java:log(150)) - [id: 0x404738b4, L:/0.0.0.0:37394] READ COMPLETE
2019-09-26 10:03:39,405 INFO  logging.LoggingHandler (AbstractInternalLogger.java:log(150)) - [id: 0x98fa128d, L:0.0.0.0/0.0.0.0:42528] READ COMPLETE
2019-09-26 10:03:39,405 INFO  logging.LoggingHandler (AbstractInternalLogger.java:log(150)) - [id: 0xa287243a, L:/0.0.0.0:41916] READ COMPLETE
2019-09-26 10:03:39,405 INFO  logging.LoggingHandler (AbstractInternalLogger.java:log(150)) - [id: 0x98fa128d, L:0.0.0.0/0.0.0.0:42528] READ: [id: 0x342b0610, L:/192.168.30.59:42528 - R:/192.168.30.59:58102]
2019-09-26 10:03:39,405 INFO  logging.LoggingHandler (AbstractInternalLogger.java:log(150)) - [id: 0x404738b4, L:/0.0.0.0:37394] READ: [id: 0xf3d7b8ba, L:/192.168.30.59:37394 - R:/192.168.30.59:35670]
2019-09-26 10:03:39,406 INFO  logging.LoggingHandler (AbstractInternalLogger.java:log(150)) - [id: 0x98fa128d, L:0.0.0.0/0.0.0.0:42528] READ COMPLETE
2019-09-26 10:03:39,406 INFO  logging.LoggingHandler (AbstractInternalLogger.java:log(150)) - [id: 0xa287243a, L:/0.0.0.0:41916] READ: [id: 0x5ebcf2ce, L:/192.168.30.59:41916 - R:/192.168.30.59:52792]
2019-09-26 10:03:39,406 INFO  logging.LoggingHandler (AbstractInternalLogger.java:log(150)) - [id: 0x98fa128d, L:0.0.0.0/0.0.0.0:42528] READ: [id: 0x51daf1dc, L:/192.168.30.59:42528 - R:/192.168.30.59:58104]
2019-09-26 10:03:39,406 INFO  logging.LoggingHandler (AbstractInternalLogger.java:log(150)) - [id: 0x404738b4, L:/0.0.0.0:37394] READ COMPLETE
2019-09-26 10:03:39,406 INFO  logging.LoggingHandler (AbstractInternalLogger.java:log(150)) - [id: 0x98fa128d, L:0.0.0.0/0.0.0.0:42528] READ COMPLETE
2019-09-26 10:03:39,406 INFO  logging.LoggingHandler (AbstractInternalLogger.java:log(150)) - [id: 0xa287243a, L:/0.0.0.0:41916] READ COMPLETE
2019-09-26 10:03:39,406 INFO  logging.LoggingHandler (AbstractInternalLogger.java:log(150)) - [id: 0x98fa128d, L:0.0.0.0/0.0.0.0:42528] READ: [id: 0x09b1171b, L:/192.168.30.59:42528 - R:/192.168.30.59:58106]
2019-09-26 10:03:39,406 INFO  logging.LoggingHandler (AbstractInternalLogger.java:log(150)) - [id: 0x404738b4, L:/0.0.0.0:37394] READ: [id: 0xe9261b80, L:/192.168.30.59:37394 - R:/192.168.30.59:35678]
2019-09-26 10:03:39,407 INFO  logging.LoggingHandler (AbstractInternalLogger.java:log(150)) - [id: 0x98fa128d, L:0.0.0.0/0.0.0.0:42528] READ COMPLETE
2019-09-26 10:03:39,407 INFO  logging.LoggingHandler (AbstractInternalLogger.java:log(150)) - [id: 0xa287243a, L:/0.0.0.0:41916] READ: [id: 0xc7708cac, L:/192.168.30.59:41916 - R:/192.168.30.59:52794]
2019-09-26 10:03:39,407 INFO  logging.LoggingHandler (AbstractInternalLogger.java:log(150)) - [id: 0x98fa128d, L:0.0.0.0/0.0.0.0:42528] READ: [id: 0x90ef8cf6, L:/192.168.30.59:42528 - R:/192.168.30.59:58110]
2019-09-26 10:03:39,407 INFO  logging.LoggingHandler (AbstractInternalLogger.java:log(150)) - [id: 0x404738b4, L:/0.0.0.0:37394] READ COMPLETE
2019-09-26 10:03:39,407 INFO  logging.LoggingHandler (AbstractInternalLogger.java:log(150)) - [id: 0x98fa128d, L:0.0.0.0/0.0.0.0:42528] READ COMPLETE
2019-09-26 10:03:39,407 INFO  logging.LoggingHandler (AbstractInternalLogger.java:log(150)) - [id: 0xa287243a, L:/0.0.0.0:41916] READ COMPLETE
2019-09-26 10:03:39,408 INFO  logging.LoggingHandler (AbstractInternalLogger.java:log(150)) - [id: 0x98fa128d, L:0.0.0.0/0.0.0.0:42528] READ: [id: 0x19c6fdbc, L:/192.168.30.59:42528 - R:/192.168.30.59:58118]
2019-09-26 10:03:39,407 INFO  logging.LoggingHandler (AbstractInternalLogger.java:log(150)) - [id: 0x404738b4, L:/0.0.0.0:37394] READ: [id: 0xa7e82b32, L:/192.168.30.59:37394 - R:/192.168.30.59:35680]
2019-09-26 10:03:39,408 INFO  logging.LoggingHandler (AbstractInternalLogger.java:log(150)) - [id: 0x98fa128d, L:0.0.0.0/0.0.0.0:42528] READ COMPLETE
2019-09-26 10:03:39,408 INFO  logging.LoggingHandler (AbstractInternalLogger.java:log(150)) - [id: 0xa287243a, L:/0.0.0.0:41916] READ: [id: 0x51e35023, L:/192.168.30.59:41916 - R:/192.168.30.59:52800]
2019-09-26 10:03:39,408 INFO  logging.LoggingHandler (AbstractInternalLogger.java:log(150)) - [id: 0x98fa128d, L:0.0.0.0/0.0.0.0:42528] READ: [id: 0xe290263c, L:/192.168.30.59:42528 - R:/192.168.30.59:58120]
2019-09-26 10:03:39,408 INFO  logging.LoggingHandler (AbstractInternalLogger.java:log(150)) - [id: 0x404738b4, L:/0.0.0.0:37394] READ COMPLETE
2019-09-26 10:03:39,408 INFO  logging.LoggingHandler (AbstractInternalLogger.java:log(150)) - [id: 0x98fa128d, L:0.0.0.0/0.0.0.0:42528] READ COMPLETE
2019-09-26 10:03:39,408 INFO  logging.LoggingHandler (AbstractInternalLogger.java:log(150)) - [id: 0xa287243a, L:/0.0.0.0:41916] READ COMPLETE
2019-09-26 10:03:39,409 INFO  logging.LoggingHandler (AbstractInternalLogger.java:log(150)) - [id: 0x98fa128d, L:0.0.0.0/0.0.0.0:42528] READ: [id: 0x72ba51ee, L:/192.168.30.59:42528 - R:/192.168.30.59:58134]
2019-09-26 10:03:39,408 INFO  logging.LoggingHandler (AbstractInternalLogger.java:log(150)) - [id: 0x404738b4, L:/0.0.0.0:37394] READ: [id: 0xb8911cc5, L:/192.168.30.59:37394 - R:/192.168.30.59:35684]
2019-09-26 10:03:39,409 INFO  logging.LoggingHandler (AbstractInternalLogger.java:log(150)) - [id: 0x98fa128d, L:0.0.0.0/0.0.0.0:42528] READ COMPLETE
2019-09-26 10:03:39,409 INFO  logging.LoggingHandler (AbstractInternalLogger.java:log(150)) - [id: 0xa287243a, L:/0.0.0.0:41916] READ: [id: 0x22f5ad7d, L:/192.168.30.59:41916 - R:/192.168.30.59:52806]
2019-09-26 10:03:39,409 INFO  logging.LoggingHandler (AbstractInternalLogger.java:log(150)) - [id: 0x98fa128d, L:0.0.0.0/0.0.0.0:42528] READ: [id: 0xb92f54c2, L:/192.168.30.59:42528 - R:/192.168.30.59:58136]
2019-09-26 10:03:39,409 INFO  logging.LoggingHandler (AbstractInternalLogger.java:log(150)) - [id: 0x404738b4, L:/0.0.0.0:37394] READ COMPLETE
2019-09-26 10:03:39,409 INFO  logging.LoggingHandler (AbstractInternalLogger.java:log(150)) - [id: 0x98fa128d, L:0.0.0.0/0.0.0.0:42528] READ COMPLETE
2019-09-26 10:03:39,410 INFO  logging.LoggingHandler (AbstractInternalLogger.java:log(150)) - [id: 0x404738b4, L:/0.0.0.0:37394] READ: [id: 0xb7cc5ac6, L:/192.168.30.59:37394 - R:/192.168.30.59:35686]
2019-09-26 10:03:39,409 INFO  logging.LoggingHandler (AbstractInternalLogger.java:log(150)) - [id: 0xa287243a, L:/0.0.0.0:41916] READ COMPLETE
2019-09-26 10:03:39,410 INFO  logging.LoggingHandler (AbstractInternalLogger.java:log(150)) - [id: 0x404738b4, L:/0.0.0.0:37394] READ COMPLETE
2019-09-26 10:03:39,410 INFO  logging.LoggingHandler (AbstractInternalLogger.java:log(150)) - [id: 0x98fa128d, L:0.0.0.0/0.0.0.0:42528] READ: [id: 0x0d4853e6, L:/192.168.30.59:42528 - R:/192.168.30.59:58142]
2019-09-26 10:03:39,410 INFO  logging.LoggingHandler (AbstractInternalLogger.java:log(150)) - [id: 0x404738b4, L:/0.0.0.0:37394] READ: [id: 0xe193f857, L:/192.168.30.59:37394 - R:/192.168.30.59:35688]
2019-09-26 10:03:39,410 INFO  logging.LoggingHandler (AbstractInternalLogger.java:log(150)) - [id: 0xa287243a, L:/0.0.0.0:41916] READ: [id: 0xb6b250a8, L:/192.168.30.59:41916 - R:/192.168.30.59:52808]
2019-09-26 10:03:39,410 INFO  logging.LoggingHandler (AbstractInternalLogger.java:log(150)) - [id: 0x404738b4, L:/0.0.0.0:37394] READ COMPLETE
2019-09-26 10:03:39,410 INFO  logging.LoggingHandler (AbstractInternalLogger.java:log(150)) - [id: 0x98fa128d, L:0.0.0.0/0.0.0.0:42528] READ COMPLETE
2019-09-26 10:03:39,411 INFO  logging.LoggingHandler (AbstractInternalLogger.java:log(150)) - [id: 0x404738b4, L:/0.0.0.0:37394] READ: [id: 0x3076be4f, L:/192.168.30.59:37394 - R:/192.168.30.59:35696]
2019-09-26 10:03:39,410 INFO  logging.LoggingHandler (AbstractInternalLogger.java:log(150)) - [id: 0xa287243a, L:/0.0.0.0:41916] READ COMPLETE
2019-09-26 10:03:39,411 INFO  logging.LoggingHandler (AbstractInternalLogger.java:log(150)) - [id: 0x404738b4, L:/0.0.0.0:37394] READ COMPLETE
2019-09-26 10:03:39,411 INFO  logging.LoggingHandler (AbstractInternalLogger.java:log(150)) - [id: 0x98fa128d, L:0.0.0.0/0.0.0.0:42528] READ: [id: 0x545a9463, L:/192.168.30.59:42528 - R:/192.168.30.59:58150]
2019-09-26 10:03:39,411 INFO  logging.LoggingHandler (AbstractInternalLogger.java:log(150)) - [id: 0x404738b4, L:/0.0.0.0:37394] READ: [id: 0x6c22c8cb, L:/192.168.30.59:37394 - R:/192.168.30.59:35700]
2019-09-26 10:03:39,411 INFO  logging.LoggingHandler (AbstractInternalLogger.java:log(150)) - [id: 0xa287243a, L:/0.0.0.0:41916] READ: [id: 0x98d4753e, L:/192.168.30.59:41916 - R:/192.168.30.59:52822]
2019-09-26 10:03:39,411 INFO  logging.LoggingHandler (AbstractInternalLogger.java:log(150)) - [id: 0x404738b4, L:/0.0.0.0:37394] READ COMPLETE
2019-09-26 10:03:39,411 INFO  logging.LoggingHandler (AbstractInternalLogger.java:log(150)) - [id: 0x98fa128d, L:0.0.0.0/0.0.0.0:42528] READ COMPLETE
2019-09-26 10:03:39,411 INFO  logging.LoggingHandler (AbstractInternalLogger.java:log(150)) - [id: 0xa287243a, L:/0.0.0.0:41916] READ COMPLETE
2019-09-26 10:03:39,412 INFO  logging.LoggingHandler (AbstractInternalLogger.java:log(150)) - [id: 0x98fa128d, L:0.0.0.0/0.0.0.0:42528] READ: [id: 0x08af8c6a, L:/192.168.30.59:42528 - R:/192.168.30.59:58158]
2019-09-26 10:03:39,412 INFO  logging.LoggingHandler (AbstractInternalLogger.java:log(150)) - [id: 0x404738b4, L:/0.0.0.0:37394] READ: [id: 0x5e73b3b7, L:/192.168.30.59:37394 - R:/192.168.30.59:35702]
2019-09-26 10:03:39,412 INFO  logging.LoggingHandler (AbstractInternalLogger.java:log(150)) - [id: 0x98fa128d, L:0.0.0.0/0.0.0.0:42528] READ COMPLETE
2019-09-26 10:03:39,412 INFO  logging.LoggingHandler (AbstractInternalLogger.java:log(150)) - [id: 0xa287243a, L:/0.0.0.0:41916] READ: [id: 0x39a7331c, L:/192.168.30.59:41916 - R:/192.168.30.59:52830]
2019-09-26 10:03:39,412 INFO  logging.LoggingHandler (AbstractInternalLogger.java:log(150)) - [id: 0x98fa128d, L:0.0.0.0/0.0.0.0:42528] READ: [id: 0xd0004c71, L:/192.168.30.59:42528 - R:/192.168.30.59:58170]
2019-09-26 10:03:39,412 INFO  logging.LoggingHandler (AbstractInternalLogger.java:log(150)) - [id: 0x404738b4, L:/0.0.0.0:37394] READ COMPLETE
2019-09-26 10:03:39,412 INFO  logging.LoggingHandler (AbstractInternalLogger.java:log(150)) - [id: 0x98fa128d, L:0.0.0.0/0.0.0.0:42528] READ COMPLETE
2019-09-26 10:03:39,412 INFO  logging.LoggingHandler (AbstractInternalLogger.java:log(150)) - [id: 0xa287243a, L:/0.0.0.0:41916] READ COMPLETE
2019-09-26 10:03:39,413 INFO  logging.LoggingHandler (AbstractInternalLogger.java:log(150)) - [id: 0x98fa128d, L:0.0.0.0/0.0.0.0:42528] READ: [id: 0xb82a0a0d, L:/192.168.30.59:42528 - R:/192.168.30.59:58172]
2019-09-26 10:03:39,413 INFO  logging.LoggingHandler (AbstractInternalLogger.java:log(150)) - [id: 0x404738b4, L:/0.0.0.0:37394] READ: [id: 0x8f691a6e, L:/192.168.30.59:37394 - R:/192.168.30.59:35710]
2019-09-26 10:03:39,413 INFO  logging.LoggingHandler (AbstractInternalLogger.java:log(150)) - [id: 0x98fa128d, L:0.0.0.0/0.0.0.0:42528] READ COMPLETE
2019-09-26 10:03:39,413 INFO  logging.LoggingHandler (AbstractInternalLogger.java:log(150)) - [id: 0xa287243a, L:/0.0.0.0:41916] READ: [id: 0x90fd4a6c, L:/192.168.30.59:41916 - R:/192.168.30.59:52832]
2019-09-26 10:03:39,413 INFO  logging.LoggingHandler (AbstractInternalLogger.java:log(150)) - [id: 0x98fa128d, L:0.0.0.0/0.0.0.0:42528] READ: [id: 0xc0ace026, L:/192.168.30.59:42528 - R:/192.168.30.59:58182]
2019-09-26 10:03:39,413 INFO  logging.LoggingHandler (AbstractInternalLogger.java:log(150)) - [id: 0x404738b4, L:/0.0.0.0:37394] READ COMPLETE
2019-09-26 10:03:39,413 INFO  logging.LoggingHandler (AbstractInternalLogger.java:log(150)) - [id: 0x98fa128d, L:0.0.0.0/0.0.0.0:42528] READ COMPLETE
2019-09-26 10:03:39,413 INFO  logging.LoggingHandler (AbstractInternalLogger.java:log(150)) - [id: 0xa287243a, L:/0.0.0.0:41916] READ COMPLETE
2019-09-26 10:03:39,414 INFO  logging.LoggingHandler (AbstractInternalLogger.java:log(150)) - [id: 0x98fa128d, L:0.0.0.0/0.0.0.0:42528] READ: [id: 0xa871b31e, L:/192.168.30.59:42528 - R:/192.168.30.59:58184]
2019-09-26 10:03:39,414 INFO  logging.LoggingHandler (AbstractInternalLogger.java:log(150)) - [id: 0x404738b4, L:/0.0.0.0:37394] READ: [id: 0x55196ff9, L:/192.168.30.59:37394 - R:/192.168.30.59:35716]
2019-09-26 10:03:39,414 INFO  logging.LoggingHandler (AbstractInternalLogger.java:log(150)) - [id: 0x98fa128d, L:0.0.0.0/0.0.0.0:42528] READ COMPLETE
2019-09-26 10:03:39,414 INFO  logging.LoggingHandler (AbstractInternalLogger.java:log(150)) - [id: 0xa287243a, L:/0.0.0.0:41916] READ: [id: 0x6e1b8ca9, L:/192.168.30.59:41916 - R:/192.168.30.59:52836]
2019-09-26 10:03:39,414 INFO  logging.LoggingHandler (AbstractInternalLogger.java:log(150)) - [id: 0x98fa128d, L:0.0.0.0/0.0.0.0:42528] READ: [id: 0xf43d756d, L:/192.168.30.59:42528 - R:/192.168.30.59:58192]
2019-09-26 10:03:39,414 INFO  logging.LoggingHandler (AbstractInternalLogger.java:log(150)) - [id: 0x404738b4, L:/0.0.0.0:37394] READ COMPLETE
2019-09-26 10:03:39,415 INFO  logging.LoggingHandler (AbstractInternalLogger.java:log(150)) - [id: 0x98fa128d, L:0.0.0.0/0.0.0.0:42528] READ COMPLETE
2019-09-26 10:03:39,414 INFO  logging.LoggingHandler (AbstractInternalLogger.java:log(150)) - [id: 0xa287243a, L:/0.0.0.0:41916] READ COMPLETE
2019-09-26 10:03:39,415 INFO  logging.LoggingHandler (AbstractInternalLogger.java:log(150)) - [id: 0x98fa128d, L:0.0.0.0/0.0.0.0:42528] READ: [id: 0xce3f86de, L:/192.168.30.59:42528 - R:/192.168.30.59:58198]
2019-09-26 10:03:39,415 INFO  logging.LoggingHandler (AbstractInternalLogger.java:log(150)) - [id: 0x404738b4, L:/0.0.0.0:37394] READ: [id: 0x8003cbb6, L:/192.168.30.59:37394 - R:/192.168.30.59:35718]
2019-09-26 10:03:39,415 INFO  logging.LoggingHandler (AbstractInternalLogger.java:log(150)) - [id: 0xa287243a, L:/0.0.0.0:41916] READ: [id: 0xd5579e08, L:/192.168.30.59:41916 - R:/192.168.30.59:52842]
2019-09-26 10:03:39,415 INFO  logging.LoggingHandler (AbstractInternalLogger.java:log(150)) - [id: 0x98fa128d, L:0.0.0.0/0.0.0.0:42528] READ COMPLETE
2019-09-26 10:03:39,416 INFO  logging.LoggingHandler (AbstractInternalLogger.java:log(150)) - [id: 0xa287243a, L:/0.0.0.0:41916] READ COMPLETE
2019-09-26 10:03:39,415 INFO  logging.LoggingHandler (AbstractInternalLogger.java:log(150)) - [id: 0x404738b4, L:/0.0.0.0:37394] READ COMPLETE
2019-09-26 10:03:39,416 INFO  logging.LoggingHandler (AbstractInternalLogger.java:log(150)) - [id: 0xa287243a, L:/0.0.0.0:41916] READ: [id: 0x7a2b5c3d, L:/192.168.30.59:41916 - R:/192.168.30.59:52844]
2019-09-26 10:03:39,416 INFO  logging.LoggingHandler (AbstractInternalLogger.java:log(150)) - [id: 0x98fa128d, L:0.0.0.0/0.0.0.0:42528] READ: [id: 0x49618ba2, L:/192.168.30.59:42528 - R:/192.168.30.59:58200]
2019-09-26 10:03:39,416 INFO  logging.LoggingHandler (AbstractInternalLogger.java:log(150)) - [id: 0xa287243a, L:/0.0.0.0:41916] READ COMPLETE
2019-09-26 10:03:39,416 INFO  logging.LoggingHandler (AbstractInternalLogger.java:log(150)) - [id: 0x404738b4, L:/0.0.0.0:37394] READ: [id: 0xa7f86156, L:/192.168.30.59:37394 - R:/192.168.30.59:35732]
2019-09-26 10:03:39,416 INFO  logging.LoggingHandler (AbstractInternalLogger.java:log(150)) - [id: 0xa287243a, L:/0.0.0.0:41916] READ: [id: 0xc2edba10, L:/192.168.30.59:41916 - R:/192.168.30.59:52848]
2019-09-26 10:03:39,416 INFO  logging.LoggingHandler (AbstractInternalLogger.java:log(150)) - [id: 0x98fa128d, L:0.0.0.0/0.0.0.0:42528] READ COMPLETE
2019-09-26 10:03:39,417 INFO  logging.LoggingHandler (AbstractInternalLogger.java:log(150)) - [id: 0xa287243a, L:/0.0.0.0:41916] READ COMPLETE
2019-09-26 10:03:39,417 INFO  logging.LoggingHandler (AbstractInternalLogger.java:log(150)) - [id: 0x404738b4, L:/0.0.0.0:37394] READ COMPLETE
2019-09-26 10:03:39,417 INFO  logging.LoggingHandler (AbstractInternalLogger.java:log(150)) - [id: 0xa287243a, L:/0.0.0.0:41916] READ: [id: 0xabf3f384, L:/192.168.30.59:41916 - R:/192.168.30.59:52856]
2019-09-26 10:03:39,417 INFO  logging.LoggingHandler (AbstractInternalLogger.java:log(150)) - [id: 0x98fa128d, L:0.0.0.0/0.0.0.0:42528] READ: [id: 0x6c16f01a, L:/192.168.30.59:42528 - R:/192.168.30.59:58210]
2019-09-26 10:03:39,417 INFO  logging.LoggingHandler (AbstractInternalLogger.java:log(150)) - [id: 0xa287243a, L:/0.0.0.0:41916] READ COMPLETE
2019-09-26 10:03:39,417 INFO  logging.LoggingHandler (AbstractInternalLogger.java:log(150)) - [id: 0x404738b4, L:/0.0.0.0:37394] READ: [id: 0x10dd1448, L:/192.168.30.59:37394 - R:/192.168.30.59:35734]
2019-09-26 10:03:39,418 INFO  logging.LoggingHandler (AbstractInternalLogger.java:log(150)) - [id: 0xa287243a, L:/0.0.0.0:41916] READ: [id: 0xc7bcdc55, L:/192.168.30.59:41916 - R:/192.168.30.59:52858]
2019-09-26 10:03:39,417 INFO  logging.LoggingHandler (AbstractInternalLogger.java:log(150)) - [id: 0x98fa128d, L:0.0.0.0/0.0.0.0:42528] READ COMPLETE
2019-09-26 10:03:39,418 INFO  logging.LoggingHandler (AbstractInternalLogger.java:log(150)) - [id: 0xa287243a, L:/0.0.0.0:41916] READ COMPLETE
2019-09-26 10:03:39,418 INFO  logging.LoggingHandler (AbstractInternalLogger.java:log(150)) - [id: 0x404738b4, L:/0.0.0.0:37394] READ COMPLETE
2019-09-26 10:03:39,418 INFO  logging.LoggingHandler (AbstractInternalLogger.java:log(150)) - [id: 0xa287243a, L:/0.0.0.0:41916] READ: [id: 0x14553f49, L:/192.168.30.59:41916 - R:/192.168.30.59:52864]
2019-09-26 10:03:39,418 INFO  logging.LoggingHandler (AbstractInternalLogger.java:log(150)) - [id: 0x98fa128d, L:0.0.0.0/0.0.0.0:42528] READ: [id: 0xc4bedc33, L:/192.168.30.59:42528 - R:/192.168.30.59:58218]
2019-09-26 10:03:39,419 INFO  logging.LoggingHandler (AbstractInternalLogger.java:log(150)) - [id: 0xa287243a, L:/0.0.0.0:41916] READ COMPLETE
2019-09-26 10:03:39,418 INFO  logging.LoggingHandler (AbstractInternalLogger.java:log(150)) - [id: 0x404738b4, L:/0.0.0.0:37394] READ: [id: 0x0e80e6e9, L:/192.168.30.59:37394 - R:/192.168.30.59:35736]
2019-09-26 10:03:39,419 INFO  logging.LoggingHandler (AbstractInternalLogger.java:log(150)) - [id: 0xa287243a, L:/0.0.0.0:41916] READ: [id: 0x3ccd09d4, L:/192.168.30.59:41916 - R:/192.168.30.59:52870]
2019-09-26 10:03:39,419 INFO  logging.LoggingHandler (AbstractInternalLogger.java:log(150)) - [id: 0x98fa128d, L:0.0.0.0/0.0.0.0:42528] READ COMPLETE
2019-09-26 10:03:39,419 INFO  logging.LoggingHandler (AbstractInternalLogger.java:log(150)) - [id: 0xa287243a, L:/0.0.0.0:41916] READ COMPLETE
2019-09-26 10:03:39,419 INFO  logging.LoggingHandler (AbstractInternalLogger.java:log(150)) - [id: 0x404738b4, L:/0.0.0.0:37394] READ COMPLETE
2019-09-26 10:03:39,420 INFO  logging.LoggingHandler (AbstractInternalLogger.java:log(150)) - [id: 0xa287243a, L:/0.0.0.0:41916] READ: [id: 0x3e1df7d7, L:/192.168.30.59:41916 - R:/192.168.30.59:52872]
2019-09-26 10:03:39,419 INFO  logging.LoggingHandler (AbstractInternalLogger.java:log(150)) - [id: 0x98fa128d, L:0.0.0.0/0.0.0.0:42528] READ: [id: 0x6ba7cf5c, L:/192.168.30.59:42528 - R:/192.168.30.59:58222]
2019-09-26 10:03:39,420 INFO  logging.LoggingHandler (AbstractInternalLogger.java:log(150)) - [id: 0xa287243a, L:/0.0.0.0:41916] READ COMPLETE
2019-09-26 10:03:39,420 INFO  logging.LoggingHandler (AbstractInternalLogger.java:log(150)) - [id: 0x404738b4, L:/0.0.0.0:37394] READ: [id: 0xb7047d28, L:/192.168.30.59:37394 - R:/192.168.30.59:35740]
2019-09-26 10:03:39,420 INFO  logging.LoggingHandler (AbstractInternalLogger.java:log(150)) - [id: 0xa287243a, L:/0.0.0.0:41916] READ: [id: 0xe6b1fe40, L:/192.168.30.59:41916 - R:/192.168.30.59:52874]
2019-09-26 10:03:39,420 INFO  logging.LoggingHandler (AbstractInternalLogger.java:log(150)) - [id: 0x98fa128d, L:0.0.0.0/0.0.0.0:42528] READ COMPLETE
2019-09-26 10:03:39,420 INFO  logging.LoggingHandler (AbstractInternalLogger.java:log(150)) - [id: 0xa287243a, L:/0.0.0.0:41916] READ COMPLETE
2019-09-26 10:03:39,420 INFO  logging.LoggingHandler (AbstractInternalLogger.java:log(150)) - [id: 0x404738b4, L:/0.0.0.0:37394] READ COMPLETE
2019-09-26 10:03:39,421 INFO  logging.LoggingHandler (AbstractInternalLogger.java:log(150)) - [id: 0x98fa128d, L:0.0.0.0/0.0.0.0:42528] READ: [id: 0xa762e86f, L:/192.168.30.59:42528 - R:/192.168.30.59:58230]
2019-09-26 10:03:39,421 INFO  logging.LoggingHandler (AbstractInternalLogger.java:log(150)) - [id: 0x404738b4, L:/0.0.0.0:37394] READ: [id: 0xfe9a7aa5, L:/192.168.30.59:37394 - R:/192.168.30.59:35744]
2019-09-26 10:03:39,421 INFO  logging.LoggingHandler (AbstractInternalLogger.java:log(150)) - [id: 0xa287243a, L:/0.0.0.0:41916] READ: [id: 0xf6889ea0, L:/192.168.30.59:41916 - R:/192.168.30.59:52880]
2019-09-26 10:03:39,421 INFO  logging.LoggingHandler (AbstractInternalLogger.java:log(150)) - [id: 0x404738b4, L:/0.0.0.0:37394] READ COMPLETE
2019-09-26 10:03:39,421 INFO  logging.LoggingHandler (AbstractInternalLogger.java:log(150)) - [id: 0x98fa128d, L:0.0.0.0/0.0.0.0:42528] READ COMPLETE
2019-09-26 10:03:39,421 INFO  logging.LoggingHandler (AbstractInternalLogger.java:log(150)) - [id: 0x404738b4, L:/0.0.0.0:37394] READ: [id: 0x363d2991, L:/192.168.30.59:37394 - R:/192.168.30.59:35748]
2019-09-26 10:03:39,421 INFO  logging.LoggingHandler (AbstractInternalLogger.java:log(150)) - [id: 0xa287243a, L:/0.0.0.0:41916] READ COMPLETE
2019-09-26 10:03:39,422 INFO  logging.LoggingHandler (AbstractInternalLogger.java:log(150)) - [id: 0x404738b4, L:/0.0.0.0:37394] READ COMPLETE
2019-09-26 10:03:39,422 INFO  logging.LoggingHandler (AbstractInternalLogger.java:log(150)) - [id: 0x98fa128d, L:0.0.0.0/0.0.0.0:42528] READ: [id: 0xe59e1541, L:/192.168.30.59:42528 - R:/192.168.30.59:58234]
2019-09-26 10:03:39,422 INFO  logging.LoggingHandler (AbstractInternalLogger.java:log(150)) - [id: 0x404738b4, L:/0.0.0.0:37394] READ: [id: 0xd0fcdbfe, L:/192.168.30.59:37394 - R:/192.168.30.59:35754]
2019-09-26 10:03:39,422 INFO  logging.LoggingHandler (AbstractInternalLogger.java:log(150)) - [id: 0xa287243a, L:/0.0.0.0:41916] READ: [id: 0x90a16171, L:/192.168.30.59:41916 - R:/192.168.30.59:52882]
2019-09-26 10:03:39,422 INFO  logging.LoggingHandler (AbstractInternalLogger.java:log(150)) - [id: 0x404738b4, L:/0.0.0.0:37394] READ COMPLETE
2019-09-26 10:03:39,422 INFO  logging.LoggingHandler (AbstractInternalLogger.java:log(150)) - [id: 0x98fa128d, L:0.0.0.0/0.0.0.0:42528] READ COMPLETE
2019-09-26 10:03:39,423 INFO  logging.LoggingHandler (AbstractInternalLogger.java:log(150)) - [id: 0x404738b4, L:/0.0.0.0:37394] READ: [id: 0xcab18c36, L:/192.168.30.59:37394 - R:/192.168.30.59:35766]
2019-09-26 10:03:39,422 INFO  logging.LoggingHandler (AbstractInternalLogger.java:log(150)) - [id: 0xa287243a, L:/0.0.0.0:41916] READ COMPLETE
2019-09-26 10:03:39,423 INFO  logging.LoggingHandler (AbstractInternalLogger.java:log(150)) - [id: 0x404738b4, L:/0.0.0.0:37394] READ COMPLETE
2019-09-26 10:03:39,423 INFO  logging.LoggingHandler (AbstractInternalLogger.java:log(150)) - [id: 0x98fa128d, L:0.0.0.0/0.0.0.0:42528] READ: [id: 0xbaf2657c, L:/192.168.30.59:42528 - R:/192.168.30.59:58240]
2019-09-26 10:03:39,423 INFO  logging.LoggingHandler (AbstractInternalLogger.java:log(150)) - [id: 0x404738b4, L:/0.0.0.0:37394] READ: [id: 0x94a933c0, L:/192.168.30.59:37394 - R:/192.168.30.59:35774]
2019-09-26 10:03:39,423 INFO  logging.LoggingHandler (AbstractInternalLogger.java:log(150)) - [id: 0xa287243a, L:/0.0.0.0:41916] READ: [id: 0xbf61764d, L:/192.168.30.59:41916 - R:/192.168.30.59:52906]
2019-09-26 10:03:39,423 INFO  logging.LoggingHandler (AbstractInternalLogger.java:log(150)) - [id: 0x404738b4, L:/0.0.0.0:37394] READ COMPLETE
2019-09-26 10:03:39,423 INFO  logging.LoggingHandler (AbstractInternalLogger.java:log(150)) - [id: 0x98fa128d, L:0.0.0.0/0.0.0.0:42528] READ COMPLETE
2019-09-26 10:03:39,424 INFO  logging.LoggingHandler (AbstractInternalLogger.java:log(150)) - [id: 0x404738b4, L:/0.0.0.0:37394] READ: [id: 0x356adbed, L:/192.168.30.59:37394 - R:/192.168.30.59:35782]
2019-09-26 10:03:39,423 INFO  logging.LoggingHandler (AbstractInternalLogger.java:log(150)) - [id: 0xa287243a, L:/0.0.0.0:41916] READ COMPLETE
2019-09-26 10:03:39,424 INFO  logging.LoggingHandler (AbstractInternalLogger.java:log(150)) - [id: 0x404738b4, L:/0.0.0.0:37394] READ COMPLETE
2019-09-26 10:03:39,424 INFO  logging.LoggingHandler (AbstractInternalLogger.java:log(150)) - [id: 0x98fa128d, L:0.0.0.0/0.0.0.0:42528] READ: [id: 0x9312b331, L:/192.168.30.59:42528 - R:/192.168.30.59:58244]
2019-09-26 10:03:39,424 INFO  logging.LoggingHandler (AbstractInternalLogger.java:log(150)) - [id: 0x404738b4, L:/0.0.0.0:37394] READ: [id: 0xd8fb1e5d, L:/192.168.30.59:37394 - R:/192.168.30.59:35796]
2019-09-26 10:03:39,424 INFO  logging.LoggingHandler (AbstractInternalLogger.java:log(150)) - [id: 0x98fa128d, L:0.0.0.0/0.0.0.0:42528] READ COMPLETE
2019-09-26 10:03:39,424 INFO  logging.LoggingHandler (AbstractInternalLogger.java:log(150)) - [id: 0x404738b4, L:/0.0.0.0:37394] READ COMPLETE
2019-09-26 10:03:39,424 INFO  logging.LoggingHandler (AbstractInternalLogger.java:log(150)) - [id: 0x98fa128d, L:0.0.0.0/0.0.0.0:42528] READ: [id: 0xc60b0cf1, L:/192.168.30.59:42528 - R:/192.168.30.59:58246]
2019-09-26 10:03:39,425 INFO  logging.LoggingHandler (AbstractInternalLogger.java:log(150)) - [id: 0x404738b4, L:/0.0.0.0:37394] READ: [id: 0x42252cfd, L:/192.168.30.59:37394 - R:/192.168.30.59:35804]
2019-09-26 10:03:39,425 INFO  logging.LoggingHandler (AbstractInternalLogger.java:log(150)) - [id: 0xa287243a, L:/0.0.0.0:41916] READ: [id: 0x31e419fb, L:/192.168.30.59:41916 - R:/192.168.30.59:52932]
2019-09-26 10:03:39,425 INFO  logging.LoggingHandler (AbstractInternalLogger.java:log(150)) - [id: 0x404738b4, L:/0.0.0.0:37394] READ COMPLETE
2019-09-26 10:03:39,425 INFO  logging.LoggingHandler (AbstractInternalLogger.java:log(150)) - [id: 0x98fa128d, L:0.0.0.0/0.0.0.0:42528] READ COMPLETE
2019-09-26 10:03:39,425 INFO  logging.LoggingHandler (AbstractInternalLogger.java:log(150)) - [id: 0x404738b4, L:/0.0.0.0:37394] READ: [id: 0x7bbc3997, L:/192.168.30.59:37394 - R:/192.168.30.59:35808]
2019-09-26 10:03:39,425 INFO  logging.LoggingHandler (AbstractInternalLogger.java:log(150)) - [id: 0xa287243a, L:/0.0.0.0:41916] READ COMPLETE
2019-09-26 10:03:39,425 INFO  logging.LoggingHandler (AbstractInternalLogger.java:log(150)) - [id: 0x404738b4, L:/0.0.0.0:37394] READ COMPLETE
2019-09-26 10:03:39,426 INFO  logging.LoggingHandler (AbstractInternalLogger.java:log(150)) - [id: 0xa287243a, L:/0.0.0.0:41916] READ: [id: 0x16b073a7, L:/192.168.30.59:41916 - R:/192.168.30.59:52934]
2019-09-26 10:03:39,425 INFO  logging.LoggingHandler (AbstractInternalLogger.java:log(150)) - [id: 0x98fa128d, L:0.0.0.0/0.0.0.0:42528] READ: [id: 0x986782a8, L:/192.168.30.59:42528 - R:/192.168.30.59:58248]
2019-09-26 10:03:39,426 INFO  logging.LoggingHandler (AbstractInternalLogger.java:log(150)) - [id: 0xa287243a, L:/0.0.0.0:41916] READ COMPLETE
2019-09-26 10:03:39,426 INFO  logging.LoggingHandler (AbstractInternalLogger.java:log(150)) - [id: 0x404738b4, L:/0.0.0.0:37394] READ: [id: 0x742bdf31, L:/192.168.30.59:37394 - R:/192.168.30.59:35812]
2019-09-26 10:03:39,426 INFO  logging.LoggingHandler (AbstractInternalLogger.java:log(150)) - [id: 0xa287243a, L:/0.0.0.0:41916] READ: [id: 0x07dfa604, L:/192.168.30.59:41916 - R:/192.168.30.59:52936]
2019-09-26 10:03:39,426 INFO  logging.LoggingHandler (AbstractInternalLogger.java:log(150)) - [id: 0x98fa128d, L:0.0.0.0/0.0.0.0:42528] READ COMPLETE
2019-09-26 10:03:39,426 INFO  logging.LoggingHandler (AbstractInternalLogger.java:log(150)) - [id: 0xa287243a, L:/0.0.0.0:41916] READ COMPLETE
2019-09-26 10:03:39,426 INFO  logging.LoggingHandler (AbstractInternalLogger.java:log(150)) - [id: 0x404738b4, L:/0.0.0.0:37394] READ COMPLETE
2019-09-26 10:03:39,427 INFO  logging.LoggingHandler (AbstractInternalLogger.java:log(150)) - [id: 0xa287243a, L:/0.0.0.0:41916] READ: [id: 0x77b5f6e7, L:/192.168.30.59:41916 - R:/192.168.30.59:52940]
2019-09-26 10:03:39,427 INFO  logging.LoggingHandler (AbstractInternalLogger.java:log(150)) - [id: 0x98fa128d, L:0.0.0.0/0.0.0.0:42528] READ: [id: 0x63960265, L:/192.168.30.59:42528 - R:/192.168.30.59:58252]
2019-09-26 10:03:39,427 INFO  logging.LoggingHandler (AbstractInternalLogger.java:log(150)) - [id: 0xa287243a, L:/0.0.0.0:41916] READ COMPLETE
2019-09-26 10:03:39,427 INFO  logging.LoggingHandler (AbstractInternalLogger.java:log(150)) - [id: 0x404738b4, L:/0.0.0.0:37394] READ: [id: 0xbb715db3, L:/192.168.30.59:37394 - R:/192.168.30.59:35814]
2019-09-26 10:03:39,427 INFO  logging.LoggingHandler (AbstractInternalLogger.java:log(150)) - [id: 0xa287243a, L:/0.0.0.0:41916] READ: [id: 0xc276b636, L:/192.168.30.59:41916 - R:/192.168.30.59:52944]
2019-09-26 10:03:39,427 INFO  logging.LoggingHandler (AbstractInternalLogger.java:log(150)) - [id: 0x98fa128d, L:0.0.0.0/0.0.0.0:42528] READ COMPLETE
2019-09-26 10:03:39,428 INFO  logging.LoggingHandler (AbstractInternalLogger.java:log(150)) - [id: 0xa287243a, L:/0.0.0.0:41916] READ COMPLETE
2019-09-26 10:03:39,427 INFO  logging.LoggingHandler (AbstractInternalLogger.java:log(150)) - [id: 0x404738b4, L:/0.0.0.0:37394] READ COMPLETE
2019-09-26 10:03:39,428 INFO  logging.LoggingHandler (AbstractInternalLogger.java:log(150)) - [id: 0x98fa128d, L:0.0.0.0/0.0.0.0:42528] READ: [id: 0x22f85fb4, L:/192.168.30.59:42528 - R:/192.168.30.59:58256]
2019-09-26 10:03:39,428 INFO  logging.LoggingHandler (AbstractInternalLogger.java:log(150)) - [id: 0x404738b4, L:/0.0.0.0:37394] READ: [id: 0x7800027b, L:/192.168.30.59:37394 - R:/192.168.30.59:35816]
2019-09-26 10:03:39,428 INFO  logging.LoggingHandler (AbstractInternalLogger.java:log(150)) - [id: 0x98fa128d, L:0.0.0.0/0.0.0.0:42528] READ COMPLETE
2019-09-26 10:03:39,428 INFO  logging.LoggingHandler (AbstractInternalLogger.java:log(150)) - [id: 0x404738b4, L:/0.0.0.0:37394] READ COMPLETE
2019-09-26 10:03:39,428 INFO  logging.LoggingHandler (AbstractInternalLogger.java:log(150)) - [id: 0x98fa128d, L:0.0.0.0/0.0.0.0:42528] READ: [id: 0x74e0d57c, L:/192.168.30.59:42528 - R:/192.168.30.59:58260]
2019-09-26 10:03:39,429 INFO  logging.LoggingHandler (AbstractInternalLogger.java:log(150)) - [id: 0x404738b4, L:/0.0.0.0:37394] READ: [id: 0xa5aac166, L:/192.168.30.59:37394 - R:/192.168.30.59:35820]
2019-09-26 10:03:39,429 INFO  logging.LoggingHandler (AbstractInternalLogger.java:log(150)) - [id: 0x98fa128d, L:0.0.0.0/0.0.0.0:42528] READ COMPLETE
2019-09-26 10:03:39,429 INFO  logging.LoggingHandler (AbstractInternalLogger.java:log(150)) - [id: 0x404738b4, L:/0.0.0.0:37394] READ COMPLETE
2019-09-26 10:03:39,429 INFO  logging.LoggingHandler (AbstractInternalLogger.java:log(150)) - [id: 0x98fa128d, L:0.0.0.0/0.0.0.0:42528] READ: [id: 0xf4b4351e, L:/192.168.30.59:42528 - R:/192.168.30.59:58262]
2019-09-26 10:03:39,429 INFO  logging.LoggingHandler (AbstractInternalLogger.java:log(150)) - [id: 0x404738b4, L:/0.0.0.0:37394] READ: [id: 0x724c4a62, L:/192.168.30.59:37394 - R:/192.168.30.59:35824]
2019-09-26 10:03:39,429 INFO  logging.LoggingHandler (AbstractInternalLogger.java:log(150)) - [id: 0xa287243a, L:/0.0.0.0:41916] READ: [id: 0x5ee3e070, L:/192.168.30.59:41916 - R:/192.168.30.59:52964]
2019-09-26 10:03:39,429 INFO  logging.LoggingHandler (AbstractInternalLogger.java:log(150)) - [id: 0x404738b4, L:/0.0.0.0:37394] READ COMPLETE
2019-09-26 10:03:39,429 INFO  logging.LoggingHandler (AbstractInternalLogger.java:log(150)) - [id: 0x98fa128d, L:0.0.0.0/0.0.0.0:42528] READ COMPLETE
2019-09-26 10:03:39,430 INFO  logging.LoggingHandler (AbstractInternalLogger.java:log(150)) - [id: 0x98fa128d, L:0.0.0.0/0.0.0.0:42528] READ: [id: 0x62e533dd, L:/192.168.30.59:42528 - R:/192.168.30.59:58274]
2019-09-26 10:03:39,430 INFO  logging.LoggingHandler (AbstractInternalLogger.java:log(150)) - [id: 0x98fa128d, L:0.0.0.0/0.0.0.0:42528] READ COMPLETE
2019-09-26 10:03:39,430 INFO  logging.LoggingHandler (AbstractInternalLogger.java:log(150)) - [id: 0x404738b4, L:/0.0.0.0:37394] READ: [id: 0xd8a773bc, L:/192.168.30.59:37394 - R:/192.168.30.59:35830]
2019-09-26 10:03:39,429 INFO  logging.LoggingHandler (AbstractInternalLogger.java:log(150)) - [id: 0xa287243a, L:/0.0.0.0:41916] READ COMPLETE
2019-09-26 10:03:39,430 INFO  logging.LoggingHandler (AbstractInternalLogger.java:log(150)) - [id: 0x404738b4, L:/0.0.0.0:37394] READ COMPLETE
2019-09-26 10:03:39,430 INFO  logging.LoggingHandler (AbstractInternalLogger.java:log(150)) - [id: 0x98fa128d, L:0.0.0.0/0.0.0.0:42528] READ: [id: 0x9828208c, L:/192.168.30.59:42528 - R:/192.168.30.59:58278]
2019-09-26 10:03:39,431 INFO  logging.LoggingHandler (AbstractInternalLogger.java:log(150)) - [id: 0x404738b4, L:/0.0.0.0:37394] READ: [id: 0x4c71cde3, L:/192.168.30.59:37394 - R:/192.168.30.59:35838]
2019-09-26 10:03:39,431 INFO  logging.LoggingHandler (AbstractInternalLogger.java:log(150)) - [id: 0xa287243a, L:/0.0.0.0:41916] READ: [id: 0x462585f3, L:/192.168.30.59:41916 - R:/192.168.30.59:52966]
2019-09-26 10:03:39,431 INFO  logging.LoggingHandler (AbstractInternalLogger.java:log(150)) - [id: 0x404738b4, L:/0.0.0.0:37394] READ COMPLETE
2019-09-26 10:03:39,431 INFO  logging.LoggingHandler (AbstractInternalLogger.java:log(150)) - [id: 0x98fa128d, L:0.0.0.0/0.0.0.0:42528] READ COMPLETE
2019-09-26 10:03:39,431 INFO  logging.LoggingHandler (AbstractInternalLogger.java:log(150)) - [id: 0x404738b4, L:/0.0.0.0:37394] READ: [id: 0xb7e2ab74, L:/192.168.30.59:37394 - R:/192.168.30.59:35842]
2019-09-26 10:03:39,431 INFO  logging.LoggingHandler (AbstractInternalLogger.java:log(150)) - [id: 0xa287243a, L:/0.0.0.0:41916] READ COMPLETE
2019-09-26 10:03:39,431 INFO  logging.LoggingHandler (AbstractInternalLogger.java:log(150)) - [id: 0x404738b4, L:/0.0.0.0:37394] READ COMPLETE
2019-09-26 10:03:39,431 INFO  logging.LoggingHandler (AbstractInternalLogger.java:log(150)) - [id: 0x98fa128d, L:0.0.0.0/0.0.0.0:42528] READ: [id: 0x53e4f2c8, L:/192.168.30.59:42528 - R:/192.168.30.59:58282]
2019-09-26 10:03:39,432 INFO  logging.LoggingHandler (AbstractInternalLogger.java:log(150)) - [id: 0x404738b4, L:/0.0.0.0:37394] READ: [id: 0x4dbff697, L:/192.168.30.59:37394 - R:/192.168.30.59:35846]
2019-09-26 10:03:39,432 INFO  logging.LoggingHandler (AbstractInternalLogger.java:log(150)) - [id: 0xa287243a, L:/0.0.0.0:41916] READ: [id: 0xce360ffc, L:/192.168.30.59:41916 - R:/192.168.30.59:52970]
2019-09-26 10:03:39,432 INFO  logging.LoggingHandler (AbstractInternalLogger.java:log(150)) - [id: 0x404738b4, L:/0.0.0.0:37394] READ COMPLETE
2019-09-26 10:03:39,432 INFO  logging.LoggingHandler (AbstractInternalLogger.java:log(150)) - [id: 0x98fa128d, L:0.0.0.0/0.0.0.0:42528] READ COMPLETE
2019-09-26 10:03:39,432 INFO  logging.LoggingHandler (AbstractInternalLogger.java:log(150)) - [id: 0x404738b4, L:/0.0.0.0:37394] READ: [id: 0x7adb616d, L:/192.168.30.59:37394 - R:/192.168.30.59:35858]
2019-09-26 10:03:39,432 INFO  logging.LoggingHandler (AbstractInternalLogger.java:log(150)) - [id: 0xa287243a, L:/0.0.0.0:41916] READ COMPLETE
2019-09-26 10:03:39,433 INFO  logging.LoggingHandler (AbstractInternalLogger.java:log(150)) - [id: 0x404738b4, L:/0.0.0.0:37394] READ COMPLETE
2019-09-26 10:03:39,432 INFO  logging.LoggingHandler (AbstractInternalLogger.java:log(150)) - [id: 0x98fa128d, L:0.0.0.0/0.0.0.0:42528] READ: [id: 0x8b3e0801, L:/192.168.30.59:42528 - R:/192.168.30.59:58290]
2019-09-26 10:03:39,433 INFO  logging.LoggingHandler (AbstractInternalLogger.java:log(150)) - [id: 0x404738b4, L:/0.0.0.0:37394] READ: [id: 0x9f864be9, L:/192.168.30.59:37394 - R:/192.168.30.59:35868]
2019-09-26 10:03:39,433 INFO  logging.LoggingHandler (AbstractInternalLogger.java:log(150)) - [id: 0xa287243a, L:/0.0.0.0:41916] READ: [id: 0x1a88e414, L:/192.168.30.59:41916 - R:/192.168.30.59:52976]
2019-09-26 10:03:39,433 INFO  logging.LoggingHandler (AbstractInternalLogger.java:log(150)) - [id: 0x404738b4, L:/0.0.0.0:37394] READ COMPLETE
2019-09-26 10:03:39,433 INFO  logging.LoggingHandler (AbstractInternalLogger.java:log(150)) - [id: 0x98fa128d, L:0.0.0.0/0.0.0.0:42528] READ COMPLETE
2019-09-26 10:03:39,433 INFO  logging.LoggingHandler (AbstractInternalLogger.java:log(150)) - [id: 0x404738b4, L:/0.0.0.0:37394] READ: [id: 0x3d5526b0, L:/192.168.30.59:37394 - R:/192.168.30.59:35872]
2019-09-26 10:03:39,433 INFO  logging.LoggingHandler (AbstractInternalLogger.java:log(150)) - [id: 0xa287243a, L:/0.0.0.0:41916] READ COMPLETE
2019-09-26 10:03:39,434 INFO  logging.LoggingHandler (AbstractInternalLogger.java:log(150)) - [id: 0x404738b4, L:/0.0.0.0:37394] READ COMPLETE
2019-09-26 10:03:39,434 INFO  logging.LoggingHandler (AbstractInternalLogger.java:log(150)) - [id: 0x98fa128d, L:0.0.0.0/0.0.0.0:42528] READ: [id: 0x910b3019, L:/192.168.30.59:42528 - R:/192.168.30.59:58300]
2019-09-26 10:03:39,434 INFO  logging.LoggingHandler (AbstractInternalLogger.java:log(150)) - [id: 0x404738b4, L:/0.0.0.0:37394] READ: [id: 0x000d45dc, L:/192.168.30.59:37394 - R:/192.168.30.59:35874]
2019-09-26 10:03:39,434 INFO  logging.LoggingHandler (AbstractInternalLogger.java:log(150)) - [id: 0xa287243a, L:/0.0.0.0:41916] READ: [id: 0xdd994f6a, L:/192.168.30.59:41916 - R:/192.168.30.59:52978]
2019-09-26 10:03:39,434 INFO  logging.LoggingHandler (AbstractInternalLogger.java:log(150)) - [id: 0x404738b4, L:/0.0.0.0:37394] READ COMPLETE
2019-09-26 10:03:39,434 INFO  logging.LoggingHandler (AbstractInternalLogger.java:log(150)) - [id: 0x98fa128d, L:0.0.0.0/0.0.0.0:42528] READ COMPLETE
2019-09-26 10:03:39,434 INFO  logging.LoggingHandler (AbstractInternalLogger.java:log(150)) - [id: 0x404738b4, L:/0.0.0.0:37394] READ: [id: 0x3b33fd96, L:/192.168.30.59:37394 - R:/192.168.30.59:35876]
2019-09-26 10:03:39,434 INFO  logging.LoggingHandler (AbstractInternalLogger.java:log(150)) - [id: 0xa287243a, L:/0.0.0.0:41916] READ COMPLETE
2019-09-26 10:03:39,435 INFO  logging.LoggingHandler (AbstractInternalLogger.java:log(150)) - [id: 0x404738b4, L:/0.0.0.0:37394] READ COMPLETE
2019-09-26 10:03:39,435 INFO  logging.LoggingHandler (AbstractInternalLogger.java:log(150)) - [id: 0x98fa128d, L:0.0.0.0/0.0.0.0:42528] READ: [id: 0xc4995a30, L:/192.168.30.59:42528 - R:/192.168.30.59:58304]
2019-09-26 10:03:39,435 INFO  logging.LoggingHandler (AbstractInternalLogger.java:log(150)) - [id: 0x404738b4, L:/0.0.0.0:37394] READ: [id: 0x24e7ad07, L:/192.168.30.59:37394 - R:/192.168.30.59:35880]
2019-09-26 10:03:39,435 INFO  logging.LoggingHandler (AbstractInternalLogger.java:log(150)) - [id: 0xa287243a, L:/0.0.0.0:41916] READ: [id: 0x6f0c57a2, L:/192.168.30.59:41916 - R:/192.168.30.59:52994]
2019-09-26 10:03:39,435 INFO  logging.LoggingHandler (AbstractInternalLogger.java:log(150)) - [id: 0x404738b4, L:/0.0.0.0:37394] READ COMPLETE
2019-09-26 10:03:39,435 INFO  logging.LoggingHandler (AbstractInternalLogger.java:log(150)) - [id: 0x98fa128d, L:0.0.0.0/0.0.0.0:42528] READ COMPLETE
2019-09-26 10:03:39,435 INFO  logging.LoggingHandler (AbstractInternalLogger.java:log(150)) - [id: 0x404738b4, L:/0.0.0.0:37394] READ: [id: 0x88198fc7, L:/192.168.30.59:37394 - R:/192.168.30.59:35882]
2019-09-26 10:03:39,435 INFO  logging.LoggingHandler (AbstractInternalLogger.java:log(150)) - [id: 0xa287243a, L:/0.0.0.0:41916] READ COMPLETE
2019-09-26 10:03:39,436 INFO  logging.LoggingHandler (AbstractInternalLogger.java:log(150)) - [id: 0x404738b4, L:/0.0.0.0:37394] READ COMPLETE
2019-09-26 10:03:39,436 INFO  logging.LoggingHandler (AbstractInternalLogger.java:log(150)) - [id: 0x98fa128d, L:0.0.0.0/0.0.0.0:42528] READ: [id: 0xa38757b5, L:/192.168.30.59:42528 - R:/192.168.30.59:58306]
2019-09-26 10:03:39,436 INFO  logging.LoggingHandler (AbstractInternalLogger.java:log(150)) - [id: 0x404738b4, L:/0.0.0.0:37394] READ: [id: 0x2bb1b394, L:/192.168.30.59:37394 - R:/192.168.30.59:35900]
2019-09-26 10:03:39,436 INFO  logging.LoggingHandler (AbstractInternalLogger.java:log(150)) - [id: 0xa287243a, L:/0.0.0.0:41916] READ: [id: 0xa6c0f2d1, L:/192.168.30.59:41916 - R:/192.168.30.59:53002]
2019-09-26 10:03:39,436 INFO  logging.LoggingHandler (AbstractInternalLogger.java:log(150)) - [id: 0x404738b4, L:/0.0.0.0:37394] READ COMPLETE
2019-09-26 10:03:39,436 INFO  logging.LoggingHandler (AbstractInternalLogger.java:log(150)) - [id: 0x98fa128d, L:0.0.0.0/0.0.0.0:42528] READ COMPLETE
2019-09-26 10:03:39,437 INFO  logging.LoggingHandler (AbstractInternalLogger.java:log(150)) - [id: 0x404738b4, L:/0.0.0.0:37394] READ: [id: 0x393d7421, L:/192.168.30.59:37394 - R:/192.168.30.59:35904]
2019-09-26 10:03:39,436 INFO  logging.LoggingHandler (AbstractInternalLogger.java:log(150)) - [id: 0xa287243a, L:/0.0.0.0:41916] READ COMPLETE
2019-09-26 10:03:39,437 INFO  logging.LoggingHandler (AbstractInternalLogger.java:log(150)) - [id: 0x404738b4, L:/0.0.0.0:37394] READ COMPLETE
2019-09-26 10:03:39,437 INFO  logging.LoggingHandler (AbstractInternalLogger.java:log(150)) - [id: 0x98fa128d, L:0.0.0.0/0.0.0.0:42528] READ: [id: 0x364fcd3d, L:/192.168.30.59:42528 - R:/192.168.30.59:58314]
2019-09-26 10:03:39,437 INFO  logging.LoggingHandler (AbstractInternalLogger.java:log(150)) - [id: 0x404738b4, L:/0.0.0.0:37394] READ: [id: 0xd9a91528, L:/192.168.30.59:37394 - R:/192.168.30.59:35908]
2019-09-26 10:03:39,437 INFO  logging.LoggingHandler (AbstractInternalLogger.java:log(150)) - [id: 0xa287243a, L:/0.0.0.0:41916] READ: [id: 0x48bcb3c3, L:/192.168.30.59:41916 - R:/192.168.30.59:53006]
2019-09-26 10:03:39,437 INFO  logging.LoggingHandler (AbstractInternalLogger.java:log(150)) - [id: 0x404738b4, L:/0.0.0.0:37394] READ COMPLETE
2019-09-26 10:03:39,437 INFO  logging.LoggingHandler (AbstractInternalLogger.java:log(150)) - [id: 0x98fa128d, L:0.0.0.0/0.0.0.0:42528] READ COMPLETE
2019-09-26 10:03:39,438 INFO  logging.LoggingHandler (AbstractInternalLogger.java:log(150)) - [id: 0x404738b4, L:/0.0.0.0:37394] READ: [id: 0x83acfc4f, L:/192.168.30.59:37394 - R:/192.168.30.59:35916]
2019-09-26 10:03:39,438 INFO  logging.LoggingHandler (AbstractInternalLogger.java:log(150)) - [id: 0xa287243a, L:/0.0.0.0:41916] READ COMPLETE
2019-09-26 10:03:39,438 INFO  logging.LoggingHandler (AbstractInternalLogger.java:log(150)) - [id: 0x404738b4, L:/0.0.0.0:37394] READ COMPLETE
2019-09-26 10:03:39,438 INFO  logging.LoggingHandler (AbstractInternalLogger.java:log(150)) - [id: 0x98fa128d, L:0.0.0.0/0.0.0.0:42528] READ: [id: 0x2993a316, L:/192.168.30.59:42528 - R:/192.168.30.59:58318]
2019-09-26 10:03:39,438 INFO  logging.LoggingHandler (AbstractInternalLogger.java:log(150)) - [id: 0x404738b4, L:/0.0.0.0:37394] READ: [id: 0xccf8bc21, L:/192.168.30.59:37394 - R:/192.168.30.59:35928]
2019-09-26 10:03:39,438 INFO  logging.LoggingHandler (AbstractInternalLogger.java:log(150)) - [id: 0xa287243a, L:/0.0.0.0:41916] READ: [id: 0xe4144ed1, L:/192.168.30.59:41916 - R:/192.168.30.59:53004]
2019-09-26 10:03:39,438 INFO  logging.LoggingHandler (AbstractInternalLogger.java:log(150)) - [id: 0x404738b4, L:/0.0.0.0:37394] READ COMPLETE
2019-09-26 10:03:39,438 INFO  logging.LoggingHandler (AbstractInternalLogger.java:log(150)) - [id: 0x98fa128d, L:0.0.0.0/0.0.0.0:42528] READ COMPLETE
2019-09-26 10:03:39,439 INFO  logging.LoggingHandler (AbstractInternalLogger.java:log(150)) - [id: 0x404738b4, L:/0.0.0.0:37394] READ: [id: 0x3504c924, L:/192.168.30.59:37394 - R:/192.168.30.59:35936]
2019-09-26 10:03:39,439 INFO  logging.LoggingHandler (AbstractInternalLogger.java:log(150)) - [id: 0xa287243a, L:/0.0.0.0:41916] READ COMPLETE
2019-09-26 10:03:39,439 INFO  logging.LoggingHandler (AbstractInternalLogger.java:log(150)) - [id: 0x404738b4, L:/0.0.0.0:37394] READ COMPLETE
2019-09-26 10:03:39,439 INFO  logging.LoggingHandler (AbstractInternalLogger.java:log(150)) - [id: 0x98fa128d, L:0.0.0.0/0.0.0.0:42528] READ: [id: 0x2c8974ae, L:/192.168.30.59:42528 - R:/192.168.30.59:58322]
2019-09-26 10:03:39,439 INFO  logging.LoggingHandler (AbstractInternalLogger.java:log(150)) - [id: 0x404738b4, L:/0.0.0.0:37394] READ: [id: 0x5087ff8d, L:/192.168.30.59:37394 - R:/192.168.30.59:35944]
2019-09-26 10:03:39,439 INFO  logging.LoggingHandler (AbstractInternalLogger.java:log(150)) - [id: 0xa287243a, L:/0.0.0.0:41916] READ: [id: 0x63d88f65, L:/192.168.30.59:41916 - R:/192.168.30.59:53012]
2019-09-26 10:03:39,440 INFO  logging.LoggingHandler (AbstractInternalLogger.java:log(150)) - [id: 0x404738b4, L:/0.0.0.0:37394] READ COMPLETE
2019-09-26 10:03:39,439 INFO  logging.LoggingHandler (AbstractInternalLogger.java:log(150)) - [id: 0x98fa128d, L:0.0.0.0/0.0.0.0:42528] READ COMPLETE
2019-09-26 10:03:39,440 INFO  logging.LoggingHandler (AbstractInternalLogger.java:log(150)) - [id: 0x404738b4, L:/0.0.0.0:37394] READ: [id: 0x2c774ab7, L:/192.168.30.59:37394 - R:/192.168.30.59:35952]
2019-09-26 10:03:39,440 INFO  logging.LoggingHandler (AbstractInternalLogger.java:log(150)) - [id: 0xa287243a, L:/0.0.0.0:41916] READ COMPLETE
2019-09-26 10:03:39,440 INFO  logging.LoggingHandler (AbstractInternalLogger.java:log(150)) - [id: 0x404738b4, L:/0.0.0.0:37394] READ COMPLETE
2019-09-26 10:03:39,440 INFO  logging.LoggingHandler (AbstractInternalLogger.java:log(150)) - [id: 0x98fa128d, L:0.0.0.0/0.0.0.0:42528] READ: [id: 0x13bb34f8, L:/192.168.30.59:42528 - R:/192.168.30.59:58324]
2019-09-26 10:03:39,440 INFO  logging.LoggingHandler (AbstractInternalLogger.java:log(150)) - [id: 0x404738b4, L:/0.0.0.0:37394] READ: [id: 0x32ebb265, L:/192.168.30.59:37394 - R:/192.168.30.59:35962]
2019-09-26 10:03:39,440 INFO  logging.LoggingHandler (AbstractInternalLogger.java:log(150)) - [id: 0xa287243a, L:/0.0.0.0:41916] READ: [id: 0x44ff9e03, L:/192.168.30.59:41916 - R:/192.168.30.59:53020]
2019-09-26 10:03:39,441 INFO  logging.LoggingHandler (AbstractInternalLogger.java:log(150)) - [id: 0x404738b4, L:/0.0.0.0:37394] READ COMPLETE
2019-09-26 10:03:39,440 INFO  logging.LoggingHandler (AbstractInternalLogger.java:log(150)) - [id: 0x98fa128d, L:0.0.0.0/0.0.0.0:42528] READ COMPLETE
2019-09-26 10:03:39,441 INFO  logging.LoggingHandler (AbstractInternalLogger.java:log(150)) - [id: 0x404738b4, L:/0.0.0.0:37394] READ: [id: 0x2d13ecc0, L:/192.168.30.59:37394 - R:/192.168.30.59:35966]
2019-09-26 10:03:39,441 INFO  logging.LoggingHandler (AbstractInternalLogger.java:log(150)) - [id: 0xa287243a, L:/0.0.0.0:41916] READ COMPLETE
2019-09-26 10:03:39,441 INFO  logging.LoggingHandler (AbstractInternalLogger.java:log(150)) - [id: 0x404738b4, L:/0.0.0.0:37394] READ COMPLETE
2019-09-26 10:03:39,441 INFO  logging.LoggingHandler (AbstractInternalLogger.java:log(150)) - [id: 0x98fa128d, L:0.0.0.0/0.0.0.0:42528] READ: [id: 0x0e34d321, L:/192.168.30.59:42528 - R:/192.168.30.59:58330]
2019-09-26 10:03:39,442 INFO  logging.LoggingHandler (AbstractInternalLogger.java:log(150)) - [id: 0x404738b4, L:/0.0.0.0:37394] READ: [id: 0x2b5112c3, L:/192.168.30.59:37394 - R:/192.168.30.59:35974]
2019-09-26 10:03:39,441 INFO  logging.LoggingHandler (AbstractInternalLogger.java:log(150)) - [id: 0xa287243a, L:/0.0.0.0:41916] READ: [id: 0xdd97e1d1, L:/192.168.30.59:41916 - R:/192.168.30.59:53022]
2019-09-26 10:03:39,442 INFO  logging.LoggingHandler (AbstractInternalLogger.java:log(150)) - [id: 0x404738b4, L:/0.0.0.0:37394] READ COMPLETE
2019-09-26 10:03:39,442 INFO  logging.LoggingHandler (AbstractInternalLogger.java:log(150)) - [id: 0x98fa128d, L:0.0.0.0/0.0.0.0:42528] READ COMPLETE
2019-09-26 10:03:39,442 INFO  logging.LoggingHandler (AbstractInternalLogger.java:log(150)) - [id: 0xa287243a, L:/0.0.0.0:41916] READ COMPLETE
2019-09-26 10:03:39,442 INFO  logging.LoggingHandler (AbstractInternalLogger.java:log(150)) - [id: 0x98fa128d, L:0.0.0.0/0.0.0.0:42528] READ: [id: 0x3288cc28, L:/192.168.30.59:42528 - R:/192.168.30.59:58332]
2019-09-26 10:03:39,442 INFO  logging.LoggingHandler (AbstractInternalLogger.java:log(150)) - [id: 0xa287243a, L:/0.0.0.0:41916] READ: [id: 0x0c4d8285, L:/192.168.30.59:41916 - R:/192.168.30.59:53026]
2019-09-26 10:03:39,443 INFO  logging.LoggingHandler (AbstractInternalLogger.java:log(150)) - [id: 0x404738b4, L:/0.0.0.0:37394] READ: [id: 0x3ae32dc5, L:/192.168.30.59:37394 - R:/192.168.30.59:35984]
2019-09-26 10:03:39,442 INFO  logging.LoggingHandler (AbstractInternalLogger.java:log(150)) - [id: 0x98fa128d, L:0.0.0.0/0.0.0.0:42528] READ COMPLETE
2019-09-26 10:03:39,443 INFO  logging.LoggingHandler (AbstractInternalLogger.java:log(150)) - [id: 0x404738b4, L:/0.0.0.0:37394] READ COMPLETE
2019-09-26 10:03:39,443 INFO  logging.LoggingHandler (AbstractInternalLogger.java:log(150)) - [id: 0xa287243a, L:/0.0.0.0:41916] READ COMPLETE
2019-09-26 10:03:39,443 INFO  logging.LoggingHandler (AbstractInternalLogger.java:log(150)) - [id: 0x98fa128d, L:0.0.0.0/0.0.0.0:42528] READ: [id: 0xa445d4ad, L:/192.168.30.59:42528 - R:/192.168.30.59:58342]
2019-09-26 10:03:39,443 INFO  logging.LoggingHandler (AbstractInternalLogger.java:log(150)) - [id: 0xa287243a, L:/0.0.0.0:41916] READ: [id: 0xff386916, L:/192.168.30.59:41916 - R:/192.168.30.59:53028]
2019-09-26 10:03:39,443 INFO  logging.LoggingHandler (AbstractInternalLogger.java:log(150)) - [id: 0x404738b4, L:/0.0.0.0:37394] READ: [id: 0xb4c5af97, L:/192.168.30.59:37394 - R:/192.168.30.59:35988]
2019-09-26 10:03:39,443 INFO  logging.LoggingHandler (AbstractInternalLogger.java:log(150)) - [id: 0x98fa128d, L:0.0.0.0/0.0.0.0:42528] READ COMPLETE
2019-09-26 10:03:39,443 INFO  logging.LoggingHandler (AbstractInternalLogger.java:log(150)) - [id: 0x404738b4, L:/0.0.0.0:37394] READ COMPLETE
2019-09-26 10:03:39,443 INFO  logging.LoggingHandler (AbstractInternalLogger.java:log(150)) - [id: 0xa287243a, L:/0.0.0.0:41916] READ COMPLETE
2019-09-26 10:03:39,444 INFO  logging.LoggingHandler (AbstractInternalLogger.java:log(150)) - [id: 0x98fa128d, L:0.0.0.0/0.0.0.0:42528] READ: [id: 0x90c43257, L:/192.168.30.59:42528 - R:/192.168.30.59:58346]
2019-09-26 10:03:39,444 INFO  logging.LoggingHandler (AbstractInternalLogger.java:log(150)) - [id: 0x404738b4, L:/0.0.0.0:37394] READ: [id: 0xf3ba69cd, L:/192.168.30.59:37394 - R:/192.168.30.59:35994]
2019-09-26 10:03:39,444 INFO  logging.LoggingHandler (AbstractInternalLogger.java:log(150)) - [id: 0xa287243a, L:/0.0.0.0:41916] READ: [id: 0x7650da9f, L:/192.168.30.59:41916 - R:/192.168.30.59:53030]
2019-09-26 10:03:39,444 INFO  logging.LoggingHandler (AbstractInternalLogger.java:log(150)) - [id: 0x404738b4, L:/0.0.0.0:37394] READ COMPLETE
2019-09-26 10:03:39,444 INFO  logging.LoggingHandler (AbstractInternalLogger.java:log(150)) - [id: 0x98fa128d, L:0.0.0.0/0.0.0.0:42528] READ COMPLETE
2019-09-26 10:03:39,444 INFO  logging.LoggingHandler (AbstractInternalLogger.java:log(150)) - [id: 0x404738b4, L:/0.0.0.0:37394] READ: [id: 0x557fa423, L:/192.168.30.59:37394 - R:/192.168.30.59:35996]
2019-09-26 10:03:39,444 INFO  logging.LoggingHandler (AbstractInternalLogger.java:log(150)) - [id: 0xa287243a, L:/0.0.0.0:41916] READ COMPLETE
2019-09-26 10:03:39,445 INFO  logging.LoggingHandler (AbstractInternalLogger.java:log(150)) - [id: 0x404738b4, L:/0.0.0.0:37394] READ COMPLETE
2019-09-26 10:03:39,445 INFO  logging.LoggingHandler (AbstractInternalLogger.java:log(150)) - [id: 0x98fa128d, L:0.0.0.0/0.0.0.0:42528] READ: [id: 0x47942078, L:/192.168.30.59:42528 - R:/192.168.30.59:58350]
2019-09-26 10:03:39,445 INFO  logging.LoggingHandler (AbstractInternalLogger.java:log(150)) - [id: 0xa287243a, L:/0.0.0.0:41916] READ: [id: 0x1a92d828, L:/192.168.30.59:41916 - R:/192.168.30.59:53034]
2019-09-26 10:03:39,445 INFO  logging.LoggingHandler (AbstractInternalLogger.java:log(150)) - [id: 0x98fa128d, L:0.0.0.0/0.0.0.0:42528] READ COMPLETE
2019-09-26 10:03:39,445 INFO  logging.LoggingHandler (AbstractInternalLogger.java:log(150)) - [id: 0xa287243a, L:/0.0.0.0:41916] READ COMPLETE
2019-09-26 10:03:39,445 INFO  logging.LoggingHandler (AbstractInternalLogger.java:log(150)) - [id: 0x98fa128d, L:0.0.0.0/0.0.0.0:42528] READ: [id: 0x0e6e0938, L:/192.168.30.59:42528 - R:/192.168.30.59:58382]
2019-09-26 10:03:39,446 INFO  logging.LoggingHandler (AbstractInternalLogger.java:log(150)) - [id: 0xa287243a, L:/0.0.0.0:41916] READ: [id: 0xe000b5a5, L:/192.168.30.59:41916 - R:/192.168.30.59:53038]
2019-09-26 10:03:39,446 INFO  logging.LoggingHandler (AbstractInternalLogger.java:log(150)) - [id: 0x98fa128d, L:0.0.0.0/0.0.0.0:42528] READ COMPLETE
2019-09-26 10:03:39,446 INFO  logging.LoggingHandler (AbstractInternalLogger.java:log(150)) - [id: 0xa287243a, L:/0.0.0.0:41916] READ COMPLETE
2019-09-26 10:03:39,446 INFO  logging.LoggingHandler (AbstractInternalLogger.java:log(150)) - [id: 0x98fa128d, L:0.0.0.0/0.0.0.0:42528] READ: [id: 0xcca872d3, L:/192.168.30.59:42528 - R:/192.168.30.59:58388]
2019-09-26 10:03:39,446 INFO  logging.LoggingHandler (AbstractInternalLogger.java:log(150)) - [id: 0xa287243a, L:/0.0.0.0:41916] READ: [id: 0x545da213, L:/192.168.30.59:41916 - R:/192.168.30.59:53040]
2019-09-26 10:03:39,446 INFO  logging.LoggingHandler (AbstractInternalLogger.java:log(150)) - [id: 0x404738b4, L:/0.0.0.0:37394] READ: [id: 0xf7c97703, L:/192.168.30.59:37394 - R:/192.168.30.59:36010]
2019-09-26 10:03:39,446 INFO  logging.LoggingHandler (AbstractInternalLogger.java:log(150)) - [id: 0xa287243a, L:/0.0.0.0:41916] READ COMPLETE
2019-09-26 10:03:39,446 INFO  logging.LoggingHandler (AbstractInternalLogger.java:log(150)) - [id: 0x98fa128d, L:0.0.0.0/0.0.0.0:42528] READ COMPLETE
2019-09-26 10:03:39,447 INFO  logging.LoggingHandler (AbstractInternalLogger.java:log(150)) - [id: 0xa287243a, L:/0.0.0.0:41916] READ: [id: 0x39da3de7, L:/192.168.30.59:41916 - R:/192.168.30.59:53044]
2019-09-26 10:03:39,446 INFO  logging.LoggingHandler (AbstractInternalLogger.java:log(150)) - [id: 0x404738b4, L:/0.0.0.0:37394] READ COMPLETE
2019-09-26 10:03:39,447 INFO  logging.LoggingHandler (AbstractInternalLogger.java:log(150)) - [id: 0xa287243a, L:/0.0.0.0:41916] READ COMPLETE
2019-09-26 10:03:39,447 INFO  logging.LoggingHandler (AbstractInternalLogger.java:log(150)) - [id: 0x98fa128d, L:0.0.0.0/0.0.0.0:42528] READ: [id: 0x83ec8241, L:/192.168.30.59:42528 - R:/192.168.30.59:58390]
2019-09-26 10:03:39,447 INFO  logging.LoggingHandler (AbstractInternalLogger.java:log(150)) - [id: 0xa287243a, L:/0.0.0.0:41916] READ: [id: 0xc013de60, L:/192.168.30.59:41916 - R:/192.168.30.59:53048]
2019-09-26 10:03:39,447 INFO  logging.LoggingHandler (AbstractInternalLogger.java:log(150)) - [id: 0x404738b4, L:/0.0.0.0:37394] READ: [id: 0x39017195, L:/192.168.30.59:37394 - R:/192.168.30.59:36012]
2019-09-26 10:03:39,447 INFO  logging.LoggingHandler (AbstractInternalLogger.java:log(150)) - [id: 0xa287243a, L:/0.0.0.0:41916] READ COMPLETE
2019-09-26 10:03:39,447 INFO  logging.LoggingHandler (AbstractInternalLogger.java:log(150)) - [id: 0x98fa128d, L:0.0.0.0/0.0.0.0:42528] READ COMPLETE
2019-09-26 10:03:39,448 INFO  logging.LoggingHandler (AbstractInternalLogger.java:log(150)) - [id: 0xa287243a, L:/0.0.0.0:41916] READ: [id: 0x13d3d3dd, L:/192.168.30.59:41916 - R:/192.168.30.59:53052]
2019-09-26 10:03:39,448 INFO  logging.LoggingHandler (AbstractInternalLogger.java:log(150)) - [id: 0x404738b4, L:/0.0.0.0:37394] READ COMPLETE
2019-09-26 10:03:39,448 INFO  logging.LoggingHandler (AbstractInternalLogger.java:log(150)) - [id: 0xa287243a, L:/0.0.0.0:41916] READ COMPLETE
2019-09-26 10:03:39,448 INFO  logging.LoggingHandler (AbstractInternalLogger.java:log(150)) - [id: 0x98fa128d, L:0.0.0.0/0.0.0.0:42528] READ: [id: 0xa7d62c9c, L:/192.168.30.59:42528 - R:/192.168.30.59:58392]
2019-09-26 10:03:39,448 INFO  logging.LoggingHandler (AbstractInternalLogger.java:log(150)) - [id: 0xa287243a, L:/0.0.0.0:41916] READ: [id: 0xf910e961, L:/192.168.30.59:41916 - R:/192.168.30.59:53078]
2019-09-26 10:03:39,448 INFO  logging.LoggingHandler (AbstractInternalLogger.java:log(150)) - [id: 0x404738b4, L:/0.0.0.0:37394] READ: [id: 0x8456032b, L:/192.168.30.59:37394 - R:/192.168.30.59:36014]
2019-09-26 10:03:39,448 INFO  logging.LoggingHandler (AbstractInternalLogger.java:log(150)) - [id: 0xa287243a, L:/0.0.0.0:41916] READ COMPLETE
2019-09-26 10:03:39,448 INFO  logging.LoggingHandler (AbstractInternalLogger.java:log(150)) - [id: 0x98fa128d, L:0.0.0.0/0.0.0.0:42528] READ COMPLETE
2019-09-26 10:03:39,449 INFO  logging.LoggingHandler (AbstractInternalLogger.java:log(150)) - [id: 0xa287243a, L:/0.0.0.0:41916] READ: [id: 0x754a7c9c, L:/192.168.30.59:41916 - R:/192.168.30.59:53080]
2019-09-26 10:03:39,448 INFO  logging.LoggingHandler (AbstractInternalLogger.java:log(150)) - [id: 0x404738b4, L:/0.0.0.0:37394] READ COMPLETE
2019-09-26 10:03:39,449 INFO  logging.LoggingHandler (AbstractInternalLogger.java:log(150)) - [id: 0xa287243a, L:/0.0.0.0:41916] READ COMPLETE
2019-09-26 10:03:39,449 INFO  logging.LoggingHandler (AbstractInternalLogger.java:log(150)) - [id: 0x98fa128d, L:0.0.0.0/0.0.0.0:42528] READ: [id: 0xff87a31c, L:/192.168.30.59:42528 - R:/192.168.30.59:58394]
2019-09-26 10:03:39,449 INFO  logging.LoggingHandler (AbstractInternalLogger.java:log(150)) - [id: 0xa287243a, L:/0.0.0.0:41916] READ: [id: 0x9d11b829, L:/192.168.30.59:41916 - R:/192.168.30.59:53082]
2019-09-26 10:03:39,449 INFO  logging.LoggingHandler (AbstractInternalLogger.java:log(150)) - [id: 0x404738b4, L:/0.0.0.0:37394] READ: [id: 0xdf29ca35, L:/192.168.30.59:37394 - R:/192.168.30.59:36022]
2019-09-26 10:03:39,449 INFO  logging.LoggingHandler (AbstractInternalLogger.java:log(150)) - [id: 0xa287243a, L:/0.0.0.0:41916] READ COMPLETE
2019-09-26 10:03:39,449 INFO  logging.LoggingHandler (AbstractInternalLogger.java:log(150)) - [id: 0x98fa128d, L:0.0.0.0/0.0.0.0:42528] READ COMPLETE
2019-09-26 10:03:39,450 INFO  logging.LoggingHandler (AbstractInternalLogger.java:log(150)) - [id: 0xa287243a, L:/0.0.0.0:41916] READ: [id: 0x3d7e2309, L:/192.168.30.59:41916 - R:/192.168.30.59:53088]
2019-09-26 10:03:39,450 INFO  logging.LoggingHandler (AbstractInternalLogger.java:log(150)) - [id: 0x404738b4, L:/0.0.0.0:37394] READ COMPLETE
2019-09-26 10:03:39,450 INFO  logging.LoggingHandler (AbstractInternalLogger.java:log(150)) - [id: 0xa287243a, L:/0.0.0.0:41916] READ COMPLETE
2019-09-26 10:03:39,450 INFO  logging.LoggingHandler (AbstractInternalLogger.java:log(150)) - [id: 0x98fa128d, L:0.0.0.0/0.0.0.0:42528] READ: [id: 0xf191956b, L:/192.168.30.59:42528 - R:/192.168.30.59:58398]
2019-09-26 10:03:39,450 INFO  logging.LoggingHandler (AbstractInternalLogger.java:log(150)) - [id: 0xa287243a, L:/0.0.0.0:41916] READ: [id: 0x391bfdf4, L:/192.168.30.59:41916 - R:/192.168.30.59:53096]
2019-09-26 10:03:39,450 INFO  logging.LoggingHandler (AbstractInternalLogger.java:log(150)) - [id: 0x404738b4, L:/0.0.0.0:37394] READ: [id: 0xba5de022, L:/192.168.30.59:37394 - R:/192.168.30.59:36026]
2019-09-26 10:03:39,450 INFO  logging.LoggingHandler (AbstractInternalLogger.java:log(150)) - [id: 0xa287243a, L:/0.0.0.0:41916] READ COMPLETE
2019-09-26 10:03:39,450 INFO  logging.LoggingHandler (AbstractInternalLogger.java:log(150)) - [id: 0x98fa128d, L:0.0.0.0/0.0.0.0:42528] READ COMPLETE
2019-09-26 10:03:39,451 INFO  logging.LoggingHandler (AbstractInternalLogger.java:log(150)) - [id: 0xa287243a, L:/0.0.0.0:41916] READ: [id: 0x16bcfd4b, L:/192.168.30.59:41916 - R:/192.168.30.59:53104]
2019-09-26 10:03:39,451 INFO  logging.LoggingHandler (AbstractInternalLogger.java:log(150)) - [id: 0x404738b4, L:/0.0.0.0:37394] READ COMPLETE
2019-09-26 10:03:39,451 INFO  logging.LoggingHandler (AbstractInternalLogger.java:log(150)) - [id: 0xa287243a, L:/0.0.0.0:41916] READ COMPLETE
2019-09-26 10:03:39,451 INFO  logging.LoggingHandler (AbstractInternalLogger.java:log(150)) - [id: 0x98fa128d, L:0.0.0.0/0.0.0.0:42528] READ: [id: 0xee134eed, L:/192.168.30.59:42528 - R:/192.168.30.59:58402]
2019-09-26 10:03:39,451 INFO  logging.LoggingHandler (AbstractInternalLogger.java:log(150)) - [id: 0xa287243a, L:/0.0.0.0:41916] READ: [id: 0x25eee086, L:/192.168.30.59:41916 - R:/192.168.30.59:53108]
2019-09-26 10:03:39,451 INFO  logging.LoggingHandler (AbstractInternalLogger.java:log(150)) - [id: 0x404738b4, L:/0.0.0.0:37394] READ: [id: 0x2d029cac, L:/192.168.30.59:37394 - R:/192.168.30.59:36032]
2019-09-26 10:03:39,451 INFO  logging.LoggingHandler (AbstractInternalLogger.java:log(150)) - [id: 0xa287243a, L:/0.0.0.0:41916] READ COMPLETE
2019-09-26 10:03:39,451 INFO  logging.LoggingHandler (AbstractInternalLogger.java:log(150)) - [id: 0x98fa128d, L:0.0.0.0/0.0.0.0:42528] READ COMPLETE
2019-09-26 10:03:39,452 INFO  logging.LoggingHandler (AbstractInternalLogger.java:log(150)) - [id: 0xa287243a, L:/0.0.0.0:41916] READ: [id: 0xbb2a0927, L:/192.168.30.59:41916 - R:/192.168.30.59:53120]
2019-09-26 10:03:39,452 INFO  logging.LoggingHandler (AbstractInternalLogger.java:log(150)) - [id: 0x404738b4, L:/0.0.0.0:37394] READ COMPLETE
2019-09-26 10:03:39,452 INFO  logging.LoggingHandler (AbstractInternalLogger.java:log(150)) - [id: 0xa287243a, L:/0.0.0.0:41916] READ COMPLETE
2019-09-26 10:03:39,452 INFO  logging.LoggingHandler (AbstractInternalLogger.java:log(150)) - [id: 0x98fa128d, L:0.0.0.0/0.0.0.0:42528] READ: [id: 0xe4bb5f87, L:/192.168.30.59:42528 - R:/192.168.30.59:58404]
2019-09-26 10:03:39,452 INFO  logging.LoggingHandler (AbstractInternalLogger.java:log(150)) - [id: 0xa287243a, L:/0.0.0.0:41916] READ: [id: 0x728738b0, L:/192.168.30.59:41916 - R:/192.168.30.59:53128]
2019-09-26 10:03:39,452 INFO  logging.LoggingHandler (AbstractInternalLogger.java:log(150)) - [id: 0x404738b4, L:/0.0.0.0:37394] READ: [id: 0xde8feb5b, L:/192.168.30.59:37394 - R:/192.168.30.59:36034]
2019-09-26 10:03:39,453 INFO  logging.LoggingHandler (AbstractInternalLogger.java:log(150)) - [id: 0xa287243a, L:/0.0.0.0:41916] READ COMPLETE
2019-09-26 10:03:39,453 INFO  logging.LoggingHandler (AbstractInternalLogger.java:log(150)) - [id: 0x98fa128d, L:0.0.0.0/0.0.0.0:42528] READ COMPLETE
2019-09-26 10:03:39,453 INFO  logging.LoggingHandler (AbstractInternalLogger.java:log(150)) - [id: 0xa287243a, L:/0.0.0.0:41916] READ: [id: 0xb071b8b1, L:/192.168.30.59:41916 - R:/192.168.30.59:53132]
2019-09-26 10:03:39,453 INFO  logging.LoggingHandler (AbstractInternalLogger.java:log(150)) - [id: 0x404738b4, L:/0.0.0.0:37394] READ COMPLETE
2019-09-26 10:03:39,453 INFO  logging.LoggingHandler (AbstractInternalLogger.java:log(150)) - [id: 0xa287243a, L:/0.0.0.0:41916] READ COMPLETE
2019-09-26 10:03:39,453 INFO  logging.LoggingHandler (AbstractInternalLogger.java:log(150)) - [id: 0x98fa128d, L:0.0.0.0/0.0.0.0:42528] READ: [id: 0x82b886ef, L:/192.168.30.59:42528 - R:/192.168.30.59:58416]
2019-09-26 10:03:39,453 INFO  logging.LoggingHandler (AbstractInternalLogger.java:log(150)) - [id: 0xa287243a, L:/0.0.0.0:41916] READ: [id: 0x09db60a1, L:/192.168.30.59:41916 - R:/192.168.30.59:53140]
2019-09-26 10:03:39,453 INFO  logging.LoggingHandler (AbstractInternalLogger.java:log(150)) - [id: 0x404738b4, L:/0.0.0.0:37394] READ: [id: 0x7269a381, L:/192.168.30.59:37394 - R:/192.168.30.59:36038]
2019-09-26 10:03:39,454 INFO  logging.LoggingHandler (AbstractInternalLogger.java:log(150)) - [id: 0xa287243a, L:/0.0.0.0:41916] READ COMPLETE
2019-09-26 10:03:39,454 INFO  logging.LoggingHandler (AbstractInternalLogger.java:log(150)) - [id: 0x98fa128d, L:0.0.0.0/0.0.0.0:42528] READ COMPLETE
2019-09-26 10:03:39,454 INFO  logging.LoggingHandler (AbstractInternalLogger.java:log(150)) - [id: 0x404738b4, L:/0.0.0.0:37394] READ COMPLETE
2019-09-26 10:03:39,454 INFO  logging.LoggingHandler (AbstractInternalLogger.java:log(150)) - [id: 0x98fa128d, L:0.0.0.0/0.0.0.0:42528] READ: [id: 0xf91a6203, L:/192.168.30.59:42528 - R:/192.168.30.59:58418]
2019-09-26 10:03:39,454 INFO  logging.LoggingHandler (AbstractInternalLogger.java:log(150)) - [id: 0x404738b4, L:/0.0.0.0:37394] READ: [id: 0xddbf8df1, L:/192.168.30.59:37394 - R:/192.168.30.59:36042]
2019-09-26 10:03:39,454 INFO  logging.LoggingHandler (AbstractInternalLogger.java:log(150)) - [id: 0x98fa128d, L:0.0.0.0/0.0.0.0:42528] READ COMPLETE
2019-09-26 10:03:39,455 INFO  logging.LoggingHandler (AbstractInternalLogger.java:log(150)) - [id: 0xa287243a, L:/0.0.0.0:41916] READ: [id: 0x78f18e42, L:/192.168.30.59:41916 - R:/192.168.30.59:53156]
2019-09-26 10:03:39,454 INFO  logging.LoggingHandler (AbstractInternalLogger.java:log(150)) - [id: 0x404738b4, L:/0.0.0.0:37394] READ COMPLETE
2019-09-26 10:03:39,455 INFO  logging.LoggingHandler (AbstractInternalLogger.java:log(150)) - [id: 0xa287243a, L:/0.0.0.0:41916] READ COMPLETE
2019-09-26 10:03:39,455 INFO  logging.LoggingHandler (AbstractInternalLogger.java:log(150)) - [id: 0x98fa128d, L:0.0.0.0/0.0.0.0:42528] READ: [id: 0x9ba1044a, L:/192.168.30.59:42528 - R:/192.168.30.59:58430]
2019-09-26 10:03:39,455 INFO  logging.LoggingHandler (AbstractInternalLogger.java:log(150)) - [id: 0xa287243a, L:/0.0.0.0:41916] READ: [id: 0xf1f91036, L:/192.168.30.59:41916 - R:/192.168.30.59:53158]
2019-09-26 10:03:39,455 INFO  logging.LoggingHandler (AbstractInternalLogger.java:log(150)) - [id: 0x404738b4, L:/0.0.0.0:37394] READ: [id: 0xb1e41ae2, L:/192.168.30.59:37394 - R:/192.168.30.59:36046]
2019-09-26 10:03:39,455 INFO  logging.LoggingHandler (AbstractInternalLogger.java:log(150)) - [id: 0xa287243a, L:/0.0.0.0:41916] READ COMPLETE
2019-09-26 10:03:39,455 INFO  logging.LoggingHandler (AbstractInternalLogger.java:log(150)) - [id: 0x98fa128d, L:0.0.0.0/0.0.0.0:42528] READ COMPLETE
2019-09-26 10:03:39,455 INFO  logging.LoggingHandler (AbstractInternalLogger.java:log(150)) - [id: 0x404738b4, L:/0.0.0.0:37394] READ COMPLETE
2019-09-26 10:03:39,456 INFO  logging.LoggingHandler (AbstractInternalLogger.java:log(150)) - [id: 0x98fa128d, L:0.0.0.0/0.0.0.0:42528] READ: [id: 0xab64d950, L:/192.168.30.59:42528 - R:/192.168.30.59:58432]
2019-09-26 10:03:39,456 INFO  logging.LoggingHandler (AbstractInternalLogger.java:log(150)) - [id: 0x404738b4, L:/0.0.0.0:37394] READ: [id: 0x81809b9a, L:/192.168.30.59:37394 - R:/192.168.30.59:36050]
2019-09-26 10:03:39,456 INFO  logging.LoggingHandler (AbstractInternalLogger.java:log(150)) - [id: 0x98fa128d, L:0.0.0.0/0.0.0.0:42528] READ COMPLETE
2019-09-26 10:03:39,456 INFO  logging.LoggingHandler (AbstractInternalLogger.java:log(150)) - [id: 0xa287243a, L:/0.0.0.0:41916] READ: [id: 0x038740dd, L:/192.168.30.59:41916 - R:/192.168.30.59:53168]
2019-09-26 10:03:39,456 INFO  logging.LoggingHandler (AbstractInternalLogger.java:log(150)) - [id: 0x404738b4, L:/0.0.0.0:37394] READ COMPLETE
2019-09-26 10:03:39,456 INFO  logging.LoggingHandler (AbstractInternalLogger.java:log(150)) - [id: 0xa287243a, L:/0.0.0.0:41916] READ COMPLETE
2019-09-26 10:03:39,456 INFO  logging.LoggingHandler (AbstractInternalLogger.java:log(150)) - [id: 0x98fa128d, L:0.0.0.0/0.0.0.0:42528] READ: [id: 0x70503e4a, L:/192.168.30.59:42528 - R:/192.168.30.59:58442]
2019-09-26 10:03:39,457 INFO  logging.LoggingHandler (AbstractInternalLogger.java:log(150)) - [id: 0xa287243a, L:/0.0.0.0:41916] READ: [id: 0x602fde41, L:/192.168.30.59:41916 - R:/192.168.30.59:53170]
2019-09-26 10:03:39,456 INFO  logging.LoggingHandler (AbstractInternalLogger.java:log(150)) - [id: 0x404738b4, L:/0.0.0.0:37394] READ: [id: 0xcea5cd7c, L:/192.168.30.59:37394 - R:/192.168.30.59:36054]
2019-09-26 10:03:39,457 INFO  logging.LoggingHandler (AbstractInternalLogger.java:log(150)) - [id: 0xa287243a, L:/0.0.0.0:41916] READ COMPLETE
2019-09-26 10:03:39,457 INFO  logging.LoggingHandler (AbstractInternalLogger.java:log(150)) - [id: 0x98fa128d, L:0.0.0.0/0.0.0.0:42528] READ COMPLETE
2019-09-26 10:03:39,457 INFO  logging.LoggingHandler (AbstractInternalLogger.java:log(150)) - [id: 0xa287243a, L:/0.0.0.0:41916] READ: [id: 0xaa9600d8, L:/192.168.30.59:41916 - R:/192.168.30.59:53172]
2019-09-26 10:03:39,457 INFO  logging.LoggingHandler (AbstractInternalLogger.java:log(150)) - [id: 0x404738b4, L:/0.0.0.0:37394] READ COMPLETE
2019-09-26 10:03:39,457 INFO  logging.LoggingHandler (AbstractInternalLogger.java:log(150)) - [id: 0xa287243a, L:/0.0.0.0:41916] READ COMPLETE
2019-09-26 10:03:39,457 INFO  logging.LoggingHandler (AbstractInternalLogger.java:log(150)) - [id: 0x98fa128d, L:0.0.0.0/0.0.0.0:42528] READ: [id: 0xff1fef82, L:/192.168.30.59:42528 - R:/192.168.30.59:58448]
2019-09-26 10:03:39,458 INFO  logging.LoggingHandler (AbstractInternalLogger.java:log(150)) - [id: 0xa287243a, L:/0.0.0.0:41916] READ: [id: 0xb7bf8615, L:/192.168.30.59:41916 - R:/192.168.30.59:53176]
2019-09-26 10:03:39,457 INFO  logging.LoggingHandler (AbstractInternalLogger.java:log(150)) - [id: 0x404738b4, L:/0.0.0.0:37394] READ: [id: 0x895b5591, L:/192.168.30.59:37394 - R:/192.168.30.59:36056]
2019-09-26 10:03:39,458 INFO  logging.LoggingHandler (AbstractInternalLogger.java:log(150)) - [id: 0xa287243a, L:/0.0.0.0:41916] READ COMPLETE
2019-09-26 10:03:39,458 INFO  logging.LoggingHandler (AbstractInternalLogger.java:log(150)) - [id: 0x98fa128d, L:0.0.0.0/0.0.0.0:42528] READ COMPLETE
2019-09-26 10:03:39,458 INFO  logging.LoggingHandler (AbstractInternalLogger.java:log(150)) - [id: 0xa287243a, L:/0.0.0.0:41916] READ: [id: 0xc039860b, L:/192.168.30.59:41916 - R:/192.168.30.59:53180]
2019-09-26 10:03:39,458 INFO  logging.LoggingHandler (AbstractInternalLogger.java:log(150)) - [id: 0x404738b4, L:/0.0.0.0:37394] READ COMPLETE
2019-09-26 10:03:39,458 INFO  logging.LoggingHandler (AbstractInternalLogger.java:log(150)) - [id: 0xa287243a, L:/0.0.0.0:41916] READ COMPLETE
2019-09-26 10:03:39,458 INFO  logging.LoggingHandler (AbstractInternalLogger.java:log(150)) - [id: 0x98fa128d, L:0.0.0.0/0.0.0.0:42528] READ: [id: 0x4e1f364e, L:/192.168.30.59:42528 - R:/192.168.30.59:58456]
2019-09-26 10:03:39,459 INFO  logging.LoggingHandler (AbstractInternalLogger.java:log(150)) - [id: 0xa287243a, L:/0.0.0.0:41916] READ: [id: 0x248bffb9, L:/192.168.30.59:41916 - R:/192.168.30.59:53188]
2019-09-26 10:03:39,459 INFO  logging.LoggingHandler (AbstractInternalLogger.java:log(150)) - [id: 0x404738b4, L:/0.0.0.0:37394] READ: [id: 0xa3bbc16e, L:/192.168.30.59:37394 - R:/192.168.30.59:36064]
2019-09-26 10:03:39,459 INFO  logging.LoggingHandler (AbstractInternalLogger.java:log(150)) - [id: 0xa287243a, L:/0.0.0.0:41916] READ COMPLETE
2019-09-26 10:03:39,459 INFO  logging.LoggingHandler (AbstractInternalLogger.java:log(150)) - [id: 0x98fa128d, L:0.0.0.0/0.0.0.0:42528] READ COMPLETE
2019-09-26 10:03:39,459 INFO  logging.LoggingHandler (AbstractInternalLogger.java:log(150)) - [id: 0x404738b4, L:/0.0.0.0:37394] READ COMPLETE
2019-09-26 10:03:39,459 INFO  logging.LoggingHandler (AbstractInternalLogger.java:log(150)) - [id: 0x98fa128d, L:0.0.0.0/0.0.0.0:42528] READ: [id: 0xba0e7ce4, L:/192.168.30.59:42528 - R:/192.168.30.59:58470]
2019-09-26 10:03:39,459 INFO  logging.LoggingHandler (AbstractInternalLogger.java:log(150)) - [id: 0x404738b4, L:/0.0.0.0:37394] READ: [id: 0x76b953cf, L:/192.168.30.59:37394 - R:/192.168.30.59:36072]
2019-09-26 10:03:39,459 INFO  logging.LoggingHandler (AbstractInternalLogger.java:log(150)) - [id: 0x98fa128d, L:0.0.0.0/0.0.0.0:42528] READ COMPLETE
2019-09-26 10:03:39,460 INFO  logging.LoggingHandler (AbstractInternalLogger.java:log(150)) - [id: 0xa287243a, L:/0.0.0.0:41916] READ: [id: 0x7a092681, L:/192.168.30.59:41916 - R:/192.168.30.59:53196]
2019-09-26 10:03:39,460 INFO  logging.LoggingHandler (AbstractInternalLogger.java:log(150)) - [id: 0x404738b4, L:/0.0.0.0:37394] READ COMPLETE
2019-09-26 10:03:39,460 INFO  logging.LoggingHandler (AbstractInternalLogger.java:log(150)) - [id: 0xa287243a, L:/0.0.0.0:41916] READ COMPLETE
2019-09-26 10:03:39,460 INFO  logging.LoggingHandler (AbstractInternalLogger.java:log(150)) - [id: 0x98fa128d, L:0.0.0.0/0.0.0.0:42528] READ: [id: 0x6f5f6557, L:/192.168.30.59:42528 - R:/192.168.30.59:58474]
2019-09-26 10:03:39,460 INFO  logging.LoggingHandler (AbstractInternalLogger.java:log(150)) - [id: 0x404738b4, L:/0.0.0.0:37394] READ: [id: 0xc96ee8a0, L:/192.168.30.59:37394 - R:/192.168.30.59:36074]
2019-09-26 10:03:39,460 INFO  logging.LoggingHandler (AbstractInternalLogger.java:log(150)) - [id: 0x98fa128d, L:0.0.0.0/0.0.0.0:42528] READ COMPLETE
2019-09-26 10:03:39,460 INFO  logging.LoggingHandler (AbstractInternalLogger.java:log(150)) - [id: 0x404738b4, L:/0.0.0.0:37394] READ COMPLETE
2019-09-26 10:03:39,461 INFO  logging.LoggingHandler (AbstractInternalLogger.java:log(150)) - [id: 0x98fa128d, L:0.0.0.0/0.0.0.0:42528] READ: [id: 0x6db2aaf5, L:/192.168.30.59:42528 - R:/192.168.30.59:58478]
2019-09-26 10:03:39,461 INFO  logging.LoggingHandler (AbstractInternalLogger.java:log(150)) - [id: 0x404738b4, L:/0.0.0.0:37394] READ: [id: 0xc0b5223e, L:/192.168.30.59:37394 - R:/192.168.30.59:36086]
2019-09-26 10:03:39,461 INFO  logging.LoggingHandler (AbstractInternalLogger.java:log(150)) - [id: 0x98fa128d, L:0.0.0.0/0.0.0.0:42528] READ COMPLETE
2019-09-26 10:03:39,461 INFO  logging.LoggingHandler (AbstractInternalLogger.java:log(150)) - [id: 0x404738b4, L:/0.0.0.0:37394] READ COMPLETE
2019-09-26 10:03:39,461 INFO  logging.LoggingHandler (AbstractInternalLogger.java:log(150)) - [id: 0x98fa128d, L:0.0.0.0/0.0.0.0:42528] READ: [id: 0x27b721ed, L:/192.168.30.59:42528 - R:/192.168.30.59:58480]
2019-09-26 10:03:39,461 INFO  logging.LoggingHandler (AbstractInternalLogger.java:log(150)) - [id: 0xa287243a, L:/0.0.0.0:41916] READ: [id: 0x9e0002e4, L:/192.168.30.59:41916 - R:/192.168.30.59:53206]
2019-09-26 10:03:39,461 INFO  logging.LoggingHandler (AbstractInternalLogger.java:log(150)) - [id: 0x98fa128d, L:0.0.0.0/0.0.0.0:42528] READ COMPLETE
2019-09-26 10:03:39,461 INFO  logging.LoggingHandler (AbstractInternalLogger.java:log(150)) - [id: 0x404738b4, L:/0.0.0.0:37394] READ: [id: 0x36866658, L:/192.168.30.59:37394 - R:/192.168.30.59:36094]
2019-09-26 10:03:39,462 INFO  logging.LoggingHandler (AbstractInternalLogger.java:log(150)) - [id: 0x98fa128d, L:0.0.0.0/0.0.0.0:42528] READ: [id: 0x74ba6c70, L:/192.168.30.59:42528 - R:/192.168.30.59:58482]
2019-09-26 10:03:39,461 INFO  logging.LoggingHandler (AbstractInternalLogger.java:log(150)) - [id: 0xa287243a, L:/0.0.0.0:41916] READ COMPLETE
2019-09-26 10:03:39,462 INFO  logging.LoggingHandler (AbstractInternalLogger.java:log(150)) - [id: 0x98fa128d, L:0.0.0.0/0.0.0.0:42528] READ COMPLETE
2019-09-26 10:03:39,462 INFO  logging.LoggingHandler (AbstractInternalLogger.java:log(150)) - [id: 0x404738b4, L:/0.0.0.0:37394] READ COMPLETE
2019-09-26 10:03:39,462 INFO  logging.LoggingHandler (AbstractInternalLogger.java:log(150)) - [id: 0x98fa128d, L:0.0.0.0/0.0.0.0:42528] READ: [id: 0xb8882f53, L:/192.168.30.59:42528 - R:/192.168.30.59:58492]
2019-09-26 10:03:39,462 INFO  logging.LoggingHandler (AbstractInternalLogger.java:log(150)) - [id: 0xa287243a, L:/0.0.0.0:41916] READ: [id: 0x1e029195, L:/192.168.30.59:41916 - R:/192.168.30.59:53210]
2019-09-26 10:03:39,462 INFO  logging.LoggingHandler (AbstractInternalLogger.java:log(150)) - [id: 0x98fa128d, L:0.0.0.0/0.0.0.0:42528] READ COMPLETE
2019-09-26 10:03:39,462 INFO  logging.LoggingHandler (AbstractInternalLogger.java:log(150)) - [id: 0x404738b4, L:/0.0.0.0:37394] READ: [id: 0xd6c0d1f1, L:/192.168.30.59:37394 - R:/192.168.30.59:36098]
2019-09-26 10:03:39,463 INFO  logging.LoggingHandler (AbstractInternalLogger.java:log(150)) - [id: 0x98fa128d, L:0.0.0.0/0.0.0.0:42528] READ: [id: 0x3af05062, L:/192.168.30.59:42528 - R:/192.168.30.59:58494]
2019-09-26 10:03:39,462 INFO  logging.LoggingHandler (AbstractInternalLogger.java:log(150)) - [id: 0xa287243a, L:/0.0.0.0:41916] READ COMPLETE
2019-09-26 10:03:39,463 INFO  logging.LoggingHandler (AbstractInternalLogger.java:log(150)) - [id: 0x98fa128d, L:0.0.0.0/0.0.0.0:42528] READ COMPLETE
2019-09-26 10:03:39,463 INFO  logging.LoggingHandler (AbstractInternalLogger.java:log(150)) - [id: 0x404738b4, L:/0.0.0.0:37394] READ COMPLETE
2019-09-26 10:03:39,463 INFO  logging.LoggingHandler (AbstractInternalLogger.java:log(150)) - [id: 0x98fa128d, L:0.0.0.0/0.0.0.0:42528] READ: [id: 0xbabd00e2, L:/192.168.30.59:42528 - R:/192.168.30.59:58496]
2019-09-26 10:03:39,463 INFO  logging.LoggingHandler (AbstractInternalLogger.java:log(150)) - [id: 0xa287243a, L:/0.0.0.0:41916] READ: [id: 0x70dfff8a, L:/192.168.30.59:41916 - R:/192.168.30.59:53212]
2019-09-26 10:03:39,463 INFO  logging.LoggingHandler (AbstractInternalLogger.java:log(150)) - [id: 0x98fa128d, L:0.0.0.0/0.0.0.0:42528] READ COMPLETE
2019-09-26 10:03:39,463 INFO  logging.LoggingHandler (AbstractInternalLogger.java:log(150)) - [id: 0x404738b4, L:/0.0.0.0:37394] READ: [id: 0xe44f1f03, L:/192.168.30.59:37394 - R:/192.168.30.59:36102]
2019-09-26 10:03:39,464 INFO  logging.LoggingHandler (AbstractInternalLogger.java:log(150)) - [id: 0x98fa128d, L:0.0.0.0/0.0.0.0:42528] READ: [id: 0x1dc175e8, L:/192.168.30.59:42528 - R:/192.168.30.59:58522]
2019-09-26 10:03:39,463 INFO  logging.LoggingHandler (AbstractInternalLogger.java:log(150)) - [id: 0xa287243a, L:/0.0.0.0:41916] READ COMPLETE
2019-09-26 10:03:39,464 INFO  logging.LoggingHandler (AbstractInternalLogger.java:log(150)) - [id: 0x98fa128d, L:0.0.0.0/0.0.0.0:42528] READ COMPLETE
2019-09-26 10:03:39,464 INFO  logging.LoggingHandler (AbstractInternalLogger.java:log(150)) - [id: 0x404738b4, L:/0.0.0.0:37394] READ COMPLETE
2019-09-26 10:03:39,464 INFO  logging.LoggingHandler (AbstractInternalLogger.java:log(150)) - [id: 0x98fa128d, L:0.0.0.0/0.0.0.0:42528] READ: [id: 0x52a4c5ba, L:/192.168.30.59:42528 - R:/192.168.30.59:58526]
2019-09-26 10:03:39,464 INFO  logging.LoggingHandler (AbstractInternalLogger.java:log(150)) - [id: 0xa287243a, L:/0.0.0.0:41916] READ: [id: 0x72554efc, L:/192.168.30.59:41916 - R:/192.168.30.59:53216]
2019-09-26 10:03:39,464 INFO  logging.LoggingHandler (AbstractInternalLogger.java:log(150)) - [id: 0x98fa128d, L:0.0.0.0/0.0.0.0:42528] READ COMPLETE
2019-09-26 10:03:39,464 INFO  logging.LoggingHandler (AbstractInternalLogger.java:log(150)) - [id: 0x404738b4, L:/0.0.0.0:37394] READ: [id: 0xd8c4314e, L:/192.168.30.59:37394 - R:/192.168.30.59:36104]
2019-09-26 10:03:39,465 INFO  logging.LoggingHandler (AbstractInternalLogger.java:log(150)) - [id: 0x98fa128d, L:0.0.0.0/0.0.0.0:42528] READ: [id: 0x51edafbe, L:/192.168.30.59:42528 - R:/192.168.30.59:58532]
2019-09-26 10:03:39,464 INFO  logging.LoggingHandler (AbstractInternalLogger.java:log(150)) - [id: 0xa287243a, L:/0.0.0.0:41916] READ COMPLETE
2019-09-26 10:03:39,465 INFO  logging.LoggingHandler (AbstractInternalLogger.java:log(150)) - [id: 0x98fa128d, L:0.0.0.0/0.0.0.0:42528] READ COMPLETE
2019-09-26 10:03:39,465 INFO  logging.LoggingHandler (AbstractInternalLogger.java:log(150)) - [id: 0x404738b4, L:/0.0.0.0:37394] READ COMPLETE
2019-09-26 10:03:39,465 INFO  logging.LoggingHandler (AbstractInternalLogger.java:log(150)) - [id: 0x98fa128d, L:0.0.0.0/0.0.0.0:42528] READ: [id: 0xece8aa9e, L:/192.168.30.59:42528 - R:/192.168.30.59:58554]
2019-09-26 10:03:39,465 INFO  logging.LoggingHandler (AbstractInternalLogger.java:log(150)) - [id: 0xa287243a, L:/0.0.0.0:41916] READ: [id: 0x73afb732, L:/192.168.30.59:41916 - R:/192.168.30.59:53224]
2019-09-26 10:03:39,465 INFO  logging.LoggingHandler (AbstractInternalLogger.java:log(150)) - [id: 0x98fa128d, L:0.0.0.0/0.0.0.0:42528] READ COMPLETE
2019-09-26 10:03:39,465 INFO  logging.LoggingHandler (AbstractInternalLogger.java:log(150)) - [id: 0x404738b4, L:/0.0.0.0:37394] READ: [id: 0x15208515, L:/192.168.30.59:37394 - R:/192.168.30.59:36106]
2019-09-26 10:03:39,466 INFO  logging.LoggingHandler (AbstractInternalLogger.java:log(150)) - [id: 0x98fa128d, L:0.0.0.0/0.0.0.0:42528] READ: [id: 0xad38aacb, L:/192.168.30.59:42528 - R:/192.168.30.59:58562]
2019-09-26 10:03:39,466 INFO  logging.LoggingHandler (AbstractInternalLogger.java:log(150)) - [id: 0xa287243a, L:/0.0.0.0:41916] READ COMPLETE
2019-09-26 10:03:39,466 INFO  logging.LoggingHandler (AbstractInternalLogger.java:log(150)) - [id: 0x98fa128d, L:0.0.0.0/0.0.0.0:42528] READ COMPLETE
2019-09-26 10:03:39,466 INFO  logging.LoggingHandler (AbstractInternalLogger.java:log(150)) - [id: 0xa287243a, L:/0.0.0.0:41916] READ: [id: 0x4900e9f4, L:/192.168.30.59:41916 - R:/192.168.30.59:53228]
2019-09-26 10:03:39,466 INFO  logging.LoggingHandler (AbstractInternalLogger.java:log(150)) - [id: 0x404738b4, L:/0.0.0.0:37394] READ COMPLETE
2019-09-26 10:03:39,466 INFO  logging.LoggingHandler (AbstractInternalLogger.java:log(150)) - [id: 0xa287243a, L:/0.0.0.0:41916] READ COMPLETE
2019-09-26 10:03:39,466 INFO  logging.LoggingHandler (AbstractInternalLogger.java:log(150)) - [id: 0x98fa128d, L:0.0.0.0/0.0.0.0:42528] READ: [id: 0x86349d71, L:/192.168.30.59:42528 - R:/192.168.30.59:58572]
2019-09-26 10:03:39,467 INFO  logging.LoggingHandler (AbstractInternalLogger.java:log(150)) - [id: 0xa287243a, L:/0.0.0.0:41916] READ: [id: 0xf3311507, L:/192.168.30.59:41916 - R:/192.168.30.59:53234]
2019-09-26 10:03:39,467 INFO  logging.LoggingHandler (AbstractInternalLogger.java:log(150)) - [id: 0x404738b4, L:/0.0.0.0:37394] READ: [id: 0xa2e71176, L:/192.168.30.59:37394 - R:/192.168.30.59:36112]
2019-09-26 10:03:39,467 INFO  logging.LoggingHandler (AbstractInternalLogger.java:log(150)) - [id: 0xa287243a, L:/0.0.0.0:41916] READ COMPLETE
2019-09-26 10:03:39,467 INFO  logging.LoggingHandler (AbstractInternalLogger.java:log(150)) - [id: 0x98fa128d, L:0.0.0.0/0.0.0.0:42528] READ COMPLETE
2019-09-26 10:03:39,467 INFO  logging.LoggingHandler (AbstractInternalLogger.java:log(150)) - [id: 0xa287243a, L:/0.0.0.0:41916] READ: [id: 0x50cbd3b6, L:/192.168.30.59:41916 - R:/192.168.30.59:53236]
2019-09-26 10:03:39,467 INFO  logging.LoggingHandler (AbstractInternalLogger.java:log(150)) - [id: 0x404738b4, L:/0.0.0.0:37394] READ COMPLETE
2019-09-26 10:03:39,467 INFO  logging.LoggingHandler (AbstractInternalLogger.java:log(150)) - [id: 0xa287243a, L:/0.0.0.0:41916] READ COMPLETE
2019-09-26 10:03:39,467 INFO  logging.LoggingHandler (AbstractInternalLogger.java:log(150)) - [id: 0x98fa128d, L:0.0.0.0/0.0.0.0:42528] READ: [id: 0x2fef5656, L:/192.168.30.59:42528 - R:/192.168.30.59:58580]
2019-09-26 10:03:39,468 INFO  logging.LoggingHandler (AbstractInternalLogger.java:log(150)) - [id: 0xa287243a, L:/0.0.0.0:41916] READ: [id: 0xa3705d32, L:/192.168.30.59:41916 - R:/192.168.30.59:53238]
2019-09-26 10:03:39,468 INFO  logging.LoggingHandler (AbstractInternalLogger.java:log(150)) - [id: 0x404738b4, L:/0.0.0.0:37394] READ: [id: 0x4de61bb3, L:/192.168.30.59:37394 - R:/192.168.30.59:36118]
2019-09-26 10:03:39,468 INFO  logging.LoggingHandler (AbstractInternalLogger.java:log(150)) - [id: 0xa287243a, L:/0.0.0.0:41916] READ COMPLETE
2019-09-26 10:03:39,468 INFO  logging.LoggingHandler (AbstractInternalLogger.java:log(150)) - [id: 0x98fa128d, L:0.0.0.0/0.0.0.0:42528] READ COMPLETE
2019-09-26 10:03:39,468 INFO  logging.LoggingHandler (AbstractInternalLogger.java:log(150)) - [id: 0xa287243a, L:/0.0.0.0:41916] READ: [id: 0x328eaf97, L:/192.168.30.59:41916 - R:/192.168.30.59:53242]
2019-09-26 10:03:39,468 INFO  logging.LoggingHandler (AbstractInternalLogger.java:log(150)) - [id: 0x404738b4, L:/0.0.0.0:37394] READ COMPLETE
2019-09-26 10:03:39,468 INFO  logging.LoggingHandler (AbstractInternalLogger.java:log(150)) - [id: 0xa287243a, L:/0.0.0.0:41916] READ COMPLETE
2019-09-26 10:03:39,468 INFO  logging.LoggingHandler (AbstractInternalLogger.java:log(150)) - [id: 0x98fa128d, L:0.0.0.0/0.0.0.0:42528] READ: [id: 0x934c3352, L:/192.168.30.59:42528 - R:/192.168.30.59:58592]
2019-09-26 10:03:39,469 INFO  logging.LoggingHandler (AbstractInternalLogger.java:log(150)) - [id: 0xa287243a, L:/0.0.0.0:41916] READ: [id: 0x3ce2899c, L:/192.168.30.59:41916 - R:/192.168.30.59:53244]
2019-09-26 10:03:39,469 INFO  logging.LoggingHandler (AbstractInternalLogger.java:log(150)) - [id: 0x404738b4, L:/0.0.0.0:37394] READ: [id: 0x0a0cb8ee, L:/192.168.30.59:37394 - R:/192.168.30.59:36122]
2019-09-26 10:03:39,469 INFO  logging.LoggingHandler (AbstractInternalLogger.java:log(150)) - [id: 0xa287243a, L:/0.0.0.0:41916] READ COMPLETE
2019-09-26 10:03:39,469 INFO  logging.LoggingHandler (AbstractInternalLogger.java:log(150)) - [id: 0x98fa128d, L:0.0.0.0/0.0.0.0:42528] READ COMPLETE
2019-09-26 10:03:39,469 INFO  logging.LoggingHandler (AbstractInternalLogger.java:log(150)) - [id: 0xa287243a, L:/0.0.0.0:41916] READ: [id: 0xeaddb286, L:/192.168.30.59:41916 - R:/192.168.30.59:53246]
2019-09-26 10:03:39,469 INFO  logging.LoggingHandler (AbstractInternalLogger.java:log(150)) - [id: 0x404738b4, L:/0.0.0.0:37394] READ COMPLETE
2019-09-26 10:03:39,470 INFO  logging.LoggingHandler (AbstractInternalLogger.java:log(150)) - [id: 0xa287243a, L:/0.0.0.0:41916] READ COMPLETE
2019-09-26 10:03:39,469 INFO  logging.LoggingHandler (AbstractInternalLogger.java:log(150)) - [id: 0x98fa128d, L:0.0.0.0/0.0.0.0:42528] READ: [id: 0x88c0cfd3, L:/192.168.30.59:42528 - R:/192.168.30.59:58598]
2019-09-26 10:03:39,470 INFO  logging.LoggingHandler (AbstractInternalLogger.java:log(150)) - [id: 0xa287243a, L:/0.0.0.0:41916] READ: [id: 0x5a5be152, L:/192.168.30.59:41916 - R:/192.168.30.59:53250]
2019-09-26 10:03:39,470 INFO  logging.LoggingHandler (AbstractInternalLogger.java:log(150)) - [id: 0x404738b4, L:/0.0.0.0:37394] READ: [id: 0x28e22291, L:/192.168.30.59:37394 - R:/192.168.30.59:36124]
2019-09-26 10:03:39,470 INFO  logging.LoggingHandler (AbstractInternalLogger.java:log(150)) - [id: 0xa287243a, L:/0.0.0.0:41916] READ COMPLETE
2019-09-26 10:03:39,470 INFO  logging.LoggingHandler (AbstractInternalLogger.java:log(150)) - [id: 0x98fa128d, L:0.0.0.0/0.0.0.0:42528] READ COMPLETE
2019-09-26 10:03:39,470 INFO  logging.LoggingHandler (AbstractInternalLogger.java:log(150)) - [id: 0xa287243a, L:/0.0.0.0:41916] READ: [id: 0x788140fb, L:/192.168.30.59:41916 - R:/192.168.30.59:53264]
2019-09-26 10:03:39,470 INFO  logging.LoggingHandler (AbstractInternalLogger.java:log(150)) - [id: 0x404738b4, L:/0.0.0.0:37394] READ COMPLETE
2019-09-26 10:03:39,470 INFO  logging.LoggingHandler (AbstractInternalLogger.java:log(150)) - [id: 0xa287243a, L:/0.0.0.0:41916] READ COMPLETE
2019-09-26 10:03:39,470 INFO  logging.LoggingHandler (AbstractInternalLogger.java:log(150)) - [id: 0x98fa128d, L:0.0.0.0/0.0.0.0:42528] READ: [id: 0xa1ceb73a, L:/192.168.30.59:42528 - R:/192.168.30.59:58600]
2019-09-26 10:03:39,471 INFO  logging.LoggingHandler (AbstractInternalLogger.java:log(150)) - [id: 0xa287243a, L:/0.0.0.0:41916] READ: [id: 0xe9d9f72c, L:/192.168.30.59:41916 - R:/192.168.30.59:53272]
2019-09-26 10:03:39,471 INFO  logging.LoggingHandler (AbstractInternalLogger.java:log(150)) - [id: 0x404738b4, L:/0.0.0.0:37394] READ: [id: 0xe1f2d5a7, L:/192.168.30.59:37394 - R:/192.168.30.59:36128]
2019-09-26 10:03:39,471 INFO  logging.LoggingHandler (AbstractInternalLogger.java:log(150)) - [id: 0xa287243a, L:/0.0.0.0:41916] READ COMPLETE
2019-09-26 10:03:39,471 INFO  logging.LoggingHandler (AbstractInternalLogger.java:log(150)) - [id: 0x98fa128d, L:0.0.0.0/0.0.0.0:42528] READ COMPLETE
2019-09-26 10:03:39,471 INFO  logging.LoggingHandler (AbstractInternalLogger.java:log(150)) - [id: 0xa287243a, L:/0.0.0.0:41916] READ: [id: 0x3f760fa8, L:/192.168.30.59:41916 - R:/192.168.30.59:53276]
2019-09-26 10:03:39,471 INFO  logging.LoggingHandler (AbstractInternalLogger.java:log(150)) - [id: 0x404738b4, L:/0.0.0.0:37394] READ COMPLETE
2019-09-26 10:03:39,471 INFO  logging.LoggingHandler (AbstractInternalLogger.java:log(150)) - [id: 0xa287243a, L:/0.0.0.0:41916] READ COMPLETE
2019-09-26 10:03:39,471 INFO  logging.LoggingHandler (AbstractInternalLogger.java:log(150)) - [id: 0x98fa128d, L:0.0.0.0/0.0.0.0:42528] READ: [id: 0x8de31e32, L:/192.168.30.59:42528 - R:/192.168.30.59:58602]
2019-09-26 10:03:39,472 INFO  logging.LoggingHandler (AbstractInternalLogger.java:log(150)) - [id: 0xa287243a, L:/0.0.0.0:41916] READ: [id: 0x8a3c994d, L:/192.168.30.59:41916 - R:/192.168.30.59:53280]
2019-09-26 10:03:39,472 INFO  logging.LoggingHandler (AbstractInternalLogger.java:log(150)) - [id: 0x404738b4, L:/0.0.0.0:37394] READ: [id: 0x96850933, L:/192.168.30.59:37394 - R:/192.168.30.59:36134]
2019-09-26 10:03:39,472 INFO  logging.LoggingHandler (AbstractInternalLogger.java:log(150)) - [id: 0xa287243a, L:/0.0.0.0:41916] READ COMPLETE
2019-09-26 10:03:39,472 INFO  logging.LoggingHandler (AbstractInternalLogger.java:log(150)) - [id: 0x98fa128d, L:0.0.0.0/0.0.0.0:42528] READ COMPLETE
2019-09-26 10:03:39,472 INFO  logging.LoggingHandler (AbstractInternalLogger.java:log(150)) - [id: 0xa287243a, L:/0.0.0.0:41916] READ: [id: 0xc83a8c9e, L:/192.168.30.59:41916 - R:/192.168.30.59:53288]
2019-09-26 10:03:39,472 INFO  logging.LoggingHandler (AbstractInternalLogger.java:log(150)) - [id: 0x404738b4, L:/0.0.0.0:37394] READ COMPLETE
2019-09-26 10:03:39,473 INFO  logging.LoggingHandler (AbstractInternalLogger.java:log(150)) - [id: 0xa287243a, L:/0.0.0.0:41916] READ COMPLETE
2019-09-26 10:03:39,473 INFO  logging.LoggingHandler (AbstractInternalLogger.java:log(150)) - [id: 0x98fa128d, L:0.0.0.0/0.0.0.0:42528] READ: [id: 0x849c90cf, L:/192.168.30.59:42528 - R:/192.168.30.59:58606]
2019-09-26 10:03:39,473 INFO  logging.LoggingHandler (AbstractInternalLogger.java:log(150)) - [id: 0xa287243a, L:/0.0.0.0:41916] READ: [id: 0x2da36cab, L:/192.168.30.59:41916 - R:/192.168.30.59:53292]
2019-09-26 10:03:39,473 INFO  logging.LoggingHandler (AbstractInternalLogger.java:log(150)) - [id: 0x404738b4, L:/0.0.0.0:37394] READ: [id: 0x65f1cc1e, L:/192.168.30.59:37394 - R:/192.168.30.59:36138]
2019-09-26 10:03:39,473 INFO  logging.LoggingHandler (AbstractInternalLogger.java:log(150)) - [id: 0xa287243a, L:/0.0.0.0:41916] READ COMPLETE
2019-09-26 10:03:39,473 INFO  logging.LoggingHandler (AbstractInternalLogger.java:log(150)) - [id: 0x98fa128d, L:0.0.0.0/0.0.0.0:42528] READ COMPLETE
2019-09-26 10:03:39,473 INFO  logging.LoggingHandler (AbstractInternalLogger.java:log(150)) - [id: 0xa287243a, L:/0.0.0.0:41916] READ: [id: 0x7e409900, L:/192.168.30.59:41916 - R:/192.168.30.59:53296]
2019-09-26 10:03:39,473 INFO  logging.LoggingHandler (AbstractInternalLogger.java:log(150)) - [id: 0x404738b4, L:/0.0.0.0:37394] READ COMPLETE
2019-09-26 10:03:39,474 INFO  logging.LoggingHandler (AbstractInternalLogger.java:log(150)) - [id: 0xa287243a, L:/0.0.0.0:41916] READ COMPLETE
2019-09-26 10:03:39,474 INFO  logging.LoggingHandler (AbstractInternalLogger.java:log(150)) - [id: 0x98fa128d, L:0.0.0.0/0.0.0.0:42528] READ: [id: 0x1404df75, L:/192.168.30.59:42528 - R:/192.168.30.59:58616]
2019-09-26 10:03:39,474 INFO  logging.LoggingHandler (AbstractInternalLogger.java:log(150)) - [id: 0xa287243a, L:/0.0.0.0:41916] READ: [id: 0x06e42c8a, L:/192.168.30.59:41916 - R:/192.168.30.59:53300]
2019-09-26 10:03:39,474 INFO  logging.LoggingHandler (AbstractInternalLogger.java:log(150)) - [id: 0x404738b4, L:/0.0.0.0:37394] READ: [id: 0xc990c244, L:/192.168.30.59:37394 - R:/192.168.30.59:36140]
2019-09-26 10:03:39,474 INFO  logging.LoggingHandler (AbstractInternalLogger.java:log(150)) - [id: 0xa287243a, L:/0.0.0.0:41916] READ COMPLETE
2019-09-26 10:03:39,474 INFO  logging.LoggingHandler (AbstractInternalLogger.java:log(150)) - [id: 0x98fa128d, L:0.0.0.0/0.0.0.0:42528] READ COMPLETE
2019-09-26 10:03:39,474 INFO  logging.LoggingHandler (AbstractInternalLogger.java:log(150)) - [id: 0xa287243a, L:/0.0.0.0:41916] READ: [id: 0x77205ca7, L:/192.168.30.59:41916 - R:/192.168.30.59:53304]
2019-09-26 10:03:39,474 INFO  logging.LoggingHandler (AbstractInternalLogger.java:log(150)) - [id: 0x404738b4, L:/0.0.0.0:37394] READ COMPLETE
2019-09-26 10:03:39,475 INFO  logging.LoggingHandler (AbstractInternalLogger.java:log(150)) - [id: 0xa287243a, L:/0.0.0.0:41916] READ COMPLETE
2019-09-26 10:03:39,475 INFO  logging.LoggingHandler (AbstractInternalLogger.java:log(150)) - [id: 0x98fa128d, L:0.0.0.0/0.0.0.0:42528] READ: [id: 0x08b3f522, L:/192.168.30.59:42528 - R:/192.168.30.59:58618]
2019-09-26 10:03:39,475 INFO  logging.LoggingHandler (AbstractInternalLogger.java:log(150)) - [id: 0xa287243a, L:/0.0.0.0:41916] READ: [id: 0xad3235ea, L:/192.168.30.59:41916 - R:/192.168.30.59:53308]
2019-09-26 10:03:39,475 INFO  logging.LoggingHandler (AbstractInternalLogger.java:log(150)) - [id: 0x404738b4, L:/0.0.0.0:37394] READ: [id: 0x8428dfc8, L:/192.168.30.59:37394 - R:/192.168.30.59:36146]
2019-09-26 10:03:39,475 INFO  logging.LoggingHandler (AbstractInternalLogger.java:log(150)) - [id: 0xa287243a, L:/0.0.0.0:41916] READ COMPLETE
2019-09-26 10:03:39,475 INFO  logging.LoggingHandler (AbstractInternalLogger.java:log(150)) - [id: 0x98fa128d, L:0.0.0.0/0.0.0.0:42528] READ COMPLETE
2019-09-26 10:03:39,475 INFO  logging.LoggingHandler (AbstractInternalLogger.java:log(150)) - [id: 0xa287243a, L:/0.0.0.0:41916] READ: [id: 0x06b4e6f8, L:/192.168.30.59:41916 - R:/192.168.30.59:53312]
2019-09-26 10:03:39,475 INFO  logging.LoggingHandler (AbstractInternalLogger.java:log(150)) - [id: 0x404738b4, L:/0.0.0.0:37394] READ COMPLETE
2019-09-26 10:03:39,476 INFO  logging.LoggingHandler (AbstractInternalLogger.java:log(150)) - [id: 0xa287243a, L:/0.0.0.0:41916] READ COMPLETE
2019-09-26 10:03:39,476 INFO  logging.LoggingHandler (AbstractInternalLogger.java:log(150)) - [id: 0x98fa128d, L:0.0.0.0/0.0.0.0:42528] READ: [id: 0x9697a0c2, L:/192.168.30.59:42528 - R:/192.168.30.59:58622]
2019-09-26 10:03:39,476 INFO  logging.LoggingHandler (AbstractInternalLogger.java:log(150)) - [id: 0xa287243a, L:/0.0.0.0:41916] READ: [id: 0xd6deef53, L:/192.168.30.59:41916 - R:/192.168.30.59:53324]
2019-09-26 10:03:39,476 INFO  logging.LoggingHandler (AbstractInternalLogger.java:log(150)) - [id: 0x404738b4, L:/0.0.0.0:37394] READ: [id: 0xfe122728, L:/192.168.30.59:37394 - R:/192.168.30.59:36172]
2019-09-26 10:03:39,476 INFO  logging.LoggingHandler (AbstractInternalLogger.java:log(150)) - [id: 0xa287243a, L:/0.0.0.0:41916] READ COMPLETE
2019-09-26 10:03:39,476 INFO  logging.LoggingHandler (AbstractInternalLogger.java:log(150)) - [id: 0x98fa128d, L:0.0.0.0/0.0.0.0:42528] READ COMPLETE
2019-09-26 10:03:39,476 INFO  logging.LoggingHandler (AbstractInternalLogger.java:log(150)) - [id: 0x404738b4, L:/0.0.0.0:37394] READ COMPLETE
2019-09-26 10:03:39,477 INFO  logging.LoggingHandler (AbstractInternalLogger.java:log(150)) - [id: 0xa287243a, L:/0.0.0.0:41916] READ: [id: 0xe6d7d2ba, L:/192.168.30.59:41916 - R:/192.168.30.59:53328]
2019-09-26 10:03:39,477 INFO  logging.LoggingHandler (AbstractInternalLogger.java:log(150)) - [id: 0x98fa128d, L:0.0.0.0/0.0.0.0:42528] READ: [id: 0x4d60fcc3, L:/192.168.30.59:42528 - R:/192.168.30.59:58634]
2019-09-26 10:03:39,477 INFO  logging.LoggingHandler (AbstractInternalLogger.java:log(150)) - [id: 0xa287243a, L:/0.0.0.0:41916] READ COMPLETE
2019-09-26 10:03:39,477 INFO  logging.LoggingHandler (AbstractInternalLogger.java:log(150)) - [id: 0x404738b4, L:/0.0.0.0:37394] READ: [id: 0x3d81dd2f, L:/192.168.30.59:37394 - R:/192.168.30.59:36174]
2019-09-26 10:03:39,477 INFO  logging.LoggingHandler (AbstractInternalLogger.java:log(150)) - [id: 0xa287243a, L:/0.0.0.0:41916] READ: [id: 0xaf518f73, L:/192.168.30.59:41916 - R:/192.168.30.59:53332]
2019-09-26 10:03:39,477 INFO  logging.LoggingHandler (AbstractInternalLogger.java:log(150)) - [id: 0x98fa128d, L:0.0.0.0/0.0.0.0:42528] READ COMPLETE
2019-09-26 10:03:39,477 INFO  logging.LoggingHandler (AbstractInternalLogger.java:log(150)) - [id: 0xa287243a, L:/0.0.0.0:41916] READ COMPLETE
2019-09-26 10:03:39,477 INFO  logging.LoggingHandler (AbstractInternalLogger.java:log(150)) - [id: 0x404738b4, L:/0.0.0.0:37394] READ COMPLETE
2019-09-26 10:03:39,478 INFO  logging.LoggingHandler (AbstractInternalLogger.java:log(150)) - [id: 0xa287243a, L:/0.0.0.0:41916] READ: [id: 0x993eff42, L:/192.168.30.59:41916 - R:/192.168.30.59:53336]
2019-09-26 10:03:39,478 INFO  logging.LoggingHandler (AbstractInternalLogger.java:log(150)) - [id: 0x98fa128d, L:0.0.0.0/0.0.0.0:42528] READ: [id: 0xbcf15f00, L:/192.168.30.59:42528 - R:/192.168.30.59:58646]
2019-09-26 10:03:39,478 INFO  logging.LoggingHandler (AbstractInternalLogger.java:log(150)) - [id: 0xa287243a, L:/0.0.0.0:41916] READ COMPLETE
2019-09-26 10:03:39,478 INFO  logging.LoggingHandler (AbstractInternalLogger.java:log(150)) - [id: 0x404738b4, L:/0.0.0.0:37394] READ: [id: 0x97366651, L:/192.168.30.59:37394 - R:/192.168.30.59:36176]
2019-09-26 10:03:39,478 INFO  logging.LoggingHandler (AbstractInternalLogger.java:log(150)) - [id: 0xa287243a, L:/0.0.0.0:41916] READ: [id: 0x19c6bb39, L:/192.168.30.59:41916 - R:/192.168.30.59:53338]
2019-09-26 10:03:39,478 INFO  logging.LoggingHandler (AbstractInternalLogger.java:log(150)) - [id: 0x98fa128d, L:0.0.0.0/0.0.0.0:42528] READ COMPLETE
2019-09-26 10:03:39,478 INFO  logging.LoggingHandler (AbstractInternalLogger.java:log(150)) - [id: 0xa287243a, L:/0.0.0.0:41916] READ COMPLETE
2019-09-26 10:03:39,478 INFO  logging.LoggingHandler (AbstractInternalLogger.java:log(150)) - [id: 0x404738b4, L:/0.0.0.0:37394] READ COMPLETE
2019-09-26 10:03:39,479 INFO  logging.LoggingHandler (AbstractInternalLogger.java:log(150)) - [id: 0xa287243a, L:/0.0.0.0:41916] READ: [id: 0x38c70c24, L:/192.168.30.59:41916 - R:/192.168.30.59:53344]
2019-09-26 10:03:39,479 INFO  logging.LoggingHandler (AbstractInternalLogger.java:log(150)) - [id: 0x98fa128d, L:0.0.0.0/0.0.0.0:42528] READ: [id: 0x2d3f9f32, L:/192.168.30.59:42528 - R:/192.168.30.59:58648]
2019-09-26 10:03:39,479 INFO  logging.LoggingHandler (AbstractInternalLogger.java:log(150)) - [id: 0xa287243a, L:/0.0.0.0:41916] READ COMPLETE
2019-09-26 10:03:39,479 INFO  logging.LoggingHandler (AbstractInternalLogger.java:log(150)) - [id: 0x404738b4, L:/0.0.0.0:37394] READ: [id: 0xa3a11e04, L:/192.168.30.59:37394 - R:/192.168.30.59:36178]
2019-09-26 10:03:39,479 INFO  logging.LoggingHandler (AbstractInternalLogger.java:log(150)) - [id: 0x98fa128d, L:0.0.0.0/0.0.0.0:42528] READ COMPLETE
2019-09-26 10:03:39,479 INFO  logging.LoggingHandler (AbstractInternalLogger.java:log(150)) - [id: 0x404738b4, L:/0.0.0.0:37394] READ COMPLETE
2019-09-26 10:03:39,480 INFO  logging.LoggingHandler (AbstractInternalLogger.java:log(150)) - [id: 0x98fa128d, L:0.0.0.0/0.0.0.0:42528] READ: [id: 0x15e9e348, L:/192.168.30.59:42528 - R:/192.168.30.59:58654]
2019-09-26 10:03:39,480 INFO  logging.LoggingHandler (AbstractInternalLogger.java:log(150)) - [id: 0x404738b4, L:/0.0.0.0:37394] READ: [id: 0xa3d18498, L:/192.168.30.59:37394 - R:/192.168.30.59:36182]
2019-09-26 10:03:39,480 INFO  logging.LoggingHandler (AbstractInternalLogger.java:log(150)) - [id: 0x98fa128d, L:0.0.0.0/0.0.0.0:42528] READ COMPLETE
2019-09-26 10:03:39,480 INFO  logging.LoggingHandler (AbstractInternalLogger.java:log(150)) - [id: 0x404738b4, L:/0.0.0.0:37394] READ COMPLETE
2019-09-26 10:03:39,480 INFO  logging.LoggingHandler (AbstractInternalLogger.java:log(150)) - [id: 0x98fa128d, L:0.0.0.0/0.0.0.0:42528] READ: [id: 0x168fd5ef, L:/192.168.30.59:42528 - R:/192.168.30.59:58658]
2019-09-26 10:03:39,480 INFO  logging.LoggingHandler (AbstractInternalLogger.java:log(150)) - [id: 0x404738b4, L:/0.0.0.0:37394] READ: [id: 0x92e959ab, L:/192.168.30.59:37394 - R:/192.168.30.59:36198]
2019-09-26 10:03:39,480 INFO  logging.LoggingHandler (AbstractInternalLogger.java:log(150)) - [id: 0x98fa128d, L:0.0.0.0/0.0.0.0:42528] READ COMPLETE
2019-09-26 10:03:39,480 INFO  logging.LoggingHandler (AbstractInternalLogger.java:log(150)) - [id: 0xa287243a, L:/0.0.0.0:41916] READ: [id: 0xd06ff1a2, L:/192.168.30.59:41916 - R:/192.168.30.59:53356]
2019-09-26 10:03:39,480 INFO  logging.LoggingHandler (AbstractInternalLogger.java:log(150)) - [id: 0x404738b4, L:/0.0.0.0:37394] READ COMPLETE
2019-09-26 10:03:39,481 INFO  logging.LoggingHandler (AbstractInternalLogger.java:log(150)) - [id: 0xa287243a, L:/0.0.0.0:41916] READ COMPLETE
2019-09-26 10:03:39,481 INFO  logging.LoggingHandler (AbstractInternalLogger.java:log(150)) - [id: 0x98fa128d, L:0.0.0.0/0.0.0.0:42528] READ: [id: 0x461dfecc, L:/192.168.30.59:42528 - R:/192.168.30.59:58666]
2019-09-26 10:03:39,481 INFO  logging.LoggingHandler (AbstractInternalLogger.java:log(150)) - [id: 0xa287243a, L:/0.0.0.0:41916] READ: [id: 0x3c3516b3, L:/192.168.30.59:41916 - R:/192.168.30.59:53360]
2019-09-26 10:03:39,481 INFO  logging.LoggingHandler (AbstractInternalLogger.java:log(150)) - [id: 0x404738b4, L:/0.0.0.0:37394] READ: [id: 0x86771359, L:/192.168.30.59:37394 - R:/192.168.30.59:36202]
2019-09-26 10:03:39,481 INFO  logging.LoggingHandler (AbstractInternalLogger.java:log(150)) - [id: 0xa287243a, L:/0.0.0.0:41916] READ COMPLETE
2019-09-26 10:03:39,481 INFO  logging.LoggingHandler (AbstractInternalLogger.java:log(150)) - [id: 0x98fa128d, L:0.0.0.0/0.0.0.0:42528] READ COMPLETE
2019-09-26 10:03:39,481 INFO  logging.LoggingHandler (AbstractInternalLogger.java:log(150)) - [id: 0x404738b4, L:/0.0.0.0:37394] READ COMPLETE
2019-09-26 10:03:39,482 INFO  logging.LoggingHandler (AbstractInternalLogger.java:log(150)) - [id: 0x98fa128d, L:0.0.0.0/0.0.0.0:42528] READ: [id: 0x167e64db, L:/192.168.30.59:42528 - R:/192.168.30.59:58672]
2019-09-26 10:03:39,482 INFO  logging.LoggingHandler (AbstractInternalLogger.java:log(150)) - [id: 0x404738b4, L:/0.0.0.0:37394] READ: [id: 0xc691fb4a, L:/192.168.30.59:37394 - R:/192.168.30.59:36214]
2019-09-26 10:03:39,482 INFO  logging.LoggingHandler (AbstractInternalLogger.java:log(150)) - [id: 0x98fa128d, L:0.0.0.0/0.0.0.0:42528] READ COMPLETE
2019-09-26 10:03:39,482 INFO  logging.LoggingHandler (AbstractInternalLogger.java:log(150)) - [id: 0xa287243a, L:/0.0.0.0:41916] READ: [id: 0xd7d8910d, L:/192.168.30.59:41916 - R:/192.168.30.59:53368]
2019-09-26 10:03:39,482 INFO  logging.LoggingHandler (AbstractInternalLogger.java:log(150)) - [id: 0x404738b4, L:/0.0.0.0:37394] READ COMPLETE
2019-09-26 10:03:39,482 INFO  logging.LoggingHandler (AbstractInternalLogger.java:log(150)) - [id: 0xa287243a, L:/0.0.0.0:41916] READ COMPLETE
2019-09-26 10:03:39,482 INFO  logging.LoggingHandler (AbstractInternalLogger.java:log(150)) - [id: 0x98fa128d, L:0.0.0.0/0.0.0.0:42528] READ: [id: 0x6f55258d, L:/192.168.30.59:42528 - R:/192.168.30.59:58678]
2019-09-26 10:03:39,483 INFO  logging.LoggingHandler (AbstractInternalLogger.java:log(150)) - [id: 0xa287243a, L:/0.0.0.0:41916] READ: [id: 0x4b237c30, L:/192.168.30.59:41916 - R:/192.168.30.59:53370]
2019-09-26 10:03:39,482 INFO  logging.LoggingHandler (AbstractInternalLogger.java:log(150)) - [id: 0x404738b4, L:/0.0.0.0:37394] READ: [id: 0xaba65ad9, L:/192.168.30.59:37394 - R:/192.168.30.59:36218]
2019-09-26 10:03:39,483 INFO  logging.LoggingHandler (AbstractInternalLogger.java:log(150)) - [id: 0xa287243a, L:/0.0.0.0:41916] READ COMPLETE
2019-09-26 10:03:39,483 INFO  logging.LoggingHandler (AbstractInternalLogger.java:log(150)) - [id: 0x98fa128d, L:0.0.0.0/0.0.0.0:42528] READ COMPLETE
2019-09-26 10:03:39,483 INFO  logging.LoggingHandler (AbstractInternalLogger.java:log(150)) - [id: 0x404738b4, L:/0.0.0.0:37394] READ COMPLETE
2019-09-26 10:03:39,483 INFO  logging.LoggingHandler (AbstractInternalLogger.java:log(150)) - [id: 0x98fa128d, L:0.0.0.0/0.0.0.0:42528] READ: [id: 0x96d23c68, L:/192.168.30.59:42528 - R:/192.168.30.59:58680]
2019-09-26 10:03:39,483 INFO  logging.LoggingHandler (AbstractInternalLogger.java:log(150)) - [id: 0x404738b4, L:/0.0.0.0:37394] READ: [id: 0x3f825e47, L:/192.168.30.59:37394 - R:/192.168.30.59:36226]
2019-09-26 10:03:39,483 INFO  logging.LoggingHandler (AbstractInternalLogger.java:log(150)) - [id: 0x98fa128d, L:0.0.0.0/0.0.0.0:42528] READ COMPLETE
2019-09-26 10:03:39,484 INFO  logging.LoggingHandler (AbstractInternalLogger.java:log(150)) - [id: 0xa287243a, L:/0.0.0.0:41916] READ: [id: 0x48e8f0b2, L:/192.168.30.59:41916 - R:/192.168.30.59:53378]
2019-09-26 10:03:39,484 INFO  logging.LoggingHandler (AbstractInternalLogger.java:log(150)) - [id: 0x404738b4, L:/0.0.0.0:37394] READ COMPLETE
2019-09-26 10:03:39,484 INFO  logging.LoggingHandler (AbstractInternalLogger.java:log(150)) - [id: 0xa287243a, L:/0.0.0.0:41916] READ COMPLETE
2019-09-26 10:03:39,484 INFO  logging.LoggingHandler (AbstractInternalLogger.java:log(150)) - [id: 0x98fa128d, L:0.0.0.0/0.0.0.0:42528] READ: [id: 0xebda5deb, L:/192.168.30.59:42528 - R:/192.168.30.59:58682]
2019-09-26 10:03:39,484 INFO  logging.LoggingHandler (AbstractInternalLogger.java:log(150)) - [id: 0xa287243a, L:/0.0.0.0:41916] READ: [id: 0x652c3906, L:/192.168.30.59:41916 - R:/192.168.30.59:53380]
2019-09-26 10:03:39,484 INFO  logging.LoggingHandler (AbstractInternalLogger.java:log(150)) - [id: 0x404738b4, L:/0.0.0.0:37394] READ: [id: 0x490725c0, L:/192.168.30.59:37394 - R:/192.168.30.59:36230]
2019-09-26 10:03:39,485 INFO  logging.LoggingHandler (AbstractInternalLogger.java:log(150)) - [id: 0xa287243a, L:/0.0.0.0:41916] READ COMPLETE
2019-09-26 10:03:39,484 INFO  logging.LoggingHandler (AbstractInternalLogger.java:log(150)) - [id: 0x98fa128d, L:0.0.0.0/0.0.0.0:42528] READ COMPLETE
2019-09-26 10:03:39,485 INFO  logging.LoggingHandler (AbstractInternalLogger.java:log(150)) - [id: 0xa287243a, L:/0.0.0.0:41916] READ: [id: 0x5b914901, L:/192.168.30.59:41916 - R:/192.168.30.59:53384]
2019-09-26 10:03:39,485 INFO  logging.LoggingHandler (AbstractInternalLogger.java:log(150)) - [id: 0x404738b4, L:/0.0.0.0:37394] READ COMPLETE
2019-09-26 10:03:39,485 INFO  logging.LoggingHandler (AbstractInternalLogger.java:log(150)) - [id: 0xa287243a, L:/0.0.0.0:41916] READ COMPLETE
2019-09-26 10:03:39,485 INFO  logging.LoggingHandler (AbstractInternalLogger.java:log(150)) - [id: 0x98fa128d, L:0.0.0.0/0.0.0.0:42528] READ: [id: 0xe14b289f, L:/192.168.30.59:42528 - R:/192.168.30.59:58686]
2019-09-26 10:03:39,485 INFO  logging.LoggingHandler (AbstractInternalLogger.java:log(150)) - [id: 0xa287243a, L:/0.0.0.0:41916] READ: [id: 0x3dbabe27, L:/192.168.30.59:41916 - R:/192.168.30.59:53390]
2019-09-26 10:03:39,485 INFO  logging.LoggingHandler (AbstractInternalLogger.java:log(150)) - [id: 0x404738b4, L:/0.0.0.0:37394] READ: [id: 0xa580218e, L:/192.168.30.59:37394 - R:/192.168.30.59:36238]
2019-09-26 10:03:39,486 INFO  logging.LoggingHandler (AbstractInternalLogger.java:log(150)) - [id: 0xa287243a, L:/0.0.0.0:41916] READ COMPLETE
2019-09-26 10:03:39,486 INFO  logging.LoggingHandler (AbstractInternalLogger.java:log(150)) - [id: 0x98fa128d, L:0.0.0.0/0.0.0.0:42528] READ COMPLETE
2019-09-26 10:03:39,486 INFO  logging.LoggingHandler (AbstractInternalLogger.java:log(150)) - [id: 0xa287243a, L:/0.0.0.0:41916] READ: [id: 0xde95b7f4, L:/192.168.30.59:41916 - R:/192.168.30.59:53394]
2019-09-26 10:03:39,486 INFO  logging.LoggingHandler (AbstractInternalLogger.java:log(150)) - [id: 0x404738b4, L:/0.0.0.0:37394] READ COMPLETE
2019-09-26 10:03:39,486 INFO  logging.LoggingHandler (AbstractInternalLogger.java:log(150)) - [id: 0xa287243a, L:/0.0.0.0:41916] READ COMPLETE
2019-09-26 10:03:39,486 INFO  logging.LoggingHandler (AbstractInternalLogger.java:log(150)) - [id: 0x98fa128d, L:0.0.0.0/0.0.0.0:42528] READ: [id: 0x01197def, L:/192.168.30.59:42528 - R:/192.168.30.59:58690]
2019-09-26 10:03:39,486 INFO  logging.LoggingHandler (AbstractInternalLogger.java:log(150)) - [id: 0xa287243a, L:/0.0.0.0:41916] READ: [id: 0x170fc9a1, L:/192.168.30.59:41916 - R:/192.168.30.59:53398]
2019-09-26 10:03:39,486 INFO  logging.LoggingHandler (AbstractInternalLogger.java:log(150)) - [id: 0x404738b4, L:/0.0.0.0:37394] READ: [id: 0xa7348f38, L:/192.168.30.59:37394 - R:/192.168.30.59:36240]
2019-09-26 10:03:39,487 INFO  logging.LoggingHandler (AbstractInternalLogger.java:log(150)) - [id: 0xa287243a, L:/0.0.0.0:41916] READ COMPLETE
2019-09-26 10:03:39,487 INFO  logging.LoggingHandler (AbstractInternalLogger.java:log(150)) - [id: 0x98fa128d, L:0.0.0.0/0.0.0.0:42528] READ COMPLETE
2019-09-26 10:03:39,487 INFO  logging.LoggingHandler (AbstractInternalLogger.java:log(150)) - [id: 0x404738b4, L:/0.0.0.0:37394] READ COMPLETE
2019-09-26 10:03:39,487 INFO  logging.LoggingHandler (AbstractInternalLogger.java:log(150)) - [id: 0x98fa128d, L:0.0.0.0/0.0.0.0:42528] READ: [id: 0x6017f7d5, L:/192.168.30.59:42528 - R:/192.168.30.59:58694]
2019-09-26 10:03:39,487 INFO  logging.LoggingHandler (AbstractInternalLogger.java:log(150)) - [id: 0x404738b4, L:/0.0.0.0:37394] READ: [id: 0xfac06489, L:/192.168.30.59:37394 - R:/192.168.30.59:36250]
2019-09-26 10:03:39,487 INFO  logging.LoggingHandler (AbstractInternalLogger.java:log(150)) - [id: 0x98fa128d, L:0.0.0.0/0.0.0.0:42528] READ COMPLETE
2019-09-26 10:03:39,488 INFO  logging.LoggingHandler (AbstractInternalLogger.java:log(150)) - [id: 0xa287243a, L:/0.0.0.0:41916] READ: [id: 0x64acbcaa, L:/192.168.30.59:41916 - R:/192.168.30.59:53410]
2019-09-26 10:03:39,487 INFO  logging.LoggingHandler (AbstractInternalLogger.java:log(150)) - [id: 0x404738b4, L:/0.0.0.0:37394] READ COMPLETE
2019-09-26 10:03:39,488 INFO  logging.LoggingHandler (AbstractInternalLogger.java:log(150)) - [id: 0xa287243a, L:/0.0.0.0:41916] READ COMPLETE
2019-09-26 10:03:39,488 INFO  logging.LoggingHandler (AbstractInternalLogger.java:log(150)) - [id: 0x98fa128d, L:0.0.0.0/0.0.0.0:42528] READ: [id: 0xdf9dee8b, L:/192.168.30.59:42528 - R:/192.168.30.59:58696]
2019-09-26 10:03:39,488 INFO  logging.LoggingHandler (AbstractInternalLogger.java:log(150)) - [id: 0x404738b4, L:/0.0.0.0:37394] READ: [id: 0x71dcad6d, L:/192.168.30.59:37394 - R:/192.168.30.59:36262]
2019-09-26 10:03:39,488 INFO  logging.LoggingHandler (AbstractInternalLogger.java:log(150)) - [id: 0xa287243a, L:/0.0.0.0:41916] READ: [id: 0xb3a19837, L:/192.168.30.59:41916 - R:/192.168.30.59:53414]
2019-09-26 10:03:39,488 INFO  logging.LoggingHandler (AbstractInternalLogger.java:log(150)) - [id: 0x98fa128d, L:0.0.0.0/0.0.0.0:42528] READ COMPLETE
2019-09-26 10:03:39,488 INFO  logging.LoggingHandler (AbstractInternalLogger.java:log(150)) - [id: 0xa287243a, L:/0.0.0.0:41916] READ COMPLETE
2019-09-26 10:03:39,488 INFO  logging.LoggingHandler (AbstractInternalLogger.java:log(150)) - [id: 0x404738b4, L:/0.0.0.0:37394] READ COMPLETE
2019-09-26 10:03:39,489 INFO  logging.LoggingHandler (AbstractInternalLogger.java:log(150)) - [id: 0x98fa128d, L:0.0.0.0/0.0.0.0:42528] READ: [id: 0x18699381, L:/192.168.30.59:42528 - R:/192.168.30.59:58698]
2019-09-26 10:03:39,489 INFO  logging.LoggingHandler (AbstractInternalLogger.java:log(150)) - [id: 0xa287243a, L:/0.0.0.0:41916] READ: [id: 0x5044afef, L:/192.168.30.59:41916 - R:/192.168.30.59:53418]
2019-09-26 10:03:39,489 INFO  logging.LoggingHandler (AbstractInternalLogger.java:log(150)) - [id: 0x404738b4, L:/0.0.0.0:37394] READ: [id: 0x41ced643, L:/192.168.30.59:37394 - R:/192.168.30.59:36272]
2019-09-26 10:03:39,489 INFO  logging.LoggingHandler (AbstractInternalLogger.java:log(150)) - [id: 0xa287243a, L:/0.0.0.0:41916] READ COMPLETE
2019-09-26 10:03:39,489 INFO  logging.LoggingHandler (AbstractInternalLogger.java:log(150)) - [id: 0x98fa128d, L:0.0.0.0/0.0.0.0:42528] READ COMPLETE
2019-09-26 10:03:39,489 INFO  logging.LoggingHandler (AbstractInternalLogger.java:log(150)) - [id: 0x404738b4, L:/0.0.0.0:37394] READ COMPLETE
2019-09-26 10:03:39,490 INFO  logging.LoggingHandler (AbstractInternalLogger.java:log(150)) - [id: 0x98fa128d, L:0.0.0.0/0.0.0.0:42528] READ: [id: 0x6336fe9e, L:/192.168.30.59:42528 - R:/192.168.30.59:58704]
2019-09-26 10:03:39,490 INFO  logging.LoggingHandler (AbstractInternalLogger.java:log(150)) - [id: 0x404738b4, L:/0.0.0.0:37394] READ: [id: 0xec004c46, L:/192.168.30.59:37394 - R:/192.168.30.59:36294]
2019-09-26 10:03:39,490 INFO  logging.LoggingHandler (AbstractInternalLogger.java:log(150)) - [id: 0xa287243a, L:/0.0.0.0:41916] READ: [id: 0x05f4e500, L:/192.168.30.59:41916 - R:/192.168.30.59:53424]
2019-09-26 10:03:39,490 INFO  logging.LoggingHandler (AbstractInternalLogger.java:log(150)) - [id: 0x404738b4, L:/0.0.0.0:37394] READ COMPLETE
2019-09-26 10:03:39,490 INFO  logging.LoggingHandler (AbstractInternalLogger.java:log(150)) - [id: 0x98fa128d, L:0.0.0.0/0.0.0.0:42528] READ COMPLETE
2019-09-26 10:03:39,490 INFO  logging.LoggingHandler (AbstractInternalLogger.java:log(150)) - [id: 0x404738b4, L:/0.0.0.0:37394] READ: [id: 0xe770c117, L:/192.168.30.59:37394 - R:/192.168.30.59:36302]
2019-09-26 10:03:39,490 INFO  logging.LoggingHandler (AbstractInternalLogger.java:log(150)) - [id: 0xa287243a, L:/0.0.0.0:41916] READ COMPLETE
2019-09-26 10:03:39,490 INFO  logging.LoggingHandler (AbstractInternalLogger.java:log(150)) - [id: 0x404738b4, L:/0.0.0.0:37394] READ COMPLETE
2019-09-26 10:03:39,490 INFO  logging.LoggingHandler (AbstractInternalLogger.java:log(150)) - [id: 0x98fa128d, L:0.0.0.0/0.0.0.0:42528] READ: [id: 0xd47aa172, L:/192.168.30.59:42528 - R:/192.168.30.59:58708]
2019-09-26 10:03:39,491 INFO  logging.LoggingHandler (AbstractInternalLogger.java:log(150)) - [id: 0x404738b4, L:/0.0.0.0:37394] READ: [id: 0x448def19, L:/192.168.30.59:37394 - R:/192.168.30.59:36312]
2019-09-26 10:03:39,491 INFO  logging.LoggingHandler (AbstractInternalLogger.java:log(150)) - [id: 0xa287243a, L:/0.0.0.0:41916] READ: [id: 0xd409b914, L:/192.168.30.59:41916 - R:/192.168.30.59:53428]
2019-09-26 10:03:39,491 INFO  logging.LoggingHandler (AbstractInternalLogger.java:log(150)) - [id: 0x404738b4, L:/0.0.0.0:37394] READ COMPLETE
2019-09-26 10:03:39,491 INFO  logging.LoggingHandler (AbstractInternalLogger.java:log(150)) - [id: 0x98fa128d, L:0.0.0.0/0.0.0.0:42528] READ COMPLETE
2019-09-26 10:03:39,491 INFO  logging.LoggingHandler (AbstractInternalLogger.java:log(150)) - [id: 0x404738b4, L:/0.0.0.0:37394] READ: [id: 0xb6c88778, L:/192.168.30.59:37394 - R:/192.168.30.59:36324]
2019-09-26 10:03:39,491 INFO  logging.LoggingHandler (AbstractInternalLogger.java:log(150)) - [id: 0xa287243a, L:/0.0.0.0:41916] READ COMPLETE
2019-09-26 10:03:39,491 INFO  logging.LoggingHandler (AbstractInternalLogger.java:log(150)) - [id: 0x404738b4, L:/0.0.0.0:37394] READ COMPLETE
2019-09-26 10:03:39,491 INFO  logging.LoggingHandler (AbstractInternalLogger.java:log(150)) - [id: 0x98fa128d, L:0.0.0.0/0.0.0.0:42528] READ: [id: 0x13a1ea57, L:/192.168.30.59:42528 - R:/192.168.30.59:58718]
2019-09-26 10:03:39,492 INFO  logging.LoggingHandler (AbstractInternalLogger.java:log(150)) - [id: 0x404738b4, L:/0.0.0.0:37394] READ: [id: 0xfb4db802, L:/192.168.30.59:37394 - R:/192.168.30.59:36326]
2019-09-26 10:03:39,492 INFO  logging.LoggingHandler (AbstractInternalLogger.java:log(150)) - [id: 0xa287243a, L:/0.0.0.0:41916] READ: [id: 0x2f535e11, L:/192.168.30.59:41916 - R:/192.168.30.59:53438]
2019-09-26 10:03:39,492 INFO  logging.LoggingHandler (AbstractInternalLogger.java:log(150)) - [id: 0x404738b4, L:/0.0.0.0:37394] READ COMPLETE
2019-09-26 10:03:39,492 INFO  logging.LoggingHandler (AbstractInternalLogger.java:log(150)) - [id: 0x98fa128d, L:0.0.0.0/0.0.0.0:42528] READ COMPLETE
2019-09-26 10:03:39,492 INFO  logging.LoggingHandler (AbstractInternalLogger.java:log(150)) - [id: 0x404738b4, L:/0.0.0.0:37394] READ: [id: 0x92ef3627, L:/192.168.30.59:37394 - R:/192.168.30.59:36332]
2019-09-26 10:03:39,492 INFO  logging.LoggingHandler (AbstractInternalLogger.java:log(150)) - [id: 0xa287243a, L:/0.0.0.0:41916] READ COMPLETE
2019-09-26 10:03:39,493 INFO  logging.LoggingHandler (AbstractInternalLogger.java:log(150)) - [id: 0x404738b4, L:/0.0.0.0:37394] READ COMPLETE
2019-09-26 10:03:39,493 INFO  logging.LoggingHandler (AbstractInternalLogger.java:log(150)) - [id: 0x98fa128d, L:0.0.0.0/0.0.0.0:42528] READ: [id: 0x3a5e3503, L:/192.168.30.59:42528 - R:/192.168.30.59:58720]
2019-09-26 10:03:39,493 INFO  logging.LoggingHandler (AbstractInternalLogger.java:log(150)) - [id: 0x404738b4, L:/0.0.0.0:37394] READ: [id: 0x56a90823, L:/192.168.30.59:37394 - R:/192.168.30.59:36346]
2019-09-26 10:03:39,493 INFO  logging.LoggingHandler (AbstractInternalLogger.java:log(150)) - [id: 0xa287243a, L:/0.0.0.0:41916] READ: [id: 0xac037b78, L:/192.168.30.59:41916 - R:/192.168.30.59:53448]
2019-09-26 10:03:39,493 INFO  logging.LoggingHandler (AbstractInternalLogger.java:log(150)) - [id: 0x404738b4, L:/0.0.0.0:37394] READ COMPLETE
2019-09-26 10:03:39,493 INFO  logging.LoggingHandler (AbstractInternalLogger.java:log(150)) - [id: 0x98fa128d, L:0.0.0.0/0.0.0.0:42528] READ COMPLETE
2019-09-26 10:03:39,493 INFO  logging.LoggingHandler (AbstractInternalLogger.java:log(150)) - [id: 0x404738b4, L:/0.0.0.0:37394] READ: [id: 0xf4a97761, L:/192.168.30.59:37394 - R:/192.168.30.59:36350]
2019-09-26 10:03:39,493 INFO  logging.LoggingHandler (AbstractInternalLogger.java:log(150)) - [id: 0xa287243a, L:/0.0.0.0:41916] READ COMPLETE
2019-09-26 10:03:39,494 INFO  logging.LoggingHandler (AbstractInternalLogger.java:log(150)) - [id: 0x404738b4, L:/0.0.0.0:37394] READ COMPLETE
2019-09-26 10:03:39,494 INFO  logging.LoggingHandler (AbstractInternalLogger.java:log(150)) - [id: 0x98fa128d, L:0.0.0.0/0.0.0.0:42528] READ: [id: 0xf1a8ed96, L:/192.168.30.59:42528 - R:/192.168.30.59:58728]
2019-09-26 10:03:39,494 INFO  logging.LoggingHandler (AbstractInternalLogger.java:log(150)) - [id: 0x404738b4, L:/0.0.0.0:37394] READ: [id: 0x5e73520b, L:/192.168.30.59:37394 - R:/192.168.30.59:36354]
2019-09-26 10:03:39,494 INFO  logging.LoggingHandler (AbstractInternalLogger.java:log(150)) - [id: 0xa287243a, L:/0.0.0.0:41916] READ: [id: 0x8f271271, L:/192.168.30.59:41916 - R:/192.168.30.59:53452]
2019-09-26 10:03:39,494 INFO  logging.LoggingHandler (AbstractInternalLogger.java:log(150)) - [id: 0x404738b4, L:/0.0.0.0:37394] READ COMPLETE
2019-09-26 10:03:39,494 INFO  logging.LoggingHandler (AbstractInternalLogger.java:log(150)) - [id: 0x98fa128d, L:0.0.0.0/0.0.0.0:42528] READ COMPLETE
2019-09-26 10:03:39,495 INFO  logging.LoggingHandler (AbstractInternalLogger.java:log(150)) - [id: 0x404738b4, L:/0.0.0.0:37394] READ: [id: 0x005e424f, L:/192.168.30.59:37394 - R:/192.168.30.59:36362]
2019-09-26 10:03:39,494 INFO  logging.LoggingHandler (AbstractInternalLogger.java:log(150)) - [id: 0xa287243a, L:/0.0.0.0:41916] READ COMPLETE
2019-09-26 10:03:39,495 INFO  logging.LoggingHandler (AbstractInternalLogger.java:log(150)) - [id: 0x404738b4, L:/0.0.0.0:37394] READ COMPLETE
2019-09-26 10:03:39,495 INFO  logging.LoggingHandler (AbstractInternalLogger.java:log(150)) - [id: 0x98fa128d, L:0.0.0.0/0.0.0.0:42528] READ: [id: 0xc09ab1b7, L:/192.168.30.59:42528 - R:/192.168.30.59:58732]
2019-09-26 10:03:39,495 INFO  logging.LoggingHandler (AbstractInternalLogger.java:log(150)) - [id: 0x404738b4, L:/0.0.0.0:37394] READ: [id: 0x6559b121, L:/192.168.30.59:37394 - R:/192.168.30.59:36376]
2019-09-26 10:03:39,495 INFO  logging.LoggingHandler (AbstractInternalLogger.java:log(150)) - [id: 0xa287243a, L:/0.0.0.0:41916] READ: [id: 0xe5d81d32, L:/192.168.30.59:41916 - R:/192.168.30.59:53454]
2019-09-26 10:03:39,495 INFO  logging.LoggingHandler (AbstractInternalLogger.java:log(150)) - [id: 0x404738b4, L:/0.0.0.0:37394] READ COMPLETE
2019-09-26 10:03:39,495 INFO  logging.LoggingHandler (AbstractInternalLogger.java:log(150)) - [id: 0x98fa128d, L:0.0.0.0/0.0.0.0:42528] READ COMPLETE
2019-09-26 10:03:39,496 INFO  logging.LoggingHandler (AbstractInternalLogger.java:log(150)) - [id: 0x404738b4, L:/0.0.0.0:37394] READ: [id: 0xda1c4463, L:/192.168.30.59:37394 - R:/192.168.30.59:36378]
2019-09-26 10:03:39,496 INFO  logging.LoggingHandler (AbstractInternalLogger.java:log(150)) - [id: 0xa287243a, L:/0.0.0.0:41916] READ COMPLETE
2019-09-26 10:03:39,496 INFO  logging.LoggingHandler (AbstractInternalLogger.java:log(150)) - [id: 0x404738b4, L:/0.0.0.0:37394] READ COMPLETE
2019-09-26 10:03:39,496 INFO  logging.LoggingHandler (AbstractInternalLogger.java:log(150)) - [id: 0x98fa128d, L:0.0.0.0/0.0.0.0:42528] READ: [id: 0xad458155, L:/192.168.30.59:42528 - R:/192.168.30.59:58734]
2019-09-26 10:03:39,496 INFO  logging.LoggingHandler (AbstractInternalLogger.java:log(150)) - [id: 0x404738b4, L:/0.0.0.0:37394] READ: [id: 0x30a844e7, L:/192.168.30.59:37394 - R:/192.168.30.59:36390]
2019-09-26 10:03:39,496 INFO  logging.LoggingHandler (AbstractInternalLogger.java:log(150)) - [id: 0xa287243a, L:/0.0.0.0:41916] READ: [id: 0x1bbf746d, L:/192.168.30.59:41916 - R:/192.168.30.59:53460]
2019-09-26 10:03:39,496 INFO  logging.LoggingHandler (AbstractInternalLogger.java:log(150)) - [id: 0x404738b4, L:/0.0.0.0:37394] READ COMPLETE
2019-09-26 10:03:39,496 INFO  logging.LoggingHandler (AbstractInternalLogger.java:log(150)) - [id: 0x98fa128d, L:0.0.0.0/0.0.0.0:42528] READ COMPLETE
2019-09-26 10:03:39,497 INFO  logging.LoggingHandler (AbstractInternalLogger.java:log(150)) - [id: 0xa287243a, L:/0.0.0.0:41916] READ COMPLETE
2019-09-26 10:03:39,497 INFO  logging.LoggingHandler (AbstractInternalLogger.java:log(150)) - [id: 0x404738b4, L:/0.0.0.0:37394] READ: [id: 0x56b60dcd, L:/192.168.30.59:37394 - R:/192.168.30.59:36398]
2019-09-26 10:03:39,497 INFO  logging.LoggingHandler (AbstractInternalLogger.java:log(150)) - [id: 0x404738b4, L:/0.0.0.0:37394] READ COMPLETE
2019-09-26 10:03:39,497 INFO  logging.LoggingHandler (AbstractInternalLogger.java:log(150)) - [id: 0x404738b4, L:/0.0.0.0:37394] READ: [id: 0x605b2097, L:/192.168.30.59:37394 - R:/192.168.30.59:36402]
2019-09-26 10:03:39,497 INFO  logging.LoggingHandler (AbstractInternalLogger.java:log(150)) - [id: 0x98fa128d, L:0.0.0.0/0.0.0.0:42528] READ: [id: 0x185e92a9, L:/192.168.30.59:42528 - R:/192.168.30.59:58740]
2019-09-26 10:03:39,497 INFO  logging.LoggingHandler (AbstractInternalLogger.java:log(150)) - [id: 0x404738b4, L:/0.0.0.0:37394] READ COMPLETE
2019-09-26 10:03:39,497 INFO  logging.LoggingHandler (AbstractInternalLogger.java:log(150)) - [id: 0xa287243a, L:/0.0.0.0:41916] READ: [id: 0xb2022912, L:/192.168.30.59:41916 - R:/192.168.30.59:53462]
2019-09-26 10:03:39,498 INFO  logging.LoggingHandler (AbstractInternalLogger.java:log(150)) - [id: 0x98fa128d, L:0.0.0.0/0.0.0.0:42528] READ COMPLETE
2019-09-26 10:03:39,498 INFO  logging.LoggingHandler (AbstractInternalLogger.java:log(150)) - [id: 0xa287243a, L:/0.0.0.0:41916] READ COMPLETE
2019-09-26 10:03:39,498 INFO  logging.LoggingHandler (AbstractInternalLogger.java:log(150)) - [id: 0x98fa128d, L:0.0.0.0/0.0.0.0:42528] READ: [id: 0x9cc79b65, L:/192.168.30.59:42528 - R:/192.168.30.59:58748]
2019-09-26 10:03:39,498 INFO  logging.LoggingHandler (AbstractInternalLogger.java:log(150)) - [id: 0xa287243a, L:/0.0.0.0:41916] READ: [id: 0x19165eff, L:/192.168.30.59:41916 - R:/192.168.30.59:53464]
2019-09-26 10:03:39,498 INFO  logging.LoggingHandler (AbstractInternalLogger.java:log(150)) - [id: 0x98fa128d, L:0.0.0.0/0.0.0.0:42528] READ COMPLETE
2019-09-26 10:03:39,498 INFO  logging.LoggingHandler (AbstractInternalLogger.java:log(150)) - [id: 0xa287243a, L:/0.0.0.0:41916] READ COMPLETE
2019-09-26 10:03:39,498 INFO  logging.LoggingHandler (AbstractInternalLogger.java:log(150)) - [id: 0x98fa128d, L:0.0.0.0/0.0.0.0:42528] READ: [id: 0x6d089ef4, L:/192.168.30.59:42528 - R:/192.168.30.59:58752]
2019-09-26 10:03:39,498 INFO  logging.LoggingHandler (AbstractInternalLogger.java:log(150)) - [id: 0x404738b4, L:/0.0.0.0:37394] READ: [id: 0xcddb774b, L:/192.168.30.59:37394 - R:/192.168.30.59:36406]
2019-09-26 10:03:39,499 INFO  logging.LoggingHandler (AbstractInternalLogger.java:log(150)) - [id: 0x98fa128d, L:0.0.0.0/0.0.0.0:42528] READ COMPLETE
2019-09-26 10:03:39,499 INFO  logging.LoggingHandler (AbstractInternalLogger.java:log(150)) - [id: 0xa287243a, L:/0.0.0.0:41916] READ: [id: 0x66e74526, L:/192.168.30.59:41916 - R:/192.168.30.59:53476]
2019-09-26 10:03:39,499 INFO  logging.LoggingHandler (AbstractInternalLogger.java:log(150)) - [id: 0x98fa128d, L:0.0.0.0/0.0.0.0:42528] READ: [id: 0x877aa63f, L:/192.168.30.59:42528 - R:/192.168.30.59:58754]
2019-09-26 10:03:39,499 INFO  logging.LoggingHandler (AbstractInternalLogger.java:log(150)) - [id: 0x404738b4, L:/0.0.0.0:37394] READ COMPLETE
2019-09-26 10:03:39,499 INFO  logging.LoggingHandler (AbstractInternalLogger.java:log(150)) - [id: 0x98fa128d, L:0.0.0.0/0.0.0.0:42528] READ COMPLETE
2019-09-26 10:03:39,499 INFO  logging.LoggingHandler (AbstractInternalLogger.java:log(150)) - [id: 0xa287243a, L:/0.0.0.0:41916] READ COMPLETE
2019-09-26 10:03:39,500 INFO  logging.LoggingHandler (AbstractInternalLogger.java:log(150)) - [id: 0x98fa128d, L:0.0.0.0/0.0.0.0:42528] READ: [id: 0xcc28d021, L:/192.168.30.59:42528 - R:/192.168.30.59:58764]
2019-09-26 10:03:39,499 INFO  logging.LoggingHandler (AbstractInternalLogger.java:log(150)) - [id: 0x404738b4, L:/0.0.0.0:37394] READ: [id: 0x49cf9ff3, L:/192.168.30.59:37394 - R:/192.168.30.59:36414]
2019-09-26 10:03:39,500 INFO  logging.LoggingHandler (AbstractInternalLogger.java:log(150)) - [id: 0x98fa128d, L:0.0.0.0/0.0.0.0:42528] READ COMPLETE
2019-09-26 10:03:39,500 INFO  logging.LoggingHandler (AbstractInternalLogger.java:log(150)) - [id: 0xa287243a, L:/0.0.0.0:41916] READ: [id: 0x533a035e, L:/192.168.30.59:41916 - R:/192.168.30.59:53484]
2019-09-26 10:03:39,500 INFO  logging.LoggingHandler (AbstractInternalLogger.java:log(150)) - [id: 0x98fa128d, L:0.0.0.0/0.0.0.0:42528] READ: [id: 0xc6bfccd4, L:/192.168.30.59:42528 - R:/192.168.30.59:58768]
2019-09-26 10:03:39,500 INFO  logging.LoggingHandler (AbstractInternalLogger.java:log(150)) - [id: 0x404738b4, L:/0.0.0.0:37394] READ COMPLETE
2019-09-26 10:03:39,500 INFO  logging.LoggingHandler (AbstractInternalLogger.java:log(150)) - [id: 0x98fa128d, L:0.0.0.0/0.0.0.0:42528] READ COMPLETE
2019-09-26 10:03:39,500 INFO  logging.LoggingHandler (AbstractInternalLogger.java:log(150)) - [id: 0xa287243a, L:/0.0.0.0:41916] READ COMPLETE
2019-09-26 10:03:39,501 INFO  logging.LoggingHandler (AbstractInternalLogger.java:log(150)) - [id: 0x98fa128d, L:0.0.0.0/0.0.0.0:42528] READ: [id: 0xb33cdaf9, L:/192.168.30.59:42528 - R:/192.168.30.59:58772]
2019-09-26 10:03:39,501 INFO  logging.LoggingHandler (AbstractInternalLogger.java:log(150)) - [id: 0x404738b4, L:/0.0.0.0:37394] READ: [id: 0x79f7a9d8, L:/192.168.30.59:37394 - R:/192.168.30.59:36420]
2019-09-26 10:03:39,501 INFO  logging.LoggingHandler (AbstractInternalLogger.java:log(150)) - [id: 0x98fa128d, L:0.0.0.0/0.0.0.0:42528] READ COMPLETE
2019-09-26 10:03:39,501 INFO  logging.LoggingHandler (AbstractInternalLogger.java:log(150)) - [id: 0xa287243a, L:/0.0.0.0:41916] READ: [id: 0xce60cea5, L:/192.168.30.59:41916 - R:/192.168.30.59:53492]
2019-09-26 10:03:39,501 INFO  logging.LoggingHandler (AbstractInternalLogger.java:log(150)) - [id: 0x98fa128d, L:0.0.0.0/0.0.0.0:42528] READ: [id: 0xb29968cb, L:/192.168.30.59:42528 - R:/192.168.30.59:58776]
2019-09-26 10:03:39,501 INFO  impl.FollowerState (FollowerState.java:run(108)) - s1@group-EA0D101F487D-FollowerState: change to CANDIDATE, lastRpcTime:189ms, electionTimeout:188ms
2019-09-26 10:03:39,501 INFO  logging.LoggingHandler (AbstractInternalLogger.java:log(150)) - [id: 0x404738b4, L:/0.0.0.0:37394] READ COMPLETE
2019-09-26 10:03:39,502 INFO  impl.RoleInfo (RoleInfo.java:shutdownFollowerState(121)) - s1: shutdown FollowerState
2019-09-26 10:03:39,502 INFO  logging.LoggingHandler (AbstractInternalLogger.java:log(150)) - [id: 0x98fa128d, L:0.0.0.0/0.0.0.0:42528] READ COMPLETE
2019-09-26 10:03:39,501 INFO  logging.LoggingHandler (AbstractInternalLogger.java:log(150)) - [id: 0xa287243a, L:/0.0.0.0:41916] READ COMPLETE
2019-09-26 10:03:39,502 INFO  logging.LoggingHandler (AbstractInternalLogger.java:log(150)) - [id: 0x98fa128d, L:0.0.0.0/0.0.0.0:42528] READ: [id: 0xfa52dce3, L:/192.168.30.59:42528 - R:/192.168.30.59:58778]
2019-09-26 10:03:39,502 INFO  impl.RaftServerImpl (RaftServerImpl.java:setRole(170)) - s1@group-EA0D101F487D: changes role from  FOLLOWER to CANDIDATE at term 3 for changeToCandidate
2019-09-26 10:03:39,502 INFO  logging.LoggingHandler (AbstractInternalLogger.java:log(150)) - [id: 0x404738b4, L:/0.0.0.0:37394] READ: [id: 0x74ff6ea1, L:/192.168.30.59:37394 - R:/192.168.30.59:36422]
2019-09-26 10:03:39,503 INFO  impl.RoleInfo (RoleInfo.java:updateAndGet(143)) - s1: start LeaderElection
2019-09-26 10:03:39,502 INFO  logging.LoggingHandler (AbstractInternalLogger.java:log(150)) - [id: 0x98fa128d, L:0.0.0.0/0.0.0.0:42528] READ COMPLETE
2019-09-26 10:03:39,502 INFO  logging.LoggingHandler (AbstractInternalLogger.java:log(150)) - [id: 0xa287243a, L:/0.0.0.0:41916] READ: [id: 0xc7bfea26, L:/192.168.30.59:41916 - R:/192.168.30.59:53496]
2019-09-26 10:03:39,504 INFO  logging.LoggingHandler (AbstractInternalLogger.java:log(150)) - [id: 0x98fa128d, L:0.0.0.0/0.0.0.0:42528] READ: [id: 0x557d74e1, L:/192.168.30.59:42528 - R:/192.168.30.59:58782]
2019-09-26 10:03:39,503 INFO  logging.LoggingHandler (AbstractInternalLogger.java:log(150)) - [id: 0x404738b4, L:/0.0.0.0:37394] READ COMPLETE
2019-09-26 10:03:39,505 INFO  logging.LoggingHandler (AbstractInternalLogger.java:log(150)) - [id: 0x98fa128d, L:0.0.0.0/0.0.0.0:42528] READ COMPLETE
2019-09-26 10:03:39,504 INFO  logging.LoggingHandler (AbstractInternalLogger.java:log(150)) - [id: 0xa287243a, L:/0.0.0.0:41916] READ COMPLETE
2019-09-26 10:03:39,505 INFO  logging.LoggingHandler (AbstractInternalLogger.java:log(150)) - [id: 0x404738b4, L:/0.0.0.0:37394] READ: [id: 0x4614cd8b, L:/192.168.30.59:37394 - R:/192.168.30.59:36424]
2019-09-26 10:03:39,505 INFO  logging.LoggingHandler (AbstractInternalLogger.java:log(150)) - [id: 0x404738b4, L:/0.0.0.0:37394] READ COMPLETE
2019-09-26 10:03:39,505 INFO  logging.LoggingHandler (AbstractInternalLogger.java:log(150)) - [id: 0xa287243a, L:/0.0.0.0:41916] READ: [id: 0xc9dbb2ce, L:/192.168.30.59:41916 - R:/192.168.30.59:53498]
2019-09-26 10:03:39,505 INFO  logging.LoggingHandler (AbstractInternalLogger.java:log(150)) - [id: 0x404738b4, L:/0.0.0.0:37394] READ: [id: 0x0f35d283, L:/192.168.30.59:37394 - R:/192.168.30.59:36428]
2019-09-26 10:03:39,505 INFO  logging.LoggingHandler (AbstractInternalLogger.java:log(150)) - [id: 0x98fa128d, L:0.0.0.0/0.0.0.0:42528] READ: [id: 0x0dd2dd43, L:/192.168.30.59:42528 - R:/192.168.30.59:58798]
2019-09-26 10:03:39,505 INFO  logging.LoggingHandler (AbstractInternalLogger.java:log(150)) - [id: 0x404738b4, L:/0.0.0.0:37394] READ COMPLETE
2019-09-26 10:03:39,505 INFO  logging.LoggingHandler (AbstractInternalLogger.java:log(150)) - [id: 0xa287243a, L:/0.0.0.0:41916] READ COMPLETE
2019-09-26 10:03:39,506 INFO  logging.LoggingHandler (AbstractInternalLogger.java:log(150)) - [id: 0x404738b4, L:/0.0.0.0:37394] READ: [id: 0xe0322f44, L:/192.168.30.59:37394 - R:/192.168.30.59:36430]
2019-09-26 10:03:39,506 INFO  logging.LoggingHandler (AbstractInternalLogger.java:log(150)) - [id: 0x98fa128d, L:0.0.0.0/0.0.0.0:42528] READ COMPLETE
2019-09-26 10:03:39,506 INFO  logging.LoggingHandler (AbstractInternalLogger.java:log(150)) - [id: 0x404738b4, L:/0.0.0.0:37394] READ COMPLETE
2019-09-26 10:03:39,506 INFO  logging.LoggingHandler (AbstractInternalLogger.java:log(150)) - [id: 0xa287243a, L:/0.0.0.0:41916] READ: [id: 0x338c4713, L:/192.168.30.59:41916 - R:/192.168.30.59:53512]
2019-09-26 10:03:39,506 INFO  logging.LoggingHandler (AbstractInternalLogger.java:log(150)) - [id: 0x404738b4, L:/0.0.0.0:37394] READ: [id: 0xa9a21d5d, L:/192.168.30.59:37394 - R:/192.168.30.59:36436]
2019-09-26 10:03:39,506 INFO  logging.LoggingHandler (AbstractInternalLogger.java:log(150)) - [id: 0x98fa128d, L:0.0.0.0/0.0.0.0:42528] READ: [id: 0x63d4b5e4, L:/192.168.30.59:42528 - R:/192.168.30.59:58800]
2019-09-26 10:03:39,507 INFO  logging.LoggingHandler (AbstractInternalLogger.java:log(150)) - [id: 0x404738b4, L:/0.0.0.0:37394] READ COMPLETE
2019-09-26 10:03:39,506 INFO  logging.LoggingHandler (AbstractInternalLogger.java:log(150)) - [id: 0xa287243a, L:/0.0.0.0:41916] READ COMPLETE
2019-09-26 10:03:39,507 INFO  logging.LoggingHandler (AbstractInternalLogger.java:log(150)) - [id: 0x404738b4, L:/0.0.0.0:37394] READ: [id: 0x7ee20ba2, L:/192.168.30.59:37394 - R:/192.168.30.59:36444]
2019-09-26 10:03:39,507 INFO  logging.LoggingHandler (AbstractInternalLogger.java:log(150)) - [id: 0x98fa128d, L:0.0.0.0/0.0.0.0:42528] READ COMPLETE
2019-09-26 10:03:39,507 INFO  logging.LoggingHandler (AbstractInternalLogger.java:log(150)) - [id: 0x404738b4, L:/0.0.0.0:37394] READ COMPLETE
2019-09-26 10:03:39,507 INFO  logging.LoggingHandler (AbstractInternalLogger.java:log(150)) - [id: 0xa287243a, L:/0.0.0.0:41916] READ: [id: 0xb345cbf9, L:/192.168.30.59:41916 - R:/192.168.30.59:53518]
2019-09-26 10:03:39,508 INFO  logging.LoggingHandler (AbstractInternalLogger.java:log(150)) - [id: 0x404738b4, L:/0.0.0.0:37394] READ: [id: 0xdc16d19c, L:/192.168.30.59:37394 - R:/192.168.30.59:36446]
2019-09-26 10:03:39,507 INFO  logging.LoggingHandler (AbstractInternalLogger.java:log(150)) - [id: 0x98fa128d, L:0.0.0.0/0.0.0.0:42528] READ: [id: 0x26975019, L:/192.168.30.59:42528 - R:/192.168.30.59:58804]
2019-09-26 10:03:39,508 INFO  logging.LoggingHandler (AbstractInternalLogger.java:log(150)) - [id: 0x404738b4, L:/0.0.0.0:37394] READ COMPLETE
2019-09-26 10:03:39,508 INFO  logging.LoggingHandler (AbstractInternalLogger.java:log(150)) - [id: 0xa287243a, L:/0.0.0.0:41916] READ COMPLETE
2019-09-26 10:03:39,508 INFO  logging.LoggingHandler (AbstractInternalLogger.java:log(150)) - [id: 0x404738b4, L:/0.0.0.0:37394] READ: [id: 0x27590884, L:/192.168.30.59:37394 - R:/192.168.30.59:36450]
2019-09-26 10:03:39,508 INFO  logging.LoggingHandler (AbstractInternalLogger.java:log(150)) - [id: 0x98fa128d, L:0.0.0.0/0.0.0.0:42528] READ COMPLETE
2019-09-26 10:03:39,508 INFO  logging.LoggingHandler (AbstractInternalLogger.java:log(150)) - [id: 0x404738b4, L:/0.0.0.0:37394] READ COMPLETE
2019-09-26 10:03:39,508 INFO  logging.LoggingHandler (AbstractInternalLogger.java:log(150)) - [id: 0xa287243a, L:/0.0.0.0:41916] READ: [id: 0x73ae44f9, L:/192.168.30.59:41916 - R:/192.168.30.59:53520]
2019-09-26 10:03:39,509 INFO  logging.LoggingHandler (AbstractInternalLogger.java:log(150)) - [id: 0x404738b4, L:/0.0.0.0:37394] READ: [id: 0x20c72311, L:/192.168.30.59:37394 - R:/192.168.30.59:36454]
2019-09-26 10:03:39,508 INFO  logging.LoggingHandler (AbstractInternalLogger.java:log(150)) - [id: 0x98fa128d, L:0.0.0.0/0.0.0.0:42528] READ: [id: 0x9fa513d6, L:/192.168.30.59:42528 - R:/192.168.30.59:58806]
2019-09-26 10:03:39,509 INFO  logging.LoggingHandler (AbstractInternalLogger.java:log(150)) - [id: 0x404738b4, L:/0.0.0.0:37394] READ COMPLETE
2019-09-26 10:03:39,509 INFO  logging.LoggingHandler (AbstractInternalLogger.java:log(150)) - [id: 0xa287243a, L:/0.0.0.0:41916] READ COMPLETE
2019-09-26 10:03:39,509 INFO  logging.LoggingHandler (AbstractInternalLogger.java:log(150)) - [id: 0x404738b4, L:/0.0.0.0:37394] READ: [id: 0x63017d76, L:/192.168.30.59:37394 - R:/192.168.30.59:36458]
2019-09-26 10:03:39,509 INFO  logging.LoggingHandler (AbstractInternalLogger.java:log(150)) - [id: 0x98fa128d, L:0.0.0.0/0.0.0.0:42528] READ COMPLETE
2019-09-26 10:03:39,509 INFO  logging.LoggingHandler (AbstractInternalLogger.java:log(150)) - [id: 0x404738b4, L:/0.0.0.0:37394] READ COMPLETE
2019-09-26 10:03:39,509 INFO  logging.LoggingHandler (AbstractInternalLogger.java:log(150)) - [id: 0xa287243a, L:/0.0.0.0:41916] READ: [id: 0x17b613ca, L:/192.168.30.59:41916 - R:/192.168.30.59:53522]
2019-09-26 10:03:39,510 INFO  logging.LoggingHandler (AbstractInternalLogger.java:log(150)) - [id: 0x404738b4, L:/0.0.0.0:37394] READ: [id: 0x94749875, L:/192.168.30.59:37394 - R:/192.168.30.59:36462]
2019-09-26 10:03:39,509 INFO  logging.LoggingHandler (AbstractInternalLogger.java:log(150)) - [id: 0x98fa128d, L:0.0.0.0/0.0.0.0:42528] READ: [id: 0x5be248c4, L:/192.168.30.59:42528 - R:/192.168.30.59:58812]
2019-09-26 10:03:39,510 INFO  logging.LoggingHandler (AbstractInternalLogger.java:log(150)) - [id: 0x404738b4, L:/0.0.0.0:37394] READ COMPLETE
2019-09-26 10:03:39,510 INFO  logging.LoggingHandler (AbstractInternalLogger.java:log(150)) - [id: 0xa287243a, L:/0.0.0.0:41916] READ COMPLETE
2019-09-26 10:03:39,510 INFO  logging.LoggingHandler (AbstractInternalLogger.java:log(150)) - [id: 0x404738b4, L:/0.0.0.0:37394] READ: [id: 0x0c98962d, L:/192.168.30.59:37394 - R:/192.168.30.59:36466]
2019-09-26 10:03:39,510 INFO  logging.LoggingHandler (AbstractInternalLogger.java:log(150)) - [id: 0x98fa128d, L:0.0.0.0/0.0.0.0:42528] READ COMPLETE
2019-09-26 10:03:39,510 INFO  logging.LoggingHandler (AbstractInternalLogger.java:log(150)) - [id: 0x404738b4, L:/0.0.0.0:37394] READ COMPLETE
2019-09-26 10:03:39,510 INFO  logging.LoggingHandler (AbstractInternalLogger.java:log(150)) - [id: 0xa287243a, L:/0.0.0.0:41916] READ: [id: 0x1d4e944d, L:/192.168.30.59:41916 - R:/192.168.30.59:53528]
2019-09-26 10:03:39,511 INFO  logging.LoggingHandler (AbstractInternalLogger.java:log(150)) - [id: 0x404738b4, L:/0.0.0.0:37394] READ: [id: 0x3aaf04c5, L:/192.168.30.59:37394 - R:/192.168.30.59:36478]
2019-09-26 10:03:39,510 INFO  logging.LoggingHandler (AbstractInternalLogger.java:log(150)) - [id: 0x98fa128d, L:0.0.0.0/0.0.0.0:42528] READ: [id: 0xad9770c0, L:/192.168.30.59:42528 - R:/192.168.30.59:58820]
2019-09-26 10:03:39,511 INFO  logging.LoggingHandler (AbstractInternalLogger.java:log(150)) - [id: 0x404738b4, L:/0.0.0.0:37394] READ COMPLETE
2019-09-26 10:03:39,511 INFO  logging.LoggingHandler (AbstractInternalLogger.java:log(150)) - [id: 0xa287243a, L:/0.0.0.0:41916] READ COMPLETE
2019-09-26 10:03:39,511 INFO  logging.LoggingHandler (AbstractInternalLogger.java:log(150)) - [id: 0x98fa128d, L:0.0.0.0/0.0.0.0:42528] READ COMPLETE
2019-09-26 10:03:39,511 INFO  logging.LoggingHandler (AbstractInternalLogger.java:log(150)) - [id: 0xa287243a, L:/0.0.0.0:41916] READ: [id: 0x54e4482c, L:/192.168.30.59:41916 - R:/192.168.30.59:53540]
2019-09-26 10:03:39,511 INFO  logging.LoggingHandler (AbstractInternalLogger.java:log(150)) - [id: 0x98fa128d, L:0.0.0.0/0.0.0.0:42528] READ: [id: 0x5268d0aa, L:/192.168.30.59:42528 - R:/192.168.30.59:58822]
2019-09-26 10:03:39,512 INFO  logging.LoggingHandler (AbstractInternalLogger.java:log(150)) - [id: 0x404738b4, L:/0.0.0.0:37394] READ: [id: 0xd15b1d66, L:/192.168.30.59:37394 - R:/192.168.30.59:36494]
2019-09-26 10:03:39,511 INFO  logging.LoggingHandler (AbstractInternalLogger.java:log(150)) - [id: 0xa287243a, L:/0.0.0.0:41916] READ COMPLETE
2019-09-26 10:03:39,512 INFO  logging.LoggingHandler (AbstractInternalLogger.java:log(150)) - [id: 0x404738b4, L:/0.0.0.0:37394] READ COMPLETE
2019-09-26 10:03:39,512 INFO  logging.LoggingHandler (AbstractInternalLogger.java:log(150)) - [id: 0x98fa128d, L:0.0.0.0/0.0.0.0:42528] READ COMPLETE
2019-09-26 10:03:39,512 INFO  logging.LoggingHandler (AbstractInternalLogger.java:log(150)) - [id: 0xa287243a, L:/0.0.0.0:41916] READ: [id: 0x01f5282f, L:/192.168.30.59:41916 - R:/192.168.30.59:53544]
2019-09-26 10:03:39,512 INFO  logging.LoggingHandler (AbstractInternalLogger.java:log(150)) - [id: 0x98fa128d, L:0.0.0.0/0.0.0.0:42528] READ: [id: 0xe72dfd7a, L:/192.168.30.59:42528 - R:/192.168.30.59:58838]
2019-09-26 10:03:39,512 INFO  logging.LoggingHandler (AbstractInternalLogger.java:log(150)) - [id: 0xa287243a, L:/0.0.0.0:41916] READ COMPLETE
2019-09-26 10:03:39,512 INFO  logging.LoggingHandler (AbstractInternalLogger.java:log(150)) - [id: 0x404738b4, L:/0.0.0.0:37394] READ: [id: 0xaa763863, L:/192.168.30.59:37394 - R:/192.168.30.59:36498]
2019-09-26 10:03:39,513 INFO  logging.LoggingHandler (AbstractInternalLogger.java:log(150)) - [id: 0xa287243a, L:/0.0.0.0:41916] READ: [id: 0x4de3b324, L:/192.168.30.59:41916 - R:/192.168.30.59:53548]
2019-09-26 10:03:39,512 INFO  logging.LoggingHandler (AbstractInternalLogger.java:log(150)) - [id: 0x98fa128d, L:0.0.0.0/0.0.0.0:42528] READ COMPLETE
2019-09-26 10:03:39,513 INFO  logging.LoggingHandler (AbstractInternalLogger.java:log(150)) - [id: 0xa287243a, L:/0.0.0.0:41916] READ COMPLETE
2019-09-26 10:03:39,513 INFO  logging.LoggingHandler (AbstractInternalLogger.java:log(150)) - [id: 0x404738b4, L:/0.0.0.0:37394] READ COMPLETE
2019-09-26 10:03:39,513 INFO  logging.LoggingHandler (AbstractInternalLogger.java:log(150)) - [id: 0xa287243a, L:/0.0.0.0:41916] READ: [id: 0x3fe7d5c0, L:/192.168.30.59:41916 - R:/192.168.30.59:53550]
2019-09-26 10:03:39,513 INFO  logging.LoggingHandler (AbstractInternalLogger.java:log(150)) - [id: 0x98fa128d, L:0.0.0.0/0.0.0.0:42528] READ: [id: 0x7cb1f9cd, L:/192.168.30.59:42528 - R:/192.168.30.59:58846]
2019-09-26 10:03:39,514 INFO  logging.LoggingHandler (AbstractInternalLogger.java:log(150)) - [id: 0xa287243a, L:/0.0.0.0:41916] READ COMPLETE
2019-09-26 10:03:39,513 INFO  logging.LoggingHandler (AbstractInternalLogger.java:log(150)) - [id: 0x404738b4, L:/0.0.0.0:37394] READ: [id: 0x5dd70389, L:/192.168.30.59:37394 - R:/192.168.30.59:36502]
2019-09-26 10:03:39,514 INFO  logging.LoggingHandler (AbstractInternalLogger.java:log(150)) - [id: 0xa287243a, L:/0.0.0.0:41916] READ: [id: 0x16eb4aa3, L:/192.168.30.59:41916 - R:/192.168.30.59:53556]
2019-09-26 10:03:39,514 INFO  logging.LoggingHandler (AbstractInternalLogger.java:log(150)) - [id: 0x98fa128d, L:0.0.0.0/0.0.0.0:42528] READ COMPLETE
2019-09-26 10:03:39,514 INFO  logging.LoggingHandler (AbstractInternalLogger.java:log(150)) - [id: 0xa287243a, L:/0.0.0.0:41916] READ COMPLETE
2019-09-26 10:03:39,514 INFO  logging.LoggingHandler (AbstractInternalLogger.java:log(150)) - [id: 0x404738b4, L:/0.0.0.0:37394] READ COMPLETE
2019-09-26 10:03:39,514 INFO  logging.LoggingHandler (AbstractInternalLogger.java:log(150)) - [id: 0xa287243a, L:/0.0.0.0:41916] READ: [id: 0x9b72500e, L:/192.168.30.59:41916 - R:/192.168.30.59:53560]
2019-09-26 10:03:39,514 INFO  logging.LoggingHandler (AbstractInternalLogger.java:log(150)) - [id: 0x98fa128d, L:0.0.0.0/0.0.0.0:42528] READ: [id: 0x37db4390, L:/192.168.30.59:42528 - R:/192.168.30.59:58864]
2019-09-26 10:03:39,515 INFO  logging.LoggingHandler (AbstractInternalLogger.java:log(150)) - [id: 0xa287243a, L:/0.0.0.0:41916] READ COMPLETE
2019-09-26 10:03:39,515 INFO  logging.LoggingHandler (AbstractInternalLogger.java:log(150)) - [id: 0x404738b4, L:/0.0.0.0:37394] READ: [id: 0x5953124f, L:/192.168.30.59:37394 - R:/192.168.30.59:36516]
2019-09-26 10:03:39,515 INFO  logging.LoggingHandler (AbstractInternalLogger.java:log(150)) - [id: 0x98fa128d, L:0.0.0.0/0.0.0.0:42528] READ COMPLETE
2019-09-26 10:03:39,515 INFO  logging.LoggingHandler (AbstractInternalLogger.java:log(150)) - [id: 0x404738b4, L:/0.0.0.0:37394] READ COMPLETE
2019-09-26 10:03:39,515 INFO  logging.LoggingHandler (AbstractInternalLogger.java:log(150)) - [id: 0xa287243a, L:/0.0.0.0:41916] READ: [id: 0x1b5c61a7, L:/192.168.30.59:41916 - R:/192.168.30.59:53564]
2019-09-26 10:03:39,515 INFO  logging.LoggingHandler (AbstractInternalLogger.java:log(150)) - [id: 0x98fa128d, L:0.0.0.0/0.0.0.0:42528] READ: [id: 0x78136bfa, L:/192.168.30.59:42528 - R:/192.168.30.59:58868]
2019-09-26 10:03:39,515 INFO  logging.LoggingHandler (AbstractInternalLogger.java:log(150)) - [id: 0xa287243a, L:/0.0.0.0:41916] READ COMPLETE
2019-09-26 10:03:39,515 INFO  logging.LoggingHandler (AbstractInternalLogger.java:log(150)) - [id: 0x404738b4, L:/0.0.0.0:37394] READ: [id: 0xf94fd7ad, L:/192.168.30.59:37394 - R:/192.168.30.59:36520]
2019-09-26 10:03:39,515 INFO  logging.LoggingHandler (AbstractInternalLogger.java:log(150)) - [id: 0x98fa128d, L:0.0.0.0/0.0.0.0:42528] READ COMPLETE
2019-09-26 10:03:39,516 INFO  logging.LoggingHandler (AbstractInternalLogger.java:log(150)) - [id: 0x404738b4, L:/0.0.0.0:37394] READ COMPLETE
2019-09-26 10:03:39,516 INFO  logging.LoggingHandler (AbstractInternalLogger.java:log(150)) - [id: 0xa287243a, L:/0.0.0.0:41916] READ: [id: 0x527202a9, L:/192.168.30.59:41916 - R:/192.168.30.59:53566]
2019-09-26 10:03:39,516 INFO  logging.LoggingHandler (AbstractInternalLogger.java:log(150)) - [id: 0x98fa128d, L:0.0.0.0/0.0.0.0:42528] READ: [id: 0x2fb3daf2, L:/192.168.30.59:42528 - R:/192.168.30.59:58884]
2019-09-26 10:03:39,516 INFO  logging.LoggingHandler (AbstractInternalLogger.java:log(150)) - [id: 0xa287243a, L:/0.0.0.0:41916] READ COMPLETE
2019-09-26 10:03:39,516 INFO  logging.LoggingHandler (AbstractInternalLogger.java:log(150)) - [id: 0x98fa128d, L:0.0.0.0/0.0.0.0:42528] READ COMPLETE
2019-09-26 10:03:39,516 INFO  logging.LoggingHandler (AbstractInternalLogger.java:log(150)) - [id: 0xa287243a, L:/0.0.0.0:41916] READ: [id: 0x26076b00, L:/192.168.30.59:41916 - R:/192.168.30.59:53568]
2019-09-26 10:03:39,516 INFO  logging.LoggingHandler (AbstractInternalLogger.java:log(150)) - [id: 0x98fa128d, L:0.0.0.0/0.0.0.0:42528] READ: [id: 0x5c4fbe1f, L:/192.168.30.59:42528 - R:/192.168.30.59:58886]
2019-09-26 10:03:39,516 INFO  logging.LoggingHandler (AbstractInternalLogger.java:log(150)) - [id: 0xa287243a, L:/0.0.0.0:41916] READ COMPLETE
2019-09-26 10:03:39,517 INFO  logging.LoggingHandler (AbstractInternalLogger.java:log(150)) - [id: 0x98fa128d, L:0.0.0.0/0.0.0.0:42528] READ COMPLETE
2019-09-26 10:03:39,517 INFO  logging.LoggingHandler (AbstractInternalLogger.java:log(150)) - [id: 0xa287243a, L:/0.0.0.0:41916] READ: [id: 0xdd4eefaf, L:/192.168.30.59:41916 - R:/192.168.30.59:53572]
2019-09-26 10:03:39,517 INFO  logging.LoggingHandler (AbstractInternalLogger.java:log(150)) - [id: 0x98fa128d, L:0.0.0.0/0.0.0.0:42528] READ: [id: 0xfdaee08d, L:/192.168.30.59:42528 - R:/192.168.30.59:58894]
2019-09-26 10:03:39,517 INFO  logging.LoggingHandler (AbstractInternalLogger.java:log(150)) - [id: 0x404738b4, L:/0.0.0.0:37394] READ: [id: 0xc35cb88e, L:/192.168.30.59:37394 - R:/192.168.30.59:36530]
2019-09-26 10:03:39,517 INFO  logging.LoggingHandler (AbstractInternalLogger.java:log(150)) - [id: 0x98fa128d, L:0.0.0.0/0.0.0.0:42528] READ COMPLETE
2019-09-26 10:03:39,517 INFO  logging.LoggingHandler (AbstractInternalLogger.java:log(150)) - [id: 0xa287243a, L:/0.0.0.0:41916] READ COMPLETE
2019-09-26 10:03:39,517 INFO  logging.LoggingHandler (AbstractInternalLogger.java:log(150)) - [id: 0x98fa128d, L:0.0.0.0/0.0.0.0:42528] READ: [id: 0xfe8ef57b, L:/192.168.30.59:42528 - R:/192.168.30.59:58902]
2019-09-26 10:03:39,517 INFO  impl.LeaderElection (LeaderElection.java:askForVotes(178)) - s1@group-EA0D101F487D-LeaderElection5: begin an election at term 4 for 0: [s0:0.0.0.0:42528, s1:0.0.0.0:37394, s2:0.0.0.0:41916], old=null
2019-09-26 10:03:39,517 INFO  logging.LoggingHandler (AbstractInternalLogger.java:log(150)) - [id: 0x404738b4, L:/0.0.0.0:37394] READ COMPLETE
2019-09-26 10:03:39,518 INFO  logging.LoggingHandler (AbstractInternalLogger.java:log(150)) - [id: 0x98fa128d, L:0.0.0.0/0.0.0.0:42528] READ COMPLETE
2019-09-26 10:03:39,518 INFO  logging.LoggingHandler (AbstractInternalLogger.java:log(150)) - [id: 0xa287243a, L:/0.0.0.0:41916] READ: [id: 0x05dc658b, L:/192.168.30.59:41916 - R:/192.168.30.59:53580]
2019-09-26 10:03:39,518 INFO  logging.LoggingHandler (AbstractInternalLogger.java:log(150)) - [id: 0x98fa128d, L:0.0.0.0/0.0.0.0:42528] READ: [id: 0x8e352c90, L:/192.168.30.59:42528 - R:/192.168.30.59:58908]
2019-09-26 10:03:39,518 INFO  logging.LoggingHandler (AbstractInternalLogger.java:log(150)) - [id: 0x404738b4, L:/0.0.0.0:37394] READ: [id: 0xc5cb95a6, L:/192.168.30.59:37394 - R:/192.168.30.59:36534]
2019-09-26 10:03:39,518 INFO  impl.RaftServerImpl (RaftServerImpl.java:setRole(170)) - s2@group-EA0D101F487D: changes role from  FOLLOWER to FOLLOWER at term 4 for recognizeCandidate:s1
2019-09-26 10:03:39,518 INFO  impl.RaftServerImpl (RaftServerImpl.java:setRole(170)) - s0@group-EA0D101F487D: changes role from  FOLLOWER to FOLLOWER at term 4 for recognizeCandidate:s1
2019-09-26 10:03:39,518 INFO  logging.LoggingHandler (AbstractInternalLogger.java:log(150)) - [id: 0x98fa128d, L:0.0.0.0/0.0.0.0:42528] READ COMPLETE
2019-09-26 10:03:39,518 INFO  logging.LoggingHandler (AbstractInternalLogger.java:log(150)) - [id: 0xa287243a, L:/0.0.0.0:41916] READ COMPLETE
2019-09-26 10:03:39,519 INFO  logging.LoggingHandler (AbstractInternalLogger.java:log(150)) - [id: 0x98fa128d, L:0.0.0.0/0.0.0.0:42528] READ: [id: 0x06c9848d, L:/192.168.30.59:42528 - R:/192.168.30.59:58918]
2019-09-26 10:03:39,519 INFO  impl.RoleInfo (RoleInfo.java:shutdownFollowerState(121)) - s0: shutdown FollowerState
2019-09-26 10:03:39,519 INFO  impl.RoleInfo (RoleInfo.java:shutdownFollowerState(121)) - s2: shutdown FollowerState
2019-09-26 10:03:39,518 INFO  logging.LoggingHandler (AbstractInternalLogger.java:log(150)) - [id: 0x404738b4, L:/0.0.0.0:37394] READ COMPLETE
2019-09-26 10:03:39,519 INFO  impl.RoleInfo (RoleInfo.java:updateAndGet(143)) - s2: start FollowerState
2019-09-26 10:03:39,519 INFO  impl.FollowerState (FollowerState.java:run(117)) - s2@group-EA0D101F487D-FollowerState was interrupted: java.lang.InterruptedException: sleep interrupted
2019-09-26 10:03:39,519 INFO  impl.FollowerState (FollowerState.java:run(117)) - s0@group-EA0D101F487D-FollowerState was interrupted: java.lang.InterruptedException: sleep interrupted
2019-09-26 10:03:39,519 INFO  impl.RoleInfo (RoleInfo.java:updateAndGet(143)) - s0: start FollowerState
2019-09-26 10:03:39,519 INFO  logging.LoggingHandler (AbstractInternalLogger.java:log(150)) - [id: 0x98fa128d, L:0.0.0.0/0.0.0.0:42528] READ COMPLETE
2019-09-26 10:03:39,519 INFO  logging.LoggingHandler (AbstractInternalLogger.java:log(150)) - [id: 0xa287243a, L:/0.0.0.0:41916] READ: [id: 0xeeea1162, L:/192.168.30.59:41916 - R:/192.168.30.59:53584]
2019-09-26 10:03:39,522 INFO  logging.LoggingHandler (AbstractInternalLogger.java:log(150)) - [id: 0x98fa128d, L:0.0.0.0/0.0.0.0:42528] READ: [id: 0x82ce2299, L:/192.168.30.59:42528 - R:/192.168.30.59:58920]
2019-09-26 10:03:39,520 INFO  logging.LoggingHandler (AbstractInternalLogger.java:log(150)) - [id: 0x404738b4, L:/0.0.0.0:37394] READ: [id: 0x64d16e04, L:/192.168.30.59:37394 - R:/192.168.30.59:36536]
2019-09-26 10:03:39,522 INFO  logging.LoggingHandler (AbstractInternalLogger.java:log(150)) - [id: 0x98fa128d, L:0.0.0.0/0.0.0.0:42528] READ COMPLETE
2019-09-26 10:03:39,522 INFO  logging.LoggingHandler (AbstractInternalLogger.java:log(150)) - [id: 0xa287243a, L:/0.0.0.0:41916] READ COMPLETE
2019-09-26 10:03:39,522 INFO  logging.LoggingHandler (AbstractInternalLogger.java:log(150)) - [id: 0x98fa128d, L:0.0.0.0/0.0.0.0:42528] READ: [id: 0x2db4c625, L:/192.168.30.59:42528 - R:/192.168.30.59:58922]
2019-09-26 10:03:39,522 INFO  logging.LoggingHandler (AbstractInternalLogger.java:log(150)) - [id: 0x404738b4, L:/0.0.0.0:37394] READ COMPLETE
2019-09-26 10:03:39,523 INFO  logging.LoggingHandler (AbstractInternalLogger.java:log(150)) - [id: 0x98fa128d, L:0.0.0.0/0.0.0.0:42528] READ COMPLETE
2019-09-26 10:03:39,522 INFO  logging.LoggingHandler (AbstractInternalLogger.java:log(150)) - [id: 0xa287243a, L:/0.0.0.0:41916] READ: [id: 0x89910337, L:/192.168.30.59:41916 - R:/192.168.30.59:53592]
2019-09-26 10:03:39,523 INFO  logging.LoggingHandler (AbstractInternalLogger.java:log(150)) - [id: 0x98fa128d, L:0.0.0.0/0.0.0.0:42528] READ: [id: 0x02e6c615, L:/192.168.30.59:42528 - R:/192.168.30.59:58930]
2019-09-26 10:03:39,523 INFO  logging.LoggingHandler (AbstractInternalLogger.java:log(150)) - [id: 0x404738b4, L:/0.0.0.0:37394] READ: [id: 0x7e2de801, L:/192.168.30.59:37394 - R:/192.168.30.59:36546]
2019-09-26 10:03:39,523 INFO  logging.LoggingHandler (AbstractInternalLogger.java:log(150)) - [id: 0x98fa128d, L:0.0.0.0/0.0.0.0:42528] READ COMPLETE
2019-09-26 10:03:39,523 INFO  logging.LoggingHandler (AbstractInternalLogger.java:log(150)) - [id: 0xa287243a, L:/0.0.0.0:41916] READ COMPLETE
2019-09-26 10:03:39,523 INFO  logging.LoggingHandler (AbstractInternalLogger.java:log(150)) - [id: 0x98fa128d, L:0.0.0.0/0.0.0.0:42528] READ: [id: 0xe779169c, L:/192.168.30.59:42528 - R:/192.168.30.59:58936]
2019-09-26 10:03:39,523 INFO  logging.LoggingHandler (AbstractInternalLogger.java:log(150)) - [id: 0x404738b4, L:/0.0.0.0:37394] READ COMPLETE
2019-09-26 10:03:39,524 INFO  logging.LoggingHandler (AbstractInternalLogger.java:log(150)) - [id: 0x98fa128d, L:0.0.0.0/0.0.0.0:42528] READ COMPLETE
2019-09-26 10:03:39,523 INFO  logging.LoggingHandler (AbstractInternalLogger.java:log(150)) - [id: 0xa287243a, L:/0.0.0.0:41916] READ: [id: 0xd7e16452, L:/192.168.30.59:41916 - R:/192.168.30.59:53594]
2019-09-26 10:03:39,524 INFO  logging.LoggingHandler (AbstractInternalLogger.java:log(150)) - [id: 0x98fa128d, L:0.0.0.0/0.0.0.0:42528] READ: [id: 0xd41b2ca3, L:/192.168.30.59:42528 - R:/192.168.30.59:58944]
2019-09-26 10:03:39,524 INFO  logging.LoggingHandler (AbstractInternalLogger.java:log(150)) - [id: 0x404738b4, L:/0.0.0.0:37394] READ: [id: 0xae494d18, L:/192.168.30.59:37394 - R:/192.168.30.59:36548]
2019-09-26 10:03:39,524 INFO  logging.LoggingHandler (AbstractInternalLogger.java:log(150)) - [id: 0x98fa128d, L:0.0.0.0/0.0.0.0:42528] READ COMPLETE
2019-09-26 10:03:39,524 INFO  logging.LoggingHandler (AbstractInternalLogger.java:log(150)) - [id: 0xa287243a, L:/0.0.0.0:41916] READ COMPLETE
2019-09-26 10:03:39,524 INFO  logging.LoggingHandler (AbstractInternalLogger.java:log(150)) - [id: 0x98fa128d, L:0.0.0.0/0.0.0.0:42528] READ: [id: 0xc50507fa, L:/192.168.30.59:42528 - R:/192.168.30.59:58950]
2019-09-26 10:03:39,524 INFO  logging.LoggingHandler (AbstractInternalLogger.java:log(150)) - [id: 0x404738b4, L:/0.0.0.0:37394] READ COMPLETE
2019-09-26 10:03:39,525 INFO  logging.LoggingHandler (AbstractInternalLogger.java:log(150)) - [id: 0x98fa128d, L:0.0.0.0/0.0.0.0:42528] READ COMPLETE
2019-09-26 10:03:39,524 INFO  logging.LoggingHandler (AbstractInternalLogger.java:log(150)) - [id: 0xa287243a, L:/0.0.0.0:41916] READ: [id: 0xc8e71ff6, L:/192.168.30.59:41916 - R:/192.168.30.59:53602]
2019-09-26 10:03:39,525 INFO  logging.LoggingHandler (AbstractInternalLogger.java:log(150)) - [id: 0x98fa128d, L:0.0.0.0/0.0.0.0:42528] READ: [id: 0x8d67f563, L:/192.168.30.59:42528 - R:/192.168.30.59:58964]
2019-09-26 10:03:39,525 INFO  logging.LoggingHandler (AbstractInternalLogger.java:log(150)) - [id: 0x404738b4, L:/0.0.0.0:37394] READ: [id: 0xb2a194ce, L:/192.168.30.59:37394 - R:/192.168.30.59:36566]
2019-09-26 10:03:39,525 INFO  logging.LoggingHandler (AbstractInternalLogger.java:log(150)) - [id: 0x98fa128d, L:0.0.0.0/0.0.0.0:42528] READ COMPLETE
2019-09-26 10:03:39,525 INFO  logging.LoggingHandler (AbstractInternalLogger.java:log(150)) - [id: 0xa287243a, L:/0.0.0.0:41916] READ COMPLETE
2019-09-26 10:03:39,526 INFO  logging.LoggingHandler (AbstractInternalLogger.java:log(150)) - [id: 0xa287243a, L:/0.0.0.0:41916] READ: [id: 0x311af368, L:/192.168.30.59:41916 - R:/192.168.30.59:53606]
2019-09-26 10:03:39,526 INFO  logging.LoggingHandler (AbstractInternalLogger.java:log(150)) - [id: 0xa287243a, L:/0.0.0.0:41916] READ COMPLETE
2019-09-26 10:03:39,525 INFO  logging.LoggingHandler (AbstractInternalLogger.java:log(150)) - [id: 0x98fa128d, L:0.0.0.0/0.0.0.0:42528] READ: [id: 0x5df7179f, L:/192.168.30.59:42528 - R:/192.168.30.59:58972]
2019-09-26 10:03:39,525 INFO  logging.LoggingHandler (AbstractInternalLogger.java:log(150)) - [id: 0x404738b4, L:/0.0.0.0:37394] READ COMPLETE
2019-09-26 10:03:39,526 INFO  logging.LoggingHandler (AbstractInternalLogger.java:log(150)) - [id: 0x98fa128d, L:0.0.0.0/0.0.0.0:42528] READ COMPLETE
2019-09-26 10:03:39,526 INFO  logging.LoggingHandler (AbstractInternalLogger.java:log(150)) - [id: 0xa287243a, L:/0.0.0.0:41916] READ: [id: 0x19b6cc79, L:/192.168.30.59:41916 - R:/192.168.30.59:53608]
2019-09-26 10:03:39,526 INFO  logging.LoggingHandler (AbstractInternalLogger.java:log(150)) - [id: 0x98fa128d, L:0.0.0.0/0.0.0.0:42528] READ: [id: 0x760f60c8, L:/192.168.30.59:42528 - R:/192.168.30.59:58988]
2019-09-26 10:03:39,526 INFO  logging.LoggingHandler (AbstractInternalLogger.java:log(150)) - [id: 0x404738b4, L:/0.0.0.0:37394] READ: [id: 0xa123e48e, L:/192.168.30.59:37394 - R:/192.168.30.59:36570]
2019-09-26 10:03:39,526 INFO  logging.LoggingHandler (AbstractInternalLogger.java:log(150)) - [id: 0x98fa128d, L:0.0.0.0/0.0.0.0:42528] READ COMPLETE
2019-09-26 10:03:39,526 INFO  logging.LoggingHandler (AbstractInternalLogger.java:log(150)) - [id: 0xa287243a, L:/0.0.0.0:41916] READ COMPLETE
2019-09-26 10:03:39,527 INFO  logging.LoggingHandler (AbstractInternalLogger.java:log(150)) - [id: 0x98fa128d, L:0.0.0.0/0.0.0.0:42528] READ: [id: 0x6474831b, L:/192.168.30.59:42528 - R:/192.168.30.59:58990]
2019-09-26 10:03:39,527 INFO  logging.LoggingHandler (AbstractInternalLogger.java:log(150)) - [id: 0x404738b4, L:/0.0.0.0:37394] READ COMPLETE
2019-09-26 10:03:39,527 INFO  logging.LoggingHandler (AbstractInternalLogger.java:log(150)) - [id: 0x98fa128d, L:0.0.0.0/0.0.0.0:42528] READ COMPLETE
2019-09-26 10:03:39,527 INFO  logging.LoggingHandler (AbstractInternalLogger.java:log(150)) - [id: 0xa287243a, L:/0.0.0.0:41916] READ: [id: 0xdffa87a1, L:/192.168.30.59:41916 - R:/192.168.30.59:53618]
2019-09-26 10:03:39,527 INFO  logging.LoggingHandler (AbstractInternalLogger.java:log(150)) - [id: 0x98fa128d, L:0.0.0.0/0.0.0.0:42528] READ: [id: 0x4bd9226c, L:/192.168.30.59:42528 - R:/192.168.30.59:58992]
2019-09-26 10:03:39,527 INFO  logging.LoggingHandler (AbstractInternalLogger.java:log(150)) - [id: 0x404738b4, L:/0.0.0.0:37394] READ: [id: 0x6cc6ddda, L:/192.168.30.59:37394 - R:/192.168.30.59:36572]
2019-09-26 10:03:39,527 INFO  logging.LoggingHandler (AbstractInternalLogger.java:log(150)) - [id: 0x98fa128d, L:0.0.0.0/0.0.0.0:42528] READ COMPLETE
2019-09-26 10:03:39,527 INFO  logging.LoggingHandler (AbstractInternalLogger.java:log(150)) - [id: 0xa287243a, L:/0.0.0.0:41916] READ COMPLETE
2019-09-26 10:03:39,528 INFO  logging.LoggingHandler (AbstractInternalLogger.java:log(150)) - [id: 0x98fa128d, L:0.0.0.0/0.0.0.0:42528] READ: [id: 0x75053be2, L:/192.168.30.59:42528 - R:/192.168.30.59:58996]
2019-09-26 10:03:39,528 INFO  logging.LoggingHandler (AbstractInternalLogger.java:log(150)) - [id: 0x404738b4, L:/0.0.0.0:37394] READ COMPLETE
2019-09-26 10:03:39,528 INFO  logging.LoggingHandler (AbstractInternalLogger.java:log(150)) - [id: 0x98fa128d, L:0.0.0.0/0.0.0.0:42528] READ COMPLETE
2019-09-26 10:03:39,528 INFO  logging.LoggingHandler (AbstractInternalLogger.java:log(150)) - [id: 0xa287243a, L:/0.0.0.0:41916] READ: [id: 0x63b0cda3, L:/192.168.30.59:41916 - R:/192.168.30.59:53622]
2019-09-26 10:03:39,528 INFO  logging.LoggingHandler (AbstractInternalLogger.java:log(150)) - [id: 0x404738b4, L:/0.0.0.0:37394] READ: [id: 0x8d38b19c, L:/192.168.30.59:37394 - R:/192.168.30.59:36574]
2019-09-26 10:03:39,528 INFO  logging.LoggingHandler (AbstractInternalLogger.java:log(150)) - [id: 0xa287243a, L:/0.0.0.0:41916] READ COMPLETE
2019-09-26 10:03:39,528 INFO  logging.LoggingHandler (AbstractInternalLogger.java:log(150)) - [id: 0x404738b4, L:/0.0.0.0:37394] READ COMPLETE
2019-09-26 10:03:39,529 INFO  logging.LoggingHandler (AbstractInternalLogger.java:log(150)) - [id: 0xa287243a, L:/0.0.0.0:41916] READ: [id: 0xf878970c, L:/192.168.30.59:41916 - R:/192.168.30.59:53624]
2019-09-26 10:03:39,529 INFO  logging.LoggingHandler (AbstractInternalLogger.java:log(150)) - [id: 0x404738b4, L:/0.0.0.0:37394] READ: [id: 0x78d406c9, L:/192.168.30.59:37394 - R:/192.168.30.59:36586]
2019-09-26 10:03:39,529 INFO  logging.LoggingHandler (AbstractInternalLogger.java:log(150)) - [id: 0xa287243a, L:/0.0.0.0:41916] READ COMPLETE
2019-09-26 10:03:39,529 INFO  logging.LoggingHandler (AbstractInternalLogger.java:log(150)) - [id: 0x98fa128d, L:0.0.0.0/0.0.0.0:42528] READ: [id: 0xfce31acc, L:/192.168.30.59:42528 - R:/192.168.30.59:59004]
2019-09-26 10:03:39,529 INFO  logging.LoggingHandler (AbstractInternalLogger.java:log(150)) - [id: 0x404738b4, L:/0.0.0.0:37394] READ COMPLETE
2019-09-26 10:03:39,529 INFO  logging.LoggingHandler (AbstractInternalLogger.java:log(150)) - [id: 0x98fa128d, L:0.0.0.0/0.0.0.0:42528] READ COMPLETE
2019-09-26 10:03:39,529 INFO  logging.LoggingHandler (AbstractInternalLogger.java:log(150)) - [id: 0xa287243a, L:/0.0.0.0:41916] READ: [id: 0x86d195d6, L:/192.168.30.59:41916 - R:/192.168.30.59:53630]
2019-09-26 10:03:39,530 INFO  logging.LoggingHandler (AbstractInternalLogger.java:log(150)) - [id: 0x98fa128d, L:0.0.0.0/0.0.0.0:42528] READ: [id: 0x8cb2e4bd, L:/192.168.30.59:42528 - R:/192.168.30.59:59008]
2019-09-26 10:03:39,530 INFO  logging.LoggingHandler (AbstractInternalLogger.java:log(150)) - [id: 0xa287243a, L:/0.0.0.0:41916] READ COMPLETE
2019-09-26 10:03:39,530 INFO  logging.LoggingHandler (AbstractInternalLogger.java:log(150)) - [id: 0x98fa128d, L:0.0.0.0/0.0.0.0:42528] READ COMPLETE
2019-09-26 10:03:39,530 INFO  logging.LoggingHandler (AbstractInternalLogger.java:log(150)) - [id: 0xa287243a, L:/0.0.0.0:41916] READ: [id: 0x5da25799, L:/192.168.30.59:41916 - R:/192.168.30.59:53634]
2019-09-26 10:03:39,530 INFO  logging.LoggingHandler (AbstractInternalLogger.java:log(150)) - [id: 0x404738b4, L:/0.0.0.0:37394] READ: [id: 0xb4df77cc, L:/192.168.30.59:37394 - R:/192.168.30.59:36600]
2019-09-26 10:03:39,531 INFO  logging.LoggingHandler (AbstractInternalLogger.java:log(150)) - [id: 0xa287243a, L:/0.0.0.0:41916] READ COMPLETE
2019-09-26 10:03:39,531 INFO  logging.LoggingHandler (AbstractInternalLogger.java:log(150)) - [id: 0x98fa128d, L:0.0.0.0/0.0.0.0:42528] READ: [id: 0x61e79d20, L:/192.168.30.59:42528 - R:/192.168.30.59:59010]
2019-09-26 10:03:39,531 INFO  logging.LoggingHandler (AbstractInternalLogger.java:log(150)) - [id: 0xa287243a, L:/0.0.0.0:41916] READ: [id: 0xe03665e1, L:/192.168.30.59:41916 - R:/192.168.30.59:53636]
2019-09-26 10:03:39,531 INFO  logging.LoggingHandler (AbstractInternalLogger.java:log(150)) - [id: 0x404738b4, L:/0.0.0.0:37394] READ COMPLETE
2019-09-26 10:03:39,531 INFO  logging.LoggingHandler (AbstractInternalLogger.java:log(150)) - [id: 0xa287243a, L:/0.0.0.0:41916] READ COMPLETE
2019-09-26 10:03:39,531 INFO  logging.LoggingHandler (AbstractInternalLogger.java:log(150)) - [id: 0x98fa128d, L:0.0.0.0/0.0.0.0:42528] READ COMPLETE
2019-09-26 10:03:39,532 INFO  logging.LoggingHandler (AbstractInternalLogger.java:log(150)) - [id: 0xa287243a, L:/0.0.0.0:41916] READ: [id: 0x6fb34831, L:/192.168.30.59:41916 - R:/192.168.30.59:53638]
2019-09-26 10:03:39,532 INFO  logging.LoggingHandler (AbstractInternalLogger.java:log(150)) - [id: 0x98fa128d, L:0.0.0.0/0.0.0.0:42528] READ: [id: 0xd6103bc6, L:/192.168.30.59:42528 - R:/192.168.30.59:59014]
2019-09-26 10:03:39,532 INFO  logging.LoggingHandler (AbstractInternalLogger.java:log(150)) - [id: 0xa287243a, L:/0.0.0.0:41916] READ COMPLETE
2019-09-26 10:03:39,532 INFO  logging.LoggingHandler (AbstractInternalLogger.java:log(150)) - [id: 0x98fa128d, L:0.0.0.0/0.0.0.0:42528] READ COMPLETE
2019-09-26 10:03:39,533 INFO  logging.LoggingHandler (AbstractInternalLogger.java:log(150)) - [id: 0xa287243a, L:/0.0.0.0:41916] READ: [id: 0xd8e978d9, L:/192.168.30.59:41916 - R:/192.168.30.59:53642]
2019-09-26 10:03:39,533 INFO  logging.LoggingHandler (AbstractInternalLogger.java:log(150)) - [id: 0x98fa128d, L:0.0.0.0/0.0.0.0:42528] READ: [id: 0x0f1fa6c7, L:/192.168.30.59:42528 - R:/192.168.30.59:59022]
2019-09-26 10:03:39,533 INFO  logging.LoggingHandler (AbstractInternalLogger.java:log(150)) - [id: 0xa287243a, L:/0.0.0.0:41916] READ COMPLETE
2019-09-26 10:03:39,533 INFO  logging.LoggingHandler (AbstractInternalLogger.java:log(150)) - [id: 0x98fa128d, L:0.0.0.0/0.0.0.0:42528] READ COMPLETE
2019-09-26 10:03:39,533 INFO  logging.LoggingHandler (AbstractInternalLogger.java:log(150)) - [id: 0xa287243a, L:/0.0.0.0:41916] READ: [id: 0xfb955bce, L:/192.168.30.59:41916 - R:/192.168.30.59:53644]
2019-09-26 10:03:39,534 INFO  logging.LoggingHandler (AbstractInternalLogger.java:log(150)) - [id: 0xa287243a, L:/0.0.0.0:41916] READ COMPLETE
2019-09-26 10:03:39,534 INFO  logging.LoggingHandler (AbstractInternalLogger.java:log(150)) - [id: 0x98fa128d, L:0.0.0.0/0.0.0.0:42528] READ: [id: 0x6594a717, L:/192.168.30.59:42528 - R:/192.168.30.59:59024]
2019-09-26 10:03:39,534 INFO  logging.LoggingHandler (AbstractInternalLogger.java:log(150)) - [id: 0xa287243a, L:/0.0.0.0:41916] READ: [id: 0x22570adb, L:/192.168.30.59:41916 - R:/192.168.30.59:53648]
2019-09-26 10:03:39,534 INFO  logging.LoggingHandler (AbstractInternalLogger.java:log(150)) - [id: 0x98fa128d, L:0.0.0.0/0.0.0.0:42528] READ COMPLETE
2019-09-26 10:03:39,534 INFO  logging.LoggingHandler (AbstractInternalLogger.java:log(150)) - [id: 0xa287243a, L:/0.0.0.0:41916] READ COMPLETE
2019-09-26 10:03:39,535 INFO  logging.LoggingHandler (AbstractInternalLogger.java:log(150)) - [id: 0xa287243a, L:/0.0.0.0:41916] READ: [id: 0x346d51fa, L:/192.168.30.59:41916 - R:/192.168.30.59:53662]
2019-09-26 10:03:39,535 INFO  logging.LoggingHandler (AbstractInternalLogger.java:log(150)) - [id: 0xa287243a, L:/0.0.0.0:41916] READ COMPLETE
2019-09-26 10:03:39,535 INFO  logging.LoggingHandler (AbstractInternalLogger.java:log(150)) - [id: 0xa287243a, L:/0.0.0.0:41916] READ: [id: 0x74847e13, L:/192.168.30.59:41916 - R:/192.168.30.59:53668]
2019-09-26 10:03:39,535 INFO  logging.LoggingHandler (AbstractInternalLogger.java:log(150)) - [id: 0x98fa128d, L:0.0.0.0/0.0.0.0:42528] READ: [id: 0x0eae7ea3, L:/192.168.30.59:42528 - R:/192.168.30.59:59030]
2019-09-26 10:03:39,535 INFO  logging.LoggingHandler (AbstractInternalLogger.java:log(150)) - [id: 0xa287243a, L:/0.0.0.0:41916] READ COMPLETE
2019-09-26 10:03:39,535 INFO  logging.LoggingHandler (AbstractInternalLogger.java:log(150)) - [id: 0x98fa128d, L:0.0.0.0/0.0.0.0:42528] READ COMPLETE
2019-09-26 10:03:39,536 INFO  logging.LoggingHandler (AbstractInternalLogger.java:log(150)) - [id: 0xa287243a, L:/0.0.0.0:41916] READ: [id: 0xf306f8e4, L:/192.168.30.59:41916 - R:/192.168.30.59:53670]
2019-09-26 10:03:39,536 INFO  logging.LoggingHandler (AbstractInternalLogger.java:log(150)) - [id: 0x98fa128d, L:0.0.0.0/0.0.0.0:42528] READ: [id: 0x04c13751, L:/192.168.30.59:42528 - R:/192.168.30.59:59034]
2019-09-26 10:03:39,536 INFO  impl.LeaderElection (LeaderElection.java:logAndReturn(56)) - s1@group-EA0D101F487D-LeaderElection5: Election PASSED; received 1 response(s) [s1<-s0#0:OK-t4] and 0 exception(s); s1@group-EA0D101F487D:t4, leader=null, voted=s1, raftlog=s1@group-EA0D101F487D-SegmentedRaftLog:OPENED:c25538,f25543,i25543, conf=0: [s0:0.0.0.0:42528, s1:0.0.0.0:37394, s2:0.0.0.0:41916], old=null
2019-09-26 10:03:39,536 INFO  logging.LoggingHandler (AbstractInternalLogger.java:log(150)) - [id: 0x404738b4, L:/0.0.0.0:37394] READ: [id: 0x7b500978, L:/192.168.30.59:37394 - R:/192.168.30.59:36626]
2019-09-26 10:03:39,536 INFO  logging.LoggingHandler (AbstractInternalLogger.java:log(150)) - [id: 0xa287243a, L:/0.0.0.0:41916] READ COMPLETE
2019-09-26 10:03:39,537 INFO  logging.LoggingHandler (AbstractInternalLogger.java:log(150)) - [id: 0xa287243a, L:/0.0.0.0:41916] READ: [id: 0x6b9fa500, L:/192.168.30.59:41916 - R:/192.168.30.59:53674]
2019-09-26 10:03:39,537 INFO  logging.LoggingHandler (AbstractInternalLogger.java:log(150)) - [id: 0x404738b4, L:/0.0.0.0:37394] READ COMPLETE
2019-09-26 10:03:39,536 INFO  impl.RoleInfo (RoleInfo.java:shutdownLeaderElection(134)) - s1: shutdown LeaderElection
2019-09-26 10:03:39,538 INFO  logging.LoggingHandler (AbstractInternalLogger.java:log(150)) - [id: 0x404738b4, L:/0.0.0.0:37394] READ: [id: 0x06311428, L:/192.168.30.59:37394 - R:/192.168.30.59:36632]
2019-09-26 10:03:39,536 INFO  logging.LoggingHandler (AbstractInternalLogger.java:log(150)) - [id: 0x98fa128d, L:0.0.0.0/0.0.0.0:42528] READ COMPLETE
2019-09-26 10:03:39,538 INFO  logging.LoggingHandler (AbstractInternalLogger.java:log(150)) - [id: 0x404738b4, L:/0.0.0.0:37394] READ COMPLETE
2019-09-26 10:03:39,538 INFO  impl.RaftServerImpl (RaftServerImpl.java:setRole(170)) - s1@group-EA0D101F487D: changes role from CANDIDATE to LEADER at term 4 for changeToLeader
2019-09-26 10:03:39,537 INFO  logging.LoggingHandler (AbstractInternalLogger.java:log(150)) - [id: 0xa287243a, L:/0.0.0.0:41916] READ COMPLETE
2019-09-26 10:03:39,538 INFO  impl.RaftServerImpl (ServerState.java:setLeader(254)) - s1@group-EA0D101F487D: change Leader from null to s1 at term 4 for becomeLeader, leader elected after 261ms
2019-09-26 10:03:39,538 INFO  logging.LoggingHandler (AbstractInternalLogger.java:log(150)) - [id: 0x404738b4, L:/0.0.0.0:37394] READ: [id: 0x8717bd49, L:/192.168.30.59:37394 - R:/192.168.30.59:36638]
2019-09-26 10:03:39,538 INFO  logging.LoggingHandler (AbstractInternalLogger.java:log(150)) - [id: 0x98fa128d, L:0.0.0.0/0.0.0.0:42528] READ: [id: 0x77ca55c4, L:/192.168.30.59:42528 - R:/192.168.30.59:59036]
2019-09-26 10:03:39,539 INFO  logging.LoggingHandler (AbstractInternalLogger.java:log(150)) - [id: 0x404738b4, L:/0.0.0.0:37394] READ COMPLETE
2019-09-26 10:03:39,539 INFO  server.RaftServerConfigKeys (ConfUtils.java:logGet(43)) - raft.server.staging.catchup.gap = 1000 (default)
2019-09-26 10:03:39,539 INFO  logging.LoggingHandler (AbstractInternalLogger.java:log(150)) - [id: 0xa287243a, L:/0.0.0.0:41916] READ: [id: 0x566d4787, L:/192.168.30.59:41916 - R:/192.168.30.59:53684]
2019-09-26 10:03:39,539 INFO  server.RaftServerConfigKeys (ConfUtils.java:logGet(43)) - raft.server.rpc.sleep.time = 25ms (default)
2019-09-26 10:03:39,539 INFO  logging.LoggingHandler (AbstractInternalLogger.java:log(150)) - [id: 0x404738b4, L:/0.0.0.0:37394] READ: [id: 0xcce1db2c, L:/192.168.30.59:37394 - R:/192.168.30.59:36644]
2019-09-26 10:03:39,539 INFO  logging.LoggingHandler (AbstractInternalLogger.java:log(150)) - [id: 0x98fa128d, L:0.0.0.0/0.0.0.0:42528] READ COMPLETE
2019-09-26 10:03:39,540 INFO  logging.LoggingHandler (AbstractInternalLogger.java:log(150)) - [id: 0x404738b4, L:/0.0.0.0:37394] READ COMPLETE
2019-09-26 10:03:39,540 INFO  server.RaftServerConfigKeys (ConfUtils.java:logGet(43)) - raft.server.write.element-limit = 4096 (default)
2019-09-26 10:03:39,540 INFO  logging.LoggingHandler (AbstractInternalLogger.java:log(150)) - [id: 0x404738b4, L:/0.0.0.0:37394] READ: [id: 0x1a15221c, L:/192.168.30.59:37394 - R:/192.168.30.59:36650]
2019-09-26 10:03:39,540 INFO  logging.LoggingHandler (AbstractInternalLogger.java:log(150)) - [id: 0xa287243a, L:/0.0.0.0:41916] READ COMPLETE
2019-09-26 10:03:39,551 INFO  logging.LoggingHandler (AbstractInternalLogger.java:log(150)) - [id: 0x404738b4, L:/0.0.0.0:37394] READ COMPLETE
2019-09-26 10:03:39,540 INFO  server.RaftServerConfigKeys (ConfUtils.java:logGet(43)) - raft.server.watch.timeout = 10s (default)
2019-09-26 10:03:39,540 INFO  logging.LoggingHandler (AbstractInternalLogger.java:log(150)) - [id: 0x98fa128d, L:0.0.0.0/0.0.0.0:42528] READ: [id: 0x0ed83371, L:/192.168.30.59:42528 - R:/192.168.30.59:59032]
2019-09-26 10:03:39,551 INFO  server.RaftServerConfigKeys (ConfUtils.java:logGet(43)) - raft.server.watch.timeout.denomination = 1s (default)
2019-09-26 10:03:39,551 INFO  logging.LoggingHandler (AbstractInternalLogger.java:log(150)) - [id: 0x404738b4, L:/0.0.0.0:37394] READ: [id: 0x51348532, L:/192.168.30.59:37394 - R:/192.168.30.59:36652]
2019-09-26 10:03:39,551 INFO  logging.LoggingHandler (AbstractInternalLogger.java:log(150)) - [id: 0xa287243a, L:/0.0.0.0:41916] READ: [id: 0xff50796f, L:/192.168.30.59:41916 - R:/192.168.30.59:53686]
2019-09-26 10:03:39,552 INFO  logging.LoggingHandler (AbstractInternalLogger.java:log(150)) - [id: 0x404738b4, L:/0.0.0.0:37394] READ COMPLETE
2019-09-26 10:03:39,551 INFO  server.RaftServerConfigKeys (ConfUtils.java:logGet(43)) - raft.server.watch.element-limit = 65536 (default)
2019-09-26 10:03:39,552 INFO  logging.LoggingHandler (AbstractInternalLogger.java:log(150)) - [id: 0x404738b4, L:/0.0.0.0:37394] READ: [id: 0x46d34eed, L:/192.168.30.59:37394 - R:/192.168.30.59:36658]
2019-09-26 10:03:39,551 INFO  logging.LoggingHandler (AbstractInternalLogger.java:log(150)) - [id: 0x98fa128d, L:0.0.0.0/0.0.0.0:42528] READ COMPLETE
2019-09-26 10:03:39,552 INFO  server.RaftServerConfigKeys (ConfUtils.java:logGet(43)) - raft.server.log.appender.snapshot.chunk.size.max = 16MB (=16777216) (default)
2019-09-26 10:03:39,552 INFO  logging.LoggingHandler (AbstractInternalLogger.java:log(150)) - [id: 0x404738b4, L:/0.0.0.0:37394] READ COMPLETE
2019-09-26 10:03:39,552 INFO  logging.LoggingHandler (AbstractInternalLogger.java:log(150)) - [id: 0xa287243a, L:/0.0.0.0:41916] READ COMPLETE
2019-09-26 10:03:39,552 INFO  server.RaftServerConfigKeys (ConfUtils.java:logGet(43)) - raft.server.log.appender.buffer.byte-limit = 4MB (=4194304) (default)
2019-09-26 10:03:39,552 INFO  logging.LoggingHandler (AbstractInternalLogger.java:log(150)) - [id: 0x98fa128d, L:0.0.0.0/0.0.0.0:42528] READ: [id: 0x5005baa0, L:/192.168.30.59:42528 - R:/192.168.30.59:59042]
2019-09-26 10:03:39,553 INFO  server.RaftServerConfigKeys (ConfUtils.java:logGet(43)) - raft.server.log.appender.buffer.element-limit = 0 (default)
2019-09-26 10:03:39,553 INFO  logging.LoggingHandler (AbstractInternalLogger.java:log(150)) - [id: 0xa287243a, L:/0.0.0.0:41916] READ: [id: 0xcb2e090f, L:/192.168.30.59:41916 - R:/192.168.30.59:53688]
2019-09-26 10:03:39,553 INFO  server.RaftServerConfigKeys (ConfUtils.java:logGet(43)) - raft.server.log.appender.snapshot.chunk.size.max = 16MB (=16777216) (default)
2019-09-26 10:03:39,553 INFO  logging.LoggingHandler (AbstractInternalLogger.java:log(150)) - [id: 0x98fa128d, L:0.0.0.0/0.0.0.0:42528] READ COMPLETE
2019-09-26 10:03:39,553 INFO  server.RaftServerConfigKeys (ConfUtils.java:logGet(43)) - raft.server.log.appender.buffer.byte-limit = 4MB (=4194304) (default)
2019-09-26 10:03:39,553 INFO  logging.LoggingHandler (AbstractInternalLogger.java:log(150)) - [id: 0xa287243a, L:/0.0.0.0:41916] READ COMPLETE
2019-09-26 10:03:39,554 INFO  server.RaftServerConfigKeys (ConfUtils.java:logGet(43)) - raft.server.log.appender.buffer.element-limit = 0 (default)
2019-09-26 10:03:39,554 INFO  logging.LoggingHandler (AbstractInternalLogger.java:log(150)) - [id: 0x98fa128d, L:0.0.0.0/0.0.0.0:42528] READ: [id: 0x4dfdf185, L:/192.168.30.59:42528 - R:/192.168.30.59:59052]
2019-09-26 10:03:39,554 INFO  logging.LoggingHandler (AbstractInternalLogger.java:log(150)) - [id: 0xa287243a, L:/0.0.0.0:41916] READ: [id: 0x41e385a0, L:/192.168.30.59:41916 - R:/192.168.30.59:53694]
2019-09-26 10:03:39,554 INFO  logging.LoggingHandler (AbstractInternalLogger.java:log(150)) - [id: 0x404738b4, L:/0.0.0.0:37394] READ: [id: 0x4621312c, L:/192.168.30.59:37394 - R:/192.168.30.59:36664]
2019-09-26 10:03:39,554 INFO  logging.LoggingHandler (AbstractInternalLogger.java:log(150)) - [id: 0xa287243a, L:/0.0.0.0:41916] READ COMPLETE
2019-09-26 10:03:39,554 INFO  impl.RoleInfo (RoleInfo.java:updateAndGet(143)) - s1: start LeaderState
2019-09-26 10:03:39,554 INFO  logging.LoggingHandler (AbstractInternalLogger.java:log(150)) - [id: 0x98fa128d, L:0.0.0.0/0.0.0.0:42528] READ COMPLETE
2019-09-26 10:03:39,555 INFO  logging.LoggingHandler (AbstractInternalLogger.java:log(150)) - [id: 0xa287243a, L:/0.0.0.0:41916] READ: [id: 0xf614911b, L:/192.168.30.59:41916 - R:/192.168.30.59:53696]
2019-09-26 10:03:39,554 INFO  logging.LoggingHandler (AbstractInternalLogger.java:log(150)) - [id: 0x404738b4, L:/0.0.0.0:37394] READ COMPLETE
2019-09-26 10:03:39,555 INFO  logging.LoggingHandler (AbstractInternalLogger.java:log(150)) - [id: 0xa287243a, L:/0.0.0.0:41916] READ COMPLETE
2019-09-26 10:03:39,555 INFO  logging.LoggingHandler (AbstractInternalLogger.java:log(150)) - [id: 0x98fa128d, L:0.0.0.0/0.0.0.0:42528] READ: [id: 0xb105a8b9, L:/192.168.30.59:42528 - R:/192.168.30.59:59066]
2019-09-26 10:03:39,555 INFO  logging.LoggingHandler (AbstractInternalLogger.java:log(150)) - [id: 0xa287243a, L:/0.0.0.0:41916] READ: [id: 0xac1f129a, L:/192.168.30.59:41916 - R:/192.168.30.59:53708]
2019-09-26 10:03:39,555 INFO  logging.LoggingHandler (AbstractInternalLogger.java:log(150)) - [id: 0x404738b4, L:/0.0.0.0:37394] READ: [id: 0xec05e4ae, L:/192.168.30.59:37394 - R:/192.168.30.59:36666]
2019-09-26 10:03:39,556 INFO  segmented.SegmentedRaftLogWorker (SegmentedRaftLogWorker.java:rollLogSegment(385)) - s1@group-EA0D101F487D-SegmentedRaftLogWorker: Rolling segment log-0_25543 to index:25543
2019-09-26 10:03:39,556 INFO  logging.LoggingHandler (AbstractInternalLogger.java:log(150)) - [id: 0xa287243a, L:/0.0.0.0:41916] READ COMPLETE
2019-09-26 10:03:39,555 INFO  logging.LoggingHandler (AbstractInternalLogger.java:log(150)) - [id: 0x98fa128d, L:0.0.0.0/0.0.0.0:42528] READ COMPLETE
2019-09-26 10:03:39,556 INFO  logging.LoggingHandler (AbstractInternalLogger.java:log(150)) - [id: 0xa287243a, L:/0.0.0.0:41916] READ: [id: 0x29e650c0, L:/192.168.30.59:41916 - R:/192.168.30.59:53714]
2019-09-26 10:03:39,556 INFO  logging.LoggingHandler (AbstractInternalLogger.java:log(150)) - [id: 0x404738b4, L:/0.0.0.0:37394] READ COMPLETE
2019-09-26 10:03:39,556 INFO  logging.LoggingHandler (AbstractInternalLogger.java:log(150)) - [id: 0xa287243a, L:/0.0.0.0:41916] READ COMPLETE
2019-09-26 10:03:39,556 INFO  logging.LoggingHandler (AbstractInternalLogger.java:log(150)) - [id: 0x98fa128d, L:0.0.0.0/0.0.0.0:42528] READ: [id: 0x18f69a29, L:/192.168.30.59:42528 - R:/192.168.30.59:59074]
2019-09-26 10:03:39,557 INFO  logging.LoggingHandler (AbstractInternalLogger.java:log(150)) - [id: 0xa287243a, L:/0.0.0.0:41916] READ: [id: 0x26d8d2e9, L:/192.168.30.59:41916 - R:/192.168.30.59:53716]
2019-09-26 10:03:39,557 INFO  logging.LoggingHandler (AbstractInternalLogger.java:log(150)) - [id: 0x404738b4, L:/0.0.0.0:37394] READ: [id: 0x843e5d4b, L:/192.168.30.59:37394 - R:/192.168.30.59:36670]
2019-09-26 10:03:39,557 INFO  logging.LoggingHandler (AbstractInternalLogger.java:log(150)) - [id: 0xa287243a, L:/0.0.0.0:41916] READ COMPLETE
2019-09-26 10:03:39,557 INFO  logging.LoggingHandler (AbstractInternalLogger.java:log(150)) - [id: 0x98fa128d, L:0.0.0.0/0.0.0.0:42528] READ COMPLETE
2019-09-26 10:03:39,557 INFO  logging.LoggingHandler (AbstractInternalLogger.java:log(150)) - [id: 0xa287243a, L:/0.0.0.0:41916] READ: [id: 0xafd90dd5, L:/192.168.30.59:41916 - R:/192.168.30.59:53722]
2019-09-26 10:03:39,557 INFO  logging.LoggingHandler (AbstractInternalLogger.java:log(150)) - [id: 0x404738b4, L:/0.0.0.0:37394] READ COMPLETE
2019-09-26 10:03:39,558 INFO  logging.LoggingHandler (AbstractInternalLogger.java:log(150)) - [id: 0xa287243a, L:/0.0.0.0:41916] READ COMPLETE
2019-09-26 10:03:39,558 INFO  logging.LoggingHandler (AbstractInternalLogger.java:log(150)) - [id: 0x98fa128d, L:0.0.0.0/0.0.0.0:42528] READ: [id: 0x85a54221, L:/192.168.30.59:42528 - R:/192.168.30.59:59084]
2019-09-26 10:03:39,558 INFO  logging.LoggingHandler (AbstractInternalLogger.java:log(150)) - [id: 0xa287243a, L:/0.0.0.0:41916] READ: [id: 0x7163ad28, L:/192.168.30.59:41916 - R:/192.168.30.59:53726]
2019-09-26 10:03:39,558 INFO  logging.LoggingHandler (AbstractInternalLogger.java:log(150)) - [id: 0x404738b4, L:/0.0.0.0:37394] READ: [id: 0x0ff053f6, L:/192.168.30.59:37394 - R:/192.168.30.59:36676]
2019-09-26 10:03:39,559 INFO  logging.LoggingHandler (AbstractInternalLogger.java:log(150)) - [id: 0xa287243a, L:/0.0.0.0:41916] READ COMPLETE
2019-09-26 10:03:39,558 INFO  logging.LoggingHandler (AbstractInternalLogger.java:log(150)) - [id: 0x98fa128d, L:0.0.0.0/0.0.0.0:42528] READ COMPLETE
2019-09-26 10:03:39,559 INFO  logging.LoggingHandler (AbstractInternalLogger.java:log(150)) - [id: 0xa287243a, L:/0.0.0.0:41916] READ: [id: 0x4bfc25aa, L:/192.168.30.59:41916 - R:/192.168.30.59:53728]
2019-09-26 10:03:39,559 INFO  logging.LoggingHandler (AbstractInternalLogger.java:log(150)) - [id: 0x404738b4, L:/0.0.0.0:37394] READ COMPLETE
2019-09-26 10:03:39,559 INFO  logging.LoggingHandler (AbstractInternalLogger.java:log(150)) - [id: 0xa287243a, L:/0.0.0.0:41916] READ COMPLETE
2019-09-26 10:03:39,559 INFO  logging.LoggingHandler (AbstractInternalLogger.java:log(150)) - [id: 0x98fa128d, L:0.0.0.0/0.0.0.0:42528] READ: [id: 0x8891398e, L:/192.168.30.59:42528 - R:/192.168.30.59:59092]
2019-09-26 10:03:39,560 INFO  logging.LoggingHandler (AbstractInternalLogger.java:log(150)) - [id: 0xa287243a, L:/0.0.0.0:41916] READ: [id: 0xc2472065, L:/192.168.30.59:41916 - R:/192.168.30.59:53736]
2019-09-26 10:03:39,560 INFO  logging.LoggingHandler (AbstractInternalLogger.java:log(150)) - [id: 0x404738b4, L:/0.0.0.0:37394] READ: [id: 0x4e8ad467, L:/192.168.30.59:37394 - R:/192.168.30.59:36678]
2019-09-26 10:03:39,561 INFO  logging.LoggingHandler (AbstractInternalLogger.java:log(150)) - [id: 0x404738b4, L:/0.0.0.0:37394] READ COMPLETE
2019-09-26 10:03:39,560 INFO  logging.LoggingHandler (AbstractInternalLogger.java:log(150)) - [id: 0xa287243a, L:/0.0.0.0:41916] READ COMPLETE
2019-09-26 10:03:39,561 INFO  impl.RaftServerImpl (ServerState.java:setRaftConf(355)) - s1@group-EA0D101F487D: set configuration 25544: [s0:0.0.0.0:42528, s1:0.0.0.0:37394, s2:0.0.0.0:41916], old=null at 25544
2019-09-26 10:03:39,561 TRACE util.FileUtils (LogUtils.java:runAndLog(61)) - Successfully ran Files.move /workdir/ratis-examples/target/test/data/1fdfb1b/MiniRaftClusterWithNetty60c66dd9/s1/079eca59-a97b-4898-bb65-ea0d101f487d/current/log_inprogress_0 to /workdir/ratis-examples/target/test/data/1fdfb1b/MiniRaftClusterWithNetty60c66dd9/s1/079eca59-a97b-4898-bb65-ea0d101f487d/current/log_0-25543
2019-09-26 10:03:39,560 INFO  logging.LoggingHandler (AbstractInternalLogger.java:log(150)) - [id: 0x98fa128d, L:0.0.0.0/0.0.0.0:42528] READ COMPLETE
2019-09-26 10:03:39,563 INFO  impl.RaftServerImpl (ServerState.java:setLeader(254)) - s2@group-EA0D101F487D: change Leader from null to s1 at term 4 for appendEntries, leader elected after 286ms
2019-09-26 10:03:39,563 INFO  segmented.SegmentedRaftLogWorker (SegmentedRaftLogWorker.java:execute(526)) - s1@group-EA0D101F487D-SegmentedRaftLogWorker: Rolled log segment from /workdir/ratis-examples/target/test/data/1fdfb1b/MiniRaftClusterWithNetty60c66dd9/s1/079eca59-a97b-4898-bb65-ea0d101f487d/current/log_inprogress_0 to /workdir/ratis-examples/target/test/data/1fdfb1b/MiniRaftClusterWithNetty60c66dd9/s1/079eca59-a97b-4898-bb65-ea0d101f487d/current/log_0-25543
2019-09-26 10:03:39,561 INFO  impl.RaftServerImpl (ServerState.java:setLeader(254)) - s0@group-EA0D101F487D: change Leader from null to s1 at term 4 for appendEntries, leader elected after 302ms
2019-09-26 10:03:39,561 INFO  logging.LoggingHandler (AbstractInternalLogger.java:log(150)) - [id: 0xa287243a, L:/0.0.0.0:41916] READ: [id: 0x8422d0f9, L:/192.168.30.59:41916 - R:/192.168.30.59:53740]
2019-09-26 10:03:39,561 INFO  logging.LoggingHandler (AbstractInternalLogger.java:log(150)) - [id: 0x404738b4, L:/0.0.0.0:37394] READ: [id: 0x28cd88ee, L:/192.168.30.59:37394 - R:/192.168.30.59:36682]
2019-09-26 10:03:39,564 INFO  logging.LoggingHandler (AbstractInternalLogger.java:log(150)) - [id: 0xa287243a, L:/0.0.0.0:41916] READ COMPLETE
2019-09-26 10:03:39,564 INFO  impl.RaftServerImpl (RaftServerImpl.java:checkInconsistentAppendEntries(999)) - s0@group-EA0D101F487D: Failed appendEntries as previous log entry ((t:2, i:25543)) is not found
2019-09-26 10:03:39,563 INFO  impl.RaftServerImpl (RaftServerImpl.java:checkInconsistentAppendEntries(999)) - s2@group-EA0D101F487D: Failed appendEntries as previous log entry ((t:2, i:25543)) is not found
2019-09-26 10:03:39,565 INFO  impl.RaftServerImpl (RaftServerImpl.java:checkInconsistentAppendEntries(972)) - s2@group-EA0D101F487D: inconsistency entries. Reply:s1<-s2#0:FAIL,INCONSISTENCY,nextIndex:25540,term:4,followerCommit:25538
2019-09-26 10:03:39,563 INFO  logging.LoggingHandler (AbstractInternalLogger.java:log(150)) - [id: 0x98fa128d, L:0.0.0.0/0.0.0.0:42528] READ: [id: 0x54e68722, L:/192.168.30.59:42528 - R:/192.168.30.59:59106]
2019-09-26 10:03:39,564 INFO  impl.RaftServerImpl (RaftServerImpl.java:checkInconsistentAppendEntries(972)) - s0@group-EA0D101F487D: inconsistency entries. Reply:s1<-s0#0:FAIL,INCONSISTENCY,nextIndex:25539,term:4,followerCommit:25533
2019-09-26 10:03:39,564 INFO  logging.LoggingHandler (AbstractInternalLogger.java:log(150)) - [id: 0xa287243a, L:/0.0.0.0:41916] READ: [id: 0x060f82e4, L:/192.168.30.59:41916 - R:/192.168.30.59:53748]
2019-09-26 10:03:39,564 INFO  logging.LoggingHandler (AbstractInternalLogger.java:log(150)) - [id: 0x404738b4, L:/0.0.0.0:37394] READ COMPLETE
2019-09-26 10:03:39,567 INFO  logging.LoggingHandler (AbstractInternalLogger.java:log(150)) - [id: 0xa287243a, L:/0.0.0.0:41916] READ COMPLETE
2019-09-26 10:03:39,565 INFO  logging.LoggingHandler (AbstractInternalLogger.java:log(150)) - [id: 0x98fa128d, L:0.0.0.0/0.0.0.0:42528] READ COMPLETE
2019-09-26 10:03:39,567 INFO  logging.LoggingHandler (AbstractInternalLogger.java:log(150)) - [id: 0xa287243a, L:/0.0.0.0:41916] READ: [id: 0x3cc57e13, L:/192.168.30.59:41916 - R:/192.168.30.59:53754]
2019-09-26 10:03:39,567 INFO  impl.FollowerInfo (FollowerInfo.java:lambda$new$0(51)) - s1@group-EA0D101F487D->s2: nextIndex: updateUnconditionally 25544 -> 25540
2019-09-26 10:03:39,567 INFO  impl.FollowerInfo (FollowerInfo.java:lambda$new$0(51)) - s1@group-EA0D101F487D->s0: nextIndex: updateUnconditionally 25544 -> 25539
2019-09-26 10:03:39,567 INFO  logging.LoggingHandler (AbstractInternalLogger.java:log(150)) - [id: 0x404738b4, L:/0.0.0.0:37394] READ: [id: 0xb754c754, L:/192.168.30.59:37394 - R:/192.168.30.59:36684]
2019-09-26 10:03:39,568 INFO  logging.LoggingHandler (AbstractInternalLogger.java:log(150)) - [id: 0xa287243a, L:/0.0.0.0:41916] READ COMPLETE
2019-09-26 10:03:39,569 INFO  logging.LoggingHandler (AbstractInternalLogger.java:log(150)) - [id: 0x404738b4, L:/0.0.0.0:37394] READ COMPLETE
2019-09-26 10:03:39,569 INFO  logging.LoggingHandler (AbstractInternalLogger.java:log(150)) - [id: 0xa287243a, L:/0.0.0.0:41916] READ: [id: 0x5cf69fa4, L:/192.168.30.59:41916 - R:/192.168.30.59:53766]
2019-09-26 10:03:39,569 INFO  impl.RaftServerImpl (ServerState.java:setRaftConf(355)) - s2@group-EA0D101F487D: set configuration 25544: [s0:0.0.0.0:42528, s1:0.0.0.0:37394, s2:0.0.0.0:41916], old=null at 25544
2019-09-26 10:03:39,569 INFO  logging.LoggingHandler (AbstractInternalLogger.java:log(150)) - [id: 0xa287243a, L:/0.0.0.0:41916] READ COMPLETE
2019-09-26 10:03:39,569 INFO  logging.LoggingHandler (AbstractInternalLogger.java:log(150)) - [id: 0x404738b4, L:/0.0.0.0:37394] READ: [id: 0xf71ec199, L:/192.168.30.59:37394 - R:/192.168.30.59:36688]
2019-09-26 10:03:39,569 INFO  impl.RaftServerImpl (ServerState.java:setRaftConf(355)) - s0@group-EA0D101F487D: set configuration 25544: [s0:0.0.0.0:42528, s1:0.0.0.0:37394, s2:0.0.0.0:41916], old=null at 25544
2019-09-26 10:03:39,570 INFO  segmented.SegmentedRaftLogWorker (SegmentedRaftLogWorker.java:rollLogSegment(385)) - s2@group-EA0D101F487D-SegmentedRaftLogWorker: Rolling segment log-0_25543 to index:25543
2019-09-26 10:03:39,570 INFO  logging.LoggingHandler (AbstractInternalLogger.java:log(150)) - [id: 0x404738b4, L:/0.0.0.0:37394] READ COMPLETE
2019-09-26 10:03:39,571 INFO  logging.LoggingHandler (AbstractInternalLogger.java:log(150)) - [id: 0x404738b4, L:/0.0.0.0:37394] READ: [id: 0x4cbdbfc3, L:/192.168.30.59:37394 - R:/192.168.30.59:36690]
2019-09-26 10:03:39,571 INFO  segmented.SegmentedRaftLogWorker (SegmentedRaftLogWorker.java:rollLogSegment(385)) - s0@group-EA0D101F487D-SegmentedRaftLogWorker: Rolling segment log-0_25543 to index:25543
2019-09-26 10:03:39,571 INFO  logging.LoggingHandler (AbstractInternalLogger.java:log(150)) - [id: 0x404738b4, L:/0.0.0.0:37394] READ COMPLETE
2019-09-26 10:03:39,571 INFO  logging.LoggingHandler (AbstractInternalLogger.java:log(150)) - [id: 0x404738b4, L:/0.0.0.0:37394] READ: [id: 0x616f24c5, L:/192.168.30.59:37394 - R:/192.168.30.59:36692]
2019-09-26 10:03:39,571 INFO  logging.LoggingHandler (AbstractInternalLogger.java:log(150)) - [id: 0x404738b4, L:/0.0.0.0:37394] READ COMPLETE
2019-09-26 10:03:39,572 INFO  logging.LoggingHandler (AbstractInternalLogger.java:log(150)) - [id: 0x404738b4, L:/0.0.0.0:37394] READ: [id: 0x6347a9df, L:/192.168.30.59:37394 - R:/192.168.30.59:36696]
2019-09-26 10:03:39,572 INFO  logging.LoggingHandler (AbstractInternalLogger.java:log(150)) - [id: 0x404738b4, L:/0.0.0.0:37394] READ COMPLETE
2019-09-26 10:03:39,572 INFO  logging.LoggingHandler (AbstractInternalLogger.java:log(150)) - [id: 0x404738b4, L:/0.0.0.0:37394] READ: [id: 0xab8cd29c, L:/192.168.30.59:37394 - R:/192.168.30.59:36698]
2019-09-26 10:03:39,572 INFO  logging.LoggingHandler (AbstractInternalLogger.java:log(150)) - [id: 0x404738b4, L:/0.0.0.0:37394] READ COMPLETE
2019-09-26 10:03:39,572 INFO  logging.LoggingHandler (AbstractInternalLogger.java:log(150)) - [id: 0x404738b4, L:/0.0.0.0:37394] READ: [id: 0xdfc551c2, L:/192.168.30.59:37394 - R:/192.168.30.59:36700]
2019-09-26 10:03:39,572 INFO  logging.LoggingHandler (AbstractInternalLogger.java:log(150)) - [id: 0x404738b4, L:/0.0.0.0:37394] READ COMPLETE
2019-09-26 10:03:39,573 INFO  logging.LoggingHandler (AbstractInternalLogger.java:log(150)) - [id: 0x404738b4, L:/0.0.0.0:37394] READ: [id: 0x07012cb2, L:/192.168.30.59:37394 - R:/192.168.30.59:36702]
2019-09-26 10:03:39,573 INFO  logging.LoggingHandler (AbstractInternalLogger.java:log(150)) - [id: 0x404738b4, L:/0.0.0.0:37394] READ COMPLETE
2019-09-26 10:03:39,573 INFO  logging.LoggingHandler (AbstractInternalLogger.java:log(150)) - [id: 0x404738b4, L:/0.0.0.0:37394] READ: [id: 0x706993dd, L:/192.168.30.59:37394 - R:/192.168.30.59:36704]
2019-09-26 10:03:39,573 INFO  logging.LoggingHandler (AbstractInternalLogger.java:log(150)) - [id: 0x404738b4, L:/0.0.0.0:37394] READ COMPLETE
2019-09-26 10:03:39,582 INFO  ratis.MiniRaftCluster (MiniRaftCluster.java:lambda$null$5(297)) - TIMED-PRINT: printing ALL groups
  s0:  RUNNING  FOLLOWER s0@group-EA0D101F487D:t4, leader=s1, voted=s1, raftlog=s0@group-EA0D101F487D-SegmentedRaftLog:OPENED:c25533,f25538,i25544, conf=25544: [s0:0.0.0.0:42528, s1:0.0.0.0:37394, s2:0.0.0.0:41916], old=null RUNNING
  s1:  RUNNING    LEADER s1@group-EA0D101F487D:t4, leader=s1, voted=s1, raftlog=s1@group-EA0D101F487D-SegmentedRaftLog:OPENED:c25538,f25543,i25544, conf=25544: [s0:0.0.0.0:42528, s1:0.0.0.0:37394, s2:0.0.0.0:41916], old=null RUNNING
  s2:  RUNNING  FOLLOWER s2@group-EA0D101F487D:t4, leader=s1, voted=s1, raftlog=s2@group-EA0D101F487D-SegmentedRaftLog:OPENED:c25538,f25539,i25544, conf=25544: [s0:0.0.0.0:42528, s1:0.0.0.0:37394, s2:0.0.0.0:41916], old=null RUNNING
2019-09-26 10:03:39,629 INFO  segmented.SegmentedRaftLogWorker (SegmentedRaftLogWorker.java:execute(569)) - s1@group-EA0D101F487D-SegmentedRaftLogWorker: created new log segment /workdir/ratis-examples/target/test/data/1fdfb1b/MiniRaftClusterWithNetty60c66dd9/s1/079eca59-a97b-4898-bb65-ea0d101f487d/current/log_inprogress_25544
2019-09-26 10:03:39,631 TRACE util.FileUtils (LogUtils.java:runAndLog(61)) - Successfully ran Files.move /workdir/ratis-examples/target/test/data/1fdfb1b/MiniRaftClusterWithNetty60c66dd9/s2/079eca59-a97b-4898-bb65-ea0d101f487d/current/log_inprogress_0 to /workdir/ratis-examples/target/test/data/1fdfb1b/MiniRaftClusterWithNetty60c66dd9/s2/079eca59-a97b-4898-bb65-ea0d101f487d/current/log_0-25543
2019-09-26 10:03:39,631 TRACE util.FileUtils (LogUtils.java:runAndLog(61)) - Successfully ran Files.move /workdir/ratis-examples/target/test/data/1fdfb1b/MiniRaftClusterWithNetty60c66dd9/s0/079eca59-a97b-4898-bb65-ea0d101f487d/current/log_inprogress_0 to /workdir/ratis-examples/target/test/data/1fdfb1b/MiniRaftClusterWithNetty60c66dd9/s0/079eca59-a97b-4898-bb65-ea0d101f487d/current/log_0-25543
2019-09-26 10:03:39,633 INFO  segmented.SegmentedRaftLogWorker (SegmentedRaftLogWorker.java:execute(526)) - s2@group-EA0D101F487D-SegmentedRaftLogWorker: Rolled log segment from /workdir/ratis-examples/target/test/data/1fdfb1b/MiniRaftClusterWithNetty60c66dd9/s2/079eca59-a97b-4898-bb65-ea0d101f487d/current/log_inprogress_0 to /workdir/ratis-examples/target/test/data/1fdfb1b/MiniRaftClusterWithNetty60c66dd9/s2/079eca59-a97b-4898-bb65-ea0d101f487d/current/log_0-25543
2019-09-26 10:03:39,633 INFO  segmented.SegmentedRaftLogWorker (SegmentedRaftLogWorker.java:execute(526)) - s0@group-EA0D101F487D-SegmentedRaftLogWorker: Rolled log segment from /workdir/ratis-examples/target/test/data/1fdfb1b/MiniRaftClusterWithNetty60c66dd9/s0/079eca59-a97b-4898-bb65-ea0d101f487d/current/log_inprogress_0 to /workdir/ratis-examples/target/test/data/1fdfb1b/MiniRaftClusterWithNetty60c66dd9/s0/079eca59-a97b-4898-bb65-ea0d101f487d/current/log_0-25543
2019-09-26 10:03:39,771 INFO  segmented.SegmentedRaftLogWorker (SegmentedRaftLogWorker.java:execute(569)) - s2@group-EA0D101F487D-SegmentedRaftLogWorker: created new log segment /workdir/ratis-examples/target/test/data/1fdfb1b/MiniRaftClusterWithNetty60c66dd9/s2/079eca59-a97b-4898-bb65-ea0d101f487d/current/log_inprogress_25544
2019-09-26 10:03:39,771 INFO  segmented.SegmentedRaftLogWorker (SegmentedRaftLogWorker.java:execute(569)) - s0@group-EA0D101F487D-SegmentedRaftLogWorker: created new log segment /workdir/ratis-examples/target/test/data/1fdfb1b/MiniRaftClusterWithNetty60c66dd9/s0/079eca59-a97b-4898-bb65-ea0d101f487d/current/log_inprogress_25544
2019-09-26 10:03:39,863 INFO  logging.LoggingHandler (AbstractInternalLogger.java:log(150)) - [id: 0x98fa128d, L:0.0.0.0/0.0.0.0:42528] READ: [id: 0xe50e6b7d, L:/192.168.30.59:42528 - R:/192.168.30.59:59118]
2019-09-26 10:03:39,863 INFO  logging.LoggingHandler (AbstractInternalLogger.java:log(150)) - [id: 0x98fa128d, L:0.0.0.0/0.0.0.0:42528] READ COMPLETE
2019-09-26 10:03:39,865 INFO  logging.LoggingHandler (AbstractInternalLogger.java:log(150)) - [id: 0x404738b4, L:/0.0.0.0:37394] READ: [id: 0x88be881d, L:/192.168.30.59:37394 - R:/192.168.30.59:36708]
2019-09-26 10:03:39,865 INFO  logging.LoggingHandler (AbstractInternalLogger.java:log(150)) - [id: 0x404738b4, L:/0.0.0.0:37394] READ COMPLETE
2019-09-26 10:03:39,956 TRACE util.FileUtils (LogUtils.java:supplyAndLog(82)) - Successfully supplied Files.newOutputStream CREATE_NEW /workdir/ratis-examples/target/test/data/1fdfb1b/TestFileStoreWithNetty/filestore/s1/file71: java.nio.channels.Channels$1@82e4de9
2019-09-26 10:03:39,957 TRACE util.FileUtils (LogUtils.java:supplyAndLog(82)) - Successfully supplied Files.newOutputStream CREATE_NEW /workdir/ratis-examples/target/test/data/1fdfb1b/TestFileStoreWithNetty/filestore/s0/file71: java.nio.channels.Channels$1@6ca5691d
2019-09-26 10:03:39,958 TRACE util.FileUtils (LogUtils.java:supplyAndLog(82)) - Successfully supplied Files.newOutputStream CREATE_NEW /workdir/ratis-examples/target/test/data/1fdfb1b/TestFileStoreWithNetty/filestore/s2/file71: java.nio.channels.Channels$1@55231cd4
2019-09-26 10:03:41,975 INFO  logging.LoggingHandler (AbstractInternalLogger.java:log(150)) - [id: 0x98fa128d, L:0.0.0.0/0.0.0.0:42528] READ: [id: 0x8a16411f, L:/192.168.30.59:42528 - R:/192.168.30.59:59140]
2019-09-26 10:03:41,976 INFO  logging.LoggingHandler (AbstractInternalLogger.java:log(150)) - [id: 0x98fa128d, L:0.0.0.0/0.0.0.0:42528] READ COMPLETE
2019-09-26 10:03:41,978 INFO  logging.LoggingHandler (AbstractInternalLogger.java:log(150)) - [id: 0x404738b4, L:/0.0.0.0:37394] READ: [id: 0x23c176d9, L:/192.168.30.59:37394 - R:/192.168.30.59:36730]
2019-09-26 10:03:41,978 INFO  logging.LoggingHandler (AbstractInternalLogger.java:log(150)) - [id: 0x404738b4, L:/0.0.0.0:37394] READ COMPLETE
2019-09-26 10:03:42,028 TRACE util.FileUtils (LogUtils.java:supplyAndLog(82)) - Successfully supplied Files.newOutputStream CREATE_NEW /workdir/ratis-examples/target/test/data/1fdfb1b/TestFileStoreWithNetty/filestore/s1/file72: java.nio.channels.Channels$1@49fc4c6
2019-09-26 10:03:42,030 TRACE util.FileUtils (LogUtils.java:supplyAndLog(82)) - Successfully supplied Files.newOutputStream CREATE_NEW /workdir/ratis-examples/target/test/data/1fdfb1b/TestFileStoreWithNetty/filestore/s2/file72: java.nio.channels.Channels$1@2909def3
2019-09-26 10:03:42,032 TRACE util.FileUtils (LogUtils.java:supplyAndLog(82)) - Successfully supplied Files.newOutputStream CREATE_NEW /workdir/ratis-examples/target/test/data/1fdfb1b/TestFileStoreWithNetty/filestore/s0/file72: java.nio.channels.Channels$1@7054f2c7
2019-09-26 10:03:43,868 INFO  logging.LoggingHandler (AbstractInternalLogger.java:log(150)) - [id: 0x98fa128d, L:0.0.0.0/0.0.0.0:42528] READ: [id: 0x99743b64, L:/192.168.30.59:42528 - R:/192.168.30.59:59170]
2019-09-26 10:03:43,868 INFO  logging.LoggingHandler (AbstractInternalLogger.java:log(150)) - [id: 0x98fa128d, L:0.0.0.0/0.0.0.0:42528] READ COMPLETE
2019-09-26 10:03:43,873 INFO  logging.LoggingHandler (AbstractInternalLogger.java:log(150)) - [id: 0x404738b4, L:/0.0.0.0:37394] READ: [id: 0x2111c639, L:/192.168.30.59:37394 - R:/192.168.30.59:36760]
2019-09-26 10:03:43,873 INFO  logging.LoggingHandler (AbstractInternalLogger.java:log(150)) - [id: 0x404738b4, L:/0.0.0.0:37394] READ COMPLETE
2019-09-26 10:03:43,964 TRACE util.FileUtils (LogUtils.java:supplyAndLog(82)) - Successfully supplied Files.newOutputStream CREATE_NEW /workdir/ratis-examples/target/test/data/1fdfb1b/TestFileStoreWithNetty/filestore/s1/file73: java.nio.channels.Channels$1@234f5ef0
2019-09-26 10:03:43,979 TRACE util.FileUtils (LogUtils.java:supplyAndLog(82)) - Successfully supplied Files.newOutputStream CREATE_NEW /workdir/ratis-examples/target/test/data/1fdfb1b/TestFileStoreWithNetty/filestore/s2/file73: java.nio.channels.Channels$1@17378ef0
2019-09-26 10:03:43,979 TRACE util.FileUtils (LogUtils.java:supplyAndLog(82)) - Successfully supplied Files.newOutputStream CREATE_NEW /workdir/ratis-examples/target/test/data/1fdfb1b/TestFileStoreWithNetty/filestore/s0/file73: java.nio.channels.Channels$1@51dd9a9d
2019-09-26 10:03:44,455 INFO  logging.LoggingHandler (AbstractInternalLogger.java:log(150)) - [id: 0x98fa128d, L:0.0.0.0/0.0.0.0:42528] READ: [id: 0xe5ae26fa, L:/192.168.30.59:42528 - R:/192.168.30.59:59180]
2019-09-26 10:03:44,456 INFO  logging.LoggingHandler (AbstractInternalLogger.java:log(150)) - [id: 0x98fa128d, L:0.0.0.0/0.0.0.0:42528] READ COMPLETE
2019-09-26 10:03:44,458 INFO  logging.LoggingHandler (AbstractInternalLogger.java:log(150)) - [id: 0x404738b4, L:/0.0.0.0:37394] READ: [id: 0x1150d119, L:/192.168.30.59:37394 - R:/192.168.30.59:36770]
2019-09-26 10:03:44,458 INFO  logging.LoggingHandler (AbstractInternalLogger.java:log(150)) - [id: 0x404738b4, L:/0.0.0.0:37394] READ COMPLETE
2019-09-26 10:03:44,487 TRACE util.FileUtils (LogUtils.java:supplyAndLog(82)) - Successfully supplied Files.newOutputStream CREATE_NEW /workdir/ratis-examples/target/test/data/1fdfb1b/TestFileStoreWithNetty/filestore/s1/file74: java.nio.channels.Channels$1@acff020
2019-09-26 10:03:44,487 TRACE util.FileUtils (LogUtils.java:supplyAndLog(82)) - Successfully supplied Files.newOutputStream CREATE_NEW /workdir/ratis-examples/target/test/data/1fdfb1b/TestFileStoreWithNetty/filestore/s0/file74: java.nio.channels.Channels$1@7ee75b02
2019-09-26 10:03:44,490 TRACE util.FileUtils (LogUtils.java:supplyAndLog(82)) - Successfully supplied Files.newOutputStream CREATE_NEW /workdir/ratis-examples/target/test/data/1fdfb1b/TestFileStoreWithNetty/filestore/s2/file74: java.nio.channels.Channels$1@3f7de438
2019-09-26 10:03:44,998 INFO  logging.LoggingHandler (AbstractInternalLogger.java:log(150)) - [id: 0x98fa128d, L:0.0.0.0/0.0.0.0:42528] READ: [id: 0xf15ac86e, L:/192.168.30.59:42528 - R:/192.168.30.59:59188]
2019-09-26 10:03:44,998 INFO  logging.LoggingHandler (AbstractInternalLogger.java:log(150)) - [id: 0x98fa128d, L:0.0.0.0/0.0.0.0:42528] READ COMPLETE
2019-09-26 10:03:44,999 INFO  logging.LoggingHandler (AbstractInternalLogger.java:log(150)) - [id: 0x404738b4, L:/0.0.0.0:37394] READ: [id: 0xce1acf84, L:/192.168.30.59:37394 - R:/192.168.30.59:36778]
2019-09-26 10:03:44,999 INFO  logging.LoggingHandler (AbstractInternalLogger.java:log(150)) - [id: 0x404738b4, L:/0.0.0.0:37394] READ COMPLETE
2019-09-26 10:03:45,183 TRACE util.FileUtils (LogUtils.java:supplyAndLog(82)) - Successfully supplied Files.newOutputStream CREATE_NEW /workdir/ratis-examples/target/test/data/1fdfb1b/TestFileStoreWithNetty/filestore/s1/file75: java.nio.channels.Channels$1@6a1e6b54
2019-09-26 10:03:45,183 TRACE util.FileUtils (LogUtils.java:supplyAndLog(82)) - Successfully supplied Files.newOutputStream CREATE_NEW /workdir/ratis-examples/target/test/data/1fdfb1b/TestFileStoreWithNetty/filestore/s0/file75: java.nio.channels.Channels$1@3cc96a52
2019-09-26 10:03:45,198 TRACE util.FileUtils (LogUtils.java:supplyAndLog(82)) - Successfully supplied Files.newOutputStream CREATE_NEW /workdir/ratis-examples/target/test/data/1fdfb1b/TestFileStoreWithNetty/filestore/s2/file75: java.nio.channels.Channels$1@7e331af5
2019-09-26 10:03:45,474 INFO  logging.LoggingHandler (AbstractInternalLogger.java:log(150)) - [id: 0x98fa128d, L:0.0.0.0/0.0.0.0:42528] READ: [id: 0x8286f0c2, L:/192.168.30.59:42528 - R:/192.168.30.59:59200]
2019-09-26 10:03:45,474 INFO  logging.LoggingHandler (AbstractInternalLogger.java:log(150)) - [id: 0x98fa128d, L:0.0.0.0/0.0.0.0:42528] READ COMPLETE
2019-09-26 10:03:45,475 INFO  logging.LoggingHandler (AbstractInternalLogger.java:log(150)) - [id: 0x404738b4, L:/0.0.0.0:37394] READ: [id: 0xadd5ae02, L:/192.168.30.59:37394 - R:/192.168.30.59:36790]
2019-09-26 10:03:45,475 INFO  logging.LoggingHandler (AbstractInternalLogger.java:log(150)) - [id: 0x404738b4, L:/0.0.0.0:37394] READ COMPLETE
2019-09-26 10:03:45,503 TRACE util.FileUtils (LogUtils.java:supplyAndLog(82)) - Successfully supplied Files.newOutputStream CREATE_NEW /workdir/ratis-examples/target/test/data/1fdfb1b/TestFileStoreWithNetty/filestore/s1/file76: java.nio.channels.Channels$1@79c91ef2
2019-09-26 10:03:45,503 TRACE util.FileUtils (LogUtils.java:supplyAndLog(82)) - Successfully supplied Files.newOutputStream CREATE_NEW /workdir/ratis-examples/target/test/data/1fdfb1b/TestFileStoreWithNetty/filestore/s0/file76: java.nio.channels.Channels$1@51681b49
2019-09-26 10:03:45,507 TRACE util.FileUtils (LogUtils.java:supplyAndLog(82)) - Successfully supplied Files.newOutputStream CREATE_NEW /workdir/ratis-examples/target/test/data/1fdfb1b/TestFileStoreWithNetty/filestore/s2/file76: java.nio.channels.Channels$1@7f1d1712
2019-09-26 10:03:45,524 INFO  logging.LoggingHandler (AbstractInternalLogger.java:log(150)) - [id: 0x98fa128d, L:0.0.0.0/0.0.0.0:42528] READ: [id: 0x0c79058f, L:/192.168.30.59:42528 - R:/192.168.30.59:59204]
2019-09-26 10:03:45,525 INFO  logging.LoggingHandler (AbstractInternalLogger.java:log(150)) - [id: 0x98fa128d, L:0.0.0.0/0.0.0.0:42528] READ COMPLETE
2019-09-26 10:03:45,530 INFO  logging.LoggingHandler (AbstractInternalLogger.java:log(150)) - [id: 0x404738b4, L:/0.0.0.0:37394] READ: [id: 0x990ca6a5, L:/192.168.30.59:37394 - R:/192.168.30.59:36794]
2019-09-26 10:03:45,530 INFO  logging.LoggingHandler (AbstractInternalLogger.java:log(150)) - [id: 0x404738b4, L:/0.0.0.0:37394] READ COMPLETE
2019-09-26 10:03:45,560 TRACE util.FileUtils (LogUtils.java:supplyAndLog(82)) - Successfully supplied Files.newOutputStream CREATE_NEW /workdir/ratis-examples/target/test/data/1fdfb1b/TestFileStoreWithNetty/filestore/s1/file77: java.nio.channels.Channels$1@59f2a923
2019-09-26 10:03:45,565 TRACE util.FileUtils (LogUtils.java:supplyAndLog(82)) - Successfully supplied Files.newOutputStream CREATE_NEW /workdir/ratis-examples/target/test/data/1fdfb1b/TestFileStoreWithNetty/filestore/s0/file77: java.nio.channels.Channels$1@6b78f8a9
2019-09-26 10:03:45,566 TRACE util.FileUtils (LogUtils.java:supplyAndLog(82)) - Successfully supplied Files.newOutputStream CREATE_NEW /workdir/ratis-examples/target/test/data/1fdfb1b/TestFileStoreWithNetty/filestore/s2/file77: java.nio.channels.Channels$1@2cdaf31c
2019-09-26 10:03:46,203 INFO  logging.LoggingHandler (AbstractInternalLogger.java:log(150)) - [id: 0x98fa128d, L:0.0.0.0/0.0.0.0:42528] READ: [id: 0x6d9ec447, L:/192.168.30.59:42528 - R:/192.168.30.59:59212]
2019-09-26 10:03:46,204 INFO  logging.LoggingHandler (AbstractInternalLogger.java:log(150)) - [id: 0x98fa128d, L:0.0.0.0/0.0.0.0:42528] READ COMPLETE
2019-09-26 10:03:46,205 INFO  logging.LoggingHandler (AbstractInternalLogger.java:log(150)) - [id: 0x404738b4, L:/0.0.0.0:37394] READ: [id: 0xafd1e517, L:/192.168.30.59:37394 - R:/192.168.30.59:36802]
2019-09-26 10:03:46,206 INFO  logging.LoggingHandler (AbstractInternalLogger.java:log(150)) - [id: 0x404738b4, L:/0.0.0.0:37394] READ COMPLETE
2019-09-26 10:03:46,313 TRACE util.FileUtils (LogUtils.java:supplyAndLog(82)) - Successfully supplied Files.newOutputStream CREATE_NEW /workdir/ratis-examples/target/test/data/1fdfb1b/TestFileStoreWithNetty/filestore/s1/file78: java.nio.channels.Channels$1@36d781fa
2019-09-26 10:03:46,346 TRACE util.FileUtils (LogUtils.java:supplyAndLog(82)) - Successfully supplied Files.newOutputStream CREATE_NEW /workdir/ratis-examples/target/test/data/1fdfb1b/TestFileStoreWithNetty/filestore/s0/file78: java.nio.channels.Channels$1@2e645bc4
2019-09-26 10:03:46,347 TRACE util.FileUtils (LogUtils.java:supplyAndLog(82)) - Successfully supplied Files.newOutputStream CREATE_NEW /workdir/ratis-examples/target/test/data/1fdfb1b/TestFileStoreWithNetty/filestore/s2/file78: java.nio.channels.Channels$1@422106fb
2019-09-26 10:03:47,779 INFO  logging.LoggingHandler (AbstractInternalLogger.java:log(150)) - [id: 0x98fa128d, L:0.0.0.0/0.0.0.0:42528] READ: [id: 0x47df1063, L:/192.168.30.59:42528 - R:/192.168.30.59:59230]
2019-09-26 10:03:47,780 INFO  logging.LoggingHandler (AbstractInternalLogger.java:log(150)) - [id: 0x98fa128d, L:0.0.0.0/0.0.0.0:42528] READ COMPLETE
2019-09-26 10:03:47,782 INFO  logging.LoggingHandler (AbstractInternalLogger.java:log(150)) - [id: 0x404738b4, L:/0.0.0.0:37394] READ: [id: 0xc6eaa67f, L:/192.168.30.59:37394 - R:/192.168.30.59:36820]
2019-09-26 10:03:47,782 INFO  logging.LoggingHandler (AbstractInternalLogger.java:log(150)) - [id: 0x404738b4, L:/0.0.0.0:37394] READ COMPLETE
2019-09-26 10:03:47,801 TRACE util.FileUtils (LogUtils.java:supplyAndLog(82)) - Successfully supplied Files.newOutputStream CREATE_NEW /workdir/ratis-examples/target/test/data/1fdfb1b/TestFileStoreWithNetty/filestore/s1/file79: java.nio.channels.Channels$1@7ffa0c60
2019-09-26 10:03:47,806 TRACE util.FileUtils (LogUtils.java:supplyAndLog(82)) - Successfully supplied Files.newOutputStream CREATE_NEW /workdir/ratis-examples/target/test/data/1fdfb1b/TestFileStoreWithNetty/filestore/s0/file79: java.nio.channels.Channels$1@54a99372
2019-09-26 10:03:47,807 TRACE util.FileUtils (LogUtils.java:supplyAndLog(82)) - Successfully supplied Files.newOutputStream CREATE_NEW /workdir/ratis-examples/target/test/data/1fdfb1b/TestFileStoreWithNetty/filestore/s2/file79: java.nio.channels.Channels$1@54e55f0
2019-09-26 10:03:48,164 INFO  logging.LoggingHandler (AbstractInternalLogger.java:log(150)) - [id: 0x98fa128d, L:0.0.0.0/0.0.0.0:42528] READ: [id: 0x2acd239c, L:/192.168.30.59:42528 - R:/192.168.30.59:59238]
2019-09-26 10:03:48,164 INFO  logging.LoggingHandler (AbstractInternalLogger.java:log(150)) - [id: 0x98fa128d, L:0.0.0.0/0.0.0.0:42528] READ COMPLETE
2019-09-26 10:03:48,166 INFO  logging.LoggingHandler (AbstractInternalLogger.java:log(150)) - [id: 0x404738b4, L:/0.0.0.0:37394] READ: [id: 0x661d88c2, L:/192.168.30.59:37394 - R:/192.168.30.59:36828]
2019-09-26 10:03:48,166 INFO  logging.LoggingHandler (AbstractInternalLogger.java:log(150)) - [id: 0x404738b4, L:/0.0.0.0:37394] READ COMPLETE
2019-09-26 10:03:48,256 TRACE util.FileUtils (LogUtils.java:supplyAndLog(82)) - Successfully supplied Files.newOutputStream CREATE_NEW /workdir/ratis-examples/target/test/data/1fdfb1b/TestFileStoreWithNetty/filestore/s1/file80: java.nio.channels.Channels$1@7c81c29e
2019-09-26 10:03:48,257 TRACE util.FileUtils (LogUtils.java:supplyAndLog(82)) - Successfully supplied Files.newOutputStream CREATE_NEW /workdir/ratis-examples/target/test/data/1fdfb1b/TestFileStoreWithNetty/filestore/s2/file80: java.nio.channels.Channels$1@2d0d0a6a
2019-09-26 10:03:48,257 TRACE util.FileUtils (LogUtils.java:supplyAndLog(82)) - Successfully supplied Files.newOutputStream CREATE_NEW /workdir/ratis-examples/target/test/data/1fdfb1b/TestFileStoreWithNetty/filestore/s0/file80: java.nio.channels.Channels$1@3ecc3e45
2019-09-26 10:03:48,540 INFO  logging.LoggingHandler (AbstractInternalLogger.java:log(150)) - [id: 0x98fa128d, L:0.0.0.0/0.0.0.0:42528] READ: [id: 0x7bbf854a, L:/192.168.30.59:42528 - R:/192.168.30.59:59244]
2019-09-26 10:03:48,540 INFO  logging.LoggingHandler (AbstractInternalLogger.java:log(150)) - [id: 0x98fa128d, L:0.0.0.0/0.0.0.0:42528] READ COMPLETE
2019-09-26 10:03:48,542 INFO  logging.LoggingHandler (AbstractInternalLogger.java:log(150)) - [id: 0x404738b4, L:/0.0.0.0:37394] READ: [id: 0x97439d3c, L:/192.168.30.59:37394 - R:/192.168.30.59:36834]
2019-09-26 10:03:48,542 INFO  logging.LoggingHandler (AbstractInternalLogger.java:log(150)) - [id: 0x404738b4, L:/0.0.0.0:37394] READ COMPLETE
2019-09-26 10:03:48,651 TRACE util.FileUtils (LogUtils.java:supplyAndLog(82)) - Successfully supplied Files.newOutputStream CREATE_NEW /workdir/ratis-examples/target/test/data/1fdfb1b/TestFileStoreWithNetty/filestore/s1/file81: java.nio.channels.Channels$1@1ecb69a8
2019-09-26 10:03:48,653 TRACE util.FileUtils (LogUtils.java:supplyAndLog(82)) - Successfully supplied Files.newOutputStream CREATE_NEW /workdir/ratis-examples/target/test/data/1fdfb1b/TestFileStoreWithNetty/filestore/s2/file81: java.nio.channels.Channels$1@694faeb0
2019-09-26 10:03:48,666 TRACE util.FileUtils (LogUtils.java:supplyAndLog(82)) - Successfully supplied Files.newOutputStream CREATE_NEW /workdir/ratis-examples/target/test/data/1fdfb1b/TestFileStoreWithNetty/filestore/s0/file81: java.nio.channels.Channels$1@399dac06
2019-09-26 10:03:49,456 INFO  logging.LoggingHandler (AbstractInternalLogger.java:log(150)) - [id: 0x98fa128d, L:0.0.0.0/0.0.0.0:42528] READ: [id: 0xee7ede91, L:/192.168.30.59:42528 - R:/192.168.30.59:59262]
2019-09-26 10:03:49,456 INFO  logging.LoggingHandler (AbstractInternalLogger.java:log(150)) - [id: 0x98fa128d, L:0.0.0.0/0.0.0.0:42528] READ COMPLETE
2019-09-26 10:03:49,458 INFO  logging.LoggingHandler (AbstractInternalLogger.java:log(150)) - [id: 0x404738b4, L:/0.0.0.0:37394] READ: [id: 0x0055903b, L:/192.168.30.59:37394 - R:/192.168.30.59:36852]
2019-09-26 10:03:49,458 INFO  logging.LoggingHandler (AbstractInternalLogger.java:log(150)) - [id: 0x404738b4, L:/0.0.0.0:37394] READ COMPLETE
2019-09-26 10:03:49,505 TRACE util.FileUtils (LogUtils.java:supplyAndLog(82)) - Successfully supplied Files.newOutputStream CREATE_NEW /workdir/ratis-examples/target/test/data/1fdfb1b/TestFileStoreWithNetty/filestore/s1/file82: java.nio.channels.Channels$1@23f599c4
2019-09-26 10:03:49,511 TRACE util.FileUtils (LogUtils.java:supplyAndLog(82)) - Successfully supplied Files.newOutputStream CREATE_NEW /workdir/ratis-examples/target/test/data/1fdfb1b/TestFileStoreWithNetty/filestore/s0/file82: java.nio.channels.Channels$1@1e83ab77
2019-09-26 10:03:49,513 TRACE util.FileUtils (LogUtils.java:supplyAndLog(82)) - Successfully supplied Files.newOutputStream CREATE_NEW /workdir/ratis-examples/target/test/data/1fdfb1b/TestFileStoreWithNetty/filestore/s2/file82: java.nio.channels.Channels$1@2c4a3b71
2019-09-26 10:03:49,583 INFO  ratis.MiniRaftCluster (MiniRaftCluster.java:lambda$null$5(297)) - TIMED-PRINT: printing ALL groups
  s0:  RUNNING  FOLLOWER s0@group-EA0D101F487D:t4, leader=s1, voted=s1, raftlog=s0@group-EA0D101F487D-SegmentedRaftLog:OPENED:c29887,f29893,i29898, conf=25544: [s0:0.0.0.0:42528, s1:0.0.0.0:37394, s2:0.0.0.0:41916], old=null RUNNING
  s1:  RUNNING    LEADER s1@group-EA0D101F487D:t4, leader=s1, voted=s1, raftlog=s1@group-EA0D101F487D-SegmentedRaftLog:OPENED:c29898,f29898,i29904, conf=25544: [s0:0.0.0.0:42528, s1:0.0.0.0:37394, s2:0.0.0.0:41916], old=null RUNNING
  s2:  RUNNING  FOLLOWER s2@group-EA0D101F487D:t4, leader=s1, voted=s1, raftlog=s2@group-EA0D101F487D-SegmentedRaftLog:OPENED:c29892,f29898,i29902, conf=25544: [s0:0.0.0.0:42528, s1:0.0.0.0:37394, s2:0.0.0.0:41916], old=null RUNNING
2019-09-26 10:03:49,757 INFO  logging.LoggingHandler (AbstractInternalLogger.java:log(150)) - [id: 0x98fa128d, L:0.0.0.0/0.0.0.0:42528] READ: [id: 0x36377ce1, L:/192.168.30.59:42528 - R:/192.168.30.59:59266]
2019-09-26 10:03:49,757 INFO  logging.LoggingHandler (AbstractInternalLogger.java:log(150)) - [id: 0x98fa128d, L:0.0.0.0/0.0.0.0:42528] READ COMPLETE
2019-09-26 10:03:49,759 INFO  logging.LoggingHandler (AbstractInternalLogger.java:log(150)) - [id: 0x404738b4, L:/0.0.0.0:37394] READ: [id: 0xd9a4e45c, L:/192.168.30.59:37394 - R:/192.168.30.59:36856]
2019-09-26 10:03:49,760 INFO  logging.LoggingHandler (AbstractInternalLogger.java:log(150)) - [id: 0x404738b4, L:/0.0.0.0:37394] READ COMPLETE
2019-09-26 10:03:49,806 TRACE util.FileUtils (LogUtils.java:supplyAndLog(82)) - Successfully supplied Files.newOutputStream CREATE_NEW /workdir/ratis-examples/target/test/data/1fdfb1b/TestFileStoreWithNetty/filestore/s1/file83: java.nio.channels.Channels$1@61aabf35
2019-09-26 10:03:49,808 TRACE util.FileUtils (LogUtils.java:supplyAndLog(82)) - Successfully supplied Files.newOutputStream CREATE_NEW /workdir/ratis-examples/target/test/data/1fdfb1b/TestFileStoreWithNetty/filestore/s2/file83: java.nio.channels.Channels$1@432f74e1
2019-09-26 10:03:49,810 TRACE util.FileUtils (LogUtils.java:supplyAndLog(82)) - Successfully supplied Files.newOutputStream CREATE_NEW /workdir/ratis-examples/target/test/data/1fdfb1b/TestFileStoreWithNetty/filestore/s0/file83: java.nio.channels.Channels$1@72659bc8
2019-09-26 10:03:50,156 INFO  logging.LoggingHandler (AbstractInternalLogger.java:log(150)) - [id: 0x98fa128d, L:0.0.0.0/0.0.0.0:42528] READ: [id: 0xff461367, L:/192.168.30.59:42528 - R:/192.168.30.59:59274]
2019-09-26 10:03:50,157 INFO  logging.LoggingHandler (AbstractInternalLogger.java:log(150)) - [id: 0x98fa128d, L:0.0.0.0/0.0.0.0:42528] READ COMPLETE
2019-09-26 10:03:50,158 INFO  logging.LoggingHandler (AbstractInternalLogger.java:log(150)) - [id: 0x404738b4, L:/0.0.0.0:37394] READ: [id: 0x01a0f381, L:/192.168.30.59:37394 - R:/192.168.30.59:36864]
2019-09-26 10:03:50,158 INFO  logging.LoggingHandler (AbstractInternalLogger.java:log(150)) - [id: 0x404738b4, L:/0.0.0.0:37394] READ COMPLETE
2019-09-26 10:03:50,179 TRACE util.FileUtils (LogUtils.java:supplyAndLog(82)) - Successfully supplied Files.newOutputStream CREATE_NEW /workdir/ratis-examples/target/test/data/1fdfb1b/TestFileStoreWithNetty/filestore/s1/file84: java.nio.channels.Channels$1@5f35ba7c
2019-09-26 10:03:50,179 TRACE util.FileUtils (LogUtils.java:supplyAndLog(82)) - Successfully supplied Files.newOutputStream CREATE_NEW /workdir/ratis-examples/target/test/data/1fdfb1b/TestFileStoreWithNetty/filestore/s0/file84: java.nio.channels.Channels$1@5a225e3a
2019-09-26 10:03:50,182 TRACE util.FileUtils (LogUtils.java:supplyAndLog(82)) - Successfully supplied Files.newOutputStream CREATE_NEW /workdir/ratis-examples/target/test/data/1fdfb1b/TestFileStoreWithNetty/filestore/s2/file84: java.nio.channels.Channels$1@6df07f6
2019-09-26 10:03:50,548 INFO  logging.LoggingHandler (AbstractInternalLogger.java:log(150)) - [id: 0x98fa128d, L:0.0.0.0/0.0.0.0:42528] READ: [id: 0x38c7d9c3, L:/192.168.30.59:42528 - R:/192.168.30.59:59282]
2019-09-26 10:03:50,549 INFO  logging.LoggingHandler (AbstractInternalLogger.java:log(150)) - [id: 0x98fa128d, L:0.0.0.0/0.0.0.0:42528] READ COMPLETE
2019-09-26 10:03:50,551 INFO  logging.LoggingHandler (AbstractInternalLogger.java:log(150)) - [id: 0x404738b4, L:/0.0.0.0:37394] READ: [id: 0xd7205d96, L:/192.168.30.59:37394 - R:/192.168.30.59:36872]
2019-09-26 10:03:50,552 INFO  logging.LoggingHandler (AbstractInternalLogger.java:log(150)) - [id: 0x404738b4, L:/0.0.0.0:37394] READ COMPLETE
2019-09-26 10:03:50,622 TRACE util.FileUtils (LogUtils.java:supplyAndLog(82)) - Successfully supplied Files.newOutputStream CREATE_NEW /workdir/ratis-examples/target/test/data/1fdfb1b/TestFileStoreWithNetty/filestore/s1/file85: java.nio.channels.Channels$1@4068c4c1
2019-09-26 10:03:50,622 TRACE util.FileUtils (LogUtils.java:supplyAndLog(82)) - Successfully supplied Files.newOutputStream CREATE_NEW /workdir/ratis-examples/target/test/data/1fdfb1b/TestFileStoreWithNetty/filestore/s2/file85: java.nio.channels.Channels$1@4939b554
2019-09-26 10:03:50,623 TRACE util.FileUtils (LogUtils.java:supplyAndLog(82)) - Successfully supplied Files.newOutputStream CREATE_NEW /workdir/ratis-examples/target/test/data/1fdfb1b/TestFileStoreWithNetty/filestore/s0/file85: java.nio.channels.Channels$1@c606688
2019-09-26 10:03:50,684 INFO  logging.LoggingHandler (AbstractInternalLogger.java:log(150)) - [id: 0x98fa128d, L:0.0.0.0/0.0.0.0:42528] READ: [id: 0xe7853e3c, L:/192.168.30.59:42528 - R:/192.168.30.59:59286]
2019-09-26 10:03:50,685 INFO  logging.LoggingHandler (AbstractInternalLogger.java:log(150)) - [id: 0x98fa128d, L:0.0.0.0/0.0.0.0:42528] READ COMPLETE
2019-09-26 10:03:50,686 INFO  logging.LoggingHandler (AbstractInternalLogger.java:log(150)) - [id: 0x404738b4, L:/0.0.0.0:37394] READ: [id: 0x87f01dbf, L:/192.168.30.59:37394 - R:/192.168.30.59:36876]
2019-09-26 10:03:50,686 INFO  logging.LoggingHandler (AbstractInternalLogger.java:log(150)) - [id: 0x404738b4, L:/0.0.0.0:37394] READ COMPLETE
2019-09-26 10:03:50,732 TRACE util.FileUtils (LogUtils.java:supplyAndLog(82)) - Successfully supplied Files.newOutputStream CREATE_NEW /workdir/ratis-examples/target/test/data/1fdfb1b/TestFileStoreWithNetty/filestore/s1/file86: java.nio.channels.Channels$1@344d84df
2019-09-26 10:03:50,732 TRACE util.FileUtils (LogUtils.java:supplyAndLog(82)) - Successfully supplied Files.newOutputStream CREATE_NEW /workdir/ratis-examples/target/test/data/1fdfb1b/TestFileStoreWithNetty/filestore/s2/file86: java.nio.channels.Channels$1@3d452cce
2019-09-26 10:03:50,735 TRACE util.FileUtils (LogUtils.java:supplyAndLog(82)) - Successfully supplied Files.newOutputStream CREATE_NEW /workdir/ratis-examples/target/test/data/1fdfb1b/TestFileStoreWithNetty/filestore/s0/file86: java.nio.channels.Channels$1@6e542b3c
2019-09-26 10:03:51,398 INFO  logging.LoggingHandler (AbstractInternalLogger.java:log(150)) - [id: 0x98fa128d, L:0.0.0.0/0.0.0.0:42528] READ: [id: 0x7e3ae8e3, L:/192.168.30.59:42528 - R:/192.168.30.59:59302]
2019-09-26 10:03:51,398 INFO  logging.LoggingHandler (AbstractInternalLogger.java:log(150)) - [id: 0x98fa128d, L:0.0.0.0/0.0.0.0:42528] READ COMPLETE
2019-09-26 10:03:51,399 INFO  logging.LoggingHandler (AbstractInternalLogger.java:log(150)) - [id: 0x404738b4, L:/0.0.0.0:37394] READ: [id: 0xd2149820, L:/192.168.30.59:37394 - R:/192.168.30.59:36892]
2019-09-26 10:03:51,399 INFO  logging.LoggingHandler (AbstractInternalLogger.java:log(150)) - [id: 0x404738b4, L:/0.0.0.0:37394] READ COMPLETE
2019-09-26 10:03:51,426 TRACE util.FileUtils (LogUtils.java:supplyAndLog(82)) - Successfully supplied Files.newOutputStream CREATE_NEW /workdir/ratis-examples/target/test/data/1fdfb1b/TestFileStoreWithNetty/filestore/s1/file87: java.nio.channels.Channels$1@6dfed55c
2019-09-26 10:03:51,428 TRACE util.FileUtils (LogUtils.java:supplyAndLog(82)) - Successfully supplied Files.newOutputStream CREATE_NEW /workdir/ratis-examples/target/test/data/1fdfb1b/TestFileStoreWithNetty/filestore/s2/file87: java.nio.channels.Channels$1@43796a0e
2019-09-26 10:03:51,430 TRACE util.FileUtils (LogUtils.java:supplyAndLog(82)) - Successfully supplied Files.newOutputStream CREATE_NEW /workdir/ratis-examples/target/test/data/1fdfb1b/TestFileStoreWithNetty/filestore/s0/file87: java.nio.channels.Channels$1@44fd4fb4
2019-09-26 10:03:52,081 INFO  logging.LoggingHandler (AbstractInternalLogger.java:log(150)) - [id: 0x98fa128d, L:0.0.0.0/0.0.0.0:42528] READ: [id: 0x2f581dc0, L:/192.168.30.59:42528 - R:/192.168.30.59:59314]
2019-09-26 10:03:52,081 INFO  logging.LoggingHandler (AbstractInternalLogger.java:log(150)) - [id: 0x98fa128d, L:0.0.0.0/0.0.0.0:42528] READ COMPLETE
2019-09-26 10:03:52,083 INFO  logging.LoggingHandler (AbstractInternalLogger.java:log(150)) - [id: 0x404738b4, L:/0.0.0.0:37394] READ: [id: 0x820ec9e9, L:/192.168.30.59:37394 - R:/192.168.30.59:36904]
2019-09-26 10:03:52,083 INFO  logging.LoggingHandler (AbstractInternalLogger.java:log(150)) - [id: 0x404738b4, L:/0.0.0.0:37394] READ COMPLETE
2019-09-26 10:03:52,175 TRACE util.FileUtils (LogUtils.java:supplyAndLog(82)) - Successfully supplied Files.newOutputStream CREATE_NEW /workdir/ratis-examples/target/test/data/1fdfb1b/TestFileStoreWithNetty/filestore/s1/file88: java.nio.channels.Channels$1@54414bdb
2019-09-26 10:03:52,186 TRACE util.FileUtils (LogUtils.java:supplyAndLog(82)) - Successfully supplied Files.newOutputStream CREATE_NEW /workdir/ratis-examples/target/test/data/1fdfb1b/TestFileStoreWithNetty/filestore/s0/file88: java.nio.channels.Channels$1@5098ab59
2019-09-26 10:03:52,188 TRACE util.FileUtils (LogUtils.java:supplyAndLog(82)) - Successfully supplied Files.newOutputStream CREATE_NEW /workdir/ratis-examples/target/test/data/1fdfb1b/TestFileStoreWithNetty/filestore/s2/file88: java.nio.channels.Channels$1@7cfed1f0
2019-09-26 10:03:53,326 INFO  logging.LoggingHandler (AbstractInternalLogger.java:log(150)) - [id: 0x98fa128d, L:0.0.0.0/0.0.0.0:42528] READ: [id: 0x8b16e409, L:/192.168.30.59:42528 - R:/192.168.30.59:59334]
2019-09-26 10:03:53,326 INFO  logging.LoggingHandler (AbstractInternalLogger.java:log(150)) - [id: 0x98fa128d, L:0.0.0.0/0.0.0.0:42528] READ COMPLETE
2019-09-26 10:03:53,337 INFO  logging.LoggingHandler (AbstractInternalLogger.java:log(150)) - [id: 0x404738b4, L:/0.0.0.0:37394] READ: [id: 0xa94abee8, L:/192.168.30.59:37394 - R:/192.168.30.59:36924]
2019-09-26 10:03:53,337 INFO  logging.LoggingHandler (AbstractInternalLogger.java:log(150)) - [id: 0x404738b4, L:/0.0.0.0:37394] READ COMPLETE
2019-09-26 10:03:53,424 TRACE util.FileUtils (LogUtils.java:supplyAndLog(82)) - Successfully supplied Files.newOutputStream CREATE_NEW /workdir/ratis-examples/target/test/data/1fdfb1b/TestFileStoreWithNetty/filestore/s1/file89: java.nio.channels.Channels$1@1fb4f7db
2019-09-26 10:03:53,425 TRACE util.FileUtils (LogUtils.java:supplyAndLog(82)) - Successfully supplied Files.newOutputStream CREATE_NEW /workdir/ratis-examples/target/test/data/1fdfb1b/TestFileStoreWithNetty/filestore/s0/file89: java.nio.channels.Channels$1@31940cdf
2019-09-26 10:03:53,439 TRACE util.FileUtils (LogUtils.java:supplyAndLog(82)) - Successfully supplied Files.newOutputStream CREATE_NEW /workdir/ratis-examples/target/test/data/1fdfb1b/TestFileStoreWithNetty/filestore/s2/file89: java.nio.channels.Channels$1@6527d78c
2019-09-26 10:03:53,706 INFO  logging.LoggingHandler (AbstractInternalLogger.java:log(150)) - [id: 0x98fa128d, L:0.0.0.0/0.0.0.0:42528] READ: [id: 0x6e85ae88, L:/192.168.30.59:42528 - R:/192.168.30.59:59342]
2019-09-26 10:03:53,706 INFO  logging.LoggingHandler (AbstractInternalLogger.java:log(150)) - [id: 0x98fa128d, L:0.0.0.0/0.0.0.0:42528] READ COMPLETE
2019-09-26 10:03:53,708 INFO  logging.LoggingHandler (AbstractInternalLogger.java:log(150)) - [id: 0x404738b4, L:/0.0.0.0:37394] READ: [id: 0x980e177d, L:/192.168.30.59:37394 - R:/192.168.30.59:36932]
2019-09-26 10:03:53,708 INFO  logging.LoggingHandler (AbstractInternalLogger.java:log(150)) - [id: 0x404738b4, L:/0.0.0.0:37394] READ COMPLETE
2019-09-26 10:03:53,753 TRACE util.FileUtils (LogUtils.java:supplyAndLog(82)) - Successfully supplied Files.newOutputStream CREATE_NEW /workdir/ratis-examples/target/test/data/1fdfb1b/TestFileStoreWithNetty/filestore/s1/file90: java.nio.channels.Channels$1@7ccecf27
2019-09-26 10:03:53,754 TRACE util.FileUtils (LogUtils.java:supplyAndLog(82)) - Successfully supplied Files.newOutputStream CREATE_NEW /workdir/ratis-examples/target/test/data/1fdfb1b/TestFileStoreWithNetty/filestore/s2/file90: java.nio.channels.Channels$1@bca6790
2019-09-26 10:03:53,756 TRACE util.FileUtils (LogUtils.java:supplyAndLog(82)) - Successfully supplied Files.newOutputStream CREATE_NEW /workdir/ratis-examples/target/test/data/1fdfb1b/TestFileStoreWithNetty/filestore/s0/file90: java.nio.channels.Channels$1@6d2013c5
2019-09-26 10:03:54,366 INFO  logging.LoggingHandler (AbstractInternalLogger.java:log(150)) - [id: 0x98fa128d, L:0.0.0.0/0.0.0.0:42528] READ: [id: 0xe72ee88f, L:/192.168.30.59:42528 - R:/192.168.30.59:59352]
2019-09-26 10:03:54,367 INFO  logging.LoggingHandler (AbstractInternalLogger.java:log(150)) - [id: 0x98fa128d, L:0.0.0.0/0.0.0.0:42528] READ COMPLETE
2019-09-26 10:03:54,368 INFO  logging.LoggingHandler (AbstractInternalLogger.java:log(150)) - [id: 0x404738b4, L:/0.0.0.0:37394] READ: [id: 0x2680d4d6, L:/192.168.30.59:37394 - R:/192.168.30.59:36942]
2019-09-26 10:03:54,368 INFO  logging.LoggingHandler (AbstractInternalLogger.java:log(150)) - [id: 0x404738b4, L:/0.0.0.0:37394] READ COMPLETE
2019-09-26 10:03:54,408 TRACE util.FileUtils (LogUtils.java:supplyAndLog(82)) - Successfully supplied Files.newOutputStream CREATE_NEW /workdir/ratis-examples/target/test/data/1fdfb1b/TestFileStoreWithNetty/filestore/s1/file91: java.nio.channels.Channels$1@64f02e9d
2019-09-26 10:03:54,409 TRACE util.FileUtils (LogUtils.java:supplyAndLog(82)) - Successfully supplied Files.newOutputStream CREATE_NEW /workdir/ratis-examples/target/test/data/1fdfb1b/TestFileStoreWithNetty/filestore/s0/file91: java.nio.channels.Channels$1@211820bd
2019-09-26 10:03:54,410 TRACE util.FileUtils (LogUtils.java:supplyAndLog(82)) - Successfully supplied Files.newOutputStream CREATE_NEW /workdir/ratis-examples/target/test/data/1fdfb1b/TestFileStoreWithNetty/filestore/s2/file91: java.nio.channels.Channels$1@23367d37
2019-09-26 10:03:55,463 INFO  logging.LoggingHandler (AbstractInternalLogger.java:log(150)) - [id: 0x98fa128d, L:0.0.0.0/0.0.0.0:42528] READ: [id: 0xea6e2420, L:/192.168.30.59:42528 - R:/192.168.30.59:59366]
2019-09-26 10:03:55,463 INFO  logging.LoggingHandler (AbstractInternalLogger.java:log(150)) - [id: 0x98fa128d, L:0.0.0.0/0.0.0.0:42528] READ COMPLETE
2019-09-26 10:03:55,464 INFO  logging.LoggingHandler (AbstractInternalLogger.java:log(150)) - [id: 0x404738b4, L:/0.0.0.0:37394] READ: [id: 0xf42a68ae, L:/192.168.30.59:37394 - R:/192.168.30.59:36956]
2019-09-26 10:03:55,464 INFO  logging.LoggingHandler (AbstractInternalLogger.java:log(150)) - [id: 0x404738b4, L:/0.0.0.0:37394] READ COMPLETE
2019-09-26 10:03:55,501 TRACE util.FileUtils (LogUtils.java:supplyAndLog(82)) - Successfully supplied Files.newOutputStream CREATE_NEW /workdir/ratis-examples/target/test/data/1fdfb1b/TestFileStoreWithNetty/filestore/s1/file92: java.nio.channels.Channels$1@6d283b51
2019-09-26 10:03:55,501 TRACE util.FileUtils (LogUtils.java:supplyAndLog(82)) - Successfully supplied Files.newOutputStream CREATE_NEW /workdir/ratis-examples/target/test/data/1fdfb1b/TestFileStoreWithNetty/filestore/s0/file92: java.nio.channels.Channels$1@4f49fa4f
2019-09-26 10:03:55,503 TRACE util.FileUtils (LogUtils.java:supplyAndLog(82)) - Successfully supplied Files.newOutputStream CREATE_NEW /workdir/ratis-examples/target/test/data/1fdfb1b/TestFileStoreWithNetty/filestore/s2/file92: java.nio.channels.Channels$1@6e96536a
2019-09-26 10:03:55,984 INFO  logging.LoggingHandler (AbstractInternalLogger.java:log(150)) - [id: 0x98fa128d, L:0.0.0.0/0.0.0.0:42528] READ: [id: 0x467bd4fc, L:/192.168.30.59:42528 - R:/192.168.30.59:59372]
2019-09-26 10:03:55,985 INFO  logging.LoggingHandler (AbstractInternalLogger.java:log(150)) - [id: 0x98fa128d, L:0.0.0.0/0.0.0.0:42528] READ COMPLETE
2019-09-26 10:03:55,989 INFO  logging.LoggingHandler (AbstractInternalLogger.java:log(150)) - [id: 0x404738b4, L:/0.0.0.0:37394] READ: [id: 0xac83c7df, L:/192.168.30.59:37394 - R:/192.168.30.59:36962]
2019-09-26 10:03:55,989 INFO  logging.LoggingHandler (AbstractInternalLogger.java:log(150)) - [id: 0x404738b4, L:/0.0.0.0:37394] READ COMPLETE
2019-09-26 10:03:56,037 TRACE util.FileUtils (LogUtils.java:supplyAndLog(82)) - Successfully supplied Files.newOutputStream CREATE_NEW /workdir/ratis-examples/target/test/data/1fdfb1b/TestFileStoreWithNetty/filestore/s1/file93: java.nio.channels.Channels$1@11fc6ec3
2019-09-26 10:03:56,038 TRACE util.FileUtils (LogUtils.java:supplyAndLog(82)) - Successfully supplied Files.newOutputStream CREATE_NEW /workdir/ratis-examples/target/test/data/1fdfb1b/TestFileStoreWithNetty/filestore/s2/file93: java.nio.channels.Channels$1@1a8bd4fc
2019-09-26 10:03:56,041 TRACE util.FileUtils (LogUtils.java:supplyAndLog(82)) - Successfully supplied Files.newOutputStream CREATE_NEW /workdir/ratis-examples/target/test/data/1fdfb1b/TestFileStoreWithNetty/filestore/s0/file93: java.nio.channels.Channels$1@6b3326de
2019-09-26 10:03:56,811 INFO  logging.LoggingHandler (AbstractInternalLogger.java:log(150)) - [id: 0x98fa128d, L:0.0.0.0/0.0.0.0:42528] READ: [id: 0x5130b6d1, L:/192.168.30.59:42528 - R:/192.168.30.59:59386]
2019-09-26 10:03:56,811 INFO  logging.LoggingHandler (AbstractInternalLogger.java:log(150)) - [id: 0x98fa128d, L:0.0.0.0/0.0.0.0:42528] READ COMPLETE
2019-09-26 10:03:56,812 INFO  logging.LoggingHandler (AbstractInternalLogger.java:log(150)) - [id: 0x404738b4, L:/0.0.0.0:37394] READ: [id: 0x5200e915, L:/192.168.30.59:37394 - R:/192.168.30.59:36976]
2019-09-26 10:03:56,813 INFO  logging.LoggingHandler (AbstractInternalLogger.java:log(150)) - [id: 0x404738b4, L:/0.0.0.0:37394] READ COMPLETE
2019-09-26 10:03:56,961 TRACE util.FileUtils (LogUtils.java:supplyAndLog(82)) - Successfully supplied Files.newOutputStream CREATE_NEW /workdir/ratis-examples/target/test/data/1fdfb1b/TestFileStoreWithNetty/filestore/s1/file94: java.nio.channels.Channels$1@4082bf38
2019-09-26 10:03:56,974 TRACE util.FileUtils (LogUtils.java:supplyAndLog(82)) - Successfully supplied Files.newOutputStream CREATE_NEW /workdir/ratis-examples/target/test/data/1fdfb1b/TestFileStoreWithNetty/filestore/s2/file94: java.nio.channels.Channels$1@4f16ef38
2019-09-26 10:03:56,974 TRACE util.FileUtils (LogUtils.java:supplyAndLog(82)) - Successfully supplied Files.newOutputStream CREATE_NEW /workdir/ratis-examples/target/test/data/1fdfb1b/TestFileStoreWithNetty/filestore/s0/file94: java.nio.channels.Channels$1@7435e8e6
2019-09-26 10:03:57,189 INFO  logging.LoggingHandler (AbstractInternalLogger.java:log(150)) - [id: 0x98fa128d, L:0.0.0.0/0.0.0.0:42528] READ: [id: 0x8cf7116c, L:/192.168.30.59:42528 - R:/192.168.30.59:59392]
2019-09-26 10:03:57,189 INFO  logging.LoggingHandler (AbstractInternalLogger.java:log(150)) - [id: 0x98fa128d, L:0.0.0.0/0.0.0.0:42528] READ COMPLETE
2019-09-26 10:03:57,191 INFO  logging.LoggingHandler (AbstractInternalLogger.java:log(150)) - [id: 0x404738b4, L:/0.0.0.0:37394] READ: [id: 0xe97214e6, L:/192.168.30.59:37394 - R:/192.168.30.59:36982]
2019-09-26 10:03:57,191 INFO  logging.LoggingHandler (AbstractInternalLogger.java:log(150)) - [id: 0x404738b4, L:/0.0.0.0:37394] READ COMPLETE
2019-09-26 10:03:57,255 TRACE util.FileUtils (LogUtils.java:supplyAndLog(82)) - Successfully supplied Files.newOutputStream CREATE_NEW /workdir/ratis-examples/target/test/data/1fdfb1b/TestFileStoreWithNetty/filestore/s1/file95: java.nio.channels.Channels$1@6868aa55
2019-09-26 10:03:57,257 TRACE util.FileUtils (LogUtils.java:supplyAndLog(82)) - Successfully supplied Files.newOutputStream CREATE_NEW /workdir/ratis-examples/target/test/data/1fdfb1b/TestFileStoreWithNetty/filestore/s2/file95: java.nio.channels.Channels$1@73d55029
2019-09-26 10:03:57,257 TRACE util.FileUtils (LogUtils.java:supplyAndLog(82)) - Successfully supplied Files.newOutputStream CREATE_NEW /workdir/ratis-examples/target/test/data/1fdfb1b/TestFileStoreWithNetty/filestore/s0/file95: java.nio.channels.Channels$1@54a4b0a4
]]></system-out>
  </testcase>
</testsuite>