<?xml version="1.0" encoding="UTF-8"?>
<testsuite xmlns:xsi="http://www.w3.org/2001/XMLSchema-instance" xsi:noNamespaceSchemaLocation="https://maven.apache.org/surefire/maven-surefire-plugin/xsd/surefire-test-report.xsd" name="org.apache.ratis.examples.filestore.TestFileStoreWithGrpc" time="100.751" tests="1" errors="1" skipped="0" failures="0">
  <properties>
    <property name="awt.toolkit" value="sun.awt.X11.XToolkit"/>
    <property name="file.encoding.pkg" value="sun.io"/>
    <property name="java.specification.version" value="1.8"/>
    <property name="sun.cpu.isalist" value=""/>
    <property name="sun.jnu.encoding" value="UTF-8"/>
    <property name="java.class.path" value="/workdir/ratis-examples/target/test-classes:/workdir/ratis-examples/target/classes:/home/user/.m2/repository/org/apache/ratis/ratis-thirdparty-misc/0.2.0/ratis-thirdparty-misc-0.2.0.jar:/workdir/ratis-proto/target/ratis-proto-0.5.0-SNAPSHOT.jar:/workdir/ratis-common/target/classes:/home/user/.m2/repository/org/slf4j/slf4j-log4j12/1.7.10/slf4j-log4j12-1.7.10.jar:/home/user/.m2/repository/log4j/log4j/1.2.17/log4j-1.2.17.jar:/workdir/ratis-common/target/test-classes:/workdir/ratis-client/target/classes:/workdir/ratis-server/target/classes:/workdir/ratis-metrics/target/classes:/home/user/.m2/repository/io/dropwizard/metrics/metrics-core/3.2.5/metrics-core-3.2.5.jar:/home/user/.m2/repository/com/github/joshelser/dropwizard-metrics-hadoop-metrics2-reporter/0.1.2/dropwizard-metrics-hadoop-metrics2-reporter-0.1.2.jar:/home/user/.m2/repository/io/dropwizard/metrics/metrics-jvm/3.2.5/metrics-jvm-3.2.5.jar:/home/user/.m2/repository/io/dropwizard/metrics/metrics-ganglia/3.2.5/metrics-ganglia-3.2.5.jar:/home/user/.m2/repository/info/ganglia/gmetric4j/gmetric4j/1.0.7/gmetric4j-1.0.7.jar:/home/user/.m2/repository/org/apache/commons/commons-lang3/3.5/commons-lang3-3.5.jar:/workdir/ratis-server/target/test-classes:/workdir/ratis-hadoop/target/classes:/home/user/.m2/repository/org/apache/hadoop/hadoop-common/3.1.1/hadoop-common-3.1.1.jar:/home/user/.m2/repository/org/apache/hadoop/hadoop-annotations/3.1.1/hadoop-annotations-3.1.1.jar:/usr/lib/jvm/java-1.8-openjdk/jre/../lib/tools.jar:/home/user/.m2/repository/commons-cli/commons-cli/1.2/commons-cli-1.2.jar:/home/user/.m2/repository/org/apache/commons/commons-math3/3.1.1/commons-math3-3.1.1.jar:/home/user/.m2/repository/org/apache/httpcomponents/httpclient/4.5.2/httpclient-4.5.2.jar:/home/user/.m2/repository/org/apache/httpcomponents/httpcore/4.4.4/httpcore-4.4.4.jar:/home/user/.m2/repository/commons-codec/commons-codec/1.11/commons-codec-1.11.jar:/home/user/.m2/repository/commons-io/commons-io/2.5/commons-io-2.5.jar:/home/user/.m2/repository/commons-net/commons-net/3.6/commons-net-3.6.jar:/home/user/.m2/repository/commons-collections/commons-collections/3.2.2/commons-collections-3.2.2.jar:/home/user/.m2/repository/javax/servlet/javax.servlet-api/3.1.0/javax.servlet-api-3.1.0.jar:/home/user/.m2/repository/org/eclipse/jetty/jetty-server/9.3.19.v20170502/jetty-server-9.3.19.v20170502.jar:/home/user/.m2/repository/org/eclipse/jetty/jetty-http/9.3.19.v20170502/jetty-http-9.3.19.v20170502.jar:/home/user/.m2/repository/org/eclipse/jetty/jetty-io/9.3.19.v20170502/jetty-io-9.3.19.v20170502.jar:/home/user/.m2/repository/org/eclipse/jetty/jetty-util/9.3.19.v20170502/jetty-util-9.3.19.v20170502.jar:/home/user/.m2/repository/org/eclipse/jetty/jetty-servlet/9.3.19.v20170502/jetty-servlet-9.3.19.v20170502.jar:/home/user/.m2/repository/org/eclipse/jetty/jetty-security/9.3.19.v20170502/jetty-security-9.3.19.v20170502.jar:/home/user/.m2/repository/org/eclipse/jetty/jetty-webapp/9.3.19.v20170502/jetty-webapp-9.3.19.v20170502.jar:/home/user/.m2/repository/org/eclipse/jetty/jetty-xml/9.3.19.v20170502/jetty-xml-9.3.19.v20170502.jar:/home/user/.m2/repository/javax/servlet/jsp/jsp-api/2.1/jsp-api-2.1.jar:/home/user/.m2/repository/com/sun/jersey/jersey-core/1.19/jersey-core-1.19.jar:/home/user/.m2/repository/javax/ws/rs/jsr311-api/1.1.1/jsr311-api-1.1.1.jar:/home/user/.m2/repository/com/sun/jersey/jersey-servlet/1.19/jersey-servlet-1.19.jar:/home/user/.m2/repository/com/sun/jersey/jersey-json/1.19/jersey-json-1.19.jar:/home/user/.m2/repository/org/codehaus/jettison/jettison/1.1/jettison-1.1.jar:/home/user/.m2/repository/com/sun/xml/bind/jaxb-impl/2.2.3-1/jaxb-impl-2.2.3-1.jar:/home/user/.m2/repository/javax/xml/bind/jaxb-api/2.2.2/jaxb-api-2.2.2.jar:/home/user/.m2/repository/javax/xml/stream/stax-api/1.0-2/stax-api-1.0-2.jar:/home/user/.m2/repository/javax/activation/activation/1.1/activation-1.1.jar:/home/user/.m2/repository/org/codehaus/jackson/jackson-core-asl/1.9.2/jackson-core-asl-1.9.2.jar:/home/user/.m2/repository/org/codehaus/jackson/jackson-mapper-asl/1.9.2/jackson-mapper-asl-1.9.2.jar:/home/user/.m2/repository/org/codehaus/jackson/jackson-jaxrs/1.9.2/jackson-jaxrs-1.9.2.jar:/home/user/.m2/repository/org/codehaus/jackson/jackson-xc/1.9.2/jackson-xc-1.9.2.jar:/home/user/.m2/repository/com/sun/jersey/jersey-server/1.19/jersey-server-1.19.jar:/home/user/.m2/repository/commons-logging/commons-logging/1.1.3/commons-logging-1.1.3.jar:/home/user/.m2/repository/commons-lang/commons-lang/2.6/commons-lang-2.6.jar:/home/user/.m2/repository/commons-beanutils/commons-beanutils/1.9.3/commons-beanutils-1.9.3.jar:/home/user/.m2/repository/org/apache/commons/commons-configuration2/2.1.1/commons-configuration2-2.1.1.jar:/home/user/.m2/repository/org/apache/avro/avro/1.7.7/avro-1.7.7.jar:/home/user/.m2/repository/com/thoughtworks/paranamer/paranamer/2.3/paranamer-2.3.jar:/home/user/.m2/repository/org/xerial/snappy/snappy-java/1.0.5/snappy-java-1.0.5.jar:/home/user/.m2/repository/com/google/re2j/re2j/1.1/re2j-1.1.jar:/home/user/.m2/repository/com/google/protobuf/protobuf-java/2.5.0/protobuf-java-2.5.0.jar:/home/user/.m2/repository/com/google/code/gson/gson/2.2.4/gson-2.2.4.jar:/home/user/.m2/repository/org/apache/hadoop/hadoop-auth/3.1.1/hadoop-auth-3.1.1.jar:/home/user/.m2/repository/com/nimbusds/nimbus-jose-jwt/4.41.1/nimbus-jose-jwt-4.41.1.jar:/home/user/.m2/repository/com/github/stephenc/jcip/jcip-annotations/1.0-1/jcip-annotations-1.0-1.jar:/home/user/.m2/repository/net/minidev/json-smart/2.3/json-smart-2.3.jar:/home/user/.m2/repository/net/minidev/accessors-smart/1.2/accessors-smart-1.2.jar:/home/user/.m2/repository/org/ow2/asm/asm/5.0.4/asm-5.0.4.jar:/home/user/.m2/repository/org/apache/curator/curator-framework/2.12.0/curator-framework-2.12.0.jar:/home/user/.m2/repository/com/jcraft/jsch/0.1.54/jsch-0.1.54.jar:/home/user/.m2/repository/org/apache/curator/curator-client/2.12.0/curator-client-2.12.0.jar:/home/user/.m2/repository/org/apache/curator/curator-recipes/2.12.0/curator-recipes-2.12.0.jar:/home/user/.m2/repository/com/google/code/findbugs/jsr305/3.0.0/jsr305-3.0.0.jar:/home/user/.m2/repository/org/apache/htrace/htrace-core4/4.1.0-incubating/htrace-core4-4.1.0-incubating.jar:/home/user/.m2/repository/org/apache/zookeeper/zookeeper/3.4.9/zookeeper-3.4.9.jar:/home/user/.m2/repository/jline/jline/0.9.94/jline-0.9.94.jar:/home/user/.m2/repository/io/netty/netty/3.10.5.Final/netty-3.10.5.Final.jar:/home/user/.m2/repository/org/apache/commons/commons-compress/1.4.1/commons-compress-1.4.1.jar:/home/user/.m2/repository/org/tukaani/xz/1.0/xz-1.0.jar:/home/user/.m2/repository/org/apache/kerby/kerb-simplekdc/1.0.1/kerb-simplekdc-1.0.1.jar:/home/user/.m2/repository/org/apache/kerby/kerb-client/1.0.1/kerb-client-1.0.1.jar:/home/user/.m2/repository/org/apache/kerby/kerby-config/1.0.1/kerby-config-1.0.1.jar:/home/user/.m2/repository/org/apache/kerby/kerb-core/1.0.1/kerb-core-1.0.1.jar:/home/user/.m2/repository/org/apache/kerby/kerby-pkix/1.0.1/kerby-pkix-1.0.1.jar:/home/user/.m2/repository/org/apache/kerby/kerby-asn1/1.0.1/kerby-asn1-1.0.1.jar:/home/user/.m2/repository/org/apache/kerby/kerby-util/1.0.1/kerby-util-1.0.1.jar:/home/user/.m2/repository/org/apache/kerby/kerb-common/1.0.1/kerb-common-1.0.1.jar:/home/user/.m2/repository/org/apache/kerby/kerb-crypto/1.0.1/kerb-crypto-1.0.1.jar:/home/user/.m2/repository/org/apache/kerby/kerb-util/1.0.1/kerb-util-1.0.1.jar:/home/user/.m2/repository/org/apache/kerby/token-provider/1.0.1/token-provider-1.0.1.jar:/home/user/.m2/repository/org/apache/kerby/kerb-admin/1.0.1/kerb-admin-1.0.1.jar:/home/user/.m2/repository/org/apache/kerby/kerb-server/1.0.1/kerb-server-1.0.1.jar:/home/user/.m2/repository/org/apache/kerby/kerb-identity/1.0.1/kerb-identity-1.0.1.jar:/home/user/.m2/repository/org/apache/kerby/kerby-xdr/1.0.1/kerby-xdr-1.0.1.jar:/home/user/.m2/repository/com/fasterxml/jackson/core/jackson-databind/2.7.8/jackson-databind-2.7.8.jar:/home/user/.m2/repository/com/fasterxml/jackson/core/jackson-annotations/2.7.0/jackson-annotations-2.7.0.jar:/home/user/.m2/repository/com/fasterxml/jackson/core/jackson-core/2.7.8/jackson-core-2.7.8.jar:/home/user/.m2/repository/org/codehaus/woodstox/stax2-api/3.1.4/stax2-api-3.1.4.jar:/home/user/.m2/repository/com/fasterxml/woodstox/woodstox-core/5.0.3/woodstox-core-5.0.3.jar:/home/user/.m2/repository/com/google/guava/guava/11.0.2/guava-11.0.2.jar:/workdir/ratis-hadoop/target/test-classes:/home/user/.m2/repository/org/apache/ratis/ratis-thirdparty-hadoop/0.2.0/ratis-thirdparty-hadoop-0.2.0.jar:/workdir/ratis-grpc/target/classes:/workdir/ratis-grpc/target/test-classes:/workdir/ratis-netty/target/classes:/workdir/ratis-netty/target/test-classes:/home/user/.m2/repository/com/beust/jcommander/1.72/jcommander-1.72.jar:/home/user/.m2/repository/org/slf4j/slf4j-api/1.7.10/slf4j-api-1.7.10.jar:/home/user/.m2/repository/junit/junit/4.12/junit-4.12.jar:/home/user/.m2/repository/org/hamcrest/hamcrest-core/1.3/hamcrest-core-1.3.jar:/home/user/.m2/repository/org/mockito/mockito-all/1.8.5/mockito-all-1.8.5.jar:"/>
    <property name="java.vm.vendor" value="IcedTea"/>
    <property name="sun.arch.data.model" value="64"/>
    <property name="java.vendor.url" value="https://icedtea.classpath.org"/>
    <property name="user.timezone" value=""/>
    <property name="java.vm.specification.version" value="1.8"/>
    <property name="os.name" value="Linux"/>
    <property name="user.country" value="US"/>
    <property name="sun.java.launcher" value="SUN_STANDARD"/>
    <property name="sun.boot.library.path" value="/usr/lib/jvm/java-1.8-openjdk/jre/lib/amd64"/>
    <property name="sun.java.command" value="/workdir/ratis-examples/target/surefire/surefirebooter62262938794533029.jar /workdir/ratis-examples/target/surefire 2019-09-26T13-42-04_408-jvmRun1 surefire7290074482480588873tmp surefire_745616135507207291504tmp"/>
    <property name="surefire.test.class.path" value="/workdir/ratis-examples/target/test-classes:/workdir/ratis-examples/target/classes:/home/user/.m2/repository/org/apache/ratis/ratis-thirdparty-misc/0.2.0/ratis-thirdparty-misc-0.2.0.jar:/workdir/ratis-proto/target/ratis-proto-0.5.0-SNAPSHOT.jar:/workdir/ratis-common/target/classes:/home/user/.m2/repository/org/slf4j/slf4j-log4j12/1.7.10/slf4j-log4j12-1.7.10.jar:/home/user/.m2/repository/log4j/log4j/1.2.17/log4j-1.2.17.jar:/workdir/ratis-common/target/test-classes:/workdir/ratis-client/target/classes:/workdir/ratis-server/target/classes:/workdir/ratis-metrics/target/classes:/home/user/.m2/repository/io/dropwizard/metrics/metrics-core/3.2.5/metrics-core-3.2.5.jar:/home/user/.m2/repository/com/github/joshelser/dropwizard-metrics-hadoop-metrics2-reporter/0.1.2/dropwizard-metrics-hadoop-metrics2-reporter-0.1.2.jar:/home/user/.m2/repository/io/dropwizard/metrics/metrics-jvm/3.2.5/metrics-jvm-3.2.5.jar:/home/user/.m2/repository/io/dropwizard/metrics/metrics-ganglia/3.2.5/metrics-ganglia-3.2.5.jar:/home/user/.m2/repository/info/ganglia/gmetric4j/gmetric4j/1.0.7/gmetric4j-1.0.7.jar:/home/user/.m2/repository/org/apache/commons/commons-lang3/3.5/commons-lang3-3.5.jar:/workdir/ratis-server/target/test-classes:/workdir/ratis-hadoop/target/classes:/home/user/.m2/repository/org/apache/hadoop/hadoop-common/3.1.1/hadoop-common-3.1.1.jar:/home/user/.m2/repository/org/apache/hadoop/hadoop-annotations/3.1.1/hadoop-annotations-3.1.1.jar:/usr/lib/jvm/java-1.8-openjdk/jre/../lib/tools.jar:/home/user/.m2/repository/commons-cli/commons-cli/1.2/commons-cli-1.2.jar:/home/user/.m2/repository/org/apache/commons/commons-math3/3.1.1/commons-math3-3.1.1.jar:/home/user/.m2/repository/org/apache/httpcomponents/httpclient/4.5.2/httpclient-4.5.2.jar:/home/user/.m2/repository/org/apache/httpcomponents/httpcore/4.4.4/httpcore-4.4.4.jar:/home/user/.m2/repository/commons-codec/commons-codec/1.11/commons-codec-1.11.jar:/home/user/.m2/repository/commons-io/commons-io/2.5/commons-io-2.5.jar:/home/user/.m2/repository/commons-net/commons-net/3.6/commons-net-3.6.jar:/home/user/.m2/repository/commons-collections/commons-collections/3.2.2/commons-collections-3.2.2.jar:/home/user/.m2/repository/javax/servlet/javax.servlet-api/3.1.0/javax.servlet-api-3.1.0.jar:/home/user/.m2/repository/org/eclipse/jetty/jetty-server/9.3.19.v20170502/jetty-server-9.3.19.v20170502.jar:/home/user/.m2/repository/org/eclipse/jetty/jetty-http/9.3.19.v20170502/jetty-http-9.3.19.v20170502.jar:/home/user/.m2/repository/org/eclipse/jetty/jetty-io/9.3.19.v20170502/jetty-io-9.3.19.v20170502.jar:/home/user/.m2/repository/org/eclipse/jetty/jetty-util/9.3.19.v20170502/jetty-util-9.3.19.v20170502.jar:/home/user/.m2/repository/org/eclipse/jetty/jetty-servlet/9.3.19.v20170502/jetty-servlet-9.3.19.v20170502.jar:/home/user/.m2/repository/org/eclipse/jetty/jetty-security/9.3.19.v20170502/jetty-security-9.3.19.v20170502.jar:/home/user/.m2/repository/org/eclipse/jetty/jetty-webapp/9.3.19.v20170502/jetty-webapp-9.3.19.v20170502.jar:/home/user/.m2/repository/org/eclipse/jetty/jetty-xml/9.3.19.v20170502/jetty-xml-9.3.19.v20170502.jar:/home/user/.m2/repository/javax/servlet/jsp/jsp-api/2.1/jsp-api-2.1.jar:/home/user/.m2/repository/com/sun/jersey/jersey-core/1.19/jersey-core-1.19.jar:/home/user/.m2/repository/javax/ws/rs/jsr311-api/1.1.1/jsr311-api-1.1.1.jar:/home/user/.m2/repository/com/sun/jersey/jersey-servlet/1.19/jersey-servlet-1.19.jar:/home/user/.m2/repository/com/sun/jersey/jersey-json/1.19/jersey-json-1.19.jar:/home/user/.m2/repository/org/codehaus/jettison/jettison/1.1/jettison-1.1.jar:/home/user/.m2/repository/com/sun/xml/bind/jaxb-impl/2.2.3-1/jaxb-impl-2.2.3-1.jar:/home/user/.m2/repository/javax/xml/bind/jaxb-api/2.2.2/jaxb-api-2.2.2.jar:/home/user/.m2/repository/javax/xml/stream/stax-api/1.0-2/stax-api-1.0-2.jar:/home/user/.m2/repository/javax/activation/activation/1.1/activation-1.1.jar:/home/user/.m2/repository/org/codehaus/jackson/jackson-core-asl/1.9.2/jackson-core-asl-1.9.2.jar:/home/user/.m2/repository/org/codehaus/jackson/jackson-mapper-asl/1.9.2/jackson-mapper-asl-1.9.2.jar:/home/user/.m2/repository/org/codehaus/jackson/jackson-jaxrs/1.9.2/jackson-jaxrs-1.9.2.jar:/home/user/.m2/repository/org/codehaus/jackson/jackson-xc/1.9.2/jackson-xc-1.9.2.jar:/home/user/.m2/repository/com/sun/jersey/jersey-server/1.19/jersey-server-1.19.jar:/home/user/.m2/repository/commons-logging/commons-logging/1.1.3/commons-logging-1.1.3.jar:/home/user/.m2/repository/commons-lang/commons-lang/2.6/commons-lang-2.6.jar:/home/user/.m2/repository/commons-beanutils/commons-beanutils/1.9.3/commons-beanutils-1.9.3.jar:/home/user/.m2/repository/org/apache/commons/commons-configuration2/2.1.1/commons-configuration2-2.1.1.jar:/home/user/.m2/repository/org/apache/avro/avro/1.7.7/avro-1.7.7.jar:/home/user/.m2/repository/com/thoughtworks/paranamer/paranamer/2.3/paranamer-2.3.jar:/home/user/.m2/repository/org/xerial/snappy/snappy-java/1.0.5/snappy-java-1.0.5.jar:/home/user/.m2/repository/com/google/re2j/re2j/1.1/re2j-1.1.jar:/home/user/.m2/repository/com/google/protobuf/protobuf-java/2.5.0/protobuf-java-2.5.0.jar:/home/user/.m2/repository/com/google/code/gson/gson/2.2.4/gson-2.2.4.jar:/home/user/.m2/repository/org/apache/hadoop/hadoop-auth/3.1.1/hadoop-auth-3.1.1.jar:/home/user/.m2/repository/com/nimbusds/nimbus-jose-jwt/4.41.1/nimbus-jose-jwt-4.41.1.jar:/home/user/.m2/repository/com/github/stephenc/jcip/jcip-annotations/1.0-1/jcip-annotations-1.0-1.jar:/home/user/.m2/repository/net/minidev/json-smart/2.3/json-smart-2.3.jar:/home/user/.m2/repository/net/minidev/accessors-smart/1.2/accessors-smart-1.2.jar:/home/user/.m2/repository/org/ow2/asm/asm/5.0.4/asm-5.0.4.jar:/home/user/.m2/repository/org/apache/curator/curator-framework/2.12.0/curator-framework-2.12.0.jar:/home/user/.m2/repository/com/jcraft/jsch/0.1.54/jsch-0.1.54.jar:/home/user/.m2/repository/org/apache/curator/curator-client/2.12.0/curator-client-2.12.0.jar:/home/user/.m2/repository/org/apache/curator/curator-recipes/2.12.0/curator-recipes-2.12.0.jar:/home/user/.m2/repository/com/google/code/findbugs/jsr305/3.0.0/jsr305-3.0.0.jar:/home/user/.m2/repository/org/apache/htrace/htrace-core4/4.1.0-incubating/htrace-core4-4.1.0-incubating.jar:/home/user/.m2/repository/org/apache/zookeeper/zookeeper/3.4.9/zookeeper-3.4.9.jar:/home/user/.m2/repository/jline/jline/0.9.94/jline-0.9.94.jar:/home/user/.m2/repository/io/netty/netty/3.10.5.Final/netty-3.10.5.Final.jar:/home/user/.m2/repository/org/apache/commons/commons-compress/1.4.1/commons-compress-1.4.1.jar:/home/user/.m2/repository/org/tukaani/xz/1.0/xz-1.0.jar:/home/user/.m2/repository/org/apache/kerby/kerb-simplekdc/1.0.1/kerb-simplekdc-1.0.1.jar:/home/user/.m2/repository/org/apache/kerby/kerb-client/1.0.1/kerb-client-1.0.1.jar:/home/user/.m2/repository/org/apache/kerby/kerby-config/1.0.1/kerby-config-1.0.1.jar:/home/user/.m2/repository/org/apache/kerby/kerb-core/1.0.1/kerb-core-1.0.1.jar:/home/user/.m2/repository/org/apache/kerby/kerby-pkix/1.0.1/kerby-pkix-1.0.1.jar:/home/user/.m2/repository/org/apache/kerby/kerby-asn1/1.0.1/kerby-asn1-1.0.1.jar:/home/user/.m2/repository/org/apache/kerby/kerby-util/1.0.1/kerby-util-1.0.1.jar:/home/user/.m2/repository/org/apache/kerby/kerb-common/1.0.1/kerb-common-1.0.1.jar:/home/user/.m2/repository/org/apache/kerby/kerb-crypto/1.0.1/kerb-crypto-1.0.1.jar:/home/user/.m2/repository/org/apache/kerby/kerb-util/1.0.1/kerb-util-1.0.1.jar:/home/user/.m2/repository/org/apache/kerby/token-provider/1.0.1/token-provider-1.0.1.jar:/home/user/.m2/repository/org/apache/kerby/kerb-admin/1.0.1/kerb-admin-1.0.1.jar:/home/user/.m2/repository/org/apache/kerby/kerb-server/1.0.1/kerb-server-1.0.1.jar:/home/user/.m2/repository/org/apache/kerby/kerb-identity/1.0.1/kerb-identity-1.0.1.jar:/home/user/.m2/repository/org/apache/kerby/kerby-xdr/1.0.1/kerby-xdr-1.0.1.jar:/home/user/.m2/repository/com/fasterxml/jackson/core/jackson-databind/2.7.8/jackson-databind-2.7.8.jar:/home/user/.m2/repository/com/fasterxml/jackson/core/jackson-annotations/2.7.0/jackson-annotations-2.7.0.jar:/home/user/.m2/repository/com/fasterxml/jackson/core/jackson-core/2.7.8/jackson-core-2.7.8.jar:/home/user/.m2/repository/org/codehaus/woodstox/stax2-api/3.1.4/stax2-api-3.1.4.jar:/home/user/.m2/repository/com/fasterxml/woodstox/woodstox-core/5.0.3/woodstox-core-5.0.3.jar:/home/user/.m2/repository/com/google/guava/guava/11.0.2/guava-11.0.2.jar:/workdir/ratis-hadoop/target/test-classes:/home/user/.m2/repository/org/apache/ratis/ratis-thirdparty-hadoop/0.2.0/ratis-thirdparty-hadoop-0.2.0.jar:/workdir/ratis-grpc/target/classes:/workdir/ratis-grpc/target/test-classes:/workdir/ratis-netty/target/classes:/workdir/ratis-netty/target/test-classes:/home/user/.m2/repository/com/beust/jcommander/1.72/jcommander-1.72.jar:/home/user/.m2/repository/org/slf4j/slf4j-api/1.7.10/slf4j-api-1.7.10.jar:/home/user/.m2/repository/junit/junit/4.12/junit-4.12.jar:/home/user/.m2/repository/org/hamcrest/hamcrest-core/1.3/hamcrest-core-1.3.jar:/home/user/.m2/repository/org/mockito/mockito-all/1.8.5/mockito-all-1.8.5.jar:"/>
    <property name="sun.cpu.endian" value="little"/>
    <property name="user.home" value="/home/user"/>
    <property name="user.language" value="en"/>
    <property name="java.specification.vendor" value="Oracle Corporation"/>
    <property name="java.home" value="/usr/lib/jvm/java-1.8-openjdk/jre"/>
    <property name="basedir" value="/workdir/ratis-examples"/>
    <property name="file.separator" value="/"/>
    <property name="line.separator" value="&#10;"/>
    <property name="java.vm.specification.vendor" value="Oracle Corporation"/>
    <property name="java.specification.name" value="Java Platform API Specification"/>
    <property name="java.awt.graphicsenv" value="sun.awt.X11GraphicsEnvironment"/>
    <property name="surefire.real.class.path" value="/workdir/ratis-examples/target/surefire/surefirebooter62262938794533029.jar"/>
    <property name="sun.boot.class.path" value="/usr/lib/jvm/java-1.8-openjdk/jre/lib/resources.jar:/usr/lib/jvm/java-1.8-openjdk/jre/lib/rt.jar:/usr/lib/jvm/java-1.8-openjdk/jre/lib/sunrsasign.jar:/usr/lib/jvm/java-1.8-openjdk/jre/lib/jsse.jar:/usr/lib/jvm/java-1.8-openjdk/jre/lib/jce.jar:/usr/lib/jvm/java-1.8-openjdk/jre/lib/charsets.jar:/usr/lib/jvm/java-1.8-openjdk/jre/lib/jfr.jar:/usr/lib/jvm/java-1.8-openjdk/jre/classes"/>
    <property name="sun.management.compiler" value="HotSpot 64-Bit Tiered Compilers"/>
    <property name="java.runtime.version" value="1.8.0_212-b04"/>
    <property name="java.net.preferIPv4Stack" value="true"/>
    <property name="user.name" value="jenkins1000"/>
    <property name="path.separator" value=":"/>
    <property name="os.version" value="3.10.0-957.12.2.el7.x86_64"/>
    <property name="java.endorsed.dirs" value="/usr/lib/jvm/java-1.8-openjdk/jre/lib/endorsed"/>
    <property name="java.runtime.name" value="OpenJDK Runtime Environment"/>
    <property name="file.encoding" value="UTF-8"/>
    <property name="java.vm.name" value="OpenJDK 64-Bit Server VM"/>
    <property name="localRepository" value="/home/user/.m2/repository"/>
    <property name="java.vendor.url.bug" value="https://icedtea.classpath.org/bugzilla"/>
    <property name="java.io.tmpdir" value="/tmp"/>
    <property name="java.version" value="1.8.0_212"/>
    <property name="user.dir" value="/workdir/ratis-examples"/>
    <property name="os.arch" value="amd64"/>
    <property name="ratis.tmp.dir" value="/workdir/ratis-examples/target/tmp"/>
    <property name="java.vm.specification.name" value="Java Virtual Machine Specification"/>
    <property name="java.awt.printerjob" value="sun.print.PSPrinterJob"/>
    <property name="ratis.log.dir" value="/workdir/ratis-examples/target/log"/>
    <property name="sun.os.patch.level" value="unknown"/>
    <property name="java.library.path" value="/usr/lib/jvm/java-1.8-openjdk/jre/lib/amd64/server:/usr/lib/jvm/java-1.8-openjdk/jre/lib/amd64:/usr/lib/jvm/java-1.8-openjdk/jre/../lib/amd64:/usr/java/packages/lib/amd64:/usr/lib64:/lib64:/lib:/usr/lib"/>
    <property name="java.vm.info" value="mixed mode"/>
    <property name="java.vendor" value="IcedTea"/>
    <property name="java.vm.version" value="25.212-b04"/>
    <property name="java.ext.dirs" value="/usr/lib/jvm/java-1.8-openjdk/jre/lib/ext:/usr/java/packages/lib/ext"/>
    <property name="sun.io.unicode.encoding" value="UnicodeLittle"/>
    <property name="java.class.version" value="52.0"/>
  </properties>
  <testcase name="testFileStore" classname="org.apache.ratis.examples.filestore.TestFileStoreWithGrpc" time="100.014">
    <error message="test timed out after 100 seconds" type="org.junit.runners.model.TestTimedOutException">org.junit.runners.model.TestTimedOutException: test timed out after 100 seconds
</error>
    <system-out><![CDATA[2019-09-26 14:01:56,498 INFO  util.LogUtils (LogUtils.java:setLogLevel(41)) - Set org.apache.ratis.conf.ConfUtils log level to WARN
2019-09-26 14:01:56,502 INFO  util.LogUtils (LogUtils.java:setLogLevel(41)) - Set org.apache.ratis.util.FileUtils log level to TRACE
2019-09-26 14:01:56,603 INFO  ratis.MiniRaftCluster (MiniRaftCluster.java:<init>(253)) - new MiniRaftClusterWithGrpc with group-1720A28C8555:[s0:0.0.0.0:36116, s1:0.0.0.0:33523, s2:0.0.0.0:40404]
2019-09-26 14:01:56,604 INFO  ratis.MiniRaftCluster (MiniRaftCluster.java:start(287)) - .............................................................. 
2019-09-26 14:01:56,604 INFO  ratis.MiniRaftCluster (MiniRaftCluster.java:start(288)) - ... 
2019-09-26 14:01:56,604 INFO  ratis.MiniRaftCluster (MiniRaftCluster.java:start(289)) - ...     Starting MiniRaftClusterWithGrpc
2019-09-26 14:01:56,604 INFO  ratis.MiniRaftCluster (MiniRaftCluster.java:start(290)) - ... 
2019-09-26 14:01:56,605 INFO  ratis.MiniRaftCluster (MiniRaftCluster.java:start(291)) - .............................................................. 
2019-09-26 14:01:56,605 INFO  ratis.MiniRaftCluster (MiniRaftCluster.java:initServers(265)) - servers = {}
2019-09-26 14:01:56,616 INFO  ratis.MiniRaftCluster (MiniRaftCluster.java:newRaftServer(330)) - newRaftServer: s0, group-1720A28C8555:[s0:0.0.0.0:36116, s1:0.0.0.0:33523, s2:0.0.0.0:40404], format? true
2019-09-26 14:01:56,617 TRACE util.FileUtils (FileUtils.java:deleteFully(88)) - deleteFully target/test/data/92cd4afb/MiniRaftClusterWithGrpc4a8e4c9f/s0
2019-09-26 14:01:56,624 TRACE util.FileUtils (FileUtils.java:deleteFully(104)) - deleteFully: target/test/data/92cd4afb/MiniRaftClusterWithGrpc4a8e4c9f/s0 does not exist.
2019-09-26 14:01:56,625 INFO  ratis.MiniRaftCluster (MiniRaftCluster.java:newRaftServer(335)) - Formatted directory target/test/data/92cd4afb/MiniRaftClusterWithGrpc4a8e4c9f/s0
2019-09-26 14:01:56,642 INFO  impl.RaftServerProxy (ConfUtils.java:logGet(43)) - raft.rpc.type = GRPC (default)
2019-09-26 14:01:56,709 INFO  grpc.GrpcFactory (GrpcFactory.java:checkPooledByteBufAllocatorUseCacheForAllThreads(45)) - PERFORMANCE WARNING: useCacheForAllThreads is true that may cause Netty to create a lot garbage objects and, as a result, trigger GC.
	It is recommended to disable useCacheForAllThreads by setting -Dorg.apache.ratis.thirdparty.io.netty.allocator.useCacheForAllThreads=false in command line.
2019-09-26 14:01:56,713 INFO  grpc.GrpcConfigKeys$Server (ConfUtils.java:logGet(43)) - raft.grpc.server.port = 36116 (custom)
2019-09-26 14:01:56,717 INFO  server.GrpcService (ConfUtils.java:logGet(43)) - raft.grpc.message.size.max = 64MB (=67108864) (default)
2019-09-26 14:01:56,720 INFO  server.RaftServerConfigKeys (ConfUtils.java:logGet(43)) - raft.server.log.appender.buffer.byte-limit = 4MB (=4194304) (default)
2019-09-26 14:01:56,721 INFO  server.GrpcService (ConfUtils.java:logGet(43)) - raft.grpc.flow.control.window = 1MB (=1048576) (default)
2019-09-26 14:01:56,726 INFO  server.RaftServerConfigKeys (ConfUtils.java:logGet(43)) - raft.server.rpc.request.timeout = 3000ms (default)
2019-09-26 14:01:56,901 INFO  server.RaftServerConfigKeys (ConfUtils.java:logGet(43)) - raft.server.storage.dir = [/workdir/ratis-examples/target/test/data/92cd4afb/MiniRaftClusterWithGrpc4a8e4c9f/s0] (custom)
2019-09-26 14:01:56,913 INFO  impl.RaftServerProxy (RaftServerProxy.java:addNew(89)) - s0: addNew group-1720A28C8555:[s0:0.0.0.0:36116, s1:0.0.0.0:33523, s2:0.0.0.0:40404] returns group-1720A28C8555:java.util.concurrent.CompletableFuture@4c172ed4[Not completed]
2019-09-26 14:01:56,913 INFO  ratis.MiniRaftCluster (MiniRaftCluster.java:newRaftServer(330)) - newRaftServer: s1, group-1720A28C8555:[s0:0.0.0.0:36116, s1:0.0.0.0:33523, s2:0.0.0.0:40404], format? true
2019-09-26 14:01:56,913 TRACE util.FileUtils (FileUtils.java:deleteFully(88)) - deleteFully target/test/data/92cd4afb/MiniRaftClusterWithGrpc4a8e4c9f/s1
2019-09-26 14:01:56,914 TRACE util.FileUtils (FileUtils.java:deleteFully(104)) - deleteFully: target/test/data/92cd4afb/MiniRaftClusterWithGrpc4a8e4c9f/s1 does not exist.
2019-09-26 14:01:56,914 INFO  ratis.MiniRaftCluster (MiniRaftCluster.java:newRaftServer(335)) - Formatted directory target/test/data/92cd4afb/MiniRaftClusterWithGrpc4a8e4c9f/s1
2019-09-26 14:01:56,914 INFO  impl.RaftServerProxy (ConfUtils.java:logGet(43)) - raft.rpc.type = GRPC (default)
2019-09-26 14:01:56,915 INFO  grpc.GrpcFactory (GrpcFactory.java:checkPooledByteBufAllocatorUseCacheForAllThreads(45)) - PERFORMANCE WARNING: useCacheForAllThreads is true that may cause Netty to create a lot garbage objects and, as a result, trigger GC.
	It is recommended to disable useCacheForAllThreads by setting -Dorg.apache.ratis.thirdparty.io.netty.allocator.useCacheForAllThreads=false in command line.
2019-09-26 14:01:56,915 INFO  grpc.GrpcConfigKeys$Server (ConfUtils.java:logGet(43)) - raft.grpc.server.port = 33523 (custom)
2019-09-26 14:01:56,915 INFO  server.GrpcService (ConfUtils.java:logGet(43)) - raft.grpc.message.size.max = 64MB (=67108864) (default)
2019-09-26 14:01:56,916 INFO  server.RaftServerConfigKeys (ConfUtils.java:logGet(43)) - raft.server.log.appender.buffer.byte-limit = 4MB (=4194304) (default)
2019-09-26 14:01:56,916 INFO  server.GrpcService (ConfUtils.java:logGet(43)) - raft.grpc.flow.control.window = 1MB (=1048576) (default)
2019-09-26 14:01:56,916 INFO  server.RaftServerConfigKeys (ConfUtils.java:logGet(43)) - raft.server.rpc.request.timeout = 3000ms (default)
2019-09-26 14:01:56,917 INFO  server.RaftServerConfigKeys (ConfUtils.java:logGet(43)) - raft.server.storage.dir = [/workdir/ratis-examples/target/test/data/92cd4afb/MiniRaftClusterWithGrpc4a8e4c9f/s1] (custom)
2019-09-26 14:01:56,917 INFO  impl.RaftServerProxy (RaftServerProxy.java:addNew(89)) - s1: addNew group-1720A28C8555:[s0:0.0.0.0:36116, s1:0.0.0.0:33523, s2:0.0.0.0:40404] returns group-1720A28C8555:java.util.concurrent.CompletableFuture@66828f21[Not completed]
2019-09-26 14:01:56,918 INFO  ratis.MiniRaftCluster (MiniRaftCluster.java:newRaftServer(330)) - newRaftServer: s2, group-1720A28C8555:[s0:0.0.0.0:36116, s1:0.0.0.0:33523, s2:0.0.0.0:40404], format? true
2019-09-26 14:01:56,918 TRACE util.FileUtils (FileUtils.java:deleteFully(88)) - deleteFully target/test/data/92cd4afb/MiniRaftClusterWithGrpc4a8e4c9f/s2
2019-09-26 14:01:56,918 TRACE util.FileUtils (FileUtils.java:deleteFully(104)) - deleteFully: target/test/data/92cd4afb/MiniRaftClusterWithGrpc4a8e4c9f/s2 does not exist.
2019-09-26 14:01:56,918 INFO  ratis.MiniRaftCluster (MiniRaftCluster.java:newRaftServer(335)) - Formatted directory target/test/data/92cd4afb/MiniRaftClusterWithGrpc4a8e4c9f/s2
2019-09-26 14:01:56,919 INFO  impl.RaftServerProxy (ConfUtils.java:logGet(43)) - raft.rpc.type = GRPC (default)
2019-09-26 14:01:56,919 INFO  grpc.GrpcFactory (GrpcFactory.java:checkPooledByteBufAllocatorUseCacheForAllThreads(45)) - PERFORMANCE WARNING: useCacheForAllThreads is true that may cause Netty to create a lot garbage objects and, as a result, trigger GC.
	It is recommended to disable useCacheForAllThreads by setting -Dorg.apache.ratis.thirdparty.io.netty.allocator.useCacheForAllThreads=false in command line.
2019-09-26 14:01:56,919 INFO  grpc.GrpcConfigKeys$Server (ConfUtils.java:logGet(43)) - raft.grpc.server.port = 40404 (custom)
2019-09-26 14:01:56,920 INFO  server.GrpcService (ConfUtils.java:logGet(43)) - raft.grpc.message.size.max = 64MB (=67108864) (default)
2019-09-26 14:01:56,920 INFO  server.RaftServerConfigKeys (ConfUtils.java:logGet(43)) - raft.server.log.appender.buffer.byte-limit = 4MB (=4194304) (default)
2019-09-26 14:01:56,920 INFO  server.GrpcService (ConfUtils.java:logGet(43)) - raft.grpc.flow.control.window = 1MB (=1048576) (default)
2019-09-26 14:01:56,920 INFO  server.RaftServerConfigKeys (ConfUtils.java:logGet(43)) - raft.server.rpc.request.timeout = 3000ms (default)
2019-09-26 14:01:56,921 INFO  server.RaftServerConfigKeys (ConfUtils.java:logGet(43)) - raft.server.storage.dir = [/workdir/ratis-examples/target/test/data/92cd4afb/MiniRaftClusterWithGrpc4a8e4c9f/s2] (custom)
2019-09-26 14:01:56,921 INFO  impl.RaftServerProxy (RaftServerProxy.java:addNew(89)) - s2: addNew group-1720A28C8555:[s0:0.0.0.0:36116, s1:0.0.0.0:33523, s2:0.0.0.0:40404] returns group-1720A28C8555:java.util.concurrent.CompletableFuture@1089488a[Not completed]
2019-09-26 14:01:56,929 INFO  statemachine.StateMachine (ConfUtils.java:logGet(43)) - example.filestore.statemachine.dir = /workdir/ratis-examples/target/test/data/92cd4afb/TestFileStoreWithGrpc/filestore (custom)
2019-09-26 14:01:56,929 INFO  statemachine.StateMachine (ConfUtils.java:logGet(43)) - example.filestore.statemachine.dir = /workdir/ratis-examples/target/test/data/92cd4afb/TestFileStoreWithGrpc/filestore (custom)
2019-09-26 14:01:56,929 INFO  statemachine.StateMachine (ConfUtils.java:logGet(43)) - example.filestore.statemachine.dir = /workdir/ratis-examples/target/test/data/92cd4afb/TestFileStoreWithGrpc/filestore (custom)
2019-09-26 14:01:56,936 INFO  impl.RaftServerImpl (RaftServerImpl.java:<init>(95)) - s0: new RaftServerImpl for group-1720A28C8555:[s0:0.0.0.0:36116, s1:0.0.0.0:33523, s2:0.0.0.0:40404] with FileStoreStateMachine:uninitialized
2019-09-26 14:01:56,936 INFO  impl.RaftServerImpl (RaftServerImpl.java:<init>(95)) - s2: new RaftServerImpl for group-1720A28C8555:[s0:0.0.0.0:36116, s1:0.0.0.0:33523, s2:0.0.0.0:40404] with FileStoreStateMachine:uninitialized
2019-09-26 14:01:56,936 INFO  impl.RaftServerImpl (RaftServerImpl.java:<init>(95)) - s1: new RaftServerImpl for group-1720A28C8555:[s0:0.0.0.0:36116, s1:0.0.0.0:33523, s2:0.0.0.0:40404] with FileStoreStateMachine:uninitialized
2019-09-26 14:01:56,938 INFO  server.RaftServerConfigKeys (ConfUtils.java:logGet(43)) - raft.server.rpc.timeout.min = 150ms (default)
2019-09-26 14:01:56,938 INFO  server.RaftServerConfigKeys (ConfUtils.java:logGet(43)) - raft.server.rpc.timeout.min = 150ms (default)
2019-09-26 14:01:56,938 INFO  server.RaftServerConfigKeys (ConfUtils.java:logGet(43)) - raft.server.rpc.timeout.min = 150ms (default)
2019-09-26 14:01:56,938 INFO  server.RaftServerConfigKeys (ConfUtils.java:logGet(43)) - raft.server.rpc.timeout.max = 300ms (default)
2019-09-26 14:01:56,938 INFO  server.RaftServerConfigKeys (ConfUtils.java:logGet(43)) - raft.server.rpc.timeout.max = 300ms (default)
2019-09-26 14:01:56,939 INFO  server.RaftServerConfigKeys (ConfUtils.java:logGet(43)) - raft.server.rpcslowness.timeout = 60s (default)
2019-09-26 14:01:56,939 INFO  server.RaftServerConfigKeys (ConfUtils.java:logGet(43)) - raft.server.rpc.timeout.max = 300ms (default)
2019-09-26 14:01:56,939 INFO  server.RaftServerConfigKeys (ConfUtils.java:logGet(43)) - raft.server.rpcslowness.timeout = 60s (default)
2019-09-26 14:01:56,940 INFO  server.RaftServerConfigKeys (ConfUtils.java:logGet(43)) - raft.server.rpcslowness.timeout = 60s (default)
2019-09-26 14:01:56,940 INFO  server.RaftServerConfigKeys (ConfUtils.java:logGet(43)) - raft.server.sleep.deviation.threshold = 300 (default)
2019-09-26 14:01:56,940 INFO  server.RaftServerConfigKeys (ConfUtils.java:logGet(43)) - raft.server.sleep.deviation.threshold = 300 (default)
2019-09-26 14:01:56,940 INFO  server.RaftServerConfigKeys (ConfUtils.java:logGet(43)) - raft.server.sleep.deviation.threshold = 300 (default)
2019-09-26 14:01:56,941 INFO  server.RaftServerConfigKeys (ConfUtils.java:logGet(43)) - raft.server.log.appender.install.snapshot.enabled = true (default)
2019-09-26 14:01:56,941 INFO  server.RaftServerConfigKeys (ConfUtils.java:logGet(43)) - raft.server.log.appender.install.snapshot.enabled = true (default)
2019-09-26 14:01:56,941 INFO  server.RaftServerConfigKeys (ConfUtils.java:logGet(43)) - raft.server.log.appender.install.snapshot.enabled = true (default)
2019-09-26 14:01:56,949 INFO  impl.RaftServerImpl (ServerState.java:<init>(103)) - s0@group-1720A28C8555: ConfigurationManager, init=-1: [s0:0.0.0.0:36116, s1:0.0.0.0:33523, s2:0.0.0.0:40404], old=null, confs=<EMPTY_MAP>
2019-09-26 14:01:56,949 INFO  impl.RaftServerImpl (ServerState.java:<init>(103)) - s2@group-1720A28C8555: ConfigurationManager, init=-1: [s0:0.0.0.0:36116, s1:0.0.0.0:33523, s2:0.0.0.0:40404], old=null, confs=<EMPTY_MAP>
2019-09-26 14:01:56,949 INFO  impl.RaftServerImpl (ServerState.java:<init>(103)) - s1@group-1720A28C8555: ConfigurationManager, init=-1: [s0:0.0.0.0:36116, s1:0.0.0.0:33523, s2:0.0.0.0:40404], old=null, confs=<EMPTY_MAP>
2019-09-26 14:01:56,950 INFO  server.RaftServerConfigKeys (ConfUtils.java:logGet(43)) - raft.server.storage.dir = [/workdir/ratis-examples/target/test/data/92cd4afb/MiniRaftClusterWithGrpc4a8e4c9f/s0] (custom)
2019-09-26 14:01:56,950 INFO  server.RaftServerConfigKeys (ConfUtils.java:logGet(43)) - raft.server.storage.dir = [/workdir/ratis-examples/target/test/data/92cd4afb/MiniRaftClusterWithGrpc4a8e4c9f/s2] (custom)
2019-09-26 14:01:56,950 INFO  server.RaftServerConfigKeys (ConfUtils.java:logGet(43)) - raft.server.storage.dir = [/workdir/ratis-examples/target/test/data/92cd4afb/MiniRaftClusterWithGrpc4a8e4c9f/s1] (custom)
2019-09-26 14:01:56,963 INFO  server.RaftServerConfigKeys (ConfUtils.java:logGet(43)) - raft.server.log.corruption.policy = EXCEPTION (default)
2019-09-26 14:01:56,963 INFO  server.RaftServerConfigKeys (ConfUtils.java:logGet(43)) - raft.server.log.corruption.policy = EXCEPTION (default)
2019-09-26 14:01:56,963 INFO  server.RaftServerConfigKeys (ConfUtils.java:logGet(43)) - raft.server.log.corruption.policy = EXCEPTION (default)
2019-09-26 14:01:56,965 INFO  storage.RaftStorageDirectory (RaftStorageDirectory.java:analyzeStorage(246)) - The storage directory /workdir/ratis-examples/target/test/data/92cd4afb/MiniRaftClusterWithGrpc4a8e4c9f/s0/3e568cf1-66e7-476e-b2f1-1720a28c8555 does not exist. Creating ...
2019-09-26 14:01:56,965 INFO  storage.RaftStorageDirectory (RaftStorageDirectory.java:analyzeStorage(246)) - The storage directory /workdir/ratis-examples/target/test/data/92cd4afb/MiniRaftClusterWithGrpc4a8e4c9f/s1/3e568cf1-66e7-476e-b2f1-1720a28c8555 does not exist. Creating ...
2019-09-26 14:01:56,965 INFO  storage.RaftStorageDirectory (RaftStorageDirectory.java:analyzeStorage(246)) - The storage directory /workdir/ratis-examples/target/test/data/92cd4afb/MiniRaftClusterWithGrpc4a8e4c9f/s2/3e568cf1-66e7-476e-b2f1-1720a28c8555 does not exist. Creating ...
2019-09-26 14:01:56,967 TRACE util.FileUtils (LogUtils.java:runAndLog(61)) - Successfully ran Files.createDirectories /workdir/ratis-examples/target/test/data/92cd4afb/MiniRaftClusterWithGrpc4a8e4c9f/s0/3e568cf1-66e7-476e-b2f1-1720a28c8555
2019-09-26 14:01:56,968 TRACE util.FileUtils (LogUtils.java:runAndLog(61)) - Successfully ran Files.createDirectories /workdir/ratis-examples/target/test/data/92cd4afb/MiniRaftClusterWithGrpc4a8e4c9f/s2/3e568cf1-66e7-476e-b2f1-1720a28c8555
2019-09-26 14:01:56,968 TRACE util.FileUtils (LogUtils.java:runAndLog(61)) - Successfully ran Files.createDirectories /workdir/ratis-examples/target/test/data/92cd4afb/MiniRaftClusterWithGrpc4a8e4c9f/s1/3e568cf1-66e7-476e-b2f1-1720a28c8555
2019-09-26 14:01:57,008 INFO  storage.RaftStorageDirectory (RaftStorageDirectory.java:tryLock(328)) - Lock on /workdir/ratis-examples/target/test/data/92cd4afb/MiniRaftClusterWithGrpc4a8e4c9f/s0/3e568cf1-66e7-476e-b2f1-1720a28c8555/in_use.lock acquired by nodename 31511@ratis-test-vpfcj-1787858657
2019-09-26 14:01:57,008 INFO  storage.RaftStorageDirectory (RaftStorageDirectory.java:tryLock(328)) - Lock on /workdir/ratis-examples/target/test/data/92cd4afb/MiniRaftClusterWithGrpc4a8e4c9f/s2/3e568cf1-66e7-476e-b2f1-1720a28c8555/in_use.lock acquired by nodename 31511@ratis-test-vpfcj-1787858657
2019-09-26 14:01:57,008 INFO  storage.RaftStorageDirectory (RaftStorageDirectory.java:tryLock(328)) - Lock on /workdir/ratis-examples/target/test/data/92cd4afb/MiniRaftClusterWithGrpc4a8e4c9f/s1/3e568cf1-66e7-476e-b2f1-1720a28c8555/in_use.lock acquired by nodename 31511@ratis-test-vpfcj-1787858657
2019-09-26 14:01:57,009 TRACE util.FileUtils (LogUtils.java:runAndLog(61)) - Successfully ran Files.createDirectories /workdir/ratis-examples/target/test/data/92cd4afb/MiniRaftClusterWithGrpc4a8e4c9f/s0/3e568cf1-66e7-476e-b2f1-1720a28c8555/current
2019-09-26 14:01:57,009 TRACE util.FileUtils (LogUtils.java:runAndLog(61)) - Successfully ran Files.createDirectories /workdir/ratis-examples/target/test/data/92cd4afb/MiniRaftClusterWithGrpc4a8e4c9f/s2/3e568cf1-66e7-476e-b2f1-1720a28c8555/current
2019-09-26 14:01:57,009 TRACE util.FileUtils (LogUtils.java:runAndLog(61)) - Successfully ran Files.createDirectories /workdir/ratis-examples/target/test/data/92cd4afb/MiniRaftClusterWithGrpc4a8e4c9f/s0/3e568cf1-66e7-476e-b2f1-1720a28c8555/sm
2019-09-26 14:01:57,010 TRACE util.FileUtils (LogUtils.java:runAndLog(61)) - Successfully ran Files.createDirectories /workdir/ratis-examples/target/test/data/92cd4afb/MiniRaftClusterWithGrpc4a8e4c9f/s2/3e568cf1-66e7-476e-b2f1-1720a28c8555/sm
2019-09-26 14:01:57,009 TRACE util.FileUtils (LogUtils.java:runAndLog(61)) - Successfully ran Files.createDirectories /workdir/ratis-examples/target/test/data/92cd4afb/MiniRaftClusterWithGrpc4a8e4c9f/s1/3e568cf1-66e7-476e-b2f1-1720a28c8555/current
2019-09-26 14:01:57,011 TRACE util.FileUtils (LogUtils.java:runAndLog(61)) - Successfully ran Files.createDirectories /workdir/ratis-examples/target/test/data/92cd4afb/MiniRaftClusterWithGrpc4a8e4c9f/s1/3e568cf1-66e7-476e-b2f1-1720a28c8555/sm
2019-09-26 14:01:57,033 INFO  storage.RaftStorage (RaftStorage.java:format(84)) - Storage directory /workdir/ratis-examples/target/test/data/92cd4afb/MiniRaftClusterWithGrpc4a8e4c9f/s0/3e568cf1-66e7-476e-b2f1-1720a28c8555 has been successfully formatted.
2019-09-26 14:01:57,033 INFO  storage.RaftStorage (RaftStorage.java:format(84)) - Storage directory /workdir/ratis-examples/target/test/data/92cd4afb/MiniRaftClusterWithGrpc4a8e4c9f/s1/3e568cf1-66e7-476e-b2f1-1720a28c8555 has been successfully formatted.
2019-09-26 14:01:57,033 INFO  storage.RaftStorage (RaftStorage.java:format(84)) - Storage directory /workdir/ratis-examples/target/test/data/92cd4afb/MiniRaftClusterWithGrpc4a8e4c9f/s2/3e568cf1-66e7-476e-b2f1-1720a28c8555 has been successfully formatted.
2019-09-26 14:01:57,038 TRACE util.FileUtils (LogUtils.java:runAndLog(61)) - Successfully ran Files.createDirectories /workdir/ratis-examples/target/test/data/92cd4afb/TestFileStoreWithGrpc/filestore/s0
2019-09-26 14:01:57,038 TRACE util.FileUtils (LogUtils.java:runAndLog(61)) - Successfully ran Files.createDirectories /workdir/ratis-examples/target/test/data/92cd4afb/TestFileStoreWithGrpc/filestore/s1
2019-09-26 14:01:57,038 TRACE util.FileUtils (LogUtils.java:runAndLog(61)) - Successfully ran Files.createDirectories /workdir/ratis-examples/target/test/data/92cd4afb/TestFileStoreWithGrpc/filestore/s2
2019-09-26 14:01:57,039 INFO  server.RaftServerConfigKeys (ConfUtils.java:logGet(43)) - raft.server.notification.no-leader.timeout = 60s (default)
2019-09-26 14:01:57,039 INFO  server.RaftServerConfigKeys (ConfUtils.java:logGet(43)) - raft.server.notification.no-leader.timeout = 60s (default)
2019-09-26 14:01:57,039 INFO  server.RaftServerConfigKeys (ConfUtils.java:logGet(43)) - raft.server.notification.no-leader.timeout = 60s (default)
2019-09-26 14:01:57,043 INFO  server.RaftServerConfigKeys (ConfUtils.java:logGet(43)) - raft.server.log.use.memory = false (default)
2019-09-26 14:01:57,043 INFO  server.RaftServerConfigKeys (ConfUtils.java:logGet(43)) - raft.server.log.use.memory = false (default)
2019-09-26 14:01:57,044 INFO  server.RaftServerConfigKeys (ConfUtils.java:logGet(43)) - raft.server.log.use.memory = false (default)
2019-09-26 14:01:57,051 INFO  server.RaftServerConfigKeys (ConfUtils.java:logGet(43)) - raft.server.log.purge.gap = 1024 (default)
2019-09-26 14:01:57,051 INFO  server.RaftServerConfigKeys (ConfUtils.java:logGet(43)) - raft.server.log.purge.gap = 1024 (default)
2019-09-26 14:01:57,051 INFO  server.RaftServerConfigKeys (ConfUtils.java:logGet(43)) - raft.server.log.appender.buffer.byte-limit = 4MB (=4194304) (default)
2019-09-26 14:01:57,051 INFO  server.RaftServerConfigKeys (ConfUtils.java:logGet(43)) - raft.server.log.purge.gap = 1024 (default)
2019-09-26 14:01:57,051 INFO  server.RaftServerConfigKeys (ConfUtils.java:logGet(43)) - raft.server.log.appender.buffer.byte-limit = 4MB (=4194304) (default)
2019-09-26 14:01:57,052 INFO  server.RaftServerConfigKeys (ConfUtils.java:logGet(43)) - raft.server.log.appender.buffer.byte-limit = 4MB (=4194304) (default)
2019-09-26 14:01:57,053 INFO  server.RaftServerConfigKeys (ConfUtils.java:logGet(43)) - raft.server.log.segment.size.max = 8MB (=8388608) (default)
2019-09-26 14:01:57,054 INFO  server.RaftServerConfigKeys (ConfUtils.java:logGet(43)) - raft.server.log.segment.size.max = 8MB (=8388608) (default)
2019-09-26 14:01:57,054 INFO  server.RaftServerConfigKeys (ConfUtils.java:logGet(43)) - raft.server.log.segment.size.max = 8MB (=8388608) (default)
2019-09-26 14:01:57,057 INFO  server.RaftServerConfigKeys (ConfUtils.java:logGet(43)) - raft.server.log.segment.cache.num.max = 6 (default)
2019-09-26 14:01:57,058 INFO  server.RaftServerConfigKeys (ConfUtils.java:logGet(43)) - raft.server.log.segment.cache.num.max = 6 (default)
2019-09-26 14:01:57,058 INFO  server.RaftServerConfigKeys (ConfUtils.java:logGet(43)) - raft.server.log.segment.cache.num.max = 6 (default)
2019-09-26 14:01:57,063 INFO  segmented.SegmentedRaftLogWorker (SegmentedRaftLogWorker.java:<init>(172)) - new s0@group-1720A28C8555-SegmentedRaftLogWorker for RaftStorage:Storage Directory /workdir/ratis-examples/target/test/data/92cd4afb/MiniRaftClusterWithGrpc4a8e4c9f/s0/3e568cf1-66e7-476e-b2f1-1720a28c8555
2019-09-26 14:01:57,063 INFO  segmented.SegmentedRaftLogWorker (SegmentedRaftLogWorker.java:<init>(172)) - new s2@group-1720A28C8555-SegmentedRaftLogWorker for RaftStorage:Storage Directory /workdir/ratis-examples/target/test/data/92cd4afb/MiniRaftClusterWithGrpc4a8e4c9f/s2/3e568cf1-66e7-476e-b2f1-1720a28c8555
2019-09-26 14:01:57,063 INFO  segmented.SegmentedRaftLogWorker (SegmentedRaftLogWorker.java:<init>(172)) - new s1@group-1720A28C8555-SegmentedRaftLogWorker for RaftStorage:Storage Directory /workdir/ratis-examples/target/test/data/92cd4afb/MiniRaftClusterWithGrpc4a8e4c9f/s1/3e568cf1-66e7-476e-b2f1-1720a28c8555
2019-09-26 14:01:57,253 INFO  beanutils.FluentPropertyBeanIntrospector (FluentPropertyBeanIntrospector.java:introspect(147)) - Error when creating PropertyDescriptor for public final void org.apache.commons.configuration2.AbstractConfiguration.setProperty(java.lang.String,java.lang.Object)! Ignoring this property.
2019-09-26 14:01:57,275 WARN  impl.MetricsConfig (MetricsConfig.java:loadFirst(134)) - Cannot locate configuration: tried hadoop-metrics2-ratis.properties,hadoop-metrics2.properties
2019-09-26 14:01:57,371 INFO  impl.MetricsSystemImpl (MetricsSystemImpl.java:startTimer(374)) - Scheduled Metric snapshot period at 10 second(s).
2019-09-26 14:01:57,371 INFO  impl.MetricsSystemImpl (MetricsSystemImpl.java:start(191)) - ratis metrics system started
2019-09-26 14:01:57,378 INFO  metrics.MetricRegistries (MetricRegistriesLoader.java:load(64)) - Loaded MetricRegistries class org.apache.ratis.metrics.impl.MetricRegistriesImpl
2019-09-26 14:01:57,416 INFO  server.RaftServerConfigKeys (ConfUtils.java:logGet(43)) - raft.server.log.queue.byte-limit = 64MB (=67108864) (default)
2019-09-26 14:01:57,416 INFO  server.RaftServerConfigKeys (ConfUtils.java:logGet(43)) - raft.server.log.queue.byte-limit = 64MB (=67108864) (default)
2019-09-26 14:01:57,416 INFO  server.RaftServerConfigKeys (ConfUtils.java:logGet(43)) - raft.server.log.queue.byte-limit = 64MB (=67108864) (default)
2019-09-26 14:01:57,417 INFO  server.RaftServerConfigKeys (ConfUtils.java:logGet(43)) - raft.server.log.queue.element-limit = 4096 (default)
2019-09-26 14:01:57,417 INFO  server.RaftServerConfigKeys (ConfUtils.java:logGet(43)) - raft.server.log.queue.element-limit = 4096 (default)
2019-09-26 14:01:57,417 INFO  server.RaftServerConfigKeys (ConfUtils.java:logGet(43)) - raft.server.log.queue.element-limit = 4096 (default)
2019-09-26 14:01:57,420 INFO  server.RaftServerConfigKeys (ConfUtils.java:logGet(43)) - raft.server.log.segment.size.max = 8MB (=8388608) (default)
2019-09-26 14:01:57,420 INFO  server.RaftServerConfigKeys (ConfUtils.java:logGet(43)) - raft.server.log.segment.size.max = 8MB (=8388608) (default)
2019-09-26 14:01:57,420 INFO  server.RaftServerConfigKeys (ConfUtils.java:logGet(43)) - raft.server.log.segment.size.max = 8MB (=8388608) (default)
2019-09-26 14:01:57,421 INFO  server.RaftServerConfigKeys (ConfUtils.java:logGet(43)) - raft.server.log.preallocated.size = 4MB (=4194304) (default)
2019-09-26 14:01:57,421 INFO  server.RaftServerConfigKeys (ConfUtils.java:logGet(43)) - raft.server.log.preallocated.size = 4MB (=4194304) (default)
2019-09-26 14:01:57,421 INFO  server.RaftServerConfigKeys (ConfUtils.java:logGet(43)) - raft.server.log.preallocated.size = 4MB (=4194304) (default)
2019-09-26 14:01:57,421 INFO  server.RaftServerConfigKeys (ConfUtils.java:logGet(43)) - raft.server.log.write.buffer.size = 64KB (=65536) (default)
2019-09-26 14:01:57,421 INFO  server.RaftServerConfigKeys (ConfUtils.java:logGet(43)) - raft.server.log.write.buffer.size = 64KB (=65536) (default)
2019-09-26 14:01:57,422 INFO  server.RaftServerConfigKeys (ConfUtils.java:logGet(43)) - raft.server.log.write.buffer.size = 64KB (=65536) (default)
2019-09-26 14:01:57,422 INFO  server.RaftServerConfigKeys (ConfUtils.java:logGet(43)) - raft.server.log.force.sync.num = 128 (default)
2019-09-26 14:01:57,422 INFO  server.RaftServerConfigKeys (ConfUtils.java:logGet(43)) - raft.server.log.force.sync.num = 128 (default)
2019-09-26 14:01:57,422 INFO  server.RaftServerConfigKeys (ConfUtils.java:logGet(43)) - raft.server.log.force.sync.num = 128 (default)
2019-09-26 14:01:57,424 INFO  server.RaftServerConfigKeys (ConfUtils.java:logGet(43)) - raft.server.log.statemachine.data.sync = true (default)
2019-09-26 14:01:57,424 INFO  server.RaftServerConfigKeys (ConfUtils.java:logGet(43)) - raft.server.log.statemachine.data.sync = true (default)
2019-09-26 14:01:57,424 INFO  server.RaftServerConfigKeys (ConfUtils.java:logGet(43)) - raft.server.log.statemachine.data.sync = true (default)
2019-09-26 14:01:57,424 INFO  server.RaftServerConfigKeys (ConfUtils.java:logGet(43)) - raft.server.log.statemachine.data.sync.timeout = 10s (default)
2019-09-26 14:01:57,424 INFO  server.RaftServerConfigKeys (ConfUtils.java:logGet(43)) - raft.server.log.statemachine.data.sync.timeout = 10s (default)
2019-09-26 14:01:57,424 INFO  server.RaftServerConfigKeys (ConfUtils.java:logGet(43)) - raft.server.log.statemachine.data.sync.timeout = 10s (default)
2019-09-26 14:01:57,425 INFO  server.RaftServerConfigKeys (ConfUtils.java:logGet(43)) - raft.server.log.statemachine.data.sync.timeout.retry = -1 (default)
2019-09-26 14:01:57,425 INFO  server.RaftServerConfigKeys (ConfUtils.java:logGet(43)) - raft.server.log.statemachine.data.sync.timeout.retry = -1 (default)
2019-09-26 14:01:57,425 INFO  server.RaftServerConfigKeys (ConfUtils.java:logGet(43)) - raft.server.log.statemachine.data.sync.timeout.retry = -1 (default)
2019-09-26 14:01:57,434 INFO  server.RaftServerConfigKeys (ConfUtils.java:logGet(43)) - raft.server.log.statemachine.data.caching.enabled = false (default)
2019-09-26 14:01:57,434 INFO  server.RaftServerConfigKeys (ConfUtils.java:logGet(43)) - raft.server.log.statemachine.data.caching.enabled = false (default)
2019-09-26 14:01:57,434 INFO  server.RaftServerConfigKeys (ConfUtils.java:logGet(43)) - raft.server.log.statemachine.data.caching.enabled = false (default)
2019-09-26 14:01:57,440 INFO  segmented.SegmentedRaftLogWorker (SegmentedRaftLogWorker.java:lambda$new$0(132)) - s2@group-1720A28C8555-SegmentedRaftLogWorker: flushIndex: setUnconditionally 0 -> -1
2019-09-26 14:01:57,440 INFO  segmented.SegmentedRaftLogWorker (SegmentedRaftLogWorker.java:lambda$new$0(132)) - s1@group-1720A28C8555-SegmentedRaftLogWorker: flushIndex: setUnconditionally 0 -> -1
2019-09-26 14:01:57,440 INFO  segmented.SegmentedRaftLogWorker (SegmentedRaftLogWorker.java:lambda$new$0(132)) - s0@group-1720A28C8555-SegmentedRaftLogWorker: flushIndex: setUnconditionally 0 -> -1
2019-09-26 14:01:57,446 INFO  server.RaftServerConfigKeys (ConfUtils.java:logGet(43)) - raft.server.snapshot.auto.trigger.enabled = false (default)
2019-09-26 14:01:57,446 INFO  server.RaftServerConfigKeys (ConfUtils.java:logGet(43)) - raft.server.snapshot.auto.trigger.enabled = false (default)
2019-09-26 14:01:57,446 INFO  server.RaftServerConfigKeys (ConfUtils.java:logGet(43)) - raft.server.snapshot.auto.trigger.enabled = false (default)
2019-09-26 14:01:57,446 INFO  server.RaftServerConfigKeys (ConfUtils.java:logGet(43)) - raft.server.snapshot.retention.file.num = -1 (default)
2019-09-26 14:01:57,446 INFO  server.RaftServerConfigKeys (ConfUtils.java:logGet(43)) - raft.server.snapshot.retention.file.num = -1 (default)
2019-09-26 14:01:57,447 INFO  server.RaftServerConfigKeys (ConfUtils.java:logGet(43)) - raft.server.snapshot.retention.file.num = -1 (default)
2019-09-26 14:01:57,447 INFO  server.RaftServerConfigKeys (ConfUtils.java:logGet(43)) - raft.server.retrycache.expirytime = 60s (default)
2019-09-26 14:01:57,447 INFO  server.RaftServerConfigKeys (ConfUtils.java:logGet(43)) - raft.server.retrycache.expirytime = 60s (default)
2019-09-26 14:01:57,447 INFO  server.RaftServerConfigKeys (ConfUtils.java:logGet(43)) - raft.server.retrycache.expirytime = 60s (default)
2019-09-26 14:01:57,476 INFO  impl.RaftServerImpl (RaftServerImpl.java:start(181)) - s0@group-1720A28C8555: start as a follower, conf=-1: [s0:0.0.0.0:36116, s1:0.0.0.0:33523, s2:0.0.0.0:40404], old=null
2019-09-26 14:01:57,478 INFO  impl.RaftServerImpl (RaftServerImpl.java:setRole(170)) - s0@group-1720A28C8555: changes role from      null to FOLLOWER at term 0 for startAsFollower
2019-09-26 14:01:57,480 INFO  impl.RoleInfo (RoleInfo.java:updateAndGet(143)) - s0: start FollowerState
2019-09-26 14:01:57,483 INFO  util.JmxRegister (JmxRegister.java:tryRegister(44)) - Successfully registered JMX Bean with object name Ratis:service=RaftServer,group=group-1720A28C8555,id=s0
2019-09-26 14:01:57,494 INFO  impl.RaftServerProxy (RaftServerProxy.java:lambda$start$3(299)) - s0: start RPC server
2019-09-26 14:01:57,687 INFO  impl.FollowerState (FollowerState.java:run(108)) - s0@group-1720A28C8555-FollowerState: change to CANDIDATE, lastRpcTime:207ms, electionTimeout:192ms
2019-09-26 14:01:57,689 INFO  impl.RoleInfo (RoleInfo.java:shutdownFollowerState(121)) - s0: shutdown FollowerState
2019-09-26 14:01:57,690 INFO  impl.RaftServerImpl (RaftServerImpl.java:setRole(170)) - s0@group-1720A28C8555: changes role from  FOLLOWER to CANDIDATE at term 0 for changeToCandidate
2019-09-26 14:01:57,693 INFO  impl.RoleInfo (RoleInfo.java:updateAndGet(143)) - s0: start LeaderElection
2019-09-26 14:01:57,707 INFO  impl.LeaderElection (LeaderElection.java:askForVotes(178)) - s0@group-1720A28C8555-LeaderElection1: begin an election at term 1 for -1: [s0:0.0.0.0:36116, s1:0.0.0.0:33523, s2:0.0.0.0:40404], old=null
2019-09-26 14:01:57,775 INFO  server.GrpcService (GrpcService.java:startImpl(158)) - s0: GrpcService started, listening on 0.0.0.0/0.0.0.0:36116
2019-09-26 14:01:57,775 INFO  impl.RaftServerImpl (RaftServerImpl.java:start(181)) - s1@group-1720A28C8555: start as a follower, conf=-1: [s0:0.0.0.0:36116, s1:0.0.0.0:33523, s2:0.0.0.0:40404], old=null
2019-09-26 14:01:57,776 INFO  impl.RaftServerImpl (RaftServerImpl.java:setRole(170)) - s1@group-1720A28C8555: changes role from      null to FOLLOWER at term 0 for startAsFollower
2019-09-26 14:01:57,776 INFO  impl.RoleInfo (RoleInfo.java:updateAndGet(143)) - s1: start FollowerState
2019-09-26 14:01:57,777 INFO  util.JmxRegister (JmxRegister.java:tryRegister(44)) - Successfully registered JMX Bean with object name Ratis:service=RaftServer,group=group-1720A28C8555,id=s1
2019-09-26 14:01:57,783 INFO  impl.RaftServerProxy (RaftServerProxy.java:lambda$start$3(299)) - s1: start RPC server
2019-09-26 14:01:57,784 INFO  server.GrpcService (GrpcService.java:startImpl(158)) - s1: GrpcService started, listening on 0.0.0.0/0.0.0.0:33523
2019-09-26 14:01:57,785 INFO  impl.RaftServerImpl (RaftServerImpl.java:start(181)) - s2@group-1720A28C8555: start as a follower, conf=-1: [s0:0.0.0.0:36116, s1:0.0.0.0:33523, s2:0.0.0.0:40404], old=null
2019-09-26 14:01:57,785 INFO  impl.RaftServerImpl (RaftServerImpl.java:setRole(170)) - s2@group-1720A28C8555: changes role from      null to FOLLOWER at term 0 for startAsFollower
2019-09-26 14:01:57,785 INFO  impl.RoleInfo (RoleInfo.java:updateAndGet(143)) - s2: start FollowerState
2019-09-26 14:01:57,786 INFO  util.JmxRegister (JmxRegister.java:tryRegister(44)) - Successfully registered JMX Bean with object name Ratis:service=RaftServer,group=group-1720A28C8555,id=s2
2019-09-26 14:01:57,790 INFO  impl.RaftServerProxy (RaftServerProxy.java:lambda$start$3(299)) - s2: start RPC server
2019-09-26 14:01:57,791 INFO  server.GrpcService (GrpcService.java:startImpl(158)) - s2: GrpcService started, listening on 0.0.0.0/0.0.0.0:40404
2019-09-26 14:01:57,795 INFO  server.RaftServerConfigKeys (ConfUtils.java:logGet(43)) - raft.server.rpc.timeout.max = 300ms (default)
2019-09-26 14:01:57,798 INFO  ratis.RaftTestUtil (RaftTestUtil.java:waitForLeader(86)) - printing ALL groups
  s0:  RUNNING CANDIDATE s0@group-1720A28C8555:t1, leader=null, voted=s0, raftlog=s0@group-1720A28C8555-SegmentedRaftLog:OPENED:c-1,f-1,i0, conf=-1: [s0:0.0.0.0:36116, s1:0.0.0.0:33523, s2:0.0.0.0:40404], old=null RUNNING
  s1:  RUNNING  FOLLOWER s1@group-1720A28C8555:t0, leader=null, voted=null, raftlog=s1@group-1720A28C8555-SegmentedRaftLog:OPENED:c-1,f-1,i0, conf=-1: [s0:0.0.0.0:36116, s1:0.0.0.0:33523, s2:0.0.0.0:40404], old=null RUNNING
  s2:  RUNNING  FOLLOWER s2@group-1720A28C8555:t0, leader=null, voted=null, raftlog=s2@group-1720A28C8555-SegmentedRaftLog:OPENED:c-1,f-1,i0, conf=-1: [s0:0.0.0.0:36116, s1:0.0.0.0:33523, s2:0.0.0.0:40404], old=null RUNNING
2019-09-26 14:01:57,803 WARN  ratis.RaftTestUtil (JavaUtils.java:attempt(158)) - FAILED "waitForLeader-null-(expectLeader? true)", attempt #1/100: java.lang.IllegalStateException: No leader yet : printing ALL groups
  s0:  RUNNING CANDIDATE s0@group-1720A28C8555:t1, leader=null, voted=s0, raftlog=s0@group-1720A28C8555-SegmentedRaftLog:OPENED:c-1,f-1,i0, conf=-1: [s0:0.0.0.0:36116, s1:0.0.0.0:33523, s2:0.0.0.0:40404], old=null RUNNING
  s1:  RUNNING  FOLLOWER s1@group-1720A28C8555:t0, leader=null, voted=null, raftlog=s1@group-1720A28C8555-SegmentedRaftLog:OPENED:c-1,f-1,i0, conf=-1: [s0:0.0.0.0:36116, s1:0.0.0.0:33523, s2:0.0.0.0:40404], old=null RUNNING
  s2:  RUNNING  FOLLOWER s2@group-1720A28C8555:t0, leader=null, voted=null, raftlog=s2@group-1720A28C8555-SegmentedRaftLog:OPENED:c-1,f-1,i0, conf=-1: [s0:0.0.0.0:36116, s1:0.0.0.0:33523, s2:0.0.0.0:40404], old=null RUNNING, sleep 450ms and then retry.
java.lang.IllegalStateException: No leader yet : printing ALL groups
  s0:  RUNNING CANDIDATE s0@group-1720A28C8555:t1, leader=null, voted=s0, raftlog=s0@group-1720A28C8555-SegmentedRaftLog:OPENED:c-1,f-1,i0, conf=-1: [s0:0.0.0.0:36116, s1:0.0.0.0:33523, s2:0.0.0.0:40404], old=null RUNNING
  s1:  RUNNING  FOLLOWER s1@group-1720A28C8555:t0, leader=null, voted=null, raftlog=s1@group-1720A28C8555-SegmentedRaftLog:OPENED:c-1,f-1,i0, conf=-1: [s0:0.0.0.0:36116, s1:0.0.0.0:33523, s2:0.0.0.0:40404], old=null RUNNING
  s2:  RUNNING  FOLLOWER s2@group-1720A28C8555:t0, leader=null, voted=null, raftlog=s2@group-1720A28C8555-SegmentedRaftLog:OPENED:c-1,f-1,i0, conf=-1: [s0:0.0.0.0:36116, s1:0.0.0.0:33523, s2:0.0.0.0:40404], old=null RUNNING
	at org.apache.ratis.MiniRaftCluster.newIllegalStateExceptionForNoLeaders(MiniRaftCluster.java:506)
	at org.apache.ratis.RaftTestUtil.lambda$waitForLeader$1(RaftTestUtil.java:90)
	at org.apache.ratis.MiniRaftCluster.getLeader(MiniRaftCluster.java:539)
	at org.apache.ratis.MiniRaftCluster.getLeader(MiniRaftCluster.java:532)
	at org.apache.ratis.RaftTestUtil.lambda$waitForLeader$3(RaftTestUtil.java:98)
	at org.apache.ratis.util.JavaUtils.attempt(JavaUtils.java:152)
	at org.apache.ratis.RaftTestUtil.waitForLeader(RaftTestUtil.java:97)
	at org.apache.ratis.RaftTestUtil.waitForLeader(RaftTestUtil.java:77)
	at org.apache.ratis.RaftTestUtil.waitForLeader(RaftTestUtil.java:72)
	at org.apache.ratis.examples.filestore.FileStoreBaseTest.testFileStore(FileStoreBaseTest.java:73)
	at sun.reflect.NativeMethodAccessorImpl.invoke0(Native Method)
	at sun.reflect.NativeMethodAccessorImpl.invoke(NativeMethodAccessorImpl.java:62)
	at sun.reflect.DelegatingMethodAccessorImpl.invoke(DelegatingMethodAccessorImpl.java:43)
	at java.lang.reflect.Method.invoke(Method.java:498)
	at org.junit.runners.model.FrameworkMethod$1.runReflectiveCall(FrameworkMethod.java:50)
	at org.junit.internal.runners.model.ReflectiveCallable.run(ReflectiveCallable.java:12)
	at org.junit.runners.model.FrameworkMethod.invokeExplosively(FrameworkMethod.java:47)
	at org.junit.internal.runners.statements.InvokeMethod.evaluate(InvokeMethod.java:17)
	at org.junit.internal.runners.statements.RunAfters.evaluate(RunAfters.java:27)
	at org.junit.internal.runners.statements.FailOnTimeout$CallableStatement.call(FailOnTimeout.java:298)
	at org.junit.internal.runners.statements.FailOnTimeout$CallableStatement.call(FailOnTimeout.java:292)
	at java.util.concurrent.FutureTask.run(FutureTask.java:266)
	at java.lang.Thread.run(Thread.java:748)
2019-09-26 14:01:57,926 INFO  impl.LeaderElection (LeaderElection.java:logAndReturn(56)) - s0@group-1720A28C8555-LeaderElection1: Election TIMEOUT; received 0 response(s) [] and 0 exception(s); s0@group-1720A28C8555:t1, leader=null, voted=s0, raftlog=s0@group-1720A28C8555-SegmentedRaftLog:OPENED:c-1,f-1,i0, conf=-1: [s0:0.0.0.0:36116, s1:0.0.0.0:33523, s2:0.0.0.0:40404], old=null
2019-09-26 14:01:57,942 INFO  impl.FollowerState (FollowerState.java:run(108)) - s1@group-1720A28C8555-FollowerState: change to CANDIDATE, lastRpcTime:165ms, electionTimeout:165ms
2019-09-26 14:01:57,942 INFO  impl.RoleInfo (RoleInfo.java:shutdownFollowerState(121)) - s1: shutdown FollowerState
2019-09-26 14:01:57,942 INFO  impl.LeaderElection (LeaderElection.java:askForVotes(178)) - s0@group-1720A28C8555-LeaderElection1: begin an election at term 2 for -1: [s0:0.0.0.0:36116, s1:0.0.0.0:33523, s2:0.0.0.0:40404], old=null
2019-09-26 14:01:57,942 INFO  impl.RaftServerImpl (RaftServerImpl.java:setRole(170)) - s1@group-1720A28C8555: changes role from  FOLLOWER to CANDIDATE at term 0 for changeToCandidate
2019-09-26 14:01:57,943 INFO  impl.RoleInfo (RoleInfo.java:updateAndGet(143)) - s1: start LeaderElection
2019-09-26 14:01:57,957 INFO  impl.LeaderElection (LeaderElection.java:askForVotes(178)) - s1@group-1720A28C8555-LeaderElection2: begin an election at term 1 for -1: [s0:0.0.0.0:36116, s1:0.0.0.0:33523, s2:0.0.0.0:40404], old=null
2019-09-26 14:01:58,083 INFO  impl.FollowerState (FollowerState.java:run(108)) - s2@group-1720A28C8555-FollowerState: change to CANDIDATE, lastRpcTime:297ms, electionTimeout:297ms
2019-09-26 14:01:58,083 INFO  impl.RoleInfo (RoleInfo.java:shutdownFollowerState(121)) - s2: shutdown FollowerState
2019-09-26 14:01:58,084 INFO  impl.RaftServerImpl (RaftServerImpl.java:setRole(170)) - s2@group-1720A28C8555: changes role from  FOLLOWER to CANDIDATE at term 0 for changeToCandidate
2019-09-26 14:01:58,084 INFO  impl.RoleInfo (RoleInfo.java:updateAndGet(143)) - s2: start LeaderElection
2019-09-26 14:01:58,104 INFO  impl.LeaderElection (LeaderElection.java:askForVotes(178)) - s2@group-1720A28C8555-LeaderElection3: begin an election at term 1 for -1: [s0:0.0.0.0:36116, s1:0.0.0.0:33523, s2:0.0.0.0:40404], old=null
2019-09-26 14:01:58,136 INFO  impl.RaftServerImpl (RaftServerImpl.java:setRole(170)) - s2@group-1720A28C8555: changes role from CANDIDATE to FOLLOWER at term 2 for recognizeCandidate:s0
2019-09-26 14:01:58,136 INFO  impl.RaftServerImpl (RaftServerImpl.java:setRole(170)) - s1@group-1720A28C8555: changes role from CANDIDATE to FOLLOWER at term 2 for recognizeCandidate:s0
2019-09-26 14:01:58,136 INFO  impl.RoleInfo (RoleInfo.java:shutdownLeaderElection(134)) - s2: shutdown LeaderElection
2019-09-26 14:01:58,136 INFO  impl.RoleInfo (RoleInfo.java:shutdownLeaderElection(134)) - s1: shutdown LeaderElection
2019-09-26 14:01:58,137 INFO  impl.RoleInfo (RoleInfo.java:updateAndGet(143)) - s2: start FollowerState
2019-09-26 14:01:58,137 INFO  impl.RoleInfo (RoleInfo.java:updateAndGet(143)) - s1: start FollowerState
2019-09-26 14:01:58,153 INFO  impl.LeaderElection (LeaderElection.java:logAndReturn(56)) - s1@group-1720A28C8555-LeaderElection2: Election REJECTED; received 1 response(s) [s1<-s2#0:FAIL-t1] and 0 exception(s); s1@group-1720A28C8555:t2, leader=null, voted=null, raftlog=s1@group-1720A28C8555-SegmentedRaftLog:OPENED:c-1,f-1,i0, conf=-1: [s0:0.0.0.0:36116, s1:0.0.0.0:33523, s2:0.0.0.0:40404], old=null
2019-09-26 14:01:58,153 INFO  impl.LeaderElection (LeaderElection.java:logAndReturn(56)) - s2@group-1720A28C8555-LeaderElection3: Election DISCOVERED_A_NEW_TERM; received 1 response(s) [s2<-s0#0:FAIL-t2] and 0 exception(s); s2@group-1720A28C8555:t2, leader=null, voted=null, raftlog=s2@group-1720A28C8555-SegmentedRaftLog:OPENED:c-1,f-1,i0, conf=-1: [s0:0.0.0.0:36116, s1:0.0.0.0:33523, s2:0.0.0.0:40404], old=null
2019-09-26 14:01:58,156 INFO  impl.LeaderElection (LeaderElection.java:logAndReturn(56)) - s0@group-1720A28C8555-LeaderElection1: Election REJECTED; received 2 response(s) [s0<-s1#0:FAIL-t2, s0<-s2#0:FAIL-t2] and 0 exception(s); s0@group-1720A28C8555:t2, leader=null, voted=s0, raftlog=s0@group-1720A28C8555-SegmentedRaftLog:OPENED:c-1,f-1,i0, conf=-1: [s0:0.0.0.0:36116, s1:0.0.0.0:33523, s2:0.0.0.0:40404], old=null
2019-09-26 14:01:58,156 INFO  impl.RaftServerImpl (RaftServerImpl.java:setRole(170)) - s0@group-1720A28C8555: changes role from CANDIDATE to FOLLOWER at term 2 for DISCOVERED_A_NEW_TERM
2019-09-26 14:01:58,156 INFO  impl.RoleInfo (RoleInfo.java:shutdownLeaderElection(134)) - s0: shutdown LeaderElection
2019-09-26 14:01:58,156 INFO  impl.RoleInfo (RoleInfo.java:updateAndGet(143)) - s0: start FollowerState
2019-09-26 14:01:58,258 WARN  ratis.RaftTestUtil (JavaUtils.java:attempt(158)) - FAILED "waitForLeader-null-(expectLeader? true)", attempt #2/100: java.lang.IllegalStateException: No leader yet : printing ALL groups
  s0:  RUNNING  FOLLOWER s0@group-1720A28C8555:t2, leader=null, voted=s0, raftlog=s0@group-1720A28C8555-SegmentedRaftLog:OPENED:c-1,f-1,i0, conf=-1: [s0:0.0.0.0:36116, s1:0.0.0.0:33523, s2:0.0.0.0:40404], old=null RUNNING
  s1:  RUNNING  FOLLOWER s1@group-1720A28C8555:t2, leader=null, voted=null, raftlog=s1@group-1720A28C8555-SegmentedRaftLog:OPENED:c-1,f-1,i0, conf=-1: [s0:0.0.0.0:36116, s1:0.0.0.0:33523, s2:0.0.0.0:40404], old=null RUNNING
  s2:  RUNNING  FOLLOWER s2@group-1720A28C8555:t2, leader=null, voted=null, raftlog=s2@group-1720A28C8555-SegmentedRaftLog:OPENED:c-1,f-1,i0, conf=-1: [s0:0.0.0.0:36116, s1:0.0.0.0:33523, s2:0.0.0.0:40404], old=null RUNNING, sleep 450ms and then retry.
java.lang.IllegalStateException: No leader yet : printing ALL groups
  s0:  RUNNING  FOLLOWER s0@group-1720A28C8555:t2, leader=null, voted=s0, raftlog=s0@group-1720A28C8555-SegmentedRaftLog:OPENED:c-1,f-1,i0, conf=-1: [s0:0.0.0.0:36116, s1:0.0.0.0:33523, s2:0.0.0.0:40404], old=null RUNNING
  s1:  RUNNING  FOLLOWER s1@group-1720A28C8555:t2, leader=null, voted=null, raftlog=s1@group-1720A28C8555-SegmentedRaftLog:OPENED:c-1,f-1,i0, conf=-1: [s0:0.0.0.0:36116, s1:0.0.0.0:33523, s2:0.0.0.0:40404], old=null RUNNING
  s2:  RUNNING  FOLLOWER s2@group-1720A28C8555:t2, leader=null, voted=null, raftlog=s2@group-1720A28C8555-SegmentedRaftLog:OPENED:c-1,f-1,i0, conf=-1: [s0:0.0.0.0:36116, s1:0.0.0.0:33523, s2:0.0.0.0:40404], old=null RUNNING
	at org.apache.ratis.MiniRaftCluster.newIllegalStateExceptionForNoLeaders(MiniRaftCluster.java:506)
	at org.apache.ratis.RaftTestUtil.lambda$waitForLeader$1(RaftTestUtil.java:90)
	at org.apache.ratis.MiniRaftCluster.getLeader(MiniRaftCluster.java:539)
	at org.apache.ratis.MiniRaftCluster.getLeader(MiniRaftCluster.java:532)
	at org.apache.ratis.RaftTestUtil.lambda$waitForLeader$3(RaftTestUtil.java:98)
	at org.apache.ratis.util.JavaUtils.attempt(JavaUtils.java:152)
	at org.apache.ratis.RaftTestUtil.waitForLeader(RaftTestUtil.java:97)
	at org.apache.ratis.RaftTestUtil.waitForLeader(RaftTestUtil.java:77)
	at org.apache.ratis.RaftTestUtil.waitForLeader(RaftTestUtil.java:72)
	at org.apache.ratis.examples.filestore.FileStoreBaseTest.testFileStore(FileStoreBaseTest.java:73)
	at sun.reflect.NativeMethodAccessorImpl.invoke0(Native Method)
	at sun.reflect.NativeMethodAccessorImpl.invoke(NativeMethodAccessorImpl.java:62)
	at sun.reflect.DelegatingMethodAccessorImpl.invoke(DelegatingMethodAccessorImpl.java:43)
	at java.lang.reflect.Method.invoke(Method.java:498)
	at org.junit.runners.model.FrameworkMethod$1.runReflectiveCall(FrameworkMethod.java:50)
	at org.junit.internal.runners.model.ReflectiveCallable.run(ReflectiveCallable.java:12)
	at org.junit.runners.model.FrameworkMethod.invokeExplosively(FrameworkMethod.java:47)
	at org.junit.internal.runners.statements.InvokeMethod.evaluate(InvokeMethod.java:17)
	at org.junit.internal.runners.statements.RunAfters.evaluate(RunAfters.java:27)
	at org.junit.internal.runners.statements.FailOnTimeout$CallableStatement.call(FailOnTimeout.java:298)
	at org.junit.internal.runners.statements.FailOnTimeout$CallableStatement.call(FailOnTimeout.java:292)
	at java.util.concurrent.FutureTask.run(FutureTask.java:266)
	at java.lang.Thread.run(Thread.java:748)
2019-09-26 14:01:58,397 INFO  impl.FollowerState (FollowerState.java:run(108)) - s2@group-1720A28C8555-FollowerState: change to CANDIDATE, lastRpcTime:259ms, electionTimeout:259ms
2019-09-26 14:01:58,397 INFO  impl.RoleInfo (RoleInfo.java:shutdownFollowerState(121)) - s2: shutdown FollowerState
2019-09-26 14:01:58,398 INFO  impl.RaftServerImpl (RaftServerImpl.java:setRole(170)) - s2@group-1720A28C8555: changes role from  FOLLOWER to CANDIDATE at term 2 for changeToCandidate
2019-09-26 14:01:58,398 INFO  impl.RoleInfo (RoleInfo.java:updateAndGet(143)) - s2: start LeaderElection
2019-09-26 14:01:58,413 INFO  impl.LeaderElection (LeaderElection.java:askForVotes(178)) - s2@group-1720A28C8555-LeaderElection4: begin an election at term 3 for -1: [s0:0.0.0.0:36116, s1:0.0.0.0:33523, s2:0.0.0.0:40404], old=null
2019-09-26 14:01:58,418 INFO  impl.RaftServerImpl (RaftServerImpl.java:setRole(170)) - s1@group-1720A28C8555: changes role from  FOLLOWER to FOLLOWER at term 3 for recognizeCandidate:s2
2019-09-26 14:01:58,418 INFO  impl.RaftServerImpl (RaftServerImpl.java:setRole(170)) - s0@group-1720A28C8555: changes role from  FOLLOWER to FOLLOWER at term 3 for recognizeCandidate:s2
2019-09-26 14:01:58,418 INFO  impl.RoleInfo (RoleInfo.java:shutdownFollowerState(121)) - s1: shutdown FollowerState
2019-09-26 14:01:58,418 INFO  impl.RoleInfo (RoleInfo.java:shutdownFollowerState(121)) - s0: shutdown FollowerState
2019-09-26 14:01:58,418 INFO  impl.FollowerState (FollowerState.java:run(117)) - s1@group-1720A28C8555-FollowerState was interrupted: java.lang.InterruptedException: sleep interrupted
2019-09-26 14:01:58,419 INFO  impl.FollowerState (FollowerState.java:run(117)) - s0@group-1720A28C8555-FollowerState was interrupted: java.lang.InterruptedException: sleep interrupted
2019-09-26 14:01:58,418 INFO  impl.RoleInfo (RoleInfo.java:updateAndGet(143)) - s1: start FollowerState
2019-09-26 14:01:58,418 INFO  impl.RoleInfo (RoleInfo.java:updateAndGet(143)) - s0: start FollowerState
2019-09-26 14:01:58,437 INFO  impl.LeaderElection (LeaderElection.java:logAndReturn(56)) - s2@group-1720A28C8555-LeaderElection4: Election PASSED; received 1 response(s) [s2<-s1#0:OK-t3] and 0 exception(s); s2@group-1720A28C8555:t3, leader=null, voted=s2, raftlog=s2@group-1720A28C8555-SegmentedRaftLog:OPENED:c-1,f-1,i0, conf=-1: [s0:0.0.0.0:36116, s1:0.0.0.0:33523, s2:0.0.0.0:40404], old=null
2019-09-26 14:01:58,438 INFO  impl.RoleInfo (RoleInfo.java:shutdownLeaderElection(134)) - s2: shutdown LeaderElection
2019-09-26 14:01:58,438 INFO  impl.RaftServerImpl (RaftServerImpl.java:setRole(170)) - s2@group-1720A28C8555: changes role from CANDIDATE to LEADER at term 3 for changeToLeader
2019-09-26 14:01:58,438 INFO  impl.RaftServerImpl (ServerState.java:setLeader(254)) - s2@group-1720A28C8555: change Leader from null to s2 at term 3 for becomeLeader, leader elected after 1399ms
2019-09-26 14:01:58,444 INFO  server.RaftServerConfigKeys (ConfUtils.java:logGet(43)) - raft.server.staging.catchup.gap = 1000 (default)
2019-09-26 14:01:58,444 INFO  server.RaftServerConfigKeys (ConfUtils.java:logGet(43)) - raft.server.rpc.sleep.time = 25ms (default)
2019-09-26 14:01:58,449 INFO  server.RaftServerConfigKeys (ConfUtils.java:logGet(43)) - raft.server.write.element-limit = 4096 (default)
2019-09-26 14:01:58,457 INFO  server.RaftServerConfigKeys (ConfUtils.java:logGet(43)) - raft.server.watch.timeout = 10s (default)
2019-09-26 14:01:58,457 INFO  server.RaftServerConfigKeys (ConfUtils.java:logGet(43)) - raft.server.watch.timeout.denomination = 1s (default)
2019-09-26 14:01:58,458 INFO  server.RaftServerConfigKeys (ConfUtils.java:logGet(43)) - raft.server.watch.element-limit = 65536 (default)
2019-09-26 14:01:58,476 INFO  server.RaftServerConfigKeys (ConfUtils.java:logGet(43)) - raft.server.log.appender.snapshot.chunk.size.max = 16MB (=16777216) (default)
2019-09-26 14:01:58,477 INFO  server.RaftServerConfigKeys (ConfUtils.java:logGet(43)) - raft.server.log.appender.buffer.byte-limit = 4MB (=4194304) (default)
2019-09-26 14:01:58,478 INFO  server.RaftServerConfigKeys (ConfUtils.java:logGet(43)) - raft.server.log.appender.buffer.element-limit = 0 (default)
2019-09-26 14:01:58,481 INFO  grpc.GrpcConfigKeys$Server (ConfUtils.java:logGet(43)) - raft.grpc.server.leader.outstanding.appends.max = 128 (default)
2019-09-26 14:01:58,482 INFO  server.RaftServerConfigKeys (ConfUtils.java:logGet(43)) - raft.server.rpc.request.timeout = 3000ms (default)
2019-09-26 14:01:58,482 INFO  server.RaftServerConfigKeys (ConfUtils.java:logGet(43)) - raft.server.log.appender.install.snapshot.enabled = true (default)
2019-09-26 14:01:58,484 INFO  server.RaftServerConfigKeys (ConfUtils.java:logGet(43)) - raft.server.log.appender.snapshot.chunk.size.max = 16MB (=16777216) (default)
2019-09-26 14:01:58,484 INFO  server.RaftServerConfigKeys (ConfUtils.java:logGet(43)) - raft.server.log.appender.buffer.byte-limit = 4MB (=4194304) (default)
2019-09-26 14:01:58,484 INFO  server.RaftServerConfigKeys (ConfUtils.java:logGet(43)) - raft.server.log.appender.buffer.element-limit = 0 (default)
2019-09-26 14:01:58,484 INFO  grpc.GrpcConfigKeys$Server (ConfUtils.java:logGet(43)) - raft.grpc.server.leader.outstanding.appends.max = 128 (default)
2019-09-26 14:01:58,485 INFO  server.RaftServerConfigKeys (ConfUtils.java:logGet(43)) - raft.server.rpc.request.timeout = 3000ms (default)
2019-09-26 14:01:58,485 INFO  server.RaftServerConfigKeys (ConfUtils.java:logGet(43)) - raft.server.log.appender.install.snapshot.enabled = true (default)
2019-09-26 14:01:58,488 INFO  impl.RoleInfo (RoleInfo.java:updateAndGet(143)) - s2: start LeaderState
2019-09-26 14:01:58,513 INFO  segmented.SegmentedRaftLogWorker (SegmentedRaftLogWorker.java:startLogSegment(380)) - s2@group-1720A28C8555-SegmentedRaftLogWorker: Starting segment from index:0
2019-09-26 14:01:58,522 INFO  impl.RaftServerImpl (ServerState.java:setRaftConf(355)) - s2@group-1720A28C8555: set configuration 0: [s0:0.0.0.0:36116, s1:0.0.0.0:33523, s2:0.0.0.0:40404], old=null at 0
2019-09-26 14:01:58,560 INFO  impl.RaftServerImpl (ServerState.java:setLeader(254)) - s1@group-1720A28C8555: change Leader from null to s2 at term 3 for appendEntries, leader elected after 1521ms
2019-09-26 14:01:58,560 INFO  impl.RaftServerImpl (ServerState.java:setLeader(254)) - s0@group-1720A28C8555: change Leader from null to s2 at term 3 for appendEntries, leader elected after 1522ms
2019-09-26 14:01:58,587 INFO  impl.RaftServerImpl (ServerState.java:setRaftConf(355)) - s0@group-1720A28C8555: set configuration 0: [s0:0.0.0.0:36116, s1:0.0.0.0:33523, s2:0.0.0.0:40404], old=null at 0
2019-09-26 14:01:58,587 INFO  impl.RaftServerImpl (ServerState.java:setRaftConf(355)) - s1@group-1720A28C8555: set configuration 0: [s0:0.0.0.0:36116, s1:0.0.0.0:33523, s2:0.0.0.0:40404], old=null at 0
2019-09-26 14:01:58,587 INFO  segmented.SegmentedRaftLogWorker (SegmentedRaftLogWorker.java:startLogSegment(380)) - s0@group-1720A28C8555-SegmentedRaftLogWorker: Starting segment from index:0
2019-09-26 14:01:58,587 INFO  segmented.SegmentedRaftLogWorker (SegmentedRaftLogWorker.java:startLogSegment(380)) - s1@group-1720A28C8555-SegmentedRaftLogWorker: Starting segment from index:0
2019-09-26 14:01:58,710 INFO  ratis.RaftTestUtil (RaftTestUtil.java:waitForLeader(101)) - printing ALL groups
  s0:  RUNNING  FOLLOWER s0@group-1720A28C8555:t3, leader=s2, voted=s2, raftlog=s0@group-1720A28C8555-SegmentedRaftLog:OPENED:c-1,f-1,i0, conf=0: [s0:0.0.0.0:36116, s1:0.0.0.0:33523, s2:0.0.0.0:40404], old=null RUNNING
  s1:  RUNNING  FOLLOWER s1@group-1720A28C8555:t3, leader=s2, voted=s2, raftlog=s1@group-1720A28C8555-SegmentedRaftLog:OPENED:c-1,f-1,i0, conf=0: [s0:0.0.0.0:36116, s1:0.0.0.0:33523, s2:0.0.0.0:40404], old=null RUNNING
  s2:  RUNNING    LEADER s2@group-1720A28C8555:t3, leader=s2, voted=s2, raftlog=s2@group-1720A28C8555-SegmentedRaftLog:OPENED:c-1,f-1,i0, conf=0: [s0:0.0.0.0:36116, s1:0.0.0.0:33523, s2:0.0.0.0:40404], old=null RUNNING
2019-09-26 14:01:58,712 INFO  filestore.FileStoreBaseTest (FileStoreBaseTest.java:testSingleFile(87)) - runTestSingleFile with path=foo, fileLength=10M (=10485760)
2019-09-26 14:01:58,802 INFO  client.GrpcClientProtocolService (GrpcClientProtocolService.java:lambda$processClientRequest$0(278)) - Failed RaftClientRequest:client-54A5215B9B2F->s0@group-1720A28C8555, cid=0, seq=0, RW, Message:128a200a050a03666f6f...(size=4109), reply=RaftClientReply:client-54A5215B9B2F->s0@group-1720A28C8555, cid=0, FAILED org.apache.ratis.protocol.NotLeaderException: Server s0@group-1720A28C8555 is not the leader s2:0.0.0.0:40404, logIndex=0, commits[s0:c-1, s1:c-1, s2:c-1]
2019-09-26 14:01:58,841 INFO  client.GrpcClientProtocolService (GrpcClientProtocolService.java:lambda$processClientRequest$0(278)) - Failed RaftClientRequest:client-54A5215B9B2F->s2@group-1720A28C8555, cid=0, seq=0, RW, Message:128a200a050a03666f6f...(size=4109), reply=RaftClientReply:client-54A5215B9B2F->s2@group-1720A28C8555, cid=0, FAILED org.apache.ratis.protocol.LeaderNotReadyException: s2@group-1720A28C8555 is in LEADER state but not ready yet., logIndex=0, commits[s2:c-1, s0:c-1, s1:c-1]
2019-09-26 14:01:58,856 INFO  client.GrpcClientProtocolService (GrpcClientProtocolService.java:lambda$processClientRequest$0(278)) - Failed RaftClientRequest:client-54A5215B9B2F->s2@group-1720A28C8555, cid=0, seq=0, RW, Message:128a200a050a03666f6f...(size=4109), reply=RaftClientReply:client-54A5215B9B2F->s2@group-1720A28C8555, cid=0, FAILED org.apache.ratis.protocol.LeaderNotReadyException: s2@group-1720A28C8555 is in LEADER state but not ready yet., logIndex=0, commits[s2:c-1, s0:c-1, s1:c-1]
2019-09-26 14:01:58,861 INFO  client.GrpcClientProtocolService (GrpcClientProtocolService.java:lambda$processClientRequest$0(278)) - Failed RaftClientRequest:client-54A5215B9B2F->s2@group-1720A28C8555, cid=0, seq=0, RW, Message:128a200a050a03666f6f...(size=4109), reply=RaftClientReply:client-54A5215B9B2F->s2@group-1720A28C8555, cid=0, FAILED org.apache.ratis.protocol.LeaderNotReadyException: s2@group-1720A28C8555 is in LEADER state but not ready yet., logIndex=0, commits[s2:c-1, s0:c-1, s1:c-1]
2019-09-26 14:01:58,867 INFO  client.GrpcClientProtocolService (GrpcClientProtocolService.java:lambda$processClientRequest$0(278)) - Failed RaftClientRequest:client-54A5215B9B2F->s2@group-1720A28C8555, cid=0, seq=0, RW, Message:128a200a050a03666f6f...(size=4109), reply=RaftClientReply:client-54A5215B9B2F->s2@group-1720A28C8555, cid=0, FAILED org.apache.ratis.protocol.LeaderNotReadyException: s2@group-1720A28C8555 is in LEADER state but not ready yet., logIndex=0, commits[s2:c-1, s0:c-1, s1:c-1]
2019-09-26 14:01:58,872 INFO  client.GrpcClientProtocolService (GrpcClientProtocolService.java:lambda$processClientRequest$0(278)) - Failed RaftClientRequest:client-54A5215B9B2F->s2@group-1720A28C8555, cid=0, seq=0, RW, Message:128a200a050a03666f6f...(size=4109), reply=RaftClientReply:client-54A5215B9B2F->s2@group-1720A28C8555, cid=0, FAILED org.apache.ratis.protocol.LeaderNotReadyException: s2@group-1720A28C8555 is in LEADER state but not ready yet., logIndex=0, commits[s2:c-1, s0:c-1, s1:c-1]
2019-09-26 14:01:58,876 INFO  segmented.SegmentedRaftLogWorker (SegmentedRaftLogWorker.java:execute(569)) - s2@group-1720A28C8555-SegmentedRaftLogWorker: created new log segment /workdir/ratis-examples/target/test/data/92cd4afb/MiniRaftClusterWithGrpc4a8e4c9f/s2/3e568cf1-66e7-476e-b2f1-1720a28c8555/current/log_inprogress_0
2019-09-26 14:01:58,876 INFO  segmented.SegmentedRaftLogWorker (SegmentedRaftLogWorker.java:execute(569)) - s0@group-1720A28C8555-SegmentedRaftLogWorker: created new log segment /workdir/ratis-examples/target/test/data/92cd4afb/MiniRaftClusterWithGrpc4a8e4c9f/s0/3e568cf1-66e7-476e-b2f1-1720a28c8555/current/log_inprogress_0
2019-09-26 14:01:58,876 INFO  segmented.SegmentedRaftLogWorker (SegmentedRaftLogWorker.java:execute(569)) - s1@group-1720A28C8555-SegmentedRaftLogWorker: created new log segment /workdir/ratis-examples/target/test/data/92cd4afb/MiniRaftClusterWithGrpc4a8e4c9f/s1/3e568cf1-66e7-476e-b2f1-1720a28c8555/current/log_inprogress_0
2019-09-26 14:01:58,877 INFO  client.GrpcClientProtocolService (GrpcClientProtocolService.java:lambda$processClientRequest$0(278)) - Failed RaftClientRequest:client-54A5215B9B2F->s2@group-1720A28C8555, cid=0, seq=0, RW, Message:128a200a050a03666f6f...(size=4109), reply=RaftClientReply:client-54A5215B9B2F->s2@group-1720A28C8555, cid=0, FAILED org.apache.ratis.protocol.LeaderNotReadyException: s2@group-1720A28C8555 is in LEADER state but not ready yet., logIndex=0, commits[s2:c-1, s0:c-1, s1:c-1]
2019-09-26 14:01:58,882 INFO  client.GrpcClientProtocolService (GrpcClientProtocolService.java:lambda$processClientRequest$0(278)) - Failed RaftClientRequest:client-54A5215B9B2F->s2@group-1720A28C8555, cid=0, seq=0, RW, Message:128a200a050a03666f6f...(size=4109), reply=RaftClientReply:client-54A5215B9B2F->s2@group-1720A28C8555, cid=0, FAILED org.apache.ratis.protocol.LeaderNotReadyException: s2@group-1720A28C8555 is in LEADER state but not ready yet., logIndex=0, commits[s2:c-1, s0:c-1, s1:c-1]
2019-09-26 14:01:58,886 INFO  client.GrpcClientProtocolService (GrpcClientProtocolService.java:lambda$processClientRequest$0(278)) - Failed RaftClientRequest:client-54A5215B9B2F->s2@group-1720A28C8555, cid=0, seq=0, RW, Message:128a200a050a03666f6f...(size=4109), reply=RaftClientReply:client-54A5215B9B2F->s2@group-1720A28C8555, cid=0, FAILED org.apache.ratis.protocol.LeaderNotReadyException: s2@group-1720A28C8555 is in LEADER state but not ready yet., logIndex=0, commits[s2:c-1, s0:c-1, s1:c-1]
2019-09-26 14:01:58,891 INFO  client.GrpcClientProtocolService (GrpcClientProtocolService.java:lambda$processClientRequest$0(278)) - Failed RaftClientRequest:client-54A5215B9B2F->s2@group-1720A28C8555, cid=0, seq=0, RW, Message:128a200a050a03666f6f...(size=4109), reply=RaftClientReply:client-54A5215B9B2F->s2@group-1720A28C8555, cid=0, FAILED org.apache.ratis.protocol.LeaderNotReadyException: s2@group-1720A28C8555 is in LEADER state but not ready yet., logIndex=0, commits[s2:c-1, s0:c-1, s1:c-1]
2019-09-26 14:01:58,897 INFO  client.GrpcClientProtocolService (GrpcClientProtocolService.java:lambda$processClientRequest$0(278)) - Failed RaftClientRequest:client-54A5215B9B2F->s2@group-1720A28C8555, cid=0, seq=0, RW, Message:128a200a050a03666f6f...(size=4109), reply=RaftClientReply:client-54A5215B9B2F->s2@group-1720A28C8555, cid=0, FAILED org.apache.ratis.protocol.LeaderNotReadyException: s2@group-1720A28C8555 is in LEADER state but not ready yet., logIndex=0, commits[s2:c0, s0:c-1, s1:c-1]
2019-09-26 14:01:58,945 TRACE util.FileUtils (LogUtils.java:supplyAndLog(82)) - Successfully supplied Files.newOutputStream CREATE_NEW /workdir/ratis-examples/target/test/data/92cd4afb/TestFileStoreWithGrpc/filestore/s2/foo: java.nio.channels.Channels$1@2a28857
2019-09-26 14:01:58,947 TRACE util.FileUtils (LogUtils.java:supplyAndLog(82)) - Successfully supplied Files.newOutputStream CREATE_NEW /workdir/ratis-examples/target/test/data/92cd4afb/TestFileStoreWithGrpc/filestore/s1/foo: java.nio.channels.Channels$1@552846df
2019-09-26 14:01:58,947 TRACE util.FileUtils (LogUtils.java:supplyAndLog(82)) - Successfully supplied Files.newOutputStream CREATE_NEW /workdir/ratis-examples/target/test/data/92cd4afb/TestFileStoreWithGrpc/filestore/s0/foo: java.nio.channels.Channels$1@64574c8
2019-09-26 14:02:03,202 INFO  impl.FollowerState (FollowerState.java:run(108)) - s0@group-1720A28C8555-FollowerState: change to CANDIDATE, lastRpcTime:370ms, electionTimeout:161ms
2019-09-26 14:02:03,204 INFO  impl.RoleInfo (RoleInfo.java:shutdownFollowerState(121)) - s0: shutdown FollowerState
2019-09-26 14:02:03,204 INFO  impl.RaftServerImpl (RaftServerImpl.java:setRole(170)) - s0@group-1720A28C8555: changes role from  FOLLOWER to CANDIDATE at term 3 for changeToCandidate
2019-09-26 14:02:03,204 INFO  impl.RoleInfo (RoleInfo.java:updateAndGet(143)) - s0: start LeaderElection
2019-09-26 14:02:03,205 INFO  impl.RaftServerImpl (RaftServerImpl.java:setRole(170)) - s0@group-1720A28C8555: changes role from CANDIDATE to FOLLOWER at term 3 for appendEntries
2019-09-26 14:02:03,206 INFO  impl.RoleInfo (RoleInfo.java:shutdownLeaderElection(134)) - s0: shutdown LeaderElection
2019-09-26 14:02:03,206 INFO  impl.RoleInfo (RoleInfo.java:updateAndGet(143)) - s0: start FollowerState
2019-09-26 14:02:03,207 INFO  impl.RaftServerImpl (ServerState.java:setLeader(254)) - s0@group-1720A28C8555: change Leader from s2 to null at term 3 for initElection
2019-09-26 14:02:03,234 INFO  impl.LeaderElection (LeaderElection.java:askForVotes(178)) - s0@group-1720A28C8555-LeaderElection5: begin an election at term 4 for 0: [s0:0.0.0.0:36116, s1:0.0.0.0:33523, s2:0.0.0.0:40404], old=null
2019-09-26 14:02:03,241 INFO  impl.LeaderElection (LeaderElection.java:logAndReturn(56)) - s0@group-1720A28C8555-LeaderElection5: Election REJECTED; received 0 response(s) [] and 0 exception(s); s0@group-1720A28C8555:t4, leader=null, voted=s0, raftlog=s0@group-1720A28C8555-SegmentedRaftLog:OPENED:c482,f483,i483, conf=0: [s0:0.0.0.0:36116, s1:0.0.0.0:33523, s2:0.0.0.0:40404], old=null
2019-09-26 14:02:03,244 INFO  impl.RaftServerImpl (ServerState.java:setLeader(254)) - s1@group-1720A28C8555: change Leader from s2 to null at term 4 for updateCurrentTerm
2019-09-26 14:02:03,245 INFO  impl.RaftServerImpl (RaftServerImpl.java:setRole(170)) - s1@group-1720A28C8555: changes role from  FOLLOWER to FOLLOWER at term 4 for recognizeCandidate:s0
2019-09-26 14:02:03,245 INFO  impl.RoleInfo (RoleInfo.java:shutdownFollowerState(121)) - s1: shutdown FollowerState
2019-09-26 14:02:03,246 INFO  impl.RoleInfo (RoleInfo.java:updateAndGet(143)) - s1: start FollowerState
2019-09-26 14:02:03,246 INFO  impl.FollowerState (FollowerState.java:run(117)) - s1@group-1720A28C8555-FollowerState was interrupted: java.lang.InterruptedException: sleep interrupted
2019-09-26 14:02:03,247 INFO  impl.RaftServerImpl (ServerState.java:setLeader(254)) - s2@group-1720A28C8555: change Leader from s2 to null at term 4 for updateCurrentTerm
2019-09-26 14:02:03,248 INFO  impl.RaftServerImpl (RaftServerImpl.java:setRole(170)) - s2@group-1720A28C8555: changes role from    LEADER to FOLLOWER at term 4 for recognizeCandidate:s0
2019-09-26 14:02:03,248 INFO  impl.RoleInfo (RoleInfo.java:shutdownLeaderState(104)) - s2: shutdown LeaderState
2019-09-26 14:02:03,250 INFO  impl.PendingRequests (PendingRequests.java:sendNotLeaderResponses(202)) - s2@group-1720A28C8555-PendingRequests: sendNotLeaderResponses
2019-09-26 14:02:03,250 WARN  server.GrpcLogAppender (GrpcLogAppender.java:mayWait(143)) - s2@group-1720A28C8555->s1-GrpcLogAppender: Wait interrupted by java.lang.InterruptedException
2019-09-26 14:02:03,250 WARN  server.GrpcLogAppender (GrpcLogAppender.java:mayWait(143)) - s2@group-1720A28C8555->s0-GrpcLogAppender: Wait interrupted by java.lang.InterruptedException
2019-09-26 14:02:03,254 INFO  server.GrpcServerProtocolService (GrpcServerProtocolService.java:onCompleted(113)) - s0: Completed APPEND_ENTRIES, lastRequest: s2->s0#499-t3, previous=(t:3, i:485), leaderCommit=485, initializing? false, entries: size=1, first=(t:3, i:486), METADATAENTRY(c485)
2019-09-26 14:02:03,254 INFO  server.GrpcServerProtocolService (GrpcServerProtocolService.java:onCompleted(113)) - s1: Completed APPEND_ENTRIES, lastRequest: s2->s1#499-t3, previous=(t:3, i:485), leaderCommit=485, initializing? false, entries: size=1, first=(t:3, i:486), METADATAENTRY(c485)
2019-09-26 14:02:03,254 INFO  impl.RoleInfo (RoleInfo.java:updateAndGet(143)) - s2: start FollowerState
2019-09-26 14:02:03,254 INFO  server.GrpcLogAppender (GrpcLogAppender.java:onCompleted(293)) - s2@group-1720A28C8555->s1-AppendLogResponseHandler: follower responses appendEntries COMPLETED
2019-09-26 14:02:03,258 INFO  impl.FollowerInfo (FollowerInfo.java:lambda$new$0(51)) - s2@group-1720A28C8555->s1: nextIndex: updateUnconditionally 487 -> 486
2019-09-26 14:02:03,261 INFO  server.GrpcLogAppender (GrpcLogAppender.java:onCompleted(293)) - s2@group-1720A28C8555->s0-AppendLogResponseHandler: follower responses appendEntries COMPLETED
2019-09-26 14:02:03,263 INFO  client.GrpcClientProtocolService (GrpcClientProtocolService.java:lambda$processClientRequest$0(278)) - Failed RaftClientRequest:client-54A5215B9B2F->s2@group-1720A28C8555, cid=243, seq=0, RW, Message:128e200a090a03666f6f...(size=4113), reply=RaftClientReply:client-54A5215B9B2F->s2@group-1720A28C8555, cid=243, FAILED org.apache.ratis.protocol.NotLeaderException: Server s2@group-1720A28C8555 is not the leader, logIndex=0, commits[s2:c486, s0:c481, s1:c483]
2019-09-26 14:02:03,263 INFO  impl.FollowerInfo (FollowerInfo.java:lambda$new$0(51)) - s2@group-1720A28C8555->s0: nextIndex: updateUnconditionally 487 -> 484
2019-09-26 14:02:03,276 INFO  client.GrpcClientProtocolService (GrpcClientProtocolService.java:lambda$processClientRequest$0(278)) - Failed RaftClientRequest:client-54A5215B9B2F->s1@group-1720A28C8555, cid=243, seq=0, RW, Message:128e200a090a03666f6f...(size=4113), reply=RaftClientReply:client-54A5215B9B2F->s1@group-1720A28C8555, cid=243, FAILED org.apache.ratis.protocol.NotLeaderException: Server s1@group-1720A28C8555 is not the leader, logIndex=0, commits[s1:c485, s0:c481, s2:c485]
2019-09-26 14:02:03,284 INFO  client.GrpcClientProtocolService (GrpcClientProtocolService.java:lambda$processClientRequest$0(278)) - Failed RaftClientRequest:client-54A5215B9B2F->s0@group-1720A28C8555, cid=243, seq=0, RW, Message:128e200a090a03666f6f...(size=4113), reply=RaftClientReply:client-54A5215B9B2F->s0@group-1720A28C8555, cid=243, FAILED org.apache.ratis.protocol.NotLeaderException: Server s0@group-1720A28C8555 is not the leader, logIndex=0, commits[s0:c482, s1:c481, s2:c482]
2019-09-26 14:02:03,291 INFO  client.GrpcClientProtocolService (GrpcClientProtocolService.java:lambda$processClientRequest$0(278)) - Failed RaftClientRequest:client-54A5215B9B2F->s2@group-1720A28C8555, cid=243, seq=0, RW, Message:128e200a090a03666f6f...(size=4113), reply=RaftClientReply:client-54A5215B9B2F->s2@group-1720A28C8555, cid=243, FAILED org.apache.ratis.protocol.NotLeaderException: Server s2@group-1720A28C8555 is not the leader, logIndex=0, commits[s2:c486, s0:c481, s1:c483]
2019-09-26 14:02:03,298 INFO  client.GrpcClientProtocolService (GrpcClientProtocolService.java:lambda$processClientRequest$0(278)) - Failed RaftClientRequest:client-54A5215B9B2F->s0@group-1720A28C8555, cid=243, seq=0, RW, Message:128e200a090a03666f6f...(size=4113), reply=RaftClientReply:client-54A5215B9B2F->s0@group-1720A28C8555, cid=243, FAILED org.apache.ratis.protocol.NotLeaderException: Server s0@group-1720A28C8555 is not the leader, logIndex=0, commits[s0:c482, s1:c481, s2:c482]
2019-09-26 14:02:03,304 INFO  client.GrpcClientProtocolService (GrpcClientProtocolService.java:lambda$processClientRequest$0(278)) - Failed RaftClientRequest:client-54A5215B9B2F->s1@group-1720A28C8555, cid=243, seq=0, RW, Message:128e200a090a03666f6f...(size=4113), reply=RaftClientReply:client-54A5215B9B2F->s1@group-1720A28C8555, cid=243, FAILED org.apache.ratis.protocol.NotLeaderException: Server s1@group-1720A28C8555 is not the leader, logIndex=0, commits[s1:c485, s0:c481, s2:c485]
2019-09-26 14:02:03,310 INFO  client.GrpcClientProtocolService (GrpcClientProtocolService.java:lambda$processClientRequest$0(278)) - Failed RaftClientRequest:client-54A5215B9B2F->s2@group-1720A28C8555, cid=243, seq=0, RW, Message:128e200a090a03666f6f...(size=4113), reply=RaftClientReply:client-54A5215B9B2F->s2@group-1720A28C8555, cid=243, FAILED org.apache.ratis.protocol.NotLeaderException: Server s2@group-1720A28C8555 is not the leader, logIndex=0, commits[s2:c486, s0:c481, s1:c483]
2019-09-26 14:02:03,316 INFO  client.GrpcClientProtocolService (GrpcClientProtocolService.java:lambda$processClientRequest$0(278)) - Failed RaftClientRequest:client-54A5215B9B2F->s0@group-1720A28C8555, cid=243, seq=0, RW, Message:128e200a090a03666f6f...(size=4113), reply=RaftClientReply:client-54A5215B9B2F->s0@group-1720A28C8555, cid=243, FAILED org.apache.ratis.protocol.NotLeaderException: Server s0@group-1720A28C8555 is not the leader, logIndex=0, commits[s0:c482, s1:c481, s2:c482]
2019-09-26 14:02:03,323 INFO  client.GrpcClientProtocolService (GrpcClientProtocolService.java:lambda$processClientRequest$0(278)) - Failed RaftClientRequest:client-54A5215B9B2F->s1@group-1720A28C8555, cid=243, seq=0, RW, Message:128e200a090a03666f6f...(size=4113), reply=RaftClientReply:client-54A5215B9B2F->s1@group-1720A28C8555, cid=243, FAILED org.apache.ratis.protocol.NotLeaderException: Server s1@group-1720A28C8555 is not the leader, logIndex=0, commits[s1:c485, s0:c481, s2:c485]
2019-09-26 14:02:03,329 INFO  client.GrpcClientProtocolService (GrpcClientProtocolService.java:lambda$processClientRequest$0(278)) - Failed RaftClientRequest:client-54A5215B9B2F->s2@group-1720A28C8555, cid=243, seq=0, RW, Message:128e200a090a03666f6f...(size=4113), reply=RaftClientReply:client-54A5215B9B2F->s2@group-1720A28C8555, cid=243, FAILED org.apache.ratis.protocol.NotLeaderException: Server s2@group-1720A28C8555 is not the leader, logIndex=0, commits[s2:c486, s0:c481, s1:c483]
2019-09-26 14:02:03,336 INFO  client.GrpcClientProtocolService (GrpcClientProtocolService.java:lambda$processClientRequest$0(278)) - Failed RaftClientRequest:client-54A5215B9B2F->s1@group-1720A28C8555, cid=243, seq=0, RW, Message:128e200a090a03666f6f...(size=4113), reply=RaftClientReply:client-54A5215B9B2F->s1@group-1720A28C8555, cid=243, FAILED org.apache.ratis.protocol.NotLeaderException: Server s1@group-1720A28C8555 is not the leader, logIndex=0, commits[s1:c485, s0:c481, s2:c485]
2019-09-26 14:02:03,343 INFO  client.GrpcClientProtocolService (GrpcClientProtocolService.java:lambda$processClientRequest$0(278)) - Failed RaftClientRequest:client-54A5215B9B2F->s2@group-1720A28C8555, cid=243, seq=0, RW, Message:128e200a090a03666f6f...(size=4113), reply=RaftClientReply:client-54A5215B9B2F->s2@group-1720A28C8555, cid=243, FAILED org.apache.ratis.protocol.NotLeaderException: Server s2@group-1720A28C8555 is not the leader, logIndex=0, commits[s2:c486, s0:c481, s1:c483]
2019-09-26 14:02:03,349 INFO  client.GrpcClientProtocolService (GrpcClientProtocolService.java:lambda$processClientRequest$0(278)) - Failed RaftClientRequest:client-54A5215B9B2F->s1@group-1720A28C8555, cid=243, seq=0, RW, Message:128e200a090a03666f6f...(size=4113), reply=RaftClientReply:client-54A5215B9B2F->s1@group-1720A28C8555, cid=243, FAILED org.apache.ratis.protocol.NotLeaderException: Server s1@group-1720A28C8555 is not the leader, logIndex=0, commits[s1:c485, s0:c481, s2:c485]
2019-09-26 14:02:03,355 INFO  client.GrpcClientProtocolService (GrpcClientProtocolService.java:lambda$processClientRequest$0(278)) - Failed RaftClientRequest:client-54A5215B9B2F->s2@group-1720A28C8555, cid=243, seq=0, RW, Message:128e200a090a03666f6f...(size=4113), reply=RaftClientReply:client-54A5215B9B2F->s2@group-1720A28C8555, cid=243, FAILED org.apache.ratis.protocol.NotLeaderException: Server s2@group-1720A28C8555 is not the leader, logIndex=0, commits[s2:c486, s0:c481, s1:c483]
2019-09-26 14:02:03,363 INFO  client.GrpcClientProtocolService (GrpcClientProtocolService.java:lambda$processClientRequest$0(278)) - Failed RaftClientRequest:client-54A5215B9B2F->s0@group-1720A28C8555, cid=243, seq=0, RW, Message:128e200a090a03666f6f...(size=4113), reply=RaftClientReply:client-54A5215B9B2F->s0@group-1720A28C8555, cid=243, FAILED org.apache.ratis.protocol.NotLeaderException: Server s0@group-1720A28C8555 is not the leader, logIndex=0, commits[s0:c482, s1:c481, s2:c482]
2019-09-26 14:02:03,369 INFO  client.GrpcClientProtocolService (GrpcClientProtocolService.java:lambda$processClientRequest$0(278)) - Failed RaftClientRequest:client-54A5215B9B2F->s1@group-1720A28C8555, cid=243, seq=0, RW, Message:128e200a090a03666f6f...(size=4113), reply=RaftClientReply:client-54A5215B9B2F->s1@group-1720A28C8555, cid=243, FAILED org.apache.ratis.protocol.NotLeaderException: Server s1@group-1720A28C8555 is not the leader, logIndex=0, commits[s1:c485, s0:c481, s2:c485]
2019-09-26 14:02:03,376 INFO  client.GrpcClientProtocolService (GrpcClientProtocolService.java:lambda$processClientRequest$0(278)) - Failed RaftClientRequest:client-54A5215B9B2F->s0@group-1720A28C8555, cid=243, seq=0, RW, Message:128e200a090a03666f6f...(size=4113), reply=RaftClientReply:client-54A5215B9B2F->s0@group-1720A28C8555, cid=243, FAILED org.apache.ratis.protocol.NotLeaderException: Server s0@group-1720A28C8555 is not the leader, logIndex=0, commits[s0:c482, s1:c481, s2:c482]
2019-09-26 14:02:03,383 INFO  client.GrpcClientProtocolService (GrpcClientProtocolService.java:lambda$processClientRequest$0(278)) - Failed RaftClientRequest:client-54A5215B9B2F->s1@group-1720A28C8555, cid=243, seq=0, RW, Message:128e200a090a03666f6f...(size=4113), reply=RaftClientReply:client-54A5215B9B2F->s1@group-1720A28C8555, cid=243, FAILED org.apache.ratis.protocol.NotLeaderException: Server s1@group-1720A28C8555 is not the leader, logIndex=0, commits[s1:c485, s0:c481, s2:c485]
2019-09-26 14:02:03,390 INFO  client.GrpcClientProtocolService (GrpcClientProtocolService.java:lambda$processClientRequest$0(278)) - Failed RaftClientRequest:client-54A5215B9B2F->s0@group-1720A28C8555, cid=243, seq=0, RW, Message:128e200a090a03666f6f...(size=4113), reply=RaftClientReply:client-54A5215B9B2F->s0@group-1720A28C8555, cid=243, FAILED org.apache.ratis.protocol.NotLeaderException: Server s0@group-1720A28C8555 is not the leader, logIndex=0, commits[s0:c482, s1:c481, s2:c482]
2019-09-26 14:02:03,396 INFO  client.GrpcClientProtocolService (GrpcClientProtocolService.java:lambda$processClientRequest$0(278)) - Failed RaftClientRequest:client-54A5215B9B2F->s1@group-1720A28C8555, cid=243, seq=0, RW, Message:128e200a090a03666f6f...(size=4113), reply=RaftClientReply:client-54A5215B9B2F->s1@group-1720A28C8555, cid=243, FAILED org.apache.ratis.protocol.NotLeaderException: Server s1@group-1720A28C8555 is not the leader, logIndex=0, commits[s1:c485, s0:c481, s2:c485]
2019-09-26 14:02:03,404 INFO  client.GrpcClientProtocolService (GrpcClientProtocolService.java:lambda$processClientRequest$0(278)) - Failed RaftClientRequest:client-54A5215B9B2F->s0@group-1720A28C8555, cid=243, seq=0, RW, Message:128e200a090a03666f6f...(size=4113), reply=RaftClientReply:client-54A5215B9B2F->s0@group-1720A28C8555, cid=243, FAILED org.apache.ratis.protocol.NotLeaderException: Server s0@group-1720A28C8555 is not the leader, logIndex=0, commits[s0:c482, s1:c481, s2:c482]
2019-09-26 14:02:03,415 INFO  client.GrpcClientProtocolService (GrpcClientProtocolService.java:lambda$processClientRequest$0(278)) - Failed RaftClientRequest:client-54A5215B9B2F->s1@group-1720A28C8555, cid=243, seq=0, RW, Message:128e200a090a03666f6f...(size=4113), reply=RaftClientReply:client-54A5215B9B2F->s1@group-1720A28C8555, cid=243, FAILED org.apache.ratis.protocol.NotLeaderException: Server s1@group-1720A28C8555 is not the leader, logIndex=0, commits[s1:c485, s0:c481, s2:c485]
2019-09-26 14:02:03,422 INFO  client.GrpcClientProtocolService (GrpcClientProtocolService.java:lambda$processClientRequest$0(278)) - Failed RaftClientRequest:client-54A5215B9B2F->s2@group-1720A28C8555, cid=243, seq=0, RW, Message:128e200a090a03666f6f...(size=4113), reply=RaftClientReply:client-54A5215B9B2F->s2@group-1720A28C8555, cid=243, FAILED org.apache.ratis.protocol.NotLeaderException: Server s2@group-1720A28C8555 is not the leader, logIndex=0, commits[s2:c486, s0:c481, s1:c483]
2019-09-26 14:02:03,429 INFO  client.GrpcClientProtocolService (GrpcClientProtocolService.java:lambda$processClientRequest$0(278)) - Failed RaftClientRequest:client-54A5215B9B2F->s0@group-1720A28C8555, cid=243, seq=0, RW, Message:128e200a090a03666f6f...(size=4113), reply=RaftClientReply:client-54A5215B9B2F->s0@group-1720A28C8555, cid=243, FAILED org.apache.ratis.protocol.NotLeaderException: Server s0@group-1720A28C8555 is not the leader, logIndex=0, commits[s0:c482, s1:c481, s2:c482]
2019-09-26 14:02:03,435 INFO  client.GrpcClientProtocolService (GrpcClientProtocolService.java:lambda$processClientRequest$0(278)) - Failed RaftClientRequest:client-54A5215B9B2F->s1@group-1720A28C8555, cid=243, seq=0, RW, Message:128e200a090a03666f6f...(size=4113), reply=RaftClientReply:client-54A5215B9B2F->s1@group-1720A28C8555, cid=243, FAILED org.apache.ratis.protocol.NotLeaderException: Server s1@group-1720A28C8555 is not the leader, logIndex=0, commits[s1:c485, s0:c481, s2:c485]
2019-09-26 14:02:03,442 INFO  client.GrpcClientProtocolService (GrpcClientProtocolService.java:lambda$processClientRequest$0(278)) - Failed RaftClientRequest:client-54A5215B9B2F->s0@group-1720A28C8555, cid=243, seq=0, RW, Message:128e200a090a03666f6f...(size=4113), reply=RaftClientReply:client-54A5215B9B2F->s0@group-1720A28C8555, cid=243, FAILED org.apache.ratis.protocol.NotLeaderException: Server s0@group-1720A28C8555 is not the leader, logIndex=0, commits[s0:c482, s1:c481, s2:c482]
2019-09-26 14:02:03,443 INFO  impl.FollowerState (FollowerState.java:run(108)) - s0@group-1720A28C8555-FollowerState: change to CANDIDATE, lastRpcTime:236ms, electionTimeout:236ms
2019-09-26 14:02:03,443 INFO  impl.RoleInfo (RoleInfo.java:shutdownFollowerState(121)) - s0: shutdown FollowerState
2019-09-26 14:02:03,444 INFO  impl.RaftServerImpl (RaftServerImpl.java:setRole(170)) - s0@group-1720A28C8555: changes role from  FOLLOWER to CANDIDATE at term 4 for changeToCandidate
2019-09-26 14:02:03,444 INFO  impl.RoleInfo (RoleInfo.java:updateAndGet(143)) - s0: start LeaderElection
2019-09-26 14:02:03,448 INFO  client.GrpcClientProtocolService (GrpcClientProtocolService.java:lambda$processClientRequest$0(278)) - Failed RaftClientRequest:client-54A5215B9B2F->s2@group-1720A28C8555, cid=243, seq=0, RW, Message:128e200a090a03666f6f...(size=4113), reply=RaftClientReply:client-54A5215B9B2F->s2@group-1720A28C8555, cid=243, FAILED org.apache.ratis.protocol.NotLeaderException: Server s2@group-1720A28C8555 is not the leader, logIndex=0, commits[s2:c486, s0:c481, s1:c483]
2019-09-26 14:02:03,454 INFO  client.GrpcClientProtocolService (GrpcClientProtocolService.java:lambda$processClientRequest$0(278)) - Failed RaftClientRequest:client-54A5215B9B2F->s1@group-1720A28C8555, cid=243, seq=0, RW, Message:128e200a090a03666f6f...(size=4113), reply=RaftClientReply:client-54A5215B9B2F->s1@group-1720A28C8555, cid=243, FAILED org.apache.ratis.protocol.NotLeaderException: Server s1@group-1720A28C8555 is not the leader, logIndex=0, commits[s1:c485, s0:c481, s2:c485]
2019-09-26 14:02:03,459 INFO  impl.LeaderElection (LeaderElection.java:askForVotes(178)) - s0@group-1720A28C8555-LeaderElection6: begin an election at term 5 for 0: [s0:0.0.0.0:36116, s1:0.0.0.0:33523, s2:0.0.0.0:40404], old=null
2019-09-26 14:02:03,460 INFO  client.GrpcClientProtocolService (GrpcClientProtocolService.java:lambda$processClientRequest$0(278)) - Failed RaftClientRequest:client-54A5215B9B2F->s0@group-1720A28C8555, cid=243, seq=0, RW, Message:128e200a090a03666f6f...(size=4113), reply=RaftClientReply:client-54A5215B9B2F->s0@group-1720A28C8555, cid=243, FAILED org.apache.ratis.protocol.NotLeaderException: Server s0@group-1720A28C8555 is not the leader, logIndex=0, commits[s0:c482, s1:c481, s2:c482]
2019-09-26 14:02:03,461 INFO  impl.RaftServerImpl (RaftServerImpl.java:setRole(170)) - s2@group-1720A28C8555: changes role from  FOLLOWER to FOLLOWER at term 5 for recognizeCandidate:s0
2019-09-26 14:02:03,462 INFO  impl.RaftServerImpl (RaftServerImpl.java:setRole(170)) - s1@group-1720A28C8555: changes role from  FOLLOWER to FOLLOWER at term 5 for recognizeCandidate:s0
2019-09-26 14:02:03,462 INFO  impl.RoleInfo (RoleInfo.java:shutdownFollowerState(121)) - s2: shutdown FollowerState
2019-09-26 14:02:03,462 INFO  impl.RoleInfo (RoleInfo.java:shutdownFollowerState(121)) - s1: shutdown FollowerState
2019-09-26 14:02:03,462 INFO  impl.FollowerState (FollowerState.java:run(117)) - s2@group-1720A28C8555-FollowerState was interrupted: java.lang.InterruptedException: sleep interrupted
2019-09-26 14:02:03,462 INFO  impl.RoleInfo (RoleInfo.java:updateAndGet(143)) - s2: start FollowerState
2019-09-26 14:02:03,462 INFO  impl.FollowerState (FollowerState.java:run(117)) - s1@group-1720A28C8555-FollowerState was interrupted: java.lang.InterruptedException: sleep interrupted
2019-09-26 14:02:03,462 INFO  impl.RoleInfo (RoleInfo.java:updateAndGet(143)) - s1: start FollowerState
2019-09-26 14:02:03,467 INFO  client.GrpcClientProtocolService (GrpcClientProtocolService.java:lambda$processClientRequest$0(278)) - Failed RaftClientRequest:client-54A5215B9B2F->s2@group-1720A28C8555, cid=243, seq=0, RW, Message:128e200a090a03666f6f...(size=4113), reply=RaftClientReply:client-54A5215B9B2F->s2@group-1720A28C8555, cid=243, FAILED org.apache.ratis.protocol.NotLeaderException: Server s2@group-1720A28C8555 is not the leader, logIndex=0, commits[s2:c486, s0:c481, s1:c483]
2019-09-26 14:02:03,473 INFO  client.GrpcClientProtocolService (GrpcClientProtocolService.java:lambda$processClientRequest$0(278)) - Failed RaftClientRequest:client-54A5215B9B2F->s1@group-1720A28C8555, cid=243, seq=0, RW, Message:128e200a090a03666f6f...(size=4113), reply=RaftClientReply:client-54A5215B9B2F->s1@group-1720A28C8555, cid=243, FAILED org.apache.ratis.protocol.NotLeaderException: Server s1@group-1720A28C8555 is not the leader, logIndex=0, commits[s1:c485, s0:c481, s2:c485]
2019-09-26 14:02:03,474 INFO  impl.LeaderElection (LeaderElection.java:logAndReturn(56)) - s0@group-1720A28C8555-LeaderElection6: Election REJECTED; received 2 response(s) [s0<-s1#0:FAIL-t5, s0<-s2#0:FAIL-t5] and 0 exception(s); s0@group-1720A28C8555:t5, leader=null, voted=s0, raftlog=s0@group-1720A28C8555-SegmentedRaftLog:OPENED:c482,f483,i483, conf=0: [s0:0.0.0.0:36116, s1:0.0.0.0:33523, s2:0.0.0.0:40404], old=null
2019-09-26 14:02:03,474 INFO  impl.RaftServerImpl (RaftServerImpl.java:setRole(170)) - s0@group-1720A28C8555: changes role from CANDIDATE to FOLLOWER at term 5 for DISCOVERED_A_NEW_TERM
2019-09-26 14:02:03,475 INFO  impl.RoleInfo (RoleInfo.java:shutdownLeaderElection(134)) - s0: shutdown LeaderElection
2019-09-26 14:02:03,475 INFO  impl.RoleInfo (RoleInfo.java:updateAndGet(143)) - s0: start FollowerState
2019-09-26 14:02:03,479 INFO  client.GrpcClientProtocolService (GrpcClientProtocolService.java:lambda$processClientRequest$0(278)) - Failed RaftClientRequest:client-54A5215B9B2F->s0@group-1720A28C8555, cid=243, seq=0, RW, Message:128e200a090a03666f6f...(size=4113), reply=RaftClientReply:client-54A5215B9B2F->s0@group-1720A28C8555, cid=243, FAILED org.apache.ratis.protocol.NotLeaderException: Server s0@group-1720A28C8555 is not the leader, logIndex=0, commits[s0:c482, s1:c481, s2:c482]
2019-09-26 14:02:03,484 INFO  client.GrpcClientProtocolService (GrpcClientProtocolService.java:lambda$processClientRequest$0(278)) - Failed RaftClientRequest:client-54A5215B9B2F->s1@group-1720A28C8555, cid=243, seq=0, RW, Message:128e200a090a03666f6f...(size=4113), reply=RaftClientReply:client-54A5215B9B2F->s1@group-1720A28C8555, cid=243, FAILED org.apache.ratis.protocol.NotLeaderException: Server s1@group-1720A28C8555 is not the leader, logIndex=0, commits[s1:c485, s0:c481, s2:c485]
2019-09-26 14:02:03,490 INFO  client.GrpcClientProtocolService (GrpcClientProtocolService.java:lambda$processClientRequest$0(278)) - Failed RaftClientRequest:client-54A5215B9B2F->s2@group-1720A28C8555, cid=243, seq=0, RW, Message:128e200a090a03666f6f...(size=4113), reply=RaftClientReply:client-54A5215B9B2F->s2@group-1720A28C8555, cid=243, FAILED org.apache.ratis.protocol.NotLeaderException: Server s2@group-1720A28C8555 is not the leader, logIndex=0, commits[s2:c486, s0:c481, s1:c483]
2019-09-26 14:02:03,494 INFO  client.GrpcClientProtocolService (GrpcClientProtocolService.java:lambda$processClientRequest$0(278)) - Failed RaftClientRequest:client-54A5215B9B2F->s0@group-1720A28C8555, cid=243, seq=0, RW, Message:128e200a090a03666f6f...(size=4113), reply=RaftClientReply:client-54A5215B9B2F->s0@group-1720A28C8555, cid=243, FAILED org.apache.ratis.protocol.NotLeaderException: Server s0@group-1720A28C8555 is not the leader, logIndex=0, commits[s0:c482, s1:c481, s2:c482]
2019-09-26 14:02:03,499 INFO  client.GrpcClientProtocolService (GrpcClientProtocolService.java:lambda$processClientRequest$0(278)) - Failed RaftClientRequest:client-54A5215B9B2F->s2@group-1720A28C8555, cid=243, seq=0, RW, Message:128e200a090a03666f6f...(size=4113), reply=RaftClientReply:client-54A5215B9B2F->s2@group-1720A28C8555, cid=243, FAILED org.apache.ratis.protocol.NotLeaderException: Server s2@group-1720A28C8555 is not the leader, logIndex=0, commits[s2:c486, s0:c481, s1:c483]
2019-09-26 14:02:03,504 INFO  client.GrpcClientProtocolService (GrpcClientProtocolService.java:lambda$processClientRequest$0(278)) - Failed RaftClientRequest:client-54A5215B9B2F->s0@group-1720A28C8555, cid=243, seq=0, RW, Message:128e200a090a03666f6f...(size=4113), reply=RaftClientReply:client-54A5215B9B2F->s0@group-1720A28C8555, cid=243, FAILED org.apache.ratis.protocol.NotLeaderException: Server s0@group-1720A28C8555 is not the leader, logIndex=0, commits[s0:c482, s1:c481, s2:c482]
2019-09-26 14:02:03,509 INFO  client.GrpcClientProtocolService (GrpcClientProtocolService.java:lambda$processClientRequest$0(278)) - Failed RaftClientRequest:client-54A5215B9B2F->s2@group-1720A28C8555, cid=243, seq=0, RW, Message:128e200a090a03666f6f...(size=4113), reply=RaftClientReply:client-54A5215B9B2F->s2@group-1720A28C8555, cid=243, FAILED org.apache.ratis.protocol.NotLeaderException: Server s2@group-1720A28C8555 is not the leader, logIndex=0, commits[s2:c486, s0:c481, s1:c483]
2019-09-26 14:02:03,514 INFO  client.GrpcClientProtocolService (GrpcClientProtocolService.java:lambda$processClientRequest$0(278)) - Failed RaftClientRequest:client-54A5215B9B2F->s1@group-1720A28C8555, cid=243, seq=0, RW, Message:128e200a090a03666f6f...(size=4113), reply=RaftClientReply:client-54A5215B9B2F->s1@group-1720A28C8555, cid=243, FAILED org.apache.ratis.protocol.NotLeaderException: Server s1@group-1720A28C8555 is not the leader, logIndex=0, commits[s1:c485, s0:c481, s2:c485]
2019-09-26 14:02:03,521 INFO  client.GrpcClientProtocolService (GrpcClientProtocolService.java:lambda$processClientRequest$0(278)) - Failed RaftClientRequest:client-54A5215B9B2F->s0@group-1720A28C8555, cid=243, seq=0, RW, Message:128e200a090a03666f6f...(size=4113), reply=RaftClientReply:client-54A5215B9B2F->s0@group-1720A28C8555, cid=243, FAILED org.apache.ratis.protocol.NotLeaderException: Server s0@group-1720A28C8555 is not the leader, logIndex=0, commits[s0:c482, s1:c481, s2:c482]
2019-09-26 14:02:03,526 INFO  client.GrpcClientProtocolService (GrpcClientProtocolService.java:lambda$processClientRequest$0(278)) - Failed RaftClientRequest:client-54A5215B9B2F->s2@group-1720A28C8555, cid=243, seq=0, RW, Message:128e200a090a03666f6f...(size=4113), reply=RaftClientReply:client-54A5215B9B2F->s2@group-1720A28C8555, cid=243, FAILED org.apache.ratis.protocol.NotLeaderException: Server s2@group-1720A28C8555 is not the leader, logIndex=0, commits[s2:c486, s0:c481, s1:c483]
2019-09-26 14:02:03,531 INFO  client.GrpcClientProtocolService (GrpcClientProtocolService.java:lambda$processClientRequest$0(278)) - Failed RaftClientRequest:client-54A5215B9B2F->s1@group-1720A28C8555, cid=243, seq=0, RW, Message:128e200a090a03666f6f...(size=4113), reply=RaftClientReply:client-54A5215B9B2F->s1@group-1720A28C8555, cid=243, FAILED org.apache.ratis.protocol.NotLeaderException: Server s1@group-1720A28C8555 is not the leader, logIndex=0, commits[s1:c485, s0:c481, s2:c485]
2019-09-26 14:02:03,543 INFO  client.GrpcClientProtocolService (GrpcClientProtocolService.java:lambda$processClientRequest$0(278)) - Failed RaftClientRequest:client-54A5215B9B2F->s0@group-1720A28C8555, cid=243, seq=0, RW, Message:128e200a090a03666f6f...(size=4113), reply=RaftClientReply:client-54A5215B9B2F->s0@group-1720A28C8555, cid=243, FAILED org.apache.ratis.protocol.NotLeaderException: Server s0@group-1720A28C8555 is not the leader, logIndex=0, commits[s0:c482, s1:c481, s2:c482]
2019-09-26 14:02:03,548 INFO  client.GrpcClientProtocolService (GrpcClientProtocolService.java:lambda$processClientRequest$0(278)) - Failed RaftClientRequest:client-54A5215B9B2F->s1@group-1720A28C8555, cid=243, seq=0, RW, Message:128e200a090a03666f6f...(size=4113), reply=RaftClientReply:client-54A5215B9B2F->s1@group-1720A28C8555, cid=243, FAILED org.apache.ratis.protocol.NotLeaderException: Server s1@group-1720A28C8555 is not the leader, logIndex=0, commits[s1:c485, s0:c481, s2:c485]
2019-09-26 14:02:03,553 INFO  client.GrpcClientProtocolService (GrpcClientProtocolService.java:lambda$processClientRequest$0(278)) - Failed RaftClientRequest:client-54A5215B9B2F->s2@group-1720A28C8555, cid=243, seq=0, RW, Message:128e200a090a03666f6f...(size=4113), reply=RaftClientReply:client-54A5215B9B2F->s2@group-1720A28C8555, cid=243, FAILED org.apache.ratis.protocol.NotLeaderException: Server s2@group-1720A28C8555 is not the leader, logIndex=0, commits[s2:c486, s0:c481, s1:c483]
2019-09-26 14:02:03,557 INFO  client.GrpcClientProtocolService (GrpcClientProtocolService.java:lambda$processClientRequest$0(278)) - Failed RaftClientRequest:client-54A5215B9B2F->s1@group-1720A28C8555, cid=243, seq=0, RW, Message:128e200a090a03666f6f...(size=4113), reply=RaftClientReply:client-54A5215B9B2F->s1@group-1720A28C8555, cid=243, FAILED org.apache.ratis.protocol.NotLeaderException: Server s1@group-1720A28C8555 is not the leader, logIndex=0, commits[s1:c485, s0:c481, s2:c485]
2019-09-26 14:02:03,562 INFO  client.GrpcClientProtocolService (GrpcClientProtocolService.java:lambda$processClientRequest$0(278)) - Failed RaftClientRequest:client-54A5215B9B2F->s0@group-1720A28C8555, cid=243, seq=0, RW, Message:128e200a090a03666f6f...(size=4113), reply=RaftClientReply:client-54A5215B9B2F->s0@group-1720A28C8555, cid=243, FAILED org.apache.ratis.protocol.NotLeaderException: Server s0@group-1720A28C8555 is not the leader, logIndex=0, commits[s0:c482, s1:c481, s2:c482]
2019-09-26 14:02:03,566 INFO  client.GrpcClientProtocolService (GrpcClientProtocolService.java:lambda$processClientRequest$0(278)) - Failed RaftClientRequest:client-54A5215B9B2F->s1@group-1720A28C8555, cid=243, seq=0, RW, Message:128e200a090a03666f6f...(size=4113), reply=RaftClientReply:client-54A5215B9B2F->s1@group-1720A28C8555, cid=243, FAILED org.apache.ratis.protocol.NotLeaderException: Server s1@group-1720A28C8555 is not the leader, logIndex=0, commits[s1:c485, s0:c481, s2:c485]
2019-09-26 14:02:03,571 INFO  client.GrpcClientProtocolService (GrpcClientProtocolService.java:lambda$processClientRequest$0(278)) - Failed RaftClientRequest:client-54A5215B9B2F->s0@group-1720A28C8555, cid=243, seq=0, RW, Message:128e200a090a03666f6f...(size=4113), reply=RaftClientReply:client-54A5215B9B2F->s0@group-1720A28C8555, cid=243, FAILED org.apache.ratis.protocol.NotLeaderException: Server s0@group-1720A28C8555 is not the leader, logIndex=0, commits[s0:c482, s1:c481, s2:c482]
2019-09-26 14:02:03,575 INFO  client.GrpcClientProtocolService (GrpcClientProtocolService.java:lambda$processClientRequest$0(278)) - Failed RaftClientRequest:client-54A5215B9B2F->s2@group-1720A28C8555, cid=243, seq=0, RW, Message:128e200a090a03666f6f...(size=4113), reply=RaftClientReply:client-54A5215B9B2F->s2@group-1720A28C8555, cid=243, FAILED org.apache.ratis.protocol.NotLeaderException: Server s2@group-1720A28C8555 is not the leader, logIndex=0, commits[s2:c486, s0:c481, s1:c483]
2019-09-26 14:02:03,580 INFO  client.GrpcClientProtocolService (GrpcClientProtocolService.java:lambda$processClientRequest$0(278)) - Failed RaftClientRequest:client-54A5215B9B2F->s1@group-1720A28C8555, cid=243, seq=0, RW, Message:128e200a090a03666f6f...(size=4113), reply=RaftClientReply:client-54A5215B9B2F->s1@group-1720A28C8555, cid=243, FAILED org.apache.ratis.protocol.NotLeaderException: Server s1@group-1720A28C8555 is not the leader, logIndex=0, commits[s1:c485, s0:c481, s2:c485]
2019-09-26 14:02:03,584 INFO  client.GrpcClientProtocolService (GrpcClientProtocolService.java:lambda$processClientRequest$0(278)) - Failed RaftClientRequest:client-54A5215B9B2F->s0@group-1720A28C8555, cid=243, seq=0, RW, Message:128e200a090a03666f6f...(size=4113), reply=RaftClientReply:client-54A5215B9B2F->s0@group-1720A28C8555, cid=243, FAILED org.apache.ratis.protocol.NotLeaderException: Server s0@group-1720A28C8555 is not the leader, logIndex=0, commits[s0:c482, s1:c481, s2:c482]
2019-09-26 14:02:03,588 INFO  client.GrpcClientProtocolService (GrpcClientProtocolService.java:lambda$processClientRequest$0(278)) - Failed RaftClientRequest:client-54A5215B9B2F->s1@group-1720A28C8555, cid=243, seq=0, RW, Message:128e200a090a03666f6f...(size=4113), reply=RaftClientReply:client-54A5215B9B2F->s1@group-1720A28C8555, cid=243, FAILED org.apache.ratis.protocol.NotLeaderException: Server s1@group-1720A28C8555 is not the leader, logIndex=0, commits[s1:c485, s0:c481, s2:c485]
2019-09-26 14:02:03,592 INFO  client.GrpcClientProtocolService (GrpcClientProtocolService.java:lambda$processClientRequest$0(278)) - Failed RaftClientRequest:client-54A5215B9B2F->s0@group-1720A28C8555, cid=243, seq=0, RW, Message:128e200a090a03666f6f...(size=4113), reply=RaftClientReply:client-54A5215B9B2F->s0@group-1720A28C8555, cid=243, FAILED org.apache.ratis.protocol.NotLeaderException: Server s0@group-1720A28C8555 is not the leader, logIndex=0, commits[s0:c482, s1:c481, s2:c482]
2019-09-26 14:02:03,597 INFO  client.GrpcClientProtocolService (GrpcClientProtocolService.java:lambda$processClientRequest$0(278)) - Failed RaftClientRequest:client-54A5215B9B2F->s2@group-1720A28C8555, cid=243, seq=0, RW, Message:128e200a090a03666f6f...(size=4113), reply=RaftClientReply:client-54A5215B9B2F->s2@group-1720A28C8555, cid=243, FAILED org.apache.ratis.protocol.NotLeaderException: Server s2@group-1720A28C8555 is not the leader, logIndex=0, commits[s2:c486, s0:c481, s1:c483]
2019-09-26 14:02:03,602 INFO  client.GrpcClientProtocolService (GrpcClientProtocolService.java:lambda$processClientRequest$0(278)) - Failed RaftClientRequest:client-54A5215B9B2F->s1@group-1720A28C8555, cid=243, seq=0, RW, Message:128e200a090a03666f6f...(size=4113), reply=RaftClientReply:client-54A5215B9B2F->s1@group-1720A28C8555, cid=243, FAILED org.apache.ratis.protocol.NotLeaderException: Server s1@group-1720A28C8555 is not the leader, logIndex=0, commits[s1:c485, s0:c481, s2:c485]
2019-09-26 14:02:03,608 INFO  client.GrpcClientProtocolService (GrpcClientProtocolService.java:lambda$processClientRequest$0(278)) - Failed RaftClientRequest:client-54A5215B9B2F->s2@group-1720A28C8555, cid=243, seq=0, RW, Message:128e200a090a03666f6f...(size=4113), reply=RaftClientReply:client-54A5215B9B2F->s2@group-1720A28C8555, cid=243, FAILED org.apache.ratis.protocol.NotLeaderException: Server s2@group-1720A28C8555 is not the leader, logIndex=0, commits[s2:c486, s0:c481, s1:c483]
2019-09-26 14:02:03,612 INFO  client.GrpcClientProtocolService (GrpcClientProtocolService.java:lambda$processClientRequest$0(278)) - Failed RaftClientRequest:client-54A5215B9B2F->s1@group-1720A28C8555, cid=243, seq=0, RW, Message:128e200a090a03666f6f...(size=4113), reply=RaftClientReply:client-54A5215B9B2F->s1@group-1720A28C8555, cid=243, FAILED org.apache.ratis.protocol.NotLeaderException: Server s1@group-1720A28C8555 is not the leader, logIndex=0, commits[s1:c485, s0:c481, s2:c485]
2019-09-26 14:02:03,617 INFO  client.GrpcClientProtocolService (GrpcClientProtocolService.java:lambda$processClientRequest$0(278)) - Failed RaftClientRequest:client-54A5215B9B2F->s0@group-1720A28C8555, cid=243, seq=0, RW, Message:128e200a090a03666f6f...(size=4113), reply=RaftClientReply:client-54A5215B9B2F->s0@group-1720A28C8555, cid=243, FAILED org.apache.ratis.protocol.NotLeaderException: Server s0@group-1720A28C8555 is not the leader, logIndex=0, commits[s0:c482, s1:c481, s2:c482]
2019-09-26 14:02:03,622 INFO  client.GrpcClientProtocolService (GrpcClientProtocolService.java:lambda$processClientRequest$0(278)) - Failed RaftClientRequest:client-54A5215B9B2F->s2@group-1720A28C8555, cid=243, seq=0, RW, Message:128e200a090a03666f6f...(size=4113), reply=RaftClientReply:client-54A5215B9B2F->s2@group-1720A28C8555, cid=243, FAILED org.apache.ratis.protocol.NotLeaderException: Server s2@group-1720A28C8555 is not the leader, logIndex=0, commits[s2:c486, s0:c481, s1:c483]
2019-09-26 14:02:03,626 INFO  client.GrpcClientProtocolService (GrpcClientProtocolService.java:lambda$processClientRequest$0(278)) - Failed RaftClientRequest:client-54A5215B9B2F->s0@group-1720A28C8555, cid=243, seq=0, RW, Message:128e200a090a03666f6f...(size=4113), reply=RaftClientReply:client-54A5215B9B2F->s0@group-1720A28C8555, cid=243, FAILED org.apache.ratis.protocol.NotLeaderException: Server s0@group-1720A28C8555 is not the leader, logIndex=0, commits[s0:c482, s1:c481, s2:c482]
2019-09-26 14:02:03,631 INFO  client.GrpcClientProtocolService (GrpcClientProtocolService.java:lambda$processClientRequest$0(278)) - Failed RaftClientRequest:client-54A5215B9B2F->s2@group-1720A28C8555, cid=243, seq=0, RW, Message:128e200a090a03666f6f...(size=4113), reply=RaftClientReply:client-54A5215B9B2F->s2@group-1720A28C8555, cid=243, FAILED org.apache.ratis.protocol.NotLeaderException: Server s2@group-1720A28C8555 is not the leader, logIndex=0, commits[s2:c486, s0:c481, s1:c483]
2019-09-26 14:02:03,635 INFO  client.GrpcClientProtocolService (GrpcClientProtocolService.java:lambda$processClientRequest$0(278)) - Failed RaftClientRequest:client-54A5215B9B2F->s1@group-1720A28C8555, cid=243, seq=0, RW, Message:128e200a090a03666f6f...(size=4113), reply=RaftClientReply:client-54A5215B9B2F->s1@group-1720A28C8555, cid=243, FAILED org.apache.ratis.protocol.NotLeaderException: Server s1@group-1720A28C8555 is not the leader, logIndex=0, commits[s1:c485, s0:c481, s2:c485]
2019-09-26 14:02:03,640 INFO  client.GrpcClientProtocolService (GrpcClientProtocolService.java:lambda$processClientRequest$0(278)) - Failed RaftClientRequest:client-54A5215B9B2F->s0@group-1720A28C8555, cid=243, seq=0, RW, Message:128e200a090a03666f6f...(size=4113), reply=RaftClientReply:client-54A5215B9B2F->s0@group-1720A28C8555, cid=243, FAILED org.apache.ratis.protocol.NotLeaderException: Server s0@group-1720A28C8555 is not the leader, logIndex=0, commits[s0:c482, s1:c481, s2:c482]
2019-09-26 14:02:03,644 INFO  client.GrpcClientProtocolService (GrpcClientProtocolService.java:lambda$processClientRequest$0(278)) - Failed RaftClientRequest:client-54A5215B9B2F->s1@group-1720A28C8555, cid=243, seq=0, RW, Message:128e200a090a03666f6f...(size=4113), reply=RaftClientReply:client-54A5215B9B2F->s1@group-1720A28C8555, cid=243, FAILED org.apache.ratis.protocol.NotLeaderException: Server s1@group-1720A28C8555 is not the leader, logIndex=0, commits[s1:c485, s0:c481, s2:c485]
2019-09-26 14:02:03,649 INFO  client.GrpcClientProtocolService (GrpcClientProtocolService.java:lambda$processClientRequest$0(278)) - Failed RaftClientRequest:client-54A5215B9B2F->s0@group-1720A28C8555, cid=243, seq=0, RW, Message:128e200a090a03666f6f...(size=4113), reply=RaftClientReply:client-54A5215B9B2F->s0@group-1720A28C8555, cid=243, FAILED org.apache.ratis.protocol.NotLeaderException: Server s0@group-1720A28C8555 is not the leader, logIndex=0, commits[s0:c482, s1:c481, s2:c482]
2019-09-26 14:02:03,653 INFO  client.GrpcClientProtocolService (GrpcClientProtocolService.java:lambda$processClientRequest$0(278)) - Failed RaftClientRequest:client-54A5215B9B2F->s2@group-1720A28C8555, cid=243, seq=0, RW, Message:128e200a090a03666f6f...(size=4113), reply=RaftClientReply:client-54A5215B9B2F->s2@group-1720A28C8555, cid=243, FAILED org.apache.ratis.protocol.NotLeaderException: Server s2@group-1720A28C8555 is not the leader, logIndex=0, commits[s2:c486, s0:c481, s1:c483]
2019-09-26 14:02:03,657 INFO  client.GrpcClientProtocolService (GrpcClientProtocolService.java:lambda$processClientRequest$0(278)) - Failed RaftClientRequest:client-54A5215B9B2F->s1@group-1720A28C8555, cid=243, seq=0, RW, Message:128e200a090a03666f6f...(size=4113), reply=RaftClientReply:client-54A5215B9B2F->s1@group-1720A28C8555, cid=243, FAILED org.apache.ratis.protocol.NotLeaderException: Server s1@group-1720A28C8555 is not the leader, logIndex=0, commits[s1:c485, s0:c481, s2:c485]
2019-09-26 14:02:03,661 INFO  client.GrpcClientProtocolService (GrpcClientProtocolService.java:lambda$processClientRequest$0(278)) - Failed RaftClientRequest:client-54A5215B9B2F->s0@group-1720A28C8555, cid=243, seq=0, RW, Message:128e200a090a03666f6f...(size=4113), reply=RaftClientReply:client-54A5215B9B2F->s0@group-1720A28C8555, cid=243, FAILED org.apache.ratis.protocol.NotLeaderException: Server s0@group-1720A28C8555 is not the leader, logIndex=0, commits[s0:c482, s1:c481, s2:c482]
2019-09-26 14:02:03,665 INFO  client.GrpcClientProtocolService (GrpcClientProtocolService.java:lambda$processClientRequest$0(278)) - Failed RaftClientRequest:client-54A5215B9B2F->s2@group-1720A28C8555, cid=243, seq=0, RW, Message:128e200a090a03666f6f...(size=4113), reply=RaftClientReply:client-54A5215B9B2F->s2@group-1720A28C8555, cid=243, FAILED org.apache.ratis.protocol.NotLeaderException: Server s2@group-1720A28C8555 is not the leader, logIndex=0, commits[s2:c486, s0:c481, s1:c483]
2019-09-26 14:02:03,669 INFO  client.GrpcClientProtocolService (GrpcClientProtocolService.java:lambda$processClientRequest$0(278)) - Failed RaftClientRequest:client-54A5215B9B2F->s1@group-1720A28C8555, cid=243, seq=0, RW, Message:128e200a090a03666f6f...(size=4113), reply=RaftClientReply:client-54A5215B9B2F->s1@group-1720A28C8555, cid=243, FAILED org.apache.ratis.protocol.NotLeaderException: Server s1@group-1720A28C8555 is not the leader, logIndex=0, commits[s1:c485, s0:c481, s2:c485]
2019-09-26 14:02:03,674 INFO  impl.FollowerState (FollowerState.java:run(108)) - s1@group-1720A28C8555-FollowerState: change to CANDIDATE, lastRpcTime:211ms, electionTimeout:209ms
2019-09-26 14:02:03,674 INFO  impl.RoleInfo (RoleInfo.java:shutdownFollowerState(121)) - s1: shutdown FollowerState
2019-09-26 14:02:03,674 INFO  client.GrpcClientProtocolService (GrpcClientProtocolService.java:lambda$processClientRequest$0(278)) - Failed RaftClientRequest:client-54A5215B9B2F->s2@group-1720A28C8555, cid=243, seq=0, RW, Message:128e200a090a03666f6f...(size=4113), reply=RaftClientReply:client-54A5215B9B2F->s2@group-1720A28C8555, cid=243, FAILED org.apache.ratis.protocol.NotLeaderException: Server s2@group-1720A28C8555 is not the leader, logIndex=0, commits[s2:c486, s0:c481, s1:c483]
2019-09-26 14:02:03,674 INFO  impl.RaftServerImpl (RaftServerImpl.java:setRole(170)) - s1@group-1720A28C8555: changes role from  FOLLOWER to CANDIDATE at term 5 for changeToCandidate
2019-09-26 14:02:03,674 INFO  impl.RoleInfo (RoleInfo.java:updateAndGet(143)) - s1: start LeaderElection
2019-09-26 14:02:03,679 INFO  client.GrpcClientProtocolService (GrpcClientProtocolService.java:lambda$processClientRequest$0(278)) - Failed RaftClientRequest:client-54A5215B9B2F->s1@group-1720A28C8555, cid=243, seq=0, RW, Message:128e200a090a03666f6f...(size=4113), reply=RaftClientReply:client-54A5215B9B2F->s1@group-1720A28C8555, cid=243, FAILED org.apache.ratis.protocol.NotLeaderException: Server s1@group-1720A28C8555 is not the leader, logIndex=0, commits[s1:c485, s0:c481, s2:c485]
2019-09-26 14:02:03,683 INFO  client.GrpcClientProtocolService (GrpcClientProtocolService.java:lambda$processClientRequest$0(278)) - Failed RaftClientRequest:client-54A5215B9B2F->s0@group-1720A28C8555, cid=243, seq=0, RW, Message:128e200a090a03666f6f...(size=4113), reply=RaftClientReply:client-54A5215B9B2F->s0@group-1720A28C8555, cid=243, FAILED org.apache.ratis.protocol.NotLeaderException: Server s0@group-1720A28C8555 is not the leader, logIndex=0, commits[s0:c482, s1:c481, s2:c482]
2019-09-26 14:02:03,686 INFO  client.GrpcClientProtocolService (GrpcClientProtocolService.java:lambda$processClientRequest$0(278)) - Failed RaftClientRequest:client-54A5215B9B2F->s1@group-1720A28C8555, cid=243, seq=0, RW, Message:128e200a090a03666f6f...(size=4113), reply=RaftClientReply:client-54A5215B9B2F->s1@group-1720A28C8555, cid=243, FAILED org.apache.ratis.protocol.NotLeaderException: Server s1@group-1720A28C8555 is not the leader, logIndex=0, commits[s1:c485, s0:c481, s2:c485]
2019-09-26 14:02:03,689 INFO  impl.LeaderElection (LeaderElection.java:askForVotes(178)) - s1@group-1720A28C8555-LeaderElection7: begin an election at term 6 for 0: [s0:0.0.0.0:36116, s1:0.0.0.0:33523, s2:0.0.0.0:40404], old=null
2019-09-26 14:02:03,690 INFO  client.GrpcClientProtocolService (GrpcClientProtocolService.java:lambda$processClientRequest$0(278)) - Failed RaftClientRequest:client-54A5215B9B2F->s0@group-1720A28C8555, cid=243, seq=0, RW, Message:128e200a090a03666f6f...(size=4113), reply=RaftClientReply:client-54A5215B9B2F->s0@group-1720A28C8555, cid=243, FAILED org.apache.ratis.protocol.NotLeaderException: Server s0@group-1720A28C8555 is not the leader, logIndex=0, commits[s0:c482, s1:c481, s2:c482]
2019-09-26 14:02:03,691 INFO  impl.RaftServerImpl (RaftServerImpl.java:setRole(170)) - s0@group-1720A28C8555: changes role from  FOLLOWER to FOLLOWER at term 6 for recognizeCandidate:s1
2019-09-26 14:02:03,691 INFO  impl.RoleInfo (RoleInfo.java:shutdownFollowerState(121)) - s0: shutdown FollowerState
2019-09-26 14:02:03,691 INFO  impl.RaftServerImpl (RaftServerImpl.java:setRole(170)) - s2@group-1720A28C8555: changes role from  FOLLOWER to FOLLOWER at term 6 for recognizeCandidate:s1
2019-09-26 14:02:03,691 INFO  impl.FollowerState (FollowerState.java:run(117)) - s0@group-1720A28C8555-FollowerState was interrupted: java.lang.InterruptedException: sleep interrupted
2019-09-26 14:02:03,691 INFO  impl.RoleInfo (RoleInfo.java:updateAndGet(143)) - s0: start FollowerState
2019-09-26 14:02:03,691 INFO  impl.RoleInfo (RoleInfo.java:shutdownFollowerState(121)) - s2: shutdown FollowerState
2019-09-26 14:02:03,692 INFO  impl.RoleInfo (RoleInfo.java:updateAndGet(143)) - s2: start FollowerState
2019-09-26 14:02:03,692 INFO  impl.FollowerState (FollowerState.java:run(117)) - s2@group-1720A28C8555-FollowerState was interrupted: java.lang.InterruptedException: sleep interrupted
2019-09-26 14:02:03,697 INFO  client.GrpcClientProtocolService (GrpcClientProtocolService.java:lambda$processClientRequest$0(278)) - Failed RaftClientRequest:client-54A5215B9B2F->s2@group-1720A28C8555, cid=243, seq=0, RW, Message:128e200a090a03666f6f...(size=4113), reply=RaftClientReply:client-54A5215B9B2F->s2@group-1720A28C8555, cid=243, FAILED org.apache.ratis.protocol.NotLeaderException: Server s2@group-1720A28C8555 is not the leader, logIndex=0, commits[s2:c486, s0:c481, s1:c483]
2019-09-26 14:02:03,701 INFO  client.GrpcClientProtocolService (GrpcClientProtocolService.java:lambda$processClientRequest$0(278)) - Failed RaftClientRequest:client-54A5215B9B2F->s0@group-1720A28C8555, cid=243, seq=0, RW, Message:128e200a090a03666f6f...(size=4113), reply=RaftClientReply:client-54A5215B9B2F->s0@group-1720A28C8555, cid=243, FAILED org.apache.ratis.protocol.NotLeaderException: Server s0@group-1720A28C8555 is not the leader, logIndex=0, commits[s0:c482, s1:c481, s2:c482]
2019-09-26 14:02:03,705 INFO  client.GrpcClientProtocolService (GrpcClientProtocolService.java:lambda$processClientRequest$0(278)) - Failed RaftClientRequest:client-54A5215B9B2F->s2@group-1720A28C8555, cid=243, seq=0, RW, Message:128e200a090a03666f6f...(size=4113), reply=RaftClientReply:client-54A5215B9B2F->s2@group-1720A28C8555, cid=243, FAILED org.apache.ratis.protocol.NotLeaderException: Server s2@group-1720A28C8555 is not the leader, logIndex=0, commits[s2:c486, s0:c481, s1:c483]
2019-09-26 14:02:03,707 INFO  impl.LeaderElection (LeaderElection.java:logAndReturn(56)) - s1@group-1720A28C8555-LeaderElection7: Election PASSED; received 1 response(s) [s1<-s0#0:OK-t6] and 0 exception(s); s1@group-1720A28C8555:t6, leader=null, voted=s1, raftlog=s1@group-1720A28C8555-SegmentedRaftLog:OPENED:c485,f486,i486, conf=0: [s0:0.0.0.0:36116, s1:0.0.0.0:33523, s2:0.0.0.0:40404], old=null
2019-09-26 14:02:03,708 INFO  impl.RoleInfo (RoleInfo.java:shutdownLeaderElection(134)) - s1: shutdown LeaderElection
2019-09-26 14:02:03,708 INFO  impl.RaftServerImpl (RaftServerImpl.java:setRole(170)) - s1@group-1720A28C8555: changes role from CANDIDATE to LEADER at term 6 for changeToLeader
2019-09-26 14:02:03,709 INFO  impl.RaftServerImpl (ServerState.java:setLeader(254)) - s1@group-1720A28C8555: change Leader from null to s1 at term 6 for becomeLeader, leader elected after 464ms
2019-09-26 14:02:03,709 INFO  server.RaftServerConfigKeys (ConfUtils.java:logGet(43)) - raft.server.staging.catchup.gap = 1000 (default)
2019-09-26 14:02:03,709 INFO  server.RaftServerConfigKeys (ConfUtils.java:logGet(43)) - raft.server.rpc.sleep.time = 25ms (default)
2019-09-26 14:02:03,709 INFO  server.RaftServerConfigKeys (ConfUtils.java:logGet(43)) - raft.server.write.element-limit = 4096 (default)
2019-09-26 14:02:03,709 INFO  server.RaftServerConfigKeys (ConfUtils.java:logGet(43)) - raft.server.watch.timeout = 10s (default)
2019-09-26 14:02:03,709 INFO  server.RaftServerConfigKeys (ConfUtils.java:logGet(43)) - raft.server.watch.timeout.denomination = 1s (default)
2019-09-26 14:02:03,710 INFO  server.RaftServerConfigKeys (ConfUtils.java:logGet(43)) - raft.server.watch.element-limit = 65536 (default)
2019-09-26 14:02:03,711 INFO  client.GrpcClientProtocolService (GrpcClientProtocolService.java:lambda$processClientRequest$0(278)) - Failed RaftClientRequest:client-54A5215B9B2F->s1@group-1720A28C8555, cid=243, seq=0, RW, Message:128e200a090a03666f6f...(size=4113), reply=RaftClientReply:client-54A5215B9B2F->s1@group-1720A28C8555, cid=243, FAILED org.apache.ratis.protocol.LeaderNotReadyException: s1@group-1720A28C8555 is in LEADER state but not ready yet., logIndex=0, commits[s1:c485]
2019-09-26 14:02:03,713 INFO  client.GrpcClientProtocolService (GrpcClientProtocolService.java:lambda$processClientRequest$0(278)) - Failed RaftClientRequest:client-54A5215B9B2F->s1@group-1720A28C8555, cid=243, seq=0, RW, Message:128e200a090a03666f6f...(size=4113), reply=RaftClientReply:client-54A5215B9B2F->s1@group-1720A28C8555, cid=243, FAILED org.apache.ratis.protocol.LeaderNotReadyException: s1@group-1720A28C8555 is in LEADER state but not ready yet., logIndex=0, commits[s1:c485]
2019-09-26 14:02:03,714 INFO  server.RaftServerConfigKeys (ConfUtils.java:logGet(43)) - raft.server.log.appender.snapshot.chunk.size.max = 16MB (=16777216) (default)
2019-09-26 14:02:03,714 INFO  server.RaftServerConfigKeys (ConfUtils.java:logGet(43)) - raft.server.log.appender.buffer.byte-limit = 4MB (=4194304) (default)
2019-09-26 14:02:03,714 INFO  server.RaftServerConfigKeys (ConfUtils.java:logGet(43)) - raft.server.log.appender.buffer.element-limit = 0 (default)
2019-09-26 14:02:03,715 INFO  client.GrpcClientProtocolService (GrpcClientProtocolService.java:lambda$processClientRequest$0(278)) - Failed RaftClientRequest:client-54A5215B9B2F->s1@group-1720A28C8555, cid=243, seq=0, RW, Message:128e200a090a03666f6f...(size=4113), reply=RaftClientReply:client-54A5215B9B2F->s1@group-1720A28C8555, cid=243, FAILED org.apache.ratis.protocol.LeaderNotReadyException: s1@group-1720A28C8555 is in LEADER state but not ready yet., logIndex=0, commits[s1:c485]
2019-09-26 14:02:03,715 INFO  grpc.GrpcConfigKeys$Server (ConfUtils.java:logGet(43)) - raft.grpc.server.leader.outstanding.appends.max = 128 (default)
2019-09-26 14:02:03,715 INFO  server.RaftServerConfigKeys (ConfUtils.java:logGet(43)) - raft.server.rpc.request.timeout = 3000ms (default)
2019-09-26 14:02:03,715 INFO  server.RaftServerConfigKeys (ConfUtils.java:logGet(43)) - raft.server.log.appender.install.snapshot.enabled = true (default)
2019-09-26 14:02:03,716 INFO  server.RaftServerConfigKeys (ConfUtils.java:logGet(43)) - raft.server.log.appender.snapshot.chunk.size.max = 16MB (=16777216) (default)
2019-09-26 14:02:03,716 INFO  server.RaftServerConfigKeys (ConfUtils.java:logGet(43)) - raft.server.log.appender.buffer.byte-limit = 4MB (=4194304) (default)
2019-09-26 14:02:03,716 INFO  server.RaftServerConfigKeys (ConfUtils.java:logGet(43)) - raft.server.log.appender.buffer.element-limit = 0 (default)
2019-09-26 14:02:03,716 INFO  grpc.GrpcConfigKeys$Server (ConfUtils.java:logGet(43)) - raft.grpc.server.leader.outstanding.appends.max = 128 (default)
2019-09-26 14:02:03,716 INFO  server.RaftServerConfigKeys (ConfUtils.java:logGet(43)) - raft.server.rpc.request.timeout = 3000ms (default)
2019-09-26 14:02:03,717 INFO  server.RaftServerConfigKeys (ConfUtils.java:logGet(43)) - raft.server.log.appender.install.snapshot.enabled = true (default)
2019-09-26 14:02:03,717 INFO  client.GrpcClientProtocolService (GrpcClientProtocolService.java:lambda$processClientRequest$0(278)) - Failed RaftClientRequest:client-54A5215B9B2F->s1@group-1720A28C8555, cid=243, seq=0, RW, Message:128e200a090a03666f6f...(size=4113), reply=RaftClientReply:client-54A5215B9B2F->s1@group-1720A28C8555, cid=243, FAILED org.apache.ratis.protocol.LeaderNotReadyException: s1@group-1720A28C8555 is in LEADER state but not ready yet., logIndex=0, commits[s1:c485]
2019-09-26 14:02:03,717 INFO  impl.RoleInfo (RoleInfo.java:updateAndGet(143)) - s1: start LeaderState
2019-09-26 14:02:03,718 INFO  segmented.SegmentedRaftLogWorker (SegmentedRaftLogWorker.java:rollLogSegment(385)) - s1@group-1720A28C8555-SegmentedRaftLogWorker: Rolling segment log-0_486 to index:486
2019-09-26 14:02:03,719 INFO  client.GrpcClientProtocolService (GrpcClientProtocolService.java:lambda$processClientRequest$0(278)) - Failed RaftClientRequest:client-54A5215B9B2F->s1@group-1720A28C8555, cid=243, seq=0, RW, Message:128e200a090a03666f6f...(size=4113), reply=RaftClientReply:client-54A5215B9B2F->s1@group-1720A28C8555, cid=243, FAILED org.apache.ratis.protocol.LeaderNotReadyException: s1@group-1720A28C8555 is in LEADER state but not ready yet., logIndex=0, commits[s1:c485, s0:c481, s2:c485]
2019-09-26 14:02:03,721 INFO  client.GrpcClientProtocolService (GrpcClientProtocolService.java:lambda$processClientRequest$0(278)) - Failed RaftClientRequest:client-54A5215B9B2F->s1@group-1720A28C8555, cid=243, seq=0, RW, Message:128e200a090a03666f6f...(size=4113), reply=RaftClientReply:client-54A5215B9B2F->s1@group-1720A28C8555, cid=243, FAILED org.apache.ratis.protocol.LeaderNotReadyException: s1@group-1720A28C8555 is in LEADER state but not ready yet., logIndex=0, commits[s1:c485, s0:c481, s2:c485]
2019-09-26 14:02:03,723 INFO  impl.RaftServerImpl (ServerState.java:setRaftConf(355)) - s1@group-1720A28C8555: set configuration 487: [s0:0.0.0.0:36116, s1:0.0.0.0:33523, s2:0.0.0.0:40404], old=null at 487
2019-09-26 14:02:03,723 TRACE util.FileUtils (LogUtils.java:runAndLog(61)) - Successfully ran Files.move /workdir/ratis-examples/target/test/data/92cd4afb/MiniRaftClusterWithGrpc4a8e4c9f/s1/3e568cf1-66e7-476e-b2f1-1720a28c8555/current/log_inprogress_0 to /workdir/ratis-examples/target/test/data/92cd4afb/MiniRaftClusterWithGrpc4a8e4c9f/s1/3e568cf1-66e7-476e-b2f1-1720a28c8555/current/log_0-486
2019-09-26 14:02:03,724 INFO  segmented.SegmentedRaftLogWorker (SegmentedRaftLogWorker.java:execute(526)) - s1@group-1720A28C8555-SegmentedRaftLogWorker: Rolled log segment from /workdir/ratis-examples/target/test/data/92cd4afb/MiniRaftClusterWithGrpc4a8e4c9f/s1/3e568cf1-66e7-476e-b2f1-1720a28c8555/current/log_inprogress_0 to /workdir/ratis-examples/target/test/data/92cd4afb/MiniRaftClusterWithGrpc4a8e4c9f/s1/3e568cf1-66e7-476e-b2f1-1720a28c8555/current/log_0-486
2019-09-26 14:02:03,725 INFO  client.GrpcClientProtocolService (GrpcClientProtocolService.java:lambda$processClientRequest$0(278)) - Failed RaftClientRequest:client-54A5215B9B2F->s1@group-1720A28C8555, cid=243, seq=0, RW, Message:128e200a090a03666f6f...(size=4113), reply=RaftClientReply:client-54A5215B9B2F->s1@group-1720A28C8555, cid=243, FAILED org.apache.ratis.protocol.LeaderNotReadyException: s1@group-1720A28C8555 is in LEADER state but not ready yet., logIndex=0, commits[s1:c485, s0:c481, s2:c485]
2019-09-26 14:02:03,725 INFO  impl.RaftServerImpl (ServerState.java:setLeader(254)) - s2@group-1720A28C8555: change Leader from null to s1 at term 6 for appendEntries, leader elected after 477ms
2019-09-26 14:02:03,726 INFO  impl.RaftServerImpl (ServerState.java:setLeader(254)) - s0@group-1720A28C8555: change Leader from null to s1 at term 6 for appendEntries, leader elected after 518ms
2019-09-26 14:02:03,726 INFO  impl.RaftServerImpl (RaftServerImpl.java:checkInconsistentAppendEntries(999)) - s0@group-1720A28C8555: Failed appendEntries as previous log entry ((t:3, i:486)) is not found
2019-09-26 14:02:03,726 INFO  impl.RaftServerImpl (RaftServerImpl.java:checkInconsistentAppendEntries(972)) - s0@group-1720A28C8555: inconsistency entries. Reply:s1<-s0#0:FAIL,INCONSISTENCY,nextIndex:484,term:6,followerCommit:482
2019-09-26 14:02:03,727 INFO  client.GrpcClientProtocolService (GrpcClientProtocolService.java:lambda$processClientRequest$0(278)) - Failed RaftClientRequest:client-54A5215B9B2F->s1@group-1720A28C8555, cid=243, seq=0, RW, Message:128e200a090a03666f6f...(size=4113), reply=RaftClientReply:client-54A5215B9B2F->s1@group-1720A28C8555, cid=243, FAILED org.apache.ratis.protocol.LeaderNotReadyException: s1@group-1720A28C8555 is in LEADER state but not ready yet., logIndex=0, commits[s1:c485, s0:c481, s2:c486]
2019-09-26 14:02:03,727 INFO  impl.RaftServerImpl (ServerState.java:setRaftConf(355)) - s2@group-1720A28C8555: set configuration 487: [s0:0.0.0.0:36116, s1:0.0.0.0:33523, s2:0.0.0.0:40404], old=null at 487
2019-09-26 14:02:03,728 INFO  impl.FollowerInfo (FollowerInfo.java:lambda$new$0(51)) - s1@group-1720A28C8555->s0: nextIndex: updateUnconditionally 487 -> 484
2019-09-26 14:02:03,728 INFO  segmented.SegmentedRaftLogWorker (SegmentedRaftLogWorker.java:rollLogSegment(385)) - s2@group-1720A28C8555-SegmentedRaftLogWorker: Rolling segment log-0_486 to index:486
2019-09-26 14:02:03,729 INFO  impl.RaftServerImpl (ServerState.java:setRaftConf(355)) - s0@group-1720A28C8555: set configuration 487: [s0:0.0.0.0:36116, s1:0.0.0.0:33523, s2:0.0.0.0:40404], old=null at 487
2019-09-26 14:02:03,729 INFO  segmented.SegmentedRaftLogWorker (SegmentedRaftLogWorker.java:rollLogSegment(385)) - s0@group-1720A28C8555-SegmentedRaftLogWorker: Rolling segment log-0_486 to index:486
2019-09-26 14:02:03,729 INFO  client.GrpcClientProtocolService (GrpcClientProtocolService.java:lambda$processClientRequest$0(278)) - Failed RaftClientRequest:client-54A5215B9B2F->s1@group-1720A28C8555, cid=243, seq=0, RW, Message:128e200a090a03666f6f...(size=4113), reply=RaftClientReply:client-54A5215B9B2F->s1@group-1720A28C8555, cid=243, FAILED org.apache.ratis.protocol.LeaderNotReadyException: s1@group-1720A28C8555 is in LEADER state but not ready yet., logIndex=0, commits[s1:c485, s0:c481, s2:c486]
2019-09-26 14:02:03,731 TRACE util.FileUtils (LogUtils.java:runAndLog(61)) - Successfully ran Files.move /workdir/ratis-examples/target/test/data/92cd4afb/MiniRaftClusterWithGrpc4a8e4c9f/s2/3e568cf1-66e7-476e-b2f1-1720a28c8555/current/log_inprogress_0 to /workdir/ratis-examples/target/test/data/92cd4afb/MiniRaftClusterWithGrpc4a8e4c9f/s2/3e568cf1-66e7-476e-b2f1-1720a28c8555/current/log_0-486
2019-09-26 14:02:03,731 INFO  segmented.SegmentedRaftLogWorker (SegmentedRaftLogWorker.java:execute(526)) - s2@group-1720A28C8555-SegmentedRaftLogWorker: Rolled log segment from /workdir/ratis-examples/target/test/data/92cd4afb/MiniRaftClusterWithGrpc4a8e4c9f/s2/3e568cf1-66e7-476e-b2f1-1720a28c8555/current/log_inprogress_0 to /workdir/ratis-examples/target/test/data/92cd4afb/MiniRaftClusterWithGrpc4a8e4c9f/s2/3e568cf1-66e7-476e-b2f1-1720a28c8555/current/log_0-486
2019-09-26 14:02:03,732 INFO  client.GrpcClientProtocolService (GrpcClientProtocolService.java:lambda$processClientRequest$0(278)) - Failed RaftClientRequest:client-54A5215B9B2F->s1@group-1720A28C8555, cid=243, seq=0, RW, Message:128e200a090a03666f6f...(size=4113), reply=RaftClientReply:client-54A5215B9B2F->s1@group-1720A28C8555, cid=243, FAILED org.apache.ratis.protocol.LeaderNotReadyException: s1@group-1720A28C8555 is in LEADER state but not ready yet., logIndex=0, commits[s1:c485, s0:c481, s2:c486]
2019-09-26 14:02:03,734 INFO  client.GrpcClientProtocolService (GrpcClientProtocolService.java:lambda$processClientRequest$0(278)) - Failed RaftClientRequest:client-54A5215B9B2F->s1@group-1720A28C8555, cid=243, seq=0, RW, Message:128e200a090a03666f6f...(size=4113), reply=RaftClientReply:client-54A5215B9B2F->s1@group-1720A28C8555, cid=243, FAILED org.apache.ratis.protocol.LeaderNotReadyException: s1@group-1720A28C8555 is in LEADER state but not ready yet., logIndex=0, commits[s1:c485, s0:c481, s2:c486]
2019-09-26 14:02:03,736 INFO  client.GrpcClientProtocolService (GrpcClientProtocolService.java:lambda$processClientRequest$0(278)) - Failed RaftClientRequest:client-54A5215B9B2F->s1@group-1720A28C8555, cid=243, seq=0, RW, Message:128e200a090a03666f6f...(size=4113), reply=RaftClientReply:client-54A5215B9B2F->s1@group-1720A28C8555, cid=243, FAILED org.apache.ratis.protocol.LeaderNotReadyException: s1@group-1720A28C8555 is in LEADER state but not ready yet., logIndex=0, commits[s1:c485, s0:c481, s2:c486]
2019-09-26 14:02:03,738 INFO  client.GrpcClientProtocolService (GrpcClientProtocolService.java:lambda$processClientRequest$0(278)) - Failed RaftClientRequest:client-54A5215B9B2F->s1@group-1720A28C8555, cid=243, seq=0, RW, Message:128e200a090a03666f6f...(size=4113), reply=RaftClientReply:client-54A5215B9B2F->s1@group-1720A28C8555, cid=243, FAILED org.apache.ratis.protocol.LeaderNotReadyException: s1@group-1720A28C8555 is in LEADER state but not ready yet., logIndex=0, commits[s1:c485, s0:c481, s2:c486]
2019-09-26 14:02:03,740 INFO  client.GrpcClientProtocolService (GrpcClientProtocolService.java:lambda$processClientRequest$0(278)) - Failed RaftClientRequest:client-54A5215B9B2F->s1@group-1720A28C8555, cid=243, seq=0, RW, Message:128e200a090a03666f6f...(size=4113), reply=RaftClientReply:client-54A5215B9B2F->s1@group-1720A28C8555, cid=243, FAILED org.apache.ratis.protocol.LeaderNotReadyException: s1@group-1720A28C8555 is in LEADER state but not ready yet., logIndex=0, commits[s1:c485, s0:c481, s2:c486]
2019-09-26 14:02:03,742 INFO  client.GrpcClientProtocolService (GrpcClientProtocolService.java:lambda$processClientRequest$0(278)) - Failed RaftClientRequest:client-54A5215B9B2F->s1@group-1720A28C8555, cid=243, seq=0, RW, Message:128e200a090a03666f6f...(size=4113), reply=RaftClientReply:client-54A5215B9B2F->s1@group-1720A28C8555, cid=243, FAILED org.apache.ratis.protocol.LeaderNotReadyException: s1@group-1720A28C8555 is in LEADER state but not ready yet., logIndex=0, commits[s1:c485, s0:c481, s2:c486]
2019-09-26 14:02:03,743 INFO  client.GrpcClientProtocolService (GrpcClientProtocolService.java:lambda$processClientRequest$0(278)) - Failed RaftClientRequest:client-54A5215B9B2F->s1@group-1720A28C8555, cid=243, seq=0, RW, Message:128e200a090a03666f6f...(size=4113), reply=RaftClientReply:client-54A5215B9B2F->s1@group-1720A28C8555, cid=243, FAILED org.apache.ratis.protocol.LeaderNotReadyException: s1@group-1720A28C8555 is in LEADER state but not ready yet., logIndex=0, commits[s1:c485, s0:c481, s2:c486]
2019-09-26 14:02:03,745 INFO  client.GrpcClientProtocolService (GrpcClientProtocolService.java:lambda$processClientRequest$0(278)) - Failed RaftClientRequest:client-54A5215B9B2F->s1@group-1720A28C8555, cid=243, seq=0, RW, Message:128e200a090a03666f6f...(size=4113), reply=RaftClientReply:client-54A5215B9B2F->s1@group-1720A28C8555, cid=243, FAILED org.apache.ratis.protocol.LeaderNotReadyException: s1@group-1720A28C8555 is in LEADER state but not ready yet., logIndex=0, commits[s1:c485, s0:c481, s2:c486]
2019-09-26 14:02:03,747 INFO  client.GrpcClientProtocolService (GrpcClientProtocolService.java:lambda$processClientRequest$0(278)) - Failed RaftClientRequest:client-54A5215B9B2F->s1@group-1720A28C8555, cid=243, seq=0, RW, Message:128e200a090a03666f6f...(size=4113), reply=RaftClientReply:client-54A5215B9B2F->s1@group-1720A28C8555, cid=243, FAILED org.apache.ratis.protocol.LeaderNotReadyException: s1@group-1720A28C8555 is in LEADER state but not ready yet., logIndex=0, commits[s1:c485, s0:c481, s2:c486]
2019-09-26 14:02:03,749 INFO  client.GrpcClientProtocolService (GrpcClientProtocolService.java:lambda$processClientRequest$0(278)) - Failed RaftClientRequest:client-54A5215B9B2F->s1@group-1720A28C8555, cid=243, seq=0, RW, Message:128e200a090a03666f6f...(size=4113), reply=RaftClientReply:client-54A5215B9B2F->s1@group-1720A28C8555, cid=243, FAILED org.apache.ratis.protocol.LeaderNotReadyException: s1@group-1720A28C8555 is in LEADER state but not ready yet., logIndex=0, commits[s1:c485, s0:c481, s2:c486]
2019-09-26 14:02:03,750 INFO  client.GrpcClientProtocolService (GrpcClientProtocolService.java:lambda$processClientRequest$0(278)) - Failed RaftClientRequest:client-54A5215B9B2F->s1@group-1720A28C8555, cid=243, seq=0, RW, Message:128e200a090a03666f6f...(size=4113), reply=RaftClientReply:client-54A5215B9B2F->s1@group-1720A28C8555, cid=243, FAILED org.apache.ratis.protocol.LeaderNotReadyException: s1@group-1720A28C8555 is in LEADER state but not ready yet., logIndex=0, commits[s1:c485, s0:c481, s2:c486]
2019-09-26 14:02:03,753 INFO  client.GrpcClientProtocolService (GrpcClientProtocolService.java:lambda$processClientRequest$0(278)) - Failed RaftClientRequest:client-54A5215B9B2F->s1@group-1720A28C8555, cid=243, seq=0, RW, Message:128e200a090a03666f6f...(size=4113), reply=RaftClientReply:client-54A5215B9B2F->s1@group-1720A28C8555, cid=243, FAILED org.apache.ratis.protocol.LeaderNotReadyException: s1@group-1720A28C8555 is in LEADER state but not ready yet., logIndex=0, commits[s1:c485, s0:c481, s2:c486]
2019-09-26 14:02:03,754 INFO  client.GrpcClientProtocolService (GrpcClientProtocolService.java:lambda$processClientRequest$0(278)) - Failed RaftClientRequest:client-54A5215B9B2F->s1@group-1720A28C8555, cid=243, seq=0, RW, Message:128e200a090a03666f6f...(size=4113), reply=RaftClientReply:client-54A5215B9B2F->s1@group-1720A28C8555, cid=243, FAILED org.apache.ratis.protocol.LeaderNotReadyException: s1@group-1720A28C8555 is in LEADER state but not ready yet., logIndex=0, commits[s1:c485, s0:c481, s2:c486]
2019-09-26 14:02:03,756 INFO  client.GrpcClientProtocolService (GrpcClientProtocolService.java:lambda$processClientRequest$0(278)) - Failed RaftClientRequest:client-54A5215B9B2F->s1@group-1720A28C8555, cid=243, seq=0, RW, Message:128e200a090a03666f6f...(size=4113), reply=RaftClientReply:client-54A5215B9B2F->s1@group-1720A28C8555, cid=243, FAILED org.apache.ratis.protocol.LeaderNotReadyException: s1@group-1720A28C8555 is in LEADER state but not ready yet., logIndex=0, commits[s1:c485, s0:c481, s2:c486]
2019-09-26 14:02:03,758 INFO  client.GrpcClientProtocolService (GrpcClientProtocolService.java:lambda$processClientRequest$0(278)) - Failed RaftClientRequest:client-54A5215B9B2F->s1@group-1720A28C8555, cid=243, seq=0, RW, Message:128e200a090a03666f6f...(size=4113), reply=RaftClientReply:client-54A5215B9B2F->s1@group-1720A28C8555, cid=243, FAILED org.apache.ratis.protocol.LeaderNotReadyException: s1@group-1720A28C8555 is in LEADER state but not ready yet., logIndex=0, commits[s1:c485, s0:c481, s2:c486]
2019-09-26 14:02:03,760 INFO  client.GrpcClientProtocolService (GrpcClientProtocolService.java:lambda$processClientRequest$0(278)) - Failed RaftClientRequest:client-54A5215B9B2F->s1@group-1720A28C8555, cid=243, seq=0, RW, Message:128e200a090a03666f6f...(size=4113), reply=RaftClientReply:client-54A5215B9B2F->s1@group-1720A28C8555, cid=243, FAILED org.apache.ratis.protocol.LeaderNotReadyException: s1@group-1720A28C8555 is in LEADER state but not ready yet., logIndex=0, commits[s1:c485, s0:c481, s2:c486]
2019-09-26 14:02:03,761 INFO  client.GrpcClientProtocolService (GrpcClientProtocolService.java:lambda$processClientRequest$0(278)) - Failed RaftClientRequest:client-54A5215B9B2F->s1@group-1720A28C8555, cid=243, seq=0, RW, Message:128e200a090a03666f6f...(size=4113), reply=RaftClientReply:client-54A5215B9B2F->s1@group-1720A28C8555, cid=243, FAILED org.apache.ratis.protocol.LeaderNotReadyException: s1@group-1720A28C8555 is in LEADER state but not ready yet., logIndex=0, commits[s1:c485, s0:c481, s2:c486]
2019-09-26 14:02:03,763 INFO  client.GrpcClientProtocolService (GrpcClientProtocolService.java:lambda$processClientRequest$0(278)) - Failed RaftClientRequest:client-54A5215B9B2F->s1@group-1720A28C8555, cid=243, seq=0, RW, Message:128e200a090a03666f6f...(size=4113), reply=RaftClientReply:client-54A5215B9B2F->s1@group-1720A28C8555, cid=243, FAILED org.apache.ratis.protocol.LeaderNotReadyException: s1@group-1720A28C8555 is in LEADER state but not ready yet., logIndex=0, commits[s1:c485, s0:c481, s2:c486]
2019-09-26 14:02:03,765 INFO  client.GrpcClientProtocolService (GrpcClientProtocolService.java:lambda$processClientRequest$0(278)) - Failed RaftClientRequest:client-54A5215B9B2F->s1@group-1720A28C8555, cid=243, seq=0, RW, Message:128e200a090a03666f6f...(size=4113), reply=RaftClientReply:client-54A5215B9B2F->s1@group-1720A28C8555, cid=243, FAILED org.apache.ratis.protocol.LeaderNotReadyException: s1@group-1720A28C8555 is in LEADER state but not ready yet., logIndex=0, commits[s1:c485, s0:c481, s2:c486]
2019-09-26 14:02:03,767 INFO  client.GrpcClientProtocolService (GrpcClientProtocolService.java:lambda$processClientRequest$0(278)) - Failed RaftClientRequest:client-54A5215B9B2F->s1@group-1720A28C8555, cid=243, seq=0, RW, Message:128e200a090a03666f6f...(size=4113), reply=RaftClientReply:client-54A5215B9B2F->s1@group-1720A28C8555, cid=243, FAILED org.apache.ratis.protocol.LeaderNotReadyException: s1@group-1720A28C8555 is in LEADER state but not ready yet., logIndex=0, commits[s1:c485, s0:c481, s2:c486]
2019-09-26 14:02:03,769 INFO  client.GrpcClientProtocolService (GrpcClientProtocolService.java:lambda$processClientRequest$0(278)) - Failed RaftClientRequest:client-54A5215B9B2F->s1@group-1720A28C8555, cid=243, seq=0, RW, Message:128e200a090a03666f6f...(size=4113), reply=RaftClientReply:client-54A5215B9B2F->s1@group-1720A28C8555, cid=243, FAILED org.apache.ratis.protocol.LeaderNotReadyException: s1@group-1720A28C8555 is in LEADER state but not ready yet., logIndex=0, commits[s1:c485, s0:c481, s2:c486]
2019-09-26 14:02:03,771 INFO  client.GrpcClientProtocolService (GrpcClientProtocolService.java:lambda$processClientRequest$0(278)) - Failed RaftClientRequest:client-54A5215B9B2F->s1@group-1720A28C8555, cid=243, seq=0, RW, Message:128e200a090a03666f6f...(size=4113), reply=RaftClientReply:client-54A5215B9B2F->s1@group-1720A28C8555, cid=243, FAILED org.apache.ratis.protocol.LeaderNotReadyException: s1@group-1720A28C8555 is in LEADER state but not ready yet., logIndex=0, commits[s1:c485, s0:c481, s2:c486]
2019-09-26 14:02:03,773 INFO  client.GrpcClientProtocolService (GrpcClientProtocolService.java:lambda$processClientRequest$0(278)) - Failed RaftClientRequest:client-54A5215B9B2F->s1@group-1720A28C8555, cid=243, seq=0, RW, Message:128e200a090a03666f6f...(size=4113), reply=RaftClientReply:client-54A5215B9B2F->s1@group-1720A28C8555, cid=243, FAILED org.apache.ratis.protocol.LeaderNotReadyException: s1@group-1720A28C8555 is in LEADER state but not ready yet., logIndex=0, commits[s1:c485, s0:c481, s2:c486]
2019-09-26 14:02:03,775 INFO  client.GrpcClientProtocolService (GrpcClientProtocolService.java:lambda$processClientRequest$0(278)) - Failed RaftClientRequest:client-54A5215B9B2F->s1@group-1720A28C8555, cid=243, seq=0, RW, Message:128e200a090a03666f6f...(size=4113), reply=RaftClientReply:client-54A5215B9B2F->s1@group-1720A28C8555, cid=243, FAILED org.apache.ratis.protocol.LeaderNotReadyException: s1@group-1720A28C8555 is in LEADER state but not ready yet., logIndex=0, commits[s1:c485, s0:c481, s2:c486]
2019-09-26 14:02:03,776 INFO  client.GrpcClientProtocolService (GrpcClientProtocolService.java:lambda$processClientRequest$0(278)) - Failed RaftClientRequest:client-54A5215B9B2F->s1@group-1720A28C8555, cid=243, seq=0, RW, Message:128e200a090a03666f6f...(size=4113), reply=RaftClientReply:client-54A5215B9B2F->s1@group-1720A28C8555, cid=243, FAILED org.apache.ratis.protocol.LeaderNotReadyException: s1@group-1720A28C8555 is in LEADER state but not ready yet., logIndex=0, commits[s1:c485, s0:c481, s2:c486]
2019-09-26 14:02:03,778 INFO  client.GrpcClientProtocolService (GrpcClientProtocolService.java:lambda$processClientRequest$0(278)) - Failed RaftClientRequest:client-54A5215B9B2F->s1@group-1720A28C8555, cid=243, seq=0, RW, Message:128e200a090a03666f6f...(size=4113), reply=RaftClientReply:client-54A5215B9B2F->s1@group-1720A28C8555, cid=243, FAILED org.apache.ratis.protocol.LeaderNotReadyException: s1@group-1720A28C8555 is in LEADER state but not ready yet., logIndex=0, commits[s1:c485, s0:c481, s2:c486]
2019-09-26 14:02:03,780 INFO  client.GrpcClientProtocolService (GrpcClientProtocolService.java:lambda$processClientRequest$0(278)) - Failed RaftClientRequest:client-54A5215B9B2F->s1@group-1720A28C8555, cid=243, seq=0, RW, Message:128e200a090a03666f6f...(size=4113), reply=RaftClientReply:client-54A5215B9B2F->s1@group-1720A28C8555, cid=243, FAILED org.apache.ratis.protocol.LeaderNotReadyException: s1@group-1720A28C8555 is in LEADER state but not ready yet., logIndex=0, commits[s1:c485, s0:c481, s2:c486]
2019-09-26 14:02:03,781 INFO  client.GrpcClientProtocolService (GrpcClientProtocolService.java:lambda$processClientRequest$0(278)) - Failed RaftClientRequest:client-54A5215B9B2F->s1@group-1720A28C8555, cid=243, seq=0, RW, Message:128e200a090a03666f6f...(size=4113), reply=RaftClientReply:client-54A5215B9B2F->s1@group-1720A28C8555, cid=243, FAILED org.apache.ratis.protocol.LeaderNotReadyException: s1@group-1720A28C8555 is in LEADER state but not ready yet., logIndex=0, commits[s1:c485, s0:c481, s2:c486]
2019-09-26 14:02:03,783 INFO  client.GrpcClientProtocolService (GrpcClientProtocolService.java:lambda$processClientRequest$0(278)) - Failed RaftClientRequest:client-54A5215B9B2F->s1@group-1720A28C8555, cid=243, seq=0, RW, Message:128e200a090a03666f6f...(size=4113), reply=RaftClientReply:client-54A5215B9B2F->s1@group-1720A28C8555, cid=243, FAILED org.apache.ratis.protocol.LeaderNotReadyException: s1@group-1720A28C8555 is in LEADER state but not ready yet., logIndex=0, commits[s1:c485, s0:c481, s2:c486]
2019-09-26 14:02:03,785 INFO  client.GrpcClientProtocolService (GrpcClientProtocolService.java:lambda$processClientRequest$0(278)) - Failed RaftClientRequest:client-54A5215B9B2F->s1@group-1720A28C8555, cid=243, seq=0, RW, Message:128e200a090a03666f6f...(size=4113), reply=RaftClientReply:client-54A5215B9B2F->s1@group-1720A28C8555, cid=243, FAILED org.apache.ratis.protocol.LeaderNotReadyException: s1@group-1720A28C8555 is in LEADER state but not ready yet., logIndex=0, commits[s1:c485, s0:c481, s2:c486]
2019-09-26 14:02:03,787 INFO  client.GrpcClientProtocolService (GrpcClientProtocolService.java:lambda$processClientRequest$0(278)) - Failed RaftClientRequest:client-54A5215B9B2F->s1@group-1720A28C8555, cid=243, seq=0, RW, Message:128e200a090a03666f6f...(size=4113), reply=RaftClientReply:client-54A5215B9B2F->s1@group-1720A28C8555, cid=243, FAILED org.apache.ratis.protocol.LeaderNotReadyException: s1@group-1720A28C8555 is in LEADER state but not ready yet., logIndex=0, commits[s1:c485, s0:c481, s2:c486]
2019-09-26 14:02:03,789 INFO  client.GrpcClientProtocolService (GrpcClientProtocolService.java:lambda$processClientRequest$0(278)) - Failed RaftClientRequest:client-54A5215B9B2F->s1@group-1720A28C8555, cid=243, seq=0, RW, Message:128e200a090a03666f6f...(size=4113), reply=RaftClientReply:client-54A5215B9B2F->s1@group-1720A28C8555, cid=243, FAILED org.apache.ratis.protocol.LeaderNotReadyException: s1@group-1720A28C8555 is in LEADER state but not ready yet., logIndex=0, commits[s1:c485, s0:c481, s2:c486]
2019-09-26 14:02:03,791 INFO  client.GrpcClientProtocolService (GrpcClientProtocolService.java:lambda$processClientRequest$0(278)) - Failed RaftClientRequest:client-54A5215B9B2F->s1@group-1720A28C8555, cid=243, seq=0, RW, Message:128e200a090a03666f6f...(size=4113), reply=RaftClientReply:client-54A5215B9B2F->s1@group-1720A28C8555, cid=243, FAILED org.apache.ratis.protocol.LeaderNotReadyException: s1@group-1720A28C8555 is in LEADER state but not ready yet., logIndex=0, commits[s1:c485, s0:c481, s2:c486]
2019-09-26 14:02:03,793 INFO  client.GrpcClientProtocolService (GrpcClientProtocolService.java:lambda$processClientRequest$0(278)) - Failed RaftClientRequest:client-54A5215B9B2F->s1@group-1720A28C8555, cid=243, seq=0, RW, Message:128e200a090a03666f6f...(size=4113), reply=RaftClientReply:client-54A5215B9B2F->s1@group-1720A28C8555, cid=243, FAILED org.apache.ratis.protocol.LeaderNotReadyException: s1@group-1720A28C8555 is in LEADER state but not ready yet., logIndex=0, commits[s1:c485, s0:c481, s2:c486]
2019-09-26 14:02:03,795 INFO  client.GrpcClientProtocolService (GrpcClientProtocolService.java:lambda$processClientRequest$0(278)) - Failed RaftClientRequest:client-54A5215B9B2F->s1@group-1720A28C8555, cid=243, seq=0, RW, Message:128e200a090a03666f6f...(size=4113), reply=RaftClientReply:client-54A5215B9B2F->s1@group-1720A28C8555, cid=243, FAILED org.apache.ratis.protocol.LeaderNotReadyException: s1@group-1720A28C8555 is in LEADER state but not ready yet., logIndex=0, commits[s1:c485, s0:c481, s2:c486]
2019-09-26 14:02:03,797 INFO  client.GrpcClientProtocolService (GrpcClientProtocolService.java:lambda$processClientRequest$0(278)) - Failed RaftClientRequest:client-54A5215B9B2F->s1@group-1720A28C8555, cid=243, seq=0, RW, Message:128e200a090a03666f6f...(size=4113), reply=RaftClientReply:client-54A5215B9B2F->s1@group-1720A28C8555, cid=243, FAILED org.apache.ratis.protocol.LeaderNotReadyException: s1@group-1720A28C8555 is in LEADER state but not ready yet., logIndex=0, commits[s1:c485, s0:c481, s2:c486]
2019-09-26 14:02:03,797 TRACE util.FileUtils (LogUtils.java:runAndLog(61)) - Successfully ran Files.move /workdir/ratis-examples/target/test/data/92cd4afb/MiniRaftClusterWithGrpc4a8e4c9f/s0/3e568cf1-66e7-476e-b2f1-1720a28c8555/current/log_inprogress_0 to /workdir/ratis-examples/target/test/data/92cd4afb/MiniRaftClusterWithGrpc4a8e4c9f/s0/3e568cf1-66e7-476e-b2f1-1720a28c8555/current/log_0-486
2019-09-26 14:02:03,797 INFO  segmented.SegmentedRaftLogWorker (SegmentedRaftLogWorker.java:execute(526)) - s0@group-1720A28C8555-SegmentedRaftLogWorker: Rolled log segment from /workdir/ratis-examples/target/test/data/92cd4afb/MiniRaftClusterWithGrpc4a8e4c9f/s0/3e568cf1-66e7-476e-b2f1-1720a28c8555/current/log_inprogress_0 to /workdir/ratis-examples/target/test/data/92cd4afb/MiniRaftClusterWithGrpc4a8e4c9f/s0/3e568cf1-66e7-476e-b2f1-1720a28c8555/current/log_0-486
2019-09-26 14:02:03,798 INFO  client.GrpcClientProtocolService (GrpcClientProtocolService.java:lambda$processClientRequest$0(278)) - Failed RaftClientRequest:client-54A5215B9B2F->s1@group-1720A28C8555, cid=243, seq=0, RW, Message:128e200a090a03666f6f...(size=4113), reply=RaftClientReply:client-54A5215B9B2F->s1@group-1720A28C8555, cid=243, FAILED org.apache.ratis.protocol.LeaderNotReadyException: s1@group-1720A28C8555 is in LEADER state but not ready yet., logIndex=0, commits[s1:c485, s0:c481, s2:c486]
2019-09-26 14:02:03,800 INFO  client.GrpcClientProtocolService (GrpcClientProtocolService.java:lambda$processClientRequest$0(278)) - Failed RaftClientRequest:client-54A5215B9B2F->s1@group-1720A28C8555, cid=243, seq=0, RW, Message:128e200a090a03666f6f...(size=4113), reply=RaftClientReply:client-54A5215B9B2F->s1@group-1720A28C8555, cid=243, FAILED org.apache.ratis.protocol.LeaderNotReadyException: s1@group-1720A28C8555 is in LEADER state but not ready yet., logIndex=0, commits[s1:c485, s0:c481, s2:c486]
2019-09-26 14:02:03,801 INFO  client.GrpcClientProtocolService (GrpcClientProtocolService.java:lambda$processClientRequest$0(278)) - Failed RaftClientRequest:client-54A5215B9B2F->s1@group-1720A28C8555, cid=243, seq=0, RW, Message:128e200a090a03666f6f...(size=4113), reply=RaftClientReply:client-54A5215B9B2F->s1@group-1720A28C8555, cid=243, FAILED org.apache.ratis.protocol.LeaderNotReadyException: s1@group-1720A28C8555 is in LEADER state but not ready yet., logIndex=0, commits[s1:c485, s0:c481, s2:c486]
2019-09-26 14:02:03,803 INFO  client.GrpcClientProtocolService (GrpcClientProtocolService.java:lambda$processClientRequest$0(278)) - Failed RaftClientRequest:client-54A5215B9B2F->s1@group-1720A28C8555, cid=243, seq=0, RW, Message:128e200a090a03666f6f...(size=4113), reply=RaftClientReply:client-54A5215B9B2F->s1@group-1720A28C8555, cid=243, FAILED org.apache.ratis.protocol.LeaderNotReadyException: s1@group-1720A28C8555 is in LEADER state but not ready yet., logIndex=0, commits[s1:c485, s0:c481, s2:c486]
2019-09-26 14:02:03,805 INFO  client.GrpcClientProtocolService (GrpcClientProtocolService.java:lambda$processClientRequest$0(278)) - Failed RaftClientRequest:client-54A5215B9B2F->s1@group-1720A28C8555, cid=243, seq=0, RW, Message:128e200a090a03666f6f...(size=4113), reply=RaftClientReply:client-54A5215B9B2F->s1@group-1720A28C8555, cid=243, FAILED org.apache.ratis.protocol.LeaderNotReadyException: s1@group-1720A28C8555 is in LEADER state but not ready yet., logIndex=0, commits[s1:c485, s0:c481, s2:c486]
2019-09-26 14:02:03,807 INFO  client.GrpcClientProtocolService (GrpcClientProtocolService.java:lambda$processClientRequest$0(278)) - Failed RaftClientRequest:client-54A5215B9B2F->s1@group-1720A28C8555, cid=243, seq=0, RW, Message:128e200a090a03666f6f...(size=4113), reply=RaftClientReply:client-54A5215B9B2F->s1@group-1720A28C8555, cid=243, FAILED org.apache.ratis.protocol.LeaderNotReadyException: s1@group-1720A28C8555 is in LEADER state but not ready yet., logIndex=0, commits[s1:c485, s0:c481, s2:c486]
2019-09-26 14:02:03,809 INFO  client.GrpcClientProtocolService (GrpcClientProtocolService.java:lambda$processClientRequest$0(278)) - Failed RaftClientRequest:client-54A5215B9B2F->s1@group-1720A28C8555, cid=243, seq=0, RW, Message:128e200a090a03666f6f...(size=4113), reply=RaftClientReply:client-54A5215B9B2F->s1@group-1720A28C8555, cid=243, FAILED org.apache.ratis.protocol.LeaderNotReadyException: s1@group-1720A28C8555 is in LEADER state but not ready yet., logIndex=0, commits[s1:c485, s0:c481, s2:c486]
2019-09-26 14:02:03,811 INFO  client.GrpcClientProtocolService (GrpcClientProtocolService.java:lambda$processClientRequest$0(278)) - Failed RaftClientRequest:client-54A5215B9B2F->s1@group-1720A28C8555, cid=243, seq=0, RW, Message:128e200a090a03666f6f...(size=4113), reply=RaftClientReply:client-54A5215B9B2F->s1@group-1720A28C8555, cid=243, FAILED org.apache.ratis.protocol.LeaderNotReadyException: s1@group-1720A28C8555 is in LEADER state but not ready yet., logIndex=0, commits[s1:c485, s0:c481, s2:c486]
2019-09-26 14:02:03,813 INFO  client.GrpcClientProtocolService (GrpcClientProtocolService.java:lambda$processClientRequest$0(278)) - Failed RaftClientRequest:client-54A5215B9B2F->s1@group-1720A28C8555, cid=243, seq=0, RW, Message:128e200a090a03666f6f...(size=4113), reply=RaftClientReply:client-54A5215B9B2F->s1@group-1720A28C8555, cid=243, FAILED org.apache.ratis.protocol.LeaderNotReadyException: s1@group-1720A28C8555 is in LEADER state but not ready yet., logIndex=0, commits[s1:c485, s0:c481, s2:c486]
2019-09-26 14:02:03,815 INFO  client.GrpcClientProtocolService (GrpcClientProtocolService.java:lambda$processClientRequest$0(278)) - Failed RaftClientRequest:client-54A5215B9B2F->s1@group-1720A28C8555, cid=243, seq=0, RW, Message:128e200a090a03666f6f...(size=4113), reply=RaftClientReply:client-54A5215B9B2F->s1@group-1720A28C8555, cid=243, FAILED org.apache.ratis.protocol.LeaderNotReadyException: s1@group-1720A28C8555 is in LEADER state but not ready yet., logIndex=0, commits[s1:c485, s0:c481, s2:c486]
2019-09-26 14:02:03,817 INFO  client.GrpcClientProtocolService (GrpcClientProtocolService.java:lambda$processClientRequest$0(278)) - Failed RaftClientRequest:client-54A5215B9B2F->s1@group-1720A28C8555, cid=243, seq=0, RW, Message:128e200a090a03666f6f...(size=4113), reply=RaftClientReply:client-54A5215B9B2F->s1@group-1720A28C8555, cid=243, FAILED org.apache.ratis.protocol.LeaderNotReadyException: s1@group-1720A28C8555 is in LEADER state but not ready yet., logIndex=0, commits[s1:c485, s0:c481, s2:c486]
2019-09-26 14:02:03,819 INFO  client.GrpcClientProtocolService (GrpcClientProtocolService.java:lambda$processClientRequest$0(278)) - Failed RaftClientRequest:client-54A5215B9B2F->s1@group-1720A28C8555, cid=243, seq=0, RW, Message:128e200a090a03666f6f...(size=4113), reply=RaftClientReply:client-54A5215B9B2F->s1@group-1720A28C8555, cid=243, FAILED org.apache.ratis.protocol.LeaderNotReadyException: s1@group-1720A28C8555 is in LEADER state but not ready yet., logIndex=0, commits[s1:c485, s0:c481, s2:c486]
2019-09-26 14:02:03,820 INFO  client.GrpcClientProtocolService (GrpcClientProtocolService.java:lambda$processClientRequest$0(278)) - Failed RaftClientRequest:client-54A5215B9B2F->s1@group-1720A28C8555, cid=243, seq=0, RW, Message:128e200a090a03666f6f...(size=4113), reply=RaftClientReply:client-54A5215B9B2F->s1@group-1720A28C8555, cid=243, FAILED org.apache.ratis.protocol.LeaderNotReadyException: s1@group-1720A28C8555 is in LEADER state but not ready yet., logIndex=0, commits[s1:c485, s0:c481, s2:c486]
2019-09-26 14:02:03,822 INFO  client.GrpcClientProtocolService (GrpcClientProtocolService.java:lambda$processClientRequest$0(278)) - Failed RaftClientRequest:client-54A5215B9B2F->s1@group-1720A28C8555, cid=243, seq=0, RW, Message:128e200a090a03666f6f...(size=4113), reply=RaftClientReply:client-54A5215B9B2F->s1@group-1720A28C8555, cid=243, FAILED org.apache.ratis.protocol.LeaderNotReadyException: s1@group-1720A28C8555 is in LEADER state but not ready yet., logIndex=0, commits[s1:c485, s0:c481, s2:c486]
2019-09-26 14:02:03,824 INFO  client.GrpcClientProtocolService (GrpcClientProtocolService.java:lambda$processClientRequest$0(278)) - Failed RaftClientRequest:client-54A5215B9B2F->s1@group-1720A28C8555, cid=243, seq=0, RW, Message:128e200a090a03666f6f...(size=4113), reply=RaftClientReply:client-54A5215B9B2F->s1@group-1720A28C8555, cid=243, FAILED org.apache.ratis.protocol.LeaderNotReadyException: s1@group-1720A28C8555 is in LEADER state but not ready yet., logIndex=0, commits[s1:c485, s0:c481, s2:c486]
2019-09-26 14:02:03,826 INFO  client.GrpcClientProtocolService (GrpcClientProtocolService.java:lambda$processClientRequest$0(278)) - Failed RaftClientRequest:client-54A5215B9B2F->s1@group-1720A28C8555, cid=243, seq=0, RW, Message:128e200a090a03666f6f...(size=4113), reply=RaftClientReply:client-54A5215B9B2F->s1@group-1720A28C8555, cid=243, FAILED org.apache.ratis.protocol.LeaderNotReadyException: s1@group-1720A28C8555 is in LEADER state but not ready yet., logIndex=0, commits[s1:c485, s0:c481, s2:c486]
2019-09-26 14:02:03,828 INFO  client.GrpcClientProtocolService (GrpcClientProtocolService.java:lambda$processClientRequest$0(278)) - Failed RaftClientRequest:client-54A5215B9B2F->s1@group-1720A28C8555, cid=243, seq=0, RW, Message:128e200a090a03666f6f...(size=4113), reply=RaftClientReply:client-54A5215B9B2F->s1@group-1720A28C8555, cid=243, FAILED org.apache.ratis.protocol.LeaderNotReadyException: s1@group-1720A28C8555 is in LEADER state but not ready yet., logIndex=0, commits[s1:c485, s0:c481, s2:c486]
2019-09-26 14:02:03,830 INFO  client.GrpcClientProtocolService (GrpcClientProtocolService.java:lambda$processClientRequest$0(278)) - Failed RaftClientRequest:client-54A5215B9B2F->s1@group-1720A28C8555, cid=243, seq=0, RW, Message:128e200a090a03666f6f...(size=4113), reply=RaftClientReply:client-54A5215B9B2F->s1@group-1720A28C8555, cid=243, FAILED org.apache.ratis.protocol.LeaderNotReadyException: s1@group-1720A28C8555 is in LEADER state but not ready yet., logIndex=0, commits[s1:c485, s0:c481, s2:c486]
2019-09-26 14:02:03,832 INFO  client.GrpcClientProtocolService (GrpcClientProtocolService.java:lambda$processClientRequest$0(278)) - Failed RaftClientRequest:client-54A5215B9B2F->s1@group-1720A28C8555, cid=243, seq=0, RW, Message:128e200a090a03666f6f...(size=4113), reply=RaftClientReply:client-54A5215B9B2F->s1@group-1720A28C8555, cid=243, FAILED org.apache.ratis.protocol.LeaderNotReadyException: s1@group-1720A28C8555 is in LEADER state but not ready yet., logIndex=0, commits[s1:c485, s0:c481, s2:c486]
2019-09-26 14:02:03,833 INFO  client.GrpcClientProtocolService (GrpcClientProtocolService.java:lambda$processClientRequest$0(278)) - Failed RaftClientRequest:client-54A5215B9B2F->s1@group-1720A28C8555, cid=243, seq=0, RW, Message:128e200a090a03666f6f...(size=4113), reply=RaftClientReply:client-54A5215B9B2F->s1@group-1720A28C8555, cid=243, FAILED org.apache.ratis.protocol.LeaderNotReadyException: s1@group-1720A28C8555 is in LEADER state but not ready yet., logIndex=0, commits[s1:c485, s0:c481, s2:c486]
2019-09-26 14:02:03,835 INFO  client.GrpcClientProtocolService (GrpcClientProtocolService.java:lambda$processClientRequest$0(278)) - Failed RaftClientRequest:client-54A5215B9B2F->s1@group-1720A28C8555, cid=243, seq=0, RW, Message:128e200a090a03666f6f...(size=4113), reply=RaftClientReply:client-54A5215B9B2F->s1@group-1720A28C8555, cid=243, FAILED org.apache.ratis.protocol.LeaderNotReadyException: s1@group-1720A28C8555 is in LEADER state but not ready yet., logIndex=0, commits[s1:c485, s0:c481, s2:c486]
2019-09-26 14:02:03,836 INFO  client.GrpcClientProtocolService (GrpcClientProtocolService.java:lambda$processClientRequest$0(278)) - Failed RaftClientRequest:client-54A5215B9B2F->s1@group-1720A28C8555, cid=243, seq=0, RW, Message:128e200a090a03666f6f...(size=4113), reply=RaftClientReply:client-54A5215B9B2F->s1@group-1720A28C8555, cid=243, FAILED org.apache.ratis.protocol.LeaderNotReadyException: s1@group-1720A28C8555 is in LEADER state but not ready yet., logIndex=0, commits[s1:c485, s0:c481, s2:c486]
2019-09-26 14:02:03,838 INFO  client.GrpcClientProtocolService (GrpcClientProtocolService.java:lambda$processClientRequest$0(278)) - Failed RaftClientRequest:client-54A5215B9B2F->s1@group-1720A28C8555, cid=243, seq=0, RW, Message:128e200a090a03666f6f...(size=4113), reply=RaftClientReply:client-54A5215B9B2F->s1@group-1720A28C8555, cid=243, FAILED org.apache.ratis.protocol.LeaderNotReadyException: s1@group-1720A28C8555 is in LEADER state but not ready yet., logIndex=0, commits[s1:c485, s0:c481, s2:c486]
2019-09-26 14:02:03,839 INFO  client.GrpcClientProtocolService (GrpcClientProtocolService.java:lambda$processClientRequest$0(278)) - Failed RaftClientRequest:client-54A5215B9B2F->s1@group-1720A28C8555, cid=243, seq=0, RW, Message:128e200a090a03666f6f...(size=4113), reply=RaftClientReply:client-54A5215B9B2F->s1@group-1720A28C8555, cid=243, FAILED org.apache.ratis.protocol.LeaderNotReadyException: s1@group-1720A28C8555 is in LEADER state but not ready yet., logIndex=0, commits[s1:c485, s0:c481, s2:c486]
2019-09-26 14:02:03,841 INFO  client.GrpcClientProtocolService (GrpcClientProtocolService.java:lambda$processClientRequest$0(278)) - Failed RaftClientRequest:client-54A5215B9B2F->s1@group-1720A28C8555, cid=243, seq=0, RW, Message:128e200a090a03666f6f...(size=4113), reply=RaftClientReply:client-54A5215B9B2F->s1@group-1720A28C8555, cid=243, FAILED org.apache.ratis.protocol.LeaderNotReadyException: s1@group-1720A28C8555 is in LEADER state but not ready yet., logIndex=0, commits[s1:c485, s0:c481, s2:c486]
2019-09-26 14:02:03,843 INFO  client.GrpcClientProtocolService (GrpcClientProtocolService.java:lambda$processClientRequest$0(278)) - Failed RaftClientRequest:client-54A5215B9B2F->s1@group-1720A28C8555, cid=243, seq=0, RW, Message:128e200a090a03666f6f...(size=4113), reply=RaftClientReply:client-54A5215B9B2F->s1@group-1720A28C8555, cid=243, FAILED org.apache.ratis.protocol.LeaderNotReadyException: s1@group-1720A28C8555 is in LEADER state but not ready yet., logIndex=0, commits[s1:c485, s0:c481, s2:c486]
2019-09-26 14:02:03,844 INFO  client.GrpcClientProtocolService (GrpcClientProtocolService.java:lambda$processClientRequest$0(278)) - Failed RaftClientRequest:client-54A5215B9B2F->s1@group-1720A28C8555, cid=243, seq=0, RW, Message:128e200a090a03666f6f...(size=4113), reply=RaftClientReply:client-54A5215B9B2F->s1@group-1720A28C8555, cid=243, FAILED org.apache.ratis.protocol.LeaderNotReadyException: s1@group-1720A28C8555 is in LEADER state but not ready yet., logIndex=0, commits[s1:c485, s0:c481, s2:c486]
2019-09-26 14:02:03,846 INFO  client.GrpcClientProtocolService (GrpcClientProtocolService.java:lambda$processClientRequest$0(278)) - Failed RaftClientRequest:client-54A5215B9B2F->s1@group-1720A28C8555, cid=243, seq=0, RW, Message:128e200a090a03666f6f...(size=4113), reply=RaftClientReply:client-54A5215B9B2F->s1@group-1720A28C8555, cid=243, FAILED org.apache.ratis.protocol.LeaderNotReadyException: s1@group-1720A28C8555 is in LEADER state but not ready yet., logIndex=0, commits[s1:c485, s0:c481, s2:c486]
2019-09-26 14:02:03,847 INFO  client.GrpcClientProtocolService (GrpcClientProtocolService.java:lambda$processClientRequest$0(278)) - Failed RaftClientRequest:client-54A5215B9B2F->s1@group-1720A28C8555, cid=243, seq=0, RW, Message:128e200a090a03666f6f...(size=4113), reply=RaftClientReply:client-54A5215B9B2F->s1@group-1720A28C8555, cid=243, FAILED org.apache.ratis.protocol.LeaderNotReadyException: s1@group-1720A28C8555 is in LEADER state but not ready yet., logIndex=0, commits[s1:c485, s0:c481, s2:c486]
2019-09-26 14:02:03,849 INFO  client.GrpcClientProtocolService (GrpcClientProtocolService.java:lambda$processClientRequest$0(278)) - Failed RaftClientRequest:client-54A5215B9B2F->s1@group-1720A28C8555, cid=243, seq=0, RW, Message:128e200a090a03666f6f...(size=4113), reply=RaftClientReply:client-54A5215B9B2F->s1@group-1720A28C8555, cid=243, FAILED org.apache.ratis.protocol.LeaderNotReadyException: s1@group-1720A28C8555 is in LEADER state but not ready yet., logIndex=0, commits[s1:c485, s0:c481, s2:c486]
2019-09-26 14:02:03,850 INFO  client.GrpcClientProtocolService (GrpcClientProtocolService.java:lambda$processClientRequest$0(278)) - Failed RaftClientRequest:client-54A5215B9B2F->s1@group-1720A28C8555, cid=243, seq=0, RW, Message:128e200a090a03666f6f...(size=4113), reply=RaftClientReply:client-54A5215B9B2F->s1@group-1720A28C8555, cid=243, FAILED org.apache.ratis.protocol.LeaderNotReadyException: s1@group-1720A28C8555 is in LEADER state but not ready yet., logIndex=0, commits[s1:c485, s0:c481, s2:c486]
2019-09-26 14:02:03,852 INFO  client.GrpcClientProtocolService (GrpcClientProtocolService.java:lambda$processClientRequest$0(278)) - Failed RaftClientRequest:client-54A5215B9B2F->s1@group-1720A28C8555, cid=243, seq=0, RW, Message:128e200a090a03666f6f...(size=4113), reply=RaftClientReply:client-54A5215B9B2F->s1@group-1720A28C8555, cid=243, FAILED org.apache.ratis.protocol.LeaderNotReadyException: s1@group-1720A28C8555 is in LEADER state but not ready yet., logIndex=0, commits[s1:c485, s0:c481, s2:c486]
2019-09-26 14:02:03,853 INFO  client.GrpcClientProtocolService (GrpcClientProtocolService.java:lambda$processClientRequest$0(278)) - Failed RaftClientRequest:client-54A5215B9B2F->s1@group-1720A28C8555, cid=243, seq=0, RW, Message:128e200a090a03666f6f...(size=4113), reply=RaftClientReply:client-54A5215B9B2F->s1@group-1720A28C8555, cid=243, FAILED org.apache.ratis.protocol.LeaderNotReadyException: s1@group-1720A28C8555 is in LEADER state but not ready yet., logIndex=0, commits[s1:c485, s0:c481, s2:c486]
2019-09-26 14:02:03,855 INFO  client.GrpcClientProtocolService (GrpcClientProtocolService.java:lambda$processClientRequest$0(278)) - Failed RaftClientRequest:client-54A5215B9B2F->s1@group-1720A28C8555, cid=243, seq=0, RW, Message:128e200a090a03666f6f...(size=4113), reply=RaftClientReply:client-54A5215B9B2F->s1@group-1720A28C8555, cid=243, FAILED org.apache.ratis.protocol.LeaderNotReadyException: s1@group-1720A28C8555 is in LEADER state but not ready yet., logIndex=0, commits[s1:c485, s0:c481, s2:c486]
2019-09-26 14:02:03,857 INFO  client.GrpcClientProtocolService (GrpcClientProtocolService.java:lambda$processClientRequest$0(278)) - Failed RaftClientRequest:client-54A5215B9B2F->s1@group-1720A28C8555, cid=243, seq=0, RW, Message:128e200a090a03666f6f...(size=4113), reply=RaftClientReply:client-54A5215B9B2F->s1@group-1720A28C8555, cid=243, FAILED org.apache.ratis.protocol.LeaderNotReadyException: s1@group-1720A28C8555 is in LEADER state but not ready yet., logIndex=0, commits[s1:c485, s0:c481, s2:c486]
2019-09-26 14:02:03,858 INFO  client.GrpcClientProtocolService (GrpcClientProtocolService.java:lambda$processClientRequest$0(278)) - Failed RaftClientRequest:client-54A5215B9B2F->s1@group-1720A28C8555, cid=243, seq=0, RW, Message:128e200a090a03666f6f...(size=4113), reply=RaftClientReply:client-54A5215B9B2F->s1@group-1720A28C8555, cid=243, FAILED org.apache.ratis.protocol.LeaderNotReadyException: s1@group-1720A28C8555 is in LEADER state but not ready yet., logIndex=0, commits[s1:c485, s0:c481, s2:c486]
2019-09-26 14:02:03,860 INFO  client.GrpcClientProtocolService (GrpcClientProtocolService.java:lambda$processClientRequest$0(278)) - Failed RaftClientRequest:client-54A5215B9B2F->s1@group-1720A28C8555, cid=243, seq=0, RW, Message:128e200a090a03666f6f...(size=4113), reply=RaftClientReply:client-54A5215B9B2F->s1@group-1720A28C8555, cid=243, FAILED org.apache.ratis.protocol.LeaderNotReadyException: s1@group-1720A28C8555 is in LEADER state but not ready yet., logIndex=0, commits[s1:c485, s0:c481, s2:c486]
2019-09-26 14:02:03,861 INFO  client.GrpcClientProtocolService (GrpcClientProtocolService.java:lambda$processClientRequest$0(278)) - Failed RaftClientRequest:client-54A5215B9B2F->s1@group-1720A28C8555, cid=243, seq=0, RW, Message:128e200a090a03666f6f...(size=4113), reply=RaftClientReply:client-54A5215B9B2F->s1@group-1720A28C8555, cid=243, FAILED org.apache.ratis.protocol.LeaderNotReadyException: s1@group-1720A28C8555 is in LEADER state but not ready yet., logIndex=0, commits[s1:c485, s0:c481, s2:c486]
2019-09-26 14:02:03,863 INFO  client.GrpcClientProtocolService (GrpcClientProtocolService.java:lambda$processClientRequest$0(278)) - Failed RaftClientRequest:client-54A5215B9B2F->s1@group-1720A28C8555, cid=243, seq=0, RW, Message:128e200a090a03666f6f...(size=4113), reply=RaftClientReply:client-54A5215B9B2F->s1@group-1720A28C8555, cid=243, FAILED org.apache.ratis.protocol.LeaderNotReadyException: s1@group-1720A28C8555 is in LEADER state but not ready yet., logIndex=0, commits[s1:c485, s0:c481, s2:c486]
2019-09-26 14:02:03,864 INFO  client.GrpcClientProtocolService (GrpcClientProtocolService.java:lambda$processClientRequest$0(278)) - Failed RaftClientRequest:client-54A5215B9B2F->s1@group-1720A28C8555, cid=243, seq=0, RW, Message:128e200a090a03666f6f...(size=4113), reply=RaftClientReply:client-54A5215B9B2F->s1@group-1720A28C8555, cid=243, FAILED org.apache.ratis.protocol.LeaderNotReadyException: s1@group-1720A28C8555 is in LEADER state but not ready yet., logIndex=0, commits[s1:c485, s0:c481, s2:c486]
2019-09-26 14:02:03,866 INFO  client.GrpcClientProtocolService (GrpcClientProtocolService.java:lambda$processClientRequest$0(278)) - Failed RaftClientRequest:client-54A5215B9B2F->s1@group-1720A28C8555, cid=243, seq=0, RW, Message:128e200a090a03666f6f...(size=4113), reply=RaftClientReply:client-54A5215B9B2F->s1@group-1720A28C8555, cid=243, FAILED org.apache.ratis.protocol.LeaderNotReadyException: s1@group-1720A28C8555 is in LEADER state but not ready yet., logIndex=0, commits[s1:c485, s0:c481, s2:c486]
2019-09-26 14:02:03,867 INFO  client.GrpcClientProtocolService (GrpcClientProtocolService.java:lambda$processClientRequest$0(278)) - Failed RaftClientRequest:client-54A5215B9B2F->s1@group-1720A28C8555, cid=243, seq=0, RW, Message:128e200a090a03666f6f...(size=4113), reply=RaftClientReply:client-54A5215B9B2F->s1@group-1720A28C8555, cid=243, FAILED org.apache.ratis.protocol.LeaderNotReadyException: s1@group-1720A28C8555 is in LEADER state but not ready yet., logIndex=0, commits[s1:c485, s0:c481, s2:c486]
2019-09-26 14:02:03,869 INFO  client.GrpcClientProtocolService (GrpcClientProtocolService.java:lambda$processClientRequest$0(278)) - Failed RaftClientRequest:client-54A5215B9B2F->s1@group-1720A28C8555, cid=243, seq=0, RW, Message:128e200a090a03666f6f...(size=4113), reply=RaftClientReply:client-54A5215B9B2F->s1@group-1720A28C8555, cid=243, FAILED org.apache.ratis.protocol.LeaderNotReadyException: s1@group-1720A28C8555 is in LEADER state but not ready yet., logIndex=0, commits[s1:c485, s0:c481, s2:c486]
2019-09-26 14:02:03,870 INFO  client.GrpcClientProtocolService (GrpcClientProtocolService.java:lambda$processClientRequest$0(278)) - Failed RaftClientRequest:client-54A5215B9B2F->s1@group-1720A28C8555, cid=243, seq=0, RW, Message:128e200a090a03666f6f...(size=4113), reply=RaftClientReply:client-54A5215B9B2F->s1@group-1720A28C8555, cid=243, FAILED org.apache.ratis.protocol.LeaderNotReadyException: s1@group-1720A28C8555 is in LEADER state but not ready yet., logIndex=0, commits[s1:c485, s0:c481, s2:c486]
2019-09-26 14:02:03,872 INFO  client.GrpcClientProtocolService (GrpcClientProtocolService.java:lambda$processClientRequest$0(278)) - Failed RaftClientRequest:client-54A5215B9B2F->s1@group-1720A28C8555, cid=243, seq=0, RW, Message:128e200a090a03666f6f...(size=4113), reply=RaftClientReply:client-54A5215B9B2F->s1@group-1720A28C8555, cid=243, FAILED org.apache.ratis.protocol.LeaderNotReadyException: s1@group-1720A28C8555 is in LEADER state but not ready yet., logIndex=0, commits[s1:c485, s0:c481, s2:c486]
2019-09-26 14:02:03,873 INFO  client.GrpcClientProtocolService (GrpcClientProtocolService.java:lambda$processClientRequest$0(278)) - Failed RaftClientRequest:client-54A5215B9B2F->s1@group-1720A28C8555, cid=243, seq=0, RW, Message:128e200a090a03666f6f...(size=4113), reply=RaftClientReply:client-54A5215B9B2F->s1@group-1720A28C8555, cid=243, FAILED org.apache.ratis.protocol.LeaderNotReadyException: s1@group-1720A28C8555 is in LEADER state but not ready yet., logIndex=0, commits[s1:c485, s0:c481, s2:c486]
2019-09-26 14:02:03,875 INFO  client.GrpcClientProtocolService (GrpcClientProtocolService.java:lambda$processClientRequest$0(278)) - Failed RaftClientRequest:client-54A5215B9B2F->s1@group-1720A28C8555, cid=243, seq=0, RW, Message:128e200a090a03666f6f...(size=4113), reply=RaftClientReply:client-54A5215B9B2F->s1@group-1720A28C8555, cid=243, FAILED org.apache.ratis.protocol.LeaderNotReadyException: s1@group-1720A28C8555 is in LEADER state but not ready yet., logIndex=0, commits[s1:c485, s0:c481, s2:c486]
2019-09-26 14:02:03,876 INFO  client.GrpcClientProtocolService (GrpcClientProtocolService.java:lambda$processClientRequest$0(278)) - Failed RaftClientRequest:client-54A5215B9B2F->s1@group-1720A28C8555, cid=243, seq=0, RW, Message:128e200a090a03666f6f...(size=4113), reply=RaftClientReply:client-54A5215B9B2F->s1@group-1720A28C8555, cid=243, FAILED org.apache.ratis.protocol.LeaderNotReadyException: s1@group-1720A28C8555 is in LEADER state but not ready yet., logIndex=0, commits[s1:c485, s0:c481, s2:c486]
2019-09-26 14:02:03,878 INFO  client.GrpcClientProtocolService (GrpcClientProtocolService.java:lambda$processClientRequest$0(278)) - Failed RaftClientRequest:client-54A5215B9B2F->s1@group-1720A28C8555, cid=243, seq=0, RW, Message:128e200a090a03666f6f...(size=4113), reply=RaftClientReply:client-54A5215B9B2F->s1@group-1720A28C8555, cid=243, FAILED org.apache.ratis.protocol.LeaderNotReadyException: s1@group-1720A28C8555 is in LEADER state but not ready yet., logIndex=0, commits[s1:c485, s0:c481, s2:c486]
2019-09-26 14:02:03,880 INFO  client.GrpcClientProtocolService (GrpcClientProtocolService.java:lambda$processClientRequest$0(278)) - Failed RaftClientRequest:client-54A5215B9B2F->s1@group-1720A28C8555, cid=243, seq=0, RW, Message:128e200a090a03666f6f...(size=4113), reply=RaftClientReply:client-54A5215B9B2F->s1@group-1720A28C8555, cid=243, FAILED org.apache.ratis.protocol.LeaderNotReadyException: s1@group-1720A28C8555 is in LEADER state but not ready yet., logIndex=0, commits[s1:c485, s0:c481, s2:c486]
2019-09-26 14:02:03,881 INFO  client.GrpcClientProtocolService (GrpcClientProtocolService.java:lambda$processClientRequest$0(278)) - Failed RaftClientRequest:client-54A5215B9B2F->s1@group-1720A28C8555, cid=243, seq=0, RW, Message:128e200a090a03666f6f...(size=4113), reply=RaftClientReply:client-54A5215B9B2F->s1@group-1720A28C8555, cid=243, FAILED org.apache.ratis.protocol.LeaderNotReadyException: s1@group-1720A28C8555 is in LEADER state but not ready yet., logIndex=0, commits[s1:c485, s0:c481, s2:c486]
2019-09-26 14:02:03,883 INFO  client.GrpcClientProtocolService (GrpcClientProtocolService.java:lambda$processClientRequest$0(278)) - Failed RaftClientRequest:client-54A5215B9B2F->s1@group-1720A28C8555, cid=243, seq=0, RW, Message:128e200a090a03666f6f...(size=4113), reply=RaftClientReply:client-54A5215B9B2F->s1@group-1720A28C8555, cid=243, FAILED org.apache.ratis.protocol.LeaderNotReadyException: s1@group-1720A28C8555 is in LEADER state but not ready yet., logIndex=0, commits[s1:c485, s0:c481, s2:c486]
2019-09-26 14:02:03,884 INFO  client.GrpcClientProtocolService (GrpcClientProtocolService.java:lambda$processClientRequest$0(278)) - Failed RaftClientRequest:client-54A5215B9B2F->s1@group-1720A28C8555, cid=243, seq=0, RW, Message:128e200a090a03666f6f...(size=4113), reply=RaftClientReply:client-54A5215B9B2F->s1@group-1720A28C8555, cid=243, FAILED org.apache.ratis.protocol.LeaderNotReadyException: s1@group-1720A28C8555 is in LEADER state but not ready yet., logIndex=0, commits[s1:c485, s0:c481, s2:c486]
2019-09-26 14:02:03,886 INFO  client.GrpcClientProtocolService (GrpcClientProtocolService.java:lambda$processClientRequest$0(278)) - Failed RaftClientRequest:client-54A5215B9B2F->s1@group-1720A28C8555, cid=243, seq=0, RW, Message:128e200a090a03666f6f...(size=4113), reply=RaftClientReply:client-54A5215B9B2F->s1@group-1720A28C8555, cid=243, FAILED org.apache.ratis.protocol.LeaderNotReadyException: s1@group-1720A28C8555 is in LEADER state but not ready yet., logIndex=0, commits[s1:c485, s0:c481, s2:c486]
2019-09-26 14:02:03,887 INFO  client.GrpcClientProtocolService (GrpcClientProtocolService.java:lambda$processClientRequest$0(278)) - Failed RaftClientRequest:client-54A5215B9B2F->s1@group-1720A28C8555, cid=243, seq=0, RW, Message:128e200a090a03666f6f...(size=4113), reply=RaftClientReply:client-54A5215B9B2F->s1@group-1720A28C8555, cid=243, FAILED org.apache.ratis.protocol.LeaderNotReadyException: s1@group-1720A28C8555 is in LEADER state but not ready yet., logIndex=0, commits[s1:c485, s0:c481, s2:c486]
2019-09-26 14:02:03,889 INFO  client.GrpcClientProtocolService (GrpcClientProtocolService.java:lambda$processClientRequest$0(278)) - Failed RaftClientRequest:client-54A5215B9B2F->s1@group-1720A28C8555, cid=243, seq=0, RW, Message:128e200a090a03666f6f...(size=4113), reply=RaftClientReply:client-54A5215B9B2F->s1@group-1720A28C8555, cid=243, FAILED org.apache.ratis.protocol.LeaderNotReadyException: s1@group-1720A28C8555 is in LEADER state but not ready yet., logIndex=0, commits[s1:c485, s0:c481, s2:c486]
2019-09-26 14:02:03,891 INFO  client.GrpcClientProtocolService (GrpcClientProtocolService.java:lambda$processClientRequest$0(278)) - Failed RaftClientRequest:client-54A5215B9B2F->s1@group-1720A28C8555, cid=243, seq=0, RW, Message:128e200a090a03666f6f...(size=4113), reply=RaftClientReply:client-54A5215B9B2F->s1@group-1720A28C8555, cid=243, FAILED org.apache.ratis.protocol.LeaderNotReadyException: s1@group-1720A28C8555 is in LEADER state but not ready yet., logIndex=0, commits[s1:c485, s0:c481, s2:c486]
2019-09-26 14:02:03,892 INFO  client.GrpcClientProtocolService (GrpcClientProtocolService.java:lambda$processClientRequest$0(278)) - Failed RaftClientRequest:client-54A5215B9B2F->s1@group-1720A28C8555, cid=243, seq=0, RW, Message:128e200a090a03666f6f...(size=4113), reply=RaftClientReply:client-54A5215B9B2F->s1@group-1720A28C8555, cid=243, FAILED org.apache.ratis.protocol.LeaderNotReadyException: s1@group-1720A28C8555 is in LEADER state but not ready yet., logIndex=0, commits[s1:c485, s0:c481, s2:c486]
2019-09-26 14:02:03,894 INFO  client.GrpcClientProtocolService (GrpcClientProtocolService.java:lambda$processClientRequest$0(278)) - Failed RaftClientRequest:client-54A5215B9B2F->s1@group-1720A28C8555, cid=243, seq=0, RW, Message:128e200a090a03666f6f...(size=4113), reply=RaftClientReply:client-54A5215B9B2F->s1@group-1720A28C8555, cid=243, FAILED org.apache.ratis.protocol.LeaderNotReadyException: s1@group-1720A28C8555 is in LEADER state but not ready yet., logIndex=0, commits[s1:c485, s0:c481, s2:c486]
2019-09-26 14:02:03,894 INFO  segmented.SegmentedRaftLogWorker (SegmentedRaftLogWorker.java:execute(569)) - s2@group-1720A28C8555-SegmentedRaftLogWorker: created new log segment /workdir/ratis-examples/target/test/data/92cd4afb/MiniRaftClusterWithGrpc4a8e4c9f/s2/3e568cf1-66e7-476e-b2f1-1720a28c8555/current/log_inprogress_487
2019-09-26 14:02:03,894 INFO  segmented.SegmentedRaftLogWorker (SegmentedRaftLogWorker.java:execute(569)) - s1@group-1720A28C8555-SegmentedRaftLogWorker: created new log segment /workdir/ratis-examples/target/test/data/92cd4afb/MiniRaftClusterWithGrpc4a8e4c9f/s1/3e568cf1-66e7-476e-b2f1-1720a28c8555/current/log_inprogress_487
2019-09-26 14:02:03,895 INFO  client.GrpcClientProtocolService (GrpcClientProtocolService.java:lambda$processClientRequest$0(278)) - Failed RaftClientRequest:client-54A5215B9B2F->s1@group-1720A28C8555, cid=243, seq=0, RW, Message:128e200a090a03666f6f...(size=4113), reply=RaftClientReply:client-54A5215B9B2F->s1@group-1720A28C8555, cid=243, FAILED org.apache.ratis.protocol.LeaderNotReadyException: s1@group-1720A28C8555 is in LEADER state but not ready yet., logIndex=0, commits[s1:c485, s0:c481, s2:c486]
2019-09-26 14:02:03,897 INFO  client.GrpcClientProtocolService (GrpcClientProtocolService.java:lambda$processClientRequest$0(278)) - Failed RaftClientRequest:client-54A5215B9B2F->s1@group-1720A28C8555, cid=243, seq=0, RW, Message:128e200a090a03666f6f...(size=4113), reply=RaftClientReply:client-54A5215B9B2F->s1@group-1720A28C8555, cid=243, FAILED org.apache.ratis.protocol.LeaderNotReadyException: s1@group-1720A28C8555 is in LEADER state but not ready yet., logIndex=0, commits[s1:c485, s0:c481, s2:c486]
2019-09-26 14:02:03,898 INFO  client.GrpcClientProtocolService (GrpcClientProtocolService.java:lambda$processClientRequest$0(278)) - Failed RaftClientRequest:client-54A5215B9B2F->s1@group-1720A28C8555, cid=243, seq=0, RW, Message:128e200a090a03666f6f...(size=4113), reply=RaftClientReply:client-54A5215B9B2F->s1@group-1720A28C8555, cid=243, FAILED org.apache.ratis.protocol.LeaderNotReadyException: s1@group-1720A28C8555 is in LEADER state but not ready yet., logIndex=0, commits[s1:c485, s0:c481, s2:c486]
2019-09-26 14:02:03,900 INFO  client.GrpcClientProtocolService (GrpcClientProtocolService.java:lambda$processClientRequest$0(278)) - Failed RaftClientRequest:client-54A5215B9B2F->s1@group-1720A28C8555, cid=243, seq=0, RW, Message:128e200a090a03666f6f...(size=4113), reply=RaftClientReply:client-54A5215B9B2F->s1@group-1720A28C8555, cid=243, FAILED org.apache.ratis.protocol.LeaderNotReadyException: s1@group-1720A28C8555 is in LEADER state but not ready yet., logIndex=0, commits[s1:c485, s0:c481, s2:c486]
2019-09-26 14:02:03,901 INFO  client.GrpcClientProtocolService (GrpcClientProtocolService.java:lambda$processClientRequest$0(278)) - Failed RaftClientRequest:client-54A5215B9B2F->s1@group-1720A28C8555, cid=243, seq=0, RW, Message:128e200a090a03666f6f...(size=4113), reply=RaftClientReply:client-54A5215B9B2F->s1@group-1720A28C8555, cid=243, FAILED org.apache.ratis.protocol.LeaderNotReadyException: s1@group-1720A28C8555 is in LEADER state but not ready yet., logIndex=0, commits[s1:c485, s0:c481, s2:c486]
2019-09-26 14:02:03,903 INFO  client.GrpcClientProtocolService (GrpcClientProtocolService.java:lambda$processClientRequest$0(278)) - Failed RaftClientRequest:client-54A5215B9B2F->s1@group-1720A28C8555, cid=243, seq=0, RW, Message:128e200a090a03666f6f...(size=4113), reply=RaftClientReply:client-54A5215B9B2F->s1@group-1720A28C8555, cid=243, FAILED org.apache.ratis.protocol.LeaderNotReadyException: s1@group-1720A28C8555 is in LEADER state but not ready yet., logIndex=0, commits[s1:c485, s0:c481, s2:c486]
2019-09-26 14:02:03,904 INFO  segmented.SegmentedRaftLogWorker (SegmentedRaftLogWorker.java:execute(569)) - s0@group-1720A28C8555-SegmentedRaftLogWorker: created new log segment /workdir/ratis-examples/target/test/data/92cd4afb/MiniRaftClusterWithGrpc4a8e4c9f/s0/3e568cf1-66e7-476e-b2f1-1720a28c8555/current/log_inprogress_487
2019-09-26 14:02:03,906 INFO  client.GrpcClientProtocolService (GrpcClientProtocolService.java:lambda$processClientRequest$0(278)) - Failed RaftClientRequest:client-54A5215B9B2F->s1@group-1720A28C8555, cid=243, seq=0, RW, Message:128e200a090a03666f6f...(size=4113), reply=RaftClientReply:client-54A5215B9B2F->s1@group-1720A28C8555, cid=243, FAILED org.apache.ratis.protocol.LeaderNotReadyException: s1@group-1720A28C8555 is in LEADER state but not ready yet., logIndex=0, commits[s1:c485, s0:c481, s2:c486]
2019-09-26 14:02:08,124 WARN  util.JavaUtils (JavaUtils.java:sleep(250)) - Unexpected long sleep: sleep(168ms) actually took 846ms which is over the threshold 300ms
2019-09-26 14:02:08,124 WARN  util.JavaUtils (JavaUtils.java:sleep(250)) - Unexpected long sleep: sleep(235ms) actually took 985ms which is over the threshold 300ms
2019-09-26 14:02:08,126 INFO  ratis.MiniRaftCluster (MiniRaftCluster.java:lambda$null$5(297)) - TIMED-PRINT: printing ALL groups
  s0:  RUNNING  FOLLOWER s0@group-1720A28C8555:t6, leader=s1, voted=s1, raftlog=s0@group-1720A28C8555-SegmentedRaftLog:OPENED:c1013,f1014,i1014, conf=487: [s0:0.0.0.0:36116, s1:0.0.0.0:33523, s2:0.0.0.0:40404], old=null RUNNING
  s1:  RUNNING    LEADER s1@group-1720A28C8555:t6, leader=s1, voted=s1, raftlog=s1@group-1720A28C8555-SegmentedRaftLog:OPENED:c1014,f1014,i1014, conf=487: [s0:0.0.0.0:36116, s1:0.0.0.0:33523, s2:0.0.0.0:40404], old=null RUNNING
  s2:  RUNNING  FOLLOWER s2@group-1720A28C8555:t6, leader=s1, voted=s1, raftlog=s2@group-1720A28C8555-SegmentedRaftLog:OPENED:c1013,f1014,i1014, conf=487: [s0:0.0.0.0:36116, s1:0.0.0.0:33523, s2:0.0.0.0:40404], old=null RUNNING
2019-09-26 14:02:12,101 WARN  util.JavaUtils (JavaUtils.java:sleep(250)) - Unexpected long sleep: sleep(205ms) actually took 1266ms which is over the threshold 300ms
2019-09-26 14:02:12,101 WARN  util.JavaUtils (JavaUtils.java:sleep(250)) - Unexpected long sleep: sleep(276ms) actually took 1266ms which is over the threshold 300ms
2019-09-26 14:02:18,124 INFO  ratis.MiniRaftCluster (MiniRaftCluster.java:lambda$null$5(297)) - TIMED-PRINT: printing ALL groups
  s0:  RUNNING  FOLLOWER s0@group-1720A28C8555:t6, leader=s1, voted=s1, raftlog=s0@group-1720A28C8555-SegmentedRaftLog:OPENED:c2217,f2218,i2219, conf=487: [s0:0.0.0.0:36116, s1:0.0.0.0:33523, s2:0.0.0.0:40404], old=null RUNNING
  s1:  RUNNING    LEADER s1@group-1720A28C8555:t6, leader=s1, voted=s1, raftlog=s1@group-1720A28C8555-SegmentedRaftLog:OPENED:c2218,f2218,i2219, conf=487: [s0:0.0.0.0:36116, s1:0.0.0.0:33523, s2:0.0.0.0:40404], old=null RUNNING
  s2:  RUNNING  FOLLOWER s2@group-1720A28C8555:t6, leader=s1, voted=s1, raftlog=s2@group-1720A28C8555-SegmentedRaftLog:OPENED:c2217,f2218,i2219, conf=487: [s0:0.0.0.0:36116, s1:0.0.0.0:33523, s2:0.0.0.0:40404], old=null RUNNING
2019-09-26 14:02:22,071 INFO  impl.FollowerState (FollowerState.java:run(108)) - s2@group-1720A28C8555-FollowerState: change to CANDIDATE, lastRpcTime:335ms, electionTimeout:258ms
2019-09-26 14:02:22,071 INFO  impl.FollowerState (FollowerState.java:run(108)) - s0@group-1720A28C8555-FollowerState: change to CANDIDATE, lastRpcTime:335ms, electionTimeout:188ms
2019-09-26 14:02:22,074 INFO  impl.RoleInfo (RoleInfo.java:shutdownFollowerState(121)) - s2: shutdown FollowerState
2019-09-26 14:02:22,074 INFO  impl.RoleInfo (RoleInfo.java:shutdownFollowerState(121)) - s0: shutdown FollowerState
2019-09-26 14:02:22,074 INFO  impl.RaftServerImpl (RaftServerImpl.java:setRole(170)) - s0@group-1720A28C8555: changes role from  FOLLOWER to CANDIDATE at term 6 for changeToCandidate
2019-09-26 14:02:22,074 INFO  impl.RaftServerImpl (RaftServerImpl.java:setRole(170)) - s2@group-1720A28C8555: changes role from  FOLLOWER to CANDIDATE at term 6 for changeToCandidate
2019-09-26 14:02:22,075 INFO  impl.RoleInfo (RoleInfo.java:updateAndGet(143)) - s0: start LeaderElection
2019-09-26 14:02:22,075 INFO  impl.RoleInfo (RoleInfo.java:updateAndGet(143)) - s2: start LeaderElection
2019-09-26 14:02:22,075 INFO  impl.RaftServerImpl (RaftServerImpl.java:setRole(170)) - s0@group-1720A28C8555: changes role from CANDIDATE to FOLLOWER at term 6 for appendEntries
2019-09-26 14:02:22,076 INFO  impl.RaftServerImpl (RaftServerImpl.java:setRole(170)) - s2@group-1720A28C8555: changes role from CANDIDATE to FOLLOWER at term 6 for appendEntries
2019-09-26 14:02:22,077 INFO  impl.RoleInfo (RoleInfo.java:shutdownLeaderElection(134)) - s0: shutdown LeaderElection
2019-09-26 14:02:22,077 INFO  impl.RoleInfo (RoleInfo.java:shutdownLeaderElection(134)) - s2: shutdown LeaderElection
2019-09-26 14:02:22,077 INFO  impl.RoleInfo (RoleInfo.java:updateAndGet(143)) - s0: start FollowerState
2019-09-26 14:02:22,077 INFO  impl.RoleInfo (RoleInfo.java:updateAndGet(143)) - s2: start FollowerState
2019-09-26 14:02:22,078 INFO  impl.RaftServerImpl (ServerState.java:setLeader(254)) - s0@group-1720A28C8555: change Leader from s1 to null at term 6 for initElection
2019-09-26 14:02:22,078 INFO  impl.RaftServerImpl (ServerState.java:setLeader(254)) - s2@group-1720A28C8555: change Leader from s1 to null at term 6 for initElection
2019-09-26 14:02:22,216 INFO  impl.LeaderElection (LeaderElection.java:askForVotes(178)) - s0@group-1720A28C8555-LeaderElection8: begin an election at term 7 for 487: [s0:0.0.0.0:36116, s1:0.0.0.0:33523, s2:0.0.0.0:40404], old=null
2019-09-26 14:02:22,216 INFO  impl.LeaderElection (LeaderElection.java:askForVotes(178)) - s2@group-1720A28C8555-LeaderElection9: begin an election at term 7 for 487: [s0:0.0.0.0:36116, s1:0.0.0.0:33523, s2:0.0.0.0:40404], old=null
2019-09-26 14:02:22,217 INFO  impl.RaftServerImpl (ServerState.java:setLeader(254)) - s1@group-1720A28C8555: change Leader from s1 to null at term 7 for updateCurrentTerm
2019-09-26 14:02:22,218 INFO  impl.RaftServerImpl (RaftServerImpl.java:setRole(170)) - s1@group-1720A28C8555: changes role from    LEADER to FOLLOWER at term 7 for stepDown
2019-09-26 14:02:22,218 INFO  impl.RoleInfo (RoleInfo.java:shutdownLeaderState(104)) - s1: shutdown LeaderState
2019-09-26 14:02:22,218 INFO  impl.LeaderElection (LeaderElection.java:logAndReturn(56)) - s0@group-1720A28C8555-LeaderElection8: Election REJECTED; received 0 response(s) [] and 0 exception(s); s0@group-1720A28C8555:t7, leader=null, voted=s0, raftlog=s0@group-1720A28C8555-SegmentedRaftLog:OPENED:c2813,f2814,i2814, conf=487: [s0:0.0.0.0:36116, s1:0.0.0.0:33523, s2:0.0.0.0:40404], old=null
2019-09-26 14:02:22,219 INFO  impl.PendingRequests (PendingRequests.java:sendNotLeaderResponses(202)) - s1@group-1720A28C8555-PendingRequests: sendNotLeaderResponses
2019-09-26 14:02:22,218 INFO  impl.LeaderElection (LeaderElection.java:logAndReturn(56)) - s2@group-1720A28C8555-LeaderElection9: Election REJECTED; received 0 response(s) [] and 0 exception(s); s2@group-1720A28C8555:t7, leader=null, voted=s2, raftlog=s2@group-1720A28C8555-SegmentedRaftLog:OPENED:c2813,f2814,i2814, conf=487: [s0:0.0.0.0:36116, s1:0.0.0.0:33523, s2:0.0.0.0:40404], old=null
2019-09-26 14:02:22,219 WARN  server.GrpcLogAppender (GrpcLogAppender.java:mayWait(143)) - s1@group-1720A28C8555->s2-GrpcLogAppender: Wait interrupted by java.lang.InterruptedException
2019-09-26 14:02:22,219 WARN  server.GrpcLogAppender (GrpcLogAppender.java:mayWait(143)) - s1@group-1720A28C8555->s0-GrpcLogAppender: Wait interrupted by java.lang.InterruptedException
2019-09-26 14:02:22,222 INFO  impl.RoleInfo (RoleInfo.java:updateAndGet(143)) - s1: start FollowerState
2019-09-26 14:02:22,223 INFO  server.GrpcServerProtocolService (GrpcServerProtocolService.java:onCompleted(113)) - s2: Completed APPEND_ENTRIES, lastRequest: s1->s2#2347-t6, previous=(t:6, i:2815), leaderCommit=2813, initializing? false, entries: <empty>
2019-09-26 14:02:22,223 INFO  server.GrpcServerProtocolService (GrpcServerProtocolService.java:onCompleted(113)) - s0: Completed APPEND_ENTRIES, lastRequest: s1->s0#2347-t6, previous=(t:6, i:2815), leaderCommit=2813, initializing? false, entries: <empty>
2019-09-26 14:02:22,223 INFO  client.GrpcClientProtocolService (GrpcClientProtocolService.java:lambda$processClientRequest$0(278)) - Failed RaftClientRequest:client-54A5215B9B2F->s1@group-1720A28C8555, cid=1406, seq=0, RW, Message:128f200a0a0a03666f6f...(size=4114), reply=RaftClientReply:client-54A5215B9B2F->s1@group-1720A28C8555, cid=1406, FAILED org.apache.ratis.protocol.NotLeaderException: Server s1@group-1720A28C8555 is not the leader, logIndex=0, commits[s1:c2814, s0:c2811, s2:c2811]
2019-09-26 14:02:22,233 INFO  client.GrpcClientProtocolService (GrpcClientProtocolService.java:lambda$processClientRequest$0(278)) - Failed RaftClientRequest:client-54A5215B9B2F->s0@group-1720A28C8555, cid=1406, seq=0, RW, Message:128f200a0a0a03666f6f...(size=4114), reply=RaftClientReply:client-54A5215B9B2F->s0@group-1720A28C8555, cid=1406, FAILED org.apache.ratis.protocol.NotLeaderException: Server s0@group-1720A28C8555 is not the leader, logIndex=0, commits[s0:c2813, s1:c2813, s2:c2811]
2019-09-26 14:02:22,238 INFO  client.GrpcClientProtocolService (GrpcClientProtocolService.java:lambda$processClientRequest$0(278)) - Failed RaftClientRequest:client-54A5215B9B2F->s2@group-1720A28C8555, cid=1406, seq=0, RW, Message:128f200a0a0a03666f6f...(size=4114), reply=RaftClientReply:client-54A5215B9B2F->s2@group-1720A28C8555, cid=1406, FAILED org.apache.ratis.protocol.NotLeaderException: Server s2@group-1720A28C8555 is not the leader, logIndex=0, commits[s2:c2813, s0:c2811, s1:c2813]
2019-09-26 14:02:22,243 INFO  client.GrpcClientProtocolService (GrpcClientProtocolService.java:lambda$processClientRequest$0(278)) - Failed RaftClientRequest:client-54A5215B9B2F->s0@group-1720A28C8555, cid=1406, seq=0, RW, Message:128f200a0a0a03666f6f...(size=4114), reply=RaftClientReply:client-54A5215B9B2F->s0@group-1720A28C8555, cid=1406, FAILED org.apache.ratis.protocol.NotLeaderException: Server s0@group-1720A28C8555 is not the leader, logIndex=0, commits[s0:c2813, s1:c2813, s2:c2811]
2019-09-26 14:02:22,247 INFO  client.GrpcClientProtocolService (GrpcClientProtocolService.java:lambda$processClientRequest$0(278)) - Failed RaftClientRequest:client-54A5215B9B2F->s2@group-1720A28C8555, cid=1406, seq=0, RW, Message:128f200a0a0a03666f6f...(size=4114), reply=RaftClientReply:client-54A5215B9B2F->s2@group-1720A28C8555, cid=1406, FAILED org.apache.ratis.protocol.NotLeaderException: Server s2@group-1720A28C8555 is not the leader, logIndex=0, commits[s2:c2813, s0:c2811, s1:c2813]
2019-09-26 14:02:22,251 INFO  client.GrpcClientProtocolService (GrpcClientProtocolService.java:lambda$processClientRequest$0(278)) - Failed RaftClientRequest:client-54A5215B9B2F->s1@group-1720A28C8555, cid=1406, seq=0, RW, Message:128f200a0a0a03666f6f...(size=4114), reply=RaftClientReply:client-54A5215B9B2F->s1@group-1720A28C8555, cid=1406, FAILED org.apache.ratis.protocol.NotLeaderException: Server s1@group-1720A28C8555 is not the leader, logIndex=0, commits[s1:c2814, s0:c2811, s2:c2811]
2019-09-26 14:02:22,256 INFO  client.GrpcClientProtocolService (GrpcClientProtocolService.java:lambda$processClientRequest$0(278)) - Failed RaftClientRequest:client-54A5215B9B2F->s0@group-1720A28C8555, cid=1406, seq=0, RW, Message:128f200a0a0a03666f6f...(size=4114), reply=RaftClientReply:client-54A5215B9B2F->s0@group-1720A28C8555, cid=1406, FAILED org.apache.ratis.protocol.NotLeaderException: Server s0@group-1720A28C8555 is not the leader, logIndex=0, commits[s0:c2813, s1:c2813, s2:c2811]
2019-09-26 14:02:22,259 INFO  client.GrpcClientProtocolService (GrpcClientProtocolService.java:lambda$processClientRequest$0(278)) - Failed RaftClientRequest:client-54A5215B9B2F->s2@group-1720A28C8555, cid=1406, seq=0, RW, Message:128f200a0a0a03666f6f...(size=4114), reply=RaftClientReply:client-54A5215B9B2F->s2@group-1720A28C8555, cid=1406, FAILED org.apache.ratis.protocol.NotLeaderException: Server s2@group-1720A28C8555 is not the leader, logIndex=0, commits[s2:c2813, s0:c2811, s1:c2813]
2019-09-26 14:02:22,264 INFO  client.GrpcClientProtocolService (GrpcClientProtocolService.java:lambda$processClientRequest$0(278)) - Failed RaftClientRequest:client-54A5215B9B2F->s0@group-1720A28C8555, cid=1406, seq=0, RW, Message:128f200a0a0a03666f6f...(size=4114), reply=RaftClientReply:client-54A5215B9B2F->s0@group-1720A28C8555, cid=1406, FAILED org.apache.ratis.protocol.NotLeaderException: Server s0@group-1720A28C8555 is not the leader, logIndex=0, commits[s0:c2813, s1:c2813, s2:c2811]
2019-09-26 14:02:22,268 INFO  client.GrpcClientProtocolService (GrpcClientProtocolService.java:lambda$processClientRequest$0(278)) - Failed RaftClientRequest:client-54A5215B9B2F->s2@group-1720A28C8555, cid=1406, seq=0, RW, Message:128f200a0a0a03666f6f...(size=4114), reply=RaftClientReply:client-54A5215B9B2F->s2@group-1720A28C8555, cid=1406, FAILED org.apache.ratis.protocol.NotLeaderException: Server s2@group-1720A28C8555 is not the leader, logIndex=0, commits[s2:c2813, s0:c2811, s1:c2813]
2019-09-26 14:02:22,272 INFO  client.GrpcClientProtocolService (GrpcClientProtocolService.java:lambda$processClientRequest$0(278)) - Failed RaftClientRequest:client-54A5215B9B2F->s0@group-1720A28C8555, cid=1406, seq=0, RW, Message:128f200a0a0a03666f6f...(size=4114), reply=RaftClientReply:client-54A5215B9B2F->s0@group-1720A28C8555, cid=1406, FAILED org.apache.ratis.protocol.NotLeaderException: Server s0@group-1720A28C8555 is not the leader, logIndex=0, commits[s0:c2813, s1:c2813, s2:c2811]
2019-09-26 14:02:22,276 INFO  client.GrpcClientProtocolService (GrpcClientProtocolService.java:lambda$processClientRequest$0(278)) - Failed RaftClientRequest:client-54A5215B9B2F->s1@group-1720A28C8555, cid=1406, seq=0, RW, Message:128f200a0a0a03666f6f...(size=4114), reply=RaftClientReply:client-54A5215B9B2F->s1@group-1720A28C8555, cid=1406, FAILED org.apache.ratis.protocol.NotLeaderException: Server s1@group-1720A28C8555 is not the leader, logIndex=0, commits[s1:c2814, s0:c2811, s2:c2811]
2019-09-26 14:02:22,279 INFO  impl.RaftServerImpl (RaftServerImpl.java:setRole(170)) - s1@group-1720A28C8555: changes role from  FOLLOWER to FOLLOWER at term 7 for recognizeCandidate:s2
2019-09-26 14:02:22,280 INFO  impl.RoleInfo (RoleInfo.java:shutdownFollowerState(121)) - s1: shutdown FollowerState
2019-09-26 14:02:22,280 INFO  client.GrpcClientProtocolService (GrpcClientProtocolService.java:lambda$processClientRequest$0(278)) - Failed RaftClientRequest:client-54A5215B9B2F->s0@group-1720A28C8555, cid=1406, seq=0, RW, Message:128f200a0a0a03666f6f...(size=4114), reply=RaftClientReply:client-54A5215B9B2F->s0@group-1720A28C8555, cid=1406, FAILED org.apache.ratis.protocol.NotLeaderException: Server s0@group-1720A28C8555 is not the leader, logIndex=0, commits[s0:c2813, s1:c2813, s2:c2811]
2019-09-26 14:02:22,280 INFO  impl.RoleInfo (RoleInfo.java:updateAndGet(143)) - s1: start FollowerState
2019-09-26 14:02:22,280 INFO  impl.FollowerState (FollowerState.java:run(117)) - s1@group-1720A28C8555-FollowerState was interrupted: java.lang.InterruptedException: sleep interrupted
2019-09-26 14:02:22,281 INFO  impl.RaftServerImpl (RaftServerImpl.java:setRole(170)) - s1@group-1720A28C8555: changes role from  FOLLOWER to FOLLOWER at term 7 for recognizeCandidate:s0
2019-09-26 14:02:22,281 INFO  impl.RoleInfo (RoleInfo.java:shutdownFollowerState(121)) - s1: shutdown FollowerState
2019-09-26 14:02:22,281 INFO  impl.RoleInfo (RoleInfo.java:updateAndGet(143)) - s1: start FollowerState
2019-09-26 14:02:22,281 INFO  impl.FollowerState (FollowerState.java:run(117)) - s1@group-1720A28C8555-FollowerState was interrupted: java.lang.InterruptedException: sleep interrupted
2019-09-26 14:02:22,282 INFO  server.GrpcLogAppender (GrpcLogAppender.java:onCompleted(293)) - s1@group-1720A28C8555->s0-AppendLogResponseHandler: follower responses appendEntries COMPLETED
2019-09-26 14:02:22,282 INFO  server.GrpcLogAppender (GrpcLogAppender.java:onCompleted(293)) - s1@group-1720A28C8555->s2-AppendLogResponseHandler: follower responses appendEntries COMPLETED
2019-09-26 14:02:22,283 INFO  impl.FollowerInfo (FollowerInfo.java:lambda$new$0(51)) - s1@group-1720A28C8555->s0: nextIndex: updateUnconditionally 2816 -> 2815
2019-09-26 14:02:22,284 INFO  impl.FollowerInfo (FollowerInfo.java:lambda$new$0(51)) - s1@group-1720A28C8555->s2: nextIndex: updateUnconditionally 2816 -> 2815
2019-09-26 14:02:22,285 INFO  client.GrpcClientProtocolService (GrpcClientProtocolService.java:lambda$processClientRequest$0(278)) - Failed RaftClientRequest:client-54A5215B9B2F->s1@group-1720A28C8555, cid=1406, seq=0, RW, Message:128f200a0a0a03666f6f...(size=4114), reply=RaftClientReply:client-54A5215B9B2F->s1@group-1720A28C8555, cid=1406, FAILED org.apache.ratis.protocol.NotLeaderException: Server s1@group-1720A28C8555 is not the leader, logIndex=0, commits[s1:c2814, s0:c2811, s2:c2811]
2019-09-26 14:02:22,289 INFO  client.GrpcClientProtocolService (GrpcClientProtocolService.java:lambda$processClientRequest$0(278)) - Failed RaftClientRequest:client-54A5215B9B2F->s2@group-1720A28C8555, cid=1406, seq=0, RW, Message:128f200a0a0a03666f6f...(size=4114), reply=RaftClientReply:client-54A5215B9B2F->s2@group-1720A28C8555, cid=1406, FAILED org.apache.ratis.protocol.NotLeaderException: Server s2@group-1720A28C8555 is not the leader, logIndex=0, commits[s2:c2813, s0:c2811, s1:c2813]
2019-09-26 14:02:22,292 INFO  client.GrpcClientProtocolService (GrpcClientProtocolService.java:lambda$processClientRequest$0(278)) - Failed RaftClientRequest:client-54A5215B9B2F->s0@group-1720A28C8555, cid=1406, seq=0, RW, Message:128f200a0a0a03666f6f...(size=4114), reply=RaftClientReply:client-54A5215B9B2F->s0@group-1720A28C8555, cid=1406, FAILED org.apache.ratis.protocol.NotLeaderException: Server s0@group-1720A28C8555 is not the leader, logIndex=0, commits[s0:c2813, s1:c2813, s2:c2811]
2019-09-26 14:02:22,295 INFO  client.GrpcClientProtocolService (GrpcClientProtocolService.java:lambda$processClientRequest$0(278)) - Failed RaftClientRequest:client-54A5215B9B2F->s2@group-1720A28C8555, cid=1406, seq=0, RW, Message:128f200a0a0a03666f6f...(size=4114), reply=RaftClientReply:client-54A5215B9B2F->s2@group-1720A28C8555, cid=1406, FAILED org.apache.ratis.protocol.NotLeaderException: Server s2@group-1720A28C8555 is not the leader, logIndex=0, commits[s2:c2813, s0:c2811, s1:c2813]
2019-09-26 14:02:22,299 INFO  client.GrpcClientProtocolService (GrpcClientProtocolService.java:lambda$processClientRequest$0(278)) - Failed RaftClientRequest:client-54A5215B9B2F->s0@group-1720A28C8555, cid=1406, seq=0, RW, Message:128f200a0a0a03666f6f...(size=4114), reply=RaftClientReply:client-54A5215B9B2F->s0@group-1720A28C8555, cid=1406, FAILED org.apache.ratis.protocol.NotLeaderException: Server s0@group-1720A28C8555 is not the leader, logIndex=0, commits[s0:c2813, s1:c2813, s2:c2811]
2019-09-26 14:02:22,303 INFO  client.GrpcClientProtocolService (GrpcClientProtocolService.java:lambda$processClientRequest$0(278)) - Failed RaftClientRequest:client-54A5215B9B2F->s2@group-1720A28C8555, cid=1406, seq=0, RW, Message:128f200a0a0a03666f6f...(size=4114), reply=RaftClientReply:client-54A5215B9B2F->s2@group-1720A28C8555, cid=1406, FAILED org.apache.ratis.protocol.NotLeaderException: Server s2@group-1720A28C8555 is not the leader, logIndex=0, commits[s2:c2813, s0:c2811, s1:c2813]
2019-09-26 14:02:22,306 INFO  client.GrpcClientProtocolService (GrpcClientProtocolService.java:lambda$processClientRequest$0(278)) - Failed RaftClientRequest:client-54A5215B9B2F->s1@group-1720A28C8555, cid=1406, seq=0, RW, Message:128f200a0a0a03666f6f...(size=4114), reply=RaftClientReply:client-54A5215B9B2F->s1@group-1720A28C8555, cid=1406, FAILED org.apache.ratis.protocol.NotLeaderException: Server s1@group-1720A28C8555 is not the leader, logIndex=0, commits[s1:c2814, s0:c2811, s2:c2811]
2019-09-26 14:02:22,310 INFO  client.GrpcClientProtocolService (GrpcClientProtocolService.java:lambda$processClientRequest$0(278)) - Failed RaftClientRequest:client-54A5215B9B2F->s0@group-1720A28C8555, cid=1406, seq=0, RW, Message:128f200a0a0a03666f6f...(size=4114), reply=RaftClientReply:client-54A5215B9B2F->s0@group-1720A28C8555, cid=1406, FAILED org.apache.ratis.protocol.NotLeaderException: Server s0@group-1720A28C8555 is not the leader, logIndex=0, commits[s0:c2813, s1:c2813, s2:c2811]
2019-09-26 14:02:22,313 INFO  client.GrpcClientProtocolService (GrpcClientProtocolService.java:lambda$processClientRequest$0(278)) - Failed RaftClientRequest:client-54A5215B9B2F->s1@group-1720A28C8555, cid=1406, seq=0, RW, Message:128f200a0a0a03666f6f...(size=4114), reply=RaftClientReply:client-54A5215B9B2F->s1@group-1720A28C8555, cid=1406, FAILED org.apache.ratis.protocol.NotLeaderException: Server s1@group-1720A28C8555 is not the leader, logIndex=0, commits[s1:c2814, s0:c2811, s2:c2811]
2019-09-26 14:02:22,316 INFO  client.GrpcClientProtocolService (GrpcClientProtocolService.java:lambda$processClientRequest$0(278)) - Failed RaftClientRequest:client-54A5215B9B2F->s0@group-1720A28C8555, cid=1406, seq=0, RW, Message:128f200a0a0a03666f6f...(size=4114), reply=RaftClientReply:client-54A5215B9B2F->s0@group-1720A28C8555, cid=1406, FAILED org.apache.ratis.protocol.NotLeaderException: Server s0@group-1720A28C8555 is not the leader, logIndex=0, commits[s0:c2813, s1:c2813, s2:c2811]
2019-09-26 14:02:22,319 INFO  client.GrpcClientProtocolService (GrpcClientProtocolService.java:lambda$processClientRequest$0(278)) - Failed RaftClientRequest:client-54A5215B9B2F->s1@group-1720A28C8555, cid=1406, seq=0, RW, Message:128f200a0a0a03666f6f...(size=4114), reply=RaftClientReply:client-54A5215B9B2F->s1@group-1720A28C8555, cid=1406, FAILED org.apache.ratis.protocol.NotLeaderException: Server s1@group-1720A28C8555 is not the leader, logIndex=0, commits[s1:c2814, s0:c2811, s2:c2811]
2019-09-26 14:02:22,322 INFO  client.GrpcClientProtocolService (GrpcClientProtocolService.java:lambda$processClientRequest$0(278)) - Failed RaftClientRequest:client-54A5215B9B2F->s2@group-1720A28C8555, cid=1406, seq=0, RW, Message:128f200a0a0a03666f6f...(size=4114), reply=RaftClientReply:client-54A5215B9B2F->s2@group-1720A28C8555, cid=1406, FAILED org.apache.ratis.protocol.NotLeaderException: Server s2@group-1720A28C8555 is not the leader, logIndex=0, commits[s2:c2813, s0:c2811, s1:c2813]
2019-09-26 14:02:22,325 INFO  client.GrpcClientProtocolService (GrpcClientProtocolService.java:lambda$processClientRequest$0(278)) - Failed RaftClientRequest:client-54A5215B9B2F->s1@group-1720A28C8555, cid=1406, seq=0, RW, Message:128f200a0a0a03666f6f...(size=4114), reply=RaftClientReply:client-54A5215B9B2F->s1@group-1720A28C8555, cid=1406, FAILED org.apache.ratis.protocol.NotLeaderException: Server s1@group-1720A28C8555 is not the leader, logIndex=0, commits[s1:c2814, s0:c2811, s2:c2811]
2019-09-26 14:02:22,329 INFO  client.GrpcClientProtocolService (GrpcClientProtocolService.java:lambda$processClientRequest$0(278)) - Failed RaftClientRequest:client-54A5215B9B2F->s0@group-1720A28C8555, cid=1406, seq=0, RW, Message:128f200a0a0a03666f6f...(size=4114), reply=RaftClientReply:client-54A5215B9B2F->s0@group-1720A28C8555, cid=1406, FAILED org.apache.ratis.protocol.NotLeaderException: Server s0@group-1720A28C8555 is not the leader, logIndex=0, commits[s0:c2813, s1:c2813, s2:c2811]
2019-09-26 14:02:22,332 INFO  client.GrpcClientProtocolService (GrpcClientProtocolService.java:lambda$processClientRequest$0(278)) - Failed RaftClientRequest:client-54A5215B9B2F->s2@group-1720A28C8555, cid=1406, seq=0, RW, Message:128f200a0a0a03666f6f...(size=4114), reply=RaftClientReply:client-54A5215B9B2F->s2@group-1720A28C8555, cid=1406, FAILED org.apache.ratis.protocol.NotLeaderException: Server s2@group-1720A28C8555 is not the leader, logIndex=0, commits[s2:c2813, s0:c2811, s1:c2813]
2019-09-26 14:02:22,336 INFO  client.GrpcClientProtocolService (GrpcClientProtocolService.java:lambda$processClientRequest$0(278)) - Failed RaftClientRequest:client-54A5215B9B2F->s1@group-1720A28C8555, cid=1406, seq=0, RW, Message:128f200a0a0a03666f6f...(size=4114), reply=RaftClientReply:client-54A5215B9B2F->s1@group-1720A28C8555, cid=1406, FAILED org.apache.ratis.protocol.NotLeaderException: Server s1@group-1720A28C8555 is not the leader, logIndex=0, commits[s1:c2814, s0:c2811, s2:c2811]
2019-09-26 14:02:22,339 INFO  client.GrpcClientProtocolService (GrpcClientProtocolService.java:lambda$processClientRequest$0(278)) - Failed RaftClientRequest:client-54A5215B9B2F->s2@group-1720A28C8555, cid=1406, seq=0, RW, Message:128f200a0a0a03666f6f...(size=4114), reply=RaftClientReply:client-54A5215B9B2F->s2@group-1720A28C8555, cid=1406, FAILED org.apache.ratis.protocol.NotLeaderException: Server s2@group-1720A28C8555 is not the leader, logIndex=0, commits[s2:c2813, s0:c2811, s1:c2813]
2019-09-26 14:02:22,342 INFO  client.GrpcClientProtocolService (GrpcClientProtocolService.java:lambda$processClientRequest$0(278)) - Failed RaftClientRequest:client-54A5215B9B2F->s0@group-1720A28C8555, cid=1406, seq=0, RW, Message:128f200a0a0a03666f6f...(size=4114), reply=RaftClientReply:client-54A5215B9B2F->s0@group-1720A28C8555, cid=1406, FAILED org.apache.ratis.protocol.NotLeaderException: Server s0@group-1720A28C8555 is not the leader, logIndex=0, commits[s0:c2813, s1:c2813, s2:c2811]
2019-09-26 14:02:22,345 INFO  client.GrpcClientProtocolService (GrpcClientProtocolService.java:lambda$processClientRequest$0(278)) - Failed RaftClientRequest:client-54A5215B9B2F->s1@group-1720A28C8555, cid=1406, seq=0, RW, Message:128f200a0a0a03666f6f...(size=4114), reply=RaftClientReply:client-54A5215B9B2F->s1@group-1720A28C8555, cid=1406, FAILED org.apache.ratis.protocol.NotLeaderException: Server s1@group-1720A28C8555 is not the leader, logIndex=0, commits[s1:c2814, s0:c2811, s2:c2811]
2019-09-26 14:02:22,349 INFO  client.GrpcClientProtocolService (GrpcClientProtocolService.java:lambda$processClientRequest$0(278)) - Failed RaftClientRequest:client-54A5215B9B2F->s2@group-1720A28C8555, cid=1406, seq=0, RW, Message:128f200a0a0a03666f6f...(size=4114), reply=RaftClientReply:client-54A5215B9B2F->s2@group-1720A28C8555, cid=1406, FAILED org.apache.ratis.protocol.NotLeaderException: Server s2@group-1720A28C8555 is not the leader, logIndex=0, commits[s2:c2813, s0:c2811, s1:c2813]
2019-09-26 14:02:22,352 INFO  client.GrpcClientProtocolService (GrpcClientProtocolService.java:lambda$processClientRequest$0(278)) - Failed RaftClientRequest:client-54A5215B9B2F->s0@group-1720A28C8555, cid=1406, seq=0, RW, Message:128f200a0a0a03666f6f...(size=4114), reply=RaftClientReply:client-54A5215B9B2F->s0@group-1720A28C8555, cid=1406, FAILED org.apache.ratis.protocol.NotLeaderException: Server s0@group-1720A28C8555 is not the leader, logIndex=0, commits[s0:c2813, s1:c2813, s2:c2811]
2019-09-26 14:02:22,355 INFO  client.GrpcClientProtocolService (GrpcClientProtocolService.java:lambda$processClientRequest$0(278)) - Failed RaftClientRequest:client-54A5215B9B2F->s1@group-1720A28C8555, cid=1406, seq=0, RW, Message:128f200a0a0a03666f6f...(size=4114), reply=RaftClientReply:client-54A5215B9B2F->s1@group-1720A28C8555, cid=1406, FAILED org.apache.ratis.protocol.NotLeaderException: Server s1@group-1720A28C8555 is not the leader, logIndex=0, commits[s1:c2814, s0:c2811, s2:c2811]
2019-09-26 14:02:22,359 INFO  client.GrpcClientProtocolService (GrpcClientProtocolService.java:lambda$processClientRequest$0(278)) - Failed RaftClientRequest:client-54A5215B9B2F->s0@group-1720A28C8555, cid=1406, seq=0, RW, Message:128f200a0a0a03666f6f...(size=4114), reply=RaftClientReply:client-54A5215B9B2F->s0@group-1720A28C8555, cid=1406, FAILED org.apache.ratis.protocol.NotLeaderException: Server s0@group-1720A28C8555 is not the leader, logIndex=0, commits[s0:c2813, s1:c2813, s2:c2811]
2019-09-26 14:02:22,362 INFO  client.GrpcClientProtocolService (GrpcClientProtocolService.java:lambda$processClientRequest$0(278)) - Failed RaftClientRequest:client-54A5215B9B2F->s2@group-1720A28C8555, cid=1406, seq=0, RW, Message:128f200a0a0a03666f6f...(size=4114), reply=RaftClientReply:client-54A5215B9B2F->s2@group-1720A28C8555, cid=1406, FAILED org.apache.ratis.protocol.NotLeaderException: Server s2@group-1720A28C8555 is not the leader, logIndex=0, commits[s2:c2813, s0:c2811, s1:c2813]
2019-09-26 14:02:22,366 INFO  client.GrpcClientProtocolService (GrpcClientProtocolService.java:lambda$processClientRequest$0(278)) - Failed RaftClientRequest:client-54A5215B9B2F->s1@group-1720A28C8555, cid=1406, seq=0, RW, Message:128f200a0a0a03666f6f...(size=4114), reply=RaftClientReply:client-54A5215B9B2F->s1@group-1720A28C8555, cid=1406, FAILED org.apache.ratis.protocol.NotLeaderException: Server s1@group-1720A28C8555 is not the leader, logIndex=0, commits[s1:c2814, s0:c2811, s2:c2811]
2019-09-26 14:02:22,369 INFO  client.GrpcClientProtocolService (GrpcClientProtocolService.java:lambda$processClientRequest$0(278)) - Failed RaftClientRequest:client-54A5215B9B2F->s2@group-1720A28C8555, cid=1406, seq=0, RW, Message:128f200a0a0a03666f6f...(size=4114), reply=RaftClientReply:client-54A5215B9B2F->s2@group-1720A28C8555, cid=1406, FAILED org.apache.ratis.protocol.NotLeaderException: Server s2@group-1720A28C8555 is not the leader, logIndex=0, commits[s2:c2813, s0:c2811, s1:c2813]
2019-09-26 14:02:22,375 INFO  client.GrpcClientProtocolService (GrpcClientProtocolService.java:lambda$processClientRequest$0(278)) - Failed RaftClientRequest:client-54A5215B9B2F->s1@group-1720A28C8555, cid=1406, seq=0, RW, Message:128f200a0a0a03666f6f...(size=4114), reply=RaftClientReply:client-54A5215B9B2F->s1@group-1720A28C8555, cid=1406, FAILED org.apache.ratis.protocol.NotLeaderException: Server s1@group-1720A28C8555 is not the leader, logIndex=0, commits[s1:c2814, s0:c2811, s2:c2811]
2019-09-26 14:02:22,379 INFO  client.GrpcClientProtocolService (GrpcClientProtocolService.java:lambda$processClientRequest$0(278)) - Failed RaftClientRequest:client-54A5215B9B2F->s2@group-1720A28C8555, cid=1406, seq=0, RW, Message:128f200a0a0a03666f6f...(size=4114), reply=RaftClientReply:client-54A5215B9B2F->s2@group-1720A28C8555, cid=1406, FAILED org.apache.ratis.protocol.NotLeaderException: Server s2@group-1720A28C8555 is not the leader, logIndex=0, commits[s2:c2813, s0:c2811, s1:c2813]
2019-09-26 14:02:22,382 INFO  client.GrpcClientProtocolService (GrpcClientProtocolService.java:lambda$processClientRequest$0(278)) - Failed RaftClientRequest:client-54A5215B9B2F->s1@group-1720A28C8555, cid=1406, seq=0, RW, Message:128f200a0a0a03666f6f...(size=4114), reply=RaftClientReply:client-54A5215B9B2F->s1@group-1720A28C8555, cid=1406, FAILED org.apache.ratis.protocol.NotLeaderException: Server s1@group-1720A28C8555 is not the leader, logIndex=0, commits[s1:c2814, s0:c2811, s2:c2811]
2019-09-26 14:02:22,385 INFO  client.GrpcClientProtocolService (GrpcClientProtocolService.java:lambda$processClientRequest$0(278)) - Failed RaftClientRequest:client-54A5215B9B2F->s0@group-1720A28C8555, cid=1406, seq=0, RW, Message:128f200a0a0a03666f6f...(size=4114), reply=RaftClientReply:client-54A5215B9B2F->s0@group-1720A28C8555, cid=1406, FAILED org.apache.ratis.protocol.NotLeaderException: Server s0@group-1720A28C8555 is not the leader, logIndex=0, commits[s0:c2813, s1:c2813, s2:c2811]
2019-09-26 14:02:22,388 INFO  client.GrpcClientProtocolService (GrpcClientProtocolService.java:lambda$processClientRequest$0(278)) - Failed RaftClientRequest:client-54A5215B9B2F->s2@group-1720A28C8555, cid=1406, seq=0, RW, Message:128f200a0a0a03666f6f...(size=4114), reply=RaftClientReply:client-54A5215B9B2F->s2@group-1720A28C8555, cid=1406, FAILED org.apache.ratis.protocol.NotLeaderException: Server s2@group-1720A28C8555 is not the leader, logIndex=0, commits[s2:c2813, s0:c2811, s1:c2813]
2019-09-26 14:02:22,392 INFO  client.GrpcClientProtocolService (GrpcClientProtocolService.java:lambda$processClientRequest$0(278)) - Failed RaftClientRequest:client-54A5215B9B2F->s0@group-1720A28C8555, cid=1406, seq=0, RW, Message:128f200a0a0a03666f6f...(size=4114), reply=RaftClientReply:client-54A5215B9B2F->s0@group-1720A28C8555, cid=1406, FAILED org.apache.ratis.protocol.NotLeaderException: Server s0@group-1720A28C8555 is not the leader, logIndex=0, commits[s0:c2813, s1:c2813, s2:c2811]
2019-09-26 14:02:22,394 INFO  client.GrpcClientProtocolService (GrpcClientProtocolService.java:lambda$processClientRequest$0(278)) - Failed RaftClientRequest:client-54A5215B9B2F->s1@group-1720A28C8555, cid=1406, seq=0, RW, Message:128f200a0a0a03666f6f...(size=4114), reply=RaftClientReply:client-54A5215B9B2F->s1@group-1720A28C8555, cid=1406, FAILED org.apache.ratis.protocol.NotLeaderException: Server s1@group-1720A28C8555 is not the leader, logIndex=0, commits[s1:c2814, s0:c2811, s2:c2811]
2019-09-26 14:02:22,398 INFO  client.GrpcClientProtocolService (GrpcClientProtocolService.java:lambda$processClientRequest$0(278)) - Failed RaftClientRequest:client-54A5215B9B2F->s2@group-1720A28C8555, cid=1406, seq=0, RW, Message:128f200a0a0a03666f6f...(size=4114), reply=RaftClientReply:client-54A5215B9B2F->s2@group-1720A28C8555, cid=1406, FAILED org.apache.ratis.protocol.NotLeaderException: Server s2@group-1720A28C8555 is not the leader, logIndex=0, commits[s2:c2813, s0:c2811, s1:c2813]
2019-09-26 14:02:22,401 INFO  client.GrpcClientProtocolService (GrpcClientProtocolService.java:lambda$processClientRequest$0(278)) - Failed RaftClientRequest:client-54A5215B9B2F->s0@group-1720A28C8555, cid=1406, seq=0, RW, Message:128f200a0a0a03666f6f...(size=4114), reply=RaftClientReply:client-54A5215B9B2F->s0@group-1720A28C8555, cid=1406, FAILED org.apache.ratis.protocol.NotLeaderException: Server s0@group-1720A28C8555 is not the leader, logIndex=0, commits[s0:c2813, s1:c2813, s2:c2811]
2019-09-26 14:02:22,404 INFO  client.GrpcClientProtocolService (GrpcClientProtocolService.java:lambda$processClientRequest$0(278)) - Failed RaftClientRequest:client-54A5215B9B2F->s2@group-1720A28C8555, cid=1406, seq=0, RW, Message:128f200a0a0a03666f6f...(size=4114), reply=RaftClientReply:client-54A5215B9B2F->s2@group-1720A28C8555, cid=1406, FAILED org.apache.ratis.protocol.NotLeaderException: Server s2@group-1720A28C8555 is not the leader, logIndex=0, commits[s2:c2813, s0:c2811, s1:c2813]
2019-09-26 14:02:22,407 INFO  client.GrpcClientProtocolService (GrpcClientProtocolService.java:lambda$processClientRequest$0(278)) - Failed RaftClientRequest:client-54A5215B9B2F->s1@group-1720A28C8555, cid=1406, seq=0, RW, Message:128f200a0a0a03666f6f...(size=4114), reply=RaftClientReply:client-54A5215B9B2F->s1@group-1720A28C8555, cid=1406, FAILED org.apache.ratis.protocol.NotLeaderException: Server s1@group-1720A28C8555 is not the leader, logIndex=0, commits[s1:c2814, s0:c2811, s2:c2811]
2019-09-26 14:02:22,410 INFO  client.GrpcClientProtocolService (GrpcClientProtocolService.java:lambda$processClientRequest$0(278)) - Failed RaftClientRequest:client-54A5215B9B2F->s2@group-1720A28C8555, cid=1406, seq=0, RW, Message:128f200a0a0a03666f6f...(size=4114), reply=RaftClientReply:client-54A5215B9B2F->s2@group-1720A28C8555, cid=1406, FAILED org.apache.ratis.protocol.NotLeaderException: Server s2@group-1720A28C8555 is not the leader, logIndex=0, commits[s2:c2813, s0:c2811, s1:c2813]
2019-09-26 14:02:22,417 INFO  client.GrpcClientProtocolService (GrpcClientProtocolService.java:lambda$processClientRequest$0(278)) - Failed RaftClientRequest:client-54A5215B9B2F->s0@group-1720A28C8555, cid=1406, seq=0, RW, Message:128f200a0a0a03666f6f...(size=4114), reply=RaftClientReply:client-54A5215B9B2F->s0@group-1720A28C8555, cid=1406, FAILED org.apache.ratis.protocol.NotLeaderException: Server s0@group-1720A28C8555 is not the leader, logIndex=0, commits[s0:c2813, s1:c2813, s2:c2811]
2019-09-26 14:02:22,421 INFO  client.GrpcClientProtocolService (GrpcClientProtocolService.java:lambda$processClientRequest$0(278)) - Failed RaftClientRequest:client-54A5215B9B2F->s2@group-1720A28C8555, cid=1406, seq=0, RW, Message:128f200a0a0a03666f6f...(size=4114), reply=RaftClientReply:client-54A5215B9B2F->s2@group-1720A28C8555, cid=1406, FAILED org.apache.ratis.protocol.NotLeaderException: Server s2@group-1720A28C8555 is not the leader, logIndex=0, commits[s2:c2813, s0:c2811, s1:c2813]
2019-09-26 14:02:22,425 INFO  client.GrpcClientProtocolService (GrpcClientProtocolService.java:lambda$processClientRequest$0(278)) - Failed RaftClientRequest:client-54A5215B9B2F->s0@group-1720A28C8555, cid=1406, seq=0, RW, Message:128f200a0a0a03666f6f...(size=4114), reply=RaftClientReply:client-54A5215B9B2F->s0@group-1720A28C8555, cid=1406, FAILED org.apache.ratis.protocol.NotLeaderException: Server s0@group-1720A28C8555 is not the leader, logIndex=0, commits[s0:c2813, s1:c2813, s2:c2811]
2019-09-26 14:02:22,428 INFO  client.GrpcClientProtocolService (GrpcClientProtocolService.java:lambda$processClientRequest$0(278)) - Failed RaftClientRequest:client-54A5215B9B2F->s2@group-1720A28C8555, cid=1406, seq=0, RW, Message:128f200a0a0a03666f6f...(size=4114), reply=RaftClientReply:client-54A5215B9B2F->s2@group-1720A28C8555, cid=1406, FAILED org.apache.ratis.protocol.NotLeaderException: Server s2@group-1720A28C8555 is not the leader, logIndex=0, commits[s2:c2813, s0:c2811, s1:c2813]
2019-09-26 14:02:22,431 INFO  client.GrpcClientProtocolService (GrpcClientProtocolService.java:lambda$processClientRequest$0(278)) - Failed RaftClientRequest:client-54A5215B9B2F->s0@group-1720A28C8555, cid=1406, seq=0, RW, Message:128f200a0a0a03666f6f...(size=4114), reply=RaftClientReply:client-54A5215B9B2F->s0@group-1720A28C8555, cid=1406, FAILED org.apache.ratis.protocol.NotLeaderException: Server s0@group-1720A28C8555 is not the leader, logIndex=0, commits[s0:c2813, s1:c2813, s2:c2811]
2019-09-26 14:02:22,435 INFO  client.GrpcClientProtocolService (GrpcClientProtocolService.java:lambda$processClientRequest$0(278)) - Failed RaftClientRequest:client-54A5215B9B2F->s2@group-1720A28C8555, cid=1406, seq=0, RW, Message:128f200a0a0a03666f6f...(size=4114), reply=RaftClientReply:client-54A5215B9B2F->s2@group-1720A28C8555, cid=1406, FAILED org.apache.ratis.protocol.NotLeaderException: Server s2@group-1720A28C8555 is not the leader, logIndex=0, commits[s2:c2813, s0:c2811, s1:c2813]
2019-09-26 14:02:22,438 INFO  client.GrpcClientProtocolService (GrpcClientProtocolService.java:lambda$processClientRequest$0(278)) - Failed RaftClientRequest:client-54A5215B9B2F->s0@group-1720A28C8555, cid=1406, seq=0, RW, Message:128f200a0a0a03666f6f...(size=4114), reply=RaftClientReply:client-54A5215B9B2F->s0@group-1720A28C8555, cid=1406, FAILED org.apache.ratis.protocol.NotLeaderException: Server s0@group-1720A28C8555 is not the leader, logIndex=0, commits[s0:c2813, s1:c2813, s2:c2811]
2019-09-26 14:02:22,441 INFO  client.GrpcClientProtocolService (GrpcClientProtocolService.java:lambda$processClientRequest$0(278)) - Failed RaftClientRequest:client-54A5215B9B2F->s2@group-1720A28C8555, cid=1406, seq=0, RW, Message:128f200a0a0a03666f6f...(size=4114), reply=RaftClientReply:client-54A5215B9B2F->s2@group-1720A28C8555, cid=1406, FAILED org.apache.ratis.protocol.NotLeaderException: Server s2@group-1720A28C8555 is not the leader, logIndex=0, commits[s2:c2813, s0:c2811, s1:c2813]
2019-09-26 14:02:22,445 INFO  client.GrpcClientProtocolService (GrpcClientProtocolService.java:lambda$processClientRequest$0(278)) - Failed RaftClientRequest:client-54A5215B9B2F->s1@group-1720A28C8555, cid=1406, seq=0, RW, Message:128f200a0a0a03666f6f...(size=4114), reply=RaftClientReply:client-54A5215B9B2F->s1@group-1720A28C8555, cid=1406, FAILED org.apache.ratis.protocol.NotLeaderException: Server s1@group-1720A28C8555 is not the leader, logIndex=0, commits[s1:c2814, s0:c2811, s2:c2811]
2019-09-26 14:02:22,449 INFO  client.GrpcClientProtocolService (GrpcClientProtocolService.java:lambda$processClientRequest$0(278)) - Failed RaftClientRequest:client-54A5215B9B2F->s2@group-1720A28C8555, cid=1406, seq=0, RW, Message:128f200a0a0a03666f6f...(size=4114), reply=RaftClientReply:client-54A5215B9B2F->s2@group-1720A28C8555, cid=1406, FAILED org.apache.ratis.protocol.NotLeaderException: Server s2@group-1720A28C8555 is not the leader, logIndex=0, commits[s2:c2813, s0:c2811, s1:c2813]
2019-09-26 14:02:22,453 INFO  client.GrpcClientProtocolService (GrpcClientProtocolService.java:lambda$processClientRequest$0(278)) - Failed RaftClientRequest:client-54A5215B9B2F->s0@group-1720A28C8555, cid=1406, seq=0, RW, Message:128f200a0a0a03666f6f...(size=4114), reply=RaftClientReply:client-54A5215B9B2F->s0@group-1720A28C8555, cid=1406, FAILED org.apache.ratis.protocol.NotLeaderException: Server s0@group-1720A28C8555 is not the leader, logIndex=0, commits[s0:c2813, s1:c2813, s2:c2811]
2019-09-26 14:02:22,456 INFO  client.GrpcClientProtocolService (GrpcClientProtocolService.java:lambda$processClientRequest$0(278)) - Failed RaftClientRequest:client-54A5215B9B2F->s2@group-1720A28C8555, cid=1406, seq=0, RW, Message:128f200a0a0a03666f6f...(size=4114), reply=RaftClientReply:client-54A5215B9B2F->s2@group-1720A28C8555, cid=1406, FAILED org.apache.ratis.protocol.NotLeaderException: Server s2@group-1720A28C8555 is not the leader, logIndex=0, commits[s2:c2813, s0:c2811, s1:c2813]
2019-09-26 14:02:22,459 INFO  client.GrpcClientProtocolService (GrpcClientProtocolService.java:lambda$processClientRequest$0(278)) - Failed RaftClientRequest:client-54A5215B9B2F->s0@group-1720A28C8555, cid=1406, seq=0, RW, Message:128f200a0a0a03666f6f...(size=4114), reply=RaftClientReply:client-54A5215B9B2F->s0@group-1720A28C8555, cid=1406, FAILED org.apache.ratis.protocol.NotLeaderException: Server s0@group-1720A28C8555 is not the leader, logIndex=0, commits[s0:c2813, s1:c2813, s2:c2811]
2019-09-26 14:02:22,463 INFO  client.GrpcClientProtocolService (GrpcClientProtocolService.java:lambda$processClientRequest$0(278)) - Failed RaftClientRequest:client-54A5215B9B2F->s2@group-1720A28C8555, cid=1406, seq=0, RW, Message:128f200a0a0a03666f6f...(size=4114), reply=RaftClientReply:client-54A5215B9B2F->s2@group-1720A28C8555, cid=1406, FAILED org.apache.ratis.protocol.NotLeaderException: Server s2@group-1720A28C8555 is not the leader, logIndex=0, commits[s2:c2813, s0:c2811, s1:c2813]
2019-09-26 14:02:22,466 INFO  client.GrpcClientProtocolService (GrpcClientProtocolService.java:lambda$processClientRequest$0(278)) - Failed RaftClientRequest:client-54A5215B9B2F->s0@group-1720A28C8555, cid=1406, seq=0, RW, Message:128f200a0a0a03666f6f...(size=4114), reply=RaftClientReply:client-54A5215B9B2F->s0@group-1720A28C8555, cid=1406, FAILED org.apache.ratis.protocol.NotLeaderException: Server s0@group-1720A28C8555 is not the leader, logIndex=0, commits[s0:c2813, s1:c2813, s2:c2811]
2019-09-26 14:02:22,469 INFO  client.GrpcClientProtocolService (GrpcClientProtocolService.java:lambda$processClientRequest$0(278)) - Failed RaftClientRequest:client-54A5215B9B2F->s1@group-1720A28C8555, cid=1406, seq=0, RW, Message:128f200a0a0a03666f6f...(size=4114), reply=RaftClientReply:client-54A5215B9B2F->s1@group-1720A28C8555, cid=1406, FAILED org.apache.ratis.protocol.NotLeaderException: Server s1@group-1720A28C8555 is not the leader, logIndex=0, commits[s1:c2814, s0:c2811, s2:c2811]
2019-09-26 14:02:22,472 INFO  client.GrpcClientProtocolService (GrpcClientProtocolService.java:lambda$processClientRequest$0(278)) - Failed RaftClientRequest:client-54A5215B9B2F->s0@group-1720A28C8555, cid=1406, seq=0, RW, Message:128f200a0a0a03666f6f...(size=4114), reply=RaftClientReply:client-54A5215B9B2F->s0@group-1720A28C8555, cid=1406, FAILED org.apache.ratis.protocol.NotLeaderException: Server s0@group-1720A28C8555 is not the leader, logIndex=0, commits[s0:c2813, s1:c2813, s2:c2811]
2019-09-26 14:02:22,476 INFO  client.GrpcClientProtocolService (GrpcClientProtocolService.java:lambda$processClientRequest$0(278)) - Failed RaftClientRequest:client-54A5215B9B2F->s2@group-1720A28C8555, cid=1406, seq=0, RW, Message:128f200a0a0a03666f6f...(size=4114), reply=RaftClientReply:client-54A5215B9B2F->s2@group-1720A28C8555, cid=1406, FAILED org.apache.ratis.protocol.NotLeaderException: Server s2@group-1720A28C8555 is not the leader, logIndex=0, commits[s2:c2813, s0:c2811, s1:c2813]
2019-09-26 14:02:22,479 INFO  client.GrpcClientProtocolService (GrpcClientProtocolService.java:lambda$processClientRequest$0(278)) - Failed RaftClientRequest:client-54A5215B9B2F->s0@group-1720A28C8555, cid=1406, seq=0, RW, Message:128f200a0a0a03666f6f...(size=4114), reply=RaftClientReply:client-54A5215B9B2F->s0@group-1720A28C8555, cid=1406, FAILED org.apache.ratis.protocol.NotLeaderException: Server s0@group-1720A28C8555 is not the leader, logIndex=0, commits[s0:c2813, s1:c2813, s2:c2811]
2019-09-26 14:02:22,482 INFO  client.GrpcClientProtocolService (GrpcClientProtocolService.java:lambda$processClientRequest$0(278)) - Failed RaftClientRequest:client-54A5215B9B2F->s2@group-1720A28C8555, cid=1406, seq=0, RW, Message:128f200a0a0a03666f6f...(size=4114), reply=RaftClientReply:client-54A5215B9B2F->s2@group-1720A28C8555, cid=1406, FAILED org.apache.ratis.protocol.NotLeaderException: Server s2@group-1720A28C8555 is not the leader, logIndex=0, commits[s2:c2813, s0:c2811, s1:c2813]
2019-09-26 14:02:22,485 INFO  client.GrpcClientProtocolService (GrpcClientProtocolService.java:lambda$processClientRequest$0(278)) - Failed RaftClientRequest:client-54A5215B9B2F->s0@group-1720A28C8555, cid=1406, seq=0, RW, Message:128f200a0a0a03666f6f...(size=4114), reply=RaftClientReply:client-54A5215B9B2F->s0@group-1720A28C8555, cid=1406, FAILED org.apache.ratis.protocol.NotLeaderException: Server s0@group-1720A28C8555 is not the leader, logIndex=0, commits[s0:c2813, s1:c2813, s2:c2811]
2019-09-26 14:02:22,488 INFO  client.GrpcClientProtocolService (GrpcClientProtocolService.java:lambda$processClientRequest$0(278)) - Failed RaftClientRequest:client-54A5215B9B2F->s2@group-1720A28C8555, cid=1406, seq=0, RW, Message:128f200a0a0a03666f6f...(size=4114), reply=RaftClientReply:client-54A5215B9B2F->s2@group-1720A28C8555, cid=1406, FAILED org.apache.ratis.protocol.NotLeaderException: Server s2@group-1720A28C8555 is not the leader, logIndex=0, commits[s2:c2813, s0:c2811, s1:c2813]
2019-09-26 14:02:22,491 INFO  client.GrpcClientProtocolService (GrpcClientProtocolService.java:lambda$processClientRequest$0(278)) - Failed RaftClientRequest:client-54A5215B9B2F->s1@group-1720A28C8555, cid=1406, seq=0, RW, Message:128f200a0a0a03666f6f...(size=4114), reply=RaftClientReply:client-54A5215B9B2F->s1@group-1720A28C8555, cid=1406, FAILED org.apache.ratis.protocol.NotLeaderException: Server s1@group-1720A28C8555 is not the leader, logIndex=0, commits[s1:c2814, s0:c2811, s2:c2811]
2019-09-26 14:02:22,494 INFO  impl.FollowerState (FollowerState.java:run(108)) - s2@group-1720A28C8555-FollowerState: change to CANDIDATE, lastRpcTime:329ms, electionTimeout:179ms
2019-09-26 14:02:22,495 INFO  impl.RoleInfo (RoleInfo.java:shutdownFollowerState(121)) - s2: shutdown FollowerState
2019-09-26 14:02:22,495 INFO  impl.RaftServerImpl (RaftServerImpl.java:setRole(170)) - s2@group-1720A28C8555: changes role from  FOLLOWER to CANDIDATE at term 7 for changeToCandidate
2019-09-26 14:02:22,495 INFO  impl.RoleInfo (RoleInfo.java:updateAndGet(143)) - s2: start LeaderElection
2019-09-26 14:02:22,495 INFO  client.GrpcClientProtocolService (GrpcClientProtocolService.java:lambda$processClientRequest$0(278)) - Failed RaftClientRequest:client-54A5215B9B2F->s2@group-1720A28C8555, cid=1406, seq=0, RW, Message:128f200a0a0a03666f6f...(size=4114), reply=RaftClientReply:client-54A5215B9B2F->s2@group-1720A28C8555, cid=1406, FAILED org.apache.ratis.protocol.NotLeaderException: Server s2@group-1720A28C8555 is not the leader, logIndex=0, commits[s2:c2813, s0:c2811, s1:c2813]
2019-09-26 14:02:22,500 INFO  client.GrpcClientProtocolService (GrpcClientProtocolService.java:lambda$processClientRequest$0(278)) - Failed RaftClientRequest:client-54A5215B9B2F->s0@group-1720A28C8555, cid=1406, seq=0, RW, Message:128f200a0a0a03666f6f...(size=4114), reply=RaftClientReply:client-54A5215B9B2F->s0@group-1720A28C8555, cid=1406, FAILED org.apache.ratis.protocol.NotLeaderException: Server s0@group-1720A28C8555 is not the leader, logIndex=0, commits[s0:c2813, s1:c2813, s2:c2811]
2019-09-26 14:02:22,504 INFO  client.GrpcClientProtocolService (GrpcClientProtocolService.java:lambda$processClientRequest$0(278)) - Failed RaftClientRequest:client-54A5215B9B2F->s1@group-1720A28C8555, cid=1406, seq=0, RW, Message:128f200a0a0a03666f6f...(size=4114), reply=RaftClientReply:client-54A5215B9B2F->s1@group-1720A28C8555, cid=1406, FAILED org.apache.ratis.protocol.NotLeaderException: Server s1@group-1720A28C8555 is not the leader, logIndex=0, commits[s1:c2814, s0:c2811, s2:c2811]
2019-09-26 14:02:22,507 INFO  client.GrpcClientProtocolService (GrpcClientProtocolService.java:lambda$processClientRequest$0(278)) - Failed RaftClientRequest:client-54A5215B9B2F->s0@group-1720A28C8555, cid=1406, seq=0, RW, Message:128f200a0a0a03666f6f...(size=4114), reply=RaftClientReply:client-54A5215B9B2F->s0@group-1720A28C8555, cid=1406, FAILED org.apache.ratis.protocol.NotLeaderException: Server s0@group-1720A28C8555 is not the leader, logIndex=0, commits[s0:c2813, s1:c2813, s2:c2811]
2019-09-26 14:02:22,510 INFO  client.GrpcClientProtocolService (GrpcClientProtocolService.java:lambda$processClientRequest$0(278)) - Failed RaftClientRequest:client-54A5215B9B2F->s2@group-1720A28C8555, cid=1406, seq=0, RW, Message:128f200a0a0a03666f6f...(size=4114), reply=RaftClientReply:client-54A5215B9B2F->s2@group-1720A28C8555, cid=1406, FAILED org.apache.ratis.protocol.NotLeaderException: Server s2@group-1720A28C8555 is not the leader, logIndex=0, commits[s2:c2813, s0:c2811, s1:c2813]
2019-09-26 14:02:22,510 INFO  impl.LeaderElection (LeaderElection.java:askForVotes(178)) - s2@group-1720A28C8555-LeaderElection10: begin an election at term 8 for 487: [s0:0.0.0.0:36116, s1:0.0.0.0:33523, s2:0.0.0.0:40404], old=null
2019-09-26 14:02:22,511 INFO  impl.RaftServerImpl (RaftServerImpl.java:setRole(170)) - s0@group-1720A28C8555: changes role from  FOLLOWER to FOLLOWER at term 8 for recognizeCandidate:s2
2019-09-26 14:02:22,511 INFO  impl.RaftServerImpl (RaftServerImpl.java:setRole(170)) - s1@group-1720A28C8555: changes role from  FOLLOWER to FOLLOWER at term 8 for recognizeCandidate:s2
2019-09-26 14:02:22,511 INFO  impl.RoleInfo (RoleInfo.java:shutdownFollowerState(121)) - s0: shutdown FollowerState
2019-09-26 14:02:22,512 INFO  impl.RoleInfo (RoleInfo.java:shutdownFollowerState(121)) - s1: shutdown FollowerState
2019-09-26 14:02:22,512 INFO  impl.FollowerState (FollowerState.java:run(117)) - s0@group-1720A28C8555-FollowerState was interrupted: java.lang.InterruptedException: sleep interrupted
2019-09-26 14:02:22,512 INFO  impl.RoleInfo (RoleInfo.java:updateAndGet(143)) - s0: start FollowerState
2019-09-26 14:02:22,513 INFO  impl.FollowerState (FollowerState.java:run(117)) - s1@group-1720A28C8555-FollowerState was interrupted: java.lang.InterruptedException: sleep interrupted
2019-09-26 14:02:22,512 INFO  impl.RoleInfo (RoleInfo.java:updateAndGet(143)) - s1: start FollowerState
2019-09-26 14:02:22,514 INFO  client.GrpcClientProtocolService (GrpcClientProtocolService.java:lambda$processClientRequest$0(278)) - Failed RaftClientRequest:client-54A5215B9B2F->s0@group-1720A28C8555, cid=1406, seq=0, RW, Message:128f200a0a0a03666f6f...(size=4114), reply=RaftClientReply:client-54A5215B9B2F->s0@group-1720A28C8555, cid=1406, FAILED org.apache.ratis.protocol.NotLeaderException: Server s0@group-1720A28C8555 is not the leader, logIndex=0, commits[s0:c2813, s1:c2813, s2:c2811]
2019-09-26 14:02:22,518 INFO  client.GrpcClientProtocolService (GrpcClientProtocolService.java:lambda$processClientRequest$0(278)) - Failed RaftClientRequest:client-54A5215B9B2F->s2@group-1720A28C8555, cid=1406, seq=0, RW, Message:128f200a0a0a03666f6f...(size=4114), reply=RaftClientReply:client-54A5215B9B2F->s2@group-1720A28C8555, cid=1406, FAILED org.apache.ratis.protocol.NotLeaderException: Server s2@group-1720A28C8555 is not the leader, logIndex=0, commits[s2:c2813, s0:c2811, s1:c2813]
2019-09-26 14:02:22,522 INFO  client.GrpcClientProtocolService (GrpcClientProtocolService.java:lambda$processClientRequest$0(278)) - Failed RaftClientRequest:client-54A5215B9B2F->s1@group-1720A28C8555, cid=1406, seq=0, RW, Message:128f200a0a0a03666f6f...(size=4114), reply=RaftClientReply:client-54A5215B9B2F->s1@group-1720A28C8555, cid=1406, FAILED org.apache.ratis.protocol.NotLeaderException: Server s1@group-1720A28C8555 is not the leader, logIndex=0, commits[s1:c2814, s0:c2811, s2:c2811]
2019-09-26 14:02:22,524 INFO  impl.LeaderElection (LeaderElection.java:logAndReturn(56)) - s2@group-1720A28C8555-LeaderElection10: Election PASSED; received 1 response(s) [s2<-s0#0:OK-t8] and 0 exception(s); s2@group-1720A28C8555:t8, leader=null, voted=s2, raftlog=s2@group-1720A28C8555-SegmentedRaftLog:OPENED:c2813,f2814,i2814, conf=487: [s0:0.0.0.0:36116, s1:0.0.0.0:33523, s2:0.0.0.0:40404], old=null
2019-09-26 14:02:22,524 INFO  impl.RoleInfo (RoleInfo.java:shutdownLeaderElection(134)) - s2: shutdown LeaderElection
2019-09-26 14:02:22,525 INFO  impl.RaftServerImpl (RaftServerImpl.java:setRole(170)) - s2@group-1720A28C8555: changes role from CANDIDATE to LEADER at term 8 for changeToLeader
2019-09-26 14:02:22,525 INFO  impl.RaftServerImpl (ServerState.java:setLeader(254)) - s2@group-1720A28C8555: change Leader from null to s2 at term 8 for becomeLeader, leader elected after 447ms
2019-09-26 14:02:22,526 INFO  server.RaftServerConfigKeys (ConfUtils.java:logGet(43)) - raft.server.staging.catchup.gap = 1000 (default)
2019-09-26 14:02:22,526 INFO  server.RaftServerConfigKeys (ConfUtils.java:logGet(43)) - raft.server.rpc.sleep.time = 25ms (default)
2019-09-26 14:02:22,526 INFO  server.RaftServerConfigKeys (ConfUtils.java:logGet(43)) - raft.server.write.element-limit = 4096 (default)
2019-09-26 14:02:22,526 INFO  server.RaftServerConfigKeys (ConfUtils.java:logGet(43)) - raft.server.watch.timeout = 10s (default)
2019-09-26 14:02:22,526 INFO  server.RaftServerConfigKeys (ConfUtils.java:logGet(43)) - raft.server.watch.timeout.denomination = 1s (default)
2019-09-26 14:02:22,527 INFO  server.RaftServerConfigKeys (ConfUtils.java:logGet(43)) - raft.server.watch.element-limit = 65536 (default)
2019-09-26 14:02:22,528 INFO  server.RaftServerConfigKeys (ConfUtils.java:logGet(43)) - raft.server.log.appender.snapshot.chunk.size.max = 16MB (=16777216) (default)
2019-09-26 14:02:22,528 INFO  server.RaftServerConfigKeys (ConfUtils.java:logGet(43)) - raft.server.log.appender.buffer.byte-limit = 4MB (=4194304) (default)
2019-09-26 14:02:22,528 INFO  server.RaftServerConfigKeys (ConfUtils.java:logGet(43)) - raft.server.log.appender.buffer.element-limit = 0 (default)
2019-09-26 14:02:22,528 INFO  grpc.GrpcConfigKeys$Server (ConfUtils.java:logGet(43)) - raft.grpc.server.leader.outstanding.appends.max = 128 (default)
2019-09-26 14:02:22,528 INFO  server.RaftServerConfigKeys (ConfUtils.java:logGet(43)) - raft.server.rpc.request.timeout = 3000ms (default)
2019-09-26 14:02:22,528 INFO  server.RaftServerConfigKeys (ConfUtils.java:logGet(43)) - raft.server.log.appender.install.snapshot.enabled = true (default)
2019-09-26 14:02:22,529 INFO  server.RaftServerConfigKeys (ConfUtils.java:logGet(43)) - raft.server.log.appender.snapshot.chunk.size.max = 16MB (=16777216) (default)
2019-09-26 14:02:22,529 INFO  server.RaftServerConfigKeys (ConfUtils.java:logGet(43)) - raft.server.log.appender.buffer.byte-limit = 4MB (=4194304) (default)
2019-09-26 14:02:22,529 INFO  server.RaftServerConfigKeys (ConfUtils.java:logGet(43)) - raft.server.log.appender.buffer.element-limit = 0 (default)
2019-09-26 14:02:22,529 INFO  grpc.GrpcConfigKeys$Server (ConfUtils.java:logGet(43)) - raft.grpc.server.leader.outstanding.appends.max = 128 (default)
2019-09-26 14:02:22,529 INFO  server.RaftServerConfigKeys (ConfUtils.java:logGet(43)) - raft.server.rpc.request.timeout = 3000ms (default)
2019-09-26 14:02:22,529 INFO  server.RaftServerConfigKeys (ConfUtils.java:logGet(43)) - raft.server.log.appender.install.snapshot.enabled = true (default)
2019-09-26 14:02:22,529 INFO  client.GrpcClientProtocolService (GrpcClientProtocolService.java:lambda$processClientRequest$0(278)) - Failed RaftClientRequest:client-54A5215B9B2F->s0@group-1720A28C8555, cid=1406, seq=0, RW, Message:128f200a0a0a03666f6f...(size=4114), reply=RaftClientReply:client-54A5215B9B2F->s0@group-1720A28C8555, cid=1406, FAILED org.apache.ratis.protocol.NotLeaderException: Server s0@group-1720A28C8555 is not the leader, logIndex=0, commits[s0:c2813, s1:c2813, s2:c2811]
2019-09-26 14:02:22,530 INFO  impl.RoleInfo (RoleInfo.java:updateAndGet(143)) - s2: start LeaderState
2019-09-26 14:02:22,530 INFO  segmented.SegmentedRaftLogWorker (SegmentedRaftLogWorker.java:rollLogSegment(385)) - s2@group-1720A28C8555-SegmentedRaftLogWorker: Rolling segment log-487_2814 to index:2814
2019-09-26 14:02:22,531 INFO  impl.RaftServerImpl (ServerState.java:setRaftConf(355)) - s2@group-1720A28C8555: set configuration 2815: [s0:0.0.0.0:36116, s1:0.0.0.0:33523, s2:0.0.0.0:40404], old=null at 2815
2019-09-26 14:02:22,533 TRACE util.FileUtils (LogUtils.java:runAndLog(61)) - Successfully ran Files.move /workdir/ratis-examples/target/test/data/92cd4afb/MiniRaftClusterWithGrpc4a8e4c9f/s2/3e568cf1-66e7-476e-b2f1-1720a28c8555/current/log_inprogress_487 to /workdir/ratis-examples/target/test/data/92cd4afb/MiniRaftClusterWithGrpc4a8e4c9f/s2/3e568cf1-66e7-476e-b2f1-1720a28c8555/current/log_487-2814
2019-09-26 14:02:22,533 INFO  impl.RaftServerImpl (ServerState.java:setLeader(254)) - s0@group-1720A28C8555: change Leader from null to s2 at term 8 for appendEntries, leader elected after 454ms
2019-09-26 14:02:22,533 INFO  segmented.SegmentedRaftLogWorker (SegmentedRaftLogWorker.java:execute(526)) - s2@group-1720A28C8555-SegmentedRaftLogWorker: Rolled log segment from /workdir/ratis-examples/target/test/data/92cd4afb/MiniRaftClusterWithGrpc4a8e4c9f/s2/3e568cf1-66e7-476e-b2f1-1720a28c8555/current/log_inprogress_487 to /workdir/ratis-examples/target/test/data/92cd4afb/MiniRaftClusterWithGrpc4a8e4c9f/s2/3e568cf1-66e7-476e-b2f1-1720a28c8555/current/log_487-2814
2019-09-26 14:02:22,533 INFO  impl.RaftServerImpl (ServerState.java:setLeader(254)) - s1@group-1720A28C8555: change Leader from null to s2 at term 8 for appendEntries, leader elected after 315ms
2019-09-26 14:02:22,535 INFO  impl.RaftServerImpl (ServerState.java:setRaftConf(355)) - s0@group-1720A28C8555: set configuration 2815: [s0:0.0.0.0:36116, s1:0.0.0.0:33523, s2:0.0.0.0:40404], old=null at 2815
2019-09-26 14:02:22,535 INFO  segmented.SegmentedRaftLogWorker (SegmentedRaftLogWorker.java:rollLogSegment(385)) - s0@group-1720A28C8555-SegmentedRaftLogWorker: Rolling segment log-487_2814 to index:2814
2019-09-26 14:02:22,535 INFO  impl.RaftServerImpl (ServerState.java:setRaftConf(355)) - s1@group-1720A28C8555: set configuration 2815: [s0:0.0.0.0:36116, s1:0.0.0.0:33523, s2:0.0.0.0:40404], old=null at 2815
2019-09-26 14:02:22,536 INFO  client.GrpcClientProtocolService (GrpcClientProtocolService.java:lambda$processClientRequest$0(278)) - Failed RaftClientRequest:client-54A5215B9B2F->s2@group-1720A28C8555, cid=1406, seq=0, RW, Message:128f200a0a0a03666f6f...(size=4114), reply=RaftClientReply:client-54A5215B9B2F->s2@group-1720A28C8555, cid=1406, FAILED org.apache.ratis.protocol.LeaderNotReadyException: s2@group-1720A28C8555 is in LEADER state but not ready yet., logIndex=0, commits[s2:c2813, s0:c2813, s1:c2814]
2019-09-26 14:02:22,537 TRACE util.FileUtils (LogUtils.java:runAndLog(61)) - Successfully ran Files.move /workdir/ratis-examples/target/test/data/92cd4afb/MiniRaftClusterWithGrpc4a8e4c9f/s0/3e568cf1-66e7-476e-b2f1-1720a28c8555/current/log_inprogress_487 to /workdir/ratis-examples/target/test/data/92cd4afb/MiniRaftClusterWithGrpc4a8e4c9f/s0/3e568cf1-66e7-476e-b2f1-1720a28c8555/current/log_487-2814
2019-09-26 14:02:22,537 INFO  segmented.SegmentedRaftLogWorker (SegmentedRaftLogWorker.java:execute(526)) - s0@group-1720A28C8555-SegmentedRaftLogWorker: Rolled log segment from /workdir/ratis-examples/target/test/data/92cd4afb/MiniRaftClusterWithGrpc4a8e4c9f/s0/3e568cf1-66e7-476e-b2f1-1720a28c8555/current/log_inprogress_487 to /workdir/ratis-examples/target/test/data/92cd4afb/MiniRaftClusterWithGrpc4a8e4c9f/s0/3e568cf1-66e7-476e-b2f1-1720a28c8555/current/log_487-2814
2019-09-26 14:02:22,538 INFO  client.GrpcClientProtocolService (GrpcClientProtocolService.java:lambda$processClientRequest$0(278)) - Failed RaftClientRequest:client-54A5215B9B2F->s2@group-1720A28C8555, cid=1406, seq=0, RW, Message:128f200a0a0a03666f6f...(size=4114), reply=RaftClientReply:client-54A5215B9B2F->s2@group-1720A28C8555, cid=1406, FAILED org.apache.ratis.protocol.LeaderNotReadyException: s2@group-1720A28C8555 is in LEADER state but not ready yet., logIndex=0, commits[s2:c2813, s0:c2813, s1:c2814]
2019-09-26 14:02:22,540 INFO  segmented.SegmentedRaftLogWorker (SegmentedRaftLogWorker.java:truncate(396)) - s1@group-1720A28C8555-SegmentedRaftLogWorker: Truncating segments toTruncate: (487, 2815) isOpen? true, length=77750, newEndIndex=2814
  toDelete: [], start index 2815
2019-09-26 14:02:22,540 INFO  client.GrpcClientProtocolService (GrpcClientProtocolService.java:lambda$processClientRequest$0(278)) - Failed RaftClientRequest:client-54A5215B9B2F->s2@group-1720A28C8555, cid=1406, seq=0, RW, Message:128f200a0a0a03666f6f...(size=4114), reply=RaftClientReply:client-54A5215B9B2F->s2@group-1720A28C8555, cid=1406, FAILED org.apache.ratis.protocol.LeaderNotReadyException: s2@group-1720A28C8555 is in LEADER state but not ready yet., logIndex=0, commits[s2:c2813, s0:c2813, s1:c2814]
2019-09-26 14:02:22,541 INFO  segmented.SegmentedRaftLogWorker (SegmentedRaftLogWorker.java:startLogSegment(380)) - s1@group-1720A28C8555-SegmentedRaftLogWorker: Starting segment from index:2815
2019-09-26 14:02:22,542 INFO  client.GrpcClientProtocolService (GrpcClientProtocolService.java:lambda$processClientRequest$0(278)) - Failed RaftClientRequest:client-54A5215B9B2F->s2@group-1720A28C8555, cid=1406, seq=0, RW, Message:128f200a0a0a03666f6f...(size=4114), reply=RaftClientReply:client-54A5215B9B2F->s2@group-1720A28C8555, cid=1406, FAILED org.apache.ratis.protocol.LeaderNotReadyException: s2@group-1720A28C8555 is in LEADER state but not ready yet., logIndex=0, commits[s2:c2813, s0:c2813, s1:c2814]
2019-09-26 14:02:22,544 TRACE util.FileUtils (LogUtils.java:runAndLog(61)) - Successfully ran FileOutputStream.getChannel().truncate /workdir/ratis-examples/target/test/data/92cd4afb/MiniRaftClusterWithGrpc4a8e4c9f/s1/3e568cf1-66e7-476e-b2f1-1720a28c8555/current/log_inprogress_487 length: 77802 -> 77750
2019-09-26 14:02:22,544 INFO  client.GrpcClientProtocolService (GrpcClientProtocolService.java:lambda$processClientRequest$0(278)) - Failed RaftClientRequest:client-54A5215B9B2F->s2@group-1720A28C8555, cid=1406, seq=0, RW, Message:128f200a0a0a03666f6f...(size=4114), reply=RaftClientReply:client-54A5215B9B2F->s2@group-1720A28C8555, cid=1406, FAILED org.apache.ratis.protocol.LeaderNotReadyException: s2@group-1720A28C8555 is in LEADER state but not ready yet., logIndex=0, commits[s2:c2813, s0:c2813, s1:c2814]
2019-09-26 14:02:22,544 TRACE util.FileUtils (LogUtils.java:runAndLog(61)) - Successfully ran Files.move /workdir/ratis-examples/target/test/data/92cd4afb/MiniRaftClusterWithGrpc4a8e4c9f/s1/3e568cf1-66e7-476e-b2f1-1720a28c8555/current/log_inprogress_487 to /workdir/ratis-examples/target/test/data/92cd4afb/MiniRaftClusterWithGrpc4a8e4c9f/s1/3e568cf1-66e7-476e-b2f1-1720a28c8555/current/log_487-2814
2019-09-26 14:02:22,544 INFO  segmented.SegmentedRaftLogWorker (SegmentedRaftLogWorker.java:execute(614)) - s1@group-1720A28C8555-SegmentedRaftLogWorker: Truncated log file /workdir/ratis-examples/target/test/data/92cd4afb/MiniRaftClusterWithGrpc4a8e4c9f/s1/3e568cf1-66e7-476e-b2f1-1720a28c8555/current/log_inprogress_487 to length 77750 and moved it to /workdir/ratis-examples/target/test/data/92cd4afb/MiniRaftClusterWithGrpc4a8e4c9f/s1/3e568cf1-66e7-476e-b2f1-1720a28c8555/current/log_487-2814
2019-09-26 14:02:22,545 INFO  segmented.SegmentedRaftLogWorker (SegmentedRaftLogWorker.java:lambda$new$0(132)) - s1@group-1720A28C8555-SegmentedRaftLogWorker: flushIndex: setUnconditionally 2815 -> 2814
2019-09-26 14:02:22,546 INFO  client.GrpcClientProtocolService (GrpcClientProtocolService.java:lambda$processClientRequest$0(278)) - Failed RaftClientRequest:client-54A5215B9B2F->s2@group-1720A28C8555, cid=1406, seq=0, RW, Message:128f200a0a0a03666f6f...(size=4114), reply=RaftClientReply:client-54A5215B9B2F->s2@group-1720A28C8555, cid=1406, FAILED org.apache.ratis.protocol.LeaderNotReadyException: s2@group-1720A28C8555 is in LEADER state but not ready yet., logIndex=0, commits[s2:c2813, s0:c2813, s1:c2814]
2019-09-26 14:02:22,547 INFO  client.GrpcClientProtocolService (GrpcClientProtocolService.java:lambda$processClientRequest$0(278)) - Failed RaftClientRequest:client-54A5215B9B2F->s2@group-1720A28C8555, cid=1406, seq=0, RW, Message:128f200a0a0a03666f6f...(size=4114), reply=RaftClientReply:client-54A5215B9B2F->s2@group-1720A28C8555, cid=1406, FAILED org.apache.ratis.protocol.LeaderNotReadyException: s2@group-1720A28C8555 is in LEADER state but not ready yet., logIndex=0, commits[s2:c2813, s0:c2813, s1:c2814]
2019-09-26 14:02:22,549 INFO  client.GrpcClientProtocolService (GrpcClientProtocolService.java:lambda$processClientRequest$0(278)) - Failed RaftClientRequest:client-54A5215B9B2F->s2@group-1720A28C8555, cid=1406, seq=0, RW, Message:128f200a0a0a03666f6f...(size=4114), reply=RaftClientReply:client-54A5215B9B2F->s2@group-1720A28C8555, cid=1406, FAILED org.apache.ratis.protocol.LeaderNotReadyException: s2@group-1720A28C8555 is in LEADER state but not ready yet., logIndex=0, commits[s2:c2813, s0:c2813, s1:c2814]
2019-09-26 14:02:22,550 INFO  client.GrpcClientProtocolService (GrpcClientProtocolService.java:lambda$processClientRequest$0(278)) - Failed RaftClientRequest:client-54A5215B9B2F->s2@group-1720A28C8555, cid=1406, seq=0, RW, Message:128f200a0a0a03666f6f...(size=4114), reply=RaftClientReply:client-54A5215B9B2F->s2@group-1720A28C8555, cid=1406, FAILED org.apache.ratis.protocol.LeaderNotReadyException: s2@group-1720A28C8555 is in LEADER state but not ready yet., logIndex=0, commits[s2:c2813, s0:c2813, s1:c2814]
2019-09-26 14:02:22,551 INFO  client.GrpcClientProtocolService (GrpcClientProtocolService.java:lambda$processClientRequest$0(278)) - Failed RaftClientRequest:client-54A5215B9B2F->s2@group-1720A28C8555, cid=1406, seq=0, RW, Message:128f200a0a0a03666f6f...(size=4114), reply=RaftClientReply:client-54A5215B9B2F->s2@group-1720A28C8555, cid=1406, FAILED org.apache.ratis.protocol.LeaderNotReadyException: s2@group-1720A28C8555 is in LEADER state but not ready yet., logIndex=0, commits[s2:c2813, s0:c2813, s1:c2814]
2019-09-26 14:02:22,553 INFO  client.GrpcClientProtocolService (GrpcClientProtocolService.java:lambda$processClientRequest$0(278)) - Failed RaftClientRequest:client-54A5215B9B2F->s2@group-1720A28C8555, cid=1406, seq=0, RW, Message:128f200a0a0a03666f6f...(size=4114), reply=RaftClientReply:client-54A5215B9B2F->s2@group-1720A28C8555, cid=1406, FAILED org.apache.ratis.protocol.LeaderNotReadyException: s2@group-1720A28C8555 is in LEADER state but not ready yet., logIndex=0, commits[s2:c2813, s0:c2813, s1:c2814]
2019-09-26 14:02:22,554 INFO  client.GrpcClientProtocolService (GrpcClientProtocolService.java:lambda$processClientRequest$0(278)) - Failed RaftClientRequest:client-54A5215B9B2F->s2@group-1720A28C8555, cid=1406, seq=0, RW, Message:128f200a0a0a03666f6f...(size=4114), reply=RaftClientReply:client-54A5215B9B2F->s2@group-1720A28C8555, cid=1406, FAILED org.apache.ratis.protocol.LeaderNotReadyException: s2@group-1720A28C8555 is in LEADER state but not ready yet., logIndex=0, commits[s2:c2813, s0:c2813, s1:c2814]
2019-09-26 14:02:22,555 INFO  client.GrpcClientProtocolService (GrpcClientProtocolService.java:lambda$processClientRequest$0(278)) - Failed RaftClientRequest:client-54A5215B9B2F->s2@group-1720A28C8555, cid=1406, seq=0, RW, Message:128f200a0a0a03666f6f...(size=4114), reply=RaftClientReply:client-54A5215B9B2F->s2@group-1720A28C8555, cid=1406, FAILED org.apache.ratis.protocol.LeaderNotReadyException: s2@group-1720A28C8555 is in LEADER state but not ready yet., logIndex=0, commits[s2:c2813, s0:c2813, s1:c2814]
2019-09-26 14:02:22,556 INFO  client.GrpcClientProtocolService (GrpcClientProtocolService.java:lambda$processClientRequest$0(278)) - Failed RaftClientRequest:client-54A5215B9B2F->s2@group-1720A28C8555, cid=1406, seq=0, RW, Message:128f200a0a0a03666f6f...(size=4114), reply=RaftClientReply:client-54A5215B9B2F->s2@group-1720A28C8555, cid=1406, FAILED org.apache.ratis.protocol.LeaderNotReadyException: s2@group-1720A28C8555 is in LEADER state but not ready yet., logIndex=0, commits[s2:c2813, s0:c2813, s1:c2814]
2019-09-26 14:02:22,557 INFO  client.GrpcClientProtocolService (GrpcClientProtocolService.java:lambda$processClientRequest$0(278)) - Failed RaftClientRequest:client-54A5215B9B2F->s2@group-1720A28C8555, cid=1406, seq=0, RW, Message:128f200a0a0a03666f6f...(size=4114), reply=RaftClientReply:client-54A5215B9B2F->s2@group-1720A28C8555, cid=1406, FAILED org.apache.ratis.protocol.LeaderNotReadyException: s2@group-1720A28C8555 is in LEADER state but not ready yet., logIndex=0, commits[s2:c2813, s0:c2813, s1:c2814]
2019-09-26 14:02:22,558 INFO  client.GrpcClientProtocolService (GrpcClientProtocolService.java:lambda$processClientRequest$0(278)) - Failed RaftClientRequest:client-54A5215B9B2F->s2@group-1720A28C8555, cid=1406, seq=0, RW, Message:128f200a0a0a03666f6f...(size=4114), reply=RaftClientReply:client-54A5215B9B2F->s2@group-1720A28C8555, cid=1406, FAILED org.apache.ratis.protocol.LeaderNotReadyException: s2@group-1720A28C8555 is in LEADER state but not ready yet., logIndex=0, commits[s2:c2813, s0:c2813, s1:c2814]
2019-09-26 14:02:22,559 INFO  client.GrpcClientProtocolService (GrpcClientProtocolService.java:lambda$processClientRequest$0(278)) - Failed RaftClientRequest:client-54A5215B9B2F->s2@group-1720A28C8555, cid=1406, seq=0, RW, Message:128f200a0a0a03666f6f...(size=4114), reply=RaftClientReply:client-54A5215B9B2F->s2@group-1720A28C8555, cid=1406, FAILED org.apache.ratis.protocol.LeaderNotReadyException: s2@group-1720A28C8555 is in LEADER state but not ready yet., logIndex=0, commits[s2:c2813, s0:c2813, s1:c2814]
2019-09-26 14:02:22,561 INFO  client.GrpcClientProtocolService (GrpcClientProtocolService.java:lambda$processClientRequest$0(278)) - Failed RaftClientRequest:client-54A5215B9B2F->s2@group-1720A28C8555, cid=1406, seq=0, RW, Message:128f200a0a0a03666f6f...(size=4114), reply=RaftClientReply:client-54A5215B9B2F->s2@group-1720A28C8555, cid=1406, FAILED org.apache.ratis.protocol.LeaderNotReadyException: s2@group-1720A28C8555 is in LEADER state but not ready yet., logIndex=0, commits[s2:c2813, s0:c2813, s1:c2814]
2019-09-26 14:02:22,562 INFO  client.GrpcClientProtocolService (GrpcClientProtocolService.java:lambda$processClientRequest$0(278)) - Failed RaftClientRequest:client-54A5215B9B2F->s2@group-1720A28C8555, cid=1406, seq=0, RW, Message:128f200a0a0a03666f6f...(size=4114), reply=RaftClientReply:client-54A5215B9B2F->s2@group-1720A28C8555, cid=1406, FAILED org.apache.ratis.protocol.LeaderNotReadyException: s2@group-1720A28C8555 is in LEADER state but not ready yet., logIndex=0, commits[s2:c2813, s0:c2813, s1:c2814]
2019-09-26 14:02:22,564 INFO  client.GrpcClientProtocolService (GrpcClientProtocolService.java:lambda$processClientRequest$0(278)) - Failed RaftClientRequest:client-54A5215B9B2F->s2@group-1720A28C8555, cid=1406, seq=0, RW, Message:128f200a0a0a03666f6f...(size=4114), reply=RaftClientReply:client-54A5215B9B2F->s2@group-1720A28C8555, cid=1406, FAILED org.apache.ratis.protocol.LeaderNotReadyException: s2@group-1720A28C8555 is in LEADER state but not ready yet., logIndex=0, commits[s2:c2813, s0:c2813, s1:c2814]
2019-09-26 14:02:22,565 INFO  client.GrpcClientProtocolService (GrpcClientProtocolService.java:lambda$processClientRequest$0(278)) - Failed RaftClientRequest:client-54A5215B9B2F->s2@group-1720A28C8555, cid=1406, seq=0, RW, Message:128f200a0a0a03666f6f...(size=4114), reply=RaftClientReply:client-54A5215B9B2F->s2@group-1720A28C8555, cid=1406, FAILED org.apache.ratis.protocol.LeaderNotReadyException: s2@group-1720A28C8555 is in LEADER state but not ready yet., logIndex=0, commits[s2:c2813, s0:c2813, s1:c2814]
2019-09-26 14:02:22,566 INFO  client.GrpcClientProtocolService (GrpcClientProtocolService.java:lambda$processClientRequest$0(278)) - Failed RaftClientRequest:client-54A5215B9B2F->s2@group-1720A28C8555, cid=1406, seq=0, RW, Message:128f200a0a0a03666f6f...(size=4114), reply=RaftClientReply:client-54A5215B9B2F->s2@group-1720A28C8555, cid=1406, FAILED org.apache.ratis.protocol.LeaderNotReadyException: s2@group-1720A28C8555 is in LEADER state but not ready yet., logIndex=0, commits[s2:c2813, s0:c2813, s1:c2814]
2019-09-26 14:02:22,568 INFO  client.GrpcClientProtocolService (GrpcClientProtocolService.java:lambda$processClientRequest$0(278)) - Failed RaftClientRequest:client-54A5215B9B2F->s2@group-1720A28C8555, cid=1406, seq=0, RW, Message:128f200a0a0a03666f6f...(size=4114), reply=RaftClientReply:client-54A5215B9B2F->s2@group-1720A28C8555, cid=1406, FAILED org.apache.ratis.protocol.LeaderNotReadyException: s2@group-1720A28C8555 is in LEADER state but not ready yet., logIndex=0, commits[s2:c2813, s0:c2813, s1:c2814]
2019-09-26 14:02:22,569 INFO  client.GrpcClientProtocolService (GrpcClientProtocolService.java:lambda$processClientRequest$0(278)) - Failed RaftClientRequest:client-54A5215B9B2F->s2@group-1720A28C8555, cid=1406, seq=0, RW, Message:128f200a0a0a03666f6f...(size=4114), reply=RaftClientReply:client-54A5215B9B2F->s2@group-1720A28C8555, cid=1406, FAILED org.apache.ratis.protocol.LeaderNotReadyException: s2@group-1720A28C8555 is in LEADER state but not ready yet., logIndex=0, commits[s2:c2813, s0:c2813, s1:c2814]
2019-09-26 14:02:22,570 INFO  client.GrpcClientProtocolService (GrpcClientProtocolService.java:lambda$processClientRequest$0(278)) - Failed RaftClientRequest:client-54A5215B9B2F->s2@group-1720A28C8555, cid=1406, seq=0, RW, Message:128f200a0a0a03666f6f...(size=4114), reply=RaftClientReply:client-54A5215B9B2F->s2@group-1720A28C8555, cid=1406, FAILED org.apache.ratis.protocol.LeaderNotReadyException: s2@group-1720A28C8555 is in LEADER state but not ready yet., logIndex=0, commits[s2:c2813, s0:c2813, s1:c2814]
2019-09-26 14:02:22,571 INFO  client.GrpcClientProtocolService (GrpcClientProtocolService.java:lambda$processClientRequest$0(278)) - Failed RaftClientRequest:client-54A5215B9B2F->s2@group-1720A28C8555, cid=1406, seq=0, RW, Message:128f200a0a0a03666f6f...(size=4114), reply=RaftClientReply:client-54A5215B9B2F->s2@group-1720A28C8555, cid=1406, FAILED org.apache.ratis.protocol.LeaderNotReadyException: s2@group-1720A28C8555 is in LEADER state but not ready yet., logIndex=0, commits[s2:c2813, s0:c2813, s1:c2814]
2019-09-26 14:02:22,573 INFO  client.GrpcClientProtocolService (GrpcClientProtocolService.java:lambda$processClientRequest$0(278)) - Failed RaftClientRequest:client-54A5215B9B2F->s2@group-1720A28C8555, cid=1406, seq=0, RW, Message:128f200a0a0a03666f6f...(size=4114), reply=RaftClientReply:client-54A5215B9B2F->s2@group-1720A28C8555, cid=1406, FAILED org.apache.ratis.protocol.LeaderNotReadyException: s2@group-1720A28C8555 is in LEADER state but not ready yet., logIndex=0, commits[s2:c2813, s0:c2813, s1:c2814]
2019-09-26 14:02:22,574 INFO  client.GrpcClientProtocolService (GrpcClientProtocolService.java:lambda$processClientRequest$0(278)) - Failed RaftClientRequest:client-54A5215B9B2F->s2@group-1720A28C8555, cid=1406, seq=0, RW, Message:128f200a0a0a03666f6f...(size=4114), reply=RaftClientReply:client-54A5215B9B2F->s2@group-1720A28C8555, cid=1406, FAILED org.apache.ratis.protocol.LeaderNotReadyException: s2@group-1720A28C8555 is in LEADER state but not ready yet., logIndex=0, commits[s2:c2813, s0:c2813, s1:c2814]
2019-09-26 14:02:22,575 INFO  client.GrpcClientProtocolService (GrpcClientProtocolService.java:lambda$processClientRequest$0(278)) - Failed RaftClientRequest:client-54A5215B9B2F->s2@group-1720A28C8555, cid=1406, seq=0, RW, Message:128f200a0a0a03666f6f...(size=4114), reply=RaftClientReply:client-54A5215B9B2F->s2@group-1720A28C8555, cid=1406, FAILED org.apache.ratis.protocol.LeaderNotReadyException: s2@group-1720A28C8555 is in LEADER state but not ready yet., logIndex=0, commits[s2:c2813, s0:c2813, s1:c2814]
2019-09-26 14:02:22,576 INFO  client.GrpcClientProtocolService (GrpcClientProtocolService.java:lambda$processClientRequest$0(278)) - Failed RaftClientRequest:client-54A5215B9B2F->s2@group-1720A28C8555, cid=1406, seq=0, RW, Message:128f200a0a0a03666f6f...(size=4114), reply=RaftClientReply:client-54A5215B9B2F->s2@group-1720A28C8555, cid=1406, FAILED org.apache.ratis.protocol.LeaderNotReadyException: s2@group-1720A28C8555 is in LEADER state but not ready yet., logIndex=0, commits[s2:c2813, s0:c2813, s1:c2814]
2019-09-26 14:02:22,577 INFO  client.GrpcClientProtocolService (GrpcClientProtocolService.java:lambda$processClientRequest$0(278)) - Failed RaftClientRequest:client-54A5215B9B2F->s2@group-1720A28C8555, cid=1406, seq=0, RW, Message:128f200a0a0a03666f6f...(size=4114), reply=RaftClientReply:client-54A5215B9B2F->s2@group-1720A28C8555, cid=1406, FAILED org.apache.ratis.protocol.LeaderNotReadyException: s2@group-1720A28C8555 is in LEADER state but not ready yet., logIndex=0, commits[s2:c2813, s0:c2813, s1:c2814]
2019-09-26 14:02:22,579 INFO  client.GrpcClientProtocolService (GrpcClientProtocolService.java:lambda$processClientRequest$0(278)) - Failed RaftClientRequest:client-54A5215B9B2F->s2@group-1720A28C8555, cid=1406, seq=0, RW, Message:128f200a0a0a03666f6f...(size=4114), reply=RaftClientReply:client-54A5215B9B2F->s2@group-1720A28C8555, cid=1406, FAILED org.apache.ratis.protocol.LeaderNotReadyException: s2@group-1720A28C8555 is in LEADER state but not ready yet., logIndex=0, commits[s2:c2813, s0:c2813, s1:c2814]
2019-09-26 14:02:22,580 INFO  client.GrpcClientProtocolService (GrpcClientProtocolService.java:lambda$processClientRequest$0(278)) - Failed RaftClientRequest:client-54A5215B9B2F->s2@group-1720A28C8555, cid=1406, seq=0, RW, Message:128f200a0a0a03666f6f...(size=4114), reply=RaftClientReply:client-54A5215B9B2F->s2@group-1720A28C8555, cid=1406, FAILED org.apache.ratis.protocol.LeaderNotReadyException: s2@group-1720A28C8555 is in LEADER state but not ready yet., logIndex=0, commits[s2:c2813, s0:c2813, s1:c2814]
2019-09-26 14:02:22,582 INFO  client.GrpcClientProtocolService (GrpcClientProtocolService.java:lambda$processClientRequest$0(278)) - Failed RaftClientRequest:client-54A5215B9B2F->s2@group-1720A28C8555, cid=1406, seq=0, RW, Message:128f200a0a0a03666f6f...(size=4114), reply=RaftClientReply:client-54A5215B9B2F->s2@group-1720A28C8555, cid=1406, FAILED org.apache.ratis.protocol.LeaderNotReadyException: s2@group-1720A28C8555 is in LEADER state but not ready yet., logIndex=0, commits[s2:c2813, s0:c2813, s1:c2814]
2019-09-26 14:02:22,583 INFO  client.GrpcClientProtocolService (GrpcClientProtocolService.java:lambda$processClientRequest$0(278)) - Failed RaftClientRequest:client-54A5215B9B2F->s2@group-1720A28C8555, cid=1406, seq=0, RW, Message:128f200a0a0a03666f6f...(size=4114), reply=RaftClientReply:client-54A5215B9B2F->s2@group-1720A28C8555, cid=1406, FAILED org.apache.ratis.protocol.LeaderNotReadyException: s2@group-1720A28C8555 is in LEADER state but not ready yet., logIndex=0, commits[s2:c2813, s0:c2813, s1:c2814]
2019-09-26 14:02:22,584 INFO  client.GrpcClientProtocolService (GrpcClientProtocolService.java:lambda$processClientRequest$0(278)) - Failed RaftClientRequest:client-54A5215B9B2F->s2@group-1720A28C8555, cid=1406, seq=0, RW, Message:128f200a0a0a03666f6f...(size=4114), reply=RaftClientReply:client-54A5215B9B2F->s2@group-1720A28C8555, cid=1406, FAILED org.apache.ratis.protocol.LeaderNotReadyException: s2@group-1720A28C8555 is in LEADER state but not ready yet., logIndex=0, commits[s2:c2813, s0:c2813, s1:c2814]
2019-09-26 14:02:22,586 INFO  client.GrpcClientProtocolService (GrpcClientProtocolService.java:lambda$processClientRequest$0(278)) - Failed RaftClientRequest:client-54A5215B9B2F->s2@group-1720A28C8555, cid=1406, seq=0, RW, Message:128f200a0a0a03666f6f...(size=4114), reply=RaftClientReply:client-54A5215B9B2F->s2@group-1720A28C8555, cid=1406, FAILED org.apache.ratis.protocol.LeaderNotReadyException: s2@group-1720A28C8555 is in LEADER state but not ready yet., logIndex=0, commits[s2:c2813, s0:c2813, s1:c2814]
2019-09-26 14:02:22,587 INFO  client.GrpcClientProtocolService (GrpcClientProtocolService.java:lambda$processClientRequest$0(278)) - Failed RaftClientRequest:client-54A5215B9B2F->s2@group-1720A28C8555, cid=1406, seq=0, RW, Message:128f200a0a0a03666f6f...(size=4114), reply=RaftClientReply:client-54A5215B9B2F->s2@group-1720A28C8555, cid=1406, FAILED org.apache.ratis.protocol.LeaderNotReadyException: s2@group-1720A28C8555 is in LEADER state but not ready yet., logIndex=0, commits[s2:c2813, s0:c2813, s1:c2814]
2019-09-26 14:02:22,588 INFO  client.GrpcClientProtocolService (GrpcClientProtocolService.java:lambda$processClientRequest$0(278)) - Failed RaftClientRequest:client-54A5215B9B2F->s2@group-1720A28C8555, cid=1406, seq=0, RW, Message:128f200a0a0a03666f6f...(size=4114), reply=RaftClientReply:client-54A5215B9B2F->s2@group-1720A28C8555, cid=1406, FAILED org.apache.ratis.protocol.LeaderNotReadyException: s2@group-1720A28C8555 is in LEADER state but not ready yet., logIndex=0, commits[s2:c2813, s0:c2813, s1:c2814]
2019-09-26 14:02:22,590 INFO  client.GrpcClientProtocolService (GrpcClientProtocolService.java:lambda$processClientRequest$0(278)) - Failed RaftClientRequest:client-54A5215B9B2F->s2@group-1720A28C8555, cid=1406, seq=0, RW, Message:128f200a0a0a03666f6f...(size=4114), reply=RaftClientReply:client-54A5215B9B2F->s2@group-1720A28C8555, cid=1406, FAILED org.apache.ratis.protocol.LeaderNotReadyException: s2@group-1720A28C8555 is in LEADER state but not ready yet., logIndex=0, commits[s2:c2813, s0:c2813, s1:c2814]
2019-09-26 14:02:22,591 INFO  client.GrpcClientProtocolService (GrpcClientProtocolService.java:lambda$processClientRequest$0(278)) - Failed RaftClientRequest:client-54A5215B9B2F->s2@group-1720A28C8555, cid=1406, seq=0, RW, Message:128f200a0a0a03666f6f...(size=4114), reply=RaftClientReply:client-54A5215B9B2F->s2@group-1720A28C8555, cid=1406, FAILED org.apache.ratis.protocol.LeaderNotReadyException: s2@group-1720A28C8555 is in LEADER state but not ready yet., logIndex=0, commits[s2:c2813, s0:c2813, s1:c2814]
2019-09-26 14:02:22,592 INFO  client.GrpcClientProtocolService (GrpcClientProtocolService.java:lambda$processClientRequest$0(278)) - Failed RaftClientRequest:client-54A5215B9B2F->s2@group-1720A28C8555, cid=1406, seq=0, RW, Message:128f200a0a0a03666f6f...(size=4114), reply=RaftClientReply:client-54A5215B9B2F->s2@group-1720A28C8555, cid=1406, FAILED org.apache.ratis.protocol.LeaderNotReadyException: s2@group-1720A28C8555 is in LEADER state but not ready yet., logIndex=0, commits[s2:c2813, s0:c2813, s1:c2814]
2019-09-26 14:02:22,594 INFO  client.GrpcClientProtocolService (GrpcClientProtocolService.java:lambda$processClientRequest$0(278)) - Failed RaftClientRequest:client-54A5215B9B2F->s2@group-1720A28C8555, cid=1406, seq=0, RW, Message:128f200a0a0a03666f6f...(size=4114), reply=RaftClientReply:client-54A5215B9B2F->s2@group-1720A28C8555, cid=1406, FAILED org.apache.ratis.protocol.LeaderNotReadyException: s2@group-1720A28C8555 is in LEADER state but not ready yet., logIndex=0, commits[s2:c2813, s0:c2813, s1:c2814]
2019-09-26 14:02:22,595 INFO  client.GrpcClientProtocolService (GrpcClientProtocolService.java:lambda$processClientRequest$0(278)) - Failed RaftClientRequest:client-54A5215B9B2F->s2@group-1720A28C8555, cid=1406, seq=0, RW, Message:128f200a0a0a03666f6f...(size=4114), reply=RaftClientReply:client-54A5215B9B2F->s2@group-1720A28C8555, cid=1406, FAILED org.apache.ratis.protocol.LeaderNotReadyException: s2@group-1720A28C8555 is in LEADER state but not ready yet., logIndex=0, commits[s2:c2813, s0:c2813, s1:c2814]
2019-09-26 14:02:22,596 INFO  client.GrpcClientProtocolService (GrpcClientProtocolService.java:lambda$processClientRequest$0(278)) - Failed RaftClientRequest:client-54A5215B9B2F->s2@group-1720A28C8555, cid=1406, seq=0, RW, Message:128f200a0a0a03666f6f...(size=4114), reply=RaftClientReply:client-54A5215B9B2F->s2@group-1720A28C8555, cid=1406, FAILED org.apache.ratis.protocol.LeaderNotReadyException: s2@group-1720A28C8555 is in LEADER state but not ready yet., logIndex=0, commits[s2:c2813, s0:c2813, s1:c2814]
2019-09-26 14:02:22,598 INFO  client.GrpcClientProtocolService (GrpcClientProtocolService.java:lambda$processClientRequest$0(278)) - Failed RaftClientRequest:client-54A5215B9B2F->s2@group-1720A28C8555, cid=1406, seq=0, RW, Message:128f200a0a0a03666f6f...(size=4114), reply=RaftClientReply:client-54A5215B9B2F->s2@group-1720A28C8555, cid=1406, FAILED org.apache.ratis.protocol.LeaderNotReadyException: s2@group-1720A28C8555 is in LEADER state but not ready yet., logIndex=0, commits[s2:c2813, s0:c2813, s1:c2814]
2019-09-26 14:02:22,599 INFO  client.GrpcClientProtocolService (GrpcClientProtocolService.java:lambda$processClientRequest$0(278)) - Failed RaftClientRequest:client-54A5215B9B2F->s2@group-1720A28C8555, cid=1406, seq=0, RW, Message:128f200a0a0a03666f6f...(size=4114), reply=RaftClientReply:client-54A5215B9B2F->s2@group-1720A28C8555, cid=1406, FAILED org.apache.ratis.protocol.LeaderNotReadyException: s2@group-1720A28C8555 is in LEADER state but not ready yet., logIndex=0, commits[s2:c2813, s0:c2813, s1:c2814]
2019-09-26 14:02:22,600 INFO  client.GrpcClientProtocolService (GrpcClientProtocolService.java:lambda$processClientRequest$0(278)) - Failed RaftClientRequest:client-54A5215B9B2F->s2@group-1720A28C8555, cid=1406, seq=0, RW, Message:128f200a0a0a03666f6f...(size=4114), reply=RaftClientReply:client-54A5215B9B2F->s2@group-1720A28C8555, cid=1406, FAILED org.apache.ratis.protocol.LeaderNotReadyException: s2@group-1720A28C8555 is in LEADER state but not ready yet., logIndex=0, commits[s2:c2813, s0:c2813, s1:c2814]
2019-09-26 14:02:22,602 INFO  client.GrpcClientProtocolService (GrpcClientProtocolService.java:lambda$processClientRequest$0(278)) - Failed RaftClientRequest:client-54A5215B9B2F->s2@group-1720A28C8555, cid=1406, seq=0, RW, Message:128f200a0a0a03666f6f...(size=4114), reply=RaftClientReply:client-54A5215B9B2F->s2@group-1720A28C8555, cid=1406, FAILED org.apache.ratis.protocol.LeaderNotReadyException: s2@group-1720A28C8555 is in LEADER state but not ready yet., logIndex=0, commits[s2:c2813, s0:c2813, s1:c2814]
2019-09-26 14:02:22,603 INFO  client.GrpcClientProtocolService (GrpcClientProtocolService.java:lambda$processClientRequest$0(278)) - Failed RaftClientRequest:client-54A5215B9B2F->s2@group-1720A28C8555, cid=1406, seq=0, RW, Message:128f200a0a0a03666f6f...(size=4114), reply=RaftClientReply:client-54A5215B9B2F->s2@group-1720A28C8555, cid=1406, FAILED org.apache.ratis.protocol.LeaderNotReadyException: s2@group-1720A28C8555 is in LEADER state but not ready yet., logIndex=0, commits[s2:c2813, s0:c2813, s1:c2814]
2019-09-26 14:02:22,604 INFO  client.GrpcClientProtocolService (GrpcClientProtocolService.java:lambda$processClientRequest$0(278)) - Failed RaftClientRequest:client-54A5215B9B2F->s2@group-1720A28C8555, cid=1406, seq=0, RW, Message:128f200a0a0a03666f6f...(size=4114), reply=RaftClientReply:client-54A5215B9B2F->s2@group-1720A28C8555, cid=1406, FAILED org.apache.ratis.protocol.LeaderNotReadyException: s2@group-1720A28C8555 is in LEADER state but not ready yet., logIndex=0, commits[s2:c2813, s0:c2813, s1:c2814]
2019-09-26 14:02:22,606 INFO  client.GrpcClientProtocolService (GrpcClientProtocolService.java:lambda$processClientRequest$0(278)) - Failed RaftClientRequest:client-54A5215B9B2F->s2@group-1720A28C8555, cid=1406, seq=0, RW, Message:128f200a0a0a03666f6f...(size=4114), reply=RaftClientReply:client-54A5215B9B2F->s2@group-1720A28C8555, cid=1406, FAILED org.apache.ratis.protocol.LeaderNotReadyException: s2@group-1720A28C8555 is in LEADER state but not ready yet., logIndex=0, commits[s2:c2813, s0:c2813, s1:c2814]
2019-09-26 14:02:22,607 INFO  client.GrpcClientProtocolService (GrpcClientProtocolService.java:lambda$processClientRequest$0(278)) - Failed RaftClientRequest:client-54A5215B9B2F->s2@group-1720A28C8555, cid=1406, seq=0, RW, Message:128f200a0a0a03666f6f...(size=4114), reply=RaftClientReply:client-54A5215B9B2F->s2@group-1720A28C8555, cid=1406, FAILED org.apache.ratis.protocol.LeaderNotReadyException: s2@group-1720A28C8555 is in LEADER state but not ready yet., logIndex=0, commits[s2:c2813, s0:c2813, s1:c2814]
2019-09-26 14:02:22,608 INFO  client.GrpcClientProtocolService (GrpcClientProtocolService.java:lambda$processClientRequest$0(278)) - Failed RaftClientRequest:client-54A5215B9B2F->s2@group-1720A28C8555, cid=1406, seq=0, RW, Message:128f200a0a0a03666f6f...(size=4114), reply=RaftClientReply:client-54A5215B9B2F->s2@group-1720A28C8555, cid=1406, FAILED org.apache.ratis.protocol.LeaderNotReadyException: s2@group-1720A28C8555 is in LEADER state but not ready yet., logIndex=0, commits[s2:c2813, s0:c2813, s1:c2814]
2019-09-26 14:02:22,609 INFO  client.GrpcClientProtocolService (GrpcClientProtocolService.java:lambda$processClientRequest$0(278)) - Failed RaftClientRequest:client-54A5215B9B2F->s2@group-1720A28C8555, cid=1406, seq=0, RW, Message:128f200a0a0a03666f6f...(size=4114), reply=RaftClientReply:client-54A5215B9B2F->s2@group-1720A28C8555, cid=1406, FAILED org.apache.ratis.protocol.LeaderNotReadyException: s2@group-1720A28C8555 is in LEADER state but not ready yet., logIndex=0, commits[s2:c2813, s0:c2813, s1:c2814]
2019-09-26 14:02:22,611 INFO  client.GrpcClientProtocolService (GrpcClientProtocolService.java:lambda$processClientRequest$0(278)) - Failed RaftClientRequest:client-54A5215B9B2F->s2@group-1720A28C8555, cid=1406, seq=0, RW, Message:128f200a0a0a03666f6f...(size=4114), reply=RaftClientReply:client-54A5215B9B2F->s2@group-1720A28C8555, cid=1406, FAILED org.apache.ratis.protocol.LeaderNotReadyException: s2@group-1720A28C8555 is in LEADER state but not ready yet., logIndex=0, commits[s2:c2813, s0:c2813, s1:c2814]
2019-09-26 14:02:22,612 INFO  client.GrpcClientProtocolService (GrpcClientProtocolService.java:lambda$processClientRequest$0(278)) - Failed RaftClientRequest:client-54A5215B9B2F->s2@group-1720A28C8555, cid=1406, seq=0, RW, Message:128f200a0a0a03666f6f...(size=4114), reply=RaftClientReply:client-54A5215B9B2F->s2@group-1720A28C8555, cid=1406, FAILED org.apache.ratis.protocol.LeaderNotReadyException: s2@group-1720A28C8555 is in LEADER state but not ready yet., logIndex=0, commits[s2:c2813, s0:c2813, s1:c2814]
2019-09-26 14:02:22,614 INFO  client.GrpcClientProtocolService (GrpcClientProtocolService.java:lambda$processClientRequest$0(278)) - Failed RaftClientRequest:client-54A5215B9B2F->s2@group-1720A28C8555, cid=1406, seq=0, RW, Message:128f200a0a0a03666f6f...(size=4114), reply=RaftClientReply:client-54A5215B9B2F->s2@group-1720A28C8555, cid=1406, FAILED org.apache.ratis.protocol.LeaderNotReadyException: s2@group-1720A28C8555 is in LEADER state but not ready yet., logIndex=0, commits[s2:c2813, s0:c2813, s1:c2814]
2019-09-26 14:02:22,615 INFO  client.GrpcClientProtocolService (GrpcClientProtocolService.java:lambda$processClientRequest$0(278)) - Failed RaftClientRequest:client-54A5215B9B2F->s2@group-1720A28C8555, cid=1406, seq=0, RW, Message:128f200a0a0a03666f6f...(size=4114), reply=RaftClientReply:client-54A5215B9B2F->s2@group-1720A28C8555, cid=1406, FAILED org.apache.ratis.protocol.LeaderNotReadyException: s2@group-1720A28C8555 is in LEADER state but not ready yet., logIndex=0, commits[s2:c2813, s0:c2813, s1:c2814]
2019-09-26 14:02:22,617 INFO  client.GrpcClientProtocolService (GrpcClientProtocolService.java:lambda$processClientRequest$0(278)) - Failed RaftClientRequest:client-54A5215B9B2F->s2@group-1720A28C8555, cid=1406, seq=0, RW, Message:128f200a0a0a03666f6f...(size=4114), reply=RaftClientReply:client-54A5215B9B2F->s2@group-1720A28C8555, cid=1406, FAILED org.apache.ratis.protocol.LeaderNotReadyException: s2@group-1720A28C8555 is in LEADER state but not ready yet., logIndex=0, commits[s2:c2813, s0:c2813, s1:c2814]
2019-09-26 14:02:22,618 INFO  client.GrpcClientProtocolService (GrpcClientProtocolService.java:lambda$processClientRequest$0(278)) - Failed RaftClientRequest:client-54A5215B9B2F->s2@group-1720A28C8555, cid=1406, seq=0, RW, Message:128f200a0a0a03666f6f...(size=4114), reply=RaftClientReply:client-54A5215B9B2F->s2@group-1720A28C8555, cid=1406, FAILED org.apache.ratis.protocol.LeaderNotReadyException: s2@group-1720A28C8555 is in LEADER state but not ready yet., logIndex=0, commits[s2:c2813, s0:c2813, s1:c2814]
2019-09-26 14:02:22,619 INFO  client.GrpcClientProtocolService (GrpcClientProtocolService.java:lambda$processClientRequest$0(278)) - Failed RaftClientRequest:client-54A5215B9B2F->s2@group-1720A28C8555, cid=1406, seq=0, RW, Message:128f200a0a0a03666f6f...(size=4114), reply=RaftClientReply:client-54A5215B9B2F->s2@group-1720A28C8555, cid=1406, FAILED org.apache.ratis.protocol.LeaderNotReadyException: s2@group-1720A28C8555 is in LEADER state but not ready yet., logIndex=0, commits[s2:c2813, s0:c2813, s1:c2814]
2019-09-26 14:02:22,620 INFO  client.GrpcClientProtocolService (GrpcClientProtocolService.java:lambda$processClientRequest$0(278)) - Failed RaftClientRequest:client-54A5215B9B2F->s2@group-1720A28C8555, cid=1406, seq=0, RW, Message:128f200a0a0a03666f6f...(size=4114), reply=RaftClientReply:client-54A5215B9B2F->s2@group-1720A28C8555, cid=1406, FAILED org.apache.ratis.protocol.LeaderNotReadyException: s2@group-1720A28C8555 is in LEADER state but not ready yet., logIndex=0, commits[s2:c2813, s0:c2813, s1:c2814]
2019-09-26 14:02:22,622 INFO  client.GrpcClientProtocolService (GrpcClientProtocolService.java:lambda$processClientRequest$0(278)) - Failed RaftClientRequest:client-54A5215B9B2F->s2@group-1720A28C8555, cid=1406, seq=0, RW, Message:128f200a0a0a03666f6f...(size=4114), reply=RaftClientReply:client-54A5215B9B2F->s2@group-1720A28C8555, cid=1406, FAILED org.apache.ratis.protocol.LeaderNotReadyException: s2@group-1720A28C8555 is in LEADER state but not ready yet., logIndex=0, commits[s2:c2813, s0:c2813, s1:c2814]
2019-09-26 14:02:22,623 INFO  client.GrpcClientProtocolService (GrpcClientProtocolService.java:lambda$processClientRequest$0(278)) - Failed RaftClientRequest:client-54A5215B9B2F->s2@group-1720A28C8555, cid=1406, seq=0, RW, Message:128f200a0a0a03666f6f...(size=4114), reply=RaftClientReply:client-54A5215B9B2F->s2@group-1720A28C8555, cid=1406, FAILED org.apache.ratis.protocol.LeaderNotReadyException: s2@group-1720A28C8555 is in LEADER state but not ready yet., logIndex=0, commits[s2:c2813, s0:c2813, s1:c2814]
2019-09-26 14:02:22,624 INFO  client.GrpcClientProtocolService (GrpcClientProtocolService.java:lambda$processClientRequest$0(278)) - Failed RaftClientRequest:client-54A5215B9B2F->s2@group-1720A28C8555, cid=1406, seq=0, RW, Message:128f200a0a0a03666f6f...(size=4114), reply=RaftClientReply:client-54A5215B9B2F->s2@group-1720A28C8555, cid=1406, FAILED org.apache.ratis.protocol.LeaderNotReadyException: s2@group-1720A28C8555 is in LEADER state but not ready yet., logIndex=0, commits[s2:c2813, s0:c2813, s1:c2814]
2019-09-26 14:02:22,625 INFO  client.GrpcClientProtocolService (GrpcClientProtocolService.java:lambda$processClientRequest$0(278)) - Failed RaftClientRequest:client-54A5215B9B2F->s2@group-1720A28C8555, cid=1406, seq=0, RW, Message:128f200a0a0a03666f6f...(size=4114), reply=RaftClientReply:client-54A5215B9B2F->s2@group-1720A28C8555, cid=1406, FAILED org.apache.ratis.protocol.LeaderNotReadyException: s2@group-1720A28C8555 is in LEADER state but not ready yet., logIndex=0, commits[s2:c2813, s0:c2813, s1:c2814]
2019-09-26 14:02:22,627 INFO  client.GrpcClientProtocolService (GrpcClientProtocolService.java:lambda$processClientRequest$0(278)) - Failed RaftClientRequest:client-54A5215B9B2F->s2@group-1720A28C8555, cid=1406, seq=0, RW, Message:128f200a0a0a03666f6f...(size=4114), reply=RaftClientReply:client-54A5215B9B2F->s2@group-1720A28C8555, cid=1406, FAILED org.apache.ratis.protocol.LeaderNotReadyException: s2@group-1720A28C8555 is in LEADER state but not ready yet., logIndex=0, commits[s2:c2813, s0:c2813, s1:c2814]
2019-09-26 14:02:22,628 INFO  client.GrpcClientProtocolService (GrpcClientProtocolService.java:lambda$processClientRequest$0(278)) - Failed RaftClientRequest:client-54A5215B9B2F->s2@group-1720A28C8555, cid=1406, seq=0, RW, Message:128f200a0a0a03666f6f...(size=4114), reply=RaftClientReply:client-54A5215B9B2F->s2@group-1720A28C8555, cid=1406, FAILED org.apache.ratis.protocol.LeaderNotReadyException: s2@group-1720A28C8555 is in LEADER state but not ready yet., logIndex=0, commits[s2:c2813, s0:c2813, s1:c2814]
2019-09-26 14:02:22,629 INFO  client.GrpcClientProtocolService (GrpcClientProtocolService.java:lambda$processClientRequest$0(278)) - Failed RaftClientRequest:client-54A5215B9B2F->s2@group-1720A28C8555, cid=1406, seq=0, RW, Message:128f200a0a0a03666f6f...(size=4114), reply=RaftClientReply:client-54A5215B9B2F->s2@group-1720A28C8555, cid=1406, FAILED org.apache.ratis.protocol.LeaderNotReadyException: s2@group-1720A28C8555 is in LEADER state but not ready yet., logIndex=0, commits[s2:c2813, s0:c2813, s1:c2814]
2019-09-26 14:02:22,631 INFO  client.GrpcClientProtocolService (GrpcClientProtocolService.java:lambda$processClientRequest$0(278)) - Failed RaftClientRequest:client-54A5215B9B2F->s2@group-1720A28C8555, cid=1406, seq=0, RW, Message:128f200a0a0a03666f6f...(size=4114), reply=RaftClientReply:client-54A5215B9B2F->s2@group-1720A28C8555, cid=1406, FAILED org.apache.ratis.protocol.LeaderNotReadyException: s2@group-1720A28C8555 is in LEADER state but not ready yet., logIndex=0, commits[s2:c2813, s0:c2813, s1:c2814]
2019-09-26 14:02:22,632 INFO  client.GrpcClientProtocolService (GrpcClientProtocolService.java:lambda$processClientRequest$0(278)) - Failed RaftClientRequest:client-54A5215B9B2F->s2@group-1720A28C8555, cid=1406, seq=0, RW, Message:128f200a0a0a03666f6f...(size=4114), reply=RaftClientReply:client-54A5215B9B2F->s2@group-1720A28C8555, cid=1406, FAILED org.apache.ratis.protocol.LeaderNotReadyException: s2@group-1720A28C8555 is in LEADER state but not ready yet., logIndex=0, commits[s2:c2813, s0:c2813, s1:c2814]
2019-09-26 14:02:22,634 INFO  client.GrpcClientProtocolService (GrpcClientProtocolService.java:lambda$processClientRequest$0(278)) - Failed RaftClientRequest:client-54A5215B9B2F->s2@group-1720A28C8555, cid=1406, seq=0, RW, Message:128f200a0a0a03666f6f...(size=4114), reply=RaftClientReply:client-54A5215B9B2F->s2@group-1720A28C8555, cid=1406, FAILED org.apache.ratis.protocol.LeaderNotReadyException: s2@group-1720A28C8555 is in LEADER state but not ready yet., logIndex=0, commits[s2:c2813, s0:c2813, s1:c2814]
2019-09-26 14:02:22,635 INFO  client.GrpcClientProtocolService (GrpcClientProtocolService.java:lambda$processClientRequest$0(278)) - Failed RaftClientRequest:client-54A5215B9B2F->s2@group-1720A28C8555, cid=1406, seq=0, RW, Message:128f200a0a0a03666f6f...(size=4114), reply=RaftClientReply:client-54A5215B9B2F->s2@group-1720A28C8555, cid=1406, FAILED org.apache.ratis.protocol.LeaderNotReadyException: s2@group-1720A28C8555 is in LEADER state but not ready yet., logIndex=0, commits[s2:c2813, s0:c2813, s1:c2814]
2019-09-26 14:02:22,636 INFO  client.GrpcClientProtocolService (GrpcClientProtocolService.java:lambda$processClientRequest$0(278)) - Failed RaftClientRequest:client-54A5215B9B2F->s2@group-1720A28C8555, cid=1406, seq=0, RW, Message:128f200a0a0a03666f6f...(size=4114), reply=RaftClientReply:client-54A5215B9B2F->s2@group-1720A28C8555, cid=1406, FAILED org.apache.ratis.protocol.LeaderNotReadyException: s2@group-1720A28C8555 is in LEADER state but not ready yet., logIndex=0, commits[s2:c2813, s0:c2813, s1:c2814]
2019-09-26 14:02:22,638 INFO  client.GrpcClientProtocolService (GrpcClientProtocolService.java:lambda$processClientRequest$0(278)) - Failed RaftClientRequest:client-54A5215B9B2F->s2@group-1720A28C8555, cid=1406, seq=0, RW, Message:128f200a0a0a03666f6f...(size=4114), reply=RaftClientReply:client-54A5215B9B2F->s2@group-1720A28C8555, cid=1406, FAILED org.apache.ratis.protocol.LeaderNotReadyException: s2@group-1720A28C8555 is in LEADER state but not ready yet., logIndex=0, commits[s2:c2813, s0:c2813, s1:c2814]
2019-09-26 14:02:22,639 INFO  client.GrpcClientProtocolService (GrpcClientProtocolService.java:lambda$processClientRequest$0(278)) - Failed RaftClientRequest:client-54A5215B9B2F->s2@group-1720A28C8555, cid=1406, seq=0, RW, Message:128f200a0a0a03666f6f...(size=4114), reply=RaftClientReply:client-54A5215B9B2F->s2@group-1720A28C8555, cid=1406, FAILED org.apache.ratis.protocol.LeaderNotReadyException: s2@group-1720A28C8555 is in LEADER state but not ready yet., logIndex=0, commits[s2:c2813, s0:c2813, s1:c2814]
2019-09-26 14:02:22,640 INFO  client.GrpcClientProtocolService (GrpcClientProtocolService.java:lambda$processClientRequest$0(278)) - Failed RaftClientRequest:client-54A5215B9B2F->s2@group-1720A28C8555, cid=1406, seq=0, RW, Message:128f200a0a0a03666f6f...(size=4114), reply=RaftClientReply:client-54A5215B9B2F->s2@group-1720A28C8555, cid=1406, FAILED org.apache.ratis.protocol.LeaderNotReadyException: s2@group-1720A28C8555 is in LEADER state but not ready yet., logIndex=0, commits[s2:c2813, s0:c2813, s1:c2814]
2019-09-26 14:02:22,641 INFO  client.GrpcClientProtocolService (GrpcClientProtocolService.java:lambda$processClientRequest$0(278)) - Failed RaftClientRequest:client-54A5215B9B2F->s2@group-1720A28C8555, cid=1406, seq=0, RW, Message:128f200a0a0a03666f6f...(size=4114), reply=RaftClientReply:client-54A5215B9B2F->s2@group-1720A28C8555, cid=1406, FAILED org.apache.ratis.protocol.LeaderNotReadyException: s2@group-1720A28C8555 is in LEADER state but not ready yet., logIndex=0, commits[s2:c2813, s0:c2813, s1:c2814]
2019-09-26 14:02:22,642 INFO  client.GrpcClientProtocolService (GrpcClientProtocolService.java:lambda$processClientRequest$0(278)) - Failed RaftClientRequest:client-54A5215B9B2F->s2@group-1720A28C8555, cid=1406, seq=0, RW, Message:128f200a0a0a03666f6f...(size=4114), reply=RaftClientReply:client-54A5215B9B2F->s2@group-1720A28C8555, cid=1406, FAILED org.apache.ratis.protocol.LeaderNotReadyException: s2@group-1720A28C8555 is in LEADER state but not ready yet., logIndex=0, commits[s2:c2813, s0:c2813, s1:c2814]
2019-09-26 14:02:22,644 INFO  client.GrpcClientProtocolService (GrpcClientProtocolService.java:lambda$processClientRequest$0(278)) - Failed RaftClientRequest:client-54A5215B9B2F->s2@group-1720A28C8555, cid=1406, seq=0, RW, Message:128f200a0a0a03666f6f...(size=4114), reply=RaftClientReply:client-54A5215B9B2F->s2@group-1720A28C8555, cid=1406, FAILED org.apache.ratis.protocol.LeaderNotReadyException: s2@group-1720A28C8555 is in LEADER state but not ready yet., logIndex=0, commits[s2:c2813, s0:c2813, s1:c2814]
2019-09-26 14:02:22,645 INFO  client.GrpcClientProtocolService (GrpcClientProtocolService.java:lambda$processClientRequest$0(278)) - Failed RaftClientRequest:client-54A5215B9B2F->s2@group-1720A28C8555, cid=1406, seq=0, RW, Message:128f200a0a0a03666f6f...(size=4114), reply=RaftClientReply:client-54A5215B9B2F->s2@group-1720A28C8555, cid=1406, FAILED org.apache.ratis.protocol.LeaderNotReadyException: s2@group-1720A28C8555 is in LEADER state but not ready yet., logIndex=0, commits[s2:c2813, s0:c2813, s1:c2814]
2019-09-26 14:02:22,646 INFO  client.GrpcClientProtocolService (GrpcClientProtocolService.java:lambda$processClientRequest$0(278)) - Failed RaftClientRequest:client-54A5215B9B2F->s2@group-1720A28C8555, cid=1406, seq=0, RW, Message:128f200a0a0a03666f6f...(size=4114), reply=RaftClientReply:client-54A5215B9B2F->s2@group-1720A28C8555, cid=1406, FAILED org.apache.ratis.protocol.LeaderNotReadyException: s2@group-1720A28C8555 is in LEADER state but not ready yet., logIndex=0, commits[s2:c2813, s0:c2813, s1:c2814]
2019-09-26 14:02:22,648 INFO  client.GrpcClientProtocolService (GrpcClientProtocolService.java:lambda$processClientRequest$0(278)) - Failed RaftClientRequest:client-54A5215B9B2F->s2@group-1720A28C8555, cid=1406, seq=0, RW, Message:128f200a0a0a03666f6f...(size=4114), reply=RaftClientReply:client-54A5215B9B2F->s2@group-1720A28C8555, cid=1406, FAILED org.apache.ratis.protocol.LeaderNotReadyException: s2@group-1720A28C8555 is in LEADER state but not ready yet., logIndex=0, commits[s2:c2813, s0:c2813, s1:c2814]
2019-09-26 14:02:22,649 INFO  client.GrpcClientProtocolService (GrpcClientProtocolService.java:lambda$processClientRequest$0(278)) - Failed RaftClientRequest:client-54A5215B9B2F->s2@group-1720A28C8555, cid=1406, seq=0, RW, Message:128f200a0a0a03666f6f...(size=4114), reply=RaftClientReply:client-54A5215B9B2F->s2@group-1720A28C8555, cid=1406, FAILED org.apache.ratis.protocol.LeaderNotReadyException: s2@group-1720A28C8555 is in LEADER state but not ready yet., logIndex=0, commits[s2:c2813, s0:c2813, s1:c2814]
2019-09-26 14:02:22,650 INFO  client.GrpcClientProtocolService (GrpcClientProtocolService.java:lambda$processClientRequest$0(278)) - Failed RaftClientRequest:client-54A5215B9B2F->s2@group-1720A28C8555, cid=1406, seq=0, RW, Message:128f200a0a0a03666f6f...(size=4114), reply=RaftClientReply:client-54A5215B9B2F->s2@group-1720A28C8555, cid=1406, FAILED org.apache.ratis.protocol.LeaderNotReadyException: s2@group-1720A28C8555 is in LEADER state but not ready yet., logIndex=0, commits[s2:c2813, s0:c2813, s1:c2814]
2019-09-26 14:02:22,651 INFO  client.GrpcClientProtocolService (GrpcClientProtocolService.java:lambda$processClientRequest$0(278)) - Failed RaftClientRequest:client-54A5215B9B2F->s2@group-1720A28C8555, cid=1406, seq=0, RW, Message:128f200a0a0a03666f6f...(size=4114), reply=RaftClientReply:client-54A5215B9B2F->s2@group-1720A28C8555, cid=1406, FAILED org.apache.ratis.protocol.LeaderNotReadyException: s2@group-1720A28C8555 is in LEADER state but not ready yet., logIndex=0, commits[s2:c2813, s0:c2813, s1:c2814]
2019-09-26 14:02:22,653 INFO  client.GrpcClientProtocolService (GrpcClientProtocolService.java:lambda$processClientRequest$0(278)) - Failed RaftClientRequest:client-54A5215B9B2F->s2@group-1720A28C8555, cid=1406, seq=0, RW, Message:128f200a0a0a03666f6f...(size=4114), reply=RaftClientReply:client-54A5215B9B2F->s2@group-1720A28C8555, cid=1406, FAILED org.apache.ratis.protocol.LeaderNotReadyException: s2@group-1720A28C8555 is in LEADER state but not ready yet., logIndex=0, commits[s2:c2813, s0:c2813, s1:c2814]
2019-09-26 14:02:22,654 INFO  client.GrpcClientProtocolService (GrpcClientProtocolService.java:lambda$processClientRequest$0(278)) - Failed RaftClientRequest:client-54A5215B9B2F->s2@group-1720A28C8555, cid=1406, seq=0, RW, Message:128f200a0a0a03666f6f...(size=4114), reply=RaftClientReply:client-54A5215B9B2F->s2@group-1720A28C8555, cid=1406, FAILED org.apache.ratis.protocol.LeaderNotReadyException: s2@group-1720A28C8555 is in LEADER state but not ready yet., logIndex=0, commits[s2:c2813, s0:c2813, s1:c2814]
2019-09-26 14:02:22,655 INFO  client.GrpcClientProtocolService (GrpcClientProtocolService.java:lambda$processClientRequest$0(278)) - Failed RaftClientRequest:client-54A5215B9B2F->s2@group-1720A28C8555, cid=1406, seq=0, RW, Message:128f200a0a0a03666f6f...(size=4114), reply=RaftClientReply:client-54A5215B9B2F->s2@group-1720A28C8555, cid=1406, FAILED org.apache.ratis.protocol.LeaderNotReadyException: s2@group-1720A28C8555 is in LEADER state but not ready yet., logIndex=0, commits[s2:c2813, s0:c2813, s1:c2814]
2019-09-26 14:02:22,656 INFO  client.GrpcClientProtocolService (GrpcClientProtocolService.java:lambda$processClientRequest$0(278)) - Failed RaftClientRequest:client-54A5215B9B2F->s2@group-1720A28C8555, cid=1406, seq=0, RW, Message:128f200a0a0a03666f6f...(size=4114), reply=RaftClientReply:client-54A5215B9B2F->s2@group-1720A28C8555, cid=1406, FAILED org.apache.ratis.protocol.LeaderNotReadyException: s2@group-1720A28C8555 is in LEADER state but not ready yet., logIndex=0, commits[s2:c2813, s0:c2813, s1:c2814]
2019-09-26 14:02:22,658 INFO  client.GrpcClientProtocolService (GrpcClientProtocolService.java:lambda$processClientRequest$0(278)) - Failed RaftClientRequest:client-54A5215B9B2F->s2@group-1720A28C8555, cid=1406, seq=0, RW, Message:128f200a0a0a03666f6f...(size=4114), reply=RaftClientReply:client-54A5215B9B2F->s2@group-1720A28C8555, cid=1406, FAILED org.apache.ratis.protocol.LeaderNotReadyException: s2@group-1720A28C8555 is in LEADER state but not ready yet., logIndex=0, commits[s2:c2813, s0:c2813, s1:c2814]
2019-09-26 14:02:22,659 INFO  client.GrpcClientProtocolService (GrpcClientProtocolService.java:lambda$processClientRequest$0(278)) - Failed RaftClientRequest:client-54A5215B9B2F->s2@group-1720A28C8555, cid=1406, seq=0, RW, Message:128f200a0a0a03666f6f...(size=4114), reply=RaftClientReply:client-54A5215B9B2F->s2@group-1720A28C8555, cid=1406, FAILED org.apache.ratis.protocol.LeaderNotReadyException: s2@group-1720A28C8555 is in LEADER state but not ready yet., logIndex=0, commits[s2:c2813, s0:c2813, s1:c2814]
2019-09-26 14:02:22,660 INFO  client.GrpcClientProtocolService (GrpcClientProtocolService.java:lambda$processClientRequest$0(278)) - Failed RaftClientRequest:client-54A5215B9B2F->s2@group-1720A28C8555, cid=1406, seq=0, RW, Message:128f200a0a0a03666f6f...(size=4114), reply=RaftClientReply:client-54A5215B9B2F->s2@group-1720A28C8555, cid=1406, FAILED org.apache.ratis.protocol.LeaderNotReadyException: s2@group-1720A28C8555 is in LEADER state but not ready yet., logIndex=0, commits[s2:c2813, s0:c2813, s1:c2814]
2019-09-26 14:02:22,661 INFO  client.GrpcClientProtocolService (GrpcClientProtocolService.java:lambda$processClientRequest$0(278)) - Failed RaftClientRequest:client-54A5215B9B2F->s2@group-1720A28C8555, cid=1406, seq=0, RW, Message:128f200a0a0a03666f6f...(size=4114), reply=RaftClientReply:client-54A5215B9B2F->s2@group-1720A28C8555, cid=1406, FAILED org.apache.ratis.protocol.LeaderNotReadyException: s2@group-1720A28C8555 is in LEADER state but not ready yet., logIndex=0, commits[s2:c2813, s0:c2813, s1:c2814]
2019-09-26 14:02:22,663 INFO  client.GrpcClientProtocolService (GrpcClientProtocolService.java:lambda$processClientRequest$0(278)) - Failed RaftClientRequest:client-54A5215B9B2F->s2@group-1720A28C8555, cid=1406, seq=0, RW, Message:128f200a0a0a03666f6f...(size=4114), reply=RaftClientReply:client-54A5215B9B2F->s2@group-1720A28C8555, cid=1406, FAILED org.apache.ratis.protocol.LeaderNotReadyException: s2@group-1720A28C8555 is in LEADER state but not ready yet., logIndex=0, commits[s2:c2813, s0:c2813, s1:c2814]
2019-09-26 14:02:22,664 INFO  client.GrpcClientProtocolService (GrpcClientProtocolService.java:lambda$processClientRequest$0(278)) - Failed RaftClientRequest:client-54A5215B9B2F->s2@group-1720A28C8555, cid=1406, seq=0, RW, Message:128f200a0a0a03666f6f...(size=4114), reply=RaftClientReply:client-54A5215B9B2F->s2@group-1720A28C8555, cid=1406, FAILED org.apache.ratis.protocol.LeaderNotReadyException: s2@group-1720A28C8555 is in LEADER state but not ready yet., logIndex=0, commits[s2:c2813, s0:c2813, s1:c2814]
2019-09-26 14:02:22,665 INFO  client.GrpcClientProtocolService (GrpcClientProtocolService.java:lambda$processClientRequest$0(278)) - Failed RaftClientRequest:client-54A5215B9B2F->s2@group-1720A28C8555, cid=1406, seq=0, RW, Message:128f200a0a0a03666f6f...(size=4114), reply=RaftClientReply:client-54A5215B9B2F->s2@group-1720A28C8555, cid=1406, FAILED org.apache.ratis.protocol.LeaderNotReadyException: s2@group-1720A28C8555 is in LEADER state but not ready yet., logIndex=0, commits[s2:c2813, s0:c2813, s1:c2814]
2019-09-26 14:02:22,666 INFO  client.GrpcClientProtocolService (GrpcClientProtocolService.java:lambda$processClientRequest$0(278)) - Failed RaftClientRequest:client-54A5215B9B2F->s2@group-1720A28C8555, cid=1406, seq=0, RW, Message:128f200a0a0a03666f6f...(size=4114), reply=RaftClientReply:client-54A5215B9B2F->s2@group-1720A28C8555, cid=1406, FAILED org.apache.ratis.protocol.LeaderNotReadyException: s2@group-1720A28C8555 is in LEADER state but not ready yet., logIndex=0, commits[s2:c2813, s0:c2813, s1:c2814]
2019-09-26 14:02:22,668 INFO  client.GrpcClientProtocolService (GrpcClientProtocolService.java:lambda$processClientRequest$0(278)) - Failed RaftClientRequest:client-54A5215B9B2F->s2@group-1720A28C8555, cid=1406, seq=0, RW, Message:128f200a0a0a03666f6f...(size=4114), reply=RaftClientReply:client-54A5215B9B2F->s2@group-1720A28C8555, cid=1406, FAILED org.apache.ratis.protocol.LeaderNotReadyException: s2@group-1720A28C8555 is in LEADER state but not ready yet., logIndex=0, commits[s2:c2813, s0:c2813, s1:c2814]
2019-09-26 14:02:22,669 INFO  client.GrpcClientProtocolService (GrpcClientProtocolService.java:lambda$processClientRequest$0(278)) - Failed RaftClientRequest:client-54A5215B9B2F->s2@group-1720A28C8555, cid=1406, seq=0, RW, Message:128f200a0a0a03666f6f...(size=4114), reply=RaftClientReply:client-54A5215B9B2F->s2@group-1720A28C8555, cid=1406, FAILED org.apache.ratis.protocol.LeaderNotReadyException: s2@group-1720A28C8555 is in LEADER state but not ready yet., logIndex=0, commits[s2:c2813, s0:c2813, s1:c2814]
2019-09-26 14:02:22,671 INFO  client.GrpcClientProtocolService (GrpcClientProtocolService.java:lambda$processClientRequest$0(278)) - Failed RaftClientRequest:client-54A5215B9B2F->s2@group-1720A28C8555, cid=1406, seq=0, RW, Message:128f200a0a0a03666f6f...(size=4114), reply=RaftClientReply:client-54A5215B9B2F->s2@group-1720A28C8555, cid=1406, FAILED org.apache.ratis.protocol.LeaderNotReadyException: s2@group-1720A28C8555 is in LEADER state but not ready yet., logIndex=0, commits[s2:c2813, s0:c2813, s1:c2814]
2019-09-26 14:02:22,673 INFO  client.GrpcClientProtocolService (GrpcClientProtocolService.java:lambda$processClientRequest$0(278)) - Failed RaftClientRequest:client-54A5215B9B2F->s2@group-1720A28C8555, cid=1406, seq=0, RW, Message:128f200a0a0a03666f6f...(size=4114), reply=RaftClientReply:client-54A5215B9B2F->s2@group-1720A28C8555, cid=1406, FAILED org.apache.ratis.protocol.LeaderNotReadyException: s2@group-1720A28C8555 is in LEADER state but not ready yet., logIndex=0, commits[s2:c2813, s0:c2813, s1:c2814]
2019-09-26 14:02:22,674 INFO  client.GrpcClientProtocolService (GrpcClientProtocolService.java:lambda$processClientRequest$0(278)) - Failed RaftClientRequest:client-54A5215B9B2F->s2@group-1720A28C8555, cid=1406, seq=0, RW, Message:128f200a0a0a03666f6f...(size=4114), reply=RaftClientReply:client-54A5215B9B2F->s2@group-1720A28C8555, cid=1406, FAILED org.apache.ratis.protocol.LeaderNotReadyException: s2@group-1720A28C8555 is in LEADER state but not ready yet., logIndex=0, commits[s2:c2813, s0:c2813, s1:c2814]
2019-09-26 14:02:22,676 INFO  client.GrpcClientProtocolService (GrpcClientProtocolService.java:lambda$processClientRequest$0(278)) - Failed RaftClientRequest:client-54A5215B9B2F->s2@group-1720A28C8555, cid=1406, seq=0, RW, Message:128f200a0a0a03666f6f...(size=4114), reply=RaftClientReply:client-54A5215B9B2F->s2@group-1720A28C8555, cid=1406, FAILED org.apache.ratis.protocol.LeaderNotReadyException: s2@group-1720A28C8555 is in LEADER state but not ready yet., logIndex=0, commits[s2:c2813, s0:c2813, s1:c2814]
2019-09-26 14:02:22,677 INFO  client.GrpcClientProtocolService (GrpcClientProtocolService.java:lambda$processClientRequest$0(278)) - Failed RaftClientRequest:client-54A5215B9B2F->s2@group-1720A28C8555, cid=1406, seq=0, RW, Message:128f200a0a0a03666f6f...(size=4114), reply=RaftClientReply:client-54A5215B9B2F->s2@group-1720A28C8555, cid=1406, FAILED org.apache.ratis.protocol.LeaderNotReadyException: s2@group-1720A28C8555 is in LEADER state but not ready yet., logIndex=0, commits[s2:c2813, s0:c2813, s1:c2814]
2019-09-26 14:02:22,678 INFO  client.GrpcClientProtocolService (GrpcClientProtocolService.java:lambda$processClientRequest$0(278)) - Failed RaftClientRequest:client-54A5215B9B2F->s2@group-1720A28C8555, cid=1406, seq=0, RW, Message:128f200a0a0a03666f6f...(size=4114), reply=RaftClientReply:client-54A5215B9B2F->s2@group-1720A28C8555, cid=1406, FAILED org.apache.ratis.protocol.LeaderNotReadyException: s2@group-1720A28C8555 is in LEADER state but not ready yet., logIndex=0, commits[s2:c2813, s0:c2813, s1:c2814]
2019-09-26 14:02:22,679 INFO  client.GrpcClientProtocolService (GrpcClientProtocolService.java:lambda$processClientRequest$0(278)) - Failed RaftClientRequest:client-54A5215B9B2F->s2@group-1720A28C8555, cid=1406, seq=0, RW, Message:128f200a0a0a03666f6f...(size=4114), reply=RaftClientReply:client-54A5215B9B2F->s2@group-1720A28C8555, cid=1406, FAILED org.apache.ratis.protocol.LeaderNotReadyException: s2@group-1720A28C8555 is in LEADER state but not ready yet., logIndex=0, commits[s2:c2813, s0:c2813, s1:c2814]
2019-09-26 14:02:22,680 INFO  client.GrpcClientProtocolService (GrpcClientProtocolService.java:lambda$processClientRequest$0(278)) - Failed RaftClientRequest:client-54A5215B9B2F->s2@group-1720A28C8555, cid=1406, seq=0, RW, Message:128f200a0a0a03666f6f...(size=4114), reply=RaftClientReply:client-54A5215B9B2F->s2@group-1720A28C8555, cid=1406, FAILED org.apache.ratis.protocol.LeaderNotReadyException: s2@group-1720A28C8555 is in LEADER state but not ready yet., logIndex=0, commits[s2:c2813, s0:c2813, s1:c2814]
2019-09-26 14:02:22,681 INFO  client.GrpcClientProtocolService (GrpcClientProtocolService.java:lambda$processClientRequest$0(278)) - Failed RaftClientRequest:client-54A5215B9B2F->s2@group-1720A28C8555, cid=1406, seq=0, RW, Message:128f200a0a0a03666f6f...(size=4114), reply=RaftClientReply:client-54A5215B9B2F->s2@group-1720A28C8555, cid=1406, FAILED org.apache.ratis.protocol.LeaderNotReadyException: s2@group-1720A28C8555 is in LEADER state but not ready yet., logIndex=0, commits[s2:c2813, s0:c2813, s1:c2814]
2019-09-26 14:02:22,683 INFO  client.GrpcClientProtocolService (GrpcClientProtocolService.java:lambda$processClientRequest$0(278)) - Failed RaftClientRequest:client-54A5215B9B2F->s2@group-1720A28C8555, cid=1406, seq=0, RW, Message:128f200a0a0a03666f6f...(size=4114), reply=RaftClientReply:client-54A5215B9B2F->s2@group-1720A28C8555, cid=1406, FAILED org.apache.ratis.protocol.LeaderNotReadyException: s2@group-1720A28C8555 is in LEADER state but not ready yet., logIndex=0, commits[s2:c2813, s0:c2813, s1:c2814]
2019-09-26 14:02:22,684 INFO  client.GrpcClientProtocolService (GrpcClientProtocolService.java:lambda$processClientRequest$0(278)) - Failed RaftClientRequest:client-54A5215B9B2F->s2@group-1720A28C8555, cid=1406, seq=0, RW, Message:128f200a0a0a03666f6f...(size=4114), reply=RaftClientReply:client-54A5215B9B2F->s2@group-1720A28C8555, cid=1406, FAILED org.apache.ratis.protocol.LeaderNotReadyException: s2@group-1720A28C8555 is in LEADER state but not ready yet., logIndex=0, commits[s2:c2813, s0:c2813, s1:c2814]
2019-09-26 14:02:22,685 INFO  client.GrpcClientProtocolService (GrpcClientProtocolService.java:lambda$processClientRequest$0(278)) - Failed RaftClientRequest:client-54A5215B9B2F->s2@group-1720A28C8555, cid=1406, seq=0, RW, Message:128f200a0a0a03666f6f...(size=4114), reply=RaftClientReply:client-54A5215B9B2F->s2@group-1720A28C8555, cid=1406, FAILED org.apache.ratis.protocol.LeaderNotReadyException: s2@group-1720A28C8555 is in LEADER state but not ready yet., logIndex=0, commits[s2:c2813, s0:c2813, s1:c2814]
2019-09-26 14:02:22,686 INFO  client.GrpcClientProtocolService (GrpcClientProtocolService.java:lambda$processClientRequest$0(278)) - Failed RaftClientRequest:client-54A5215B9B2F->s2@group-1720A28C8555, cid=1406, seq=0, RW, Message:128f200a0a0a03666f6f...(size=4114), reply=RaftClientReply:client-54A5215B9B2F->s2@group-1720A28C8555, cid=1406, FAILED org.apache.ratis.protocol.LeaderNotReadyException: s2@group-1720A28C8555 is in LEADER state but not ready yet., logIndex=0, commits[s2:c2813, s0:c2813, s1:c2814]
2019-09-26 14:02:22,688 INFO  client.GrpcClientProtocolService (GrpcClientProtocolService.java:lambda$processClientRequest$0(278)) - Failed RaftClientRequest:client-54A5215B9B2F->s2@group-1720A28C8555, cid=1406, seq=0, RW, Message:128f200a0a0a03666f6f...(size=4114), reply=RaftClientReply:client-54A5215B9B2F->s2@group-1720A28C8555, cid=1406, FAILED org.apache.ratis.protocol.LeaderNotReadyException: s2@group-1720A28C8555 is in LEADER state but not ready yet., logIndex=0, commits[s2:c2813, s0:c2813, s1:c2814]
2019-09-26 14:02:22,689 INFO  client.GrpcClientProtocolService (GrpcClientProtocolService.java:lambda$processClientRequest$0(278)) - Failed RaftClientRequest:client-54A5215B9B2F->s2@group-1720A28C8555, cid=1406, seq=0, RW, Message:128f200a0a0a03666f6f...(size=4114), reply=RaftClientReply:client-54A5215B9B2F->s2@group-1720A28C8555, cid=1406, FAILED org.apache.ratis.protocol.LeaderNotReadyException: s2@group-1720A28C8555 is in LEADER state but not ready yet., logIndex=0, commits[s2:c2813, s0:c2813, s1:c2814]
2019-09-26 14:02:22,690 INFO  client.GrpcClientProtocolService (GrpcClientProtocolService.java:lambda$processClientRequest$0(278)) - Failed RaftClientRequest:client-54A5215B9B2F->s2@group-1720A28C8555, cid=1406, seq=0, RW, Message:128f200a0a0a03666f6f...(size=4114), reply=RaftClientReply:client-54A5215B9B2F->s2@group-1720A28C8555, cid=1406, FAILED org.apache.ratis.protocol.LeaderNotReadyException: s2@group-1720A28C8555 is in LEADER state but not ready yet., logIndex=0, commits[s2:c2813, s0:c2813, s1:c2814]
2019-09-26 14:02:22,691 INFO  client.GrpcClientProtocolService (GrpcClientProtocolService.java:lambda$processClientRequest$0(278)) - Failed RaftClientRequest:client-54A5215B9B2F->s2@group-1720A28C8555, cid=1406, seq=0, RW, Message:128f200a0a0a03666f6f...(size=4114), reply=RaftClientReply:client-54A5215B9B2F->s2@group-1720A28C8555, cid=1406, FAILED org.apache.ratis.protocol.LeaderNotReadyException: s2@group-1720A28C8555 is in LEADER state but not ready yet., logIndex=0, commits[s2:c2813, s0:c2813, s1:c2814]
2019-09-26 14:02:22,692 INFO  client.GrpcClientProtocolService (GrpcClientProtocolService.java:lambda$processClientRequest$0(278)) - Failed RaftClientRequest:client-54A5215B9B2F->s2@group-1720A28C8555, cid=1406, seq=0, RW, Message:128f200a0a0a03666f6f...(size=4114), reply=RaftClientReply:client-54A5215B9B2F->s2@group-1720A28C8555, cid=1406, FAILED org.apache.ratis.protocol.LeaderNotReadyException: s2@group-1720A28C8555 is in LEADER state but not ready yet., logIndex=0, commits[s2:c2813, s0:c2813, s1:c2814]
2019-09-26 14:02:22,694 INFO  client.GrpcClientProtocolService (GrpcClientProtocolService.java:lambda$processClientRequest$0(278)) - Failed RaftClientRequest:client-54A5215B9B2F->s2@group-1720A28C8555, cid=1406, seq=0, RW, Message:128f200a0a0a03666f6f...(size=4114), reply=RaftClientReply:client-54A5215B9B2F->s2@group-1720A28C8555, cid=1406, FAILED org.apache.ratis.protocol.LeaderNotReadyException: s2@group-1720A28C8555 is in LEADER state but not ready yet., logIndex=0, commits[s2:c2813, s0:c2813, s1:c2814]
2019-09-26 14:02:22,695 INFO  client.GrpcClientProtocolService (GrpcClientProtocolService.java:lambda$processClientRequest$0(278)) - Failed RaftClientRequest:client-54A5215B9B2F->s2@group-1720A28C8555, cid=1406, seq=0, RW, Message:128f200a0a0a03666f6f...(size=4114), reply=RaftClientReply:client-54A5215B9B2F->s2@group-1720A28C8555, cid=1406, FAILED org.apache.ratis.protocol.LeaderNotReadyException: s2@group-1720A28C8555 is in LEADER state but not ready yet., logIndex=0, commits[s2:c2813, s0:c2813, s1:c2814]
2019-09-26 14:02:22,696 INFO  client.GrpcClientProtocolService (GrpcClientProtocolService.java:lambda$processClientRequest$0(278)) - Failed RaftClientRequest:client-54A5215B9B2F->s2@group-1720A28C8555, cid=1406, seq=0, RW, Message:128f200a0a0a03666f6f...(size=4114), reply=RaftClientReply:client-54A5215B9B2F->s2@group-1720A28C8555, cid=1406, FAILED org.apache.ratis.protocol.LeaderNotReadyException: s2@group-1720A28C8555 is in LEADER state but not ready yet., logIndex=0, commits[s2:c2813, s0:c2813, s1:c2814]
2019-09-26 14:02:22,697 INFO  client.GrpcClientProtocolService (GrpcClientProtocolService.java:lambda$processClientRequest$0(278)) - Failed RaftClientRequest:client-54A5215B9B2F->s2@group-1720A28C8555, cid=1406, seq=0, RW, Message:128f200a0a0a03666f6f...(size=4114), reply=RaftClientReply:client-54A5215B9B2F->s2@group-1720A28C8555, cid=1406, FAILED org.apache.ratis.protocol.LeaderNotReadyException: s2@group-1720A28C8555 is in LEADER state but not ready yet., logIndex=0, commits[s2:c2813, s0:c2813, s1:c2814]
2019-09-26 14:02:22,698 INFO  client.GrpcClientProtocolService (GrpcClientProtocolService.java:lambda$processClientRequest$0(278)) - Failed RaftClientRequest:client-54A5215B9B2F->s2@group-1720A28C8555, cid=1406, seq=0, RW, Message:128f200a0a0a03666f6f...(size=4114), reply=RaftClientReply:client-54A5215B9B2F->s2@group-1720A28C8555, cid=1406, FAILED org.apache.ratis.protocol.LeaderNotReadyException: s2@group-1720A28C8555 is in LEADER state but not ready yet., logIndex=0, commits[s2:c2813, s0:c2813, s1:c2814]
2019-09-26 14:02:22,700 INFO  client.GrpcClientProtocolService (GrpcClientProtocolService.java:lambda$processClientRequest$0(278)) - Failed RaftClientRequest:client-54A5215B9B2F->s2@group-1720A28C8555, cid=1406, seq=0, RW, Message:128f200a0a0a03666f6f...(size=4114), reply=RaftClientReply:client-54A5215B9B2F->s2@group-1720A28C8555, cid=1406, FAILED org.apache.ratis.protocol.LeaderNotReadyException: s2@group-1720A28C8555 is in LEADER state but not ready yet., logIndex=0, commits[s2:c2813, s0:c2813, s1:c2814]
2019-09-26 14:02:22,701 INFO  client.GrpcClientProtocolService (GrpcClientProtocolService.java:lambda$processClientRequest$0(278)) - Failed RaftClientRequest:client-54A5215B9B2F->s2@group-1720A28C8555, cid=1406, seq=0, RW, Message:128f200a0a0a03666f6f...(size=4114), reply=RaftClientReply:client-54A5215B9B2F->s2@group-1720A28C8555, cid=1406, FAILED org.apache.ratis.protocol.LeaderNotReadyException: s2@group-1720A28C8555 is in LEADER state but not ready yet., logIndex=0, commits[s2:c2813, s0:c2813, s1:c2814]
2019-09-26 14:02:22,702 INFO  client.GrpcClientProtocolService (GrpcClientProtocolService.java:lambda$processClientRequest$0(278)) - Failed RaftClientRequest:client-54A5215B9B2F->s2@group-1720A28C8555, cid=1406, seq=0, RW, Message:128f200a0a0a03666f6f...(size=4114), reply=RaftClientReply:client-54A5215B9B2F->s2@group-1720A28C8555, cid=1406, FAILED org.apache.ratis.protocol.LeaderNotReadyException: s2@group-1720A28C8555 is in LEADER state but not ready yet., logIndex=0, commits[s2:c2813, s0:c2813, s1:c2814]
2019-09-26 14:02:22,703 INFO  client.GrpcClientProtocolService (GrpcClientProtocolService.java:lambda$processClientRequest$0(278)) - Failed RaftClientRequest:client-54A5215B9B2F->s2@group-1720A28C8555, cid=1406, seq=0, RW, Message:128f200a0a0a03666f6f...(size=4114), reply=RaftClientReply:client-54A5215B9B2F->s2@group-1720A28C8555, cid=1406, FAILED org.apache.ratis.protocol.LeaderNotReadyException: s2@group-1720A28C8555 is in LEADER state but not ready yet., logIndex=0, commits[s2:c2813, s0:c2813, s1:c2814]
2019-09-26 14:02:22,705 INFO  client.GrpcClientProtocolService (GrpcClientProtocolService.java:lambda$processClientRequest$0(278)) - Failed RaftClientRequest:client-54A5215B9B2F->s2@group-1720A28C8555, cid=1406, seq=0, RW, Message:128f200a0a0a03666f6f...(size=4114), reply=RaftClientReply:client-54A5215B9B2F->s2@group-1720A28C8555, cid=1406, FAILED org.apache.ratis.protocol.LeaderNotReadyException: s2@group-1720A28C8555 is in LEADER state but not ready yet., logIndex=0, commits[s2:c2813, s0:c2813, s1:c2814]
2019-09-26 14:02:22,706 INFO  client.GrpcClientProtocolService (GrpcClientProtocolService.java:lambda$processClientRequest$0(278)) - Failed RaftClientRequest:client-54A5215B9B2F->s2@group-1720A28C8555, cid=1406, seq=0, RW, Message:128f200a0a0a03666f6f...(size=4114), reply=RaftClientReply:client-54A5215B9B2F->s2@group-1720A28C8555, cid=1406, FAILED org.apache.ratis.protocol.LeaderNotReadyException: s2@group-1720A28C8555 is in LEADER state but not ready yet., logIndex=0, commits[s2:c2813, s0:c2813, s1:c2814]
2019-09-26 14:02:22,707 INFO  client.GrpcClientProtocolService (GrpcClientProtocolService.java:lambda$processClientRequest$0(278)) - Failed RaftClientRequest:client-54A5215B9B2F->s2@group-1720A28C8555, cid=1406, seq=0, RW, Message:128f200a0a0a03666f6f...(size=4114), reply=RaftClientReply:client-54A5215B9B2F->s2@group-1720A28C8555, cid=1406, FAILED org.apache.ratis.protocol.LeaderNotReadyException: s2@group-1720A28C8555 is in LEADER state but not ready yet., logIndex=0, commits[s2:c2813, s0:c2813, s1:c2814]
2019-09-26 14:02:22,708 INFO  client.GrpcClientProtocolService (GrpcClientProtocolService.java:lambda$processClientRequest$0(278)) - Failed RaftClientRequest:client-54A5215B9B2F->s2@group-1720A28C8555, cid=1406, seq=0, RW, Message:128f200a0a0a03666f6f...(size=4114), reply=RaftClientReply:client-54A5215B9B2F->s2@group-1720A28C8555, cid=1406, FAILED org.apache.ratis.protocol.LeaderNotReadyException: s2@group-1720A28C8555 is in LEADER state but not ready yet., logIndex=0, commits[s2:c2813, s0:c2813, s1:c2814]
2019-09-26 14:02:22,709 INFO  client.GrpcClientProtocolService (GrpcClientProtocolService.java:lambda$processClientRequest$0(278)) - Failed RaftClientRequest:client-54A5215B9B2F->s2@group-1720A28C8555, cid=1406, seq=0, RW, Message:128f200a0a0a03666f6f...(size=4114), reply=RaftClientReply:client-54A5215B9B2F->s2@group-1720A28C8555, cid=1406, FAILED org.apache.ratis.protocol.LeaderNotReadyException: s2@group-1720A28C8555 is in LEADER state but not ready yet., logIndex=0, commits[s2:c2813, s0:c2813, s1:c2814]
2019-09-26 14:02:22,710 INFO  client.GrpcClientProtocolService (GrpcClientProtocolService.java:lambda$processClientRequest$0(278)) - Failed RaftClientRequest:client-54A5215B9B2F->s2@group-1720A28C8555, cid=1406, seq=0, RW, Message:128f200a0a0a03666f6f...(size=4114), reply=RaftClientReply:client-54A5215B9B2F->s2@group-1720A28C8555, cid=1406, FAILED org.apache.ratis.protocol.LeaderNotReadyException: s2@group-1720A28C8555 is in LEADER state but not ready yet., logIndex=0, commits[s2:c2813, s0:c2813, s1:c2814]
2019-09-26 14:02:22,711 INFO  client.GrpcClientProtocolService (GrpcClientProtocolService.java:lambda$processClientRequest$0(278)) - Failed RaftClientRequest:client-54A5215B9B2F->s2@group-1720A28C8555, cid=1406, seq=0, RW, Message:128f200a0a0a03666f6f...(size=4114), reply=RaftClientReply:client-54A5215B9B2F->s2@group-1720A28C8555, cid=1406, FAILED org.apache.ratis.protocol.LeaderNotReadyException: s2@group-1720A28C8555 is in LEADER state but not ready yet., logIndex=0, commits[s2:c2813, s0:c2813, s1:c2814]
2019-09-26 14:02:22,712 INFO  client.GrpcClientProtocolService (GrpcClientProtocolService.java:lambda$processClientRequest$0(278)) - Failed RaftClientRequest:client-54A5215B9B2F->s2@group-1720A28C8555, cid=1406, seq=0, RW, Message:128f200a0a0a03666f6f...(size=4114), reply=RaftClientReply:client-54A5215B9B2F->s2@group-1720A28C8555, cid=1406, FAILED org.apache.ratis.protocol.LeaderNotReadyException: s2@group-1720A28C8555 is in LEADER state but not ready yet., logIndex=0, commits[s2:c2813, s0:c2813, s1:c2814]
2019-09-26 14:02:22,713 INFO  client.GrpcClientProtocolService (GrpcClientProtocolService.java:lambda$processClientRequest$0(278)) - Failed RaftClientRequest:client-54A5215B9B2F->s2@group-1720A28C8555, cid=1406, seq=0, RW, Message:128f200a0a0a03666f6f...(size=4114), reply=RaftClientReply:client-54A5215B9B2F->s2@group-1720A28C8555, cid=1406, FAILED org.apache.ratis.protocol.LeaderNotReadyException: s2@group-1720A28C8555 is in LEADER state but not ready yet., logIndex=0, commits[s2:c2813, s0:c2813, s1:c2814]
2019-09-26 14:02:22,714 INFO  client.GrpcClientProtocolService (GrpcClientProtocolService.java:lambda$processClientRequest$0(278)) - Failed RaftClientRequest:client-54A5215B9B2F->s2@group-1720A28C8555, cid=1406, seq=0, RW, Message:128f200a0a0a03666f6f...(size=4114), reply=RaftClientReply:client-54A5215B9B2F->s2@group-1720A28C8555, cid=1406, FAILED org.apache.ratis.protocol.LeaderNotReadyException: s2@group-1720A28C8555 is in LEADER state but not ready yet., logIndex=0, commits[s2:c2813, s0:c2813, s1:c2814]
2019-09-26 14:02:22,716 INFO  client.GrpcClientProtocolService (GrpcClientProtocolService.java:lambda$processClientRequest$0(278)) - Failed RaftClientRequest:client-54A5215B9B2F->s2@group-1720A28C8555, cid=1406, seq=0, RW, Message:128f200a0a0a03666f6f...(size=4114), reply=RaftClientReply:client-54A5215B9B2F->s2@group-1720A28C8555, cid=1406, FAILED org.apache.ratis.protocol.LeaderNotReadyException: s2@group-1720A28C8555 is in LEADER state but not ready yet., logIndex=0, commits[s2:c2813, s0:c2813, s1:c2814]
2019-09-26 14:02:22,717 INFO  client.GrpcClientProtocolService (GrpcClientProtocolService.java:lambda$processClientRequest$0(278)) - Failed RaftClientRequest:client-54A5215B9B2F->s2@group-1720A28C8555, cid=1406, seq=0, RW, Message:128f200a0a0a03666f6f...(size=4114), reply=RaftClientReply:client-54A5215B9B2F->s2@group-1720A28C8555, cid=1406, FAILED org.apache.ratis.protocol.LeaderNotReadyException: s2@group-1720A28C8555 is in LEADER state but not ready yet., logIndex=0, commits[s2:c2813, s0:c2813, s1:c2814]
2019-09-26 14:02:22,718 INFO  client.GrpcClientProtocolService (GrpcClientProtocolService.java:lambda$processClientRequest$0(278)) - Failed RaftClientRequest:client-54A5215B9B2F->s2@group-1720A28C8555, cid=1406, seq=0, RW, Message:128f200a0a0a03666f6f...(size=4114), reply=RaftClientReply:client-54A5215B9B2F->s2@group-1720A28C8555, cid=1406, FAILED org.apache.ratis.protocol.LeaderNotReadyException: s2@group-1720A28C8555 is in LEADER state but not ready yet., logIndex=0, commits[s2:c2813, s0:c2813, s1:c2814]
2019-09-26 14:02:22,719 INFO  client.GrpcClientProtocolService (GrpcClientProtocolService.java:lambda$processClientRequest$0(278)) - Failed RaftClientRequest:client-54A5215B9B2F->s2@group-1720A28C8555, cid=1406, seq=0, RW, Message:128f200a0a0a03666f6f...(size=4114), reply=RaftClientReply:client-54A5215B9B2F->s2@group-1720A28C8555, cid=1406, FAILED org.apache.ratis.protocol.LeaderNotReadyException: s2@group-1720A28C8555 is in LEADER state but not ready yet., logIndex=0, commits[s2:c2813, s0:c2813, s1:c2814]
2019-09-26 14:02:22,721 INFO  client.GrpcClientProtocolService (GrpcClientProtocolService.java:lambda$processClientRequest$0(278)) - Failed RaftClientRequest:client-54A5215B9B2F->s2@group-1720A28C8555, cid=1406, seq=0, RW, Message:128f200a0a0a03666f6f...(size=4114), reply=RaftClientReply:client-54A5215B9B2F->s2@group-1720A28C8555, cid=1406, FAILED org.apache.ratis.protocol.LeaderNotReadyException: s2@group-1720A28C8555 is in LEADER state but not ready yet., logIndex=0, commits[s2:c2813, s0:c2813, s1:c2814]
2019-09-26 14:02:22,722 INFO  client.GrpcClientProtocolService (GrpcClientProtocolService.java:lambda$processClientRequest$0(278)) - Failed RaftClientRequest:client-54A5215B9B2F->s2@group-1720A28C8555, cid=1406, seq=0, RW, Message:128f200a0a0a03666f6f...(size=4114), reply=RaftClientReply:client-54A5215B9B2F->s2@group-1720A28C8555, cid=1406, FAILED org.apache.ratis.protocol.LeaderNotReadyException: s2@group-1720A28C8555 is in LEADER state but not ready yet., logIndex=0, commits[s2:c2813, s0:c2813, s1:c2814]
2019-09-26 14:02:22,723 INFO  client.GrpcClientProtocolService (GrpcClientProtocolService.java:lambda$processClientRequest$0(278)) - Failed RaftClientRequest:client-54A5215B9B2F->s2@group-1720A28C8555, cid=1406, seq=0, RW, Message:128f200a0a0a03666f6f...(size=4114), reply=RaftClientReply:client-54A5215B9B2F->s2@group-1720A28C8555, cid=1406, FAILED org.apache.ratis.protocol.LeaderNotReadyException: s2@group-1720A28C8555 is in LEADER state but not ready yet., logIndex=0, commits[s2:c2813, s0:c2813, s1:c2814]
2019-09-26 14:02:22,724 INFO  client.GrpcClientProtocolService (GrpcClientProtocolService.java:lambda$processClientRequest$0(278)) - Failed RaftClientRequest:client-54A5215B9B2F->s2@group-1720A28C8555, cid=1406, seq=0, RW, Message:128f200a0a0a03666f6f...(size=4114), reply=RaftClientReply:client-54A5215B9B2F->s2@group-1720A28C8555, cid=1406, FAILED org.apache.ratis.protocol.LeaderNotReadyException: s2@group-1720A28C8555 is in LEADER state but not ready yet., logIndex=0, commits[s2:c2813, s0:c2813, s1:c2814]
2019-09-26 14:02:22,726 INFO  client.GrpcClientProtocolService (GrpcClientProtocolService.java:lambda$processClientRequest$0(278)) - Failed RaftClientRequest:client-54A5215B9B2F->s2@group-1720A28C8555, cid=1406, seq=0, RW, Message:128f200a0a0a03666f6f...(size=4114), reply=RaftClientReply:client-54A5215B9B2F->s2@group-1720A28C8555, cid=1406, FAILED org.apache.ratis.protocol.LeaderNotReadyException: s2@group-1720A28C8555 is in LEADER state but not ready yet., logIndex=0, commits[s2:c2813, s0:c2813, s1:c2814]
2019-09-26 14:02:22,727 INFO  client.GrpcClientProtocolService (GrpcClientProtocolService.java:lambda$processClientRequest$0(278)) - Failed RaftClientRequest:client-54A5215B9B2F->s2@group-1720A28C8555, cid=1406, seq=0, RW, Message:128f200a0a0a03666f6f...(size=4114), reply=RaftClientReply:client-54A5215B9B2F->s2@group-1720A28C8555, cid=1406, FAILED org.apache.ratis.protocol.LeaderNotReadyException: s2@group-1720A28C8555 is in LEADER state but not ready yet., logIndex=0, commits[s2:c2813, s0:c2813, s1:c2814]
2019-09-26 14:02:22,728 INFO  client.GrpcClientProtocolService (GrpcClientProtocolService.java:lambda$processClientRequest$0(278)) - Failed RaftClientRequest:client-54A5215B9B2F->s2@group-1720A28C8555, cid=1406, seq=0, RW, Message:128f200a0a0a03666f6f...(size=4114), reply=RaftClientReply:client-54A5215B9B2F->s2@group-1720A28C8555, cid=1406, FAILED org.apache.ratis.protocol.LeaderNotReadyException: s2@group-1720A28C8555 is in LEADER state but not ready yet., logIndex=0, commits[s2:c2813, s0:c2813, s1:c2814]
2019-09-26 14:02:22,729 INFO  client.GrpcClientProtocolService (GrpcClientProtocolService.java:lambda$processClientRequest$0(278)) - Failed RaftClientRequest:client-54A5215B9B2F->s2@group-1720A28C8555, cid=1406, seq=0, RW, Message:128f200a0a0a03666f6f...(size=4114), reply=RaftClientReply:client-54A5215B9B2F->s2@group-1720A28C8555, cid=1406, FAILED org.apache.ratis.protocol.LeaderNotReadyException: s2@group-1720A28C8555 is in LEADER state but not ready yet., logIndex=0, commits[s2:c2813, s0:c2813, s1:c2814]
2019-09-26 14:02:22,731 INFO  client.GrpcClientProtocolService (GrpcClientProtocolService.java:lambda$processClientRequest$0(278)) - Failed RaftClientRequest:client-54A5215B9B2F->s2@group-1720A28C8555, cid=1406, seq=0, RW, Message:128f200a0a0a03666f6f...(size=4114), reply=RaftClientReply:client-54A5215B9B2F->s2@group-1720A28C8555, cid=1406, FAILED org.apache.ratis.protocol.LeaderNotReadyException: s2@group-1720A28C8555 is in LEADER state but not ready yet., logIndex=0, commits[s2:c2813, s0:c2813, s1:c2814]
2019-09-26 14:02:22,732 INFO  client.GrpcClientProtocolService (GrpcClientProtocolService.java:lambda$processClientRequest$0(278)) - Failed RaftClientRequest:client-54A5215B9B2F->s2@group-1720A28C8555, cid=1406, seq=0, RW, Message:128f200a0a0a03666f6f...(size=4114), reply=RaftClientReply:client-54A5215B9B2F->s2@group-1720A28C8555, cid=1406, FAILED org.apache.ratis.protocol.LeaderNotReadyException: s2@group-1720A28C8555 is in LEADER state but not ready yet., logIndex=0, commits[s2:c2813, s0:c2813, s1:c2814]
2019-09-26 14:02:22,733 INFO  client.GrpcClientProtocolService (GrpcClientProtocolService.java:lambda$processClientRequest$0(278)) - Failed RaftClientRequest:client-54A5215B9B2F->s2@group-1720A28C8555, cid=1406, seq=0, RW, Message:128f200a0a0a03666f6f...(size=4114), reply=RaftClientReply:client-54A5215B9B2F->s2@group-1720A28C8555, cid=1406, FAILED org.apache.ratis.protocol.LeaderNotReadyException: s2@group-1720A28C8555 is in LEADER state but not ready yet., logIndex=0, commits[s2:c2813, s0:c2813, s1:c2814]
2019-09-26 14:02:22,734 INFO  client.GrpcClientProtocolService (GrpcClientProtocolService.java:lambda$processClientRequest$0(278)) - Failed RaftClientRequest:client-54A5215B9B2F->s2@group-1720A28C8555, cid=1406, seq=0, RW, Message:128f200a0a0a03666f6f...(size=4114), reply=RaftClientReply:client-54A5215B9B2F->s2@group-1720A28C8555, cid=1406, FAILED org.apache.ratis.protocol.LeaderNotReadyException: s2@group-1720A28C8555 is in LEADER state but not ready yet., logIndex=0, commits[s2:c2813, s0:c2813, s1:c2814]
2019-09-26 14:02:22,736 INFO  client.GrpcClientProtocolService (GrpcClientProtocolService.java:lambda$processClientRequest$0(278)) - Failed RaftClientRequest:client-54A5215B9B2F->s2@group-1720A28C8555, cid=1406, seq=0, RW, Message:128f200a0a0a03666f6f...(size=4114), reply=RaftClientReply:client-54A5215B9B2F->s2@group-1720A28C8555, cid=1406, FAILED org.apache.ratis.protocol.LeaderNotReadyException: s2@group-1720A28C8555 is in LEADER state but not ready yet., logIndex=0, commits[s2:c2813, s0:c2813, s1:c2814]
2019-09-26 14:02:22,737 INFO  client.GrpcClientProtocolService (GrpcClientProtocolService.java:lambda$processClientRequest$0(278)) - Failed RaftClientRequest:client-54A5215B9B2F->s2@group-1720A28C8555, cid=1406, seq=0, RW, Message:128f200a0a0a03666f6f...(size=4114), reply=RaftClientReply:client-54A5215B9B2F->s2@group-1720A28C8555, cid=1406, FAILED org.apache.ratis.protocol.LeaderNotReadyException: s2@group-1720A28C8555 is in LEADER state but not ready yet., logIndex=0, commits[s2:c2813, s0:c2813, s1:c2814]
2019-09-26 14:02:22,739 INFO  client.GrpcClientProtocolService (GrpcClientProtocolService.java:lambda$processClientRequest$0(278)) - Failed RaftClientRequest:client-54A5215B9B2F->s2@group-1720A28C8555, cid=1406, seq=0, RW, Message:128f200a0a0a03666f6f...(size=4114), reply=RaftClientReply:client-54A5215B9B2F->s2@group-1720A28C8555, cid=1406, FAILED org.apache.ratis.protocol.LeaderNotReadyException: s2@group-1720A28C8555 is in LEADER state but not ready yet., logIndex=0, commits[s2:c2813, s0:c2813, s1:c2814]
2019-09-26 14:02:22,740 INFO  client.GrpcClientProtocolService (GrpcClientProtocolService.java:lambda$processClientRequest$0(278)) - Failed RaftClientRequest:client-54A5215B9B2F->s2@group-1720A28C8555, cid=1406, seq=0, RW, Message:128f200a0a0a03666f6f...(size=4114), reply=RaftClientReply:client-54A5215B9B2F->s2@group-1720A28C8555, cid=1406, FAILED org.apache.ratis.protocol.LeaderNotReadyException: s2@group-1720A28C8555 is in LEADER state but not ready yet., logIndex=0, commits[s2:c2813, s0:c2813, s1:c2814]
2019-09-26 14:02:22,741 INFO  client.GrpcClientProtocolService (GrpcClientProtocolService.java:lambda$processClientRequest$0(278)) - Failed RaftClientRequest:client-54A5215B9B2F->s2@group-1720A28C8555, cid=1406, seq=0, RW, Message:128f200a0a0a03666f6f...(size=4114), reply=RaftClientReply:client-54A5215B9B2F->s2@group-1720A28C8555, cid=1406, FAILED org.apache.ratis.protocol.LeaderNotReadyException: s2@group-1720A28C8555 is in LEADER state but not ready yet., logIndex=0, commits[s2:c2813, s0:c2813, s1:c2814]
2019-09-26 14:02:22,743 INFO  client.GrpcClientProtocolService (GrpcClientProtocolService.java:lambda$processClientRequest$0(278)) - Failed RaftClientRequest:client-54A5215B9B2F->s2@group-1720A28C8555, cid=1406, seq=0, RW, Message:128f200a0a0a03666f6f...(size=4114), reply=RaftClientReply:client-54A5215B9B2F->s2@group-1720A28C8555, cid=1406, FAILED org.apache.ratis.protocol.LeaderNotReadyException: s2@group-1720A28C8555 is in LEADER state but not ready yet., logIndex=0, commits[s2:c2813, s0:c2813, s1:c2814]
2019-09-26 14:02:22,744 INFO  client.GrpcClientProtocolService (GrpcClientProtocolService.java:lambda$processClientRequest$0(278)) - Failed RaftClientRequest:client-54A5215B9B2F->s2@group-1720A28C8555, cid=1406, seq=0, RW, Message:128f200a0a0a03666f6f...(size=4114), reply=RaftClientReply:client-54A5215B9B2F->s2@group-1720A28C8555, cid=1406, FAILED org.apache.ratis.protocol.LeaderNotReadyException: s2@group-1720A28C8555 is in LEADER state but not ready yet., logIndex=0, commits[s2:c2813, s0:c2813, s1:c2814]
2019-09-26 14:02:22,746 INFO  client.GrpcClientProtocolService (GrpcClientProtocolService.java:lambda$processClientRequest$0(278)) - Failed RaftClientRequest:client-54A5215B9B2F->s2@group-1720A28C8555, cid=1406, seq=0, RW, Message:128f200a0a0a03666f6f...(size=4114), reply=RaftClientReply:client-54A5215B9B2F->s2@group-1720A28C8555, cid=1406, FAILED org.apache.ratis.protocol.LeaderNotReadyException: s2@group-1720A28C8555 is in LEADER state but not ready yet., logIndex=0, commits[s2:c2813, s0:c2813, s1:c2814]
2019-09-26 14:02:22,747 INFO  client.GrpcClientProtocolService (GrpcClientProtocolService.java:lambda$processClientRequest$0(278)) - Failed RaftClientRequest:client-54A5215B9B2F->s2@group-1720A28C8555, cid=1406, seq=0, RW, Message:128f200a0a0a03666f6f...(size=4114), reply=RaftClientReply:client-54A5215B9B2F->s2@group-1720A28C8555, cid=1406, FAILED org.apache.ratis.protocol.LeaderNotReadyException: s2@group-1720A28C8555 is in LEADER state but not ready yet., logIndex=0, commits[s2:c2813, s0:c2813, s1:c2814]
2019-09-26 14:02:22,749 INFO  client.GrpcClientProtocolService (GrpcClientProtocolService.java:lambda$processClientRequest$0(278)) - Failed RaftClientRequest:client-54A5215B9B2F->s2@group-1720A28C8555, cid=1406, seq=0, RW, Message:128f200a0a0a03666f6f...(size=4114), reply=RaftClientReply:client-54A5215B9B2F->s2@group-1720A28C8555, cid=1406, FAILED org.apache.ratis.protocol.LeaderNotReadyException: s2@group-1720A28C8555 is in LEADER state but not ready yet., logIndex=0, commits[s2:c2813, s0:c2813, s1:c2814]
2019-09-26 14:02:22,750 INFO  client.GrpcClientProtocolService (GrpcClientProtocolService.java:lambda$processClientRequest$0(278)) - Failed RaftClientRequest:client-54A5215B9B2F->s2@group-1720A28C8555, cid=1406, seq=0, RW, Message:128f200a0a0a03666f6f...(size=4114), reply=RaftClientReply:client-54A5215B9B2F->s2@group-1720A28C8555, cid=1406, FAILED org.apache.ratis.protocol.LeaderNotReadyException: s2@group-1720A28C8555 is in LEADER state but not ready yet., logIndex=0, commits[s2:c2813, s0:c2813, s1:c2814]
2019-09-26 14:02:22,751 INFO  client.GrpcClientProtocolService (GrpcClientProtocolService.java:lambda$processClientRequest$0(278)) - Failed RaftClientRequest:client-54A5215B9B2F->s2@group-1720A28C8555, cid=1406, seq=0, RW, Message:128f200a0a0a03666f6f...(size=4114), reply=RaftClientReply:client-54A5215B9B2F->s2@group-1720A28C8555, cid=1406, FAILED org.apache.ratis.protocol.LeaderNotReadyException: s2@group-1720A28C8555 is in LEADER state but not ready yet., logIndex=0, commits[s2:c2813, s0:c2813, s1:c2814]
2019-09-26 14:02:22,753 INFO  client.GrpcClientProtocolService (GrpcClientProtocolService.java:lambda$processClientRequest$0(278)) - Failed RaftClientRequest:client-54A5215B9B2F->s2@group-1720A28C8555, cid=1406, seq=0, RW, Message:128f200a0a0a03666f6f...(size=4114), reply=RaftClientReply:client-54A5215B9B2F->s2@group-1720A28C8555, cid=1406, FAILED org.apache.ratis.protocol.LeaderNotReadyException: s2@group-1720A28C8555 is in LEADER state but not ready yet., logIndex=0, commits[s2:c2813, s0:c2813, s1:c2814]
2019-09-26 14:02:22,754 INFO  client.GrpcClientProtocolService (GrpcClientProtocolService.java:lambda$processClientRequest$0(278)) - Failed RaftClientRequest:client-54A5215B9B2F->s2@group-1720A28C8555, cid=1406, seq=0, RW, Message:128f200a0a0a03666f6f...(size=4114), reply=RaftClientReply:client-54A5215B9B2F->s2@group-1720A28C8555, cid=1406, FAILED org.apache.ratis.protocol.LeaderNotReadyException: s2@group-1720A28C8555 is in LEADER state but not ready yet., logIndex=0, commits[s2:c2813, s0:c2813, s1:c2814]
2019-09-26 14:02:22,755 INFO  client.GrpcClientProtocolService (GrpcClientProtocolService.java:lambda$processClientRequest$0(278)) - Failed RaftClientRequest:client-54A5215B9B2F->s2@group-1720A28C8555, cid=1406, seq=0, RW, Message:128f200a0a0a03666f6f...(size=4114), reply=RaftClientReply:client-54A5215B9B2F->s2@group-1720A28C8555, cid=1406, FAILED org.apache.ratis.protocol.LeaderNotReadyException: s2@group-1720A28C8555 is in LEADER state but not ready yet., logIndex=0, commits[s2:c2813, s0:c2813, s1:c2814]
2019-09-26 14:02:22,756 INFO  client.GrpcClientProtocolService (GrpcClientProtocolService.java:lambda$processClientRequest$0(278)) - Failed RaftClientRequest:client-54A5215B9B2F->s2@group-1720A28C8555, cid=1406, seq=0, RW, Message:128f200a0a0a03666f6f...(size=4114), reply=RaftClientReply:client-54A5215B9B2F->s2@group-1720A28C8555, cid=1406, FAILED org.apache.ratis.protocol.LeaderNotReadyException: s2@group-1720A28C8555 is in LEADER state but not ready yet., logIndex=0, commits[s2:c2813, s0:c2813, s1:c2814]
2019-09-26 14:02:22,758 INFO  client.GrpcClientProtocolService (GrpcClientProtocolService.java:lambda$processClientRequest$0(278)) - Failed RaftClientRequest:client-54A5215B9B2F->s2@group-1720A28C8555, cid=1406, seq=0, RW, Message:128f200a0a0a03666f6f...(size=4114), reply=RaftClientReply:client-54A5215B9B2F->s2@group-1720A28C8555, cid=1406, FAILED org.apache.ratis.protocol.LeaderNotReadyException: s2@group-1720A28C8555 is in LEADER state but not ready yet., logIndex=0, commits[s2:c2813, s0:c2813, s1:c2814]
2019-09-26 14:02:22,759 INFO  client.GrpcClientProtocolService (GrpcClientProtocolService.java:lambda$processClientRequest$0(278)) - Failed RaftClientRequest:client-54A5215B9B2F->s2@group-1720A28C8555, cid=1406, seq=0, RW, Message:128f200a0a0a03666f6f...(size=4114), reply=RaftClientReply:client-54A5215B9B2F->s2@group-1720A28C8555, cid=1406, FAILED org.apache.ratis.protocol.LeaderNotReadyException: s2@group-1720A28C8555 is in LEADER state but not ready yet., logIndex=0, commits[s2:c2813, s0:c2813, s1:c2814]
2019-09-26 14:02:22,760 INFO  client.GrpcClientProtocolService (GrpcClientProtocolService.java:lambda$processClientRequest$0(278)) - Failed RaftClientRequest:client-54A5215B9B2F->s2@group-1720A28C8555, cid=1406, seq=0, RW, Message:128f200a0a0a03666f6f...(size=4114), reply=RaftClientReply:client-54A5215B9B2F->s2@group-1720A28C8555, cid=1406, FAILED org.apache.ratis.protocol.LeaderNotReadyException: s2@group-1720A28C8555 is in LEADER state but not ready yet., logIndex=0, commits[s2:c2813, s0:c2813, s1:c2814]
2019-09-26 14:02:22,761 INFO  client.GrpcClientProtocolService (GrpcClientProtocolService.java:lambda$processClientRequest$0(278)) - Failed RaftClientRequest:client-54A5215B9B2F->s2@group-1720A28C8555, cid=1406, seq=0, RW, Message:128f200a0a0a03666f6f...(size=4114), reply=RaftClientReply:client-54A5215B9B2F->s2@group-1720A28C8555, cid=1406, FAILED org.apache.ratis.protocol.LeaderNotReadyException: s2@group-1720A28C8555 is in LEADER state but not ready yet., logIndex=0, commits[s2:c2813, s0:c2813, s1:c2814]
2019-09-26 14:02:22,763 INFO  client.GrpcClientProtocolService (GrpcClientProtocolService.java:lambda$processClientRequest$0(278)) - Failed RaftClientRequest:client-54A5215B9B2F->s2@group-1720A28C8555, cid=1406, seq=0, RW, Message:128f200a0a0a03666f6f...(size=4114), reply=RaftClientReply:client-54A5215B9B2F->s2@group-1720A28C8555, cid=1406, FAILED org.apache.ratis.protocol.LeaderNotReadyException: s2@group-1720A28C8555 is in LEADER state but not ready yet., logIndex=0, commits[s2:c2813, s0:c2813, s1:c2814]
2019-09-26 14:02:22,764 INFO  client.GrpcClientProtocolService (GrpcClientProtocolService.java:lambda$processClientRequest$0(278)) - Failed RaftClientRequest:client-54A5215B9B2F->s2@group-1720A28C8555, cid=1406, seq=0, RW, Message:128f200a0a0a03666f6f...(size=4114), reply=RaftClientReply:client-54A5215B9B2F->s2@group-1720A28C8555, cid=1406, FAILED org.apache.ratis.protocol.LeaderNotReadyException: s2@group-1720A28C8555 is in LEADER state but not ready yet., logIndex=0, commits[s2:c2813, s0:c2813, s1:c2814]
2019-09-26 14:02:22,766 INFO  client.GrpcClientProtocolService (GrpcClientProtocolService.java:lambda$processClientRequest$0(278)) - Failed RaftClientRequest:client-54A5215B9B2F->s2@group-1720A28C8555, cid=1406, seq=0, RW, Message:128f200a0a0a03666f6f...(size=4114), reply=RaftClientReply:client-54A5215B9B2F->s2@group-1720A28C8555, cid=1406, FAILED org.apache.ratis.protocol.LeaderNotReadyException: s2@group-1720A28C8555 is in LEADER state but not ready yet., logIndex=0, commits[s2:c2813, s0:c2813, s1:c2814]
2019-09-26 14:02:22,767 INFO  client.GrpcClientProtocolService (GrpcClientProtocolService.java:lambda$processClientRequest$0(278)) - Failed RaftClientRequest:client-54A5215B9B2F->s2@group-1720A28C8555, cid=1406, seq=0, RW, Message:128f200a0a0a03666f6f...(size=4114), reply=RaftClientReply:client-54A5215B9B2F->s2@group-1720A28C8555, cid=1406, FAILED org.apache.ratis.protocol.LeaderNotReadyException: s2@group-1720A28C8555 is in LEADER state but not ready yet., logIndex=0, commits[s2:c2813, s0:c2813, s1:c2814]
2019-09-26 14:02:22,769 INFO  client.GrpcClientProtocolService (GrpcClientProtocolService.java:lambda$processClientRequest$0(278)) - Failed RaftClientRequest:client-54A5215B9B2F->s2@group-1720A28C8555, cid=1406, seq=0, RW, Message:128f200a0a0a03666f6f...(size=4114), reply=RaftClientReply:client-54A5215B9B2F->s2@group-1720A28C8555, cid=1406, FAILED org.apache.ratis.protocol.LeaderNotReadyException: s2@group-1720A28C8555 is in LEADER state but not ready yet., logIndex=0, commits[s2:c2813, s0:c2813, s1:c2814]
2019-09-26 14:02:22,771 INFO  segmented.SegmentedRaftLogWorker (SegmentedRaftLogWorker.java:execute(569)) - s1@group-1720A28C8555-SegmentedRaftLogWorker: created new log segment /workdir/ratis-examples/target/test/data/92cd4afb/MiniRaftClusterWithGrpc4a8e4c9f/s1/3e568cf1-66e7-476e-b2f1-1720a28c8555/current/log_inprogress_2815
2019-09-26 14:02:22,771 INFO  segmented.SegmentedRaftLogWorker (SegmentedRaftLogWorker.java:execute(569)) - s2@group-1720A28C8555-SegmentedRaftLogWorker: created new log segment /workdir/ratis-examples/target/test/data/92cd4afb/MiniRaftClusterWithGrpc4a8e4c9f/s2/3e568cf1-66e7-476e-b2f1-1720a28c8555/current/log_inprogress_2815
2019-09-26 14:02:22,771 INFO  segmented.SegmentedRaftLogWorker (SegmentedRaftLogWorker.java:execute(569)) - s0@group-1720A28C8555-SegmentedRaftLogWorker: created new log segment /workdir/ratis-examples/target/test/data/92cd4afb/MiniRaftClusterWithGrpc4a8e4c9f/s0/3e568cf1-66e7-476e-b2f1-1720a28c8555/current/log_inprogress_2815
2019-09-26 14:02:22,771 INFO  client.GrpcClientProtocolService (GrpcClientProtocolService.java:lambda$processClientRequest$0(278)) - Failed RaftClientRequest:client-54A5215B9B2F->s2@group-1720A28C8555, cid=1406, seq=0, RW, Message:128f200a0a0a03666f6f...(size=4114), reply=RaftClientReply:client-54A5215B9B2F->s2@group-1720A28C8555, cid=1406, FAILED org.apache.ratis.protocol.LeaderNotReadyException: s2@group-1720A28C8555 is in LEADER state but not ready yet., logIndex=0, commits[s2:c2813, s0:c2813, s1:c2814]
2019-09-26 14:02:22,773 INFO  client.GrpcClientProtocolService (GrpcClientProtocolService.java:lambda$processClientRequest$0(278)) - Failed RaftClientRequest:client-54A5215B9B2F->s2@group-1720A28C8555, cid=1406, seq=0, RW, Message:128f200a0a0a03666f6f...(size=4114), reply=RaftClientReply:client-54A5215B9B2F->s2@group-1720A28C8555, cid=1406, FAILED org.apache.ratis.protocol.LeaderNotReadyException: s2@group-1720A28C8555 is in LEADER state but not ready yet., logIndex=0, commits[s2:c2813, s0:c2813, s1:c2814]
2019-09-26 14:02:22,775 INFO  client.GrpcClientProtocolService (GrpcClientProtocolService.java:lambda$processClientRequest$0(278)) - Failed RaftClientRequest:client-54A5215B9B2F->s2@group-1720A28C8555, cid=1406, seq=0, RW, Message:128f200a0a0a03666f6f...(size=4114), reply=RaftClientReply:client-54A5215B9B2F->s2@group-1720A28C8555, cid=1406, FAILED org.apache.ratis.protocol.LeaderNotReadyException: s2@group-1720A28C8555 is in LEADER state but not ready yet., logIndex=0, commits[s2:c2815, s0:c2813, s1:c2814]
2019-09-26 14:02:22,777 WARN  filestore.FileInfo (LogUtils.java:supplyAndLog(75)) - Failed to write(foo, 5758976, false) @s1:2817: java.io.IOException: Offset/size mismatched: offset = 5758976 != writeSize = 5763072, path=foo
2019-09-26 14:02:28,124 INFO  ratis.MiniRaftCluster (MiniRaftCluster.java:lambda$null$5(297)) - TIMED-PRINT: printing ALL groups
  s0:  RUNNING  FOLLOWER s0@group-1720A28C8555:t8, leader=s2, voted=s2, raftlog=s0@group-1720A28C8555-SegmentedRaftLog:OPENED:c3521,f3523,i3523, conf=2815: [s0:0.0.0.0:36116, s1:0.0.0.0:33523, s2:0.0.0.0:40404], old=null RUNNING
  s1:  RUNNING  FOLLOWER s1@group-1720A28C8555:t8, leader=s2, voted=null, raftlog=s1@group-1720A28C8555-SegmentedRaftLog:OPENED:c3521,f3523,i3524, conf=2815: [s0:0.0.0.0:36116, s1:0.0.0.0:33523, s2:0.0.0.0:40404], old=null RUNNING
  s2:  RUNNING    LEADER s2@group-1720A28C8555:t8, leader=s2, voted=s2, raftlog=s2@group-1720A28C8555-SegmentedRaftLog:OPENED:c3523,f3523,i3524, conf=2815: [s0:0.0.0.0:36116, s1:0.0.0.0:33523, s2:0.0.0.0:40404], old=null RUNNING
2019-09-26 14:02:36,898 INFO  impl.FollowerState (FollowerState.java:run(108)) - s0@group-1720A28C8555-FollowerState: change to CANDIDATE, lastRpcTime:253ms, electionTimeout:206ms
2019-09-26 14:02:36,899 INFO  impl.RoleInfo (RoleInfo.java:shutdownFollowerState(121)) - s0: shutdown FollowerState
2019-09-26 14:02:36,899 INFO  impl.RaftServerImpl (RaftServerImpl.java:setRole(170)) - s0@group-1720A28C8555: changes role from  FOLLOWER to CANDIDATE at term 8 for changeToCandidate
2019-09-26 14:02:36,899 INFO  impl.RoleInfo (RoleInfo.java:updateAndGet(143)) - s0: start LeaderElection
2019-09-26 14:02:36,900 INFO  impl.RaftServerImpl (RaftServerImpl.java:setRole(170)) - s0@group-1720A28C8555: changes role from CANDIDATE to FOLLOWER at term 8 for appendEntries
2019-09-26 14:02:36,901 INFO  impl.RoleInfo (RoleInfo.java:shutdownLeaderElection(134)) - s0: shutdown LeaderElection
2019-09-26 14:02:36,901 INFO  impl.RoleInfo (RoleInfo.java:updateAndGet(143)) - s0: start FollowerState
2019-09-26 14:02:36,902 INFO  impl.RaftServerImpl (ServerState.java:setLeader(254)) - s0@group-1720A28C8555: change Leader from s2 to null at term 8 for initElection
2019-09-26 14:02:36,926 INFO  impl.LeaderElection (LeaderElection.java:askForVotes(178)) - s0@group-1720A28C8555-LeaderElection11: begin an election at term 9 for 2815: [s0:0.0.0.0:36116, s1:0.0.0.0:33523, s2:0.0.0.0:40404], old=null
2019-09-26 14:02:36,928 INFO  impl.LeaderElection (LeaderElection.java:logAndReturn(56)) - s0@group-1720A28C8555-LeaderElection11: Election REJECTED; received 0 response(s) [] and 0 exception(s); s0@group-1720A28C8555:t9, leader=null, voted=s0, raftlog=s0@group-1720A28C8555-SegmentedRaftLog:OPENED:c4674,f4675,i4675, conf=2815: [s0:0.0.0.0:36116, s1:0.0.0.0:33523, s2:0.0.0.0:40404], old=null
2019-09-26 14:02:36,929 INFO  impl.RaftServerImpl (ServerState.java:setLeader(254)) - s2@group-1720A28C8555: change Leader from s2 to null at term 9 for updateCurrentTerm
2019-09-26 14:02:36,929 INFO  impl.RaftServerImpl (RaftServerImpl.java:setRole(170)) - s2@group-1720A28C8555: changes role from    LEADER to FOLLOWER at term 9 for stepDown
2019-09-26 14:02:36,929 INFO  impl.RoleInfo (RoleInfo.java:shutdownLeaderState(104)) - s2: shutdown LeaderState
2019-09-26 14:02:36,930 WARN  server.GrpcLogAppender (GrpcLogAppender.java:mayWait(143)) - s2@group-1720A28C8555->s1-GrpcLogAppender: Wait interrupted by java.lang.InterruptedException
2019-09-26 14:02:36,930 INFO  impl.PendingRequests (PendingRequests.java:sendNotLeaderResponses(202)) - s2@group-1720A28C8555-PendingRequests: sendNotLeaderResponses
2019-09-26 14:02:36,930 INFO  impl.RaftServerImpl (ServerState.java:setLeader(254)) - s1@group-1720A28C8555: change Leader from s2 to null at term 9 for updateCurrentTerm
2019-09-26 14:02:36,930 WARN  server.GrpcLogAppender (GrpcLogAppender.java:mayWait(143)) - s2@group-1720A28C8555->s0-GrpcLogAppender: Wait interrupted by java.lang.InterruptedException
2019-09-26 14:02:36,931 INFO  server.GrpcServerProtocolService (GrpcServerProtocolService.java:onCompleted(113)) - s1: Completed APPEND_ENTRIES, lastRequest: s2->s1#1888-t8, previous=(t:8, i:4677), leaderCommit=4677, initializing? false, entries: size=1, first=(t:8, i:4678), METADATAENTRY(c4677)
2019-09-26 14:02:36,931 INFO  impl.RaftServerImpl (RaftServerImpl.java:setRole(170)) - s1@group-1720A28C8555: changes role from  FOLLOWER to FOLLOWER at term 9 for recognizeCandidate:s0
2019-09-26 14:02:36,930 INFO  impl.RoleInfo (RoleInfo.java:updateAndGet(143)) - s2: start FollowerState
2019-09-26 14:02:36,931 INFO  impl.RoleInfo (RoleInfo.java:shutdownFollowerState(121)) - s1: shutdown FollowerState
2019-09-26 14:02:36,931 INFO  server.GrpcLogAppender (GrpcLogAppender.java:onCompleted(293)) - s2@group-1720A28C8555->s1-AppendLogResponseHandler: follower responses appendEntries COMPLETED
2019-09-26 14:02:36,931 INFO  server.GrpcServerProtocolService (GrpcServerProtocolService.java:onCompleted(113)) - s0: Completed APPEND_ENTRIES, lastRequest: s2->s0#1888-t8, previous=(t:8, i:4677), leaderCommit=4677, initializing? false, entries: size=1, first=(t:8, i:4678), METADATAENTRY(c4677)
2019-09-26 14:02:36,932 INFO  impl.FollowerState (FollowerState.java:run(117)) - s1@group-1720A28C8555-FollowerState was interrupted: java.lang.InterruptedException: sleep interrupted
2019-09-26 14:02:36,932 INFO  impl.RoleInfo (RoleInfo.java:updateAndGet(143)) - s1: start FollowerState
2019-09-26 14:02:36,934 INFO  impl.FollowerInfo (FollowerInfo.java:lambda$new$0(51)) - s2@group-1720A28C8555->s1: nextIndex: updateUnconditionally 4679 -> 4678
2019-09-26 14:02:36,946 INFO  impl.RaftServerImpl (RaftServerImpl.java:setRole(170)) - s2@group-1720A28C8555: changes role from  FOLLOWER to FOLLOWER at term 9 for recognizeCandidate:s0
2019-09-26 14:02:36,946 INFO  impl.RoleInfo (RoleInfo.java:shutdownFollowerState(121)) - s2: shutdown FollowerState
2019-09-26 14:02:36,946 INFO  impl.RoleInfo (RoleInfo.java:updateAndGet(143)) - s2: start FollowerState
2019-09-26 14:02:36,946 INFO  impl.FollowerState (FollowerState.java:run(117)) - s2@group-1720A28C8555-FollowerState was interrupted: java.lang.InterruptedException: sleep interrupted
2019-09-26 14:02:36,947 INFO  server.GrpcLogAppender (GrpcLogAppender.java:onCompleted(293)) - s2@group-1720A28C8555->s0-AppendLogResponseHandler: follower responses appendEntries COMPLETED
2019-09-26 14:02:36,948 INFO  client.GrpcClientProtocolService (GrpcClientProtocolService.java:lambda$processClientRequest$0(278)) - Failed RaftClientRequest:client-54A5215B9B2F->s2@group-1720A28C8555, cid=2337, seq=0, RW, Message:128f200a0a0a03666f6f...(size=4114), reply=RaftClientReply:client-54A5215B9B2F->s2@group-1720A28C8555, cid=2337, FAILED org.apache.ratis.protocol.NotLeaderException: Server s2@group-1720A28C8555 is not the leader, logIndex=0, commits[s2:c4677, s0:c4673, s1:c4675]
2019-09-26 14:02:36,949 INFO  impl.FollowerInfo (FollowerInfo.java:lambda$new$0(51)) - s2@group-1720A28C8555->s0: nextIndex: updateUnconditionally 4679 -> 4676
2019-09-26 14:02:36,955 INFO  client.GrpcClientProtocolService (GrpcClientProtocolService.java:lambda$processClientRequest$0(278)) - Failed RaftClientRequest:client-54A5215B9B2F->s0@group-1720A28C8555, cid=2337, seq=0, RW, Message:128f200a0a0a03666f6f...(size=4114), reply=RaftClientReply:client-54A5215B9B2F->s0@group-1720A28C8555, cid=2337, FAILED org.apache.ratis.protocol.NotLeaderException: Server s0@group-1720A28C8555 is not the leader, logIndex=0, commits[s0:c4674, s1:c4673, s2:c4674]
2019-09-26 14:02:36,960 INFO  client.GrpcClientProtocolService (GrpcClientProtocolService.java:lambda$processClientRequest$0(278)) - Failed RaftClientRequest:client-54A5215B9B2F->s2@group-1720A28C8555, cid=2337, seq=0, RW, Message:128f200a0a0a03666f6f...(size=4114), reply=RaftClientReply:client-54A5215B9B2F->s2@group-1720A28C8555, cid=2337, FAILED org.apache.ratis.protocol.NotLeaderException: Server s2@group-1720A28C8555 is not the leader, logIndex=0, commits[s2:c4677, s0:c4673, s1:c4675]
2019-09-26 14:02:36,963 INFO  client.GrpcClientProtocolService (GrpcClientProtocolService.java:lambda$processClientRequest$0(278)) - Failed RaftClientRequest:client-54A5215B9B2F->s1@group-1720A28C8555, cid=2337, seq=0, RW, Message:128f200a0a0a03666f6f...(size=4114), reply=RaftClientReply:client-54A5215B9B2F->s1@group-1720A28C8555, cid=2337, FAILED org.apache.ratis.protocol.NotLeaderException: Server s1@group-1720A28C8555 is not the leader, logIndex=0, commits[s1:c4677, s0:c4673, s2:c4677]
2019-09-26 14:02:36,966 INFO  client.GrpcClientProtocolService (GrpcClientProtocolService.java:lambda$processClientRequest$0(278)) - Failed RaftClientRequest:client-54A5215B9B2F->s0@group-1720A28C8555, cid=2337, seq=0, RW, Message:128f200a0a0a03666f6f...(size=4114), reply=RaftClientReply:client-54A5215B9B2F->s0@group-1720A28C8555, cid=2337, FAILED org.apache.ratis.protocol.NotLeaderException: Server s0@group-1720A28C8555 is not the leader, logIndex=0, commits[s0:c4674, s1:c4673, s2:c4674]
2019-09-26 14:02:36,969 INFO  client.GrpcClientProtocolService (GrpcClientProtocolService.java:lambda$processClientRequest$0(278)) - Failed RaftClientRequest:client-54A5215B9B2F->s1@group-1720A28C8555, cid=2337, seq=0, RW, Message:128f200a0a0a03666f6f...(size=4114), reply=RaftClientReply:client-54A5215B9B2F->s1@group-1720A28C8555, cid=2337, FAILED org.apache.ratis.protocol.NotLeaderException: Server s1@group-1720A28C8555 is not the leader, logIndex=0, commits[s1:c4677, s0:c4673, s2:c4677]
2019-09-26 14:02:36,972 INFO  client.GrpcClientProtocolService (GrpcClientProtocolService.java:lambda$processClientRequest$0(278)) - Failed RaftClientRequest:client-54A5215B9B2F->s2@group-1720A28C8555, cid=2337, seq=0, RW, Message:128f200a0a0a03666f6f...(size=4114), reply=RaftClientReply:client-54A5215B9B2F->s2@group-1720A28C8555, cid=2337, FAILED org.apache.ratis.protocol.NotLeaderException: Server s2@group-1720A28C8555 is not the leader, logIndex=0, commits[s2:c4677, s0:c4673, s1:c4675]
2019-09-26 14:02:36,975 INFO  client.GrpcClientProtocolService (GrpcClientProtocolService.java:lambda$processClientRequest$0(278)) - Failed RaftClientRequest:client-54A5215B9B2F->s1@group-1720A28C8555, cid=2337, seq=0, RW, Message:128f200a0a0a03666f6f...(size=4114), reply=RaftClientReply:client-54A5215B9B2F->s1@group-1720A28C8555, cid=2337, FAILED org.apache.ratis.protocol.NotLeaderException: Server s1@group-1720A28C8555 is not the leader, logIndex=0, commits[s1:c4677, s0:c4673, s2:c4677]
2019-09-26 14:02:36,978 INFO  client.GrpcClientProtocolService (GrpcClientProtocolService.java:lambda$processClientRequest$0(278)) - Failed RaftClientRequest:client-54A5215B9B2F->s2@group-1720A28C8555, cid=2337, seq=0, RW, Message:128f200a0a0a03666f6f...(size=4114), reply=RaftClientReply:client-54A5215B9B2F->s2@group-1720A28C8555, cid=2337, FAILED org.apache.ratis.protocol.NotLeaderException: Server s2@group-1720A28C8555 is not the leader, logIndex=0, commits[s2:c4677, s0:c4673, s1:c4675]
2019-09-26 14:02:36,981 INFO  client.GrpcClientProtocolService (GrpcClientProtocolService.java:lambda$processClientRequest$0(278)) - Failed RaftClientRequest:client-54A5215B9B2F->s0@group-1720A28C8555, cid=2337, seq=0, RW, Message:128f200a0a0a03666f6f...(size=4114), reply=RaftClientReply:client-54A5215B9B2F->s0@group-1720A28C8555, cid=2337, FAILED org.apache.ratis.protocol.NotLeaderException: Server s0@group-1720A28C8555 is not the leader, logIndex=0, commits[s0:c4674, s1:c4673, s2:c4674]
2019-09-26 14:02:36,985 INFO  client.GrpcClientProtocolService (GrpcClientProtocolService.java:lambda$processClientRequest$0(278)) - Failed RaftClientRequest:client-54A5215B9B2F->s2@group-1720A28C8555, cid=2337, seq=0, RW, Message:128f200a0a0a03666f6f...(size=4114), reply=RaftClientReply:client-54A5215B9B2F->s2@group-1720A28C8555, cid=2337, FAILED org.apache.ratis.protocol.NotLeaderException: Server s2@group-1720A28C8555 is not the leader, logIndex=0, commits[s2:c4677, s0:c4673, s1:c4675]
2019-09-26 14:02:36,988 INFO  client.GrpcClientProtocolService (GrpcClientProtocolService.java:lambda$processClientRequest$0(278)) - Failed RaftClientRequest:client-54A5215B9B2F->s0@group-1720A28C8555, cid=2337, seq=0, RW, Message:128f200a0a0a03666f6f...(size=4114), reply=RaftClientReply:client-54A5215B9B2F->s0@group-1720A28C8555, cid=2337, FAILED org.apache.ratis.protocol.NotLeaderException: Server s0@group-1720A28C8555 is not the leader, logIndex=0, commits[s0:c4674, s1:c4673, s2:c4674]
2019-09-26 14:02:36,991 INFO  client.GrpcClientProtocolService (GrpcClientProtocolService.java:lambda$processClientRequest$0(278)) - Failed RaftClientRequest:client-54A5215B9B2F->s1@group-1720A28C8555, cid=2337, seq=0, RW, Message:128f200a0a0a03666f6f...(size=4114), reply=RaftClientReply:client-54A5215B9B2F->s1@group-1720A28C8555, cid=2337, FAILED org.apache.ratis.protocol.NotLeaderException: Server s1@group-1720A28C8555 is not the leader, logIndex=0, commits[s1:c4677, s0:c4673, s2:c4677]
2019-09-26 14:02:36,994 INFO  client.GrpcClientProtocolService (GrpcClientProtocolService.java:lambda$processClientRequest$0(278)) - Failed RaftClientRequest:client-54A5215B9B2F->s0@group-1720A28C8555, cid=2337, seq=0, RW, Message:128f200a0a0a03666f6f...(size=4114), reply=RaftClientReply:client-54A5215B9B2F->s0@group-1720A28C8555, cid=2337, FAILED org.apache.ratis.protocol.NotLeaderException: Server s0@group-1720A28C8555 is not the leader, logIndex=0, commits[s0:c4674, s1:c4673, s2:c4674]
2019-09-26 14:02:36,997 INFO  client.GrpcClientProtocolService (GrpcClientProtocolService.java:lambda$processClientRequest$0(278)) - Failed RaftClientRequest:client-54A5215B9B2F->s2@group-1720A28C8555, cid=2337, seq=0, RW, Message:128f200a0a0a03666f6f...(size=4114), reply=RaftClientReply:client-54A5215B9B2F->s2@group-1720A28C8555, cid=2337, FAILED org.apache.ratis.protocol.NotLeaderException: Server s2@group-1720A28C8555 is not the leader, logIndex=0, commits[s2:c4677, s0:c4673, s1:c4675]
2019-09-26 14:02:37,003 INFO  client.GrpcClientProtocolService (GrpcClientProtocolService.java:lambda$processClientRequest$0(278)) - Failed RaftClientRequest:client-54A5215B9B2F->s1@group-1720A28C8555, cid=2337, seq=0, RW, Message:128f200a0a0a03666f6f...(size=4114), reply=RaftClientReply:client-54A5215B9B2F->s1@group-1720A28C8555, cid=2337, FAILED org.apache.ratis.protocol.NotLeaderException: Server s1@group-1720A28C8555 is not the leader, logIndex=0, commits[s1:c4677, s0:c4673, s2:c4677]
2019-09-26 14:02:37,011 INFO  client.GrpcClientProtocolService (GrpcClientProtocolService.java:lambda$processClientRequest$0(278)) - Failed RaftClientRequest:client-54A5215B9B2F->s0@group-1720A28C8555, cid=2337, seq=0, RW, Message:128f200a0a0a03666f6f...(size=4114), reply=RaftClientReply:client-54A5215B9B2F->s0@group-1720A28C8555, cid=2337, FAILED org.apache.ratis.protocol.NotLeaderException: Server s0@group-1720A28C8555 is not the leader, logIndex=0, commits[s0:c4674, s1:c4673, s2:c4674]
2019-09-26 14:02:37,014 INFO  client.GrpcClientProtocolService (GrpcClientProtocolService.java:lambda$processClientRequest$0(278)) - Failed RaftClientRequest:client-54A5215B9B2F->s2@group-1720A28C8555, cid=2337, seq=0, RW, Message:128f200a0a0a03666f6f...(size=4114), reply=RaftClientReply:client-54A5215B9B2F->s2@group-1720A28C8555, cid=2337, FAILED org.apache.ratis.protocol.NotLeaderException: Server s2@group-1720A28C8555 is not the leader, logIndex=0, commits[s2:c4677, s0:c4673, s1:c4675]
2019-09-26 14:02:37,017 INFO  client.GrpcClientProtocolService (GrpcClientProtocolService.java:lambda$processClientRequest$0(278)) - Failed RaftClientRequest:client-54A5215B9B2F->s0@group-1720A28C8555, cid=2337, seq=0, RW, Message:128f200a0a0a03666f6f...(size=4114), reply=RaftClientReply:client-54A5215B9B2F->s0@group-1720A28C8555, cid=2337, FAILED org.apache.ratis.protocol.NotLeaderException: Server s0@group-1720A28C8555 is not the leader, logIndex=0, commits[s0:c4674, s1:c4673, s2:c4674]
2019-09-26 14:02:37,021 INFO  client.GrpcClientProtocolService (GrpcClientProtocolService.java:lambda$processClientRequest$0(278)) - Failed RaftClientRequest:client-54A5215B9B2F->s1@group-1720A28C8555, cid=2337, seq=0, RW, Message:128f200a0a0a03666f6f...(size=4114), reply=RaftClientReply:client-54A5215B9B2F->s1@group-1720A28C8555, cid=2337, FAILED org.apache.ratis.protocol.NotLeaderException: Server s1@group-1720A28C8555 is not the leader, logIndex=0, commits[s1:c4677, s0:c4673, s2:c4677]
2019-09-26 14:02:37,024 INFO  client.GrpcClientProtocolService (GrpcClientProtocolService.java:lambda$processClientRequest$0(278)) - Failed RaftClientRequest:client-54A5215B9B2F->s0@group-1720A28C8555, cid=2337, seq=0, RW, Message:128f200a0a0a03666f6f...(size=4114), reply=RaftClientReply:client-54A5215B9B2F->s0@group-1720A28C8555, cid=2337, FAILED org.apache.ratis.protocol.NotLeaderException: Server s0@group-1720A28C8555 is not the leader, logIndex=0, commits[s0:c4674, s1:c4673, s2:c4674]
2019-09-26 14:02:37,027 INFO  client.GrpcClientProtocolService (GrpcClientProtocolService.java:lambda$processClientRequest$0(278)) - Failed RaftClientRequest:client-54A5215B9B2F->s1@group-1720A28C8555, cid=2337, seq=0, RW, Message:128f200a0a0a03666f6f...(size=4114), reply=RaftClientReply:client-54A5215B9B2F->s1@group-1720A28C8555, cid=2337, FAILED org.apache.ratis.protocol.NotLeaderException: Server s1@group-1720A28C8555 is not the leader, logIndex=0, commits[s1:c4677, s0:c4673, s2:c4677]
2019-09-26 14:02:37,030 INFO  client.GrpcClientProtocolService (GrpcClientProtocolService.java:lambda$processClientRequest$0(278)) - Failed RaftClientRequest:client-54A5215B9B2F->s2@group-1720A28C8555, cid=2337, seq=0, RW, Message:128f200a0a0a03666f6f...(size=4114), reply=RaftClientReply:client-54A5215B9B2F->s2@group-1720A28C8555, cid=2337, FAILED org.apache.ratis.protocol.NotLeaderException: Server s2@group-1720A28C8555 is not the leader, logIndex=0, commits[s2:c4677, s0:c4673, s1:c4675]
2019-09-26 14:02:37,033 INFO  client.GrpcClientProtocolService (GrpcClientProtocolService.java:lambda$processClientRequest$0(278)) - Failed RaftClientRequest:client-54A5215B9B2F->s1@group-1720A28C8555, cid=2337, seq=0, RW, Message:128f200a0a0a03666f6f...(size=4114), reply=RaftClientReply:client-54A5215B9B2F->s1@group-1720A28C8555, cid=2337, FAILED org.apache.ratis.protocol.NotLeaderException: Server s1@group-1720A28C8555 is not the leader, logIndex=0, commits[s1:c4677, s0:c4673, s2:c4677]
2019-09-26 14:02:37,036 INFO  client.GrpcClientProtocolService (GrpcClientProtocolService.java:lambda$processClientRequest$0(278)) - Failed RaftClientRequest:client-54A5215B9B2F->s2@group-1720A28C8555, cid=2337, seq=0, RW, Message:128f200a0a0a03666f6f...(size=4114), reply=RaftClientReply:client-54A5215B9B2F->s2@group-1720A28C8555, cid=2337, FAILED org.apache.ratis.protocol.NotLeaderException: Server s2@group-1720A28C8555 is not the leader, logIndex=0, commits[s2:c4677, s0:c4673, s1:c4675]
2019-09-26 14:02:37,039 INFO  client.GrpcClientProtocolService (GrpcClientProtocolService.java:lambda$processClientRequest$0(278)) - Failed RaftClientRequest:client-54A5215B9B2F->s1@group-1720A28C8555, cid=2337, seq=0, RW, Message:128f200a0a0a03666f6f...(size=4114), reply=RaftClientReply:client-54A5215B9B2F->s1@group-1720A28C8555, cid=2337, FAILED org.apache.ratis.protocol.NotLeaderException: Server s1@group-1720A28C8555 is not the leader, logIndex=0, commits[s1:c4677, s0:c4673, s2:c4677]
2019-09-26 14:02:37,042 INFO  client.GrpcClientProtocolService (GrpcClientProtocolService.java:lambda$processClientRequest$0(278)) - Failed RaftClientRequest:client-54A5215B9B2F->s0@group-1720A28C8555, cid=2337, seq=0, RW, Message:128f200a0a0a03666f6f...(size=4114), reply=RaftClientReply:client-54A5215B9B2F->s0@group-1720A28C8555, cid=2337, FAILED org.apache.ratis.protocol.NotLeaderException: Server s0@group-1720A28C8555 is not the leader, logIndex=0, commits[s0:c4674, s1:c4673, s2:c4674]
2019-09-26 14:02:37,045 INFO  client.GrpcClientProtocolService (GrpcClientProtocolService.java:lambda$processClientRequest$0(278)) - Failed RaftClientRequest:client-54A5215B9B2F->s1@group-1720A28C8555, cid=2337, seq=0, RW, Message:128f200a0a0a03666f6f...(size=4114), reply=RaftClientReply:client-54A5215B9B2F->s1@group-1720A28C8555, cid=2337, FAILED org.apache.ratis.protocol.NotLeaderException: Server s1@group-1720A28C8555 is not the leader, logIndex=0, commits[s1:c4677, s0:c4673, s2:c4677]
2019-09-26 14:02:37,048 INFO  client.GrpcClientProtocolService (GrpcClientProtocolService.java:lambda$processClientRequest$0(278)) - Failed RaftClientRequest:client-54A5215B9B2F->s0@group-1720A28C8555, cid=2337, seq=0, RW, Message:128f200a0a0a03666f6f...(size=4114), reply=RaftClientReply:client-54A5215B9B2F->s0@group-1720A28C8555, cid=2337, FAILED org.apache.ratis.protocol.NotLeaderException: Server s0@group-1720A28C8555 is not the leader, logIndex=0, commits[s0:c4674, s1:c4673, s2:c4674]
2019-09-26 14:02:37,051 INFO  client.GrpcClientProtocolService (GrpcClientProtocolService.java:lambda$processClientRequest$0(278)) - Failed RaftClientRequest:client-54A5215B9B2F->s2@group-1720A28C8555, cid=2337, seq=0, RW, Message:128f200a0a0a03666f6f...(size=4114), reply=RaftClientReply:client-54A5215B9B2F->s2@group-1720A28C8555, cid=2337, FAILED org.apache.ratis.protocol.NotLeaderException: Server s2@group-1720A28C8555 is not the leader, logIndex=0, commits[s2:c4677, s0:c4673, s1:c4675]
2019-09-26 14:02:37,054 INFO  client.GrpcClientProtocolService (GrpcClientProtocolService.java:lambda$processClientRequest$0(278)) - Failed RaftClientRequest:client-54A5215B9B2F->s1@group-1720A28C8555, cid=2337, seq=0, RW, Message:128f200a0a0a03666f6f...(size=4114), reply=RaftClientReply:client-54A5215B9B2F->s1@group-1720A28C8555, cid=2337, FAILED org.apache.ratis.protocol.NotLeaderException: Server s1@group-1720A28C8555 is not the leader, logIndex=0, commits[s1:c4677, s0:c4673, s2:c4677]
2019-09-26 14:02:37,058 INFO  client.GrpcClientProtocolService (GrpcClientProtocolService.java:lambda$processClientRequest$0(278)) - Failed RaftClientRequest:client-54A5215B9B2F->s0@group-1720A28C8555, cid=2337, seq=0, RW, Message:128f200a0a0a03666f6f...(size=4114), reply=RaftClientReply:client-54A5215B9B2F->s0@group-1720A28C8555, cid=2337, FAILED org.apache.ratis.protocol.NotLeaderException: Server s0@group-1720A28C8555 is not the leader, logIndex=0, commits[s0:c4674, s1:c4673, s2:c4674]
2019-09-26 14:02:37,061 INFO  client.GrpcClientProtocolService (GrpcClientProtocolService.java:lambda$processClientRequest$0(278)) - Failed RaftClientRequest:client-54A5215B9B2F->s1@group-1720A28C8555, cid=2337, seq=0, RW, Message:128f200a0a0a03666f6f...(size=4114), reply=RaftClientReply:client-54A5215B9B2F->s1@group-1720A28C8555, cid=2337, FAILED org.apache.ratis.protocol.NotLeaderException: Server s1@group-1720A28C8555 is not the leader, logIndex=0, commits[s1:c4677, s0:c4673, s2:c4677]
2019-09-26 14:02:37,064 INFO  client.GrpcClientProtocolService (GrpcClientProtocolService.java:lambda$processClientRequest$0(278)) - Failed RaftClientRequest:client-54A5215B9B2F->s0@group-1720A28C8555, cid=2337, seq=0, RW, Message:128f200a0a0a03666f6f...(size=4114), reply=RaftClientReply:client-54A5215B9B2F->s0@group-1720A28C8555, cid=2337, FAILED org.apache.ratis.protocol.NotLeaderException: Server s0@group-1720A28C8555 is not the leader, logIndex=0, commits[s0:c4674, s1:c4673, s2:c4674]
2019-09-26 14:02:37,067 INFO  client.GrpcClientProtocolService (GrpcClientProtocolService.java:lambda$processClientRequest$0(278)) - Failed RaftClientRequest:client-54A5215B9B2F->s1@group-1720A28C8555, cid=2337, seq=0, RW, Message:128f200a0a0a03666f6f...(size=4114), reply=RaftClientReply:client-54A5215B9B2F->s1@group-1720A28C8555, cid=2337, FAILED org.apache.ratis.protocol.NotLeaderException: Server s1@group-1720A28C8555 is not the leader, logIndex=0, commits[s1:c4677, s0:c4673, s2:c4677]
2019-09-26 14:02:37,071 INFO  client.GrpcClientProtocolService (GrpcClientProtocolService.java:lambda$processClientRequest$0(278)) - Failed RaftClientRequest:client-54A5215B9B2F->s0@group-1720A28C8555, cid=2337, seq=0, RW, Message:128f200a0a0a03666f6f...(size=4114), reply=RaftClientReply:client-54A5215B9B2F->s0@group-1720A28C8555, cid=2337, FAILED org.apache.ratis.protocol.NotLeaderException: Server s0@group-1720A28C8555 is not the leader, logIndex=0, commits[s0:c4674, s1:c4673, s2:c4674]
2019-09-26 14:02:37,074 INFO  client.GrpcClientProtocolService (GrpcClientProtocolService.java:lambda$processClientRequest$0(278)) - Failed RaftClientRequest:client-54A5215B9B2F->s2@group-1720A28C8555, cid=2337, seq=0, RW, Message:128f200a0a0a03666f6f...(size=4114), reply=RaftClientReply:client-54A5215B9B2F->s2@group-1720A28C8555, cid=2337, FAILED org.apache.ratis.protocol.NotLeaderException: Server s2@group-1720A28C8555 is not the leader, logIndex=0, commits[s2:c4677, s0:c4673, s1:c4675]
2019-09-26 14:02:37,078 INFO  client.GrpcClientProtocolService (GrpcClientProtocolService.java:lambda$processClientRequest$0(278)) - Failed RaftClientRequest:client-54A5215B9B2F->s1@group-1720A28C8555, cid=2337, seq=0, RW, Message:128f200a0a0a03666f6f...(size=4114), reply=RaftClientReply:client-54A5215B9B2F->s1@group-1720A28C8555, cid=2337, FAILED org.apache.ratis.protocol.NotLeaderException: Server s1@group-1720A28C8555 is not the leader, logIndex=0, commits[s1:c4677, s0:c4673, s2:c4677]
2019-09-26 14:02:37,082 INFO  client.GrpcClientProtocolService (GrpcClientProtocolService.java:lambda$processClientRequest$0(278)) - Failed RaftClientRequest:client-54A5215B9B2F->s0@group-1720A28C8555, cid=2337, seq=0, RW, Message:128f200a0a0a03666f6f...(size=4114), reply=RaftClientReply:client-54A5215B9B2F->s0@group-1720A28C8555, cid=2337, FAILED org.apache.ratis.protocol.NotLeaderException: Server s0@group-1720A28C8555 is not the leader, logIndex=0, commits[s0:c4674, s1:c4673, s2:c4674]
2019-09-26 14:02:37,085 INFO  client.GrpcClientProtocolService (GrpcClientProtocolService.java:lambda$processClientRequest$0(278)) - Failed RaftClientRequest:client-54A5215B9B2F->s1@group-1720A28C8555, cid=2337, seq=0, RW, Message:128f200a0a0a03666f6f...(size=4114), reply=RaftClientReply:client-54A5215B9B2F->s1@group-1720A28C8555, cid=2337, FAILED org.apache.ratis.protocol.NotLeaderException: Server s1@group-1720A28C8555 is not the leader, logIndex=0, commits[s1:c4677, s0:c4673, s2:c4677]
2019-09-26 14:02:37,089 INFO  client.GrpcClientProtocolService (GrpcClientProtocolService.java:lambda$processClientRequest$0(278)) - Failed RaftClientRequest:client-54A5215B9B2F->s0@group-1720A28C8555, cid=2337, seq=0, RW, Message:128f200a0a0a03666f6f...(size=4114), reply=RaftClientReply:client-54A5215B9B2F->s0@group-1720A28C8555, cid=2337, FAILED org.apache.ratis.protocol.NotLeaderException: Server s0@group-1720A28C8555 is not the leader, logIndex=0, commits[s0:c4674, s1:c4673, s2:c4674]
2019-09-26 14:02:37,092 INFO  client.GrpcClientProtocolService (GrpcClientProtocolService.java:lambda$processClientRequest$0(278)) - Failed RaftClientRequest:client-54A5215B9B2F->s2@group-1720A28C8555, cid=2337, seq=0, RW, Message:128f200a0a0a03666f6f...(size=4114), reply=RaftClientReply:client-54A5215B9B2F->s2@group-1720A28C8555, cid=2337, FAILED org.apache.ratis.protocol.NotLeaderException: Server s2@group-1720A28C8555 is not the leader, logIndex=0, commits[s2:c4677, s0:c4673, s1:c4675]
2019-09-26 14:02:37,096 INFO  client.GrpcClientProtocolService (GrpcClientProtocolService.java:lambda$processClientRequest$0(278)) - Failed RaftClientRequest:client-54A5215B9B2F->s1@group-1720A28C8555, cid=2337, seq=0, RW, Message:128f200a0a0a03666f6f...(size=4114), reply=RaftClientReply:client-54A5215B9B2F->s1@group-1720A28C8555, cid=2337, FAILED org.apache.ratis.protocol.NotLeaderException: Server s1@group-1720A28C8555 is not the leader, logIndex=0, commits[s1:c4677, s0:c4673, s2:c4677]
2019-09-26 14:02:37,099 INFO  client.GrpcClientProtocolService (GrpcClientProtocolService.java:lambda$processClientRequest$0(278)) - Failed RaftClientRequest:client-54A5215B9B2F->s2@group-1720A28C8555, cid=2337, seq=0, RW, Message:128f200a0a0a03666f6f...(size=4114), reply=RaftClientReply:client-54A5215B9B2F->s2@group-1720A28C8555, cid=2337, FAILED org.apache.ratis.protocol.NotLeaderException: Server s2@group-1720A28C8555 is not the leader, logIndex=0, commits[s2:c4677, s0:c4673, s1:c4675]
2019-09-26 14:02:37,103 INFO  client.GrpcClientProtocolService (GrpcClientProtocolService.java:lambda$processClientRequest$0(278)) - Failed RaftClientRequest:client-54A5215B9B2F->s1@group-1720A28C8555, cid=2337, seq=0, RW, Message:128f200a0a0a03666f6f...(size=4114), reply=RaftClientReply:client-54A5215B9B2F->s1@group-1720A28C8555, cid=2337, FAILED org.apache.ratis.protocol.NotLeaderException: Server s1@group-1720A28C8555 is not the leader, logIndex=0, commits[s1:c4677, s0:c4673, s2:c4677]
2019-09-26 14:02:37,106 INFO  client.GrpcClientProtocolService (GrpcClientProtocolService.java:lambda$processClientRequest$0(278)) - Failed RaftClientRequest:client-54A5215B9B2F->s2@group-1720A28C8555, cid=2337, seq=0, RW, Message:128f200a0a0a03666f6f...(size=4114), reply=RaftClientReply:client-54A5215B9B2F->s2@group-1720A28C8555, cid=2337, FAILED org.apache.ratis.protocol.NotLeaderException: Server s2@group-1720A28C8555 is not the leader, logIndex=0, commits[s2:c4677, s0:c4673, s1:c4675]
2019-09-26 14:02:37,110 INFO  impl.FollowerState (FollowerState.java:run(108)) - s1@group-1720A28C8555-FollowerState: change to CANDIDATE, lastRpcTime:177ms, electionTimeout:176ms
2019-09-26 14:02:37,110 INFO  client.GrpcClientProtocolService (GrpcClientProtocolService.java:lambda$processClientRequest$0(278)) - Failed RaftClientRequest:client-54A5215B9B2F->s0@group-1720A28C8555, cid=2337, seq=0, RW, Message:128f200a0a0a03666f6f...(size=4114), reply=RaftClientReply:client-54A5215B9B2F->s0@group-1720A28C8555, cid=2337, FAILED org.apache.ratis.protocol.NotLeaderException: Server s0@group-1720A28C8555 is not the leader, logIndex=0, commits[s0:c4674, s1:c4673, s2:c4674]
2019-09-26 14:02:37,110 INFO  impl.RoleInfo (RoleInfo.java:shutdownFollowerState(121)) - s1: shutdown FollowerState
2019-09-26 14:02:37,110 INFO  impl.RaftServerImpl (RaftServerImpl.java:setRole(170)) - s1@group-1720A28C8555: changes role from  FOLLOWER to CANDIDATE at term 9 for changeToCandidate
2019-09-26 14:02:37,111 INFO  impl.RoleInfo (RoleInfo.java:updateAndGet(143)) - s1: start LeaderElection
2019-09-26 14:02:37,115 INFO  client.GrpcClientProtocolService (GrpcClientProtocolService.java:lambda$processClientRequest$0(278)) - Failed RaftClientRequest:client-54A5215B9B2F->s1@group-1720A28C8555, cid=2337, seq=0, RW, Message:128f200a0a0a03666f6f...(size=4114), reply=RaftClientReply:client-54A5215B9B2F->s1@group-1720A28C8555, cid=2337, FAILED org.apache.ratis.protocol.NotLeaderException: Server s1@group-1720A28C8555 is not the leader, logIndex=0, commits[s1:c4677, s0:c4673, s2:c4677]
2019-09-26 14:02:37,118 INFO  impl.FollowerState (FollowerState.java:run(108)) - s0@group-1720A28C8555-FollowerState: change to CANDIDATE, lastRpcTime:216ms, electionTimeout:216ms
2019-09-26 14:02:37,118 INFO  impl.RoleInfo (RoleInfo.java:shutdownFollowerState(121)) - s0: shutdown FollowerState
2019-09-26 14:02:37,118 INFO  impl.RaftServerImpl (RaftServerImpl.java:setRole(170)) - s0@group-1720A28C8555: changes role from  FOLLOWER to CANDIDATE at term 9 for changeToCandidate
2019-09-26 14:02:37,119 INFO  impl.RoleInfo (RoleInfo.java:updateAndGet(143)) - s0: start LeaderElection
2019-09-26 14:02:37,120 INFO  client.GrpcClientProtocolService (GrpcClientProtocolService.java:lambda$processClientRequest$0(278)) - Failed RaftClientRequest:client-54A5215B9B2F->s2@group-1720A28C8555, cid=2337, seq=0, RW, Message:128f200a0a0a03666f6f...(size=4114), reply=RaftClientReply:client-54A5215B9B2F->s2@group-1720A28C8555, cid=2337, FAILED org.apache.ratis.protocol.NotLeaderException: Server s2@group-1720A28C8555 is not the leader, logIndex=0, commits[s2:c4677, s0:c4673, s1:c4675]
2019-09-26 14:02:37,123 INFO  client.GrpcClientProtocolService (GrpcClientProtocolService.java:lambda$processClientRequest$0(278)) - Failed RaftClientRequest:client-54A5215B9B2F->s1@group-1720A28C8555, cid=2337, seq=0, RW, Message:128f200a0a0a03666f6f...(size=4114), reply=RaftClientReply:client-54A5215B9B2F->s1@group-1720A28C8555, cid=2337, FAILED org.apache.ratis.protocol.NotLeaderException: Server s1@group-1720A28C8555 is not the leader, logIndex=0, commits[s1:c4677, s0:c4673, s2:c4677]
2019-09-26 14:02:37,126 INFO  client.GrpcClientProtocolService (GrpcClientProtocolService.java:lambda$processClientRequest$0(278)) - Failed RaftClientRequest:client-54A5215B9B2F->s2@group-1720A28C8555, cid=2337, seq=0, RW, Message:128f200a0a0a03666f6f...(size=4114), reply=RaftClientReply:client-54A5215B9B2F->s2@group-1720A28C8555, cid=2337, FAILED org.apache.ratis.protocol.NotLeaderException: Server s2@group-1720A28C8555 is not the leader, logIndex=0, commits[s2:c4677, s0:c4673, s1:c4675]
2019-09-26 14:02:37,127 INFO  impl.LeaderElection (LeaderElection.java:askForVotes(178)) - s1@group-1720A28C8555-LeaderElection12: begin an election at term 10 for 2815: [s0:0.0.0.0:36116, s1:0.0.0.0:33523, s2:0.0.0.0:40404], old=null
2019-09-26 14:02:37,127 INFO  impl.LeaderElection (LeaderElection.java:askForVotes(178)) - s0@group-1720A28C8555-LeaderElection13: begin an election at term 10 for 2815: [s0:0.0.0.0:36116, s1:0.0.0.0:33523, s2:0.0.0.0:40404], old=null
2019-09-26 14:02:37,130 INFO  impl.RaftServerImpl (RaftServerImpl.java:setRole(170)) - s2@group-1720A28C8555: changes role from  FOLLOWER to FOLLOWER at term 10 for recognizeCandidate:s0
2019-09-26 14:02:37,130 INFO  impl.RoleInfo (RoleInfo.java:shutdownFollowerState(121)) - s2: shutdown FollowerState
2019-09-26 14:02:37,130 INFO  client.GrpcClientProtocolService (GrpcClientProtocolService.java:lambda$processClientRequest$0(278)) - Failed RaftClientRequest:client-54A5215B9B2F->s0@group-1720A28C8555, cid=2337, seq=0, RW, Message:128f200a0a0a03666f6f...(size=4114), reply=RaftClientReply:client-54A5215B9B2F->s0@group-1720A28C8555, cid=2337, FAILED org.apache.ratis.protocol.NotLeaderException: Server s0@group-1720A28C8555 is not the leader, logIndex=0, commits[s0:c4674, s1:c4673, s2:c4674]
2019-09-26 14:02:37,130 INFO  impl.FollowerState (FollowerState.java:run(117)) - s2@group-1720A28C8555-FollowerState was interrupted: java.lang.InterruptedException: sleep interrupted
2019-09-26 14:02:37,130 INFO  impl.RoleInfo (RoleInfo.java:updateAndGet(143)) - s2: start FollowerState
2019-09-26 14:02:37,135 INFO  client.GrpcClientProtocolService (GrpcClientProtocolService.java:lambda$processClientRequest$0(278)) - Failed RaftClientRequest:client-54A5215B9B2F->s1@group-1720A28C8555, cid=2337, seq=0, RW, Message:128f200a0a0a03666f6f...(size=4114), reply=RaftClientReply:client-54A5215B9B2F->s1@group-1720A28C8555, cid=2337, FAILED org.apache.ratis.protocol.NotLeaderException: Server s1@group-1720A28C8555 is not the leader, logIndex=0, commits[s1:c4677, s0:c4673, s2:c4677]
2019-09-26 14:02:37,138 INFO  client.GrpcClientProtocolService (GrpcClientProtocolService.java:lambda$processClientRequest$0(278)) - Failed RaftClientRequest:client-54A5215B9B2F->s2@group-1720A28C8555, cid=2337, seq=0, RW, Message:128f200a0a0a03666f6f...(size=4114), reply=RaftClientReply:client-54A5215B9B2F->s2@group-1720A28C8555, cid=2337, FAILED org.apache.ratis.protocol.NotLeaderException: Server s2@group-1720A28C8555 is not the leader, logIndex=0, commits[s2:c4677, s0:c4673, s1:c4675]
2019-09-26 14:02:37,142 INFO  client.GrpcClientProtocolService (GrpcClientProtocolService.java:lambda$processClientRequest$0(278)) - Failed RaftClientRequest:client-54A5215B9B2F->s1@group-1720A28C8555, cid=2337, seq=0, RW, Message:128f200a0a0a03666f6f...(size=4114), reply=RaftClientReply:client-54A5215B9B2F->s1@group-1720A28C8555, cid=2337, FAILED org.apache.ratis.protocol.NotLeaderException: Server s1@group-1720A28C8555 is not the leader, logIndex=0, commits[s1:c4677, s0:c4673, s2:c4677]
2019-09-26 14:02:37,145 INFO  impl.RaftServerImpl (RaftServerImpl.java:setRole(170)) - s2@group-1720A28C8555: changes role from  FOLLOWER to FOLLOWER at term 10 for recognizeCandidate:s1
2019-09-26 14:02:37,145 INFO  impl.RoleInfo (RoleInfo.java:shutdownFollowerState(121)) - s2: shutdown FollowerState
2019-09-26 14:02:37,145 INFO  client.GrpcClientProtocolService (GrpcClientProtocolService.java:lambda$processClientRequest$0(278)) - Failed RaftClientRequest:client-54A5215B9B2F->s2@group-1720A28C8555, cid=2337, seq=0, RW, Message:128f200a0a0a03666f6f...(size=4114), reply=RaftClientReply:client-54A5215B9B2F->s2@group-1720A28C8555, cid=2337, FAILED org.apache.ratis.protocol.NotLeaderException: Server s2@group-1720A28C8555 is not the leader, logIndex=0, commits[s2:c4677, s0:c4673, s1:c4675]
2019-09-26 14:02:37,146 INFO  impl.FollowerState (FollowerState.java:run(117)) - s2@group-1720A28C8555-FollowerState was interrupted: java.lang.InterruptedException: sleep interrupted
2019-09-26 14:02:37,146 INFO  impl.RoleInfo (RoleInfo.java:updateAndGet(143)) - s2: start FollowerState
2019-09-26 14:02:37,146 INFO  impl.LeaderElection (LeaderElection.java:logAndReturn(56)) - s0@group-1720A28C8555-LeaderElection13: Election REJECTED; received 2 response(s) [s0<-s1#0:FAIL-t10, s0<-s2#0:FAIL-t10] and 0 exception(s); s0@group-1720A28C8555:t10, leader=null, voted=s0, raftlog=s0@group-1720A28C8555-SegmentedRaftLog:OPENED:c4674,f4675,i4675, conf=2815: [s0:0.0.0.0:36116, s1:0.0.0.0:33523, s2:0.0.0.0:40404], old=null
2019-09-26 14:02:37,147 INFO  impl.RaftServerImpl (RaftServerImpl.java:setRole(170)) - s0@group-1720A28C8555: changes role from CANDIDATE to FOLLOWER at term 10 for DISCOVERED_A_NEW_TERM
2019-09-26 14:02:37,148 INFO  impl.RoleInfo (RoleInfo.java:shutdownLeaderElection(134)) - s0: shutdown LeaderElection
2019-09-26 14:02:37,148 INFO  impl.RoleInfo (RoleInfo.java:updateAndGet(143)) - s0: start FollowerState
2019-09-26 14:02:37,151 INFO  client.GrpcClientProtocolService (GrpcClientProtocolService.java:lambda$processClientRequest$0(278)) - Failed RaftClientRequest:client-54A5215B9B2F->s0@group-1720A28C8555, cid=2337, seq=0, RW, Message:128f200a0a0a03666f6f...(size=4114), reply=RaftClientReply:client-54A5215B9B2F->s0@group-1720A28C8555, cid=2337, FAILED org.apache.ratis.protocol.NotLeaderException: Server s0@group-1720A28C8555 is not the leader, logIndex=0, commits[s0:c4674, s1:c4673, s2:c4674]
2019-09-26 14:02:37,155 INFO  client.GrpcClientProtocolService (GrpcClientProtocolService.java:lambda$processClientRequest$0(278)) - Failed RaftClientRequest:client-54A5215B9B2F->s2@group-1720A28C8555, cid=2337, seq=0, RW, Message:128f200a0a0a03666f6f...(size=4114), reply=RaftClientReply:client-54A5215B9B2F->s2@group-1720A28C8555, cid=2337, FAILED org.apache.ratis.protocol.NotLeaderException: Server s2@group-1720A28C8555 is not the leader, logIndex=0, commits[s2:c4677, s0:c4673, s1:c4675]
2019-09-26 14:02:37,158 INFO  client.GrpcClientProtocolService (GrpcClientProtocolService.java:lambda$processClientRequest$0(278)) - Failed RaftClientRequest:client-54A5215B9B2F->s0@group-1720A28C8555, cid=2337, seq=0, RW, Message:128f200a0a0a03666f6f...(size=4114), reply=RaftClientReply:client-54A5215B9B2F->s0@group-1720A28C8555, cid=2337, FAILED org.apache.ratis.protocol.NotLeaderException: Server s0@group-1720A28C8555 is not the leader, logIndex=0, commits[s0:c4674, s1:c4673, s2:c4674]
2019-09-26 14:02:37,160 INFO  impl.LeaderElection (LeaderElection.java:logAndReturn(56)) - s1@group-1720A28C8555-LeaderElection12: Election PASSED; received 2 response(s) [s1<-s0#0:FAIL-t10, s1<-s2#0:OK-t10] and 0 exception(s); s1@group-1720A28C8555:t10, leader=null, voted=s1, raftlog=s1@group-1720A28C8555-SegmentedRaftLog:OPENED:c4677,f4678,i4678, conf=2815: [s0:0.0.0.0:36116, s1:0.0.0.0:33523, s2:0.0.0.0:40404], old=null
2019-09-26 14:02:37,160 INFO  impl.RoleInfo (RoleInfo.java:shutdownLeaderElection(134)) - s1: shutdown LeaderElection
2019-09-26 14:02:37,160 INFO  impl.RaftServerImpl (RaftServerImpl.java:setRole(170)) - s1@group-1720A28C8555: changes role from CANDIDATE to LEADER at term 10 for changeToLeader
2019-09-26 14:02:37,161 INFO  impl.RaftServerImpl (ServerState.java:setLeader(254)) - s1@group-1720A28C8555: change Leader from null to s1 at term 10 for becomeLeader, leader elected after 230ms
2019-09-26 14:02:37,161 INFO  server.RaftServerConfigKeys (ConfUtils.java:logGet(43)) - raft.server.staging.catchup.gap = 1000 (default)
2019-09-26 14:02:37,161 INFO  server.RaftServerConfigKeys (ConfUtils.java:logGet(43)) - raft.server.rpc.sleep.time = 25ms (default)
2019-09-26 14:02:37,161 INFO  server.RaftServerConfigKeys (ConfUtils.java:logGet(43)) - raft.server.write.element-limit = 4096 (default)
2019-09-26 14:02:37,162 INFO  server.RaftServerConfigKeys (ConfUtils.java:logGet(43)) - raft.server.watch.timeout = 10s (default)
2019-09-26 14:02:37,162 INFO  server.RaftServerConfigKeys (ConfUtils.java:logGet(43)) - raft.server.watch.timeout.denomination = 1s (default)
2019-09-26 14:02:37,162 INFO  server.RaftServerConfigKeys (ConfUtils.java:logGet(43)) - raft.server.watch.element-limit = 65536 (default)
2019-09-26 14:02:37,162 INFO  client.GrpcClientProtocolService (GrpcClientProtocolService.java:lambda$processClientRequest$0(278)) - Failed RaftClientRequest:client-54A5215B9B2F->s1@group-1720A28C8555, cid=2337, seq=0, RW, Message:128f200a0a0a03666f6f...(size=4114), reply=RaftClientReply:client-54A5215B9B2F->s1@group-1720A28C8555, cid=2337, FAILED org.apache.ratis.protocol.LeaderNotReadyException: s1@group-1720A28C8555 is in LEADER state but not ready yet., logIndex=0, commits[s1:c4677]
2019-09-26 14:02:37,162 INFO  server.RaftServerConfigKeys (ConfUtils.java:logGet(43)) - raft.server.log.appender.snapshot.chunk.size.max = 16MB (=16777216) (default)
2019-09-26 14:02:37,163 INFO  server.RaftServerConfigKeys (ConfUtils.java:logGet(43)) - raft.server.log.appender.buffer.byte-limit = 4MB (=4194304) (default)
2019-09-26 14:02:37,163 INFO  server.RaftServerConfigKeys (ConfUtils.java:logGet(43)) - raft.server.log.appender.buffer.element-limit = 0 (default)
2019-09-26 14:02:37,163 INFO  grpc.GrpcConfigKeys$Server (ConfUtils.java:logGet(43)) - raft.grpc.server.leader.outstanding.appends.max = 128 (default)
2019-09-26 14:02:37,163 INFO  server.RaftServerConfigKeys (ConfUtils.java:logGet(43)) - raft.server.rpc.request.timeout = 3000ms (default)
2019-09-26 14:02:37,163 INFO  server.RaftServerConfigKeys (ConfUtils.java:logGet(43)) - raft.server.log.appender.install.snapshot.enabled = true (default)
2019-09-26 14:02:37,164 INFO  server.RaftServerConfigKeys (ConfUtils.java:logGet(43)) - raft.server.log.appender.snapshot.chunk.size.max = 16MB (=16777216) (default)
2019-09-26 14:02:37,164 INFO  server.RaftServerConfigKeys (ConfUtils.java:logGet(43)) - raft.server.log.appender.buffer.byte-limit = 4MB (=4194304) (default)
2019-09-26 14:02:37,164 INFO  client.GrpcClientProtocolService (GrpcClientProtocolService.java:lambda$processClientRequest$0(278)) - Failed RaftClientRequest:client-54A5215B9B2F->s1@group-1720A28C8555, cid=2337, seq=0, RW, Message:128f200a0a0a03666f6f...(size=4114), reply=RaftClientReply:client-54A5215B9B2F->s1@group-1720A28C8555, cid=2337, FAILED org.apache.ratis.protocol.LeaderNotReadyException: s1@group-1720A28C8555 is in LEADER state but not ready yet., logIndex=0, commits[s1:c4677]
2019-09-26 14:02:37,164 INFO  server.RaftServerConfigKeys (ConfUtils.java:logGet(43)) - raft.server.log.appender.buffer.element-limit = 0 (default)
2019-09-26 14:02:37,164 INFO  grpc.GrpcConfigKeys$Server (ConfUtils.java:logGet(43)) - raft.grpc.server.leader.outstanding.appends.max = 128 (default)
2019-09-26 14:02:37,164 INFO  server.RaftServerConfigKeys (ConfUtils.java:logGet(43)) - raft.server.rpc.request.timeout = 3000ms (default)
2019-09-26 14:02:37,165 INFO  server.RaftServerConfigKeys (ConfUtils.java:logGet(43)) - raft.server.log.appender.install.snapshot.enabled = true (default)
2019-09-26 14:02:37,165 INFO  impl.RoleInfo (RoleInfo.java:updateAndGet(143)) - s1: start LeaderState
2019-09-26 14:02:37,165 INFO  segmented.SegmentedRaftLogWorker (SegmentedRaftLogWorker.java:rollLogSegment(385)) - s1@group-1720A28C8555-SegmentedRaftLogWorker: Rolling segment log-2815_4678 to index:4678
2019-09-26 14:02:37,166 INFO  client.GrpcClientProtocolService (GrpcClientProtocolService.java:lambda$processClientRequest$0(278)) - Failed RaftClientRequest:client-54A5215B9B2F->s1@group-1720A28C8555, cid=2337, seq=0, RW, Message:128f200a0a0a03666f6f...(size=4114), reply=RaftClientReply:client-54A5215B9B2F->s1@group-1720A28C8555, cid=2337, FAILED org.apache.ratis.protocol.LeaderNotReadyException: s1@group-1720A28C8555 is in LEADER state but not ready yet., logIndex=0, commits[s1:c4677, s0:c4673, s2:c4677]
2019-09-26 14:02:37,166 INFO  impl.RaftServerImpl (ServerState.java:setRaftConf(355)) - s1@group-1720A28C8555: set configuration 4679: [s0:0.0.0.0:36116, s1:0.0.0.0:33523, s2:0.0.0.0:40404], old=null at 4679
2019-09-26 14:02:37,167 INFO  impl.RaftServerImpl (ServerState.java:setLeader(254)) - s2@group-1720A28C8555: change Leader from null to s1 at term 10 for appendEntries, leader elected after 238ms
2019-09-26 14:02:37,167 INFO  client.GrpcClientProtocolService (GrpcClientProtocolService.java:lambda$processClientRequest$0(278)) - Failed RaftClientRequest:client-54A5215B9B2F->s1@group-1720A28C8555, cid=2337, seq=0, RW, Message:128f200a0a0a03666f6f...(size=4114), reply=RaftClientReply:client-54A5215B9B2F->s1@group-1720A28C8555, cid=2337, FAILED org.apache.ratis.protocol.LeaderNotReadyException: s1@group-1720A28C8555 is in LEADER state but not ready yet., logIndex=0, commits[s1:c4677, s0:c4673, s2:c4677]
2019-09-26 14:02:37,167 INFO  impl.RaftServerImpl (ServerState.java:setLeader(254)) - s0@group-1720A28C8555: change Leader from null to s1 at term 10 for appendEntries, leader elected after 265ms
2019-09-26 14:02:37,168 TRACE util.FileUtils (LogUtils.java:runAndLog(61)) - Successfully ran Files.move /workdir/ratis-examples/target/test/data/92cd4afb/MiniRaftClusterWithGrpc4a8e4c9f/s1/3e568cf1-66e7-476e-b2f1-1720a28c8555/current/log_inprogress_2815 to /workdir/ratis-examples/target/test/data/92cd4afb/MiniRaftClusterWithGrpc4a8e4c9f/s1/3e568cf1-66e7-476e-b2f1-1720a28c8555/current/log_2815-4678
2019-09-26 14:02:37,168 INFO  segmented.SegmentedRaftLogWorker (SegmentedRaftLogWorker.java:execute(526)) - s1@group-1720A28C8555-SegmentedRaftLogWorker: Rolled log segment from /workdir/ratis-examples/target/test/data/92cd4afb/MiniRaftClusterWithGrpc4a8e4c9f/s1/3e568cf1-66e7-476e-b2f1-1720a28c8555/current/log_inprogress_2815 to /workdir/ratis-examples/target/test/data/92cd4afb/MiniRaftClusterWithGrpc4a8e4c9f/s1/3e568cf1-66e7-476e-b2f1-1720a28c8555/current/log_2815-4678
2019-09-26 14:02:37,168 INFO  impl.RaftServerImpl (RaftServerImpl.java:checkInconsistentAppendEntries(999)) - s0@group-1720A28C8555: Failed appendEntries as previous log entry ((t:8, i:4678)) is not found
2019-09-26 14:02:37,169 INFO  impl.RaftServerImpl (RaftServerImpl.java:checkInconsistentAppendEntries(972)) - s0@group-1720A28C8555: inconsistency entries. Reply:s1<-s0#0:FAIL,INCONSISTENCY,nextIndex:4676,term:10,followerCommit:4674
2019-09-26 14:02:37,169 INFO  impl.RaftServerImpl (ServerState.java:setRaftConf(355)) - s2@group-1720A28C8555: set configuration 4679: [s0:0.0.0.0:36116, s1:0.0.0.0:33523, s2:0.0.0.0:40404], old=null at 4679
2019-09-26 14:02:37,169 INFO  client.GrpcClientProtocolService (GrpcClientProtocolService.java:lambda$processClientRequest$0(278)) - Failed RaftClientRequest:client-54A5215B9B2F->s1@group-1720A28C8555, cid=2337, seq=0, RW, Message:128f200a0a0a03666f6f...(size=4114), reply=RaftClientReply:client-54A5215B9B2F->s1@group-1720A28C8555, cid=2337, FAILED org.apache.ratis.protocol.LeaderNotReadyException: s1@group-1720A28C8555 is in LEADER state but not ready yet., logIndex=0, commits[s1:c4677, s0:c4673, s2:c4677]
2019-09-26 14:02:37,169 INFO  segmented.SegmentedRaftLogWorker (SegmentedRaftLogWorker.java:rollLogSegment(385)) - s2@group-1720A28C8555-SegmentedRaftLogWorker: Rolling segment log-2815_4678 to index:4678
2019-09-26 14:02:37,169 INFO  impl.FollowerInfo (FollowerInfo.java:lambda$new$0(51)) - s1@group-1720A28C8555->s0: nextIndex: updateUnconditionally 4679 -> 4676
2019-09-26 14:02:37,170 INFO  impl.RaftServerImpl (ServerState.java:setRaftConf(355)) - s0@group-1720A28C8555: set configuration 4679: [s0:0.0.0.0:36116, s1:0.0.0.0:33523, s2:0.0.0.0:40404], old=null at 4679
2019-09-26 14:02:37,170 INFO  client.GrpcClientProtocolService (GrpcClientProtocolService.java:lambda$processClientRequest$0(278)) - Failed RaftClientRequest:client-54A5215B9B2F->s1@group-1720A28C8555, cid=2337, seq=0, RW, Message:128f200a0a0a03666f6f...(size=4114), reply=RaftClientReply:client-54A5215B9B2F->s1@group-1720A28C8555, cid=2337, FAILED org.apache.ratis.protocol.LeaderNotReadyException: s1@group-1720A28C8555 is in LEADER state but not ready yet., logIndex=0, commits[s1:c4677, s0:c4673, s2:c4677]
2019-09-26 14:02:37,170 INFO  segmented.SegmentedRaftLogWorker (SegmentedRaftLogWorker.java:rollLogSegment(385)) - s0@group-1720A28C8555-SegmentedRaftLogWorker: Rolling segment log-2815_4678 to index:4678
2019-09-26 14:02:37,171 INFO  client.GrpcClientProtocolService (GrpcClientProtocolService.java:lambda$processClientRequest$0(278)) - Failed RaftClientRequest:client-54A5215B9B2F->s1@group-1720A28C8555, cid=2337, seq=0, RW, Message:128f200a0a0a03666f6f...(size=4114), reply=RaftClientReply:client-54A5215B9B2F->s1@group-1720A28C8555, cid=2337, FAILED org.apache.ratis.protocol.LeaderNotReadyException: s1@group-1720A28C8555 is in LEADER state but not ready yet., logIndex=0, commits[s1:c4677, s0:c4673, s2:c4677]
2019-09-26 14:02:37,172 TRACE util.FileUtils (LogUtils.java:runAndLog(61)) - Successfully ran Files.move /workdir/ratis-examples/target/test/data/92cd4afb/MiniRaftClusterWithGrpc4a8e4c9f/s2/3e568cf1-66e7-476e-b2f1-1720a28c8555/current/log_inprogress_2815 to /workdir/ratis-examples/target/test/data/92cd4afb/MiniRaftClusterWithGrpc4a8e4c9f/s2/3e568cf1-66e7-476e-b2f1-1720a28c8555/current/log_2815-4678
2019-09-26 14:02:37,172 INFO  segmented.SegmentedRaftLogWorker (SegmentedRaftLogWorker.java:execute(526)) - s2@group-1720A28C8555-SegmentedRaftLogWorker: Rolled log segment from /workdir/ratis-examples/target/test/data/92cd4afb/MiniRaftClusterWithGrpc4a8e4c9f/s2/3e568cf1-66e7-476e-b2f1-1720a28c8555/current/log_inprogress_2815 to /workdir/ratis-examples/target/test/data/92cd4afb/MiniRaftClusterWithGrpc4a8e4c9f/s2/3e568cf1-66e7-476e-b2f1-1720a28c8555/current/log_2815-4678
2019-09-26 14:02:37,172 INFO  client.GrpcClientProtocolService (GrpcClientProtocolService.java:lambda$processClientRequest$0(278)) - Failed RaftClientRequest:client-54A5215B9B2F->s1@group-1720A28C8555, cid=2337, seq=0, RW, Message:128f200a0a0a03666f6f...(size=4114), reply=RaftClientReply:client-54A5215B9B2F->s1@group-1720A28C8555, cid=2337, FAILED org.apache.ratis.protocol.LeaderNotReadyException: s1@group-1720A28C8555 is in LEADER state but not ready yet., logIndex=0, commits[s1:c4677, s0:c4673, s2:c4677]
2019-09-26 14:02:37,174 INFO  client.GrpcClientProtocolService (GrpcClientProtocolService.java:lambda$processClientRequest$0(278)) - Failed RaftClientRequest:client-54A5215B9B2F->s1@group-1720A28C8555, cid=2337, seq=0, RW, Message:128f200a0a0a03666f6f...(size=4114), reply=RaftClientReply:client-54A5215B9B2F->s1@group-1720A28C8555, cid=2337, FAILED org.apache.ratis.protocol.LeaderNotReadyException: s1@group-1720A28C8555 is in LEADER state but not ready yet., logIndex=0, commits[s1:c4677, s0:c4673, s2:c4677]
2019-09-26 14:02:37,175 INFO  client.GrpcClientProtocolService (GrpcClientProtocolService.java:lambda$processClientRequest$0(278)) - Failed RaftClientRequest:client-54A5215B9B2F->s1@group-1720A28C8555, cid=2337, seq=0, RW, Message:128f200a0a0a03666f6f...(size=4114), reply=RaftClientReply:client-54A5215B9B2F->s1@group-1720A28C8555, cid=2337, FAILED org.apache.ratis.protocol.LeaderNotReadyException: s1@group-1720A28C8555 is in LEADER state but not ready yet., logIndex=0, commits[s1:c4677, s0:c4673, s2:c4677]
2019-09-26 14:02:37,176 INFO  client.GrpcClientProtocolService (GrpcClientProtocolService.java:lambda$processClientRequest$0(278)) - Failed RaftClientRequest:client-54A5215B9B2F->s1@group-1720A28C8555, cid=2337, seq=0, RW, Message:128f200a0a0a03666f6f...(size=4114), reply=RaftClientReply:client-54A5215B9B2F->s1@group-1720A28C8555, cid=2337, FAILED org.apache.ratis.protocol.LeaderNotReadyException: s1@group-1720A28C8555 is in LEADER state but not ready yet., logIndex=0, commits[s1:c4677, s0:c4673, s2:c4677]
2019-09-26 14:02:37,177 INFO  client.GrpcClientProtocolService (GrpcClientProtocolService.java:lambda$processClientRequest$0(278)) - Failed RaftClientRequest:client-54A5215B9B2F->s1@group-1720A28C8555, cid=2337, seq=0, RW, Message:128f200a0a0a03666f6f...(size=4114), reply=RaftClientReply:client-54A5215B9B2F->s1@group-1720A28C8555, cid=2337, FAILED org.apache.ratis.protocol.LeaderNotReadyException: s1@group-1720A28C8555 is in LEADER state but not ready yet., logIndex=0, commits[s1:c4677, s0:c4673, s2:c4677]
2019-09-26 14:02:37,178 INFO  client.GrpcClientProtocolService (GrpcClientProtocolService.java:lambda$processClientRequest$0(278)) - Failed RaftClientRequest:client-54A5215B9B2F->s1@group-1720A28C8555, cid=2337, seq=0, RW, Message:128f200a0a0a03666f6f...(size=4114), reply=RaftClientReply:client-54A5215B9B2F->s1@group-1720A28C8555, cid=2337, FAILED org.apache.ratis.protocol.LeaderNotReadyException: s1@group-1720A28C8555 is in LEADER state but not ready yet., logIndex=0, commits[s1:c4677, s0:c4673, s2:c4677]
2019-09-26 14:02:37,179 INFO  client.GrpcClientProtocolService (GrpcClientProtocolService.java:lambda$processClientRequest$0(278)) - Failed RaftClientRequest:client-54A5215B9B2F->s1@group-1720A28C8555, cid=2337, seq=0, RW, Message:128f200a0a0a03666f6f...(size=4114), reply=RaftClientReply:client-54A5215B9B2F->s1@group-1720A28C8555, cid=2337, FAILED org.apache.ratis.protocol.LeaderNotReadyException: s1@group-1720A28C8555 is in LEADER state but not ready yet., logIndex=0, commits[s1:c4677, s0:c4673, s2:c4677]
2019-09-26 14:02:37,180 INFO  client.GrpcClientProtocolService (GrpcClientProtocolService.java:lambda$processClientRequest$0(278)) - Failed RaftClientRequest:client-54A5215B9B2F->s1@group-1720A28C8555, cid=2337, seq=0, RW, Message:128f200a0a0a03666f6f...(size=4114), reply=RaftClientReply:client-54A5215B9B2F->s1@group-1720A28C8555, cid=2337, FAILED org.apache.ratis.protocol.LeaderNotReadyException: s1@group-1720A28C8555 is in LEADER state but not ready yet., logIndex=0, commits[s1:c4677, s0:c4673, s2:c4677]
2019-09-26 14:02:37,181 INFO  client.GrpcClientProtocolService (GrpcClientProtocolService.java:lambda$processClientRequest$0(278)) - Failed RaftClientRequest:client-54A5215B9B2F->s1@group-1720A28C8555, cid=2337, seq=0, RW, Message:128f200a0a0a03666f6f...(size=4114), reply=RaftClientReply:client-54A5215B9B2F->s1@group-1720A28C8555, cid=2337, FAILED org.apache.ratis.protocol.LeaderNotReadyException: s1@group-1720A28C8555 is in LEADER state but not ready yet., logIndex=0, commits[s1:c4677, s0:c4673, s2:c4677]
2019-09-26 14:02:37,182 INFO  client.GrpcClientProtocolService (GrpcClientProtocolService.java:lambda$processClientRequest$0(278)) - Failed RaftClientRequest:client-54A5215B9B2F->s1@group-1720A28C8555, cid=2337, seq=0, RW, Message:128f200a0a0a03666f6f...(size=4114), reply=RaftClientReply:client-54A5215B9B2F->s1@group-1720A28C8555, cid=2337, FAILED org.apache.ratis.protocol.LeaderNotReadyException: s1@group-1720A28C8555 is in LEADER state but not ready yet., logIndex=0, commits[s1:c4677, s0:c4673, s2:c4677]
2019-09-26 14:02:37,183 INFO  client.GrpcClientProtocolService (GrpcClientProtocolService.java:lambda$processClientRequest$0(278)) - Failed RaftClientRequest:client-54A5215B9B2F->s1@group-1720A28C8555, cid=2337, seq=0, RW, Message:128f200a0a0a03666f6f...(size=4114), reply=RaftClientReply:client-54A5215B9B2F->s1@group-1720A28C8555, cid=2337, FAILED org.apache.ratis.protocol.LeaderNotReadyException: s1@group-1720A28C8555 is in LEADER state but not ready yet., logIndex=0, commits[s1:c4677, s0:c4673, s2:c4677]
2019-09-26 14:02:37,184 INFO  client.GrpcClientProtocolService (GrpcClientProtocolService.java:lambda$processClientRequest$0(278)) - Failed RaftClientRequest:client-54A5215B9B2F->s1@group-1720A28C8555, cid=2337, seq=0, RW, Message:128f200a0a0a03666f6f...(size=4114), reply=RaftClientReply:client-54A5215B9B2F->s1@group-1720A28C8555, cid=2337, FAILED org.apache.ratis.protocol.LeaderNotReadyException: s1@group-1720A28C8555 is in LEADER state but not ready yet., logIndex=0, commits[s1:c4677, s0:c4673, s2:c4677]
2019-09-26 14:02:37,185 TRACE util.FileUtils (LogUtils.java:runAndLog(61)) - Successfully ran Files.move /workdir/ratis-examples/target/test/data/92cd4afb/MiniRaftClusterWithGrpc4a8e4c9f/s0/3e568cf1-66e7-476e-b2f1-1720a28c8555/current/log_inprogress_2815 to /workdir/ratis-examples/target/test/data/92cd4afb/MiniRaftClusterWithGrpc4a8e4c9f/s0/3e568cf1-66e7-476e-b2f1-1720a28c8555/current/log_2815-4678
2019-09-26 14:02:37,185 INFO  segmented.SegmentedRaftLogWorker (SegmentedRaftLogWorker.java:execute(526)) - s0@group-1720A28C8555-SegmentedRaftLogWorker: Rolled log segment from /workdir/ratis-examples/target/test/data/92cd4afb/MiniRaftClusterWithGrpc4a8e4c9f/s0/3e568cf1-66e7-476e-b2f1-1720a28c8555/current/log_inprogress_2815 to /workdir/ratis-examples/target/test/data/92cd4afb/MiniRaftClusterWithGrpc4a8e4c9f/s0/3e568cf1-66e7-476e-b2f1-1720a28c8555/current/log_2815-4678
2019-09-26 14:02:37,186 INFO  client.GrpcClientProtocolService (GrpcClientProtocolService.java:lambda$processClientRequest$0(278)) - Failed RaftClientRequest:client-54A5215B9B2F->s1@group-1720A28C8555, cid=2337, seq=0, RW, Message:128f200a0a0a03666f6f...(size=4114), reply=RaftClientReply:client-54A5215B9B2F->s1@group-1720A28C8555, cid=2337, FAILED org.apache.ratis.protocol.LeaderNotReadyException: s1@group-1720A28C8555 is in LEADER state but not ready yet., logIndex=0, commits[s1:c4677, s0:c4673, s2:c4677]
2019-09-26 14:02:37,187 INFO  client.GrpcClientProtocolService (GrpcClientProtocolService.java:lambda$processClientRequest$0(278)) - Failed RaftClientRequest:client-54A5215B9B2F->s1@group-1720A28C8555, cid=2337, seq=0, RW, Message:128f200a0a0a03666f6f...(size=4114), reply=RaftClientReply:client-54A5215B9B2F->s1@group-1720A28C8555, cid=2337, FAILED org.apache.ratis.protocol.LeaderNotReadyException: s1@group-1720A28C8555 is in LEADER state but not ready yet., logIndex=0, commits[s1:c4677, s0:c4673, s2:c4677]
2019-09-26 14:02:37,188 INFO  client.GrpcClientProtocolService (GrpcClientProtocolService.java:lambda$processClientRequest$0(278)) - Failed RaftClientRequest:client-54A5215B9B2F->s1@group-1720A28C8555, cid=2337, seq=0, RW, Message:128f200a0a0a03666f6f...(size=4114), reply=RaftClientReply:client-54A5215B9B2F->s1@group-1720A28C8555, cid=2337, FAILED org.apache.ratis.protocol.LeaderNotReadyException: s1@group-1720A28C8555 is in LEADER state but not ready yet., logIndex=0, commits[s1:c4677, s0:c4673, s2:c4677]
2019-09-26 14:02:37,189 INFO  client.GrpcClientProtocolService (GrpcClientProtocolService.java:lambda$processClientRequest$0(278)) - Failed RaftClientRequest:client-54A5215B9B2F->s1@group-1720A28C8555, cid=2337, seq=0, RW, Message:128f200a0a0a03666f6f...(size=4114), reply=RaftClientReply:client-54A5215B9B2F->s1@group-1720A28C8555, cid=2337, FAILED org.apache.ratis.protocol.LeaderNotReadyException: s1@group-1720A28C8555 is in LEADER state but not ready yet., logIndex=0, commits[s1:c4677, s0:c4673, s2:c4677]
2019-09-26 14:02:37,190 INFO  client.GrpcClientProtocolService (GrpcClientProtocolService.java:lambda$processClientRequest$0(278)) - Failed RaftClientRequest:client-54A5215B9B2F->s1@group-1720A28C8555, cid=2337, seq=0, RW, Message:128f200a0a0a03666f6f...(size=4114), reply=RaftClientReply:client-54A5215B9B2F->s1@group-1720A28C8555, cid=2337, FAILED org.apache.ratis.protocol.LeaderNotReadyException: s1@group-1720A28C8555 is in LEADER state but not ready yet., logIndex=0, commits[s1:c4677, s0:c4673, s2:c4677]
2019-09-26 14:02:37,190 INFO  client.GrpcClientProtocolService (GrpcClientProtocolService.java:lambda$processClientRequest$0(278)) - Failed RaftClientRequest:client-54A5215B9B2F->s1@group-1720A28C8555, cid=2337, seq=0, RW, Message:128f200a0a0a03666f6f...(size=4114), reply=RaftClientReply:client-54A5215B9B2F->s1@group-1720A28C8555, cid=2337, FAILED org.apache.ratis.protocol.LeaderNotReadyException: s1@group-1720A28C8555 is in LEADER state but not ready yet., logIndex=0, commits[s1:c4677, s0:c4673, s2:c4677]
2019-09-26 14:02:37,191 INFO  client.GrpcClientProtocolService (GrpcClientProtocolService.java:lambda$processClientRequest$0(278)) - Failed RaftClientRequest:client-54A5215B9B2F->s1@group-1720A28C8555, cid=2337, seq=0, RW, Message:128f200a0a0a03666f6f...(size=4114), reply=RaftClientReply:client-54A5215B9B2F->s1@group-1720A28C8555, cid=2337, FAILED org.apache.ratis.protocol.LeaderNotReadyException: s1@group-1720A28C8555 is in LEADER state but not ready yet., logIndex=0, commits[s1:c4677, s0:c4673, s2:c4677]
2019-09-26 14:02:37,192 INFO  client.GrpcClientProtocolService (GrpcClientProtocolService.java:lambda$processClientRequest$0(278)) - Failed RaftClientRequest:client-54A5215B9B2F->s1@group-1720A28C8555, cid=2337, seq=0, RW, Message:128f200a0a0a03666f6f...(size=4114), reply=RaftClientReply:client-54A5215B9B2F->s1@group-1720A28C8555, cid=2337, FAILED org.apache.ratis.protocol.LeaderNotReadyException: s1@group-1720A28C8555 is in LEADER state but not ready yet., logIndex=0, commits[s1:c4677, s0:c4673, s2:c4677]
2019-09-26 14:02:37,193 INFO  client.GrpcClientProtocolService (GrpcClientProtocolService.java:lambda$processClientRequest$0(278)) - Failed RaftClientRequest:client-54A5215B9B2F->s1@group-1720A28C8555, cid=2337, seq=0, RW, Message:128f200a0a0a03666f6f...(size=4114), reply=RaftClientReply:client-54A5215B9B2F->s1@group-1720A28C8555, cid=2337, FAILED org.apache.ratis.protocol.LeaderNotReadyException: s1@group-1720A28C8555 is in LEADER state but not ready yet., logIndex=0, commits[s1:c4677, s0:c4673, s2:c4677]
2019-09-26 14:02:37,194 INFO  client.GrpcClientProtocolService (GrpcClientProtocolService.java:lambda$processClientRequest$0(278)) - Failed RaftClientRequest:client-54A5215B9B2F->s1@group-1720A28C8555, cid=2337, seq=0, RW, Message:128f200a0a0a03666f6f...(size=4114), reply=RaftClientReply:client-54A5215B9B2F->s1@group-1720A28C8555, cid=2337, FAILED org.apache.ratis.protocol.LeaderNotReadyException: s1@group-1720A28C8555 is in LEADER state but not ready yet., logIndex=0, commits[s1:c4677, s0:c4673, s2:c4677]
2019-09-26 14:02:37,195 INFO  client.GrpcClientProtocolService (GrpcClientProtocolService.java:lambda$processClientRequest$0(278)) - Failed RaftClientRequest:client-54A5215B9B2F->s1@group-1720A28C8555, cid=2337, seq=0, RW, Message:128f200a0a0a03666f6f...(size=4114), reply=RaftClientReply:client-54A5215B9B2F->s1@group-1720A28C8555, cid=2337, FAILED org.apache.ratis.protocol.LeaderNotReadyException: s1@group-1720A28C8555 is in LEADER state but not ready yet., logIndex=0, commits[s1:c4677, s0:c4673, s2:c4677]
2019-09-26 14:02:37,196 INFO  client.GrpcClientProtocolService (GrpcClientProtocolService.java:lambda$processClientRequest$0(278)) - Failed RaftClientRequest:client-54A5215B9B2F->s1@group-1720A28C8555, cid=2337, seq=0, RW, Message:128f200a0a0a03666f6f...(size=4114), reply=RaftClientReply:client-54A5215B9B2F->s1@group-1720A28C8555, cid=2337, FAILED org.apache.ratis.protocol.LeaderNotReadyException: s1@group-1720A28C8555 is in LEADER state but not ready yet., logIndex=0, commits[s1:c4677, s0:c4673, s2:c4677]
2019-09-26 14:02:37,197 INFO  client.GrpcClientProtocolService (GrpcClientProtocolService.java:lambda$processClientRequest$0(278)) - Failed RaftClientRequest:client-54A5215B9B2F->s1@group-1720A28C8555, cid=2337, seq=0, RW, Message:128f200a0a0a03666f6f...(size=4114), reply=RaftClientReply:client-54A5215B9B2F->s1@group-1720A28C8555, cid=2337, FAILED org.apache.ratis.protocol.LeaderNotReadyException: s1@group-1720A28C8555 is in LEADER state but not ready yet., logIndex=0, commits[s1:c4677, s0:c4673, s2:c4677]
2019-09-26 14:02:37,198 INFO  client.GrpcClientProtocolService (GrpcClientProtocolService.java:lambda$processClientRequest$0(278)) - Failed RaftClientRequest:client-54A5215B9B2F->s1@group-1720A28C8555, cid=2337, seq=0, RW, Message:128f200a0a0a03666f6f...(size=4114), reply=RaftClientReply:client-54A5215B9B2F->s1@group-1720A28C8555, cid=2337, FAILED org.apache.ratis.protocol.LeaderNotReadyException: s1@group-1720A28C8555 is in LEADER state but not ready yet., logIndex=0, commits[s1:c4677, s0:c4673, s2:c4677]
2019-09-26 14:02:37,199 INFO  client.GrpcClientProtocolService (GrpcClientProtocolService.java:lambda$processClientRequest$0(278)) - Failed RaftClientRequest:client-54A5215B9B2F->s1@group-1720A28C8555, cid=2337, seq=0, RW, Message:128f200a0a0a03666f6f...(size=4114), reply=RaftClientReply:client-54A5215B9B2F->s1@group-1720A28C8555, cid=2337, FAILED org.apache.ratis.protocol.LeaderNotReadyException: s1@group-1720A28C8555 is in LEADER state but not ready yet., logIndex=0, commits[s1:c4677, s0:c4673, s2:c4677]
2019-09-26 14:02:37,200 INFO  client.GrpcClientProtocolService (GrpcClientProtocolService.java:lambda$processClientRequest$0(278)) - Failed RaftClientRequest:client-54A5215B9B2F->s1@group-1720A28C8555, cid=2337, seq=0, RW, Message:128f200a0a0a03666f6f...(size=4114), reply=RaftClientReply:client-54A5215B9B2F->s1@group-1720A28C8555, cid=2337, FAILED org.apache.ratis.protocol.LeaderNotReadyException: s1@group-1720A28C8555 is in LEADER state but not ready yet., logIndex=0, commits[s1:c4677, s0:c4673, s2:c4677]
2019-09-26 14:02:37,202 INFO  client.GrpcClientProtocolService (GrpcClientProtocolService.java:lambda$processClientRequest$0(278)) - Failed RaftClientRequest:client-54A5215B9B2F->s1@group-1720A28C8555, cid=2337, seq=0, RW, Message:128f200a0a0a03666f6f...(size=4114), reply=RaftClientReply:client-54A5215B9B2F->s1@group-1720A28C8555, cid=2337, FAILED org.apache.ratis.protocol.LeaderNotReadyException: s1@group-1720A28C8555 is in LEADER state but not ready yet., logIndex=0, commits[s1:c4677, s0:c4673, s2:c4677]
2019-09-26 14:02:37,203 INFO  client.GrpcClientProtocolService (GrpcClientProtocolService.java:lambda$processClientRequest$0(278)) - Failed RaftClientRequest:client-54A5215B9B2F->s1@group-1720A28C8555, cid=2337, seq=0, RW, Message:128f200a0a0a03666f6f...(size=4114), reply=RaftClientReply:client-54A5215B9B2F->s1@group-1720A28C8555, cid=2337, FAILED org.apache.ratis.protocol.LeaderNotReadyException: s1@group-1720A28C8555 is in LEADER state but not ready yet., logIndex=0, commits[s1:c4677, s0:c4673, s2:c4677]
2019-09-26 14:02:37,204 INFO  client.GrpcClientProtocolService (GrpcClientProtocolService.java:lambda$processClientRequest$0(278)) - Failed RaftClientRequest:client-54A5215B9B2F->s1@group-1720A28C8555, cid=2337, seq=0, RW, Message:128f200a0a0a03666f6f...(size=4114), reply=RaftClientReply:client-54A5215B9B2F->s1@group-1720A28C8555, cid=2337, FAILED org.apache.ratis.protocol.LeaderNotReadyException: s1@group-1720A28C8555 is in LEADER state but not ready yet., logIndex=0, commits[s1:c4677, s0:c4673, s2:c4677]
2019-09-26 14:02:37,205 INFO  client.GrpcClientProtocolService (GrpcClientProtocolService.java:lambda$processClientRequest$0(278)) - Failed RaftClientRequest:client-54A5215B9B2F->s1@group-1720A28C8555, cid=2337, seq=0, RW, Message:128f200a0a0a03666f6f...(size=4114), reply=RaftClientReply:client-54A5215B9B2F->s1@group-1720A28C8555, cid=2337, FAILED org.apache.ratis.protocol.LeaderNotReadyException: s1@group-1720A28C8555 is in LEADER state but not ready yet., logIndex=0, commits[s1:c4677, s0:c4673, s2:c4677]
2019-09-26 14:02:37,206 INFO  client.GrpcClientProtocolService (GrpcClientProtocolService.java:lambda$processClientRequest$0(278)) - Failed RaftClientRequest:client-54A5215B9B2F->s1@group-1720A28C8555, cid=2337, seq=0, RW, Message:128f200a0a0a03666f6f...(size=4114), reply=RaftClientReply:client-54A5215B9B2F->s1@group-1720A28C8555, cid=2337, FAILED org.apache.ratis.protocol.LeaderNotReadyException: s1@group-1720A28C8555 is in LEADER state but not ready yet., logIndex=0, commits[s1:c4677, s0:c4673, s2:c4677]
2019-09-26 14:02:37,207 INFO  client.GrpcClientProtocolService (GrpcClientProtocolService.java:lambda$processClientRequest$0(278)) - Failed RaftClientRequest:client-54A5215B9B2F->s1@group-1720A28C8555, cid=2337, seq=0, RW, Message:128f200a0a0a03666f6f...(size=4114), reply=RaftClientReply:client-54A5215B9B2F->s1@group-1720A28C8555, cid=2337, FAILED org.apache.ratis.protocol.LeaderNotReadyException: s1@group-1720A28C8555 is in LEADER state but not ready yet., logIndex=0, commits[s1:c4677, s0:c4673, s2:c4677]
2019-09-26 14:02:37,209 INFO  client.GrpcClientProtocolService (GrpcClientProtocolService.java:lambda$processClientRequest$0(278)) - Failed RaftClientRequest:client-54A5215B9B2F->s1@group-1720A28C8555, cid=2337, seq=0, RW, Message:128f200a0a0a03666f6f...(size=4114), reply=RaftClientReply:client-54A5215B9B2F->s1@group-1720A28C8555, cid=2337, FAILED org.apache.ratis.protocol.LeaderNotReadyException: s1@group-1720A28C8555 is in LEADER state but not ready yet., logIndex=0, commits[s1:c4677, s0:c4673, s2:c4677]
2019-09-26 14:02:37,210 INFO  client.GrpcClientProtocolService (GrpcClientProtocolService.java:lambda$processClientRequest$0(278)) - Failed RaftClientRequest:client-54A5215B9B2F->s1@group-1720A28C8555, cid=2337, seq=0, RW, Message:128f200a0a0a03666f6f...(size=4114), reply=RaftClientReply:client-54A5215B9B2F->s1@group-1720A28C8555, cid=2337, FAILED org.apache.ratis.protocol.LeaderNotReadyException: s1@group-1720A28C8555 is in LEADER state but not ready yet., logIndex=0, commits[s1:c4677, s0:c4673, s2:c4677]
2019-09-26 14:02:37,211 INFO  client.GrpcClientProtocolService (GrpcClientProtocolService.java:lambda$processClientRequest$0(278)) - Failed RaftClientRequest:client-54A5215B9B2F->s1@group-1720A28C8555, cid=2337, seq=0, RW, Message:128f200a0a0a03666f6f...(size=4114), reply=RaftClientReply:client-54A5215B9B2F->s1@group-1720A28C8555, cid=2337, FAILED org.apache.ratis.protocol.LeaderNotReadyException: s1@group-1720A28C8555 is in LEADER state but not ready yet., logIndex=0, commits[s1:c4677, s0:c4673, s2:c4677]
2019-09-26 14:02:37,212 INFO  client.GrpcClientProtocolService (GrpcClientProtocolService.java:lambda$processClientRequest$0(278)) - Failed RaftClientRequest:client-54A5215B9B2F->s1@group-1720A28C8555, cid=2337, seq=0, RW, Message:128f200a0a0a03666f6f...(size=4114), reply=RaftClientReply:client-54A5215B9B2F->s1@group-1720A28C8555, cid=2337, FAILED org.apache.ratis.protocol.LeaderNotReadyException: s1@group-1720A28C8555 is in LEADER state but not ready yet., logIndex=0, commits[s1:c4677, s0:c4673, s2:c4677]
2019-09-26 14:02:37,213 INFO  client.GrpcClientProtocolService (GrpcClientProtocolService.java:lambda$processClientRequest$0(278)) - Failed RaftClientRequest:client-54A5215B9B2F->s1@group-1720A28C8555, cid=2337, seq=0, RW, Message:128f200a0a0a03666f6f...(size=4114), reply=RaftClientReply:client-54A5215B9B2F->s1@group-1720A28C8555, cid=2337, FAILED org.apache.ratis.protocol.LeaderNotReadyException: s1@group-1720A28C8555 is in LEADER state but not ready yet., logIndex=0, commits[s1:c4677, s0:c4673, s2:c4677]
2019-09-26 14:02:37,214 INFO  client.GrpcClientProtocolService (GrpcClientProtocolService.java:lambda$processClientRequest$0(278)) - Failed RaftClientRequest:client-54A5215B9B2F->s1@group-1720A28C8555, cid=2337, seq=0, RW, Message:128f200a0a0a03666f6f...(size=4114), reply=RaftClientReply:client-54A5215B9B2F->s1@group-1720A28C8555, cid=2337, FAILED org.apache.ratis.protocol.LeaderNotReadyException: s1@group-1720A28C8555 is in LEADER state but not ready yet., logIndex=0, commits[s1:c4677, s0:c4673, s2:c4677]
2019-09-26 14:02:37,215 INFO  client.GrpcClientProtocolService (GrpcClientProtocolService.java:lambda$processClientRequest$0(278)) - Failed RaftClientRequest:client-54A5215B9B2F->s1@group-1720A28C8555, cid=2337, seq=0, RW, Message:128f200a0a0a03666f6f...(size=4114), reply=RaftClientReply:client-54A5215B9B2F->s1@group-1720A28C8555, cid=2337, FAILED org.apache.ratis.protocol.LeaderNotReadyException: s1@group-1720A28C8555 is in LEADER state but not ready yet., logIndex=0, commits[s1:c4677, s0:c4673, s2:c4677]
2019-09-26 14:02:37,217 INFO  client.GrpcClientProtocolService (GrpcClientProtocolService.java:lambda$processClientRequest$0(278)) - Failed RaftClientRequest:client-54A5215B9B2F->s1@group-1720A28C8555, cid=2337, seq=0, RW, Message:128f200a0a0a03666f6f...(size=4114), reply=RaftClientReply:client-54A5215B9B2F->s1@group-1720A28C8555, cid=2337, FAILED org.apache.ratis.protocol.LeaderNotReadyException: s1@group-1720A28C8555 is in LEADER state but not ready yet., logIndex=0, commits[s1:c4677, s0:c4673, s2:c4677]
2019-09-26 14:02:37,218 INFO  client.GrpcClientProtocolService (GrpcClientProtocolService.java:lambda$processClientRequest$0(278)) - Failed RaftClientRequest:client-54A5215B9B2F->s1@group-1720A28C8555, cid=2337, seq=0, RW, Message:128f200a0a0a03666f6f...(size=4114), reply=RaftClientReply:client-54A5215B9B2F->s1@group-1720A28C8555, cid=2337, FAILED org.apache.ratis.protocol.LeaderNotReadyException: s1@group-1720A28C8555 is in LEADER state but not ready yet., logIndex=0, commits[s1:c4677, s0:c4673, s2:c4677]
2019-09-26 14:02:37,219 INFO  client.GrpcClientProtocolService (GrpcClientProtocolService.java:lambda$processClientRequest$0(278)) - Failed RaftClientRequest:client-54A5215B9B2F->s1@group-1720A28C8555, cid=2337, seq=0, RW, Message:128f200a0a0a03666f6f...(size=4114), reply=RaftClientReply:client-54A5215B9B2F->s1@group-1720A28C8555, cid=2337, FAILED org.apache.ratis.protocol.LeaderNotReadyException: s1@group-1720A28C8555 is in LEADER state but not ready yet., logIndex=0, commits[s1:c4677, s0:c4673, s2:c4677]
2019-09-26 14:02:37,220 INFO  client.GrpcClientProtocolService (GrpcClientProtocolService.java:lambda$processClientRequest$0(278)) - Failed RaftClientRequest:client-54A5215B9B2F->s1@group-1720A28C8555, cid=2337, seq=0, RW, Message:128f200a0a0a03666f6f...(size=4114), reply=RaftClientReply:client-54A5215B9B2F->s1@group-1720A28C8555, cid=2337, FAILED org.apache.ratis.protocol.LeaderNotReadyException: s1@group-1720A28C8555 is in LEADER state but not ready yet., logIndex=0, commits[s1:c4677, s0:c4673, s2:c4677]
2019-09-26 14:02:37,221 INFO  client.GrpcClientProtocolService (GrpcClientProtocolService.java:lambda$processClientRequest$0(278)) - Failed RaftClientRequest:client-54A5215B9B2F->s1@group-1720A28C8555, cid=2337, seq=0, RW, Message:128f200a0a0a03666f6f...(size=4114), reply=RaftClientReply:client-54A5215B9B2F->s1@group-1720A28C8555, cid=2337, FAILED org.apache.ratis.protocol.LeaderNotReadyException: s1@group-1720A28C8555 is in LEADER state but not ready yet., logIndex=0, commits[s1:c4677, s0:c4673, s2:c4677]
2019-09-26 14:02:37,222 INFO  client.GrpcClientProtocolService (GrpcClientProtocolService.java:lambda$processClientRequest$0(278)) - Failed RaftClientRequest:client-54A5215B9B2F->s1@group-1720A28C8555, cid=2337, seq=0, RW, Message:128f200a0a0a03666f6f...(size=4114), reply=RaftClientReply:client-54A5215B9B2F->s1@group-1720A28C8555, cid=2337, FAILED org.apache.ratis.protocol.LeaderNotReadyException: s1@group-1720A28C8555 is in LEADER state but not ready yet., logIndex=0, commits[s1:c4677, s0:c4673, s2:c4677]
2019-09-26 14:02:37,223 INFO  client.GrpcClientProtocolService (GrpcClientProtocolService.java:lambda$processClientRequest$0(278)) - Failed RaftClientRequest:client-54A5215B9B2F->s1@group-1720A28C8555, cid=2337, seq=0, RW, Message:128f200a0a0a03666f6f...(size=4114), reply=RaftClientReply:client-54A5215B9B2F->s1@group-1720A28C8555, cid=2337, FAILED org.apache.ratis.protocol.LeaderNotReadyException: s1@group-1720A28C8555 is in LEADER state but not ready yet., logIndex=0, commits[s1:c4677, s0:c4673, s2:c4677]
2019-09-26 14:02:37,224 INFO  client.GrpcClientProtocolService (GrpcClientProtocolService.java:lambda$processClientRequest$0(278)) - Failed RaftClientRequest:client-54A5215B9B2F->s1@group-1720A28C8555, cid=2337, seq=0, RW, Message:128f200a0a0a03666f6f...(size=4114), reply=RaftClientReply:client-54A5215B9B2F->s1@group-1720A28C8555, cid=2337, FAILED org.apache.ratis.protocol.LeaderNotReadyException: s1@group-1720A28C8555 is in LEADER state but not ready yet., logIndex=0, commits[s1:c4677, s0:c4673, s2:c4677]
2019-09-26 14:02:37,225 INFO  client.GrpcClientProtocolService (GrpcClientProtocolService.java:lambda$processClientRequest$0(278)) - Failed RaftClientRequest:client-54A5215B9B2F->s1@group-1720A28C8555, cid=2337, seq=0, RW, Message:128f200a0a0a03666f6f...(size=4114), reply=RaftClientReply:client-54A5215B9B2F->s1@group-1720A28C8555, cid=2337, FAILED org.apache.ratis.protocol.LeaderNotReadyException: s1@group-1720A28C8555 is in LEADER state but not ready yet., logIndex=0, commits[s1:c4677, s0:c4673, s2:c4677]
2019-09-26 14:02:37,226 INFO  client.GrpcClientProtocolService (GrpcClientProtocolService.java:lambda$processClientRequest$0(278)) - Failed RaftClientRequest:client-54A5215B9B2F->s1@group-1720A28C8555, cid=2337, seq=0, RW, Message:128f200a0a0a03666f6f...(size=4114), reply=RaftClientReply:client-54A5215B9B2F->s1@group-1720A28C8555, cid=2337, FAILED org.apache.ratis.protocol.LeaderNotReadyException: s1@group-1720A28C8555 is in LEADER state but not ready yet., logIndex=0, commits[s1:c4677, s0:c4673, s2:c4677]
2019-09-26 14:02:37,227 INFO  client.GrpcClientProtocolService (GrpcClientProtocolService.java:lambda$processClientRequest$0(278)) - Failed RaftClientRequest:client-54A5215B9B2F->s1@group-1720A28C8555, cid=2337, seq=0, RW, Message:128f200a0a0a03666f6f...(size=4114), reply=RaftClientReply:client-54A5215B9B2F->s1@group-1720A28C8555, cid=2337, FAILED org.apache.ratis.protocol.LeaderNotReadyException: s1@group-1720A28C8555 is in LEADER state but not ready yet., logIndex=0, commits[s1:c4677, s0:c4673, s2:c4677]
2019-09-26 14:02:37,229 INFO  client.GrpcClientProtocolService (GrpcClientProtocolService.java:lambda$processClientRequest$0(278)) - Failed RaftClientRequest:client-54A5215B9B2F->s1@group-1720A28C8555, cid=2337, seq=0, RW, Message:128f200a0a0a03666f6f...(size=4114), reply=RaftClientReply:client-54A5215B9B2F->s1@group-1720A28C8555, cid=2337, FAILED org.apache.ratis.protocol.LeaderNotReadyException: s1@group-1720A28C8555 is in LEADER state but not ready yet., logIndex=0, commits[s1:c4677, s0:c4673, s2:c4677]
2019-09-26 14:02:37,230 INFO  client.GrpcClientProtocolService (GrpcClientProtocolService.java:lambda$processClientRequest$0(278)) - Failed RaftClientRequest:client-54A5215B9B2F->s1@group-1720A28C8555, cid=2337, seq=0, RW, Message:128f200a0a0a03666f6f...(size=4114), reply=RaftClientReply:client-54A5215B9B2F->s1@group-1720A28C8555, cid=2337, FAILED org.apache.ratis.protocol.LeaderNotReadyException: s1@group-1720A28C8555 is in LEADER state but not ready yet., logIndex=0, commits[s1:c4677, s0:c4673, s2:c4677]
2019-09-26 14:02:37,231 INFO  client.GrpcClientProtocolService (GrpcClientProtocolService.java:lambda$processClientRequest$0(278)) - Failed RaftClientRequest:client-54A5215B9B2F->s1@group-1720A28C8555, cid=2337, seq=0, RW, Message:128f200a0a0a03666f6f...(size=4114), reply=RaftClientReply:client-54A5215B9B2F->s1@group-1720A28C8555, cid=2337, FAILED org.apache.ratis.protocol.LeaderNotReadyException: s1@group-1720A28C8555 is in LEADER state but not ready yet., logIndex=0, commits[s1:c4677, s0:c4673, s2:c4677]
2019-09-26 14:02:37,232 INFO  client.GrpcClientProtocolService (GrpcClientProtocolService.java:lambda$processClientRequest$0(278)) - Failed RaftClientRequest:client-54A5215B9B2F->s1@group-1720A28C8555, cid=2337, seq=0, RW, Message:128f200a0a0a03666f6f...(size=4114), reply=RaftClientReply:client-54A5215B9B2F->s1@group-1720A28C8555, cid=2337, FAILED org.apache.ratis.protocol.LeaderNotReadyException: s1@group-1720A28C8555 is in LEADER state but not ready yet., logIndex=0, commits[s1:c4677, s0:c4673, s2:c4677]
2019-09-26 14:02:37,233 INFO  client.GrpcClientProtocolService (GrpcClientProtocolService.java:lambda$processClientRequest$0(278)) - Failed RaftClientRequest:client-54A5215B9B2F->s1@group-1720A28C8555, cid=2337, seq=0, RW, Message:128f200a0a0a03666f6f...(size=4114), reply=RaftClientReply:client-54A5215B9B2F->s1@group-1720A28C8555, cid=2337, FAILED org.apache.ratis.protocol.LeaderNotReadyException: s1@group-1720A28C8555 is in LEADER state but not ready yet., logIndex=0, commits[s1:c4677, s0:c4673, s2:c4677]
2019-09-26 14:02:37,234 INFO  client.GrpcClientProtocolService (GrpcClientProtocolService.java:lambda$processClientRequest$0(278)) - Failed RaftClientRequest:client-54A5215B9B2F->s1@group-1720A28C8555, cid=2337, seq=0, RW, Message:128f200a0a0a03666f6f...(size=4114), reply=RaftClientReply:client-54A5215B9B2F->s1@group-1720A28C8555, cid=2337, FAILED org.apache.ratis.protocol.LeaderNotReadyException: s1@group-1720A28C8555 is in LEADER state but not ready yet., logIndex=0, commits[s1:c4677, s0:c4673, s2:c4677]
2019-09-26 14:02:37,235 INFO  client.GrpcClientProtocolService (GrpcClientProtocolService.java:lambda$processClientRequest$0(278)) - Failed RaftClientRequest:client-54A5215B9B2F->s1@group-1720A28C8555, cid=2337, seq=0, RW, Message:128f200a0a0a03666f6f...(size=4114), reply=RaftClientReply:client-54A5215B9B2F->s1@group-1720A28C8555, cid=2337, FAILED org.apache.ratis.protocol.LeaderNotReadyException: s1@group-1720A28C8555 is in LEADER state but not ready yet., logIndex=0, commits[s1:c4677, s0:c4673, s2:c4677]
2019-09-26 14:02:37,236 INFO  client.GrpcClientProtocolService (GrpcClientProtocolService.java:lambda$processClientRequest$0(278)) - Failed RaftClientRequest:client-54A5215B9B2F->s1@group-1720A28C8555, cid=2337, seq=0, RW, Message:128f200a0a0a03666f6f...(size=4114), reply=RaftClientReply:client-54A5215B9B2F->s1@group-1720A28C8555, cid=2337, FAILED org.apache.ratis.protocol.LeaderNotReadyException: s1@group-1720A28C8555 is in LEADER state but not ready yet., logIndex=0, commits[s1:c4677, s0:c4673, s2:c4677]
2019-09-26 14:02:37,237 INFO  client.GrpcClientProtocolService (GrpcClientProtocolService.java:lambda$processClientRequest$0(278)) - Failed RaftClientRequest:client-54A5215B9B2F->s1@group-1720A28C8555, cid=2337, seq=0, RW, Message:128f200a0a0a03666f6f...(size=4114), reply=RaftClientReply:client-54A5215B9B2F->s1@group-1720A28C8555, cid=2337, FAILED org.apache.ratis.protocol.LeaderNotReadyException: s1@group-1720A28C8555 is in LEADER state but not ready yet., logIndex=0, commits[s1:c4677, s0:c4673, s2:c4677]
2019-09-26 14:02:37,238 INFO  client.GrpcClientProtocolService (GrpcClientProtocolService.java:lambda$processClientRequest$0(278)) - Failed RaftClientRequest:client-54A5215B9B2F->s1@group-1720A28C8555, cid=2337, seq=0, RW, Message:128f200a0a0a03666f6f...(size=4114), reply=RaftClientReply:client-54A5215B9B2F->s1@group-1720A28C8555, cid=2337, FAILED org.apache.ratis.protocol.LeaderNotReadyException: s1@group-1720A28C8555 is in LEADER state but not ready yet., logIndex=0, commits[s1:c4677, s0:c4673, s2:c4677]
2019-09-26 14:02:37,239 INFO  client.GrpcClientProtocolService (GrpcClientProtocolService.java:lambda$processClientRequest$0(278)) - Failed RaftClientRequest:client-54A5215B9B2F->s1@group-1720A28C8555, cid=2337, seq=0, RW, Message:128f200a0a0a03666f6f...(size=4114), reply=RaftClientReply:client-54A5215B9B2F->s1@group-1720A28C8555, cid=2337, FAILED org.apache.ratis.protocol.LeaderNotReadyException: s1@group-1720A28C8555 is in LEADER state but not ready yet., logIndex=0, commits[s1:c4677, s0:c4673, s2:c4677]
2019-09-26 14:02:37,240 INFO  client.GrpcClientProtocolService (GrpcClientProtocolService.java:lambda$processClientRequest$0(278)) - Failed RaftClientRequest:client-54A5215B9B2F->s1@group-1720A28C8555, cid=2337, seq=0, RW, Message:128f200a0a0a03666f6f...(size=4114), reply=RaftClientReply:client-54A5215B9B2F->s1@group-1720A28C8555, cid=2337, FAILED org.apache.ratis.protocol.LeaderNotReadyException: s1@group-1720A28C8555 is in LEADER state but not ready yet., logIndex=0, commits[s1:c4677, s0:c4673, s2:c4677]
2019-09-26 14:02:37,241 INFO  client.GrpcClientProtocolService (GrpcClientProtocolService.java:lambda$processClientRequest$0(278)) - Failed RaftClientRequest:client-54A5215B9B2F->s1@group-1720A28C8555, cid=2337, seq=0, RW, Message:128f200a0a0a03666f6f...(size=4114), reply=RaftClientReply:client-54A5215B9B2F->s1@group-1720A28C8555, cid=2337, FAILED org.apache.ratis.protocol.LeaderNotReadyException: s1@group-1720A28C8555 is in LEADER state but not ready yet., logIndex=0, commits[s1:c4677, s0:c4673, s2:c4677]
2019-09-26 14:02:37,242 INFO  client.GrpcClientProtocolService (GrpcClientProtocolService.java:lambda$processClientRequest$0(278)) - Failed RaftClientRequest:client-54A5215B9B2F->s1@group-1720A28C8555, cid=2337, seq=0, RW, Message:128f200a0a0a03666f6f...(size=4114), reply=RaftClientReply:client-54A5215B9B2F->s1@group-1720A28C8555, cid=2337, FAILED org.apache.ratis.protocol.LeaderNotReadyException: s1@group-1720A28C8555 is in LEADER state but not ready yet., logIndex=0, commits[s1:c4677, s0:c4673, s2:c4677]
2019-09-26 14:02:37,243 INFO  client.GrpcClientProtocolService (GrpcClientProtocolService.java:lambda$processClientRequest$0(278)) - Failed RaftClientRequest:client-54A5215B9B2F->s1@group-1720A28C8555, cid=2337, seq=0, RW, Message:128f200a0a0a03666f6f...(size=4114), reply=RaftClientReply:client-54A5215B9B2F->s1@group-1720A28C8555, cid=2337, FAILED org.apache.ratis.protocol.LeaderNotReadyException: s1@group-1720A28C8555 is in LEADER state but not ready yet., logIndex=0, commits[s1:c4677, s0:c4673, s2:c4677]
2019-09-26 14:02:37,243 INFO  client.GrpcClientProtocolService (GrpcClientProtocolService.java:lambda$processClientRequest$0(278)) - Failed RaftClientRequest:client-54A5215B9B2F->s1@group-1720A28C8555, cid=2337, seq=0, RW, Message:128f200a0a0a03666f6f...(size=4114), reply=RaftClientReply:client-54A5215B9B2F->s1@group-1720A28C8555, cid=2337, FAILED org.apache.ratis.protocol.LeaderNotReadyException: s1@group-1720A28C8555 is in LEADER state but not ready yet., logIndex=0, commits[s1:c4677, s0:c4673, s2:c4677]
2019-09-26 14:02:37,245 INFO  client.GrpcClientProtocolService (GrpcClientProtocolService.java:lambda$processClientRequest$0(278)) - Failed RaftClientRequest:client-54A5215B9B2F->s1@group-1720A28C8555, cid=2337, seq=0, RW, Message:128f200a0a0a03666f6f...(size=4114), reply=RaftClientReply:client-54A5215B9B2F->s1@group-1720A28C8555, cid=2337, FAILED org.apache.ratis.protocol.LeaderNotReadyException: s1@group-1720A28C8555 is in LEADER state but not ready yet., logIndex=0, commits[s1:c4677, s0:c4673, s2:c4677]
2019-09-26 14:02:37,246 INFO  client.GrpcClientProtocolService (GrpcClientProtocolService.java:lambda$processClientRequest$0(278)) - Failed RaftClientRequest:client-54A5215B9B2F->s1@group-1720A28C8555, cid=2337, seq=0, RW, Message:128f200a0a0a03666f6f...(size=4114), reply=RaftClientReply:client-54A5215B9B2F->s1@group-1720A28C8555, cid=2337, FAILED org.apache.ratis.protocol.LeaderNotReadyException: s1@group-1720A28C8555 is in LEADER state but not ready yet., logIndex=0, commits[s1:c4677, s0:c4673, s2:c4677]
2019-09-26 14:02:37,247 INFO  client.GrpcClientProtocolService (GrpcClientProtocolService.java:lambda$processClientRequest$0(278)) - Failed RaftClientRequest:client-54A5215B9B2F->s1@group-1720A28C8555, cid=2337, seq=0, RW, Message:128f200a0a0a03666f6f...(size=4114), reply=RaftClientReply:client-54A5215B9B2F->s1@group-1720A28C8555, cid=2337, FAILED org.apache.ratis.protocol.LeaderNotReadyException: s1@group-1720A28C8555 is in LEADER state but not ready yet., logIndex=0, commits[s1:c4677, s0:c4673, s2:c4677]
2019-09-26 14:02:37,247 INFO  client.GrpcClientProtocolService (GrpcClientProtocolService.java:lambda$processClientRequest$0(278)) - Failed RaftClientRequest:client-54A5215B9B2F->s1@group-1720A28C8555, cid=2337, seq=0, RW, Message:128f200a0a0a03666f6f...(size=4114), reply=RaftClientReply:client-54A5215B9B2F->s1@group-1720A28C8555, cid=2337, FAILED org.apache.ratis.protocol.LeaderNotReadyException: s1@group-1720A28C8555 is in LEADER state but not ready yet., logIndex=0, commits[s1:c4677, s0:c4673, s2:c4677]
2019-09-26 14:02:37,248 INFO  client.GrpcClientProtocolService (GrpcClientProtocolService.java:lambda$processClientRequest$0(278)) - Failed RaftClientRequest:client-54A5215B9B2F->s1@group-1720A28C8555, cid=2337, seq=0, RW, Message:128f200a0a0a03666f6f...(size=4114), reply=RaftClientReply:client-54A5215B9B2F->s1@group-1720A28C8555, cid=2337, FAILED org.apache.ratis.protocol.LeaderNotReadyException: s1@group-1720A28C8555 is in LEADER state but not ready yet., logIndex=0, commits[s1:c4677, s0:c4673, s2:c4677]
2019-09-26 14:02:37,250 INFO  client.GrpcClientProtocolService (GrpcClientProtocolService.java:lambda$processClientRequest$0(278)) - Failed RaftClientRequest:client-54A5215B9B2F->s1@group-1720A28C8555, cid=2337, seq=0, RW, Message:128f200a0a0a03666f6f...(size=4114), reply=RaftClientReply:client-54A5215B9B2F->s1@group-1720A28C8555, cid=2337, FAILED org.apache.ratis.protocol.LeaderNotReadyException: s1@group-1720A28C8555 is in LEADER state but not ready yet., logIndex=0, commits[s1:c4677, s0:c4673, s2:c4677]
2019-09-26 14:02:37,251 INFO  client.GrpcClientProtocolService (GrpcClientProtocolService.java:lambda$processClientRequest$0(278)) - Failed RaftClientRequest:client-54A5215B9B2F->s1@group-1720A28C8555, cid=2337, seq=0, RW, Message:128f200a0a0a03666f6f...(size=4114), reply=RaftClientReply:client-54A5215B9B2F->s1@group-1720A28C8555, cid=2337, FAILED org.apache.ratis.protocol.LeaderNotReadyException: s1@group-1720A28C8555 is in LEADER state but not ready yet., logIndex=0, commits[s1:c4677, s0:c4673, s2:c4677]
2019-09-26 14:02:37,252 INFO  client.GrpcClientProtocolService (GrpcClientProtocolService.java:lambda$processClientRequest$0(278)) - Failed RaftClientRequest:client-54A5215B9B2F->s1@group-1720A28C8555, cid=2337, seq=0, RW, Message:128f200a0a0a03666f6f...(size=4114), reply=RaftClientReply:client-54A5215B9B2F->s1@group-1720A28C8555, cid=2337, FAILED org.apache.ratis.protocol.LeaderNotReadyException: s1@group-1720A28C8555 is in LEADER state but not ready yet., logIndex=0, commits[s1:c4677, s0:c4673, s2:c4677]
2019-09-26 14:02:37,253 INFO  client.GrpcClientProtocolService (GrpcClientProtocolService.java:lambda$processClientRequest$0(278)) - Failed RaftClientRequest:client-54A5215B9B2F->s1@group-1720A28C8555, cid=2337, seq=0, RW, Message:128f200a0a0a03666f6f...(size=4114), reply=RaftClientReply:client-54A5215B9B2F->s1@group-1720A28C8555, cid=2337, FAILED org.apache.ratis.protocol.LeaderNotReadyException: s1@group-1720A28C8555 is in LEADER state but not ready yet., logIndex=0, commits[s1:c4677, s0:c4673, s2:c4677]
2019-09-26 14:02:37,254 INFO  client.GrpcClientProtocolService (GrpcClientProtocolService.java:lambda$processClientRequest$0(278)) - Failed RaftClientRequest:client-54A5215B9B2F->s1@group-1720A28C8555, cid=2337, seq=0, RW, Message:128f200a0a0a03666f6f...(size=4114), reply=RaftClientReply:client-54A5215B9B2F->s1@group-1720A28C8555, cid=2337, FAILED org.apache.ratis.protocol.LeaderNotReadyException: s1@group-1720A28C8555 is in LEADER state but not ready yet., logIndex=0, commits[s1:c4677, s0:c4673, s2:c4677]
2019-09-26 14:02:37,255 INFO  client.GrpcClientProtocolService (GrpcClientProtocolService.java:lambda$processClientRequest$0(278)) - Failed RaftClientRequest:client-54A5215B9B2F->s1@group-1720A28C8555, cid=2337, seq=0, RW, Message:128f200a0a0a03666f6f...(size=4114), reply=RaftClientReply:client-54A5215B9B2F->s1@group-1720A28C8555, cid=2337, FAILED org.apache.ratis.protocol.LeaderNotReadyException: s1@group-1720A28C8555 is in LEADER state but not ready yet., logIndex=0, commits[s1:c4677, s0:c4673, s2:c4677]
2019-09-26 14:02:37,256 INFO  client.GrpcClientProtocolService (GrpcClientProtocolService.java:lambda$processClientRequest$0(278)) - Failed RaftClientRequest:client-54A5215B9B2F->s1@group-1720A28C8555, cid=2337, seq=0, RW, Message:128f200a0a0a03666f6f...(size=4114), reply=RaftClientReply:client-54A5215B9B2F->s1@group-1720A28C8555, cid=2337, FAILED org.apache.ratis.protocol.LeaderNotReadyException: s1@group-1720A28C8555 is in LEADER state but not ready yet., logIndex=0, commits[s1:c4677, s0:c4673, s2:c4677]
2019-09-26 14:02:37,257 INFO  client.GrpcClientProtocolService (GrpcClientProtocolService.java:lambda$processClientRequest$0(278)) - Failed RaftClientRequest:client-54A5215B9B2F->s1@group-1720A28C8555, cid=2337, seq=0, RW, Message:128f200a0a0a03666f6f...(size=4114), reply=RaftClientReply:client-54A5215B9B2F->s1@group-1720A28C8555, cid=2337, FAILED org.apache.ratis.protocol.LeaderNotReadyException: s1@group-1720A28C8555 is in LEADER state but not ready yet., logIndex=0, commits[s1:c4677, s0:c4673, s2:c4677]
2019-09-26 14:02:37,258 INFO  client.GrpcClientProtocolService (GrpcClientProtocolService.java:lambda$processClientRequest$0(278)) - Failed RaftClientRequest:client-54A5215B9B2F->s1@group-1720A28C8555, cid=2337, seq=0, RW, Message:128f200a0a0a03666f6f...(size=4114), reply=RaftClientReply:client-54A5215B9B2F->s1@group-1720A28C8555, cid=2337, FAILED org.apache.ratis.protocol.LeaderNotReadyException: s1@group-1720A28C8555 is in LEADER state but not ready yet., logIndex=0, commits[s1:c4677, s0:c4673, s2:c4677]
2019-09-26 14:02:37,259 INFO  client.GrpcClientProtocolService (GrpcClientProtocolService.java:lambda$processClientRequest$0(278)) - Failed RaftClientRequest:client-54A5215B9B2F->s1@group-1720A28C8555, cid=2337, seq=0, RW, Message:128f200a0a0a03666f6f...(size=4114), reply=RaftClientReply:client-54A5215B9B2F->s1@group-1720A28C8555, cid=2337, FAILED org.apache.ratis.protocol.LeaderNotReadyException: s1@group-1720A28C8555 is in LEADER state but not ready yet., logIndex=0, commits[s1:c4677, s0:c4673, s2:c4677]
2019-09-26 14:02:37,260 INFO  client.GrpcClientProtocolService (GrpcClientProtocolService.java:lambda$processClientRequest$0(278)) - Failed RaftClientRequest:client-54A5215B9B2F->s1@group-1720A28C8555, cid=2337, seq=0, RW, Message:128f200a0a0a03666f6f...(size=4114), reply=RaftClientReply:client-54A5215B9B2F->s1@group-1720A28C8555, cid=2337, FAILED org.apache.ratis.protocol.LeaderNotReadyException: s1@group-1720A28C8555 is in LEADER state but not ready yet., logIndex=0, commits[s1:c4677, s0:c4673, s2:c4677]
2019-09-26 14:02:37,260 INFO  client.GrpcClientProtocolService (GrpcClientProtocolService.java:lambda$processClientRequest$0(278)) - Failed RaftClientRequest:client-54A5215B9B2F->s1@group-1720A28C8555, cid=2337, seq=0, RW, Message:128f200a0a0a03666f6f...(size=4114), reply=RaftClientReply:client-54A5215B9B2F->s1@group-1720A28C8555, cid=2337, FAILED org.apache.ratis.protocol.LeaderNotReadyException: s1@group-1720A28C8555 is in LEADER state but not ready yet., logIndex=0, commits[s1:c4677, s0:c4673, s2:c4677]
2019-09-26 14:02:37,261 INFO  client.GrpcClientProtocolService (GrpcClientProtocolService.java:lambda$processClientRequest$0(278)) - Failed RaftClientRequest:client-54A5215B9B2F->s1@group-1720A28C8555, cid=2337, seq=0, RW, Message:128f200a0a0a03666f6f...(size=4114), reply=RaftClientReply:client-54A5215B9B2F->s1@group-1720A28C8555, cid=2337, FAILED org.apache.ratis.protocol.LeaderNotReadyException: s1@group-1720A28C8555 is in LEADER state but not ready yet., logIndex=0, commits[s1:c4677, s0:c4673, s2:c4677]
2019-09-26 14:02:37,262 INFO  client.GrpcClientProtocolService (GrpcClientProtocolService.java:lambda$processClientRequest$0(278)) - Failed RaftClientRequest:client-54A5215B9B2F->s1@group-1720A28C8555, cid=2337, seq=0, RW, Message:128f200a0a0a03666f6f...(size=4114), reply=RaftClientReply:client-54A5215B9B2F->s1@group-1720A28C8555, cid=2337, FAILED org.apache.ratis.protocol.LeaderNotReadyException: s1@group-1720A28C8555 is in LEADER state but not ready yet., logIndex=0, commits[s1:c4677, s0:c4673, s2:c4677]
2019-09-26 14:02:37,263 INFO  client.GrpcClientProtocolService (GrpcClientProtocolService.java:lambda$processClientRequest$0(278)) - Failed RaftClientRequest:client-54A5215B9B2F->s1@group-1720A28C8555, cid=2337, seq=0, RW, Message:128f200a0a0a03666f6f...(size=4114), reply=RaftClientReply:client-54A5215B9B2F->s1@group-1720A28C8555, cid=2337, FAILED org.apache.ratis.protocol.LeaderNotReadyException: s1@group-1720A28C8555 is in LEADER state but not ready yet., logIndex=0, commits[s1:c4677, s0:c4673, s2:c4677]
2019-09-26 14:02:37,264 INFO  client.GrpcClientProtocolService (GrpcClientProtocolService.java:lambda$processClientRequest$0(278)) - Failed RaftClientRequest:client-54A5215B9B2F->s1@group-1720A28C8555, cid=2337, seq=0, RW, Message:128f200a0a0a03666f6f...(size=4114), reply=RaftClientReply:client-54A5215B9B2F->s1@group-1720A28C8555, cid=2337, FAILED org.apache.ratis.protocol.LeaderNotReadyException: s1@group-1720A28C8555 is in LEADER state but not ready yet., logIndex=0, commits[s1:c4677, s0:c4673, s2:c4677]
2019-09-26 14:02:37,265 INFO  client.GrpcClientProtocolService (GrpcClientProtocolService.java:lambda$processClientRequest$0(278)) - Failed RaftClientRequest:client-54A5215B9B2F->s1@group-1720A28C8555, cid=2337, seq=0, RW, Message:128f200a0a0a03666f6f...(size=4114), reply=RaftClientReply:client-54A5215B9B2F->s1@group-1720A28C8555, cid=2337, FAILED org.apache.ratis.protocol.LeaderNotReadyException: s1@group-1720A28C8555 is in LEADER state but not ready yet., logIndex=0, commits[s1:c4677, s0:c4673, s2:c4677]
2019-09-26 14:02:37,266 INFO  client.GrpcClientProtocolService (GrpcClientProtocolService.java:lambda$processClientRequest$0(278)) - Failed RaftClientRequest:client-54A5215B9B2F->s1@group-1720A28C8555, cid=2337, seq=0, RW, Message:128f200a0a0a03666f6f...(size=4114), reply=RaftClientReply:client-54A5215B9B2F->s1@group-1720A28C8555, cid=2337, FAILED org.apache.ratis.protocol.LeaderNotReadyException: s1@group-1720A28C8555 is in LEADER state but not ready yet., logIndex=0, commits[s1:c4677, s0:c4673, s2:c4677]
2019-09-26 14:02:37,267 INFO  client.GrpcClientProtocolService (GrpcClientProtocolService.java:lambda$processClientRequest$0(278)) - Failed RaftClientRequest:client-54A5215B9B2F->s1@group-1720A28C8555, cid=2337, seq=0, RW, Message:128f200a0a0a03666f6f...(size=4114), reply=RaftClientReply:client-54A5215B9B2F->s1@group-1720A28C8555, cid=2337, FAILED org.apache.ratis.protocol.LeaderNotReadyException: s1@group-1720A28C8555 is in LEADER state but not ready yet., logIndex=0, commits[s1:c4677, s0:c4673, s2:c4677]
2019-09-26 14:02:37,268 INFO  client.GrpcClientProtocolService (GrpcClientProtocolService.java:lambda$processClientRequest$0(278)) - Failed RaftClientRequest:client-54A5215B9B2F->s1@group-1720A28C8555, cid=2337, seq=0, RW, Message:128f200a0a0a03666f6f...(size=4114), reply=RaftClientReply:client-54A5215B9B2F->s1@group-1720A28C8555, cid=2337, FAILED org.apache.ratis.protocol.LeaderNotReadyException: s1@group-1720A28C8555 is in LEADER state but not ready yet., logIndex=0, commits[s1:c4677, s0:c4673, s2:c4677]
2019-09-26 14:02:37,269 INFO  client.GrpcClientProtocolService (GrpcClientProtocolService.java:lambda$processClientRequest$0(278)) - Failed RaftClientRequest:client-54A5215B9B2F->s1@group-1720A28C8555, cid=2337, seq=0, RW, Message:128f200a0a0a03666f6f...(size=4114), reply=RaftClientReply:client-54A5215B9B2F->s1@group-1720A28C8555, cid=2337, FAILED org.apache.ratis.protocol.LeaderNotReadyException: s1@group-1720A28C8555 is in LEADER state but not ready yet., logIndex=0, commits[s1:c4677, s0:c4673, s2:c4677]
2019-09-26 14:02:37,270 INFO  client.GrpcClientProtocolService (GrpcClientProtocolService.java:lambda$processClientRequest$0(278)) - Failed RaftClientRequest:client-54A5215B9B2F->s1@group-1720A28C8555, cid=2337, seq=0, RW, Message:128f200a0a0a03666f6f...(size=4114), reply=RaftClientReply:client-54A5215B9B2F->s1@group-1720A28C8555, cid=2337, FAILED org.apache.ratis.protocol.LeaderNotReadyException: s1@group-1720A28C8555 is in LEADER state but not ready yet., logIndex=0, commits[s1:c4677, s0:c4673, s2:c4677]
2019-09-26 14:02:37,271 INFO  client.GrpcClientProtocolService (GrpcClientProtocolService.java:lambda$processClientRequest$0(278)) - Failed RaftClientRequest:client-54A5215B9B2F->s1@group-1720A28C8555, cid=2337, seq=0, RW, Message:128f200a0a0a03666f6f...(size=4114), reply=RaftClientReply:client-54A5215B9B2F->s1@group-1720A28C8555, cid=2337, FAILED org.apache.ratis.protocol.LeaderNotReadyException: s1@group-1720A28C8555 is in LEADER state but not ready yet., logIndex=0, commits[s1:c4677, s0:c4673, s2:c4677]
2019-09-26 14:02:37,272 INFO  client.GrpcClientProtocolService (GrpcClientProtocolService.java:lambda$processClientRequest$0(278)) - Failed RaftClientRequest:client-54A5215B9B2F->s1@group-1720A28C8555, cid=2337, seq=0, RW, Message:128f200a0a0a03666f6f...(size=4114), reply=RaftClientReply:client-54A5215B9B2F->s1@group-1720A28C8555, cid=2337, FAILED org.apache.ratis.protocol.LeaderNotReadyException: s1@group-1720A28C8555 is in LEADER state but not ready yet., logIndex=0, commits[s1:c4677, s0:c4673, s2:c4677]
2019-09-26 14:02:37,272 INFO  client.GrpcClientProtocolService (GrpcClientProtocolService.java:lambda$processClientRequest$0(278)) - Failed RaftClientRequest:client-54A5215B9B2F->s1@group-1720A28C8555, cid=2337, seq=0, RW, Message:128f200a0a0a03666f6f...(size=4114), reply=RaftClientReply:client-54A5215B9B2F->s1@group-1720A28C8555, cid=2337, FAILED org.apache.ratis.protocol.LeaderNotReadyException: s1@group-1720A28C8555 is in LEADER state but not ready yet., logIndex=0, commits[s1:c4677, s0:c4673, s2:c4677]
2019-09-26 14:02:37,273 INFO  client.GrpcClientProtocolService (GrpcClientProtocolService.java:lambda$processClientRequest$0(278)) - Failed RaftClientRequest:client-54A5215B9B2F->s1@group-1720A28C8555, cid=2337, seq=0, RW, Message:128f200a0a0a03666f6f...(size=4114), reply=RaftClientReply:client-54A5215B9B2F->s1@group-1720A28C8555, cid=2337, FAILED org.apache.ratis.protocol.LeaderNotReadyException: s1@group-1720A28C8555 is in LEADER state but not ready yet., logIndex=0, commits[s1:c4677, s0:c4673, s2:c4677]
2019-09-26 14:02:37,274 INFO  client.GrpcClientProtocolService (GrpcClientProtocolService.java:lambda$processClientRequest$0(278)) - Failed RaftClientRequest:client-54A5215B9B2F->s1@group-1720A28C8555, cid=2337, seq=0, RW, Message:128f200a0a0a03666f6f...(size=4114), reply=RaftClientReply:client-54A5215B9B2F->s1@group-1720A28C8555, cid=2337, FAILED org.apache.ratis.protocol.LeaderNotReadyException: s1@group-1720A28C8555 is in LEADER state but not ready yet., logIndex=0, commits[s1:c4677, s0:c4673, s2:c4677]
2019-09-26 14:02:37,275 INFO  client.GrpcClientProtocolService (GrpcClientProtocolService.java:lambda$processClientRequest$0(278)) - Failed RaftClientRequest:client-54A5215B9B2F->s1@group-1720A28C8555, cid=2337, seq=0, RW, Message:128f200a0a0a03666f6f...(size=4114), reply=RaftClientReply:client-54A5215B9B2F->s1@group-1720A28C8555, cid=2337, FAILED org.apache.ratis.protocol.LeaderNotReadyException: s1@group-1720A28C8555 is in LEADER state but not ready yet., logIndex=0, commits[s1:c4677, s0:c4673, s2:c4677]
2019-09-26 14:02:37,276 INFO  client.GrpcClientProtocolService (GrpcClientProtocolService.java:lambda$processClientRequest$0(278)) - Failed RaftClientRequest:client-54A5215B9B2F->s1@group-1720A28C8555, cid=2337, seq=0, RW, Message:128f200a0a0a03666f6f...(size=4114), reply=RaftClientReply:client-54A5215B9B2F->s1@group-1720A28C8555, cid=2337, FAILED org.apache.ratis.protocol.LeaderNotReadyException: s1@group-1720A28C8555 is in LEADER state but not ready yet., logIndex=0, commits[s1:c4677, s0:c4673, s2:c4677]
2019-09-26 14:02:37,277 INFO  client.GrpcClientProtocolService (GrpcClientProtocolService.java:lambda$processClientRequest$0(278)) - Failed RaftClientRequest:client-54A5215B9B2F->s1@group-1720A28C8555, cid=2337, seq=0, RW, Message:128f200a0a0a03666f6f...(size=4114), reply=RaftClientReply:client-54A5215B9B2F->s1@group-1720A28C8555, cid=2337, FAILED org.apache.ratis.protocol.LeaderNotReadyException: s1@group-1720A28C8555 is in LEADER state but not ready yet., logIndex=0, commits[s1:c4677, s0:c4673, s2:c4677]
2019-09-26 14:02:37,278 INFO  client.GrpcClientProtocolService (GrpcClientProtocolService.java:lambda$processClientRequest$0(278)) - Failed RaftClientRequest:client-54A5215B9B2F->s1@group-1720A28C8555, cid=2337, seq=0, RW, Message:128f200a0a0a03666f6f...(size=4114), reply=RaftClientReply:client-54A5215B9B2F->s1@group-1720A28C8555, cid=2337, FAILED org.apache.ratis.protocol.LeaderNotReadyException: s1@group-1720A28C8555 is in LEADER state but not ready yet., logIndex=0, commits[s1:c4677, s0:c4673, s2:c4677]
2019-09-26 14:02:37,279 INFO  client.GrpcClientProtocolService (GrpcClientProtocolService.java:lambda$processClientRequest$0(278)) - Failed RaftClientRequest:client-54A5215B9B2F->s1@group-1720A28C8555, cid=2337, seq=0, RW, Message:128f200a0a0a03666f6f...(size=4114), reply=RaftClientReply:client-54A5215B9B2F->s1@group-1720A28C8555, cid=2337, FAILED org.apache.ratis.protocol.LeaderNotReadyException: s1@group-1720A28C8555 is in LEADER state but not ready yet., logIndex=0, commits[s1:c4677, s0:c4673, s2:c4677]
2019-09-26 14:02:37,280 INFO  client.GrpcClientProtocolService (GrpcClientProtocolService.java:lambda$processClientRequest$0(278)) - Failed RaftClientRequest:client-54A5215B9B2F->s1@group-1720A28C8555, cid=2337, seq=0, RW, Message:128f200a0a0a03666f6f...(size=4114), reply=RaftClientReply:client-54A5215B9B2F->s1@group-1720A28C8555, cid=2337, FAILED org.apache.ratis.protocol.LeaderNotReadyException: s1@group-1720A28C8555 is in LEADER state but not ready yet., logIndex=0, commits[s1:c4677, s0:c4673, s2:c4677]
2019-09-26 14:02:37,281 INFO  client.GrpcClientProtocolService (GrpcClientProtocolService.java:lambda$processClientRequest$0(278)) - Failed RaftClientRequest:client-54A5215B9B2F->s1@group-1720A28C8555, cid=2337, seq=0, RW, Message:128f200a0a0a03666f6f...(size=4114), reply=RaftClientReply:client-54A5215B9B2F->s1@group-1720A28C8555, cid=2337, FAILED org.apache.ratis.protocol.LeaderNotReadyException: s1@group-1720A28C8555 is in LEADER state but not ready yet., logIndex=0, commits[s1:c4677, s0:c4673, s2:c4677]
2019-09-26 14:02:37,282 INFO  client.GrpcClientProtocolService (GrpcClientProtocolService.java:lambda$processClientRequest$0(278)) - Failed RaftClientRequest:client-54A5215B9B2F->s1@group-1720A28C8555, cid=2337, seq=0, RW, Message:128f200a0a0a03666f6f...(size=4114), reply=RaftClientReply:client-54A5215B9B2F->s1@group-1720A28C8555, cid=2337, FAILED org.apache.ratis.protocol.LeaderNotReadyException: s1@group-1720A28C8555 is in LEADER state but not ready yet., logIndex=0, commits[s1:c4677, s0:c4673, s2:c4677]
2019-09-26 14:02:37,283 INFO  client.GrpcClientProtocolService (GrpcClientProtocolService.java:lambda$processClientRequest$0(278)) - Failed RaftClientRequest:client-54A5215B9B2F->s1@group-1720A28C8555, cid=2337, seq=0, RW, Message:128f200a0a0a03666f6f...(size=4114), reply=RaftClientReply:client-54A5215B9B2F->s1@group-1720A28C8555, cid=2337, FAILED org.apache.ratis.protocol.LeaderNotReadyException: s1@group-1720A28C8555 is in LEADER state but not ready yet., logIndex=0, commits[s1:c4677, s0:c4673, s2:c4677]
2019-09-26 14:02:37,284 INFO  client.GrpcClientProtocolService (GrpcClientProtocolService.java:lambda$processClientRequest$0(278)) - Failed RaftClientRequest:client-54A5215B9B2F->s1@group-1720A28C8555, cid=2337, seq=0, RW, Message:128f200a0a0a03666f6f...(size=4114), reply=RaftClientReply:client-54A5215B9B2F->s1@group-1720A28C8555, cid=2337, FAILED org.apache.ratis.protocol.LeaderNotReadyException: s1@group-1720A28C8555 is in LEADER state but not ready yet., logIndex=0, commits[s1:c4677, s0:c4673, s2:c4677]
2019-09-26 14:02:37,285 INFO  client.GrpcClientProtocolService (GrpcClientProtocolService.java:lambda$processClientRequest$0(278)) - Failed RaftClientRequest:client-54A5215B9B2F->s1@group-1720A28C8555, cid=2337, seq=0, RW, Message:128f200a0a0a03666f6f...(size=4114), reply=RaftClientReply:client-54A5215B9B2F->s1@group-1720A28C8555, cid=2337, FAILED org.apache.ratis.protocol.LeaderNotReadyException: s1@group-1720A28C8555 is in LEADER state but not ready yet., logIndex=0, commits[s1:c4677, s0:c4673, s2:c4677]
2019-09-26 14:02:37,286 INFO  client.GrpcClientProtocolService (GrpcClientProtocolService.java:lambda$processClientRequest$0(278)) - Failed RaftClientRequest:client-54A5215B9B2F->s1@group-1720A28C8555, cid=2337, seq=0, RW, Message:128f200a0a0a03666f6f...(size=4114), reply=RaftClientReply:client-54A5215B9B2F->s1@group-1720A28C8555, cid=2337, FAILED org.apache.ratis.protocol.LeaderNotReadyException: s1@group-1720A28C8555 is in LEADER state but not ready yet., logIndex=0, commits[s1:c4677, s0:c4673, s2:c4677]
2019-09-26 14:02:37,287 INFO  client.GrpcClientProtocolService (GrpcClientProtocolService.java:lambda$processClientRequest$0(278)) - Failed RaftClientRequest:client-54A5215B9B2F->s1@group-1720A28C8555, cid=2337, seq=0, RW, Message:128f200a0a0a03666f6f...(size=4114), reply=RaftClientReply:client-54A5215B9B2F->s1@group-1720A28C8555, cid=2337, FAILED org.apache.ratis.protocol.LeaderNotReadyException: s1@group-1720A28C8555 is in LEADER state but not ready yet., logIndex=0, commits[s1:c4677, s0:c4673, s2:c4677]
2019-09-26 14:02:37,288 INFO  client.GrpcClientProtocolService (GrpcClientProtocolService.java:lambda$processClientRequest$0(278)) - Failed RaftClientRequest:client-54A5215B9B2F->s1@group-1720A28C8555, cid=2337, seq=0, RW, Message:128f200a0a0a03666f6f...(size=4114), reply=RaftClientReply:client-54A5215B9B2F->s1@group-1720A28C8555, cid=2337, FAILED org.apache.ratis.protocol.LeaderNotReadyException: s1@group-1720A28C8555 is in LEADER state but not ready yet., logIndex=0, commits[s1:c4677, s0:c4673, s2:c4677]
2019-09-26 14:02:37,288 INFO  client.GrpcClientProtocolService (GrpcClientProtocolService.java:lambda$processClientRequest$0(278)) - Failed RaftClientRequest:client-54A5215B9B2F->s1@group-1720A28C8555, cid=2337, seq=0, RW, Message:128f200a0a0a03666f6f...(size=4114), reply=RaftClientReply:client-54A5215B9B2F->s1@group-1720A28C8555, cid=2337, FAILED org.apache.ratis.protocol.LeaderNotReadyException: s1@group-1720A28C8555 is in LEADER state but not ready yet., logIndex=0, commits[s1:c4677, s0:c4673, s2:c4677]
2019-09-26 14:02:37,289 INFO  client.GrpcClientProtocolService (GrpcClientProtocolService.java:lambda$processClientRequest$0(278)) - Failed RaftClientRequest:client-54A5215B9B2F->s1@group-1720A28C8555, cid=2337, seq=0, RW, Message:128f200a0a0a03666f6f...(size=4114), reply=RaftClientReply:client-54A5215B9B2F->s1@group-1720A28C8555, cid=2337, FAILED org.apache.ratis.protocol.LeaderNotReadyException: s1@group-1720A28C8555 is in LEADER state but not ready yet., logIndex=0, commits[s1:c4677, s0:c4673, s2:c4677]
2019-09-26 14:02:37,290 INFO  client.GrpcClientProtocolService (GrpcClientProtocolService.java:lambda$processClientRequest$0(278)) - Failed RaftClientRequest:client-54A5215B9B2F->s1@group-1720A28C8555, cid=2337, seq=0, RW, Message:128f200a0a0a03666f6f...(size=4114), reply=RaftClientReply:client-54A5215B9B2F->s1@group-1720A28C8555, cid=2337, FAILED org.apache.ratis.protocol.LeaderNotReadyException: s1@group-1720A28C8555 is in LEADER state but not ready yet., logIndex=0, commits[s1:c4677, s0:c4673, s2:c4677]
2019-09-26 14:02:37,291 INFO  client.GrpcClientProtocolService (GrpcClientProtocolService.java:lambda$processClientRequest$0(278)) - Failed RaftClientRequest:client-54A5215B9B2F->s1@group-1720A28C8555, cid=2337, seq=0, RW, Message:128f200a0a0a03666f6f...(size=4114), reply=RaftClientReply:client-54A5215B9B2F->s1@group-1720A28C8555, cid=2337, FAILED org.apache.ratis.protocol.LeaderNotReadyException: s1@group-1720A28C8555 is in LEADER state but not ready yet., logIndex=0, commits[s1:c4677, s0:c4673, s2:c4677]
2019-09-26 14:02:37,292 INFO  client.GrpcClientProtocolService (GrpcClientProtocolService.java:lambda$processClientRequest$0(278)) - Failed RaftClientRequest:client-54A5215B9B2F->s1@group-1720A28C8555, cid=2337, seq=0, RW, Message:128f200a0a0a03666f6f...(size=4114), reply=RaftClientReply:client-54A5215B9B2F->s1@group-1720A28C8555, cid=2337, FAILED org.apache.ratis.protocol.LeaderNotReadyException: s1@group-1720A28C8555 is in LEADER state but not ready yet., logIndex=0, commits[s1:c4677, s0:c4673, s2:c4677]
2019-09-26 14:02:37,293 INFO  client.GrpcClientProtocolService (GrpcClientProtocolService.java:lambda$processClientRequest$0(278)) - Failed RaftClientRequest:client-54A5215B9B2F->s1@group-1720A28C8555, cid=2337, seq=0, RW, Message:128f200a0a0a03666f6f...(size=4114), reply=RaftClientReply:client-54A5215B9B2F->s1@group-1720A28C8555, cid=2337, FAILED org.apache.ratis.protocol.LeaderNotReadyException: s1@group-1720A28C8555 is in LEADER state but not ready yet., logIndex=0, commits[s1:c4677, s0:c4673, s2:c4677]
2019-09-26 14:02:37,294 INFO  client.GrpcClientProtocolService (GrpcClientProtocolService.java:lambda$processClientRequest$0(278)) - Failed RaftClientRequest:client-54A5215B9B2F->s1@group-1720A28C8555, cid=2337, seq=0, RW, Message:128f200a0a0a03666f6f...(size=4114), reply=RaftClientReply:client-54A5215B9B2F->s1@group-1720A28C8555, cid=2337, FAILED org.apache.ratis.protocol.LeaderNotReadyException: s1@group-1720A28C8555 is in LEADER state but not ready yet., logIndex=0, commits[s1:c4677, s0:c4673, s2:c4677]
2019-09-26 14:02:37,295 INFO  client.GrpcClientProtocolService (GrpcClientProtocolService.java:lambda$processClientRequest$0(278)) - Failed RaftClientRequest:client-54A5215B9B2F->s1@group-1720A28C8555, cid=2337, seq=0, RW, Message:128f200a0a0a03666f6f...(size=4114), reply=RaftClientReply:client-54A5215B9B2F->s1@group-1720A28C8555, cid=2337, FAILED org.apache.ratis.protocol.LeaderNotReadyException: s1@group-1720A28C8555 is in LEADER state but not ready yet., logIndex=0, commits[s1:c4677, s0:c4673, s2:c4677]
2019-09-26 14:02:37,296 INFO  client.GrpcClientProtocolService (GrpcClientProtocolService.java:lambda$processClientRequest$0(278)) - Failed RaftClientRequest:client-54A5215B9B2F->s1@group-1720A28C8555, cid=2337, seq=0, RW, Message:128f200a0a0a03666f6f...(size=4114), reply=RaftClientReply:client-54A5215B9B2F->s1@group-1720A28C8555, cid=2337, FAILED org.apache.ratis.protocol.LeaderNotReadyException: s1@group-1720A28C8555 is in LEADER state but not ready yet., logIndex=0, commits[s1:c4677, s0:c4673, s2:c4677]
2019-09-26 14:02:37,297 INFO  client.GrpcClientProtocolService (GrpcClientProtocolService.java:lambda$processClientRequest$0(278)) - Failed RaftClientRequest:client-54A5215B9B2F->s1@group-1720A28C8555, cid=2337, seq=0, RW, Message:128f200a0a0a03666f6f...(size=4114), reply=RaftClientReply:client-54A5215B9B2F->s1@group-1720A28C8555, cid=2337, FAILED org.apache.ratis.protocol.LeaderNotReadyException: s1@group-1720A28C8555 is in LEADER state but not ready yet., logIndex=0, commits[s1:c4677, s0:c4673, s2:c4677]
2019-09-26 14:02:37,298 INFO  client.GrpcClientProtocolService (GrpcClientProtocolService.java:lambda$processClientRequest$0(278)) - Failed RaftClientRequest:client-54A5215B9B2F->s1@group-1720A28C8555, cid=2337, seq=0, RW, Message:128f200a0a0a03666f6f...(size=4114), reply=RaftClientReply:client-54A5215B9B2F->s1@group-1720A28C8555, cid=2337, FAILED org.apache.ratis.protocol.LeaderNotReadyException: s1@group-1720A28C8555 is in LEADER state but not ready yet., logIndex=0, commits[s1:c4677, s0:c4673, s2:c4677]
2019-09-26 14:02:37,299 INFO  client.GrpcClientProtocolService (GrpcClientProtocolService.java:lambda$processClientRequest$0(278)) - Failed RaftClientRequest:client-54A5215B9B2F->s1@group-1720A28C8555, cid=2337, seq=0, RW, Message:128f200a0a0a03666f6f...(size=4114), reply=RaftClientReply:client-54A5215B9B2F->s1@group-1720A28C8555, cid=2337, FAILED org.apache.ratis.protocol.LeaderNotReadyException: s1@group-1720A28C8555 is in LEADER state but not ready yet., logIndex=0, commits[s1:c4677, s0:c4673, s2:c4677]
2019-09-26 14:02:37,300 INFO  client.GrpcClientProtocolService (GrpcClientProtocolService.java:lambda$processClientRequest$0(278)) - Failed RaftClientRequest:client-54A5215B9B2F->s1@group-1720A28C8555, cid=2337, seq=0, RW, Message:128f200a0a0a03666f6f...(size=4114), reply=RaftClientReply:client-54A5215B9B2F->s1@group-1720A28C8555, cid=2337, FAILED org.apache.ratis.protocol.LeaderNotReadyException: s1@group-1720A28C8555 is in LEADER state but not ready yet., logIndex=0, commits[s1:c4677, s0:c4673, s2:c4677]
2019-09-26 14:02:37,301 INFO  client.GrpcClientProtocolService (GrpcClientProtocolService.java:lambda$processClientRequest$0(278)) - Failed RaftClientRequest:client-54A5215B9B2F->s1@group-1720A28C8555, cid=2337, seq=0, RW, Message:128f200a0a0a03666f6f...(size=4114), reply=RaftClientReply:client-54A5215B9B2F->s1@group-1720A28C8555, cid=2337, FAILED org.apache.ratis.protocol.LeaderNotReadyException: s1@group-1720A28C8555 is in LEADER state but not ready yet., logIndex=0, commits[s1:c4677, s0:c4673, s2:c4677]
2019-09-26 14:02:37,302 INFO  client.GrpcClientProtocolService (GrpcClientProtocolService.java:lambda$processClientRequest$0(278)) - Failed RaftClientRequest:client-54A5215B9B2F->s1@group-1720A28C8555, cid=2337, seq=0, RW, Message:128f200a0a0a03666f6f...(size=4114), reply=RaftClientReply:client-54A5215B9B2F->s1@group-1720A28C8555, cid=2337, FAILED org.apache.ratis.protocol.LeaderNotReadyException: s1@group-1720A28C8555 is in LEADER state but not ready yet., logIndex=0, commits[s1:c4677, s0:c4673, s2:c4677]
2019-09-26 14:02:37,303 INFO  client.GrpcClientProtocolService (GrpcClientProtocolService.java:lambda$processClientRequest$0(278)) - Failed RaftClientRequest:client-54A5215B9B2F->s1@group-1720A28C8555, cid=2337, seq=0, RW, Message:128f200a0a0a03666f6f...(size=4114), reply=RaftClientReply:client-54A5215B9B2F->s1@group-1720A28C8555, cid=2337, FAILED org.apache.ratis.protocol.LeaderNotReadyException: s1@group-1720A28C8555 is in LEADER state but not ready yet., logIndex=0, commits[s1:c4677, s0:c4673, s2:c4677]
2019-09-26 14:02:37,304 INFO  client.GrpcClientProtocolService (GrpcClientProtocolService.java:lambda$processClientRequest$0(278)) - Failed RaftClientRequest:client-54A5215B9B2F->s1@group-1720A28C8555, cid=2337, seq=0, RW, Message:128f200a0a0a03666f6f...(size=4114), reply=RaftClientReply:client-54A5215B9B2F->s1@group-1720A28C8555, cid=2337, FAILED org.apache.ratis.protocol.LeaderNotReadyException: s1@group-1720A28C8555 is in LEADER state but not ready yet., logIndex=0, commits[s1:c4677, s0:c4673, s2:c4677]
2019-09-26 14:02:37,305 INFO  client.GrpcClientProtocolService (GrpcClientProtocolService.java:lambda$processClientRequest$0(278)) - Failed RaftClientRequest:client-54A5215B9B2F->s1@group-1720A28C8555, cid=2337, seq=0, RW, Message:128f200a0a0a03666f6f...(size=4114), reply=RaftClientReply:client-54A5215B9B2F->s1@group-1720A28C8555, cid=2337, FAILED org.apache.ratis.protocol.LeaderNotReadyException: s1@group-1720A28C8555 is in LEADER state but not ready yet., logIndex=0, commits[s1:c4677, s0:c4673, s2:c4677]
2019-09-26 14:02:37,306 INFO  client.GrpcClientProtocolService (GrpcClientProtocolService.java:lambda$processClientRequest$0(278)) - Failed RaftClientRequest:client-54A5215B9B2F->s1@group-1720A28C8555, cid=2337, seq=0, RW, Message:128f200a0a0a03666f6f...(size=4114), reply=RaftClientReply:client-54A5215B9B2F->s1@group-1720A28C8555, cid=2337, FAILED org.apache.ratis.protocol.LeaderNotReadyException: s1@group-1720A28C8555 is in LEADER state but not ready yet., logIndex=0, commits[s1:c4677, s0:c4673, s2:c4677]
2019-09-26 14:02:37,307 INFO  client.GrpcClientProtocolService (GrpcClientProtocolService.java:lambda$processClientRequest$0(278)) - Failed RaftClientRequest:client-54A5215B9B2F->s1@group-1720A28C8555, cid=2337, seq=0, RW, Message:128f200a0a0a03666f6f...(size=4114), reply=RaftClientReply:client-54A5215B9B2F->s1@group-1720A28C8555, cid=2337, FAILED org.apache.ratis.protocol.LeaderNotReadyException: s1@group-1720A28C8555 is in LEADER state but not ready yet., logIndex=0, commits[s1:c4677, s0:c4673, s2:c4677]
2019-09-26 14:02:37,308 INFO  client.GrpcClientProtocolService (GrpcClientProtocolService.java:lambda$processClientRequest$0(278)) - Failed RaftClientRequest:client-54A5215B9B2F->s1@group-1720A28C8555, cid=2337, seq=0, RW, Message:128f200a0a0a03666f6f...(size=4114), reply=RaftClientReply:client-54A5215B9B2F->s1@group-1720A28C8555, cid=2337, FAILED org.apache.ratis.protocol.LeaderNotReadyException: s1@group-1720A28C8555 is in LEADER state but not ready yet., logIndex=0, commits[s1:c4677, s0:c4673, s2:c4677]
2019-09-26 14:02:37,309 INFO  client.GrpcClientProtocolService (GrpcClientProtocolService.java:lambda$processClientRequest$0(278)) - Failed RaftClientRequest:client-54A5215B9B2F->s1@group-1720A28C8555, cid=2337, seq=0, RW, Message:128f200a0a0a03666f6f...(size=4114), reply=RaftClientReply:client-54A5215B9B2F->s1@group-1720A28C8555, cid=2337, FAILED org.apache.ratis.protocol.LeaderNotReadyException: s1@group-1720A28C8555 is in LEADER state but not ready yet., logIndex=0, commits[s1:c4677, s0:c4673, s2:c4677]
2019-09-26 14:02:37,310 INFO  client.GrpcClientProtocolService (GrpcClientProtocolService.java:lambda$processClientRequest$0(278)) - Failed RaftClientRequest:client-54A5215B9B2F->s1@group-1720A28C8555, cid=2337, seq=0, RW, Message:128f200a0a0a03666f6f...(size=4114), reply=RaftClientReply:client-54A5215B9B2F->s1@group-1720A28C8555, cid=2337, FAILED org.apache.ratis.protocol.LeaderNotReadyException: s1@group-1720A28C8555 is in LEADER state but not ready yet., logIndex=0, commits[s1:c4677, s0:c4673, s2:c4677]
2019-09-26 14:02:37,310 INFO  client.GrpcClientProtocolService (GrpcClientProtocolService.java:lambda$processClientRequest$0(278)) - Failed RaftClientRequest:client-54A5215B9B2F->s1@group-1720A28C8555, cid=2337, seq=0, RW, Message:128f200a0a0a03666f6f...(size=4114), reply=RaftClientReply:client-54A5215B9B2F->s1@group-1720A28C8555, cid=2337, FAILED org.apache.ratis.protocol.LeaderNotReadyException: s1@group-1720A28C8555 is in LEADER state but not ready yet., logIndex=0, commits[s1:c4677, s0:c4673, s2:c4677]
2019-09-26 14:02:37,312 INFO  client.GrpcClientProtocolService (GrpcClientProtocolService.java:lambda$processClientRequest$0(278)) - Failed RaftClientRequest:client-54A5215B9B2F->s1@group-1720A28C8555, cid=2337, seq=0, RW, Message:128f200a0a0a03666f6f...(size=4114), reply=RaftClientReply:client-54A5215B9B2F->s1@group-1720A28C8555, cid=2337, FAILED org.apache.ratis.protocol.LeaderNotReadyException: s1@group-1720A28C8555 is in LEADER state but not ready yet., logIndex=0, commits[s1:c4677, s0:c4673, s2:c4677]
2019-09-26 14:02:37,313 INFO  client.GrpcClientProtocolService (GrpcClientProtocolService.java:lambda$processClientRequest$0(278)) - Failed RaftClientRequest:client-54A5215B9B2F->s1@group-1720A28C8555, cid=2337, seq=0, RW, Message:128f200a0a0a03666f6f...(size=4114), reply=RaftClientReply:client-54A5215B9B2F->s1@group-1720A28C8555, cid=2337, FAILED org.apache.ratis.protocol.LeaderNotReadyException: s1@group-1720A28C8555 is in LEADER state but not ready yet., logIndex=0, commits[s1:c4677, s0:c4673, s2:c4677]
2019-09-26 14:02:37,314 INFO  client.GrpcClientProtocolService (GrpcClientProtocolService.java:lambda$processClientRequest$0(278)) - Failed RaftClientRequest:client-54A5215B9B2F->s1@group-1720A28C8555, cid=2337, seq=0, RW, Message:128f200a0a0a03666f6f...(size=4114), reply=RaftClientReply:client-54A5215B9B2F->s1@group-1720A28C8555, cid=2337, FAILED org.apache.ratis.protocol.LeaderNotReadyException: s1@group-1720A28C8555 is in LEADER state but not ready yet., logIndex=0, commits[s1:c4677, s0:c4673, s2:c4677]
2019-09-26 14:02:37,314 INFO  client.GrpcClientProtocolService (GrpcClientProtocolService.java:lambda$processClientRequest$0(278)) - Failed RaftClientRequest:client-54A5215B9B2F->s1@group-1720A28C8555, cid=2337, seq=0, RW, Message:128f200a0a0a03666f6f...(size=4114), reply=RaftClientReply:client-54A5215B9B2F->s1@group-1720A28C8555, cid=2337, FAILED org.apache.ratis.protocol.LeaderNotReadyException: s1@group-1720A28C8555 is in LEADER state but not ready yet., logIndex=0, commits[s1:c4677, s0:c4673, s2:c4677]
2019-09-26 14:02:37,315 INFO  client.GrpcClientProtocolService (GrpcClientProtocolService.java:lambda$processClientRequest$0(278)) - Failed RaftClientRequest:client-54A5215B9B2F->s1@group-1720A28C8555, cid=2337, seq=0, RW, Message:128f200a0a0a03666f6f...(size=4114), reply=RaftClientReply:client-54A5215B9B2F->s1@group-1720A28C8555, cid=2337, FAILED org.apache.ratis.protocol.LeaderNotReadyException: s1@group-1720A28C8555 is in LEADER state but not ready yet., logIndex=0, commits[s1:c4677, s0:c4673, s2:c4677]
2019-09-26 14:02:37,316 INFO  client.GrpcClientProtocolService (GrpcClientProtocolService.java:lambda$processClientRequest$0(278)) - Failed RaftClientRequest:client-54A5215B9B2F->s1@group-1720A28C8555, cid=2337, seq=0, RW, Message:128f200a0a0a03666f6f...(size=4114), reply=RaftClientReply:client-54A5215B9B2F->s1@group-1720A28C8555, cid=2337, FAILED org.apache.ratis.protocol.LeaderNotReadyException: s1@group-1720A28C8555 is in LEADER state but not ready yet., logIndex=0, commits[s1:c4677, s0:c4673, s2:c4677]
2019-09-26 14:02:37,317 INFO  client.GrpcClientProtocolService (GrpcClientProtocolService.java:lambda$processClientRequest$0(278)) - Failed RaftClientRequest:client-54A5215B9B2F->s1@group-1720A28C8555, cid=2337, seq=0, RW, Message:128f200a0a0a03666f6f...(size=4114), reply=RaftClientReply:client-54A5215B9B2F->s1@group-1720A28C8555, cid=2337, FAILED org.apache.ratis.protocol.LeaderNotReadyException: s1@group-1720A28C8555 is in LEADER state but not ready yet., logIndex=0, commits[s1:c4677, s0:c4673, s2:c4677]
2019-09-26 14:02:37,318 INFO  client.GrpcClientProtocolService (GrpcClientProtocolService.java:lambda$processClientRequest$0(278)) - Failed RaftClientRequest:client-54A5215B9B2F->s1@group-1720A28C8555, cid=2337, seq=0, RW, Message:128f200a0a0a03666f6f...(size=4114), reply=RaftClientReply:client-54A5215B9B2F->s1@group-1720A28C8555, cid=2337, FAILED org.apache.ratis.protocol.LeaderNotReadyException: s1@group-1720A28C8555 is in LEADER state but not ready yet., logIndex=0, commits[s1:c4677, s0:c4673, s2:c4677]
2019-09-26 14:02:37,319 INFO  client.GrpcClientProtocolService (GrpcClientProtocolService.java:lambda$processClientRequest$0(278)) - Failed RaftClientRequest:client-54A5215B9B2F->s1@group-1720A28C8555, cid=2337, seq=0, RW, Message:128f200a0a0a03666f6f...(size=4114), reply=RaftClientReply:client-54A5215B9B2F->s1@group-1720A28C8555, cid=2337, FAILED org.apache.ratis.protocol.LeaderNotReadyException: s1@group-1720A28C8555 is in LEADER state but not ready yet., logIndex=0, commits[s1:c4677, s0:c4673, s2:c4677]
2019-09-26 14:02:37,320 INFO  client.GrpcClientProtocolService (GrpcClientProtocolService.java:lambda$processClientRequest$0(278)) - Failed RaftClientRequest:client-54A5215B9B2F->s1@group-1720A28C8555, cid=2337, seq=0, RW, Message:128f200a0a0a03666f6f...(size=4114), reply=RaftClientReply:client-54A5215B9B2F->s1@group-1720A28C8555, cid=2337, FAILED org.apache.ratis.protocol.LeaderNotReadyException: s1@group-1720A28C8555 is in LEADER state but not ready yet., logIndex=0, commits[s1:c4677, s0:c4673, s2:c4677]
2019-09-26 14:02:37,321 INFO  client.GrpcClientProtocolService (GrpcClientProtocolService.java:lambda$processClientRequest$0(278)) - Failed RaftClientRequest:client-54A5215B9B2F->s1@group-1720A28C8555, cid=2337, seq=0, RW, Message:128f200a0a0a03666f6f...(size=4114), reply=RaftClientReply:client-54A5215B9B2F->s1@group-1720A28C8555, cid=2337, FAILED org.apache.ratis.protocol.LeaderNotReadyException: s1@group-1720A28C8555 is in LEADER state but not ready yet., logIndex=0, commits[s1:c4677, s0:c4673, s2:c4677]
2019-09-26 14:02:37,322 INFO  client.GrpcClientProtocolService (GrpcClientProtocolService.java:lambda$processClientRequest$0(278)) - Failed RaftClientRequest:client-54A5215B9B2F->s1@group-1720A28C8555, cid=2337, seq=0, RW, Message:128f200a0a0a03666f6f...(size=4114), reply=RaftClientReply:client-54A5215B9B2F->s1@group-1720A28C8555, cid=2337, FAILED org.apache.ratis.protocol.LeaderNotReadyException: s1@group-1720A28C8555 is in LEADER state but not ready yet., logIndex=0, commits[s1:c4677, s0:c4673, s2:c4677]
2019-09-26 14:02:37,323 INFO  client.GrpcClientProtocolService (GrpcClientProtocolService.java:lambda$processClientRequest$0(278)) - Failed RaftClientRequest:client-54A5215B9B2F->s1@group-1720A28C8555, cid=2337, seq=0, RW, Message:128f200a0a0a03666f6f...(size=4114), reply=RaftClientReply:client-54A5215B9B2F->s1@group-1720A28C8555, cid=2337, FAILED org.apache.ratis.protocol.LeaderNotReadyException: s1@group-1720A28C8555 is in LEADER state but not ready yet., logIndex=0, commits[s1:c4677, s0:c4673, s2:c4677]
2019-09-26 14:02:37,324 INFO  client.GrpcClientProtocolService (GrpcClientProtocolService.java:lambda$processClientRequest$0(278)) - Failed RaftClientRequest:client-54A5215B9B2F->s1@group-1720A28C8555, cid=2337, seq=0, RW, Message:128f200a0a0a03666f6f...(size=4114), reply=RaftClientReply:client-54A5215B9B2F->s1@group-1720A28C8555, cid=2337, FAILED org.apache.ratis.protocol.LeaderNotReadyException: s1@group-1720A28C8555 is in LEADER state but not ready yet., logIndex=0, commits[s1:c4677, s0:c4673, s2:c4677]
2019-09-26 14:02:37,325 INFO  client.GrpcClientProtocolService (GrpcClientProtocolService.java:lambda$processClientRequest$0(278)) - Failed RaftClientRequest:client-54A5215B9B2F->s1@group-1720A28C8555, cid=2337, seq=0, RW, Message:128f200a0a0a03666f6f...(size=4114), reply=RaftClientReply:client-54A5215B9B2F->s1@group-1720A28C8555, cid=2337, FAILED org.apache.ratis.protocol.LeaderNotReadyException: s1@group-1720A28C8555 is in LEADER state but not ready yet., logIndex=0, commits[s1:c4677, s0:c4673, s2:c4677]
2019-09-26 14:02:37,326 INFO  client.GrpcClientProtocolService (GrpcClientProtocolService.java:lambda$processClientRequest$0(278)) - Failed RaftClientRequest:client-54A5215B9B2F->s1@group-1720A28C8555, cid=2337, seq=0, RW, Message:128f200a0a0a03666f6f...(size=4114), reply=RaftClientReply:client-54A5215B9B2F->s1@group-1720A28C8555, cid=2337, FAILED org.apache.ratis.protocol.LeaderNotReadyException: s1@group-1720A28C8555 is in LEADER state but not ready yet., logIndex=0, commits[s1:c4677, s0:c4673, s2:c4677]
2019-09-26 14:02:37,327 INFO  client.GrpcClientProtocolService (GrpcClientProtocolService.java:lambda$processClientRequest$0(278)) - Failed RaftClientRequest:client-54A5215B9B2F->s1@group-1720A28C8555, cid=2337, seq=0, RW, Message:128f200a0a0a03666f6f...(size=4114), reply=RaftClientReply:client-54A5215B9B2F->s1@group-1720A28C8555, cid=2337, FAILED org.apache.ratis.protocol.LeaderNotReadyException: s1@group-1720A28C8555 is in LEADER state but not ready yet., logIndex=0, commits[s1:c4677, s0:c4673, s2:c4677]
2019-09-26 14:02:37,328 INFO  client.GrpcClientProtocolService (GrpcClientProtocolService.java:lambda$processClientRequest$0(278)) - Failed RaftClientRequest:client-54A5215B9B2F->s1@group-1720A28C8555, cid=2337, seq=0, RW, Message:128f200a0a0a03666f6f...(size=4114), reply=RaftClientReply:client-54A5215B9B2F->s1@group-1720A28C8555, cid=2337, FAILED org.apache.ratis.protocol.LeaderNotReadyException: s1@group-1720A28C8555 is in LEADER state but not ready yet., logIndex=0, commits[s1:c4677, s0:c4673, s2:c4677]
2019-09-26 14:02:37,329 INFO  client.GrpcClientProtocolService (GrpcClientProtocolService.java:lambda$processClientRequest$0(278)) - Failed RaftClientRequest:client-54A5215B9B2F->s1@group-1720A28C8555, cid=2337, seq=0, RW, Message:128f200a0a0a03666f6f...(size=4114), reply=RaftClientReply:client-54A5215B9B2F->s1@group-1720A28C8555, cid=2337, FAILED org.apache.ratis.protocol.LeaderNotReadyException: s1@group-1720A28C8555 is in LEADER state but not ready yet., logIndex=0, commits[s1:c4677, s0:c4673, s2:c4677]
2019-09-26 14:02:37,330 INFO  client.GrpcClientProtocolService (GrpcClientProtocolService.java:lambda$processClientRequest$0(278)) - Failed RaftClientRequest:client-54A5215B9B2F->s1@group-1720A28C8555, cid=2337, seq=0, RW, Message:128f200a0a0a03666f6f...(size=4114), reply=RaftClientReply:client-54A5215B9B2F->s1@group-1720A28C8555, cid=2337, FAILED org.apache.ratis.protocol.LeaderNotReadyException: s1@group-1720A28C8555 is in LEADER state but not ready yet., logIndex=0, commits[s1:c4677, s0:c4673, s2:c4677]
2019-09-26 14:02:37,331 INFO  client.GrpcClientProtocolService (GrpcClientProtocolService.java:lambda$processClientRequest$0(278)) - Failed RaftClientRequest:client-54A5215B9B2F->s1@group-1720A28C8555, cid=2337, seq=0, RW, Message:128f200a0a0a03666f6f...(size=4114), reply=RaftClientReply:client-54A5215B9B2F->s1@group-1720A28C8555, cid=2337, FAILED org.apache.ratis.protocol.LeaderNotReadyException: s1@group-1720A28C8555 is in LEADER state but not ready yet., logIndex=0, commits[s1:c4677, s0:c4673, s2:c4677]
2019-09-26 14:02:37,332 INFO  client.GrpcClientProtocolService (GrpcClientProtocolService.java:lambda$processClientRequest$0(278)) - Failed RaftClientRequest:client-54A5215B9B2F->s1@group-1720A28C8555, cid=2337, seq=0, RW, Message:128f200a0a0a03666f6f...(size=4114), reply=RaftClientReply:client-54A5215B9B2F->s1@group-1720A28C8555, cid=2337, FAILED org.apache.ratis.protocol.LeaderNotReadyException: s1@group-1720A28C8555 is in LEADER state but not ready yet., logIndex=0, commits[s1:c4677, s0:c4673, s2:c4677]
2019-09-26 14:02:37,333 INFO  client.GrpcClientProtocolService (GrpcClientProtocolService.java:lambda$processClientRequest$0(278)) - Failed RaftClientRequest:client-54A5215B9B2F->s1@group-1720A28C8555, cid=2337, seq=0, RW, Message:128f200a0a0a03666f6f...(size=4114), reply=RaftClientReply:client-54A5215B9B2F->s1@group-1720A28C8555, cid=2337, FAILED org.apache.ratis.protocol.LeaderNotReadyException: s1@group-1720A28C8555 is in LEADER state but not ready yet., logIndex=0, commits[s1:c4677, s0:c4673, s2:c4677]
2019-09-26 14:02:37,334 INFO  client.GrpcClientProtocolService (GrpcClientProtocolService.java:lambda$processClientRequest$0(278)) - Failed RaftClientRequest:client-54A5215B9B2F->s1@group-1720A28C8555, cid=2337, seq=0, RW, Message:128f200a0a0a03666f6f...(size=4114), reply=RaftClientReply:client-54A5215B9B2F->s1@group-1720A28C8555, cid=2337, FAILED org.apache.ratis.protocol.LeaderNotReadyException: s1@group-1720A28C8555 is in LEADER state but not ready yet., logIndex=0, commits[s1:c4677, s0:c4673, s2:c4677]
2019-09-26 14:02:37,335 INFO  client.GrpcClientProtocolService (GrpcClientProtocolService.java:lambda$processClientRequest$0(278)) - Failed RaftClientRequest:client-54A5215B9B2F->s1@group-1720A28C8555, cid=2337, seq=0, RW, Message:128f200a0a0a03666f6f...(size=4114), reply=RaftClientReply:client-54A5215B9B2F->s1@group-1720A28C8555, cid=2337, FAILED org.apache.ratis.protocol.LeaderNotReadyException: s1@group-1720A28C8555 is in LEADER state but not ready yet., logIndex=0, commits[s1:c4677, s0:c4673, s2:c4677]
2019-09-26 14:02:37,336 INFO  client.GrpcClientProtocolService (GrpcClientProtocolService.java:lambda$processClientRequest$0(278)) - Failed RaftClientRequest:client-54A5215B9B2F->s1@group-1720A28C8555, cid=2337, seq=0, RW, Message:128f200a0a0a03666f6f...(size=4114), reply=RaftClientReply:client-54A5215B9B2F->s1@group-1720A28C8555, cid=2337, FAILED org.apache.ratis.protocol.LeaderNotReadyException: s1@group-1720A28C8555 is in LEADER state but not ready yet., logIndex=0, commits[s1:c4677, s0:c4673, s2:c4677]
2019-09-26 14:02:37,337 INFO  client.GrpcClientProtocolService (GrpcClientProtocolService.java:lambda$processClientRequest$0(278)) - Failed RaftClientRequest:client-54A5215B9B2F->s1@group-1720A28C8555, cid=2337, seq=0, RW, Message:128f200a0a0a03666f6f...(size=4114), reply=RaftClientReply:client-54A5215B9B2F->s1@group-1720A28C8555, cid=2337, FAILED org.apache.ratis.protocol.LeaderNotReadyException: s1@group-1720A28C8555 is in LEADER state but not ready yet., logIndex=0, commits[s1:c4677, s0:c4673, s2:c4677]
2019-09-26 14:02:37,338 INFO  client.GrpcClientProtocolService (GrpcClientProtocolService.java:lambda$processClientRequest$0(278)) - Failed RaftClientRequest:client-54A5215B9B2F->s1@group-1720A28C8555, cid=2337, seq=0, RW, Message:128f200a0a0a03666f6f...(size=4114), reply=RaftClientReply:client-54A5215B9B2F->s1@group-1720A28C8555, cid=2337, FAILED org.apache.ratis.protocol.LeaderNotReadyException: s1@group-1720A28C8555 is in LEADER state but not ready yet., logIndex=0, commits[s1:c4677, s0:c4673, s2:c4677]
2019-09-26 14:02:37,339 INFO  client.GrpcClientProtocolService (GrpcClientProtocolService.java:lambda$processClientRequest$0(278)) - Failed RaftClientRequest:client-54A5215B9B2F->s1@group-1720A28C8555, cid=2337, seq=0, RW, Message:128f200a0a0a03666f6f...(size=4114), reply=RaftClientReply:client-54A5215B9B2F->s1@group-1720A28C8555, cid=2337, FAILED org.apache.ratis.protocol.LeaderNotReadyException: s1@group-1720A28C8555 is in LEADER state but not ready yet., logIndex=0, commits[s1:c4677, s0:c4673, s2:c4677]
2019-09-26 14:02:37,339 INFO  client.GrpcClientProtocolService (GrpcClientProtocolService.java:lambda$processClientRequest$0(278)) - Failed RaftClientRequest:client-54A5215B9B2F->s1@group-1720A28C8555, cid=2337, seq=0, RW, Message:128f200a0a0a03666f6f...(size=4114), reply=RaftClientReply:client-54A5215B9B2F->s1@group-1720A28C8555, cid=2337, FAILED org.apache.ratis.protocol.LeaderNotReadyException: s1@group-1720A28C8555 is in LEADER state but not ready yet., logIndex=0, commits[s1:c4677, s0:c4673, s2:c4677]
2019-09-26 14:02:37,340 INFO  client.GrpcClientProtocolService (GrpcClientProtocolService.java:lambda$processClientRequest$0(278)) - Failed RaftClientRequest:client-54A5215B9B2F->s1@group-1720A28C8555, cid=2337, seq=0, RW, Message:128f200a0a0a03666f6f...(size=4114), reply=RaftClientReply:client-54A5215B9B2F->s1@group-1720A28C8555, cid=2337, FAILED org.apache.ratis.protocol.LeaderNotReadyException: s1@group-1720A28C8555 is in LEADER state but not ready yet., logIndex=0, commits[s1:c4677, s0:c4673, s2:c4677]
2019-09-26 14:02:37,341 INFO  client.GrpcClientProtocolService (GrpcClientProtocolService.java:lambda$processClientRequest$0(278)) - Failed RaftClientRequest:client-54A5215B9B2F->s1@group-1720A28C8555, cid=2337, seq=0, RW, Message:128f200a0a0a03666f6f...(size=4114), reply=RaftClientReply:client-54A5215B9B2F->s1@group-1720A28C8555, cid=2337, FAILED org.apache.ratis.protocol.LeaderNotReadyException: s1@group-1720A28C8555 is in LEADER state but not ready yet., logIndex=0, commits[s1:c4677, s0:c4673, s2:c4677]
2019-09-26 14:02:37,342 INFO  client.GrpcClientProtocolService (GrpcClientProtocolService.java:lambda$processClientRequest$0(278)) - Failed RaftClientRequest:client-54A5215B9B2F->s1@group-1720A28C8555, cid=2337, seq=0, RW, Message:128f200a0a0a03666f6f...(size=4114), reply=RaftClientReply:client-54A5215B9B2F->s1@group-1720A28C8555, cid=2337, FAILED org.apache.ratis.protocol.LeaderNotReadyException: s1@group-1720A28C8555 is in LEADER state but not ready yet., logIndex=0, commits[s1:c4677, s0:c4673, s2:c4677]
2019-09-26 14:02:37,343 INFO  client.GrpcClientProtocolService (GrpcClientProtocolService.java:lambda$processClientRequest$0(278)) - Failed RaftClientRequest:client-54A5215B9B2F->s1@group-1720A28C8555, cid=2337, seq=0, RW, Message:128f200a0a0a03666f6f...(size=4114), reply=RaftClientReply:client-54A5215B9B2F->s1@group-1720A28C8555, cid=2337, FAILED org.apache.ratis.protocol.LeaderNotReadyException: s1@group-1720A28C8555 is in LEADER state but not ready yet., logIndex=0, commits[s1:c4677, s0:c4673, s2:c4677]
2019-09-26 14:02:37,344 INFO  client.GrpcClientProtocolService (GrpcClientProtocolService.java:lambda$processClientRequest$0(278)) - Failed RaftClientRequest:client-54A5215B9B2F->s1@group-1720A28C8555, cid=2337, seq=0, RW, Message:128f200a0a0a03666f6f...(size=4114), reply=RaftClientReply:client-54A5215B9B2F->s1@group-1720A28C8555, cid=2337, FAILED org.apache.ratis.protocol.LeaderNotReadyException: s1@group-1720A28C8555 is in LEADER state but not ready yet., logIndex=0, commits[s1:c4677, s0:c4673, s2:c4677]
2019-09-26 14:02:37,345 INFO  client.GrpcClientProtocolService (GrpcClientProtocolService.java:lambda$processClientRequest$0(278)) - Failed RaftClientRequest:client-54A5215B9B2F->s1@group-1720A28C8555, cid=2337, seq=0, RW, Message:128f200a0a0a03666f6f...(size=4114), reply=RaftClientReply:client-54A5215B9B2F->s1@group-1720A28C8555, cid=2337, FAILED org.apache.ratis.protocol.LeaderNotReadyException: s1@group-1720A28C8555 is in LEADER state but not ready yet., logIndex=0, commits[s1:c4677, s0:c4673, s2:c4677]
2019-09-26 14:02:37,346 INFO  client.GrpcClientProtocolService (GrpcClientProtocolService.java:lambda$processClientRequest$0(278)) - Failed RaftClientRequest:client-54A5215B9B2F->s1@group-1720A28C8555, cid=2337, seq=0, RW, Message:128f200a0a0a03666f6f...(size=4114), reply=RaftClientReply:client-54A5215B9B2F->s1@group-1720A28C8555, cid=2337, FAILED org.apache.ratis.protocol.LeaderNotReadyException: s1@group-1720A28C8555 is in LEADER state but not ready yet., logIndex=0, commits[s1:c4677, s0:c4673, s2:c4677]
2019-09-26 14:02:37,347 INFO  client.GrpcClientProtocolService (GrpcClientProtocolService.java:lambda$processClientRequest$0(278)) - Failed RaftClientRequest:client-54A5215B9B2F->s1@group-1720A28C8555, cid=2337, seq=0, RW, Message:128f200a0a0a03666f6f...(size=4114), reply=RaftClientReply:client-54A5215B9B2F->s1@group-1720A28C8555, cid=2337, FAILED org.apache.ratis.protocol.LeaderNotReadyException: s1@group-1720A28C8555 is in LEADER state but not ready yet., logIndex=0, commits[s1:c4677, s0:c4673, s2:c4677]
2019-09-26 14:02:37,348 INFO  client.GrpcClientProtocolService (GrpcClientProtocolService.java:lambda$processClientRequest$0(278)) - Failed RaftClientRequest:client-54A5215B9B2F->s1@group-1720A28C8555, cid=2337, seq=0, RW, Message:128f200a0a0a03666f6f...(size=4114), reply=RaftClientReply:client-54A5215B9B2F->s1@group-1720A28C8555, cid=2337, FAILED org.apache.ratis.protocol.LeaderNotReadyException: s1@group-1720A28C8555 is in LEADER state but not ready yet., logIndex=0, commits[s1:c4677, s0:c4673, s2:c4677]
2019-09-26 14:02:37,349 INFO  client.GrpcClientProtocolService (GrpcClientProtocolService.java:lambda$processClientRequest$0(278)) - Failed RaftClientRequest:client-54A5215B9B2F->s1@group-1720A28C8555, cid=2337, seq=0, RW, Message:128f200a0a0a03666f6f...(size=4114), reply=RaftClientReply:client-54A5215B9B2F->s1@group-1720A28C8555, cid=2337, FAILED org.apache.ratis.protocol.LeaderNotReadyException: s1@group-1720A28C8555 is in LEADER state but not ready yet., logIndex=0, commits[s1:c4677, s0:c4673, s2:c4677]
2019-09-26 14:02:37,350 INFO  client.GrpcClientProtocolService (GrpcClientProtocolService.java:lambda$processClientRequest$0(278)) - Failed RaftClientRequest:client-54A5215B9B2F->s1@group-1720A28C8555, cid=2337, seq=0, RW, Message:128f200a0a0a03666f6f...(size=4114), reply=RaftClientReply:client-54A5215B9B2F->s1@group-1720A28C8555, cid=2337, FAILED org.apache.ratis.protocol.LeaderNotReadyException: s1@group-1720A28C8555 is in LEADER state but not ready yet., logIndex=0, commits[s1:c4677, s0:c4673, s2:c4677]
2019-09-26 14:02:37,351 INFO  client.GrpcClientProtocolService (GrpcClientProtocolService.java:lambda$processClientRequest$0(278)) - Failed RaftClientRequest:client-54A5215B9B2F->s1@group-1720A28C8555, cid=2337, seq=0, RW, Message:128f200a0a0a03666f6f...(size=4114), reply=RaftClientReply:client-54A5215B9B2F->s1@group-1720A28C8555, cid=2337, FAILED org.apache.ratis.protocol.LeaderNotReadyException: s1@group-1720A28C8555 is in LEADER state but not ready yet., logIndex=0, commits[s1:c4677, s0:c4673, s2:c4677]
2019-09-26 14:02:37,352 INFO  client.GrpcClientProtocolService (GrpcClientProtocolService.java:lambda$processClientRequest$0(278)) - Failed RaftClientRequest:client-54A5215B9B2F->s1@group-1720A28C8555, cid=2337, seq=0, RW, Message:128f200a0a0a03666f6f...(size=4114), reply=RaftClientReply:client-54A5215B9B2F->s1@group-1720A28C8555, cid=2337, FAILED org.apache.ratis.protocol.LeaderNotReadyException: s1@group-1720A28C8555 is in LEADER state but not ready yet., logIndex=0, commits[s1:c4677, s0:c4673, s2:c4677]
2019-09-26 14:02:37,353 INFO  client.GrpcClientProtocolService (GrpcClientProtocolService.java:lambda$processClientRequest$0(278)) - Failed RaftClientRequest:client-54A5215B9B2F->s1@group-1720A28C8555, cid=2337, seq=0, RW, Message:128f200a0a0a03666f6f...(size=4114), reply=RaftClientReply:client-54A5215B9B2F->s1@group-1720A28C8555, cid=2337, FAILED org.apache.ratis.protocol.LeaderNotReadyException: s1@group-1720A28C8555 is in LEADER state but not ready yet., logIndex=0, commits[s1:c4677, s0:c4673, s2:c4677]
2019-09-26 14:02:37,354 INFO  client.GrpcClientProtocolService (GrpcClientProtocolService.java:lambda$processClientRequest$0(278)) - Failed RaftClientRequest:client-54A5215B9B2F->s1@group-1720A28C8555, cid=2337, seq=0, RW, Message:128f200a0a0a03666f6f...(size=4114), reply=RaftClientReply:client-54A5215B9B2F->s1@group-1720A28C8555, cid=2337, FAILED org.apache.ratis.protocol.LeaderNotReadyException: s1@group-1720A28C8555 is in LEADER state but not ready yet., logIndex=0, commits[s1:c4677, s0:c4673, s2:c4677]
2019-09-26 14:02:37,357 INFO  segmented.SegmentedRaftLogWorker (SegmentedRaftLogWorker.java:execute(569)) - s0@group-1720A28C8555-SegmentedRaftLogWorker: created new log segment /workdir/ratis-examples/target/test/data/92cd4afb/MiniRaftClusterWithGrpc4a8e4c9f/s0/3e568cf1-66e7-476e-b2f1-1720a28c8555/current/log_inprogress_4679
2019-09-26 14:02:37,357 INFO  segmented.SegmentedRaftLogWorker (SegmentedRaftLogWorker.java:execute(569)) - s1@group-1720A28C8555-SegmentedRaftLogWorker: created new log segment /workdir/ratis-examples/target/test/data/92cd4afb/MiniRaftClusterWithGrpc4a8e4c9f/s1/3e568cf1-66e7-476e-b2f1-1720a28c8555/current/log_inprogress_4679
2019-09-26 14:02:37,357 INFO  segmented.SegmentedRaftLogWorker (SegmentedRaftLogWorker.java:execute(569)) - s2@group-1720A28C8555-SegmentedRaftLogWorker: created new log segment /workdir/ratis-examples/target/test/data/92cd4afb/MiniRaftClusterWithGrpc4a8e4c9f/s2/3e568cf1-66e7-476e-b2f1-1720a28c8555/current/log_inprogress_4679
2019-09-26 14:02:37,358 INFO  client.GrpcClientProtocolService (GrpcClientProtocolService.java:lambda$processClientRequest$0(278)) - Failed RaftClientRequest:client-54A5215B9B2F->s1@group-1720A28C8555, cid=2337, seq=0, RW, Message:128f200a0a0a03666f6f...(size=4114), reply=RaftClientReply:client-54A5215B9B2F->s1@group-1720A28C8555, cid=2337, FAILED org.apache.ratis.protocol.LeaderNotReadyException: s1@group-1720A28C8555 is in LEADER state but not ready yet., logIndex=0, commits[s1:c4677, s0:c4673, s2:c4677]
2019-09-26 14:02:37,359 INFO  client.GrpcClientProtocolService (GrpcClientProtocolService.java:lambda$processClientRequest$0(278)) - Failed RaftClientRequest:client-54A5215B9B2F->s1@group-1720A28C8555, cid=2337, seq=0, RW, Message:128f200a0a0a03666f6f...(size=4114), reply=RaftClientReply:client-54A5215B9B2F->s1@group-1720A28C8555, cid=2337, FAILED org.apache.ratis.protocol.LeaderNotReadyException: s1@group-1720A28C8555 is in LEADER state but not ready yet., logIndex=0, commits[s1:c4677, s0:c4673, s2:c4677]
2019-09-26 14:02:37,360 INFO  client.GrpcClientProtocolService (GrpcClientProtocolService.java:lambda$processClientRequest$0(278)) - Failed RaftClientRequest:client-54A5215B9B2F->s1@group-1720A28C8555, cid=2337, seq=0, RW, Message:128f200a0a0a03666f6f...(size=4114), reply=RaftClientReply:client-54A5215B9B2F->s1@group-1720A28C8555, cid=2337, FAILED org.apache.ratis.protocol.LeaderNotReadyException: s1@group-1720A28C8555 is in LEADER state but not ready yet., logIndex=0, commits[s1:c4677, s0:c4673, s2:c4677]
2019-09-26 14:02:37,361 INFO  client.GrpcClientProtocolService (GrpcClientProtocolService.java:lambda$processClientRequest$0(278)) - Failed RaftClientRequest:client-54A5215B9B2F->s1@group-1720A28C8555, cid=2337, seq=0, RW, Message:128f200a0a0a03666f6f...(size=4114), reply=RaftClientReply:client-54A5215B9B2F->s1@group-1720A28C8555, cid=2337, FAILED org.apache.ratis.protocol.LeaderNotReadyException: s1@group-1720A28C8555 is in LEADER state but not ready yet., logIndex=0, commits[s1:c4677, s0:c4673, s2:c4677]
2019-09-26 14:02:37,362 INFO  client.GrpcClientProtocolService (GrpcClientProtocolService.java:lambda$processClientRequest$0(278)) - Failed RaftClientRequest:client-54A5215B9B2F->s1@group-1720A28C8555, cid=2337, seq=0, RW, Message:128f200a0a0a03666f6f...(size=4114), reply=RaftClientReply:client-54A5215B9B2F->s1@group-1720A28C8555, cid=2337, FAILED org.apache.ratis.protocol.LeaderNotReadyException: s1@group-1720A28C8555 is in LEADER state but not ready yet., logIndex=0, commits[s1:c4677, s0:c4673, s2:c4677]
2019-09-26 14:02:37,363 INFO  client.GrpcClientProtocolService (GrpcClientProtocolService.java:lambda$processClientRequest$0(278)) - Failed RaftClientRequest:client-54A5215B9B2F->s1@group-1720A28C8555, cid=2337, seq=0, RW, Message:128f200a0a0a03666f6f...(size=4114), reply=RaftClientReply:client-54A5215B9B2F->s1@group-1720A28C8555, cid=2337, FAILED org.apache.ratis.protocol.LeaderNotReadyException: s1@group-1720A28C8555 is in LEADER state but not ready yet., logIndex=0, commits[s1:c4677, s0:c4673, s2:c4677]
2019-09-26 14:02:37,364 INFO  client.GrpcClientProtocolService (GrpcClientProtocolService.java:lambda$processClientRequest$0(278)) - Failed RaftClientRequest:client-54A5215B9B2F->s1@group-1720A28C8555, cid=2337, seq=0, RW, Message:128f200a0a0a03666f6f...(size=4114), reply=RaftClientReply:client-54A5215B9B2F->s1@group-1720A28C8555, cid=2337, FAILED org.apache.ratis.protocol.LeaderNotReadyException: s1@group-1720A28C8555 is in LEADER state but not ready yet., logIndex=0, commits[s1:c4677, s0:c4673, s2:c4677]
2019-09-26 14:02:37,365 INFO  client.GrpcClientProtocolService (GrpcClientProtocolService.java:lambda$processClientRequest$0(278)) - Failed RaftClientRequest:client-54A5215B9B2F->s1@group-1720A28C8555, cid=2337, seq=0, RW, Message:128f200a0a0a03666f6f...(size=4114), reply=RaftClientReply:client-54A5215B9B2F->s1@group-1720A28C8555, cid=2337, FAILED org.apache.ratis.protocol.LeaderNotReadyException: s1@group-1720A28C8555 is in LEADER state but not ready yet., logIndex=0, commits[s1:c4677, s0:c4673, s2:c4677]
2019-09-26 14:02:37,366 INFO  client.GrpcClientProtocolService (GrpcClientProtocolService.java:lambda$processClientRequest$0(278)) - Failed RaftClientRequest:client-54A5215B9B2F->s1@group-1720A28C8555, cid=2337, seq=0, RW, Message:128f200a0a0a03666f6f...(size=4114), reply=RaftClientReply:client-54A5215B9B2F->s1@group-1720A28C8555, cid=2337, FAILED org.apache.ratis.protocol.LeaderNotReadyException: s1@group-1720A28C8555 is in LEADER state but not ready yet., logIndex=0, commits[s1:c4677, s0:c4673, s2:c4677]
2019-09-26 14:02:37,367 INFO  client.GrpcClientProtocolService (GrpcClientProtocolService.java:lambda$processClientRequest$0(278)) - Failed RaftClientRequest:client-54A5215B9B2F->s1@group-1720A28C8555, cid=2337, seq=0, RW, Message:128f200a0a0a03666f6f...(size=4114), reply=RaftClientReply:client-54A5215B9B2F->s1@group-1720A28C8555, cid=2337, FAILED org.apache.ratis.protocol.LeaderNotReadyException: s1@group-1720A28C8555 is in LEADER state but not ready yet., logIndex=0, commits[s1:c4677, s0:c4673, s2:c4677]
2019-09-26 14:02:37,368 INFO  client.GrpcClientProtocolService (GrpcClientProtocolService.java:lambda$processClientRequest$0(278)) - Failed RaftClientRequest:client-54A5215B9B2F->s1@group-1720A28C8555, cid=2337, seq=0, RW, Message:128f200a0a0a03666f6f...(size=4114), reply=RaftClientReply:client-54A5215B9B2F->s1@group-1720A28C8555, cid=2337, FAILED org.apache.ratis.protocol.LeaderNotReadyException: s1@group-1720A28C8555 is in LEADER state but not ready yet., logIndex=0, commits[s1:c4677, s0:c4673, s2:c4677]
2019-09-26 14:02:37,369 INFO  client.GrpcClientProtocolService (GrpcClientProtocolService.java:lambda$processClientRequest$0(278)) - Failed RaftClientRequest:client-54A5215B9B2F->s1@group-1720A28C8555, cid=2337, seq=0, RW, Message:128f200a0a0a03666f6f...(size=4114), reply=RaftClientReply:client-54A5215B9B2F->s1@group-1720A28C8555, cid=2337, FAILED org.apache.ratis.protocol.LeaderNotReadyException: s1@group-1720A28C8555 is in LEADER state but not ready yet., logIndex=0, commits[s1:c4677, s0:c4673, s2:c4677]
2019-09-26 14:02:38,123 INFO  ratis.MiniRaftCluster (MiniRaftCluster.java:lambda$null$5(297)) - TIMED-PRINT: printing ALL groups
  s0:  RUNNING  FOLLOWER s0@group-1720A28C8555:t10, leader=s1, voted=s0, raftlog=s0@group-1720A28C8555-SegmentedRaftLog:OPENED:c4682,f4682,i4682, conf=4679: [s0:0.0.0.0:36116, s1:0.0.0.0:33523, s2:0.0.0.0:40404], old=null RUNNING
  s1:  RUNNING    LEADER s1@group-1720A28C8555:t10, leader=s1, voted=s1, raftlog=s1@group-1720A28C8555-SegmentedRaftLog:OPENED:c4682,f4682,i4682, conf=4679: [s0:0.0.0.0:36116, s1:0.0.0.0:33523, s2:0.0.0.0:40404], old=null RUNNING
  s2:  RUNNING  FOLLOWER s2@group-1720A28C8555:t10, leader=s1, voted=s1, raftlog=s2@group-1720A28C8555-SegmentedRaftLog:OPENED:c4682,f4682,i4682, conf=4679: [s0:0.0.0.0:36116, s1:0.0.0.0:33523, s2:0.0.0.0:40404], old=null RUNNING
2019-09-26 14:02:48,123 INFO  ratis.MiniRaftCluster (MiniRaftCluster.java:lambda$null$5(297)) - TIMED-PRINT: printing ALL groups
  s0:  RUNNING  FOLLOWER s0@group-1720A28C8555:t10, leader=s1, voted=s0, raftlog=s0@group-1720A28C8555-SegmentedRaftLog:OPENED:c4682,f4682,i4682, conf=4679: [s0:0.0.0.0:36116, s1:0.0.0.0:33523, s2:0.0.0.0:40404], old=null RUNNING
  s1:  RUNNING    LEADER s1@group-1720A28C8555:t10, leader=s1, voted=s1, raftlog=s1@group-1720A28C8555-SegmentedRaftLog:OPENED:c4682,f4682,i4682, conf=4679: [s0:0.0.0.0:36116, s1:0.0.0.0:33523, s2:0.0.0.0:40404], old=null RUNNING
  s2:  RUNNING  FOLLOWER s2@group-1720A28C8555:t10, leader=s1, voted=s1, raftlog=s2@group-1720A28C8555-SegmentedRaftLog:OPENED:c4682,f4682,i4682, conf=4679: [s0:0.0.0.0:36116, s1:0.0.0.0:33523, s2:0.0.0.0:40404], old=null RUNNING
2019-09-26 14:02:58,066 INFO  impl.FollowerState (FollowerState.java:run(108)) - s2@group-1720A28C8555-FollowerState: change to CANDIDATE, lastRpcTime:294ms, electionTimeout:252ms
2019-09-26 14:02:58,066 INFO  impl.FollowerState (FollowerState.java:run(108)) - s0@group-1720A28C8555-FollowerState: change to CANDIDATE, lastRpcTime:294ms, electionTimeout:256ms
2019-09-26 14:02:58,069 INFO  impl.RoleInfo (RoleInfo.java:shutdownFollowerState(121)) - s2: shutdown FollowerState
2019-09-26 14:02:58,069 INFO  impl.RoleInfo (RoleInfo.java:shutdownFollowerState(121)) - s0: shutdown FollowerState
2019-09-26 14:02:58,069 INFO  impl.RaftServerImpl (RaftServerImpl.java:setRole(170)) - s0@group-1720A28C8555: changes role from  FOLLOWER to CANDIDATE at term 10 for changeToCandidate
2019-09-26 14:02:58,069 INFO  impl.RaftServerImpl (RaftServerImpl.java:setRole(170)) - s2@group-1720A28C8555: changes role from  FOLLOWER to CANDIDATE at term 10 for changeToCandidate
2019-09-26 14:02:58,069 INFO  impl.RoleInfo (RoleInfo.java:updateAndGet(143)) - s2: start LeaderElection
2019-09-26 14:02:58,069 INFO  impl.RoleInfo (RoleInfo.java:updateAndGet(143)) - s0: start LeaderElection
2019-09-26 14:02:58,071 INFO  impl.RaftServerImpl (RaftServerImpl.java:setRole(170)) - s2@group-1720A28C8555: changes role from CANDIDATE to FOLLOWER at term 10 for appendEntries
2019-09-26 14:02:58,071 INFO  impl.RaftServerImpl (RaftServerImpl.java:setRole(170)) - s0@group-1720A28C8555: changes role from CANDIDATE to FOLLOWER at term 10 for appendEntries
2019-09-26 14:02:58,072 INFO  impl.RoleInfo (RoleInfo.java:shutdownLeaderElection(134)) - s2: shutdown LeaderElection
2019-09-26 14:02:58,072 INFO  impl.RoleInfo (RoleInfo.java:shutdownLeaderElection(134)) - s0: shutdown LeaderElection
2019-09-26 14:02:58,072 INFO  impl.RoleInfo (RoleInfo.java:updateAndGet(143)) - s2: start FollowerState
2019-09-26 14:02:58,072 INFO  impl.RoleInfo (RoleInfo.java:updateAndGet(143)) - s0: start FollowerState
2019-09-26 14:02:58,073 INFO  impl.RaftServerImpl (ServerState.java:setLeader(254)) - s0@group-1720A28C8555: change Leader from s1 to null at term 10 for initElection
2019-09-26 14:02:58,073 INFO  impl.RaftServerImpl (ServerState.java:setLeader(254)) - s2@group-1720A28C8555: change Leader from s1 to null at term 10 for initElection
2019-09-26 14:02:58,101 INFO  impl.LeaderElection (LeaderElection.java:askForVotes(178)) - s2@group-1720A28C8555-LeaderElection15: begin an election at term 11 for 4679: [s0:0.0.0.0:36116, s1:0.0.0.0:33523, s2:0.0.0.0:40404], old=null
2019-09-26 14:02:58,101 INFO  impl.LeaderElection (LeaderElection.java:askForVotes(178)) - s0@group-1720A28C8555-LeaderElection14: begin an election at term 11 for 4679: [s0:0.0.0.0:36116, s1:0.0.0.0:33523, s2:0.0.0.0:40404], old=null
2019-09-26 14:02:58,104 INFO  impl.LeaderElection (LeaderElection.java:logAndReturn(56)) - s2@group-1720A28C8555-LeaderElection15: Election REJECTED; received 0 response(s) [] and 0 exception(s); s2@group-1720A28C8555:t11, leader=null, voted=s2, raftlog=s2@group-1720A28C8555-SegmentedRaftLog:OPENED:c4682,f4682,i4682, conf=4679: [s0:0.0.0.0:36116, s1:0.0.0.0:33523, s2:0.0.0.0:40404], old=null
2019-09-26 14:02:58,104 INFO  impl.LeaderElection (LeaderElection.java:logAndReturn(56)) - s0@group-1720A28C8555-LeaderElection14: Election REJECTED; received 0 response(s) [] and 0 exception(s); s0@group-1720A28C8555:t11, leader=null, voted=s0, raftlog=s0@group-1720A28C8555-SegmentedRaftLog:OPENED:c4682,f4682,i4682, conf=4679: [s0:0.0.0.0:36116, s1:0.0.0.0:33523, s2:0.0.0.0:40404], old=null
2019-09-26 14:02:58,107 INFO  impl.RaftServerImpl (ServerState.java:setLeader(254)) - s1@group-1720A28C8555: change Leader from s1 to null at term 11 for updateCurrentTerm
2019-09-26 14:02:58,107 INFO  impl.RaftServerImpl (RaftServerImpl.java:setRole(170)) - s1@group-1720A28C8555: changes role from    LEADER to FOLLOWER at term 11 for recognizeCandidate:s0
2019-09-26 14:02:58,108 INFO  impl.RoleInfo (RoleInfo.java:shutdownLeaderState(104)) - s1: shutdown LeaderState
2019-09-26 14:02:58,109 WARN  server.GrpcLogAppender (GrpcLogAppender.java:mayWait(143)) - s1@group-1720A28C8555->s2-GrpcLogAppender: Wait interrupted by java.lang.InterruptedException
2019-09-26 14:02:58,109 WARN  server.GrpcLogAppender (GrpcLogAppender.java:mayWait(143)) - s1@group-1720A28C8555->s0-GrpcLogAppender: Wait interrupted by java.lang.InterruptedException
2019-09-26 14:02:58,109 INFO  impl.PendingRequests (PendingRequests.java:sendNotLeaderResponses(202)) - s1@group-1720A28C8555-PendingRequests: sendNotLeaderResponses
2019-09-26 14:02:58,112 INFO  server.GrpcServerProtocolService (GrpcServerProtocolService.java:onCompleted(113)) - s2: Completed APPEND_ENTRIES, lastRequest: s1->s2#273-t10, previous=(t:10, i:4682), leaderCommit=4682, initializing? false, entries: <empty>
2019-09-26 14:02:58,112 INFO  server.GrpcServerProtocolService (GrpcServerProtocolService.java:onCompleted(113)) - s0: Completed APPEND_ENTRIES, lastRequest: s1->s0#273-t10, previous=(t:10, i:4682), leaderCommit=4682, initializing? false, entries: <empty>
2019-09-26 14:02:58,113 INFO  impl.RoleInfo (RoleInfo.java:updateAndGet(143)) - s1: start FollowerState
2019-09-26 14:02:58,114 INFO  server.GrpcLogAppender (GrpcLogAppender.java:onCompleted(293)) - s1@group-1720A28C8555->s2-AppendLogResponseHandler: follower responses appendEntries COMPLETED
2019-09-26 14:02:58,114 INFO  server.GrpcLogAppender (GrpcLogAppender.java:onCompleted(293)) - s1@group-1720A28C8555->s0-AppendLogResponseHandler: follower responses appendEntries COMPLETED
2019-09-26 14:02:58,114 INFO  client.GrpcClientProtocolService (GrpcClientProtocolService.java:lambda$processClientRequest$0(278)) - Failed RaftClientRequest:client-54A5215B9B2F->s1@group-1720A28C8555, cid=2337, seq=0, RW, Message:128f200a0a0a03666f6f...(size=4114), reply=RaftClientReply:client-54A5215B9B2F->s1@group-1720A28C8555, cid=2337, FAILED org.apache.ratis.protocol.NotLeaderException: Server s1@group-1720A28C8555 is not the leader, logIndex=0, commits[s1:c4682, s0:c4682, s2:c4682]
2019-09-26 14:02:58,116 INFO  impl.FollowerInfo (FollowerInfo.java:lambda$new$0(51)) - s1@group-1720A28C8555->s2: nextIndex: updateUnconditionally 4683 -> 4682
2019-09-26 14:02:58,117 INFO  impl.FollowerInfo (FollowerInfo.java:lambda$new$0(51)) - s1@group-1720A28C8555->s0: nextIndex: updateUnconditionally 4683 -> 4682
2019-09-26 14:02:58,123 INFO  ratis.MiniRaftCluster (MiniRaftCluster.java:lambda$null$5(297)) - TIMED-PRINT: printing ALL groups
  s0:  RUNNING  FOLLOWER s0@group-1720A28C8555:t11, leader=null, voted=s0, raftlog=s0@group-1720A28C8555-SegmentedRaftLog:OPENED:c4682,f4682,i4682, conf=4679: [s0:0.0.0.0:36116, s1:0.0.0.0:33523, s2:0.0.0.0:40404], old=null RUNNING
  s1:  RUNNING  FOLLOWER s1@group-1720A28C8555:t11, leader=null, voted=null, raftlog=s1@group-1720A28C8555-SegmentedRaftLog:OPENED:c4682,f4682,i4682, conf=4679: [s0:0.0.0.0:36116, s1:0.0.0.0:33523, s2:0.0.0.0:40404], old=null RUNNING
  s2:  RUNNING  FOLLOWER s2@group-1720A28C8555:t11, leader=null, voted=s2, raftlog=s2@group-1720A28C8555-SegmentedRaftLog:OPENED:c4682,f4682,i4682, conf=4679: [s0:0.0.0.0:36116, s1:0.0.0.0:33523, s2:0.0.0.0:40404], old=null RUNNING
2019-09-26 14:02:58,128 INFO  impl.RaftServerImpl (RaftServerImpl.java:setRole(170)) - s1@group-1720A28C8555: changes role from  FOLLOWER to FOLLOWER at term 11 for recognizeCandidate:s2
2019-09-26 14:02:58,128 INFO  impl.RoleInfo (RoleInfo.java:shutdownFollowerState(121)) - s1: shutdown FollowerState
2019-09-26 14:02:58,128 INFO  impl.RoleInfo (RoleInfo.java:updateAndGet(143)) - s1: start FollowerState
2019-09-26 14:02:58,129 INFO  impl.FollowerState (FollowerState.java:run(117)) - s1@group-1720A28C8555-FollowerState was interrupted: java.lang.InterruptedException: sleep interrupted
2019-09-26 14:02:58,278 INFO  impl.FollowerState (FollowerState.java:run(108)) - s0@group-1720A28C8555-FollowerState: change to CANDIDATE, lastRpcTime:205ms, electionTimeout:205ms
2019-09-26 14:02:58,278 INFO  impl.RoleInfo (RoleInfo.java:shutdownFollowerState(121)) - s0: shutdown FollowerState
2019-09-26 14:02:58,279 INFO  impl.RaftServerImpl (RaftServerImpl.java:setRole(170)) - s0@group-1720A28C8555: changes role from  FOLLOWER to CANDIDATE at term 11 for changeToCandidate
2019-09-26 14:02:58,279 INFO  impl.RoleInfo (RoleInfo.java:updateAndGet(143)) - s0: start LeaderElection
2019-09-26 14:02:58,295 INFO  impl.LeaderElection (LeaderElection.java:askForVotes(178)) - s0@group-1720A28C8555-LeaderElection16: begin an election at term 12 for 4679: [s0:0.0.0.0:36116, s1:0.0.0.0:33523, s2:0.0.0.0:40404], old=null
2019-09-26 14:02:58,297 INFO  impl.RaftServerImpl (RaftServerImpl.java:setRole(170)) - s1@group-1720A28C8555: changes role from  FOLLOWER to FOLLOWER at term 12 for recognizeCandidate:s0
2019-09-26 14:02:58,297 INFO  impl.RaftServerImpl (RaftServerImpl.java:setRole(170)) - s2@group-1720A28C8555: changes role from  FOLLOWER to FOLLOWER at term 12 for recognizeCandidate:s0
2019-09-26 14:02:58,297 INFO  impl.RoleInfo (RoleInfo.java:shutdownFollowerState(121)) - s1: shutdown FollowerState
2019-09-26 14:02:58,297 INFO  impl.RoleInfo (RoleInfo.java:shutdownFollowerState(121)) - s2: shutdown FollowerState
2019-09-26 14:02:58,298 INFO  impl.FollowerState (FollowerState.java:run(117)) - s1@group-1720A28C8555-FollowerState was interrupted: java.lang.InterruptedException: sleep interrupted
2019-09-26 14:02:58,298 INFO  impl.RoleInfo (RoleInfo.java:updateAndGet(143)) - s1: start FollowerState
2019-09-26 14:02:58,298 INFO  impl.FollowerState (FollowerState.java:run(117)) - s2@group-1720A28C8555-FollowerState was interrupted: java.lang.InterruptedException: sleep interrupted
2019-09-26 14:02:58,298 INFO  impl.RoleInfo (RoleInfo.java:updateAndGet(143)) - s2: start FollowerState
2019-09-26 14:02:58,326 INFO  impl.LeaderElection (LeaderElection.java:logAndReturn(56)) - s0@group-1720A28C8555-LeaderElection16: Election PASSED; received 1 response(s) [s0<-s2#0:OK-t12] and 0 exception(s); s0@group-1720A28C8555:t12, leader=null, voted=s0, raftlog=s0@group-1720A28C8555-SegmentedRaftLog:OPENED:c4682,f4682,i4682, conf=4679: [s0:0.0.0.0:36116, s1:0.0.0.0:33523, s2:0.0.0.0:40404], old=null
2019-09-26 14:02:58,326 INFO  impl.RoleInfo (RoleInfo.java:shutdownLeaderElection(134)) - s0: shutdown LeaderElection
2019-09-26 14:02:58,326 INFO  impl.RaftServerImpl (RaftServerImpl.java:setRole(170)) - s0@group-1720A28C8555: changes role from CANDIDATE to LEADER at term 12 for changeToLeader
2019-09-26 14:02:58,327 INFO  impl.RaftServerImpl (ServerState.java:setLeader(254)) - s0@group-1720A28C8555: change Leader from null to s0 at term 12 for becomeLeader, leader elected after 253ms
2019-09-26 14:02:58,327 INFO  server.RaftServerConfigKeys (ConfUtils.java:logGet(43)) - raft.server.staging.catchup.gap = 1000 (default)
2019-09-26 14:02:58,327 INFO  server.RaftServerConfigKeys (ConfUtils.java:logGet(43)) - raft.server.rpc.sleep.time = 25ms (default)
2019-09-26 14:02:58,327 INFO  server.RaftServerConfigKeys (ConfUtils.java:logGet(43)) - raft.server.write.element-limit = 4096 (default)
2019-09-26 14:02:58,328 INFO  server.RaftServerConfigKeys (ConfUtils.java:logGet(43)) - raft.server.watch.timeout = 10s (default)
2019-09-26 14:02:58,328 INFO  server.RaftServerConfigKeys (ConfUtils.java:logGet(43)) - raft.server.watch.timeout.denomination = 1s (default)
2019-09-26 14:02:58,328 INFO  server.RaftServerConfigKeys (ConfUtils.java:logGet(43)) - raft.server.watch.element-limit = 65536 (default)
2019-09-26 14:02:58,336 INFO  server.RaftServerConfigKeys (ConfUtils.java:logGet(43)) - raft.server.log.appender.snapshot.chunk.size.max = 16MB (=16777216) (default)
2019-09-26 14:02:58,337 INFO  server.RaftServerConfigKeys (ConfUtils.java:logGet(43)) - raft.server.log.appender.buffer.byte-limit = 4MB (=4194304) (default)
2019-09-26 14:02:58,337 INFO  server.RaftServerConfigKeys (ConfUtils.java:logGet(43)) - raft.server.log.appender.buffer.element-limit = 0 (default)
2019-09-26 14:02:58,338 INFO  grpc.GrpcConfigKeys$Server (ConfUtils.java:logGet(43)) - raft.grpc.server.leader.outstanding.appends.max = 128 (default)
2019-09-26 14:02:58,338 INFO  server.RaftServerConfigKeys (ConfUtils.java:logGet(43)) - raft.server.rpc.request.timeout = 3000ms (default)
2019-09-26 14:02:58,338 INFO  server.RaftServerConfigKeys (ConfUtils.java:logGet(43)) - raft.server.log.appender.install.snapshot.enabled = true (default)
2019-09-26 14:02:58,338 INFO  server.RaftServerConfigKeys (ConfUtils.java:logGet(43)) - raft.server.log.appender.snapshot.chunk.size.max = 16MB (=16777216) (default)
2019-09-26 14:02:58,339 INFO  server.RaftServerConfigKeys (ConfUtils.java:logGet(43)) - raft.server.log.appender.buffer.byte-limit = 4MB (=4194304) (default)
2019-09-26 14:02:58,339 INFO  server.RaftServerConfigKeys (ConfUtils.java:logGet(43)) - raft.server.log.appender.buffer.element-limit = 0 (default)
2019-09-26 14:02:58,339 INFO  grpc.GrpcConfigKeys$Server (ConfUtils.java:logGet(43)) - raft.grpc.server.leader.outstanding.appends.max = 128 (default)
2019-09-26 14:02:58,339 INFO  server.RaftServerConfigKeys (ConfUtils.java:logGet(43)) - raft.server.rpc.request.timeout = 3000ms (default)
2019-09-26 14:02:58,339 INFO  server.RaftServerConfigKeys (ConfUtils.java:logGet(43)) - raft.server.log.appender.install.snapshot.enabled = true (default)
2019-09-26 14:02:58,340 INFO  impl.RoleInfo (RoleInfo.java:updateAndGet(143)) - s0: start LeaderState
2019-09-26 14:02:58,341 INFO  segmented.SegmentedRaftLogWorker (SegmentedRaftLogWorker.java:rollLogSegment(385)) - s0@group-1720A28C8555-SegmentedRaftLogWorker: Rolling segment log-4679_4682 to index:4682
2019-09-26 14:02:58,342 INFO  impl.RaftServerImpl (ServerState.java:setRaftConf(355)) - s0@group-1720A28C8555: set configuration 4683: [s0:0.0.0.0:36116, s1:0.0.0.0:33523, s2:0.0.0.0:40404], old=null at 4683
2019-09-26 14:02:58,343 INFO  impl.RaftServerImpl (ServerState.java:setLeader(254)) - s1@group-1720A28C8555: change Leader from null to s0 at term 12 for appendEntries, leader elected after 235ms
2019-09-26 14:02:58,343 INFO  impl.RaftServerImpl (ServerState.java:setLeader(254)) - s2@group-1720A28C8555: change Leader from null to s0 at term 12 for appendEntries, leader elected after 270ms
2019-09-26 14:02:58,343 TRACE util.FileUtils (LogUtils.java:runAndLog(61)) - Successfully ran Files.move /workdir/ratis-examples/target/test/data/92cd4afb/MiniRaftClusterWithGrpc4a8e4c9f/s0/3e568cf1-66e7-476e-b2f1-1720a28c8555/current/log_inprogress_4679 to /workdir/ratis-examples/target/test/data/92cd4afb/MiniRaftClusterWithGrpc4a8e4c9f/s0/3e568cf1-66e7-476e-b2f1-1720a28c8555/current/log_4679-4682
2019-09-26 14:02:58,344 INFO  segmented.SegmentedRaftLogWorker (SegmentedRaftLogWorker.java:execute(526)) - s0@group-1720A28C8555-SegmentedRaftLogWorker: Rolled log segment from /workdir/ratis-examples/target/test/data/92cd4afb/MiniRaftClusterWithGrpc4a8e4c9f/s0/3e568cf1-66e7-476e-b2f1-1720a28c8555/current/log_inprogress_4679 to /workdir/ratis-examples/target/test/data/92cd4afb/MiniRaftClusterWithGrpc4a8e4c9f/s0/3e568cf1-66e7-476e-b2f1-1720a28c8555/current/log_4679-4682
2019-09-26 14:02:58,345 INFO  impl.RaftServerImpl (ServerState.java:setRaftConf(355)) - s2@group-1720A28C8555: set configuration 4683: [s0:0.0.0.0:36116, s1:0.0.0.0:33523, s2:0.0.0.0:40404], old=null at 4683
2019-09-26 14:02:58,345 INFO  impl.RaftServerImpl (ServerState.java:setRaftConf(355)) - s1@group-1720A28C8555: set configuration 4683: [s0:0.0.0.0:36116, s1:0.0.0.0:33523, s2:0.0.0.0:40404], old=null at 4683
2019-09-26 14:02:58,345 INFO  segmented.SegmentedRaftLogWorker (SegmentedRaftLogWorker.java:rollLogSegment(385)) - s2@group-1720A28C8555-SegmentedRaftLogWorker: Rolling segment log-4679_4682 to index:4682
2019-09-26 14:02:58,345 INFO  segmented.SegmentedRaftLogWorker (SegmentedRaftLogWorker.java:rollLogSegment(385)) - s1@group-1720A28C8555-SegmentedRaftLogWorker: Rolling segment log-4679_4682 to index:4682
2019-09-26 14:02:58,347 TRACE util.FileUtils (LogUtils.java:runAndLog(61)) - Successfully ran Files.move /workdir/ratis-examples/target/test/data/92cd4afb/MiniRaftClusterWithGrpc4a8e4c9f/s1/3e568cf1-66e7-476e-b2f1-1720a28c8555/current/log_inprogress_4679 to /workdir/ratis-examples/target/test/data/92cd4afb/MiniRaftClusterWithGrpc4a8e4c9f/s1/3e568cf1-66e7-476e-b2f1-1720a28c8555/current/log_4679-4682
2019-09-26 14:02:58,348 INFO  segmented.SegmentedRaftLogWorker (SegmentedRaftLogWorker.java:execute(526)) - s1@group-1720A28C8555-SegmentedRaftLogWorker: Rolled log segment from /workdir/ratis-examples/target/test/data/92cd4afb/MiniRaftClusterWithGrpc4a8e4c9f/s1/3e568cf1-66e7-476e-b2f1-1720a28c8555/current/log_inprogress_4679 to /workdir/ratis-examples/target/test/data/92cd4afb/MiniRaftClusterWithGrpc4a8e4c9f/s1/3e568cf1-66e7-476e-b2f1-1720a28c8555/current/log_4679-4682
2019-09-26 14:02:58,348 TRACE util.FileUtils (LogUtils.java:runAndLog(61)) - Successfully ran Files.move /workdir/ratis-examples/target/test/data/92cd4afb/MiniRaftClusterWithGrpc4a8e4c9f/s2/3e568cf1-66e7-476e-b2f1-1720a28c8555/current/log_inprogress_4679 to /workdir/ratis-examples/target/test/data/92cd4afb/MiniRaftClusterWithGrpc4a8e4c9f/s2/3e568cf1-66e7-476e-b2f1-1720a28c8555/current/log_4679-4682
2019-09-26 14:02:58,348 INFO  segmented.SegmentedRaftLogWorker (SegmentedRaftLogWorker.java:execute(526)) - s2@group-1720A28C8555-SegmentedRaftLogWorker: Rolled log segment from /workdir/ratis-examples/target/test/data/92cd4afb/MiniRaftClusterWithGrpc4a8e4c9f/s2/3e568cf1-66e7-476e-b2f1-1720a28c8555/current/log_inprogress_4679 to /workdir/ratis-examples/target/test/data/92cd4afb/MiniRaftClusterWithGrpc4a8e4c9f/s2/3e568cf1-66e7-476e-b2f1-1720a28c8555/current/log_4679-4682
2019-09-26 14:02:58,412 INFO  client.GrpcClientProtocolService (GrpcClientProtocolService.java:lambda$processClientRequest$0(278)) - Failed RaftClientRequest:client-54A5215B9B2F->s1@group-1720A28C8555, cid=2337, seq=0, RW, Message:128f200a0a0a03666f6f...(size=4114), reply=RaftClientReply:client-54A5215B9B2F->s1@group-1720A28C8555, cid=2337, FAILED org.apache.ratis.protocol.NotLeaderException: Server s1@group-1720A28C8555 is not the leader s0:0.0.0.0:36116, logIndex=0, commits[s1:c4682, s0:c4682, s2:c4682]
2019-09-26 14:02:58,417 INFO  client.GrpcClientProtocolService (GrpcClientProtocolService.java:lambda$processClientRequest$0(278)) - Failed RaftClientRequest:client-54A5215B9B2F->s0@group-1720A28C8555, cid=2338, seq=0, RW, Message:128f200a0a0a03666f6f...(size=4114), reply=RaftClientReply:client-54A5215B9B2F->s0@group-1720A28C8555, cid=2338, FAILED org.apache.ratis.protocol.LeaderNotReadyException: s0@group-1720A28C8555 is in LEADER state but not ready yet., logIndex=0, commits[s0:c4682, s1:c4682, s2:c4682]
2019-09-26 14:02:58,418 INFO  client.GrpcClientProtocolService (GrpcClientProtocolService.java:lambda$processClientRequest$0(278)) - Failed RaftClientRequest:client-54A5215B9B2F->s0@group-1720A28C8555, cid=2338, seq=0, RW, Message:128f200a0a0a03666f6f...(size=4114), reply=RaftClientReply:client-54A5215B9B2F->s0@group-1720A28C8555, cid=2338, FAILED org.apache.ratis.protocol.LeaderNotReadyException: s0@group-1720A28C8555 is in LEADER state but not ready yet., logIndex=0, commits[s0:c4682, s1:c4682, s2:c4682]
2019-09-26 14:02:58,419 INFO  client.GrpcClientProtocolService (GrpcClientProtocolService.java:lambda$processClientRequest$0(278)) - Failed RaftClientRequest:client-54A5215B9B2F->s0@group-1720A28C8555, cid=2338, seq=0, RW, Message:128f200a0a0a03666f6f...(size=4114), reply=RaftClientReply:client-54A5215B9B2F->s0@group-1720A28C8555, cid=2338, FAILED org.apache.ratis.protocol.LeaderNotReadyException: s0@group-1720A28C8555 is in LEADER state but not ready yet., logIndex=0, commits[s0:c4682, s1:c4682, s2:c4682]
2019-09-26 14:02:58,420 INFO  client.GrpcClientProtocolService (GrpcClientProtocolService.java:lambda$processClientRequest$0(278)) - Failed RaftClientRequest:client-54A5215B9B2F->s0@group-1720A28C8555, cid=2338, seq=0, RW, Message:128f200a0a0a03666f6f...(size=4114), reply=RaftClientReply:client-54A5215B9B2F->s0@group-1720A28C8555, cid=2338, FAILED org.apache.ratis.protocol.LeaderNotReadyException: s0@group-1720A28C8555 is in LEADER state but not ready yet., logIndex=0, commits[s0:c4682, s1:c4682, s2:c4682]
2019-09-26 14:02:58,422 INFO  client.GrpcClientProtocolService (GrpcClientProtocolService.java:lambda$processClientRequest$0(278)) - Failed RaftClientRequest:client-54A5215B9B2F->s0@group-1720A28C8555, cid=2338, seq=0, RW, Message:128f200a0a0a03666f6f...(size=4114), reply=RaftClientReply:client-54A5215B9B2F->s0@group-1720A28C8555, cid=2338, FAILED org.apache.ratis.protocol.LeaderNotReadyException: s0@group-1720A28C8555 is in LEADER state but not ready yet., logIndex=0, commits[s0:c4682, s1:c4682, s2:c4682]
2019-09-26 14:02:58,423 INFO  client.GrpcClientProtocolService (GrpcClientProtocolService.java:lambda$processClientRequest$0(278)) - Failed RaftClientRequest:client-54A5215B9B2F->s0@group-1720A28C8555, cid=2338, seq=0, RW, Message:128f200a0a0a03666f6f...(size=4114), reply=RaftClientReply:client-54A5215B9B2F->s0@group-1720A28C8555, cid=2338, FAILED org.apache.ratis.protocol.LeaderNotReadyException: s0@group-1720A28C8555 is in LEADER state but not ready yet., logIndex=0, commits[s0:c4682, s1:c4682, s2:c4682]
2019-09-26 14:02:58,424 INFO  client.GrpcClientProtocolService (GrpcClientProtocolService.java:lambda$processClientRequest$0(278)) - Failed RaftClientRequest:client-54A5215B9B2F->s0@group-1720A28C8555, cid=2338, seq=0, RW, Message:128f200a0a0a03666f6f...(size=4114), reply=RaftClientReply:client-54A5215B9B2F->s0@group-1720A28C8555, cid=2338, FAILED org.apache.ratis.protocol.LeaderNotReadyException: s0@group-1720A28C8555 is in LEADER state but not ready yet., logIndex=0, commits[s0:c4682, s1:c4682, s2:c4682]
2019-09-26 14:02:58,425 INFO  client.GrpcClientProtocolService (GrpcClientProtocolService.java:lambda$processClientRequest$0(278)) - Failed RaftClientRequest:client-54A5215B9B2F->s0@group-1720A28C8555, cid=2338, seq=0, RW, Message:128f200a0a0a03666f6f...(size=4114), reply=RaftClientReply:client-54A5215B9B2F->s0@group-1720A28C8555, cid=2338, FAILED org.apache.ratis.protocol.LeaderNotReadyException: s0@group-1720A28C8555 is in LEADER state but not ready yet., logIndex=0, commits[s0:c4682, s1:c4682, s2:c4682]
2019-09-26 14:02:58,426 INFO  client.GrpcClientProtocolService (GrpcClientProtocolService.java:lambda$processClientRequest$0(278)) - Failed RaftClientRequest:client-54A5215B9B2F->s0@group-1720A28C8555, cid=2338, seq=0, RW, Message:128f200a0a0a03666f6f...(size=4114), reply=RaftClientReply:client-54A5215B9B2F->s0@group-1720A28C8555, cid=2338, FAILED org.apache.ratis.protocol.LeaderNotReadyException: s0@group-1720A28C8555 is in LEADER state but not ready yet., logIndex=0, commits[s0:c4682, s1:c4682, s2:c4682]
2019-09-26 14:02:58,427 INFO  client.GrpcClientProtocolService (GrpcClientProtocolService.java:lambda$processClientRequest$0(278)) - Failed RaftClientRequest:client-54A5215B9B2F->s0@group-1720A28C8555, cid=2338, seq=0, RW, Message:128f200a0a0a03666f6f...(size=4114), reply=RaftClientReply:client-54A5215B9B2F->s0@group-1720A28C8555, cid=2338, FAILED org.apache.ratis.protocol.LeaderNotReadyException: s0@group-1720A28C8555 is in LEADER state but not ready yet., logIndex=0, commits[s0:c4682, s1:c4682, s2:c4682]
2019-09-26 14:02:58,428 INFO  client.GrpcClientProtocolService (GrpcClientProtocolService.java:lambda$processClientRequest$0(278)) - Failed RaftClientRequest:client-54A5215B9B2F->s0@group-1720A28C8555, cid=2338, seq=0, RW, Message:128f200a0a0a03666f6f...(size=4114), reply=RaftClientReply:client-54A5215B9B2F->s0@group-1720A28C8555, cid=2338, FAILED org.apache.ratis.protocol.LeaderNotReadyException: s0@group-1720A28C8555 is in LEADER state but not ready yet., logIndex=0, commits[s0:c4682, s1:c4682, s2:c4682]
2019-09-26 14:02:58,429 INFO  client.GrpcClientProtocolService (GrpcClientProtocolService.java:lambda$processClientRequest$0(278)) - Failed RaftClientRequest:client-54A5215B9B2F->s0@group-1720A28C8555, cid=2338, seq=0, RW, Message:128f200a0a0a03666f6f...(size=4114), reply=RaftClientReply:client-54A5215B9B2F->s0@group-1720A28C8555, cid=2338, FAILED org.apache.ratis.protocol.LeaderNotReadyException: s0@group-1720A28C8555 is in LEADER state but not ready yet., logIndex=0, commits[s0:c4682, s1:c4682, s2:c4682]
2019-09-26 14:02:58,430 INFO  client.GrpcClientProtocolService (GrpcClientProtocolService.java:lambda$processClientRequest$0(278)) - Failed RaftClientRequest:client-54A5215B9B2F->s0@group-1720A28C8555, cid=2338, seq=0, RW, Message:128f200a0a0a03666f6f...(size=4114), reply=RaftClientReply:client-54A5215B9B2F->s0@group-1720A28C8555, cid=2338, FAILED org.apache.ratis.protocol.LeaderNotReadyException: s0@group-1720A28C8555 is in LEADER state but not ready yet., logIndex=0, commits[s0:c4682, s1:c4682, s2:c4682]
2019-09-26 14:02:58,431 INFO  client.GrpcClientProtocolService (GrpcClientProtocolService.java:lambda$processClientRequest$0(278)) - Failed RaftClientRequest:client-54A5215B9B2F->s0@group-1720A28C8555, cid=2338, seq=0, RW, Message:128f200a0a0a03666f6f...(size=4114), reply=RaftClientReply:client-54A5215B9B2F->s0@group-1720A28C8555, cid=2338, FAILED org.apache.ratis.protocol.LeaderNotReadyException: s0@group-1720A28C8555 is in LEADER state but not ready yet., logIndex=0, commits[s0:c4682, s1:c4682, s2:c4682]
2019-09-26 14:02:58,433 INFO  client.GrpcClientProtocolService (GrpcClientProtocolService.java:lambda$processClientRequest$0(278)) - Failed RaftClientRequest:client-54A5215B9B2F->s0@group-1720A28C8555, cid=2338, seq=0, RW, Message:128f200a0a0a03666f6f...(size=4114), reply=RaftClientReply:client-54A5215B9B2F->s0@group-1720A28C8555, cid=2338, FAILED org.apache.ratis.protocol.LeaderNotReadyException: s0@group-1720A28C8555 is in LEADER state but not ready yet., logIndex=0, commits[s0:c4682, s1:c4682, s2:c4682]
2019-09-26 14:02:58,434 INFO  client.GrpcClientProtocolService (GrpcClientProtocolService.java:lambda$processClientRequest$0(278)) - Failed RaftClientRequest:client-54A5215B9B2F->s0@group-1720A28C8555, cid=2338, seq=0, RW, Message:128f200a0a0a03666f6f...(size=4114), reply=RaftClientReply:client-54A5215B9B2F->s0@group-1720A28C8555, cid=2338, FAILED org.apache.ratis.protocol.LeaderNotReadyException: s0@group-1720A28C8555 is in LEADER state but not ready yet., logIndex=0, commits[s0:c4682, s1:c4682, s2:c4682]
2019-09-26 14:02:58,435 INFO  client.GrpcClientProtocolService (GrpcClientProtocolService.java:lambda$processClientRequest$0(278)) - Failed RaftClientRequest:client-54A5215B9B2F->s0@group-1720A28C8555, cid=2338, seq=0, RW, Message:128f200a0a0a03666f6f...(size=4114), reply=RaftClientReply:client-54A5215B9B2F->s0@group-1720A28C8555, cid=2338, FAILED org.apache.ratis.protocol.LeaderNotReadyException: s0@group-1720A28C8555 is in LEADER state but not ready yet., logIndex=0, commits[s0:c4682, s1:c4682, s2:c4682]
2019-09-26 14:02:58,436 INFO  client.GrpcClientProtocolService (GrpcClientProtocolService.java:lambda$processClientRequest$0(278)) - Failed RaftClientRequest:client-54A5215B9B2F->s0@group-1720A28C8555, cid=2338, seq=0, RW, Message:128f200a0a0a03666f6f...(size=4114), reply=RaftClientReply:client-54A5215B9B2F->s0@group-1720A28C8555, cid=2338, FAILED org.apache.ratis.protocol.LeaderNotReadyException: s0@group-1720A28C8555 is in LEADER state but not ready yet., logIndex=0, commits[s0:c4682, s1:c4682, s2:c4682]
2019-09-26 14:02:58,437 INFO  client.GrpcClientProtocolService (GrpcClientProtocolService.java:lambda$processClientRequest$0(278)) - Failed RaftClientRequest:client-54A5215B9B2F->s0@group-1720A28C8555, cid=2338, seq=0, RW, Message:128f200a0a0a03666f6f...(size=4114), reply=RaftClientReply:client-54A5215B9B2F->s0@group-1720A28C8555, cid=2338, FAILED org.apache.ratis.protocol.LeaderNotReadyException: s0@group-1720A28C8555 is in LEADER state but not ready yet., logIndex=0, commits[s0:c4682, s1:c4682, s2:c4682]
2019-09-26 14:02:58,438 INFO  client.GrpcClientProtocolService (GrpcClientProtocolService.java:lambda$processClientRequest$0(278)) - Failed RaftClientRequest:client-54A5215B9B2F->s0@group-1720A28C8555, cid=2338, seq=0, RW, Message:128f200a0a0a03666f6f...(size=4114), reply=RaftClientReply:client-54A5215B9B2F->s0@group-1720A28C8555, cid=2338, FAILED org.apache.ratis.protocol.LeaderNotReadyException: s0@group-1720A28C8555 is in LEADER state but not ready yet., logIndex=0, commits[s0:c4682, s1:c4682, s2:c4682]
2019-09-26 14:02:58,439 INFO  client.GrpcClientProtocolService (GrpcClientProtocolService.java:lambda$processClientRequest$0(278)) - Failed RaftClientRequest:client-54A5215B9B2F->s0@group-1720A28C8555, cid=2338, seq=0, RW, Message:128f200a0a0a03666f6f...(size=4114), reply=RaftClientReply:client-54A5215B9B2F->s0@group-1720A28C8555, cid=2338, FAILED org.apache.ratis.protocol.LeaderNotReadyException: s0@group-1720A28C8555 is in LEADER state but not ready yet., logIndex=0, commits[s0:c4682, s1:c4682, s2:c4682]
2019-09-26 14:02:58,440 INFO  client.GrpcClientProtocolService (GrpcClientProtocolService.java:lambda$processClientRequest$0(278)) - Failed RaftClientRequest:client-54A5215B9B2F->s0@group-1720A28C8555, cid=2338, seq=0, RW, Message:128f200a0a0a03666f6f...(size=4114), reply=RaftClientReply:client-54A5215B9B2F->s0@group-1720A28C8555, cid=2338, FAILED org.apache.ratis.protocol.LeaderNotReadyException: s0@group-1720A28C8555 is in LEADER state but not ready yet., logIndex=0, commits[s0:c4682, s1:c4682, s2:c4682]
2019-09-26 14:02:58,441 INFO  client.GrpcClientProtocolService (GrpcClientProtocolService.java:lambda$processClientRequest$0(278)) - Failed RaftClientRequest:client-54A5215B9B2F->s0@group-1720A28C8555, cid=2338, seq=0, RW, Message:128f200a0a0a03666f6f...(size=4114), reply=RaftClientReply:client-54A5215B9B2F->s0@group-1720A28C8555, cid=2338, FAILED org.apache.ratis.protocol.LeaderNotReadyException: s0@group-1720A28C8555 is in LEADER state but not ready yet., logIndex=0, commits[s0:c4682, s1:c4682, s2:c4682]
2019-09-26 14:02:58,442 INFO  client.GrpcClientProtocolService (GrpcClientProtocolService.java:lambda$processClientRequest$0(278)) - Failed RaftClientRequest:client-54A5215B9B2F->s0@group-1720A28C8555, cid=2338, seq=0, RW, Message:128f200a0a0a03666f6f...(size=4114), reply=RaftClientReply:client-54A5215B9B2F->s0@group-1720A28C8555, cid=2338, FAILED org.apache.ratis.protocol.LeaderNotReadyException: s0@group-1720A28C8555 is in LEADER state but not ready yet., logIndex=0, commits[s0:c4682, s1:c4682, s2:c4682]
2019-09-26 14:02:58,443 INFO  client.GrpcClientProtocolService (GrpcClientProtocolService.java:lambda$processClientRequest$0(278)) - Failed RaftClientRequest:client-54A5215B9B2F->s0@group-1720A28C8555, cid=2338, seq=0, RW, Message:128f200a0a0a03666f6f...(size=4114), reply=RaftClientReply:client-54A5215B9B2F->s0@group-1720A28C8555, cid=2338, FAILED org.apache.ratis.protocol.LeaderNotReadyException: s0@group-1720A28C8555 is in LEADER state but not ready yet., logIndex=0, commits[s0:c4682, s1:c4682, s2:c4682]
2019-09-26 14:02:58,444 INFO  client.GrpcClientProtocolService (GrpcClientProtocolService.java:lambda$processClientRequest$0(278)) - Failed RaftClientRequest:client-54A5215B9B2F->s0@group-1720A28C8555, cid=2338, seq=0, RW, Message:128f200a0a0a03666f6f...(size=4114), reply=RaftClientReply:client-54A5215B9B2F->s0@group-1720A28C8555, cid=2338, FAILED org.apache.ratis.protocol.LeaderNotReadyException: s0@group-1720A28C8555 is in LEADER state but not ready yet., logIndex=0, commits[s0:c4682, s1:c4682, s2:c4682]
2019-09-26 14:02:58,445 INFO  client.GrpcClientProtocolService (GrpcClientProtocolService.java:lambda$processClientRequest$0(278)) - Failed RaftClientRequest:client-54A5215B9B2F->s0@group-1720A28C8555, cid=2338, seq=0, RW, Message:128f200a0a0a03666f6f...(size=4114), reply=RaftClientReply:client-54A5215B9B2F->s0@group-1720A28C8555, cid=2338, FAILED org.apache.ratis.protocol.LeaderNotReadyException: s0@group-1720A28C8555 is in LEADER state but not ready yet., logIndex=0, commits[s0:c4682, s1:c4682, s2:c4682]
2019-09-26 14:02:58,446 INFO  client.GrpcClientProtocolService (GrpcClientProtocolService.java:lambda$processClientRequest$0(278)) - Failed RaftClientRequest:client-54A5215B9B2F->s0@group-1720A28C8555, cid=2338, seq=0, RW, Message:128f200a0a0a03666f6f...(size=4114), reply=RaftClientReply:client-54A5215B9B2F->s0@group-1720A28C8555, cid=2338, FAILED org.apache.ratis.protocol.LeaderNotReadyException: s0@group-1720A28C8555 is in LEADER state but not ready yet., logIndex=0, commits[s0:c4682, s1:c4682, s2:c4682]
2019-09-26 14:02:58,447 INFO  client.GrpcClientProtocolService (GrpcClientProtocolService.java:lambda$processClientRequest$0(278)) - Failed RaftClientRequest:client-54A5215B9B2F->s0@group-1720A28C8555, cid=2338, seq=0, RW, Message:128f200a0a0a03666f6f...(size=4114), reply=RaftClientReply:client-54A5215B9B2F->s0@group-1720A28C8555, cid=2338, FAILED org.apache.ratis.protocol.LeaderNotReadyException: s0@group-1720A28C8555 is in LEADER state but not ready yet., logIndex=0, commits[s0:c4682, s1:c4682, s2:c4682]
2019-09-26 14:02:58,449 INFO  client.GrpcClientProtocolService (GrpcClientProtocolService.java:lambda$processClientRequest$0(278)) - Failed RaftClientRequest:client-54A5215B9B2F->s0@group-1720A28C8555, cid=2338, seq=0, RW, Message:128f200a0a0a03666f6f...(size=4114), reply=RaftClientReply:client-54A5215B9B2F->s0@group-1720A28C8555, cid=2338, FAILED org.apache.ratis.protocol.LeaderNotReadyException: s0@group-1720A28C8555 is in LEADER state but not ready yet., logIndex=0, commits[s0:c4682, s1:c4682, s2:c4682]
2019-09-26 14:02:58,453 INFO  client.GrpcClientProtocolService (GrpcClientProtocolService.java:lambda$processClientRequest$0(278)) - Failed RaftClientRequest:client-54A5215B9B2F->s0@group-1720A28C8555, cid=2338, seq=0, RW, Message:128f200a0a0a03666f6f...(size=4114), reply=RaftClientReply:client-54A5215B9B2F->s0@group-1720A28C8555, cid=2338, FAILED org.apache.ratis.protocol.LeaderNotReadyException: s0@group-1720A28C8555 is in LEADER state but not ready yet., logIndex=0, commits[s0:c4682, s1:c4682, s2:c4682]
2019-09-26 14:02:58,454 INFO  client.GrpcClientProtocolService (GrpcClientProtocolService.java:lambda$processClientRequest$0(278)) - Failed RaftClientRequest:client-54A5215B9B2F->s0@group-1720A28C8555, cid=2338, seq=0, RW, Message:128f200a0a0a03666f6f...(size=4114), reply=RaftClientReply:client-54A5215B9B2F->s0@group-1720A28C8555, cid=2338, FAILED org.apache.ratis.protocol.LeaderNotReadyException: s0@group-1720A28C8555 is in LEADER state but not ready yet., logIndex=0, commits[s0:c4682, s1:c4682, s2:c4682]
2019-09-26 14:02:58,455 INFO  client.GrpcClientProtocolService (GrpcClientProtocolService.java:lambda$processClientRequest$0(278)) - Failed RaftClientRequest:client-54A5215B9B2F->s0@group-1720A28C8555, cid=2338, seq=0, RW, Message:128f200a0a0a03666f6f...(size=4114), reply=RaftClientReply:client-54A5215B9B2F->s0@group-1720A28C8555, cid=2338, FAILED org.apache.ratis.protocol.LeaderNotReadyException: s0@group-1720A28C8555 is in LEADER state but not ready yet., logIndex=0, commits[s0:c4682, s1:c4682, s2:c4682]
2019-09-26 14:02:58,456 INFO  client.GrpcClientProtocolService (GrpcClientProtocolService.java:lambda$processClientRequest$0(278)) - Failed RaftClientRequest:client-54A5215B9B2F->s0@group-1720A28C8555, cid=2338, seq=0, RW, Message:128f200a0a0a03666f6f...(size=4114), reply=RaftClientReply:client-54A5215B9B2F->s0@group-1720A28C8555, cid=2338, FAILED org.apache.ratis.protocol.LeaderNotReadyException: s0@group-1720A28C8555 is in LEADER state but not ready yet., logIndex=0, commits[s0:c4682, s1:c4682, s2:c4682]
2019-09-26 14:02:58,457 INFO  client.GrpcClientProtocolService (GrpcClientProtocolService.java:lambda$processClientRequest$0(278)) - Failed RaftClientRequest:client-54A5215B9B2F->s0@group-1720A28C8555, cid=2338, seq=0, RW, Message:128f200a0a0a03666f6f...(size=4114), reply=RaftClientReply:client-54A5215B9B2F->s0@group-1720A28C8555, cid=2338, FAILED org.apache.ratis.protocol.LeaderNotReadyException: s0@group-1720A28C8555 is in LEADER state but not ready yet., logIndex=0, commits[s0:c4682, s1:c4682, s2:c4682]
2019-09-26 14:02:58,458 INFO  client.GrpcClientProtocolService (GrpcClientProtocolService.java:lambda$processClientRequest$0(278)) - Failed RaftClientRequest:client-54A5215B9B2F->s0@group-1720A28C8555, cid=2338, seq=0, RW, Message:128f200a0a0a03666f6f...(size=4114), reply=RaftClientReply:client-54A5215B9B2F->s0@group-1720A28C8555, cid=2338, FAILED org.apache.ratis.protocol.LeaderNotReadyException: s0@group-1720A28C8555 is in LEADER state but not ready yet., logIndex=0, commits[s0:c4682, s1:c4682, s2:c4682]
2019-09-26 14:02:58,459 INFO  client.GrpcClientProtocolService (GrpcClientProtocolService.java:lambda$processClientRequest$0(278)) - Failed RaftClientRequest:client-54A5215B9B2F->s0@group-1720A28C8555, cid=2338, seq=0, RW, Message:128f200a0a0a03666f6f...(size=4114), reply=RaftClientReply:client-54A5215B9B2F->s0@group-1720A28C8555, cid=2338, FAILED org.apache.ratis.protocol.LeaderNotReadyException: s0@group-1720A28C8555 is in LEADER state but not ready yet., logIndex=0, commits[s0:c4682, s1:c4682, s2:c4682]
2019-09-26 14:02:58,460 INFO  client.GrpcClientProtocolService (GrpcClientProtocolService.java:lambda$processClientRequest$0(278)) - Failed RaftClientRequest:client-54A5215B9B2F->s0@group-1720A28C8555, cid=2338, seq=0, RW, Message:128f200a0a0a03666f6f...(size=4114), reply=RaftClientReply:client-54A5215B9B2F->s0@group-1720A28C8555, cid=2338, FAILED org.apache.ratis.protocol.LeaderNotReadyException: s0@group-1720A28C8555 is in LEADER state but not ready yet., logIndex=0, commits[s0:c4682, s1:c4682, s2:c4682]
2019-09-26 14:02:58,461 INFO  client.GrpcClientProtocolService (GrpcClientProtocolService.java:lambda$processClientRequest$0(278)) - Failed RaftClientRequest:client-54A5215B9B2F->s0@group-1720A28C8555, cid=2338, seq=0, RW, Message:128f200a0a0a03666f6f...(size=4114), reply=RaftClientReply:client-54A5215B9B2F->s0@group-1720A28C8555, cid=2338, FAILED org.apache.ratis.protocol.LeaderNotReadyException: s0@group-1720A28C8555 is in LEADER state but not ready yet., logIndex=0, commits[s0:c4682, s1:c4682, s2:c4682]
2019-09-26 14:02:58,462 INFO  client.GrpcClientProtocolService (GrpcClientProtocolService.java:lambda$processClientRequest$0(278)) - Failed RaftClientRequest:client-54A5215B9B2F->s0@group-1720A28C8555, cid=2338, seq=0, RW, Message:128f200a0a0a03666f6f...(size=4114), reply=RaftClientReply:client-54A5215B9B2F->s0@group-1720A28C8555, cid=2338, FAILED org.apache.ratis.protocol.LeaderNotReadyException: s0@group-1720A28C8555 is in LEADER state but not ready yet., logIndex=0, commits[s0:c4682, s1:c4682, s2:c4682]
2019-09-26 14:02:58,463 INFO  client.GrpcClientProtocolService (GrpcClientProtocolService.java:lambda$processClientRequest$0(278)) - Failed RaftClientRequest:client-54A5215B9B2F->s0@group-1720A28C8555, cid=2338, seq=0, RW, Message:128f200a0a0a03666f6f...(size=4114), reply=RaftClientReply:client-54A5215B9B2F->s0@group-1720A28C8555, cid=2338, FAILED org.apache.ratis.protocol.LeaderNotReadyException: s0@group-1720A28C8555 is in LEADER state but not ready yet., logIndex=0, commits[s0:c4682, s1:c4682, s2:c4682]
2019-09-26 14:02:58,464 INFO  client.GrpcClientProtocolService (GrpcClientProtocolService.java:lambda$processClientRequest$0(278)) - Failed RaftClientRequest:client-54A5215B9B2F->s0@group-1720A28C8555, cid=2338, seq=0, RW, Message:128f200a0a0a03666f6f...(size=4114), reply=RaftClientReply:client-54A5215B9B2F->s0@group-1720A28C8555, cid=2338, FAILED org.apache.ratis.protocol.LeaderNotReadyException: s0@group-1720A28C8555 is in LEADER state but not ready yet., logIndex=0, commits[s0:c4682, s1:c4682, s2:c4682]
2019-09-26 14:02:58,465 INFO  client.GrpcClientProtocolService (GrpcClientProtocolService.java:lambda$processClientRequest$0(278)) - Failed RaftClientRequest:client-54A5215B9B2F->s0@group-1720A28C8555, cid=2338, seq=0, RW, Message:128f200a0a0a03666f6f...(size=4114), reply=RaftClientReply:client-54A5215B9B2F->s0@group-1720A28C8555, cid=2338, FAILED org.apache.ratis.protocol.LeaderNotReadyException: s0@group-1720A28C8555 is in LEADER state but not ready yet., logIndex=0, commits[s0:c4682, s1:c4682, s2:c4682]
2019-09-26 14:02:58,466 INFO  client.GrpcClientProtocolService (GrpcClientProtocolService.java:lambda$processClientRequest$0(278)) - Failed RaftClientRequest:client-54A5215B9B2F->s0@group-1720A28C8555, cid=2338, seq=0, RW, Message:128f200a0a0a03666f6f...(size=4114), reply=RaftClientReply:client-54A5215B9B2F->s0@group-1720A28C8555, cid=2338, FAILED org.apache.ratis.protocol.LeaderNotReadyException: s0@group-1720A28C8555 is in LEADER state but not ready yet., logIndex=0, commits[s0:c4682, s1:c4682, s2:c4682]
2019-09-26 14:02:58,467 INFO  client.GrpcClientProtocolService (GrpcClientProtocolService.java:lambda$processClientRequest$0(278)) - Failed RaftClientRequest:client-54A5215B9B2F->s0@group-1720A28C8555, cid=2338, seq=0, RW, Message:128f200a0a0a03666f6f...(size=4114), reply=RaftClientReply:client-54A5215B9B2F->s0@group-1720A28C8555, cid=2338, FAILED org.apache.ratis.protocol.LeaderNotReadyException: s0@group-1720A28C8555 is in LEADER state but not ready yet., logIndex=0, commits[s0:c4682, s1:c4682, s2:c4682]
2019-09-26 14:02:58,467 INFO  client.GrpcClientProtocolService (GrpcClientProtocolService.java:lambda$processClientRequest$0(278)) - Failed RaftClientRequest:client-54A5215B9B2F->s0@group-1720A28C8555, cid=2338, seq=0, RW, Message:128f200a0a0a03666f6f...(size=4114), reply=RaftClientReply:client-54A5215B9B2F->s0@group-1720A28C8555, cid=2338, FAILED org.apache.ratis.protocol.LeaderNotReadyException: s0@group-1720A28C8555 is in LEADER state but not ready yet., logIndex=0, commits[s0:c4682, s1:c4682, s2:c4682]
2019-09-26 14:02:58,468 INFO  client.GrpcClientProtocolService (GrpcClientProtocolService.java:lambda$processClientRequest$0(278)) - Failed RaftClientRequest:client-54A5215B9B2F->s0@group-1720A28C8555, cid=2338, seq=0, RW, Message:128f200a0a0a03666f6f...(size=4114), reply=RaftClientReply:client-54A5215B9B2F->s0@group-1720A28C8555, cid=2338, FAILED org.apache.ratis.protocol.LeaderNotReadyException: s0@group-1720A28C8555 is in LEADER state but not ready yet., logIndex=0, commits[s0:c4682, s1:c4682, s2:c4682]
2019-09-26 14:02:58,469 INFO  client.GrpcClientProtocolService (GrpcClientProtocolService.java:lambda$processClientRequest$0(278)) - Failed RaftClientRequest:client-54A5215B9B2F->s0@group-1720A28C8555, cid=2338, seq=0, RW, Message:128f200a0a0a03666f6f...(size=4114), reply=RaftClientReply:client-54A5215B9B2F->s0@group-1720A28C8555, cid=2338, FAILED org.apache.ratis.protocol.LeaderNotReadyException: s0@group-1720A28C8555 is in LEADER state but not ready yet., logIndex=0, commits[s0:c4682, s1:c4682, s2:c4682]
2019-09-26 14:02:58,470 INFO  client.GrpcClientProtocolService (GrpcClientProtocolService.java:lambda$processClientRequest$0(278)) - Failed RaftClientRequest:client-54A5215B9B2F->s0@group-1720A28C8555, cid=2338, seq=0, RW, Message:128f200a0a0a03666f6f...(size=4114), reply=RaftClientReply:client-54A5215B9B2F->s0@group-1720A28C8555, cid=2338, FAILED org.apache.ratis.protocol.LeaderNotReadyException: s0@group-1720A28C8555 is in LEADER state but not ready yet., logIndex=0, commits[s0:c4682, s1:c4682, s2:c4682]
2019-09-26 14:02:58,471 INFO  client.GrpcClientProtocolService (GrpcClientProtocolService.java:lambda$processClientRequest$0(278)) - Failed RaftClientRequest:client-54A5215B9B2F->s0@group-1720A28C8555, cid=2338, seq=0, RW, Message:128f200a0a0a03666f6f...(size=4114), reply=RaftClientReply:client-54A5215B9B2F->s0@group-1720A28C8555, cid=2338, FAILED org.apache.ratis.protocol.LeaderNotReadyException: s0@group-1720A28C8555 is in LEADER state but not ready yet., logIndex=0, commits[s0:c4682, s1:c4682, s2:c4682]
2019-09-26 14:02:58,472 INFO  client.GrpcClientProtocolService (GrpcClientProtocolService.java:lambda$processClientRequest$0(278)) - Failed RaftClientRequest:client-54A5215B9B2F->s0@group-1720A28C8555, cid=2338, seq=0, RW, Message:128f200a0a0a03666f6f...(size=4114), reply=RaftClientReply:client-54A5215B9B2F->s0@group-1720A28C8555, cid=2338, FAILED org.apache.ratis.protocol.LeaderNotReadyException: s0@group-1720A28C8555 is in LEADER state but not ready yet., logIndex=0, commits[s0:c4682, s1:c4682, s2:c4682]
2019-09-26 14:02:58,473 INFO  client.GrpcClientProtocolService (GrpcClientProtocolService.java:lambda$processClientRequest$0(278)) - Failed RaftClientRequest:client-54A5215B9B2F->s0@group-1720A28C8555, cid=2338, seq=0, RW, Message:128f200a0a0a03666f6f...(size=4114), reply=RaftClientReply:client-54A5215B9B2F->s0@group-1720A28C8555, cid=2338, FAILED org.apache.ratis.protocol.LeaderNotReadyException: s0@group-1720A28C8555 is in LEADER state but not ready yet., logIndex=0, commits[s0:c4682, s1:c4682, s2:c4682]
2019-09-26 14:02:58,474 INFO  client.GrpcClientProtocolService (GrpcClientProtocolService.java:lambda$processClientRequest$0(278)) - Failed RaftClientRequest:client-54A5215B9B2F->s0@group-1720A28C8555, cid=2338, seq=0, RW, Message:128f200a0a0a03666f6f...(size=4114), reply=RaftClientReply:client-54A5215B9B2F->s0@group-1720A28C8555, cid=2338, FAILED org.apache.ratis.protocol.LeaderNotReadyException: s0@group-1720A28C8555 is in LEADER state but not ready yet., logIndex=0, commits[s0:c4682, s1:c4682, s2:c4682]
2019-09-26 14:02:58,475 INFO  client.GrpcClientProtocolService (GrpcClientProtocolService.java:lambda$processClientRequest$0(278)) - Failed RaftClientRequest:client-54A5215B9B2F->s0@group-1720A28C8555, cid=2338, seq=0, RW, Message:128f200a0a0a03666f6f...(size=4114), reply=RaftClientReply:client-54A5215B9B2F->s0@group-1720A28C8555, cid=2338, FAILED org.apache.ratis.protocol.LeaderNotReadyException: s0@group-1720A28C8555 is in LEADER state but not ready yet., logIndex=0, commits[s0:c4682, s1:c4682, s2:c4682]
2019-09-26 14:02:58,476 INFO  client.GrpcClientProtocolService (GrpcClientProtocolService.java:lambda$processClientRequest$0(278)) - Failed RaftClientRequest:client-54A5215B9B2F->s0@group-1720A28C8555, cid=2338, seq=0, RW, Message:128f200a0a0a03666f6f...(size=4114), reply=RaftClientReply:client-54A5215B9B2F->s0@group-1720A28C8555, cid=2338, FAILED org.apache.ratis.protocol.LeaderNotReadyException: s0@group-1720A28C8555 is in LEADER state but not ready yet., logIndex=0, commits[s0:c4682, s1:c4682, s2:c4682]
2019-09-26 14:02:58,477 INFO  client.GrpcClientProtocolService (GrpcClientProtocolService.java:lambda$processClientRequest$0(278)) - Failed RaftClientRequest:client-54A5215B9B2F->s0@group-1720A28C8555, cid=2338, seq=0, RW, Message:128f200a0a0a03666f6f...(size=4114), reply=RaftClientReply:client-54A5215B9B2F->s0@group-1720A28C8555, cid=2338, FAILED org.apache.ratis.protocol.LeaderNotReadyException: s0@group-1720A28C8555 is in LEADER state but not ready yet., logIndex=0, commits[s0:c4682, s1:c4682, s2:c4682]
2019-09-26 14:02:58,477 INFO  client.GrpcClientProtocolService (GrpcClientProtocolService.java:lambda$processClientRequest$0(278)) - Failed RaftClientRequest:client-54A5215B9B2F->s0@group-1720A28C8555, cid=2338, seq=0, RW, Message:128f200a0a0a03666f6f...(size=4114), reply=RaftClientReply:client-54A5215B9B2F->s0@group-1720A28C8555, cid=2338, FAILED org.apache.ratis.protocol.LeaderNotReadyException: s0@group-1720A28C8555 is in LEADER state but not ready yet., logIndex=0, commits[s0:c4682, s1:c4682, s2:c4682]
2019-09-26 14:02:58,478 INFO  client.GrpcClientProtocolService (GrpcClientProtocolService.java:lambda$processClientRequest$0(278)) - Failed RaftClientRequest:client-54A5215B9B2F->s0@group-1720A28C8555, cid=2338, seq=0, RW, Message:128f200a0a0a03666f6f...(size=4114), reply=RaftClientReply:client-54A5215B9B2F->s0@group-1720A28C8555, cid=2338, FAILED org.apache.ratis.protocol.LeaderNotReadyException: s0@group-1720A28C8555 is in LEADER state but not ready yet., logIndex=0, commits[s0:c4682, s1:c4682, s2:c4682]
2019-09-26 14:02:58,479 INFO  client.GrpcClientProtocolService (GrpcClientProtocolService.java:lambda$processClientRequest$0(278)) - Failed RaftClientRequest:client-54A5215B9B2F->s0@group-1720A28C8555, cid=2338, seq=0, RW, Message:128f200a0a0a03666f6f...(size=4114), reply=RaftClientReply:client-54A5215B9B2F->s0@group-1720A28C8555, cid=2338, FAILED org.apache.ratis.protocol.LeaderNotReadyException: s0@group-1720A28C8555 is in LEADER state but not ready yet., logIndex=0, commits[s0:c4682, s1:c4682, s2:c4682]
2019-09-26 14:02:58,480 INFO  client.GrpcClientProtocolService (GrpcClientProtocolService.java:lambda$processClientRequest$0(278)) - Failed RaftClientRequest:client-54A5215B9B2F->s0@group-1720A28C8555, cid=2338, seq=0, RW, Message:128f200a0a0a03666f6f...(size=4114), reply=RaftClientReply:client-54A5215B9B2F->s0@group-1720A28C8555, cid=2338, FAILED org.apache.ratis.protocol.LeaderNotReadyException: s0@group-1720A28C8555 is in LEADER state but not ready yet., logIndex=0, commits[s0:c4682, s1:c4682, s2:c4682]
2019-09-26 14:02:58,481 INFO  client.GrpcClientProtocolService (GrpcClientProtocolService.java:lambda$processClientRequest$0(278)) - Failed RaftClientRequest:client-54A5215B9B2F->s0@group-1720A28C8555, cid=2338, seq=0, RW, Message:128f200a0a0a03666f6f...(size=4114), reply=RaftClientReply:client-54A5215B9B2F->s0@group-1720A28C8555, cid=2338, FAILED org.apache.ratis.protocol.LeaderNotReadyException: s0@group-1720A28C8555 is in LEADER state but not ready yet., logIndex=0, commits[s0:c4682, s1:c4682, s2:c4682]
2019-09-26 14:02:58,482 INFO  client.GrpcClientProtocolService (GrpcClientProtocolService.java:lambda$processClientRequest$0(278)) - Failed RaftClientRequest:client-54A5215B9B2F->s0@group-1720A28C8555, cid=2338, seq=0, RW, Message:128f200a0a0a03666f6f...(size=4114), reply=RaftClientReply:client-54A5215B9B2F->s0@group-1720A28C8555, cid=2338, FAILED org.apache.ratis.protocol.LeaderNotReadyException: s0@group-1720A28C8555 is in LEADER state but not ready yet., logIndex=0, commits[s0:c4682, s1:c4682, s2:c4682]
2019-09-26 14:02:58,483 INFO  client.GrpcClientProtocolService (GrpcClientProtocolService.java:lambda$processClientRequest$0(278)) - Failed RaftClientRequest:client-54A5215B9B2F->s0@group-1720A28C8555, cid=2338, seq=0, RW, Message:128f200a0a0a03666f6f...(size=4114), reply=RaftClientReply:client-54A5215B9B2F->s0@group-1720A28C8555, cid=2338, FAILED org.apache.ratis.protocol.LeaderNotReadyException: s0@group-1720A28C8555 is in LEADER state but not ready yet., logIndex=0, commits[s0:c4682, s1:c4682, s2:c4682]
2019-09-26 14:02:58,484 INFO  client.GrpcClientProtocolService (GrpcClientProtocolService.java:lambda$processClientRequest$0(278)) - Failed RaftClientRequest:client-54A5215B9B2F->s0@group-1720A28C8555, cid=2338, seq=0, RW, Message:128f200a0a0a03666f6f...(size=4114), reply=RaftClientReply:client-54A5215B9B2F->s0@group-1720A28C8555, cid=2338, FAILED org.apache.ratis.protocol.LeaderNotReadyException: s0@group-1720A28C8555 is in LEADER state but not ready yet., logIndex=0, commits[s0:c4682, s1:c4682, s2:c4682]
2019-09-26 14:02:58,485 INFO  client.GrpcClientProtocolService (GrpcClientProtocolService.java:lambda$processClientRequest$0(278)) - Failed RaftClientRequest:client-54A5215B9B2F->s0@group-1720A28C8555, cid=2338, seq=0, RW, Message:128f200a0a0a03666f6f...(size=4114), reply=RaftClientReply:client-54A5215B9B2F->s0@group-1720A28C8555, cid=2338, FAILED org.apache.ratis.protocol.LeaderNotReadyException: s0@group-1720A28C8555 is in LEADER state but not ready yet., logIndex=0, commits[s0:c4682, s1:c4682, s2:c4682]
2019-09-26 14:02:58,486 INFO  client.GrpcClientProtocolService (GrpcClientProtocolService.java:lambda$processClientRequest$0(278)) - Failed RaftClientRequest:client-54A5215B9B2F->s0@group-1720A28C8555, cid=2338, seq=0, RW, Message:128f200a0a0a03666f6f...(size=4114), reply=RaftClientReply:client-54A5215B9B2F->s0@group-1720A28C8555, cid=2338, FAILED org.apache.ratis.protocol.LeaderNotReadyException: s0@group-1720A28C8555 is in LEADER state but not ready yet., logIndex=0, commits[s0:c4682, s1:c4682, s2:c4682]
2019-09-26 14:02:58,487 INFO  client.GrpcClientProtocolService (GrpcClientProtocolService.java:lambda$processClientRequest$0(278)) - Failed RaftClientRequest:client-54A5215B9B2F->s0@group-1720A28C8555, cid=2338, seq=0, RW, Message:128f200a0a0a03666f6f...(size=4114), reply=RaftClientReply:client-54A5215B9B2F->s0@group-1720A28C8555, cid=2338, FAILED org.apache.ratis.protocol.LeaderNotReadyException: s0@group-1720A28C8555 is in LEADER state but not ready yet., logIndex=0, commits[s0:c4682, s1:c4682, s2:c4682]
2019-09-26 14:02:58,488 INFO  client.GrpcClientProtocolService (GrpcClientProtocolService.java:lambda$processClientRequest$0(278)) - Failed RaftClientRequest:client-54A5215B9B2F->s0@group-1720A28C8555, cid=2338, seq=0, RW, Message:128f200a0a0a03666f6f...(size=4114), reply=RaftClientReply:client-54A5215B9B2F->s0@group-1720A28C8555, cid=2338, FAILED org.apache.ratis.protocol.LeaderNotReadyException: s0@group-1720A28C8555 is in LEADER state but not ready yet., logIndex=0, commits[s0:c4682, s1:c4682, s2:c4682]
2019-09-26 14:02:58,489 INFO  client.GrpcClientProtocolService (GrpcClientProtocolService.java:lambda$processClientRequest$0(278)) - Failed RaftClientRequest:client-54A5215B9B2F->s0@group-1720A28C8555, cid=2338, seq=0, RW, Message:128f200a0a0a03666f6f...(size=4114), reply=RaftClientReply:client-54A5215B9B2F->s0@group-1720A28C8555, cid=2338, FAILED org.apache.ratis.protocol.LeaderNotReadyException: s0@group-1720A28C8555 is in LEADER state but not ready yet., logIndex=0, commits[s0:c4682, s1:c4682, s2:c4682]
2019-09-26 14:02:58,490 INFO  client.GrpcClientProtocolService (GrpcClientProtocolService.java:lambda$processClientRequest$0(278)) - Failed RaftClientRequest:client-54A5215B9B2F->s0@group-1720A28C8555, cid=2338, seq=0, RW, Message:128f200a0a0a03666f6f...(size=4114), reply=RaftClientReply:client-54A5215B9B2F->s0@group-1720A28C8555, cid=2338, FAILED org.apache.ratis.protocol.LeaderNotReadyException: s0@group-1720A28C8555 is in LEADER state but not ready yet., logIndex=0, commits[s0:c4682, s1:c4682, s2:c4682]
2019-09-26 14:02:58,491 INFO  client.GrpcClientProtocolService (GrpcClientProtocolService.java:lambda$processClientRequest$0(278)) - Failed RaftClientRequest:client-54A5215B9B2F->s0@group-1720A28C8555, cid=2338, seq=0, RW, Message:128f200a0a0a03666f6f...(size=4114), reply=RaftClientReply:client-54A5215B9B2F->s0@group-1720A28C8555, cid=2338, FAILED org.apache.ratis.protocol.LeaderNotReadyException: s0@group-1720A28C8555 is in LEADER state but not ready yet., logIndex=0, commits[s0:c4682, s1:c4682, s2:c4682]
2019-09-26 14:02:58,491 INFO  client.GrpcClientProtocolService (GrpcClientProtocolService.java:lambda$processClientRequest$0(278)) - Failed RaftClientRequest:client-54A5215B9B2F->s0@group-1720A28C8555, cid=2338, seq=0, RW, Message:128f200a0a0a03666f6f...(size=4114), reply=RaftClientReply:client-54A5215B9B2F->s0@group-1720A28C8555, cid=2338, FAILED org.apache.ratis.protocol.LeaderNotReadyException: s0@group-1720A28C8555 is in LEADER state but not ready yet., logIndex=0, commits[s0:c4682, s1:c4682, s2:c4682]
2019-09-26 14:02:58,492 INFO  client.GrpcClientProtocolService (GrpcClientProtocolService.java:lambda$processClientRequest$0(278)) - Failed RaftClientRequest:client-54A5215B9B2F->s0@group-1720A28C8555, cid=2338, seq=0, RW, Message:128f200a0a0a03666f6f...(size=4114), reply=RaftClientReply:client-54A5215B9B2F->s0@group-1720A28C8555, cid=2338, FAILED org.apache.ratis.protocol.LeaderNotReadyException: s0@group-1720A28C8555 is in LEADER state but not ready yet., logIndex=0, commits[s0:c4682, s1:c4682, s2:c4682]
2019-09-26 14:02:58,493 INFO  client.GrpcClientProtocolService (GrpcClientProtocolService.java:lambda$processClientRequest$0(278)) - Failed RaftClientRequest:client-54A5215B9B2F->s0@group-1720A28C8555, cid=2338, seq=0, RW, Message:128f200a0a0a03666f6f...(size=4114), reply=RaftClientReply:client-54A5215B9B2F->s0@group-1720A28C8555, cid=2338, FAILED org.apache.ratis.protocol.LeaderNotReadyException: s0@group-1720A28C8555 is in LEADER state but not ready yet., logIndex=0, commits[s0:c4682, s1:c4682, s2:c4682]
2019-09-26 14:02:58,494 INFO  client.GrpcClientProtocolService (GrpcClientProtocolService.java:lambda$processClientRequest$0(278)) - Failed RaftClientRequest:client-54A5215B9B2F->s0@group-1720A28C8555, cid=2338, seq=0, RW, Message:128f200a0a0a03666f6f...(size=4114), reply=RaftClientReply:client-54A5215B9B2F->s0@group-1720A28C8555, cid=2338, FAILED org.apache.ratis.protocol.LeaderNotReadyException: s0@group-1720A28C8555 is in LEADER state but not ready yet., logIndex=0, commits[s0:c4682, s1:c4682, s2:c4682]
2019-09-26 14:02:58,495 INFO  client.GrpcClientProtocolService (GrpcClientProtocolService.java:lambda$processClientRequest$0(278)) - Failed RaftClientRequest:client-54A5215B9B2F->s0@group-1720A28C8555, cid=2338, seq=0, RW, Message:128f200a0a0a03666f6f...(size=4114), reply=RaftClientReply:client-54A5215B9B2F->s0@group-1720A28C8555, cid=2338, FAILED org.apache.ratis.protocol.LeaderNotReadyException: s0@group-1720A28C8555 is in LEADER state but not ready yet., logIndex=0, commits[s0:c4682, s1:c4682, s2:c4682]
2019-09-26 14:02:58,496 INFO  client.GrpcClientProtocolService (GrpcClientProtocolService.java:lambda$processClientRequest$0(278)) - Failed RaftClientRequest:client-54A5215B9B2F->s0@group-1720A28C8555, cid=2338, seq=0, RW, Message:128f200a0a0a03666f6f...(size=4114), reply=RaftClientReply:client-54A5215B9B2F->s0@group-1720A28C8555, cid=2338, FAILED org.apache.ratis.protocol.LeaderNotReadyException: s0@group-1720A28C8555 is in LEADER state but not ready yet., logIndex=0, commits[s0:c4682, s1:c4682, s2:c4682]
2019-09-26 14:02:58,496 INFO  client.GrpcClientProtocolService (GrpcClientProtocolService.java:lambda$processClientRequest$0(278)) - Failed RaftClientRequest:client-54A5215B9B2F->s0@group-1720A28C8555, cid=2338, seq=0, RW, Message:128f200a0a0a03666f6f...(size=4114), reply=RaftClientReply:client-54A5215B9B2F->s0@group-1720A28C8555, cid=2338, FAILED org.apache.ratis.protocol.LeaderNotReadyException: s0@group-1720A28C8555 is in LEADER state but not ready yet., logIndex=0, commits[s0:c4682, s1:c4682, s2:c4682]
2019-09-26 14:02:58,497 INFO  client.GrpcClientProtocolService (GrpcClientProtocolService.java:lambda$processClientRequest$0(278)) - Failed RaftClientRequest:client-54A5215B9B2F->s0@group-1720A28C8555, cid=2338, seq=0, RW, Message:128f200a0a0a03666f6f...(size=4114), reply=RaftClientReply:client-54A5215B9B2F->s0@group-1720A28C8555, cid=2338, FAILED org.apache.ratis.protocol.LeaderNotReadyException: s0@group-1720A28C8555 is in LEADER state but not ready yet., logIndex=0, commits[s0:c4682, s1:c4682, s2:c4682]
2019-09-26 14:02:58,498 INFO  client.GrpcClientProtocolService (GrpcClientProtocolService.java:lambda$processClientRequest$0(278)) - Failed RaftClientRequest:client-54A5215B9B2F->s0@group-1720A28C8555, cid=2338, seq=0, RW, Message:128f200a0a0a03666f6f...(size=4114), reply=RaftClientReply:client-54A5215B9B2F->s0@group-1720A28C8555, cid=2338, FAILED org.apache.ratis.protocol.LeaderNotReadyException: s0@group-1720A28C8555 is in LEADER state but not ready yet., logIndex=0, commits[s0:c4682, s1:c4682, s2:c4682]
2019-09-26 14:02:58,499 INFO  client.GrpcClientProtocolService (GrpcClientProtocolService.java:lambda$processClientRequest$0(278)) - Failed RaftClientRequest:client-54A5215B9B2F->s0@group-1720A28C8555, cid=2338, seq=0, RW, Message:128f200a0a0a03666f6f...(size=4114), reply=RaftClientReply:client-54A5215B9B2F->s0@group-1720A28C8555, cid=2338, FAILED org.apache.ratis.protocol.LeaderNotReadyException: s0@group-1720A28C8555 is in LEADER state but not ready yet., logIndex=0, commits[s0:c4682, s1:c4682, s2:c4682]
2019-09-26 14:02:58,500 INFO  client.GrpcClientProtocolService (GrpcClientProtocolService.java:lambda$processClientRequest$0(278)) - Failed RaftClientRequest:client-54A5215B9B2F->s0@group-1720A28C8555, cid=2338, seq=0, RW, Message:128f200a0a0a03666f6f...(size=4114), reply=RaftClientReply:client-54A5215B9B2F->s0@group-1720A28C8555, cid=2338, FAILED org.apache.ratis.protocol.LeaderNotReadyException: s0@group-1720A28C8555 is in LEADER state but not ready yet., logIndex=0, commits[s0:c4682, s1:c4682, s2:c4682]
2019-09-26 14:02:58,500 INFO  client.GrpcClientProtocolService (GrpcClientProtocolService.java:lambda$processClientRequest$0(278)) - Failed RaftClientRequest:client-54A5215B9B2F->s0@group-1720A28C8555, cid=2338, seq=0, RW, Message:128f200a0a0a03666f6f...(size=4114), reply=RaftClientReply:client-54A5215B9B2F->s0@group-1720A28C8555, cid=2338, FAILED org.apache.ratis.protocol.LeaderNotReadyException: s0@group-1720A28C8555 is in LEADER state but not ready yet., logIndex=0, commits[s0:c4682, s1:c4682, s2:c4682]
2019-09-26 14:02:58,501 INFO  segmented.SegmentedRaftLogWorker (SegmentedRaftLogWorker.java:execute(569)) - s1@group-1720A28C8555-SegmentedRaftLogWorker: created new log segment /workdir/ratis-examples/target/test/data/92cd4afb/MiniRaftClusterWithGrpc4a8e4c9f/s1/3e568cf1-66e7-476e-b2f1-1720a28c8555/current/log_inprogress_4683
2019-09-26 14:02:58,501 INFO  segmented.SegmentedRaftLogWorker (SegmentedRaftLogWorker.java:execute(569)) - s0@group-1720A28C8555-SegmentedRaftLogWorker: created new log segment /workdir/ratis-examples/target/test/data/92cd4afb/MiniRaftClusterWithGrpc4a8e4c9f/s0/3e568cf1-66e7-476e-b2f1-1720a28c8555/current/log_inprogress_4683
2019-09-26 14:02:58,501 INFO  segmented.SegmentedRaftLogWorker (SegmentedRaftLogWorker.java:execute(569)) - s2@group-1720A28C8555-SegmentedRaftLogWorker: created new log segment /workdir/ratis-examples/target/test/data/92cd4afb/MiniRaftClusterWithGrpc4a8e4c9f/s2/3e568cf1-66e7-476e-b2f1-1720a28c8555/current/log_inprogress_4683
2019-09-26 14:02:58,501 INFO  client.GrpcClientProtocolService (GrpcClientProtocolService.java:lambda$processClientRequest$0(278)) - Failed RaftClientRequest:client-54A5215B9B2F->s0@group-1720A28C8555, cid=2338, seq=0, RW, Message:128f200a0a0a03666f6f...(size=4114), reply=RaftClientReply:client-54A5215B9B2F->s0@group-1720A28C8555, cid=2338, FAILED org.apache.ratis.protocol.LeaderNotReadyException: s0@group-1720A28C8555 is in LEADER state but not ready yet., logIndex=0, commits[s0:c4682, s1:c4682, s2:c4682]
2019-09-26 14:02:58,502 INFO  client.GrpcClientProtocolService (GrpcClientProtocolService.java:lambda$processClientRequest$0(278)) - Failed RaftClientRequest:client-54A5215B9B2F->s0@group-1720A28C8555, cid=2338, seq=0, RW, Message:128f200a0a0a03666f6f...(size=4114), reply=RaftClientReply:client-54A5215B9B2F->s0@group-1720A28C8555, cid=2338, FAILED org.apache.ratis.protocol.LeaderNotReadyException: s0@group-1720A28C8555 is in LEADER state but not ready yet., logIndex=0, commits[s0:c4682, s1:c4682, s2:c4682]
2019-09-26 14:02:58,503 INFO  client.GrpcClientProtocolService (GrpcClientProtocolService.java:lambda$processClientRequest$0(278)) - Failed RaftClientRequest:client-54A5215B9B2F->s0@group-1720A28C8555, cid=2338, seq=0, RW, Message:128f200a0a0a03666f6f...(size=4114), reply=RaftClientReply:client-54A5215B9B2F->s0@group-1720A28C8555, cid=2338, FAILED org.apache.ratis.protocol.LeaderNotReadyException: s0@group-1720A28C8555 is in LEADER state but not ready yet., logIndex=0, commits[s0:c4682, s1:c4682, s2:c4682]
2019-09-26 14:02:58,504 INFO  client.GrpcClientProtocolService (GrpcClientProtocolService.java:lambda$processClientRequest$0(278)) - Failed RaftClientRequest:client-54A5215B9B2F->s0@group-1720A28C8555, cid=2338, seq=0, RW, Message:128f200a0a0a03666f6f...(size=4114), reply=RaftClientReply:client-54A5215B9B2F->s0@group-1720A28C8555, cid=2338, FAILED org.apache.ratis.protocol.LeaderNotReadyException: s0@group-1720A28C8555 is in LEADER state but not ready yet., logIndex=0, commits[s0:c4682, s1:c4682, s2:c4682]
2019-09-26 14:03:01,441 WARN  util.JavaUtils (JavaUtils.java:sleep(250)) - Unexpected long sleep: sleep(251ms) actually took 561ms which is over the threshold 300ms
2019-09-26 14:03:04,282 TRACE util.FileUtils (LogUtils.java:runAndLog(61)) - Successfully ran Files.delete /workdir/ratis-examples/target/test/data/92cd4afb/TestFileStoreWithGrpc/filestore/s0/foo
2019-09-26 14:03:04,288 INFO  filestore.FileStoreBaseTest (FileStoreBaseTest.java:testMultipleFiles(97)) - runTestMultipleFile with pathPrefix=file, numFile=100, fileLength=1M (=1048576)
2019-09-26 14:03:04,291 TRACE util.FileUtils (LogUtils.java:runAndLog(61)) - Successfully ran Files.delete /workdir/ratis-examples/target/test/data/92cd4afb/TestFileStoreWithGrpc/filestore/s1/foo
2019-09-26 14:03:04,291 TRACE util.FileUtils (LogUtils.java:runAndLog(61)) - Successfully ran Files.delete /workdir/ratis-examples/target/test/data/92cd4afb/TestFileStoreWithGrpc/filestore/s2/foo
2019-09-26 14:03:04,307 TRACE util.FileUtils (LogUtils.java:supplyAndLog(82)) - Successfully supplied Files.newOutputStream CREATE_NEW /workdir/ratis-examples/target/test/data/92cd4afb/TestFileStoreWithGrpc/filestore/s0/file16: java.nio.channels.Channels$1@21f77ecf
2019-09-26 14:03:04,307 TRACE util.FileUtils (LogUtils.java:supplyAndLog(82)) - Successfully supplied Files.newOutputStream CREATE_NEW /workdir/ratis-examples/target/test/data/92cd4afb/TestFileStoreWithGrpc/filestore/s0/file19: java.nio.channels.Channels$1@8828a70
2019-09-26 14:03:04,308 TRACE util.FileUtils (LogUtils.java:supplyAndLog(82)) - Successfully supplied Files.newOutputStream CREATE_NEW /workdir/ratis-examples/target/test/data/92cd4afb/TestFileStoreWithGrpc/filestore/s0/file07: java.nio.channels.Channels$1@1048ff79
2019-09-26 14:03:04,309 TRACE util.FileUtils (LogUtils.java:supplyAndLog(82)) - Successfully supplied Files.newOutputStream CREATE_NEW /workdir/ratis-examples/target/test/data/92cd4afb/TestFileStoreWithGrpc/filestore/s2/file19: java.nio.channels.Channels$1@2c63bb2e
2019-09-26 14:03:04,309 TRACE util.FileUtils (LogUtils.java:supplyAndLog(82)) - Successfully supplied Files.newOutputStream CREATE_NEW /workdir/ratis-examples/target/test/data/92cd4afb/TestFileStoreWithGrpc/filestore/s0/file18: java.nio.channels.Channels$1@2e31962f
2019-09-26 14:03:04,309 TRACE util.FileUtils (LogUtils.java:supplyAndLog(82)) - Successfully supplied Files.newOutputStream CREATE_NEW /workdir/ratis-examples/target/test/data/92cd4afb/TestFileStoreWithGrpc/filestore/s0/file01: java.nio.channels.Channels$1@6189f0b6
2019-09-26 14:03:04,309 TRACE util.FileUtils (LogUtils.java:supplyAndLog(82)) - Successfully supplied Files.newOutputStream CREATE_NEW /workdir/ratis-examples/target/test/data/92cd4afb/TestFileStoreWithGrpc/filestore/s2/file16: java.nio.channels.Channels$1@6d04bfed
2019-09-26 14:03:04,311 TRACE util.FileUtils (LogUtils.java:supplyAndLog(82)) - Successfully supplied Files.newOutputStream CREATE_NEW /workdir/ratis-examples/target/test/data/92cd4afb/TestFileStoreWithGrpc/filestore/s2/file07: java.nio.channels.Channels$1@778012b4
2019-09-26 14:03:04,312 TRACE util.FileUtils (LogUtils.java:supplyAndLog(82)) - Successfully supplied Files.newOutputStream CREATE_NEW /workdir/ratis-examples/target/test/data/92cd4afb/TestFileStoreWithGrpc/filestore/s2/file18: java.nio.channels.Channels$1@41ec6fc1
2019-09-26 14:03:04,311 TRACE util.FileUtils (LogUtils.java:supplyAndLog(82)) - Successfully supplied Files.newOutputStream CREATE_NEW /workdir/ratis-examples/target/test/data/92cd4afb/TestFileStoreWithGrpc/filestore/s0/file08: java.nio.channels.Channels$1@773121ec
2019-09-26 14:03:04,312 TRACE util.FileUtils (LogUtils.java:supplyAndLog(82)) - Successfully supplied Files.newOutputStream CREATE_NEW /workdir/ratis-examples/target/test/data/92cd4afb/TestFileStoreWithGrpc/filestore/s0/file10: java.nio.channels.Channels$1@54db11cd
2019-09-26 14:03:04,311 TRACE util.FileUtils (LogUtils.java:supplyAndLog(82)) - Successfully supplied Files.newOutputStream CREATE_NEW /workdir/ratis-examples/target/test/data/92cd4afb/TestFileStoreWithGrpc/filestore/s0/file00: java.nio.channels.Channels$1@48c783f7
2019-09-26 14:03:04,314 TRACE util.FileUtils (LogUtils.java:supplyAndLog(82)) - Successfully supplied Files.newOutputStream CREATE_NEW /workdir/ratis-examples/target/test/data/92cd4afb/TestFileStoreWithGrpc/filestore/s2/file08: java.nio.channels.Channels$1@2233fef6
2019-09-26 14:03:04,314 TRACE util.FileUtils (LogUtils.java:supplyAndLog(82)) - Successfully supplied Files.newOutputStream CREATE_NEW /workdir/ratis-examples/target/test/data/92cd4afb/TestFileStoreWithGrpc/filestore/s1/file19: java.nio.channels.Channels$1@f1d2e9b
2019-09-26 14:03:04,314 TRACE util.FileUtils (LogUtils.java:supplyAndLog(82)) - Successfully supplied Files.newOutputStream CREATE_NEW /workdir/ratis-examples/target/test/data/92cd4afb/TestFileStoreWithGrpc/filestore/s0/file04: java.nio.channels.Channels$1@79f6d17a
2019-09-26 14:03:04,313 TRACE util.FileUtils (LogUtils.java:supplyAndLog(82)) - Successfully supplied Files.newOutputStream CREATE_NEW /workdir/ratis-examples/target/test/data/92cd4afb/TestFileStoreWithGrpc/filestore/s0/file15: java.nio.channels.Channels$1@4e398301
2019-09-26 14:03:04,313 TRACE util.FileUtils (LogUtils.java:supplyAndLog(82)) - Successfully supplied Files.newOutputStream CREATE_NEW /workdir/ratis-examples/target/test/data/92cd4afb/TestFileStoreWithGrpc/filestore/s2/file01: java.nio.channels.Channels$1@7947e234
2019-09-26 14:03:04,318 TRACE util.FileUtils (LogUtils.java:supplyAndLog(82)) - Successfully supplied Files.newOutputStream CREATE_NEW /workdir/ratis-examples/target/test/data/92cd4afb/TestFileStoreWithGrpc/filestore/s0/file12: java.nio.channels.Channels$1@2f308481
2019-09-26 14:03:04,319 TRACE util.FileUtils (LogUtils.java:supplyAndLog(82)) - Successfully supplied Files.newOutputStream CREATE_NEW /workdir/ratis-examples/target/test/data/92cd4afb/TestFileStoreWithGrpc/filestore/s0/file06: java.nio.channels.Channels$1@cbd1fb8
2019-09-26 14:03:04,318 TRACE util.FileUtils (LogUtils.java:supplyAndLog(82)) - Successfully supplied Files.newOutputStream CREATE_NEW /workdir/ratis-examples/target/test/data/92cd4afb/TestFileStoreWithGrpc/filestore/s1/file01: java.nio.channels.Channels$1@22ac98c9
2019-09-26 14:03:04,317 TRACE util.FileUtils (LogUtils.java:supplyAndLog(82)) - Successfully supplied Files.newOutputStream CREATE_NEW /workdir/ratis-examples/target/test/data/92cd4afb/TestFileStoreWithGrpc/filestore/s1/file18: java.nio.channels.Channels$1@203b51a
2019-09-26 14:03:04,317 TRACE util.FileUtils (LogUtils.java:supplyAndLog(82)) - Successfully supplied Files.newOutputStream CREATE_NEW /workdir/ratis-examples/target/test/data/92cd4afb/TestFileStoreWithGrpc/filestore/s1/file07: java.nio.channels.Channels$1@b930d04
2019-09-26 14:03:04,322 TRACE util.FileUtils (LogUtils.java:supplyAndLog(82)) - Successfully supplied Files.newOutputStream CREATE_NEW /workdir/ratis-examples/target/test/data/92cd4afb/TestFileStoreWithGrpc/filestore/s2/file15: java.nio.channels.Channels$1@4ab71e85
2019-09-26 14:03:04,315 TRACE util.FileUtils (LogUtils.java:supplyAndLog(82)) - Successfully supplied Files.newOutputStream CREATE_NEW /workdir/ratis-examples/target/test/data/92cd4afb/TestFileStoreWithGrpc/filestore/s1/file16: java.nio.channels.Channels$1@74d5be61
2019-09-26 14:03:04,322 TRACE util.FileUtils (LogUtils.java:supplyAndLog(82)) - Successfully supplied Files.newOutputStream CREATE_NEW /workdir/ratis-examples/target/test/data/92cd4afb/TestFileStoreWithGrpc/filestore/s2/file04: java.nio.channels.Channels$1@f320886
2019-09-26 14:03:04,322 TRACE util.FileUtils (LogUtils.java:supplyAndLog(82)) - Successfully supplied Files.newOutputStream CREATE_NEW /workdir/ratis-examples/target/test/data/92cd4afb/TestFileStoreWithGrpc/filestore/s2/file10: java.nio.channels.Channels$1@92bfa68
2019-09-26 14:03:04,322 TRACE util.FileUtils (LogUtils.java:supplyAndLog(82)) - Successfully supplied Files.newOutputStream CREATE_NEW /workdir/ratis-examples/target/test/data/92cd4afb/TestFileStoreWithGrpc/filestore/s1/file08: java.nio.channels.Channels$1@cc45b2a
2019-09-26 14:03:04,324 TRACE util.FileUtils (LogUtils.java:supplyAndLog(82)) - Successfully supplied Files.newOutputStream CREATE_NEW /workdir/ratis-examples/target/test/data/92cd4afb/TestFileStoreWithGrpc/filestore/s1/file15: java.nio.channels.Channels$1@6113e85c
2019-09-26 14:03:04,322 TRACE util.FileUtils (LogUtils.java:supplyAndLog(82)) - Successfully supplied Files.newOutputStream CREATE_NEW /workdir/ratis-examples/target/test/data/92cd4afb/TestFileStoreWithGrpc/filestore/s2/file00: java.nio.channels.Channels$1@4266f10b
2019-09-26 14:03:04,324 TRACE util.FileUtils (LogUtils.java:supplyAndLog(82)) - Successfully supplied Files.newOutputStream CREATE_NEW /workdir/ratis-examples/target/test/data/92cd4afb/TestFileStoreWithGrpc/filestore/s1/file04: java.nio.channels.Channels$1@5befa20a
2019-09-26 14:03:04,324 TRACE util.FileUtils (LogUtils.java:supplyAndLog(82)) - Successfully supplied Files.newOutputStream CREATE_NEW /workdir/ratis-examples/target/test/data/92cd4afb/TestFileStoreWithGrpc/filestore/s2/file06: java.nio.channels.Channels$1@63c34c3d
2019-09-26 14:03:04,323 TRACE util.FileUtils (LogUtils.java:supplyAndLog(82)) - Successfully supplied Files.newOutputStream CREATE_NEW /workdir/ratis-examples/target/test/data/92cd4afb/TestFileStoreWithGrpc/filestore/s1/file10: java.nio.channels.Channels$1@123350a8
2019-09-26 14:03:04,323 TRACE util.FileUtils (LogUtils.java:supplyAndLog(82)) - Successfully supplied Files.newOutputStream CREATE_NEW /workdir/ratis-examples/target/test/data/92cd4afb/TestFileStoreWithGrpc/filestore/s1/file00: java.nio.channels.Channels$1@1b3226b9
2019-09-26 14:03:04,323 TRACE util.FileUtils (LogUtils.java:supplyAndLog(82)) - Successfully supplied Files.newOutputStream CREATE_NEW /workdir/ratis-examples/target/test/data/92cd4afb/TestFileStoreWithGrpc/filestore/s2/file12: java.nio.channels.Channels$1@2769a65f
2019-09-26 14:03:04,325 TRACE util.FileUtils (LogUtils.java:supplyAndLog(82)) - Successfully supplied Files.newOutputStream CREATE_NEW /workdir/ratis-examples/target/test/data/92cd4afb/TestFileStoreWithGrpc/filestore/s1/file06: java.nio.channels.Channels$1@2c6b62ec
2019-09-26 14:03:04,325 TRACE util.FileUtils (LogUtils.java:supplyAndLog(82)) - Successfully supplied Files.newOutputStream CREATE_NEW /workdir/ratis-examples/target/test/data/92cd4afb/TestFileStoreWithGrpc/filestore/s1/file12: java.nio.channels.Channels$1@1dad108
2019-09-26 14:03:04,329 TRACE util.FileUtils (LogUtils.java:supplyAndLog(82)) - Successfully supplied Files.newOutputStream CREATE_NEW /workdir/ratis-examples/target/test/data/92cd4afb/TestFileStoreWithGrpc/filestore/s0/file11: java.nio.channels.Channels$1@1e8f1300
2019-09-26 14:03:04,329 TRACE util.FileUtils (LogUtils.java:supplyAndLog(82)) - Successfully supplied Files.newOutputStream CREATE_NEW /workdir/ratis-examples/target/test/data/92cd4afb/TestFileStoreWithGrpc/filestore/s0/file09: java.nio.channels.Channels$1@6f4e12f7
2019-09-26 14:03:04,329 TRACE util.FileUtils (LogUtils.java:supplyAndLog(82)) - Successfully supplied Files.newOutputStream CREATE_NEW /workdir/ratis-examples/target/test/data/92cd4afb/TestFileStoreWithGrpc/filestore/s0/file05: java.nio.channels.Channels$1@748bf40f
2019-09-26 14:03:04,329 TRACE util.FileUtils (LogUtils.java:supplyAndLog(82)) - Successfully supplied Files.newOutputStream CREATE_NEW /workdir/ratis-examples/target/test/data/92cd4afb/TestFileStoreWithGrpc/filestore/s0/file03: java.nio.channels.Channels$1@20f66d99
2019-09-26 14:03:04,333 TRACE util.FileUtils (LogUtils.java:supplyAndLog(82)) - Successfully supplied Files.newOutputStream CREATE_NEW /workdir/ratis-examples/target/test/data/92cd4afb/TestFileStoreWithGrpc/filestore/s1/file11: java.nio.channels.Channels$1@5ae155fa
2019-09-26 14:03:04,333 TRACE util.FileUtils (LogUtils.java:supplyAndLog(82)) - Successfully supplied Files.newOutputStream CREATE_NEW /workdir/ratis-examples/target/test/data/92cd4afb/TestFileStoreWithGrpc/filestore/s1/file03: java.nio.channels.Channels$1@554f206
2019-09-26 14:03:04,334 TRACE util.FileUtils (LogUtils.java:supplyAndLog(82)) - Successfully supplied Files.newOutputStream CREATE_NEW /workdir/ratis-examples/target/test/data/92cd4afb/TestFileStoreWithGrpc/filestore/s1/file05: java.nio.channels.Channels$1@8fbde6a
2019-09-26 14:03:04,334 TRACE util.FileUtils (LogUtils.java:supplyAndLog(82)) - Successfully supplied Files.newOutputStream CREATE_NEW /workdir/ratis-examples/target/test/data/92cd4afb/TestFileStoreWithGrpc/filestore/s0/file02: java.nio.channels.Channels$1@7dc94a9c
2019-09-26 14:03:04,338 TRACE util.FileUtils (LogUtils.java:supplyAndLog(82)) - Successfully supplied Files.newOutputStream CREATE_NEW /workdir/ratis-examples/target/test/data/92cd4afb/TestFileStoreWithGrpc/filestore/s2/file05: java.nio.channels.Channels$1@7d7879c4
2019-09-26 14:03:04,333 TRACE util.FileUtils (LogUtils.java:supplyAndLog(82)) - Successfully supplied Files.newOutputStream CREATE_NEW /workdir/ratis-examples/target/test/data/92cd4afb/TestFileStoreWithGrpc/filestore/s1/file09: java.nio.channels.Channels$1@7a124e8b
2019-09-26 14:03:04,340 TRACE util.FileUtils (LogUtils.java:supplyAndLog(82)) - Successfully supplied Files.newOutputStream CREATE_NEW /workdir/ratis-examples/target/test/data/92cd4afb/TestFileStoreWithGrpc/filestore/s1/file02: java.nio.channels.Channels$1@1cf4bc9e
2019-09-26 14:03:04,336 TRACE util.FileUtils (LogUtils.java:supplyAndLog(82)) - Successfully supplied Files.newOutputStream CREATE_NEW /workdir/ratis-examples/target/test/data/92cd4afb/TestFileStoreWithGrpc/filestore/s2/file09: java.nio.channels.Channels$1@2cf414c0
2019-09-26 14:03:04,336 TRACE util.FileUtils (LogUtils.java:supplyAndLog(82)) - Successfully supplied Files.newOutputStream CREATE_NEW /workdir/ratis-examples/target/test/data/92cd4afb/TestFileStoreWithGrpc/filestore/s0/file17: java.nio.channels.Channels$1@40fe74b6
2019-09-26 14:03:04,336 TRACE util.FileUtils (LogUtils.java:supplyAndLog(82)) - Successfully supplied Files.newOutputStream CREATE_NEW /workdir/ratis-examples/target/test/data/92cd4afb/TestFileStoreWithGrpc/filestore/s2/file03: java.nio.channels.Channels$1@4f2b998c
2019-09-26 14:03:04,335 TRACE util.FileUtils (LogUtils.java:supplyAndLog(82)) - Successfully supplied Files.newOutputStream CREATE_NEW /workdir/ratis-examples/target/test/data/92cd4afb/TestFileStoreWithGrpc/filestore/s2/file11: java.nio.channels.Channels$1@2916503
2019-09-26 14:03:04,351 TRACE util.FileUtils (LogUtils.java:supplyAndLog(82)) - Successfully supplied Files.newOutputStream CREATE_NEW /workdir/ratis-examples/target/test/data/92cd4afb/TestFileStoreWithGrpc/filestore/s0/file13: java.nio.channels.Channels$1@5a1ce526
2019-09-26 14:03:04,348 TRACE util.FileUtils (LogUtils.java:supplyAndLog(82)) - Successfully supplied Files.newOutputStream CREATE_NEW /workdir/ratis-examples/target/test/data/92cd4afb/TestFileStoreWithGrpc/filestore/s0/file14: java.nio.channels.Channels$1@7a4c14ee
2019-09-26 14:03:04,345 TRACE util.FileUtils (LogUtils.java:supplyAndLog(82)) - Successfully supplied Files.newOutputStream CREATE_NEW /workdir/ratis-examples/target/test/data/92cd4afb/TestFileStoreWithGrpc/filestore/s2/file17: java.nio.channels.Channels$1@4ca11737
2019-09-26 14:03:04,345 TRACE util.FileUtils (LogUtils.java:supplyAndLog(82)) - Successfully supplied Files.newOutputStream CREATE_NEW /workdir/ratis-examples/target/test/data/92cd4afb/TestFileStoreWithGrpc/filestore/s2/file02: java.nio.channels.Channels$1@7ec153d
2019-09-26 14:03:04,345 TRACE util.FileUtils (LogUtils.java:supplyAndLog(82)) - Successfully supplied Files.newOutputStream CREATE_NEW /workdir/ratis-examples/target/test/data/92cd4afb/TestFileStoreWithGrpc/filestore/s1/file17: java.nio.channels.Channels$1@15f5dbaf
2019-09-26 14:03:04,352 TRACE util.FileUtils (LogUtils.java:supplyAndLog(82)) - Successfully supplied Files.newOutputStream CREATE_NEW /workdir/ratis-examples/target/test/data/92cd4afb/TestFileStoreWithGrpc/filestore/s1/file13: java.nio.channels.Channels$1@5fd02daf
2019-09-26 14:03:04,352 TRACE util.FileUtils (LogUtils.java:supplyAndLog(82)) - Successfully supplied Files.newOutputStream CREATE_NEW /workdir/ratis-examples/target/test/data/92cd4afb/TestFileStoreWithGrpc/filestore/s2/file14: java.nio.channels.Channels$1@1f5f710
2019-09-26 14:03:04,352 TRACE util.FileUtils (LogUtils.java:supplyAndLog(82)) - Successfully supplied Files.newOutputStream CREATE_NEW /workdir/ratis-examples/target/test/data/92cd4afb/TestFileStoreWithGrpc/filestore/s1/file14: java.nio.channels.Channels$1@6fd40a0e
2019-09-26 14:03:04,353 TRACE util.FileUtils (LogUtils.java:supplyAndLog(82)) - Successfully supplied Files.newOutputStream CREATE_NEW /workdir/ratis-examples/target/test/data/92cd4afb/TestFileStoreWithGrpc/filestore/s2/file13: java.nio.channels.Channels$1@28cb9586
2019-09-26 14:03:08,167 INFO  ratis.MiniRaftCluster (MiniRaftCluster.java:lambda$null$5(297)) - TIMED-PRINT: printing ALL groups
  s0:  RUNNING    LEADER s0@group-1720A28C8555:t12, leader=s0, voted=s0, raftlog=s0@group-1720A28C8555-SegmentedRaftLog:OPENED:c8500,f8512,i8516, conf=4683: [s0:0.0.0.0:36116, s1:0.0.0.0:33523, s2:0.0.0.0:40404], old=null RUNNING
  s1:  RUNNING  FOLLOWER s1@group-1720A28C8555:t12, leader=s0, voted=s0, raftlog=s1@group-1720A28C8555-SegmentedRaftLog:OPENED:c8481,f8510,i8513, conf=4683: [s0:0.0.0.0:36116, s1:0.0.0.0:33523, s2:0.0.0.0:40404], old=null RUNNING
  s2:  RUNNING  FOLLOWER s2@group-1720A28C8555:t12, leader=s0, voted=s0, raftlog=s2@group-1720A28C8555-SegmentedRaftLog:OPENED:c8481,f8506,i8513, conf=4683: [s0:0.0.0.0:36116, s1:0.0.0.0:33523, s2:0.0.0.0:40404], old=null RUNNING
2019-09-26 14:03:11,875 TRACE util.FileUtils (LogUtils.java:supplyAndLog(82)) - Successfully supplied Files.newOutputStream CREATE_NEW /workdir/ratis-examples/target/test/data/92cd4afb/TestFileStoreWithGrpc/filestore/s2/file20: java.nio.channels.Channels$1@4470f9a3
2019-09-26 14:03:11,875 TRACE util.FileUtils (LogUtils.java:supplyAndLog(82)) - Successfully supplied Files.newOutputStream CREATE_NEW /workdir/ratis-examples/target/test/data/92cd4afb/TestFileStoreWithGrpc/filestore/s1/file20: java.nio.channels.Channels$1@7e2dd511
2019-09-26 14:03:11,875 TRACE util.FileUtils (LogUtils.java:supplyAndLog(82)) - Successfully supplied Files.newOutputStream CREATE_NEW /workdir/ratis-examples/target/test/data/92cd4afb/TestFileStoreWithGrpc/filestore/s0/file20: java.nio.channels.Channels$1@38cbdb41
2019-09-26 14:03:12,128 TRACE util.FileUtils (LogUtils.java:supplyAndLog(82)) - Successfully supplied Files.newOutputStream CREATE_NEW /workdir/ratis-examples/target/test/data/92cd4afb/TestFileStoreWithGrpc/filestore/s0/file21: java.nio.channels.Channels$1@44c1e871
2019-09-26 14:03:12,128 TRACE util.FileUtils (LogUtils.java:supplyAndLog(82)) - Successfully supplied Files.newOutputStream CREATE_NEW /workdir/ratis-examples/target/test/data/92cd4afb/TestFileStoreWithGrpc/filestore/s0/file22: java.nio.channels.Channels$1@6b719bc6
2019-09-26 14:03:12,128 TRACE util.FileUtils (LogUtils.java:supplyAndLog(82)) - Successfully supplied Files.newOutputStream CREATE_NEW /workdir/ratis-examples/target/test/data/92cd4afb/TestFileStoreWithGrpc/filestore/s1/file21: java.nio.channels.Channels$1@18cb3bd8
2019-09-26 14:03:12,129 TRACE util.FileUtils (LogUtils.java:supplyAndLog(82)) - Successfully supplied Files.newOutputStream CREATE_NEW /workdir/ratis-examples/target/test/data/92cd4afb/TestFileStoreWithGrpc/filestore/s2/file22: java.nio.channels.Channels$1@4b1404b1
2019-09-26 14:03:12,128 TRACE util.FileUtils (LogUtils.java:supplyAndLog(82)) - Successfully supplied Files.newOutputStream CREATE_NEW /workdir/ratis-examples/target/test/data/92cd4afb/TestFileStoreWithGrpc/filestore/s2/file21: java.nio.channels.Channels$1@3d39118
2019-09-26 14:03:12,129 TRACE util.FileUtils (LogUtils.java:supplyAndLog(82)) - Successfully supplied Files.newOutputStream CREATE_NEW /workdir/ratis-examples/target/test/data/92cd4afb/TestFileStoreWithGrpc/filestore/s1/file22: java.nio.channels.Channels$1@1ad2a831
2019-09-26 14:03:12,130 TRACE util.FileUtils (LogUtils.java:supplyAndLog(82)) - Successfully supplied Files.newOutputStream CREATE_NEW /workdir/ratis-examples/target/test/data/92cd4afb/TestFileStoreWithGrpc/filestore/s0/file24: java.nio.channels.Channels$1@2b0f15bf
2019-09-26 14:03:12,130 TRACE util.FileUtils (LogUtils.java:supplyAndLog(82)) - Successfully supplied Files.newOutputStream CREATE_NEW /workdir/ratis-examples/target/test/data/92cd4afb/TestFileStoreWithGrpc/filestore/s1/file24: java.nio.channels.Channels$1@3b2f44b0
2019-09-26 14:03:12,130 TRACE util.FileUtils (LogUtils.java:supplyAndLog(82)) - Successfully supplied Files.newOutputStream CREATE_NEW /workdir/ratis-examples/target/test/data/92cd4afb/TestFileStoreWithGrpc/filestore/s2/file23: java.nio.channels.Channels$1@fd050a8
2019-09-26 14:03:12,130 TRACE util.FileUtils (LogUtils.java:supplyAndLog(82)) - Successfully supplied Files.newOutputStream CREATE_NEW /workdir/ratis-examples/target/test/data/92cd4afb/TestFileStoreWithGrpc/filestore/s2/file24: java.nio.channels.Channels$1@404f75f5
2019-09-26 14:03:12,130 TRACE util.FileUtils (LogUtils.java:supplyAndLog(82)) - Successfully supplied Files.newOutputStream CREATE_NEW /workdir/ratis-examples/target/test/data/92cd4afb/TestFileStoreWithGrpc/filestore/s0/file23: java.nio.channels.Channels$1@24c9fd5f
2019-09-26 14:03:12,130 TRACE util.FileUtils (LogUtils.java:supplyAndLog(82)) - Successfully supplied Files.newOutputStream CREATE_NEW /workdir/ratis-examples/target/test/data/92cd4afb/TestFileStoreWithGrpc/filestore/s1/file23: java.nio.channels.Channels$1@5dc9b6a5
2019-09-26 14:03:12,140 TRACE util.FileUtils (LogUtils.java:supplyAndLog(82)) - Successfully supplied Files.newOutputStream CREATE_NEW /workdir/ratis-examples/target/test/data/92cd4afb/TestFileStoreWithGrpc/filestore/s0/file25: java.nio.channels.Channels$1@5e237abd
2019-09-26 14:03:12,140 TRACE util.FileUtils (LogUtils.java:supplyAndLog(82)) - Successfully supplied Files.newOutputStream CREATE_NEW /workdir/ratis-examples/target/test/data/92cd4afb/TestFileStoreWithGrpc/filestore/s2/file25: java.nio.channels.Channels$1@c568b21
2019-09-26 14:03:12,140 TRACE util.FileUtils (LogUtils.java:supplyAndLog(82)) - Successfully supplied Files.newOutputStream CREATE_NEW /workdir/ratis-examples/target/test/data/92cd4afb/TestFileStoreWithGrpc/filestore/s1/file25: java.nio.channels.Channels$1@2854f3b9
2019-09-26 14:03:12,141 TRACE util.FileUtils (LogUtils.java:supplyAndLog(82)) - Successfully supplied Files.newOutputStream CREATE_NEW /workdir/ratis-examples/target/test/data/92cd4afb/TestFileStoreWithGrpc/filestore/s0/file26: java.nio.channels.Channels$1@460bb3f5
2019-09-26 14:03:12,141 TRACE util.FileUtils (LogUtils.java:supplyAndLog(82)) - Successfully supplied Files.newOutputStream CREATE_NEW /workdir/ratis-examples/target/test/data/92cd4afb/TestFileStoreWithGrpc/filestore/s0/file28: java.nio.channels.Channels$1@1ab09409
2019-09-26 14:03:12,141 TRACE util.FileUtils (LogUtils.java:supplyAndLog(82)) - Successfully supplied Files.newOutputStream CREATE_NEW /workdir/ratis-examples/target/test/data/92cd4afb/TestFileStoreWithGrpc/filestore/s1/file26: java.nio.channels.Channels$1@6beb832c
2019-09-26 14:03:12,142 TRACE util.FileUtils (LogUtils.java:supplyAndLog(82)) - Successfully supplied Files.newOutputStream CREATE_NEW /workdir/ratis-examples/target/test/data/92cd4afb/TestFileStoreWithGrpc/filestore/s2/file26: java.nio.channels.Channels$1@5ca63f6
2019-09-26 14:03:12,142 TRACE util.FileUtils (LogUtils.java:supplyAndLog(82)) - Successfully supplied Files.newOutputStream CREATE_NEW /workdir/ratis-examples/target/test/data/92cd4afb/TestFileStoreWithGrpc/filestore/s2/file28: java.nio.channels.Channels$1@6dc91efb
2019-09-26 14:03:12,142 TRACE util.FileUtils (LogUtils.java:supplyAndLog(82)) - Successfully supplied Files.newOutputStream CREATE_NEW /workdir/ratis-examples/target/test/data/92cd4afb/TestFileStoreWithGrpc/filestore/s1/file28: java.nio.channels.Channels$1@5426b0d6
2019-09-26 14:03:12,142 TRACE util.FileUtils (LogUtils.java:supplyAndLog(82)) - Successfully supplied Files.newOutputStream CREATE_NEW /workdir/ratis-examples/target/test/data/92cd4afb/TestFileStoreWithGrpc/filestore/s0/file27: java.nio.channels.Channels$1@7e739f7f
2019-09-26 14:03:12,143 TRACE util.FileUtils (LogUtils.java:supplyAndLog(82)) - Successfully supplied Files.newOutputStream CREATE_NEW /workdir/ratis-examples/target/test/data/92cd4afb/TestFileStoreWithGrpc/filestore/s1/file27: java.nio.channels.Channels$1@11ca4dc9
2019-09-26 14:03:12,143 TRACE util.FileUtils (LogUtils.java:supplyAndLog(82)) - Successfully supplied Files.newOutputStream CREATE_NEW /workdir/ratis-examples/target/test/data/92cd4afb/TestFileStoreWithGrpc/filestore/s2/file27: java.nio.channels.Channels$1@e1693b7
2019-09-26 14:03:12,144 TRACE util.FileUtils (LogUtils.java:supplyAndLog(82)) - Successfully supplied Files.newOutputStream CREATE_NEW /workdir/ratis-examples/target/test/data/92cd4afb/TestFileStoreWithGrpc/filestore/s0/file29: java.nio.channels.Channels$1@1b21ef1d
2019-09-26 14:03:12,144 TRACE util.FileUtils (LogUtils.java:supplyAndLog(82)) - Successfully supplied Files.newOutputStream CREATE_NEW /workdir/ratis-examples/target/test/data/92cd4afb/TestFileStoreWithGrpc/filestore/s2/file29: java.nio.channels.Channels$1@8690e73
2019-09-26 14:03:12,145 TRACE util.FileUtils (LogUtils.java:supplyAndLog(82)) - Successfully supplied Files.newOutputStream CREATE_NEW /workdir/ratis-examples/target/test/data/92cd4afb/TestFileStoreWithGrpc/filestore/s1/file29: java.nio.channels.Channels$1@6d5668d7
2019-09-26 14:03:12,145 TRACE util.FileUtils (LogUtils.java:supplyAndLog(82)) - Successfully supplied Files.newOutputStream CREATE_NEW /workdir/ratis-examples/target/test/data/92cd4afb/TestFileStoreWithGrpc/filestore/s0/file30: java.nio.channels.Channels$1@5fb2193b
2019-09-26 14:03:12,145 TRACE util.FileUtils (LogUtils.java:supplyAndLog(82)) - Successfully supplied Files.newOutputStream CREATE_NEW /workdir/ratis-examples/target/test/data/92cd4afb/TestFileStoreWithGrpc/filestore/s2/file30: java.nio.channels.Channels$1@503099fa
2019-09-26 14:03:12,146 TRACE util.FileUtils (LogUtils.java:supplyAndLog(82)) - Successfully supplied Files.newOutputStream CREATE_NEW /workdir/ratis-examples/target/test/data/92cd4afb/TestFileStoreWithGrpc/filestore/s1/file30: java.nio.channels.Channels$1@50193e8a
2019-09-26 14:03:12,147 TRACE util.FileUtils (LogUtils.java:supplyAndLog(82)) - Successfully supplied Files.newOutputStream CREATE_NEW /workdir/ratis-examples/target/test/data/92cd4afb/TestFileStoreWithGrpc/filestore/s0/file31: java.nio.channels.Channels$1@3b711ed5
2019-09-26 14:03:12,147 TRACE util.FileUtils (LogUtils.java:supplyAndLog(82)) - Successfully supplied Files.newOutputStream CREATE_NEW /workdir/ratis-examples/target/test/data/92cd4afb/TestFileStoreWithGrpc/filestore/s0/file32: java.nio.channels.Channels$1@61cb67a2
2019-09-26 14:03:12,147 TRACE util.FileUtils (LogUtils.java:supplyAndLog(82)) - Successfully supplied Files.newOutputStream CREATE_NEW /workdir/ratis-examples/target/test/data/92cd4afb/TestFileStoreWithGrpc/filestore/s1/file31: java.nio.channels.Channels$1@16b6674
2019-09-26 14:03:12,147 TRACE util.FileUtils (LogUtils.java:supplyAndLog(82)) - Successfully supplied Files.newOutputStream CREATE_NEW /workdir/ratis-examples/target/test/data/92cd4afb/TestFileStoreWithGrpc/filestore/s2/file31: java.nio.channels.Channels$1@2ca677d3
2019-09-26 14:03:12,147 TRACE util.FileUtils (LogUtils.java:supplyAndLog(82)) - Successfully supplied Files.newOutputStream CREATE_NEW /workdir/ratis-examples/target/test/data/92cd4afb/TestFileStoreWithGrpc/filestore/s1/file32: java.nio.channels.Channels$1@55771ba4
2019-09-26 14:03:12,147 TRACE util.FileUtils (LogUtils.java:supplyAndLog(82)) - Successfully supplied Files.newOutputStream CREATE_NEW /workdir/ratis-examples/target/test/data/92cd4afb/TestFileStoreWithGrpc/filestore/s2/file32: java.nio.channels.Channels$1@54df398
2019-09-26 14:03:12,156 TRACE util.FileUtils (LogUtils.java:supplyAndLog(82)) - Successfully supplied Files.newOutputStream CREATE_NEW /workdir/ratis-examples/target/test/data/92cd4afb/TestFileStoreWithGrpc/filestore/s0/file33: java.nio.channels.Channels$1@10f1be38
2019-09-26 14:03:12,156 TRACE util.FileUtils (LogUtils.java:supplyAndLog(82)) - Successfully supplied Files.newOutputStream CREATE_NEW /workdir/ratis-examples/target/test/data/92cd4afb/TestFileStoreWithGrpc/filestore/s1/file33: java.nio.channels.Channels$1@4469f83d
2019-09-26 14:03:12,157 TRACE util.FileUtils (LogUtils.java:supplyAndLog(82)) - Successfully supplied Files.newOutputStream CREATE_NEW /workdir/ratis-examples/target/test/data/92cd4afb/TestFileStoreWithGrpc/filestore/s0/file34: java.nio.channels.Channels$1@2e7318cc
2019-09-26 14:03:12,157 TRACE util.FileUtils (LogUtils.java:supplyAndLog(82)) - Successfully supplied Files.newOutputStream CREATE_NEW /workdir/ratis-examples/target/test/data/92cd4afb/TestFileStoreWithGrpc/filestore/s2/file33: java.nio.channels.Channels$1@3fd27c32
2019-09-26 14:03:12,157 TRACE util.FileUtils (LogUtils.java:supplyAndLog(82)) - Successfully supplied Files.newOutputStream CREATE_NEW /workdir/ratis-examples/target/test/data/92cd4afb/TestFileStoreWithGrpc/filestore/s2/file34: java.nio.channels.Channels$1@46d11f06
2019-09-26 14:03:12,157 TRACE util.FileUtils (LogUtils.java:supplyAndLog(82)) - Successfully supplied Files.newOutputStream CREATE_NEW /workdir/ratis-examples/target/test/data/92cd4afb/TestFileStoreWithGrpc/filestore/s1/file34: java.nio.channels.Channels$1@d5b0b0a
2019-09-26 14:03:12,170 TRACE util.FileUtils (LogUtils.java:supplyAndLog(82)) - Successfully supplied Files.newOutputStream CREATE_NEW /workdir/ratis-examples/target/test/data/92cd4afb/TestFileStoreWithGrpc/filestore/s0/file35: java.nio.channels.Channels$1@1c37e8d
2019-09-26 14:03:12,170 TRACE util.FileUtils (LogUtils.java:supplyAndLog(82)) - Successfully supplied Files.newOutputStream CREATE_NEW /workdir/ratis-examples/target/test/data/92cd4afb/TestFileStoreWithGrpc/filestore/s2/file35: java.nio.channels.Channels$1@40c8fd2b
2019-09-26 14:03:12,170 TRACE util.FileUtils (LogUtils.java:supplyAndLog(82)) - Successfully supplied Files.newOutputStream CREATE_NEW /workdir/ratis-examples/target/test/data/92cd4afb/TestFileStoreWithGrpc/filestore/s1/file35: java.nio.channels.Channels$1@2ee90035
2019-09-26 14:03:12,174 TRACE util.FileUtils (LogUtils.java:supplyAndLog(82)) - Successfully supplied Files.newOutputStream CREATE_NEW /workdir/ratis-examples/target/test/data/92cd4afb/TestFileStoreWithGrpc/filestore/s0/file36: java.nio.channels.Channels$1@939c74f
2019-09-26 14:03:12,174 TRACE util.FileUtils (LogUtils.java:supplyAndLog(82)) - Successfully supplied Files.newOutputStream CREATE_NEW /workdir/ratis-examples/target/test/data/92cd4afb/TestFileStoreWithGrpc/filestore/s1/file36: java.nio.channels.Channels$1@151bbaed
2019-09-26 14:03:12,174 TRACE util.FileUtils (LogUtils.java:supplyAndLog(82)) - Successfully supplied Files.newOutputStream CREATE_NEW /workdir/ratis-examples/target/test/data/92cd4afb/TestFileStoreWithGrpc/filestore/s2/file36: java.nio.channels.Channels$1@19a68135
2019-09-26 14:03:12,174 TRACE util.FileUtils (LogUtils.java:supplyAndLog(82)) - Successfully supplied Files.newOutputStream CREATE_NEW /workdir/ratis-examples/target/test/data/92cd4afb/TestFileStoreWithGrpc/filestore/s0/file37: java.nio.channels.Channels$1@a0023ac
2019-09-26 14:03:12,175 TRACE util.FileUtils (LogUtils.java:supplyAndLog(82)) - Successfully supplied Files.newOutputStream CREATE_NEW /workdir/ratis-examples/target/test/data/92cd4afb/TestFileStoreWithGrpc/filestore/s1/file37: java.nio.channels.Channels$1@57013699
2019-09-26 14:03:12,175 TRACE util.FileUtils (LogUtils.java:supplyAndLog(82)) - Successfully supplied Files.newOutputStream CREATE_NEW /workdir/ratis-examples/target/test/data/92cd4afb/TestFileStoreWithGrpc/filestore/s2/file37: java.nio.channels.Channels$1@5488c6f5
2019-09-26 14:03:12,176 TRACE util.FileUtils (LogUtils.java:supplyAndLog(82)) - Successfully supplied Files.newOutputStream CREATE_NEW /workdir/ratis-examples/target/test/data/92cd4afb/TestFileStoreWithGrpc/filestore/s0/file38: java.nio.channels.Channels$1@4600649f
2019-09-26 14:03:12,176 TRACE util.FileUtils (LogUtils.java:supplyAndLog(82)) - Successfully supplied Files.newOutputStream CREATE_NEW /workdir/ratis-examples/target/test/data/92cd4afb/TestFileStoreWithGrpc/filestore/s1/file38: java.nio.channels.Channels$1@2b7acf64
2019-09-26 14:03:12,176 TRACE util.FileUtils (LogUtils.java:supplyAndLog(82)) - Successfully supplied Files.newOutputStream CREATE_NEW /workdir/ratis-examples/target/test/data/92cd4afb/TestFileStoreWithGrpc/filestore/s2/file38: java.nio.channels.Channels$1@4d6b811a
2019-09-26 14:03:12,202 TRACE util.FileUtils (LogUtils.java:supplyAndLog(82)) - Successfully supplied Files.newOutputStream CREATE_NEW /workdir/ratis-examples/target/test/data/92cd4afb/TestFileStoreWithGrpc/filestore/s0/file39: java.nio.channels.Channels$1@360c43f
2019-09-26 14:03:12,203 TRACE util.FileUtils (LogUtils.java:supplyAndLog(82)) - Successfully supplied Files.newOutputStream CREATE_NEW /workdir/ratis-examples/target/test/data/92cd4afb/TestFileStoreWithGrpc/filestore/s2/file39: java.nio.channels.Channels$1@5f21ab8c
2019-09-26 14:03:12,203 TRACE util.FileUtils (LogUtils.java:supplyAndLog(82)) - Successfully supplied Files.newOutputStream CREATE_NEW /workdir/ratis-examples/target/test/data/92cd4afb/TestFileStoreWithGrpc/filestore/s1/file39: java.nio.channels.Channels$1@54c8d194
2019-09-26 14:03:18,305 INFO  ratis.MiniRaftCluster (MiniRaftCluster.java:lambda$null$5(297)) - TIMED-PRINT: printing ALL groups
  s0:  RUNNING    LEADER s0@group-1720A28C8555:t12, leader=s0, voted=s0, raftlog=s0@group-1720A28C8555-SegmentedRaftLog:OPENED:c17859,f17861,i17863, conf=4683: [s0:0.0.0.0:36116, s1:0.0.0.0:33523, s2:0.0.0.0:40404], old=null RUNNING
  s1:  RUNNING  FOLLOWER s1@group-1720A28C8555:t12, leader=s0, voted=s0, raftlog=s1@group-1720A28C8555-SegmentedRaftLog:OPENED:c17839,f17859,i17862, conf=4683: [s0:0.0.0.0:36116, s1:0.0.0.0:33523, s2:0.0.0.0:40404], old=null RUNNING
  s2:  RUNNING  FOLLOWER s2@group-1720A28C8555:t12, leader=s0, voted=s0, raftlog=s2@group-1720A28C8555-SegmentedRaftLog:OPENED:c17839,f17861,i17862, conf=4683: [s0:0.0.0.0:36116, s1:0.0.0.0:33523, s2:0.0.0.0:40404], old=null RUNNING
2019-09-26 14:03:19,018 TRACE util.FileUtils (LogUtils.java:supplyAndLog(82)) - Successfully supplied Files.newOutputStream CREATE_NEW /workdir/ratis-examples/target/test/data/92cd4afb/TestFileStoreWithGrpc/filestore/s0/file40: java.nio.channels.Channels$1@686addf4
2019-09-26 14:03:19,019 TRACE util.FileUtils (LogUtils.java:supplyAndLog(82)) - Successfully supplied Files.newOutputStream CREATE_NEW /workdir/ratis-examples/target/test/data/92cd4afb/TestFileStoreWithGrpc/filestore/s2/file40: java.nio.channels.Channels$1@5ceed528
2019-09-26 14:03:19,019 TRACE util.FileUtils (LogUtils.java:supplyAndLog(82)) - Successfully supplied Files.newOutputStream CREATE_NEW /workdir/ratis-examples/target/test/data/92cd4afb/TestFileStoreWithGrpc/filestore/s1/file40: java.nio.channels.Channels$1@62d0c302
2019-09-26 14:03:19,094 TRACE util.FileUtils (LogUtils.java:supplyAndLog(82)) - Successfully supplied Files.newOutputStream CREATE_NEW /workdir/ratis-examples/target/test/data/92cd4afb/TestFileStoreWithGrpc/filestore/s0/file42: java.nio.channels.Channels$1@49bf804b
2019-09-26 14:03:19,094 TRACE util.FileUtils (LogUtils.java:supplyAndLog(82)) - Successfully supplied Files.newOutputStream CREATE_NEW /workdir/ratis-examples/target/test/data/92cd4afb/TestFileStoreWithGrpc/filestore/s2/file42: java.nio.channels.Channels$1@67fcd49d
2019-09-26 14:03:19,094 TRACE util.FileUtils (LogUtils.java:supplyAndLog(82)) - Successfully supplied Files.newOutputStream CREATE_NEW /workdir/ratis-examples/target/test/data/92cd4afb/TestFileStoreWithGrpc/filestore/s1/file42: java.nio.channels.Channels$1@5e545eb
2019-09-26 14:03:19,095 TRACE util.FileUtils (LogUtils.java:supplyAndLog(82)) - Successfully supplied Files.newOutputStream CREATE_NEW /workdir/ratis-examples/target/test/data/92cd4afb/TestFileStoreWithGrpc/filestore/s0/file43: java.nio.channels.Channels$1@17f8d0cd
2019-09-26 14:03:19,095 TRACE util.FileUtils (LogUtils.java:supplyAndLog(82)) - Successfully supplied Files.newOutputStream CREATE_NEW /workdir/ratis-examples/target/test/data/92cd4afb/TestFileStoreWithGrpc/filestore/s0/file41: java.nio.channels.Channels$1@423fe887
2019-09-26 14:03:19,095 TRACE util.FileUtils (LogUtils.java:supplyAndLog(82)) - Successfully supplied Files.newOutputStream CREATE_NEW /workdir/ratis-examples/target/test/data/92cd4afb/TestFileStoreWithGrpc/filestore/s1/file43: java.nio.channels.Channels$1@5cf1a4e5
2019-09-26 14:03:19,095 TRACE util.FileUtils (LogUtils.java:supplyAndLog(82)) - Successfully supplied Files.newOutputStream CREATE_NEW /workdir/ratis-examples/target/test/data/92cd4afb/TestFileStoreWithGrpc/filestore/s1/file41: java.nio.channels.Channels$1@4df95111
2019-09-26 14:03:19,096 TRACE util.FileUtils (LogUtils.java:supplyAndLog(82)) - Successfully supplied Files.newOutputStream CREATE_NEW /workdir/ratis-examples/target/test/data/92cd4afb/TestFileStoreWithGrpc/filestore/s2/file43: java.nio.channels.Channels$1@777c8682
2019-09-26 14:03:19,096 TRACE util.FileUtils (LogUtils.java:supplyAndLog(82)) - Successfully supplied Files.newOutputStream CREATE_NEW /workdir/ratis-examples/target/test/data/92cd4afb/TestFileStoreWithGrpc/filestore/s2/file41: java.nio.channels.Channels$1@387ae80f
2019-09-26 14:03:19,096 TRACE util.FileUtils (LogUtils.java:supplyAndLog(82)) - Successfully supplied Files.newOutputStream CREATE_NEW /workdir/ratis-examples/target/test/data/92cd4afb/TestFileStoreWithGrpc/filestore/s0/file46: java.nio.channels.Channels$1@64714e80
2019-09-26 14:03:19,097 TRACE util.FileUtils (LogUtils.java:supplyAndLog(82)) - Successfully supplied Files.newOutputStream CREATE_NEW /workdir/ratis-examples/target/test/data/92cd4afb/TestFileStoreWithGrpc/filestore/s0/file45: java.nio.channels.Channels$1@8d69683
2019-09-26 14:03:19,097 TRACE util.FileUtils (LogUtils.java:supplyAndLog(82)) - Successfully supplied Files.newOutputStream CREATE_NEW /workdir/ratis-examples/target/test/data/92cd4afb/TestFileStoreWithGrpc/filestore/s1/file46: java.nio.channels.Channels$1@40e7db33
2019-09-26 14:03:19,097 TRACE util.FileUtils (LogUtils.java:supplyAndLog(82)) - Successfully supplied Files.newOutputStream CREATE_NEW /workdir/ratis-examples/target/test/data/92cd4afb/TestFileStoreWithGrpc/filestore/s0/file44: java.nio.channels.Channels$1@43e9155a
2019-09-26 14:03:19,097 TRACE util.FileUtils (LogUtils.java:supplyAndLog(82)) - Successfully supplied Files.newOutputStream CREATE_NEW /workdir/ratis-examples/target/test/data/92cd4afb/TestFileStoreWithGrpc/filestore/s2/file46: java.nio.channels.Channels$1@22fe4606
2019-09-26 14:03:19,097 TRACE util.FileUtils (LogUtils.java:supplyAndLog(82)) - Successfully supplied Files.newOutputStream CREATE_NEW /workdir/ratis-examples/target/test/data/92cd4afb/TestFileStoreWithGrpc/filestore/s1/file44: java.nio.channels.Channels$1@45857331
2019-09-26 14:03:19,097 TRACE util.FileUtils (LogUtils.java:supplyAndLog(82)) - Successfully supplied Files.newOutputStream CREATE_NEW /workdir/ratis-examples/target/test/data/92cd4afb/TestFileStoreWithGrpc/filestore/s1/file45: java.nio.channels.Channels$1@75e73abd
2019-09-26 14:03:19,097 TRACE util.FileUtils (LogUtils.java:supplyAndLog(82)) - Successfully supplied Files.newOutputStream CREATE_NEW /workdir/ratis-examples/target/test/data/92cd4afb/TestFileStoreWithGrpc/filestore/s2/file44: java.nio.channels.Channels$1@71429a0f
2019-09-26 14:03:19,097 TRACE util.FileUtils (LogUtils.java:supplyAndLog(82)) - Successfully supplied Files.newOutputStream CREATE_NEW /workdir/ratis-examples/target/test/data/92cd4afb/TestFileStoreWithGrpc/filestore/s2/file45: java.nio.channels.Channels$1@6e396cf8
2019-09-26 14:03:19,367 TRACE util.FileUtils (LogUtils.java:supplyAndLog(82)) - Successfully supplied Files.newOutputStream CREATE_NEW /workdir/ratis-examples/target/test/data/92cd4afb/TestFileStoreWithGrpc/filestore/s0/file48: java.nio.channels.Channels$1@5b5ee19a
2019-09-26 14:03:19,367 TRACE util.FileUtils (LogUtils.java:supplyAndLog(82)) - Successfully supplied Files.newOutputStream CREATE_NEW /workdir/ratis-examples/target/test/data/92cd4afb/TestFileStoreWithGrpc/filestore/s1/file48: java.nio.channels.Channels$1@52cd96d1
2019-09-26 14:03:19,367 TRACE util.FileUtils (LogUtils.java:supplyAndLog(82)) - Successfully supplied Files.newOutputStream CREATE_NEW /workdir/ratis-examples/target/test/data/92cd4afb/TestFileStoreWithGrpc/filestore/s2/file47: java.nio.channels.Channels$1@282de3e4
2019-09-26 14:03:19,367 TRACE util.FileUtils (LogUtils.java:supplyAndLog(82)) - Successfully supplied Files.newOutputStream CREATE_NEW /workdir/ratis-examples/target/test/data/92cd4afb/TestFileStoreWithGrpc/filestore/s2/file48: java.nio.channels.Channels$1@489e9a7b
2019-09-26 14:03:19,367 TRACE util.FileUtils (LogUtils.java:supplyAndLog(82)) - Successfully supplied Files.newOutputStream CREATE_NEW /workdir/ratis-examples/target/test/data/92cd4afb/TestFileStoreWithGrpc/filestore/s0/file47: java.nio.channels.Channels$1@73d6ea4
2019-09-26 14:03:19,367 TRACE util.FileUtils (LogUtils.java:supplyAndLog(82)) - Successfully supplied Files.newOutputStream CREATE_NEW /workdir/ratis-examples/target/test/data/92cd4afb/TestFileStoreWithGrpc/filestore/s0/file49: java.nio.channels.Channels$1@30085b21
2019-09-26 14:03:19,367 TRACE util.FileUtils (LogUtils.java:supplyAndLog(82)) - Successfully supplied Files.newOutputStream CREATE_NEW /workdir/ratis-examples/target/test/data/92cd4afb/TestFileStoreWithGrpc/filestore/s1/file49: java.nio.channels.Channels$1@2b821759
2019-09-26 14:03:19,367 TRACE util.FileUtils (LogUtils.java:supplyAndLog(82)) - Successfully supplied Files.newOutputStream CREATE_NEW /workdir/ratis-examples/target/test/data/92cd4afb/TestFileStoreWithGrpc/filestore/s2/file49: java.nio.channels.Channels$1@44db4cc9
2019-09-26 14:03:19,367 TRACE util.FileUtils (LogUtils.java:supplyAndLog(82)) - Successfully supplied Files.newOutputStream CREATE_NEW /workdir/ratis-examples/target/test/data/92cd4afb/TestFileStoreWithGrpc/filestore/s1/file47: java.nio.channels.Channels$1@adebfc5
2019-09-26 14:03:19,368 TRACE util.FileUtils (LogUtils.java:supplyAndLog(82)) - Successfully supplied Files.newOutputStream CREATE_NEW /workdir/ratis-examples/target/test/data/92cd4afb/TestFileStoreWithGrpc/filestore/s1/file50: java.nio.channels.Channels$1@50c65cbc
2019-09-26 14:03:19,368 TRACE util.FileUtils (LogUtils.java:supplyAndLog(82)) - Successfully supplied Files.newOutputStream CREATE_NEW /workdir/ratis-examples/target/test/data/92cd4afb/TestFileStoreWithGrpc/filestore/s0/file50: java.nio.channels.Channels$1@5060221b
2019-09-26 14:03:19,368 TRACE util.FileUtils (LogUtils.java:supplyAndLog(82)) - Successfully supplied Files.newOutputStream CREATE_NEW /workdir/ratis-examples/target/test/data/92cd4afb/TestFileStoreWithGrpc/filestore/s2/file50: java.nio.channels.Channels$1@71be9603
2019-09-26 14:03:19,369 TRACE util.FileUtils (LogUtils.java:supplyAndLog(82)) - Successfully supplied Files.newOutputStream CREATE_NEW /workdir/ratis-examples/target/test/data/92cd4afb/TestFileStoreWithGrpc/filestore/s0/file51: java.nio.channels.Channels$1@3e13f15e
2019-09-26 14:03:19,370 TRACE util.FileUtils (LogUtils.java:supplyAndLog(82)) - Successfully supplied Files.newOutputStream CREATE_NEW /workdir/ratis-examples/target/test/data/92cd4afb/TestFileStoreWithGrpc/filestore/s1/file51: java.nio.channels.Channels$1@2f65aab3
2019-09-26 14:03:19,370 TRACE util.FileUtils (LogUtils.java:supplyAndLog(82)) - Successfully supplied Files.newOutputStream CREATE_NEW /workdir/ratis-examples/target/test/data/92cd4afb/TestFileStoreWithGrpc/filestore/s2/file51: java.nio.channels.Channels$1@10ff550e
2019-09-26 14:03:19,372 TRACE util.FileUtils (LogUtils.java:supplyAndLog(82)) - Successfully supplied Files.newOutputStream CREATE_NEW /workdir/ratis-examples/target/test/data/92cd4afb/TestFileStoreWithGrpc/filestore/s0/file52: java.nio.channels.Channels$1@2af032c1
2019-09-26 14:03:19,372 TRACE util.FileUtils (LogUtils.java:supplyAndLog(82)) - Successfully supplied Files.newOutputStream CREATE_NEW /workdir/ratis-examples/target/test/data/92cd4afb/TestFileStoreWithGrpc/filestore/s1/file52: java.nio.channels.Channels$1@53375df9
2019-09-26 14:03:19,372 TRACE util.FileUtils (LogUtils.java:supplyAndLog(82)) - Successfully supplied Files.newOutputStream CREATE_NEW /workdir/ratis-examples/target/test/data/92cd4afb/TestFileStoreWithGrpc/filestore/s2/file52: java.nio.channels.Channels$1@4f185806
2019-09-26 14:03:19,375 TRACE util.FileUtils (LogUtils.java:supplyAndLog(82)) - Successfully supplied Files.newOutputStream CREATE_NEW /workdir/ratis-examples/target/test/data/92cd4afb/TestFileStoreWithGrpc/filestore/s0/file53: java.nio.channels.Channels$1@73118d8f
2019-09-26 14:03:19,375 TRACE util.FileUtils (LogUtils.java:supplyAndLog(82)) - Successfully supplied Files.newOutputStream CREATE_NEW /workdir/ratis-examples/target/test/data/92cd4afb/TestFileStoreWithGrpc/filestore/s1/file53: java.nio.channels.Channels$1@75e1ead3
2019-09-26 14:03:19,376 TRACE util.FileUtils (LogUtils.java:supplyAndLog(82)) - Successfully supplied Files.newOutputStream CREATE_NEW /workdir/ratis-examples/target/test/data/92cd4afb/TestFileStoreWithGrpc/filestore/s2/file53: java.nio.channels.Channels$1@27419202
2019-09-26 14:03:19,377 TRACE util.FileUtils (LogUtils.java:supplyAndLog(82)) - Successfully supplied Files.newOutputStream CREATE_NEW /workdir/ratis-examples/target/test/data/92cd4afb/TestFileStoreWithGrpc/filestore/s0/file54: java.nio.channels.Channels$1@464384b7
2019-09-26 14:03:19,377 TRACE util.FileUtils (LogUtils.java:supplyAndLog(82)) - Successfully supplied Files.newOutputStream CREATE_NEW /workdir/ratis-examples/target/test/data/92cd4afb/TestFileStoreWithGrpc/filestore/s1/file54: java.nio.channels.Channels$1@d799798
2019-09-26 14:03:19,377 TRACE util.FileUtils (LogUtils.java:supplyAndLog(82)) - Successfully supplied Files.newOutputStream CREATE_NEW /workdir/ratis-examples/target/test/data/92cd4afb/TestFileStoreWithGrpc/filestore/s2/file54: java.nio.channels.Channels$1@28fd0c96
2019-09-26 14:03:19,378 TRACE util.FileUtils (LogUtils.java:supplyAndLog(82)) - Successfully supplied Files.newOutputStream CREATE_NEW /workdir/ratis-examples/target/test/data/92cd4afb/TestFileStoreWithGrpc/filestore/s0/file55: java.nio.channels.Channels$1@3ba80e4d
2019-09-26 14:03:19,378 TRACE util.FileUtils (LogUtils.java:supplyAndLog(82)) - Successfully supplied Files.newOutputStream CREATE_NEW /workdir/ratis-examples/target/test/data/92cd4afb/TestFileStoreWithGrpc/filestore/s2/file55: java.nio.channels.Channels$1@5d2157ea
2019-09-26 14:03:19,378 TRACE util.FileUtils (LogUtils.java:supplyAndLog(82)) - Successfully supplied Files.newOutputStream CREATE_NEW /workdir/ratis-examples/target/test/data/92cd4afb/TestFileStoreWithGrpc/filestore/s1/file55: java.nio.channels.Channels$1@1f8da8d0
2019-09-26 14:03:19,427 TRACE util.FileUtils (LogUtils.java:supplyAndLog(82)) - Successfully supplied Files.newOutputStream CREATE_NEW /workdir/ratis-examples/target/test/data/92cd4afb/TestFileStoreWithGrpc/filestore/s1/file56: java.nio.channels.Channels$1@2848aaee
2019-09-26 14:03:19,427 TRACE util.FileUtils (LogUtils.java:supplyAndLog(82)) - Successfully supplied Files.newOutputStream CREATE_NEW /workdir/ratis-examples/target/test/data/92cd4afb/TestFileStoreWithGrpc/filestore/s1/file57: java.nio.channels.Channels$1@24460772
2019-09-26 14:03:19,427 TRACE util.FileUtils (LogUtils.java:supplyAndLog(82)) - Successfully supplied Files.newOutputStream CREATE_NEW /workdir/ratis-examples/target/test/data/92cd4afb/TestFileStoreWithGrpc/filestore/s2/file57: java.nio.channels.Channels$1@3402d42f
2019-09-26 14:03:19,427 TRACE util.FileUtils (LogUtils.java:supplyAndLog(82)) - Successfully supplied Files.newOutputStream CREATE_NEW /workdir/ratis-examples/target/test/data/92cd4afb/TestFileStoreWithGrpc/filestore/s2/file56: java.nio.channels.Channels$1@4f8c8dd5
2019-09-26 14:03:19,427 TRACE util.FileUtils (LogUtils.java:supplyAndLog(82)) - Successfully supplied Files.newOutputStream CREATE_NEW /workdir/ratis-examples/target/test/data/92cd4afb/TestFileStoreWithGrpc/filestore/s0/file57: java.nio.channels.Channels$1@6e0d8eba
2019-09-26 14:03:19,427 TRACE util.FileUtils (LogUtils.java:supplyAndLog(82)) - Successfully supplied Files.newOutputStream CREATE_NEW /workdir/ratis-examples/target/test/data/92cd4afb/TestFileStoreWithGrpc/filestore/s0/file56: java.nio.channels.Channels$1@1e498ed
2019-09-26 14:03:19,439 TRACE util.FileUtils (LogUtils.java:supplyAndLog(82)) - Successfully supplied Files.newOutputStream CREATE_NEW /workdir/ratis-examples/target/test/data/92cd4afb/TestFileStoreWithGrpc/filestore/s0/file58: java.nio.channels.Channels$1@36702bee
2019-09-26 14:03:19,439 TRACE util.FileUtils (LogUtils.java:supplyAndLog(82)) - Successfully supplied Files.newOutputStream CREATE_NEW /workdir/ratis-examples/target/test/data/92cd4afb/TestFileStoreWithGrpc/filestore/s2/file58: java.nio.channels.Channels$1@d9c1d0c
2019-09-26 14:03:19,439 TRACE util.FileUtils (LogUtils.java:supplyAndLog(82)) - Successfully supplied Files.newOutputStream CREATE_NEW /workdir/ratis-examples/target/test/data/92cd4afb/TestFileStoreWithGrpc/filestore/s1/file58: java.nio.channels.Channels$1@7afd577e
2019-09-26 14:03:19,506 TRACE util.FileUtils (LogUtils.java:supplyAndLog(82)) - Successfully supplied Files.newOutputStream CREATE_NEW /workdir/ratis-examples/target/test/data/92cd4afb/TestFileStoreWithGrpc/filestore/s0/file59: java.nio.channels.Channels$1@749694b2
2019-09-26 14:03:19,506 TRACE util.FileUtils (LogUtils.java:supplyAndLog(82)) - Successfully supplied Files.newOutputStream CREATE_NEW /workdir/ratis-examples/target/test/data/92cd4afb/TestFileStoreWithGrpc/filestore/s1/file59: java.nio.channels.Channels$1@6cde4dd8
2019-09-26 14:03:19,506 TRACE util.FileUtils (LogUtils.java:supplyAndLog(82)) - Successfully supplied Files.newOutputStream CREATE_NEW /workdir/ratis-examples/target/test/data/92cd4afb/TestFileStoreWithGrpc/filestore/s2/file59: java.nio.channels.Channels$1@6a4d7e63
2019-09-26 14:03:27,661 TRACE util.FileUtils (LogUtils.java:supplyAndLog(82)) - Successfully supplied Files.newOutputStream CREATE_NEW /workdir/ratis-examples/target/test/data/92cd4afb/TestFileStoreWithGrpc/filestore/s0/file60: java.nio.channels.Channels$1@7b41bf31
2019-09-26 14:03:27,661 TRACE util.FileUtils (LogUtils.java:supplyAndLog(82)) - Successfully supplied Files.newOutputStream CREATE_NEW /workdir/ratis-examples/target/test/data/92cd4afb/TestFileStoreWithGrpc/filestore/s1/file60: java.nio.channels.Channels$1@7cfe9aa9
2019-09-26 14:03:27,661 TRACE util.FileUtils (LogUtils.java:supplyAndLog(82)) - Successfully supplied Files.newOutputStream CREATE_NEW /workdir/ratis-examples/target/test/data/92cd4afb/TestFileStoreWithGrpc/filestore/s2/file60: java.nio.channels.Channels$1@fd9ff87
2019-09-26 14:03:27,669 TRACE util.FileUtils (LogUtils.java:supplyAndLog(82)) - Successfully supplied Files.newOutputStream CREATE_NEW /workdir/ratis-examples/target/test/data/92cd4afb/TestFileStoreWithGrpc/filestore/s0/file61: java.nio.channels.Channels$1@aac1e4e
2019-09-26 14:03:27,669 TRACE util.FileUtils (LogUtils.java:supplyAndLog(82)) - Successfully supplied Files.newOutputStream CREATE_NEW /workdir/ratis-examples/target/test/data/92cd4afb/TestFileStoreWithGrpc/filestore/s1/file61: java.nio.channels.Channels$1@2d8abe60
2019-09-26 14:03:27,669 TRACE util.FileUtils (LogUtils.java:supplyAndLog(82)) - Successfully supplied Files.newOutputStream CREATE_NEW /workdir/ratis-examples/target/test/data/92cd4afb/TestFileStoreWithGrpc/filestore/s2/file61: java.nio.channels.Channels$1@131665b3
2019-09-26 14:03:27,851 TRACE util.FileUtils (LogUtils.java:supplyAndLog(82)) - Successfully supplied Files.newOutputStream CREATE_NEW /workdir/ratis-examples/target/test/data/92cd4afb/TestFileStoreWithGrpc/filestore/s0/file62: java.nio.channels.Channels$1@bb69677
2019-09-26 14:03:27,852 TRACE util.FileUtils (LogUtils.java:supplyAndLog(82)) - Successfully supplied Files.newOutputStream CREATE_NEW /workdir/ratis-examples/target/test/data/92cd4afb/TestFileStoreWithGrpc/filestore/s1/file62: java.nio.channels.Channels$1@4ec6ff7a
2019-09-26 14:03:27,853 TRACE util.FileUtils (LogUtils.java:supplyAndLog(82)) - Successfully supplied Files.newOutputStream CREATE_NEW /workdir/ratis-examples/target/test/data/92cd4afb/TestFileStoreWithGrpc/filestore/s2/file62: java.nio.channels.Channels$1@9885593
2019-09-26 14:03:27,870 TRACE util.FileUtils (LogUtils.java:supplyAndLog(82)) - Successfully supplied Files.newOutputStream CREATE_NEW /workdir/ratis-examples/target/test/data/92cd4afb/TestFileStoreWithGrpc/filestore/s0/file63: java.nio.channels.Channels$1@6fc353b0
2019-09-26 14:03:27,871 TRACE util.FileUtils (LogUtils.java:supplyAndLog(82)) - Successfully supplied Files.newOutputStream CREATE_NEW /workdir/ratis-examples/target/test/data/92cd4afb/TestFileStoreWithGrpc/filestore/s1/file63: java.nio.channels.Channels$1@2c8779a2
2019-09-26 14:03:27,871 TRACE util.FileUtils (LogUtils.java:supplyAndLog(82)) - Successfully supplied Files.newOutputStream CREATE_NEW /workdir/ratis-examples/target/test/data/92cd4afb/TestFileStoreWithGrpc/filestore/s2/file63: java.nio.channels.Channels$1@3700bb3f
2019-09-26 14:03:27,919 TRACE util.FileUtils (LogUtils.java:supplyAndLog(82)) - Successfully supplied Files.newOutputStream CREATE_NEW /workdir/ratis-examples/target/test/data/92cd4afb/TestFileStoreWithGrpc/filestore/s0/file64: java.nio.channels.Channels$1@671291eb
2019-09-26 14:03:27,919 TRACE util.FileUtils (LogUtils.java:supplyAndLog(82)) - Successfully supplied Files.newOutputStream CREATE_NEW /workdir/ratis-examples/target/test/data/92cd4afb/TestFileStoreWithGrpc/filestore/s1/file64: java.nio.channels.Channels$1@5e45225a
2019-09-26 14:03:27,919 TRACE util.FileUtils (LogUtils.java:supplyAndLog(82)) - Successfully supplied Files.newOutputStream CREATE_NEW /workdir/ratis-examples/target/test/data/92cd4afb/TestFileStoreWithGrpc/filestore/s2/file64: java.nio.channels.Channels$1@421cf3e0
2019-09-26 14:03:27,923 TRACE util.FileUtils (LogUtils.java:supplyAndLog(82)) - Successfully supplied Files.newOutputStream CREATE_NEW /workdir/ratis-examples/target/test/data/92cd4afb/TestFileStoreWithGrpc/filestore/s0/file67: java.nio.channels.Channels$1@7b0e1052
2019-09-26 14:03:27,923 TRACE util.FileUtils (LogUtils.java:supplyAndLog(82)) - Successfully supplied Files.newOutputStream CREATE_NEW /workdir/ratis-examples/target/test/data/92cd4afb/TestFileStoreWithGrpc/filestore/s2/file67: java.nio.channels.Channels$1@58551740
2019-09-26 14:03:27,923 TRACE util.FileUtils (LogUtils.java:supplyAndLog(82)) - Successfully supplied Files.newOutputStream CREATE_NEW /workdir/ratis-examples/target/test/data/92cd4afb/TestFileStoreWithGrpc/filestore/s1/file67: java.nio.channels.Channels$1@5ebe8fca
2019-09-26 14:03:27,923 TRACE util.FileUtils (LogUtils.java:supplyAndLog(82)) - Successfully supplied Files.newOutputStream CREATE_NEW /workdir/ratis-examples/target/test/data/92cd4afb/TestFileStoreWithGrpc/filestore/s0/file66: java.nio.channels.Channels$1@d151f4
2019-09-26 14:03:27,923 TRACE util.FileUtils (LogUtils.java:supplyAndLog(82)) - Successfully supplied Files.newOutputStream CREATE_NEW /workdir/ratis-examples/target/test/data/92cd4afb/TestFileStoreWithGrpc/filestore/s2/file65: java.nio.channels.Channels$1@de6e1b4
2019-09-26 14:03:27,923 TRACE util.FileUtils (LogUtils.java:supplyAndLog(82)) - Successfully supplied Files.newOutputStream CREATE_NEW /workdir/ratis-examples/target/test/data/92cd4afb/TestFileStoreWithGrpc/filestore/s1/file65: java.nio.channels.Channels$1@700578bc
2019-09-26 14:03:27,923 TRACE util.FileUtils (LogUtils.java:supplyAndLog(82)) - Successfully supplied Files.newOutputStream CREATE_NEW /workdir/ratis-examples/target/test/data/92cd4afb/TestFileStoreWithGrpc/filestore/s0/file65: java.nio.channels.Channels$1@5b8d95fa
2019-09-26 14:03:27,923 TRACE util.FileUtils (LogUtils.java:supplyAndLog(82)) - Successfully supplied Files.newOutputStream CREATE_NEW /workdir/ratis-examples/target/test/data/92cd4afb/TestFileStoreWithGrpc/filestore/s1/file66: java.nio.channels.Channels$1@2fab1070
2019-09-26 14:03:27,923 TRACE util.FileUtils (LogUtils.java:supplyAndLog(82)) - Successfully supplied Files.newOutputStream CREATE_NEW /workdir/ratis-examples/target/test/data/92cd4afb/TestFileStoreWithGrpc/filestore/s2/file66: java.nio.channels.Channels$1@77ddffd1
2019-09-26 14:03:27,936 TRACE util.FileUtils (LogUtils.java:supplyAndLog(82)) - Successfully supplied Files.newOutputStream CREATE_NEW /workdir/ratis-examples/target/test/data/92cd4afb/TestFileStoreWithGrpc/filestore/s0/file68: java.nio.channels.Channels$1@18100573
2019-09-26 14:03:27,936 TRACE util.FileUtils (LogUtils.java:supplyAndLog(82)) - Successfully supplied Files.newOutputStream CREATE_NEW /workdir/ratis-examples/target/test/data/92cd4afb/TestFileStoreWithGrpc/filestore/s1/file68: java.nio.channels.Channels$1@6556a29e
2019-09-26 14:03:27,936 TRACE util.FileUtils (LogUtils.java:supplyAndLog(82)) - Successfully supplied Files.newOutputStream CREATE_NEW /workdir/ratis-examples/target/test/data/92cd4afb/TestFileStoreWithGrpc/filestore/s2/file68: java.nio.channels.Channels$1@4fc4ae1b
2019-09-26 14:03:27,937 TRACE util.FileUtils (LogUtils.java:supplyAndLog(82)) - Successfully supplied Files.newOutputStream CREATE_NEW /workdir/ratis-examples/target/test/data/92cd4afb/TestFileStoreWithGrpc/filestore/s0/file69: java.nio.channels.Channels$1@5fa9022d
2019-09-26 14:03:27,937 TRACE util.FileUtils (LogUtils.java:supplyAndLog(82)) - Successfully supplied Files.newOutputStream CREATE_NEW /workdir/ratis-examples/target/test/data/92cd4afb/TestFileStoreWithGrpc/filestore/s0/file70: java.nio.channels.Channels$1@61ec81c2
2019-09-26 14:03:27,937 TRACE util.FileUtils (LogUtils.java:supplyAndLog(82)) - Successfully supplied Files.newOutputStream CREATE_NEW /workdir/ratis-examples/target/test/data/92cd4afb/TestFileStoreWithGrpc/filestore/s1/file69: java.nio.channels.Channels$1@2444cb57
2019-09-26 14:03:27,938 TRACE util.FileUtils (LogUtils.java:supplyAndLog(82)) - Successfully supplied Files.newOutputStream CREATE_NEW /workdir/ratis-examples/target/test/data/92cd4afb/TestFileStoreWithGrpc/filestore/s2/file69: java.nio.channels.Channels$1@20e70264
2019-09-26 14:03:27,938 TRACE util.FileUtils (LogUtils.java:supplyAndLog(82)) - Successfully supplied Files.newOutputStream CREATE_NEW /workdir/ratis-examples/target/test/data/92cd4afb/TestFileStoreWithGrpc/filestore/s2/file70: java.nio.channels.Channels$1@78875b1d
2019-09-26 14:03:27,938 TRACE util.FileUtils (LogUtils.java:supplyAndLog(82)) - Successfully supplied Files.newOutputStream CREATE_NEW /workdir/ratis-examples/target/test/data/92cd4afb/TestFileStoreWithGrpc/filestore/s1/file70: java.nio.channels.Channels$1@7aad489d
2019-09-26 14:03:27,965 TRACE util.FileUtils (LogUtils.java:supplyAndLog(82)) - Successfully supplied Files.newOutputStream CREATE_NEW /workdir/ratis-examples/target/test/data/92cd4afb/TestFileStoreWithGrpc/filestore/s0/file71: java.nio.channels.Channels$1@cd8468a
2019-09-26 14:03:27,965 TRACE util.FileUtils (LogUtils.java:supplyAndLog(82)) - Successfully supplied Files.newOutputStream CREATE_NEW /workdir/ratis-examples/target/test/data/92cd4afb/TestFileStoreWithGrpc/filestore/s1/file71: java.nio.channels.Channels$1@2a2003d2
2019-09-26 14:03:27,965 TRACE util.FileUtils (LogUtils.java:supplyAndLog(82)) - Successfully supplied Files.newOutputStream CREATE_NEW /workdir/ratis-examples/target/test/data/92cd4afb/TestFileStoreWithGrpc/filestore/s2/file71: java.nio.channels.Channels$1@7c6cc8f0
2019-09-26 14:03:27,980 TRACE util.FileUtils (LogUtils.java:supplyAndLog(82)) - Successfully supplied Files.newOutputStream CREATE_NEW /workdir/ratis-examples/target/test/data/92cd4afb/TestFileStoreWithGrpc/filestore/s0/file72: java.nio.channels.Channels$1@2aa1d946
2019-09-26 14:03:27,980 TRACE util.FileUtils (LogUtils.java:supplyAndLog(82)) - Successfully supplied Files.newOutputStream CREATE_NEW /workdir/ratis-examples/target/test/data/92cd4afb/TestFileStoreWithGrpc/filestore/s1/file72: java.nio.channels.Channels$1@21022cd5
2019-09-26 14:03:27,980 TRACE util.FileUtils (LogUtils.java:supplyAndLog(82)) - Successfully supplied Files.newOutputStream CREATE_NEW /workdir/ratis-examples/target/test/data/92cd4afb/TestFileStoreWithGrpc/filestore/s2/file72: java.nio.channels.Channels$1@72c8b03f
2019-09-26 14:03:27,981 TRACE util.FileUtils (LogUtils.java:supplyAndLog(82)) - Successfully supplied Files.newOutputStream CREATE_NEW /workdir/ratis-examples/target/test/data/92cd4afb/TestFileStoreWithGrpc/filestore/s0/file74: java.nio.channels.Channels$1@1f1732b3
2019-09-26 14:03:27,981 TRACE util.FileUtils (LogUtils.java:supplyAndLog(82)) - Successfully supplied Files.newOutputStream CREATE_NEW /workdir/ratis-examples/target/test/data/92cd4afb/TestFileStoreWithGrpc/filestore/s0/file73: java.nio.channels.Channels$1@20ac22a0
2019-09-26 14:03:27,981 TRACE util.FileUtils (LogUtils.java:supplyAndLog(82)) - Successfully supplied Files.newOutputStream CREATE_NEW /workdir/ratis-examples/target/test/data/92cd4afb/TestFileStoreWithGrpc/filestore/s2/file74: java.nio.channels.Channels$1@59cd46bb
2019-09-26 14:03:27,981 TRACE util.FileUtils (LogUtils.java:supplyAndLog(82)) - Successfully supplied Files.newOutputStream CREATE_NEW /workdir/ratis-examples/target/test/data/92cd4afb/TestFileStoreWithGrpc/filestore/s1/file74: java.nio.channels.Channels$1@36d3a7a7
2019-09-26 14:03:27,981 TRACE util.FileUtils (LogUtils.java:supplyAndLog(82)) - Successfully supplied Files.newOutputStream CREATE_NEW /workdir/ratis-examples/target/test/data/92cd4afb/TestFileStoreWithGrpc/filestore/s2/file73: java.nio.channels.Channels$1@6819eb63
2019-09-26 14:03:27,981 TRACE util.FileUtils (LogUtils.java:supplyAndLog(82)) - Successfully supplied Files.newOutputStream CREATE_NEW /workdir/ratis-examples/target/test/data/92cd4afb/TestFileStoreWithGrpc/filestore/s1/file73: java.nio.channels.Channels$1@1428e203
2019-09-26 14:03:27,992 TRACE util.FileUtils (LogUtils.java:supplyAndLog(82)) - Successfully supplied Files.newOutputStream CREATE_NEW /workdir/ratis-examples/target/test/data/92cd4afb/TestFileStoreWithGrpc/filestore/s0/file75: java.nio.channels.Channels$1@e2271f5
2019-09-26 14:03:27,992 TRACE util.FileUtils (LogUtils.java:supplyAndLog(82)) - Successfully supplied Files.newOutputStream CREATE_NEW /workdir/ratis-examples/target/test/data/92cd4afb/TestFileStoreWithGrpc/filestore/s2/file75: java.nio.channels.Channels$1@3c365b98
2019-09-26 14:03:27,992 TRACE util.FileUtils (LogUtils.java:supplyAndLog(82)) - Successfully supplied Files.newOutputStream CREATE_NEW /workdir/ratis-examples/target/test/data/92cd4afb/TestFileStoreWithGrpc/filestore/s1/file75: java.nio.channels.Channels$1@2dd6ae5e
2019-09-26 14:03:28,032 TRACE util.FileUtils (LogUtils.java:supplyAndLog(82)) - Successfully supplied Files.newOutputStream CREATE_NEW /workdir/ratis-examples/target/test/data/92cd4afb/TestFileStoreWithGrpc/filestore/s0/file77: java.nio.channels.Channels$1@6ea7838a
2019-09-26 14:03:28,032 TRACE util.FileUtils (LogUtils.java:supplyAndLog(82)) - Successfully supplied Files.newOutputStream CREATE_NEW /workdir/ratis-examples/target/test/data/92cd4afb/TestFileStoreWithGrpc/filestore/s2/file77: java.nio.channels.Channels$1@65620cd7
2019-09-26 14:03:28,032 TRACE util.FileUtils (LogUtils.java:supplyAndLog(82)) - Successfully supplied Files.newOutputStream CREATE_NEW /workdir/ratis-examples/target/test/data/92cd4afb/TestFileStoreWithGrpc/filestore/s0/file76: java.nio.channels.Channels$1@4ed14787
2019-09-26 14:03:28,033 TRACE util.FileUtils (LogUtils.java:supplyAndLog(82)) - Successfully supplied Files.newOutputStream CREATE_NEW /workdir/ratis-examples/target/test/data/92cd4afb/TestFileStoreWithGrpc/filestore/s2/file76: java.nio.channels.Channels$1@2d447e55
2019-09-26 14:03:28,033 TRACE util.FileUtils (LogUtils.java:supplyAndLog(82)) - Successfully supplied Files.newOutputStream CREATE_NEW /workdir/ratis-examples/target/test/data/92cd4afb/TestFileStoreWithGrpc/filestore/s1/file76: java.nio.channels.Channels$1@1313de2b
2019-09-26 14:03:28,033 TRACE util.FileUtils (LogUtils.java:supplyAndLog(82)) - Successfully supplied Files.newOutputStream CREATE_NEW /workdir/ratis-examples/target/test/data/92cd4afb/TestFileStoreWithGrpc/filestore/s1/file77: java.nio.channels.Channels$1@3d305c3b
2019-09-26 14:03:28,048 TRACE util.FileUtils (LogUtils.java:supplyAndLog(82)) - Successfully supplied Files.newOutputStream CREATE_NEW /workdir/ratis-examples/target/test/data/92cd4afb/TestFileStoreWithGrpc/filestore/s0/file78: java.nio.channels.Channels$1@7029528b
2019-09-26 14:03:28,048 TRACE util.FileUtils (LogUtils.java:supplyAndLog(82)) - Successfully supplied Files.newOutputStream CREATE_NEW /workdir/ratis-examples/target/test/data/92cd4afb/TestFileStoreWithGrpc/filestore/s2/file78: java.nio.channels.Channels$1@3cdbf395
2019-09-26 14:03:28,048 TRACE util.FileUtils (LogUtils.java:supplyAndLog(82)) - Successfully supplied Files.newOutputStream CREATE_NEW /workdir/ratis-examples/target/test/data/92cd4afb/TestFileStoreWithGrpc/filestore/s1/file78: java.nio.channels.Channels$1@1acb66d2
2019-09-26 14:03:28,063 TRACE util.FileUtils (LogUtils.java:supplyAndLog(82)) - Successfully supplied Files.newOutputStream CREATE_NEW /workdir/ratis-examples/target/test/data/92cd4afb/TestFileStoreWithGrpc/filestore/s0/file79: java.nio.channels.Channels$1@16c90e9
2019-09-26 14:03:28,063 TRACE util.FileUtils (LogUtils.java:supplyAndLog(82)) - Successfully supplied Files.newOutputStream CREATE_NEW /workdir/ratis-examples/target/test/data/92cd4afb/TestFileStoreWithGrpc/filestore/s1/file79: java.nio.channels.Channels$1@3de649ea
2019-09-26 14:03:28,063 TRACE util.FileUtils (LogUtils.java:supplyAndLog(82)) - Successfully supplied Files.newOutputStream CREATE_NEW /workdir/ratis-examples/target/test/data/92cd4afb/TestFileStoreWithGrpc/filestore/s2/file79: java.nio.channels.Channels$1@5580ac24
2019-09-26 14:03:28,306 INFO  ratis.MiniRaftCluster (MiniRaftCluster.java:lambda$null$5(297)) - TIMED-PRINT: printing ALL groups
  s0:  RUNNING    LEADER s0@group-1720A28C8555:t12, leader=s0, voted=s0, raftlog=s0@group-1720A28C8555-SegmentedRaftLog:OPENED:c26070,f26070,i26091, conf=4683: [s0:0.0.0.0:36116, s1:0.0.0.0:33523, s2:0.0.0.0:40404], old=null RUNNING
  s1:  RUNNING  FOLLOWER s1@group-1720A28C8555:t12, leader=s0, voted=s0, raftlog=s1@group-1720A28C8555-SegmentedRaftLog:OPENED:c26050,f26070,i26091, conf=4683: [s0:0.0.0.0:36116, s1:0.0.0.0:33523, s2:0.0.0.0:40404], old=null RUNNING
  s2:  RUNNING  FOLLOWER s2@group-1720A28C8555:t12, leader=s0, voted=s0, raftlog=s2@group-1720A28C8555-SegmentedRaftLog:OPENED:c26046,f26062,i26091, conf=4683: [s0:0.0.0.0:36116, s1:0.0.0.0:33523, s2:0.0.0.0:40404], old=null RUNNING
2019-09-26 14:03:34,804 TRACE util.FileUtils (LogUtils.java:supplyAndLog(82)) - Successfully supplied Files.newOutputStream CREATE_NEW /workdir/ratis-examples/target/test/data/92cd4afb/TestFileStoreWithGrpc/filestore/s2/file80: java.nio.channels.Channels$1@26fee049
2019-09-26 14:03:34,805 TRACE util.FileUtils (LogUtils.java:supplyAndLog(82)) - Successfully supplied Files.newOutputStream CREATE_NEW /workdir/ratis-examples/target/test/data/92cd4afb/TestFileStoreWithGrpc/filestore/s1/file80: java.nio.channels.Channels$1@26685c42
2019-09-26 14:03:34,804 TRACE util.FileUtils (LogUtils.java:supplyAndLog(82)) - Successfully supplied Files.newOutputStream CREATE_NEW /workdir/ratis-examples/target/test/data/92cd4afb/TestFileStoreWithGrpc/filestore/s0/file80: java.nio.channels.Channels$1@74c71da7
2019-09-26 14:03:34,807 TRACE util.FileUtils (LogUtils.java:supplyAndLog(82)) - Successfully supplied Files.newOutputStream CREATE_NEW /workdir/ratis-examples/target/test/data/92cd4afb/TestFileStoreWithGrpc/filestore/s2/file81: java.nio.channels.Channels$1@76b9ce6f
2019-09-26 14:03:34,806 TRACE util.FileUtils (LogUtils.java:supplyAndLog(82)) - Successfully supplied Files.newOutputStream CREATE_NEW /workdir/ratis-examples/target/test/data/92cd4afb/TestFileStoreWithGrpc/filestore/s0/file81: java.nio.channels.Channels$1@4dd5c290
2019-09-26 14:03:34,807 TRACE util.FileUtils (LogUtils.java:supplyAndLog(82)) - Successfully supplied Files.newOutputStream CREATE_NEW /workdir/ratis-examples/target/test/data/92cd4afb/TestFileStoreWithGrpc/filestore/s1/file81: java.nio.channels.Channels$1@334c4129
2019-09-26 14:03:34,810 TRACE util.FileUtils (LogUtils.java:supplyAndLog(82)) - Successfully supplied Files.newOutputStream CREATE_NEW /workdir/ratis-examples/target/test/data/92cd4afb/TestFileStoreWithGrpc/filestore/s2/file82: java.nio.channels.Channels$1@124f0370
2019-09-26 14:03:34,810 TRACE util.FileUtils (LogUtils.java:supplyAndLog(82)) - Successfully supplied Files.newOutputStream CREATE_NEW /workdir/ratis-examples/target/test/data/92cd4afb/TestFileStoreWithGrpc/filestore/s0/file82: java.nio.channels.Channels$1@785f253c
2019-09-26 14:03:34,810 TRACE util.FileUtils (LogUtils.java:supplyAndLog(82)) - Successfully supplied Files.newOutputStream CREATE_NEW /workdir/ratis-examples/target/test/data/92cd4afb/TestFileStoreWithGrpc/filestore/s1/file82: java.nio.channels.Channels$1@48337599
2019-09-26 14:03:34,815 TRACE util.FileUtils (LogUtils.java:supplyAndLog(82)) - Successfully supplied Files.newOutputStream CREATE_NEW /workdir/ratis-examples/target/test/data/92cd4afb/TestFileStoreWithGrpc/filestore/s0/file83: java.nio.channels.Channels$1@597e8c1a
2019-09-26 14:03:34,816 TRACE util.FileUtils (LogUtils.java:supplyAndLog(82)) - Successfully supplied Files.newOutputStream CREATE_NEW /workdir/ratis-examples/target/test/data/92cd4afb/TestFileStoreWithGrpc/filestore/s2/file83: java.nio.channels.Channels$1@1eef4fca
2019-09-26 14:03:34,816 TRACE util.FileUtils (LogUtils.java:supplyAndLog(82)) - Successfully supplied Files.newOutputStream CREATE_NEW /workdir/ratis-examples/target/test/data/92cd4afb/TestFileStoreWithGrpc/filestore/s1/file83: java.nio.channels.Channels$1@26310ff8
2019-09-26 14:03:35,077 TRACE util.FileUtils (LogUtils.java:supplyAndLog(82)) - Successfully supplied Files.newOutputStream CREATE_NEW /workdir/ratis-examples/target/test/data/92cd4afb/TestFileStoreWithGrpc/filestore/s0/file84: java.nio.channels.Channels$1@7f400fed
2019-09-26 14:03:35,078 TRACE util.FileUtils (LogUtils.java:supplyAndLog(82)) - Successfully supplied Files.newOutputStream CREATE_NEW /workdir/ratis-examples/target/test/data/92cd4afb/TestFileStoreWithGrpc/filestore/s1/file84: java.nio.channels.Channels$1@753445a2
2019-09-26 14:03:35,078 TRACE util.FileUtils (LogUtils.java:supplyAndLog(82)) - Successfully supplied Files.newOutputStream CREATE_NEW /workdir/ratis-examples/target/test/data/92cd4afb/TestFileStoreWithGrpc/filestore/s2/file84: java.nio.channels.Channels$1@54b8cf3b
2019-09-26 14:03:35,089 TRACE util.FileUtils (LogUtils.java:supplyAndLog(82)) - Successfully supplied Files.newOutputStream CREATE_NEW /workdir/ratis-examples/target/test/data/92cd4afb/TestFileStoreWithGrpc/filestore/s1/file85: java.nio.channels.Channels$1@34e72edb
2019-09-26 14:03:35,090 TRACE util.FileUtils (LogUtils.java:supplyAndLog(82)) - Successfully supplied Files.newOutputStream CREATE_NEW /workdir/ratis-examples/target/test/data/92cd4afb/TestFileStoreWithGrpc/filestore/s2/file85: java.nio.channels.Channels$1@3367d230
2019-09-26 14:03:35,090 TRACE util.FileUtils (LogUtils.java:supplyAndLog(82)) - Successfully supplied Files.newOutputStream CREATE_NEW /workdir/ratis-examples/target/test/data/92cd4afb/TestFileStoreWithGrpc/filestore/s0/file85: java.nio.channels.Channels$1@64a8f0fc
2019-09-26 14:03:35,099 TRACE util.FileUtils (LogUtils.java:supplyAndLog(82)) - Successfully supplied Files.newOutputStream CREATE_NEW /workdir/ratis-examples/target/test/data/92cd4afb/TestFileStoreWithGrpc/filestore/s0/file86: java.nio.channels.Channels$1@5aae5a8
2019-09-26 14:03:35,100 TRACE util.FileUtils (LogUtils.java:supplyAndLog(82)) - Successfully supplied Files.newOutputStream CREATE_NEW /workdir/ratis-examples/target/test/data/92cd4afb/TestFileStoreWithGrpc/filestore/s2/file86: java.nio.channels.Channels$1@2aeb37
2019-09-26 14:03:35,100 TRACE util.FileUtils (LogUtils.java:supplyAndLog(82)) - Successfully supplied Files.newOutputStream CREATE_NEW /workdir/ratis-examples/target/test/data/92cd4afb/TestFileStoreWithGrpc/filestore/s1/file86: java.nio.channels.Channels$1@50a1cfc9
2019-09-26 14:03:35,131 TRACE util.FileUtils (LogUtils.java:supplyAndLog(82)) - Successfully supplied Files.newOutputStream CREATE_NEW /workdir/ratis-examples/target/test/data/92cd4afb/TestFileStoreWithGrpc/filestore/s1/file88: java.nio.channels.Channels$1@3461a3fc
2019-09-26 14:03:35,131 TRACE util.FileUtils (LogUtils.java:supplyAndLog(82)) - Successfully supplied Files.newOutputStream CREATE_NEW /workdir/ratis-examples/target/test/data/92cd4afb/TestFileStoreWithGrpc/filestore/s2/file87: java.nio.channels.Channels$1@29d6b7e4
2019-09-26 14:03:35,131 TRACE util.FileUtils (LogUtils.java:supplyAndLog(82)) - Successfully supplied Files.newOutputStream CREATE_NEW /workdir/ratis-examples/target/test/data/92cd4afb/TestFileStoreWithGrpc/filestore/s1/file87: java.nio.channels.Channels$1@43c78def
2019-09-26 14:03:35,131 TRACE util.FileUtils (LogUtils.java:supplyAndLog(82)) - Successfully supplied Files.newOutputStream CREATE_NEW /workdir/ratis-examples/target/test/data/92cd4afb/TestFileStoreWithGrpc/filestore/s0/file87: java.nio.channels.Channels$1@4e5ce783
2019-09-26 14:03:35,131 TRACE util.FileUtils (LogUtils.java:supplyAndLog(82)) - Successfully supplied Files.newOutputStream CREATE_NEW /workdir/ratis-examples/target/test/data/92cd4afb/TestFileStoreWithGrpc/filestore/s0/file88: java.nio.channels.Channels$1@58e4240e
2019-09-26 14:03:35,131 TRACE util.FileUtils (LogUtils.java:supplyAndLog(82)) - Successfully supplied Files.newOutputStream CREATE_NEW /workdir/ratis-examples/target/test/data/92cd4afb/TestFileStoreWithGrpc/filestore/s2/file88: java.nio.channels.Channels$1@73209f3f
2019-09-26 14:03:35,144 TRACE util.FileUtils (LogUtils.java:supplyAndLog(82)) - Successfully supplied Files.newOutputStream CREATE_NEW /workdir/ratis-examples/target/test/data/92cd4afb/TestFileStoreWithGrpc/filestore/s0/file89: java.nio.channels.Channels$1@2f0862c4
2019-09-26 14:03:35,145 TRACE util.FileUtils (LogUtils.java:supplyAndLog(82)) - Successfully supplied Files.newOutputStream CREATE_NEW /workdir/ratis-examples/target/test/data/92cd4afb/TestFileStoreWithGrpc/filestore/s0/file91: java.nio.channels.Channels$1@736e33a3
2019-09-26 14:03:35,145 TRACE util.FileUtils (LogUtils.java:supplyAndLog(82)) - Successfully supplied Files.newOutputStream CREATE_NEW /workdir/ratis-examples/target/test/data/92cd4afb/TestFileStoreWithGrpc/filestore/s2/file89: java.nio.channels.Channels$1@42d1b949
2019-09-26 14:03:35,145 TRACE util.FileUtils (LogUtils.java:supplyAndLog(82)) - Successfully supplied Files.newOutputStream CREATE_NEW /workdir/ratis-examples/target/test/data/92cd4afb/TestFileStoreWithGrpc/filestore/s0/file90: java.nio.channels.Channels$1@17dc6da9
2019-09-26 14:03:35,145 TRACE util.FileUtils (LogUtils.java:supplyAndLog(82)) - Successfully supplied Files.newOutputStream CREATE_NEW /workdir/ratis-examples/target/test/data/92cd4afb/TestFileStoreWithGrpc/filestore/s1/file90: java.nio.channels.Channels$1@1b302532
2019-09-26 14:03:35,145 TRACE util.FileUtils (LogUtils.java:supplyAndLog(82)) - Successfully supplied Files.newOutputStream CREATE_NEW /workdir/ratis-examples/target/test/data/92cd4afb/TestFileStoreWithGrpc/filestore/s1/file89: java.nio.channels.Channels$1@716d9b16
2019-09-26 14:03:35,145 TRACE util.FileUtils (LogUtils.java:supplyAndLog(82)) - Successfully supplied Files.newOutputStream CREATE_NEW /workdir/ratis-examples/target/test/data/92cd4afb/TestFileStoreWithGrpc/filestore/s2/file90: java.nio.channels.Channels$1@173fce8b
2019-09-26 14:03:35,145 TRACE util.FileUtils (LogUtils.java:supplyAndLog(82)) - Successfully supplied Files.newOutputStream CREATE_NEW /workdir/ratis-examples/target/test/data/92cd4afb/TestFileStoreWithGrpc/filestore/s2/file91: java.nio.channels.Channels$1@6a777670
2019-09-26 14:03:35,145 TRACE util.FileUtils (LogUtils.java:supplyAndLog(82)) - Successfully supplied Files.newOutputStream CREATE_NEW /workdir/ratis-examples/target/test/data/92cd4afb/TestFileStoreWithGrpc/filestore/s1/file91: java.nio.channels.Channels$1@4a884515
2019-09-26 14:03:35,147 TRACE util.FileUtils (LogUtils.java:supplyAndLog(82)) - Successfully supplied Files.newOutputStream CREATE_NEW /workdir/ratis-examples/target/test/data/92cd4afb/TestFileStoreWithGrpc/filestore/s0/file92: java.nio.channels.Channels$1@5b8f92aa
2019-09-26 14:03:35,147 TRACE util.FileUtils (LogUtils.java:supplyAndLog(82)) - Successfully supplied Files.newOutputStream CREATE_NEW /workdir/ratis-examples/target/test/data/92cd4afb/TestFileStoreWithGrpc/filestore/s1/file92: java.nio.channels.Channels$1@1bc6bcce
2019-09-26 14:03:35,147 TRACE util.FileUtils (LogUtils.java:supplyAndLog(82)) - Successfully supplied Files.newOutputStream CREATE_NEW /workdir/ratis-examples/target/test/data/92cd4afb/TestFileStoreWithGrpc/filestore/s2/file92: java.nio.channels.Channels$1@14dd37ec
2019-09-26 14:03:35,164 TRACE util.FileUtils (LogUtils.java:supplyAndLog(82)) - Successfully supplied Files.newOutputStream CREATE_NEW /workdir/ratis-examples/target/test/data/92cd4afb/TestFileStoreWithGrpc/filestore/s0/file93: java.nio.channels.Channels$1@3e01aaea
2019-09-26 14:03:35,164 TRACE util.FileUtils (LogUtils.java:supplyAndLog(82)) - Successfully supplied Files.newOutputStream CREATE_NEW /workdir/ratis-examples/target/test/data/92cd4afb/TestFileStoreWithGrpc/filestore/s2/file93: java.nio.channels.Channels$1@612c9514
2019-09-26 14:03:35,164 TRACE util.FileUtils (LogUtils.java:supplyAndLog(82)) - Successfully supplied Files.newOutputStream CREATE_NEW /workdir/ratis-examples/target/test/data/92cd4afb/TestFileStoreWithGrpc/filestore/s1/file93: java.nio.channels.Channels$1@195ad292
2019-09-26 14:03:35,175 TRACE util.FileUtils (LogUtils.java:supplyAndLog(82)) - Successfully supplied Files.newOutputStream CREATE_NEW /workdir/ratis-examples/target/test/data/92cd4afb/TestFileStoreWithGrpc/filestore/s0/file94: java.nio.channels.Channels$1@436ba0fc
2019-09-26 14:03:35,175 TRACE util.FileUtils (LogUtils.java:supplyAndLog(82)) - Successfully supplied Files.newOutputStream CREATE_NEW /workdir/ratis-examples/target/test/data/92cd4afb/TestFileStoreWithGrpc/filestore/s1/file94: java.nio.channels.Channels$1@1355955b
2019-09-26 14:03:35,176 TRACE util.FileUtils (LogUtils.java:supplyAndLog(82)) - Successfully supplied Files.newOutputStream CREATE_NEW /workdir/ratis-examples/target/test/data/92cd4afb/TestFileStoreWithGrpc/filestore/s2/file94: java.nio.channels.Channels$1@33f9a471
2019-09-26 14:03:35,182 TRACE util.FileUtils (LogUtils.java:supplyAndLog(82)) - Successfully supplied Files.newOutputStream CREATE_NEW /workdir/ratis-examples/target/test/data/92cd4afb/TestFileStoreWithGrpc/filestore/s0/file95: java.nio.channels.Channels$1@6f9ec53d
2019-09-26 14:03:35,182 TRACE util.FileUtils (LogUtils.java:supplyAndLog(82)) - Successfully supplied Files.newOutputStream CREATE_NEW /workdir/ratis-examples/target/test/data/92cd4afb/TestFileStoreWithGrpc/filestore/s1/file95: java.nio.channels.Channels$1@4e0ff888
2019-09-26 14:03:35,182 TRACE util.FileUtils (LogUtils.java:supplyAndLog(82)) - Successfully supplied Files.newOutputStream CREATE_NEW /workdir/ratis-examples/target/test/data/92cd4afb/TestFileStoreWithGrpc/filestore/s2/file95: java.nio.channels.Channels$1@6db3e243
2019-09-26 14:03:35,212 TRACE util.FileUtils (LogUtils.java:supplyAndLog(82)) - Successfully supplied Files.newOutputStream CREATE_NEW /workdir/ratis-examples/target/test/data/92cd4afb/TestFileStoreWithGrpc/filestore/s0/file96: java.nio.channels.Channels$1@4af1461
2019-09-26 14:03:35,212 TRACE util.FileUtils (LogUtils.java:supplyAndLog(82)) - Successfully supplied Files.newOutputStream CREATE_NEW /workdir/ratis-examples/target/test/data/92cd4afb/TestFileStoreWithGrpc/filestore/s1/file96: java.nio.channels.Channels$1@3d350606
2019-09-26 14:03:35,212 TRACE util.FileUtils (LogUtils.java:supplyAndLog(82)) - Successfully supplied Files.newOutputStream CREATE_NEW /workdir/ratis-examples/target/test/data/92cd4afb/TestFileStoreWithGrpc/filestore/s2/file96: java.nio.channels.Channels$1@9a818fb
2019-09-26 14:03:35,212 TRACE util.FileUtils (LogUtils.java:supplyAndLog(82)) - Successfully supplied Files.newOutputStream CREATE_NEW /workdir/ratis-examples/target/test/data/92cd4afb/TestFileStoreWithGrpc/filestore/s0/file97: java.nio.channels.Channels$1@160b7e1b
2019-09-26 14:03:35,212 TRACE util.FileUtils (LogUtils.java:supplyAndLog(82)) - Successfully supplied Files.newOutputStream CREATE_NEW /workdir/ratis-examples/target/test/data/92cd4afb/TestFileStoreWithGrpc/filestore/s1/file97: java.nio.channels.Channels$1@937ee50
2019-09-26 14:03:35,212 TRACE util.FileUtils (LogUtils.java:supplyAndLog(82)) - Successfully supplied Files.newOutputStream CREATE_NEW /workdir/ratis-examples/target/test/data/92cd4afb/TestFileStoreWithGrpc/filestore/s2/file97: java.nio.channels.Channels$1@43ee6916
2019-09-26 14:03:35,238 TRACE util.FileUtils (LogUtils.java:supplyAndLog(82)) - Successfully supplied Files.newOutputStream CREATE_NEW /workdir/ratis-examples/target/test/data/92cd4afb/TestFileStoreWithGrpc/filestore/s0/file98: java.nio.channels.Channels$1@6045f3dc
2019-09-26 14:03:35,238 TRACE util.FileUtils (LogUtils.java:supplyAndLog(82)) - Successfully supplied Files.newOutputStream CREATE_NEW /workdir/ratis-examples/target/test/data/92cd4afb/TestFileStoreWithGrpc/filestore/s2/file98: java.nio.channels.Channels$1@3a637feb
2019-09-26 14:03:35,239 TRACE util.FileUtils (LogUtils.java:supplyAndLog(82)) - Successfully supplied Files.newOutputStream CREATE_NEW /workdir/ratis-examples/target/test/data/92cd4afb/TestFileStoreWithGrpc/filestore/s1/file98: java.nio.channels.Channels$1@30a9768d
2019-09-26 14:03:35,267 TRACE util.FileUtils (LogUtils.java:supplyAndLog(82)) - Successfully supplied Files.newOutputStream CREATE_NEW /workdir/ratis-examples/target/test/data/92cd4afb/TestFileStoreWithGrpc/filestore/s0/file99: java.nio.channels.Channels$1@588bbf71
2019-09-26 14:03:35,268 TRACE util.FileUtils (LogUtils.java:supplyAndLog(82)) - Successfully supplied Files.newOutputStream CREATE_NEW /workdir/ratis-examples/target/test/data/92cd4afb/TestFileStoreWithGrpc/filestore/s1/file99: java.nio.channels.Channels$1@4f7e3d82
2019-09-26 14:03:35,268 TRACE util.FileUtils (LogUtils.java:supplyAndLog(82)) - Successfully supplied Files.newOutputStream CREATE_NEW /workdir/ratis-examples/target/test/data/92cd4afb/TestFileStoreWithGrpc/filestore/s2/file99: java.nio.channels.Channels$1@2f2e135b
]]></system-out>
  </testcase>
</testsuite>