<?xml version="1.0" encoding="UTF-8"?>
<testsuite xmlns:xsi="http://www.w3.org/2001/XMLSchema-instance" xsi:noNamespaceSchemaLocation="https://maven.apache.org/surefire/maven-surefire-plugin/xsd/surefire-test-report.xsd" name="org.apache.ratis.examples.filestore.TestFileStoreWithNetty" time="100.525" tests="1" errors="1" skipped="0" failures="0">
  <properties>
    <property name="awt.toolkit" value="sun.awt.X11.XToolkit"/>
    <property name="file.encoding.pkg" value="sun.io"/>
    <property name="java.specification.version" value="1.8"/>
    <property name="sun.cpu.isalist" value=""/>
    <property name="sun.jnu.encoding" value="UTF-8"/>
    <property name="java.class.path" value="/workdir/ratis-examples/target/test-classes:/workdir/ratis-examples/target/classes:/home/user/.m2/repository/org/apache/ratis/ratis-thirdparty-misc/0.2.0/ratis-thirdparty-misc-0.2.0.jar:/workdir/ratis-proto/target/ratis-proto-0.5.0-SNAPSHOT.jar:/workdir/ratis-common/target/classes:/home/user/.m2/repository/org/slf4j/slf4j-log4j12/1.7.10/slf4j-log4j12-1.7.10.jar:/home/user/.m2/repository/log4j/log4j/1.2.17/log4j-1.2.17.jar:/workdir/ratis-common/target/test-classes:/workdir/ratis-client/target/classes:/workdir/ratis-server/target/classes:/workdir/ratis-metrics/target/classes:/home/user/.m2/repository/io/dropwizard/metrics/metrics-core/3.2.5/metrics-core-3.2.5.jar:/home/user/.m2/repository/com/github/joshelser/dropwizard-metrics-hadoop-metrics2-reporter/0.1.2/dropwizard-metrics-hadoop-metrics2-reporter-0.1.2.jar:/home/user/.m2/repository/io/dropwizard/metrics/metrics-jvm/3.2.5/metrics-jvm-3.2.5.jar:/home/user/.m2/repository/io/dropwizard/metrics/metrics-ganglia/3.2.5/metrics-ganglia-3.2.5.jar:/home/user/.m2/repository/info/ganglia/gmetric4j/gmetric4j/1.0.7/gmetric4j-1.0.7.jar:/home/user/.m2/repository/org/apache/commons/commons-lang3/3.5/commons-lang3-3.5.jar:/workdir/ratis-server/target/test-classes:/workdir/ratis-hadoop/target/classes:/home/user/.m2/repository/org/apache/hadoop/hadoop-common/3.1.1/hadoop-common-3.1.1.jar:/home/user/.m2/repository/org/apache/hadoop/hadoop-annotations/3.1.1/hadoop-annotations-3.1.1.jar:/usr/lib/jvm/java-1.8-openjdk/jre/../lib/tools.jar:/home/user/.m2/repository/commons-cli/commons-cli/1.2/commons-cli-1.2.jar:/home/user/.m2/repository/org/apache/commons/commons-math3/3.1.1/commons-math3-3.1.1.jar:/home/user/.m2/repository/org/apache/httpcomponents/httpclient/4.5.2/httpclient-4.5.2.jar:/home/user/.m2/repository/org/apache/httpcomponents/httpcore/4.4.4/httpcore-4.4.4.jar:/home/user/.m2/repository/commons-codec/commons-codec/1.11/commons-codec-1.11.jar:/home/user/.m2/repository/commons-io/commons-io/2.5/commons-io-2.5.jar:/home/user/.m2/repository/commons-net/commons-net/3.6/commons-net-3.6.jar:/home/user/.m2/repository/commons-collections/commons-collections/3.2.2/commons-collections-3.2.2.jar:/home/user/.m2/repository/javax/servlet/javax.servlet-api/3.1.0/javax.servlet-api-3.1.0.jar:/home/user/.m2/repository/org/eclipse/jetty/jetty-server/9.3.19.v20170502/jetty-server-9.3.19.v20170502.jar:/home/user/.m2/repository/org/eclipse/jetty/jetty-http/9.3.19.v20170502/jetty-http-9.3.19.v20170502.jar:/home/user/.m2/repository/org/eclipse/jetty/jetty-io/9.3.19.v20170502/jetty-io-9.3.19.v20170502.jar:/home/user/.m2/repository/org/eclipse/jetty/jetty-util/9.3.19.v20170502/jetty-util-9.3.19.v20170502.jar:/home/user/.m2/repository/org/eclipse/jetty/jetty-servlet/9.3.19.v20170502/jetty-servlet-9.3.19.v20170502.jar:/home/user/.m2/repository/org/eclipse/jetty/jetty-security/9.3.19.v20170502/jetty-security-9.3.19.v20170502.jar:/home/user/.m2/repository/org/eclipse/jetty/jetty-webapp/9.3.19.v20170502/jetty-webapp-9.3.19.v20170502.jar:/home/user/.m2/repository/org/eclipse/jetty/jetty-xml/9.3.19.v20170502/jetty-xml-9.3.19.v20170502.jar:/home/user/.m2/repository/javax/servlet/jsp/jsp-api/2.1/jsp-api-2.1.jar:/home/user/.m2/repository/com/sun/jersey/jersey-core/1.19/jersey-core-1.19.jar:/home/user/.m2/repository/javax/ws/rs/jsr311-api/1.1.1/jsr311-api-1.1.1.jar:/home/user/.m2/repository/com/sun/jersey/jersey-servlet/1.19/jersey-servlet-1.19.jar:/home/user/.m2/repository/com/sun/jersey/jersey-json/1.19/jersey-json-1.19.jar:/home/user/.m2/repository/org/codehaus/jettison/jettison/1.1/jettison-1.1.jar:/home/user/.m2/repository/com/sun/xml/bind/jaxb-impl/2.2.3-1/jaxb-impl-2.2.3-1.jar:/home/user/.m2/repository/javax/xml/bind/jaxb-api/2.2.2/jaxb-api-2.2.2.jar:/home/user/.m2/repository/javax/xml/stream/stax-api/1.0-2/stax-api-1.0-2.jar:/home/user/.m2/repository/javax/activation/activation/1.1/activation-1.1.jar:/home/user/.m2/repository/org/codehaus/jackson/jackson-core-asl/1.9.2/jackson-core-asl-1.9.2.jar:/home/user/.m2/repository/org/codehaus/jackson/jackson-mapper-asl/1.9.2/jackson-mapper-asl-1.9.2.jar:/home/user/.m2/repository/org/codehaus/jackson/jackson-jaxrs/1.9.2/jackson-jaxrs-1.9.2.jar:/home/user/.m2/repository/org/codehaus/jackson/jackson-xc/1.9.2/jackson-xc-1.9.2.jar:/home/user/.m2/repository/com/sun/jersey/jersey-server/1.19/jersey-server-1.19.jar:/home/user/.m2/repository/commons-logging/commons-logging/1.1.3/commons-logging-1.1.3.jar:/home/user/.m2/repository/commons-lang/commons-lang/2.6/commons-lang-2.6.jar:/home/user/.m2/repository/commons-beanutils/commons-beanutils/1.9.3/commons-beanutils-1.9.3.jar:/home/user/.m2/repository/org/apache/commons/commons-configuration2/2.1.1/commons-configuration2-2.1.1.jar:/home/user/.m2/repository/org/apache/avro/avro/1.7.7/avro-1.7.7.jar:/home/user/.m2/repository/com/thoughtworks/paranamer/paranamer/2.3/paranamer-2.3.jar:/home/user/.m2/repository/org/xerial/snappy/snappy-java/1.0.5/snappy-java-1.0.5.jar:/home/user/.m2/repository/com/google/re2j/re2j/1.1/re2j-1.1.jar:/home/user/.m2/repository/com/google/protobuf/protobuf-java/2.5.0/protobuf-java-2.5.0.jar:/home/user/.m2/repository/com/google/code/gson/gson/2.2.4/gson-2.2.4.jar:/home/user/.m2/repository/org/apache/hadoop/hadoop-auth/3.1.1/hadoop-auth-3.1.1.jar:/home/user/.m2/repository/com/nimbusds/nimbus-jose-jwt/4.41.1/nimbus-jose-jwt-4.41.1.jar:/home/user/.m2/repository/com/github/stephenc/jcip/jcip-annotations/1.0-1/jcip-annotations-1.0-1.jar:/home/user/.m2/repository/net/minidev/json-smart/2.3/json-smart-2.3.jar:/home/user/.m2/repository/net/minidev/accessors-smart/1.2/accessors-smart-1.2.jar:/home/user/.m2/repository/org/ow2/asm/asm/5.0.4/asm-5.0.4.jar:/home/user/.m2/repository/org/apache/curator/curator-framework/2.12.0/curator-framework-2.12.0.jar:/home/user/.m2/repository/com/jcraft/jsch/0.1.54/jsch-0.1.54.jar:/home/user/.m2/repository/org/apache/curator/curator-client/2.12.0/curator-client-2.12.0.jar:/home/user/.m2/repository/org/apache/curator/curator-recipes/2.12.0/curator-recipes-2.12.0.jar:/home/user/.m2/repository/com/google/code/findbugs/jsr305/3.0.0/jsr305-3.0.0.jar:/home/user/.m2/repository/org/apache/htrace/htrace-core4/4.1.0-incubating/htrace-core4-4.1.0-incubating.jar:/home/user/.m2/repository/org/apache/zookeeper/zookeeper/3.4.9/zookeeper-3.4.9.jar:/home/user/.m2/repository/jline/jline/0.9.94/jline-0.9.94.jar:/home/user/.m2/repository/io/netty/netty/3.10.5.Final/netty-3.10.5.Final.jar:/home/user/.m2/repository/org/apache/commons/commons-compress/1.4.1/commons-compress-1.4.1.jar:/home/user/.m2/repository/org/tukaani/xz/1.0/xz-1.0.jar:/home/user/.m2/repository/org/apache/kerby/kerb-simplekdc/1.0.1/kerb-simplekdc-1.0.1.jar:/home/user/.m2/repository/org/apache/kerby/kerb-client/1.0.1/kerb-client-1.0.1.jar:/home/user/.m2/repository/org/apache/kerby/kerby-config/1.0.1/kerby-config-1.0.1.jar:/home/user/.m2/repository/org/apache/kerby/kerb-core/1.0.1/kerb-core-1.0.1.jar:/home/user/.m2/repository/org/apache/kerby/kerby-pkix/1.0.1/kerby-pkix-1.0.1.jar:/home/user/.m2/repository/org/apache/kerby/kerby-asn1/1.0.1/kerby-asn1-1.0.1.jar:/home/user/.m2/repository/org/apache/kerby/kerby-util/1.0.1/kerby-util-1.0.1.jar:/home/user/.m2/repository/org/apache/kerby/kerb-common/1.0.1/kerb-common-1.0.1.jar:/home/user/.m2/repository/org/apache/kerby/kerb-crypto/1.0.1/kerb-crypto-1.0.1.jar:/home/user/.m2/repository/org/apache/kerby/kerb-util/1.0.1/kerb-util-1.0.1.jar:/home/user/.m2/repository/org/apache/kerby/token-provider/1.0.1/token-provider-1.0.1.jar:/home/user/.m2/repository/org/apache/kerby/kerb-admin/1.0.1/kerb-admin-1.0.1.jar:/home/user/.m2/repository/org/apache/kerby/kerb-server/1.0.1/kerb-server-1.0.1.jar:/home/user/.m2/repository/org/apache/kerby/kerb-identity/1.0.1/kerb-identity-1.0.1.jar:/home/user/.m2/repository/org/apache/kerby/kerby-xdr/1.0.1/kerby-xdr-1.0.1.jar:/home/user/.m2/repository/com/fasterxml/jackson/core/jackson-databind/2.7.8/jackson-databind-2.7.8.jar:/home/user/.m2/repository/com/fasterxml/jackson/core/jackson-annotations/2.7.0/jackson-annotations-2.7.0.jar:/home/user/.m2/repository/com/fasterxml/jackson/core/jackson-core/2.7.8/jackson-core-2.7.8.jar:/home/user/.m2/repository/org/codehaus/woodstox/stax2-api/3.1.4/stax2-api-3.1.4.jar:/home/user/.m2/repository/com/fasterxml/woodstox/woodstox-core/5.0.3/woodstox-core-5.0.3.jar:/home/user/.m2/repository/com/google/guava/guava/11.0.2/guava-11.0.2.jar:/workdir/ratis-hadoop/target/test-classes:/home/user/.m2/repository/org/apache/ratis/ratis-thirdparty-hadoop/0.2.0/ratis-thirdparty-hadoop-0.2.0.jar:/workdir/ratis-grpc/target/classes:/workdir/ratis-grpc/target/test-classes:/workdir/ratis-netty/target/classes:/workdir/ratis-netty/target/test-classes:/home/user/.m2/repository/com/beust/jcommander/1.72/jcommander-1.72.jar:/home/user/.m2/repository/org/slf4j/slf4j-api/1.7.10/slf4j-api-1.7.10.jar:/home/user/.m2/repository/junit/junit/4.12/junit-4.12.jar:/home/user/.m2/repository/org/hamcrest/hamcrest-core/1.3/hamcrest-core-1.3.jar:/home/user/.m2/repository/org/mockito/mockito-all/1.8.5/mockito-all-1.8.5.jar:"/>
    <property name="java.vm.vendor" value="IcedTea"/>
    <property name="sun.arch.data.model" value="64"/>
    <property name="java.vendor.url" value="https://icedtea.classpath.org"/>
    <property name="user.timezone" value=""/>
    <property name="java.vm.specification.version" value="1.8"/>
    <property name="os.name" value="Linux"/>
    <property name="user.country" value="US"/>
    <property name="sun.java.launcher" value="SUN_STANDARD"/>
    <property name="sun.boot.library.path" value="/usr/lib/jvm/java-1.8-openjdk/jre/lib/amd64"/>
    <property name="sun.java.command" value="/workdir/ratis-examples/target/surefire/surefirebooter790408391791495041.jar /workdir/ratis-examples/target/surefire 2019-09-26T13-42-04_408-jvmRun1 surefire5048376232686075212tmp surefire_762606657065365640767tmp"/>
    <property name="surefire.test.class.path" value="/workdir/ratis-examples/target/test-classes:/workdir/ratis-examples/target/classes:/home/user/.m2/repository/org/apache/ratis/ratis-thirdparty-misc/0.2.0/ratis-thirdparty-misc-0.2.0.jar:/workdir/ratis-proto/target/ratis-proto-0.5.0-SNAPSHOT.jar:/workdir/ratis-common/target/classes:/home/user/.m2/repository/org/slf4j/slf4j-log4j12/1.7.10/slf4j-log4j12-1.7.10.jar:/home/user/.m2/repository/log4j/log4j/1.2.17/log4j-1.2.17.jar:/workdir/ratis-common/target/test-classes:/workdir/ratis-client/target/classes:/workdir/ratis-server/target/classes:/workdir/ratis-metrics/target/classes:/home/user/.m2/repository/io/dropwizard/metrics/metrics-core/3.2.5/metrics-core-3.2.5.jar:/home/user/.m2/repository/com/github/joshelser/dropwizard-metrics-hadoop-metrics2-reporter/0.1.2/dropwizard-metrics-hadoop-metrics2-reporter-0.1.2.jar:/home/user/.m2/repository/io/dropwizard/metrics/metrics-jvm/3.2.5/metrics-jvm-3.2.5.jar:/home/user/.m2/repository/io/dropwizard/metrics/metrics-ganglia/3.2.5/metrics-ganglia-3.2.5.jar:/home/user/.m2/repository/info/ganglia/gmetric4j/gmetric4j/1.0.7/gmetric4j-1.0.7.jar:/home/user/.m2/repository/org/apache/commons/commons-lang3/3.5/commons-lang3-3.5.jar:/workdir/ratis-server/target/test-classes:/workdir/ratis-hadoop/target/classes:/home/user/.m2/repository/org/apache/hadoop/hadoop-common/3.1.1/hadoop-common-3.1.1.jar:/home/user/.m2/repository/org/apache/hadoop/hadoop-annotations/3.1.1/hadoop-annotations-3.1.1.jar:/usr/lib/jvm/java-1.8-openjdk/jre/../lib/tools.jar:/home/user/.m2/repository/commons-cli/commons-cli/1.2/commons-cli-1.2.jar:/home/user/.m2/repository/org/apache/commons/commons-math3/3.1.1/commons-math3-3.1.1.jar:/home/user/.m2/repository/org/apache/httpcomponents/httpclient/4.5.2/httpclient-4.5.2.jar:/home/user/.m2/repository/org/apache/httpcomponents/httpcore/4.4.4/httpcore-4.4.4.jar:/home/user/.m2/repository/commons-codec/commons-codec/1.11/commons-codec-1.11.jar:/home/user/.m2/repository/commons-io/commons-io/2.5/commons-io-2.5.jar:/home/user/.m2/repository/commons-net/commons-net/3.6/commons-net-3.6.jar:/home/user/.m2/repository/commons-collections/commons-collections/3.2.2/commons-collections-3.2.2.jar:/home/user/.m2/repository/javax/servlet/javax.servlet-api/3.1.0/javax.servlet-api-3.1.0.jar:/home/user/.m2/repository/org/eclipse/jetty/jetty-server/9.3.19.v20170502/jetty-server-9.3.19.v20170502.jar:/home/user/.m2/repository/org/eclipse/jetty/jetty-http/9.3.19.v20170502/jetty-http-9.3.19.v20170502.jar:/home/user/.m2/repository/org/eclipse/jetty/jetty-io/9.3.19.v20170502/jetty-io-9.3.19.v20170502.jar:/home/user/.m2/repository/org/eclipse/jetty/jetty-util/9.3.19.v20170502/jetty-util-9.3.19.v20170502.jar:/home/user/.m2/repository/org/eclipse/jetty/jetty-servlet/9.3.19.v20170502/jetty-servlet-9.3.19.v20170502.jar:/home/user/.m2/repository/org/eclipse/jetty/jetty-security/9.3.19.v20170502/jetty-security-9.3.19.v20170502.jar:/home/user/.m2/repository/org/eclipse/jetty/jetty-webapp/9.3.19.v20170502/jetty-webapp-9.3.19.v20170502.jar:/home/user/.m2/repository/org/eclipse/jetty/jetty-xml/9.3.19.v20170502/jetty-xml-9.3.19.v20170502.jar:/home/user/.m2/repository/javax/servlet/jsp/jsp-api/2.1/jsp-api-2.1.jar:/home/user/.m2/repository/com/sun/jersey/jersey-core/1.19/jersey-core-1.19.jar:/home/user/.m2/repository/javax/ws/rs/jsr311-api/1.1.1/jsr311-api-1.1.1.jar:/home/user/.m2/repository/com/sun/jersey/jersey-servlet/1.19/jersey-servlet-1.19.jar:/home/user/.m2/repository/com/sun/jersey/jersey-json/1.19/jersey-json-1.19.jar:/home/user/.m2/repository/org/codehaus/jettison/jettison/1.1/jettison-1.1.jar:/home/user/.m2/repository/com/sun/xml/bind/jaxb-impl/2.2.3-1/jaxb-impl-2.2.3-1.jar:/home/user/.m2/repository/javax/xml/bind/jaxb-api/2.2.2/jaxb-api-2.2.2.jar:/home/user/.m2/repository/javax/xml/stream/stax-api/1.0-2/stax-api-1.0-2.jar:/home/user/.m2/repository/javax/activation/activation/1.1/activation-1.1.jar:/home/user/.m2/repository/org/codehaus/jackson/jackson-core-asl/1.9.2/jackson-core-asl-1.9.2.jar:/home/user/.m2/repository/org/codehaus/jackson/jackson-mapper-asl/1.9.2/jackson-mapper-asl-1.9.2.jar:/home/user/.m2/repository/org/codehaus/jackson/jackson-jaxrs/1.9.2/jackson-jaxrs-1.9.2.jar:/home/user/.m2/repository/org/codehaus/jackson/jackson-xc/1.9.2/jackson-xc-1.9.2.jar:/home/user/.m2/repository/com/sun/jersey/jersey-server/1.19/jersey-server-1.19.jar:/home/user/.m2/repository/commons-logging/commons-logging/1.1.3/commons-logging-1.1.3.jar:/home/user/.m2/repository/commons-lang/commons-lang/2.6/commons-lang-2.6.jar:/home/user/.m2/repository/commons-beanutils/commons-beanutils/1.9.3/commons-beanutils-1.9.3.jar:/home/user/.m2/repository/org/apache/commons/commons-configuration2/2.1.1/commons-configuration2-2.1.1.jar:/home/user/.m2/repository/org/apache/avro/avro/1.7.7/avro-1.7.7.jar:/home/user/.m2/repository/com/thoughtworks/paranamer/paranamer/2.3/paranamer-2.3.jar:/home/user/.m2/repository/org/xerial/snappy/snappy-java/1.0.5/snappy-java-1.0.5.jar:/home/user/.m2/repository/com/google/re2j/re2j/1.1/re2j-1.1.jar:/home/user/.m2/repository/com/google/protobuf/protobuf-java/2.5.0/protobuf-java-2.5.0.jar:/home/user/.m2/repository/com/google/code/gson/gson/2.2.4/gson-2.2.4.jar:/home/user/.m2/repository/org/apache/hadoop/hadoop-auth/3.1.1/hadoop-auth-3.1.1.jar:/home/user/.m2/repository/com/nimbusds/nimbus-jose-jwt/4.41.1/nimbus-jose-jwt-4.41.1.jar:/home/user/.m2/repository/com/github/stephenc/jcip/jcip-annotations/1.0-1/jcip-annotations-1.0-1.jar:/home/user/.m2/repository/net/minidev/json-smart/2.3/json-smart-2.3.jar:/home/user/.m2/repository/net/minidev/accessors-smart/1.2/accessors-smart-1.2.jar:/home/user/.m2/repository/org/ow2/asm/asm/5.0.4/asm-5.0.4.jar:/home/user/.m2/repository/org/apache/curator/curator-framework/2.12.0/curator-framework-2.12.0.jar:/home/user/.m2/repository/com/jcraft/jsch/0.1.54/jsch-0.1.54.jar:/home/user/.m2/repository/org/apache/curator/curator-client/2.12.0/curator-client-2.12.0.jar:/home/user/.m2/repository/org/apache/curator/curator-recipes/2.12.0/curator-recipes-2.12.0.jar:/home/user/.m2/repository/com/google/code/findbugs/jsr305/3.0.0/jsr305-3.0.0.jar:/home/user/.m2/repository/org/apache/htrace/htrace-core4/4.1.0-incubating/htrace-core4-4.1.0-incubating.jar:/home/user/.m2/repository/org/apache/zookeeper/zookeeper/3.4.9/zookeeper-3.4.9.jar:/home/user/.m2/repository/jline/jline/0.9.94/jline-0.9.94.jar:/home/user/.m2/repository/io/netty/netty/3.10.5.Final/netty-3.10.5.Final.jar:/home/user/.m2/repository/org/apache/commons/commons-compress/1.4.1/commons-compress-1.4.1.jar:/home/user/.m2/repository/org/tukaani/xz/1.0/xz-1.0.jar:/home/user/.m2/repository/org/apache/kerby/kerb-simplekdc/1.0.1/kerb-simplekdc-1.0.1.jar:/home/user/.m2/repository/org/apache/kerby/kerb-client/1.0.1/kerb-client-1.0.1.jar:/home/user/.m2/repository/org/apache/kerby/kerby-config/1.0.1/kerby-config-1.0.1.jar:/home/user/.m2/repository/org/apache/kerby/kerb-core/1.0.1/kerb-core-1.0.1.jar:/home/user/.m2/repository/org/apache/kerby/kerby-pkix/1.0.1/kerby-pkix-1.0.1.jar:/home/user/.m2/repository/org/apache/kerby/kerby-asn1/1.0.1/kerby-asn1-1.0.1.jar:/home/user/.m2/repository/org/apache/kerby/kerby-util/1.0.1/kerby-util-1.0.1.jar:/home/user/.m2/repository/org/apache/kerby/kerb-common/1.0.1/kerb-common-1.0.1.jar:/home/user/.m2/repository/org/apache/kerby/kerb-crypto/1.0.1/kerb-crypto-1.0.1.jar:/home/user/.m2/repository/org/apache/kerby/kerb-util/1.0.1/kerb-util-1.0.1.jar:/home/user/.m2/repository/org/apache/kerby/token-provider/1.0.1/token-provider-1.0.1.jar:/home/user/.m2/repository/org/apache/kerby/kerb-admin/1.0.1/kerb-admin-1.0.1.jar:/home/user/.m2/repository/org/apache/kerby/kerb-server/1.0.1/kerb-server-1.0.1.jar:/home/user/.m2/repository/org/apache/kerby/kerb-identity/1.0.1/kerb-identity-1.0.1.jar:/home/user/.m2/repository/org/apache/kerby/kerby-xdr/1.0.1/kerby-xdr-1.0.1.jar:/home/user/.m2/repository/com/fasterxml/jackson/core/jackson-databind/2.7.8/jackson-databind-2.7.8.jar:/home/user/.m2/repository/com/fasterxml/jackson/core/jackson-annotations/2.7.0/jackson-annotations-2.7.0.jar:/home/user/.m2/repository/com/fasterxml/jackson/core/jackson-core/2.7.8/jackson-core-2.7.8.jar:/home/user/.m2/repository/org/codehaus/woodstox/stax2-api/3.1.4/stax2-api-3.1.4.jar:/home/user/.m2/repository/com/fasterxml/woodstox/woodstox-core/5.0.3/woodstox-core-5.0.3.jar:/home/user/.m2/repository/com/google/guava/guava/11.0.2/guava-11.0.2.jar:/workdir/ratis-hadoop/target/test-classes:/home/user/.m2/repository/org/apache/ratis/ratis-thirdparty-hadoop/0.2.0/ratis-thirdparty-hadoop-0.2.0.jar:/workdir/ratis-grpc/target/classes:/workdir/ratis-grpc/target/test-classes:/workdir/ratis-netty/target/classes:/workdir/ratis-netty/target/test-classes:/home/user/.m2/repository/com/beust/jcommander/1.72/jcommander-1.72.jar:/home/user/.m2/repository/org/slf4j/slf4j-api/1.7.10/slf4j-api-1.7.10.jar:/home/user/.m2/repository/junit/junit/4.12/junit-4.12.jar:/home/user/.m2/repository/org/hamcrest/hamcrest-core/1.3/hamcrest-core-1.3.jar:/home/user/.m2/repository/org/mockito/mockito-all/1.8.5/mockito-all-1.8.5.jar:"/>
    <property name="sun.cpu.endian" value="little"/>
    <property name="user.home" value="/home/user"/>
    <property name="user.language" value="en"/>
    <property name="java.specification.vendor" value="Oracle Corporation"/>
    <property name="java.home" value="/usr/lib/jvm/java-1.8-openjdk/jre"/>
    <property name="basedir" value="/workdir/ratis-examples"/>
    <property name="file.separator" value="/"/>
    <property name="line.separator" value="&#10;"/>
    <property name="java.vm.specification.vendor" value="Oracle Corporation"/>
    <property name="java.specification.name" value="Java Platform API Specification"/>
    <property name="java.awt.graphicsenv" value="sun.awt.X11GraphicsEnvironment"/>
    <property name="surefire.real.class.path" value="/workdir/ratis-examples/target/surefire/surefirebooter790408391791495041.jar"/>
    <property name="sun.boot.class.path" value="/usr/lib/jvm/java-1.8-openjdk/jre/lib/resources.jar:/usr/lib/jvm/java-1.8-openjdk/jre/lib/rt.jar:/usr/lib/jvm/java-1.8-openjdk/jre/lib/sunrsasign.jar:/usr/lib/jvm/java-1.8-openjdk/jre/lib/jsse.jar:/usr/lib/jvm/java-1.8-openjdk/jre/lib/jce.jar:/usr/lib/jvm/java-1.8-openjdk/jre/lib/charsets.jar:/usr/lib/jvm/java-1.8-openjdk/jre/lib/jfr.jar:/usr/lib/jvm/java-1.8-openjdk/jre/classes"/>
    <property name="sun.management.compiler" value="HotSpot 64-Bit Tiered Compilers"/>
    <property name="java.runtime.version" value="1.8.0_212-b04"/>
    <property name="java.net.preferIPv4Stack" value="true"/>
    <property name="user.name" value="jenkins1000"/>
    <property name="path.separator" value=":"/>
    <property name="os.version" value="3.10.0-957.12.2.el7.x86_64"/>
    <property name="java.endorsed.dirs" value="/usr/lib/jvm/java-1.8-openjdk/jre/lib/endorsed"/>
    <property name="java.runtime.name" value="OpenJDK Runtime Environment"/>
    <property name="file.encoding" value="UTF-8"/>
    <property name="java.vm.name" value="OpenJDK 64-Bit Server VM"/>
    <property name="localRepository" value="/home/user/.m2/repository"/>
    <property name="java.vendor.url.bug" value="https://icedtea.classpath.org/bugzilla"/>
    <property name="java.io.tmpdir" value="/tmp"/>
    <property name="java.version" value="1.8.0_212"/>
    <property name="user.dir" value="/workdir/ratis-examples"/>
    <property name="os.arch" value="amd64"/>
    <property name="ratis.tmp.dir" value="/workdir/ratis-examples/target/tmp"/>
    <property name="java.vm.specification.name" value="Java Virtual Machine Specification"/>
    <property name="java.awt.printerjob" value="sun.print.PSPrinterJob"/>
    <property name="ratis.log.dir" value="/workdir/ratis-examples/target/log"/>
    <property name="sun.os.patch.level" value="unknown"/>
    <property name="java.library.path" value="/usr/lib/jvm/java-1.8-openjdk/jre/lib/amd64/server:/usr/lib/jvm/java-1.8-openjdk/jre/lib/amd64:/usr/lib/jvm/java-1.8-openjdk/jre/../lib/amd64:/usr/java/packages/lib/amd64:/usr/lib64:/lib64:/lib:/usr/lib"/>
    <property name="java.vm.info" value="mixed mode"/>
    <property name="java.vendor" value="IcedTea"/>
    <property name="java.vm.version" value="25.212-b04"/>
    <property name="java.ext.dirs" value="/usr/lib/jvm/java-1.8-openjdk/jre/lib/ext:/usr/java/packages/lib/ext"/>
    <property name="sun.io.unicode.encoding" value="UnicodeLittle"/>
    <property name="java.class.version" value="52.0"/>
  </properties>
  <testcase name="testFileStore" classname="org.apache.ratis.examples.filestore.TestFileStoreWithNetty" time="100.016">
    <error message="test timed out after 100 seconds" type="org.junit.runners.model.TestTimedOutException">org.junit.runners.model.TestTimedOutException: test timed out after 100 seconds
</error>
    <system-out><![CDATA[2019-09-26 14:04:19,801 INFO  util.LogUtils (LogUtils.java:setLogLevel(41)) - Set org.apache.ratis.conf.ConfUtils log level to WARN
2019-09-26 14:04:19,805 INFO  util.LogUtils (LogUtils.java:setLogLevel(41)) - Set org.apache.ratis.util.FileUtils log level to TRACE
2019-09-26 14:04:19,884 INFO  ratis.MiniRaftCluster (MiniRaftCluster.java:<init>(253)) - new MiniRaftClusterWithNetty with group-CE94C192A811:[s0:0.0.0.0:42472, s1:0.0.0.0:46526, s2:0.0.0.0:43413]
2019-09-26 14:04:19,885 INFO  ratis.MiniRaftCluster (MiniRaftCluster.java:start(287)) - .............................................................. 
2019-09-26 14:04:19,885 INFO  ratis.MiniRaftCluster (MiniRaftCluster.java:start(288)) - ... 
2019-09-26 14:04:19,885 INFO  ratis.MiniRaftCluster (MiniRaftCluster.java:start(289)) - ...     Starting MiniRaftClusterWithNetty
2019-09-26 14:04:19,885 INFO  ratis.MiniRaftCluster (MiniRaftCluster.java:start(290)) - ... 
2019-09-26 14:04:19,886 INFO  ratis.MiniRaftCluster (MiniRaftCluster.java:start(291)) - .............................................................. 
2019-09-26 14:04:19,886 INFO  ratis.MiniRaftCluster (MiniRaftCluster.java:initServers(265)) - servers = {}
2019-09-26 14:04:19,896 INFO  ratis.MiniRaftCluster (MiniRaftCluster.java:newRaftServer(330)) - newRaftServer: s0, group-CE94C192A811:[s0:0.0.0.0:42472, s1:0.0.0.0:46526, s2:0.0.0.0:43413], format? true
2019-09-26 14:04:19,896 TRACE util.FileUtils (FileUtils.java:deleteFully(88)) - deleteFully target/test/data/eae049c8/MiniRaftClusterWithNettya419cad2/s0
2019-09-26 14:04:19,903 TRACE util.FileUtils (FileUtils.java:deleteFully(104)) - deleteFully: target/test/data/eae049c8/MiniRaftClusterWithNettya419cad2/s0 does not exist.
2019-09-26 14:04:19,903 INFO  ratis.MiniRaftCluster (MiniRaftCluster.java:newRaftServer(335)) - Formatted directory target/test/data/eae049c8/MiniRaftClusterWithNettya419cad2/s0
2019-09-26 14:04:19,920 INFO  impl.RaftServerProxy (ConfUtils.java:logGet(43)) - raft.rpc.type = NETTY (custom)
2019-09-26 14:04:20,007 INFO  netty.NettyConfigKeys$Server (ConfUtils.java:logGet(43)) - raft.netty.server.port = 42472 (custom)
2019-09-26 14:04:20,109 INFO  server.RaftServerConfigKeys (ConfUtils.java:logGet(43)) - raft.server.storage.dir = [/workdir/ratis-examples/target/test/data/eae049c8/MiniRaftClusterWithNettya419cad2/s0] (custom)
2019-09-26 14:04:20,122 INFO  logging.LoggingHandler (AbstractInternalLogger.java:log(150)) - [id: 0x575642e0] REGISTERED
2019-09-26 14:04:20,122 INFO  impl.RaftServerProxy (RaftServerProxy.java:addNew(89)) - s0: addNew group-CE94C192A811:[s0:0.0.0.0:42472, s1:0.0.0.0:46526, s2:0.0.0.0:43413] returns group-CE94C192A811:java.util.concurrent.CompletableFuture@ca2f890[Not completed]
2019-09-26 14:04:20,124 INFO  logging.LoggingHandler (AbstractInternalLogger.java:log(150)) - [id: 0x575642e0] BIND: 0.0.0.0/0.0.0.0:42472
2019-09-26 14:04:20,129 INFO  logging.LoggingHandler (AbstractInternalLogger.java:log(150)) - [id: 0x575642e0, L:/0.0.0.0:42472] ACTIVE
2019-09-26 14:04:20,130 INFO  ratis.MiniRaftCluster (MiniRaftCluster.java:newRaftServer(330)) - newRaftServer: s1, group-CE94C192A811:[s0:0.0.0.0:42472, s1:0.0.0.0:46526, s2:0.0.0.0:43413], format? true
2019-09-26 14:04:20,130 TRACE util.FileUtils (FileUtils.java:deleteFully(88)) - deleteFully target/test/data/eae049c8/MiniRaftClusterWithNettya419cad2/s1
2019-09-26 14:04:20,131 TRACE util.FileUtils (FileUtils.java:deleteFully(104)) - deleteFully: target/test/data/eae049c8/MiniRaftClusterWithNettya419cad2/s1 does not exist.
2019-09-26 14:04:20,131 INFO  ratis.MiniRaftCluster (MiniRaftCluster.java:newRaftServer(335)) - Formatted directory target/test/data/eae049c8/MiniRaftClusterWithNettya419cad2/s1
2019-09-26 14:04:20,131 INFO  impl.RaftServerProxy (ConfUtils.java:logGet(43)) - raft.rpc.type = NETTY (custom)
2019-09-26 14:04:20,133 INFO  netty.NettyConfigKeys$Server (ConfUtils.java:logGet(43)) - raft.netty.server.port = 46526 (custom)
2019-09-26 14:04:20,134 INFO  server.RaftServerConfigKeys (ConfUtils.java:logGet(43)) - raft.server.storage.dir = [/workdir/ratis-examples/target/test/data/eae049c8/MiniRaftClusterWithNettya419cad2/s1] (custom)
2019-09-26 14:04:20,134 INFO  logging.LoggingHandler (AbstractInternalLogger.java:log(150)) - [id: 0xa8da4eba] REGISTERED
2019-09-26 14:04:20,134 INFO  impl.RaftServerProxy (RaftServerProxy.java:addNew(89)) - s1: addNew group-CE94C192A811:[s0:0.0.0.0:42472, s1:0.0.0.0:46526, s2:0.0.0.0:43413] returns group-CE94C192A811:java.util.concurrent.CompletableFuture@2e76221d[Not completed]
2019-09-26 14:04:20,134 INFO  logging.LoggingHandler (AbstractInternalLogger.java:log(150)) - [id: 0xa8da4eba] BIND: 0.0.0.0/0.0.0.0:46526
2019-09-26 14:04:20,135 INFO  logging.LoggingHandler (AbstractInternalLogger.java:log(150)) - [id: 0xa8da4eba, L:/0.0.0.0:46526] ACTIVE
2019-09-26 14:04:20,137 INFO  ratis.MiniRaftCluster (MiniRaftCluster.java:newRaftServer(330)) - newRaftServer: s2, group-CE94C192A811:[s0:0.0.0.0:42472, s1:0.0.0.0:46526, s2:0.0.0.0:43413], format? true
2019-09-26 14:04:20,137 TRACE util.FileUtils (FileUtils.java:deleteFully(88)) - deleteFully target/test/data/eae049c8/MiniRaftClusterWithNettya419cad2/s2
2019-09-26 14:04:20,137 TRACE util.FileUtils (FileUtils.java:deleteFully(104)) - deleteFully: target/test/data/eae049c8/MiniRaftClusterWithNettya419cad2/s2 does not exist.
2019-09-26 14:04:20,137 INFO  ratis.MiniRaftCluster (MiniRaftCluster.java:newRaftServer(335)) - Formatted directory target/test/data/eae049c8/MiniRaftClusterWithNettya419cad2/s2
2019-09-26 14:04:20,138 INFO  impl.RaftServerProxy (ConfUtils.java:logGet(43)) - raft.rpc.type = NETTY (custom)
2019-09-26 14:04:20,139 INFO  netty.NettyConfigKeys$Server (ConfUtils.java:logGet(43)) - raft.netty.server.port = 43413 (custom)
2019-09-26 14:04:20,139 INFO  statemachine.StateMachine (ConfUtils.java:logGet(43)) - example.filestore.statemachine.dir = /workdir/ratis-examples/target/test/data/eae049c8/TestFileStoreWithNetty/filestore (custom)
2019-09-26 14:04:20,139 INFO  statemachine.StateMachine (ConfUtils.java:logGet(43)) - example.filestore.statemachine.dir = /workdir/ratis-examples/target/test/data/eae049c8/TestFileStoreWithNetty/filestore (custom)
2019-09-26 14:04:20,140 INFO  logging.LoggingHandler (AbstractInternalLogger.java:log(150)) - [id: 0x4f77c562] REGISTERED
2019-09-26 14:04:20,140 INFO  server.RaftServerConfigKeys (ConfUtils.java:logGet(43)) - raft.server.storage.dir = [/workdir/ratis-examples/target/test/data/eae049c8/MiniRaftClusterWithNettya419cad2/s2] (custom)
2019-09-26 14:04:20,140 INFO  logging.LoggingHandler (AbstractInternalLogger.java:log(150)) - [id: 0x4f77c562] BIND: 0.0.0.0/0.0.0.0:43413
2019-09-26 14:04:20,141 INFO  impl.RaftServerProxy (RaftServerProxy.java:addNew(89)) - s2: addNew group-CE94C192A811:[s0:0.0.0.0:42472, s1:0.0.0.0:46526, s2:0.0.0.0:43413] returns group-CE94C192A811:java.util.concurrent.CompletableFuture@191ae3c9[Not completed]
2019-09-26 14:04:20,141 INFO  logging.LoggingHandler (AbstractInternalLogger.java:log(150)) - [id: 0x4f77c562, L:/0.0.0.0:43413] ACTIVE
2019-09-26 14:04:20,142 INFO  statemachine.StateMachine (ConfUtils.java:logGet(43)) - example.filestore.statemachine.dir = /workdir/ratis-examples/target/test/data/eae049c8/TestFileStoreWithNetty/filestore (custom)
2019-09-26 14:04:20,146 INFO  impl.RaftServerImpl (RaftServerImpl.java:<init>(95)) - s2: new RaftServerImpl for group-CE94C192A811:[s0:0.0.0.0:42472, s1:0.0.0.0:46526, s2:0.0.0.0:43413] with FileStoreStateMachine:uninitialized
2019-09-26 14:04:20,146 INFO  impl.RaftServerImpl (RaftServerImpl.java:<init>(95)) - s0: new RaftServerImpl for group-CE94C192A811:[s0:0.0.0.0:42472, s1:0.0.0.0:46526, s2:0.0.0.0:43413] with FileStoreStateMachine:uninitialized
2019-09-26 14:04:20,146 INFO  impl.RaftServerImpl (RaftServerImpl.java:<init>(95)) - s1: new RaftServerImpl for group-CE94C192A811:[s0:0.0.0.0:42472, s1:0.0.0.0:46526, s2:0.0.0.0:43413] with FileStoreStateMachine:uninitialized
2019-09-26 14:04:20,155 INFO  server.RaftServerConfigKeys (ConfUtils.java:logGet(43)) - raft.server.rpc.timeout.min = 150ms (default)
2019-09-26 14:04:20,155 INFO  server.RaftServerConfigKeys (ConfUtils.java:logGet(43)) - raft.server.rpc.timeout.min = 150ms (default)
2019-09-26 14:04:20,155 INFO  server.RaftServerConfigKeys (ConfUtils.java:logGet(43)) - raft.server.rpc.timeout.min = 150ms (default)
2019-09-26 14:04:20,157 INFO  server.RaftServerConfigKeys (ConfUtils.java:logGet(43)) - raft.server.rpc.timeout.max = 300ms (default)
2019-09-26 14:04:20,157 INFO  server.RaftServerConfigKeys (ConfUtils.java:logGet(43)) - raft.server.rpc.timeout.max = 300ms (default)
2019-09-26 14:04:20,157 INFO  server.RaftServerConfigKeys (ConfUtils.java:logGet(43)) - raft.server.rpc.timeout.max = 300ms (default)
2019-09-26 14:04:20,157 INFO  server.RaftServerConfigKeys (ConfUtils.java:logGet(43)) - raft.server.rpcslowness.timeout = 60s (default)
2019-09-26 14:04:20,158 INFO  server.RaftServerConfigKeys (ConfUtils.java:logGet(43)) - raft.server.rpcslowness.timeout = 60s (default)
2019-09-26 14:04:20,157 INFO  server.RaftServerConfigKeys (ConfUtils.java:logGet(43)) - raft.server.rpcslowness.timeout = 60s (default)
2019-09-26 14:04:20,159 INFO  server.RaftServerConfigKeys (ConfUtils.java:logGet(43)) - raft.server.sleep.deviation.threshold = 300 (default)
2019-09-26 14:04:20,159 INFO  server.RaftServerConfigKeys (ConfUtils.java:logGet(43)) - raft.server.sleep.deviation.threshold = 300 (default)
2019-09-26 14:04:20,159 INFO  server.RaftServerConfigKeys (ConfUtils.java:logGet(43)) - raft.server.sleep.deviation.threshold = 300 (default)
2019-09-26 14:04:20,162 INFO  server.RaftServerConfigKeys (ConfUtils.java:logGet(43)) - raft.server.log.appender.install.snapshot.enabled = true (default)
2019-09-26 14:04:20,162 INFO  server.RaftServerConfigKeys (ConfUtils.java:logGet(43)) - raft.server.log.appender.install.snapshot.enabled = true (default)
2019-09-26 14:04:20,162 INFO  server.RaftServerConfigKeys (ConfUtils.java:logGet(43)) - raft.server.log.appender.install.snapshot.enabled = true (default)
2019-09-26 14:04:20,170 INFO  impl.RaftServerImpl (ServerState.java:<init>(103)) - s0@group-CE94C192A811: ConfigurationManager, init=-1: [s0:0.0.0.0:42472, s1:0.0.0.0:46526, s2:0.0.0.0:43413], old=null, confs=<EMPTY_MAP>
2019-09-26 14:04:20,170 INFO  impl.RaftServerImpl (ServerState.java:<init>(103)) - s1@group-CE94C192A811: ConfigurationManager, init=-1: [s0:0.0.0.0:42472, s1:0.0.0.0:46526, s2:0.0.0.0:43413], old=null, confs=<EMPTY_MAP>
2019-09-26 14:04:20,170 INFO  impl.RaftServerImpl (ServerState.java:<init>(103)) - s2@group-CE94C192A811: ConfigurationManager, init=-1: [s0:0.0.0.0:42472, s1:0.0.0.0:46526, s2:0.0.0.0:43413], old=null, confs=<EMPTY_MAP>
2019-09-26 14:04:20,171 INFO  server.RaftServerConfigKeys (ConfUtils.java:logGet(43)) - raft.server.storage.dir = [/workdir/ratis-examples/target/test/data/eae049c8/MiniRaftClusterWithNettya419cad2/s0] (custom)
2019-09-26 14:04:20,171 INFO  server.RaftServerConfigKeys (ConfUtils.java:logGet(43)) - raft.server.storage.dir = [/workdir/ratis-examples/target/test/data/eae049c8/MiniRaftClusterWithNettya419cad2/s1] (custom)
2019-09-26 14:04:20,171 INFO  server.RaftServerConfigKeys (ConfUtils.java:logGet(43)) - raft.server.storage.dir = [/workdir/ratis-examples/target/test/data/eae049c8/MiniRaftClusterWithNettya419cad2/s2] (custom)
2019-09-26 14:04:20,181 INFO  server.RaftServerConfigKeys (ConfUtils.java:logGet(43)) - raft.server.log.corruption.policy = EXCEPTION (default)
2019-09-26 14:04:20,181 INFO  server.RaftServerConfigKeys (ConfUtils.java:logGet(43)) - raft.server.log.corruption.policy = EXCEPTION (default)
2019-09-26 14:04:20,181 INFO  server.RaftServerConfigKeys (ConfUtils.java:logGet(43)) - raft.server.log.corruption.policy = EXCEPTION (default)
2019-09-26 14:04:20,182 INFO  storage.RaftStorageDirectory (RaftStorageDirectory.java:analyzeStorage(246)) - The storage directory /workdir/ratis-examples/target/test/data/eae049c8/MiniRaftClusterWithNettya419cad2/s0/5f970ae6-5479-4b6f-b4ea-ce94c192a811 does not exist. Creating ...
2019-09-26 14:04:20,183 INFO  storage.RaftStorageDirectory (RaftStorageDirectory.java:analyzeStorage(246)) - The storage directory /workdir/ratis-examples/target/test/data/eae049c8/MiniRaftClusterWithNettya419cad2/s1/5f970ae6-5479-4b6f-b4ea-ce94c192a811 does not exist. Creating ...
2019-09-26 14:04:20,183 INFO  storage.RaftStorageDirectory (RaftStorageDirectory.java:analyzeStorage(246)) - The storage directory /workdir/ratis-examples/target/test/data/eae049c8/MiniRaftClusterWithNettya419cad2/s2/5f970ae6-5479-4b6f-b4ea-ce94c192a811 does not exist. Creating ...
2019-09-26 14:04:20,186 TRACE util.FileUtils (LogUtils.java:runAndLog(61)) - Successfully ran Files.createDirectories /workdir/ratis-examples/target/test/data/eae049c8/MiniRaftClusterWithNettya419cad2/s0/5f970ae6-5479-4b6f-b4ea-ce94c192a811
2019-09-26 14:04:20,186 TRACE util.FileUtils (LogUtils.java:runAndLog(61)) - Successfully ran Files.createDirectories /workdir/ratis-examples/target/test/data/eae049c8/MiniRaftClusterWithNettya419cad2/s1/5f970ae6-5479-4b6f-b4ea-ce94c192a811
2019-09-26 14:04:20,186 TRACE util.FileUtils (LogUtils.java:runAndLog(61)) - Successfully ran Files.createDirectories /workdir/ratis-examples/target/test/data/eae049c8/MiniRaftClusterWithNettya419cad2/s2/5f970ae6-5479-4b6f-b4ea-ce94c192a811
2019-09-26 14:04:20,216 INFO  storage.RaftStorageDirectory (RaftStorageDirectory.java:tryLock(328)) - Lock on /workdir/ratis-examples/target/test/data/eae049c8/MiniRaftClusterWithNettya419cad2/s2/5f970ae6-5479-4b6f-b4ea-ce94c192a811/in_use.lock acquired by nodename 21600@ratis-test-vpfcj-1787858657
2019-09-26 14:04:20,216 INFO  storage.RaftStorageDirectory (RaftStorageDirectory.java:tryLock(328)) - Lock on /workdir/ratis-examples/target/test/data/eae049c8/MiniRaftClusterWithNettya419cad2/s1/5f970ae6-5479-4b6f-b4ea-ce94c192a811/in_use.lock acquired by nodename 21600@ratis-test-vpfcj-1787858657
2019-09-26 14:04:20,216 INFO  storage.RaftStorageDirectory (RaftStorageDirectory.java:tryLock(328)) - Lock on /workdir/ratis-examples/target/test/data/eae049c8/MiniRaftClusterWithNettya419cad2/s0/5f970ae6-5479-4b6f-b4ea-ce94c192a811/in_use.lock acquired by nodename 21600@ratis-test-vpfcj-1787858657
2019-09-26 14:04:20,217 TRACE util.FileUtils (LogUtils.java:runAndLog(61)) - Successfully ran Files.createDirectories /workdir/ratis-examples/target/test/data/eae049c8/MiniRaftClusterWithNettya419cad2/s2/5f970ae6-5479-4b6f-b4ea-ce94c192a811/current
2019-09-26 14:04:20,217 TRACE util.FileUtils (LogUtils.java:runAndLog(61)) - Successfully ran Files.createDirectories /workdir/ratis-examples/target/test/data/eae049c8/MiniRaftClusterWithNettya419cad2/s1/5f970ae6-5479-4b6f-b4ea-ce94c192a811/current
2019-09-26 14:04:20,217 TRACE util.FileUtils (LogUtils.java:runAndLog(61)) - Successfully ran Files.createDirectories /workdir/ratis-examples/target/test/data/eae049c8/MiniRaftClusterWithNettya419cad2/s0/5f970ae6-5479-4b6f-b4ea-ce94c192a811/current
2019-09-26 14:04:20,218 TRACE util.FileUtils (LogUtils.java:runAndLog(61)) - Successfully ran Files.createDirectories /workdir/ratis-examples/target/test/data/eae049c8/MiniRaftClusterWithNettya419cad2/s1/5f970ae6-5479-4b6f-b4ea-ce94c192a811/sm
2019-09-26 14:04:20,218 TRACE util.FileUtils (LogUtils.java:runAndLog(61)) - Successfully ran Files.createDirectories /workdir/ratis-examples/target/test/data/eae049c8/MiniRaftClusterWithNettya419cad2/s2/5f970ae6-5479-4b6f-b4ea-ce94c192a811/sm
2019-09-26 14:04:20,218 TRACE util.FileUtils (LogUtils.java:runAndLog(61)) - Successfully ran Files.createDirectories /workdir/ratis-examples/target/test/data/eae049c8/MiniRaftClusterWithNettya419cad2/s0/5f970ae6-5479-4b6f-b4ea-ce94c192a811/sm
2019-09-26 14:04:20,249 INFO  storage.RaftStorage (RaftStorage.java:format(84)) - Storage directory /workdir/ratis-examples/target/test/data/eae049c8/MiniRaftClusterWithNettya419cad2/s2/5f970ae6-5479-4b6f-b4ea-ce94c192a811 has been successfully formatted.
2019-09-26 14:04:20,249 INFO  storage.RaftStorage (RaftStorage.java:format(84)) - Storage directory /workdir/ratis-examples/target/test/data/eae049c8/MiniRaftClusterWithNettya419cad2/s1/5f970ae6-5479-4b6f-b4ea-ce94c192a811 has been successfully formatted.
2019-09-26 14:04:20,249 INFO  storage.RaftStorage (RaftStorage.java:format(84)) - Storage directory /workdir/ratis-examples/target/test/data/eae049c8/MiniRaftClusterWithNettya419cad2/s0/5f970ae6-5479-4b6f-b4ea-ce94c192a811 has been successfully formatted.
2019-09-26 14:04:20,253 TRACE util.FileUtils (LogUtils.java:runAndLog(61)) - Successfully ran Files.createDirectories /workdir/ratis-examples/target/test/data/eae049c8/TestFileStoreWithNetty/filestore/s2
2019-09-26 14:04:20,253 TRACE util.FileUtils (LogUtils.java:runAndLog(61)) - Successfully ran Files.createDirectories /workdir/ratis-examples/target/test/data/eae049c8/TestFileStoreWithNetty/filestore/s0
2019-09-26 14:04:20,253 TRACE util.FileUtils (LogUtils.java:runAndLog(61)) - Successfully ran Files.createDirectories /workdir/ratis-examples/target/test/data/eae049c8/TestFileStoreWithNetty/filestore/s1
2019-09-26 14:04:20,254 INFO  server.RaftServerConfigKeys (ConfUtils.java:logGet(43)) - raft.server.notification.no-leader.timeout = 60s (default)
2019-09-26 14:04:20,254 INFO  server.RaftServerConfigKeys (ConfUtils.java:logGet(43)) - raft.server.notification.no-leader.timeout = 60s (default)
2019-09-26 14:04:20,254 INFO  server.RaftServerConfigKeys (ConfUtils.java:logGet(43)) - raft.server.notification.no-leader.timeout = 60s (default)
2019-09-26 14:04:20,256 INFO  server.RaftServerConfigKeys (ConfUtils.java:logGet(43)) - raft.server.log.use.memory = false (default)
2019-09-26 14:04:20,256 INFO  server.RaftServerConfigKeys (ConfUtils.java:logGet(43)) - raft.server.log.use.memory = false (default)
2019-09-26 14:04:20,256 INFO  server.RaftServerConfigKeys (ConfUtils.java:logGet(43)) - raft.server.log.use.memory = false (default)
2019-09-26 14:04:20,261 INFO  server.RaftServerConfigKeys (ConfUtils.java:logGet(43)) - raft.server.log.purge.gap = 1024 (default)
2019-09-26 14:04:20,261 INFO  server.RaftServerConfigKeys (ConfUtils.java:logGet(43)) - raft.server.log.purge.gap = 1024 (default)
2019-09-26 14:04:20,261 INFO  server.RaftServerConfigKeys (ConfUtils.java:logGet(43)) - raft.server.log.purge.gap = 1024 (default)
2019-09-26 14:04:20,262 INFO  server.RaftServerConfigKeys (ConfUtils.java:logGet(43)) - raft.server.log.appender.buffer.byte-limit = 4MB (=4194304) (default)
2019-09-26 14:04:20,262 INFO  server.RaftServerConfigKeys (ConfUtils.java:logGet(43)) - raft.server.log.appender.buffer.byte-limit = 4MB (=4194304) (default)
2019-09-26 14:04:20,262 INFO  server.RaftServerConfigKeys (ConfUtils.java:logGet(43)) - raft.server.log.appender.buffer.byte-limit = 4MB (=4194304) (default)
2019-09-26 14:04:20,265 INFO  server.RaftServerConfigKeys (ConfUtils.java:logGet(43)) - raft.server.log.segment.size.max = 8MB (=8388608) (default)
2019-09-26 14:04:20,265 INFO  server.RaftServerConfigKeys (ConfUtils.java:logGet(43)) - raft.server.log.segment.size.max = 8MB (=8388608) (default)
2019-09-26 14:04:20,265 INFO  server.RaftServerConfigKeys (ConfUtils.java:logGet(43)) - raft.server.log.segment.size.max = 8MB (=8388608) (default)
2019-09-26 14:04:20,268 INFO  server.RaftServerConfigKeys (ConfUtils.java:logGet(43)) - raft.server.log.segment.cache.num.max = 6 (default)
2019-09-26 14:04:20,268 INFO  server.RaftServerConfigKeys (ConfUtils.java:logGet(43)) - raft.server.log.segment.cache.num.max = 6 (default)
2019-09-26 14:04:20,269 INFO  server.RaftServerConfigKeys (ConfUtils.java:logGet(43)) - raft.server.log.segment.cache.num.max = 6 (default)
2019-09-26 14:04:20,273 INFO  segmented.SegmentedRaftLogWorker (SegmentedRaftLogWorker.java:<init>(172)) - new s1@group-CE94C192A811-SegmentedRaftLogWorker for RaftStorage:Storage Directory /workdir/ratis-examples/target/test/data/eae049c8/MiniRaftClusterWithNettya419cad2/s1/5f970ae6-5479-4b6f-b4ea-ce94c192a811
2019-09-26 14:04:20,273 INFO  segmented.SegmentedRaftLogWorker (SegmentedRaftLogWorker.java:<init>(172)) - new s0@group-CE94C192A811-SegmentedRaftLogWorker for RaftStorage:Storage Directory /workdir/ratis-examples/target/test/data/eae049c8/MiniRaftClusterWithNettya419cad2/s0/5f970ae6-5479-4b6f-b4ea-ce94c192a811
2019-09-26 14:04:20,273 INFO  segmented.SegmentedRaftLogWorker (SegmentedRaftLogWorker.java:<init>(172)) - new s2@group-CE94C192A811-SegmentedRaftLogWorker for RaftStorage:Storage Directory /workdir/ratis-examples/target/test/data/eae049c8/MiniRaftClusterWithNettya419cad2/s2/5f970ae6-5479-4b6f-b4ea-ce94c192a811
2019-09-26 14:04:20,460 INFO  beanutils.FluentPropertyBeanIntrospector (FluentPropertyBeanIntrospector.java:introspect(147)) - Error when creating PropertyDescriptor for public final void org.apache.commons.configuration2.AbstractConfiguration.setProperty(java.lang.String,java.lang.Object)! Ignoring this property.
2019-09-26 14:04:20,481 WARN  impl.MetricsConfig (MetricsConfig.java:loadFirst(134)) - Cannot locate configuration: tried hadoop-metrics2-ratis.properties,hadoop-metrics2.properties
2019-09-26 14:04:20,582 INFO  impl.MetricsSystemImpl (MetricsSystemImpl.java:startTimer(374)) - Scheduled Metric snapshot period at 10 second(s).
2019-09-26 14:04:20,582 INFO  impl.MetricsSystemImpl (MetricsSystemImpl.java:start(191)) - ratis metrics system started
2019-09-26 14:04:20,588 INFO  metrics.MetricRegistries (MetricRegistriesLoader.java:load(64)) - Loaded MetricRegistries class org.apache.ratis.metrics.impl.MetricRegistriesImpl
2019-09-26 14:04:20,622 INFO  server.RaftServerConfigKeys (ConfUtils.java:logGet(43)) - raft.server.log.queue.byte-limit = 64MB (=67108864) (default)
2019-09-26 14:04:20,622 INFO  server.RaftServerConfigKeys (ConfUtils.java:logGet(43)) - raft.server.log.queue.element-limit = 4096 (default)
2019-09-26 14:04:20,624 INFO  server.RaftServerConfigKeys (ConfUtils.java:logGet(43)) - raft.server.log.queue.byte-limit = 64MB (=67108864) (default)
2019-09-26 14:04:20,624 INFO  server.RaftServerConfigKeys (ConfUtils.java:logGet(43)) - raft.server.log.queue.byte-limit = 64MB (=67108864) (default)
2019-09-26 14:04:20,624 INFO  server.RaftServerConfigKeys (ConfUtils.java:logGet(43)) - raft.server.log.queue.element-limit = 4096 (default)
2019-09-26 14:04:20,624 INFO  server.RaftServerConfigKeys (ConfUtils.java:logGet(43)) - raft.server.log.queue.element-limit = 4096 (default)
2019-09-26 14:04:20,625 INFO  server.RaftServerConfigKeys (ConfUtils.java:logGet(43)) - raft.server.log.segment.size.max = 8MB (=8388608) (default)
2019-09-26 14:04:20,625 INFO  server.RaftServerConfigKeys (ConfUtils.java:logGet(43)) - raft.server.log.segment.size.max = 8MB (=8388608) (default)
2019-09-26 14:04:20,625 INFO  server.RaftServerConfigKeys (ConfUtils.java:logGet(43)) - raft.server.log.segment.size.max = 8MB (=8388608) (default)
2019-09-26 14:04:20,625 INFO  server.RaftServerConfigKeys (ConfUtils.java:logGet(43)) - raft.server.log.preallocated.size = 4MB (=4194304) (default)
2019-09-26 14:04:20,626 INFO  server.RaftServerConfigKeys (ConfUtils.java:logGet(43)) - raft.server.log.preallocated.size = 4MB (=4194304) (default)
2019-09-26 14:04:20,626 INFO  server.RaftServerConfigKeys (ConfUtils.java:logGet(43)) - raft.server.log.preallocated.size = 4MB (=4194304) (default)
2019-09-26 14:04:20,626 INFO  server.RaftServerConfigKeys (ConfUtils.java:logGet(43)) - raft.server.log.write.buffer.size = 64KB (=65536) (default)
2019-09-26 14:04:20,626 INFO  server.RaftServerConfigKeys (ConfUtils.java:logGet(43)) - raft.server.log.write.buffer.size = 64KB (=65536) (default)
2019-09-26 14:04:20,627 INFO  server.RaftServerConfigKeys (ConfUtils.java:logGet(43)) - raft.server.log.write.buffer.size = 64KB (=65536) (default)
2019-09-26 14:04:20,627 INFO  server.RaftServerConfigKeys (ConfUtils.java:logGet(43)) - raft.server.log.force.sync.num = 128 (default)
2019-09-26 14:04:20,627 INFO  server.RaftServerConfigKeys (ConfUtils.java:logGet(43)) - raft.server.log.force.sync.num = 128 (default)
2019-09-26 14:04:20,627 INFO  server.RaftServerConfigKeys (ConfUtils.java:logGet(43)) - raft.server.log.force.sync.num = 128 (default)
2019-09-26 14:04:20,628 INFO  server.RaftServerConfigKeys (ConfUtils.java:logGet(43)) - raft.server.log.statemachine.data.sync = true (default)
2019-09-26 14:04:20,628 INFO  server.RaftServerConfigKeys (ConfUtils.java:logGet(43)) - raft.server.log.statemachine.data.sync = true (default)
2019-09-26 14:04:20,628 INFO  server.RaftServerConfigKeys (ConfUtils.java:logGet(43)) - raft.server.log.statemachine.data.sync = true (default)
2019-09-26 14:04:20,628 INFO  server.RaftServerConfigKeys (ConfUtils.java:logGet(43)) - raft.server.log.statemachine.data.sync.timeout = 10s (default)
2019-09-26 14:04:20,629 INFO  server.RaftServerConfigKeys (ConfUtils.java:logGet(43)) - raft.server.log.statemachine.data.sync.timeout = 10s (default)
2019-09-26 14:04:20,629 INFO  server.RaftServerConfigKeys (ConfUtils.java:logGet(43)) - raft.server.log.statemachine.data.sync.timeout = 10s (default)
2019-09-26 14:04:20,629 INFO  server.RaftServerConfigKeys (ConfUtils.java:logGet(43)) - raft.server.log.statemachine.data.sync.timeout.retry = -1 (default)
2019-09-26 14:04:20,629 INFO  server.RaftServerConfigKeys (ConfUtils.java:logGet(43)) - raft.server.log.statemachine.data.sync.timeout.retry = -1 (default)
2019-09-26 14:04:20,630 INFO  server.RaftServerConfigKeys (ConfUtils.java:logGet(43)) - raft.server.log.statemachine.data.sync.timeout.retry = -1 (default)
2019-09-26 14:04:20,641 INFO  server.RaftServerConfigKeys (ConfUtils.java:logGet(43)) - raft.server.log.statemachine.data.caching.enabled = false (default)
2019-09-26 14:04:20,641 INFO  server.RaftServerConfigKeys (ConfUtils.java:logGet(43)) - raft.server.log.statemachine.data.caching.enabled = false (default)
2019-09-26 14:04:20,641 INFO  server.RaftServerConfigKeys (ConfUtils.java:logGet(43)) - raft.server.log.statemachine.data.caching.enabled = false (default)
2019-09-26 14:04:20,645 INFO  segmented.SegmentedRaftLogWorker (SegmentedRaftLogWorker.java:lambda$new$0(132)) - s1@group-CE94C192A811-SegmentedRaftLogWorker: flushIndex: setUnconditionally 0 -> -1
2019-09-26 14:04:20,646 INFO  segmented.SegmentedRaftLogWorker (SegmentedRaftLogWorker.java:lambda$new$0(132)) - s2@group-CE94C192A811-SegmentedRaftLogWorker: flushIndex: setUnconditionally 0 -> -1
2019-09-26 14:04:20,646 INFO  segmented.SegmentedRaftLogWorker (SegmentedRaftLogWorker.java:lambda$new$0(132)) - s0@group-CE94C192A811-SegmentedRaftLogWorker: flushIndex: setUnconditionally 0 -> -1
2019-09-26 14:04:20,650 INFO  server.RaftServerConfigKeys (ConfUtils.java:logGet(43)) - raft.server.snapshot.auto.trigger.enabled = false (default)
2019-09-26 14:04:20,650 INFO  server.RaftServerConfigKeys (ConfUtils.java:logGet(43)) - raft.server.snapshot.auto.trigger.enabled = false (default)
2019-09-26 14:04:20,650 INFO  server.RaftServerConfigKeys (ConfUtils.java:logGet(43)) - raft.server.snapshot.auto.trigger.enabled = false (default)
2019-09-26 14:04:20,651 INFO  server.RaftServerConfigKeys (ConfUtils.java:logGet(43)) - raft.server.snapshot.retention.file.num = -1 (default)
2019-09-26 14:04:20,651 INFO  server.RaftServerConfigKeys (ConfUtils.java:logGet(43)) - raft.server.snapshot.retention.file.num = -1 (default)
2019-09-26 14:04:20,651 INFO  server.RaftServerConfigKeys (ConfUtils.java:logGet(43)) - raft.server.snapshot.retention.file.num = -1 (default)
2019-09-26 14:04:20,652 INFO  server.RaftServerConfigKeys (ConfUtils.java:logGet(43)) - raft.server.retrycache.expirytime = 60s (default)
2019-09-26 14:04:20,652 INFO  server.RaftServerConfigKeys (ConfUtils.java:logGet(43)) - raft.server.retrycache.expirytime = 60s (default)
2019-09-26 14:04:20,652 INFO  server.RaftServerConfigKeys (ConfUtils.java:logGet(43)) - raft.server.retrycache.expirytime = 60s (default)
2019-09-26 14:04:20,681 INFO  impl.RaftServerImpl (RaftServerImpl.java:start(181)) - s0@group-CE94C192A811: start as a follower, conf=-1: [s0:0.0.0.0:42472, s1:0.0.0.0:46526, s2:0.0.0.0:43413], old=null
2019-09-26 14:04:20,684 INFO  impl.RaftServerImpl (RaftServerImpl.java:setRole(170)) - s0@group-CE94C192A811: changes role from      null to FOLLOWER at term 0 for startAsFollower
2019-09-26 14:04:20,685 INFO  impl.RoleInfo (RoleInfo.java:updateAndGet(143)) - s0: start FollowerState
2019-09-26 14:04:20,688 INFO  util.JmxRegister (JmxRegister.java:tryRegister(44)) - Successfully registered JMX Bean with object name Ratis:service=RaftServer,group=group-CE94C192A811,id=s0
2019-09-26 14:04:20,699 INFO  impl.RaftServerProxy (RaftServerProxy.java:lambda$start$3(299)) - s0: start RPC server
2019-09-26 14:04:20,700 INFO  impl.RaftServerImpl (RaftServerImpl.java:start(181)) - s1@group-CE94C192A811: start as a follower, conf=-1: [s0:0.0.0.0:42472, s1:0.0.0.0:46526, s2:0.0.0.0:43413], old=null
2019-09-26 14:04:20,700 INFO  impl.RaftServerImpl (RaftServerImpl.java:setRole(170)) - s1@group-CE94C192A811: changes role from      null to FOLLOWER at term 0 for startAsFollower
2019-09-26 14:04:20,700 INFO  impl.RoleInfo (RoleInfo.java:updateAndGet(143)) - s1: start FollowerState
2019-09-26 14:04:20,701 INFO  util.JmxRegister (JmxRegister.java:tryRegister(44)) - Successfully registered JMX Bean with object name Ratis:service=RaftServer,group=group-CE94C192A811,id=s1
2019-09-26 14:04:20,707 INFO  impl.RaftServerProxy (RaftServerProxy.java:lambda$start$3(299)) - s1: start RPC server
2019-09-26 14:04:20,708 INFO  impl.RaftServerImpl (RaftServerImpl.java:start(181)) - s2@group-CE94C192A811: start as a follower, conf=-1: [s0:0.0.0.0:42472, s1:0.0.0.0:46526, s2:0.0.0.0:43413], old=null
2019-09-26 14:04:20,708 INFO  impl.RaftServerImpl (RaftServerImpl.java:setRole(170)) - s2@group-CE94C192A811: changes role from      null to FOLLOWER at term 0 for startAsFollower
2019-09-26 14:04:20,708 INFO  impl.RoleInfo (RoleInfo.java:updateAndGet(143)) - s2: start FollowerState
2019-09-26 14:04:20,709 INFO  util.JmxRegister (JmxRegister.java:tryRegister(44)) - Successfully registered JMX Bean with object name Ratis:service=RaftServer,group=group-CE94C192A811,id=s2
2019-09-26 14:04:20,714 INFO  impl.RaftServerProxy (RaftServerProxy.java:lambda$start$3(299)) - s2: start RPC server
2019-09-26 14:04:20,718 INFO  server.RaftServerConfigKeys (ConfUtils.java:logGet(43)) - raft.server.rpc.timeout.max = 300ms (default)
2019-09-26 14:04:20,722 INFO  ratis.RaftTestUtil (RaftTestUtil.java:waitForLeader(86)) - printing ALL groups
  s0:  RUNNING  FOLLOWER s0@group-CE94C192A811:t0, leader=null, voted=null, raftlog=s0@group-CE94C192A811-SegmentedRaftLog:OPENED:c-1,f-1,i0, conf=-1: [s0:0.0.0.0:42472, s1:0.0.0.0:46526, s2:0.0.0.0:43413], old=null RUNNING
  s1:  RUNNING  FOLLOWER s1@group-CE94C192A811:t0, leader=null, voted=null, raftlog=s1@group-CE94C192A811-SegmentedRaftLog:OPENED:c-1,f-1,i0, conf=-1: [s0:0.0.0.0:42472, s1:0.0.0.0:46526, s2:0.0.0.0:43413], old=null RUNNING
  s2:  RUNNING  FOLLOWER s2@group-CE94C192A811:t0, leader=null, voted=null, raftlog=s2@group-CE94C192A811-SegmentedRaftLog:OPENED:c-1,f-1,i0, conf=-1: [s0:0.0.0.0:42472, s1:0.0.0.0:46526, s2:0.0.0.0:43413], old=null RUNNING
2019-09-26 14:04:20,728 WARN  ratis.RaftTestUtil (JavaUtils.java:attempt(158)) - FAILED "waitForLeader-null-(expectLeader? true)", attempt #1/100: java.lang.IllegalStateException: No leader yet : printing ALL groups
  s0:  RUNNING  FOLLOWER s0@group-CE94C192A811:t0, leader=null, voted=null, raftlog=s0@group-CE94C192A811-SegmentedRaftLog:OPENED:c-1,f-1,i0, conf=-1: [s0:0.0.0.0:42472, s1:0.0.0.0:46526, s2:0.0.0.0:43413], old=null RUNNING
  s1:  RUNNING  FOLLOWER s1@group-CE94C192A811:t0, leader=null, voted=null, raftlog=s1@group-CE94C192A811-SegmentedRaftLog:OPENED:c-1,f-1,i0, conf=-1: [s0:0.0.0.0:42472, s1:0.0.0.0:46526, s2:0.0.0.0:43413], old=null RUNNING
  s2:  RUNNING  FOLLOWER s2@group-CE94C192A811:t0, leader=null, voted=null, raftlog=s2@group-CE94C192A811-SegmentedRaftLog:OPENED:c-1,f-1,i0, conf=-1: [s0:0.0.0.0:42472, s1:0.0.0.0:46526, s2:0.0.0.0:43413], old=null RUNNING, sleep 450ms and then retry.
java.lang.IllegalStateException: No leader yet : printing ALL groups
  s0:  RUNNING  FOLLOWER s0@group-CE94C192A811:t0, leader=null, voted=null, raftlog=s0@group-CE94C192A811-SegmentedRaftLog:OPENED:c-1,f-1,i0, conf=-1: [s0:0.0.0.0:42472, s1:0.0.0.0:46526, s2:0.0.0.0:43413], old=null RUNNING
  s1:  RUNNING  FOLLOWER s1@group-CE94C192A811:t0, leader=null, voted=null, raftlog=s1@group-CE94C192A811-SegmentedRaftLog:OPENED:c-1,f-1,i0, conf=-1: [s0:0.0.0.0:42472, s1:0.0.0.0:46526, s2:0.0.0.0:43413], old=null RUNNING
  s2:  RUNNING  FOLLOWER s2@group-CE94C192A811:t0, leader=null, voted=null, raftlog=s2@group-CE94C192A811-SegmentedRaftLog:OPENED:c-1,f-1,i0, conf=-1: [s0:0.0.0.0:42472, s1:0.0.0.0:46526, s2:0.0.0.0:43413], old=null RUNNING
	at org.apache.ratis.MiniRaftCluster.newIllegalStateExceptionForNoLeaders(MiniRaftCluster.java:506)
	at org.apache.ratis.RaftTestUtil.lambda$waitForLeader$1(RaftTestUtil.java:90)
	at org.apache.ratis.MiniRaftCluster.getLeader(MiniRaftCluster.java:539)
	at org.apache.ratis.MiniRaftCluster.getLeader(MiniRaftCluster.java:532)
	at org.apache.ratis.RaftTestUtil.lambda$waitForLeader$3(RaftTestUtil.java:98)
	at org.apache.ratis.util.JavaUtils.attempt(JavaUtils.java:152)
	at org.apache.ratis.RaftTestUtil.waitForLeader(RaftTestUtil.java:97)
	at org.apache.ratis.RaftTestUtil.waitForLeader(RaftTestUtil.java:77)
	at org.apache.ratis.RaftTestUtil.waitForLeader(RaftTestUtil.java:72)
	at org.apache.ratis.examples.filestore.FileStoreBaseTest.testFileStore(FileStoreBaseTest.java:73)
	at sun.reflect.NativeMethodAccessorImpl.invoke0(Native Method)
	at sun.reflect.NativeMethodAccessorImpl.invoke(NativeMethodAccessorImpl.java:62)
	at sun.reflect.DelegatingMethodAccessorImpl.invoke(DelegatingMethodAccessorImpl.java:43)
	at java.lang.reflect.Method.invoke(Method.java:498)
	at org.junit.runners.model.FrameworkMethod$1.runReflectiveCall(FrameworkMethod.java:50)
	at org.junit.internal.runners.model.ReflectiveCallable.run(ReflectiveCallable.java:12)
	at org.junit.runners.model.FrameworkMethod.invokeExplosively(FrameworkMethod.java:47)
	at org.junit.internal.runners.statements.InvokeMethod.evaluate(InvokeMethod.java:17)
	at org.junit.internal.runners.statements.RunAfters.evaluate(RunAfters.java:27)
	at org.junit.internal.runners.statements.FailOnTimeout$CallableStatement.call(FailOnTimeout.java:298)
	at org.junit.internal.runners.statements.FailOnTimeout$CallableStatement.call(FailOnTimeout.java:292)
	at java.util.concurrent.FutureTask.run(FutureTask.java:266)
	at java.lang.Thread.run(Thread.java:748)
2019-09-26 14:04:20,912 INFO  impl.FollowerState (FollowerState.java:run(108)) - s0@group-CE94C192A811-FollowerState: change to CANDIDATE, lastRpcTime:227ms, electionTimeout:226ms
2019-09-26 14:04:20,915 INFO  impl.RoleInfo (RoleInfo.java:shutdownFollowerState(121)) - s0: shutdown FollowerState
2019-09-26 14:04:20,916 INFO  impl.RaftServerImpl (RaftServerImpl.java:setRole(170)) - s0@group-CE94C192A811: changes role from  FOLLOWER to CANDIDATE at term 0 for changeToCandidate
2019-09-26 14:04:20,920 INFO  impl.RoleInfo (RoleInfo.java:updateAndGet(143)) - s0: start LeaderElection
2019-09-26 14:04:20,924 INFO  impl.FollowerState (FollowerState.java:run(108)) - s2@group-CE94C192A811-FollowerState: change to CANDIDATE, lastRpcTime:215ms, electionTimeout:215ms
2019-09-26 14:04:20,924 INFO  impl.RoleInfo (RoleInfo.java:shutdownFollowerState(121)) - s2: shutdown FollowerState
2019-09-26 14:04:20,925 INFO  impl.RaftServerImpl (RaftServerImpl.java:setRole(170)) - s2@group-CE94C192A811: changes role from  FOLLOWER to CANDIDATE at term 0 for changeToCandidate
2019-09-26 14:04:20,925 INFO  impl.RoleInfo (RoleInfo.java:updateAndGet(143)) - s2: start LeaderElection
2019-09-26 14:04:20,947 INFO  impl.LeaderElection (LeaderElection.java:askForVotes(178)) - s0@group-CE94C192A811-LeaderElection1: begin an election at term 1 for -1: [s0:0.0.0.0:42472, s1:0.0.0.0:46526, s2:0.0.0.0:43413], old=null
2019-09-26 14:04:20,947 INFO  impl.LeaderElection (LeaderElection.java:askForVotes(178)) - s2@group-CE94C192A811-LeaderElection2: begin an election at term 1 for -1: [s0:0.0.0.0:42472, s1:0.0.0.0:46526, s2:0.0.0.0:43413], old=null
2019-09-26 14:04:20,951 INFO  impl.FollowerState (FollowerState.java:run(108)) - s1@group-CE94C192A811-FollowerState: change to CANDIDATE, lastRpcTime:250ms, electionTimeout:250ms
2019-09-26 14:04:20,951 INFO  impl.RoleInfo (RoleInfo.java:shutdownFollowerState(121)) - s1: shutdown FollowerState
2019-09-26 14:04:20,951 INFO  impl.RaftServerImpl (RaftServerImpl.java:setRole(170)) - s1@group-CE94C192A811: changes role from  FOLLOWER to CANDIDATE at term 0 for changeToCandidate
2019-09-26 14:04:20,952 INFO  impl.RoleInfo (RoleInfo.java:updateAndGet(143)) - s1: start LeaderElection
2019-09-26 14:04:20,978 INFO  impl.LeaderElection (LeaderElection.java:askForVotes(178)) - s1@group-CE94C192A811-LeaderElection3: begin an election at term 1 for -1: [s0:0.0.0.0:42472, s1:0.0.0.0:46526, s2:0.0.0.0:43413], old=null
2019-09-26 14:04:21,153 INFO  impl.LeaderElection (LeaderElection.java:logAndReturn(56)) - s0@group-CE94C192A811-LeaderElection1: Election TIMEOUT; received 0 response(s) [] and 0 exception(s); s0@group-CE94C192A811:t1, leader=null, voted=s0, raftlog=s0@group-CE94C192A811-SegmentedRaftLog:OPENED:c-1,f-1,i0, conf=-1: [s0:0.0.0.0:42472, s1:0.0.0.0:46526, s2:0.0.0.0:43413], old=null
2019-09-26 14:04:21,167 INFO  impl.LeaderElection (LeaderElection.java:askForVotes(178)) - s0@group-CE94C192A811-LeaderElection1: begin an election at term 2 for -1: [s0:0.0.0.0:42472, s1:0.0.0.0:46526, s2:0.0.0.0:43413], old=null
2019-09-26 14:04:21,176 INFO  logging.LoggingHandler (AbstractInternalLogger.java:log(150)) - [id: 0x575642e0, L:/0.0.0.0:42472] READ: [id: 0x05c2ebce, L:/192.168.151.68:42472 - R:/192.168.151.68:58410]
2019-09-26 14:04:21,176 INFO  logging.LoggingHandler (AbstractInternalLogger.java:log(150)) - [id: 0xa8da4eba, L:/0.0.0.0:46526] READ: [id: 0x0fd2b251, L:/192.168.151.68:46526 - R:/192.168.151.68:56258]
2019-09-26 14:04:21,176 INFO  logging.LoggingHandler (AbstractInternalLogger.java:log(150)) - [id: 0x4f77c562, L:/0.0.0.0:43413] READ: [id: 0x21d70559, L:/192.168.151.68:43413 - R:/192.168.151.68:52452]
2019-09-26 14:04:21,177 INFO  logging.LoggingHandler (AbstractInternalLogger.java:log(150)) - [id: 0x575642e0, L:/0.0.0.0:42472] READ COMPLETE
2019-09-26 14:04:21,177 INFO  logging.LoggingHandler (AbstractInternalLogger.java:log(150)) - [id: 0x4f77c562, L:/0.0.0.0:43413] READ COMPLETE
2019-09-26 14:04:21,177 INFO  logging.LoggingHandler (AbstractInternalLogger.java:log(150)) - [id: 0x575642e0, L:/0.0.0.0:42472] READ: [id: 0xd49d5244, L:/192.168.151.68:42472 - R:/192.168.151.68:58418]
2019-09-26 14:04:21,177 INFO  logging.LoggingHandler (AbstractInternalLogger.java:log(150)) - [id: 0xa8da4eba, L:/0.0.0.0:46526] READ COMPLETE
2019-09-26 14:04:21,178 INFO  logging.LoggingHandler (AbstractInternalLogger.java:log(150)) - [id: 0x575642e0, L:/0.0.0.0:42472] READ COMPLETE
2019-09-26 14:04:21,178 INFO  logging.LoggingHandler (AbstractInternalLogger.java:log(150)) - [id: 0x4f77c562, L:/0.0.0.0:43413] READ: [id: 0x622e2c29, L:/192.168.151.68:43413 - R:/192.168.151.68:52454]
2019-09-26 14:04:21,178 INFO  logging.LoggingHandler (AbstractInternalLogger.java:log(150)) - [id: 0xa8da4eba, L:/0.0.0.0:46526] READ: [id: 0xd7976f63, L:/192.168.151.68:46526 - R:/192.168.151.68:56262]
2019-09-26 14:04:21,179 INFO  logging.LoggingHandler (AbstractInternalLogger.java:log(150)) - [id: 0x4f77c562, L:/0.0.0.0:43413] READ COMPLETE
2019-09-26 14:04:21,179 INFO  logging.LoggingHandler (AbstractInternalLogger.java:log(150)) - [id: 0xa8da4eba, L:/0.0.0.0:46526] READ COMPLETE
2019-09-26 14:04:21,182 WARN  ratis.RaftTestUtil (JavaUtils.java:attempt(158)) - FAILED "waitForLeader-null-(expectLeader? true)", attempt #2/100: java.lang.IllegalStateException: No leader yet : printing ALL groups
  s0:  RUNNING CANDIDATE s0@group-CE94C192A811:t2, leader=null, voted=s0, raftlog=s0@group-CE94C192A811-SegmentedRaftLog:OPENED:c-1,f-1,i0, conf=-1: [s0:0.0.0.0:42472, s1:0.0.0.0:46526, s2:0.0.0.0:43413], old=null RUNNING
  s1:  RUNNING CANDIDATE s1@group-CE94C192A811:t1, leader=null, voted=s1, raftlog=s1@group-CE94C192A811-SegmentedRaftLog:OPENED:c-1,f-1,i0, conf=-1: [s0:0.0.0.0:42472, s1:0.0.0.0:46526, s2:0.0.0.0:43413], old=null RUNNING
  s2:  RUNNING CANDIDATE s2@group-CE94C192A811:t1, leader=null, voted=s2, raftlog=s2@group-CE94C192A811-SegmentedRaftLog:OPENED:c-1,f-1,i0, conf=-1: [s0:0.0.0.0:42472, s1:0.0.0.0:46526, s2:0.0.0.0:43413], old=null RUNNING, sleep 450ms and then retry.
java.lang.IllegalStateException: No leader yet : printing ALL groups
  s0:  RUNNING CANDIDATE s0@group-CE94C192A811:t2, leader=null, voted=s0, raftlog=s0@group-CE94C192A811-SegmentedRaftLog:OPENED:c-1,f-1,i0, conf=-1: [s0:0.0.0.0:42472, s1:0.0.0.0:46526, s2:0.0.0.0:43413], old=null RUNNING
  s1:  RUNNING CANDIDATE s1@group-CE94C192A811:t1, leader=null, voted=s1, raftlog=s1@group-CE94C192A811-SegmentedRaftLog:OPENED:c-1,f-1,i0, conf=-1: [s0:0.0.0.0:42472, s1:0.0.0.0:46526, s2:0.0.0.0:43413], old=null RUNNING
  s2:  RUNNING CANDIDATE s2@group-CE94C192A811:t1, leader=null, voted=s2, raftlog=s2@group-CE94C192A811-SegmentedRaftLog:OPENED:c-1,f-1,i0, conf=-1: [s0:0.0.0.0:42472, s1:0.0.0.0:46526, s2:0.0.0.0:43413], old=null RUNNING
	at org.apache.ratis.MiniRaftCluster.newIllegalStateExceptionForNoLeaders(MiniRaftCluster.java:506)
	at org.apache.ratis.RaftTestUtil.lambda$waitForLeader$1(RaftTestUtil.java:90)
	at org.apache.ratis.MiniRaftCluster.getLeader(MiniRaftCluster.java:539)
	at org.apache.ratis.MiniRaftCluster.getLeader(MiniRaftCluster.java:532)
	at org.apache.ratis.RaftTestUtil.lambda$waitForLeader$3(RaftTestUtil.java:98)
	at org.apache.ratis.util.JavaUtils.attempt(JavaUtils.java:152)
	at org.apache.ratis.RaftTestUtil.waitForLeader(RaftTestUtil.java:97)
	at org.apache.ratis.RaftTestUtil.waitForLeader(RaftTestUtil.java:77)
	at org.apache.ratis.RaftTestUtil.waitForLeader(RaftTestUtil.java:72)
	at org.apache.ratis.examples.filestore.FileStoreBaseTest.testFileStore(FileStoreBaseTest.java:73)
	at sun.reflect.NativeMethodAccessorImpl.invoke0(Native Method)
	at sun.reflect.NativeMethodAccessorImpl.invoke(NativeMethodAccessorImpl.java:62)
	at sun.reflect.DelegatingMethodAccessorImpl.invoke(DelegatingMethodAccessorImpl.java:43)
	at java.lang.reflect.Method.invoke(Method.java:498)
	at org.junit.runners.model.FrameworkMethod$1.runReflectiveCall(FrameworkMethod.java:50)
	at org.junit.internal.runners.model.ReflectiveCallable.run(ReflectiveCallable.java:12)
	at org.junit.runners.model.FrameworkMethod.invokeExplosively(FrameworkMethod.java:47)
	at org.junit.internal.runners.statements.InvokeMethod.evaluate(InvokeMethod.java:17)
	at org.junit.internal.runners.statements.RunAfters.evaluate(RunAfters.java:27)
	at org.junit.internal.runners.statements.FailOnTimeout$CallableStatement.call(FailOnTimeout.java:298)
	at org.junit.internal.runners.statements.FailOnTimeout$CallableStatement.call(FailOnTimeout.java:292)
	at java.util.concurrent.FutureTask.run(FutureTask.java:266)
	at java.lang.Thread.run(Thread.java:748)
2019-09-26 14:04:21,182 INFO  impl.LeaderElection (LeaderElection.java:logAndReturn(56)) - s2@group-CE94C192A811-LeaderElection2: Election TIMEOUT; received 0 response(s) [] and 0 exception(s); s2@group-CE94C192A811:t1, leader=null, voted=s2, raftlog=s2@group-CE94C192A811-SegmentedRaftLog:OPENED:c-1,f-1,i0, conf=-1: [s0:0.0.0.0:42472, s1:0.0.0.0:46526, s2:0.0.0.0:43413], old=null
2019-09-26 14:04:21,196 INFO  impl.LeaderElection (LeaderElection.java:askForVotes(178)) - s2@group-CE94C192A811-LeaderElection2: begin an election at term 2 for -1: [s0:0.0.0.0:42472, s1:0.0.0.0:46526, s2:0.0.0.0:43413], old=null
2019-09-26 14:04:21,242 INFO  impl.LeaderElection (LeaderElection.java:logAndReturn(56)) - s1@group-CE94C192A811-LeaderElection3: Election TIMEOUT; received 0 response(s) [] and 0 exception(s); s1@group-CE94C192A811:t1, leader=null, voted=s1, raftlog=s1@group-CE94C192A811-SegmentedRaftLog:OPENED:c-1,f-1,i0, conf=-1: [s0:0.0.0.0:42472, s1:0.0.0.0:46526, s2:0.0.0.0:43413], old=null
2019-09-26 14:04:21,255 INFO  impl.LeaderElection (LeaderElection.java:askForVotes(178)) - s1@group-CE94C192A811-LeaderElection3: begin an election at term 2 for -1: [s0:0.0.0.0:42472, s1:0.0.0.0:46526, s2:0.0.0.0:43413], old=null
2019-09-26 14:04:21,256 INFO  impl.LeaderElection (LeaderElection.java:logAndReturn(56)) - s2@group-CE94C192A811-LeaderElection2: Election REJECTED; received 2 response(s) [s2<-s0#0:FAIL-t2, s2<-s1#0:FAIL-t2] and 0 exception(s); s2@group-CE94C192A811:t2, leader=null, voted=s2, raftlog=s2@group-CE94C192A811-SegmentedRaftLog:OPENED:c-1,f-1,i0, conf=-1: [s0:0.0.0.0:42472, s1:0.0.0.0:46526, s2:0.0.0.0:43413], old=null
2019-09-26 14:04:21,256 INFO  impl.LeaderElection (LeaderElection.java:logAndReturn(56)) - s0@group-CE94C192A811-LeaderElection1: Election REJECTED; received 2 response(s) [s0<-s1#0:FAIL-t2, s0<-s2#0:FAIL-t2] and 0 exception(s); s0@group-CE94C192A811:t2, leader=null, voted=s0, raftlog=s0@group-CE94C192A811-SegmentedRaftLog:OPENED:c-1,f-1,i0, conf=-1: [s0:0.0.0.0:42472, s1:0.0.0.0:46526, s2:0.0.0.0:43413], old=null
2019-09-26 14:04:21,258 INFO  impl.RaftServerImpl (RaftServerImpl.java:setRole(170)) - s0@group-CE94C192A811: changes role from CANDIDATE to FOLLOWER at term 2 for DISCOVERED_A_NEW_TERM
2019-09-26 14:04:21,258 INFO  impl.RaftServerImpl (RaftServerImpl.java:setRole(170)) - s2@group-CE94C192A811: changes role from CANDIDATE to FOLLOWER at term 2 for DISCOVERED_A_NEW_TERM
2019-09-26 14:04:21,258 INFO  impl.RoleInfo (RoleInfo.java:shutdownLeaderElection(134)) - s0: shutdown LeaderElection
2019-09-26 14:04:21,258 INFO  impl.RoleInfo (RoleInfo.java:shutdownLeaderElection(134)) - s2: shutdown LeaderElection
2019-09-26 14:04:21,259 INFO  impl.RoleInfo (RoleInfo.java:updateAndGet(143)) - s2: start FollowerState
2019-09-26 14:04:21,259 INFO  impl.RoleInfo (RoleInfo.java:updateAndGet(143)) - s0: start FollowerState
2019-09-26 14:04:21,260 INFO  impl.LeaderElection (LeaderElection.java:logAndReturn(56)) - s1@group-CE94C192A811-LeaderElection3: Election REJECTED; received 2 response(s) [s1<-s0#0:FAIL-t2, s1<-s2#0:FAIL-t2] and 0 exception(s); s1@group-CE94C192A811:t2, leader=null, voted=s1, raftlog=s1@group-CE94C192A811-SegmentedRaftLog:OPENED:c-1,f-1,i0, conf=-1: [s0:0.0.0.0:42472, s1:0.0.0.0:46526, s2:0.0.0.0:43413], old=null
2019-09-26 14:04:21,260 INFO  impl.RaftServerImpl (RaftServerImpl.java:setRole(170)) - s1@group-CE94C192A811: changes role from CANDIDATE to FOLLOWER at term 2 for DISCOVERED_A_NEW_TERM
2019-09-26 14:04:21,260 INFO  impl.RoleInfo (RoleInfo.java:shutdownLeaderElection(134)) - s1: shutdown LeaderElection
2019-09-26 14:04:21,261 INFO  impl.RoleInfo (RoleInfo.java:updateAndGet(143)) - s1: start FollowerState
2019-09-26 14:04:21,478 INFO  impl.FollowerState (FollowerState.java:run(108)) - s2@group-CE94C192A811-FollowerState: change to CANDIDATE, lastRpcTime:219ms, electionTimeout:219ms
2019-09-26 14:04:21,479 INFO  impl.RoleInfo (RoleInfo.java:shutdownFollowerState(121)) - s2: shutdown FollowerState
2019-09-26 14:04:21,479 INFO  impl.RaftServerImpl (RaftServerImpl.java:setRole(170)) - s2@group-CE94C192A811: changes role from  FOLLOWER to CANDIDATE at term 2 for changeToCandidate
2019-09-26 14:04:21,480 INFO  impl.RoleInfo (RoleInfo.java:updateAndGet(143)) - s2: start LeaderElection
2019-09-26 14:04:21,495 INFO  impl.LeaderElection (LeaderElection.java:askForVotes(178)) - s2@group-CE94C192A811-LeaderElection4: begin an election at term 3 for -1: [s0:0.0.0.0:42472, s1:0.0.0.0:46526, s2:0.0.0.0:43413], old=null
2019-09-26 14:04:21,497 INFO  impl.FollowerState (FollowerState.java:run(108)) - s0@group-CE94C192A811-FollowerState: change to CANDIDATE, lastRpcTime:237ms, electionTimeout:237ms
2019-09-26 14:04:21,497 INFO  impl.RoleInfo (RoleInfo.java:shutdownFollowerState(121)) - s0: shutdown FollowerState
2019-09-26 14:04:21,497 INFO  impl.RaftServerImpl (RaftServerImpl.java:setRole(170)) - s0@group-CE94C192A811: changes role from  FOLLOWER to CANDIDATE at term 2 for changeToCandidate
2019-09-26 14:04:21,497 INFO  impl.RoleInfo (RoleInfo.java:updateAndGet(143)) - s0: start LeaderElection
2019-09-26 14:04:21,497 INFO  impl.RaftServerImpl (RaftServerImpl.java:setRole(170)) - s1@group-CE94C192A811: changes role from  FOLLOWER to FOLLOWER at term 3 for recognizeCandidate:s2
2019-09-26 14:04:21,498 INFO  impl.RaftServerImpl (RaftServerImpl.java:setRole(170)) - s0@group-CE94C192A811: changes role from CANDIDATE to FOLLOWER at term 3 for recognizeCandidate:s2
2019-09-26 14:04:21,498 INFO  impl.RoleInfo (RoleInfo.java:shutdownFollowerState(121)) - s1: shutdown FollowerState
2019-09-26 14:04:21,498 INFO  impl.RoleInfo (RoleInfo.java:shutdownLeaderElection(134)) - s0: shutdown LeaderElection
2019-09-26 14:04:21,499 INFO  impl.FollowerState (FollowerState.java:run(117)) - s1@group-CE94C192A811-FollowerState was interrupted: java.lang.InterruptedException: sleep interrupted
2019-09-26 14:04:21,499 INFO  impl.RoleInfo (RoleInfo.java:updateAndGet(143)) - s1: start FollowerState
2019-09-26 14:04:21,499 INFO  impl.RoleInfo (RoleInfo.java:updateAndGet(143)) - s0: start FollowerState
2019-09-26 14:04:21,526 INFO  impl.LeaderElection (LeaderElection.java:logAndReturn(56)) - s2@group-CE94C192A811-LeaderElection4: Election PASSED; received 2 response(s) [s2<-s0#0:FAIL-t3, s2<-s1#0:OK-t3] and 0 exception(s); s2@group-CE94C192A811:t3, leader=null, voted=s2, raftlog=s2@group-CE94C192A811-SegmentedRaftLog:OPENED:c-1,f-1,i0, conf=-1: [s0:0.0.0.0:42472, s1:0.0.0.0:46526, s2:0.0.0.0:43413], old=null
2019-09-26 14:04:21,527 INFO  impl.RoleInfo (RoleInfo.java:shutdownLeaderElection(134)) - s2: shutdown LeaderElection
2019-09-26 14:04:21,527 INFO  impl.RaftServerImpl (RaftServerImpl.java:setRole(170)) - s2@group-CE94C192A811: changes role from CANDIDATE to LEADER at term 3 for changeToLeader
2019-09-26 14:04:21,527 INFO  impl.RaftServerImpl (ServerState.java:setLeader(254)) - s2@group-CE94C192A811: change Leader from null to s2 at term 3 for becomeLeader, leader elected after 1274ms
2019-09-26 14:04:21,535 INFO  server.RaftServerConfigKeys (ConfUtils.java:logGet(43)) - raft.server.staging.catchup.gap = 1000 (default)
2019-09-26 14:04:21,536 INFO  server.RaftServerConfigKeys (ConfUtils.java:logGet(43)) - raft.server.rpc.sleep.time = 25ms (default)
2019-09-26 14:04:21,540 INFO  impl.LeaderElection (LeaderElection.java:askForVotes(178)) - s0@group-CE94C192A811-LeaderElection5: begin an election at term 4 for -1: [s0:0.0.0.0:42472, s1:0.0.0.0:46526, s2:0.0.0.0:43413], old=null
2019-09-26 14:04:21,541 INFO  impl.LeaderElection (LeaderElection.java:logAndReturn(56)) - s0@group-CE94C192A811-LeaderElection5: Election REJECTED; received 0 response(s) [] and 0 exception(s); s0@group-CE94C192A811:t4, leader=null, voted=s0, raftlog=s0@group-CE94C192A811-SegmentedRaftLog:OPENED:c-1,f-1,i0, conf=-1: [s0:0.0.0.0:42472, s1:0.0.0.0:46526, s2:0.0.0.0:43413], old=null
2019-09-26 14:04:21,542 INFO  impl.RaftServerImpl (RaftServerImpl.java:setRole(170)) - s1@group-CE94C192A811: changes role from  FOLLOWER to FOLLOWER at term 4 for recognizeCandidate:s0
2019-09-26 14:04:21,542 INFO  server.RaftServerConfigKeys (ConfUtils.java:logGet(43)) - raft.server.write.element-limit = 4096 (default)
2019-09-26 14:04:21,542 INFO  impl.RoleInfo (RoleInfo.java:shutdownFollowerState(121)) - s1: shutdown FollowerState
2019-09-26 14:04:21,543 INFO  impl.FollowerState (FollowerState.java:run(117)) - s1@group-CE94C192A811-FollowerState was interrupted: java.lang.InterruptedException: sleep interrupted
2019-09-26 14:04:21,543 INFO  impl.RoleInfo (RoleInfo.java:updateAndGet(143)) - s1: start FollowerState
2019-09-26 14:04:21,549 INFO  server.RaftServerConfigKeys (ConfUtils.java:logGet(43)) - raft.server.watch.timeout = 10s (default)
2019-09-26 14:04:21,549 INFO  server.RaftServerConfigKeys (ConfUtils.java:logGet(43)) - raft.server.watch.timeout.denomination = 1s (default)
2019-09-26 14:04:21,551 INFO  server.RaftServerConfigKeys (ConfUtils.java:logGet(43)) - raft.server.watch.element-limit = 65536 (default)
2019-09-26 14:04:21,569 INFO  server.RaftServerConfigKeys (ConfUtils.java:logGet(43)) - raft.server.log.appender.snapshot.chunk.size.max = 16MB (=16777216) (default)
2019-09-26 14:04:21,569 INFO  server.RaftServerConfigKeys (ConfUtils.java:logGet(43)) - raft.server.log.appender.buffer.byte-limit = 4MB (=4194304) (default)
2019-09-26 14:04:21,570 INFO  server.RaftServerConfigKeys (ConfUtils.java:logGet(43)) - raft.server.log.appender.buffer.element-limit = 0 (default)
2019-09-26 14:04:21,574 INFO  server.RaftServerConfigKeys (ConfUtils.java:logGet(43)) - raft.server.log.appender.snapshot.chunk.size.max = 16MB (=16777216) (default)
2019-09-26 14:04:21,575 INFO  server.RaftServerConfigKeys (ConfUtils.java:logGet(43)) - raft.server.log.appender.buffer.byte-limit = 4MB (=4194304) (default)
2019-09-26 14:04:21,575 INFO  server.RaftServerConfigKeys (ConfUtils.java:logGet(43)) - raft.server.log.appender.buffer.element-limit = 0 (default)
2019-09-26 14:04:21,577 INFO  impl.RoleInfo (RoleInfo.java:updateAndGet(143)) - s2: start LeaderState
2019-09-26 14:04:21,600 INFO  segmented.SegmentedRaftLogWorker (SegmentedRaftLogWorker.java:startLogSegment(380)) - s2@group-CE94C192A811-SegmentedRaftLogWorker: Starting segment from index:0
2019-09-26 14:04:21,610 INFO  impl.RaftServerImpl (ServerState.java:setRaftConf(355)) - s2@group-CE94C192A811: set configuration 0: [s0:0.0.0.0:42472, s1:0.0.0.0:46526, s2:0.0.0.0:43413], old=null at 0
2019-09-26 14:04:21,610 INFO  impl.RaftServerImpl (ServerState.java:setLeader(254)) - s2@group-CE94C192A811: change Leader from s2 to null at term 4 for updateCurrentTerm
2019-09-26 14:04:21,611 INFO  impl.RaftServerImpl (RaftServerImpl.java:setRole(170)) - s2@group-CE94C192A811: changes role from    LEADER to FOLLOWER at term 4 for recognizeCandidate:s0
2019-09-26 14:04:21,611 INFO  impl.RoleInfo (RoleInfo.java:shutdownLeaderState(104)) - s2: shutdown LeaderState
2019-09-26 14:04:21,617 INFO  impl.PendingRequests (PendingRequests.java:sendNotLeaderResponses(202)) - s2@group-CE94C192A811-PendingRequests: sendNotLeaderResponses
2019-09-26 14:04:21,619 INFO  impl.RoleInfo (RoleInfo.java:updateAndGet(143)) - s2: start FollowerState
2019-09-26 14:04:21,622 INFO  impl.LogAppender (LogAppender.java:sendAppendEntriesWithRetries(259)) - s2@group-CE94C192A811->s0-LogAppender is stopped. Skip appendEntries.
2019-09-26 14:04:21,622 INFO  impl.LogAppender (LogAppender.java:sendAppendEntriesWithRetries(259)) - s2@group-CE94C192A811->s1-LogAppender is stopped. Skip appendEntries.
2019-09-26 14:04:21,634 WARN  ratis.RaftTestUtil (JavaUtils.java:attempt(158)) - FAILED "waitForLeader-null-(expectLeader? true)", attempt #3/100: java.lang.IllegalStateException: No leader yet : printing ALL groups
  s0:  RUNNING  FOLLOWER s0@group-CE94C192A811:t4, leader=null, voted=s0, raftlog=s0@group-CE94C192A811-SegmentedRaftLog:OPENED:c-1,f-1,i0, conf=-1: [s0:0.0.0.0:42472, s1:0.0.0.0:46526, s2:0.0.0.0:43413], old=null RUNNING
  s1:  RUNNING  FOLLOWER s1@group-CE94C192A811:t4, leader=null, voted=s0, raftlog=s1@group-CE94C192A811-SegmentedRaftLog:OPENED:c-1,f-1,i0, conf=-1: [s0:0.0.0.0:42472, s1:0.0.0.0:46526, s2:0.0.0.0:43413], old=null RUNNING
  s2:  RUNNING  FOLLOWER s2@group-CE94C192A811:t4, leader=null, voted=null, raftlog=s2@group-CE94C192A811-SegmentedRaftLog:OPENED:c-1,f-1,i0, conf=0: [s0:0.0.0.0:42472, s1:0.0.0.0:46526, s2:0.0.0.0:43413], old=null RUNNING, sleep 450ms and then retry.
java.lang.IllegalStateException: No leader yet : printing ALL groups
  s0:  RUNNING  FOLLOWER s0@group-CE94C192A811:t4, leader=null, voted=s0, raftlog=s0@group-CE94C192A811-SegmentedRaftLog:OPENED:c-1,f-1,i0, conf=-1: [s0:0.0.0.0:42472, s1:0.0.0.0:46526, s2:0.0.0.0:43413], old=null RUNNING
  s1:  RUNNING  FOLLOWER s1@group-CE94C192A811:t4, leader=null, voted=s0, raftlog=s1@group-CE94C192A811-SegmentedRaftLog:OPENED:c-1,f-1,i0, conf=-1: [s0:0.0.0.0:42472, s1:0.0.0.0:46526, s2:0.0.0.0:43413], old=null RUNNING
  s2:  RUNNING  FOLLOWER s2@group-CE94C192A811:t4, leader=null, voted=null, raftlog=s2@group-CE94C192A811-SegmentedRaftLog:OPENED:c-1,f-1,i0, conf=0: [s0:0.0.0.0:42472, s1:0.0.0.0:46526, s2:0.0.0.0:43413], old=null RUNNING
	at org.apache.ratis.MiniRaftCluster.newIllegalStateExceptionForNoLeaders(MiniRaftCluster.java:506)
	at org.apache.ratis.RaftTestUtil.lambda$waitForLeader$1(RaftTestUtil.java:90)
	at org.apache.ratis.MiniRaftCluster.getLeader(MiniRaftCluster.java:539)
	at org.apache.ratis.MiniRaftCluster.getLeader(MiniRaftCluster.java:532)
	at org.apache.ratis.RaftTestUtil.lambda$waitForLeader$3(RaftTestUtil.java:98)
	at org.apache.ratis.util.JavaUtils.attempt(JavaUtils.java:152)
	at org.apache.ratis.RaftTestUtil.waitForLeader(RaftTestUtil.java:97)
	at org.apache.ratis.RaftTestUtil.waitForLeader(RaftTestUtil.java:77)
	at org.apache.ratis.RaftTestUtil.waitForLeader(RaftTestUtil.java:72)
	at org.apache.ratis.examples.filestore.FileStoreBaseTest.testFileStore(FileStoreBaseTest.java:73)
	at sun.reflect.NativeMethodAccessorImpl.invoke0(Native Method)
	at sun.reflect.NativeMethodAccessorImpl.invoke(NativeMethodAccessorImpl.java:62)
	at sun.reflect.DelegatingMethodAccessorImpl.invoke(DelegatingMethodAccessorImpl.java:43)
	at java.lang.reflect.Method.invoke(Method.java:498)
	at org.junit.runners.model.FrameworkMethod$1.runReflectiveCall(FrameworkMethod.java:50)
	at org.junit.internal.runners.model.ReflectiveCallable.run(ReflectiveCallable.java:12)
	at org.junit.runners.model.FrameworkMethod.invokeExplosively(FrameworkMethod.java:47)
	at org.junit.internal.runners.statements.InvokeMethod.evaluate(InvokeMethod.java:17)
	at org.junit.internal.runners.statements.RunAfters.evaluate(RunAfters.java:27)
	at org.junit.internal.runners.statements.FailOnTimeout$CallableStatement.call(FailOnTimeout.java:298)
	at org.junit.internal.runners.statements.FailOnTimeout$CallableStatement.call(FailOnTimeout.java:292)
	at java.util.concurrent.FutureTask.run(FutureTask.java:266)
	at java.lang.Thread.run(Thread.java:748)
2019-09-26 14:04:21,746 INFO  impl.FollowerState (FollowerState.java:run(108)) - s0@group-CE94C192A811-FollowerState: change to CANDIDATE, lastRpcTime:247ms, electionTimeout:246ms
2019-09-26 14:04:21,747 INFO  impl.RoleInfo (RoleInfo.java:shutdownFollowerState(121)) - s0: shutdown FollowerState
2019-09-26 14:04:21,747 INFO  impl.RaftServerImpl (RaftServerImpl.java:setRole(170)) - s0@group-CE94C192A811: changes role from  FOLLOWER to CANDIDATE at term 4 for changeToCandidate
2019-09-26 14:04:21,747 INFO  impl.RoleInfo (RoleInfo.java:updateAndGet(143)) - s0: start LeaderElection
2019-09-26 14:04:21,779 INFO  impl.FollowerState (FollowerState.java:run(108)) - s1@group-CE94C192A811-FollowerState: change to CANDIDATE, lastRpcTime:235ms, electionTimeout:235ms
2019-09-26 14:04:21,779 INFO  impl.RoleInfo (RoleInfo.java:shutdownFollowerState(121)) - s1: shutdown FollowerState
2019-09-26 14:04:21,779 INFO  impl.RaftServerImpl (RaftServerImpl.java:setRole(170)) - s1@group-CE94C192A811: changes role from  FOLLOWER to CANDIDATE at term 4 for changeToCandidate
2019-09-26 14:04:21,780 INFO  impl.RoleInfo (RoleInfo.java:updateAndGet(143)) - s1: start LeaderElection
2019-09-26 14:04:21,798 INFO  impl.FollowerState (FollowerState.java:run(108)) - s2@group-CE94C192A811-FollowerState: change to CANDIDATE, lastRpcTime:178ms, electionTimeout:178ms
2019-09-26 14:04:21,798 INFO  impl.RoleInfo (RoleInfo.java:shutdownFollowerState(121)) - s2: shutdown FollowerState
2019-09-26 14:04:21,798 INFO  impl.RaftServerImpl (RaftServerImpl.java:setRole(170)) - s2@group-CE94C192A811: changes role from  FOLLOWER to CANDIDATE at term 4 for changeToCandidate
2019-09-26 14:04:21,798 INFO  impl.RoleInfo (RoleInfo.java:updateAndGet(143)) - s2: start LeaderElection
2019-09-26 14:04:21,804 INFO  segmented.SegmentedRaftLogWorker (SegmentedRaftLogWorker.java:execute(569)) - s2@group-CE94C192A811-SegmentedRaftLogWorker: created new log segment /workdir/ratis-examples/target/test/data/eae049c8/MiniRaftClusterWithNettya419cad2/s2/5f970ae6-5479-4b6f-b4ea-ce94c192a811/current/log_inprogress_0
2019-09-26 14:04:21,804 INFO  impl.LeaderElection (LeaderElection.java:askForVotes(178)) - s1@group-CE94C192A811-LeaderElection7: begin an election at term 5 for -1: [s0:0.0.0.0:42472, s1:0.0.0.0:46526, s2:0.0.0.0:43413], old=null
2019-09-26 14:04:21,804 INFO  impl.LeaderElection (LeaderElection.java:askForVotes(178)) - s0@group-CE94C192A811-LeaderElection6: begin an election at term 5 for -1: [s0:0.0.0.0:42472, s1:0.0.0.0:46526, s2:0.0.0.0:43413], old=null
2019-09-26 14:04:21,804 INFO  impl.LeaderElection (LeaderElection.java:askForVotes(178)) - s2@group-CE94C192A811-LeaderElection8: begin an election at term 5 for 0: [s0:0.0.0.0:42472, s1:0.0.0.0:46526, s2:0.0.0.0:43413], old=null
2019-09-26 14:04:21,808 INFO  impl.LeaderElection (LeaderElection.java:logAndReturn(56)) - s0@group-CE94C192A811-LeaderElection6: Election REJECTED; received 2 response(s) [s0<-s1#0:FAIL-t5, s0<-s2#0:FAIL-t5] and 0 exception(s); s0@group-CE94C192A811:t5, leader=null, voted=s0, raftlog=s0@group-CE94C192A811-SegmentedRaftLog:OPENED:c-1,f-1,i0, conf=-1: [s0:0.0.0.0:42472, s1:0.0.0.0:46526, s2:0.0.0.0:43413], old=null
2019-09-26 14:04:21,808 INFO  impl.LeaderElection (LeaderElection.java:logAndReturn(56)) - s1@group-CE94C192A811-LeaderElection7: Election REJECTED; received 2 response(s) [s1<-s0#0:FAIL-t5, s1<-s2#0:FAIL-t5] and 0 exception(s); s1@group-CE94C192A811:t5, leader=null, voted=s1, raftlog=s1@group-CE94C192A811-SegmentedRaftLog:OPENED:c-1,f-1,i0, conf=-1: [s0:0.0.0.0:42472, s1:0.0.0.0:46526, s2:0.0.0.0:43413], old=null
2019-09-26 14:04:21,808 INFO  impl.RaftServerImpl (RaftServerImpl.java:setRole(170)) - s0@group-CE94C192A811: changes role from CANDIDATE to FOLLOWER at term 5 for DISCOVERED_A_NEW_TERM
2019-09-26 14:04:21,808 INFO  impl.RaftServerImpl (RaftServerImpl.java:setRole(170)) - s1@group-CE94C192A811: changes role from CANDIDATE to FOLLOWER at term 5 for DISCOVERED_A_NEW_TERM
2019-09-26 14:04:21,808 INFO  impl.RoleInfo (RoleInfo.java:shutdownLeaderElection(134)) - s0: shutdown LeaderElection
2019-09-26 14:04:21,809 INFO  impl.RoleInfo (RoleInfo.java:shutdownLeaderElection(134)) - s1: shutdown LeaderElection
2019-09-26 14:04:21,809 INFO  impl.RoleInfo (RoleInfo.java:updateAndGet(143)) - s0: start FollowerState
2019-09-26 14:04:21,809 INFO  impl.RoleInfo (RoleInfo.java:updateAndGet(143)) - s1: start FollowerState
2019-09-26 14:04:21,810 INFO  impl.LeaderElection (LeaderElection.java:logAndReturn(56)) - s2@group-CE94C192A811-LeaderElection8: Election REJECTED; received 2 response(s) [s2<-s0#0:FAIL-t5, s2<-s1#0:FAIL-t5] and 0 exception(s); s2@group-CE94C192A811:t5, leader=null, voted=s2, raftlog=s2@group-CE94C192A811-SegmentedRaftLog:OPENED:c-1,f-1,i0, conf=0: [s0:0.0.0.0:42472, s1:0.0.0.0:46526, s2:0.0.0.0:43413], old=null
2019-09-26 14:04:21,810 INFO  impl.RaftServerImpl (RaftServerImpl.java:setRole(170)) - s2@group-CE94C192A811: changes role from CANDIDATE to FOLLOWER at term 5 for DISCOVERED_A_NEW_TERM
2019-09-26 14:04:21,811 INFO  impl.RoleInfo (RoleInfo.java:shutdownLeaderElection(134)) - s2: shutdown LeaderElection
2019-09-26 14:04:21,811 INFO  impl.RoleInfo (RoleInfo.java:updateAndGet(143)) - s2: start FollowerState
2019-09-26 14:04:21,992 INFO  impl.FollowerState (FollowerState.java:run(108)) - s1@group-CE94C192A811-FollowerState: change to CANDIDATE, lastRpcTime:182ms, electionTimeout:182ms
2019-09-26 14:04:21,992 INFO  impl.RoleInfo (RoleInfo.java:shutdownFollowerState(121)) - s1: shutdown FollowerState
2019-09-26 14:04:21,992 INFO  impl.RaftServerImpl (RaftServerImpl.java:setRole(170)) - s1@group-CE94C192A811: changes role from  FOLLOWER to CANDIDATE at term 5 for changeToCandidate
2019-09-26 14:04:21,993 INFO  impl.RoleInfo (RoleInfo.java:updateAndGet(143)) - s1: start LeaderElection
2019-09-26 14:04:22,012 INFO  impl.FollowerState (FollowerState.java:run(108)) - s2@group-CE94C192A811-FollowerState: change to CANDIDATE, lastRpcTime:201ms, electionTimeout:201ms
2019-09-26 14:04:22,013 INFO  impl.RoleInfo (RoleInfo.java:shutdownFollowerState(121)) - s2: shutdown FollowerState
2019-09-26 14:04:22,013 INFO  impl.RaftServerImpl (RaftServerImpl.java:setRole(170)) - s2@group-CE94C192A811: changes role from  FOLLOWER to CANDIDATE at term 5 for changeToCandidate
2019-09-26 14:04:22,013 INFO  impl.RoleInfo (RoleInfo.java:updateAndGet(143)) - s2: start LeaderElection
2019-09-26 14:04:22,029 INFO  impl.LeaderElection (LeaderElection.java:askForVotes(178)) - s1@group-CE94C192A811-LeaderElection9: begin an election at term 6 for -1: [s0:0.0.0.0:42472, s1:0.0.0.0:46526, s2:0.0.0.0:43413], old=null
2019-09-26 14:04:22,029 INFO  impl.LeaderElection (LeaderElection.java:askForVotes(178)) - s2@group-CE94C192A811-LeaderElection10: begin an election at term 6 for 0: [s0:0.0.0.0:42472, s1:0.0.0.0:46526, s2:0.0.0.0:43413], old=null
2019-09-26 14:04:22,031 INFO  impl.FollowerState (FollowerState.java:run(108)) - s0@group-CE94C192A811-FollowerState: change to CANDIDATE, lastRpcTime:221ms, electionTimeout:221ms
2019-09-26 14:04:22,031 INFO  impl.RoleInfo (RoleInfo.java:shutdownFollowerState(121)) - s0: shutdown FollowerState
2019-09-26 14:04:22,031 INFO  impl.RaftServerImpl (RaftServerImpl.java:setRole(170)) - s0@group-CE94C192A811: changes role from  FOLLOWER to CANDIDATE at term 5 for changeToCandidate
2019-09-26 14:04:22,031 INFO  impl.RoleInfo (RoleInfo.java:updateAndGet(143)) - s0: start LeaderElection
2019-09-26 14:04:22,032 INFO  impl.RaftServerImpl (RaftServerImpl.java:setRole(170)) - s0@group-CE94C192A811: changes role from CANDIDATE to FOLLOWER at term 6 for recognizeCandidate:s2
2019-09-26 14:04:22,032 INFO  impl.RoleInfo (RoleInfo.java:shutdownLeaderElection(134)) - s0: shutdown LeaderElection
2019-09-26 14:04:22,033 INFO  impl.RoleInfo (RoleInfo.java:updateAndGet(143)) - s0: start FollowerState
2019-09-26 14:04:22,045 INFO  impl.RaftServerImpl (RaftServerImpl.java:setRole(170)) - s0@group-CE94C192A811: changes role from  FOLLOWER to FOLLOWER at term 6 for recognizeCandidate:s1
2019-09-26 14:04:22,045 INFO  impl.RoleInfo (RoleInfo.java:shutdownFollowerState(121)) - s0: shutdown FollowerState
2019-09-26 14:04:22,045 INFO  impl.LeaderElection (LeaderElection.java:logAndReturn(56)) - s2@group-CE94C192A811-LeaderElection10: Election REJECTED; received 2 response(s) [s2<-s0#0:FAIL-t6, s2<-s1#0:FAIL-t6] and 0 exception(s); s2@group-CE94C192A811:t6, leader=null, voted=s2, raftlog=s2@group-CE94C192A811-SegmentedRaftLog:OPENED:c-1,f0,i0, conf=0: [s0:0.0.0.0:42472, s1:0.0.0.0:46526, s2:0.0.0.0:43413], old=null
2019-09-26 14:04:22,045 INFO  impl.FollowerState (FollowerState.java:run(117)) - s0@group-CE94C192A811-FollowerState was interrupted: java.lang.InterruptedException: sleep interrupted
2019-09-26 14:04:22,045 INFO  impl.RoleInfo (RoleInfo.java:updateAndGet(143)) - s0: start FollowerState
2019-09-26 14:04:22,046 INFO  impl.RaftServerImpl (RaftServerImpl.java:setRole(170)) - s2@group-CE94C192A811: changes role from CANDIDATE to FOLLOWER at term 6 for DISCOVERED_A_NEW_TERM
2019-09-26 14:04:22,046 INFO  impl.RoleInfo (RoleInfo.java:shutdownLeaderElection(134)) - s2: shutdown LeaderElection
2019-09-26 14:04:22,046 INFO  impl.RoleInfo (RoleInfo.java:updateAndGet(143)) - s2: start FollowerState
2019-09-26 14:04:22,054 INFO  impl.LeaderElection (LeaderElection.java:logAndReturn(56)) - s1@group-CE94C192A811-LeaderElection9: Election PASSED; received 2 response(s) [s1<-s0#0:OK-t6, s1<-s2#0:FAIL-t6] and 0 exception(s); s1@group-CE94C192A811:t6, leader=null, voted=s1, raftlog=s1@group-CE94C192A811-SegmentedRaftLog:OPENED:c-1,f-1,i0, conf=-1: [s0:0.0.0.0:42472, s1:0.0.0.0:46526, s2:0.0.0.0:43413], old=null
2019-09-26 14:04:22,055 INFO  impl.RoleInfo (RoleInfo.java:shutdownLeaderElection(134)) - s1: shutdown LeaderElection
2019-09-26 14:04:22,055 INFO  impl.RaftServerImpl (RaftServerImpl.java:setRole(170)) - s1@group-CE94C192A811: changes role from CANDIDATE to LEADER at term 6 for changeToLeader
2019-09-26 14:04:22,055 INFO  impl.RaftServerImpl (ServerState.java:setLeader(254)) - s1@group-CE94C192A811: change Leader from null to s1 at term 6 for becomeLeader, leader elected after 1801ms
2019-09-26 14:04:22,056 INFO  server.RaftServerConfigKeys (ConfUtils.java:logGet(43)) - raft.server.staging.catchup.gap = 1000 (default)
2019-09-26 14:04:22,056 INFO  server.RaftServerConfigKeys (ConfUtils.java:logGet(43)) - raft.server.rpc.sleep.time = 25ms (default)
2019-09-26 14:04:22,056 INFO  server.RaftServerConfigKeys (ConfUtils.java:logGet(43)) - raft.server.write.element-limit = 4096 (default)
2019-09-26 14:04:22,056 INFO  server.RaftServerConfigKeys (ConfUtils.java:logGet(43)) - raft.server.watch.timeout = 10s (default)
2019-09-26 14:04:22,057 INFO  server.RaftServerConfigKeys (ConfUtils.java:logGet(43)) - raft.server.watch.timeout.denomination = 1s (default)
2019-09-26 14:04:22,057 INFO  server.RaftServerConfigKeys (ConfUtils.java:logGet(43)) - raft.server.watch.element-limit = 65536 (default)
2019-09-26 14:04:22,061 INFO  server.RaftServerConfigKeys (ConfUtils.java:logGet(43)) - raft.server.log.appender.snapshot.chunk.size.max = 16MB (=16777216) (default)
2019-09-26 14:04:22,062 INFO  server.RaftServerConfigKeys (ConfUtils.java:logGet(43)) - raft.server.log.appender.buffer.byte-limit = 4MB (=4194304) (default)
2019-09-26 14:04:22,062 INFO  server.RaftServerConfigKeys (ConfUtils.java:logGet(43)) - raft.server.log.appender.buffer.element-limit = 0 (default)
2019-09-26 14:04:22,063 INFO  server.RaftServerConfigKeys (ConfUtils.java:logGet(43)) - raft.server.log.appender.snapshot.chunk.size.max = 16MB (=16777216) (default)
2019-09-26 14:04:22,063 INFO  server.RaftServerConfigKeys (ConfUtils.java:logGet(43)) - raft.server.log.appender.buffer.byte-limit = 4MB (=4194304) (default)
2019-09-26 14:04:22,063 INFO  server.RaftServerConfigKeys (ConfUtils.java:logGet(43)) - raft.server.log.appender.buffer.element-limit = 0 (default)
2019-09-26 14:04:22,064 INFO  impl.RoleInfo (RoleInfo.java:updateAndGet(143)) - s1: start LeaderState
2019-09-26 14:04:22,064 INFO  segmented.SegmentedRaftLogWorker (SegmentedRaftLogWorker.java:startLogSegment(380)) - s1@group-CE94C192A811-SegmentedRaftLogWorker: Starting segment from index:0
2019-09-26 14:04:22,065 INFO  impl.RaftServerImpl (ServerState.java:setRaftConf(355)) - s1@group-CE94C192A811: set configuration 0: [s0:0.0.0.0:42472, s1:0.0.0.0:46526, s2:0.0.0.0:43413], old=null at 0
2019-09-26 14:04:22,073 INFO  impl.RaftServerImpl (ServerState.java:setLeader(254)) - s2@group-CE94C192A811: change Leader from null to s1 at term 6 for appendEntries, leader elected after 463ms
2019-09-26 14:04:22,078 INFO  impl.LeaderElection (LeaderElection.java:askForVotes(178)) - s0@group-CE94C192A811-LeaderElection11: begin an election at term 7 for -1: [s0:0.0.0.0:42472, s1:0.0.0.0:46526, s2:0.0.0.0:43413], old=null
2019-09-26 14:04:22,080 INFO  impl.LeaderElection (LeaderElection.java:logAndReturn(56)) - s0@group-CE94C192A811-LeaderElection11: Election REJECTED; received 0 response(s) [] and 0 exception(s); s0@group-CE94C192A811:t7, leader=null, voted=s0, raftlog=s0@group-CE94C192A811-SegmentedRaftLog:OPENED:c-1,f-1,i0, conf=-1: [s0:0.0.0.0:42472, s1:0.0.0.0:46526, s2:0.0.0.0:43413], old=null
2019-09-26 14:04:22,081 INFO  impl.RaftServerImpl (ServerState.java:setLeader(254)) - s1@group-CE94C192A811: change Leader from s1 to null at term 7 for updateCurrentTerm
2019-09-26 14:04:22,081 INFO  impl.RaftServerImpl (ServerState.java:setLeader(254)) - s2@group-CE94C192A811: change Leader from s1 to null at term 7 for updateCurrentTerm
2019-09-26 14:04:22,081 INFO  impl.RaftServerImpl (RaftServerImpl.java:setRole(170)) - s1@group-CE94C192A811: changes role from    LEADER to FOLLOWER at term 7 for recognizeCandidate:s0
2019-09-26 14:04:22,082 INFO  impl.RaftServerImpl (RaftServerImpl.java:setRole(170)) - s2@group-CE94C192A811: changes role from  FOLLOWER to FOLLOWER at term 7 for recognizeCandidate:s0
2019-09-26 14:04:22,082 INFO  impl.RoleInfo (RoleInfo.java:shutdownLeaderState(104)) - s1: shutdown LeaderState
2019-09-26 14:04:22,082 INFO  impl.RoleInfo (RoleInfo.java:shutdownFollowerState(121)) - s2: shutdown FollowerState
2019-09-26 14:04:22,082 INFO  impl.RoleInfo (RoleInfo.java:updateAndGet(143)) - s2: start FollowerState
2019-09-26 14:04:22,082 INFO  impl.FollowerState (FollowerState.java:run(117)) - s2@group-CE94C192A811-FollowerState was interrupted: java.lang.InterruptedException: sleep interrupted
2019-09-26 14:04:22,082 INFO  impl.PendingRequests (PendingRequests.java:sendNotLeaderResponses(202)) - s1@group-CE94C192A811-PendingRequests: sendNotLeaderResponses
2019-09-26 14:04:22,083 INFO  impl.RoleInfo (RoleInfo.java:updateAndGet(143)) - s1: start FollowerState
2019-09-26 14:04:22,083 INFO  impl.RaftServerImpl (LeaderState.java:submit(109)) - s1@group-CE94C192A811-EventQueue: Interrupted when submitting UPDATE_COMMIT 
2019-09-26 14:04:22,085 WARN  ratis.RaftTestUtil (JavaUtils.java:attempt(158)) - FAILED "waitForLeader-null-(expectLeader? true)", attempt #4/100: java.lang.IllegalStateException: No leader yet : printing ALL groups
  s0:  RUNNING  FOLLOWER s0@group-CE94C192A811:t7, leader=null, voted=s0, raftlog=s0@group-CE94C192A811-SegmentedRaftLog:OPENED:c-1,f-1,i0, conf=-1: [s0:0.0.0.0:42472, s1:0.0.0.0:46526, s2:0.0.0.0:43413], old=null RUNNING
  s1:  RUNNING  FOLLOWER s1@group-CE94C192A811:t7, leader=null, voted=null, raftlog=s1@group-CE94C192A811-SegmentedRaftLog:OPENED:c-1,f-1,i0, conf=0: [s0:0.0.0.0:42472, s1:0.0.0.0:46526, s2:0.0.0.0:43413], old=null RUNNING
  s2:  RUNNING  FOLLOWER s2@group-CE94C192A811:t7, leader=null, voted=null, raftlog=s2@group-CE94C192A811-SegmentedRaftLog:OPENED:c-1,f0,i0, conf=0: [s0:0.0.0.0:42472, s1:0.0.0.0:46526, s2:0.0.0.0:43413], old=null RUNNING, sleep 450ms and then retry.
java.lang.IllegalStateException: No leader yet : printing ALL groups
  s0:  RUNNING  FOLLOWER s0@group-CE94C192A811:t7, leader=null, voted=s0, raftlog=s0@group-CE94C192A811-SegmentedRaftLog:OPENED:c-1,f-1,i0, conf=-1: [s0:0.0.0.0:42472, s1:0.0.0.0:46526, s2:0.0.0.0:43413], old=null RUNNING
  s1:  RUNNING  FOLLOWER s1@group-CE94C192A811:t7, leader=null, voted=null, raftlog=s1@group-CE94C192A811-SegmentedRaftLog:OPENED:c-1,f-1,i0, conf=0: [s0:0.0.0.0:42472, s1:0.0.0.0:46526, s2:0.0.0.0:43413], old=null RUNNING
  s2:  RUNNING  FOLLOWER s2@group-CE94C192A811:t7, leader=null, voted=null, raftlog=s2@group-CE94C192A811-SegmentedRaftLog:OPENED:c-1,f0,i0, conf=0: [s0:0.0.0.0:42472, s1:0.0.0.0:46526, s2:0.0.0.0:43413], old=null RUNNING
	at org.apache.ratis.MiniRaftCluster.newIllegalStateExceptionForNoLeaders(MiniRaftCluster.java:506)
	at org.apache.ratis.RaftTestUtil.lambda$waitForLeader$1(RaftTestUtil.java:90)
	at org.apache.ratis.MiniRaftCluster.getLeader(MiniRaftCluster.java:539)
	at org.apache.ratis.MiniRaftCluster.getLeader(MiniRaftCluster.java:532)
	at org.apache.ratis.RaftTestUtil.lambda$waitForLeader$3(RaftTestUtil.java:98)
	at org.apache.ratis.util.JavaUtils.attempt(JavaUtils.java:152)
	at org.apache.ratis.RaftTestUtil.waitForLeader(RaftTestUtil.java:97)
	at org.apache.ratis.RaftTestUtil.waitForLeader(RaftTestUtil.java:77)
	at org.apache.ratis.RaftTestUtil.waitForLeader(RaftTestUtil.java:72)
	at org.apache.ratis.examples.filestore.FileStoreBaseTest.testFileStore(FileStoreBaseTest.java:73)
	at sun.reflect.NativeMethodAccessorImpl.invoke0(Native Method)
	at sun.reflect.NativeMethodAccessorImpl.invoke(NativeMethodAccessorImpl.java:62)
	at sun.reflect.DelegatingMethodAccessorImpl.invoke(DelegatingMethodAccessorImpl.java:43)
	at java.lang.reflect.Method.invoke(Method.java:498)
	at org.junit.runners.model.FrameworkMethod$1.runReflectiveCall(FrameworkMethod.java:50)
	at org.junit.internal.runners.model.ReflectiveCallable.run(ReflectiveCallable.java:12)
	at org.junit.runners.model.FrameworkMethod.invokeExplosively(FrameworkMethod.java:47)
	at org.junit.internal.runners.statements.InvokeMethod.evaluate(InvokeMethod.java:17)
	at org.junit.internal.runners.statements.RunAfters.evaluate(RunAfters.java:27)
	at org.junit.internal.runners.statements.FailOnTimeout$CallableStatement.call(FailOnTimeout.java:298)
	at org.junit.internal.runners.statements.FailOnTimeout$CallableStatement.call(FailOnTimeout.java:292)
	at java.util.concurrent.FutureTask.run(FutureTask.java:266)
	at java.lang.Thread.run(Thread.java:748)
2019-09-26 14:04:22,136 INFO  segmented.SegmentedRaftLogWorker (SegmentedRaftLogWorker.java:execute(569)) - s1@group-CE94C192A811-SegmentedRaftLogWorker: created new log segment /workdir/ratis-examples/target/test/data/eae049c8/MiniRaftClusterWithNettya419cad2/s1/5f970ae6-5479-4b6f-b4ea-ce94c192a811/current/log_inprogress_0
2019-09-26 14:04:22,237 INFO  impl.FollowerState (FollowerState.java:run(108)) - s0@group-CE94C192A811-FollowerState: change to CANDIDATE, lastRpcTime:192ms, electionTimeout:191ms
2019-09-26 14:04:22,238 INFO  impl.RoleInfo (RoleInfo.java:shutdownFollowerState(121)) - s0: shutdown FollowerState
2019-09-26 14:04:22,238 INFO  impl.RaftServerImpl (RaftServerImpl.java:setRole(170)) - s0@group-CE94C192A811: changes role from  FOLLOWER to CANDIDATE at term 7 for changeToCandidate
2019-09-26 14:04:22,238 INFO  impl.RoleInfo (RoleInfo.java:updateAndGet(143)) - s0: start LeaderElection
2019-09-26 14:04:22,254 INFO  impl.LeaderElection (LeaderElection.java:askForVotes(178)) - s0@group-CE94C192A811-LeaderElection12: begin an election at term 8 for -1: [s0:0.0.0.0:42472, s1:0.0.0.0:46526, s2:0.0.0.0:43413], old=null
2019-09-26 14:04:22,256 INFO  impl.RaftServerImpl (RaftServerImpl.java:setRole(170)) - s2@group-CE94C192A811: changes role from  FOLLOWER to FOLLOWER at term 8 for recognizeCandidate:s0
2019-09-26 14:04:22,256 INFO  impl.RaftServerImpl (RaftServerImpl.java:setRole(170)) - s1@group-CE94C192A811: changes role from  FOLLOWER to FOLLOWER at term 8 for recognizeCandidate:s0
2019-09-26 14:04:22,256 INFO  impl.RoleInfo (RoleInfo.java:shutdownFollowerState(121)) - s2: shutdown FollowerState
2019-09-26 14:04:22,256 INFO  impl.RoleInfo (RoleInfo.java:shutdownFollowerState(121)) - s1: shutdown FollowerState
2019-09-26 14:04:22,257 INFO  impl.FollowerState (FollowerState.java:run(117)) - s2@group-CE94C192A811-FollowerState was interrupted: java.lang.InterruptedException: sleep interrupted
2019-09-26 14:04:22,257 INFO  impl.RoleInfo (RoleInfo.java:updateAndGet(143)) - s1: start FollowerState
2019-09-26 14:04:22,256 INFO  impl.RoleInfo (RoleInfo.java:updateAndGet(143)) - s2: start FollowerState
2019-09-26 14:04:22,257 INFO  impl.FollowerState (FollowerState.java:run(117)) - s1@group-CE94C192A811-FollowerState was interrupted: java.lang.InterruptedException: sleep interrupted
2019-09-26 14:04:22,272 INFO  impl.LeaderElection (LeaderElection.java:logAndReturn(56)) - s0@group-CE94C192A811-LeaderElection12: Election REJECTED; received 2 response(s) [s0<-s1#0:FAIL-t8, s0<-s2#0:FAIL-t8] and 0 exception(s); s0@group-CE94C192A811:t8, leader=null, voted=s0, raftlog=s0@group-CE94C192A811-SegmentedRaftLog:OPENED:c-1,f-1,i0, conf=-1: [s0:0.0.0.0:42472, s1:0.0.0.0:46526, s2:0.0.0.0:43413], old=null
2019-09-26 14:04:22,272 INFO  impl.RaftServerImpl (RaftServerImpl.java:setRole(170)) - s0@group-CE94C192A811: changes role from CANDIDATE to FOLLOWER at term 8 for DISCOVERED_A_NEW_TERM
2019-09-26 14:04:22,273 INFO  impl.RoleInfo (RoleInfo.java:shutdownLeaderElection(134)) - s0: shutdown LeaderElection
2019-09-26 14:04:22,273 INFO  impl.RoleInfo (RoleInfo.java:updateAndGet(143)) - s0: start FollowerState
2019-09-26 14:04:22,432 INFO  impl.FollowerState (FollowerState.java:run(108)) - s2@group-CE94C192A811-FollowerState: change to CANDIDATE, lastRpcTime:175ms, electionTimeout:174ms
2019-09-26 14:04:22,432 INFO  impl.RoleInfo (RoleInfo.java:shutdownFollowerState(121)) - s2: shutdown FollowerState
2019-09-26 14:04:22,432 INFO  impl.RaftServerImpl (RaftServerImpl.java:setRole(170)) - s2@group-CE94C192A811: changes role from  FOLLOWER to CANDIDATE at term 8 for changeToCandidate
2019-09-26 14:04:22,432 INFO  impl.RoleInfo (RoleInfo.java:updateAndGet(143)) - s2: start LeaderElection
2019-09-26 14:04:22,458 INFO  impl.LeaderElection (LeaderElection.java:askForVotes(178)) - s2@group-CE94C192A811-LeaderElection13: begin an election at term 9 for 0: [s0:0.0.0.0:42472, s1:0.0.0.0:46526, s2:0.0.0.0:43413], old=null
2019-09-26 14:04:22,460 INFO  impl.RaftServerImpl (RaftServerImpl.java:setRole(170)) - s1@group-CE94C192A811: changes role from  FOLLOWER to FOLLOWER at term 9 for recognizeCandidate:s2
2019-09-26 14:04:22,460 INFO  impl.RoleInfo (RoleInfo.java:shutdownFollowerState(121)) - s1: shutdown FollowerState
2019-09-26 14:04:22,460 INFO  impl.RaftServerImpl (RaftServerImpl.java:setRole(170)) - s0@group-CE94C192A811: changes role from  FOLLOWER to FOLLOWER at term 9 for recognizeCandidate:s2
2019-09-26 14:04:22,461 INFO  impl.FollowerState (FollowerState.java:run(117)) - s1@group-CE94C192A811-FollowerState was interrupted: java.lang.InterruptedException: sleep interrupted
2019-09-26 14:04:22,461 INFO  impl.RoleInfo (RoleInfo.java:updateAndGet(143)) - s1: start FollowerState
2019-09-26 14:04:22,461 INFO  impl.RoleInfo (RoleInfo.java:shutdownFollowerState(121)) - s0: shutdown FollowerState
2019-09-26 14:04:22,462 INFO  impl.RoleInfo (RoleInfo.java:updateAndGet(143)) - s0: start FollowerState
2019-09-26 14:04:22,462 INFO  impl.FollowerState (FollowerState.java:run(117)) - s0@group-CE94C192A811-FollowerState was interrupted: java.lang.InterruptedException: sleep interrupted
2019-09-26 14:04:22,475 INFO  impl.LeaderElection (LeaderElection.java:logAndReturn(56)) - s2@group-CE94C192A811-LeaderElection13: Election PASSED; received 2 response(s) [s2<-s0#0:OK-t9, s2<-s1#0:FAIL-t9] and 0 exception(s); s2@group-CE94C192A811:t9, leader=null, voted=s2, raftlog=s2@group-CE94C192A811-SegmentedRaftLog:OPENED:c-1,f0,i0, conf=0: [s0:0.0.0.0:42472, s1:0.0.0.0:46526, s2:0.0.0.0:43413], old=null
2019-09-26 14:04:22,476 INFO  impl.RoleInfo (RoleInfo.java:shutdownLeaderElection(134)) - s2: shutdown LeaderElection
2019-09-26 14:04:22,476 INFO  impl.RaftServerImpl (RaftServerImpl.java:setRole(170)) - s2@group-CE94C192A811: changes role from CANDIDATE to LEADER at term 9 for changeToLeader
2019-09-26 14:04:22,476 INFO  impl.RaftServerImpl (ServerState.java:setLeader(254)) - s2@group-CE94C192A811: change Leader from null to s2 at term 9 for becomeLeader, leader elected after 394ms
2019-09-26 14:04:22,476 INFO  server.RaftServerConfigKeys (ConfUtils.java:logGet(43)) - raft.server.staging.catchup.gap = 1000 (default)
2019-09-26 14:04:22,477 INFO  server.RaftServerConfigKeys (ConfUtils.java:logGet(43)) - raft.server.rpc.sleep.time = 25ms (default)
2019-09-26 14:04:22,477 INFO  server.RaftServerConfigKeys (ConfUtils.java:logGet(43)) - raft.server.write.element-limit = 4096 (default)
2019-09-26 14:04:22,477 INFO  server.RaftServerConfigKeys (ConfUtils.java:logGet(43)) - raft.server.watch.timeout = 10s (default)
2019-09-26 14:04:22,478 INFO  server.RaftServerConfigKeys (ConfUtils.java:logGet(43)) - raft.server.watch.timeout.denomination = 1s (default)
2019-09-26 14:04:22,478 INFO  server.RaftServerConfigKeys (ConfUtils.java:logGet(43)) - raft.server.watch.element-limit = 65536 (default)
2019-09-26 14:04:22,478 INFO  server.RaftServerConfigKeys (ConfUtils.java:logGet(43)) - raft.server.log.appender.snapshot.chunk.size.max = 16MB (=16777216) (default)
2019-09-26 14:04:22,479 INFO  server.RaftServerConfigKeys (ConfUtils.java:logGet(43)) - raft.server.log.appender.buffer.byte-limit = 4MB (=4194304) (default)
2019-09-26 14:04:22,479 INFO  server.RaftServerConfigKeys (ConfUtils.java:logGet(43)) - raft.server.log.appender.buffer.element-limit = 0 (default)
2019-09-26 14:04:22,479 INFO  server.RaftServerConfigKeys (ConfUtils.java:logGet(43)) - raft.server.log.appender.snapshot.chunk.size.max = 16MB (=16777216) (default)
2019-09-26 14:04:22,480 INFO  server.RaftServerConfigKeys (ConfUtils.java:logGet(43)) - raft.server.log.appender.buffer.byte-limit = 4MB (=4194304) (default)
2019-09-26 14:04:22,480 INFO  server.RaftServerConfigKeys (ConfUtils.java:logGet(43)) - raft.server.log.appender.buffer.element-limit = 0 (default)
2019-09-26 14:04:22,480 INFO  impl.RoleInfo (RoleInfo.java:updateAndGet(143)) - s2: start LeaderState
2019-09-26 14:04:22,482 INFO  segmented.SegmentedRaftLogWorker (SegmentedRaftLogWorker.java:rollLogSegment(385)) - s2@group-CE94C192A811-SegmentedRaftLogWorker: Rolling segment log-0_0 to index:0
2019-09-26 14:04:22,488 INFO  impl.RaftServerImpl (ServerState.java:setRaftConf(355)) - s2@group-CE94C192A811: set configuration 1: [s0:0.0.0.0:42472, s1:0.0.0.0:46526, s2:0.0.0.0:43413], old=null at 1
2019-09-26 14:04:22,489 INFO  impl.RaftServerImpl (ServerState.java:setLeader(254)) - s1@group-CE94C192A811: change Leader from null to s2 at term 9 for appendEntries, leader elected after 407ms
2019-09-26 14:04:22,489 INFO  impl.RaftServerImpl (ServerState.java:setLeader(254)) - s0@group-CE94C192A811: change Leader from null to s2 at term 9 for appendEntries, leader elected after 2235ms
2019-09-26 14:04:22,489 TRACE util.FileUtils (LogUtils.java:runAndLog(61)) - Successfully ran Files.move /workdir/ratis-examples/target/test/data/eae049c8/MiniRaftClusterWithNettya419cad2/s2/5f970ae6-5479-4b6f-b4ea-ce94c192a811/current/log_inprogress_0 to /workdir/ratis-examples/target/test/data/eae049c8/MiniRaftClusterWithNettya419cad2/s2/5f970ae6-5479-4b6f-b4ea-ce94c192a811/current/log_0-0
2019-09-26 14:04:22,489 INFO  segmented.SegmentedRaftLogWorker (SegmentedRaftLogWorker.java:execute(526)) - s2@group-CE94C192A811-SegmentedRaftLogWorker: Rolled log segment from /workdir/ratis-examples/target/test/data/eae049c8/MiniRaftClusterWithNettya419cad2/s2/5f970ae6-5479-4b6f-b4ea-ce94c192a811/current/log_inprogress_0 to /workdir/ratis-examples/target/test/data/eae049c8/MiniRaftClusterWithNettya419cad2/s2/5f970ae6-5479-4b6f-b4ea-ce94c192a811/current/log_0-0
2019-09-26 14:04:22,490 INFO  impl.RaftServerImpl (RaftServerImpl.java:checkInconsistentAppendEntries(999)) - s1@group-CE94C192A811: Failed appendEntries as previous log entry ((t:3, i:0)) is not found
2019-09-26 14:04:22,490 INFO  impl.RaftServerImpl (RaftServerImpl.java:checkInconsistentAppendEntries(999)) - s0@group-CE94C192A811: Failed appendEntries as previous log entry ((t:3, i:0)) is not found
2019-09-26 14:04:22,490 INFO  impl.RaftServerImpl (RaftServerImpl.java:checkInconsistentAppendEntries(972)) - s1@group-CE94C192A811: inconsistency entries. Reply:s2<-s1#0:FAIL,INCONSISTENCY,nextIndex:0,term:9,followerCommit:-1
2019-09-26 14:04:22,491 INFO  impl.RaftServerImpl (RaftServerImpl.java:checkInconsistentAppendEntries(972)) - s0@group-CE94C192A811: inconsistency entries. Reply:s2<-s0#0:FAIL,INCONSISTENCY,nextIndex:0,term:9,followerCommit:-1
2019-09-26 14:04:22,492 INFO  impl.FollowerInfo (FollowerInfo.java:lambda$new$0(51)) - s2@group-CE94C192A811->s0: nextIndex: updateUnconditionally 1 -> 0
2019-09-26 14:04:22,492 INFO  impl.FollowerInfo (FollowerInfo.java:lambda$new$0(51)) - s2@group-CE94C192A811->s1: nextIndex: updateUnconditionally 1 -> 0
2019-09-26 14:04:22,497 INFO  impl.RaftServerImpl (ServerState.java:setRaftConf(355)) - s1@group-CE94C192A811: set configuration 0: [s0:0.0.0.0:42472, s1:0.0.0.0:46526, s2:0.0.0.0:43413], old=null at 0
2019-09-26 14:04:22,498 INFO  impl.RaftServerImpl (ServerState.java:setRaftConf(355)) - s0@group-CE94C192A811: set configuration 0: [s0:0.0.0.0:42472, s1:0.0.0.0:46526, s2:0.0.0.0:43413], old=null at 0
2019-09-26 14:04:22,498 INFO  impl.RaftServerImpl (ServerState.java:setRaftConf(355)) - s1@group-CE94C192A811: set configuration 1: [s0:0.0.0.0:42472, s1:0.0.0.0:46526, s2:0.0.0.0:43413], old=null at 1
2019-09-26 14:04:22,498 INFO  impl.RaftServerImpl (ServerState.java:setRaftConf(355)) - s0@group-CE94C192A811: set configuration 1: [s0:0.0.0.0:42472, s1:0.0.0.0:46526, s2:0.0.0.0:43413], old=null at 1
2019-09-26 14:04:22,499 INFO  segmented.SegmentedRaftLogWorker (SegmentedRaftLogWorker.java:startLogSegment(380)) - s0@group-CE94C192A811-SegmentedRaftLogWorker: Starting segment from index:0
2019-09-26 14:04:22,499 INFO  segmented.SegmentedRaftLogWorker (SegmentedRaftLogWorker.java:rollLogSegment(385)) - s0@group-CE94C192A811-SegmentedRaftLogWorker: Rolling segment log-0_0 to index:0
2019-09-26 14:04:22,500 INFO  segmented.SegmentedRaftLogWorker (SegmentedRaftLogWorker.java:truncate(396)) - s1@group-CE94C192A811-SegmentedRaftLogWorker: Truncating segments toTruncate: null
  toDelete: [(0, 0) isOpen? true, length=0, newEndIndex=-1], start index 0
2019-09-26 14:04:22,501 INFO  segmented.SegmentedRaftLogWorker (SegmentedRaftLogWorker.java:startLogSegment(380)) - s1@group-CE94C192A811-SegmentedRaftLogWorker: Starting segment from index:0
2019-09-26 14:04:22,501 INFO  segmented.SegmentedRaftLogWorker (SegmentedRaftLogWorker.java:rollLogSegment(385)) - s1@group-CE94C192A811-SegmentedRaftLogWorker: Rolling segment log-0_0 to index:0
2019-09-26 14:04:22,503 TRACE util.FileUtils (LogUtils.java:runAndLog(61)) - Successfully ran Files.delete /workdir/ratis-examples/target/test/data/eae049c8/MiniRaftClusterWithNettya419cad2/s1/5f970ae6-5479-4b6f-b4ea-ce94c192a811/current/log_inprogress_0
2019-09-26 14:04:22,503 INFO  segmented.SegmentedRaftLogWorker (SegmentedRaftLogWorker.java:execute(633)) - s1@group-CE94C192A811-SegmentedRaftLogWorker: Deleted log file /workdir/ratis-examples/target/test/data/eae049c8/MiniRaftClusterWithNettya419cad2/s1/5f970ae6-5479-4b6f-b4ea-ce94c192a811/current/log_inprogress_0
2019-09-26 14:04:22,504 INFO  segmented.SegmentedRaftLogWorker (SegmentedRaftLogWorker.java:lambda$new$0(132)) - s1@group-CE94C192A811-SegmentedRaftLogWorker: flushIndex: setUnconditionally 0 -> -1
2019-09-26 14:04:22,536 INFO  ratis.RaftTestUtil (RaftTestUtil.java:waitForLeader(101)) - printing ALL groups
  s0:  RUNNING  FOLLOWER s0@group-CE94C192A811:t9, leader=s2, voted=s2, raftlog=s0@group-CE94C192A811-SegmentedRaftLog:OPENED:c-1,f-1,i1, conf=1: [s0:0.0.0.0:42472, s1:0.0.0.0:46526, s2:0.0.0.0:43413], old=null RUNNING
  s1:  RUNNING  FOLLOWER s1@group-CE94C192A811:t9, leader=s2, voted=null, raftlog=s1@group-CE94C192A811-SegmentedRaftLog:OPENED:c-1,f-1,i1, conf=1: [s0:0.0.0.0:42472, s1:0.0.0.0:46526, s2:0.0.0.0:43413], old=null RUNNING
  s2:  RUNNING    LEADER s2@group-CE94C192A811:t9, leader=s2, voted=s2, raftlog=s2@group-CE94C192A811-SegmentedRaftLog:OPENED:c-1,f0,i1, conf=1: [s0:0.0.0.0:42472, s1:0.0.0.0:46526, s2:0.0.0.0:43413], old=null RUNNING
2019-09-26 14:04:22,538 INFO  filestore.FileStoreBaseTest (FileStoreBaseTest.java:testSingleFile(87)) - runTestSingleFile with path=foo, fileLength=10M (=10485760)
2019-09-26 14:04:22,574 INFO  logging.LoggingHandler (AbstractInternalLogger.java:log(150)) - [id: 0x575642e0, L:/0.0.0.0:42472] READ: [id: 0x20c71438, L:/192.168.151.68:42472 - R:/192.168.151.68:58420]
2019-09-26 14:04:22,575 INFO  logging.LoggingHandler (AbstractInternalLogger.java:log(150)) - [id: 0x575642e0, L:/0.0.0.0:42472] READ COMPLETE
2019-09-26 14:04:22,601 INFO  logging.LoggingHandler (AbstractInternalLogger.java:log(150)) - [id: 0x4f77c562, L:/0.0.0.0:43413] READ: [id: 0xd14ea49f, L:/192.168.151.68:43413 - R:/192.168.151.68:52460]
2019-09-26 14:04:22,601 INFO  logging.LoggingHandler (AbstractInternalLogger.java:log(150)) - [id: 0x4f77c562, L:/0.0.0.0:43413] READ COMPLETE
2019-09-26 14:04:22,627 INFO  segmented.SegmentedRaftLogWorker (SegmentedRaftLogWorker.java:execute(569)) - s0@group-CE94C192A811-SegmentedRaftLogWorker: created new log segment /workdir/ratis-examples/target/test/data/eae049c8/MiniRaftClusterWithNettya419cad2/s0/5f970ae6-5479-4b6f-b4ea-ce94c192a811/current/log_inprogress_0
2019-09-26 14:04:22,627 INFO  segmented.SegmentedRaftLogWorker (SegmentedRaftLogWorker.java:execute(569)) - s1@group-CE94C192A811-SegmentedRaftLogWorker: created new log segment /workdir/ratis-examples/target/test/data/eae049c8/MiniRaftClusterWithNettya419cad2/s1/5f970ae6-5479-4b6f-b4ea-ce94c192a811/current/log_inprogress_0
2019-09-26 14:04:22,627 INFO  segmented.SegmentedRaftLogWorker (SegmentedRaftLogWorker.java:execute(569)) - s2@group-CE94C192A811-SegmentedRaftLogWorker: created new log segment /workdir/ratis-examples/target/test/data/eae049c8/MiniRaftClusterWithNettya419cad2/s2/5f970ae6-5479-4b6f-b4ea-ce94c192a811/current/log_inprogress_1
2019-09-26 14:04:22,640 TRACE util.FileUtils (LogUtils.java:runAndLog(61)) - Successfully ran Files.move /workdir/ratis-examples/target/test/data/eae049c8/MiniRaftClusterWithNettya419cad2/s1/5f970ae6-5479-4b6f-b4ea-ce94c192a811/current/log_inprogress_0 to /workdir/ratis-examples/target/test/data/eae049c8/MiniRaftClusterWithNettya419cad2/s1/5f970ae6-5479-4b6f-b4ea-ce94c192a811/current/log_0-0
2019-09-26 14:04:22,640 INFO  segmented.SegmentedRaftLogWorker (SegmentedRaftLogWorker.java:execute(526)) - s1@group-CE94C192A811-SegmentedRaftLogWorker: Rolled log segment from /workdir/ratis-examples/target/test/data/eae049c8/MiniRaftClusterWithNettya419cad2/s1/5f970ae6-5479-4b6f-b4ea-ce94c192a811/current/log_inprogress_0 to /workdir/ratis-examples/target/test/data/eae049c8/MiniRaftClusterWithNettya419cad2/s1/5f970ae6-5479-4b6f-b4ea-ce94c192a811/current/log_0-0
2019-09-26 14:04:22,641 TRACE util.FileUtils (LogUtils.java:runAndLog(61)) - Successfully ran Files.move /workdir/ratis-examples/target/test/data/eae049c8/MiniRaftClusterWithNettya419cad2/s0/5f970ae6-5479-4b6f-b4ea-ce94c192a811/current/log_inprogress_0 to /workdir/ratis-examples/target/test/data/eae049c8/MiniRaftClusterWithNettya419cad2/s0/5f970ae6-5479-4b6f-b4ea-ce94c192a811/current/log_0-0
2019-09-26 14:04:22,641 INFO  segmented.SegmentedRaftLogWorker (SegmentedRaftLogWorker.java:execute(526)) - s0@group-CE94C192A811-SegmentedRaftLogWorker: Rolled log segment from /workdir/ratis-examples/target/test/data/eae049c8/MiniRaftClusterWithNettya419cad2/s0/5f970ae6-5479-4b6f-b4ea-ce94c192a811/current/log_inprogress_0 to /workdir/ratis-examples/target/test/data/eae049c8/MiniRaftClusterWithNettya419cad2/s0/5f970ae6-5479-4b6f-b4ea-ce94c192a811/current/log_0-0
2019-09-26 14:04:22,816 INFO  segmented.SegmentedRaftLogWorker (SegmentedRaftLogWorker.java:execute(569)) - s1@group-CE94C192A811-SegmentedRaftLogWorker: created new log segment /workdir/ratis-examples/target/test/data/eae049c8/MiniRaftClusterWithNettya419cad2/s1/5f970ae6-5479-4b6f-b4ea-ce94c192a811/current/log_inprogress_1
2019-09-26 14:04:22,816 INFO  segmented.SegmentedRaftLogWorker (SegmentedRaftLogWorker.java:execute(569)) - s0@group-CE94C192A811-SegmentedRaftLogWorker: created new log segment /workdir/ratis-examples/target/test/data/eae049c8/MiniRaftClusterWithNettya419cad2/s0/5f970ae6-5479-4b6f-b4ea-ce94c192a811/current/log_inprogress_1
2019-09-26 14:04:22,869 TRACE util.FileUtils (LogUtils.java:supplyAndLog(82)) - Successfully supplied Files.newOutputStream CREATE_NEW /workdir/ratis-examples/target/test/data/eae049c8/TestFileStoreWithNetty/filestore/s1/foo: java.nio.channels.Channels$1@79997cfc
2019-09-26 14:04:22,869 TRACE util.FileUtils (LogUtils.java:supplyAndLog(82)) - Successfully supplied Files.newOutputStream CREATE_NEW /workdir/ratis-examples/target/test/data/eae049c8/TestFileStoreWithNetty/filestore/s2/foo: java.nio.channels.Channels$1@34d49cb0
2019-09-26 14:04:22,869 TRACE util.FileUtils (LogUtils.java:supplyAndLog(82)) - Successfully supplied Files.newOutputStream CREATE_NEW /workdir/ratis-examples/target/test/data/eae049c8/TestFileStoreWithNetty/filestore/s0/foo: java.nio.channels.Channels$1@22e06eba
2019-09-26 14:04:30,717 INFO  ratis.MiniRaftCluster (MiniRaftCluster.java:lambda$null$5(297)) - TIMED-PRINT: printing ALL groups
  s0:  RUNNING  FOLLOWER s0@group-CE94C192A811:t9, leader=s2, voted=s2, raftlog=s0@group-CE94C192A811-SegmentedRaftLog:OPENED:c1289,f1290,i1291, conf=1: [s0:0.0.0.0:42472, s1:0.0.0.0:46526, s2:0.0.0.0:43413], old=null RUNNING
  s1:  RUNNING  FOLLOWER s1@group-CE94C192A811:t9, leader=s2, voted=null, raftlog=s1@group-CE94C192A811-SegmentedRaftLog:OPENED:c1289,f1290,i1291, conf=1: [s0:0.0.0.0:42472, s1:0.0.0.0:46526, s2:0.0.0.0:43413], old=null RUNNING
  s2:  RUNNING    LEADER s2@group-CE94C192A811:t9, leader=s2, voted=s2, raftlog=s2@group-CE94C192A811-SegmentedRaftLog:OPENED:c1290,f1291,i1291, conf=1: [s0:0.0.0.0:42472, s1:0.0.0.0:46526, s2:0.0.0.0:43413], old=null RUNNING
2019-09-26 14:04:40,717 INFO  ratis.MiniRaftCluster (MiniRaftCluster.java:lambda$null$5(297)) - TIMED-PRINT: printing ALL groups
  s0:  RUNNING  FOLLOWER s0@group-CE94C192A811:t9, leader=s2, voted=s2, raftlog=s0@group-CE94C192A811-SegmentedRaftLog:OPENED:c3093,f3096,i3097, conf=1: [s0:0.0.0.0:42472, s1:0.0.0.0:46526, s2:0.0.0.0:43413], old=null RUNNING
  s1:  RUNNING  FOLLOWER s1@group-CE94C192A811:t9, leader=s2, voted=null, raftlog=s1@group-CE94C192A811-SegmentedRaftLog:OPENED:c3096,f3097,i3097, conf=1: [s0:0.0.0.0:42472, s1:0.0.0.0:46526, s2:0.0.0.0:43413], old=null RUNNING
  s2:  RUNNING    LEADER s2@group-CE94C192A811:t9, leader=s2, voted=s2, raftlog=s2@group-CE94C192A811-SegmentedRaftLog:OPENED:c3097,f3097,i3098, conf=1: [s0:0.0.0.0:42472, s1:0.0.0.0:46526, s2:0.0.0.0:43413], old=null RUNNING
2019-09-26 14:04:50,717 INFO  ratis.MiniRaftCluster (MiniRaftCluster.java:lambda$null$5(297)) - TIMED-PRINT: printing ALL groups
  s0:  RUNNING  FOLLOWER s0@group-CE94C192A811:t9, leader=s2, voted=s2, raftlog=s0@group-CE94C192A811-SegmentedRaftLog:OPENED:c4816,f4817,i4818, conf=1: [s0:0.0.0.0:42472, s1:0.0.0.0:46526, s2:0.0.0.0:43413], old=null RUNNING
  s1:  RUNNING  FOLLOWER s1@group-CE94C192A811:t9, leader=s2, voted=null, raftlog=s1@group-CE94C192A811-SegmentedRaftLog:OPENED:c4817,f4818,i4819, conf=1: [s0:0.0.0.0:42472, s1:0.0.0.0:46526, s2:0.0.0.0:43413], old=null RUNNING
  s2:  RUNNING    LEADER s2@group-CE94C192A811:t9, leader=s2, voted=s2, raftlog=s2@group-CE94C192A811-SegmentedRaftLog:OPENED:c4818,f4818,i4819, conf=1: [s0:0.0.0.0:42472, s1:0.0.0.0:46526, s2:0.0.0.0:43413], old=null RUNNING
2019-09-26 14:04:53,046 TRACE util.FileUtils (LogUtils.java:runAndLog(61)) - Successfully ran Files.delete /workdir/ratis-examples/target/test/data/eae049c8/TestFileStoreWithNetty/filestore/s2/foo
2019-09-26 14:04:53,054 TRACE util.FileUtils (LogUtils.java:runAndLog(61)) - Successfully ran Files.delete /workdir/ratis-examples/target/test/data/eae049c8/TestFileStoreWithNetty/filestore/s0/foo
2019-09-26 14:04:53,057 INFO  filestore.FileStoreBaseTest (FileStoreBaseTest.java:testMultipleFiles(97)) - runTestMultipleFile with pathPrefix=file, numFile=100, fileLength=1M (=1048576)
2019-09-26 14:04:53,057 TRACE util.FileUtils (LogUtils.java:runAndLog(61)) - Successfully ran Files.delete /workdir/ratis-examples/target/test/data/eae049c8/TestFileStoreWithNetty/filestore/s1/foo
2019-09-26 14:04:53,078 INFO  logging.LoggingHandler (AbstractInternalLogger.java:log(150)) - [id: 0x575642e0, L:/0.0.0.0:42472] READ: [id: 0xc496f864, L:/192.168.151.68:42472 - R:/192.168.151.68:58464]
2019-09-26 14:04:53,083 INFO  logging.LoggingHandler (AbstractInternalLogger.java:log(150)) - [id: 0x575642e0, L:/0.0.0.0:42472] READ COMPLETE
2019-09-26 14:04:53,092 INFO  logging.LoggingHandler (AbstractInternalLogger.java:log(150)) - [id: 0x575642e0, L:/0.0.0.0:42472] READ: [id: 0x15ce5449, L:/192.168.151.68:42472 - R:/192.168.151.68:58466]
2019-09-26 14:04:53,092 INFO  logging.LoggingHandler (AbstractInternalLogger.java:log(150)) - [id: 0x575642e0, L:/0.0.0.0:42472] READ COMPLETE
2019-09-26 14:04:53,098 INFO  logging.LoggingHandler (AbstractInternalLogger.java:log(150)) - [id: 0x575642e0, L:/0.0.0.0:42472] READ: [id: 0x934ca2f0, L:/192.168.151.68:42472 - R:/192.168.151.68:58465]
2019-09-26 14:04:53,098 INFO  logging.LoggingHandler (AbstractInternalLogger.java:log(150)) - [id: 0x575642e0, L:/0.0.0.0:42472] READ COMPLETE
2019-09-26 14:04:53,101 INFO  logging.LoggingHandler (AbstractInternalLogger.java:log(150)) - [id: 0x575642e0, L:/0.0.0.0:42472] READ: [id: 0xc4a503d5, L:/192.168.151.68:42472 - R:/192.168.151.68:58472]
2019-09-26 14:04:53,102 INFO  logging.LoggingHandler (AbstractInternalLogger.java:log(150)) - [id: 0x575642e0, L:/0.0.0.0:42472] READ COMPLETE
2019-09-26 14:04:53,106 INFO  logging.LoggingHandler (AbstractInternalLogger.java:log(150)) - [id: 0x575642e0, L:/0.0.0.0:42472] READ: [id: 0x58b06f74, L:/192.168.151.68:42472 - R:/192.168.151.68:58476]
2019-09-26 14:04:53,107 INFO  logging.LoggingHandler (AbstractInternalLogger.java:log(150)) - [id: 0x575642e0, L:/0.0.0.0:42472] READ COMPLETE
2019-09-26 14:04:53,107 INFO  logging.LoggingHandler (AbstractInternalLogger.java:log(150)) - [id: 0x4f77c562, L:/0.0.0.0:43413] READ: [id: 0x316b5e72, L:/192.168.151.68:43413 - R:/192.168.151.68:52544]
2019-09-26 14:04:53,109 INFO  logging.LoggingHandler (AbstractInternalLogger.java:log(150)) - [id: 0x575642e0, L:/0.0.0.0:42472] READ: [id: 0x47aca566, L:/192.168.151.68:42472 - R:/192.168.151.68:58474]
2019-09-26 14:04:53,110 INFO  logging.LoggingHandler (AbstractInternalLogger.java:log(150)) - [id: 0x575642e0, L:/0.0.0.0:42472] READ COMPLETE
2019-09-26 14:04:53,110 INFO  logging.LoggingHandler (AbstractInternalLogger.java:log(150)) - [id: 0x4f77c562, L:/0.0.0.0:43413] READ COMPLETE
2019-09-26 14:04:53,112 INFO  logging.LoggingHandler (AbstractInternalLogger.java:log(150)) - [id: 0x575642e0, L:/0.0.0.0:42472] READ: [id: 0xda3e9575, L:/192.168.151.68:42472 - R:/192.168.151.68:58478]
2019-09-26 14:04:53,113 INFO  logging.LoggingHandler (AbstractInternalLogger.java:log(150)) - [id: 0x575642e0, L:/0.0.0.0:42472] READ COMPLETE
2019-09-26 14:04:53,113 INFO  logging.LoggingHandler (AbstractInternalLogger.java:log(150)) - [id: 0x4f77c562, L:/0.0.0.0:43413] READ: [id: 0xdb305706, L:/192.168.151.68:43413 - R:/192.168.151.68:52546]
2019-09-26 14:04:53,115 INFO  logging.LoggingHandler (AbstractInternalLogger.java:log(150)) - [id: 0x575642e0, L:/0.0.0.0:42472] READ: [id: 0x384b8984, L:/192.168.151.68:42472 - R:/192.168.151.68:58480]
2019-09-26 14:04:53,115 INFO  logging.LoggingHandler (AbstractInternalLogger.java:log(150)) - [id: 0x4f77c562, L:/0.0.0.0:43413] READ COMPLETE
2019-09-26 14:04:53,116 INFO  logging.LoggingHandler (AbstractInternalLogger.java:log(150)) - [id: 0x575642e0, L:/0.0.0.0:42472] READ COMPLETE
2019-09-26 14:04:53,117 INFO  logging.LoggingHandler (AbstractInternalLogger.java:log(150)) - [id: 0x4f77c562, L:/0.0.0.0:43413] READ: [id: 0x6a8e9447, L:/192.168.151.68:43413 - R:/192.168.151.68:52548]
2019-09-26 14:04:53,117 INFO  logging.LoggingHandler (AbstractInternalLogger.java:log(150)) - [id: 0x575642e0, L:/0.0.0.0:42472] READ: [id: 0x96df1203, L:/192.168.151.68:42472 - R:/192.168.151.68:58482]
2019-09-26 14:04:53,118 INFO  logging.LoggingHandler (AbstractInternalLogger.java:log(150)) - [id: 0x4f77c562, L:/0.0.0.0:43413] READ COMPLETE
2019-09-26 14:04:53,119 INFO  logging.LoggingHandler (AbstractInternalLogger.java:log(150)) - [id: 0x575642e0, L:/0.0.0.0:42472] READ COMPLETE
2019-09-26 14:04:53,120 INFO  logging.LoggingHandler (AbstractInternalLogger.java:log(150)) - [id: 0x4f77c562, L:/0.0.0.0:43413] READ: [id: 0x8fbbce7a, L:/192.168.151.68:43413 - R:/192.168.151.68:52550]
2019-09-26 14:04:53,120 INFO  logging.LoggingHandler (AbstractInternalLogger.java:log(150)) - [id: 0x575642e0, L:/0.0.0.0:42472] READ: [id: 0xf7327565, L:/192.168.151.68:42472 - R:/192.168.151.68:58484]
2019-09-26 14:04:53,121 INFO  logging.LoggingHandler (AbstractInternalLogger.java:log(150)) - [id: 0x4f77c562, L:/0.0.0.0:43413] READ COMPLETE
2019-09-26 14:04:53,122 INFO  logging.LoggingHandler (AbstractInternalLogger.java:log(150)) - [id: 0x575642e0, L:/0.0.0.0:42472] READ COMPLETE
2019-09-26 14:04:53,124 INFO  logging.LoggingHandler (AbstractInternalLogger.java:log(150)) - [id: 0x4f77c562, L:/0.0.0.0:43413] READ: [id: 0xe0a0b8b3, L:/192.168.151.68:43413 - R:/192.168.151.68:52552]
2019-09-26 14:04:53,125 INFO  logging.LoggingHandler (AbstractInternalLogger.java:log(150)) - [id: 0x575642e0, L:/0.0.0.0:42472] READ: [id: 0xad3173b8, L:/192.168.151.68:42472 - R:/192.168.151.68:58486]
2019-09-26 14:04:53,125 TRACE util.FileUtils (LogUtils.java:supplyAndLog(82)) - Successfully supplied Files.newOutputStream CREATE_NEW /workdir/ratis-examples/target/test/data/eae049c8/TestFileStoreWithNetty/filestore/s2/file03: java.nio.channels.Channels$1@60056ab1
2019-09-26 14:04:53,126 TRACE util.FileUtils (LogUtils.java:supplyAndLog(82)) - Successfully supplied Files.newOutputStream CREATE_NEW /workdir/ratis-examples/target/test/data/eae049c8/TestFileStoreWithNetty/filestore/s2/file01: java.nio.channels.Channels$1@1b435e77
2019-09-26 14:04:53,126 INFO  logging.LoggingHandler (AbstractInternalLogger.java:log(150)) - [id: 0x575642e0, L:/0.0.0.0:42472] READ COMPLETE
2019-09-26 14:04:53,126 TRACE util.FileUtils (LogUtils.java:supplyAndLog(82)) - Successfully supplied Files.newOutputStream CREATE_NEW /workdir/ratis-examples/target/test/data/eae049c8/TestFileStoreWithNetty/filestore/s2/file04: java.nio.channels.Channels$1@7199c2b9
2019-09-26 14:04:53,125 INFO  logging.LoggingHandler (AbstractInternalLogger.java:log(150)) - [id: 0x4f77c562, L:/0.0.0.0:43413] READ COMPLETE
2019-09-26 14:04:53,128 INFO  logging.LoggingHandler (AbstractInternalLogger.java:log(150)) - [id: 0x575642e0, L:/0.0.0.0:42472] READ: [id: 0x2ec826d6, L:/192.168.151.68:42472 - R:/192.168.151.68:58488]
2019-09-26 14:04:53,129 INFO  logging.LoggingHandler (AbstractInternalLogger.java:log(150)) - [id: 0x4f77c562, L:/0.0.0.0:43413] READ: [id: 0xcd46945c, L:/192.168.151.68:43413 - R:/192.168.151.68:52554]
2019-09-26 14:04:53,129 TRACE util.FileUtils (LogUtils.java:supplyAndLog(82)) - Successfully supplied Files.newOutputStream CREATE_NEW /workdir/ratis-examples/target/test/data/eae049c8/TestFileStoreWithNetty/filestore/s0/file03: java.nio.channels.Channels$1@2c278496
2019-09-26 14:04:53,130 INFO  logging.LoggingHandler (AbstractInternalLogger.java:log(150)) - [id: 0x4f77c562, L:/0.0.0.0:43413] READ COMPLETE
2019-09-26 14:04:53,129 TRACE util.FileUtils (LogUtils.java:supplyAndLog(82)) - Successfully supplied Files.newOutputStream CREATE_NEW /workdir/ratis-examples/target/test/data/eae049c8/TestFileStoreWithNetty/filestore/s0/file04: java.nio.channels.Channels$1@608f5e5c
2019-09-26 14:04:53,129 INFO  logging.LoggingHandler (AbstractInternalLogger.java:log(150)) - [id: 0x575642e0, L:/0.0.0.0:42472] READ COMPLETE
2019-09-26 14:04:53,129 TRACE util.FileUtils (LogUtils.java:supplyAndLog(82)) - Successfully supplied Files.newOutputStream CREATE_NEW /workdir/ratis-examples/target/test/data/eae049c8/TestFileStoreWithNetty/filestore/s1/file01: java.nio.channels.Channels$1@6a8ec95c
2019-09-26 14:04:53,132 INFO  logging.LoggingHandler (AbstractInternalLogger.java:log(150)) - [id: 0x575642e0, L:/0.0.0.0:42472] READ: [id: 0x73529349, L:/192.168.151.68:42472 - R:/192.168.151.68:58490]
2019-09-26 14:04:53,129 TRACE util.FileUtils (LogUtils.java:supplyAndLog(82)) - Successfully supplied Files.newOutputStream CREATE_NEW /workdir/ratis-examples/target/test/data/eae049c8/TestFileStoreWithNetty/filestore/s1/file03: java.nio.channels.Channels$1@775e9dbf
2019-09-26 14:04:53,129 TRACE util.FileUtils (LogUtils.java:supplyAndLog(82)) - Successfully supplied Files.newOutputStream CREATE_NEW /workdir/ratis-examples/target/test/data/eae049c8/TestFileStoreWithNetty/filestore/s0/file01: java.nio.channels.Channels$1@4adc4d71
2019-09-26 14:04:53,129 TRACE util.FileUtils (LogUtils.java:supplyAndLog(82)) - Successfully supplied Files.newOutputStream CREATE_NEW /workdir/ratis-examples/target/test/data/eae049c8/TestFileStoreWithNetty/filestore/s1/file04: java.nio.channels.Channels$1@43f1d870
2019-09-26 14:04:53,133 INFO  logging.LoggingHandler (AbstractInternalLogger.java:log(150)) - [id: 0x575642e0, L:/0.0.0.0:42472] READ COMPLETE
2019-09-26 14:04:53,132 INFO  logging.LoggingHandler (AbstractInternalLogger.java:log(150)) - [id: 0x4f77c562, L:/0.0.0.0:43413] READ: [id: 0x3b51a640, L:/192.168.151.68:43413 - R:/192.168.151.68:52556]
2019-09-26 14:04:53,132 TRACE util.FileUtils (LogUtils.java:supplyAndLog(82)) - Successfully supplied Files.newOutputStream CREATE_NEW /workdir/ratis-examples/target/test/data/eae049c8/TestFileStoreWithNetty/filestore/s2/file07: java.nio.channels.Channels$1@104f95de
2019-09-26 14:04:53,135 INFO  logging.LoggingHandler (AbstractInternalLogger.java:log(150)) - [id: 0x4f77c562, L:/0.0.0.0:43413] READ COMPLETE
2019-09-26 14:04:53,135 INFO  logging.LoggingHandler (AbstractInternalLogger.java:log(150)) - [id: 0x575642e0, L:/0.0.0.0:42472] READ: [id: 0x341c87f5, L:/192.168.151.68:42472 - R:/192.168.151.68:58492]
2019-09-26 14:04:53,136 INFO  logging.LoggingHandler (AbstractInternalLogger.java:log(150)) - [id: 0x575642e0, L:/0.0.0.0:42472] READ COMPLETE
2019-09-26 14:04:53,136 INFO  logging.LoggingHandler (AbstractInternalLogger.java:log(150)) - [id: 0x4f77c562, L:/0.0.0.0:43413] READ: [id: 0x30bce9c5, L:/192.168.151.68:43413 - R:/192.168.151.68:52558]
2019-09-26 14:04:53,136 INFO  logging.LoggingHandler (AbstractInternalLogger.java:log(150)) - [id: 0x575642e0, L:/0.0.0.0:42472] READ: [id: 0x5b17232c, L:/192.168.151.68:42472 - R:/192.168.151.68:58494]
2019-09-26 14:04:53,136 INFO  logging.LoggingHandler (AbstractInternalLogger.java:log(150)) - [id: 0x4f77c562, L:/0.0.0.0:43413] READ COMPLETE
2019-09-26 14:04:53,137 INFO  logging.LoggingHandler (AbstractInternalLogger.java:log(150)) - [id: 0x575642e0, L:/0.0.0.0:42472] READ COMPLETE
2019-09-26 14:04:53,137 INFO  logging.LoggingHandler (AbstractInternalLogger.java:log(150)) - [id: 0x4f77c562, L:/0.0.0.0:43413] READ: [id: 0xe17d89d9, L:/192.168.151.68:43413 - R:/192.168.151.68:52560]
2019-09-26 14:04:53,138 INFO  logging.LoggingHandler (AbstractInternalLogger.java:log(150)) - [id: 0x4f77c562, L:/0.0.0.0:43413] READ COMPLETE
2019-09-26 14:04:53,138 INFO  logging.LoggingHandler (AbstractInternalLogger.java:log(150)) - [id: 0x575642e0, L:/0.0.0.0:42472] READ: [id: 0xb63aeb40, L:/192.168.151.68:42472 - R:/192.168.151.68:58496]
2019-09-26 14:04:53,138 INFO  logging.LoggingHandler (AbstractInternalLogger.java:log(150)) - [id: 0x4f77c562, L:/0.0.0.0:43413] READ: [id: 0x32513a14, L:/192.168.151.68:43413 - R:/192.168.151.68:52562]
2019-09-26 14:04:53,138 INFO  logging.LoggingHandler (AbstractInternalLogger.java:log(150)) - [id: 0x575642e0, L:/0.0.0.0:42472] READ COMPLETE
2019-09-26 14:04:53,138 INFO  logging.LoggingHandler (AbstractInternalLogger.java:log(150)) - [id: 0x4f77c562, L:/0.0.0.0:43413] READ COMPLETE
2019-09-26 14:04:53,139 INFO  logging.LoggingHandler (AbstractInternalLogger.java:log(150)) - [id: 0x575642e0, L:/0.0.0.0:42472] READ: [id: 0x5bc34a5e, L:/192.168.151.68:42472 - R:/192.168.151.68:58498]
2019-09-26 14:04:53,139 INFO  logging.LoggingHandler (AbstractInternalLogger.java:log(150)) - [id: 0x575642e0, L:/0.0.0.0:42472] READ COMPLETE
2019-09-26 14:04:53,139 INFO  logging.LoggingHandler (AbstractInternalLogger.java:log(150)) - [id: 0x4f77c562, L:/0.0.0.0:43413] READ: [id: 0xdc8ff3dd, L:/192.168.151.68:43413 - R:/192.168.151.68:52564]
2019-09-26 14:04:53,140 INFO  logging.LoggingHandler (AbstractInternalLogger.java:log(150)) - [id: 0x575642e0, L:/0.0.0.0:42472] READ: [id: 0x28f58be7, L:/192.168.151.68:42472 - R:/192.168.151.68:58500]
2019-09-26 14:04:53,140 INFO  logging.LoggingHandler (AbstractInternalLogger.java:log(150)) - [id: 0x4f77c562, L:/0.0.0.0:43413] READ COMPLETE
2019-09-26 14:04:53,141 INFO  logging.LoggingHandler (AbstractInternalLogger.java:log(150)) - [id: 0x575642e0, L:/0.0.0.0:42472] READ COMPLETE
2019-09-26 14:04:53,141 INFO  logging.LoggingHandler (AbstractInternalLogger.java:log(150)) - [id: 0x4f77c562, L:/0.0.0.0:43413] READ: [id: 0xd917c634, L:/192.168.151.68:43413 - R:/192.168.151.68:52566]
2019-09-26 14:04:53,142 INFO  logging.LoggingHandler (AbstractInternalLogger.java:log(150)) - [id: 0x575642e0, L:/0.0.0.0:42472] READ: [id: 0xadd0c95f, L:/192.168.151.68:42472 - R:/192.168.151.68:58502]
2019-09-26 14:04:53,145 TRACE util.FileUtils (LogUtils.java:supplyAndLog(82)) - Successfully supplied Files.newOutputStream CREATE_NEW /workdir/ratis-examples/target/test/data/eae049c8/TestFileStoreWithNetty/filestore/s2/file02: java.nio.channels.Channels$1@7850741d
2019-09-26 14:04:53,145 INFO  logging.LoggingHandler (AbstractInternalLogger.java:log(150)) - [id: 0x575642e0, L:/0.0.0.0:42472] READ COMPLETE
2019-09-26 14:04:53,146 TRACE util.FileUtils (LogUtils.java:supplyAndLog(82)) - Successfully supplied Files.newOutputStream CREATE_NEW /workdir/ratis-examples/target/test/data/eae049c8/TestFileStoreWithNetty/filestore/s2/file05: java.nio.channels.Channels$1@3f202435
2019-09-26 14:04:53,144 TRACE util.FileUtils (LogUtils.java:supplyAndLog(82)) - Successfully supplied Files.newOutputStream CREATE_NEW /workdir/ratis-examples/target/test/data/eae049c8/TestFileStoreWithNetty/filestore/s0/file07: java.nio.channels.Channels$1@2e9bb61f
2019-09-26 14:04:53,144 TRACE util.FileUtils (LogUtils.java:supplyAndLog(82)) - Successfully supplied Files.newOutputStream CREATE_NEW /workdir/ratis-examples/target/test/data/eae049c8/TestFileStoreWithNetty/filestore/s1/file07: java.nio.channels.Channels$1@33ffe49c
2019-09-26 14:04:53,142 INFO  logging.LoggingHandler (AbstractInternalLogger.java:log(150)) - [id: 0x4f77c562, L:/0.0.0.0:43413] READ COMPLETE
2019-09-26 14:04:53,146 INFO  logging.LoggingHandler (AbstractInternalLogger.java:log(150)) - [id: 0x575642e0, L:/0.0.0.0:42472] READ: [id: 0xf583d689, L:/192.168.151.68:42472 - R:/192.168.151.68:58504]
2019-09-26 14:04:53,145 TRACE util.FileUtils (LogUtils.java:supplyAndLog(82)) - Successfully supplied Files.newOutputStream CREATE_NEW /workdir/ratis-examples/target/test/data/eae049c8/TestFileStoreWithNetty/filestore/s2/file00: java.nio.channels.Channels$1@7c690249
2019-09-26 14:04:53,148 INFO  logging.LoggingHandler (AbstractInternalLogger.java:log(150)) - [id: 0x575642e0, L:/0.0.0.0:42472] READ COMPLETE
2019-09-26 14:04:53,148 INFO  logging.LoggingHandler (AbstractInternalLogger.java:log(150)) - [id: 0x4f77c562, L:/0.0.0.0:43413] READ: [id: 0x303c425d, L:/192.168.151.68:43413 - R:/192.168.151.68:52568]
2019-09-26 14:04:53,149 INFO  logging.LoggingHandler (AbstractInternalLogger.java:log(150)) - [id: 0x4f77c562, L:/0.0.0.0:43413] READ COMPLETE
2019-09-26 14:04:53,150 INFO  logging.LoggingHandler (AbstractInternalLogger.java:log(150)) - [id: 0x4f77c562, L:/0.0.0.0:43413] READ: [id: 0x3e024f00, L:/192.168.151.68:43413 - R:/192.168.151.68:52570]
2019-09-26 14:04:53,150 INFO  logging.LoggingHandler (AbstractInternalLogger.java:log(150)) - [id: 0x4f77c562, L:/0.0.0.0:43413] READ COMPLETE
2019-09-26 14:04:53,150 INFO  logging.LoggingHandler (AbstractInternalLogger.java:log(150)) - [id: 0x4f77c562, L:/0.0.0.0:43413] READ: [id: 0xd3ec4dd1, L:/192.168.151.68:43413 - R:/192.168.151.68:52572]
2019-09-26 14:04:53,150 INFO  logging.LoggingHandler (AbstractInternalLogger.java:log(150)) - [id: 0x4f77c562, L:/0.0.0.0:43413] READ COMPLETE
2019-09-26 14:04:53,151 INFO  logging.LoggingHandler (AbstractInternalLogger.java:log(150)) - [id: 0x4f77c562, L:/0.0.0.0:43413] READ: [id: 0x9bc52a47, L:/192.168.151.68:43413 - R:/192.168.151.68:52574]
2019-09-26 14:04:53,151 INFO  logging.LoggingHandler (AbstractInternalLogger.java:log(150)) - [id: 0x4f77c562, L:/0.0.0.0:43413] READ COMPLETE
2019-09-26 14:04:53,151 INFO  logging.LoggingHandler (AbstractInternalLogger.java:log(150)) - [id: 0x4f77c562, L:/0.0.0.0:43413] READ: [id: 0x65c3bf5a, L:/192.168.151.68:43413 - R:/192.168.151.68:52576]
2019-09-26 14:04:53,151 INFO  logging.LoggingHandler (AbstractInternalLogger.java:log(150)) - [id: 0x4f77c562, L:/0.0.0.0:43413] READ COMPLETE
2019-09-26 14:04:53,152 INFO  logging.LoggingHandler (AbstractInternalLogger.java:log(150)) - [id: 0x4f77c562, L:/0.0.0.0:43413] READ: [id: 0x0df0f213, L:/192.168.151.68:43413 - R:/192.168.151.68:52578]
2019-09-26 14:04:53,152 INFO  logging.LoggingHandler (AbstractInternalLogger.java:log(150)) - [id: 0x4f77c562, L:/0.0.0.0:43413] READ COMPLETE
2019-09-26 14:04:53,153 INFO  logging.LoggingHandler (AbstractInternalLogger.java:log(150)) - [id: 0x4f77c562, L:/0.0.0.0:43413] READ: [id: 0xf5916939, L:/192.168.151.68:43413 - R:/192.168.151.68:52582]
2019-09-26 14:04:53,153 INFO  logging.LoggingHandler (AbstractInternalLogger.java:log(150)) - [id: 0x4f77c562, L:/0.0.0.0:43413] READ COMPLETE
2019-09-26 14:04:53,153 TRACE util.FileUtils (LogUtils.java:supplyAndLog(82)) - Successfully supplied Files.newOutputStream CREATE_NEW /workdir/ratis-examples/target/test/data/eae049c8/TestFileStoreWithNetty/filestore/s0/file02: java.nio.channels.Channels$1@26d05ccb
2019-09-26 14:04:53,153 TRACE util.FileUtils (LogUtils.java:supplyAndLog(82)) - Successfully supplied Files.newOutputStream CREATE_NEW /workdir/ratis-examples/target/test/data/eae049c8/TestFileStoreWithNetty/filestore/s0/file05: java.nio.channels.Channels$1@16056b87
2019-09-26 14:04:53,153 TRACE util.FileUtils (LogUtils.java:supplyAndLog(82)) - Successfully supplied Files.newOutputStream CREATE_NEW /workdir/ratis-examples/target/test/data/eae049c8/TestFileStoreWithNetty/filestore/s0/file00: java.nio.channels.Channels$1@29514eb7
2019-09-26 14:04:53,157 TRACE util.FileUtils (LogUtils.java:supplyAndLog(82)) - Successfully supplied Files.newOutputStream CREATE_NEW /workdir/ratis-examples/target/test/data/eae049c8/TestFileStoreWithNetty/filestore/s1/file02: java.nio.channels.Channels$1@2d8ba04e
2019-09-26 14:04:53,158 TRACE util.FileUtils (LogUtils.java:supplyAndLog(82)) - Successfully supplied Files.newOutputStream CREATE_NEW /workdir/ratis-examples/target/test/data/eae049c8/TestFileStoreWithNetty/filestore/s1/file00: java.nio.channels.Channels$1@6dde2bc9
2019-09-26 14:04:53,158 TRACE util.FileUtils (LogUtils.java:supplyAndLog(82)) - Successfully supplied Files.newOutputStream CREATE_NEW /workdir/ratis-examples/target/test/data/eae049c8/TestFileStoreWithNetty/filestore/s1/file05: java.nio.channels.Channels$1@234c5b8f
2019-09-26 14:04:53,160 INFO  logging.LoggingHandler (AbstractInternalLogger.java:log(150)) - [id: 0x4f77c562, L:/0.0.0.0:43413] READ: [id: 0x6d3d0b0d, L:/192.168.151.68:43413 - R:/192.168.151.68:52584]
2019-09-26 14:04:53,160 INFO  logging.LoggingHandler (AbstractInternalLogger.java:log(150)) - [id: 0x4f77c562, L:/0.0.0.0:43413] READ COMPLETE
2019-09-26 14:04:53,170 TRACE util.FileUtils (LogUtils.java:supplyAndLog(82)) - Successfully supplied Files.newOutputStream CREATE_NEW /workdir/ratis-examples/target/test/data/eae049c8/TestFileStoreWithNetty/filestore/s2/file15: java.nio.channels.Channels$1@7e8dd9dc
2019-09-26 14:04:53,170 TRACE util.FileUtils (LogUtils.java:supplyAndLog(82)) - Successfully supplied Files.newOutputStream CREATE_NEW /workdir/ratis-examples/target/test/data/eae049c8/TestFileStoreWithNetty/filestore/s2/file10: java.nio.channels.Channels$1@8a41822
2019-09-26 14:04:53,170 TRACE util.FileUtils (LogUtils.java:supplyAndLog(82)) - Successfully supplied Files.newOutputStream CREATE_NEW /workdir/ratis-examples/target/test/data/eae049c8/TestFileStoreWithNetty/filestore/s2/file11: java.nio.channels.Channels$1@56923116
2019-09-26 14:04:53,171 TRACE util.FileUtils (LogUtils.java:supplyAndLog(82)) - Successfully supplied Files.newOutputStream CREATE_NEW /workdir/ratis-examples/target/test/data/eae049c8/TestFileStoreWithNetty/filestore/s1/file15: java.nio.channels.Channels$1@abd7d1b
2019-09-26 14:04:53,183 TRACE util.FileUtils (LogUtils.java:supplyAndLog(82)) - Successfully supplied Files.newOutputStream CREATE_NEW /workdir/ratis-examples/target/test/data/eae049c8/TestFileStoreWithNetty/filestore/s2/file06: java.nio.channels.Channels$1@1584b36f
2019-09-26 14:04:53,183 TRACE util.FileUtils (LogUtils.java:supplyAndLog(82)) - Successfully supplied Files.newOutputStream CREATE_NEW /workdir/ratis-examples/target/test/data/eae049c8/TestFileStoreWithNetty/filestore/s0/file10: java.nio.channels.Channels$1@281805ca
2019-09-26 14:04:53,183 TRACE util.FileUtils (LogUtils.java:supplyAndLog(82)) - Successfully supplied Files.newOutputStream CREATE_NEW /workdir/ratis-examples/target/test/data/eae049c8/TestFileStoreWithNetty/filestore/s0/file11: java.nio.channels.Channels$1@3e6daf37
2019-09-26 14:04:53,186 TRACE util.FileUtils (LogUtils.java:supplyAndLog(82)) - Successfully supplied Files.newOutputStream CREATE_NEW /workdir/ratis-examples/target/test/data/eae049c8/TestFileStoreWithNetty/filestore/s1/file10: java.nio.channels.Channels$1@64492a7d
2019-09-26 14:04:53,183 TRACE util.FileUtils (LogUtils.java:supplyAndLog(82)) - Successfully supplied Files.newOutputStream CREATE_NEW /workdir/ratis-examples/target/test/data/eae049c8/TestFileStoreWithNetty/filestore/s0/file15: java.nio.channels.Channels$1@d171674
2019-09-26 14:04:53,187 TRACE util.FileUtils (LogUtils.java:supplyAndLog(82)) - Successfully supplied Files.newOutputStream CREATE_NEW /workdir/ratis-examples/target/test/data/eae049c8/TestFileStoreWithNetty/filestore/s1/file06: java.nio.channels.Channels$1@7361178c
2019-09-26 14:04:53,186 TRACE util.FileUtils (LogUtils.java:supplyAndLog(82)) - Successfully supplied Files.newOutputStream CREATE_NEW /workdir/ratis-examples/target/test/data/eae049c8/TestFileStoreWithNetty/filestore/s1/file11: java.nio.channels.Channels$1@40cbbe50
2019-09-26 14:04:53,191 TRACE util.FileUtils (LogUtils.java:supplyAndLog(82)) - Successfully supplied Files.newOutputStream CREATE_NEW /workdir/ratis-examples/target/test/data/eae049c8/TestFileStoreWithNetty/filestore/s0/file06: java.nio.channels.Channels$1@6e48bc3d
2019-09-26 14:04:53,196 TRACE util.FileUtils (LogUtils.java:supplyAndLog(82)) - Successfully supplied Files.newOutputStream CREATE_NEW /workdir/ratis-examples/target/test/data/eae049c8/TestFileStoreWithNetty/filestore/s2/file08: java.nio.channels.Channels$1@1e8879a7
2019-09-26 14:04:53,207 TRACE util.FileUtils (LogUtils.java:supplyAndLog(82)) - Successfully supplied Files.newOutputStream CREATE_NEW /workdir/ratis-examples/target/test/data/eae049c8/TestFileStoreWithNetty/filestore/s1/file08: java.nio.channels.Channels$1@3d380c93
2019-09-26 14:04:53,208 TRACE util.FileUtils (LogUtils.java:supplyAndLog(82)) - Successfully supplied Files.newOutputStream CREATE_NEW /workdir/ratis-examples/target/test/data/eae049c8/TestFileStoreWithNetty/filestore/s0/file08: java.nio.channels.Channels$1@2817b661
2019-09-26 14:04:53,220 TRACE util.FileUtils (LogUtils.java:supplyAndLog(82)) - Successfully supplied Files.newOutputStream CREATE_NEW /workdir/ratis-examples/target/test/data/eae049c8/TestFileStoreWithNetty/filestore/s2/file12: java.nio.channels.Channels$1@704a387d
2019-09-26 14:04:53,230 TRACE util.FileUtils (LogUtils.java:supplyAndLog(82)) - Successfully supplied Files.newOutputStream CREATE_NEW /workdir/ratis-examples/target/test/data/eae049c8/TestFileStoreWithNetty/filestore/s0/file12: java.nio.channels.Channels$1@6d1a8ead
2019-09-26 14:04:53,231 TRACE util.FileUtils (LogUtils.java:supplyAndLog(82)) - Successfully supplied Files.newOutputStream CREATE_NEW /workdir/ratis-examples/target/test/data/eae049c8/TestFileStoreWithNetty/filestore/s1/file12: java.nio.channels.Channels$1@7a4c77e4
2019-09-26 14:04:53,230 TRACE util.FileUtils (LogUtils.java:supplyAndLog(82)) - Successfully supplied Files.newOutputStream CREATE_NEW /workdir/ratis-examples/target/test/data/eae049c8/TestFileStoreWithNetty/filestore/s2/file14: java.nio.channels.Channels$1@5855d5b4
2019-09-26 14:04:53,244 TRACE util.FileUtils (LogUtils.java:supplyAndLog(82)) - Successfully supplied Files.newOutputStream CREATE_NEW /workdir/ratis-examples/target/test/data/eae049c8/TestFileStoreWithNetty/filestore/s2/file18: java.nio.channels.Channels$1@11bb3507
2019-09-26 14:04:53,244 TRACE util.FileUtils (LogUtils.java:supplyAndLog(82)) - Successfully supplied Files.newOutputStream CREATE_NEW /workdir/ratis-examples/target/test/data/eae049c8/TestFileStoreWithNetty/filestore/s0/file14: java.nio.channels.Channels$1@3d0e9a6
2019-09-26 14:04:53,245 TRACE util.FileUtils (LogUtils.java:supplyAndLog(82)) - Successfully supplied Files.newOutputStream CREATE_NEW /workdir/ratis-examples/target/test/data/eae049c8/TestFileStoreWithNetty/filestore/s2/file13: java.nio.channels.Channels$1@54b9b954
2019-09-26 14:04:53,245 TRACE util.FileUtils (LogUtils.java:supplyAndLog(82)) - Successfully supplied Files.newOutputStream CREATE_NEW /workdir/ratis-examples/target/test/data/eae049c8/TestFileStoreWithNetty/filestore/s1/file14: java.nio.channels.Channels$1@36639784
2019-09-26 14:04:53,245 TRACE util.FileUtils (LogUtils.java:supplyAndLog(82)) - Successfully supplied Files.newOutputStream CREATE_NEW /workdir/ratis-examples/target/test/data/eae049c8/TestFileStoreWithNetty/filestore/s1/file18: java.nio.channels.Channels$1@4d363e7e
2019-09-26 14:04:53,247 TRACE util.FileUtils (LogUtils.java:supplyAndLog(82)) - Successfully supplied Files.newOutputStream CREATE_NEW /workdir/ratis-examples/target/test/data/eae049c8/TestFileStoreWithNetty/filestore/s2/file19: java.nio.channels.Channels$1@31e7cda1
2019-09-26 14:04:53,247 TRACE util.FileUtils (LogUtils.java:supplyAndLog(82)) - Successfully supplied Files.newOutputStream CREATE_NEW /workdir/ratis-examples/target/test/data/eae049c8/TestFileStoreWithNetty/filestore/s0/file18: java.nio.channels.Channels$1@441baa5a
2019-09-26 14:04:53,248 TRACE util.FileUtils (LogUtils.java:supplyAndLog(82)) - Successfully supplied Files.newOutputStream CREATE_NEW /workdir/ratis-examples/target/test/data/eae049c8/TestFileStoreWithNetty/filestore/s0/file13: java.nio.channels.Channels$1@205c5dbc
2019-09-26 14:04:53,249 TRACE util.FileUtils (LogUtils.java:supplyAndLog(82)) - Successfully supplied Files.newOutputStream CREATE_NEW /workdir/ratis-examples/target/test/data/eae049c8/TestFileStoreWithNetty/filestore/s1/file13: java.nio.channels.Channels$1@6319d802
2019-09-26 14:04:53,250 TRACE util.FileUtils (LogUtils.java:supplyAndLog(82)) - Successfully supplied Files.newOutputStream CREATE_NEW /workdir/ratis-examples/target/test/data/eae049c8/TestFileStoreWithNetty/filestore/s2/file17: java.nio.channels.Channels$1@72aee3b4
2019-09-26 14:04:53,249 TRACE util.FileUtils (LogUtils.java:supplyAndLog(82)) - Successfully supplied Files.newOutputStream CREATE_NEW /workdir/ratis-examples/target/test/data/eae049c8/TestFileStoreWithNetty/filestore/s2/file16: java.nio.channels.Channels$1@1ab7feae
2019-09-26 14:04:53,250 TRACE util.FileUtils (LogUtils.java:supplyAndLog(82)) - Successfully supplied Files.newOutputStream CREATE_NEW /workdir/ratis-examples/target/test/data/eae049c8/TestFileStoreWithNetty/filestore/s1/file19: java.nio.channels.Channels$1@2e651e0b
2019-09-26 14:04:53,251 TRACE util.FileUtils (LogUtils.java:supplyAndLog(82)) - Successfully supplied Files.newOutputStream CREATE_NEW /workdir/ratis-examples/target/test/data/eae049c8/TestFileStoreWithNetty/filestore/s0/file17: java.nio.channels.Channels$1@2796a5ed
2019-09-26 14:04:53,251 TRACE util.FileUtils (LogUtils.java:supplyAndLog(82)) - Successfully supplied Files.newOutputStream CREATE_NEW /workdir/ratis-examples/target/test/data/eae049c8/TestFileStoreWithNetty/filestore/s0/file16: java.nio.channels.Channels$1@2c2837bb
2019-09-26 14:04:53,251 TRACE util.FileUtils (LogUtils.java:supplyAndLog(82)) - Successfully supplied Files.newOutputStream CREATE_NEW /workdir/ratis-examples/target/test/data/eae049c8/TestFileStoreWithNetty/filestore/s0/file19: java.nio.channels.Channels$1@18c29737
2019-09-26 14:04:53,252 TRACE util.FileUtils (LogUtils.java:supplyAndLog(82)) - Successfully supplied Files.newOutputStream CREATE_NEW /workdir/ratis-examples/target/test/data/eae049c8/TestFileStoreWithNetty/filestore/s1/file16: java.nio.channels.Channels$1@39078fec
2019-09-26 14:04:53,253 TRACE util.FileUtils (LogUtils.java:supplyAndLog(82)) - Successfully supplied Files.newOutputStream CREATE_NEW /workdir/ratis-examples/target/test/data/eae049c8/TestFileStoreWithNetty/filestore/s1/file17: java.nio.channels.Channels$1@2773cb3e
2019-09-26 14:04:53,256 TRACE util.FileUtils (LogUtils.java:supplyAndLog(82)) - Successfully supplied Files.newOutputStream CREATE_NEW /workdir/ratis-examples/target/test/data/eae049c8/TestFileStoreWithNetty/filestore/s2/file09: java.nio.channels.Channels$1@5c6a5a66
2019-09-26 14:04:53,257 TRACE util.FileUtils (LogUtils.java:supplyAndLog(82)) - Successfully supplied Files.newOutputStream CREATE_NEW /workdir/ratis-examples/target/test/data/eae049c8/TestFileStoreWithNetty/filestore/s1/file09: java.nio.channels.Channels$1@748b86dd
2019-09-26 14:04:53,257 TRACE util.FileUtils (LogUtils.java:supplyAndLog(82)) - Successfully supplied Files.newOutputStream CREATE_NEW /workdir/ratis-examples/target/test/data/eae049c8/TestFileStoreWithNetty/filestore/s0/file09: java.nio.channels.Channels$1@7ef7d04
2019-09-26 14:05:00,717 INFO  ratis.MiniRaftCluster (MiniRaftCluster.java:lambda$null$5(297)) - TIMED-PRINT: printing ALL groups
  s0:  RUNNING  FOLLOWER s0@group-CE94C192A811:t9, leader=s2, voted=s2, raftlog=s0@group-CE94C192A811-SegmentedRaftLog:OPENED:c9012,f9017,i9021, conf=1: [s0:0.0.0.0:42472, s1:0.0.0.0:46526, s2:0.0.0.0:43413], old=null RUNNING
  s1:  RUNNING  FOLLOWER s1@group-CE94C192A811:t9, leader=s2, voted=null, raftlog=s1@group-CE94C192A811-SegmentedRaftLog:OPENED:c9016,f9018,i9021, conf=1: [s0:0.0.0.0:42472, s1:0.0.0.0:46526, s2:0.0.0.0:43413], old=null RUNNING
  s2:  RUNNING    LEADER s2@group-CE94C192A811:t9, leader=s2, voted=s2, raftlog=s2@group-CE94C192A811-SegmentedRaftLog:OPENED:c9017,f9021,i9021, conf=1: [s0:0.0.0.0:42472, s1:0.0.0.0:46526, s2:0.0.0.0:43413], old=null RUNNING
2019-09-26 14:05:04,370 INFO  logging.LoggingHandler (AbstractInternalLogger.java:log(150)) - [id: 0x575642e0, L:/0.0.0.0:42472] READ: [id: 0x7e3fb062, L:/192.168.151.68:42472 - R:/192.168.151.68:58566]
2019-09-26 14:05:04,371 INFO  logging.LoggingHandler (AbstractInternalLogger.java:log(150)) - [id: 0x575642e0, L:/0.0.0.0:42472] READ COMPLETE
2019-09-26 14:05:04,376 INFO  logging.LoggingHandler (AbstractInternalLogger.java:log(150)) - [id: 0x4f77c562, L:/0.0.0.0:43413] READ: [id: 0xc930ac77, L:/192.168.151.68:43413 - R:/192.168.151.68:52606]
2019-09-26 14:05:04,377 INFO  logging.LoggingHandler (AbstractInternalLogger.java:log(150)) - [id: 0x4f77c562, L:/0.0.0.0:43413] READ COMPLETE
2019-09-26 14:05:04,388 INFO  logging.LoggingHandler (AbstractInternalLogger.java:log(150)) - [id: 0x575642e0, L:/0.0.0.0:42472] READ: [id: 0x50111550, L:/192.168.151.68:42472 - R:/192.168.151.68:58570]
2019-09-26 14:05:04,388 INFO  logging.LoggingHandler (AbstractInternalLogger.java:log(150)) - [id: 0x575642e0, L:/0.0.0.0:42472] READ COMPLETE
2019-09-26 14:05:04,403 INFO  logging.LoggingHandler (AbstractInternalLogger.java:log(150)) - [id: 0x4f77c562, L:/0.0.0.0:43413] READ: [id: 0x6c63a625, L:/192.168.151.68:43413 - R:/192.168.151.68:52610]
2019-09-26 14:05:04,403 INFO  logging.LoggingHandler (AbstractInternalLogger.java:log(150)) - [id: 0x575642e0, L:/0.0.0.0:42472] READ: [id: 0x2e5751bd, L:/192.168.151.68:42472 - R:/192.168.151.68:58574]
2019-09-26 14:05:04,403 INFO  logging.LoggingHandler (AbstractInternalLogger.java:log(150)) - [id: 0x4f77c562, L:/0.0.0.0:43413] READ COMPLETE
2019-09-26 14:05:04,404 INFO  logging.LoggingHandler (AbstractInternalLogger.java:log(150)) - [id: 0x575642e0, L:/0.0.0.0:42472] READ COMPLETE
2019-09-26 14:05:04,408 INFO  logging.LoggingHandler (AbstractInternalLogger.java:log(150)) - [id: 0x4f77c562, L:/0.0.0.0:43413] READ: [id: 0x22e4e1b5, L:/192.168.151.68:43413 - R:/192.168.151.68:52614]
2019-09-26 14:05:04,408 INFO  logging.LoggingHandler (AbstractInternalLogger.java:log(150)) - [id: 0x4f77c562, L:/0.0.0.0:43413] READ COMPLETE
2019-09-26 14:05:04,435 INFO  logging.LoggingHandler (AbstractInternalLogger.java:log(150)) - [id: 0x575642e0, L:/0.0.0.0:42472] READ: [id: 0xf43af4af, L:/192.168.151.68:42472 - R:/192.168.151.68:58578]
2019-09-26 14:05:04,435 INFO  logging.LoggingHandler (AbstractInternalLogger.java:log(150)) - [id: 0x575642e0, L:/0.0.0.0:42472] READ COMPLETE
2019-09-26 14:05:04,436 INFO  logging.LoggingHandler (AbstractInternalLogger.java:log(150)) - [id: 0x575642e0, L:/0.0.0.0:42472] READ: [id: 0x16eb62a6, L:/192.168.151.68:42472 - R:/192.168.151.68:58580]
2019-09-26 14:05:04,436 INFO  logging.LoggingHandler (AbstractInternalLogger.java:log(150)) - [id: 0x575642e0, L:/0.0.0.0:42472] READ COMPLETE
2019-09-26 14:05:04,437 INFO  logging.LoggingHandler (AbstractInternalLogger.java:log(150)) - [id: 0x4f77c562, L:/0.0.0.0:43413] READ: [id: 0x1aaa39ca, L:/192.168.151.68:43413 - R:/192.168.151.68:52620]
2019-09-26 14:05:04,438 INFO  logging.LoggingHandler (AbstractInternalLogger.java:log(150)) - [id: 0x4f77c562, L:/0.0.0.0:43413] READ COMPLETE
2019-09-26 14:05:04,439 INFO  logging.LoggingHandler (AbstractInternalLogger.java:log(150)) - [id: 0x4f77c562, L:/0.0.0.0:43413] READ: [id: 0xa814fc3a, L:/192.168.151.68:43413 - R:/192.168.151.68:52622]
2019-09-26 14:05:04,439 INFO  logging.LoggingHandler (AbstractInternalLogger.java:log(150)) - [id: 0x4f77c562, L:/0.0.0.0:43413] READ COMPLETE
2019-09-26 14:05:04,461 INFO  logging.LoggingHandler (AbstractInternalLogger.java:log(150)) - [id: 0x575642e0, L:/0.0.0.0:42472] READ: [id: 0x3b92451f, L:/192.168.151.68:42472 - R:/192.168.151.68:58586]
2019-09-26 14:05:04,461 INFO  logging.LoggingHandler (AbstractInternalLogger.java:log(150)) - [id: 0x575642e0, L:/0.0.0.0:42472] READ COMPLETE
2019-09-26 14:05:04,462 TRACE util.FileUtils (LogUtils.java:supplyAndLog(82)) - Successfully supplied Files.newOutputStream CREATE_NEW /workdir/ratis-examples/target/test/data/eae049c8/TestFileStoreWithNetty/filestore/s2/file20: java.nio.channels.Channels$1@5588e552
2019-09-26 14:05:04,480 TRACE util.FileUtils (LogUtils.java:supplyAndLog(82)) - Successfully supplied Files.newOutputStream CREATE_NEW /workdir/ratis-examples/target/test/data/eae049c8/TestFileStoreWithNetty/filestore/s1/file20: java.nio.channels.Channels$1@70b41c94
2019-09-26 14:05:04,481 TRACE util.FileUtils (LogUtils.java:supplyAndLog(82)) - Successfully supplied Files.newOutputStream CREATE_NEW /workdir/ratis-examples/target/test/data/eae049c8/TestFileStoreWithNetty/filestore/s0/file20: java.nio.channels.Channels$1@6a77352c
2019-09-26 14:05:04,483 INFO  logging.LoggingHandler (AbstractInternalLogger.java:log(150)) - [id: 0x4f77c562, L:/0.0.0.0:43413] READ: [id: 0xb1fdf06b, L:/192.168.151.68:43413 - R:/192.168.151.68:52626]
2019-09-26 14:05:04,483 INFO  logging.LoggingHandler (AbstractInternalLogger.java:log(150)) - [id: 0x4f77c562, L:/0.0.0.0:43413] READ COMPLETE
2019-09-26 14:05:04,495 TRACE util.FileUtils (LogUtils.java:supplyAndLog(82)) - Successfully supplied Files.newOutputStream CREATE_NEW /workdir/ratis-examples/target/test/data/eae049c8/TestFileStoreWithNetty/filestore/s0/file24: java.nio.channels.Channels$1@40242601
2019-09-26 14:05:04,495 TRACE util.FileUtils (LogUtils.java:supplyAndLog(82)) - Successfully supplied Files.newOutputStream CREATE_NEW /workdir/ratis-examples/target/test/data/eae049c8/TestFileStoreWithNetty/filestore/s2/file24: java.nio.channels.Channels$1@7f5e32fa
2019-09-26 14:05:04,496 TRACE util.FileUtils (LogUtils.java:supplyAndLog(82)) - Successfully supplied Files.newOutputStream CREATE_NEW /workdir/ratis-examples/target/test/data/eae049c8/TestFileStoreWithNetty/filestore/s1/file24: java.nio.channels.Channels$1@4e0c5839
2019-09-26 14:05:04,498 INFO  logging.LoggingHandler (AbstractInternalLogger.java:log(150)) - [id: 0x575642e0, L:/0.0.0.0:42472] READ: [id: 0x268e77b2, L:/192.168.151.68:42472 - R:/192.168.151.68:58590]
2019-09-26 14:05:04,498 INFO  logging.LoggingHandler (AbstractInternalLogger.java:log(150)) - [id: 0x575642e0, L:/0.0.0.0:42472] READ COMPLETE
2019-09-26 14:05:04,501 INFO  logging.LoggingHandler (AbstractInternalLogger.java:log(150)) - [id: 0x4f77c562, L:/0.0.0.0:43413] READ: [id: 0xc75ac40a, L:/192.168.151.68:43413 - R:/192.168.151.68:52630]
2019-09-26 14:05:04,502 INFO  logging.LoggingHandler (AbstractInternalLogger.java:log(150)) - [id: 0x4f77c562, L:/0.0.0.0:43413] READ COMPLETE
2019-09-26 14:05:04,513 INFO  logging.LoggingHandler (AbstractInternalLogger.java:log(150)) - [id: 0x575642e0, L:/0.0.0.0:42472] READ: [id: 0xd62419ec, L:/192.168.151.68:42472 - R:/192.168.151.68:58594]
2019-09-26 14:05:04,514 INFO  logging.LoggingHandler (AbstractInternalLogger.java:log(150)) - [id: 0x575642e0, L:/0.0.0.0:42472] READ COMPLETE
2019-09-26 14:05:04,514 INFO  logging.LoggingHandler (AbstractInternalLogger.java:log(150)) - [id: 0x575642e0, L:/0.0.0.0:42472] READ: [id: 0x643a6490, L:/192.168.151.68:42472 - R:/192.168.151.68:58596]
2019-09-26 14:05:04,514 INFO  logging.LoggingHandler (AbstractInternalLogger.java:log(150)) - [id: 0x575642e0, L:/0.0.0.0:42472] READ COMPLETE
2019-09-26 14:05:04,515 INFO  logging.LoggingHandler (AbstractInternalLogger.java:log(150)) - [id: 0x575642e0, L:/0.0.0.0:42472] READ: [id: 0xb9d4c8a8, L:/192.168.151.68:42472 - R:/192.168.151.68:58598]
2019-09-26 14:05:04,515 INFO  logging.LoggingHandler (AbstractInternalLogger.java:log(150)) - [id: 0x575642e0, L:/0.0.0.0:42472] READ COMPLETE
2019-09-26 14:05:04,516 INFO  logging.LoggingHandler (AbstractInternalLogger.java:log(150)) - [id: 0x4f77c562, L:/0.0.0.0:43413] READ: [id: 0xe182d66f, L:/192.168.151.68:43413 - R:/192.168.151.68:52638]
2019-09-26 14:05:04,520 INFO  logging.LoggingHandler (AbstractInternalLogger.java:log(150)) - [id: 0x4f77c562, L:/0.0.0.0:43413] READ COMPLETE
2019-09-26 14:05:04,520 INFO  logging.LoggingHandler (AbstractInternalLogger.java:log(150)) - [id: 0x575642e0, L:/0.0.0.0:42472] READ: [id: 0x197c8be4, L:/192.168.151.68:42472 - R:/192.168.151.68:58602]
2019-09-26 14:05:04,520 INFO  logging.LoggingHandler (AbstractInternalLogger.java:log(150)) - [id: 0x575642e0, L:/0.0.0.0:42472] READ COMPLETE
2019-09-26 14:05:04,520 INFO  logging.LoggingHandler (AbstractInternalLogger.java:log(150)) - [id: 0x4f77c562, L:/0.0.0.0:43413] READ: [id: 0x98a75069, L:/192.168.151.68:43413 - R:/192.168.151.68:52644]
2019-09-26 14:05:04,521 INFO  logging.LoggingHandler (AbstractInternalLogger.java:log(150)) - [id: 0x575642e0, L:/0.0.0.0:42472] READ: [id: 0x3ce6ce0f, L:/192.168.151.68:42472 - R:/192.168.151.68:58604]
2019-09-26 14:05:04,521 INFO  logging.LoggingHandler (AbstractInternalLogger.java:log(150)) - [id: 0x4f77c562, L:/0.0.0.0:43413] READ COMPLETE
2019-09-26 14:05:04,521 INFO  logging.LoggingHandler (AbstractInternalLogger.java:log(150)) - [id: 0x575642e0, L:/0.0.0.0:42472] READ COMPLETE
2019-09-26 14:05:04,522 INFO  logging.LoggingHandler (AbstractInternalLogger.java:log(150)) - [id: 0x4f77c562, L:/0.0.0.0:43413] READ: [id: 0xb4dc3e6c, L:/192.168.151.68:43413 - R:/192.168.151.68:52646]
2019-09-26 14:05:04,522 INFO  logging.LoggingHandler (AbstractInternalLogger.java:log(150)) - [id: 0x4f77c562, L:/0.0.0.0:43413] READ COMPLETE
2019-09-26 14:05:04,523 INFO  logging.LoggingHandler (AbstractInternalLogger.java:log(150)) - [id: 0x4f77c562, L:/0.0.0.0:43413] READ: [id: 0xe48b9ca4, L:/192.168.151.68:43413 - R:/192.168.151.68:52648]
2019-09-26 14:05:04,523 INFO  logging.LoggingHandler (AbstractInternalLogger.java:log(150)) - [id: 0x4f77c562, L:/0.0.0.0:43413] READ COMPLETE
2019-09-26 14:05:04,541 TRACE util.FileUtils (LogUtils.java:supplyAndLog(82)) - Successfully supplied Files.newOutputStream CREATE_NEW /workdir/ratis-examples/target/test/data/eae049c8/TestFileStoreWithNetty/filestore/s2/file22: java.nio.channels.Channels$1@5fb5739c
2019-09-26 14:05:04,542 INFO  logging.LoggingHandler (AbstractInternalLogger.java:log(150)) - [id: 0x4f77c562, L:/0.0.0.0:43413] READ: [id: 0x675e55a7, L:/192.168.151.68:43413 - R:/192.168.151.68:52650]
2019-09-26 14:05:04,542 INFO  logging.LoggingHandler (AbstractInternalLogger.java:log(150)) - [id: 0x4f77c562, L:/0.0.0.0:43413] READ COMPLETE
2019-09-26 14:05:04,552 TRACE util.FileUtils (LogUtils.java:supplyAndLog(82)) - Successfully supplied Files.newOutputStream CREATE_NEW /workdir/ratis-examples/target/test/data/eae049c8/TestFileStoreWithNetty/filestore/s1/file22: java.nio.channels.Channels$1@627151b4
2019-09-26 14:05:04,554 TRACE util.FileUtils (LogUtils.java:supplyAndLog(82)) - Successfully supplied Files.newOutputStream CREATE_NEW /workdir/ratis-examples/target/test/data/eae049c8/TestFileStoreWithNetty/filestore/s0/file22: java.nio.channels.Channels$1@6ff5e6df
2019-09-26 14:05:04,578 TRACE util.FileUtils (LogUtils.java:supplyAndLog(82)) - Successfully supplied Files.newOutputStream CREATE_NEW /workdir/ratis-examples/target/test/data/eae049c8/TestFileStoreWithNetty/filestore/s2/file23: java.nio.channels.Channels$1@35d84f45
2019-09-26 14:05:04,579 TRACE util.FileUtils (LogUtils.java:supplyAndLog(82)) - Successfully supplied Files.newOutputStream CREATE_NEW /workdir/ratis-examples/target/test/data/eae049c8/TestFileStoreWithNetty/filestore/s2/file21: java.nio.channels.Channels$1@7475b2ac
2019-09-26 14:05:04,580 TRACE util.FileUtils (LogUtils.java:supplyAndLog(82)) - Successfully supplied Files.newOutputStream CREATE_NEW /workdir/ratis-examples/target/test/data/eae049c8/TestFileStoreWithNetty/filestore/s1/file23: java.nio.channels.Channels$1@672640b9
2019-09-26 14:05:04,580 TRACE util.FileUtils (LogUtils.java:supplyAndLog(82)) - Successfully supplied Files.newOutputStream CREATE_NEW /workdir/ratis-examples/target/test/data/eae049c8/TestFileStoreWithNetty/filestore/s1/file21: java.nio.channels.Channels$1@42f7328
2019-09-26 14:05:04,593 TRACE util.FileUtils (LogUtils.java:supplyAndLog(82)) - Successfully supplied Files.newOutputStream CREATE_NEW /workdir/ratis-examples/target/test/data/eae049c8/TestFileStoreWithNetty/filestore/s0/file23: java.nio.channels.Channels$1@2463dd6f
2019-09-26 14:05:04,593 TRACE util.FileUtils (LogUtils.java:supplyAndLog(82)) - Successfully supplied Files.newOutputStream CREATE_NEW /workdir/ratis-examples/target/test/data/eae049c8/TestFileStoreWithNetty/filestore/s2/file28: java.nio.channels.Channels$1@65a72b47
2019-09-26 14:05:04,593 TRACE util.FileUtils (LogUtils.java:supplyAndLog(82)) - Successfully supplied Files.newOutputStream CREATE_NEW /workdir/ratis-examples/target/test/data/eae049c8/TestFileStoreWithNetty/filestore/s0/file21: java.nio.channels.Channels$1@2f75b606
2019-09-26 14:05:04,594 TRACE util.FileUtils (LogUtils.java:supplyAndLog(82)) - Successfully supplied Files.newOutputStream CREATE_NEW /workdir/ratis-examples/target/test/data/eae049c8/TestFileStoreWithNetty/filestore/s1/file28: java.nio.channels.Channels$1@47a923c
2019-09-26 14:05:04,621 TRACE util.FileUtils (LogUtils.java:supplyAndLog(82)) - Successfully supplied Files.newOutputStream CREATE_NEW /workdir/ratis-examples/target/test/data/eae049c8/TestFileStoreWithNetty/filestore/s0/file28: java.nio.channels.Channels$1@692abc5a
2019-09-26 14:05:04,630 TRACE util.FileUtils (LogUtils.java:supplyAndLog(82)) - Successfully supplied Files.newOutputStream CREATE_NEW /workdir/ratis-examples/target/test/data/eae049c8/TestFileStoreWithNetty/filestore/s2/file26: java.nio.channels.Channels$1@4b40e162
2019-09-26 14:05:04,630 TRACE util.FileUtils (LogUtils.java:supplyAndLog(82)) - Successfully supplied Files.newOutputStream CREATE_NEW /workdir/ratis-examples/target/test/data/eae049c8/TestFileStoreWithNetty/filestore/s0/file26: java.nio.channels.Channels$1@61615787
2019-09-26 14:05:04,636 TRACE util.FileUtils (LogUtils.java:supplyAndLog(82)) - Successfully supplied Files.newOutputStream CREATE_NEW /workdir/ratis-examples/target/test/data/eae049c8/TestFileStoreWithNetty/filestore/s1/file26: java.nio.channels.Channels$1@71fa577
2019-09-26 14:05:04,636 TRACE util.FileUtils (LogUtils.java:supplyAndLog(82)) - Successfully supplied Files.newOutputStream CREATE_NEW /workdir/ratis-examples/target/test/data/eae049c8/TestFileStoreWithNetty/filestore/s2/file25: java.nio.channels.Channels$1@3ff16bee
2019-09-26 14:05:04,636 TRACE util.FileUtils (LogUtils.java:supplyAndLog(82)) - Successfully supplied Files.newOutputStream CREATE_NEW /workdir/ratis-examples/target/test/data/eae049c8/TestFileStoreWithNetty/filestore/s2/file29: java.nio.channels.Channels$1@33b8fcd1
2019-09-26 14:05:04,636 TRACE util.FileUtils (LogUtils.java:supplyAndLog(82)) - Successfully supplied Files.newOutputStream CREATE_NEW /workdir/ratis-examples/target/test/data/eae049c8/TestFileStoreWithNetty/filestore/s2/file30: java.nio.channels.Channels$1@1968df8f
2019-09-26 14:05:04,642 TRACE util.FileUtils (LogUtils.java:supplyAndLog(82)) - Successfully supplied Files.newOutputStream CREATE_NEW /workdir/ratis-examples/target/test/data/eae049c8/TestFileStoreWithNetty/filestore/s2/file27: java.nio.channels.Channels$1@76916939
2019-09-26 14:05:04,642 TRACE util.FileUtils (LogUtils.java:supplyAndLog(82)) - Successfully supplied Files.newOutputStream CREATE_NEW /workdir/ratis-examples/target/test/data/eae049c8/TestFileStoreWithNetty/filestore/s0/file29: java.nio.channels.Channels$1@61321551
2019-09-26 14:05:04,642 TRACE util.FileUtils (LogUtils.java:supplyAndLog(82)) - Successfully supplied Files.newOutputStream CREATE_NEW /workdir/ratis-examples/target/test/data/eae049c8/TestFileStoreWithNetty/filestore/s1/file30: java.nio.channels.Channels$1@4909b300
2019-09-26 14:05:04,642 TRACE util.FileUtils (LogUtils.java:supplyAndLog(82)) - Successfully supplied Files.newOutputStream CREATE_NEW /workdir/ratis-examples/target/test/data/eae049c8/TestFileStoreWithNetty/filestore/s0/file25: java.nio.channels.Channels$1@42ede39d
2019-09-26 14:05:04,642 TRACE util.FileUtils (LogUtils.java:supplyAndLog(82)) - Successfully supplied Files.newOutputStream CREATE_NEW /workdir/ratis-examples/target/test/data/eae049c8/TestFileStoreWithNetty/filestore/s1/file25: java.nio.channels.Channels$1@4a33d520
2019-09-26 14:05:04,642 TRACE util.FileUtils (LogUtils.java:supplyAndLog(82)) - Successfully supplied Files.newOutputStream CREATE_NEW /workdir/ratis-examples/target/test/data/eae049c8/TestFileStoreWithNetty/filestore/s1/file29: java.nio.channels.Channels$1@6076a22c
2019-09-26 14:05:04,642 TRACE util.FileUtils (LogUtils.java:supplyAndLog(82)) - Successfully supplied Files.newOutputStream CREATE_NEW /workdir/ratis-examples/target/test/data/eae049c8/TestFileStoreWithNetty/filestore/s0/file30: java.nio.channels.Channels$1@4d3883b0
2019-09-26 14:05:04,648 TRACE util.FileUtils (LogUtils.java:supplyAndLog(82)) - Successfully supplied Files.newOutputStream CREATE_NEW /workdir/ratis-examples/target/test/data/eae049c8/TestFileStoreWithNetty/filestore/s0/file27: java.nio.channels.Channels$1@23a925c7
2019-09-26 14:05:04,648 TRACE util.FileUtils (LogUtils.java:supplyAndLog(82)) - Successfully supplied Files.newOutputStream CREATE_NEW /workdir/ratis-examples/target/test/data/eae049c8/TestFileStoreWithNetty/filestore/s2/file31: java.nio.channels.Channels$1@76979567
2019-09-26 14:05:04,648 TRACE util.FileUtils (LogUtils.java:supplyAndLog(82)) - Successfully supplied Files.newOutputStream CREATE_NEW /workdir/ratis-examples/target/test/data/eae049c8/TestFileStoreWithNetty/filestore/s1/file27: java.nio.channels.Channels$1@20a2f5b7
2019-09-26 14:05:04,648 TRACE util.FileUtils (LogUtils.java:supplyAndLog(82)) - Successfully supplied Files.newOutputStream CREATE_NEW /workdir/ratis-examples/target/test/data/eae049c8/TestFileStoreWithNetty/filestore/s1/file31: java.nio.channels.Channels$1@35b68ce6
2019-09-26 14:05:04,651 TRACE util.FileUtils (LogUtils.java:supplyAndLog(82)) - Successfully supplied Files.newOutputStream CREATE_NEW /workdir/ratis-examples/target/test/data/eae049c8/TestFileStoreWithNetty/filestore/s0/file31: java.nio.channels.Channels$1@30aa568a
2019-09-26 14:05:10,718 INFO  ratis.MiniRaftCluster (MiniRaftCluster.java:lambda$null$5(297)) - TIMED-PRINT: printing ALL groups
  s0:  RUNNING  FOLLOWER s0@group-CE94C192A811:t9, leader=s2, voted=s2, raftlog=s0@group-CE94C192A811-SegmentedRaftLog:OPENED:c13401,f13409,i13411, conf=1: [s0:0.0.0.0:42472, s1:0.0.0.0:46526, s2:0.0.0.0:43413], old=null RUNNING
  s1:  RUNNING  FOLLOWER s1@group-CE94C192A811:t9, leader=s2, voted=null, raftlog=s1@group-CE94C192A811-SegmentedRaftLog:OPENED:c13406,f13407,i13411, conf=1: [s0:0.0.0.0:42472, s1:0.0.0.0:46526, s2:0.0.0.0:43413], old=null RUNNING
  s2:  RUNNING    LEADER s2@group-CE94C192A811:t9, leader=s2, voted=s2, raftlog=s2@group-CE94C192A811-SegmentedRaftLog:OPENED:c13407,f13411,i13411, conf=1: [s0:0.0.0.0:42472, s1:0.0.0.0:46526, s2:0.0.0.0:43413], old=null RUNNING
2019-09-26 14:05:10,927 INFO  logging.LoggingHandler (AbstractInternalLogger.java:log(150)) - [id: 0x575642e0, L:/0.0.0.0:42472] READ: [id: 0xf691b415, L:/192.168.151.68:42472 - R:/192.168.151.68:58622]
2019-09-26 14:05:10,927 INFO  logging.LoggingHandler (AbstractInternalLogger.java:log(150)) - [id: 0x575642e0, L:/0.0.0.0:42472] READ COMPLETE
2019-09-26 14:05:10,930 INFO  logging.LoggingHandler (AbstractInternalLogger.java:log(150)) - [id: 0x4f77c562, L:/0.0.0.0:43413] READ: [id: 0x7ca9a2d7, L:/192.168.151.68:43413 - R:/192.168.151.68:52662]
2019-09-26 14:05:10,931 INFO  logging.LoggingHandler (AbstractInternalLogger.java:log(150)) - [id: 0x4f77c562, L:/0.0.0.0:43413] READ COMPLETE
2019-09-26 14:05:11,117 TRACE util.FileUtils (LogUtils.java:supplyAndLog(82)) - Successfully supplied Files.newOutputStream CREATE_NEW /workdir/ratis-examples/target/test/data/eae049c8/TestFileStoreWithNetty/filestore/s2/file32: java.nio.channels.Channels$1@3393e98f
2019-09-26 14:05:11,118 TRACE util.FileUtils (LogUtils.java:supplyAndLog(82)) - Successfully supplied Files.newOutputStream CREATE_NEW /workdir/ratis-examples/target/test/data/eae049c8/TestFileStoreWithNetty/filestore/s0/file32: java.nio.channels.Channels$1@526a061
2019-09-26 14:05:11,117 TRACE util.FileUtils (LogUtils.java:supplyAndLog(82)) - Successfully supplied Files.newOutputStream CREATE_NEW /workdir/ratis-examples/target/test/data/eae049c8/TestFileStoreWithNetty/filestore/s1/file32: java.nio.channels.Channels$1@7c0506a8
2019-09-26 14:05:11,164 INFO  logging.LoggingHandler (AbstractInternalLogger.java:log(150)) - [id: 0x575642e0, L:/0.0.0.0:42472] READ: [id: 0x634ffc0e, L:/192.168.151.68:42472 - R:/192.168.151.68:58626]
2019-09-26 14:05:11,164 INFO  logging.LoggingHandler (AbstractInternalLogger.java:log(150)) - [id: 0x575642e0, L:/0.0.0.0:42472] READ COMPLETE
2019-09-26 14:05:11,164 INFO  logging.LoggingHandler (AbstractInternalLogger.java:log(150)) - [id: 0x575642e0, L:/0.0.0.0:42472] READ: [id: 0xed8e5923, L:/192.168.151.68:42472 - R:/192.168.151.68:58628]
2019-09-26 14:05:11,164 INFO  logging.LoggingHandler (AbstractInternalLogger.java:log(150)) - [id: 0x575642e0, L:/0.0.0.0:42472] READ COMPLETE
2019-09-26 14:05:11,167 INFO  logging.LoggingHandler (AbstractInternalLogger.java:log(150)) - [id: 0x4f77c562, L:/0.0.0.0:43413] READ: [id: 0x052dd8ff, L:/192.168.151.68:43413 - R:/192.168.151.68:52668]
2019-09-26 14:05:11,167 INFO  logging.LoggingHandler (AbstractInternalLogger.java:log(150)) - [id: 0x4f77c562, L:/0.0.0.0:43413] READ COMPLETE
2019-09-26 14:05:11,189 INFO  logging.LoggingHandler (AbstractInternalLogger.java:log(150)) - [id: 0x4f77c562, L:/0.0.0.0:43413] READ: [id: 0xc039f15a, L:/192.168.151.68:43413 - R:/192.168.151.68:52670]
2019-09-26 14:05:11,189 INFO  logging.LoggingHandler (AbstractInternalLogger.java:log(150)) - [id: 0x4f77c562, L:/0.0.0.0:43413] READ COMPLETE
2019-09-26 14:05:11,319 INFO  logging.LoggingHandler (AbstractInternalLogger.java:log(150)) - [id: 0x575642e0, L:/0.0.0.0:42472] READ: [id: 0x0036a36c, L:/192.168.151.68:42472 - R:/192.168.151.68:58634]
2019-09-26 14:05:11,319 INFO  logging.LoggingHandler (AbstractInternalLogger.java:log(150)) - [id: 0x575642e0, L:/0.0.0.0:42472] READ COMPLETE
2019-09-26 14:05:11,321 INFO  logging.LoggingHandler (AbstractInternalLogger.java:log(150)) - [id: 0x4f77c562, L:/0.0.0.0:43413] READ: [id: 0xd313440a, L:/192.168.151.68:43413 - R:/192.168.151.68:52674]
2019-09-26 14:05:11,322 INFO  logging.LoggingHandler (AbstractInternalLogger.java:log(150)) - [id: 0x4f77c562, L:/0.0.0.0:43413] READ COMPLETE
2019-09-26 14:05:11,330 INFO  logging.LoggingHandler (AbstractInternalLogger.java:log(150)) - [id: 0x575642e0, L:/0.0.0.0:42472] READ: [id: 0xd37de957, L:/192.168.151.68:42472 - R:/192.168.151.68:58638]
2019-09-26 14:05:11,330 INFO  logging.LoggingHandler (AbstractInternalLogger.java:log(150)) - [id: 0x575642e0, L:/0.0.0.0:42472] READ COMPLETE
2019-09-26 14:05:11,332 INFO  logging.LoggingHandler (AbstractInternalLogger.java:log(150)) - [id: 0x4f77c562, L:/0.0.0.0:43413] READ: [id: 0x84e3c2a7, L:/192.168.151.68:43413 - R:/192.168.151.68:52678]
2019-09-26 14:05:11,332 INFO  logging.LoggingHandler (AbstractInternalLogger.java:log(150)) - [id: 0x4f77c562, L:/0.0.0.0:43413] READ COMPLETE
2019-09-26 14:05:11,333 INFO  logging.LoggingHandler (AbstractInternalLogger.java:log(150)) - [id: 0x575642e0, L:/0.0.0.0:42472] READ: [id: 0x69e3482d, L:/192.168.151.68:42472 - R:/192.168.151.68:58642]
2019-09-26 14:05:11,333 INFO  logging.LoggingHandler (AbstractInternalLogger.java:log(150)) - [id: 0x575642e0, L:/0.0.0.0:42472] READ COMPLETE
2019-09-26 14:05:11,372 TRACE util.FileUtils (LogUtils.java:supplyAndLog(82)) - Successfully supplied Files.newOutputStream CREATE_NEW /workdir/ratis-examples/target/test/data/eae049c8/TestFileStoreWithNetty/filestore/s2/file35: java.nio.channels.Channels$1@7b61a9c9
2019-09-26 14:05:11,374 INFO  logging.LoggingHandler (AbstractInternalLogger.java:log(150)) - [id: 0x4f77c562, L:/0.0.0.0:43413] READ: [id: 0xbe2db117, L:/192.168.151.68:43413 - R:/192.168.151.68:52682]
2019-09-26 14:05:11,374 INFO  logging.LoggingHandler (AbstractInternalLogger.java:log(150)) - [id: 0x575642e0, L:/0.0.0.0:42472] READ: [id: 0x5a96d3d6, L:/192.168.151.68:42472 - R:/192.168.151.68:58646]
2019-09-26 14:05:11,374 INFO  logging.LoggingHandler (AbstractInternalLogger.java:log(150)) - [id: 0x4f77c562, L:/0.0.0.0:43413] READ COMPLETE
2019-09-26 14:05:11,374 INFO  logging.LoggingHandler (AbstractInternalLogger.java:log(150)) - [id: 0x575642e0, L:/0.0.0.0:42472] READ COMPLETE
2019-09-26 14:05:11,377 INFO  logging.LoggingHandler (AbstractInternalLogger.java:log(150)) - [id: 0x4f77c562, L:/0.0.0.0:43413] READ: [id: 0x57c60960, L:/192.168.151.68:43413 - R:/192.168.151.68:52686]
2019-09-26 14:05:11,377 INFO  logging.LoggingHandler (AbstractInternalLogger.java:log(150)) - [id: 0x4f77c562, L:/0.0.0.0:43413] READ COMPLETE
2019-09-26 14:05:11,392 TRACE util.FileUtils (LogUtils.java:supplyAndLog(82)) - Successfully supplied Files.newOutputStream CREATE_NEW /workdir/ratis-examples/target/test/data/eae049c8/TestFileStoreWithNetty/filestore/s0/file35: java.nio.channels.Channels$1@650d8daf
2019-09-26 14:05:11,393 TRACE util.FileUtils (LogUtils.java:supplyAndLog(82)) - Successfully supplied Files.newOutputStream CREATE_NEW /workdir/ratis-examples/target/test/data/eae049c8/TestFileStoreWithNetty/filestore/s1/file35: java.nio.channels.Channels$1@25742046
2019-09-26 14:05:11,394 TRACE util.FileUtils (LogUtils.java:supplyAndLog(82)) - Successfully supplied Files.newOutputStream CREATE_NEW /workdir/ratis-examples/target/test/data/eae049c8/TestFileStoreWithNetty/filestore/s2/file33: java.nio.channels.Channels$1@4587167a
2019-09-26 14:05:11,406 TRACE util.FileUtils (LogUtils.java:supplyAndLog(82)) - Successfully supplied Files.newOutputStream CREATE_NEW /workdir/ratis-examples/target/test/data/eae049c8/TestFileStoreWithNetty/filestore/s1/file33: java.nio.channels.Channels$1@249d757b
2019-09-26 14:05:11,406 TRACE util.FileUtils (LogUtils.java:supplyAndLog(82)) - Successfully supplied Files.newOutputStream CREATE_NEW /workdir/ratis-examples/target/test/data/eae049c8/TestFileStoreWithNetty/filestore/s0/file33: java.nio.channels.Channels$1@12393efa
2019-09-26 14:05:11,409 TRACE util.FileUtils (LogUtils.java:supplyAndLog(82)) - Successfully supplied Files.newOutputStream CREATE_NEW /workdir/ratis-examples/target/test/data/eae049c8/TestFileStoreWithNetty/filestore/s2/file34: java.nio.channels.Channels$1@70dac79a
2019-09-26 14:05:11,410 TRACE util.FileUtils (LogUtils.java:supplyAndLog(82)) - Successfully supplied Files.newOutputStream CREATE_NEW /workdir/ratis-examples/target/test/data/eae049c8/TestFileStoreWithNetty/filestore/s0/file34: java.nio.channels.Channels$1@66abafd6
2019-09-26 14:05:11,423 TRACE util.FileUtils (LogUtils.java:supplyAndLog(82)) - Successfully supplied Files.newOutputStream CREATE_NEW /workdir/ratis-examples/target/test/data/eae049c8/TestFileStoreWithNetty/filestore/s1/file34: java.nio.channels.Channels$1@12881464
2019-09-26 14:05:11,437 INFO  logging.LoggingHandler (AbstractInternalLogger.java:log(150)) - [id: 0x575642e0, L:/0.0.0.0:42472] READ: [id: 0x89ec6cb5, L:/192.168.151.68:42472 - R:/192.168.151.68:58650]
2019-09-26 14:05:11,437 INFO  logging.LoggingHandler (AbstractInternalLogger.java:log(150)) - [id: 0x575642e0, L:/0.0.0.0:42472] READ COMPLETE
2019-09-26 14:05:11,439 INFO  logging.LoggingHandler (AbstractInternalLogger.java:log(150)) - [id: 0x4f77c562, L:/0.0.0.0:43413] READ: [id: 0x9e947b9a, L:/192.168.151.68:43413 - R:/192.168.151.68:52690]
2019-09-26 14:05:11,439 INFO  logging.LoggingHandler (AbstractInternalLogger.java:log(150)) - [id: 0x4f77c562, L:/0.0.0.0:43413] READ COMPLETE
2019-09-26 14:05:11,450 TRACE util.FileUtils (LogUtils.java:supplyAndLog(82)) - Successfully supplied Files.newOutputStream CREATE_NEW /workdir/ratis-examples/target/test/data/eae049c8/TestFileStoreWithNetty/filestore/s2/file36: java.nio.channels.Channels$1@2d7c29f9
2019-09-26 14:05:11,451 TRACE util.FileUtils (LogUtils.java:supplyAndLog(82)) - Successfully supplied Files.newOutputStream CREATE_NEW /workdir/ratis-examples/target/test/data/eae049c8/TestFileStoreWithNetty/filestore/s0/file36: java.nio.channels.Channels$1@4c2ea80a
2019-09-26 14:05:11,451 TRACE util.FileUtils (LogUtils.java:supplyAndLog(82)) - Successfully supplied Files.newOutputStream CREATE_NEW /workdir/ratis-examples/target/test/data/eae049c8/TestFileStoreWithNetty/filestore/s1/file36: java.nio.channels.Channels$1@2224d239
2019-09-26 14:05:11,495 TRACE util.FileUtils (LogUtils.java:supplyAndLog(82)) - Successfully supplied Files.newOutputStream CREATE_NEW /workdir/ratis-examples/target/test/data/eae049c8/TestFileStoreWithNetty/filestore/s2/file37: java.nio.channels.Channels$1@5e354735
2019-09-26 14:05:11,506 TRACE util.FileUtils (LogUtils.java:supplyAndLog(82)) - Successfully supplied Files.newOutputStream CREATE_NEW /workdir/ratis-examples/target/test/data/eae049c8/TestFileStoreWithNetty/filestore/s0/file37: java.nio.channels.Channels$1@3592700a
2019-09-26 14:05:11,506 TRACE util.FileUtils (LogUtils.java:supplyAndLog(82)) - Successfully supplied Files.newOutputStream CREATE_NEW /workdir/ratis-examples/target/test/data/eae049c8/TestFileStoreWithNetty/filestore/s2/file38: java.nio.channels.Channels$1@75cdefe
2019-09-26 14:05:11,521 TRACE util.FileUtils (LogUtils.java:supplyAndLog(82)) - Successfully supplied Files.newOutputStream CREATE_NEW /workdir/ratis-examples/target/test/data/eae049c8/TestFileStoreWithNetty/filestore/s1/file38: java.nio.channels.Channels$1@619fff8c
2019-09-26 14:05:11,521 TRACE util.FileUtils (LogUtils.java:supplyAndLog(82)) - Successfully supplied Files.newOutputStream CREATE_NEW /workdir/ratis-examples/target/test/data/eae049c8/TestFileStoreWithNetty/filestore/s1/file37: java.nio.channels.Channels$1@7cb91f6f
2019-09-26 14:05:11,532 TRACE util.FileUtils (LogUtils.java:supplyAndLog(82)) - Successfully supplied Files.newOutputStream CREATE_NEW /workdir/ratis-examples/target/test/data/eae049c8/TestFileStoreWithNetty/filestore/s0/file38: java.nio.channels.Channels$1@77fce902
2019-09-26 14:05:11,532 TRACE util.FileUtils (LogUtils.java:supplyAndLog(82)) - Successfully supplied Files.newOutputStream CREATE_NEW /workdir/ratis-examples/target/test/data/eae049c8/TestFileStoreWithNetty/filestore/s2/file39: java.nio.channels.Channels$1@31773246
2019-09-26 14:05:11,535 TRACE util.FileUtils (LogUtils.java:supplyAndLog(82)) - Successfully supplied Files.newOutputStream CREATE_NEW /workdir/ratis-examples/target/test/data/eae049c8/TestFileStoreWithNetty/filestore/s1/file39: java.nio.channels.Channels$1@3e3825d7
2019-09-26 14:05:11,539 TRACE util.FileUtils (LogUtils.java:supplyAndLog(82)) - Successfully supplied Files.newOutputStream CREATE_NEW /workdir/ratis-examples/target/test/data/eae049c8/TestFileStoreWithNetty/filestore/s0/file39: java.nio.channels.Channels$1@3495c447
2019-09-26 14:05:17,588 INFO  logging.LoggingHandler (AbstractInternalLogger.java:log(150)) - [id: 0x575642e0, L:/0.0.0.0:42472] READ: [id: 0xa3134472, L:/192.168.151.68:42472 - R:/192.168.151.68:58664]
2019-09-26 14:05:17,589 INFO  logging.LoggingHandler (AbstractInternalLogger.java:log(150)) - [id: 0x575642e0, L:/0.0.0.0:42472] READ COMPLETE
2019-09-26 14:05:17,592 INFO  logging.LoggingHandler (AbstractInternalLogger.java:log(150)) - [id: 0x4f77c562, L:/0.0.0.0:43413] READ: [id: 0xc934a9b6, L:/192.168.151.68:43413 - R:/192.168.151.68:52704]
2019-09-26 14:05:17,592 INFO  logging.LoggingHandler (AbstractInternalLogger.java:log(150)) - [id: 0x4f77c562, L:/0.0.0.0:43413] READ COMPLETE
2019-09-26 14:05:17,718 TRACE util.FileUtils (LogUtils.java:supplyAndLog(82)) - Successfully supplied Files.newOutputStream CREATE_NEW /workdir/ratis-examples/target/test/data/eae049c8/TestFileStoreWithNetty/filestore/s2/file40: java.nio.channels.Channels$1@2ea3ee2
2019-09-26 14:05:17,718 TRACE util.FileUtils (LogUtils.java:supplyAndLog(82)) - Successfully supplied Files.newOutputStream CREATE_NEW /workdir/ratis-examples/target/test/data/eae049c8/TestFileStoreWithNetty/filestore/s1/file40: java.nio.channels.Channels$1@f315202
2019-09-26 14:05:17,729 TRACE util.FileUtils (LogUtils.java:supplyAndLog(82)) - Successfully supplied Files.newOutputStream CREATE_NEW /workdir/ratis-examples/target/test/data/eae049c8/TestFileStoreWithNetty/filestore/s0/file40: java.nio.channels.Channels$1@2db9d271
2019-09-26 14:05:17,754 INFO  logging.LoggingHandler (AbstractInternalLogger.java:log(150)) - [id: 0x575642e0, L:/0.0.0.0:42472] READ: [id: 0xd9443aef, L:/192.168.151.68:42472 - R:/192.168.151.68:58668]
2019-09-26 14:05:17,754 INFO  logging.LoggingHandler (AbstractInternalLogger.java:log(150)) - [id: 0x575642e0, L:/0.0.0.0:42472] READ COMPLETE
2019-09-26 14:05:17,765 INFO  logging.LoggingHandler (AbstractInternalLogger.java:log(150)) - [id: 0x4f77c562, L:/0.0.0.0:43413] READ: [id: 0xd35504ff, L:/192.168.151.68:43413 - R:/192.168.151.68:52708]
2019-09-26 14:05:17,765 INFO  logging.LoggingHandler (AbstractInternalLogger.java:log(150)) - [id: 0x4f77c562, L:/0.0.0.0:43413] READ COMPLETE
2019-09-26 14:05:17,778 INFO  logging.LoggingHandler (AbstractInternalLogger.java:log(150)) - [id: 0x575642e0, L:/0.0.0.0:42472] READ: [id: 0x47c764d2, L:/192.168.151.68:42472 - R:/192.168.151.68:58672]
2019-09-26 14:05:17,779 INFO  logging.LoggingHandler (AbstractInternalLogger.java:log(150)) - [id: 0x575642e0, L:/0.0.0.0:42472] READ COMPLETE
2019-09-26 14:05:17,780 INFO  logging.LoggingHandler (AbstractInternalLogger.java:log(150)) - [id: 0x4f77c562, L:/0.0.0.0:43413] READ: [id: 0x19c9dfde, L:/192.168.151.68:43413 - R:/192.168.151.68:52712]
2019-09-26 14:05:17,781 INFO  logging.LoggingHandler (AbstractInternalLogger.java:log(150)) - [id: 0x4f77c562, L:/0.0.0.0:43413] READ COMPLETE
2019-09-26 14:05:17,785 INFO  logging.LoggingHandler (AbstractInternalLogger.java:log(150)) - [id: 0x575642e0, L:/0.0.0.0:42472] READ: [id: 0x48bcc5e8, L:/192.168.151.68:42472 - R:/192.168.151.68:58676]
2019-09-26 14:05:17,785 INFO  logging.LoggingHandler (AbstractInternalLogger.java:log(150)) - [id: 0x575642e0, L:/0.0.0.0:42472] READ COMPLETE
2019-09-26 14:05:17,787 INFO  logging.LoggingHandler (AbstractInternalLogger.java:log(150)) - [id: 0x4f77c562, L:/0.0.0.0:43413] READ: [id: 0xf4c95aa6, L:/192.168.151.68:43413 - R:/192.168.151.68:52716]
2019-09-26 14:05:17,787 INFO  logging.LoggingHandler (AbstractInternalLogger.java:log(150)) - [id: 0x4f77c562, L:/0.0.0.0:43413] READ COMPLETE
2019-09-26 14:05:17,806 TRACE util.FileUtils (LogUtils.java:supplyAndLog(82)) - Successfully supplied Files.newOutputStream CREATE_NEW /workdir/ratis-examples/target/test/data/eae049c8/TestFileStoreWithNetty/filestore/s2/file41: java.nio.channels.Channels$1@283bc132
2019-09-26 14:05:17,825 TRACE util.FileUtils (LogUtils.java:supplyAndLog(82)) - Successfully supplied Files.newOutputStream CREATE_NEW /workdir/ratis-examples/target/test/data/eae049c8/TestFileStoreWithNetty/filestore/s1/file41: java.nio.channels.Channels$1@53d9b599
2019-09-26 14:05:17,826 TRACE util.FileUtils (LogUtils.java:supplyAndLog(82)) - Successfully supplied Files.newOutputStream CREATE_NEW /workdir/ratis-examples/target/test/data/eae049c8/TestFileStoreWithNetty/filestore/s0/file41: java.nio.channels.Channels$1@7365a382
2019-09-26 14:05:17,883 TRACE util.FileUtils (LogUtils.java:supplyAndLog(82)) - Successfully supplied Files.newOutputStream CREATE_NEW /workdir/ratis-examples/target/test/data/eae049c8/TestFileStoreWithNetty/filestore/s2/file43: java.nio.channels.Channels$1@72a81f6d
2019-09-26 14:05:17,895 TRACE util.FileUtils (LogUtils.java:supplyAndLog(82)) - Successfully supplied Files.newOutputStream CREATE_NEW /workdir/ratis-examples/target/test/data/eae049c8/TestFileStoreWithNetty/filestore/s0/file43: java.nio.channels.Channels$1@5c3d862d
2019-09-26 14:05:17,896 TRACE util.FileUtils (LogUtils.java:supplyAndLog(82)) - Successfully supplied Files.newOutputStream CREATE_NEW /workdir/ratis-examples/target/test/data/eae049c8/TestFileStoreWithNetty/filestore/s1/file43: java.nio.channels.Channels$1@392cc99d
2019-09-26 14:05:17,909 TRACE util.FileUtils (LogUtils.java:supplyAndLog(82)) - Successfully supplied Files.newOutputStream CREATE_NEW /workdir/ratis-examples/target/test/data/eae049c8/TestFileStoreWithNetty/filestore/s2/file42: java.nio.channels.Channels$1@7fcf5727
2019-09-26 14:05:17,910 TRACE util.FileUtils (LogUtils.java:supplyAndLog(82)) - Successfully supplied Files.newOutputStream CREATE_NEW /workdir/ratis-examples/target/test/data/eae049c8/TestFileStoreWithNetty/filestore/s1/file42: java.nio.channels.Channels$1@2c5c3ee3
2019-09-26 14:05:17,911 TRACE util.FileUtils (LogUtils.java:supplyAndLog(82)) - Successfully supplied Files.newOutputStream CREATE_NEW /workdir/ratis-examples/target/test/data/eae049c8/TestFileStoreWithNetty/filestore/s0/file42: java.nio.channels.Channels$1@45ac7142
2019-09-26 14:05:20,711 INFO  logging.LoggingHandler (AbstractInternalLogger.java:log(150)) - [id: 0x575642e0, L:/0.0.0.0:42472] READ: [id: 0x6b76068d, L:/192.168.151.68:42472 - R:/192.168.151.68:58684]
2019-09-26 14:05:20,712 INFO  logging.LoggingHandler (AbstractInternalLogger.java:log(150)) - [id: 0x575642e0, L:/0.0.0.0:42472] READ COMPLETE
2019-09-26 14:05:20,713 INFO  logging.LoggingHandler (AbstractInternalLogger.java:log(150)) - [id: 0x4f77c562, L:/0.0.0.0:43413] READ: [id: 0xcc23e178, L:/192.168.151.68:43413 - R:/192.168.151.68:52724]
2019-09-26 14:05:20,714 INFO  logging.LoggingHandler (AbstractInternalLogger.java:log(150)) - [id: 0x4f77c562, L:/0.0.0.0:43413] READ COMPLETE
2019-09-26 14:05:20,718 INFO  ratis.MiniRaftCluster (MiniRaftCluster.java:lambda$null$5(297)) - TIMED-PRINT: printing ALL groups
  s0:  RUNNING  FOLLOWER s0@group-CE94C192A811:t9, leader=s2, voted=s2, raftlog=s0@group-CE94C192A811-SegmentedRaftLog:OPENED:c17552,f17556,i17557, conf=1: [s0:0.0.0.0:42472, s1:0.0.0.0:46526, s2:0.0.0.0:43413], old=null RUNNING
  s1:  RUNNING  FOLLOWER s1@group-CE94C192A811:t9, leader=s2, voted=null, raftlog=s1@group-CE94C192A811-SegmentedRaftLog:OPENED:c17552,f17556,i17561, conf=1: [s0:0.0.0.0:42472, s1:0.0.0.0:46526, s2:0.0.0.0:43413], old=null RUNNING
  s2:  RUNNING    LEADER s2@group-CE94C192A811:t9, leader=s2, voted=s2, raftlog=s2@group-CE94C192A811-SegmentedRaftLog:OPENED:c17556,f17557,i17561, conf=1: [s0:0.0.0.0:42472, s1:0.0.0.0:46526, s2:0.0.0.0:43413], old=null RUNNING
2019-09-26 14:05:20,749 TRACE util.FileUtils (LogUtils.java:supplyAndLog(82)) - Successfully supplied Files.newOutputStream CREATE_NEW /workdir/ratis-examples/target/test/data/eae049c8/TestFileStoreWithNetty/filestore/s2/file44: java.nio.channels.Channels$1@37aa9f5c
2019-09-26 14:05:20,751 INFO  logging.LoggingHandler (AbstractInternalLogger.java:log(150)) - [id: 0x575642e0, L:/0.0.0.0:42472] READ: [id: 0xf83e9d75, L:/192.168.151.68:42472 - R:/192.168.151.68:58688]
2019-09-26 14:05:20,752 INFO  logging.LoggingHandler (AbstractInternalLogger.java:log(150)) - [id: 0x575642e0, L:/0.0.0.0:42472] READ COMPLETE
2019-09-26 14:05:20,753 TRACE util.FileUtils (LogUtils.java:supplyAndLog(82)) - Successfully supplied Files.newOutputStream CREATE_NEW /workdir/ratis-examples/target/test/data/eae049c8/TestFileStoreWithNetty/filestore/s0/file44: java.nio.channels.Channels$1@3469e4e6
2019-09-26 14:05:20,753 TRACE util.FileUtils (LogUtils.java:supplyAndLog(82)) - Successfully supplied Files.newOutputStream CREATE_NEW /workdir/ratis-examples/target/test/data/eae049c8/TestFileStoreWithNetty/filestore/s1/file44: java.nio.channels.Channels$1@449f8db
2019-09-26 14:05:20,754 INFO  logging.LoggingHandler (AbstractInternalLogger.java:log(150)) - [id: 0x4f77c562, L:/0.0.0.0:43413] READ: [id: 0x7d5ef2a8, L:/192.168.151.68:43413 - R:/192.168.151.68:52728]
2019-09-26 14:05:20,754 INFO  logging.LoggingHandler (AbstractInternalLogger.java:log(150)) - [id: 0x4f77c562, L:/0.0.0.0:43413] READ COMPLETE
2019-09-26 14:05:20,758 INFO  logging.LoggingHandler (AbstractInternalLogger.java:log(150)) - [id: 0x575642e0, L:/0.0.0.0:42472] READ: [id: 0xecfe6e1f, L:/192.168.151.68:42472 - R:/192.168.151.68:58692]
2019-09-26 14:05:20,758 INFO  logging.LoggingHandler (AbstractInternalLogger.java:log(150)) - [id: 0x575642e0, L:/0.0.0.0:42472] READ COMPLETE
2019-09-26 14:05:20,760 INFO  logging.LoggingHandler (AbstractInternalLogger.java:log(150)) - [id: 0x4f77c562, L:/0.0.0.0:43413] READ: [id: 0x4f0cdfc7, L:/192.168.151.68:43413 - R:/192.168.151.68:52732]
2019-09-26 14:05:20,760 INFO  logging.LoggingHandler (AbstractInternalLogger.java:log(150)) - [id: 0x4f77c562, L:/0.0.0.0:43413] READ COMPLETE
2019-09-26 14:05:20,767 INFO  logging.LoggingHandler (AbstractInternalLogger.java:log(150)) - [id: 0x575642e0, L:/0.0.0.0:42472] READ: [id: 0x2aa839a5, L:/192.168.151.68:42472 - R:/192.168.151.68:58696]
2019-09-26 14:05:20,767 INFO  logging.LoggingHandler (AbstractInternalLogger.java:log(150)) - [id: 0x575642e0, L:/0.0.0.0:42472] READ COMPLETE
2019-09-26 14:05:20,769 INFO  logging.LoggingHandler (AbstractInternalLogger.java:log(150)) - [id: 0x4f77c562, L:/0.0.0.0:43413] READ: [id: 0x8572bc6e, L:/192.168.151.68:43413 - R:/192.168.151.68:52736]
2019-09-26 14:05:20,769 INFO  logging.LoggingHandler (AbstractInternalLogger.java:log(150)) - [id: 0x4f77c562, L:/0.0.0.0:43413] READ COMPLETE
2019-09-26 14:05:20,785 TRACE util.FileUtils (LogUtils.java:supplyAndLog(82)) - Successfully supplied Files.newOutputStream CREATE_NEW /workdir/ratis-examples/target/test/data/eae049c8/TestFileStoreWithNetty/filestore/s2/file45: java.nio.channels.Channels$1@21a44e8d
2019-09-26 14:05:20,795 TRACE util.FileUtils (LogUtils.java:supplyAndLog(82)) - Successfully supplied Files.newOutputStream CREATE_NEW /workdir/ratis-examples/target/test/data/eae049c8/TestFileStoreWithNetty/filestore/s1/file45: java.nio.channels.Channels$1@1295548a
2019-09-26 14:05:20,795 TRACE util.FileUtils (LogUtils.java:supplyAndLog(82)) - Successfully supplied Files.newOutputStream CREATE_NEW /workdir/ratis-examples/target/test/data/eae049c8/TestFileStoreWithNetty/filestore/s0/file45: java.nio.channels.Channels$1@f9ef7b7
2019-09-26 14:05:20,801 INFO  logging.LoggingHandler (AbstractInternalLogger.java:log(150)) - [id: 0x575642e0, L:/0.0.0.0:42472] READ: [id: 0xce63f816, L:/192.168.151.68:42472 - R:/192.168.151.68:58700]
2019-09-26 14:05:20,801 INFO  logging.LoggingHandler (AbstractInternalLogger.java:log(150)) - [id: 0x575642e0, L:/0.0.0.0:42472] READ COMPLETE
2019-09-26 14:05:20,803 INFO  logging.LoggingHandler (AbstractInternalLogger.java:log(150)) - [id: 0x4f77c562, L:/0.0.0.0:43413] READ: [id: 0x622bed93, L:/192.168.151.68:43413 - R:/192.168.151.68:52740]
2019-09-26 14:05:20,803 INFO  logging.LoggingHandler (AbstractInternalLogger.java:log(150)) - [id: 0x4f77c562, L:/0.0.0.0:43413] READ COMPLETE
2019-09-26 14:05:20,805 INFO  logging.LoggingHandler (AbstractInternalLogger.java:log(150)) - [id: 0x575642e0, L:/0.0.0.0:42472] READ: [id: 0x049de38b, L:/192.168.151.68:42472 - R:/192.168.151.68:58704]
2019-09-26 14:05:20,805 INFO  logging.LoggingHandler (AbstractInternalLogger.java:log(150)) - [id: 0x575642e0, L:/0.0.0.0:42472] READ COMPLETE
2019-09-26 14:05:20,805 INFO  logging.LoggingHandler (AbstractInternalLogger.java:log(150)) - [id: 0x575642e0, L:/0.0.0.0:42472] READ: [id: 0xa3e326ae, L:/192.168.151.68:42472 - R:/192.168.151.68:58706]
2019-09-26 14:05:20,805 INFO  logging.LoggingHandler (AbstractInternalLogger.java:log(150)) - [id: 0x575642e0, L:/0.0.0.0:42472] READ COMPLETE
2019-09-26 14:05:20,807 INFO  logging.LoggingHandler (AbstractInternalLogger.java:log(150)) - [id: 0x4f77c562, L:/0.0.0.0:43413] READ: [id: 0x07dab4e9, L:/192.168.151.68:43413 - R:/192.168.151.68:52746]
2019-09-26 14:05:20,807 INFO  logging.LoggingHandler (AbstractInternalLogger.java:log(150)) - [id: 0x4f77c562, L:/0.0.0.0:43413] READ COMPLETE
2019-09-26 14:05:20,808 INFO  logging.LoggingHandler (AbstractInternalLogger.java:log(150)) - [id: 0x4f77c562, L:/0.0.0.0:43413] READ: [id: 0x2f165631, L:/192.168.151.68:43413 - R:/192.168.151.68:52748]
2019-09-26 14:05:20,808 INFO  logging.LoggingHandler (AbstractInternalLogger.java:log(150)) - [id: 0x4f77c562, L:/0.0.0.0:43413] READ COMPLETE
2019-09-26 14:05:20,810 TRACE util.FileUtils (LogUtils.java:supplyAndLog(82)) - Successfully supplied Files.newOutputStream CREATE_NEW /workdir/ratis-examples/target/test/data/eae049c8/TestFileStoreWithNetty/filestore/s2/file47: java.nio.channels.Channels$1@268c0739
2019-09-26 14:05:20,827 TRACE util.FileUtils (LogUtils.java:supplyAndLog(82)) - Successfully supplied Files.newOutputStream CREATE_NEW /workdir/ratis-examples/target/test/data/eae049c8/TestFileStoreWithNetty/filestore/s1/file47: java.nio.channels.Channels$1@c0b3445
2019-09-26 14:05:20,827 TRACE util.FileUtils (LogUtils.java:supplyAndLog(82)) - Successfully supplied Files.newOutputStream CREATE_NEW /workdir/ratis-examples/target/test/data/eae049c8/TestFileStoreWithNetty/filestore/s0/file47: java.nio.channels.Channels$1@504a30bc
2019-09-26 14:05:20,829 TRACE util.FileUtils (LogUtils.java:supplyAndLog(82)) - Successfully supplied Files.newOutputStream CREATE_NEW /workdir/ratis-examples/target/test/data/eae049c8/TestFileStoreWithNetty/filestore/s2/file46: java.nio.channels.Channels$1@6ea0ee40
2019-09-26 14:05:20,831 TRACE util.FileUtils (LogUtils.java:supplyAndLog(82)) - Successfully supplied Files.newOutputStream CREATE_NEW /workdir/ratis-examples/target/test/data/eae049c8/TestFileStoreWithNetty/filestore/s0/file46: java.nio.channels.Channels$1@580990c8
2019-09-26 14:05:20,844 TRACE util.FileUtils (LogUtils.java:supplyAndLog(82)) - Successfully supplied Files.newOutputStream CREATE_NEW /workdir/ratis-examples/target/test/data/eae049c8/TestFileStoreWithNetty/filestore/s1/file46: java.nio.channels.Channels$1@141b0607
2019-09-26 14:05:20,885 TRACE util.FileUtils (LogUtils.java:supplyAndLog(82)) - Successfully supplied Files.newOutputStream CREATE_NEW /workdir/ratis-examples/target/test/data/eae049c8/TestFileStoreWithNetty/filestore/s2/file49: java.nio.channels.Channels$1@4b473fb4
2019-09-26 14:05:20,886 TRACE util.FileUtils (LogUtils.java:supplyAndLog(82)) - Successfully supplied Files.newOutputStream CREATE_NEW /workdir/ratis-examples/target/test/data/eae049c8/TestFileStoreWithNetty/filestore/s1/file49: java.nio.channels.Channels$1@41a9b16a
2019-09-26 14:05:20,899 TRACE util.FileUtils (LogUtils.java:supplyAndLog(82)) - Successfully supplied Files.newOutputStream CREATE_NEW /workdir/ratis-examples/target/test/data/eae049c8/TestFileStoreWithNetty/filestore/s0/file49: java.nio.channels.Channels$1@35f1f19d
2019-09-26 14:05:20,923 TRACE util.FileUtils (LogUtils.java:supplyAndLog(82)) - Successfully supplied Files.newOutputStream CREATE_NEW /workdir/ratis-examples/target/test/data/eae049c8/TestFileStoreWithNetty/filestore/s2/file48: java.nio.channels.Channels$1@c0314
2019-09-26 14:05:20,936 TRACE util.FileUtils (LogUtils.java:supplyAndLog(82)) - Successfully supplied Files.newOutputStream CREATE_NEW /workdir/ratis-examples/target/test/data/eae049c8/TestFileStoreWithNetty/filestore/s0/file48: java.nio.channels.Channels$1@22c21cd2
2019-09-26 14:05:20,944 TRACE util.FileUtils (LogUtils.java:supplyAndLog(82)) - Successfully supplied Files.newOutputStream CREATE_NEW /workdir/ratis-examples/target/test/data/eae049c8/TestFileStoreWithNetty/filestore/s1/file48: java.nio.channels.Channels$1@3e741b71
2019-09-26 14:05:20,949 TRACE util.FileUtils (LogUtils.java:supplyAndLog(82)) - Successfully supplied Files.newOutputStream CREATE_NEW /workdir/ratis-examples/target/test/data/eae049c8/TestFileStoreWithNetty/filestore/s2/file50: java.nio.channels.Channels$1@3f9a8cd3
2019-09-26 14:05:20,951 TRACE util.FileUtils (LogUtils.java:supplyAndLog(82)) - Successfully supplied Files.newOutputStream CREATE_NEW /workdir/ratis-examples/target/test/data/eae049c8/TestFileStoreWithNetty/filestore/s1/file50: java.nio.channels.Channels$1@455bdf09
2019-09-26 14:05:20,964 TRACE util.FileUtils (LogUtils.java:supplyAndLog(82)) - Successfully supplied Files.newOutputStream CREATE_NEW /workdir/ratis-examples/target/test/data/eae049c8/TestFileStoreWithNetty/filestore/s0/file50: java.nio.channels.Channels$1@34e3fe35
2019-09-26 14:05:24,035 INFO  logging.LoggingHandler (AbstractInternalLogger.java:log(150)) - [id: 0x575642e0, L:/0.0.0.0:42472] READ: [id: 0x6b436b11, L:/192.168.151.68:42472 - R:/192.168.151.68:58716]
2019-09-26 14:05:24,035 INFO  logging.LoggingHandler (AbstractInternalLogger.java:log(150)) - [id: 0x575642e0, L:/0.0.0.0:42472] READ COMPLETE
2019-09-26 14:05:24,038 INFO  logging.LoggingHandler (AbstractInternalLogger.java:log(150)) - [id: 0x4f77c562, L:/0.0.0.0:43413] READ: [id: 0x3c1ceba1, L:/192.168.151.68:43413 - R:/192.168.151.68:52756]
2019-09-26 14:05:24,038 INFO  logging.LoggingHandler (AbstractInternalLogger.java:log(150)) - [id: 0x4f77c562, L:/0.0.0.0:43413] READ COMPLETE
2019-09-26 14:05:24,152 TRACE util.FileUtils (LogUtils.java:supplyAndLog(82)) - Successfully supplied Files.newOutputStream CREATE_NEW /workdir/ratis-examples/target/test/data/eae049c8/TestFileStoreWithNetty/filestore/s2/file51: java.nio.channels.Channels$1@5935216b
2019-09-26 14:05:24,162 TRACE util.FileUtils (LogUtils.java:supplyAndLog(82)) - Successfully supplied Files.newOutputStream CREATE_NEW /workdir/ratis-examples/target/test/data/eae049c8/TestFileStoreWithNetty/filestore/s0/file51: java.nio.channels.Channels$1@d3571e2
2019-09-26 14:05:24,164 TRACE util.FileUtils (LogUtils.java:supplyAndLog(82)) - Successfully supplied Files.newOutputStream CREATE_NEW /workdir/ratis-examples/target/test/data/eae049c8/TestFileStoreWithNetty/filestore/s1/file51: java.nio.channels.Channels$1@5449147a
2019-09-26 14:05:27,648 INFO  logging.LoggingHandler (AbstractInternalLogger.java:log(150)) - [id: 0x575642e0, L:/0.0.0.0:42472] READ: [id: 0xb58ce359, L:/192.168.151.68:42472 - R:/192.168.151.68:58724]
2019-09-26 14:05:27,649 INFO  logging.LoggingHandler (AbstractInternalLogger.java:log(150)) - [id: 0x575642e0, L:/0.0.0.0:42472] READ COMPLETE
2019-09-26 14:05:27,652 INFO  logging.LoggingHandler (AbstractInternalLogger.java:log(150)) - [id: 0x4f77c562, L:/0.0.0.0:43413] READ: [id: 0xfdaa813d, L:/192.168.151.68:43413 - R:/192.168.151.68:52764]
2019-09-26 14:05:27,652 INFO  logging.LoggingHandler (AbstractInternalLogger.java:log(150)) - [id: 0x4f77c562, L:/0.0.0.0:43413] READ COMPLETE
2019-09-26 14:05:27,687 INFO  logging.LoggingHandler (AbstractInternalLogger.java:log(150)) - [id: 0x575642e0, L:/0.0.0.0:42472] READ: [id: 0xed5acfd5, L:/192.168.151.68:42472 - R:/192.168.151.68:58728]
2019-09-26 14:05:27,687 INFO  logging.LoggingHandler (AbstractInternalLogger.java:log(150)) - [id: 0x575642e0, L:/0.0.0.0:42472] READ COMPLETE
2019-09-26 14:05:27,689 INFO  logging.LoggingHandler (AbstractInternalLogger.java:log(150)) - [id: 0x4f77c562, L:/0.0.0.0:43413] READ: [id: 0xbc20263c, L:/192.168.151.68:43413 - R:/192.168.151.68:52768]
2019-09-26 14:05:27,690 INFO  logging.LoggingHandler (AbstractInternalLogger.java:log(150)) - [id: 0x4f77c562, L:/0.0.0.0:43413] READ COMPLETE
2019-09-26 14:05:27,692 TRACE util.FileUtils (LogUtils.java:supplyAndLog(82)) - Successfully supplied Files.newOutputStream CREATE_NEW /workdir/ratis-examples/target/test/data/eae049c8/TestFileStoreWithNetty/filestore/s2/file52: java.nio.channels.Channels$1@2fd051bc
2019-09-26 14:05:27,693 TRACE util.FileUtils (LogUtils.java:supplyAndLog(82)) - Successfully supplied Files.newOutputStream CREATE_NEW /workdir/ratis-examples/target/test/data/eae049c8/TestFileStoreWithNetty/filestore/s1/file52: java.nio.channels.Channels$1@6acaaee7
2019-09-26 14:05:27,695 TRACE util.FileUtils (LogUtils.java:supplyAndLog(82)) - Successfully supplied Files.newOutputStream CREATE_NEW /workdir/ratis-examples/target/test/data/eae049c8/TestFileStoreWithNetty/filestore/s0/file52: java.nio.channels.Channels$1@551cc844
2019-09-26 14:05:27,701 INFO  logging.LoggingHandler (AbstractInternalLogger.java:log(150)) - [id: 0x575642e0, L:/0.0.0.0:42472] READ: [id: 0x9ee0ba0a, L:/192.168.151.68:42472 - R:/192.168.151.68:58732]
2019-09-26 14:05:27,701 INFO  logging.LoggingHandler (AbstractInternalLogger.java:log(150)) - [id: 0x575642e0, L:/0.0.0.0:42472] READ COMPLETE
2019-09-26 14:05:27,703 INFO  logging.LoggingHandler (AbstractInternalLogger.java:log(150)) - [id: 0x4f77c562, L:/0.0.0.0:43413] READ: [id: 0xd94feed1, L:/192.168.151.68:43413 - R:/192.168.151.68:52772]
2019-09-26 14:05:27,703 INFO  logging.LoggingHandler (AbstractInternalLogger.java:log(150)) - [id: 0x4f77c562, L:/0.0.0.0:43413] READ COMPLETE
2019-09-26 14:05:27,704 INFO  logging.LoggingHandler (AbstractInternalLogger.java:log(150)) - [id: 0x575642e0, L:/0.0.0.0:42472] READ: [id: 0x0ed9bf76, L:/192.168.151.68:42472 - R:/192.168.151.68:58736]
2019-09-26 14:05:27,704 INFO  logging.LoggingHandler (AbstractInternalLogger.java:log(150)) - [id: 0x575642e0, L:/0.0.0.0:42472] READ COMPLETE
2019-09-26 14:05:27,705 INFO  logging.LoggingHandler (AbstractInternalLogger.java:log(150)) - [id: 0x4f77c562, L:/0.0.0.0:43413] READ: [id: 0x8a3756c4, L:/192.168.151.68:43413 - R:/192.168.151.68:52776]
2019-09-26 14:05:27,706 INFO  logging.LoggingHandler (AbstractInternalLogger.java:log(150)) - [id: 0x4f77c562, L:/0.0.0.0:43413] READ COMPLETE
2019-09-26 14:05:27,747 TRACE util.FileUtils (LogUtils.java:supplyAndLog(82)) - Successfully supplied Files.newOutputStream CREATE_NEW /workdir/ratis-examples/target/test/data/eae049c8/TestFileStoreWithNetty/filestore/s2/file53: java.nio.channels.Channels$1@644bf615
2019-09-26 14:05:27,749 TRACE util.FileUtils (LogUtils.java:supplyAndLog(82)) - Successfully supplied Files.newOutputStream CREATE_NEW /workdir/ratis-examples/target/test/data/eae049c8/TestFileStoreWithNetty/filestore/s0/file53: java.nio.channels.Channels$1@6af8077f
2019-09-26 14:05:27,761 TRACE util.FileUtils (LogUtils.java:supplyAndLog(82)) - Successfully supplied Files.newOutputStream CREATE_NEW /workdir/ratis-examples/target/test/data/eae049c8/TestFileStoreWithNetty/filestore/s1/file53: java.nio.channels.Channels$1@559973a9
2019-09-26 14:05:27,764 TRACE util.FileUtils (LogUtils.java:supplyAndLog(82)) - Successfully supplied Files.newOutputStream CREATE_NEW /workdir/ratis-examples/target/test/data/eae049c8/TestFileStoreWithNetty/filestore/s2/file55: java.nio.channels.Channels$1@5158cd09
2019-09-26 14:05:27,775 TRACE util.FileUtils (LogUtils.java:supplyAndLog(82)) - Successfully supplied Files.newOutputStream CREATE_NEW /workdir/ratis-examples/target/test/data/eae049c8/TestFileStoreWithNetty/filestore/s0/file55: java.nio.channels.Channels$1@9054315
2019-09-26 14:05:27,776 TRACE util.FileUtils (LogUtils.java:supplyAndLog(82)) - Successfully supplied Files.newOutputStream CREATE_NEW /workdir/ratis-examples/target/test/data/eae049c8/TestFileStoreWithNetty/filestore/s1/file55: java.nio.channels.Channels$1@564c68cb
2019-09-26 14:05:27,777 TRACE util.FileUtils (LogUtils.java:supplyAndLog(82)) - Successfully supplied Files.newOutputStream CREATE_NEW /workdir/ratis-examples/target/test/data/eae049c8/TestFileStoreWithNetty/filestore/s2/file54: java.nio.channels.Channels$1@4c21f528
2019-09-26 14:05:27,788 TRACE util.FileUtils (LogUtils.java:supplyAndLog(82)) - Successfully supplied Files.newOutputStream CREATE_NEW /workdir/ratis-examples/target/test/data/eae049c8/TestFileStoreWithNetty/filestore/s0/file54: java.nio.channels.Channels$1@200f1f6a
2019-09-26 14:05:27,789 TRACE util.FileUtils (LogUtils.java:supplyAndLog(82)) - Successfully supplied Files.newOutputStream CREATE_NEW /workdir/ratis-examples/target/test/data/eae049c8/TestFileStoreWithNetty/filestore/s1/file54: java.nio.channels.Channels$1@678c20f2
2019-09-26 14:05:29,050 INFO  logging.LoggingHandler (AbstractInternalLogger.java:log(150)) - [id: 0x575642e0, L:/0.0.0.0:42472] READ: [id: 0x215a5967, L:/192.168.151.68:42472 - R:/192.168.151.68:58740]
2019-09-26 14:05:29,051 INFO  logging.LoggingHandler (AbstractInternalLogger.java:log(150)) - [id: 0x575642e0, L:/0.0.0.0:42472] READ COMPLETE
2019-09-26 14:05:29,053 INFO  logging.LoggingHandler (AbstractInternalLogger.java:log(150)) - [id: 0x4f77c562, L:/0.0.0.0:43413] READ: [id: 0x22cbb4e7, L:/192.168.151.68:43413 - R:/192.168.151.68:52780]
2019-09-26 14:05:29,053 INFO  logging.LoggingHandler (AbstractInternalLogger.java:log(150)) - [id: 0x4f77c562, L:/0.0.0.0:43413] READ COMPLETE
2019-09-26 14:05:29,167 TRACE util.FileUtils (LogUtils.java:supplyAndLog(82)) - Successfully supplied Files.newOutputStream CREATE_NEW /workdir/ratis-examples/target/test/data/eae049c8/TestFileStoreWithNetty/filestore/s2/file56: java.nio.channels.Channels$1@520b2189
2019-09-26 14:05:29,168 TRACE util.FileUtils (LogUtils.java:supplyAndLog(82)) - Successfully supplied Files.newOutputStream CREATE_NEW /workdir/ratis-examples/target/test/data/eae049c8/TestFileStoreWithNetty/filestore/s0/file56: java.nio.channels.Channels$1@65095f2e
2019-09-26 14:05:29,171 TRACE util.FileUtils (LogUtils.java:supplyAndLog(82)) - Successfully supplied Files.newOutputStream CREATE_NEW /workdir/ratis-examples/target/test/data/eae049c8/TestFileStoreWithNetty/filestore/s1/file56: java.nio.channels.Channels$1@13cc33da
2019-09-26 14:05:29,251 INFO  logging.LoggingHandler (AbstractInternalLogger.java:log(150)) - [id: 0x575642e0, L:/0.0.0.0:42472] READ: [id: 0x419208c9, L:/192.168.151.68:42472 - R:/192.168.151.68:58744]
2019-09-26 14:05:29,251 INFO  logging.LoggingHandler (AbstractInternalLogger.java:log(150)) - [id: 0x575642e0, L:/0.0.0.0:42472] READ COMPLETE
2019-09-26 14:05:29,255 INFO  logging.LoggingHandler (AbstractInternalLogger.java:log(150)) - [id: 0x4f77c562, L:/0.0.0.0:43413] READ: [id: 0x5d71c409, L:/192.168.151.68:43413 - R:/192.168.151.68:52784]
2019-09-26 14:05:29,256 INFO  logging.LoggingHandler (AbstractInternalLogger.java:log(150)) - [id: 0x4f77c562, L:/0.0.0.0:43413] READ COMPLETE
2019-09-26 14:05:29,281 INFO  logging.LoggingHandler (AbstractInternalLogger.java:log(150)) - [id: 0x575642e0, L:/0.0.0.0:42472] READ: [id: 0x7056ef4a, L:/192.168.151.68:42472 - R:/192.168.151.68:58748]
2019-09-26 14:05:29,281 INFO  logging.LoggingHandler (AbstractInternalLogger.java:log(150)) - [id: 0x575642e0, L:/0.0.0.0:42472] READ COMPLETE
2019-09-26 14:05:29,283 INFO  logging.LoggingHandler (AbstractInternalLogger.java:log(150)) - [id: 0x4f77c562, L:/0.0.0.0:43413] READ: [id: 0x081c5ab9, L:/192.168.151.68:43413 - R:/192.168.151.68:52788]
2019-09-26 14:05:29,283 INFO  logging.LoggingHandler (AbstractInternalLogger.java:log(150)) - [id: 0x4f77c562, L:/0.0.0.0:43413] READ COMPLETE
2019-09-26 14:05:29,287 TRACE util.FileUtils (LogUtils.java:supplyAndLog(82)) - Successfully supplied Files.newOutputStream CREATE_NEW /workdir/ratis-examples/target/test/data/eae049c8/TestFileStoreWithNetty/filestore/s2/file57: java.nio.channels.Channels$1@6d76d66
2019-09-26 14:05:29,288 TRACE util.FileUtils (LogUtils.java:supplyAndLog(82)) - Successfully supplied Files.newOutputStream CREATE_NEW /workdir/ratis-examples/target/test/data/eae049c8/TestFileStoreWithNetty/filestore/s0/file57: java.nio.channels.Channels$1@1e109bd1
2019-09-26 14:05:29,290 TRACE util.FileUtils (LogUtils.java:supplyAndLog(82)) - Successfully supplied Files.newOutputStream CREATE_NEW /workdir/ratis-examples/target/test/data/eae049c8/TestFileStoreWithNetty/filestore/s1/file57: java.nio.channels.Channels$1@41745fec
2019-09-26 14:05:29,301 TRACE util.FileUtils (LogUtils.java:supplyAndLog(82)) - Successfully supplied Files.newOutputStream CREATE_NEW /workdir/ratis-examples/target/test/data/eae049c8/TestFileStoreWithNetty/filestore/s2/file58: java.nio.channels.Channels$1@3e6338c1
2019-09-26 14:05:29,303 TRACE util.FileUtils (LogUtils.java:supplyAndLog(82)) - Successfully supplied Files.newOutputStream CREATE_NEW /workdir/ratis-examples/target/test/data/eae049c8/TestFileStoreWithNetty/filestore/s0/file58: java.nio.channels.Channels$1@32e65571
2019-09-26 14:05:29,304 TRACE util.FileUtils (LogUtils.java:supplyAndLog(82)) - Successfully supplied Files.newOutputStream CREATE_NEW /workdir/ratis-examples/target/test/data/eae049c8/TestFileStoreWithNetty/filestore/s1/file58: java.nio.channels.Channels$1@187ff4df
2019-09-26 14:05:30,719 INFO  ratis.MiniRaftCluster (MiniRaftCluster.java:lambda$null$5(297)) - TIMED-PRINT: printing ALL groups
  s0:  RUNNING  FOLLOWER s0@group-CE94C192A811:t9, leader=s2, voted=s2, raftlog=s0@group-CE94C192A811-SegmentedRaftLog:OPENED:c21748,f21752,i21757, conf=1: [s0:0.0.0.0:42472, s1:0.0.0.0:46526, s2:0.0.0.0:43413], old=null RUNNING
  s1:  RUNNING  FOLLOWER s1@group-CE94C192A811:t9, leader=s2, voted=null, raftlog=s1@group-CE94C192A811-SegmentedRaftLog:OPENED:c21752,f21753,i21757, conf=1: [s0:0.0.0.0:42472, s1:0.0.0.0:46526, s2:0.0.0.0:43413], old=null RUNNING
  s2:  RUNNING    LEADER s2@group-CE94C192A811:t9, leader=s2, voted=s2, raftlog=s2@group-CE94C192A811-SegmentedRaftLog:OPENED:c21753,f21753,i21757, conf=1: [s0:0.0.0.0:42472, s1:0.0.0.0:46526, s2:0.0.0.0:43413], old=null RUNNING
2019-09-26 14:05:31,372 INFO  logging.LoggingHandler (AbstractInternalLogger.java:log(150)) - [id: 0x575642e0, L:/0.0.0.0:42472] READ: [id: 0xc3735438, L:/192.168.151.68:42472 - R:/192.168.151.68:58756]
2019-09-26 14:05:31,373 INFO  logging.LoggingHandler (AbstractInternalLogger.java:log(150)) - [id: 0x575642e0, L:/0.0.0.0:42472] READ COMPLETE
2019-09-26 14:05:31,374 INFO  logging.LoggingHandler (AbstractInternalLogger.java:log(150)) - [id: 0x4f77c562, L:/0.0.0.0:43413] READ: [id: 0x4ac7dabe, L:/192.168.151.68:43413 - R:/192.168.151.68:52796]
2019-09-26 14:05:31,376 INFO  logging.LoggingHandler (AbstractInternalLogger.java:log(150)) - [id: 0x4f77c562, L:/0.0.0.0:43413] READ COMPLETE
2019-09-26 14:05:31,651 TRACE util.FileUtils (LogUtils.java:supplyAndLog(82)) - Successfully supplied Files.newOutputStream CREATE_NEW /workdir/ratis-examples/target/test/data/eae049c8/TestFileStoreWithNetty/filestore/s2/file59: java.nio.channels.Channels$1@41b88a12
2019-09-26 14:05:31,651 TRACE util.FileUtils (LogUtils.java:supplyAndLog(82)) - Successfully supplied Files.newOutputStream CREATE_NEW /workdir/ratis-examples/target/test/data/eae049c8/TestFileStoreWithNetty/filestore/s1/file59: java.nio.channels.Channels$1@463a9a92
2019-09-26 14:05:31,652 TRACE util.FileUtils (LogUtils.java:supplyAndLog(82)) - Successfully supplied Files.newOutputStream CREATE_NEW /workdir/ratis-examples/target/test/data/eae049c8/TestFileStoreWithNetty/filestore/s0/file59: java.nio.channels.Channels$1@34e2f6b6
2019-09-26 14:05:32,271 INFO  logging.LoggingHandler (AbstractInternalLogger.java:log(150)) - [id: 0x575642e0, L:/0.0.0.0:42472] READ: [id: 0xcbba6c42, L:/192.168.151.68:42472 - R:/192.168.151.68:58760]
2019-09-26 14:05:32,271 INFO  logging.LoggingHandler (AbstractInternalLogger.java:log(150)) - [id: 0x575642e0, L:/0.0.0.0:42472] READ COMPLETE
2019-09-26 14:05:32,273 INFO  logging.LoggingHandler (AbstractInternalLogger.java:log(150)) - [id: 0x4f77c562, L:/0.0.0.0:43413] READ: [id: 0xf0348b08, L:/192.168.151.68:43413 - R:/192.168.151.68:52800]
2019-09-26 14:05:32,273 INFO  logging.LoggingHandler (AbstractInternalLogger.java:log(150)) - [id: 0x4f77c562, L:/0.0.0.0:43413] READ COMPLETE
2019-09-26 14:05:32,300 TRACE util.FileUtils (LogUtils.java:supplyAndLog(82)) - Successfully supplied Files.newOutputStream CREATE_NEW /workdir/ratis-examples/target/test/data/eae049c8/TestFileStoreWithNetty/filestore/s2/file60: java.nio.channels.Channels$1@4bb0b185
2019-09-26 14:05:32,301 TRACE util.FileUtils (LogUtils.java:supplyAndLog(82)) - Successfully supplied Files.newOutputStream CREATE_NEW /workdir/ratis-examples/target/test/data/eae049c8/TestFileStoreWithNetty/filestore/s1/file60: java.nio.channels.Channels$1@50b47ef9
2019-09-26 14:05:32,303 TRACE util.FileUtils (LogUtils.java:supplyAndLog(82)) - Successfully supplied Files.newOutputStream CREATE_NEW /workdir/ratis-examples/target/test/data/eae049c8/TestFileStoreWithNetty/filestore/s0/file60: java.nio.channels.Channels$1@57870dd7
2019-09-26 14:05:32,656 INFO  logging.LoggingHandler (AbstractInternalLogger.java:log(150)) - [id: 0x575642e0, L:/0.0.0.0:42472] READ: [id: 0x675b556d, L:/192.168.151.68:42472 - R:/192.168.151.68:58764]
2019-09-26 14:05:32,657 INFO  logging.LoggingHandler (AbstractInternalLogger.java:log(150)) - [id: 0x575642e0, L:/0.0.0.0:42472] READ COMPLETE
2019-09-26 14:05:32,660 INFO  logging.LoggingHandler (AbstractInternalLogger.java:log(150)) - [id: 0x4f77c562, L:/0.0.0.0:43413] READ: [id: 0xc4a822cb, L:/192.168.151.68:43413 - R:/192.168.151.68:52804]
2019-09-26 14:05:32,660 INFO  logging.LoggingHandler (AbstractInternalLogger.java:log(150)) - [id: 0x4f77c562, L:/0.0.0.0:43413] READ COMPLETE
2019-09-26 14:05:32,699 TRACE util.FileUtils (LogUtils.java:supplyAndLog(82)) - Successfully supplied Files.newOutputStream CREATE_NEW /workdir/ratis-examples/target/test/data/eae049c8/TestFileStoreWithNetty/filestore/s2/file61: java.nio.channels.Channels$1@53bc16c0
2019-09-26 14:05:32,699 TRACE util.FileUtils (LogUtils.java:supplyAndLog(82)) - Successfully supplied Files.newOutputStream CREATE_NEW /workdir/ratis-examples/target/test/data/eae049c8/TestFileStoreWithNetty/filestore/s0/file61: java.nio.channels.Channels$1@6cc1891c
2019-09-26 14:05:32,700 TRACE util.FileUtils (LogUtils.java:supplyAndLog(82)) - Successfully supplied Files.newOutputStream CREATE_NEW /workdir/ratis-examples/target/test/data/eae049c8/TestFileStoreWithNetty/filestore/s1/file61: java.nio.channels.Channels$1@1ae4861e
2019-09-26 14:05:33,130 INFO  logging.LoggingHandler (AbstractInternalLogger.java:log(150)) - [id: 0x575642e0, L:/0.0.0.0:42472] READ: [id: 0x5d7fddbb, L:/192.168.151.68:42472 - R:/192.168.151.68:58768]
2019-09-26 14:05:33,130 INFO  logging.LoggingHandler (AbstractInternalLogger.java:log(150)) - [id: 0x575642e0, L:/0.0.0.0:42472] READ COMPLETE
2019-09-26 14:05:33,132 INFO  logging.LoggingHandler (AbstractInternalLogger.java:log(150)) - [id: 0x4f77c562, L:/0.0.0.0:43413] READ: [id: 0xa83920c1, L:/192.168.151.68:43413 - R:/192.168.151.68:52808]
2019-09-26 14:05:33,133 INFO  logging.LoggingHandler (AbstractInternalLogger.java:log(150)) - [id: 0x4f77c562, L:/0.0.0.0:43413] READ COMPLETE
2019-09-26 14:05:33,171 INFO  logging.LoggingHandler (AbstractInternalLogger.java:log(150)) - [id: 0x575642e0, L:/0.0.0.0:42472] READ: [id: 0x57244f0e, L:/192.168.151.68:42472 - R:/192.168.151.68:58774]
2019-09-26 14:05:33,171 INFO  logging.LoggingHandler (AbstractInternalLogger.java:log(150)) - [id: 0x575642e0, L:/0.0.0.0:42472] READ COMPLETE
2019-09-26 14:05:33,173 INFO  logging.LoggingHandler (AbstractInternalLogger.java:log(150)) - [id: 0x4f77c562, L:/0.0.0.0:43413] READ: [id: 0x4fe08e63, L:/192.168.151.68:43413 - R:/192.168.151.68:52814]
2019-09-26 14:05:33,173 INFO  logging.LoggingHandler (AbstractInternalLogger.java:log(150)) - [id: 0x4f77c562, L:/0.0.0.0:43413] READ COMPLETE
2019-09-26 14:05:33,202 TRACE util.FileUtils (LogUtils.java:supplyAndLog(82)) - Successfully supplied Files.newOutputStream CREATE_NEW /workdir/ratis-examples/target/test/data/eae049c8/TestFileStoreWithNetty/filestore/s2/file62: java.nio.channels.Channels$1@34b659a6
2019-09-26 14:05:33,202 TRACE util.FileUtils (LogUtils.java:supplyAndLog(82)) - Successfully supplied Files.newOutputStream CREATE_NEW /workdir/ratis-examples/target/test/data/eae049c8/TestFileStoreWithNetty/filestore/s1/file62: java.nio.channels.Channels$1@45166b
2019-09-26 14:05:33,203 TRACE util.FileUtils (LogUtils.java:supplyAndLog(82)) - Successfully supplied Files.newOutputStream CREATE_NEW /workdir/ratis-examples/target/test/data/eae049c8/TestFileStoreWithNetty/filestore/s0/file62: java.nio.channels.Channels$1@71975cb1
2019-09-26 14:05:33,220 TRACE util.FileUtils (LogUtils.java:supplyAndLog(82)) - Successfully supplied Files.newOutputStream CREATE_NEW /workdir/ratis-examples/target/test/data/eae049c8/TestFileStoreWithNetty/filestore/s2/file63: java.nio.channels.Channels$1@228b945d
2019-09-26 14:05:33,222 TRACE util.FileUtils (LogUtils.java:supplyAndLog(82)) - Successfully supplied Files.newOutputStream CREATE_NEW /workdir/ratis-examples/target/test/data/eae049c8/TestFileStoreWithNetty/filestore/s0/file63: java.nio.channels.Channels$1@149af87c
2019-09-26 14:05:33,222 TRACE util.FileUtils (LogUtils.java:supplyAndLog(82)) - Successfully supplied Files.newOutputStream CREATE_NEW /workdir/ratis-examples/target/test/data/eae049c8/TestFileStoreWithNetty/filestore/s1/file63: java.nio.channels.Channels$1@420b2d76
2019-09-26 14:05:33,316 INFO  logging.LoggingHandler (AbstractInternalLogger.java:log(150)) - [id: 0x575642e0, L:/0.0.0.0:42472] READ: [id: 0xeb120cdb, L:/192.168.151.68:42472 - R:/192.168.151.68:58780]
2019-09-26 14:05:33,316 INFO  logging.LoggingHandler (AbstractInternalLogger.java:log(150)) - [id: 0x575642e0, L:/0.0.0.0:42472] READ COMPLETE
2019-09-26 14:05:33,318 INFO  logging.LoggingHandler (AbstractInternalLogger.java:log(150)) - [id: 0x4f77c562, L:/0.0.0.0:43413] READ: [id: 0xdca330e3, L:/192.168.151.68:43413 - R:/192.168.151.68:52820]
2019-09-26 14:05:33,319 INFO  logging.LoggingHandler (AbstractInternalLogger.java:log(150)) - [id: 0x4f77c562, L:/0.0.0.0:43413] READ COMPLETE
2019-09-26 14:05:33,376 TRACE util.FileUtils (LogUtils.java:supplyAndLog(82)) - Successfully supplied Files.newOutputStream CREATE_NEW /workdir/ratis-examples/target/test/data/eae049c8/TestFileStoreWithNetty/filestore/s2/file64: java.nio.channels.Channels$1@57856013
2019-09-26 14:05:33,379 TRACE util.FileUtils (LogUtils.java:supplyAndLog(82)) - Successfully supplied Files.newOutputStream CREATE_NEW /workdir/ratis-examples/target/test/data/eae049c8/TestFileStoreWithNetty/filestore/s0/file64: java.nio.channels.Channels$1@1cfd00f7
2019-09-26 14:05:33,381 TRACE util.FileUtils (LogUtils.java:supplyAndLog(82)) - Successfully supplied Files.newOutputStream CREATE_NEW /workdir/ratis-examples/target/test/data/eae049c8/TestFileStoreWithNetty/filestore/s1/file64: java.nio.channels.Channels$1@45479807
2019-09-26 14:05:33,924 INFO  logging.LoggingHandler (AbstractInternalLogger.java:log(150)) - [id: 0x575642e0, L:/0.0.0.0:42472] READ: [id: 0x198be4ff, L:/192.168.151.68:42472 - R:/192.168.151.68:58784]
2019-09-26 14:05:33,924 INFO  logging.LoggingHandler (AbstractInternalLogger.java:log(150)) - [id: 0x575642e0, L:/0.0.0.0:42472] READ COMPLETE
2019-09-26 14:05:33,928 INFO  logging.LoggingHandler (AbstractInternalLogger.java:log(150)) - [id: 0x4f77c562, L:/0.0.0.0:43413] READ: [id: 0xf38ac4ae, L:/192.168.151.68:43413 - R:/192.168.151.68:52824]
2019-09-26 14:05:33,929 INFO  logging.LoggingHandler (AbstractInternalLogger.java:log(150)) - [id: 0x4f77c562, L:/0.0.0.0:43413] READ COMPLETE
2019-09-26 14:05:33,951 TRACE util.FileUtils (LogUtils.java:supplyAndLog(82)) - Successfully supplied Files.newOutputStream CREATE_NEW /workdir/ratis-examples/target/test/data/eae049c8/TestFileStoreWithNetty/filestore/s2/file65: java.nio.channels.Channels$1@3496461b
2019-09-26 14:05:33,953 TRACE util.FileUtils (LogUtils.java:supplyAndLog(82)) - Successfully supplied Files.newOutputStream CREATE_NEW /workdir/ratis-examples/target/test/data/eae049c8/TestFileStoreWithNetty/filestore/s1/file65: java.nio.channels.Channels$1@25eaefb
2019-09-26 14:05:33,953 TRACE util.FileUtils (LogUtils.java:supplyAndLog(82)) - Successfully supplied Files.newOutputStream CREATE_NEW /workdir/ratis-examples/target/test/data/eae049c8/TestFileStoreWithNetty/filestore/s0/file65: java.nio.channels.Channels$1@22d041a3
2019-09-26 14:05:34,396 INFO  logging.LoggingHandler (AbstractInternalLogger.java:log(150)) - [id: 0x575642e0, L:/0.0.0.0:42472] READ: [id: 0xc1b616ec, L:/192.168.151.68:42472 - R:/192.168.151.68:58790]
2019-09-26 14:05:34,397 INFO  logging.LoggingHandler (AbstractInternalLogger.java:log(150)) - [id: 0x575642e0, L:/0.0.0.0:42472] READ COMPLETE
2019-09-26 14:05:34,400 INFO  logging.LoggingHandler (AbstractInternalLogger.java:log(150)) - [id: 0x4f77c562, L:/0.0.0.0:43413] READ: [id: 0xed379739, L:/192.168.151.68:43413 - R:/192.168.151.68:52830]
2019-09-26 14:05:34,400 INFO  logging.LoggingHandler (AbstractInternalLogger.java:log(150)) - [id: 0x4f77c562, L:/0.0.0.0:43413] READ COMPLETE
2019-09-26 14:05:34,448 TRACE util.FileUtils (LogUtils.java:supplyAndLog(82)) - Successfully supplied Files.newOutputStream CREATE_NEW /workdir/ratis-examples/target/test/data/eae049c8/TestFileStoreWithNetty/filestore/s2/file66: java.nio.channels.Channels$1@32768967
2019-09-26 14:05:34,458 TRACE util.FileUtils (LogUtils.java:supplyAndLog(82)) - Successfully supplied Files.newOutputStream CREATE_NEW /workdir/ratis-examples/target/test/data/eae049c8/TestFileStoreWithNetty/filestore/s1/file66: java.nio.channels.Channels$1@3de2ae7d
2019-09-26 14:05:34,459 TRACE util.FileUtils (LogUtils.java:supplyAndLog(82)) - Successfully supplied Files.newOutputStream CREATE_NEW /workdir/ratis-examples/target/test/data/eae049c8/TestFileStoreWithNetty/filestore/s0/file66: java.nio.channels.Channels$1@4d1d036a
2019-09-26 14:05:37,042 INFO  logging.LoggingHandler (AbstractInternalLogger.java:log(150)) - [id: 0x575642e0, L:/0.0.0.0:42472] READ: [id: 0x6ac5b538, L:/192.168.151.68:42472 - R:/192.168.151.68:58796]
2019-09-26 14:05:37,042 INFO  logging.LoggingHandler (AbstractInternalLogger.java:log(150)) - [id: 0x575642e0, L:/0.0.0.0:42472] READ COMPLETE
2019-09-26 14:05:37,045 INFO  logging.LoggingHandler (AbstractInternalLogger.java:log(150)) - [id: 0x4f77c562, L:/0.0.0.0:43413] READ: [id: 0x8fc26c38, L:/192.168.151.68:43413 - R:/192.168.151.68:52836]
2019-09-26 14:05:37,045 INFO  logging.LoggingHandler (AbstractInternalLogger.java:log(150)) - [id: 0x4f77c562, L:/0.0.0.0:43413] READ COMPLETE
2019-09-26 14:05:37,124 INFO  logging.LoggingHandler (AbstractInternalLogger.java:log(150)) - [id: 0x575642e0, L:/0.0.0.0:42472] READ: [id: 0xda2f1ede, L:/192.168.151.68:42472 - R:/192.168.151.68:58800]
2019-09-26 14:05:37,124 INFO  logging.LoggingHandler (AbstractInternalLogger.java:log(150)) - [id: 0x575642e0, L:/0.0.0.0:42472] READ COMPLETE
2019-09-26 14:05:37,126 INFO  logging.LoggingHandler (AbstractInternalLogger.java:log(150)) - [id: 0x4f77c562, L:/0.0.0.0:43413] READ: [id: 0x235e1bfc, L:/192.168.151.68:43413 - R:/192.168.151.68:52840]
2019-09-26 14:05:37,126 INFO  logging.LoggingHandler (AbstractInternalLogger.java:log(150)) - [id: 0x4f77c562, L:/0.0.0.0:43413] READ COMPLETE
2019-09-26 14:05:37,138 TRACE util.FileUtils (LogUtils.java:supplyAndLog(82)) - Successfully supplied Files.newOutputStream CREATE_NEW /workdir/ratis-examples/target/test/data/eae049c8/TestFileStoreWithNetty/filestore/s2/file67: java.nio.channels.Channels$1@26a687ae
2019-09-26 14:05:37,152 TRACE util.FileUtils (LogUtils.java:supplyAndLog(82)) - Successfully supplied Files.newOutputStream CREATE_NEW /workdir/ratis-examples/target/test/data/eae049c8/TestFileStoreWithNetty/filestore/s1/file67: java.nio.channels.Channels$1@1f4dff39
2019-09-26 14:05:37,153 TRACE util.FileUtils (LogUtils.java:supplyAndLog(82)) - Successfully supplied Files.newOutputStream CREATE_NEW /workdir/ratis-examples/target/test/data/eae049c8/TestFileStoreWithNetty/filestore/s0/file67: java.nio.channels.Channels$1@6c033a4
2019-09-26 14:05:37,653 TRACE util.FileUtils (LogUtils.java:supplyAndLog(82)) - Successfully supplied Files.newOutputStream CREATE_NEW /workdir/ratis-examples/target/test/data/eae049c8/TestFileStoreWithNetty/filestore/s2/file68: java.nio.channels.Channels$1@4e654438
2019-09-26 14:05:37,656 TRACE util.FileUtils (LogUtils.java:supplyAndLog(82)) - Successfully supplied Files.newOutputStream CREATE_NEW /workdir/ratis-examples/target/test/data/eae049c8/TestFileStoreWithNetty/filestore/s1/file68: java.nio.channels.Channels$1@2985f719
2019-09-26 14:05:37,659 INFO  logging.LoggingHandler (AbstractInternalLogger.java:log(150)) - [id: 0x575642e0, L:/0.0.0.0:42472] READ: [id: 0x9aa27525, L:/192.168.151.68:42472 - R:/192.168.151.68:58804]
2019-09-26 14:05:37,659 INFO  logging.LoggingHandler (AbstractInternalLogger.java:log(150)) - [id: 0x575642e0, L:/0.0.0.0:42472] READ COMPLETE
2019-09-26 14:05:37,668 TRACE util.FileUtils (LogUtils.java:supplyAndLog(82)) - Successfully supplied Files.newOutputStream CREATE_NEW /workdir/ratis-examples/target/test/data/eae049c8/TestFileStoreWithNetty/filestore/s0/file68: java.nio.channels.Channels$1@402c4d75
2019-09-26 14:05:37,669 INFO  logging.LoggingHandler (AbstractInternalLogger.java:log(150)) - [id: 0x4f77c562, L:/0.0.0.0:43413] READ: [id: 0x4788606b, L:/192.168.151.68:43413 - R:/192.168.151.68:52844]
2019-09-26 14:05:37,670 INFO  logging.LoggingHandler (AbstractInternalLogger.java:log(150)) - [id: 0x4f77c562, L:/0.0.0.0:43413] READ COMPLETE
2019-09-26 14:05:37,837 TRACE util.FileUtils (LogUtils.java:supplyAndLog(82)) - Successfully supplied Files.newOutputStream CREATE_NEW /workdir/ratis-examples/target/test/data/eae049c8/TestFileStoreWithNetty/filestore/s2/file69: java.nio.channels.Channels$1@150a9be
2019-09-26 14:05:37,838 TRACE util.FileUtils (LogUtils.java:supplyAndLog(82)) - Successfully supplied Files.newOutputStream CREATE_NEW /workdir/ratis-examples/target/test/data/eae049c8/TestFileStoreWithNetty/filestore/s0/file69: java.nio.channels.Channels$1@268c42b1
2019-09-26 14:05:37,840 TRACE util.FileUtils (LogUtils.java:supplyAndLog(82)) - Successfully supplied Files.newOutputStream CREATE_NEW /workdir/ratis-examples/target/test/data/eae049c8/TestFileStoreWithNetty/filestore/s1/file69: java.nio.channels.Channels$1@53bb582b
2019-09-26 14:05:39,765 INFO  logging.LoggingHandler (AbstractInternalLogger.java:log(150)) - [id: 0x575642e0, L:/0.0.0.0:42472] READ: [id: 0xe124b612, L:/192.168.151.68:42472 - R:/192.168.151.68:58810]
2019-09-26 14:05:39,765 INFO  logging.LoggingHandler (AbstractInternalLogger.java:log(150)) - [id: 0x575642e0, L:/0.0.0.0:42472] READ COMPLETE
2019-09-26 14:05:39,768 INFO  logging.LoggingHandler (AbstractInternalLogger.java:log(150)) - [id: 0x4f77c562, L:/0.0.0.0:43413] READ: [id: 0xcdbc3179, L:/192.168.151.68:43413 - R:/192.168.151.68:52850]
2019-09-26 14:05:39,768 INFO  logging.LoggingHandler (AbstractInternalLogger.java:log(150)) - [id: 0x4f77c562, L:/0.0.0.0:43413] READ COMPLETE
2019-09-26 14:05:39,847 TRACE util.FileUtils (LogUtils.java:supplyAndLog(82)) - Successfully supplied Files.newOutputStream CREATE_NEW /workdir/ratis-examples/target/test/data/eae049c8/TestFileStoreWithNetty/filestore/s2/file70: java.nio.channels.Channels$1@4c0697b6
2019-09-26 14:05:39,849 TRACE util.FileUtils (LogUtils.java:supplyAndLog(82)) - Successfully supplied Files.newOutputStream CREATE_NEW /workdir/ratis-examples/target/test/data/eae049c8/TestFileStoreWithNetty/filestore/s0/file70: java.nio.channels.Channels$1@a97486
2019-09-26 14:05:39,862 TRACE util.FileUtils (LogUtils.java:supplyAndLog(82)) - Successfully supplied Files.newOutputStream CREATE_NEW /workdir/ratis-examples/target/test/data/eae049c8/TestFileStoreWithNetty/filestore/s1/file70: java.nio.channels.Channels$1@4fc208f8
2019-09-26 14:05:39,967 INFO  logging.LoggingHandler (AbstractInternalLogger.java:log(150)) - [id: 0x575642e0, L:/0.0.0.0:42472] READ: [id: 0xb2deed9d, L:/192.168.151.68:42472 - R:/192.168.151.68:58814]
2019-09-26 14:05:39,968 INFO  logging.LoggingHandler (AbstractInternalLogger.java:log(150)) - [id: 0x575642e0, L:/0.0.0.0:42472] READ COMPLETE
2019-09-26 14:05:39,970 INFO  logging.LoggingHandler (AbstractInternalLogger.java:log(150)) - [id: 0x4f77c562, L:/0.0.0.0:43413] READ: [id: 0xf41cb14f, L:/192.168.151.68:43413 - R:/192.168.151.68:52854]
2019-09-26 14:05:39,970 INFO  logging.LoggingHandler (AbstractInternalLogger.java:log(150)) - [id: 0x4f77c562, L:/0.0.0.0:43413] READ COMPLETE
2019-09-26 14:05:40,025 TRACE util.FileUtils (LogUtils.java:supplyAndLog(82)) - Successfully supplied Files.newOutputStream CREATE_NEW /workdir/ratis-examples/target/test/data/eae049c8/TestFileStoreWithNetty/filestore/s2/file71: java.nio.channels.Channels$1@4ba1c41
2019-09-26 14:05:40,026 TRACE util.FileUtils (LogUtils.java:supplyAndLog(82)) - Successfully supplied Files.newOutputStream CREATE_NEW /workdir/ratis-examples/target/test/data/eae049c8/TestFileStoreWithNetty/filestore/s1/file71: java.nio.channels.Channels$1@4f4d7ce2
2019-09-26 14:05:40,026 TRACE util.FileUtils (LogUtils.java:supplyAndLog(82)) - Successfully supplied Files.newOutputStream CREATE_NEW /workdir/ratis-examples/target/test/data/eae049c8/TestFileStoreWithNetty/filestore/s0/file71: java.nio.channels.Channels$1@2641c6cc
2019-09-26 14:05:40,502 INFO  logging.LoggingHandler (AbstractInternalLogger.java:log(150)) - [id: 0x575642e0, L:/0.0.0.0:42472] READ: [id: 0x886367d0, L:/192.168.151.68:42472 - R:/192.168.151.68:58820]
2019-09-26 14:05:40,502 INFO  logging.LoggingHandler (AbstractInternalLogger.java:log(150)) - [id: 0x575642e0, L:/0.0.0.0:42472] READ COMPLETE
2019-09-26 14:05:40,504 INFO  logging.LoggingHandler (AbstractInternalLogger.java:log(150)) - [id: 0x4f77c562, L:/0.0.0.0:43413] READ: [id: 0x86aab64d, L:/192.168.151.68:43413 - R:/192.168.151.68:52860]
2019-09-26 14:05:40,504 INFO  logging.LoggingHandler (AbstractInternalLogger.java:log(150)) - [id: 0x4f77c562, L:/0.0.0.0:43413] READ COMPLETE
2019-09-26 14:05:40,599 TRACE util.FileUtils (LogUtils.java:supplyAndLog(82)) - Successfully supplied Files.newOutputStream CREATE_NEW /workdir/ratis-examples/target/test/data/eae049c8/TestFileStoreWithNetty/filestore/s2/file72: java.nio.channels.Channels$1@61b8ace5
2019-09-26 14:05:40,601 TRACE util.FileUtils (LogUtils.java:supplyAndLog(82)) - Successfully supplied Files.newOutputStream CREATE_NEW /workdir/ratis-examples/target/test/data/eae049c8/TestFileStoreWithNetty/filestore/s1/file72: java.nio.channels.Channels$1@3092d6b0
2019-09-26 14:05:40,612 TRACE util.FileUtils (LogUtils.java:supplyAndLog(82)) - Successfully supplied Files.newOutputStream CREATE_NEW /workdir/ratis-examples/target/test/data/eae049c8/TestFileStoreWithNetty/filestore/s0/file72: java.nio.channels.Channels$1@46282271
2019-09-26 14:05:40,719 INFO  ratis.MiniRaftCluster (MiniRaftCluster.java:lambda$null$5(297)) - TIMED-PRINT: printing ALL groups
  s0:  RUNNING  FOLLOWER s0@group-CE94C192A811:t9, leader=s2, voted=s2, raftlog=s0@group-CE94C192A811-SegmentedRaftLog:OPENED:c26146,f26154,i26156, conf=1: [s0:0.0.0.0:42472, s1:0.0.0.0:46526, s2:0.0.0.0:43413], old=null RUNNING
  s1:  RUNNING  FOLLOWER s1@group-CE94C192A811:t9, leader=s2, voted=null, raftlog=s1@group-CE94C192A811-SegmentedRaftLog:OPENED:c26151,f26156,i26157, conf=1: [s0:0.0.0.0:42472, s1:0.0.0.0:46526, s2:0.0.0.0:43413], old=null RUNNING
  s2:  RUNNING    LEADER s2@group-CE94C192A811:t9, leader=s2, voted=s2, raftlog=s2@group-CE94C192A811-SegmentedRaftLog:OPENED:c26156,f26156,i26161, conf=1: [s0:0.0.0.0:42472, s1:0.0.0.0:46526, s2:0.0.0.0:43413], old=null RUNNING
2019-09-26 14:05:40,782 INFO  logging.LoggingHandler (AbstractInternalLogger.java:log(150)) - [id: 0x575642e0, L:/0.0.0.0:42472] READ: [id: 0xa01c7ef8, L:/192.168.151.68:42472 - R:/192.168.151.68:58826]
2019-09-26 14:05:40,783 INFO  logging.LoggingHandler (AbstractInternalLogger.java:log(150)) - [id: 0x575642e0, L:/0.0.0.0:42472] READ COMPLETE
2019-09-26 14:05:40,791 INFO  logging.LoggingHandler (AbstractInternalLogger.java:log(150)) - [id: 0x4f77c562, L:/0.0.0.0:43413] READ: [id: 0x4daba79e, L:/192.168.151.68:43413 - R:/192.168.151.68:52866]
2019-09-26 14:05:40,792 INFO  logging.LoggingHandler (AbstractInternalLogger.java:log(150)) - [id: 0x4f77c562, L:/0.0.0.0:43413] READ COMPLETE
2019-09-26 14:05:40,834 TRACE util.FileUtils (LogUtils.java:supplyAndLog(82)) - Successfully supplied Files.newOutputStream CREATE_NEW /workdir/ratis-examples/target/test/data/eae049c8/TestFileStoreWithNetty/filestore/s2/file73: java.nio.channels.Channels$1@48bdb645
2019-09-26 14:05:40,834 TRACE util.FileUtils (LogUtils.java:supplyAndLog(82)) - Successfully supplied Files.newOutputStream CREATE_NEW /workdir/ratis-examples/target/test/data/eae049c8/TestFileStoreWithNetty/filestore/s1/file73: java.nio.channels.Channels$1@1b000c3
2019-09-26 14:05:40,837 TRACE util.FileUtils (LogUtils.java:supplyAndLog(82)) - Successfully supplied Files.newOutputStream CREATE_NEW /workdir/ratis-examples/target/test/data/eae049c8/TestFileStoreWithNetty/filestore/s0/file73: java.nio.channels.Channels$1@3d6a8dfd
2019-09-26 14:05:42,114 INFO  logging.LoggingHandler (AbstractInternalLogger.java:log(150)) - [id: 0x575642e0, L:/0.0.0.0:42472] READ: [id: 0xe7b44bcd, L:/192.168.151.68:42472 - R:/192.168.151.68:58830]
2019-09-26 14:05:42,114 INFO  logging.LoggingHandler (AbstractInternalLogger.java:log(150)) - [id: 0x575642e0, L:/0.0.0.0:42472] READ COMPLETE
2019-09-26 14:05:42,117 INFO  logging.LoggingHandler (AbstractInternalLogger.java:log(150)) - [id: 0x4f77c562, L:/0.0.0.0:43413] READ: [id: 0x263c21d7, L:/192.168.151.68:43413 - R:/192.168.151.68:52870]
2019-09-26 14:05:42,117 INFO  logging.LoggingHandler (AbstractInternalLogger.java:log(150)) - [id: 0x4f77c562, L:/0.0.0.0:43413] READ COMPLETE
2019-09-26 14:05:42,182 TRACE util.FileUtils (LogUtils.java:supplyAndLog(82)) - Successfully supplied Files.newOutputStream CREATE_NEW /workdir/ratis-examples/target/test/data/eae049c8/TestFileStoreWithNetty/filestore/s2/file74: java.nio.channels.Channels$1@789c2bc3
2019-09-26 14:05:42,193 TRACE util.FileUtils (LogUtils.java:supplyAndLog(82)) - Successfully supplied Files.newOutputStream CREATE_NEW /workdir/ratis-examples/target/test/data/eae049c8/TestFileStoreWithNetty/filestore/s0/file74: java.nio.channels.Channels$1@7d75a94e
2019-09-26 14:05:42,195 TRACE util.FileUtils (LogUtils.java:supplyAndLog(82)) - Successfully supplied Files.newOutputStream CREATE_NEW /workdir/ratis-examples/target/test/data/eae049c8/TestFileStoreWithNetty/filestore/s1/file74: java.nio.channels.Channels$1@51d74a99
2019-09-26 14:05:43,388 INFO  logging.LoggingHandler (AbstractInternalLogger.java:log(150)) - [id: 0x575642e0, L:/0.0.0.0:42472] READ: [id: 0xda623d12, L:/192.168.151.68:42472 - R:/192.168.151.68:58838]
2019-09-26 14:05:43,388 INFO  logging.LoggingHandler (AbstractInternalLogger.java:log(150)) - [id: 0x575642e0, L:/0.0.0.0:42472] READ COMPLETE
2019-09-26 14:05:43,390 INFO  logging.LoggingHandler (AbstractInternalLogger.java:log(150)) - [id: 0x4f77c562, L:/0.0.0.0:43413] READ: [id: 0xb309a8a6, L:/192.168.151.68:43413 - R:/192.168.151.68:52878]
2019-09-26 14:05:43,390 INFO  logging.LoggingHandler (AbstractInternalLogger.java:log(150)) - [id: 0x4f77c562, L:/0.0.0.0:43413] READ COMPLETE
2019-09-26 14:05:43,459 TRACE util.FileUtils (LogUtils.java:supplyAndLog(82)) - Successfully supplied Files.newOutputStream CREATE_NEW /workdir/ratis-examples/target/test/data/eae049c8/TestFileStoreWithNetty/filestore/s2/file75: java.nio.channels.Channels$1@5043b527
2019-09-26 14:05:43,459 TRACE util.FileUtils (LogUtils.java:supplyAndLog(82)) - Successfully supplied Files.newOutputStream CREATE_NEW /workdir/ratis-examples/target/test/data/eae049c8/TestFileStoreWithNetty/filestore/s0/file75: java.nio.channels.Channels$1@14ea8c8
2019-09-26 14:05:43,460 TRACE util.FileUtils (LogUtils.java:supplyAndLog(82)) - Successfully supplied Files.newOutputStream CREATE_NEW /workdir/ratis-examples/target/test/data/eae049c8/TestFileStoreWithNetty/filestore/s1/file75: java.nio.channels.Channels$1@36e98570
2019-09-26 14:05:43,641 INFO  logging.LoggingHandler (AbstractInternalLogger.java:log(150)) - [id: 0x575642e0, L:/0.0.0.0:42472] READ: [id: 0x3d85a8b3, L:/192.168.151.68:42472 - R:/192.168.151.68:58842]
2019-09-26 14:05:43,641 INFO  logging.LoggingHandler (AbstractInternalLogger.java:log(150)) - [id: 0x575642e0, L:/0.0.0.0:42472] READ COMPLETE
2019-09-26 14:05:43,643 INFO  logging.LoggingHandler (AbstractInternalLogger.java:log(150)) - [id: 0x4f77c562, L:/0.0.0.0:43413] READ: [id: 0x95c9172d, L:/192.168.151.68:43413 - R:/192.168.151.68:52882]
2019-09-26 14:05:43,643 INFO  logging.LoggingHandler (AbstractInternalLogger.java:log(150)) - [id: 0x4f77c562, L:/0.0.0.0:43413] READ COMPLETE
2019-09-26 14:05:43,674 TRACE util.FileUtils (LogUtils.java:supplyAndLog(82)) - Successfully supplied Files.newOutputStream CREATE_NEW /workdir/ratis-examples/target/test/data/eae049c8/TestFileStoreWithNetty/filestore/s2/file76: java.nio.channels.Channels$1@f97828c
2019-09-26 14:05:43,674 TRACE util.FileUtils (LogUtils.java:supplyAndLog(82)) - Successfully supplied Files.newOutputStream CREATE_NEW /workdir/ratis-examples/target/test/data/eae049c8/TestFileStoreWithNetty/filestore/s1/file76: java.nio.channels.Channels$1@6a3a434a
2019-09-26 14:05:43,678 TRACE util.FileUtils (LogUtils.java:supplyAndLog(82)) - Successfully supplied Files.newOutputStream CREATE_NEW /workdir/ratis-examples/target/test/data/eae049c8/TestFileStoreWithNetty/filestore/s0/file76: java.nio.channels.Channels$1@4f5a4949
2019-09-26 14:05:44,442 INFO  logging.LoggingHandler (AbstractInternalLogger.java:log(150)) - [id: 0x575642e0, L:/0.0.0.0:42472] READ: [id: 0xf791de6e, L:/192.168.151.68:42472 - R:/192.168.151.68:58848]
2019-09-26 14:05:44,443 INFO  logging.LoggingHandler (AbstractInternalLogger.java:log(150)) - [id: 0x575642e0, L:/0.0.0.0:42472] READ COMPLETE
2019-09-26 14:05:44,445 INFO  logging.LoggingHandler (AbstractInternalLogger.java:log(150)) - [id: 0x4f77c562, L:/0.0.0.0:43413] READ: [id: 0x5264af2a, L:/192.168.151.68:43413 - R:/192.168.151.68:52888]
2019-09-26 14:05:44,445 INFO  logging.LoggingHandler (AbstractInternalLogger.java:log(150)) - [id: 0x4f77c562, L:/0.0.0.0:43413] READ COMPLETE
2019-09-26 14:05:44,475 TRACE util.FileUtils (LogUtils.java:supplyAndLog(82)) - Successfully supplied Files.newOutputStream CREATE_NEW /workdir/ratis-examples/target/test/data/eae049c8/TestFileStoreWithNetty/filestore/s2/file77: java.nio.channels.Channels$1@794e4d56
2019-09-26 14:05:44,475 TRACE util.FileUtils (LogUtils.java:supplyAndLog(82)) - Successfully supplied Files.newOutputStream CREATE_NEW /workdir/ratis-examples/target/test/data/eae049c8/TestFileStoreWithNetty/filestore/s0/file77: java.nio.channels.Channels$1@6845099
2019-09-26 14:05:44,477 TRACE util.FileUtils (LogUtils.java:supplyAndLog(82)) - Successfully supplied Files.newOutputStream CREATE_NEW /workdir/ratis-examples/target/test/data/eae049c8/TestFileStoreWithNetty/filestore/s1/file77: java.nio.channels.Channels$1@7bd2bb7
2019-09-26 14:05:44,480 INFO  logging.LoggingHandler (AbstractInternalLogger.java:log(150)) - [id: 0x575642e0, L:/0.0.0.0:42472] READ: [id: 0x7b826073, L:/192.168.151.68:42472 - R:/192.168.151.68:58852]
2019-09-26 14:05:44,480 INFO  logging.LoggingHandler (AbstractInternalLogger.java:log(150)) - [id: 0x575642e0, L:/0.0.0.0:42472] READ COMPLETE
2019-09-26 14:05:44,482 INFO  logging.LoggingHandler (AbstractInternalLogger.java:log(150)) - [id: 0x4f77c562, L:/0.0.0.0:43413] READ: [id: 0xcec66751, L:/192.168.151.68:43413 - R:/192.168.151.68:52892]
2019-09-26 14:05:44,482 INFO  logging.LoggingHandler (AbstractInternalLogger.java:log(150)) - [id: 0x4f77c562, L:/0.0.0.0:43413] READ COMPLETE
2019-09-26 14:05:44,488 INFO  logging.LoggingHandler (AbstractInternalLogger.java:log(150)) - [id: 0x575642e0, L:/0.0.0.0:42472] READ: [id: 0x3ae1bdec, L:/192.168.151.68:42472 - R:/192.168.151.68:58856]
2019-09-26 14:05:44,488 INFO  logging.LoggingHandler (AbstractInternalLogger.java:log(150)) - [id: 0x575642e0, L:/0.0.0.0:42472] READ COMPLETE
2019-09-26 14:05:44,490 INFO  logging.LoggingHandler (AbstractInternalLogger.java:log(150)) - [id: 0x4f77c562, L:/0.0.0.0:43413] READ: [id: 0x0c9a5c3e, L:/192.168.151.68:43413 - R:/192.168.151.68:52896]
2019-09-26 14:05:44,490 INFO  logging.LoggingHandler (AbstractInternalLogger.java:log(150)) - [id: 0x4f77c562, L:/0.0.0.0:43413] READ COMPLETE
2019-09-26 14:05:44,516 TRACE util.FileUtils (LogUtils.java:supplyAndLog(82)) - Successfully supplied Files.newOutputStream CREATE_NEW /workdir/ratis-examples/target/test/data/eae049c8/TestFileStoreWithNetty/filestore/s2/file79: java.nio.channels.Channels$1@35745dee
2019-09-26 14:05:44,517 TRACE util.FileUtils (LogUtils.java:supplyAndLog(82)) - Successfully supplied Files.newOutputStream CREATE_NEW /workdir/ratis-examples/target/test/data/eae049c8/TestFileStoreWithNetty/filestore/s2/file78: java.nio.channels.Channels$1@794720c0
2019-09-26 14:05:44,517 TRACE util.FileUtils (LogUtils.java:supplyAndLog(82)) - Successfully supplied Files.newOutputStream CREATE_NEW /workdir/ratis-examples/target/test/data/eae049c8/TestFileStoreWithNetty/filestore/s0/file79: java.nio.channels.Channels$1@5a5b98f5
2019-09-26 14:05:44,517 TRACE util.FileUtils (LogUtils.java:supplyAndLog(82)) - Successfully supplied Files.newOutputStream CREATE_NEW /workdir/ratis-examples/target/test/data/eae049c8/TestFileStoreWithNetty/filestore/s0/file78: java.nio.channels.Channels$1@5327bd0
2019-09-26 14:05:44,521 TRACE util.FileUtils (LogUtils.java:supplyAndLog(82)) - Successfully supplied Files.newOutputStream CREATE_NEW /workdir/ratis-examples/target/test/data/eae049c8/TestFileStoreWithNetty/filestore/s1/file79: java.nio.channels.Channels$1@3f1af986
2019-09-26 14:05:44,522 TRACE util.FileUtils (LogUtils.java:supplyAndLog(82)) - Successfully supplied Files.newOutputStream CREATE_NEW /workdir/ratis-examples/target/test/data/eae049c8/TestFileStoreWithNetty/filestore/s1/file78: java.nio.channels.Channels$1@3d4d5c72
2019-09-26 14:05:47,398 INFO  logging.LoggingHandler (AbstractInternalLogger.java:log(150)) - [id: 0x575642e0, L:/0.0.0.0:42472] READ: [id: 0xe1592af8, L:/192.168.151.68:42472 - R:/192.168.151.68:58864]
2019-09-26 14:05:47,398 INFO  logging.LoggingHandler (AbstractInternalLogger.java:log(150)) - [id: 0x575642e0, L:/0.0.0.0:42472] READ COMPLETE
2019-09-26 14:05:47,400 INFO  logging.LoggingHandler (AbstractInternalLogger.java:log(150)) - [id: 0x4f77c562, L:/0.0.0.0:43413] READ: [id: 0x5e2a7578, L:/192.168.151.68:43413 - R:/192.168.151.68:52904]
2019-09-26 14:05:47,400 INFO  logging.LoggingHandler (AbstractInternalLogger.java:log(150)) - [id: 0x4f77c562, L:/0.0.0.0:43413] READ COMPLETE
2019-09-26 14:05:47,533 TRACE util.FileUtils (LogUtils.java:supplyAndLog(82)) - Successfully supplied Files.newOutputStream CREATE_NEW /workdir/ratis-examples/target/test/data/eae049c8/TestFileStoreWithNetty/filestore/s2/file80: java.nio.channels.Channels$1@41e01290
2019-09-26 14:05:47,533 TRACE util.FileUtils (LogUtils.java:supplyAndLog(82)) - Successfully supplied Files.newOutputStream CREATE_NEW /workdir/ratis-examples/target/test/data/eae049c8/TestFileStoreWithNetty/filestore/s1/file80: java.nio.channels.Channels$1@6f1ead4d
2019-09-26 14:05:47,535 TRACE util.FileUtils (LogUtils.java:supplyAndLog(82)) - Successfully supplied Files.newOutputStream CREATE_NEW /workdir/ratis-examples/target/test/data/eae049c8/TestFileStoreWithNetty/filestore/s0/file80: java.nio.channels.Channels$1@416f380d
2019-09-26 14:05:47,566 INFO  logging.LoggingHandler (AbstractInternalLogger.java:log(150)) - [id: 0x575642e0, L:/0.0.0.0:42472] READ: [id: 0x59c69de5, L:/192.168.151.68:42472 - R:/192.168.151.68:58868]
2019-09-26 14:05:47,567 INFO  logging.LoggingHandler (AbstractInternalLogger.java:log(150)) - [id: 0x575642e0, L:/0.0.0.0:42472] READ COMPLETE
2019-09-26 14:05:47,577 INFO  logging.LoggingHandler (AbstractInternalLogger.java:log(150)) - [id: 0x4f77c562, L:/0.0.0.0:43413] READ: [id: 0x47db0def, L:/192.168.151.68:43413 - R:/192.168.151.68:52908]
2019-09-26 14:05:47,577 INFO  logging.LoggingHandler (AbstractInternalLogger.java:log(150)) - [id: 0x4f77c562, L:/0.0.0.0:43413] READ COMPLETE
2019-09-26 14:05:47,621 TRACE util.FileUtils (LogUtils.java:supplyAndLog(82)) - Successfully supplied Files.newOutputStream CREATE_NEW /workdir/ratis-examples/target/test/data/eae049c8/TestFileStoreWithNetty/filestore/s2/file81: java.nio.channels.Channels$1@144e477e
2019-09-26 14:05:47,623 TRACE util.FileUtils (LogUtils.java:supplyAndLog(82)) - Successfully supplied Files.newOutputStream CREATE_NEW /workdir/ratis-examples/target/test/data/eae049c8/TestFileStoreWithNetty/filestore/s0/file81: java.nio.channels.Channels$1@2084076a
2019-09-26 14:05:47,626 TRACE util.FileUtils (LogUtils.java:supplyAndLog(82)) - Successfully supplied Files.newOutputStream CREATE_NEW /workdir/ratis-examples/target/test/data/eae049c8/TestFileStoreWithNetty/filestore/s1/file81: java.nio.channels.Channels$1@57178520
2019-09-26 14:05:48,946 INFO  logging.LoggingHandler (AbstractInternalLogger.java:log(150)) - [id: 0x575642e0, L:/0.0.0.0:42472] READ: [id: 0xca412287, L:/192.168.151.68:42472 - R:/192.168.151.68:58872]
2019-09-26 14:05:48,947 INFO  logging.LoggingHandler (AbstractInternalLogger.java:log(150)) - [id: 0x575642e0, L:/0.0.0.0:42472] READ COMPLETE
2019-09-26 14:05:48,949 INFO  logging.LoggingHandler (AbstractInternalLogger.java:log(150)) - [id: 0x4f77c562, L:/0.0.0.0:43413] READ: [id: 0xbb166b97, L:/192.168.151.68:43413 - R:/192.168.151.68:52912]
2019-09-26 14:05:48,949 INFO  logging.LoggingHandler (AbstractInternalLogger.java:log(150)) - [id: 0x4f77c562, L:/0.0.0.0:43413] READ COMPLETE
2019-09-26 14:05:49,026 TRACE util.FileUtils (LogUtils.java:supplyAndLog(82)) - Successfully supplied Files.newOutputStream CREATE_NEW /workdir/ratis-examples/target/test/data/eae049c8/TestFileStoreWithNetty/filestore/s2/file82: java.nio.channels.Channels$1@3099a948
2019-09-26 14:05:49,029 TRACE util.FileUtils (LogUtils.java:supplyAndLog(82)) - Successfully supplied Files.newOutputStream CREATE_NEW /workdir/ratis-examples/target/test/data/eae049c8/TestFileStoreWithNetty/filestore/s1/file82: java.nio.channels.Channels$1@39d86968
2019-09-26 14:05:49,029 TRACE util.FileUtils (LogUtils.java:supplyAndLog(82)) - Successfully supplied Files.newOutputStream CREATE_NEW /workdir/ratis-examples/target/test/data/eae049c8/TestFileStoreWithNetty/filestore/s0/file82: java.nio.channels.Channels$1@600cd6aa
2019-09-26 14:05:49,221 INFO  logging.LoggingHandler (AbstractInternalLogger.java:log(150)) - [id: 0x575642e0, L:/0.0.0.0:42472] READ: [id: 0xb37e13d3, L:/192.168.151.68:42472 - R:/192.168.151.68:58876]
2019-09-26 14:05:49,221 INFO  logging.LoggingHandler (AbstractInternalLogger.java:log(150)) - [id: 0x575642e0, L:/0.0.0.0:42472] READ COMPLETE
2019-09-26 14:05:49,223 INFO  logging.LoggingHandler (AbstractInternalLogger.java:log(150)) - [id: 0x4f77c562, L:/0.0.0.0:43413] READ: [id: 0x8072a1a0, L:/192.168.151.68:43413 - R:/192.168.151.68:52916]
2019-09-26 14:05:49,223 INFO  logging.LoggingHandler (AbstractInternalLogger.java:log(150)) - [id: 0x4f77c562, L:/0.0.0.0:43413] READ COMPLETE
2019-09-26 14:05:49,258 TRACE util.FileUtils (LogUtils.java:supplyAndLog(82)) - Successfully supplied Files.newOutputStream CREATE_NEW /workdir/ratis-examples/target/test/data/eae049c8/TestFileStoreWithNetty/filestore/s2/file83: java.nio.channels.Channels$1@36b5cf8e
2019-09-26 14:05:49,260 TRACE util.FileUtils (LogUtils.java:supplyAndLog(82)) - Successfully supplied Files.newOutputStream CREATE_NEW /workdir/ratis-examples/target/test/data/eae049c8/TestFileStoreWithNetty/filestore/s1/file83: java.nio.channels.Channels$1@5d3ef598
2019-09-26 14:05:49,262 TRACE util.FileUtils (LogUtils.java:supplyAndLog(82)) - Successfully supplied Files.newOutputStream CREATE_NEW /workdir/ratis-examples/target/test/data/eae049c8/TestFileStoreWithNetty/filestore/s0/file83: java.nio.channels.Channels$1@4e18004c
2019-09-26 14:05:50,103 INFO  logging.LoggingHandler (AbstractInternalLogger.java:log(150)) - [id: 0x575642e0, L:/0.0.0.0:42472] READ: [id: 0xe1ca5b94, L:/192.168.151.68:42472 - R:/192.168.151.68:58882]
2019-09-26 14:05:50,103 INFO  logging.LoggingHandler (AbstractInternalLogger.java:log(150)) - [id: 0x575642e0, L:/0.0.0.0:42472] READ COMPLETE
2019-09-26 14:05:50,106 INFO  logging.LoggingHandler (AbstractInternalLogger.java:log(150)) - [id: 0x4f77c562, L:/0.0.0.0:43413] READ: [id: 0x6b729e50, L:/192.168.151.68:43413 - R:/192.168.151.68:52922]
2019-09-26 14:05:50,107 INFO  logging.LoggingHandler (AbstractInternalLogger.java:log(150)) - [id: 0x4f77c562, L:/0.0.0.0:43413] READ COMPLETE
2019-09-26 14:05:50,166 TRACE util.FileUtils (LogUtils.java:supplyAndLog(82)) - Successfully supplied Files.newOutputStream CREATE_NEW /workdir/ratis-examples/target/test/data/eae049c8/TestFileStoreWithNetty/filestore/s2/file84: java.nio.channels.Channels$1@32ff9c7f
2019-09-26 14:05:50,169 TRACE util.FileUtils (LogUtils.java:supplyAndLog(82)) - Successfully supplied Files.newOutputStream CREATE_NEW /workdir/ratis-examples/target/test/data/eae049c8/TestFileStoreWithNetty/filestore/s1/file84: java.nio.channels.Channels$1@6c24cb0a
2019-09-26 14:05:50,172 TRACE util.FileUtils (LogUtils.java:supplyAndLog(82)) - Successfully supplied Files.newOutputStream CREATE_NEW /workdir/ratis-examples/target/test/data/eae049c8/TestFileStoreWithNetty/filestore/s0/file84: java.nio.channels.Channels$1@14b22b8b
2019-09-26 14:05:50,720 INFO  ratis.MiniRaftCluster (MiniRaftCluster.java:lambda$null$5(297)) - TIMED-PRINT: printing ALL groups
  s0:  RUNNING  FOLLOWER s0@group-CE94C192A811:t9, leader=s2, voted=s2, raftlog=s0@group-CE94C192A811-SegmentedRaftLog:OPENED:c30590,f30597,i30600, conf=1: [s0:0.0.0.0:42472, s1:0.0.0.0:46526, s2:0.0.0.0:43413], old=null RUNNING
  s1:  RUNNING  FOLLOWER s1@group-CE94C192A811:t9, leader=s2, voted=null, raftlog=s1@group-CE94C192A811-SegmentedRaftLog:OPENED:c30590,f30595,i30602, conf=1: [s0:0.0.0.0:42472, s1:0.0.0.0:46526, s2:0.0.0.0:43413], old=null RUNNING
  s2:  RUNNING    LEADER s2@group-CE94C192A811:t9, leader=s2, voted=s2, raftlog=s2@group-CE94C192A811-SegmentedRaftLog:OPENED:c30597,f30600,i30603, conf=1: [s0:0.0.0.0:42472, s1:0.0.0.0:46526, s2:0.0.0.0:43413], old=null RUNNING
2019-09-26 14:05:51,678 INFO  logging.LoggingHandler (AbstractInternalLogger.java:log(150)) - [id: 0x575642e0, L:/0.0.0.0:42472] READ: [id: 0x45f6b764, L:/192.168.151.68:42472 - R:/192.168.151.68:58888]
2019-09-26 14:05:51,678 INFO  logging.LoggingHandler (AbstractInternalLogger.java:log(150)) - [id: 0x575642e0, L:/0.0.0.0:42472] READ COMPLETE
2019-09-26 14:05:51,687 INFO  logging.LoggingHandler (AbstractInternalLogger.java:log(150)) - [id: 0x4f77c562, L:/0.0.0.0:43413] READ: [id: 0x7be552a1, L:/192.168.151.68:43413 - R:/192.168.151.68:52928]
2019-09-26 14:05:51,690 INFO  logging.LoggingHandler (AbstractInternalLogger.java:log(150)) - [id: 0x4f77c562, L:/0.0.0.0:43413] READ COMPLETE
2019-09-26 14:05:51,727 INFO  logging.LoggingHandler (AbstractInternalLogger.java:log(150)) - [id: 0x575642e0, L:/0.0.0.0:42472] READ: [id: 0xcd409bca, L:/192.168.151.68:42472 - R:/192.168.151.68:58892]
2019-09-26 14:05:51,728 INFO  logging.LoggingHandler (AbstractInternalLogger.java:log(150)) - [id: 0x575642e0, L:/0.0.0.0:42472] READ COMPLETE
2019-09-26 14:05:51,730 INFO  logging.LoggingHandler (AbstractInternalLogger.java:log(150)) - [id: 0x4f77c562, L:/0.0.0.0:43413] READ: [id: 0x47cb837e, L:/192.168.151.68:43413 - R:/192.168.151.68:52932]
2019-09-26 14:05:51,730 INFO  logging.LoggingHandler (AbstractInternalLogger.java:log(150)) - [id: 0x4f77c562, L:/0.0.0.0:43413] READ COMPLETE
2019-09-26 14:05:51,741 TRACE util.FileUtils (LogUtils.java:supplyAndLog(82)) - Successfully supplied Files.newOutputStream CREATE_NEW /workdir/ratis-examples/target/test/data/eae049c8/TestFileStoreWithNetty/filestore/s2/file85: java.nio.channels.Channels$1@dbfdc32
2019-09-26 14:05:51,741 TRACE util.FileUtils (LogUtils.java:supplyAndLog(82)) - Successfully supplied Files.newOutputStream CREATE_NEW /workdir/ratis-examples/target/test/data/eae049c8/TestFileStoreWithNetty/filestore/s0/file85: java.nio.channels.Channels$1@4f824f18
2019-09-26 14:05:51,742 TRACE util.FileUtils (LogUtils.java:supplyAndLog(82)) - Successfully supplied Files.newOutputStream CREATE_NEW /workdir/ratis-examples/target/test/data/eae049c8/TestFileStoreWithNetty/filestore/s1/file85: java.nio.channels.Channels$1@53cbcb43
2019-09-26 14:05:51,842 TRACE util.FileUtils (LogUtils.java:supplyAndLog(82)) - Successfully supplied Files.newOutputStream CREATE_NEW /workdir/ratis-examples/target/test/data/eae049c8/TestFileStoreWithNetty/filestore/s2/file86: java.nio.channels.Channels$1@29cfb4cc
2019-09-26 14:05:51,843 TRACE util.FileUtils (LogUtils.java:supplyAndLog(82)) - Successfully supplied Files.newOutputStream CREATE_NEW /workdir/ratis-examples/target/test/data/eae049c8/TestFileStoreWithNetty/filestore/s1/file86: java.nio.channels.Channels$1@49a6a320
2019-09-26 14:05:51,844 TRACE util.FileUtils (LogUtils.java:supplyAndLog(82)) - Successfully supplied Files.newOutputStream CREATE_NEW /workdir/ratis-examples/target/test/data/eae049c8/TestFileStoreWithNetty/filestore/s0/file86: java.nio.channels.Channels$1@11e5df67
2019-09-26 14:05:52,294 INFO  logging.LoggingHandler (AbstractInternalLogger.java:log(150)) - [id: 0x575642e0, L:/0.0.0.0:42472] READ: [id: 0x870a7110, L:/192.168.151.68:42472 - R:/192.168.151.68:58896]
2019-09-26 14:05:52,295 INFO  logging.LoggingHandler (AbstractInternalLogger.java:log(150)) - [id: 0x575642e0, L:/0.0.0.0:42472] READ COMPLETE
2019-09-26 14:05:52,297 INFO  logging.LoggingHandler (AbstractInternalLogger.java:log(150)) - [id: 0x4f77c562, L:/0.0.0.0:43413] READ: [id: 0x55a68cb7, L:/192.168.151.68:43413 - R:/192.168.151.68:52936]
2019-09-26 14:05:52,298 INFO  logging.LoggingHandler (AbstractInternalLogger.java:log(150)) - [id: 0x4f77c562, L:/0.0.0.0:43413] READ COMPLETE
2019-09-26 14:05:52,616 TRACE util.FileUtils (LogUtils.java:supplyAndLog(82)) - Successfully supplied Files.newOutputStream CREATE_NEW /workdir/ratis-examples/target/test/data/eae049c8/TestFileStoreWithNetty/filestore/s2/file87: java.nio.channels.Channels$1@6495e30e
2019-09-26 14:05:52,619 TRACE util.FileUtils (LogUtils.java:supplyAndLog(82)) - Successfully supplied Files.newOutputStream CREATE_NEW /workdir/ratis-examples/target/test/data/eae049c8/TestFileStoreWithNetty/filestore/s0/file87: java.nio.channels.Channels$1@6930e14a
2019-09-26 14:05:52,620 TRACE util.FileUtils (LogUtils.java:supplyAndLog(82)) - Successfully supplied Files.newOutputStream CREATE_NEW /workdir/ratis-examples/target/test/data/eae049c8/TestFileStoreWithNetty/filestore/s1/file87: java.nio.channels.Channels$1@464513d4
2019-09-26 14:05:53,619 INFO  logging.LoggingHandler (AbstractInternalLogger.java:log(150)) - [id: 0x575642e0, L:/0.0.0.0:42472] READ: [id: 0x694c6cf2, L:/192.168.151.68:42472 - R:/192.168.151.68:58904]
2019-09-26 14:05:53,619 INFO  logging.LoggingHandler (AbstractInternalLogger.java:log(150)) - [id: 0x575642e0, L:/0.0.0.0:42472] READ COMPLETE
2019-09-26 14:05:53,621 INFO  logging.LoggingHandler (AbstractInternalLogger.java:log(150)) - [id: 0x4f77c562, L:/0.0.0.0:43413] READ: [id: 0x36918bec, L:/192.168.151.68:43413 - R:/192.168.151.68:52944]
2019-09-26 14:05:53,621 INFO  logging.LoggingHandler (AbstractInternalLogger.java:log(150)) - [id: 0x4f77c562, L:/0.0.0.0:43413] READ COMPLETE
2019-09-26 14:05:53,656 TRACE util.FileUtils (LogUtils.java:supplyAndLog(82)) - Successfully supplied Files.newOutputStream CREATE_NEW /workdir/ratis-examples/target/test/data/eae049c8/TestFileStoreWithNetty/filestore/s2/file88: java.nio.channels.Channels$1@2fb2b33a
2019-09-26 14:05:53,656 TRACE util.FileUtils (LogUtils.java:supplyAndLog(82)) - Successfully supplied Files.newOutputStream CREATE_NEW /workdir/ratis-examples/target/test/data/eae049c8/TestFileStoreWithNetty/filestore/s1/file88: java.nio.channels.Channels$1@6e7cdc27
2019-09-26 14:05:53,657 TRACE util.FileUtils (LogUtils.java:supplyAndLog(82)) - Successfully supplied Files.newOutputStream CREATE_NEW /workdir/ratis-examples/target/test/data/eae049c8/TestFileStoreWithNetty/filestore/s0/file88: java.nio.channels.Channels$1@6147c68e
2019-09-26 14:05:53,870 INFO  logging.LoggingHandler (AbstractInternalLogger.java:log(150)) - [id: 0x575642e0, L:/0.0.0.0:42472] READ: [id: 0x86f359de, L:/192.168.151.68:42472 - R:/192.168.151.68:58908]
2019-09-26 14:05:53,871 INFO  logging.LoggingHandler (AbstractInternalLogger.java:log(150)) - [id: 0x575642e0, L:/0.0.0.0:42472] READ COMPLETE
2019-09-26 14:05:53,874 INFO  logging.LoggingHandler (AbstractInternalLogger.java:log(150)) - [id: 0x4f77c562, L:/0.0.0.0:43413] READ: [id: 0x12e4a4db, L:/192.168.151.68:43413 - R:/192.168.151.68:52948]
2019-09-26 14:05:53,874 INFO  logging.LoggingHandler (AbstractInternalLogger.java:log(150)) - [id: 0x4f77c562, L:/0.0.0.0:43413] READ COMPLETE
2019-09-26 14:05:53,892 TRACE util.FileUtils (LogUtils.java:supplyAndLog(82)) - Successfully supplied Files.newOutputStream CREATE_NEW /workdir/ratis-examples/target/test/data/eae049c8/TestFileStoreWithNetty/filestore/s2/file89: java.nio.channels.Channels$1@3bd457e8
2019-09-26 14:05:53,892 TRACE util.FileUtils (LogUtils.java:supplyAndLog(82)) - Successfully supplied Files.newOutputStream CREATE_NEW /workdir/ratis-examples/target/test/data/eae049c8/TestFileStoreWithNetty/filestore/s1/file89: java.nio.channels.Channels$1@5683907b
2019-09-26 14:05:53,892 TRACE util.FileUtils (LogUtils.java:supplyAndLog(82)) - Successfully supplied Files.newOutputStream CREATE_NEW /workdir/ratis-examples/target/test/data/eae049c8/TestFileStoreWithNetty/filestore/s0/file89: java.nio.channels.Channels$1@2ef55d99
2019-09-26 14:05:55,045 INFO  logging.LoggingHandler (AbstractInternalLogger.java:log(150)) - [id: 0x575642e0, L:/0.0.0.0:42472] READ: [id: 0x4cf1a417, L:/192.168.151.68:42472 - R:/192.168.151.68:58916]
2019-09-26 14:05:55,045 INFO  logging.LoggingHandler (AbstractInternalLogger.java:log(150)) - [id: 0x575642e0, L:/0.0.0.0:42472] READ COMPLETE
2019-09-26 14:05:55,047 INFO  logging.LoggingHandler (AbstractInternalLogger.java:log(150)) - [id: 0x4f77c562, L:/0.0.0.0:43413] READ: [id: 0xa801e99c, L:/192.168.151.68:43413 - R:/192.168.151.68:52956]
2019-09-26 14:05:55,048 INFO  logging.LoggingHandler (AbstractInternalLogger.java:log(150)) - [id: 0x4f77c562, L:/0.0.0.0:43413] READ COMPLETE
2019-09-26 14:05:55,070 TRACE util.FileUtils (LogUtils.java:supplyAndLog(82)) - Successfully supplied Files.newOutputStream CREATE_NEW /workdir/ratis-examples/target/test/data/eae049c8/TestFileStoreWithNetty/filestore/s2/file90: java.nio.channels.Channels$1@10f538d5
2019-09-26 14:05:55,071 TRACE util.FileUtils (LogUtils.java:supplyAndLog(82)) - Successfully supplied Files.newOutputStream CREATE_NEW /workdir/ratis-examples/target/test/data/eae049c8/TestFileStoreWithNetty/filestore/s1/file90: java.nio.channels.Channels$1@31269cd8
2019-09-26 14:05:55,072 TRACE util.FileUtils (LogUtils.java:supplyAndLog(82)) - Successfully supplied Files.newOutputStream CREATE_NEW /workdir/ratis-examples/target/test/data/eae049c8/TestFileStoreWithNetty/filestore/s0/file90: java.nio.channels.Channels$1@d4bbeb9
2019-09-26 14:05:55,441 INFO  logging.LoggingHandler (AbstractInternalLogger.java:log(150)) - [id: 0x575642e0, L:/0.0.0.0:42472] READ: [id: 0xf00d83e9, L:/192.168.151.68:42472 - R:/192.168.151.68:58922]
2019-09-26 14:05:55,442 INFO  logging.LoggingHandler (AbstractInternalLogger.java:log(150)) - [id: 0x575642e0, L:/0.0.0.0:42472] READ COMPLETE
2019-09-26 14:05:55,444 INFO  logging.LoggingHandler (AbstractInternalLogger.java:log(150)) - [id: 0x4f77c562, L:/0.0.0.0:43413] READ: [id: 0x2f73c63e, L:/192.168.151.68:43413 - R:/192.168.151.68:52962]
2019-09-26 14:05:55,445 INFO  logging.LoggingHandler (AbstractInternalLogger.java:log(150)) - [id: 0x4f77c562, L:/0.0.0.0:43413] READ COMPLETE
2019-09-26 14:05:55,468 TRACE util.FileUtils (LogUtils.java:supplyAndLog(82)) - Successfully supplied Files.newOutputStream CREATE_NEW /workdir/ratis-examples/target/test/data/eae049c8/TestFileStoreWithNetty/filestore/s2/file91: java.nio.channels.Channels$1@4231cd32
2019-09-26 14:05:55,468 TRACE util.FileUtils (LogUtils.java:supplyAndLog(82)) - Successfully supplied Files.newOutputStream CREATE_NEW /workdir/ratis-examples/target/test/data/eae049c8/TestFileStoreWithNetty/filestore/s0/file91: java.nio.channels.Channels$1@4de12e9
2019-09-26 14:05:55,472 TRACE util.FileUtils (LogUtils.java:supplyAndLog(82)) - Successfully supplied Files.newOutputStream CREATE_NEW /workdir/ratis-examples/target/test/data/eae049c8/TestFileStoreWithNetty/filestore/s1/file91: java.nio.channels.Channels$1@67bdf432
2019-09-26 14:05:55,622 INFO  logging.LoggingHandler (AbstractInternalLogger.java:log(150)) - [id: 0x575642e0, L:/0.0.0.0:42472] READ: [id: 0xac471109, L:/192.168.151.68:42472 - R:/192.168.151.68:58926]
2019-09-26 14:05:55,622 INFO  logging.LoggingHandler (AbstractInternalLogger.java:log(150)) - [id: 0x575642e0, L:/0.0.0.0:42472] READ COMPLETE
2019-09-26 14:05:55,624 INFO  logging.LoggingHandler (AbstractInternalLogger.java:log(150)) - [id: 0x4f77c562, L:/0.0.0.0:43413] READ: [id: 0xd6bc22c2, L:/192.168.151.68:43413 - R:/192.168.151.68:52966]
2019-09-26 14:05:55,624 INFO  logging.LoggingHandler (AbstractInternalLogger.java:log(150)) - [id: 0x4f77c562, L:/0.0.0.0:43413] READ COMPLETE
2019-09-26 14:05:55,638 INFO  logging.LoggingHandler (AbstractInternalLogger.java:log(150)) - [id: 0x575642e0, L:/0.0.0.0:42472] READ: [id: 0xaede77e6, L:/192.168.151.68:42472 - R:/192.168.151.68:58930]
2019-09-26 14:05:55,638 INFO  logging.LoggingHandler (AbstractInternalLogger.java:log(150)) - [id: 0x575642e0, L:/0.0.0.0:42472] READ COMPLETE
2019-09-26 14:05:55,643 INFO  logging.LoggingHandler (AbstractInternalLogger.java:log(150)) - [id: 0x4f77c562, L:/0.0.0.0:43413] READ: [id: 0x539f51e5, L:/192.168.151.68:43413 - R:/192.168.151.68:52970]
2019-09-26 14:05:55,643 INFO  logging.LoggingHandler (AbstractInternalLogger.java:log(150)) - [id: 0x4f77c562, L:/0.0.0.0:43413] READ COMPLETE
2019-09-26 14:05:55,667 TRACE util.FileUtils (LogUtils.java:supplyAndLog(82)) - Successfully supplied Files.newOutputStream CREATE_NEW /workdir/ratis-examples/target/test/data/eae049c8/TestFileStoreWithNetty/filestore/s2/file92: java.nio.channels.Channels$1@551670f8
2019-09-26 14:05:55,667 TRACE util.FileUtils (LogUtils.java:supplyAndLog(82)) - Successfully supplied Files.newOutputStream CREATE_NEW /workdir/ratis-examples/target/test/data/eae049c8/TestFileStoreWithNetty/filestore/s1/file92: java.nio.channels.Channels$1@4d3318a5
2019-09-26 14:05:55,668 TRACE util.FileUtils (LogUtils.java:supplyAndLog(82)) - Successfully supplied Files.newOutputStream CREATE_NEW /workdir/ratis-examples/target/test/data/eae049c8/TestFileStoreWithNetty/filestore/s0/file92: java.nio.channels.Channels$1@59ff9d0c
2019-09-26 14:05:55,700 TRACE util.FileUtils (LogUtils.java:supplyAndLog(82)) - Successfully supplied Files.newOutputStream CREATE_NEW /workdir/ratis-examples/target/test/data/eae049c8/TestFileStoreWithNetty/filestore/s2/file93: java.nio.channels.Channels$1@5e4cc78e
2019-09-26 14:05:55,701 TRACE util.FileUtils (LogUtils.java:supplyAndLog(82)) - Successfully supplied Files.newOutputStream CREATE_NEW /workdir/ratis-examples/target/test/data/eae049c8/TestFileStoreWithNetty/filestore/s1/file93: java.nio.channels.Channels$1@1b9428eb
2019-09-26 14:05:55,701 TRACE util.FileUtils (LogUtils.java:supplyAndLog(82)) - Successfully supplied Files.newOutputStream CREATE_NEW /workdir/ratis-examples/target/test/data/eae049c8/TestFileStoreWithNetty/filestore/s0/file93: java.nio.channels.Channels$1@2fe75611
2019-09-26 14:05:57,392 INFO  logging.LoggingHandler (AbstractInternalLogger.java:log(150)) - [id: 0x575642e0, L:/0.0.0.0:42472] READ: [id: 0x8d8c4482, L:/192.168.151.68:42472 - R:/192.168.151.68:58934]
2019-09-26 14:05:57,392 INFO  logging.LoggingHandler (AbstractInternalLogger.java:log(150)) - [id: 0x575642e0, L:/0.0.0.0:42472] READ COMPLETE
2019-09-26 14:05:57,394 INFO  logging.LoggingHandler (AbstractInternalLogger.java:log(150)) - [id: 0x4f77c562, L:/0.0.0.0:43413] READ: [id: 0x8a7a50e1, L:/192.168.151.68:43413 - R:/192.168.151.68:52974]
2019-09-26 14:05:57,394 INFO  logging.LoggingHandler (AbstractInternalLogger.java:log(150)) - [id: 0x4f77c562, L:/0.0.0.0:43413] READ COMPLETE
2019-09-26 14:05:57,423 TRACE util.FileUtils (LogUtils.java:supplyAndLog(82)) - Successfully supplied Files.newOutputStream CREATE_NEW /workdir/ratis-examples/target/test/data/eae049c8/TestFileStoreWithNetty/filestore/s2/file94: java.nio.channels.Channels$1@5e1a14ba
2019-09-26 14:05:57,424 TRACE util.FileUtils (LogUtils.java:supplyAndLog(82)) - Successfully supplied Files.newOutputStream CREATE_NEW /workdir/ratis-examples/target/test/data/eae049c8/TestFileStoreWithNetty/filestore/s1/file94: java.nio.channels.Channels$1@5202d23e
2019-09-26 14:05:57,425 TRACE util.FileUtils (LogUtils.java:supplyAndLog(82)) - Successfully supplied Files.newOutputStream CREATE_NEW /workdir/ratis-examples/target/test/data/eae049c8/TestFileStoreWithNetty/filestore/s0/file94: java.nio.channels.Channels$1@266e2670
2019-09-26 14:05:57,621 INFO  logging.LoggingHandler (AbstractInternalLogger.java:log(150)) - [id: 0x575642e0, L:/0.0.0.0:42472] READ: [id: 0xe4d4e4e1, L:/192.168.151.68:42472 - R:/192.168.151.68:58938]
2019-09-26 14:05:57,622 INFO  logging.LoggingHandler (AbstractInternalLogger.java:log(150)) - [id: 0x575642e0, L:/0.0.0.0:42472] READ COMPLETE
2019-09-26 14:05:57,624 INFO  logging.LoggingHandler (AbstractInternalLogger.java:log(150)) - [id: 0x4f77c562, L:/0.0.0.0:43413] READ: [id: 0x4baaeef3, L:/192.168.151.68:43413 - R:/192.168.151.68:52978]
2019-09-26 14:05:57,624 INFO  logging.LoggingHandler (AbstractInternalLogger.java:log(150)) - [id: 0x4f77c562, L:/0.0.0.0:43413] READ COMPLETE
2019-09-26 14:05:57,641 INFO  logging.LoggingHandler (AbstractInternalLogger.java:log(150)) - [id: 0x575642e0, L:/0.0.0.0:42472] READ: [id: 0x78a43a4d, L:/192.168.151.68:42472 - R:/192.168.151.68:58942]
2019-09-26 14:05:57,641 INFO  logging.LoggingHandler (AbstractInternalLogger.java:log(150)) - [id: 0x575642e0, L:/0.0.0.0:42472] READ COMPLETE
2019-09-26 14:05:57,642 INFO  logging.LoggingHandler (AbstractInternalLogger.java:log(150)) - [id: 0x4f77c562, L:/0.0.0.0:43413] READ: [id: 0x68b95b2e, L:/192.168.151.68:43413 - R:/192.168.151.68:52982]
2019-09-26 14:05:57,642 INFO  logging.LoggingHandler (AbstractInternalLogger.java:log(150)) - [id: 0x4f77c562, L:/0.0.0.0:43413] READ COMPLETE
2019-09-26 14:05:57,648 TRACE util.FileUtils (LogUtils.java:supplyAndLog(82)) - Successfully supplied Files.newOutputStream CREATE_NEW /workdir/ratis-examples/target/test/data/eae049c8/TestFileStoreWithNetty/filestore/s2/file95: java.nio.channels.Channels$1@7bfbbee6
2019-09-26 14:05:57,650 TRACE util.FileUtils (LogUtils.java:supplyAndLog(82)) - Successfully supplied Files.newOutputStream CREATE_NEW /workdir/ratis-examples/target/test/data/eae049c8/TestFileStoreWithNetty/filestore/s0/file95: java.nio.channels.Channels$1@6e8c7db7
2019-09-26 14:05:57,651 TRACE util.FileUtils (LogUtils.java:supplyAndLog(82)) - Successfully supplied Files.newOutputStream CREATE_NEW /workdir/ratis-examples/target/test/data/eae049c8/TestFileStoreWithNetty/filestore/s1/file95: java.nio.channels.Channels$1@50a7b1e0
2019-09-26 14:05:57,681 TRACE util.FileUtils (LogUtils.java:supplyAndLog(82)) - Successfully supplied Files.newOutputStream CREATE_NEW /workdir/ratis-examples/target/test/data/eae049c8/TestFileStoreWithNetty/filestore/s2/file96: java.nio.channels.Channels$1@7a876d2e
2019-09-26 14:05:57,682 TRACE util.FileUtils (LogUtils.java:supplyAndLog(82)) - Successfully supplied Files.newOutputStream CREATE_NEW /workdir/ratis-examples/target/test/data/eae049c8/TestFileStoreWithNetty/filestore/s0/file96: java.nio.channels.Channels$1@661d8411
2019-09-26 14:05:57,695 TRACE util.FileUtils (LogUtils.java:supplyAndLog(82)) - Successfully supplied Files.newOutputStream CREATE_NEW /workdir/ratis-examples/target/test/data/eae049c8/TestFileStoreWithNetty/filestore/s1/file96: java.nio.channels.Channels$1@24736011
]]></system-out>
  </testcase>
</testsuite>