<?xml version="1.0" encoding="UTF-8"?>
<testsuite xmlns:xsi="http://www.w3.org/2001/XMLSchema-instance" xsi:noNamespaceSchemaLocation="https://maven.apache.org/surefire/maven-surefire-plugin/xsd/surefire-test-report.xsd" name="org.apache.ratis.examples.filestore.TestFileStoreWithNetty" time="100.95" tests="1" errors="1" skipped="0" failures="0">
  <properties>
    <property name="awt.toolkit" value="sun.awt.X11.XToolkit"/>
    <property name="file.encoding.pkg" value="sun.io"/>
    <property name="java.specification.version" value="1.8"/>
    <property name="sun.cpu.isalist" value=""/>
    <property name="sun.jnu.encoding" value="UTF-8"/>
    <property name="java.class.path" value="/workdir/ratis-examples/target/test-classes:/workdir/ratis-examples/target/classes:/home/user/.m2/repository/org/apache/ratis/ratis-thirdparty-misc/0.2.0/ratis-thirdparty-misc-0.2.0.jar:/workdir/ratis-proto/target/ratis-proto-0.5.0-SNAPSHOT.jar:/workdir/ratis-common/target/classes:/home/user/.m2/repository/org/slf4j/slf4j-log4j12/1.7.10/slf4j-log4j12-1.7.10.jar:/home/user/.m2/repository/log4j/log4j/1.2.17/log4j-1.2.17.jar:/workdir/ratis-common/target/test-classes:/workdir/ratis-client/target/classes:/workdir/ratis-server/target/classes:/workdir/ratis-metrics/target/classes:/home/user/.m2/repository/io/dropwizard/metrics/metrics-core/3.2.5/metrics-core-3.2.5.jar:/home/user/.m2/repository/com/github/joshelser/dropwizard-metrics-hadoop-metrics2-reporter/0.1.2/dropwizard-metrics-hadoop-metrics2-reporter-0.1.2.jar:/home/user/.m2/repository/io/dropwizard/metrics/metrics-jvm/3.2.5/metrics-jvm-3.2.5.jar:/home/user/.m2/repository/io/dropwizard/metrics/metrics-ganglia/3.2.5/metrics-ganglia-3.2.5.jar:/home/user/.m2/repository/info/ganglia/gmetric4j/gmetric4j/1.0.7/gmetric4j-1.0.7.jar:/home/user/.m2/repository/org/apache/commons/commons-lang3/3.5/commons-lang3-3.5.jar:/workdir/ratis-server/target/test-classes:/workdir/ratis-hadoop/target/classes:/home/user/.m2/repository/org/apache/hadoop/hadoop-common/3.1.1/hadoop-common-3.1.1.jar:/home/user/.m2/repository/org/apache/hadoop/hadoop-annotations/3.1.1/hadoop-annotations-3.1.1.jar:/usr/lib/jvm/java-1.8-openjdk/jre/../lib/tools.jar:/home/user/.m2/repository/commons-cli/commons-cli/1.2/commons-cli-1.2.jar:/home/user/.m2/repository/org/apache/commons/commons-math3/3.1.1/commons-math3-3.1.1.jar:/home/user/.m2/repository/org/apache/httpcomponents/httpclient/4.5.2/httpclient-4.5.2.jar:/home/user/.m2/repository/org/apache/httpcomponents/httpcore/4.4.4/httpcore-4.4.4.jar:/home/user/.m2/repository/commons-codec/commons-codec/1.11/commons-codec-1.11.jar:/home/user/.m2/repository/commons-io/commons-io/2.5/commons-io-2.5.jar:/home/user/.m2/repository/commons-net/commons-net/3.6/commons-net-3.6.jar:/home/user/.m2/repository/commons-collections/commons-collections/3.2.2/commons-collections-3.2.2.jar:/home/user/.m2/repository/javax/servlet/javax.servlet-api/3.1.0/javax.servlet-api-3.1.0.jar:/home/user/.m2/repository/org/eclipse/jetty/jetty-server/9.3.19.v20170502/jetty-server-9.3.19.v20170502.jar:/home/user/.m2/repository/org/eclipse/jetty/jetty-http/9.3.19.v20170502/jetty-http-9.3.19.v20170502.jar:/home/user/.m2/repository/org/eclipse/jetty/jetty-io/9.3.19.v20170502/jetty-io-9.3.19.v20170502.jar:/home/user/.m2/repository/org/eclipse/jetty/jetty-util/9.3.19.v20170502/jetty-util-9.3.19.v20170502.jar:/home/user/.m2/repository/org/eclipse/jetty/jetty-servlet/9.3.19.v20170502/jetty-servlet-9.3.19.v20170502.jar:/home/user/.m2/repository/org/eclipse/jetty/jetty-security/9.3.19.v20170502/jetty-security-9.3.19.v20170502.jar:/home/user/.m2/repository/org/eclipse/jetty/jetty-webapp/9.3.19.v20170502/jetty-webapp-9.3.19.v20170502.jar:/home/user/.m2/repository/org/eclipse/jetty/jetty-xml/9.3.19.v20170502/jetty-xml-9.3.19.v20170502.jar:/home/user/.m2/repository/javax/servlet/jsp/jsp-api/2.1/jsp-api-2.1.jar:/home/user/.m2/repository/com/sun/jersey/jersey-core/1.19/jersey-core-1.19.jar:/home/user/.m2/repository/javax/ws/rs/jsr311-api/1.1.1/jsr311-api-1.1.1.jar:/home/user/.m2/repository/com/sun/jersey/jersey-servlet/1.19/jersey-servlet-1.19.jar:/home/user/.m2/repository/com/sun/jersey/jersey-json/1.19/jersey-json-1.19.jar:/home/user/.m2/repository/org/codehaus/jettison/jettison/1.1/jettison-1.1.jar:/home/user/.m2/repository/com/sun/xml/bind/jaxb-impl/2.2.3-1/jaxb-impl-2.2.3-1.jar:/home/user/.m2/repository/javax/xml/bind/jaxb-api/2.2.2/jaxb-api-2.2.2.jar:/home/user/.m2/repository/javax/xml/stream/stax-api/1.0-2/stax-api-1.0-2.jar:/home/user/.m2/repository/javax/activation/activation/1.1/activation-1.1.jar:/home/user/.m2/repository/org/codehaus/jackson/jackson-core-asl/1.9.2/jackson-core-asl-1.9.2.jar:/home/user/.m2/repository/org/codehaus/jackson/jackson-mapper-asl/1.9.2/jackson-mapper-asl-1.9.2.jar:/home/user/.m2/repository/org/codehaus/jackson/jackson-jaxrs/1.9.2/jackson-jaxrs-1.9.2.jar:/home/user/.m2/repository/org/codehaus/jackson/jackson-xc/1.9.2/jackson-xc-1.9.2.jar:/home/user/.m2/repository/com/sun/jersey/jersey-server/1.19/jersey-server-1.19.jar:/home/user/.m2/repository/commons-logging/commons-logging/1.1.3/commons-logging-1.1.3.jar:/home/user/.m2/repository/commons-lang/commons-lang/2.6/commons-lang-2.6.jar:/home/user/.m2/repository/commons-beanutils/commons-beanutils/1.9.3/commons-beanutils-1.9.3.jar:/home/user/.m2/repository/org/apache/commons/commons-configuration2/2.1.1/commons-configuration2-2.1.1.jar:/home/user/.m2/repository/org/apache/avro/avro/1.7.7/avro-1.7.7.jar:/home/user/.m2/repository/com/thoughtworks/paranamer/paranamer/2.3/paranamer-2.3.jar:/home/user/.m2/repository/org/xerial/snappy/snappy-java/1.0.5/snappy-java-1.0.5.jar:/home/user/.m2/repository/com/google/re2j/re2j/1.1/re2j-1.1.jar:/home/user/.m2/repository/com/google/protobuf/protobuf-java/2.5.0/protobuf-java-2.5.0.jar:/home/user/.m2/repository/com/google/code/gson/gson/2.2.4/gson-2.2.4.jar:/home/user/.m2/repository/org/apache/hadoop/hadoop-auth/3.1.1/hadoop-auth-3.1.1.jar:/home/user/.m2/repository/com/nimbusds/nimbus-jose-jwt/4.41.1/nimbus-jose-jwt-4.41.1.jar:/home/user/.m2/repository/com/github/stephenc/jcip/jcip-annotations/1.0-1/jcip-annotations-1.0-1.jar:/home/user/.m2/repository/net/minidev/json-smart/2.3/json-smart-2.3.jar:/home/user/.m2/repository/net/minidev/accessors-smart/1.2/accessors-smart-1.2.jar:/home/user/.m2/repository/org/ow2/asm/asm/5.0.4/asm-5.0.4.jar:/home/user/.m2/repository/org/apache/curator/curator-framework/2.12.0/curator-framework-2.12.0.jar:/home/user/.m2/repository/com/jcraft/jsch/0.1.54/jsch-0.1.54.jar:/home/user/.m2/repository/org/apache/curator/curator-client/2.12.0/curator-client-2.12.0.jar:/home/user/.m2/repository/org/apache/curator/curator-recipes/2.12.0/curator-recipes-2.12.0.jar:/home/user/.m2/repository/com/google/code/findbugs/jsr305/3.0.0/jsr305-3.0.0.jar:/home/user/.m2/repository/org/apache/htrace/htrace-core4/4.1.0-incubating/htrace-core4-4.1.0-incubating.jar:/home/user/.m2/repository/org/apache/zookeeper/zookeeper/3.4.9/zookeeper-3.4.9.jar:/home/user/.m2/repository/jline/jline/0.9.94/jline-0.9.94.jar:/home/user/.m2/repository/io/netty/netty/3.10.5.Final/netty-3.10.5.Final.jar:/home/user/.m2/repository/org/apache/commons/commons-compress/1.4.1/commons-compress-1.4.1.jar:/home/user/.m2/repository/org/tukaani/xz/1.0/xz-1.0.jar:/home/user/.m2/repository/org/apache/kerby/kerb-simplekdc/1.0.1/kerb-simplekdc-1.0.1.jar:/home/user/.m2/repository/org/apache/kerby/kerb-client/1.0.1/kerb-client-1.0.1.jar:/home/user/.m2/repository/org/apache/kerby/kerby-config/1.0.1/kerby-config-1.0.1.jar:/home/user/.m2/repository/org/apache/kerby/kerb-core/1.0.1/kerb-core-1.0.1.jar:/home/user/.m2/repository/org/apache/kerby/kerby-pkix/1.0.1/kerby-pkix-1.0.1.jar:/home/user/.m2/repository/org/apache/kerby/kerby-asn1/1.0.1/kerby-asn1-1.0.1.jar:/home/user/.m2/repository/org/apache/kerby/kerby-util/1.0.1/kerby-util-1.0.1.jar:/home/user/.m2/repository/org/apache/kerby/kerb-common/1.0.1/kerb-common-1.0.1.jar:/home/user/.m2/repository/org/apache/kerby/kerb-crypto/1.0.1/kerb-crypto-1.0.1.jar:/home/user/.m2/repository/org/apache/kerby/kerb-util/1.0.1/kerb-util-1.0.1.jar:/home/user/.m2/repository/org/apache/kerby/token-provider/1.0.1/token-provider-1.0.1.jar:/home/user/.m2/repository/org/apache/kerby/kerb-admin/1.0.1/kerb-admin-1.0.1.jar:/home/user/.m2/repository/org/apache/kerby/kerb-server/1.0.1/kerb-server-1.0.1.jar:/home/user/.m2/repository/org/apache/kerby/kerb-identity/1.0.1/kerb-identity-1.0.1.jar:/home/user/.m2/repository/org/apache/kerby/kerby-xdr/1.0.1/kerby-xdr-1.0.1.jar:/home/user/.m2/repository/com/fasterxml/jackson/core/jackson-databind/2.7.8/jackson-databind-2.7.8.jar:/home/user/.m2/repository/com/fasterxml/jackson/core/jackson-annotations/2.7.0/jackson-annotations-2.7.0.jar:/home/user/.m2/repository/com/fasterxml/jackson/core/jackson-core/2.7.8/jackson-core-2.7.8.jar:/home/user/.m2/repository/org/codehaus/woodstox/stax2-api/3.1.4/stax2-api-3.1.4.jar:/home/user/.m2/repository/com/fasterxml/woodstox/woodstox-core/5.0.3/woodstox-core-5.0.3.jar:/home/user/.m2/repository/com/google/guava/guava/11.0.2/guava-11.0.2.jar:/workdir/ratis-hadoop/target/test-classes:/home/user/.m2/repository/org/apache/ratis/ratis-thirdparty-hadoop/0.2.0/ratis-thirdparty-hadoop-0.2.0.jar:/workdir/ratis-grpc/target/classes:/workdir/ratis-grpc/target/test-classes:/workdir/ratis-netty/target/classes:/workdir/ratis-netty/target/test-classes:/home/user/.m2/repository/com/beust/jcommander/1.72/jcommander-1.72.jar:/home/user/.m2/repository/org/slf4j/slf4j-api/1.7.10/slf4j-api-1.7.10.jar:/home/user/.m2/repository/junit/junit/4.12/junit-4.12.jar:/home/user/.m2/repository/org/hamcrest/hamcrest-core/1.3/hamcrest-core-1.3.jar:/home/user/.m2/repository/org/mockito/mockito-all/1.8.5/mockito-all-1.8.5.jar:"/>
    <property name="java.vm.vendor" value="IcedTea"/>
    <property name="sun.arch.data.model" value="64"/>
    <property name="java.vendor.url" value="https://icedtea.classpath.org"/>
    <property name="user.timezone" value=""/>
    <property name="java.vm.specification.version" value="1.8"/>
    <property name="os.name" value="Linux"/>
    <property name="user.country" value="US"/>
    <property name="sun.java.launcher" value="SUN_STANDARD"/>
    <property name="sun.boot.library.path" value="/usr/lib/jvm/java-1.8-openjdk/jre/lib/amd64"/>
    <property name="sun.java.command" value="/workdir/ratis-examples/target/surefire/surefirebooter1522345389201477108.jar /workdir/ratis-examples/target/surefire 2019-09-26T13-11-35_218-jvmRun1 surefire2729259389115694093tmp surefire_78140893831721133580tmp"/>
    <property name="surefire.test.class.path" value="/workdir/ratis-examples/target/test-classes:/workdir/ratis-examples/target/classes:/home/user/.m2/repository/org/apache/ratis/ratis-thirdparty-misc/0.2.0/ratis-thirdparty-misc-0.2.0.jar:/workdir/ratis-proto/target/ratis-proto-0.5.0-SNAPSHOT.jar:/workdir/ratis-common/target/classes:/home/user/.m2/repository/org/slf4j/slf4j-log4j12/1.7.10/slf4j-log4j12-1.7.10.jar:/home/user/.m2/repository/log4j/log4j/1.2.17/log4j-1.2.17.jar:/workdir/ratis-common/target/test-classes:/workdir/ratis-client/target/classes:/workdir/ratis-server/target/classes:/workdir/ratis-metrics/target/classes:/home/user/.m2/repository/io/dropwizard/metrics/metrics-core/3.2.5/metrics-core-3.2.5.jar:/home/user/.m2/repository/com/github/joshelser/dropwizard-metrics-hadoop-metrics2-reporter/0.1.2/dropwizard-metrics-hadoop-metrics2-reporter-0.1.2.jar:/home/user/.m2/repository/io/dropwizard/metrics/metrics-jvm/3.2.5/metrics-jvm-3.2.5.jar:/home/user/.m2/repository/io/dropwizard/metrics/metrics-ganglia/3.2.5/metrics-ganglia-3.2.5.jar:/home/user/.m2/repository/info/ganglia/gmetric4j/gmetric4j/1.0.7/gmetric4j-1.0.7.jar:/home/user/.m2/repository/org/apache/commons/commons-lang3/3.5/commons-lang3-3.5.jar:/workdir/ratis-server/target/test-classes:/workdir/ratis-hadoop/target/classes:/home/user/.m2/repository/org/apache/hadoop/hadoop-common/3.1.1/hadoop-common-3.1.1.jar:/home/user/.m2/repository/org/apache/hadoop/hadoop-annotations/3.1.1/hadoop-annotations-3.1.1.jar:/usr/lib/jvm/java-1.8-openjdk/jre/../lib/tools.jar:/home/user/.m2/repository/commons-cli/commons-cli/1.2/commons-cli-1.2.jar:/home/user/.m2/repository/org/apache/commons/commons-math3/3.1.1/commons-math3-3.1.1.jar:/home/user/.m2/repository/org/apache/httpcomponents/httpclient/4.5.2/httpclient-4.5.2.jar:/home/user/.m2/repository/org/apache/httpcomponents/httpcore/4.4.4/httpcore-4.4.4.jar:/home/user/.m2/repository/commons-codec/commons-codec/1.11/commons-codec-1.11.jar:/home/user/.m2/repository/commons-io/commons-io/2.5/commons-io-2.5.jar:/home/user/.m2/repository/commons-net/commons-net/3.6/commons-net-3.6.jar:/home/user/.m2/repository/commons-collections/commons-collections/3.2.2/commons-collections-3.2.2.jar:/home/user/.m2/repository/javax/servlet/javax.servlet-api/3.1.0/javax.servlet-api-3.1.0.jar:/home/user/.m2/repository/org/eclipse/jetty/jetty-server/9.3.19.v20170502/jetty-server-9.3.19.v20170502.jar:/home/user/.m2/repository/org/eclipse/jetty/jetty-http/9.3.19.v20170502/jetty-http-9.3.19.v20170502.jar:/home/user/.m2/repository/org/eclipse/jetty/jetty-io/9.3.19.v20170502/jetty-io-9.3.19.v20170502.jar:/home/user/.m2/repository/org/eclipse/jetty/jetty-util/9.3.19.v20170502/jetty-util-9.3.19.v20170502.jar:/home/user/.m2/repository/org/eclipse/jetty/jetty-servlet/9.3.19.v20170502/jetty-servlet-9.3.19.v20170502.jar:/home/user/.m2/repository/org/eclipse/jetty/jetty-security/9.3.19.v20170502/jetty-security-9.3.19.v20170502.jar:/home/user/.m2/repository/org/eclipse/jetty/jetty-webapp/9.3.19.v20170502/jetty-webapp-9.3.19.v20170502.jar:/home/user/.m2/repository/org/eclipse/jetty/jetty-xml/9.3.19.v20170502/jetty-xml-9.3.19.v20170502.jar:/home/user/.m2/repository/javax/servlet/jsp/jsp-api/2.1/jsp-api-2.1.jar:/home/user/.m2/repository/com/sun/jersey/jersey-core/1.19/jersey-core-1.19.jar:/home/user/.m2/repository/javax/ws/rs/jsr311-api/1.1.1/jsr311-api-1.1.1.jar:/home/user/.m2/repository/com/sun/jersey/jersey-servlet/1.19/jersey-servlet-1.19.jar:/home/user/.m2/repository/com/sun/jersey/jersey-json/1.19/jersey-json-1.19.jar:/home/user/.m2/repository/org/codehaus/jettison/jettison/1.1/jettison-1.1.jar:/home/user/.m2/repository/com/sun/xml/bind/jaxb-impl/2.2.3-1/jaxb-impl-2.2.3-1.jar:/home/user/.m2/repository/javax/xml/bind/jaxb-api/2.2.2/jaxb-api-2.2.2.jar:/home/user/.m2/repository/javax/xml/stream/stax-api/1.0-2/stax-api-1.0-2.jar:/home/user/.m2/repository/javax/activation/activation/1.1/activation-1.1.jar:/home/user/.m2/repository/org/codehaus/jackson/jackson-core-asl/1.9.2/jackson-core-asl-1.9.2.jar:/home/user/.m2/repository/org/codehaus/jackson/jackson-mapper-asl/1.9.2/jackson-mapper-asl-1.9.2.jar:/home/user/.m2/repository/org/codehaus/jackson/jackson-jaxrs/1.9.2/jackson-jaxrs-1.9.2.jar:/home/user/.m2/repository/org/codehaus/jackson/jackson-xc/1.9.2/jackson-xc-1.9.2.jar:/home/user/.m2/repository/com/sun/jersey/jersey-server/1.19/jersey-server-1.19.jar:/home/user/.m2/repository/commons-logging/commons-logging/1.1.3/commons-logging-1.1.3.jar:/home/user/.m2/repository/commons-lang/commons-lang/2.6/commons-lang-2.6.jar:/home/user/.m2/repository/commons-beanutils/commons-beanutils/1.9.3/commons-beanutils-1.9.3.jar:/home/user/.m2/repository/org/apache/commons/commons-configuration2/2.1.1/commons-configuration2-2.1.1.jar:/home/user/.m2/repository/org/apache/avro/avro/1.7.7/avro-1.7.7.jar:/home/user/.m2/repository/com/thoughtworks/paranamer/paranamer/2.3/paranamer-2.3.jar:/home/user/.m2/repository/org/xerial/snappy/snappy-java/1.0.5/snappy-java-1.0.5.jar:/home/user/.m2/repository/com/google/re2j/re2j/1.1/re2j-1.1.jar:/home/user/.m2/repository/com/google/protobuf/protobuf-java/2.5.0/protobuf-java-2.5.0.jar:/home/user/.m2/repository/com/google/code/gson/gson/2.2.4/gson-2.2.4.jar:/home/user/.m2/repository/org/apache/hadoop/hadoop-auth/3.1.1/hadoop-auth-3.1.1.jar:/home/user/.m2/repository/com/nimbusds/nimbus-jose-jwt/4.41.1/nimbus-jose-jwt-4.41.1.jar:/home/user/.m2/repository/com/github/stephenc/jcip/jcip-annotations/1.0-1/jcip-annotations-1.0-1.jar:/home/user/.m2/repository/net/minidev/json-smart/2.3/json-smart-2.3.jar:/home/user/.m2/repository/net/minidev/accessors-smart/1.2/accessors-smart-1.2.jar:/home/user/.m2/repository/org/ow2/asm/asm/5.0.4/asm-5.0.4.jar:/home/user/.m2/repository/org/apache/curator/curator-framework/2.12.0/curator-framework-2.12.0.jar:/home/user/.m2/repository/com/jcraft/jsch/0.1.54/jsch-0.1.54.jar:/home/user/.m2/repository/org/apache/curator/curator-client/2.12.0/curator-client-2.12.0.jar:/home/user/.m2/repository/org/apache/curator/curator-recipes/2.12.0/curator-recipes-2.12.0.jar:/home/user/.m2/repository/com/google/code/findbugs/jsr305/3.0.0/jsr305-3.0.0.jar:/home/user/.m2/repository/org/apache/htrace/htrace-core4/4.1.0-incubating/htrace-core4-4.1.0-incubating.jar:/home/user/.m2/repository/org/apache/zookeeper/zookeeper/3.4.9/zookeeper-3.4.9.jar:/home/user/.m2/repository/jline/jline/0.9.94/jline-0.9.94.jar:/home/user/.m2/repository/io/netty/netty/3.10.5.Final/netty-3.10.5.Final.jar:/home/user/.m2/repository/org/apache/commons/commons-compress/1.4.1/commons-compress-1.4.1.jar:/home/user/.m2/repository/org/tukaani/xz/1.0/xz-1.0.jar:/home/user/.m2/repository/org/apache/kerby/kerb-simplekdc/1.0.1/kerb-simplekdc-1.0.1.jar:/home/user/.m2/repository/org/apache/kerby/kerb-client/1.0.1/kerb-client-1.0.1.jar:/home/user/.m2/repository/org/apache/kerby/kerby-config/1.0.1/kerby-config-1.0.1.jar:/home/user/.m2/repository/org/apache/kerby/kerb-core/1.0.1/kerb-core-1.0.1.jar:/home/user/.m2/repository/org/apache/kerby/kerby-pkix/1.0.1/kerby-pkix-1.0.1.jar:/home/user/.m2/repository/org/apache/kerby/kerby-asn1/1.0.1/kerby-asn1-1.0.1.jar:/home/user/.m2/repository/org/apache/kerby/kerby-util/1.0.1/kerby-util-1.0.1.jar:/home/user/.m2/repository/org/apache/kerby/kerb-common/1.0.1/kerb-common-1.0.1.jar:/home/user/.m2/repository/org/apache/kerby/kerb-crypto/1.0.1/kerb-crypto-1.0.1.jar:/home/user/.m2/repository/org/apache/kerby/kerb-util/1.0.1/kerb-util-1.0.1.jar:/home/user/.m2/repository/org/apache/kerby/token-provider/1.0.1/token-provider-1.0.1.jar:/home/user/.m2/repository/org/apache/kerby/kerb-admin/1.0.1/kerb-admin-1.0.1.jar:/home/user/.m2/repository/org/apache/kerby/kerb-server/1.0.1/kerb-server-1.0.1.jar:/home/user/.m2/repository/org/apache/kerby/kerb-identity/1.0.1/kerb-identity-1.0.1.jar:/home/user/.m2/repository/org/apache/kerby/kerby-xdr/1.0.1/kerby-xdr-1.0.1.jar:/home/user/.m2/repository/com/fasterxml/jackson/core/jackson-databind/2.7.8/jackson-databind-2.7.8.jar:/home/user/.m2/repository/com/fasterxml/jackson/core/jackson-annotations/2.7.0/jackson-annotations-2.7.0.jar:/home/user/.m2/repository/com/fasterxml/jackson/core/jackson-core/2.7.8/jackson-core-2.7.8.jar:/home/user/.m2/repository/org/codehaus/woodstox/stax2-api/3.1.4/stax2-api-3.1.4.jar:/home/user/.m2/repository/com/fasterxml/woodstox/woodstox-core/5.0.3/woodstox-core-5.0.3.jar:/home/user/.m2/repository/com/google/guava/guava/11.0.2/guava-11.0.2.jar:/workdir/ratis-hadoop/target/test-classes:/home/user/.m2/repository/org/apache/ratis/ratis-thirdparty-hadoop/0.2.0/ratis-thirdparty-hadoop-0.2.0.jar:/workdir/ratis-grpc/target/classes:/workdir/ratis-grpc/target/test-classes:/workdir/ratis-netty/target/classes:/workdir/ratis-netty/target/test-classes:/home/user/.m2/repository/com/beust/jcommander/1.72/jcommander-1.72.jar:/home/user/.m2/repository/org/slf4j/slf4j-api/1.7.10/slf4j-api-1.7.10.jar:/home/user/.m2/repository/junit/junit/4.12/junit-4.12.jar:/home/user/.m2/repository/org/hamcrest/hamcrest-core/1.3/hamcrest-core-1.3.jar:/home/user/.m2/repository/org/mockito/mockito-all/1.8.5/mockito-all-1.8.5.jar:"/>
    <property name="sun.cpu.endian" value="little"/>
    <property name="user.home" value="/home/user"/>
    <property name="user.language" value="en"/>
    <property name="java.specification.vendor" value="Oracle Corporation"/>
    <property name="java.home" value="/usr/lib/jvm/java-1.8-openjdk/jre"/>
    <property name="basedir" value="/workdir/ratis-examples"/>
    <property name="file.separator" value="/"/>
    <property name="line.separator" value="&#10;"/>
    <property name="java.vm.specification.vendor" value="Oracle Corporation"/>
    <property name="java.specification.name" value="Java Platform API Specification"/>
    <property name="java.awt.graphicsenv" value="sun.awt.X11GraphicsEnvironment"/>
    <property name="surefire.real.class.path" value="/workdir/ratis-examples/target/surefire/surefirebooter1522345389201477108.jar"/>
    <property name="sun.boot.class.path" value="/usr/lib/jvm/java-1.8-openjdk/jre/lib/resources.jar:/usr/lib/jvm/java-1.8-openjdk/jre/lib/rt.jar:/usr/lib/jvm/java-1.8-openjdk/jre/lib/sunrsasign.jar:/usr/lib/jvm/java-1.8-openjdk/jre/lib/jsse.jar:/usr/lib/jvm/java-1.8-openjdk/jre/lib/jce.jar:/usr/lib/jvm/java-1.8-openjdk/jre/lib/charsets.jar:/usr/lib/jvm/java-1.8-openjdk/jre/lib/jfr.jar:/usr/lib/jvm/java-1.8-openjdk/jre/classes"/>
    <property name="sun.management.compiler" value="HotSpot 64-Bit Tiered Compilers"/>
    <property name="java.runtime.version" value="1.8.0_212-b04"/>
    <property name="java.net.preferIPv4Stack" value="true"/>
    <property name="user.name" value="jenkins1000"/>
    <property name="path.separator" value=":"/>
    <property name="os.version" value="3.10.0-957.12.2.el7.x86_64"/>
    <property name="java.endorsed.dirs" value="/usr/lib/jvm/java-1.8-openjdk/jre/lib/endorsed"/>
    <property name="java.runtime.name" value="OpenJDK Runtime Environment"/>
    <property name="file.encoding" value="UTF-8"/>
    <property name="java.vm.name" value="OpenJDK 64-Bit Server VM"/>
    <property name="localRepository" value="/home/user/.m2/repository"/>
    <property name="java.vendor.url.bug" value="https://icedtea.classpath.org/bugzilla"/>
    <property name="java.io.tmpdir" value="/tmp"/>
    <property name="java.version" value="1.8.0_212"/>
    <property name="user.dir" value="/workdir/ratis-examples"/>
    <property name="os.arch" value="amd64"/>
    <property name="ratis.tmp.dir" value="/workdir/ratis-examples/target/tmp"/>
    <property name="java.vm.specification.name" value="Java Virtual Machine Specification"/>
    <property name="java.awt.printerjob" value="sun.print.PSPrinterJob"/>
    <property name="ratis.log.dir" value="/workdir/ratis-examples/target/log"/>
    <property name="sun.os.patch.level" value="unknown"/>
    <property name="java.library.path" value="/usr/lib/jvm/java-1.8-openjdk/jre/lib/amd64/server:/usr/lib/jvm/java-1.8-openjdk/jre/lib/amd64:/usr/lib/jvm/java-1.8-openjdk/jre/../lib/amd64:/usr/java/packages/lib/amd64:/usr/lib64:/lib64:/lib:/usr/lib"/>
    <property name="java.vm.info" value="mixed mode"/>
    <property name="java.vendor" value="IcedTea"/>
    <property name="java.vm.version" value="25.212-b04"/>
    <property name="java.ext.dirs" value="/usr/lib/jvm/java-1.8-openjdk/jre/lib/ext:/usr/java/packages/lib/ext"/>
    <property name="sun.io.unicode.encoding" value="UnicodeLittle"/>
    <property name="java.class.version" value="52.0"/>
  </properties>
  <testcase name="testFileStore" classname="org.apache.ratis.examples.filestore.TestFileStoreWithNetty" time="100.027">
    <error message="test timed out after 100 seconds" type="org.junit.runners.model.TestTimedOutException">org.junit.runners.model.TestTimedOutException: test timed out after 100 seconds
</error>
    <system-out><![CDATA[2019-09-26 13:29:26,752 INFO  util.LogUtils (LogUtils.java:setLogLevel(41)) - Set org.apache.ratis.conf.ConfUtils log level to WARN
2019-09-26 13:29:26,755 INFO  util.LogUtils (LogUtils.java:setLogLevel(41)) - Set org.apache.ratis.util.FileUtils log level to TRACE
2019-09-26 13:29:26,831 INFO  ratis.MiniRaftCluster (MiniRaftCluster.java:<init>(253)) - new MiniRaftClusterWithNetty with group-B6F2DE967D4B:[s0:0.0.0.0:35127, s1:0.0.0.0:38626, s2:0.0.0.0:43773]
2019-09-26 13:29:26,832 INFO  ratis.MiniRaftCluster (MiniRaftCluster.java:start(287)) - .............................................................. 
2019-09-26 13:29:26,832 INFO  ratis.MiniRaftCluster (MiniRaftCluster.java:start(288)) - ... 
2019-09-26 13:29:26,832 INFO  ratis.MiniRaftCluster (MiniRaftCluster.java:start(289)) - ...     Starting MiniRaftClusterWithNetty
2019-09-26 13:29:26,832 INFO  ratis.MiniRaftCluster (MiniRaftCluster.java:start(290)) - ... 
2019-09-26 13:29:26,833 INFO  ratis.MiniRaftCluster (MiniRaftCluster.java:start(291)) - .............................................................. 
2019-09-26 13:29:26,833 INFO  ratis.MiniRaftCluster (MiniRaftCluster.java:initServers(265)) - servers = {}
2019-09-26 13:29:26,843 INFO  ratis.MiniRaftCluster (MiniRaftCluster.java:newRaftServer(330)) - newRaftServer: s0, group-B6F2DE967D4B:[s0:0.0.0.0:35127, s1:0.0.0.0:38626, s2:0.0.0.0:43773], format? true
2019-09-26 13:29:26,844 TRACE util.FileUtils (FileUtils.java:deleteFully(88)) - deleteFully target/test/data/7b8a2dfb/MiniRaftClusterWithNetty32f9496c/s0
2019-09-26 13:29:26,857 TRACE util.FileUtils (FileUtils.java:deleteFully(104)) - deleteFully: target/test/data/7b8a2dfb/MiniRaftClusterWithNetty32f9496c/s0 does not exist.
2019-09-26 13:29:26,857 INFO  ratis.MiniRaftCluster (MiniRaftCluster.java:newRaftServer(335)) - Formatted directory target/test/data/7b8a2dfb/MiniRaftClusterWithNetty32f9496c/s0
2019-09-26 13:29:26,885 INFO  impl.RaftServerProxy (ConfUtils.java:logGet(43)) - raft.rpc.type = NETTY (custom)
2019-09-26 13:29:26,986 INFO  netty.NettyConfigKeys$Server (ConfUtils.java:logGet(43)) - raft.netty.server.port = 35127 (custom)
2019-09-26 13:29:27,074 INFO  server.RaftServerConfigKeys (ConfUtils.java:logGet(43)) - raft.server.storage.dir = [/workdir/ratis-examples/target/test/data/7b8a2dfb/MiniRaftClusterWithNetty32f9496c/s0] (custom)
2019-09-26 13:29:27,082 INFO  logging.LoggingHandler (AbstractInternalLogger.java:log(150)) - [id: 0x51301cc5] REGISTERED
2019-09-26 13:29:27,084 INFO  logging.LoggingHandler (AbstractInternalLogger.java:log(150)) - [id: 0x51301cc5] BIND: 0.0.0.0/0.0.0.0:35127
2019-09-26 13:29:27,084 INFO  impl.RaftServerProxy (RaftServerProxy.java:addNew(89)) - s0: addNew group-B6F2DE967D4B:[s0:0.0.0.0:35127, s1:0.0.0.0:38626, s2:0.0.0.0:43773] returns group-B6F2DE967D4B:java.util.concurrent.CompletableFuture@ca2f890[Not completed]
2019-09-26 13:29:27,088 INFO  ratis.MiniRaftCluster (MiniRaftCluster.java:newRaftServer(330)) - newRaftServer: s1, group-B6F2DE967D4B:[s0:0.0.0.0:35127, s1:0.0.0.0:38626, s2:0.0.0.0:43773], format? true
2019-09-26 13:29:27,088 TRACE util.FileUtils (FileUtils.java:deleteFully(88)) - deleteFully target/test/data/7b8a2dfb/MiniRaftClusterWithNetty32f9496c/s1
2019-09-26 13:29:27,088 INFO  logging.LoggingHandler (AbstractInternalLogger.java:log(150)) - [id: 0x51301cc5, L:0.0.0.0/0.0.0.0:35127] ACTIVE
2019-09-26 13:29:27,089 TRACE util.FileUtils (FileUtils.java:deleteFully(104)) - deleteFully: target/test/data/7b8a2dfb/MiniRaftClusterWithNetty32f9496c/s1 does not exist.
2019-09-26 13:29:27,089 INFO  ratis.MiniRaftCluster (MiniRaftCluster.java:newRaftServer(335)) - Formatted directory target/test/data/7b8a2dfb/MiniRaftClusterWithNetty32f9496c/s1
2019-09-26 13:29:27,089 INFO  impl.RaftServerProxy (ConfUtils.java:logGet(43)) - raft.rpc.type = NETTY (custom)
2019-09-26 13:29:27,091 INFO  netty.NettyConfigKeys$Server (ConfUtils.java:logGet(43)) - raft.netty.server.port = 38626 (custom)
2019-09-26 13:29:27,091 INFO  server.RaftServerConfigKeys (ConfUtils.java:logGet(43)) - raft.server.storage.dir = [/workdir/ratis-examples/target/test/data/7b8a2dfb/MiniRaftClusterWithNetty32f9496c/s1] (custom)
2019-09-26 13:29:27,092 INFO  logging.LoggingHandler (AbstractInternalLogger.java:log(150)) - [id: 0x20c56452] REGISTERED
2019-09-26 13:29:27,092 INFO  impl.RaftServerProxy (RaftServerProxy.java:addNew(89)) - s1: addNew group-B6F2DE967D4B:[s0:0.0.0.0:35127, s1:0.0.0.0:38626, s2:0.0.0.0:43773] returns group-B6F2DE967D4B:java.util.concurrent.CompletableFuture@2e76221d[Not completed]
2019-09-26 13:29:27,092 INFO  logging.LoggingHandler (AbstractInternalLogger.java:log(150)) - [id: 0x20c56452] BIND: 0.0.0.0/0.0.0.0:38626
2019-09-26 13:29:27,093 INFO  logging.LoggingHandler (AbstractInternalLogger.java:log(150)) - [id: 0x20c56452, L:/0.0.0.0:38626] ACTIVE
2019-09-26 13:29:27,093 INFO  ratis.MiniRaftCluster (MiniRaftCluster.java:newRaftServer(330)) - newRaftServer: s2, group-B6F2DE967D4B:[s0:0.0.0.0:35127, s1:0.0.0.0:38626, s2:0.0.0.0:43773], format? true
2019-09-26 13:29:27,094 TRACE util.FileUtils (FileUtils.java:deleteFully(88)) - deleteFully target/test/data/7b8a2dfb/MiniRaftClusterWithNetty32f9496c/s2
2019-09-26 13:29:27,094 TRACE util.FileUtils (FileUtils.java:deleteFully(104)) - deleteFully: target/test/data/7b8a2dfb/MiniRaftClusterWithNetty32f9496c/s2 does not exist.
2019-09-26 13:29:27,094 INFO  ratis.MiniRaftCluster (MiniRaftCluster.java:newRaftServer(335)) - Formatted directory target/test/data/7b8a2dfb/MiniRaftClusterWithNetty32f9496c/s2
2019-09-26 13:29:27,095 INFO  impl.RaftServerProxy (ConfUtils.java:logGet(43)) - raft.rpc.type = NETTY (custom)
2019-09-26 13:29:27,098 INFO  netty.NettyConfigKeys$Server (ConfUtils.java:logGet(43)) - raft.netty.server.port = 43773 (custom)
2019-09-26 13:29:27,098 INFO  statemachine.StateMachine (ConfUtils.java:logGet(43)) - example.filestore.statemachine.dir = /workdir/ratis-examples/target/test/data/7b8a2dfb/TestFileStoreWithNetty/filestore (custom)
2019-09-26 13:29:27,098 INFO  statemachine.StateMachine (ConfUtils.java:logGet(43)) - example.filestore.statemachine.dir = /workdir/ratis-examples/target/test/data/7b8a2dfb/TestFileStoreWithNetty/filestore (custom)
2019-09-26 13:29:27,099 INFO  server.RaftServerConfigKeys (ConfUtils.java:logGet(43)) - raft.server.storage.dir = [/workdir/ratis-examples/target/test/data/7b8a2dfb/MiniRaftClusterWithNetty32f9496c/s2] (custom)
2019-09-26 13:29:27,099 INFO  logging.LoggingHandler (AbstractInternalLogger.java:log(150)) - [id: 0x71970195] REGISTERED
2019-09-26 13:29:27,099 INFO  impl.RaftServerProxy (RaftServerProxy.java:addNew(89)) - s2: addNew group-B6F2DE967D4B:[s0:0.0.0.0:35127, s1:0.0.0.0:38626, s2:0.0.0.0:43773] returns group-B6F2DE967D4B:java.util.concurrent.CompletableFuture@191ae3c9[Not completed]
2019-09-26 13:29:27,099 INFO  logging.LoggingHandler (AbstractInternalLogger.java:log(150)) - [id: 0x71970195] BIND: 0.0.0.0/0.0.0.0:43773
2019-09-26 13:29:27,100 INFO  logging.LoggingHandler (AbstractInternalLogger.java:log(150)) - [id: 0x71970195, L:/0.0.0.0:43773] ACTIVE
2019-09-26 13:29:27,101 INFO  statemachine.StateMachine (ConfUtils.java:logGet(43)) - example.filestore.statemachine.dir = /workdir/ratis-examples/target/test/data/7b8a2dfb/TestFileStoreWithNetty/filestore (custom)
2019-09-26 13:29:27,103 INFO  impl.RaftServerImpl (RaftServerImpl.java:<init>(95)) - s0: new RaftServerImpl for group-B6F2DE967D4B:[s0:0.0.0.0:35127, s1:0.0.0.0:38626, s2:0.0.0.0:43773] with FileStoreStateMachine:uninitialized
2019-09-26 13:29:27,103 INFO  impl.RaftServerImpl (RaftServerImpl.java:<init>(95)) - s2: new RaftServerImpl for group-B6F2DE967D4B:[s0:0.0.0.0:35127, s1:0.0.0.0:38626, s2:0.0.0.0:43773] with FileStoreStateMachine:uninitialized
2019-09-26 13:29:27,103 INFO  impl.RaftServerImpl (RaftServerImpl.java:<init>(95)) - s1: new RaftServerImpl for group-B6F2DE967D4B:[s0:0.0.0.0:35127, s1:0.0.0.0:38626, s2:0.0.0.0:43773] with FileStoreStateMachine:uninitialized
2019-09-26 13:29:27,110 INFO  server.RaftServerConfigKeys (ConfUtils.java:logGet(43)) - raft.server.rpc.timeout.min = 150ms (default)
2019-09-26 13:29:27,110 INFO  server.RaftServerConfigKeys (ConfUtils.java:logGet(43)) - raft.server.rpc.timeout.min = 150ms (default)
2019-09-26 13:29:27,110 INFO  server.RaftServerConfigKeys (ConfUtils.java:logGet(43)) - raft.server.rpc.timeout.min = 150ms (default)
2019-09-26 13:29:27,110 INFO  server.RaftServerConfigKeys (ConfUtils.java:logGet(43)) - raft.server.rpc.timeout.max = 300ms (default)
2019-09-26 13:29:27,111 INFO  server.RaftServerConfigKeys (ConfUtils.java:logGet(43)) - raft.server.rpc.timeout.max = 300ms (default)
2019-09-26 13:29:27,111 INFO  server.RaftServerConfigKeys (ConfUtils.java:logGet(43)) - raft.server.rpcslowness.timeout = 60s (default)
2019-09-26 13:29:27,111 INFO  server.RaftServerConfigKeys (ConfUtils.java:logGet(43)) - raft.server.rpc.timeout.max = 300ms (default)
2019-09-26 13:29:27,111 INFO  server.RaftServerConfigKeys (ConfUtils.java:logGet(43)) - raft.server.rpcslowness.timeout = 60s (default)
2019-09-26 13:29:27,112 INFO  server.RaftServerConfigKeys (ConfUtils.java:logGet(43)) - raft.server.rpcslowness.timeout = 60s (default)
2019-09-26 13:29:27,112 INFO  server.RaftServerConfigKeys (ConfUtils.java:logGet(43)) - raft.server.sleep.deviation.threshold = 300 (default)
2019-09-26 13:29:27,112 INFO  server.RaftServerConfigKeys (ConfUtils.java:logGet(43)) - raft.server.sleep.deviation.threshold = 300 (default)
2019-09-26 13:29:27,112 INFO  server.RaftServerConfigKeys (ConfUtils.java:logGet(43)) - raft.server.sleep.deviation.threshold = 300 (default)
2019-09-26 13:29:27,114 INFO  server.RaftServerConfigKeys (ConfUtils.java:logGet(43)) - raft.server.log.appender.install.snapshot.enabled = true (default)
2019-09-26 13:29:27,114 INFO  server.RaftServerConfigKeys (ConfUtils.java:logGet(43)) - raft.server.log.appender.install.snapshot.enabled = true (default)
2019-09-26 13:29:27,115 INFO  server.RaftServerConfigKeys (ConfUtils.java:logGet(43)) - raft.server.log.appender.install.snapshot.enabled = true (default)
2019-09-26 13:29:27,120 INFO  impl.RaftServerImpl (ServerState.java:<init>(103)) - s1@group-B6F2DE967D4B: ConfigurationManager, init=-1: [s0:0.0.0.0:35127, s1:0.0.0.0:38626, s2:0.0.0.0:43773], old=null, confs=<EMPTY_MAP>
2019-09-26 13:29:27,120 INFO  impl.RaftServerImpl (ServerState.java:<init>(103)) - s2@group-B6F2DE967D4B: ConfigurationManager, init=-1: [s0:0.0.0.0:35127, s1:0.0.0.0:38626, s2:0.0.0.0:43773], old=null, confs=<EMPTY_MAP>
2019-09-26 13:29:27,120 INFO  impl.RaftServerImpl (ServerState.java:<init>(103)) - s0@group-B6F2DE967D4B: ConfigurationManager, init=-1: [s0:0.0.0.0:35127, s1:0.0.0.0:38626, s2:0.0.0.0:43773], old=null, confs=<EMPTY_MAP>
2019-09-26 13:29:27,121 INFO  server.RaftServerConfigKeys (ConfUtils.java:logGet(43)) - raft.server.storage.dir = [/workdir/ratis-examples/target/test/data/7b8a2dfb/MiniRaftClusterWithNetty32f9496c/s1] (custom)
2019-09-26 13:29:27,121 INFO  server.RaftServerConfigKeys (ConfUtils.java:logGet(43)) - raft.server.storage.dir = [/workdir/ratis-examples/target/test/data/7b8a2dfb/MiniRaftClusterWithNetty32f9496c/s2] (custom)
2019-09-26 13:29:27,121 INFO  server.RaftServerConfigKeys (ConfUtils.java:logGet(43)) - raft.server.storage.dir = [/workdir/ratis-examples/target/test/data/7b8a2dfb/MiniRaftClusterWithNetty32f9496c/s0] (custom)
2019-09-26 13:29:27,131 INFO  server.RaftServerConfigKeys (ConfUtils.java:logGet(43)) - raft.server.log.corruption.policy = EXCEPTION (default)
2019-09-26 13:29:27,131 INFO  server.RaftServerConfigKeys (ConfUtils.java:logGet(43)) - raft.server.log.corruption.policy = EXCEPTION (default)
2019-09-26 13:29:27,131 INFO  server.RaftServerConfigKeys (ConfUtils.java:logGet(43)) - raft.server.log.corruption.policy = EXCEPTION (default)
2019-09-26 13:29:27,133 INFO  storage.RaftStorageDirectory (RaftStorageDirectory.java:analyzeStorage(246)) - The storage directory /workdir/ratis-examples/target/test/data/7b8a2dfb/MiniRaftClusterWithNetty32f9496c/s1/a4bc31f7-d7e7-4f33-b9e7-b6f2de967d4b does not exist. Creating ...
2019-09-26 13:29:27,133 INFO  storage.RaftStorageDirectory (RaftStorageDirectory.java:analyzeStorage(246)) - The storage directory /workdir/ratis-examples/target/test/data/7b8a2dfb/MiniRaftClusterWithNetty32f9496c/s0/a4bc31f7-d7e7-4f33-b9e7-b6f2de967d4b does not exist. Creating ...
2019-09-26 13:29:27,133 INFO  storage.RaftStorageDirectory (RaftStorageDirectory.java:analyzeStorage(246)) - The storage directory /workdir/ratis-examples/target/test/data/7b8a2dfb/MiniRaftClusterWithNetty32f9496c/s2/a4bc31f7-d7e7-4f33-b9e7-b6f2de967d4b does not exist. Creating ...
2019-09-26 13:29:27,135 TRACE util.FileUtils (LogUtils.java:runAndLog(61)) - Successfully ran Files.createDirectories /workdir/ratis-examples/target/test/data/7b8a2dfb/MiniRaftClusterWithNetty32f9496c/s1/a4bc31f7-d7e7-4f33-b9e7-b6f2de967d4b
2019-09-26 13:29:27,136 TRACE util.FileUtils (LogUtils.java:runAndLog(61)) - Successfully ran Files.createDirectories /workdir/ratis-examples/target/test/data/7b8a2dfb/MiniRaftClusterWithNetty32f9496c/s0/a4bc31f7-d7e7-4f33-b9e7-b6f2de967d4b
2019-09-26 13:29:27,136 TRACE util.FileUtils (LogUtils.java:runAndLog(61)) - Successfully ran Files.createDirectories /workdir/ratis-examples/target/test/data/7b8a2dfb/MiniRaftClusterWithNetty32f9496c/s2/a4bc31f7-d7e7-4f33-b9e7-b6f2de967d4b
2019-09-26 13:29:27,155 INFO  storage.RaftStorageDirectory (RaftStorageDirectory.java:tryLock(328)) - Lock on /workdir/ratis-examples/target/test/data/7b8a2dfb/MiniRaftClusterWithNetty32f9496c/s2/a4bc31f7-d7e7-4f33-b9e7-b6f2de967d4b/in_use.lock acquired by nodename 24768@ratis-test-j9cz4-1458154678
2019-09-26 13:29:27,155 INFO  storage.RaftStorageDirectory (RaftStorageDirectory.java:tryLock(328)) - Lock on /workdir/ratis-examples/target/test/data/7b8a2dfb/MiniRaftClusterWithNetty32f9496c/s1/a4bc31f7-d7e7-4f33-b9e7-b6f2de967d4b/in_use.lock acquired by nodename 24768@ratis-test-j9cz4-1458154678
2019-09-26 13:29:27,155 INFO  storage.RaftStorageDirectory (RaftStorageDirectory.java:tryLock(328)) - Lock on /workdir/ratis-examples/target/test/data/7b8a2dfb/MiniRaftClusterWithNetty32f9496c/s0/a4bc31f7-d7e7-4f33-b9e7-b6f2de967d4b/in_use.lock acquired by nodename 24768@ratis-test-j9cz4-1458154678
2019-09-26 13:29:27,157 TRACE util.FileUtils (LogUtils.java:runAndLog(61)) - Successfully ran Files.createDirectories /workdir/ratis-examples/target/test/data/7b8a2dfb/MiniRaftClusterWithNetty32f9496c/s2/a4bc31f7-d7e7-4f33-b9e7-b6f2de967d4b/current
2019-09-26 13:29:27,157 TRACE util.FileUtils (LogUtils.java:runAndLog(61)) - Successfully ran Files.createDirectories /workdir/ratis-examples/target/test/data/7b8a2dfb/MiniRaftClusterWithNetty32f9496c/s0/a4bc31f7-d7e7-4f33-b9e7-b6f2de967d4b/current
2019-09-26 13:29:27,157 TRACE util.FileUtils (LogUtils.java:runAndLog(61)) - Successfully ran Files.createDirectories /workdir/ratis-examples/target/test/data/7b8a2dfb/MiniRaftClusterWithNetty32f9496c/s1/a4bc31f7-d7e7-4f33-b9e7-b6f2de967d4b/current
2019-09-26 13:29:27,157 TRACE util.FileUtils (LogUtils.java:runAndLog(61)) - Successfully ran Files.createDirectories /workdir/ratis-examples/target/test/data/7b8a2dfb/MiniRaftClusterWithNetty32f9496c/s2/a4bc31f7-d7e7-4f33-b9e7-b6f2de967d4b/sm
2019-09-26 13:29:27,157 TRACE util.FileUtils (LogUtils.java:runAndLog(61)) - Successfully ran Files.createDirectories /workdir/ratis-examples/target/test/data/7b8a2dfb/MiniRaftClusterWithNetty32f9496c/s0/a4bc31f7-d7e7-4f33-b9e7-b6f2de967d4b/sm
2019-09-26 13:29:27,158 TRACE util.FileUtils (LogUtils.java:runAndLog(61)) - Successfully ran Files.createDirectories /workdir/ratis-examples/target/test/data/7b8a2dfb/MiniRaftClusterWithNetty32f9496c/s1/a4bc31f7-d7e7-4f33-b9e7-b6f2de967d4b/sm
2019-09-26 13:29:27,179 INFO  storage.RaftStorage (RaftStorage.java:format(84)) - Storage directory /workdir/ratis-examples/target/test/data/7b8a2dfb/MiniRaftClusterWithNetty32f9496c/s1/a4bc31f7-d7e7-4f33-b9e7-b6f2de967d4b has been successfully formatted.
2019-09-26 13:29:27,179 INFO  storage.RaftStorage (RaftStorage.java:format(84)) - Storage directory /workdir/ratis-examples/target/test/data/7b8a2dfb/MiniRaftClusterWithNetty32f9496c/s0/a4bc31f7-d7e7-4f33-b9e7-b6f2de967d4b has been successfully formatted.
2019-09-26 13:29:27,179 INFO  storage.RaftStorage (RaftStorage.java:format(84)) - Storage directory /workdir/ratis-examples/target/test/data/7b8a2dfb/MiniRaftClusterWithNetty32f9496c/s2/a4bc31f7-d7e7-4f33-b9e7-b6f2de967d4b has been successfully formatted.
2019-09-26 13:29:27,184 TRACE util.FileUtils (LogUtils.java:runAndLog(61)) - Successfully ran Files.createDirectories /workdir/ratis-examples/target/test/data/7b8a2dfb/TestFileStoreWithNetty/filestore/s1
2019-09-26 13:29:27,184 TRACE util.FileUtils (LogUtils.java:runAndLog(61)) - Successfully ran Files.createDirectories /workdir/ratis-examples/target/test/data/7b8a2dfb/TestFileStoreWithNetty/filestore/s0
2019-09-26 13:29:27,184 TRACE util.FileUtils (LogUtils.java:runAndLog(61)) - Successfully ran Files.createDirectories /workdir/ratis-examples/target/test/data/7b8a2dfb/TestFileStoreWithNetty/filestore/s2
2019-09-26 13:29:27,185 INFO  server.RaftServerConfigKeys (ConfUtils.java:logGet(43)) - raft.server.notification.no-leader.timeout = 60s (default)
2019-09-26 13:29:27,185 INFO  server.RaftServerConfigKeys (ConfUtils.java:logGet(43)) - raft.server.notification.no-leader.timeout = 60s (default)
2019-09-26 13:29:27,185 INFO  server.RaftServerConfigKeys (ConfUtils.java:logGet(43)) - raft.server.notification.no-leader.timeout = 60s (default)
2019-09-26 13:29:27,188 INFO  server.RaftServerConfigKeys (ConfUtils.java:logGet(43)) - raft.server.log.use.memory = false (default)
2019-09-26 13:29:27,188 INFO  server.RaftServerConfigKeys (ConfUtils.java:logGet(43)) - raft.server.log.use.memory = false (default)
2019-09-26 13:29:27,188 INFO  server.RaftServerConfigKeys (ConfUtils.java:logGet(43)) - raft.server.log.use.memory = false (default)
2019-09-26 13:29:27,194 INFO  server.RaftServerConfigKeys (ConfUtils.java:logGet(43)) - raft.server.log.purge.gap = 1024 (default)
2019-09-26 13:29:27,194 INFO  server.RaftServerConfigKeys (ConfUtils.java:logGet(43)) - raft.server.log.purge.gap = 1024 (default)
2019-09-26 13:29:27,194 INFO  server.RaftServerConfigKeys (ConfUtils.java:logGet(43)) - raft.server.log.purge.gap = 1024 (default)
2019-09-26 13:29:27,195 INFO  server.RaftServerConfigKeys (ConfUtils.java:logGet(43)) - raft.server.log.appender.buffer.byte-limit = 4MB (=4194304) (default)
2019-09-26 13:29:27,195 INFO  server.RaftServerConfigKeys (ConfUtils.java:logGet(43)) - raft.server.log.appender.buffer.byte-limit = 4MB (=4194304) (default)
2019-09-26 13:29:27,195 INFO  server.RaftServerConfigKeys (ConfUtils.java:logGet(43)) - raft.server.log.appender.buffer.byte-limit = 4MB (=4194304) (default)
2019-09-26 13:29:27,199 INFO  server.RaftServerConfigKeys (ConfUtils.java:logGet(43)) - raft.server.log.segment.size.max = 8MB (=8388608) (default)
2019-09-26 13:29:27,199 INFO  server.RaftServerConfigKeys (ConfUtils.java:logGet(43)) - raft.server.log.segment.size.max = 8MB (=8388608) (default)
2019-09-26 13:29:27,199 INFO  server.RaftServerConfigKeys (ConfUtils.java:logGet(43)) - raft.server.log.segment.size.max = 8MB (=8388608) (default)
2019-09-26 13:29:27,202 INFO  server.RaftServerConfigKeys (ConfUtils.java:logGet(43)) - raft.server.log.segment.cache.num.max = 6 (default)
2019-09-26 13:29:27,202 INFO  server.RaftServerConfigKeys (ConfUtils.java:logGet(43)) - raft.server.log.segment.cache.num.max = 6 (default)
2019-09-26 13:29:27,203 INFO  server.RaftServerConfigKeys (ConfUtils.java:logGet(43)) - raft.server.log.segment.cache.num.max = 6 (default)
2019-09-26 13:29:27,207 INFO  segmented.SegmentedRaftLogWorker (SegmentedRaftLogWorker.java:<init>(172)) - new s1@group-B6F2DE967D4B-SegmentedRaftLogWorker for RaftStorage:Storage Directory /workdir/ratis-examples/target/test/data/7b8a2dfb/MiniRaftClusterWithNetty32f9496c/s1/a4bc31f7-d7e7-4f33-b9e7-b6f2de967d4b
2019-09-26 13:29:27,207 INFO  segmented.SegmentedRaftLogWorker (SegmentedRaftLogWorker.java:<init>(172)) - new s2@group-B6F2DE967D4B-SegmentedRaftLogWorker for RaftStorage:Storage Directory /workdir/ratis-examples/target/test/data/7b8a2dfb/MiniRaftClusterWithNetty32f9496c/s2/a4bc31f7-d7e7-4f33-b9e7-b6f2de967d4b
2019-09-26 13:29:27,207 INFO  segmented.SegmentedRaftLogWorker (SegmentedRaftLogWorker.java:<init>(172)) - new s0@group-B6F2DE967D4B-SegmentedRaftLogWorker for RaftStorage:Storage Directory /workdir/ratis-examples/target/test/data/7b8a2dfb/MiniRaftClusterWithNetty32f9496c/s0/a4bc31f7-d7e7-4f33-b9e7-b6f2de967d4b
2019-09-26 13:29:27,385 INFO  beanutils.FluentPropertyBeanIntrospector (FluentPropertyBeanIntrospector.java:introspect(147)) - Error when creating PropertyDescriptor for public final void org.apache.commons.configuration2.AbstractConfiguration.setProperty(java.lang.String,java.lang.Object)! Ignoring this property.
2019-09-26 13:29:27,408 WARN  impl.MetricsConfig (MetricsConfig.java:loadFirst(134)) - Cannot locate configuration: tried hadoop-metrics2-ratis.properties,hadoop-metrics2.properties
2019-09-26 13:29:27,511 INFO  impl.MetricsSystemImpl (MetricsSystemImpl.java:startTimer(374)) - Scheduled Metric snapshot period at 10 second(s).
2019-09-26 13:29:27,512 INFO  impl.MetricsSystemImpl (MetricsSystemImpl.java:start(191)) - ratis metrics system started
2019-09-26 13:29:27,518 INFO  metrics.MetricRegistries (MetricRegistriesLoader.java:load(64)) - Loaded MetricRegistries class org.apache.ratis.metrics.impl.MetricRegistriesImpl
2019-09-26 13:29:27,553 INFO  server.RaftServerConfigKeys (ConfUtils.java:logGet(43)) - raft.server.log.queue.byte-limit = 64MB (=67108864) (default)
2019-09-26 13:29:27,554 INFO  server.RaftServerConfigKeys (ConfUtils.java:logGet(43)) - raft.server.log.queue.element-limit = 4096 (default)
2019-09-26 13:29:27,555 INFO  server.RaftServerConfigKeys (ConfUtils.java:logGet(43)) - raft.server.log.queue.byte-limit = 64MB (=67108864) (default)
2019-09-26 13:29:27,555 INFO  server.RaftServerConfigKeys (ConfUtils.java:logGet(43)) - raft.server.log.queue.byte-limit = 64MB (=67108864) (default)
2019-09-26 13:29:27,555 INFO  server.RaftServerConfigKeys (ConfUtils.java:logGet(43)) - raft.server.log.queue.element-limit = 4096 (default)
2019-09-26 13:29:27,556 INFO  server.RaftServerConfigKeys (ConfUtils.java:logGet(43)) - raft.server.log.queue.element-limit = 4096 (default)
2019-09-26 13:29:27,557 INFO  server.RaftServerConfigKeys (ConfUtils.java:logGet(43)) - raft.server.log.segment.size.max = 8MB (=8388608) (default)
2019-09-26 13:29:27,557 INFO  server.RaftServerConfigKeys (ConfUtils.java:logGet(43)) - raft.server.log.segment.size.max = 8MB (=8388608) (default)
2019-09-26 13:29:27,557 INFO  server.RaftServerConfigKeys (ConfUtils.java:logGet(43)) - raft.server.log.segment.size.max = 8MB (=8388608) (default)
2019-09-26 13:29:27,557 INFO  server.RaftServerConfigKeys (ConfUtils.java:logGet(43)) - raft.server.log.preallocated.size = 4MB (=4194304) (default)
2019-09-26 13:29:27,557 INFO  server.RaftServerConfigKeys (ConfUtils.java:logGet(43)) - raft.server.log.preallocated.size = 4MB (=4194304) (default)
2019-09-26 13:29:27,558 INFO  server.RaftServerConfigKeys (ConfUtils.java:logGet(43)) - raft.server.log.preallocated.size = 4MB (=4194304) (default)
2019-09-26 13:29:27,558 INFO  server.RaftServerConfigKeys (ConfUtils.java:logGet(43)) - raft.server.log.write.buffer.size = 64KB (=65536) (default)
2019-09-26 13:29:27,558 INFO  server.RaftServerConfigKeys (ConfUtils.java:logGet(43)) - raft.server.log.write.buffer.size = 64KB (=65536) (default)
2019-09-26 13:29:27,558 INFO  server.RaftServerConfigKeys (ConfUtils.java:logGet(43)) - raft.server.log.write.buffer.size = 64KB (=65536) (default)
2019-09-26 13:29:27,559 INFO  server.RaftServerConfigKeys (ConfUtils.java:logGet(43)) - raft.server.log.force.sync.num = 128 (default)
2019-09-26 13:29:27,559 INFO  server.RaftServerConfigKeys (ConfUtils.java:logGet(43)) - raft.server.log.force.sync.num = 128 (default)
2019-09-26 13:29:27,559 INFO  server.RaftServerConfigKeys (ConfUtils.java:logGet(43)) - raft.server.log.force.sync.num = 128 (default)
2019-09-26 13:29:27,560 INFO  server.RaftServerConfigKeys (ConfUtils.java:logGet(43)) - raft.server.log.statemachine.data.sync = true (default)
2019-09-26 13:29:27,560 INFO  server.RaftServerConfigKeys (ConfUtils.java:logGet(43)) - raft.server.log.statemachine.data.sync = true (default)
2019-09-26 13:29:27,560 INFO  server.RaftServerConfigKeys (ConfUtils.java:logGet(43)) - raft.server.log.statemachine.data.sync = true (default)
2019-09-26 13:29:27,560 INFO  server.RaftServerConfigKeys (ConfUtils.java:logGet(43)) - raft.server.log.statemachine.data.sync.timeout = 10s (default)
2019-09-26 13:29:27,561 INFO  server.RaftServerConfigKeys (ConfUtils.java:logGet(43)) - raft.server.log.statemachine.data.sync.timeout = 10s (default)
2019-09-26 13:29:27,561 INFO  server.RaftServerConfigKeys (ConfUtils.java:logGet(43)) - raft.server.log.statemachine.data.sync.timeout = 10s (default)
2019-09-26 13:29:27,561 INFO  server.RaftServerConfigKeys (ConfUtils.java:logGet(43)) - raft.server.log.statemachine.data.sync.timeout.retry = -1 (default)
2019-09-26 13:29:27,561 INFO  server.RaftServerConfigKeys (ConfUtils.java:logGet(43)) - raft.server.log.statemachine.data.sync.timeout.retry = -1 (default)
2019-09-26 13:29:27,562 INFO  server.RaftServerConfigKeys (ConfUtils.java:logGet(43)) - raft.server.log.statemachine.data.sync.timeout.retry = -1 (default)
2019-09-26 13:29:27,573 INFO  server.RaftServerConfigKeys (ConfUtils.java:logGet(43)) - raft.server.log.statemachine.data.caching.enabled = false (default)
2019-09-26 13:29:27,573 INFO  server.RaftServerConfigKeys (ConfUtils.java:logGet(43)) - raft.server.log.statemachine.data.caching.enabled = false (default)
2019-09-26 13:29:27,573 INFO  server.RaftServerConfigKeys (ConfUtils.java:logGet(43)) - raft.server.log.statemachine.data.caching.enabled = false (default)
2019-09-26 13:29:27,578 INFO  segmented.SegmentedRaftLogWorker (SegmentedRaftLogWorker.java:lambda$new$0(132)) - s1@group-B6F2DE967D4B-SegmentedRaftLogWorker: flushIndex: setUnconditionally 0 -> -1
2019-09-26 13:29:27,578 INFO  segmented.SegmentedRaftLogWorker (SegmentedRaftLogWorker.java:lambda$new$0(132)) - s0@group-B6F2DE967D4B-SegmentedRaftLogWorker: flushIndex: setUnconditionally 0 -> -1
2019-09-26 13:29:27,578 INFO  segmented.SegmentedRaftLogWorker (SegmentedRaftLogWorker.java:lambda$new$0(132)) - s2@group-B6F2DE967D4B-SegmentedRaftLogWorker: flushIndex: setUnconditionally 0 -> -1
2019-09-26 13:29:27,583 INFO  server.RaftServerConfigKeys (ConfUtils.java:logGet(43)) - raft.server.snapshot.auto.trigger.enabled = false (default)
2019-09-26 13:29:27,584 INFO  server.RaftServerConfigKeys (ConfUtils.java:logGet(43)) - raft.server.snapshot.auto.trigger.enabled = false (default)
2019-09-26 13:29:27,583 INFO  server.RaftServerConfigKeys (ConfUtils.java:logGet(43)) - raft.server.snapshot.auto.trigger.enabled = false (default)
2019-09-26 13:29:27,584 INFO  server.RaftServerConfigKeys (ConfUtils.java:logGet(43)) - raft.server.snapshot.retention.file.num = -1 (default)
2019-09-26 13:29:27,584 INFO  server.RaftServerConfigKeys (ConfUtils.java:logGet(43)) - raft.server.snapshot.retention.file.num = -1 (default)
2019-09-26 13:29:27,584 INFO  server.RaftServerConfigKeys (ConfUtils.java:logGet(43)) - raft.server.snapshot.retention.file.num = -1 (default)
2019-09-26 13:29:27,585 INFO  server.RaftServerConfigKeys (ConfUtils.java:logGet(43)) - raft.server.retrycache.expirytime = 60s (default)
2019-09-26 13:29:27,585 INFO  server.RaftServerConfigKeys (ConfUtils.java:logGet(43)) - raft.server.retrycache.expirytime = 60s (default)
2019-09-26 13:29:27,585 INFO  server.RaftServerConfigKeys (ConfUtils.java:logGet(43)) - raft.server.retrycache.expirytime = 60s (default)
2019-09-26 13:29:27,613 INFO  impl.RaftServerImpl (RaftServerImpl.java:start(181)) - s0@group-B6F2DE967D4B: start as a follower, conf=-1: [s0:0.0.0.0:35127, s1:0.0.0.0:38626, s2:0.0.0.0:43773], old=null
2019-09-26 13:29:27,615 INFO  impl.RaftServerImpl (RaftServerImpl.java:setRole(170)) - s0@group-B6F2DE967D4B: changes role from      null to FOLLOWER at term 0 for startAsFollower
2019-09-26 13:29:27,617 INFO  impl.RoleInfo (RoleInfo.java:updateAndGet(143)) - s0: start FollowerState
2019-09-26 13:29:27,619 INFO  util.JmxRegister (JmxRegister.java:tryRegister(44)) - Successfully registered JMX Bean with object name Ratis:service=RaftServer,group=group-B6F2DE967D4B,id=s0
2019-09-26 13:29:27,630 INFO  impl.RaftServerProxy (RaftServerProxy.java:lambda$start$3(299)) - s0: start RPC server
2019-09-26 13:29:27,631 INFO  impl.RaftServerImpl (RaftServerImpl.java:start(181)) - s1@group-B6F2DE967D4B: start as a follower, conf=-1: [s0:0.0.0.0:35127, s1:0.0.0.0:38626, s2:0.0.0.0:43773], old=null
2019-09-26 13:29:27,631 INFO  impl.RaftServerImpl (RaftServerImpl.java:setRole(170)) - s1@group-B6F2DE967D4B: changes role from      null to FOLLOWER at term 0 for startAsFollower
2019-09-26 13:29:27,632 INFO  impl.RoleInfo (RoleInfo.java:updateAndGet(143)) - s1: start FollowerState
2019-09-26 13:29:27,632 INFO  util.JmxRegister (JmxRegister.java:tryRegister(44)) - Successfully registered JMX Bean with object name Ratis:service=RaftServer,group=group-B6F2DE967D4B,id=s1
2019-09-26 13:29:27,640 INFO  impl.RaftServerProxy (RaftServerProxy.java:lambda$start$3(299)) - s1: start RPC server
2019-09-26 13:29:27,641 INFO  impl.RaftServerImpl (RaftServerImpl.java:start(181)) - s2@group-B6F2DE967D4B: start as a follower, conf=-1: [s0:0.0.0.0:35127, s1:0.0.0.0:38626, s2:0.0.0.0:43773], old=null
2019-09-26 13:29:27,641 INFO  impl.RaftServerImpl (RaftServerImpl.java:setRole(170)) - s2@group-B6F2DE967D4B: changes role from      null to FOLLOWER at term 0 for startAsFollower
2019-09-26 13:29:27,641 INFO  impl.RoleInfo (RoleInfo.java:updateAndGet(143)) - s2: start FollowerState
2019-09-26 13:29:27,642 INFO  util.JmxRegister (JmxRegister.java:tryRegister(44)) - Successfully registered JMX Bean with object name Ratis:service=RaftServer,group=group-B6F2DE967D4B,id=s2
2019-09-26 13:29:27,648 INFO  impl.RaftServerProxy (RaftServerProxy.java:lambda$start$3(299)) - s2: start RPC server
2019-09-26 13:29:27,652 INFO  server.RaftServerConfigKeys (ConfUtils.java:logGet(43)) - raft.server.rpc.timeout.max = 300ms (default)
2019-09-26 13:29:27,656 INFO  ratis.RaftTestUtil (RaftTestUtil.java:waitForLeader(86)) - printing ALL groups
  s0:  RUNNING  FOLLOWER s0@group-B6F2DE967D4B:t0, leader=null, voted=null, raftlog=s0@group-B6F2DE967D4B-SegmentedRaftLog:OPENED:c-1,f-1,i0, conf=-1: [s0:0.0.0.0:35127, s1:0.0.0.0:38626, s2:0.0.0.0:43773], old=null RUNNING
  s1:  RUNNING  FOLLOWER s1@group-B6F2DE967D4B:t0, leader=null, voted=null, raftlog=s1@group-B6F2DE967D4B-SegmentedRaftLog:OPENED:c-1,f-1,i0, conf=-1: [s0:0.0.0.0:35127, s1:0.0.0.0:38626, s2:0.0.0.0:43773], old=null RUNNING
  s2:  RUNNING  FOLLOWER s2@group-B6F2DE967D4B:t0, leader=null, voted=null, raftlog=s2@group-B6F2DE967D4B-SegmentedRaftLog:OPENED:c-1,f-1,i0, conf=-1: [s0:0.0.0.0:35127, s1:0.0.0.0:38626, s2:0.0.0.0:43773], old=null RUNNING
2019-09-26 13:29:27,664 WARN  ratis.RaftTestUtil (JavaUtils.java:attempt(158)) - FAILED "waitForLeader-null-(expectLeader? true)", attempt #1/100: java.lang.IllegalStateException: No leader yet : printing ALL groups
  s0:  RUNNING  FOLLOWER s0@group-B6F2DE967D4B:t0, leader=null, voted=null, raftlog=s0@group-B6F2DE967D4B-SegmentedRaftLog:OPENED:c-1,f-1,i0, conf=-1: [s0:0.0.0.0:35127, s1:0.0.0.0:38626, s2:0.0.0.0:43773], old=null RUNNING
  s1:  RUNNING  FOLLOWER s1@group-B6F2DE967D4B:t0, leader=null, voted=null, raftlog=s1@group-B6F2DE967D4B-SegmentedRaftLog:OPENED:c-1,f-1,i0, conf=-1: [s0:0.0.0.0:35127, s1:0.0.0.0:38626, s2:0.0.0.0:43773], old=null RUNNING
  s2:  RUNNING  FOLLOWER s2@group-B6F2DE967D4B:t0, leader=null, voted=null, raftlog=s2@group-B6F2DE967D4B-SegmentedRaftLog:OPENED:c-1,f-1,i0, conf=-1: [s0:0.0.0.0:35127, s1:0.0.0.0:38626, s2:0.0.0.0:43773], old=null RUNNING, sleep 450ms and then retry.
java.lang.IllegalStateException: No leader yet : printing ALL groups
  s0:  RUNNING  FOLLOWER s0@group-B6F2DE967D4B:t0, leader=null, voted=null, raftlog=s0@group-B6F2DE967D4B-SegmentedRaftLog:OPENED:c-1,f-1,i0, conf=-1: [s0:0.0.0.0:35127, s1:0.0.0.0:38626, s2:0.0.0.0:43773], old=null RUNNING
  s1:  RUNNING  FOLLOWER s1@group-B6F2DE967D4B:t0, leader=null, voted=null, raftlog=s1@group-B6F2DE967D4B-SegmentedRaftLog:OPENED:c-1,f-1,i0, conf=-1: [s0:0.0.0.0:35127, s1:0.0.0.0:38626, s2:0.0.0.0:43773], old=null RUNNING
  s2:  RUNNING  FOLLOWER s2@group-B6F2DE967D4B:t0, leader=null, voted=null, raftlog=s2@group-B6F2DE967D4B-SegmentedRaftLog:OPENED:c-1,f-1,i0, conf=-1: [s0:0.0.0.0:35127, s1:0.0.0.0:38626, s2:0.0.0.0:43773], old=null RUNNING
	at org.apache.ratis.MiniRaftCluster.newIllegalStateExceptionForNoLeaders(MiniRaftCluster.java:506)
	at org.apache.ratis.RaftTestUtil.lambda$waitForLeader$1(RaftTestUtil.java:90)
	at org.apache.ratis.MiniRaftCluster.getLeader(MiniRaftCluster.java:539)
	at org.apache.ratis.MiniRaftCluster.getLeader(MiniRaftCluster.java:532)
	at org.apache.ratis.RaftTestUtil.lambda$waitForLeader$3(RaftTestUtil.java:98)
	at org.apache.ratis.util.JavaUtils.attempt(JavaUtils.java:152)
	at org.apache.ratis.RaftTestUtil.waitForLeader(RaftTestUtil.java:97)
	at org.apache.ratis.RaftTestUtil.waitForLeader(RaftTestUtil.java:77)
	at org.apache.ratis.RaftTestUtil.waitForLeader(RaftTestUtil.java:72)
	at org.apache.ratis.examples.filestore.FileStoreBaseTest.testFileStore(FileStoreBaseTest.java:73)
	at sun.reflect.NativeMethodAccessorImpl.invoke0(Native Method)
	at sun.reflect.NativeMethodAccessorImpl.invoke(NativeMethodAccessorImpl.java:62)
	at sun.reflect.DelegatingMethodAccessorImpl.invoke(DelegatingMethodAccessorImpl.java:43)
	at java.lang.reflect.Method.invoke(Method.java:498)
	at org.junit.runners.model.FrameworkMethod$1.runReflectiveCall(FrameworkMethod.java:50)
	at org.junit.internal.runners.model.ReflectiveCallable.run(ReflectiveCallable.java:12)
	at org.junit.runners.model.FrameworkMethod.invokeExplosively(FrameworkMethod.java:47)
	at org.junit.internal.runners.statements.InvokeMethod.evaluate(InvokeMethod.java:17)
	at org.junit.internal.runners.statements.RunAfters.evaluate(RunAfters.java:27)
	at org.junit.internal.runners.statements.FailOnTimeout$CallableStatement.call(FailOnTimeout.java:298)
	at org.junit.internal.runners.statements.FailOnTimeout$CallableStatement.call(FailOnTimeout.java:292)
	at java.util.concurrent.FutureTask.run(FutureTask.java:266)
	at java.lang.Thread.run(Thread.java:748)
2019-09-26 13:29:27,872 INFO  impl.FollowerState (FollowerState.java:run(108)) - s1@group-B6F2DE967D4B-FollowerState: change to CANDIDATE, lastRpcTime:240ms, electionTimeout:240ms
2019-09-26 13:29:27,875 INFO  impl.RoleInfo (RoleInfo.java:shutdownFollowerState(121)) - s1: shutdown FollowerState
2019-09-26 13:29:27,876 INFO  impl.RaftServerImpl (RaftServerImpl.java:setRole(170)) - s1@group-B6F2DE967D4B: changes role from  FOLLOWER to CANDIDATE at term 0 for changeToCandidate
2019-09-26 13:29:27,879 INFO  impl.RoleInfo (RoleInfo.java:updateAndGet(143)) - s1: start LeaderElection
2019-09-26 13:29:27,884 INFO  impl.FollowerState (FollowerState.java:run(108)) - s0@group-B6F2DE967D4B-FollowerState: change to CANDIDATE, lastRpcTime:267ms, electionTimeout:266ms
2019-09-26 13:29:27,884 INFO  impl.RoleInfo (RoleInfo.java:shutdownFollowerState(121)) - s0: shutdown FollowerState
2019-09-26 13:29:27,884 INFO  impl.RaftServerImpl (RaftServerImpl.java:setRole(170)) - s0@group-B6F2DE967D4B: changes role from  FOLLOWER to CANDIDATE at term 0 for changeToCandidate
2019-09-26 13:29:27,885 INFO  impl.RoleInfo (RoleInfo.java:updateAndGet(143)) - s0: start LeaderElection
2019-09-26 13:29:27,895 INFO  impl.LeaderElection (LeaderElection.java:askForVotes(178)) - s0@group-B6F2DE967D4B-LeaderElection2: begin an election at term 1 for -1: [s0:0.0.0.0:35127, s1:0.0.0.0:38626, s2:0.0.0.0:43773], old=null
2019-09-26 13:29:27,895 INFO  impl.LeaderElection (LeaderElection.java:askForVotes(178)) - s1@group-B6F2DE967D4B-LeaderElection1: begin an election at term 1 for -1: [s0:0.0.0.0:35127, s1:0.0.0.0:38626, s2:0.0.0.0:43773], old=null
2019-09-26 13:29:27,941 INFO  impl.FollowerState (FollowerState.java:run(108)) - s2@group-B6F2DE967D4B-FollowerState: change to CANDIDATE, lastRpcTime:299ms, electionTimeout:299ms
2019-09-26 13:29:27,941 INFO  impl.RoleInfo (RoleInfo.java:shutdownFollowerState(121)) - s2: shutdown FollowerState
2019-09-26 13:29:27,942 INFO  impl.RaftServerImpl (RaftServerImpl.java:setRole(170)) - s2@group-B6F2DE967D4B: changes role from  FOLLOWER to CANDIDATE at term 0 for changeToCandidate
2019-09-26 13:29:27,942 INFO  impl.RoleInfo (RoleInfo.java:updateAndGet(143)) - s2: start LeaderElection
2019-09-26 13:29:27,955 INFO  impl.LeaderElection (LeaderElection.java:askForVotes(178)) - s2@group-B6F2DE967D4B-LeaderElection3: begin an election at term 1 for -1: [s0:0.0.0.0:35127, s1:0.0.0.0:38626, s2:0.0.0.0:43773], old=null
2019-09-26 13:29:28,088 INFO  logging.LoggingHandler (AbstractInternalLogger.java:log(150)) - [id: 0x20c56452, L:/0.0.0.0:38626] READ: [id: 0xadf05fc2, L:/192.168.164.227:38626 - R:/192.168.164.227:57460]
2019-09-26 13:29:28,088 INFO  logging.LoggingHandler (AbstractInternalLogger.java:log(150)) - [id: 0x71970195, L:/0.0.0.0:43773] READ: [id: 0x731f2b0b, L:/192.168.164.227:43773 - R:/192.168.164.227:36354]
2019-09-26 13:29:28,088 INFO  logging.LoggingHandler (AbstractInternalLogger.java:log(150)) - [id: 0x51301cc5, L:0.0.0.0/0.0.0.0:35127] READ: [id: 0xe7880ad1, L:/192.168.164.227:35127 - R:/192.168.164.227:48084]
2019-09-26 13:29:28,089 INFO  logging.LoggingHandler (AbstractInternalLogger.java:log(150)) - [id: 0x20c56452, L:/0.0.0.0:38626] READ COMPLETE
2019-09-26 13:29:28,089 INFO  logging.LoggingHandler (AbstractInternalLogger.java:log(150)) - [id: 0x71970195, L:/0.0.0.0:43773] READ COMPLETE
2019-09-26 13:29:28,089 INFO  logging.LoggingHandler (AbstractInternalLogger.java:log(150)) - [id: 0x20c56452, L:/0.0.0.0:38626] READ: [id: 0x0454a674, L:/192.168.164.227:38626 - R:/192.168.164.227:57462]
2019-09-26 13:29:28,089 INFO  logging.LoggingHandler (AbstractInternalLogger.java:log(150)) - [id: 0x51301cc5, L:0.0.0.0/0.0.0.0:35127] READ COMPLETE
2019-09-26 13:29:28,090 INFO  logging.LoggingHandler (AbstractInternalLogger.java:log(150)) - [id: 0x20c56452, L:/0.0.0.0:38626] READ COMPLETE
2019-09-26 13:29:28,090 INFO  logging.LoggingHandler (AbstractInternalLogger.java:log(150)) - [id: 0x71970195, L:/0.0.0.0:43773] READ: [id: 0x098c6ab4, L:/192.168.164.227:43773 - R:/192.168.164.227:36356]
2019-09-26 13:29:28,090 INFO  logging.LoggingHandler (AbstractInternalLogger.java:log(150)) - [id: 0x51301cc5, L:0.0.0.0/0.0.0.0:35127] READ: [id: 0x3359ac14, L:/192.168.164.227:35127 - R:/192.168.164.227:48094]
2019-09-26 13:29:28,090 INFO  logging.LoggingHandler (AbstractInternalLogger.java:log(150)) - [id: 0x71970195, L:/0.0.0.0:43773] READ COMPLETE
2019-09-26 13:29:28,091 INFO  logging.LoggingHandler (AbstractInternalLogger.java:log(150)) - [id: 0x51301cc5, L:0.0.0.0/0.0.0.0:35127] READ COMPLETE
2019-09-26 13:29:28,119 WARN  ratis.RaftTestUtil (JavaUtils.java:attempt(158)) - FAILED "waitForLeader-null-(expectLeader? true)", attempt #2/100: java.lang.IllegalStateException: No leader yet : printing ALL groups
  s0:  RUNNING CANDIDATE s0@group-B6F2DE967D4B:t1, leader=null, voted=s0, raftlog=s0@group-B6F2DE967D4B-SegmentedRaftLog:OPENED:c-1,f-1,i0, conf=-1: [s0:0.0.0.0:35127, s1:0.0.0.0:38626, s2:0.0.0.0:43773], old=null RUNNING
  s1:  RUNNING CANDIDATE s1@group-B6F2DE967D4B:t1, leader=null, voted=s1, raftlog=s1@group-B6F2DE967D4B-SegmentedRaftLog:OPENED:c-1,f-1,i0, conf=-1: [s0:0.0.0.0:35127, s1:0.0.0.0:38626, s2:0.0.0.0:43773], old=null RUNNING
  s2:  RUNNING CANDIDATE s2@group-B6F2DE967D4B:t1, leader=null, voted=s2, raftlog=s2@group-B6F2DE967D4B-SegmentedRaftLog:OPENED:c-1,f-1,i0, conf=-1: [s0:0.0.0.0:35127, s1:0.0.0.0:38626, s2:0.0.0.0:43773], old=null RUNNING, sleep 450ms and then retry.
java.lang.IllegalStateException: No leader yet : printing ALL groups
  s0:  RUNNING CANDIDATE s0@group-B6F2DE967D4B:t1, leader=null, voted=s0, raftlog=s0@group-B6F2DE967D4B-SegmentedRaftLog:OPENED:c-1,f-1,i0, conf=-1: [s0:0.0.0.0:35127, s1:0.0.0.0:38626, s2:0.0.0.0:43773], old=null RUNNING
  s1:  RUNNING CANDIDATE s1@group-B6F2DE967D4B:t1, leader=null, voted=s1, raftlog=s1@group-B6F2DE967D4B-SegmentedRaftLog:OPENED:c-1,f-1,i0, conf=-1: [s0:0.0.0.0:35127, s1:0.0.0.0:38626, s2:0.0.0.0:43773], old=null RUNNING
  s2:  RUNNING CANDIDATE s2@group-B6F2DE967D4B:t1, leader=null, voted=s2, raftlog=s2@group-B6F2DE967D4B-SegmentedRaftLog:OPENED:c-1,f-1,i0, conf=-1: [s0:0.0.0.0:35127, s1:0.0.0.0:38626, s2:0.0.0.0:43773], old=null RUNNING
	at org.apache.ratis.MiniRaftCluster.newIllegalStateExceptionForNoLeaders(MiniRaftCluster.java:506)
	at org.apache.ratis.RaftTestUtil.lambda$waitForLeader$1(RaftTestUtil.java:90)
	at org.apache.ratis.MiniRaftCluster.getLeader(MiniRaftCluster.java:539)
	at org.apache.ratis.MiniRaftCluster.getLeader(MiniRaftCluster.java:532)
	at org.apache.ratis.RaftTestUtil.lambda$waitForLeader$3(RaftTestUtil.java:98)
	at org.apache.ratis.util.JavaUtils.attempt(JavaUtils.java:152)
	at org.apache.ratis.RaftTestUtil.waitForLeader(RaftTestUtil.java:97)
	at org.apache.ratis.RaftTestUtil.waitForLeader(RaftTestUtil.java:77)
	at org.apache.ratis.RaftTestUtil.waitForLeader(RaftTestUtil.java:72)
	at org.apache.ratis.examples.filestore.FileStoreBaseTest.testFileStore(FileStoreBaseTest.java:73)
	at sun.reflect.NativeMethodAccessorImpl.invoke0(Native Method)
	at sun.reflect.NativeMethodAccessorImpl.invoke(NativeMethodAccessorImpl.java:62)
	at sun.reflect.DelegatingMethodAccessorImpl.invoke(DelegatingMethodAccessorImpl.java:43)
	at java.lang.reflect.Method.invoke(Method.java:498)
	at org.junit.runners.model.FrameworkMethod$1.runReflectiveCall(FrameworkMethod.java:50)
	at org.junit.internal.runners.model.ReflectiveCallable.run(ReflectiveCallable.java:12)
	at org.junit.runners.model.FrameworkMethod.invokeExplosively(FrameworkMethod.java:47)
	at org.junit.internal.runners.statements.InvokeMethod.evaluate(InvokeMethod.java:17)
	at org.junit.internal.runners.statements.RunAfters.evaluate(RunAfters.java:27)
	at org.junit.internal.runners.statements.FailOnTimeout$CallableStatement.call(FailOnTimeout.java:298)
	at org.junit.internal.runners.statements.FailOnTimeout$CallableStatement.call(FailOnTimeout.java:292)
	at java.util.concurrent.FutureTask.run(FutureTask.java:266)
	at java.lang.Thread.run(Thread.java:748)
2019-09-26 13:29:28,158 INFO  impl.LeaderElection (LeaderElection.java:logAndReturn(56)) - s1@group-B6F2DE967D4B-LeaderElection1: Election REJECTED; received 2 response(s) [s1<-s0#0:FAIL-t1, s1<-s2#0:FAIL-t1] and 0 exception(s); s1@group-B6F2DE967D4B:t1, leader=null, voted=s1, raftlog=s1@group-B6F2DE967D4B-SegmentedRaftLog:OPENED:c-1,f-1,i0, conf=-1: [s0:0.0.0.0:35127, s1:0.0.0.0:38626, s2:0.0.0.0:43773], old=null
2019-09-26 13:29:28,158 INFO  impl.LeaderElection (LeaderElection.java:logAndReturn(56)) - s2@group-B6F2DE967D4B-LeaderElection3: Election REJECTED; received 2 response(s) [s2<-s0#0:FAIL-t1, s2<-s1#0:FAIL-t1] and 0 exception(s); s2@group-B6F2DE967D4B:t1, leader=null, voted=s2, raftlog=s2@group-B6F2DE967D4B-SegmentedRaftLog:OPENED:c-1,f-1,i0, conf=-1: [s0:0.0.0.0:35127, s1:0.0.0.0:38626, s2:0.0.0.0:43773], old=null
2019-09-26 13:29:28,158 INFO  impl.LeaderElection (LeaderElection.java:logAndReturn(56)) - s0@group-B6F2DE967D4B-LeaderElection2: Election REJECTED; received 2 response(s) [s0<-s1#0:FAIL-t1, s0<-s2#0:FAIL-t1] and 0 exception(s); s0@group-B6F2DE967D4B:t1, leader=null, voted=s0, raftlog=s0@group-B6F2DE967D4B-SegmentedRaftLog:OPENED:c-1,f-1,i0, conf=-1: [s0:0.0.0.0:35127, s1:0.0.0.0:38626, s2:0.0.0.0:43773], old=null
2019-09-26 13:29:28,160 INFO  impl.RaftServerImpl (RaftServerImpl.java:setRole(170)) - s1@group-B6F2DE967D4B: changes role from CANDIDATE to FOLLOWER at term 1 for DISCOVERED_A_NEW_TERM
2019-09-26 13:29:28,160 INFO  impl.RoleInfo (RoleInfo.java:shutdownLeaderElection(134)) - s1: shutdown LeaderElection
2019-09-26 13:29:28,160 INFO  impl.RaftServerImpl (RaftServerImpl.java:setRole(170)) - s0@group-B6F2DE967D4B: changes role from CANDIDATE to FOLLOWER at term 1 for DISCOVERED_A_NEW_TERM
2019-09-26 13:29:28,160 INFO  impl.RaftServerImpl (RaftServerImpl.java:setRole(170)) - s2@group-B6F2DE967D4B: changes role from CANDIDATE to FOLLOWER at term 1 for DISCOVERED_A_NEW_TERM
2019-09-26 13:29:28,161 INFO  impl.RoleInfo (RoleInfo.java:updateAndGet(143)) - s1: start FollowerState
2019-09-26 13:29:28,161 INFO  impl.RoleInfo (RoleInfo.java:shutdownLeaderElection(134)) - s0: shutdown LeaderElection
2019-09-26 13:29:28,161 INFO  impl.RoleInfo (RoleInfo.java:shutdownLeaderElection(134)) - s2: shutdown LeaderElection
2019-09-26 13:29:28,161 INFO  impl.RoleInfo (RoleInfo.java:updateAndGet(143)) - s0: start FollowerState
2019-09-26 13:29:28,161 INFO  impl.RoleInfo (RoleInfo.java:updateAndGet(143)) - s2: start FollowerState
2019-09-26 13:29:28,334 INFO  impl.FollowerState (FollowerState.java:run(108)) - s1@group-B6F2DE967D4B-FollowerState: change to CANDIDATE, lastRpcTime:173ms, electionTimeout:173ms
2019-09-26 13:29:28,335 INFO  impl.RoleInfo (RoleInfo.java:shutdownFollowerState(121)) - s1: shutdown FollowerState
2019-09-26 13:29:28,335 INFO  impl.RaftServerImpl (RaftServerImpl.java:setRole(170)) - s1@group-B6F2DE967D4B: changes role from  FOLLOWER to CANDIDATE at term 1 for changeToCandidate
2019-09-26 13:29:28,335 INFO  impl.RoleInfo (RoleInfo.java:updateAndGet(143)) - s1: start LeaderElection
2019-09-26 13:29:28,349 INFO  impl.LeaderElection (LeaderElection.java:askForVotes(178)) - s1@group-B6F2DE967D4B-LeaderElection4: begin an election at term 2 for -1: [s0:0.0.0.0:35127, s1:0.0.0.0:38626, s2:0.0.0.0:43773], old=null
2019-09-26 13:29:28,351 INFO  impl.RaftServerImpl (RaftServerImpl.java:setRole(170)) - s2@group-B6F2DE967D4B: changes role from  FOLLOWER to FOLLOWER at term 2 for recognizeCandidate:s1
2019-09-26 13:29:28,351 INFO  impl.RaftServerImpl (RaftServerImpl.java:setRole(170)) - s0@group-B6F2DE967D4B: changes role from  FOLLOWER to FOLLOWER at term 2 for recognizeCandidate:s1
2019-09-26 13:29:28,352 INFO  impl.RoleInfo (RoleInfo.java:shutdownFollowerState(121)) - s2: shutdown FollowerState
2019-09-26 13:29:28,352 INFO  impl.RoleInfo (RoleInfo.java:shutdownFollowerState(121)) - s0: shutdown FollowerState
2019-09-26 13:29:28,352 INFO  impl.FollowerState (FollowerState.java:run(117)) - s2@group-B6F2DE967D4B-FollowerState was interrupted: java.lang.InterruptedException: sleep interrupted
2019-09-26 13:29:28,352 INFO  impl.RoleInfo (RoleInfo.java:updateAndGet(143)) - s2: start FollowerState
2019-09-26 13:29:28,352 INFO  impl.RoleInfo (RoleInfo.java:updateAndGet(143)) - s0: start FollowerState
2019-09-26 13:29:28,352 INFO  impl.FollowerState (FollowerState.java:run(117)) - s0@group-B6F2DE967D4B-FollowerState was interrupted: java.lang.InterruptedException: sleep interrupted
2019-09-26 13:29:28,369 INFO  impl.LeaderElection (LeaderElection.java:logAndReturn(56)) - s1@group-B6F2DE967D4B-LeaderElection4: Election PASSED; received 1 response(s) [s1<-s0#0:OK-t2] and 0 exception(s); s1@group-B6F2DE967D4B:t2, leader=null, voted=s1, raftlog=s1@group-B6F2DE967D4B-SegmentedRaftLog:OPENED:c-1,f-1,i0, conf=-1: [s0:0.0.0.0:35127, s1:0.0.0.0:38626, s2:0.0.0.0:43773], old=null
2019-09-26 13:29:28,369 INFO  impl.RoleInfo (RoleInfo.java:shutdownLeaderElection(134)) - s1: shutdown LeaderElection
2019-09-26 13:29:28,370 INFO  impl.RaftServerImpl (RaftServerImpl.java:setRole(170)) - s1@group-B6F2DE967D4B: changes role from CANDIDATE to LEADER at term 2 for changeToLeader
2019-09-26 13:29:28,370 INFO  impl.RaftServerImpl (ServerState.java:setLeader(254)) - s1@group-B6F2DE967D4B: change Leader from null to s1 at term 2 for becomeLeader, leader elected after 1185ms
2019-09-26 13:29:28,376 INFO  server.RaftServerConfigKeys (ConfUtils.java:logGet(43)) - raft.server.staging.catchup.gap = 1000 (default)
2019-09-26 13:29:28,376 INFO  server.RaftServerConfigKeys (ConfUtils.java:logGet(43)) - raft.server.rpc.sleep.time = 25ms (default)
2019-09-26 13:29:28,380 INFO  server.RaftServerConfigKeys (ConfUtils.java:logGet(43)) - raft.server.write.element-limit = 4096 (default)
2019-09-26 13:29:28,385 INFO  server.RaftServerConfigKeys (ConfUtils.java:logGet(43)) - raft.server.watch.timeout = 10s (default)
2019-09-26 13:29:28,385 INFO  server.RaftServerConfigKeys (ConfUtils.java:logGet(43)) - raft.server.watch.timeout.denomination = 1s (default)
2019-09-26 13:29:28,386 INFO  server.RaftServerConfigKeys (ConfUtils.java:logGet(43)) - raft.server.watch.element-limit = 65536 (default)
2019-09-26 13:29:28,399 INFO  server.RaftServerConfigKeys (ConfUtils.java:logGet(43)) - raft.server.log.appender.snapshot.chunk.size.max = 16MB (=16777216) (default)
2019-09-26 13:29:28,399 INFO  server.RaftServerConfigKeys (ConfUtils.java:logGet(43)) - raft.server.log.appender.buffer.byte-limit = 4MB (=4194304) (default)
2019-09-26 13:29:28,400 INFO  server.RaftServerConfigKeys (ConfUtils.java:logGet(43)) - raft.server.log.appender.buffer.element-limit = 0 (default)
2019-09-26 13:29:28,403 INFO  server.RaftServerConfigKeys (ConfUtils.java:logGet(43)) - raft.server.log.appender.snapshot.chunk.size.max = 16MB (=16777216) (default)
2019-09-26 13:29:28,403 INFO  server.RaftServerConfigKeys (ConfUtils.java:logGet(43)) - raft.server.log.appender.buffer.byte-limit = 4MB (=4194304) (default)
2019-09-26 13:29:28,404 INFO  server.RaftServerConfigKeys (ConfUtils.java:logGet(43)) - raft.server.log.appender.buffer.element-limit = 0 (default)
2019-09-26 13:29:28,406 INFO  impl.RoleInfo (RoleInfo.java:updateAndGet(143)) - s1: start LeaderState
2019-09-26 13:29:28,423 INFO  segmented.SegmentedRaftLogWorker (SegmentedRaftLogWorker.java:startLogSegment(380)) - s1@group-B6F2DE967D4B-SegmentedRaftLogWorker: Starting segment from index:0
2019-09-26 13:29:28,431 INFO  impl.RaftServerImpl (ServerState.java:setRaftConf(355)) - s1@group-B6F2DE967D4B: set configuration 0: [s0:0.0.0.0:35127, s1:0.0.0.0:38626, s2:0.0.0.0:43773], old=null at 0
2019-09-26 13:29:28,455 INFO  impl.RaftServerImpl (ServerState.java:setLeader(254)) - s0@group-B6F2DE967D4B: change Leader from null to s1 at term 2 for appendEntries, leader elected after 1270ms
2019-09-26 13:29:28,455 INFO  impl.RaftServerImpl (ServerState.java:setLeader(254)) - s2@group-B6F2DE967D4B: change Leader from null to s1 at term 2 for appendEntries, leader elected after 1270ms
2019-09-26 13:29:28,472 INFO  impl.RaftServerImpl (ServerState.java:setRaftConf(355)) - s2@group-B6F2DE967D4B: set configuration 0: [s0:0.0.0.0:35127, s1:0.0.0.0:38626, s2:0.0.0.0:43773], old=null at 0
2019-09-26 13:29:28,472 INFO  impl.RaftServerImpl (ServerState.java:setRaftConf(355)) - s0@group-B6F2DE967D4B: set configuration 0: [s0:0.0.0.0:35127, s1:0.0.0.0:38626, s2:0.0.0.0:43773], old=null at 0
2019-09-26 13:29:28,473 INFO  segmented.SegmentedRaftLogWorker (SegmentedRaftLogWorker.java:startLogSegment(380)) - s2@group-B6F2DE967D4B-SegmentedRaftLogWorker: Starting segment from index:0
2019-09-26 13:29:28,473 INFO  segmented.SegmentedRaftLogWorker (SegmentedRaftLogWorker.java:startLogSegment(380)) - s0@group-B6F2DE967D4B-SegmentedRaftLogWorker: Starting segment from index:0
2019-09-26 13:29:28,571 INFO  ratis.RaftTestUtil (RaftTestUtil.java:waitForLeader(101)) - printing ALL groups
  s0:  RUNNING  FOLLOWER s0@group-B6F2DE967D4B:t2, leader=s1, voted=s1, raftlog=s0@group-B6F2DE967D4B-SegmentedRaftLog:OPENED:c-1,f-1,i0, conf=0: [s0:0.0.0.0:35127, s1:0.0.0.0:38626, s2:0.0.0.0:43773], old=null RUNNING
  s1:  RUNNING    LEADER s1@group-B6F2DE967D4B:t2, leader=s1, voted=s1, raftlog=s1@group-B6F2DE967D4B-SegmentedRaftLog:OPENED:c-1,f-1,i0, conf=0: [s0:0.0.0.0:35127, s1:0.0.0.0:38626, s2:0.0.0.0:43773], old=null RUNNING
  s2:  RUNNING  FOLLOWER s2@group-B6F2DE967D4B:t2, leader=s1, voted=s1, raftlog=s2@group-B6F2DE967D4B-SegmentedRaftLog:OPENED:c-1,f-1,i0, conf=0: [s0:0.0.0.0:35127, s1:0.0.0.0:38626, s2:0.0.0.0:43773], old=null RUNNING
2019-09-26 13:29:28,573 INFO  filestore.FileStoreBaseTest (FileStoreBaseTest.java:testSingleFile(87)) - runTestSingleFile with path=foo, fileLength=10M (=10485760)
2019-09-26 13:29:28,605 INFO  logging.LoggingHandler (AbstractInternalLogger.java:log(150)) - [id: 0x51301cc5, L:0.0.0.0/0.0.0.0:35127] READ: [id: 0xd020e3c8, L:/192.168.164.227:35127 - R:/192.168.164.227:48096]
2019-09-26 13:29:28,605 INFO  logging.LoggingHandler (AbstractInternalLogger.java:log(150)) - [id: 0x51301cc5, L:0.0.0.0/0.0.0.0:35127] READ COMPLETE
2019-09-26 13:29:28,640 INFO  logging.LoggingHandler (AbstractInternalLogger.java:log(150)) - [id: 0x20c56452, L:/0.0.0.0:38626] READ: [id: 0x1f0f4209, L:/192.168.164.227:38626 - R:/192.168.164.227:57470]
2019-09-26 13:29:28,641 INFO  logging.LoggingHandler (AbstractInternalLogger.java:log(150)) - [id: 0x20c56452, L:/0.0.0.0:38626] READ COMPLETE
2019-09-26 13:29:28,757 INFO  segmented.SegmentedRaftLogWorker (SegmentedRaftLogWorker.java:execute(569)) - s2@group-B6F2DE967D4B-SegmentedRaftLogWorker: created new log segment /workdir/ratis-examples/target/test/data/7b8a2dfb/MiniRaftClusterWithNetty32f9496c/s2/a4bc31f7-d7e7-4f33-b9e7-b6f2de967d4b/current/log_inprogress_0
2019-09-26 13:29:28,757 INFO  segmented.SegmentedRaftLogWorker (SegmentedRaftLogWorker.java:execute(569)) - s0@group-B6F2DE967D4B-SegmentedRaftLogWorker: created new log segment /workdir/ratis-examples/target/test/data/7b8a2dfb/MiniRaftClusterWithNetty32f9496c/s0/a4bc31f7-d7e7-4f33-b9e7-b6f2de967d4b/current/log_inprogress_0
2019-09-26 13:29:28,757 INFO  segmented.SegmentedRaftLogWorker (SegmentedRaftLogWorker.java:execute(569)) - s1@group-B6F2DE967D4B-SegmentedRaftLogWorker: created new log segment /workdir/ratis-examples/target/test/data/7b8a2dfb/MiniRaftClusterWithNetty32f9496c/s1/a4bc31f7-d7e7-4f33-b9e7-b6f2de967d4b/current/log_inprogress_0
2019-09-26 13:29:28,827 TRACE util.FileUtils (LogUtils.java:supplyAndLog(82)) - Successfully supplied Files.newOutputStream CREATE_NEW /workdir/ratis-examples/target/test/data/7b8a2dfb/TestFileStoreWithNetty/filestore/s1/foo: java.nio.channels.Channels$1@21cef8bc
2019-09-26 13:29:28,831 TRACE util.FileUtils (LogUtils.java:supplyAndLog(82)) - Successfully supplied Files.newOutputStream CREATE_NEW /workdir/ratis-examples/target/test/data/7b8a2dfb/TestFileStoreWithNetty/filestore/s2/foo: java.nio.channels.Channels$1@4c8d0184
2019-09-26 13:29:28,831 TRACE util.FileUtils (LogUtils.java:supplyAndLog(82)) - Successfully supplied Files.newOutputStream CREATE_NEW /workdir/ratis-examples/target/test/data/7b8a2dfb/TestFileStoreWithNetty/filestore/s0/foo: java.nio.channels.Channels$1@eb0e7f5
2019-09-26 13:29:37,652 INFO  ratis.MiniRaftCluster (MiniRaftCluster.java:lambda$null$5(297)) - TIMED-PRINT: printing ALL groups
  s0:  RUNNING  FOLLOWER s0@group-B6F2DE967D4B:t2, leader=s1, voted=s1, raftlog=s0@group-B6F2DE967D4B-SegmentedRaftLog:OPENED:c1659,f1660,i1661, conf=0: [s0:0.0.0.0:35127, s1:0.0.0.0:38626, s2:0.0.0.0:43773], old=null RUNNING
  s1:  RUNNING    LEADER s1@group-B6F2DE967D4B:t2, leader=s1, voted=s1, raftlog=s1@group-B6F2DE967D4B-SegmentedRaftLog:OPENED:c1660,f1660,i1661, conf=0: [s0:0.0.0.0:35127, s1:0.0.0.0:38626, s2:0.0.0.0:43773], old=null RUNNING
  s2:  RUNNING  FOLLOWER s2@group-B6F2DE967D4B:t2, leader=s1, voted=s1, raftlog=s2@group-B6F2DE967D4B-SegmentedRaftLog:OPENED:c1659,f1660,i1661, conf=0: [s0:0.0.0.0:35127, s1:0.0.0.0:38626, s2:0.0.0.0:43773], old=null RUNNING
2019-09-26 13:29:47,651 INFO  ratis.MiniRaftCluster (MiniRaftCluster.java:lambda$null$5(297)) - TIMED-PRINT: printing ALL groups
  s0:  RUNNING  FOLLOWER s0@group-B6F2DE967D4B:t2, leader=s1, voted=s1, raftlog=s0@group-B6F2DE967D4B-SegmentedRaftLog:OPENED:c3335,f3336,i3337, conf=0: [s0:0.0.0.0:35127, s1:0.0.0.0:38626, s2:0.0.0.0:43773], old=null RUNNING
  s1:  RUNNING    LEADER s1@group-B6F2DE967D4B:t2, leader=s1, voted=s1, raftlog=s1@group-B6F2DE967D4B-SegmentedRaftLog:OPENED:c3336,f3336,i3337, conf=0: [s0:0.0.0.0:35127, s1:0.0.0.0:38626, s2:0.0.0.0:43773], old=null RUNNING
  s2:  RUNNING  FOLLOWER s2@group-B6F2DE967D4B:t2, leader=s1, voted=s1, raftlog=s2@group-B6F2DE967D4B-SegmentedRaftLog:OPENED:c3334,f3335,i3337, conf=0: [s0:0.0.0.0:35127, s1:0.0.0.0:38626, s2:0.0.0.0:43773], old=null RUNNING
2019-09-26 13:29:57,653 INFO  ratis.MiniRaftCluster (MiniRaftCluster.java:lambda$null$5(297)) - TIMED-PRINT: printing ALL groups
  s0:  RUNNING  FOLLOWER s0@group-B6F2DE967D4B:t2, leader=s1, voted=s1, raftlog=s0@group-B6F2DE967D4B-SegmentedRaftLog:OPENED:c5067,f5069,i5070, conf=0: [s0:0.0.0.0:35127, s1:0.0.0.0:38626, s2:0.0.0.0:43773], old=null RUNNING
  s1:  RUNNING    LEADER s1@group-B6F2DE967D4B:t2, leader=s1, voted=s1, raftlog=s1@group-B6F2DE967D4B-SegmentedRaftLog:OPENED:c5069,f5070,i5071, conf=0: [s0:0.0.0.0:35127, s1:0.0.0.0:38626, s2:0.0.0.0:43773], old=null RUNNING
  s2:  RUNNING  FOLLOWER s2@group-B6F2DE967D4B:t2, leader=s1, voted=s1, raftlog=s2@group-B6F2DE967D4B-SegmentedRaftLog:OPENED:c5067,f5069,i5070, conf=0: [s0:0.0.0.0:35127, s1:0.0.0.0:38626, s2:0.0.0.0:43773], old=null RUNNING
2019-09-26 13:29:58,929 TRACE util.FileUtils (LogUtils.java:runAndLog(61)) - Successfully ran Files.delete /workdir/ratis-examples/target/test/data/7b8a2dfb/TestFileStoreWithNetty/filestore/s1/foo
2019-09-26 13:29:58,936 INFO  filestore.FileStoreBaseTest (FileStoreBaseTest.java:testMultipleFiles(97)) - runTestMultipleFile with pathPrefix=file, numFile=100, fileLength=1M (=1048576)
2019-09-26 13:29:58,956 INFO  logging.LoggingHandler (AbstractInternalLogger.java:log(150)) - [id: 0x51301cc5, L:0.0.0.0/0.0.0.0:35127] READ: [id: 0x2bc1c599, L:/192.168.164.227:35127 - R:/192.168.164.227:48222]
2019-09-26 13:29:58,958 INFO  logging.LoggingHandler (AbstractInternalLogger.java:log(150)) - [id: 0x51301cc5, L:0.0.0.0/0.0.0.0:35127] READ COMPLETE
2019-09-26 13:29:58,970 INFO  logging.LoggingHandler (AbstractInternalLogger.java:log(150)) - [id: 0x51301cc5, L:0.0.0.0/0.0.0.0:35127] READ: [id: 0x45ac3f85, L:/192.168.164.227:35127 - R:/192.168.164.227:48224]
2019-09-26 13:29:58,975 INFO  logging.LoggingHandler (AbstractInternalLogger.java:log(150)) - [id: 0x51301cc5, L:0.0.0.0/0.0.0.0:35127] READ COMPLETE
2019-09-26 13:29:58,978 INFO  logging.LoggingHandler (AbstractInternalLogger.java:log(150)) - [id: 0x51301cc5, L:0.0.0.0/0.0.0.0:35127] READ: [id: 0x7ebfcfca, L:/192.168.164.227:35127 - R:/192.168.164.227:48226]
2019-09-26 13:29:58,978 INFO  logging.LoggingHandler (AbstractInternalLogger.java:log(150)) - [id: 0x51301cc5, L:0.0.0.0/0.0.0.0:35127] READ COMPLETE
2019-09-26 13:29:58,979 INFO  logging.LoggingHandler (AbstractInternalLogger.java:log(150)) - [id: 0x51301cc5, L:0.0.0.0/0.0.0.0:35127] READ: [id: 0x8a11e561, L:/192.168.164.227:35127 - R:/192.168.164.227:48228]
2019-09-26 13:29:58,979 INFO  logging.LoggingHandler (AbstractInternalLogger.java:log(150)) - [id: 0x51301cc5, L:0.0.0.0/0.0.0.0:35127] READ COMPLETE
2019-09-26 13:29:58,979 INFO  logging.LoggingHandler (AbstractInternalLogger.java:log(150)) - [id: 0x51301cc5, L:0.0.0.0/0.0.0.0:35127] READ: [id: 0x1aeaa900, L:/192.168.164.227:35127 - R:/192.168.164.227:48230]
2019-09-26 13:29:58,980 INFO  logging.LoggingHandler (AbstractInternalLogger.java:log(150)) - [id: 0x51301cc5, L:0.0.0.0/0.0.0.0:35127] READ COMPLETE
2019-09-26 13:29:58,980 INFO  logging.LoggingHandler (AbstractInternalLogger.java:log(150)) - [id: 0x51301cc5, L:0.0.0.0/0.0.0.0:35127] READ: [id: 0x71982620, L:/192.168.164.227:35127 - R:/192.168.164.227:48232]
2019-09-26 13:29:58,981 INFO  logging.LoggingHandler (AbstractInternalLogger.java:log(150)) - [id: 0x51301cc5, L:0.0.0.0/0.0.0.0:35127] READ COMPLETE
2019-09-26 13:29:58,982 INFO  logging.LoggingHandler (AbstractInternalLogger.java:log(150)) - [id: 0x51301cc5, L:0.0.0.0/0.0.0.0:35127] READ: [id: 0xf1f1337f, L:/192.168.164.227:35127 - R:/192.168.164.227:48234]
2019-09-26 13:29:58,983 INFO  logging.LoggingHandler (AbstractInternalLogger.java:log(150)) - [id: 0x51301cc5, L:0.0.0.0/0.0.0.0:35127] READ COMPLETE
2019-09-26 13:29:58,984 INFO  logging.LoggingHandler (AbstractInternalLogger.java:log(150)) - [id: 0x51301cc5, L:0.0.0.0/0.0.0.0:35127] READ: [id: 0x67c0c6af, L:/192.168.164.227:35127 - R:/192.168.164.227:48238]
2019-09-26 13:29:58,984 INFO  logging.LoggingHandler (AbstractInternalLogger.java:log(150)) - [id: 0x51301cc5, L:0.0.0.0/0.0.0.0:35127] READ COMPLETE
2019-09-26 13:29:58,985 INFO  logging.LoggingHandler (AbstractInternalLogger.java:log(150)) - [id: 0x51301cc5, L:0.0.0.0/0.0.0.0:35127] READ: [id: 0xc199206d, L:/192.168.164.227:35127 - R:/192.168.164.227:48236]
2019-09-26 13:29:58,986 INFO  logging.LoggingHandler (AbstractInternalLogger.java:log(150)) - [id: 0x51301cc5, L:0.0.0.0/0.0.0.0:35127] READ COMPLETE
2019-09-26 13:29:58,987 INFO  logging.LoggingHandler (AbstractInternalLogger.java:log(150)) - [id: 0x51301cc5, L:0.0.0.0/0.0.0.0:35127] READ: [id: 0x956565e6, L:/192.168.164.227:35127 - R:/192.168.164.227:48240]
2019-09-26 13:29:58,987 INFO  logging.LoggingHandler (AbstractInternalLogger.java:log(150)) - [id: 0x20c56452, L:/0.0.0.0:38626] READ: [id: 0x9b5032f0, L:/192.168.164.227:38626 - R:/192.168.164.227:57632]
2019-09-26 13:29:58,987 INFO  logging.LoggingHandler (AbstractInternalLogger.java:log(150)) - [id: 0x51301cc5, L:0.0.0.0/0.0.0.0:35127] READ COMPLETE
2019-09-26 13:29:58,988 INFO  logging.LoggingHandler (AbstractInternalLogger.java:log(150)) - [id: 0x20c56452, L:/0.0.0.0:38626] READ COMPLETE
2019-09-26 13:29:58,989 INFO  logging.LoggingHandler (AbstractInternalLogger.java:log(150)) - [id: 0x51301cc5, L:0.0.0.0/0.0.0.0:35127] READ: [id: 0x0e30c1b9, L:/192.168.164.227:35127 - R:/192.168.164.227:48242]
2019-09-26 13:29:58,989 INFO  logging.LoggingHandler (AbstractInternalLogger.java:log(150)) - [id: 0x51301cc5, L:0.0.0.0/0.0.0.0:35127] READ COMPLETE
2019-09-26 13:29:58,990 INFO  logging.LoggingHandler (AbstractInternalLogger.java:log(150)) - [id: 0x20c56452, L:/0.0.0.0:38626] READ: [id: 0x4b6811a7, L:/192.168.164.227:38626 - R:/192.168.164.227:57634]
2019-09-26 13:29:58,990 INFO  logging.LoggingHandler (AbstractInternalLogger.java:log(150)) - [id: 0x51301cc5, L:0.0.0.0/0.0.0.0:35127] READ: [id: 0x6f18b312, L:/192.168.164.227:35127 - R:/192.168.164.227:48244]
2019-09-26 13:29:58,990 INFO  logging.LoggingHandler (AbstractInternalLogger.java:log(150)) - [id: 0x20c56452, L:/0.0.0.0:38626] READ COMPLETE
2019-09-26 13:29:58,992 INFO  logging.LoggingHandler (AbstractInternalLogger.java:log(150)) - [id: 0x51301cc5, L:0.0.0.0/0.0.0.0:35127] READ COMPLETE
2019-09-26 13:29:58,992 INFO  logging.LoggingHandler (AbstractInternalLogger.java:log(150)) - [id: 0x20c56452, L:/0.0.0.0:38626] READ: [id: 0x2b068d75, L:/192.168.164.227:38626 - R:/192.168.164.227:57636]
2019-09-26 13:29:58,993 INFO  logging.LoggingHandler (AbstractInternalLogger.java:log(150)) - [id: 0x51301cc5, L:0.0.0.0/0.0.0.0:35127] READ: [id: 0x99179401, L:/192.168.164.227:35127 - R:/192.168.164.227:48246]
2019-09-26 13:29:58,993 INFO  logging.LoggingHandler (AbstractInternalLogger.java:log(150)) - [id: 0x20c56452, L:/0.0.0.0:38626] READ COMPLETE
2019-09-26 13:29:58,993 INFO  logging.LoggingHandler (AbstractInternalLogger.java:log(150)) - [id: 0x51301cc5, L:0.0.0.0/0.0.0.0:35127] READ COMPLETE
2019-09-26 13:29:58,995 INFO  logging.LoggingHandler (AbstractInternalLogger.java:log(150)) - [id: 0x20c56452, L:/0.0.0.0:38626] READ: [id: 0x60f78568, L:/192.168.164.227:38626 - R:/192.168.164.227:57638]
2019-09-26 13:29:58,996 INFO  logging.LoggingHandler (AbstractInternalLogger.java:log(150)) - [id: 0x51301cc5, L:0.0.0.0/0.0.0.0:35127] READ: [id: 0xfc024bf1, L:/192.168.164.227:35127 - R:/192.168.164.227:48248]
2019-09-26 13:29:58,997 INFO  logging.LoggingHandler (AbstractInternalLogger.java:log(150)) - [id: 0x20c56452, L:/0.0.0.0:38626] READ COMPLETE
2019-09-26 13:29:58,998 INFO  logging.LoggingHandler (AbstractInternalLogger.java:log(150)) - [id: 0x51301cc5, L:0.0.0.0/0.0.0.0:35127] READ COMPLETE
2019-09-26 13:29:58,999 INFO  logging.LoggingHandler (AbstractInternalLogger.java:log(150)) - [id: 0x20c56452, L:/0.0.0.0:38626] READ: [id: 0xa83835c7, L:/192.168.164.227:38626 - R:/192.168.164.227:57640]
2019-09-26 13:29:59,000 INFO  logging.LoggingHandler (AbstractInternalLogger.java:log(150)) - [id: 0x51301cc5, L:0.0.0.0/0.0.0.0:35127] READ: [id: 0xde36b4e5, L:/192.168.164.227:35127 - R:/192.168.164.227:48250]
2019-09-26 13:29:59,000 INFO  logging.LoggingHandler (AbstractInternalLogger.java:log(150)) - [id: 0x20c56452, L:/0.0.0.0:38626] READ COMPLETE
2019-09-26 13:29:59,000 INFO  logging.LoggingHandler (AbstractInternalLogger.java:log(150)) - [id: 0x51301cc5, L:0.0.0.0/0.0.0.0:35127] READ COMPLETE
2019-09-26 13:29:59,001 INFO  logging.LoggingHandler (AbstractInternalLogger.java:log(150)) - [id: 0x20c56452, L:/0.0.0.0:38626] READ: [id: 0x703f5fb2, L:/192.168.164.227:38626 - R:/192.168.164.227:57642]
2019-09-26 13:29:59,001 INFO  logging.LoggingHandler (AbstractInternalLogger.java:log(150)) - [id: 0x51301cc5, L:0.0.0.0/0.0.0.0:35127] READ: [id: 0x6b080be4, L:/192.168.164.227:35127 - R:/192.168.164.227:48252]
2019-09-26 13:29:59,002 INFO  logging.LoggingHandler (AbstractInternalLogger.java:log(150)) - [id: 0x20c56452, L:/0.0.0.0:38626] READ COMPLETE
2019-09-26 13:29:59,002 INFO  logging.LoggingHandler (AbstractInternalLogger.java:log(150)) - [id: 0x51301cc5, L:0.0.0.0/0.0.0.0:35127] READ COMPLETE
2019-09-26 13:29:59,002 TRACE util.FileUtils (LogUtils.java:supplyAndLog(82)) - Successfully supplied Files.newOutputStream CREATE_NEW /workdir/ratis-examples/target/test/data/7b8a2dfb/TestFileStoreWithNetty/filestore/s1/file13: java.nio.channels.Channels$1@53d7dd32
2019-09-26 13:29:59,002 TRACE util.FileUtils (LogUtils.java:supplyAndLog(82)) - Successfully supplied Files.newOutputStream CREATE_NEW /workdir/ratis-examples/target/test/data/7b8a2dfb/TestFileStoreWithNetty/filestore/s1/file05: java.nio.channels.Channels$1@1c1d65f6
2019-09-26 13:29:59,002 TRACE util.FileUtils (LogUtils.java:supplyAndLog(82)) - Successfully supplied Files.newOutputStream CREATE_NEW /workdir/ratis-examples/target/test/data/7b8a2dfb/TestFileStoreWithNetty/filestore/s1/file01: java.nio.channels.Channels$1@10e4346c
2019-09-26 13:29:59,004 TRACE util.FileUtils (LogUtils.java:supplyAndLog(82)) - Successfully supplied Files.newOutputStream CREATE_NEW /workdir/ratis-examples/target/test/data/7b8a2dfb/TestFileStoreWithNetty/filestore/s2/file05: java.nio.channels.Channels$1@78dc2cce
2019-09-26 13:29:59,004 TRACE util.FileUtils (LogUtils.java:supplyAndLog(82)) - Successfully supplied Files.newOutputStream CREATE_NEW /workdir/ratis-examples/target/test/data/7b8a2dfb/TestFileStoreWithNetty/filestore/s2/file13: java.nio.channels.Channels$1@424ae665
2019-09-26 13:29:59,005 TRACE util.FileUtils (LogUtils.java:supplyAndLog(82)) - Successfully supplied Files.newOutputStream CREATE_NEW /workdir/ratis-examples/target/test/data/7b8a2dfb/TestFileStoreWithNetty/filestore/s0/file13: java.nio.channels.Channels$1@771853
2019-09-26 13:29:59,003 INFO  logging.LoggingHandler (AbstractInternalLogger.java:log(150)) - [id: 0x51301cc5, L:0.0.0.0/0.0.0.0:35127] READ: [id: 0xe4d89af9, L:/192.168.164.227:35127 - R:/192.168.164.227:48254]
2019-09-26 13:29:59,002 INFO  logging.LoggingHandler (AbstractInternalLogger.java:log(150)) - [id: 0x20c56452, L:/0.0.0.0:38626] READ: [id: 0x044efde9, L:/192.168.164.227:38626 - R:/192.168.164.227:57644]
2019-09-26 13:29:59,007 INFO  logging.LoggingHandler (AbstractInternalLogger.java:log(150)) - [id: 0x51301cc5, L:0.0.0.0/0.0.0.0:35127] READ COMPLETE
2019-09-26 13:29:59,006 TRACE util.FileUtils (LogUtils.java:supplyAndLog(82)) - Successfully supplied Files.newOutputStream CREATE_NEW /workdir/ratis-examples/target/test/data/7b8a2dfb/TestFileStoreWithNetty/filestore/s0/file01: java.nio.channels.Channels$1@5241a5cc
2019-09-26 13:29:59,006 TRACE util.FileUtils (LogUtils.java:supplyAndLog(82)) - Successfully supplied Files.newOutputStream CREATE_NEW /workdir/ratis-examples/target/test/data/7b8a2dfb/TestFileStoreWithNetty/filestore/s0/file05: java.nio.channels.Channels$1@11e88d6f
2019-09-26 13:29:59,005 TRACE util.FileUtils (LogUtils.java:supplyAndLog(82)) - Successfully supplied Files.newOutputStream CREATE_NEW /workdir/ratis-examples/target/test/data/7b8a2dfb/TestFileStoreWithNetty/filestore/s2/file01: java.nio.channels.Channels$1@6cdfcb1f
2019-09-26 13:29:59,009 INFO  logging.LoggingHandler (AbstractInternalLogger.java:log(150)) - [id: 0x51301cc5, L:0.0.0.0/0.0.0.0:35127] READ: [id: 0xaa9c5a79, L:/192.168.164.227:35127 - R:/192.168.164.227:48256]
2019-09-26 13:29:59,008 TRACE util.FileUtils (LogUtils.java:supplyAndLog(82)) - Successfully supplied Files.newOutputStream CREATE_NEW /workdir/ratis-examples/target/test/data/7b8a2dfb/TestFileStoreWithNetty/filestore/s1/file08: java.nio.channels.Channels$1@1199c7ba
2019-09-26 13:29:59,008 INFO  logging.LoggingHandler (AbstractInternalLogger.java:log(150)) - [id: 0x20c56452, L:/0.0.0.0:38626] READ COMPLETE
2019-09-26 13:29:59,011 INFO  logging.LoggingHandler (AbstractInternalLogger.java:log(150)) - [id: 0x51301cc5, L:0.0.0.0/0.0.0.0:35127] READ COMPLETE
2019-09-26 13:29:59,012 INFO  logging.LoggingHandler (AbstractInternalLogger.java:log(150)) - [id: 0x20c56452, L:/0.0.0.0:38626] READ: [id: 0x2ba0bec6, L:/192.168.164.227:38626 - R:/192.168.164.227:57646]
2019-09-26 13:29:59,012 INFO  logging.LoggingHandler (AbstractInternalLogger.java:log(150)) - [id: 0x51301cc5, L:0.0.0.0/0.0.0.0:35127] READ: [id: 0xdfe54205, L:/192.168.164.227:35127 - R:/192.168.164.227:48258]
2019-09-26 13:29:59,012 INFO  logging.LoggingHandler (AbstractInternalLogger.java:log(150)) - [id: 0x20c56452, L:/0.0.0.0:38626] READ COMPLETE
2019-09-26 13:29:59,012 INFO  logging.LoggingHandler (AbstractInternalLogger.java:log(150)) - [id: 0x51301cc5, L:0.0.0.0/0.0.0.0:35127] READ COMPLETE
2019-09-26 13:29:59,013 INFO  logging.LoggingHandler (AbstractInternalLogger.java:log(150)) - [id: 0x20c56452, L:/0.0.0.0:38626] READ: [id: 0xdeb4a84e, L:/192.168.164.227:38626 - R:/192.168.164.227:57648]
2019-09-26 13:29:59,013 INFO  logging.LoggingHandler (AbstractInternalLogger.java:log(150)) - [id: 0x51301cc5, L:0.0.0.0/0.0.0.0:35127] READ: [id: 0x1df8f323, L:/192.168.164.227:35127 - R:/192.168.164.227:48260]
2019-09-26 13:29:59,014 INFO  logging.LoggingHandler (AbstractInternalLogger.java:log(150)) - [id: 0x20c56452, L:/0.0.0.0:38626] READ COMPLETE
2019-09-26 13:29:59,014 INFO  logging.LoggingHandler (AbstractInternalLogger.java:log(150)) - [id: 0x51301cc5, L:0.0.0.0/0.0.0.0:35127] READ COMPLETE
2019-09-26 13:29:59,014 INFO  logging.LoggingHandler (AbstractInternalLogger.java:log(150)) - [id: 0x20c56452, L:/0.0.0.0:38626] READ: [id: 0x2d7d18e0, L:/192.168.164.227:38626 - R:/192.168.164.227:57650]
2019-09-26 13:29:59,015 INFO  logging.LoggingHandler (AbstractInternalLogger.java:log(150)) - [id: 0x20c56452, L:/0.0.0.0:38626] READ COMPLETE
2019-09-26 13:29:59,015 INFO  logging.LoggingHandler (AbstractInternalLogger.java:log(150)) - [id: 0x20c56452, L:/0.0.0.0:38626] READ: [id: 0x327f4952, L:/192.168.164.227:38626 - R:/192.168.164.227:57652]
2019-09-26 13:29:59,016 INFO  logging.LoggingHandler (AbstractInternalLogger.java:log(150)) - [id: 0x20c56452, L:/0.0.0.0:38626] READ COMPLETE
2019-09-26 13:29:59,016 INFO  logging.LoggingHandler (AbstractInternalLogger.java:log(150)) - [id: 0x20c56452, L:/0.0.0.0:38626] READ: [id: 0x3a117829, L:/192.168.164.227:38626 - R:/192.168.164.227:57654]
2019-09-26 13:29:59,016 INFO  logging.LoggingHandler (AbstractInternalLogger.java:log(150)) - [id: 0x20c56452, L:/0.0.0.0:38626] READ COMPLETE
2019-09-26 13:29:59,017 INFO  logging.LoggingHandler (AbstractInternalLogger.java:log(150)) - [id: 0x20c56452, L:/0.0.0.0:38626] READ: [id: 0x6d0f9783, L:/192.168.164.227:38626 - R:/192.168.164.227:57656]
2019-09-26 13:29:59,017 INFO  logging.LoggingHandler (AbstractInternalLogger.java:log(150)) - [id: 0x20c56452, L:/0.0.0.0:38626] READ COMPLETE
2019-09-26 13:29:59,017 INFO  logging.LoggingHandler (AbstractInternalLogger.java:log(150)) - [id: 0x20c56452, L:/0.0.0.0:38626] READ: [id: 0x55d03a39, L:/192.168.164.227:38626 - R:/192.168.164.227:57658]
2019-09-26 13:29:59,017 INFO  logging.LoggingHandler (AbstractInternalLogger.java:log(150)) - [id: 0x20c56452, L:/0.0.0.0:38626] READ COMPLETE
2019-09-26 13:29:59,018 INFO  logging.LoggingHandler (AbstractInternalLogger.java:log(150)) - [id: 0x20c56452, L:/0.0.0.0:38626] READ: [id: 0xe22a2e4f, L:/192.168.164.227:38626 - R:/192.168.164.227:57660]
2019-09-26 13:29:59,018 INFO  logging.LoggingHandler (AbstractInternalLogger.java:log(150)) - [id: 0x20c56452, L:/0.0.0.0:38626] READ COMPLETE
2019-09-26 13:29:59,018 INFO  logging.LoggingHandler (AbstractInternalLogger.java:log(150)) - [id: 0x20c56452, L:/0.0.0.0:38626] READ: [id: 0x1fc574da, L:/192.168.164.227:38626 - R:/192.168.164.227:57662]
2019-09-26 13:29:59,019 INFO  logging.LoggingHandler (AbstractInternalLogger.java:log(150)) - [id: 0x20c56452, L:/0.0.0.0:38626] READ COMPLETE
2019-09-26 13:29:59,019 INFO  logging.LoggingHandler (AbstractInternalLogger.java:log(150)) - [id: 0x20c56452, L:/0.0.0.0:38626] READ: [id: 0xe654a8b1, L:/192.168.164.227:38626 - R:/192.168.164.227:57664]
2019-09-26 13:29:59,019 INFO  logging.LoggingHandler (AbstractInternalLogger.java:log(150)) - [id: 0x20c56452, L:/0.0.0.0:38626] READ COMPLETE
2019-09-26 13:29:59,020 INFO  logging.LoggingHandler (AbstractInternalLogger.java:log(150)) - [id: 0x20c56452, L:/0.0.0.0:38626] READ: [id: 0x2ef9883d, L:/192.168.164.227:38626 - R:/192.168.164.227:57666]
2019-09-26 13:29:59,020 INFO  logging.LoggingHandler (AbstractInternalLogger.java:log(150)) - [id: 0x20c56452, L:/0.0.0.0:38626] READ COMPLETE
2019-09-26 13:29:59,020 INFO  logging.LoggingHandler (AbstractInternalLogger.java:log(150)) - [id: 0x20c56452, L:/0.0.0.0:38626] READ: [id: 0x6e5b3385, L:/192.168.164.227:38626 - R:/192.168.164.227:57668]
2019-09-26 13:29:59,020 INFO  logging.LoggingHandler (AbstractInternalLogger.java:log(150)) - [id: 0x20c56452, L:/0.0.0.0:38626] READ COMPLETE
2019-09-26 13:29:59,094 TRACE util.FileUtils (LogUtils.java:runAndLog(61)) - Successfully ran Files.delete /workdir/ratis-examples/target/test/data/7b8a2dfb/TestFileStoreWithNetty/filestore/s2/foo
2019-09-26 13:29:59,129 TRACE util.FileUtils (LogUtils.java:runAndLog(61)) - Successfully ran Files.delete /workdir/ratis-examples/target/test/data/7b8a2dfb/TestFileStoreWithNetty/filestore/s0/foo
2019-09-26 13:29:59,149 TRACE util.FileUtils (LogUtils.java:supplyAndLog(82)) - Successfully supplied Files.newOutputStream CREATE_NEW /workdir/ratis-examples/target/test/data/7b8a2dfb/TestFileStoreWithNetty/filestore/s2/file08: java.nio.channels.Channels$1@4f1d9200
2019-09-26 13:29:59,149 TRACE util.FileUtils (LogUtils.java:supplyAndLog(82)) - Successfully supplied Files.newOutputStream CREATE_NEW /workdir/ratis-examples/target/test/data/7b8a2dfb/TestFileStoreWithNetty/filestore/s0/file08: java.nio.channels.Channels$1@c29332
2019-09-26 13:29:59,151 TRACE util.FileUtils (LogUtils.java:supplyAndLog(82)) - Successfully supplied Files.newOutputStream CREATE_NEW /workdir/ratis-examples/target/test/data/7b8a2dfb/TestFileStoreWithNetty/filestore/s1/file03: java.nio.channels.Channels$1@616179be
2019-09-26 13:29:59,152 TRACE util.FileUtils (LogUtils.java:supplyAndLog(82)) - Successfully supplied Files.newOutputStream CREATE_NEW /workdir/ratis-examples/target/test/data/7b8a2dfb/TestFileStoreWithNetty/filestore/s1/file07: java.nio.channels.Channels$1@1de7ba35
2019-09-26 13:29:59,153 TRACE util.FileUtils (LogUtils.java:supplyAndLog(82)) - Successfully supplied Files.newOutputStream CREATE_NEW /workdir/ratis-examples/target/test/data/7b8a2dfb/TestFileStoreWithNetty/filestore/s1/file16: java.nio.channels.Channels$1@c10330
2019-09-26 13:29:59,158 TRACE util.FileUtils (LogUtils.java:supplyAndLog(82)) - Successfully supplied Files.newOutputStream CREATE_NEW /workdir/ratis-examples/target/test/data/7b8a2dfb/TestFileStoreWithNetty/filestore/s2/file07: java.nio.channels.Channels$1@53df1731
2019-09-26 13:29:59,158 TRACE util.FileUtils (LogUtils.java:supplyAndLog(82)) - Successfully supplied Files.newOutputStream CREATE_NEW /workdir/ratis-examples/target/test/data/7b8a2dfb/TestFileStoreWithNetty/filestore/s0/file03: java.nio.channels.Channels$1@633f960f
2019-09-26 13:29:59,158 INFO  logging.LoggingHandler (AbstractInternalLogger.java:log(150)) - [id: 0x20c56452, L:/0.0.0.0:38626] READ: [id: 0xccc2873b, L:/192.168.164.227:38626 - R:/192.168.164.227:57670]
2019-09-26 13:29:59,158 TRACE util.FileUtils (LogUtils.java:supplyAndLog(82)) - Successfully supplied Files.newOutputStream CREATE_NEW /workdir/ratis-examples/target/test/data/7b8a2dfb/TestFileStoreWithNetty/filestore/s2/file03: java.nio.channels.Channels$1@6ec74487
2019-09-26 13:29:59,158 TRACE util.FileUtils (LogUtils.java:supplyAndLog(82)) - Successfully supplied Files.newOutputStream CREATE_NEW /workdir/ratis-examples/target/test/data/7b8a2dfb/TestFileStoreWithNetty/filestore/s2/file16: java.nio.channels.Channels$1@a4766f3
2019-09-26 13:29:59,161 INFO  logging.LoggingHandler (AbstractInternalLogger.java:log(150)) - [id: 0x20c56452, L:/0.0.0.0:38626] READ COMPLETE
2019-09-26 13:29:59,159 TRACE util.FileUtils (LogUtils.java:supplyAndLog(82)) - Successfully supplied Files.newOutputStream CREATE_NEW /workdir/ratis-examples/target/test/data/7b8a2dfb/TestFileStoreWithNetty/filestore/s0/file16: java.nio.channels.Channels$1@44631e4a
2019-09-26 13:29:59,158 TRACE util.FileUtils (LogUtils.java:supplyAndLog(82)) - Successfully supplied Files.newOutputStream CREATE_NEW /workdir/ratis-examples/target/test/data/7b8a2dfb/TestFileStoreWithNetty/filestore/s0/file07: java.nio.channels.Channels$1@516875b1
2019-09-26 13:29:59,169 TRACE util.FileUtils (LogUtils.java:supplyAndLog(82)) - Successfully supplied Files.newOutputStream CREATE_NEW /workdir/ratis-examples/target/test/data/7b8a2dfb/TestFileStoreWithNetty/filestore/s1/file00: java.nio.channels.Channels$1@2947be60
2019-09-26 13:29:59,169 TRACE util.FileUtils (LogUtils.java:supplyAndLog(82)) - Successfully supplied Files.newOutputStream CREATE_NEW /workdir/ratis-examples/target/test/data/7b8a2dfb/TestFileStoreWithNetty/filestore/s1/file02: java.nio.channels.Channels$1@15aa3b2
2019-09-26 13:29:59,169 TRACE util.FileUtils (LogUtils.java:supplyAndLog(82)) - Successfully supplied Files.newOutputStream CREATE_NEW /workdir/ratis-examples/target/test/data/7b8a2dfb/TestFileStoreWithNetty/filestore/s1/file17: java.nio.channels.Channels$1@622d76ff
2019-09-26 13:29:59,180 TRACE util.FileUtils (LogUtils.java:supplyAndLog(82)) - Successfully supplied Files.newOutputStream CREATE_NEW /workdir/ratis-examples/target/test/data/7b8a2dfb/TestFileStoreWithNetty/filestore/s2/file00: java.nio.channels.Channels$1@1d5a41da
2019-09-26 13:29:59,181 TRACE util.FileUtils (LogUtils.java:supplyAndLog(82)) - Successfully supplied Files.newOutputStream CREATE_NEW /workdir/ratis-examples/target/test/data/7b8a2dfb/TestFileStoreWithNetty/filestore/s0/file00: java.nio.channels.Channels$1@393d4a7f
2019-09-26 13:29:59,181 TRACE util.FileUtils (LogUtils.java:supplyAndLog(82)) - Successfully supplied Files.newOutputStream CREATE_NEW /workdir/ratis-examples/target/test/data/7b8a2dfb/TestFileStoreWithNetty/filestore/s2/file17: java.nio.channels.Channels$1@761bcda5
2019-09-26 13:29:59,181 TRACE util.FileUtils (LogUtils.java:supplyAndLog(82)) - Successfully supplied Files.newOutputStream CREATE_NEW /workdir/ratis-examples/target/test/data/7b8a2dfb/TestFileStoreWithNetty/filestore/s0/file17: java.nio.channels.Channels$1@4488c85
2019-09-26 13:29:59,181 TRACE util.FileUtils (LogUtils.java:supplyAndLog(82)) - Successfully supplied Files.newOutputStream CREATE_NEW /workdir/ratis-examples/target/test/data/7b8a2dfb/TestFileStoreWithNetty/filestore/s2/file02: java.nio.channels.Channels$1@43b336ae
2019-09-26 13:29:59,181 TRACE util.FileUtils (LogUtils.java:supplyAndLog(82)) - Successfully supplied Files.newOutputStream CREATE_NEW /workdir/ratis-examples/target/test/data/7b8a2dfb/TestFileStoreWithNetty/filestore/s0/file02: java.nio.channels.Channels$1@42b6dc76
2019-09-26 13:29:59,181 TRACE util.FileUtils (LogUtils.java:supplyAndLog(82)) - Successfully supplied Files.newOutputStream CREATE_NEW /workdir/ratis-examples/target/test/data/7b8a2dfb/TestFileStoreWithNetty/filestore/s1/file04: java.nio.channels.Channels$1@12da8805
2019-09-26 13:29:59,195 TRACE util.FileUtils (LogUtils.java:supplyAndLog(82)) - Successfully supplied Files.newOutputStream CREATE_NEW /workdir/ratis-examples/target/test/data/7b8a2dfb/TestFileStoreWithNetty/filestore/s1/file18: java.nio.channels.Channels$1@1e23c800
2019-09-26 13:29:59,195 TRACE util.FileUtils (LogUtils.java:supplyAndLog(82)) - Successfully supplied Files.newOutputStream CREATE_NEW /workdir/ratis-examples/target/test/data/7b8a2dfb/TestFileStoreWithNetty/filestore/s2/file04: java.nio.channels.Channels$1@46756af4
2019-09-26 13:29:59,196 TRACE util.FileUtils (LogUtils.java:supplyAndLog(82)) - Successfully supplied Files.newOutputStream CREATE_NEW /workdir/ratis-examples/target/test/data/7b8a2dfb/TestFileStoreWithNetty/filestore/s1/file09: java.nio.channels.Channels$1@6fa69be2
2019-09-26 13:29:59,196 TRACE util.FileUtils (LogUtils.java:supplyAndLog(82)) - Successfully supplied Files.newOutputStream CREATE_NEW /workdir/ratis-examples/target/test/data/7b8a2dfb/TestFileStoreWithNetty/filestore/s1/file11: java.nio.channels.Channels$1@1f5e3bf9
2019-09-26 13:29:59,198 TRACE util.FileUtils (LogUtils.java:supplyAndLog(82)) - Successfully supplied Files.newOutputStream CREATE_NEW /workdir/ratis-examples/target/test/data/7b8a2dfb/TestFileStoreWithNetty/filestore/s0/file04: java.nio.channels.Channels$1@5c8641f4
2019-09-26 13:29:59,198 TRACE util.FileUtils (LogUtils.java:supplyAndLog(82)) - Successfully supplied Files.newOutputStream CREATE_NEW /workdir/ratis-examples/target/test/data/7b8a2dfb/TestFileStoreWithNetty/filestore/s0/file18: java.nio.channels.Channels$1@1f2f7122
2019-09-26 13:29:59,210 TRACE util.FileUtils (LogUtils.java:supplyAndLog(82)) - Successfully supplied Files.newOutputStream CREATE_NEW /workdir/ratis-examples/target/test/data/7b8a2dfb/TestFileStoreWithNetty/filestore/s2/file18: java.nio.channels.Channels$1@621838f4
2019-09-26 13:29:59,211 TRACE util.FileUtils (LogUtils.java:supplyAndLog(82)) - Successfully supplied Files.newOutputStream CREATE_NEW /workdir/ratis-examples/target/test/data/7b8a2dfb/TestFileStoreWithNetty/filestore/s1/file06: java.nio.channels.Channels$1@132047f9
2019-09-26 13:29:59,211 TRACE util.FileUtils (LogUtils.java:supplyAndLog(82)) - Successfully supplied Files.newOutputStream CREATE_NEW /workdir/ratis-examples/target/test/data/7b8a2dfb/TestFileStoreWithNetty/filestore/s2/file09: java.nio.channels.Channels$1@5d18e33a
2019-09-26 13:29:59,211 TRACE util.FileUtils (LogUtils.java:supplyAndLog(82)) - Successfully supplied Files.newOutputStream CREATE_NEW /workdir/ratis-examples/target/test/data/7b8a2dfb/TestFileStoreWithNetty/filestore/s2/file11: java.nio.channels.Channels$1@41da6593
2019-09-26 13:29:59,216 TRACE util.FileUtils (LogUtils.java:supplyAndLog(82)) - Successfully supplied Files.newOutputStream CREATE_NEW /workdir/ratis-examples/target/test/data/7b8a2dfb/TestFileStoreWithNetty/filestore/s0/file11: java.nio.channels.Channels$1@e057d5a
2019-09-26 13:29:59,216 TRACE util.FileUtils (LogUtils.java:supplyAndLog(82)) - Successfully supplied Files.newOutputStream CREATE_NEW /workdir/ratis-examples/target/test/data/7b8a2dfb/TestFileStoreWithNetty/filestore/s0/file09: java.nio.channels.Channels$1@6df87418
2019-09-26 13:29:59,217 TRACE util.FileUtils (LogUtils.java:supplyAndLog(82)) - Successfully supplied Files.newOutputStream CREATE_NEW /workdir/ratis-examples/target/test/data/7b8a2dfb/TestFileStoreWithNetty/filestore/s0/file06: java.nio.channels.Channels$1@4aa4f8b6
2019-09-26 13:29:59,225 TRACE util.FileUtils (LogUtils.java:supplyAndLog(82)) - Successfully supplied Files.newOutputStream CREATE_NEW /workdir/ratis-examples/target/test/data/7b8a2dfb/TestFileStoreWithNetty/filestore/s2/file06: java.nio.channels.Channels$1@6000a72f
2019-09-26 13:29:59,227 TRACE util.FileUtils (LogUtils.java:supplyAndLog(82)) - Successfully supplied Files.newOutputStream CREATE_NEW /workdir/ratis-examples/target/test/data/7b8a2dfb/TestFileStoreWithNetty/filestore/s1/file15: java.nio.channels.Channels$1@27805538
2019-09-26 13:29:59,227 TRACE util.FileUtils (LogUtils.java:supplyAndLog(82)) - Successfully supplied Files.newOutputStream CREATE_NEW /workdir/ratis-examples/target/test/data/7b8a2dfb/TestFileStoreWithNetty/filestore/s1/file14: java.nio.channels.Channels$1@4d1151ba
2019-09-26 13:29:59,239 TRACE util.FileUtils (LogUtils.java:supplyAndLog(82)) - Successfully supplied Files.newOutputStream CREATE_NEW /workdir/ratis-examples/target/test/data/7b8a2dfb/TestFileStoreWithNetty/filestore/s0/file14: java.nio.channels.Channels$1@516493c4
2019-09-26 13:29:59,239 TRACE util.FileUtils (LogUtils.java:supplyAndLog(82)) - Successfully supplied Files.newOutputStream CREATE_NEW /workdir/ratis-examples/target/test/data/7b8a2dfb/TestFileStoreWithNetty/filestore/s0/file15: java.nio.channels.Channels$1@37fab328
2019-09-26 13:29:59,239 TRACE util.FileUtils (LogUtils.java:supplyAndLog(82)) - Successfully supplied Files.newOutputStream CREATE_NEW /workdir/ratis-examples/target/test/data/7b8a2dfb/TestFileStoreWithNetty/filestore/s1/file10: java.nio.channels.Channels$1@f9d5de9
2019-09-26 13:29:59,240 TRACE util.FileUtils (LogUtils.java:supplyAndLog(82)) - Successfully supplied Files.newOutputStream CREATE_NEW /workdir/ratis-examples/target/test/data/7b8a2dfb/TestFileStoreWithNetty/filestore/s2/file15: java.nio.channels.Channels$1@139dbc01
2019-09-26 13:29:59,240 TRACE util.FileUtils (LogUtils.java:supplyAndLog(82)) - Successfully supplied Files.newOutputStream CREATE_NEW /workdir/ratis-examples/target/test/data/7b8a2dfb/TestFileStoreWithNetty/filestore/s2/file10: java.nio.channels.Channels$1@722447be
2019-09-26 13:29:59,240 TRACE util.FileUtils (LogUtils.java:supplyAndLog(82)) - Successfully supplied Files.newOutputStream CREATE_NEW /workdir/ratis-examples/target/test/data/7b8a2dfb/TestFileStoreWithNetty/filestore/s2/file14: java.nio.channels.Channels$1@79bcc257
2019-09-26 13:29:59,256 TRACE util.FileUtils (LogUtils.java:supplyAndLog(82)) - Successfully supplied Files.newOutputStream CREATE_NEW /workdir/ratis-examples/target/test/data/7b8a2dfb/TestFileStoreWithNetty/filestore/s0/file10: java.nio.channels.Channels$1@414a1268
2019-09-26 13:29:59,259 TRACE util.FileUtils (LogUtils.java:supplyAndLog(82)) - Successfully supplied Files.newOutputStream CREATE_NEW /workdir/ratis-examples/target/test/data/7b8a2dfb/TestFileStoreWithNetty/filestore/s1/file12: java.nio.channels.Channels$1@6b9912ce
2019-09-26 13:29:59,272 TRACE util.FileUtils (LogUtils.java:supplyAndLog(82)) - Successfully supplied Files.newOutputStream CREATE_NEW /workdir/ratis-examples/target/test/data/7b8a2dfb/TestFileStoreWithNetty/filestore/s2/file12: java.nio.channels.Channels$1@59277c41
2019-09-26 13:29:59,272 TRACE util.FileUtils (LogUtils.java:supplyAndLog(82)) - Successfully supplied Files.newOutputStream CREATE_NEW /workdir/ratis-examples/target/test/data/7b8a2dfb/TestFileStoreWithNetty/filestore/s0/file12: java.nio.channels.Channels$1@a3af842
2019-09-26 13:29:59,307 TRACE util.FileUtils (LogUtils.java:supplyAndLog(82)) - Successfully supplied Files.newOutputStream CREATE_NEW /workdir/ratis-examples/target/test/data/7b8a2dfb/TestFileStoreWithNetty/filestore/s1/file19: java.nio.channels.Channels$1@1a1c5f1c
2019-09-26 13:29:59,308 TRACE util.FileUtils (LogUtils.java:supplyAndLog(82)) - Successfully supplied Files.newOutputStream CREATE_NEW /workdir/ratis-examples/target/test/data/7b8a2dfb/TestFileStoreWithNetty/filestore/s0/file19: java.nio.channels.Channels$1@1b10e61f
2019-09-26 13:29:59,319 TRACE util.FileUtils (LogUtils.java:supplyAndLog(82)) - Successfully supplied Files.newOutputStream CREATE_NEW /workdir/ratis-examples/target/test/data/7b8a2dfb/TestFileStoreWithNetty/filestore/s2/file19: java.nio.channels.Channels$1@6627a06f
2019-09-26 13:30:07,651 INFO  ratis.MiniRaftCluster (MiniRaftCluster.java:lambda$null$5(297)) - TIMED-PRINT: printing ALL groups
  s0:  RUNNING  FOLLOWER s0@group-B6F2DE967D4B:t2, leader=s1, voted=s1, raftlog=s0@group-B6F2DE967D4B-SegmentedRaftLog:OPENED:c9214,f9219,i9224, conf=0: [s0:0.0.0.0:35127, s1:0.0.0.0:38626, s2:0.0.0.0:43773], old=null RUNNING
  s1:  RUNNING    LEADER s1@group-B6F2DE967D4B:t2, leader=s1, voted=s1, raftlog=s1@group-B6F2DE967D4B-SegmentedRaftLog:OPENED:c9220,f9220,i9224, conf=0: [s0:0.0.0.0:35127, s1:0.0.0.0:38626, s2:0.0.0.0:43773], old=null RUNNING
  s2:  RUNNING  FOLLOWER s2@group-B6F2DE967D4B:t2, leader=s1, voted=s1, raftlog=s2@group-B6F2DE967D4B-SegmentedRaftLog:OPENED:c9219,f9220,i9224, conf=0: [s0:0.0.0.0:35127, s1:0.0.0.0:38626, s2:0.0.0.0:43773], old=null RUNNING
2019-09-26 13:30:10,262 INFO  logging.LoggingHandler (AbstractInternalLogger.java:log(150)) - [id: 0x51301cc5, L:0.0.0.0/0.0.0.0:35127] READ: [id: 0xdbfe8608, L:/192.168.164.227:35127 - R:/192.168.164.227:48376]
2019-09-26 13:30:10,263 INFO  logging.LoggingHandler (AbstractInternalLogger.java:log(150)) - [id: 0x51301cc5, L:0.0.0.0/0.0.0.0:35127] READ COMPLETE
2019-09-26 13:30:10,266 INFO  logging.LoggingHandler (AbstractInternalLogger.java:log(150)) - [id: 0x20c56452, L:/0.0.0.0:38626] READ: [id: 0x51c6f96e, L:/192.168.164.227:38626 - R:/192.168.164.227:57748]
2019-09-26 13:30:10,267 INFO  logging.LoggingHandler (AbstractInternalLogger.java:log(150)) - [id: 0x20c56452, L:/0.0.0.0:38626] READ COMPLETE
2019-09-26 13:30:10,269 INFO  logging.LoggingHandler (AbstractInternalLogger.java:log(150)) - [id: 0x51301cc5, L:0.0.0.0/0.0.0.0:35127] READ: [id: 0x35b18e02, L:/192.168.164.227:35127 - R:/192.168.164.227:48380]
2019-09-26 13:30:10,269 INFO  logging.LoggingHandler (AbstractInternalLogger.java:log(150)) - [id: 0x51301cc5, L:0.0.0.0/0.0.0.0:35127] READ COMPLETE
2019-09-26 13:30:10,274 INFO  logging.LoggingHandler (AbstractInternalLogger.java:log(150)) - [id: 0x51301cc5, L:0.0.0.0/0.0.0.0:35127] READ: [id: 0x5413e98f, L:/192.168.164.227:35127 - R:/192.168.164.227:48382]
2019-09-26 13:30:10,274 INFO  logging.LoggingHandler (AbstractInternalLogger.java:log(150)) - [id: 0x51301cc5, L:0.0.0.0/0.0.0.0:35127] READ COMPLETE
2019-09-26 13:30:10,275 INFO  logging.LoggingHandler (AbstractInternalLogger.java:log(150)) - [id: 0x51301cc5, L:0.0.0.0/0.0.0.0:35127] READ: [id: 0xf17ef487, L:/192.168.164.227:35127 - R:/192.168.164.227:48384]
2019-09-26 13:30:10,275 INFO  logging.LoggingHandler (AbstractInternalLogger.java:log(150)) - [id: 0x51301cc5, L:0.0.0.0/0.0.0.0:35127] READ COMPLETE
2019-09-26 13:30:10,277 INFO  logging.LoggingHandler (AbstractInternalLogger.java:log(150)) - [id: 0x51301cc5, L:0.0.0.0/0.0.0.0:35127] READ: [id: 0xde5b79f6, L:/192.168.164.227:35127 - R:/192.168.164.227:48386]
2019-09-26 13:30:10,278 INFO  logging.LoggingHandler (AbstractInternalLogger.java:log(150)) - [id: 0x20c56452, L:/0.0.0.0:38626] READ: [id: 0xa525c757, L:/192.168.164.227:38626 - R:/192.168.164.227:57758]
2019-09-26 13:30:10,278 INFO  logging.LoggingHandler (AbstractInternalLogger.java:log(150)) - [id: 0x51301cc5, L:0.0.0.0/0.0.0.0:35127] READ COMPLETE
2019-09-26 13:30:10,278 INFO  logging.LoggingHandler (AbstractInternalLogger.java:log(150)) - [id: 0x20c56452, L:/0.0.0.0:38626] READ COMPLETE
2019-09-26 13:30:10,279 INFO  logging.LoggingHandler (AbstractInternalLogger.java:log(150)) - [id: 0x20c56452, L:/0.0.0.0:38626] READ: [id: 0x89e94b99, L:/192.168.164.227:38626 - R:/192.168.164.227:57760]
2019-09-26 13:30:10,279 INFO  logging.LoggingHandler (AbstractInternalLogger.java:log(150)) - [id: 0x20c56452, L:/0.0.0.0:38626] READ COMPLETE
2019-09-26 13:30:10,280 INFO  logging.LoggingHandler (AbstractInternalLogger.java:log(150)) - [id: 0x20c56452, L:/0.0.0.0:38626] READ: [id: 0x72680117, L:/192.168.164.227:38626 - R:/192.168.164.227:57762]
2019-09-26 13:30:10,281 INFO  logging.LoggingHandler (AbstractInternalLogger.java:log(150)) - [id: 0x20c56452, L:/0.0.0.0:38626] READ COMPLETE
2019-09-26 13:30:10,282 INFO  logging.LoggingHandler (AbstractInternalLogger.java:log(150)) - [id: 0x20c56452, L:/0.0.0.0:38626] READ: [id: 0x902015b6, L:/192.168.164.227:38626 - R:/192.168.164.227:57764]
2019-09-26 13:30:10,282 INFO  logging.LoggingHandler (AbstractInternalLogger.java:log(150)) - [id: 0x20c56452, L:/0.0.0.0:38626] READ COMPLETE
2019-09-26 13:30:10,283 INFO  logging.LoggingHandler (AbstractInternalLogger.java:log(150)) - [id: 0x51301cc5, L:0.0.0.0/0.0.0.0:35127] READ: [id: 0xe6e785c4, L:/192.168.164.227:35127 - R:/192.168.164.227:48396]
2019-09-26 13:30:10,283 INFO  logging.LoggingHandler (AbstractInternalLogger.java:log(150)) - [id: 0x51301cc5, L:0.0.0.0/0.0.0.0:35127] READ COMPLETE
2019-09-26 13:30:10,289 INFO  logging.LoggingHandler (AbstractInternalLogger.java:log(150)) - [id: 0x51301cc5, L:0.0.0.0/0.0.0.0:35127] READ: [id: 0x520cb6de, L:/192.168.164.227:35127 - R:/192.168.164.227:48398]
2019-09-26 13:30:10,290 INFO  logging.LoggingHandler (AbstractInternalLogger.java:log(150)) - [id: 0x51301cc5, L:0.0.0.0/0.0.0.0:35127] READ COMPLETE
2019-09-26 13:30:10,291 INFO  logging.LoggingHandler (AbstractInternalLogger.java:log(150)) - [id: 0x51301cc5, L:0.0.0.0/0.0.0.0:35127] READ: [id: 0xfd30dada, L:/192.168.164.227:35127 - R:/192.168.164.227:48400]
2019-09-26 13:30:10,291 INFO  logging.LoggingHandler (AbstractInternalLogger.java:log(150)) - [id: 0x51301cc5, L:0.0.0.0/0.0.0.0:35127] READ COMPLETE
2019-09-26 13:30:10,291 TRACE util.FileUtils (LogUtils.java:supplyAndLog(82)) - Successfully supplied Files.newOutputStream CREATE_NEW /workdir/ratis-examples/target/test/data/7b8a2dfb/TestFileStoreWithNetty/filestore/s1/file22: java.nio.channels.Channels$1@1b61acca
2019-09-26 13:30:10,291 TRACE util.FileUtils (LogUtils.java:supplyAndLog(82)) - Successfully supplied Files.newOutputStream CREATE_NEW /workdir/ratis-examples/target/test/data/7b8a2dfb/TestFileStoreWithNetty/filestore/s0/file22: java.nio.channels.Channels$1@4c712a50
2019-09-26 13:30:10,292 INFO  logging.LoggingHandler (AbstractInternalLogger.java:log(150)) - [id: 0x20c56452, L:/0.0.0.0:38626] READ: [id: 0x9f436206, L:/192.168.164.227:38626 - R:/192.168.164.227:57772]
2019-09-26 13:30:10,292 INFO  logging.LoggingHandler (AbstractInternalLogger.java:log(150)) - [id: 0x20c56452, L:/0.0.0.0:38626] READ COMPLETE
2019-09-26 13:30:10,293 INFO  logging.LoggingHandler (AbstractInternalLogger.java:log(150)) - [id: 0x20c56452, L:/0.0.0.0:38626] READ: [id: 0x525cb3b5, L:/192.168.164.227:38626 - R:/192.168.164.227:57774]
2019-09-26 13:30:10,294 TRACE util.FileUtils (LogUtils.java:supplyAndLog(82)) - Successfully supplied Files.newOutputStream CREATE_NEW /workdir/ratis-examples/target/test/data/7b8a2dfb/TestFileStoreWithNetty/filestore/s2/file22: java.nio.channels.Channels$1@3726c79e
2019-09-26 13:30:10,294 INFO  logging.LoggingHandler (AbstractInternalLogger.java:log(150)) - [id: 0x20c56452, L:/0.0.0.0:38626] READ COMPLETE
2019-09-26 13:30:10,295 INFO  logging.LoggingHandler (AbstractInternalLogger.java:log(150)) - [id: 0x20c56452, L:/0.0.0.0:38626] READ: [id: 0x15feddf9, L:/192.168.164.227:38626 - R:/192.168.164.227:57776]
2019-09-26 13:30:10,295 INFO  logging.LoggingHandler (AbstractInternalLogger.java:log(150)) - [id: 0x20c56452, L:/0.0.0.0:38626] READ COMPLETE
2019-09-26 13:30:10,296 INFO  logging.LoggingHandler (AbstractInternalLogger.java:log(150)) - [id: 0x51301cc5, L:0.0.0.0/0.0.0.0:35127] READ: [id: 0x37f7e24c, L:/192.168.164.227:35127 - R:/192.168.164.227:48408]
2019-09-26 13:30:10,297 INFO  logging.LoggingHandler (AbstractInternalLogger.java:log(150)) - [id: 0x51301cc5, L:0.0.0.0/0.0.0.0:35127] READ COMPLETE
2019-09-26 13:30:10,299 INFO  logging.LoggingHandler (AbstractInternalLogger.java:log(150)) - [id: 0x20c56452, L:/0.0.0.0:38626] READ: [id: 0xe77ece62, L:/192.168.164.227:38626 - R:/192.168.164.227:57780]
2019-09-26 13:30:10,299 INFO  logging.LoggingHandler (AbstractInternalLogger.java:log(150)) - [id: 0x20c56452, L:/0.0.0.0:38626] READ COMPLETE
2019-09-26 13:30:10,300 TRACE util.FileUtils (LogUtils.java:supplyAndLog(82)) - Successfully supplied Files.newOutputStream CREATE_NEW /workdir/ratis-examples/target/test/data/7b8a2dfb/TestFileStoreWithNetty/filestore/s1/file23: java.nio.channels.Channels$1@43d6a668
2019-09-26 13:30:10,302 INFO  logging.LoggingHandler (AbstractInternalLogger.java:log(150)) - [id: 0x51301cc5, L:0.0.0.0/0.0.0.0:35127] READ: [id: 0xeeb1df5f, L:/192.168.164.227:35127 - R:/192.168.164.227:48412]
2019-09-26 13:30:10,304 INFO  logging.LoggingHandler (AbstractInternalLogger.java:log(150)) - [id: 0x51301cc5, L:0.0.0.0/0.0.0.0:35127] READ COMPLETE
2019-09-26 13:30:10,304 INFO  logging.LoggingHandler (AbstractInternalLogger.java:log(150)) - [id: 0x51301cc5, L:0.0.0.0/0.0.0.0:35127] READ: [id: 0x1ca73805, L:/192.168.164.227:35127 - R:/192.168.164.227:48414]
2019-09-26 13:30:10,304 TRACE util.FileUtils (LogUtils.java:supplyAndLog(82)) - Successfully supplied Files.newOutputStream CREATE_NEW /workdir/ratis-examples/target/test/data/7b8a2dfb/TestFileStoreWithNetty/filestore/s0/file23: java.nio.channels.Channels$1@33c5210f
2019-09-26 13:30:10,304 INFO  logging.LoggingHandler (AbstractInternalLogger.java:log(150)) - [id: 0x51301cc5, L:0.0.0.0/0.0.0.0:35127] READ COMPLETE
2019-09-26 13:30:10,304 TRACE util.FileUtils (LogUtils.java:supplyAndLog(82)) - Successfully supplied Files.newOutputStream CREATE_NEW /workdir/ratis-examples/target/test/data/7b8a2dfb/TestFileStoreWithNetty/filestore/s2/file23: java.nio.channels.Channels$1@45e5f970
2019-09-26 13:30:10,306 INFO  logging.LoggingHandler (AbstractInternalLogger.java:log(150)) - [id: 0x20c56452, L:/0.0.0.0:38626] READ: [id: 0x0cc8fb40, L:/192.168.164.227:38626 - R:/192.168.164.227:57786]
2019-09-26 13:30:10,306 INFO  logging.LoggingHandler (AbstractInternalLogger.java:log(150)) - [id: 0x20c56452, L:/0.0.0.0:38626] READ COMPLETE
2019-09-26 13:30:10,320 TRACE util.FileUtils (LogUtils.java:supplyAndLog(82)) - Successfully supplied Files.newOutputStream CREATE_NEW /workdir/ratis-examples/target/test/data/7b8a2dfb/TestFileStoreWithNetty/filestore/s1/file26: java.nio.channels.Channels$1@5f1ec23b
2019-09-26 13:30:10,320 TRACE util.FileUtils (LogUtils.java:supplyAndLog(82)) - Successfully supplied Files.newOutputStream CREATE_NEW /workdir/ratis-examples/target/test/data/7b8a2dfb/TestFileStoreWithNetty/filestore/s1/file25: java.nio.channels.Channels$1@5e6331c2
2019-09-26 13:30:10,321 INFO  logging.LoggingHandler (AbstractInternalLogger.java:log(150)) - [id: 0x20c56452, L:/0.0.0.0:38626] READ: [id: 0x6f4fbb66, L:/192.168.164.227:38626 - R:/192.168.164.227:57788]
2019-09-26 13:30:10,321 INFO  logging.LoggingHandler (AbstractInternalLogger.java:log(150)) - [id: 0x20c56452, L:/0.0.0.0:38626] READ COMPLETE
2019-09-26 13:30:10,321 INFO  logging.LoggingHandler (AbstractInternalLogger.java:log(150)) - [id: 0x51301cc5, L:0.0.0.0/0.0.0.0:35127] READ: [id: 0x4aba7753, L:/192.168.164.227:35127 - R:/192.168.164.227:48420]
2019-09-26 13:30:10,322 INFO  logging.LoggingHandler (AbstractInternalLogger.java:log(150)) - [id: 0x51301cc5, L:0.0.0.0/0.0.0.0:35127] READ COMPLETE
2019-09-26 13:30:10,322 TRACE util.FileUtils (LogUtils.java:supplyAndLog(82)) - Successfully supplied Files.newOutputStream CREATE_NEW /workdir/ratis-examples/target/test/data/7b8a2dfb/TestFileStoreWithNetty/filestore/s2/file26: java.nio.channels.Channels$1@777b3310
2019-09-26 13:30:10,322 TRACE util.FileUtils (LogUtils.java:supplyAndLog(82)) - Successfully supplied Files.newOutputStream CREATE_NEW /workdir/ratis-examples/target/test/data/7b8a2dfb/TestFileStoreWithNetty/filestore/s2/file25: java.nio.channels.Channels$1@2e8527e8
2019-09-26 13:30:10,323 INFO  logging.LoggingHandler (AbstractInternalLogger.java:log(150)) - [id: 0x20c56452, L:/0.0.0.0:38626] READ: [id: 0x404c54c5, L:/192.168.164.227:38626 - R:/192.168.164.227:57792]
2019-09-26 13:30:10,323 INFO  logging.LoggingHandler (AbstractInternalLogger.java:log(150)) - [id: 0x20c56452, L:/0.0.0.0:38626] READ COMPLETE
2019-09-26 13:30:10,335 TRACE util.FileUtils (LogUtils.java:supplyAndLog(82)) - Successfully supplied Files.newOutputStream CREATE_NEW /workdir/ratis-examples/target/test/data/7b8a2dfb/TestFileStoreWithNetty/filestore/s0/file26: java.nio.channels.Channels$1@484ccafb
2019-09-26 13:30:10,335 TRACE util.FileUtils (LogUtils.java:supplyAndLog(82)) - Successfully supplied Files.newOutputStream CREATE_NEW /workdir/ratis-examples/target/test/data/7b8a2dfb/TestFileStoreWithNetty/filestore/s0/file25: java.nio.channels.Channels$1@484eb706
2019-09-26 13:30:10,348 TRACE util.FileUtils (LogUtils.java:supplyAndLog(82)) - Successfully supplied Files.newOutputStream CREATE_NEW /workdir/ratis-examples/target/test/data/7b8a2dfb/TestFileStoreWithNetty/filestore/s1/file20: java.nio.channels.Channels$1@ba2c8c2
2019-09-26 13:30:10,359 TRACE util.FileUtils (LogUtils.java:supplyAndLog(82)) - Successfully supplied Files.newOutputStream CREATE_NEW /workdir/ratis-examples/target/test/data/7b8a2dfb/TestFileStoreWithNetty/filestore/s0/file20: java.nio.channels.Channels$1@5fa37798
2019-09-26 13:30:10,361 TRACE util.FileUtils (LogUtils.java:supplyAndLog(82)) - Successfully supplied Files.newOutputStream CREATE_NEW /workdir/ratis-examples/target/test/data/7b8a2dfb/TestFileStoreWithNetty/filestore/s2/file20: java.nio.channels.Channels$1@17a22aaa
2019-09-26 13:30:10,374 TRACE util.FileUtils (LogUtils.java:supplyAndLog(82)) - Successfully supplied Files.newOutputStream CREATE_NEW /workdir/ratis-examples/target/test/data/7b8a2dfb/TestFileStoreWithNetty/filestore/s1/file24: java.nio.channels.Channels$1@23bfd510
2019-09-26 13:30:10,374 TRACE util.FileUtils (LogUtils.java:supplyAndLog(82)) - Successfully supplied Files.newOutputStream CREATE_NEW /workdir/ratis-examples/target/test/data/7b8a2dfb/TestFileStoreWithNetty/filestore/s1/file21: java.nio.channels.Channels$1@2e9b91d9
2019-09-26 13:30:10,385 TRACE util.FileUtils (LogUtils.java:supplyAndLog(82)) - Successfully supplied Files.newOutputStream CREATE_NEW /workdir/ratis-examples/target/test/data/7b8a2dfb/TestFileStoreWithNetty/filestore/s0/file24: java.nio.channels.Channels$1@58b9cebc
2019-09-26 13:30:10,385 TRACE util.FileUtils (LogUtils.java:supplyAndLog(82)) - Successfully supplied Files.newOutputStream CREATE_NEW /workdir/ratis-examples/target/test/data/7b8a2dfb/TestFileStoreWithNetty/filestore/s0/file21: java.nio.channels.Channels$1@76c7b913
2019-09-26 13:30:10,387 TRACE util.FileUtils (LogUtils.java:supplyAndLog(82)) - Successfully supplied Files.newOutputStream CREATE_NEW /workdir/ratis-examples/target/test/data/7b8a2dfb/TestFileStoreWithNetty/filestore/s2/file24: java.nio.channels.Channels$1@232532cf
2019-09-26 13:30:10,387 TRACE util.FileUtils (LogUtils.java:supplyAndLog(82)) - Successfully supplied Files.newOutputStream CREATE_NEW /workdir/ratis-examples/target/test/data/7b8a2dfb/TestFileStoreWithNetty/filestore/s2/file21: java.nio.channels.Channels$1@e76fa8
2019-09-26 13:30:10,411 TRACE util.FileUtils (LogUtils.java:supplyAndLog(82)) - Successfully supplied Files.newOutputStream CREATE_NEW /workdir/ratis-examples/target/test/data/7b8a2dfb/TestFileStoreWithNetty/filestore/s1/file27: java.nio.channels.Channels$1@11899a3
2019-09-26 13:30:10,412 TRACE util.FileUtils (LogUtils.java:supplyAndLog(82)) - Successfully supplied Files.newOutputStream CREATE_NEW /workdir/ratis-examples/target/test/data/7b8a2dfb/TestFileStoreWithNetty/filestore/s2/file27: java.nio.channels.Channels$1@7344a927
2019-09-26 13:30:10,414 TRACE util.FileUtils (LogUtils.java:supplyAndLog(82)) - Successfully supplied Files.newOutputStream CREATE_NEW /workdir/ratis-examples/target/test/data/7b8a2dfb/TestFileStoreWithNetty/filestore/s0/file27: java.nio.channels.Channels$1@70c1f621
2019-09-26 13:30:10,427 TRACE util.FileUtils (LogUtils.java:supplyAndLog(82)) - Successfully supplied Files.newOutputStream CREATE_NEW /workdir/ratis-examples/target/test/data/7b8a2dfb/TestFileStoreWithNetty/filestore/s1/file29: java.nio.channels.Channels$1@16e50e86
2019-09-26 13:30:10,427 TRACE util.FileUtils (LogUtils.java:supplyAndLog(82)) - Successfully supplied Files.newOutputStream CREATE_NEW /workdir/ratis-examples/target/test/data/7b8a2dfb/TestFileStoreWithNetty/filestore/s1/file30: java.nio.channels.Channels$1@4ea057d2
2019-09-26 13:30:10,429 TRACE util.FileUtils (LogUtils.java:supplyAndLog(82)) - Successfully supplied Files.newOutputStream CREATE_NEW /workdir/ratis-examples/target/test/data/7b8a2dfb/TestFileStoreWithNetty/filestore/s0/file29: java.nio.channels.Channels$1@4f387761
2019-09-26 13:30:10,429 TRACE util.FileUtils (LogUtils.java:supplyAndLog(82)) - Successfully supplied Files.newOutputStream CREATE_NEW /workdir/ratis-examples/target/test/data/7b8a2dfb/TestFileStoreWithNetty/filestore/s0/file30: java.nio.channels.Channels$1@5b9cf8b4
2019-09-26 13:30:10,432 TRACE util.FileUtils (LogUtils.java:supplyAndLog(82)) - Successfully supplied Files.newOutputStream CREATE_NEW /workdir/ratis-examples/target/test/data/7b8a2dfb/TestFileStoreWithNetty/filestore/s2/file29: java.nio.channels.Channels$1@1c25e901
2019-09-26 13:30:10,432 TRACE util.FileUtils (LogUtils.java:supplyAndLog(82)) - Successfully supplied Files.newOutputStream CREATE_NEW /workdir/ratis-examples/target/test/data/7b8a2dfb/TestFileStoreWithNetty/filestore/s2/file30: java.nio.channels.Channels$1@52a0b63a
2019-09-26 13:30:10,443 TRACE util.FileUtils (LogUtils.java:supplyAndLog(82)) - Successfully supplied Files.newOutputStream CREATE_NEW /workdir/ratis-examples/target/test/data/7b8a2dfb/TestFileStoreWithNetty/filestore/s1/file28: java.nio.channels.Channels$1@6ff7eb8a
2019-09-26 13:30:10,444 TRACE util.FileUtils (LogUtils.java:supplyAndLog(82)) - Successfully supplied Files.newOutputStream CREATE_NEW /workdir/ratis-examples/target/test/data/7b8a2dfb/TestFileStoreWithNetty/filestore/s0/file28: java.nio.channels.Channels$1@5faf81ec
2019-09-26 13:30:10,445 TRACE util.FileUtils (LogUtils.java:supplyAndLog(82)) - Successfully supplied Files.newOutputStream CREATE_NEW /workdir/ratis-examples/target/test/data/7b8a2dfb/TestFileStoreWithNetty/filestore/s2/file28: java.nio.channels.Channels$1@4d74d0a8
2019-09-26 13:30:10,447 TRACE util.FileUtils (LogUtils.java:supplyAndLog(82)) - Successfully supplied Files.newOutputStream CREATE_NEW /workdir/ratis-examples/target/test/data/7b8a2dfb/TestFileStoreWithNetty/filestore/s1/file31: java.nio.channels.Channels$1@1a333a87
2019-09-26 13:30:10,450 TRACE util.FileUtils (LogUtils.java:supplyAndLog(82)) - Successfully supplied Files.newOutputStream CREATE_NEW /workdir/ratis-examples/target/test/data/7b8a2dfb/TestFileStoreWithNetty/filestore/s0/file31: java.nio.channels.Channels$1@5bf726b7
2019-09-26 13:30:10,451 TRACE util.FileUtils (LogUtils.java:supplyAndLog(82)) - Successfully supplied Files.newOutputStream CREATE_NEW /workdir/ratis-examples/target/test/data/7b8a2dfb/TestFileStoreWithNetty/filestore/s2/file31: java.nio.channels.Channels$1@1d3b6925
2019-09-26 13:30:15,458 INFO  logging.LoggingHandler (AbstractInternalLogger.java:log(150)) - [id: 0x51301cc5, L:0.0.0.0/0.0.0.0:35127] READ: [id: 0xc1cb94ed, L:/192.168.164.227:35127 - R:/192.168.164.227:48442]
2019-09-26 13:30:15,460 INFO  logging.LoggingHandler (AbstractInternalLogger.java:log(150)) - [id: 0x51301cc5, L:0.0.0.0/0.0.0.0:35127] READ COMPLETE
2019-09-26 13:30:15,460 INFO  logging.LoggingHandler (AbstractInternalLogger.java:log(150)) - [id: 0x51301cc5, L:0.0.0.0/0.0.0.0:35127] READ: [id: 0x2ee59469, L:/192.168.164.227:35127 - R:/192.168.164.227:48444]
2019-09-26 13:30:15,461 INFO  logging.LoggingHandler (AbstractInternalLogger.java:log(150)) - [id: 0x51301cc5, L:0.0.0.0/0.0.0.0:35127] READ COMPLETE
2019-09-26 13:30:15,463 INFO  logging.LoggingHandler (AbstractInternalLogger.java:log(150)) - [id: 0x20c56452, L:/0.0.0.0:38626] READ: [id: 0x3b6f514e, L:/192.168.164.227:38626 - R:/192.168.164.227:57816]
2019-09-26 13:30:15,463 INFO  logging.LoggingHandler (AbstractInternalLogger.java:log(150)) - [id: 0x20c56452, L:/0.0.0.0:38626] READ COMPLETE
2019-09-26 13:30:15,463 INFO  logging.LoggingHandler (AbstractInternalLogger.java:log(150)) - [id: 0x20c56452, L:/0.0.0.0:38626] READ: [id: 0xfd3c502d, L:/192.168.164.227:38626 - R:/192.168.164.227:57818]
2019-09-26 13:30:15,463 INFO  logging.LoggingHandler (AbstractInternalLogger.java:log(150)) - [id: 0x20c56452, L:/0.0.0.0:38626] READ COMPLETE
2019-09-26 13:30:15,466 INFO  logging.LoggingHandler (AbstractInternalLogger.java:log(150)) - [id: 0x51301cc5, L:0.0.0.0/0.0.0.0:35127] READ: [id: 0x71780fe8, L:/192.168.164.227:35127 - R:/192.168.164.227:48450]
2019-09-26 13:30:15,467 INFO  logging.LoggingHandler (AbstractInternalLogger.java:log(150)) - [id: 0x51301cc5, L:0.0.0.0/0.0.0.0:35127] READ COMPLETE
2019-09-26 13:30:15,469 INFO  logging.LoggingHandler (AbstractInternalLogger.java:log(150)) - [id: 0x20c56452, L:/0.0.0.0:38626] READ: [id: 0x39c632aa, L:/192.168.164.227:38626 - R:/192.168.164.227:57822]
2019-09-26 13:30:15,470 INFO  logging.LoggingHandler (AbstractInternalLogger.java:log(150)) - [id: 0x20c56452, L:/0.0.0.0:38626] READ COMPLETE
2019-09-26 13:30:15,479 INFO  logging.LoggingHandler (AbstractInternalLogger.java:log(150)) - [id: 0x51301cc5, L:0.0.0.0/0.0.0.0:35127] READ: [id: 0x06a73378, L:/192.168.164.227:35127 - R:/192.168.164.227:48454]
2019-09-26 13:30:15,479 INFO  logging.LoggingHandler (AbstractInternalLogger.java:log(150)) - [id: 0x51301cc5, L:0.0.0.0/0.0.0.0:35127] READ COMPLETE
2019-09-26 13:30:15,481 INFO  logging.LoggingHandler (AbstractInternalLogger.java:log(150)) - [id: 0x20c56452, L:/0.0.0.0:38626] READ: [id: 0xdefc2322, L:/192.168.164.227:38626 - R:/192.168.164.227:57826]
2019-09-26 13:30:15,481 INFO  logging.LoggingHandler (AbstractInternalLogger.java:log(150)) - [id: 0x20c56452, L:/0.0.0.0:38626] READ COMPLETE
2019-09-26 13:30:15,491 INFO  logging.LoggingHandler (AbstractInternalLogger.java:log(150)) - [id: 0x51301cc5, L:0.0.0.0/0.0.0.0:35127] READ: [id: 0x9aad2fa0, L:/192.168.164.227:35127 - R:/192.168.164.227:48458]
2019-09-26 13:30:15,491 INFO  logging.LoggingHandler (AbstractInternalLogger.java:log(150)) - [id: 0x51301cc5, L:0.0.0.0/0.0.0.0:35127] READ COMPLETE
2019-09-26 13:30:15,492 INFO  logging.LoggingHandler (AbstractInternalLogger.java:log(150)) - [id: 0x51301cc5, L:0.0.0.0/0.0.0.0:35127] READ: [id: 0x317a7b93, L:/192.168.164.227:35127 - R:/192.168.164.227:48460]
2019-09-26 13:30:15,492 INFO  logging.LoggingHandler (AbstractInternalLogger.java:log(150)) - [id: 0x51301cc5, L:0.0.0.0/0.0.0.0:35127] READ COMPLETE
2019-09-26 13:30:15,493 INFO  logging.LoggingHandler (AbstractInternalLogger.java:log(150)) - [id: 0x20c56452, L:/0.0.0.0:38626] READ: [id: 0x5f08d47e, L:/192.168.164.227:38626 - R:/192.168.164.227:57832]
2019-09-26 13:30:15,493 INFO  logging.LoggingHandler (AbstractInternalLogger.java:log(150)) - [id: 0x20c56452, L:/0.0.0.0:38626] READ COMPLETE
2019-09-26 13:30:15,502 INFO  logging.LoggingHandler (AbstractInternalLogger.java:log(150)) - [id: 0x20c56452, L:/0.0.0.0:38626] READ: [id: 0x1aec9c66, L:/192.168.164.227:38626 - R:/192.168.164.227:57834]
2019-09-26 13:30:15,502 INFO  logging.LoggingHandler (AbstractInternalLogger.java:log(150)) - [id: 0x20c56452, L:/0.0.0.0:38626] READ COMPLETE
2019-09-26 13:30:15,504 TRACE util.FileUtils (LogUtils.java:supplyAndLog(82)) - Successfully supplied Files.newOutputStream CREATE_NEW /workdir/ratis-examples/target/test/data/7b8a2dfb/TestFileStoreWithNetty/filestore/s1/file34: java.nio.channels.Channels$1@53e7823e
2019-09-26 13:30:15,504 TRACE util.FileUtils (LogUtils.java:supplyAndLog(82)) - Successfully supplied Files.newOutputStream CREATE_NEW /workdir/ratis-examples/target/test/data/7b8a2dfb/TestFileStoreWithNetty/filestore/s2/file34: java.nio.channels.Channels$1@3646392b
2019-09-26 13:30:15,505 TRACE util.FileUtils (LogUtils.java:supplyAndLog(82)) - Successfully supplied Files.newOutputStream CREATE_NEW /workdir/ratis-examples/target/test/data/7b8a2dfb/TestFileStoreWithNetty/filestore/s0/file34: java.nio.channels.Channels$1@1dbb4bcf
2019-09-26 13:30:15,507 INFO  logging.LoggingHandler (AbstractInternalLogger.java:log(150)) - [id: 0x51301cc5, L:0.0.0.0/0.0.0.0:35127] READ: [id: 0x244772f3, L:/192.168.164.227:35127 - R:/192.168.164.227:48466]
2019-09-26 13:30:15,507 INFO  logging.LoggingHandler (AbstractInternalLogger.java:log(150)) - [id: 0x51301cc5, L:0.0.0.0/0.0.0.0:35127] READ COMPLETE
2019-09-26 13:30:15,509 INFO  logging.LoggingHandler (AbstractInternalLogger.java:log(150)) - [id: 0x20c56452, L:/0.0.0.0:38626] READ: [id: 0x547432bd, L:/192.168.164.227:38626 - R:/192.168.164.227:57838]
2019-09-26 13:30:15,509 INFO  logging.LoggingHandler (AbstractInternalLogger.java:log(150)) - [id: 0x20c56452, L:/0.0.0.0:38626] READ COMPLETE
2019-09-26 13:30:15,519 TRACE util.FileUtils (LogUtils.java:supplyAndLog(82)) - Successfully supplied Files.newOutputStream CREATE_NEW /workdir/ratis-examples/target/test/data/7b8a2dfb/TestFileStoreWithNetty/filestore/s1/file33: java.nio.channels.Channels$1@6c970854
2019-09-26 13:30:15,520 TRACE util.FileUtils (LogUtils.java:supplyAndLog(82)) - Successfully supplied Files.newOutputStream CREATE_NEW /workdir/ratis-examples/target/test/data/7b8a2dfb/TestFileStoreWithNetty/filestore/s0/file33: java.nio.channels.Channels$1@302d7018
2019-09-26 13:30:15,522 TRACE util.FileUtils (LogUtils.java:supplyAndLog(82)) - Successfully supplied Files.newOutputStream CREATE_NEW /workdir/ratis-examples/target/test/data/7b8a2dfb/TestFileStoreWithNetty/filestore/s2/file33: java.nio.channels.Channels$1@31309287
2019-09-26 13:30:15,525 TRACE util.FileUtils (LogUtils.java:supplyAndLog(82)) - Successfully supplied Files.newOutputStream CREATE_NEW /workdir/ratis-examples/target/test/data/7b8a2dfb/TestFileStoreWithNetty/filestore/s1/file32: java.nio.channels.Channels$1@44ddb13d
2019-09-26 13:30:15,525 TRACE util.FileUtils (LogUtils.java:supplyAndLog(82)) - Successfully supplied Files.newOutputStream CREATE_NEW /workdir/ratis-examples/target/test/data/7b8a2dfb/TestFileStoreWithNetty/filestore/s1/file35: java.nio.channels.Channels$1@7f245e3d
2019-09-26 13:30:15,525 TRACE util.FileUtils (LogUtils.java:supplyAndLog(82)) - Successfully supplied Files.newOutputStream CREATE_NEW /workdir/ratis-examples/target/test/data/7b8a2dfb/TestFileStoreWithNetty/filestore/s2/file35: java.nio.channels.Channels$1@2977fbce
2019-09-26 13:30:15,525 TRACE util.FileUtils (LogUtils.java:supplyAndLog(82)) - Successfully supplied Files.newOutputStream CREATE_NEW /workdir/ratis-examples/target/test/data/7b8a2dfb/TestFileStoreWithNetty/filestore/s2/file32: java.nio.channels.Channels$1@23c96026
2019-09-26 13:30:15,526 TRACE util.FileUtils (LogUtils.java:supplyAndLog(82)) - Successfully supplied Files.newOutputStream CREATE_NEW /workdir/ratis-examples/target/test/data/7b8a2dfb/TestFileStoreWithNetty/filestore/s0/file32: java.nio.channels.Channels$1@420be271
2019-09-26 13:30:15,526 TRACE util.FileUtils (LogUtils.java:supplyAndLog(82)) - Successfully supplied Files.newOutputStream CREATE_NEW /workdir/ratis-examples/target/test/data/7b8a2dfb/TestFileStoreWithNetty/filestore/s0/file35: java.nio.channels.Channels$1@5e127b19
2019-09-26 13:30:15,539 TRACE util.FileUtils (LogUtils.java:supplyAndLog(82)) - Successfully supplied Files.newOutputStream CREATE_NEW /workdir/ratis-examples/target/test/data/7b8a2dfb/TestFileStoreWithNetty/filestore/s1/file36: java.nio.channels.Channels$1@3aca1662
2019-09-26 13:30:15,540 INFO  logging.LoggingHandler (AbstractInternalLogger.java:log(150)) - [id: 0x51301cc5, L:0.0.0.0/0.0.0.0:35127] READ: [id: 0x8d25feed, L:/192.168.164.227:35127 - R:/192.168.164.227:48470]
2019-09-26 13:30:15,540 INFO  logging.LoggingHandler (AbstractInternalLogger.java:log(150)) - [id: 0x51301cc5, L:0.0.0.0/0.0.0.0:35127] READ COMPLETE
2019-09-26 13:30:15,540 TRACE util.FileUtils (LogUtils.java:supplyAndLog(82)) - Successfully supplied Files.newOutputStream CREATE_NEW /workdir/ratis-examples/target/test/data/7b8a2dfb/TestFileStoreWithNetty/filestore/s0/file36: java.nio.channels.Channels$1@bc41641
2019-09-26 13:30:15,542 INFO  logging.LoggingHandler (AbstractInternalLogger.java:log(150)) - [id: 0x20c56452, L:/0.0.0.0:38626] READ: [id: 0x46746a1e, L:/192.168.164.227:38626 - R:/192.168.164.227:57842]
2019-09-26 13:30:15,542 INFO  logging.LoggingHandler (AbstractInternalLogger.java:log(150)) - [id: 0x20c56452, L:/0.0.0.0:38626] READ COMPLETE
2019-09-26 13:30:15,543 TRACE util.FileUtils (LogUtils.java:supplyAndLog(82)) - Successfully supplied Files.newOutputStream CREATE_NEW /workdir/ratis-examples/target/test/data/7b8a2dfb/TestFileStoreWithNetty/filestore/s2/file36: java.nio.channels.Channels$1@643f2ff7
2019-09-26 13:30:15,543 TRACE util.FileUtils (LogUtils.java:supplyAndLog(82)) - Successfully supplied Files.newOutputStream CREATE_NEW /workdir/ratis-examples/target/test/data/7b8a2dfb/TestFileStoreWithNetty/filestore/s1/file38: java.nio.channels.Channels$1@66bd5f03
2019-09-26 13:30:15,544 TRACE util.FileUtils (LogUtils.java:supplyAndLog(82)) - Successfully supplied Files.newOutputStream CREATE_NEW /workdir/ratis-examples/target/test/data/7b8a2dfb/TestFileStoreWithNetty/filestore/s0/file38: java.nio.channels.Channels$1@2165ed27
2019-09-26 13:30:15,547 TRACE util.FileUtils (LogUtils.java:supplyAndLog(82)) - Successfully supplied Files.newOutputStream CREATE_NEW /workdir/ratis-examples/target/test/data/7b8a2dfb/TestFileStoreWithNetty/filestore/s2/file38: java.nio.channels.Channels$1@37e8032b
2019-09-26 13:30:15,547 TRACE util.FileUtils (LogUtils.java:supplyAndLog(82)) - Successfully supplied Files.newOutputStream CREATE_NEW /workdir/ratis-examples/target/test/data/7b8a2dfb/TestFileStoreWithNetty/filestore/s1/file37: java.nio.channels.Channels$1@79661d42
2019-09-26 13:30:15,551 TRACE util.FileUtils (LogUtils.java:supplyAndLog(82)) - Successfully supplied Files.newOutputStream CREATE_NEW /workdir/ratis-examples/target/test/data/7b8a2dfb/TestFileStoreWithNetty/filestore/s2/file37: java.nio.channels.Channels$1@312d6f31
2019-09-26 13:30:15,551 TRACE util.FileUtils (LogUtils.java:supplyAndLog(82)) - Successfully supplied Files.newOutputStream CREATE_NEW /workdir/ratis-examples/target/test/data/7b8a2dfb/TestFileStoreWithNetty/filestore/s0/file37: java.nio.channels.Channels$1@7e3d7f3e
2019-09-26 13:30:15,580 TRACE util.FileUtils (LogUtils.java:supplyAndLog(82)) - Successfully supplied Files.newOutputStream CREATE_NEW /workdir/ratis-examples/target/test/data/7b8a2dfb/TestFileStoreWithNetty/filestore/s1/file39: java.nio.channels.Channels$1@171fd145
2019-09-26 13:30:15,582 TRACE util.FileUtils (LogUtils.java:supplyAndLog(82)) - Successfully supplied Files.newOutputStream CREATE_NEW /workdir/ratis-examples/target/test/data/7b8a2dfb/TestFileStoreWithNetty/filestore/s2/file39: java.nio.channels.Channels$1@12ccd3cd
2019-09-26 13:30:15,582 TRACE util.FileUtils (LogUtils.java:supplyAndLog(82)) - Successfully supplied Files.newOutputStream CREATE_NEW /workdir/ratis-examples/target/test/data/7b8a2dfb/TestFileStoreWithNetty/filestore/s0/file39: java.nio.channels.Channels$1@4e9b753a
2019-09-26 13:30:17,651 INFO  ratis.MiniRaftCluster (MiniRaftCluster.java:lambda$null$5(297)) - TIMED-PRINT: printing ALL groups
  s0:  RUNNING  FOLLOWER s0@group-B6F2DE967D4B:t2, leader=s1, voted=s1, raftlog=s0@group-B6F2DE967D4B-SegmentedRaftLog:OPENED:c14930,f14936,i14940, conf=0: [s0:0.0.0.0:35127, s1:0.0.0.0:38626, s2:0.0.0.0:43773], old=null RUNNING
  s1:  RUNNING    LEADER s1@group-B6F2DE967D4B:t2, leader=s1, voted=s1, raftlog=s1@group-B6F2DE967D4B-SegmentedRaftLog:OPENED:c14936,f14937,i14942, conf=0: [s0:0.0.0.0:35127, s1:0.0.0.0:38626, s2:0.0.0.0:43773], old=null RUNNING
  s2:  RUNNING  FOLLOWER s2@group-B6F2DE967D4B:t2, leader=s1, voted=s1, raftlog=s2@group-B6F2DE967D4B-SegmentedRaftLog:OPENED:c14928,f14935,i14936, conf=0: [s0:0.0.0.0:35127, s1:0.0.0.0:38626, s2:0.0.0.0:43773], old=null RUNNING
2019-09-26 13:30:19,332 INFO  logging.LoggingHandler (AbstractInternalLogger.java:log(150)) - [id: 0x51301cc5, L:0.0.0.0/0.0.0.0:35127] READ: [id: 0xcc248f2a, L:/192.168.164.227:35127 - R:/192.168.164.227:48502]
2019-09-26 13:30:19,334 INFO  logging.LoggingHandler (AbstractInternalLogger.java:log(150)) - [id: 0x51301cc5, L:0.0.0.0/0.0.0.0:35127] READ COMPLETE
2019-09-26 13:30:19,337 INFO  logging.LoggingHandler (AbstractInternalLogger.java:log(150)) - [id: 0x20c56452, L:/0.0.0.0:38626] READ: [id: 0x255f8b87, L:/192.168.164.227:38626 - R:/192.168.164.227:57874]
2019-09-26 13:30:19,338 INFO  logging.LoggingHandler (AbstractInternalLogger.java:log(150)) - [id: 0x20c56452, L:/0.0.0.0:38626] READ COMPLETE
2019-09-26 13:30:19,401 INFO  logging.LoggingHandler (AbstractInternalLogger.java:log(150)) - [id: 0x51301cc5, L:0.0.0.0/0.0.0.0:35127] READ: [id: 0xf6b8b2ac, L:/192.168.164.227:35127 - R:/192.168.164.227:48506]
2019-09-26 13:30:19,401 INFO  logging.LoggingHandler (AbstractInternalLogger.java:log(150)) - [id: 0x51301cc5, L:0.0.0.0/0.0.0.0:35127] READ COMPLETE
2019-09-26 13:30:19,414 TRACE util.FileUtils (LogUtils.java:supplyAndLog(82)) - Successfully supplied Files.newOutputStream CREATE_NEW /workdir/ratis-examples/target/test/data/7b8a2dfb/TestFileStoreWithNetty/filestore/s1/file40: java.nio.channels.Channels$1@e06fd58
2019-09-26 13:30:19,414 TRACE util.FileUtils (LogUtils.java:supplyAndLog(82)) - Successfully supplied Files.newOutputStream CREATE_NEW /workdir/ratis-examples/target/test/data/7b8a2dfb/TestFileStoreWithNetty/filestore/s0/file40: java.nio.channels.Channels$1@257a7b06
2019-09-26 13:30:19,415 INFO  logging.LoggingHandler (AbstractInternalLogger.java:log(150)) - [id: 0x20c56452, L:/0.0.0.0:38626] READ: [id: 0xa2a43d76, L:/192.168.164.227:38626 - R:/192.168.164.227:57878]
2019-09-26 13:30:19,415 TRACE util.FileUtils (LogUtils.java:supplyAndLog(82)) - Successfully supplied Files.newOutputStream CREATE_NEW /workdir/ratis-examples/target/test/data/7b8a2dfb/TestFileStoreWithNetty/filestore/s2/file40: java.nio.channels.Channels$1@2df337df
2019-09-26 13:30:19,416 INFO  logging.LoggingHandler (AbstractInternalLogger.java:log(150)) - [id: 0x20c56452, L:/0.0.0.0:38626] READ COMPLETE
2019-09-26 13:30:19,448 INFO  logging.LoggingHandler (AbstractInternalLogger.java:log(150)) - [id: 0x51301cc5, L:0.0.0.0/0.0.0.0:35127] READ: [id: 0xcb43fc0c, L:/192.168.164.227:35127 - R:/192.168.164.227:48510]
2019-09-26 13:30:19,448 INFO  logging.LoggingHandler (AbstractInternalLogger.java:log(150)) - [id: 0x51301cc5, L:0.0.0.0/0.0.0.0:35127] READ COMPLETE
2019-09-26 13:30:19,450 INFO  logging.LoggingHandler (AbstractInternalLogger.java:log(150)) - [id: 0x20c56452, L:/0.0.0.0:38626] READ: [id: 0x07d039de, L:/192.168.164.227:38626 - R:/192.168.164.227:57882]
2019-09-26 13:30:19,450 INFO  logging.LoggingHandler (AbstractInternalLogger.java:log(150)) - [id: 0x20c56452, L:/0.0.0.0:38626] READ COMPLETE
2019-09-26 13:30:19,517 TRACE util.FileUtils (LogUtils.java:supplyAndLog(82)) - Successfully supplied Files.newOutputStream CREATE_NEW /workdir/ratis-examples/target/test/data/7b8a2dfb/TestFileStoreWithNetty/filestore/s1/file41: java.nio.channels.Channels$1@3e4cce8d
2019-09-26 13:30:19,519 TRACE util.FileUtils (LogUtils.java:supplyAndLog(82)) - Successfully supplied Files.newOutputStream CREATE_NEW /workdir/ratis-examples/target/test/data/7b8a2dfb/TestFileStoreWithNetty/filestore/s0/file41: java.nio.channels.Channels$1@2cec9225
2019-09-26 13:30:19,520 INFO  logging.LoggingHandler (AbstractInternalLogger.java:log(150)) - [id: 0x51301cc5, L:0.0.0.0/0.0.0.0:35127] READ: [id: 0x1e262b6f, L:/192.168.164.227:35127 - R:/192.168.164.227:48516]
2019-09-26 13:30:19,520 INFO  logging.LoggingHandler (AbstractInternalLogger.java:log(150)) - [id: 0x51301cc5, L:0.0.0.0/0.0.0.0:35127] READ COMPLETE
2019-09-26 13:30:19,520 TRACE util.FileUtils (LogUtils.java:supplyAndLog(82)) - Successfully supplied Files.newOutputStream CREATE_NEW /workdir/ratis-examples/target/test/data/7b8a2dfb/TestFileStoreWithNetty/filestore/s2/file41: java.nio.channels.Channels$1@7baae43
2019-09-26 13:30:19,522 INFO  logging.LoggingHandler (AbstractInternalLogger.java:log(150)) - [id: 0x20c56452, L:/0.0.0.0:38626] READ: [id: 0xf90ee4f6, L:/192.168.164.227:38626 - R:/192.168.164.227:57888]
2019-09-26 13:30:19,523 INFO  logging.LoggingHandler (AbstractInternalLogger.java:log(150)) - [id: 0x20c56452, L:/0.0.0.0:38626] READ COMPLETE
2019-09-26 13:30:19,529 TRACE util.FileUtils (LogUtils.java:supplyAndLog(82)) - Successfully supplied Files.newOutputStream CREATE_NEW /workdir/ratis-examples/target/test/data/7b8a2dfb/TestFileStoreWithNetty/filestore/s1/file42: java.nio.channels.Channels$1@521d4dc2
2019-09-26 13:30:19,531 TRACE util.FileUtils (LogUtils.java:supplyAndLog(82)) - Successfully supplied Files.newOutputStream CREATE_NEW /workdir/ratis-examples/target/test/data/7b8a2dfb/TestFileStoreWithNetty/filestore/s2/file42: java.nio.channels.Channels$1@48099cb
2019-09-26 13:30:19,531 TRACE util.FileUtils (LogUtils.java:supplyAndLog(82)) - Successfully supplied Files.newOutputStream CREATE_NEW /workdir/ratis-examples/target/test/data/7b8a2dfb/TestFileStoreWithNetty/filestore/s0/file42: java.nio.channels.Channels$1@5b901ec1
2019-09-26 13:30:19,538 TRACE util.FileUtils (LogUtils.java:supplyAndLog(82)) - Successfully supplied Files.newOutputStream CREATE_NEW /workdir/ratis-examples/target/test/data/7b8a2dfb/TestFileStoreWithNetty/filestore/s1/file43: java.nio.channels.Channels$1@a396840
2019-09-26 13:30:19,538 TRACE util.FileUtils (LogUtils.java:supplyAndLog(82)) - Successfully supplied Files.newOutputStream CREATE_NEW /workdir/ratis-examples/target/test/data/7b8a2dfb/TestFileStoreWithNetty/filestore/s0/file43: java.nio.channels.Channels$1@1e9e7da3
2019-09-26 13:30:19,541 TRACE util.FileUtils (LogUtils.java:supplyAndLog(82)) - Successfully supplied Files.newOutputStream CREATE_NEW /workdir/ratis-examples/target/test/data/7b8a2dfb/TestFileStoreWithNetty/filestore/s2/file43: java.nio.channels.Channels$1@377ec5e
2019-09-26 13:30:22,641 INFO  logging.LoggingHandler (AbstractInternalLogger.java:log(150)) - [id: 0x51301cc5, L:0.0.0.0/0.0.0.0:35127] READ: [id: 0x6b2199f8, L:/192.168.164.227:35127 - R:/192.168.164.227:48548]
2019-09-26 13:30:22,642 INFO  logging.LoggingHandler (AbstractInternalLogger.java:log(150)) - [id: 0x51301cc5, L:0.0.0.0/0.0.0.0:35127] READ COMPLETE
2019-09-26 13:30:22,645 INFO  logging.LoggingHandler (AbstractInternalLogger.java:log(150)) - [id: 0x20c56452, L:/0.0.0.0:38626] READ: [id: 0x5bb82f18, L:/192.168.164.227:38626 - R:/192.168.164.227:57920]
2019-09-26 13:30:22,645 INFO  logging.LoggingHandler (AbstractInternalLogger.java:log(150)) - [id: 0x20c56452, L:/0.0.0.0:38626] READ COMPLETE
2019-09-26 13:30:22,722 INFO  logging.LoggingHandler (AbstractInternalLogger.java:log(150)) - [id: 0x51301cc5, L:0.0.0.0/0.0.0.0:35127] READ: [id: 0xf1c76357, L:/192.168.164.227:35127 - R:/192.168.164.227:48552]
2019-09-26 13:30:22,723 TRACE util.FileUtils (LogUtils.java:supplyAndLog(82)) - Successfully supplied Files.newOutputStream CREATE_NEW /workdir/ratis-examples/target/test/data/7b8a2dfb/TestFileStoreWithNetty/filestore/s1/file44: java.nio.channels.Channels$1@4f3bf763
2019-09-26 13:30:22,723 INFO  logging.LoggingHandler (AbstractInternalLogger.java:log(150)) - [id: 0x51301cc5, L:0.0.0.0/0.0.0.0:35127] READ COMPLETE
2019-09-26 13:30:22,725 TRACE util.FileUtils (LogUtils.java:supplyAndLog(82)) - Successfully supplied Files.newOutputStream CREATE_NEW /workdir/ratis-examples/target/test/data/7b8a2dfb/TestFileStoreWithNetty/filestore/s0/file44: java.nio.channels.Channels$1@6b913707
2019-09-26 13:30:22,725 TRACE util.FileUtils (LogUtils.java:supplyAndLog(82)) - Successfully supplied Files.newOutputStream CREATE_NEW /workdir/ratis-examples/target/test/data/7b8a2dfb/TestFileStoreWithNetty/filestore/s2/file44: java.nio.channels.Channels$1@bf0d83
2019-09-26 13:30:22,726 INFO  logging.LoggingHandler (AbstractInternalLogger.java:log(150)) - [id: 0x20c56452, L:/0.0.0.0:38626] READ: [id: 0x79f9c3df, L:/192.168.164.227:38626 - R:/192.168.164.227:57924]
2019-09-26 13:30:22,727 INFO  logging.LoggingHandler (AbstractInternalLogger.java:log(150)) - [id: 0x20c56452, L:/0.0.0.0:38626] READ COMPLETE
2019-09-26 13:30:22,792 INFO  logging.LoggingHandler (AbstractInternalLogger.java:log(150)) - [id: 0x51301cc5, L:0.0.0.0/0.0.0.0:35127] READ: [id: 0x4c87265b, L:/192.168.164.227:35127 - R:/192.168.164.227:48556]
2019-09-26 13:30:22,792 INFO  logging.LoggingHandler (AbstractInternalLogger.java:log(150)) - [id: 0x51301cc5, L:0.0.0.0/0.0.0.0:35127] READ COMPLETE
2019-09-26 13:30:22,794 INFO  logging.LoggingHandler (AbstractInternalLogger.java:log(150)) - [id: 0x20c56452, L:/0.0.0.0:38626] READ: [id: 0x8825c0d2, L:/192.168.164.227:38626 - R:/192.168.164.227:57928]
2019-09-26 13:30:22,795 INFO  logging.LoggingHandler (AbstractInternalLogger.java:log(150)) - [id: 0x20c56452, L:/0.0.0.0:38626] READ COMPLETE
2019-09-26 13:30:22,886 INFO  logging.LoggingHandler (AbstractInternalLogger.java:log(150)) - [id: 0x51301cc5, L:0.0.0.0/0.0.0.0:35127] READ: [id: 0x898b54db, L:/192.168.164.227:35127 - R:/192.168.164.227:48560]
2019-09-26 13:30:22,886 INFO  logging.LoggingHandler (AbstractInternalLogger.java:log(150)) - [id: 0x51301cc5, L:0.0.0.0/0.0.0.0:35127] READ COMPLETE
2019-09-26 13:30:22,889 INFO  logging.LoggingHandler (AbstractInternalLogger.java:log(150)) - [id: 0x20c56452, L:/0.0.0.0:38626] READ: [id: 0x7f124d45, L:/192.168.164.227:38626 - R:/192.168.164.227:57932]
2019-09-26 13:30:22,889 TRACE util.FileUtils (LogUtils.java:supplyAndLog(82)) - Successfully supplied Files.newOutputStream CREATE_NEW /workdir/ratis-examples/target/test/data/7b8a2dfb/TestFileStoreWithNetty/filestore/s2/file45: java.nio.channels.Channels$1@5be93e1d
2019-09-26 13:30:22,889 TRACE util.FileUtils (LogUtils.java:supplyAndLog(82)) - Successfully supplied Files.newOutputStream CREATE_NEW /workdir/ratis-examples/target/test/data/7b8a2dfb/TestFileStoreWithNetty/filestore/s1/file45: java.nio.channels.Channels$1@7b5c9d66
2019-09-26 13:30:22,889 INFO  logging.LoggingHandler (AbstractInternalLogger.java:log(150)) - [id: 0x20c56452, L:/0.0.0.0:38626] READ COMPLETE
2019-09-26 13:30:22,890 TRACE util.FileUtils (LogUtils.java:supplyAndLog(82)) - Successfully supplied Files.newOutputStream CREATE_NEW /workdir/ratis-examples/target/test/data/7b8a2dfb/TestFileStoreWithNetty/filestore/s0/file45: java.nio.channels.Channels$1@d4c206b
2019-09-26 13:30:22,904 TRACE util.FileUtils (LogUtils.java:supplyAndLog(82)) - Successfully supplied Files.newOutputStream CREATE_NEW /workdir/ratis-examples/target/test/data/7b8a2dfb/TestFileStoreWithNetty/filestore/s1/file46: java.nio.channels.Channels$1@24a26f61
2019-09-26 13:30:22,922 TRACE util.FileUtils (LogUtils.java:supplyAndLog(82)) - Successfully supplied Files.newOutputStream CREATE_NEW /workdir/ratis-examples/target/test/data/7b8a2dfb/TestFileStoreWithNetty/filestore/s2/file46: java.nio.channels.Channels$1@65bb178
2019-09-26 13:30:22,925 TRACE util.FileUtils (LogUtils.java:supplyAndLog(82)) - Successfully supplied Files.newOutputStream CREATE_NEW /workdir/ratis-examples/target/test/data/7b8a2dfb/TestFileStoreWithNetty/filestore/s0/file46: java.nio.channels.Channels$1@6f86c07a
2019-09-26 13:30:22,952 TRACE util.FileUtils (LogUtils.java:supplyAndLog(82)) - Successfully supplied Files.newOutputStream CREATE_NEW /workdir/ratis-examples/target/test/data/7b8a2dfb/TestFileStoreWithNetty/filestore/s1/file47: java.nio.channels.Channels$1@1fff5bcf
2019-09-26 13:30:22,952 TRACE util.FileUtils (LogUtils.java:supplyAndLog(82)) - Successfully supplied Files.newOutputStream CREATE_NEW /workdir/ratis-examples/target/test/data/7b8a2dfb/TestFileStoreWithNetty/filestore/s0/file47: java.nio.channels.Channels$1@2fca825a
2019-09-26 13:30:22,953 TRACE util.FileUtils (LogUtils.java:supplyAndLog(82)) - Successfully supplied Files.newOutputStream CREATE_NEW /workdir/ratis-examples/target/test/data/7b8a2dfb/TestFileStoreWithNetty/filestore/s2/file47: java.nio.channels.Channels$1@494b5dde
2019-09-26 13:30:22,954 INFO  logging.LoggingHandler (AbstractInternalLogger.java:log(150)) - [id: 0x51301cc5, L:0.0.0.0/0.0.0.0:35127] READ: [id: 0xc536b9d5, L:/192.168.164.227:35127 - R:/192.168.164.227:48564]
2019-09-26 13:30:22,955 INFO  logging.LoggingHandler (AbstractInternalLogger.java:log(150)) - [id: 0x51301cc5, L:0.0.0.0/0.0.0.0:35127] READ COMPLETE
2019-09-26 13:30:22,957 INFO  logging.LoggingHandler (AbstractInternalLogger.java:log(150)) - [id: 0x20c56452, L:/0.0.0.0:38626] READ: [id: 0x87f09319, L:/192.168.164.227:38626 - R:/192.168.164.227:57936]
2019-09-26 13:30:22,957 INFO  logging.LoggingHandler (AbstractInternalLogger.java:log(150)) - [id: 0x20c56452, L:/0.0.0.0:38626] READ COMPLETE
2019-09-26 13:30:23,044 TRACE util.FileUtils (LogUtils.java:supplyAndLog(82)) - Successfully supplied Files.newOutputStream CREATE_NEW /workdir/ratis-examples/target/test/data/7b8a2dfb/TestFileStoreWithNetty/filestore/s1/file48: java.nio.channels.Channels$1@2b27923c
2019-09-26 13:30:23,047 TRACE util.FileUtils (LogUtils.java:supplyAndLog(82)) - Successfully supplied Files.newOutputStream CREATE_NEW /workdir/ratis-examples/target/test/data/7b8a2dfb/TestFileStoreWithNetty/filestore/s0/file48: java.nio.channels.Channels$1@132f964f
2019-09-26 13:30:23,049 TRACE util.FileUtils (LogUtils.java:supplyAndLog(82)) - Successfully supplied Files.newOutputStream CREATE_NEW /workdir/ratis-examples/target/test/data/7b8a2dfb/TestFileStoreWithNetty/filestore/s2/file48: java.nio.channels.Channels$1@45bd93f0
2019-09-26 13:30:26,238 INFO  logging.LoggingHandler (AbstractInternalLogger.java:log(150)) - [id: 0x51301cc5, L:0.0.0.0/0.0.0.0:35127] READ: [id: 0xec74a5fd, L:/192.168.164.227:35127 - R:/192.168.164.227:48584]
2019-09-26 13:30:26,239 INFO  logging.LoggingHandler (AbstractInternalLogger.java:log(150)) - [id: 0x51301cc5, L:0.0.0.0/0.0.0.0:35127] READ COMPLETE
2019-09-26 13:30:26,252 INFO  logging.LoggingHandler (AbstractInternalLogger.java:log(150)) - [id: 0x20c56452, L:/0.0.0.0:38626] READ: [id: 0x8a0d07fa, L:/192.168.164.227:38626 - R:/192.168.164.227:57956]
2019-09-26 13:30:26,253 INFO  logging.LoggingHandler (AbstractInternalLogger.java:log(150)) - [id: 0x20c56452, L:/0.0.0.0:38626] READ COMPLETE
2019-09-26 13:30:26,311 INFO  logging.LoggingHandler (AbstractInternalLogger.java:log(150)) - [id: 0x51301cc5, L:0.0.0.0/0.0.0.0:35127] READ: [id: 0xd91d3d54, L:/192.168.164.227:35127 - R:/192.168.164.227:48588]
2019-09-26 13:30:26,311 INFO  logging.LoggingHandler (AbstractInternalLogger.java:log(150)) - [id: 0x51301cc5, L:0.0.0.0/0.0.0.0:35127] READ COMPLETE
2019-09-26 13:30:26,314 INFO  logging.LoggingHandler (AbstractInternalLogger.java:log(150)) - [id: 0x20c56452, L:/0.0.0.0:38626] READ: [id: 0x2a5a7bf6, L:/192.168.164.227:38626 - R:/192.168.164.227:57960]
2019-09-26 13:30:26,314 INFO  logging.LoggingHandler (AbstractInternalLogger.java:log(150)) - [id: 0x20c56452, L:/0.0.0.0:38626] READ COMPLETE
2019-09-26 13:30:26,374 INFO  logging.LoggingHandler (AbstractInternalLogger.java:log(150)) - [id: 0x51301cc5, L:0.0.0.0/0.0.0.0:35127] READ: [id: 0x18fe399c, L:/192.168.164.227:35127 - R:/192.168.164.227:48596]
2019-09-26 13:30:26,374 INFO  logging.LoggingHandler (AbstractInternalLogger.java:log(150)) - [id: 0x51301cc5, L:0.0.0.0/0.0.0.0:35127] READ COMPLETE
2019-09-26 13:30:26,377 INFO  logging.LoggingHandler (AbstractInternalLogger.java:log(150)) - [id: 0x20c56452, L:/0.0.0.0:38626] READ: [id: 0xaa276941, L:/192.168.164.227:38626 - R:/192.168.164.227:57968]
2019-09-26 13:30:26,377 INFO  logging.LoggingHandler (AbstractInternalLogger.java:log(150)) - [id: 0x20c56452, L:/0.0.0.0:38626] READ COMPLETE
2019-09-26 13:30:26,378 INFO  logging.LoggingHandler (AbstractInternalLogger.java:log(150)) - [id: 0x51301cc5, L:0.0.0.0/0.0.0.0:35127] READ: [id: 0x1f57062a, L:/192.168.164.227:35127 - R:/192.168.164.227:48600]
2019-09-26 13:30:26,379 INFO  logging.LoggingHandler (AbstractInternalLogger.java:log(150)) - [id: 0x51301cc5, L:0.0.0.0/0.0.0.0:35127] READ COMPLETE
2019-09-26 13:30:26,380 INFO  logging.LoggingHandler (AbstractInternalLogger.java:log(150)) - [id: 0x51301cc5, L:0.0.0.0/0.0.0.0:35127] READ: [id: 0xec4e1f6b, L:/192.168.164.227:35127 - R:/192.168.164.227:48602]
2019-09-26 13:30:26,380 INFO  logging.LoggingHandler (AbstractInternalLogger.java:log(150)) - [id: 0x51301cc5, L:0.0.0.0/0.0.0.0:35127] READ COMPLETE
2019-09-26 13:30:26,381 INFO  logging.LoggingHandler (AbstractInternalLogger.java:log(150)) - [id: 0x20c56452, L:/0.0.0.0:38626] READ: [id: 0x5e57937c, L:/192.168.164.227:38626 - R:/192.168.164.227:57974]
2019-09-26 13:30:26,381 INFO  logging.LoggingHandler (AbstractInternalLogger.java:log(150)) - [id: 0x20c56452, L:/0.0.0.0:38626] READ COMPLETE
2019-09-26 13:30:26,403 TRACE util.FileUtils (LogUtils.java:supplyAndLog(82)) - Successfully supplied Files.newOutputStream CREATE_NEW /workdir/ratis-examples/target/test/data/7b8a2dfb/TestFileStoreWithNetty/filestore/s1/file50: java.nio.channels.Channels$1@57996244
2019-09-26 13:30:26,403 INFO  logging.LoggingHandler (AbstractInternalLogger.java:log(150)) - [id: 0x20c56452, L:/0.0.0.0:38626] READ: [id: 0x9ce8b044, L:/192.168.164.227:38626 - R:/192.168.164.227:57976]
2019-09-26 13:30:26,404 INFO  logging.LoggingHandler (AbstractInternalLogger.java:log(150)) - [id: 0x20c56452, L:/0.0.0.0:38626] READ COMPLETE
2019-09-26 13:30:26,418 TRACE util.FileUtils (LogUtils.java:supplyAndLog(82)) - Successfully supplied Files.newOutputStream CREATE_NEW /workdir/ratis-examples/target/test/data/7b8a2dfb/TestFileStoreWithNetty/filestore/s0/file50: java.nio.channels.Channels$1@3ab6652a
2019-09-26 13:30:26,431 TRACE util.FileUtils (LogUtils.java:supplyAndLog(82)) - Successfully supplied Files.newOutputStream CREATE_NEW /workdir/ratis-examples/target/test/data/7b8a2dfb/TestFileStoreWithNetty/filestore/s2/file50: java.nio.channels.Channels$1@213dad14
2019-09-26 13:30:26,433 TRACE util.FileUtils (LogUtils.java:supplyAndLog(82)) - Successfully supplied Files.newOutputStream CREATE_NEW /workdir/ratis-examples/target/test/data/7b8a2dfb/TestFileStoreWithNetty/filestore/s1/file49: java.nio.channels.Channels$1@62fe5150
2019-09-26 13:30:26,435 TRACE util.FileUtils (LogUtils.java:supplyAndLog(82)) - Successfully supplied Files.newOutputStream CREATE_NEW /workdir/ratis-examples/target/test/data/7b8a2dfb/TestFileStoreWithNetty/filestore/s2/file49: java.nio.channels.Channels$1@6338a337
2019-09-26 13:30:26,436 TRACE util.FileUtils (LogUtils.java:supplyAndLog(82)) - Successfully supplied Files.newOutputStream CREATE_NEW /workdir/ratis-examples/target/test/data/7b8a2dfb/TestFileStoreWithNetty/filestore/s0/file49: java.nio.channels.Channels$1@73baf38b
2019-09-26 13:30:26,458 TRACE util.FileUtils (LogUtils.java:supplyAndLog(82)) - Successfully supplied Files.newOutputStream CREATE_NEW /workdir/ratis-examples/target/test/data/7b8a2dfb/TestFileStoreWithNetty/filestore/s1/file53: java.nio.channels.Channels$1@5e8a7cc6
2019-09-26 13:30:26,458 TRACE util.FileUtils (LogUtils.java:supplyAndLog(82)) - Successfully supplied Files.newOutputStream CREATE_NEW /workdir/ratis-examples/target/test/data/7b8a2dfb/TestFileStoreWithNetty/filestore/s1/file51: java.nio.channels.Channels$1@47e93aca
2019-09-26 13:30:26,459 TRACE util.FileUtils (LogUtils.java:supplyAndLog(82)) - Successfully supplied Files.newOutputStream CREATE_NEW /workdir/ratis-examples/target/test/data/7b8a2dfb/TestFileStoreWithNetty/filestore/s0/file51: java.nio.channels.Channels$1@69c7fd7f
2019-09-26 13:30:26,459 TRACE util.FileUtils (LogUtils.java:supplyAndLog(82)) - Successfully supplied Files.newOutputStream CREATE_NEW /workdir/ratis-examples/target/test/data/7b8a2dfb/TestFileStoreWithNetty/filestore/s0/file53: java.nio.channels.Channels$1@1e928bd7
2019-09-26 13:30:26,467 TRACE util.FileUtils (LogUtils.java:supplyAndLog(82)) - Successfully supplied Files.newOutputStream CREATE_NEW /workdir/ratis-examples/target/test/data/7b8a2dfb/TestFileStoreWithNetty/filestore/s2/file53: java.nio.channels.Channels$1@4fd48354
2019-09-26 13:30:26,467 TRACE util.FileUtils (LogUtils.java:supplyAndLog(82)) - Successfully supplied Files.newOutputStream CREATE_NEW /workdir/ratis-examples/target/test/data/7b8a2dfb/TestFileStoreWithNetty/filestore/s2/file51: java.nio.channels.Channels$1@51613202
2019-09-26 13:30:26,471 TRACE util.FileUtils (LogUtils.java:supplyAndLog(82)) - Successfully supplied Files.newOutputStream CREATE_NEW /workdir/ratis-examples/target/test/data/7b8a2dfb/TestFileStoreWithNetty/filestore/s1/file52: java.nio.channels.Channels$1@5c51e2b7
2019-09-26 13:30:26,472 TRACE util.FileUtils (LogUtils.java:supplyAndLog(82)) - Successfully supplied Files.newOutputStream CREATE_NEW /workdir/ratis-examples/target/test/data/7b8a2dfb/TestFileStoreWithNetty/filestore/s2/file52: java.nio.channels.Channels$1@49332d23
2019-09-26 13:30:26,473 TRACE util.FileUtils (LogUtils.java:supplyAndLog(82)) - Successfully supplied Files.newOutputStream CREATE_NEW /workdir/ratis-examples/target/test/data/7b8a2dfb/TestFileStoreWithNetty/filestore/s0/file52: java.nio.channels.Channels$1@477bef72
2019-09-26 13:30:27,651 INFO  ratis.MiniRaftCluster (MiniRaftCluster.java:lambda$null$5(297)) - TIMED-PRINT: printing ALL groups
  s0:  RUNNING  FOLLOWER s0@group-B6F2DE967D4B:t2, leader=s1, voted=s1, raftlog=s0@group-B6F2DE967D4B-SegmentedRaftLog:OPENED:c19422,f19425,i19427, conf=0: [s0:0.0.0.0:35127, s1:0.0.0.0:38626, s2:0.0.0.0:43773], old=null RUNNING
  s1:  RUNNING    LEADER s1@group-B6F2DE967D4B:t2, leader=s1, voted=s1, raftlog=s1@group-B6F2DE967D4B-SegmentedRaftLog:OPENED:c19427,f19427,i19427, conf=0: [s0:0.0.0.0:35127, s1:0.0.0.0:38626, s2:0.0.0.0:43773], old=null RUNNING
  s2:  RUNNING  FOLLOWER s2@group-B6F2DE967D4B:t2, leader=s1, voted=s1, raftlog=s2@group-B6F2DE967D4B-SegmentedRaftLog:OPENED:c19422,f19427,i19427, conf=0: [s0:0.0.0.0:35127, s1:0.0.0.0:38626, s2:0.0.0.0:43773], old=null RUNNING
2019-09-26 13:30:29,017 INFO  logging.LoggingHandler (AbstractInternalLogger.java:log(150)) - [id: 0x51301cc5, L:0.0.0.0/0.0.0.0:35127] READ: [id: 0x02d148d7, L:/192.168.164.227:35127 - R:/192.168.164.227:48618]
2019-09-26 13:30:29,018 INFO  logging.LoggingHandler (AbstractInternalLogger.java:log(150)) - [id: 0x51301cc5, L:0.0.0.0/0.0.0.0:35127] READ COMPLETE
2019-09-26 13:30:29,019 INFO  logging.LoggingHandler (AbstractInternalLogger.java:log(150)) - [id: 0x20c56452, L:/0.0.0.0:38626] READ: [id: 0x8086d310, L:/192.168.164.227:38626 - R:/192.168.164.227:57990]
2019-09-26 13:30:29,021 INFO  logging.LoggingHandler (AbstractInternalLogger.java:log(150)) - [id: 0x20c56452, L:/0.0.0.0:38626] READ COMPLETE
2019-09-26 13:30:29,023 INFO  logging.LoggingHandler (AbstractInternalLogger.java:log(150)) - [id: 0x51301cc5, L:0.0.0.0/0.0.0.0:35127] READ: [id: 0x934a3cbb, L:/192.168.164.227:35127 - R:/192.168.164.227:48622]
2019-09-26 13:30:29,023 INFO  logging.LoggingHandler (AbstractInternalLogger.java:log(150)) - [id: 0x51301cc5, L:0.0.0.0/0.0.0.0:35127] READ COMPLETE
2019-09-26 13:30:29,024 INFO  logging.LoggingHandler (AbstractInternalLogger.java:log(150)) - [id: 0x20c56452, L:/0.0.0.0:38626] READ: [id: 0xe9b3505b, L:/192.168.164.227:38626 - R:/192.168.164.227:57994]
2019-09-26 13:30:29,024 INFO  logging.LoggingHandler (AbstractInternalLogger.java:log(150)) - [id: 0x20c56452, L:/0.0.0.0:38626] READ COMPLETE
2019-09-26 13:30:29,033 TRACE util.FileUtils (LogUtils.java:supplyAndLog(82)) - Successfully supplied Files.newOutputStream CREATE_NEW /workdir/ratis-examples/target/test/data/7b8a2dfb/TestFileStoreWithNetty/filestore/s1/file54: java.nio.channels.Channels$1@6e68cae0
2019-09-26 13:30:29,045 TRACE util.FileUtils (LogUtils.java:supplyAndLog(82)) - Successfully supplied Files.newOutputStream CREATE_NEW /workdir/ratis-examples/target/test/data/7b8a2dfb/TestFileStoreWithNetty/filestore/s2/file54: java.nio.channels.Channels$1@74fc054a
2019-09-26 13:30:29,045 TRACE util.FileUtils (LogUtils.java:supplyAndLog(82)) - Successfully supplied Files.newOutputStream CREATE_NEW /workdir/ratis-examples/target/test/data/7b8a2dfb/TestFileStoreWithNetty/filestore/s0/file54: java.nio.channels.Channels$1@7eb182ec
2019-09-26 13:30:29,047 TRACE util.FileUtils (LogUtils.java:supplyAndLog(82)) - Successfully supplied Files.newOutputStream CREATE_NEW /workdir/ratis-examples/target/test/data/7b8a2dfb/TestFileStoreWithNetty/filestore/s1/file55: java.nio.channels.Channels$1@47ebb537
2019-09-26 13:30:29,059 TRACE util.FileUtils (LogUtils.java:supplyAndLog(82)) - Successfully supplied Files.newOutputStream CREATE_NEW /workdir/ratis-examples/target/test/data/7b8a2dfb/TestFileStoreWithNetty/filestore/s2/file55: java.nio.channels.Channels$1@27524c95
2019-09-26 13:30:29,059 TRACE util.FileUtils (LogUtils.java:supplyAndLog(82)) - Successfully supplied Files.newOutputStream CREATE_NEW /workdir/ratis-examples/target/test/data/7b8a2dfb/TestFileStoreWithNetty/filestore/s0/file55: java.nio.channels.Channels$1@5d2c73cb
2019-09-26 13:30:29,459 INFO  logging.LoggingHandler (AbstractInternalLogger.java:log(150)) - [id: 0x51301cc5, L:0.0.0.0/0.0.0.0:35127] READ: [id: 0xb2b54f14, L:/192.168.164.227:35127 - R:/192.168.164.227:48628]
2019-09-26 13:30:29,460 INFO  logging.LoggingHandler (AbstractInternalLogger.java:log(150)) - [id: 0x51301cc5, L:0.0.0.0/0.0.0.0:35127] READ COMPLETE
2019-09-26 13:30:29,461 INFO  logging.LoggingHandler (AbstractInternalLogger.java:log(150)) - [id: 0x20c56452, L:/0.0.0.0:38626] READ: [id: 0x4a4392b5, L:/192.168.164.227:38626 - R:/192.168.164.227:58000]
2019-09-26 13:30:29,461 INFO  logging.LoggingHandler (AbstractInternalLogger.java:log(150)) - [id: 0x20c56452, L:/0.0.0.0:38626] READ COMPLETE
2019-09-26 13:30:29,500 TRACE util.FileUtils (LogUtils.java:supplyAndLog(82)) - Successfully supplied Files.newOutputStream CREATE_NEW /workdir/ratis-examples/target/test/data/7b8a2dfb/TestFileStoreWithNetty/filestore/s1/file56: java.nio.channels.Channels$1@7ebe7caf
2019-09-26 13:30:29,500 TRACE util.FileUtils (LogUtils.java:supplyAndLog(82)) - Successfully supplied Files.newOutputStream CREATE_NEW /workdir/ratis-examples/target/test/data/7b8a2dfb/TestFileStoreWithNetty/filestore/s0/file56: java.nio.channels.Channels$1@1cfabb32
2019-09-26 13:30:29,501 TRACE util.FileUtils (LogUtils.java:supplyAndLog(82)) - Successfully supplied Files.newOutputStream CREATE_NEW /workdir/ratis-examples/target/test/data/7b8a2dfb/TestFileStoreWithNetty/filestore/s2/file56: java.nio.channels.Channels$1@5669c664
2019-09-26 13:30:30,281 INFO  logging.LoggingHandler (AbstractInternalLogger.java:log(150)) - [id: 0x51301cc5, L:0.0.0.0/0.0.0.0:35127] READ: [id: 0x40b6b89b, L:/192.168.164.227:35127 - R:/192.168.164.227:48636]
2019-09-26 13:30:30,283 INFO  logging.LoggingHandler (AbstractInternalLogger.java:log(150)) - [id: 0x51301cc5, L:0.0.0.0/0.0.0.0:35127] READ COMPLETE
2019-09-26 13:30:30,288 INFO  logging.LoggingHandler (AbstractInternalLogger.java:log(150)) - [id: 0x20c56452, L:/0.0.0.0:38626] READ: [id: 0x202c7d1c, L:/192.168.164.227:38626 - R:/192.168.164.227:58008]
2019-09-26 13:30:30,289 INFO  logging.LoggingHandler (AbstractInternalLogger.java:log(150)) - [id: 0x20c56452, L:/0.0.0.0:38626] READ COMPLETE
2019-09-26 13:30:30,320 TRACE util.FileUtils (LogUtils.java:supplyAndLog(82)) - Successfully supplied Files.newOutputStream CREATE_NEW /workdir/ratis-examples/target/test/data/7b8a2dfb/TestFileStoreWithNetty/filestore/s1/file57: java.nio.channels.Channels$1@62621617
2019-09-26 13:30:30,320 TRACE util.FileUtils (LogUtils.java:supplyAndLog(82)) - Successfully supplied Files.newOutputStream CREATE_NEW /workdir/ratis-examples/target/test/data/7b8a2dfb/TestFileStoreWithNetty/filestore/s2/file57: java.nio.channels.Channels$1@743294df
2019-09-26 13:30:30,322 TRACE util.FileUtils (LogUtils.java:supplyAndLog(82)) - Successfully supplied Files.newOutputStream CREATE_NEW /workdir/ratis-examples/target/test/data/7b8a2dfb/TestFileStoreWithNetty/filestore/s0/file57: java.nio.channels.Channels$1@3e3d8456
2019-09-26 13:30:30,578 INFO  logging.LoggingHandler (AbstractInternalLogger.java:log(150)) - [id: 0x51301cc5, L:0.0.0.0/0.0.0.0:35127] READ: [id: 0x09afbefc, L:/192.168.164.227:35127 - R:/192.168.164.227:48642]
2019-09-26 13:30:30,578 INFO  logging.LoggingHandler (AbstractInternalLogger.java:log(150)) - [id: 0x51301cc5, L:0.0.0.0/0.0.0.0:35127] READ COMPLETE
2019-09-26 13:30:30,580 INFO  logging.LoggingHandler (AbstractInternalLogger.java:log(150)) - [id: 0x20c56452, L:/0.0.0.0:38626] READ: [id: 0x3765b29e, L:/192.168.164.227:38626 - R:/192.168.164.227:58014]
2019-09-26 13:30:30,580 INFO  logging.LoggingHandler (AbstractInternalLogger.java:log(150)) - [id: 0x20c56452, L:/0.0.0.0:38626] READ COMPLETE
2019-09-26 13:30:30,604 TRACE util.FileUtils (LogUtils.java:supplyAndLog(82)) - Successfully supplied Files.newOutputStream CREATE_NEW /workdir/ratis-examples/target/test/data/7b8a2dfb/TestFileStoreWithNetty/filestore/s1/file58: java.nio.channels.Channels$1@33c87d71
2019-09-26 13:30:30,607 TRACE util.FileUtils (LogUtils.java:supplyAndLog(82)) - Successfully supplied Files.newOutputStream CREATE_NEW /workdir/ratis-examples/target/test/data/7b8a2dfb/TestFileStoreWithNetty/filestore/s2/file58: java.nio.channels.Channels$1@4056eeec
2019-09-26 13:30:30,607 TRACE util.FileUtils (LogUtils.java:supplyAndLog(82)) - Successfully supplied Files.newOutputStream CREATE_NEW /workdir/ratis-examples/target/test/data/7b8a2dfb/TestFileStoreWithNetty/filestore/s0/file58: java.nio.channels.Channels$1@79ed08d8
2019-09-26 13:30:30,977 INFO  logging.LoggingHandler (AbstractInternalLogger.java:log(150)) - [id: 0x51301cc5, L:0.0.0.0/0.0.0.0:35127] READ: [id: 0x897e33dd, L:/192.168.164.227:35127 - R:/192.168.164.227:48648]
2019-09-26 13:30:30,978 INFO  logging.LoggingHandler (AbstractInternalLogger.java:log(150)) - [id: 0x51301cc5, L:0.0.0.0/0.0.0.0:35127] READ COMPLETE
2019-09-26 13:30:30,979 INFO  logging.LoggingHandler (AbstractInternalLogger.java:log(150)) - [id: 0x20c56452, L:/0.0.0.0:38626] READ: [id: 0xde2c4276, L:/192.168.164.227:38626 - R:/192.168.164.227:58020]
2019-09-26 13:30:30,980 INFO  logging.LoggingHandler (AbstractInternalLogger.java:log(150)) - [id: 0x20c56452, L:/0.0.0.0:38626] READ COMPLETE
2019-09-26 13:30:31,214 INFO  logging.LoggingHandler (AbstractInternalLogger.java:log(150)) - [id: 0x51301cc5, L:0.0.0.0/0.0.0.0:35127] READ: [id: 0xa3eb3abc, L:/192.168.164.227:35127 - R:/192.168.164.227:48652]
2019-09-26 13:30:31,214 INFO  logging.LoggingHandler (AbstractInternalLogger.java:log(150)) - [id: 0x51301cc5, L:0.0.0.0/0.0.0.0:35127] READ COMPLETE
2019-09-26 13:30:31,216 INFO  logging.LoggingHandler (AbstractInternalLogger.java:log(150)) - [id: 0x20c56452, L:/0.0.0.0:38626] READ: [id: 0xe983a859, L:/192.168.164.227:38626 - R:/192.168.164.227:58024]
2019-09-26 13:30:31,216 INFO  logging.LoggingHandler (AbstractInternalLogger.java:log(150)) - [id: 0x20c56452, L:/0.0.0.0:38626] READ COMPLETE
2019-09-26 13:30:31,255 TRACE util.FileUtils (LogUtils.java:supplyAndLog(82)) - Successfully supplied Files.newOutputStream CREATE_NEW /workdir/ratis-examples/target/test/data/7b8a2dfb/TestFileStoreWithNetty/filestore/s1/file59: java.nio.channels.Channels$1@720b73a6
2019-09-26 13:30:31,269 TRACE util.FileUtils (LogUtils.java:supplyAndLog(82)) - Successfully supplied Files.newOutputStream CREATE_NEW /workdir/ratis-examples/target/test/data/7b8a2dfb/TestFileStoreWithNetty/filestore/s2/file59: java.nio.channels.Channels$1@c49da93
2019-09-26 13:30:31,270 TRACE util.FileUtils (LogUtils.java:supplyAndLog(82)) - Successfully supplied Files.newOutputStream CREATE_NEW /workdir/ratis-examples/target/test/data/7b8a2dfb/TestFileStoreWithNetty/filestore/s0/file59: java.nio.channels.Channels$1@2cc57e23
2019-09-26 13:30:31,297 TRACE util.FileUtils (LogUtils.java:supplyAndLog(82)) - Successfully supplied Files.newOutputStream CREATE_NEW /workdir/ratis-examples/target/test/data/7b8a2dfb/TestFileStoreWithNetty/filestore/s1/file60: java.nio.channels.Channels$1@2ebac53
2019-09-26 13:30:31,297 TRACE util.FileUtils (LogUtils.java:supplyAndLog(82)) - Successfully supplied Files.newOutputStream CREATE_NEW /workdir/ratis-examples/target/test/data/7b8a2dfb/TestFileStoreWithNetty/filestore/s0/file60: java.nio.channels.Channels$1@b99f28d
2019-09-26 13:30:31,299 TRACE util.FileUtils (LogUtils.java:supplyAndLog(82)) - Successfully supplied Files.newOutputStream CREATE_NEW /workdir/ratis-examples/target/test/data/7b8a2dfb/TestFileStoreWithNetty/filestore/s2/file60: java.nio.channels.Channels$1@65492280
2019-09-26 13:30:31,389 INFO  logging.LoggingHandler (AbstractInternalLogger.java:log(150)) - [id: 0x51301cc5, L:0.0.0.0/0.0.0.0:35127] READ: [id: 0x4e5df939, L:/192.168.164.227:35127 - R:/192.168.164.227:48656]
2019-09-26 13:30:31,389 INFO  logging.LoggingHandler (AbstractInternalLogger.java:log(150)) - [id: 0x51301cc5, L:0.0.0.0/0.0.0.0:35127] READ COMPLETE
2019-09-26 13:30:31,393 INFO  logging.LoggingHandler (AbstractInternalLogger.java:log(150)) - [id: 0x20c56452, L:/0.0.0.0:38626] READ: [id: 0x6f635ba6, L:/192.168.164.227:38626 - R:/192.168.164.227:58028]
2019-09-26 13:30:31,394 INFO  logging.LoggingHandler (AbstractInternalLogger.java:log(150)) - [id: 0x20c56452, L:/0.0.0.0:38626] READ COMPLETE
2019-09-26 13:30:31,413 TRACE util.FileUtils (LogUtils.java:supplyAndLog(82)) - Successfully supplied Files.newOutputStream CREATE_NEW /workdir/ratis-examples/target/test/data/7b8a2dfb/TestFileStoreWithNetty/filestore/s1/file61: java.nio.channels.Channels$1@6e8b7ce5
2019-09-26 13:30:31,415 TRACE util.FileUtils (LogUtils.java:supplyAndLog(82)) - Successfully supplied Files.newOutputStream CREATE_NEW /workdir/ratis-examples/target/test/data/7b8a2dfb/TestFileStoreWithNetty/filestore/s2/file61: java.nio.channels.Channels$1@323eefd4
2019-09-26 13:30:31,415 TRACE util.FileUtils (LogUtils.java:supplyAndLog(82)) - Successfully supplied Files.newOutputStream CREATE_NEW /workdir/ratis-examples/target/test/data/7b8a2dfb/TestFileStoreWithNetty/filestore/s0/file61: java.nio.channels.Channels$1@33551a5a
2019-09-26 13:30:32,556 INFO  logging.LoggingHandler (AbstractInternalLogger.java:log(150)) - [id: 0x51301cc5, L:0.0.0.0/0.0.0.0:35127] READ: [id: 0x340a1bea, L:/192.168.164.227:35127 - R:/192.168.164.227:48666]
2019-09-26 13:30:32,558 INFO  logging.LoggingHandler (AbstractInternalLogger.java:log(150)) - [id: 0x51301cc5, L:0.0.0.0/0.0.0.0:35127] READ COMPLETE
2019-09-26 13:30:32,560 INFO  logging.LoggingHandler (AbstractInternalLogger.java:log(150)) - [id: 0x20c56452, L:/0.0.0.0:38626] READ: [id: 0xee46f75b, L:/192.168.164.227:38626 - R:/192.168.164.227:58038]
2019-09-26 13:30:32,560 INFO  logging.LoggingHandler (AbstractInternalLogger.java:log(150)) - [id: 0x20c56452, L:/0.0.0.0:38626] READ COMPLETE
2019-09-26 13:30:32,634 TRACE util.FileUtils (LogUtils.java:supplyAndLog(82)) - Successfully supplied Files.newOutputStream CREATE_NEW /workdir/ratis-examples/target/test/data/7b8a2dfb/TestFileStoreWithNetty/filestore/s1/file62: java.nio.channels.Channels$1@6385fd91
2019-09-26 13:30:32,636 TRACE util.FileUtils (LogUtils.java:supplyAndLog(82)) - Successfully supplied Files.newOutputStream CREATE_NEW /workdir/ratis-examples/target/test/data/7b8a2dfb/TestFileStoreWithNetty/filestore/s2/file62: java.nio.channels.Channels$1@7c0a164e
2019-09-26 13:30:32,637 TRACE util.FileUtils (LogUtils.java:supplyAndLog(82)) - Successfully supplied Files.newOutputStream CREATE_NEW /workdir/ratis-examples/target/test/data/7b8a2dfb/TestFileStoreWithNetty/filestore/s0/file62: java.nio.channels.Channels$1@1da3f09c
2019-09-26 13:30:34,672 INFO  logging.LoggingHandler (AbstractInternalLogger.java:log(150)) - [id: 0x51301cc5, L:0.0.0.0/0.0.0.0:35127] READ: [id: 0x3385cd3a, L:/192.168.164.227:35127 - R:/192.168.164.227:48682]
2019-09-26 13:30:34,673 INFO  logging.LoggingHandler (AbstractInternalLogger.java:log(150)) - [id: 0x51301cc5, L:0.0.0.0/0.0.0.0:35127] READ COMPLETE
2019-09-26 13:30:34,675 INFO  logging.LoggingHandler (AbstractInternalLogger.java:log(150)) - [id: 0x20c56452, L:/0.0.0.0:38626] READ: [id: 0xd47d45eb, L:/192.168.164.227:38626 - R:/192.168.164.227:58054]
2019-09-26 13:30:34,675 INFO  logging.LoggingHandler (AbstractInternalLogger.java:log(150)) - [id: 0x20c56452, L:/0.0.0.0:38626] READ COMPLETE
2019-09-26 13:30:34,757 TRACE util.FileUtils (LogUtils.java:supplyAndLog(82)) - Successfully supplied Files.newOutputStream CREATE_NEW /workdir/ratis-examples/target/test/data/7b8a2dfb/TestFileStoreWithNetty/filestore/s1/file63: java.nio.channels.Channels$1@3a029470
2019-09-26 13:30:34,770 TRACE util.FileUtils (LogUtils.java:supplyAndLog(82)) - Successfully supplied Files.newOutputStream CREATE_NEW /workdir/ratis-examples/target/test/data/7b8a2dfb/TestFileStoreWithNetty/filestore/s0/file63: java.nio.channels.Channels$1@3c8b8e1f
2019-09-26 13:30:34,770 TRACE util.FileUtils (LogUtils.java:supplyAndLog(82)) - Successfully supplied Files.newOutputStream CREATE_NEW /workdir/ratis-examples/target/test/data/7b8a2dfb/TestFileStoreWithNetty/filestore/s2/file63: java.nio.channels.Channels$1@56120fba
2019-09-26 13:30:35,946 INFO  logging.LoggingHandler (AbstractInternalLogger.java:log(150)) - [id: 0x51301cc5, L:0.0.0.0/0.0.0.0:35127] READ: [id: 0x666364f0, L:/192.168.164.227:35127 - R:/192.168.164.227:48688]
2019-09-26 13:30:35,947 INFO  logging.LoggingHandler (AbstractInternalLogger.java:log(150)) - [id: 0x51301cc5, L:0.0.0.0/0.0.0.0:35127] READ COMPLETE
2019-09-26 13:30:35,950 INFO  logging.LoggingHandler (AbstractInternalLogger.java:log(150)) - [id: 0x20c56452, L:/0.0.0.0:38626] READ: [id: 0xeb7c70d5, L:/192.168.164.227:38626 - R:/192.168.164.227:58060]
2019-09-26 13:30:35,950 INFO  logging.LoggingHandler (AbstractInternalLogger.java:log(150)) - [id: 0x20c56452, L:/0.0.0.0:38626] READ COMPLETE
2019-09-26 13:30:35,991 TRACE util.FileUtils (LogUtils.java:supplyAndLog(82)) - Successfully supplied Files.newOutputStream CREATE_NEW /workdir/ratis-examples/target/test/data/7b8a2dfb/TestFileStoreWithNetty/filestore/s1/file64: java.nio.channels.Channels$1@426d50e
2019-09-26 13:30:35,991 TRACE util.FileUtils (LogUtils.java:supplyAndLog(82)) - Successfully supplied Files.newOutputStream CREATE_NEW /workdir/ratis-examples/target/test/data/7b8a2dfb/TestFileStoreWithNetty/filestore/s2/file64: java.nio.channels.Channels$1@b8cb3bf
2019-09-26 13:30:35,993 INFO  logging.LoggingHandler (AbstractInternalLogger.java:log(150)) - [id: 0x51301cc5, L:0.0.0.0/0.0.0.0:35127] READ: [id: 0xc5af4f1d, L:/192.168.164.227:35127 - R:/192.168.164.227:48692]
2019-09-26 13:30:35,993 INFO  logging.LoggingHandler (AbstractInternalLogger.java:log(150)) - [id: 0x51301cc5, L:0.0.0.0/0.0.0.0:35127] READ COMPLETE
2019-09-26 13:30:36,007 TRACE util.FileUtils (LogUtils.java:supplyAndLog(82)) - Successfully supplied Files.newOutputStream CREATE_NEW /workdir/ratis-examples/target/test/data/7b8a2dfb/TestFileStoreWithNetty/filestore/s0/file64: java.nio.channels.Channels$1@1c0f80f
2019-09-26 13:30:36,009 INFO  logging.LoggingHandler (AbstractInternalLogger.java:log(150)) - [id: 0x20c56452, L:/0.0.0.0:38626] READ: [id: 0x65280ac0, L:/192.168.164.227:38626 - R:/192.168.164.227:58064]
2019-09-26 13:30:36,009 INFO  logging.LoggingHandler (AbstractInternalLogger.java:log(150)) - [id: 0x20c56452, L:/0.0.0.0:38626] READ COMPLETE
2019-09-26 13:30:36,054 TRACE util.FileUtils (LogUtils.java:supplyAndLog(82)) - Successfully supplied Files.newOutputStream CREATE_NEW /workdir/ratis-examples/target/test/data/7b8a2dfb/TestFileStoreWithNetty/filestore/s1/file65: java.nio.channels.Channels$1@25aa99fb
2019-09-26 13:30:36,056 TRACE util.FileUtils (LogUtils.java:supplyAndLog(82)) - Successfully supplied Files.newOutputStream CREATE_NEW /workdir/ratis-examples/target/test/data/7b8a2dfb/TestFileStoreWithNetty/filestore/s2/file65: java.nio.channels.Channels$1@c995ccf
2019-09-26 13:30:36,068 TRACE util.FileUtils (LogUtils.java:supplyAndLog(82)) - Successfully supplied Files.newOutputStream CREATE_NEW /workdir/ratis-examples/target/test/data/7b8a2dfb/TestFileStoreWithNetty/filestore/s0/file65: java.nio.channels.Channels$1@15e0ebce
2019-09-26 13:30:37,117 INFO  logging.LoggingHandler (AbstractInternalLogger.java:log(150)) - [id: 0x51301cc5, L:0.0.0.0/0.0.0.0:35127] READ: [id: 0xa5e57d62, L:/192.168.164.227:35127 - R:/192.168.164.227:48706]
2019-09-26 13:30:37,117 INFO  logging.LoggingHandler (AbstractInternalLogger.java:log(150)) - [id: 0x51301cc5, L:0.0.0.0/0.0.0.0:35127] READ COMPLETE
2019-09-26 13:30:37,119 INFO  logging.LoggingHandler (AbstractInternalLogger.java:log(150)) - [id: 0x20c56452, L:/0.0.0.0:38626] READ: [id: 0xdc758be4, L:/192.168.164.227:38626 - R:/192.168.164.227:58078]
2019-09-26 13:30:37,119 INFO  logging.LoggingHandler (AbstractInternalLogger.java:log(150)) - [id: 0x20c56452, L:/0.0.0.0:38626] READ COMPLETE
2019-09-26 13:30:37,316 TRACE util.FileUtils (LogUtils.java:supplyAndLog(82)) - Successfully supplied Files.newOutputStream CREATE_NEW /workdir/ratis-examples/target/test/data/7b8a2dfb/TestFileStoreWithNetty/filestore/s1/file66: java.nio.channels.Channels$1@45b0a135
2019-09-26 13:30:37,316 TRACE util.FileUtils (LogUtils.java:supplyAndLog(82)) - Successfully supplied Files.newOutputStream CREATE_NEW /workdir/ratis-examples/target/test/data/7b8a2dfb/TestFileStoreWithNetty/filestore/s2/file66: java.nio.channels.Channels$1@430acd80
2019-09-26 13:30:37,331 TRACE util.FileUtils (LogUtils.java:supplyAndLog(82)) - Successfully supplied Files.newOutputStream CREATE_NEW /workdir/ratis-examples/target/test/data/7b8a2dfb/TestFileStoreWithNetty/filestore/s0/file66: java.nio.channels.Channels$1@4c3c6c18
2019-09-26 13:30:37,651 INFO  ratis.MiniRaftCluster (MiniRaftCluster.java:lambda$null$5(297)) - TIMED-PRINT: printing ALL groups
  s0:  RUNNING  FOLLOWER s0@group-B6F2DE967D4B:t2, leader=s1, voted=s1, raftlog=s0@group-B6F2DE967D4B-SegmentedRaftLog:OPENED:c24470,f24474,i24479, conf=0: [s0:0.0.0.0:35127, s1:0.0.0.0:38626, s2:0.0.0.0:43773], old=null RUNNING
  s1:  RUNNING    LEADER s1@group-B6F2DE967D4B:t2, leader=s1, voted=s1, raftlog=s1@group-B6F2DE967D4B-SegmentedRaftLog:OPENED:c24475,f24475,i24479, conf=0: [s0:0.0.0.0:35127, s1:0.0.0.0:38626, s2:0.0.0.0:43773], old=null RUNNING
  s2:  RUNNING  FOLLOWER s2@group-B6F2DE967D4B:t2, leader=s1, voted=s1, raftlog=s2@group-B6F2DE967D4B-SegmentedRaftLog:OPENED:c24474,f24475,i24479, conf=0: [s0:0.0.0.0:35127, s1:0.0.0.0:38626, s2:0.0.0.0:43773], old=null RUNNING
2019-09-26 13:30:37,681 INFO  logging.LoggingHandler (AbstractInternalLogger.java:log(150)) - [id: 0x51301cc5, L:0.0.0.0/0.0.0.0:35127] READ: [id: 0xfd97e739, L:/192.168.164.227:35127 - R:/192.168.164.227:48726]
2019-09-26 13:30:37,681 INFO  logging.LoggingHandler (AbstractInternalLogger.java:log(150)) - [id: 0x51301cc5, L:0.0.0.0/0.0.0.0:35127] READ COMPLETE
2019-09-26 13:30:37,683 INFO  logging.LoggingHandler (AbstractInternalLogger.java:log(150)) - [id: 0x20c56452, L:/0.0.0.0:38626] READ: [id: 0xc062ce1b, L:/192.168.164.227:38626 - R:/192.168.164.227:58098]
2019-09-26 13:30:37,684 INFO  logging.LoggingHandler (AbstractInternalLogger.java:log(150)) - [id: 0x20c56452, L:/0.0.0.0:38626] READ COMPLETE
2019-09-26 13:30:37,730 TRACE util.FileUtils (LogUtils.java:supplyAndLog(82)) - Successfully supplied Files.newOutputStream CREATE_NEW /workdir/ratis-examples/target/test/data/7b8a2dfb/TestFileStoreWithNetty/filestore/s1/file67: java.nio.channels.Channels$1@320b4900
2019-09-26 13:30:37,731 TRACE util.FileUtils (LogUtils.java:supplyAndLog(82)) - Successfully supplied Files.newOutputStream CREATE_NEW /workdir/ratis-examples/target/test/data/7b8a2dfb/TestFileStoreWithNetty/filestore/s0/file67: java.nio.channels.Channels$1@57d42cfa
2019-09-26 13:30:37,732 TRACE util.FileUtils (LogUtils.java:supplyAndLog(82)) - Successfully supplied Files.newOutputStream CREATE_NEW /workdir/ratis-examples/target/test/data/7b8a2dfb/TestFileStoreWithNetty/filestore/s2/file67: java.nio.channels.Channels$1@124c8813
2019-09-26 13:30:38,248 INFO  logging.LoggingHandler (AbstractInternalLogger.java:log(150)) - [id: 0x51301cc5, L:0.0.0.0/0.0.0.0:35127] READ: [id: 0xceded6c9, L:/192.168.164.227:35127 - R:/192.168.164.227:48734]
2019-09-26 13:30:38,248 INFO  logging.LoggingHandler (AbstractInternalLogger.java:log(150)) - [id: 0x51301cc5, L:0.0.0.0/0.0.0.0:35127] READ COMPLETE
2019-09-26 13:30:38,250 INFO  logging.LoggingHandler (AbstractInternalLogger.java:log(150)) - [id: 0x20c56452, L:/0.0.0.0:38626] READ: [id: 0x96e842e6, L:/192.168.164.227:38626 - R:/192.168.164.227:58106]
2019-09-26 13:30:38,250 INFO  logging.LoggingHandler (AbstractInternalLogger.java:log(150)) - [id: 0x20c56452, L:/0.0.0.0:38626] READ COMPLETE
2019-09-26 13:30:38,372 TRACE util.FileUtils (LogUtils.java:supplyAndLog(82)) - Successfully supplied Files.newOutputStream CREATE_NEW /workdir/ratis-examples/target/test/data/7b8a2dfb/TestFileStoreWithNetty/filestore/s1/file68: java.nio.channels.Channels$1@1442600b
2019-09-26 13:30:38,372 TRACE util.FileUtils (LogUtils.java:supplyAndLog(82)) - Successfully supplied Files.newOutputStream CREATE_NEW /workdir/ratis-examples/target/test/data/7b8a2dfb/TestFileStoreWithNetty/filestore/s0/file68: java.nio.channels.Channels$1@f50e0e2
2019-09-26 13:30:38,384 TRACE util.FileUtils (LogUtils.java:supplyAndLog(82)) - Successfully supplied Files.newOutputStream CREATE_NEW /workdir/ratis-examples/target/test/data/7b8a2dfb/TestFileStoreWithNetty/filestore/s2/file68: java.nio.channels.Channels$1@3f7530de
2019-09-26 13:30:40,250 INFO  logging.LoggingHandler (AbstractInternalLogger.java:log(150)) - [id: 0x51301cc5, L:0.0.0.0/0.0.0.0:35127] READ: [id: 0x5a9728cf, L:/192.168.164.227:35127 - R:/192.168.164.227:48746]
2019-09-26 13:30:40,251 INFO  logging.LoggingHandler (AbstractInternalLogger.java:log(150)) - [id: 0x51301cc5, L:0.0.0.0/0.0.0.0:35127] READ COMPLETE
2019-09-26 13:30:40,256 INFO  logging.LoggingHandler (AbstractInternalLogger.java:log(150)) - [id: 0x20c56452, L:/0.0.0.0:38626] READ: [id: 0x8f819761, L:/192.168.164.227:38626 - R:/192.168.164.227:58118]
2019-09-26 13:30:40,257 INFO  logging.LoggingHandler (AbstractInternalLogger.java:log(150)) - [id: 0x20c56452, L:/0.0.0.0:38626] READ COMPLETE
2019-09-26 13:30:40,293 TRACE util.FileUtils (LogUtils.java:supplyAndLog(82)) - Successfully supplied Files.newOutputStream CREATE_NEW /workdir/ratis-examples/target/test/data/7b8a2dfb/TestFileStoreWithNetty/filestore/s1/file69: java.nio.channels.Channels$1@a799d5d
2019-09-26 13:30:40,293 TRACE util.FileUtils (LogUtils.java:supplyAndLog(82)) - Successfully supplied Files.newOutputStream CREATE_NEW /workdir/ratis-examples/target/test/data/7b8a2dfb/TestFileStoreWithNetty/filestore/s2/file69: java.nio.channels.Channels$1@761bcbcc
2019-09-26 13:30:40,296 TRACE util.FileUtils (LogUtils.java:supplyAndLog(82)) - Successfully supplied Files.newOutputStream CREATE_NEW /workdir/ratis-examples/target/test/data/7b8a2dfb/TestFileStoreWithNetty/filestore/s0/file69: java.nio.channels.Channels$1@68bef8bf
2019-09-26 13:30:40,620 INFO  logging.LoggingHandler (AbstractInternalLogger.java:log(150)) - [id: 0x51301cc5, L:0.0.0.0/0.0.0.0:35127] READ: [id: 0x92092228, L:/192.168.164.227:35127 - R:/192.168.164.227:48750]
2019-09-26 13:30:40,621 INFO  logging.LoggingHandler (AbstractInternalLogger.java:log(150)) - [id: 0x51301cc5, L:0.0.0.0/0.0.0.0:35127] READ COMPLETE
2019-09-26 13:30:40,623 INFO  logging.LoggingHandler (AbstractInternalLogger.java:log(150)) - [id: 0x20c56452, L:/0.0.0.0:38626] READ: [id: 0x7d14a00e, L:/192.168.164.227:38626 - R:/192.168.164.227:58122]
2019-09-26 13:30:40,624 INFO  logging.LoggingHandler (AbstractInternalLogger.java:log(150)) - [id: 0x20c56452, L:/0.0.0.0:38626] READ COMPLETE
2019-09-26 13:30:40,682 TRACE util.FileUtils (LogUtils.java:supplyAndLog(82)) - Successfully supplied Files.newOutputStream CREATE_NEW /workdir/ratis-examples/target/test/data/7b8a2dfb/TestFileStoreWithNetty/filestore/s1/file70: java.nio.channels.Channels$1@16172a97
2019-09-26 13:30:40,685 TRACE util.FileUtils (LogUtils.java:supplyAndLog(82)) - Successfully supplied Files.newOutputStream CREATE_NEW /workdir/ratis-examples/target/test/data/7b8a2dfb/TestFileStoreWithNetty/filestore/s2/file70: java.nio.channels.Channels$1@750a36c8
2019-09-26 13:30:40,685 TRACE util.FileUtils (LogUtils.java:supplyAndLog(82)) - Successfully supplied Files.newOutputStream CREATE_NEW /workdir/ratis-examples/target/test/data/7b8a2dfb/TestFileStoreWithNetty/filestore/s0/file70: java.nio.channels.Channels$1@16e8465c
2019-09-26 13:30:40,701 INFO  logging.LoggingHandler (AbstractInternalLogger.java:log(150)) - [id: 0x51301cc5, L:0.0.0.0/0.0.0.0:35127] READ: [id: 0xcaa3c456, L:/192.168.164.227:35127 - R:/192.168.164.227:48756]
2019-09-26 13:30:40,701 INFO  logging.LoggingHandler (AbstractInternalLogger.java:log(150)) - [id: 0x51301cc5, L:0.0.0.0/0.0.0.0:35127] READ COMPLETE
2019-09-26 13:30:40,703 INFO  logging.LoggingHandler (AbstractInternalLogger.java:log(150)) - [id: 0x20c56452, L:/0.0.0.0:38626] READ: [id: 0x580cdb29, L:/192.168.164.227:38626 - R:/192.168.164.227:58128]
2019-09-26 13:30:40,703 INFO  logging.LoggingHandler (AbstractInternalLogger.java:log(150)) - [id: 0x20c56452, L:/0.0.0.0:38626] READ COMPLETE
2019-09-26 13:30:40,717 TRACE util.FileUtils (LogUtils.java:supplyAndLog(82)) - Successfully supplied Files.newOutputStream CREATE_NEW /workdir/ratis-examples/target/test/data/7b8a2dfb/TestFileStoreWithNetty/filestore/s1/file71: java.nio.channels.Channels$1@402b23f8
2019-09-26 13:30:40,717 TRACE util.FileUtils (LogUtils.java:supplyAndLog(82)) - Successfully supplied Files.newOutputStream CREATE_NEW /workdir/ratis-examples/target/test/data/7b8a2dfb/TestFileStoreWithNetty/filestore/s0/file71: java.nio.channels.Channels$1@c45a049
2019-09-26 13:30:40,720 TRACE util.FileUtils (LogUtils.java:supplyAndLog(82)) - Successfully supplied Files.newOutputStream CREATE_NEW /workdir/ratis-examples/target/test/data/7b8a2dfb/TestFileStoreWithNetty/filestore/s2/file71: java.nio.channels.Channels$1@54d0ca47
2019-09-26 13:30:40,748 INFO  logging.LoggingHandler (AbstractInternalLogger.java:log(150)) - [id: 0x51301cc5, L:0.0.0.0/0.0.0.0:35127] READ: [id: 0xa36dc340, L:/192.168.164.227:35127 - R:/192.168.164.227:48760]
2019-09-26 13:30:40,748 INFO  logging.LoggingHandler (AbstractInternalLogger.java:log(150)) - [id: 0x51301cc5, L:0.0.0.0/0.0.0.0:35127] READ COMPLETE
2019-09-26 13:30:40,750 INFO  logging.LoggingHandler (AbstractInternalLogger.java:log(150)) - [id: 0x20c56452, L:/0.0.0.0:38626] READ: [id: 0xb06eaec3, L:/192.168.164.227:38626 - R:/192.168.164.227:58132]
2019-09-26 13:30:40,750 INFO  logging.LoggingHandler (AbstractInternalLogger.java:log(150)) - [id: 0x20c56452, L:/0.0.0.0:38626] READ COMPLETE
2019-09-26 13:30:40,869 TRACE util.FileUtils (LogUtils.java:supplyAndLog(82)) - Successfully supplied Files.newOutputStream CREATE_NEW /workdir/ratis-examples/target/test/data/7b8a2dfb/TestFileStoreWithNetty/filestore/s1/file72: java.nio.channels.Channels$1@a8b1aeb
2019-09-26 13:30:40,869 TRACE util.FileUtils (LogUtils.java:supplyAndLog(82)) - Successfully supplied Files.newOutputStream CREATE_NEW /workdir/ratis-examples/target/test/data/7b8a2dfb/TestFileStoreWithNetty/filestore/s0/file72: java.nio.channels.Channels$1@60bcadcc
2019-09-26 13:30:40,882 TRACE util.FileUtils (LogUtils.java:supplyAndLog(82)) - Successfully supplied Files.newOutputStream CREATE_NEW /workdir/ratis-examples/target/test/data/7b8a2dfb/TestFileStoreWithNetty/filestore/s2/file72: java.nio.channels.Channels$1@5ff111ad
2019-09-26 13:30:42,085 INFO  logging.LoggingHandler (AbstractInternalLogger.java:log(150)) - [id: 0x51301cc5, L:0.0.0.0/0.0.0.0:35127] READ: [id: 0x5aeba700, L:/192.168.164.227:35127 - R:/192.168.164.227:48768]
2019-09-26 13:30:42,085 INFO  logging.LoggingHandler (AbstractInternalLogger.java:log(150)) - [id: 0x51301cc5, L:0.0.0.0/0.0.0.0:35127] READ COMPLETE
2019-09-26 13:30:42,092 INFO  logging.LoggingHandler (AbstractInternalLogger.java:log(150)) - [id: 0x20c56452, L:/0.0.0.0:38626] READ: [id: 0x465daef4, L:/192.168.164.227:38626 - R:/192.168.164.227:58140]
2019-09-26 13:30:42,093 INFO  logging.LoggingHandler (AbstractInternalLogger.java:log(150)) - [id: 0x20c56452, L:/0.0.0.0:38626] READ COMPLETE
2019-09-26 13:30:42,132 TRACE util.FileUtils (LogUtils.java:supplyAndLog(82)) - Successfully supplied Files.newOutputStream CREATE_NEW /workdir/ratis-examples/target/test/data/7b8a2dfb/TestFileStoreWithNetty/filestore/s1/file73: java.nio.channels.Channels$1@47556c6e
2019-09-26 13:30:42,133 TRACE util.FileUtils (LogUtils.java:supplyAndLog(82)) - Successfully supplied Files.newOutputStream CREATE_NEW /workdir/ratis-examples/target/test/data/7b8a2dfb/TestFileStoreWithNetty/filestore/s0/file73: java.nio.channels.Channels$1@3ad81ffe
2019-09-26 13:30:42,135 TRACE util.FileUtils (LogUtils.java:supplyAndLog(82)) - Successfully supplied Files.newOutputStream CREATE_NEW /workdir/ratis-examples/target/test/data/7b8a2dfb/TestFileStoreWithNetty/filestore/s2/file73: java.nio.channels.Channels$1@23d3c79
2019-09-26 13:30:42,547 INFO  logging.LoggingHandler (AbstractInternalLogger.java:log(150)) - [id: 0x51301cc5, L:0.0.0.0/0.0.0.0:35127] READ: [id: 0xb62aac2b, L:/192.168.164.227:35127 - R:/192.168.164.227:48772]
2019-09-26 13:30:42,547 INFO  logging.LoggingHandler (AbstractInternalLogger.java:log(150)) - [id: 0x51301cc5, L:0.0.0.0/0.0.0.0:35127] READ COMPLETE
2019-09-26 13:30:42,549 INFO  logging.LoggingHandler (AbstractInternalLogger.java:log(150)) - [id: 0x20c56452, L:/0.0.0.0:38626] READ: [id: 0x9e5b00a2, L:/192.168.164.227:38626 - R:/192.168.164.227:58144]
2019-09-26 13:30:42,549 INFO  logging.LoggingHandler (AbstractInternalLogger.java:log(150)) - [id: 0x20c56452, L:/0.0.0.0:38626] READ COMPLETE
2019-09-26 13:30:42,607 TRACE util.FileUtils (LogUtils.java:supplyAndLog(82)) - Successfully supplied Files.newOutputStream CREATE_NEW /workdir/ratis-examples/target/test/data/7b8a2dfb/TestFileStoreWithNetty/filestore/s1/file74: java.nio.channels.Channels$1@3f313d74
2019-09-26 13:30:42,622 TRACE util.FileUtils (LogUtils.java:supplyAndLog(82)) - Successfully supplied Files.newOutputStream CREATE_NEW /workdir/ratis-examples/target/test/data/7b8a2dfb/TestFileStoreWithNetty/filestore/s2/file74: java.nio.channels.Channels$1@60c890e7
2019-09-26 13:30:42,640 TRACE util.FileUtils (LogUtils.java:supplyAndLog(82)) - Successfully supplied Files.newOutputStream CREATE_NEW /workdir/ratis-examples/target/test/data/7b8a2dfb/TestFileStoreWithNetty/filestore/s0/file74: java.nio.channels.Channels$1@6d63df24
2019-09-26 13:30:43,012 INFO  logging.LoggingHandler (AbstractInternalLogger.java:log(150)) - [id: 0x51301cc5, L:0.0.0.0/0.0.0.0:35127] READ: [id: 0x8bb333e3, L:/192.168.164.227:35127 - R:/192.168.164.227:48778]
2019-09-26 13:30:43,012 INFO  logging.LoggingHandler (AbstractInternalLogger.java:log(150)) - [id: 0x51301cc5, L:0.0.0.0/0.0.0.0:35127] READ COMPLETE
2019-09-26 13:30:43,014 INFO  logging.LoggingHandler (AbstractInternalLogger.java:log(150)) - [id: 0x20c56452, L:/0.0.0.0:38626] READ: [id: 0xee1d8d9a, L:/192.168.164.227:38626 - R:/192.168.164.227:58150]
2019-09-26 13:30:43,014 INFO  logging.LoggingHandler (AbstractInternalLogger.java:log(150)) - [id: 0x20c56452, L:/0.0.0.0:38626] READ COMPLETE
2019-09-26 13:30:43,067 TRACE util.FileUtils (LogUtils.java:supplyAndLog(82)) - Successfully supplied Files.newOutputStream CREATE_NEW /workdir/ratis-examples/target/test/data/7b8a2dfb/TestFileStoreWithNetty/filestore/s1/file75: java.nio.channels.Channels$1@6e249e99
2019-09-26 13:30:43,067 TRACE util.FileUtils (LogUtils.java:supplyAndLog(82)) - Successfully supplied Files.newOutputStream CREATE_NEW /workdir/ratis-examples/target/test/data/7b8a2dfb/TestFileStoreWithNetty/filestore/s0/file75: java.nio.channels.Channels$1@7cd9b198
2019-09-26 13:30:43,068 TRACE util.FileUtils (LogUtils.java:supplyAndLog(82)) - Successfully supplied Files.newOutputStream CREATE_NEW /workdir/ratis-examples/target/test/data/7b8a2dfb/TestFileStoreWithNetty/filestore/s2/file75: java.nio.channels.Channels$1@328f4975
2019-09-26 13:30:43,541 INFO  logging.LoggingHandler (AbstractInternalLogger.java:log(150)) - [id: 0x51301cc5, L:0.0.0.0/0.0.0.0:35127] READ: [id: 0x6bffb52a, L:/192.168.164.227:35127 - R:/192.168.164.227:48782]
2019-09-26 13:30:43,542 INFO  logging.LoggingHandler (AbstractInternalLogger.java:log(150)) - [id: 0x51301cc5, L:0.0.0.0/0.0.0.0:35127] READ COMPLETE
2019-09-26 13:30:43,544 INFO  logging.LoggingHandler (AbstractInternalLogger.java:log(150)) - [id: 0x20c56452, L:/0.0.0.0:38626] READ: [id: 0xba46b000, L:/192.168.164.227:38626 - R:/192.168.164.227:58154]
2019-09-26 13:30:43,544 INFO  logging.LoggingHandler (AbstractInternalLogger.java:log(150)) - [id: 0x20c56452, L:/0.0.0.0:38626] READ COMPLETE
2019-09-26 13:30:43,556 INFO  logging.LoggingHandler (AbstractInternalLogger.java:log(150)) - [id: 0x51301cc5, L:0.0.0.0/0.0.0.0:35127] READ: [id: 0x327968b8, L:/192.168.164.227:35127 - R:/192.168.164.227:48786]
2019-09-26 13:30:43,557 INFO  logging.LoggingHandler (AbstractInternalLogger.java:log(150)) - [id: 0x51301cc5, L:0.0.0.0/0.0.0.0:35127] READ COMPLETE
2019-09-26 13:30:43,568 INFO  logging.LoggingHandler (AbstractInternalLogger.java:log(150)) - [id: 0x20c56452, L:/0.0.0.0:38626] READ: [id: 0xde92abb8, L:/192.168.164.227:38626 - R:/192.168.164.227:58158]
2019-09-26 13:30:43,568 INFO  logging.LoggingHandler (AbstractInternalLogger.java:log(150)) - [id: 0x20c56452, L:/0.0.0.0:38626] READ COMPLETE
2019-09-26 13:30:43,614 TRACE util.FileUtils (LogUtils.java:supplyAndLog(82)) - Successfully supplied Files.newOutputStream CREATE_NEW /workdir/ratis-examples/target/test/data/7b8a2dfb/TestFileStoreWithNetty/filestore/s1/file76: java.nio.channels.Channels$1@3323aa0d
2019-09-26 13:30:43,615 TRACE util.FileUtils (LogUtils.java:supplyAndLog(82)) - Successfully supplied Files.newOutputStream CREATE_NEW /workdir/ratis-examples/target/test/data/7b8a2dfb/TestFileStoreWithNetty/filestore/s0/file76: java.nio.channels.Channels$1@7d94b480
2019-09-26 13:30:43,616 TRACE util.FileUtils (LogUtils.java:supplyAndLog(82)) - Successfully supplied Files.newOutputStream CREATE_NEW /workdir/ratis-examples/target/test/data/7b8a2dfb/TestFileStoreWithNetty/filestore/s2/file76: java.nio.channels.Channels$1@52374328
2019-09-26 13:30:43,677 TRACE util.FileUtils (LogUtils.java:supplyAndLog(82)) - Successfully supplied Files.newOutputStream CREATE_NEW /workdir/ratis-examples/target/test/data/7b8a2dfb/TestFileStoreWithNetty/filestore/s1/file77: java.nio.channels.Channels$1@3f846050
2019-09-26 13:30:43,679 TRACE util.FileUtils (LogUtils.java:supplyAndLog(82)) - Successfully supplied Files.newOutputStream CREATE_NEW /workdir/ratis-examples/target/test/data/7b8a2dfb/TestFileStoreWithNetty/filestore/s0/file77: java.nio.channels.Channels$1@23187053
2019-09-26 13:30:43,679 TRACE util.FileUtils (LogUtils.java:supplyAndLog(82)) - Successfully supplied Files.newOutputStream CREATE_NEW /workdir/ratis-examples/target/test/data/7b8a2dfb/TestFileStoreWithNetty/filestore/s2/file77: java.nio.channels.Channels$1@4a65597a
2019-09-26 13:30:45,130 INFO  logging.LoggingHandler (AbstractInternalLogger.java:log(150)) - [id: 0x51301cc5, L:0.0.0.0/0.0.0.0:35127] READ: [id: 0xff7e74a7, L:/192.168.164.227:35127 - R:/192.168.164.227:48796]
2019-09-26 13:30:45,130 INFO  logging.LoggingHandler (AbstractInternalLogger.java:log(150)) - [id: 0x51301cc5, L:0.0.0.0/0.0.0.0:35127] READ COMPLETE
2019-09-26 13:30:45,132 INFO  logging.LoggingHandler (AbstractInternalLogger.java:log(150)) - [id: 0x20c56452, L:/0.0.0.0:38626] READ: [id: 0x518ada23, L:/192.168.164.227:38626 - R:/192.168.164.227:58168]
2019-09-26 13:30:45,132 INFO  logging.LoggingHandler (AbstractInternalLogger.java:log(150)) - [id: 0x20c56452, L:/0.0.0.0:38626] READ COMPLETE
2019-09-26 13:30:45,162 TRACE util.FileUtils (LogUtils.java:supplyAndLog(82)) - Successfully supplied Files.newOutputStream CREATE_NEW /workdir/ratis-examples/target/test/data/7b8a2dfb/TestFileStoreWithNetty/filestore/s1/file78: java.nio.channels.Channels$1@1fb0a7e7
2019-09-26 13:30:45,162 TRACE util.FileUtils (LogUtils.java:supplyAndLog(82)) - Successfully supplied Files.newOutputStream CREATE_NEW /workdir/ratis-examples/target/test/data/7b8a2dfb/TestFileStoreWithNetty/filestore/s0/file78: java.nio.channels.Channels$1@705f6fd7
2019-09-26 13:30:45,163 TRACE util.FileUtils (LogUtils.java:supplyAndLog(82)) - Successfully supplied Files.newOutputStream CREATE_NEW /workdir/ratis-examples/target/test/data/7b8a2dfb/TestFileStoreWithNetty/filestore/s2/file78: java.nio.channels.Channels$1@78440ef5
2019-09-26 13:30:45,856 INFO  logging.LoggingHandler (AbstractInternalLogger.java:log(150)) - [id: 0x51301cc5, L:0.0.0.0/0.0.0.0:35127] READ: [id: 0x82c6408a, L:/192.168.164.227:35127 - R:/192.168.164.227:48802]
2019-09-26 13:30:45,857 INFO  logging.LoggingHandler (AbstractInternalLogger.java:log(150)) - [id: 0x51301cc5, L:0.0.0.0/0.0.0.0:35127] READ COMPLETE
2019-09-26 13:30:45,859 INFO  logging.LoggingHandler (AbstractInternalLogger.java:log(150)) - [id: 0x20c56452, L:/0.0.0.0:38626] READ: [id: 0x4a35f6a0, L:/192.168.164.227:38626 - R:/192.168.164.227:58174]
2019-09-26 13:30:45,859 INFO  logging.LoggingHandler (AbstractInternalLogger.java:log(150)) - [id: 0x20c56452, L:/0.0.0.0:38626] READ COMPLETE
2019-09-26 13:30:45,884 TRACE util.FileUtils (LogUtils.java:supplyAndLog(82)) - Successfully supplied Files.newOutputStream CREATE_NEW /workdir/ratis-examples/target/test/data/7b8a2dfb/TestFileStoreWithNetty/filestore/s1/file79: java.nio.channels.Channels$1@625d6dc3
2019-09-26 13:30:45,884 TRACE util.FileUtils (LogUtils.java:supplyAndLog(82)) - Successfully supplied Files.newOutputStream CREATE_NEW /workdir/ratis-examples/target/test/data/7b8a2dfb/TestFileStoreWithNetty/filestore/s2/file79: java.nio.channels.Channels$1@25926cbf
2019-09-26 13:30:45,885 TRACE util.FileUtils (LogUtils.java:supplyAndLog(82)) - Successfully supplied Files.newOutputStream CREATE_NEW /workdir/ratis-examples/target/test/data/7b8a2dfb/TestFileStoreWithNetty/filestore/s0/file79: java.nio.channels.Channels$1@4bd9ca52
2019-09-26 13:30:46,391 INFO  logging.LoggingHandler (AbstractInternalLogger.java:log(150)) - [id: 0x51301cc5, L:0.0.0.0/0.0.0.0:35127] READ: [id: 0xe0c3f8d0, L:/192.168.164.227:35127 - R:/192.168.164.227:48812]
2019-09-26 13:30:46,392 INFO  logging.LoggingHandler (AbstractInternalLogger.java:log(150)) - [id: 0x51301cc5, L:0.0.0.0/0.0.0.0:35127] READ COMPLETE
2019-09-26 13:30:46,393 INFO  logging.LoggingHandler (AbstractInternalLogger.java:log(150)) - [id: 0x20c56452, L:/0.0.0.0:38626] READ: [id: 0x5e1b2034, L:/192.168.164.227:38626 - R:/192.168.164.227:58184]
2019-09-26 13:30:46,393 INFO  logging.LoggingHandler (AbstractInternalLogger.java:log(150)) - [id: 0x20c56452, L:/0.0.0.0:38626] READ COMPLETE
2019-09-26 13:30:46,692 INFO  impl.FollowerState (FollowerState.java:run(108)) - s0@group-B6F2DE967D4B-FollowerState: change to CANDIDATE, lastRpcTime:262ms, electionTimeout:262ms
2019-09-26 13:30:46,692 INFO  impl.RoleInfo (RoleInfo.java:shutdownFollowerState(121)) - s0: shutdown FollowerState
2019-09-26 13:30:46,693 INFO  impl.RaftServerImpl (RaftServerImpl.java:setRole(170)) - s0@group-B6F2DE967D4B: changes role from  FOLLOWER to CANDIDATE at term 2 for changeToCandidate
2019-09-26 13:30:46,693 INFO  impl.RoleInfo (RoleInfo.java:updateAndGet(143)) - s0: start LeaderElection
2019-09-26 13:30:46,694 INFO  impl.RaftServerImpl (RaftServerImpl.java:setRole(170)) - s0@group-B6F2DE967D4B: changes role from CANDIDATE to FOLLOWER at term 2 for appendEntries
2019-09-26 13:30:46,694 INFO  impl.RoleInfo (RoleInfo.java:shutdownLeaderElection(134)) - s0: shutdown LeaderElection
2019-09-26 13:30:46,694 INFO  impl.RoleInfo (RoleInfo.java:updateAndGet(143)) - s0: start FollowerState
2019-09-26 13:30:46,695 INFO  impl.RaftServerImpl (ServerState.java:setLeader(254)) - s0@group-B6F2DE967D4B: change Leader from s1 to null at term 2 for initElection
2019-09-26 13:30:46,705 TRACE util.FileUtils (LogUtils.java:supplyAndLog(82)) - Successfully supplied Files.newOutputStream CREATE_NEW /workdir/ratis-examples/target/test/data/7b8a2dfb/TestFileStoreWithNetty/filestore/s1/file80: java.nio.channels.Channels$1@771bae58
2019-09-26 13:30:46,706 INFO  impl.LeaderElection (LeaderElection.java:askForVotes(178)) - s0@group-B6F2DE967D4B-LeaderElection5: begin an election at term 3 for 0: [s0:0.0.0.0:35127, s1:0.0.0.0:38626, s2:0.0.0.0:43773], old=null
2019-09-26 13:30:46,707 TRACE util.FileUtils (LogUtils.java:supplyAndLog(82)) - Successfully supplied Files.newOutputStream CREATE_NEW /workdir/ratis-examples/target/test/data/7b8a2dfb/TestFileStoreWithNetty/filestore/s2/file80: java.nio.channels.Channels$1@743b7c40
2019-09-26 13:30:46,708 INFO  impl.LeaderElection (LeaderElection.java:logAndReturn(56)) - s0@group-B6F2DE967D4B-LeaderElection5: Election REJECTED; received 0 response(s) [] and 0 exception(s); s0@group-B6F2DE967D4B:t3, leader=null, voted=s0, raftlog=s0@group-B6F2DE967D4B-SegmentedRaftLog:OPENED:c28659,f28659,i28659, conf=0: [s0:0.0.0.0:35127, s1:0.0.0.0:38626, s2:0.0.0.0:43773], old=null
2019-09-26 13:30:46,711 INFO  impl.RaftServerImpl (ServerState.java:setLeader(254)) - s2@group-B6F2DE967D4B: change Leader from s1 to null at term 3 for updateCurrentTerm
2019-09-26 13:30:46,712 INFO  impl.RaftServerImpl (RaftServerImpl.java:setRole(170)) - s2@group-B6F2DE967D4B: changes role from  FOLLOWER to FOLLOWER at term 3 for recognizeCandidate:s0
2019-09-26 13:30:46,712 INFO  impl.RoleInfo (RoleInfo.java:shutdownFollowerState(121)) - s2: shutdown FollowerState
2019-09-26 13:30:46,712 INFO  impl.RaftServerImpl (ServerState.java:setLeader(254)) - s1@group-B6F2DE967D4B: change Leader from s1 to null at term 3 for updateCurrentTerm
2019-09-26 13:30:46,712 INFO  impl.RoleInfo (RoleInfo.java:updateAndGet(143)) - s2: start FollowerState
2019-09-26 13:30:46,712 INFO  impl.FollowerState (FollowerState.java:run(117)) - s2@group-B6F2DE967D4B-FollowerState was interrupted: java.lang.InterruptedException: sleep interrupted
2019-09-26 13:30:46,712 INFO  impl.RaftServerImpl (RaftServerImpl.java:setRole(170)) - s1@group-B6F2DE967D4B: changes role from    LEADER to FOLLOWER at term 3 for stepDown
2019-09-26 13:30:46,713 INFO  impl.RoleInfo (RoleInfo.java:shutdownLeaderState(104)) - s1: shutdown LeaderState
2019-09-26 13:30:46,714 INFO  impl.PendingRequests (PendingRequests.java:sendNotLeaderResponses(202)) - s1@group-B6F2DE967D4B-PendingRequests: sendNotLeaderResponses
2019-09-26 13:30:46,719 INFO  impl.LogAppender (LogAppender.java:run(78)) - s1@group-B6F2DE967D4B->s2-LogAppender-AppenderDaemon was interrupted: java.io.InterruptedIOException: s1->s2#0 sending from s2:0.0.0.0:43773 is interrupted.
2019-09-26 13:30:46,720 INFO  impl.RoleInfo (RoleInfo.java:updateAndGet(143)) - s1: start FollowerState
2019-09-26 13:30:46,723 INFO  logging.LoggingHandler (AbstractInternalLogger.java:log(150)) - [id: 0x71970195, L:/0.0.0.0:43773] READ: [id: 0x7f8bd199, L:/192.168.164.227:43773 - R:/192.168.164.227:37086]
2019-09-26 13:30:46,724 INFO  logging.LoggingHandler (AbstractInternalLogger.java:log(150)) - [id: 0x51301cc5, L:0.0.0.0/0.0.0.0:35127] READ: [id: 0xcdd37586, L:/192.168.164.227:35127 - R:/192.168.164.227:48824]
2019-09-26 13:30:46,724 INFO  logging.LoggingHandler (AbstractInternalLogger.java:log(150)) - [id: 0x51301cc5, L:0.0.0.0/0.0.0.0:35127] READ COMPLETE
2019-09-26 13:30:46,724 INFO  logging.LoggingHandler (AbstractInternalLogger.java:log(150)) - [id: 0x51301cc5, L:0.0.0.0/0.0.0.0:35127] READ: [id: 0x92373759, L:/192.168.164.227:35127 - R:/192.168.164.227:48822]
2019-09-26 13:30:46,724 INFO  logging.LoggingHandler (AbstractInternalLogger.java:log(150)) - [id: 0x51301cc5, L:0.0.0.0/0.0.0.0:35127] READ COMPLETE
2019-09-26 13:30:46,725 INFO  logging.LoggingHandler (AbstractInternalLogger.java:log(150)) - [id: 0x51301cc5, L:0.0.0.0/0.0.0.0:35127] READ: [id: 0x7a93df13, L:/192.168.164.227:35127 - R:/192.168.164.227:48832]
2019-09-26 13:30:46,725 INFO  logging.LoggingHandler (AbstractInternalLogger.java:log(150)) - [id: 0x51301cc5, L:0.0.0.0/0.0.0.0:35127] READ COMPLETE
2019-09-26 13:30:46,725 INFO  logging.LoggingHandler (AbstractInternalLogger.java:log(150)) - [id: 0x51301cc5, L:0.0.0.0/0.0.0.0:35127] READ: [id: 0x3d4bd412, L:/192.168.164.227:35127 - R:/192.168.164.227:48836]
2019-09-26 13:30:46,725 INFO  logging.LoggingHandler (AbstractInternalLogger.java:log(150)) - [id: 0x51301cc5, L:0.0.0.0/0.0.0.0:35127] READ COMPLETE
2019-09-26 13:30:46,725 INFO  logging.LoggingHandler (AbstractInternalLogger.java:log(150)) - [id: 0x71970195, L:/0.0.0.0:43773] READ COMPLETE
2019-09-26 13:30:46,726 INFO  logging.LoggingHandler (AbstractInternalLogger.java:log(150)) - [id: 0x51301cc5, L:0.0.0.0/0.0.0.0:35127] READ: [id: 0xb267546b, L:/192.168.164.227:35127 - R:/192.168.164.227:48838]
2019-09-26 13:30:46,726 INFO  logging.LoggingHandler (AbstractInternalLogger.java:log(150)) - [id: 0x71970195, L:/0.0.0.0:43773] READ: [id: 0x8912ea1d, L:/192.168.164.227:43773 - R:/192.168.164.227:37087]
2019-09-26 13:30:46,726 INFO  impl.RaftServerImpl (RaftServerImpl.java:setRole(170)) - s1@group-B6F2DE967D4B: changes role from  FOLLOWER to FOLLOWER at term 3 for recognizeCandidate:s0
2019-09-26 13:30:46,726 INFO  logging.LoggingHandler (AbstractInternalLogger.java:log(150)) - [id: 0x51301cc5, L:0.0.0.0/0.0.0.0:35127] READ COMPLETE
2019-09-26 13:30:46,728 INFO  impl.RoleInfo (RoleInfo.java:shutdownFollowerState(121)) - s1: shutdown FollowerState
2019-09-26 13:30:46,728 INFO  logging.LoggingHandler (AbstractInternalLogger.java:log(150)) - [id: 0x71970195, L:/0.0.0.0:43773] READ COMPLETE
2019-09-26 13:30:46,729 INFO  impl.FollowerState (FollowerState.java:run(117)) - s1@group-B6F2DE967D4B-FollowerState was interrupted: java.lang.InterruptedException: sleep interrupted
2019-09-26 13:30:46,728 INFO  impl.RoleInfo (RoleInfo.java:updateAndGet(143)) - s1: start FollowerState
2019-09-26 13:30:46,728 INFO  logging.LoggingHandler (AbstractInternalLogger.java:log(150)) - [id: 0x51301cc5, L:0.0.0.0/0.0.0.0:35127] READ: [id: 0x405f2f09, L:/192.168.164.227:35127 - R:/192.168.164.227:48844]
2019-09-26 13:30:46,729 INFO  logging.LoggingHandler (AbstractInternalLogger.java:log(150)) - [id: 0x71970195, L:/0.0.0.0:43773] READ: [id: 0xbd23d862, L:/192.168.164.227:43773 - R:/192.168.164.227:37094]
2019-09-26 13:30:46,731 INFO  logging.LoggingHandler (AbstractInternalLogger.java:log(150)) - [id: 0x51301cc5, L:0.0.0.0/0.0.0.0:35127] READ COMPLETE
2019-09-26 13:30:46,731 INFO  logging.LoggingHandler (AbstractInternalLogger.java:log(150)) - [id: 0x71970195, L:/0.0.0.0:43773] READ COMPLETE
2019-09-26 13:30:46,732 INFO  logging.LoggingHandler (AbstractInternalLogger.java:log(150)) - [id: 0x51301cc5, L:0.0.0.0/0.0.0.0:35127] READ: [id: 0xe52781d8, L:/192.168.164.227:35127 - R:/192.168.164.227:48848]
2019-09-26 13:30:46,732 INFO  logging.LoggingHandler (AbstractInternalLogger.java:log(150)) - [id: 0x20c56452, L:/0.0.0.0:38626] READ: [id: 0xaccaa48d, L:/192.168.164.227:38626 - R:/192.168.164.227:58230]
2019-09-26 13:30:46,733 INFO  logging.LoggingHandler (AbstractInternalLogger.java:log(150)) - [id: 0x51301cc5, L:0.0.0.0/0.0.0.0:35127] READ COMPLETE
2019-09-26 13:30:46,733 INFO  logging.LoggingHandler (AbstractInternalLogger.java:log(150)) - [id: 0x71970195, L:/0.0.0.0:43773] READ: [id: 0xe7bedee2, L:/192.168.164.227:43773 - R:/192.168.164.227:37096]
2019-09-26 13:30:46,733 INFO  logging.LoggingHandler (AbstractInternalLogger.java:log(150)) - [id: 0x51301cc5, L:0.0.0.0/0.0.0.0:35127] READ: [id: 0xab841d39, L:/192.168.164.227:35127 - R:/192.168.164.227:48854]
2019-09-26 13:30:46,733 INFO  logging.LoggingHandler (AbstractInternalLogger.java:log(150)) - [id: 0x20c56452, L:/0.0.0.0:38626] READ COMPLETE
2019-09-26 13:30:46,733 INFO  logging.LoggingHandler (AbstractInternalLogger.java:log(150)) - [id: 0x51301cc5, L:0.0.0.0/0.0.0.0:35127] READ COMPLETE
2019-09-26 13:30:46,733 INFO  logging.LoggingHandler (AbstractInternalLogger.java:log(150)) - [id: 0x71970195, L:/0.0.0.0:43773] READ COMPLETE
2019-09-26 13:30:46,734 INFO  logging.LoggingHandler (AbstractInternalLogger.java:log(150)) - [id: 0x20c56452, L:/0.0.0.0:38626] READ: [id: 0x7736cc56, L:/192.168.164.227:38626 - R:/192.168.164.227:58234]
2019-09-26 13:30:46,734 INFO  logging.LoggingHandler (AbstractInternalLogger.java:log(150)) - [id: 0x51301cc5, L:0.0.0.0/0.0.0.0:35127] READ: [id: 0xaee9dd9f, L:/192.168.164.227:35127 - R:/192.168.164.227:48870]
2019-09-26 13:30:46,734 INFO  logging.LoggingHandler (AbstractInternalLogger.java:log(150)) - [id: 0x71970195, L:/0.0.0.0:43773] READ: [id: 0xf9c61c08, L:/192.168.164.227:43773 - R:/192.168.164.227:37098]
2019-09-26 13:30:46,734 INFO  logging.LoggingHandler (AbstractInternalLogger.java:log(150)) - [id: 0x51301cc5, L:0.0.0.0/0.0.0.0:35127] READ COMPLETE
2019-09-26 13:30:46,734 INFO  logging.LoggingHandler (AbstractInternalLogger.java:log(150)) - [id: 0x20c56452, L:/0.0.0.0:38626] READ COMPLETE
2019-09-26 13:30:46,734 INFO  logging.LoggingHandler (AbstractInternalLogger.java:log(150)) - [id: 0x71970195, L:/0.0.0.0:43773] READ COMPLETE
2019-09-26 13:30:46,735 INFO  logging.LoggingHandler (AbstractInternalLogger.java:log(150)) - [id: 0x20c56452, L:/0.0.0.0:38626] READ: [id: 0x8a77fa31, L:/192.168.164.227:38626 - R:/192.168.164.227:58236]
2019-09-26 13:30:46,735 INFO  logging.LoggingHandler (AbstractInternalLogger.java:log(150)) - [id: 0x71970195, L:/0.0.0.0:43773] READ: [id: 0x3568dd64, L:/192.168.164.227:43773 - R:/192.168.164.227:37102]
2019-09-26 13:30:46,735 INFO  logging.LoggingHandler (AbstractInternalLogger.java:log(150)) - [id: 0x20c56452, L:/0.0.0.0:38626] READ COMPLETE
2019-09-26 13:30:46,735 INFO  logging.LoggingHandler (AbstractInternalLogger.java:log(150)) - [id: 0x71970195, L:/0.0.0.0:43773] READ COMPLETE
2019-09-26 13:30:46,735 INFO  logging.LoggingHandler (AbstractInternalLogger.java:log(150)) - [id: 0x20c56452, L:/0.0.0.0:38626] READ: [id: 0x08062bcb, L:/192.168.164.227:38626 - R:/192.168.164.227:58238]
2019-09-26 13:30:46,736 INFO  logging.LoggingHandler (AbstractInternalLogger.java:log(150)) - [id: 0x71970195, L:/0.0.0.0:43773] READ: [id: 0x7759e5b7, L:/192.168.164.227:43773 - R:/192.168.164.227:37108]
2019-09-26 13:30:46,736 INFO  logging.LoggingHandler (AbstractInternalLogger.java:log(150)) - [id: 0x20c56452, L:/0.0.0.0:38626] READ COMPLETE
2019-09-26 13:30:46,736 INFO  logging.LoggingHandler (AbstractInternalLogger.java:log(150)) - [id: 0x71970195, L:/0.0.0.0:43773] READ COMPLETE
2019-09-26 13:30:46,736 INFO  logging.LoggingHandler (AbstractInternalLogger.java:log(150)) - [id: 0x20c56452, L:/0.0.0.0:38626] READ: [id: 0xc5429165, L:/192.168.164.227:38626 - R:/192.168.164.227:58242]
2019-09-26 13:30:46,736 INFO  logging.LoggingHandler (AbstractInternalLogger.java:log(150)) - [id: 0x51301cc5, L:0.0.0.0/0.0.0.0:35127] READ: [id: 0xa6249d23, L:/192.168.164.227:35127 - R:/192.168.164.227:48880]
2019-09-26 13:30:46,736 INFO  logging.LoggingHandler (AbstractInternalLogger.java:log(150)) - [id: 0x71970195, L:/0.0.0.0:43773] READ: [id: 0xa65acb2d, L:/192.168.164.227:43773 - R:/192.168.164.227:37110]
2019-09-26 13:30:46,737 INFO  logging.LoggingHandler (AbstractInternalLogger.java:log(150)) - [id: 0x51301cc5, L:0.0.0.0/0.0.0.0:35127] READ COMPLETE
2019-09-26 13:30:46,736 INFO  logging.LoggingHandler (AbstractInternalLogger.java:log(150)) - [id: 0x20c56452, L:/0.0.0.0:38626] READ COMPLETE
2019-09-26 13:30:46,738 INFO  logging.LoggingHandler (AbstractInternalLogger.java:log(150)) - [id: 0x51301cc5, L:0.0.0.0/0.0.0.0:35127] READ: [id: 0x1b1accf5, L:/192.168.164.227:35127 - R:/192.168.164.227:48884]
2019-09-26 13:30:46,737 INFO  logging.LoggingHandler (AbstractInternalLogger.java:log(150)) - [id: 0x71970195, L:/0.0.0.0:43773] READ COMPLETE
2019-09-26 13:30:46,738 INFO  logging.LoggingHandler (AbstractInternalLogger.java:log(150)) - [id: 0x20c56452, L:/0.0.0.0:38626] READ: [id: 0x91568afc, L:/192.168.164.227:38626 - R:/192.168.164.227:58244]
2019-09-26 13:30:46,738 INFO  logging.LoggingHandler (AbstractInternalLogger.java:log(150)) - [id: 0x51301cc5, L:0.0.0.0/0.0.0.0:35127] READ COMPLETE
2019-09-26 13:30:46,738 INFO  logging.LoggingHandler (AbstractInternalLogger.java:log(150)) - [id: 0x20c56452, L:/0.0.0.0:38626] READ COMPLETE
2019-09-26 13:30:46,738 INFO  logging.LoggingHandler (AbstractInternalLogger.java:log(150)) - [id: 0x71970195, L:/0.0.0.0:43773] READ: [id: 0x2ea12718, L:/192.168.164.227:43773 - R:/192.168.164.227:37114]
2019-09-26 13:30:46,739 INFO  logging.LoggingHandler (AbstractInternalLogger.java:log(150)) - [id: 0x20c56452, L:/0.0.0.0:38626] READ: [id: 0xf6684e2c, L:/192.168.164.227:38626 - R:/192.168.164.227:58256]
2019-09-26 13:30:46,739 INFO  logging.LoggingHandler (AbstractInternalLogger.java:log(150)) - [id: 0x51301cc5, L:0.0.0.0/0.0.0.0:35127] READ: [id: 0xff583a01, L:/192.168.164.227:35127 - R:/192.168.164.227:48890]
2019-09-26 13:30:46,739 INFO  logging.LoggingHandler (AbstractInternalLogger.java:log(150)) - [id: 0x20c56452, L:/0.0.0.0:38626] READ COMPLETE
2019-09-26 13:30:46,739 INFO  logging.LoggingHandler (AbstractInternalLogger.java:log(150)) - [id: 0x71970195, L:/0.0.0.0:43773] READ COMPLETE
2019-09-26 13:30:46,740 INFO  logging.LoggingHandler (AbstractInternalLogger.java:log(150)) - [id: 0x20c56452, L:/0.0.0.0:38626] READ: [id: 0xa3384fd3, L:/192.168.164.227:38626 - R:/192.168.164.227:58274]
2019-09-26 13:30:46,740 INFO  logging.LoggingHandler (AbstractInternalLogger.java:log(150)) - [id: 0x71970195, L:/0.0.0.0:43773] READ: [id: 0x49342d27, L:/192.168.164.227:43773 - R:/192.168.164.227:37118]
2019-09-26 13:30:46,739 INFO  logging.LoggingHandler (AbstractInternalLogger.java:log(150)) - [id: 0x51301cc5, L:0.0.0.0/0.0.0.0:35127] READ COMPLETE
2019-09-26 13:30:46,741 INFO  logging.LoggingHandler (AbstractInternalLogger.java:log(150)) - [id: 0x71970195, L:/0.0.0.0:43773] READ COMPLETE
2019-09-26 13:30:46,741 INFO  logging.LoggingHandler (AbstractInternalLogger.java:log(150)) - [id: 0x20c56452, L:/0.0.0.0:38626] READ COMPLETE
2019-09-26 13:30:46,741 INFO  logging.LoggingHandler (AbstractInternalLogger.java:log(150)) - [id: 0x71970195, L:/0.0.0.0:43773] READ: [id: 0x3b81ad18, L:/192.168.164.227:43773 - R:/192.168.164.227:37120]
2019-09-26 13:30:46,741 INFO  logging.LoggingHandler (AbstractInternalLogger.java:log(150)) - [id: 0x51301cc5, L:0.0.0.0/0.0.0.0:35127] READ: [id: 0x1c4ee561, L:/192.168.164.227:35127 - R:/192.168.164.227:48892]
2019-09-26 13:30:46,741 INFO  logging.LoggingHandler (AbstractInternalLogger.java:log(150)) - [id: 0x71970195, L:/0.0.0.0:43773] READ COMPLETE
2019-09-26 13:30:46,741 INFO  logging.LoggingHandler (AbstractInternalLogger.java:log(150)) - [id: 0x20c56452, L:/0.0.0.0:38626] READ: [id: 0x4760b0cb, L:/192.168.164.227:38626 - R:/192.168.164.227:58280]
2019-09-26 13:30:46,741 INFO  logging.LoggingHandler (AbstractInternalLogger.java:log(150)) - [id: 0x51301cc5, L:0.0.0.0/0.0.0.0:35127] READ COMPLETE
2019-09-26 13:30:46,742 INFO  logging.LoggingHandler (AbstractInternalLogger.java:log(150)) - [id: 0x71970195, L:/0.0.0.0:43773] READ: [id: 0x2e279ac0, L:/192.168.164.227:43773 - R:/192.168.164.227:37124]
2019-09-26 13:30:46,742 INFO  logging.LoggingHandler (AbstractInternalLogger.java:log(150)) - [id: 0x20c56452, L:/0.0.0.0:38626] READ COMPLETE
2019-09-26 13:30:46,742 INFO  logging.LoggingHandler (AbstractInternalLogger.java:log(150)) - [id: 0x71970195, L:/0.0.0.0:43773] READ COMPLETE
2019-09-26 13:30:46,742 INFO  logging.LoggingHandler (AbstractInternalLogger.java:log(150)) - [id: 0x51301cc5, L:0.0.0.0/0.0.0.0:35127] READ: [id: 0xa8e7b8be, L:/192.168.164.227:35127 - R:/192.168.164.227:48902]
2019-09-26 13:30:46,743 INFO  logging.LoggingHandler (AbstractInternalLogger.java:log(150)) - [id: 0x71970195, L:/0.0.0.0:43773] READ: [id: 0x2e15c13a, L:/192.168.164.227:43773 - R:/192.168.164.227:37126]
2019-09-26 13:30:46,743 INFO  logging.LoggingHandler (AbstractInternalLogger.java:log(150)) - [id: 0x20c56452, L:/0.0.0.0:38626] READ: [id: 0x6f64d137, L:/192.168.164.227:38626 - R:/192.168.164.227:58282]
2019-09-26 13:30:46,743 INFO  logging.LoggingHandler (AbstractInternalLogger.java:log(150)) - [id: 0x71970195, L:/0.0.0.0:43773] READ COMPLETE
2019-09-26 13:30:46,743 INFO  logging.LoggingHandler (AbstractInternalLogger.java:log(150)) - [id: 0x51301cc5, L:0.0.0.0/0.0.0.0:35127] READ COMPLETE
2019-09-26 13:30:46,744 INFO  logging.LoggingHandler (AbstractInternalLogger.java:log(150)) - [id: 0x71970195, L:/0.0.0.0:43773] READ: [id: 0xd75c1d99, L:/192.168.164.227:43773 - R:/192.168.164.227:37130]
2019-09-26 13:30:46,743 INFO  logging.LoggingHandler (AbstractInternalLogger.java:log(150)) - [id: 0x20c56452, L:/0.0.0.0:38626] READ COMPLETE
2019-09-26 13:30:46,744 INFO  logging.LoggingHandler (AbstractInternalLogger.java:log(150)) - [id: 0x51301cc5, L:0.0.0.0/0.0.0.0:35127] READ: [id: 0x1bada395, L:/192.168.164.227:35127 - R:/192.168.164.227:48906]
2019-09-26 13:30:46,744 INFO  logging.LoggingHandler (AbstractInternalLogger.java:log(150)) - [id: 0x71970195, L:/0.0.0.0:43773] READ COMPLETE
2019-09-26 13:30:46,744 INFO  logging.LoggingHandler (AbstractInternalLogger.java:log(150)) - [id: 0x51301cc5, L:0.0.0.0/0.0.0.0:35127] READ COMPLETE
2019-09-26 13:30:46,744 INFO  logging.LoggingHandler (AbstractInternalLogger.java:log(150)) - [id: 0x20c56452, L:/0.0.0.0:38626] READ: [id: 0x770b9188, L:/192.168.164.227:38626 - R:/192.168.164.227:58290]
2019-09-26 13:30:46,745 INFO  logging.LoggingHandler (AbstractInternalLogger.java:log(150)) - [id: 0x51301cc5, L:0.0.0.0/0.0.0.0:35127] READ: [id: 0xb54314aa, L:/192.168.164.227:35127 - R:/192.168.164.227:48908]
2019-09-26 13:30:46,745 INFO  logging.LoggingHandler (AbstractInternalLogger.java:log(150)) - [id: 0x71970195, L:/0.0.0.0:43773] READ: [id: 0xf236ebc3, L:/192.168.164.227:43773 - R:/192.168.164.227:37144]
2019-09-26 13:30:46,745 INFO  logging.LoggingHandler (AbstractInternalLogger.java:log(150)) - [id: 0x51301cc5, L:0.0.0.0/0.0.0.0:35127] READ COMPLETE
2019-09-26 13:30:46,745 INFO  logging.LoggingHandler (AbstractInternalLogger.java:log(150)) - [id: 0x20c56452, L:/0.0.0.0:38626] READ COMPLETE
2019-09-26 13:30:46,745 INFO  logging.LoggingHandler (AbstractInternalLogger.java:log(150)) - [id: 0x51301cc5, L:0.0.0.0/0.0.0.0:35127] READ: [id: 0x88cd7bae, L:/192.168.164.227:35127 - R:/192.168.164.227:48914]
2019-09-26 13:30:46,745 INFO  logging.LoggingHandler (AbstractInternalLogger.java:log(150)) - [id: 0x71970195, L:/0.0.0.0:43773] READ COMPLETE
2019-09-26 13:30:46,746 INFO  logging.LoggingHandler (AbstractInternalLogger.java:log(150)) - [id: 0x51301cc5, L:0.0.0.0/0.0.0.0:35127] READ COMPLETE
2019-09-26 13:30:46,746 INFO  logging.LoggingHandler (AbstractInternalLogger.java:log(150)) - [id: 0x20c56452, L:/0.0.0.0:38626] READ: [id: 0x70e7ebbb, L:/192.168.164.227:38626 - R:/192.168.164.227:58294]
2019-09-26 13:30:46,746 INFO  logging.LoggingHandler (AbstractInternalLogger.java:log(150)) - [id: 0x51301cc5, L:0.0.0.0/0.0.0.0:35127] READ: [id: 0x61c5c6f0, L:/192.168.164.227:35127 - R:/192.168.164.227:48916]
2019-09-26 13:30:46,746 INFO  logging.LoggingHandler (AbstractInternalLogger.java:log(150)) - [id: 0x71970195, L:/0.0.0.0:43773] READ: [id: 0x6b69229e, L:/192.168.164.227:43773 - R:/192.168.164.227:37146]
2019-09-26 13:30:46,746 INFO  logging.LoggingHandler (AbstractInternalLogger.java:log(150)) - [id: 0x51301cc5, L:0.0.0.0/0.0.0.0:35127] READ COMPLETE
2019-09-26 13:30:46,746 INFO  logging.LoggingHandler (AbstractInternalLogger.java:log(150)) - [id: 0x20c56452, L:/0.0.0.0:38626] READ COMPLETE
2019-09-26 13:30:46,747 INFO  logging.LoggingHandler (AbstractInternalLogger.java:log(150)) - [id: 0x51301cc5, L:0.0.0.0/0.0.0.0:35127] READ: [id: 0x69295759, L:/192.168.164.227:35127 - R:/192.168.164.227:48922]
2019-09-26 13:30:46,746 INFO  logging.LoggingHandler (AbstractInternalLogger.java:log(150)) - [id: 0x71970195, L:/0.0.0.0:43773] READ COMPLETE
2019-09-26 13:30:46,747 INFO  logging.LoggingHandler (AbstractInternalLogger.java:log(150)) - [id: 0x51301cc5, L:0.0.0.0/0.0.0.0:35127] READ COMPLETE
2019-09-26 13:30:46,747 INFO  logging.LoggingHandler (AbstractInternalLogger.java:log(150)) - [id: 0x20c56452, L:/0.0.0.0:38626] READ: [id: 0xad3ff9bf, L:/192.168.164.227:38626 - R:/192.168.164.227:58296]
2019-09-26 13:30:46,747 INFO  logging.LoggingHandler (AbstractInternalLogger.java:log(150)) - [id: 0x51301cc5, L:0.0.0.0/0.0.0.0:35127] READ: [id: 0x8b83de3e, L:/192.168.164.227:35127 - R:/192.168.164.227:48928]
2019-09-26 13:30:46,747 INFO  logging.LoggingHandler (AbstractInternalLogger.java:log(150)) - [id: 0x71970195, L:/0.0.0.0:43773] READ: [id: 0xfede521a, L:/192.168.164.227:43773 - R:/192.168.164.227:37150]
2019-09-26 13:30:46,748 INFO  logging.LoggingHandler (AbstractInternalLogger.java:log(150)) - [id: 0x51301cc5, L:0.0.0.0/0.0.0.0:35127] READ COMPLETE
2019-09-26 13:30:46,747 INFO  logging.LoggingHandler (AbstractInternalLogger.java:log(150)) - [id: 0x20c56452, L:/0.0.0.0:38626] READ COMPLETE
2019-09-26 13:30:46,748 INFO  logging.LoggingHandler (AbstractInternalLogger.java:log(150)) - [id: 0x51301cc5, L:0.0.0.0/0.0.0.0:35127] READ: [id: 0xb4bcd6a0, L:/192.168.164.227:35127 - R:/192.168.164.227:48930]
2019-09-26 13:30:46,748 INFO  logging.LoggingHandler (AbstractInternalLogger.java:log(150)) - [id: 0x71970195, L:/0.0.0.0:43773] READ COMPLETE
2019-09-26 13:30:46,748 INFO  logging.LoggingHandler (AbstractInternalLogger.java:log(150)) - [id: 0x20c56452, L:/0.0.0.0:38626] READ: [id: 0xe39c7c2e, L:/192.168.164.227:38626 - R:/192.168.164.227:58316]
2019-09-26 13:30:46,748 INFO  logging.LoggingHandler (AbstractInternalLogger.java:log(150)) - [id: 0x51301cc5, L:0.0.0.0/0.0.0.0:35127] READ COMPLETE
2019-09-26 13:30:46,749 INFO  logging.LoggingHandler (AbstractInternalLogger.java:log(150)) - [id: 0x20c56452, L:/0.0.0.0:38626] READ COMPLETE
2019-09-26 13:30:46,748 INFO  logging.LoggingHandler (AbstractInternalLogger.java:log(150)) - [id: 0x71970195, L:/0.0.0.0:43773] READ: [id: 0x97074be4, L:/192.168.164.227:43773 - R:/192.168.164.227:37156]
2019-09-26 13:30:46,749 INFO  logging.LoggingHandler (AbstractInternalLogger.java:log(150)) - [id: 0x51301cc5, L:0.0.0.0/0.0.0.0:35127] READ: [id: 0xf0f85d6a, L:/192.168.164.227:35127 - R:/192.168.164.227:48932]
2019-09-26 13:30:46,749 INFO  logging.LoggingHandler (AbstractInternalLogger.java:log(150)) - [id: 0x71970195, L:/0.0.0.0:43773] READ COMPLETE
2019-09-26 13:30:46,749 INFO  logging.LoggingHandler (AbstractInternalLogger.java:log(150)) - [id: 0x20c56452, L:/0.0.0.0:38626] READ: [id: 0x61b870a4, L:/192.168.164.227:38626 - R:/192.168.164.227:58324]
2019-09-26 13:30:46,749 INFO  logging.LoggingHandler (AbstractInternalLogger.java:log(150)) - [id: 0x71970195, L:/0.0.0.0:43773] READ: [id: 0x55f854c1, L:/192.168.164.227:43773 - R:/192.168.164.227:37162]
2019-09-26 13:30:46,749 INFO  logging.LoggingHandler (AbstractInternalLogger.java:log(150)) - [id: 0x51301cc5, L:0.0.0.0/0.0.0.0:35127] READ COMPLETE
2019-09-26 13:30:46,750 INFO  logging.LoggingHandler (AbstractInternalLogger.java:log(150)) - [id: 0x71970195, L:/0.0.0.0:43773] READ COMPLETE
2019-09-26 13:30:46,749 INFO  logging.LoggingHandler (AbstractInternalLogger.java:log(150)) - [id: 0x20c56452, L:/0.0.0.0:38626] READ COMPLETE
2019-09-26 13:30:46,750 INFO  logging.LoggingHandler (AbstractInternalLogger.java:log(150)) - [id: 0x71970195, L:/0.0.0.0:43773] READ: [id: 0xc2648bcc, L:/192.168.164.227:43773 - R:/192.168.164.227:37164]
2019-09-26 13:30:46,750 INFO  logging.LoggingHandler (AbstractInternalLogger.java:log(150)) - [id: 0x51301cc5, L:0.0.0.0/0.0.0.0:35127] READ: [id: 0xff85fc55, L:/192.168.164.227:35127 - R:/192.168.164.227:48936]
2019-09-26 13:30:46,750 INFO  logging.LoggingHandler (AbstractInternalLogger.java:log(150)) - [id: 0x20c56452, L:/0.0.0.0:38626] READ: [id: 0xe5637feb, L:/192.168.164.227:38626 - R:/192.168.164.227:58326]
2019-09-26 13:30:46,750 INFO  logging.LoggingHandler (AbstractInternalLogger.java:log(150)) - [id: 0x71970195, L:/0.0.0.0:43773] READ COMPLETE
2019-09-26 13:30:46,751 INFO  logging.LoggingHandler (AbstractInternalLogger.java:log(150)) - [id: 0x20c56452, L:/0.0.0.0:38626] READ COMPLETE
2019-09-26 13:30:46,750 INFO  logging.LoggingHandler (AbstractInternalLogger.java:log(150)) - [id: 0x51301cc5, L:0.0.0.0/0.0.0.0:35127] READ COMPLETE
2019-09-26 13:30:46,751 INFO  logging.LoggingHandler (AbstractInternalLogger.java:log(150)) - [id: 0x20c56452, L:/0.0.0.0:38626] READ: [id: 0x4d14fc9d, L:/192.168.164.227:38626 - R:/192.168.164.227:58334]
2019-09-26 13:30:46,751 INFO  logging.LoggingHandler (AbstractInternalLogger.java:log(150)) - [id: 0x71970195, L:/0.0.0.0:43773] READ: [id: 0x52c7635b, L:/192.168.164.227:43773 - R:/192.168.164.227:37166]
2019-09-26 13:30:46,751 INFO  logging.LoggingHandler (AbstractInternalLogger.java:log(150)) - [id: 0x51301cc5, L:0.0.0.0/0.0.0.0:35127] READ: [id: 0x818494f7, L:/192.168.164.227:35127 - R:/192.168.164.227:48940]
2019-09-26 13:30:46,751 INFO  logging.LoggingHandler (AbstractInternalLogger.java:log(150)) - [id: 0x20c56452, L:/0.0.0.0:38626] READ COMPLETE
2019-09-26 13:30:46,752 INFO  logging.LoggingHandler (AbstractInternalLogger.java:log(150)) - [id: 0x51301cc5, L:0.0.0.0/0.0.0.0:35127] READ COMPLETE
2019-09-26 13:30:46,751 INFO  logging.LoggingHandler (AbstractInternalLogger.java:log(150)) - [id: 0x71970195, L:/0.0.0.0:43773] READ COMPLETE
2019-09-26 13:30:46,752 INFO  logging.LoggingHandler (AbstractInternalLogger.java:log(150)) - [id: 0x20c56452, L:/0.0.0.0:38626] READ: [id: 0xafa93f5b, L:/192.168.164.227:38626 - R:/192.168.164.227:58338]
2019-09-26 13:30:46,752 INFO  logging.LoggingHandler (AbstractInternalLogger.java:log(150)) - [id: 0x71970195, L:/0.0.0.0:43773] READ: [id: 0xb7d86c2c, L:/192.168.164.227:43773 - R:/192.168.164.227:37168]
2019-09-26 13:30:46,752 INFO  logging.LoggingHandler (AbstractInternalLogger.java:log(150)) - [id: 0x51301cc5, L:0.0.0.0/0.0.0.0:35127] READ: [id: 0x9975b5b0, L:/192.168.164.227:35127 - R:/192.168.164.227:48944]
2019-09-26 13:30:46,752 INFO  logging.LoggingHandler (AbstractInternalLogger.java:log(150)) - [id: 0x71970195, L:/0.0.0.0:43773] READ COMPLETE
2019-09-26 13:30:46,752 INFO  logging.LoggingHandler (AbstractInternalLogger.java:log(150)) - [id: 0x20c56452, L:/0.0.0.0:38626] READ COMPLETE
2019-09-26 13:30:46,753 INFO  logging.LoggingHandler (AbstractInternalLogger.java:log(150)) - [id: 0x71970195, L:/0.0.0.0:43773] READ: [id: 0x8a8d5ee3, L:/192.168.164.227:43773 - R:/192.168.164.227:37186]
2019-09-26 13:30:46,753 INFO  logging.LoggingHandler (AbstractInternalLogger.java:log(150)) - [id: 0x51301cc5, L:0.0.0.0/0.0.0.0:35127] READ COMPLETE
2019-09-26 13:30:46,753 INFO  logging.LoggingHandler (AbstractInternalLogger.java:log(150)) - [id: 0x71970195, L:/0.0.0.0:43773] READ COMPLETE
2019-09-26 13:30:46,753 INFO  logging.LoggingHandler (AbstractInternalLogger.java:log(150)) - [id: 0x51301cc5, L:0.0.0.0/0.0.0.0:35127] READ: [id: 0xfa6e4f29, L:/192.168.164.227:35127 - R:/192.168.164.227:48948]
2019-09-26 13:30:46,753 INFO  logging.LoggingHandler (AbstractInternalLogger.java:log(150)) - [id: 0x71970195, L:/0.0.0.0:43773] READ: [id: 0x50b34057, L:/192.168.164.227:43773 - R:/192.168.164.227:37202]
2019-09-26 13:30:46,754 INFO  logging.LoggingHandler (AbstractInternalLogger.java:log(150)) - [id: 0x51301cc5, L:0.0.0.0/0.0.0.0:35127] READ COMPLETE
2019-09-26 13:30:46,754 INFO  logging.LoggingHandler (AbstractInternalLogger.java:log(150)) - [id: 0x20c56452, L:/0.0.0.0:38626] READ: [id: 0x893cc97b, L:/192.168.164.227:38626 - R:/192.168.164.227:58356]
2019-09-26 13:30:46,754 INFO  logging.LoggingHandler (AbstractInternalLogger.java:log(150)) - [id: 0x71970195, L:/0.0.0.0:43773] READ COMPLETE
2019-09-26 13:30:46,754 INFO  logging.LoggingHandler (AbstractInternalLogger.java:log(150)) - [id: 0x20c56452, L:/0.0.0.0:38626] READ COMPLETE
2019-09-26 13:30:46,754 INFO  logging.LoggingHandler (AbstractInternalLogger.java:log(150)) - [id: 0x51301cc5, L:0.0.0.0/0.0.0.0:35127] READ: [id: 0xf6513b55, L:/192.168.164.227:35127 - R:/192.168.164.227:48952]
2019-09-26 13:30:46,754 INFO  logging.LoggingHandler (AbstractInternalLogger.java:log(150)) - [id: 0x20c56452, L:/0.0.0.0:38626] READ: [id: 0x19d5a4c0, L:/192.168.164.227:38626 - R:/192.168.164.227:58358]
2019-09-26 13:30:46,754 INFO  logging.LoggingHandler (AbstractInternalLogger.java:log(150)) - [id: 0x71970195, L:/0.0.0.0:43773] READ: [id: 0xd672542b, L:/192.168.164.227:43773 - R:/192.168.164.227:37206]
2019-09-26 13:30:46,755 INFO  logging.LoggingHandler (AbstractInternalLogger.java:log(150)) - [id: 0x20c56452, L:/0.0.0.0:38626] READ COMPLETE
2019-09-26 13:30:46,755 INFO  logging.LoggingHandler (AbstractInternalLogger.java:log(150)) - [id: 0x51301cc5, L:0.0.0.0/0.0.0.0:35127] READ COMPLETE
2019-09-26 13:30:46,755 INFO  logging.LoggingHandler (AbstractInternalLogger.java:log(150)) - [id: 0x20c56452, L:/0.0.0.0:38626] READ: [id: 0xe9b3edfe, L:/192.168.164.227:38626 - R:/192.168.164.227:58362]
2019-09-26 13:30:46,755 INFO  logging.LoggingHandler (AbstractInternalLogger.java:log(150)) - [id: 0x71970195, L:/0.0.0.0:43773] READ COMPLETE
2019-09-26 13:30:46,755 INFO  logging.LoggingHandler (AbstractInternalLogger.java:log(150)) - [id: 0x51301cc5, L:0.0.0.0/0.0.0.0:35127] READ: [id: 0x14f860ed, L:/192.168.164.227:35127 - R:/192.168.164.227:48962]
2019-09-26 13:30:46,756 INFO  logging.LoggingHandler (AbstractInternalLogger.java:log(150)) - [id: 0x71970195, L:/0.0.0.0:43773] READ: [id: 0xd398bd52, L:/192.168.164.227:43773 - R:/192.168.164.227:37210]
2019-09-26 13:30:46,755 INFO  logging.LoggingHandler (AbstractInternalLogger.java:log(150)) - [id: 0x20c56452, L:/0.0.0.0:38626] READ COMPLETE
2019-09-26 13:30:46,756 INFO  logging.LoggingHandler (AbstractInternalLogger.java:log(150)) - [id: 0x71970195, L:/0.0.0.0:43773] READ COMPLETE
2019-09-26 13:30:46,756 INFO  logging.LoggingHandler (AbstractInternalLogger.java:log(150)) - [id: 0x51301cc5, L:0.0.0.0/0.0.0.0:35127] READ COMPLETE
2019-09-26 13:30:46,756 INFO  logging.LoggingHandler (AbstractInternalLogger.java:log(150)) - [id: 0x71970195, L:/0.0.0.0:43773] READ: [id: 0x19f0ec20, L:/192.168.164.227:43773 - R:/192.168.164.227:37218]
2019-09-26 13:30:46,757 INFO  logging.LoggingHandler (AbstractInternalLogger.java:log(150)) - [id: 0x71970195, L:/0.0.0.0:43773] READ COMPLETE
2019-09-26 13:30:46,757 INFO  logging.LoggingHandler (AbstractInternalLogger.java:log(150)) - [id: 0x51301cc5, L:0.0.0.0/0.0.0.0:35127] READ: [id: 0x77fdba5e, L:/192.168.164.227:35127 - R:/192.168.164.227:48970]
2019-09-26 13:30:46,758 INFO  logging.LoggingHandler (AbstractInternalLogger.java:log(150)) - [id: 0x71970195, L:/0.0.0.0:43773] READ: [id: 0x9f9e1377, L:/192.168.164.227:43773 - R:/192.168.164.227:37226]
2019-09-26 13:30:46,758 INFO  logging.LoggingHandler (AbstractInternalLogger.java:log(150)) - [id: 0x20c56452, L:/0.0.0.0:38626] READ: [id: 0x616e120a, L:/192.168.164.227:38626 - R:/192.168.164.227:58374]
2019-09-26 13:30:46,758 INFO  logging.LoggingHandler (AbstractInternalLogger.java:log(150)) - [id: 0x71970195, L:/0.0.0.0:43773] READ COMPLETE
2019-09-26 13:30:46,758 INFO  logging.LoggingHandler (AbstractInternalLogger.java:log(150)) - [id: 0x51301cc5, L:0.0.0.0/0.0.0.0:35127] READ COMPLETE
2019-09-26 13:30:46,758 INFO  logging.LoggingHandler (AbstractInternalLogger.java:log(150)) - [id: 0x71970195, L:/0.0.0.0:43773] READ: [id: 0x2b70949f, L:/192.168.164.227:43773 - R:/192.168.164.227:37228]
2019-09-26 13:30:46,758 INFO  logging.LoggingHandler (AbstractInternalLogger.java:log(150)) - [id: 0x20c56452, L:/0.0.0.0:38626] READ COMPLETE
2019-09-26 13:30:46,759 INFO  logging.LoggingHandler (AbstractInternalLogger.java:log(150)) - [id: 0x51301cc5, L:0.0.0.0/0.0.0.0:35127] READ: [id: 0x6a4ad8c4, L:/192.168.164.227:35127 - R:/192.168.164.227:48974]
2019-09-26 13:30:46,759 INFO  logging.LoggingHandler (AbstractInternalLogger.java:log(150)) - [id: 0x71970195, L:/0.0.0.0:43773] READ COMPLETE
2019-09-26 13:30:46,759 INFO  logging.LoggingHandler (AbstractInternalLogger.java:log(150)) - [id: 0x51301cc5, L:0.0.0.0/0.0.0.0:35127] READ COMPLETE
2019-09-26 13:30:46,759 INFO  logging.LoggingHandler (AbstractInternalLogger.java:log(150)) - [id: 0x20c56452, L:/0.0.0.0:38626] READ: [id: 0x4bcc5119, L:/192.168.164.227:38626 - R:/192.168.164.227:58376]
2019-09-26 13:30:46,759 INFO  logging.LoggingHandler (AbstractInternalLogger.java:log(150)) - [id: 0x51301cc5, L:0.0.0.0/0.0.0.0:35127] READ: [id: 0xe7960241, L:/192.168.164.227:35127 - R:/192.168.164.227:48976]
2019-09-26 13:30:46,759 INFO  logging.LoggingHandler (AbstractInternalLogger.java:log(150)) - [id: 0x71970195, L:/0.0.0.0:43773] READ: [id: 0x155cf461, L:/192.168.164.227:43773 - R:/192.168.164.227:37234]
2019-09-26 13:30:46,759 INFO  logging.LoggingHandler (AbstractInternalLogger.java:log(150)) - [id: 0x51301cc5, L:0.0.0.0/0.0.0.0:35127] READ COMPLETE
2019-09-26 13:30:46,759 INFO  logging.LoggingHandler (AbstractInternalLogger.java:log(150)) - [id: 0x20c56452, L:/0.0.0.0:38626] READ COMPLETE
2019-09-26 13:30:46,760 INFO  logging.LoggingHandler (AbstractInternalLogger.java:log(150)) - [id: 0x51301cc5, L:0.0.0.0/0.0.0.0:35127] READ: [id: 0xa6527c4b, L:/192.168.164.227:35127 - R:/192.168.164.227:48978]
2019-09-26 13:30:46,760 INFO  logging.LoggingHandler (AbstractInternalLogger.java:log(150)) - [id: 0x71970195, L:/0.0.0.0:43773] READ COMPLETE
2019-09-26 13:30:46,760 INFO  logging.LoggingHandler (AbstractInternalLogger.java:log(150)) - [id: 0x20c56452, L:/0.0.0.0:38626] READ: [id: 0x62e6b959, L:/192.168.164.227:38626 - R:/192.168.164.227:58380]
2019-09-26 13:30:46,760 INFO  logging.LoggingHandler (AbstractInternalLogger.java:log(150)) - [id: 0x51301cc5, L:0.0.0.0/0.0.0.0:35127] READ COMPLETE
2019-09-26 13:30:46,760 INFO  logging.LoggingHandler (AbstractInternalLogger.java:log(150)) - [id: 0x20c56452, L:/0.0.0.0:38626] READ COMPLETE
2019-09-26 13:30:46,760 INFO  logging.LoggingHandler (AbstractInternalLogger.java:log(150)) - [id: 0x71970195, L:/0.0.0.0:43773] READ: [id: 0xf8f9ba2e, L:/192.168.164.227:43773 - R:/192.168.164.227:37240]
2019-09-26 13:30:46,761 INFO  logging.LoggingHandler (AbstractInternalLogger.java:log(150)) - [id: 0x20c56452, L:/0.0.0.0:38626] READ: [id: 0x6d8dd532, L:/192.168.164.227:38626 - R:/192.168.164.227:58388]
2019-09-26 13:30:46,761 INFO  logging.LoggingHandler (AbstractInternalLogger.java:log(150)) - [id: 0x51301cc5, L:0.0.0.0/0.0.0.0:35127] READ: [id: 0x74bdde2f, L:/192.168.164.227:35127 - R:/192.168.164.227:48982]
2019-09-26 13:30:46,761 INFO  logging.LoggingHandler (AbstractInternalLogger.java:log(150)) - [id: 0x20c56452, L:/0.0.0.0:38626] READ COMPLETE
2019-09-26 13:30:46,761 INFO  logging.LoggingHandler (AbstractInternalLogger.java:log(150)) - [id: 0x20c56452, L:/0.0.0.0:38626] READ: [id: 0x2a8bce5f, L:/192.168.164.227:38626 - R:/192.168.164.227:58392]
2019-09-26 13:30:46,761 INFO  logging.LoggingHandler (AbstractInternalLogger.java:log(150)) - [id: 0x20c56452, L:/0.0.0.0:38626] READ COMPLETE
2019-09-26 13:30:46,761 INFO  logging.LoggingHandler (AbstractInternalLogger.java:log(150)) - [id: 0x71970195, L:/0.0.0.0:43773] READ COMPLETE
2019-09-26 13:30:46,761 INFO  logging.LoggingHandler (AbstractInternalLogger.java:log(150)) - [id: 0x51301cc5, L:0.0.0.0/0.0.0.0:35127] READ COMPLETE
2019-09-26 13:30:46,762 INFO  logging.LoggingHandler (AbstractInternalLogger.java:log(150)) - [id: 0x71970195, L:/0.0.0.0:43773] READ: [id: 0x07b4ddf2, L:/192.168.164.227:43773 - R:/192.168.164.227:37248]
2019-09-26 13:30:46,762 INFO  logging.LoggingHandler (AbstractInternalLogger.java:log(150)) - [id: 0x51301cc5, L:0.0.0.0/0.0.0.0:35127] READ: [id: 0xf44d1de8, L:/192.168.164.227:35127 - R:/192.168.164.227:48984]
2019-09-26 13:30:46,762 INFO  logging.LoggingHandler (AbstractInternalLogger.java:log(150)) - [id: 0x20c56452, L:/0.0.0.0:38626] READ: [id: 0xeed7763c, L:/192.168.164.227:38626 - R:/192.168.164.227:58404]
2019-09-26 13:30:46,762 INFO  logging.LoggingHandler (AbstractInternalLogger.java:log(150)) - [id: 0x71970195, L:/0.0.0.0:43773] READ COMPLETE
2019-09-26 13:30:46,762 INFO  logging.LoggingHandler (AbstractInternalLogger.java:log(150)) - [id: 0x20c56452, L:/0.0.0.0:38626] READ COMPLETE
2019-09-26 13:30:46,762 INFO  logging.LoggingHandler (AbstractInternalLogger.java:log(150)) - [id: 0x51301cc5, L:0.0.0.0/0.0.0.0:35127] READ COMPLETE
2019-09-26 13:30:46,763 INFO  logging.LoggingHandler (AbstractInternalLogger.java:log(150)) - [id: 0x71970195, L:/0.0.0.0:43773] READ: [id: 0x757ae919, L:/192.168.164.227:43773 - R:/192.168.164.227:37258]
2019-09-26 13:30:46,763 INFO  logging.LoggingHandler (AbstractInternalLogger.java:log(150)) - [id: 0x51301cc5, L:0.0.0.0/0.0.0.0:35127] READ: [id: 0xd059dc63, L:/192.168.164.227:35127 - R:/192.168.164.227:48998]
2019-09-26 13:30:46,763 INFO  logging.LoggingHandler (AbstractInternalLogger.java:log(150)) - [id: 0x20c56452, L:/0.0.0.0:38626] READ: [id: 0x8374511a, L:/192.168.164.227:38626 - R:/192.168.164.227:58408]
2019-09-26 13:30:46,763 INFO  logging.LoggingHandler (AbstractInternalLogger.java:log(150)) - [id: 0x71970195, L:/0.0.0.0:43773] READ COMPLETE
2019-09-26 13:30:46,763 INFO  logging.LoggingHandler (AbstractInternalLogger.java:log(150)) - [id: 0x20c56452, L:/0.0.0.0:38626] READ COMPLETE
2019-09-26 13:30:46,763 INFO  logging.LoggingHandler (AbstractInternalLogger.java:log(150)) - [id: 0x51301cc5, L:0.0.0.0/0.0.0.0:35127] READ COMPLETE
2019-09-26 13:30:46,764 INFO  logging.LoggingHandler (AbstractInternalLogger.java:log(150)) - [id: 0x71970195, L:/0.0.0.0:43773] READ: [id: 0xa8b92915, L:/192.168.164.227:43773 - R:/192.168.164.227:37262]
2019-09-26 13:30:46,764 INFO  logging.LoggingHandler (AbstractInternalLogger.java:log(150)) - [id: 0x51301cc5, L:0.0.0.0/0.0.0.0:35127] READ: [id: 0xd7e7ee41, L:/192.168.164.227:35127 - R:/192.168.164.227:49000]
2019-09-26 13:30:46,764 INFO  logging.LoggingHandler (AbstractInternalLogger.java:log(150)) - [id: 0x71970195, L:/0.0.0.0:43773] READ COMPLETE
2019-09-26 13:30:46,764 INFO  logging.LoggingHandler (AbstractInternalLogger.java:log(150)) - [id: 0x20c56452, L:/0.0.0.0:38626] READ: [id: 0x415d7399, L:/192.168.164.227:38626 - R:/192.168.164.227:58414]
2019-09-26 13:30:46,764 INFO  logging.LoggingHandler (AbstractInternalLogger.java:log(150)) - [id: 0x51301cc5, L:0.0.0.0/0.0.0.0:35127] READ COMPLETE
2019-09-26 13:30:46,764 INFO  logging.LoggingHandler (AbstractInternalLogger.java:log(150)) - [id: 0x20c56452, L:/0.0.0.0:38626] READ COMPLETE
2019-09-26 13:30:46,764 INFO  logging.LoggingHandler (AbstractInternalLogger.java:log(150)) - [id: 0x71970195, L:/0.0.0.0:43773] READ: [id: 0x0005c48a, L:/192.168.164.227:43773 - R:/192.168.164.227:37264]
2019-09-26 13:30:46,765 INFO  logging.LoggingHandler (AbstractInternalLogger.java:log(150)) - [id: 0x51301cc5, L:0.0.0.0/0.0.0.0:35127] READ: [id: 0xc7022cfe, L:/192.168.164.227:35127 - R:/192.168.164.227:49008]
2019-09-26 13:30:46,765 INFO  logging.LoggingHandler (AbstractInternalLogger.java:log(150)) - [id: 0x71970195, L:/0.0.0.0:43773] READ COMPLETE
2019-09-26 13:30:46,765 INFO  logging.LoggingHandler (AbstractInternalLogger.java:log(150)) - [id: 0x51301cc5, L:0.0.0.0/0.0.0.0:35127] READ COMPLETE
2019-09-26 13:30:46,765 INFO  logging.LoggingHandler (AbstractInternalLogger.java:log(150)) - [id: 0x71970195, L:/0.0.0.0:43773] READ: [id: 0x53dfcf23, L:/192.168.164.227:43773 - R:/192.168.164.227:37270]
2019-09-26 13:30:46,765 INFO  logging.LoggingHandler (AbstractInternalLogger.java:log(150)) - [id: 0x51301cc5, L:0.0.0.0/0.0.0.0:35127] READ: [id: 0xbf6df2db, L:/192.168.164.227:35127 - R:/192.168.164.227:49012]
2019-09-26 13:30:46,765 INFO  logging.LoggingHandler (AbstractInternalLogger.java:log(150)) - [id: 0x71970195, L:/0.0.0.0:43773] READ COMPLETE
2019-09-26 13:30:46,765 INFO  logging.LoggingHandler (AbstractInternalLogger.java:log(150)) - [id: 0x51301cc5, L:0.0.0.0/0.0.0.0:35127] READ COMPLETE
2019-09-26 13:30:46,766 INFO  logging.LoggingHandler (AbstractInternalLogger.java:log(150)) - [id: 0x71970195, L:/0.0.0.0:43773] READ: [id: 0x21fc550d, L:/192.168.164.227:43773 - R:/192.168.164.227:37294]
2019-09-26 13:30:46,766 INFO  logging.LoggingHandler (AbstractInternalLogger.java:log(150)) - [id: 0x51301cc5, L:0.0.0.0/0.0.0.0:35127] READ: [id: 0x1f4c0429, L:/192.168.164.227:35127 - R:/192.168.164.227:49014]
2019-09-26 13:30:46,766 INFO  logging.LoggingHandler (AbstractInternalLogger.java:log(150)) - [id: 0x71970195, L:/0.0.0.0:43773] READ COMPLETE
2019-09-26 13:30:46,766 INFO  logging.LoggingHandler (AbstractInternalLogger.java:log(150)) - [id: 0x51301cc5, L:0.0.0.0/0.0.0.0:35127] READ COMPLETE
2019-09-26 13:30:46,766 INFO  logging.LoggingHandler (AbstractInternalLogger.java:log(150)) - [id: 0x71970195, L:/0.0.0.0:43773] READ: [id: 0xf79f0494, L:/192.168.164.227:43773 - R:/192.168.164.227:37308]
2019-09-26 13:30:46,766 INFO  logging.LoggingHandler (AbstractInternalLogger.java:log(150)) - [id: 0x51301cc5, L:0.0.0.0/0.0.0.0:35127] READ: [id: 0x4d12b9cf, L:/192.168.164.227:35127 - R:/192.168.164.227:49016]
2019-09-26 13:30:46,766 INFO  logging.LoggingHandler (AbstractInternalLogger.java:log(150)) - [id: 0x71970195, L:/0.0.0.0:43773] READ COMPLETE
2019-09-26 13:30:46,766 INFO  logging.LoggingHandler (AbstractInternalLogger.java:log(150)) - [id: 0x20c56452, L:/0.0.0.0:38626] READ: [id: 0x988ce6d7, L:/192.168.164.227:38626 - R:/192.168.164.227:58430]
2019-09-26 13:30:46,767 INFO  logging.LoggingHandler (AbstractInternalLogger.java:log(150)) - [id: 0x71970195, L:/0.0.0.0:43773] READ: [id: 0xbd04c848, L:/192.168.164.227:43773 - R:/192.168.164.227:37314]
2019-09-26 13:30:46,766 INFO  logging.LoggingHandler (AbstractInternalLogger.java:log(150)) - [id: 0x51301cc5, L:0.0.0.0/0.0.0.0:35127] READ COMPLETE
2019-09-26 13:30:46,767 INFO  logging.LoggingHandler (AbstractInternalLogger.java:log(150)) - [id: 0x71970195, L:/0.0.0.0:43773] READ COMPLETE
2019-09-26 13:30:46,767 INFO  logging.LoggingHandler (AbstractInternalLogger.java:log(150)) - [id: 0x20c56452, L:/0.0.0.0:38626] READ COMPLETE
2019-09-26 13:30:46,767 INFO  logging.LoggingHandler (AbstractInternalLogger.java:log(150)) - [id: 0x71970195, L:/0.0.0.0:43773] READ: [id: 0xb962ef37, L:/192.168.164.227:43773 - R:/192.168.164.227:37316]
2019-09-26 13:30:46,767 INFO  logging.LoggingHandler (AbstractInternalLogger.java:log(150)) - [id: 0x51301cc5, L:0.0.0.0/0.0.0.0:35127] READ: [id: 0x4fc5dd44, L:/192.168.164.227:35127 - R:/192.168.164.227:49020]
2019-09-26 13:30:46,767 INFO  logging.LoggingHandler (AbstractInternalLogger.java:log(150)) - [id: 0x20c56452, L:/0.0.0.0:38626] READ: [id: 0x7cf8566a, L:/192.168.164.227:38626 - R:/192.168.164.227:58432]
2019-09-26 13:30:46,767 INFO  logging.LoggingHandler (AbstractInternalLogger.java:log(150)) - [id: 0x71970195, L:/0.0.0.0:43773] READ COMPLETE
2019-09-26 13:30:46,768 INFO  logging.LoggingHandler (AbstractInternalLogger.java:log(150)) - [id: 0x20c56452, L:/0.0.0.0:38626] READ COMPLETE
2019-09-26 13:30:46,768 INFO  logging.LoggingHandler (AbstractInternalLogger.java:log(150)) - [id: 0x51301cc5, L:0.0.0.0/0.0.0.0:35127] READ COMPLETE
2019-09-26 13:30:46,768 INFO  logging.LoggingHandler (AbstractInternalLogger.java:log(150)) - [id: 0x20c56452, L:/0.0.0.0:38626] READ: [id: 0x1b2f9733, L:/192.168.164.227:38626 - R:/192.168.164.227:58434]
2019-09-26 13:30:46,768 INFO  logging.LoggingHandler (AbstractInternalLogger.java:log(150)) - [id: 0x71970195, L:/0.0.0.0:43773] READ: [id: 0x50ec44a8, L:/192.168.164.227:43773 - R:/192.168.164.227:37320]
2019-09-26 13:30:46,768 INFO  logging.LoggingHandler (AbstractInternalLogger.java:log(150)) - [id: 0x20c56452, L:/0.0.0.0:38626] READ COMPLETE
2019-09-26 13:30:46,768 INFO  logging.LoggingHandler (AbstractInternalLogger.java:log(150)) - [id: 0x51301cc5, L:0.0.0.0/0.0.0.0:35127] READ: [id: 0x63900acb, L:/192.168.164.227:35127 - R:/192.168.164.227:49024]
2019-09-26 13:30:46,769 INFO  logging.LoggingHandler (AbstractInternalLogger.java:log(150)) - [id: 0x20c56452, L:/0.0.0.0:38626] READ: [id: 0x9d4961ad, L:/192.168.164.227:38626 - R:/192.168.164.227:58436]
2019-09-26 13:30:46,768 INFO  logging.LoggingHandler (AbstractInternalLogger.java:log(150)) - [id: 0x71970195, L:/0.0.0.0:43773] READ COMPLETE
2019-09-26 13:30:46,769 INFO  logging.LoggingHandler (AbstractInternalLogger.java:log(150)) - [id: 0x20c56452, L:/0.0.0.0:38626] READ COMPLETE
2019-09-26 13:30:46,769 INFO  logging.LoggingHandler (AbstractInternalLogger.java:log(150)) - [id: 0x51301cc5, L:0.0.0.0/0.0.0.0:35127] READ COMPLETE
2019-09-26 13:30:46,769 INFO  logging.LoggingHandler (AbstractInternalLogger.java:log(150)) - [id: 0x20c56452, L:/0.0.0.0:38626] READ: [id: 0x06e8ea01, L:/192.168.164.227:38626 - R:/192.168.164.227:58440]
2019-09-26 13:30:46,769 INFO  logging.LoggingHandler (AbstractInternalLogger.java:log(150)) - [id: 0x71970195, L:/0.0.0.0:43773] READ: [id: 0xf7e14ffd, L:/192.168.164.227:43773 - R:/192.168.164.227:37322]
2019-09-26 13:30:46,769 INFO  logging.LoggingHandler (AbstractInternalLogger.java:log(150)) - [id: 0x20c56452, L:/0.0.0.0:38626] READ COMPLETE
2019-09-26 13:30:46,769 INFO  logging.LoggingHandler (AbstractInternalLogger.java:log(150)) - [id: 0x51301cc5, L:0.0.0.0/0.0.0.0:35127] READ: [id: 0x7939f900, L:/192.168.164.227:35127 - R:/192.168.164.227:49028]
2019-09-26 13:30:46,770 INFO  logging.LoggingHandler (AbstractInternalLogger.java:log(150)) - [id: 0x71970195, L:/0.0.0.0:43773] READ COMPLETE
2019-09-26 13:30:46,770 INFO  logging.LoggingHandler (AbstractInternalLogger.java:log(150)) - [id: 0x51301cc5, L:0.0.0.0/0.0.0.0:35127] READ COMPLETE
2019-09-26 13:30:46,770 INFO  logging.LoggingHandler (AbstractInternalLogger.java:log(150)) - [id: 0x20c56452, L:/0.0.0.0:38626] READ: [id: 0x2b24cb7c, L:/192.168.164.227:38626 - R:/192.168.164.227:58444]
2019-09-26 13:30:46,770 INFO  logging.LoggingHandler (AbstractInternalLogger.java:log(150)) - [id: 0x51301cc5, L:0.0.0.0/0.0.0.0:35127] READ: [id: 0xf3335bc3, L:/192.168.164.227:35127 - R:/192.168.164.227:49030]
2019-09-26 13:30:46,770 INFO  logging.LoggingHandler (AbstractInternalLogger.java:log(150)) - [id: 0x71970195, L:/0.0.0.0:43773] READ: [id: 0xf1c2989e, L:/192.168.164.227:43773 - R:/192.168.164.227:37326]
2019-09-26 13:30:46,770 INFO  logging.LoggingHandler (AbstractInternalLogger.java:log(150)) - [id: 0x51301cc5, L:0.0.0.0/0.0.0.0:35127] READ COMPLETE
2019-09-26 13:30:46,770 INFO  logging.LoggingHandler (AbstractInternalLogger.java:log(150)) - [id: 0x20c56452, L:/0.0.0.0:38626] READ COMPLETE
2019-09-26 13:30:46,771 INFO  logging.LoggingHandler (AbstractInternalLogger.java:log(150)) - [id: 0x71970195, L:/0.0.0.0:43773] READ COMPLETE
2019-09-26 13:30:46,771 INFO  logging.LoggingHandler (AbstractInternalLogger.java:log(150)) - [id: 0x20c56452, L:/0.0.0.0:38626] READ: [id: 0x123496dc, L:/192.168.164.227:38626 - R:/192.168.164.227:58446]
2019-09-26 13:30:46,771 INFO  logging.LoggingHandler (AbstractInternalLogger.java:log(150)) - [id: 0x51301cc5, L:0.0.0.0/0.0.0.0:35127] READ: [id: 0xdb1a1922, L:/192.168.164.227:35127 - R:/192.168.164.227:49032]
2019-09-26 13:30:46,771 INFO  logging.LoggingHandler (AbstractInternalLogger.java:log(150)) - [id: 0x20c56452, L:/0.0.0.0:38626] READ COMPLETE
2019-09-26 13:30:46,771 INFO  logging.LoggingHandler (AbstractInternalLogger.java:log(150)) - [id: 0x71970195, L:/0.0.0.0:43773] READ: [id: 0x5fdb03b7, L:/192.168.164.227:43773 - R:/192.168.164.227:37336]
2019-09-26 13:30:46,771 INFO  logging.LoggingHandler (AbstractInternalLogger.java:log(150)) - [id: 0x20c56452, L:/0.0.0.0:38626] READ: [id: 0xfaa541aa, L:/192.168.164.227:38626 - R:/192.168.164.227:58468]
2019-09-26 13:30:46,771 INFO  logging.LoggingHandler (AbstractInternalLogger.java:log(150)) - [id: 0x51301cc5, L:0.0.0.0/0.0.0.0:35127] READ COMPLETE
2019-09-26 13:30:46,772 INFO  logging.LoggingHandler (AbstractInternalLogger.java:log(150)) - [id: 0x20c56452, L:/0.0.0.0:38626] READ COMPLETE
2019-09-26 13:30:46,772 INFO  logging.LoggingHandler (AbstractInternalLogger.java:log(150)) - [id: 0x51301cc5, L:0.0.0.0/0.0.0.0:35127] READ: [id: 0x217fc96d, L:/192.168.164.227:35127 - R:/192.168.164.227:49036]
2019-09-26 13:30:46,771 INFO  logging.LoggingHandler (AbstractInternalLogger.java:log(150)) - [id: 0x71970195, L:/0.0.0.0:43773] READ COMPLETE
2019-09-26 13:30:46,772 INFO  logging.LoggingHandler (AbstractInternalLogger.java:log(150)) - [id: 0x51301cc5, L:0.0.0.0/0.0.0.0:35127] READ COMPLETE
2019-09-26 13:30:46,772 INFO  logging.LoggingHandler (AbstractInternalLogger.java:log(150)) - [id: 0x20c56452, L:/0.0.0.0:38626] READ: [id: 0x4ce90220, L:/192.168.164.227:38626 - R:/192.168.164.227:58470]
2019-09-26 13:30:46,772 INFO  logging.LoggingHandler (AbstractInternalLogger.java:log(150)) - [id: 0x71970195, L:/0.0.0.0:43773] READ: [id: 0x8248b867, L:/192.168.164.227:43773 - R:/192.168.164.227:37346]
2019-09-26 13:30:46,772 INFO  logging.LoggingHandler (AbstractInternalLogger.java:log(150)) - [id: 0x20c56452, L:/0.0.0.0:38626] READ COMPLETE
2019-09-26 13:30:46,772 INFO  logging.LoggingHandler (AbstractInternalLogger.java:log(150)) - [id: 0x51301cc5, L:0.0.0.0/0.0.0.0:35127] READ: [id: 0x399dd436, L:/192.168.164.227:35127 - R:/192.168.164.227:49042]
2019-09-26 13:30:46,773 INFO  logging.LoggingHandler (AbstractInternalLogger.java:log(150)) - [id: 0x20c56452, L:/0.0.0.0:38626] READ: [id: 0x846ebc9a, L:/192.168.164.227:38626 - R:/192.168.164.227:58474]
2019-09-26 13:30:46,773 INFO  logging.LoggingHandler (AbstractInternalLogger.java:log(150)) - [id: 0x71970195, L:/0.0.0.0:43773] READ COMPLETE
2019-09-26 13:30:46,773 INFO  logging.LoggingHandler (AbstractInternalLogger.java:log(150)) - [id: 0x20c56452, L:/0.0.0.0:38626] READ COMPLETE
2019-09-26 13:30:46,773 INFO  logging.LoggingHandler (AbstractInternalLogger.java:log(150)) - [id: 0x51301cc5, L:0.0.0.0/0.0.0.0:35127] READ COMPLETE
2019-09-26 13:30:46,773 INFO  logging.LoggingHandler (AbstractInternalLogger.java:log(150)) - [id: 0x71970195, L:/0.0.0.0:43773] READ: [id: 0x879d2b49, L:/192.168.164.227:43773 - R:/192.168.164.227:37350]
2019-09-26 13:30:46,774 INFO  logging.LoggingHandler (AbstractInternalLogger.java:log(150)) - [id: 0x51301cc5, L:0.0.0.0/0.0.0.0:35127] READ: [id: 0x5735c1a6, L:/192.168.164.227:35127 - R:/192.168.164.227:49050]
2019-09-26 13:30:46,774 INFO  logging.LoggingHandler (AbstractInternalLogger.java:log(150)) - [id: 0x71970195, L:/0.0.0.0:43773] READ COMPLETE
2019-09-26 13:30:46,774 INFO  logging.LoggingHandler (AbstractInternalLogger.java:log(150)) - [id: 0x51301cc5, L:0.0.0.0/0.0.0.0:35127] READ COMPLETE
2019-09-26 13:30:46,774 INFO  logging.LoggingHandler (AbstractInternalLogger.java:log(150)) - [id: 0x71970195, L:/0.0.0.0:43773] READ: [id: 0x98999397, L:/192.168.164.227:43773 - R:/192.168.164.227:37354]
2019-09-26 13:30:46,774 INFO  logging.LoggingHandler (AbstractInternalLogger.java:log(150)) - [id: 0x51301cc5, L:0.0.0.0/0.0.0.0:35127] READ: [id: 0x4407bb1e, L:/192.168.164.227:35127 - R:/192.168.164.227:49056]
2019-09-26 13:30:46,774 INFO  logging.LoggingHandler (AbstractInternalLogger.java:log(150)) - [id: 0x71970195, L:/0.0.0.0:43773] READ COMPLETE
2019-09-26 13:30:46,774 INFO  logging.LoggingHandler (AbstractInternalLogger.java:log(150)) - [id: 0x51301cc5, L:0.0.0.0/0.0.0.0:35127] READ COMPLETE
2019-09-26 13:30:46,774 INFO  logging.LoggingHandler (AbstractInternalLogger.java:log(150)) - [id: 0x71970195, L:/0.0.0.0:43773] READ: [id: 0x77ad79e6, L:/192.168.164.227:43773 - R:/192.168.164.227:37358]
2019-09-26 13:30:46,775 INFO  logging.LoggingHandler (AbstractInternalLogger.java:log(150)) - [id: 0x51301cc5, L:0.0.0.0/0.0.0.0:35127] READ: [id: 0x5c411770, L:/192.168.164.227:35127 - R:/192.168.164.227:49072]
2019-09-26 13:30:46,775 INFO  logging.LoggingHandler (AbstractInternalLogger.java:log(150)) - [id: 0x20c56452, L:/0.0.0.0:38626] READ: [id: 0x230364f0, L:/192.168.164.227:38626 - R:/192.168.164.227:58492]
2019-09-26 13:30:46,775 INFO  logging.LoggingHandler (AbstractInternalLogger.java:log(150)) - [id: 0x71970195, L:/0.0.0.0:43773] READ COMPLETE
2019-09-26 13:30:46,775 INFO  logging.LoggingHandler (AbstractInternalLogger.java:log(150)) - [id: 0x20c56452, L:/0.0.0.0:38626] READ COMPLETE
2019-09-26 13:30:46,775 INFO  logging.LoggingHandler (AbstractInternalLogger.java:log(150)) - [id: 0x51301cc5, L:0.0.0.0/0.0.0.0:35127] READ COMPLETE
2019-09-26 13:30:46,775 INFO  logging.LoggingHandler (AbstractInternalLogger.java:log(150)) - [id: 0x71970195, L:/0.0.0.0:43773] READ: [id: 0x2f84c8fe, L:/192.168.164.227:43773 - R:/192.168.164.227:37362]
2019-09-26 13:30:46,776 INFO  logging.LoggingHandler (AbstractInternalLogger.java:log(150)) - [id: 0x51301cc5, L:0.0.0.0/0.0.0.0:35127] READ: [id: 0x008e963a, L:/192.168.164.227:35127 - R:/192.168.164.227:49080]
2019-09-26 13:30:46,775 INFO  logging.LoggingHandler (AbstractInternalLogger.java:log(150)) - [id: 0x20c56452, L:/0.0.0.0:38626] READ: [id: 0xab7f31ec, L:/192.168.164.227:38626 - R:/192.168.164.227:58496]
2019-09-26 13:30:46,776 INFO  logging.LoggingHandler (AbstractInternalLogger.java:log(150)) - [id: 0x51301cc5, L:0.0.0.0/0.0.0.0:35127] READ COMPLETE
2019-09-26 13:30:46,776 INFO  logging.LoggingHandler (AbstractInternalLogger.java:log(150)) - [id: 0x71970195, L:/0.0.0.0:43773] READ COMPLETE
2019-09-26 13:30:46,776 INFO  logging.LoggingHandler (AbstractInternalLogger.java:log(150)) - [id: 0x51301cc5, L:0.0.0.0/0.0.0.0:35127] READ: [id: 0xd6ad5758, L:/192.168.164.227:35127 - R:/192.168.164.227:49084]
2019-09-26 13:30:46,776 INFO  logging.LoggingHandler (AbstractInternalLogger.java:log(150)) - [id: 0x20c56452, L:/0.0.0.0:38626] READ COMPLETE
2019-09-26 13:30:46,776 INFO  logging.LoggingHandler (AbstractInternalLogger.java:log(150)) - [id: 0x51301cc5, L:0.0.0.0/0.0.0.0:35127] READ COMPLETE
2019-09-26 13:30:46,776 INFO  logging.LoggingHandler (AbstractInternalLogger.java:log(150)) - [id: 0x71970195, L:/0.0.0.0:43773] READ: [id: 0xc2616972, L:/192.168.164.227:43773 - R:/192.168.164.227:37364]
2019-09-26 13:30:46,777 INFO  logging.LoggingHandler (AbstractInternalLogger.java:log(150)) - [id: 0x51301cc5, L:0.0.0.0/0.0.0.0:35127] READ: [id: 0x9ed16e81, L:/192.168.164.227:35127 - R:/192.168.164.227:49088]
2019-09-26 13:30:46,777 INFO  logging.LoggingHandler (AbstractInternalLogger.java:log(150)) - [id: 0x20c56452, L:/0.0.0.0:38626] READ: [id: 0x2952ffb5, L:/192.168.164.227:38626 - R:/192.168.164.227:58504]
2019-09-26 13:30:46,777 INFO  logging.LoggingHandler (AbstractInternalLogger.java:log(150)) - [id: 0x51301cc5, L:0.0.0.0/0.0.0.0:35127] READ COMPLETE
2019-09-26 13:30:46,777 INFO  logging.LoggingHandler (AbstractInternalLogger.java:log(150)) - [id: 0x71970195, L:/0.0.0.0:43773] READ COMPLETE
2019-09-26 13:30:46,777 INFO  logging.LoggingHandler (AbstractInternalLogger.java:log(150)) - [id: 0x20c56452, L:/0.0.0.0:38626] READ COMPLETE
2019-09-26 13:30:46,777 INFO  logging.LoggingHandler (AbstractInternalLogger.java:log(150)) - [id: 0x51301cc5, L:0.0.0.0/0.0.0.0:35127] READ: [id: 0xac862c22, L:/192.168.164.227:35127 - R:/192.168.164.227:49092]
2019-09-26 13:30:46,778 INFO  logging.LoggingHandler (AbstractInternalLogger.java:log(150)) - [id: 0x20c56452, L:/0.0.0.0:38626] READ: [id: 0xc9182c4d, L:/192.168.164.227:38626 - R:/192.168.164.227:58508]
2019-09-26 13:30:46,777 INFO  logging.LoggingHandler (AbstractInternalLogger.java:log(150)) - [id: 0x71970195, L:/0.0.0.0:43773] READ: [id: 0x9bf402d2, L:/192.168.164.227:43773 - R:/192.168.164.227:37370]
2019-09-26 13:30:46,778 INFO  logging.LoggingHandler (AbstractInternalLogger.java:log(150)) - [id: 0x20c56452, L:/0.0.0.0:38626] READ COMPLETE
2019-09-26 13:30:46,778 INFO  logging.LoggingHandler (AbstractInternalLogger.java:log(150)) - [id: 0x51301cc5, L:0.0.0.0/0.0.0.0:35127] READ COMPLETE
2019-09-26 13:30:46,778 INFO  logging.LoggingHandler (AbstractInternalLogger.java:log(150)) - [id: 0x71970195, L:/0.0.0.0:43773] READ COMPLETE
2019-09-26 13:30:46,778 INFO  logging.LoggingHandler (AbstractInternalLogger.java:log(150)) - [id: 0x51301cc5, L:0.0.0.0/0.0.0.0:35127] READ: [id: 0xe0499eb5, L:/192.168.164.227:35127 - R:/192.168.164.227:49106]
2019-09-26 13:30:46,778 INFO  logging.LoggingHandler (AbstractInternalLogger.java:log(150)) - [id: 0x20c56452, L:/0.0.0.0:38626] READ: [id: 0x33cc26e4, L:/192.168.164.227:38626 - R:/192.168.164.227:58510]
2019-09-26 13:30:46,778 INFO  logging.LoggingHandler (AbstractInternalLogger.java:log(150)) - [id: 0x51301cc5, L:0.0.0.0/0.0.0.0:35127] READ COMPLETE
2019-09-26 13:30:46,778 INFO  logging.LoggingHandler (AbstractInternalLogger.java:log(150)) - [id: 0x71970195, L:/0.0.0.0:43773] READ: [id: 0xbd668242, L:/192.168.164.227:43773 - R:/192.168.164.227:37376]
2019-09-26 13:30:46,779 INFO  logging.LoggingHandler (AbstractInternalLogger.java:log(150)) - [id: 0x51301cc5, L:0.0.0.0/0.0.0.0:35127] READ: [id: 0xeb2064de, L:/192.168.164.227:35127 - R:/192.168.164.227:49114]
2019-09-26 13:30:46,779 INFO  logging.LoggingHandler (AbstractInternalLogger.java:log(150)) - [id: 0x20c56452, L:/0.0.0.0:38626] READ COMPLETE
2019-09-26 13:30:46,779 INFO  logging.LoggingHandler (AbstractInternalLogger.java:log(150)) - [id: 0x51301cc5, L:0.0.0.0/0.0.0.0:35127] READ COMPLETE
2019-09-26 13:30:46,779 INFO  logging.LoggingHandler (AbstractInternalLogger.java:log(150)) - [id: 0x71970195, L:/0.0.0.0:43773] READ COMPLETE
2019-09-26 13:30:46,779 INFO  logging.LoggingHandler (AbstractInternalLogger.java:log(150)) - [id: 0x51301cc5, L:0.0.0.0/0.0.0.0:35127] READ: [id: 0x5f71c656, L:/192.168.164.227:35127 - R:/192.168.164.227:49120]
2019-09-26 13:30:46,779 INFO  logging.LoggingHandler (AbstractInternalLogger.java:log(150)) - [id: 0x20c56452, L:/0.0.0.0:38626] READ: [id: 0x0da98498, L:/192.168.164.227:38626 - R:/192.168.164.227:58512]
2019-09-26 13:30:46,780 INFO  logging.LoggingHandler (AbstractInternalLogger.java:log(150)) - [id: 0x51301cc5, L:0.0.0.0/0.0.0.0:35127] READ COMPLETE
2019-09-26 13:30:46,780 INFO  logging.LoggingHandler (AbstractInternalLogger.java:log(150)) - [id: 0x71970195, L:/0.0.0.0:43773] READ: [id: 0x522734b4, L:/192.168.164.227:43773 - R:/192.168.164.227:37378]
2019-09-26 13:30:46,780 INFO  logging.LoggingHandler (AbstractInternalLogger.java:log(150)) - [id: 0x51301cc5, L:0.0.0.0/0.0.0.0:35127] READ: [id: 0x11b05726, L:/192.168.164.227:35127 - R:/192.168.164.227:49124]
2019-09-26 13:30:46,780 INFO  logging.LoggingHandler (AbstractInternalLogger.java:log(150)) - [id: 0x20c56452, L:/0.0.0.0:38626] READ COMPLETE
2019-09-26 13:30:46,780 INFO  logging.LoggingHandler (AbstractInternalLogger.java:log(150)) - [id: 0x51301cc5, L:0.0.0.0/0.0.0.0:35127] READ COMPLETE
2019-09-26 13:30:46,780 INFO  logging.LoggingHandler (AbstractInternalLogger.java:log(150)) - [id: 0x71970195, L:/0.0.0.0:43773] READ COMPLETE
2019-09-26 13:30:46,781 INFO  logging.LoggingHandler (AbstractInternalLogger.java:log(150)) - [id: 0x51301cc5, L:0.0.0.0/0.0.0.0:35127] READ: [id: 0xe2d645ef, L:/192.168.164.227:35127 - R:/192.168.164.227:49128]
2019-09-26 13:30:46,780 INFO  logging.LoggingHandler (AbstractInternalLogger.java:log(150)) - [id: 0x20c56452, L:/0.0.0.0:38626] READ: [id: 0x197686a5, L:/192.168.164.227:38626 - R:/192.168.164.227:58514]
2019-09-26 13:30:46,781 INFO  logging.LoggingHandler (AbstractInternalLogger.java:log(150)) - [id: 0x51301cc5, L:0.0.0.0/0.0.0.0:35127] READ COMPLETE
2019-09-26 13:30:46,781 INFO  logging.LoggingHandler (AbstractInternalLogger.java:log(150)) - [id: 0x71970195, L:/0.0.0.0:43773] READ: [id: 0xd816cc05, L:/192.168.164.227:43773 - R:/192.168.164.227:37380]
2019-09-26 13:30:46,781 INFO  logging.LoggingHandler (AbstractInternalLogger.java:log(150)) - [id: 0x51301cc5, L:0.0.0.0/0.0.0.0:35127] READ: [id: 0xa272dc86, L:/192.168.164.227:35127 - R:/192.168.164.227:49136]
2019-09-26 13:30:46,781 INFO  logging.LoggingHandler (AbstractInternalLogger.java:log(150)) - [id: 0x20c56452, L:/0.0.0.0:38626] READ COMPLETE
2019-09-26 13:30:46,781 INFO  logging.LoggingHandler (AbstractInternalLogger.java:log(150)) - [id: 0x51301cc5, L:0.0.0.0/0.0.0.0:35127] READ COMPLETE
2019-09-26 13:30:46,781 INFO  logging.LoggingHandler (AbstractInternalLogger.java:log(150)) - [id: 0x71970195, L:/0.0.0.0:43773] READ COMPLETE
2019-09-26 13:30:46,782 INFO  logging.LoggingHandler (AbstractInternalLogger.java:log(150)) - [id: 0x51301cc5, L:0.0.0.0/0.0.0.0:35127] READ: [id: 0x8f57f218, L:/192.168.164.227:35127 - R:/192.168.164.227:49146]
2019-09-26 13:30:46,782 INFO  logging.LoggingHandler (AbstractInternalLogger.java:log(150)) - [id: 0x71970195, L:/0.0.0.0:43773] READ: [id: 0x6809e049, L:/192.168.164.227:43773 - R:/192.168.164.227:37384]
2019-09-26 13:30:46,782 INFO  logging.LoggingHandler (AbstractInternalLogger.java:log(150)) - [id: 0x20c56452, L:/0.0.0.0:38626] READ: [id: 0x3e539ac7, L:/192.168.164.227:38626 - R:/192.168.164.227:58518]
2019-09-26 13:30:46,782 INFO  logging.LoggingHandler (AbstractInternalLogger.java:log(150)) - [id: 0x71970195, L:/0.0.0.0:43773] READ COMPLETE
2019-09-26 13:30:46,782 INFO  logging.LoggingHandler (AbstractInternalLogger.java:log(150)) - [id: 0x51301cc5, L:0.0.0.0/0.0.0.0:35127] READ COMPLETE
2019-09-26 13:30:46,782 INFO  logging.LoggingHandler (AbstractInternalLogger.java:log(150)) - [id: 0x71970195, L:/0.0.0.0:43773] READ: [id: 0xf09577cb, L:/192.168.164.227:43773 - R:/192.168.164.227:37386]
2019-09-26 13:30:46,782 INFO  logging.LoggingHandler (AbstractInternalLogger.java:log(150)) - [id: 0x20c56452, L:/0.0.0.0:38626] READ COMPLETE
2019-09-26 13:30:46,783 INFO  logging.LoggingHandler (AbstractInternalLogger.java:log(150)) - [id: 0x71970195, L:/0.0.0.0:43773] READ COMPLETE
2019-09-26 13:30:46,783 INFO  logging.LoggingHandler (AbstractInternalLogger.java:log(150)) - [id: 0x51301cc5, L:0.0.0.0/0.0.0.0:35127] READ: [id: 0x7516ca92, L:/192.168.164.227:35127 - R:/192.168.164.227:49156]
2019-09-26 13:30:46,783 INFO  logging.LoggingHandler (AbstractInternalLogger.java:log(150)) - [id: 0x71970195, L:/0.0.0.0:43773] READ: [id: 0xcde581ea, L:/192.168.164.227:43773 - R:/192.168.164.227:37398]
2019-09-26 13:30:46,783 INFO  logging.LoggingHandler (AbstractInternalLogger.java:log(150)) - [id: 0x20c56452, L:/0.0.0.0:38626] READ: [id: 0xc016834b, L:/192.168.164.227:38626 - R:/192.168.164.227:58522]
2019-09-26 13:30:46,783 INFO  logging.LoggingHandler (AbstractInternalLogger.java:log(150)) - [id: 0x71970195, L:/0.0.0.0:43773] READ COMPLETE
2019-09-26 13:30:46,783 INFO  logging.LoggingHandler (AbstractInternalLogger.java:log(150)) - [id: 0x51301cc5, L:0.0.0.0/0.0.0.0:35127] READ COMPLETE
2019-09-26 13:30:46,783 INFO  logging.LoggingHandler (AbstractInternalLogger.java:log(150)) - [id: 0x71970195, L:/0.0.0.0:43773] READ: [id: 0x93c5ed54, L:/192.168.164.227:43773 - R:/192.168.164.227:37400]
2019-09-26 13:30:46,783 INFO  logging.LoggingHandler (AbstractInternalLogger.java:log(150)) - [id: 0x20c56452, L:/0.0.0.0:38626] READ COMPLETE
2019-09-26 13:30:46,784 INFO  logging.LoggingHandler (AbstractInternalLogger.java:log(150)) - [id: 0x71970195, L:/0.0.0.0:43773] READ COMPLETE
2019-09-26 13:30:46,784 INFO  logging.LoggingHandler (AbstractInternalLogger.java:log(150)) - [id: 0x20c56452, L:/0.0.0.0:38626] READ: [id: 0x038562c6, L:/192.168.164.227:38626 - R:/192.168.164.227:58530]
2019-09-26 13:30:46,784 INFO  logging.LoggingHandler (AbstractInternalLogger.java:log(150)) - [id: 0x51301cc5, L:0.0.0.0/0.0.0.0:35127] READ: [id: 0xdc2f9adf, L:/192.168.164.227:35127 - R:/192.168.164.227:49158]
2019-09-26 13:30:46,784 INFO  logging.LoggingHandler (AbstractInternalLogger.java:log(150)) - [id: 0x20c56452, L:/0.0.0.0:38626] READ COMPLETE
2019-09-26 13:30:46,784 INFO  logging.LoggingHandler (AbstractInternalLogger.java:log(150)) - [id: 0x71970195, L:/0.0.0.0:43773] READ: [id: 0xc8a952e8, L:/192.168.164.227:43773 - R:/192.168.164.227:37418]
2019-09-26 13:30:46,784 INFO  logging.LoggingHandler (AbstractInternalLogger.java:log(150)) - [id: 0x51301cc5, L:0.0.0.0/0.0.0.0:35127] READ COMPLETE
2019-09-26 13:30:46,784 INFO  logging.LoggingHandler (AbstractInternalLogger.java:log(150)) - [id: 0x71970195, L:/0.0.0.0:43773] READ COMPLETE
2019-09-26 13:30:46,784 INFO  logging.LoggingHandler (AbstractInternalLogger.java:log(150)) - [id: 0x20c56452, L:/0.0.0.0:38626] READ: [id: 0x8eab22b4, L:/192.168.164.227:38626 - R:/192.168.164.227:58536]
2019-09-26 13:30:46,785 INFO  logging.LoggingHandler (AbstractInternalLogger.java:log(150)) - [id: 0x51301cc5, L:0.0.0.0/0.0.0.0:35127] READ: [id: 0xac37a939, L:/192.168.164.227:35127 - R:/192.168.164.227:49182]
2019-09-26 13:30:46,785 INFO  logging.LoggingHandler (AbstractInternalLogger.java:log(150)) - [id: 0x20c56452, L:/0.0.0.0:38626] READ COMPLETE
2019-09-26 13:30:46,785 INFO  logging.LoggingHandler (AbstractInternalLogger.java:log(150)) - [id: 0x71970195, L:/0.0.0.0:43773] READ: [id: 0x62fda152, L:/192.168.164.227:43773 - R:/192.168.164.227:37422]
2019-09-26 13:30:46,785 INFO  logging.LoggingHandler (AbstractInternalLogger.java:log(150)) - [id: 0x20c56452, L:/0.0.0.0:38626] READ: [id: 0x1a1f6ca1, L:/192.168.164.227:38626 - R:/192.168.164.227:58538]
2019-09-26 13:30:46,785 INFO  logging.LoggingHandler (AbstractInternalLogger.java:log(150)) - [id: 0x51301cc5, L:0.0.0.0/0.0.0.0:35127] READ COMPLETE
2019-09-26 13:30:46,785 INFO  logging.LoggingHandler (AbstractInternalLogger.java:log(150)) - [id: 0x20c56452, L:/0.0.0.0:38626] READ COMPLETE
2019-09-26 13:30:46,785 INFO  logging.LoggingHandler (AbstractInternalLogger.java:log(150)) - [id: 0x71970195, L:/0.0.0.0:43773] READ COMPLETE
2019-09-26 13:30:46,786 INFO  logging.LoggingHandler (AbstractInternalLogger.java:log(150)) - [id: 0x20c56452, L:/0.0.0.0:38626] READ: [id: 0xfbe7d7aa, L:/192.168.164.227:38626 - R:/192.168.164.227:58540]
2019-09-26 13:30:46,786 INFO  logging.LoggingHandler (AbstractInternalLogger.java:log(150)) - [id: 0x71970195, L:/0.0.0.0:43773] READ: [id: 0x48a934f1, L:/192.168.164.227:43773 - R:/192.168.164.227:37430]
2019-09-26 13:30:46,785 INFO  logging.LoggingHandler (AbstractInternalLogger.java:log(150)) - [id: 0x51301cc5, L:0.0.0.0/0.0.0.0:35127] READ: [id: 0xd1a1e860, L:/192.168.164.227:35127 - R:/192.168.164.227:49188]
2019-09-26 13:30:46,786 INFO  logging.LoggingHandler (AbstractInternalLogger.java:log(150)) - [id: 0x71970195, L:/0.0.0.0:43773] READ COMPLETE
2019-09-26 13:30:46,786 INFO  logging.LoggingHandler (AbstractInternalLogger.java:log(150)) - [id: 0x20c56452, L:/0.0.0.0:38626] READ COMPLETE
2019-09-26 13:30:46,786 INFO  logging.LoggingHandler (AbstractInternalLogger.java:log(150)) - [id: 0x71970195, L:/0.0.0.0:43773] READ: [id: 0x24246b91, L:/192.168.164.227:43773 - R:/192.168.164.227:37432]
2019-09-26 13:30:46,786 INFO  logging.LoggingHandler (AbstractInternalLogger.java:log(150)) - [id: 0x20c56452, L:/0.0.0.0:38626] READ: [id: 0xe90414b3, L:/192.168.164.227:38626 - R:/192.168.164.227:58544]
2019-09-26 13:30:46,786 INFO  logging.LoggingHandler (AbstractInternalLogger.java:log(150)) - [id: 0x51301cc5, L:0.0.0.0/0.0.0.0:35127] READ COMPLETE
2019-09-26 13:30:46,787 INFO  logging.LoggingHandler (AbstractInternalLogger.java:log(150)) - [id: 0x20c56452, L:/0.0.0.0:38626] READ COMPLETE
2019-09-26 13:30:46,786 INFO  logging.LoggingHandler (AbstractInternalLogger.java:log(150)) - [id: 0x71970195, L:/0.0.0.0:43773] READ COMPLETE
2019-09-26 13:30:46,787 INFO  logging.LoggingHandler (AbstractInternalLogger.java:log(150)) - [id: 0x20c56452, L:/0.0.0.0:38626] READ: [id: 0x3a499f2b, L:/192.168.164.227:38626 - R:/192.168.164.227:58548]
2019-09-26 13:30:46,787 INFO  logging.LoggingHandler (AbstractInternalLogger.java:log(150)) - [id: 0x71970195, L:/0.0.0.0:43773] READ: [id: 0x0fc767d8, L:/192.168.164.227:43773 - R:/192.168.164.227:37440]
2019-09-26 13:30:46,787 INFO  logging.LoggingHandler (AbstractInternalLogger.java:log(150)) - [id: 0x51301cc5, L:0.0.0.0/0.0.0.0:35127] READ: [id: 0xe4ecf126, L:/192.168.164.227:35127 - R:/192.168.164.227:49192]
2019-09-26 13:30:46,787 INFO  logging.LoggingHandler (AbstractInternalLogger.java:log(150)) - [id: 0x71970195, L:/0.0.0.0:43773] READ COMPLETE
2019-09-26 13:30:46,787 INFO  logging.LoggingHandler (AbstractInternalLogger.java:log(150)) - [id: 0x20c56452, L:/0.0.0.0:38626] READ COMPLETE
2019-09-26 13:30:46,788 INFO  logging.LoggingHandler (AbstractInternalLogger.java:log(150)) - [id: 0x71970195, L:/0.0.0.0:43773] READ: [id: 0x8ee63038, L:/192.168.164.227:43773 - R:/192.168.164.227:37444]
2019-09-26 13:30:46,788 INFO  logging.LoggingHandler (AbstractInternalLogger.java:log(150)) - [id: 0x20c56452, L:/0.0.0.0:38626] READ: [id: 0x617b8501, L:/192.168.164.227:38626 - R:/192.168.164.227:58550]
2019-09-26 13:30:46,788 INFO  logging.LoggingHandler (AbstractInternalLogger.java:log(150)) - [id: 0x20c56452, L:/0.0.0.0:38626] READ COMPLETE
2019-09-26 13:30:46,787 INFO  logging.LoggingHandler (AbstractInternalLogger.java:log(150)) - [id: 0x51301cc5, L:0.0.0.0/0.0.0.0:35127] READ COMPLETE
2019-09-26 13:30:46,788 INFO  logging.LoggingHandler (AbstractInternalLogger.java:log(150)) - [id: 0x20c56452, L:/0.0.0.0:38626] READ: [id: 0xd2f2a89d, L:/192.168.164.227:38626 - R:/192.168.164.227:58554]
2019-09-26 13:30:46,788 INFO  logging.LoggingHandler (AbstractInternalLogger.java:log(150)) - [id: 0x71970195, L:/0.0.0.0:43773] READ COMPLETE
2019-09-26 13:30:46,788 INFO  logging.LoggingHandler (AbstractInternalLogger.java:log(150)) - [id: 0x20c56452, L:/0.0.0.0:38626] READ COMPLETE
2019-09-26 13:30:46,788 INFO  logging.LoggingHandler (AbstractInternalLogger.java:log(150)) - [id: 0x51301cc5, L:0.0.0.0/0.0.0.0:35127] READ: [id: 0xa3218162, L:/192.168.164.227:35127 - R:/192.168.164.227:49194]
2019-09-26 13:30:46,789 INFO  logging.LoggingHandler (AbstractInternalLogger.java:log(150)) - [id: 0x20c56452, L:/0.0.0.0:38626] READ: [id: 0x346cc63f, L:/192.168.164.227:38626 - R:/192.168.164.227:58556]
2019-09-26 13:30:46,789 INFO  logging.LoggingHandler (AbstractInternalLogger.java:log(150)) - [id: 0x71970195, L:/0.0.0.0:43773] READ: [id: 0x8569f9ed, L:/192.168.164.227:43773 - R:/192.168.164.227:37458]
2019-09-26 13:30:46,789 INFO  logging.LoggingHandler (AbstractInternalLogger.java:log(150)) - [id: 0x20c56452, L:/0.0.0.0:38626] READ COMPLETE
2019-09-26 13:30:46,789 INFO  logging.LoggingHandler (AbstractInternalLogger.java:log(150)) - [id: 0x51301cc5, L:0.0.0.0/0.0.0.0:35127] READ COMPLETE
2019-09-26 13:30:46,789 INFO  logging.LoggingHandler (AbstractInternalLogger.java:log(150)) - [id: 0x71970195, L:/0.0.0.0:43773] READ COMPLETE
2019-09-26 13:30:46,789 INFO  logging.LoggingHandler (AbstractInternalLogger.java:log(150)) - [id: 0x51301cc5, L:0.0.0.0/0.0.0.0:35127] READ: [id: 0xe51f4bb1, L:/192.168.164.227:35127 - R:/192.168.164.227:49198]
2019-09-26 13:30:46,789 INFO  logging.LoggingHandler (AbstractInternalLogger.java:log(150)) - [id: 0x20c56452, L:/0.0.0.0:38626] READ: [id: 0x289d8415, L:/192.168.164.227:38626 - R:/192.168.164.227:58572]
2019-09-26 13:30:46,790 INFO  logging.LoggingHandler (AbstractInternalLogger.java:log(150)) - [id: 0x51301cc5, L:0.0.0.0/0.0.0.0:35127] READ COMPLETE
2019-09-26 13:30:46,790 INFO  logging.LoggingHandler (AbstractInternalLogger.java:log(150)) - [id: 0x71970195, L:/0.0.0.0:43773] READ: [id: 0x8f3355f6, L:/192.168.164.227:43773 - R:/192.168.164.227:37464]
2019-09-26 13:30:46,790 INFO  logging.LoggingHandler (AbstractInternalLogger.java:log(150)) - [id: 0x51301cc5, L:0.0.0.0/0.0.0.0:35127] READ: [id: 0xacb87072, L:/192.168.164.227:35127 - R:/192.168.164.227:49200]
2019-09-26 13:30:46,790 INFO  logging.LoggingHandler (AbstractInternalLogger.java:log(150)) - [id: 0x20c56452, L:/0.0.0.0:38626] READ COMPLETE
2019-09-26 13:30:46,790 INFO  logging.LoggingHandler (AbstractInternalLogger.java:log(150)) - [id: 0x51301cc5, L:0.0.0.0/0.0.0.0:35127] READ COMPLETE
2019-09-26 13:30:46,790 INFO  logging.LoggingHandler (AbstractInternalLogger.java:log(150)) - [id: 0x71970195, L:/0.0.0.0:43773] READ COMPLETE
2019-09-26 13:30:46,791 INFO  logging.LoggingHandler (AbstractInternalLogger.java:log(150)) - [id: 0x51301cc5, L:0.0.0.0/0.0.0.0:35127] READ: [id: 0x9f78af2e, L:/192.168.164.227:35127 - R:/192.168.164.227:49218]
2019-09-26 13:30:46,791 INFO  logging.LoggingHandler (AbstractInternalLogger.java:log(150)) - [id: 0x71970195, L:/0.0.0.0:43773] READ: [id: 0xd052ba2d, L:/192.168.164.227:43773 - R:/192.168.164.227:37474]
2019-09-26 13:30:46,790 INFO  logging.LoggingHandler (AbstractInternalLogger.java:log(150)) - [id: 0x20c56452, L:/0.0.0.0:38626] READ: [id: 0xaa37fd8a, L:/192.168.164.227:38626 - R:/192.168.164.227:58574]
2019-09-26 13:30:46,791 INFO  logging.LoggingHandler (AbstractInternalLogger.java:log(150)) - [id: 0x71970195, L:/0.0.0.0:43773] READ COMPLETE
2019-09-26 13:30:46,791 INFO  logging.LoggingHandler (AbstractInternalLogger.java:log(150)) - [id: 0x51301cc5, L:0.0.0.0/0.0.0.0:35127] READ COMPLETE
2019-09-26 13:30:46,791 INFO  logging.LoggingHandler (AbstractInternalLogger.java:log(150)) - [id: 0x71970195, L:/0.0.0.0:43773] READ: [id: 0xde1310f1, L:/192.168.164.227:43773 - R:/192.168.164.227:37476]
2019-09-26 13:30:46,791 INFO  logging.LoggingHandler (AbstractInternalLogger.java:log(150)) - [id: 0x20c56452, L:/0.0.0.0:38626] READ COMPLETE
2019-09-26 13:30:46,791 INFO  logging.LoggingHandler (AbstractInternalLogger.java:log(150)) - [id: 0x71970195, L:/0.0.0.0:43773] READ COMPLETE
2019-09-26 13:30:46,792 INFO  logging.LoggingHandler (AbstractInternalLogger.java:log(150)) - [id: 0x20c56452, L:/0.0.0.0:38626] READ: [id: 0xbf5f1649, L:/192.168.164.227:38626 - R:/192.168.164.227:58582]
2019-09-26 13:30:46,791 INFO  logging.LoggingHandler (AbstractInternalLogger.java:log(150)) - [id: 0x51301cc5, L:0.0.0.0/0.0.0.0:35127] READ: [id: 0xe886957c, L:/192.168.164.227:35127 - R:/192.168.164.227:49224]
2019-09-26 13:30:46,792 INFO  logging.LoggingHandler (AbstractInternalLogger.java:log(150)) - [id: 0x20c56452, L:/0.0.0.0:38626] READ COMPLETE
2019-09-26 13:30:46,792 INFO  logging.LoggingHandler (AbstractInternalLogger.java:log(150)) - [id: 0x71970195, L:/0.0.0.0:43773] READ: [id: 0x02fe9354, L:/192.168.164.227:43773 - R:/192.168.164.227:37478]
2019-09-26 13:30:46,792 INFO  logging.LoggingHandler (AbstractInternalLogger.java:log(150)) - [id: 0x20c56452, L:/0.0.0.0:38626] READ: [id: 0x6d5ce389, L:/192.168.164.227:38626 - R:/192.168.164.227:58584]
2019-09-26 13:30:46,792 INFO  logging.LoggingHandler (AbstractInternalLogger.java:log(150)) - [id: 0x51301cc5, L:0.0.0.0/0.0.0.0:35127] READ COMPLETE
2019-09-26 13:30:46,792 INFO  logging.LoggingHandler (AbstractInternalLogger.java:log(150)) - [id: 0x20c56452, L:/0.0.0.0:38626] READ COMPLETE
2019-09-26 13:30:46,792 INFO  logging.LoggingHandler (AbstractInternalLogger.java:log(150)) - [id: 0x71970195, L:/0.0.0.0:43773] READ COMPLETE
2019-09-26 13:30:46,793 INFO  logging.LoggingHandler (AbstractInternalLogger.java:log(150)) - [id: 0x51301cc5, L:0.0.0.0/0.0.0.0:35127] READ: [id: 0x80b291af, L:/192.168.164.227:35127 - R:/192.168.164.227:49228]
2019-09-26 13:30:46,793 INFO  logging.LoggingHandler (AbstractInternalLogger.java:log(150)) - [id: 0x71970195, L:/0.0.0.0:43773] READ: [id: 0x26895f1f, L:/192.168.164.227:43773 - R:/192.168.164.227:37484]
2019-09-26 13:30:46,793 INFO  logging.LoggingHandler (AbstractInternalLogger.java:log(150)) - [id: 0x20c56452, L:/0.0.0.0:38626] READ: [id: 0xd3b709cb, L:/192.168.164.227:38626 - R:/192.168.164.227:58590]
2019-09-26 13:30:46,793 INFO  logging.LoggingHandler (AbstractInternalLogger.java:log(150)) - [id: 0x71970195, L:/0.0.0.0:43773] READ COMPLETE
2019-09-26 13:30:46,793 INFO  logging.LoggingHandler (AbstractInternalLogger.java:log(150)) - [id: 0x51301cc5, L:0.0.0.0/0.0.0.0:35127] READ COMPLETE
2019-09-26 13:30:46,793 INFO  logging.LoggingHandler (AbstractInternalLogger.java:log(150)) - [id: 0x71970195, L:/0.0.0.0:43773] READ: [id: 0x112b184e, L:/192.168.164.227:43773 - R:/192.168.164.227:37494]
2019-09-26 13:30:46,793 INFO  logging.LoggingHandler (AbstractInternalLogger.java:log(150)) - [id: 0x20c56452, L:/0.0.0.0:38626] READ COMPLETE
2019-09-26 13:30:46,794 INFO  logging.LoggingHandler (AbstractInternalLogger.java:log(150)) - [id: 0x71970195, L:/0.0.0.0:43773] READ COMPLETE
2019-09-26 13:30:46,794 INFO  logging.LoggingHandler (AbstractInternalLogger.java:log(150)) - [id: 0x20c56452, L:/0.0.0.0:38626] READ: [id: 0xc8e2d166, L:/192.168.164.227:38626 - R:/192.168.164.227:58592]
2019-09-26 13:30:46,794 INFO  logging.LoggingHandler (AbstractInternalLogger.java:log(150)) - [id: 0x71970195, L:/0.0.0.0:43773] READ: [id: 0xd613a4bd, L:/192.168.164.227:43773 - R:/192.168.164.227:37498]
2019-09-26 13:30:46,794 INFO  logging.LoggingHandler (AbstractInternalLogger.java:log(150)) - [id: 0x51301cc5, L:0.0.0.0/0.0.0.0:35127] READ: [id: 0x0956ccfa, L:/192.168.164.227:35127 - R:/192.168.164.227:49232]
2019-09-26 13:30:46,794 INFO  logging.LoggingHandler (AbstractInternalLogger.java:log(150)) - [id: 0x71970195, L:/0.0.0.0:43773] READ COMPLETE
2019-09-26 13:30:46,794 INFO  logging.LoggingHandler (AbstractInternalLogger.java:log(150)) - [id: 0x20c56452, L:/0.0.0.0:38626] READ COMPLETE
2019-09-26 13:30:46,795 INFO  logging.LoggingHandler (AbstractInternalLogger.java:log(150)) - [id: 0x71970195, L:/0.0.0.0:43773] READ: [id: 0x7749ee4a, L:/192.168.164.227:43773 - R:/192.168.164.227:37510]
2019-09-26 13:30:46,794 INFO  logging.LoggingHandler (AbstractInternalLogger.java:log(150)) - [id: 0x51301cc5, L:0.0.0.0/0.0.0.0:35127] READ COMPLETE
2019-09-26 13:30:46,795 INFO  logging.LoggingHandler (AbstractInternalLogger.java:log(150)) - [id: 0x71970195, L:/0.0.0.0:43773] READ COMPLETE
2019-09-26 13:30:46,795 INFO  logging.LoggingHandler (AbstractInternalLogger.java:log(150)) - [id: 0x20c56452, L:/0.0.0.0:38626] READ: [id: 0xca696fd2, L:/192.168.164.227:38626 - R:/192.168.164.227:58606]
2019-09-26 13:30:46,795 INFO  logging.LoggingHandler (AbstractInternalLogger.java:log(150)) - [id: 0x51301cc5, L:0.0.0.0/0.0.0.0:35127] READ: [id: 0x77052496, L:/192.168.164.227:35127 - R:/192.168.164.227:49234]
2019-09-26 13:30:46,795 INFO  logging.LoggingHandler (AbstractInternalLogger.java:log(150)) - [id: 0x20c56452, L:/0.0.0.0:38626] READ COMPLETE
2019-09-26 13:30:46,795 INFO  logging.LoggingHandler (AbstractInternalLogger.java:log(150)) - [id: 0x71970195, L:/0.0.0.0:43773] READ: [id: 0x10ff9161, L:/192.168.164.227:43773 - R:/192.168.164.227:37512]
2019-09-26 13:30:46,795 INFO  logging.LoggingHandler (AbstractInternalLogger.java:log(150)) - [id: 0x20c56452, L:/0.0.0.0:38626] READ: [id: 0x6423f87c, L:/192.168.164.227:38626 - R:/192.168.164.227:58620]
2019-09-26 13:30:46,795 INFO  logging.LoggingHandler (AbstractInternalLogger.java:log(150)) - [id: 0x51301cc5, L:0.0.0.0/0.0.0.0:35127] READ COMPLETE
2019-09-26 13:30:46,796 INFO  logging.LoggingHandler (AbstractInternalLogger.java:log(150)) - [id: 0x20c56452, L:/0.0.0.0:38626] READ COMPLETE
2019-09-26 13:30:46,796 INFO  logging.LoggingHandler (AbstractInternalLogger.java:log(150)) - [id: 0x71970195, L:/0.0.0.0:43773] READ COMPLETE
2019-09-26 13:30:46,796 INFO  logging.LoggingHandler (AbstractInternalLogger.java:log(150)) - [id: 0x51301cc5, L:0.0.0.0/0.0.0.0:35127] READ: [id: 0x5b8514bb, L:/192.168.164.227:35127 - R:/192.168.164.227:49238]
2019-09-26 13:30:46,796 INFO  logging.LoggingHandler (AbstractInternalLogger.java:log(150)) - [id: 0x71970195, L:/0.0.0.0:43773] READ: [id: 0x2ca51aaa, L:/192.168.164.227:43773 - R:/192.168.164.227:37520]
2019-09-26 13:30:46,796 INFO  logging.LoggingHandler (AbstractInternalLogger.java:log(150)) - [id: 0x20c56452, L:/0.0.0.0:38626] READ: [id: 0x040f1de4, L:/192.168.164.227:38626 - R:/192.168.164.227:58626]
2019-09-26 13:30:46,796 INFO  logging.LoggingHandler (AbstractInternalLogger.java:log(150)) - [id: 0x71970195, L:/0.0.0.0:43773] READ COMPLETE
2019-09-26 13:30:46,796 INFO  logging.LoggingHandler (AbstractInternalLogger.java:log(150)) - [id: 0x51301cc5, L:0.0.0.0/0.0.0.0:35127] READ COMPLETE
2019-09-26 13:30:46,797 INFO  logging.LoggingHandler (AbstractInternalLogger.java:log(150)) - [id: 0x71970195, L:/0.0.0.0:43773] READ: [id: 0x34ba8d52, L:/192.168.164.227:43773 - R:/192.168.164.227:37522]
2019-09-26 13:30:46,796 INFO  logging.LoggingHandler (AbstractInternalLogger.java:log(150)) - [id: 0x20c56452, L:/0.0.0.0:38626] READ COMPLETE
2019-09-26 13:30:46,797 INFO  logging.LoggingHandler (AbstractInternalLogger.java:log(150)) - [id: 0x71970195, L:/0.0.0.0:43773] READ COMPLETE
2019-09-26 13:30:46,797 INFO  logging.LoggingHandler (AbstractInternalLogger.java:log(150)) - [id: 0x51301cc5, L:0.0.0.0/0.0.0.0:35127] READ: [id: 0x7153f99d, L:/192.168.164.227:35127 - R:/192.168.164.227:49240]
2019-09-26 13:30:46,797 INFO  logging.LoggingHandler (AbstractInternalLogger.java:log(150)) - [id: 0x71970195, L:/0.0.0.0:43773] READ: [id: 0x9e6342d8, L:/192.168.164.227:43773 - R:/192.168.164.227:37544]
2019-09-26 13:30:46,797 INFO  logging.LoggingHandler (AbstractInternalLogger.java:log(150)) - [id: 0x20c56452, L:/0.0.0.0:38626] READ: [id: 0x79e3d485, L:/192.168.164.227:38626 - R:/192.168.164.227:58632]
2019-09-26 13:30:46,798 INFO  logging.LoggingHandler (AbstractInternalLogger.java:log(150)) - [id: 0x71970195, L:/0.0.0.0:43773] READ COMPLETE
2019-09-26 13:30:46,797 INFO  logging.LoggingHandler (AbstractInternalLogger.java:log(150)) - [id: 0x51301cc5, L:0.0.0.0/0.0.0.0:35127] READ COMPLETE
2019-09-26 13:30:46,798 INFO  logging.LoggingHandler (AbstractInternalLogger.java:log(150)) - [id: 0x71970195, L:/0.0.0.0:43773] READ: [id: 0xf4a005f6, L:/192.168.164.227:43773 - R:/192.168.164.227:37546]
2019-09-26 13:30:46,798 INFO  logging.LoggingHandler (AbstractInternalLogger.java:log(150)) - [id: 0x20c56452, L:/0.0.0.0:38626] READ COMPLETE
2019-09-26 13:30:46,798 INFO  logging.LoggingHandler (AbstractInternalLogger.java:log(150)) - [id: 0x71970195, L:/0.0.0.0:43773] READ COMPLETE
2019-09-26 13:30:46,798 INFO  logging.LoggingHandler (AbstractInternalLogger.java:log(150)) - [id: 0x51301cc5, L:0.0.0.0/0.0.0.0:35127] READ: [id: 0xf6dcade9, L:/192.168.164.227:35127 - R:/192.168.164.227:49246]
2019-09-26 13:30:46,799 INFO  logging.LoggingHandler (AbstractInternalLogger.java:log(150)) - [id: 0x71970195, L:/0.0.0.0:43773] READ: [id: 0x0ae557f4, L:/192.168.164.227:43773 - R:/192.168.164.227:37552]
2019-09-26 13:30:46,799 INFO  logging.LoggingHandler (AbstractInternalLogger.java:log(150)) - [id: 0x20c56452, L:/0.0.0.0:38626] READ: [id: 0x952357da, L:/192.168.164.227:38626 - R:/192.168.164.227:58642]
2019-09-26 13:30:46,799 INFO  logging.LoggingHandler (AbstractInternalLogger.java:log(150)) - [id: 0x71970195, L:/0.0.0.0:43773] READ COMPLETE
2019-09-26 13:30:46,799 INFO  logging.LoggingHandler (AbstractInternalLogger.java:log(150)) - [id: 0x51301cc5, L:0.0.0.0/0.0.0.0:35127] READ COMPLETE
2019-09-26 13:30:46,799 INFO  logging.LoggingHandler (AbstractInternalLogger.java:log(150)) - [id: 0x71970195, L:/0.0.0.0:43773] READ: [id: 0xca2764c7, L:/192.168.164.227:43773 - R:/192.168.164.227:37556]
2019-09-26 13:30:46,799 INFO  logging.LoggingHandler (AbstractInternalLogger.java:log(150)) - [id: 0x20c56452, L:/0.0.0.0:38626] READ COMPLETE
2019-09-26 13:30:46,799 INFO  logging.LoggingHandler (AbstractInternalLogger.java:log(150)) - [id: 0x71970195, L:/0.0.0.0:43773] READ COMPLETE
2019-09-26 13:30:46,799 INFO  logging.LoggingHandler (AbstractInternalLogger.java:log(150)) - [id: 0x51301cc5, L:0.0.0.0/0.0.0.0:35127] READ: [id: 0x5c1f2349, L:/192.168.164.227:35127 - R:/192.168.164.227:49248]
2019-09-26 13:30:46,800 INFO  logging.LoggingHandler (AbstractInternalLogger.java:log(150)) - [id: 0x71970195, L:/0.0.0.0:43773] READ: [id: 0x19aa2316, L:/192.168.164.227:43773 - R:/192.168.164.227:37560]
2019-09-26 13:30:46,800 INFO  logging.LoggingHandler (AbstractInternalLogger.java:log(150)) - [id: 0x20c56452, L:/0.0.0.0:38626] READ: [id: 0x3503e2f9, L:/192.168.164.227:38626 - R:/192.168.164.227:58644]
2019-09-26 13:30:46,800 INFO  logging.LoggingHandler (AbstractInternalLogger.java:log(150)) - [id: 0x71970195, L:/0.0.0.0:43773] READ COMPLETE
2019-09-26 13:30:46,800 INFO  logging.LoggingHandler (AbstractInternalLogger.java:log(150)) - [id: 0x71970195, L:/0.0.0.0:43773] READ: [id: 0x01d164e7, L:/192.168.164.227:43773 - R:/192.168.164.227:37564]
2019-09-26 13:30:46,800 INFO  logging.LoggingHandler (AbstractInternalLogger.java:log(150)) - [id: 0x71970195, L:/0.0.0.0:43773] READ COMPLETE
2019-09-26 13:30:46,801 INFO  logging.LoggingHandler (AbstractInternalLogger.java:log(150)) - [id: 0x71970195, L:/0.0.0.0:43773] READ: [id: 0x0e803b6a, L:/192.168.164.227:43773 - R:/192.168.164.227:37568]
2019-09-26 13:30:46,801 INFO  logging.LoggingHandler (AbstractInternalLogger.java:log(150)) - [id: 0x71970195, L:/0.0.0.0:43773] READ COMPLETE
2019-09-26 13:30:46,801 INFO  logging.LoggingHandler (AbstractInternalLogger.java:log(150)) - [id: 0x71970195, L:/0.0.0.0:43773] READ: [id: 0x0494613b, L:/192.168.164.227:43773 - R:/192.168.164.227:37580]
2019-09-26 13:30:46,800 INFO  logging.LoggingHandler (AbstractInternalLogger.java:log(150)) - [id: 0x51301cc5, L:0.0.0.0/0.0.0.0:35127] READ COMPLETE
2019-09-26 13:30:46,802 INFO  logging.LoggingHandler (AbstractInternalLogger.java:log(150)) - [id: 0x71970195, L:/0.0.0.0:43773] READ COMPLETE
2019-09-26 13:30:46,800 INFO  logging.LoggingHandler (AbstractInternalLogger.java:log(150)) - [id: 0x20c56452, L:/0.0.0.0:38626] READ COMPLETE
2019-09-26 13:30:46,802 INFO  logging.LoggingHandler (AbstractInternalLogger.java:log(150)) - [id: 0x51301cc5, L:0.0.0.0/0.0.0.0:35127] READ: [id: 0xc6c08fa4, L:/192.168.164.227:35127 - R:/192.168.164.227:49258]
2019-09-26 13:30:46,802 INFO  logging.LoggingHandler (AbstractInternalLogger.java:log(150)) - [id: 0x51301cc5, L:0.0.0.0/0.0.0.0:35127] READ COMPLETE
2019-09-26 13:30:46,802 INFO  logging.LoggingHandler (AbstractInternalLogger.java:log(150)) - [id: 0x20c56452, L:/0.0.0.0:38626] READ: [id: 0x6940cded, L:/192.168.164.227:38626 - R:/192.168.164.227:58650]
2019-09-26 13:30:46,803 INFO  logging.LoggingHandler (AbstractInternalLogger.java:log(150)) - [id: 0x51301cc5, L:0.0.0.0/0.0.0.0:35127] READ: [id: 0x2afc6e5c, L:/192.168.164.227:35127 - R:/192.168.164.227:49260]
2019-09-26 13:30:46,803 INFO  logging.LoggingHandler (AbstractInternalLogger.java:log(150)) - [id: 0x20c56452, L:/0.0.0.0:38626] READ COMPLETE
2019-09-26 13:30:46,803 INFO  logging.LoggingHandler (AbstractInternalLogger.java:log(150)) - [id: 0x51301cc5, L:0.0.0.0/0.0.0.0:35127] READ COMPLETE
2019-09-26 13:30:46,803 INFO  logging.LoggingHandler (AbstractInternalLogger.java:log(150)) - [id: 0x20c56452, L:/0.0.0.0:38626] READ: [id: 0xe3a34f15, L:/192.168.164.227:38626 - R:/192.168.164.227:58660]
2019-09-26 13:30:46,803 INFO  logging.LoggingHandler (AbstractInternalLogger.java:log(150)) - [id: 0x51301cc5, L:0.0.0.0/0.0.0.0:35127] READ: [id: 0x012bd15b, L:/192.168.164.227:35127 - R:/192.168.164.227:49264]
2019-09-26 13:30:46,803 INFO  logging.LoggingHandler (AbstractInternalLogger.java:log(150)) - [id: 0x20c56452, L:/0.0.0.0:38626] READ COMPLETE
2019-09-26 13:30:46,803 INFO  logging.LoggingHandler (AbstractInternalLogger.java:log(150)) - [id: 0x51301cc5, L:0.0.0.0/0.0.0.0:35127] READ COMPLETE
2019-09-26 13:30:46,804 INFO  logging.LoggingHandler (AbstractInternalLogger.java:log(150)) - [id: 0x71970195, L:/0.0.0.0:43773] READ: [id: 0xedc98e32, L:/192.168.164.227:43773 - R:/192.168.164.227:37586]
2019-09-26 13:30:46,804 INFO  logging.LoggingHandler (AbstractInternalLogger.java:log(150)) - [id: 0x51301cc5, L:0.0.0.0/0.0.0.0:35127] READ: [id: 0x391207dc, L:/192.168.164.227:35127 - R:/192.168.164.227:49266]
2019-09-26 13:30:46,804 INFO  logging.LoggingHandler (AbstractInternalLogger.java:log(150)) - [id: 0x20c56452, L:/0.0.0.0:38626] READ: [id: 0x0944671b, L:/192.168.164.227:38626 - R:/192.168.164.227:58668]
2019-09-26 13:30:46,804 INFO  logging.LoggingHandler (AbstractInternalLogger.java:log(150)) - [id: 0x51301cc5, L:0.0.0.0/0.0.0.0:35127] READ COMPLETE
2019-09-26 13:30:46,804 INFO  logging.LoggingHandler (AbstractInternalLogger.java:log(150)) - [id: 0x51301cc5, L:0.0.0.0/0.0.0.0:35127] READ: [id: 0xf67d1f55, L:/192.168.164.227:35127 - R:/192.168.164.227:49270]
2019-09-26 13:30:46,804 INFO  logging.LoggingHandler (AbstractInternalLogger.java:log(150)) - [id: 0x71970195, L:/0.0.0.0:43773] READ COMPLETE
2019-09-26 13:30:46,805 INFO  logging.LoggingHandler (AbstractInternalLogger.java:log(150)) - [id: 0x51301cc5, L:0.0.0.0/0.0.0.0:35127] READ COMPLETE
2019-09-26 13:30:46,805 INFO  logging.LoggingHandler (AbstractInternalLogger.java:log(150)) - [id: 0x71970195, L:/0.0.0.0:43773] READ: [id: 0xac9222a2, L:/192.168.164.227:43773 - R:/192.168.164.227:37590]
2019-09-26 13:30:46,804 INFO  logging.LoggingHandler (AbstractInternalLogger.java:log(150)) - [id: 0x20c56452, L:/0.0.0.0:38626] READ COMPLETE
2019-09-26 13:30:46,805 INFO  logging.LoggingHandler (AbstractInternalLogger.java:log(150)) - [id: 0x71970195, L:/0.0.0.0:43773] READ COMPLETE
2019-09-26 13:30:46,805 INFO  logging.LoggingHandler (AbstractInternalLogger.java:log(150)) - [id: 0x51301cc5, L:0.0.0.0/0.0.0.0:35127] READ: [id: 0x1699a3da, L:/192.168.164.227:35127 - R:/192.168.164.227:49268]
2019-09-26 13:30:46,805 INFO  logging.LoggingHandler (AbstractInternalLogger.java:log(150)) - [id: 0x20c56452, L:/0.0.0.0:38626] READ: [id: 0xa48def3c, L:/192.168.164.227:38626 - R:/192.168.164.227:58672]
2019-09-26 13:30:46,806 INFO  logging.LoggingHandler (AbstractInternalLogger.java:log(150)) - [id: 0x51301cc5, L:0.0.0.0/0.0.0.0:35127] READ COMPLETE
2019-09-26 13:30:46,806 INFO  logging.LoggingHandler (AbstractInternalLogger.java:log(150)) - [id: 0x20c56452, L:/0.0.0.0:38626] READ COMPLETE
2019-09-26 13:30:46,806 INFO  logging.LoggingHandler (AbstractInternalLogger.java:log(150)) - [id: 0x51301cc5, L:0.0.0.0/0.0.0.0:35127] READ: [id: 0xfee54b7a, L:/192.168.164.227:35127 - R:/192.168.164.227:49282]
2019-09-26 13:30:46,806 INFO  logging.LoggingHandler (AbstractInternalLogger.java:log(150)) - [id: 0x71970195, L:/0.0.0.0:43773] READ: [id: 0x528695ae, L:/192.168.164.227:43773 - R:/192.168.164.227:37602]
2019-09-26 13:30:46,806 INFO  logging.LoggingHandler (AbstractInternalLogger.java:log(150)) - [id: 0x51301cc5, L:0.0.0.0/0.0.0.0:35127] READ COMPLETE
2019-09-26 13:30:46,806 INFO  logging.LoggingHandler (AbstractInternalLogger.java:log(150)) - [id: 0x20c56452, L:/0.0.0.0:38626] READ: [id: 0x35d7b47d, L:/192.168.164.227:38626 - R:/192.168.164.227:58676]
2019-09-26 13:30:46,807 INFO  logging.LoggingHandler (AbstractInternalLogger.java:log(150)) - [id: 0x51301cc5, L:0.0.0.0/0.0.0.0:35127] READ: [id: 0xc9a949a1, L:/192.168.164.227:35127 - R:/192.168.164.227:49286]
2019-09-26 13:30:46,806 INFO  logging.LoggingHandler (AbstractInternalLogger.java:log(150)) - [id: 0x71970195, L:/0.0.0.0:43773] READ COMPLETE
2019-09-26 13:30:46,807 INFO  logging.LoggingHandler (AbstractInternalLogger.java:log(150)) - [id: 0x51301cc5, L:0.0.0.0/0.0.0.0:35127] READ COMPLETE
2019-09-26 13:30:46,807 INFO  logging.LoggingHandler (AbstractInternalLogger.java:log(150)) - [id: 0x20c56452, L:/0.0.0.0:38626] READ COMPLETE
2019-09-26 13:30:46,807 INFO  logging.LoggingHandler (AbstractInternalLogger.java:log(150)) - [id: 0x51301cc5, L:0.0.0.0/0.0.0.0:35127] READ: [id: 0xca0d606f, L:/192.168.164.227:35127 - R:/192.168.164.227:49294]
2019-09-26 13:30:46,807 INFO  logging.LoggingHandler (AbstractInternalLogger.java:log(150)) - [id: 0x71970195, L:/0.0.0.0:43773] READ: [id: 0xc5e23d24, L:/192.168.164.227:43773 - R:/192.168.164.227:37606]
2019-09-26 13:30:46,807 INFO  logging.LoggingHandler (AbstractInternalLogger.java:log(150)) - [id: 0x20c56452, L:/0.0.0.0:38626] READ: [id: 0x3415f856, L:/192.168.164.227:38626 - R:/192.168.164.227:58678]
2019-09-26 13:30:46,807 INFO  logging.LoggingHandler (AbstractInternalLogger.java:log(150)) - [id: 0x51301cc5, L:0.0.0.0/0.0.0.0:35127] READ COMPLETE
2019-09-26 13:30:46,808 INFO  logging.LoggingHandler (AbstractInternalLogger.java:log(150)) - [id: 0x20c56452, L:/0.0.0.0:38626] READ COMPLETE
2019-09-26 13:30:46,808 INFO  logging.LoggingHandler (AbstractInternalLogger.java:log(150)) - [id: 0x71970195, L:/0.0.0.0:43773] READ COMPLETE
2019-09-26 13:30:46,808 INFO  logging.LoggingHandler (AbstractInternalLogger.java:log(150)) - [id: 0x20c56452, L:/0.0.0.0:38626] READ: [id: 0xbac06df0, L:/192.168.164.227:38626 - R:/192.168.164.227:58680]
2019-09-26 13:30:46,808 INFO  logging.LoggingHandler (AbstractInternalLogger.java:log(150)) - [id: 0x71970195, L:/0.0.0.0:43773] READ: [id: 0xdd47a8cb, L:/192.168.164.227:43773 - R:/192.168.164.227:37608]
2019-09-26 13:30:46,808 INFO  logging.LoggingHandler (AbstractInternalLogger.java:log(150)) - [id: 0x51301cc5, L:0.0.0.0/0.0.0.0:35127] READ: [id: 0xa116253f, L:/192.168.164.227:35127 - R:/192.168.164.227:49304]
2019-09-26 13:30:46,808 INFO  logging.LoggingHandler (AbstractInternalLogger.java:log(150)) - [id: 0x71970195, L:/0.0.0.0:43773] READ COMPLETE
2019-09-26 13:30:46,808 INFO  logging.LoggingHandler (AbstractInternalLogger.java:log(150)) - [id: 0x20c56452, L:/0.0.0.0:38626] READ COMPLETE
2019-09-26 13:30:46,809 INFO  logging.LoggingHandler (AbstractInternalLogger.java:log(150)) - [id: 0x71970195, L:/0.0.0.0:43773] READ: [id: 0x52c2e781, L:/192.168.164.227:43773 - R:/192.168.164.227:37616]
2019-09-26 13:30:46,808 INFO  logging.LoggingHandler (AbstractInternalLogger.java:log(150)) - [id: 0x51301cc5, L:0.0.0.0/0.0.0.0:35127] READ COMPLETE
2019-09-26 13:30:46,809 INFO  logging.LoggingHandler (AbstractInternalLogger.java:log(150)) - [id: 0x20c56452, L:/0.0.0.0:38626] READ: [id: 0x767ba577, L:/192.168.164.227:38626 - R:/192.168.164.227:58684]
2019-09-26 13:30:46,809 INFO  logging.LoggingHandler (AbstractInternalLogger.java:log(150)) - [id: 0x71970195, L:/0.0.0.0:43773] READ COMPLETE
2019-09-26 13:30:46,809 INFO  logging.LoggingHandler (AbstractInternalLogger.java:log(150)) - [id: 0x20c56452, L:/0.0.0.0:38626] READ COMPLETE
2019-09-26 13:30:46,809 INFO  logging.LoggingHandler (AbstractInternalLogger.java:log(150)) - [id: 0x51301cc5, L:0.0.0.0/0.0.0.0:35127] READ: [id: 0x80ed6553, L:/192.168.164.227:35127 - R:/192.168.164.227:49320]
2019-09-26 13:30:46,809 INFO  logging.LoggingHandler (AbstractInternalLogger.java:log(150)) - [id: 0x71970195, L:/0.0.0.0:43773] READ: [id: 0x1ec0ee19, L:/192.168.164.227:43773 - R:/192.168.164.227:37618]
2019-09-26 13:30:46,810 INFO  logging.LoggingHandler (AbstractInternalLogger.java:log(150)) - [id: 0x20c56452, L:/0.0.0.0:38626] READ: [id: 0xd248147c, L:/192.168.164.227:38626 - R:/192.168.164.227:58686]
2019-09-26 13:30:46,809 INFO  logging.LoggingHandler (AbstractInternalLogger.java:log(150)) - [id: 0x51301cc5, L:0.0.0.0/0.0.0.0:35127] READ COMPLETE
2019-09-26 13:30:46,810 INFO  logging.LoggingHandler (AbstractInternalLogger.java:log(150)) - [id: 0x20c56452, L:/0.0.0.0:38626] READ COMPLETE
2019-09-26 13:30:46,810 INFO  logging.LoggingHandler (AbstractInternalLogger.java:log(150)) - [id: 0x71970195, L:/0.0.0.0:43773] READ COMPLETE
2019-09-26 13:30:46,810 INFO  logging.LoggingHandler (AbstractInternalLogger.java:log(150)) - [id: 0x20c56452, L:/0.0.0.0:38626] READ: [id: 0x58360b08, L:/192.168.164.227:38626 - R:/192.168.164.227:58694]
2019-09-26 13:30:46,810 INFO  logging.LoggingHandler (AbstractInternalLogger.java:log(150)) - [id: 0x51301cc5, L:0.0.0.0/0.0.0.0:35127] READ: [id: 0x6b8a9613, L:/192.168.164.227:35127 - R:/192.168.164.227:49328]
2019-09-26 13:30:46,810 INFO  logging.LoggingHandler (AbstractInternalLogger.java:log(150)) - [id: 0x20c56452, L:/0.0.0.0:38626] READ COMPLETE
2019-09-26 13:30:46,810 INFO  logging.LoggingHandler (AbstractInternalLogger.java:log(150)) - [id: 0x71970195, L:/0.0.0.0:43773] READ: [id: 0x3857b3da, L:/192.168.164.227:43773 - R:/192.168.164.227:37620]
2019-09-26 13:30:46,811 INFO  logging.LoggingHandler (AbstractInternalLogger.java:log(150)) - [id: 0x20c56452, L:/0.0.0.0:38626] READ: [id: 0x111fdff5, L:/192.168.164.227:38626 - R:/192.168.164.227:58696]
2019-09-26 13:30:46,810 INFO  logging.LoggingHandler (AbstractInternalLogger.java:log(150)) - [id: 0x51301cc5, L:0.0.0.0/0.0.0.0:35127] READ COMPLETE
2019-09-26 13:30:46,811 INFO  logging.LoggingHandler (AbstractInternalLogger.java:log(150)) - [id: 0x20c56452, L:/0.0.0.0:38626] READ COMPLETE
2019-09-26 13:30:46,811 INFO  logging.LoggingHandler (AbstractInternalLogger.java:log(150)) - [id: 0x51301cc5, L:0.0.0.0/0.0.0.0:35127] READ: [id: 0x7c225889, L:/192.168.164.227:35127 - R:/192.168.164.227:49344]
2019-09-26 13:30:46,811 INFO  logging.LoggingHandler (AbstractInternalLogger.java:log(150)) - [id: 0x71970195, L:/0.0.0.0:43773] READ COMPLETE
2019-09-26 13:30:46,811 INFO  logging.LoggingHandler (AbstractInternalLogger.java:log(150)) - [id: 0x51301cc5, L:0.0.0.0/0.0.0.0:35127] READ COMPLETE
2019-09-26 13:30:46,811 INFO  logging.LoggingHandler (AbstractInternalLogger.java:log(150)) - [id: 0x71970195, L:/0.0.0.0:43773] READ: [id: 0x50e43164, L:/192.168.164.227:43773 - R:/192.168.164.227:37626]
2019-09-26 13:30:46,811 INFO  logging.LoggingHandler (AbstractInternalLogger.java:log(150)) - [id: 0x20c56452, L:/0.0.0.0:38626] READ: [id: 0x5f69ec29, L:/192.168.164.227:38626 - R:/192.168.164.227:58700]
2019-09-26 13:30:46,812 INFO  logging.LoggingHandler (AbstractInternalLogger.java:log(150)) - [id: 0x71970195, L:/0.0.0.0:43773] READ COMPLETE
2019-09-26 13:30:46,812 INFO  logging.LoggingHandler (AbstractInternalLogger.java:log(150)) - [id: 0x51301cc5, L:0.0.0.0/0.0.0.0:35127] READ: [id: 0x6f5e38c5, L:/192.168.164.227:35127 - R:/192.168.164.227:49354]
2019-09-26 13:30:46,812 INFO  logging.LoggingHandler (AbstractInternalLogger.java:log(150)) - [id: 0x71970195, L:/0.0.0.0:43773] READ: [id: 0x877d3e3f, L:/192.168.164.227:43773 - R:/192.168.164.227:37634]
2019-09-26 13:30:46,812 INFO  logging.LoggingHandler (AbstractInternalLogger.java:log(150)) - [id: 0x20c56452, L:/0.0.0.0:38626] READ COMPLETE
2019-09-26 13:30:46,812 INFO  logging.LoggingHandler (AbstractInternalLogger.java:log(150)) - [id: 0x71970195, L:/0.0.0.0:43773] READ COMPLETE
2019-09-26 13:30:46,812 INFO  logging.LoggingHandler (AbstractInternalLogger.java:log(150)) - [id: 0x51301cc5, L:0.0.0.0/0.0.0.0:35127] READ COMPLETE
2019-09-26 13:30:46,812 INFO  logging.LoggingHandler (AbstractInternalLogger.java:log(150)) - [id: 0x71970195, L:/0.0.0.0:43773] READ: [id: 0x85327168, L:/192.168.164.227:43773 - R:/192.168.164.227:37636]
2019-09-26 13:30:46,812 INFO  logging.LoggingHandler (AbstractInternalLogger.java:log(150)) - [id: 0x20c56452, L:/0.0.0.0:38626] READ: [id: 0x89037adf, L:/192.168.164.227:38626 - R:/192.168.164.227:58702]
2019-09-26 13:30:46,813 INFO  logging.LoggingHandler (AbstractInternalLogger.java:log(150)) - [id: 0x71970195, L:/0.0.0.0:43773] READ COMPLETE
2019-09-26 13:30:46,813 INFO  logging.LoggingHandler (AbstractInternalLogger.java:log(150)) - [id: 0x51301cc5, L:0.0.0.0/0.0.0.0:35127] READ: [id: 0x0fe0cb7e, L:/192.168.164.227:35127 - R:/192.168.164.227:49356]
2019-09-26 13:30:46,813 INFO  logging.LoggingHandler (AbstractInternalLogger.java:log(150)) - [id: 0x71970195, L:/0.0.0.0:43773] READ: [id: 0x9a696c51, L:/192.168.164.227:43773 - R:/192.168.164.227:37640]
2019-09-26 13:30:46,813 INFO  logging.LoggingHandler (AbstractInternalLogger.java:log(150)) - [id: 0x20c56452, L:/0.0.0.0:38626] READ COMPLETE
2019-09-26 13:30:46,813 INFO  logging.LoggingHandler (AbstractInternalLogger.java:log(150)) - [id: 0x71970195, L:/0.0.0.0:43773] READ COMPLETE
2019-09-26 13:30:46,813 INFO  logging.LoggingHandler (AbstractInternalLogger.java:log(150)) - [id: 0x51301cc5, L:0.0.0.0/0.0.0.0:35127] READ COMPLETE
2019-09-26 13:30:46,813 INFO  logging.LoggingHandler (AbstractInternalLogger.java:log(150)) - [id: 0x71970195, L:/0.0.0.0:43773] READ: [id: 0x6e5c7f8b, L:/192.168.164.227:43773 - R:/192.168.164.227:37642]
2019-09-26 13:30:46,814 INFO  logging.LoggingHandler (AbstractInternalLogger.java:log(150)) - [id: 0x51301cc5, L:0.0.0.0/0.0.0.0:35127] READ: [id: 0x1acb3b91, L:/192.168.164.227:35127 - R:/192.168.164.227:49364]
2019-09-26 13:30:46,813 INFO  logging.LoggingHandler (AbstractInternalLogger.java:log(150)) - [id: 0x20c56452, L:/0.0.0.0:38626] READ: [id: 0xa1188643, L:/192.168.164.227:38626 - R:/192.168.164.227:58706]
2019-09-26 13:30:46,814 INFO  logging.LoggingHandler (AbstractInternalLogger.java:log(150)) - [id: 0x51301cc5, L:0.0.0.0/0.0.0.0:35127] READ COMPLETE
2019-09-26 13:30:46,814 INFO  logging.LoggingHandler (AbstractInternalLogger.java:log(150)) - [id: 0x71970195, L:/0.0.0.0:43773] READ COMPLETE
2019-09-26 13:30:46,814 INFO  logging.LoggingHandler (AbstractInternalLogger.java:log(150)) - [id: 0x51301cc5, L:0.0.0.0/0.0.0.0:35127] READ: [id: 0xebeb335a, L:/192.168.164.227:35127 - R:/192.168.164.227:49378]
2019-09-26 13:30:46,814 INFO  logging.LoggingHandler (AbstractInternalLogger.java:log(150)) - [id: 0x71970195, L:/0.0.0.0:43773] READ: [id: 0x598eb161, L:/192.168.164.227:43773 - R:/192.168.164.227:37648]
2019-09-26 13:30:46,814 INFO  logging.LoggingHandler (AbstractInternalLogger.java:log(150)) - [id: 0x71970195, L:/0.0.0.0:43773] READ COMPLETE
2019-09-26 13:30:46,814 INFO  logging.LoggingHandler (AbstractInternalLogger.java:log(150)) - [id: 0x20c56452, L:/0.0.0.0:38626] READ COMPLETE
2019-09-26 13:30:46,815 INFO  logging.LoggingHandler (AbstractInternalLogger.java:log(150)) - [id: 0x71970195, L:/0.0.0.0:43773] READ: [id: 0xdf3e255f, L:/192.168.164.227:43773 - R:/192.168.164.227:37658]
2019-09-26 13:30:46,815 INFO  logging.LoggingHandler (AbstractInternalLogger.java:log(150)) - [id: 0x20c56452, L:/0.0.0.0:38626] READ: [id: 0x072abc9d, L:/192.168.164.227:38626 - R:/192.168.164.227:58712]
2019-09-26 13:30:46,814 INFO  logging.LoggingHandler (AbstractInternalLogger.java:log(150)) - [id: 0x51301cc5, L:0.0.0.0/0.0.0.0:35127] READ COMPLETE
2019-09-26 13:30:46,815 INFO  logging.LoggingHandler (AbstractInternalLogger.java:log(150)) - [id: 0x20c56452, L:/0.0.0.0:38626] READ COMPLETE
2019-09-26 13:30:46,815 INFO  logging.LoggingHandler (AbstractInternalLogger.java:log(150)) - [id: 0x71970195, L:/0.0.0.0:43773] READ COMPLETE
2019-09-26 13:30:46,815 INFO  logging.LoggingHandler (AbstractInternalLogger.java:log(150)) - [id: 0x20c56452, L:/0.0.0.0:38626] READ: [id: 0xf4fd7a55, L:/192.168.164.227:38626 - R:/192.168.164.227:58716]
2019-09-26 13:30:46,815 INFO  logging.LoggingHandler (AbstractInternalLogger.java:log(150)) - [id: 0x51301cc5, L:0.0.0.0/0.0.0.0:35127] READ: [id: 0xb84309ce, L:/192.168.164.227:35127 - R:/192.168.164.227:49384]
2019-09-26 13:30:46,815 INFO  logging.LoggingHandler (AbstractInternalLogger.java:log(150)) - [id: 0x71970195, L:/0.0.0.0:43773] READ: [id: 0x5b87e5ce, L:/192.168.164.227:43773 - R:/192.168.164.227:37662]
2019-09-26 13:30:46,815 INFO  logging.LoggingHandler (AbstractInternalLogger.java:log(150)) - [id: 0x20c56452, L:/0.0.0.0:38626] READ COMPLETE
2019-09-26 13:30:46,816 INFO  logging.LoggingHandler (AbstractInternalLogger.java:log(150)) - [id: 0x71970195, L:/0.0.0.0:43773] READ COMPLETE
2019-09-26 13:30:46,815 INFO  logging.LoggingHandler (AbstractInternalLogger.java:log(150)) - [id: 0x51301cc5, L:0.0.0.0/0.0.0.0:35127] READ COMPLETE
2019-09-26 13:30:46,816 INFO  logging.LoggingHandler (AbstractInternalLogger.java:log(150)) - [id: 0x71970195, L:/0.0.0.0:43773] READ: [id: 0x498c0497, L:/192.168.164.227:43773 - R:/192.168.164.227:37670]
2019-09-26 13:30:46,816 INFO  logging.LoggingHandler (AbstractInternalLogger.java:log(150)) - [id: 0x20c56452, L:/0.0.0.0:38626] READ: [id: 0xbde2342a, L:/192.168.164.227:38626 - R:/192.168.164.227:58730]
2019-09-26 13:30:46,816 INFO  logging.LoggingHandler (AbstractInternalLogger.java:log(150)) - [id: 0x71970195, L:/0.0.0.0:43773] READ COMPLETE
2019-09-26 13:30:46,816 INFO  logging.LoggingHandler (AbstractInternalLogger.java:log(150)) - [id: 0x51301cc5, L:0.0.0.0/0.0.0.0:35127] READ: [id: 0xaaf8025d, L:/192.168.164.227:35127 - R:/192.168.164.227:49386]
2019-09-26 13:30:46,816 INFO  logging.LoggingHandler (AbstractInternalLogger.java:log(150)) - [id: 0x20c56452, L:/0.0.0.0:38626] READ COMPLETE
2019-09-26 13:30:46,816 INFO  logging.LoggingHandler (AbstractInternalLogger.java:log(150)) - [id: 0x71970195, L:/0.0.0.0:43773] READ: [id: 0x0b29c2c5, L:/192.168.164.227:43773 - R:/192.168.164.227:37672]
2019-09-26 13:30:46,816 INFO  logging.LoggingHandler (AbstractInternalLogger.java:log(150)) - [id: 0x51301cc5, L:0.0.0.0/0.0.0.0:35127] READ COMPLETE
2019-09-26 13:30:46,817 INFO  logging.LoggingHandler (AbstractInternalLogger.java:log(150)) - [id: 0x71970195, L:/0.0.0.0:43773] READ COMPLETE
2019-09-26 13:30:46,817 INFO  logging.LoggingHandler (AbstractInternalLogger.java:log(150)) - [id: 0x20c56452, L:/0.0.0.0:38626] READ: [id: 0x742d5e91, L:/192.168.164.227:38626 - R:/192.168.164.227:58732]
2019-09-26 13:30:46,817 INFO  logging.LoggingHandler (AbstractInternalLogger.java:log(150)) - [id: 0x71970195, L:/0.0.0.0:43773] READ: [id: 0x9c1c296f, L:/192.168.164.227:43773 - R:/192.168.164.227:37674]
2019-09-26 13:30:46,817 INFO  logging.LoggingHandler (AbstractInternalLogger.java:log(150)) - [id: 0x20c56452, L:/0.0.0.0:38626] READ COMPLETE
2019-09-26 13:30:46,817 INFO  logging.LoggingHandler (AbstractInternalLogger.java:log(150)) - [id: 0x51301cc5, L:0.0.0.0/0.0.0.0:35127] READ: [id: 0x0efc537d, L:/192.168.164.227:35127 - R:/192.168.164.227:49412]
2019-09-26 13:30:46,817 INFO  logging.LoggingHandler (AbstractInternalLogger.java:log(150)) - [id: 0x20c56452, L:/0.0.0.0:38626] READ: [id: 0xfbc52f2d, L:/192.168.164.227:38626 - R:/192.168.164.227:58740]
2019-09-26 13:30:46,817 INFO  logging.LoggingHandler (AbstractInternalLogger.java:log(150)) - [id: 0x71970195, L:/0.0.0.0:43773] READ COMPLETE
2019-09-26 13:30:46,818 INFO  logging.LoggingHandler (AbstractInternalLogger.java:log(150)) - [id: 0x20c56452, L:/0.0.0.0:38626] READ COMPLETE
2019-09-26 13:30:46,817 INFO  logging.LoggingHandler (AbstractInternalLogger.java:log(150)) - [id: 0x51301cc5, L:0.0.0.0/0.0.0.0:35127] READ COMPLETE
2019-09-26 13:30:46,818 INFO  logging.LoggingHandler (AbstractInternalLogger.java:log(150)) - [id: 0x20c56452, L:/0.0.0.0:38626] READ: [id: 0xb1552981, L:/192.168.164.227:38626 - R:/192.168.164.227:58746]
2019-09-26 13:30:46,818 INFO  logging.LoggingHandler (AbstractInternalLogger.java:log(150)) - [id: 0x71970195, L:/0.0.0.0:43773] READ: [id: 0x74c0b992, L:/192.168.164.227:43773 - R:/192.168.164.227:37678]
2019-09-26 13:30:46,818 INFO  logging.LoggingHandler (AbstractInternalLogger.java:log(150)) - [id: 0x20c56452, L:/0.0.0.0:38626] READ COMPLETE
2019-09-26 13:30:46,818 INFO  logging.LoggingHandler (AbstractInternalLogger.java:log(150)) - [id: 0x51301cc5, L:0.0.0.0/0.0.0.0:35127] READ: [id: 0x591785a3, L:/192.168.164.227:35127 - R:/192.168.164.227:49414]
2019-09-26 13:30:46,818 INFO  logging.LoggingHandler (AbstractInternalLogger.java:log(150)) - [id: 0x20c56452, L:/0.0.0.0:38626] READ: [id: 0x9cc0c588, L:/192.168.164.227:38626 - R:/192.168.164.227:58752]
2019-09-26 13:30:46,818 INFO  logging.LoggingHandler (AbstractInternalLogger.java:log(150)) - [id: 0x71970195, L:/0.0.0.0:43773] READ COMPLETE
2019-09-26 13:30:46,818 INFO  logging.LoggingHandler (AbstractInternalLogger.java:log(150)) - [id: 0x20c56452, L:/0.0.0.0:38626] READ COMPLETE
2019-09-26 13:30:46,818 INFO  logging.LoggingHandler (AbstractInternalLogger.java:log(150)) - [id: 0x51301cc5, L:0.0.0.0/0.0.0.0:35127] READ COMPLETE
2019-09-26 13:30:46,819 INFO  logging.LoggingHandler (AbstractInternalLogger.java:log(150)) - [id: 0x20c56452, L:/0.0.0.0:38626] READ: [id: 0xcd3df104, L:/192.168.164.227:38626 - R:/192.168.164.227:58758]
2019-09-26 13:30:46,819 INFO  logging.LoggingHandler (AbstractInternalLogger.java:log(150)) - [id: 0x71970195, L:/0.0.0.0:43773] READ: [id: 0x4ad0d5e9, L:/192.168.164.227:43773 - R:/192.168.164.227:37692]
2019-09-26 13:30:46,819 INFO  logging.LoggingHandler (AbstractInternalLogger.java:log(150)) - [id: 0x20c56452, L:/0.0.0.0:38626] READ COMPLETE
2019-09-26 13:30:46,819 INFO  logging.LoggingHandler (AbstractInternalLogger.java:log(150)) - [id: 0x51301cc5, L:0.0.0.0/0.0.0.0:35127] READ: [id: 0xad5f80cc, L:/192.168.164.227:35127 - R:/192.168.164.227:49420]
2019-09-26 13:30:46,819 INFO  logging.LoggingHandler (AbstractInternalLogger.java:log(150)) - [id: 0x20c56452, L:/0.0.0.0:38626] READ: [id: 0xfe6fb879, L:/192.168.164.227:38626 - R:/192.168.164.227:58762]
2019-09-26 13:30:46,819 INFO  logging.LoggingHandler (AbstractInternalLogger.java:log(150)) - [id: 0x71970195, L:/0.0.0.0:43773] READ COMPLETE
2019-09-26 13:30:46,819 INFO  logging.LoggingHandler (AbstractInternalLogger.java:log(150)) - [id: 0x20c56452, L:/0.0.0.0:38626] READ COMPLETE
2019-09-26 13:30:46,820 INFO  logging.LoggingHandler (AbstractInternalLogger.java:log(150)) - [id: 0x71970195, L:/0.0.0.0:43773] READ: [id: 0x3390608a, L:/192.168.164.227:43773 - R:/192.168.164.227:37696]
2019-09-26 13:30:46,819 INFO  logging.LoggingHandler (AbstractInternalLogger.java:log(150)) - [id: 0x51301cc5, L:0.0.0.0/0.0.0.0:35127] READ COMPLETE
2019-09-26 13:30:46,820 INFO  logging.LoggingHandler (AbstractInternalLogger.java:log(150)) - [id: 0x71970195, L:/0.0.0.0:43773] READ COMPLETE
2019-09-26 13:30:46,820 INFO  logging.LoggingHandler (AbstractInternalLogger.java:log(150)) - [id: 0x20c56452, L:/0.0.0.0:38626] READ: [id: 0x41828778, L:/192.168.164.227:38626 - R:/192.168.164.227:58766]
2019-09-26 13:30:46,820 INFO  logging.LoggingHandler (AbstractInternalLogger.java:log(150)) - [id: 0x71970195, L:/0.0.0.0:43773] READ: [id: 0x7cb8032a, L:/192.168.164.227:43773 - R:/192.168.164.227:37716]
2019-09-26 13:30:46,820 INFO  logging.LoggingHandler (AbstractInternalLogger.java:log(150)) - [id: 0x51301cc5, L:0.0.0.0/0.0.0.0:35127] READ: [id: 0x0fd97185, L:/192.168.164.227:35127 - R:/192.168.164.227:49422]
2019-09-26 13:30:46,820 INFO  logging.LoggingHandler (AbstractInternalLogger.java:log(150)) - [id: 0x71970195, L:/0.0.0.0:43773] READ COMPLETE
2019-09-26 13:30:46,820 INFO  logging.LoggingHandler (AbstractInternalLogger.java:log(150)) - [id: 0x20c56452, L:/0.0.0.0:38626] READ COMPLETE
2019-09-26 13:30:46,821 INFO  logging.LoggingHandler (AbstractInternalLogger.java:log(150)) - [id: 0x71970195, L:/0.0.0.0:43773] READ: [id: 0x97c4f857, L:/192.168.164.227:43773 - R:/192.168.164.227:37718]
2019-09-26 13:30:46,821 INFO  logging.LoggingHandler (AbstractInternalLogger.java:log(150)) - [id: 0x20c56452, L:/0.0.0.0:38626] READ: [id: 0x0e54c330, L:/192.168.164.227:38626 - R:/192.168.164.227:58768]
2019-09-26 13:30:46,820 INFO  logging.LoggingHandler (AbstractInternalLogger.java:log(150)) - [id: 0x51301cc5, L:0.0.0.0/0.0.0.0:35127] READ COMPLETE
2019-09-26 13:30:46,821 INFO  logging.LoggingHandler (AbstractInternalLogger.java:log(150)) - [id: 0x20c56452, L:/0.0.0.0:38626] READ COMPLETE
2019-09-26 13:30:46,821 INFO  logging.LoggingHandler (AbstractInternalLogger.java:log(150)) - [id: 0x71970195, L:/0.0.0.0:43773] READ COMPLETE
2019-09-26 13:30:46,821 INFO  logging.LoggingHandler (AbstractInternalLogger.java:log(150)) - [id: 0x20c56452, L:/0.0.0.0:38626] READ: [id: 0xf419a3b8, L:/192.168.164.227:38626 - R:/192.168.164.227:58770]
2019-09-26 13:30:46,821 INFO  logging.LoggingHandler (AbstractInternalLogger.java:log(150)) - [id: 0x51301cc5, L:0.0.0.0/0.0.0.0:35127] READ: [id: 0xd2508489, L:/192.168.164.227:35127 - R:/192.168.164.227:49430]
2019-09-26 13:30:46,821 INFO  logging.LoggingHandler (AbstractInternalLogger.java:log(150)) - [id: 0x20c56452, L:/0.0.0.0:38626] READ COMPLETE
2019-09-26 13:30:46,822 INFO  logging.LoggingHandler (AbstractInternalLogger.java:log(150)) - [id: 0x51301cc5, L:0.0.0.0/0.0.0.0:35127] READ COMPLETE
2019-09-26 13:30:46,822 INFO  logging.LoggingHandler (AbstractInternalLogger.java:log(150)) - [id: 0x71970195, L:/0.0.0.0:43773] READ: [id: 0xb6b728bd, L:/192.168.164.227:43773 - R:/192.168.164.227:37730]
2019-09-26 13:30:46,822 INFO  logging.LoggingHandler (AbstractInternalLogger.java:log(150)) - [id: 0x20c56452, L:/0.0.0.0:38626] READ: [id: 0xe2fababa, L:/192.168.164.227:38626 - R:/192.168.164.227:58778]
2019-09-26 13:30:46,822 INFO  logging.LoggingHandler (AbstractInternalLogger.java:log(150)) - [id: 0x71970195, L:/0.0.0.0:43773] READ COMPLETE
2019-09-26 13:30:46,822 INFO  logging.LoggingHandler (AbstractInternalLogger.java:log(150)) - [id: 0x51301cc5, L:0.0.0.0/0.0.0.0:35127] READ: [id: 0x473c7a4a, L:/192.168.164.227:35127 - R:/192.168.164.227:49432]
2019-09-26 13:30:46,822 INFO  logging.LoggingHandler (AbstractInternalLogger.java:log(150)) - [id: 0x20c56452, L:/0.0.0.0:38626] READ COMPLETE
2019-09-26 13:30:46,822 INFO  logging.LoggingHandler (AbstractInternalLogger.java:log(150)) - [id: 0x51301cc5, L:0.0.0.0/0.0.0.0:35127] READ COMPLETE
2019-09-26 13:30:46,822 INFO  logging.LoggingHandler (AbstractInternalLogger.java:log(150)) - [id: 0x20c56452, L:/0.0.0.0:38626] READ: [id: 0xb1cb6bd4, L:/192.168.164.227:38626 - R:/192.168.164.227:58786]
2019-09-26 13:30:46,823 INFO  logging.LoggingHandler (AbstractInternalLogger.java:log(150)) - [id: 0x51301cc5, L:0.0.0.0/0.0.0.0:35127] READ: [id: 0xc651f488, L:/192.168.164.227:35127 - R:/192.168.164.227:49436]
2019-09-26 13:30:46,822 INFO  logging.LoggingHandler (AbstractInternalLogger.java:log(150)) - [id: 0x71970195, L:/0.0.0.0:43773] READ: [id: 0xac33a816, L:/192.168.164.227:43773 - R:/192.168.164.227:37734]
2019-09-26 13:30:46,823 INFO  logging.LoggingHandler (AbstractInternalLogger.java:log(150)) - [id: 0x51301cc5, L:0.0.0.0/0.0.0.0:35127] READ COMPLETE
2019-09-26 13:30:46,823 INFO  logging.LoggingHandler (AbstractInternalLogger.java:log(150)) - [id: 0x20c56452, L:/0.0.0.0:38626] READ COMPLETE
2019-09-26 13:30:46,823 INFO  logging.LoggingHandler (AbstractInternalLogger.java:log(150)) - [id: 0x71970195, L:/0.0.0.0:43773] READ COMPLETE
2019-09-26 13:30:46,823 INFO  logging.LoggingHandler (AbstractInternalLogger.java:log(150)) - [id: 0x20c56452, L:/0.0.0.0:38626] READ: [id: 0x0d26c660, L:/192.168.164.227:38626 - R:/192.168.164.227:58788]
2019-09-26 13:30:46,823 INFO  logging.LoggingHandler (AbstractInternalLogger.java:log(150)) - [id: 0x51301cc5, L:0.0.0.0/0.0.0.0:35127] READ: [id: 0x7352ef86, L:/192.168.164.227:35127 - R:/192.168.164.227:49442]
2019-09-26 13:30:46,824 INFO  logging.LoggingHandler (AbstractInternalLogger.java:log(150)) - [id: 0x20c56452, L:/0.0.0.0:38626] READ COMPLETE
2019-09-26 13:30:46,824 INFO  logging.LoggingHandler (AbstractInternalLogger.java:log(150)) - [id: 0x51301cc5, L:0.0.0.0/0.0.0.0:35127] READ COMPLETE
2019-09-26 13:30:46,823 INFO  logging.LoggingHandler (AbstractInternalLogger.java:log(150)) - [id: 0x71970195, L:/0.0.0.0:43773] READ: [id: 0x4d6c9866, L:/192.168.164.227:43773 - R:/192.168.164.227:37742]
2019-09-26 13:30:46,824 INFO  logging.LoggingHandler (AbstractInternalLogger.java:log(150)) - [id: 0x51301cc5, L:0.0.0.0/0.0.0.0:35127] READ: [id: 0x7b97cdf8, L:/192.168.164.227:35127 - R:/192.168.164.227:49444]
2019-09-26 13:30:46,824 INFO  logging.LoggingHandler (AbstractInternalLogger.java:log(150)) - [id: 0x20c56452, L:/0.0.0.0:38626] READ: [id: 0x0075e8aa, L:/192.168.164.227:38626 - R:/192.168.164.227:58796]
2019-09-26 13:30:46,824 INFO  logging.LoggingHandler (AbstractInternalLogger.java:log(150)) - [id: 0x51301cc5, L:0.0.0.0/0.0.0.0:35127] READ COMPLETE
2019-09-26 13:30:46,824 INFO  logging.LoggingHandler (AbstractInternalLogger.java:log(150)) - [id: 0x71970195, L:/0.0.0.0:43773] READ COMPLETE
2019-09-26 13:30:46,824 INFO  logging.LoggingHandler (AbstractInternalLogger.java:log(150)) - [id: 0x51301cc5, L:0.0.0.0/0.0.0.0:35127] READ: [id: 0xe1773f29, L:/192.168.164.227:35127 - R:/192.168.164.227:49454]
2019-09-26 13:30:46,824 INFO  logging.LoggingHandler (AbstractInternalLogger.java:log(150)) - [id: 0x20c56452, L:/0.0.0.0:38626] READ COMPLETE
2019-09-26 13:30:46,825 INFO  logging.LoggingHandler (AbstractInternalLogger.java:log(150)) - [id: 0x71970195, L:/0.0.0.0:43773] READ: [id: 0xf44cc2b8, L:/192.168.164.227:43773 - R:/192.168.164.227:37744]
2019-09-26 13:30:46,825 INFO  logging.LoggingHandler (AbstractInternalLogger.java:log(150)) - [id: 0x51301cc5, L:0.0.0.0/0.0.0.0:35127] READ COMPLETE
2019-09-26 13:30:46,825 INFO  logging.LoggingHandler (AbstractInternalLogger.java:log(150)) - [id: 0x71970195, L:/0.0.0.0:43773] READ COMPLETE
2019-09-26 13:30:46,825 INFO  logging.LoggingHandler (AbstractInternalLogger.java:log(150)) - [id: 0x20c56452, L:/0.0.0.0:38626] READ: [id: 0xc9a5bfed, L:/192.168.164.227:38626 - R:/192.168.164.227:58804]
2019-09-26 13:30:46,825 INFO  logging.LoggingHandler (AbstractInternalLogger.java:log(150)) - [id: 0x71970195, L:/0.0.0.0:43773] READ: [id: 0x6310d5cb, L:/192.168.164.227:43773 - R:/192.168.164.227:37756]
2019-09-26 13:30:46,825 INFO  logging.LoggingHandler (AbstractInternalLogger.java:log(150)) - [id: 0x51301cc5, L:0.0.0.0/0.0.0.0:35127] READ: [id: 0x2a47791f, L:/192.168.164.227:35127 - R:/192.168.164.227:49460]
2019-09-26 13:30:46,825 INFO  logging.LoggingHandler (AbstractInternalLogger.java:log(150)) - [id: 0x71970195, L:/0.0.0.0:43773] READ COMPLETE
2019-09-26 13:30:46,825 INFO  logging.LoggingHandler (AbstractInternalLogger.java:log(150)) - [id: 0x20c56452, L:/0.0.0.0:38626] READ COMPLETE
2019-09-26 13:30:46,826 INFO  logging.LoggingHandler (AbstractInternalLogger.java:log(150)) - [id: 0x71970195, L:/0.0.0.0:43773] READ: [id: 0x4eb93ec4, L:/192.168.164.227:43773 - R:/192.168.164.227:37758]
2019-09-26 13:30:46,825 INFO  logging.LoggingHandler (AbstractInternalLogger.java:log(150)) - [id: 0x51301cc5, L:0.0.0.0/0.0.0.0:35127] READ COMPLETE
2019-09-26 13:30:46,826 INFO  logging.LoggingHandler (AbstractInternalLogger.java:log(150)) - [id: 0x71970195, L:/0.0.0.0:43773] READ COMPLETE
2019-09-26 13:30:46,826 INFO  logging.LoggingHandler (AbstractInternalLogger.java:log(150)) - [id: 0x20c56452, L:/0.0.0.0:38626] READ: [id: 0xb453b4a8, L:/192.168.164.227:38626 - R:/192.168.164.227:58808]
2019-09-26 13:30:46,826 INFO  logging.LoggingHandler (AbstractInternalLogger.java:log(150)) - [id: 0x51301cc5, L:0.0.0.0/0.0.0.0:35127] READ: [id: 0xce13ccdf, L:/192.168.164.227:35127 - R:/192.168.164.227:49464]
2019-09-26 13:30:46,826 INFO  logging.LoggingHandler (AbstractInternalLogger.java:log(150)) - [id: 0x20c56452, L:/0.0.0.0:38626] READ COMPLETE
2019-09-26 13:30:46,826 INFO  logging.LoggingHandler (AbstractInternalLogger.java:log(150)) - [id: 0x51301cc5, L:0.0.0.0/0.0.0.0:35127] READ COMPLETE
2019-09-26 13:30:46,826 INFO  logging.LoggingHandler (AbstractInternalLogger.java:log(150)) - [id: 0x20c56452, L:/0.0.0.0:38626] READ: [id: 0x80b0d5ab, L:/192.168.164.227:38626 - R:/192.168.164.227:58810]
2019-09-26 13:30:46,826 INFO  logging.LoggingHandler (AbstractInternalLogger.java:log(150)) - [id: 0x51301cc5, L:0.0.0.0/0.0.0.0:35127] READ: [id: 0x44a75e47, L:/192.168.164.227:35127 - R:/192.168.164.227:49468]
2019-09-26 13:30:46,827 INFO  logging.LoggingHandler (AbstractInternalLogger.java:log(150)) - [id: 0x20c56452, L:/0.0.0.0:38626] READ COMPLETE
2019-09-26 13:30:46,827 INFO  logging.LoggingHandler (AbstractInternalLogger.java:log(150)) - [id: 0x51301cc5, L:0.0.0.0/0.0.0.0:35127] READ COMPLETE
2019-09-26 13:30:46,827 INFO  logging.LoggingHandler (AbstractInternalLogger.java:log(150)) - [id: 0x71970195, L:/0.0.0.0:43773] READ: [id: 0x519fbbe6, L:/192.168.164.227:43773 - R:/192.168.164.227:37762]
2019-09-26 13:30:46,827 INFO  logging.LoggingHandler (AbstractInternalLogger.java:log(150)) - [id: 0x51301cc5, L:0.0.0.0/0.0.0.0:35127] READ: [id: 0xe8c70de6, L:/192.168.164.227:35127 - R:/192.168.164.227:49478]
2019-09-26 13:30:46,827 INFO  logging.LoggingHandler (AbstractInternalLogger.java:log(150)) - [id: 0x20c56452, L:/0.0.0.0:38626] READ: [id: 0x95913dae, L:/192.168.164.227:38626 - R:/192.168.164.227:58816]
2019-09-26 13:30:46,827 INFO  logging.LoggingHandler (AbstractInternalLogger.java:log(150)) - [id: 0x51301cc5, L:0.0.0.0/0.0.0.0:35127] READ COMPLETE
2019-09-26 13:30:46,827 INFO  logging.LoggingHandler (AbstractInternalLogger.java:log(150)) - [id: 0x71970195, L:/0.0.0.0:43773] READ COMPLETE
2019-09-26 13:30:46,827 INFO  logging.LoggingHandler (AbstractInternalLogger.java:log(150)) - [id: 0x51301cc5, L:0.0.0.0/0.0.0.0:35127] READ: [id: 0x1b5e60d2, L:/192.168.164.227:35127 - R:/192.168.164.227:49480]
2019-09-26 13:30:46,827 INFO  logging.LoggingHandler (AbstractInternalLogger.java:log(150)) - [id: 0x20c56452, L:/0.0.0.0:38626] READ COMPLETE
2019-09-26 13:30:46,828 INFO  logging.LoggingHandler (AbstractInternalLogger.java:log(150)) - [id: 0x71970195, L:/0.0.0.0:43773] READ: [id: 0xf8eb183f, L:/192.168.164.227:43773 - R:/192.168.164.227:37772]
2019-09-26 13:30:46,828 INFO  logging.LoggingHandler (AbstractInternalLogger.java:log(150)) - [id: 0x51301cc5, L:0.0.0.0/0.0.0.0:35127] READ COMPLETE
2019-09-26 13:30:46,828 INFO  logging.LoggingHandler (AbstractInternalLogger.java:log(150)) - [id: 0x71970195, L:/0.0.0.0:43773] READ COMPLETE
2019-09-26 13:30:46,828 INFO  logging.LoggingHandler (AbstractInternalLogger.java:log(150)) - [id: 0x20c56452, L:/0.0.0.0:38626] READ: [id: 0x9733dbf6, L:/192.168.164.227:38626 - R:/192.168.164.227:58822]
2019-09-26 13:30:46,828 INFO  logging.LoggingHandler (AbstractInternalLogger.java:log(150)) - [id: 0x51301cc5, L:0.0.0.0/0.0.0.0:35127] READ: [id: 0xb7412024, L:/192.168.164.227:35127 - R:/192.168.164.227:49502]
2019-09-26 13:30:46,828 INFO  logging.LoggingHandler (AbstractInternalLogger.java:log(150)) - [id: 0x71970195, L:/0.0.0.0:43773] READ: [id: 0x15d3742b, L:/192.168.164.227:43773 - R:/192.168.164.227:37782]
2019-09-26 13:30:46,828 INFO  logging.LoggingHandler (AbstractInternalLogger.java:log(150)) - [id: 0x20c56452, L:/0.0.0.0:38626] READ COMPLETE
2019-09-26 13:30:46,829 INFO  logging.LoggingHandler (AbstractInternalLogger.java:log(150)) - [id: 0x71970195, L:/0.0.0.0:43773] READ COMPLETE
2019-09-26 13:30:46,829 INFO  logging.LoggingHandler (AbstractInternalLogger.java:log(150)) - [id: 0x51301cc5, L:0.0.0.0/0.0.0.0:35127] READ COMPLETE
2019-09-26 13:30:46,829 INFO  logging.LoggingHandler (AbstractInternalLogger.java:log(150)) - [id: 0x20c56452, L:/0.0.0.0:38626] READ: [id: 0x5d2e7d24, L:/192.168.164.227:38626 - R:/192.168.164.227:58826]
2019-09-26 13:30:46,829 INFO  logging.LoggingHandler (AbstractInternalLogger.java:log(150)) - [id: 0x51301cc5, L:0.0.0.0/0.0.0.0:35127] READ: [id: 0xf6444e3c, L:/192.168.164.227:35127 - R:/192.168.164.227:49506]
2019-09-26 13:30:46,829 INFO  logging.LoggingHandler (AbstractInternalLogger.java:log(150)) - [id: 0x71970195, L:/0.0.0.0:43773] READ: [id: 0xc372ec31, L:/192.168.164.227:43773 - R:/192.168.164.227:37790]
2019-09-26 13:30:46,829 INFO  logging.LoggingHandler (AbstractInternalLogger.java:log(150)) - [id: 0x20c56452, L:/0.0.0.0:38626] READ COMPLETE
2019-09-26 13:30:46,830 INFO  logging.LoggingHandler (AbstractInternalLogger.java:log(150)) - [id: 0x71970195, L:/0.0.0.0:43773] READ COMPLETE
2019-09-26 13:30:46,830 INFO  logging.LoggingHandler (AbstractInternalLogger.java:log(150)) - [id: 0x51301cc5, L:0.0.0.0/0.0.0.0:35127] READ COMPLETE
2019-09-26 13:30:46,830 INFO  logging.LoggingHandler (AbstractInternalLogger.java:log(150)) - [id: 0x20c56452, L:/0.0.0.0:38626] READ: [id: 0x16d7fc9d, L:/192.168.164.227:38626 - R:/192.168.164.227:58828]
2019-09-26 13:30:46,830 INFO  logging.LoggingHandler (AbstractInternalLogger.java:log(150)) - [id: 0x51301cc5, L:0.0.0.0/0.0.0.0:35127] READ: [id: 0x4e55a636, L:/192.168.164.227:35127 - R:/192.168.164.227:49512]
2019-09-26 13:30:46,830 INFO  logging.LoggingHandler (AbstractInternalLogger.java:log(150)) - [id: 0x71970195, L:/0.0.0.0:43773] READ: [id: 0x3ee15737, L:/192.168.164.227:43773 - R:/192.168.164.227:37794]
2019-09-26 13:30:46,830 INFO  logging.LoggingHandler (AbstractInternalLogger.java:log(150)) - [id: 0x20c56452, L:/0.0.0.0:38626] READ COMPLETE
2019-09-26 13:30:46,830 INFO  logging.LoggingHandler (AbstractInternalLogger.java:log(150)) - [id: 0x71970195, L:/0.0.0.0:43773] READ COMPLETE
2019-09-26 13:30:46,830 INFO  logging.LoggingHandler (AbstractInternalLogger.java:log(150)) - [id: 0x51301cc5, L:0.0.0.0/0.0.0.0:35127] READ COMPLETE
2019-09-26 13:30:46,831 INFO  logging.LoggingHandler (AbstractInternalLogger.java:log(150)) - [id: 0x20c56452, L:/0.0.0.0:38626] READ: [id: 0x0b8143e5, L:/192.168.164.227:38626 - R:/192.168.164.227:58840]
2019-09-26 13:30:46,831 INFO  logging.LoggingHandler (AbstractInternalLogger.java:log(150)) - [id: 0x20c56452, L:/0.0.0.0:38626] READ COMPLETE
2019-09-26 13:30:46,831 INFO  logging.LoggingHandler (AbstractInternalLogger.java:log(150)) - [id: 0x51301cc5, L:0.0.0.0/0.0.0.0:35127] READ: [id: 0x615f4de4, L:/192.168.164.227:35127 - R:/192.168.164.227:49520]
2019-09-26 13:30:46,831 INFO  logging.LoggingHandler (AbstractInternalLogger.java:log(150)) - [id: 0x51301cc5, L:0.0.0.0/0.0.0.0:35127] READ COMPLETE
2019-09-26 13:30:46,831 INFO  logging.LoggingHandler (AbstractInternalLogger.java:log(150)) - [id: 0x20c56452, L:/0.0.0.0:38626] READ: [id: 0xf8dfdd21, L:/192.168.164.227:38626 - R:/192.168.164.227:58842]
2019-09-26 13:30:46,832 INFO  logging.LoggingHandler (AbstractInternalLogger.java:log(150)) - [id: 0x51301cc5, L:0.0.0.0/0.0.0.0:35127] READ: [id: 0x0c834981, L:/192.168.164.227:35127 - R:/192.168.164.227:49530]
2019-09-26 13:30:46,832 INFO  logging.LoggingHandler (AbstractInternalLogger.java:log(150)) - [id: 0x20c56452, L:/0.0.0.0:38626] READ COMPLETE
2019-09-26 13:30:46,832 INFO  logging.LoggingHandler (AbstractInternalLogger.java:log(150)) - [id: 0x51301cc5, L:0.0.0.0/0.0.0.0:35127] READ COMPLETE
2019-09-26 13:30:46,832 INFO  logging.LoggingHandler (AbstractInternalLogger.java:log(150)) - [id: 0x20c56452, L:/0.0.0.0:38626] READ: [id: 0xf867b8e2, L:/192.168.164.227:38626 - R:/192.168.164.227:58852]
2019-09-26 13:30:46,832 INFO  logging.LoggingHandler (AbstractInternalLogger.java:log(150)) - [id: 0x51301cc5, L:0.0.0.0/0.0.0.0:35127] READ: [id: 0x8bb3537a, L:/192.168.164.227:35127 - R:/192.168.164.227:49532]
2019-09-26 13:30:46,832 INFO  logging.LoggingHandler (AbstractInternalLogger.java:log(150)) - [id: 0x20c56452, L:/0.0.0.0:38626] READ COMPLETE
2019-09-26 13:30:46,832 INFO  logging.LoggingHandler (AbstractInternalLogger.java:log(150)) - [id: 0x51301cc5, L:0.0.0.0/0.0.0.0:35127] READ COMPLETE
2019-09-26 13:30:46,832 INFO  logging.LoggingHandler (AbstractInternalLogger.java:log(150)) - [id: 0x20c56452, L:/0.0.0.0:38626] READ: [id: 0x2e6f74ce, L:/192.168.164.227:38626 - R:/192.168.164.227:58854]
2019-09-26 13:30:46,832 INFO  logging.LoggingHandler (AbstractInternalLogger.java:log(150)) - [id: 0x51301cc5, L:0.0.0.0/0.0.0.0:35127] READ: [id: 0x65f2ab55, L:/192.168.164.227:35127 - R:/192.168.164.227:49534]
2019-09-26 13:30:46,832 INFO  logging.LoggingHandler (AbstractInternalLogger.java:log(150)) - [id: 0x20c56452, L:/0.0.0.0:38626] READ COMPLETE
2019-09-26 13:30:46,833 INFO  logging.LoggingHandler (AbstractInternalLogger.java:log(150)) - [id: 0x51301cc5, L:0.0.0.0/0.0.0.0:35127] READ COMPLETE
2019-09-26 13:30:46,833 INFO  logging.LoggingHandler (AbstractInternalLogger.java:log(150)) - [id: 0x20c56452, L:/0.0.0.0:38626] READ: [id: 0x2effe61f, L:/192.168.164.227:38626 - R:/192.168.164.227:58856]
2019-09-26 13:30:46,833 INFO  logging.LoggingHandler (AbstractInternalLogger.java:log(150)) - [id: 0x51301cc5, L:0.0.0.0/0.0.0.0:35127] READ: [id: 0x0a2ee469, L:/192.168.164.227:35127 - R:/192.168.164.227:49538]
2019-09-26 13:30:46,833 INFO  logging.LoggingHandler (AbstractInternalLogger.java:log(150)) - [id: 0x20c56452, L:/0.0.0.0:38626] READ COMPLETE
2019-09-26 13:30:46,833 INFO  logging.LoggingHandler (AbstractInternalLogger.java:log(150)) - [id: 0x71970195, L:/0.0.0.0:43773] READ: [id: 0x9e7cbe6b, L:/192.168.164.227:43773 - R:/192.168.164.227:37812]
2019-09-26 13:30:46,833 INFO  logging.LoggingHandler (AbstractInternalLogger.java:log(150)) - [id: 0x20c56452, L:/0.0.0.0:38626] READ: [id: 0x2518673a, L:/192.168.164.227:38626 - R:/192.168.164.227:58862]
2019-09-26 13:30:46,833 INFO  logging.LoggingHandler (AbstractInternalLogger.java:log(150)) - [id: 0x51301cc5, L:0.0.0.0/0.0.0.0:35127] READ COMPLETE
2019-09-26 13:30:46,834 INFO  logging.LoggingHandler (AbstractInternalLogger.java:log(150)) - [id: 0x20c56452, L:/0.0.0.0:38626] READ COMPLETE
2019-09-26 13:30:46,833 INFO  logging.LoggingHandler (AbstractInternalLogger.java:log(150)) - [id: 0x71970195, L:/0.0.0.0:43773] READ COMPLETE
2019-09-26 13:30:46,834 INFO  logging.LoggingHandler (AbstractInternalLogger.java:log(150)) - [id: 0x20c56452, L:/0.0.0.0:38626] READ: [id: 0x6768a996, L:/192.168.164.227:38626 - R:/192.168.164.227:58866]
2019-09-26 13:30:46,834 INFO  logging.LoggingHandler (AbstractInternalLogger.java:log(150)) - [id: 0x71970195, L:/0.0.0.0:43773] READ: [id: 0x13c40171, L:/192.168.164.227:43773 - R:/192.168.164.227:37814]
2019-09-26 13:30:46,834 INFO  logging.LoggingHandler (AbstractInternalLogger.java:log(150)) - [id: 0x20c56452, L:/0.0.0.0:38626] READ COMPLETE
2019-09-26 13:30:46,834 INFO  logging.LoggingHandler (AbstractInternalLogger.java:log(150)) - [id: 0x71970195, L:/0.0.0.0:43773] READ COMPLETE
2019-09-26 13:30:46,835 INFO  logging.LoggingHandler (AbstractInternalLogger.java:log(150)) - [id: 0x20c56452, L:/0.0.0.0:38626] READ: [id: 0xb56c6d4a, L:/192.168.164.227:38626 - R:/192.168.164.227:58868]
2019-09-26 13:30:46,835 INFO  logging.LoggingHandler (AbstractInternalLogger.java:log(150)) - [id: 0x51301cc5, L:0.0.0.0/0.0.0.0:35127] READ: [id: 0xec4cef88, L:/192.168.164.227:35127 - R:/192.168.164.227:49560]
2019-09-26 13:30:46,835 INFO  logging.LoggingHandler (AbstractInternalLogger.java:log(150)) - [id: 0x20c56452, L:/0.0.0.0:38626] READ COMPLETE
2019-09-26 13:30:46,835 INFO  logging.LoggingHandler (AbstractInternalLogger.java:log(150)) - [id: 0x71970195, L:/0.0.0.0:43773] READ: [id: 0xf0e3fd54, L:/192.168.164.227:43773 - R:/192.168.164.227:37816]
2019-09-26 13:30:46,835 INFO  logging.LoggingHandler (AbstractInternalLogger.java:log(150)) - [id: 0x20c56452, L:/0.0.0.0:38626] READ: [id: 0x4e8558e5, L:/192.168.164.227:38626 - R:/192.168.164.227:58870]
2019-09-26 13:30:46,835 INFO  logging.LoggingHandler (AbstractInternalLogger.java:log(150)) - [id: 0x51301cc5, L:0.0.0.0/0.0.0.0:35127] READ COMPLETE
2019-09-26 13:30:46,835 INFO  logging.LoggingHandler (AbstractInternalLogger.java:log(150)) - [id: 0x20c56452, L:/0.0.0.0:38626] READ COMPLETE
2019-09-26 13:30:46,835 INFO  logging.LoggingHandler (AbstractInternalLogger.java:log(150)) - [id: 0x71970195, L:/0.0.0.0:43773] READ COMPLETE
2019-09-26 13:30:46,836 INFO  logging.LoggingHandler (AbstractInternalLogger.java:log(150)) - [id: 0x20c56452, L:/0.0.0.0:38626] READ: [id: 0x0687f0bb, L:/192.168.164.227:38626 - R:/192.168.164.227:58878]
2019-09-26 13:30:46,836 INFO  logging.LoggingHandler (AbstractInternalLogger.java:log(150)) - [id: 0x51301cc5, L:0.0.0.0/0.0.0.0:35127] READ: [id: 0xa55b4833, L:/192.168.164.227:35127 - R:/192.168.164.227:49562]
2019-09-26 13:30:46,836 INFO  logging.LoggingHandler (AbstractInternalLogger.java:log(150)) - [id: 0x20c56452, L:/0.0.0.0:38626] READ COMPLETE
2019-09-26 13:30:46,836 INFO  logging.LoggingHandler (AbstractInternalLogger.java:log(150)) - [id: 0x71970195, L:/0.0.0.0:43773] READ: [id: 0x681824cb, L:/192.168.164.227:43773 - R:/192.168.164.227:37818]
2019-09-26 13:30:46,836 INFO  logging.LoggingHandler (AbstractInternalLogger.java:log(150)) - [id: 0x20c56452, L:/0.0.0.0:38626] READ: [id: 0xacd57802, L:/192.168.164.227:38626 - R:/192.168.164.227:58880]
2019-09-26 13:30:46,836 INFO  logging.LoggingHandler (AbstractInternalLogger.java:log(150)) - [id: 0x51301cc5, L:0.0.0.0/0.0.0.0:35127] READ COMPLETE
2019-09-26 13:30:46,836 INFO  logging.LoggingHandler (AbstractInternalLogger.java:log(150)) - [id: 0x20c56452, L:/0.0.0.0:38626] READ COMPLETE
2019-09-26 13:30:46,836 INFO  logging.LoggingHandler (AbstractInternalLogger.java:log(150)) - [id: 0x71970195, L:/0.0.0.0:43773] READ COMPLETE
2019-09-26 13:30:46,837 INFO  logging.LoggingHandler (AbstractInternalLogger.java:log(150)) - [id: 0x51301cc5, L:0.0.0.0/0.0.0.0:35127] READ: [id: 0xfc2caa5b, L:/192.168.164.227:35127 - R:/192.168.164.227:49574]
2019-09-26 13:30:46,837 INFO  logging.LoggingHandler (AbstractInternalLogger.java:log(150)) - [id: 0x20c56452, L:/0.0.0.0:38626] READ: [id: 0x5ff8f972, L:/192.168.164.227:38626 - R:/192.168.164.227:58886]
2019-09-26 13:30:46,837 INFO  logging.LoggingHandler (AbstractInternalLogger.java:log(150)) - [id: 0x51301cc5, L:0.0.0.0/0.0.0.0:35127] READ COMPLETE
2019-09-26 13:30:46,837 INFO  logging.LoggingHandler (AbstractInternalLogger.java:log(150)) - [id: 0x71970195, L:/0.0.0.0:43773] READ: [id: 0x89661757, L:/192.168.164.227:43773 - R:/192.168.164.227:37822]
2019-09-26 13:30:46,837 INFO  logging.LoggingHandler (AbstractInternalLogger.java:log(150)) - [id: 0x20c56452, L:/0.0.0.0:38626] READ COMPLETE
2019-09-26 13:30:46,837 INFO  logging.LoggingHandler (AbstractInternalLogger.java:log(150)) - [id: 0x71970195, L:/0.0.0.0:43773] READ COMPLETE
2019-09-26 13:30:46,837 INFO  logging.LoggingHandler (AbstractInternalLogger.java:log(150)) - [id: 0x20c56452, L:/0.0.0.0:38626] READ: [id: 0xe54447ba, L:/192.168.164.227:38626 - R:/192.168.164.227:58888]
2019-09-26 13:30:46,837 INFO  logging.LoggingHandler (AbstractInternalLogger.java:log(150)) - [id: 0x71970195, L:/0.0.0.0:43773] READ: [id: 0x48735158, L:/192.168.164.227:43773 - R:/192.168.164.227:37824]
2019-09-26 13:30:46,838 INFO  logging.LoggingHandler (AbstractInternalLogger.java:log(150)) - [id: 0x20c56452, L:/0.0.0.0:38626] READ COMPLETE
2019-09-26 13:30:46,838 INFO  logging.LoggingHandler (AbstractInternalLogger.java:log(150)) - [id: 0x71970195, L:/0.0.0.0:43773] READ COMPLETE
2019-09-26 13:30:46,838 INFO  logging.LoggingHandler (AbstractInternalLogger.java:log(150)) - [id: 0x20c56452, L:/0.0.0.0:38626] READ: [id: 0x14a5993c, L:/192.168.164.227:38626 - R:/192.168.164.227:58894]
2019-09-26 13:30:46,838 INFO  logging.LoggingHandler (AbstractInternalLogger.java:log(150)) - [id: 0x51301cc5, L:0.0.0.0/0.0.0.0:35127] READ: [id: 0x29bd9ac3, L:/192.168.164.227:35127 - R:/192.168.164.227:49586]
2019-09-26 13:30:46,838 INFO  logging.LoggingHandler (AbstractInternalLogger.java:log(150)) - [id: 0x71970195, L:/0.0.0.0:43773] READ: [id: 0x6f034bb1, L:/192.168.164.227:43773 - R:/192.168.164.227:37834]
2019-09-26 13:30:46,838 INFO  logging.LoggingHandler (AbstractInternalLogger.java:log(150)) - [id: 0x51301cc5, L:0.0.0.0/0.0.0.0:35127] READ COMPLETE
2019-09-26 13:30:46,838 INFO  logging.LoggingHandler (AbstractInternalLogger.java:log(150)) - [id: 0x20c56452, L:/0.0.0.0:38626] READ COMPLETE
2019-09-26 13:30:46,839 INFO  logging.LoggingHandler (AbstractInternalLogger.java:log(150)) - [id: 0x51301cc5, L:0.0.0.0/0.0.0.0:35127] READ: [id: 0xdec4ff3f, L:/192.168.164.227:35127 - R:/192.168.164.227:49588]
2019-09-26 13:30:46,838 INFO  logging.LoggingHandler (AbstractInternalLogger.java:log(150)) - [id: 0x71970195, L:/0.0.0.0:43773] READ COMPLETE
2019-09-26 13:30:46,839 INFO  logging.LoggingHandler (AbstractInternalLogger.java:log(150)) - [id: 0x51301cc5, L:0.0.0.0/0.0.0.0:35127] READ COMPLETE
2019-09-26 13:30:46,839 INFO  logging.LoggingHandler (AbstractInternalLogger.java:log(150)) - [id: 0x20c56452, L:/0.0.0.0:38626] READ: [id: 0xce270ef3, L:/192.168.164.227:38626 - R:/192.168.164.227:58898]
2019-09-26 13:30:46,839 INFO  logging.LoggingHandler (AbstractInternalLogger.java:log(150)) - [id: 0x51301cc5, L:0.0.0.0/0.0.0.0:35127] READ: [id: 0x9e6f61ce, L:/192.168.164.227:35127 - R:/192.168.164.227:49592]
2019-09-26 13:30:46,839 INFO  logging.LoggingHandler (AbstractInternalLogger.java:log(150)) - [id: 0x71970195, L:/0.0.0.0:43773] READ: [id: 0x442542ef, L:/192.168.164.227:43773 - R:/192.168.164.227:37840]
2019-09-26 13:30:46,839 INFO  logging.LoggingHandler (AbstractInternalLogger.java:log(150)) - [id: 0x51301cc5, L:0.0.0.0/0.0.0.0:35127] READ COMPLETE
2019-09-26 13:30:46,839 INFO  logging.LoggingHandler (AbstractInternalLogger.java:log(150)) - [id: 0x20c56452, L:/0.0.0.0:38626] READ COMPLETE
2019-09-26 13:30:46,840 INFO  logging.LoggingHandler (AbstractInternalLogger.java:log(150)) - [id: 0x51301cc5, L:0.0.0.0/0.0.0.0:35127] READ: [id: 0x7a355b98, L:/192.168.164.227:35127 - R:/192.168.164.227:49596]
2019-09-26 13:30:46,839 INFO  logging.LoggingHandler (AbstractInternalLogger.java:log(150)) - [id: 0x71970195, L:/0.0.0.0:43773] READ COMPLETE
2019-09-26 13:30:46,840 INFO  logging.LoggingHandler (AbstractInternalLogger.java:log(150)) - [id: 0x51301cc5, L:0.0.0.0/0.0.0.0:35127] READ COMPLETE
2019-09-26 13:30:46,840 INFO  logging.LoggingHandler (AbstractInternalLogger.java:log(150)) - [id: 0x20c56452, L:/0.0.0.0:38626] READ: [id: 0xe22a0878, L:/192.168.164.227:38626 - R:/192.168.164.227:58906]
2019-09-26 13:30:46,840 INFO  logging.LoggingHandler (AbstractInternalLogger.java:log(150)) - [id: 0x51301cc5, L:0.0.0.0/0.0.0.0:35127] READ: [id: 0xb12174df, L:/192.168.164.227:35127 - R:/192.168.164.227:49600]
2019-09-26 13:30:46,840 INFO  logging.LoggingHandler (AbstractInternalLogger.java:log(150)) - [id: 0x71970195, L:/0.0.0.0:43773] READ: [id: 0x6c5aa55a, L:/192.168.164.227:43773 - R:/192.168.164.227:37848]
2019-09-26 13:30:46,840 INFO  logging.LoggingHandler (AbstractInternalLogger.java:log(150)) - [id: 0x51301cc5, L:0.0.0.0/0.0.0.0:35127] READ COMPLETE
2019-09-26 13:30:46,840 INFO  logging.LoggingHandler (AbstractInternalLogger.java:log(150)) - [id: 0x20c56452, L:/0.0.0.0:38626] READ COMPLETE
2019-09-26 13:30:46,841 INFO  logging.LoggingHandler (AbstractInternalLogger.java:log(150)) - [id: 0x71970195, L:/0.0.0.0:43773] READ COMPLETE
2019-09-26 13:30:46,841 INFO  logging.LoggingHandler (AbstractInternalLogger.java:log(150)) - [id: 0x20c56452, L:/0.0.0.0:38626] READ: [id: 0xc0c9d015, L:/192.168.164.227:38626 - R:/192.168.164.227:58910]
2019-09-26 13:30:46,841 INFO  logging.LoggingHandler (AbstractInternalLogger.java:log(150)) - [id: 0x71970195, L:/0.0.0.0:43773] READ: [id: 0x51fe6924, L:/192.168.164.227:43773 - R:/192.168.164.227:37850]
2019-09-26 13:30:46,841 INFO  logging.LoggingHandler (AbstractInternalLogger.java:log(150)) - [id: 0x20c56452, L:/0.0.0.0:38626] READ COMPLETE
2019-09-26 13:30:46,841 INFO  logging.LoggingHandler (AbstractInternalLogger.java:log(150)) - [id: 0x71970195, L:/0.0.0.0:43773] READ COMPLETE
2019-09-26 13:30:46,841 INFO  logging.LoggingHandler (AbstractInternalLogger.java:log(150)) - [id: 0x20c56452, L:/0.0.0.0:38626] READ: [id: 0x8a934984, L:/192.168.164.227:38626 - R:/192.168.164.227:58912]
2019-09-26 13:30:46,842 INFO  logging.LoggingHandler (AbstractInternalLogger.java:log(150)) - [id: 0x71970195, L:/0.0.0.0:43773] READ: [id: 0xf1580e10, L:/192.168.164.227:43773 - R:/192.168.164.227:37852]
2019-09-26 13:30:46,842 INFO  logging.LoggingHandler (AbstractInternalLogger.java:log(150)) - [id: 0x20c56452, L:/0.0.0.0:38626] READ COMPLETE
2019-09-26 13:30:46,842 INFO  logging.LoggingHandler (AbstractInternalLogger.java:log(150)) - [id: 0x51301cc5, L:0.0.0.0/0.0.0.0:35127] READ: [id: 0x0a101fc2, L:/192.168.164.227:35127 - R:/192.168.164.227:49610]
2019-09-26 13:30:46,842 INFO  logging.LoggingHandler (AbstractInternalLogger.java:log(150)) - [id: 0x20c56452, L:/0.0.0.0:38626] READ: [id: 0x5c12717a, L:/192.168.164.227:38626 - R:/192.168.164.227:58922]
2019-09-26 13:30:46,842 INFO  logging.LoggingHandler (AbstractInternalLogger.java:log(150)) - [id: 0x71970195, L:/0.0.0.0:43773] READ COMPLETE
2019-09-26 13:30:46,842 INFO  logging.LoggingHandler (AbstractInternalLogger.java:log(150)) - [id: 0x20c56452, L:/0.0.0.0:38626] READ COMPLETE
2019-09-26 13:30:46,842 INFO  logging.LoggingHandler (AbstractInternalLogger.java:log(150)) - [id: 0x51301cc5, L:0.0.0.0/0.0.0.0:35127] READ COMPLETE
2019-09-26 13:30:46,842 INFO  logging.LoggingHandler (AbstractInternalLogger.java:log(150)) - [id: 0x20c56452, L:/0.0.0.0:38626] READ: [id: 0x94ef70f4, L:/192.168.164.227:38626 - R:/192.168.164.227:58928]
2019-09-26 13:30:46,842 INFO  logging.LoggingHandler (AbstractInternalLogger.java:log(150)) - [id: 0x71970195, L:/0.0.0.0:43773] READ: [id: 0x54f642a6, L:/192.168.164.227:43773 - R:/192.168.164.227:37862]
2019-09-26 13:30:46,843 INFO  logging.LoggingHandler (AbstractInternalLogger.java:log(150)) - [id: 0x20c56452, L:/0.0.0.0:38626] READ COMPLETE
2019-09-26 13:30:46,843 INFO  logging.LoggingHandler (AbstractInternalLogger.java:log(150)) - [id: 0x51301cc5, L:0.0.0.0/0.0.0.0:35127] READ: [id: 0xc6770004, L:/192.168.164.227:35127 - R:/192.168.164.227:49616]
2019-09-26 13:30:46,843 INFO  logging.LoggingHandler (AbstractInternalLogger.java:log(150)) - [id: 0x20c56452, L:/0.0.0.0:38626] READ: [id: 0x45f62c47, L:/192.168.164.227:38626 - R:/192.168.164.227:58934]
2019-09-26 13:30:46,843 INFO  logging.LoggingHandler (AbstractInternalLogger.java:log(150)) - [id: 0x71970195, L:/0.0.0.0:43773] READ COMPLETE
2019-09-26 13:30:46,843 INFO  logging.LoggingHandler (AbstractInternalLogger.java:log(150)) - [id: 0x20c56452, L:/0.0.0.0:38626] READ COMPLETE
2019-09-26 13:30:46,843 INFO  logging.LoggingHandler (AbstractInternalLogger.java:log(150)) - [id: 0x51301cc5, L:0.0.0.0/0.0.0.0:35127] READ COMPLETE
2019-09-26 13:30:46,843 INFO  logging.LoggingHandler (AbstractInternalLogger.java:log(150)) - [id: 0x20c56452, L:/0.0.0.0:38626] READ: [id: 0xc3fe094e, L:/192.168.164.227:38626 - R:/192.168.164.227:58938]
2019-09-26 13:30:46,843 INFO  logging.LoggingHandler (AbstractInternalLogger.java:log(150)) - [id: 0x71970195, L:/0.0.0.0:43773] READ: [id: 0x0b82f5ca, L:/192.168.164.227:43773 - R:/192.168.164.227:37870]
2019-09-26 13:30:46,844 INFO  logging.LoggingHandler (AbstractInternalLogger.java:log(150)) - [id: 0x20c56452, L:/0.0.0.0:38626] READ COMPLETE
2019-09-26 13:30:46,844 INFO  logging.LoggingHandler (AbstractInternalLogger.java:log(150)) - [id: 0x51301cc5, L:0.0.0.0/0.0.0.0:35127] READ: [id: 0x06219129, L:/192.168.164.227:35127 - R:/192.168.164.227:49626]
2019-09-26 13:30:46,844 INFO  logging.LoggingHandler (AbstractInternalLogger.java:log(150)) - [id: 0x20c56452, L:/0.0.0.0:38626] READ: [id: 0x9626de59, L:/192.168.164.227:38626 - R:/192.168.164.227:58940]
2019-09-26 13:30:46,844 INFO  logging.LoggingHandler (AbstractInternalLogger.java:log(150)) - [id: 0x71970195, L:/0.0.0.0:43773] READ COMPLETE
2019-09-26 13:30:46,844 INFO  logging.LoggingHandler (AbstractInternalLogger.java:log(150)) - [id: 0x20c56452, L:/0.0.0.0:38626] READ COMPLETE
2019-09-26 13:30:46,844 INFO  logging.LoggingHandler (AbstractInternalLogger.java:log(150)) - [id: 0x51301cc5, L:0.0.0.0/0.0.0.0:35127] READ COMPLETE
2019-09-26 13:30:46,844 INFO  logging.LoggingHandler (AbstractInternalLogger.java:log(150)) - [id: 0x20c56452, L:/0.0.0.0:38626] READ: [id: 0xc4643b55, L:/192.168.164.227:38626 - R:/192.168.164.227:58946]
2019-09-26 13:30:46,844 INFO  logging.LoggingHandler (AbstractInternalLogger.java:log(150)) - [id: 0x71970195, L:/0.0.0.0:43773] READ: [id: 0x6cba4beb, L:/192.168.164.227:43773 - R:/192.168.164.227:37880]
2019-09-26 13:30:46,845 INFO  logging.LoggingHandler (AbstractInternalLogger.java:log(150)) - [id: 0x20c56452, L:/0.0.0.0:38626] READ COMPLETE
2019-09-26 13:30:46,845 INFO  logging.LoggingHandler (AbstractInternalLogger.java:log(150)) - [id: 0x51301cc5, L:0.0.0.0/0.0.0.0:35127] READ: [id: 0xb3a96110, L:/192.168.164.227:35127 - R:/192.168.164.227:49632]
2019-09-26 13:30:46,845 INFO  logging.LoggingHandler (AbstractInternalLogger.java:log(150)) - [id: 0x20c56452, L:/0.0.0.0:38626] READ: [id: 0x95fcc944, L:/192.168.164.227:38626 - R:/192.168.164.227:58948]
2019-09-26 13:30:46,845 INFO  logging.LoggingHandler (AbstractInternalLogger.java:log(150)) - [id: 0x71970195, L:/0.0.0.0:43773] READ COMPLETE
2019-09-26 13:30:46,845 INFO  logging.LoggingHandler (AbstractInternalLogger.java:log(150)) - [id: 0x20c56452, L:/0.0.0.0:38626] READ COMPLETE
2019-09-26 13:30:46,845 INFO  logging.LoggingHandler (AbstractInternalLogger.java:log(150)) - [id: 0x51301cc5, L:0.0.0.0/0.0.0.0:35127] READ COMPLETE
2019-09-26 13:30:46,845 INFO  logging.LoggingHandler (AbstractInternalLogger.java:log(150)) - [id: 0x71970195, L:/0.0.0.0:43773] READ: [id: 0x366b7221, L:/192.168.164.227:43773 - R:/192.168.164.227:37882]
2019-09-26 13:30:46,845 INFO  logging.LoggingHandler (AbstractInternalLogger.java:log(150)) - [id: 0x20c56452, L:/0.0.0.0:38626] READ: [id: 0x77fc7f9a, L:/192.168.164.227:38626 - R:/192.168.164.227:58960]
2019-09-26 13:30:46,846 INFO  logging.LoggingHandler (AbstractInternalLogger.java:log(150)) - [id: 0x71970195, L:/0.0.0.0:43773] READ COMPLETE
2019-09-26 13:30:46,846 INFO  logging.LoggingHandler (AbstractInternalLogger.java:log(150)) - [id: 0x20c56452, L:/0.0.0.0:38626] READ COMPLETE
2019-09-26 13:30:46,846 INFO  logging.LoggingHandler (AbstractInternalLogger.java:log(150)) - [id: 0x71970195, L:/0.0.0.0:43773] READ: [id: 0x338f72d4, L:/192.168.164.227:43773 - R:/192.168.164.227:37888]
2019-09-26 13:30:46,846 INFO  logging.LoggingHandler (AbstractInternalLogger.java:log(150)) - [id: 0x20c56452, L:/0.0.0.0:38626] READ: [id: 0xb5ffaf6a, L:/192.168.164.227:38626 - R:/192.168.164.227:58968]
2019-09-26 13:30:46,846 INFO  logging.LoggingHandler (AbstractInternalLogger.java:log(150)) - [id: 0x51301cc5, L:0.0.0.0/0.0.0.0:35127] READ: [id: 0x8db31e3e, L:/192.168.164.227:35127 - R:/192.168.164.227:49648]
2019-09-26 13:30:46,846 INFO  logging.LoggingHandler (AbstractInternalLogger.java:log(150)) - [id: 0x20c56452, L:/0.0.0.0:38626] READ COMPLETE
2019-09-26 13:30:46,846 INFO  logging.LoggingHandler (AbstractInternalLogger.java:log(150)) - [id: 0x71970195, L:/0.0.0.0:43773] READ COMPLETE
2019-09-26 13:30:46,847 INFO  logging.LoggingHandler (AbstractInternalLogger.java:log(150)) - [id: 0x20c56452, L:/0.0.0.0:38626] READ: [id: 0x5d80964d, L:/192.168.164.227:38626 - R:/192.168.164.227:58974]
2019-09-26 13:30:46,847 INFO  logging.LoggingHandler (AbstractInternalLogger.java:log(150)) - [id: 0x20c56452, L:/0.0.0.0:38626] READ COMPLETE
2019-09-26 13:30:46,846 INFO  logging.LoggingHandler (AbstractInternalLogger.java:log(150)) - [id: 0x51301cc5, L:0.0.0.0/0.0.0.0:35127] READ COMPLETE
2019-09-26 13:30:46,847 INFO  logging.LoggingHandler (AbstractInternalLogger.java:log(150)) - [id: 0x20c56452, L:/0.0.0.0:38626] READ: [id: 0xdd55644e, L:/192.168.164.227:38626 - R:/192.168.164.227:58976]
2019-09-26 13:30:46,847 INFO  logging.LoggingHandler (AbstractInternalLogger.java:log(150)) - [id: 0x71970195, L:/0.0.0.0:43773] READ: [id: 0x5b41be40, L:/192.168.164.227:43773 - R:/192.168.164.227:37892]
2019-09-26 13:30:46,847 INFO  logging.LoggingHandler (AbstractInternalLogger.java:log(150)) - [id: 0x20c56452, L:/0.0.0.0:38626] READ COMPLETE
2019-09-26 13:30:46,847 INFO  logging.LoggingHandler (AbstractInternalLogger.java:log(150)) - [id: 0x51301cc5, L:0.0.0.0/0.0.0.0:35127] READ: [id: 0x882f1bdc, L:/192.168.164.227:35127 - R:/192.168.164.227:49650]
2019-09-26 13:30:46,848 INFO  logging.LoggingHandler (AbstractInternalLogger.java:log(150)) - [id: 0x20c56452, L:/0.0.0.0:38626] READ: [id: 0xc54e94a0, L:/192.168.164.227:38626 - R:/192.168.164.227:58978]
2019-09-26 13:30:46,847 INFO  logging.LoggingHandler (AbstractInternalLogger.java:log(150)) - [id: 0x71970195, L:/0.0.0.0:43773] READ COMPLETE
2019-09-26 13:30:46,848 INFO  logging.LoggingHandler (AbstractInternalLogger.java:log(150)) - [id: 0x20c56452, L:/0.0.0.0:38626] READ COMPLETE
2019-09-26 13:30:46,848 INFO  logging.LoggingHandler (AbstractInternalLogger.java:log(150)) - [id: 0x51301cc5, L:0.0.0.0/0.0.0.0:35127] READ COMPLETE
2019-09-26 13:30:46,848 INFO  logging.LoggingHandler (AbstractInternalLogger.java:log(150)) - [id: 0x20c56452, L:/0.0.0.0:38626] READ: [id: 0x1fe3a0bc, L:/192.168.164.227:38626 - R:/192.168.164.227:58988]
2019-09-26 13:30:46,848 INFO  logging.LoggingHandler (AbstractInternalLogger.java:log(150)) - [id: 0x71970195, L:/0.0.0.0:43773] READ: [id: 0x2c25aead, L:/192.168.164.227:43773 - R:/192.168.164.227:37898]
2019-09-26 13:30:46,848 INFO  logging.LoggingHandler (AbstractInternalLogger.java:log(150)) - [id: 0x71970195, L:/0.0.0.0:43773] READ COMPLETE
2019-09-26 13:30:46,848 INFO  logging.LoggingHandler (AbstractInternalLogger.java:log(150)) - [id: 0x51301cc5, L:0.0.0.0/0.0.0.0:35127] READ: [id: 0x20f91b06, L:/192.168.164.227:35127 - R:/192.168.164.227:49652]
2019-09-26 13:30:46,848 INFO  logging.LoggingHandler (AbstractInternalLogger.java:log(150)) - [id: 0x20c56452, L:/0.0.0.0:38626] READ COMPLETE
2019-09-26 13:30:46,849 INFO  logging.LoggingHandler (AbstractInternalLogger.java:log(150)) - [id: 0x51301cc5, L:0.0.0.0/0.0.0.0:35127] READ COMPLETE
2019-09-26 13:30:46,849 INFO  logging.LoggingHandler (AbstractInternalLogger.java:log(150)) - [id: 0x71970195, L:/0.0.0.0:43773] READ: [id: 0xfc44a8ff, L:/192.168.164.227:43773 - R:/192.168.164.227:37902]
2019-09-26 13:30:46,849 INFO  logging.LoggingHandler (AbstractInternalLogger.java:log(150)) - [id: 0x51301cc5, L:0.0.0.0/0.0.0.0:35127] READ: [id: 0x3f6374b1, L:/192.168.164.227:35127 - R:/192.168.164.227:49658]
2019-09-26 13:30:46,849 INFO  logging.LoggingHandler (AbstractInternalLogger.java:log(150)) - [id: 0x20c56452, L:/0.0.0.0:38626] READ: [id: 0x3e2bac7d, L:/192.168.164.227:38626 - R:/192.168.164.227:58992]
2019-09-26 13:30:46,849 INFO  logging.LoggingHandler (AbstractInternalLogger.java:log(150)) - [id: 0x71970195, L:/0.0.0.0:43773] READ COMPLETE
2019-09-26 13:30:46,849 INFO  logging.LoggingHandler (AbstractInternalLogger.java:log(150)) - [id: 0x51301cc5, L:0.0.0.0/0.0.0.0:35127] READ COMPLETE
2019-09-26 13:30:46,850 INFO  logging.LoggingHandler (AbstractInternalLogger.java:log(150)) - [id: 0x71970195, L:/0.0.0.0:43773] READ: [id: 0xeb10dcc8, L:/192.168.164.227:43773 - R:/192.168.164.227:37908]
2019-09-26 13:30:46,850 INFO  logging.LoggingHandler (AbstractInternalLogger.java:log(150)) - [id: 0x20c56452, L:/0.0.0.0:38626] READ COMPLETE
2019-09-26 13:30:46,850 INFO  logging.LoggingHandler (AbstractInternalLogger.java:log(150)) - [id: 0x71970195, L:/0.0.0.0:43773] READ COMPLETE
2019-09-26 13:30:46,850 INFO  logging.LoggingHandler (AbstractInternalLogger.java:log(150)) - [id: 0x51301cc5, L:0.0.0.0/0.0.0.0:35127] READ: [id: 0xf506a1e3, L:/192.168.164.227:35127 - R:/192.168.164.227:49660]
2019-09-26 13:30:46,851 INFO  logging.LoggingHandler (AbstractInternalLogger.java:log(150)) - [id: 0x71970195, L:/0.0.0.0:43773] READ: [id: 0x1810dd5b, L:/192.168.164.227:43773 - R:/192.168.164.227:37910]
2019-09-26 13:30:46,850 INFO  logging.LoggingHandler (AbstractInternalLogger.java:log(150)) - [id: 0x20c56452, L:/0.0.0.0:38626] READ: [id: 0xf6a3fabf, L:/192.168.164.227:38626 - R:/192.168.164.227:58998]
2019-09-26 13:30:46,851 INFO  logging.LoggingHandler (AbstractInternalLogger.java:log(150)) - [id: 0x71970195, L:/0.0.0.0:43773] READ COMPLETE
2019-09-26 13:30:46,851 INFO  logging.LoggingHandler (AbstractInternalLogger.java:log(150)) - [id: 0x51301cc5, L:0.0.0.0/0.0.0.0:35127] READ COMPLETE
2019-09-26 13:30:46,851 INFO  logging.LoggingHandler (AbstractInternalLogger.java:log(150)) - [id: 0x71970195, L:/0.0.0.0:43773] READ: [id: 0x63df4068, L:/192.168.164.227:43773 - R:/192.168.164.227:37924]
2019-09-26 13:30:46,851 INFO  logging.LoggingHandler (AbstractInternalLogger.java:log(150)) - [id: 0x20c56452, L:/0.0.0.0:38626] READ COMPLETE
2019-09-26 13:30:46,851 INFO  logging.LoggingHandler (AbstractInternalLogger.java:log(150)) - [id: 0x71970195, L:/0.0.0.0:43773] READ COMPLETE
2019-09-26 13:30:46,852 INFO  logging.LoggingHandler (AbstractInternalLogger.java:log(150)) - [id: 0x20c56452, L:/0.0.0.0:38626] READ: [id: 0xba3e3cc6, L:/192.168.164.227:38626 - R:/192.168.164.227:59006]
2019-09-26 13:30:46,851 INFO  logging.LoggingHandler (AbstractInternalLogger.java:log(150)) - [id: 0x51301cc5, L:0.0.0.0/0.0.0.0:35127] READ: [id: 0xa7f00cfb, L:/192.168.164.227:35127 - R:/192.168.164.227:49662]
2019-09-26 13:30:46,852 INFO  logging.LoggingHandler (AbstractInternalLogger.java:log(150)) - [id: 0x20c56452, L:/0.0.0.0:38626] READ COMPLETE
2019-09-26 13:30:46,852 INFO  logging.LoggingHandler (AbstractInternalLogger.java:log(150)) - [id: 0x71970195, L:/0.0.0.0:43773] READ: [id: 0x7dc2705d, L:/192.168.164.227:43773 - R:/192.168.164.227:37934]
2019-09-26 13:30:46,852 INFO  logging.LoggingHandler (AbstractInternalLogger.java:log(150)) - [id: 0x20c56452, L:/0.0.0.0:38626] READ: [id: 0xb8e1789a, L:/192.168.164.227:38626 - R:/192.168.164.227:59008]
2019-09-26 13:30:46,852 INFO  logging.LoggingHandler (AbstractInternalLogger.java:log(150)) - [id: 0x71970195, L:/0.0.0.0:43773] READ COMPLETE
2019-09-26 13:30:46,852 INFO  logging.LoggingHandler (AbstractInternalLogger.java:log(150)) - [id: 0x51301cc5, L:0.0.0.0/0.0.0.0:35127] READ COMPLETE
2019-09-26 13:30:46,853 INFO  logging.LoggingHandler (AbstractInternalLogger.java:log(150)) - [id: 0x71970195, L:/0.0.0.0:43773] READ: [id: 0xf4bd5703, L:/192.168.164.227:43773 - R:/192.168.164.227:37946]
2019-09-26 13:30:46,852 INFO  logging.LoggingHandler (AbstractInternalLogger.java:log(150)) - [id: 0x20c56452, L:/0.0.0.0:38626] READ COMPLETE
2019-09-26 13:30:46,853 INFO  logging.LoggingHandler (AbstractInternalLogger.java:log(150)) - [id: 0x71970195, L:/0.0.0.0:43773] READ COMPLETE
2019-09-26 13:30:46,853 INFO  logging.LoggingHandler (AbstractInternalLogger.java:log(150)) - [id: 0x51301cc5, L:0.0.0.0/0.0.0.0:35127] READ: [id: 0x503e37b3, L:/192.168.164.227:35127 - R:/192.168.164.227:49668]
2019-09-26 13:30:46,853 INFO  logging.LoggingHandler (AbstractInternalLogger.java:log(150)) - [id: 0x71970195, L:/0.0.0.0:43773] READ: [id: 0x6025ffe2, L:/192.168.164.227:43773 - R:/192.168.164.227:37948]
2019-09-26 13:30:46,853 INFO  logging.LoggingHandler (AbstractInternalLogger.java:log(150)) - [id: 0x20c56452, L:/0.0.0.0:38626] READ: [id: 0x0edf1e73, L:/192.168.164.227:38626 - R:/192.168.164.227:59014]
2019-09-26 13:30:46,853 INFO  logging.LoggingHandler (AbstractInternalLogger.java:log(150)) - [id: 0x71970195, L:/0.0.0.0:43773] READ COMPLETE
2019-09-26 13:30:46,853 INFO  logging.LoggingHandler (AbstractInternalLogger.java:log(150)) - [id: 0x51301cc5, L:0.0.0.0/0.0.0.0:35127] READ COMPLETE
2019-09-26 13:30:46,854 INFO  logging.LoggingHandler (AbstractInternalLogger.java:log(150)) - [id: 0x71970195, L:/0.0.0.0:43773] READ: [id: 0xe49d4585, L:/192.168.164.227:43773 - R:/192.168.164.227:37966]
2019-09-26 13:30:46,853 INFO  logging.LoggingHandler (AbstractInternalLogger.java:log(150)) - [id: 0x20c56452, L:/0.0.0.0:38626] READ COMPLETE
2019-09-26 13:30:46,854 INFO  logging.LoggingHandler (AbstractInternalLogger.java:log(150)) - [id: 0x71970195, L:/0.0.0.0:43773] READ COMPLETE
2019-09-26 13:30:46,854 INFO  logging.LoggingHandler (AbstractInternalLogger.java:log(150)) - [id: 0x51301cc5, L:0.0.0.0/0.0.0.0:35127] READ: [id: 0x557d0743, L:/192.168.164.227:35127 - R:/192.168.164.227:49670]
2019-09-26 13:30:46,854 INFO  logging.LoggingHandler (AbstractInternalLogger.java:log(150)) - [id: 0x71970195, L:/0.0.0.0:43773] READ: [id: 0x1b32c5e2, L:/192.168.164.227:43773 - R:/192.168.164.227:37970]
2019-09-26 13:30:46,854 INFO  logging.LoggingHandler (AbstractInternalLogger.java:log(150)) - [id: 0x20c56452, L:/0.0.0.0:38626] READ: [id: 0x9154dc5f, L:/192.168.164.227:38626 - R:/192.168.164.227:59016]
2019-09-26 13:30:46,854 INFO  logging.LoggingHandler (AbstractInternalLogger.java:log(150)) - [id: 0x71970195, L:/0.0.0.0:43773] READ COMPLETE
2019-09-26 13:30:46,854 INFO  logging.LoggingHandler (AbstractInternalLogger.java:log(150)) - [id: 0x51301cc5, L:0.0.0.0/0.0.0.0:35127] READ COMPLETE
2019-09-26 13:30:46,855 INFO  logging.LoggingHandler (AbstractInternalLogger.java:log(150)) - [id: 0x71970195, L:/0.0.0.0:43773] READ: [id: 0x86bebb2b, L:/192.168.164.227:43773 - R:/192.168.164.227:37974]
2019-09-26 13:30:46,855 INFO  logging.LoggingHandler (AbstractInternalLogger.java:log(150)) - [id: 0x20c56452, L:/0.0.0.0:38626] READ COMPLETE
2019-09-26 13:30:46,855 INFO  logging.LoggingHandler (AbstractInternalLogger.java:log(150)) - [id: 0x71970195, L:/0.0.0.0:43773] READ COMPLETE
2019-09-26 13:30:46,855 INFO  logging.LoggingHandler (AbstractInternalLogger.java:log(150)) - [id: 0x51301cc5, L:0.0.0.0/0.0.0.0:35127] READ: [id: 0x1eaf6e5d, L:/192.168.164.227:35127 - R:/192.168.164.227:49676]
2019-09-26 13:30:46,855 INFO  logging.LoggingHandler (AbstractInternalLogger.java:log(150)) - [id: 0x20c56452, L:/0.0.0.0:38626] READ: [id: 0xd13bb1c5, L:/192.168.164.227:38626 - R:/192.168.164.227:59024]
2019-09-26 13:30:46,855 INFO  logging.LoggingHandler (AbstractInternalLogger.java:log(150)) - [id: 0x51301cc5, L:0.0.0.0/0.0.0.0:35127] READ COMPLETE
2019-09-26 13:30:46,855 INFO  logging.LoggingHandler (AbstractInternalLogger.java:log(150)) - [id: 0x20c56452, L:/0.0.0.0:38626] READ COMPLETE
2019-09-26 13:30:46,856 INFO  logging.LoggingHandler (AbstractInternalLogger.java:log(150)) - [id: 0x51301cc5, L:0.0.0.0/0.0.0.0:35127] READ: [id: 0x610f0e65, L:/192.168.164.227:35127 - R:/192.168.164.227:49688]
2019-09-26 13:30:46,856 INFO  logging.LoggingHandler (AbstractInternalLogger.java:log(150)) - [id: 0x20c56452, L:/0.0.0.0:38626] READ: [id: 0x6776ba6b, L:/192.168.164.227:38626 - R:/192.168.164.227:59034]
2019-09-26 13:30:46,856 INFO  logging.LoggingHandler (AbstractInternalLogger.java:log(150)) - [id: 0x51301cc5, L:0.0.0.0/0.0.0.0:35127] READ COMPLETE
2019-09-26 13:30:46,856 INFO  logging.LoggingHandler (AbstractInternalLogger.java:log(150)) - [id: 0x71970195, L:/0.0.0.0:43773] READ: [id: 0x489a5ea5, L:/192.168.164.227:43773 - R:/192.168.164.227:37986]
2019-09-26 13:30:46,856 INFO  logging.LoggingHandler (AbstractInternalLogger.java:log(150)) - [id: 0x20c56452, L:/0.0.0.0:38626] READ COMPLETE
2019-09-26 13:30:46,856 INFO  logging.LoggingHandler (AbstractInternalLogger.java:log(150)) - [id: 0x71970195, L:/0.0.0.0:43773] READ COMPLETE
2019-09-26 13:30:46,856 INFO  logging.LoggingHandler (AbstractInternalLogger.java:log(150)) - [id: 0x51301cc5, L:0.0.0.0/0.0.0.0:35127] READ: [id: 0x193b9e0d, L:/192.168.164.227:35127 - R:/192.168.164.227:49692]
2019-09-26 13:30:46,857 INFO  logging.LoggingHandler (AbstractInternalLogger.java:log(150)) - [id: 0x20c56452, L:/0.0.0.0:38626] READ: [id: 0xf582cb7f, L:/192.168.164.227:38626 - R:/192.168.164.227:59042]
2019-09-26 13:30:46,857 INFO  logging.LoggingHandler (AbstractInternalLogger.java:log(150)) - [id: 0x51301cc5, L:0.0.0.0/0.0.0.0:35127] READ COMPLETE
2019-09-26 13:30:46,857 INFO  logging.LoggingHandler (AbstractInternalLogger.java:log(150)) - [id: 0x20c56452, L:/0.0.0.0:38626] READ COMPLETE
2019-09-26 13:30:46,857 INFO  logging.LoggingHandler (AbstractInternalLogger.java:log(150)) - [id: 0x51301cc5, L:0.0.0.0/0.0.0.0:35127] READ: [id: 0x1ae4aeb0, L:/192.168.164.227:35127 - R:/192.168.164.227:49696]
2019-09-26 13:30:46,857 INFO  logging.LoggingHandler (AbstractInternalLogger.java:log(150)) - [id: 0x20c56452, L:/0.0.0.0:38626] READ: [id: 0x9f157d90, L:/192.168.164.227:38626 - R:/192.168.164.227:59044]
2019-09-26 13:30:46,857 INFO  logging.LoggingHandler (AbstractInternalLogger.java:log(150)) - [id: 0x51301cc5, L:0.0.0.0/0.0.0.0:35127] READ COMPLETE
2019-09-26 13:30:46,857 INFO  logging.LoggingHandler (AbstractInternalLogger.java:log(150)) - [id: 0x20c56452, L:/0.0.0.0:38626] READ COMPLETE
2019-09-26 13:30:46,858 INFO  logging.LoggingHandler (AbstractInternalLogger.java:log(150)) - [id: 0x51301cc5, L:0.0.0.0/0.0.0.0:35127] READ: [id: 0x698b5190, L:/192.168.164.227:35127 - R:/192.168.164.227:49704]
2019-09-26 13:30:46,858 INFO  logging.LoggingHandler (AbstractInternalLogger.java:log(150)) - [id: 0x71970195, L:/0.0.0.0:43773] READ: [id: 0x9bf31656, L:/192.168.164.227:43773 - R:/192.168.164.227:37998]
2019-09-26 13:30:46,858 INFO  logging.LoggingHandler (AbstractInternalLogger.java:log(150)) - [id: 0x51301cc5, L:0.0.0.0/0.0.0.0:35127] READ COMPLETE
2019-09-26 13:30:46,858 INFO  logging.LoggingHandler (AbstractInternalLogger.java:log(150)) - [id: 0x20c56452, L:/0.0.0.0:38626] READ: [id: 0x9d3ac8c9, L:/192.168.164.227:38626 - R:/192.168.164.227:59052]
2019-09-26 13:30:46,858 INFO  logging.LoggingHandler (AbstractInternalLogger.java:log(150)) - [id: 0x51301cc5, L:0.0.0.0/0.0.0.0:35127] READ: [id: 0xa6a899fd, L:/192.168.164.227:35127 - R:/192.168.164.227:49714]
2019-09-26 13:30:46,858 INFO  logging.LoggingHandler (AbstractInternalLogger.java:log(150)) - [id: 0x71970195, L:/0.0.0.0:43773] READ COMPLETE
2019-09-26 13:30:46,858 INFO  logging.LoggingHandler (AbstractInternalLogger.java:log(150)) - [id: 0x51301cc5, L:0.0.0.0/0.0.0.0:35127] READ COMPLETE
2019-09-26 13:30:46,858 INFO  logging.LoggingHandler (AbstractInternalLogger.java:log(150)) - [id: 0x20c56452, L:/0.0.0.0:38626] READ COMPLETE
2019-09-26 13:30:46,859 INFO  logging.LoggingHandler (AbstractInternalLogger.java:log(150)) - [id: 0x51301cc5, L:0.0.0.0/0.0.0.0:35127] READ: [id: 0xae4d70ec, L:/192.168.164.227:35127 - R:/192.168.164.227:49720]
2019-09-26 13:30:46,859 INFO  logging.LoggingHandler (AbstractInternalLogger.java:log(150)) - [id: 0x71970195, L:/0.0.0.0:43773] READ: [id: 0xbf0c10b5, L:/192.168.164.227:43773 - R:/192.168.164.227:38002]
2019-09-26 13:30:46,859 INFO  logging.LoggingHandler (AbstractInternalLogger.java:log(150)) - [id: 0x51301cc5, L:0.0.0.0/0.0.0.0:35127] READ COMPLETE
2019-09-26 13:30:46,859 INFO  logging.LoggingHandler (AbstractInternalLogger.java:log(150)) - [id: 0x20c56452, L:/0.0.0.0:38626] READ: [id: 0x5dae0f4a, L:/192.168.164.227:38626 - R:/192.168.164.227:59054]
2019-09-26 13:30:46,859 INFO  logging.LoggingHandler (AbstractInternalLogger.java:log(150)) - [id: 0x51301cc5, L:0.0.0.0/0.0.0.0:35127] READ: [id: 0xb13b5f41, L:/192.168.164.227:35127 - R:/192.168.164.227:49724]
2019-09-26 13:30:46,859 INFO  logging.LoggingHandler (AbstractInternalLogger.java:log(150)) - [id: 0x71970195, L:/0.0.0.0:43773] READ COMPLETE
2019-09-26 13:30:46,860 INFO  logging.LoggingHandler (AbstractInternalLogger.java:log(150)) - [id: 0x51301cc5, L:0.0.0.0/0.0.0.0:35127] READ COMPLETE
2019-09-26 13:30:46,859 INFO  logging.LoggingHandler (AbstractInternalLogger.java:log(150)) - [id: 0x20c56452, L:/0.0.0.0:38626] READ COMPLETE
2019-09-26 13:30:46,860 INFO  logging.LoggingHandler (AbstractInternalLogger.java:log(150)) - [id: 0x51301cc5, L:0.0.0.0/0.0.0.0:35127] READ: [id: 0x1955f56b, L:/192.168.164.227:35127 - R:/192.168.164.227:49738]
2019-09-26 13:30:46,860 INFO  logging.LoggingHandler (AbstractInternalLogger.java:log(150)) - [id: 0x20c56452, L:/0.0.0.0:38626] READ: [id: 0x5d04cf87, L:/192.168.164.227:38626 - R:/192.168.164.227:59056]
2019-09-26 13:30:46,860 INFO  logging.LoggingHandler (AbstractInternalLogger.java:log(150)) - [id: 0x51301cc5, L:0.0.0.0/0.0.0.0:35127] READ COMPLETE
2019-09-26 13:30:46,860 INFO  logging.LoggingHandler (AbstractInternalLogger.java:log(150)) - [id: 0x20c56452, L:/0.0.0.0:38626] READ COMPLETE
2019-09-26 13:30:46,860 INFO  logging.LoggingHandler (AbstractInternalLogger.java:log(150)) - [id: 0x51301cc5, L:0.0.0.0/0.0.0.0:35127] READ: [id: 0xe92802e5, L:/192.168.164.227:35127 - R:/192.168.164.227:49740]
2019-09-26 13:30:46,861 INFO  logging.LoggingHandler (AbstractInternalLogger.java:log(150)) - [id: 0x20c56452, L:/0.0.0.0:38626] READ: [id: 0x9024e066, L:/192.168.164.227:38626 - R:/192.168.164.227:59060]
2019-09-26 13:30:46,861 INFO  logging.LoggingHandler (AbstractInternalLogger.java:log(150)) - [id: 0x51301cc5, L:0.0.0.0/0.0.0.0:35127] READ COMPLETE
2019-09-26 13:30:46,861 INFO  logging.LoggingHandler (AbstractInternalLogger.java:log(150)) - [id: 0x20c56452, L:/0.0.0.0:38626] READ COMPLETE
2019-09-26 13:30:46,861 INFO  logging.LoggingHandler (AbstractInternalLogger.java:log(150)) - [id: 0x51301cc5, L:0.0.0.0/0.0.0.0:35127] READ: [id: 0x32e57e2f, L:/192.168.164.227:35127 - R:/192.168.164.227:49748]
2019-09-26 13:30:46,861 INFO  logging.LoggingHandler (AbstractInternalLogger.java:log(150)) - [id: 0x20c56452, L:/0.0.0.0:38626] READ: [id: 0x7a3504e5, L:/192.168.164.227:38626 - R:/192.168.164.227:59064]
2019-09-26 13:30:46,861 INFO  logging.LoggingHandler (AbstractInternalLogger.java:log(150)) - [id: 0x51301cc5, L:0.0.0.0/0.0.0.0:35127] READ COMPLETE
2019-09-26 13:30:46,861 INFO  logging.LoggingHandler (AbstractInternalLogger.java:log(150)) - [id: 0x20c56452, L:/0.0.0.0:38626] READ COMPLETE
2019-09-26 13:30:46,862 INFO  logging.LoggingHandler (AbstractInternalLogger.java:log(150)) - [id: 0x71970195, L:/0.0.0.0:43773] READ: [id: 0x451151f6, L:/192.168.164.227:43773 - R:/192.168.164.227:38026]
2019-09-26 13:30:46,862 INFO  logging.LoggingHandler (AbstractInternalLogger.java:log(150)) - [id: 0x51301cc5, L:0.0.0.0/0.0.0.0:35127] READ: [id: 0x81644335, L:/192.168.164.227:35127 - R:/192.168.164.227:49754]
2019-09-26 13:30:46,862 INFO  logging.LoggingHandler (AbstractInternalLogger.java:log(150)) - [id: 0x71970195, L:/0.0.0.0:43773] READ COMPLETE
2019-09-26 13:30:46,862 INFO  logging.LoggingHandler (AbstractInternalLogger.java:log(150)) - [id: 0x20c56452, L:/0.0.0.0:38626] READ: [id: 0xfb481b95, L:/192.168.164.227:38626 - R:/192.168.164.227:59070]
2019-09-26 13:30:46,862 INFO  logging.LoggingHandler (AbstractInternalLogger.java:log(150)) - [id: 0x71970195, L:/0.0.0.0:43773] READ: [id: 0x7d56961f, L:/192.168.164.227:43773 - R:/192.168.164.227:38028]
2019-09-26 13:30:46,862 INFO  logging.LoggingHandler (AbstractInternalLogger.java:log(150)) - [id: 0x51301cc5, L:0.0.0.0/0.0.0.0:35127] READ COMPLETE
2019-09-26 13:30:46,862 INFO  logging.LoggingHandler (AbstractInternalLogger.java:log(150)) - [id: 0x71970195, L:/0.0.0.0:43773] READ COMPLETE
2019-09-26 13:30:46,862 INFO  logging.LoggingHandler (AbstractInternalLogger.java:log(150)) - [id: 0x20c56452, L:/0.0.0.0:38626] READ COMPLETE
2019-09-26 13:30:46,863 INFO  logging.LoggingHandler (AbstractInternalLogger.java:log(150)) - [id: 0x51301cc5, L:0.0.0.0/0.0.0.0:35127] READ: [id: 0x7c0ec9be, L:/192.168.164.227:35127 - R:/192.168.164.227:49764]
2019-09-26 13:30:46,863 INFO  logging.LoggingHandler (AbstractInternalLogger.java:log(150)) - [id: 0x51301cc5, L:0.0.0.0/0.0.0.0:35127] READ COMPLETE
2019-09-26 13:30:46,863 INFO  logging.LoggingHandler (AbstractInternalLogger.java:log(150)) - [id: 0x71970195, L:/0.0.0.0:43773] READ: [id: 0x74e3739c, L:/192.168.164.227:43773 - R:/192.168.164.227:38030]
2019-09-26 13:30:46,863 INFO  logging.LoggingHandler (AbstractInternalLogger.java:log(150)) - [id: 0x20c56452, L:/0.0.0.0:38626] READ: [id: 0x23974915, L:/192.168.164.227:38626 - R:/192.168.164.227:59078]
2019-09-26 13:30:46,863 INFO  logging.LoggingHandler (AbstractInternalLogger.java:log(150)) - [id: 0x71970195, L:/0.0.0.0:43773] READ COMPLETE
2019-09-26 13:30:46,864 INFO  logging.LoggingHandler (AbstractInternalLogger.java:log(150)) - [id: 0x20c56452, L:/0.0.0.0:38626] READ COMPLETE
2019-09-26 13:30:46,864 INFO  logging.LoggingHandler (AbstractInternalLogger.java:log(150)) - [id: 0x71970195, L:/0.0.0.0:43773] READ: [id: 0x76ee275a, L:/192.168.164.227:43773 - R:/192.168.164.227:38034]
2019-09-26 13:30:46,864 INFO  logging.LoggingHandler (AbstractInternalLogger.java:log(150)) - [id: 0x20c56452, L:/0.0.0.0:38626] READ: [id: 0x2e79e805, L:/192.168.164.227:38626 - R:/192.168.164.227:59080]
2019-09-26 13:30:46,864 INFO  logging.LoggingHandler (AbstractInternalLogger.java:log(150)) - [id: 0x51301cc5, L:0.0.0.0/0.0.0.0:35127] READ: [id: 0xec3349a6, L:/192.168.164.227:35127 - R:/192.168.164.227:49774]
2019-09-26 13:30:46,864 INFO  logging.LoggingHandler (AbstractInternalLogger.java:log(150)) - [id: 0x71970195, L:/0.0.0.0:43773] READ COMPLETE
2019-09-26 13:30:46,864 INFO  logging.LoggingHandler (AbstractInternalLogger.java:log(150)) - [id: 0x51301cc5, L:0.0.0.0/0.0.0.0:35127] READ COMPLETE
2019-09-26 13:30:46,864 INFO  logging.LoggingHandler (AbstractInternalLogger.java:log(150)) - [id: 0x20c56452, L:/0.0.0.0:38626] READ COMPLETE
2019-09-26 13:30:46,865 INFO  logging.LoggingHandler (AbstractInternalLogger.java:log(150)) - [id: 0x51301cc5, L:0.0.0.0/0.0.0.0:35127] READ: [id: 0x537c9edd, L:/192.168.164.227:35127 - R:/192.168.164.227:49776]
2019-09-26 13:30:46,865 INFO  logging.LoggingHandler (AbstractInternalLogger.java:log(150)) - [id: 0x71970195, L:/0.0.0.0:43773] READ: [id: 0x37d77aa1, L:/192.168.164.227:43773 - R:/192.168.164.227:38036]
2019-09-26 13:30:46,865 INFO  logging.LoggingHandler (AbstractInternalLogger.java:log(150)) - [id: 0x51301cc5, L:0.0.0.0/0.0.0.0:35127] READ COMPLETE
2019-09-26 13:30:46,865 INFO  logging.LoggingHandler (AbstractInternalLogger.java:log(150)) - [id: 0x20c56452, L:/0.0.0.0:38626] READ: [id: 0x41e5f4d4, L:/192.168.164.227:38626 - R:/192.168.164.227:59082]
2019-09-26 13:30:46,865 INFO  logging.LoggingHandler (AbstractInternalLogger.java:log(150)) - [id: 0x51301cc5, L:0.0.0.0/0.0.0.0:35127] READ: [id: 0xd1b643a3, L:/192.168.164.227:35127 - R:/192.168.164.227:49778]
2019-09-26 13:30:46,865 INFO  logging.LoggingHandler (AbstractInternalLogger.java:log(150)) - [id: 0x71970195, L:/0.0.0.0:43773] READ COMPLETE
2019-09-26 13:30:46,866 INFO  logging.LoggingHandler (AbstractInternalLogger.java:log(150)) - [id: 0x51301cc5, L:0.0.0.0/0.0.0.0:35127] READ COMPLETE
2019-09-26 13:30:46,865 INFO  logging.LoggingHandler (AbstractInternalLogger.java:log(150)) - [id: 0x20c56452, L:/0.0.0.0:38626] READ COMPLETE
2019-09-26 13:30:46,866 INFO  logging.LoggingHandler (AbstractInternalLogger.java:log(150)) - [id: 0x51301cc5, L:0.0.0.0/0.0.0.0:35127] READ: [id: 0x68b0488f, L:/192.168.164.227:35127 - R:/192.168.164.227:49780]
2019-09-26 13:30:46,866 INFO  logging.LoggingHandler (AbstractInternalLogger.java:log(150)) - [id: 0x71970195, L:/0.0.0.0:43773] READ: [id: 0x25675bc0, L:/192.168.164.227:43773 - R:/192.168.164.227:38040]
2019-09-26 13:30:46,866 INFO  logging.LoggingHandler (AbstractInternalLogger.java:log(150)) - [id: 0x20c56452, L:/0.0.0.0:38626] READ: [id: 0xcc2468ae, L:/192.168.164.227:38626 - R:/192.168.164.227:59086]
2019-09-26 13:30:46,866 INFO  logging.LoggingHandler (AbstractInternalLogger.java:log(150)) - [id: 0x51301cc5, L:0.0.0.0/0.0.0.0:35127] READ COMPLETE
2019-09-26 13:30:46,867 INFO  logging.LoggingHandler (AbstractInternalLogger.java:log(150)) - [id: 0x20c56452, L:/0.0.0.0:38626] READ COMPLETE
2019-09-26 13:30:46,866 INFO  logging.LoggingHandler (AbstractInternalLogger.java:log(150)) - [id: 0x71970195, L:/0.0.0.0:43773] READ COMPLETE
2019-09-26 13:30:46,867 INFO  logging.LoggingHandler (AbstractInternalLogger.java:log(150)) - [id: 0x20c56452, L:/0.0.0.0:38626] READ: [id: 0x610be1a8, L:/192.168.164.227:38626 - R:/192.168.164.227:59092]
2019-09-26 13:30:46,867 INFO  logging.LoggingHandler (AbstractInternalLogger.java:log(150)) - [id: 0x51301cc5, L:0.0.0.0/0.0.0.0:35127] READ: [id: 0xa26bbb48, L:/192.168.164.227:35127 - R:/192.168.164.227:49786]
2019-09-26 13:30:46,867 INFO  logging.LoggingHandler (AbstractInternalLogger.java:log(150)) - [id: 0x71970195, L:/0.0.0.0:43773] READ: [id: 0xc442e7a1, L:/192.168.164.227:43773 - R:/192.168.164.227:38058]
2019-09-26 13:30:46,867 INFO  logging.LoggingHandler (AbstractInternalLogger.java:log(150)) - [id: 0x20c56452, L:/0.0.0.0:38626] READ COMPLETE
2019-09-26 13:30:46,868 INFO  logging.LoggingHandler (AbstractInternalLogger.java:log(150)) - [id: 0x71970195, L:/0.0.0.0:43773] READ COMPLETE
2019-09-26 13:30:46,867 INFO  logging.LoggingHandler (AbstractInternalLogger.java:log(150)) - [id: 0x51301cc5, L:0.0.0.0/0.0.0.0:35127] READ COMPLETE
2019-09-26 13:30:46,868 INFO  logging.LoggingHandler (AbstractInternalLogger.java:log(150)) - [id: 0x71970195, L:/0.0.0.0:43773] READ: [id: 0x958e3e57, L:/192.168.164.227:43773 - R:/192.168.164.227:38060]
2019-09-26 13:30:46,868 INFO  logging.LoggingHandler (AbstractInternalLogger.java:log(150)) - [id: 0x20c56452, L:/0.0.0.0:38626] READ: [id: 0xfe1904c9, L:/192.168.164.227:38626 - R:/192.168.164.227:59096]
2019-09-26 13:30:46,868 INFO  logging.LoggingHandler (AbstractInternalLogger.java:log(150)) - [id: 0x71970195, L:/0.0.0.0:43773] READ COMPLETE
2019-09-26 13:30:46,868 INFO  logging.LoggingHandler (AbstractInternalLogger.java:log(150)) - [id: 0x51301cc5, L:0.0.0.0/0.0.0.0:35127] READ: [id: 0x992b1e92, L:/192.168.164.227:35127 - R:/192.168.164.227:49788]
2019-09-26 13:30:46,869 INFO  logging.LoggingHandler (AbstractInternalLogger.java:log(150)) - [id: 0x71970195, L:/0.0.0.0:43773] READ: [id: 0xa397a32b, L:/192.168.164.227:43773 - R:/192.168.164.227:38068]
2019-09-26 13:30:46,868 INFO  logging.LoggingHandler (AbstractInternalLogger.java:log(150)) - [id: 0x20c56452, L:/0.0.0.0:38626] READ COMPLETE
2019-09-26 13:30:46,869 INFO  logging.LoggingHandler (AbstractInternalLogger.java:log(150)) - [id: 0x71970195, L:/0.0.0.0:43773] READ COMPLETE
2019-09-26 13:30:46,869 INFO  logging.LoggingHandler (AbstractInternalLogger.java:log(150)) - [id: 0x51301cc5, L:0.0.0.0/0.0.0.0:35127] READ COMPLETE
2019-09-26 13:30:46,869 INFO  logging.LoggingHandler (AbstractInternalLogger.java:log(150)) - [id: 0x71970195, L:/0.0.0.0:43773] READ: [id: 0x10177be9, L:/192.168.164.227:43773 - R:/192.168.164.227:38074]
2019-09-26 13:30:46,869 INFO  logging.LoggingHandler (AbstractInternalLogger.java:log(150)) - [id: 0x20c56452, L:/0.0.0.0:38626] READ: [id: 0xfd5be1f2, L:/192.168.164.227:38626 - R:/192.168.164.227:59098]
2019-09-26 13:30:46,869 INFO  logging.LoggingHandler (AbstractInternalLogger.java:log(150)) - [id: 0x71970195, L:/0.0.0.0:43773] READ COMPLETE
2019-09-26 13:30:46,869 INFO  logging.LoggingHandler (AbstractInternalLogger.java:log(150)) - [id: 0x51301cc5, L:0.0.0.0/0.0.0.0:35127] READ: [id: 0x49380187, L:/192.168.164.227:35127 - R:/192.168.164.227:49796]
2019-09-26 13:30:46,870 INFO  logging.LoggingHandler (AbstractInternalLogger.java:log(150)) - [id: 0x71970195, L:/0.0.0.0:43773] READ: [id: 0xc1bd4b15, L:/192.168.164.227:43773 - R:/192.168.164.227:38076]
2019-09-26 13:30:46,870 INFO  logging.LoggingHandler (AbstractInternalLogger.java:log(150)) - [id: 0x20c56452, L:/0.0.0.0:38626] READ COMPLETE
2019-09-26 13:30:46,870 INFO  logging.LoggingHandler (AbstractInternalLogger.java:log(150)) - [id: 0x71970195, L:/0.0.0.0:43773] READ COMPLETE
2019-09-26 13:30:46,870 INFO  logging.LoggingHandler (AbstractInternalLogger.java:log(150)) - [id: 0x51301cc5, L:0.0.0.0/0.0.0.0:35127] READ COMPLETE
2019-09-26 13:30:46,870 INFO  logging.LoggingHandler (AbstractInternalLogger.java:log(150)) - [id: 0x20c56452, L:/0.0.0.0:38626] READ: [id: 0x3f779828, L:/192.168.164.227:38626 - R:/192.168.164.227:59102]
2019-09-26 13:30:46,870 INFO  logging.LoggingHandler (AbstractInternalLogger.java:log(150)) - [id: 0x51301cc5, L:0.0.0.0/0.0.0.0:35127] READ: [id: 0xfb94dc50, L:/192.168.164.227:35127 - R:/192.168.164.227:49798]
2019-09-26 13:30:46,870 INFO  logging.LoggingHandler (AbstractInternalLogger.java:log(150)) - [id: 0x71970195, L:/0.0.0.0:43773] READ: [id: 0xe099a5b5, L:/192.168.164.227:43773 - R:/192.168.164.227:38082]
2019-09-26 13:30:46,871 INFO  logging.LoggingHandler (AbstractInternalLogger.java:log(150)) - [id: 0x51301cc5, L:0.0.0.0/0.0.0.0:35127] READ COMPLETE
2019-09-26 13:30:46,871 INFO  logging.LoggingHandler (AbstractInternalLogger.java:log(150)) - [id: 0x51301cc5, L:0.0.0.0/0.0.0.0:35127] READ: [id: 0xb846139c, L:/192.168.164.227:35127 - R:/192.168.164.227:49804]
2019-09-26 13:30:46,870 INFO  logging.LoggingHandler (AbstractInternalLogger.java:log(150)) - [id: 0x20c56452, L:/0.0.0.0:38626] READ COMPLETE
2019-09-26 13:30:46,871 INFO  logging.LoggingHandler (AbstractInternalLogger.java:log(150)) - [id: 0x51301cc5, L:0.0.0.0/0.0.0.0:35127] READ COMPLETE
2019-09-26 13:30:46,871 INFO  logging.LoggingHandler (AbstractInternalLogger.java:log(150)) - [id: 0x71970195, L:/0.0.0.0:43773] READ COMPLETE
2019-09-26 13:30:46,871 INFO  logging.LoggingHandler (AbstractInternalLogger.java:log(150)) - [id: 0x51301cc5, L:0.0.0.0/0.0.0.0:35127] READ: [id: 0xf8ee0be4, L:/192.168.164.227:35127 - R:/192.168.164.227:49810]
2019-09-26 13:30:46,871 INFO  logging.LoggingHandler (AbstractInternalLogger.java:log(150)) - [id: 0x20c56452, L:/0.0.0.0:38626] READ: [id: 0x964231f6, L:/192.168.164.227:38626 - R:/192.168.164.227:59106]
2019-09-26 13:30:46,872 INFO  logging.LoggingHandler (AbstractInternalLogger.java:log(150)) - [id: 0x51301cc5, L:0.0.0.0/0.0.0.0:35127] READ COMPLETE
2019-09-26 13:30:46,872 INFO  logging.LoggingHandler (AbstractInternalLogger.java:log(150)) - [id: 0x71970195, L:/0.0.0.0:43773] READ: [id: 0x609515dc, L:/192.168.164.227:43773 - R:/192.168.164.227:38084]
2019-09-26 13:30:46,872 INFO  logging.LoggingHandler (AbstractInternalLogger.java:log(150)) - [id: 0x51301cc5, L:0.0.0.0/0.0.0.0:35127] READ: [id: 0x5665f6ca, L:/192.168.164.227:35127 - R:/192.168.164.227:49812]
2019-09-26 13:30:46,872 INFO  logging.LoggingHandler (AbstractInternalLogger.java:log(150)) - [id: 0x20c56452, L:/0.0.0.0:38626] READ COMPLETE
2019-09-26 13:30:46,872 INFO  logging.LoggingHandler (AbstractInternalLogger.java:log(150)) - [id: 0x51301cc5, L:0.0.0.0/0.0.0.0:35127] READ COMPLETE
2019-09-26 13:30:46,872 INFO  logging.LoggingHandler (AbstractInternalLogger.java:log(150)) - [id: 0x71970195, L:/0.0.0.0:43773] READ COMPLETE
2019-09-26 13:30:46,872 INFO  logging.LoggingHandler (AbstractInternalLogger.java:log(150)) - [id: 0x20c56452, L:/0.0.0.0:38626] READ: [id: 0x9fde5970, L:/192.168.164.227:38626 - R:/192.168.164.227:59112]
2019-09-26 13:30:46,873 INFO  logging.LoggingHandler (AbstractInternalLogger.java:log(150)) - [id: 0x71970195, L:/0.0.0.0:43773] READ: [id: 0x65aa707e, L:/192.168.164.227:43773 - R:/192.168.164.227:38088]
2019-09-26 13:30:46,873 INFO  logging.LoggingHandler (AbstractInternalLogger.java:log(150)) - [id: 0x20c56452, L:/0.0.0.0:38626] READ COMPLETE
2019-09-26 13:30:46,873 INFO  logging.LoggingHandler (AbstractInternalLogger.java:log(150)) - [id: 0x71970195, L:/0.0.0.0:43773] READ COMPLETE
2019-09-26 13:30:46,873 INFO  logging.LoggingHandler (AbstractInternalLogger.java:log(150)) - [id: 0x20c56452, L:/0.0.0.0:38626] READ: [id: 0x15f1288b, L:/192.168.164.227:38626 - R:/192.168.164.227:59114]
2019-09-26 13:30:46,873 INFO  logging.LoggingHandler (AbstractInternalLogger.java:log(150)) - [id: 0x71970195, L:/0.0.0.0:43773] READ: [id: 0x80a44d16, L:/192.168.164.227:43773 - R:/192.168.164.227:38090]
2019-09-26 13:30:46,873 INFO  logging.LoggingHandler (AbstractInternalLogger.java:log(150)) - [id: 0x20c56452, L:/0.0.0.0:38626] READ COMPLETE
2019-09-26 13:30:46,874 INFO  logging.LoggingHandler (AbstractInternalLogger.java:log(150)) - [id: 0x71970195, L:/0.0.0.0:43773] READ COMPLETE
2019-09-26 13:30:46,874 INFO  logging.LoggingHandler (AbstractInternalLogger.java:log(150)) - [id: 0x20c56452, L:/0.0.0.0:38626] READ: [id: 0x5a325178, L:/192.168.164.227:38626 - R:/192.168.164.227:59116]
2019-09-26 13:30:46,874 INFO  logging.LoggingHandler (AbstractInternalLogger.java:log(150)) - [id: 0x71970195, L:/0.0.0.0:43773] READ: [id: 0x3fabb415, L:/192.168.164.227:43773 - R:/192.168.164.227:38096]
2019-09-26 13:30:46,874 INFO  logging.LoggingHandler (AbstractInternalLogger.java:log(150)) - [id: 0x20c56452, L:/0.0.0.0:38626] READ COMPLETE
2019-09-26 13:30:46,874 INFO  logging.LoggingHandler (AbstractInternalLogger.java:log(150)) - [id: 0x51301cc5, L:0.0.0.0/0.0.0.0:35127] READ: [id: 0xd2dc1a78, L:/192.168.164.227:35127 - R:/192.168.164.227:49840]
2019-09-26 13:30:46,874 INFO  logging.LoggingHandler (AbstractInternalLogger.java:log(150)) - [id: 0x71970195, L:/0.0.0.0:43773] READ COMPLETE
2019-09-26 13:30:46,874 INFO  logging.LoggingHandler (AbstractInternalLogger.java:log(150)) - [id: 0x51301cc5, L:0.0.0.0/0.0.0.0:35127] READ COMPLETE
2019-09-26 13:30:46,874 INFO  logging.LoggingHandler (AbstractInternalLogger.java:log(150)) - [id: 0x20c56452, L:/0.0.0.0:38626] READ: [id: 0xfaa155e3, L:/192.168.164.227:38626 - R:/192.168.164.227:59120]
2019-09-26 13:30:46,875 INFO  logging.LoggingHandler (AbstractInternalLogger.java:log(150)) - [id: 0x51301cc5, L:0.0.0.0/0.0.0.0:35127] READ: [id: 0x91a6160e, L:/192.168.164.227:35127 - R:/192.168.164.227:49844]
2019-09-26 13:30:46,875 INFO  logging.LoggingHandler (AbstractInternalLogger.java:log(150)) - [id: 0x71970195, L:/0.0.0.0:43773] READ: [id: 0x9332a76f, L:/192.168.164.227:43773 - R:/192.168.164.227:38098]
2019-09-26 13:30:46,875 INFO  logging.LoggingHandler (AbstractInternalLogger.java:log(150)) - [id: 0x51301cc5, L:0.0.0.0/0.0.0.0:35127] READ COMPLETE
2019-09-26 13:30:46,875 INFO  logging.LoggingHandler (AbstractInternalLogger.java:log(150)) - [id: 0x20c56452, L:/0.0.0.0:38626] READ COMPLETE
2019-09-26 13:30:46,875 INFO  logging.LoggingHandler (AbstractInternalLogger.java:log(150)) - [id: 0x51301cc5, L:0.0.0.0/0.0.0.0:35127] READ: [id: 0xe1662c4e, L:/192.168.164.227:35127 - R:/192.168.164.227:49846]
2019-09-26 13:30:46,875 INFO  logging.LoggingHandler (AbstractInternalLogger.java:log(150)) - [id: 0x71970195, L:/0.0.0.0:43773] READ COMPLETE
2019-09-26 13:30:46,876 INFO  logging.LoggingHandler (AbstractInternalLogger.java:log(150)) - [id: 0x51301cc5, L:0.0.0.0/0.0.0.0:35127] READ COMPLETE
2019-09-26 13:30:46,875 INFO  logging.LoggingHandler (AbstractInternalLogger.java:log(150)) - [id: 0x20c56452, L:/0.0.0.0:38626] READ: [id: 0xd130bda1, L:/192.168.164.227:38626 - R:/192.168.164.227:59122]
2019-09-26 13:30:46,876 INFO  logging.LoggingHandler (AbstractInternalLogger.java:log(150)) - [id: 0x51301cc5, L:0.0.0.0/0.0.0.0:35127] READ: [id: 0x71ffe7dd, L:/192.168.164.227:35127 - R:/192.168.164.227:49850]
2019-09-26 13:30:46,876 INFO  logging.LoggingHandler (AbstractInternalLogger.java:log(150)) - [id: 0x71970195, L:/0.0.0.0:43773] READ: [id: 0xc740434b, L:/192.168.164.227:43773 - R:/192.168.164.227:38104]
2019-09-26 13:30:46,876 INFO  logging.LoggingHandler (AbstractInternalLogger.java:log(150)) - [id: 0x51301cc5, L:0.0.0.0/0.0.0.0:35127] READ COMPLETE
2019-09-26 13:30:46,876 INFO  logging.LoggingHandler (AbstractInternalLogger.java:log(150)) - [id: 0x20c56452, L:/0.0.0.0:38626] READ COMPLETE
2019-09-26 13:30:46,877 INFO  logging.LoggingHandler (AbstractInternalLogger.java:log(150)) - [id: 0x20c56452, L:/0.0.0.0:38626] READ: [id: 0x2c703352, L:/192.168.164.227:38626 - R:/192.168.164.227:59126]
2019-09-26 13:30:46,876 INFO  logging.LoggingHandler (AbstractInternalLogger.java:log(150)) - [id: 0x71970195, L:/0.0.0.0:43773] READ COMPLETE
2019-09-26 13:30:46,877 INFO  logging.LoggingHandler (AbstractInternalLogger.java:log(150)) - [id: 0x51301cc5, L:0.0.0.0/0.0.0.0:35127] READ: [id: 0x24c50a93, L:/192.168.164.227:35127 - R:/192.168.164.227:49858]
2019-09-26 13:30:46,877 INFO  logging.LoggingHandler (AbstractInternalLogger.java:log(150)) - [id: 0x51301cc5, L:0.0.0.0/0.0.0.0:35127] READ COMPLETE
2019-09-26 13:30:46,877 INFO  logging.LoggingHandler (AbstractInternalLogger.java:log(150)) - [id: 0x51301cc5, L:0.0.0.0/0.0.0.0:35127] READ: [id: 0x8fb9ca6b, L:/192.168.164.227:35127 - R:/192.168.164.227:49862]
2019-09-26 13:30:46,877 INFO  logging.LoggingHandler (AbstractInternalLogger.java:log(150)) - [id: 0x51301cc5, L:0.0.0.0/0.0.0.0:35127] READ COMPLETE
2019-09-26 13:30:46,877 INFO  logging.LoggingHandler (AbstractInternalLogger.java:log(150)) - [id: 0x51301cc5, L:0.0.0.0/0.0.0.0:35127] READ: [id: 0xb2e487ae, L:/192.168.164.227:35127 - R:/192.168.164.227:49864]
2019-09-26 13:30:46,878 INFO  logging.LoggingHandler (AbstractInternalLogger.java:log(150)) - [id: 0x51301cc5, L:0.0.0.0/0.0.0.0:35127] READ COMPLETE
2019-09-26 13:30:46,877 INFO  logging.LoggingHandler (AbstractInternalLogger.java:log(150)) - [id: 0x20c56452, L:/0.0.0.0:38626] READ COMPLETE
2019-09-26 13:30:46,877 INFO  logging.LoggingHandler (AbstractInternalLogger.java:log(150)) - [id: 0x71970195, L:/0.0.0.0:43773] READ: [id: 0x68c33f2e, L:/192.168.164.227:43773 - R:/192.168.164.227:38116]
2019-09-26 13:30:46,878 INFO  logging.LoggingHandler (AbstractInternalLogger.java:log(150)) - [id: 0x20c56452, L:/0.0.0.0:38626] READ: [id: 0x3a78b603, L:/192.168.164.227:38626 - R:/192.168.164.227:59140]
2019-09-26 13:30:46,878 INFO  logging.LoggingHandler (AbstractInternalLogger.java:log(150)) - [id: 0x71970195, L:/0.0.0.0:43773] READ COMPLETE
2019-09-26 13:30:46,878 INFO  logging.LoggingHandler (AbstractInternalLogger.java:log(150)) - [id: 0x20c56452, L:/0.0.0.0:38626] READ COMPLETE
2019-09-26 13:30:46,878 INFO  logging.LoggingHandler (AbstractInternalLogger.java:log(150)) - [id: 0x71970195, L:/0.0.0.0:43773] READ: [id: 0xca20107b, L:/192.168.164.227:43773 - R:/192.168.164.227:38120]
2019-09-26 13:30:46,878 INFO  logging.LoggingHandler (AbstractInternalLogger.java:log(150)) - [id: 0x20c56452, L:/0.0.0.0:38626] READ: [id: 0x52b622e4, L:/192.168.164.227:38626 - R:/192.168.164.227:59152]
2019-09-26 13:30:46,878 INFO  logging.LoggingHandler (AbstractInternalLogger.java:log(150)) - [id: 0x71970195, L:/0.0.0.0:43773] READ COMPLETE
2019-09-26 13:30:46,879 INFO  logging.LoggingHandler (AbstractInternalLogger.java:log(150)) - [id: 0x20c56452, L:/0.0.0.0:38626] READ COMPLETE
2019-09-26 13:30:46,879 INFO  logging.LoggingHandler (AbstractInternalLogger.java:log(150)) - [id: 0x20c56452, L:/0.0.0.0:38626] READ: [id: 0x47c14f46, L:/192.168.164.227:38626 - R:/192.168.164.227:59154]
2019-09-26 13:30:46,879 INFO  logging.LoggingHandler (AbstractInternalLogger.java:log(150)) - [id: 0x51301cc5, L:0.0.0.0/0.0.0.0:35127] READ: [id: 0xb0945677, L:/192.168.164.227:35127 - R:/192.168.164.227:49872]
2019-09-26 13:30:46,879 INFO  logging.LoggingHandler (AbstractInternalLogger.java:log(150)) - [id: 0x71970195, L:/0.0.0.0:43773] READ: [id: 0x0c4cdedb, L:/192.168.164.227:43773 - R:/192.168.164.227:38134]
2019-09-26 13:30:46,879 INFO  logging.LoggingHandler (AbstractInternalLogger.java:log(150)) - [id: 0x20c56452, L:/0.0.0.0:38626] READ COMPLETE
2019-09-26 13:30:46,879 INFO  logging.LoggingHandler (AbstractInternalLogger.java:log(150)) - [id: 0x71970195, L:/0.0.0.0:43773] READ COMPLETE
2019-09-26 13:30:46,879 INFO  logging.LoggingHandler (AbstractInternalLogger.java:log(150)) - [id: 0x20c56452, L:/0.0.0.0:38626] READ: [id: 0x7f7d9a85, L:/192.168.164.227:38626 - R:/192.168.164.227:59164]
2019-09-26 13:30:46,879 INFO  logging.LoggingHandler (AbstractInternalLogger.java:log(150)) - [id: 0x51301cc5, L:0.0.0.0/0.0.0.0:35127] READ COMPLETE
2019-09-26 13:30:46,880 INFO  logging.LoggingHandler (AbstractInternalLogger.java:log(150)) - [id: 0x20c56452, L:/0.0.0.0:38626] READ COMPLETE
2019-09-26 13:30:46,880 INFO  logging.LoggingHandler (AbstractInternalLogger.java:log(150)) - [id: 0x71970195, L:/0.0.0.0:43773] READ: [id: 0xc3b79937, L:/192.168.164.227:43773 - R:/192.168.164.227:38136]
2019-09-26 13:30:46,880 INFO  logging.LoggingHandler (AbstractInternalLogger.java:log(150)) - [id: 0x20c56452, L:/0.0.0.0:38626] READ: [id: 0x9141384d, L:/192.168.164.227:38626 - R:/192.168.164.227:59172]
2019-09-26 13:30:46,880 INFO  logging.LoggingHandler (AbstractInternalLogger.java:log(150)) - [id: 0x51301cc5, L:0.0.0.0/0.0.0.0:35127] READ: [id: 0x852ee49e, L:/192.168.164.227:35127 - R:/192.168.164.227:49878]
2019-09-26 13:30:46,880 INFO  logging.LoggingHandler (AbstractInternalLogger.java:log(150)) - [id: 0x20c56452, L:/0.0.0.0:38626] READ COMPLETE
2019-09-26 13:30:46,880 INFO  logging.LoggingHandler (AbstractInternalLogger.java:log(150)) - [id: 0x71970195, L:/0.0.0.0:43773] READ COMPLETE
2019-09-26 13:30:46,881 INFO  logging.LoggingHandler (AbstractInternalLogger.java:log(150)) - [id: 0x20c56452, L:/0.0.0.0:38626] READ: [id: 0x3bc4ac70, L:/192.168.164.227:38626 - R:/192.168.164.227:59188]
2019-09-26 13:30:46,880 INFO  logging.LoggingHandler (AbstractInternalLogger.java:log(150)) - [id: 0x51301cc5, L:0.0.0.0/0.0.0.0:35127] READ COMPLETE
2019-09-26 13:30:46,881 INFO  logging.LoggingHandler (AbstractInternalLogger.java:log(150)) - [id: 0x20c56452, L:/0.0.0.0:38626] READ COMPLETE
2019-09-26 13:30:46,881 INFO  logging.LoggingHandler (AbstractInternalLogger.java:log(150)) - [id: 0x71970195, L:/0.0.0.0:43773] READ: [id: 0xafd14efd, L:/192.168.164.227:43773 - R:/192.168.164.227:38142]
2019-09-26 13:30:46,881 INFO  logging.LoggingHandler (AbstractInternalLogger.java:log(150)) - [id: 0x20c56452, L:/0.0.0.0:38626] READ: [id: 0x69d25d09, L:/192.168.164.227:38626 - R:/192.168.164.227:59194]
2019-09-26 13:30:46,881 INFO  logging.LoggingHandler (AbstractInternalLogger.java:log(150)) - [id: 0x51301cc5, L:0.0.0.0/0.0.0.0:35127] READ: [id: 0x28b0c6a1, L:/192.168.164.227:35127 - R:/192.168.164.227:49880]
2019-09-26 13:30:46,881 INFO  logging.LoggingHandler (AbstractInternalLogger.java:log(150)) - [id: 0x20c56452, L:/0.0.0.0:38626] READ COMPLETE
2019-09-26 13:30:46,881 INFO  logging.LoggingHandler (AbstractInternalLogger.java:log(150)) - [id: 0x71970195, L:/0.0.0.0:43773] READ COMPLETE
2019-09-26 13:30:46,882 INFO  logging.LoggingHandler (AbstractInternalLogger.java:log(150)) - [id: 0x20c56452, L:/0.0.0.0:38626] READ: [id: 0x2d05846d, L:/192.168.164.227:38626 - R:/192.168.164.227:59196]
2019-09-26 13:30:46,882 INFO  logging.LoggingHandler (AbstractInternalLogger.java:log(150)) - [id: 0x51301cc5, L:0.0.0.0/0.0.0.0:35127] READ COMPLETE
2019-09-26 13:30:46,882 INFO  logging.LoggingHandler (AbstractInternalLogger.java:log(150)) - [id: 0x20c56452, L:/0.0.0.0:38626] READ COMPLETE
2019-09-26 13:30:46,882 INFO  logging.LoggingHandler (AbstractInternalLogger.java:log(150)) - [id: 0x71970195, L:/0.0.0.0:43773] READ: [id: 0x123853f2, L:/192.168.164.227:43773 - R:/192.168.164.227:38150]
2019-09-26 13:30:46,883 INFO  logging.LoggingHandler (AbstractInternalLogger.java:log(150)) - [id: 0x20c56452, L:/0.0.0.0:38626] READ: [id: 0x61a5f7f2, L:/192.168.164.227:38626 - R:/192.168.164.227:59202]
2019-09-26 13:30:46,883 INFO  logging.LoggingHandler (AbstractInternalLogger.java:log(150)) - [id: 0x71970195, L:/0.0.0.0:43773] READ COMPLETE
2019-09-26 13:30:46,883 INFO  logging.LoggingHandler (AbstractInternalLogger.java:log(150)) - [id: 0x20c56452, L:/0.0.0.0:38626] READ COMPLETE
2019-09-26 13:30:46,883 INFO  logging.LoggingHandler (AbstractInternalLogger.java:log(150)) - [id: 0x71970195, L:/0.0.0.0:43773] READ: [id: 0x6c4c5b35, L:/192.168.164.227:43773 - R:/192.168.164.227:38154]
2019-09-26 13:30:46,883 INFO  logging.LoggingHandler (AbstractInternalLogger.java:log(150)) - [id: 0x20c56452, L:/0.0.0.0:38626] READ: [id: 0x6dd884ff, L:/192.168.164.227:38626 - R:/192.168.164.227:59204]
2019-09-26 13:30:46,883 INFO  logging.LoggingHandler (AbstractInternalLogger.java:log(150)) - [id: 0x71970195, L:/0.0.0.0:43773] READ COMPLETE
2019-09-26 13:30:46,884 INFO  logging.LoggingHandler (AbstractInternalLogger.java:log(150)) - [id: 0x20c56452, L:/0.0.0.0:38626] READ COMPLETE
2019-09-26 13:30:46,884 INFO  logging.LoggingHandler (AbstractInternalLogger.java:log(150)) - [id: 0x71970195, L:/0.0.0.0:43773] READ: [id: 0xec2d11a2, L:/192.168.164.227:43773 - R:/192.168.164.227:38158]
2019-09-26 13:30:46,884 INFO  logging.LoggingHandler (AbstractInternalLogger.java:log(150)) - [id: 0x20c56452, L:/0.0.0.0:38626] READ: [id: 0x215e101a, L:/192.168.164.227:38626 - R:/192.168.164.227:59208]
2019-09-26 13:30:46,884 INFO  logging.LoggingHandler (AbstractInternalLogger.java:log(150)) - [id: 0x71970195, L:/0.0.0.0:43773] READ COMPLETE
2019-09-26 13:30:46,884 INFO  logging.LoggingHandler (AbstractInternalLogger.java:log(150)) - [id: 0x51301cc5, L:0.0.0.0/0.0.0.0:35127] READ: [id: 0xaacea043, L:/192.168.164.227:35127 - R:/192.168.164.227:49908]
2019-09-26 13:30:46,884 INFO  logging.LoggingHandler (AbstractInternalLogger.java:log(150)) - [id: 0x20c56452, L:/0.0.0.0:38626] READ COMPLETE
2019-09-26 13:30:46,884 INFO  logging.LoggingHandler (AbstractInternalLogger.java:log(150)) - [id: 0x51301cc5, L:0.0.0.0/0.0.0.0:35127] READ COMPLETE
2019-09-26 13:30:46,884 INFO  logging.LoggingHandler (AbstractInternalLogger.java:log(150)) - [id: 0x71970195, L:/0.0.0.0:43773] READ: [id: 0x7296ea20, L:/192.168.164.227:43773 - R:/192.168.164.227:38162]
2019-09-26 13:30:46,885 INFO  logging.LoggingHandler (AbstractInternalLogger.java:log(150)) - [id: 0x51301cc5, L:0.0.0.0/0.0.0.0:35127] READ: [id: 0x26eadfe7, L:/192.168.164.227:35127 - R:/192.168.164.227:49910]
2019-09-26 13:30:46,885 INFO  logging.LoggingHandler (AbstractInternalLogger.java:log(150)) - [id: 0x20c56452, L:/0.0.0.0:38626] READ: [id: 0xa4001563, L:/192.168.164.227:38626 - R:/192.168.164.227:59212]
2019-09-26 13:30:46,885 INFO  logging.LoggingHandler (AbstractInternalLogger.java:log(150)) - [id: 0x51301cc5, L:0.0.0.0/0.0.0.0:35127] READ COMPLETE
2019-09-26 13:30:46,885 INFO  logging.LoggingHandler (AbstractInternalLogger.java:log(150)) - [id: 0x71970195, L:/0.0.0.0:43773] READ COMPLETE
2019-09-26 13:30:46,885 INFO  logging.LoggingHandler (AbstractInternalLogger.java:log(150)) - [id: 0x51301cc5, L:0.0.0.0/0.0.0.0:35127] READ: [id: 0xca6e2d93, L:/192.168.164.227:35127 - R:/192.168.164.227:49912]
2019-09-26 13:30:46,885 INFO  logging.LoggingHandler (AbstractInternalLogger.java:log(150)) - [id: 0x71970195, L:/0.0.0.0:43773] READ: [id: 0x750671ba, L:/192.168.164.227:43773 - R:/192.168.164.227:38166]
2019-09-26 13:30:46,886 INFO  logging.LoggingHandler (AbstractInternalLogger.java:log(150)) - [id: 0x71970195, L:/0.0.0.0:43773] READ COMPLETE
2019-09-26 13:30:46,885 INFO  logging.LoggingHandler (AbstractInternalLogger.java:log(150)) - [id: 0x20c56452, L:/0.0.0.0:38626] READ COMPLETE
2019-09-26 13:30:46,886 INFO  logging.LoggingHandler (AbstractInternalLogger.java:log(150)) - [id: 0x71970195, L:/0.0.0.0:43773] READ: [id: 0x50934b50, L:/192.168.164.227:43773 - R:/192.168.164.227:38168]
2019-09-26 13:30:46,886 INFO  logging.LoggingHandler (AbstractInternalLogger.java:log(150)) - [id: 0x51301cc5, L:0.0.0.0/0.0.0.0:35127] READ COMPLETE
2019-09-26 13:30:46,886 INFO  logging.LoggingHandler (AbstractInternalLogger.java:log(150)) - [id: 0x71970195, L:/0.0.0.0:43773] READ COMPLETE
2019-09-26 13:30:46,887 INFO  logging.LoggingHandler (AbstractInternalLogger.java:log(150)) - [id: 0x71970195, L:/0.0.0.0:43773] READ: [id: 0x59195532, L:/192.168.164.227:43773 - R:/192.168.164.227:38170]
2019-09-26 13:30:46,886 INFO  logging.LoggingHandler (AbstractInternalLogger.java:log(150)) - [id: 0x20c56452, L:/0.0.0.0:38626] READ: [id: 0x82593dc1, L:/192.168.164.227:38626 - R:/192.168.164.227:59224]
2019-09-26 13:30:46,887 INFO  logging.LoggingHandler (AbstractInternalLogger.java:log(150)) - [id: 0x71970195, L:/0.0.0.0:43773] READ COMPLETE
2019-09-26 13:30:46,887 INFO  logging.LoggingHandler (AbstractInternalLogger.java:log(150)) - [id: 0x71970195, L:/0.0.0.0:43773] READ: [id: 0xb5a7fede, L:/192.168.164.227:43773 - R:/192.168.164.227:38172]
2019-09-26 13:30:46,887 INFO  logging.LoggingHandler (AbstractInternalLogger.java:log(150)) - [id: 0x71970195, L:/0.0.0.0:43773] READ COMPLETE
2019-09-26 13:30:46,888 INFO  logging.LoggingHandler (AbstractInternalLogger.java:log(150)) - [id: 0x71970195, L:/0.0.0.0:43773] READ: [id: 0x113580bb, L:/192.168.164.227:43773 - R:/192.168.164.227:38182]
2019-09-26 13:30:46,888 INFO  logging.LoggingHandler (AbstractInternalLogger.java:log(150)) - [id: 0x71970195, L:/0.0.0.0:43773] READ COMPLETE
2019-09-26 13:30:46,888 INFO  logging.LoggingHandler (AbstractInternalLogger.java:log(150)) - [id: 0x71970195, L:/0.0.0.0:43773] READ: [id: 0x34fe7f3b, L:/192.168.164.227:43773 - R:/192.168.164.227:38188]
2019-09-26 13:30:46,888 INFO  logging.LoggingHandler (AbstractInternalLogger.java:log(150)) - [id: 0x71970195, L:/0.0.0.0:43773] READ COMPLETE
2019-09-26 13:30:46,887 INFO  logging.LoggingHandler (AbstractInternalLogger.java:log(150)) - [id: 0x51301cc5, L:0.0.0.0/0.0.0.0:35127] READ: [id: 0x42834a8b, L:/192.168.164.227:35127 - R:/192.168.164.227:49922]
2019-09-26 13:30:46,887 INFO  logging.LoggingHandler (AbstractInternalLogger.java:log(150)) - [id: 0x20c56452, L:/0.0.0.0:38626] READ COMPLETE
2019-09-26 13:30:46,888 INFO  logging.LoggingHandler (AbstractInternalLogger.java:log(150)) - [id: 0x51301cc5, L:0.0.0.0/0.0.0.0:35127] READ COMPLETE
2019-09-26 13:30:46,889 INFO  logging.LoggingHandler (AbstractInternalLogger.java:log(150)) - [id: 0x20c56452, L:/0.0.0.0:38626] READ: [id: 0x3bf2dbf1, L:/192.168.164.227:38626 - R:/192.168.164.227:59226]
2019-09-26 13:30:46,889 INFO  logging.LoggingHandler (AbstractInternalLogger.java:log(150)) - [id: 0x51301cc5, L:0.0.0.0/0.0.0.0:35127] READ: [id: 0x8dad9fbc, L:/192.168.164.227:35127 - R:/192.168.164.227:49928]
2019-09-26 13:30:46,889 INFO  logging.LoggingHandler (AbstractInternalLogger.java:log(150)) - [id: 0x20c56452, L:/0.0.0.0:38626] READ COMPLETE
2019-09-26 13:30:46,889 INFO  logging.LoggingHandler (AbstractInternalLogger.java:log(150)) - [id: 0x51301cc5, L:0.0.0.0/0.0.0.0:35127] READ COMPLETE
2019-09-26 13:30:46,889 INFO  logging.LoggingHandler (AbstractInternalLogger.java:log(150)) - [id: 0x20c56452, L:/0.0.0.0:38626] READ: [id: 0x0ed04f60, L:/192.168.164.227:38626 - R:/192.168.164.227:59230]
2019-09-26 13:30:46,889 INFO  logging.LoggingHandler (AbstractInternalLogger.java:log(150)) - [id: 0x51301cc5, L:0.0.0.0/0.0.0.0:35127] READ: [id: 0xba73b224, L:/192.168.164.227:35127 - R:/192.168.164.227:49930]
2019-09-26 13:30:46,889 INFO  logging.LoggingHandler (AbstractInternalLogger.java:log(150)) - [id: 0x20c56452, L:/0.0.0.0:38626] READ COMPLETE
2019-09-26 13:30:46,890 INFO  logging.LoggingHandler (AbstractInternalLogger.java:log(150)) - [id: 0x71970195, L:/0.0.0.0:43773] READ: [id: 0xf0466999, L:/192.168.164.227:43773 - R:/192.168.164.227:38210]
2019-09-26 13:30:46,890 INFO  logging.LoggingHandler (AbstractInternalLogger.java:log(150)) - [id: 0x20c56452, L:/0.0.0.0:38626] READ: [id: 0x4d30d690, L:/192.168.164.227:38626 - R:/192.168.164.227:59240]
2019-09-26 13:30:46,889 INFO  logging.LoggingHandler (AbstractInternalLogger.java:log(150)) - [id: 0x51301cc5, L:0.0.0.0/0.0.0.0:35127] READ COMPLETE
2019-09-26 13:30:46,890 INFO  logging.LoggingHandler (AbstractInternalLogger.java:log(150)) - [id: 0x20c56452, L:/0.0.0.0:38626] READ COMPLETE
2019-09-26 13:30:46,890 INFO  logging.LoggingHandler (AbstractInternalLogger.java:log(150)) - [id: 0x71970195, L:/0.0.0.0:43773] READ COMPLETE
2019-09-26 13:30:46,890 INFO  logging.LoggingHandler (AbstractInternalLogger.java:log(150)) - [id: 0x20c56452, L:/0.0.0.0:38626] READ: [id: 0x7ba44a50, L:/192.168.164.227:38626 - R:/192.168.164.227:59246]
2019-09-26 13:30:46,890 INFO  logging.LoggingHandler (AbstractInternalLogger.java:log(150)) - [id: 0x51301cc5, L:0.0.0.0/0.0.0.0:35127] READ: [id: 0xbfb06e60, L:/192.168.164.227:35127 - R:/192.168.164.227:49936]
2019-09-26 13:30:46,890 INFO  logging.LoggingHandler (AbstractInternalLogger.java:log(150)) - [id: 0x20c56452, L:/0.0.0.0:38626] READ COMPLETE
2019-09-26 13:30:46,890 INFO  logging.LoggingHandler (AbstractInternalLogger.java:log(150)) - [id: 0x71970195, L:/0.0.0.0:43773] READ: [id: 0x7fd71f89, L:/192.168.164.227:43773 - R:/192.168.164.227:38216]
2019-09-26 13:30:46,891 INFO  logging.LoggingHandler (AbstractInternalLogger.java:log(150)) - [id: 0x20c56452, L:/0.0.0.0:38626] READ: [id: 0x2d9ab213, L:/192.168.164.227:38626 - R:/192.168.164.227:59254]
2019-09-26 13:30:46,891 INFO  logging.LoggingHandler (AbstractInternalLogger.java:log(150)) - [id: 0x51301cc5, L:0.0.0.0/0.0.0.0:35127] READ COMPLETE
2019-09-26 13:30:46,891 INFO  logging.LoggingHandler (AbstractInternalLogger.java:log(150)) - [id: 0x20c56452, L:/0.0.0.0:38626] READ COMPLETE
2019-09-26 13:30:46,891 INFO  logging.LoggingHandler (AbstractInternalLogger.java:log(150)) - [id: 0x71970195, L:/0.0.0.0:43773] READ COMPLETE
2019-09-26 13:30:46,891 INFO  logging.LoggingHandler (AbstractInternalLogger.java:log(150)) - [id: 0x20c56452, L:/0.0.0.0:38626] READ: [id: 0x9052b17e, L:/192.168.164.227:38626 - R:/192.168.164.227:59258]
2019-09-26 13:30:46,891 INFO  logging.LoggingHandler (AbstractInternalLogger.java:log(150)) - [id: 0x51301cc5, L:0.0.0.0/0.0.0.0:35127] READ: [id: 0x1fe4f627, L:/192.168.164.227:35127 - R:/192.168.164.227:49946]
2019-09-26 13:30:46,892 INFO  logging.LoggingHandler (AbstractInternalLogger.java:log(150)) - [id: 0x20c56452, L:/0.0.0.0:38626] READ COMPLETE
2019-09-26 13:30:46,892 INFO  logging.LoggingHandler (AbstractInternalLogger.java:log(150)) - [id: 0x71970195, L:/0.0.0.0:43773] READ: [id: 0x6fc33cc6, L:/192.168.164.227:43773 - R:/192.168.164.227:38222]
2019-09-26 13:30:46,892 INFO  logging.LoggingHandler (AbstractInternalLogger.java:log(150)) - [id: 0x20c56452, L:/0.0.0.0:38626] READ: [id: 0x1b51bbde, L:/192.168.164.227:38626 - R:/192.168.164.227:59262]
2019-09-26 13:30:46,892 INFO  logging.LoggingHandler (AbstractInternalLogger.java:log(150)) - [id: 0x51301cc5, L:0.0.0.0/0.0.0.0:35127] READ COMPLETE
2019-09-26 13:30:46,892 INFO  logging.LoggingHandler (AbstractInternalLogger.java:log(150)) - [id: 0x20c56452, L:/0.0.0.0:38626] READ COMPLETE
2019-09-26 13:30:46,892 INFO  logging.LoggingHandler (AbstractInternalLogger.java:log(150)) - [id: 0x71970195, L:/0.0.0.0:43773] READ COMPLETE
2019-09-26 13:30:46,893 INFO  logging.LoggingHandler (AbstractInternalLogger.java:log(150)) - [id: 0x20c56452, L:/0.0.0.0:38626] READ: [id: 0x0b8a3022, L:/192.168.164.227:38626 - R:/192.168.164.227:59266]
2019-09-26 13:30:46,892 INFO  logging.LoggingHandler (AbstractInternalLogger.java:log(150)) - [id: 0x51301cc5, L:0.0.0.0/0.0.0.0:35127] READ: [id: 0x1ae58d41, L:/192.168.164.227:35127 - R:/192.168.164.227:49950]
2019-09-26 13:30:46,893 INFO  logging.LoggingHandler (AbstractInternalLogger.java:log(150)) - [id: 0x20c56452, L:/0.0.0.0:38626] READ COMPLETE
2019-09-26 13:30:46,893 INFO  logging.LoggingHandler (AbstractInternalLogger.java:log(150)) - [id: 0x71970195, L:/0.0.0.0:43773] READ: [id: 0xc356611b, L:/192.168.164.227:43773 - R:/192.168.164.227:38228]
2019-09-26 13:30:46,893 INFO  logging.LoggingHandler (AbstractInternalLogger.java:log(150)) - [id: 0x20c56452, L:/0.0.0.0:38626] READ: [id: 0x5526a455, L:/192.168.164.227:38626 - R:/192.168.164.227:59276]
2019-09-26 13:30:46,893 INFO  logging.LoggingHandler (AbstractInternalLogger.java:log(150)) - [id: 0x51301cc5, L:0.0.0.0/0.0.0.0:35127] READ COMPLETE
2019-09-26 13:30:46,893 INFO  logging.LoggingHandler (AbstractInternalLogger.java:log(150)) - [id: 0x20c56452, L:/0.0.0.0:38626] READ COMPLETE
2019-09-26 13:30:46,893 INFO  logging.LoggingHandler (AbstractInternalLogger.java:log(150)) - [id: 0x71970195, L:/0.0.0.0:43773] READ COMPLETE
2019-09-26 13:30:46,894 INFO  logging.LoggingHandler (AbstractInternalLogger.java:log(150)) - [id: 0x20c56452, L:/0.0.0.0:38626] READ: [id: 0x7cb10031, L:/192.168.164.227:38626 - R:/192.168.164.227:59286]
2019-09-26 13:30:46,894 INFO  logging.LoggingHandler (AbstractInternalLogger.java:log(150)) - [id: 0x51301cc5, L:0.0.0.0/0.0.0.0:35127] READ: [id: 0x015a71b4, L:/192.168.164.227:35127 - R:/192.168.164.227:49952]
2019-09-26 13:30:46,894 INFO  logging.LoggingHandler (AbstractInternalLogger.java:log(150)) - [id: 0x20c56452, L:/0.0.0.0:38626] READ COMPLETE
2019-09-26 13:30:46,894 INFO  logging.LoggingHandler (AbstractInternalLogger.java:log(150)) - [id: 0x71970195, L:/0.0.0.0:43773] READ: [id: 0x57773703, L:/192.168.164.227:43773 - R:/192.168.164.227:38232]
2019-09-26 13:30:46,894 INFO  logging.LoggingHandler (AbstractInternalLogger.java:log(150)) - [id: 0x20c56452, L:/0.0.0.0:38626] READ: [id: 0x9d37e038, L:/192.168.164.227:38626 - R:/192.168.164.227:59288]
2019-09-26 13:30:46,895 INFO  logging.LoggingHandler (AbstractInternalLogger.java:log(150)) - [id: 0x20c56452, L:/0.0.0.0:38626] READ COMPLETE
2019-09-26 13:30:46,894 INFO  logging.LoggingHandler (AbstractInternalLogger.java:log(150)) - [id: 0x51301cc5, L:0.0.0.0/0.0.0.0:35127] READ COMPLETE
2019-09-26 13:30:46,895 INFO  logging.LoggingHandler (AbstractInternalLogger.java:log(150)) - [id: 0x20c56452, L:/0.0.0.0:38626] READ: [id: 0x603670ae, L:/192.168.164.227:38626 - R:/192.168.164.227:59294]
2019-09-26 13:30:46,895 INFO  logging.LoggingHandler (AbstractInternalLogger.java:log(150)) - [id: 0x71970195, L:/0.0.0.0:43773] READ COMPLETE
2019-09-26 13:30:46,895 INFO  logging.LoggingHandler (AbstractInternalLogger.java:log(150)) - [id: 0x20c56452, L:/0.0.0.0:38626] READ COMPLETE
2019-09-26 13:30:46,895 INFO  logging.LoggingHandler (AbstractInternalLogger.java:log(150)) - [id: 0x51301cc5, L:0.0.0.0/0.0.0.0:35127] READ: [id: 0xa69be5d1, L:/192.168.164.227:35127 - R:/192.168.164.227:49962]
2019-09-26 13:30:46,895 INFO  logging.LoggingHandler (AbstractInternalLogger.java:log(150)) - [id: 0x20c56452, L:/0.0.0.0:38626] READ: [id: 0xc39b012c, L:/192.168.164.227:38626 - R:/192.168.164.227:59296]
2019-09-26 13:30:46,895 INFO  logging.LoggingHandler (AbstractInternalLogger.java:log(150)) - [id: 0x71970195, L:/0.0.0.0:43773] READ: [id: 0x46700df5, L:/192.168.164.227:43773 - R:/192.168.164.227:38236]
2019-09-26 13:30:46,896 INFO  logging.LoggingHandler (AbstractInternalLogger.java:log(150)) - [id: 0x20c56452, L:/0.0.0.0:38626] READ COMPLETE
2019-09-26 13:30:46,896 INFO  logging.LoggingHandler (AbstractInternalLogger.java:log(150)) - [id: 0x51301cc5, L:0.0.0.0/0.0.0.0:35127] READ COMPLETE
2019-09-26 13:30:46,896 INFO  logging.LoggingHandler (AbstractInternalLogger.java:log(150)) - [id: 0x20c56452, L:/0.0.0.0:38626] READ: [id: 0xebb70080, L:/192.168.164.227:38626 - R:/192.168.164.227:59302]
2019-09-26 13:30:46,896 INFO  logging.LoggingHandler (AbstractInternalLogger.java:log(150)) - [id: 0x71970195, L:/0.0.0.0:43773] READ COMPLETE
2019-09-26 13:30:46,896 INFO  logging.LoggingHandler (AbstractInternalLogger.java:log(150)) - [id: 0x20c56452, L:/0.0.0.0:38626] READ COMPLETE
2019-09-26 13:30:46,896 INFO  logging.LoggingHandler (AbstractInternalLogger.java:log(150)) - [id: 0x51301cc5, L:0.0.0.0/0.0.0.0:35127] READ: [id: 0xbdb65262, L:/192.168.164.227:35127 - R:/192.168.164.227:49966]
2019-09-26 13:30:46,897 INFO  logging.LoggingHandler (AbstractInternalLogger.java:log(150)) - [id: 0x20c56452, L:/0.0.0.0:38626] READ: [id: 0x920675c7, L:/192.168.164.227:38626 - R:/192.168.164.227:59304]
2019-09-26 13:30:46,896 INFO  logging.LoggingHandler (AbstractInternalLogger.java:log(150)) - [id: 0x71970195, L:/0.0.0.0:43773] READ: [id: 0x311d271b, L:/192.168.164.227:43773 - R:/192.168.164.227:38238]
2019-09-26 13:30:46,897 INFO  logging.LoggingHandler (AbstractInternalLogger.java:log(150)) - [id: 0x20c56452, L:/0.0.0.0:38626] READ COMPLETE
2019-09-26 13:30:46,897 INFO  logging.LoggingHandler (AbstractInternalLogger.java:log(150)) - [id: 0x51301cc5, L:0.0.0.0/0.0.0.0:35127] READ COMPLETE
2019-09-26 13:30:46,897 INFO  logging.LoggingHandler (AbstractInternalLogger.java:log(150)) - [id: 0x20c56452, L:/0.0.0.0:38626] READ: [id: 0x23f8b9ae, L:/192.168.164.227:38626 - R:/192.168.164.227:59308]
2019-09-26 13:30:46,897 INFO  logging.LoggingHandler (AbstractInternalLogger.java:log(150)) - [id: 0x51301cc5, L:0.0.0.0/0.0.0.0:35127] READ: [id: 0xc5564ac8, L:/192.168.164.227:35127 - R:/192.168.164.227:49976]
2019-09-26 13:30:46,897 INFO  logging.LoggingHandler (AbstractInternalLogger.java:log(150)) - [id: 0x71970195, L:/0.0.0.0:43773] READ COMPLETE
2019-09-26 13:30:46,897 INFO  logging.LoggingHandler (AbstractInternalLogger.java:log(150)) - [id: 0x51301cc5, L:0.0.0.0/0.0.0.0:35127] READ COMPLETE
2019-09-26 13:30:46,897 INFO  logging.LoggingHandler (AbstractInternalLogger.java:log(150)) - [id: 0x20c56452, L:/0.0.0.0:38626] READ COMPLETE
2019-09-26 13:30:46,898 INFO  logging.LoggingHandler (AbstractInternalLogger.java:log(150)) - [id: 0x51301cc5, L:0.0.0.0/0.0.0.0:35127] READ: [id: 0x40835073, L:/192.168.164.227:35127 - R:/192.168.164.227:49980]
2019-09-26 13:30:46,898 INFO  logging.LoggingHandler (AbstractInternalLogger.java:log(150)) - [id: 0x20c56452, L:/0.0.0.0:38626] READ: [id: 0x83720588, L:/192.168.164.227:38626 - R:/192.168.164.227:59310]
2019-09-26 13:30:46,898 INFO  logging.LoggingHandler (AbstractInternalLogger.java:log(150)) - [id: 0x71970195, L:/0.0.0.0:43773] READ: [id: 0xf3795e7a, L:/192.168.164.227:43773 - R:/192.168.164.227:38252]
2019-09-26 13:30:46,898 INFO  logging.LoggingHandler (AbstractInternalLogger.java:log(150)) - [id: 0x20c56452, L:/0.0.0.0:38626] READ COMPLETE
2019-09-26 13:30:46,898 INFO  logging.LoggingHandler (AbstractInternalLogger.java:log(150)) - [id: 0x51301cc5, L:0.0.0.0/0.0.0.0:35127] READ COMPLETE
2019-09-26 13:30:46,898 INFO  logging.LoggingHandler (AbstractInternalLogger.java:log(150)) - [id: 0x20c56452, L:/0.0.0.0:38626] READ: [id: 0x1d7ab8c6, L:/192.168.164.227:38626 - R:/192.168.164.227:59314]
2019-09-26 13:30:46,898 INFO  logging.LoggingHandler (AbstractInternalLogger.java:log(150)) - [id: 0x71970195, L:/0.0.0.0:43773] READ COMPLETE
2019-09-26 13:30:46,899 INFO  logging.LoggingHandler (AbstractInternalLogger.java:log(150)) - [id: 0x20c56452, L:/0.0.0.0:38626] READ COMPLETE
2019-09-26 13:30:46,899 INFO  logging.LoggingHandler (AbstractInternalLogger.java:log(150)) - [id: 0x51301cc5, L:0.0.0.0/0.0.0.0:35127] READ: [id: 0xce4c6f6a, L:/192.168.164.227:35127 - R:/192.168.164.227:49982]
2019-09-26 13:30:46,899 INFO  logging.LoggingHandler (AbstractInternalLogger.java:log(150)) - [id: 0x20c56452, L:/0.0.0.0:38626] READ: [id: 0x67dac77b, L:/192.168.164.227:38626 - R:/192.168.164.227:59326]
2019-09-26 13:30:46,899 INFO  logging.LoggingHandler (AbstractInternalLogger.java:log(150)) - [id: 0x20c56452, L:/0.0.0.0:38626] READ COMPLETE
2019-09-26 13:30:46,899 INFO  logging.LoggingHandler (AbstractInternalLogger.java:log(150)) - [id: 0x20c56452, L:/0.0.0.0:38626] READ: [id: 0x3b621671, L:/192.168.164.227:38626 - R:/192.168.164.227:59328]
2019-09-26 13:30:46,899 INFO  logging.LoggingHandler (AbstractInternalLogger.java:log(150)) - [id: 0x71970195, L:/0.0.0.0:43773] READ: [id: 0xf0f14339, L:/192.168.164.227:43773 - R:/192.168.164.227:38254]
2019-09-26 13:30:46,900 INFO  logging.LoggingHandler (AbstractInternalLogger.java:log(150)) - [id: 0x20c56452, L:/0.0.0.0:38626] READ COMPLETE
2019-09-26 13:30:46,899 INFO  logging.LoggingHandler (AbstractInternalLogger.java:log(150)) - [id: 0x51301cc5, L:0.0.0.0/0.0.0.0:35127] READ COMPLETE
2019-09-26 13:30:46,900 INFO  logging.LoggingHandler (AbstractInternalLogger.java:log(150)) - [id: 0x20c56452, L:/0.0.0.0:38626] READ: [id: 0x43ae440d, L:/192.168.164.227:38626 - R:/192.168.164.227:59342]
2019-09-26 13:30:46,900 INFO  logging.LoggingHandler (AbstractInternalLogger.java:log(150)) - [id: 0x71970195, L:/0.0.0.0:43773] READ COMPLETE
2019-09-26 13:30:46,900 INFO  logging.LoggingHandler (AbstractInternalLogger.java:log(150)) - [id: 0x20c56452, L:/0.0.0.0:38626] READ COMPLETE
2019-09-26 13:30:46,900 INFO  logging.LoggingHandler (AbstractInternalLogger.java:log(150)) - [id: 0x51301cc5, L:0.0.0.0/0.0.0.0:35127] READ: [id: 0xca132cda, L:/192.168.164.227:35127 - R:/192.168.164.227:49990]
2019-09-26 13:30:46,901 INFO  logging.LoggingHandler (AbstractInternalLogger.java:log(150)) - [id: 0x20c56452, L:/0.0.0.0:38626] READ: [id: 0x4f19423f, L:/192.168.164.227:38626 - R:/192.168.164.227:59344]
2019-09-26 13:30:46,901 INFO  logging.LoggingHandler (AbstractInternalLogger.java:log(150)) - [id: 0x71970195, L:/0.0.0.0:43773] READ: [id: 0xbd0bb8eb, L:/192.168.164.227:43773 - R:/192.168.164.227:38256]
2019-09-26 13:30:46,901 INFO  logging.LoggingHandler (AbstractInternalLogger.java:log(150)) - [id: 0x20c56452, L:/0.0.0.0:38626] READ COMPLETE
2019-09-26 13:30:46,901 INFO  logging.LoggingHandler (AbstractInternalLogger.java:log(150)) - [id: 0x51301cc5, L:0.0.0.0/0.0.0.0:35127] READ COMPLETE
2019-09-26 13:30:46,901 INFO  logging.LoggingHandler (AbstractInternalLogger.java:log(150)) - [id: 0x20c56452, L:/0.0.0.0:38626] READ: [id: 0x7bd45b58, L:/192.168.164.227:38626 - R:/192.168.164.227:59348]
2019-09-26 13:30:46,901 INFO  logging.LoggingHandler (AbstractInternalLogger.java:log(150)) - [id: 0x71970195, L:/0.0.0.0:43773] READ COMPLETE
2019-09-26 13:30:46,902 INFO  logging.LoggingHandler (AbstractInternalLogger.java:log(150)) - [id: 0x20c56452, L:/0.0.0.0:38626] READ COMPLETE
2019-09-26 13:30:46,901 INFO  logging.LoggingHandler (AbstractInternalLogger.java:log(150)) - [id: 0x51301cc5, L:0.0.0.0/0.0.0.0:35127] READ: [id: 0x26533023, L:/192.168.164.227:35127 - R:/192.168.164.227:49998]
2019-09-26 13:30:46,902 INFO  logging.LoggingHandler (AbstractInternalLogger.java:log(150)) - [id: 0x20c56452, L:/0.0.0.0:38626] READ: [id: 0x9d131b30, L:/192.168.164.227:38626 - R:/192.168.164.227:59362]
2019-09-26 13:30:46,902 INFO  logging.LoggingHandler (AbstractInternalLogger.java:log(150)) - [id: 0x71970195, L:/0.0.0.0:43773] READ: [id: 0x7e172dcc, L:/192.168.164.227:43773 - R:/192.168.164.227:38262]
2019-09-26 13:30:46,902 INFO  logging.LoggingHandler (AbstractInternalLogger.java:log(150)) - [id: 0x20c56452, L:/0.0.0.0:38626] READ COMPLETE
2019-09-26 13:30:46,902 INFO  logging.LoggingHandler (AbstractInternalLogger.java:log(150)) - [id: 0x51301cc5, L:0.0.0.0/0.0.0.0:35127] READ COMPLETE
2019-09-26 13:30:46,902 INFO  logging.LoggingHandler (AbstractInternalLogger.java:log(150)) - [id: 0x20c56452, L:/0.0.0.0:38626] READ: [id: 0xd7dbb615, L:/192.168.164.227:38626 - R:/192.168.164.227:59366]
2019-09-26 13:30:46,902 INFO  logging.LoggingHandler (AbstractInternalLogger.java:log(150)) - [id: 0x71970195, L:/0.0.0.0:43773] READ COMPLETE
2019-09-26 13:30:46,903 INFO  logging.LoggingHandler (AbstractInternalLogger.java:log(150)) - [id: 0x20c56452, L:/0.0.0.0:38626] READ COMPLETE
2019-09-26 13:30:46,903 INFO  logging.LoggingHandler (AbstractInternalLogger.java:log(150)) - [id: 0x51301cc5, L:0.0.0.0/0.0.0.0:35127] READ: [id: 0x6a4c232e, L:/192.168.164.227:35127 - R:/192.168.164.227:50000]
2019-09-26 13:30:46,903 INFO  logging.LoggingHandler (AbstractInternalLogger.java:log(150)) - [id: 0x20c56452, L:/0.0.0.0:38626] READ: [id: 0xb07b0e58, L:/192.168.164.227:38626 - R:/192.168.164.227:59384]
2019-09-26 13:30:46,903 INFO  logging.LoggingHandler (AbstractInternalLogger.java:log(150)) - [id: 0x71970195, L:/0.0.0.0:43773] READ: [id: 0xbd96d872, L:/192.168.164.227:43773 - R:/192.168.164.227:38272]
2019-09-26 13:30:46,903 INFO  logging.LoggingHandler (AbstractInternalLogger.java:log(150)) - [id: 0x20c56452, L:/0.0.0.0:38626] READ COMPLETE
2019-09-26 13:30:46,903 INFO  logging.LoggingHandler (AbstractInternalLogger.java:log(150)) - [id: 0x51301cc5, L:0.0.0.0/0.0.0.0:35127] READ COMPLETE
2019-09-26 13:30:46,903 INFO  logging.LoggingHandler (AbstractInternalLogger.java:log(150)) - [id: 0x20c56452, L:/0.0.0.0:38626] READ: [id: 0x4aaecbef, L:/192.168.164.227:38626 - R:/192.168.164.227:59394]
2019-09-26 13:30:46,903 INFO  logging.LoggingHandler (AbstractInternalLogger.java:log(150)) - [id: 0x71970195, L:/0.0.0.0:43773] READ COMPLETE
2019-09-26 13:30:46,904 INFO  logging.LoggingHandler (AbstractInternalLogger.java:log(150)) - [id: 0x20c56452, L:/0.0.0.0:38626] READ COMPLETE
2019-09-26 13:30:46,904 INFO  logging.LoggingHandler (AbstractInternalLogger.java:log(150)) - [id: 0x51301cc5, L:0.0.0.0/0.0.0.0:35127] READ: [id: 0x61801de8, L:/192.168.164.227:35127 - R:/192.168.164.227:50002]
2019-09-26 13:30:46,904 INFO  logging.LoggingHandler (AbstractInternalLogger.java:log(150)) - [id: 0x71970195, L:/0.0.0.0:43773] READ: [id: 0xb5b2fd80, L:/192.168.164.227:43773 - R:/192.168.164.227:38274]
2019-09-26 13:30:46,904 INFO  logging.LoggingHandler (AbstractInternalLogger.java:log(150)) - [id: 0x51301cc5, L:0.0.0.0/0.0.0.0:35127] READ COMPLETE
2019-09-26 13:30:46,904 INFO  logging.LoggingHandler (AbstractInternalLogger.java:log(150)) - [id: 0x71970195, L:/0.0.0.0:43773] READ COMPLETE
2019-09-26 13:30:46,904 INFO  logging.LoggingHandler (AbstractInternalLogger.java:log(150)) - [id: 0x20c56452, L:/0.0.0.0:38626] READ: [id: 0x40c700b1, L:/192.168.164.227:38626 - R:/192.168.164.227:59414]
2019-09-26 13:30:46,904 INFO  logging.LoggingHandler (AbstractInternalLogger.java:log(150)) - [id: 0x71970195, L:/0.0.0.0:43773] READ: [id: 0x29a1e391, L:/192.168.164.227:43773 - R:/192.168.164.227:38276]
2019-09-26 13:30:46,904 INFO  logging.LoggingHandler (AbstractInternalLogger.java:log(150)) - [id: 0x51301cc5, L:0.0.0.0/0.0.0.0:35127] READ: [id: 0x91d0dd8d, L:/192.168.164.227:35127 - R:/192.168.164.227:50010]
2019-09-26 13:30:46,905 INFO  logging.LoggingHandler (AbstractInternalLogger.java:log(150)) - [id: 0x71970195, L:/0.0.0.0:43773] READ COMPLETE
2019-09-26 13:30:46,905 INFO  logging.LoggingHandler (AbstractInternalLogger.java:log(150)) - [id: 0x20c56452, L:/0.0.0.0:38626] READ COMPLETE
2019-09-26 13:30:46,905 INFO  logging.LoggingHandler (AbstractInternalLogger.java:log(150)) - [id: 0x71970195, L:/0.0.0.0:43773] READ: [id: 0x2c593688, L:/192.168.164.227:43773 - R:/192.168.164.227:38290]
2019-09-26 13:30:46,905 INFO  logging.LoggingHandler (AbstractInternalLogger.java:log(150)) - [id: 0x51301cc5, L:0.0.0.0/0.0.0.0:35127] READ COMPLETE
2019-09-26 13:30:46,905 INFO  logging.LoggingHandler (AbstractInternalLogger.java:log(150)) - [id: 0x71970195, L:/0.0.0.0:43773] READ COMPLETE
2019-09-26 13:30:46,905 INFO  logging.LoggingHandler (AbstractInternalLogger.java:log(150)) - [id: 0x51301cc5, L:0.0.0.0/0.0.0.0:35127] READ: [id: 0xafa50da9, L:/192.168.164.227:35127 - R:/192.168.164.227:50012]
2019-09-26 13:30:46,905 INFO  logging.LoggingHandler (AbstractInternalLogger.java:log(150)) - [id: 0x20c56452, L:/0.0.0.0:38626] READ: [id: 0x981d94ca, L:/192.168.164.227:38626 - R:/192.168.164.227:59424]
2019-09-26 13:30:46,905 INFO  logging.LoggingHandler (AbstractInternalLogger.java:log(150)) - [id: 0x71970195, L:/0.0.0.0:43773] READ: [id: 0xd9add422, L:/192.168.164.227:43773 - R:/192.168.164.227:38298]
2019-09-26 13:30:46,906 INFO  logging.LoggingHandler (AbstractInternalLogger.java:log(150)) - [id: 0x71970195, L:/0.0.0.0:43773] READ COMPLETE
2019-09-26 13:30:46,906 INFO  logging.LoggingHandler (AbstractInternalLogger.java:log(150)) - [id: 0x20c56452, L:/0.0.0.0:38626] READ COMPLETE
2019-09-26 13:30:46,906 INFO  logging.LoggingHandler (AbstractInternalLogger.java:log(150)) - [id: 0x51301cc5, L:0.0.0.0/0.0.0.0:35127] READ COMPLETE
2019-09-26 13:30:46,906 INFO  logging.LoggingHandler (AbstractInternalLogger.java:log(150)) - [id: 0x20c56452, L:/0.0.0.0:38626] READ: [id: 0xb392a8eb, L:/192.168.164.227:38626 - R:/192.168.164.227:59426]
2019-09-26 13:30:46,906 INFO  logging.LoggingHandler (AbstractInternalLogger.java:log(150)) - [id: 0x20c56452, L:/0.0.0.0:38626] READ COMPLETE
2019-09-26 13:30:46,906 INFO  logging.LoggingHandler (AbstractInternalLogger.java:log(150)) - [id: 0x71970195, L:/0.0.0.0:43773] READ: [id: 0x439bbe76, L:/192.168.164.227:43773 - R:/192.168.164.227:38300]
2019-09-26 13:30:46,907 INFO  logging.LoggingHandler (AbstractInternalLogger.java:log(150)) - [id: 0x20c56452, L:/0.0.0.0:38626] READ: [id: 0x69670b47, L:/192.168.164.227:38626 - R:/192.168.164.227:59428]
2019-09-26 13:30:46,906 INFO  logging.LoggingHandler (AbstractInternalLogger.java:log(150)) - [id: 0x51301cc5, L:0.0.0.0/0.0.0.0:35127] READ: [id: 0x466214ce, L:/192.168.164.227:35127 - R:/192.168.164.227:50016]
2019-09-26 13:30:46,907 INFO  logging.LoggingHandler (AbstractInternalLogger.java:log(150)) - [id: 0x20c56452, L:/0.0.0.0:38626] READ COMPLETE
2019-09-26 13:30:46,907 INFO  logging.LoggingHandler (AbstractInternalLogger.java:log(150)) - [id: 0x71970195, L:/0.0.0.0:43773] READ COMPLETE
2019-09-26 13:30:46,907 INFO  logging.LoggingHandler (AbstractInternalLogger.java:log(150)) - [id: 0x20c56452, L:/0.0.0.0:38626] READ: [id: 0x706dca6e, L:/192.168.164.227:38626 - R:/192.168.164.227:59430]
2019-09-26 13:30:46,907 INFO  logging.LoggingHandler (AbstractInternalLogger.java:log(150)) - [id: 0x51301cc5, L:0.0.0.0/0.0.0.0:35127] READ COMPLETE
2019-09-26 13:30:46,908 INFO  logging.LoggingHandler (AbstractInternalLogger.java:log(150)) - [id: 0x20c56452, L:/0.0.0.0:38626] READ COMPLETE
2019-09-26 13:30:46,908 INFO  logging.LoggingHandler (AbstractInternalLogger.java:log(150)) - [id: 0x20c56452, L:/0.0.0.0:38626] READ: [id: 0x40157c76, L:/192.168.164.227:38626 - R:/192.168.164.227:59434]
2019-09-26 13:30:46,907 INFO  logging.LoggingHandler (AbstractInternalLogger.java:log(150)) - [id: 0x71970195, L:/0.0.0.0:43773] READ: [id: 0x2e0b5d56, L:/192.168.164.227:43773 - R:/192.168.164.227:38302]
2019-09-26 13:30:46,908 INFO  logging.LoggingHandler (AbstractInternalLogger.java:log(150)) - [id: 0x20c56452, L:/0.0.0.0:38626] READ COMPLETE
2019-09-26 13:30:46,908 INFO  logging.LoggingHandler (AbstractInternalLogger.java:log(150)) - [id: 0x51301cc5, L:0.0.0.0/0.0.0.0:35127] READ: [id: 0x9c13e5c8, L:/192.168.164.227:35127 - R:/192.168.164.227:50018]
2019-09-26 13:30:46,908 INFO  logging.LoggingHandler (AbstractInternalLogger.java:log(150)) - [id: 0x71970195, L:/0.0.0.0:43773] READ COMPLETE
2019-09-26 13:30:46,909 INFO  logging.LoggingHandler (AbstractInternalLogger.java:log(150)) - [id: 0x51301cc5, L:0.0.0.0/0.0.0.0:35127] READ COMPLETE
2019-09-26 13:30:46,909 INFO  logging.LoggingHandler (AbstractInternalLogger.java:log(150)) - [id: 0x71970195, L:/0.0.0.0:43773] READ: [id: 0xb4b582c3, L:/192.168.164.227:43773 - R:/192.168.164.227:38306]
2019-09-26 13:30:46,909 INFO  logging.LoggingHandler (AbstractInternalLogger.java:log(150)) - [id: 0x51301cc5, L:0.0.0.0/0.0.0.0:35127] READ: [id: 0x6e1f6155, L:/192.168.164.227:35127 - R:/192.168.164.227:50020]
2019-09-26 13:30:46,909 INFO  logging.LoggingHandler (AbstractInternalLogger.java:log(150)) - [id: 0x71970195, L:/0.0.0.0:43773] READ COMPLETE
2019-09-26 13:30:46,909 INFO  logging.LoggingHandler (AbstractInternalLogger.java:log(150)) - [id: 0x51301cc5, L:0.0.0.0/0.0.0.0:35127] READ COMPLETE
2019-09-26 13:30:46,909 INFO  logging.LoggingHandler (AbstractInternalLogger.java:log(150)) - [id: 0x71970195, L:/0.0.0.0:43773] READ: [id: 0x1f0e831b, L:/192.168.164.227:43773 - R:/192.168.164.227:38308]
2019-09-26 13:30:46,910 INFO  logging.LoggingHandler (AbstractInternalLogger.java:log(150)) - [id: 0x51301cc5, L:0.0.0.0/0.0.0.0:35127] READ: [id: 0x878acf56, L:/192.168.164.227:35127 - R:/192.168.164.227:50026]
2019-09-26 13:30:46,910 INFO  logging.LoggingHandler (AbstractInternalLogger.java:log(150)) - [id: 0x71970195, L:/0.0.0.0:43773] READ COMPLETE
2019-09-26 13:30:46,910 INFO  logging.LoggingHandler (AbstractInternalLogger.java:log(150)) - [id: 0x51301cc5, L:0.0.0.0/0.0.0.0:35127] READ COMPLETE
2019-09-26 13:30:46,910 INFO  logging.LoggingHandler (AbstractInternalLogger.java:log(150)) - [id: 0x71970195, L:/0.0.0.0:43773] READ: [id: 0x905a23b8, L:/192.168.164.227:43773 - R:/192.168.164.227:38316]
2019-09-26 13:30:46,910 INFO  logging.LoggingHandler (AbstractInternalLogger.java:log(150)) - [id: 0x51301cc5, L:0.0.0.0/0.0.0.0:35127] READ: [id: 0x9bf25676, L:/192.168.164.227:35127 - R:/192.168.164.227:50028]
2019-09-26 13:30:46,910 INFO  logging.LoggingHandler (AbstractInternalLogger.java:log(150)) - [id: 0x71970195, L:/0.0.0.0:43773] READ COMPLETE
2019-09-26 13:30:46,910 INFO  logging.LoggingHandler (AbstractInternalLogger.java:log(150)) - [id: 0x51301cc5, L:0.0.0.0/0.0.0.0:35127] READ COMPLETE
2019-09-26 13:30:46,911 INFO  logging.LoggingHandler (AbstractInternalLogger.java:log(150)) - [id: 0x71970195, L:/0.0.0.0:43773] READ: [id: 0x7b86e130, L:/192.168.164.227:43773 - R:/192.168.164.227:38330]
2019-09-26 13:30:46,911 INFO  logging.LoggingHandler (AbstractInternalLogger.java:log(150)) - [id: 0x51301cc5, L:0.0.0.0/0.0.0.0:35127] READ: [id: 0x18c45601, L:/192.168.164.227:35127 - R:/192.168.164.227:50036]
2019-09-26 13:30:46,911 INFO  logging.LoggingHandler (AbstractInternalLogger.java:log(150)) - [id: 0x71970195, L:/0.0.0.0:43773] READ COMPLETE
2019-09-26 13:30:46,911 INFO  logging.LoggingHandler (AbstractInternalLogger.java:log(150)) - [id: 0x51301cc5, L:0.0.0.0/0.0.0.0:35127] READ COMPLETE
2019-09-26 13:30:46,911 INFO  logging.LoggingHandler (AbstractInternalLogger.java:log(150)) - [id: 0x71970195, L:/0.0.0.0:43773] READ: [id: 0xa2ca6c6d, L:/192.168.164.227:43773 - R:/192.168.164.227:38334]
2019-09-26 13:30:46,911 INFO  logging.LoggingHandler (AbstractInternalLogger.java:log(150)) - [id: 0x51301cc5, L:0.0.0.0/0.0.0.0:35127] READ: [id: 0x1d37ce2f, L:/192.168.164.227:35127 - R:/192.168.164.227:50042]
2019-09-26 13:30:46,911 INFO  logging.LoggingHandler (AbstractInternalLogger.java:log(150)) - [id: 0x20c56452, L:/0.0.0.0:38626] READ: [id: 0x1b5fe9af, L:/192.168.164.227:38626 - R:/192.168.164.227:59462]
2019-09-26 13:30:46,911 INFO  logging.LoggingHandler (AbstractInternalLogger.java:log(150)) - [id: 0x51301cc5, L:0.0.0.0/0.0.0.0:35127] READ COMPLETE
2019-09-26 13:30:46,911 INFO  logging.LoggingHandler (AbstractInternalLogger.java:log(150)) - [id: 0x71970195, L:/0.0.0.0:43773] READ COMPLETE
2019-09-26 13:30:46,912 INFO  logging.LoggingHandler (AbstractInternalLogger.java:log(150)) - [id: 0x51301cc5, L:0.0.0.0/0.0.0.0:35127] READ: [id: 0x630646bb, L:/192.168.164.227:35127 - R:/192.168.164.227:50046]
2019-09-26 13:30:46,912 INFO  logging.LoggingHandler (AbstractInternalLogger.java:log(150)) - [id: 0x20c56452, L:/0.0.0.0:38626] READ COMPLETE
2019-09-26 13:30:46,912 INFO  logging.LoggingHandler (AbstractInternalLogger.java:log(150)) - [id: 0x51301cc5, L:0.0.0.0/0.0.0.0:35127] READ COMPLETE
2019-09-26 13:30:46,912 INFO  logging.LoggingHandler (AbstractInternalLogger.java:log(150)) - [id: 0x71970195, L:/0.0.0.0:43773] READ: [id: 0xb87be94d, L:/192.168.164.227:43773 - R:/192.168.164.227:38340]
2019-09-26 13:30:46,912 INFO  logging.LoggingHandler (AbstractInternalLogger.java:log(150)) - [id: 0x51301cc5, L:0.0.0.0/0.0.0.0:35127] READ: [id: 0xd2ceacd9, L:/192.168.164.227:35127 - R:/192.168.164.227:50050]
2019-09-26 13:30:46,912 INFO  logging.LoggingHandler (AbstractInternalLogger.java:log(150)) - [id: 0x20c56452, L:/0.0.0.0:38626] READ: [id: 0x2b97ee11, L:/192.168.164.227:38626 - R:/192.168.164.227:59470]
2019-09-26 13:30:46,912 INFO  logging.LoggingHandler (AbstractInternalLogger.java:log(150)) - [id: 0x51301cc5, L:0.0.0.0/0.0.0.0:35127] READ COMPLETE
2019-09-26 13:30:46,912 INFO  logging.LoggingHandler (AbstractInternalLogger.java:log(150)) - [id: 0x71970195, L:/0.0.0.0:43773] READ COMPLETE
2019-09-26 13:30:46,913 INFO  logging.LoggingHandler (AbstractInternalLogger.java:log(150)) - [id: 0x51301cc5, L:0.0.0.0/0.0.0.0:35127] READ: [id: 0x925c9f34, L:/192.168.164.227:35127 - R:/192.168.164.227:50052]
2019-09-26 13:30:46,913 INFO  impl.FollowerState (FollowerState.java:run(108)) - s1@group-B6F2DE967D4B-FollowerState: change to CANDIDATE, lastRpcTime:184ms, electionTimeout:182ms
2019-09-26 13:30:46,913 INFO  logging.LoggingHandler (AbstractInternalLogger.java:log(150)) - [id: 0x20c56452, L:/0.0.0.0:38626] READ COMPLETE
2019-09-26 13:30:46,913 INFO  impl.RoleInfo (RoleInfo.java:shutdownFollowerState(121)) - s1: shutdown FollowerState
2019-09-26 13:30:46,913 INFO  logging.LoggingHandler (AbstractInternalLogger.java:log(150)) - [id: 0x51301cc5, L:0.0.0.0/0.0.0.0:35127] READ COMPLETE
2019-09-26 13:30:46,913 INFO  logging.LoggingHandler (AbstractInternalLogger.java:log(150)) - [id: 0x71970195, L:/0.0.0.0:43773] READ: [id: 0x78debe2e, L:/192.168.164.227:43773 - R:/192.168.164.227:38342]
2019-09-26 13:30:46,914 INFO  logging.LoggingHandler (AbstractInternalLogger.java:log(150)) - [id: 0x51301cc5, L:0.0.0.0/0.0.0.0:35127] READ: [id: 0x3a2d7136, L:/192.168.164.227:35127 - R:/192.168.164.227:50068]
2019-09-26 13:30:46,914 INFO  impl.RaftServerImpl (RaftServerImpl.java:setRole(170)) - s1@group-B6F2DE967D4B: changes role from  FOLLOWER to CANDIDATE at term 3 for changeToCandidate
2019-09-26 13:30:46,914 INFO  logging.LoggingHandler (AbstractInternalLogger.java:log(150)) - [id: 0x20c56452, L:/0.0.0.0:38626] READ: [id: 0x09302c64, L:/192.168.164.227:38626 - R:/192.168.164.227:59476]
2019-09-26 13:30:46,914 INFO  impl.RoleInfo (RoleInfo.java:updateAndGet(143)) - s1: start LeaderElection
2019-09-26 13:30:46,914 INFO  logging.LoggingHandler (AbstractInternalLogger.java:log(150)) - [id: 0x51301cc5, L:0.0.0.0/0.0.0.0:35127] READ COMPLETE
2019-09-26 13:30:46,914 INFO  logging.LoggingHandler (AbstractInternalLogger.java:log(150)) - [id: 0x71970195, L:/0.0.0.0:43773] READ COMPLETE
2019-09-26 13:30:46,916 INFO  logging.LoggingHandler (AbstractInternalLogger.java:log(150)) - [id: 0x51301cc5, L:0.0.0.0/0.0.0.0:35127] READ: [id: 0xea4c91a6, L:/192.168.164.227:35127 - R:/192.168.164.227:50070]
2019-09-26 13:30:46,914 INFO  logging.LoggingHandler (AbstractInternalLogger.java:log(150)) - [id: 0x20c56452, L:/0.0.0.0:38626] READ COMPLETE
2019-09-26 13:30:46,917 INFO  logging.LoggingHandler (AbstractInternalLogger.java:log(150)) - [id: 0x51301cc5, L:0.0.0.0/0.0.0.0:35127] READ COMPLETE
2019-09-26 13:30:46,917 INFO  logging.LoggingHandler (AbstractInternalLogger.java:log(150)) - [id: 0x71970195, L:/0.0.0.0:43773] READ: [id: 0x662b98d3, L:/192.168.164.227:43773 - R:/192.168.164.227:38348]
2019-09-26 13:30:46,917 INFO  logging.LoggingHandler (AbstractInternalLogger.java:log(150)) - [id: 0x51301cc5, L:0.0.0.0/0.0.0.0:35127] READ: [id: 0x29c6b7d0, L:/192.168.164.227:35127 - R:/192.168.164.227:50076]
2019-09-26 13:30:46,917 INFO  logging.LoggingHandler (AbstractInternalLogger.java:log(150)) - [id: 0x20c56452, L:/0.0.0.0:38626] READ: [id: 0x1a6c85d7, L:/192.168.164.227:38626 - R:/192.168.164.227:59478]
2019-09-26 13:30:46,917 INFO  logging.LoggingHandler (AbstractInternalLogger.java:log(150)) - [id: 0x51301cc5, L:0.0.0.0/0.0.0.0:35127] READ COMPLETE
2019-09-26 13:30:46,917 INFO  logging.LoggingHandler (AbstractInternalLogger.java:log(150)) - [id: 0x71970195, L:/0.0.0.0:43773] READ COMPLETE
2019-09-26 13:30:46,917 INFO  logging.LoggingHandler (AbstractInternalLogger.java:log(150)) - [id: 0x51301cc5, L:0.0.0.0/0.0.0.0:35127] READ: [id: 0x4af5218f, L:/192.168.164.227:35127 - R:/192.168.164.227:50078]
2019-09-26 13:30:46,917 INFO  logging.LoggingHandler (AbstractInternalLogger.java:log(150)) - [id: 0x20c56452, L:/0.0.0.0:38626] READ COMPLETE
2019-09-26 13:30:46,918 INFO  logging.LoggingHandler (AbstractInternalLogger.java:log(150)) - [id: 0x51301cc5, L:0.0.0.0/0.0.0.0:35127] READ COMPLETE
2019-09-26 13:30:46,918 INFO  logging.LoggingHandler (AbstractInternalLogger.java:log(150)) - [id: 0x71970195, L:/0.0.0.0:43773] READ: [id: 0xb4688332, L:/192.168.164.227:43773 - R:/192.168.164.227:38352]
2019-09-26 13:30:46,918 INFO  logging.LoggingHandler (AbstractInternalLogger.java:log(150)) - [id: 0x20c56452, L:/0.0.0.0:38626] READ: [id: 0xe372f178, L:/192.168.164.227:38626 - R:/192.168.164.227:59482]
2019-09-26 13:30:46,918 INFO  logging.LoggingHandler (AbstractInternalLogger.java:log(150)) - [id: 0x51301cc5, L:0.0.0.0/0.0.0.0:35127] READ: [id: 0x61a6e222, L:/192.168.164.227:35127 - R:/192.168.164.227:50082]
2019-09-26 13:30:46,918 INFO  logging.LoggingHandler (AbstractInternalLogger.java:log(150)) - [id: 0x71970195, L:/0.0.0.0:43773] READ COMPLETE
2019-09-26 13:30:46,918 INFO  logging.LoggingHandler (AbstractInternalLogger.java:log(150)) - [id: 0x51301cc5, L:0.0.0.0/0.0.0.0:35127] READ COMPLETE
2019-09-26 13:30:46,918 INFO  logging.LoggingHandler (AbstractInternalLogger.java:log(150)) - [id: 0x20c56452, L:/0.0.0.0:38626] READ COMPLETE
2019-09-26 13:30:46,919 INFO  logging.LoggingHandler (AbstractInternalLogger.java:log(150)) - [id: 0x51301cc5, L:0.0.0.0/0.0.0.0:35127] READ: [id: 0xc86615ea, L:/192.168.164.227:35127 - R:/192.168.164.227:50086]
2019-09-26 13:30:46,918 INFO  logging.LoggingHandler (AbstractInternalLogger.java:log(150)) - [id: 0x71970195, L:/0.0.0.0:43773] READ: [id: 0x4f77762d, L:/192.168.164.227:43773 - R:/192.168.164.227:38356]
2019-09-26 13:30:46,919 INFO  logging.LoggingHandler (AbstractInternalLogger.java:log(150)) - [id: 0x51301cc5, L:0.0.0.0/0.0.0.0:35127] READ COMPLETE
2019-09-26 13:30:46,919 INFO  logging.LoggingHandler (AbstractInternalLogger.java:log(150)) - [id: 0x20c56452, L:/0.0.0.0:38626] READ: [id: 0x80a653f4, L:/192.168.164.227:38626 - R:/192.168.164.227:59484]
2019-09-26 13:30:46,919 INFO  logging.LoggingHandler (AbstractInternalLogger.java:log(150)) - [id: 0x51301cc5, L:0.0.0.0/0.0.0.0:35127] READ: [id: 0x1265a821, L:/192.168.164.227:35127 - R:/192.168.164.227:50090]
2019-09-26 13:30:46,919 INFO  logging.LoggingHandler (AbstractInternalLogger.java:log(150)) - [id: 0x71970195, L:/0.0.0.0:43773] READ COMPLETE
2019-09-26 13:30:46,919 INFO  logging.LoggingHandler (AbstractInternalLogger.java:log(150)) - [id: 0x51301cc5, L:0.0.0.0/0.0.0.0:35127] READ COMPLETE
2019-09-26 13:30:46,919 INFO  logging.LoggingHandler (AbstractInternalLogger.java:log(150)) - [id: 0x20c56452, L:/0.0.0.0:38626] READ COMPLETE
2019-09-26 13:30:46,920 INFO  logging.LoggingHandler (AbstractInternalLogger.java:log(150)) - [id: 0x51301cc5, L:0.0.0.0/0.0.0.0:35127] READ: [id: 0x62aa469a, L:/192.168.164.227:35127 - R:/192.168.164.227:50094]
2019-09-26 13:30:46,920 INFO  logging.LoggingHandler (AbstractInternalLogger.java:log(150)) - [id: 0x20c56452, L:/0.0.0.0:38626] READ: [id: 0x50952995, L:/192.168.164.227:38626 - R:/192.168.164.227:59486]
2019-09-26 13:30:46,919 INFO  logging.LoggingHandler (AbstractInternalLogger.java:log(150)) - [id: 0x71970195, L:/0.0.0.0:43773] READ: [id: 0xe9eef7b6, L:/192.168.164.227:43773 - R:/192.168.164.227:38364]
2019-09-26 13:30:46,920 INFO  logging.LoggingHandler (AbstractInternalLogger.java:log(150)) - [id: 0x20c56452, L:/0.0.0.0:38626] READ COMPLETE
2019-09-26 13:30:46,920 INFO  logging.LoggingHandler (AbstractInternalLogger.java:log(150)) - [id: 0x51301cc5, L:0.0.0.0/0.0.0.0:35127] READ COMPLETE
2019-09-26 13:30:46,920 INFO  logging.LoggingHandler (AbstractInternalLogger.java:log(150)) - [id: 0x20c56452, L:/0.0.0.0:38626] READ: [id: 0xce0a7690, L:/192.168.164.227:38626 - R:/192.168.164.227:59490]
2019-09-26 13:30:46,920 INFO  logging.LoggingHandler (AbstractInternalLogger.java:log(150)) - [id: 0x71970195, L:/0.0.0.0:43773] READ COMPLETE
2019-09-26 13:30:46,920 INFO  logging.LoggingHandler (AbstractInternalLogger.java:log(150)) - [id: 0x20c56452, L:/0.0.0.0:38626] READ COMPLETE
2019-09-26 13:30:46,920 INFO  logging.LoggingHandler (AbstractInternalLogger.java:log(150)) - [id: 0x51301cc5, L:0.0.0.0/0.0.0.0:35127] READ: [id: 0xbd8b9201, L:/192.168.164.227:35127 - R:/192.168.164.227:50098]
2019-09-26 13:30:46,921 INFO  logging.LoggingHandler (AbstractInternalLogger.java:log(150)) - [id: 0x20c56452, L:/0.0.0.0:38626] READ: [id: 0xe8a35c14, L:/192.168.164.227:38626 - R:/192.168.164.227:59498]
2019-09-26 13:30:46,921 INFO  logging.LoggingHandler (AbstractInternalLogger.java:log(150)) - [id: 0x71970195, L:/0.0.0.0:43773] READ: [id: 0xc726562f, L:/192.168.164.227:43773 - R:/192.168.164.227:38370]
2019-09-26 13:30:46,921 INFO  logging.LoggingHandler (AbstractInternalLogger.java:log(150)) - [id: 0x20c56452, L:/0.0.0.0:38626] READ COMPLETE
2019-09-26 13:30:46,921 INFO  logging.LoggingHandler (AbstractInternalLogger.java:log(150)) - [id: 0x51301cc5, L:0.0.0.0/0.0.0.0:35127] READ COMPLETE
2019-09-26 13:30:46,921 INFO  logging.LoggingHandler (AbstractInternalLogger.java:log(150)) - [id: 0x20c56452, L:/0.0.0.0:38626] READ: [id: 0x57325c98, L:/192.168.164.227:38626 - R:/192.168.164.227:59500]
2019-09-26 13:30:46,921 INFO  logging.LoggingHandler (AbstractInternalLogger.java:log(150)) - [id: 0x71970195, L:/0.0.0.0:43773] READ COMPLETE
2019-09-26 13:30:46,921 INFO  logging.LoggingHandler (AbstractInternalLogger.java:log(150)) - [id: 0x20c56452, L:/0.0.0.0:38626] READ COMPLETE
2019-09-26 13:30:46,921 INFO  logging.LoggingHandler (AbstractInternalLogger.java:log(150)) - [id: 0x51301cc5, L:0.0.0.0/0.0.0.0:35127] READ: [id: 0xbefb700e, L:/192.168.164.227:35127 - R:/192.168.164.227:50110]
2019-09-26 13:30:46,922 INFO  logging.LoggingHandler (AbstractInternalLogger.java:log(150)) - [id: 0x71970195, L:/0.0.0.0:43773] READ: [id: 0xa543b3fa, L:/192.168.164.227:43773 - R:/192.168.164.227:38372]
2019-09-26 13:30:46,922 INFO  logging.LoggingHandler (AbstractInternalLogger.java:log(150)) - [id: 0x20c56452, L:/0.0.0.0:38626] READ: [id: 0x9e5f8cc7, L:/192.168.164.227:38626 - R:/192.168.164.227:59504]
2019-09-26 13:30:46,922 INFO  logging.LoggingHandler (AbstractInternalLogger.java:log(150)) - [id: 0x51301cc5, L:0.0.0.0/0.0.0.0:35127] READ COMPLETE
2019-09-26 13:30:46,922 INFO  logging.LoggingHandler (AbstractInternalLogger.java:log(150)) - [id: 0x20c56452, L:/0.0.0.0:38626] READ COMPLETE
2019-09-26 13:30:46,922 INFO  logging.LoggingHandler (AbstractInternalLogger.java:log(150)) - [id: 0x71970195, L:/0.0.0.0:43773] READ COMPLETE
2019-09-26 13:30:46,923 INFO  logging.LoggingHandler (AbstractInternalLogger.java:log(150)) - [id: 0x20c56452, L:/0.0.0.0:38626] READ: [id: 0x9ae78eba, L:/192.168.164.227:38626 - R:/192.168.164.227:59508]
2019-09-26 13:30:46,923 INFO  logging.LoggingHandler (AbstractInternalLogger.java:log(150)) - [id: 0x51301cc5, L:0.0.0.0/0.0.0.0:35127] READ: [id: 0xd5e7f0d1, L:/192.168.164.227:35127 - R:/192.168.164.227:50122]
2019-09-26 13:30:46,923 INFO  logging.LoggingHandler (AbstractInternalLogger.java:log(150)) - [id: 0x20c56452, L:/0.0.0.0:38626] READ COMPLETE
2019-09-26 13:30:46,923 INFO  logging.LoggingHandler (AbstractInternalLogger.java:log(150)) - [id: 0x71970195, L:/0.0.0.0:43773] READ: [id: 0x513d9c20, L:/192.168.164.227:43773 - R:/192.168.164.227:38386]
2019-09-26 13:30:46,924 INFO  logging.LoggingHandler (AbstractInternalLogger.java:log(150)) - [id: 0x20c56452, L:/0.0.0.0:38626] READ: [id: 0x057ecf1c, L:/192.168.164.227:38626 - R:/192.168.164.227:59512]
2019-09-26 13:30:46,923 INFO  logging.LoggingHandler (AbstractInternalLogger.java:log(150)) - [id: 0x51301cc5, L:0.0.0.0/0.0.0.0:35127] READ COMPLETE
2019-09-26 13:30:46,924 INFO  logging.LoggingHandler (AbstractInternalLogger.java:log(150)) - [id: 0x20c56452, L:/0.0.0.0:38626] READ COMPLETE
2019-09-26 13:30:46,924 INFO  logging.LoggingHandler (AbstractInternalLogger.java:log(150)) - [id: 0x71970195, L:/0.0.0.0:43773] READ COMPLETE
2019-09-26 13:30:46,924 INFO  logging.LoggingHandler (AbstractInternalLogger.java:log(150)) - [id: 0x20c56452, L:/0.0.0.0:38626] READ: [id: 0xa211cbc6, L:/192.168.164.227:38626 - R:/192.168.164.227:59514]
2019-09-26 13:30:46,924 INFO  logging.LoggingHandler (AbstractInternalLogger.java:log(150)) - [id: 0x51301cc5, L:0.0.0.0/0.0.0.0:35127] READ: [id: 0x337f61cf, L:/192.168.164.227:35127 - R:/192.168.164.227:50126]
2019-09-26 13:30:46,924 INFO  logging.LoggingHandler (AbstractInternalLogger.java:log(150)) - [id: 0x20c56452, L:/0.0.0.0:38626] READ COMPLETE
2019-09-26 13:30:46,924 INFO  logging.LoggingHandler (AbstractInternalLogger.java:log(150)) - [id: 0x71970195, L:/0.0.0.0:43773] READ: [id: 0xee6ad0de, L:/192.168.164.227:43773 - R:/192.168.164.227:38392]
2019-09-26 13:30:46,925 INFO  logging.LoggingHandler (AbstractInternalLogger.java:log(150)) - [id: 0x20c56452, L:/0.0.0.0:38626] READ: [id: 0x7f7f2100, L:/192.168.164.227:38626 - R:/192.168.164.227:59532]
2019-09-26 13:30:46,924 INFO  logging.LoggingHandler (AbstractInternalLogger.java:log(150)) - [id: 0x51301cc5, L:0.0.0.0/0.0.0.0:35127] READ COMPLETE
2019-09-26 13:30:46,925 INFO  logging.LoggingHandler (AbstractInternalLogger.java:log(150)) - [id: 0x20c56452, L:/0.0.0.0:38626] READ COMPLETE
2019-09-26 13:30:46,925 INFO  logging.LoggingHandler (AbstractInternalLogger.java:log(150)) - [id: 0x51301cc5, L:0.0.0.0/0.0.0.0:35127] READ: [id: 0x8a4a715e, L:/192.168.164.227:35127 - R:/192.168.164.227:50148]
2019-09-26 13:30:46,925 INFO  logging.LoggingHandler (AbstractInternalLogger.java:log(150)) - [id: 0x71970195, L:/0.0.0.0:43773] READ COMPLETE
2019-09-26 13:30:46,925 INFO  logging.LoggingHandler (AbstractInternalLogger.java:log(150)) - [id: 0x51301cc5, L:0.0.0.0/0.0.0.0:35127] READ COMPLETE
2019-09-26 13:30:46,925 INFO  logging.LoggingHandler (AbstractInternalLogger.java:log(150)) - [id: 0x71970195, L:/0.0.0.0:43773] READ: [id: 0x1079f104, L:/192.168.164.227:43773 - R:/192.168.164.227:38400]
2019-09-26 13:30:46,925 INFO  logging.LoggingHandler (AbstractInternalLogger.java:log(150)) - [id: 0x20c56452, L:/0.0.0.0:38626] READ: [id: 0x31f4f1fd, L:/192.168.164.227:38626 - R:/192.168.164.227:59536]
2019-09-26 13:30:46,926 INFO  logging.LoggingHandler (AbstractInternalLogger.java:log(150)) - [id: 0x71970195, L:/0.0.0.0:43773] READ COMPLETE
2019-09-26 13:30:46,925 INFO  logging.LoggingHandler (AbstractInternalLogger.java:log(150)) - [id: 0x51301cc5, L:0.0.0.0/0.0.0.0:35127] READ: [id: 0x8c608027, L:/192.168.164.227:35127 - R:/192.168.164.227:50154]
2019-09-26 13:30:46,926 INFO  logging.LoggingHandler (AbstractInternalLogger.java:log(150)) - [id: 0x71970195, L:/0.0.0.0:43773] READ: [id: 0xa22d1491, L:/192.168.164.227:43773 - R:/192.168.164.227:38404]
2019-09-26 13:30:46,926 INFO  logging.LoggingHandler (AbstractInternalLogger.java:log(150)) - [id: 0x20c56452, L:/0.0.0.0:38626] READ COMPLETE
2019-09-26 13:30:46,926 INFO  logging.LoggingHandler (AbstractInternalLogger.java:log(150)) - [id: 0x71970195, L:/0.0.0.0:43773] READ COMPLETE
2019-09-26 13:30:46,926 INFO  logging.LoggingHandler (AbstractInternalLogger.java:log(150)) - [id: 0x51301cc5, L:0.0.0.0/0.0.0.0:35127] READ COMPLETE
2019-09-26 13:30:46,926 INFO  logging.LoggingHandler (AbstractInternalLogger.java:log(150)) - [id: 0x71970195, L:/0.0.0.0:43773] READ: [id: 0xfddfb6be, L:/192.168.164.227:43773 - R:/192.168.164.227:38408]
2019-09-26 13:30:46,926 INFO  logging.LoggingHandler (AbstractInternalLogger.java:log(150)) - [id: 0x20c56452, L:/0.0.0.0:38626] READ: [id: 0x0cbdf4ed, L:/192.168.164.227:38626 - R:/192.168.164.227:59540]
2019-09-26 13:30:46,926 INFO  logging.LoggingHandler (AbstractInternalLogger.java:log(150)) - [id: 0x71970195, L:/0.0.0.0:43773] READ COMPLETE
2019-09-26 13:30:46,926 INFO  logging.LoggingHandler (AbstractInternalLogger.java:log(150)) - [id: 0x51301cc5, L:0.0.0.0/0.0.0.0:35127] READ: [id: 0x3a3f8c10, L:/192.168.164.227:35127 - R:/192.168.164.227:50156]
2019-09-26 13:30:46,927 INFO  logging.LoggingHandler (AbstractInternalLogger.java:log(150)) - [id: 0x71970195, L:/0.0.0.0:43773] READ: [id: 0x799f5c3e, L:/192.168.164.227:43773 - R:/192.168.164.227:38414]
2019-09-26 13:30:46,927 INFO  logging.LoggingHandler (AbstractInternalLogger.java:log(150)) - [id: 0x20c56452, L:/0.0.0.0:38626] READ COMPLETE
2019-09-26 13:30:46,927 INFO  logging.LoggingHandler (AbstractInternalLogger.java:log(150)) - [id: 0x71970195, L:/0.0.0.0:43773] READ COMPLETE
2019-09-26 13:30:46,927 INFO  logging.LoggingHandler (AbstractInternalLogger.java:log(150)) - [id: 0x51301cc5, L:0.0.0.0/0.0.0.0:35127] READ COMPLETE
2019-09-26 13:30:46,927 INFO  logging.LoggingHandler (AbstractInternalLogger.java:log(150)) - [id: 0x71970195, L:/0.0.0.0:43773] READ: [id: 0x89ebcd16, L:/192.168.164.227:43773 - R:/192.168.164.227:38418]
2019-09-26 13:30:46,927 INFO  logging.LoggingHandler (AbstractInternalLogger.java:log(150)) - [id: 0x20c56452, L:/0.0.0.0:38626] READ: [id: 0xdd291c4b, L:/192.168.164.227:38626 - R:/192.168.164.227:59548]
2019-09-26 13:30:46,928 INFO  logging.LoggingHandler (AbstractInternalLogger.java:log(150)) - [id: 0x71970195, L:/0.0.0.0:43773] READ COMPLETE
2019-09-26 13:30:46,927 INFO  logging.LoggingHandler (AbstractInternalLogger.java:log(150)) - [id: 0x51301cc5, L:0.0.0.0/0.0.0.0:35127] READ: [id: 0xd9f3399d, L:/192.168.164.227:35127 - R:/192.168.164.227:50160]
2019-09-26 13:30:46,928 INFO  logging.LoggingHandler (AbstractInternalLogger.java:log(150)) - [id: 0x71970195, L:/0.0.0.0:43773] READ: [id: 0xe2d69fd3, L:/192.168.164.227:43773 - R:/192.168.164.227:38420]
2019-09-26 13:30:46,928 INFO  logging.LoggingHandler (AbstractInternalLogger.java:log(150)) - [id: 0x20c56452, L:/0.0.0.0:38626] READ COMPLETE
2019-09-26 13:30:46,928 INFO  logging.LoggingHandler (AbstractInternalLogger.java:log(150)) - [id: 0x71970195, L:/0.0.0.0:43773] READ COMPLETE
2019-09-26 13:30:46,928 INFO  logging.LoggingHandler (AbstractInternalLogger.java:log(150)) - [id: 0x51301cc5, L:0.0.0.0/0.0.0.0:35127] READ COMPLETE
2019-09-26 13:30:46,928 INFO  logging.LoggingHandler (AbstractInternalLogger.java:log(150)) - [id: 0x71970195, L:/0.0.0.0:43773] READ: [id: 0xe525e1c5, L:/192.168.164.227:43773 - R:/192.168.164.227:38426]
2019-09-26 13:30:46,928 INFO  logging.LoggingHandler (AbstractInternalLogger.java:log(150)) - [id: 0x20c56452, L:/0.0.0.0:38626] READ: [id: 0xa6875076, L:/192.168.164.227:38626 - R:/192.168.164.227:59552]
2019-09-26 13:30:46,929 INFO  logging.LoggingHandler (AbstractInternalLogger.java:log(150)) - [id: 0x20c56452, L:/0.0.0.0:38626] READ COMPLETE
2019-09-26 13:30:46,929 INFO  logging.LoggingHandler (AbstractInternalLogger.java:log(150)) - [id: 0x71970195, L:/0.0.0.0:43773] READ COMPLETE
2019-09-26 13:30:46,929 INFO  logging.LoggingHandler (AbstractInternalLogger.java:log(150)) - [id: 0x51301cc5, L:0.0.0.0/0.0.0.0:35127] READ: [id: 0xf2823196, L:/192.168.164.227:35127 - R:/192.168.164.227:50174]
2019-09-26 13:30:46,929 INFO  logging.LoggingHandler (AbstractInternalLogger.java:log(150)) - [id: 0x71970195, L:/0.0.0.0:43773] READ: [id: 0x8c99c2ec, L:/192.168.164.227:43773 - R:/192.168.164.227:38432]
2019-09-26 13:30:46,929 INFO  logging.LoggingHandler (AbstractInternalLogger.java:log(150)) - [id: 0x20c56452, L:/0.0.0.0:38626] READ: [id: 0x53eacd25, L:/192.168.164.227:38626 - R:/192.168.164.227:59554]
2019-09-26 13:30:46,929 INFO  logging.LoggingHandler (AbstractInternalLogger.java:log(150)) - [id: 0x71970195, L:/0.0.0.0:43773] READ COMPLETE
2019-09-26 13:30:46,929 INFO  logging.LoggingHandler (AbstractInternalLogger.java:log(150)) - [id: 0x51301cc5, L:0.0.0.0/0.0.0.0:35127] READ COMPLETE
2019-09-26 13:30:46,930 INFO  logging.LoggingHandler (AbstractInternalLogger.java:log(150)) - [id: 0x71970195, L:/0.0.0.0:43773] READ: [id: 0x99db6cbe, L:/192.168.164.227:43773 - R:/192.168.164.227:38436]
2019-09-26 13:30:46,930 INFO  logging.LoggingHandler (AbstractInternalLogger.java:log(150)) - [id: 0x51301cc5, L:0.0.0.0/0.0.0.0:35127] READ: [id: 0x8fc730fa, L:/192.168.164.227:35127 - R:/192.168.164.227:50190]
2019-09-26 13:30:46,929 INFO  logging.LoggingHandler (AbstractInternalLogger.java:log(150)) - [id: 0x20c56452, L:/0.0.0.0:38626] READ COMPLETE
2019-09-26 13:30:46,930 INFO  logging.LoggingHandler (AbstractInternalLogger.java:log(150)) - [id: 0x51301cc5, L:0.0.0.0/0.0.0.0:35127] READ COMPLETE
2019-09-26 13:30:46,930 INFO  logging.LoggingHandler (AbstractInternalLogger.java:log(150)) - [id: 0x71970195, L:/0.0.0.0:43773] READ COMPLETE
2019-09-26 13:30:46,930 INFO  logging.LoggingHandler (AbstractInternalLogger.java:log(150)) - [id: 0x51301cc5, L:0.0.0.0/0.0.0.0:35127] READ: [id: 0x3b74f7b2, L:/192.168.164.227:35127 - R:/192.168.164.227:50192]
2019-09-26 13:30:46,930 INFO  logging.LoggingHandler (AbstractInternalLogger.java:log(150)) - [id: 0x20c56452, L:/0.0.0.0:38626] READ: [id: 0x47c9c452, L:/192.168.164.227:38626 - R:/192.168.164.227:59558]
2019-09-26 13:30:46,930 INFO  logging.LoggingHandler (AbstractInternalLogger.java:log(150)) - [id: 0x51301cc5, L:0.0.0.0/0.0.0.0:35127] READ COMPLETE
2019-09-26 13:30:46,930 INFO  logging.LoggingHandler (AbstractInternalLogger.java:log(150)) - [id: 0x71970195, L:/0.0.0.0:43773] READ: [id: 0xc575ee64, L:/192.168.164.227:43773 - R:/192.168.164.227:38440]
2019-09-26 13:30:46,931 INFO  logging.LoggingHandler (AbstractInternalLogger.java:log(150)) - [id: 0x51301cc5, L:0.0.0.0/0.0.0.0:35127] READ: [id: 0x8130c1b8, L:/192.168.164.227:35127 - R:/192.168.164.227:50200]
2019-09-26 13:30:46,931 INFO  logging.LoggingHandler (AbstractInternalLogger.java:log(150)) - [id: 0x20c56452, L:/0.0.0.0:38626] READ COMPLETE
2019-09-26 13:30:46,931 INFO  logging.LoggingHandler (AbstractInternalLogger.java:log(150)) - [id: 0x51301cc5, L:0.0.0.0/0.0.0.0:35127] READ COMPLETE
2019-09-26 13:30:46,931 INFO  logging.LoggingHandler (AbstractInternalLogger.java:log(150)) - [id: 0x71970195, L:/0.0.0.0:43773] READ COMPLETE
2019-09-26 13:30:46,931 INFO  logging.LoggingHandler (AbstractInternalLogger.java:log(150)) - [id: 0x51301cc5, L:0.0.0.0/0.0.0.0:35127] READ: [id: 0xdffe8c7d, L:/192.168.164.227:35127 - R:/192.168.164.227:50208]
2019-09-26 13:30:46,931 INFO  logging.LoggingHandler (AbstractInternalLogger.java:log(150)) - [id: 0x20c56452, L:/0.0.0.0:38626] READ: [id: 0x11957ccf, L:/192.168.164.227:38626 - R:/192.168.164.227:59568]
2019-09-26 13:30:46,931 INFO  logging.LoggingHandler (AbstractInternalLogger.java:log(150)) - [id: 0x51301cc5, L:0.0.0.0/0.0.0.0:35127] READ COMPLETE
2019-09-26 13:30:46,931 INFO  logging.LoggingHandler (AbstractInternalLogger.java:log(150)) - [id: 0x71970195, L:/0.0.0.0:43773] READ: [id: 0x3dfe7950, L:/192.168.164.227:43773 - R:/192.168.164.227:38444]
2019-09-26 13:30:46,931 INFO  impl.LeaderElection (LeaderElection.java:askForVotes(178)) - s1@group-B6F2DE967D4B-LeaderElection6: begin an election at term 4 for 0: [s0:0.0.0.0:35127, s1:0.0.0.0:38626, s2:0.0.0.0:43773], old=null
2019-09-26 13:30:46,932 INFO  logging.LoggingHandler (AbstractInternalLogger.java:log(150)) - [id: 0x71970195, L:/0.0.0.0:43773] READ COMPLETE
2019-09-26 13:30:46,932 INFO  logging.LoggingHandler (AbstractInternalLogger.java:log(150)) - [id: 0x51301cc5, L:0.0.0.0/0.0.0.0:35127] READ: [id: 0x8bd32a8d, L:/192.168.164.227:35127 - R:/192.168.164.227:50214]
2019-09-26 13:30:46,932 INFO  logging.LoggingHandler (AbstractInternalLogger.java:log(150)) - [id: 0x20c56452, L:/0.0.0.0:38626] READ COMPLETE
2019-09-26 13:30:46,932 INFO  logging.LoggingHandler (AbstractInternalLogger.java:log(150)) - [id: 0x51301cc5, L:0.0.0.0/0.0.0.0:35127] READ COMPLETE
2019-09-26 13:30:46,932 INFO  logging.LoggingHandler (AbstractInternalLogger.java:log(150)) - [id: 0x71970195, L:/0.0.0.0:43773] READ: [id: 0x195faf67, L:/192.168.164.227:43773 - R:/192.168.164.227:38448]
2019-09-26 13:30:46,933 INFO  impl.RaftServerImpl (RaftServerImpl.java:setRole(170)) - s2@group-B6F2DE967D4B: changes role from  FOLLOWER to FOLLOWER at term 4 for recognizeCandidate:s1
2019-09-26 13:30:46,933 INFO  impl.RaftServerImpl (RaftServerImpl.java:setRole(170)) - s0@group-B6F2DE967D4B: changes role from  FOLLOWER to FOLLOWER at term 4 for recognizeCandidate:s1
2019-09-26 13:30:46,933 INFO  logging.LoggingHandler (AbstractInternalLogger.java:log(150)) - [id: 0x51301cc5, L:0.0.0.0/0.0.0.0:35127] READ: [id: 0x833d32e2, L:/192.168.164.227:35127 - R:/192.168.164.227:50216]
2019-09-26 13:30:46,932 INFO  logging.LoggingHandler (AbstractInternalLogger.java:log(150)) - [id: 0x20c56452, L:/0.0.0.0:38626] READ: [id: 0x1df221a8, L:/192.168.164.227:38626 - R:/192.168.164.227:59576]
2019-09-26 13:30:46,933 INFO  logging.LoggingHandler (AbstractInternalLogger.java:log(150)) - [id: 0x51301cc5, L:0.0.0.0/0.0.0.0:35127] READ COMPLETE
2019-09-26 13:30:46,933 INFO  impl.RoleInfo (RoleInfo.java:shutdownFollowerState(121)) - s0: shutdown FollowerState
2019-09-26 13:30:46,933 INFO  impl.RoleInfo (RoleInfo.java:shutdownFollowerState(121)) - s2: shutdown FollowerState
2019-09-26 13:30:46,933 INFO  logging.LoggingHandler (AbstractInternalLogger.java:log(150)) - [id: 0x71970195, L:/0.0.0.0:43773] READ COMPLETE
2019-09-26 13:30:46,934 INFO  impl.FollowerState (FollowerState.java:run(117)) - s2@group-B6F2DE967D4B-FollowerState was interrupted: java.lang.InterruptedException: sleep interrupted
2019-09-26 13:30:46,934 INFO  impl.RoleInfo (RoleInfo.java:updateAndGet(143)) - s2: start FollowerState
2019-09-26 13:30:46,934 INFO  impl.FollowerState (FollowerState.java:run(117)) - s0@group-B6F2DE967D4B-FollowerState was interrupted: java.lang.InterruptedException: sleep interrupted
2019-09-26 13:30:46,934 INFO  impl.RoleInfo (RoleInfo.java:updateAndGet(143)) - s0: start FollowerState
2019-09-26 13:30:46,933 INFO  logging.LoggingHandler (AbstractInternalLogger.java:log(150)) - [id: 0x20c56452, L:/0.0.0.0:38626] READ COMPLETE
2019-09-26 13:30:46,935 INFO  logging.LoggingHandler (AbstractInternalLogger.java:log(150)) - [id: 0x51301cc5, L:0.0.0.0/0.0.0.0:35127] READ: [id: 0x2ba7cf04, L:/192.168.164.227:35127 - R:/192.168.164.227:50238]
2019-09-26 13:30:46,934 INFO  logging.LoggingHandler (AbstractInternalLogger.java:log(150)) - [id: 0x71970195, L:/0.0.0.0:43773] READ: [id: 0x5c4314cc, L:/192.168.164.227:43773 - R:/192.168.164.227:38454]
2019-09-26 13:30:46,937 INFO  logging.LoggingHandler (AbstractInternalLogger.java:log(150)) - [id: 0x51301cc5, L:0.0.0.0/0.0.0.0:35127] READ COMPLETE
2019-09-26 13:30:46,937 INFO  logging.LoggingHandler (AbstractInternalLogger.java:log(150)) - [id: 0x20c56452, L:/0.0.0.0:38626] READ: [id: 0xc3899535, L:/192.168.164.227:38626 - R:/192.168.164.227:59588]
2019-09-26 13:30:46,937 INFO  logging.LoggingHandler (AbstractInternalLogger.java:log(150)) - [id: 0x71970195, L:/0.0.0.0:43773] READ COMPLETE
2019-09-26 13:30:46,937 INFO  logging.LoggingHandler (AbstractInternalLogger.java:log(150)) - [id: 0x20c56452, L:/0.0.0.0:38626] READ COMPLETE
2019-09-26 13:30:46,937 INFO  logging.LoggingHandler (AbstractInternalLogger.java:log(150)) - [id: 0x71970195, L:/0.0.0.0:43773] READ: [id: 0x229643bb, L:/192.168.164.227:43773 - R:/192.168.164.227:38462]
2019-09-26 13:30:46,938 INFO  logging.LoggingHandler (AbstractInternalLogger.java:log(150)) - [id: 0x20c56452, L:/0.0.0.0:38626] READ: [id: 0xe9bbeaf7, L:/192.168.164.227:38626 - R:/192.168.164.227:59592]
2019-09-26 13:30:46,938 INFO  logging.LoggingHandler (AbstractInternalLogger.java:log(150)) - [id: 0x20c56452, L:/0.0.0.0:38626] READ COMPLETE
2019-09-26 13:30:46,938 INFO  logging.LoggingHandler (AbstractInternalLogger.java:log(150)) - [id: 0x71970195, L:/0.0.0.0:43773] READ COMPLETE
2019-09-26 13:30:46,938 INFO  logging.LoggingHandler (AbstractInternalLogger.java:log(150)) - [id: 0x20c56452, L:/0.0.0.0:38626] READ: [id: 0x8cc14b3e, L:/192.168.164.227:38626 - R:/192.168.164.227:59596]
2019-09-26 13:30:46,938 INFO  logging.LoggingHandler (AbstractInternalLogger.java:log(150)) - [id: 0x71970195, L:/0.0.0.0:43773] READ: [id: 0xa7a52d70, L:/192.168.164.227:43773 - R:/192.168.164.227:38464]
2019-09-26 13:30:46,938 INFO  logging.LoggingHandler (AbstractInternalLogger.java:log(150)) - [id: 0x20c56452, L:/0.0.0.0:38626] READ COMPLETE
2019-09-26 13:30:46,938 INFO  logging.LoggingHandler (AbstractInternalLogger.java:log(150)) - [id: 0x71970195, L:/0.0.0.0:43773] READ COMPLETE
2019-09-26 13:30:46,939 INFO  logging.LoggingHandler (AbstractInternalLogger.java:log(150)) - [id: 0x51301cc5, L:0.0.0.0/0.0.0.0:35127] READ: [id: 0x3f686d08, L:/192.168.164.227:35127 - R:/192.168.164.227:50244]
2019-09-26 13:30:46,938 INFO  logging.LoggingHandler (AbstractInternalLogger.java:log(150)) - [id: 0x20c56452, L:/0.0.0.0:38626] READ: [id: 0xdf06595a, L:/192.168.164.227:38626 - R:/192.168.164.227:59600]
2019-09-26 13:30:46,939 INFO  logging.LoggingHandler (AbstractInternalLogger.java:log(150)) - [id: 0x51301cc5, L:0.0.0.0/0.0.0.0:35127] READ COMPLETE
2019-09-26 13:30:46,939 INFO  logging.LoggingHandler (AbstractInternalLogger.java:log(150)) - [id: 0x71970195, L:/0.0.0.0:43773] READ: [id: 0xc9cd90e9, L:/192.168.164.227:43773 - R:/192.168.164.227:38470]
2019-09-26 13:30:46,939 INFO  logging.LoggingHandler (AbstractInternalLogger.java:log(150)) - [id: 0x51301cc5, L:0.0.0.0/0.0.0.0:35127] READ: [id: 0xd2331498, L:/192.168.164.227:35127 - R:/192.168.164.227:50246]
2019-09-26 13:30:46,939 INFO  logging.LoggingHandler (AbstractInternalLogger.java:log(150)) - [id: 0x20c56452, L:/0.0.0.0:38626] READ COMPLETE
2019-09-26 13:30:46,939 INFO  logging.LoggingHandler (AbstractInternalLogger.java:log(150)) - [id: 0x51301cc5, L:0.0.0.0/0.0.0.0:35127] READ COMPLETE
2019-09-26 13:30:46,939 INFO  logging.LoggingHandler (AbstractInternalLogger.java:log(150)) - [id: 0x71970195, L:/0.0.0.0:43773] READ COMPLETE
2019-09-26 13:30:46,940 INFO  logging.LoggingHandler (AbstractInternalLogger.java:log(150)) - [id: 0x51301cc5, L:0.0.0.0/0.0.0.0:35127] READ: [id: 0xc1e0494b, L:/192.168.164.227:35127 - R:/192.168.164.227:50250]
2019-09-26 13:30:46,940 INFO  logging.LoggingHandler (AbstractInternalLogger.java:log(150)) - [id: 0x20c56452, L:/0.0.0.0:38626] READ: [id: 0xc5da6c3d, L:/192.168.164.227:38626 - R:/192.168.164.227:59604]
2019-09-26 13:30:46,940 INFO  logging.LoggingHandler (AbstractInternalLogger.java:log(150)) - [id: 0x51301cc5, L:0.0.0.0/0.0.0.0:35127] READ COMPLETE
2019-09-26 13:30:46,940 INFO  logging.LoggingHandler (AbstractInternalLogger.java:log(150)) - [id: 0x71970195, L:/0.0.0.0:43773] READ: [id: 0xe7684e46, L:/192.168.164.227:43773 - R:/192.168.164.227:38472]
2019-09-26 13:30:46,940 INFO  logging.LoggingHandler (AbstractInternalLogger.java:log(150)) - [id: 0x51301cc5, L:0.0.0.0/0.0.0.0:35127] READ: [id: 0x29f6216a, L:/192.168.164.227:35127 - R:/192.168.164.227:50254]
2019-09-26 13:30:46,940 INFO  logging.LoggingHandler (AbstractInternalLogger.java:log(150)) - [id: 0x20c56452, L:/0.0.0.0:38626] READ COMPLETE
2019-09-26 13:30:46,940 INFO  logging.LoggingHandler (AbstractInternalLogger.java:log(150)) - [id: 0x51301cc5, L:0.0.0.0/0.0.0.0:35127] READ COMPLETE
2019-09-26 13:30:46,940 INFO  logging.LoggingHandler (AbstractInternalLogger.java:log(150)) - [id: 0x71970195, L:/0.0.0.0:43773] READ COMPLETE
2019-09-26 13:30:46,941 INFO  logging.LoggingHandler (AbstractInternalLogger.java:log(150)) - [id: 0x20c56452, L:/0.0.0.0:38626] READ: [id: 0xfe37fd36, L:/192.168.164.227:38626 - R:/192.168.164.227:59606]
2019-09-26 13:30:46,941 INFO  logging.LoggingHandler (AbstractInternalLogger.java:log(150)) - [id: 0x71970195, L:/0.0.0.0:43773] READ: [id: 0x6156bb82, L:/192.168.164.227:43773 - R:/192.168.164.227:38478]
2019-09-26 13:30:46,941 INFO  logging.LoggingHandler (AbstractInternalLogger.java:log(150)) - [id: 0x20c56452, L:/0.0.0.0:38626] READ COMPLETE
2019-09-26 13:30:46,941 INFO  logging.LoggingHandler (AbstractInternalLogger.java:log(150)) - [id: 0x71970195, L:/0.0.0.0:43773] READ COMPLETE
2019-09-26 13:30:46,941 INFO  logging.LoggingHandler (AbstractInternalLogger.java:log(150)) - [id: 0x20c56452, L:/0.0.0.0:38626] READ: [id: 0x7540e1d2, L:/192.168.164.227:38626 - R:/192.168.164.227:59610]
2019-09-26 13:30:46,942 INFO  logging.LoggingHandler (AbstractInternalLogger.java:log(150)) - [id: 0x71970195, L:/0.0.0.0:43773] READ: [id: 0x79ca12a3, L:/192.168.164.227:43773 - R:/192.168.164.227:38480]
2019-09-26 13:30:46,942 INFO  logging.LoggingHandler (AbstractInternalLogger.java:log(150)) - [id: 0x20c56452, L:/0.0.0.0:38626] READ COMPLETE
2019-09-26 13:30:46,942 INFO  logging.LoggingHandler (AbstractInternalLogger.java:log(150)) - [id: 0x71970195, L:/0.0.0.0:43773] READ COMPLETE
2019-09-26 13:30:46,942 INFO  logging.LoggingHandler (AbstractInternalLogger.java:log(150)) - [id: 0x20c56452, L:/0.0.0.0:38626] READ: [id: 0xacc61acf, L:/192.168.164.227:38626 - R:/192.168.164.227:59622]
2019-09-26 13:30:46,942 INFO  logging.LoggingHandler (AbstractInternalLogger.java:log(150)) - [id: 0x71970195, L:/0.0.0.0:43773] READ: [id: 0x9b57ef76, L:/192.168.164.227:43773 - R:/192.168.164.227:38488]
2019-09-26 13:30:46,942 INFO  logging.LoggingHandler (AbstractInternalLogger.java:log(150)) - [id: 0x20c56452, L:/0.0.0.0:38626] READ COMPLETE
2019-09-26 13:30:46,942 INFO  logging.LoggingHandler (AbstractInternalLogger.java:log(150)) - [id: 0x71970195, L:/0.0.0.0:43773] READ COMPLETE
2019-09-26 13:30:46,943 INFO  logging.LoggingHandler (AbstractInternalLogger.java:log(150)) - [id: 0x20c56452, L:/0.0.0.0:38626] READ: [id: 0xa3ea5c81, L:/192.168.164.227:38626 - R:/192.168.164.227:59628]
2019-09-26 13:30:46,943 INFO  logging.LoggingHandler (AbstractInternalLogger.java:log(150)) - [id: 0x71970195, L:/0.0.0.0:43773] READ: [id: 0x2487c9f9, L:/192.168.164.227:43773 - R:/192.168.164.227:38492]
2019-09-26 13:30:46,943 INFO  logging.LoggingHandler (AbstractInternalLogger.java:log(150)) - [id: 0x51301cc5, L:0.0.0.0/0.0.0.0:35127] READ: [id: 0xea8e2c45, L:/192.168.164.227:35127 - R:/192.168.164.227:50274]
2019-09-26 13:30:46,943 INFO  logging.LoggingHandler (AbstractInternalLogger.java:log(150)) - [id: 0x20c56452, L:/0.0.0.0:38626] READ COMPLETE
2019-09-26 13:30:46,943 INFO  logging.LoggingHandler (AbstractInternalLogger.java:log(150)) - [id: 0x51301cc5, L:0.0.0.0/0.0.0.0:35127] READ COMPLETE
2019-09-26 13:30:46,943 INFO  logging.LoggingHandler (AbstractInternalLogger.java:log(150)) - [id: 0x71970195, L:/0.0.0.0:43773] READ COMPLETE
2019-09-26 13:30:46,943 INFO  logging.LoggingHandler (AbstractInternalLogger.java:log(150)) - [id: 0x20c56452, L:/0.0.0.0:38626] READ: [id: 0x3ca727c8, L:/192.168.164.227:38626 - R:/192.168.164.227:59634]
2019-09-26 13:30:46,944 INFO  logging.LoggingHandler (AbstractInternalLogger.java:log(150)) - [id: 0x71970195, L:/0.0.0.0:43773] READ: [id: 0x80a51e76, L:/192.168.164.227:43773 - R:/192.168.164.227:38496]
2019-09-26 13:30:46,944 INFO  logging.LoggingHandler (AbstractInternalLogger.java:log(150)) - [id: 0x51301cc5, L:0.0.0.0/0.0.0.0:35127] READ: [id: 0x2e4ba627, L:/192.168.164.227:35127 - R:/192.168.164.227:50276]
2019-09-26 13:30:46,944 INFO  logging.LoggingHandler (AbstractInternalLogger.java:log(150)) - [id: 0x71970195, L:/0.0.0.0:43773] READ COMPLETE
2019-09-26 13:30:46,944 INFO  logging.LoggingHandler (AbstractInternalLogger.java:log(150)) - [id: 0x20c56452, L:/0.0.0.0:38626] READ COMPLETE
2019-09-26 13:30:46,944 INFO  logging.LoggingHandler (AbstractInternalLogger.java:log(150)) - [id: 0x71970195, L:/0.0.0.0:43773] READ: [id: 0x710b4052, L:/192.168.164.227:43773 - R:/192.168.164.227:38500]
2019-09-26 13:30:46,944 INFO  logging.LoggingHandler (AbstractInternalLogger.java:log(150)) - [id: 0x51301cc5, L:0.0.0.0/0.0.0.0:35127] READ COMPLETE
2019-09-26 13:30:46,944 INFO  logging.LoggingHandler (AbstractInternalLogger.java:log(150)) - [id: 0x71970195, L:/0.0.0.0:43773] READ COMPLETE
2019-09-26 13:30:46,944 INFO  logging.LoggingHandler (AbstractInternalLogger.java:log(150)) - [id: 0x20c56452, L:/0.0.0.0:38626] READ: [id: 0x722c8b4f, L:/192.168.164.227:38626 - R:/192.168.164.227:59638]
2019-09-26 13:30:46,945 INFO  logging.LoggingHandler (AbstractInternalLogger.java:log(150)) - [id: 0x71970195, L:/0.0.0.0:43773] READ: [id: 0x3b787e69, L:/192.168.164.227:43773 - R:/192.168.164.227:38510]
2019-09-26 13:30:46,945 INFO  logging.LoggingHandler (AbstractInternalLogger.java:log(150)) - [id: 0x51301cc5, L:0.0.0.0/0.0.0.0:35127] READ: [id: 0x9d2a576e, L:/192.168.164.227:35127 - R:/192.168.164.227:50282]
2019-09-26 13:30:46,945 INFO  logging.LoggingHandler (AbstractInternalLogger.java:log(150)) - [id: 0x71970195, L:/0.0.0.0:43773] READ COMPLETE
2019-09-26 13:30:46,945 INFO  logging.LoggingHandler (AbstractInternalLogger.java:log(150)) - [id: 0x20c56452, L:/0.0.0.0:38626] READ COMPLETE
2019-09-26 13:30:46,945 INFO  logging.LoggingHandler (AbstractInternalLogger.java:log(150)) - [id: 0x71970195, L:/0.0.0.0:43773] READ: [id: 0xb7ae5a28, L:/192.168.164.227:43773 - R:/192.168.164.227:38516]
2019-09-26 13:30:46,945 INFO  logging.LoggingHandler (AbstractInternalLogger.java:log(150)) - [id: 0x51301cc5, L:0.0.0.0/0.0.0.0:35127] READ COMPLETE
2019-09-26 13:30:46,946 INFO  logging.LoggingHandler (AbstractInternalLogger.java:log(150)) - [id: 0x71970195, L:/0.0.0.0:43773] READ COMPLETE
2019-09-26 13:30:46,945 INFO  logging.LoggingHandler (AbstractInternalLogger.java:log(150)) - [id: 0x20c56452, L:/0.0.0.0:38626] READ: [id: 0xeb865f21, L:/192.168.164.227:38626 - R:/192.168.164.227:59642]
2019-09-26 13:30:46,946 INFO  logging.LoggingHandler (AbstractInternalLogger.java:log(150)) - [id: 0x71970195, L:/0.0.0.0:43773] READ: [id: 0x5dee8af1, L:/192.168.164.227:43773 - R:/192.168.164.227:38524]
2019-09-26 13:30:46,946 INFO  logging.LoggingHandler (AbstractInternalLogger.java:log(150)) - [id: 0x51301cc5, L:0.0.0.0/0.0.0.0:35127] READ: [id: 0x3bda7eb8, L:/192.168.164.227:35127 - R:/192.168.164.227:50288]
2019-09-26 13:30:46,946 INFO  logging.LoggingHandler (AbstractInternalLogger.java:log(150)) - [id: 0x71970195, L:/0.0.0.0:43773] READ COMPLETE
2019-09-26 13:30:46,947 INFO  logging.LoggingHandler (AbstractInternalLogger.java:log(150)) - [id: 0x71970195, L:/0.0.0.0:43773] READ: [id: 0xcf54bfca, L:/192.168.164.227:43773 - R:/192.168.164.227:38528]
2019-09-26 13:30:46,946 INFO  logging.LoggingHandler (AbstractInternalLogger.java:log(150)) - [id: 0x20c56452, L:/0.0.0.0:38626] READ COMPLETE
2019-09-26 13:30:46,947 INFO  impl.LeaderElection (LeaderElection.java:logAndReturn(56)) - s1@group-B6F2DE967D4B-LeaderElection6: Election PASSED; received 1 response(s) [s1<-s0#0:OK-t4] and 0 exception(s); s1@group-B6F2DE967D4B:t4, leader=null, voted=s1, raftlog=s1@group-B6F2DE967D4B-SegmentedRaftLog:OPENED:c28670,f28671,i28671, conf=0: [s0:0.0.0.0:35127, s1:0.0.0.0:38626, s2:0.0.0.0:43773], old=null
2019-09-26 13:30:46,947 INFO  logging.LoggingHandler (AbstractInternalLogger.java:log(150)) - [id: 0x20c56452, L:/0.0.0.0:38626] READ: [id: 0x11a0cfca, L:/192.168.164.227:38626 - R:/192.168.164.227:59650]
2019-09-26 13:30:46,947 INFO  logging.LoggingHandler (AbstractInternalLogger.java:log(150)) - [id: 0x20c56452, L:/0.0.0.0:38626] READ COMPLETE
2019-09-26 13:30:46,947 INFO  logging.LoggingHandler (AbstractInternalLogger.java:log(150)) - [id: 0x71970195, L:/0.0.0.0:43773] READ COMPLETE
2019-09-26 13:30:46,946 INFO  logging.LoggingHandler (AbstractInternalLogger.java:log(150)) - [id: 0x51301cc5, L:0.0.0.0/0.0.0.0:35127] READ COMPLETE
2019-09-26 13:30:46,949 INFO  logging.LoggingHandler (AbstractInternalLogger.java:log(150)) - [id: 0x71970195, L:/0.0.0.0:43773] READ: [id: 0x395a6810, L:/192.168.164.227:43773 - R:/192.168.164.227:38530]
2019-09-26 13:30:46,947 INFO  impl.RoleInfo (RoleInfo.java:shutdownLeaderElection(134)) - s1: shutdown LeaderElection
2019-09-26 13:30:46,950 INFO  logging.LoggingHandler (AbstractInternalLogger.java:log(150)) - [id: 0x20c56452, L:/0.0.0.0:38626] READ: [id: 0x52a168f0, L:/192.168.164.227:38626 - R:/192.168.164.227:59654]
2019-09-26 13:30:46,950 INFO  logging.LoggingHandler (AbstractInternalLogger.java:log(150)) - [id: 0x71970195, L:/0.0.0.0:43773] READ COMPLETE
2019-09-26 13:30:46,949 INFO  logging.LoggingHandler (AbstractInternalLogger.java:log(150)) - [id: 0x51301cc5, L:0.0.0.0/0.0.0.0:35127] READ: [id: 0x5f206eab, L:/192.168.164.227:35127 - R:/192.168.164.227:50302]
2019-09-26 13:30:46,951 INFO  logging.LoggingHandler (AbstractInternalLogger.java:log(150)) - [id: 0x71970195, L:/0.0.0.0:43773] READ: [id: 0x5578d599, L:/192.168.164.227:43773 - R:/192.168.164.227:38534]
2019-09-26 13:30:46,950 INFO  logging.LoggingHandler (AbstractInternalLogger.java:log(150)) - [id: 0x20c56452, L:/0.0.0.0:38626] READ COMPLETE
2019-09-26 13:30:46,950 INFO  impl.RaftServerImpl (RaftServerImpl.java:setRole(170)) - s1@group-B6F2DE967D4B: changes role from CANDIDATE to LEADER at term 4 for changeToLeader
2019-09-26 13:30:46,951 INFO  logging.LoggingHandler (AbstractInternalLogger.java:log(150)) - [id: 0x20c56452, L:/0.0.0.0:38626] READ: [id: 0x4d4aef67, L:/192.168.164.227:38626 - R:/192.168.164.227:59664]
2019-09-26 13:30:46,951 INFO  logging.LoggingHandler (AbstractInternalLogger.java:log(150)) - [id: 0x71970195, L:/0.0.0.0:43773] READ COMPLETE
2019-09-26 13:30:46,951 INFO  logging.LoggingHandler (AbstractInternalLogger.java:log(150)) - [id: 0x51301cc5, L:0.0.0.0/0.0.0.0:35127] READ COMPLETE
2019-09-26 13:30:46,951 INFO  logging.LoggingHandler (AbstractInternalLogger.java:log(150)) - [id: 0x71970195, L:/0.0.0.0:43773] READ: [id: 0x0b84ae4c, L:/192.168.164.227:43773 - R:/192.168.164.227:38538]
2019-09-26 13:30:46,951 INFO  logging.LoggingHandler (AbstractInternalLogger.java:log(150)) - [id: 0x20c56452, L:/0.0.0.0:38626] READ COMPLETE
2019-09-26 13:30:46,951 INFO  impl.RaftServerImpl (ServerState.java:setLeader(254)) - s1@group-B6F2DE967D4B: change Leader from null to s1 at term 4 for becomeLeader, leader elected after 238ms
2019-09-26 13:30:46,952 INFO  logging.LoggingHandler (AbstractInternalLogger.java:log(150)) - [id: 0x20c56452, L:/0.0.0.0:38626] READ: [id: 0x8f4454e6, L:/192.168.164.227:38626 - R:/192.168.164.227:59668]
2019-09-26 13:30:46,952 INFO  logging.LoggingHandler (AbstractInternalLogger.java:log(150)) - [id: 0x71970195, L:/0.0.0.0:43773] READ COMPLETE
2019-09-26 13:30:46,952 INFO  logging.LoggingHandler (AbstractInternalLogger.java:log(150)) - [id: 0x51301cc5, L:0.0.0.0/0.0.0.0:35127] READ: [id: 0x654cc2e5, L:/192.168.164.227:35127 - R:/192.168.164.227:50306]
2019-09-26 13:30:46,952 INFO  logging.LoggingHandler (AbstractInternalLogger.java:log(150)) - [id: 0x71970195, L:/0.0.0.0:43773] READ: [id: 0x18bb0d63, L:/192.168.164.227:43773 - R:/192.168.164.227:38546]
2019-09-26 13:30:46,952 INFO  logging.LoggingHandler (AbstractInternalLogger.java:log(150)) - [id: 0x20c56452, L:/0.0.0.0:38626] READ COMPLETE
2019-09-26 13:30:46,952 INFO  server.RaftServerConfigKeys (ConfUtils.java:logGet(43)) - raft.server.staging.catchup.gap = 1000 (default)
2019-09-26 13:30:46,953 INFO  logging.LoggingHandler (AbstractInternalLogger.java:log(150)) - [id: 0x20c56452, L:/0.0.0.0:38626] READ: [id: 0x3aab41a8, L:/192.168.164.227:38626 - R:/192.168.164.227:59674]
2019-09-26 13:30:46,953 INFO  logging.LoggingHandler (AbstractInternalLogger.java:log(150)) - [id: 0x20c56452, L:/0.0.0.0:38626] READ COMPLETE
2019-09-26 13:30:46,953 INFO  logging.LoggingHandler (AbstractInternalLogger.java:log(150)) - [id: 0x71970195, L:/0.0.0.0:43773] READ COMPLETE
2019-09-26 13:30:46,952 INFO  logging.LoggingHandler (AbstractInternalLogger.java:log(150)) - [id: 0x51301cc5, L:0.0.0.0/0.0.0.0:35127] READ COMPLETE
2019-09-26 13:30:46,954 INFO  logging.LoggingHandler (AbstractInternalLogger.java:log(150)) - [id: 0x71970195, L:/0.0.0.0:43773] READ: [id: 0x72d5abeb, L:/192.168.164.227:43773 - R:/192.168.164.227:38554]
2019-09-26 13:30:46,953 INFO  logging.LoggingHandler (AbstractInternalLogger.java:log(150)) - [id: 0x20c56452, L:/0.0.0.0:38626] READ: [id: 0x646695d5, L:/192.168.164.227:38626 - R:/192.168.164.227:59678]
2019-09-26 13:30:46,953 INFO  server.RaftServerConfigKeys (ConfUtils.java:logGet(43)) - raft.server.rpc.sleep.time = 25ms (default)
2019-09-26 13:30:46,954 INFO  logging.LoggingHandler (AbstractInternalLogger.java:log(150)) - [id: 0x20c56452, L:/0.0.0.0:38626] READ COMPLETE
2019-09-26 13:30:46,954 INFO  logging.LoggingHandler (AbstractInternalLogger.java:log(150)) - [id: 0x71970195, L:/0.0.0.0:43773] READ COMPLETE
2019-09-26 13:30:46,954 INFO  logging.LoggingHandler (AbstractInternalLogger.java:log(150)) - [id: 0x51301cc5, L:0.0.0.0/0.0.0.0:35127] READ: [id: 0x5c42b519, L:/192.168.164.227:35127 - R:/192.168.164.227:50320]
2019-09-26 13:30:46,955 INFO  logging.LoggingHandler (AbstractInternalLogger.java:log(150)) - [id: 0x71970195, L:/0.0.0.0:43773] READ: [id: 0xc6f1ff6d, L:/192.168.164.227:43773 - R:/192.168.164.227:38558]
2019-09-26 13:30:46,954 INFO  logging.LoggingHandler (AbstractInternalLogger.java:log(150)) - [id: 0x20c56452, L:/0.0.0.0:38626] READ: [id: 0x076fa570, L:/192.168.164.227:38626 - R:/192.168.164.227:59680]
2019-09-26 13:30:46,954 INFO  server.RaftServerConfigKeys (ConfUtils.java:logGet(43)) - raft.server.write.element-limit = 4096 (default)
2019-09-26 13:30:46,955 INFO  logging.LoggingHandler (AbstractInternalLogger.java:log(150)) - [id: 0x20c56452, L:/0.0.0.0:38626] READ COMPLETE
2019-09-26 13:30:46,955 INFO  logging.LoggingHandler (AbstractInternalLogger.java:log(150)) - [id: 0x71970195, L:/0.0.0.0:43773] READ COMPLETE
2019-09-26 13:30:46,955 INFO  logging.LoggingHandler (AbstractInternalLogger.java:log(150)) - [id: 0x51301cc5, L:0.0.0.0/0.0.0.0:35127] READ COMPLETE
2019-09-26 13:30:46,956 INFO  logging.LoggingHandler (AbstractInternalLogger.java:log(150)) - [id: 0x71970195, L:/0.0.0.0:43773] READ: [id: 0xbde1529b, L:/192.168.164.227:43773 - R:/192.168.164.227:38560]
2019-09-26 13:30:46,955 INFO  logging.LoggingHandler (AbstractInternalLogger.java:log(150)) - [id: 0x20c56452, L:/0.0.0.0:38626] READ: [id: 0xba4492d0, L:/192.168.164.227:38626 - R:/192.168.164.227:59682]
2019-09-26 13:30:46,955 INFO  server.RaftServerConfigKeys (ConfUtils.java:logGet(43)) - raft.server.watch.timeout = 10s (default)
2019-09-26 13:30:46,956 INFO  logging.LoggingHandler (AbstractInternalLogger.java:log(150)) - [id: 0x20c56452, L:/0.0.0.0:38626] READ COMPLETE
2019-09-26 13:30:46,956 INFO  logging.LoggingHandler (AbstractInternalLogger.java:log(150)) - [id: 0x71970195, L:/0.0.0.0:43773] READ COMPLETE
2019-09-26 13:30:46,956 INFO  logging.LoggingHandler (AbstractInternalLogger.java:log(150)) - [id: 0x51301cc5, L:0.0.0.0/0.0.0.0:35127] READ: [id: 0x636d1391, L:/192.168.164.227:35127 - R:/192.168.164.227:50326]
2019-09-26 13:30:46,957 INFO  logging.LoggingHandler (AbstractInternalLogger.java:log(150)) - [id: 0x71970195, L:/0.0.0.0:43773] READ: [id: 0xb97673fd, L:/192.168.164.227:43773 - R:/192.168.164.227:38564]
2019-09-26 13:30:46,956 INFO  logging.LoggingHandler (AbstractInternalLogger.java:log(150)) - [id: 0x20c56452, L:/0.0.0.0:38626] READ: [id: 0x39881dbb, L:/192.168.164.227:38626 - R:/192.168.164.227:59684]
2019-09-26 13:30:46,956 INFO  server.RaftServerConfigKeys (ConfUtils.java:logGet(43)) - raft.server.watch.timeout.denomination = 1s (default)
2019-09-26 13:30:46,957 INFO  logging.LoggingHandler (AbstractInternalLogger.java:log(150)) - [id: 0x20c56452, L:/0.0.0.0:38626] READ COMPLETE
2019-09-26 13:30:46,957 INFO  logging.LoggingHandler (AbstractInternalLogger.java:log(150)) - [id: 0x20c56452, L:/0.0.0.0:38626] READ: [id: 0x7ca80fc3, L:/192.168.164.227:38626 - R:/192.168.164.227:59688]
2019-09-26 13:30:46,957 INFO  logging.LoggingHandler (AbstractInternalLogger.java:log(150)) - [id: 0x71970195, L:/0.0.0.0:43773] READ COMPLETE
2019-09-26 13:30:46,957 INFO  logging.LoggingHandler (AbstractInternalLogger.java:log(150)) - [id: 0x51301cc5, L:0.0.0.0/0.0.0.0:35127] READ COMPLETE
2019-09-26 13:30:46,958 INFO  logging.LoggingHandler (AbstractInternalLogger.java:log(150)) - [id: 0x20c56452, L:/0.0.0.0:38626] READ COMPLETE
2019-09-26 13:30:46,957 INFO  server.RaftServerConfigKeys (ConfUtils.java:logGet(43)) - raft.server.watch.element-limit = 65536 (default)
2019-09-26 13:30:46,959 INFO  logging.LoggingHandler (AbstractInternalLogger.java:log(150)) - [id: 0x20c56452, L:/0.0.0.0:38626] READ: [id: 0x58428974, L:/192.168.164.227:38626 - R:/192.168.164.227:59694]
2019-09-26 13:30:46,959 INFO  logging.LoggingHandler (AbstractInternalLogger.java:log(150)) - [id: 0x20c56452, L:/0.0.0.0:38626] READ COMPLETE
2019-09-26 13:30:46,958 INFO  logging.LoggingHandler (AbstractInternalLogger.java:log(150)) - [id: 0x51301cc5, L:0.0.0.0/0.0.0.0:35127] READ: [id: 0xbb386d95, L:/192.168.164.227:35127 - R:/192.168.164.227:50336]
2019-09-26 13:30:46,958 INFO  logging.LoggingHandler (AbstractInternalLogger.java:log(150)) - [id: 0x71970195, L:/0.0.0.0:43773] READ: [id: 0x3c1354ff, L:/192.168.164.227:43773 - R:/192.168.164.227:38568]
2019-09-26 13:30:46,960 INFO  logging.LoggingHandler (AbstractInternalLogger.java:log(150)) - [id: 0x71970195, L:/0.0.0.0:43773] READ COMPLETE
2019-09-26 13:30:46,959 INFO  server.RaftServerConfigKeys (ConfUtils.java:logGet(43)) - raft.server.log.appender.snapshot.chunk.size.max = 16MB (=16777216) (default)
2019-09-26 13:30:46,959 INFO  logging.LoggingHandler (AbstractInternalLogger.java:log(150)) - [id: 0x51301cc5, L:0.0.0.0/0.0.0.0:35127] READ COMPLETE
2019-09-26 13:30:46,959 INFO  logging.LoggingHandler (AbstractInternalLogger.java:log(150)) - [id: 0x20c56452, L:/0.0.0.0:38626] READ: [id: 0x8788631d, L:/192.168.164.227:38626 - R:/192.168.164.227:59700]
2019-09-26 13:30:46,961 INFO  logging.LoggingHandler (AbstractInternalLogger.java:log(150)) - [id: 0x51301cc5, L:0.0.0.0/0.0.0.0:35127] READ: [id: 0x228b1d4e, L:/192.168.164.227:35127 - R:/192.168.164.227:50346]
2019-09-26 13:30:46,961 INFO  logging.LoggingHandler (AbstractInternalLogger.java:log(150)) - [id: 0x51301cc5, L:0.0.0.0/0.0.0.0:35127] READ COMPLETE
2019-09-26 13:30:46,960 INFO  server.RaftServerConfigKeys (ConfUtils.java:logGet(43)) - raft.server.log.appender.buffer.byte-limit = 4MB (=4194304) (default)
2019-09-26 13:30:46,960 INFO  logging.LoggingHandler (AbstractInternalLogger.java:log(150)) - [id: 0x71970195, L:/0.0.0.0:43773] READ: [id: 0xe0f5d054, L:/192.168.164.227:43773 - R:/192.168.164.227:38584]
2019-09-26 13:30:46,962 INFO  server.RaftServerConfigKeys (ConfUtils.java:logGet(43)) - raft.server.log.appender.buffer.element-limit = 0 (default)
2019-09-26 13:30:46,961 INFO  logging.LoggingHandler (AbstractInternalLogger.java:log(150)) - [id: 0x20c56452, L:/0.0.0.0:38626] READ COMPLETE
2019-09-26 13:30:46,963 INFO  server.RaftServerConfigKeys (ConfUtils.java:logGet(43)) - raft.server.log.appender.snapshot.chunk.size.max = 16MB (=16777216) (default)
2019-09-26 13:30:46,963 INFO  logging.LoggingHandler (AbstractInternalLogger.java:log(150)) - [id: 0x71970195, L:/0.0.0.0:43773] READ COMPLETE
2019-09-26 13:30:46,963 INFO  server.RaftServerConfigKeys (ConfUtils.java:logGet(43)) - raft.server.log.appender.buffer.byte-limit = 4MB (=4194304) (default)
2019-09-26 13:30:46,963 INFO  logging.LoggingHandler (AbstractInternalLogger.java:log(150)) - [id: 0x20c56452, L:/0.0.0.0:38626] READ: [id: 0xf35dc72a, L:/192.168.164.227:38626 - R:/192.168.164.227:59702]
2019-09-26 13:30:46,964 INFO  logging.LoggingHandler (AbstractInternalLogger.java:log(150)) - [id: 0x20c56452, L:/0.0.0.0:38626] READ COMPLETE
2019-09-26 13:30:46,964 INFO  logging.LoggingHandler (AbstractInternalLogger.java:log(150)) - [id: 0x20c56452, L:/0.0.0.0:38626] READ: [id: 0xbe009473, L:/192.168.164.227:38626 - R:/192.168.164.227:59704]
2019-09-26 13:30:46,963 INFO  server.RaftServerConfigKeys (ConfUtils.java:logGet(43)) - raft.server.log.appender.buffer.element-limit = 0 (default)
2019-09-26 13:30:46,963 INFO  logging.LoggingHandler (AbstractInternalLogger.java:log(150)) - [id: 0x71970195, L:/0.0.0.0:43773] READ: [id: 0x1aac2931, L:/192.168.164.227:43773 - R:/192.168.164.227:38590]
2019-09-26 13:30:46,964 INFO  logging.LoggingHandler (AbstractInternalLogger.java:log(150)) - [id: 0x20c56452, L:/0.0.0.0:38626] READ COMPLETE
2019-09-26 13:30:46,965 INFO  logging.LoggingHandler (AbstractInternalLogger.java:log(150)) - [id: 0x71970195, L:/0.0.0.0:43773] READ COMPLETE
2019-09-26 13:30:46,965 INFO  logging.LoggingHandler (AbstractInternalLogger.java:log(150)) - [id: 0x20c56452, L:/0.0.0.0:38626] READ: [id: 0xbc3deb92, L:/192.168.164.227:38626 - R:/192.168.164.227:59708]
2019-09-26 13:30:46,965 INFO  impl.RoleInfo (RoleInfo.java:updateAndGet(143)) - s1: start LeaderState
2019-09-26 13:30:46,966 INFO  logging.LoggingHandler (AbstractInternalLogger.java:log(150)) - [id: 0x20c56452, L:/0.0.0.0:38626] READ COMPLETE
2019-09-26 13:30:46,965 INFO  logging.LoggingHandler (AbstractInternalLogger.java:log(150)) - [id: 0x71970195, L:/0.0.0.0:43773] READ: [id: 0xc4f8a17c, L:/192.168.164.227:43773 - R:/192.168.164.227:38596]
2019-09-26 13:30:46,966 INFO  logging.LoggingHandler (AbstractInternalLogger.java:log(150)) - [id: 0x20c56452, L:/0.0.0.0:38626] READ: [id: 0xb2d420e3, L:/192.168.164.227:38626 - R:/192.168.164.227:59712]
2019-09-26 13:30:46,966 INFO  logging.LoggingHandler (AbstractInternalLogger.java:log(150)) - [id: 0x51301cc5, L:0.0.0.0/0.0.0.0:35127] READ: [id: 0x0ff174ec, L:/192.168.164.227:35127 - R:/192.168.164.227:50352]
2019-09-26 13:30:46,966 INFO  logging.LoggingHandler (AbstractInternalLogger.java:log(150)) - [id: 0x20c56452, L:/0.0.0.0:38626] READ COMPLETE
2019-09-26 13:30:46,967 INFO  logging.LoggingHandler (AbstractInternalLogger.java:log(150)) - [id: 0x20c56452, L:/0.0.0.0:38626] READ: [id: 0x98891219, L:/192.168.164.227:38626 - R:/192.168.164.227:59714]
2019-09-26 13:30:46,966 INFO  logging.LoggingHandler (AbstractInternalLogger.java:log(150)) - [id: 0x71970195, L:/0.0.0.0:43773] READ COMPLETE
2019-09-26 13:30:46,967 INFO  logging.LoggingHandler (AbstractInternalLogger.java:log(150)) - [id: 0x20c56452, L:/0.0.0.0:38626] READ COMPLETE
2019-09-26 13:30:46,966 INFO  logging.LoggingHandler (AbstractInternalLogger.java:log(150)) - [id: 0x51301cc5, L:0.0.0.0/0.0.0.0:35127] READ COMPLETE
2019-09-26 13:30:46,967 INFO  logging.LoggingHandler (AbstractInternalLogger.java:log(150)) - [id: 0x20c56452, L:/0.0.0.0:38626] READ: [id: 0xcb9b57d0, L:/192.168.164.227:38626 - R:/192.168.164.227:59718]
2019-09-26 13:30:46,968 INFO  logging.LoggingHandler (AbstractInternalLogger.java:log(150)) - [id: 0x20c56452, L:/0.0.0.0:38626] READ COMPLETE
2019-09-26 13:30:46,968 INFO  logging.LoggingHandler (AbstractInternalLogger.java:log(150)) - [id: 0x20c56452, L:/0.0.0.0:38626] READ: [id: 0xf2385915, L:/192.168.164.227:38626 - R:/192.168.164.227:59720]
2019-09-26 13:30:46,968 INFO  logging.LoggingHandler (AbstractInternalLogger.java:log(150)) - [id: 0x20c56452, L:/0.0.0.0:38626] READ COMPLETE
2019-09-26 13:30:46,967 INFO  logging.LoggingHandler (AbstractInternalLogger.java:log(150)) - [id: 0x71970195, L:/0.0.0.0:43773] READ: [id: 0x24d5bd89, L:/192.168.164.227:43773 - R:/192.168.164.227:38608]
2019-09-26 13:30:46,968 INFO  segmented.SegmentedRaftLogWorker (SegmentedRaftLogWorker.java:rollLogSegment(385)) - s1@group-B6F2DE967D4B-SegmentedRaftLogWorker: Rolling segment log-0_28671 to index:28671
2019-09-26 13:30:46,968 INFO  logging.LoggingHandler (AbstractInternalLogger.java:log(150)) - [id: 0x51301cc5, L:0.0.0.0/0.0.0.0:35127] READ: [id: 0x2bf3ec84, L:/192.168.164.227:35127 - R:/192.168.164.227:50354]
2019-09-26 13:30:46,969 INFO  logging.LoggingHandler (AbstractInternalLogger.java:log(150)) - [id: 0x71970195, L:/0.0.0.0:43773] READ COMPLETE
2019-09-26 13:30:46,970 INFO  logging.LoggingHandler (AbstractInternalLogger.java:log(150)) - [id: 0x51301cc5, L:0.0.0.0/0.0.0.0:35127] READ COMPLETE
2019-09-26 13:30:46,970 INFO  logging.LoggingHandler (AbstractInternalLogger.java:log(150)) - [id: 0x71970195, L:/0.0.0.0:43773] READ: [id: 0x441f945e, L:/192.168.164.227:43773 - R:/192.168.164.227:38624]
2019-09-26 13:30:46,970 INFO  logging.LoggingHandler (AbstractInternalLogger.java:log(150)) - [id: 0x20c56452, L:/0.0.0.0:38626] READ: [id: 0xa385c5a3, L:/192.168.164.227:38626 - R:/192.168.164.227:59728]
2019-09-26 13:30:46,970 INFO  logging.LoggingHandler (AbstractInternalLogger.java:log(150)) - [id: 0x71970195, L:/0.0.0.0:43773] READ COMPLETE
2019-09-26 13:30:46,971 INFO  logging.LoggingHandler (AbstractInternalLogger.java:log(150)) - [id: 0x20c56452, L:/0.0.0.0:38626] READ COMPLETE
2019-09-26 13:30:46,971 INFO  logging.LoggingHandler (AbstractInternalLogger.java:log(150)) - [id: 0x51301cc5, L:0.0.0.0/0.0.0.0:35127] READ: [id: 0x477fe0bf, L:/192.168.164.227:35127 - R:/192.168.164.227:50362]
2019-09-26 13:30:46,971 INFO  logging.LoggingHandler (AbstractInternalLogger.java:log(150)) - [id: 0x20c56452, L:/0.0.0.0:38626] READ: [id: 0x6c36df56, L:/192.168.164.227:38626 - R:/192.168.164.227:59730]
2019-09-26 13:30:46,971 INFO  logging.LoggingHandler (AbstractInternalLogger.java:log(150)) - [id: 0x51301cc5, L:0.0.0.0/0.0.0.0:35127] READ COMPLETE
2019-09-26 13:30:46,972 INFO  logging.LoggingHandler (AbstractInternalLogger.java:log(150)) - [id: 0x20c56452, L:/0.0.0.0:38626] READ COMPLETE
2019-09-26 13:30:46,972 INFO  logging.LoggingHandler (AbstractInternalLogger.java:log(150)) - [id: 0x71970195, L:/0.0.0.0:43773] READ: [id: 0x4c2a244d, L:/192.168.164.227:43773 - R:/192.168.164.227:38632]
2019-09-26 13:30:46,973 INFO  logging.LoggingHandler (AbstractInternalLogger.java:log(150)) - [id: 0x71970195, L:/0.0.0.0:43773] READ COMPLETE
2019-09-26 13:30:46,976 TRACE util.FileUtils (LogUtils.java:runAndLog(61)) - Successfully ran Files.move /workdir/ratis-examples/target/test/data/7b8a2dfb/MiniRaftClusterWithNetty32f9496c/s1/a4bc31f7-d7e7-4f33-b9e7-b6f2de967d4b/current/log_inprogress_0 to /workdir/ratis-examples/target/test/data/7b8a2dfb/MiniRaftClusterWithNetty32f9496c/s1/a4bc31f7-d7e7-4f33-b9e7-b6f2de967d4b/current/log_0-28671
2019-09-26 13:30:46,977 INFO  segmented.SegmentedRaftLogWorker (SegmentedRaftLogWorker.java:execute(526)) - s1@group-B6F2DE967D4B-SegmentedRaftLogWorker: Rolled log segment from /workdir/ratis-examples/target/test/data/7b8a2dfb/MiniRaftClusterWithNetty32f9496c/s1/a4bc31f7-d7e7-4f33-b9e7-b6f2de967d4b/current/log_inprogress_0 to /workdir/ratis-examples/target/test/data/7b8a2dfb/MiniRaftClusterWithNetty32f9496c/s1/a4bc31f7-d7e7-4f33-b9e7-b6f2de967d4b/current/log_0-28671
2019-09-26 13:30:46,978 INFO  logging.LoggingHandler (AbstractInternalLogger.java:log(150)) - [id: 0x51301cc5, L:0.0.0.0/0.0.0.0:35127] READ: [id: 0x62f5d026, L:/192.168.164.227:35127 - R:/192.168.164.227:50366]
2019-09-26 13:30:46,979 INFO  logging.LoggingHandler (AbstractInternalLogger.java:log(150)) - [id: 0x51301cc5, L:0.0.0.0/0.0.0.0:35127] READ COMPLETE
2019-09-26 13:30:46,980 INFO  impl.RaftServerImpl (ServerState.java:setRaftConf(355)) - s1@group-B6F2DE967D4B: set configuration 28672: [s0:0.0.0.0:35127, s1:0.0.0.0:38626, s2:0.0.0.0:43773], old=null at 28672
2019-09-26 13:30:46,980 INFO  logging.LoggingHandler (AbstractInternalLogger.java:log(150)) - [id: 0x20c56452, L:/0.0.0.0:38626] READ: [id: 0x792f922a, L:/192.168.164.227:38626 - R:/192.168.164.227:59738]
2019-09-26 13:30:46,982 INFO  impl.RaftServerImpl (ServerState.java:setLeader(254)) - s2@group-B6F2DE967D4B: change Leader from null to s1 at term 4 for appendEntries, leader elected after 270ms
2019-09-26 13:30:46,982 INFO  logging.LoggingHandler (AbstractInternalLogger.java:log(150)) - [id: 0x20c56452, L:/0.0.0.0:38626] READ COMPLETE
2019-09-26 13:30:46,982 INFO  impl.RaftServerImpl (RaftServerImpl.java:checkInconsistentAppendEntries(999)) - s2@group-B6F2DE967D4B: Failed appendEntries as previous log entry ((t:2, i:28671)) is not found
2019-09-26 13:30:46,983 INFO  impl.RaftServerImpl (RaftServerImpl.java:checkInconsistentAppendEntries(972)) - s2@group-B6F2DE967D4B: inconsistency entries. Reply:s1<-s2#0:FAIL,INCONSISTENCY,nextIndex:28671,term:4,followerCommit:28665
2019-09-26 13:30:46,984 INFO  impl.FollowerInfo (FollowerInfo.java:lambda$new$0(51)) - s1@group-B6F2DE967D4B->s2: nextIndex: updateUnconditionally 28672 -> 28671
2019-09-26 13:30:46,985 INFO  impl.RaftServerImpl (ServerState.java:setLeader(254)) - s0@group-B6F2DE967D4B: change Leader from null to s1 at term 4 for appendEntries, leader elected after 289ms
2019-09-26 13:30:46,985 INFO  impl.RaftServerImpl (ServerState.java:setRaftConf(355)) - s2@group-B6F2DE967D4B: set configuration 28672: [s0:0.0.0.0:35127, s1:0.0.0.0:38626, s2:0.0.0.0:43773], old=null at 28672
2019-09-26 13:30:46,985 INFO  impl.RaftServerImpl (RaftServerImpl.java:checkInconsistentAppendEntries(999)) - s0@group-B6F2DE967D4B: Failed appendEntries as previous log entry ((t:2, i:28671)) is not found
2019-09-26 13:30:46,986 INFO  impl.RaftServerImpl (RaftServerImpl.java:checkInconsistentAppendEntries(972)) - s0@group-B6F2DE967D4B: inconsistency entries. Reply:s1<-s0#0:FAIL,INCONSISTENCY,nextIndex:28660,term:4,followerCommit:28659
2019-09-26 13:30:46,986 INFO  segmented.SegmentedRaftLogWorker (SegmentedRaftLogWorker.java:rollLogSegment(385)) - s2@group-B6F2DE967D4B-SegmentedRaftLogWorker: Rolling segment log-0_28671 to index:28671
2019-09-26 13:30:46,986 INFO  impl.FollowerInfo (FollowerInfo.java:lambda$new$0(51)) - s1@group-B6F2DE967D4B->s0: nextIndex: updateUnconditionally 28672 -> 28660
2019-09-26 13:30:46,988 INFO  impl.RaftServerImpl (ServerState.java:setRaftConf(355)) - s0@group-B6F2DE967D4B: set configuration 28672: [s0:0.0.0.0:35127, s1:0.0.0.0:38626, s2:0.0.0.0:43773], old=null at 28672
2019-09-26 13:30:46,988 INFO  segmented.SegmentedRaftLogWorker (SegmentedRaftLogWorker.java:rollLogSegment(385)) - s0@group-B6F2DE967D4B-SegmentedRaftLogWorker: Rolling segment log-0_28671 to index:28671
2019-09-26 13:30:46,988 TRACE util.FileUtils (LogUtils.java:supplyAndLog(82)) - Successfully supplied Files.newOutputStream CREATE_NEW /workdir/ratis-examples/target/test/data/7b8a2dfb/TestFileStoreWithNetty/filestore/s0/file80: java.nio.channels.Channels$1@2f7f9f3a
2019-09-26 13:30:47,053 INFO  segmented.SegmentedRaftLogWorker (SegmentedRaftLogWorker.java:execute(569)) - s1@group-B6F2DE967D4B-SegmentedRaftLogWorker: created new log segment /workdir/ratis-examples/target/test/data/7b8a2dfb/MiniRaftClusterWithNetty32f9496c/s1/a4bc31f7-d7e7-4f33-b9e7-b6f2de967d4b/current/log_inprogress_28672
2019-09-26 13:30:47,053 TRACE util.FileUtils (LogUtils.java:runAndLog(61)) - Successfully ran Files.move /workdir/ratis-examples/target/test/data/7b8a2dfb/MiniRaftClusterWithNetty32f9496c/s2/a4bc31f7-d7e7-4f33-b9e7-b6f2de967d4b/current/log_inprogress_0 to /workdir/ratis-examples/target/test/data/7b8a2dfb/MiniRaftClusterWithNetty32f9496c/s2/a4bc31f7-d7e7-4f33-b9e7-b6f2de967d4b/current/log_0-28671
2019-09-26 13:30:47,054 INFO  segmented.SegmentedRaftLogWorker (SegmentedRaftLogWorker.java:execute(526)) - s2@group-B6F2DE967D4B-SegmentedRaftLogWorker: Rolled log segment from /workdir/ratis-examples/target/test/data/7b8a2dfb/MiniRaftClusterWithNetty32f9496c/s2/a4bc31f7-d7e7-4f33-b9e7-b6f2de967d4b/current/log_inprogress_0 to /workdir/ratis-examples/target/test/data/7b8a2dfb/MiniRaftClusterWithNetty32f9496c/s2/a4bc31f7-d7e7-4f33-b9e7-b6f2de967d4b/current/log_0-28671
2019-09-26 13:30:47,054 TRACE util.FileUtils (LogUtils.java:runAndLog(61)) - Successfully ran Files.move /workdir/ratis-examples/target/test/data/7b8a2dfb/MiniRaftClusterWithNetty32f9496c/s0/a4bc31f7-d7e7-4f33-b9e7-b6f2de967d4b/current/log_inprogress_0 to /workdir/ratis-examples/target/test/data/7b8a2dfb/MiniRaftClusterWithNetty32f9496c/s0/a4bc31f7-d7e7-4f33-b9e7-b6f2de967d4b/current/log_0-28671
2019-09-26 13:30:47,055 INFO  segmented.SegmentedRaftLogWorker (SegmentedRaftLogWorker.java:execute(526)) - s0@group-B6F2DE967D4B-SegmentedRaftLogWorker: Rolled log segment from /workdir/ratis-examples/target/test/data/7b8a2dfb/MiniRaftClusterWithNetty32f9496c/s0/a4bc31f7-d7e7-4f33-b9e7-b6f2de967d4b/current/log_inprogress_0 to /workdir/ratis-examples/target/test/data/7b8a2dfb/MiniRaftClusterWithNetty32f9496c/s0/a4bc31f7-d7e7-4f33-b9e7-b6f2de967d4b/current/log_0-28671
2019-09-26 13:30:47,180 INFO  segmented.SegmentedRaftLogWorker (SegmentedRaftLogWorker.java:execute(569)) - s2@group-B6F2DE967D4B-SegmentedRaftLogWorker: created new log segment /workdir/ratis-examples/target/test/data/7b8a2dfb/MiniRaftClusterWithNetty32f9496c/s2/a4bc31f7-d7e7-4f33-b9e7-b6f2de967d4b/current/log_inprogress_28672
2019-09-26 13:30:47,180 INFO  segmented.SegmentedRaftLogWorker (SegmentedRaftLogWorker.java:execute(569)) - s0@group-B6F2DE967D4B-SegmentedRaftLogWorker: created new log segment /workdir/ratis-examples/target/test/data/7b8a2dfb/MiniRaftClusterWithNetty32f9496c/s0/a4bc31f7-d7e7-4f33-b9e7-b6f2de967d4b/current/log_inprogress_28672
2019-09-26 13:30:47,757 INFO  ratis.MiniRaftCluster (MiniRaftCluster.java:lambda$null$5(297)) - TIMED-PRINT: printing ALL groups
  s0:  RUNNING  FOLLOWER s0@group-B6F2DE967D4B:t4, leader=s1, voted=s1, raftlog=s0@group-B6F2DE967D4B-SegmentedRaftLog:OPENED:c28863,f28867,i28867, conf=28672: [s0:0.0.0.0:35127, s1:0.0.0.0:38626, s2:0.0.0.0:43773], old=null RUNNING
  s1:  RUNNING    LEADER s1@group-B6F2DE967D4B:t4, leader=s1, voted=s1, raftlog=s1@group-B6F2DE967D4B-SegmentedRaftLog:OPENED:c28867,f28867,i28872, conf=28672: [s0:0.0.0.0:35127, s1:0.0.0.0:38626, s2:0.0.0.0:43773], old=null RUNNING
  s2:  RUNNING  FOLLOWER s2@group-B6F2DE967D4B:t4, leader=s1, voted=s1, raftlog=s2@group-B6F2DE967D4B-SegmentedRaftLog:OPENED:c28862,f28867,i28868, conf=28672: [s0:0.0.0.0:35127, s1:0.0.0.0:38626, s2:0.0.0.0:43773], old=null RUNNING
2019-09-26 13:30:48,204 INFO  logging.LoggingHandler (AbstractInternalLogger.java:log(150)) - [id: 0x51301cc5, L:0.0.0.0/0.0.0.0:35127] READ: [id: 0x0facb521, L:/192.168.164.227:35127 - R:/192.168.164.227:50378]
2019-09-26 13:30:48,205 INFO  logging.LoggingHandler (AbstractInternalLogger.java:log(150)) - [id: 0x51301cc5, L:0.0.0.0/0.0.0.0:35127] READ COMPLETE
2019-09-26 13:30:48,207 INFO  logging.LoggingHandler (AbstractInternalLogger.java:log(150)) - [id: 0x20c56452, L:/0.0.0.0:38626] READ: [id: 0x7cf55ad6, L:/192.168.164.227:38626 - R:/192.168.164.227:59750]
2019-09-26 13:30:48,210 INFO  logging.LoggingHandler (AbstractInternalLogger.java:log(150)) - [id: 0x20c56452, L:/0.0.0.0:38626] READ COMPLETE
2019-09-26 13:30:48,364 TRACE util.FileUtils (LogUtils.java:supplyAndLog(82)) - Successfully supplied Files.newOutputStream CREATE_NEW /workdir/ratis-examples/target/test/data/7b8a2dfb/TestFileStoreWithNetty/filestore/s1/file81: java.nio.channels.Channels$1@6e3667a0
2019-09-26 13:30:48,368 TRACE util.FileUtils (LogUtils.java:supplyAndLog(82)) - Successfully supplied Files.newOutputStream CREATE_NEW /workdir/ratis-examples/target/test/data/7b8a2dfb/TestFileStoreWithNetty/filestore/s0/file81: java.nio.channels.Channels$1@67d922a5
2019-09-26 13:30:48,369 TRACE util.FileUtils (LogUtils.java:supplyAndLog(82)) - Successfully supplied Files.newOutputStream CREATE_NEW /workdir/ratis-examples/target/test/data/7b8a2dfb/TestFileStoreWithNetty/filestore/s2/file81: java.nio.channels.Channels$1@1056ce99
2019-09-26 13:30:48,943 INFO  logging.LoggingHandler (AbstractInternalLogger.java:log(150)) - [id: 0x51301cc5, L:0.0.0.0/0.0.0.0:35127] READ: [id: 0x8a724c7a, L:/192.168.164.227:35127 - R:/192.168.164.227:50384]
2019-09-26 13:30:48,944 INFO  logging.LoggingHandler (AbstractInternalLogger.java:log(150)) - [id: 0x51301cc5, L:0.0.0.0/0.0.0.0:35127] READ COMPLETE
2019-09-26 13:30:48,947 INFO  logging.LoggingHandler (AbstractInternalLogger.java:log(150)) - [id: 0x20c56452, L:/0.0.0.0:38626] READ: [id: 0xb31b70a4, L:/192.168.164.227:38626 - R:/192.168.164.227:59756]
2019-09-26 13:30:48,947 INFO  logging.LoggingHandler (AbstractInternalLogger.java:log(150)) - [id: 0x20c56452, L:/0.0.0.0:38626] READ COMPLETE
2019-09-26 13:30:48,986 TRACE util.FileUtils (LogUtils.java:supplyAndLog(82)) - Successfully supplied Files.newOutputStream CREATE_NEW /workdir/ratis-examples/target/test/data/7b8a2dfb/TestFileStoreWithNetty/filestore/s1/file82: java.nio.channels.Channels$1@729d590a
2019-09-26 13:30:49,003 TRACE util.FileUtils (LogUtils.java:supplyAndLog(82)) - Successfully supplied Files.newOutputStream CREATE_NEW /workdir/ratis-examples/target/test/data/7b8a2dfb/TestFileStoreWithNetty/filestore/s0/file82: java.nio.channels.Channels$1@2f46f0cc
2019-09-26 13:30:49,003 TRACE util.FileUtils (LogUtils.java:supplyAndLog(82)) - Successfully supplied Files.newOutputStream CREATE_NEW /workdir/ratis-examples/target/test/data/7b8a2dfb/TestFileStoreWithNetty/filestore/s2/file82: java.nio.channels.Channels$1@163b4b09
2019-09-26 13:30:49,257 INFO  logging.LoggingHandler (AbstractInternalLogger.java:log(150)) - [id: 0x51301cc5, L:0.0.0.0/0.0.0.0:35127] READ: [id: 0x4d2dc851, L:/192.168.164.227:35127 - R:/192.168.164.227:50390]
2019-09-26 13:30:49,258 INFO  logging.LoggingHandler (AbstractInternalLogger.java:log(150)) - [id: 0x51301cc5, L:0.0.0.0/0.0.0.0:35127] READ COMPLETE
2019-09-26 13:30:49,259 INFO  logging.LoggingHandler (AbstractInternalLogger.java:log(150)) - [id: 0x20c56452, L:/0.0.0.0:38626] READ: [id: 0xa24ffe56, L:/192.168.164.227:38626 - R:/192.168.164.227:59762]
2019-09-26 13:30:49,259 INFO  logging.LoggingHandler (AbstractInternalLogger.java:log(150)) - [id: 0x20c56452, L:/0.0.0.0:38626] READ COMPLETE
2019-09-26 13:30:49,279 TRACE util.FileUtils (LogUtils.java:supplyAndLog(82)) - Successfully supplied Files.newOutputStream CREATE_NEW /workdir/ratis-examples/target/test/data/7b8a2dfb/TestFileStoreWithNetty/filestore/s1/file83: java.nio.channels.Channels$1@609864de
2019-09-26 13:30:49,280 TRACE util.FileUtils (LogUtils.java:supplyAndLog(82)) - Successfully supplied Files.newOutputStream CREATE_NEW /workdir/ratis-examples/target/test/data/7b8a2dfb/TestFileStoreWithNetty/filestore/s2/file83: java.nio.channels.Channels$1@4744f223
2019-09-26 13:30:49,280 TRACE util.FileUtils (LogUtils.java:supplyAndLog(82)) - Successfully supplied Files.newOutputStream CREATE_NEW /workdir/ratis-examples/target/test/data/7b8a2dfb/TestFileStoreWithNetty/filestore/s0/file83: java.nio.channels.Channels$1@6bb60dc2
2019-09-26 13:30:50,509 INFO  logging.LoggingHandler (AbstractInternalLogger.java:log(150)) - [id: 0x51301cc5, L:0.0.0.0/0.0.0.0:35127] READ: [id: 0xe8b064f7, L:/192.168.164.227:35127 - R:/192.168.164.227:50400]
2019-09-26 13:30:50,509 INFO  logging.LoggingHandler (AbstractInternalLogger.java:log(150)) - [id: 0x51301cc5, L:0.0.0.0/0.0.0.0:35127] READ COMPLETE
2019-09-26 13:30:50,510 INFO  logging.LoggingHandler (AbstractInternalLogger.java:log(150)) - [id: 0x20c56452, L:/0.0.0.0:38626] READ: [id: 0xe659d54e, L:/192.168.164.227:38626 - R:/192.168.164.227:59772]
2019-09-26 13:30:50,511 INFO  logging.LoggingHandler (AbstractInternalLogger.java:log(150)) - [id: 0x20c56452, L:/0.0.0.0:38626] READ COMPLETE
2019-09-26 13:30:50,565 TRACE util.FileUtils (LogUtils.java:supplyAndLog(82)) - Successfully supplied Files.newOutputStream CREATE_NEW /workdir/ratis-examples/target/test/data/7b8a2dfb/TestFileStoreWithNetty/filestore/s1/file84: java.nio.channels.Channels$1@3786a200
2019-09-26 13:30:50,566 TRACE util.FileUtils (LogUtils.java:supplyAndLog(82)) - Successfully supplied Files.newOutputStream CREATE_NEW /workdir/ratis-examples/target/test/data/7b8a2dfb/TestFileStoreWithNetty/filestore/s0/file84: java.nio.channels.Channels$1@3a73deca
2019-09-26 13:30:50,566 TRACE util.FileUtils (LogUtils.java:supplyAndLog(82)) - Successfully supplied Files.newOutputStream CREATE_NEW /workdir/ratis-examples/target/test/data/7b8a2dfb/TestFileStoreWithNetty/filestore/s2/file84: java.nio.channels.Channels$1@63581311
2019-09-26 13:30:50,910 INFO  logging.LoggingHandler (AbstractInternalLogger.java:log(150)) - [id: 0x51301cc5, L:0.0.0.0/0.0.0.0:35127] READ: [id: 0x3cfabb63, L:/192.168.164.227:35127 - R:/192.168.164.227:50406]
2019-09-26 13:30:50,910 INFO  logging.LoggingHandler (AbstractInternalLogger.java:log(150)) - [id: 0x51301cc5, L:0.0.0.0/0.0.0.0:35127] READ COMPLETE
2019-09-26 13:30:50,912 INFO  logging.LoggingHandler (AbstractInternalLogger.java:log(150)) - [id: 0x20c56452, L:/0.0.0.0:38626] READ: [id: 0xfff4d419, L:/192.168.164.227:38626 - R:/192.168.164.227:59778]
2019-09-26 13:30:50,912 INFO  logging.LoggingHandler (AbstractInternalLogger.java:log(150)) - [id: 0x20c56452, L:/0.0.0.0:38626] READ COMPLETE
2019-09-26 13:30:50,915 INFO  logging.LoggingHandler (AbstractInternalLogger.java:log(150)) - [id: 0x51301cc5, L:0.0.0.0/0.0.0.0:35127] READ: [id: 0x98f67686, L:/192.168.164.227:35127 - R:/192.168.164.227:50410]
2019-09-26 13:30:50,915 INFO  logging.LoggingHandler (AbstractInternalLogger.java:log(150)) - [id: 0x51301cc5, L:0.0.0.0/0.0.0.0:35127] READ COMPLETE
2019-09-26 13:30:50,919 INFO  logging.LoggingHandler (AbstractInternalLogger.java:log(150)) - [id: 0x20c56452, L:/0.0.0.0:38626] READ: [id: 0xc7d3e544, L:/192.168.164.227:38626 - R:/192.168.164.227:59782]
2019-09-26 13:30:50,919 INFO  logging.LoggingHandler (AbstractInternalLogger.java:log(150)) - [id: 0x20c56452, L:/0.0.0.0:38626] READ COMPLETE
2019-09-26 13:30:50,945 TRACE util.FileUtils (LogUtils.java:supplyAndLog(82)) - Successfully supplied Files.newOutputStream CREATE_NEW /workdir/ratis-examples/target/test/data/7b8a2dfb/TestFileStoreWithNetty/filestore/s1/file86: java.nio.channels.Channels$1@17a6cfb8
2019-09-26 13:30:50,945 TRACE util.FileUtils (LogUtils.java:supplyAndLog(82)) - Successfully supplied Files.newOutputStream CREATE_NEW /workdir/ratis-examples/target/test/data/7b8a2dfb/TestFileStoreWithNetty/filestore/s0/file85: java.nio.channels.Channels$1@285fecd1
2019-09-26 13:30:50,945 TRACE util.FileUtils (LogUtils.java:supplyAndLog(82)) - Successfully supplied Files.newOutputStream CREATE_NEW /workdir/ratis-examples/target/test/data/7b8a2dfb/TestFileStoreWithNetty/filestore/s1/file85: java.nio.channels.Channels$1@5ba8f5b
2019-09-26 13:30:50,945 TRACE util.FileUtils (LogUtils.java:supplyAndLog(82)) - Successfully supplied Files.newOutputStream CREATE_NEW /workdir/ratis-examples/target/test/data/7b8a2dfb/TestFileStoreWithNetty/filestore/s0/file86: java.nio.channels.Channels$1@82b5dff
2019-09-26 13:30:50,946 TRACE util.FileUtils (LogUtils.java:supplyAndLog(82)) - Successfully supplied Files.newOutputStream CREATE_NEW /workdir/ratis-examples/target/test/data/7b8a2dfb/TestFileStoreWithNetty/filestore/s2/file86: java.nio.channels.Channels$1@3150eb12
2019-09-26 13:30:50,946 TRACE util.FileUtils (LogUtils.java:supplyAndLog(82)) - Successfully supplied Files.newOutputStream CREATE_NEW /workdir/ratis-examples/target/test/data/7b8a2dfb/TestFileStoreWithNetty/filestore/s2/file85: java.nio.channels.Channels$1@570938d1
2019-09-26 13:30:51,041 INFO  logging.LoggingHandler (AbstractInternalLogger.java:log(150)) - [id: 0x51301cc5, L:0.0.0.0/0.0.0.0:35127] READ: [id: 0xf8f182c6, L:/192.168.164.227:35127 - R:/192.168.164.227:50414]
2019-09-26 13:30:51,041 INFO  logging.LoggingHandler (AbstractInternalLogger.java:log(150)) - [id: 0x51301cc5, L:0.0.0.0/0.0.0.0:35127] READ COMPLETE
2019-09-26 13:30:51,043 INFO  logging.LoggingHandler (AbstractInternalLogger.java:log(150)) - [id: 0x20c56452, L:/0.0.0.0:38626] READ: [id: 0x8594d9b9, L:/192.168.164.227:38626 - R:/192.168.164.227:59786]
2019-09-26 13:30:51,043 INFO  logging.LoggingHandler (AbstractInternalLogger.java:log(150)) - [id: 0x20c56452, L:/0.0.0.0:38626] READ COMPLETE
2019-09-26 13:30:51,058 TRACE util.FileUtils (LogUtils.java:supplyAndLog(82)) - Successfully supplied Files.newOutputStream CREATE_NEW /workdir/ratis-examples/target/test/data/7b8a2dfb/TestFileStoreWithNetty/filestore/s1/file87: java.nio.channels.Channels$1@2e8fa89d
2019-09-26 13:30:51,072 TRACE util.FileUtils (LogUtils.java:supplyAndLog(82)) - Successfully supplied Files.newOutputStream CREATE_NEW /workdir/ratis-examples/target/test/data/7b8a2dfb/TestFileStoreWithNetty/filestore/s2/file87: java.nio.channels.Channels$1@50b4ffbf
2019-09-26 13:30:51,072 TRACE util.FileUtils (LogUtils.java:supplyAndLog(82)) - Successfully supplied Files.newOutputStream CREATE_NEW /workdir/ratis-examples/target/test/data/7b8a2dfb/TestFileStoreWithNetty/filestore/s0/file87: java.nio.channels.Channels$1@1c42336a
2019-09-26 13:30:53,205 INFO  logging.LoggingHandler (AbstractInternalLogger.java:log(150)) - [id: 0x51301cc5, L:0.0.0.0/0.0.0.0:35127] READ: [id: 0xaf751706, L:/192.168.164.227:35127 - R:/192.168.164.227:50426]
2019-09-26 13:30:53,205 INFO  logging.LoggingHandler (AbstractInternalLogger.java:log(150)) - [id: 0x51301cc5, L:0.0.0.0/0.0.0.0:35127] READ COMPLETE
2019-09-26 13:30:53,206 INFO  logging.LoggingHandler (AbstractInternalLogger.java:log(150)) - [id: 0x20c56452, L:/0.0.0.0:38626] READ: [id: 0xfc4a2186, L:/192.168.164.227:38626 - R:/192.168.164.227:59798]
2019-09-26 13:30:53,207 INFO  logging.LoggingHandler (AbstractInternalLogger.java:log(150)) - [id: 0x20c56452, L:/0.0.0.0:38626] READ COMPLETE
2019-09-26 13:30:53,235 TRACE util.FileUtils (LogUtils.java:supplyAndLog(82)) - Successfully supplied Files.newOutputStream CREATE_NEW /workdir/ratis-examples/target/test/data/7b8a2dfb/TestFileStoreWithNetty/filestore/s1/file88: java.nio.channels.Channels$1@2f14082c
2019-09-26 13:30:53,251 TRACE util.FileUtils (LogUtils.java:supplyAndLog(82)) - Successfully supplied Files.newOutputStream CREATE_NEW /workdir/ratis-examples/target/test/data/7b8a2dfb/TestFileStoreWithNetty/filestore/s2/file88: java.nio.channels.Channels$1@d8b0bf3
2019-09-26 13:30:53,252 TRACE util.FileUtils (LogUtils.java:supplyAndLog(82)) - Successfully supplied Files.newOutputStream CREATE_NEW /workdir/ratis-examples/target/test/data/7b8a2dfb/TestFileStoreWithNetty/filestore/s0/file88: java.nio.channels.Channels$1@2b297c74
2019-09-26 13:30:53,844 INFO  logging.LoggingHandler (AbstractInternalLogger.java:log(150)) - [id: 0x51301cc5, L:0.0.0.0/0.0.0.0:35127] READ: [id: 0x82a67195, L:/192.168.164.227:35127 - R:/192.168.164.227:50432]
2019-09-26 13:30:53,845 INFO  logging.LoggingHandler (AbstractInternalLogger.java:log(150)) - [id: 0x51301cc5, L:0.0.0.0/0.0.0.0:35127] READ COMPLETE
2019-09-26 13:30:53,846 INFO  logging.LoggingHandler (AbstractInternalLogger.java:log(150)) - [id: 0x20c56452, L:/0.0.0.0:38626] READ: [id: 0xd3c33570, L:/192.168.164.227:38626 - R:/192.168.164.227:59804]
2019-09-26 13:30:53,846 INFO  logging.LoggingHandler (AbstractInternalLogger.java:log(150)) - [id: 0x20c56452, L:/0.0.0.0:38626] READ COMPLETE
2019-09-26 13:30:53,903 TRACE util.FileUtils (LogUtils.java:supplyAndLog(82)) - Successfully supplied Files.newOutputStream CREATE_NEW /workdir/ratis-examples/target/test/data/7b8a2dfb/TestFileStoreWithNetty/filestore/s1/file89: java.nio.channels.Channels$1@5791fbf4
2019-09-26 13:30:53,907 TRACE util.FileUtils (LogUtils.java:supplyAndLog(82)) - Successfully supplied Files.newOutputStream CREATE_NEW /workdir/ratis-examples/target/test/data/7b8a2dfb/TestFileStoreWithNetty/filestore/s0/file89: java.nio.channels.Channels$1@2f17882e
2019-09-26 13:30:53,907 TRACE util.FileUtils (LogUtils.java:supplyAndLog(82)) - Successfully supplied Files.newOutputStream CREATE_NEW /workdir/ratis-examples/target/test/data/7b8a2dfb/TestFileStoreWithNetty/filestore/s2/file89: java.nio.channels.Channels$1@4112525b
2019-09-26 13:30:55,005 INFO  logging.LoggingHandler (AbstractInternalLogger.java:log(150)) - [id: 0x51301cc5, L:0.0.0.0/0.0.0.0:35127] READ: [id: 0xdd287f89, L:/192.168.164.227:35127 - R:/192.168.164.227:50448]
2019-09-26 13:30:55,006 INFO  logging.LoggingHandler (AbstractInternalLogger.java:log(150)) - [id: 0x51301cc5, L:0.0.0.0/0.0.0.0:35127] READ COMPLETE
2019-09-26 13:30:55,008 INFO  logging.LoggingHandler (AbstractInternalLogger.java:log(150)) - [id: 0x20c56452, L:/0.0.0.0:38626] READ: [id: 0x9b5c8ee5, L:/192.168.164.227:38626 - R:/192.168.164.227:59820]
2019-09-26 13:30:55,009 INFO  logging.LoggingHandler (AbstractInternalLogger.java:log(150)) - [id: 0x20c56452, L:/0.0.0.0:38626] READ COMPLETE
2019-09-26 13:30:55,026 TRACE util.FileUtils (LogUtils.java:supplyAndLog(82)) - Successfully supplied Files.newOutputStream CREATE_NEW /workdir/ratis-examples/target/test/data/7b8a2dfb/TestFileStoreWithNetty/filestore/s1/file90: java.nio.channels.Channels$1@7c8fa1cb
2019-09-26 13:30:55,027 TRACE util.FileUtils (LogUtils.java:supplyAndLog(82)) - Successfully supplied Files.newOutputStream CREATE_NEW /workdir/ratis-examples/target/test/data/7b8a2dfb/TestFileStoreWithNetty/filestore/s0/file90: java.nio.channels.Channels$1@6011d929
2019-09-26 13:30:55,027 TRACE util.FileUtils (LogUtils.java:supplyAndLog(82)) - Successfully supplied Files.newOutputStream CREATE_NEW /workdir/ratis-examples/target/test/data/7b8a2dfb/TestFileStoreWithNetty/filestore/s2/file90: java.nio.channels.Channels$1@de6ad0
2019-09-26 13:30:55,043 INFO  logging.LoggingHandler (AbstractInternalLogger.java:log(150)) - [id: 0x51301cc5, L:0.0.0.0/0.0.0.0:35127] READ: [id: 0xa493b4fd, L:/192.168.164.227:35127 - R:/192.168.164.227:50454]
2019-09-26 13:30:55,044 INFO  logging.LoggingHandler (AbstractInternalLogger.java:log(150)) - [id: 0x51301cc5, L:0.0.0.0/0.0.0.0:35127] READ COMPLETE
2019-09-26 13:30:55,045 INFO  logging.LoggingHandler (AbstractInternalLogger.java:log(150)) - [id: 0x20c56452, L:/0.0.0.0:38626] READ: [id: 0xd2748c5f, L:/192.168.164.227:38626 - R:/192.168.164.227:59826]
2019-09-26 13:30:55,045 INFO  logging.LoggingHandler (AbstractInternalLogger.java:log(150)) - [id: 0x20c56452, L:/0.0.0.0:38626] READ COMPLETE
2019-09-26 13:30:55,064 TRACE util.FileUtils (LogUtils.java:supplyAndLog(82)) - Successfully supplied Files.newOutputStream CREATE_NEW /workdir/ratis-examples/target/test/data/7b8a2dfb/TestFileStoreWithNetty/filestore/s1/file91: java.nio.channels.Channels$1@22ffe5fd
2019-09-26 13:30:55,065 TRACE util.FileUtils (LogUtils.java:supplyAndLog(82)) - Successfully supplied Files.newOutputStream CREATE_NEW /workdir/ratis-examples/target/test/data/7b8a2dfb/TestFileStoreWithNetty/filestore/s2/file91: java.nio.channels.Channels$1@5227fcb4
2019-09-26 13:30:55,067 TRACE util.FileUtils (LogUtils.java:supplyAndLog(82)) - Successfully supplied Files.newOutputStream CREATE_NEW /workdir/ratis-examples/target/test/data/7b8a2dfb/TestFileStoreWithNetty/filestore/s0/file91: java.nio.channels.Channels$1@7824ced6
2019-09-26 13:30:55,997 INFO  logging.LoggingHandler (AbstractInternalLogger.java:log(150)) - [id: 0x51301cc5, L:0.0.0.0/0.0.0.0:35127] READ: [id: 0xe1eddcc2, L:/192.168.164.227:35127 - R:/192.168.164.227:50490]
2019-09-26 13:30:55,997 INFO  logging.LoggingHandler (AbstractInternalLogger.java:log(150)) - [id: 0x51301cc5, L:0.0.0.0/0.0.0.0:35127] READ COMPLETE
2019-09-26 13:30:55,999 INFO  logging.LoggingHandler (AbstractInternalLogger.java:log(150)) - [id: 0x20c56452, L:/0.0.0.0:38626] READ: [id: 0x1bc0e50c, L:/192.168.164.227:38626 - R:/192.168.164.227:59862]
2019-09-26 13:30:55,999 INFO  logging.LoggingHandler (AbstractInternalLogger.java:log(150)) - [id: 0x20c56452, L:/0.0.0.0:38626] READ COMPLETE
2019-09-26 13:30:56,021 TRACE util.FileUtils (LogUtils.java:supplyAndLog(82)) - Successfully supplied Files.newOutputStream CREATE_NEW /workdir/ratis-examples/target/test/data/7b8a2dfb/TestFileStoreWithNetty/filestore/s1/file92: java.nio.channels.Channels$1@3d92f9c9
2019-09-26 13:30:56,021 TRACE util.FileUtils (LogUtils.java:supplyAndLog(82)) - Successfully supplied Files.newOutputStream CREATE_NEW /workdir/ratis-examples/target/test/data/7b8a2dfb/TestFileStoreWithNetty/filestore/s0/file92: java.nio.channels.Channels$1@28a412b4
2019-09-26 13:30:56,023 TRACE util.FileUtils (LogUtils.java:supplyAndLog(82)) - Successfully supplied Files.newOutputStream CREATE_NEW /workdir/ratis-examples/target/test/data/7b8a2dfb/TestFileStoreWithNetty/filestore/s2/file92: java.nio.channels.Channels$1@8680488
2019-09-26 13:30:56,473 INFO  logging.LoggingHandler (AbstractInternalLogger.java:log(150)) - [id: 0x51301cc5, L:0.0.0.0/0.0.0.0:35127] READ: [id: 0x037cfbc9, L:/192.168.164.227:35127 - R:/192.168.164.227:50502]
2019-09-26 13:30:56,473 INFO  logging.LoggingHandler (AbstractInternalLogger.java:log(150)) - [id: 0x51301cc5, L:0.0.0.0/0.0.0.0:35127] READ COMPLETE
2019-09-26 13:30:56,475 INFO  logging.LoggingHandler (AbstractInternalLogger.java:log(150)) - [id: 0x20c56452, L:/0.0.0.0:38626] READ: [id: 0xbf7c8774, L:/192.168.164.227:38626 - R:/192.168.164.227:59874]
2019-09-26 13:30:56,476 INFO  logging.LoggingHandler (AbstractInternalLogger.java:log(150)) - [id: 0x20c56452, L:/0.0.0.0:38626] READ COMPLETE
2019-09-26 13:30:56,546 TRACE util.FileUtils (LogUtils.java:supplyAndLog(82)) - Successfully supplied Files.newOutputStream CREATE_NEW /workdir/ratis-examples/target/test/data/7b8a2dfb/TestFileStoreWithNetty/filestore/s1/file93: java.nio.channels.Channels$1@62c4531c
2019-09-26 13:30:56,548 TRACE util.FileUtils (LogUtils.java:supplyAndLog(82)) - Successfully supplied Files.newOutputStream CREATE_NEW /workdir/ratis-examples/target/test/data/7b8a2dfb/TestFileStoreWithNetty/filestore/s0/file93: java.nio.channels.Channels$1@72c196e
2019-09-26 13:30:56,553 TRACE util.FileUtils (LogUtils.java:supplyAndLog(82)) - Successfully supplied Files.newOutputStream CREATE_NEW /workdir/ratis-examples/target/test/data/7b8a2dfb/TestFileStoreWithNetty/filestore/s2/file93: java.nio.channels.Channels$1@520e0a7e
2019-09-26 13:30:56,770 INFO  logging.LoggingHandler (AbstractInternalLogger.java:log(150)) - [id: 0x51301cc5, L:0.0.0.0/0.0.0.0:35127] READ: [id: 0xf6e2db51, L:/192.168.164.227:35127 - R:/192.168.164.227:50508]
2019-09-26 13:30:56,770 INFO  logging.LoggingHandler (AbstractInternalLogger.java:log(150)) - [id: 0x51301cc5, L:0.0.0.0/0.0.0.0:35127] READ COMPLETE
2019-09-26 13:30:56,774 INFO  logging.LoggingHandler (AbstractInternalLogger.java:log(150)) - [id: 0x20c56452, L:/0.0.0.0:38626] READ: [id: 0x52f93dd1, L:/192.168.164.227:38626 - R:/192.168.164.227:59880]
2019-09-26 13:30:56,774 INFO  logging.LoggingHandler (AbstractInternalLogger.java:log(150)) - [id: 0x20c56452, L:/0.0.0.0:38626] READ COMPLETE
2019-09-26 13:30:56,806 TRACE util.FileUtils (LogUtils.java:supplyAndLog(82)) - Successfully supplied Files.newOutputStream CREATE_NEW /workdir/ratis-examples/target/test/data/7b8a2dfb/TestFileStoreWithNetty/filestore/s1/file94: java.nio.channels.Channels$1@2deb48c9
2019-09-26 13:30:56,807 TRACE util.FileUtils (LogUtils.java:supplyAndLog(82)) - Successfully supplied Files.newOutputStream CREATE_NEW /workdir/ratis-examples/target/test/data/7b8a2dfb/TestFileStoreWithNetty/filestore/s2/file94: java.nio.channels.Channels$1@b3f44a0
2019-09-26 13:30:56,810 TRACE util.FileUtils (LogUtils.java:supplyAndLog(82)) - Successfully supplied Files.newOutputStream CREATE_NEW /workdir/ratis-examples/target/test/data/7b8a2dfb/TestFileStoreWithNetty/filestore/s0/file94: java.nio.channels.Channels$1@4db7c1e5
2019-09-26 13:30:57,344 INFO  logging.LoggingHandler (AbstractInternalLogger.java:log(150)) - [id: 0x51301cc5, L:0.0.0.0/0.0.0.0:35127] READ: [id: 0x5c19df15, L:/192.168.164.227:35127 - R:/192.168.164.227:50514]
2019-09-26 13:30:57,345 INFO  logging.LoggingHandler (AbstractInternalLogger.java:log(150)) - [id: 0x51301cc5, L:0.0.0.0/0.0.0.0:35127] READ COMPLETE
2019-09-26 13:30:57,346 INFO  logging.LoggingHandler (AbstractInternalLogger.java:log(150)) - [id: 0x20c56452, L:/0.0.0.0:38626] READ: [id: 0x39245882, L:/192.168.164.227:38626 - R:/192.168.164.227:59886]
2019-09-26 13:30:57,347 INFO  logging.LoggingHandler (AbstractInternalLogger.java:log(150)) - [id: 0x20c56452, L:/0.0.0.0:38626] READ COMPLETE
2019-09-26 13:30:57,400 TRACE util.FileUtils (LogUtils.java:supplyAndLog(82)) - Successfully supplied Files.newOutputStream CREATE_NEW /workdir/ratis-examples/target/test/data/7b8a2dfb/TestFileStoreWithNetty/filestore/s1/file95: java.nio.channels.Channels$1@22bdef78
2019-09-26 13:30:57,400 TRACE util.FileUtils (LogUtils.java:supplyAndLog(82)) - Successfully supplied Files.newOutputStream CREATE_NEW /workdir/ratis-examples/target/test/data/7b8a2dfb/TestFileStoreWithNetty/filestore/s2/file95: java.nio.channels.Channels$1@56159bf2
2019-09-26 13:30:57,405 TRACE util.FileUtils (LogUtils.java:supplyAndLog(82)) - Successfully supplied Files.newOutputStream CREATE_NEW /workdir/ratis-examples/target/test/data/7b8a2dfb/TestFileStoreWithNetty/filestore/s0/file95: java.nio.channels.Channels$1@18c86234
2019-09-26 13:30:57,758 INFO  ratis.MiniRaftCluster (MiniRaftCluster.java:lambda$null$5(297)) - TIMED-PRINT: printing ALL groups
  s0:  RUNNING  FOLLOWER s0@group-B6F2DE967D4B:t4, leader=s1, voted=s1, raftlog=s0@group-B6F2DE967D4B-SegmentedRaftLog:OPENED:c34006,f34013,i34018, conf=28672: [s0:0.0.0.0:35127, s1:0.0.0.0:38626, s2:0.0.0.0:43773], old=null RUNNING
  s1:  RUNNING    LEADER s1@group-B6F2DE967D4B:t4, leader=s1, voted=s1, raftlog=s1@group-B6F2DE967D4B-SegmentedRaftLog:OPENED:c34015,f34019,i34021, conf=28672: [s0:0.0.0.0:35127, s1:0.0.0.0:38626, s2:0.0.0.0:43773], old=null RUNNING
  s2:  RUNNING  FOLLOWER s2@group-B6F2DE967D4B:t4, leader=s1, voted=s1, raftlog=s2@group-B6F2DE967D4B-SegmentedRaftLog:OPENED:c34009,f34016,i34018, conf=28672: [s0:0.0.0.0:35127, s1:0.0.0.0:38626, s2:0.0.0.0:43773], old=null RUNNING
2019-09-26 13:30:57,920 INFO  logging.LoggingHandler (AbstractInternalLogger.java:log(150)) - [id: 0x51301cc5, L:0.0.0.0/0.0.0.0:35127] READ: [id: 0xc666fe3b, L:/192.168.164.227:35127 - R:/192.168.164.227:50522]
2019-09-26 13:30:57,920 INFO  logging.LoggingHandler (AbstractInternalLogger.java:log(150)) - [id: 0x51301cc5, L:0.0.0.0/0.0.0.0:35127] READ COMPLETE
2019-09-26 13:30:57,922 INFO  logging.LoggingHandler (AbstractInternalLogger.java:log(150)) - [id: 0x20c56452, L:/0.0.0.0:38626] READ: [id: 0x803b5fca, L:/192.168.164.227:38626 - R:/192.168.164.227:59894]
2019-09-26 13:30:57,927 INFO  logging.LoggingHandler (AbstractInternalLogger.java:log(150)) - [id: 0x20c56452, L:/0.0.0.0:38626] READ COMPLETE
2019-09-26 13:30:57,959 TRACE util.FileUtils (LogUtils.java:supplyAndLog(82)) - Successfully supplied Files.newOutputStream CREATE_NEW /workdir/ratis-examples/target/test/data/7b8a2dfb/TestFileStoreWithNetty/filestore/s1/file96: java.nio.channels.Channels$1@3c53259c
2019-09-26 13:30:57,959 TRACE util.FileUtils (LogUtils.java:supplyAndLog(82)) - Successfully supplied Files.newOutputStream CREATE_NEW /workdir/ratis-examples/target/test/data/7b8a2dfb/TestFileStoreWithNetty/filestore/s2/file96: java.nio.channels.Channels$1@5124158b
2019-09-26 13:30:57,960 TRACE util.FileUtils (LogUtils.java:supplyAndLog(82)) - Successfully supplied Files.newOutputStream CREATE_NEW /workdir/ratis-examples/target/test/data/7b8a2dfb/TestFileStoreWithNetty/filestore/s0/file96: java.nio.channels.Channels$1@7aff18f4
2019-09-26 13:30:58,322 INFO  logging.LoggingHandler (AbstractInternalLogger.java:log(150)) - [id: 0x51301cc5, L:0.0.0.0/0.0.0.0:35127] READ: [id: 0x43b1a202, L:/192.168.164.227:35127 - R:/192.168.164.227:50526]
2019-09-26 13:30:58,323 INFO  logging.LoggingHandler (AbstractInternalLogger.java:log(150)) - [id: 0x51301cc5, L:0.0.0.0/0.0.0.0:35127] READ COMPLETE
2019-09-26 13:30:58,326 INFO  logging.LoggingHandler (AbstractInternalLogger.java:log(150)) - [id: 0x20c56452, L:/0.0.0.0:38626] READ: [id: 0x80e55134, L:/192.168.164.227:38626 - R:/192.168.164.227:59898]
2019-09-26 13:30:58,326 INFO  logging.LoggingHandler (AbstractInternalLogger.java:log(150)) - [id: 0x20c56452, L:/0.0.0.0:38626] READ COMPLETE
2019-09-26 13:30:58,374 TRACE util.FileUtils (LogUtils.java:supplyAndLog(82)) - Successfully supplied Files.newOutputStream CREATE_NEW /workdir/ratis-examples/target/test/data/7b8a2dfb/TestFileStoreWithNetty/filestore/s1/file97: java.nio.channels.Channels$1@d1320a7
2019-09-26 13:30:58,383 TRACE util.FileUtils (LogUtils.java:supplyAndLog(82)) - Successfully supplied Files.newOutputStream CREATE_NEW /workdir/ratis-examples/target/test/data/7b8a2dfb/TestFileStoreWithNetty/filestore/s0/file97: java.nio.channels.Channels$1@21b2adbf
2019-09-26 13:30:58,385 TRACE util.FileUtils (LogUtils.java:supplyAndLog(82)) - Successfully supplied Files.newOutputStream CREATE_NEW /workdir/ratis-examples/target/test/data/7b8a2dfb/TestFileStoreWithNetty/filestore/s2/file97: java.nio.channels.Channels$1@3d0ff008
2019-09-26 13:31:00,096 INFO  logging.LoggingHandler (AbstractInternalLogger.java:log(150)) - [id: 0x51301cc5, L:0.0.0.0/0.0.0.0:35127] READ: [id: 0xb5bcaabe, L:/192.168.164.227:35127 - R:/192.168.164.227:50538]
2019-09-26 13:31:00,096 INFO  logging.LoggingHandler (AbstractInternalLogger.java:log(150)) - [id: 0x51301cc5, L:0.0.0.0/0.0.0.0:35127] READ COMPLETE
2019-09-26 13:31:00,098 INFO  logging.LoggingHandler (AbstractInternalLogger.java:log(150)) - [id: 0x20c56452, L:/0.0.0.0:38626] READ: [id: 0xf2bddfbc, L:/192.168.164.227:38626 - R:/192.168.164.227:59910]
2019-09-26 13:31:00,098 INFO  logging.LoggingHandler (AbstractInternalLogger.java:log(150)) - [id: 0x20c56452, L:/0.0.0.0:38626] READ COMPLETE
2019-09-26 13:31:00,128 TRACE util.FileUtils (LogUtils.java:supplyAndLog(82)) - Successfully supplied Files.newOutputStream CREATE_NEW /workdir/ratis-examples/target/test/data/7b8a2dfb/TestFileStoreWithNetty/filestore/s1/file98: java.nio.channels.Channels$1@a5ba343
2019-09-26 13:31:00,129 TRACE util.FileUtils (LogUtils.java:supplyAndLog(82)) - Successfully supplied Files.newOutputStream CREATE_NEW /workdir/ratis-examples/target/test/data/7b8a2dfb/TestFileStoreWithNetty/filestore/s0/file98: java.nio.channels.Channels$1@1ac4b06d
2019-09-26 13:31:00,130 TRACE util.FileUtils (LogUtils.java:supplyAndLog(82)) - Successfully supplied Files.newOutputStream CREATE_NEW /workdir/ratis-examples/target/test/data/7b8a2dfb/TestFileStoreWithNetty/filestore/s2/file98: java.nio.channels.Channels$1@5266b653
2019-09-26 13:31:00,141 INFO  logging.LoggingHandler (AbstractInternalLogger.java:log(150)) - [id: 0x51301cc5, L:0.0.0.0/0.0.0.0:35127] READ: [id: 0x9dbcd233, L:/192.168.164.227:35127 - R:/192.168.164.227:50542]
2019-09-26 13:31:00,141 INFO  logging.LoggingHandler (AbstractInternalLogger.java:log(150)) - [id: 0x51301cc5, L:0.0.0.0/0.0.0.0:35127] READ COMPLETE
2019-09-26 13:31:00,143 INFO  logging.LoggingHandler (AbstractInternalLogger.java:log(150)) - [id: 0x20c56452, L:/0.0.0.0:38626] READ: [id: 0x65b770fb, L:/192.168.164.227:38626 - R:/192.168.164.227:59914]
2019-09-26 13:31:00,143 INFO  logging.LoggingHandler (AbstractInternalLogger.java:log(150)) - [id: 0x20c56452, L:/0.0.0.0:38626] READ COMPLETE
2019-09-26 13:31:00,149 TRACE util.FileUtils (LogUtils.java:supplyAndLog(82)) - Successfully supplied Files.newOutputStream CREATE_NEW /workdir/ratis-examples/target/test/data/7b8a2dfb/TestFileStoreWithNetty/filestore/s2/file99: java.nio.channels.Channels$1@565bdd0b
2019-09-26 13:31:00,149 TRACE util.FileUtils (LogUtils.java:supplyAndLog(82)) - Successfully supplied Files.newOutputStream CREATE_NEW /workdir/ratis-examples/target/test/data/7b8a2dfb/TestFileStoreWithNetty/filestore/s1/file99: java.nio.channels.Channels$1@35cc42f4
2019-09-26 13:31:00,153 TRACE util.FileUtils (LogUtils.java:supplyAndLog(82)) - Successfully supplied Files.newOutputStream CREATE_NEW /workdir/ratis-examples/target/test/data/7b8a2dfb/TestFileStoreWithNetty/filestore/s0/file99: java.nio.channels.Channels$1@692dc6ee
]]></system-out>
  </testcase>
</testsuite>