<?xml version="1.0" encoding="UTF-8"?>
<testsuite xmlns:xsi="http://www.w3.org/2001/XMLSchema-instance" xsi:noNamespaceSchemaLocation="https://maven.apache.org/surefire/maven-surefire-plugin/xsd/surefire-test-report.xsd" name="org.apache.ratis.logservice.TestLogServiceWithNetty" time="6.353" tests="4" errors="1" skipped="0" failures="1">
  <properties>
    <property name="awt.toolkit" value="sun.awt.X11.XToolkit"/>
    <property name="file.encoding.pkg" value="sun.io"/>
    <property name="java.specification.version" value="1.8"/>
    <property name="sun.cpu.isalist" value=""/>
    <property name="sun.jnu.encoding" value="UTF-8"/>
    <property name="java.class.path" value="/workdir/ratis-logservice/target/test-classes:/workdir/ratis-logservice/target/classes:/workdir/ratis-proto/target/ratis-proto-0.5.0-SNAPSHOT.jar:/home/user/.m2/repository/org/apache/ratis/ratis-thirdparty-misc/0.2.0/ratis-thirdparty-misc-0.2.0.jar:/workdir/ratis-common/target/classes:/home/user/.m2/repository/org/slf4j/slf4j-log4j12/1.7.10/slf4j-log4j12-1.7.10.jar:/workdir/ratis-client/target/classes:/workdir/ratis-server/target/classes:/workdir/ratis-metrics/target/classes:/home/user/.m2/repository/io/dropwizard/metrics/metrics-core/3.2.5/metrics-core-3.2.5.jar:/home/user/.m2/repository/com/github/joshelser/dropwizard-metrics-hadoop-metrics2-reporter/0.1.2/dropwizard-metrics-hadoop-metrics2-reporter-0.1.2.jar:/home/user/.m2/repository/io/dropwizard/metrics/metrics-jvm/3.2.5/metrics-jvm-3.2.5.jar:/home/user/.m2/repository/io/dropwizard/metrics/metrics-ganglia/3.2.5/metrics-ganglia-3.2.5.jar:/home/user/.m2/repository/info/ganglia/gmetric4j/gmetric4j/1.0.7/gmetric4j-1.0.7.jar:/workdir/ratis-grpc/target/classes:/workdir/ratis-netty/target/classes:/home/user/.m2/repository/org/apache/hadoop/hadoop-common/3.1.1/hadoop-common-3.1.1.jar:/home/user/.m2/repository/org/apache/hadoop/hadoop-annotations/3.1.1/hadoop-annotations-3.1.1.jar:/usr/lib/jvm/java-1.8-openjdk/jre/../lib/tools.jar:/home/user/.m2/repository/com/google/guava/guava/11.0.2/guava-11.0.2.jar:/home/user/.m2/repository/commons-cli/commons-cli/1.2/commons-cli-1.2.jar:/home/user/.m2/repository/org/apache/commons/commons-math3/3.1.1/commons-math3-3.1.1.jar:/home/user/.m2/repository/org/apache/httpcomponents/httpclient/4.5.2/httpclient-4.5.2.jar:/home/user/.m2/repository/org/apache/httpcomponents/httpcore/4.4.4/httpcore-4.4.4.jar:/home/user/.m2/repository/commons-codec/commons-codec/1.11/commons-codec-1.11.jar:/home/user/.m2/repository/commons-io/commons-io/2.5/commons-io-2.5.jar:/home/user/.m2/repository/commons-net/commons-net/3.6/commons-net-3.6.jar:/home/user/.m2/repository/commons-collections/commons-collections/3.2.2/commons-collections-3.2.2.jar:/home/user/.m2/repository/javax/servlet/javax.servlet-api/3.1.0/javax.servlet-api-3.1.0.jar:/home/user/.m2/repository/org/eclipse/jetty/jetty-server/9.3.19.v20170502/jetty-server-9.3.19.v20170502.jar:/home/user/.m2/repository/org/eclipse/jetty/jetty-http/9.3.19.v20170502/jetty-http-9.3.19.v20170502.jar:/home/user/.m2/repository/org/eclipse/jetty/jetty-io/9.3.19.v20170502/jetty-io-9.3.19.v20170502.jar:/home/user/.m2/repository/org/eclipse/jetty/jetty-util/9.3.19.v20170502/jetty-util-9.3.19.v20170502.jar:/home/user/.m2/repository/org/eclipse/jetty/jetty-servlet/9.3.19.v20170502/jetty-servlet-9.3.19.v20170502.jar:/home/user/.m2/repository/org/eclipse/jetty/jetty-security/9.3.19.v20170502/jetty-security-9.3.19.v20170502.jar:/home/user/.m2/repository/org/eclipse/jetty/jetty-webapp/9.3.19.v20170502/jetty-webapp-9.3.19.v20170502.jar:/home/user/.m2/repository/org/eclipse/jetty/jetty-xml/9.3.19.v20170502/jetty-xml-9.3.19.v20170502.jar:/home/user/.m2/repository/javax/servlet/jsp/jsp-api/2.1/jsp-api-2.1.jar:/home/user/.m2/repository/com/sun/jersey/jersey-core/1.19/jersey-core-1.19.jar:/home/user/.m2/repository/javax/ws/rs/jsr311-api/1.1.1/jsr311-api-1.1.1.jar:/home/user/.m2/repository/com/sun/jersey/jersey-servlet/1.19/jersey-servlet-1.19.jar:/home/user/.m2/repository/com/sun/jersey/jersey-json/1.19/jersey-json-1.19.jar:/home/user/.m2/repository/org/codehaus/jettison/jettison/1.1/jettison-1.1.jar:/home/user/.m2/repository/com/sun/xml/bind/jaxb-impl/2.2.3-1/jaxb-impl-2.2.3-1.jar:/home/user/.m2/repository/org/codehaus/jackson/jackson-core-asl/1.9.2/jackson-core-asl-1.9.2.jar:/home/user/.m2/repository/org/codehaus/jackson/jackson-mapper-asl/1.9.2/jackson-mapper-asl-1.9.2.jar:/home/user/.m2/repository/org/codehaus/jackson/jackson-jaxrs/1.9.2/jackson-jaxrs-1.9.2.jar:/home/user/.m2/repository/org/codehaus/jackson/jackson-xc/1.9.2/jackson-xc-1.9.2.jar:/home/user/.m2/repository/com/sun/jersey/jersey-server/1.19/jersey-server-1.19.jar:/home/user/.m2/repository/commons-logging/commons-logging/1.1.3/commons-logging-1.1.3.jar:/home/user/.m2/repository/log4j/log4j/1.2.17/log4j-1.2.17.jar:/home/user/.m2/repository/commons-lang/commons-lang/2.6/commons-lang-2.6.jar:/home/user/.m2/repository/commons-beanutils/commons-beanutils/1.9.3/commons-beanutils-1.9.3.jar:/home/user/.m2/repository/org/apache/commons/commons-configuration2/2.1.1/commons-configuration2-2.1.1.jar:/home/user/.m2/repository/org/apache/commons/commons-lang3/3.4/commons-lang3-3.4.jar:/home/user/.m2/repository/org/apache/avro/avro/1.7.7/avro-1.7.7.jar:/home/user/.m2/repository/com/thoughtworks/paranamer/paranamer/2.3/paranamer-2.3.jar:/home/user/.m2/repository/org/xerial/snappy/snappy-java/1.0.5/snappy-java-1.0.5.jar:/home/user/.m2/repository/com/google/re2j/re2j/1.1/re2j-1.1.jar:/home/user/.m2/repository/com/google/protobuf/protobuf-java/2.5.0/protobuf-java-2.5.0.jar:/home/user/.m2/repository/com/google/code/gson/gson/2.2.4/gson-2.2.4.jar:/home/user/.m2/repository/org/apache/hadoop/hadoop-auth/3.1.1/hadoop-auth-3.1.1.jar:/home/user/.m2/repository/com/nimbusds/nimbus-jose-jwt/4.41.1/nimbus-jose-jwt-4.41.1.jar:/home/user/.m2/repository/com/github/stephenc/jcip/jcip-annotations/1.0-1/jcip-annotations-1.0-1.jar:/home/user/.m2/repository/net/minidev/json-smart/2.3/json-smart-2.3.jar:/home/user/.m2/repository/net/minidev/accessors-smart/1.2/accessors-smart-1.2.jar:/home/user/.m2/repository/org/ow2/asm/asm/5.0.4/asm-5.0.4.jar:/home/user/.m2/repository/org/apache/curator/curator-framework/2.12.0/curator-framework-2.12.0.jar:/home/user/.m2/repository/com/jcraft/jsch/0.1.54/jsch-0.1.54.jar:/home/user/.m2/repository/org/apache/curator/curator-client/2.12.0/curator-client-2.12.0.jar:/home/user/.m2/repository/org/apache/curator/curator-recipes/2.12.0/curator-recipes-2.12.0.jar:/home/user/.m2/repository/com/google/code/findbugs/jsr305/3.0.0/jsr305-3.0.0.jar:/home/user/.m2/repository/org/apache/htrace/htrace-core4/4.1.0-incubating/htrace-core4-4.1.0-incubating.jar:/home/user/.m2/repository/org/apache/zookeeper/zookeeper/3.4.9/zookeeper-3.4.9.jar:/home/user/.m2/repository/jline/jline/0.9.94/jline-0.9.94.jar:/home/user/.m2/repository/org/apache/commons/commons-compress/1.4.1/commons-compress-1.4.1.jar:/home/user/.m2/repository/org/tukaani/xz/1.0/xz-1.0.jar:/home/user/.m2/repository/org/apache/kerby/kerb-simplekdc/1.0.1/kerb-simplekdc-1.0.1.jar:/home/user/.m2/repository/org/apache/kerby/kerb-client/1.0.1/kerb-client-1.0.1.jar:/home/user/.m2/repository/org/apache/kerby/kerby-config/1.0.1/kerby-config-1.0.1.jar:/home/user/.m2/repository/org/apache/kerby/kerb-core/1.0.1/kerb-core-1.0.1.jar:/home/user/.m2/repository/org/apache/kerby/kerby-pkix/1.0.1/kerby-pkix-1.0.1.jar:/home/user/.m2/repository/org/apache/kerby/kerby-asn1/1.0.1/kerby-asn1-1.0.1.jar:/home/user/.m2/repository/org/apache/kerby/kerby-util/1.0.1/kerby-util-1.0.1.jar:/home/user/.m2/repository/org/apache/kerby/kerb-common/1.0.1/kerb-common-1.0.1.jar:/home/user/.m2/repository/org/apache/kerby/kerb-crypto/1.0.1/kerb-crypto-1.0.1.jar:/home/user/.m2/repository/org/apache/kerby/kerb-util/1.0.1/kerb-util-1.0.1.jar:/home/user/.m2/repository/org/apache/kerby/token-provider/1.0.1/token-provider-1.0.1.jar:/home/user/.m2/repository/org/apache/kerby/kerb-admin/1.0.1/kerb-admin-1.0.1.jar:/home/user/.m2/repository/org/apache/kerby/kerb-server/1.0.1/kerb-server-1.0.1.jar:/home/user/.m2/repository/org/apache/kerby/kerb-identity/1.0.1/kerb-identity-1.0.1.jar:/home/user/.m2/repository/org/apache/kerby/kerby-xdr/1.0.1/kerby-xdr-1.0.1.jar:/home/user/.m2/repository/com/fasterxml/jackson/core/jackson-databind/2.7.8/jackson-databind-2.7.8.jar:/home/user/.m2/repository/com/fasterxml/jackson/core/jackson-annotations/2.7.0/jackson-annotations-2.7.0.jar:/home/user/.m2/repository/com/fasterxml/jackson/core/jackson-core/2.7.8/jackson-core-2.7.8.jar:/home/user/.m2/repository/org/codehaus/woodstox/stax2-api/3.1.4/stax2-api-3.1.4.jar:/home/user/.m2/repository/com/fasterxml/woodstox/woodstox-core/5.0.3/woodstox-core-5.0.3.jar:/home/user/.m2/repository/com/beust/jcommander/1.72/jcommander-1.72.jar:/home/user/.m2/repository/org/jline/jline/3.9.0/jline-3.9.0.jar:/home/user/.m2/repository/org/slf4j/slf4j-api/1.7.10/slf4j-api-1.7.10.jar:/workdir/ratis-netty/target/test-classes:/workdir/ratis-grpc/target/test-classes:/workdir/ratis-server/target/test-classes:/workdir/ratis-common/target/test-classes:/workdir/ratis-client/target/test-classes:/workdir/ratis-hadoop/target/classes:/workdir/ratis-hadoop/target/test-classes:/home/user/.m2/repository/org/apache/ratis/ratis-thirdparty-hadoop/0.2.0/ratis-thirdparty-hadoop-0.2.0.jar:/home/user/.m2/repository/junit/junit/4.12/junit-4.12.jar:/home/user/.m2/repository/org/hamcrest/hamcrest-core/1.3/hamcrest-core-1.3.jar:/home/user/.m2/repository/org/mockito/mockito-all/1.8.5/mockito-all-1.8.5.jar:/home/user/.m2/repository/org/apache/hadoop/hadoop-hdfs/3.1.1/hadoop-hdfs-3.1.1-tests.jar:/home/user/.m2/repository/org/eclipse/jetty/jetty-util-ajax/9.3.19.v20170502/jetty-util-ajax-9.3.19.v20170502.jar:/home/user/.m2/repository/commons-daemon/commons-daemon/1.0.13/commons-daemon-1.0.13.jar:/home/user/.m2/repository/io/netty/netty/3.10.5.Final/netty-3.10.5.Final.jar:/home/user/.m2/repository/io/netty/netty-all/4.0.52.Final/netty-all-4.0.52.Final.jar:/home/user/.m2/repository/org/fusesource/leveldbjni/leveldbjni-all/1.8/leveldbjni-all-1.8.jar:/home/user/.m2/repository/org/apache/hadoop/hadoop-client/3.1.1/hadoop-client-3.1.1.jar:/home/user/.m2/repository/org/apache/hadoop/hadoop-hdfs-client/3.1.1/hadoop-hdfs-client-3.1.1.jar:/home/user/.m2/repository/com/squareup/okhttp/okhttp/2.7.5/okhttp-2.7.5.jar:/home/user/.m2/repository/com/squareup/okio/okio/1.6.0/okio-1.6.0.jar:/home/user/.m2/repository/org/apache/hadoop/hadoop-yarn-api/3.1.1/hadoop-yarn-api-3.1.1.jar:/home/user/.m2/repository/javax/xml/bind/jaxb-api/2.2.11/jaxb-api-2.2.11.jar:/home/user/.m2/repository/org/apache/hadoop/hadoop-yarn-client/3.1.1/hadoop-yarn-client-3.1.1.jar:/home/user/.m2/repository/org/apache/hadoop/hadoop-mapreduce-client-core/3.1.1/hadoop-mapreduce-client-core-3.1.1.jar:/home/user/.m2/repository/org/apache/hadoop/hadoop-yarn-common/3.1.1/hadoop-yarn-common-3.1.1.jar:/home/user/.m2/repository/com/sun/jersey/jersey-client/1.19/jersey-client-1.19.jar:/home/user/.m2/repository/com/fasterxml/jackson/module/jackson-module-jaxb-annotations/2.7.8/jackson-module-jaxb-annotations-2.7.8.jar:/home/user/.m2/repository/com/fasterxml/jackson/jaxrs/jackson-jaxrs-json-provider/2.7.8/jackson-jaxrs-json-provider-2.7.8.jar:/home/user/.m2/repository/com/fasterxml/jackson/jaxrs/jackson-jaxrs-base/2.7.8/jackson-jaxrs-base-2.7.8.jar:/home/user/.m2/repository/org/apache/hadoop/hadoop-mapreduce-client-jobclient/3.1.1/hadoop-mapreduce-client-jobclient-3.1.1.jar:/home/user/.m2/repository/org/apache/hadoop/hadoop-mapreduce-client-common/3.1.1/hadoop-mapreduce-client-common-3.1.1.jar:/home/user/.m2/repository/org/apache/hadoop/hadoop-hdfs/3.1.1/hadoop-hdfs-3.1.1.jar:/home/user/.m2/repository/org/apache/hadoop/hadoop-common/3.1.1/hadoop-common-3.1.1-tests.jar:"/>
    <property name="java.vm.vendor" value="IcedTea"/>
    <property name="sun.arch.data.model" value="64"/>
    <property name="java.vendor.url" value="https://icedtea.classpath.org"/>
    <property name="user.timezone" value=""/>
    <property name="java.vm.specification.version" value="1.8"/>
    <property name="os.name" value="Linux"/>
    <property name="user.country" value="US"/>
    <property name="sun.java.launcher" value="SUN_STANDARD"/>
    <property name="sun.boot.library.path" value="/usr/lib/jvm/java-1.8-openjdk/jre/lib/amd64"/>
    <property name="sun.java.command" value="/workdir/ratis-logservice/target/surefire/surefirebooter2719580082548632267.jar /workdir/ratis-logservice/target/surefire 2019-09-26T09-43-41_827-jvmRun1 surefire5472550353664683717tmp surefire_848524300926787279823tmp"/>
    <property name="surefire.test.class.path" value="/workdir/ratis-logservice/target/test-classes:/workdir/ratis-logservice/target/classes:/workdir/ratis-proto/target/ratis-proto-0.5.0-SNAPSHOT.jar:/home/user/.m2/repository/org/apache/ratis/ratis-thirdparty-misc/0.2.0/ratis-thirdparty-misc-0.2.0.jar:/workdir/ratis-common/target/classes:/home/user/.m2/repository/org/slf4j/slf4j-log4j12/1.7.10/slf4j-log4j12-1.7.10.jar:/workdir/ratis-client/target/classes:/workdir/ratis-server/target/classes:/workdir/ratis-metrics/target/classes:/home/user/.m2/repository/io/dropwizard/metrics/metrics-core/3.2.5/metrics-core-3.2.5.jar:/home/user/.m2/repository/com/github/joshelser/dropwizard-metrics-hadoop-metrics2-reporter/0.1.2/dropwizard-metrics-hadoop-metrics2-reporter-0.1.2.jar:/home/user/.m2/repository/io/dropwizard/metrics/metrics-jvm/3.2.5/metrics-jvm-3.2.5.jar:/home/user/.m2/repository/io/dropwizard/metrics/metrics-ganglia/3.2.5/metrics-ganglia-3.2.5.jar:/home/user/.m2/repository/info/ganglia/gmetric4j/gmetric4j/1.0.7/gmetric4j-1.0.7.jar:/workdir/ratis-grpc/target/classes:/workdir/ratis-netty/target/classes:/home/user/.m2/repository/org/apache/hadoop/hadoop-common/3.1.1/hadoop-common-3.1.1.jar:/home/user/.m2/repository/org/apache/hadoop/hadoop-annotations/3.1.1/hadoop-annotations-3.1.1.jar:/usr/lib/jvm/java-1.8-openjdk/jre/../lib/tools.jar:/home/user/.m2/repository/com/google/guava/guava/11.0.2/guava-11.0.2.jar:/home/user/.m2/repository/commons-cli/commons-cli/1.2/commons-cli-1.2.jar:/home/user/.m2/repository/org/apache/commons/commons-math3/3.1.1/commons-math3-3.1.1.jar:/home/user/.m2/repository/org/apache/httpcomponents/httpclient/4.5.2/httpclient-4.5.2.jar:/home/user/.m2/repository/org/apache/httpcomponents/httpcore/4.4.4/httpcore-4.4.4.jar:/home/user/.m2/repository/commons-codec/commons-codec/1.11/commons-codec-1.11.jar:/home/user/.m2/repository/commons-io/commons-io/2.5/commons-io-2.5.jar:/home/user/.m2/repository/commons-net/commons-net/3.6/commons-net-3.6.jar:/home/user/.m2/repository/commons-collections/commons-collections/3.2.2/commons-collections-3.2.2.jar:/home/user/.m2/repository/javax/servlet/javax.servlet-api/3.1.0/javax.servlet-api-3.1.0.jar:/home/user/.m2/repository/org/eclipse/jetty/jetty-server/9.3.19.v20170502/jetty-server-9.3.19.v20170502.jar:/home/user/.m2/repository/org/eclipse/jetty/jetty-http/9.3.19.v20170502/jetty-http-9.3.19.v20170502.jar:/home/user/.m2/repository/org/eclipse/jetty/jetty-io/9.3.19.v20170502/jetty-io-9.3.19.v20170502.jar:/home/user/.m2/repository/org/eclipse/jetty/jetty-util/9.3.19.v20170502/jetty-util-9.3.19.v20170502.jar:/home/user/.m2/repository/org/eclipse/jetty/jetty-servlet/9.3.19.v20170502/jetty-servlet-9.3.19.v20170502.jar:/home/user/.m2/repository/org/eclipse/jetty/jetty-security/9.3.19.v20170502/jetty-security-9.3.19.v20170502.jar:/home/user/.m2/repository/org/eclipse/jetty/jetty-webapp/9.3.19.v20170502/jetty-webapp-9.3.19.v20170502.jar:/home/user/.m2/repository/org/eclipse/jetty/jetty-xml/9.3.19.v20170502/jetty-xml-9.3.19.v20170502.jar:/home/user/.m2/repository/javax/servlet/jsp/jsp-api/2.1/jsp-api-2.1.jar:/home/user/.m2/repository/com/sun/jersey/jersey-core/1.19/jersey-core-1.19.jar:/home/user/.m2/repository/javax/ws/rs/jsr311-api/1.1.1/jsr311-api-1.1.1.jar:/home/user/.m2/repository/com/sun/jersey/jersey-servlet/1.19/jersey-servlet-1.19.jar:/home/user/.m2/repository/com/sun/jersey/jersey-json/1.19/jersey-json-1.19.jar:/home/user/.m2/repository/org/codehaus/jettison/jettison/1.1/jettison-1.1.jar:/home/user/.m2/repository/com/sun/xml/bind/jaxb-impl/2.2.3-1/jaxb-impl-2.2.3-1.jar:/home/user/.m2/repository/org/codehaus/jackson/jackson-core-asl/1.9.2/jackson-core-asl-1.9.2.jar:/home/user/.m2/repository/org/codehaus/jackson/jackson-mapper-asl/1.9.2/jackson-mapper-asl-1.9.2.jar:/home/user/.m2/repository/org/codehaus/jackson/jackson-jaxrs/1.9.2/jackson-jaxrs-1.9.2.jar:/home/user/.m2/repository/org/codehaus/jackson/jackson-xc/1.9.2/jackson-xc-1.9.2.jar:/home/user/.m2/repository/com/sun/jersey/jersey-server/1.19/jersey-server-1.19.jar:/home/user/.m2/repository/commons-logging/commons-logging/1.1.3/commons-logging-1.1.3.jar:/home/user/.m2/repository/log4j/log4j/1.2.17/log4j-1.2.17.jar:/home/user/.m2/repository/commons-lang/commons-lang/2.6/commons-lang-2.6.jar:/home/user/.m2/repository/commons-beanutils/commons-beanutils/1.9.3/commons-beanutils-1.9.3.jar:/home/user/.m2/repository/org/apache/commons/commons-configuration2/2.1.1/commons-configuration2-2.1.1.jar:/home/user/.m2/repository/org/apache/commons/commons-lang3/3.4/commons-lang3-3.4.jar:/home/user/.m2/repository/org/apache/avro/avro/1.7.7/avro-1.7.7.jar:/home/user/.m2/repository/com/thoughtworks/paranamer/paranamer/2.3/paranamer-2.3.jar:/home/user/.m2/repository/org/xerial/snappy/snappy-java/1.0.5/snappy-java-1.0.5.jar:/home/user/.m2/repository/com/google/re2j/re2j/1.1/re2j-1.1.jar:/home/user/.m2/repository/com/google/protobuf/protobuf-java/2.5.0/protobuf-java-2.5.0.jar:/home/user/.m2/repository/com/google/code/gson/gson/2.2.4/gson-2.2.4.jar:/home/user/.m2/repository/org/apache/hadoop/hadoop-auth/3.1.1/hadoop-auth-3.1.1.jar:/home/user/.m2/repository/com/nimbusds/nimbus-jose-jwt/4.41.1/nimbus-jose-jwt-4.41.1.jar:/home/user/.m2/repository/com/github/stephenc/jcip/jcip-annotations/1.0-1/jcip-annotations-1.0-1.jar:/home/user/.m2/repository/net/minidev/json-smart/2.3/json-smart-2.3.jar:/home/user/.m2/repository/net/minidev/accessors-smart/1.2/accessors-smart-1.2.jar:/home/user/.m2/repository/org/ow2/asm/asm/5.0.4/asm-5.0.4.jar:/home/user/.m2/repository/org/apache/curator/curator-framework/2.12.0/curator-framework-2.12.0.jar:/home/user/.m2/repository/com/jcraft/jsch/0.1.54/jsch-0.1.54.jar:/home/user/.m2/repository/org/apache/curator/curator-client/2.12.0/curator-client-2.12.0.jar:/home/user/.m2/repository/org/apache/curator/curator-recipes/2.12.0/curator-recipes-2.12.0.jar:/home/user/.m2/repository/com/google/code/findbugs/jsr305/3.0.0/jsr305-3.0.0.jar:/home/user/.m2/repository/org/apache/htrace/htrace-core4/4.1.0-incubating/htrace-core4-4.1.0-incubating.jar:/home/user/.m2/repository/org/apache/zookeeper/zookeeper/3.4.9/zookeeper-3.4.9.jar:/home/user/.m2/repository/jline/jline/0.9.94/jline-0.9.94.jar:/home/user/.m2/repository/org/apache/commons/commons-compress/1.4.1/commons-compress-1.4.1.jar:/home/user/.m2/repository/org/tukaani/xz/1.0/xz-1.0.jar:/home/user/.m2/repository/org/apache/kerby/kerb-simplekdc/1.0.1/kerb-simplekdc-1.0.1.jar:/home/user/.m2/repository/org/apache/kerby/kerb-client/1.0.1/kerb-client-1.0.1.jar:/home/user/.m2/repository/org/apache/kerby/kerby-config/1.0.1/kerby-config-1.0.1.jar:/home/user/.m2/repository/org/apache/kerby/kerb-core/1.0.1/kerb-core-1.0.1.jar:/home/user/.m2/repository/org/apache/kerby/kerby-pkix/1.0.1/kerby-pkix-1.0.1.jar:/home/user/.m2/repository/org/apache/kerby/kerby-asn1/1.0.1/kerby-asn1-1.0.1.jar:/home/user/.m2/repository/org/apache/kerby/kerby-util/1.0.1/kerby-util-1.0.1.jar:/home/user/.m2/repository/org/apache/kerby/kerb-common/1.0.1/kerb-common-1.0.1.jar:/home/user/.m2/repository/org/apache/kerby/kerb-crypto/1.0.1/kerb-crypto-1.0.1.jar:/home/user/.m2/repository/org/apache/kerby/kerb-util/1.0.1/kerb-util-1.0.1.jar:/home/user/.m2/repository/org/apache/kerby/token-provider/1.0.1/token-provider-1.0.1.jar:/home/user/.m2/repository/org/apache/kerby/kerb-admin/1.0.1/kerb-admin-1.0.1.jar:/home/user/.m2/repository/org/apache/kerby/kerb-server/1.0.1/kerb-server-1.0.1.jar:/home/user/.m2/repository/org/apache/kerby/kerb-identity/1.0.1/kerb-identity-1.0.1.jar:/home/user/.m2/repository/org/apache/kerby/kerby-xdr/1.0.1/kerby-xdr-1.0.1.jar:/home/user/.m2/repository/com/fasterxml/jackson/core/jackson-databind/2.7.8/jackson-databind-2.7.8.jar:/home/user/.m2/repository/com/fasterxml/jackson/core/jackson-annotations/2.7.0/jackson-annotations-2.7.0.jar:/home/user/.m2/repository/com/fasterxml/jackson/core/jackson-core/2.7.8/jackson-core-2.7.8.jar:/home/user/.m2/repository/org/codehaus/woodstox/stax2-api/3.1.4/stax2-api-3.1.4.jar:/home/user/.m2/repository/com/fasterxml/woodstox/woodstox-core/5.0.3/woodstox-core-5.0.3.jar:/home/user/.m2/repository/com/beust/jcommander/1.72/jcommander-1.72.jar:/home/user/.m2/repository/org/jline/jline/3.9.0/jline-3.9.0.jar:/home/user/.m2/repository/org/slf4j/slf4j-api/1.7.10/slf4j-api-1.7.10.jar:/workdir/ratis-netty/target/test-classes:/workdir/ratis-grpc/target/test-classes:/workdir/ratis-server/target/test-classes:/workdir/ratis-common/target/test-classes:/workdir/ratis-client/target/test-classes:/workdir/ratis-hadoop/target/classes:/workdir/ratis-hadoop/target/test-classes:/home/user/.m2/repository/org/apache/ratis/ratis-thirdparty-hadoop/0.2.0/ratis-thirdparty-hadoop-0.2.0.jar:/home/user/.m2/repository/junit/junit/4.12/junit-4.12.jar:/home/user/.m2/repository/org/hamcrest/hamcrest-core/1.3/hamcrest-core-1.3.jar:/home/user/.m2/repository/org/mockito/mockito-all/1.8.5/mockito-all-1.8.5.jar:/home/user/.m2/repository/org/apache/hadoop/hadoop-hdfs/3.1.1/hadoop-hdfs-3.1.1-tests.jar:/home/user/.m2/repository/org/eclipse/jetty/jetty-util-ajax/9.3.19.v20170502/jetty-util-ajax-9.3.19.v20170502.jar:/home/user/.m2/repository/commons-daemon/commons-daemon/1.0.13/commons-daemon-1.0.13.jar:/home/user/.m2/repository/io/netty/netty/3.10.5.Final/netty-3.10.5.Final.jar:/home/user/.m2/repository/io/netty/netty-all/4.0.52.Final/netty-all-4.0.52.Final.jar:/home/user/.m2/repository/org/fusesource/leveldbjni/leveldbjni-all/1.8/leveldbjni-all-1.8.jar:/home/user/.m2/repository/org/apache/hadoop/hadoop-client/3.1.1/hadoop-client-3.1.1.jar:/home/user/.m2/repository/org/apache/hadoop/hadoop-hdfs-client/3.1.1/hadoop-hdfs-client-3.1.1.jar:/home/user/.m2/repository/com/squareup/okhttp/okhttp/2.7.5/okhttp-2.7.5.jar:/home/user/.m2/repository/com/squareup/okio/okio/1.6.0/okio-1.6.0.jar:/home/user/.m2/repository/org/apache/hadoop/hadoop-yarn-api/3.1.1/hadoop-yarn-api-3.1.1.jar:/home/user/.m2/repository/javax/xml/bind/jaxb-api/2.2.11/jaxb-api-2.2.11.jar:/home/user/.m2/repository/org/apache/hadoop/hadoop-yarn-client/3.1.1/hadoop-yarn-client-3.1.1.jar:/home/user/.m2/repository/org/apache/hadoop/hadoop-mapreduce-client-core/3.1.1/hadoop-mapreduce-client-core-3.1.1.jar:/home/user/.m2/repository/org/apache/hadoop/hadoop-yarn-common/3.1.1/hadoop-yarn-common-3.1.1.jar:/home/user/.m2/repository/com/sun/jersey/jersey-client/1.19/jersey-client-1.19.jar:/home/user/.m2/repository/com/fasterxml/jackson/module/jackson-module-jaxb-annotations/2.7.8/jackson-module-jaxb-annotations-2.7.8.jar:/home/user/.m2/repository/com/fasterxml/jackson/jaxrs/jackson-jaxrs-json-provider/2.7.8/jackson-jaxrs-json-provider-2.7.8.jar:/home/user/.m2/repository/com/fasterxml/jackson/jaxrs/jackson-jaxrs-base/2.7.8/jackson-jaxrs-base-2.7.8.jar:/home/user/.m2/repository/org/apache/hadoop/hadoop-mapreduce-client-jobclient/3.1.1/hadoop-mapreduce-client-jobclient-3.1.1.jar:/home/user/.m2/repository/org/apache/hadoop/hadoop-mapreduce-client-common/3.1.1/hadoop-mapreduce-client-common-3.1.1.jar:/home/user/.m2/repository/org/apache/hadoop/hadoop-hdfs/3.1.1/hadoop-hdfs-3.1.1.jar:/home/user/.m2/repository/org/apache/hadoop/hadoop-common/3.1.1/hadoop-common-3.1.1-tests.jar:"/>
    <property name="sun.cpu.endian" value="little"/>
    <property name="user.home" value="/home/user"/>
    <property name="user.language" value="en"/>
    <property name="java.specification.vendor" value="Oracle Corporation"/>
    <property name="java.home" value="/usr/lib/jvm/java-1.8-openjdk/jre"/>
    <property name="basedir" value="/workdir/ratis-logservice"/>
    <property name="file.separator" value="/"/>
    <property name="line.separator" value="&#10;"/>
    <property name="java.vm.specification.vendor" value="Oracle Corporation"/>
    <property name="java.specification.name" value="Java Platform API Specification"/>
    <property name="java.awt.graphicsenv" value="sun.awt.X11GraphicsEnvironment"/>
    <property name="surefire.real.class.path" value="/workdir/ratis-logservice/target/surefire/surefirebooter2719580082548632267.jar"/>
    <property name="sun.boot.class.path" value="/usr/lib/jvm/java-1.8-openjdk/jre/lib/resources.jar:/usr/lib/jvm/java-1.8-openjdk/jre/lib/rt.jar:/usr/lib/jvm/java-1.8-openjdk/jre/lib/sunrsasign.jar:/usr/lib/jvm/java-1.8-openjdk/jre/lib/jsse.jar:/usr/lib/jvm/java-1.8-openjdk/jre/lib/jce.jar:/usr/lib/jvm/java-1.8-openjdk/jre/lib/charsets.jar:/usr/lib/jvm/java-1.8-openjdk/jre/lib/jfr.jar:/usr/lib/jvm/java-1.8-openjdk/jre/classes"/>
    <property name="sun.management.compiler" value="HotSpot 64-Bit Tiered Compilers"/>
    <property name="java.runtime.version" value="1.8.0_212-b04"/>
    <property name="java.net.preferIPv4Stack" value="true"/>
    <property name="user.name" value="jenkins1000"/>
    <property name="path.separator" value=":"/>
    <property name="os.version" value="3.10.0-957.12.2.el7.x86_64"/>
    <property name="java.endorsed.dirs" value="/usr/lib/jvm/java-1.8-openjdk/jre/lib/endorsed"/>
    <property name="java.runtime.name" value="OpenJDK Runtime Environment"/>
    <property name="file.encoding" value="UTF-8"/>
    <property name="java.vm.name" value="OpenJDK 64-Bit Server VM"/>
    <property name="localRepository" value="/home/user/.m2/repository"/>
    <property name="java.vendor.url.bug" value="https://icedtea.classpath.org/bugzilla"/>
    <property name="java.io.tmpdir" value="/tmp"/>
    <property name="java.version" value="1.8.0_212"/>
    <property name="user.dir" value="/workdir/ratis-logservice"/>
    <property name="os.arch" value="amd64"/>
    <property name="ratis.tmp.dir" value="/workdir/ratis-logservice/target/tmp"/>
    <property name="java.vm.specification.name" value="Java Virtual Machine Specification"/>
    <property name="java.awt.printerjob" value="sun.print.PSPrinterJob"/>
    <property name="ratis.log.dir" value="/workdir/ratis-logservice/target/log"/>
    <property name="sun.os.patch.level" value="unknown"/>
    <property name="java.library.path" value="/usr/lib/jvm/java-1.8-openjdk/jre/lib/amd64/server:/usr/lib/jvm/java-1.8-openjdk/jre/lib/amd64:/usr/lib/jvm/java-1.8-openjdk/jre/../lib/amd64:/usr/java/packages/lib/amd64:/usr/lib64:/lib64:/lib:/usr/lib"/>
    <property name="java.vm.info" value="mixed mode"/>
    <property name="java.vendor" value="IcedTea"/>
    <property name="java.vm.version" value="25.212-b04"/>
    <property name="java.ext.dirs" value="/usr/lib/jvm/java-1.8-openjdk/jre/lib/ext:/usr/java/packages/lib/ext"/>
    <property name="sun.io.unicode.encoding" value="UnicodeLittle"/>
    <property name="java.class.version" value="52.0"/>
  </properties>
  <testcase name="testReadAllRecords" classname="org.apache.ratis.logservice.TestLogServiceWithNetty" time="2.968"/>
  <testcase name="testSeekFromWrite" classname="org.apache.ratis.logservice.TestLogServiceWithNetty" time="0.875"/>
  <testcase name="testSeeking" classname="org.apache.ratis.logservice.TestLogServiceWithNetty" time="1.722">
    <error type="java.lang.NullPointerException">java.lang.NullPointerException
</error>
    <system-out><![CDATA[2019-09-26 10:16:46,736 INFO  util.LogUtils (LogUtils.java:setLogLevel(41)) - Set org.apache.ratis.conf.ConfUtils log level to WARN
2019-09-26 10:16:46,736 INFO  util.LogUtils (LogUtils.java:setLogLevel(41)) - Set org.apache.ratis.util.FileUtils log level to TRACE
2019-09-26 10:16:46,737 INFO  logservice.LogServiceReadWriteBase (LogServiceReadWriteBase.java:<init>(65)) - Set LogStateMachine OK
2019-09-26 10:16:46,738 INFO  ratis.MiniRaftCluster (MiniRaftCluster.java:<init>(253)) - new MiniRaftClusterWithNetty with group-F5EF1697381A:[s0:0.0.0.0:45891, s1:0.0.0.0:36374, s2:0.0.0.0:39898]
2019-09-26 10:16:46,738 INFO  ratis.MiniRaftCluster (MiniRaftCluster.java:start(287)) - .............................................................. 
2019-09-26 10:16:46,738 INFO  ratis.MiniRaftCluster (MiniRaftCluster.java:start(288)) - ... 
2019-09-26 10:16:46,738 INFO  ratis.MiniRaftCluster (MiniRaftCluster.java:start(289)) - ...     Starting MiniRaftClusterWithNetty
2019-09-26 10:16:46,738 INFO  ratis.MiniRaftCluster (MiniRaftCluster.java:start(290)) - ... 
2019-09-26 10:16:46,739 INFO  ratis.MiniRaftCluster (MiniRaftCluster.java:start(291)) - .............................................................. 
2019-09-26 10:16:46,739 INFO  ratis.MiniRaftCluster (MiniRaftCluster.java:initServers(265)) - servers = {}
2019-09-26 10:16:46,739 INFO  ratis.MiniRaftCluster (MiniRaftCluster.java:newRaftServer(330)) - newRaftServer: s0, group-F5EF1697381A:[s0:0.0.0.0:45891, s1:0.0.0.0:36374, s2:0.0.0.0:39898], format? true
2019-09-26 10:16:46,739 TRACE util.FileUtils (FileUtils.java:deleteFully(88)) - deleteFully target/test/data/c0f9d7e2/MiniRaftClusterWithNettydb94583b/s0
2019-09-26 10:16:46,740 TRACE util.FileUtils (FileUtils.java:deleteFully(104)) - deleteFully: target/test/data/c0f9d7e2/MiniRaftClusterWithNettydb94583b/s0 does not exist.
2019-09-26 10:16:46,740 INFO  ratis.MiniRaftCluster (MiniRaftCluster.java:newRaftServer(335)) - Formatted directory target/test/data/c0f9d7e2/MiniRaftClusterWithNettydb94583b/s0
2019-09-26 10:16:46,740 INFO  impl.RaftServerProxy (ConfUtils.java:logGet(43)) - raft.rpc.type = NETTY (custom)
2019-09-26 10:16:46,742 INFO  netty.NettyConfigKeys$Server (ConfUtils.java:logGet(43)) - raft.netty.server.port = 45891 (custom)
2019-09-26 10:16:46,744 INFO  server.RaftServerConfigKeys (ConfUtils.java:logGet(43)) - raft.server.storage.dir = [/workdir/ratis-logservice/target/test/data/c0f9d7e2/MiniRaftClusterWithNettydb94583b/s0] (custom)
2019-09-26 10:16:46,746 INFO  logging.LoggingHandler (AbstractInternalLogger.java:log(150)) - [id: 0xee60eb6d] REGISTERED
2019-09-26 10:16:46,746 INFO  logging.LoggingHandler (AbstractInternalLogger.java:log(150)) - [id: 0xee60eb6d] BIND: 0.0.0.0/0.0.0.0:45891
2019-09-26 10:16:46,746 INFO  impl.RaftServerProxy (RaftServerProxy.java:addNew(89)) - s0: addNew group-F5EF1697381A:[s0:0.0.0.0:45891, s1:0.0.0.0:36374, s2:0.0.0.0:39898] returns group-F5EF1697381A:java.util.concurrent.CompletableFuture@59c12f53[Not completed]
2019-09-26 10:16:46,747 INFO  logging.LoggingHandler (AbstractInternalLogger.java:log(150)) - [id: 0xee60eb6d, L:/0.0.0.0:45891] ACTIVE
2019-09-26 10:16:46,747 INFO  ratis.MiniRaftCluster (MiniRaftCluster.java:newRaftServer(330)) - newRaftServer: s1, group-F5EF1697381A:[s0:0.0.0.0:45891, s1:0.0.0.0:36374, s2:0.0.0.0:39898], format? true
2019-09-26 10:16:46,748 INFO  impl.RaftServerImpl (RaftServerImpl.java:<init>(95)) - s0: new RaftServerImpl for group-F5EF1697381A:[s0:0.0.0.0:45891, s1:0.0.0.0:36374, s2:0.0.0.0:39898] with LogStateMachine:uninitialized
2019-09-26 10:16:46,748 TRACE util.FileUtils (FileUtils.java:deleteFully(88)) - deleteFully target/test/data/c0f9d7e2/MiniRaftClusterWithNettydb94583b/s1
2019-09-26 10:16:46,748 INFO  server.RaftServerConfigKeys (ConfUtils.java:logGet(43)) - raft.server.rpc.timeout.min = 150ms (default)
2019-09-26 10:16:46,749 TRACE util.FileUtils (FileUtils.java:deleteFully(104)) - deleteFully: target/test/data/c0f9d7e2/MiniRaftClusterWithNettydb94583b/s1 does not exist.
2019-09-26 10:16:46,749 INFO  server.RaftServerConfigKeys (ConfUtils.java:logGet(43)) - raft.server.rpc.timeout.max = 300ms (default)
2019-09-26 10:16:46,749 INFO  ratis.MiniRaftCluster (MiniRaftCluster.java:newRaftServer(335)) - Formatted directory target/test/data/c0f9d7e2/MiniRaftClusterWithNettydb94583b/s1
2019-09-26 10:16:46,749 INFO  server.RaftServerConfigKeys (ConfUtils.java:logGet(43)) - raft.server.rpcslowness.timeout = 60s (default)
2019-09-26 10:16:46,749 INFO  server.RaftServerConfigKeys (ConfUtils.java:logGet(43)) - raft.server.sleep.deviation.threshold = 300 (default)
2019-09-26 10:16:46,750 INFO  impl.RaftServerProxy (ConfUtils.java:logGet(43)) - raft.rpc.type = NETTY (custom)
2019-09-26 10:16:46,750 INFO  server.RaftServerConfigKeys (ConfUtils.java:logGet(43)) - raft.server.log.appender.install.snapshot.enabled = true (default)
2019-09-26 10:16:46,750 INFO  impl.RaftServerImpl (ServerState.java:<init>(103)) - s0@group-F5EF1697381A: ConfigurationManager, init=-1: [s0:0.0.0.0:45891, s1:0.0.0.0:36374, s2:0.0.0.0:39898], old=null, confs=<EMPTY_MAP>
2019-09-26 10:16:46,750 INFO  server.RaftServerConfigKeys (ConfUtils.java:logGet(43)) - raft.server.storage.dir = [/workdir/ratis-logservice/target/test/data/c0f9d7e2/MiniRaftClusterWithNettydb94583b/s0] (custom)
2019-09-26 10:16:46,751 INFO  server.RaftServerConfigKeys (ConfUtils.java:logGet(43)) - raft.server.log.corruption.policy = EXCEPTION (default)
2019-09-26 10:16:46,751 INFO  storage.RaftStorageDirectory (RaftStorageDirectory.java:analyzeStorage(246)) - The storage directory /workdir/ratis-logservice/target/test/data/c0f9d7e2/MiniRaftClusterWithNettydb94583b/s0/5aad5d6c-ee0a-4bdf-b3e3-f5ef1697381a does not exist. Creating ...
2019-09-26 10:16:46,752 INFO  netty.NettyConfigKeys$Server (ConfUtils.java:logGet(43)) - raft.netty.server.port = 36374 (custom)
2019-09-26 10:16:46,752 TRACE util.FileUtils (LogUtils.java:runAndLog(61)) - Successfully ran Files.createDirectories /workdir/ratis-logservice/target/test/data/c0f9d7e2/MiniRaftClusterWithNettydb94583b/s0/5aad5d6c-ee0a-4bdf-b3e3-f5ef1697381a
2019-09-26 10:16:46,754 INFO  server.RaftServerConfigKeys (ConfUtils.java:logGet(43)) - raft.server.storage.dir = [/workdir/ratis-logservice/target/test/data/c0f9d7e2/MiniRaftClusterWithNettydb94583b/s1] (custom)
2019-09-26 10:16:46,754 INFO  logging.LoggingHandler (AbstractInternalLogger.java:log(150)) - [id: 0xdb3bcf8a] REGISTERED
2019-09-26 10:16:46,755 INFO  logging.LoggingHandler (AbstractInternalLogger.java:log(150)) - [id: 0xdb3bcf8a] BIND: 0.0.0.0/0.0.0.0:36374
2019-09-26 10:16:46,755 INFO  impl.RaftServerProxy (RaftServerProxy.java:addNew(89)) - s1: addNew group-F5EF1697381A:[s0:0.0.0.0:45891, s1:0.0.0.0:36374, s2:0.0.0.0:39898] returns group-F5EF1697381A:java.util.concurrent.CompletableFuture@642867ef[Not completed]
2019-09-26 10:16:46,755 INFO  logging.LoggingHandler (AbstractInternalLogger.java:log(150)) - [id: 0xdb3bcf8a, L:/0.0.0.0:36374] ACTIVE
2019-09-26 10:16:46,756 INFO  ratis.MiniRaftCluster (MiniRaftCluster.java:newRaftServer(330)) - newRaftServer: s2, group-F5EF1697381A:[s0:0.0.0.0:45891, s1:0.0.0.0:36374, s2:0.0.0.0:39898], format? true
2019-09-26 10:16:46,756 INFO  impl.RaftServerImpl (RaftServerImpl.java:<init>(95)) - s1: new RaftServerImpl for group-F5EF1697381A:[s0:0.0.0.0:45891, s1:0.0.0.0:36374, s2:0.0.0.0:39898] with LogStateMachine:uninitialized
2019-09-26 10:16:46,756 TRACE util.FileUtils (FileUtils.java:deleteFully(88)) - deleteFully target/test/data/c0f9d7e2/MiniRaftClusterWithNettydb94583b/s2
2019-09-26 10:16:46,757 INFO  server.RaftServerConfigKeys (ConfUtils.java:logGet(43)) - raft.server.rpc.timeout.min = 150ms (default)
2019-09-26 10:16:46,757 INFO  server.RaftServerConfigKeys (ConfUtils.java:logGet(43)) - raft.server.rpc.timeout.max = 300ms (default)
2019-09-26 10:16:46,757 TRACE util.FileUtils (FileUtils.java:deleteFully(104)) - deleteFully: target/test/data/c0f9d7e2/MiniRaftClusterWithNettydb94583b/s2 does not exist.
2019-09-26 10:16:46,757 INFO  server.RaftServerConfigKeys (ConfUtils.java:logGet(43)) - raft.server.rpcslowness.timeout = 60s (default)
2019-09-26 10:16:46,757 INFO  ratis.MiniRaftCluster (MiniRaftCluster.java:newRaftServer(335)) - Formatted directory target/test/data/c0f9d7e2/MiniRaftClusterWithNettydb94583b/s2
2019-09-26 10:16:46,757 INFO  server.RaftServerConfigKeys (ConfUtils.java:logGet(43)) - raft.server.sleep.deviation.threshold = 300 (default)
2019-09-26 10:16:46,758 INFO  server.RaftServerConfigKeys (ConfUtils.java:logGet(43)) - raft.server.log.appender.install.snapshot.enabled = true (default)
2019-09-26 10:16:46,758 INFO  impl.RaftServerImpl (ServerState.java:<init>(103)) - s1@group-F5EF1697381A: ConfigurationManager, init=-1: [s0:0.0.0.0:45891, s1:0.0.0.0:36374, s2:0.0.0.0:39898], old=null, confs=<EMPTY_MAP>
2019-09-26 10:16:46,758 INFO  impl.RaftServerProxy (ConfUtils.java:logGet(43)) - raft.rpc.type = NETTY (custom)
2019-09-26 10:16:46,758 INFO  server.RaftServerConfigKeys (ConfUtils.java:logGet(43)) - raft.server.storage.dir = [/workdir/ratis-logservice/target/test/data/c0f9d7e2/MiniRaftClusterWithNettydb94583b/s1] (custom)
2019-09-26 10:16:46,759 INFO  server.RaftServerConfigKeys (ConfUtils.java:logGet(43)) - raft.server.log.corruption.policy = EXCEPTION (default)
2019-09-26 10:16:46,759 INFO  storage.RaftStorageDirectory (RaftStorageDirectory.java:analyzeStorage(246)) - The storage directory /workdir/ratis-logservice/target/test/data/c0f9d7e2/MiniRaftClusterWithNettydb94583b/s1/5aad5d6c-ee0a-4bdf-b3e3-f5ef1697381a does not exist. Creating ...
2019-09-26 10:16:46,759 TRACE util.FileUtils (LogUtils.java:runAndLog(61)) - Successfully ran Files.createDirectories /workdir/ratis-logservice/target/test/data/c0f9d7e2/MiniRaftClusterWithNettydb94583b/s1/5aad5d6c-ee0a-4bdf-b3e3-f5ef1697381a
2019-09-26 10:16:46,760 INFO  netty.NettyConfigKeys$Server (ConfUtils.java:logGet(43)) - raft.netty.server.port = 39898 (custom)
2019-09-26 10:16:46,762 INFO  logging.LoggingHandler (AbstractInternalLogger.java:log(150)) - [id: 0xe3dcffdd] REGISTERED
2019-09-26 10:16:46,763 INFO  server.RaftServerConfigKeys (ConfUtils.java:logGet(43)) - raft.server.storage.dir = [/workdir/ratis-logservice/target/test/data/c0f9d7e2/MiniRaftClusterWithNettydb94583b/s2] (custom)
2019-09-26 10:16:46,763 INFO  logging.LoggingHandler (AbstractInternalLogger.java:log(150)) - [id: 0xe3dcffdd] BIND: 0.0.0.0/0.0.0.0:39898
2019-09-26 10:16:46,763 INFO  logging.LoggingHandler (AbstractInternalLogger.java:log(150)) - [id: 0xe3dcffdd, L:/0.0.0.0:39898] ACTIVE
2019-09-26 10:16:46,763 INFO  impl.RaftServerProxy (RaftServerProxy.java:addNew(89)) - s2: addNew group-F5EF1697381A:[s0:0.0.0.0:45891, s1:0.0.0.0:36374, s2:0.0.0.0:39898] returns group-F5EF1697381A:java.util.concurrent.CompletableFuture@2980bc7b[Not completed]
2019-09-26 10:16:46,764 INFO  storage.RaftStorageDirectory (RaftStorageDirectory.java:tryLock(328)) - Lock on /workdir/ratis-logservice/target/test/data/c0f9d7e2/MiniRaftClusterWithNettydb94583b/s1/5aad5d6c-ee0a-4bdf-b3e3-f5ef1697381a/in_use.lock acquired by nodename 10895@ratis-test-kn96w-682825239
2019-09-26 10:16:46,764 INFO  impl.RaftServerImpl (RaftServerImpl.java:<init>(95)) - s2: new RaftServerImpl for group-F5EF1697381A:[s0:0.0.0.0:45891, s1:0.0.0.0:36374, s2:0.0.0.0:39898] with LogStateMachine:uninitialized
2019-09-26 10:16:46,764 INFO  storage.RaftStorageDirectory (RaftStorageDirectory.java:tryLock(328)) - Lock on /workdir/ratis-logservice/target/test/data/c0f9d7e2/MiniRaftClusterWithNettydb94583b/s0/5aad5d6c-ee0a-4bdf-b3e3-f5ef1697381a/in_use.lock acquired by nodename 10895@ratis-test-kn96w-682825239
2019-09-26 10:16:46,765 TRACE util.FileUtils (LogUtils.java:runAndLog(61)) - Successfully ran Files.createDirectories /workdir/ratis-logservice/target/test/data/c0f9d7e2/MiniRaftClusterWithNettydb94583b/s1/5aad5d6c-ee0a-4bdf-b3e3-f5ef1697381a/current
2019-09-26 10:16:46,765 INFO  server.RaftServerConfigKeys (ConfUtils.java:logGet(43)) - raft.server.rpc.timeout.min = 150ms (default)
2019-09-26 10:16:46,765 TRACE util.FileUtils (LogUtils.java:runAndLog(61)) - Successfully ran Files.createDirectories /workdir/ratis-logservice/target/test/data/c0f9d7e2/MiniRaftClusterWithNettydb94583b/s0/5aad5d6c-ee0a-4bdf-b3e3-f5ef1697381a/current
2019-09-26 10:16:46,766 INFO  server.RaftServerConfigKeys (ConfUtils.java:logGet(43)) - raft.server.rpc.timeout.max = 300ms (default)
2019-09-26 10:16:46,766 TRACE util.FileUtils (LogUtils.java:runAndLog(61)) - Successfully ran Files.createDirectories /workdir/ratis-logservice/target/test/data/c0f9d7e2/MiniRaftClusterWithNettydb94583b/s0/5aad5d6c-ee0a-4bdf-b3e3-f5ef1697381a/sm
2019-09-26 10:16:46,766 TRACE util.FileUtils (LogUtils.java:runAndLog(61)) - Successfully ran Files.createDirectories /workdir/ratis-logservice/target/test/data/c0f9d7e2/MiniRaftClusterWithNettydb94583b/s1/5aad5d6c-ee0a-4bdf-b3e3-f5ef1697381a/sm
2019-09-26 10:16:46,766 INFO  server.RaftServerConfigKeys (ConfUtils.java:logGet(43)) - raft.server.rpcslowness.timeout = 60s (default)
2019-09-26 10:16:46,766 INFO  server.RaftServerConfigKeys (ConfUtils.java:logGet(43)) - raft.server.sleep.deviation.threshold = 300 (default)
2019-09-26 10:16:46,767 INFO  server.RaftServerConfigKeys (ConfUtils.java:logGet(43)) - raft.server.log.appender.install.snapshot.enabled = true (default)
2019-09-26 10:16:46,767 INFO  impl.RaftServerImpl (ServerState.java:<init>(103)) - s2@group-F5EF1697381A: ConfigurationManager, init=-1: [s0:0.0.0.0:45891, s1:0.0.0.0:36374, s2:0.0.0.0:39898], old=null, confs=<EMPTY_MAP>
2019-09-26 10:16:46,770 INFO  server.RaftServerConfigKeys (ConfUtils.java:logGet(43)) - raft.server.storage.dir = [/workdir/ratis-logservice/target/test/data/c0f9d7e2/MiniRaftClusterWithNettydb94583b/s2] (custom)
2019-09-26 10:16:46,770 INFO  server.RaftServerConfigKeys (ConfUtils.java:logGet(43)) - raft.server.log.corruption.policy = EXCEPTION (default)
2019-09-26 10:16:46,770 INFO  storage.RaftStorageDirectory (RaftStorageDirectory.java:analyzeStorage(246)) - The storage directory /workdir/ratis-logservice/target/test/data/c0f9d7e2/MiniRaftClusterWithNettydb94583b/s2/5aad5d6c-ee0a-4bdf-b3e3-f5ef1697381a does not exist. Creating ...
2019-09-26 10:16:46,771 TRACE util.FileUtils (LogUtils.java:runAndLog(61)) - Successfully ran Files.createDirectories /workdir/ratis-logservice/target/test/data/c0f9d7e2/MiniRaftClusterWithNettydb94583b/s2/5aad5d6c-ee0a-4bdf-b3e3-f5ef1697381a
2019-09-26 10:16:46,786 INFO  storage.RaftStorageDirectory (RaftStorageDirectory.java:tryLock(328)) - Lock on /workdir/ratis-logservice/target/test/data/c0f9d7e2/MiniRaftClusterWithNettydb94583b/s2/5aad5d6c-ee0a-4bdf-b3e3-f5ef1697381a/in_use.lock acquired by nodename 10895@ratis-test-kn96w-682825239
2019-09-26 10:16:46,786 INFO  storage.RaftStorage (RaftStorage.java:format(84)) - Storage directory /workdir/ratis-logservice/target/test/data/c0f9d7e2/MiniRaftClusterWithNettydb94583b/s1/5aad5d6c-ee0a-4bdf-b3e3-f5ef1697381a has been successfully formatted.
2019-09-26 10:16:46,786 INFO  storage.RaftStorage (RaftStorage.java:format(84)) - Storage directory /workdir/ratis-logservice/target/test/data/c0f9d7e2/MiniRaftClusterWithNettydb94583b/s0/5aad5d6c-ee0a-4bdf-b3e3-f5ef1697381a has been successfully formatted.
2019-09-26 10:16:46,786 TRACE util.FileUtils (LogUtils.java:runAndLog(61)) - Successfully ran Files.createDirectories /workdir/ratis-logservice/target/test/data/c0f9d7e2/MiniRaftClusterWithNettydb94583b/s2/5aad5d6c-ee0a-4bdf-b3e3-f5ef1697381a/current
2019-09-26 10:16:46,786 TRACE util.FileUtils (LogUtils.java:runAndLog(61)) - Successfully ran Files.createDirectories /workdir/ratis-logservice/target/test/data/c0f9d7e2/MiniRaftClusterWithNettydb94583b/s2/5aad5d6c-ee0a-4bdf-b3e3-f5ef1697381a/sm
2019-09-26 10:16:46,788 WARN  server.LogStateMachine (LogStateMachine.java:load(226)) - The snapshot info is null.
2019-09-26 10:16:46,789 INFO  server.RaftServerConfigKeys (ConfUtils.java:logGet(43)) - raft.server.notification.no-leader.timeout = 60s (default)
2019-09-26 10:16:46,789 WARN  server.LogStateMachine (LogStateMachine.java:load(226)) - The snapshot info is null.
2019-09-26 10:16:46,789 INFO  server.RaftServerConfigKeys (ConfUtils.java:logGet(43)) - raft.server.log.use.memory = false (default)
2019-09-26 10:16:46,789 INFO  server.RaftServerConfigKeys (ConfUtils.java:logGet(43)) - raft.server.notification.no-leader.timeout = 60s (default)
2019-09-26 10:16:46,789 INFO  server.RaftServerConfigKeys (ConfUtils.java:logGet(43)) - raft.server.log.purge.gap = 1024 (default)
2019-09-26 10:16:46,789 INFO  server.RaftServerConfigKeys (ConfUtils.java:logGet(43)) - raft.server.log.use.memory = false (default)
2019-09-26 10:16:46,790 INFO  server.RaftServerConfigKeys (ConfUtils.java:logGet(43)) - raft.server.log.appender.buffer.byte-limit = 4MB (=4194304) (default)
2019-09-26 10:16:46,790 INFO  server.RaftServerConfigKeys (ConfUtils.java:logGet(43)) - raft.server.log.purge.gap = 1024 (default)
2019-09-26 10:16:46,790 INFO  server.RaftServerConfigKeys (ConfUtils.java:logGet(43)) - raft.server.log.segment.size.max = 8MB (=8388608) (default)
2019-09-26 10:16:46,790 INFO  server.RaftServerConfigKeys (ConfUtils.java:logGet(43)) - raft.server.log.appender.buffer.byte-limit = 4MB (=4194304) (default)
2019-09-26 10:16:46,790 INFO  server.RaftServerConfigKeys (ConfUtils.java:logGet(43)) - raft.server.log.segment.cache.num.max = 6 (default)
2019-09-26 10:16:46,790 INFO  server.RaftServerConfigKeys (ConfUtils.java:logGet(43)) - raft.server.log.segment.size.max = 8MB (=8388608) (default)
2019-09-26 10:16:46,790 INFO  segmented.SegmentedRaftLogWorker (SegmentedRaftLogWorker.java:<init>(172)) - new s1@group-F5EF1697381A-SegmentedRaftLogWorker for RaftStorage:Storage Directory /workdir/ratis-logservice/target/test/data/c0f9d7e2/MiniRaftClusterWithNettydb94583b/s1/5aad5d6c-ee0a-4bdf-b3e3-f5ef1697381a
2019-09-26 10:16:46,791 INFO  server.RaftServerConfigKeys (ConfUtils.java:logGet(43)) - raft.server.log.segment.cache.num.max = 6 (default)
2019-09-26 10:16:46,791 INFO  server.RaftServerConfigKeys (ConfUtils.java:logGet(43)) - raft.server.log.queue.byte-limit = 64MB (=67108864) (default)
2019-09-26 10:16:46,791 INFO  segmented.SegmentedRaftLogWorker (SegmentedRaftLogWorker.java:<init>(172)) - new s0@group-F5EF1697381A-SegmentedRaftLogWorker for RaftStorage:Storage Directory /workdir/ratis-logservice/target/test/data/c0f9d7e2/MiniRaftClusterWithNettydb94583b/s0/5aad5d6c-ee0a-4bdf-b3e3-f5ef1697381a
2019-09-26 10:16:46,791 INFO  server.RaftServerConfigKeys (ConfUtils.java:logGet(43)) - raft.server.log.queue.element-limit = 4096 (default)
2019-09-26 10:16:46,791 INFO  server.RaftServerConfigKeys (ConfUtils.java:logGet(43)) - raft.server.log.queue.byte-limit = 64MB (=67108864) (default)
2019-09-26 10:16:46,791 INFO  server.RaftServerConfigKeys (ConfUtils.java:logGet(43)) - raft.server.log.segment.size.max = 8MB (=8388608) (default)
2019-09-26 10:16:46,791 INFO  server.RaftServerConfigKeys (ConfUtils.java:logGet(43)) - raft.server.log.queue.element-limit = 4096 (default)
2019-09-26 10:16:46,792 INFO  server.RaftServerConfigKeys (ConfUtils.java:logGet(43)) - raft.server.log.preallocated.size = 4MB (=4194304) (default)
2019-09-26 10:16:46,792 INFO  server.RaftServerConfigKeys (ConfUtils.java:logGet(43)) - raft.server.log.segment.size.max = 8MB (=8388608) (default)
2019-09-26 10:16:46,792 INFO  server.RaftServerConfigKeys (ConfUtils.java:logGet(43)) - raft.server.log.write.buffer.size = 64KB (=65536) (default)
2019-09-26 10:16:46,792 INFO  server.RaftServerConfigKeys (ConfUtils.java:logGet(43)) - raft.server.log.preallocated.size = 4MB (=4194304) (default)
2019-09-26 10:16:46,792 INFO  server.RaftServerConfigKeys (ConfUtils.java:logGet(43)) - raft.server.log.force.sync.num = 128 (default)
2019-09-26 10:16:46,792 INFO  server.RaftServerConfigKeys (ConfUtils.java:logGet(43)) - raft.server.log.write.buffer.size = 64KB (=65536) (default)
2019-09-26 10:16:46,792 INFO  server.RaftServerConfigKeys (ConfUtils.java:logGet(43)) - raft.server.log.statemachine.data.sync = true (default)
2019-09-26 10:16:46,793 INFO  server.RaftServerConfigKeys (ConfUtils.java:logGet(43)) - raft.server.log.force.sync.num = 128 (default)
2019-09-26 10:16:46,793 INFO  server.RaftServerConfigKeys (ConfUtils.java:logGet(43)) - raft.server.log.statemachine.data.sync.timeout = 10s (default)
2019-09-26 10:16:46,793 INFO  server.RaftServerConfigKeys (ConfUtils.java:logGet(43)) - raft.server.log.statemachine.data.sync = true (default)
2019-09-26 10:16:46,793 INFO  server.RaftServerConfigKeys (ConfUtils.java:logGet(43)) - raft.server.log.statemachine.data.sync.timeout.retry = -1 (default)
2019-09-26 10:16:46,793 INFO  server.RaftServerConfigKeys (ConfUtils.java:logGet(43)) - raft.server.log.statemachine.data.sync.timeout = 10s (default)
2019-09-26 10:16:46,793 INFO  server.RaftServerConfigKeys (ConfUtils.java:logGet(43)) - raft.server.log.statemachine.data.caching.enabled = false (default)
2019-09-26 10:16:46,793 INFO  server.RaftServerConfigKeys (ConfUtils.java:logGet(43)) - raft.server.log.statemachine.data.sync.timeout.retry = -1 (default)
2019-09-26 10:16:46,794 INFO  server.RaftServerConfigKeys (ConfUtils.java:logGet(43)) - raft.server.log.statemachine.data.caching.enabled = false (default)
2019-09-26 10:16:46,794 INFO  segmented.SegmentedRaftLogWorker (SegmentedRaftLogWorker.java:lambda$new$0(132)) - s1@group-F5EF1697381A-SegmentedRaftLogWorker: flushIndex: setUnconditionally 0 -> -1
2019-09-26 10:16:46,794 INFO  segmented.SegmentedRaftLogWorker (SegmentedRaftLogWorker.java:lambda$new$0(132)) - s0@group-F5EF1697381A-SegmentedRaftLogWorker: flushIndex: setUnconditionally 0 -> -1
2019-09-26 10:16:46,794 INFO  server.RaftServerConfigKeys (ConfUtils.java:logGet(43)) - raft.server.snapshot.auto.trigger.enabled = false (default)
2019-09-26 10:16:46,795 INFO  server.RaftServerConfigKeys (ConfUtils.java:logGet(43)) - raft.server.snapshot.retention.file.num = -1 (default)
2019-09-26 10:16:46,795 INFO  server.RaftServerConfigKeys (ConfUtils.java:logGet(43)) - raft.server.snapshot.auto.trigger.enabled = false (default)
2019-09-26 10:16:46,795 INFO  server.RaftServerConfigKeys (ConfUtils.java:logGet(43)) - raft.server.retrycache.expirytime = 60s (default)
2019-09-26 10:16:46,795 INFO  server.RaftServerConfigKeys (ConfUtils.java:logGet(43)) - raft.server.snapshot.retention.file.num = -1 (default)
2019-09-26 10:16:46,795 INFO  server.RaftServerConfigKeys (ConfUtils.java:logGet(43)) - raft.server.retrycache.expirytime = 60s (default)
2019-09-26 10:16:46,799 INFO  impl.RaftServerImpl (RaftServerImpl.java:start(181)) - s0@group-F5EF1697381A: start as a follower, conf=-1: [s0:0.0.0.0:45891, s1:0.0.0.0:36374, s2:0.0.0.0:39898], old=null
2019-09-26 10:16:46,799 INFO  impl.RaftServerImpl (RaftServerImpl.java:setRole(170)) - s0@group-F5EF1697381A: changes role from      null to FOLLOWER at term 0 for startAsFollower
2019-09-26 10:16:46,800 INFO  impl.RoleInfo (RoleInfo.java:updateAndGet(143)) - s0: start FollowerState
2019-09-26 10:16:46,800 INFO  storage.RaftStorage (RaftStorage.java:format(84)) - Storage directory /workdir/ratis-logservice/target/test/data/c0f9d7e2/MiniRaftClusterWithNettydb94583b/s2/5aad5d6c-ee0a-4bdf-b3e3-f5ef1697381a has been successfully formatted.
2019-09-26 10:16:46,800 INFO  util.JmxRegister (JmxRegister.java:tryRegister(44)) - Successfully registered JMX Bean with object name Ratis:service=RaftServer,group=group-F5EF1697381A,id=s0
2019-09-26 10:16:46,802 WARN  server.LogStateMachine (LogStateMachine.java:load(226)) - The snapshot info is null.
2019-09-26 10:16:46,802 INFO  server.RaftServerConfigKeys (ConfUtils.java:logGet(43)) - raft.server.notification.no-leader.timeout = 60s (default)
2019-09-26 10:16:46,803 INFO  server.RaftServerConfigKeys (ConfUtils.java:logGet(43)) - raft.server.log.use.memory = false (default)
2019-09-26 10:16:46,803 INFO  server.RaftServerConfigKeys (ConfUtils.java:logGet(43)) - raft.server.log.purge.gap = 1024 (default)
2019-09-26 10:16:46,803 INFO  server.RaftServerConfigKeys (ConfUtils.java:logGet(43)) - raft.server.log.appender.buffer.byte-limit = 4MB (=4194304) (default)
2019-09-26 10:16:46,803 INFO  server.RaftServerConfigKeys (ConfUtils.java:logGet(43)) - raft.server.log.segment.size.max = 8MB (=8388608) (default)
2019-09-26 10:16:46,803 INFO  server.RaftServerConfigKeys (ConfUtils.java:logGet(43)) - raft.server.log.segment.cache.num.max = 6 (default)
2019-09-26 10:16:46,803 INFO  segmented.SegmentedRaftLogWorker (SegmentedRaftLogWorker.java:<init>(172)) - new s2@group-F5EF1697381A-SegmentedRaftLogWorker for RaftStorage:Storage Directory /workdir/ratis-logservice/target/test/data/c0f9d7e2/MiniRaftClusterWithNettydb94583b/s2/5aad5d6c-ee0a-4bdf-b3e3-f5ef1697381a
2019-09-26 10:16:46,804 INFO  server.RaftServerConfigKeys (ConfUtils.java:logGet(43)) - raft.server.log.queue.byte-limit = 64MB (=67108864) (default)
2019-09-26 10:16:46,804 INFO  server.RaftServerConfigKeys (ConfUtils.java:logGet(43)) - raft.server.log.queue.element-limit = 4096 (default)
2019-09-26 10:16:46,804 INFO  server.RaftServerConfigKeys (ConfUtils.java:logGet(43)) - raft.server.log.segment.size.max = 8MB (=8388608) (default)
2019-09-26 10:16:46,804 INFO  server.RaftServerConfigKeys (ConfUtils.java:logGet(43)) - raft.server.log.preallocated.size = 4MB (=4194304) (default)
2019-09-26 10:16:46,804 INFO  server.RaftServerConfigKeys (ConfUtils.java:logGet(43)) - raft.server.log.write.buffer.size = 64KB (=65536) (default)
2019-09-26 10:16:46,805 INFO  impl.RaftServerProxy (RaftServerProxy.java:lambda$start$3(299)) - s0: start RPC server
2019-09-26 10:16:46,805 INFO  server.RaftServerConfigKeys (ConfUtils.java:logGet(43)) - raft.server.log.force.sync.num = 128 (default)
2019-09-26 10:16:46,806 INFO  impl.RaftServerImpl (RaftServerImpl.java:start(181)) - s1@group-F5EF1697381A: start as a follower, conf=-1: [s0:0.0.0.0:45891, s1:0.0.0.0:36374, s2:0.0.0.0:39898], old=null
2019-09-26 10:16:46,806 INFO  server.RaftServerConfigKeys (ConfUtils.java:logGet(43)) - raft.server.log.statemachine.data.sync = true (default)
2019-09-26 10:16:46,806 INFO  impl.RaftServerImpl (RaftServerImpl.java:setRole(170)) - s1@group-F5EF1697381A: changes role from      null to FOLLOWER at term 0 for startAsFollower
2019-09-26 10:16:46,806 INFO  server.RaftServerConfigKeys (ConfUtils.java:logGet(43)) - raft.server.log.statemachine.data.sync.timeout = 10s (default)
2019-09-26 10:16:46,806 INFO  impl.RoleInfo (RoleInfo.java:updateAndGet(143)) - s1: start FollowerState
2019-09-26 10:16:46,807 INFO  server.RaftServerConfigKeys (ConfUtils.java:logGet(43)) - raft.server.log.statemachine.data.sync.timeout.retry = -1 (default)
2019-09-26 10:16:46,807 INFO  server.RaftServerConfigKeys (ConfUtils.java:logGet(43)) - raft.server.log.statemachine.data.caching.enabled = false (default)
2019-09-26 10:16:46,807 INFO  util.JmxRegister (JmxRegister.java:tryRegister(44)) - Successfully registered JMX Bean with object name Ratis:service=RaftServer,group=group-F5EF1697381A,id=s1
2019-09-26 10:16:46,808 INFO  segmented.SegmentedRaftLogWorker (SegmentedRaftLogWorker.java:lambda$new$0(132)) - s2@group-F5EF1697381A-SegmentedRaftLogWorker: flushIndex: setUnconditionally 0 -> -1
2019-09-26 10:16:46,808 INFO  server.RaftServerConfigKeys (ConfUtils.java:logGet(43)) - raft.server.snapshot.auto.trigger.enabled = false (default)
2019-09-26 10:16:46,808 INFO  server.RaftServerConfigKeys (ConfUtils.java:logGet(43)) - raft.server.snapshot.retention.file.num = -1 (default)
2019-09-26 10:16:46,808 INFO  server.RaftServerConfigKeys (ConfUtils.java:logGet(43)) - raft.server.retrycache.expirytime = 60s (default)
2019-09-26 10:16:46,811 INFO  impl.RaftServerProxy (RaftServerProxy.java:lambda$start$3(299)) - s1: start RPC server
2019-09-26 10:16:46,813 INFO  impl.RaftServerImpl (RaftServerImpl.java:start(181)) - s2@group-F5EF1697381A: start as a follower, conf=-1: [s0:0.0.0.0:45891, s1:0.0.0.0:36374, s2:0.0.0.0:39898], old=null
2019-09-26 10:16:46,813 INFO  impl.RaftServerImpl (RaftServerImpl.java:setRole(170)) - s2@group-F5EF1697381A: changes role from      null to FOLLOWER at term 0 for startAsFollower
2019-09-26 10:16:46,814 INFO  impl.RoleInfo (RoleInfo.java:updateAndGet(143)) - s2: start FollowerState
2019-09-26 10:16:46,814 INFO  util.JmxRegister (JmxRegister.java:tryRegister(44)) - Successfully registered JMX Bean with object name Ratis:service=RaftServer,group=group-F5EF1697381A,id=s2
2019-09-26 10:16:46,818 INFO  impl.RaftServerProxy (RaftServerProxy.java:lambda$start$3(299)) - s2: start RPC server
2019-09-26 10:16:46,819 INFO  server.RaftServerConfigKeys (ConfUtils.java:logGet(43)) - raft.server.rpc.timeout.max = 300ms (default)
2019-09-26 10:16:46,820 INFO  ratis.RaftTestUtil (RaftTestUtil.java:waitForLeader(86)) - printing ALL groups
  s0:  RUNNING  FOLLOWER s0@group-F5EF1697381A:t0, leader=null, voted=null, raftlog=s0@group-F5EF1697381A-SegmentedRaftLog:OPENED:c-1,f-1,i0, conf=-1: [s0:0.0.0.0:45891, s1:0.0.0.0:36374, s2:0.0.0.0:39898], old=null RUNNING
  s1:  RUNNING  FOLLOWER s1@group-F5EF1697381A:t0, leader=null, voted=null, raftlog=s1@group-F5EF1697381A-SegmentedRaftLog:OPENED:c-1,f-1,i0, conf=-1: [s0:0.0.0.0:45891, s1:0.0.0.0:36374, s2:0.0.0.0:39898], old=null RUNNING
  s2:  RUNNING  FOLLOWER s2@group-F5EF1697381A:t0, leader=null, voted=null, raftlog=s2@group-F5EF1697381A-SegmentedRaftLog:OPENED:c-1,f-1,i0, conf=-1: [s0:0.0.0.0:45891, s1:0.0.0.0:36374, s2:0.0.0.0:39898], old=null RUNNING
2019-09-26 10:16:46,821 WARN  ratis.RaftTestUtil (JavaUtils.java:attempt(158)) - FAILED "waitForLeader-null-(expectLeader? true)", attempt #1/100: java.lang.IllegalStateException: No leader yet : printing ALL groups
  s0:  RUNNING  FOLLOWER s0@group-F5EF1697381A:t0, leader=null, voted=null, raftlog=s0@group-F5EF1697381A-SegmentedRaftLog:OPENED:c-1,f-1,i0, conf=-1: [s0:0.0.0.0:45891, s1:0.0.0.0:36374, s2:0.0.0.0:39898], old=null RUNNING
  s1:  RUNNING  FOLLOWER s1@group-F5EF1697381A:t0, leader=null, voted=null, raftlog=s1@group-F5EF1697381A-SegmentedRaftLog:OPENED:c-1,f-1,i0, conf=-1: [s0:0.0.0.0:45891, s1:0.0.0.0:36374, s2:0.0.0.0:39898], old=null RUNNING
  s2:  RUNNING  FOLLOWER s2@group-F5EF1697381A:t0, leader=null, voted=null, raftlog=s2@group-F5EF1697381A-SegmentedRaftLog:OPENED:c-1,f-1,i0, conf=-1: [s0:0.0.0.0:45891, s1:0.0.0.0:36374, s2:0.0.0.0:39898], old=null RUNNING, sleep 450ms and then retry.
java.lang.IllegalStateException: No leader yet : printing ALL groups
  s0:  RUNNING  FOLLOWER s0@group-F5EF1697381A:t0, leader=null, voted=null, raftlog=s0@group-F5EF1697381A-SegmentedRaftLog:OPENED:c-1,f-1,i0, conf=-1: [s0:0.0.0.0:45891, s1:0.0.0.0:36374, s2:0.0.0.0:39898], old=null RUNNING
  s1:  RUNNING  FOLLOWER s1@group-F5EF1697381A:t0, leader=null, voted=null, raftlog=s1@group-F5EF1697381A-SegmentedRaftLog:OPENED:c-1,f-1,i0, conf=-1: [s0:0.0.0.0:45891, s1:0.0.0.0:36374, s2:0.0.0.0:39898], old=null RUNNING
  s2:  RUNNING  FOLLOWER s2@group-F5EF1697381A:t0, leader=null, voted=null, raftlog=s2@group-F5EF1697381A-SegmentedRaftLog:OPENED:c-1,f-1,i0, conf=-1: [s0:0.0.0.0:45891, s1:0.0.0.0:36374, s2:0.0.0.0:39898], old=null RUNNING
	at org.apache.ratis.MiniRaftCluster.newIllegalStateExceptionForNoLeaders(MiniRaftCluster.java:506)
	at org.apache.ratis.RaftTestUtil.lambda$waitForLeader$1(RaftTestUtil.java:90)
	at org.apache.ratis.MiniRaftCluster.getLeader(MiniRaftCluster.java:539)
	at org.apache.ratis.MiniRaftCluster.getLeader(MiniRaftCluster.java:532)
	at org.apache.ratis.RaftTestUtil.lambda$waitForLeader$3(RaftTestUtil.java:98)
	at org.apache.ratis.util.JavaUtils.attempt(JavaUtils.java:152)
	at org.apache.ratis.RaftTestUtil.waitForLeader(RaftTestUtil.java:97)
	at org.apache.ratis.RaftTestUtil.waitForLeader(RaftTestUtil.java:77)
	at org.apache.ratis.RaftTestUtil.waitForLeader(RaftTestUtil.java:72)
	at org.apache.ratis.logservice.LogServiceReadWriteBase.setUpCluster(LogServiceReadWriteBase.java:116)
	at sun.reflect.NativeMethodAccessorImpl.invoke0(Native Method)
	at sun.reflect.NativeMethodAccessorImpl.invoke(NativeMethodAccessorImpl.java:62)
	at sun.reflect.DelegatingMethodAccessorImpl.invoke(DelegatingMethodAccessorImpl.java:43)
	at java.lang.reflect.Method.invoke(Method.java:498)
	at org.junit.runners.model.FrameworkMethod$1.runReflectiveCall(FrameworkMethod.java:50)
	at org.junit.internal.runners.model.ReflectiveCallable.run(ReflectiveCallable.java:12)
	at org.junit.runners.model.FrameworkMethod.invokeExplosively(FrameworkMethod.java:47)
	at org.junit.internal.runners.statements.RunBefores.evaluate(RunBefores.java:24)
	at org.junit.internal.runners.statements.RunAfters.evaluate(RunAfters.java:27)
	at org.junit.internal.runners.statements.FailOnTimeout$CallableStatement.call(FailOnTimeout.java:298)
	at org.junit.internal.runners.statements.FailOnTimeout$CallableStatement.call(FailOnTimeout.java:292)
	at java.util.concurrent.FutureTask.run(FutureTask.java:266)
	at java.lang.Thread.run(Thread.java:748)
2019-09-26 10:16:46,989 INFO  impl.FollowerState (FollowerState.java:run(108)) - s1@group-F5EF1697381A-FollowerState: change to CANDIDATE, lastRpcTime:182ms, electionTimeout:182ms
2019-09-26 10:16:46,990 INFO  impl.RoleInfo (RoleInfo.java:shutdownFollowerState(121)) - s1: shutdown FollowerState
2019-09-26 10:16:46,990 INFO  impl.RaftServerImpl (RaftServerImpl.java:setRole(170)) - s1@group-F5EF1697381A: changes role from  FOLLOWER to CANDIDATE at term 0 for changeToCandidate
2019-09-26 10:16:46,991 INFO  impl.RoleInfo (RoleInfo.java:updateAndGet(143)) - s1: start LeaderElection
2019-09-26 10:16:46,997 INFO  impl.FollowerState (FollowerState.java:run(108)) - s2@group-F5EF1697381A-FollowerState: change to CANDIDATE, lastRpcTime:183ms, electionTimeout:183ms
2019-09-26 10:16:46,998 INFO  impl.RoleInfo (RoleInfo.java:shutdownFollowerState(121)) - s2: shutdown FollowerState
2019-09-26 10:16:46,998 INFO  impl.RaftServerImpl (RaftServerImpl.java:setRole(170)) - s2@group-F5EF1697381A: changes role from  FOLLOWER to CANDIDATE at term 0 for changeToCandidate
2019-09-26 10:16:46,999 INFO  impl.RoleInfo (RoleInfo.java:updateAndGet(143)) - s2: start LeaderElection
2019-09-26 10:16:47,006 INFO  impl.LeaderElection (LeaderElection.java:askForVotes(178)) - s2@group-F5EF1697381A-LeaderElection10: begin an election at term 1 for -1: [s0:0.0.0.0:45891, s1:0.0.0.0:36374, s2:0.0.0.0:39898], old=null
2019-09-26 10:16:47,006 INFO  impl.LeaderElection (LeaderElection.java:askForVotes(178)) - s1@group-F5EF1697381A-LeaderElection9: begin an election at term 1 for -1: [s0:0.0.0.0:45891, s1:0.0.0.0:36374, s2:0.0.0.0:39898], old=null
2019-09-26 10:16:47,016 INFO  logging.LoggingHandler (AbstractInternalLogger.java:log(150)) - [id: 0xdb3bcf8a, L:/0.0.0.0:36374] READ: [id: 0x15800c65, L:/192.168.30.59:36374 - R:/192.168.30.59:57624]
2019-09-26 10:16:47,017 INFO  logging.LoggingHandler (AbstractInternalLogger.java:log(150)) - [id: 0xee60eb6d, L:/0.0.0.0:45891] READ: [id: 0x204c98dc, L:/192.168.30.59:45891 - R:/192.168.30.59:46116]
2019-09-26 10:16:47,017 INFO  logging.LoggingHandler (AbstractInternalLogger.java:log(150)) - [id: 0xe3dcffdd, L:/0.0.0.0:39898] READ: [id: 0x943248a5, L:/192.168.30.59:39898 - R:/192.168.30.59:45482]
2019-09-26 10:16:47,017 INFO  logging.LoggingHandler (AbstractInternalLogger.java:log(150)) - [id: 0xdb3bcf8a, L:/0.0.0.0:36374] READ COMPLETE
2019-09-26 10:16:47,017 INFO  logging.LoggingHandler (AbstractInternalLogger.java:log(150)) - [id: 0xe3dcffdd, L:/0.0.0.0:39898] READ COMPLETE
2019-09-26 10:16:47,018 INFO  logging.LoggingHandler (AbstractInternalLogger.java:log(150)) - [id: 0xee60eb6d, L:/0.0.0.0:45891] READ COMPLETE
2019-09-26 10:16:47,024 INFO  logging.LoggingHandler (AbstractInternalLogger.java:log(150)) - [id: 0xee60eb6d, L:/0.0.0.0:45891] READ: [id: 0x2608d59e, L:/192.168.30.59:45891 - R:/192.168.30.59:46120]
2019-09-26 10:16:47,024 INFO  logging.LoggingHandler (AbstractInternalLogger.java:log(150)) - [id: 0xee60eb6d, L:/0.0.0.0:45891] READ COMPLETE
2019-09-26 10:16:47,027 INFO  impl.RaftServerImpl (RaftServerImpl.java:setRole(170)) - s0@group-F5EF1697381A: changes role from  FOLLOWER to FOLLOWER at term 1 for recognizeCandidate:s1
2019-09-26 10:16:47,028 INFO  impl.RoleInfo (RoleInfo.java:shutdownFollowerState(121)) - s0: shutdown FollowerState
2019-09-26 10:16:47,029 INFO  impl.RoleInfo (RoleInfo.java:updateAndGet(143)) - s0: start FollowerState
2019-09-26 10:16:47,029 INFO  impl.FollowerState (FollowerState.java:run(117)) - s0@group-F5EF1697381A-FollowerState was interrupted: java.lang.InterruptedException: sleep interrupted
2019-09-26 10:16:47,044 INFO  impl.LeaderElection (LeaderElection.java:logAndReturn(56)) - s1@group-F5EF1697381A-LeaderElection9: Election PASSED; received 2 response(s) [s1<-s0#0:OK-t1, s1<-s2#0:FAIL-t1] and 0 exception(s); s1@group-F5EF1697381A:t1, leader=null, voted=s1, raftlog=s1@group-F5EF1697381A-SegmentedRaftLog:OPENED:c-1,f-1,i0, conf=-1: [s0:0.0.0.0:45891, s1:0.0.0.0:36374, s2:0.0.0.0:39898], old=null
2019-09-26 10:16:47,045 INFO  impl.RoleInfo (RoleInfo.java:shutdownLeaderElection(134)) - s1: shutdown LeaderElection
2019-09-26 10:16:47,046 INFO  impl.LeaderElection (LeaderElection.java:logAndReturn(56)) - s2@group-F5EF1697381A-LeaderElection10: Election REJECTED; received 2 response(s) [s2<-s0#0:FAIL-t1, s2<-s1#0:FAIL-t1] and 0 exception(s); s2@group-F5EF1697381A:t1, leader=null, voted=s2, raftlog=s2@group-F5EF1697381A-SegmentedRaftLog:OPENED:c-1,f-1,i0, conf=-1: [s0:0.0.0.0:45891, s1:0.0.0.0:36374, s2:0.0.0.0:39898], old=null
2019-09-26 10:16:47,046 INFO  impl.RaftServerImpl (RaftServerImpl.java:setRole(170)) - s1@group-F5EF1697381A: changes role from CANDIDATE to LEADER at term 1 for changeToLeader
2019-09-26 10:16:47,046 INFO  impl.RaftServerImpl (RaftServerImpl.java:setRole(170)) - s2@group-F5EF1697381A: changes role from CANDIDATE to FOLLOWER at term 1 for DISCOVERED_A_NEW_TERM
2019-09-26 10:16:47,047 INFO  impl.RaftServerImpl (ServerState.java:setLeader(254)) - s1@group-F5EF1697381A: change Leader from null to s1 at term 1 for becomeLeader, leader elected after 257ms
2019-09-26 10:16:47,047 INFO  impl.RoleInfo (RoleInfo.java:shutdownLeaderElection(134)) - s2: shutdown LeaderElection
2019-09-26 10:16:47,048 INFO  server.RaftServerConfigKeys (ConfUtils.java:logGet(43)) - raft.server.staging.catchup.gap = 1000 (default)
2019-09-26 10:16:47,048 INFO  impl.RoleInfo (RoleInfo.java:updateAndGet(143)) - s2: start FollowerState
2019-09-26 10:16:47,048 INFO  server.RaftServerConfigKeys (ConfUtils.java:logGet(43)) - raft.server.rpc.sleep.time = 25ms (default)
2019-09-26 10:16:47,049 INFO  server.RaftServerConfigKeys (ConfUtils.java:logGet(43)) - raft.server.write.element-limit = 4096 (default)
2019-09-26 10:16:47,049 INFO  server.RaftServerConfigKeys (ConfUtils.java:logGet(43)) - raft.server.watch.timeout = 10s (default)
2019-09-26 10:16:47,049 INFO  server.RaftServerConfigKeys (ConfUtils.java:logGet(43)) - raft.server.watch.timeout.denomination = 1s (default)
2019-09-26 10:16:47,049 INFO  server.RaftServerConfigKeys (ConfUtils.java:logGet(43)) - raft.server.watch.element-limit = 65536 (default)
2019-09-26 10:16:47,052 INFO  server.RaftServerConfigKeys (ConfUtils.java:logGet(43)) - raft.server.log.appender.snapshot.chunk.size.max = 16MB (=16777216) (default)
2019-09-26 10:16:47,052 INFO  server.RaftServerConfigKeys (ConfUtils.java:logGet(43)) - raft.server.log.appender.buffer.byte-limit = 4MB (=4194304) (default)
2019-09-26 10:16:47,053 INFO  server.RaftServerConfigKeys (ConfUtils.java:logGet(43)) - raft.server.log.appender.buffer.element-limit = 0 (default)
2019-09-26 10:16:47,053 INFO  server.RaftServerConfigKeys (ConfUtils.java:logGet(43)) - raft.server.log.appender.snapshot.chunk.size.max = 16MB (=16777216) (default)
2019-09-26 10:16:47,053 INFO  server.RaftServerConfigKeys (ConfUtils.java:logGet(43)) - raft.server.log.appender.buffer.byte-limit = 4MB (=4194304) (default)
2019-09-26 10:16:47,053 INFO  server.RaftServerConfigKeys (ConfUtils.java:logGet(43)) - raft.server.log.appender.buffer.element-limit = 0 (default)
2019-09-26 10:16:47,054 INFO  impl.RoleInfo (RoleInfo.java:updateAndGet(143)) - s1: start LeaderState
2019-09-26 10:16:47,054 INFO  segmented.SegmentedRaftLogWorker (SegmentedRaftLogWorker.java:startLogSegment(380)) - s1@group-F5EF1697381A-SegmentedRaftLogWorker: Starting segment from index:0
2019-09-26 10:16:47,055 INFO  impl.RaftServerImpl (ServerState.java:setRaftConf(355)) - s1@group-F5EF1697381A: set configuration 0: [s0:0.0.0.0:45891, s1:0.0.0.0:36374, s2:0.0.0.0:39898], old=null at 0
2019-09-26 10:16:47,056 INFO  impl.RaftServerImpl (ServerState.java:setLeader(254)) - s0@group-F5EF1697381A: change Leader from null to s1 at term 1 for appendEntries, leader elected after 267ms
2019-09-26 10:16:47,056 INFO  impl.RaftServerImpl (ServerState.java:setLeader(254)) - s2@group-F5EF1697381A: change Leader from null to s1 at term 1 for appendEntries, leader elected after 253ms
2019-09-26 10:16:47,061 INFO  impl.RaftServerImpl (ServerState.java:setRaftConf(355)) - s0@group-F5EF1697381A: set configuration 0: [s0:0.0.0.0:45891, s1:0.0.0.0:36374, s2:0.0.0.0:39898], old=null at 0
2019-09-26 10:16:47,061 INFO  impl.RaftServerImpl (ServerState.java:setRaftConf(355)) - s2@group-F5EF1697381A: set configuration 0: [s0:0.0.0.0:45891, s1:0.0.0.0:36374, s2:0.0.0.0:39898], old=null at 0
2019-09-26 10:16:47,061 INFO  segmented.SegmentedRaftLogWorker (SegmentedRaftLogWorker.java:startLogSegment(380)) - s0@group-F5EF1697381A-SegmentedRaftLogWorker: Starting segment from index:0
2019-09-26 10:16:47,061 INFO  segmented.SegmentedRaftLogWorker (SegmentedRaftLogWorker.java:startLogSegment(380)) - s2@group-F5EF1697381A-SegmentedRaftLogWorker: Starting segment from index:0
2019-09-26 10:16:47,244 INFO  segmented.SegmentedRaftLogWorker (SegmentedRaftLogWorker.java:execute(569)) - s2@group-F5EF1697381A-SegmentedRaftLogWorker: created new log segment /workdir/ratis-logservice/target/test/data/c0f9d7e2/MiniRaftClusterWithNettydb94583b/s2/5aad5d6c-ee0a-4bdf-b3e3-f5ef1697381a/current/log_inprogress_0
2019-09-26 10:16:47,244 INFO  segmented.SegmentedRaftLogWorker (SegmentedRaftLogWorker.java:execute(569)) - s0@group-F5EF1697381A-SegmentedRaftLogWorker: created new log segment /workdir/ratis-logservice/target/test/data/c0f9d7e2/MiniRaftClusterWithNettydb94583b/s0/5aad5d6c-ee0a-4bdf-b3e3-f5ef1697381a/current/log_inprogress_0
2019-09-26 10:16:47,244 INFO  segmented.SegmentedRaftLogWorker (SegmentedRaftLogWorker.java:execute(569)) - s1@group-F5EF1697381A-SegmentedRaftLogWorker: created new log segment /workdir/ratis-logservice/target/test/data/c0f9d7e2/MiniRaftClusterWithNettydb94583b/s1/5aad5d6c-ee0a-4bdf-b3e3-f5ef1697381a/current/log_inprogress_0
2019-09-26 10:16:47,272 INFO  ratis.RaftTestUtil (RaftTestUtil.java:waitForLeader(101)) - printing ALL groups
  s0:  RUNNING  FOLLOWER s0@group-F5EF1697381A:t1, leader=s1, voted=s1, raftlog=s0@group-F5EF1697381A-SegmentedRaftLog:OPENED:c-1,f0,i0, conf=0: [s0:0.0.0.0:45891, s1:0.0.0.0:36374, s2:0.0.0.0:39898], old=null RUNNING
  s1:  RUNNING    LEADER s1@group-F5EF1697381A:t1, leader=s1, voted=s1, raftlog=s1@group-F5EF1697381A-SegmentedRaftLog:OPENED:c0,f0,i0, conf=0: [s0:0.0.0.0:45891, s1:0.0.0.0:36374, s2:0.0.0.0:39898], old=null RUNNING
  s2:  RUNNING  FOLLOWER s2@group-F5EF1697381A:t1, leader=s1, voted=s2, raftlog=s2@group-F5EF1697381A-SegmentedRaftLog:OPENED:c-1,f0,i0, conf=0: [s0:0.0.0.0:45891, s1:0.0.0.0:36374, s2:0.0.0.0:39898], old=null RUNNING
2019-09-26 10:16:47,280 INFO  logservice.LogServiceReadWriteBase (LogServiceReadWriteBase.java:testSeeking(226)) - Writing 100 records
2019-09-26 10:16:47,285 INFO  logging.LoggingHandler (AbstractInternalLogger.java:log(150)) - [id: 0xee60eb6d, L:/0.0.0.0:45891] READ: [id: 0x17be1deb, L:/192.168.30.59:45891 - R:/192.168.30.59:46124]
2019-09-26 10:16:47,286 INFO  logging.LoggingHandler (AbstractInternalLogger.java:log(150)) - [id: 0xee60eb6d, L:/0.0.0.0:45891] READ COMPLETE
2019-09-26 10:16:47,296 INFO  logging.LoggingHandler (AbstractInternalLogger.java:log(150)) - [id: 0xdb3bcf8a, L:/0.0.0.0:36374] READ: [id: 0x7526afb9, L:/192.168.30.59:36374 - R:/192.168.30.59:57632]
2019-09-26 10:16:47,297 INFO  logging.LoggingHandler (AbstractInternalLogger.java:log(150)) - [id: 0xdb3bcf8a, L:/0.0.0.0:36374] READ COMPLETE
2019-09-26 10:16:48,417 DEBUG logservice.LogServiceReadWriteBase (LogServiceReadWriteBase.java:testSeeking(233)) - Seek and read'ing records
2019-09-26 10:16:48,417 INFO  logservice.LogServiceReadWriteBase (LogServiceReadWriteBase.java:testSeeking(236)) - Seeking to 9
2019-09-26 10:16:48,417 INFO  logservice.LogServiceReadWriteBase (LogServiceReadWriteBase.java:testSeeking(238)) - Reading one record
2019-09-26 10:16:48,418 INFO  logservice.LogServiceReadWriteBase (LogServiceReadWriteBase.java:testSeeking(236)) - Seeking to 19
2019-09-26 10:16:48,418 INFO  logservice.LogServiceReadWriteBase (LogServiceReadWriteBase.java:testSeeking(238)) - Reading one record
2019-09-26 10:16:48,419 INFO  logservice.LogServiceReadWriteBase (LogServiceReadWriteBase.java:testSeeking(236)) - Seeking to 29
2019-09-26 10:16:48,419 INFO  logservice.LogServiceReadWriteBase (LogServiceReadWriteBase.java:testSeeking(238)) - Reading one record
2019-09-26 10:16:48,420 INFO  logservice.LogServiceReadWriteBase (LogServiceReadWriteBase.java:testSeeking(236)) - Seeking to 39
2019-09-26 10:16:48,420 INFO  logservice.LogServiceReadWriteBase (LogServiceReadWriteBase.java:testSeeking(238)) - Reading one record
2019-09-26 10:16:48,421 INFO  logservice.LogServiceReadWriteBase (LogServiceReadWriteBase.java:testSeeking(236)) - Seeking to 49
2019-09-26 10:16:48,421 INFO  logservice.LogServiceReadWriteBase (LogServiceReadWriteBase.java:testSeeking(238)) - Reading one record
2019-09-26 10:16:48,422 INFO  logservice.LogServiceReadWriteBase (LogServiceReadWriteBase.java:testSeeking(236)) - Seeking to 59
2019-09-26 10:16:48,422 INFO  logservice.LogServiceReadWriteBase (LogServiceReadWriteBase.java:testSeeking(238)) - Reading one record
2019-09-26 10:16:48,423 INFO  logservice.LogServiceReadWriteBase (LogServiceReadWriteBase.java:testSeeking(236)) - Seeking to 69
2019-09-26 10:16:48,423 INFO  logservice.LogServiceReadWriteBase (LogServiceReadWriteBase.java:testSeeking(238)) - Reading one record
2019-09-26 10:16:48,424 INFO  logservice.LogServiceReadWriteBase (LogServiceReadWriteBase.java:testSeeking(236)) - Seeking to 79
2019-09-26 10:16:48,424 INFO  logservice.LogServiceReadWriteBase (LogServiceReadWriteBase.java:testSeeking(238)) - Reading one record
2019-09-26 10:16:48,425 INFO  logservice.LogServiceReadWriteBase (LogServiceReadWriteBase.java:testSeeking(236)) - Seeking to 89
2019-09-26 10:16:48,425 INFO  logservice.LogServiceReadWriteBase (LogServiceReadWriteBase.java:testSeeking(238)) - Reading one record
2019-09-26 10:16:48,426 INFO  logservice.LogServiceReadWriteBase (LogServiceReadWriteBase.java:testSeeking(236)) - Seeking to 99
2019-09-26 10:16:48,426 INFO  logservice.LogServiceReadWriteBase (LogServiceReadWriteBase.java:testSeeking(238)) - Reading one record
2019-09-26 10:16:48,427 INFO  ratis.MiniRaftCluster (MiniRaftCluster.java:shutdown(700)) - ************************************************************** 
2019-09-26 10:16:48,427 INFO  ratis.MiniRaftCluster (MiniRaftCluster.java:shutdown(701)) - *** 
2019-09-26 10:16:48,428 INFO  ratis.MiniRaftCluster (MiniRaftCluster.java:shutdown(702)) - ***     Stopping MiniRaftClusterWithNetty
2019-09-26 10:16:48,428 INFO  ratis.MiniRaftCluster (MiniRaftCluster.java:shutdown(703)) - *** 
2019-09-26 10:16:48,428 INFO  ratis.MiniRaftCluster (MiniRaftCluster.java:shutdown(704)) - ************************************************************** 
2019-09-26 10:16:48,428 INFO  ratis.MiniRaftCluster (MiniRaftCluster.java:shutdown(705)) - printing ALL groups
  s0:  RUNNING  FOLLOWER s0@group-F5EF1697381A:t1, leader=s1, voted=s1, raftlog=s0@group-F5EF1697381A-SegmentedRaftLog:OPENED:c198,f200,i200, conf=0: [s0:0.0.0.0:45891, s1:0.0.0.0:36374, s2:0.0.0.0:39898], old=null RUNNING
  s1:  RUNNING    LEADER s1@group-F5EF1697381A:t1, leader=s1, voted=s1, raftlog=s1@group-F5EF1697381A-SegmentedRaftLog:OPENED:c199,f200,i200, conf=0: [s0:0.0.0.0:45891, s1:0.0.0.0:36374, s2:0.0.0.0:39898], old=null RUNNING
  s2:  RUNNING  FOLLOWER s2@group-F5EF1697381A:t1, leader=s1, voted=s2, raftlog=s2@group-F5EF1697381A-SegmentedRaftLog:OPENED:c197,f200,i200, conf=0: [s0:0.0.0.0:45891, s1:0.0.0.0:36374, s2:0.0.0.0:39898], old=null RUNNING
2019-09-26 10:16:48,429 INFO  impl.RaftServerProxy (RaftServerProxy.java:lambda$close$4(314)) - s0: close
2019-09-26 10:16:48,429 INFO  impl.RaftServerProxy (RaftServerProxy.java:lambda$close$4(314)) - s1: close
2019-09-26 10:16:48,429 INFO  impl.RaftServerImpl (RaftServerImpl.java:lambda$shutdown$3(247)) - s0@group-F5EF1697381A: shutdown
2019-09-26 10:16:48,429 INFO  impl.RaftServerProxy (RaftServerProxy.java:lambda$close$4(314)) - s2: close
2019-09-26 10:16:48,430 INFO  impl.RaftServerImpl (RaftServerImpl.java:lambda$shutdown$3(247)) - s1@group-F5EF1697381A: shutdown
2019-09-26 10:16:48,431 INFO  impl.RaftServerImpl (RaftServerImpl.java:lambda$shutdown$3(247)) - s2@group-F5EF1697381A: shutdown
2019-09-26 10:16:48,430 INFO  util.JmxRegister (JmxRegister.java:unregister(73)) - Successfully un-registered JMX Bean with object name Ratis:service=RaftServer,group=group-F5EF1697381A,id=s0
2019-09-26 10:16:48,431 INFO  util.JmxRegister (JmxRegister.java:unregister(73)) - Successfully un-registered JMX Bean with object name Ratis:service=RaftServer,group=group-F5EF1697381A,id=s2
2019-09-26 10:16:48,431 INFO  impl.RoleInfo (RoleInfo.java:shutdownFollowerState(121)) - s2: shutdown FollowerState
2019-09-26 10:16:48,431 INFO  util.JmxRegister (JmxRegister.java:unregister(73)) - Successfully un-registered JMX Bean with object name Ratis:service=RaftServer,group=group-F5EF1697381A,id=s1
2019-09-26 10:16:48,431 INFO  impl.FollowerState (FollowerState.java:run(117)) - s2@group-F5EF1697381A-FollowerState was interrupted: java.lang.InterruptedException: sleep interrupted
2019-09-26 10:16:48,431 INFO  impl.StateMachineUpdater (StateMachineUpdater.java:stopAndJoin(136)) - s2@group-F5EF1697381A-StateMachineUpdater: set stopIndex = 199
2019-09-26 10:16:48,431 INFO  impl.RoleInfo (RoleInfo.java:shutdownFollowerState(121)) - s0: shutdown FollowerState
2019-09-26 10:16:48,432 INFO  impl.RaftServerImpl (ServerState.java:close(386)) - s2@group-F5EF1697381A: closes. applyIndex: 199
2019-09-26 10:16:48,432 INFO  impl.RoleInfo (RoleInfo.java:shutdownLeaderState(104)) - s1: shutdown LeaderState
2019-09-26 10:16:48,433 INFO  impl.FollowerState (FollowerState.java:run(117)) - s0@group-F5EF1697381A-FollowerState was interrupted: java.lang.InterruptedException: sleep interrupted
2019-09-26 10:16:48,433 INFO  impl.StateMachineUpdater (StateMachineUpdater.java:stopAndJoin(136)) - s0@group-F5EF1697381A-StateMachineUpdater: set stopIndex = 199
2019-09-26 10:16:48,437 INFO  impl.RaftServerImpl (ServerState.java:close(386)) - s0@group-F5EF1697381A: closes. applyIndex: 199
2019-09-26 10:16:48,436 INFO  impl.LogAppender (LogAppender.java:run(78)) - s1@group-F5EF1697381A->s2-LogAppender-AppenderDaemon was interrupted: java.lang.InterruptedException
2019-09-26 10:16:48,436 INFO  impl.LogAppender (LogAppender.java:run(78)) - s1@group-F5EF1697381A->s0-LogAppender-AppenderDaemon was interrupted: java.lang.InterruptedException
2019-09-26 10:16:48,436 INFO  impl.PendingRequests (PendingRequests.java:sendNotLeaderResponses(202)) - s1@group-F5EF1697381A-PendingRequests: sendNotLeaderResponses
2019-09-26 10:16:48,436 INFO  segmented.SegmentedRaftLogWorker (SegmentedRaftLogWorker.java:run(313)) - s2@group-F5EF1697381A-SegmentedRaftLogWorker was interrupted, exiting. There are 0 tasks remaining in the queue.
2019-09-26 10:16:48,439 INFO  impl.StateMachineUpdater (StateMachineUpdater.java:stopAndJoin(136)) - s1@group-F5EF1697381A-StateMachineUpdater: set stopIndex = 200
2019-09-26 10:16:48,438 INFO  segmented.SegmentedRaftLogWorker (SegmentedRaftLogWorker.java:run(313)) - s0@group-F5EF1697381A-SegmentedRaftLogWorker was interrupted, exiting. There are 0 tasks remaining in the queue.
2019-09-26 10:16:48,439 INFO  impl.RaftServerImpl (ServerState.java:close(386)) - s1@group-F5EF1697381A: closes. applyIndex: 200
2019-09-26 10:16:48,440 INFO  segmented.SegmentedRaftLogWorker (SegmentedRaftLogWorker.java:run(313)) - s1@group-F5EF1697381A-SegmentedRaftLogWorker was interrupted, exiting. There are 0 tasks remaining in the queue.
2019-09-26 10:16:48,441 INFO  segmented.SegmentedRaftLogWorker (SegmentedRaftLogWorker.java:close(228)) - s2@group-F5EF1697381A-SegmentedRaftLogWorker close()
2019-09-26 10:16:48,442 INFO  segmented.SegmentedRaftLogWorker (SegmentedRaftLogWorker.java:close(228)) - s0@group-F5EF1697381A-SegmentedRaftLogWorker close()
2019-09-26 10:16:48,443 INFO  logging.LoggingHandler (AbstractInternalLogger.java:log(150)) - [id: 0xe3dcffdd, L:/0.0.0.0:39898] UNREGISTERED
2019-09-26 10:16:48,442 INFO  segmented.SegmentedRaftLogWorker (SegmentedRaftLogWorker.java:close(228)) - s1@group-F5EF1697381A-SegmentedRaftLogWorker close()
2019-09-26 10:16:48,444 INFO  logging.LoggingHandler (AbstractInternalLogger.java:log(150)) - [id: 0xee60eb6d, L:/0.0.0.0:45891] UNREGISTERED
2019-09-26 10:16:48,447 INFO  logging.LoggingHandler (AbstractInternalLogger.java:log(150)) - [id: 0xdb3bcf8a, L:/0.0.0.0:36374] UNREGISTERED
2019-09-26 10:16:48,449 INFO  ratis.MiniRaftCluster (MiniRaftCluster.java:shutdown(722)) - MiniRaftClusterWithNetty shutdown completed
]]></system-out>
  </testcase>
  <testcase name="testLogServiceReadWrite" classname="org.apache.ratis.logservice.TestLogServiceWithNetty" time="0.614">
    <failure message="expected:&lt;10&gt; but was:&lt;0&gt;" type="java.lang.AssertionError"><![CDATA[java.lang.AssertionError: expected:<10> but was:<0>
]]></failure>
    <system-out><![CDATA[2019-09-26 10:16:48,459 INFO  util.LogUtils (LogUtils.java:setLogLevel(41)) - Set org.apache.ratis.conf.ConfUtils log level to WARN
2019-09-26 10:16:48,459 INFO  util.LogUtils (LogUtils.java:setLogLevel(41)) - Set org.apache.ratis.util.FileUtils log level to TRACE
2019-09-26 10:16:48,459 INFO  logservice.LogServiceReadWriteBase (LogServiceReadWriteBase.java:<init>(65)) - Set LogStateMachine OK
2019-09-26 10:16:48,460 INFO  ratis.MiniRaftCluster (MiniRaftCluster.java:<init>(253)) - new MiniRaftClusterWithNetty with group-365AF8ED02AF:[s0:0.0.0.0:42837, s1:0.0.0.0:35688, s2:0.0.0.0:44227]
2019-09-26 10:16:48,460 INFO  ratis.MiniRaftCluster (MiniRaftCluster.java:start(287)) - .............................................................. 
2019-09-26 10:16:48,460 INFO  ratis.MiniRaftCluster (MiniRaftCluster.java:start(288)) - ... 
2019-09-26 10:16:48,460 INFO  ratis.MiniRaftCluster (MiniRaftCluster.java:start(289)) - ...     Starting MiniRaftClusterWithNetty
2019-09-26 10:16:48,460 INFO  ratis.MiniRaftCluster (MiniRaftCluster.java:start(290)) - ... 
2019-09-26 10:16:48,460 INFO  ratis.MiniRaftCluster (MiniRaftCluster.java:start(291)) - .............................................................. 
2019-09-26 10:16:48,461 INFO  ratis.MiniRaftCluster (MiniRaftCluster.java:initServers(265)) - servers = {}
2019-09-26 10:16:48,461 INFO  ratis.MiniRaftCluster (MiniRaftCluster.java:newRaftServer(330)) - newRaftServer: s0, group-365AF8ED02AF:[s0:0.0.0.0:42837, s1:0.0.0.0:35688, s2:0.0.0.0:44227], format? true
2019-09-26 10:16:48,461 TRACE util.FileUtils (FileUtils.java:deleteFully(88)) - deleteFully target/test/data/c0f9d7e2/MiniRaftClusterWithNetty89c8be7c/s0
2019-09-26 10:16:48,461 TRACE util.FileUtils (FileUtils.java:deleteFully(104)) - deleteFully: target/test/data/c0f9d7e2/MiniRaftClusterWithNetty89c8be7c/s0 does not exist.
2019-09-26 10:16:48,461 INFO  ratis.MiniRaftCluster (MiniRaftCluster.java:newRaftServer(335)) - Formatted directory target/test/data/c0f9d7e2/MiniRaftClusterWithNetty89c8be7c/s0
2019-09-26 10:16:48,462 INFO  impl.RaftServerProxy (ConfUtils.java:logGet(43)) - raft.rpc.type = NETTY (custom)
2019-09-26 10:16:48,463 INFO  netty.NettyConfigKeys$Server (ConfUtils.java:logGet(43)) - raft.netty.server.port = 42837 (custom)
2019-09-26 10:16:48,464 INFO  server.RaftServerConfigKeys (ConfUtils.java:logGet(43)) - raft.server.storage.dir = [/workdir/ratis-logservice/target/test/data/c0f9d7e2/MiniRaftClusterWithNetty89c8be7c/s0] (custom)
2019-09-26 10:16:48,464 INFO  logging.LoggingHandler (AbstractInternalLogger.java:log(150)) - [id: 0x6324ecdc] REGISTERED
2019-09-26 10:16:48,465 INFO  impl.RaftServerProxy (RaftServerProxy.java:addNew(89)) - s0: addNew group-365AF8ED02AF:[s0:0.0.0.0:42837, s1:0.0.0.0:35688, s2:0.0.0.0:44227] returns group-365AF8ED02AF:java.util.concurrent.CompletableFuture@390f724[Not completed]
2019-09-26 10:16:48,465 INFO  logging.LoggingHandler (AbstractInternalLogger.java:log(150)) - [id: 0x6324ecdc] BIND: 0.0.0.0/0.0.0.0:42837
2019-09-26 10:16:48,465 INFO  logging.LoggingHandler (AbstractInternalLogger.java:log(150)) - [id: 0x6324ecdc, L:/0.0.0.0:42837] ACTIVE
2019-09-26 10:16:48,465 INFO  impl.RaftServerImpl (RaftServerImpl.java:<init>(95)) - s0: new RaftServerImpl for group-365AF8ED02AF:[s0:0.0.0.0:42837, s1:0.0.0.0:35688, s2:0.0.0.0:44227] with LogStateMachine:uninitialized
2019-09-26 10:16:48,466 INFO  server.RaftServerConfigKeys (ConfUtils.java:logGet(43)) - raft.server.rpc.timeout.min = 150ms (default)
2019-09-26 10:16:48,466 INFO  server.RaftServerConfigKeys (ConfUtils.java:logGet(43)) - raft.server.rpc.timeout.max = 300ms (default)
2019-09-26 10:16:48,466 INFO  ratis.MiniRaftCluster (MiniRaftCluster.java:newRaftServer(330)) - newRaftServer: s1, group-365AF8ED02AF:[s0:0.0.0.0:42837, s1:0.0.0.0:35688, s2:0.0.0.0:44227], format? true
2019-09-26 10:16:48,466 TRACE util.FileUtils (FileUtils.java:deleteFully(88)) - deleteFully target/test/data/c0f9d7e2/MiniRaftClusterWithNetty89c8be7c/s1
2019-09-26 10:16:48,466 INFO  server.RaftServerConfigKeys (ConfUtils.java:logGet(43)) - raft.server.rpcslowness.timeout = 60s (default)
2019-09-26 10:16:48,467 INFO  server.RaftServerConfigKeys (ConfUtils.java:logGet(43)) - raft.server.sleep.deviation.threshold = 300 (default)
2019-09-26 10:16:48,467 TRACE util.FileUtils (FileUtils.java:deleteFully(104)) - deleteFully: target/test/data/c0f9d7e2/MiniRaftClusterWithNetty89c8be7c/s1 does not exist.
2019-09-26 10:16:48,467 INFO  server.RaftServerConfigKeys (ConfUtils.java:logGet(43)) - raft.server.log.appender.install.snapshot.enabled = true (default)
2019-09-26 10:16:48,467 INFO  ratis.MiniRaftCluster (MiniRaftCluster.java:newRaftServer(335)) - Formatted directory target/test/data/c0f9d7e2/MiniRaftClusterWithNetty89c8be7c/s1
2019-09-26 10:16:48,467 INFO  impl.RaftServerImpl (ServerState.java:<init>(103)) - s0@group-365AF8ED02AF: ConfigurationManager, init=-1: [s0:0.0.0.0:42837, s1:0.0.0.0:35688, s2:0.0.0.0:44227], old=null, confs=<EMPTY_MAP>
2019-09-26 10:16:48,468 INFO  server.RaftServerConfigKeys (ConfUtils.java:logGet(43)) - raft.server.storage.dir = [/workdir/ratis-logservice/target/test/data/c0f9d7e2/MiniRaftClusterWithNetty89c8be7c/s0] (custom)
2019-09-26 10:16:48,468 INFO  impl.RaftServerProxy (ConfUtils.java:logGet(43)) - raft.rpc.type = NETTY (custom)
2019-09-26 10:16:48,468 INFO  server.RaftServerConfigKeys (ConfUtils.java:logGet(43)) - raft.server.log.corruption.policy = EXCEPTION (default)
2019-09-26 10:16:48,468 INFO  storage.RaftStorageDirectory (RaftStorageDirectory.java:analyzeStorage(246)) - The storage directory /workdir/ratis-logservice/target/test/data/c0f9d7e2/MiniRaftClusterWithNetty89c8be7c/s0/ec5d27be-e8e1-4dde-a375-365af8ed02af does not exist. Creating ...
2019-09-26 10:16:48,469 TRACE util.FileUtils (LogUtils.java:runAndLog(61)) - Successfully ran Files.createDirectories /workdir/ratis-logservice/target/test/data/c0f9d7e2/MiniRaftClusterWithNetty89c8be7c/s0/ec5d27be-e8e1-4dde-a375-365af8ed02af
2019-09-26 10:16:48,470 INFO  netty.NettyConfigKeys$Server (ConfUtils.java:logGet(43)) - raft.netty.server.port = 35688 (custom)
2019-09-26 10:16:48,471 INFO  server.RaftServerConfigKeys (ConfUtils.java:logGet(43)) - raft.server.storage.dir = [/workdir/ratis-logservice/target/test/data/c0f9d7e2/MiniRaftClusterWithNetty89c8be7c/s1] (custom)
2019-09-26 10:16:48,471 INFO  logging.LoggingHandler (AbstractInternalLogger.java:log(150)) - [id: 0xd4ba99ec] REGISTERED
2019-09-26 10:16:48,472 INFO  logging.LoggingHandler (AbstractInternalLogger.java:log(150)) - [id: 0xd4ba99ec] BIND: 0.0.0.0/0.0.0.0:35688
2019-09-26 10:16:48,472 INFO  impl.RaftServerProxy (RaftServerProxy.java:addNew(89)) - s1: addNew group-365AF8ED02AF:[s0:0.0.0.0:42837, s1:0.0.0.0:35688, s2:0.0.0.0:44227] returns group-365AF8ED02AF:java.util.concurrent.CompletableFuture@93b585e[Not completed]
2019-09-26 10:16:48,472 INFO  logging.LoggingHandler (AbstractInternalLogger.java:log(150)) - [id: 0xd4ba99ec, L:/0.0.0.0:35688] ACTIVE
2019-09-26 10:16:48,473 INFO  impl.RaftServerImpl (RaftServerImpl.java:<init>(95)) - s1: new RaftServerImpl for group-365AF8ED02AF:[s0:0.0.0.0:42837, s1:0.0.0.0:35688, s2:0.0.0.0:44227] with LogStateMachine:uninitialized
2019-09-26 10:16:48,473 INFO  ratis.MiniRaftCluster (MiniRaftCluster.java:newRaftServer(330)) - newRaftServer: s2, group-365AF8ED02AF:[s0:0.0.0.0:42837, s1:0.0.0.0:35688, s2:0.0.0.0:44227], format? true
2019-09-26 10:16:48,473 INFO  server.RaftServerConfigKeys (ConfUtils.java:logGet(43)) - raft.server.rpc.timeout.min = 150ms (default)
2019-09-26 10:16:48,473 TRACE util.FileUtils (FileUtils.java:deleteFully(88)) - deleteFully target/test/data/c0f9d7e2/MiniRaftClusterWithNetty89c8be7c/s2
2019-09-26 10:16:48,474 INFO  server.RaftServerConfigKeys (ConfUtils.java:logGet(43)) - raft.server.rpc.timeout.max = 300ms (default)
2019-09-26 10:16:48,474 INFO  server.RaftServerConfigKeys (ConfUtils.java:logGet(43)) - raft.server.rpcslowness.timeout = 60s (default)
2019-09-26 10:16:48,474 TRACE util.FileUtils (FileUtils.java:deleteFully(104)) - deleteFully: target/test/data/c0f9d7e2/MiniRaftClusterWithNetty89c8be7c/s2 does not exist.
2019-09-26 10:16:48,474 INFO  server.RaftServerConfigKeys (ConfUtils.java:logGet(43)) - raft.server.sleep.deviation.threshold = 300 (default)
2019-09-26 10:16:48,474 INFO  ratis.MiniRaftCluster (MiniRaftCluster.java:newRaftServer(335)) - Formatted directory target/test/data/c0f9d7e2/MiniRaftClusterWithNetty89c8be7c/s2
2019-09-26 10:16:48,474 INFO  server.RaftServerConfigKeys (ConfUtils.java:logGet(43)) - raft.server.log.appender.install.snapshot.enabled = true (default)
2019-09-26 10:16:48,475 INFO  impl.RaftServerImpl (ServerState.java:<init>(103)) - s1@group-365AF8ED02AF: ConfigurationManager, init=-1: [s0:0.0.0.0:42837, s1:0.0.0.0:35688, s2:0.0.0.0:44227], old=null, confs=<EMPTY_MAP>
2019-09-26 10:16:48,475 INFO  server.RaftServerConfigKeys (ConfUtils.java:logGet(43)) - raft.server.storage.dir = [/workdir/ratis-logservice/target/test/data/c0f9d7e2/MiniRaftClusterWithNetty89c8be7c/s1] (custom)
2019-09-26 10:16:48,475 INFO  impl.RaftServerProxy (ConfUtils.java:logGet(43)) - raft.rpc.type = NETTY (custom)
2019-09-26 10:16:48,475 INFO  server.RaftServerConfigKeys (ConfUtils.java:logGet(43)) - raft.server.log.corruption.policy = EXCEPTION (default)
2019-09-26 10:16:48,475 INFO  storage.RaftStorageDirectory (RaftStorageDirectory.java:analyzeStorage(246)) - The storage directory /workdir/ratis-logservice/target/test/data/c0f9d7e2/MiniRaftClusterWithNetty89c8be7c/s1/ec5d27be-e8e1-4dde-a375-365af8ed02af does not exist. Creating ...
2019-09-26 10:16:48,476 TRACE util.FileUtils (LogUtils.java:runAndLog(61)) - Successfully ran Files.createDirectories /workdir/ratis-logservice/target/test/data/c0f9d7e2/MiniRaftClusterWithNetty89c8be7c/s1/ec5d27be-e8e1-4dde-a375-365af8ed02af
2019-09-26 10:16:48,477 INFO  netty.NettyConfigKeys$Server (ConfUtils.java:logGet(43)) - raft.netty.server.port = 44227 (custom)
2019-09-26 10:16:48,478 INFO  server.RaftServerConfigKeys (ConfUtils.java:logGet(43)) - raft.server.storage.dir = [/workdir/ratis-logservice/target/test/data/c0f9d7e2/MiniRaftClusterWithNetty89c8be7c/s2] (custom)
2019-09-26 10:16:48,478 INFO  logging.LoggingHandler (AbstractInternalLogger.java:log(150)) - [id: 0x69a57ba5] REGISTERED
2019-09-26 10:16:48,479 INFO  logging.LoggingHandler (AbstractInternalLogger.java:log(150)) - [id: 0x69a57ba5] BIND: 0.0.0.0/0.0.0.0:44227
2019-09-26 10:16:48,479 INFO  impl.RaftServerProxy (RaftServerProxy.java:addNew(89)) - s2: addNew group-365AF8ED02AF:[s0:0.0.0.0:42837, s1:0.0.0.0:35688, s2:0.0.0.0:44227] returns group-365AF8ED02AF:java.util.concurrent.CompletableFuture@67d5219c[Not completed]
2019-09-26 10:16:48,479 INFO  logging.LoggingHandler (AbstractInternalLogger.java:log(150)) - [id: 0x69a57ba5, L:/0.0.0.0:44227] ACTIVE
2019-09-26 10:16:48,479 INFO  impl.RaftServerImpl (RaftServerImpl.java:<init>(95)) - s2: new RaftServerImpl for group-365AF8ED02AF:[s0:0.0.0.0:42837, s1:0.0.0.0:35688, s2:0.0.0.0:44227] with LogStateMachine:uninitialized
2019-09-26 10:16:48,480 INFO  server.RaftServerConfigKeys (ConfUtils.java:logGet(43)) - raft.server.rpc.timeout.min = 150ms (default)
2019-09-26 10:16:48,480 INFO  server.RaftServerConfigKeys (ConfUtils.java:logGet(43)) - raft.server.rpc.timeout.max = 300ms (default)
2019-09-26 10:16:48,480 INFO  server.RaftServerConfigKeys (ConfUtils.java:logGet(43)) - raft.server.rpcslowness.timeout = 60s (default)
2019-09-26 10:16:48,480 INFO  server.RaftServerConfigKeys (ConfUtils.java:logGet(43)) - raft.server.sleep.deviation.threshold = 300 (default)
2019-09-26 10:16:48,480 INFO  server.RaftServerConfigKeys (ConfUtils.java:logGet(43)) - raft.server.log.appender.install.snapshot.enabled = true (default)
2019-09-26 10:16:48,480 INFO  impl.RaftServerImpl (ServerState.java:<init>(103)) - s2@group-365AF8ED02AF: ConfigurationManager, init=-1: [s0:0.0.0.0:42837, s1:0.0.0.0:35688, s2:0.0.0.0:44227], old=null, confs=<EMPTY_MAP>
2019-09-26 10:16:48,480 INFO  server.RaftServerConfigKeys (ConfUtils.java:logGet(43)) - raft.server.storage.dir = [/workdir/ratis-logservice/target/test/data/c0f9d7e2/MiniRaftClusterWithNetty89c8be7c/s2] (custom)
2019-09-26 10:16:48,481 INFO  server.RaftServerConfigKeys (ConfUtils.java:logGet(43)) - raft.server.log.corruption.policy = EXCEPTION (default)
2019-09-26 10:16:48,481 INFO  storage.RaftStorageDirectory (RaftStorageDirectory.java:analyzeStorage(246)) - The storage directory /workdir/ratis-logservice/target/test/data/c0f9d7e2/MiniRaftClusterWithNetty89c8be7c/s2/ec5d27be-e8e1-4dde-a375-365af8ed02af does not exist. Creating ...
2019-09-26 10:16:48,482 TRACE util.FileUtils (LogUtils.java:runAndLog(61)) - Successfully ran Files.createDirectories /workdir/ratis-logservice/target/test/data/c0f9d7e2/MiniRaftClusterWithNetty89c8be7c/s2/ec5d27be-e8e1-4dde-a375-365af8ed02af
2019-09-26 10:16:48,483 INFO  storage.RaftStorageDirectory (RaftStorageDirectory.java:tryLock(328)) - Lock on /workdir/ratis-logservice/target/test/data/c0f9d7e2/MiniRaftClusterWithNetty89c8be7c/s1/ec5d27be-e8e1-4dde-a375-365af8ed02af/in_use.lock acquired by nodename 10895@ratis-test-kn96w-682825239
2019-09-26 10:16:48,483 INFO  storage.RaftStorageDirectory (RaftStorageDirectory.java:tryLock(328)) - Lock on /workdir/ratis-logservice/target/test/data/c0f9d7e2/MiniRaftClusterWithNetty89c8be7c/s0/ec5d27be-e8e1-4dde-a375-365af8ed02af/in_use.lock acquired by nodename 10895@ratis-test-kn96w-682825239
2019-09-26 10:16:48,483 TRACE util.FileUtils (LogUtils.java:runAndLog(61)) - Successfully ran Files.createDirectories /workdir/ratis-logservice/target/test/data/c0f9d7e2/MiniRaftClusterWithNetty89c8be7c/s1/ec5d27be-e8e1-4dde-a375-365af8ed02af/current
2019-09-26 10:16:48,483 TRACE util.FileUtils (LogUtils.java:runAndLog(61)) - Successfully ran Files.createDirectories /workdir/ratis-logservice/target/test/data/c0f9d7e2/MiniRaftClusterWithNetty89c8be7c/s0/ec5d27be-e8e1-4dde-a375-365af8ed02af/current
2019-09-26 10:16:48,483 TRACE util.FileUtils (LogUtils.java:runAndLog(61)) - Successfully ran Files.createDirectories /workdir/ratis-logservice/target/test/data/c0f9d7e2/MiniRaftClusterWithNetty89c8be7c/s1/ec5d27be-e8e1-4dde-a375-365af8ed02af/sm
2019-09-26 10:16:48,483 TRACE util.FileUtils (LogUtils.java:runAndLog(61)) - Successfully ran Files.createDirectories /workdir/ratis-logservice/target/test/data/c0f9d7e2/MiniRaftClusterWithNetty89c8be7c/s0/ec5d27be-e8e1-4dde-a375-365af8ed02af/sm
2019-09-26 10:16:48,485 INFO  storage.RaftStorageDirectory (RaftStorageDirectory.java:tryLock(328)) - Lock on /workdir/ratis-logservice/target/test/data/c0f9d7e2/MiniRaftClusterWithNetty89c8be7c/s2/ec5d27be-e8e1-4dde-a375-365af8ed02af/in_use.lock acquired by nodename 10895@ratis-test-kn96w-682825239
2019-09-26 10:16:48,485 TRACE util.FileUtils (LogUtils.java:runAndLog(61)) - Successfully ran Files.createDirectories /workdir/ratis-logservice/target/test/data/c0f9d7e2/MiniRaftClusterWithNetty89c8be7c/s2/ec5d27be-e8e1-4dde-a375-365af8ed02af/current
2019-09-26 10:16:48,485 TRACE util.FileUtils (LogUtils.java:runAndLog(61)) - Successfully ran Files.createDirectories /workdir/ratis-logservice/target/test/data/c0f9d7e2/MiniRaftClusterWithNetty89c8be7c/s2/ec5d27be-e8e1-4dde-a375-365af8ed02af/sm
2019-09-26 10:16:48,487 INFO  storage.RaftStorage (RaftStorage.java:format(84)) - Storage directory /workdir/ratis-logservice/target/test/data/c0f9d7e2/MiniRaftClusterWithNetty89c8be7c/s0/ec5d27be-e8e1-4dde-a375-365af8ed02af has been successfully formatted.
2019-09-26 10:16:48,487 INFO  storage.RaftStorage (RaftStorage.java:format(84)) - Storage directory /workdir/ratis-logservice/target/test/data/c0f9d7e2/MiniRaftClusterWithNetty89c8be7c/s1/ec5d27be-e8e1-4dde-a375-365af8ed02af has been successfully formatted.
2019-09-26 10:16:48,489 WARN  server.LogStateMachine (LogStateMachine.java:load(226)) - The snapshot info is null.
2019-09-26 10:16:48,489 INFO  server.RaftServerConfigKeys (ConfUtils.java:logGet(43)) - raft.server.notification.no-leader.timeout = 60s (default)
2019-09-26 10:16:48,489 INFO  server.RaftServerConfigKeys (ConfUtils.java:logGet(43)) - raft.server.log.use.memory = false (default)
2019-09-26 10:16:48,489 WARN  server.LogStateMachine (LogStateMachine.java:load(226)) - The snapshot info is null.
2019-09-26 10:16:48,489 INFO  server.RaftServerConfigKeys (ConfUtils.java:logGet(43)) - raft.server.log.purge.gap = 1024 (default)
2019-09-26 10:16:48,490 INFO  server.RaftServerConfigKeys (ConfUtils.java:logGet(43)) - raft.server.notification.no-leader.timeout = 60s (default)
2019-09-26 10:16:48,490 INFO  server.RaftServerConfigKeys (ConfUtils.java:logGet(43)) - raft.server.log.appender.buffer.byte-limit = 4MB (=4194304) (default)
2019-09-26 10:16:48,490 INFO  server.RaftServerConfigKeys (ConfUtils.java:logGet(43)) - raft.server.log.use.memory = false (default)
2019-09-26 10:16:48,490 INFO  server.RaftServerConfigKeys (ConfUtils.java:logGet(43)) - raft.server.log.segment.size.max = 8MB (=8388608) (default)
2019-09-26 10:16:48,490 INFO  server.RaftServerConfigKeys (ConfUtils.java:logGet(43)) - raft.server.log.purge.gap = 1024 (default)
2019-09-26 10:16:48,490 INFO  server.RaftServerConfigKeys (ConfUtils.java:logGet(43)) - raft.server.log.segment.cache.num.max = 6 (default)
2019-09-26 10:16:48,490 INFO  server.RaftServerConfigKeys (ConfUtils.java:logGet(43)) - raft.server.log.appender.buffer.byte-limit = 4MB (=4194304) (default)
2019-09-26 10:16:48,490 INFO  segmented.SegmentedRaftLogWorker (SegmentedRaftLogWorker.java:<init>(172)) - new s0@group-365AF8ED02AF-SegmentedRaftLogWorker for RaftStorage:Storage Directory /workdir/ratis-logservice/target/test/data/c0f9d7e2/MiniRaftClusterWithNetty89c8be7c/s0/ec5d27be-e8e1-4dde-a375-365af8ed02af
2019-09-26 10:16:48,490 INFO  server.RaftServerConfigKeys (ConfUtils.java:logGet(43)) - raft.server.log.segment.size.max = 8MB (=8388608) (default)
2019-09-26 10:16:48,490 INFO  server.RaftServerConfigKeys (ConfUtils.java:logGet(43)) - raft.server.log.queue.byte-limit = 64MB (=67108864) (default)
2019-09-26 10:16:48,491 INFO  server.RaftServerConfigKeys (ConfUtils.java:logGet(43)) - raft.server.log.segment.cache.num.max = 6 (default)
2019-09-26 10:16:48,491 INFO  server.RaftServerConfigKeys (ConfUtils.java:logGet(43)) - raft.server.log.queue.element-limit = 4096 (default)
2019-09-26 10:16:48,491 INFO  segmented.SegmentedRaftLogWorker (SegmentedRaftLogWorker.java:<init>(172)) - new s1@group-365AF8ED02AF-SegmentedRaftLogWorker for RaftStorage:Storage Directory /workdir/ratis-logservice/target/test/data/c0f9d7e2/MiniRaftClusterWithNetty89c8be7c/s1/ec5d27be-e8e1-4dde-a375-365af8ed02af
2019-09-26 10:16:48,491 INFO  server.RaftServerConfigKeys (ConfUtils.java:logGet(43)) - raft.server.log.segment.size.max = 8MB (=8388608) (default)
2019-09-26 10:16:48,491 INFO  server.RaftServerConfigKeys (ConfUtils.java:logGet(43)) - raft.server.log.queue.byte-limit = 64MB (=67108864) (default)
2019-09-26 10:16:48,491 INFO  server.RaftServerConfigKeys (ConfUtils.java:logGet(43)) - raft.server.log.preallocated.size = 4MB (=4194304) (default)
2019-09-26 10:16:48,491 INFO  server.RaftServerConfigKeys (ConfUtils.java:logGet(43)) - raft.server.log.queue.element-limit = 4096 (default)
2019-09-26 10:16:48,491 INFO  server.RaftServerConfigKeys (ConfUtils.java:logGet(43)) - raft.server.log.write.buffer.size = 64KB (=65536) (default)
2019-09-26 10:16:48,491 INFO  server.RaftServerConfigKeys (ConfUtils.java:logGet(43)) - raft.server.log.segment.size.max = 8MB (=8388608) (default)
2019-09-26 10:16:48,491 INFO  server.RaftServerConfigKeys (ConfUtils.java:logGet(43)) - raft.server.log.force.sync.num = 128 (default)
2019-09-26 10:16:48,492 INFO  server.RaftServerConfigKeys (ConfUtils.java:logGet(43)) - raft.server.log.preallocated.size = 4MB (=4194304) (default)
2019-09-26 10:16:48,492 INFO  server.RaftServerConfigKeys (ConfUtils.java:logGet(43)) - raft.server.log.statemachine.data.sync = true (default)
2019-09-26 10:16:48,492 INFO  server.RaftServerConfigKeys (ConfUtils.java:logGet(43)) - raft.server.log.write.buffer.size = 64KB (=65536) (default)
2019-09-26 10:16:48,492 INFO  server.RaftServerConfigKeys (ConfUtils.java:logGet(43)) - raft.server.log.statemachine.data.sync.timeout = 10s (default)
2019-09-26 10:16:48,492 INFO  server.RaftServerConfigKeys (ConfUtils.java:logGet(43)) - raft.server.log.force.sync.num = 128 (default)
2019-09-26 10:16:48,492 INFO  server.RaftServerConfigKeys (ConfUtils.java:logGet(43)) - raft.server.log.statemachine.data.sync.timeout.retry = -1 (default)
2019-09-26 10:16:48,492 INFO  server.RaftServerConfigKeys (ConfUtils.java:logGet(43)) - raft.server.log.statemachine.data.sync = true (default)
2019-09-26 10:16:48,492 INFO  server.RaftServerConfigKeys (ConfUtils.java:logGet(43)) - raft.server.log.statemachine.data.caching.enabled = false (default)
2019-09-26 10:16:48,492 INFO  server.RaftServerConfigKeys (ConfUtils.java:logGet(43)) - raft.server.log.statemachine.data.sync.timeout = 10s (default)
2019-09-26 10:16:48,493 INFO  server.RaftServerConfigKeys (ConfUtils.java:logGet(43)) - raft.server.log.statemachine.data.sync.timeout.retry = -1 (default)
2019-09-26 10:16:48,493 INFO  segmented.SegmentedRaftLogWorker (SegmentedRaftLogWorker.java:lambda$new$0(132)) - s0@group-365AF8ED02AF-SegmentedRaftLogWorker: flushIndex: setUnconditionally 0 -> -1
2019-09-26 10:16:48,493 INFO  server.RaftServerConfigKeys (ConfUtils.java:logGet(43)) - raft.server.log.statemachine.data.caching.enabled = false (default)
2019-09-26 10:16:48,493 INFO  server.RaftServerConfigKeys (ConfUtils.java:logGet(43)) - raft.server.snapshot.auto.trigger.enabled = false (default)
2019-09-26 10:16:48,493 INFO  server.RaftServerConfigKeys (ConfUtils.java:logGet(43)) - raft.server.snapshot.retention.file.num = -1 (default)
2019-09-26 10:16:48,493 INFO  segmented.SegmentedRaftLogWorker (SegmentedRaftLogWorker.java:lambda$new$0(132)) - s1@group-365AF8ED02AF-SegmentedRaftLogWorker: flushIndex: setUnconditionally 0 -> -1
2019-09-26 10:16:48,493 INFO  server.RaftServerConfigKeys (ConfUtils.java:logGet(43)) - raft.server.retrycache.expirytime = 60s (default)
2019-09-26 10:16:48,493 INFO  server.RaftServerConfigKeys (ConfUtils.java:logGet(43)) - raft.server.snapshot.auto.trigger.enabled = false (default)
2019-09-26 10:16:48,493 INFO  server.RaftServerConfigKeys (ConfUtils.java:logGet(43)) - raft.server.snapshot.retention.file.num = -1 (default)
2019-09-26 10:16:48,494 INFO  server.RaftServerConfigKeys (ConfUtils.java:logGet(43)) - raft.server.retrycache.expirytime = 60s (default)
2019-09-26 10:16:48,496 INFO  impl.RaftServerImpl (RaftServerImpl.java:start(181)) - s0@group-365AF8ED02AF: start as a follower, conf=-1: [s0:0.0.0.0:42837, s1:0.0.0.0:35688, s2:0.0.0.0:44227], old=null
2019-09-26 10:16:48,497 INFO  impl.RaftServerImpl (RaftServerImpl.java:setRole(170)) - s0@group-365AF8ED02AF: changes role from      null to FOLLOWER at term 0 for startAsFollower
2019-09-26 10:16:48,497 INFO  impl.RoleInfo (RoleInfo.java:updateAndGet(143)) - s0: start FollowerState
2019-09-26 10:16:48,498 INFO  util.JmxRegister (JmxRegister.java:tryRegister(44)) - Successfully registered JMX Bean with object name Ratis:service=RaftServer,group=group-365AF8ED02AF,id=s0
2019-09-26 10:16:48,500 INFO  storage.RaftStorage (RaftStorage.java:format(84)) - Storage directory /workdir/ratis-logservice/target/test/data/c0f9d7e2/MiniRaftClusterWithNetty89c8be7c/s2/ec5d27be-e8e1-4dde-a375-365af8ed02af has been successfully formatted.
2019-09-26 10:16:48,501 WARN  server.LogStateMachine (LogStateMachine.java:load(226)) - The snapshot info is null.
2019-09-26 10:16:48,502 INFO  server.RaftServerConfigKeys (ConfUtils.java:logGet(43)) - raft.server.notification.no-leader.timeout = 60s (default)
2019-09-26 10:16:48,502 INFO  server.RaftServerConfigKeys (ConfUtils.java:logGet(43)) - raft.server.log.use.memory = false (default)
2019-09-26 10:16:48,502 INFO  impl.RaftServerProxy (RaftServerProxy.java:lambda$start$3(299)) - s0: start RPC server
2019-09-26 10:16:48,502 INFO  server.RaftServerConfigKeys (ConfUtils.java:logGet(43)) - raft.server.log.purge.gap = 1024 (default)
2019-09-26 10:16:48,503 INFO  server.RaftServerConfigKeys (ConfUtils.java:logGet(43)) - raft.server.log.appender.buffer.byte-limit = 4MB (=4194304) (default)
2019-09-26 10:16:48,503 INFO  impl.RaftServerImpl (RaftServerImpl.java:start(181)) - s1@group-365AF8ED02AF: start as a follower, conf=-1: [s0:0.0.0.0:42837, s1:0.0.0.0:35688, s2:0.0.0.0:44227], old=null
2019-09-26 10:16:48,503 INFO  server.RaftServerConfigKeys (ConfUtils.java:logGet(43)) - raft.server.log.segment.size.max = 8MB (=8388608) (default)
2019-09-26 10:16:48,503 INFO  impl.RaftServerImpl (RaftServerImpl.java:setRole(170)) - s1@group-365AF8ED02AF: changes role from      null to FOLLOWER at term 0 for startAsFollower
2019-09-26 10:16:48,503 INFO  server.RaftServerConfigKeys (ConfUtils.java:logGet(43)) - raft.server.log.segment.cache.num.max = 6 (default)
2019-09-26 10:16:48,504 INFO  impl.RoleInfo (RoleInfo.java:updateAndGet(143)) - s1: start FollowerState
2019-09-26 10:16:48,504 INFO  segmented.SegmentedRaftLogWorker (SegmentedRaftLogWorker.java:<init>(172)) - new s2@group-365AF8ED02AF-SegmentedRaftLogWorker for RaftStorage:Storage Directory /workdir/ratis-logservice/target/test/data/c0f9d7e2/MiniRaftClusterWithNetty89c8be7c/s2/ec5d27be-e8e1-4dde-a375-365af8ed02af
2019-09-26 10:16:48,504 INFO  server.RaftServerConfigKeys (ConfUtils.java:logGet(43)) - raft.server.log.queue.byte-limit = 64MB (=67108864) (default)
2019-09-26 10:16:48,504 INFO  server.RaftServerConfigKeys (ConfUtils.java:logGet(43)) - raft.server.log.queue.element-limit = 4096 (default)
2019-09-26 10:16:48,504 INFO  util.JmxRegister (JmxRegister.java:tryRegister(44)) - Successfully registered JMX Bean with object name Ratis:service=RaftServer,group=group-365AF8ED02AF,id=s1
2019-09-26 10:16:48,505 INFO  server.RaftServerConfigKeys (ConfUtils.java:logGet(43)) - raft.server.log.segment.size.max = 8MB (=8388608) (default)
2019-09-26 10:16:48,505 INFO  server.RaftServerConfigKeys (ConfUtils.java:logGet(43)) - raft.server.log.preallocated.size = 4MB (=4194304) (default)
2019-09-26 10:16:48,505 INFO  server.RaftServerConfigKeys (ConfUtils.java:logGet(43)) - raft.server.log.write.buffer.size = 64KB (=65536) (default)
2019-09-26 10:16:48,505 INFO  server.RaftServerConfigKeys (ConfUtils.java:logGet(43)) - raft.server.log.force.sync.num = 128 (default)
2019-09-26 10:16:48,505 INFO  server.RaftServerConfigKeys (ConfUtils.java:logGet(43)) - raft.server.log.statemachine.data.sync = true (default)
2019-09-26 10:16:48,505 INFO  server.RaftServerConfigKeys (ConfUtils.java:logGet(43)) - raft.server.log.statemachine.data.sync.timeout = 10s (default)
2019-09-26 10:16:48,506 INFO  server.RaftServerConfigKeys (ConfUtils.java:logGet(43)) - raft.server.log.statemachine.data.sync.timeout.retry = -1 (default)
2019-09-26 10:16:48,506 INFO  server.RaftServerConfigKeys (ConfUtils.java:logGet(43)) - raft.server.log.statemachine.data.caching.enabled = false (default)
2019-09-26 10:16:48,506 INFO  segmented.SegmentedRaftLogWorker (SegmentedRaftLogWorker.java:lambda$new$0(132)) - s2@group-365AF8ED02AF-SegmentedRaftLogWorker: flushIndex: setUnconditionally 0 -> -1
2019-09-26 10:16:48,506 INFO  server.RaftServerConfigKeys (ConfUtils.java:logGet(43)) - raft.server.snapshot.auto.trigger.enabled = false (default)
2019-09-26 10:16:48,506 INFO  server.RaftServerConfigKeys (ConfUtils.java:logGet(43)) - raft.server.snapshot.retention.file.num = -1 (default)
2019-09-26 10:16:48,507 INFO  server.RaftServerConfigKeys (ConfUtils.java:logGet(43)) - raft.server.retrycache.expirytime = 60s (default)
2019-09-26 10:16:48,509 INFO  impl.RaftServerProxy (RaftServerProxy.java:lambda$start$3(299)) - s1: start RPC server
2019-09-26 10:16:48,510 INFO  impl.RaftServerImpl (RaftServerImpl.java:start(181)) - s2@group-365AF8ED02AF: start as a follower, conf=-1: [s0:0.0.0.0:42837, s1:0.0.0.0:35688, s2:0.0.0.0:44227], old=null
2019-09-26 10:16:48,510 INFO  impl.RaftServerImpl (RaftServerImpl.java:setRole(170)) - s2@group-365AF8ED02AF: changes role from      null to FOLLOWER at term 0 for startAsFollower
2019-09-26 10:16:48,510 INFO  impl.RoleInfo (RoleInfo.java:updateAndGet(143)) - s2: start FollowerState
2019-09-26 10:16:48,511 INFO  util.JmxRegister (JmxRegister.java:tryRegister(44)) - Successfully registered JMX Bean with object name Ratis:service=RaftServer,group=group-365AF8ED02AF,id=s2
2019-09-26 10:16:48,516 INFO  impl.RaftServerProxy (RaftServerProxy.java:lambda$start$3(299)) - s2: start RPC server
2019-09-26 10:16:48,516 INFO  server.RaftServerConfigKeys (ConfUtils.java:logGet(43)) - raft.server.rpc.timeout.max = 300ms (default)
2019-09-26 10:16:48,516 INFO  ratis.RaftTestUtil (RaftTestUtil.java:waitForLeader(86)) - printing ALL groups
  s0:  RUNNING  FOLLOWER s0@group-365AF8ED02AF:t0, leader=null, voted=null, raftlog=s0@group-365AF8ED02AF-SegmentedRaftLog:OPENED:c-1,f-1,i0, conf=-1: [s0:0.0.0.0:42837, s1:0.0.0.0:35688, s2:0.0.0.0:44227], old=null RUNNING
  s1:  RUNNING  FOLLOWER s1@group-365AF8ED02AF:t0, leader=null, voted=null, raftlog=s1@group-365AF8ED02AF-SegmentedRaftLog:OPENED:c-1,f-1,i0, conf=-1: [s0:0.0.0.0:42837, s1:0.0.0.0:35688, s2:0.0.0.0:44227], old=null RUNNING
  s2:  RUNNING  FOLLOWER s2@group-365AF8ED02AF:t0, leader=null, voted=null, raftlog=s2@group-365AF8ED02AF-SegmentedRaftLog:OPENED:c-1,f-1,i0, conf=-1: [s0:0.0.0.0:42837, s1:0.0.0.0:35688, s2:0.0.0.0:44227], old=null RUNNING
2019-09-26 10:16:48,517 WARN  ratis.RaftTestUtil (JavaUtils.java:attempt(158)) - FAILED "waitForLeader-null-(expectLeader? true)", attempt #1/100: java.lang.IllegalStateException: No leader yet : printing ALL groups
  s0:  RUNNING  FOLLOWER s0@group-365AF8ED02AF:t0, leader=null, voted=null, raftlog=s0@group-365AF8ED02AF-SegmentedRaftLog:OPENED:c-1,f-1,i0, conf=-1: [s0:0.0.0.0:42837, s1:0.0.0.0:35688, s2:0.0.0.0:44227], old=null RUNNING
  s1:  RUNNING  FOLLOWER s1@group-365AF8ED02AF:t0, leader=null, voted=null, raftlog=s1@group-365AF8ED02AF-SegmentedRaftLog:OPENED:c-1,f-1,i0, conf=-1: [s0:0.0.0.0:42837, s1:0.0.0.0:35688, s2:0.0.0.0:44227], old=null RUNNING
  s2:  RUNNING  FOLLOWER s2@group-365AF8ED02AF:t0, leader=null, voted=null, raftlog=s2@group-365AF8ED02AF-SegmentedRaftLog:OPENED:c-1,f-1,i0, conf=-1: [s0:0.0.0.0:42837, s1:0.0.0.0:35688, s2:0.0.0.0:44227], old=null RUNNING, sleep 450ms and then retry.
java.lang.IllegalStateException: No leader yet : printing ALL groups
  s0:  RUNNING  FOLLOWER s0@group-365AF8ED02AF:t0, leader=null, voted=null, raftlog=s0@group-365AF8ED02AF-SegmentedRaftLog:OPENED:c-1,f-1,i0, conf=-1: [s0:0.0.0.0:42837, s1:0.0.0.0:35688, s2:0.0.0.0:44227], old=null RUNNING
  s1:  RUNNING  FOLLOWER s1@group-365AF8ED02AF:t0, leader=null, voted=null, raftlog=s1@group-365AF8ED02AF-SegmentedRaftLog:OPENED:c-1,f-1,i0, conf=-1: [s0:0.0.0.0:42837, s1:0.0.0.0:35688, s2:0.0.0.0:44227], old=null RUNNING
  s2:  RUNNING  FOLLOWER s2@group-365AF8ED02AF:t0, leader=null, voted=null, raftlog=s2@group-365AF8ED02AF-SegmentedRaftLog:OPENED:c-1,f-1,i0, conf=-1: [s0:0.0.0.0:42837, s1:0.0.0.0:35688, s2:0.0.0.0:44227], old=null RUNNING
	at org.apache.ratis.MiniRaftCluster.newIllegalStateExceptionForNoLeaders(MiniRaftCluster.java:506)
	at org.apache.ratis.RaftTestUtil.lambda$waitForLeader$1(RaftTestUtil.java:90)
	at org.apache.ratis.MiniRaftCluster.getLeader(MiniRaftCluster.java:539)
	at org.apache.ratis.MiniRaftCluster.getLeader(MiniRaftCluster.java:532)
	at org.apache.ratis.RaftTestUtil.lambda$waitForLeader$3(RaftTestUtil.java:98)
	at org.apache.ratis.util.JavaUtils.attempt(JavaUtils.java:152)
	at org.apache.ratis.RaftTestUtil.waitForLeader(RaftTestUtil.java:97)
	at org.apache.ratis.RaftTestUtil.waitForLeader(RaftTestUtil.java:77)
	at org.apache.ratis.RaftTestUtil.waitForLeader(RaftTestUtil.java:72)
	at org.apache.ratis.logservice.LogServiceReadWriteBase.setUpCluster(LogServiceReadWriteBase.java:116)
	at sun.reflect.NativeMethodAccessorImpl.invoke0(Native Method)
	at sun.reflect.NativeMethodAccessorImpl.invoke(NativeMethodAccessorImpl.java:62)
	at sun.reflect.DelegatingMethodAccessorImpl.invoke(DelegatingMethodAccessorImpl.java:43)
	at java.lang.reflect.Method.invoke(Method.java:498)
	at org.junit.runners.model.FrameworkMethod$1.runReflectiveCall(FrameworkMethod.java:50)
	at org.junit.internal.runners.model.ReflectiveCallable.run(ReflectiveCallable.java:12)
	at org.junit.runners.model.FrameworkMethod.invokeExplosively(FrameworkMethod.java:47)
	at org.junit.internal.runners.statements.RunBefores.evaluate(RunBefores.java:24)
	at org.junit.internal.runners.statements.RunAfters.evaluate(RunAfters.java:27)
	at org.junit.internal.runners.statements.FailOnTimeout$CallableStatement.call(FailOnTimeout.java:298)
	at org.junit.internal.runners.statements.FailOnTimeout$CallableStatement.call(FailOnTimeout.java:292)
	at java.util.concurrent.FutureTask.run(FutureTask.java:266)
	at java.lang.Thread.run(Thread.java:748)
2019-09-26 10:16:48,667 INFO  impl.FollowerState (FollowerState.java:run(108)) - s2@group-365AF8ED02AF-FollowerState: change to CANDIDATE, lastRpcTime:156ms, electionTimeout:156ms
2019-09-26 10:16:48,668 INFO  impl.RoleInfo (RoleInfo.java:shutdownFollowerState(121)) - s2: shutdown FollowerState
2019-09-26 10:16:48,668 INFO  impl.RaftServerImpl (RaftServerImpl.java:setRole(170)) - s2@group-365AF8ED02AF: changes role from  FOLLOWER to CANDIDATE at term 0 for changeToCandidate
2019-09-26 10:16:48,668 INFO  impl.RoleInfo (RoleInfo.java:updateAndGet(143)) - s2: start LeaderElection
2019-09-26 10:16:48,675 INFO  impl.FollowerState (FollowerState.java:run(108)) - s0@group-365AF8ED02AF-FollowerState: change to CANDIDATE, lastRpcTime:177ms, electionTimeout:177ms
2019-09-26 10:16:48,675 INFO  impl.RoleInfo (RoleInfo.java:shutdownFollowerState(121)) - s0: shutdown FollowerState
2019-09-26 10:16:48,675 INFO  impl.RaftServerImpl (RaftServerImpl.java:setRole(170)) - s0@group-365AF8ED02AF: changes role from  FOLLOWER to CANDIDATE at term 0 for changeToCandidate
2019-09-26 10:16:48,676 INFO  impl.RoleInfo (RoleInfo.java:updateAndGet(143)) - s0: start LeaderElection
2019-09-26 10:16:48,684 INFO  impl.LeaderElection (LeaderElection.java:askForVotes(178)) - s2@group-365AF8ED02AF-LeaderElection11: begin an election at term 1 for -1: [s0:0.0.0.0:42837, s1:0.0.0.0:35688, s2:0.0.0.0:44227], old=null
2019-09-26 10:16:48,684 INFO  impl.LeaderElection (LeaderElection.java:askForVotes(178)) - s0@group-365AF8ED02AF-LeaderElection12: begin an election at term 1 for -1: [s0:0.0.0.0:42837, s1:0.0.0.0:35688, s2:0.0.0.0:44227], old=null
2019-09-26 10:16:48,692 INFO  logging.LoggingHandler (AbstractInternalLogger.java:log(150)) - [id: 0xd4ba99ec, L:/0.0.0.0:35688] READ: [id: 0x925938f6, L:/192.168.30.59:35688 - R:/192.168.30.59:35316]
2019-09-26 10:16:48,692 INFO  logging.LoggingHandler (AbstractInternalLogger.java:log(150)) - [id: 0x6324ecdc, L:/0.0.0.0:42837] READ: [id: 0x002d04e4, L:/192.168.30.59:42837 - R:/192.168.30.59:33368]
2019-09-26 10:16:48,693 INFO  logging.LoggingHandler (AbstractInternalLogger.java:log(150)) - [id: 0xd4ba99ec, L:/0.0.0.0:35688] READ COMPLETE
2019-09-26 10:16:48,693 INFO  logging.LoggingHandler (AbstractInternalLogger.java:log(150)) - [id: 0x69a57ba5, L:/0.0.0.0:44227] READ: [id: 0x015898a3, L:/192.168.30.59:44227 - R:/192.168.30.59:50122]
2019-09-26 10:16:48,693 INFO  logging.LoggingHandler (AbstractInternalLogger.java:log(150)) - [id: 0x6324ecdc, L:/0.0.0.0:42837] READ COMPLETE
2019-09-26 10:16:48,695 INFO  logging.LoggingHandler (AbstractInternalLogger.java:log(150)) - [id: 0x69a57ba5, L:/0.0.0.0:44227] READ COMPLETE
2019-09-26 10:16:48,694 INFO  logging.LoggingHandler (AbstractInternalLogger.java:log(150)) - [id: 0xd4ba99ec, L:/0.0.0.0:35688] READ: [id: 0xe4258a4b, L:/192.168.30.59:35688 - R:/192.168.30.59:35320]
2019-09-26 10:16:48,696 INFO  logging.LoggingHandler (AbstractInternalLogger.java:log(150)) - [id: 0xd4ba99ec, L:/0.0.0.0:35688] READ COMPLETE
2019-09-26 10:16:48,698 INFO  impl.RaftServerImpl (RaftServerImpl.java:setRole(170)) - s1@group-365AF8ED02AF: changes role from  FOLLOWER to FOLLOWER at term 1 for recognizeCandidate:s0
2019-09-26 10:16:48,698 INFO  impl.RoleInfo (RoleInfo.java:shutdownFollowerState(121)) - s1: shutdown FollowerState
2019-09-26 10:16:48,700 INFO  impl.FollowerState (FollowerState.java:run(117)) - s1@group-365AF8ED02AF-FollowerState was interrupted: java.lang.InterruptedException: sleep interrupted
2019-09-26 10:16:48,700 INFO  impl.RoleInfo (RoleInfo.java:updateAndGet(143)) - s1: start FollowerState
2019-09-26 10:16:48,716 INFO  impl.LeaderElection (LeaderElection.java:logAndReturn(56)) - s0@group-365AF8ED02AF-LeaderElection12: Election PASSED; received 2 response(s) [s0<-s1#0:OK-t1, s0<-s2#0:FAIL-t1] and 0 exception(s); s0@group-365AF8ED02AF:t1, leader=null, voted=s0, raftlog=s0@group-365AF8ED02AF-SegmentedRaftLog:OPENED:c-1,f-1,i0, conf=-1: [s0:0.0.0.0:42837, s1:0.0.0.0:35688, s2:0.0.0.0:44227], old=null
2019-09-26 10:16:48,716 INFO  impl.LeaderElection (LeaderElection.java:logAndReturn(56)) - s2@group-365AF8ED02AF-LeaderElection11: Election REJECTED; received 2 response(s) [s2<-s0#0:FAIL-t1, s2<-s1#0:FAIL-t1] and 0 exception(s); s2@group-365AF8ED02AF:t1, leader=null, voted=s2, raftlog=s2@group-365AF8ED02AF-SegmentedRaftLog:OPENED:c-1,f-1,i0, conf=-1: [s0:0.0.0.0:42837, s1:0.0.0.0:35688, s2:0.0.0.0:44227], old=null
2019-09-26 10:16:48,716 INFO  impl.RoleInfo (RoleInfo.java:shutdownLeaderElection(134)) - s0: shutdown LeaderElection
2019-09-26 10:16:48,716 INFO  impl.RaftServerImpl (RaftServerImpl.java:setRole(170)) - s2@group-365AF8ED02AF: changes role from CANDIDATE to FOLLOWER at term 1 for DISCOVERED_A_NEW_TERM
2019-09-26 10:16:48,717 INFO  impl.RaftServerImpl (RaftServerImpl.java:setRole(170)) - s0@group-365AF8ED02AF: changes role from CANDIDATE to LEADER at term 1 for changeToLeader
2019-09-26 10:16:48,717 INFO  impl.RoleInfo (RoleInfo.java:shutdownLeaderElection(134)) - s2: shutdown LeaderElection
2019-09-26 10:16:48,718 INFO  impl.RaftServerImpl (ServerState.java:setLeader(254)) - s0@group-365AF8ED02AF: change Leader from null to s0 at term 1 for becomeLeader, leader elected after 228ms
2019-09-26 10:16:48,718 INFO  impl.RoleInfo (RoleInfo.java:updateAndGet(143)) - s2: start FollowerState
2019-09-26 10:16:48,718 INFO  server.RaftServerConfigKeys (ConfUtils.java:logGet(43)) - raft.server.staging.catchup.gap = 1000 (default)
2019-09-26 10:16:48,719 INFO  server.RaftServerConfigKeys (ConfUtils.java:logGet(43)) - raft.server.rpc.sleep.time = 25ms (default)
2019-09-26 10:16:48,719 INFO  server.RaftServerConfigKeys (ConfUtils.java:logGet(43)) - raft.server.write.element-limit = 4096 (default)
2019-09-26 10:16:48,719 INFO  server.RaftServerConfigKeys (ConfUtils.java:logGet(43)) - raft.server.watch.timeout = 10s (default)
2019-09-26 10:16:48,719 INFO  server.RaftServerConfigKeys (ConfUtils.java:logGet(43)) - raft.server.watch.timeout.denomination = 1s (default)
2019-09-26 10:16:48,719 INFO  server.RaftServerConfigKeys (ConfUtils.java:logGet(43)) - raft.server.watch.element-limit = 65536 (default)
2019-09-26 10:16:48,723 INFO  server.RaftServerConfigKeys (ConfUtils.java:logGet(43)) - raft.server.log.appender.snapshot.chunk.size.max = 16MB (=16777216) (default)
2019-09-26 10:16:48,723 INFO  server.RaftServerConfigKeys (ConfUtils.java:logGet(43)) - raft.server.log.appender.buffer.byte-limit = 4MB (=4194304) (default)
2019-09-26 10:16:48,723 INFO  server.RaftServerConfigKeys (ConfUtils.java:logGet(43)) - raft.server.log.appender.buffer.element-limit = 0 (default)
2019-09-26 10:16:48,724 INFO  server.RaftServerConfigKeys (ConfUtils.java:logGet(43)) - raft.server.log.appender.snapshot.chunk.size.max = 16MB (=16777216) (default)
2019-09-26 10:16:48,724 INFO  server.RaftServerConfigKeys (ConfUtils.java:logGet(43)) - raft.server.log.appender.buffer.byte-limit = 4MB (=4194304) (default)
2019-09-26 10:16:48,724 INFO  server.RaftServerConfigKeys (ConfUtils.java:logGet(43)) - raft.server.log.appender.buffer.element-limit = 0 (default)
2019-09-26 10:16:48,724 INFO  impl.RoleInfo (RoleInfo.java:updateAndGet(143)) - s0: start LeaderState
2019-09-26 10:16:48,725 INFO  segmented.SegmentedRaftLogWorker (SegmentedRaftLogWorker.java:startLogSegment(380)) - s0@group-365AF8ED02AF-SegmentedRaftLogWorker: Starting segment from index:0
2019-09-26 10:16:48,726 INFO  impl.RaftServerImpl (ServerState.java:setRaftConf(355)) - s0@group-365AF8ED02AF: set configuration 0: [s0:0.0.0.0:42837, s1:0.0.0.0:35688, s2:0.0.0.0:44227], old=null at 0
2019-09-26 10:16:48,727 INFO  impl.RaftServerImpl (ServerState.java:setLeader(254)) - s1@group-365AF8ED02AF: change Leader from null to s0 at term 1 for appendEntries, leader elected after 237ms
2019-09-26 10:16:48,727 INFO  impl.RaftServerImpl (ServerState.java:setLeader(254)) - s2@group-365AF8ED02AF: change Leader from null to s0 at term 1 for appendEntries, leader elected after 225ms
2019-09-26 10:16:48,731 INFO  impl.RaftServerImpl (ServerState.java:setRaftConf(355)) - s1@group-365AF8ED02AF: set configuration 0: [s0:0.0.0.0:42837, s1:0.0.0.0:35688, s2:0.0.0.0:44227], old=null at 0
2019-09-26 10:16:48,731 INFO  segmented.SegmentedRaftLogWorker (SegmentedRaftLogWorker.java:startLogSegment(380)) - s1@group-365AF8ED02AF-SegmentedRaftLogWorker: Starting segment from index:0
2019-09-26 10:16:48,731 INFO  impl.RaftServerImpl (ServerState.java:setRaftConf(355)) - s2@group-365AF8ED02AF: set configuration 0: [s0:0.0.0.0:42837, s1:0.0.0.0:35688, s2:0.0.0.0:44227], old=null at 0
2019-09-26 10:16:48,732 INFO  segmented.SegmentedRaftLogWorker (SegmentedRaftLogWorker.java:startLogSegment(380)) - s2@group-365AF8ED02AF-SegmentedRaftLogWorker: Starting segment from index:0
2019-09-26 10:16:48,905 INFO  segmented.SegmentedRaftLogWorker (SegmentedRaftLogWorker.java:execute(569)) - s1@group-365AF8ED02AF-SegmentedRaftLogWorker: created new log segment /workdir/ratis-logservice/target/test/data/c0f9d7e2/MiniRaftClusterWithNetty89c8be7c/s1/ec5d27be-e8e1-4dde-a375-365af8ed02af/current/log_inprogress_0
2019-09-26 10:16:48,905 INFO  segmented.SegmentedRaftLogWorker (SegmentedRaftLogWorker.java:execute(569)) - s0@group-365AF8ED02AF-SegmentedRaftLogWorker: created new log segment /workdir/ratis-logservice/target/test/data/c0f9d7e2/MiniRaftClusterWithNetty89c8be7c/s0/ec5d27be-e8e1-4dde-a375-365af8ed02af/current/log_inprogress_0
2019-09-26 10:16:48,905 INFO  segmented.SegmentedRaftLogWorker (SegmentedRaftLogWorker.java:execute(569)) - s2@group-365AF8ED02AF-SegmentedRaftLogWorker: created new log segment /workdir/ratis-logservice/target/test/data/c0f9d7e2/MiniRaftClusterWithNetty89c8be7c/s2/ec5d27be-e8e1-4dde-a375-365af8ed02af/current/log_inprogress_0
2019-09-26 10:16:48,968 INFO  ratis.RaftTestUtil (RaftTestUtil.java:waitForLeader(101)) - printing ALL groups
  s0:  RUNNING    LEADER s0@group-365AF8ED02AF:t1, leader=s0, voted=s0, raftlog=s0@group-365AF8ED02AF-SegmentedRaftLog:OPENED:c0,f0,i0, conf=0: [s0:0.0.0.0:42837, s1:0.0.0.0:35688, s2:0.0.0.0:44227], old=null RUNNING
  s1:  RUNNING  FOLLOWER s1@group-365AF8ED02AF:t1, leader=s0, voted=s0, raftlog=s1@group-365AF8ED02AF-SegmentedRaftLog:OPENED:c-1,f0,i0, conf=0: [s0:0.0.0.0:42837, s1:0.0.0.0:35688, s2:0.0.0.0:44227], old=null RUNNING
  s2:  RUNNING  FOLLOWER s2@group-365AF8ED02AF:t1, leader=s0, voted=s2, raftlog=s2@group-365AF8ED02AF-SegmentedRaftLog:OPENED:c-1,f0,i0, conf=0: [s0:0.0.0.0:42837, s1:0.0.0.0:35688, s2:0.0.0.0:44227], old=null RUNNING
2019-09-26 10:16:48,977 INFO  logging.LoggingHandler (AbstractInternalLogger.java:log(150)) - [id: 0x6324ecdc, L:/0.0.0.0:42837] READ: [id: 0xa074afe8, L:/192.168.30.59:42837 - R:/192.168.30.59:33378]
2019-09-26 10:16:48,977 INFO  logging.LoggingHandler (AbstractInternalLogger.java:log(150)) - [id: 0x6324ecdc, L:/0.0.0.0:42837] READ COMPLETE
2019-09-26 10:16:49,019 INFO  logservice.LogServiceReadWriteBase (LogServiceReadWriteBase.java:testLogServiceReadWrite(138)) - last id 0
2019-09-26 10:16:49,034 INFO  logservice.LogServiceReadWriteBase (LogServiceReadWriteBase.java:testLogServiceReadWrite(143)) - ids [0, 1, 2, 3, 4, 5, 6, 7, 8, 9]
2019-09-26 10:16:49,036 INFO  logservice.LogServiceReadWriteBase (LogServiceReadWriteBase.java:testLogServiceReadWrite(150)) - last id 1
2019-09-26 10:16:49,044 INFO  logservice.LogServiceReadWriteBase (LogServiceReadWriteBase.java:testLogServiceReadWrite(154)) - start id 0
2019-09-26 10:16:49,045 INFO  ratis.MiniRaftCluster (MiniRaftCluster.java:shutdown(700)) - ************************************************************** 
2019-09-26 10:16:49,045 INFO  ratis.MiniRaftCluster (MiniRaftCluster.java:shutdown(701)) - *** 
2019-09-26 10:16:49,046 INFO  ratis.MiniRaftCluster (MiniRaftCluster.java:shutdown(702)) - ***     Stopping MiniRaftClusterWithNetty
2019-09-26 10:16:49,046 INFO  ratis.MiniRaftCluster (MiniRaftCluster.java:shutdown(703)) - *** 
2019-09-26 10:16:49,046 INFO  ratis.MiniRaftCluster (MiniRaftCluster.java:shutdown(704)) - ************************************************************** 
2019-09-26 10:16:49,046 INFO  ratis.MiniRaftCluster (MiniRaftCluster.java:shutdown(705)) - printing ALL groups
  s0:  RUNNING    LEADER s0@group-365AF8ED02AF:t1, leader=s0, voted=s0, raftlog=s0@group-365AF8ED02AF-SegmentedRaftLog:OPENED:c2,f2,i2, conf=0: [s0:0.0.0.0:42837, s1:0.0.0.0:35688, s2:0.0.0.0:44227], old=null RUNNING
  s1:  RUNNING  FOLLOWER s1@group-365AF8ED02AF:t1, leader=s0, voted=s0, raftlog=s1@group-365AF8ED02AF-SegmentedRaftLog:OPENED:c1,f2,i2, conf=0: [s0:0.0.0.0:42837, s1:0.0.0.0:35688, s2:0.0.0.0:44227], old=null RUNNING
  s2:  RUNNING  FOLLOWER s2@group-365AF8ED02AF:t1, leader=s0, voted=s2, raftlog=s2@group-365AF8ED02AF-SegmentedRaftLog:OPENED:c1,f2,i2, conf=0: [s0:0.0.0.0:42837, s1:0.0.0.0:35688, s2:0.0.0.0:44227], old=null RUNNING
2019-09-26 10:16:49,047 INFO  impl.RaftServerProxy (RaftServerProxy.java:lambda$close$4(314)) - s1: close
2019-09-26 10:16:49,047 INFO  impl.RaftServerProxy (RaftServerProxy.java:lambda$close$4(314)) - s0: close
2019-09-26 10:16:49,048 INFO  impl.RaftServerImpl (RaftServerImpl.java:lambda$shutdown$3(247)) - s1@group-365AF8ED02AF: shutdown
2019-09-26 10:16:49,047 INFO  impl.RaftServerProxy (RaftServerProxy.java:lambda$close$4(314)) - s2: close
2019-09-26 10:16:49,049 INFO  util.JmxRegister (JmxRegister.java:unregister(73)) - Successfully un-registered JMX Bean with object name Ratis:service=RaftServer,group=group-365AF8ED02AF,id=s1
2019-09-26 10:16:49,049 INFO  impl.RoleInfo (RoleInfo.java:shutdownFollowerState(121)) - s1: shutdown FollowerState
2019-09-26 10:16:49,049 INFO  impl.RaftServerImpl (RaftServerImpl.java:lambda$shutdown$3(247)) - s0@group-365AF8ED02AF: shutdown
2019-09-26 10:16:49,050 INFO  impl.FollowerState (FollowerState.java:run(117)) - s1@group-365AF8ED02AF-FollowerState was interrupted: java.lang.InterruptedException: sleep interrupted
2019-09-26 10:16:49,050 INFO  util.JmxRegister (JmxRegister.java:unregister(73)) - Successfully un-registered JMX Bean with object name Ratis:service=RaftServer,group=group-365AF8ED02AF,id=s0
2019-09-26 10:16:49,050 INFO  impl.StateMachineUpdater (StateMachineUpdater.java:stopAndJoin(136)) - s1@group-365AF8ED02AF-StateMachineUpdater: set stopIndex = 1
2019-09-26 10:16:49,049 INFO  impl.RaftServerImpl (RaftServerImpl.java:lambda$shutdown$3(247)) - s2@group-365AF8ED02AF: shutdown
2019-09-26 10:16:49,051 INFO  impl.RaftServerImpl (ServerState.java:close(386)) - s1@group-365AF8ED02AF: closes. applyIndex: 1
2019-09-26 10:16:49,051 INFO  impl.RoleInfo (RoleInfo.java:shutdownLeaderState(104)) - s0: shutdown LeaderState
2019-09-26 10:16:49,051 INFO  segmented.SegmentedRaftLogWorker (SegmentedRaftLogWorker.java:run(313)) - s1@group-365AF8ED02AF-SegmentedRaftLogWorker was interrupted, exiting. There are 0 tasks remaining in the queue.
2019-09-26 10:16:49,053 INFO  impl.PendingRequests (PendingRequests.java:sendNotLeaderResponses(202)) - s0@group-365AF8ED02AF-PendingRequests: sendNotLeaderResponses
2019-09-26 10:16:49,051 INFO  util.JmxRegister (JmxRegister.java:unregister(73)) - Successfully un-registered JMX Bean with object name Ratis:service=RaftServer,group=group-365AF8ED02AF,id=s2
2019-09-26 10:16:49,055 INFO  segmented.SegmentedRaftLogWorker (SegmentedRaftLogWorker.java:close(228)) - s1@group-365AF8ED02AF-SegmentedRaftLogWorker close()
2019-09-26 10:16:49,053 INFO  impl.LogAppender (LogAppender.java:run(78)) - s0@group-365AF8ED02AF->s2-LogAppender-AppenderDaemon was interrupted: java.lang.InterruptedException
2019-09-26 10:16:49,053 INFO  impl.LogAppender (LogAppender.java:run(78)) - s0@group-365AF8ED02AF->s1-LogAppender-AppenderDaemon was interrupted: java.lang.InterruptedException
2019-09-26 10:16:49,056 INFO  impl.StateMachineUpdater (StateMachineUpdater.java:stopAndJoin(136)) - s0@group-365AF8ED02AF-StateMachineUpdater: set stopIndex = 2
2019-09-26 10:16:49,056 INFO  impl.RoleInfo (RoleInfo.java:shutdownFollowerState(121)) - s2: shutdown FollowerState
2019-09-26 10:16:49,059 INFO  impl.RaftServerImpl (ServerState.java:close(386)) - s0@group-365AF8ED02AF: closes. applyIndex: 2
2019-09-26 10:16:49,059 INFO  logging.LoggingHandler (AbstractInternalLogger.java:log(150)) - [id: 0xd4ba99ec, L:/0.0.0.0:35688] UNREGISTERED
2019-09-26 10:16:49,060 INFO  segmented.SegmentedRaftLogWorker (SegmentedRaftLogWorker.java:run(313)) - s0@group-365AF8ED02AF-SegmentedRaftLogWorker was interrupted, exiting. There are 0 tasks remaining in the queue.
2019-09-26 10:16:49,060 INFO  impl.FollowerState (FollowerState.java:run(117)) - s2@group-365AF8ED02AF-FollowerState was interrupted: java.lang.InterruptedException: sleep interrupted
2019-09-26 10:16:49,060 INFO  impl.StateMachineUpdater (StateMachineUpdater.java:stopAndJoin(136)) - s2@group-365AF8ED02AF-StateMachineUpdater: set stopIndex = 1
2019-09-26 10:16:49,063 INFO  impl.RaftServerImpl (ServerState.java:close(386)) - s2@group-365AF8ED02AF: closes. applyIndex: 1
2019-09-26 10:16:49,063 INFO  segmented.SegmentedRaftLogWorker (SegmentedRaftLogWorker.java:run(313)) - s2@group-365AF8ED02AF-SegmentedRaftLogWorker was interrupted, exiting. There are 0 tasks remaining in the queue.
2019-09-26 10:16:49,064 INFO  segmented.SegmentedRaftLogWorker (SegmentedRaftLogWorker.java:close(228)) - s0@group-365AF8ED02AF-SegmentedRaftLogWorker close()
2019-09-26 10:16:49,066 INFO  segmented.SegmentedRaftLogWorker (SegmentedRaftLogWorker.java:close(228)) - s2@group-365AF8ED02AF-SegmentedRaftLogWorker close()
2019-09-26 10:16:49,066 INFO  logging.LoggingHandler (AbstractInternalLogger.java:log(150)) - [id: 0x6324ecdc, L:/0.0.0.0:42837] UNREGISTERED
2019-09-26 10:16:49,068 INFO  logging.LoggingHandler (AbstractInternalLogger.java:log(150)) - [id: 0x69a57ba5, L:/0.0.0.0:44227] UNREGISTERED
2019-09-26 10:16:49,072 INFO  ratis.MiniRaftCluster (MiniRaftCluster.java:shutdown(722)) - MiniRaftClusterWithNetty shutdown completed
]]></system-out>
  </testcase>
</testsuite>