<?xml version="1.0" encoding="UTF-8"?>
<testsuite xmlns:xsi="http://www.w3.org/2001/XMLSchema-instance" xsi:noNamespaceSchemaLocation="https://maven.apache.org/surefire/maven-surefire-plugin/xsd/surefire-test-report.xsd" name="org.apache.ratis.netty.TestRaftReconfigurationWithNetty" time="102.864" tests="12" errors="1" skipped="0" failures="4">
  <properties>
    <property name="awt.toolkit" value="sun.awt.X11.XToolkit"/>
    <property name="file.encoding.pkg" value="sun.io"/>
    <property name="java.specification.version" value="1.8"/>
    <property name="sun.cpu.isalist" value=""/>
    <property name="sun.jnu.encoding" value="UTF-8"/>
    <property name="java.class.path" value="/workdir/ratis-test/target/test-classes:/workdir/ratis-test/target/classes:/workdir/ratis-common/target/classes:/home/user/.m2/repository/org/apache/ratis/ratis-thirdparty-misc/0.2.0/ratis-thirdparty-misc-0.2.0.jar:/workdir/ratis-proto/target/ratis-proto-0.5.0-SNAPSHOT.jar:/home/user/.m2/repository/org/slf4j/slf4j-log4j12/1.7.10/slf4j-log4j12-1.7.10.jar:/home/user/.m2/repository/log4j/log4j/1.2.17/log4j-1.2.17.jar:/workdir/ratis-common/target/test-classes:/workdir/ratis-client/target/classes:/workdir/ratis-server/target/classes:/workdir/ratis-metrics/target/classes:/home/user/.m2/repository/io/dropwizard/metrics/metrics-core/3.2.5/metrics-core-3.2.5.jar:/home/user/.m2/repository/com/github/joshelser/dropwizard-metrics-hadoop-metrics2-reporter/0.1.2/dropwizard-metrics-hadoop-metrics2-reporter-0.1.2.jar:/home/user/.m2/repository/org/apache/hadoop/hadoop-common/2.6.0/hadoop-common-2.6.0.jar:/home/user/.m2/repository/org/apache/hadoop/hadoop-annotations/2.6.0/hadoop-annotations-2.6.0.jar:/usr/lib/jvm/java-1.8-openjdk/jre/../lib/tools.jar:/home/user/.m2/repository/com/google/guava/guava/11.0.2/guava-11.0.2.jar:/home/user/.m2/repository/commons-cli/commons-cli/1.2/commons-cli-1.2.jar:/home/user/.m2/repository/org/apache/commons/commons-math3/3.1.1/commons-math3-3.1.1.jar:/home/user/.m2/repository/xmlenc/xmlenc/0.52/xmlenc-0.52.jar:/home/user/.m2/repository/commons-httpclient/commons-httpclient/3.1/commons-httpclient-3.1.jar:/home/user/.m2/repository/commons-codec/commons-codec/1.4/commons-codec-1.4.jar:/home/user/.m2/repository/commons-io/commons-io/2.4/commons-io-2.4.jar:/home/user/.m2/repository/commons-net/commons-net/3.1/commons-net-3.1.jar:/home/user/.m2/repository/commons-collections/commons-collections/3.2.1/commons-collections-3.2.1.jar:/home/user/.m2/repository/javax/servlet/servlet-api/2.5/servlet-api-2.5.jar:/home/user/.m2/repository/org/mortbay/jetty/jetty/6.1.26/jetty-6.1.26.jar:/home/user/.m2/repository/org/mortbay/jetty/jetty-util/6.1.26/jetty-util-6.1.26.jar:/home/user/.m2/repository/com/sun/jersey/jersey-core/1.9/jersey-core-1.9.jar:/home/user/.m2/repository/com/sun/jersey/jersey-json/1.9/jersey-json-1.9.jar:/home/user/.m2/repository/org/codehaus/jettison/jettison/1.1/jettison-1.1.jar:/home/user/.m2/repository/com/sun/xml/bind/jaxb-impl/2.2.3-1/jaxb-impl-2.2.3-1.jar:/home/user/.m2/repository/javax/xml/bind/jaxb-api/2.2.2/jaxb-api-2.2.2.jar:/home/user/.m2/repository/javax/xml/stream/stax-api/1.0-2/stax-api-1.0-2.jar:/home/user/.m2/repository/javax/activation/activation/1.1/activation-1.1.jar:/home/user/.m2/repository/org/codehaus/jackson/jackson-jaxrs/1.8.3/jackson-jaxrs-1.8.3.jar:/home/user/.m2/repository/org/codehaus/jackson/jackson-xc/1.8.3/jackson-xc-1.8.3.jar:/home/user/.m2/repository/com/sun/jersey/jersey-server/1.9/jersey-server-1.9.jar:/home/user/.m2/repository/asm/asm/3.1/asm-3.1.jar:/home/user/.m2/repository/tomcat/jasper-compiler/5.5.23/jasper-compiler-5.5.23.jar:/home/user/.m2/repository/tomcat/jasper-runtime/5.5.23/jasper-runtime-5.5.23.jar:/home/user/.m2/repository/javax/servlet/jsp/jsp-api/2.1/jsp-api-2.1.jar:/home/user/.m2/repository/commons-el/commons-el/1.0/commons-el-1.0.jar:/home/user/.m2/repository/commons-logging/commons-logging/1.1.3/commons-logging-1.1.3.jar:/home/user/.m2/repository/net/java/dev/jets3t/jets3t/0.9.0/jets3t-0.9.0.jar:/home/user/.m2/repository/org/apache/httpcomponents/httpclient/4.1.2/httpclient-4.1.2.jar:/home/user/.m2/repository/org/apache/httpcomponents/httpcore/4.1.2/httpcore-4.1.2.jar:/home/user/.m2/repository/com/jamesmurty/utils/java-xmlbuilder/0.4/java-xmlbuilder-0.4.jar:/home/user/.m2/repository/commons-lang/commons-lang/2.6/commons-lang-2.6.jar:/home/user/.m2/repository/commons-configuration/commons-configuration/1.6/commons-configuration-1.6.jar:/home/user/.m2/repository/commons-digester/commons-digester/1.8/commons-digester-1.8.jar:/home/user/.m2/repository/commons-beanutils/commons-beanutils/1.7.0/commons-beanutils-1.7.0.jar:/home/user/.m2/repository/commons-beanutils/commons-beanutils-core/1.8.0/commons-beanutils-core-1.8.0.jar:/home/user/.m2/repository/org/codehaus/jackson/jackson-core-asl/1.9.13/jackson-core-asl-1.9.13.jar:/home/user/.m2/repository/org/codehaus/jackson/jackson-mapper-asl/1.9.13/jackson-mapper-asl-1.9.13.jar:/home/user/.m2/repository/org/apache/avro/avro/1.7.4/avro-1.7.4.jar:/home/user/.m2/repository/com/thoughtworks/paranamer/paranamer/2.3/paranamer-2.3.jar:/home/user/.m2/repository/org/xerial/snappy/snappy-java/1.0.4.1/snappy-java-1.0.4.1.jar:/home/user/.m2/repository/com/google/protobuf/protobuf-java/2.5.0/protobuf-java-2.5.0.jar:/home/user/.m2/repository/com/google/code/gson/gson/2.2.4/gson-2.2.4.jar:/home/user/.m2/repository/org/apache/hadoop/hadoop-auth/2.6.0/hadoop-auth-2.6.0.jar:/home/user/.m2/repository/org/apache/directory/server/apacheds-kerberos-codec/2.0.0-M15/apacheds-kerberos-codec-2.0.0-M15.jar:/home/user/.m2/repository/org/apache/directory/server/apacheds-i18n/2.0.0-M15/apacheds-i18n-2.0.0-M15.jar:/home/user/.m2/repository/org/apache/directory/api/api-asn1-api/1.0.0-M20/api-asn1-api-1.0.0-M20.jar:/home/user/.m2/repository/org/apache/directory/api/api-util/1.0.0-M20/api-util-1.0.0-M20.jar:/home/user/.m2/repository/org/apache/curator/curator-framework/2.6.0/curator-framework-2.6.0.jar:/home/user/.m2/repository/com/jcraft/jsch/0.1.42/jsch-0.1.42.jar:/home/user/.m2/repository/org/apache/curator/curator-client/2.6.0/curator-client-2.6.0.jar:/home/user/.m2/repository/org/apache/curator/curator-recipes/2.6.0/curator-recipes-2.6.0.jar:/home/user/.m2/repository/com/google/code/findbugs/jsr305/1.3.9/jsr305-1.3.9.jar:/home/user/.m2/repository/org/htrace/htrace-core/3.0.4/htrace-core-3.0.4.jar:/home/user/.m2/repository/org/apache/zookeeper/zookeeper/3.4.6/zookeeper-3.4.6.jar:/home/user/.m2/repository/io/netty/netty/3.7.0.Final/netty-3.7.0.Final.jar:/home/user/.m2/repository/org/apache/commons/commons-compress/1.4.1/commons-compress-1.4.1.jar:/home/user/.m2/repository/org/tukaani/xz/1.0/xz-1.0.jar:/home/user/.m2/repository/io/dropwizard/metrics/metrics-jvm/3.2.5/metrics-jvm-3.2.5.jar:/home/user/.m2/repository/io/dropwizard/metrics/metrics-ganglia/3.2.5/metrics-ganglia-3.2.5.jar:/home/user/.m2/repository/info/ganglia/gmetric4j/gmetric4j/1.0.7/gmetric4j-1.0.7.jar:/workdir/ratis-server/target/test-classes:/workdir/ratis-netty/target/classes:/workdir/ratis-netty/target/test-classes:/workdir/ratis-grpc/target/classes:/workdir/ratis-grpc/target/test-classes:/home/user/.m2/repository/org/slf4j/slf4j-api/1.7.10/slf4j-api-1.7.10.jar:/home/user/.m2/repository/junit/junit/4.12/junit-4.12.jar:/home/user/.m2/repository/org/hamcrest/hamcrest-core/1.3/hamcrest-core-1.3.jar:/home/user/.m2/repository/org/mockito/mockito-all/1.8.5/mockito-all-1.8.5.jar:"/>
    <property name="java.vm.vendor" value="IcedTea"/>
    <property name="sun.arch.data.model" value="64"/>
    <property name="java.vendor.url" value="https://icedtea.classpath.org"/>
    <property name="user.timezone" value=""/>
    <property name="java.vm.specification.version" value="1.8"/>
    <property name="os.name" value="Linux"/>
    <property name="user.country" value="US"/>
    <property name="sun.java.launcher" value="SUN_STANDARD"/>
    <property name="sun.boot.library.path" value="/usr/lib/jvm/java-1.8-openjdk/jre/lib/amd64"/>
    <property name="sun.java.command" value="/workdir/ratis-test/target/surefire/surefirebooter842550203614815529.jar /workdir/ratis-test/target/surefire 2019-09-26T09-43-41_827-jvmRun1 surefire1773916513319007021tmp surefire_194872736526407888888tmp"/>
    <property name="surefire.test.class.path" value="/workdir/ratis-test/target/test-classes:/workdir/ratis-test/target/classes:/workdir/ratis-common/target/classes:/home/user/.m2/repository/org/apache/ratis/ratis-thirdparty-misc/0.2.0/ratis-thirdparty-misc-0.2.0.jar:/workdir/ratis-proto/target/ratis-proto-0.5.0-SNAPSHOT.jar:/home/user/.m2/repository/org/slf4j/slf4j-log4j12/1.7.10/slf4j-log4j12-1.7.10.jar:/home/user/.m2/repository/log4j/log4j/1.2.17/log4j-1.2.17.jar:/workdir/ratis-common/target/test-classes:/workdir/ratis-client/target/classes:/workdir/ratis-server/target/classes:/workdir/ratis-metrics/target/classes:/home/user/.m2/repository/io/dropwizard/metrics/metrics-core/3.2.5/metrics-core-3.2.5.jar:/home/user/.m2/repository/com/github/joshelser/dropwizard-metrics-hadoop-metrics2-reporter/0.1.2/dropwizard-metrics-hadoop-metrics2-reporter-0.1.2.jar:/home/user/.m2/repository/org/apache/hadoop/hadoop-common/2.6.0/hadoop-common-2.6.0.jar:/home/user/.m2/repository/org/apache/hadoop/hadoop-annotations/2.6.0/hadoop-annotations-2.6.0.jar:/usr/lib/jvm/java-1.8-openjdk/jre/../lib/tools.jar:/home/user/.m2/repository/com/google/guava/guava/11.0.2/guava-11.0.2.jar:/home/user/.m2/repository/commons-cli/commons-cli/1.2/commons-cli-1.2.jar:/home/user/.m2/repository/org/apache/commons/commons-math3/3.1.1/commons-math3-3.1.1.jar:/home/user/.m2/repository/xmlenc/xmlenc/0.52/xmlenc-0.52.jar:/home/user/.m2/repository/commons-httpclient/commons-httpclient/3.1/commons-httpclient-3.1.jar:/home/user/.m2/repository/commons-codec/commons-codec/1.4/commons-codec-1.4.jar:/home/user/.m2/repository/commons-io/commons-io/2.4/commons-io-2.4.jar:/home/user/.m2/repository/commons-net/commons-net/3.1/commons-net-3.1.jar:/home/user/.m2/repository/commons-collections/commons-collections/3.2.1/commons-collections-3.2.1.jar:/home/user/.m2/repository/javax/servlet/servlet-api/2.5/servlet-api-2.5.jar:/home/user/.m2/repository/org/mortbay/jetty/jetty/6.1.26/jetty-6.1.26.jar:/home/user/.m2/repository/org/mortbay/jetty/jetty-util/6.1.26/jetty-util-6.1.26.jar:/home/user/.m2/repository/com/sun/jersey/jersey-core/1.9/jersey-core-1.9.jar:/home/user/.m2/repository/com/sun/jersey/jersey-json/1.9/jersey-json-1.9.jar:/home/user/.m2/repository/org/codehaus/jettison/jettison/1.1/jettison-1.1.jar:/home/user/.m2/repository/com/sun/xml/bind/jaxb-impl/2.2.3-1/jaxb-impl-2.2.3-1.jar:/home/user/.m2/repository/javax/xml/bind/jaxb-api/2.2.2/jaxb-api-2.2.2.jar:/home/user/.m2/repository/javax/xml/stream/stax-api/1.0-2/stax-api-1.0-2.jar:/home/user/.m2/repository/javax/activation/activation/1.1/activation-1.1.jar:/home/user/.m2/repository/org/codehaus/jackson/jackson-jaxrs/1.8.3/jackson-jaxrs-1.8.3.jar:/home/user/.m2/repository/org/codehaus/jackson/jackson-xc/1.8.3/jackson-xc-1.8.3.jar:/home/user/.m2/repository/com/sun/jersey/jersey-server/1.9/jersey-server-1.9.jar:/home/user/.m2/repository/asm/asm/3.1/asm-3.1.jar:/home/user/.m2/repository/tomcat/jasper-compiler/5.5.23/jasper-compiler-5.5.23.jar:/home/user/.m2/repository/tomcat/jasper-runtime/5.5.23/jasper-runtime-5.5.23.jar:/home/user/.m2/repository/javax/servlet/jsp/jsp-api/2.1/jsp-api-2.1.jar:/home/user/.m2/repository/commons-el/commons-el/1.0/commons-el-1.0.jar:/home/user/.m2/repository/commons-logging/commons-logging/1.1.3/commons-logging-1.1.3.jar:/home/user/.m2/repository/net/java/dev/jets3t/jets3t/0.9.0/jets3t-0.9.0.jar:/home/user/.m2/repository/org/apache/httpcomponents/httpclient/4.1.2/httpclient-4.1.2.jar:/home/user/.m2/repository/org/apache/httpcomponents/httpcore/4.1.2/httpcore-4.1.2.jar:/home/user/.m2/repository/com/jamesmurty/utils/java-xmlbuilder/0.4/java-xmlbuilder-0.4.jar:/home/user/.m2/repository/commons-lang/commons-lang/2.6/commons-lang-2.6.jar:/home/user/.m2/repository/commons-configuration/commons-configuration/1.6/commons-configuration-1.6.jar:/home/user/.m2/repository/commons-digester/commons-digester/1.8/commons-digester-1.8.jar:/home/user/.m2/repository/commons-beanutils/commons-beanutils/1.7.0/commons-beanutils-1.7.0.jar:/home/user/.m2/repository/commons-beanutils/commons-beanutils-core/1.8.0/commons-beanutils-core-1.8.0.jar:/home/user/.m2/repository/org/codehaus/jackson/jackson-core-asl/1.9.13/jackson-core-asl-1.9.13.jar:/home/user/.m2/repository/org/codehaus/jackson/jackson-mapper-asl/1.9.13/jackson-mapper-asl-1.9.13.jar:/home/user/.m2/repository/org/apache/avro/avro/1.7.4/avro-1.7.4.jar:/home/user/.m2/repository/com/thoughtworks/paranamer/paranamer/2.3/paranamer-2.3.jar:/home/user/.m2/repository/org/xerial/snappy/snappy-java/1.0.4.1/snappy-java-1.0.4.1.jar:/home/user/.m2/repository/com/google/protobuf/protobuf-java/2.5.0/protobuf-java-2.5.0.jar:/home/user/.m2/repository/com/google/code/gson/gson/2.2.4/gson-2.2.4.jar:/home/user/.m2/repository/org/apache/hadoop/hadoop-auth/2.6.0/hadoop-auth-2.6.0.jar:/home/user/.m2/repository/org/apache/directory/server/apacheds-kerberos-codec/2.0.0-M15/apacheds-kerberos-codec-2.0.0-M15.jar:/home/user/.m2/repository/org/apache/directory/server/apacheds-i18n/2.0.0-M15/apacheds-i18n-2.0.0-M15.jar:/home/user/.m2/repository/org/apache/directory/api/api-asn1-api/1.0.0-M20/api-asn1-api-1.0.0-M20.jar:/home/user/.m2/repository/org/apache/directory/api/api-util/1.0.0-M20/api-util-1.0.0-M20.jar:/home/user/.m2/repository/org/apache/curator/curator-framework/2.6.0/curator-framework-2.6.0.jar:/home/user/.m2/repository/com/jcraft/jsch/0.1.42/jsch-0.1.42.jar:/home/user/.m2/repository/org/apache/curator/curator-client/2.6.0/curator-client-2.6.0.jar:/home/user/.m2/repository/org/apache/curator/curator-recipes/2.6.0/curator-recipes-2.6.0.jar:/home/user/.m2/repository/com/google/code/findbugs/jsr305/1.3.9/jsr305-1.3.9.jar:/home/user/.m2/repository/org/htrace/htrace-core/3.0.4/htrace-core-3.0.4.jar:/home/user/.m2/repository/org/apache/zookeeper/zookeeper/3.4.6/zookeeper-3.4.6.jar:/home/user/.m2/repository/io/netty/netty/3.7.0.Final/netty-3.7.0.Final.jar:/home/user/.m2/repository/org/apache/commons/commons-compress/1.4.1/commons-compress-1.4.1.jar:/home/user/.m2/repository/org/tukaani/xz/1.0/xz-1.0.jar:/home/user/.m2/repository/io/dropwizard/metrics/metrics-jvm/3.2.5/metrics-jvm-3.2.5.jar:/home/user/.m2/repository/io/dropwizard/metrics/metrics-ganglia/3.2.5/metrics-ganglia-3.2.5.jar:/home/user/.m2/repository/info/ganglia/gmetric4j/gmetric4j/1.0.7/gmetric4j-1.0.7.jar:/workdir/ratis-server/target/test-classes:/workdir/ratis-netty/target/classes:/workdir/ratis-netty/target/test-classes:/workdir/ratis-grpc/target/classes:/workdir/ratis-grpc/target/test-classes:/home/user/.m2/repository/org/slf4j/slf4j-api/1.7.10/slf4j-api-1.7.10.jar:/home/user/.m2/repository/junit/junit/4.12/junit-4.12.jar:/home/user/.m2/repository/org/hamcrest/hamcrest-core/1.3/hamcrest-core-1.3.jar:/home/user/.m2/repository/org/mockito/mockito-all/1.8.5/mockito-all-1.8.5.jar:"/>
    <property name="sun.cpu.endian" value="little"/>
    <property name="user.home" value="/home/user"/>
    <property name="user.language" value="en"/>
    <property name="java.specification.vendor" value="Oracle Corporation"/>
    <property name="java.home" value="/usr/lib/jvm/java-1.8-openjdk/jre"/>
    <property name="basedir" value="/workdir/ratis-test"/>
    <property name="file.separator" value="/"/>
    <property name="line.separator" value="&#10;"/>
    <property name="java.vm.specification.vendor" value="Oracle Corporation"/>
    <property name="java.specification.name" value="Java Platform API Specification"/>
    <property name="java.awt.graphicsenv" value="sun.awt.X11GraphicsEnvironment"/>
    <property name="surefire.real.class.path" value="/workdir/ratis-test/target/surefire/surefirebooter842550203614815529.jar"/>
    <property name="sun.boot.class.path" value="/usr/lib/jvm/java-1.8-openjdk/jre/lib/resources.jar:/usr/lib/jvm/java-1.8-openjdk/jre/lib/rt.jar:/usr/lib/jvm/java-1.8-openjdk/jre/lib/sunrsasign.jar:/usr/lib/jvm/java-1.8-openjdk/jre/lib/jsse.jar:/usr/lib/jvm/java-1.8-openjdk/jre/lib/jce.jar:/usr/lib/jvm/java-1.8-openjdk/jre/lib/charsets.jar:/usr/lib/jvm/java-1.8-openjdk/jre/lib/jfr.jar:/usr/lib/jvm/java-1.8-openjdk/jre/classes"/>
    <property name="sun.management.compiler" value="HotSpot 64-Bit Tiered Compilers"/>
    <property name="java.runtime.version" value="1.8.0_212-b04"/>
    <property name="java.net.preferIPv4Stack" value="true"/>
    <property name="user.name" value="jenkins1000"/>
    <property name="path.separator" value=":"/>
    <property name="os.version" value="3.10.0-957.12.2.el7.x86_64"/>
    <property name="java.endorsed.dirs" value="/usr/lib/jvm/java-1.8-openjdk/jre/lib/endorsed"/>
    <property name="java.runtime.name" value="OpenJDK Runtime Environment"/>
    <property name="file.encoding" value="UTF-8"/>
    <property name="java.vm.name" value="OpenJDK 64-Bit Server VM"/>
    <property name="localRepository" value="/home/user/.m2/repository"/>
    <property name="java.vendor.url.bug" value="https://icedtea.classpath.org/bugzilla"/>
    <property name="java.io.tmpdir" value="/tmp"/>
    <property name="java.version" value="1.8.0_212"/>
    <property name="user.dir" value="/workdir/ratis-test"/>
    <property name="os.arch" value="amd64"/>
    <property name="ratis.tmp.dir" value="/workdir/ratis-test/target/tmp"/>
    <property name="java.vm.specification.name" value="Java Virtual Machine Specification"/>
    <property name="java.awt.printerjob" value="sun.print.PSPrinterJob"/>
    <property name="ratis.log.dir" value="/workdir/ratis-test/target/log"/>
    <property name="sun.os.patch.level" value="unknown"/>
    <property name="java.library.path" value="/usr/lib/jvm/java-1.8-openjdk/jre/lib/amd64/server:/usr/lib/jvm/java-1.8-openjdk/jre/lib/amd64:/usr/lib/jvm/java-1.8-openjdk/jre/../lib/amd64:/usr/java/packages/lib/amd64:/usr/lib64:/lib64:/lib:/usr/lib"/>
    <property name="java.vm.info" value="mixed mode"/>
    <property name="java.vendor" value="IcedTea"/>
    <property name="java.vm.version" value="25.212-b04"/>
    <property name="java.ext.dirs" value="/usr/lib/jvm/java-1.8-openjdk/jre/lib/ext:/usr/java/packages/lib/ext"/>
    <property name="sun.io.unicode.encoding" value="UnicodeLittle"/>
    <property name="java.class.version" value="52.0"/>
  </properties>
  <testcase name="testNoChangeRequest" classname="org.apache.ratis.netty.TestRaftReconfigurationWithNetty" time="2.015"/>
  <testcase name="testRemovePeers" classname="org.apache.ratis.netty.TestRaftReconfigurationWithNetty" time="2.035"/>
  <testcase name="testAddRemovePeers" classname="org.apache.ratis.netty.TestRaftReconfigurationWithNetty" time="2.132"/>
  <testcase name="testRevertConfigurationChange" classname="org.apache.ratis.netty.TestRaftReconfigurationWithNetty" time="2.077">
    <failure type="java.lang.AssertionError">java.lang.AssertionError
</failure>
    <system-out><![CDATA[2019-09-26 09:45:27,854 INFO  util.LogUtils (LogUtils.java:setLogLevel(41)) - Set org.apache.ratis.conf.ConfUtils log level to WARN
2019-09-26 09:45:27,854 INFO  util.LogUtils (LogUtils.java:setLogLevel(41)) - Set org.apache.ratis.util.FileUtils log level to TRACE
2019-09-26 09:45:27,856 INFO  ratis.MiniRaftCluster (MiniRaftCluster.java:runWithNewCluster(119)) - Running runWithNewCluster
2019-09-26 09:45:27,857 INFO  ratis.MiniRaftCluster (MiniRaftCluster.java:<init>(253)) - new MiniRaftClusterWithNetty with group-01D95DDB5FBE:[s3:0.0.0.0:37052, s4:0.0.0.0:45551, s0:0.0.0.0:37613, s1:0.0.0.0:43999, s2:0.0.0.0:33930]
2019-09-26 09:45:27,858 INFO  ratis.MiniRaftCluster (MiniRaftCluster.java:start(287)) - .............................................................. 
2019-09-26 09:45:27,858 INFO  ratis.MiniRaftCluster (MiniRaftCluster.java:start(288)) - ... 
2019-09-26 09:45:27,858 INFO  ratis.MiniRaftCluster (MiniRaftCluster.java:start(289)) - ...     Starting MiniRaftClusterWithNetty
2019-09-26 09:45:27,858 INFO  ratis.MiniRaftCluster (MiniRaftCluster.java:start(290)) - ... 
2019-09-26 09:45:27,858 INFO  ratis.MiniRaftCluster (MiniRaftCluster.java:start(291)) - .............................................................. 
2019-09-26 09:45:27,858 INFO  ratis.MiniRaftCluster (MiniRaftCluster.java:initServers(265)) - servers = {}
2019-09-26 09:45:27,858 INFO  ratis.MiniRaftCluster (MiniRaftCluster.java:newRaftServer(330)) - newRaftServer: s3, group-01D95DDB5FBE:[s3:0.0.0.0:37052, s4:0.0.0.0:45551, s0:0.0.0.0:37613, s1:0.0.0.0:43999, s2:0.0.0.0:33930], format? true
2019-09-26 09:45:27,859 TRACE util.FileUtils (FileUtils.java:deleteFully(88)) - deleteFully target/test/data/bb022a74/MiniRaftClusterWithNettydf5703b9/s3
2019-09-26 09:45:27,859 TRACE util.FileUtils (FileUtils.java:deleteFully(104)) - deleteFully: target/test/data/bb022a74/MiniRaftClusterWithNettydf5703b9/s3 does not exist.
2019-09-26 09:45:27,859 INFO  ratis.MiniRaftCluster (MiniRaftCluster.java:newRaftServer(335)) - Formatted directory target/test/data/bb022a74/MiniRaftClusterWithNettydf5703b9/s3
2019-09-26 09:45:27,860 INFO  impl.RaftServerProxy (ConfUtils.java:logGet(43)) - raft.rpc.type = NETTY (custom)
2019-09-26 09:45:27,862 INFO  netty.NettyConfigKeys$Server (ConfUtils.java:logGet(43)) - raft.netty.server.port = 37052 (custom)
2019-09-26 09:45:27,865 INFO  server.RaftServerConfigKeys (ConfUtils.java:logGet(43)) - raft.server.storage.dir = [/workdir/ratis-test/target/test/data/bb022a74/MiniRaftClusterWithNettydf5703b9/s3] (custom)
2019-09-26 09:45:27,865 INFO  logging.LoggingHandler (AbstractInternalLogger.java:log(150)) - [id: 0x822067fe] REGISTERED
2019-09-26 09:45:27,865 INFO  impl.RaftServerProxy (RaftServerProxy.java:addNew(89)) - s3: addNew group-01D95DDB5FBE:[s3:0.0.0.0:37052, s4:0.0.0.0:45551, s0:0.0.0.0:37613, s1:0.0.0.0:43999, s2:0.0.0.0:33930] returns group-01D95DDB5FBE:java.util.concurrent.CompletableFuture@5a43a5bd[Not completed]
2019-09-26 09:45:27,865 INFO  logging.LoggingHandler (AbstractInternalLogger.java:log(150)) - [id: 0x822067fe] BIND: 0.0.0.0/0.0.0.0:37052
2019-09-26 09:45:27,866 INFO  logging.LoggingHandler (AbstractInternalLogger.java:log(150)) - [id: 0x822067fe, L:/0.0.0.0:37052] ACTIVE
2019-09-26 09:45:27,866 INFO  impl.RaftServerImpl (RaftServerImpl.java:<init>(95)) - s3: new RaftServerImpl for group-01D95DDB5FBE:[s3:0.0.0.0:37052, s4:0.0.0.0:45551, s0:0.0.0.0:37613, s1:0.0.0.0:43999, s2:0.0.0.0:33930] with BaseStateMachine:uninitialized
2019-09-26 09:45:27,867 INFO  server.RaftServerConfigKeys (ConfUtils.java:logGet(43)) - raft.server.rpc.timeout.min = 150ms (default)
2019-09-26 09:45:27,867 INFO  ratis.MiniRaftCluster (MiniRaftCluster.java:newRaftServer(330)) - newRaftServer: s4, group-01D95DDB5FBE:[s3:0.0.0.0:37052, s4:0.0.0.0:45551, s0:0.0.0.0:37613, s1:0.0.0.0:43999, s2:0.0.0.0:33930], format? true
2019-09-26 09:45:27,867 INFO  server.RaftServerConfigKeys (ConfUtils.java:logGet(43)) - raft.server.rpc.timeout.max = 300ms (default)
2019-09-26 09:45:27,867 TRACE util.FileUtils (FileUtils.java:deleteFully(88)) - deleteFully target/test/data/bb022a74/MiniRaftClusterWithNettydf5703b9/s4
2019-09-26 09:45:27,867 INFO  server.RaftServerConfigKeys (ConfUtils.java:logGet(43)) - raft.server.rpcslowness.timeout = 60s (default)
2019-09-26 09:45:27,867 INFO  server.RaftServerConfigKeys (ConfUtils.java:logGet(43)) - raft.server.sleep.deviation.threshold = 300 (default)
2019-09-26 09:45:27,868 TRACE util.FileUtils (FileUtils.java:deleteFully(104)) - deleteFully: target/test/data/bb022a74/MiniRaftClusterWithNettydf5703b9/s4 does not exist.
2019-09-26 09:45:27,868 INFO  server.RaftServerConfigKeys (ConfUtils.java:logGet(43)) - raft.server.log.appender.install.snapshot.enabled = true (default)
2019-09-26 09:45:27,868 INFO  ratis.MiniRaftCluster (MiniRaftCluster.java:newRaftServer(335)) - Formatted directory target/test/data/bb022a74/MiniRaftClusterWithNettydf5703b9/s4
2019-09-26 09:45:27,868 INFO  impl.RaftServerImpl (ServerState.java:<init>(103)) - s3@group-01D95DDB5FBE: ConfigurationManager, init=-1: [s3:0.0.0.0:37052, s4:0.0.0.0:45551, s0:0.0.0.0:37613, s1:0.0.0.0:43999, s2:0.0.0.0:33930], old=null, confs=<EMPTY_MAP>
2019-09-26 09:45:27,869 INFO  impl.RaftServerProxy (ConfUtils.java:logGet(43)) - raft.rpc.type = NETTY (custom)
2019-09-26 09:45:27,869 INFO  server.RaftServerConfigKeys (ConfUtils.java:logGet(43)) - raft.server.storage.dir = [/workdir/ratis-test/target/test/data/bb022a74/MiniRaftClusterWithNettydf5703b9/s3] (custom)
2019-09-26 09:45:27,869 INFO  server.RaftServerConfigKeys (ConfUtils.java:logGet(43)) - raft.server.log.corruption.policy = EXCEPTION (default)
2019-09-26 09:45:27,870 INFO  storage.RaftStorageDirectory (RaftStorageDirectory.java:analyzeStorage(246)) - The storage directory /workdir/ratis-test/target/test/data/bb022a74/MiniRaftClusterWithNettydf5703b9/s3/24ac8ac7-d2c9-4c7d-87bf-01d95ddb5fbe does not exist. Creating ...
2019-09-26 09:45:27,871 TRACE util.FileUtils (LogUtils.java:runAndLog(61)) - Successfully ran Files.createDirectories /workdir/ratis-test/target/test/data/bb022a74/MiniRaftClusterWithNettydf5703b9/s3/24ac8ac7-d2c9-4c7d-87bf-01d95ddb5fbe
2019-09-26 09:45:27,871 INFO  netty.NettyConfigKeys$Server (ConfUtils.java:logGet(43)) - raft.netty.server.port = 45551 (custom)
2019-09-26 09:45:27,871 INFO  server.RaftServerConfigKeys (ConfUtils.java:logGet(43)) - raft.server.storage.dir = [/workdir/ratis-test/target/test/data/bb022a74/MiniRaftClusterWithNettydf5703b9/s4] (custom)
2019-09-26 09:45:27,872 INFO  logging.LoggingHandler (AbstractInternalLogger.java:log(150)) - [id: 0x9b0ed199] REGISTERED
2019-09-26 09:45:27,872 INFO  impl.RaftServerProxy (RaftServerProxy.java:addNew(89)) - s4: addNew group-01D95DDB5FBE:[s3:0.0.0.0:37052, s4:0.0.0.0:45551, s0:0.0.0.0:37613, s1:0.0.0.0:43999, s2:0.0.0.0:33930] returns group-01D95DDB5FBE:java.util.concurrent.CompletableFuture@207f3181[Not completed]
2019-09-26 09:45:27,872 INFO  logging.LoggingHandler (AbstractInternalLogger.java:log(150)) - [id: 0x9b0ed199] BIND: 0.0.0.0/0.0.0.0:45551
2019-09-26 09:45:27,873 INFO  logging.LoggingHandler (AbstractInternalLogger.java:log(150)) - [id: 0x9b0ed199, L:/0.0.0.0:45551] ACTIVE
2019-09-26 09:45:27,873 INFO  impl.RaftServerImpl (RaftServerImpl.java:<init>(95)) - s4: new RaftServerImpl for group-01D95DDB5FBE:[s3:0.0.0.0:37052, s4:0.0.0.0:45551, s0:0.0.0.0:37613, s1:0.0.0.0:43999, s2:0.0.0.0:33930] with BaseStateMachine:uninitialized
2019-09-26 09:45:27,874 INFO  server.RaftServerConfigKeys (ConfUtils.java:logGet(43)) - raft.server.rpc.timeout.min = 150ms (default)
2019-09-26 09:45:27,874 INFO  ratis.MiniRaftCluster (MiniRaftCluster.java:newRaftServer(330)) - newRaftServer: s0, group-01D95DDB5FBE:[s3:0.0.0.0:37052, s4:0.0.0.0:45551, s0:0.0.0.0:37613, s1:0.0.0.0:43999, s2:0.0.0.0:33930], format? true
2019-09-26 09:45:27,874 INFO  server.RaftServerConfigKeys (ConfUtils.java:logGet(43)) - raft.server.rpc.timeout.max = 300ms (default)
2019-09-26 09:45:27,874 TRACE util.FileUtils (FileUtils.java:deleteFully(88)) - deleteFully target/test/data/bb022a74/MiniRaftClusterWithNettydf5703b9/s0
2019-09-26 09:45:27,874 INFO  server.RaftServerConfigKeys (ConfUtils.java:logGet(43)) - raft.server.rpcslowness.timeout = 60s (default)
2019-09-26 09:45:27,875 INFO  server.RaftServerConfigKeys (ConfUtils.java:logGet(43)) - raft.server.sleep.deviation.threshold = 300 (default)
2019-09-26 09:45:27,875 TRACE util.FileUtils (FileUtils.java:deleteFully(104)) - deleteFully: target/test/data/bb022a74/MiniRaftClusterWithNettydf5703b9/s0 does not exist.
2019-09-26 09:45:27,875 INFO  server.RaftServerConfigKeys (ConfUtils.java:logGet(43)) - raft.server.log.appender.install.snapshot.enabled = true (default)
2019-09-26 09:45:27,875 INFO  ratis.MiniRaftCluster (MiniRaftCluster.java:newRaftServer(335)) - Formatted directory target/test/data/bb022a74/MiniRaftClusterWithNettydf5703b9/s0
2019-09-26 09:45:27,875 INFO  impl.RaftServerImpl (ServerState.java:<init>(103)) - s4@group-01D95DDB5FBE: ConfigurationManager, init=-1: [s3:0.0.0.0:37052, s4:0.0.0.0:45551, s0:0.0.0.0:37613, s1:0.0.0.0:43999, s2:0.0.0.0:33930], old=null, confs=<EMPTY_MAP>
2019-09-26 09:45:27,876 INFO  impl.RaftServerProxy (ConfUtils.java:logGet(43)) - raft.rpc.type = NETTY (custom)
2019-09-26 09:45:27,876 INFO  server.RaftServerConfigKeys (ConfUtils.java:logGet(43)) - raft.server.storage.dir = [/workdir/ratis-test/target/test/data/bb022a74/MiniRaftClusterWithNettydf5703b9/s4] (custom)
2019-09-26 09:45:27,876 INFO  server.RaftServerConfigKeys (ConfUtils.java:logGet(43)) - raft.server.log.corruption.policy = EXCEPTION (default)
2019-09-26 09:45:27,877 INFO  storage.RaftStorageDirectory (RaftStorageDirectory.java:analyzeStorage(246)) - The storage directory /workdir/ratis-test/target/test/data/bb022a74/MiniRaftClusterWithNettydf5703b9/s4/24ac8ac7-d2c9-4c7d-87bf-01d95ddb5fbe does not exist. Creating ...
2019-09-26 09:45:27,877 TRACE util.FileUtils (LogUtils.java:runAndLog(61)) - Successfully ran Files.createDirectories /workdir/ratis-test/target/test/data/bb022a74/MiniRaftClusterWithNettydf5703b9/s4/24ac8ac7-d2c9-4c7d-87bf-01d95ddb5fbe
2019-09-26 09:45:27,878 INFO  netty.NettyConfigKeys$Server (ConfUtils.java:logGet(43)) - raft.netty.server.port = 37613 (custom)
2019-09-26 09:45:27,878 INFO  server.RaftServerConfigKeys (ConfUtils.java:logGet(43)) - raft.server.storage.dir = [/workdir/ratis-test/target/test/data/bb022a74/MiniRaftClusterWithNettydf5703b9/s0] (custom)
2019-09-26 09:45:27,879 INFO  logging.LoggingHandler (AbstractInternalLogger.java:log(150)) - [id: 0xc1ce39cd] REGISTERED
2019-09-26 09:45:27,879 INFO  impl.RaftServerProxy (RaftServerProxy.java:addNew(89)) - s0: addNew group-01D95DDB5FBE:[s3:0.0.0.0:37052, s4:0.0.0.0:45551, s0:0.0.0.0:37613, s1:0.0.0.0:43999, s2:0.0.0.0:33930] returns group-01D95DDB5FBE:java.util.concurrent.CompletableFuture@2b1d850f[Not completed]
2019-09-26 09:45:27,879 INFO  logging.LoggingHandler (AbstractInternalLogger.java:log(150)) - [id: 0xc1ce39cd] BIND: 0.0.0.0/0.0.0.0:37613
2019-09-26 09:45:27,880 INFO  logging.LoggingHandler (AbstractInternalLogger.java:log(150)) - [id: 0xc1ce39cd, L:/0.0.0.0:37613] ACTIVE
2019-09-26 09:45:27,880 INFO  impl.RaftServerImpl (RaftServerImpl.java:<init>(95)) - s0: new RaftServerImpl for group-01D95DDB5FBE:[s3:0.0.0.0:37052, s4:0.0.0.0:45551, s0:0.0.0.0:37613, s1:0.0.0.0:43999, s2:0.0.0.0:33930] with BaseStateMachine:uninitialized
2019-09-26 09:45:27,880 INFO  ratis.MiniRaftCluster (MiniRaftCluster.java:newRaftServer(330)) - newRaftServer: s1, group-01D95DDB5FBE:[s3:0.0.0.0:37052, s4:0.0.0.0:45551, s0:0.0.0.0:37613, s1:0.0.0.0:43999, s2:0.0.0.0:33930], format? true
2019-09-26 09:45:27,880 TRACE util.FileUtils (FileUtils.java:deleteFully(88)) - deleteFully target/test/data/bb022a74/MiniRaftClusterWithNettydf5703b9/s1
2019-09-26 09:45:27,882 INFO  server.RaftServerConfigKeys (ConfUtils.java:logGet(43)) - raft.server.rpc.timeout.min = 150ms (default)
2019-09-26 09:45:27,882 TRACE util.FileUtils (FileUtils.java:deleteFully(104)) - deleteFully: target/test/data/bb022a74/MiniRaftClusterWithNettydf5703b9/s1 does not exist.
2019-09-26 09:45:27,882 INFO  ratis.MiniRaftCluster (MiniRaftCluster.java:newRaftServer(335)) - Formatted directory target/test/data/bb022a74/MiniRaftClusterWithNettydf5703b9/s1
2019-09-26 09:45:27,882 INFO  server.RaftServerConfigKeys (ConfUtils.java:logGet(43)) - raft.server.rpc.timeout.max = 300ms (default)
2019-09-26 09:45:27,883 INFO  server.RaftServerConfigKeys (ConfUtils.java:logGet(43)) - raft.server.rpcslowness.timeout = 60s (default)
2019-09-26 09:45:27,883 INFO  impl.RaftServerProxy (ConfUtils.java:logGet(43)) - raft.rpc.type = NETTY (custom)
2019-09-26 09:45:27,883 INFO  server.RaftServerConfigKeys (ConfUtils.java:logGet(43)) - raft.server.sleep.deviation.threshold = 300 (default)
2019-09-26 09:45:27,883 INFO  server.RaftServerConfigKeys (ConfUtils.java:logGet(43)) - raft.server.log.appender.install.snapshot.enabled = true (default)
2019-09-26 09:45:27,883 INFO  impl.RaftServerImpl (ServerState.java:<init>(103)) - s0@group-01D95DDB5FBE: ConfigurationManager, init=-1: [s3:0.0.0.0:37052, s4:0.0.0.0:45551, s0:0.0.0.0:37613, s1:0.0.0.0:43999, s2:0.0.0.0:33930], old=null, confs=<EMPTY_MAP>
2019-09-26 09:45:27,884 INFO  server.RaftServerConfigKeys (ConfUtils.java:logGet(43)) - raft.server.storage.dir = [/workdir/ratis-test/target/test/data/bb022a74/MiniRaftClusterWithNettydf5703b9/s0] (custom)
2019-09-26 09:45:27,884 INFO  server.RaftServerConfigKeys (ConfUtils.java:logGet(43)) - raft.server.log.corruption.policy = EXCEPTION (default)
2019-09-26 09:45:27,884 INFO  storage.RaftStorageDirectory (RaftStorageDirectory.java:tryLock(328)) - Lock on /workdir/ratis-test/target/test/data/bb022a74/MiniRaftClusterWithNettydf5703b9/s3/24ac8ac7-d2c9-4c7d-87bf-01d95ddb5fbe/in_use.lock acquired by nodename 3395@ratis-test-kn96w-682825239
2019-09-26 09:45:27,884 INFO  storage.RaftStorageDirectory (RaftStorageDirectory.java:analyzeStorage(246)) - The storage directory /workdir/ratis-test/target/test/data/bb022a74/MiniRaftClusterWithNettydf5703b9/s0/24ac8ac7-d2c9-4c7d-87bf-01d95ddb5fbe does not exist. Creating ...
2019-09-26 09:45:27,884 INFO  storage.RaftStorageDirectory (RaftStorageDirectory.java:tryLock(328)) - Lock on /workdir/ratis-test/target/test/data/bb022a74/MiniRaftClusterWithNettydf5703b9/s4/24ac8ac7-d2c9-4c7d-87bf-01d95ddb5fbe/in_use.lock acquired by nodename 3395@ratis-test-kn96w-682825239
2019-09-26 09:45:27,885 TRACE util.FileUtils (LogUtils.java:runAndLog(61)) - Successfully ran Files.createDirectories /workdir/ratis-test/target/test/data/bb022a74/MiniRaftClusterWithNettydf5703b9/s3/24ac8ac7-d2c9-4c7d-87bf-01d95ddb5fbe/current
2019-09-26 09:45:27,885 INFO  netty.NettyConfigKeys$Server (ConfUtils.java:logGet(43)) - raft.netty.server.port = 43999 (custom)
2019-09-26 09:45:27,885 TRACE util.FileUtils (LogUtils.java:runAndLog(61)) - Successfully ran Files.createDirectories /workdir/ratis-test/target/test/data/bb022a74/MiniRaftClusterWithNettydf5703b9/s0/24ac8ac7-d2c9-4c7d-87bf-01d95ddb5fbe
2019-09-26 09:45:27,885 TRACE util.FileUtils (LogUtils.java:runAndLog(61)) - Successfully ran Files.createDirectories /workdir/ratis-test/target/test/data/bb022a74/MiniRaftClusterWithNettydf5703b9/s3/24ac8ac7-d2c9-4c7d-87bf-01d95ddb5fbe/sm
2019-09-26 09:45:27,885 TRACE util.FileUtils (LogUtils.java:runAndLog(61)) - Successfully ran Files.createDirectories /workdir/ratis-test/target/test/data/bb022a74/MiniRaftClusterWithNettydf5703b9/s4/24ac8ac7-d2c9-4c7d-87bf-01d95ddb5fbe/current
2019-09-26 09:45:27,886 TRACE util.FileUtils (LogUtils.java:runAndLog(61)) - Successfully ran Files.createDirectories /workdir/ratis-test/target/test/data/bb022a74/MiniRaftClusterWithNettydf5703b9/s4/24ac8ac7-d2c9-4c7d-87bf-01d95ddb5fbe/sm
2019-09-26 09:45:27,886 INFO  server.RaftServerConfigKeys (ConfUtils.java:logGet(43)) - raft.server.storage.dir = [/workdir/ratis-test/target/test/data/bb022a74/MiniRaftClusterWithNettydf5703b9/s1] (custom)
2019-09-26 09:45:27,886 INFO  logging.LoggingHandler (AbstractInternalLogger.java:log(150)) - [id: 0x3a130ec0] REGISTERED
2019-09-26 09:45:27,887 INFO  impl.RaftServerProxy (RaftServerProxy.java:addNew(89)) - s1: addNew group-01D95DDB5FBE:[s3:0.0.0.0:37052, s4:0.0.0.0:45551, s0:0.0.0.0:37613, s1:0.0.0.0:43999, s2:0.0.0.0:33930] returns group-01D95DDB5FBE:java.util.concurrent.CompletableFuture@79bf96a9[Not completed]
2019-09-26 09:45:27,887 INFO  logging.LoggingHandler (AbstractInternalLogger.java:log(150)) - [id: 0x3a130ec0] BIND: 0.0.0.0/0.0.0.0:43999
2019-09-26 09:45:27,887 INFO  logging.LoggingHandler (AbstractInternalLogger.java:log(150)) - [id: 0x3a130ec0, L:/0.0.0.0:43999] ACTIVE
2019-09-26 09:45:27,888 INFO  impl.RaftServerImpl (RaftServerImpl.java:<init>(95)) - s1: new RaftServerImpl for group-01D95DDB5FBE:[s3:0.0.0.0:37052, s4:0.0.0.0:45551, s0:0.0.0.0:37613, s1:0.0.0.0:43999, s2:0.0.0.0:33930] with BaseStateMachine:uninitialized
2019-09-26 09:45:27,888 INFO  server.RaftServerConfigKeys (ConfUtils.java:logGet(43)) - raft.server.rpc.timeout.min = 150ms (default)
2019-09-26 09:45:27,888 INFO  ratis.MiniRaftCluster (MiniRaftCluster.java:newRaftServer(330)) - newRaftServer: s2, group-01D95DDB5FBE:[s3:0.0.0.0:37052, s4:0.0.0.0:45551, s0:0.0.0.0:37613, s1:0.0.0.0:43999, s2:0.0.0.0:33930], format? true
2019-09-26 09:45:27,888 INFO  server.RaftServerConfigKeys (ConfUtils.java:logGet(43)) - raft.server.rpc.timeout.max = 300ms (default)
2019-09-26 09:45:27,888 TRACE util.FileUtils (FileUtils.java:deleteFully(88)) - deleteFully target/test/data/bb022a74/MiniRaftClusterWithNettydf5703b9/s2
2019-09-26 09:45:27,889 INFO  server.RaftServerConfigKeys (ConfUtils.java:logGet(43)) - raft.server.rpcslowness.timeout = 60s (default)
2019-09-26 09:45:27,889 INFO  server.RaftServerConfigKeys (ConfUtils.java:logGet(43)) - raft.server.sleep.deviation.threshold = 300 (default)
2019-09-26 09:45:27,889 TRACE util.FileUtils (FileUtils.java:deleteFully(104)) - deleteFully: target/test/data/bb022a74/MiniRaftClusterWithNettydf5703b9/s2 does not exist.
2019-09-26 09:45:27,889 INFO  server.RaftServerConfigKeys (ConfUtils.java:logGet(43)) - raft.server.log.appender.install.snapshot.enabled = true (default)
2019-09-26 09:45:27,889 INFO  ratis.MiniRaftCluster (MiniRaftCluster.java:newRaftServer(335)) - Formatted directory target/test/data/bb022a74/MiniRaftClusterWithNettydf5703b9/s2
2019-09-26 09:45:27,889 INFO  impl.RaftServerImpl (ServerState.java:<init>(103)) - s1@group-01D95DDB5FBE: ConfigurationManager, init=-1: [s3:0.0.0.0:37052, s4:0.0.0.0:45551, s0:0.0.0.0:37613, s1:0.0.0.0:43999, s2:0.0.0.0:33930], old=null, confs=<EMPTY_MAP>
2019-09-26 09:45:27,889 INFO  impl.RaftServerProxy (ConfUtils.java:logGet(43)) - raft.rpc.type = NETTY (custom)
2019-09-26 09:45:27,890 INFO  server.RaftServerConfigKeys (ConfUtils.java:logGet(43)) - raft.server.storage.dir = [/workdir/ratis-test/target/test/data/bb022a74/MiniRaftClusterWithNettydf5703b9/s1] (custom)
2019-09-26 09:45:27,890 INFO  server.RaftServerConfigKeys (ConfUtils.java:logGet(43)) - raft.server.log.corruption.policy = EXCEPTION (default)
2019-09-26 09:45:27,890 INFO  storage.RaftStorageDirectory (RaftStorageDirectory.java:analyzeStorage(246)) - The storage directory /workdir/ratis-test/target/test/data/bb022a74/MiniRaftClusterWithNettydf5703b9/s1/24ac8ac7-d2c9-4c7d-87bf-01d95ddb5fbe does not exist. Creating ...
2019-09-26 09:45:27,891 TRACE util.FileUtils (LogUtils.java:runAndLog(61)) - Successfully ran Files.createDirectories /workdir/ratis-test/target/test/data/bb022a74/MiniRaftClusterWithNettydf5703b9/s1/24ac8ac7-d2c9-4c7d-87bf-01d95ddb5fbe
2019-09-26 09:45:27,891 INFO  netty.NettyConfigKeys$Server (ConfUtils.java:logGet(43)) - raft.netty.server.port = 33930 (custom)
2019-09-26 09:45:27,892 INFO  server.RaftServerConfigKeys (ConfUtils.java:logGet(43)) - raft.server.storage.dir = [/workdir/ratis-test/target/test/data/bb022a74/MiniRaftClusterWithNettydf5703b9/s2] (custom)
2019-09-26 09:45:27,892 INFO  logging.LoggingHandler (AbstractInternalLogger.java:log(150)) - [id: 0x77c11ede] REGISTERED
2019-09-26 09:45:27,892 INFO  impl.RaftServerProxy (RaftServerProxy.java:addNew(89)) - s2: addNew group-01D95DDB5FBE:[s3:0.0.0.0:37052, s4:0.0.0.0:45551, s0:0.0.0.0:37613, s1:0.0.0.0:43999, s2:0.0.0.0:33930] returns group-01D95DDB5FBE:java.util.concurrent.CompletableFuture@7dd7fb45[Not completed]
2019-09-26 09:45:27,892 INFO  logging.LoggingHandler (AbstractInternalLogger.java:log(150)) - [id: 0x77c11ede] BIND: 0.0.0.0/0.0.0.0:33930
2019-09-26 09:45:27,892 INFO  logging.LoggingHandler (AbstractInternalLogger.java:log(150)) - [id: 0x77c11ede, L:/0.0.0.0:33930] ACTIVE
2019-09-26 09:45:27,893 INFO  impl.RaftServerImpl (RaftServerImpl.java:<init>(95)) - s2: new RaftServerImpl for group-01D95DDB5FBE:[s3:0.0.0.0:37052, s4:0.0.0.0:45551, s0:0.0.0.0:37613, s1:0.0.0.0:43999, s2:0.0.0.0:33930] with BaseStateMachine:uninitialized
2019-09-26 09:45:27,894 INFO  server.RaftServerConfigKeys (ConfUtils.java:logGet(43)) - raft.server.rpc.timeout.min = 150ms (default)
2019-09-26 09:45:27,894 INFO  server.RaftServerConfigKeys (ConfUtils.java:logGet(43)) - raft.server.rpc.timeout.max = 300ms (default)
2019-09-26 09:45:27,894 INFO  server.RaftServerConfigKeys (ConfUtils.java:logGet(43)) - raft.server.rpcslowness.timeout = 60s (default)
2019-09-26 09:45:27,894 INFO  server.RaftServerConfigKeys (ConfUtils.java:logGet(43)) - raft.server.sleep.deviation.threshold = 300 (default)
2019-09-26 09:45:27,894 INFO  server.RaftServerConfigKeys (ConfUtils.java:logGet(43)) - raft.server.log.appender.install.snapshot.enabled = true (default)
2019-09-26 09:45:27,894 INFO  impl.RaftServerImpl (ServerState.java:<init>(103)) - s2@group-01D95DDB5FBE: ConfigurationManager, init=-1: [s3:0.0.0.0:37052, s4:0.0.0.0:45551, s0:0.0.0.0:37613, s1:0.0.0.0:43999, s2:0.0.0.0:33930], old=null, confs=<EMPTY_MAP>
2019-09-26 09:45:27,895 INFO  server.RaftServerConfigKeys (ConfUtils.java:logGet(43)) - raft.server.storage.dir = [/workdir/ratis-test/target/test/data/bb022a74/MiniRaftClusterWithNettydf5703b9/s2] (custom)
2019-09-26 09:45:27,895 INFO  server.RaftServerConfigKeys (ConfUtils.java:logGet(43)) - raft.server.log.corruption.policy = EXCEPTION (default)
2019-09-26 09:45:27,895 INFO  storage.RaftStorageDirectory (RaftStorageDirectory.java:analyzeStorage(246)) - The storage directory /workdir/ratis-test/target/test/data/bb022a74/MiniRaftClusterWithNettydf5703b9/s2/24ac8ac7-d2c9-4c7d-87bf-01d95ddb5fbe does not exist. Creating ...
2019-09-26 09:45:27,896 TRACE util.FileUtils (LogUtils.java:runAndLog(61)) - Successfully ran Files.createDirectories /workdir/ratis-test/target/test/data/bb022a74/MiniRaftClusterWithNettydf5703b9/s2/24ac8ac7-d2c9-4c7d-87bf-01d95ddb5fbe
2019-09-26 09:45:27,899 INFO  storage.RaftStorageDirectory (RaftStorageDirectory.java:tryLock(328)) - Lock on /workdir/ratis-test/target/test/data/bb022a74/MiniRaftClusterWithNettydf5703b9/s0/24ac8ac7-d2c9-4c7d-87bf-01d95ddb5fbe/in_use.lock acquired by nodename 3395@ratis-test-kn96w-682825239
2019-09-26 09:45:27,899 INFO  storage.RaftStorage (RaftStorage.java:format(84)) - Storage directory /workdir/ratis-test/target/test/data/bb022a74/MiniRaftClusterWithNettydf5703b9/s3/24ac8ac7-d2c9-4c7d-87bf-01d95ddb5fbe has been successfully formatted.
2019-09-26 09:45:27,899 INFO  storage.RaftStorage (RaftStorage.java:format(84)) - Storage directory /workdir/ratis-test/target/test/data/bb022a74/MiniRaftClusterWithNettydf5703b9/s4/24ac8ac7-d2c9-4c7d-87bf-01d95ddb5fbe has been successfully formatted.
2019-09-26 09:45:27,899 INFO  storage.RaftStorageDirectory (RaftStorageDirectory.java:tryLock(328)) - Lock on /workdir/ratis-test/target/test/data/bb022a74/MiniRaftClusterWithNettydf5703b9/s1/24ac8ac7-d2c9-4c7d-87bf-01d95ddb5fbe/in_use.lock acquired by nodename 3395@ratis-test-kn96w-682825239
2019-09-26 09:45:27,899 INFO  storage.RaftStorageDirectory (RaftStorageDirectory.java:tryLock(328)) - Lock on /workdir/ratis-test/target/test/data/bb022a74/MiniRaftClusterWithNettydf5703b9/s2/24ac8ac7-d2c9-4c7d-87bf-01d95ddb5fbe/in_use.lock acquired by nodename 3395@ratis-test-kn96w-682825239
2019-09-26 09:45:27,899 INFO  server.RaftServerConfigKeys (ConfUtils.java:logGet(43)) - raft.server.notification.no-leader.timeout = 60s (default)
2019-09-26 09:45:27,899 INFO  server.RaftServerConfigKeys (ConfUtils.java:logGet(43)) - raft.server.notification.no-leader.timeout = 60s (default)
2019-09-26 09:45:27,899 TRACE util.FileUtils (LogUtils.java:runAndLog(61)) - Successfully ran Files.createDirectories /workdir/ratis-test/target/test/data/bb022a74/MiniRaftClusterWithNettydf5703b9/s0/24ac8ac7-d2c9-4c7d-87bf-01d95ddb5fbe/current
2019-09-26 09:45:27,900 INFO  server.RaftServerConfigKeys (ConfUtils.java:logGet(43)) - raft.server.log.use.memory = false (default)
2019-09-26 09:45:27,900 INFO  server.RaftServerConfigKeys (ConfUtils.java:logGet(43)) - raft.server.log.use.memory = false (default)
2019-09-26 09:45:27,900 TRACE util.FileUtils (LogUtils.java:runAndLog(61)) - Successfully ran Files.createDirectories /workdir/ratis-test/target/test/data/bb022a74/MiniRaftClusterWithNettydf5703b9/s2/24ac8ac7-d2c9-4c7d-87bf-01d95ddb5fbe/current
2019-09-26 09:45:27,900 TRACE util.FileUtils (LogUtils.java:runAndLog(61)) - Successfully ran Files.createDirectories /workdir/ratis-test/target/test/data/bb022a74/MiniRaftClusterWithNettydf5703b9/s1/24ac8ac7-d2c9-4c7d-87bf-01d95ddb5fbe/current
2019-09-26 09:45:27,900 TRACE util.FileUtils (LogUtils.java:runAndLog(61)) - Successfully ran Files.createDirectories /workdir/ratis-test/target/test/data/bb022a74/MiniRaftClusterWithNettydf5703b9/s2/24ac8ac7-d2c9-4c7d-87bf-01d95ddb5fbe/sm
2019-09-26 09:45:27,900 INFO  server.RaftServerConfigKeys (ConfUtils.java:logGet(43)) - raft.server.log.purge.gap = 1024 (default)
2019-09-26 09:45:27,900 INFO  server.RaftServerConfigKeys (ConfUtils.java:logGet(43)) - raft.server.log.purge.gap = 1024 (default)
2019-09-26 09:45:27,900 TRACE util.FileUtils (LogUtils.java:runAndLog(61)) - Successfully ran Files.createDirectories /workdir/ratis-test/target/test/data/bb022a74/MiniRaftClusterWithNettydf5703b9/s0/24ac8ac7-d2c9-4c7d-87bf-01d95ddb5fbe/sm
2019-09-26 09:45:27,901 INFO  server.RaftServerConfigKeys (ConfUtils.java:logGet(43)) - raft.server.log.appender.buffer.byte-limit = 4MB (=4194304) (default)
2019-09-26 09:45:27,901 INFO  server.RaftServerConfigKeys (ConfUtils.java:logGet(43)) - raft.server.log.appender.buffer.byte-limit = 4MB (=4194304) (default)
2019-09-26 09:45:27,901 TRACE util.FileUtils (LogUtils.java:runAndLog(61)) - Successfully ran Files.createDirectories /workdir/ratis-test/target/test/data/bb022a74/MiniRaftClusterWithNettydf5703b9/s1/24ac8ac7-d2c9-4c7d-87bf-01d95ddb5fbe/sm
2019-09-26 09:45:27,901 INFO  server.RaftServerConfigKeys (ConfUtils.java:logGet(43)) - raft.server.log.segment.size.max = 8MB (=8388608) (default)
2019-09-26 09:45:27,901 INFO  server.RaftServerConfigKeys (ConfUtils.java:logGet(43)) - raft.server.log.segment.size.max = 8MB (=8388608) (default)
2019-09-26 09:45:27,902 INFO  server.RaftServerConfigKeys (ConfUtils.java:logGet(43)) - raft.server.log.segment.cache.num.max = 6 (default)
2019-09-26 09:45:27,902 INFO  server.RaftServerConfigKeys (ConfUtils.java:logGet(43)) - raft.server.log.segment.cache.num.max = 6 (default)
2019-09-26 09:45:27,902 INFO  segmented.SegmentedRaftLogWorker (SegmentedRaftLogWorker.java:<init>(172)) - new s4@group-01D95DDB5FBE-SegmentedRaftLogWorker for RaftStorage:Storage Directory /workdir/ratis-test/target/test/data/bb022a74/MiniRaftClusterWithNettydf5703b9/s4/24ac8ac7-d2c9-4c7d-87bf-01d95ddb5fbe
2019-09-26 09:45:27,902 INFO  segmented.SegmentedRaftLogWorker (SegmentedRaftLogWorker.java:<init>(172)) - new s3@group-01D95DDB5FBE-SegmentedRaftLogWorker for RaftStorage:Storage Directory /workdir/ratis-test/target/test/data/bb022a74/MiniRaftClusterWithNettydf5703b9/s3/24ac8ac7-d2c9-4c7d-87bf-01d95ddb5fbe
2019-09-26 09:45:27,902 INFO  server.RaftServerConfigKeys (ConfUtils.java:logGet(43)) - raft.server.log.queue.byte-limit = 64MB (=67108864) (default)
2019-09-26 09:45:27,902 INFO  server.RaftServerConfigKeys (ConfUtils.java:logGet(43)) - raft.server.log.queue.byte-limit = 64MB (=67108864) (default)
2019-09-26 09:45:27,903 INFO  server.RaftServerConfigKeys (ConfUtils.java:logGet(43)) - raft.server.log.queue.element-limit = 4096 (default)
2019-09-26 09:45:27,903 INFO  server.RaftServerConfigKeys (ConfUtils.java:logGet(43)) - raft.server.log.queue.element-limit = 4096 (default)
2019-09-26 09:45:27,903 INFO  server.RaftServerConfigKeys (ConfUtils.java:logGet(43)) - raft.server.log.segment.size.max = 8MB (=8388608) (default)
2019-09-26 09:45:27,903 INFO  server.RaftServerConfigKeys (ConfUtils.java:logGet(43)) - raft.server.log.segment.size.max = 8MB (=8388608) (default)
2019-09-26 09:45:27,903 INFO  server.RaftServerConfigKeys (ConfUtils.java:logGet(43)) - raft.server.log.preallocated.size = 4MB (=4194304) (default)
2019-09-26 09:45:27,903 INFO  server.RaftServerConfigKeys (ConfUtils.java:logGet(43)) - raft.server.log.preallocated.size = 4MB (=4194304) (default)
2019-09-26 09:45:27,903 INFO  server.RaftServerConfigKeys (ConfUtils.java:logGet(43)) - raft.server.log.write.buffer.size = 64KB (=65536) (default)
2019-09-26 09:45:27,903 INFO  server.RaftServerConfigKeys (ConfUtils.java:logGet(43)) - raft.server.log.write.buffer.size = 64KB (=65536) (default)
2019-09-26 09:45:27,904 INFO  server.RaftServerConfigKeys (ConfUtils.java:logGet(43)) - raft.server.log.force.sync.num = 128 (default)
2019-09-26 09:45:27,904 INFO  server.RaftServerConfigKeys (ConfUtils.java:logGet(43)) - raft.server.log.force.sync.num = 128 (default)
2019-09-26 09:45:27,904 INFO  server.RaftServerConfigKeys (ConfUtils.java:logGet(43)) - raft.server.log.statemachine.data.sync = true (default)
2019-09-26 09:45:27,904 INFO  server.RaftServerConfigKeys (ConfUtils.java:logGet(43)) - raft.server.log.statemachine.data.sync = true (default)
2019-09-26 09:45:27,904 INFO  server.RaftServerConfigKeys (ConfUtils.java:logGet(43)) - raft.server.log.statemachine.data.sync.timeout = 10s (default)
2019-09-26 09:45:27,904 INFO  server.RaftServerConfigKeys (ConfUtils.java:logGet(43)) - raft.server.log.statemachine.data.sync.timeout = 10s (default)
2019-09-26 09:45:27,904 INFO  server.RaftServerConfigKeys (ConfUtils.java:logGet(43)) - raft.server.log.statemachine.data.sync.timeout.retry = -1 (default)
2019-09-26 09:45:27,904 INFO  server.RaftServerConfigKeys (ConfUtils.java:logGet(43)) - raft.server.log.statemachine.data.sync.timeout.retry = -1 (default)
2019-09-26 09:45:27,905 INFO  server.RaftServerConfigKeys (ConfUtils.java:logGet(43)) - raft.server.log.statemachine.data.caching.enabled = false (default)
2019-09-26 09:45:27,905 INFO  server.RaftServerConfigKeys (ConfUtils.java:logGet(43)) - raft.server.log.statemachine.data.caching.enabled = false (default)
2019-09-26 09:45:27,905 INFO  segmented.SegmentedRaftLogWorker (SegmentedRaftLogWorker.java:lambda$new$0(132)) - s4@group-01D95DDB5FBE-SegmentedRaftLogWorker: flushIndex: setUnconditionally 0 -> -1
2019-09-26 09:45:27,905 INFO  segmented.SegmentedRaftLogWorker (SegmentedRaftLogWorker.java:lambda$new$0(132)) - s3@group-01D95DDB5FBE-SegmentedRaftLogWorker: flushIndex: setUnconditionally 0 -> -1
2019-09-26 09:45:27,906 INFO  server.RaftServerConfigKeys (ConfUtils.java:logGet(43)) - raft.server.snapshot.auto.trigger.enabled = false (default)
2019-09-26 09:45:27,906 INFO  server.RaftServerConfigKeys (ConfUtils.java:logGet(43)) - raft.server.snapshot.auto.trigger.enabled = false (default)
2019-09-26 09:45:27,906 INFO  server.RaftServerConfigKeys (ConfUtils.java:logGet(43)) - raft.server.snapshot.retention.file.num = -1 (default)
2019-09-26 09:45:27,906 INFO  server.RaftServerConfigKeys (ConfUtils.java:logGet(43)) - raft.server.snapshot.retention.file.num = -1 (default)
2019-09-26 09:45:27,906 INFO  server.RaftServerConfigKeys (ConfUtils.java:logGet(43)) - raft.server.retrycache.expirytime = 60s (default)
2019-09-26 09:45:27,906 INFO  server.RaftServerConfigKeys (ConfUtils.java:logGet(43)) - raft.server.retrycache.expirytime = 60s (default)
2019-09-26 09:45:27,910 INFO  impl.RaftServerImpl (RaftServerImpl.java:start(181)) - s3@group-01D95DDB5FBE: start as a follower, conf=-1: [s3:0.0.0.0:37052, s4:0.0.0.0:45551, s0:0.0.0.0:37613, s1:0.0.0.0:43999, s2:0.0.0.0:33930], old=null
2019-09-26 09:45:27,910 INFO  impl.RaftServerImpl (RaftServerImpl.java:setRole(170)) - s3@group-01D95DDB5FBE: changes role from      null to FOLLOWER at term 0 for startAsFollower
2019-09-26 09:45:27,911 INFO  impl.RoleInfo (RoleInfo.java:updateAndGet(143)) - s3: start FollowerState
2019-09-26 09:45:27,911 INFO  util.JmxRegister (JmxRegister.java:tryRegister(44)) - Successfully registered JMX Bean with object name Ratis:service=RaftServer,group=group-01D95DDB5FBE,id=s3
2019-09-26 09:45:27,914 INFO  impl.RaftServerProxy (RaftServerProxy.java:lambda$start$3(299)) - s3: start RPC server
2019-09-26 09:45:27,914 INFO  storage.RaftStorage (RaftStorage.java:format(84)) - Storage directory /workdir/ratis-test/target/test/data/bb022a74/MiniRaftClusterWithNettydf5703b9/s1/24ac8ac7-d2c9-4c7d-87bf-01d95ddb5fbe has been successfully formatted.
2019-09-26 09:45:27,914 INFO  storage.RaftStorage (RaftStorage.java:format(84)) - Storage directory /workdir/ratis-test/target/test/data/bb022a74/MiniRaftClusterWithNettydf5703b9/s0/24ac8ac7-d2c9-4c7d-87bf-01d95ddb5fbe has been successfully formatted.
2019-09-26 09:45:27,914 INFO  server.RaftServerConfigKeys (ConfUtils.java:logGet(43)) - raft.server.notification.no-leader.timeout = 60s (default)
2019-09-26 09:45:27,914 INFO  storage.RaftStorage (RaftStorage.java:format(84)) - Storage directory /workdir/ratis-test/target/test/data/bb022a74/MiniRaftClusterWithNettydf5703b9/s2/24ac8ac7-d2c9-4c7d-87bf-01d95ddb5fbe has been successfully formatted.
2019-09-26 09:45:27,914 INFO  impl.RaftServerImpl (RaftServerImpl.java:start(181)) - s4@group-01D95DDB5FBE: start as a follower, conf=-1: [s3:0.0.0.0:37052, s4:0.0.0.0:45551, s0:0.0.0.0:37613, s1:0.0.0.0:43999, s2:0.0.0.0:33930], old=null
2019-09-26 09:45:27,915 INFO  server.RaftServerConfigKeys (ConfUtils.java:logGet(43)) - raft.server.notification.no-leader.timeout = 60s (default)
2019-09-26 09:45:27,915 INFO  server.RaftServerConfigKeys (ConfUtils.java:logGet(43)) - raft.server.log.use.memory = false (default)
2019-09-26 09:45:27,915 INFO  server.RaftServerConfigKeys (ConfUtils.java:logGet(43)) - raft.server.notification.no-leader.timeout = 60s (default)
2019-09-26 09:45:27,915 INFO  server.RaftServerConfigKeys (ConfUtils.java:logGet(43)) - raft.server.log.purge.gap = 1024 (default)
2019-09-26 09:45:27,915 INFO  server.RaftServerConfigKeys (ConfUtils.java:logGet(43)) - raft.server.log.use.memory = false (default)
2019-09-26 09:45:27,915 INFO  impl.RaftServerImpl (RaftServerImpl.java:setRole(170)) - s4@group-01D95DDB5FBE: changes role from      null to FOLLOWER at term 0 for startAsFollower
2019-09-26 09:45:27,915 INFO  server.RaftServerConfigKeys (ConfUtils.java:logGet(43)) - raft.server.log.purge.gap = 1024 (default)
2019-09-26 09:45:27,915 INFO  server.RaftServerConfigKeys (ConfUtils.java:logGet(43)) - raft.server.log.appender.buffer.byte-limit = 4MB (=4194304) (default)
2019-09-26 09:45:27,915 INFO  server.RaftServerConfigKeys (ConfUtils.java:logGet(43)) - raft.server.log.use.memory = false (default)
2019-09-26 09:45:27,916 INFO  server.RaftServerConfigKeys (ConfUtils.java:logGet(43)) - raft.server.log.segment.size.max = 8MB (=8388608) (default)
2019-09-26 09:45:27,916 INFO  server.RaftServerConfigKeys (ConfUtils.java:logGet(43)) - raft.server.log.appender.buffer.byte-limit = 4MB (=4194304) (default)
2019-09-26 09:45:27,916 INFO  impl.RoleInfo (RoleInfo.java:updateAndGet(143)) - s4: start FollowerState
2019-09-26 09:45:27,916 INFO  server.RaftServerConfigKeys (ConfUtils.java:logGet(43)) - raft.server.log.segment.size.max = 8MB (=8388608) (default)
2019-09-26 09:45:27,916 INFO  server.RaftServerConfigKeys (ConfUtils.java:logGet(43)) - raft.server.log.segment.cache.num.max = 6 (default)
2019-09-26 09:45:27,916 INFO  server.RaftServerConfigKeys (ConfUtils.java:logGet(43)) - raft.server.log.purge.gap = 1024 (default)
2019-09-26 09:45:27,916 INFO  segmented.SegmentedRaftLogWorker (SegmentedRaftLogWorker.java:<init>(172)) - new s1@group-01D95DDB5FBE-SegmentedRaftLogWorker for RaftStorage:Storage Directory /workdir/ratis-test/target/test/data/bb022a74/MiniRaftClusterWithNettydf5703b9/s1/24ac8ac7-d2c9-4c7d-87bf-01d95ddb5fbe
2019-09-26 09:45:27,916 INFO  server.RaftServerConfigKeys (ConfUtils.java:logGet(43)) - raft.server.log.segment.cache.num.max = 6 (default)
2019-09-26 09:45:27,917 INFO  server.RaftServerConfigKeys (ConfUtils.java:logGet(43)) - raft.server.log.queue.byte-limit = 64MB (=67108864) (default)
2019-09-26 09:45:27,917 INFO  server.RaftServerConfigKeys (ConfUtils.java:logGet(43)) - raft.server.log.appender.buffer.byte-limit = 4MB (=4194304) (default)
2019-09-26 09:45:27,917 INFO  util.JmxRegister (JmxRegister.java:tryRegister(44)) - Successfully registered JMX Bean with object name Ratis:service=RaftServer,group=group-01D95DDB5FBE,id=s4
2019-09-26 09:45:27,917 INFO  server.RaftServerConfigKeys (ConfUtils.java:logGet(43)) - raft.server.log.segment.size.max = 8MB (=8388608) (default)
2019-09-26 09:45:27,917 INFO  server.RaftServerConfigKeys (ConfUtils.java:logGet(43)) - raft.server.log.queue.element-limit = 4096 (default)
2019-09-26 09:45:27,917 INFO  segmented.SegmentedRaftLogWorker (SegmentedRaftLogWorker.java:<init>(172)) - new s2@group-01D95DDB5FBE-SegmentedRaftLogWorker for RaftStorage:Storage Directory /workdir/ratis-test/target/test/data/bb022a74/MiniRaftClusterWithNettydf5703b9/s2/24ac8ac7-d2c9-4c7d-87bf-01d95ddb5fbe
2019-09-26 09:45:27,917 INFO  server.RaftServerConfigKeys (ConfUtils.java:logGet(43)) - raft.server.log.segment.size.max = 8MB (=8388608) (default)
2019-09-26 09:45:27,917 INFO  server.RaftServerConfigKeys (ConfUtils.java:logGet(43)) - raft.server.log.segment.cache.num.max = 6 (default)
2019-09-26 09:45:27,917 INFO  server.RaftServerConfigKeys (ConfUtils.java:logGet(43)) - raft.server.log.preallocated.size = 4MB (=4194304) (default)
2019-09-26 09:45:27,917 INFO  server.RaftServerConfigKeys (ConfUtils.java:logGet(43)) - raft.server.log.queue.byte-limit = 64MB (=67108864) (default)
2019-09-26 09:45:27,918 INFO  server.RaftServerConfigKeys (ConfUtils.java:logGet(43)) - raft.server.log.write.buffer.size = 64KB (=65536) (default)
2019-09-26 09:45:27,918 INFO  segmented.SegmentedRaftLogWorker (SegmentedRaftLogWorker.java:<init>(172)) - new s0@group-01D95DDB5FBE-SegmentedRaftLogWorker for RaftStorage:Storage Directory /workdir/ratis-test/target/test/data/bb022a74/MiniRaftClusterWithNettydf5703b9/s0/24ac8ac7-d2c9-4c7d-87bf-01d95ddb5fbe
2019-09-26 09:45:27,918 INFO  server.RaftServerConfigKeys (ConfUtils.java:logGet(43)) - raft.server.log.force.sync.num = 128 (default)
2019-09-26 09:45:27,918 INFO  server.RaftServerConfigKeys (ConfUtils.java:logGet(43)) - raft.server.log.queue.element-limit = 4096 (default)
2019-09-26 09:45:27,918 INFO  server.RaftServerConfigKeys (ConfUtils.java:logGet(43)) - raft.server.log.statemachine.data.sync = true (default)
2019-09-26 09:45:27,918 INFO  server.RaftServerConfigKeys (ConfUtils.java:logGet(43)) - raft.server.log.queue.byte-limit = 64MB (=67108864) (default)
2019-09-26 09:45:27,918 INFO  server.RaftServerConfigKeys (ConfUtils.java:logGet(43)) - raft.server.log.statemachine.data.sync.timeout = 10s (default)
2019-09-26 09:45:27,918 INFO  server.RaftServerConfigKeys (ConfUtils.java:logGet(43)) - raft.server.log.segment.size.max = 8MB (=8388608) (default)
2019-09-26 09:45:27,918 INFO  server.RaftServerConfigKeys (ConfUtils.java:logGet(43)) - raft.server.log.statemachine.data.sync.timeout.retry = -1 (default)
2019-09-26 09:45:27,918 INFO  server.RaftServerConfigKeys (ConfUtils.java:logGet(43)) - raft.server.log.queue.element-limit = 4096 (default)
2019-09-26 09:45:27,919 INFO  server.RaftServerConfigKeys (ConfUtils.java:logGet(43)) - raft.server.log.statemachine.data.caching.enabled = false (default)
2019-09-26 09:45:27,918 INFO  server.RaftServerConfigKeys (ConfUtils.java:logGet(43)) - raft.server.log.preallocated.size = 4MB (=4194304) (default)
2019-09-26 09:45:27,919 INFO  server.RaftServerConfigKeys (ConfUtils.java:logGet(43)) - raft.server.log.segment.size.max = 8MB (=8388608) (default)
2019-09-26 09:45:27,920 INFO  impl.RaftServerProxy (RaftServerProxy.java:lambda$start$3(299)) - s4: start RPC server
2019-09-26 09:45:27,919 INFO  segmented.SegmentedRaftLogWorker (SegmentedRaftLogWorker.java:lambda$new$0(132)) - s1@group-01D95DDB5FBE-SegmentedRaftLogWorker: flushIndex: setUnconditionally 0 -> -1
2019-09-26 09:45:27,919 INFO  server.RaftServerConfigKeys (ConfUtils.java:logGet(43)) - raft.server.log.write.buffer.size = 64KB (=65536) (default)
2019-09-26 09:45:27,920 INFO  server.RaftServerConfigKeys (ConfUtils.java:logGet(43)) - raft.server.log.preallocated.size = 4MB (=4194304) (default)
2019-09-26 09:45:27,920 INFO  server.RaftServerConfigKeys (ConfUtils.java:logGet(43)) - raft.server.snapshot.auto.trigger.enabled = false (default)
2019-09-26 09:45:27,920 INFO  server.RaftServerConfigKeys (ConfUtils.java:logGet(43)) - raft.server.log.force.sync.num = 128 (default)
2019-09-26 09:45:27,920 INFO  server.RaftServerConfigKeys (ConfUtils.java:logGet(43)) - raft.server.snapshot.retention.file.num = -1 (default)
2019-09-26 09:45:27,920 INFO  server.RaftServerConfigKeys (ConfUtils.java:logGet(43)) - raft.server.log.write.buffer.size = 64KB (=65536) (default)
2019-09-26 09:45:27,920 INFO  server.RaftServerConfigKeys (ConfUtils.java:logGet(43)) - raft.server.retrycache.expirytime = 60s (default)
2019-09-26 09:45:27,920 INFO  server.RaftServerConfigKeys (ConfUtils.java:logGet(43)) - raft.server.log.statemachine.data.sync = true (default)
2019-09-26 09:45:27,920 INFO  server.RaftServerConfigKeys (ConfUtils.java:logGet(43)) - raft.server.log.force.sync.num = 128 (default)
2019-09-26 09:45:27,921 INFO  server.RaftServerConfigKeys (ConfUtils.java:logGet(43)) - raft.server.log.statemachine.data.sync.timeout = 10s (default)
2019-09-26 09:45:27,921 INFO  server.RaftServerConfigKeys (ConfUtils.java:logGet(43)) - raft.server.log.statemachine.data.sync = true (default)
2019-09-26 09:45:27,921 INFO  server.RaftServerConfigKeys (ConfUtils.java:logGet(43)) - raft.server.log.statemachine.data.sync.timeout.retry = -1 (default)
2019-09-26 09:45:27,921 INFO  server.RaftServerConfigKeys (ConfUtils.java:logGet(43)) - raft.server.log.statemachine.data.sync.timeout = 10s (default)
2019-09-26 09:45:27,921 INFO  server.RaftServerConfigKeys (ConfUtils.java:logGet(43)) - raft.server.log.statemachine.data.caching.enabled = false (default)
2019-09-26 09:45:27,921 INFO  server.RaftServerConfigKeys (ConfUtils.java:logGet(43)) - raft.server.log.statemachine.data.sync.timeout.retry = -1 (default)
2019-09-26 09:45:27,921 INFO  server.RaftServerConfigKeys (ConfUtils.java:logGet(43)) - raft.server.log.statemachine.data.caching.enabled = false (default)
2019-09-26 09:45:27,921 INFO  segmented.SegmentedRaftLogWorker (SegmentedRaftLogWorker.java:lambda$new$0(132)) - s2@group-01D95DDB5FBE-SegmentedRaftLogWorker: flushIndex: setUnconditionally 0 -> -1
2019-09-26 09:45:27,922 INFO  segmented.SegmentedRaftLogWorker (SegmentedRaftLogWorker.java:lambda$new$0(132)) - s0@group-01D95DDB5FBE-SegmentedRaftLogWorker: flushIndex: setUnconditionally 0 -> -1
2019-09-26 09:45:27,922 INFO  server.RaftServerConfigKeys (ConfUtils.java:logGet(43)) - raft.server.snapshot.auto.trigger.enabled = false (default)
2019-09-26 09:45:27,922 INFO  server.RaftServerConfigKeys (ConfUtils.java:logGet(43)) - raft.server.snapshot.retention.file.num = -1 (default)
2019-09-26 09:45:27,922 INFO  server.RaftServerConfigKeys (ConfUtils.java:logGet(43)) - raft.server.snapshot.auto.trigger.enabled = false (default)
2019-09-26 09:45:27,922 INFO  server.RaftServerConfigKeys (ConfUtils.java:logGet(43)) - raft.server.retrycache.expirytime = 60s (default)
2019-09-26 09:45:27,922 INFO  server.RaftServerConfigKeys (ConfUtils.java:logGet(43)) - raft.server.snapshot.retention.file.num = -1 (default)
2019-09-26 09:45:27,922 INFO  server.RaftServerConfigKeys (ConfUtils.java:logGet(43)) - raft.server.retrycache.expirytime = 60s (default)
2019-09-26 09:45:27,925 INFO  impl.RaftServerImpl (RaftServerImpl.java:start(181)) - s0@group-01D95DDB5FBE: start as a follower, conf=-1: [s3:0.0.0.0:37052, s4:0.0.0.0:45551, s0:0.0.0.0:37613, s1:0.0.0.0:43999, s2:0.0.0.0:33930], old=null
2019-09-26 09:45:27,925 INFO  impl.RaftServerImpl (RaftServerImpl.java:setRole(170)) - s0@group-01D95DDB5FBE: changes role from      null to FOLLOWER at term 0 for startAsFollower
2019-09-26 09:45:27,925 INFO  impl.RoleInfo (RoleInfo.java:updateAndGet(143)) - s0: start FollowerState
2019-09-26 09:45:27,926 INFO  util.JmxRegister (JmxRegister.java:tryRegister(44)) - Successfully registered JMX Bean with object name Ratis:service=RaftServer,group=group-01D95DDB5FBE,id=s0
2019-09-26 09:45:27,928 INFO  impl.RaftServerProxy (RaftServerProxy.java:lambda$start$3(299)) - s0: start RPC server
2019-09-26 09:45:27,929 INFO  impl.RaftServerImpl (RaftServerImpl.java:start(181)) - s1@group-01D95DDB5FBE: start as a follower, conf=-1: [s3:0.0.0.0:37052, s4:0.0.0.0:45551, s0:0.0.0.0:37613, s1:0.0.0.0:43999, s2:0.0.0.0:33930], old=null
2019-09-26 09:45:27,929 INFO  impl.RaftServerImpl (RaftServerImpl.java:setRole(170)) - s1@group-01D95DDB5FBE: changes role from      null to FOLLOWER at term 0 for startAsFollower
2019-09-26 09:45:27,929 INFO  impl.RoleInfo (RoleInfo.java:updateAndGet(143)) - s1: start FollowerState
2019-09-26 09:45:27,930 INFO  util.JmxRegister (JmxRegister.java:tryRegister(44)) - Successfully registered JMX Bean with object name Ratis:service=RaftServer,group=group-01D95DDB5FBE,id=s1
2019-09-26 09:45:27,932 INFO  impl.RaftServerProxy (RaftServerProxy.java:lambda$start$3(299)) - s1: start RPC server
2019-09-26 09:45:27,933 INFO  impl.RaftServerImpl (RaftServerImpl.java:start(181)) - s2@group-01D95DDB5FBE: start as a follower, conf=-1: [s3:0.0.0.0:37052, s4:0.0.0.0:45551, s0:0.0.0.0:37613, s1:0.0.0.0:43999, s2:0.0.0.0:33930], old=null
2019-09-26 09:45:27,933 INFO  impl.RaftServerImpl (RaftServerImpl.java:setRole(170)) - s2@group-01D95DDB5FBE: changes role from      null to FOLLOWER at term 0 for startAsFollower
2019-09-26 09:45:27,933 INFO  impl.RoleInfo (RoleInfo.java:updateAndGet(143)) - s2: start FollowerState
2019-09-26 09:45:27,934 INFO  util.JmxRegister (JmxRegister.java:tryRegister(44)) - Successfully registered JMX Bean with object name Ratis:service=RaftServer,group=group-01D95DDB5FBE,id=s2
2019-09-26 09:45:27,939 INFO  impl.RaftServerProxy (RaftServerProxy.java:lambda$start$3(299)) - s2: start RPC server
2019-09-26 09:45:27,942 INFO  server.RaftServerConfigKeys (ConfUtils.java:logGet(43)) - raft.server.rpc.timeout.max = 300ms (default)
2019-09-26 09:45:27,942 INFO  ratis.RaftTestUtil (RaftTestUtil.java:waitForLeader(86)) - printing ALL groups
  s3:  RUNNING  FOLLOWER s3@group-01D95DDB5FBE:t0, leader=null, voted=null, raftlog=s3@group-01D95DDB5FBE-SegmentedRaftLog:OPENED:c-1,f-1,i0, conf=-1: [s3:0.0.0.0:37052, s4:0.0.0.0:45551, s0:0.0.0.0:37613, s1:0.0.0.0:43999, s2:0.0.0.0:33930], old=null RUNNING
  s4:  RUNNING  FOLLOWER s4@group-01D95DDB5FBE:t0, leader=null, voted=null, raftlog=s4@group-01D95DDB5FBE-SegmentedRaftLog:OPENED:c-1,f-1,i0, conf=-1: [s3:0.0.0.0:37052, s4:0.0.0.0:45551, s0:0.0.0.0:37613, s1:0.0.0.0:43999, s2:0.0.0.0:33930], old=null RUNNING
  s0:  RUNNING  FOLLOWER s0@group-01D95DDB5FBE:t0, leader=null, voted=null, raftlog=s0@group-01D95DDB5FBE-SegmentedRaftLog:OPENED:c-1,f-1,i0, conf=-1: [s3:0.0.0.0:37052, s4:0.0.0.0:45551, s0:0.0.0.0:37613, s1:0.0.0.0:43999, s2:0.0.0.0:33930], old=null RUNNING
  s1:  RUNNING  FOLLOWER s1@group-01D95DDB5FBE:t0, leader=null, voted=null, raftlog=s1@group-01D95DDB5FBE-SegmentedRaftLog:OPENED:c-1,f-1,i0, conf=-1: [s3:0.0.0.0:37052, s4:0.0.0.0:45551, s0:0.0.0.0:37613, s1:0.0.0.0:43999, s2:0.0.0.0:33930], old=null RUNNING
  s2:  RUNNING  FOLLOWER s2@group-01D95DDB5FBE:t0, leader=null, voted=null, raftlog=s2@group-01D95DDB5FBE-SegmentedRaftLog:OPENED:c-1,f-1,i0, conf=-1: [s3:0.0.0.0:37052, s4:0.0.0.0:45551, s0:0.0.0.0:37613, s1:0.0.0.0:43999, s2:0.0.0.0:33930], old=null RUNNING
2019-09-26 09:45:27,943 WARN  ratis.RaftTestUtil (JavaUtils.java:attempt(158)) - FAILED "waitForLeader-null-(expectLeader? true)", attempt #1/100: java.lang.IllegalStateException: No leader yet : printing ALL groups
  s3:  RUNNING  FOLLOWER s3@group-01D95DDB5FBE:t0, leader=null, voted=null, raftlog=s3@group-01D95DDB5FBE-SegmentedRaftLog:OPENED:c-1,f-1,i0, conf=-1: [s3:0.0.0.0:37052, s4:0.0.0.0:45551, s0:0.0.0.0:37613, s1:0.0.0.0:43999, s2:0.0.0.0:33930], old=null RUNNING
  s4:  RUNNING  FOLLOWER s4@group-01D95DDB5FBE:t0, leader=null, voted=null, raftlog=s4@group-01D95DDB5FBE-SegmentedRaftLog:OPENED:c-1,f-1,i0, conf=-1: [s3:0.0.0.0:37052, s4:0.0.0.0:45551, s0:0.0.0.0:37613, s1:0.0.0.0:43999, s2:0.0.0.0:33930], old=null RUNNING
  s0:  RUNNING  FOLLOWER s0@group-01D95DDB5FBE:t0, leader=null, voted=null, raftlog=s0@group-01D95DDB5FBE-SegmentedRaftLog:OPENED:c-1,f-1,i0, conf=-1: [s3:0.0.0.0:37052, s4:0.0.0.0:45551, s0:0.0.0.0:37613, s1:0.0.0.0:43999, s2:0.0.0.0:33930], old=null RUNNING
  s1:  RUNNING  FOLLOWER s1@group-01D95DDB5FBE:t0, leader=null, voted=null, raftlog=s1@group-01D95DDB5FBE-SegmentedRaftLog:OPENED:c-1,f-1,i0, conf=-1: [s3:0.0.0.0:37052, s4:0.0.0.0:45551, s0:0.0.0.0:37613, s1:0.0.0.0:43999, s2:0.0.0.0:33930], old=null RUNNING
  s2:  RUNNING  FOLLOWER s2@group-01D95DDB5FBE:t0, leader=null, voted=null, raftlog=s2@group-01D95DDB5FBE-SegmentedRaftLog:OPENED:c-1,f-1,i0, conf=-1: [s3:0.0.0.0:37052, s4:0.0.0.0:45551, s0:0.0.0.0:37613, s1:0.0.0.0:43999, s2:0.0.0.0:33930], old=null RUNNING, sleep 450ms and then retry.
java.lang.IllegalStateException: No leader yet : printing ALL groups
  s3:  RUNNING  FOLLOWER s3@group-01D95DDB5FBE:t0, leader=null, voted=null, raftlog=s3@group-01D95DDB5FBE-SegmentedRaftLog:OPENED:c-1,f-1,i0, conf=-1: [s3:0.0.0.0:37052, s4:0.0.0.0:45551, s0:0.0.0.0:37613, s1:0.0.0.0:43999, s2:0.0.0.0:33930], old=null RUNNING
  s4:  RUNNING  FOLLOWER s4@group-01D95DDB5FBE:t0, leader=null, voted=null, raftlog=s4@group-01D95DDB5FBE-SegmentedRaftLog:OPENED:c-1,f-1,i0, conf=-1: [s3:0.0.0.0:37052, s4:0.0.0.0:45551, s0:0.0.0.0:37613, s1:0.0.0.0:43999, s2:0.0.0.0:33930], old=null RUNNING
  s0:  RUNNING  FOLLOWER s0@group-01D95DDB5FBE:t0, leader=null, voted=null, raftlog=s0@group-01D95DDB5FBE-SegmentedRaftLog:OPENED:c-1,f-1,i0, conf=-1: [s3:0.0.0.0:37052, s4:0.0.0.0:45551, s0:0.0.0.0:37613, s1:0.0.0.0:43999, s2:0.0.0.0:33930], old=null RUNNING
  s1:  RUNNING  FOLLOWER s1@group-01D95DDB5FBE:t0, leader=null, voted=null, raftlog=s1@group-01D95DDB5FBE-SegmentedRaftLog:OPENED:c-1,f-1,i0, conf=-1: [s3:0.0.0.0:37052, s4:0.0.0.0:45551, s0:0.0.0.0:37613, s1:0.0.0.0:43999, s2:0.0.0.0:33930], old=null RUNNING
  s2:  RUNNING  FOLLOWER s2@group-01D95DDB5FBE:t0, leader=null, voted=null, raftlog=s2@group-01D95DDB5FBE-SegmentedRaftLog:OPENED:c-1,f-1,i0, conf=-1: [s3:0.0.0.0:37052, s4:0.0.0.0:45551, s0:0.0.0.0:37613, s1:0.0.0.0:43999, s2:0.0.0.0:33930], old=null RUNNING
	at org.apache.ratis.MiniRaftCluster.newIllegalStateExceptionForNoLeaders(MiniRaftCluster.java:506)
	at org.apache.ratis.RaftTestUtil.lambda$waitForLeader$1(RaftTestUtil.java:90)
	at org.apache.ratis.MiniRaftCluster.getLeader(MiniRaftCluster.java:539)
	at org.apache.ratis.MiniRaftCluster.getLeader(MiniRaftCluster.java:532)
	at org.apache.ratis.RaftTestUtil.lambda$waitForLeader$3(RaftTestUtil.java:98)
	at org.apache.ratis.util.JavaUtils.attempt(JavaUtils.java:152)
	at org.apache.ratis.RaftTestUtil.waitForLeader(RaftTestUtil.java:97)
	at org.apache.ratis.RaftTestUtil.waitForLeader(RaftTestUtil.java:77)
	at org.apache.ratis.RaftTestUtil.waitForLeader(RaftTestUtil.java:72)
	at org.apache.ratis.server.impl.RaftReconfigurationBaseTest.runTestRevertConfigurationChange(RaftReconfigurationBaseTest.java:488)
	at org.apache.ratis.MiniRaftCluster$Factory$Get.runWithNewCluster(MiniRaftCluster.java:125)
	at org.apache.ratis.MiniRaftCluster$Factory$Get.runWithNewCluster(MiniRaftCluster.java:113)
	at org.apache.ratis.server.impl.RaftReconfigurationBaseTest.testRevertConfigurationChange(RaftReconfigurationBaseTest.java:482)
	at sun.reflect.NativeMethodAccessorImpl.invoke0(Native Method)
	at sun.reflect.NativeMethodAccessorImpl.invoke(NativeMethodAccessorImpl.java:62)
	at sun.reflect.DelegatingMethodAccessorImpl.invoke(DelegatingMethodAccessorImpl.java:43)
	at java.lang.reflect.Method.invoke(Method.java:498)
	at org.junit.runners.model.FrameworkMethod$1.runReflectiveCall(FrameworkMethod.java:50)
	at org.junit.internal.runners.model.ReflectiveCallable.run(ReflectiveCallable.java:12)
	at org.junit.runners.model.FrameworkMethod.invokeExplosively(FrameworkMethod.java:47)
	at org.junit.internal.runners.statements.InvokeMethod.evaluate(InvokeMethod.java:17)
	at org.junit.internal.runners.statements.RunAfters.evaluate(RunAfters.java:27)
	at org.junit.internal.runners.statements.FailOnTimeout$CallableStatement.call(FailOnTimeout.java:298)
	at org.junit.internal.runners.statements.FailOnTimeout$CallableStatement.call(FailOnTimeout.java:292)
	at java.util.concurrent.FutureTask.run(FutureTask.java:266)
	at java.lang.Thread.run(Thread.java:748)
2019-09-26 09:45:28,085 INFO  impl.FollowerState (FollowerState.java:run(108)) - s4@group-01D95DDB5FBE-FollowerState: change to CANDIDATE, lastRpcTime:169ms, electionTimeout:168ms
2019-09-26 09:45:28,086 INFO  impl.RoleInfo (RoleInfo.java:shutdownFollowerState(121)) - s4: shutdown FollowerState
2019-09-26 09:45:28,087 INFO  impl.RaftServerImpl (RaftServerImpl.java:setRole(170)) - s4@group-01D95DDB5FBE: changes role from  FOLLOWER to CANDIDATE at term 0 for changeToCandidate
2019-09-26 09:45:28,087 INFO  impl.RoleInfo (RoleInfo.java:updateAndGet(143)) - s4: start LeaderElection
2019-09-26 09:45:28,094 INFO  impl.LeaderElection (LeaderElection.java:askForVotes(178)) - s4@group-01D95DDB5FBE-LeaderElection10: begin an election at term 1 for -1: [s3:0.0.0.0:37052, s4:0.0.0.0:45551, s0:0.0.0.0:37613, s1:0.0.0.0:43999, s2:0.0.0.0:33930], old=null
2019-09-26 09:45:28,101 INFO  logging.LoggingHandler (AbstractInternalLogger.java:log(150)) - [id: 0xc1ce39cd, L:/0.0.0.0:37613] READ: [id: 0x8e64b740, L:/192.168.30.59:37613 - R:/192.168.30.59:45112]
2019-09-26 09:45:28,101 INFO  logging.LoggingHandler (AbstractInternalLogger.java:log(150)) - [id: 0x822067fe, L:/0.0.0.0:37052] READ: [id: 0xbeadea44, L:/192.168.30.59:37052 - R:/192.168.30.59:53918]
2019-09-26 09:45:28,101 INFO  logging.LoggingHandler (AbstractInternalLogger.java:log(150)) - [id: 0xc1ce39cd, L:/0.0.0.0:37613] READ COMPLETE
2019-09-26 09:45:28,101 INFO  logging.LoggingHandler (AbstractInternalLogger.java:log(150)) - [id: 0x77c11ede, L:/0.0.0.0:33930] READ: [id: 0xfabd4096, L:/192.168.30.59:33930 - R:/192.168.30.59:44890]
2019-09-26 09:45:28,101 INFO  logging.LoggingHandler (AbstractInternalLogger.java:log(150)) - [id: 0x3a130ec0, L:/0.0.0.0:43999] READ: [id: 0xa7c89e61, L:/192.168.30.59:43999 - R:/192.168.30.59:37432]
2019-09-26 09:45:28,102 INFO  logging.LoggingHandler (AbstractInternalLogger.java:log(150)) - [id: 0x77c11ede, L:/0.0.0.0:33930] READ COMPLETE
2019-09-26 09:45:28,101 INFO  logging.LoggingHandler (AbstractInternalLogger.java:log(150)) - [id: 0x822067fe, L:/0.0.0.0:37052] READ COMPLETE
2019-09-26 09:45:28,102 INFO  logging.LoggingHandler (AbstractInternalLogger.java:log(150)) - [id: 0x3a130ec0, L:/0.0.0.0:43999] READ COMPLETE
2019-09-26 09:45:28,103 INFO  impl.FollowerState (FollowerState.java:run(108)) - s2@group-01D95DDB5FBE-FollowerState: change to CANDIDATE, lastRpcTime:169ms, electionTimeout:169ms
2019-09-26 09:45:28,103 DEBUG impl.RaftServerImpl (RaftServerImpl.java:requestVote(743)) - s3@group-01D95DDB5FBE: receive requestVote(s4, group-01D95DDB5FBE, 1, (t:0, i:0))
2019-09-26 09:45:28,103 INFO  impl.RoleInfo (RoleInfo.java:shutdownFollowerState(121)) - s2: shutdown FollowerState
2019-09-26 09:45:28,103 DEBUG impl.RaftServerImpl (RaftServerImpl.java:requestVote(743)) - s0@group-01D95DDB5FBE: receive requestVote(s4, group-01D95DDB5FBE, 1, (t:0, i:0))
2019-09-26 09:45:28,104 DEBUG impl.RaftServerImpl (RaftServerImpl.java:requestVote(743)) - s1@group-01D95DDB5FBE: receive requestVote(s4, group-01D95DDB5FBE, 1, (t:0, i:0))
2019-09-26 09:45:28,104 INFO  impl.RaftServerImpl (RaftServerImpl.java:setRole(170)) - s2@group-01D95DDB5FBE: changes role from  FOLLOWER to CANDIDATE at term 0 for changeToCandidate
2019-09-26 09:45:28,103 INFO  impl.RaftServerImpl (RaftServerImpl.java:setRole(170)) - s3@group-01D95DDB5FBE: changes role from  FOLLOWER to FOLLOWER at term 1 for recognizeCandidate:s4
2019-09-26 09:45:28,104 DEBUG impl.RaftServerImpl (RaftServerImpl.java:requestVote(743)) - s2@group-01D95DDB5FBE: receive requestVote(s4, group-01D95DDB5FBE, 1, (t:0, i:0))
2019-09-26 09:45:28,104 INFO  impl.RoleInfo (RoleInfo.java:updateAndGet(143)) - s2: start LeaderElection
2019-09-26 09:45:28,104 INFO  impl.RaftServerImpl (RaftServerImpl.java:setRole(170)) - s1@group-01D95DDB5FBE: changes role from  FOLLOWER to FOLLOWER at term 1 for recognizeCandidate:s4
2019-09-26 09:45:28,107 INFO  impl.RaftServerImpl (RaftServerImpl.java:setRole(170)) - s2@group-01D95DDB5FBE: changes role from CANDIDATE to FOLLOWER at term 1 for recognizeCandidate:s4
2019-09-26 09:45:28,108 INFO  impl.RoleInfo (RoleInfo.java:shutdownLeaderElection(134)) - s2: shutdown LeaderElection
2019-09-26 09:45:28,104 INFO  impl.RaftServerImpl (RaftServerImpl.java:setRole(170)) - s0@group-01D95DDB5FBE: changes role from  FOLLOWER to FOLLOWER at term 1 for recognizeCandidate:s4
2019-09-26 09:45:28,108 INFO  impl.RoleInfo (RoleInfo.java:updateAndGet(143)) - s2: start FollowerState
2019-09-26 09:45:28,107 INFO  impl.RoleInfo (RoleInfo.java:shutdownFollowerState(121)) - s1: shutdown FollowerState
2019-09-26 09:45:28,105 INFO  impl.RoleInfo (RoleInfo.java:shutdownFollowerState(121)) - s3: shutdown FollowerState
2019-09-26 09:45:28,109 INFO  impl.FollowerState (FollowerState.java:run(117)) - s1@group-01D95DDB5FBE-FollowerState was interrupted: java.lang.InterruptedException: sleep interrupted
2019-09-26 09:45:28,109 INFO  impl.RoleInfo (RoleInfo.java:updateAndGet(143)) - s1: start FollowerState
2019-09-26 09:45:28,108 INFO  impl.RoleInfo (RoleInfo.java:shutdownFollowerState(121)) - s0: shutdown FollowerState
2019-09-26 09:45:28,109 INFO  impl.FollowerState (FollowerState.java:run(117)) - s3@group-01D95DDB5FBE-FollowerState was interrupted: java.lang.InterruptedException: sleep interrupted
2019-09-26 09:45:28,111 INFO  impl.FollowerState (FollowerState.java:run(117)) - s0@group-01D95DDB5FBE-FollowerState was interrupted: java.lang.InterruptedException: sleep interrupted
2019-09-26 09:45:28,109 INFO  impl.RoleInfo (RoleInfo.java:updateAndGet(143)) - s3: start FollowerState
2019-09-26 09:45:28,111 INFO  impl.RoleInfo (RoleInfo.java:updateAndGet(143)) - s0: start FollowerState
2019-09-26 09:45:28,122 DEBUG impl.RaftServerImpl (RaftServerImpl.java:requestVote(775)) - s0@group-01D95DDB5FBE replies to vote request: s4<-s0#0:OK-t1. Peer's state: s0@group-01D95DDB5FBE:t1, leader=null, voted=s4, raftlog=s0@group-01D95DDB5FBE-SegmentedRaftLog:OPENED:c-1,f-1,i0, conf=-1: [s3:0.0.0.0:37052, s4:0.0.0.0:45551, s0:0.0.0.0:37613, s1:0.0.0.0:43999, s2:0.0.0.0:33930], old=null
2019-09-26 09:45:28,122 DEBUG impl.RaftServerImpl (RaftServerImpl.java:requestVote(775)) - s3@group-01D95DDB5FBE replies to vote request: s4<-s3#0:OK-t1. Peer's state: s3@group-01D95DDB5FBE:t1, leader=null, voted=s4, raftlog=s3@group-01D95DDB5FBE-SegmentedRaftLog:OPENED:c-1,f-1,i0, conf=-1: [s3:0.0.0.0:37052, s4:0.0.0.0:45551, s0:0.0.0.0:37613, s1:0.0.0.0:43999, s2:0.0.0.0:33930], old=null
2019-09-26 09:45:28,122 DEBUG impl.RaftServerImpl (RaftServerImpl.java:requestVote(775)) - s2@group-01D95DDB5FBE replies to vote request: s4<-s2#0:FAIL-t1. Peer's state: s2@group-01D95DDB5FBE:t1, leader=null, voted=null, raftlog=s2@group-01D95DDB5FBE-SegmentedRaftLog:OPENED:c-1,f-1,i0, conf=-1: [s3:0.0.0.0:37052, s4:0.0.0.0:45551, s0:0.0.0.0:37613, s1:0.0.0.0:43999, s2:0.0.0.0:33930], old=null
2019-09-26 09:45:28,122 DEBUG impl.RaftServerImpl (RaftServerImpl.java:requestVote(775)) - s1@group-01D95DDB5FBE replies to vote request: s4<-s1#0:OK-t1. Peer's state: s1@group-01D95DDB5FBE:t1, leader=null, voted=s4, raftlog=s1@group-01D95DDB5FBE-SegmentedRaftLog:OPENED:c-1,f-1,i0, conf=-1: [s3:0.0.0.0:37052, s4:0.0.0.0:45551, s0:0.0.0.0:37613, s1:0.0.0.0:43999, s2:0.0.0.0:33930], old=null
2019-09-26 09:45:28,127 INFO  impl.LeaderElection (LeaderElection.java:logAndReturn(56)) - s4@group-01D95DDB5FBE-LeaderElection10: Election PASSED; received 2 response(s) [s4<-s3#0:OK-t1, s4<-s0#0:OK-t1] and 0 exception(s); s4@group-01D95DDB5FBE:t1, leader=null, voted=s4, raftlog=s4@group-01D95DDB5FBE-SegmentedRaftLog:OPENED:c-1,f-1,i0, conf=-1: [s3:0.0.0.0:37052, s4:0.0.0.0:45551, s0:0.0.0.0:37613, s1:0.0.0.0:43999, s2:0.0.0.0:33930], old=null
2019-09-26 09:45:28,127 INFO  impl.RoleInfo (RoleInfo.java:shutdownLeaderElection(134)) - s4: shutdown LeaderElection
2019-09-26 09:45:28,130 INFO  impl.RaftServerImpl (RaftServerImpl.java:setRole(170)) - s4@group-01D95DDB5FBE: changes role from CANDIDATE to LEADER at term 1 for changeToLeader
2019-09-26 09:45:28,130 INFO  impl.RaftServerImpl (ServerState.java:setLeader(254)) - s4@group-01D95DDB5FBE: change Leader from null to s4 at term 1 for becomeLeader, leader elected after 230ms
2019-09-26 09:45:28,130 INFO  server.RaftServerConfigKeys (ConfUtils.java:logGet(43)) - raft.server.staging.catchup.gap = 10 (custom)
2019-09-26 09:45:28,130 INFO  server.RaftServerConfigKeys (ConfUtils.java:logGet(43)) - raft.server.rpc.sleep.time = 25ms (default)
2019-09-26 09:45:28,130 INFO  server.RaftServerConfigKeys (ConfUtils.java:logGet(43)) - raft.server.write.element-limit = 4096 (default)
2019-09-26 09:45:28,131 INFO  server.RaftServerConfigKeys (ConfUtils.java:logGet(43)) - raft.server.watch.timeout = 10s (default)
2019-09-26 09:45:28,131 INFO  server.RaftServerConfigKeys (ConfUtils.java:logGet(43)) - raft.server.watch.timeout.denomination = 1s (default)
2019-09-26 09:45:28,131 INFO  server.RaftServerConfigKeys (ConfUtils.java:logGet(43)) - raft.server.watch.element-limit = 65536 (default)
2019-09-26 09:45:28,134 INFO  server.RaftServerConfigKeys (ConfUtils.java:logGet(43)) - raft.server.log.appender.snapshot.chunk.size.max = 16MB (=16777216) (default)
2019-09-26 09:45:28,134 INFO  server.RaftServerConfigKeys (ConfUtils.java:logGet(43)) - raft.server.log.appender.buffer.byte-limit = 4MB (=4194304) (default)
2019-09-26 09:45:28,135 INFO  server.RaftServerConfigKeys (ConfUtils.java:logGet(43)) - raft.server.log.appender.buffer.element-limit = 0 (default)
2019-09-26 09:45:28,135 INFO  server.RaftServerConfigKeys (ConfUtils.java:logGet(43)) - raft.server.log.appender.snapshot.chunk.size.max = 16MB (=16777216) (default)
2019-09-26 09:45:28,135 INFO  server.RaftServerConfigKeys (ConfUtils.java:logGet(43)) - raft.server.log.appender.buffer.byte-limit = 4MB (=4194304) (default)
2019-09-26 09:45:28,136 INFO  server.RaftServerConfigKeys (ConfUtils.java:logGet(43)) - raft.server.log.appender.buffer.element-limit = 0 (default)
2019-09-26 09:45:28,136 INFO  server.RaftServerConfigKeys (ConfUtils.java:logGet(43)) - raft.server.log.appender.snapshot.chunk.size.max = 16MB (=16777216) (default)
2019-09-26 09:45:28,136 INFO  server.RaftServerConfigKeys (ConfUtils.java:logGet(43)) - raft.server.log.appender.buffer.byte-limit = 4MB (=4194304) (default)
2019-09-26 09:45:28,136 INFO  server.RaftServerConfigKeys (ConfUtils.java:logGet(43)) - raft.server.log.appender.buffer.element-limit = 0 (default)
2019-09-26 09:45:28,137 INFO  server.RaftServerConfigKeys (ConfUtils.java:logGet(43)) - raft.server.log.appender.snapshot.chunk.size.max = 16MB (=16777216) (default)
2019-09-26 09:45:28,137 INFO  server.RaftServerConfigKeys (ConfUtils.java:logGet(43)) - raft.server.log.appender.buffer.byte-limit = 4MB (=4194304) (default)
2019-09-26 09:45:28,137 INFO  server.RaftServerConfigKeys (ConfUtils.java:logGet(43)) - raft.server.log.appender.buffer.element-limit = 0 (default)
2019-09-26 09:45:28,137 INFO  impl.RoleInfo (RoleInfo.java:updateAndGet(143)) - s4: start LeaderState
2019-09-26 09:45:28,138 INFO  segmented.SegmentedRaftLogWorker (SegmentedRaftLogWorker.java:startLogSegment(380)) - s4@group-01D95DDB5FBE-SegmentedRaftLogWorker: Starting segment from index:0
2019-09-26 09:45:28,141 INFO  impl.RaftServerImpl (ServerState.java:setRaftConf(355)) - s4@group-01D95DDB5FBE: set configuration 0: [s3:0.0.0.0:37052, s4:0.0.0.0:45551, s0:0.0.0.0:37613, s1:0.0.0.0:43999, s2:0.0.0.0:33930], old=null at 0
2019-09-26 09:45:28,146 INFO  impl.RaftServerImpl (ServerState.java:setLeader(254)) - s0@group-01D95DDB5FBE: change Leader from null to s4 at term 1 for appendEntries, leader elected after 231ms
2019-09-26 09:45:28,146 INFO  impl.RaftServerImpl (ServerState.java:setLeader(254)) - s3@group-01D95DDB5FBE: change Leader from null to s4 at term 1 for appendEntries, leader elected after 246ms
2019-09-26 09:45:28,146 INFO  impl.RaftServerImpl (ServerState.java:setLeader(254)) - s1@group-01D95DDB5FBE: change Leader from null to s4 at term 1 for appendEntries, leader elected after 231ms
2019-09-26 09:45:28,150 DEBUG impl.RaftServerImpl (RaftServerImpl.java:logAppendEntries(850)) - s0@group-01D95DDB5FBE: receive appendEntries(s4, 1, null, -1, false, commits[s4:c-1, s3:c-1, s0:c-1, s1:c-1, s2:c-1], entries: (t:1, i:0), CONFIGURATIONENTRY
2019-09-26 09:45:28,150 DEBUG impl.RaftServerImpl (RaftServerImpl.java:logAppendEntries(850)) - s3@group-01D95DDB5FBE: receive appendEntries(s4, 1, null, -1, false, commits[s4:c-1, s3:c-1, s0:c-1, s1:c-1, s2:c-1], entries: (t:1, i:0), CONFIGURATIONENTRY
2019-09-26 09:45:28,150 INFO  impl.RaftServerImpl (ServerState.java:setRaftConf(355)) - s0@group-01D95DDB5FBE: set configuration 0: [s3:0.0.0.0:37052, s4:0.0.0.0:45551, s0:0.0.0.0:37613, s1:0.0.0.0:43999, s2:0.0.0.0:33930], old=null at 0
2019-09-26 09:45:28,151 INFO  impl.RaftServerImpl (ServerState.java:setRaftConf(355)) - s3@group-01D95DDB5FBE: set configuration 0: [s3:0.0.0.0:37052, s4:0.0.0.0:45551, s0:0.0.0.0:37613, s1:0.0.0.0:43999, s2:0.0.0.0:33930], old=null at 0
2019-09-26 09:45:28,151 DEBUG impl.RaftServerImpl (RaftServerImpl.java:logAppendEntries(850)) - s1@group-01D95DDB5FBE: receive appendEntries(s4, 1, null, -1, false, commits[s4:c-1, s3:c-1, s0:c-1, s1:c-1, s2:c-1], entries: (t:1, i:0), CONFIGURATIONENTRY
2019-09-26 09:45:28,151 INFO  segmented.SegmentedRaftLogWorker (SegmentedRaftLogWorker.java:startLogSegment(380)) - s3@group-01D95DDB5FBE-SegmentedRaftLogWorker: Starting segment from index:0
2019-09-26 09:45:28,151 INFO  segmented.SegmentedRaftLogWorker (SegmentedRaftLogWorker.java:startLogSegment(380)) - s0@group-01D95DDB5FBE-SegmentedRaftLogWorker: Starting segment from index:0
2019-09-26 09:45:28,151 INFO  impl.RaftServerImpl (ServerState.java:setRaftConf(355)) - s1@group-01D95DDB5FBE: set configuration 0: [s3:0.0.0.0:37052, s4:0.0.0.0:45551, s0:0.0.0.0:37613, s1:0.0.0.0:43999, s2:0.0.0.0:33930], old=null at 0
2019-09-26 09:45:28,152 INFO  segmented.SegmentedRaftLogWorker (SegmentedRaftLogWorker.java:startLogSegment(380)) - s1@group-01D95DDB5FBE-SegmentedRaftLogWorker: Starting segment from index:0
2019-09-26 09:45:28,385 INFO  segmented.SegmentedRaftLogWorker (SegmentedRaftLogWorker.java:execute(569)) - s4@group-01D95DDB5FBE-SegmentedRaftLogWorker: created new log segment /workdir/ratis-test/target/test/data/bb022a74/MiniRaftClusterWithNettydf5703b9/s4/24ac8ac7-d2c9-4c7d-87bf-01d95ddb5fbe/current/log_inprogress_0
2019-09-26 09:45:28,387 INFO  impl.FollowerState (FollowerState.java:run(108)) - s2@group-01D95DDB5FBE-FollowerState: change to CANDIDATE, lastRpcTime:278ms, electionTimeout:160ms
2019-09-26 09:45:28,387 INFO  impl.LeaderElection (LeaderElection.java:askForVotes(178)) - s2@group-01D95DDB5FBE-LeaderElection11: begin an election at term 2 for -1: [s3:0.0.0.0:37052, s4:0.0.0.0:45551, s0:0.0.0.0:37613, s1:0.0.0.0:43999, s2:0.0.0.0:33930], old=null
2019-09-26 09:45:28,387 INFO  impl.RoleInfo (RoleInfo.java:shutdownFollowerState(121)) - s2: shutdown FollowerState
2019-09-26 09:45:28,387 INFO  segmented.SegmentedRaftLogWorker (SegmentedRaftLogWorker.java:execute(569)) - s0@group-01D95DDB5FBE-SegmentedRaftLogWorker: created new log segment /workdir/ratis-test/target/test/data/bb022a74/MiniRaftClusterWithNettydf5703b9/s0/24ac8ac7-d2c9-4c7d-87bf-01d95ddb5fbe/current/log_inprogress_0
2019-09-26 09:45:28,387 INFO  impl.RaftServerImpl (RaftServerImpl.java:setRole(170)) - s2@group-01D95DDB5FBE: changes role from  FOLLOWER to CANDIDATE at term 2 for changeToCandidate
2019-09-26 09:45:28,387 INFO  segmented.SegmentedRaftLogWorker (SegmentedRaftLogWorker.java:execute(569)) - s1@group-01D95DDB5FBE-SegmentedRaftLogWorker: created new log segment /workdir/ratis-test/target/test/data/bb022a74/MiniRaftClusterWithNettydf5703b9/s1/24ac8ac7-d2c9-4c7d-87bf-01d95ddb5fbe/current/log_inprogress_0
2019-09-26 09:45:28,387 INFO  segmented.SegmentedRaftLogWorker (SegmentedRaftLogWorker.java:execute(569)) - s3@group-01D95DDB5FBE-SegmentedRaftLogWorker: created new log segment /workdir/ratis-test/target/test/data/bb022a74/MiniRaftClusterWithNettydf5703b9/s3/24ac8ac7-d2c9-4c7d-87bf-01d95ddb5fbe/current/log_inprogress_0
2019-09-26 09:45:28,387 INFO  impl.RoleInfo (RoleInfo.java:updateAndGet(143)) - s2: start LeaderElection
2019-09-26 09:45:28,389 DEBUG impl.RaftServerImpl (RaftServerImpl.java:appendEntriesAsync(906)) - s2@group-01D95DDB5FBE: Not recognize s4 (term=1) as leader, state: s2@group-01D95DDB5FBE:t2, leader=null, voted=s2, raftlog=s2@group-01D95DDB5FBE-SegmentedRaftLog:OPENED:c-1,f-1,i0, conf=-1: [s3:0.0.0.0:37052, s4:0.0.0.0:45551, s0:0.0.0.0:37613, s1:0.0.0.0:43999, s2:0.0.0.0:33930], old=null reply: s4<-s2#0:FAIL,NOT_LEADER,nextIndex:1,term:2,followerCommit:-1
2019-09-26 09:45:28,390 DEBUG impl.RaftServerImpl (RaftServerImpl.java:logAppendEntries(850)) - s0@group-01D95DDB5FBE: succeeded to handle AppendEntries. Reply: s4<-s0#0:OK,SUCCESS,nextIndex:1,term:1,followerCommit:-1
2019-09-26 09:45:28,390 DEBUG impl.RaftServerImpl (RaftServerImpl.java:logAppendEntries(850)) - s1@group-01D95DDB5FBE: succeeded to handle AppendEntries. Reply: s4<-s1#0:OK,SUCCESS,nextIndex:1,term:1,followerCommit:-1
2019-09-26 09:45:28,391 DEBUG impl.RaftServerImpl (RaftServerImpl.java:logAppendEntries(850)) - s3@group-01D95DDB5FBE: succeeded to handle AppendEntries. Reply: s4<-s3#0:OK,SUCCESS,nextIndex:1,term:1,followerCommit:-1
2019-09-26 09:45:28,392 INFO  impl.RaftServerImpl (ServerState.java:setLeader(254)) - s4@group-01D95DDB5FBE: change Leader from s4 to null at term 2 for updateCurrentTerm
2019-09-26 09:45:28,392 INFO  impl.RaftServerImpl (RaftServerImpl.java:setRole(170)) - s4@group-01D95DDB5FBE: changes role from    LEADER to FOLLOWER at term 2 for stepDown
2019-09-26 09:45:28,392 INFO  impl.RoleInfo (RoleInfo.java:shutdownLeaderState(104)) - s4: shutdown LeaderState
2019-09-26 09:45:28,392 INFO  impl.LeaderElection (LeaderElection.java:askForVotes(178)) - s2@group-01D95DDB5FBE-LeaderElection12: begin an election at term 3 for -1: [s3:0.0.0.0:37052, s4:0.0.0.0:45551, s0:0.0.0.0:37613, s1:0.0.0.0:43999, s2:0.0.0.0:33930], old=null
2019-09-26 09:45:28,395 INFO  impl.LogAppender (LogAppender.java:run(78)) - s4@group-01D95DDB5FBE->s1-LogAppender-AppenderDaemon was interrupted: java.lang.InterruptedException
2019-09-26 09:45:28,395 INFO  impl.PendingRequests (PendingRequests.java:sendNotLeaderResponses(202)) - s4@group-01D95DDB5FBE-PendingRequests: sendNotLeaderResponses
2019-09-26 09:45:28,395 INFO  impl.LogAppender (LogAppender.java:run(78)) - s4@group-01D95DDB5FBE->s2-LogAppender-AppenderDaemon was interrupted: java.io.InterruptedIOException: s4->s2#0 sending from s2:0.0.0.0:33930 is interrupted.
2019-09-26 09:45:28,395 INFO  impl.LogAppender (LogAppender.java:run(78)) - s4@group-01D95DDB5FBE->s0-LogAppender-AppenderDaemon was interrupted: java.lang.InterruptedException
2019-09-26 09:45:28,395 INFO  impl.LogAppender (LogAppender.java:run(78)) - s4@group-01D95DDB5FBE->s3-LogAppender-AppenderDaemon was interrupted: java.lang.InterruptedException
2019-09-26 09:45:28,396 DEBUG impl.RaftServerImpl (RaftServerImpl.java:logAppendEntries(850)) - s2@group-01D95DDB5FBE: receive appendEntries(s4, 1, null, 0, false, commits[s4:c0, s3:c-1, s0:c-1, s1:c-1, s2:c-1], entries: (t:1, i:0), CONFIGURATIONENTRY
2019-09-26 09:45:28,397 INFO  impl.RoleInfo (RoleInfo.java:updateAndGet(143)) - s4: start FollowerState
2019-09-26 09:45:28,398 DEBUG impl.RaftServerImpl (RaftServerImpl.java:appendEntriesAsync(906)) - s2@group-01D95DDB5FBE: Not recognize s4 (term=1) as leader, state: s2@group-01D95DDB5FBE:t3, leader=null, voted=s2, raftlog=s2@group-01D95DDB5FBE-SegmentedRaftLog:OPENED:c-1,f-1,i0, conf=-1: [s3:0.0.0.0:37052, s4:0.0.0.0:45551, s0:0.0.0.0:37613, s1:0.0.0.0:43999, s2:0.0.0.0:33930], old=null reply: s4<-s2#0:FAIL,NOT_LEADER,nextIndex:1,term:3,followerCommit:-1
2019-09-26 09:45:28,398 WARN  ratis.RaftTestUtil (JavaUtils.java:attempt(158)) - FAILED "waitForLeader-null-(expectLeader? true)", attempt #2/100: java.lang.IllegalStateException: No leader yet : printing ALL groups
  s3:  RUNNING  FOLLOWER s3@group-01D95DDB5FBE:t1, leader=s4, voted=s4, raftlog=s3@group-01D95DDB5FBE-SegmentedRaftLog:OPENED:c-1,f0,i0, conf=0: [s3:0.0.0.0:37052, s4:0.0.0.0:45551, s0:0.0.0.0:37613, s1:0.0.0.0:43999, s2:0.0.0.0:33930], old=null RUNNING
  s4:  RUNNING  FOLLOWER s4@group-01D95DDB5FBE:t2, leader=null, voted=null, raftlog=s4@group-01D95DDB5FBE-SegmentedRaftLog:OPENED:c0,f0,i0, conf=0: [s3:0.0.0.0:37052, s4:0.0.0.0:45551, s0:0.0.0.0:37613, s1:0.0.0.0:43999, s2:0.0.0.0:33930], old=null RUNNING
  s0:  RUNNING  FOLLOWER s0@group-01D95DDB5FBE:t1, leader=s4, voted=s4, raftlog=s0@group-01D95DDB5FBE-SegmentedRaftLog:OPENED:c-1,f0,i0, conf=0: [s3:0.0.0.0:37052, s4:0.0.0.0:45551, s0:0.0.0.0:37613, s1:0.0.0.0:43999, s2:0.0.0.0:33930], old=null RUNNING
  s1:  RUNNING  FOLLOWER s1@group-01D95DDB5FBE:t1, leader=s4, voted=s4, raftlog=s1@group-01D95DDB5FBE-SegmentedRaftLog:OPENED:c-1,f0,i0, conf=0: [s3:0.0.0.0:37052, s4:0.0.0.0:45551, s0:0.0.0.0:37613, s1:0.0.0.0:43999, s2:0.0.0.0:33930], old=null RUNNING
  s2:  RUNNING CANDIDATE s2@group-01D95DDB5FBE:t3, leader=null, voted=s2, raftlog=s2@group-01D95DDB5FBE-SegmentedRaftLog:OPENED:c-1,f-1,i0, conf=-1: [s3:0.0.0.0:37052, s4:0.0.0.0:45551, s0:0.0.0.0:37613, s1:0.0.0.0:43999, s2:0.0.0.0:33930], old=null RUNNING, sleep 450ms and then retry.
java.lang.IllegalStateException: No leader yet : printing ALL groups
  s3:  RUNNING  FOLLOWER s3@group-01D95DDB5FBE:t1, leader=s4, voted=s4, raftlog=s3@group-01D95DDB5FBE-SegmentedRaftLog:OPENED:c-1,f0,i0, conf=0: [s3:0.0.0.0:37052, s4:0.0.0.0:45551, s0:0.0.0.0:37613, s1:0.0.0.0:43999, s2:0.0.0.0:33930], old=null RUNNING
  s4:  RUNNING  FOLLOWER s4@group-01D95DDB5FBE:t2, leader=null, voted=null, raftlog=s4@group-01D95DDB5FBE-SegmentedRaftLog:OPENED:c0,f0,i0, conf=0: [s3:0.0.0.0:37052, s4:0.0.0.0:45551, s0:0.0.0.0:37613, s1:0.0.0.0:43999, s2:0.0.0.0:33930], old=null RUNNING
  s0:  RUNNING  FOLLOWER s0@group-01D95DDB5FBE:t1, leader=s4, voted=s4, raftlog=s0@group-01D95DDB5FBE-SegmentedRaftLog:OPENED:c-1,f0,i0, conf=0: [s3:0.0.0.0:37052, s4:0.0.0.0:45551, s0:0.0.0.0:37613, s1:0.0.0.0:43999, s2:0.0.0.0:33930], old=null RUNNING
  s1:  RUNNING  FOLLOWER s1@group-01D95DDB5FBE:t1, leader=s4, voted=s4, raftlog=s1@group-01D95DDB5FBE-SegmentedRaftLog:OPENED:c-1,f0,i0, conf=0: [s3:0.0.0.0:37052, s4:0.0.0.0:45551, s0:0.0.0.0:37613, s1:0.0.0.0:43999, s2:0.0.0.0:33930], old=null RUNNING
  s2:  RUNNING CANDIDATE s2@group-01D95DDB5FBE:t3, leader=null, voted=s2, raftlog=s2@group-01D95DDB5FBE-SegmentedRaftLog:OPENED:c-1,f-1,i0, conf=-1: [s3:0.0.0.0:37052, s4:0.0.0.0:45551, s0:0.0.0.0:37613, s1:0.0.0.0:43999, s2:0.0.0.0:33930], old=null RUNNING
	at org.apache.ratis.MiniRaftCluster.newIllegalStateExceptionForNoLeaders(MiniRaftCluster.java:506)
	at org.apache.ratis.RaftTestUtil.lambda$waitForLeader$1(RaftTestUtil.java:90)
	at org.apache.ratis.MiniRaftCluster.getLeader(MiniRaftCluster.java:539)
	at org.apache.ratis.MiniRaftCluster.getLeader(MiniRaftCluster.java:532)
	at org.apache.ratis.RaftTestUtil.lambda$waitForLeader$3(RaftTestUtil.java:98)
	at org.apache.ratis.util.JavaUtils.attempt(JavaUtils.java:152)
	at org.apache.ratis.RaftTestUtil.waitForLeader(RaftTestUtil.java:97)
	at org.apache.ratis.RaftTestUtil.waitForLeader(RaftTestUtil.java:77)
	at org.apache.ratis.RaftTestUtil.waitForLeader(RaftTestUtil.java:72)
	at org.apache.ratis.server.impl.RaftReconfigurationBaseTest.runTestRevertConfigurationChange(RaftReconfigurationBaseTest.java:488)
	at org.apache.ratis.MiniRaftCluster$Factory$Get.runWithNewCluster(MiniRaftCluster.java:125)
	at org.apache.ratis.MiniRaftCluster$Factory$Get.runWithNewCluster(MiniRaftCluster.java:113)
	at org.apache.ratis.server.impl.RaftReconfigurationBaseTest.testRevertConfigurationChange(RaftReconfigurationBaseTest.java:482)
	at sun.reflect.NativeMethodAccessorImpl.invoke0(Native Method)
	at sun.reflect.NativeMethodAccessorImpl.invoke(NativeMethodAccessorImpl.java:62)
	at sun.reflect.DelegatingMethodAccessorImpl.invoke(DelegatingMethodAccessorImpl.java:43)
	at java.lang.reflect.Method.invoke(Method.java:498)
	at org.junit.runners.model.FrameworkMethod$1.runReflectiveCall(FrameworkMethod.java:50)
	at org.junit.internal.runners.model.ReflectiveCallable.run(ReflectiveCallable.java:12)
	at org.junit.runners.model.FrameworkMethod.invokeExplosively(FrameworkMethod.java:47)
	at org.junit.internal.runners.statements.InvokeMethod.evaluate(InvokeMethod.java:17)
	at org.junit.internal.runners.statements.RunAfters.evaluate(RunAfters.java:27)
	at org.junit.internal.runners.statements.FailOnTimeout$CallableStatement.call(FailOnTimeout.java:298)
	at org.junit.internal.runners.statements.FailOnTimeout$CallableStatement.call(FailOnTimeout.java:292)
	at java.util.concurrent.FutureTask.run(FutureTask.java:266)
	at java.lang.Thread.run(Thread.java:748)
2019-09-26 09:45:28,398 INFO  impl.LeaderElection (LeaderElection.java:logAndReturn(56)) - s2@group-01D95DDB5FBE-LeaderElection11: Election REJECTED; received 0 response(s) [] and 0 exception(s); s2@group-01D95DDB5FBE:t3, leader=null, voted=s2, raftlog=s2@group-01D95DDB5FBE-SegmentedRaftLog:OPENED:c-1,f-1,i0, conf=-1: [s3:0.0.0.0:37052, s4:0.0.0.0:45551, s0:0.0.0.0:37613, s1:0.0.0.0:43999, s2:0.0.0.0:33930], old=null
2019-09-26 09:45:28,407 INFO  logging.LoggingHandler (AbstractInternalLogger.java:log(150)) - [id: 0x822067fe, L:/0.0.0.0:37052] READ: [id: 0x216bf89f, L:/192.168.30.59:37052 - R:/192.168.30.59:53930]
2019-09-26 09:45:28,409 INFO  logging.LoggingHandler (AbstractInternalLogger.java:log(150)) - [id: 0x3a130ec0, L:/0.0.0.0:43999] READ: [id: 0x20c99dc2, L:/192.168.30.59:43999 - R:/192.168.30.59:37444]
2019-09-26 09:45:28,408 INFO  logging.LoggingHandler (AbstractInternalLogger.java:log(150)) - [id: 0xc1ce39cd, L:/0.0.0.0:37613] READ: [id: 0x38f739e9, L:/192.168.30.59:37613 - R:/192.168.30.59:45124]
2019-09-26 09:45:28,410 INFO  logging.LoggingHandler (AbstractInternalLogger.java:log(150)) - [id: 0x9b0ed199, L:/0.0.0.0:45551] READ: [id: 0x5026dc50, L:/192.168.30.59:45551 - R:/192.168.30.59:33538]
2019-09-26 09:45:28,410 INFO  logging.LoggingHandler (AbstractInternalLogger.java:log(150)) - [id: 0x822067fe, L:/0.0.0.0:37052] READ COMPLETE
2019-09-26 09:45:28,411 INFO  logging.LoggingHandler (AbstractInternalLogger.java:log(150)) - [id: 0x9b0ed199, L:/0.0.0.0:45551] READ COMPLETE
2019-09-26 09:45:28,411 INFO  logging.LoggingHandler (AbstractInternalLogger.java:log(150)) - [id: 0xc1ce39cd, L:/0.0.0.0:37613] READ COMPLETE
2019-09-26 09:45:28,411 INFO  logging.LoggingHandler (AbstractInternalLogger.java:log(150)) - [id: 0x3a130ec0, L:/0.0.0.0:43999] READ COMPLETE
2019-09-26 09:45:28,412 DEBUG impl.RaftServerImpl (RaftServerImpl.java:requestVote(743)) - s1@group-01D95DDB5FBE: receive requestVote(s2, group-01D95DDB5FBE, 3, (t:0, i:0))
2019-09-26 09:45:28,414 DEBUG impl.RaftServerImpl (RaftServerImpl.java:requestVote(743)) - s3@group-01D95DDB5FBE: receive requestVote(s2, group-01D95DDB5FBE, 3, (t:0, i:0))
2019-09-26 09:45:28,415 DEBUG impl.RaftServerImpl (RaftServerImpl.java:requestVote(743)) - s0@group-01D95DDB5FBE: receive requestVote(s2, group-01D95DDB5FBE, 3, (t:0, i:0))
2019-09-26 09:45:28,415 DEBUG impl.RaftServerImpl (RaftServerImpl.java:requestVote(743)) - s4@group-01D95DDB5FBE: receive requestVote(s2, group-01D95DDB5FBE, 3, (t:0, i:0))
2019-09-26 09:45:28,414 INFO  impl.RaftServerImpl (ServerState.java:setLeader(254)) - s1@group-01D95DDB5FBE: change Leader from s4 to null at term 3 for updateCurrentTerm
2019-09-26 09:45:28,416 INFO  impl.RaftServerImpl (RaftServerImpl.java:setRole(170)) - s4@group-01D95DDB5FBE: changes role from  FOLLOWER to FOLLOWER at term 3 for recognizeCandidate:s2
2019-09-26 09:45:28,416 INFO  impl.RaftServerImpl (ServerState.java:setLeader(254)) - s0@group-01D95DDB5FBE: change Leader from s4 to null at term 3 for updateCurrentTerm
2019-09-26 09:45:28,415 INFO  impl.RaftServerImpl (ServerState.java:setLeader(254)) - s3@group-01D95DDB5FBE: change Leader from s4 to null at term 3 for updateCurrentTerm
2019-09-26 09:45:28,417 INFO  impl.RaftServerImpl (RaftServerImpl.java:setRole(170)) - s0@group-01D95DDB5FBE: changes role from  FOLLOWER to FOLLOWER at term 3 for recognizeCandidate:s2
2019-09-26 09:45:28,417 INFO  impl.RoleInfo (RoleInfo.java:shutdownFollowerState(121)) - s4: shutdown FollowerState
2019-09-26 09:45:28,416 INFO  impl.RaftServerImpl (RaftServerImpl.java:setRole(170)) - s1@group-01D95DDB5FBE: changes role from  FOLLOWER to FOLLOWER at term 3 for recognizeCandidate:s2
2019-09-26 09:45:28,418 INFO  impl.FollowerState (FollowerState.java:run(117)) - s4@group-01D95DDB5FBE-FollowerState was interrupted: java.lang.InterruptedException: sleep interrupted
2019-09-26 09:45:28,418 INFO  impl.RoleInfo (RoleInfo.java:updateAndGet(143)) - s4: start FollowerState
2019-09-26 09:45:28,417 INFO  impl.RoleInfo (RoleInfo.java:shutdownFollowerState(121)) - s0: shutdown FollowerState
2019-09-26 09:45:28,417 INFO  impl.RaftServerImpl (RaftServerImpl.java:setRole(170)) - s3@group-01D95DDB5FBE: changes role from  FOLLOWER to FOLLOWER at term 3 for recognizeCandidate:s2
2019-09-26 09:45:28,419 INFO  impl.FollowerState (FollowerState.java:run(117)) - s0@group-01D95DDB5FBE-FollowerState was interrupted: java.lang.InterruptedException: sleep interrupted
2019-09-26 09:45:28,419 INFO  impl.RoleInfo (RoleInfo.java:updateAndGet(143)) - s0: start FollowerState
2019-09-26 09:45:28,418 INFO  impl.RoleInfo (RoleInfo.java:shutdownFollowerState(121)) - s1: shutdown FollowerState
2019-09-26 09:45:28,420 INFO  impl.RoleInfo (RoleInfo.java:shutdownFollowerState(121)) - s3: shutdown FollowerState
2019-09-26 09:45:28,421 INFO  impl.FollowerState (FollowerState.java:run(117)) - s1@group-01D95DDB5FBE-FollowerState was interrupted: java.lang.InterruptedException: sleep interrupted
2019-09-26 09:45:28,421 INFO  impl.RoleInfo (RoleInfo.java:updateAndGet(143)) - s1: start FollowerState
2019-09-26 09:45:28,421 INFO  impl.FollowerState (FollowerState.java:run(117)) - s3@group-01D95DDB5FBE-FollowerState was interrupted: java.lang.InterruptedException: sleep interrupted
2019-09-26 09:45:28,421 INFO  impl.RoleInfo (RoleInfo.java:updateAndGet(143)) - s3: start FollowerState
2019-09-26 09:45:28,434 DEBUG impl.RaftServerImpl (RaftServerImpl.java:requestVote(775)) - s0@group-01D95DDB5FBE replies to vote request: s2<-s0#0:FAIL-t3. Peer's state: s0@group-01D95DDB5FBE:t3, leader=null, voted=null, raftlog=s0@group-01D95DDB5FBE-SegmentedRaftLog:OPENED:c-1,f0,i0, conf=0: [s3:0.0.0.0:37052, s4:0.0.0.0:45551, s0:0.0.0.0:37613, s1:0.0.0.0:43999, s2:0.0.0.0:33930], old=null
2019-09-26 09:45:28,434 DEBUG impl.RaftServerImpl (RaftServerImpl.java:requestVote(775)) - s3@group-01D95DDB5FBE replies to vote request: s2<-s3#0:FAIL-t3. Peer's state: s3@group-01D95DDB5FBE:t3, leader=null, voted=null, raftlog=s3@group-01D95DDB5FBE-SegmentedRaftLog:OPENED:c-1,f0,i0, conf=0: [s3:0.0.0.0:37052, s4:0.0.0.0:45551, s0:0.0.0.0:37613, s1:0.0.0.0:43999, s2:0.0.0.0:33930], old=null
2019-09-26 09:45:28,434 DEBUG impl.RaftServerImpl (RaftServerImpl.java:requestVote(775)) - s1@group-01D95DDB5FBE replies to vote request: s2<-s1#0:FAIL-t3. Peer's state: s1@group-01D95DDB5FBE:t3, leader=null, voted=null, raftlog=s1@group-01D95DDB5FBE-SegmentedRaftLog:OPENED:c-1,f0,i0, conf=0: [s3:0.0.0.0:37052, s4:0.0.0.0:45551, s0:0.0.0.0:37613, s1:0.0.0.0:43999, s2:0.0.0.0:33930], old=null
2019-09-26 09:45:28,434 DEBUG impl.RaftServerImpl (RaftServerImpl.java:requestVote(775)) - s4@group-01D95DDB5FBE replies to vote request: s2<-s4#0:FAIL-t3. Peer's state: s4@group-01D95DDB5FBE:t3, leader=null, voted=null, raftlog=s4@group-01D95DDB5FBE-SegmentedRaftLog:OPENED:c0,f0,i0, conf=0: [s3:0.0.0.0:37052, s4:0.0.0.0:45551, s0:0.0.0.0:37613, s1:0.0.0.0:43999, s2:0.0.0.0:33930], old=null
2019-09-26 09:45:28,435 DEBUG impl.RaftServerImpl (RaftServerImpl.java:requestVote(743)) - s3@group-01D95DDB5FBE: receive requestVote(s2, group-01D95DDB5FBE, 2, (t:0, i:0))
2019-09-26 09:45:28,435 DEBUG impl.RaftServerImpl (RaftServerImpl.java:requestVote(743)) - s0@group-01D95DDB5FBE: receive requestVote(s2, group-01D95DDB5FBE, 2, (t:0, i:0))
2019-09-26 09:45:28,436 DEBUG impl.RaftServerImpl (RaftServerImpl.java:requestVote(743)) - s4@group-01D95DDB5FBE: receive requestVote(s2, group-01D95DDB5FBE, 2, (t:0, i:0))
2019-09-26 09:45:28,436 DEBUG impl.RaftServerImpl (RaftServerImpl.java:requestVote(743)) - s1@group-01D95DDB5FBE: receive requestVote(s2, group-01D95DDB5FBE, 2, (t:0, i:0))
2019-09-26 09:45:28,436 DEBUG impl.RaftServerImpl (RaftServerImpl.java:requestVote(775)) - s4@group-01D95DDB5FBE replies to vote request: s2<-s4#0:FAIL-t3. Peer's state: s4@group-01D95DDB5FBE:t3, leader=null, voted=null, raftlog=s4@group-01D95DDB5FBE-SegmentedRaftLog:OPENED:c0,f0,i0, conf=0: [s3:0.0.0.0:37052, s4:0.0.0.0:45551, s0:0.0.0.0:37613, s1:0.0.0.0:43999, s2:0.0.0.0:33930], old=null
2019-09-26 09:45:28,436 DEBUG impl.RaftServerImpl (RaftServerImpl.java:requestVote(775)) - s3@group-01D95DDB5FBE replies to vote request: s2<-s3#0:FAIL-t3. Peer's state: s3@group-01D95DDB5FBE:t3, leader=null, voted=null, raftlog=s3@group-01D95DDB5FBE-SegmentedRaftLog:OPENED:c-1,f0,i0, conf=0: [s3:0.0.0.0:37052, s4:0.0.0.0:45551, s0:0.0.0.0:37613, s1:0.0.0.0:43999, s2:0.0.0.0:33930], old=null
2019-09-26 09:45:28,436 DEBUG impl.RaftServerImpl (RaftServerImpl.java:requestVote(775)) - s0@group-01D95DDB5FBE replies to vote request: s2<-s0#0:FAIL-t3. Peer's state: s0@group-01D95DDB5FBE:t3, leader=null, voted=null, raftlog=s0@group-01D95DDB5FBE-SegmentedRaftLog:OPENED:c-1,f0,i0, conf=0: [s3:0.0.0.0:37052, s4:0.0.0.0:45551, s0:0.0.0.0:37613, s1:0.0.0.0:43999, s2:0.0.0.0:33930], old=null
2019-09-26 09:45:28,436 INFO  impl.LeaderElection (LeaderElection.java:logAndReturn(56)) - s2@group-01D95DDB5FBE-LeaderElection12: Election REJECTED; received 4 response(s) [s2<-s3#0:FAIL-t3, s2<-s4#0:FAIL-t3, s2<-s0#0:FAIL-t3, s2<-s1#0:FAIL-t3] and 0 exception(s); s2@group-01D95DDB5FBE:t3, leader=null, voted=s2, raftlog=s2@group-01D95DDB5FBE-SegmentedRaftLog:OPENED:c-1,f-1,i0, conf=-1: [s3:0.0.0.0:37052, s4:0.0.0.0:45551, s0:0.0.0.0:37613, s1:0.0.0.0:43999, s2:0.0.0.0:33930], old=null
2019-09-26 09:45:28,437 DEBUG impl.RaftServerImpl (RaftServerImpl.java:requestVote(775)) - s1@group-01D95DDB5FBE replies to vote request: s2<-s1#0:FAIL-t3. Peer's state: s1@group-01D95DDB5FBE:t3, leader=null, voted=null, raftlog=s1@group-01D95DDB5FBE-SegmentedRaftLog:OPENED:c-1,f0,i0, conf=0: [s3:0.0.0.0:37052, s4:0.0.0.0:45551, s0:0.0.0.0:37613, s1:0.0.0.0:43999, s2:0.0.0.0:33930], old=null
2019-09-26 09:45:28,437 INFO  impl.RaftServerImpl (RaftServerImpl.java:setRole(170)) - s2@group-01D95DDB5FBE: changes role from CANDIDATE to FOLLOWER at term 3 for DISCOVERED_A_NEW_TERM
2019-09-26 09:45:28,438 INFO  impl.RoleInfo (RoleInfo.java:shutdownLeaderElection(134)) - s2: shutdown LeaderElection
2019-09-26 09:45:28,438 INFO  impl.RoleInfo (RoleInfo.java:updateAndGet(143)) - s2: start FollowerState
2019-09-26 09:45:28,596 INFO  impl.FollowerState (FollowerState.java:run(108)) - s0@group-01D95DDB5FBE-FollowerState: change to CANDIDATE, lastRpcTime:176ms, electionTimeout:175ms
2019-09-26 09:45:28,597 INFO  impl.RoleInfo (RoleInfo.java:shutdownFollowerState(121)) - s0: shutdown FollowerState
2019-09-26 09:45:28,597 INFO  impl.RaftServerImpl (RaftServerImpl.java:setRole(170)) - s0@group-01D95DDB5FBE: changes role from  FOLLOWER to CANDIDATE at term 3 for changeToCandidate
2019-09-26 09:45:28,597 INFO  impl.RoleInfo (RoleInfo.java:updateAndGet(143)) - s0: start LeaderElection
2019-09-26 09:45:28,611 INFO  impl.LeaderElection (LeaderElection.java:askForVotes(178)) - s0@group-01D95DDB5FBE-LeaderElection13: begin an election at term 4 for 0: [s3:0.0.0.0:37052, s4:0.0.0.0:45551, s0:0.0.0.0:37613, s1:0.0.0.0:43999, s2:0.0.0.0:33930], old=null
2019-09-26 09:45:28,615 INFO  logging.LoggingHandler (AbstractInternalLogger.java:log(150)) - [id: 0x822067fe, L:/0.0.0.0:37052] READ: [id: 0x9b8dc1e9, L:/192.168.30.59:37052 - R:/192.168.30.59:53948]
2019-09-26 09:45:28,615 INFO  logging.LoggingHandler (AbstractInternalLogger.java:log(150)) - [id: 0x77c11ede, L:/0.0.0.0:33930] READ: [id: 0x5c0141fe, L:/192.168.30.59:33930 - R:/192.168.30.59:44920]
2019-09-26 09:45:28,615 INFO  logging.LoggingHandler (AbstractInternalLogger.java:log(150)) - [id: 0x9b0ed199, L:/0.0.0.0:45551] READ: [id: 0xb17ec354, L:/192.168.30.59:45551 - R:/192.168.30.59:33552]
2019-09-26 09:45:28,615 INFO  logging.LoggingHandler (AbstractInternalLogger.java:log(150)) - [id: 0x3a130ec0, L:/0.0.0.0:43999] READ: [id: 0x3237e660, L:/192.168.30.59:43999 - R:/192.168.30.59:37462]
2019-09-26 09:45:28,616 INFO  logging.LoggingHandler (AbstractInternalLogger.java:log(150)) - [id: 0x77c11ede, L:/0.0.0.0:33930] READ COMPLETE
2019-09-26 09:45:28,615 INFO  logging.LoggingHandler (AbstractInternalLogger.java:log(150)) - [id: 0x822067fe, L:/0.0.0.0:37052] READ COMPLETE
2019-09-26 09:45:28,616 INFO  logging.LoggingHandler (AbstractInternalLogger.java:log(150)) - [id: 0x3a130ec0, L:/0.0.0.0:43999] READ COMPLETE
2019-09-26 09:45:28,616 INFO  logging.LoggingHandler (AbstractInternalLogger.java:log(150)) - [id: 0x9b0ed199, L:/0.0.0.0:45551] READ COMPLETE
2019-09-26 09:45:28,617 DEBUG impl.RaftServerImpl (RaftServerImpl.java:requestVote(743)) - s2@group-01D95DDB5FBE: receive requestVote(s0, group-01D95DDB5FBE, 4, (t:1, i:0))
2019-09-26 09:45:28,617 INFO  impl.RaftServerImpl (RaftServerImpl.java:setRole(170)) - s2@group-01D95DDB5FBE: changes role from  FOLLOWER to FOLLOWER at term 4 for recognizeCandidate:s0
2019-09-26 09:45:28,618 INFO  impl.RoleInfo (RoleInfo.java:shutdownFollowerState(121)) - s2: shutdown FollowerState
2019-09-26 09:45:28,618 INFO  impl.RoleInfo (RoleInfo.java:updateAndGet(143)) - s2: start FollowerState
2019-09-26 09:45:28,618 INFO  impl.FollowerState (FollowerState.java:run(117)) - s2@group-01D95DDB5FBE-FollowerState was interrupted: java.lang.InterruptedException: sleep interrupted
2019-09-26 09:45:28,619 DEBUG impl.RaftServerImpl (RaftServerImpl.java:requestVote(743)) - s3@group-01D95DDB5FBE: receive requestVote(s0, group-01D95DDB5FBE, 4, (t:1, i:0))
2019-09-26 09:45:28,618 DEBUG impl.RaftServerImpl (RaftServerImpl.java:requestVote(743)) - s4@group-01D95DDB5FBE: receive requestVote(s0, group-01D95DDB5FBE, 4, (t:1, i:0))
2019-09-26 09:45:28,621 INFO  impl.RaftServerImpl (RaftServerImpl.java:setRole(170)) - s3@group-01D95DDB5FBE: changes role from  FOLLOWER to FOLLOWER at term 4 for recognizeCandidate:s0
2019-09-26 09:45:28,621 INFO  impl.RaftServerImpl (RaftServerImpl.java:setRole(170)) - s4@group-01D95DDB5FBE: changes role from  FOLLOWER to FOLLOWER at term 4 for recognizeCandidate:s0
2019-09-26 09:45:28,621 DEBUG impl.RaftServerImpl (RaftServerImpl.java:requestVote(743)) - s1@group-01D95DDB5FBE: receive requestVote(s0, group-01D95DDB5FBE, 4, (t:1, i:0))
2019-09-26 09:45:28,622 INFO  impl.RoleInfo (RoleInfo.java:shutdownFollowerState(121)) - s4: shutdown FollowerState
2019-09-26 09:45:28,621 INFO  impl.RoleInfo (RoleInfo.java:shutdownFollowerState(121)) - s3: shutdown FollowerState
2019-09-26 09:45:28,622 INFO  impl.FollowerState (FollowerState.java:run(117)) - s4@group-01D95DDB5FBE-FollowerState was interrupted: java.lang.InterruptedException: sleep interrupted
2019-09-26 09:45:28,622 INFO  impl.RoleInfo (RoleInfo.java:updateAndGet(143)) - s4: start FollowerState
2019-09-26 09:45:28,622 INFO  impl.RaftServerImpl (RaftServerImpl.java:setRole(170)) - s1@group-01D95DDB5FBE: changes role from  FOLLOWER to FOLLOWER at term 4 for recognizeCandidate:s0
2019-09-26 09:45:28,623 INFO  impl.FollowerState (FollowerState.java:run(117)) - s3@group-01D95DDB5FBE-FollowerState was interrupted: java.lang.InterruptedException: sleep interrupted
2019-09-26 09:45:28,623 INFO  impl.RoleInfo (RoleInfo.java:updateAndGet(143)) - s3: start FollowerState
2019-09-26 09:45:28,623 INFO  impl.RoleInfo (RoleInfo.java:shutdownFollowerState(121)) - s1: shutdown FollowerState
2019-09-26 09:45:28,625 INFO  impl.RoleInfo (RoleInfo.java:updateAndGet(143)) - s1: start FollowerState
2019-09-26 09:45:28,625 INFO  impl.FollowerState (FollowerState.java:run(117)) - s1@group-01D95DDB5FBE-FollowerState was interrupted: java.lang.InterruptedException: sleep interrupted
2019-09-26 09:45:28,634 DEBUG impl.RaftServerImpl (RaftServerImpl.java:requestVote(775)) - s2@group-01D95DDB5FBE replies to vote request: s0<-s2#0:OK-t4. Peer's state: s2@group-01D95DDB5FBE:t4, leader=null, voted=s0, raftlog=s2@group-01D95DDB5FBE-SegmentedRaftLog:OPENED:c-1,f-1,i0, conf=-1: [s3:0.0.0.0:37052, s4:0.0.0.0:45551, s0:0.0.0.0:37613, s1:0.0.0.0:43999, s2:0.0.0.0:33930], old=null
2019-09-26 09:45:28,634 DEBUG impl.RaftServerImpl (RaftServerImpl.java:requestVote(775)) - s4@group-01D95DDB5FBE replies to vote request: s0<-s4#0:OK-t4. Peer's state: s4@group-01D95DDB5FBE:t4, leader=null, voted=s0, raftlog=s4@group-01D95DDB5FBE-SegmentedRaftLog:OPENED:c0,f0,i0, conf=0: [s3:0.0.0.0:37052, s4:0.0.0.0:45551, s0:0.0.0.0:37613, s1:0.0.0.0:43999, s2:0.0.0.0:33930], old=null
2019-09-26 09:45:28,634 DEBUG impl.RaftServerImpl (RaftServerImpl.java:requestVote(775)) - s3@group-01D95DDB5FBE replies to vote request: s0<-s3#0:OK-t4. Peer's state: s3@group-01D95DDB5FBE:t4, leader=null, voted=s0, raftlog=s3@group-01D95DDB5FBE-SegmentedRaftLog:OPENED:c-1,f0,i0, conf=0: [s3:0.0.0.0:37052, s4:0.0.0.0:45551, s0:0.0.0.0:37613, s1:0.0.0.0:43999, s2:0.0.0.0:33930], old=null
2019-09-26 09:45:28,634 DEBUG impl.RaftServerImpl (RaftServerImpl.java:requestVote(775)) - s1@group-01D95DDB5FBE replies to vote request: s0<-s1#0:OK-t4. Peer's state: s1@group-01D95DDB5FBE:t4, leader=null, voted=s0, raftlog=s1@group-01D95DDB5FBE-SegmentedRaftLog:OPENED:c-1,f0,i0, conf=0: [s3:0.0.0.0:37052, s4:0.0.0.0:45551, s0:0.0.0.0:37613, s1:0.0.0.0:43999, s2:0.0.0.0:33930], old=null
2019-09-26 09:45:28,637 INFO  impl.LeaderElection (LeaderElection.java:logAndReturn(56)) - s0@group-01D95DDB5FBE-LeaderElection13: Election PASSED; received 2 response(s) [s0<-s4#0:OK-t4, s0<-s2#0:OK-t4] and 0 exception(s); s0@group-01D95DDB5FBE:t4, leader=null, voted=s0, raftlog=s0@group-01D95DDB5FBE-SegmentedRaftLog:OPENED:c-1,f0,i0, conf=0: [s3:0.0.0.0:37052, s4:0.0.0.0:45551, s0:0.0.0.0:37613, s1:0.0.0.0:43999, s2:0.0.0.0:33930], old=null
2019-09-26 09:45:28,639 INFO  impl.RoleInfo (RoleInfo.java:shutdownLeaderElection(134)) - s0: shutdown LeaderElection
2019-09-26 09:45:28,640 INFO  impl.RaftServerImpl (RaftServerImpl.java:setRole(170)) - s0@group-01D95DDB5FBE: changes role from CANDIDATE to LEADER at term 4 for changeToLeader
2019-09-26 09:45:28,640 INFO  impl.RaftServerImpl (ServerState.java:setLeader(254)) - s0@group-01D95DDB5FBE: change Leader from null to s0 at term 4 for becomeLeader, leader elected after 224ms
2019-09-26 09:45:28,640 INFO  server.RaftServerConfigKeys (ConfUtils.java:logGet(43)) - raft.server.staging.catchup.gap = 10 (custom)
2019-09-26 09:45:28,640 INFO  server.RaftServerConfigKeys (ConfUtils.java:logGet(43)) - raft.server.rpc.sleep.time = 25ms (default)
2019-09-26 09:45:28,641 INFO  server.RaftServerConfigKeys (ConfUtils.java:logGet(43)) - raft.server.write.element-limit = 4096 (default)
2019-09-26 09:45:28,641 INFO  server.RaftServerConfigKeys (ConfUtils.java:logGet(43)) - raft.server.watch.timeout = 10s (default)
2019-09-26 09:45:28,641 INFO  server.RaftServerConfigKeys (ConfUtils.java:logGet(43)) - raft.server.watch.timeout.denomination = 1s (default)
2019-09-26 09:45:28,641 INFO  server.RaftServerConfigKeys (ConfUtils.java:logGet(43)) - raft.server.watch.element-limit = 65536 (default)
2019-09-26 09:45:28,645 INFO  server.RaftServerConfigKeys (ConfUtils.java:logGet(43)) - raft.server.log.appender.snapshot.chunk.size.max = 16MB (=16777216) (default)
2019-09-26 09:45:28,645 INFO  server.RaftServerConfigKeys (ConfUtils.java:logGet(43)) - raft.server.log.appender.buffer.byte-limit = 4MB (=4194304) (default)
2019-09-26 09:45:28,646 INFO  server.RaftServerConfigKeys (ConfUtils.java:logGet(43)) - raft.server.log.appender.buffer.element-limit = 0 (default)
2019-09-26 09:45:28,646 INFO  server.RaftServerConfigKeys (ConfUtils.java:logGet(43)) - raft.server.log.appender.snapshot.chunk.size.max = 16MB (=16777216) (default)
2019-09-26 09:45:28,646 INFO  server.RaftServerConfigKeys (ConfUtils.java:logGet(43)) - raft.server.log.appender.buffer.byte-limit = 4MB (=4194304) (default)
2019-09-26 09:45:28,647 INFO  server.RaftServerConfigKeys (ConfUtils.java:logGet(43)) - raft.server.log.appender.buffer.element-limit = 0 (default)
2019-09-26 09:45:28,647 INFO  server.RaftServerConfigKeys (ConfUtils.java:logGet(43)) - raft.server.log.appender.snapshot.chunk.size.max = 16MB (=16777216) (default)
2019-09-26 09:45:28,647 INFO  server.RaftServerConfigKeys (ConfUtils.java:logGet(43)) - raft.server.log.appender.buffer.byte-limit = 4MB (=4194304) (default)
2019-09-26 09:45:28,648 INFO  server.RaftServerConfigKeys (ConfUtils.java:logGet(43)) - raft.server.log.appender.buffer.element-limit = 0 (default)
2019-09-26 09:45:28,648 INFO  server.RaftServerConfigKeys (ConfUtils.java:logGet(43)) - raft.server.log.appender.snapshot.chunk.size.max = 16MB (=16777216) (default)
2019-09-26 09:45:28,648 INFO  server.RaftServerConfigKeys (ConfUtils.java:logGet(43)) - raft.server.log.appender.buffer.byte-limit = 4MB (=4194304) (default)
2019-09-26 09:45:28,649 INFO  server.RaftServerConfigKeys (ConfUtils.java:logGet(43)) - raft.server.log.appender.buffer.element-limit = 0 (default)
2019-09-26 09:45:28,649 INFO  impl.RoleInfo (RoleInfo.java:updateAndGet(143)) - s0: start LeaderState
2019-09-26 09:45:28,650 INFO  segmented.SegmentedRaftLogWorker (SegmentedRaftLogWorker.java:rollLogSegment(385)) - s0@group-01D95DDB5FBE-SegmentedRaftLogWorker: Rolling segment log-0_0 to index:0
2019-09-26 09:45:28,656 TRACE util.FileUtils (LogUtils.java:runAndLog(61)) - Successfully ran Files.move /workdir/ratis-test/target/test/data/bb022a74/MiniRaftClusterWithNettydf5703b9/s0/24ac8ac7-d2c9-4c7d-87bf-01d95ddb5fbe/current/log_inprogress_0 to /workdir/ratis-test/target/test/data/bb022a74/MiniRaftClusterWithNettydf5703b9/s0/24ac8ac7-d2c9-4c7d-87bf-01d95ddb5fbe/current/log_0-0
2019-09-26 09:45:28,656 INFO  segmented.SegmentedRaftLogWorker (SegmentedRaftLogWorker.java:execute(526)) - s0@group-01D95DDB5FBE-SegmentedRaftLogWorker: Rolled log segment from /workdir/ratis-test/target/test/data/bb022a74/MiniRaftClusterWithNettydf5703b9/s0/24ac8ac7-d2c9-4c7d-87bf-01d95ddb5fbe/current/log_inprogress_0 to /workdir/ratis-test/target/test/data/bb022a74/MiniRaftClusterWithNettydf5703b9/s0/24ac8ac7-d2c9-4c7d-87bf-01d95ddb5fbe/current/log_0-0
2019-09-26 09:45:28,667 INFO  impl.RaftServerImpl (ServerState.java:setRaftConf(355)) - s0@group-01D95DDB5FBE: set configuration 1: [s3:0.0.0.0:37052, s4:0.0.0.0:45551, s0:0.0.0.0:37613, s1:0.0.0.0:43999, s2:0.0.0.0:33930], old=null at 1
2019-09-26 09:45:28,668 INFO  impl.RaftServerImpl (ServerState.java:setLeader(254)) - s3@group-01D95DDB5FBE: change Leader from null to s0 at term 4 for appendEntries, leader elected after 252ms
2019-09-26 09:45:28,668 INFO  impl.RaftServerImpl (ServerState.java:setLeader(254)) - s2@group-01D95DDB5FBE: change Leader from null to s0 at term 4 for appendEntries, leader elected after 752ms
2019-09-26 09:45:28,668 INFO  impl.RaftServerImpl (ServerState.java:setLeader(254)) - s4@group-01D95DDB5FBE: change Leader from null to s0 at term 4 for appendEntries, leader elected after 275ms
2019-09-26 09:45:28,668 INFO  impl.RaftServerImpl (ServerState.java:setLeader(254)) - s1@group-01D95DDB5FBE: change Leader from null to s0 at term 4 for appendEntries, leader elected after 253ms
2019-09-26 09:45:28,668 INFO  impl.RaftServerImpl (RaftServerImpl.java:checkInconsistentAppendEntries(999)) - s2@group-01D95DDB5FBE: Failed appendEntries as previous log entry ((t:1, i:0)) is not found
2019-09-26 09:45:28,669 INFO  impl.RaftServerImpl (RaftServerImpl.java:checkInconsistentAppendEntries(972)) - s2@group-01D95DDB5FBE: inconsistency entries. Reply:s0<-s2#0:FAIL,INCONSISTENCY,nextIndex:0,term:4,followerCommit:-1
2019-09-26 09:45:28,670 INFO  impl.FollowerInfo (FollowerInfo.java:lambda$new$0(51)) - s0@group-01D95DDB5FBE->s2: nextIndex: updateUnconditionally 1 -> 0
2019-09-26 09:45:28,670 DEBUG impl.RaftServerImpl (RaftServerImpl.java:logAppendEntries(850)) - s3@group-01D95DDB5FBE: receive appendEntries(s0, 4, (t:1, i:0), -1, false, commits[s0:c-1, s3:c-1, s4:c-1, s1:c-1, s2:c-1], entries: (t:4, i:1), CONFIGURATIONENTRY
2019-09-26 09:45:28,671 DEBUG impl.RaftServerImpl (RaftServerImpl.java:logAppendEntries(850)) - s4@group-01D95DDB5FBE: receive appendEntries(s0, 4, (t:1, i:0), -1, false, commits[s0:c-1, s3:c-1, s4:c0, s1:c-1, s2:c-1], entries: (t:4, i:1), CONFIGURATIONENTRY
2019-09-26 09:45:28,671 INFO  impl.RaftServerImpl (ServerState.java:setRaftConf(355)) - s3@group-01D95DDB5FBE: set configuration 1: [s3:0.0.0.0:37052, s4:0.0.0.0:45551, s0:0.0.0.0:37613, s1:0.0.0.0:43999, s2:0.0.0.0:33930], old=null at 1
2019-09-26 09:45:28,671 DEBUG impl.RaftServerImpl (RaftServerImpl.java:logAppendEntries(850)) - s1@group-01D95DDB5FBE: receive appendEntries(s0, 4, (t:1, i:0), -1, false, commits[s0:c-1, s3:c-1, s4:c0, s1:c-1, s2:c-1], entries: (t:4, i:1), CONFIGURATIONENTRY
2019-09-26 09:45:28,672 INFO  segmented.SegmentedRaftLogWorker (SegmentedRaftLogWorker.java:rollLogSegment(385)) - s3@group-01D95DDB5FBE-SegmentedRaftLogWorker: Rolling segment log-0_0 to index:0
2019-09-26 09:45:28,671 DEBUG impl.RaftServerImpl (RaftServerImpl.java:logAppendEntries(850)) - s2@group-01D95DDB5FBE: receive appendEntries(s0, 4, null, -1, false, commits[s0:c-1, s3:c-1, s4:c0, s1:c-1, s2:c-1], entries: [(t:1, i:0), CONFIGURATIONENTRY, (t:4, i:1), CONFIGURATIONENTRY]
2019-09-26 09:45:28,671 INFO  impl.RaftServerImpl (ServerState.java:setRaftConf(355)) - s4@group-01D95DDB5FBE: set configuration 1: [s3:0.0.0.0:37052, s4:0.0.0.0:45551, s0:0.0.0.0:37613, s1:0.0.0.0:43999, s2:0.0.0.0:33930], old=null at 1
2019-09-26 09:45:28,673 INFO  impl.RaftServerImpl (ServerState.java:setRaftConf(355)) - s2@group-01D95DDB5FBE: set configuration 0: [s3:0.0.0.0:37052, s4:0.0.0.0:45551, s0:0.0.0.0:37613, s1:0.0.0.0:43999, s2:0.0.0.0:33930], old=null at 0
2019-09-26 09:45:28,672 INFO  impl.RaftServerImpl (ServerState.java:setRaftConf(355)) - s1@group-01D95DDB5FBE: set configuration 1: [s3:0.0.0.0:37052, s4:0.0.0.0:45551, s0:0.0.0.0:37613, s1:0.0.0.0:43999, s2:0.0.0.0:33930], old=null at 1
2019-09-26 09:45:28,673 INFO  impl.RaftServerImpl (ServerState.java:setRaftConf(355)) - s2@group-01D95DDB5FBE: set configuration 1: [s3:0.0.0.0:37052, s4:0.0.0.0:45551, s0:0.0.0.0:37613, s1:0.0.0.0:43999, s2:0.0.0.0:33930], old=null at 1
2019-09-26 09:45:28,673 INFO  segmented.SegmentedRaftLogWorker (SegmentedRaftLogWorker.java:rollLogSegment(385)) - s4@group-01D95DDB5FBE-SegmentedRaftLogWorker: Rolling segment log-0_0 to index:0
2019-09-26 09:45:28,674 INFO  segmented.SegmentedRaftLogWorker (SegmentedRaftLogWorker.java:startLogSegment(380)) - s2@group-01D95DDB5FBE-SegmentedRaftLogWorker: Starting segment from index:0
2019-09-26 09:45:28,674 INFO  segmented.SegmentedRaftLogWorker (SegmentedRaftLogWorker.java:rollLogSegment(385)) - s1@group-01D95DDB5FBE-SegmentedRaftLogWorker: Rolling segment log-0_0 to index:0
2019-09-26 09:45:28,675 INFO  segmented.SegmentedRaftLogWorker (SegmentedRaftLogWorker.java:rollLogSegment(385)) - s2@group-01D95DDB5FBE-SegmentedRaftLogWorker: Rolling segment log-0_0 to index:0
2019-09-26 09:45:28,674 TRACE util.FileUtils (LogUtils.java:runAndLog(61)) - Successfully ran Files.move /workdir/ratis-test/target/test/data/bb022a74/MiniRaftClusterWithNettydf5703b9/s3/24ac8ac7-d2c9-4c7d-87bf-01d95ddb5fbe/current/log_inprogress_0 to /workdir/ratis-test/target/test/data/bb022a74/MiniRaftClusterWithNettydf5703b9/s3/24ac8ac7-d2c9-4c7d-87bf-01d95ddb5fbe/current/log_0-0
2019-09-26 09:45:28,675 INFO  segmented.SegmentedRaftLogWorker (SegmentedRaftLogWorker.java:execute(526)) - s3@group-01D95DDB5FBE-SegmentedRaftLogWorker: Rolled log segment from /workdir/ratis-test/target/test/data/bb022a74/MiniRaftClusterWithNettydf5703b9/s3/24ac8ac7-d2c9-4c7d-87bf-01d95ddb5fbe/current/log_inprogress_0 to /workdir/ratis-test/target/test/data/bb022a74/MiniRaftClusterWithNettydf5703b9/s3/24ac8ac7-d2c9-4c7d-87bf-01d95ddb5fbe/current/log_0-0
2019-09-26 09:45:28,676 TRACE util.FileUtils (LogUtils.java:runAndLog(61)) - Successfully ran Files.move /workdir/ratis-test/target/test/data/bb022a74/MiniRaftClusterWithNettydf5703b9/s4/24ac8ac7-d2c9-4c7d-87bf-01d95ddb5fbe/current/log_inprogress_0 to /workdir/ratis-test/target/test/data/bb022a74/MiniRaftClusterWithNettydf5703b9/s4/24ac8ac7-d2c9-4c7d-87bf-01d95ddb5fbe/current/log_0-0
2019-09-26 09:45:28,677 TRACE util.FileUtils (LogUtils.java:runAndLog(61)) - Successfully ran Files.move /workdir/ratis-test/target/test/data/bb022a74/MiniRaftClusterWithNettydf5703b9/s1/24ac8ac7-d2c9-4c7d-87bf-01d95ddb5fbe/current/log_inprogress_0 to /workdir/ratis-test/target/test/data/bb022a74/MiniRaftClusterWithNettydf5703b9/s1/24ac8ac7-d2c9-4c7d-87bf-01d95ddb5fbe/current/log_0-0
2019-09-26 09:45:28,677 INFO  segmented.SegmentedRaftLogWorker (SegmentedRaftLogWorker.java:execute(526)) - s4@group-01D95DDB5FBE-SegmentedRaftLogWorker: Rolled log segment from /workdir/ratis-test/target/test/data/bb022a74/MiniRaftClusterWithNettydf5703b9/s4/24ac8ac7-d2c9-4c7d-87bf-01d95ddb5fbe/current/log_inprogress_0 to /workdir/ratis-test/target/test/data/bb022a74/MiniRaftClusterWithNettydf5703b9/s4/24ac8ac7-d2c9-4c7d-87bf-01d95ddb5fbe/current/log_0-0
2019-09-26 09:45:28,677 INFO  segmented.SegmentedRaftLogWorker (SegmentedRaftLogWorker.java:execute(526)) - s1@group-01D95DDB5FBE-SegmentedRaftLogWorker: Rolled log segment from /workdir/ratis-test/target/test/data/bb022a74/MiniRaftClusterWithNettydf5703b9/s1/24ac8ac7-d2c9-4c7d-87bf-01d95ddb5fbe/current/log_inprogress_0 to /workdir/ratis-test/target/test/data/bb022a74/MiniRaftClusterWithNettydf5703b9/s1/24ac8ac7-d2c9-4c7d-87bf-01d95ddb5fbe/current/log_0-0
2019-09-26 09:45:28,852 INFO  ratis.RaftTestUtil (RaftTestUtil.java:waitForLeader(101)) - printing ALL groups
  s3:  RUNNING  FOLLOWER s3@group-01D95DDB5FBE:t4, leader=s0, voted=s0, raftlog=s3@group-01D95DDB5FBE-SegmentedRaftLog:OPENED:c-1,f0,i1, conf=1: [s3:0.0.0.0:37052, s4:0.0.0.0:45551, s0:0.0.0.0:37613, s1:0.0.0.0:43999, s2:0.0.0.0:33930], old=null RUNNING
  s4:  RUNNING  FOLLOWER s4@group-01D95DDB5FBE:t4, leader=s0, voted=s0, raftlog=s4@group-01D95DDB5FBE-SegmentedRaftLog:OPENED:c0,f0,i1, conf=1: [s3:0.0.0.0:37052, s4:0.0.0.0:45551, s0:0.0.0.0:37613, s1:0.0.0.0:43999, s2:0.0.0.0:33930], old=null RUNNING
  s0:  RUNNING    LEADER s0@group-01D95DDB5FBE:t4, leader=s0, voted=s0, raftlog=s0@group-01D95DDB5FBE-SegmentedRaftLog:OPENED:c-1,f0,i1, conf=1: [s3:0.0.0.0:37052, s4:0.0.0.0:45551, s0:0.0.0.0:37613, s1:0.0.0.0:43999, s2:0.0.0.0:33930], old=null RUNNING
  s1:  RUNNING  FOLLOWER s1@group-01D95DDB5FBE:t4, leader=s0, voted=s0, raftlog=s1@group-01D95DDB5FBE-SegmentedRaftLog:OPENED:c-1,f0,i1, conf=1: [s3:0.0.0.0:37052, s4:0.0.0.0:45551, s0:0.0.0.0:37613, s1:0.0.0.0:43999, s2:0.0.0.0:33930], old=null RUNNING
  s2:  RUNNING  FOLLOWER s2@group-01D95DDB5FBE:t4, leader=s0, voted=s0, raftlog=s2@group-01D95DDB5FBE-SegmentedRaftLog:OPENED:c-1,f-1,i1, conf=1: [s3:0.0.0.0:37052, s4:0.0.0.0:45551, s0:0.0.0.0:37613, s1:0.0.0.0:43999, s2:0.0.0.0:33930], old=null RUNNING
2019-09-26 09:45:28,927 INFO  segmented.SegmentedRaftLogWorker (SegmentedRaftLogWorker.java:execute(569)) - s2@group-01D95DDB5FBE-SegmentedRaftLogWorker: created new log segment /workdir/ratis-test/target/test/data/bb022a74/MiniRaftClusterWithNettydf5703b9/s2/24ac8ac7-d2c9-4c7d-87bf-01d95ddb5fbe/current/log_inprogress_0
2019-09-26 09:45:28,927 INFO  segmented.SegmentedRaftLogWorker (SegmentedRaftLogWorker.java:execute(569)) - s1@group-01D95DDB5FBE-SegmentedRaftLogWorker: created new log segment /workdir/ratis-test/target/test/data/bb022a74/MiniRaftClusterWithNettydf5703b9/s1/24ac8ac7-d2c9-4c7d-87bf-01d95ddb5fbe/current/log_inprogress_1
2019-09-26 09:45:28,927 INFO  segmented.SegmentedRaftLogWorker (SegmentedRaftLogWorker.java:execute(569)) - s4@group-01D95DDB5FBE-SegmentedRaftLogWorker: created new log segment /workdir/ratis-test/target/test/data/bb022a74/MiniRaftClusterWithNettydf5703b9/s4/24ac8ac7-d2c9-4c7d-87bf-01d95ddb5fbe/current/log_inprogress_1
2019-09-26 09:45:28,927 INFO  segmented.SegmentedRaftLogWorker (SegmentedRaftLogWorker.java:execute(569)) - s0@group-01D95DDB5FBE-SegmentedRaftLogWorker: created new log segment /workdir/ratis-test/target/test/data/bb022a74/MiniRaftClusterWithNettydf5703b9/s0/24ac8ac7-d2c9-4c7d-87bf-01d95ddb5fbe/current/log_inprogress_1
2019-09-26 09:45:28,927 INFO  segmented.SegmentedRaftLogWorker (SegmentedRaftLogWorker.java:execute(569)) - s3@group-01D95DDB5FBE-SegmentedRaftLogWorker: created new log segment /workdir/ratis-test/target/test/data/bb022a74/MiniRaftClusterWithNettydf5703b9/s3/24ac8ac7-d2c9-4c7d-87bf-01d95ddb5fbe/current/log_inprogress_1
2019-09-26 09:45:28,938 DEBUG impl.RaftServerImpl (RaftServerImpl.java:logAppendEntries(850)) - s3@group-01D95DDB5FBE: succeeded to handle AppendEntries. Reply: s0<-s3#0:OK,SUCCESS,nextIndex:2,term:4,followerCommit:-1
2019-09-26 09:45:28,938 DEBUG impl.RaftServerImpl (RaftServerImpl.java:logAppendEntries(850)) - s4@group-01D95DDB5FBE: succeeded to handle AppendEntries. Reply: s0<-s4#0:OK,SUCCESS,nextIndex:2,term:4,followerCommit:0
2019-09-26 09:45:28,938 DEBUG impl.RaftServerImpl (RaftServerImpl.java:logAppendEntries(850)) - s1@group-01D95DDB5FBE: succeeded to handle AppendEntries. Reply: s0<-s1#0:OK,SUCCESS,nextIndex:2,term:4,followerCommit:-1
2019-09-26 09:45:28,939 TRACE util.FileUtils (LogUtils.java:runAndLog(61)) - Successfully ran Files.move /workdir/ratis-test/target/test/data/bb022a74/MiniRaftClusterWithNettydf5703b9/s2/24ac8ac7-d2c9-4c7d-87bf-01d95ddb5fbe/current/log_inprogress_0 to /workdir/ratis-test/target/test/data/bb022a74/MiniRaftClusterWithNettydf5703b9/s2/24ac8ac7-d2c9-4c7d-87bf-01d95ddb5fbe/current/log_0-0
2019-09-26 09:45:28,939 INFO  segmented.SegmentedRaftLogWorker (SegmentedRaftLogWorker.java:execute(526)) - s2@group-01D95DDB5FBE-SegmentedRaftLogWorker: Rolled log segment from /workdir/ratis-test/target/test/data/bb022a74/MiniRaftClusterWithNettydf5703b9/s2/24ac8ac7-d2c9-4c7d-87bf-01d95ddb5fbe/current/log_inprogress_0 to /workdir/ratis-test/target/test/data/bb022a74/MiniRaftClusterWithNettydf5703b9/s2/24ac8ac7-d2c9-4c7d-87bf-01d95ddb5fbe/current/log_0-0
2019-09-26 09:45:28,941 DEBUG impl.RaftServerImpl (RaftServerImpl.java:logAppendEntries(850)) - s1@group-01D95DDB5FBE: receive appendEntries(s0, 4, (t:4, i:1), 1, false, commits[s0:c1, s3:c-1, s4:c0, s1:c-1, s2:c-1], entries: (t:4, i:2), METADATAENTRY(c1)
2019-09-26 09:45:28,941 DEBUG impl.RaftServerImpl (RaftServerImpl.java:logAppendEntries(850)) - s3@group-01D95DDB5FBE: receive appendEntries(s0, 4, (t:4, i:1), 1, false, commits[s0:c1, s3:c-1, s4:c0, s1:c-1, s2:c-1], entries: (t:4, i:2), METADATAENTRY(c1)
2019-09-26 09:45:28,941 DEBUG impl.RaftServerImpl (RaftServerImpl.java:logAppendEntries(850)) - s4@group-01D95DDB5FBE: receive appendEntries(s0, 4, (t:4, i:1), 1, false, commits[s0:c1, s3:c-1, s4:c0, s1:c-1, s2:c-1], entries: (t:4, i:2), METADATAENTRY(c1)
2019-09-26 09:45:28,948 DEBUG impl.RaftServerImpl (RaftServerImpl.java:logAppendEntries(850)) - s3@group-01D95DDB5FBE: succeeded to handle AppendEntries. Reply: s0<-s3#0:OK,SUCCESS,nextIndex:3,term:4,followerCommit:1
2019-09-26 09:45:28,949 DEBUG impl.RaftServerImpl (RaftServerImpl.java:logAppendEntries(850)) - s4@group-01D95DDB5FBE: succeeded to handle AppendEntries. Reply: s0<-s4#0:OK,SUCCESS,nextIndex:3,term:4,followerCommit:1
2019-09-26 09:45:28,949 DEBUG impl.RaftServerImpl (RaftServerImpl.java:logAppendEntries(850)) - s1@group-01D95DDB5FBE: succeeded to handle AppendEntries. Reply: s0<-s1#0:OK,SUCCESS,nextIndex:3,term:4,followerCommit:1
2019-09-26 09:45:29,015 INFO  segmented.SegmentedRaftLogWorker (SegmentedRaftLogWorker.java:execute(569)) - s2@group-01D95DDB5FBE-SegmentedRaftLogWorker: created new log segment /workdir/ratis-test/target/test/data/bb022a74/MiniRaftClusterWithNettydf5703b9/s2/24ac8ac7-d2c9-4c7d-87bf-01d95ddb5fbe/current/log_inprogress_1
2019-09-26 09:45:29,029 DEBUG impl.RaftServerImpl (RaftServerImpl.java:logAppendEntries(850)) - s2@group-01D95DDB5FBE: succeeded to handle AppendEntries. Reply: s0<-s2#0:OK,SUCCESS,nextIndex:2,term:4,followerCommit:-1
2019-09-26 09:45:29,031 DEBUG impl.RaftServerImpl (RaftServerImpl.java:logAppendEntries(850)) - s2@group-01D95DDB5FBE: receive appendEntries(s0, 4, (t:4, i:1), 2, false, commits[s0:c2, s3:c2, s4:c2, s1:c2, s2:c-1], entries: (t:4, i:2), METADATAENTRY(c1)
2019-09-26 09:45:29,041 DEBUG impl.RaftServerImpl (RaftServerImpl.java:logAppendEntries(850)) - s2@group-01D95DDB5FBE: succeeded to handle AppendEntries. Reply: s0<-s2#0:OK,SUCCESS,nextIndex:3,term:4,followerCommit:2
2019-09-26 09:45:29,853 INFO  netty.TestRaftReconfigurationWithNetty (RaftReconfigurationBaseTest.java:runTestRevertConfigurationChange(500)) - start blocking the leader
2019-09-26 09:45:29,857 INFO  util.CodeInjectionForTesting (BlockRequestHandlingInjection.java:blockRequestor(48)) - Block requestor s0
2019-09-26 09:45:29,861 INFO  netty.TestRaftReconfigurationWithNetty (RaftReconfigurationBaseTest.java:lambda$runTestRevertConfigurationChange$11(509)) - client starts to change conf
2019-09-26 09:45:29,863 INFO  logging.LoggingHandler (AbstractInternalLogger.java:log(150)) - [id: 0xc1ce39cd, L:/0.0.0.0:37613] READ: [id: 0x2a3d1362, L:/192.168.30.59:37613 - R:/192.168.30.59:45166]
2019-09-26 09:45:29,864 INFO  netty.TestRaftReconfigurationWithNetty (RaftReconfigurationBaseTest.java:lambda$runTestRevertConfigurationChange$15(554)) -     0: (t:1, i:0), CONFIGURATIONENTRY
2019-09-26 09:45:29,864 INFO  logging.LoggingHandler (AbstractInternalLogger.java:log(150)) - [id: 0xc1ce39cd, L:/0.0.0.0:37613] READ COMPLETE
2019-09-26 09:45:29,864 INFO  netty.TestRaftReconfigurationWithNetty (RaftReconfigurationBaseTest.java:lambda$runTestRevertConfigurationChange$15(554)) -     1: (t:4, i:1), CONFIGURATIONENTRY
2019-09-26 09:45:29,864 INFO  netty.TestRaftReconfigurationWithNetty (RaftReconfigurationBaseTest.java:lambda$runTestRevertConfigurationChange$15(554)) - fc  2: (t:4, i:2), METADATAENTRY(c1)
2019-09-26 09:45:29,865 INFO  ratis.MiniRaftCluster (MiniRaftCluster.java:runWithNewCluster(127)) - printing ALL groups
  s3:  RUNNING  FOLLOWER s3@group-01D95DDB5FBE:t4, leader=s0, voted=s0, raftlog=s3@group-01D95DDB5FBE-SegmentedRaftLog:OPENED:c2,f2,i2, conf=1: [s3:0.0.0.0:37052, s4:0.0.0.0:45551, s0:0.0.0.0:37613, s1:0.0.0.0:43999, s2:0.0.0.0:33930], old=null RUNNING
  s4:  RUNNING  FOLLOWER s4@group-01D95DDB5FBE:t4, leader=s0, voted=s0, raftlog=s4@group-01D95DDB5FBE-SegmentedRaftLog:OPENED:c2,f2,i2, conf=1: [s3:0.0.0.0:37052, s4:0.0.0.0:45551, s0:0.0.0.0:37613, s1:0.0.0.0:43999, s2:0.0.0.0:33930], old=null RUNNING
  s0:  RUNNING    LEADER s0@group-01D95DDB5FBE:t4, leader=s0, voted=s0, raftlog=s0@group-01D95DDB5FBE-SegmentedRaftLog:OPENED:c2,f2,i2, conf=1: [s3:0.0.0.0:37052, s4:0.0.0.0:45551, s0:0.0.0.0:37613, s1:0.0.0.0:43999, s2:0.0.0.0:33930], old=null RUNNING
  s1:  RUNNING  FOLLOWER s1@group-01D95DDB5FBE:t4, leader=s0, voted=s0, raftlog=s1@group-01D95DDB5FBE-SegmentedRaftLog:OPENED:c2,f2,i2, conf=1: [s3:0.0.0.0:37052, s4:0.0.0.0:45551, s0:0.0.0.0:37613, s1:0.0.0.0:43999, s2:0.0.0.0:33930], old=null RUNNING
  s2:  RUNNING  FOLLOWER s2@group-01D95DDB5FBE:t4, leader=s0, voted=s0, raftlog=s2@group-01D95DDB5FBE-SegmentedRaftLog:OPENED:c2,f2,i2, conf=1: [s3:0.0.0.0:37052, s4:0.0.0.0:45551, s0:0.0.0.0:37613, s1:0.0.0.0:43999, s2:0.0.0.0:33930], old=null RUNNING
2019-09-26 09:45:29,865 INFO  impl.RaftServerImpl (RaftServerImpl.java:setConfigurationAsync(658)) - s0@group-01D95DDB5FBE: receive setConfiguration SetConfigurationRequest:client-E6791CAF3521->s0@group-01D95DDB5FBE, cid=0, seq=0, RW, null, peers:[s4:0.0.0.0:45551, s0:0.0.0.0:37613, s1:0.0.0.0:43999, s2:0.0.0.0:33930]
2019-09-26 09:45:29,865 ERROR ratis.MiniRaftCluster (MiniRaftCluster.java:runWithNewCluster(128)) - Failed org.apache.ratis.MiniRaftCluster$Factory$Get.runWithNewCluster(MiniRaftCluster.java:113)
java.lang.AssertionError
	at org.junit.Assert.fail(Assert.java:86)
	at org.junit.Assert.assertTrue(Assert.java:41)
	at org.junit.Assert.assertTrue(Assert.java:52)
	at org.apache.ratis.server.impl.RaftReconfigurationBaseTest.runTestRevertConfigurationChange(RaftReconfigurationBaseTest.java:538)
	at org.apache.ratis.MiniRaftCluster$Factory$Get.runWithNewCluster(MiniRaftCluster.java:125)
	at org.apache.ratis.MiniRaftCluster$Factory$Get.runWithNewCluster(MiniRaftCluster.java:113)
	at org.apache.ratis.server.impl.RaftReconfigurationBaseTest.testRevertConfigurationChange(RaftReconfigurationBaseTest.java:482)
	at sun.reflect.NativeMethodAccessorImpl.invoke0(Native Method)
	at sun.reflect.NativeMethodAccessorImpl.invoke(NativeMethodAccessorImpl.java:62)
	at sun.reflect.DelegatingMethodAccessorImpl.invoke(DelegatingMethodAccessorImpl.java:43)
	at java.lang.reflect.Method.invoke(Method.java:498)
	at org.junit.runners.model.FrameworkMethod$1.runReflectiveCall(FrameworkMethod.java:50)
	at org.junit.internal.runners.model.ReflectiveCallable.run(ReflectiveCallable.java:12)
	at org.junit.runners.model.FrameworkMethod.invokeExplosively(FrameworkMethod.java:47)
	at org.junit.internal.runners.statements.InvokeMethod.evaluate(InvokeMethod.java:17)
	at org.junit.internal.runners.statements.RunAfters.evaluate(RunAfters.java:27)
	at org.junit.internal.runners.statements.FailOnTimeout$CallableStatement.call(FailOnTimeout.java:298)
	at org.junit.internal.runners.statements.FailOnTimeout$CallableStatement.call(FailOnTimeout.java:292)
	at java.util.concurrent.FutureTask.run(FutureTask.java:266)
	at java.lang.Thread.run(Thread.java:748)
2019-09-26 09:45:29,867 INFO  ratis.MiniRaftCluster (MiniRaftCluster.java:shutdown(700)) - ************************************************************** 
2019-09-26 09:45:29,867 INFO  ratis.MiniRaftCluster (MiniRaftCluster.java:shutdown(701)) - *** 
2019-09-26 09:45:29,868 INFO  ratis.MiniRaftCluster (MiniRaftCluster.java:shutdown(702)) - ***     Stopping MiniRaftClusterWithNetty
2019-09-26 09:45:29,868 INFO  ratis.MiniRaftCluster (MiniRaftCluster.java:shutdown(703)) - *** 
2019-09-26 09:45:29,868 INFO  ratis.MiniRaftCluster (MiniRaftCluster.java:shutdown(704)) - ************************************************************** 
2019-09-26 09:45:29,866 INFO  impl.RaftServerImpl (LeaderState.java:startSetConfiguration(287)) - s0@group-01D95DDB5FBE-LeaderState: startSetConfiguration SetConfigurationRequest:client-E6791CAF3521->s0@group-01D95DDB5FBE, cid=0, seq=0, RW, null, peers:[s4:0.0.0.0:45551, s0:0.0.0.0:37613, s1:0.0.0.0:43999, s2:0.0.0.0:33930]
2019-09-26 09:45:29,868 INFO  ratis.MiniRaftCluster (MiniRaftCluster.java:shutdown(705)) - printing ALL groups
  s3:  RUNNING  FOLLOWER s3@group-01D95DDB5FBE:t4, leader=s0, voted=s0, raftlog=s3@group-01D95DDB5FBE-SegmentedRaftLog:OPENED:c2,f2,i2, conf=1: [s3:0.0.0.0:37052, s4:0.0.0.0:45551, s0:0.0.0.0:37613, s1:0.0.0.0:43999, s2:0.0.0.0:33930], old=null RUNNING
  s4:  RUNNING  FOLLOWER s4@group-01D95DDB5FBE:t4, leader=s0, voted=s0, raftlog=s4@group-01D95DDB5FBE-SegmentedRaftLog:OPENED:c2,f2,i2, conf=1: [s3:0.0.0.0:37052, s4:0.0.0.0:45551, s0:0.0.0.0:37613, s1:0.0.0.0:43999, s2:0.0.0.0:33930], old=null RUNNING
  s0:  RUNNING    LEADER s0@group-01D95DDB5FBE:t4, leader=s0, voted=s0, raftlog=s0@group-01D95DDB5FBE-SegmentedRaftLog:OPENED:c2,f2,i2, conf=1: [s3:0.0.0.0:37052, s4:0.0.0.0:45551, s0:0.0.0.0:37613, s1:0.0.0.0:43999, s2:0.0.0.0:33930], old=null RUNNING
  s1:  RUNNING  FOLLOWER s1@group-01D95DDB5FBE:t4, leader=s0, voted=s0, raftlog=s1@group-01D95DDB5FBE-SegmentedRaftLog:OPENED:c2,f2,i2, conf=1: [s3:0.0.0.0:37052, s4:0.0.0.0:45551, s0:0.0.0.0:37613, s1:0.0.0.0:43999, s2:0.0.0.0:33930], old=null RUNNING
  s2:  RUNNING  FOLLOWER s2@group-01D95DDB5FBE:t4, leader=s0, voted=s0, raftlog=s2@group-01D95DDB5FBE-SegmentedRaftLog:OPENED:c2,f2,i2, conf=1: [s3:0.0.0.0:37052, s4:0.0.0.0:45551, s0:0.0.0.0:37613, s1:0.0.0.0:43999, s2:0.0.0.0:33930], old=null RUNNING
2019-09-26 09:45:29,869 INFO  impl.RaftServerImpl (ServerState.java:setRaftConf(355)) - s0@group-01D95DDB5FBE: set configuration 3: [s4:0.0.0.0:45551, s0:0.0.0.0:37613, s1:0.0.0.0:43999, s2:0.0.0.0:33930], old=[s3:0.0.0.0:37052, s4:0.0.0.0:45551, s0:0.0.0.0:37613, s1:0.0.0.0:43999, s2:0.0.0.0:33930] at 3
2019-09-26 09:45:29,869 INFO  impl.RaftServerProxy (RaftServerProxy.java:lambda$close$4(314)) - s3: close
2019-09-26 09:45:29,871 INFO  impl.RaftServerProxy (RaftServerProxy.java:lambda$close$4(314)) - s0: close
2019-09-26 09:45:29,872 INFO  impl.RaftServerImpl (RaftServerImpl.java:lambda$shutdown$3(247)) - s3@group-01D95DDB5FBE: shutdown
2019-09-26 09:45:29,870 INFO  impl.RaftServerProxy (RaftServerProxy.java:lambda$close$4(314)) - s4: close
2019-09-26 09:45:29,873 INFO  util.JmxRegister (JmxRegister.java:unregister(73)) - Successfully un-registered JMX Bean with object name Ratis:service=RaftServer,group=group-01D95DDB5FBE,id=s3
2019-09-26 09:45:29,875 INFO  impl.RoleInfo (RoleInfo.java:shutdownFollowerState(121)) - s3: shutdown FollowerState
2019-09-26 09:45:29,873 INFO  impl.RaftServerProxy (RaftServerProxy.java:lambda$close$4(314)) - s2: close
2019-09-26 09:45:29,872 INFO  impl.RaftServerImpl (RaftServerImpl.java:lambda$shutdown$3(247)) - s0@group-01D95DDB5FBE: shutdown
2019-09-26 09:45:29,872 INFO  impl.RaftServerProxy (RaftServerProxy.java:lambda$close$4(314)) - s1: close
2019-09-26 09:45:29,876 INFO  util.JmxRegister (JmxRegister.java:unregister(73)) - Successfully un-registered JMX Bean with object name Ratis:service=RaftServer,group=group-01D95DDB5FBE,id=s0
2019-09-26 09:45:29,877 INFO  impl.RoleInfo (RoleInfo.java:shutdownLeaderState(104)) - s0: shutdown LeaderState
2019-09-26 09:45:29,876 INFO  impl.RaftServerImpl (RaftServerImpl.java:lambda$shutdown$3(247)) - s2@group-01D95DDB5FBE: shutdown
2019-09-26 09:45:29,875 INFO  impl.FollowerState (FollowerState.java:run(117)) - s3@group-01D95DDB5FBE-FollowerState was interrupted: java.lang.InterruptedException: sleep interrupted
2019-09-26 09:45:29,875 INFO  impl.StateMachineUpdater (StateMachineUpdater.java:stopAndJoin(136)) - s3@group-01D95DDB5FBE-StateMachineUpdater: set stopIndex = 2
2019-09-26 09:45:29,874 INFO  util.CodeInjectionForTesting (BlockRequestHandlingInjection.java:execute(76)) - s2: Block request from s0
2019-09-26 09:45:29,874 INFO  util.CodeInjectionForTesting (BlockRequestHandlingInjection.java:execute(76)) - s4: Block request from s0
2019-09-26 09:45:29,874 INFO  util.CodeInjectionForTesting (BlockRequestHandlingInjection.java:execute(76)) - s3: Block request from s0
2019-09-26 09:45:29,874 INFO  util.CodeInjectionForTesting (BlockRequestHandlingInjection.java:execute(76)) - s1: Block request from s0
2019-09-26 09:45:29,874 INFO  impl.RaftServerImpl (RaftServerImpl.java:lambda$shutdown$3(247)) - s4@group-01D95DDB5FBE: shutdown
2019-09-26 09:45:29,881 INFO  impl.RaftServerImpl (ServerState.java:close(386)) - s3@group-01D95DDB5FBE: closes. applyIndex: 2
2019-09-26 09:45:29,880 INFO  util.JmxRegister (JmxRegister.java:unregister(73)) - Successfully un-registered JMX Bean with object name Ratis:service=RaftServer,group=group-01D95DDB5FBE,id=s2
2019-09-26 09:45:29,880 INFO  impl.LogAppender (LogAppender.java:run(78)) - s0@group-01D95DDB5FBE->s1-LogAppender-AppenderDaemon was interrupted: java.io.InterruptedIOException: s0->s1#0 sending from s1:0.0.0.0:43999 is interrupted.
2019-09-26 09:45:29,880 INFO  impl.LogAppender (LogAppender.java:run(78)) - s0@group-01D95DDB5FBE->s2-LogAppender-AppenderDaemon was interrupted: java.io.InterruptedIOException: s0->s2#0 sending from s2:0.0.0.0:33930 is interrupted.
2019-09-26 09:45:29,880 INFO  impl.LogAppender (LogAppender.java:run(78)) - s0@group-01D95DDB5FBE->s4-LogAppender-AppenderDaemon was interrupted: java.io.InterruptedIOException: s0->s4#0 sending from s4:0.0.0.0:45551 is interrupted.
2019-09-26 09:45:29,880 INFO  impl.PendingRequests (PendingRequests.java:sendNotLeaderResponses(202)) - s0@group-01D95DDB5FBE-PendingRequests: sendNotLeaderResponses
2019-09-26 09:45:29,880 INFO  impl.LogAppender (LogAppender.java:run(78)) - s0@group-01D95DDB5FBE->s3-LogAppender-AppenderDaemon was interrupted: java.io.InterruptedIOException: s0->s3#0 sending from s3:0.0.0.0:37052 is interrupted.
2019-09-26 09:45:29,877 INFO  impl.RaftServerImpl (RaftServerImpl.java:lambda$shutdown$3(247)) - s1@group-01D95DDB5FBE: shutdown
2019-09-26 09:45:29,887 INFO  impl.StateMachineUpdater (StateMachineUpdater.java:stopAndJoin(136)) - s0@group-01D95DDB5FBE-StateMachineUpdater: set stopIndex = 2
2019-09-26 09:45:29,887 INFO  impl.RaftServerImpl (ServerState.java:close(386)) - s0@group-01D95DDB5FBE: closes. applyIndex: 2
2019-09-26 09:45:29,884 INFO  impl.RoleInfo (RoleInfo.java:shutdownFollowerState(121)) - s2: shutdown FollowerState
2019-09-26 09:45:29,884 INFO  segmented.SegmentedRaftLogWorker (SegmentedRaftLogWorker.java:run(313)) - s3@group-01D95DDB5FBE-SegmentedRaftLogWorker was interrupted, exiting. There are 0 tasks remaining in the queue.
2019-09-26 09:45:29,883 INFO  util.JmxRegister (JmxRegister.java:unregister(73)) - Successfully un-registered JMX Bean with object name Ratis:service=RaftServer,group=group-01D95DDB5FBE,id=s4
2019-09-26 09:45:29,889 INFO  impl.RoleInfo (RoleInfo.java:shutdownFollowerState(121)) - s4: shutdown FollowerState
2019-09-26 09:45:29,888 INFO  impl.FollowerState (FollowerState.java:run(117)) - s2@group-01D95DDB5FBE-FollowerState was interrupted: java.lang.InterruptedException: sleep interrupted
2019-09-26 09:45:29,888 INFO  impl.StateMachineUpdater (StateMachineUpdater.java:stopAndJoin(136)) - s2@group-01D95DDB5FBE-StateMachineUpdater: set stopIndex = 2
2019-09-26 09:45:29,888 INFO  segmented.SegmentedRaftLogWorker (SegmentedRaftLogWorker.java:run(313)) - s0@group-01D95DDB5FBE-SegmentedRaftLogWorker was interrupted, exiting. There are 0 tasks remaining in the queue.
2019-09-26 09:45:29,887 INFO  util.JmxRegister (JmxRegister.java:unregister(73)) - Successfully un-registered JMX Bean with object name Ratis:service=RaftServer,group=group-01D95DDB5FBE,id=s1
2019-09-26 09:45:29,892 INFO  segmented.SegmentedRaftLogWorker (SegmentedRaftLogWorker.java:close(228)) - s3@group-01D95DDB5FBE-SegmentedRaftLogWorker close()
2019-09-26 09:45:29,891 INFO  impl.RaftServerImpl (ServerState.java:close(386)) - s2@group-01D95DDB5FBE: closes. applyIndex: 2
2019-09-26 09:45:29,889 INFO  impl.FollowerState (FollowerState.java:run(117)) - s4@group-01D95DDB5FBE-FollowerState was interrupted: java.lang.InterruptedException: sleep interrupted
2019-09-26 09:45:29,889 INFO  impl.StateMachineUpdater (StateMachineUpdater.java:stopAndJoin(136)) - s4@group-01D95DDB5FBE-StateMachineUpdater: set stopIndex = 2
2019-09-26 09:45:29,900 INFO  segmented.SegmentedRaftLogWorker (SegmentedRaftLogWorker.java:run(313)) - s2@group-01D95DDB5FBE-SegmentedRaftLogWorker was interrupted, exiting. There are 0 tasks remaining in the queue.
2019-09-26 09:45:29,899 INFO  logging.LoggingHandler (AbstractInternalLogger.java:log(150)) - [id: 0x822067fe, L:/0.0.0.0:37052] UNREGISTERED
2019-09-26 09:45:29,899 INFO  segmented.SegmentedRaftLogWorker (SegmentedRaftLogWorker.java:close(228)) - s0@group-01D95DDB5FBE-SegmentedRaftLogWorker close()
2019-09-26 09:45:29,895 INFO  impl.RoleInfo (RoleInfo.java:shutdownFollowerState(121)) - s1: shutdown FollowerState
2019-09-26 09:45:29,900 INFO  impl.RaftServerImpl (ServerState.java:close(386)) - s4@group-01D95DDB5FBE: closes. applyIndex: 2
2019-09-26 09:45:29,904 INFO  impl.FollowerState (FollowerState.java:run(117)) - s1@group-01D95DDB5FBE-FollowerState was interrupted: java.lang.InterruptedException: sleep interrupted
2019-09-26 09:45:29,904 INFO  impl.StateMachineUpdater (StateMachineUpdater.java:stopAndJoin(136)) - s1@group-01D95DDB5FBE-StateMachineUpdater: set stopIndex = 2
2019-09-26 09:45:29,905 INFO  segmented.SegmentedRaftLogWorker (SegmentedRaftLogWorker.java:run(313)) - s4@group-01D95DDB5FBE-SegmentedRaftLogWorker was interrupted, exiting. There are 0 tasks remaining in the queue.
2019-09-26 09:45:29,904 INFO  segmented.SegmentedRaftLogWorker (SegmentedRaftLogWorker.java:close(228)) - s2@group-01D95DDB5FBE-SegmentedRaftLogWorker close()
2019-09-26 09:45:29,904 INFO  logging.LoggingHandler (AbstractInternalLogger.java:log(150)) - [id: 0xc1ce39cd, L:/0.0.0.0:37613] UNREGISTERED
2019-09-26 09:45:29,906 INFO  impl.RaftServerImpl (ServerState.java:close(386)) - s1@group-01D95DDB5FBE: closes. applyIndex: 2
2019-09-26 09:45:29,910 INFO  logging.LoggingHandler (AbstractInternalLogger.java:log(150)) - [id: 0x77c11ede, L:/0.0.0.0:33930] UNREGISTERED
2019-09-26 09:45:29,912 INFO  segmented.SegmentedRaftLogWorker (SegmentedRaftLogWorker.java:close(228)) - s4@group-01D95DDB5FBE-SegmentedRaftLogWorker close()
2019-09-26 09:45:29,912 INFO  segmented.SegmentedRaftLogWorker (SegmentedRaftLogWorker.java:run(313)) - s1@group-01D95DDB5FBE-SegmentedRaftLogWorker was interrupted, exiting. There are 0 tasks remaining in the queue.
2019-09-26 09:45:29,914 INFO  logging.LoggingHandler (AbstractInternalLogger.java:log(150)) - [id: 0x9b0ed199, L:/0.0.0.0:45551] UNREGISTERED
2019-09-26 09:45:29,916 INFO  segmented.SegmentedRaftLogWorker (SegmentedRaftLogWorker.java:close(228)) - s1@group-01D95DDB5FBE-SegmentedRaftLogWorker close()
2019-09-26 09:45:29,917 INFO  logging.LoggingHandler (AbstractInternalLogger.java:log(150)) - [id: 0x3a130ec0, L:/0.0.0.0:43999] UNREGISTERED
2019-09-26 09:45:29,918 INFO  ratis.MiniRaftCluster (MiniRaftCluster.java:shutdown(722)) - MiniRaftClusterWithNetty shutdown completed
]]></system-out>
  </testcase>
  <testcase name="testBootstrapReconf" classname="org.apache.ratis.netty.TestRaftReconfigurationWithNetty" time="6.448"/>
  <testcase name="testAddPeers" classname="org.apache.ratis.netty.TestRaftReconfigurationWithNetty" time="6.475">
    <failure type="java.lang.AssertionError">java.lang.AssertionError
</failure>
    <system-out><![CDATA[2019-09-26 09:45:36,380 INFO  util.LogUtils (LogUtils.java:setLogLevel(41)) - Set org.apache.ratis.conf.ConfUtils log level to WARN
2019-09-26 09:45:36,381 INFO  util.LogUtils (LogUtils.java:setLogLevel(41)) - Set org.apache.ratis.util.FileUtils log level to TRACE
2019-09-26 09:45:36,382 INFO  ratis.MiniRaftCluster (MiniRaftCluster.java:runWithNewCluster(119)) - Running runWithNewCluster
2019-09-26 09:45:36,383 INFO  ratis.MiniRaftCluster (MiniRaftCluster.java:<init>(253)) - new MiniRaftClusterWithNetty with group-907C491E3841:[s0:0.0.0.0:41447, s1:0.0.0.0:37575, s2:0.0.0.0:34063]
2019-09-26 09:45:36,383 INFO  ratis.MiniRaftCluster (MiniRaftCluster.java:start(287)) - .............................................................. 
2019-09-26 09:45:36,383 INFO  ratis.MiniRaftCluster (MiniRaftCluster.java:start(288)) - ... 
2019-09-26 09:45:36,384 INFO  ratis.MiniRaftCluster (MiniRaftCluster.java:start(289)) - ...     Starting MiniRaftClusterWithNetty
2019-09-26 09:45:36,384 INFO  ratis.MiniRaftCluster (MiniRaftCluster.java:start(290)) - ... 
2019-09-26 09:45:36,384 INFO  ratis.MiniRaftCluster (MiniRaftCluster.java:start(291)) - .............................................................. 
2019-09-26 09:45:36,384 INFO  ratis.MiniRaftCluster (MiniRaftCluster.java:initServers(265)) - servers = {}
2019-09-26 09:45:36,384 INFO  ratis.MiniRaftCluster (MiniRaftCluster.java:newRaftServer(330)) - newRaftServer: s0, group-907C491E3841:[s0:0.0.0.0:41447, s1:0.0.0.0:37575, s2:0.0.0.0:34063], format? true
2019-09-26 09:45:36,384 TRACE util.FileUtils (FileUtils.java:deleteFully(88)) - deleteFully target/test/data/bb022a74/MiniRaftClusterWithNettya3da8bc4/s0
2019-09-26 09:45:36,385 TRACE util.FileUtils (FileUtils.java:deleteFully(104)) - deleteFully: target/test/data/bb022a74/MiniRaftClusterWithNettya3da8bc4/s0 does not exist.
2019-09-26 09:45:36,385 INFO  ratis.MiniRaftCluster (MiniRaftCluster.java:newRaftServer(335)) - Formatted directory target/test/data/bb022a74/MiniRaftClusterWithNettya3da8bc4/s0
2019-09-26 09:45:36,386 INFO  impl.RaftServerProxy (ConfUtils.java:logGet(43)) - raft.rpc.type = NETTY (custom)
2019-09-26 09:45:36,387 INFO  netty.NettyConfigKeys$Server (ConfUtils.java:logGet(43)) - raft.netty.server.port = 41447 (custom)
2019-09-26 09:45:36,389 INFO  server.RaftServerConfigKeys (ConfUtils.java:logGet(43)) - raft.server.storage.dir = [/workdir/ratis-test/target/test/data/bb022a74/MiniRaftClusterWithNettya3da8bc4/s0] (custom)
2019-09-26 09:45:36,389 INFO  logging.LoggingHandler (AbstractInternalLogger.java:log(150)) - [id: 0xab9948e8] REGISTERED
2019-09-26 09:45:36,390 INFO  logging.LoggingHandler (AbstractInternalLogger.java:log(150)) - [id: 0xab9948e8] BIND: 0.0.0.0/0.0.0.0:41447
2019-09-26 09:45:36,390 INFO  impl.RaftServerProxy (RaftServerProxy.java:addNew(89)) - s0: addNew group-907C491E3841:[s0:0.0.0.0:41447, s1:0.0.0.0:37575, s2:0.0.0.0:34063] returns group-907C491E3841:java.util.concurrent.CompletableFuture@204c80e1[Not completed]
2019-09-26 09:45:36,390 INFO  logging.LoggingHandler (AbstractInternalLogger.java:log(150)) - [id: 0xab9948e8, L:/0.0.0.0:41447] ACTIVE
2019-09-26 09:45:36,391 INFO  impl.RaftServerImpl (RaftServerImpl.java:<init>(95)) - s0: new RaftServerImpl for group-907C491E3841:[s0:0.0.0.0:41447, s1:0.0.0.0:37575, s2:0.0.0.0:34063] with BaseStateMachine:uninitialized
2019-09-26 09:45:36,391 INFO  ratis.MiniRaftCluster (MiniRaftCluster.java:newRaftServer(330)) - newRaftServer: s1, group-907C491E3841:[s0:0.0.0.0:41447, s1:0.0.0.0:37575, s2:0.0.0.0:34063], format? true
2019-09-26 09:45:36,392 INFO  server.RaftServerConfigKeys (ConfUtils.java:logGet(43)) - raft.server.rpc.timeout.min = 150ms (default)
2019-09-26 09:45:36,392 TRACE util.FileUtils (FileUtils.java:deleteFully(88)) - deleteFully target/test/data/bb022a74/MiniRaftClusterWithNettya3da8bc4/s1
2019-09-26 09:45:36,392 INFO  server.RaftServerConfigKeys (ConfUtils.java:logGet(43)) - raft.server.rpc.timeout.max = 300ms (default)
2019-09-26 09:45:36,392 TRACE util.FileUtils (FileUtils.java:deleteFully(104)) - deleteFully: target/test/data/bb022a74/MiniRaftClusterWithNettya3da8bc4/s1 does not exist.
2019-09-26 09:45:36,392 INFO  ratis.MiniRaftCluster (MiniRaftCluster.java:newRaftServer(335)) - Formatted directory target/test/data/bb022a74/MiniRaftClusterWithNettya3da8bc4/s1
2019-09-26 09:45:36,392 INFO  server.RaftServerConfigKeys (ConfUtils.java:logGet(43)) - raft.server.rpcslowness.timeout = 60s (default)
2019-09-26 09:45:36,393 INFO  server.RaftServerConfigKeys (ConfUtils.java:logGet(43)) - raft.server.sleep.deviation.threshold = 300 (default)
2019-09-26 09:45:36,393 INFO  impl.RaftServerProxy (ConfUtils.java:logGet(43)) - raft.rpc.type = NETTY (custom)
2019-09-26 09:45:36,393 INFO  server.RaftServerConfigKeys (ConfUtils.java:logGet(43)) - raft.server.log.appender.install.snapshot.enabled = true (default)
2019-09-26 09:45:36,393 INFO  impl.RaftServerImpl (ServerState.java:<init>(103)) - s0@group-907C491E3841: ConfigurationManager, init=-1: [s0:0.0.0.0:41447, s1:0.0.0.0:37575, s2:0.0.0.0:34063], old=null, confs=<EMPTY_MAP>
2019-09-26 09:45:36,394 INFO  server.RaftServerConfigKeys (ConfUtils.java:logGet(43)) - raft.server.storage.dir = [/workdir/ratis-test/target/test/data/bb022a74/MiniRaftClusterWithNettya3da8bc4/s0] (custom)
2019-09-26 09:45:36,394 INFO  server.RaftServerConfigKeys (ConfUtils.java:logGet(43)) - raft.server.log.corruption.policy = EXCEPTION (default)
2019-09-26 09:45:36,394 INFO  storage.RaftStorageDirectory (RaftStorageDirectory.java:analyzeStorage(246)) - The storage directory /workdir/ratis-test/target/test/data/bb022a74/MiniRaftClusterWithNettya3da8bc4/s0/25604175-82fb-4c14-9a66-907c491e3841 does not exist. Creating ...
2019-09-26 09:45:36,395 INFO  netty.NettyConfigKeys$Server (ConfUtils.java:logGet(43)) - raft.netty.server.port = 37575 (custom)
2019-09-26 09:45:36,395 TRACE util.FileUtils (LogUtils.java:runAndLog(61)) - Successfully ran Files.createDirectories /workdir/ratis-test/target/test/data/bb022a74/MiniRaftClusterWithNettya3da8bc4/s0/25604175-82fb-4c14-9a66-907c491e3841
2019-09-26 09:45:36,396 INFO  server.RaftServerConfigKeys (ConfUtils.java:logGet(43)) - raft.server.storage.dir = [/workdir/ratis-test/target/test/data/bb022a74/MiniRaftClusterWithNettya3da8bc4/s1] (custom)
2019-09-26 09:45:36,396 INFO  logging.LoggingHandler (AbstractInternalLogger.java:log(150)) - [id: 0x6a991891] REGISTERED
2019-09-26 09:45:36,396 INFO  logging.LoggingHandler (AbstractInternalLogger.java:log(150)) - [id: 0x6a991891] BIND: 0.0.0.0/0.0.0.0:37575
2019-09-26 09:45:36,396 INFO  impl.RaftServerProxy (RaftServerProxy.java:addNew(89)) - s1: addNew group-907C491E3841:[s0:0.0.0.0:41447, s1:0.0.0.0:37575, s2:0.0.0.0:34063] returns group-907C491E3841:java.util.concurrent.CompletableFuture@21f5d830[Not completed]
2019-09-26 09:45:36,396 INFO  logging.LoggingHandler (AbstractInternalLogger.java:log(150)) - [id: 0x6a991891, L:/0.0.0.0:37575] ACTIVE
2019-09-26 09:45:36,397 INFO  ratis.MiniRaftCluster (MiniRaftCluster.java:newRaftServer(330)) - newRaftServer: s2, group-907C491E3841:[s0:0.0.0.0:41447, s1:0.0.0.0:37575, s2:0.0.0.0:34063], format? true
2019-09-26 09:45:36,397 INFO  impl.RaftServerImpl (RaftServerImpl.java:<init>(95)) - s1: new RaftServerImpl for group-907C491E3841:[s0:0.0.0.0:41447, s1:0.0.0.0:37575, s2:0.0.0.0:34063] with BaseStateMachine:uninitialized
2019-09-26 09:45:36,397 TRACE util.FileUtils (FileUtils.java:deleteFully(88)) - deleteFully target/test/data/bb022a74/MiniRaftClusterWithNettya3da8bc4/s2
2019-09-26 09:45:36,400 INFO  server.RaftServerConfigKeys (ConfUtils.java:logGet(43)) - raft.server.rpc.timeout.min = 150ms (default)
2019-09-26 09:45:36,401 TRACE util.FileUtils (FileUtils.java:deleteFully(104)) - deleteFully: target/test/data/bb022a74/MiniRaftClusterWithNettya3da8bc4/s2 does not exist.
2019-09-26 09:45:36,401 INFO  server.RaftServerConfigKeys (ConfUtils.java:logGet(43)) - raft.server.rpc.timeout.max = 300ms (default)
2019-09-26 09:45:36,401 INFO  ratis.MiniRaftCluster (MiniRaftCluster.java:newRaftServer(335)) - Formatted directory target/test/data/bb022a74/MiniRaftClusterWithNettya3da8bc4/s2
2019-09-26 09:45:36,401 INFO  server.RaftServerConfigKeys (ConfUtils.java:logGet(43)) - raft.server.rpcslowness.timeout = 60s (default)
2019-09-26 09:45:36,401 INFO  server.RaftServerConfigKeys (ConfUtils.java:logGet(43)) - raft.server.sleep.deviation.threshold = 300 (default)
2019-09-26 09:45:36,401 INFO  impl.RaftServerProxy (ConfUtils.java:logGet(43)) - raft.rpc.type = NETTY (custom)
2019-09-26 09:45:36,401 INFO  server.RaftServerConfigKeys (ConfUtils.java:logGet(43)) - raft.server.log.appender.install.snapshot.enabled = true (default)
2019-09-26 09:45:36,402 INFO  impl.RaftServerImpl (ServerState.java:<init>(103)) - s1@group-907C491E3841: ConfigurationManager, init=-1: [s0:0.0.0.0:41447, s1:0.0.0.0:37575, s2:0.0.0.0:34063], old=null, confs=<EMPTY_MAP>
2019-09-26 09:45:36,402 INFO  server.RaftServerConfigKeys (ConfUtils.java:logGet(43)) - raft.server.storage.dir = [/workdir/ratis-test/target/test/data/bb022a74/MiniRaftClusterWithNettya3da8bc4/s1] (custom)
2019-09-26 09:45:36,402 INFO  server.RaftServerConfigKeys (ConfUtils.java:logGet(43)) - raft.server.log.corruption.policy = EXCEPTION (default)
2019-09-26 09:45:36,403 INFO  storage.RaftStorageDirectory (RaftStorageDirectory.java:analyzeStorage(246)) - The storage directory /workdir/ratis-test/target/test/data/bb022a74/MiniRaftClusterWithNettya3da8bc4/s1/25604175-82fb-4c14-9a66-907c491e3841 does not exist. Creating ...
2019-09-26 09:45:36,403 INFO  netty.NettyConfigKeys$Server (ConfUtils.java:logGet(43)) - raft.netty.server.port = 34063 (custom)
2019-09-26 09:45:36,403 TRACE util.FileUtils (LogUtils.java:runAndLog(61)) - Successfully ran Files.createDirectories /workdir/ratis-test/target/test/data/bb022a74/MiniRaftClusterWithNettya3da8bc4/s1/25604175-82fb-4c14-9a66-907c491e3841
2019-09-26 09:45:36,404 INFO  server.RaftServerConfigKeys (ConfUtils.java:logGet(43)) - raft.server.storage.dir = [/workdir/ratis-test/target/test/data/bb022a74/MiniRaftClusterWithNettya3da8bc4/s2] (custom)
2019-09-26 09:45:36,404 INFO  logging.LoggingHandler (AbstractInternalLogger.java:log(150)) - [id: 0xd564d513] REGISTERED
2019-09-26 09:45:36,404 INFO  logging.LoggingHandler (AbstractInternalLogger.java:log(150)) - [id: 0xd564d513] BIND: 0.0.0.0/0.0.0.0:34063
2019-09-26 09:45:36,404 INFO  impl.RaftServerProxy (RaftServerProxy.java:addNew(89)) - s2: addNew group-907C491E3841:[s0:0.0.0.0:41447, s1:0.0.0.0:37575, s2:0.0.0.0:34063] returns group-907C491E3841:java.util.concurrent.CompletableFuture@3bd93efb[Not completed]
2019-09-26 09:45:36,404 INFO  logging.LoggingHandler (AbstractInternalLogger.java:log(150)) - [id: 0xd564d513, L:/0.0.0.0:34063] ACTIVE
2019-09-26 09:45:36,405 INFO  impl.RaftServerImpl (RaftServerImpl.java:<init>(95)) - s2: new RaftServerImpl for group-907C491E3841:[s0:0.0.0.0:41447, s1:0.0.0.0:37575, s2:0.0.0.0:34063] with BaseStateMachine:uninitialized
2019-09-26 09:45:36,406 INFO  server.RaftServerConfigKeys (ConfUtils.java:logGet(43)) - raft.server.rpc.timeout.min = 150ms (default)
2019-09-26 09:45:36,406 INFO  server.RaftServerConfigKeys (ConfUtils.java:logGet(43)) - raft.server.rpc.timeout.max = 300ms (default)
2019-09-26 09:45:36,406 INFO  server.RaftServerConfigKeys (ConfUtils.java:logGet(43)) - raft.server.rpcslowness.timeout = 60s (default)
2019-09-26 09:45:36,406 INFO  server.RaftServerConfigKeys (ConfUtils.java:logGet(43)) - raft.server.sleep.deviation.threshold = 300 (default)
2019-09-26 09:45:36,407 INFO  server.RaftServerConfigKeys (ConfUtils.java:logGet(43)) - raft.server.log.appender.install.snapshot.enabled = true (default)
2019-09-26 09:45:36,407 INFO  impl.RaftServerImpl (ServerState.java:<init>(103)) - s2@group-907C491E3841: ConfigurationManager, init=-1: [s0:0.0.0.0:41447, s1:0.0.0.0:37575, s2:0.0.0.0:34063], old=null, confs=<EMPTY_MAP>
2019-09-26 09:45:36,407 INFO  server.RaftServerConfigKeys (ConfUtils.java:logGet(43)) - raft.server.storage.dir = [/workdir/ratis-test/target/test/data/bb022a74/MiniRaftClusterWithNettya3da8bc4/s2] (custom)
2019-09-26 09:45:36,407 INFO  server.RaftServerConfigKeys (ConfUtils.java:logGet(43)) - raft.server.log.corruption.policy = EXCEPTION (default)
2019-09-26 09:45:36,408 INFO  storage.RaftStorageDirectory (RaftStorageDirectory.java:analyzeStorage(246)) - The storage directory /workdir/ratis-test/target/test/data/bb022a74/MiniRaftClusterWithNettya3da8bc4/s2/25604175-82fb-4c14-9a66-907c491e3841 does not exist. Creating ...
2019-09-26 09:45:36,408 TRACE util.FileUtils (LogUtils.java:runAndLog(61)) - Successfully ran Files.createDirectories /workdir/ratis-test/target/test/data/bb022a74/MiniRaftClusterWithNettya3da8bc4/s2/25604175-82fb-4c14-9a66-907c491e3841
2019-09-26 09:45:36,419 INFO  storage.RaftStorageDirectory (RaftStorageDirectory.java:tryLock(328)) - Lock on /workdir/ratis-test/target/test/data/bb022a74/MiniRaftClusterWithNettya3da8bc4/s0/25604175-82fb-4c14-9a66-907c491e3841/in_use.lock acquired by nodename 3395@ratis-test-kn96w-682825239
2019-09-26 09:45:36,419 INFO  storage.RaftStorageDirectory (RaftStorageDirectory.java:tryLock(328)) - Lock on /workdir/ratis-test/target/test/data/bb022a74/MiniRaftClusterWithNettya3da8bc4/s2/25604175-82fb-4c14-9a66-907c491e3841/in_use.lock acquired by nodename 3395@ratis-test-kn96w-682825239
2019-09-26 09:45:36,419 INFO  storage.RaftStorageDirectory (RaftStorageDirectory.java:tryLock(328)) - Lock on /workdir/ratis-test/target/test/data/bb022a74/MiniRaftClusterWithNettya3da8bc4/s1/25604175-82fb-4c14-9a66-907c491e3841/in_use.lock acquired by nodename 3395@ratis-test-kn96w-682825239
2019-09-26 09:45:36,420 TRACE util.FileUtils (LogUtils.java:runAndLog(61)) - Successfully ran Files.createDirectories /workdir/ratis-test/target/test/data/bb022a74/MiniRaftClusterWithNettya3da8bc4/s2/25604175-82fb-4c14-9a66-907c491e3841/current
2019-09-26 09:45:36,420 TRACE util.FileUtils (LogUtils.java:runAndLog(61)) - Successfully ran Files.createDirectories /workdir/ratis-test/target/test/data/bb022a74/MiniRaftClusterWithNettya3da8bc4/s0/25604175-82fb-4c14-9a66-907c491e3841/current
2019-09-26 09:45:36,420 TRACE util.FileUtils (LogUtils.java:runAndLog(61)) - Successfully ran Files.createDirectories /workdir/ratis-test/target/test/data/bb022a74/MiniRaftClusterWithNettya3da8bc4/s2/25604175-82fb-4c14-9a66-907c491e3841/sm
2019-09-26 09:45:36,420 TRACE util.FileUtils (LogUtils.java:runAndLog(61)) - Successfully ran Files.createDirectories /workdir/ratis-test/target/test/data/bb022a74/MiniRaftClusterWithNettya3da8bc4/s1/25604175-82fb-4c14-9a66-907c491e3841/current
2019-09-26 09:45:36,420 TRACE util.FileUtils (LogUtils.java:runAndLog(61)) - Successfully ran Files.createDirectories /workdir/ratis-test/target/test/data/bb022a74/MiniRaftClusterWithNettya3da8bc4/s0/25604175-82fb-4c14-9a66-907c491e3841/sm
2019-09-26 09:45:36,421 TRACE util.FileUtils (LogUtils.java:runAndLog(61)) - Successfully ran Files.createDirectories /workdir/ratis-test/target/test/data/bb022a74/MiniRaftClusterWithNettya3da8bc4/s1/25604175-82fb-4c14-9a66-907c491e3841/sm
2019-09-26 09:45:36,456 INFO  storage.RaftStorage (RaftStorage.java:format(84)) - Storage directory /workdir/ratis-test/target/test/data/bb022a74/MiniRaftClusterWithNettya3da8bc4/s1/25604175-82fb-4c14-9a66-907c491e3841 has been successfully formatted.
2019-09-26 09:45:36,456 INFO  storage.RaftStorage (RaftStorage.java:format(84)) - Storage directory /workdir/ratis-test/target/test/data/bb022a74/MiniRaftClusterWithNettya3da8bc4/s2/25604175-82fb-4c14-9a66-907c491e3841 has been successfully formatted.
2019-09-26 09:45:36,456 INFO  storage.RaftStorage (RaftStorage.java:format(84)) - Storage directory /workdir/ratis-test/target/test/data/bb022a74/MiniRaftClusterWithNettya3da8bc4/s0/25604175-82fb-4c14-9a66-907c491e3841 has been successfully formatted.
2019-09-26 09:45:36,457 INFO  server.RaftServerConfigKeys (ConfUtils.java:logGet(43)) - raft.server.notification.no-leader.timeout = 60s (default)
2019-09-26 09:45:36,457 INFO  server.RaftServerConfigKeys (ConfUtils.java:logGet(43)) - raft.server.notification.no-leader.timeout = 60s (default)
2019-09-26 09:45:36,457 INFO  server.RaftServerConfigKeys (ConfUtils.java:logGet(43)) - raft.server.log.use.memory = false (default)
2019-09-26 09:45:36,457 INFO  server.RaftServerConfigKeys (ConfUtils.java:logGet(43)) - raft.server.notification.no-leader.timeout = 60s (default)
2019-09-26 09:45:36,458 INFO  server.RaftServerConfigKeys (ConfUtils.java:logGet(43)) - raft.server.log.purge.gap = 1024 (default)
2019-09-26 09:45:36,458 INFO  server.RaftServerConfigKeys (ConfUtils.java:logGet(43)) - raft.server.log.appender.buffer.byte-limit = 4MB (=4194304) (default)
2019-09-26 09:45:36,457 INFO  server.RaftServerConfigKeys (ConfUtils.java:logGet(43)) - raft.server.log.use.memory = false (default)
2019-09-26 09:45:36,458 INFO  server.RaftServerConfigKeys (ConfUtils.java:logGet(43)) - raft.server.log.segment.size.max = 8MB (=8388608) (default)
2019-09-26 09:45:36,458 INFO  server.RaftServerConfigKeys (ConfUtils.java:logGet(43)) - raft.server.log.use.memory = false (default)
2019-09-26 09:45:36,459 INFO  server.RaftServerConfigKeys (ConfUtils.java:logGet(43)) - raft.server.log.segment.cache.num.max = 6 (default)
2019-09-26 09:45:36,458 INFO  server.RaftServerConfigKeys (ConfUtils.java:logGet(43)) - raft.server.log.purge.gap = 1024 (default)
2019-09-26 09:45:36,459 INFO  segmented.SegmentedRaftLogWorker (SegmentedRaftLogWorker.java:<init>(172)) - new s2@group-907C491E3841-SegmentedRaftLogWorker for RaftStorage:Storage Directory /workdir/ratis-test/target/test/data/bb022a74/MiniRaftClusterWithNettya3da8bc4/s2/25604175-82fb-4c14-9a66-907c491e3841
2019-09-26 09:45:36,459 INFO  server.RaftServerConfigKeys (ConfUtils.java:logGet(43)) - raft.server.log.purge.gap = 1024 (default)
2019-09-26 09:45:36,459 INFO  server.RaftServerConfigKeys (ConfUtils.java:logGet(43)) - raft.server.log.queue.byte-limit = 64MB (=67108864) (default)
2019-09-26 09:45:36,459 INFO  server.RaftServerConfigKeys (ConfUtils.java:logGet(43)) - raft.server.log.appender.buffer.byte-limit = 4MB (=4194304) (default)
2019-09-26 09:45:36,460 INFO  server.RaftServerConfigKeys (ConfUtils.java:logGet(43)) - raft.server.log.queue.element-limit = 4096 (default)
2019-09-26 09:45:36,460 INFO  server.RaftServerConfigKeys (ConfUtils.java:logGet(43)) - raft.server.log.appender.buffer.byte-limit = 4MB (=4194304) (default)
2019-09-26 09:45:36,460 INFO  server.RaftServerConfigKeys (ConfUtils.java:logGet(43)) - raft.server.log.segment.size.max = 8MB (=8388608) (default)
2019-09-26 09:45:36,460 INFO  server.RaftServerConfigKeys (ConfUtils.java:logGet(43)) - raft.server.log.segment.size.max = 8MB (=8388608) (default)
2019-09-26 09:45:36,461 INFO  server.RaftServerConfigKeys (ConfUtils.java:logGet(43)) - raft.server.log.preallocated.size = 4MB (=4194304) (default)
2019-09-26 09:45:36,461 INFO  server.RaftServerConfigKeys (ConfUtils.java:logGet(43)) - raft.server.log.segment.size.max = 8MB (=8388608) (default)
2019-09-26 09:45:36,461 INFO  server.RaftServerConfigKeys (ConfUtils.java:logGet(43)) - raft.server.log.write.buffer.size = 64KB (=65536) (default)
2019-09-26 09:45:36,462 INFO  server.RaftServerConfigKeys (ConfUtils.java:logGet(43)) - raft.server.log.force.sync.num = 128 (default)
2019-09-26 09:45:36,461 INFO  server.RaftServerConfigKeys (ConfUtils.java:logGet(43)) - raft.server.log.segment.cache.num.max = 6 (default)
2019-09-26 09:45:36,462 INFO  server.RaftServerConfigKeys (ConfUtils.java:logGet(43)) - raft.server.log.statemachine.data.sync = true (default)
2019-09-26 09:45:36,461 INFO  server.RaftServerConfigKeys (ConfUtils.java:logGet(43)) - raft.server.log.segment.cache.num.max = 6 (default)
2019-09-26 09:45:36,462 INFO  server.RaftServerConfigKeys (ConfUtils.java:logGet(43)) - raft.server.log.statemachine.data.sync.timeout = 10s (default)
2019-09-26 09:45:36,462 INFO  segmented.SegmentedRaftLogWorker (SegmentedRaftLogWorker.java:<init>(172)) - new s1@group-907C491E3841-SegmentedRaftLogWorker for RaftStorage:Storage Directory /workdir/ratis-test/target/test/data/bb022a74/MiniRaftClusterWithNettya3da8bc4/s1/25604175-82fb-4c14-9a66-907c491e3841
2019-09-26 09:45:36,463 INFO  server.RaftServerConfigKeys (ConfUtils.java:logGet(43)) - raft.server.log.statemachine.data.sync.timeout.retry = -1 (default)
2019-09-26 09:45:36,462 INFO  segmented.SegmentedRaftLogWorker (SegmentedRaftLogWorker.java:<init>(172)) - new s0@group-907C491E3841-SegmentedRaftLogWorker for RaftStorage:Storage Directory /workdir/ratis-test/target/test/data/bb022a74/MiniRaftClusterWithNettya3da8bc4/s0/25604175-82fb-4c14-9a66-907c491e3841
2019-09-26 09:45:36,463 INFO  server.RaftServerConfigKeys (ConfUtils.java:logGet(43)) - raft.server.log.statemachine.data.caching.enabled = false (default)
2019-09-26 09:45:36,463 INFO  server.RaftServerConfigKeys (ConfUtils.java:logGet(43)) - raft.server.log.queue.byte-limit = 64MB (=67108864) (default)
2019-09-26 09:45:36,463 INFO  server.RaftServerConfigKeys (ConfUtils.java:logGet(43)) - raft.server.log.queue.byte-limit = 64MB (=67108864) (default)
2019-09-26 09:45:36,464 INFO  server.RaftServerConfigKeys (ConfUtils.java:logGet(43)) - raft.server.log.queue.element-limit = 4096 (default)
2019-09-26 09:45:36,464 INFO  segmented.SegmentedRaftLogWorker (SegmentedRaftLogWorker.java:lambda$new$0(132)) - s2@group-907C491E3841-SegmentedRaftLogWorker: flushIndex: setUnconditionally 0 -> -1
2019-09-26 09:45:36,464 INFO  server.RaftServerConfigKeys (ConfUtils.java:logGet(43)) - raft.server.log.segment.size.max = 8MB (=8388608) (default)
2019-09-26 09:45:36,465 INFO  server.RaftServerConfigKeys (ConfUtils.java:logGet(43)) - raft.server.log.preallocated.size = 4MB (=4194304) (default)
2019-09-26 09:45:36,464 INFO  server.RaftServerConfigKeys (ConfUtils.java:logGet(43)) - raft.server.log.queue.element-limit = 4096 (default)
2019-09-26 09:45:36,465 INFO  server.RaftServerConfigKeys (ConfUtils.java:logGet(43)) - raft.server.log.write.buffer.size = 64KB (=65536) (default)
2019-09-26 09:45:36,465 INFO  server.RaftServerConfigKeys (ConfUtils.java:logGet(43)) - raft.server.snapshot.auto.trigger.enabled = false (default)
2019-09-26 09:45:36,465 INFO  server.RaftServerConfigKeys (ConfUtils.java:logGet(43)) - raft.server.log.force.sync.num = 128 (default)
2019-09-26 09:45:36,466 INFO  server.RaftServerConfigKeys (ConfUtils.java:logGet(43)) - raft.server.log.statemachine.data.sync = true (default)
2019-09-26 09:45:36,465 INFO  server.RaftServerConfigKeys (ConfUtils.java:logGet(43)) - raft.server.log.segment.size.max = 8MB (=8388608) (default)
2019-09-26 09:45:36,466 INFO  server.RaftServerConfigKeys (ConfUtils.java:logGet(43)) - raft.server.log.statemachine.data.sync.timeout = 10s (default)
2019-09-26 09:45:36,465 INFO  server.RaftServerConfigKeys (ConfUtils.java:logGet(43)) - raft.server.snapshot.retention.file.num = -1 (default)
2019-09-26 09:45:36,466 INFO  server.RaftServerConfigKeys (ConfUtils.java:logGet(43)) - raft.server.log.statemachine.data.sync.timeout.retry = -1 (default)
2019-09-26 09:45:36,466 INFO  server.RaftServerConfigKeys (ConfUtils.java:logGet(43)) - raft.server.log.preallocated.size = 4MB (=4194304) (default)
2019-09-26 09:45:36,467 INFO  server.RaftServerConfigKeys (ConfUtils.java:logGet(43)) - raft.server.log.statemachine.data.caching.enabled = false (default)
2019-09-26 09:45:36,466 INFO  server.RaftServerConfigKeys (ConfUtils.java:logGet(43)) - raft.server.retrycache.expirytime = 60s (default)
2019-09-26 09:45:36,467 INFO  server.RaftServerConfigKeys (ConfUtils.java:logGet(43)) - raft.server.log.write.buffer.size = 64KB (=65536) (default)
2019-09-26 09:45:36,467 INFO  segmented.SegmentedRaftLogWorker (SegmentedRaftLogWorker.java:lambda$new$0(132)) - s1@group-907C491E3841-SegmentedRaftLogWorker: flushIndex: setUnconditionally 0 -> -1
2019-09-26 09:45:36,467 INFO  server.RaftServerConfigKeys (ConfUtils.java:logGet(43)) - raft.server.log.force.sync.num = 128 (default)
2019-09-26 09:45:36,468 INFO  server.RaftServerConfigKeys (ConfUtils.java:logGet(43)) - raft.server.log.statemachine.data.sync = true (default)
2019-09-26 09:45:36,468 INFO  server.RaftServerConfigKeys (ConfUtils.java:logGet(43)) - raft.server.snapshot.auto.trigger.enabled = false (default)
2019-09-26 09:45:36,468 INFO  server.RaftServerConfigKeys (ConfUtils.java:logGet(43)) - raft.server.log.statemachine.data.sync.timeout = 10s (default)
2019-09-26 09:45:36,468 INFO  server.RaftServerConfigKeys (ConfUtils.java:logGet(43)) - raft.server.snapshot.retention.file.num = -1 (default)
2019-09-26 09:45:36,468 INFO  server.RaftServerConfigKeys (ConfUtils.java:logGet(43)) - raft.server.log.statemachine.data.sync.timeout.retry = -1 (default)
2019-09-26 09:45:36,469 INFO  server.RaftServerConfigKeys (ConfUtils.java:logGet(43)) - raft.server.retrycache.expirytime = 60s (default)
2019-09-26 09:45:36,469 INFO  server.RaftServerConfigKeys (ConfUtils.java:logGet(43)) - raft.server.log.statemachine.data.caching.enabled = false (default)
2019-09-26 09:45:36,469 INFO  segmented.SegmentedRaftLogWorker (SegmentedRaftLogWorker.java:lambda$new$0(132)) - s0@group-907C491E3841-SegmentedRaftLogWorker: flushIndex: setUnconditionally 0 -> -1
2019-09-26 09:45:36,470 INFO  server.RaftServerConfigKeys (ConfUtils.java:logGet(43)) - raft.server.snapshot.auto.trigger.enabled = false (default)
2019-09-26 09:45:36,470 INFO  server.RaftServerConfigKeys (ConfUtils.java:logGet(43)) - raft.server.snapshot.retention.file.num = -1 (default)
2019-09-26 09:45:36,470 INFO  server.RaftServerConfigKeys (ConfUtils.java:logGet(43)) - raft.server.retrycache.expirytime = 60s (default)
2019-09-26 09:45:36,475 INFO  impl.RaftServerImpl (RaftServerImpl.java:start(181)) - s0@group-907C491E3841: start as a follower, conf=-1: [s0:0.0.0.0:41447, s1:0.0.0.0:37575, s2:0.0.0.0:34063], old=null
2019-09-26 09:45:36,475 INFO  impl.RaftServerImpl (RaftServerImpl.java:setRole(170)) - s0@group-907C491E3841: changes role from      null to FOLLOWER at term 0 for startAsFollower
2019-09-26 09:45:36,476 INFO  impl.RoleInfo (RoleInfo.java:updateAndGet(143)) - s0: start FollowerState
2019-09-26 09:45:36,476 INFO  util.JmxRegister (JmxRegister.java:tryRegister(44)) - Successfully registered JMX Bean with object name Ratis:service=RaftServer,group=group-907C491E3841,id=s0
2019-09-26 09:45:36,480 INFO  impl.RaftServerProxy (RaftServerProxy.java:lambda$start$3(299)) - s0: start RPC server
2019-09-26 09:45:36,481 INFO  impl.RaftServerImpl (RaftServerImpl.java:start(181)) - s1@group-907C491E3841: start as a follower, conf=-1: [s0:0.0.0.0:41447, s1:0.0.0.0:37575, s2:0.0.0.0:34063], old=null
2019-09-26 09:45:36,481 INFO  impl.RaftServerImpl (RaftServerImpl.java:setRole(170)) - s1@group-907C491E3841: changes role from      null to FOLLOWER at term 0 for startAsFollower
2019-09-26 09:45:36,482 INFO  impl.RoleInfo (RoleInfo.java:updateAndGet(143)) - s1: start FollowerState
2019-09-26 09:45:36,482 INFO  util.JmxRegister (JmxRegister.java:tryRegister(44)) - Successfully registered JMX Bean with object name Ratis:service=RaftServer,group=group-907C491E3841,id=s1
2019-09-26 09:45:36,486 INFO  impl.RaftServerProxy (RaftServerProxy.java:lambda$start$3(299)) - s1: start RPC server
2019-09-26 09:45:36,489 INFO  impl.RaftServerImpl (RaftServerImpl.java:start(181)) - s2@group-907C491E3841: start as a follower, conf=-1: [s0:0.0.0.0:41447, s1:0.0.0.0:37575, s2:0.0.0.0:34063], old=null
2019-09-26 09:45:36,489 INFO  impl.RaftServerImpl (RaftServerImpl.java:setRole(170)) - s2@group-907C491E3841: changes role from      null to FOLLOWER at term 0 for startAsFollower
2019-09-26 09:45:36,490 INFO  impl.RoleInfo (RoleInfo.java:updateAndGet(143)) - s2: start FollowerState
2019-09-26 09:45:36,492 INFO  util.JmxRegister (JmxRegister.java:tryRegister(44)) - Successfully registered JMX Bean with object name Ratis:service=RaftServer,group=group-907C491E3841,id=s2
2019-09-26 09:45:36,495 INFO  impl.RaftServerProxy (RaftServerProxy.java:lambda$start$3(299)) - s2: start RPC server
2019-09-26 09:45:36,498 INFO  server.RaftServerConfigKeys (ConfUtils.java:logGet(43)) - raft.server.rpc.timeout.max = 300ms (default)
2019-09-26 09:45:36,498 INFO  ratis.RaftTestUtil (RaftTestUtil.java:waitForLeader(86)) - printing ALL groups
  s0:  RUNNING  FOLLOWER s0@group-907C491E3841:t0, leader=null, voted=null, raftlog=s0@group-907C491E3841-SegmentedRaftLog:OPENED:c-1,f-1,i0, conf=-1: [s0:0.0.0.0:41447, s1:0.0.0.0:37575, s2:0.0.0.0:34063], old=null RUNNING
  s1:  RUNNING  FOLLOWER s1@group-907C491E3841:t0, leader=null, voted=null, raftlog=s1@group-907C491E3841-SegmentedRaftLog:OPENED:c-1,f-1,i0, conf=-1: [s0:0.0.0.0:41447, s1:0.0.0.0:37575, s2:0.0.0.0:34063], old=null RUNNING
  s2:  RUNNING  FOLLOWER s2@group-907C491E3841:t0, leader=null, voted=null, raftlog=s2@group-907C491E3841-SegmentedRaftLog:OPENED:c-1,f-1,i0, conf=-1: [s0:0.0.0.0:41447, s1:0.0.0.0:37575, s2:0.0.0.0:34063], old=null RUNNING
2019-09-26 09:45:36,498 WARN  ratis.RaftTestUtil (JavaUtils.java:attempt(158)) - FAILED "waitForLeader-null-(expectLeader? true)", attempt #1/100: java.lang.IllegalStateException: No leader yet : printing ALL groups
  s0:  RUNNING  FOLLOWER s0@group-907C491E3841:t0, leader=null, voted=null, raftlog=s0@group-907C491E3841-SegmentedRaftLog:OPENED:c-1,f-1,i0, conf=-1: [s0:0.0.0.0:41447, s1:0.0.0.0:37575, s2:0.0.0.0:34063], old=null RUNNING
  s1:  RUNNING  FOLLOWER s1@group-907C491E3841:t0, leader=null, voted=null, raftlog=s1@group-907C491E3841-SegmentedRaftLog:OPENED:c-1,f-1,i0, conf=-1: [s0:0.0.0.0:41447, s1:0.0.0.0:37575, s2:0.0.0.0:34063], old=null RUNNING
  s2:  RUNNING  FOLLOWER s2@group-907C491E3841:t0, leader=null, voted=null, raftlog=s2@group-907C491E3841-SegmentedRaftLog:OPENED:c-1,f-1,i0, conf=-1: [s0:0.0.0.0:41447, s1:0.0.0.0:37575, s2:0.0.0.0:34063], old=null RUNNING, sleep 450ms and then retry.
java.lang.IllegalStateException: No leader yet : printing ALL groups
  s0:  RUNNING  FOLLOWER s0@group-907C491E3841:t0, leader=null, voted=null, raftlog=s0@group-907C491E3841-SegmentedRaftLog:OPENED:c-1,f-1,i0, conf=-1: [s0:0.0.0.0:41447, s1:0.0.0.0:37575, s2:0.0.0.0:34063], old=null RUNNING
  s1:  RUNNING  FOLLOWER s1@group-907C491E3841:t0, leader=null, voted=null, raftlog=s1@group-907C491E3841-SegmentedRaftLog:OPENED:c-1,f-1,i0, conf=-1: [s0:0.0.0.0:41447, s1:0.0.0.0:37575, s2:0.0.0.0:34063], old=null RUNNING
  s2:  RUNNING  FOLLOWER s2@group-907C491E3841:t0, leader=null, voted=null, raftlog=s2@group-907C491E3841-SegmentedRaftLog:OPENED:c-1,f-1,i0, conf=-1: [s0:0.0.0.0:41447, s1:0.0.0.0:37575, s2:0.0.0.0:34063], old=null RUNNING
	at org.apache.ratis.MiniRaftCluster.newIllegalStateExceptionForNoLeaders(MiniRaftCluster.java:506)
	at org.apache.ratis.RaftTestUtil.lambda$waitForLeader$1(RaftTestUtil.java:90)
	at org.apache.ratis.MiniRaftCluster.getLeader(MiniRaftCluster.java:539)
	at org.apache.ratis.MiniRaftCluster.getLeader(MiniRaftCluster.java:532)
	at org.apache.ratis.RaftTestUtil.lambda$waitForLeader$3(RaftTestUtil.java:98)
	at org.apache.ratis.util.JavaUtils.attempt(JavaUtils.java:152)
	at org.apache.ratis.RaftTestUtil.waitForLeader(RaftTestUtil.java:97)
	at org.apache.ratis.RaftTestUtil.waitForLeader(RaftTestUtil.java:77)
	at org.apache.ratis.RaftTestUtil.waitForLeader(RaftTestUtil.java:72)
	at org.apache.ratis.server.impl.RaftReconfigurationBaseTest.lambda$testAddPeers$0(RaftReconfigurationBaseTest.java:78)
	at org.apache.ratis.MiniRaftCluster$Factory$Get.runWithNewCluster(MiniRaftCluster.java:125)
	at org.apache.ratis.MiniRaftCluster$Factory$Get.runWithNewCluster(MiniRaftCluster.java:113)
	at org.apache.ratis.server.impl.RaftReconfigurationBaseTest.testAddPeers(RaftReconfigurationBaseTest.java:77)
	at sun.reflect.NativeMethodAccessorImpl.invoke0(Native Method)
	at sun.reflect.NativeMethodAccessorImpl.invoke(NativeMethodAccessorImpl.java:62)
	at sun.reflect.DelegatingMethodAccessorImpl.invoke(DelegatingMethodAccessorImpl.java:43)
	at java.lang.reflect.Method.invoke(Method.java:498)
	at org.junit.runners.model.FrameworkMethod$1.runReflectiveCall(FrameworkMethod.java:50)
	at org.junit.internal.runners.model.ReflectiveCallable.run(ReflectiveCallable.java:12)
	at org.junit.runners.model.FrameworkMethod.invokeExplosively(FrameworkMethod.java:47)
	at org.junit.internal.runners.statements.InvokeMethod.evaluate(InvokeMethod.java:17)
	at org.junit.internal.runners.statements.RunAfters.evaluate(RunAfters.java:27)
	at org.junit.internal.runners.statements.FailOnTimeout$CallableStatement.call(FailOnTimeout.java:298)
	at org.junit.internal.runners.statements.FailOnTimeout$CallableStatement.call(FailOnTimeout.java:292)
	at java.util.concurrent.FutureTask.run(FutureTask.java:266)
	at java.lang.Thread.run(Thread.java:748)
2019-09-26 09:45:36,648 INFO  impl.FollowerState (FollowerState.java:run(108)) - s1@group-907C491E3841-FollowerState: change to CANDIDATE, lastRpcTime:166ms, electionTimeout:166ms
2019-09-26 09:45:36,649 INFO  impl.RoleInfo (RoleInfo.java:shutdownFollowerState(121)) - s1: shutdown FollowerState
2019-09-26 09:45:36,650 INFO  impl.RaftServerImpl (RaftServerImpl.java:setRole(170)) - s1@group-907C491E3841: changes role from  FOLLOWER to CANDIDATE at term 0 for changeToCandidate
2019-09-26 09:45:36,650 INFO  impl.RoleInfo (RoleInfo.java:updateAndGet(143)) - s1: start LeaderElection
2019-09-26 09:45:36,665 INFO  impl.LeaderElection (LeaderElection.java:askForVotes(178)) - s1@group-907C491E3841-LeaderElection17: begin an election at term 1 for -1: [s0:0.0.0.0:41447, s1:0.0.0.0:37575, s2:0.0.0.0:34063], old=null
2019-09-26 09:45:36,668 INFO  logging.LoggingHandler (AbstractInternalLogger.java:log(150)) - [id: 0xd564d513, L:/0.0.0.0:34063] READ: [id: 0x61a65a82, L:/192.168.30.59:34063 - R:/192.168.30.59:44898]
2019-09-26 09:45:36,669 INFO  logging.LoggingHandler (AbstractInternalLogger.java:log(150)) - [id: 0xab9948e8, L:/0.0.0.0:41447] READ: [id: 0xc718c716, L:/192.168.30.59:41447 - R:/192.168.30.59:50028]
2019-09-26 09:45:36,669 INFO  logging.LoggingHandler (AbstractInternalLogger.java:log(150)) - [id: 0xd564d513, L:/0.0.0.0:34063] READ COMPLETE
2019-09-26 09:45:36,669 INFO  logging.LoggingHandler (AbstractInternalLogger.java:log(150)) - [id: 0xab9948e8, L:/0.0.0.0:41447] READ COMPLETE
2019-09-26 09:45:36,670 DEBUG impl.RaftServerImpl (RaftServerImpl.java:requestVote(743)) - s2@group-907C491E3841: receive requestVote(s1, group-907C491E3841, 1, (t:0, i:0))
2019-09-26 09:45:36,670 INFO  util.CodeInjectionForTesting (BlockRequestHandlingInjection.java:execute(76)) - s0: Block request from s1
2019-09-26 09:45:36,671 INFO  impl.RaftServerImpl (RaftServerImpl.java:setRole(170)) - s2@group-907C491E3841: changes role from  FOLLOWER to FOLLOWER at term 1 for recognizeCandidate:s1
2019-09-26 09:45:36,672 INFO  impl.RoleInfo (RoleInfo.java:shutdownFollowerState(121)) - s2: shutdown FollowerState
2019-09-26 09:45:36,672 INFO  impl.RoleInfo (RoleInfo.java:updateAndGet(143)) - s2: start FollowerState
2019-09-26 09:45:36,672 INFO  impl.FollowerState (FollowerState.java:run(117)) - s2@group-907C491E3841-FollowerState was interrupted: java.lang.InterruptedException: sleep interrupted
2019-09-26 09:45:36,687 DEBUG impl.RaftServerImpl (RaftServerImpl.java:requestVote(775)) - s2@group-907C491E3841 replies to vote request: s1<-s2#0:OK-t1. Peer's state: s2@group-907C491E3841:t1, leader=null, voted=s1, raftlog=s2@group-907C491E3841-SegmentedRaftLog:OPENED:c-1,f-1,i0, conf=-1: [s0:0.0.0.0:41447, s1:0.0.0.0:37575, s2:0.0.0.0:34063], old=null
2019-09-26 09:45:36,688 INFO  impl.LeaderElection (LeaderElection.java:logAndReturn(56)) - s1@group-907C491E3841-LeaderElection17: Election PASSED; received 1 response(s) [s1<-s2#0:OK-t1] and 0 exception(s); s1@group-907C491E3841:t1, leader=null, voted=s1, raftlog=s1@group-907C491E3841-SegmentedRaftLog:OPENED:c-1,f-1,i0, conf=-1: [s0:0.0.0.0:41447, s1:0.0.0.0:37575, s2:0.0.0.0:34063], old=null
2019-09-26 09:45:36,688 INFO  impl.RoleInfo (RoleInfo.java:shutdownLeaderElection(134)) - s1: shutdown LeaderElection
2019-09-26 09:45:36,688 INFO  impl.RaftServerImpl (RaftServerImpl.java:setRole(170)) - s1@group-907C491E3841: changes role from CANDIDATE to LEADER at term 1 for changeToLeader
2019-09-26 09:45:36,688 INFO  impl.RaftServerImpl (ServerState.java:setLeader(254)) - s1@group-907C491E3841: change Leader from null to s1 at term 1 for becomeLeader, leader elected after 231ms
2019-09-26 09:45:36,689 INFO  server.RaftServerConfigKeys (ConfUtils.java:logGet(43)) - raft.server.staging.catchup.gap = 10 (custom)
2019-09-26 09:45:36,689 INFO  server.RaftServerConfigKeys (ConfUtils.java:logGet(43)) - raft.server.rpc.sleep.time = 25ms (default)
2019-09-26 09:45:36,690 INFO  server.RaftServerConfigKeys (ConfUtils.java:logGet(43)) - raft.server.write.element-limit = 4096 (default)
2019-09-26 09:45:36,690 INFO  server.RaftServerConfigKeys (ConfUtils.java:logGet(43)) - raft.server.watch.timeout = 10s (default)
2019-09-26 09:45:36,690 INFO  server.RaftServerConfigKeys (ConfUtils.java:logGet(43)) - raft.server.watch.timeout.denomination = 1s (default)
2019-09-26 09:45:36,690 INFO  server.RaftServerConfigKeys (ConfUtils.java:logGet(43)) - raft.server.watch.element-limit = 65536 (default)
2019-09-26 09:45:36,693 INFO  server.RaftServerConfigKeys (ConfUtils.java:logGet(43)) - raft.server.log.appender.snapshot.chunk.size.max = 16MB (=16777216) (default)
2019-09-26 09:45:36,693 INFO  server.RaftServerConfigKeys (ConfUtils.java:logGet(43)) - raft.server.log.appender.buffer.byte-limit = 4MB (=4194304) (default)
2019-09-26 09:45:36,694 INFO  server.RaftServerConfigKeys (ConfUtils.java:logGet(43)) - raft.server.log.appender.buffer.element-limit = 0 (default)
2019-09-26 09:45:36,694 INFO  server.RaftServerConfigKeys (ConfUtils.java:logGet(43)) - raft.server.log.appender.snapshot.chunk.size.max = 16MB (=16777216) (default)
2019-09-26 09:45:36,694 INFO  server.RaftServerConfigKeys (ConfUtils.java:logGet(43)) - raft.server.log.appender.buffer.byte-limit = 4MB (=4194304) (default)
2019-09-26 09:45:36,694 INFO  server.RaftServerConfigKeys (ConfUtils.java:logGet(43)) - raft.server.log.appender.buffer.element-limit = 0 (default)
2019-09-26 09:45:36,695 INFO  impl.RoleInfo (RoleInfo.java:updateAndGet(143)) - s1: start LeaderState
2019-09-26 09:45:36,695 INFO  segmented.SegmentedRaftLogWorker (SegmentedRaftLogWorker.java:startLogSegment(380)) - s1@group-907C491E3841-SegmentedRaftLogWorker: Starting segment from index:0
2019-09-26 09:45:36,696 INFO  impl.RaftServerImpl (ServerState.java:setRaftConf(355)) - s1@group-907C491E3841: set configuration 0: [s0:0.0.0.0:41447, s1:0.0.0.0:37575, s2:0.0.0.0:34063], old=null at 0
2019-09-26 09:45:36,697 INFO  impl.RaftServerImpl (ServerState.java:setLeader(254)) - s2@group-907C491E3841: change Leader from null to s1 at term 1 for appendEntries, leader elected after 240ms
2019-09-26 09:45:36,700 DEBUG impl.RaftServerImpl (RaftServerImpl.java:logAppendEntries(850)) - s2@group-907C491E3841: receive appendEntries(s1, 1, null, -1, false, commits[s1:c-1, s0:c-1, s2:c-1], entries: (t:1, i:0), CONFIGURATIONENTRY
2019-09-26 09:45:36,700 INFO  impl.RaftServerImpl (ServerState.java:setRaftConf(355)) - s2@group-907C491E3841: set configuration 0: [s0:0.0.0.0:41447, s1:0.0.0.0:37575, s2:0.0.0.0:34063], old=null at 0
2019-09-26 09:45:36,700 INFO  segmented.SegmentedRaftLogWorker (SegmentedRaftLogWorker.java:startLogSegment(380)) - s2@group-907C491E3841-SegmentedRaftLogWorker: Starting segment from index:0
2019-09-26 09:45:36,776 INFO  impl.FollowerState (FollowerState.java:run(108)) - s0@group-907C491E3841-FollowerState: change to CANDIDATE, lastRpcTime:300ms, electionTimeout:300ms
2019-09-26 09:45:36,777 INFO  impl.RoleInfo (RoleInfo.java:shutdownFollowerState(121)) - s0: shutdown FollowerState
2019-09-26 09:45:36,777 INFO  impl.RaftServerImpl (RaftServerImpl.java:setRole(170)) - s0@group-907C491E3841: changes role from  FOLLOWER to CANDIDATE at term 0 for changeToCandidate
2019-09-26 09:45:36,777 INFO  impl.RoleInfo (RoleInfo.java:updateAndGet(143)) - s0: start LeaderElection
2019-09-26 09:45:36,830 INFO  segmented.SegmentedRaftLogWorker (SegmentedRaftLogWorker.java:execute(569)) - s1@group-907C491E3841-SegmentedRaftLogWorker: created new log segment /workdir/ratis-test/target/test/data/bb022a74/MiniRaftClusterWithNettya3da8bc4/s1/25604175-82fb-4c14-9a66-907c491e3841/current/log_inprogress_0
2019-09-26 09:45:36,830 INFO  segmented.SegmentedRaftLogWorker (SegmentedRaftLogWorker.java:execute(569)) - s2@group-907C491E3841-SegmentedRaftLogWorker: created new log segment /workdir/ratis-test/target/test/data/bb022a74/MiniRaftClusterWithNettya3da8bc4/s2/25604175-82fb-4c14-9a66-907c491e3841/current/log_inprogress_0
2019-09-26 09:45:36,831 INFO  impl.LeaderElection (LeaderElection.java:askForVotes(178)) - s0@group-907C491E3841-LeaderElection18: begin an election at term 1 for -1: [s0:0.0.0.0:41447, s1:0.0.0.0:37575, s2:0.0.0.0:34063], old=null
2019-09-26 09:45:36,834 DEBUG impl.RaftServerImpl (RaftServerImpl.java:logAppendEntries(850)) - s2@group-907C491E3841: succeeded to handle AppendEntries. Reply: s1<-s2#0:OK,SUCCESS,nextIndex:1,term:1,followerCommit:-1
2019-09-26 09:45:36,836 INFO  logging.LoggingHandler (AbstractInternalLogger.java:log(150)) - [id: 0xd564d513, L:/0.0.0.0:34063] READ: [id: 0x49df47ac, L:/192.168.30.59:34063 - R:/192.168.30.59:44902]
2019-09-26 09:45:36,836 INFO  logging.LoggingHandler (AbstractInternalLogger.java:log(150)) - [id: 0x6a991891, L:/0.0.0.0:37575] READ: [id: 0x6c1946c5, L:/192.168.30.59:37575 - R:/192.168.30.59:57396]
2019-09-26 09:45:36,837 INFO  logging.LoggingHandler (AbstractInternalLogger.java:log(150)) - [id: 0xd564d513, L:/0.0.0.0:34063] READ COMPLETE
2019-09-26 09:45:36,837 INFO  logging.LoggingHandler (AbstractInternalLogger.java:log(150)) - [id: 0x6a991891, L:/0.0.0.0:37575] READ COMPLETE
2019-09-26 09:45:36,838 INFO  util.CodeInjectionForTesting (BlockRequestHandlingInjection.java:execute(76)) - s2: Block request from s0
2019-09-26 09:45:36,838 INFO  util.CodeInjectionForTesting (BlockRequestHandlingInjection.java:execute(76)) - s1: Block request from s0
2019-09-26 09:45:36,950 INFO  ratis.RaftTestUtil (RaftTestUtil.java:waitForLeader(101)) - printing ALL groups
  s0:  RUNNING CANDIDATE s0@group-907C491E3841:t1, leader=null, voted=s0, raftlog=s0@group-907C491E3841-SegmentedRaftLog:OPENED:c-1,f-1,i0, conf=-1: [s0:0.0.0.0:41447, s1:0.0.0.0:37575, s2:0.0.0.0:34063], old=null RUNNING
  s1:  RUNNING    LEADER s1@group-907C491E3841:t1, leader=s1, voted=s1, raftlog=s1@group-907C491E3841-SegmentedRaftLog:OPENED:c0,f0,i0, conf=0: [s0:0.0.0.0:41447, s1:0.0.0.0:37575, s2:0.0.0.0:34063], old=null RUNNING
  s2:  RUNNING  FOLLOWER s2@group-907C491E3841:t1, leader=s1, voted=s1, raftlog=s2@group-907C491E3841-SegmentedRaftLog:OPENED:c0,f0,i0, conf=0: [s0:0.0.0.0:41447, s1:0.0.0.0:37575, s2:0.0.0.0:34063], old=null RUNNING
2019-09-26 09:45:36,950 INFO  ratis.MiniRaftCluster (MiniRaftCluster.java:addNewPeers(403)) - Add new peers [s3, s4]
2019-09-26 09:45:36,951 INFO  ratis.MiniRaftCluster (MiniRaftCluster.java:newRaftServer(330)) - newRaftServer: s3, group-907C491E3841:[s0:0.0.0.0:41447, s1:0.0.0.0:37575, s2:0.0.0.0:34063], format? true
2019-09-26 09:45:36,951 TRACE util.FileUtils (FileUtils.java:deleteFully(88)) - deleteFully target/test/data/bb022a74/MiniRaftClusterWithNettya3da8bc4/s3
2019-09-26 09:45:36,951 TRACE util.FileUtils (FileUtils.java:deleteFully(104)) - deleteFully: target/test/data/bb022a74/MiniRaftClusterWithNettya3da8bc4/s3 does not exist.
2019-09-26 09:45:36,952 INFO  ratis.MiniRaftCluster (MiniRaftCluster.java:newRaftServer(335)) - Formatted directory target/test/data/bb022a74/MiniRaftClusterWithNettya3da8bc4/s3
2019-09-26 09:45:36,952 INFO  impl.RaftServerProxy (ConfUtils.java:logGet(43)) - raft.rpc.type = NETTY (custom)
2019-09-26 09:45:36,954 INFO  netty.NettyConfigKeys$Server (ConfUtils.java:logGet(43)) - raft.netty.server.port = 45912 (custom)
2019-09-26 09:45:36,955 INFO  server.RaftServerConfigKeys (ConfUtils.java:logGet(43)) - raft.server.storage.dir = [/workdir/ratis-test/target/test/data/bb022a74/MiniRaftClusterWithNettya3da8bc4/s3] (custom)
2019-09-26 09:45:36,955 INFO  logging.LoggingHandler (AbstractInternalLogger.java:log(150)) - [id: 0x27e627fc] REGISTERED
2019-09-26 09:45:36,957 INFO  impl.RaftServerProxy (RaftServerProxy.java:addNew(89)) - s3: addNew group-907C491E3841:[s0:0.0.0.0:41447, s1:0.0.0.0:37575, s2:0.0.0.0:34063] returns group-907C491E3841:java.util.concurrent.CompletableFuture@167d11d0[Not completed]
2019-09-26 09:45:36,957 INFO  logging.LoggingHandler (AbstractInternalLogger.java:log(150)) - [id: 0x27e627fc] BIND: 0.0.0.0/0.0.0.0:45912
2019-09-26 09:45:36,957 INFO  logging.LoggingHandler (AbstractInternalLogger.java:log(150)) - [id: 0x27e627fc, L:/0.0.0.0:45912] ACTIVE
2019-09-26 09:45:36,958 INFO  impl.RaftServerImpl (RaftServerImpl.java:<init>(95)) - s3: new RaftServerImpl for group-907C491E3841:[s0:0.0.0.0:41447, s1:0.0.0.0:37575, s2:0.0.0.0:34063] with BaseStateMachine:uninitialized
2019-09-26 09:45:36,959 INFO  server.RaftServerConfigKeys (ConfUtils.java:logGet(43)) - raft.server.rpc.timeout.min = 150ms (default)
2019-09-26 09:45:36,959 INFO  ratis.MiniRaftCluster (MiniRaftCluster.java:newRaftServer(330)) - newRaftServer: s4, group-907C491E3841:[s0:0.0.0.0:41447, s1:0.0.0.0:37575, s2:0.0.0.0:34063], format? true
2019-09-26 09:45:36,959 INFO  server.RaftServerConfigKeys (ConfUtils.java:logGet(43)) - raft.server.rpc.timeout.max = 300ms (default)
2019-09-26 09:45:36,959 TRACE util.FileUtils (FileUtils.java:deleteFully(88)) - deleteFully target/test/data/bb022a74/MiniRaftClusterWithNettya3da8bc4/s4
2019-09-26 09:45:36,959 INFO  server.RaftServerConfigKeys (ConfUtils.java:logGet(43)) - raft.server.rpcslowness.timeout = 60s (default)
2019-09-26 09:45:36,960 TRACE util.FileUtils (FileUtils.java:deleteFully(104)) - deleteFully: target/test/data/bb022a74/MiniRaftClusterWithNettya3da8bc4/s4 does not exist.
2019-09-26 09:45:36,960 INFO  ratis.MiniRaftCluster (MiniRaftCluster.java:newRaftServer(335)) - Formatted directory target/test/data/bb022a74/MiniRaftClusterWithNettya3da8bc4/s4
2019-09-26 09:45:36,960 INFO  server.RaftServerConfigKeys (ConfUtils.java:logGet(43)) - raft.server.sleep.deviation.threshold = 300 (default)
2019-09-26 09:45:36,960 INFO  server.RaftServerConfigKeys (ConfUtils.java:logGet(43)) - raft.server.log.appender.install.snapshot.enabled = true (default)
2019-09-26 09:45:36,961 INFO  impl.RaftServerProxy (ConfUtils.java:logGet(43)) - raft.rpc.type = NETTY (custom)
2019-09-26 09:45:36,961 INFO  impl.RaftServerImpl (ServerState.java:<init>(103)) - s3@group-907C491E3841: ConfigurationManager, init=-1: [s0:0.0.0.0:41447, s1:0.0.0.0:37575, s2:0.0.0.0:34063], old=null, confs=<EMPTY_MAP>
2019-09-26 09:45:36,961 INFO  server.RaftServerConfigKeys (ConfUtils.java:logGet(43)) - raft.server.storage.dir = [/workdir/ratis-test/target/test/data/bb022a74/MiniRaftClusterWithNettya3da8bc4/s3] (custom)
2019-09-26 09:45:36,961 INFO  server.RaftServerConfigKeys (ConfUtils.java:logGet(43)) - raft.server.log.corruption.policy = EXCEPTION (default)
2019-09-26 09:45:36,962 INFO  storage.RaftStorageDirectory (RaftStorageDirectory.java:analyzeStorage(246)) - The storage directory /workdir/ratis-test/target/test/data/bb022a74/MiniRaftClusterWithNettya3da8bc4/s3/25604175-82fb-4c14-9a66-907c491e3841 does not exist. Creating ...
2019-09-26 09:45:36,962 INFO  netty.NettyConfigKeys$Server (ConfUtils.java:logGet(43)) - raft.netty.server.port = 39002 (custom)
2019-09-26 09:45:36,962 TRACE util.FileUtils (LogUtils.java:runAndLog(61)) - Successfully ran Files.createDirectories /workdir/ratis-test/target/test/data/bb022a74/MiniRaftClusterWithNettya3da8bc4/s3/25604175-82fb-4c14-9a66-907c491e3841
2019-09-26 09:45:36,963 INFO  server.RaftServerConfigKeys (ConfUtils.java:logGet(43)) - raft.server.storage.dir = [/workdir/ratis-test/target/test/data/bb022a74/MiniRaftClusterWithNettya3da8bc4/s4] (custom)
2019-09-26 09:45:36,963 INFO  logging.LoggingHandler (AbstractInternalLogger.java:log(150)) - [id: 0xc25b23d7] REGISTERED
2019-09-26 09:45:36,964 INFO  logging.LoggingHandler (AbstractInternalLogger.java:log(150)) - [id: 0xc25b23d7] BIND: 0.0.0.0/0.0.0.0:39002
2019-09-26 09:45:36,964 INFO  impl.RaftServerProxy (RaftServerProxy.java:addNew(89)) - s4: addNew group-907C491E3841:[s0:0.0.0.0:41447, s1:0.0.0.0:37575, s2:0.0.0.0:34063] returns group-907C491E3841:java.util.concurrent.CompletableFuture@56bb6e46[Not completed]
2019-09-26 09:45:36,964 INFO  logging.LoggingHandler (AbstractInternalLogger.java:log(150)) - [id: 0xc25b23d7, L:/0.0.0.0:39002] ACTIVE
2019-09-26 09:45:36,965 INFO  impl.RaftServerImpl (RaftServerImpl.java:<init>(95)) - s4: new RaftServerImpl for group-907C491E3841:[s0:0.0.0.0:41447, s1:0.0.0.0:37575, s2:0.0.0.0:34063] with BaseStateMachine:uninitialized
2019-09-26 09:45:36,966 INFO  server.RaftServerConfigKeys (ConfUtils.java:logGet(43)) - raft.server.rpc.timeout.min = 150ms (default)
2019-09-26 09:45:36,966 INFO  server.RaftServerConfigKeys (ConfUtils.java:logGet(43)) - raft.server.rpc.timeout.max = 300ms (default)
2019-09-26 09:45:36,966 INFO  server.RaftServerConfigKeys (ConfUtils.java:logGet(43)) - raft.server.rpcslowness.timeout = 60s (default)
2019-09-26 09:45:36,966 INFO  server.RaftServerConfigKeys (ConfUtils.java:logGet(43)) - raft.server.sleep.deviation.threshold = 300 (default)
2019-09-26 09:45:36,967 INFO  server.RaftServerConfigKeys (ConfUtils.java:logGet(43)) - raft.server.log.appender.install.snapshot.enabled = true (default)
2019-09-26 09:45:36,967 INFO  impl.RaftServerImpl (ServerState.java:<init>(103)) - s4@group-907C491E3841: ConfigurationManager, init=-1: [s0:0.0.0.0:41447, s1:0.0.0.0:37575, s2:0.0.0.0:34063], old=null, confs=<EMPTY_MAP>
2019-09-26 09:45:36,967 INFO  server.RaftServerConfigKeys (ConfUtils.java:logGet(43)) - raft.server.storage.dir = [/workdir/ratis-test/target/test/data/bb022a74/MiniRaftClusterWithNettya3da8bc4/s4] (custom)
2019-09-26 09:45:36,968 INFO  server.RaftServerConfigKeys (ConfUtils.java:logGet(43)) - raft.server.log.corruption.policy = EXCEPTION (default)
2019-09-26 09:45:36,968 INFO  storage.RaftStorageDirectory (RaftStorageDirectory.java:analyzeStorage(246)) - The storage directory /workdir/ratis-test/target/test/data/bb022a74/MiniRaftClusterWithNettya3da8bc4/s4/25604175-82fb-4c14-9a66-907c491e3841 does not exist. Creating ...
2019-09-26 09:45:36,969 TRACE util.FileUtils (LogUtils.java:runAndLog(61)) - Successfully ran Files.createDirectories /workdir/ratis-test/target/test/data/bb022a74/MiniRaftClusterWithNettya3da8bc4/s4/25604175-82fb-4c14-9a66-907c491e3841
2019-09-26 09:45:36,986 INFO  storage.RaftStorageDirectory (RaftStorageDirectory.java:tryLock(328)) - Lock on /workdir/ratis-test/target/test/data/bb022a74/MiniRaftClusterWithNettya3da8bc4/s3/25604175-82fb-4c14-9a66-907c491e3841/in_use.lock acquired by nodename 3395@ratis-test-kn96w-682825239
2019-09-26 09:45:36,986 INFO  storage.RaftStorageDirectory (RaftStorageDirectory.java:tryLock(328)) - Lock on /workdir/ratis-test/target/test/data/bb022a74/MiniRaftClusterWithNettya3da8bc4/s4/25604175-82fb-4c14-9a66-907c491e3841/in_use.lock acquired by nodename 3395@ratis-test-kn96w-682825239
2019-09-26 09:45:36,987 TRACE util.FileUtils (LogUtils.java:runAndLog(61)) - Successfully ran Files.createDirectories /workdir/ratis-test/target/test/data/bb022a74/MiniRaftClusterWithNettya3da8bc4/s3/25604175-82fb-4c14-9a66-907c491e3841/current
2019-09-26 09:45:36,987 TRACE util.FileUtils (LogUtils.java:runAndLog(61)) - Successfully ran Files.createDirectories /workdir/ratis-test/target/test/data/bb022a74/MiniRaftClusterWithNettya3da8bc4/s4/25604175-82fb-4c14-9a66-907c491e3841/current
2019-09-26 09:45:36,987 TRACE util.FileUtils (LogUtils.java:runAndLog(61)) - Successfully ran Files.createDirectories /workdir/ratis-test/target/test/data/bb022a74/MiniRaftClusterWithNettya3da8bc4/s3/25604175-82fb-4c14-9a66-907c491e3841/sm
2019-09-26 09:45:36,987 TRACE util.FileUtils (LogUtils.java:runAndLog(61)) - Successfully ran Files.createDirectories /workdir/ratis-test/target/test/data/bb022a74/MiniRaftClusterWithNettya3da8bc4/s4/25604175-82fb-4c14-9a66-907c491e3841/sm
2019-09-26 09:45:37,001 INFO  storage.RaftStorage (RaftStorage.java:format(84)) - Storage directory /workdir/ratis-test/target/test/data/bb022a74/MiniRaftClusterWithNettya3da8bc4/s4/25604175-82fb-4c14-9a66-907c491e3841 has been successfully formatted.
2019-09-26 09:45:37,001 INFO  storage.RaftStorage (RaftStorage.java:format(84)) - Storage directory /workdir/ratis-test/target/test/data/bb022a74/MiniRaftClusterWithNettya3da8bc4/s3/25604175-82fb-4c14-9a66-907c491e3841 has been successfully formatted.
2019-09-26 09:45:37,002 INFO  server.RaftServerConfigKeys (ConfUtils.java:logGet(43)) - raft.server.notification.no-leader.timeout = 60s (default)
2019-09-26 09:45:37,002 INFO  server.RaftServerConfigKeys (ConfUtils.java:logGet(43)) - raft.server.notification.no-leader.timeout = 60s (default)
2019-09-26 09:45:37,002 INFO  server.RaftServerConfigKeys (ConfUtils.java:logGet(43)) - raft.server.log.use.memory = false (default)
2019-09-26 09:45:37,002 INFO  server.RaftServerConfigKeys (ConfUtils.java:logGet(43)) - raft.server.log.use.memory = false (default)
2019-09-26 09:45:37,002 INFO  server.RaftServerConfigKeys (ConfUtils.java:logGet(43)) - raft.server.log.purge.gap = 1024 (default)
2019-09-26 09:45:37,002 INFO  server.RaftServerConfigKeys (ConfUtils.java:logGet(43)) - raft.server.log.purge.gap = 1024 (default)
2019-09-26 09:45:37,003 INFO  server.RaftServerConfigKeys (ConfUtils.java:logGet(43)) - raft.server.log.appender.buffer.byte-limit = 4MB (=4194304) (default)
2019-09-26 09:45:37,003 INFO  server.RaftServerConfigKeys (ConfUtils.java:logGet(43)) - raft.server.log.appender.buffer.byte-limit = 4MB (=4194304) (default)
2019-09-26 09:45:37,003 INFO  server.RaftServerConfigKeys (ConfUtils.java:logGet(43)) - raft.server.log.segment.size.max = 8MB (=8388608) (default)
2019-09-26 09:45:37,003 INFO  server.RaftServerConfigKeys (ConfUtils.java:logGet(43)) - raft.server.log.segment.size.max = 8MB (=8388608) (default)
2019-09-26 09:45:37,003 INFO  server.RaftServerConfigKeys (ConfUtils.java:logGet(43)) - raft.server.log.segment.cache.num.max = 6 (default)
2019-09-26 09:45:37,003 INFO  server.RaftServerConfigKeys (ConfUtils.java:logGet(43)) - raft.server.log.segment.cache.num.max = 6 (default)
2019-09-26 09:45:37,003 INFO  segmented.SegmentedRaftLogWorker (SegmentedRaftLogWorker.java:<init>(172)) - new s4@group-907C491E3841-SegmentedRaftLogWorker for RaftStorage:Storage Directory /workdir/ratis-test/target/test/data/bb022a74/MiniRaftClusterWithNettya3da8bc4/s4/25604175-82fb-4c14-9a66-907c491e3841
2019-09-26 09:45:37,004 INFO  segmented.SegmentedRaftLogWorker (SegmentedRaftLogWorker.java:<init>(172)) - new s3@group-907C491E3841-SegmentedRaftLogWorker for RaftStorage:Storage Directory /workdir/ratis-test/target/test/data/bb022a74/MiniRaftClusterWithNettya3da8bc4/s3/25604175-82fb-4c14-9a66-907c491e3841
2019-09-26 09:45:37,004 INFO  server.RaftServerConfigKeys (ConfUtils.java:logGet(43)) - raft.server.log.queue.byte-limit = 64MB (=67108864) (default)
2019-09-26 09:45:37,004 INFO  server.RaftServerConfigKeys (ConfUtils.java:logGet(43)) - raft.server.log.queue.byte-limit = 64MB (=67108864) (default)
2019-09-26 09:45:37,004 INFO  server.RaftServerConfigKeys (ConfUtils.java:logGet(43)) - raft.server.log.queue.element-limit = 4096 (default)
2019-09-26 09:45:37,004 INFO  server.RaftServerConfigKeys (ConfUtils.java:logGet(43)) - raft.server.log.queue.element-limit = 4096 (default)
2019-09-26 09:45:37,004 INFO  server.RaftServerConfigKeys (ConfUtils.java:logGet(43)) - raft.server.log.segment.size.max = 8MB (=8388608) (default)
2019-09-26 09:45:37,005 INFO  server.RaftServerConfigKeys (ConfUtils.java:logGet(43)) - raft.server.log.segment.size.max = 8MB (=8388608) (default)
2019-09-26 09:45:37,005 INFO  server.RaftServerConfigKeys (ConfUtils.java:logGet(43)) - raft.server.log.preallocated.size = 4MB (=4194304) (default)
2019-09-26 09:45:37,005 INFO  server.RaftServerConfigKeys (ConfUtils.java:logGet(43)) - raft.server.log.preallocated.size = 4MB (=4194304) (default)
2019-09-26 09:45:37,005 INFO  server.RaftServerConfigKeys (ConfUtils.java:logGet(43)) - raft.server.log.write.buffer.size = 64KB (=65536) (default)
2019-09-26 09:45:37,005 INFO  server.RaftServerConfigKeys (ConfUtils.java:logGet(43)) - raft.server.log.write.buffer.size = 64KB (=65536) (default)
2019-09-26 09:45:37,005 INFO  server.RaftServerConfigKeys (ConfUtils.java:logGet(43)) - raft.server.log.force.sync.num = 128 (default)
2019-09-26 09:45:37,006 INFO  server.RaftServerConfigKeys (ConfUtils.java:logGet(43)) - raft.server.log.statemachine.data.sync = true (default)
2019-09-26 09:45:37,005 INFO  server.RaftServerConfigKeys (ConfUtils.java:logGet(43)) - raft.server.log.force.sync.num = 128 (default)
2019-09-26 09:45:37,006 INFO  server.RaftServerConfigKeys (ConfUtils.java:logGet(43)) - raft.server.log.statemachine.data.sync.timeout = 10s (default)
2019-09-26 09:45:37,006 INFO  server.RaftServerConfigKeys (ConfUtils.java:logGet(43)) - raft.server.log.statemachine.data.sync = true (default)
2019-09-26 09:45:37,006 INFO  server.RaftServerConfigKeys (ConfUtils.java:logGet(43)) - raft.server.log.statemachine.data.sync.timeout.retry = -1 (default)
2019-09-26 09:45:37,006 INFO  server.RaftServerConfigKeys (ConfUtils.java:logGet(43)) - raft.server.log.statemachine.data.sync.timeout = 10s (default)
2019-09-26 09:45:37,006 INFO  server.RaftServerConfigKeys (ConfUtils.java:logGet(43)) - raft.server.log.statemachine.data.caching.enabled = false (default)
2019-09-26 09:45:37,007 INFO  server.RaftServerConfigKeys (ConfUtils.java:logGet(43)) - raft.server.log.statemachine.data.sync.timeout.retry = -1 (default)
2019-09-26 09:45:37,007 INFO  server.RaftServerConfigKeys (ConfUtils.java:logGet(43)) - raft.server.log.statemachine.data.caching.enabled = false (default)
2019-09-26 09:45:37,007 INFO  segmented.SegmentedRaftLogWorker (SegmentedRaftLogWorker.java:lambda$new$0(132)) - s4@group-907C491E3841-SegmentedRaftLogWorker: flushIndex: setUnconditionally 0 -> -1
2019-09-26 09:45:37,007 INFO  segmented.SegmentedRaftLogWorker (SegmentedRaftLogWorker.java:lambda$new$0(132)) - s3@group-907C491E3841-SegmentedRaftLogWorker: flushIndex: setUnconditionally 0 -> -1
2019-09-26 09:45:37,008 INFO  server.RaftServerConfigKeys (ConfUtils.java:logGet(43)) - raft.server.snapshot.auto.trigger.enabled = false (default)
2019-09-26 09:45:37,008 INFO  server.RaftServerConfigKeys (ConfUtils.java:logGet(43)) - raft.server.snapshot.retention.file.num = -1 (default)
2019-09-26 09:45:37,008 INFO  server.RaftServerConfigKeys (ConfUtils.java:logGet(43)) - raft.server.snapshot.auto.trigger.enabled = false (default)
2019-09-26 09:45:37,008 INFO  server.RaftServerConfigKeys (ConfUtils.java:logGet(43)) - raft.server.retrycache.expirytime = 60s (default)
2019-09-26 09:45:37,008 INFO  server.RaftServerConfigKeys (ConfUtils.java:logGet(43)) - raft.server.snapshot.retention.file.num = -1 (default)
2019-09-26 09:45:37,008 INFO  server.RaftServerConfigKeys (ConfUtils.java:logGet(43)) - raft.server.retrycache.expirytime = 60s (default)
2019-09-26 09:45:37,013 INFO  impl.RaftServerImpl (RaftServerImpl.java:start(184)) - s3@group-907C491E3841: start with initializing state, conf=-1: [s0:0.0.0.0:41447, s1:0.0.0.0:37575, s2:0.0.0.0:34063], old=null
2019-09-26 09:45:37,013 INFO  impl.RaftServerImpl (RaftServerImpl.java:setRole(170)) - s3@group-907C491E3841: changes role from      null to FOLLOWER at term 0 for startInitializing
2019-09-26 09:45:37,014 INFO  util.JmxRegister (JmxRegister.java:tryRegister(44)) - Successfully registered JMX Bean with object name Ratis:service=RaftServer,group=group-907C491E3841,id=s3
2019-09-26 09:45:37,018 INFO  impl.RaftServerProxy (RaftServerProxy.java:lambda$start$3(299)) - s3: start RPC server
2019-09-26 09:45:37,019 INFO  impl.RaftServerImpl (RaftServerImpl.java:start(184)) - s4@group-907C491E3841: start with initializing state, conf=-1: [s0:0.0.0.0:41447, s1:0.0.0.0:37575, s2:0.0.0.0:34063], old=null
2019-09-26 09:45:37,019 INFO  impl.RaftServerImpl (RaftServerImpl.java:setRole(170)) - s4@group-907C491E3841: changes role from      null to FOLLOWER at term 0 for startInitializing
2019-09-26 09:45:37,020 INFO  util.JmxRegister (JmxRegister.java:tryRegister(44)) - Successfully registered JMX Bean with object name Ratis:service=RaftServer,group=group-907C491E3841,id=s4
2019-09-26 09:45:37,023 INFO  impl.RaftServerProxy (RaftServerProxy.java:lambda$start$3(299)) - s4: start RPC server
2019-09-26 09:45:37,025 INFO  ratis.MiniRaftCluster (MiniRaftCluster.java:setConfiguration(688)) - Start changing the configuration: [s3:0.0.0.0:45912, s4:0.0.0.0:39002, s0:0.0.0.0:41447, s1:0.0.0.0:37575, s2:0.0.0.0:34063]
2019-09-26 09:45:37,027 INFO  logging.LoggingHandler (AbstractInternalLogger.java:log(150)) - [id: 0x27e627fc, L:/0.0.0.0:45912] READ: [id: 0xe460074f, L:/192.168.30.59:45912 - R:/192.168.30.59:42016]
2019-09-26 09:45:37,028 INFO  logging.LoggingHandler (AbstractInternalLogger.java:log(150)) - [id: 0x27e627fc, L:/0.0.0.0:45912] READ COMPLETE
2019-09-26 09:45:37,029 INFO  impl.RaftServerImpl (RaftServerImpl.java:setConfigurationAsync(658)) - s3@group-907C491E3841: receive setConfiguration SetConfigurationRequest:client-9E2F11AA76AE->s3@group-907C491E3841, cid=25, seq=0, RW, null, peers:[s3:0.0.0.0:45912, s4:0.0.0.0:39002, s0:0.0.0.0:41447, s1:0.0.0.0:37575, s2:0.0.0.0:34063]
2019-09-26 09:45:37,133 INFO  impl.LeaderElection (LeaderElection.java:logAndReturn(56)) - s0@group-907C491E3841-LeaderElection18: Election TIMEOUT; received 0 response(s) [] and 0 exception(s); s0@group-907C491E3841:t1, leader=null, voted=s0, raftlog=s0@group-907C491E3841-SegmentedRaftLog:OPENED:c-1,f-1,i0, conf=-1: [s0:0.0.0.0:41447, s1:0.0.0.0:37575, s2:0.0.0.0:34063], old=null
2019-09-26 09:45:37,147 INFO  impl.LeaderElection (LeaderElection.java:askForVotes(178)) - s0@group-907C491E3841-LeaderElection18: begin an election at term 2 for -1: [s0:0.0.0.0:41447, s1:0.0.0.0:37575, s2:0.0.0.0:34063], old=null
2019-09-26 09:45:37,167 INFO  logging.LoggingHandler (AbstractInternalLogger.java:log(150)) - [id: 0x6a991891, L:/0.0.0.0:37575] READ: [id: 0x2e91c4d0, L:/192.168.30.59:37575 - R:/192.168.30.59:57402]
2019-09-26 09:45:37,167 INFO  logging.LoggingHandler (AbstractInternalLogger.java:log(150)) - [id: 0x6a991891, L:/0.0.0.0:37575] READ COMPLETE
2019-09-26 09:45:37,168 INFO  impl.RaftServerImpl (RaftServerImpl.java:setConfigurationAsync(658)) - s1@group-907C491E3841: receive setConfiguration SetConfigurationRequest:client-9E2F11AA76AE->s1@group-907C491E3841, cid=25, seq=0, RW, null, peers:[s3:0.0.0.0:45912, s4:0.0.0.0:39002, s0:0.0.0.0:41447, s1:0.0.0.0:37575, s2:0.0.0.0:34063]
2019-09-26 09:45:37,169 INFO  impl.RaftServerImpl (LeaderState.java:startSetConfiguration(287)) - s1@group-907C491E3841-LeaderState: startSetConfiguration SetConfigurationRequest:client-9E2F11AA76AE->s1@group-907C491E3841, cid=25, seq=0, RW, null, peers:[s3:0.0.0.0:45912, s4:0.0.0.0:39002, s0:0.0.0.0:41447, s1:0.0.0.0:37575, s2:0.0.0.0:34063]
2019-09-26 09:45:37,169 INFO  server.RaftServerConfigKeys (ConfUtils.java:logGet(43)) - raft.server.log.appender.snapshot.chunk.size.max = 16MB (=16777216) (default)
2019-09-26 09:45:37,170 INFO  server.RaftServerConfigKeys (ConfUtils.java:logGet(43)) - raft.server.log.appender.buffer.byte-limit = 4MB (=4194304) (default)
2019-09-26 09:45:37,170 INFO  server.RaftServerConfigKeys (ConfUtils.java:logGet(43)) - raft.server.log.appender.buffer.element-limit = 0 (default)
2019-09-26 09:45:37,171 INFO  server.RaftServerConfigKeys (ConfUtils.java:logGet(43)) - raft.server.log.appender.snapshot.chunk.size.max = 16MB (=16777216) (default)
2019-09-26 09:45:37,171 INFO  server.RaftServerConfigKeys (ConfUtils.java:logGet(43)) - raft.server.log.appender.buffer.byte-limit = 4MB (=4194304) (default)
2019-09-26 09:45:37,171 INFO  server.RaftServerConfigKeys (ConfUtils.java:logGet(43)) - raft.server.log.appender.buffer.element-limit = 0 (default)
2019-09-26 09:45:37,174 INFO  logging.LoggingHandler (AbstractInternalLogger.java:log(150)) - [id: 0x27e627fc, L:/0.0.0.0:45912] READ: [id: 0xc9bd06f4, L:/192.168.30.59:45912 - R:/192.168.30.59:42020]
2019-09-26 09:45:37,174 INFO  logging.LoggingHandler (AbstractInternalLogger.java:log(150)) - [id: 0xc25b23d7, L:/0.0.0.0:39002] READ: [id: 0x28c040af, L:/192.168.30.59:39002 - R:/192.168.30.59:54288]
2019-09-26 09:45:37,174 INFO  logging.LoggingHandler (AbstractInternalLogger.java:log(150)) - [id: 0x27e627fc, L:/0.0.0.0:45912] READ COMPLETE
2019-09-26 09:45:37,174 INFO  logging.LoggingHandler (AbstractInternalLogger.java:log(150)) - [id: 0xc25b23d7, L:/0.0.0.0:39002] READ COMPLETE
2019-09-26 09:45:37,189 INFO  impl.RaftServerImpl (ServerState.java:setLeader(254)) - s3@group-907C491E3841: change Leader from null to s1 at term 1 for appendEntries, leader elected after 187ms
2019-09-26 09:45:37,189 INFO  impl.RaftServerImpl (ServerState.java:setLeader(254)) - s4@group-907C491E3841: change Leader from null to s1 at term 1 for appendEntries, leader elected after 187ms
2019-09-26 09:45:37,189 INFO  impl.RaftServerImpl (RaftServerImpl.java:checkInconsistentAppendEntries(999)) - s3@group-907C491E3841: Failed appendEntries as previous log entry ((t:1, i:0)) is not found
2019-09-26 09:45:37,190 INFO  impl.RaftServerImpl (RaftServerImpl.java:checkInconsistentAppendEntries(999)) - s4@group-907C491E3841: Failed appendEntries as previous log entry ((t:1, i:0)) is not found
2019-09-26 09:45:37,190 INFO  impl.RaftServerImpl (RaftServerImpl.java:checkInconsistentAppendEntries(972)) - s3@group-907C491E3841: inconsistency entries. Reply:s1<-s3#0:FAIL,INCONSISTENCY,nextIndex:0,term:0,followerCommit:-1
2019-09-26 09:45:37,190 INFO  impl.RaftServerImpl (RaftServerImpl.java:checkInconsistentAppendEntries(972)) - s4@group-907C491E3841: inconsistency entries. Reply:s1<-s4#0:FAIL,INCONSISTENCY,nextIndex:0,term:0,followerCommit:-1
2019-09-26 09:45:37,191 INFO  impl.FollowerInfo (FollowerInfo.java:lambda$new$0(51)) - s1@group-907C491E3841->s3: nextIndex: updateUnconditionally 1 -> 0
2019-09-26 09:45:37,191 INFO  impl.FollowerInfo (FollowerInfo.java:lambda$new$0(51)) - s1@group-907C491E3841->s4: nextIndex: updateUnconditionally 1 -> 0
2019-09-26 09:45:37,192 DEBUG impl.RaftServerImpl (RaftServerImpl.java:logAppendEntries(850)) - s3@group-907C491E3841: receive appendEntries(s1, 1, null, 0, true, commits[s1:c0, s0:c-1, s2:c0, s3:c-1, s4:c-1], entries: (t:1, i:0), CONFIGURATIONENTRY
2019-09-26 09:45:37,193 DEBUG impl.RaftServerImpl (RaftServerImpl.java:logAppendEntries(850)) - s4@group-907C491E3841: receive appendEntries(s1, 1, null, 0, true, commits[s1:c0, s0:c-1, s2:c0, s3:c-1, s4:c-1], entries: (t:1, i:0), CONFIGURATIONENTRY
2019-09-26 09:45:37,193 INFO  impl.RaftServerImpl (ServerState.java:setRaftConf(355)) - s3@group-907C491E3841: set configuration 0: [s0:0.0.0.0:41447, s1:0.0.0.0:37575, s2:0.0.0.0:34063], old=null at 0
2019-09-26 09:45:37,193 INFO  impl.RaftServerImpl (ServerState.java:setRaftConf(355)) - s4@group-907C491E3841: set configuration 0: [s0:0.0.0.0:41447, s1:0.0.0.0:37575, s2:0.0.0.0:34063], old=null at 0
2019-09-26 09:45:37,193 INFO  segmented.SegmentedRaftLogWorker (SegmentedRaftLogWorker.java:startLogSegment(380)) - s3@group-907C491E3841-SegmentedRaftLogWorker: Starting segment from index:0
2019-09-26 09:45:37,194 INFO  segmented.SegmentedRaftLogWorker (SegmentedRaftLogWorker.java:startLogSegment(380)) - s4@group-907C491E3841-SegmentedRaftLogWorker: Starting segment from index:0
2019-09-26 09:45:37,306 INFO  segmented.SegmentedRaftLogWorker (SegmentedRaftLogWorker.java:execute(569)) - s3@group-907C491E3841-SegmentedRaftLogWorker: created new log segment /workdir/ratis-test/target/test/data/bb022a74/MiniRaftClusterWithNettya3da8bc4/s3/25604175-82fb-4c14-9a66-907c491e3841/current/log_inprogress_0
2019-09-26 09:45:37,306 INFO  segmented.SegmentedRaftLogWorker (SegmentedRaftLogWorker.java:execute(569)) - s4@group-907C491E3841-SegmentedRaftLogWorker: created new log segment /workdir/ratis-test/target/test/data/bb022a74/MiniRaftClusterWithNettya3da8bc4/s4/25604175-82fb-4c14-9a66-907c491e3841/current/log_inprogress_0
2019-09-26 09:45:37,319 DEBUG impl.RaftServerImpl (RaftServerImpl.java:logAppendEntries(850)) - s4@group-907C491E3841: succeeded to handle AppendEntries. Reply: s1<-s4#0:OK,SUCCESS,nextIndex:1,term:1,followerCommit:0
2019-09-26 09:45:37,320 DEBUG impl.RaftServerImpl (RaftServerImpl.java:logAppendEntries(850)) - s3@group-907C491E3841: succeeded to handle AppendEntries. Reply: s1<-s3#0:OK,SUCCESS,nextIndex:1,term:1,followerCommit:0
2019-09-26 09:45:37,321 INFO  impl.RaftServerImpl (ServerState.java:setRaftConf(355)) - s1@group-907C491E3841: set configuration 1: [s3:0.0.0.0:45912, s4:0.0.0.0:39002, s0:0.0.0.0:41447, s1:0.0.0.0:37575, s2:0.0.0.0:34063], old=[s0:0.0.0.0:41447, s1:0.0.0.0:37575, s2:0.0.0.0:34063] at 1
2019-09-26 09:45:37,322 DEBUG impl.RaftServerImpl (RaftServerImpl.java:logAppendEntries(850)) - s3@group-907C491E3841: receive appendEntries(s1, 1, (t:1, i:0), 0, true, commits[s1:c0, s0:c-1, s2:c0, s3:c0, s4:c0], entries: (t:1, i:1), CONFIGURATIONENTRY
2019-09-26 09:45:37,322 DEBUG impl.RaftServerImpl (RaftServerImpl.java:logAppendEntries(850)) - s2@group-907C491E3841: receive appendEntries(s1, 1, (t:1, i:0), 0, false, commits[s1:c0, s0:c-1, s2:c0, s3:c0, s4:c0], entries: (t:1, i:1), CONFIGURATIONENTRY
2019-09-26 09:45:37,322 DEBUG impl.RaftServerImpl (RaftServerImpl.java:logAppendEntries(850)) - s4@group-907C491E3841: receive appendEntries(s1, 1, (t:1, i:0), 0, false, commits[s1:c0, s0:c-1, s2:c0, s3:c0, s4:c0], entries: (t:1, i:1), CONFIGURATIONENTRY
2019-09-26 09:45:37,322 INFO  impl.RaftServerImpl (ServerState.java:setRaftConf(355)) - s3@group-907C491E3841: set configuration 1: [s3:0.0.0.0:45912, s4:0.0.0.0:39002, s0:0.0.0.0:41447, s1:0.0.0.0:37575, s2:0.0.0.0:34063], old=[s0:0.0.0.0:41447, s1:0.0.0.0:37575, s2:0.0.0.0:34063] at 1
2019-09-26 09:45:37,323 INFO  impl.RoleInfo (RoleInfo.java:updateAndGet(143)) - s4: start FollowerState
2019-09-26 09:45:37,323 INFO  impl.RaftServerImpl (ServerState.java:setRaftConf(355)) - s2@group-907C491E3841: set configuration 1: [s3:0.0.0.0:45912, s4:0.0.0.0:39002, s0:0.0.0.0:41447, s1:0.0.0.0:37575, s2:0.0.0.0:34063], old=[s0:0.0.0.0:41447, s1:0.0.0.0:37575, s2:0.0.0.0:34063] at 1
2019-09-26 09:45:37,323 INFO  impl.RaftServerImpl (ServerState.java:setRaftConf(355)) - s4@group-907C491E3841: set configuration 1: [s3:0.0.0.0:45912, s4:0.0.0.0:39002, s0:0.0.0.0:41447, s1:0.0.0.0:37575, s2:0.0.0.0:34063], old=[s0:0.0.0.0:41447, s1:0.0.0.0:37575, s2:0.0.0.0:34063] at 1
2019-09-26 09:45:37,330 DEBUG impl.RaftServerImpl (RaftServerImpl.java:logAppendEntries(850)) - s2@group-907C491E3841: succeeded to handle AppendEntries. Reply: s1<-s2#0:OK,SUCCESS,nextIndex:2,term:1,followerCommit:0
2019-09-26 09:45:37,330 DEBUG impl.RaftServerImpl (RaftServerImpl.java:logAppendEntries(850)) - s3@group-907C491E3841: succeeded to handle AppendEntries. Reply: s1<-s3#0:OK,SUCCESS,nextIndex:2,term:1,followerCommit:0
2019-09-26 09:45:37,330 DEBUG impl.RaftServerImpl (RaftServerImpl.java:logAppendEntries(850)) - s4@group-907C491E3841: succeeded to handle AppendEntries. Reply: s1<-s4#0:OK,SUCCESS,nextIndex:2,term:1,followerCommit:0
2019-09-26 09:45:37,331 INFO  impl.RaftServerImpl (ServerState.java:setRaftConf(355)) - s1@group-907C491E3841: set configuration 3: [s3:0.0.0.0:45912, s4:0.0.0.0:39002, s0:0.0.0.0:41447, s1:0.0.0.0:37575, s2:0.0.0.0:34063], old=null at 3
2019-09-26 09:45:37,331 DEBUG impl.RaftServerImpl (RaftServerImpl.java:logAppendEntries(850)) - s3@group-907C491E3841: receive appendEntries(s1, 1, (t:1, i:1), 1, false, commits[s1:c1, s0:c-1, s2:c0, s3:c0, s4:c0], entries: (t:1, i:2), METADATAENTRY(c1)
2019-09-26 09:45:37,332 DEBUG impl.RaftServerImpl (RaftServerImpl.java:logAppendEntries(850)) - s2@group-907C491E3841: receive appendEntries(s1, 1, (t:1, i:1), 1, false, commits[s1:c1, s0:c-1, s2:c0, s3:c0, s4:c0], entries: [(t:1, i:2), METADATAENTRY(c1), (t:1, i:3), CONFIGURATIONENTRY]
2019-09-26 09:45:37,332 INFO  impl.RoleInfo (RoleInfo.java:updateAndGet(143)) - s3: start FollowerState
2019-09-26 09:45:37,332 DEBUG impl.RaftServerImpl (RaftServerImpl.java:logAppendEntries(850)) - s4@group-907C491E3841: receive appendEntries(s1, 1, (t:1, i:1), 1, false, commits[s1:c1, s0:c-1, s2:c0, s3:c0, s4:c0], entries: [(t:1, i:2), METADATAENTRY(c1), (t:1, i:3), CONFIGURATIONENTRY]
2019-09-26 09:45:37,332 INFO  impl.RaftServerImpl (ServerState.java:setRaftConf(355)) - s2@group-907C491E3841: set configuration 3: [s3:0.0.0.0:45912, s4:0.0.0.0:39002, s0:0.0.0.0:41447, s1:0.0.0.0:37575, s2:0.0.0.0:34063], old=null at 3
2019-09-26 09:45:37,332 INFO  impl.RaftServerImpl (ServerState.java:setRaftConf(355)) - s4@group-907C491E3841: set configuration 3: [s3:0.0.0.0:45912, s4:0.0.0.0:39002, s0:0.0.0.0:41447, s1:0.0.0.0:37575, s2:0.0.0.0:34063], old=null at 3
2019-09-26 09:45:37,351 DEBUG impl.RaftServerImpl (RaftServerImpl.java:logAppendEntries(850)) - s4@group-907C491E3841: succeeded to handle AppendEntries. Reply: s1<-s4#0:OK,SUCCESS,nextIndex:4,term:1,followerCommit:1
2019-09-26 09:45:37,351 DEBUG impl.RaftServerImpl (RaftServerImpl.java:logAppendEntries(850)) - s3@group-907C491E3841: succeeded to handle AppendEntries. Reply: s1<-s3#0:OK,SUCCESS,nextIndex:3,term:1,followerCommit:1
2019-09-26 09:45:37,352 DEBUG impl.RaftServerImpl (RaftServerImpl.java:logAppendEntries(850)) - s3@group-907C491E3841: receive appendEntries(s1, 1, (t:1, i:2), 2, false, commits[s1:c2, s0:c-1, s2:c0, s3:c1, s4:c1], entries: (t:1, i:3), CONFIGURATIONENTRY
2019-09-26 09:45:37,352 DEBUG impl.RaftServerImpl (RaftServerImpl.java:logAppendEntries(850)) - s2@group-907C491E3841: succeeded to handle AppendEntries. Reply: s1<-s2#0:OK,SUCCESS,nextIndex:4,term:1,followerCommit:1
2019-09-26 09:45:37,352 INFO  impl.RaftServerImpl (ServerState.java:setRaftConf(355)) - s3@group-907C491E3841: set configuration 3: [s3:0.0.0.0:45912, s4:0.0.0.0:39002, s0:0.0.0.0:41447, s1:0.0.0.0:37575, s2:0.0.0.0:34063], old=null at 3
2019-09-26 09:45:37,353 DEBUG impl.RaftServerImpl (RaftServerImpl.java:logAppendEntries(850)) - s2@group-907C491E3841: receive appendEntries(s1, 1, (t:1, i:3), 3, false, commits[s1:c3, s0:c-1, s2:c1, s3:c1, s4:c1], entries: (t:1, i:4), METADATAENTRY(c3)
2019-09-26 09:45:37,353 DEBUG impl.RaftServerImpl (RaftServerImpl.java:logAppendEntries(850)) - s4@group-907C491E3841: receive appendEntries(s1, 1, (t:1, i:3), 3, false, commits[s1:c3, s0:c-1, s2:c1, s3:c1, s4:c1], entries: (t:1, i:4), METADATAENTRY(c3)
2019-09-26 09:45:37,354 INFO  server.RaftServerConfigKeys (ConfUtils.java:logGet(43)) - raft.server.rpc.timeout.max = 300ms (default)
2019-09-26 09:45:37,354 DEBUG impl.RaftServerImpl (RaftServerImpl.java:logAppendEntries(850)) - s3@group-907C491E3841: succeeded to handle AppendEntries. Reply: s1<-s3#0:OK,SUCCESS,nextIndex:4,term:1,followerCommit:2
2019-09-26 09:45:37,354 INFO  impl.RaftServerTestUtil (RaftServerTestUtil.java:waitAndCheckNewConf(58)) - waitAndCheckNewConf: peers=[s3:0.0.0.0:45912, s4:0.0.0.0:39002, s0:0.0.0.0:41447, s1:0.0.0.0:37575, s2:0.0.0.0:34063], deadPeers=null, printing ALL groups
  s3:  RUNNING  FOLLOWER s3@group-907C491E3841:t1, leader=s1, voted=null, raftlog=s3@group-907C491E3841-SegmentedRaftLog:OPENED:c2,f3,i3, conf=3: [s3:0.0.0.0:45912, s4:0.0.0.0:39002, s0:0.0.0.0:41447, s1:0.0.0.0:37575, s2:0.0.0.0:34063], old=null RUNNING
  s4:  RUNNING  FOLLOWER s4@group-907C491E3841:t1, leader=s1, voted=null, raftlog=s4@group-907C491E3841-SegmentedRaftLog:OPENED:c1,f3,i4, conf=3: [s3:0.0.0.0:45912, s4:0.0.0.0:39002, s0:0.0.0.0:41447, s1:0.0.0.0:37575, s2:0.0.0.0:34063], old=null RUNNING
  s0:  RUNNING CANDIDATE s0@group-907C491E3841:t2, leader=null, voted=s0, raftlog=s0@group-907C491E3841-SegmentedRaftLog:OPENED:c-1,f-1,i0, conf=-1: [s0:0.0.0.0:41447, s1:0.0.0.0:37575, s2:0.0.0.0:34063], old=null RUNNING
  s1:  RUNNING    LEADER s1@group-907C491E3841:t1, leader=s1, voted=s1, raftlog=s1@group-907C491E3841-SegmentedRaftLog:OPENED:c3,f4,i4, conf=3: [s3:0.0.0.0:45912, s4:0.0.0.0:39002, s0:0.0.0.0:41447, s1:0.0.0.0:37575, s2:0.0.0.0:34063], old=null RUNNING
  s2:  RUNNING  FOLLOWER s2@group-907C491E3841:t1, leader=s1, voted=s1, raftlog=s2@group-907C491E3841-SegmentedRaftLog:OPENED:c1,f4,i4, conf=3: [s3:0.0.0.0:45912, s4:0.0.0.0:39002, s0:0.0.0.0:41447, s1:0.0.0.0:37575, s2:0.0.0.0:34063], old=null RUNNING
2019-09-26 09:45:37,355 DEBUG impl.RaftServerImpl (RaftServerImpl.java:logAppendEntries(850)) - s2@group-907C491E3841: succeeded to handle AppendEntries. Reply: s1<-s2#0:OK,SUCCESS,nextIndex:5,term:1,followerCommit:3
2019-09-26 09:45:37,355 DEBUG impl.RaftServerImpl (RaftServerImpl.java:logAppendEntries(850)) - s3@group-907C491E3841: receive appendEntries(s1, 1, (t:1, i:3), 3, false, commits[s1:c3, s0:c-1, s2:c1, s3:c2, s4:c1], entries: (t:1, i:4), METADATAENTRY(c3)
2019-09-26 09:45:37,355 INFO  impl.RaftServerTestUtil (RaftServerTestUtil.java:waitAndCheckNewConf(66)) - checking  FOLLOWER s3@group-907C491E3841:t1, leader=s1, voted=null, raftlog=s3@group-907C491E3841-SegmentedRaftLog:OPENED:c2,f3,i3, conf=3: [s3:0.0.0.0:45912, s4:0.0.0.0:39002, s0:0.0.0.0:41447, s1:0.0.0.0:37575, s2:0.0.0.0:34063], old=null RUNNING
2019-09-26 09:45:37,359 INFO  impl.RaftServerTestUtil (RaftServerTestUtil.java:waitAndCheckNewConf(66)) - checking  FOLLOWER s4@group-907C491E3841:t1, leader=s1, voted=null, raftlog=s4@group-907C491E3841-SegmentedRaftLog:OPENED:c3,f4,i4, conf=3: [s3:0.0.0.0:45912, s4:0.0.0.0:39002, s0:0.0.0.0:41447, s1:0.0.0.0:37575, s2:0.0.0.0:34063], old=null RUNNING
2019-09-26 09:45:37,361 DEBUG impl.RaftServerImpl (RaftServerImpl.java:logAppendEntries(850)) - s4@group-907C491E3841: succeeded to handle AppendEntries. Reply: s1<-s4#0:OK,SUCCESS,nextIndex:5,term:1,followerCommit:3
2019-09-26 09:45:37,361 INFO  impl.RaftServerTestUtil (RaftServerTestUtil.java:waitAndCheckNewConf(66)) - checking CANDIDATE s0@group-907C491E3841:t2, leader=null, voted=s0, raftlog=s0@group-907C491E3841-SegmentedRaftLog:OPENED:c-1,f-1,i0, conf=-1: [s0:0.0.0.0:41447, s1:0.0.0.0:37575, s2:0.0.0.0:34063], old=null RUNNING
2019-09-26 09:45:37,361 WARN  impl.RaftServerTestUtil (JavaUtils.java:attempt(158)) - FAILED "waitAndCheckNewConf", attempt #1/10: java.lang.AssertionError, sleep 600ms and then retry.
java.lang.AssertionError
	at org.junit.Assert.fail(Assert.java:86)
	at org.junit.Assert.assertTrue(Assert.java:41)
	at org.junit.Assert.assertTrue(Assert.java:52)
	at org.apache.ratis.server.impl.RaftServerTestUtil.waitAndCheckNewConf(RaftServerTestUtil.java:76)
	at org.apache.ratis.server.impl.RaftServerTestUtil.lambda$waitAndCheckNewConf$1(RaftServerTestUtil.java:53)
	at org.apache.ratis.util.function.CheckedRunnable.lambda$asCheckedSupplier$0(CheckedRunnable.java:32)
	at org.apache.ratis.util.JavaUtils.attempt(JavaUtils.java:152)
	at org.apache.ratis.util.JavaUtils.attempt(JavaUtils.java:172)
	at org.apache.ratis.server.impl.RaftServerTestUtil.waitAndCheckNewConf(RaftServerTestUtil.java:53)
	at org.apache.ratis.server.impl.RaftReconfigurationBaseTest.lambda$testAddPeers$0(RaftReconfigurationBaseTest.java:87)
	at org.apache.ratis.MiniRaftCluster$Factory$Get.runWithNewCluster(MiniRaftCluster.java:125)
	at org.apache.ratis.MiniRaftCluster$Factory$Get.runWithNewCluster(MiniRaftCluster.java:113)
	at org.apache.ratis.server.impl.RaftReconfigurationBaseTest.testAddPeers(RaftReconfigurationBaseTest.java:77)
	at sun.reflect.NativeMethodAccessorImpl.invoke0(Native Method)
	at sun.reflect.NativeMethodAccessorImpl.invoke(NativeMethodAccessorImpl.java:62)
	at sun.reflect.DelegatingMethodAccessorImpl.invoke(DelegatingMethodAccessorImpl.java:43)
	at java.lang.reflect.Method.invoke(Method.java:498)
	at org.junit.runners.model.FrameworkMethod$1.runReflectiveCall(FrameworkMethod.java:50)
	at org.junit.internal.runners.model.ReflectiveCallable.run(ReflectiveCallable.java:12)
	at org.junit.runners.model.FrameworkMethod.invokeExplosively(FrameworkMethod.java:47)
	at org.junit.internal.runners.statements.InvokeMethod.evaluate(InvokeMethod.java:17)
	at org.junit.internal.runners.statements.RunAfters.evaluate(RunAfters.java:27)
	at org.junit.internal.runners.statements.FailOnTimeout$CallableStatement.call(FailOnTimeout.java:298)
	at org.junit.internal.runners.statements.FailOnTimeout$CallableStatement.call(FailOnTimeout.java:292)
	at java.util.concurrent.FutureTask.run(FutureTask.java:266)
	at java.lang.Thread.run(Thread.java:748)
2019-09-26 09:45:37,368 INFO  impl.LeaderElection (LeaderElection.java:logAndReturn(56)) - s0@group-907C491E3841-LeaderElection18: Election TIMEOUT; received 0 response(s) [] and 0 exception(s); s0@group-907C491E3841:t2, leader=null, voted=s0, raftlog=s0@group-907C491E3841-SegmentedRaftLog:OPENED:c-1,f-1,i0, conf=-1: [s0:0.0.0.0:41447, s1:0.0.0.0:37575, s2:0.0.0.0:34063], old=null
2019-09-26 09:45:37,373 DEBUG impl.RaftServerImpl (RaftServerImpl.java:logAppendEntries(850)) - s3@group-907C491E3841: succeeded to handle AppendEntries. Reply: s1<-s3#0:OK,SUCCESS,nextIndex:5,term:1,followerCommit:3
2019-09-26 09:45:37,374 INFO  impl.LeaderElection (LeaderElection.java:askForVotes(178)) - s0@group-907C491E3841-LeaderElection18: begin an election at term 3 for -1: [s0:0.0.0.0:41447, s1:0.0.0.0:37575, s2:0.0.0.0:34063], old=null
2019-09-26 09:45:37,655 INFO  impl.LeaderElection (LeaderElection.java:logAndReturn(56)) - s0@group-907C491E3841-LeaderElection18: Election TIMEOUT; received 0 response(s) [] and 0 exception(s); s0@group-907C491E3841:t3, leader=null, voted=s0, raftlog=s0@group-907C491E3841-SegmentedRaftLog:OPENED:c-1,f-1,i0, conf=-1: [s0:0.0.0.0:41447, s1:0.0.0.0:37575, s2:0.0.0.0:34063], old=null
2019-09-26 09:45:37,668 INFO  impl.LeaderElection (LeaderElection.java:askForVotes(178)) - s0@group-907C491E3841-LeaderElection18: begin an election at term 4 for -1: [s0:0.0.0.0:41447, s1:0.0.0.0:37575, s2:0.0.0.0:34063], old=null
2019-09-26 09:45:37,845 INFO  impl.LeaderElection (LeaderElection.java:logAndReturn(56)) - s0@group-907C491E3841-LeaderElection18: Election TIMEOUT; received 0 response(s) [] and 0 exception(s); s0@group-907C491E3841:t4, leader=null, voted=s0, raftlog=s0@group-907C491E3841-SegmentedRaftLog:OPENED:c-1,f-1,i0, conf=-1: [s0:0.0.0.0:41447, s1:0.0.0.0:37575, s2:0.0.0.0:34063], old=null
2019-09-26 09:45:37,858 INFO  impl.LeaderElection (LeaderElection.java:askForVotes(178)) - s0@group-907C491E3841-LeaderElection18: begin an election at term 5 for -1: [s0:0.0.0.0:41447, s1:0.0.0.0:37575, s2:0.0.0.0:34063], old=null
2019-09-26 09:45:37,962 INFO  impl.RaftServerTestUtil (RaftServerTestUtil.java:waitAndCheckNewConf(58)) - waitAndCheckNewConf: peers=[s3:0.0.0.0:45912, s4:0.0.0.0:39002, s0:0.0.0.0:41447, s1:0.0.0.0:37575, s2:0.0.0.0:34063], deadPeers=null, printing ALL groups
  s3:  RUNNING  FOLLOWER s3@group-907C491E3841:t1, leader=s1, voted=null, raftlog=s3@group-907C491E3841-SegmentedRaftLog:OPENED:c4,f4,i4, conf=3: [s3:0.0.0.0:45912, s4:0.0.0.0:39002, s0:0.0.0.0:41447, s1:0.0.0.0:37575, s2:0.0.0.0:34063], old=null RUNNING
  s4:  RUNNING  FOLLOWER s4@group-907C491E3841:t1, leader=s1, voted=null, raftlog=s4@group-907C491E3841-SegmentedRaftLog:OPENED:c4,f4,i4, conf=3: [s3:0.0.0.0:45912, s4:0.0.0.0:39002, s0:0.0.0.0:41447, s1:0.0.0.0:37575, s2:0.0.0.0:34063], old=null RUNNING
  s0:  RUNNING CANDIDATE s0@group-907C491E3841:t5, leader=null, voted=s0, raftlog=s0@group-907C491E3841-SegmentedRaftLog:OPENED:c-1,f-1,i0, conf=-1: [s0:0.0.0.0:41447, s1:0.0.0.0:37575, s2:0.0.0.0:34063], old=null RUNNING
  s1:  RUNNING    LEADER s1@group-907C491E3841:t1, leader=s1, voted=s1, raftlog=s1@group-907C491E3841-SegmentedRaftLog:OPENED:c4,f4,i4, conf=3: [s3:0.0.0.0:45912, s4:0.0.0.0:39002, s0:0.0.0.0:41447, s1:0.0.0.0:37575, s2:0.0.0.0:34063], old=null RUNNING
  s2:  RUNNING  FOLLOWER s2@group-907C491E3841:t1, leader=s1, voted=s1, raftlog=s2@group-907C491E3841-SegmentedRaftLog:OPENED:c4,f4,i4, conf=3: [s3:0.0.0.0:45912, s4:0.0.0.0:39002, s0:0.0.0.0:41447, s1:0.0.0.0:37575, s2:0.0.0.0:34063], old=null RUNNING
2019-09-26 09:45:37,963 INFO  impl.RaftServerTestUtil (RaftServerTestUtil.java:waitAndCheckNewConf(66)) - checking  FOLLOWER s3@group-907C491E3841:t1, leader=s1, voted=null, raftlog=s3@group-907C491E3841-SegmentedRaftLog:OPENED:c4,f4,i4, conf=3: [s3:0.0.0.0:45912, s4:0.0.0.0:39002, s0:0.0.0.0:41447, s1:0.0.0.0:37575, s2:0.0.0.0:34063], old=null RUNNING
2019-09-26 09:45:37,963 INFO  impl.RaftServerTestUtil (RaftServerTestUtil.java:waitAndCheckNewConf(66)) - checking  FOLLOWER s4@group-907C491E3841:t1, leader=s1, voted=null, raftlog=s4@group-907C491E3841-SegmentedRaftLog:OPENED:c4,f4,i4, conf=3: [s3:0.0.0.0:45912, s4:0.0.0.0:39002, s0:0.0.0.0:41447, s1:0.0.0.0:37575, s2:0.0.0.0:34063], old=null RUNNING
2019-09-26 09:45:37,964 INFO  impl.RaftServerTestUtil (RaftServerTestUtil.java:waitAndCheckNewConf(66)) - checking CANDIDATE s0@group-907C491E3841:t5, leader=null, voted=s0, raftlog=s0@group-907C491E3841-SegmentedRaftLog:OPENED:c-1,f-1,i0, conf=-1: [s0:0.0.0.0:41447, s1:0.0.0.0:37575, s2:0.0.0.0:34063], old=null RUNNING
2019-09-26 09:45:37,964 WARN  impl.RaftServerTestUtil (JavaUtils.java:attempt(158)) - FAILED "waitAndCheckNewConf", attempt #2/10: java.lang.AssertionError, sleep 600ms and then retry.
java.lang.AssertionError
	at org.junit.Assert.fail(Assert.java:86)
	at org.junit.Assert.assertTrue(Assert.java:41)
	at org.junit.Assert.assertTrue(Assert.java:52)
	at org.apache.ratis.server.impl.RaftServerTestUtil.waitAndCheckNewConf(RaftServerTestUtil.java:76)
	at org.apache.ratis.server.impl.RaftServerTestUtil.lambda$waitAndCheckNewConf$1(RaftServerTestUtil.java:53)
	at org.apache.ratis.util.function.CheckedRunnable.lambda$asCheckedSupplier$0(CheckedRunnable.java:32)
	at org.apache.ratis.util.JavaUtils.attempt(JavaUtils.java:152)
	at org.apache.ratis.util.JavaUtils.attempt(JavaUtils.java:172)
	at org.apache.ratis.server.impl.RaftServerTestUtil.waitAndCheckNewConf(RaftServerTestUtil.java:53)
	at org.apache.ratis.server.impl.RaftReconfigurationBaseTest.lambda$testAddPeers$0(RaftReconfigurationBaseTest.java:87)
	at org.apache.ratis.MiniRaftCluster$Factory$Get.runWithNewCluster(MiniRaftCluster.java:125)
	at org.apache.ratis.MiniRaftCluster$Factory$Get.runWithNewCluster(MiniRaftCluster.java:113)
	at org.apache.ratis.server.impl.RaftReconfigurationBaseTest.testAddPeers(RaftReconfigurationBaseTest.java:77)
	at sun.reflect.NativeMethodAccessorImpl.invoke0(Native Method)
	at sun.reflect.NativeMethodAccessorImpl.invoke(NativeMethodAccessorImpl.java:62)
	at sun.reflect.DelegatingMethodAccessorImpl.invoke(DelegatingMethodAccessorImpl.java:43)
	at java.lang.reflect.Method.invoke(Method.java:498)
	at org.junit.runners.model.FrameworkMethod$1.runReflectiveCall(FrameworkMethod.java:50)
	at org.junit.internal.runners.model.ReflectiveCallable.run(ReflectiveCallable.java:12)
	at org.junit.runners.model.FrameworkMethod.invokeExplosively(FrameworkMethod.java:47)
	at org.junit.internal.runners.statements.InvokeMethod.evaluate(InvokeMethod.java:17)
	at org.junit.internal.runners.statements.RunAfters.evaluate(RunAfters.java:27)
	at org.junit.internal.runners.statements.FailOnTimeout$CallableStatement.call(FailOnTimeout.java:298)
	at org.junit.internal.runners.statements.FailOnTimeout$CallableStatement.call(FailOnTimeout.java:292)
	at java.util.concurrent.FutureTask.run(FutureTask.java:266)
	at java.lang.Thread.run(Thread.java:748)
2019-09-26 09:45:38,020 INFO  impl.LeaderElection (LeaderElection.java:logAndReturn(56)) - s0@group-907C491E3841-LeaderElection18: Election TIMEOUT; received 0 response(s) [] and 0 exception(s); s0@group-907C491E3841:t5, leader=null, voted=s0, raftlog=s0@group-907C491E3841-SegmentedRaftLog:OPENED:c-1,f-1,i0, conf=-1: [s0:0.0.0.0:41447, s1:0.0.0.0:37575, s2:0.0.0.0:34063], old=null
2019-09-26 09:45:38,035 INFO  impl.LeaderElection (LeaderElection.java:askForVotes(178)) - s0@group-907C491E3841-LeaderElection18: begin an election at term 6 for -1: [s0:0.0.0.0:41447, s1:0.0.0.0:37575, s2:0.0.0.0:34063], old=null
2019-09-26 09:45:38,284 INFO  impl.LeaderElection (LeaderElection.java:logAndReturn(56)) - s0@group-907C491E3841-LeaderElection18: Election TIMEOUT; received 0 response(s) [] and 0 exception(s); s0@group-907C491E3841:t6, leader=null, voted=s0, raftlog=s0@group-907C491E3841-SegmentedRaftLog:OPENED:c-1,f-1,i0, conf=-1: [s0:0.0.0.0:41447, s1:0.0.0.0:37575, s2:0.0.0.0:34063], old=null
2019-09-26 09:45:38,298 INFO  impl.LeaderElection (LeaderElection.java:askForVotes(178)) - s0@group-907C491E3841-LeaderElection18: begin an election at term 7 for -1: [s0:0.0.0.0:41447, s1:0.0.0.0:37575, s2:0.0.0.0:34063], old=null
2019-09-26 09:45:38,488 INFO  impl.LeaderElection (LeaderElection.java:logAndReturn(56)) - s0@group-907C491E3841-LeaderElection18: Election TIMEOUT; received 0 response(s) [] and 0 exception(s); s0@group-907C491E3841:t7, leader=null, voted=s0, raftlog=s0@group-907C491E3841-SegmentedRaftLog:OPENED:c-1,f-1,i0, conf=-1: [s0:0.0.0.0:41447, s1:0.0.0.0:37575, s2:0.0.0.0:34063], old=null
2019-09-26 09:45:38,502 INFO  impl.LeaderElection (LeaderElection.java:askForVotes(178)) - s0@group-907C491E3841-LeaderElection18: begin an election at term 8 for -1: [s0:0.0.0.0:41447, s1:0.0.0.0:37575, s2:0.0.0.0:34063], old=null
2019-09-26 09:45:38,565 INFO  impl.RaftServerTestUtil (RaftServerTestUtil.java:waitAndCheckNewConf(58)) - waitAndCheckNewConf: peers=[s3:0.0.0.0:45912, s4:0.0.0.0:39002, s0:0.0.0.0:41447, s1:0.0.0.0:37575, s2:0.0.0.0:34063], deadPeers=null, printing ALL groups
  s3:  RUNNING  FOLLOWER s3@group-907C491E3841:t1, leader=s1, voted=null, raftlog=s3@group-907C491E3841-SegmentedRaftLog:OPENED:c4,f4,i4, conf=3: [s3:0.0.0.0:45912, s4:0.0.0.0:39002, s0:0.0.0.0:41447, s1:0.0.0.0:37575, s2:0.0.0.0:34063], old=null RUNNING
  s4:  RUNNING  FOLLOWER s4@group-907C491E3841:t1, leader=s1, voted=null, raftlog=s4@group-907C491E3841-SegmentedRaftLog:OPENED:c4,f4,i4, conf=3: [s3:0.0.0.0:45912, s4:0.0.0.0:39002, s0:0.0.0.0:41447, s1:0.0.0.0:37575, s2:0.0.0.0:34063], old=null RUNNING
  s0:  RUNNING CANDIDATE s0@group-907C491E3841:t8, leader=null, voted=s0, raftlog=s0@group-907C491E3841-SegmentedRaftLog:OPENED:c-1,f-1,i0, conf=-1: [s0:0.0.0.0:41447, s1:0.0.0.0:37575, s2:0.0.0.0:34063], old=null RUNNING
  s1:  RUNNING    LEADER s1@group-907C491E3841:t1, leader=s1, voted=s1, raftlog=s1@group-907C491E3841-SegmentedRaftLog:OPENED:c4,f4,i4, conf=3: [s3:0.0.0.0:45912, s4:0.0.0.0:39002, s0:0.0.0.0:41447, s1:0.0.0.0:37575, s2:0.0.0.0:34063], old=null RUNNING
  s2:  RUNNING  FOLLOWER s2@group-907C491E3841:t1, leader=s1, voted=s1, raftlog=s2@group-907C491E3841-SegmentedRaftLog:OPENED:c4,f4,i4, conf=3: [s3:0.0.0.0:45912, s4:0.0.0.0:39002, s0:0.0.0.0:41447, s1:0.0.0.0:37575, s2:0.0.0.0:34063], old=null RUNNING
2019-09-26 09:45:38,566 INFO  impl.RaftServerTestUtil (RaftServerTestUtil.java:waitAndCheckNewConf(66)) - checking  FOLLOWER s3@group-907C491E3841:t1, leader=s1, voted=null, raftlog=s3@group-907C491E3841-SegmentedRaftLog:OPENED:c4,f4,i4, conf=3: [s3:0.0.0.0:45912, s4:0.0.0.0:39002, s0:0.0.0.0:41447, s1:0.0.0.0:37575, s2:0.0.0.0:34063], old=null RUNNING
2019-09-26 09:45:38,566 INFO  impl.RaftServerTestUtil (RaftServerTestUtil.java:waitAndCheckNewConf(66)) - checking  FOLLOWER s4@group-907C491E3841:t1, leader=s1, voted=null, raftlog=s4@group-907C491E3841-SegmentedRaftLog:OPENED:c4,f4,i4, conf=3: [s3:0.0.0.0:45912, s4:0.0.0.0:39002, s0:0.0.0.0:41447, s1:0.0.0.0:37575, s2:0.0.0.0:34063], old=null RUNNING
2019-09-26 09:45:38,566 INFO  impl.RaftServerTestUtil (RaftServerTestUtil.java:waitAndCheckNewConf(66)) - checking CANDIDATE s0@group-907C491E3841:t8, leader=null, voted=s0, raftlog=s0@group-907C491E3841-SegmentedRaftLog:OPENED:c-1,f-1,i0, conf=-1: [s0:0.0.0.0:41447, s1:0.0.0.0:37575, s2:0.0.0.0:34063], old=null RUNNING
2019-09-26 09:45:38,567 WARN  impl.RaftServerTestUtil (JavaUtils.java:attempt(158)) - FAILED "waitAndCheckNewConf", attempt #3/10: java.lang.AssertionError, sleep 600ms and then retry.
java.lang.AssertionError
	at org.junit.Assert.fail(Assert.java:86)
	at org.junit.Assert.assertTrue(Assert.java:41)
	at org.junit.Assert.assertTrue(Assert.java:52)
	at org.apache.ratis.server.impl.RaftServerTestUtil.waitAndCheckNewConf(RaftServerTestUtil.java:76)
	at org.apache.ratis.server.impl.RaftServerTestUtil.lambda$waitAndCheckNewConf$1(RaftServerTestUtil.java:53)
	at org.apache.ratis.util.function.CheckedRunnable.lambda$asCheckedSupplier$0(CheckedRunnable.java:32)
	at org.apache.ratis.util.JavaUtils.attempt(JavaUtils.java:152)
	at org.apache.ratis.util.JavaUtils.attempt(JavaUtils.java:172)
	at org.apache.ratis.server.impl.RaftServerTestUtil.waitAndCheckNewConf(RaftServerTestUtil.java:53)
	at org.apache.ratis.server.impl.RaftReconfigurationBaseTest.lambda$testAddPeers$0(RaftReconfigurationBaseTest.java:87)
	at org.apache.ratis.MiniRaftCluster$Factory$Get.runWithNewCluster(MiniRaftCluster.java:125)
	at org.apache.ratis.MiniRaftCluster$Factory$Get.runWithNewCluster(MiniRaftCluster.java:113)
	at org.apache.ratis.server.impl.RaftReconfigurationBaseTest.testAddPeers(RaftReconfigurationBaseTest.java:77)
	at sun.reflect.NativeMethodAccessorImpl.invoke0(Native Method)
	at sun.reflect.NativeMethodAccessorImpl.invoke(NativeMethodAccessorImpl.java:62)
	at sun.reflect.DelegatingMethodAccessorImpl.invoke(DelegatingMethodAccessorImpl.java:43)
	at java.lang.reflect.Method.invoke(Method.java:498)
	at org.junit.runners.model.FrameworkMethod$1.runReflectiveCall(FrameworkMethod.java:50)
	at org.junit.internal.runners.model.ReflectiveCallable.run(ReflectiveCallable.java:12)
	at org.junit.runners.model.FrameworkMethod.invokeExplosively(FrameworkMethod.java:47)
	at org.junit.internal.runners.statements.InvokeMethod.evaluate(InvokeMethod.java:17)
	at org.junit.internal.runners.statements.RunAfters.evaluate(RunAfters.java:27)
	at org.junit.internal.runners.statements.FailOnTimeout$CallableStatement.call(FailOnTimeout.java:298)
	at org.junit.internal.runners.statements.FailOnTimeout$CallableStatement.call(FailOnTimeout.java:292)
	at java.util.concurrent.FutureTask.run(FutureTask.java:266)
	at java.lang.Thread.run(Thread.java:748)
2019-09-26 09:45:38,724 INFO  impl.LeaderElection (LeaderElection.java:logAndReturn(56)) - s0@group-907C491E3841-LeaderElection18: Election TIMEOUT; received 0 response(s) [] and 0 exception(s); s0@group-907C491E3841:t8, leader=null, voted=s0, raftlog=s0@group-907C491E3841-SegmentedRaftLog:OPENED:c-1,f-1,i0, conf=-1: [s0:0.0.0.0:41447, s1:0.0.0.0:37575, s2:0.0.0.0:34063], old=null
2019-09-26 09:45:38,738 INFO  impl.LeaderElection (LeaderElection.java:askForVotes(178)) - s0@group-907C491E3841-LeaderElection18: begin an election at term 9 for -1: [s0:0.0.0.0:41447, s1:0.0.0.0:37575, s2:0.0.0.0:34063], old=null
2019-09-26 09:45:38,958 INFO  impl.LeaderElection (LeaderElection.java:logAndReturn(56)) - s0@group-907C491E3841-LeaderElection18: Election TIMEOUT; received 0 response(s) [] and 0 exception(s); s0@group-907C491E3841:t9, leader=null, voted=s0, raftlog=s0@group-907C491E3841-SegmentedRaftLog:OPENED:c-1,f-1,i0, conf=-1: [s0:0.0.0.0:41447, s1:0.0.0.0:37575, s2:0.0.0.0:34063], old=null
2019-09-26 09:45:38,971 INFO  impl.LeaderElection (LeaderElection.java:askForVotes(178)) - s0@group-907C491E3841-LeaderElection18: begin an election at term 10 for -1: [s0:0.0.0.0:41447, s1:0.0.0.0:37575, s2:0.0.0.0:34063], old=null
2019-09-26 09:45:39,167 INFO  impl.LeaderElection (LeaderElection.java:logAndReturn(56)) - s0@group-907C491E3841-LeaderElection18: Election TIMEOUT; received 0 response(s) [] and 0 exception(s); s0@group-907C491E3841:t10, leader=null, voted=s0, raftlog=s0@group-907C491E3841-SegmentedRaftLog:OPENED:c-1,f-1,i0, conf=-1: [s0:0.0.0.0:41447, s1:0.0.0.0:37575, s2:0.0.0.0:34063], old=null
2019-09-26 09:45:39,168 INFO  impl.RaftServerTestUtil (RaftServerTestUtil.java:waitAndCheckNewConf(58)) - waitAndCheckNewConf: peers=[s3:0.0.0.0:45912, s4:0.0.0.0:39002, s0:0.0.0.0:41447, s1:0.0.0.0:37575, s2:0.0.0.0:34063], deadPeers=null, printing ALL groups
  s3:  RUNNING  FOLLOWER s3@group-907C491E3841:t1, leader=s1, voted=null, raftlog=s3@group-907C491E3841-SegmentedRaftLog:OPENED:c4,f4,i4, conf=3: [s3:0.0.0.0:45912, s4:0.0.0.0:39002, s0:0.0.0.0:41447, s1:0.0.0.0:37575, s2:0.0.0.0:34063], old=null RUNNING
  s4:  RUNNING  FOLLOWER s4@group-907C491E3841:t1, leader=s1, voted=null, raftlog=s4@group-907C491E3841-SegmentedRaftLog:OPENED:c4,f4,i4, conf=3: [s3:0.0.0.0:45912, s4:0.0.0.0:39002, s0:0.0.0.0:41447, s1:0.0.0.0:37575, s2:0.0.0.0:34063], old=null RUNNING
  s0:  RUNNING CANDIDATE s0@group-907C491E3841:t11, leader=null, voted=s0, raftlog=s0@group-907C491E3841-SegmentedRaftLog:OPENED:c-1,f-1,i0, conf=-1: [s0:0.0.0.0:41447, s1:0.0.0.0:37575, s2:0.0.0.0:34063], old=null RUNNING
  s1:  RUNNING    LEADER s1@group-907C491E3841:t1, leader=s1, voted=s1, raftlog=s1@group-907C491E3841-SegmentedRaftLog:OPENED:c4,f4,i4, conf=3: [s3:0.0.0.0:45912, s4:0.0.0.0:39002, s0:0.0.0.0:41447, s1:0.0.0.0:37575, s2:0.0.0.0:34063], old=null RUNNING
  s2:  RUNNING  FOLLOWER s2@group-907C491E3841:t1, leader=s1, voted=s1, raftlog=s2@group-907C491E3841-SegmentedRaftLog:OPENED:c4,f4,i4, conf=3: [s3:0.0.0.0:45912, s4:0.0.0.0:39002, s0:0.0.0.0:41447, s1:0.0.0.0:37575, s2:0.0.0.0:34063], old=null RUNNING
2019-09-26 09:45:39,169 INFO  impl.RaftServerTestUtil (RaftServerTestUtil.java:waitAndCheckNewConf(66)) - checking  FOLLOWER s3@group-907C491E3841:t1, leader=s1, voted=null, raftlog=s3@group-907C491E3841-SegmentedRaftLog:OPENED:c4,f4,i4, conf=3: [s3:0.0.0.0:45912, s4:0.0.0.0:39002, s0:0.0.0.0:41447, s1:0.0.0.0:37575, s2:0.0.0.0:34063], old=null RUNNING
2019-09-26 09:45:39,169 INFO  impl.RaftServerTestUtil (RaftServerTestUtil.java:waitAndCheckNewConf(66)) - checking  FOLLOWER s4@group-907C491E3841:t1, leader=s1, voted=null, raftlog=s4@group-907C491E3841-SegmentedRaftLog:OPENED:c4,f4,i4, conf=3: [s3:0.0.0.0:45912, s4:0.0.0.0:39002, s0:0.0.0.0:41447, s1:0.0.0.0:37575, s2:0.0.0.0:34063], old=null RUNNING
2019-09-26 09:45:39,169 INFO  impl.RaftServerTestUtil (RaftServerTestUtil.java:waitAndCheckNewConf(66)) - checking CANDIDATE s0@group-907C491E3841:t11, leader=null, voted=s0, raftlog=s0@group-907C491E3841-SegmentedRaftLog:OPENED:c-1,f-1,i0, conf=-1: [s0:0.0.0.0:41447, s1:0.0.0.0:37575, s2:0.0.0.0:34063], old=null RUNNING
2019-09-26 09:45:39,169 WARN  impl.RaftServerTestUtil (JavaUtils.java:attempt(158)) - FAILED "waitAndCheckNewConf", attempt #4/10: java.lang.AssertionError, sleep 600ms and then retry.
java.lang.AssertionError
	at org.junit.Assert.fail(Assert.java:86)
	at org.junit.Assert.assertTrue(Assert.java:41)
	at org.junit.Assert.assertTrue(Assert.java:52)
	at org.apache.ratis.server.impl.RaftServerTestUtil.waitAndCheckNewConf(RaftServerTestUtil.java:76)
	at org.apache.ratis.server.impl.RaftServerTestUtil.lambda$waitAndCheckNewConf$1(RaftServerTestUtil.java:53)
	at org.apache.ratis.util.function.CheckedRunnable.lambda$asCheckedSupplier$0(CheckedRunnable.java:32)
	at org.apache.ratis.util.JavaUtils.attempt(JavaUtils.java:152)
	at org.apache.ratis.util.JavaUtils.attempt(JavaUtils.java:172)
	at org.apache.ratis.server.impl.RaftServerTestUtil.waitAndCheckNewConf(RaftServerTestUtil.java:53)
	at org.apache.ratis.server.impl.RaftReconfigurationBaseTest.lambda$testAddPeers$0(RaftReconfigurationBaseTest.java:87)
	at org.apache.ratis.MiniRaftCluster$Factory$Get.runWithNewCluster(MiniRaftCluster.java:125)
	at org.apache.ratis.MiniRaftCluster$Factory$Get.runWithNewCluster(MiniRaftCluster.java:113)
	at org.apache.ratis.server.impl.RaftReconfigurationBaseTest.testAddPeers(RaftReconfigurationBaseTest.java:77)
	at sun.reflect.NativeMethodAccessorImpl.invoke0(Native Method)
	at sun.reflect.NativeMethodAccessorImpl.invoke(NativeMethodAccessorImpl.java:62)
	at sun.reflect.DelegatingMethodAccessorImpl.invoke(DelegatingMethodAccessorImpl.java:43)
	at java.lang.reflect.Method.invoke(Method.java:498)
	at org.junit.runners.model.FrameworkMethod$1.runReflectiveCall(FrameworkMethod.java:50)
	at org.junit.internal.runners.model.ReflectiveCallable.run(ReflectiveCallable.java:12)
	at org.junit.runners.model.FrameworkMethod.invokeExplosively(FrameworkMethod.java:47)
	at org.junit.internal.runners.statements.InvokeMethod.evaluate(InvokeMethod.java:17)
	at org.junit.internal.runners.statements.RunAfters.evaluate(RunAfters.java:27)
	at org.junit.internal.runners.statements.FailOnTimeout$CallableStatement.call(FailOnTimeout.java:298)
	at org.junit.internal.runners.statements.FailOnTimeout$CallableStatement.call(FailOnTimeout.java:292)
	at java.util.concurrent.FutureTask.run(FutureTask.java:266)
	at java.lang.Thread.run(Thread.java:748)
2019-09-26 09:45:39,180 INFO  impl.LeaderElection (LeaderElection.java:askForVotes(178)) - s0@group-907C491E3841-LeaderElection18: begin an election at term 11 for -1: [s0:0.0.0.0:41447, s1:0.0.0.0:37575, s2:0.0.0.0:34063], old=null
2019-09-26 09:45:39,351 INFO  impl.LeaderElection (LeaderElection.java:logAndReturn(56)) - s0@group-907C491E3841-LeaderElection18: Election TIMEOUT; received 0 response(s) [] and 0 exception(s); s0@group-907C491E3841:t11, leader=null, voted=s0, raftlog=s0@group-907C491E3841-SegmentedRaftLog:OPENED:c-1,f-1,i0, conf=-1: [s0:0.0.0.0:41447, s1:0.0.0.0:37575, s2:0.0.0.0:34063], old=null
2019-09-26 09:45:39,365 INFO  impl.LeaderElection (LeaderElection.java:askForVotes(178)) - s0@group-907C491E3841-LeaderElection18: begin an election at term 12 for -1: [s0:0.0.0.0:41447, s1:0.0.0.0:37575, s2:0.0.0.0:34063], old=null
2019-09-26 09:45:39,569 INFO  impl.LeaderElection (LeaderElection.java:logAndReturn(56)) - s0@group-907C491E3841-LeaderElection18: Election TIMEOUT; received 0 response(s) [] and 0 exception(s); s0@group-907C491E3841:t12, leader=null, voted=s0, raftlog=s0@group-907C491E3841-SegmentedRaftLog:OPENED:c-1,f-1,i0, conf=-1: [s0:0.0.0.0:41447, s1:0.0.0.0:37575, s2:0.0.0.0:34063], old=null
2019-09-26 09:45:39,588 INFO  impl.LeaderElection (LeaderElection.java:askForVotes(178)) - s0@group-907C491E3841-LeaderElection18: begin an election at term 13 for -1: [s0:0.0.0.0:41447, s1:0.0.0.0:37575, s2:0.0.0.0:34063], old=null
2019-09-26 09:45:39,745 INFO  impl.LeaderElection (LeaderElection.java:logAndReturn(56)) - s0@group-907C491E3841-LeaderElection18: Election TIMEOUT; received 0 response(s) [] and 0 exception(s); s0@group-907C491E3841:t13, leader=null, voted=s0, raftlog=s0@group-907C491E3841-SegmentedRaftLog:OPENED:c-1,f-1,i0, conf=-1: [s0:0.0.0.0:41447, s1:0.0.0.0:37575, s2:0.0.0.0:34063], old=null
2019-09-26 09:45:39,757 INFO  impl.LeaderElection (LeaderElection.java:askForVotes(178)) - s0@group-907C491E3841-LeaderElection18: begin an election at term 14 for -1: [s0:0.0.0.0:41447, s1:0.0.0.0:37575, s2:0.0.0.0:34063], old=null
2019-09-26 09:45:39,771 INFO  impl.RaftServerTestUtil (RaftServerTestUtil.java:waitAndCheckNewConf(58)) - waitAndCheckNewConf: peers=[s3:0.0.0.0:45912, s4:0.0.0.0:39002, s0:0.0.0.0:41447, s1:0.0.0.0:37575, s2:0.0.0.0:34063], deadPeers=null, printing ALL groups
  s3:  RUNNING  FOLLOWER s3@group-907C491E3841:t1, leader=s1, voted=null, raftlog=s3@group-907C491E3841-SegmentedRaftLog:OPENED:c4,f4,i4, conf=3: [s3:0.0.0.0:45912, s4:0.0.0.0:39002, s0:0.0.0.0:41447, s1:0.0.0.0:37575, s2:0.0.0.0:34063], old=null RUNNING
  s4:  RUNNING  FOLLOWER s4@group-907C491E3841:t1, leader=s1, voted=null, raftlog=s4@group-907C491E3841-SegmentedRaftLog:OPENED:c4,f4,i4, conf=3: [s3:0.0.0.0:45912, s4:0.0.0.0:39002, s0:0.0.0.0:41447, s1:0.0.0.0:37575, s2:0.0.0.0:34063], old=null RUNNING
  s0:  RUNNING CANDIDATE s0@group-907C491E3841:t14, leader=null, voted=s0, raftlog=s0@group-907C491E3841-SegmentedRaftLog:OPENED:c-1,f-1,i0, conf=-1: [s0:0.0.0.0:41447, s1:0.0.0.0:37575, s2:0.0.0.0:34063], old=null RUNNING
  s1:  RUNNING    LEADER s1@group-907C491E3841:t1, leader=s1, voted=s1, raftlog=s1@group-907C491E3841-SegmentedRaftLog:OPENED:c4,f4,i4, conf=3: [s3:0.0.0.0:45912, s4:0.0.0.0:39002, s0:0.0.0.0:41447, s1:0.0.0.0:37575, s2:0.0.0.0:34063], old=null RUNNING
  s2:  RUNNING  FOLLOWER s2@group-907C491E3841:t1, leader=s1, voted=s1, raftlog=s2@group-907C491E3841-SegmentedRaftLog:OPENED:c4,f4,i4, conf=3: [s3:0.0.0.0:45912, s4:0.0.0.0:39002, s0:0.0.0.0:41447, s1:0.0.0.0:37575, s2:0.0.0.0:34063], old=null RUNNING
2019-09-26 09:45:39,771 INFO  impl.RaftServerTestUtil (RaftServerTestUtil.java:waitAndCheckNewConf(66)) - checking  FOLLOWER s3@group-907C491E3841:t1, leader=s1, voted=null, raftlog=s3@group-907C491E3841-SegmentedRaftLog:OPENED:c4,f4,i4, conf=3: [s3:0.0.0.0:45912, s4:0.0.0.0:39002, s0:0.0.0.0:41447, s1:0.0.0.0:37575, s2:0.0.0.0:34063], old=null RUNNING
2019-09-26 09:45:39,772 INFO  impl.RaftServerTestUtil (RaftServerTestUtil.java:waitAndCheckNewConf(66)) - checking  FOLLOWER s4@group-907C491E3841:t1, leader=s1, voted=null, raftlog=s4@group-907C491E3841-SegmentedRaftLog:OPENED:c4,f4,i4, conf=3: [s3:0.0.0.0:45912, s4:0.0.0.0:39002, s0:0.0.0.0:41447, s1:0.0.0.0:37575, s2:0.0.0.0:34063], old=null RUNNING
2019-09-26 09:45:39,772 INFO  impl.RaftServerTestUtil (RaftServerTestUtil.java:waitAndCheckNewConf(66)) - checking CANDIDATE s0@group-907C491E3841:t14, leader=null, voted=s0, raftlog=s0@group-907C491E3841-SegmentedRaftLog:OPENED:c-1,f-1,i0, conf=-1: [s0:0.0.0.0:41447, s1:0.0.0.0:37575, s2:0.0.0.0:34063], old=null RUNNING
2019-09-26 09:45:39,772 WARN  impl.RaftServerTestUtil (JavaUtils.java:attempt(158)) - FAILED "waitAndCheckNewConf", attempt #5/10: java.lang.AssertionError, sleep 600ms and then retry.
java.lang.AssertionError
	at org.junit.Assert.fail(Assert.java:86)
	at org.junit.Assert.assertTrue(Assert.java:41)
	at org.junit.Assert.assertTrue(Assert.java:52)
	at org.apache.ratis.server.impl.RaftServerTestUtil.waitAndCheckNewConf(RaftServerTestUtil.java:76)
	at org.apache.ratis.server.impl.RaftServerTestUtil.lambda$waitAndCheckNewConf$1(RaftServerTestUtil.java:53)
	at org.apache.ratis.util.function.CheckedRunnable.lambda$asCheckedSupplier$0(CheckedRunnable.java:32)
	at org.apache.ratis.util.JavaUtils.attempt(JavaUtils.java:152)
	at org.apache.ratis.util.JavaUtils.attempt(JavaUtils.java:172)
	at org.apache.ratis.server.impl.RaftServerTestUtil.waitAndCheckNewConf(RaftServerTestUtil.java:53)
	at org.apache.ratis.server.impl.RaftReconfigurationBaseTest.lambda$testAddPeers$0(RaftReconfigurationBaseTest.java:87)
	at org.apache.ratis.MiniRaftCluster$Factory$Get.runWithNewCluster(MiniRaftCluster.java:125)
	at org.apache.ratis.MiniRaftCluster$Factory$Get.runWithNewCluster(MiniRaftCluster.java:113)
	at org.apache.ratis.server.impl.RaftReconfigurationBaseTest.testAddPeers(RaftReconfigurationBaseTest.java:77)
	at sun.reflect.NativeMethodAccessorImpl.invoke0(Native Method)
	at sun.reflect.NativeMethodAccessorImpl.invoke(NativeMethodAccessorImpl.java:62)
	at sun.reflect.DelegatingMethodAccessorImpl.invoke(DelegatingMethodAccessorImpl.java:43)
	at java.lang.reflect.Method.invoke(Method.java:498)
	at org.junit.runners.model.FrameworkMethod$1.runReflectiveCall(FrameworkMethod.java:50)
	at org.junit.internal.runners.model.ReflectiveCallable.run(ReflectiveCallable.java:12)
	at org.junit.runners.model.FrameworkMethod.invokeExplosively(FrameworkMethod.java:47)
	at org.junit.internal.runners.statements.InvokeMethod.evaluate(InvokeMethod.java:17)
	at org.junit.internal.runners.statements.RunAfters.evaluate(RunAfters.java:27)
	at org.junit.internal.runners.statements.FailOnTimeout$CallableStatement.call(FailOnTimeout.java:298)
	at org.junit.internal.runners.statements.FailOnTimeout$CallableStatement.call(FailOnTimeout.java:292)
	at java.util.concurrent.FutureTask.run(FutureTask.java:266)
	at java.lang.Thread.run(Thread.java:748)
2019-09-26 09:45:39,968 INFO  impl.LeaderElection (LeaderElection.java:logAndReturn(56)) - s0@group-907C491E3841-LeaderElection18: Election TIMEOUT; received 0 response(s) [] and 0 exception(s); s0@group-907C491E3841:t14, leader=null, voted=s0, raftlog=s0@group-907C491E3841-SegmentedRaftLog:OPENED:c-1,f-1,i0, conf=-1: [s0:0.0.0.0:41447, s1:0.0.0.0:37575, s2:0.0.0.0:34063], old=null
2019-09-26 09:45:39,986 INFO  impl.LeaderElection (LeaderElection.java:askForVotes(178)) - s0@group-907C491E3841-LeaderElection18: begin an election at term 15 for -1: [s0:0.0.0.0:41447, s1:0.0.0.0:37575, s2:0.0.0.0:34063], old=null
2019-09-26 09:45:40,189 INFO  impl.LeaderElection (LeaderElection.java:logAndReturn(56)) - s0@group-907C491E3841-LeaderElection18: Election TIMEOUT; received 0 response(s) [] and 0 exception(s); s0@group-907C491E3841:t15, leader=null, voted=s0, raftlog=s0@group-907C491E3841-SegmentedRaftLog:OPENED:c-1,f-1,i0, conf=-1: [s0:0.0.0.0:41447, s1:0.0.0.0:37575, s2:0.0.0.0:34063], old=null
2019-09-26 09:45:40,202 INFO  impl.LeaderElection (LeaderElection.java:askForVotes(178)) - s0@group-907C491E3841-LeaderElection18: begin an election at term 16 for -1: [s0:0.0.0.0:41447, s1:0.0.0.0:37575, s2:0.0.0.0:34063], old=null
2019-09-26 09:45:40,374 INFO  impl.RaftServerTestUtil (RaftServerTestUtil.java:waitAndCheckNewConf(58)) - waitAndCheckNewConf: peers=[s3:0.0.0.0:45912, s4:0.0.0.0:39002, s0:0.0.0.0:41447, s1:0.0.0.0:37575, s2:0.0.0.0:34063], deadPeers=null, printing ALL groups
  s3:  RUNNING  FOLLOWER s3@group-907C491E3841:t1, leader=s1, voted=null, raftlog=s3@group-907C491E3841-SegmentedRaftLog:OPENED:c4,f4,i4, conf=3: [s3:0.0.0.0:45912, s4:0.0.0.0:39002, s0:0.0.0.0:41447, s1:0.0.0.0:37575, s2:0.0.0.0:34063], old=null RUNNING
  s4:  RUNNING  FOLLOWER s4@group-907C491E3841:t1, leader=s1, voted=null, raftlog=s4@group-907C491E3841-SegmentedRaftLog:OPENED:c4,f4,i4, conf=3: [s3:0.0.0.0:45912, s4:0.0.0.0:39002, s0:0.0.0.0:41447, s1:0.0.0.0:37575, s2:0.0.0.0:34063], old=null RUNNING
  s0:  RUNNING CANDIDATE s0@group-907C491E3841:t16, leader=null, voted=s0, raftlog=s0@group-907C491E3841-SegmentedRaftLog:OPENED:c-1,f-1,i0, conf=-1: [s0:0.0.0.0:41447, s1:0.0.0.0:37575, s2:0.0.0.0:34063], old=null RUNNING
  s1:  RUNNING    LEADER s1@group-907C491E3841:t1, leader=s1, voted=s1, raftlog=s1@group-907C491E3841-SegmentedRaftLog:OPENED:c4,f4,i4, conf=3: [s3:0.0.0.0:45912, s4:0.0.0.0:39002, s0:0.0.0.0:41447, s1:0.0.0.0:37575, s2:0.0.0.0:34063], old=null RUNNING
  s2:  RUNNING  FOLLOWER s2@group-907C491E3841:t1, leader=s1, voted=s1, raftlog=s2@group-907C491E3841-SegmentedRaftLog:OPENED:c4,f4,i4, conf=3: [s3:0.0.0.0:45912, s4:0.0.0.0:39002, s0:0.0.0.0:41447, s1:0.0.0.0:37575, s2:0.0.0.0:34063], old=null RUNNING
2019-09-26 09:45:40,375 INFO  impl.RaftServerTestUtil (RaftServerTestUtil.java:waitAndCheckNewConf(66)) - checking  FOLLOWER s3@group-907C491E3841:t1, leader=s1, voted=null, raftlog=s3@group-907C491E3841-SegmentedRaftLog:OPENED:c4,f4,i4, conf=3: [s3:0.0.0.0:45912, s4:0.0.0.0:39002, s0:0.0.0.0:41447, s1:0.0.0.0:37575, s2:0.0.0.0:34063], old=null RUNNING
2019-09-26 09:45:40,376 INFO  impl.RaftServerTestUtil (RaftServerTestUtil.java:waitAndCheckNewConf(66)) - checking  FOLLOWER s4@group-907C491E3841:t1, leader=s1, voted=null, raftlog=s4@group-907C491E3841-SegmentedRaftLog:OPENED:c4,f4,i4, conf=3: [s3:0.0.0.0:45912, s4:0.0.0.0:39002, s0:0.0.0.0:41447, s1:0.0.0.0:37575, s2:0.0.0.0:34063], old=null RUNNING
2019-09-26 09:45:40,376 INFO  impl.RaftServerTestUtil (RaftServerTestUtil.java:waitAndCheckNewConf(66)) - checking CANDIDATE s0@group-907C491E3841:t16, leader=null, voted=s0, raftlog=s0@group-907C491E3841-SegmentedRaftLog:OPENED:c-1,f-1,i0, conf=-1: [s0:0.0.0.0:41447, s1:0.0.0.0:37575, s2:0.0.0.0:34063], old=null RUNNING
2019-09-26 09:45:40,376 WARN  impl.RaftServerTestUtil (JavaUtils.java:attempt(158)) - FAILED "waitAndCheckNewConf", attempt #6/10: java.lang.AssertionError, sleep 600ms and then retry.
java.lang.AssertionError
	at org.junit.Assert.fail(Assert.java:86)
	at org.junit.Assert.assertTrue(Assert.java:41)
	at org.junit.Assert.assertTrue(Assert.java:52)
	at org.apache.ratis.server.impl.RaftServerTestUtil.waitAndCheckNewConf(RaftServerTestUtil.java:76)
	at org.apache.ratis.server.impl.RaftServerTestUtil.lambda$waitAndCheckNewConf$1(RaftServerTestUtil.java:53)
	at org.apache.ratis.util.function.CheckedRunnable.lambda$asCheckedSupplier$0(CheckedRunnable.java:32)
	at org.apache.ratis.util.JavaUtils.attempt(JavaUtils.java:152)
	at org.apache.ratis.util.JavaUtils.attempt(JavaUtils.java:172)
	at org.apache.ratis.server.impl.RaftServerTestUtil.waitAndCheckNewConf(RaftServerTestUtil.java:53)
	at org.apache.ratis.server.impl.RaftReconfigurationBaseTest.lambda$testAddPeers$0(RaftReconfigurationBaseTest.java:87)
	at org.apache.ratis.MiniRaftCluster$Factory$Get.runWithNewCluster(MiniRaftCluster.java:125)
	at org.apache.ratis.MiniRaftCluster$Factory$Get.runWithNewCluster(MiniRaftCluster.java:113)
	at org.apache.ratis.server.impl.RaftReconfigurationBaseTest.testAddPeers(RaftReconfigurationBaseTest.java:77)
	at sun.reflect.NativeMethodAccessorImpl.invoke0(Native Method)
	at sun.reflect.NativeMethodAccessorImpl.invoke(NativeMethodAccessorImpl.java:62)
	at sun.reflect.DelegatingMethodAccessorImpl.invoke(DelegatingMethodAccessorImpl.java:43)
	at java.lang.reflect.Method.invoke(Method.java:498)
	at org.junit.runners.model.FrameworkMethod$1.runReflectiveCall(FrameworkMethod.java:50)
	at org.junit.internal.runners.model.ReflectiveCallable.run(ReflectiveCallable.java:12)
	at org.junit.runners.model.FrameworkMethod.invokeExplosively(FrameworkMethod.java:47)
	at org.junit.internal.runners.statements.InvokeMethod.evaluate(InvokeMethod.java:17)
	at org.junit.internal.runners.statements.RunAfters.evaluate(RunAfters.java:27)
	at org.junit.internal.runners.statements.FailOnTimeout$CallableStatement.call(FailOnTimeout.java:298)
	at org.junit.internal.runners.statements.FailOnTimeout$CallableStatement.call(FailOnTimeout.java:292)
	at java.util.concurrent.FutureTask.run(FutureTask.java:266)
	at java.lang.Thread.run(Thread.java:748)
2019-09-26 09:45:40,456 INFO  impl.LeaderElection (LeaderElection.java:logAndReturn(56)) - s0@group-907C491E3841-LeaderElection18: Election TIMEOUT; received 0 response(s) [] and 0 exception(s); s0@group-907C491E3841:t16, leader=null, voted=s0, raftlog=s0@group-907C491E3841-SegmentedRaftLog:OPENED:c-1,f-1,i0, conf=-1: [s0:0.0.0.0:41447, s1:0.0.0.0:37575, s2:0.0.0.0:34063], old=null
2019-09-26 09:45:40,474 INFO  impl.LeaderElection (LeaderElection.java:askForVotes(178)) - s0@group-907C491E3841-LeaderElection18: begin an election at term 17 for -1: [s0:0.0.0.0:41447, s1:0.0.0.0:37575, s2:0.0.0.0:34063], old=null
2019-09-26 09:45:40,629 INFO  impl.LeaderElection (LeaderElection.java:logAndReturn(56)) - s0@group-907C491E3841-LeaderElection18: Election TIMEOUT; received 0 response(s) [] and 0 exception(s); s0@group-907C491E3841:t17, leader=null, voted=s0, raftlog=s0@group-907C491E3841-SegmentedRaftLog:OPENED:c-1,f-1,i0, conf=-1: [s0:0.0.0.0:41447, s1:0.0.0.0:37575, s2:0.0.0.0:34063], old=null
2019-09-26 09:45:40,643 INFO  impl.LeaderElection (LeaderElection.java:askForVotes(178)) - s0@group-907C491E3841-LeaderElection18: begin an election at term 18 for -1: [s0:0.0.0.0:41447, s1:0.0.0.0:37575, s2:0.0.0.0:34063], old=null
2019-09-26 09:45:40,821 INFO  impl.LeaderElection (LeaderElection.java:logAndReturn(56)) - s0@group-907C491E3841-LeaderElection18: Election TIMEOUT; received 0 response(s) [] and 0 exception(s); s0@group-907C491E3841:t18, leader=null, voted=s0, raftlog=s0@group-907C491E3841-SegmentedRaftLog:OPENED:c-1,f-1,i0, conf=-1: [s0:0.0.0.0:41447, s1:0.0.0.0:37575, s2:0.0.0.0:34063], old=null
2019-09-26 09:45:40,836 INFO  impl.LeaderElection (LeaderElection.java:askForVotes(178)) - s0@group-907C491E3841-LeaderElection18: begin an election at term 19 for -1: [s0:0.0.0.0:41447, s1:0.0.0.0:37575, s2:0.0.0.0:34063], old=null
2019-09-26 09:45:40,978 INFO  impl.RaftServerTestUtil (RaftServerTestUtil.java:waitAndCheckNewConf(58)) - waitAndCheckNewConf: peers=[s3:0.0.0.0:45912, s4:0.0.0.0:39002, s0:0.0.0.0:41447, s1:0.0.0.0:37575, s2:0.0.0.0:34063], deadPeers=null, printing ALL groups
  s3:  RUNNING  FOLLOWER s3@group-907C491E3841:t1, leader=s1, voted=null, raftlog=s3@group-907C491E3841-SegmentedRaftLog:OPENED:c4,f4,i4, conf=3: [s3:0.0.0.0:45912, s4:0.0.0.0:39002, s0:0.0.0.0:41447, s1:0.0.0.0:37575, s2:0.0.0.0:34063], old=null RUNNING
  s4:  RUNNING  FOLLOWER s4@group-907C491E3841:t1, leader=s1, voted=null, raftlog=s4@group-907C491E3841-SegmentedRaftLog:OPENED:c4,f4,i4, conf=3: [s3:0.0.0.0:45912, s4:0.0.0.0:39002, s0:0.0.0.0:41447, s1:0.0.0.0:37575, s2:0.0.0.0:34063], old=null RUNNING
  s0:  RUNNING CANDIDATE s0@group-907C491E3841:t19, leader=null, voted=s0, raftlog=s0@group-907C491E3841-SegmentedRaftLog:OPENED:c-1,f-1,i0, conf=-1: [s0:0.0.0.0:41447, s1:0.0.0.0:37575, s2:0.0.0.0:34063], old=null RUNNING
  s1:  RUNNING    LEADER s1@group-907C491E3841:t1, leader=s1, voted=s1, raftlog=s1@group-907C491E3841-SegmentedRaftLog:OPENED:c4,f4,i4, conf=3: [s3:0.0.0.0:45912, s4:0.0.0.0:39002, s0:0.0.0.0:41447, s1:0.0.0.0:37575, s2:0.0.0.0:34063], old=null RUNNING
  s2:  RUNNING  FOLLOWER s2@group-907C491E3841:t1, leader=s1, voted=s1, raftlog=s2@group-907C491E3841-SegmentedRaftLog:OPENED:c4,f4,i4, conf=3: [s3:0.0.0.0:45912, s4:0.0.0.0:39002, s0:0.0.0.0:41447, s1:0.0.0.0:37575, s2:0.0.0.0:34063], old=null RUNNING
2019-09-26 09:45:40,978 INFO  impl.RaftServerTestUtil (RaftServerTestUtil.java:waitAndCheckNewConf(66)) - checking  FOLLOWER s3@group-907C491E3841:t1, leader=s1, voted=null, raftlog=s3@group-907C491E3841-SegmentedRaftLog:OPENED:c4,f4,i4, conf=3: [s3:0.0.0.0:45912, s4:0.0.0.0:39002, s0:0.0.0.0:41447, s1:0.0.0.0:37575, s2:0.0.0.0:34063], old=null RUNNING
2019-09-26 09:45:40,979 INFO  impl.RaftServerTestUtil (RaftServerTestUtil.java:waitAndCheckNewConf(66)) - checking  FOLLOWER s4@group-907C491E3841:t1, leader=s1, voted=null, raftlog=s4@group-907C491E3841-SegmentedRaftLog:OPENED:c4,f4,i4, conf=3: [s3:0.0.0.0:45912, s4:0.0.0.0:39002, s0:0.0.0.0:41447, s1:0.0.0.0:37575, s2:0.0.0.0:34063], old=null RUNNING
2019-09-26 09:45:40,979 INFO  impl.RaftServerTestUtil (RaftServerTestUtil.java:waitAndCheckNewConf(66)) - checking CANDIDATE s0@group-907C491E3841:t19, leader=null, voted=s0, raftlog=s0@group-907C491E3841-SegmentedRaftLog:OPENED:c-1,f-1,i0, conf=-1: [s0:0.0.0.0:41447, s1:0.0.0.0:37575, s2:0.0.0.0:34063], old=null RUNNING
2019-09-26 09:45:40,979 WARN  impl.RaftServerTestUtil (JavaUtils.java:attempt(158)) - FAILED "waitAndCheckNewConf", attempt #7/10: java.lang.AssertionError, sleep 600ms and then retry.
java.lang.AssertionError
	at org.junit.Assert.fail(Assert.java:86)
	at org.junit.Assert.assertTrue(Assert.java:41)
	at org.junit.Assert.assertTrue(Assert.java:52)
	at org.apache.ratis.server.impl.RaftServerTestUtil.waitAndCheckNewConf(RaftServerTestUtil.java:76)
	at org.apache.ratis.server.impl.RaftServerTestUtil.lambda$waitAndCheckNewConf$1(RaftServerTestUtil.java:53)
	at org.apache.ratis.util.function.CheckedRunnable.lambda$asCheckedSupplier$0(CheckedRunnable.java:32)
	at org.apache.ratis.util.JavaUtils.attempt(JavaUtils.java:152)
	at org.apache.ratis.util.JavaUtils.attempt(JavaUtils.java:172)
	at org.apache.ratis.server.impl.RaftServerTestUtil.waitAndCheckNewConf(RaftServerTestUtil.java:53)
	at org.apache.ratis.server.impl.RaftReconfigurationBaseTest.lambda$testAddPeers$0(RaftReconfigurationBaseTest.java:87)
	at org.apache.ratis.MiniRaftCluster$Factory$Get.runWithNewCluster(MiniRaftCluster.java:125)
	at org.apache.ratis.MiniRaftCluster$Factory$Get.runWithNewCluster(MiniRaftCluster.java:113)
	at org.apache.ratis.server.impl.RaftReconfigurationBaseTest.testAddPeers(RaftReconfigurationBaseTest.java:77)
	at sun.reflect.NativeMethodAccessorImpl.invoke0(Native Method)
	at sun.reflect.NativeMethodAccessorImpl.invoke(NativeMethodAccessorImpl.java:62)
	at sun.reflect.DelegatingMethodAccessorImpl.invoke(DelegatingMethodAccessorImpl.java:43)
	at java.lang.reflect.Method.invoke(Method.java:498)
	at org.junit.runners.model.FrameworkMethod$1.runReflectiveCall(FrameworkMethod.java:50)
	at org.junit.internal.runners.model.ReflectiveCallable.run(ReflectiveCallable.java:12)
	at org.junit.runners.model.FrameworkMethod.invokeExplosively(FrameworkMethod.java:47)
	at org.junit.internal.runners.statements.InvokeMethod.evaluate(InvokeMethod.java:17)
	at org.junit.internal.runners.statements.RunAfters.evaluate(RunAfters.java:27)
	at org.junit.internal.runners.statements.FailOnTimeout$CallableStatement.call(FailOnTimeout.java:298)
	at org.junit.internal.runners.statements.FailOnTimeout$CallableStatement.call(FailOnTimeout.java:292)
	at java.util.concurrent.FutureTask.run(FutureTask.java:266)
	at java.lang.Thread.run(Thread.java:748)
2019-09-26 09:45:40,997 INFO  impl.LeaderElection (LeaderElection.java:logAndReturn(56)) - s0@group-907C491E3841-LeaderElection18: Election TIMEOUT; received 0 response(s) [] and 0 exception(s); s0@group-907C491E3841:t19, leader=null, voted=s0, raftlog=s0@group-907C491E3841-SegmentedRaftLog:OPENED:c-1,f-1,i0, conf=-1: [s0:0.0.0.0:41447, s1:0.0.0.0:37575, s2:0.0.0.0:34063], old=null
2019-09-26 09:45:41,012 INFO  impl.LeaderElection (LeaderElection.java:askForVotes(178)) - s0@group-907C491E3841-LeaderElection18: begin an election at term 20 for -1: [s0:0.0.0.0:41447, s1:0.0.0.0:37575, s2:0.0.0.0:34063], old=null
2019-09-26 09:45:41,271 INFO  impl.LeaderElection (LeaderElection.java:logAndReturn(56)) - s0@group-907C491E3841-LeaderElection18: Election TIMEOUT; received 0 response(s) [] and 0 exception(s); s0@group-907C491E3841:t20, leader=null, voted=s0, raftlog=s0@group-907C491E3841-SegmentedRaftLog:OPENED:c-1,f-1,i0, conf=-1: [s0:0.0.0.0:41447, s1:0.0.0.0:37575, s2:0.0.0.0:34063], old=null
2019-09-26 09:45:41,285 INFO  impl.LeaderElection (LeaderElection.java:askForVotes(178)) - s0@group-907C491E3841-LeaderElection18: begin an election at term 21 for -1: [s0:0.0.0.0:41447, s1:0.0.0.0:37575, s2:0.0.0.0:34063], old=null
2019-09-26 09:45:41,577 INFO  impl.LeaderElection (LeaderElection.java:logAndReturn(56)) - s0@group-907C491E3841-LeaderElection18: Election TIMEOUT; received 0 response(s) [] and 0 exception(s); s0@group-907C491E3841:t21, leader=null, voted=s0, raftlog=s0@group-907C491E3841-SegmentedRaftLog:OPENED:c-1,f-1,i0, conf=-1: [s0:0.0.0.0:41447, s1:0.0.0.0:37575, s2:0.0.0.0:34063], old=null
2019-09-26 09:45:41,581 INFO  impl.RaftServerTestUtil (RaftServerTestUtil.java:waitAndCheckNewConf(58)) - waitAndCheckNewConf: peers=[s3:0.0.0.0:45912, s4:0.0.0.0:39002, s0:0.0.0.0:41447, s1:0.0.0.0:37575, s2:0.0.0.0:34063], deadPeers=null, printing ALL groups
  s3:  RUNNING  FOLLOWER s3@group-907C491E3841:t1, leader=s1, voted=null, raftlog=s3@group-907C491E3841-SegmentedRaftLog:OPENED:c4,f4,i4, conf=3: [s3:0.0.0.0:45912, s4:0.0.0.0:39002, s0:0.0.0.0:41447, s1:0.0.0.0:37575, s2:0.0.0.0:34063], old=null RUNNING
  s4:  RUNNING  FOLLOWER s4@group-907C491E3841:t1, leader=s1, voted=null, raftlog=s4@group-907C491E3841-SegmentedRaftLog:OPENED:c4,f4,i4, conf=3: [s3:0.0.0.0:45912, s4:0.0.0.0:39002, s0:0.0.0.0:41447, s1:0.0.0.0:37575, s2:0.0.0.0:34063], old=null RUNNING
  s0:  RUNNING CANDIDATE s0@group-907C491E3841:t22, leader=null, voted=s0, raftlog=s0@group-907C491E3841-SegmentedRaftLog:OPENED:c-1,f-1,i0, conf=-1: [s0:0.0.0.0:41447, s1:0.0.0.0:37575, s2:0.0.0.0:34063], old=null RUNNING
  s1:  RUNNING    LEADER s1@group-907C491E3841:t1, leader=s1, voted=s1, raftlog=s1@group-907C491E3841-SegmentedRaftLog:OPENED:c4,f4,i4, conf=3: [s3:0.0.0.0:45912, s4:0.0.0.0:39002, s0:0.0.0.0:41447, s1:0.0.0.0:37575, s2:0.0.0.0:34063], old=null RUNNING
  s2:  RUNNING  FOLLOWER s2@group-907C491E3841:t1, leader=s1, voted=s1, raftlog=s2@group-907C491E3841-SegmentedRaftLog:OPENED:c4,f4,i4, conf=3: [s3:0.0.0.0:45912, s4:0.0.0.0:39002, s0:0.0.0.0:41447, s1:0.0.0.0:37575, s2:0.0.0.0:34063], old=null RUNNING
2019-09-26 09:45:41,581 INFO  impl.RaftServerTestUtil (RaftServerTestUtil.java:waitAndCheckNewConf(66)) - checking  FOLLOWER s3@group-907C491E3841:t1, leader=s1, voted=null, raftlog=s3@group-907C491E3841-SegmentedRaftLog:OPENED:c4,f4,i4, conf=3: [s3:0.0.0.0:45912, s4:0.0.0.0:39002, s0:0.0.0.0:41447, s1:0.0.0.0:37575, s2:0.0.0.0:34063], old=null RUNNING
2019-09-26 09:45:41,582 INFO  impl.RaftServerTestUtil (RaftServerTestUtil.java:waitAndCheckNewConf(66)) - checking  FOLLOWER s4@group-907C491E3841:t1, leader=s1, voted=null, raftlog=s4@group-907C491E3841-SegmentedRaftLog:OPENED:c4,f4,i4, conf=3: [s3:0.0.0.0:45912, s4:0.0.0.0:39002, s0:0.0.0.0:41447, s1:0.0.0.0:37575, s2:0.0.0.0:34063], old=null RUNNING
2019-09-26 09:45:41,582 INFO  impl.RaftServerTestUtil (RaftServerTestUtil.java:waitAndCheckNewConf(66)) - checking CANDIDATE s0@group-907C491E3841:t22, leader=null, voted=s0, raftlog=s0@group-907C491E3841-SegmentedRaftLog:OPENED:c-1,f-1,i0, conf=-1: [s0:0.0.0.0:41447, s1:0.0.0.0:37575, s2:0.0.0.0:34063], old=null RUNNING
2019-09-26 09:45:41,582 WARN  impl.RaftServerTestUtil (JavaUtils.java:attempt(158)) - FAILED "waitAndCheckNewConf", attempt #8/10: java.lang.AssertionError, sleep 600ms and then retry.
java.lang.AssertionError
	at org.junit.Assert.fail(Assert.java:86)
	at org.junit.Assert.assertTrue(Assert.java:41)
	at org.junit.Assert.assertTrue(Assert.java:52)
	at org.apache.ratis.server.impl.RaftServerTestUtil.waitAndCheckNewConf(RaftServerTestUtil.java:76)
	at org.apache.ratis.server.impl.RaftServerTestUtil.lambda$waitAndCheckNewConf$1(RaftServerTestUtil.java:53)
	at org.apache.ratis.util.function.CheckedRunnable.lambda$asCheckedSupplier$0(CheckedRunnable.java:32)
	at org.apache.ratis.util.JavaUtils.attempt(JavaUtils.java:152)
	at org.apache.ratis.util.JavaUtils.attempt(JavaUtils.java:172)
	at org.apache.ratis.server.impl.RaftServerTestUtil.waitAndCheckNewConf(RaftServerTestUtil.java:53)
	at org.apache.ratis.server.impl.RaftReconfigurationBaseTest.lambda$testAddPeers$0(RaftReconfigurationBaseTest.java:87)
	at org.apache.ratis.MiniRaftCluster$Factory$Get.runWithNewCluster(MiniRaftCluster.java:125)
	at org.apache.ratis.MiniRaftCluster$Factory$Get.runWithNewCluster(MiniRaftCluster.java:113)
	at org.apache.ratis.server.impl.RaftReconfigurationBaseTest.testAddPeers(RaftReconfigurationBaseTest.java:77)
	at sun.reflect.NativeMethodAccessorImpl.invoke0(Native Method)
	at sun.reflect.NativeMethodAccessorImpl.invoke(NativeMethodAccessorImpl.java:62)
	at sun.reflect.DelegatingMethodAccessorImpl.invoke(DelegatingMethodAccessorImpl.java:43)
	at java.lang.reflect.Method.invoke(Method.java:498)
	at org.junit.runners.model.FrameworkMethod$1.runReflectiveCall(FrameworkMethod.java:50)
	at org.junit.internal.runners.model.ReflectiveCallable.run(ReflectiveCallable.java:12)
	at org.junit.runners.model.FrameworkMethod.invokeExplosively(FrameworkMethod.java:47)
	at org.junit.internal.runners.statements.InvokeMethod.evaluate(InvokeMethod.java:17)
	at org.junit.internal.runners.statements.RunAfters.evaluate(RunAfters.java:27)
	at org.junit.internal.runners.statements.FailOnTimeout$CallableStatement.call(FailOnTimeout.java:298)
	at org.junit.internal.runners.statements.FailOnTimeout$CallableStatement.call(FailOnTimeout.java:292)
	at java.util.concurrent.FutureTask.run(FutureTask.java:266)
	at java.lang.Thread.run(Thread.java:748)
2019-09-26 09:45:41,591 INFO  impl.LeaderElection (LeaderElection.java:askForVotes(178)) - s0@group-907C491E3841-LeaderElection18: begin an election at term 22 for -1: [s0:0.0.0.0:41447, s1:0.0.0.0:37575, s2:0.0.0.0:34063], old=null
2019-09-26 09:45:41,888 INFO  impl.LeaderElection (LeaderElection.java:logAndReturn(56)) - s0@group-907C491E3841-LeaderElection18: Election TIMEOUT; received 0 response(s) [] and 0 exception(s); s0@group-907C491E3841:t22, leader=null, voted=s0, raftlog=s0@group-907C491E3841-SegmentedRaftLog:OPENED:c-1,f-1,i0, conf=-1: [s0:0.0.0.0:41447, s1:0.0.0.0:37575, s2:0.0.0.0:34063], old=null
2019-09-26 09:45:41,902 INFO  impl.LeaderElection (LeaderElection.java:askForVotes(178)) - s0@group-907C491E3841-LeaderElection18: begin an election at term 23 for -1: [s0:0.0.0.0:41447, s1:0.0.0.0:37575, s2:0.0.0.0:34063], old=null
2019-09-26 09:45:42,090 INFO  impl.LeaderElection (LeaderElection.java:logAndReturn(56)) - s0@group-907C491E3841-LeaderElection18: Election TIMEOUT; received 0 response(s) [] and 0 exception(s); s0@group-907C491E3841:t23, leader=null, voted=s0, raftlog=s0@group-907C491E3841-SegmentedRaftLog:OPENED:c-1,f-1,i0, conf=-1: [s0:0.0.0.0:41447, s1:0.0.0.0:37575, s2:0.0.0.0:34063], old=null
2019-09-26 09:45:42,104 INFO  impl.LeaderElection (LeaderElection.java:askForVotes(178)) - s0@group-907C491E3841-LeaderElection18: begin an election at term 24 for -1: [s0:0.0.0.0:41447, s1:0.0.0.0:37575, s2:0.0.0.0:34063], old=null
2019-09-26 09:45:42,184 INFO  impl.RaftServerTestUtil (RaftServerTestUtil.java:waitAndCheckNewConf(58)) - waitAndCheckNewConf: peers=[s3:0.0.0.0:45912, s4:0.0.0.0:39002, s0:0.0.0.0:41447, s1:0.0.0.0:37575, s2:0.0.0.0:34063], deadPeers=null, printing ALL groups
  s3:  RUNNING  FOLLOWER s3@group-907C491E3841:t1, leader=s1, voted=null, raftlog=s3@group-907C491E3841-SegmentedRaftLog:OPENED:c4,f4,i4, conf=3: [s3:0.0.0.0:45912, s4:0.0.0.0:39002, s0:0.0.0.0:41447, s1:0.0.0.0:37575, s2:0.0.0.0:34063], old=null RUNNING
  s4:  RUNNING  FOLLOWER s4@group-907C491E3841:t1, leader=s1, voted=null, raftlog=s4@group-907C491E3841-SegmentedRaftLog:OPENED:c4,f4,i4, conf=3: [s3:0.0.0.0:45912, s4:0.0.0.0:39002, s0:0.0.0.0:41447, s1:0.0.0.0:37575, s2:0.0.0.0:34063], old=null RUNNING
  s0:  RUNNING CANDIDATE s0@group-907C491E3841:t24, leader=null, voted=s0, raftlog=s0@group-907C491E3841-SegmentedRaftLog:OPENED:c-1,f-1,i0, conf=-1: [s0:0.0.0.0:41447, s1:0.0.0.0:37575, s2:0.0.0.0:34063], old=null RUNNING
  s1:  RUNNING    LEADER s1@group-907C491E3841:t1, leader=s1, voted=s1, raftlog=s1@group-907C491E3841-SegmentedRaftLog:OPENED:c4,f4,i4, conf=3: [s3:0.0.0.0:45912, s4:0.0.0.0:39002, s0:0.0.0.0:41447, s1:0.0.0.0:37575, s2:0.0.0.0:34063], old=null RUNNING
  s2:  RUNNING  FOLLOWER s2@group-907C491E3841:t1, leader=s1, voted=s1, raftlog=s2@group-907C491E3841-SegmentedRaftLog:OPENED:c4,f4,i4, conf=3: [s3:0.0.0.0:45912, s4:0.0.0.0:39002, s0:0.0.0.0:41447, s1:0.0.0.0:37575, s2:0.0.0.0:34063], old=null RUNNING
2019-09-26 09:45:42,185 INFO  impl.RaftServerTestUtil (RaftServerTestUtil.java:waitAndCheckNewConf(66)) - checking  FOLLOWER s3@group-907C491E3841:t1, leader=s1, voted=null, raftlog=s3@group-907C491E3841-SegmentedRaftLog:OPENED:c4,f4,i4, conf=3: [s3:0.0.0.0:45912, s4:0.0.0.0:39002, s0:0.0.0.0:41447, s1:0.0.0.0:37575, s2:0.0.0.0:34063], old=null RUNNING
2019-09-26 09:45:42,185 INFO  impl.RaftServerTestUtil (RaftServerTestUtil.java:waitAndCheckNewConf(66)) - checking  FOLLOWER s4@group-907C491E3841:t1, leader=s1, voted=null, raftlog=s4@group-907C491E3841-SegmentedRaftLog:OPENED:c4,f4,i4, conf=3: [s3:0.0.0.0:45912, s4:0.0.0.0:39002, s0:0.0.0.0:41447, s1:0.0.0.0:37575, s2:0.0.0.0:34063], old=null RUNNING
2019-09-26 09:45:42,185 INFO  impl.RaftServerTestUtil (RaftServerTestUtil.java:waitAndCheckNewConf(66)) - checking CANDIDATE s0@group-907C491E3841:t24, leader=null, voted=s0, raftlog=s0@group-907C491E3841-SegmentedRaftLog:OPENED:c-1,f-1,i0, conf=-1: [s0:0.0.0.0:41447, s1:0.0.0.0:37575, s2:0.0.0.0:34063], old=null RUNNING
2019-09-26 09:45:42,185 WARN  impl.RaftServerTestUtil (JavaUtils.java:attempt(158)) - FAILED "waitAndCheckNewConf", attempt #9/10: java.lang.AssertionError, sleep 600ms and then retry.
java.lang.AssertionError
	at org.junit.Assert.fail(Assert.java:86)
	at org.junit.Assert.assertTrue(Assert.java:41)
	at org.junit.Assert.assertTrue(Assert.java:52)
	at org.apache.ratis.server.impl.RaftServerTestUtil.waitAndCheckNewConf(RaftServerTestUtil.java:76)
	at org.apache.ratis.server.impl.RaftServerTestUtil.lambda$waitAndCheckNewConf$1(RaftServerTestUtil.java:53)
	at org.apache.ratis.util.function.CheckedRunnable.lambda$asCheckedSupplier$0(CheckedRunnable.java:32)
	at org.apache.ratis.util.JavaUtils.attempt(JavaUtils.java:152)
	at org.apache.ratis.util.JavaUtils.attempt(JavaUtils.java:172)
	at org.apache.ratis.server.impl.RaftServerTestUtil.waitAndCheckNewConf(RaftServerTestUtil.java:53)
	at org.apache.ratis.server.impl.RaftReconfigurationBaseTest.lambda$testAddPeers$0(RaftReconfigurationBaseTest.java:87)
	at org.apache.ratis.MiniRaftCluster$Factory$Get.runWithNewCluster(MiniRaftCluster.java:125)
	at org.apache.ratis.MiniRaftCluster$Factory$Get.runWithNewCluster(MiniRaftCluster.java:113)
	at org.apache.ratis.server.impl.RaftReconfigurationBaseTest.testAddPeers(RaftReconfigurationBaseTest.java:77)
	at sun.reflect.NativeMethodAccessorImpl.invoke0(Native Method)
	at sun.reflect.NativeMethodAccessorImpl.invoke(NativeMethodAccessorImpl.java:62)
	at sun.reflect.DelegatingMethodAccessorImpl.invoke(DelegatingMethodAccessorImpl.java:43)
	at java.lang.reflect.Method.invoke(Method.java:498)
	at org.junit.runners.model.FrameworkMethod$1.runReflectiveCall(FrameworkMethod.java:50)
	at org.junit.internal.runners.model.ReflectiveCallable.run(ReflectiveCallable.java:12)
	at org.junit.runners.model.FrameworkMethod.invokeExplosively(FrameworkMethod.java:47)
	at org.junit.internal.runners.statements.InvokeMethod.evaluate(InvokeMethod.java:17)
	at org.junit.internal.runners.statements.RunAfters.evaluate(RunAfters.java:27)
	at org.junit.internal.runners.statements.FailOnTimeout$CallableStatement.call(FailOnTimeout.java:298)
	at org.junit.internal.runners.statements.FailOnTimeout$CallableStatement.call(FailOnTimeout.java:292)
	at java.util.concurrent.FutureTask.run(FutureTask.java:266)
	at java.lang.Thread.run(Thread.java:748)
2019-09-26 09:45:42,405 INFO  impl.LeaderElection (LeaderElection.java:logAndReturn(56)) - s0@group-907C491E3841-LeaderElection18: Election TIMEOUT; received 0 response(s) [] and 0 exception(s); s0@group-907C491E3841:t24, leader=null, voted=s0, raftlog=s0@group-907C491E3841-SegmentedRaftLog:OPENED:c-1,f-1,i0, conf=-1: [s0:0.0.0.0:41447, s1:0.0.0.0:37575, s2:0.0.0.0:34063], old=null
2019-09-26 09:45:42,420 INFO  impl.LeaderElection (LeaderElection.java:askForVotes(178)) - s0@group-907C491E3841-LeaderElection18: begin an election at term 25 for -1: [s0:0.0.0.0:41447, s1:0.0.0.0:37575, s2:0.0.0.0:34063], old=null
2019-09-26 09:45:42,662 INFO  impl.LeaderElection (LeaderElection.java:logAndReturn(56)) - s0@group-907C491E3841-LeaderElection18: Election TIMEOUT; received 0 response(s) [] and 0 exception(s); s0@group-907C491E3841:t25, leader=null, voted=s0, raftlog=s0@group-907C491E3841-SegmentedRaftLog:OPENED:c-1,f-1,i0, conf=-1: [s0:0.0.0.0:41447, s1:0.0.0.0:37575, s2:0.0.0.0:34063], old=null
2019-09-26 09:45:42,675 INFO  impl.LeaderElection (LeaderElection.java:askForVotes(178)) - s0@group-907C491E3841-LeaderElection18: begin an election at term 26 for -1: [s0:0.0.0.0:41447, s1:0.0.0.0:37575, s2:0.0.0.0:34063], old=null
2019-09-26 09:45:42,789 INFO  impl.RaftServerTestUtil (RaftServerTestUtil.java:waitAndCheckNewConf(58)) - waitAndCheckNewConf: peers=[s3:0.0.0.0:45912, s4:0.0.0.0:39002, s0:0.0.0.0:41447, s1:0.0.0.0:37575, s2:0.0.0.0:34063], deadPeers=null, printing ALL groups
  s3:  RUNNING  FOLLOWER s3@group-907C491E3841:t1, leader=s1, voted=null, raftlog=s3@group-907C491E3841-SegmentedRaftLog:OPENED:c4,f4,i4, conf=3: [s3:0.0.0.0:45912, s4:0.0.0.0:39002, s0:0.0.0.0:41447, s1:0.0.0.0:37575, s2:0.0.0.0:34063], old=null RUNNING
  s4:  RUNNING  FOLLOWER s4@group-907C491E3841:t1, leader=s1, voted=null, raftlog=s4@group-907C491E3841-SegmentedRaftLog:OPENED:c4,f4,i4, conf=3: [s3:0.0.0.0:45912, s4:0.0.0.0:39002, s0:0.0.0.0:41447, s1:0.0.0.0:37575, s2:0.0.0.0:34063], old=null RUNNING
  s0:  RUNNING CANDIDATE s0@group-907C491E3841:t26, leader=null, voted=s0, raftlog=s0@group-907C491E3841-SegmentedRaftLog:OPENED:c-1,f-1,i0, conf=-1: [s0:0.0.0.0:41447, s1:0.0.0.0:37575, s2:0.0.0.0:34063], old=null RUNNING
  s1:  RUNNING    LEADER s1@group-907C491E3841:t1, leader=s1, voted=s1, raftlog=s1@group-907C491E3841-SegmentedRaftLog:OPENED:c4,f4,i4, conf=3: [s3:0.0.0.0:45912, s4:0.0.0.0:39002, s0:0.0.0.0:41447, s1:0.0.0.0:37575, s2:0.0.0.0:34063], old=null RUNNING
  s2:  RUNNING  FOLLOWER s2@group-907C491E3841:t1, leader=s1, voted=s1, raftlog=s2@group-907C491E3841-SegmentedRaftLog:OPENED:c4,f4,i4, conf=3: [s3:0.0.0.0:45912, s4:0.0.0.0:39002, s0:0.0.0.0:41447, s1:0.0.0.0:37575, s2:0.0.0.0:34063], old=null RUNNING
2019-09-26 09:45:42,790 INFO  impl.RaftServerTestUtil (RaftServerTestUtil.java:waitAndCheckNewConf(66)) - checking  FOLLOWER s3@group-907C491E3841:t1, leader=s1, voted=null, raftlog=s3@group-907C491E3841-SegmentedRaftLog:OPENED:c4,f4,i4, conf=3: [s3:0.0.0.0:45912, s4:0.0.0.0:39002, s0:0.0.0.0:41447, s1:0.0.0.0:37575, s2:0.0.0.0:34063], old=null RUNNING
2019-09-26 09:45:42,790 INFO  impl.RaftServerTestUtil (RaftServerTestUtil.java:waitAndCheckNewConf(66)) - checking  FOLLOWER s4@group-907C491E3841:t1, leader=s1, voted=null, raftlog=s4@group-907C491E3841-SegmentedRaftLog:OPENED:c4,f4,i4, conf=3: [s3:0.0.0.0:45912, s4:0.0.0.0:39002, s0:0.0.0.0:41447, s1:0.0.0.0:37575, s2:0.0.0.0:34063], old=null RUNNING
2019-09-26 09:45:42,791 INFO  impl.RaftServerTestUtil (RaftServerTestUtil.java:waitAndCheckNewConf(66)) - checking CANDIDATE s0@group-907C491E3841:t26, leader=null, voted=s0, raftlog=s0@group-907C491E3841-SegmentedRaftLog:OPENED:c-1,f-1,i0, conf=-1: [s0:0.0.0.0:41447, s1:0.0.0.0:37575, s2:0.0.0.0:34063], old=null RUNNING
2019-09-26 09:45:42,791 INFO  ratis.MiniRaftCluster (MiniRaftCluster.java:runWithNewCluster(127)) - printing ALL groups
  s3:  RUNNING  FOLLOWER s3@group-907C491E3841:t1, leader=s1, voted=null, raftlog=s3@group-907C491E3841-SegmentedRaftLog:OPENED:c4,f4,i4, conf=3: [s3:0.0.0.0:45912, s4:0.0.0.0:39002, s0:0.0.0.0:41447, s1:0.0.0.0:37575, s2:0.0.0.0:34063], old=null RUNNING
  s4:  RUNNING  FOLLOWER s4@group-907C491E3841:t1, leader=s1, voted=null, raftlog=s4@group-907C491E3841-SegmentedRaftLog:OPENED:c4,f4,i4, conf=3: [s3:0.0.0.0:45912, s4:0.0.0.0:39002, s0:0.0.0.0:41447, s1:0.0.0.0:37575, s2:0.0.0.0:34063], old=null RUNNING
  s0:  RUNNING CANDIDATE s0@group-907C491E3841:t26, leader=null, voted=s0, raftlog=s0@group-907C491E3841-SegmentedRaftLog:OPENED:c-1,f-1,i0, conf=-1: [s0:0.0.0.0:41447, s1:0.0.0.0:37575, s2:0.0.0.0:34063], old=null RUNNING
  s1:  RUNNING    LEADER s1@group-907C491E3841:t1, leader=s1, voted=s1, raftlog=s1@group-907C491E3841-SegmentedRaftLog:OPENED:c4,f4,i4, conf=3: [s3:0.0.0.0:45912, s4:0.0.0.0:39002, s0:0.0.0.0:41447, s1:0.0.0.0:37575, s2:0.0.0.0:34063], old=null RUNNING
  s2:  RUNNING  FOLLOWER s2@group-907C491E3841:t1, leader=s1, voted=s1, raftlog=s2@group-907C491E3841-SegmentedRaftLog:OPENED:c4,f4,i4, conf=3: [s3:0.0.0.0:45912, s4:0.0.0.0:39002, s0:0.0.0.0:41447, s1:0.0.0.0:37575, s2:0.0.0.0:34063], old=null RUNNING
2019-09-26 09:45:42,791 ERROR ratis.MiniRaftCluster (MiniRaftCluster.java:runWithNewCluster(128)) - Failed org.apache.ratis.MiniRaftCluster$Factory$Get.runWithNewCluster(MiniRaftCluster.java:113)
java.lang.AssertionError
	at org.junit.Assert.fail(Assert.java:86)
	at org.junit.Assert.assertTrue(Assert.java:41)
	at org.junit.Assert.assertTrue(Assert.java:52)
	at org.apache.ratis.server.impl.RaftServerTestUtil.waitAndCheckNewConf(RaftServerTestUtil.java:76)
	at org.apache.ratis.server.impl.RaftServerTestUtil.lambda$waitAndCheckNewConf$1(RaftServerTestUtil.java:53)
	at org.apache.ratis.util.function.CheckedRunnable.lambda$asCheckedSupplier$0(CheckedRunnable.java:32)
	at org.apache.ratis.util.JavaUtils.attempt(JavaUtils.java:152)
	at org.apache.ratis.util.JavaUtils.attempt(JavaUtils.java:172)
	at org.apache.ratis.server.impl.RaftServerTestUtil.waitAndCheckNewConf(RaftServerTestUtil.java:53)
	at org.apache.ratis.server.impl.RaftReconfigurationBaseTest.lambda$testAddPeers$0(RaftReconfigurationBaseTest.java:87)
	at org.apache.ratis.MiniRaftCluster$Factory$Get.runWithNewCluster(MiniRaftCluster.java:125)
	at org.apache.ratis.MiniRaftCluster$Factory$Get.runWithNewCluster(MiniRaftCluster.java:113)
	at org.apache.ratis.server.impl.RaftReconfigurationBaseTest.testAddPeers(RaftReconfigurationBaseTest.java:77)
	at sun.reflect.NativeMethodAccessorImpl.invoke0(Native Method)
	at sun.reflect.NativeMethodAccessorImpl.invoke(NativeMethodAccessorImpl.java:62)
	at sun.reflect.DelegatingMethodAccessorImpl.invoke(DelegatingMethodAccessorImpl.java:43)
	at java.lang.reflect.Method.invoke(Method.java:498)
	at org.junit.runners.model.FrameworkMethod$1.runReflectiveCall(FrameworkMethod.java:50)
	at org.junit.internal.runners.model.ReflectiveCallable.run(ReflectiveCallable.java:12)
	at org.junit.runners.model.FrameworkMethod.invokeExplosively(FrameworkMethod.java:47)
	at org.junit.internal.runners.statements.InvokeMethod.evaluate(InvokeMethod.java:17)
	at org.junit.internal.runners.statements.RunAfters.evaluate(RunAfters.java:27)
	at org.junit.internal.runners.statements.FailOnTimeout$CallableStatement.call(FailOnTimeout.java:298)
	at org.junit.internal.runners.statements.FailOnTimeout$CallableStatement.call(FailOnTimeout.java:292)
	at java.util.concurrent.FutureTask.run(FutureTask.java:266)
	at java.lang.Thread.run(Thread.java:748)
2019-09-26 09:45:42,792 INFO  ratis.MiniRaftCluster (MiniRaftCluster.java:shutdown(700)) - ************************************************************** 
2019-09-26 09:45:42,792 INFO  ratis.MiniRaftCluster (MiniRaftCluster.java:shutdown(701)) - *** 
2019-09-26 09:45:42,793 INFO  ratis.MiniRaftCluster (MiniRaftCluster.java:shutdown(702)) - ***     Stopping MiniRaftClusterWithNetty
2019-09-26 09:45:42,793 INFO  ratis.MiniRaftCluster (MiniRaftCluster.java:shutdown(703)) - *** 
2019-09-26 09:45:42,793 INFO  ratis.MiniRaftCluster (MiniRaftCluster.java:shutdown(704)) - ************************************************************** 
2019-09-26 09:45:42,793 INFO  ratis.MiniRaftCluster (MiniRaftCluster.java:shutdown(705)) - printing ALL groups
  s3:  RUNNING  FOLLOWER s3@group-907C491E3841:t1, leader=s1, voted=null, raftlog=s3@group-907C491E3841-SegmentedRaftLog:OPENED:c4,f4,i4, conf=3: [s3:0.0.0.0:45912, s4:0.0.0.0:39002, s0:0.0.0.0:41447, s1:0.0.0.0:37575, s2:0.0.0.0:34063], old=null RUNNING
  s4:  RUNNING  FOLLOWER s4@group-907C491E3841:t1, leader=s1, voted=null, raftlog=s4@group-907C491E3841-SegmentedRaftLog:OPENED:c4,f4,i4, conf=3: [s3:0.0.0.0:45912, s4:0.0.0.0:39002, s0:0.0.0.0:41447, s1:0.0.0.0:37575, s2:0.0.0.0:34063], old=null RUNNING
  s0:  RUNNING CANDIDATE s0@group-907C491E3841:t26, leader=null, voted=s0, raftlog=s0@group-907C491E3841-SegmentedRaftLog:OPENED:c-1,f-1,i0, conf=-1: [s0:0.0.0.0:41447, s1:0.0.0.0:37575, s2:0.0.0.0:34063], old=null RUNNING
  s1:  RUNNING    LEADER s1@group-907C491E3841:t1, leader=s1, voted=s1, raftlog=s1@group-907C491E3841-SegmentedRaftLog:OPENED:c4,f4,i4, conf=3: [s3:0.0.0.0:45912, s4:0.0.0.0:39002, s0:0.0.0.0:41447, s1:0.0.0.0:37575, s2:0.0.0.0:34063], old=null RUNNING
  s2:  RUNNING  FOLLOWER s2@group-907C491E3841:t1, leader=s1, voted=s1, raftlog=s2@group-907C491E3841-SegmentedRaftLog:OPENED:c4,f4,i4, conf=3: [s3:0.0.0.0:45912, s4:0.0.0.0:39002, s0:0.0.0.0:41447, s1:0.0.0.0:37575, s2:0.0.0.0:34063], old=null RUNNING
2019-09-26 09:45:42,796 INFO  impl.RaftServerProxy (RaftServerProxy.java:lambda$close$4(314)) - s0: close
2019-09-26 09:45:42,796 INFO  impl.RaftServerProxy (RaftServerProxy.java:lambda$close$4(314)) - s4: close
2019-09-26 09:45:42,801 INFO  impl.RaftServerProxy (RaftServerProxy.java:lambda$close$4(314)) - s2: close
2019-09-26 09:45:42,801 INFO  impl.RaftServerProxy (RaftServerProxy.java:lambda$close$4(314)) - s1: close
2019-09-26 09:45:42,796 INFO  impl.RaftServerProxy (RaftServerProxy.java:lambda$close$4(314)) - s3: close
2019-09-26 09:45:42,805 INFO  impl.RaftServerImpl (RaftServerImpl.java:lambda$shutdown$3(247)) - s1@group-907C491E3841: shutdown
2019-09-26 09:45:42,805 INFO  impl.RaftServerImpl (RaftServerImpl.java:lambda$shutdown$3(247)) - s2@group-907C491E3841: shutdown
2019-09-26 09:45:42,802 INFO  impl.RaftServerImpl (RaftServerImpl.java:lambda$shutdown$3(247)) - s4@group-907C491E3841: shutdown
2019-09-26 09:45:42,802 INFO  impl.RaftServerImpl (RaftServerImpl.java:lambda$shutdown$3(247)) - s0@group-907C491E3841: shutdown
2019-09-26 09:45:42,807 INFO  util.JmxRegister (JmxRegister.java:unregister(73)) - Successfully un-registered JMX Bean with object name Ratis:service=RaftServer,group=group-907C491E3841,id=s4
2019-09-26 09:45:42,807 INFO  impl.RoleInfo (RoleInfo.java:shutdownFollowerState(121)) - s4: shutdown FollowerState
2019-09-26 09:45:42,806 INFO  util.JmxRegister (JmxRegister.java:unregister(73)) - Successfully un-registered JMX Bean with object name Ratis:service=RaftServer,group=group-907C491E3841,id=s2
2019-09-26 09:45:42,808 INFO  impl.RoleInfo (RoleInfo.java:shutdownFollowerState(121)) - s2: shutdown FollowerState
2019-09-26 09:45:42,806 INFO  util.JmxRegister (JmxRegister.java:unregister(73)) - Successfully un-registered JMX Bean with object name Ratis:service=RaftServer,group=group-907C491E3841,id=s1
2019-09-26 09:45:42,805 INFO  impl.RaftServerImpl (RaftServerImpl.java:lambda$shutdown$3(247)) - s3@group-907C491E3841: shutdown
2019-09-26 09:45:42,808 INFO  impl.RoleInfo (RoleInfo.java:shutdownLeaderState(104)) - s1: shutdown LeaderState
2019-09-26 09:45:42,808 INFO  impl.FollowerState (FollowerState.java:run(117)) - s2@group-907C491E3841-FollowerState was interrupted: java.lang.InterruptedException: sleep interrupted
2019-09-26 09:45:42,808 INFO  impl.StateMachineUpdater (StateMachineUpdater.java:stopAndJoin(136)) - s2@group-907C491E3841-StateMachineUpdater: set stopIndex = 4
2019-09-26 09:45:42,813 INFO  impl.RaftServerImpl (ServerState.java:close(386)) - s2@group-907C491E3841: closes. applyIndex: 4
2019-09-26 09:45:42,808 INFO  impl.FollowerState (FollowerState.java:run(117)) - s4@group-907C491E3841-FollowerState was interrupted: java.lang.InterruptedException: sleep interrupted
2019-09-26 09:45:42,808 INFO  impl.StateMachineUpdater (StateMachineUpdater.java:stopAndJoin(136)) - s4@group-907C491E3841-StateMachineUpdater: set stopIndex = 4
2019-09-26 09:45:42,814 INFO  impl.RaftServerImpl (ServerState.java:close(386)) - s4@group-907C491E3841: closes. applyIndex: 4
2019-09-26 09:45:42,807 INFO  util.JmxRegister (JmxRegister.java:unregister(73)) - Successfully un-registered JMX Bean with object name Ratis:service=RaftServer,group=group-907C491E3841,id=s0
2019-09-26 09:45:42,815 INFO  segmented.SegmentedRaftLogWorker (SegmentedRaftLogWorker.java:run(313)) - s4@group-907C491E3841-SegmentedRaftLogWorker was interrupted, exiting. There are 0 tasks remaining in the queue.
2019-09-26 09:45:42,814 INFO  segmented.SegmentedRaftLogWorker (SegmentedRaftLogWorker.java:run(313)) - s2@group-907C491E3841-SegmentedRaftLogWorker was interrupted, exiting. There are 0 tasks remaining in the queue.
2019-09-26 09:45:42,813 INFO  impl.LogAppender (LogAppender.java:run(78)) - s1@group-907C491E3841->s0-LogAppender-AppenderDaemon was interrupted: java.io.InterruptedIOException: s1->s0#0 sending from s0:0.0.0.0:41447 is interrupted.
2019-09-26 09:45:42,813 INFO  impl.PendingRequests (PendingRequests.java:sendNotLeaderResponses(202)) - s1@group-907C491E3841-PendingRequests: sendNotLeaderResponses
2019-09-26 09:45:42,813 INFO  impl.LogAppender (LogAppender.java:run(78)) - s1@group-907C491E3841->s3-LogAppender-AppenderDaemon was interrupted: java.lang.InterruptedException
2019-09-26 09:45:42,813 INFO  impl.LogAppender (LogAppender.java:run(78)) - s1@group-907C491E3841->s4-LogAppender-AppenderDaemon was interrupted: java.lang.InterruptedException
2019-09-26 09:45:42,819 INFO  impl.StateMachineUpdater (StateMachineUpdater.java:stopAndJoin(136)) - s1@group-907C491E3841-StateMachineUpdater: set stopIndex = 4
2019-09-26 09:45:42,813 INFO  impl.LogAppender (LogAppender.java:run(78)) - s1@group-907C491E3841->s2-LogAppender-AppenderDaemon was interrupted: java.lang.InterruptedException
2019-09-26 09:45:42,809 INFO  util.JmxRegister (JmxRegister.java:unregister(73)) - Successfully un-registered JMX Bean with object name Ratis:service=RaftServer,group=group-907C491E3841,id=s3
2019-09-26 09:45:42,820 INFO  segmented.SegmentedRaftLogWorker (SegmentedRaftLogWorker.java:close(228)) - s2@group-907C491E3841-SegmentedRaftLogWorker close()
2019-09-26 09:45:42,820 INFO  impl.RaftServerImpl (ServerState.java:close(386)) - s1@group-907C491E3841: closes. applyIndex: 4
2019-09-26 09:45:42,819 INFO  segmented.SegmentedRaftLogWorker (SegmentedRaftLogWorker.java:close(228)) - s4@group-907C491E3841-SegmentedRaftLogWorker close()
2019-09-26 09:45:42,815 INFO  impl.RoleInfo (RoleInfo.java:shutdownLeaderElection(134)) - s0: shutdown LeaderElection
2019-09-26 09:45:42,825 INFO  logging.LoggingHandler (AbstractInternalLogger.java:log(150)) - [id: 0xc25b23d7, L:/0.0.0.0:39002] UNREGISTERED
2019-09-26 09:45:42,824 INFO  logging.LoggingHandler (AbstractInternalLogger.java:log(150)) - [id: 0xd564d513, L:/0.0.0.0:34063] UNREGISTERED
2019-09-26 09:45:42,822 INFO  segmented.SegmentedRaftLogWorker (SegmentedRaftLogWorker.java:run(313)) - s1@group-907C491E3841-SegmentedRaftLogWorker was interrupted, exiting. There are 0 tasks remaining in the queue.
2019-09-26 09:45:42,820 INFO  impl.RoleInfo (RoleInfo.java:shutdownFollowerState(121)) - s3: shutdown FollowerState
2019-09-26 09:45:42,825 INFO  impl.StateMachineUpdater (StateMachineUpdater.java:stopAndJoin(136)) - s0@group-907C491E3841-StateMachineUpdater: set stopIndex = -1
2019-09-26 09:45:42,827 INFO  impl.RaftServerImpl (ServerState.java:close(386)) - s0@group-907C491E3841: closes. applyIndex: -1
2019-09-26 09:45:42,827 INFO  impl.StateMachineUpdater (StateMachineUpdater.java:stopAndJoin(136)) - s3@group-907C491E3841-StateMachineUpdater: set stopIndex = 4
2019-09-26 09:45:42,828 INFO  impl.FollowerState (FollowerState.java:run(117)) - s3@group-907C491E3841-FollowerState was interrupted: java.lang.InterruptedException: sleep interrupted
2019-09-26 09:45:42,828 INFO  segmented.SegmentedRaftLogWorker (SegmentedRaftLogWorker.java:run(313)) - s0@group-907C491E3841-SegmentedRaftLogWorker was interrupted, exiting. There are 0 tasks remaining in the queue.
2019-09-26 09:45:42,828 INFO  impl.RaftServerImpl (ServerState.java:close(386)) - s3@group-907C491E3841: closes. applyIndex: 4
2019-09-26 09:45:42,831 INFO  segmented.SegmentedRaftLogWorker (SegmentedRaftLogWorker.java:close(228)) - s0@group-907C491E3841-SegmentedRaftLogWorker close()
2019-09-26 09:45:42,831 INFO  segmented.SegmentedRaftLogWorker (SegmentedRaftLogWorker.java:close(228)) - s1@group-907C491E3841-SegmentedRaftLogWorker close()
2019-09-26 09:45:42,835 INFO  logging.LoggingHandler (AbstractInternalLogger.java:log(150)) - [id: 0xab9948e8, L:/0.0.0.0:41447] UNREGISTERED
2019-09-26 09:45:42,831 INFO  segmented.SegmentedRaftLogWorker (SegmentedRaftLogWorker.java:run(313)) - s3@group-907C491E3841-SegmentedRaftLogWorker was interrupted, exiting. There are 0 tasks remaining in the queue.
2019-09-26 09:45:42,836 INFO  logging.LoggingHandler (AbstractInternalLogger.java:log(150)) - [id: 0x6a991891, L:/0.0.0.0:37575] UNREGISTERED
2019-09-26 09:45:42,840 INFO  segmented.SegmentedRaftLogWorker (SegmentedRaftLogWorker.java:close(228)) - s3@group-907C491E3841-SegmentedRaftLogWorker close()
2019-09-26 09:45:42,845 INFO  logging.LoggingHandler (AbstractInternalLogger.java:log(150)) - [id: 0x27e627fc, L:/0.0.0.0:45912] UNREGISTERED
2019-09-26 09:45:42,847 INFO  impl.LeaderElection (LogUtils.java:infoOrTrace(149)) - s0@group-907C491E3841-LeaderElection18 got exception when requesting votes: java.util.concurrent.ExecutionException: java.io.IOException: Connection to s1:0.0.0.0:37575 is closed.
2019-09-26 09:45:42,847 INFO  impl.LeaderElection (LeaderElection.java:logAndReturn(56)) - s0@group-907C491E3841-LeaderElection18: Election REJECTED; received 0 response(s) [] and 1 exception(s); s0@group-907C491E3841:t26, leader=null, voted=s0, raftlog=s0@group-907C491E3841-SegmentedRaftLog:CLOSED:c-1, conf=-1: [s0:0.0.0.0:41447, s1:0.0.0.0:37575, s2:0.0.0.0:34063], old=null
2019-09-26 09:45:42,851 INFO  impl.LeaderElection (LogUtils.java:infoOrTrace(149)) -   Exception 0: java.util.concurrent.ExecutionException: java.io.IOException: Connection to s1:0.0.0.0:37575 is closed.
2019-09-26 09:45:42,853 INFO  ratis.MiniRaftCluster (MiniRaftCluster.java:shutdown(722)) - MiniRaftClusterWithNetty shutdown completed
]]></system-out>
  </testcase>
  <testcase name="testLeaderStepDown" classname="org.apache.ratis.netty.TestRaftReconfigurationWithNetty" time="12.149">
    <failure type="java.lang.AssertionError">java.lang.AssertionError
</failure>
    <system-out><![CDATA[2019-09-26 09:45:42,856 INFO  util.LogUtils (LogUtils.java:setLogLevel(41)) - Set org.apache.ratis.conf.ConfUtils log level to WARN
2019-09-26 09:45:42,857 INFO  util.LogUtils (LogUtils.java:setLogLevel(41)) - Set org.apache.ratis.util.FileUtils log level to TRACE
2019-09-26 09:45:42,859 INFO  ratis.MiniRaftCluster (MiniRaftCluster.java:runWithNewCluster(119)) - Running runWithNewCluster
2019-09-26 09:45:42,861 INFO  ratis.MiniRaftCluster (MiniRaftCluster.java:<init>(253)) - new MiniRaftClusterWithNetty with group-5172BA8D467F:[s3:0.0.0.0:37437, s4:0.0.0.0:38885, s0:0.0.0.0:36205, s1:0.0.0.0:40678, s2:0.0.0.0:37393]
2019-09-26 09:45:42,861 INFO  ratis.MiniRaftCluster (MiniRaftCluster.java:start(287)) - .............................................................. 
2019-09-26 09:45:42,861 INFO  ratis.MiniRaftCluster (MiniRaftCluster.java:start(288)) - ... 
2019-09-26 09:45:42,861 INFO  ratis.MiniRaftCluster (MiniRaftCluster.java:start(289)) - ...     Starting MiniRaftClusterWithNetty
2019-09-26 09:45:42,862 INFO  ratis.MiniRaftCluster (MiniRaftCluster.java:start(290)) - ... 
2019-09-26 09:45:42,862 INFO  ratis.MiniRaftCluster (MiniRaftCluster.java:start(291)) - .............................................................. 
2019-09-26 09:45:42,862 INFO  ratis.MiniRaftCluster (MiniRaftCluster.java:initServers(265)) - servers = {}
2019-09-26 09:45:42,862 INFO  ratis.MiniRaftCluster (MiniRaftCluster.java:newRaftServer(330)) - newRaftServer: s3, group-5172BA8D467F:[s3:0.0.0.0:37437, s4:0.0.0.0:38885, s0:0.0.0.0:36205, s1:0.0.0.0:40678, s2:0.0.0.0:37393], format? true
2019-09-26 09:45:42,862 TRACE util.FileUtils (FileUtils.java:deleteFully(88)) - deleteFully target/test/data/bb022a74/MiniRaftClusterWithNetty436383eb/s3
2019-09-26 09:45:42,863 TRACE util.FileUtils (FileUtils.java:deleteFully(104)) - deleteFully: target/test/data/bb022a74/MiniRaftClusterWithNetty436383eb/s3 does not exist.
2019-09-26 09:45:42,863 INFO  ratis.MiniRaftCluster (MiniRaftCluster.java:newRaftServer(335)) - Formatted directory target/test/data/bb022a74/MiniRaftClusterWithNetty436383eb/s3
2019-09-26 09:45:42,864 INFO  impl.RaftServerProxy (ConfUtils.java:logGet(43)) - raft.rpc.type = NETTY (custom)
2019-09-26 09:45:42,866 INFO  netty.NettyConfigKeys$Server (ConfUtils.java:logGet(43)) - raft.netty.server.port = 37437 (custom)
2019-09-26 09:45:42,868 INFO  server.RaftServerConfigKeys (ConfUtils.java:logGet(43)) - raft.server.storage.dir = [/workdir/ratis-test/target/test/data/bb022a74/MiniRaftClusterWithNetty436383eb/s3] (custom)
2019-09-26 09:45:42,868 INFO  logging.LoggingHandler (AbstractInternalLogger.java:log(150)) - [id: 0xc845bb24] REGISTERED
2019-09-26 09:45:42,868 INFO  logging.LoggingHandler (AbstractInternalLogger.java:log(150)) - [id: 0xc845bb24] BIND: 0.0.0.0/0.0.0.0:37437
2019-09-26 09:45:42,869 INFO  impl.RaftServerProxy (RaftServerProxy.java:addNew(89)) - s3: addNew group-5172BA8D467F:[s3:0.0.0.0:37437, s4:0.0.0.0:38885, s0:0.0.0.0:36205, s1:0.0.0.0:40678, s2:0.0.0.0:37393] returns group-5172BA8D467F:java.util.concurrent.CompletableFuture@58157a79[Not completed]
2019-09-26 09:45:42,869 INFO  logging.LoggingHandler (AbstractInternalLogger.java:log(150)) - [id: 0xc845bb24, L:/0.0.0.0:37437] ACTIVE
2019-09-26 09:45:42,869 INFO  impl.RaftServerImpl (RaftServerImpl.java:<init>(95)) - s3: new RaftServerImpl for group-5172BA8D467F:[s3:0.0.0.0:37437, s4:0.0.0.0:38885, s0:0.0.0.0:36205, s1:0.0.0.0:40678, s2:0.0.0.0:37393] with BaseStateMachine:uninitialized
2019-09-26 09:45:42,869 INFO  ratis.MiniRaftCluster (MiniRaftCluster.java:newRaftServer(330)) - newRaftServer: s4, group-5172BA8D467F:[s3:0.0.0.0:37437, s4:0.0.0.0:38885, s0:0.0.0.0:36205, s1:0.0.0.0:40678, s2:0.0.0.0:37393], format? true
2019-09-26 09:45:42,870 INFO  server.RaftServerConfigKeys (ConfUtils.java:logGet(43)) - raft.server.rpc.timeout.min = 150ms (default)
2019-09-26 09:45:42,870 TRACE util.FileUtils (FileUtils.java:deleteFully(88)) - deleteFully target/test/data/bb022a74/MiniRaftClusterWithNetty436383eb/s4
2019-09-26 09:45:42,871 INFO  server.RaftServerConfigKeys (ConfUtils.java:logGet(43)) - raft.server.rpc.timeout.max = 300ms (default)
2019-09-26 09:45:42,871 TRACE util.FileUtils (FileUtils.java:deleteFully(104)) - deleteFully: target/test/data/bb022a74/MiniRaftClusterWithNetty436383eb/s4 does not exist.
2019-09-26 09:45:42,871 INFO  ratis.MiniRaftCluster (MiniRaftCluster.java:newRaftServer(335)) - Formatted directory target/test/data/bb022a74/MiniRaftClusterWithNetty436383eb/s4
2019-09-26 09:45:42,871 INFO  server.RaftServerConfigKeys (ConfUtils.java:logGet(43)) - raft.server.rpcslowness.timeout = 60s (default)
2019-09-26 09:45:42,871 INFO  server.RaftServerConfigKeys (ConfUtils.java:logGet(43)) - raft.server.sleep.deviation.threshold = 300 (default)
2019-09-26 09:45:42,871 INFO  impl.RaftServerProxy (ConfUtils.java:logGet(43)) - raft.rpc.type = NETTY (custom)
2019-09-26 09:45:42,872 INFO  server.RaftServerConfigKeys (ConfUtils.java:logGet(43)) - raft.server.log.appender.install.snapshot.enabled = true (default)
2019-09-26 09:45:42,872 INFO  impl.RaftServerImpl (ServerState.java:<init>(103)) - s3@group-5172BA8D467F: ConfigurationManager, init=-1: [s3:0.0.0.0:37437, s4:0.0.0.0:38885, s0:0.0.0.0:36205, s1:0.0.0.0:40678, s2:0.0.0.0:37393], old=null, confs=<EMPTY_MAP>
2019-09-26 09:45:42,872 INFO  server.RaftServerConfigKeys (ConfUtils.java:logGet(43)) - raft.server.storage.dir = [/workdir/ratis-test/target/test/data/bb022a74/MiniRaftClusterWithNetty436383eb/s3] (custom)
2019-09-26 09:45:42,873 INFO  server.RaftServerConfigKeys (ConfUtils.java:logGet(43)) - raft.server.log.corruption.policy = EXCEPTION (default)
2019-09-26 09:45:42,873 INFO  storage.RaftStorageDirectory (RaftStorageDirectory.java:analyzeStorage(246)) - The storage directory /workdir/ratis-test/target/test/data/bb022a74/MiniRaftClusterWithNetty436383eb/s3/affa50bd-ac11-477c-8399-5172ba8d467f does not exist. Creating ...
2019-09-26 09:45:42,873 INFO  netty.NettyConfigKeys$Server (ConfUtils.java:logGet(43)) - raft.netty.server.port = 38885 (custom)
2019-09-26 09:45:42,874 TRACE util.FileUtils (LogUtils.java:runAndLog(61)) - Successfully ran Files.createDirectories /workdir/ratis-test/target/test/data/bb022a74/MiniRaftClusterWithNetty436383eb/s3/affa50bd-ac11-477c-8399-5172ba8d467f
2019-09-26 09:45:42,874 INFO  server.RaftServerConfigKeys (ConfUtils.java:logGet(43)) - raft.server.storage.dir = [/workdir/ratis-test/target/test/data/bb022a74/MiniRaftClusterWithNetty436383eb/s4] (custom)
2019-09-26 09:45:42,874 INFO  logging.LoggingHandler (AbstractInternalLogger.java:log(150)) - [id: 0xbe54108c] REGISTERED
2019-09-26 09:45:42,874 INFO  impl.RaftServerProxy (RaftServerProxy.java:addNew(89)) - s4: addNew group-5172BA8D467F:[s3:0.0.0.0:37437, s4:0.0.0.0:38885, s0:0.0.0.0:36205, s1:0.0.0.0:40678, s2:0.0.0.0:37393] returns group-5172BA8D467F:java.util.concurrent.CompletableFuture@28e6a0b3[Not completed]
2019-09-26 09:45:42,875 INFO  logging.LoggingHandler (AbstractInternalLogger.java:log(150)) - [id: 0xbe54108c] BIND: 0.0.0.0/0.0.0.0:38885
2019-09-26 09:45:42,875 INFO  logging.LoggingHandler (AbstractInternalLogger.java:log(150)) - [id: 0xbe54108c, L:/0.0.0.0:38885] ACTIVE
2019-09-26 09:45:42,875 INFO  impl.RaftServerImpl (RaftServerImpl.java:<init>(95)) - s4: new RaftServerImpl for group-5172BA8D467F:[s3:0.0.0.0:37437, s4:0.0.0.0:38885, s0:0.0.0.0:36205, s1:0.0.0.0:40678, s2:0.0.0.0:37393] with BaseStateMachine:uninitialized
2019-09-26 09:45:42,876 INFO  server.RaftServerConfigKeys (ConfUtils.java:logGet(43)) - raft.server.rpc.timeout.min = 150ms (default)
2019-09-26 09:45:42,876 INFO  ratis.MiniRaftCluster (MiniRaftCluster.java:newRaftServer(330)) - newRaftServer: s0, group-5172BA8D467F:[s3:0.0.0.0:37437, s4:0.0.0.0:38885, s0:0.0.0.0:36205, s1:0.0.0.0:40678, s2:0.0.0.0:37393], format? true
2019-09-26 09:45:42,876 INFO  server.RaftServerConfigKeys (ConfUtils.java:logGet(43)) - raft.server.rpc.timeout.max = 300ms (default)
2019-09-26 09:45:42,876 TRACE util.FileUtils (FileUtils.java:deleteFully(88)) - deleteFully target/test/data/bb022a74/MiniRaftClusterWithNetty436383eb/s0
2019-09-26 09:45:42,877 INFO  server.RaftServerConfigKeys (ConfUtils.java:logGet(43)) - raft.server.rpcslowness.timeout = 60s (default)
2019-09-26 09:45:42,877 TRACE util.FileUtils (FileUtils.java:deleteFully(104)) - deleteFully: target/test/data/bb022a74/MiniRaftClusterWithNetty436383eb/s0 does not exist.
2019-09-26 09:45:42,877 INFO  server.RaftServerConfigKeys (ConfUtils.java:logGet(43)) - raft.server.sleep.deviation.threshold = 300 (default)
2019-09-26 09:45:42,877 INFO  ratis.MiniRaftCluster (MiniRaftCluster.java:newRaftServer(335)) - Formatted directory target/test/data/bb022a74/MiniRaftClusterWithNetty436383eb/s0
2019-09-26 09:45:42,877 INFO  server.RaftServerConfigKeys (ConfUtils.java:logGet(43)) - raft.server.log.appender.install.snapshot.enabled = true (default)
2019-09-26 09:45:42,878 INFO  impl.RaftServerProxy (ConfUtils.java:logGet(43)) - raft.rpc.type = NETTY (custom)
2019-09-26 09:45:42,878 INFO  impl.RaftServerImpl (ServerState.java:<init>(103)) - s4@group-5172BA8D467F: ConfigurationManager, init=-1: [s3:0.0.0.0:37437, s4:0.0.0.0:38885, s0:0.0.0.0:36205, s1:0.0.0.0:40678, s2:0.0.0.0:37393], old=null, confs=<EMPTY_MAP>
2019-09-26 09:45:42,878 INFO  server.RaftServerConfigKeys (ConfUtils.java:logGet(43)) - raft.server.storage.dir = [/workdir/ratis-test/target/test/data/bb022a74/MiniRaftClusterWithNetty436383eb/s4] (custom)
2019-09-26 09:45:42,879 INFO  server.RaftServerConfigKeys (ConfUtils.java:logGet(43)) - raft.server.log.corruption.policy = EXCEPTION (default)
2019-09-26 09:45:42,879 INFO  storage.RaftStorageDirectory (RaftStorageDirectory.java:analyzeStorage(246)) - The storage directory /workdir/ratis-test/target/test/data/bb022a74/MiniRaftClusterWithNetty436383eb/s4/affa50bd-ac11-477c-8399-5172ba8d467f does not exist. Creating ...
2019-09-26 09:45:42,879 TRACE util.FileUtils (LogUtils.java:runAndLog(61)) - Successfully ran Files.createDirectories /workdir/ratis-test/target/test/data/bb022a74/MiniRaftClusterWithNetty436383eb/s4/affa50bd-ac11-477c-8399-5172ba8d467f
2019-09-26 09:45:42,880 INFO  netty.NettyConfigKeys$Server (ConfUtils.java:logGet(43)) - raft.netty.server.port = 36205 (custom)
2019-09-26 09:45:42,881 INFO  server.RaftServerConfigKeys (ConfUtils.java:logGet(43)) - raft.server.storage.dir = [/workdir/ratis-test/target/test/data/bb022a74/MiniRaftClusterWithNetty436383eb/s0] (custom)
2019-09-26 09:45:42,881 INFO  logging.LoggingHandler (AbstractInternalLogger.java:log(150)) - [id: 0x038062ad] REGISTERED
2019-09-26 09:45:42,881 INFO  logging.LoggingHandler (AbstractInternalLogger.java:log(150)) - [id: 0x038062ad] BIND: 0.0.0.0/0.0.0.0:36205
2019-09-26 09:45:42,881 INFO  impl.RaftServerProxy (RaftServerProxy.java:addNew(89)) - s0: addNew group-5172BA8D467F:[s3:0.0.0.0:37437, s4:0.0.0.0:38885, s0:0.0.0.0:36205, s1:0.0.0.0:40678, s2:0.0.0.0:37393] returns group-5172BA8D467F:java.util.concurrent.CompletableFuture@7e1c0d40[Not completed]
2019-09-26 09:45:42,881 INFO  logging.LoggingHandler (AbstractInternalLogger.java:log(150)) - [id: 0x038062ad, L:/0.0.0.0:36205] ACTIVE
2019-09-26 09:45:42,882 INFO  ratis.MiniRaftCluster (MiniRaftCluster.java:newRaftServer(330)) - newRaftServer: s1, group-5172BA8D467F:[s3:0.0.0.0:37437, s4:0.0.0.0:38885, s0:0.0.0.0:36205, s1:0.0.0.0:40678, s2:0.0.0.0:37393], format? true
2019-09-26 09:45:42,882 TRACE util.FileUtils (FileUtils.java:deleteFully(88)) - deleteFully target/test/data/bb022a74/MiniRaftClusterWithNetty436383eb/s1
2019-09-26 09:45:42,883 TRACE util.FileUtils (FileUtils.java:deleteFully(104)) - deleteFully: target/test/data/bb022a74/MiniRaftClusterWithNetty436383eb/s1 does not exist.
2019-09-26 09:45:42,883 INFO  ratis.MiniRaftCluster (MiniRaftCluster.java:newRaftServer(335)) - Formatted directory target/test/data/bb022a74/MiniRaftClusterWithNetty436383eb/s1
2019-09-26 09:45:42,883 INFO  impl.RaftServerImpl (RaftServerImpl.java:<init>(95)) - s0: new RaftServerImpl for group-5172BA8D467F:[s3:0.0.0.0:37437, s4:0.0.0.0:38885, s0:0.0.0.0:36205, s1:0.0.0.0:40678, s2:0.0.0.0:37393] with BaseStateMachine:uninitialized
2019-09-26 09:45:42,883 INFO  impl.RaftServerProxy (ConfUtils.java:logGet(43)) - raft.rpc.type = NETTY (custom)
2019-09-26 09:45:42,884 INFO  server.RaftServerConfigKeys (ConfUtils.java:logGet(43)) - raft.server.rpc.timeout.min = 150ms (default)
2019-09-26 09:45:42,885 INFO  server.RaftServerConfigKeys (ConfUtils.java:logGet(43)) - raft.server.rpc.timeout.max = 300ms (default)
2019-09-26 09:45:42,885 INFO  server.RaftServerConfigKeys (ConfUtils.java:logGet(43)) - raft.server.rpcslowness.timeout = 60s (default)
2019-09-26 09:45:42,885 INFO  server.RaftServerConfigKeys (ConfUtils.java:logGet(43)) - raft.server.sleep.deviation.threshold = 300 (default)
2019-09-26 09:45:42,885 INFO  server.RaftServerConfigKeys (ConfUtils.java:logGet(43)) - raft.server.log.appender.install.snapshot.enabled = true (default)
2019-09-26 09:45:42,885 INFO  impl.RaftServerImpl (ServerState.java:<init>(103)) - s0@group-5172BA8D467F: ConfigurationManager, init=-1: [s3:0.0.0.0:37437, s4:0.0.0.0:38885, s0:0.0.0.0:36205, s1:0.0.0.0:40678, s2:0.0.0.0:37393], old=null, confs=<EMPTY_MAP>
2019-09-26 09:45:42,886 INFO  server.RaftServerConfigKeys (ConfUtils.java:logGet(43)) - raft.server.storage.dir = [/workdir/ratis-test/target/test/data/bb022a74/MiniRaftClusterWithNetty436383eb/s0] (custom)
2019-09-26 09:45:42,886 INFO  server.RaftServerConfigKeys (ConfUtils.java:logGet(43)) - raft.server.log.corruption.policy = EXCEPTION (default)
2019-09-26 09:45:42,886 INFO  netty.NettyConfigKeys$Server (ConfUtils.java:logGet(43)) - raft.netty.server.port = 40678 (custom)
2019-09-26 09:45:42,886 INFO  storage.RaftStorageDirectory (RaftStorageDirectory.java:analyzeStorage(246)) - The storage directory /workdir/ratis-test/target/test/data/bb022a74/MiniRaftClusterWithNetty436383eb/s0/affa50bd-ac11-477c-8399-5172ba8d467f does not exist. Creating ...
2019-09-26 09:45:42,887 INFO  server.RaftServerConfigKeys (ConfUtils.java:logGet(43)) - raft.server.storage.dir = [/workdir/ratis-test/target/test/data/bb022a74/MiniRaftClusterWithNetty436383eb/s1] (custom)
2019-09-26 09:45:42,887 INFO  logging.LoggingHandler (AbstractInternalLogger.java:log(150)) - [id: 0x7b24c3b0] REGISTERED
2019-09-26 09:45:42,887 INFO  impl.RaftServerProxy (RaftServerProxy.java:addNew(89)) - s1: addNew group-5172BA8D467F:[s3:0.0.0.0:37437, s4:0.0.0.0:38885, s0:0.0.0.0:36205, s1:0.0.0.0:40678, s2:0.0.0.0:37393] returns group-5172BA8D467F:java.util.concurrent.CompletableFuture@21e6532e[Not completed]
2019-09-26 09:45:42,887 INFO  logging.LoggingHandler (AbstractInternalLogger.java:log(150)) - [id: 0x7b24c3b0] BIND: 0.0.0.0/0.0.0.0:40678
2019-09-26 09:45:42,887 TRACE util.FileUtils (LogUtils.java:runAndLog(61)) - Successfully ran Files.createDirectories /workdir/ratis-test/target/test/data/bb022a74/MiniRaftClusterWithNetty436383eb/s0/affa50bd-ac11-477c-8399-5172ba8d467f
2019-09-26 09:45:42,888 INFO  logging.LoggingHandler (AbstractInternalLogger.java:log(150)) - [id: 0x7b24c3b0, L:/0.0.0.0:40678] ACTIVE
2019-09-26 09:45:42,888 INFO  ratis.MiniRaftCluster (MiniRaftCluster.java:newRaftServer(330)) - newRaftServer: s2, group-5172BA8D467F:[s3:0.0.0.0:37437, s4:0.0.0.0:38885, s0:0.0.0.0:36205, s1:0.0.0.0:40678, s2:0.0.0.0:37393], format? true
2019-09-26 09:45:42,888 TRACE util.FileUtils (FileUtils.java:deleteFully(88)) - deleteFully target/test/data/bb022a74/MiniRaftClusterWithNetty436383eb/s2
2019-09-26 09:45:42,888 INFO  storage.RaftStorageDirectory (RaftStorageDirectory.java:tryLock(328)) - Lock on /workdir/ratis-test/target/test/data/bb022a74/MiniRaftClusterWithNetty436383eb/s4/affa50bd-ac11-477c-8399-5172ba8d467f/in_use.lock acquired by nodename 3395@ratis-test-kn96w-682825239
2019-09-26 09:45:42,888 INFO  storage.RaftStorageDirectory (RaftStorageDirectory.java:tryLock(328)) - Lock on /workdir/ratis-test/target/test/data/bb022a74/MiniRaftClusterWithNetty436383eb/s3/affa50bd-ac11-477c-8399-5172ba8d467f/in_use.lock acquired by nodename 3395@ratis-test-kn96w-682825239
2019-09-26 09:45:42,888 INFO  impl.RaftServerImpl (RaftServerImpl.java:<init>(95)) - s1: new RaftServerImpl for group-5172BA8D467F:[s3:0.0.0.0:37437, s4:0.0.0.0:38885, s0:0.0.0.0:36205, s1:0.0.0.0:40678, s2:0.0.0.0:37393] with BaseStateMachine:uninitialized
2019-09-26 09:45:42,888 TRACE util.FileUtils (FileUtils.java:deleteFully(104)) - deleteFully: target/test/data/bb022a74/MiniRaftClusterWithNetty436383eb/s2 does not exist.
2019-09-26 09:45:42,890 INFO  server.RaftServerConfigKeys (ConfUtils.java:logGet(43)) - raft.server.rpc.timeout.min = 150ms (default)
2019-09-26 09:45:42,890 TRACE util.FileUtils (LogUtils.java:runAndLog(61)) - Successfully ran Files.createDirectories /workdir/ratis-test/target/test/data/bb022a74/MiniRaftClusterWithNetty436383eb/s3/affa50bd-ac11-477c-8399-5172ba8d467f/current
2019-09-26 09:45:42,890 TRACE util.FileUtils (LogUtils.java:runAndLog(61)) - Successfully ran Files.createDirectories /workdir/ratis-test/target/test/data/bb022a74/MiniRaftClusterWithNetty436383eb/s4/affa50bd-ac11-477c-8399-5172ba8d467f/current
2019-09-26 09:45:42,890 TRACE util.FileUtils (LogUtils.java:runAndLog(61)) - Successfully ran Files.createDirectories /workdir/ratis-test/target/test/data/bb022a74/MiniRaftClusterWithNetty436383eb/s3/affa50bd-ac11-477c-8399-5172ba8d467f/sm
2019-09-26 09:45:42,890 INFO  storage.RaftStorageDirectory (RaftStorageDirectory.java:tryLock(328)) - Lock on /workdir/ratis-test/target/test/data/bb022a74/MiniRaftClusterWithNetty436383eb/s0/affa50bd-ac11-477c-8399-5172ba8d467f/in_use.lock acquired by nodename 3395@ratis-test-kn96w-682825239
2019-09-26 09:45:42,890 INFO  server.RaftServerConfigKeys (ConfUtils.java:logGet(43)) - raft.server.rpc.timeout.max = 300ms (default)
2019-09-26 09:45:42,890 INFO  ratis.MiniRaftCluster (MiniRaftCluster.java:newRaftServer(335)) - Formatted directory target/test/data/bb022a74/MiniRaftClusterWithNetty436383eb/s2
2019-09-26 09:45:42,891 TRACE util.FileUtils (LogUtils.java:runAndLog(61)) - Successfully ran Files.createDirectories /workdir/ratis-test/target/test/data/bb022a74/MiniRaftClusterWithNetty436383eb/s0/affa50bd-ac11-477c-8399-5172ba8d467f/current
2019-09-26 09:45:42,891 INFO  server.RaftServerConfigKeys (ConfUtils.java:logGet(43)) - raft.server.rpcslowness.timeout = 60s (default)
2019-09-26 09:45:42,892 TRACE util.FileUtils (LogUtils.java:runAndLog(61)) - Successfully ran Files.createDirectories /workdir/ratis-test/target/test/data/bb022a74/MiniRaftClusterWithNetty436383eb/s0/affa50bd-ac11-477c-8399-5172ba8d467f/sm
2019-09-26 09:45:42,891 TRACE util.FileUtils (LogUtils.java:runAndLog(61)) - Successfully ran Files.createDirectories /workdir/ratis-test/target/test/data/bb022a74/MiniRaftClusterWithNetty436383eb/s4/affa50bd-ac11-477c-8399-5172ba8d467f/sm
2019-09-26 09:45:42,892 INFO  server.RaftServerConfigKeys (ConfUtils.java:logGet(43)) - raft.server.sleep.deviation.threshold = 300 (default)
2019-09-26 09:45:42,891 INFO  impl.RaftServerProxy (ConfUtils.java:logGet(43)) - raft.rpc.type = NETTY (custom)
2019-09-26 09:45:42,892 INFO  server.RaftServerConfigKeys (ConfUtils.java:logGet(43)) - raft.server.log.appender.install.snapshot.enabled = true (default)
2019-09-26 09:45:42,893 INFO  impl.RaftServerImpl (ServerState.java:<init>(103)) - s1@group-5172BA8D467F: ConfigurationManager, init=-1: [s3:0.0.0.0:37437, s4:0.0.0.0:38885, s0:0.0.0.0:36205, s1:0.0.0.0:40678, s2:0.0.0.0:37393], old=null, confs=<EMPTY_MAP>
2019-09-26 09:45:42,893 INFO  server.RaftServerConfigKeys (ConfUtils.java:logGet(43)) - raft.server.storage.dir = [/workdir/ratis-test/target/test/data/bb022a74/MiniRaftClusterWithNetty436383eb/s1] (custom)
2019-09-26 09:45:42,893 INFO  server.RaftServerConfigKeys (ConfUtils.java:logGet(43)) - raft.server.log.corruption.policy = EXCEPTION (default)
2019-09-26 09:45:42,893 INFO  storage.RaftStorageDirectory (RaftStorageDirectory.java:analyzeStorage(246)) - The storage directory /workdir/ratis-test/target/test/data/bb022a74/MiniRaftClusterWithNetty436383eb/s1/affa50bd-ac11-477c-8399-5172ba8d467f does not exist. Creating ...
2019-09-26 09:45:42,894 INFO  netty.NettyConfigKeys$Server (ConfUtils.java:logGet(43)) - raft.netty.server.port = 37393 (custom)
2019-09-26 09:45:42,894 TRACE util.FileUtils (LogUtils.java:runAndLog(61)) - Successfully ran Files.createDirectories /workdir/ratis-test/target/test/data/bb022a74/MiniRaftClusterWithNetty436383eb/s1/affa50bd-ac11-477c-8399-5172ba8d467f
2019-09-26 09:45:42,894 INFO  server.RaftServerConfigKeys (ConfUtils.java:logGet(43)) - raft.server.storage.dir = [/workdir/ratis-test/target/test/data/bb022a74/MiniRaftClusterWithNetty436383eb/s2] (custom)
2019-09-26 09:45:42,894 INFO  logging.LoggingHandler (AbstractInternalLogger.java:log(150)) - [id: 0xc52b199c] REGISTERED
2019-09-26 09:45:42,895 INFO  logging.LoggingHandler (AbstractInternalLogger.java:log(150)) - [id: 0xc52b199c] BIND: 0.0.0.0/0.0.0.0:37393
2019-09-26 09:45:42,895 INFO  impl.RaftServerProxy (RaftServerProxy.java:addNew(89)) - s2: addNew group-5172BA8D467F:[s3:0.0.0.0:37437, s4:0.0.0.0:38885, s0:0.0.0.0:36205, s1:0.0.0.0:40678, s2:0.0.0.0:37393] returns group-5172BA8D467F:java.util.concurrent.CompletableFuture@50f4023e[Not completed]
2019-09-26 09:45:42,895 INFO  logging.LoggingHandler (AbstractInternalLogger.java:log(150)) - [id: 0xc52b199c, L:/0.0.0.0:37393] ACTIVE
2019-09-26 09:45:42,896 INFO  impl.RaftServerImpl (RaftServerImpl.java:<init>(95)) - s2: new RaftServerImpl for group-5172BA8D467F:[s3:0.0.0.0:37437, s4:0.0.0.0:38885, s0:0.0.0.0:36205, s1:0.0.0.0:40678, s2:0.0.0.0:37393] with BaseStateMachine:uninitialized
2019-09-26 09:45:42,896 INFO  server.RaftServerConfigKeys (ConfUtils.java:logGet(43)) - raft.server.rpc.timeout.min = 150ms (default)
2019-09-26 09:45:42,897 INFO  server.RaftServerConfigKeys (ConfUtils.java:logGet(43)) - raft.server.rpc.timeout.max = 300ms (default)
2019-09-26 09:45:42,897 INFO  server.RaftServerConfigKeys (ConfUtils.java:logGet(43)) - raft.server.rpcslowness.timeout = 60s (default)
2019-09-26 09:45:42,897 INFO  server.RaftServerConfigKeys (ConfUtils.java:logGet(43)) - raft.server.sleep.deviation.threshold = 300 (default)
2019-09-26 09:45:42,897 INFO  server.RaftServerConfigKeys (ConfUtils.java:logGet(43)) - raft.server.log.appender.install.snapshot.enabled = true (default)
2019-09-26 09:45:42,897 INFO  impl.RaftServerImpl (ServerState.java:<init>(103)) - s2@group-5172BA8D467F: ConfigurationManager, init=-1: [s3:0.0.0.0:37437, s4:0.0.0.0:38885, s0:0.0.0.0:36205, s1:0.0.0.0:40678, s2:0.0.0.0:37393], old=null, confs=<EMPTY_MAP>
2019-09-26 09:45:42,897 INFO  server.RaftServerConfigKeys (ConfUtils.java:logGet(43)) - raft.server.storage.dir = [/workdir/ratis-test/target/test/data/bb022a74/MiniRaftClusterWithNetty436383eb/s2] (custom)
2019-09-26 09:45:42,898 INFO  server.RaftServerConfigKeys (ConfUtils.java:logGet(43)) - raft.server.log.corruption.policy = EXCEPTION (default)
2019-09-26 09:45:42,898 INFO  storage.RaftStorageDirectory (RaftStorageDirectory.java:analyzeStorage(246)) - The storage directory /workdir/ratis-test/target/test/data/bb022a74/MiniRaftClusterWithNetty436383eb/s2/affa50bd-ac11-477c-8399-5172ba8d467f does not exist. Creating ...
2019-09-26 09:45:42,898 TRACE util.FileUtils (LogUtils.java:runAndLog(61)) - Successfully ran Files.createDirectories /workdir/ratis-test/target/test/data/bb022a74/MiniRaftClusterWithNetty436383eb/s2/affa50bd-ac11-477c-8399-5172ba8d467f
2019-09-26 09:45:42,904 INFO  storage.RaftStorageDirectory (RaftStorageDirectory.java:tryLock(328)) - Lock on /workdir/ratis-test/target/test/data/bb022a74/MiniRaftClusterWithNetty436383eb/s1/affa50bd-ac11-477c-8399-5172ba8d467f/in_use.lock acquired by nodename 3395@ratis-test-kn96w-682825239
2019-09-26 09:45:42,904 INFO  storage.RaftStorage (RaftStorage.java:format(84)) - Storage directory /workdir/ratis-test/target/test/data/bb022a74/MiniRaftClusterWithNetty436383eb/s3/affa50bd-ac11-477c-8399-5172ba8d467f has been successfully formatted.
2019-09-26 09:45:42,904 INFO  storage.RaftStorage (RaftStorage.java:format(84)) - Storage directory /workdir/ratis-test/target/test/data/bb022a74/MiniRaftClusterWithNetty436383eb/s4/affa50bd-ac11-477c-8399-5172ba8d467f has been successfully formatted.
2019-09-26 09:45:42,904 INFO  storage.RaftStorage (RaftStorage.java:format(84)) - Storage directory /workdir/ratis-test/target/test/data/bb022a74/MiniRaftClusterWithNetty436383eb/s0/affa50bd-ac11-477c-8399-5172ba8d467f has been successfully formatted.
2019-09-26 09:45:42,904 INFO  storage.RaftStorageDirectory (RaftStorageDirectory.java:tryLock(328)) - Lock on /workdir/ratis-test/target/test/data/bb022a74/MiniRaftClusterWithNetty436383eb/s2/affa50bd-ac11-477c-8399-5172ba8d467f/in_use.lock acquired by nodename 3395@ratis-test-kn96w-682825239
2019-09-26 09:45:42,905 INFO  server.RaftServerConfigKeys (ConfUtils.java:logGet(43)) - raft.server.notification.no-leader.timeout = 60s (default)
2019-09-26 09:45:42,905 INFO  server.RaftServerConfigKeys (ConfUtils.java:logGet(43)) - raft.server.notification.no-leader.timeout = 60s (default)
2019-09-26 09:45:42,905 INFO  server.RaftServerConfigKeys (ConfUtils.java:logGet(43)) - raft.server.notification.no-leader.timeout = 60s (default)
2019-09-26 09:45:42,905 TRACE util.FileUtils (LogUtils.java:runAndLog(61)) - Successfully ran Files.createDirectories /workdir/ratis-test/target/test/data/bb022a74/MiniRaftClusterWithNetty436383eb/s1/affa50bd-ac11-477c-8399-5172ba8d467f/current
2019-09-26 09:45:42,906 INFO  server.RaftServerConfigKeys (ConfUtils.java:logGet(43)) - raft.server.log.use.memory = false (default)
2019-09-26 09:45:42,906 INFO  server.RaftServerConfigKeys (ConfUtils.java:logGet(43)) - raft.server.log.use.memory = false (default)
2019-09-26 09:45:42,905 TRACE util.FileUtils (LogUtils.java:runAndLog(61)) - Successfully ran Files.createDirectories /workdir/ratis-test/target/test/data/bb022a74/MiniRaftClusterWithNetty436383eb/s2/affa50bd-ac11-477c-8399-5172ba8d467f/current
2019-09-26 09:45:42,905 INFO  server.RaftServerConfigKeys (ConfUtils.java:logGet(43)) - raft.server.log.use.memory = false (default)
2019-09-26 09:45:42,907 TRACE util.FileUtils (LogUtils.java:runAndLog(61)) - Successfully ran Files.createDirectories /workdir/ratis-test/target/test/data/bb022a74/MiniRaftClusterWithNetty436383eb/s2/affa50bd-ac11-477c-8399-5172ba8d467f/sm
2019-09-26 09:45:42,906 INFO  server.RaftServerConfigKeys (ConfUtils.java:logGet(43)) - raft.server.log.purge.gap = 1024 (default)
2019-09-26 09:45:42,906 TRACE util.FileUtils (LogUtils.java:runAndLog(61)) - Successfully ran Files.createDirectories /workdir/ratis-test/target/test/data/bb022a74/MiniRaftClusterWithNetty436383eb/s1/affa50bd-ac11-477c-8399-5172ba8d467f/sm
2019-09-26 09:45:42,907 INFO  server.RaftServerConfigKeys (ConfUtils.java:logGet(43)) - raft.server.log.appender.buffer.byte-limit = 4MB (=4194304) (default)
2019-09-26 09:45:42,907 INFO  server.RaftServerConfigKeys (ConfUtils.java:logGet(43)) - raft.server.log.purge.gap = 1024 (default)
2019-09-26 09:45:42,907 INFO  server.RaftServerConfigKeys (ConfUtils.java:logGet(43)) - raft.server.log.purge.gap = 1024 (default)
2019-09-26 09:45:42,908 INFO  server.RaftServerConfigKeys (ConfUtils.java:logGet(43)) - raft.server.log.appender.buffer.byte-limit = 4MB (=4194304) (default)
2019-09-26 09:45:42,907 INFO  server.RaftServerConfigKeys (ConfUtils.java:logGet(43)) - raft.server.log.segment.size.max = 8MB (=8388608) (default)
2019-09-26 09:45:42,908 INFO  server.RaftServerConfigKeys (ConfUtils.java:logGet(43)) - raft.server.log.segment.size.max = 8MB (=8388608) (default)
2019-09-26 09:45:42,908 INFO  server.RaftServerConfigKeys (ConfUtils.java:logGet(43)) - raft.server.log.appender.buffer.byte-limit = 4MB (=4194304) (default)
2019-09-26 09:45:42,908 INFO  server.RaftServerConfigKeys (ConfUtils.java:logGet(43)) - raft.server.log.segment.cache.num.max = 6 (default)
2019-09-26 09:45:42,908 INFO  server.RaftServerConfigKeys (ConfUtils.java:logGet(43)) - raft.server.log.segment.cache.num.max = 6 (default)
2019-09-26 09:45:42,909 INFO  segmented.SegmentedRaftLogWorker (SegmentedRaftLogWorker.java:<init>(172)) - new s4@group-5172BA8D467F-SegmentedRaftLogWorker for RaftStorage:Storage Directory /workdir/ratis-test/target/test/data/bb022a74/MiniRaftClusterWithNetty436383eb/s4/affa50bd-ac11-477c-8399-5172ba8d467f
2019-09-26 09:45:42,908 INFO  server.RaftServerConfigKeys (ConfUtils.java:logGet(43)) - raft.server.log.segment.size.max = 8MB (=8388608) (default)
2019-09-26 09:45:42,909 INFO  server.RaftServerConfigKeys (ConfUtils.java:logGet(43)) - raft.server.log.queue.byte-limit = 64MB (=67108864) (default)
2019-09-26 09:45:42,909 INFO  segmented.SegmentedRaftLogWorker (SegmentedRaftLogWorker.java:<init>(172)) - new s3@group-5172BA8D467F-SegmentedRaftLogWorker for RaftStorage:Storage Directory /workdir/ratis-test/target/test/data/bb022a74/MiniRaftClusterWithNetty436383eb/s3/affa50bd-ac11-477c-8399-5172ba8d467f
2019-09-26 09:45:42,909 INFO  server.RaftServerConfigKeys (ConfUtils.java:logGet(43)) - raft.server.log.queue.element-limit = 4096 (default)
2019-09-26 09:45:42,909 INFO  server.RaftServerConfigKeys (ConfUtils.java:logGet(43)) - raft.server.log.segment.cache.num.max = 6 (default)
2019-09-26 09:45:42,910 INFO  server.RaftServerConfigKeys (ConfUtils.java:logGet(43)) - raft.server.log.segment.size.max = 8MB (=8388608) (default)
2019-09-26 09:45:42,910 INFO  server.RaftServerConfigKeys (ConfUtils.java:logGet(43)) - raft.server.log.preallocated.size = 4MB (=4194304) (default)
2019-09-26 09:45:42,909 INFO  server.RaftServerConfigKeys (ConfUtils.java:logGet(43)) - raft.server.log.queue.byte-limit = 64MB (=67108864) (default)
2019-09-26 09:45:42,910 INFO  server.RaftServerConfigKeys (ConfUtils.java:logGet(43)) - raft.server.log.write.buffer.size = 64KB (=65536) (default)
2019-09-26 09:45:42,910 INFO  segmented.SegmentedRaftLogWorker (SegmentedRaftLogWorker.java:<init>(172)) - new s0@group-5172BA8D467F-SegmentedRaftLogWorker for RaftStorage:Storage Directory /workdir/ratis-test/target/test/data/bb022a74/MiniRaftClusterWithNetty436383eb/s0/affa50bd-ac11-477c-8399-5172ba8d467f
2019-09-26 09:45:42,910 INFO  server.RaftServerConfigKeys (ConfUtils.java:logGet(43)) - raft.server.log.force.sync.num = 128 (default)
2019-09-26 09:45:42,910 INFO  server.RaftServerConfigKeys (ConfUtils.java:logGet(43)) - raft.server.log.queue.element-limit = 4096 (default)
2019-09-26 09:45:42,911 INFO  server.RaftServerConfigKeys (ConfUtils.java:logGet(43)) - raft.server.log.statemachine.data.sync = true (default)
2019-09-26 09:45:42,910 INFO  server.RaftServerConfigKeys (ConfUtils.java:logGet(43)) - raft.server.log.queue.byte-limit = 64MB (=67108864) (default)
2019-09-26 09:45:42,911 INFO  server.RaftServerConfigKeys (ConfUtils.java:logGet(43)) - raft.server.log.statemachine.data.sync.timeout = 10s (default)
2019-09-26 09:45:42,911 INFO  server.RaftServerConfigKeys (ConfUtils.java:logGet(43)) - raft.server.log.segment.size.max = 8MB (=8388608) (default)
2019-09-26 09:45:42,911 INFO  server.RaftServerConfigKeys (ConfUtils.java:logGet(43)) - raft.server.log.statemachine.data.sync.timeout.retry = -1 (default)
2019-09-26 09:45:42,911 INFO  server.RaftServerConfigKeys (ConfUtils.java:logGet(43)) - raft.server.log.queue.element-limit = 4096 (default)
2019-09-26 09:45:42,912 INFO  server.RaftServerConfigKeys (ConfUtils.java:logGet(43)) - raft.server.log.statemachine.data.caching.enabled = false (default)
2019-09-26 09:45:42,911 INFO  server.RaftServerConfigKeys (ConfUtils.java:logGet(43)) - raft.server.log.preallocated.size = 4MB (=4194304) (default)
2019-09-26 09:45:42,912 INFO  server.RaftServerConfigKeys (ConfUtils.java:logGet(43)) - raft.server.log.segment.size.max = 8MB (=8388608) (default)
2019-09-26 09:45:42,912 INFO  segmented.SegmentedRaftLogWorker (SegmentedRaftLogWorker.java:lambda$new$0(132)) - s4@group-5172BA8D467F-SegmentedRaftLogWorker: flushIndex: setUnconditionally 0 -> -1
2019-09-26 09:45:42,912 INFO  server.RaftServerConfigKeys (ConfUtils.java:logGet(43)) - raft.server.log.write.buffer.size = 64KB (=65536) (default)
2019-09-26 09:45:42,912 INFO  server.RaftServerConfigKeys (ConfUtils.java:logGet(43)) - raft.server.log.preallocated.size = 4MB (=4194304) (default)
2019-09-26 09:45:42,913 INFO  server.RaftServerConfigKeys (ConfUtils.java:logGet(43)) - raft.server.snapshot.auto.trigger.enabled = false (default)
2019-09-26 09:45:42,912 INFO  server.RaftServerConfigKeys (ConfUtils.java:logGet(43)) - raft.server.log.force.sync.num = 128 (default)
2019-09-26 09:45:42,913 INFO  server.RaftServerConfigKeys (ConfUtils.java:logGet(43)) - raft.server.snapshot.retention.file.num = -1 (default)
2019-09-26 09:45:42,913 INFO  server.RaftServerConfigKeys (ConfUtils.java:logGet(43)) - raft.server.log.write.buffer.size = 64KB (=65536) (default)
2019-09-26 09:45:42,913 INFO  server.RaftServerConfigKeys (ConfUtils.java:logGet(43)) - raft.server.retrycache.expirytime = 60s (default)
2019-09-26 09:45:42,913 INFO  server.RaftServerConfigKeys (ConfUtils.java:logGet(43)) - raft.server.log.statemachine.data.sync = true (default)
2019-09-26 09:45:42,913 INFO  server.RaftServerConfigKeys (ConfUtils.java:logGet(43)) - raft.server.log.force.sync.num = 128 (default)
2019-09-26 09:45:42,914 INFO  server.RaftServerConfigKeys (ConfUtils.java:logGet(43)) - raft.server.log.statemachine.data.sync.timeout = 10s (default)
2019-09-26 09:45:42,914 INFO  server.RaftServerConfigKeys (ConfUtils.java:logGet(43)) - raft.server.log.statemachine.data.sync = true (default)
2019-09-26 09:45:42,914 INFO  server.RaftServerConfigKeys (ConfUtils.java:logGet(43)) - raft.server.log.statemachine.data.sync.timeout.retry = -1 (default)
2019-09-26 09:45:42,914 INFO  server.RaftServerConfigKeys (ConfUtils.java:logGet(43)) - raft.server.log.statemachine.data.sync.timeout = 10s (default)
2019-09-26 09:45:42,914 INFO  server.RaftServerConfigKeys (ConfUtils.java:logGet(43)) - raft.server.log.statemachine.data.caching.enabled = false (default)
2019-09-26 09:45:42,914 INFO  server.RaftServerConfigKeys (ConfUtils.java:logGet(43)) - raft.server.log.statemachine.data.sync.timeout.retry = -1 (default)
2019-09-26 09:45:42,915 INFO  segmented.SegmentedRaftLogWorker (SegmentedRaftLogWorker.java:lambda$new$0(132)) - s3@group-5172BA8D467F-SegmentedRaftLogWorker: flushIndex: setUnconditionally 0 -> -1
2019-09-26 09:45:42,915 INFO  server.RaftServerConfigKeys (ConfUtils.java:logGet(43)) - raft.server.log.statemachine.data.caching.enabled = false (default)
2019-09-26 09:45:42,915 INFO  server.RaftServerConfigKeys (ConfUtils.java:logGet(43)) - raft.server.snapshot.auto.trigger.enabled = false (default)
2019-09-26 09:45:42,915 INFO  segmented.SegmentedRaftLogWorker (SegmentedRaftLogWorker.java:lambda$new$0(132)) - s0@group-5172BA8D467F-SegmentedRaftLogWorker: flushIndex: setUnconditionally 0 -> -1
2019-09-26 09:45:42,916 INFO  server.RaftServerConfigKeys (ConfUtils.java:logGet(43)) - raft.server.snapshot.retention.file.num = -1 (default)
2019-09-26 09:45:42,916 INFO  server.RaftServerConfigKeys (ConfUtils.java:logGet(43)) - raft.server.snapshot.auto.trigger.enabled = false (default)
2019-09-26 09:45:42,916 INFO  server.RaftServerConfigKeys (ConfUtils.java:logGet(43)) - raft.server.retrycache.expirytime = 60s (default)
2019-09-26 09:45:42,916 INFO  server.RaftServerConfigKeys (ConfUtils.java:logGet(43)) - raft.server.snapshot.retention.file.num = -1 (default)
2019-09-26 09:45:42,916 INFO  server.RaftServerConfigKeys (ConfUtils.java:logGet(43)) - raft.server.retrycache.expirytime = 60s (default)
2019-09-26 09:45:42,920 INFO  impl.RaftServerImpl (RaftServerImpl.java:start(181)) - s3@group-5172BA8D467F: start as a follower, conf=-1: [s3:0.0.0.0:37437, s4:0.0.0.0:38885, s0:0.0.0.0:36205, s1:0.0.0.0:40678, s2:0.0.0.0:37393], old=null
2019-09-26 09:45:42,921 INFO  impl.RaftServerImpl (RaftServerImpl.java:setRole(170)) - s3@group-5172BA8D467F: changes role from      null to FOLLOWER at term 0 for startAsFollower
2019-09-26 09:45:42,921 INFO  storage.RaftStorage (RaftStorage.java:format(84)) - Storage directory /workdir/ratis-test/target/test/data/bb022a74/MiniRaftClusterWithNetty436383eb/s1/affa50bd-ac11-477c-8399-5172ba8d467f has been successfully formatted.
2019-09-26 09:45:42,921 INFO  storage.RaftStorage (RaftStorage.java:format(84)) - Storage directory /workdir/ratis-test/target/test/data/bb022a74/MiniRaftClusterWithNetty436383eb/s2/affa50bd-ac11-477c-8399-5172ba8d467f has been successfully formatted.
2019-09-26 09:45:42,921 INFO  server.RaftServerConfigKeys (ConfUtils.java:logGet(43)) - raft.server.notification.no-leader.timeout = 60s (default)
2019-09-26 09:45:42,921 INFO  impl.RoleInfo (RoleInfo.java:updateAndGet(143)) - s3: start FollowerState
2019-09-26 09:45:42,921 INFO  server.RaftServerConfigKeys (ConfUtils.java:logGet(43)) - raft.server.log.use.memory = false (default)
2019-09-26 09:45:42,921 INFO  server.RaftServerConfigKeys (ConfUtils.java:logGet(43)) - raft.server.notification.no-leader.timeout = 60s (default)
2019-09-26 09:45:42,922 INFO  server.RaftServerConfigKeys (ConfUtils.java:logGet(43)) - raft.server.log.purge.gap = 1024 (default)
2019-09-26 09:45:42,922 INFO  util.JmxRegister (JmxRegister.java:tryRegister(44)) - Successfully registered JMX Bean with object name Ratis:service=RaftServer,group=group-5172BA8D467F,id=s3
2019-09-26 09:45:42,922 INFO  server.RaftServerConfigKeys (ConfUtils.java:logGet(43)) - raft.server.log.use.memory = false (default)
2019-09-26 09:45:42,922 INFO  server.RaftServerConfigKeys (ConfUtils.java:logGet(43)) - raft.server.log.appender.buffer.byte-limit = 4MB (=4194304) (default)
2019-09-26 09:45:42,923 INFO  server.RaftServerConfigKeys (ConfUtils.java:logGet(43)) - raft.server.log.purge.gap = 1024 (default)
2019-09-26 09:45:42,923 INFO  server.RaftServerConfigKeys (ConfUtils.java:logGet(43)) - raft.server.log.segment.size.max = 8MB (=8388608) (default)
2019-09-26 09:45:42,923 INFO  server.RaftServerConfigKeys (ConfUtils.java:logGet(43)) - raft.server.log.appender.buffer.byte-limit = 4MB (=4194304) (default)
2019-09-26 09:45:42,923 INFO  server.RaftServerConfigKeys (ConfUtils.java:logGet(43)) - raft.server.log.segment.cache.num.max = 6 (default)
2019-09-26 09:45:42,923 INFO  server.RaftServerConfigKeys (ConfUtils.java:logGet(43)) - raft.server.log.segment.size.max = 8MB (=8388608) (default)
2019-09-26 09:45:42,923 INFO  segmented.SegmentedRaftLogWorker (SegmentedRaftLogWorker.java:<init>(172)) - new s1@group-5172BA8D467F-SegmentedRaftLogWorker for RaftStorage:Storage Directory /workdir/ratis-test/target/test/data/bb022a74/MiniRaftClusterWithNetty436383eb/s1/affa50bd-ac11-477c-8399-5172ba8d467f
2019-09-26 09:45:42,923 INFO  server.RaftServerConfigKeys (ConfUtils.java:logGet(43)) - raft.server.log.segment.cache.num.max = 6 (default)
2019-09-26 09:45:42,924 INFO  server.RaftServerConfigKeys (ConfUtils.java:logGet(43)) - raft.server.log.queue.byte-limit = 64MB (=67108864) (default)
2019-09-26 09:45:42,924 INFO  segmented.SegmentedRaftLogWorker (SegmentedRaftLogWorker.java:<init>(172)) - new s2@group-5172BA8D467F-SegmentedRaftLogWorker for RaftStorage:Storage Directory /workdir/ratis-test/target/test/data/bb022a74/MiniRaftClusterWithNetty436383eb/s2/affa50bd-ac11-477c-8399-5172ba8d467f
2019-09-26 09:45:42,924 INFO  server.RaftServerConfigKeys (ConfUtils.java:logGet(43)) - raft.server.log.queue.element-limit = 4096 (default)
2019-09-26 09:45:42,924 INFO  server.RaftServerConfigKeys (ConfUtils.java:logGet(43)) - raft.server.log.queue.byte-limit = 64MB (=67108864) (default)
2019-09-26 09:45:42,924 INFO  server.RaftServerConfigKeys (ConfUtils.java:logGet(43)) - raft.server.log.queue.element-limit = 4096 (default)
2019-09-26 09:45:42,924 INFO  server.RaftServerConfigKeys (ConfUtils.java:logGet(43)) - raft.server.log.segment.size.max = 8MB (=8388608) (default)
2019-09-26 09:45:42,924 INFO  server.RaftServerConfigKeys (ConfUtils.java:logGet(43)) - raft.server.log.segment.size.max = 8MB (=8388608) (default)
2019-09-26 09:45:42,925 INFO  server.RaftServerConfigKeys (ConfUtils.java:logGet(43)) - raft.server.log.preallocated.size = 4MB (=4194304) (default)
2019-09-26 09:45:42,925 INFO  server.RaftServerConfigKeys (ConfUtils.java:logGet(43)) - raft.server.log.preallocated.size = 4MB (=4194304) (default)
2019-09-26 09:45:42,925 INFO  server.RaftServerConfigKeys (ConfUtils.java:logGet(43)) - raft.server.log.write.buffer.size = 64KB (=65536) (default)
2019-09-26 09:45:42,925 INFO  server.RaftServerConfigKeys (ConfUtils.java:logGet(43)) - raft.server.log.write.buffer.size = 64KB (=65536) (default)
2019-09-26 09:45:42,925 INFO  server.RaftServerConfigKeys (ConfUtils.java:logGet(43)) - raft.server.log.force.sync.num = 128 (default)
2019-09-26 09:45:42,925 INFO  impl.RaftServerProxy (RaftServerProxy.java:lambda$start$3(299)) - s3: start RPC server
2019-09-26 09:45:42,926 INFO  server.RaftServerConfigKeys (ConfUtils.java:logGet(43)) - raft.server.log.statemachine.data.sync = true (default)
2019-09-26 09:45:42,925 INFO  server.RaftServerConfigKeys (ConfUtils.java:logGet(43)) - raft.server.log.force.sync.num = 128 (default)
2019-09-26 09:45:42,927 INFO  server.RaftServerConfigKeys (ConfUtils.java:logGet(43)) - raft.server.log.statemachine.data.sync.timeout = 10s (default)
2019-09-26 09:45:42,926 INFO  impl.RaftServerImpl (RaftServerImpl.java:start(181)) - s4@group-5172BA8D467F: start as a follower, conf=-1: [s3:0.0.0.0:37437, s4:0.0.0.0:38885, s0:0.0.0.0:36205, s1:0.0.0.0:40678, s2:0.0.0.0:37393], old=null
2019-09-26 09:45:42,927 INFO  server.RaftServerConfigKeys (ConfUtils.java:logGet(43)) - raft.server.log.statemachine.data.sync.timeout.retry = -1 (default)
2019-09-26 09:45:42,927 INFO  server.RaftServerConfigKeys (ConfUtils.java:logGet(43)) - raft.server.log.statemachine.data.sync = true (default)
2019-09-26 09:45:42,927 INFO  server.RaftServerConfigKeys (ConfUtils.java:logGet(43)) - raft.server.log.statemachine.data.caching.enabled = false (default)
2019-09-26 09:45:42,927 INFO  impl.RaftServerImpl (RaftServerImpl.java:setRole(170)) - s4@group-5172BA8D467F: changes role from      null to FOLLOWER at term 0 for startAsFollower
2019-09-26 09:45:42,928 INFO  segmented.SegmentedRaftLogWorker (SegmentedRaftLogWorker.java:lambda$new$0(132)) - s1@group-5172BA8D467F-SegmentedRaftLogWorker: flushIndex: setUnconditionally 0 -> -1
2019-09-26 09:45:42,927 INFO  server.RaftServerConfigKeys (ConfUtils.java:logGet(43)) - raft.server.log.statemachine.data.sync.timeout = 10s (default)
2019-09-26 09:45:42,928 INFO  impl.RoleInfo (RoleInfo.java:updateAndGet(143)) - s4: start FollowerState
2019-09-26 09:45:42,928 INFO  server.RaftServerConfigKeys (ConfUtils.java:logGet(43)) - raft.server.snapshot.auto.trigger.enabled = false (default)
2019-09-26 09:45:42,928 INFO  server.RaftServerConfigKeys (ConfUtils.java:logGet(43)) - raft.server.log.statemachine.data.sync.timeout.retry = -1 (default)
2019-09-26 09:45:42,928 INFO  server.RaftServerConfigKeys (ConfUtils.java:logGet(43)) - raft.server.snapshot.retention.file.num = -1 (default)
2019-09-26 09:45:42,929 INFO  server.RaftServerConfigKeys (ConfUtils.java:logGet(43)) - raft.server.log.statemachine.data.caching.enabled = false (default)
2019-09-26 09:45:42,929 INFO  util.JmxRegister (JmxRegister.java:tryRegister(44)) - Successfully registered JMX Bean with object name Ratis:service=RaftServer,group=group-5172BA8D467F,id=s4
2019-09-26 09:45:42,929 INFO  segmented.SegmentedRaftLogWorker (SegmentedRaftLogWorker.java:lambda$new$0(132)) - s2@group-5172BA8D467F-SegmentedRaftLogWorker: flushIndex: setUnconditionally 0 -> -1
2019-09-26 09:45:42,929 INFO  server.RaftServerConfigKeys (ConfUtils.java:logGet(43)) - raft.server.retrycache.expirytime = 60s (default)
2019-09-26 09:45:42,929 INFO  server.RaftServerConfigKeys (ConfUtils.java:logGet(43)) - raft.server.snapshot.auto.trigger.enabled = false (default)
2019-09-26 09:45:42,929 INFO  server.RaftServerConfigKeys (ConfUtils.java:logGet(43)) - raft.server.snapshot.retention.file.num = -1 (default)
2019-09-26 09:45:42,930 INFO  server.RaftServerConfigKeys (ConfUtils.java:logGet(43)) - raft.server.retrycache.expirytime = 60s (default)
2019-09-26 09:45:42,934 INFO  impl.RaftServerProxy (RaftServerProxy.java:lambda$start$3(299)) - s4: start RPC server
2019-09-26 09:45:42,935 INFO  impl.RaftServerImpl (RaftServerImpl.java:start(181)) - s0@group-5172BA8D467F: start as a follower, conf=-1: [s3:0.0.0.0:37437, s4:0.0.0.0:38885, s0:0.0.0.0:36205, s1:0.0.0.0:40678, s2:0.0.0.0:37393], old=null
2019-09-26 09:45:42,935 INFO  impl.RaftServerImpl (RaftServerImpl.java:setRole(170)) - s0@group-5172BA8D467F: changes role from      null to FOLLOWER at term 0 for startAsFollower
2019-09-26 09:45:42,935 INFO  impl.RoleInfo (RoleInfo.java:updateAndGet(143)) - s0: start FollowerState
2019-09-26 09:45:42,936 INFO  util.JmxRegister (JmxRegister.java:tryRegister(44)) - Successfully registered JMX Bean with object name Ratis:service=RaftServer,group=group-5172BA8D467F,id=s0
2019-09-26 09:45:42,938 INFO  impl.RaftServerProxy (RaftServerProxy.java:lambda$start$3(299)) - s0: start RPC server
2019-09-26 09:45:42,939 INFO  impl.RaftServerImpl (RaftServerImpl.java:start(181)) - s1@group-5172BA8D467F: start as a follower, conf=-1: [s3:0.0.0.0:37437, s4:0.0.0.0:38885, s0:0.0.0.0:36205, s1:0.0.0.0:40678, s2:0.0.0.0:37393], old=null
2019-09-26 09:45:42,939 INFO  impl.RaftServerImpl (RaftServerImpl.java:setRole(170)) - s1@group-5172BA8D467F: changes role from      null to FOLLOWER at term 0 for startAsFollower
2019-09-26 09:45:42,940 INFO  impl.RoleInfo (RoleInfo.java:updateAndGet(143)) - s1: start FollowerState
2019-09-26 09:45:42,940 INFO  util.JmxRegister (JmxRegister.java:tryRegister(44)) - Successfully registered JMX Bean with object name Ratis:service=RaftServer,group=group-5172BA8D467F,id=s1
2019-09-26 09:45:42,943 INFO  impl.RaftServerProxy (RaftServerProxy.java:lambda$start$3(299)) - s1: start RPC server
2019-09-26 09:45:42,943 INFO  impl.RaftServerImpl (RaftServerImpl.java:start(181)) - s2@group-5172BA8D467F: start as a follower, conf=-1: [s3:0.0.0.0:37437, s4:0.0.0.0:38885, s0:0.0.0.0:36205, s1:0.0.0.0:40678, s2:0.0.0.0:37393], old=null
2019-09-26 09:45:42,944 INFO  impl.RaftServerImpl (RaftServerImpl.java:setRole(170)) - s2@group-5172BA8D467F: changes role from      null to FOLLOWER at term 0 for startAsFollower
2019-09-26 09:45:42,944 INFO  impl.RoleInfo (RoleInfo.java:updateAndGet(143)) - s2: start FollowerState
2019-09-26 09:45:42,944 INFO  util.JmxRegister (JmxRegister.java:tryRegister(44)) - Successfully registered JMX Bean with object name Ratis:service=RaftServer,group=group-5172BA8D467F,id=s2
2019-09-26 09:45:42,947 INFO  impl.RaftServerProxy (RaftServerProxy.java:lambda$start$3(299)) - s2: start RPC server
2019-09-26 09:45:42,947 INFO  server.RaftServerConfigKeys (ConfUtils.java:logGet(43)) - raft.server.rpc.timeout.max = 300ms (default)
2019-09-26 09:45:42,947 INFO  ratis.RaftTestUtil (RaftTestUtil.java:waitForLeader(86)) - printing ALL groups
  s3:  RUNNING  FOLLOWER s3@group-5172BA8D467F:t0, leader=null, voted=null, raftlog=s3@group-5172BA8D467F-SegmentedRaftLog:OPENED:c-1,f-1,i0, conf=-1: [s3:0.0.0.0:37437, s4:0.0.0.0:38885, s0:0.0.0.0:36205, s1:0.0.0.0:40678, s2:0.0.0.0:37393], old=null RUNNING
  s4:  RUNNING  FOLLOWER s4@group-5172BA8D467F:t0, leader=null, voted=null, raftlog=s4@group-5172BA8D467F-SegmentedRaftLog:OPENED:c-1,f-1,i0, conf=-1: [s3:0.0.0.0:37437, s4:0.0.0.0:38885, s0:0.0.0.0:36205, s1:0.0.0.0:40678, s2:0.0.0.0:37393], old=null RUNNING
  s0:  RUNNING  FOLLOWER s0@group-5172BA8D467F:t0, leader=null, voted=null, raftlog=s0@group-5172BA8D467F-SegmentedRaftLog:OPENED:c-1,f-1,i0, conf=-1: [s3:0.0.0.0:37437, s4:0.0.0.0:38885, s0:0.0.0.0:36205, s1:0.0.0.0:40678, s2:0.0.0.0:37393], old=null RUNNING
  s1:  RUNNING  FOLLOWER s1@group-5172BA8D467F:t0, leader=null, voted=null, raftlog=s1@group-5172BA8D467F-SegmentedRaftLog:OPENED:c-1,f-1,i0, conf=-1: [s3:0.0.0.0:37437, s4:0.0.0.0:38885, s0:0.0.0.0:36205, s1:0.0.0.0:40678, s2:0.0.0.0:37393], old=null RUNNING
  s2:  RUNNING  FOLLOWER s2@group-5172BA8D467F:t0, leader=null, voted=null, raftlog=s2@group-5172BA8D467F-SegmentedRaftLog:OPENED:c-1,f-1,i0, conf=-1: [s3:0.0.0.0:37437, s4:0.0.0.0:38885, s0:0.0.0.0:36205, s1:0.0.0.0:40678, s2:0.0.0.0:37393], old=null RUNNING
2019-09-26 09:45:42,948 WARN  ratis.RaftTestUtil (JavaUtils.java:attempt(158)) - FAILED "waitForLeader-null-(expectLeader? true)", attempt #1/100: java.lang.IllegalStateException: No leader yet : printing ALL groups
  s3:  RUNNING  FOLLOWER s3@group-5172BA8D467F:t0, leader=null, voted=null, raftlog=s3@group-5172BA8D467F-SegmentedRaftLog:OPENED:c-1,f-1,i0, conf=-1: [s3:0.0.0.0:37437, s4:0.0.0.0:38885, s0:0.0.0.0:36205, s1:0.0.0.0:40678, s2:0.0.0.0:37393], old=null RUNNING
  s4:  RUNNING  FOLLOWER s4@group-5172BA8D467F:t0, leader=null, voted=null, raftlog=s4@group-5172BA8D467F-SegmentedRaftLog:OPENED:c-1,f-1,i0, conf=-1: [s3:0.0.0.0:37437, s4:0.0.0.0:38885, s0:0.0.0.0:36205, s1:0.0.0.0:40678, s2:0.0.0.0:37393], old=null RUNNING
  s0:  RUNNING  FOLLOWER s0@group-5172BA8D467F:t0, leader=null, voted=null, raftlog=s0@group-5172BA8D467F-SegmentedRaftLog:OPENED:c-1,f-1,i0, conf=-1: [s3:0.0.0.0:37437, s4:0.0.0.0:38885, s0:0.0.0.0:36205, s1:0.0.0.0:40678, s2:0.0.0.0:37393], old=null RUNNING
  s1:  RUNNING  FOLLOWER s1@group-5172BA8D467F:t0, leader=null, voted=null, raftlog=s1@group-5172BA8D467F-SegmentedRaftLog:OPENED:c-1,f-1,i0, conf=-1: [s3:0.0.0.0:37437, s4:0.0.0.0:38885, s0:0.0.0.0:36205, s1:0.0.0.0:40678, s2:0.0.0.0:37393], old=null RUNNING
  s2:  RUNNING  FOLLOWER s2@group-5172BA8D467F:t0, leader=null, voted=null, raftlog=s2@group-5172BA8D467F-SegmentedRaftLog:OPENED:c-1,f-1,i0, conf=-1: [s3:0.0.0.0:37437, s4:0.0.0.0:38885, s0:0.0.0.0:36205, s1:0.0.0.0:40678, s2:0.0.0.0:37393], old=null RUNNING, sleep 450ms and then retry.
java.lang.IllegalStateException: No leader yet : printing ALL groups
  s3:  RUNNING  FOLLOWER s3@group-5172BA8D467F:t0, leader=null, voted=null, raftlog=s3@group-5172BA8D467F-SegmentedRaftLog:OPENED:c-1,f-1,i0, conf=-1: [s3:0.0.0.0:37437, s4:0.0.0.0:38885, s0:0.0.0.0:36205, s1:0.0.0.0:40678, s2:0.0.0.0:37393], old=null RUNNING
  s4:  RUNNING  FOLLOWER s4@group-5172BA8D467F:t0, leader=null, voted=null, raftlog=s4@group-5172BA8D467F-SegmentedRaftLog:OPENED:c-1,f-1,i0, conf=-1: [s3:0.0.0.0:37437, s4:0.0.0.0:38885, s0:0.0.0.0:36205, s1:0.0.0.0:40678, s2:0.0.0.0:37393], old=null RUNNING
  s0:  RUNNING  FOLLOWER s0@group-5172BA8D467F:t0, leader=null, voted=null, raftlog=s0@group-5172BA8D467F-SegmentedRaftLog:OPENED:c-1,f-1,i0, conf=-1: [s3:0.0.0.0:37437, s4:0.0.0.0:38885, s0:0.0.0.0:36205, s1:0.0.0.0:40678, s2:0.0.0.0:37393], old=null RUNNING
  s1:  RUNNING  FOLLOWER s1@group-5172BA8D467F:t0, leader=null, voted=null, raftlog=s1@group-5172BA8D467F-SegmentedRaftLog:OPENED:c-1,f-1,i0, conf=-1: [s3:0.0.0.0:37437, s4:0.0.0.0:38885, s0:0.0.0.0:36205, s1:0.0.0.0:40678, s2:0.0.0.0:37393], old=null RUNNING
  s2:  RUNNING  FOLLOWER s2@group-5172BA8D467F:t0, leader=null, voted=null, raftlog=s2@group-5172BA8D467F-SegmentedRaftLog:OPENED:c-1,f-1,i0, conf=-1: [s3:0.0.0.0:37437, s4:0.0.0.0:38885, s0:0.0.0.0:36205, s1:0.0.0.0:40678, s2:0.0.0.0:37393], old=null RUNNING
	at org.apache.ratis.MiniRaftCluster.newIllegalStateExceptionForNoLeaders(MiniRaftCluster.java:506)
	at org.apache.ratis.RaftTestUtil.lambda$waitForLeader$1(RaftTestUtil.java:90)
	at org.apache.ratis.MiniRaftCluster.getLeader(MiniRaftCluster.java:539)
	at org.apache.ratis.MiniRaftCluster.getLeader(MiniRaftCluster.java:532)
	at org.apache.ratis.RaftTestUtil.lambda$waitForLeader$3(RaftTestUtil.java:98)
	at org.apache.ratis.util.JavaUtils.attempt(JavaUtils.java:152)
	at org.apache.ratis.RaftTestUtil.waitForLeader(RaftTestUtil.java:97)
	at org.apache.ratis.RaftTestUtil.waitForLeader(RaftTestUtil.java:77)
	at org.apache.ratis.RaftTestUtil.waitForLeader(RaftTestUtil.java:72)
	at org.apache.ratis.server.impl.RaftReconfigurationBaseTest.runTestAddRemovePeers(RaftReconfigurationBaseTest.java:125)
	at org.apache.ratis.server.impl.RaftReconfigurationBaseTest.lambda$testLeaderStepDown$3(RaftReconfigurationBaseTest.java:121)
	at org.apache.ratis.MiniRaftCluster$Factory$Get.runWithNewCluster(MiniRaftCluster.java:125)
	at org.apache.ratis.MiniRaftCluster$Factory$Get.runWithNewCluster(MiniRaftCluster.java:113)
	at org.apache.ratis.server.impl.RaftReconfigurationBaseTest.testLeaderStepDown(RaftReconfigurationBaseTest.java:121)
	at sun.reflect.NativeMethodAccessorImpl.invoke0(Native Method)
	at sun.reflect.NativeMethodAccessorImpl.invoke(NativeMethodAccessorImpl.java:62)
	at sun.reflect.DelegatingMethodAccessorImpl.invoke(DelegatingMethodAccessorImpl.java:43)
	at java.lang.reflect.Method.invoke(Method.java:498)
	at org.junit.runners.model.FrameworkMethod$1.runReflectiveCall(FrameworkMethod.java:50)
	at org.junit.internal.runners.model.ReflectiveCallable.run(ReflectiveCallable.java:12)
	at org.junit.runners.model.FrameworkMethod.invokeExplosively(FrameworkMethod.java:47)
	at org.junit.internal.runners.statements.InvokeMethod.evaluate(InvokeMethod.java:17)
	at org.junit.internal.runners.statements.RunAfters.evaluate(RunAfters.java:27)
	at org.junit.internal.runners.statements.FailOnTimeout$CallableStatement.call(FailOnTimeout.java:298)
	at org.junit.internal.runners.statements.FailOnTimeout$CallableStatement.call(FailOnTimeout.java:292)
	at java.util.concurrent.FutureTask.run(FutureTask.java:266)
	at java.lang.Thread.run(Thread.java:748)
2019-09-26 09:45:43,104 INFO  impl.FollowerState (FollowerState.java:run(108)) - s3@group-5172BA8D467F-FollowerState: change to CANDIDATE, lastRpcTime:183ms, electionTimeout:182ms
2019-09-26 09:45:43,105 INFO  impl.RoleInfo (RoleInfo.java:shutdownFollowerState(121)) - s3: shutdown FollowerState
2019-09-26 09:45:43,105 INFO  impl.RaftServerImpl (RaftServerImpl.java:setRole(170)) - s3@group-5172BA8D467F: changes role from  FOLLOWER to CANDIDATE at term 0 for changeToCandidate
2019-09-26 09:45:43,105 INFO  impl.RoleInfo (RoleInfo.java:updateAndGet(143)) - s3: start LeaderElection
2019-09-26 09:45:43,111 INFO  impl.FollowerState (FollowerState.java:run(108)) - s0@group-5172BA8D467F-FollowerState: change to CANDIDATE, lastRpcTime:175ms, electionTimeout:175ms
2019-09-26 09:45:43,111 INFO  impl.RoleInfo (RoleInfo.java:shutdownFollowerState(121)) - s0: shutdown FollowerState
2019-09-26 09:45:43,111 INFO  impl.RaftServerImpl (RaftServerImpl.java:setRole(170)) - s0@group-5172BA8D467F: changes role from  FOLLOWER to CANDIDATE at term 0 for changeToCandidate
2019-09-26 09:45:43,111 INFO  impl.RoleInfo (RoleInfo.java:updateAndGet(143)) - s0: start LeaderElection
2019-09-26 09:45:43,120 INFO  impl.LeaderElection (LeaderElection.java:askForVotes(178)) - s3@group-5172BA8D467F-LeaderElection19: begin an election at term 1 for -1: [s3:0.0.0.0:37437, s4:0.0.0.0:38885, s0:0.0.0.0:36205, s1:0.0.0.0:40678, s2:0.0.0.0:37393], old=null
2019-09-26 09:45:43,120 INFO  impl.LeaderElection (LeaderElection.java:askForVotes(178)) - s0@group-5172BA8D467F-LeaderElection20: begin an election at term 1 for -1: [s3:0.0.0.0:37437, s4:0.0.0.0:38885, s0:0.0.0.0:36205, s1:0.0.0.0:40678, s2:0.0.0.0:37393], old=null
2019-09-26 09:45:43,124 INFO  logging.LoggingHandler (AbstractInternalLogger.java:log(150)) - [id: 0xc52b199c, L:/0.0.0.0:37393] READ: [id: 0xe8fbd8dc, L:/192.168.30.59:37393 - R:/192.168.30.59:34942]
2019-09-26 09:45:43,124 INFO  logging.LoggingHandler (AbstractInternalLogger.java:log(150)) - [id: 0xbe54108c, L:/0.0.0.0:38885] READ: [id: 0x322c029f, L:/192.168.30.59:38885 - R:/192.168.30.59:44598]
2019-09-26 09:45:43,124 INFO  logging.LoggingHandler (AbstractInternalLogger.java:log(150)) - [id: 0x038062ad, L:/0.0.0.0:36205] READ: [id: 0xe085f5ae, L:/192.168.30.59:36205 - R:/192.168.30.59:53012]
2019-09-26 09:45:43,124 INFO  logging.LoggingHandler (AbstractInternalLogger.java:log(150)) - [id: 0x7b24c3b0, L:/0.0.0.0:40678] READ: [id: 0x414fecaf, L:/192.168.30.59:40678 - R:/192.168.30.59:58212]
2019-09-26 09:45:43,125 INFO  logging.LoggingHandler (AbstractInternalLogger.java:log(150)) - [id: 0x038062ad, L:/0.0.0.0:36205] READ COMPLETE
2019-09-26 09:45:43,126 INFO  logging.LoggingHandler (AbstractInternalLogger.java:log(150)) - [id: 0x7b24c3b0, L:/0.0.0.0:40678] READ COMPLETE
2019-09-26 09:45:43,125 INFO  logging.LoggingHandler (AbstractInternalLogger.java:log(150)) - [id: 0xbe54108c, L:/0.0.0.0:38885] READ COMPLETE
2019-09-26 09:45:43,125 INFO  logging.LoggingHandler (AbstractInternalLogger.java:log(150)) - [id: 0xc52b199c, L:/0.0.0.0:37393] READ COMPLETE
2019-09-26 09:45:43,125 INFO  logging.LoggingHandler (AbstractInternalLogger.java:log(150)) - [id: 0xc845bb24, L:/0.0.0.0:37437] READ: [id: 0x9921f288, L:/192.168.30.59:37437 - R:/192.168.30.59:52394]
2019-09-26 09:45:43,127 INFO  logging.LoggingHandler (AbstractInternalLogger.java:log(150)) - [id: 0xbe54108c, L:/0.0.0.0:38885] READ: [id: 0x7632c1db, L:/192.168.30.59:38885 - R:/192.168.30.59:44600]
2019-09-26 09:45:43,126 INFO  logging.LoggingHandler (AbstractInternalLogger.java:log(150)) - [id: 0x7b24c3b0, L:/0.0.0.0:40678] READ: [id: 0xfcf70304, L:/192.168.30.59:40678 - R:/192.168.30.59:58224]
2019-09-26 09:45:43,127 INFO  logging.LoggingHandler (AbstractInternalLogger.java:log(150)) - [id: 0xbe54108c, L:/0.0.0.0:38885] READ COMPLETE
2019-09-26 09:45:43,127 INFO  logging.LoggingHandler (AbstractInternalLogger.java:log(150)) - [id: 0xc845bb24, L:/0.0.0.0:37437] READ COMPLETE
2019-09-26 09:45:43,127 INFO  logging.LoggingHandler (AbstractInternalLogger.java:log(150)) - [id: 0xc52b199c, L:/0.0.0.0:37393] READ: [id: 0xc2393e10, L:/192.168.30.59:37393 - R:/192.168.30.59:34952]
2019-09-26 09:45:43,128 INFO  logging.LoggingHandler (AbstractInternalLogger.java:log(150)) - [id: 0x7b24c3b0, L:/0.0.0.0:40678] READ COMPLETE
2019-09-26 09:45:43,128 INFO  logging.LoggingHandler (AbstractInternalLogger.java:log(150)) - [id: 0xc52b199c, L:/0.0.0.0:37393] READ COMPLETE
2019-09-26 09:45:43,129 INFO  util.CodeInjectionForTesting (BlockRequestHandlingInjection.java:execute(76)) - s0: Block request from s3
2019-09-26 09:45:43,129 INFO  util.CodeInjectionForTesting (BlockRequestHandlingInjection.java:execute(76)) - s1: Block request from s0
2019-09-26 09:45:43,130 DEBUG impl.RaftServerImpl (RaftServerImpl.java:requestVote(743)) - s4@group-5172BA8D467F: receive requestVote(s3, group-5172BA8D467F, 1, (t:0, i:0))
2019-09-26 09:45:43,130 INFO  util.CodeInjectionForTesting (BlockRequestHandlingInjection.java:execute(76)) - s3: Block request from s0
2019-09-26 09:45:43,131 INFO  util.CodeInjectionForTesting (BlockRequestHandlingInjection.java:execute(76)) - s4: Block request from s0
2019-09-26 09:45:43,130 INFO  impl.RaftServerImpl (RaftServerImpl.java:setRole(170)) - s4@group-5172BA8D467F: changes role from  FOLLOWER to FOLLOWER at term 1 for recognizeCandidate:s3
2019-09-26 09:45:43,131 DEBUG impl.RaftServerImpl (RaftServerImpl.java:requestVote(743)) - s1@group-5172BA8D467F: receive requestVote(s3, group-5172BA8D467F, 1, (t:0, i:0))
2019-09-26 09:45:43,131 DEBUG impl.RaftServerImpl (RaftServerImpl.java:requestVote(743)) - s2@group-5172BA8D467F: receive requestVote(s3, group-5172BA8D467F, 1, (t:0, i:0))
2019-09-26 09:45:43,131 INFO  impl.RoleInfo (RoleInfo.java:shutdownFollowerState(121)) - s4: shutdown FollowerState
2019-09-26 09:45:43,132 INFO  impl.RaftServerImpl (RaftServerImpl.java:setRole(170)) - s2@group-5172BA8D467F: changes role from  FOLLOWER to FOLLOWER at term 1 for recognizeCandidate:s3
2019-09-26 09:45:43,132 INFO  util.CodeInjectionForTesting (BlockRequestHandlingInjection.java:execute(76)) - s2: Block request from s0
2019-09-26 09:45:43,132 INFO  impl.RaftServerImpl (RaftServerImpl.java:setRole(170)) - s1@group-5172BA8D467F: changes role from  FOLLOWER to FOLLOWER at term 1 for recognizeCandidate:s3
2019-09-26 09:45:43,132 INFO  impl.RoleInfo (RoleInfo.java:shutdownFollowerState(121)) - s2: shutdown FollowerState
2019-09-26 09:45:43,132 INFO  impl.FollowerState (FollowerState.java:run(117)) - s4@group-5172BA8D467F-FollowerState was interrupted: java.lang.InterruptedException: sleep interrupted
2019-09-26 09:45:43,133 INFO  impl.FollowerState (FollowerState.java:run(117)) - s2@group-5172BA8D467F-FollowerState was interrupted: java.lang.InterruptedException: sleep interrupted
2019-09-26 09:45:43,132 INFO  impl.RoleInfo (RoleInfo.java:updateAndGet(143)) - s4: start FollowerState
2019-09-26 09:45:43,133 INFO  impl.RoleInfo (RoleInfo.java:updateAndGet(143)) - s2: start FollowerState
2019-09-26 09:45:43,133 INFO  impl.RoleInfo (RoleInfo.java:shutdownFollowerState(121)) - s1: shutdown FollowerState
2019-09-26 09:45:43,135 INFO  impl.FollowerState (FollowerState.java:run(117)) - s1@group-5172BA8D467F-FollowerState was interrupted: java.lang.InterruptedException: sleep interrupted
2019-09-26 09:45:43,135 INFO  impl.RoleInfo (RoleInfo.java:updateAndGet(143)) - s1: start FollowerState
2019-09-26 09:45:43,148 DEBUG impl.RaftServerImpl (RaftServerImpl.java:requestVote(775)) - s2@group-5172BA8D467F replies to vote request: s3<-s2#0:OK-t1. Peer's state: s2@group-5172BA8D467F:t1, leader=null, voted=s3, raftlog=s2@group-5172BA8D467F-SegmentedRaftLog:OPENED:c-1,f-1,i0, conf=-1: [s3:0.0.0.0:37437, s4:0.0.0.0:38885, s0:0.0.0.0:36205, s1:0.0.0.0:40678, s2:0.0.0.0:37393], old=null
2019-09-26 09:45:43,148 DEBUG impl.RaftServerImpl (RaftServerImpl.java:requestVote(775)) - s4@group-5172BA8D467F replies to vote request: s3<-s4#0:OK-t1. Peer's state: s4@group-5172BA8D467F:t1, leader=null, voted=s3, raftlog=s4@group-5172BA8D467F-SegmentedRaftLog:OPENED:c-1,f-1,i0, conf=-1: [s3:0.0.0.0:37437, s4:0.0.0.0:38885, s0:0.0.0.0:36205, s1:0.0.0.0:40678, s2:0.0.0.0:37393], old=null
2019-09-26 09:45:43,148 DEBUG impl.RaftServerImpl (RaftServerImpl.java:requestVote(775)) - s1@group-5172BA8D467F replies to vote request: s3<-s1#0:OK-t1. Peer's state: s1@group-5172BA8D467F:t1, leader=null, voted=s3, raftlog=s1@group-5172BA8D467F-SegmentedRaftLog:OPENED:c-1,f-1,i0, conf=-1: [s3:0.0.0.0:37437, s4:0.0.0.0:38885, s0:0.0.0.0:36205, s1:0.0.0.0:40678, s2:0.0.0.0:37393], old=null
2019-09-26 09:45:43,149 INFO  impl.LeaderElection (LeaderElection.java:logAndReturn(56)) - s3@group-5172BA8D467F-LeaderElection19: Election PASSED; received 2 response(s) [s3<-s4#0:OK-t1, s3<-s2#0:OK-t1] and 0 exception(s); s3@group-5172BA8D467F:t1, leader=null, voted=s3, raftlog=s3@group-5172BA8D467F-SegmentedRaftLog:OPENED:c-1,f-1,i0, conf=-1: [s3:0.0.0.0:37437, s4:0.0.0.0:38885, s0:0.0.0.0:36205, s1:0.0.0.0:40678, s2:0.0.0.0:37393], old=null
2019-09-26 09:45:43,149 INFO  impl.RoleInfo (RoleInfo.java:shutdownLeaderElection(134)) - s3: shutdown LeaderElection
2019-09-26 09:45:43,149 INFO  impl.RaftServerImpl (RaftServerImpl.java:setRole(170)) - s3@group-5172BA8D467F: changes role from CANDIDATE to LEADER at term 1 for changeToLeader
2019-09-26 09:45:43,150 INFO  impl.RaftServerImpl (ServerState.java:setLeader(254)) - s3@group-5172BA8D467F: change Leader from null to s3 at term 1 for becomeLeader, leader elected after 244ms
2019-09-26 09:45:43,150 INFO  server.RaftServerConfigKeys (ConfUtils.java:logGet(43)) - raft.server.staging.catchup.gap = 10 (custom)
2019-09-26 09:45:43,150 INFO  server.RaftServerConfigKeys (ConfUtils.java:logGet(43)) - raft.server.rpc.sleep.time = 25ms (default)
2019-09-26 09:45:43,150 INFO  server.RaftServerConfigKeys (ConfUtils.java:logGet(43)) - raft.server.write.element-limit = 4096 (default)
2019-09-26 09:45:43,150 INFO  server.RaftServerConfigKeys (ConfUtils.java:logGet(43)) - raft.server.watch.timeout = 10s (default)
2019-09-26 09:45:43,151 INFO  server.RaftServerConfigKeys (ConfUtils.java:logGet(43)) - raft.server.watch.timeout.denomination = 1s (default)
2019-09-26 09:45:43,151 INFO  server.RaftServerConfigKeys (ConfUtils.java:logGet(43)) - raft.server.watch.element-limit = 65536 (default)
2019-09-26 09:45:43,154 INFO  server.RaftServerConfigKeys (ConfUtils.java:logGet(43)) - raft.server.log.appender.snapshot.chunk.size.max = 16MB (=16777216) (default)
2019-09-26 09:45:43,154 INFO  server.RaftServerConfigKeys (ConfUtils.java:logGet(43)) - raft.server.log.appender.buffer.byte-limit = 4MB (=4194304) (default)
2019-09-26 09:45:43,155 INFO  server.RaftServerConfigKeys (ConfUtils.java:logGet(43)) - raft.server.log.appender.buffer.element-limit = 0 (default)
2019-09-26 09:45:43,155 INFO  server.RaftServerConfigKeys (ConfUtils.java:logGet(43)) - raft.server.log.appender.snapshot.chunk.size.max = 16MB (=16777216) (default)
2019-09-26 09:45:43,155 INFO  server.RaftServerConfigKeys (ConfUtils.java:logGet(43)) - raft.server.log.appender.buffer.byte-limit = 4MB (=4194304) (default)
2019-09-26 09:45:43,156 INFO  server.RaftServerConfigKeys (ConfUtils.java:logGet(43)) - raft.server.log.appender.buffer.element-limit = 0 (default)
2019-09-26 09:45:43,156 INFO  server.RaftServerConfigKeys (ConfUtils.java:logGet(43)) - raft.server.log.appender.snapshot.chunk.size.max = 16MB (=16777216) (default)
2019-09-26 09:45:43,156 INFO  server.RaftServerConfigKeys (ConfUtils.java:logGet(43)) - raft.server.log.appender.buffer.byte-limit = 4MB (=4194304) (default)
2019-09-26 09:45:43,156 INFO  server.RaftServerConfigKeys (ConfUtils.java:logGet(43)) - raft.server.log.appender.buffer.element-limit = 0 (default)
2019-09-26 09:45:43,157 INFO  server.RaftServerConfigKeys (ConfUtils.java:logGet(43)) - raft.server.log.appender.snapshot.chunk.size.max = 16MB (=16777216) (default)
2019-09-26 09:45:43,157 INFO  server.RaftServerConfigKeys (ConfUtils.java:logGet(43)) - raft.server.log.appender.buffer.byte-limit = 4MB (=4194304) (default)
2019-09-26 09:45:43,157 INFO  server.RaftServerConfigKeys (ConfUtils.java:logGet(43)) - raft.server.log.appender.buffer.element-limit = 0 (default)
2019-09-26 09:45:43,158 INFO  impl.RoleInfo (RoleInfo.java:updateAndGet(143)) - s3: start LeaderState
2019-09-26 09:45:43,158 INFO  segmented.SegmentedRaftLogWorker (SegmentedRaftLogWorker.java:startLogSegment(380)) - s3@group-5172BA8D467F-SegmentedRaftLogWorker: Starting segment from index:0
2019-09-26 09:45:43,160 INFO  impl.RaftServerImpl (ServerState.java:setRaftConf(355)) - s3@group-5172BA8D467F: set configuration 0: [s3:0.0.0.0:37437, s4:0.0.0.0:38885, s0:0.0.0.0:36205, s1:0.0.0.0:40678, s2:0.0.0.0:37393], old=null at 0
2019-09-26 09:45:43,160 INFO  impl.RaftServerImpl (ServerState.java:setLeader(254)) - s4@group-5172BA8D467F: change Leader from null to s3 at term 1 for appendEntries, leader elected after 255ms
2019-09-26 09:45:43,160 INFO  impl.RaftServerImpl (ServerState.java:setLeader(254)) - s1@group-5172BA8D467F: change Leader from null to s3 at term 1 for appendEntries, leader elected after 239ms
2019-09-26 09:45:43,160 INFO  impl.RaftServerImpl (ServerState.java:setLeader(254)) - s2@group-5172BA8D467F: change Leader from null to s3 at term 1 for appendEntries, leader elected after 238ms
2019-09-26 09:45:43,166 DEBUG impl.RaftServerImpl (RaftServerImpl.java:logAppendEntries(850)) - s4@group-5172BA8D467F: receive appendEntries(s3, 1, null, -1, false, commits[s3:c-1, s4:c-1, s0:c-1, s1:c-1, s2:c-1], entries: (t:1, i:0), CONFIGURATIONENTRY
2019-09-26 09:45:43,166 DEBUG impl.RaftServerImpl (RaftServerImpl.java:logAppendEntries(850)) - s2@group-5172BA8D467F: receive appendEntries(s3, 1, null, -1, false, commits[s3:c-1, s4:c-1, s0:c-1, s1:c-1, s2:c-1], entries: (t:1, i:0), CONFIGURATIONENTRY
2019-09-26 09:45:43,166 INFO  impl.RaftServerImpl (ServerState.java:setRaftConf(355)) - s4@group-5172BA8D467F: set configuration 0: [s3:0.0.0.0:37437, s4:0.0.0.0:38885, s0:0.0.0.0:36205, s1:0.0.0.0:40678, s2:0.0.0.0:37393], old=null at 0
2019-09-26 09:45:43,166 DEBUG impl.RaftServerImpl (RaftServerImpl.java:logAppendEntries(850)) - s1@group-5172BA8D467F: receive appendEntries(s3, 1, null, -1, false, commits[s3:c-1, s4:c-1, s0:c-1, s1:c-1, s2:c-1], entries: (t:1, i:0), CONFIGURATIONENTRY
2019-09-26 09:45:43,166 INFO  segmented.SegmentedRaftLogWorker (SegmentedRaftLogWorker.java:startLogSegment(380)) - s4@group-5172BA8D467F-SegmentedRaftLogWorker: Starting segment from index:0
2019-09-26 09:45:43,166 INFO  impl.RaftServerImpl (ServerState.java:setRaftConf(355)) - s2@group-5172BA8D467F: set configuration 0: [s3:0.0.0.0:37437, s4:0.0.0.0:38885, s0:0.0.0.0:36205, s1:0.0.0.0:40678, s2:0.0.0.0:37393], old=null at 0
2019-09-26 09:45:43,167 INFO  impl.RaftServerImpl (ServerState.java:setRaftConf(355)) - s1@group-5172BA8D467F: set configuration 0: [s3:0.0.0.0:37437, s4:0.0.0.0:38885, s0:0.0.0.0:36205, s1:0.0.0.0:40678, s2:0.0.0.0:37393], old=null at 0
2019-09-26 09:45:43,168 INFO  segmented.SegmentedRaftLogWorker (SegmentedRaftLogWorker.java:startLogSegment(380)) - s2@group-5172BA8D467F-SegmentedRaftLogWorker: Starting segment from index:0
2019-09-26 09:45:43,168 INFO  segmented.SegmentedRaftLogWorker (SegmentedRaftLogWorker.java:startLogSegment(380)) - s1@group-5172BA8D467F-SegmentedRaftLogWorker: Starting segment from index:0
2019-09-26 09:45:43,368 INFO  impl.LeaderElection (LeaderElection.java:logAndReturn(56)) - s0@group-5172BA8D467F-LeaderElection20: Election TIMEOUT; received 0 response(s) [] and 0 exception(s); s0@group-5172BA8D467F:t1, leader=null, voted=s0, raftlog=s0@group-5172BA8D467F-SegmentedRaftLog:OPENED:c-1,f-1,i0, conf=-1: [s3:0.0.0.0:37437, s4:0.0.0.0:38885, s0:0.0.0.0:36205, s1:0.0.0.0:40678, s2:0.0.0.0:37393], old=null
2019-09-26 09:45:43,387 INFO  segmented.SegmentedRaftLogWorker (SegmentedRaftLogWorker.java:execute(569)) - s3@group-5172BA8D467F-SegmentedRaftLogWorker: created new log segment /workdir/ratis-test/target/test/data/bb022a74/MiniRaftClusterWithNetty436383eb/s3/affa50bd-ac11-477c-8399-5172ba8d467f/current/log_inprogress_0
2019-09-26 09:45:43,387 INFO  segmented.SegmentedRaftLogWorker (SegmentedRaftLogWorker.java:execute(569)) - s4@group-5172BA8D467F-SegmentedRaftLogWorker: created new log segment /workdir/ratis-test/target/test/data/bb022a74/MiniRaftClusterWithNetty436383eb/s4/affa50bd-ac11-477c-8399-5172ba8d467f/current/log_inprogress_0
2019-09-26 09:45:43,387 INFO  segmented.SegmentedRaftLogWorker (SegmentedRaftLogWorker.java:execute(569)) - s1@group-5172BA8D467F-SegmentedRaftLogWorker: created new log segment /workdir/ratis-test/target/test/data/bb022a74/MiniRaftClusterWithNetty436383eb/s1/affa50bd-ac11-477c-8399-5172ba8d467f/current/log_inprogress_0
2019-09-26 09:45:43,387 INFO  segmented.SegmentedRaftLogWorker (SegmentedRaftLogWorker.java:execute(569)) - s2@group-5172BA8D467F-SegmentedRaftLogWorker: created new log segment /workdir/ratis-test/target/test/data/bb022a74/MiniRaftClusterWithNetty436383eb/s2/affa50bd-ac11-477c-8399-5172ba8d467f/current/log_inprogress_0
2019-09-26 09:45:43,389 DEBUG impl.RaftServerImpl (RaftServerImpl.java:logAppendEntries(850)) - s4@group-5172BA8D467F: succeeded to handle AppendEntries. Reply: s3<-s4#0:OK,SUCCESS,nextIndex:1,term:1,followerCommit:-1
2019-09-26 09:45:43,389 DEBUG impl.RaftServerImpl (RaftServerImpl.java:logAppendEntries(850)) - s1@group-5172BA8D467F: succeeded to handle AppendEntries. Reply: s3<-s1#0:OK,SUCCESS,nextIndex:1,term:1,followerCommit:-1
2019-09-26 09:45:43,390 INFO  impl.LeaderElection (LeaderElection.java:askForVotes(178)) - s0@group-5172BA8D467F-LeaderElection20: begin an election at term 2 for -1: [s3:0.0.0.0:37437, s4:0.0.0.0:38885, s0:0.0.0.0:36205, s1:0.0.0.0:40678, s2:0.0.0.0:37393], old=null
2019-09-26 09:45:43,390 DEBUG impl.RaftServerImpl (RaftServerImpl.java:logAppendEntries(850)) - s2@group-5172BA8D467F: succeeded to handle AppendEntries. Reply: s3<-s2#0:OK,SUCCESS,nextIndex:1,term:1,followerCommit:-1
2019-09-26 09:45:43,399 INFO  ratis.RaftTestUtil (RaftTestUtil.java:waitForLeader(101)) - printing ALL groups
  s3:  RUNNING    LEADER s3@group-5172BA8D467F:t1, leader=s3, voted=s3, raftlog=s3@group-5172BA8D467F-SegmentedRaftLog:OPENED:c0,f0,i0, conf=0: [s3:0.0.0.0:37437, s4:0.0.0.0:38885, s0:0.0.0.0:36205, s1:0.0.0.0:40678, s2:0.0.0.0:37393], old=null RUNNING
  s4:  RUNNING  FOLLOWER s4@group-5172BA8D467F:t1, leader=s3, voted=s3, raftlog=s4@group-5172BA8D467F-SegmentedRaftLog:OPENED:c-1,f0,i0, conf=0: [s3:0.0.0.0:37437, s4:0.0.0.0:38885, s0:0.0.0.0:36205, s1:0.0.0.0:40678, s2:0.0.0.0:37393], old=null RUNNING
  s0:  RUNNING CANDIDATE s0@group-5172BA8D467F:t2, leader=null, voted=s0, raftlog=s0@group-5172BA8D467F-SegmentedRaftLog:OPENED:c-1,f-1,i0, conf=-1: [s3:0.0.0.0:37437, s4:0.0.0.0:38885, s0:0.0.0.0:36205, s1:0.0.0.0:40678, s2:0.0.0.0:37393], old=null RUNNING
  s1:  RUNNING  FOLLOWER s1@group-5172BA8D467F:t1, leader=s3, voted=s3, raftlog=s1@group-5172BA8D467F-SegmentedRaftLog:OPENED:c-1,f0,i0, conf=0: [s3:0.0.0.0:37437, s4:0.0.0.0:38885, s0:0.0.0.0:36205, s1:0.0.0.0:40678, s2:0.0.0.0:37393], old=null RUNNING
  s2:  RUNNING  FOLLOWER s2@group-5172BA8D467F:t1, leader=s3, voted=s3, raftlog=s2@group-5172BA8D467F-SegmentedRaftLog:OPENED:c-1,f0,i0, conf=0: [s3:0.0.0.0:37437, s4:0.0.0.0:38885, s0:0.0.0.0:36205, s1:0.0.0.0:40678, s2:0.0.0.0:37393], old=null RUNNING
2019-09-26 09:45:43,400 INFO  ratis.MiniRaftCluster (MiniRaftCluster.java:addNewPeers(403)) - Add new peers [s5, s6]
2019-09-26 09:45:43,400 INFO  ratis.MiniRaftCluster (MiniRaftCluster.java:newRaftServer(330)) - newRaftServer: s5, group-5172BA8D467F:[s3:0.0.0.0:37437, s4:0.0.0.0:38885, s0:0.0.0.0:36205, s1:0.0.0.0:40678, s2:0.0.0.0:37393], format? true
2019-09-26 09:45:43,400 TRACE util.FileUtils (FileUtils.java:deleteFully(88)) - deleteFully target/test/data/bb022a74/MiniRaftClusterWithNetty436383eb/s5
2019-09-26 09:45:43,400 TRACE util.FileUtils (FileUtils.java:deleteFully(104)) - deleteFully: target/test/data/bb022a74/MiniRaftClusterWithNetty436383eb/s5 does not exist.
2019-09-26 09:45:43,401 INFO  ratis.MiniRaftCluster (MiniRaftCluster.java:newRaftServer(335)) - Formatted directory target/test/data/bb022a74/MiniRaftClusterWithNetty436383eb/s5
2019-09-26 09:45:43,401 INFO  impl.RaftServerProxy (ConfUtils.java:logGet(43)) - raft.rpc.type = NETTY (custom)
2019-09-26 09:45:43,403 INFO  netty.NettyConfigKeys$Server (ConfUtils.java:logGet(43)) - raft.netty.server.port = 37411 (custom)
2019-09-26 09:45:43,404 INFO  server.RaftServerConfigKeys (ConfUtils.java:logGet(43)) - raft.server.storage.dir = [/workdir/ratis-test/target/test/data/bb022a74/MiniRaftClusterWithNetty436383eb/s5] (custom)
2019-09-26 09:45:43,404 INFO  logging.LoggingHandler (AbstractInternalLogger.java:log(150)) - [id: 0x446b6fca] REGISTERED
2019-09-26 09:45:43,405 INFO  impl.RaftServerProxy (RaftServerProxy.java:addNew(89)) - s5: addNew group-5172BA8D467F:[s3:0.0.0.0:37437, s4:0.0.0.0:38885, s0:0.0.0.0:36205, s1:0.0.0.0:40678, s2:0.0.0.0:37393] returns group-5172BA8D467F:java.util.concurrent.CompletableFuture@6757cbd6[Not completed]
2019-09-26 09:45:43,405 INFO  logging.LoggingHandler (AbstractInternalLogger.java:log(150)) - [id: 0x446b6fca] BIND: 0.0.0.0/0.0.0.0:37411
2019-09-26 09:45:43,405 INFO  logging.LoggingHandler (AbstractInternalLogger.java:log(150)) - [id: 0x446b6fca, L:/0.0.0.0:37411] ACTIVE
2019-09-26 09:45:43,406 INFO  ratis.MiniRaftCluster (MiniRaftCluster.java:newRaftServer(330)) - newRaftServer: s6, group-5172BA8D467F:[s3:0.0.0.0:37437, s4:0.0.0.0:38885, s0:0.0.0.0:36205, s1:0.0.0.0:40678, s2:0.0.0.0:37393], format? true
2019-09-26 09:45:43,406 INFO  impl.RaftServerImpl (RaftServerImpl.java:<init>(95)) - s5: new RaftServerImpl for group-5172BA8D467F:[s3:0.0.0.0:37437, s4:0.0.0.0:38885, s0:0.0.0.0:36205, s1:0.0.0.0:40678, s2:0.0.0.0:37393] with BaseStateMachine:uninitialized
2019-09-26 09:45:43,406 TRACE util.FileUtils (FileUtils.java:deleteFully(88)) - deleteFully target/test/data/bb022a74/MiniRaftClusterWithNetty436383eb/s6
2019-09-26 09:45:43,408 INFO  server.RaftServerConfigKeys (ConfUtils.java:logGet(43)) - raft.server.rpc.timeout.min = 150ms (default)
2019-09-26 09:45:43,408 TRACE util.FileUtils (FileUtils.java:deleteFully(104)) - deleteFully: target/test/data/bb022a74/MiniRaftClusterWithNetty436383eb/s6 does not exist.
2019-09-26 09:45:43,408 INFO  ratis.MiniRaftCluster (MiniRaftCluster.java:newRaftServer(335)) - Formatted directory target/test/data/bb022a74/MiniRaftClusterWithNetty436383eb/s6
2019-09-26 09:45:43,408 INFO  server.RaftServerConfigKeys (ConfUtils.java:logGet(43)) - raft.server.rpc.timeout.max = 300ms (default)
2019-09-26 09:45:43,408 INFO  server.RaftServerConfigKeys (ConfUtils.java:logGet(43)) - raft.server.rpcslowness.timeout = 60s (default)
2019-09-26 09:45:43,409 INFO  impl.RaftServerProxy (ConfUtils.java:logGet(43)) - raft.rpc.type = NETTY (custom)
2019-09-26 09:45:43,409 INFO  server.RaftServerConfigKeys (ConfUtils.java:logGet(43)) - raft.server.sleep.deviation.threshold = 300 (default)
2019-09-26 09:45:43,409 INFO  server.RaftServerConfigKeys (ConfUtils.java:logGet(43)) - raft.server.log.appender.install.snapshot.enabled = true (default)
2019-09-26 09:45:43,409 INFO  impl.RaftServerImpl (ServerState.java:<init>(103)) - s5@group-5172BA8D467F: ConfigurationManager, init=-1: [s3:0.0.0.0:37437, s4:0.0.0.0:38885, s0:0.0.0.0:36205, s1:0.0.0.0:40678, s2:0.0.0.0:37393], old=null, confs=<EMPTY_MAP>
2019-09-26 09:45:43,410 INFO  server.RaftServerConfigKeys (ConfUtils.java:logGet(43)) - raft.server.storage.dir = [/workdir/ratis-test/target/test/data/bb022a74/MiniRaftClusterWithNetty436383eb/s5] (custom)
2019-09-26 09:45:43,410 INFO  server.RaftServerConfigKeys (ConfUtils.java:logGet(43)) - raft.server.log.corruption.policy = EXCEPTION (default)
2019-09-26 09:45:43,410 INFO  storage.RaftStorageDirectory (RaftStorageDirectory.java:analyzeStorage(246)) - The storage directory /workdir/ratis-test/target/test/data/bb022a74/MiniRaftClusterWithNetty436383eb/s5/affa50bd-ac11-477c-8399-5172ba8d467f does not exist. Creating ...
2019-09-26 09:45:43,410 INFO  netty.NettyConfigKeys$Server (ConfUtils.java:logGet(43)) - raft.netty.server.port = 44864 (custom)
2019-09-26 09:45:43,411 TRACE util.FileUtils (LogUtils.java:runAndLog(61)) - Successfully ran Files.createDirectories /workdir/ratis-test/target/test/data/bb022a74/MiniRaftClusterWithNetty436383eb/s5/affa50bd-ac11-477c-8399-5172ba8d467f
2019-09-26 09:45:43,411 INFO  server.RaftServerConfigKeys (ConfUtils.java:logGet(43)) - raft.server.storage.dir = [/workdir/ratis-test/target/test/data/bb022a74/MiniRaftClusterWithNetty436383eb/s6] (custom)
2019-09-26 09:45:43,411 INFO  logging.LoggingHandler (AbstractInternalLogger.java:log(150)) - [id: 0x829219e5] REGISTERED
2019-09-26 09:45:43,412 INFO  logging.LoggingHandler (AbstractInternalLogger.java:log(150)) - [id: 0x829219e5] BIND: 0.0.0.0/0.0.0.0:44864
2019-09-26 09:45:43,412 INFO  impl.RaftServerProxy (RaftServerProxy.java:addNew(89)) - s6: addNew group-5172BA8D467F:[s3:0.0.0.0:37437, s4:0.0.0.0:38885, s0:0.0.0.0:36205, s1:0.0.0.0:40678, s2:0.0.0.0:37393] returns group-5172BA8D467F:java.util.concurrent.CompletableFuture@613d8756[Not completed]
2019-09-26 09:45:43,412 INFO  logging.LoggingHandler (AbstractInternalLogger.java:log(150)) - [id: 0x829219e5, L:/0.0.0.0:44864] ACTIVE
2019-09-26 09:45:43,412 INFO  impl.RaftServerImpl (RaftServerImpl.java:<init>(95)) - s6: new RaftServerImpl for group-5172BA8D467F:[s3:0.0.0.0:37437, s4:0.0.0.0:38885, s0:0.0.0.0:36205, s1:0.0.0.0:40678, s2:0.0.0.0:37393] with BaseStateMachine:uninitialized
2019-09-26 09:45:43,413 INFO  server.RaftServerConfigKeys (ConfUtils.java:logGet(43)) - raft.server.rpc.timeout.min = 150ms (default)
2019-09-26 09:45:43,413 INFO  server.RaftServerConfigKeys (ConfUtils.java:logGet(43)) - raft.server.rpc.timeout.max = 300ms (default)
2019-09-26 09:45:43,414 INFO  server.RaftServerConfigKeys (ConfUtils.java:logGet(43)) - raft.server.rpcslowness.timeout = 60s (default)
2019-09-26 09:45:43,414 INFO  server.RaftServerConfigKeys (ConfUtils.java:logGet(43)) - raft.server.sleep.deviation.threshold = 300 (default)
2019-09-26 09:45:43,414 INFO  server.RaftServerConfigKeys (ConfUtils.java:logGet(43)) - raft.server.log.appender.install.snapshot.enabled = true (default)
2019-09-26 09:45:43,414 INFO  impl.RaftServerImpl (ServerState.java:<init>(103)) - s6@group-5172BA8D467F: ConfigurationManager, init=-1: [s3:0.0.0.0:37437, s4:0.0.0.0:38885, s0:0.0.0.0:36205, s1:0.0.0.0:40678, s2:0.0.0.0:37393], old=null, confs=<EMPTY_MAP>
2019-09-26 09:45:43,414 INFO  server.RaftServerConfigKeys (ConfUtils.java:logGet(43)) - raft.server.storage.dir = [/workdir/ratis-test/target/test/data/bb022a74/MiniRaftClusterWithNetty436383eb/s6] (custom)
2019-09-26 09:45:43,414 INFO  server.RaftServerConfigKeys (ConfUtils.java:logGet(43)) - raft.server.log.corruption.policy = EXCEPTION (default)
2019-09-26 09:45:43,415 INFO  storage.RaftStorageDirectory (RaftStorageDirectory.java:analyzeStorage(246)) - The storage directory /workdir/ratis-test/target/test/data/bb022a74/MiniRaftClusterWithNetty436383eb/s6/affa50bd-ac11-477c-8399-5172ba8d467f does not exist. Creating ...
2019-09-26 09:45:43,415 TRACE util.FileUtils (LogUtils.java:runAndLog(61)) - Successfully ran Files.createDirectories /workdir/ratis-test/target/test/data/bb022a74/MiniRaftClusterWithNetty436383eb/s6/affa50bd-ac11-477c-8399-5172ba8d467f
2019-09-26 09:45:43,425 INFO  storage.RaftStorageDirectory (RaftStorageDirectory.java:tryLock(328)) - Lock on /workdir/ratis-test/target/test/data/bb022a74/MiniRaftClusterWithNetty436383eb/s5/affa50bd-ac11-477c-8399-5172ba8d467f/in_use.lock acquired by nodename 3395@ratis-test-kn96w-682825239
2019-09-26 09:45:43,425 INFO  storage.RaftStorageDirectory (RaftStorageDirectory.java:tryLock(328)) - Lock on /workdir/ratis-test/target/test/data/bb022a74/MiniRaftClusterWithNetty436383eb/s6/affa50bd-ac11-477c-8399-5172ba8d467f/in_use.lock acquired by nodename 3395@ratis-test-kn96w-682825239
2019-09-26 09:45:43,425 TRACE util.FileUtils (LogUtils.java:runAndLog(61)) - Successfully ran Files.createDirectories /workdir/ratis-test/target/test/data/bb022a74/MiniRaftClusterWithNetty436383eb/s5/affa50bd-ac11-477c-8399-5172ba8d467f/current
2019-09-26 09:45:43,425 TRACE util.FileUtils (LogUtils.java:runAndLog(61)) - Successfully ran Files.createDirectories /workdir/ratis-test/target/test/data/bb022a74/MiniRaftClusterWithNetty436383eb/s6/affa50bd-ac11-477c-8399-5172ba8d467f/current
2019-09-26 09:45:43,426 TRACE util.FileUtils (LogUtils.java:runAndLog(61)) - Successfully ran Files.createDirectories /workdir/ratis-test/target/test/data/bb022a74/MiniRaftClusterWithNetty436383eb/s5/affa50bd-ac11-477c-8399-5172ba8d467f/sm
2019-09-26 09:45:43,426 TRACE util.FileUtils (LogUtils.java:runAndLog(61)) - Successfully ran Files.createDirectories /workdir/ratis-test/target/test/data/bb022a74/MiniRaftClusterWithNetty436383eb/s6/affa50bd-ac11-477c-8399-5172ba8d467f/sm
2019-09-26 09:45:43,440 INFO  storage.RaftStorage (RaftStorage.java:format(84)) - Storage directory /workdir/ratis-test/target/test/data/bb022a74/MiniRaftClusterWithNetty436383eb/s5/affa50bd-ac11-477c-8399-5172ba8d467f has been successfully formatted.
2019-09-26 09:45:43,440 INFO  storage.RaftStorage (RaftStorage.java:format(84)) - Storage directory /workdir/ratis-test/target/test/data/bb022a74/MiniRaftClusterWithNetty436383eb/s6/affa50bd-ac11-477c-8399-5172ba8d467f has been successfully formatted.
2019-09-26 09:45:43,440 INFO  server.RaftServerConfigKeys (ConfUtils.java:logGet(43)) - raft.server.notification.no-leader.timeout = 60s (default)
2019-09-26 09:45:43,440 INFO  server.RaftServerConfigKeys (ConfUtils.java:logGet(43)) - raft.server.notification.no-leader.timeout = 60s (default)
2019-09-26 09:45:43,440 INFO  server.RaftServerConfigKeys (ConfUtils.java:logGet(43)) - raft.server.log.use.memory = false (default)
2019-09-26 09:45:43,441 INFO  server.RaftServerConfigKeys (ConfUtils.java:logGet(43)) - raft.server.log.use.memory = false (default)
2019-09-26 09:45:43,441 INFO  server.RaftServerConfigKeys (ConfUtils.java:logGet(43)) - raft.server.log.purge.gap = 1024 (default)
2019-09-26 09:45:43,441 INFO  server.RaftServerConfigKeys (ConfUtils.java:logGet(43)) - raft.server.log.purge.gap = 1024 (default)
2019-09-26 09:45:43,441 INFO  server.RaftServerConfigKeys (ConfUtils.java:logGet(43)) - raft.server.log.appender.buffer.byte-limit = 4MB (=4194304) (default)
2019-09-26 09:45:43,441 INFO  server.RaftServerConfigKeys (ConfUtils.java:logGet(43)) - raft.server.log.appender.buffer.byte-limit = 4MB (=4194304) (default)
2019-09-26 09:45:43,442 INFO  server.RaftServerConfigKeys (ConfUtils.java:logGet(43)) - raft.server.log.segment.size.max = 8MB (=8388608) (default)
2019-09-26 09:45:43,442 INFO  server.RaftServerConfigKeys (ConfUtils.java:logGet(43)) - raft.server.log.segment.size.max = 8MB (=8388608) (default)
2019-09-26 09:45:43,442 INFO  server.RaftServerConfigKeys (ConfUtils.java:logGet(43)) - raft.server.log.segment.cache.num.max = 6 (default)
2019-09-26 09:45:43,442 INFO  server.RaftServerConfigKeys (ConfUtils.java:logGet(43)) - raft.server.log.segment.cache.num.max = 6 (default)
2019-09-26 09:45:43,442 INFO  segmented.SegmentedRaftLogWorker (SegmentedRaftLogWorker.java:<init>(172)) - new s5@group-5172BA8D467F-SegmentedRaftLogWorker for RaftStorage:Storage Directory /workdir/ratis-test/target/test/data/bb022a74/MiniRaftClusterWithNetty436383eb/s5/affa50bd-ac11-477c-8399-5172ba8d467f
2019-09-26 09:45:43,442 INFO  segmented.SegmentedRaftLogWorker (SegmentedRaftLogWorker.java:<init>(172)) - new s6@group-5172BA8D467F-SegmentedRaftLogWorker for RaftStorage:Storage Directory /workdir/ratis-test/target/test/data/bb022a74/MiniRaftClusterWithNetty436383eb/s6/affa50bd-ac11-477c-8399-5172ba8d467f
2019-09-26 09:45:43,443 INFO  server.RaftServerConfigKeys (ConfUtils.java:logGet(43)) - raft.server.log.queue.byte-limit = 64MB (=67108864) (default)
2019-09-26 09:45:43,443 INFO  server.RaftServerConfigKeys (ConfUtils.java:logGet(43)) - raft.server.log.queue.byte-limit = 64MB (=67108864) (default)
2019-09-26 09:45:43,443 INFO  server.RaftServerConfigKeys (ConfUtils.java:logGet(43)) - raft.server.log.queue.element-limit = 4096 (default)
2019-09-26 09:45:43,443 INFO  server.RaftServerConfigKeys (ConfUtils.java:logGet(43)) - raft.server.log.queue.element-limit = 4096 (default)
2019-09-26 09:45:43,443 INFO  server.RaftServerConfigKeys (ConfUtils.java:logGet(43)) - raft.server.log.segment.size.max = 8MB (=8388608) (default)
2019-09-26 09:45:43,443 INFO  server.RaftServerConfigKeys (ConfUtils.java:logGet(43)) - raft.server.log.segment.size.max = 8MB (=8388608) (default)
2019-09-26 09:45:43,444 INFO  server.RaftServerConfigKeys (ConfUtils.java:logGet(43)) - raft.server.log.preallocated.size = 4MB (=4194304) (default)
2019-09-26 09:45:43,444 INFO  server.RaftServerConfigKeys (ConfUtils.java:logGet(43)) - raft.server.log.preallocated.size = 4MB (=4194304) (default)
2019-09-26 09:45:43,444 INFO  server.RaftServerConfigKeys (ConfUtils.java:logGet(43)) - raft.server.log.write.buffer.size = 64KB (=65536) (default)
2019-09-26 09:45:43,444 INFO  server.RaftServerConfigKeys (ConfUtils.java:logGet(43)) - raft.server.log.write.buffer.size = 64KB (=65536) (default)
2019-09-26 09:45:43,444 INFO  server.RaftServerConfigKeys (ConfUtils.java:logGet(43)) - raft.server.log.force.sync.num = 128 (default)
2019-09-26 09:45:43,444 INFO  server.RaftServerConfigKeys (ConfUtils.java:logGet(43)) - raft.server.log.force.sync.num = 128 (default)
2019-09-26 09:45:43,445 INFO  server.RaftServerConfigKeys (ConfUtils.java:logGet(43)) - raft.server.log.statemachine.data.sync = true (default)
2019-09-26 09:45:43,445 INFO  server.RaftServerConfigKeys (ConfUtils.java:logGet(43)) - raft.server.log.statemachine.data.sync = true (default)
2019-09-26 09:45:43,445 INFO  server.RaftServerConfigKeys (ConfUtils.java:logGet(43)) - raft.server.log.statemachine.data.sync.timeout = 10s (default)
2019-09-26 09:45:43,445 INFO  server.RaftServerConfigKeys (ConfUtils.java:logGet(43)) - raft.server.log.statemachine.data.sync.timeout = 10s (default)
2019-09-26 09:45:43,445 INFO  server.RaftServerConfigKeys (ConfUtils.java:logGet(43)) - raft.server.log.statemachine.data.sync.timeout.retry = -1 (default)
2019-09-26 09:45:43,445 INFO  server.RaftServerConfigKeys (ConfUtils.java:logGet(43)) - raft.server.log.statemachine.data.sync.timeout.retry = -1 (default)
2019-09-26 09:45:43,446 INFO  server.RaftServerConfigKeys (ConfUtils.java:logGet(43)) - raft.server.log.statemachine.data.caching.enabled = false (default)
2019-09-26 09:45:43,446 INFO  server.RaftServerConfigKeys (ConfUtils.java:logGet(43)) - raft.server.log.statemachine.data.caching.enabled = false (default)
2019-09-26 09:45:43,446 INFO  segmented.SegmentedRaftLogWorker (SegmentedRaftLogWorker.java:lambda$new$0(132)) - s5@group-5172BA8D467F-SegmentedRaftLogWorker: flushIndex: setUnconditionally 0 -> -1
2019-09-26 09:45:43,446 INFO  segmented.SegmentedRaftLogWorker (SegmentedRaftLogWorker.java:lambda$new$0(132)) - s6@group-5172BA8D467F-SegmentedRaftLogWorker: flushIndex: setUnconditionally 0 -> -1
2019-09-26 09:45:43,447 INFO  server.RaftServerConfigKeys (ConfUtils.java:logGet(43)) - raft.server.snapshot.auto.trigger.enabled = false (default)
2019-09-26 09:45:43,447 INFO  server.RaftServerConfigKeys (ConfUtils.java:logGet(43)) - raft.server.snapshot.retention.file.num = -1 (default)
2019-09-26 09:45:43,447 INFO  server.RaftServerConfigKeys (ConfUtils.java:logGet(43)) - raft.server.snapshot.auto.trigger.enabled = false (default)
2019-09-26 09:45:43,447 INFO  server.RaftServerConfigKeys (ConfUtils.java:logGet(43)) - raft.server.retrycache.expirytime = 60s (default)
2019-09-26 09:45:43,447 INFO  server.RaftServerConfigKeys (ConfUtils.java:logGet(43)) - raft.server.snapshot.retention.file.num = -1 (default)
2019-09-26 09:45:43,448 INFO  server.RaftServerConfigKeys (ConfUtils.java:logGet(43)) - raft.server.retrycache.expirytime = 60s (default)
2019-09-26 09:45:43,453 INFO  impl.RaftServerImpl (RaftServerImpl.java:start(184)) - s5@group-5172BA8D467F: start with initializing state, conf=-1: [s3:0.0.0.0:37437, s4:0.0.0.0:38885, s0:0.0.0.0:36205, s1:0.0.0.0:40678, s2:0.0.0.0:37393], old=null
2019-09-26 09:45:43,453 INFO  impl.RaftServerImpl (RaftServerImpl.java:setRole(170)) - s5@group-5172BA8D467F: changes role from      null to FOLLOWER at term 0 for startInitializing
2019-09-26 09:45:43,454 INFO  util.JmxRegister (JmxRegister.java:tryRegister(44)) - Successfully registered JMX Bean with object name Ratis:service=RaftServer,group=group-5172BA8D467F,id=s5
2019-09-26 09:45:43,457 INFO  impl.RaftServerProxy (RaftServerProxy.java:lambda$start$3(299)) - s5: start RPC server
2019-09-26 09:45:43,458 INFO  impl.RaftServerImpl (RaftServerImpl.java:start(184)) - s6@group-5172BA8D467F: start with initializing state, conf=-1: [s3:0.0.0.0:37437, s4:0.0.0.0:38885, s0:0.0.0.0:36205, s1:0.0.0.0:40678, s2:0.0.0.0:37393], old=null
2019-09-26 09:45:43,458 INFO  impl.RaftServerImpl (RaftServerImpl.java:setRole(170)) - s6@group-5172BA8D467F: changes role from      null to FOLLOWER at term 0 for startInitializing
2019-09-26 09:45:43,458 INFO  util.JmxRegister (JmxRegister.java:tryRegister(44)) - Successfully registered JMX Bean with object name Ratis:service=RaftServer,group=group-5172BA8D467F,id=s6
2019-09-26 09:45:43,462 INFO  impl.RaftServerProxy (RaftServerProxy.java:lambda$start$3(299)) - s6: start RPC server
2019-09-26 09:45:43,462 INFO  server.RaftServerConfigKeys (ConfUtils.java:logGet(43)) - raft.server.rpc.timeout.max = 300ms (default)
2019-09-26 09:45:43,463 INFO  ratis.RaftTestUtil (RaftTestUtil.java:waitForLeader(86)) - printing ALL groups
  s3:  RUNNING    LEADER s3@group-5172BA8D467F:t1, leader=s3, voted=s3, raftlog=s3@group-5172BA8D467F-SegmentedRaftLog:OPENED:c0,f0,i0, conf=0: [s3:0.0.0.0:37437, s4:0.0.0.0:38885, s0:0.0.0.0:36205, s1:0.0.0.0:40678, s2:0.0.0.0:37393], old=null RUNNING
  s4:  RUNNING  FOLLOWER s4@group-5172BA8D467F:t1, leader=s3, voted=s3, raftlog=s4@group-5172BA8D467F-SegmentedRaftLog:OPENED:c-1,f0,i0, conf=0: [s3:0.0.0.0:37437, s4:0.0.0.0:38885, s0:0.0.0.0:36205, s1:0.0.0.0:40678, s2:0.0.0.0:37393], old=null RUNNING
  s5:  RUNNING  FOLLOWER s5@group-5172BA8D467F:t0, leader=null, voted=null, raftlog=s5@group-5172BA8D467F-SegmentedRaftLog:OPENED:c-1,f-1,i0, conf=-1: [s3:0.0.0.0:37437, s4:0.0.0.0:38885, s0:0.0.0.0:36205, s1:0.0.0.0:40678, s2:0.0.0.0:37393], old=null STARTING
  s6:  RUNNING  FOLLOWER s6@group-5172BA8D467F:t0, leader=null, voted=null, raftlog=s6@group-5172BA8D467F-SegmentedRaftLog:OPENED:c-1,f-1,i0, conf=-1: [s3:0.0.0.0:37437, s4:0.0.0.0:38885, s0:0.0.0.0:36205, s1:0.0.0.0:40678, s2:0.0.0.0:37393], old=null STARTING
  s0:  RUNNING CANDIDATE s0@group-5172BA8D467F:t2, leader=null, voted=s0, raftlog=s0@group-5172BA8D467F-SegmentedRaftLog:OPENED:c-1,f-1,i0, conf=-1: [s3:0.0.0.0:37437, s4:0.0.0.0:38885, s0:0.0.0.0:36205, s1:0.0.0.0:40678, s2:0.0.0.0:37393], old=null RUNNING
  s1:  RUNNING  FOLLOWER s1@group-5172BA8D467F:t1, leader=s3, voted=s3, raftlog=s1@group-5172BA8D467F-SegmentedRaftLog:OPENED:c-1,f0,i0, conf=0: [s3:0.0.0.0:37437, s4:0.0.0.0:38885, s0:0.0.0.0:36205, s1:0.0.0.0:40678, s2:0.0.0.0:37393], old=null RUNNING
  s2:  RUNNING  FOLLOWER s2@group-5172BA8D467F:t1, leader=s3, voted=s3, raftlog=s2@group-5172BA8D467F-SegmentedRaftLog:OPENED:c-1,f0,i0, conf=0: [s3:0.0.0.0:37437, s4:0.0.0.0:38885, s0:0.0.0.0:36205, s1:0.0.0.0:40678, s2:0.0.0.0:37393], old=null RUNNING
2019-09-26 09:45:43,463 INFO  ratis.RaftTestUtil (RaftTestUtil.java:waitForLeader(101)) - printing ALL groups
  s3:  RUNNING    LEADER s3@group-5172BA8D467F:t1, leader=s3, voted=s3, raftlog=s3@group-5172BA8D467F-SegmentedRaftLog:OPENED:c0,f0,i0, conf=0: [s3:0.0.0.0:37437, s4:0.0.0.0:38885, s0:0.0.0.0:36205, s1:0.0.0.0:40678, s2:0.0.0.0:37393], old=null RUNNING
  s4:  RUNNING  FOLLOWER s4@group-5172BA8D467F:t1, leader=s3, voted=s3, raftlog=s4@group-5172BA8D467F-SegmentedRaftLog:OPENED:c-1,f0,i0, conf=0: [s3:0.0.0.0:37437, s4:0.0.0.0:38885, s0:0.0.0.0:36205, s1:0.0.0.0:40678, s2:0.0.0.0:37393], old=null RUNNING
  s5:  RUNNING  FOLLOWER s5@group-5172BA8D467F:t0, leader=null, voted=null, raftlog=s5@group-5172BA8D467F-SegmentedRaftLog:OPENED:c-1,f-1,i0, conf=-1: [s3:0.0.0.0:37437, s4:0.0.0.0:38885, s0:0.0.0.0:36205, s1:0.0.0.0:40678, s2:0.0.0.0:37393], old=null STARTING
  s6:  RUNNING  FOLLOWER s6@group-5172BA8D467F:t0, leader=null, voted=null, raftlog=s6@group-5172BA8D467F-SegmentedRaftLog:OPENED:c-1,f-1,i0, conf=-1: [s3:0.0.0.0:37437, s4:0.0.0.0:38885, s0:0.0.0.0:36205, s1:0.0.0.0:40678, s2:0.0.0.0:37393], old=null STARTING
  s0:  RUNNING CANDIDATE s0@group-5172BA8D467F:t2, leader=null, voted=s0, raftlog=s0@group-5172BA8D467F-SegmentedRaftLog:OPENED:c-1,f-1,i0, conf=-1: [s3:0.0.0.0:37437, s4:0.0.0.0:38885, s0:0.0.0.0:36205, s1:0.0.0.0:40678, s2:0.0.0.0:37393], old=null RUNNING
  s1:  RUNNING  FOLLOWER s1@group-5172BA8D467F:t1, leader=s3, voted=s3, raftlog=s1@group-5172BA8D467F-SegmentedRaftLog:OPENED:c-1,f0,i0, conf=0: [s3:0.0.0.0:37437, s4:0.0.0.0:38885, s0:0.0.0.0:36205, s1:0.0.0.0:40678, s2:0.0.0.0:37393], old=null RUNNING
  s2:  RUNNING  FOLLOWER s2@group-5172BA8D467F:t1, leader=s3, voted=s3, raftlog=s2@group-5172BA8D467F-SegmentedRaftLog:OPENED:c-1,f0,i0, conf=0: [s3:0.0.0.0:37437, s4:0.0.0.0:38885, s0:0.0.0.0:36205, s1:0.0.0.0:40678, s2:0.0.0.0:37393], old=null RUNNING
2019-09-26 09:45:43,465 INFO  ratis.MiniRaftCluster (MiniRaftCluster.java:setConfiguration(688)) - Start changing the configuration: [s5:0.0.0.0:37411, s6:0.0.0.0:44864, s0:0.0.0.0:36205, s1:0.0.0.0:40678, s2:0.0.0.0:37393]
2019-09-26 09:45:43,467 INFO  logging.LoggingHandler (AbstractInternalLogger.java:log(150)) - [id: 0x446b6fca, L:/0.0.0.0:37411] READ: [id: 0x0de73378, L:/192.168.30.59:37411 - R:/192.168.30.59:38388]
2019-09-26 09:45:43,467 INFO  logging.LoggingHandler (AbstractInternalLogger.java:log(150)) - [id: 0x446b6fca, L:/0.0.0.0:37411] READ COMPLETE
2019-09-26 09:45:43,469 INFO  impl.RaftServerImpl (RaftServerImpl.java:setConfigurationAsync(658)) - s5@group-5172BA8D467F: receive setConfiguration SetConfigurationRequest:client-AB01E8A0A670->s5@group-5172BA8D467F, cid=26, seq=0, RW, null, peers:[s5:0.0.0.0:37411, s6:0.0.0.0:44864, s0:0.0.0.0:36205, s1:0.0.0.0:40678, s2:0.0.0.0:37393]
2019-09-26 09:45:43,551 INFO  impl.LeaderElection (LeaderElection.java:logAndReturn(56)) - s0@group-5172BA8D467F-LeaderElection20: Election TIMEOUT; received 0 response(s) [] and 0 exception(s); s0@group-5172BA8D467F:t2, leader=null, voted=s0, raftlog=s0@group-5172BA8D467F-SegmentedRaftLog:OPENED:c-1,f-1,i0, conf=-1: [s3:0.0.0.0:37437, s4:0.0.0.0:38885, s0:0.0.0.0:36205, s1:0.0.0.0:40678, s2:0.0.0.0:37393], old=null
2019-09-26 09:45:43,565 INFO  impl.LeaderElection (LeaderElection.java:askForVotes(178)) - s0@group-5172BA8D467F-LeaderElection20: begin an election at term 3 for -1: [s3:0.0.0.0:37437, s4:0.0.0.0:38885, s0:0.0.0.0:36205, s1:0.0.0.0:40678, s2:0.0.0.0:37393], old=null
2019-09-26 09:45:43,578 INFO  logging.LoggingHandler (AbstractInternalLogger.java:log(150)) - [id: 0x829219e5, L:/0.0.0.0:44864] READ: [id: 0x45a224ff, L:/192.168.30.59:44864 - R:/192.168.30.59:38184]
2019-09-26 09:45:43,578 INFO  logging.LoggingHandler (AbstractInternalLogger.java:log(150)) - [id: 0x829219e5, L:/0.0.0.0:44864] READ COMPLETE
2019-09-26 09:45:43,579 INFO  impl.RaftServerImpl (RaftServerImpl.java:setConfigurationAsync(658)) - s6@group-5172BA8D467F: receive setConfiguration SetConfigurationRequest:client-AB01E8A0A670->s6@group-5172BA8D467F, cid=26, seq=0, RW, null, peers:[s5:0.0.0.0:37411, s6:0.0.0.0:44864, s0:0.0.0.0:36205, s1:0.0.0.0:40678, s2:0.0.0.0:37393]
2019-09-26 09:45:43,688 INFO  logging.LoggingHandler (AbstractInternalLogger.java:log(150)) - [id: 0x446b6fca, L:/0.0.0.0:37411] READ: [id: 0x7030d7f7, L:/192.168.30.59:37411 - R:/192.168.30.59:38392]
2019-09-26 09:45:43,688 INFO  logging.LoggingHandler (AbstractInternalLogger.java:log(150)) - [id: 0x446b6fca, L:/0.0.0.0:37411] READ COMPLETE
2019-09-26 09:45:43,689 INFO  impl.RaftServerImpl (RaftServerImpl.java:setConfigurationAsync(658)) - s5@group-5172BA8D467F: receive setConfiguration SetConfigurationRequest:client-AB01E8A0A670->s5@group-5172BA8D467F, cid=26, seq=0, RW, null, peers:[s5:0.0.0.0:37411, s6:0.0.0.0:44864, s0:0.0.0.0:36205, s1:0.0.0.0:40678, s2:0.0.0.0:37393]
2019-09-26 09:45:43,727 INFO  impl.LeaderElection (LeaderElection.java:logAndReturn(56)) - s0@group-5172BA8D467F-LeaderElection20: Election TIMEOUT; received 0 response(s) [] and 0 exception(s); s0@group-5172BA8D467F:t3, leader=null, voted=s0, raftlog=s0@group-5172BA8D467F-SegmentedRaftLog:OPENED:c-1,f-1,i0, conf=-1: [s3:0.0.0.0:37437, s4:0.0.0.0:38885, s0:0.0.0.0:36205, s1:0.0.0.0:40678, s2:0.0.0.0:37393], old=null
2019-09-26 09:45:43,741 INFO  impl.LeaderElection (LeaderElection.java:askForVotes(178)) - s0@group-5172BA8D467F-LeaderElection20: begin an election at term 4 for -1: [s3:0.0.0.0:37437, s4:0.0.0.0:38885, s0:0.0.0.0:36205, s1:0.0.0.0:40678, s2:0.0.0.0:37393], old=null
2019-09-26 09:45:43,796 INFO  logging.LoggingHandler (AbstractInternalLogger.java:log(150)) - [id: 0x7b24c3b0, L:/0.0.0.0:40678] READ: [id: 0x0e455a11, L:/192.168.30.59:40678 - R:/192.168.30.59:58244]
2019-09-26 09:45:43,797 INFO  logging.LoggingHandler (AbstractInternalLogger.java:log(150)) - [id: 0x7b24c3b0, L:/0.0.0.0:40678] READ COMPLETE
2019-09-26 09:45:43,798 INFO  impl.RaftServerImpl (RaftServerImpl.java:setConfigurationAsync(658)) - s1@group-5172BA8D467F: receive setConfiguration SetConfigurationRequest:client-AB01E8A0A670->s1@group-5172BA8D467F, cid=26, seq=0, RW, null, peers:[s5:0.0.0.0:37411, s6:0.0.0.0:44864, s0:0.0.0.0:36205, s1:0.0.0.0:40678, s2:0.0.0.0:37393]
2019-09-26 09:45:43,901 INFO  logging.LoggingHandler (AbstractInternalLogger.java:log(150)) - [id: 0xc845bb24, L:/0.0.0.0:37437] READ: [id: 0x23049bfb, L:/192.168.30.59:37437 - R:/192.168.30.59:52418]
2019-09-26 09:45:43,902 INFO  logging.LoggingHandler (AbstractInternalLogger.java:log(150)) - [id: 0xc845bb24, L:/0.0.0.0:37437] READ COMPLETE
2019-09-26 09:45:43,903 INFO  impl.RaftServerImpl (RaftServerImpl.java:setConfigurationAsync(658)) - s3@group-5172BA8D467F: receive setConfiguration SetConfigurationRequest:client-AB01E8A0A670->s3@group-5172BA8D467F, cid=26, seq=0, RW, null, peers:[s5:0.0.0.0:37411, s6:0.0.0.0:44864, s0:0.0.0.0:36205, s1:0.0.0.0:40678, s2:0.0.0.0:37393]
2019-09-26 09:45:43,903 INFO  impl.RaftServerImpl (LeaderState.java:startSetConfiguration(287)) - s3@group-5172BA8D467F-LeaderState: startSetConfiguration SetConfigurationRequest:client-AB01E8A0A670->s3@group-5172BA8D467F, cid=26, seq=0, RW, null, peers:[s5:0.0.0.0:37411, s6:0.0.0.0:44864, s0:0.0.0.0:36205, s1:0.0.0.0:40678, s2:0.0.0.0:37393]
2019-09-26 09:45:43,904 INFO  server.RaftServerConfigKeys (ConfUtils.java:logGet(43)) - raft.server.log.appender.snapshot.chunk.size.max = 16MB (=16777216) (default)
2019-09-26 09:45:43,904 INFO  server.RaftServerConfigKeys (ConfUtils.java:logGet(43)) - raft.server.log.appender.buffer.byte-limit = 4MB (=4194304) (default)
2019-09-26 09:45:43,905 INFO  server.RaftServerConfigKeys (ConfUtils.java:logGet(43)) - raft.server.log.appender.buffer.element-limit = 0 (default)
2019-09-26 09:45:43,905 INFO  server.RaftServerConfigKeys (ConfUtils.java:logGet(43)) - raft.server.log.appender.snapshot.chunk.size.max = 16MB (=16777216) (default)
2019-09-26 09:45:43,906 INFO  server.RaftServerConfigKeys (ConfUtils.java:logGet(43)) - raft.server.log.appender.buffer.byte-limit = 4MB (=4194304) (default)
2019-09-26 09:45:43,906 INFO  server.RaftServerConfigKeys (ConfUtils.java:logGet(43)) - raft.server.log.appender.buffer.element-limit = 0 (default)
2019-09-26 09:45:43,908 INFO  logging.LoggingHandler (AbstractInternalLogger.java:log(150)) - [id: 0x446b6fca, L:/0.0.0.0:37411] READ: [id: 0x401a50ae, L:/192.168.30.59:37411 - R:/192.168.30.59:38400]
2019-09-26 09:45:43,909 INFO  logging.LoggingHandler (AbstractInternalLogger.java:log(150)) - [id: 0x829219e5, L:/0.0.0.0:44864] READ: [id: 0xeaae299d, L:/192.168.30.59:44864 - R:/192.168.30.59:38196]
2019-09-26 09:45:43,909 INFO  logging.LoggingHandler (AbstractInternalLogger.java:log(150)) - [id: 0x446b6fca, L:/0.0.0.0:37411] READ COMPLETE
2019-09-26 09:45:43,909 INFO  logging.LoggingHandler (AbstractInternalLogger.java:log(150)) - [id: 0x829219e5, L:/0.0.0.0:44864] READ COMPLETE
2019-09-26 09:45:43,924 INFO  impl.RaftServerImpl (ServerState.java:setLeader(254)) - s5@group-5172BA8D467F: change Leader from null to s3 at term 1 for appendEntries, leader elected after 483ms
2019-09-26 09:45:43,924 INFO  impl.RaftServerImpl (ServerState.java:setLeader(254)) - s6@group-5172BA8D467F: change Leader from null to s3 at term 1 for appendEntries, leader elected after 483ms
2019-09-26 09:45:43,924 INFO  impl.RaftServerImpl (RaftServerImpl.java:checkInconsistentAppendEntries(999)) - s5@group-5172BA8D467F: Failed appendEntries as previous log entry ((t:1, i:0)) is not found
2019-09-26 09:45:43,925 INFO  impl.RaftServerImpl (RaftServerImpl.java:checkInconsistentAppendEntries(999)) - s6@group-5172BA8D467F: Failed appendEntries as previous log entry ((t:1, i:0)) is not found
2019-09-26 09:45:43,925 INFO  impl.RaftServerImpl (RaftServerImpl.java:checkInconsistentAppendEntries(972)) - s5@group-5172BA8D467F: inconsistency entries. Reply:s3<-s5#0:FAIL,INCONSISTENCY,nextIndex:0,term:0,followerCommit:-1
2019-09-26 09:45:43,925 INFO  impl.RaftServerImpl (RaftServerImpl.java:checkInconsistentAppendEntries(972)) - s6@group-5172BA8D467F: inconsistency entries. Reply:s3<-s6#0:FAIL,INCONSISTENCY,nextIndex:0,term:0,followerCommit:-1
2019-09-26 09:45:43,926 INFO  impl.FollowerInfo (FollowerInfo.java:lambda$new$0(51)) - s3@group-5172BA8D467F->s5: nextIndex: updateUnconditionally 1 -> 0
2019-09-26 09:45:43,926 INFO  impl.FollowerInfo (FollowerInfo.java:lambda$new$0(51)) - s3@group-5172BA8D467F->s6: nextIndex: updateUnconditionally 1 -> 0
2019-09-26 09:45:43,927 DEBUG impl.RaftServerImpl (RaftServerImpl.java:logAppendEntries(850)) - s5@group-5172BA8D467F: receive appendEntries(s3, 1, null, 0, true, commits[s3:c0, s4:c0, s0:c-1, s1:c0, s2:c0, s5:c-1, s6:c-1], entries: (t:1, i:0), CONFIGURATIONENTRY
2019-09-26 09:45:43,927 DEBUG impl.RaftServerImpl (RaftServerImpl.java:logAppendEntries(850)) - s6@group-5172BA8D467F: receive appendEntries(s3, 1, null, 0, true, commits[s3:c0, s4:c0, s0:c-1, s1:c0, s2:c0, s5:c-1, s6:c-1], entries: (t:1, i:0), CONFIGURATIONENTRY
2019-09-26 09:45:43,927 INFO  impl.RaftServerImpl (ServerState.java:setRaftConf(355)) - s5@group-5172BA8D467F: set configuration 0: [s3:0.0.0.0:37437, s4:0.0.0.0:38885, s0:0.0.0.0:36205, s1:0.0.0.0:40678, s2:0.0.0.0:37393], old=null at 0
2019-09-26 09:45:43,928 INFO  impl.RaftServerImpl (ServerState.java:setRaftConf(355)) - s6@group-5172BA8D467F: set configuration 0: [s3:0.0.0.0:37437, s4:0.0.0.0:38885, s0:0.0.0.0:36205, s1:0.0.0.0:40678, s2:0.0.0.0:37393], old=null at 0
2019-09-26 09:45:43,928 INFO  segmented.SegmentedRaftLogWorker (SegmentedRaftLogWorker.java:startLogSegment(380)) - s5@group-5172BA8D467F-SegmentedRaftLogWorker: Starting segment from index:0
2019-09-26 09:45:43,928 INFO  segmented.SegmentedRaftLogWorker (SegmentedRaftLogWorker.java:startLogSegment(380)) - s6@group-5172BA8D467F-SegmentedRaftLogWorker: Starting segment from index:0
2019-09-26 09:45:43,992 INFO  impl.RaftServerImpl (ServerState.java:setRaftConf(355)) - s3@group-5172BA8D467F: set configuration 1: [s5:0.0.0.0:37411, s6:0.0.0.0:44864, s0:0.0.0.0:36205, s1:0.0.0.0:40678, s2:0.0.0.0:37393], old=[s3:0.0.0.0:37437, s4:0.0.0.0:38885, s0:0.0.0.0:36205, s1:0.0.0.0:40678, s2:0.0.0.0:37393] at 1
2019-09-26 09:45:43,993 DEBUG impl.RaftServerImpl (RaftServerImpl.java:logAppendEntries(850)) - s4@group-5172BA8D467F: receive appendEntries(s3, 1, (t:1, i:0), 0, false, commits[s3:c0, s4:c0, s0:c-1, s1:c0, s2:c0, s5:c-1, s6:c-1], entries: (t:1, i:1), CONFIGURATIONENTRY
2019-09-26 09:45:43,993 DEBUG impl.RaftServerImpl (RaftServerImpl.java:logAppendEntries(850)) - s2@group-5172BA8D467F: receive appendEntries(s3, 1, (t:1, i:0), 0, false, commits[s3:c0, s4:c0, s0:c-1, s1:c0, s2:c0, s5:c-1, s6:c-1], entries: (t:1, i:1), CONFIGURATIONENTRY
2019-09-26 09:45:43,993 DEBUG impl.RaftServerImpl (RaftServerImpl.java:logAppendEntries(850)) - s1@group-5172BA8D467F: receive appendEntries(s3, 1, (t:1, i:0), 0, false, commits[s3:c0, s4:c0, s0:c-1, s1:c0, s2:c0, s5:c-1, s6:c-1], entries: (t:1, i:1), CONFIGURATIONENTRY
2019-09-26 09:45:43,994 INFO  impl.RaftServerImpl (ServerState.java:setRaftConf(355)) - s2@group-5172BA8D467F: set configuration 1: [s5:0.0.0.0:37411, s6:0.0.0.0:44864, s0:0.0.0.0:36205, s1:0.0.0.0:40678, s2:0.0.0.0:37393], old=[s3:0.0.0.0:37437, s4:0.0.0.0:38885, s0:0.0.0.0:36205, s1:0.0.0.0:40678, s2:0.0.0.0:37393] at 1
2019-09-26 09:45:43,993 INFO  impl.RaftServerImpl (ServerState.java:setRaftConf(355)) - s4@group-5172BA8D467F: set configuration 1: [s5:0.0.0.0:37411, s6:0.0.0.0:44864, s0:0.0.0.0:36205, s1:0.0.0.0:40678, s2:0.0.0.0:37393], old=[s3:0.0.0.0:37437, s4:0.0.0.0:38885, s0:0.0.0.0:36205, s1:0.0.0.0:40678, s2:0.0.0.0:37393] at 1
2019-09-26 09:45:43,994 INFO  impl.RaftServerImpl (ServerState.java:setRaftConf(355)) - s1@group-5172BA8D467F: set configuration 1: [s5:0.0.0.0:37411, s6:0.0.0.0:44864, s0:0.0.0.0:36205, s1:0.0.0.0:40678, s2:0.0.0.0:37393], old=[s3:0.0.0.0:37437, s4:0.0.0.0:38885, s0:0.0.0.0:36205, s1:0.0.0.0:40678, s2:0.0.0.0:37393] at 1
2019-09-26 09:45:44,020 INFO  impl.LeaderElection (LeaderElection.java:logAndReturn(56)) - s0@group-5172BA8D467F-LeaderElection20: Election TIMEOUT; received 0 response(s) [] and 0 exception(s); s0@group-5172BA8D467F:t4, leader=null, voted=s0, raftlog=s0@group-5172BA8D467F-SegmentedRaftLog:OPENED:c-1,f-1,i0, conf=-1: [s3:0.0.0.0:37437, s4:0.0.0.0:38885, s0:0.0.0.0:36205, s1:0.0.0.0:40678, s2:0.0.0.0:37393], old=null
2019-09-26 09:45:44,078 DEBUG impl.RaftServerImpl (RaftServerImpl.java:logAppendEntries(850)) - s4@group-5172BA8D467F: succeeded to handle AppendEntries. Reply: s3<-s4#0:OK,SUCCESS,nextIndex:2,term:1,followerCommit:0
2019-09-26 09:45:44,078 INFO  segmented.SegmentedRaftLogWorker (SegmentedRaftLogWorker.java:execute(569)) - s6@group-5172BA8D467F-SegmentedRaftLogWorker: created new log segment /workdir/ratis-test/target/test/data/bb022a74/MiniRaftClusterWithNetty436383eb/s6/affa50bd-ac11-477c-8399-5172ba8d467f/current/log_inprogress_0
2019-09-26 09:45:44,078 DEBUG impl.RaftServerImpl (RaftServerImpl.java:logAppendEntries(850)) - s2@group-5172BA8D467F: succeeded to handle AppendEntries. Reply: s3<-s2#0:OK,SUCCESS,nextIndex:2,term:1,followerCommit:0
2019-09-26 09:45:44,078 INFO  segmented.SegmentedRaftLogWorker (SegmentedRaftLogWorker.java:execute(569)) - s5@group-5172BA8D467F-SegmentedRaftLogWorker: created new log segment /workdir/ratis-test/target/test/data/bb022a74/MiniRaftClusterWithNetty436383eb/s5/affa50bd-ac11-477c-8399-5172ba8d467f/current/log_inprogress_0
2019-09-26 09:45:44,078 DEBUG impl.RaftServerImpl (RaftServerImpl.java:logAppendEntries(850)) - s1@group-5172BA8D467F: succeeded to handle AppendEntries. Reply: s3<-s1#0:OK,SUCCESS,nextIndex:2,term:1,followerCommit:0
2019-09-26 09:45:44,081 DEBUG impl.RaftServerImpl (RaftServerImpl.java:logAppendEntries(850)) - s6@group-5172BA8D467F: succeeded to handle AppendEntries. Reply: s3<-s6#0:OK,SUCCESS,nextIndex:1,term:1,followerCommit:0
2019-09-26 09:45:44,081 INFO  impl.LeaderElection (LeaderElection.java:askForVotes(178)) - s0@group-5172BA8D467F-LeaderElection20: begin an election at term 5 for -1: [s3:0.0.0.0:37437, s4:0.0.0.0:38885, s0:0.0.0.0:36205, s1:0.0.0.0:40678, s2:0.0.0.0:37393], old=null
2019-09-26 09:45:44,082 DEBUG impl.RaftServerImpl (RaftServerImpl.java:logAppendEntries(850)) - s6@group-5172BA8D467F: receive appendEntries(s3, 1, (t:1, i:0), 0, false, commits[s3:c0, s4:c0, s0:c-1, s1:c0, s2:c0, s5:c-1, s6:c0], entries: (t:1, i:1), CONFIGURATIONENTRY
2019-09-26 09:45:44,083 INFO  impl.RoleInfo (RoleInfo.java:updateAndGet(143)) - s6: start FollowerState
2019-09-26 09:45:44,084 INFO  impl.RaftServerImpl (ServerState.java:setRaftConf(355)) - s6@group-5172BA8D467F: set configuration 1: [s5:0.0.0.0:37411, s6:0.0.0.0:44864, s0:0.0.0.0:36205, s1:0.0.0.0:40678, s2:0.0.0.0:37393], old=[s3:0.0.0.0:37437, s4:0.0.0.0:38885, s0:0.0.0.0:36205, s1:0.0.0.0:40678, s2:0.0.0.0:37393] at 1
2019-09-26 09:45:44,094 DEBUG impl.RaftServerImpl (RaftServerImpl.java:logAppendEntries(850)) - s5@group-5172BA8D467F: succeeded to handle AppendEntries. Reply: s3<-s5#0:OK,SUCCESS,nextIndex:1,term:1,followerCommit:0
2019-09-26 09:45:44,094 DEBUG impl.RaftServerImpl (RaftServerImpl.java:logAppendEntries(850)) - s6@group-5172BA8D467F: succeeded to handle AppendEntries. Reply: s3<-s6#0:OK,SUCCESS,nextIndex:2,term:1,followerCommit:0
2019-09-26 09:45:44,095 DEBUG impl.RaftServerImpl (RaftServerImpl.java:logAppendEntries(850)) - s5@group-5172BA8D467F: receive appendEntries(s3, 1, (t:1, i:0), 0, false, commits[s3:c0, s4:c0, s0:c-1, s1:c0, s2:c0, s5:c0, s6:c0], entries: (t:1, i:1), CONFIGURATIONENTRY
2019-09-26 09:45:44,097 INFO  impl.RaftServerImpl (ServerState.java:setRaftConf(355)) - s3@group-5172BA8D467F: set configuration 3: [s5:0.0.0.0:37411, s6:0.0.0.0:44864, s0:0.0.0.0:36205, s1:0.0.0.0:40678, s2:0.0.0.0:37393], old=null at 3
2019-09-26 09:45:44,097 INFO  impl.LogAppender (LogAppender.java:run(78)) - s3@group-5172BA8D467F->s4-LogAppender-AppenderDaemon was interrupted: java.io.InterruptedIOException: s3->s4#0 sending from s4:0.0.0.0:38885 is interrupted.
2019-09-26 09:45:44,097 DEBUG impl.RaftServerImpl (RaftServerImpl.java:logAppendEntries(850)) - s1@group-5172BA8D467F: receive appendEntries(s3, 1, (t:1, i:1), 1, false, commits[s3:c1, s4:c0, s0:c-1, s1:c0, s2:c0, s5:c0, s6:c0], entries: (t:1, i:2), METADATAENTRY(c1)
2019-09-26 09:45:44,097 DEBUG impl.RaftServerImpl (RaftServerImpl.java:logAppendEntries(850)) - s6@group-5172BA8D467F: receive appendEntries(s3, 1, (t:1, i:1), 1, false, commits[s3:c1, s4:c0, s0:c-1, s1:c0, s2:c0, s5:c0, s6:c0], entries: (t:1, i:2), METADATAENTRY(c1)
2019-09-26 09:45:44,097 INFO  impl.RoleInfo (RoleInfo.java:updateAndGet(143)) - s5: start FollowerState
2019-09-26 09:45:44,098 DEBUG impl.RaftServerImpl (RaftServerImpl.java:logAppendEntries(850)) - s2@group-5172BA8D467F: receive appendEntries(s3, 1, (t:1, i:1), 1, false, commits[s3:c1, s0:c-1, s1:c0, s2:c0, s5:c0, s6:c0], entries: (t:1, i:2), METADATAENTRY(c1)
2019-09-26 09:45:44,099 INFO  impl.RaftServerImpl (ServerState.java:setRaftConf(355)) - s5@group-5172BA8D467F: set configuration 1: [s5:0.0.0.0:37411, s6:0.0.0.0:44864, s0:0.0.0.0:36205, s1:0.0.0.0:40678, s2:0.0.0.0:37393], old=[s3:0.0.0.0:37437, s4:0.0.0.0:38885, s0:0.0.0.0:36205, s1:0.0.0.0:40678, s2:0.0.0.0:37393] at 1
2019-09-26 09:45:44,097 DEBUG impl.RaftServerImpl (RaftServerImpl.java:logAppendEntries(850)) - s4@group-5172BA8D467F: receive appendEntries(s3, 1, (t:1, i:1), 1, false, commits[s3:c1, s4:c0, s0:c-1, s1:c0, s2:c0, s5:c0, s6:c0], entries: (t:1, i:2), METADATAENTRY(c1)
2019-09-26 09:45:44,109 DEBUG impl.RaftServerImpl (RaftServerImpl.java:logAppendEntries(850)) - s4@group-5172BA8D467F: succeeded to handle AppendEntries. Reply: s3<-s4#0:OK,SUCCESS,nextIndex:3,term:1,followerCommit:1
2019-09-26 09:45:44,109 DEBUG impl.RaftServerImpl (RaftServerImpl.java:logAppendEntries(850)) - s6@group-5172BA8D467F: succeeded to handle AppendEntries. Reply: s3<-s6#0:OK,SUCCESS,nextIndex:3,term:1,followerCommit:1
2019-09-26 09:45:44,110 DEBUG impl.RaftServerImpl (RaftServerImpl.java:logAppendEntries(850)) - s5@group-5172BA8D467F: succeeded to handle AppendEntries. Reply: s3<-s5#0:OK,SUCCESS,nextIndex:2,term:1,followerCommit:0
2019-09-26 09:45:44,110 DEBUG impl.RaftServerImpl (RaftServerImpl.java:logAppendEntries(850)) - s2@group-5172BA8D467F: succeeded to handle AppendEntries. Reply: s3<-s2#0:OK,SUCCESS,nextIndex:3,term:1,followerCommit:1
2019-09-26 09:45:44,110 DEBUG impl.RaftServerImpl (RaftServerImpl.java:logAppendEntries(850)) - s1@group-5172BA8D467F: succeeded to handle AppendEntries. Reply: s3<-s1#0:OK,SUCCESS,nextIndex:3,term:1,followerCommit:1
2019-09-26 09:45:44,110 DEBUG impl.RaftServerImpl (RaftServerImpl.java:logAppendEntries(850)) - s6@group-5172BA8D467F: receive appendEntries(s3, 1, (t:1, i:2), 1, false, commits[s3:c1, s0:c-1, s1:c0, s2:c0, s5:c0, s6:c1], entries: (t:1, i:3), CONFIGURATIONENTRY
2019-09-26 09:45:44,111 INFO  impl.RaftServerImpl (ServerState.java:setRaftConf(355)) - s6@group-5172BA8D467F: set configuration 3: [s5:0.0.0.0:37411, s6:0.0.0.0:44864, s0:0.0.0.0:36205, s1:0.0.0.0:40678, s2:0.0.0.0:37393], old=null at 3
2019-09-26 09:45:44,111 DEBUG impl.RaftServerImpl (RaftServerImpl.java:logAppendEntries(850)) - s2@group-5172BA8D467F: receive appendEntries(s3, 1, (t:1, i:2), 1, false, commits[s3:c1, s0:c-1, s1:c0, s2:c1, s5:c0, s6:c1], entries: (t:1, i:3), CONFIGURATIONENTRY
2019-09-26 09:45:44,111 DEBUG impl.RaftServerImpl (RaftServerImpl.java:logAppendEntries(850)) - s5@group-5172BA8D467F: receive appendEntries(s3, 1, (t:1, i:1), 1, false, commits[s3:c1, s0:c-1, s1:c0, s2:c0, s5:c0, s6:c1], entries: [(t:1, i:2), METADATAENTRY(c1), (t:1, i:3), CONFIGURATIONENTRY]
2019-09-26 09:45:44,112 INFO  impl.RaftServerImpl (ServerState.java:setRaftConf(355)) - s2@group-5172BA8D467F: set configuration 3: [s5:0.0.0.0:37411, s6:0.0.0.0:44864, s0:0.0.0.0:36205, s1:0.0.0.0:40678, s2:0.0.0.0:37393], old=null at 3
2019-09-26 09:45:44,111 DEBUG impl.RaftServerImpl (RaftServerImpl.java:logAppendEntries(850)) - s1@group-5172BA8D467F: receive appendEntries(s3, 1, (t:1, i:2), 2, false, commits[s3:c2, s0:c-1, s1:c1, s2:c1, s5:c0, s6:c1], entries: (t:1, i:3), CONFIGURATIONENTRY
2019-09-26 09:45:44,112 INFO  impl.RaftServerImpl (ServerState.java:setRaftConf(355)) - s5@group-5172BA8D467F: set configuration 3: [s5:0.0.0.0:37411, s6:0.0.0.0:44864, s0:0.0.0.0:36205, s1:0.0.0.0:40678, s2:0.0.0.0:37393], old=null at 3
2019-09-26 09:45:44,113 DEBUG impl.RaftServerImpl (RaftServerImpl.java:logAppendEntries(850)) - s6@group-5172BA8D467F: succeeded to handle AppendEntries. Reply: s3<-s6#0:OK,SUCCESS,nextIndex:4,term:1,followerCommit:1
2019-09-26 09:45:44,113 INFO  impl.RaftServerImpl (ServerState.java:setRaftConf(355)) - s1@group-5172BA8D467F: set configuration 3: [s5:0.0.0.0:37411, s6:0.0.0.0:44864, s0:0.0.0.0:36205, s1:0.0.0.0:40678, s2:0.0.0.0:37393], old=null at 3
2019-09-26 09:45:44,113 DEBUG impl.RaftServerImpl (RaftServerImpl.java:logAppendEntries(850)) - s2@group-5172BA8D467F: succeeded to handle AppendEntries. Reply: s3<-s2#0:OK,SUCCESS,nextIndex:4,term:1,followerCommit:1
2019-09-26 09:45:44,114 DEBUG impl.RaftServerImpl (RaftServerImpl.java:logAppendEntries(850)) - s5@group-5172BA8D467F: succeeded to handle AppendEntries. Reply: s3<-s5#0:OK,SUCCESS,nextIndex:4,term:1,followerCommit:1
2019-09-26 09:45:44,115 DEBUG impl.RaftServerImpl (RaftServerImpl.java:logAppendEntries(850)) - s1@group-5172BA8D467F: succeeded to handle AppendEntries. Reply: s3<-s1#0:OK,SUCCESS,nextIndex:4,term:1,followerCommit:2
2019-09-26 09:45:44,115 INFO  impl.RaftServerImpl (LeaderState.java:checkAndUpdateConfiguration(652)) - s3@group-5172BA8D467F-LeaderState is not included in the new configuration 3: [s5:0.0.0.0:37411, s6:0.0.0.0:44864, s0:0.0.0.0:36205, s1:0.0.0.0:40678, s2:0.0.0.0:37393], old=null. Will shutdown server...
2019-09-26 09:45:44,115 DEBUG impl.RaftServerImpl (RaftServerImpl.java:logAppendEntries(850)) - s6@group-5172BA8D467F: receive appendEntries(s3, 1, (t:1, i:3), 3, false, commits[s3:c3, s0:c-1, s1:c1, s2:c1, s5:c1, s6:c1], entries: (t:1, i:4), METADATAENTRY(c3)
2019-09-26 09:45:44,116 DEBUG impl.RaftServerImpl (RaftServerImpl.java:logAppendEntries(850)) - s1@group-5172BA8D467F: receive appendEntries(s3, 1, (t:1, i:3), 3, false, commits[s3:c3, s0:c-1, s1:c2, s2:c1, s5:c1, s6:c1], entries: (t:1, i:4), METADATAENTRY(c3)
2019-09-26 09:45:44,116 DEBUG impl.RaftServerImpl (RaftServerImpl.java:logAppendEntries(850)) - s5@group-5172BA8D467F: receive appendEntries(s3, 1, (t:1, i:3), 3, false, commits[s3:c3, s0:c-1, s1:c1, s2:c1, s5:c1, s6:c1], entries: (t:1, i:4), METADATAENTRY(c3)
2019-09-26 09:45:44,116 DEBUG impl.RaftServerImpl (RaftServerImpl.java:logAppendEntries(850)) - s2@group-5172BA8D467F: receive appendEntries(s3, 1, (t:1, i:3), 3, false, commits[s3:c3, s0:c-1, s1:c1, s2:c1, s5:c1, s6:c1], entries: (t:1, i:4), METADATAENTRY(c3)
2019-09-26 09:45:44,116 INFO  server.RaftServerConfigKeys (ConfUtils.java:logGet(43)) - raft.server.rpc.timeout.max = 300ms (default)
2019-09-26 09:45:44,118 INFO  impl.RaftServerTestUtil (RaftServerTestUtil.java:waitAndCheckNewConf(58)) - waitAndCheckNewConf: peers=[s5:0.0.0.0:37411, s6:0.0.0.0:44864, s0:0.0.0.0:36205, s1:0.0.0.0:40678, s2:0.0.0.0:37393], deadPeers=null, printing ALL groups
  s3:  RUNNING    LEADER s3@group-5172BA8D467F:t1, leader=s3, voted=s3, raftlog=s3@group-5172BA8D467F-SegmentedRaftLog:OPENED:c3,f3,i4, conf=3: [s5:0.0.0.0:37411, s6:0.0.0.0:44864, s0:0.0.0.0:36205, s1:0.0.0.0:40678, s2:0.0.0.0:37393], old=null RUNNING
  s4:  RUNNING  FOLLOWER s4@group-5172BA8D467F:t1, leader=s3, voted=s3, raftlog=s4@group-5172BA8D467F-SegmentedRaftLog:OPENED:c1,f2,i2, conf=1: [s5:0.0.0.0:37411, s6:0.0.0.0:44864, s0:0.0.0.0:36205, s1:0.0.0.0:40678, s2:0.0.0.0:37393], old=[s3:0.0.0.0:37437, s4:0.0.0.0:38885, s0:0.0.0.0:36205, s1:0.0.0.0:40678, s2:0.0.0.0:37393] RUNNING
  s5:  RUNNING  FOLLOWER s5@group-5172BA8D467F:t1, leader=s3, voted=null, raftlog=s5@group-5172BA8D467F-SegmentedRaftLog:OPENED:c1,f3,i4, conf=3: [s5:0.0.0.0:37411, s6:0.0.0.0:44864, s0:0.0.0.0:36205, s1:0.0.0.0:40678, s2:0.0.0.0:37393], old=null RUNNING
  s6:  RUNNING  FOLLOWER s6@group-5172BA8D467F:t1, leader=s3, voted=null, raftlog=s6@group-5172BA8D467F-SegmentedRaftLog:OPENED:c1,f3,i4, conf=3: [s5:0.0.0.0:37411, s6:0.0.0.0:44864, s0:0.0.0.0:36205, s1:0.0.0.0:40678, s2:0.0.0.0:37393], old=null RUNNING
  s0:  RUNNING CANDIDATE s0@group-5172BA8D467F:t5, leader=null, voted=s0, raftlog=s0@group-5172BA8D467F-SegmentedRaftLog:OPENED:c-1,f-1,i0, conf=-1: [s3:0.0.0.0:37437, s4:0.0.0.0:38885, s0:0.0.0.0:36205, s1:0.0.0.0:40678, s2:0.0.0.0:37393], old=null RUNNING
  s1:  RUNNING  FOLLOWER s1@group-5172BA8D467F:t1, leader=s3, voted=s3, raftlog=s1@group-5172BA8D467F-SegmentedRaftLog:OPENED:c2,f3,i4, conf=3: [s5:0.0.0.0:37411, s6:0.0.0.0:44864, s0:0.0.0.0:36205, s1:0.0.0.0:40678, s2:0.0.0.0:37393], old=null RUNNING
  s2:  RUNNING  FOLLOWER s2@group-5172BA8D467F:t1, leader=s3, voted=s3, raftlog=s2@group-5172BA8D467F-SegmentedRaftLog:OPENED:c1,f3,i4, conf=3: [s5:0.0.0.0:37411, s6:0.0.0.0:44864, s0:0.0.0.0:36205, s1:0.0.0.0:40678, s2:0.0.0.0:37393], old=null RUNNING
2019-09-26 09:45:44,118 INFO  impl.RaftServerTestUtil (RaftServerTestUtil.java:waitAndCheckNewConf(66)) - checking    LEADER s3@group-5172BA8D467F:t1, leader=s3, voted=s3, raftlog=s3@group-5172BA8D467F-SegmentedRaftLog:OPENED:c3,f3,i4, conf=3: [s5:0.0.0.0:37411, s6:0.0.0.0:44864, s0:0.0.0.0:36205, s1:0.0.0.0:40678, s2:0.0.0.0:37393], old=null RUNNING
2019-09-26 09:45:44,119 INFO  impl.RaftServerTestUtil (RaftServerTestUtil.java:waitAndCheckNewConf(66)) - checking  FOLLOWER s4@group-5172BA8D467F:t1, leader=s3, voted=s3, raftlog=s4@group-5172BA8D467F-SegmentedRaftLog:OPENED:c1,f2,i2, conf=1: [s5:0.0.0.0:37411, s6:0.0.0.0:44864, s0:0.0.0.0:36205, s1:0.0.0.0:40678, s2:0.0.0.0:37393], old=[s3:0.0.0.0:37437, s4:0.0.0.0:38885, s0:0.0.0.0:36205, s1:0.0.0.0:40678, s2:0.0.0.0:37393] RUNNING
2019-09-26 09:45:44,119 WARN  impl.RaftServerTestUtil (JavaUtils.java:attempt(158)) - FAILED "waitAndCheckNewConf", attempt #1/10: java.lang.AssertionError, sleep 1200ms and then retry.
java.lang.AssertionError
	at org.junit.Assert.fail(Assert.java:86)
	at org.junit.Assert.assertTrue(Assert.java:41)
	at org.junit.Assert.assertTrue(Assert.java:52)
	at org.apache.ratis.server.impl.RaftServerTestUtil.waitAndCheckNewConf(RaftServerTestUtil.java:80)
	at org.apache.ratis.server.impl.RaftServerTestUtil.lambda$waitAndCheckNewConf$1(RaftServerTestUtil.java:53)
	at org.apache.ratis.util.function.CheckedRunnable.lambda$asCheckedSupplier$0(CheckedRunnable.java:32)
	at org.apache.ratis.util.JavaUtils.attempt(JavaUtils.java:152)
	at org.apache.ratis.util.JavaUtils.attempt(JavaUtils.java:172)
	at org.apache.ratis.server.impl.RaftServerTestUtil.waitAndCheckNewConf(RaftServerTestUtil.java:53)
	at org.apache.ratis.server.impl.RaftReconfigurationBaseTest.runTestAddRemovePeers(RaftReconfigurationBaseTest.java:135)
	at org.apache.ratis.server.impl.RaftReconfigurationBaseTest.lambda$testLeaderStepDown$3(RaftReconfigurationBaseTest.java:121)
	at org.apache.ratis.MiniRaftCluster$Factory$Get.runWithNewCluster(MiniRaftCluster.java:125)
	at org.apache.ratis.MiniRaftCluster$Factory$Get.runWithNewCluster(MiniRaftCluster.java:113)
	at org.apache.ratis.server.impl.RaftReconfigurationBaseTest.testLeaderStepDown(RaftReconfigurationBaseTest.java:121)
	at sun.reflect.NativeMethodAccessorImpl.invoke0(Native Method)
	at sun.reflect.NativeMethodAccessorImpl.invoke(NativeMethodAccessorImpl.java:62)
	at sun.reflect.DelegatingMethodAccessorImpl.invoke(DelegatingMethodAccessorImpl.java:43)
	at java.lang.reflect.Method.invoke(Method.java:498)
	at org.junit.runners.model.FrameworkMethod$1.runReflectiveCall(FrameworkMethod.java:50)
	at org.junit.internal.runners.model.ReflectiveCallable.run(ReflectiveCallable.java:12)
	at org.junit.runners.model.FrameworkMethod.invokeExplosively(FrameworkMethod.java:47)
	at org.junit.internal.runners.statements.InvokeMethod.evaluate(InvokeMethod.java:17)
	at org.junit.internal.runners.statements.RunAfters.evaluate(RunAfters.java:27)
	at org.junit.internal.runners.statements.FailOnTimeout$CallableStatement.call(FailOnTimeout.java:298)
	at org.junit.internal.runners.statements.FailOnTimeout$CallableStatement.call(FailOnTimeout.java:292)
	at java.util.concurrent.FutureTask.run(FutureTask.java:266)
	at java.lang.Thread.run(Thread.java:748)
2019-09-26 09:45:44,127 DEBUG impl.RaftServerImpl (RaftServerImpl.java:logAppendEntries(850)) - s1@group-5172BA8D467F: succeeded to handle AppendEntries. Reply: s3<-s1#0:OK,SUCCESS,nextIndex:5,term:1,followerCommit:3
2019-09-26 09:45:44,128 DEBUG impl.RaftServerImpl (RaftServerImpl.java:logAppendEntries(850)) - s5@group-5172BA8D467F: succeeded to handle AppendEntries. Reply: s3<-s5#0:OK,SUCCESS,nextIndex:5,term:1,followerCommit:3
2019-09-26 09:45:44,128 DEBUG impl.RaftServerImpl (RaftServerImpl.java:logAppendEntries(850)) - s6@group-5172BA8D467F: succeeded to handle AppendEntries. Reply: s3<-s6#0:OK,SUCCESS,nextIndex:5,term:1,followerCommit:3
2019-09-26 09:45:44,128 DEBUG impl.RaftServerImpl (RaftServerImpl.java:logAppendEntries(850)) - s2@group-5172BA8D467F: succeeded to handle AppendEntries. Reply: s3<-s2#0:OK,SUCCESS,nextIndex:5,term:1,followerCommit:3
2019-09-26 09:45:44,265 INFO  impl.RaftServerImpl (RaftServerImpl.java:lambda$shutdown$3(247)) - s3@group-5172BA8D467F: shutdown
2019-09-26 09:45:44,266 INFO  util.JmxRegister (JmxRegister.java:unregister(73)) - Successfully un-registered JMX Bean with object name Ratis:service=RaftServer,group=group-5172BA8D467F,id=s3
2019-09-26 09:45:44,266 INFO  impl.RoleInfo (RoleInfo.java:shutdownLeaderState(104)) - s3: shutdown LeaderState
2019-09-26 09:45:44,272 INFO  impl.PendingRequests (PendingRequests.java:sendNotLeaderResponses(202)) - s3@group-5172BA8D467F-PendingRequests: sendNotLeaderResponses
2019-09-26 09:45:44,272 INFO  impl.LogAppender (LogAppender.java:run(78)) - s3@group-5172BA8D467F->s0-LogAppender-AppenderDaemon was interrupted: java.io.InterruptedIOException: s3->s0#0 sending from s0:0.0.0.0:36205 is interrupted.
2019-09-26 09:45:44,272 INFO  impl.StateMachineUpdater (StateMachineUpdater.java:stopAndJoin(136)) - s3@group-5172BA8D467F-StateMachineUpdater: set stopIndex = 3
2019-09-26 09:45:44,272 INFO  impl.RaftServerImpl (ServerState.java:close(386)) - s3@group-5172BA8D467F: closes. applyIndex: 3
2019-09-26 09:45:44,272 INFO  impl.LogAppender (LogAppender.java:run(78)) - s3@group-5172BA8D467F->s1-LogAppender-AppenderDaemon was interrupted: java.lang.InterruptedException
2019-09-26 09:45:44,272 INFO  impl.LogAppender (LogAppender.java:run(78)) - s3@group-5172BA8D467F->s5-LogAppender-AppenderDaemon was interrupted: java.lang.InterruptedException
2019-09-26 09:45:44,272 INFO  impl.LogAppender (LogAppender.java:run(78)) - s3@group-5172BA8D467F->s6-LogAppender-AppenderDaemon was interrupted: java.lang.InterruptedException
2019-09-26 09:45:44,272 INFO  impl.LogAppender (LogAppender.java:run(78)) - s3@group-5172BA8D467F->s2-LogAppender-AppenderDaemon was interrupted: java.lang.InterruptedException
2019-09-26 09:45:44,272 INFO  segmented.SegmentedRaftLogWorker (SegmentedRaftLogWorker.java:run(313)) - s3@group-5172BA8D467F-SegmentedRaftLogWorker was interrupted, exiting. There are 0 tasks remaining in the queue.
2019-09-26 09:45:44,274 INFO  impl.FollowerState (FollowerState.java:run(108)) - s4@group-5172BA8D467F-FollowerState: change to CANDIDATE, lastRpcTime:165ms, electionTimeout:150ms
2019-09-26 09:45:44,275 INFO  impl.RoleInfo (RoleInfo.java:shutdownFollowerState(121)) - s4: shutdown FollowerState
2019-09-26 09:45:44,275 INFO  impl.RaftServerImpl (RaftServerImpl.java:setRole(170)) - s4@group-5172BA8D467F: changes role from  FOLLOWER to CANDIDATE at term 1 for changeToCandidate
2019-09-26 09:45:44,275 INFO  impl.RoleInfo (RoleInfo.java:updateAndGet(143)) - s4: start LeaderElection
2019-09-26 09:45:44,276 INFO  impl.RaftServerImpl (ServerState.java:setLeader(254)) - s4@group-5172BA8D467F: change Leader from s3 to null at term 1 for initElection
2019-09-26 09:45:44,276 INFO  segmented.SegmentedRaftLogWorker (SegmentedRaftLogWorker.java:close(228)) - s3@group-5172BA8D467F-SegmentedRaftLogWorker close()
2019-09-26 09:45:44,290 INFO  impl.LeaderElection (LeaderElection.java:askForVotes(178)) - s4@group-5172BA8D467F-LeaderElection21: begin an election at term 2 for 1: [s5:0.0.0.0:37411, s6:0.0.0.0:44864, s0:0.0.0.0:36205, s1:0.0.0.0:40678, s2:0.0.0.0:37393], old=[s3:0.0.0.0:37437, s4:0.0.0.0:38885, s0:0.0.0.0:36205, s1:0.0.0.0:40678, s2:0.0.0.0:37393]
2019-09-26 09:45:44,293 INFO  logging.LoggingHandler (AbstractInternalLogger.java:log(150)) - [id: 0x829219e5, L:/0.0.0.0:44864] READ: [id: 0xeb4d0f1e, L:/192.168.30.59:44864 - R:/192.168.30.59:38200]
2019-09-26 09:45:44,293 INFO  logging.LoggingHandler (AbstractInternalLogger.java:log(150)) - [id: 0x038062ad, L:/0.0.0.0:36205] READ: [id: 0x325dabb4, L:/192.168.30.59:36205 - R:/192.168.30.59:53058]
2019-09-26 09:45:44,293 INFO  logging.LoggingHandler (AbstractInternalLogger.java:log(150)) - [id: 0x829219e5, L:/0.0.0.0:44864] READ COMPLETE
2019-09-26 09:45:44,294 INFO  logging.LoggingHandler (AbstractInternalLogger.java:log(150)) - [id: 0x038062ad, L:/0.0.0.0:36205] READ COMPLETE
2019-09-26 09:45:44,293 INFO  logging.LoggingHandler (AbstractInternalLogger.java:log(150)) - [id: 0xc52b199c, L:/0.0.0.0:37393] READ: [id: 0x2e74ddc0, L:/192.168.30.59:37393 - R:/192.168.30.59:34990]
2019-09-26 09:45:44,293 INFO  logging.LoggingHandler (AbstractInternalLogger.java:log(150)) - [id: 0xc845bb24, L:/0.0.0.0:37437] READ: [id: 0xa71b0072, L:/192.168.30.59:37437 - R:/192.168.30.59:52434]
2019-09-26 09:45:44,293 INFO  logging.LoggingHandler (AbstractInternalLogger.java:log(150)) - [id: 0x7b24c3b0, L:/0.0.0.0:40678] READ: [id: 0xe8298669, L:/192.168.30.59:40678 - R:/192.168.30.59:58258]
2019-09-26 09:45:44,293 INFO  logging.LoggingHandler (AbstractInternalLogger.java:log(150)) - [id: 0x446b6fca, L:/0.0.0.0:37411] READ: [id: 0x36512925, L:/192.168.30.59:37411 - R:/192.168.30.59:38408]
2019-09-26 09:45:44,295 INFO  logging.LoggingHandler (AbstractInternalLogger.java:log(150)) - [id: 0x7b24c3b0, L:/0.0.0.0:40678] READ COMPLETE
2019-09-26 09:45:44,295 INFO  util.CodeInjectionForTesting (BlockRequestHandlingInjection.java:execute(76)) - s0: Block request from s4
2019-09-26 09:45:44,295 INFO  logging.LoggingHandler (AbstractInternalLogger.java:log(150)) - [id: 0xc845bb24, L:/0.0.0.0:37437] READ COMPLETE
2019-09-26 09:45:44,295 INFO  logging.LoggingHandler (AbstractInternalLogger.java:log(150)) - [id: 0xc52b199c, L:/0.0.0.0:37393] READ COMPLETE
2019-09-26 09:45:44,296 DEBUG impl.RaftServerImpl (RaftServerImpl.java:requestVote(743)) - s2@group-5172BA8D467F: receive requestVote(s4, group-5172BA8D467F, 2, (t:1, i:2))
2019-09-26 09:45:44,296 DEBUG impl.RaftServerImpl (RaftServerImpl.java:requestVote(743)) - s6@group-5172BA8D467F: receive requestVote(s4, group-5172BA8D467F, 2, (t:1, i:2))
2019-09-26 09:45:44,295 INFO  logging.LoggingHandler (AbstractInternalLogger.java:log(150)) - [id: 0x446b6fca, L:/0.0.0.0:37411] READ COMPLETE
2019-09-26 09:45:44,297 DEBUG impl.RaftServerImpl (RaftServerImpl.java:requestVote(775)) - s6@group-5172BA8D467F replies to vote request: s4<-s6#0:FAIL-t1. Peer's state: s6@group-5172BA8D467F:t1, leader=s3, voted=null, raftlog=s6@group-5172BA8D467F-SegmentedRaftLog:OPENED:c3,f4,i4, conf=3: [s5:0.0.0.0:37411, s6:0.0.0.0:44864, s0:0.0.0.0:36205, s1:0.0.0.0:40678, s2:0.0.0.0:37393], old=null
2019-09-26 09:45:44,297 DEBUG impl.RaftServerImpl (RaftServerImpl.java:requestVote(743)) - s5@group-5172BA8D467F: receive requestVote(s4, group-5172BA8D467F, 2, (t:1, i:2))
2019-09-26 09:45:44,297 DEBUG impl.RaftServerImpl (RaftServerImpl.java:requestVote(775)) - s2@group-5172BA8D467F replies to vote request: s4<-s2#0:FAIL-t1. Peer's state: s2@group-5172BA8D467F:t1, leader=s3, voted=s3, raftlog=s2@group-5172BA8D467F-SegmentedRaftLog:OPENED:c3,f4,i4, conf=3: [s5:0.0.0.0:37411, s6:0.0.0.0:44864, s0:0.0.0.0:36205, s1:0.0.0.0:40678, s2:0.0.0.0:37393], old=null
2019-09-26 09:45:44,297 DEBUG impl.RaftServerImpl (RaftServerImpl.java:requestVote(743)) - s3@group-5172BA8D467F: receive requestVote(s4, group-5172BA8D467F, 2, (t:1, i:2))
2019-09-26 09:45:44,298 DEBUG impl.RaftServerImpl (RaftServerImpl.java:requestVote(775)) - s5@group-5172BA8D467F replies to vote request: s4<-s5#0:FAIL-t1. Peer's state: s5@group-5172BA8D467F:t1, leader=s3, voted=null, raftlog=s5@group-5172BA8D467F-SegmentedRaftLog:OPENED:c3,f4,i4, conf=3: [s5:0.0.0.0:37411, s6:0.0.0.0:44864, s0:0.0.0.0:36205, s1:0.0.0.0:40678, s2:0.0.0.0:37393], old=null
2019-09-26 09:45:44,297 DEBUG impl.RaftServerImpl (RaftServerImpl.java:requestVote(743)) - s1@group-5172BA8D467F: receive requestVote(s4, group-5172BA8D467F, 2, (t:1, i:2))
2019-09-26 09:45:44,299 DEBUG impl.RaftServerImpl (RaftServerImpl.java:requestVote(775)) - s1@group-5172BA8D467F replies to vote request: s4<-s1#0:FAIL-t1. Peer's state: s1@group-5172BA8D467F:t1, leader=s3, voted=s3, raftlog=s1@group-5172BA8D467F-SegmentedRaftLog:OPENED:c3,f4,i4, conf=3: [s5:0.0.0.0:37411, s6:0.0.0.0:44864, s0:0.0.0.0:36205, s1:0.0.0.0:40678, s2:0.0.0.0:37393], old=null
2019-09-26 09:45:44,303 INFO  impl.LeaderElection (LogUtils.java:infoOrTrace(149)) - s4@group-5172BA8D467F-LeaderElection21 got exception when requesting votes: java.util.concurrent.ExecutionException: org.apache.ratis.protocol.ServerNotReadyException: s3@group-5172BA8D467F is not in [RUNNING]: current state is CLOSED
2019-09-26 09:45:44,337 INFO  impl.LeaderElection (LeaderElection.java:logAndReturn(56)) - s0@group-5172BA8D467F-LeaderElection20: Election TIMEOUT; received 0 response(s) [] and 0 exception(s); s0@group-5172BA8D467F:t5, leader=null, voted=s0, raftlog=s0@group-5172BA8D467F-SegmentedRaftLog:OPENED:c-1,f-1,i0, conf=-1: [s3:0.0.0.0:37437, s4:0.0.0.0:38885, s0:0.0.0.0:36205, s1:0.0.0.0:40678, s2:0.0.0.0:37393], old=null
2019-09-26 09:45:44,350 INFO  impl.LeaderElection (LeaderElection.java:askForVotes(178)) - s0@group-5172BA8D467F-LeaderElection20: begin an election at term 6 for -1: [s3:0.0.0.0:37437, s4:0.0.0.0:38885, s0:0.0.0.0:36205, s1:0.0.0.0:40678, s2:0.0.0.0:37393], old=null
2019-09-26 09:45:44,416 INFO  impl.FollowerState (FollowerState.java:run(108)) - s6@group-5172BA8D467F-FollowerState: change to CANDIDATE, lastRpcTime:211ms, electionTimeout:176ms
2019-09-26 09:45:44,416 INFO  impl.RoleInfo (RoleInfo.java:shutdownFollowerState(121)) - s6: shutdown FollowerState
2019-09-26 09:45:44,416 INFO  impl.RaftServerImpl (RaftServerImpl.java:setRole(170)) - s6@group-5172BA8D467F: changes role from  FOLLOWER to CANDIDATE at term 1 for changeToCandidate
2019-09-26 09:45:44,417 INFO  impl.RoleInfo (RoleInfo.java:updateAndGet(143)) - s6: start LeaderElection
2019-09-26 09:45:44,418 INFO  impl.RaftServerImpl (ServerState.java:setLeader(254)) - s6@group-5172BA8D467F: change Leader from s3 to null at term 1 for initElection
2019-09-26 09:45:44,431 INFO  impl.LeaderElection (LeaderElection.java:askForVotes(178)) - s6@group-5172BA8D467F-LeaderElection22: begin an election at term 2 for 3: [s5:0.0.0.0:37411, s6:0.0.0.0:44864, s0:0.0.0.0:36205, s1:0.0.0.0:40678, s2:0.0.0.0:37393], old=null
2019-09-26 09:45:44,433 INFO  logging.LoggingHandler (AbstractInternalLogger.java:log(150)) - [id: 0x038062ad, L:/0.0.0.0:36205] READ: [id: 0xb867815c, L:/192.168.30.59:36205 - R:/192.168.30.59:53066]
2019-09-26 09:45:44,434 INFO  logging.LoggingHandler (AbstractInternalLogger.java:log(150)) - [id: 0xc52b199c, L:/0.0.0.0:37393] READ: [id: 0x30a2fdf0, L:/192.168.30.59:37393 - R:/192.168.30.59:34998]
2019-09-26 09:45:44,433 INFO  logging.LoggingHandler (AbstractInternalLogger.java:log(150)) - [id: 0x7b24c3b0, L:/0.0.0.0:40678] READ: [id: 0xd0927844, L:/192.168.30.59:40678 - R:/192.168.30.59:58270]
2019-09-26 09:45:44,434 INFO  logging.LoggingHandler (AbstractInternalLogger.java:log(150)) - [id: 0xc52b199c, L:/0.0.0.0:37393] READ COMPLETE
2019-09-26 09:45:44,434 INFO  logging.LoggingHandler (AbstractInternalLogger.java:log(150)) - [id: 0x038062ad, L:/0.0.0.0:36205] READ COMPLETE
2019-09-26 09:45:44,434 INFO  logging.LoggingHandler (AbstractInternalLogger.java:log(150)) - [id: 0x446b6fca, L:/0.0.0.0:37411] READ: [id: 0xf3afa21c, L:/192.168.30.59:37411 - R:/192.168.30.59:38424]
2019-09-26 09:45:44,434 INFO  logging.LoggingHandler (AbstractInternalLogger.java:log(150)) - [id: 0x7b24c3b0, L:/0.0.0.0:40678] READ COMPLETE
2019-09-26 09:45:44,435 DEBUG impl.RaftServerImpl (RaftServerImpl.java:requestVote(743)) - s1@group-5172BA8D467F: receive requestVote(s6, group-5172BA8D467F, 2, (t:1, i:4))
2019-09-26 09:45:44,435 INFO  logging.LoggingHandler (AbstractInternalLogger.java:log(150)) - [id: 0x446b6fca, L:/0.0.0.0:37411] READ COMPLETE
2019-09-26 09:45:44,436 INFO  util.CodeInjectionForTesting (BlockRequestHandlingInjection.java:execute(76)) - s0: Block request from s6
2019-09-26 09:45:44,436 INFO  impl.RaftServerImpl (ServerState.java:setLeader(254)) - s1@group-5172BA8D467F: change Leader from s3 to null at term 2 for updateCurrentTerm
2019-09-26 09:45:44,436 DEBUG impl.RaftServerImpl (RaftServerImpl.java:requestVote(743)) - s2@group-5172BA8D467F: receive requestVote(s6, group-5172BA8D467F, 2, (t:1, i:4))
2019-09-26 09:45:44,435 DEBUG impl.RaftServerImpl (RaftServerImpl.java:requestVote(743)) - s5@group-5172BA8D467F: receive requestVote(s6, group-5172BA8D467F, 2, (t:1, i:4))
2019-09-26 09:45:44,437 INFO  impl.RaftServerImpl (ServerState.java:setLeader(254)) - s2@group-5172BA8D467F: change Leader from s3 to null at term 2 for updateCurrentTerm
2019-09-26 09:45:44,436 INFO  impl.RaftServerImpl (RaftServerImpl.java:setRole(170)) - s1@group-5172BA8D467F: changes role from  FOLLOWER to FOLLOWER at term 2 for recognizeCandidate:s6
2019-09-26 09:45:44,437 INFO  impl.RaftServerImpl (RaftServerImpl.java:setRole(170)) - s2@group-5172BA8D467F: changes role from  FOLLOWER to FOLLOWER at term 2 for recognizeCandidate:s6
2019-09-26 09:45:44,437 INFO  impl.RaftServerImpl (ServerState.java:setLeader(254)) - s5@group-5172BA8D467F: change Leader from s3 to null at term 2 for updateCurrentTerm
2019-09-26 09:45:44,438 INFO  impl.RoleInfo (RoleInfo.java:shutdownFollowerState(121)) - s2: shutdown FollowerState
2019-09-26 09:45:44,437 INFO  impl.RoleInfo (RoleInfo.java:shutdownFollowerState(121)) - s1: shutdown FollowerState
2019-09-26 09:45:44,438 INFO  impl.FollowerState (FollowerState.java:run(117)) - s2@group-5172BA8D467F-FollowerState was interrupted: java.lang.InterruptedException: sleep interrupted
2019-09-26 09:45:44,438 INFO  impl.RoleInfo (RoleInfo.java:updateAndGet(143)) - s2: start FollowerState
2019-09-26 09:45:44,438 INFO  impl.RaftServerImpl (RaftServerImpl.java:setRole(170)) - s5@group-5172BA8D467F: changes role from  FOLLOWER to FOLLOWER at term 2 for recognizeCandidate:s6
2019-09-26 09:45:44,439 INFO  impl.RoleInfo (RoleInfo.java:shutdownFollowerState(121)) - s5: shutdown FollowerState
2019-09-26 09:45:44,439 INFO  impl.FollowerState (FollowerState.java:run(117)) - s1@group-5172BA8D467F-FollowerState was interrupted: java.lang.InterruptedException: sleep interrupted
2019-09-26 09:45:44,439 INFO  impl.RoleInfo (RoleInfo.java:updateAndGet(143)) - s1: start FollowerState
2019-09-26 09:45:44,440 INFO  impl.FollowerState (FollowerState.java:run(117)) - s5@group-5172BA8D467F-FollowerState was interrupted: java.lang.InterruptedException: sleep interrupted
2019-09-26 09:45:44,439 INFO  impl.RoleInfo (RoleInfo.java:updateAndGet(143)) - s5: start FollowerState
2019-09-26 09:45:44,453 DEBUG impl.RaftServerImpl (RaftServerImpl.java:requestVote(775)) - s1@group-5172BA8D467F replies to vote request: s6<-s1#0:OK-t2. Peer's state: s1@group-5172BA8D467F:t2, leader=null, voted=s6, raftlog=s1@group-5172BA8D467F-SegmentedRaftLog:OPENED:c3,f4,i4, conf=3: [s5:0.0.0.0:37411, s6:0.0.0.0:44864, s0:0.0.0.0:36205, s1:0.0.0.0:40678, s2:0.0.0.0:37393], old=null
2019-09-26 09:45:44,453 DEBUG impl.RaftServerImpl (RaftServerImpl.java:requestVote(775)) - s5@group-5172BA8D467F replies to vote request: s6<-s5#0:OK-t2. Peer's state: s5@group-5172BA8D467F:t2, leader=null, voted=s6, raftlog=s5@group-5172BA8D467F-SegmentedRaftLog:OPENED:c3,f4,i4, conf=3: [s5:0.0.0.0:37411, s6:0.0.0.0:44864, s0:0.0.0.0:36205, s1:0.0.0.0:40678, s2:0.0.0.0:37393], old=null
2019-09-26 09:45:44,453 DEBUG impl.RaftServerImpl (RaftServerImpl.java:requestVote(775)) - s2@group-5172BA8D467F replies to vote request: s6<-s2#0:OK-t2. Peer's state: s2@group-5172BA8D467F:t2, leader=null, voted=s6, raftlog=s2@group-5172BA8D467F-SegmentedRaftLog:OPENED:c3,f4,i4, conf=3: [s5:0.0.0.0:37411, s6:0.0.0.0:44864, s0:0.0.0.0:36205, s1:0.0.0.0:40678, s2:0.0.0.0:37393], old=null
2019-09-26 09:45:44,454 INFO  impl.LeaderElection (LeaderElection.java:logAndReturn(56)) - s6@group-5172BA8D467F-LeaderElection22: Election PASSED; received 2 response(s) [s6<-s5#0:OK-t2, s6<-s1#0:OK-t2] and 0 exception(s); s6@group-5172BA8D467F:t2, leader=null, voted=s6, raftlog=s6@group-5172BA8D467F-SegmentedRaftLog:OPENED:c3,f4,i4, conf=3: [s5:0.0.0.0:37411, s6:0.0.0.0:44864, s0:0.0.0.0:36205, s1:0.0.0.0:40678, s2:0.0.0.0:37393], old=null
2019-09-26 09:45:44,454 INFO  impl.RoleInfo (RoleInfo.java:shutdownLeaderElection(134)) - s6: shutdown LeaderElection
2019-09-26 09:45:44,454 INFO  impl.RaftServerImpl (RaftServerImpl.java:setRole(170)) - s6@group-5172BA8D467F: changes role from CANDIDATE to LEADER at term 2 for changeToLeader
2019-09-26 09:45:44,455 INFO  impl.RaftServerImpl (ServerState.java:setLeader(254)) - s6@group-5172BA8D467F: change Leader from null to s6 at term 2 for becomeLeader, leader elected after 37ms
2019-09-26 09:45:44,455 INFO  server.RaftServerConfigKeys (ConfUtils.java:logGet(43)) - raft.server.staging.catchup.gap = 10 (custom)
2019-09-26 09:45:44,455 INFO  server.RaftServerConfigKeys (ConfUtils.java:logGet(43)) - raft.server.rpc.sleep.time = 25ms (default)
2019-09-26 09:45:44,455 INFO  server.RaftServerConfigKeys (ConfUtils.java:logGet(43)) - raft.server.write.element-limit = 4096 (default)
2019-09-26 09:45:44,455 INFO  server.RaftServerConfigKeys (ConfUtils.java:logGet(43)) - raft.server.watch.timeout = 10s (default)
2019-09-26 09:45:44,455 INFO  server.RaftServerConfigKeys (ConfUtils.java:logGet(43)) - raft.server.watch.timeout.denomination = 1s (default)
2019-09-26 09:45:44,456 INFO  server.RaftServerConfigKeys (ConfUtils.java:logGet(43)) - raft.server.watch.element-limit = 65536 (default)
2019-09-26 09:45:44,458 INFO  server.RaftServerConfigKeys (ConfUtils.java:logGet(43)) - raft.server.log.appender.snapshot.chunk.size.max = 16MB (=16777216) (default)
2019-09-26 09:45:44,458 INFO  server.RaftServerConfigKeys (ConfUtils.java:logGet(43)) - raft.server.log.appender.buffer.byte-limit = 4MB (=4194304) (default)
2019-09-26 09:45:44,459 INFO  server.RaftServerConfigKeys (ConfUtils.java:logGet(43)) - raft.server.log.appender.buffer.element-limit = 0 (default)
2019-09-26 09:45:44,459 INFO  server.RaftServerConfigKeys (ConfUtils.java:logGet(43)) - raft.server.log.appender.snapshot.chunk.size.max = 16MB (=16777216) (default)
2019-09-26 09:45:44,459 INFO  server.RaftServerConfigKeys (ConfUtils.java:logGet(43)) - raft.server.log.appender.buffer.byte-limit = 4MB (=4194304) (default)
2019-09-26 09:45:44,459 INFO  server.RaftServerConfigKeys (ConfUtils.java:logGet(43)) - raft.server.log.appender.buffer.element-limit = 0 (default)
2019-09-26 09:45:44,460 INFO  server.RaftServerConfigKeys (ConfUtils.java:logGet(43)) - raft.server.log.appender.snapshot.chunk.size.max = 16MB (=16777216) (default)
2019-09-26 09:45:44,460 INFO  server.RaftServerConfigKeys (ConfUtils.java:logGet(43)) - raft.server.log.appender.buffer.byte-limit = 4MB (=4194304) (default)
2019-09-26 09:45:44,460 INFO  server.RaftServerConfigKeys (ConfUtils.java:logGet(43)) - raft.server.log.appender.buffer.element-limit = 0 (default)
2019-09-26 09:45:44,460 INFO  server.RaftServerConfigKeys (ConfUtils.java:logGet(43)) - raft.server.log.appender.snapshot.chunk.size.max = 16MB (=16777216) (default)
2019-09-26 09:45:44,460 INFO  server.RaftServerConfigKeys (ConfUtils.java:logGet(43)) - raft.server.log.appender.buffer.byte-limit = 4MB (=4194304) (default)
2019-09-26 09:45:44,461 INFO  server.RaftServerConfigKeys (ConfUtils.java:logGet(43)) - raft.server.log.appender.buffer.element-limit = 0 (default)
2019-09-26 09:45:44,461 INFO  impl.RoleInfo (RoleInfo.java:updateAndGet(143)) - s6: start LeaderState
2019-09-26 09:45:44,461 INFO  segmented.SegmentedRaftLogWorker (SegmentedRaftLogWorker.java:rollLogSegment(385)) - s6@group-5172BA8D467F-SegmentedRaftLogWorker: Rolling segment log-0_4 to index:4
2019-09-26 09:45:44,463 INFO  impl.RaftServerImpl (ServerState.java:setRaftConf(355)) - s6@group-5172BA8D467F: set configuration 5: [s5:0.0.0.0:37411, s6:0.0.0.0:44864, s0:0.0.0.0:36205, s1:0.0.0.0:40678, s2:0.0.0.0:37393], old=null at 5
2019-09-26 09:45:44,463 INFO  impl.RaftServerImpl (ServerState.java:setLeader(254)) - s5@group-5172BA8D467F: change Leader from null to s6 at term 2 for appendEntries, leader elected after 25ms
2019-09-26 09:45:44,463 INFO  impl.RaftServerImpl (ServerState.java:setLeader(254)) - s1@group-5172BA8D467F: change Leader from null to s6 at term 2 for appendEntries, leader elected after 27ms
2019-09-26 09:45:44,463 INFO  impl.RaftServerImpl (ServerState.java:setLeader(254)) - s2@group-5172BA8D467F: change Leader from null to s6 at term 2 for appendEntries, leader elected after 26ms
2019-09-26 09:45:44,464 TRACE util.FileUtils (LogUtils.java:runAndLog(61)) - Successfully ran Files.move /workdir/ratis-test/target/test/data/bb022a74/MiniRaftClusterWithNetty436383eb/s6/affa50bd-ac11-477c-8399-5172ba8d467f/current/log_inprogress_0 to /workdir/ratis-test/target/test/data/bb022a74/MiniRaftClusterWithNetty436383eb/s6/affa50bd-ac11-477c-8399-5172ba8d467f/current/log_0-4
2019-09-26 09:45:44,464 INFO  segmented.SegmentedRaftLogWorker (SegmentedRaftLogWorker.java:execute(526)) - s6@group-5172BA8D467F-SegmentedRaftLogWorker: Rolled log segment from /workdir/ratis-test/target/test/data/bb022a74/MiniRaftClusterWithNetty436383eb/s6/affa50bd-ac11-477c-8399-5172ba8d467f/current/log_inprogress_0 to /workdir/ratis-test/target/test/data/bb022a74/MiniRaftClusterWithNetty436383eb/s6/affa50bd-ac11-477c-8399-5172ba8d467f/current/log_0-4
2019-09-26 09:45:44,465 DEBUG impl.RaftServerImpl (RaftServerImpl.java:logAppendEntries(850)) - s5@group-5172BA8D467F: receive appendEntries(s6, 2, (t:1, i:4), 3, false, commits[s6:c3, s5:c3, s0:c-1, s1:c3, s2:c3], entries: (t:2, i:5), CONFIGURATIONENTRY
2019-09-26 09:45:44,465 DEBUG impl.RaftServerImpl (RaftServerImpl.java:logAppendEntries(850)) - s2@group-5172BA8D467F: receive appendEntries(s6, 2, (t:1, i:4), 3, false, commits[s6:c3, s5:c3, s0:c-1, s1:c3, s2:c3], entries: (t:2, i:5), CONFIGURATIONENTRY
2019-09-26 09:45:44,465 DEBUG impl.RaftServerImpl (RaftServerImpl.java:logAppendEntries(850)) - s1@group-5172BA8D467F: receive appendEntries(s6, 2, (t:1, i:4), 3, false, commits[s6:c3, s5:c3, s0:c-1, s1:c3, s2:c3], entries: (t:2, i:5), CONFIGURATIONENTRY
2019-09-26 09:45:44,465 INFO  impl.RaftServerImpl (ServerState.java:setRaftConf(355)) - s2@group-5172BA8D467F: set configuration 5: [s5:0.0.0.0:37411, s6:0.0.0.0:44864, s0:0.0.0.0:36205, s1:0.0.0.0:40678, s2:0.0.0.0:37393], old=null at 5
2019-09-26 09:45:44,465 INFO  impl.RaftServerImpl (ServerState.java:setRaftConf(355)) - s5@group-5172BA8D467F: set configuration 5: [s5:0.0.0.0:37411, s6:0.0.0.0:44864, s0:0.0.0.0:36205, s1:0.0.0.0:40678, s2:0.0.0.0:37393], old=null at 5
2019-09-26 09:45:44,466 INFO  segmented.SegmentedRaftLogWorker (SegmentedRaftLogWorker.java:rollLogSegment(385)) - s2@group-5172BA8D467F-SegmentedRaftLogWorker: Rolling segment log-0_4 to index:4
2019-09-26 09:45:44,465 INFO  impl.RaftServerImpl (ServerState.java:setRaftConf(355)) - s1@group-5172BA8D467F: set configuration 5: [s5:0.0.0.0:37411, s6:0.0.0.0:44864, s0:0.0.0.0:36205, s1:0.0.0.0:40678, s2:0.0.0.0:37393], old=null at 5
2019-09-26 09:45:44,466 INFO  segmented.SegmentedRaftLogWorker (SegmentedRaftLogWorker.java:rollLogSegment(385)) - s5@group-5172BA8D467F-SegmentedRaftLogWorker: Rolling segment log-0_4 to index:4
2019-09-26 09:45:44,467 INFO  segmented.SegmentedRaftLogWorker (SegmentedRaftLogWorker.java:rollLogSegment(385)) - s1@group-5172BA8D467F-SegmentedRaftLogWorker: Rolling segment log-0_4 to index:4
2019-09-26 09:45:44,469 TRACE util.FileUtils (LogUtils.java:runAndLog(61)) - Successfully ran Files.move /workdir/ratis-test/target/test/data/bb022a74/MiniRaftClusterWithNetty436383eb/s2/affa50bd-ac11-477c-8399-5172ba8d467f/current/log_inprogress_0 to /workdir/ratis-test/target/test/data/bb022a74/MiniRaftClusterWithNetty436383eb/s2/affa50bd-ac11-477c-8399-5172ba8d467f/current/log_0-4
2019-09-26 09:45:44,469 INFO  segmented.SegmentedRaftLogWorker (SegmentedRaftLogWorker.java:execute(526)) - s2@group-5172BA8D467F-SegmentedRaftLogWorker: Rolled log segment from /workdir/ratis-test/target/test/data/bb022a74/MiniRaftClusterWithNetty436383eb/s2/affa50bd-ac11-477c-8399-5172ba8d467f/current/log_inprogress_0 to /workdir/ratis-test/target/test/data/bb022a74/MiniRaftClusterWithNetty436383eb/s2/affa50bd-ac11-477c-8399-5172ba8d467f/current/log_0-4
2019-09-26 09:45:44,469 TRACE util.FileUtils (LogUtils.java:runAndLog(61)) - Successfully ran Files.move /workdir/ratis-test/target/test/data/bb022a74/MiniRaftClusterWithNetty436383eb/s5/affa50bd-ac11-477c-8399-5172ba8d467f/current/log_inprogress_0 to /workdir/ratis-test/target/test/data/bb022a74/MiniRaftClusterWithNetty436383eb/s5/affa50bd-ac11-477c-8399-5172ba8d467f/current/log_0-4
2019-09-26 09:45:44,469 TRACE util.FileUtils (LogUtils.java:runAndLog(61)) - Successfully ran Files.move /workdir/ratis-test/target/test/data/bb022a74/MiniRaftClusterWithNetty436383eb/s1/affa50bd-ac11-477c-8399-5172ba8d467f/current/log_inprogress_0 to /workdir/ratis-test/target/test/data/bb022a74/MiniRaftClusterWithNetty436383eb/s1/affa50bd-ac11-477c-8399-5172ba8d467f/current/log_0-4
2019-09-26 09:45:44,469 INFO  segmented.SegmentedRaftLogWorker (SegmentedRaftLogWorker.java:execute(526)) - s5@group-5172BA8D467F-SegmentedRaftLogWorker: Rolled log segment from /workdir/ratis-test/target/test/data/bb022a74/MiniRaftClusterWithNetty436383eb/s5/affa50bd-ac11-477c-8399-5172ba8d467f/current/log_inprogress_0 to /workdir/ratis-test/target/test/data/bb022a74/MiniRaftClusterWithNetty436383eb/s5/affa50bd-ac11-477c-8399-5172ba8d467f/current/log_0-4
2019-09-26 09:45:44,469 INFO  segmented.SegmentedRaftLogWorker (SegmentedRaftLogWorker.java:execute(526)) - s1@group-5172BA8D467F-SegmentedRaftLogWorker: Rolled log segment from /workdir/ratis-test/target/test/data/bb022a74/MiniRaftClusterWithNetty436383eb/s1/affa50bd-ac11-477c-8399-5172ba8d467f/current/log_inprogress_0 to /workdir/ratis-test/target/test/data/bb022a74/MiniRaftClusterWithNetty436383eb/s1/affa50bd-ac11-477c-8399-5172ba8d467f/current/log_0-4
2019-09-26 09:45:44,542 INFO  impl.LeaderElection (LeaderElection.java:logAndReturn(56)) - s4@group-5172BA8D467F-LeaderElection21: Election TIMEOUT; received 4 response(s) [s4<-s5#0:FAIL-t1, s4<-s6#0:FAIL-t1, s4<-s1#0:FAIL-t1, s4<-s2#0:FAIL-t1] and 1 exception(s); s4@group-5172BA8D467F:t2, leader=null, voted=s4, raftlog=s4@group-5172BA8D467F-SegmentedRaftLog:OPENED:c1,f2,i2, conf=1: [s5:0.0.0.0:37411, s6:0.0.0.0:44864, s0:0.0.0.0:36205, s1:0.0.0.0:40678, s2:0.0.0.0:37393], old=[s3:0.0.0.0:37437, s4:0.0.0.0:38885, s0:0.0.0.0:36205, s1:0.0.0.0:40678, s2:0.0.0.0:37393]
2019-09-26 09:45:44,542 INFO  impl.LeaderElection (LogUtils.java:infoOrTrace(149)) -   Exception 0: java.util.concurrent.ExecutionException: org.apache.ratis.protocol.ServerNotReadyException: s3@group-5172BA8D467F is not in [RUNNING]: current state is CLOSED
2019-09-26 09:45:44,616 INFO  impl.LeaderElection (LeaderElection.java:logAndReturn(56)) - s0@group-5172BA8D467F-LeaderElection20: Election TIMEOUT; received 0 response(s) [] and 0 exception(s); s0@group-5172BA8D467F:t6, leader=null, voted=s0, raftlog=s0@group-5172BA8D467F-SegmentedRaftLog:OPENED:c-1,f-1,i0, conf=-1: [s3:0.0.0.0:37437, s4:0.0.0.0:38885, s0:0.0.0.0:36205, s1:0.0.0.0:40678, s2:0.0.0.0:37393], old=null
2019-09-26 09:45:44,688 INFO  segmented.SegmentedRaftLogWorker (SegmentedRaftLogWorker.java:execute(569)) - s2@group-5172BA8D467F-SegmentedRaftLogWorker: created new log segment /workdir/ratis-test/target/test/data/bb022a74/MiniRaftClusterWithNetty436383eb/s2/affa50bd-ac11-477c-8399-5172ba8d467f/current/log_inprogress_5
2019-09-26 09:45:44,688 INFO  segmented.SegmentedRaftLogWorker (SegmentedRaftLogWorker.java:execute(569)) - s5@group-5172BA8D467F-SegmentedRaftLogWorker: created new log segment /workdir/ratis-test/target/test/data/bb022a74/MiniRaftClusterWithNetty436383eb/s5/affa50bd-ac11-477c-8399-5172ba8d467f/current/log_inprogress_5
2019-09-26 09:45:44,688 INFO  segmented.SegmentedRaftLogWorker (SegmentedRaftLogWorker.java:execute(569)) - s6@group-5172BA8D467F-SegmentedRaftLogWorker: created new log segment /workdir/ratis-test/target/test/data/bb022a74/MiniRaftClusterWithNetty436383eb/s6/affa50bd-ac11-477c-8399-5172ba8d467f/current/log_inprogress_5
2019-09-26 09:45:44,688 INFO  segmented.SegmentedRaftLogWorker (SegmentedRaftLogWorker.java:execute(569)) - s1@group-5172BA8D467F-SegmentedRaftLogWorker: created new log segment /workdir/ratis-test/target/test/data/bb022a74/MiniRaftClusterWithNetty436383eb/s1/affa50bd-ac11-477c-8399-5172ba8d467f/current/log_inprogress_5
2019-09-26 09:45:44,693 DEBUG impl.RaftServerImpl (RaftServerImpl.java:logAppendEntries(850)) - s1@group-5172BA8D467F: succeeded to handle AppendEntries. Reply: s6<-s1#0:OK,SUCCESS,nextIndex:6,term:2,followerCommit:3
2019-09-26 09:45:44,693 DEBUG impl.RaftServerImpl (RaftServerImpl.java:logAppendEntries(850)) - s5@group-5172BA8D467F: succeeded to handle AppendEntries. Reply: s6<-s5#0:OK,SUCCESS,nextIndex:6,term:2,followerCommit:3
2019-09-26 09:45:44,693 DEBUG impl.RaftServerImpl (RaftServerImpl.java:logAppendEntries(850)) - s2@group-5172BA8D467F: succeeded to handle AppendEntries. Reply: s6<-s2#0:OK,SUCCESS,nextIndex:6,term:2,followerCommit:3
2019-09-26 09:45:44,697 DEBUG impl.RaftServerImpl (RaftServerImpl.java:logAppendEntries(850)) - s1@group-5172BA8D467F: receive appendEntries(s6, 2, (t:2, i:5), 5, false, commits[s6:c5, s5:c3, s0:c-1, s1:c3, s2:c3], entries: (t:2, i:6), METADATAENTRY(c5)
2019-09-26 09:45:44,697 DEBUG impl.RaftServerImpl (RaftServerImpl.java:logAppendEntries(850)) - s5@group-5172BA8D467F: receive appendEntries(s6, 2, (t:2, i:5), 5, false, commits[s6:c5, s5:c3, s0:c-1, s1:c3, s2:c3], entries: (t:2, i:6), METADATAENTRY(c5)
2019-09-26 09:45:44,697 DEBUG impl.RaftServerImpl (RaftServerImpl.java:logAppendEntries(850)) - s2@group-5172BA8D467F: receive appendEntries(s6, 2, (t:2, i:5), 5, false, commits[s6:c5, s5:c3, s0:c-1, s1:c3, s2:c3], entries: (t:2, i:6), METADATAENTRY(c5)
2019-09-26 09:45:44,706 INFO  impl.LeaderElection (LeaderElection.java:askForVotes(178)) - s4@group-5172BA8D467F-LeaderElection21: begin an election at term 3 for 1: [s5:0.0.0.0:37411, s6:0.0.0.0:44864, s0:0.0.0.0:36205, s1:0.0.0.0:40678, s2:0.0.0.0:37393], old=[s3:0.0.0.0:37437, s4:0.0.0.0:38885, s0:0.0.0.0:36205, s1:0.0.0.0:40678, s2:0.0.0.0:37393]
2019-09-26 09:45:44,706 INFO  impl.LeaderElection (LeaderElection.java:askForVotes(178)) - s0@group-5172BA8D467F-LeaderElection20: begin an election at term 7 for -1: [s3:0.0.0.0:37437, s4:0.0.0.0:38885, s0:0.0.0.0:36205, s1:0.0.0.0:40678, s2:0.0.0.0:37393], old=null
2019-09-26 09:45:44,706 DEBUG impl.RaftServerImpl (RaftServerImpl.java:logAppendEntries(850)) - s2@group-5172BA8D467F: succeeded to handle AppendEntries. Reply: s6<-s2#0:OK,SUCCESS,nextIndex:7,term:2,followerCommit:5
2019-09-26 09:45:44,707 DEBUG impl.RaftServerImpl (RaftServerImpl.java:logAppendEntries(850)) - s5@group-5172BA8D467F: succeeded to handle AppendEntries. Reply: s6<-s5#0:OK,SUCCESS,nextIndex:7,term:2,followerCommit:5
2019-09-26 09:45:44,707 DEBUG impl.RaftServerImpl (RaftServerImpl.java:logAppendEntries(850)) - s1@group-5172BA8D467F: succeeded to handle AppendEntries. Reply: s6<-s1#0:OK,SUCCESS,nextIndex:7,term:2,followerCommit:5
2019-09-26 09:45:44,708 DEBUG impl.RaftServerImpl (RaftServerImpl.java:requestVote(743)) - s5@group-5172BA8D467F: receive requestVote(s4, group-5172BA8D467F, 3, (t:1, i:2))
2019-09-26 09:45:44,710 DEBUG impl.RaftServerImpl (RaftServerImpl.java:requestVote(775)) - s5@group-5172BA8D467F replies to vote request: s4<-s5#0:FAIL-t2. Peer's state: s5@group-5172BA8D467F:t2, leader=s6, voted=s6, raftlog=s5@group-5172BA8D467F-SegmentedRaftLog:OPENED:c5,f6,i6, conf=5: [s5:0.0.0.0:37411, s6:0.0.0.0:44864, s0:0.0.0.0:36205, s1:0.0.0.0:40678, s2:0.0.0.0:37393], old=null
2019-09-26 09:45:44,710 DEBUG impl.RaftServerImpl (RaftServerImpl.java:requestVote(743)) - s6@group-5172BA8D467F: receive requestVote(s4, group-5172BA8D467F, 3, (t:1, i:2))
2019-09-26 09:45:44,711 DEBUG impl.RaftServerImpl (RaftServerImpl.java:requestVote(775)) - s6@group-5172BA8D467F replies to vote request: s4<-s6#0:FAIL-t2. Peer's state: s6@group-5172BA8D467F:t2, leader=s6, voted=s6, raftlog=s6@group-5172BA8D467F-SegmentedRaftLog:OPENED:c6,f6,i6, conf=5: [s5:0.0.0.0:37411, s6:0.0.0.0:44864, s0:0.0.0.0:36205, s1:0.0.0.0:40678, s2:0.0.0.0:37393], old=null
2019-09-26 09:45:44,711 DEBUG impl.RaftServerImpl (RaftServerImpl.java:requestVote(743)) - s1@group-5172BA8D467F: receive requestVote(s4, group-5172BA8D467F, 3, (t:1, i:2))
2019-09-26 09:45:44,711 DEBUG impl.RaftServerImpl (RaftServerImpl.java:requestVote(743)) - s3@group-5172BA8D467F: receive requestVote(s4, group-5172BA8D467F, 3, (t:1, i:2))
2019-09-26 09:45:44,711 DEBUG impl.RaftServerImpl (RaftServerImpl.java:requestVote(743)) - s2@group-5172BA8D467F: receive requestVote(s4, group-5172BA8D467F, 3, (t:1, i:2))
2019-09-26 09:45:44,712 INFO  impl.LeaderElection (LeaderElection.java:logAndReturn(56)) - s4@group-5172BA8D467F-LeaderElection21: Election SHUTDOWN; received 2 response(s) [s4<-s5#0:FAIL-t2, s4<-s6#0:FAIL-t2] and 0 exception(s); s4@group-5172BA8D467F:t3, leader=null, voted=s4, raftlog=s4@group-5172BA8D467F-SegmentedRaftLog:OPENED:c1,f2,i2, conf=1: [s5:0.0.0.0:37411, s6:0.0.0.0:44864, s0:0.0.0.0:36205, s1:0.0.0.0:40678, s2:0.0.0.0:37393], old=[s3:0.0.0.0:37437, s4:0.0.0.0:38885, s0:0.0.0.0:36205, s1:0.0.0.0:40678, s2:0.0.0.0:37393]
2019-09-26 09:45:44,712 DEBUG impl.RaftServerImpl (RaftServerImpl.java:requestVote(775)) - s1@group-5172BA8D467F replies to vote request: s4<-s1#0:FAIL-t2. Peer's state: s1@group-5172BA8D467F:t2, leader=s6, voted=s6, raftlog=s1@group-5172BA8D467F-SegmentedRaftLog:OPENED:c5,f6,i6, conf=5: [s5:0.0.0.0:37411, s6:0.0.0.0:44864, s0:0.0.0.0:36205, s1:0.0.0.0:40678, s2:0.0.0.0:37393], old=null
2019-09-26 09:45:44,712 INFO  impl.LeaderElection (LeaderElection.java:askForVotes(213)) - s4@group-5172BA8D467F-LeaderElection21 received shutdown response when requesting votes.
2019-09-26 09:45:44,712 DEBUG impl.RaftServerImpl (RaftServerImpl.java:requestVote(775)) - s2@group-5172BA8D467F replies to vote request: s4<-s2#0:FAIL-t2. Peer's state: s2@group-5172BA8D467F:t2, leader=s6, voted=s6, raftlog=s2@group-5172BA8D467F-SegmentedRaftLog:OPENED:c5,f6,i6, conf=5: [s5:0.0.0.0:37411, s6:0.0.0.0:44864, s0:0.0.0.0:36205, s1:0.0.0.0:40678, s2:0.0.0.0:37393], old=null
2019-09-26 09:45:44,713 INFO  impl.RaftServerProxy (RaftServerProxy.java:lambda$close$4(314)) - s4: close
2019-09-26 09:45:44,715 INFO  impl.RaftServerImpl (RaftServerImpl.java:lambda$shutdown$3(247)) - s4@group-5172BA8D467F: shutdown
2019-09-26 09:45:44,715 INFO  util.JmxRegister (JmxRegister.java:unregister(73)) - Successfully un-registered JMX Bean with object name Ratis:service=RaftServer,group=group-5172BA8D467F,id=s4
2019-09-26 09:45:44,715 INFO  impl.RoleInfo (RoleInfo.java:shutdownLeaderElection(134)) - s4: shutdown LeaderElection
2019-09-26 09:45:44,716 INFO  impl.StateMachineUpdater (StateMachineUpdater.java:stopAndJoin(136)) - s4@group-5172BA8D467F-StateMachineUpdater: set stopIndex = 1
2019-09-26 09:45:44,729 INFO  impl.RaftServerImpl (ServerState.java:close(386)) - s4@group-5172BA8D467F: closes. applyIndex: 1
2019-09-26 09:45:44,729 INFO  segmented.SegmentedRaftLogWorker (SegmentedRaftLogWorker.java:run(313)) - s4@group-5172BA8D467F-SegmentedRaftLogWorker was interrupted, exiting. There are 0 tasks remaining in the queue.
2019-09-26 09:45:44,731 INFO  segmented.SegmentedRaftLogWorker (SegmentedRaftLogWorker.java:close(228)) - s4@group-5172BA8D467F-SegmentedRaftLogWorker close()
2019-09-26 09:45:44,733 INFO  logging.LoggingHandler (AbstractInternalLogger.java:log(150)) - [id: 0xbe54108c, L:/0.0.0.0:38885] UNREGISTERED
2019-09-26 09:45:44,926 INFO  impl.LeaderElection (LeaderElection.java:logAndReturn(56)) - s0@group-5172BA8D467F-LeaderElection20: Election TIMEOUT; received 0 response(s) [] and 0 exception(s); s0@group-5172BA8D467F:t7, leader=null, voted=s0, raftlog=s0@group-5172BA8D467F-SegmentedRaftLog:OPENED:c-1,f-1,i0, conf=-1: [s3:0.0.0.0:37437, s4:0.0.0.0:38885, s0:0.0.0.0:36205, s1:0.0.0.0:40678, s2:0.0.0.0:37393], old=null
2019-09-26 09:45:44,942 INFO  impl.LeaderElection (LeaderElection.java:askForVotes(178)) - s0@group-5172BA8D467F-LeaderElection20: begin an election at term 8 for -1: [s3:0.0.0.0:37437, s4:0.0.0.0:38885, s0:0.0.0.0:36205, s1:0.0.0.0:40678, s2:0.0.0.0:37393], old=null
2019-09-26 09:45:45,162 INFO  impl.LeaderElection (LeaderElection.java:logAndReturn(56)) - s0@group-5172BA8D467F-LeaderElection20: Election TIMEOUT; received 0 response(s) [] and 0 exception(s); s0@group-5172BA8D467F:t8, leader=null, voted=s0, raftlog=s0@group-5172BA8D467F-SegmentedRaftLog:OPENED:c-1,f-1,i0, conf=-1: [s3:0.0.0.0:37437, s4:0.0.0.0:38885, s0:0.0.0.0:36205, s1:0.0.0.0:40678, s2:0.0.0.0:37393], old=null
2019-09-26 09:45:45,176 INFO  impl.LeaderElection (LeaderElection.java:askForVotes(178)) - s0@group-5172BA8D467F-LeaderElection20: begin an election at term 9 for -1: [s3:0.0.0.0:37437, s4:0.0.0.0:38885, s0:0.0.0.0:36205, s1:0.0.0.0:40678, s2:0.0.0.0:37393], old=null
2019-09-26 09:45:45,320 INFO  impl.RaftServerTestUtil (RaftServerTestUtil.java:waitAndCheckNewConf(58)) - waitAndCheckNewConf: peers=[s5:0.0.0.0:37411, s6:0.0.0.0:44864, s0:0.0.0.0:36205, s1:0.0.0.0:40678, s2:0.0.0.0:37393], deadPeers=null, printing ALL groups
  s3:  RUNNING    LEADER s3@group-5172BA8D467F:t1, leader=s3, voted=s3, raftlog=s3@group-5172BA8D467F-SegmentedRaftLog:CLOSED:c3, conf=3: [s5:0.0.0.0:37411, s6:0.0.0.0:44864, s0:0.0.0.0:36205, s1:0.0.0.0:40678, s2:0.0.0.0:37393], old=null CLOSED
  s4:   CLOSED CANDIDATE s4@group-5172BA8D467F:t3, leader=null, voted=s4, raftlog=s4@group-5172BA8D467F-SegmentedRaftLog:CLOSED:c1, conf=1: [s5:0.0.0.0:37411, s6:0.0.0.0:44864, s0:0.0.0.0:36205, s1:0.0.0.0:40678, s2:0.0.0.0:37393], old=[s3:0.0.0.0:37437, s4:0.0.0.0:38885, s0:0.0.0.0:36205, s1:0.0.0.0:40678, s2:0.0.0.0:37393] CLOSED
  s5:  RUNNING  FOLLOWER s5@group-5172BA8D467F:t2, leader=s6, voted=s6, raftlog=s5@group-5172BA8D467F-SegmentedRaftLog:OPENED:c6,f6,i6, conf=5: [s5:0.0.0.0:37411, s6:0.0.0.0:44864, s0:0.0.0.0:36205, s1:0.0.0.0:40678, s2:0.0.0.0:37393], old=null RUNNING
  s6:  RUNNING    LEADER s6@group-5172BA8D467F:t2, leader=s6, voted=s6, raftlog=s6@group-5172BA8D467F-SegmentedRaftLog:OPENED:c6,f6,i6, conf=5: [s5:0.0.0.0:37411, s6:0.0.0.0:44864, s0:0.0.0.0:36205, s1:0.0.0.0:40678, s2:0.0.0.0:37393], old=null RUNNING
  s0:  RUNNING CANDIDATE s0@group-5172BA8D467F:t9, leader=null, voted=s0, raftlog=s0@group-5172BA8D467F-SegmentedRaftLog:OPENED:c-1,f-1,i0, conf=-1: [s3:0.0.0.0:37437, s4:0.0.0.0:38885, s0:0.0.0.0:36205, s1:0.0.0.0:40678, s2:0.0.0.0:37393], old=null RUNNING
  s1:  RUNNING  FOLLOWER s1@group-5172BA8D467F:t2, leader=s6, voted=s6, raftlog=s1@group-5172BA8D467F-SegmentedRaftLog:OPENED:c6,f6,i6, conf=5: [s5:0.0.0.0:37411, s6:0.0.0.0:44864, s0:0.0.0.0:36205, s1:0.0.0.0:40678, s2:0.0.0.0:37393], old=null RUNNING
  s2:  RUNNING  FOLLOWER s2@group-5172BA8D467F:t2, leader=s6, voted=s6, raftlog=s2@group-5172BA8D467F-SegmentedRaftLog:OPENED:c6,f6,i6, conf=5: [s5:0.0.0.0:37411, s6:0.0.0.0:44864, s0:0.0.0.0:36205, s1:0.0.0.0:40678, s2:0.0.0.0:37393], old=null RUNNING
2019-09-26 09:45:45,321 INFO  impl.RaftServerTestUtil (RaftServerTestUtil.java:waitAndCheckNewConf(66)) - checking    LEADER s3@group-5172BA8D467F:t1, leader=s3, voted=s3, raftlog=s3@group-5172BA8D467F-SegmentedRaftLog:CLOSED:c3, conf=3: [s5:0.0.0.0:37411, s6:0.0.0.0:44864, s0:0.0.0.0:36205, s1:0.0.0.0:40678, s2:0.0.0.0:37393], old=null CLOSED
2019-09-26 09:45:45,321 INFO  impl.RaftServerTestUtil (RaftServerTestUtil.java:waitAndCheckNewConf(66)) - checking CANDIDATE s4@group-5172BA8D467F:t3, leader=null, voted=s4, raftlog=s4@group-5172BA8D467F-SegmentedRaftLog:CLOSED:c1, conf=1: [s5:0.0.0.0:37411, s6:0.0.0.0:44864, s0:0.0.0.0:36205, s1:0.0.0.0:40678, s2:0.0.0.0:37393], old=[s3:0.0.0.0:37437, s4:0.0.0.0:38885, s0:0.0.0.0:36205, s1:0.0.0.0:40678, s2:0.0.0.0:37393] CLOSED
2019-09-26 09:45:45,321 INFO  impl.RaftServerTestUtil (RaftServerTestUtil.java:waitAndCheckNewConf(66)) - checking  FOLLOWER s5@group-5172BA8D467F:t2, leader=s6, voted=s6, raftlog=s5@group-5172BA8D467F-SegmentedRaftLog:OPENED:c6,f6,i6, conf=5: [s5:0.0.0.0:37411, s6:0.0.0.0:44864, s0:0.0.0.0:36205, s1:0.0.0.0:40678, s2:0.0.0.0:37393], old=null RUNNING
2019-09-26 09:45:45,322 INFO  impl.RaftServerTestUtil (RaftServerTestUtil.java:waitAndCheckNewConf(66)) - checking    LEADER s6@group-5172BA8D467F:t2, leader=s6, voted=s6, raftlog=s6@group-5172BA8D467F-SegmentedRaftLog:OPENED:c6,f6,i6, conf=5: [s5:0.0.0.0:37411, s6:0.0.0.0:44864, s0:0.0.0.0:36205, s1:0.0.0.0:40678, s2:0.0.0.0:37393], old=null RUNNING
2019-09-26 09:45:45,322 INFO  impl.RaftServerTestUtil (RaftServerTestUtil.java:waitAndCheckNewConf(66)) - checking CANDIDATE s0@group-5172BA8D467F:t9, leader=null, voted=s0, raftlog=s0@group-5172BA8D467F-SegmentedRaftLog:OPENED:c-1,f-1,i0, conf=-1: [s3:0.0.0.0:37437, s4:0.0.0.0:38885, s0:0.0.0.0:36205, s1:0.0.0.0:40678, s2:0.0.0.0:37393], old=null RUNNING
2019-09-26 09:45:45,322 WARN  impl.RaftServerTestUtil (JavaUtils.java:attempt(158)) - FAILED "waitAndCheckNewConf", attempt #2/10: java.lang.AssertionError, sleep 1200ms and then retry.
java.lang.AssertionError
	at org.junit.Assert.fail(Assert.java:86)
	at org.junit.Assert.assertTrue(Assert.java:41)
	at org.junit.Assert.assertTrue(Assert.java:52)
	at org.apache.ratis.server.impl.RaftServerTestUtil.waitAndCheckNewConf(RaftServerTestUtil.java:76)
	at org.apache.ratis.server.impl.RaftServerTestUtil.lambda$waitAndCheckNewConf$1(RaftServerTestUtil.java:53)
	at org.apache.ratis.util.function.CheckedRunnable.lambda$asCheckedSupplier$0(CheckedRunnable.java:32)
	at org.apache.ratis.util.JavaUtils.attempt(JavaUtils.java:152)
	at org.apache.ratis.util.JavaUtils.attempt(JavaUtils.java:172)
	at org.apache.ratis.server.impl.RaftServerTestUtil.waitAndCheckNewConf(RaftServerTestUtil.java:53)
	at org.apache.ratis.server.impl.RaftReconfigurationBaseTest.runTestAddRemovePeers(RaftReconfigurationBaseTest.java:135)
	at org.apache.ratis.server.impl.RaftReconfigurationBaseTest.lambda$testLeaderStepDown$3(RaftReconfigurationBaseTest.java:121)
	at org.apache.ratis.MiniRaftCluster$Factory$Get.runWithNewCluster(MiniRaftCluster.java:125)
	at org.apache.ratis.MiniRaftCluster$Factory$Get.runWithNewCluster(MiniRaftCluster.java:113)
	at org.apache.ratis.server.impl.RaftReconfigurationBaseTest.testLeaderStepDown(RaftReconfigurationBaseTest.java:121)
	at sun.reflect.NativeMethodAccessorImpl.invoke0(Native Method)
	at sun.reflect.NativeMethodAccessorImpl.invoke(NativeMethodAccessorImpl.java:62)
	at sun.reflect.DelegatingMethodAccessorImpl.invoke(DelegatingMethodAccessorImpl.java:43)
	at java.lang.reflect.Method.invoke(Method.java:498)
	at org.junit.runners.model.FrameworkMethod$1.runReflectiveCall(FrameworkMethod.java:50)
	at org.junit.internal.runners.model.ReflectiveCallable.run(ReflectiveCallable.java:12)
	at org.junit.runners.model.FrameworkMethod.invokeExplosively(FrameworkMethod.java:47)
	at org.junit.internal.runners.statements.InvokeMethod.evaluate(InvokeMethod.java:17)
	at org.junit.internal.runners.statements.RunAfters.evaluate(RunAfters.java:27)
	at org.junit.internal.runners.statements.FailOnTimeout$CallableStatement.call(FailOnTimeout.java:298)
	at org.junit.internal.runners.statements.FailOnTimeout$CallableStatement.call(FailOnTimeout.java:292)
	at java.util.concurrent.FutureTask.run(FutureTask.java:266)
	at java.lang.Thread.run(Thread.java:748)
2019-09-26 09:45:45,457 INFO  impl.LeaderElection (LeaderElection.java:logAndReturn(56)) - s0@group-5172BA8D467F-LeaderElection20: Election TIMEOUT; received 0 response(s) [] and 0 exception(s); s0@group-5172BA8D467F:t9, leader=null, voted=s0, raftlog=s0@group-5172BA8D467F-SegmentedRaftLog:OPENED:c-1,f-1,i0, conf=-1: [s3:0.0.0.0:37437, s4:0.0.0.0:38885, s0:0.0.0.0:36205, s1:0.0.0.0:40678, s2:0.0.0.0:37393], old=null
2019-09-26 09:45:45,472 INFO  impl.LeaderElection (LeaderElection.java:askForVotes(178)) - s0@group-5172BA8D467F-LeaderElection20: begin an election at term 10 for -1: [s3:0.0.0.0:37437, s4:0.0.0.0:38885, s0:0.0.0.0:36205, s1:0.0.0.0:40678, s2:0.0.0.0:37393], old=null
2019-09-26 09:45:45,638 INFO  impl.LeaderElection (LeaderElection.java:logAndReturn(56)) - s0@group-5172BA8D467F-LeaderElection20: Election TIMEOUT; received 0 response(s) [] and 0 exception(s); s0@group-5172BA8D467F:t10, leader=null, voted=s0, raftlog=s0@group-5172BA8D467F-SegmentedRaftLog:OPENED:c-1,f-1,i0, conf=-1: [s3:0.0.0.0:37437, s4:0.0.0.0:38885, s0:0.0.0.0:36205, s1:0.0.0.0:40678, s2:0.0.0.0:37393], old=null
2019-09-26 09:45:45,652 INFO  impl.LeaderElection (LeaderElection.java:askForVotes(178)) - s0@group-5172BA8D467F-LeaderElection20: begin an election at term 11 for -1: [s3:0.0.0.0:37437, s4:0.0.0.0:38885, s0:0.0.0.0:36205, s1:0.0.0.0:40678, s2:0.0.0.0:37393], old=null
2019-09-26 09:45:45,854 INFO  impl.LeaderElection (LeaderElection.java:logAndReturn(56)) - s0@group-5172BA8D467F-LeaderElection20: Election TIMEOUT; received 0 response(s) [] and 0 exception(s); s0@group-5172BA8D467F:t11, leader=null, voted=s0, raftlog=s0@group-5172BA8D467F-SegmentedRaftLog:OPENED:c-1,f-1,i0, conf=-1: [s3:0.0.0.0:37437, s4:0.0.0.0:38885, s0:0.0.0.0:36205, s1:0.0.0.0:40678, s2:0.0.0.0:37393], old=null
2019-09-26 09:45:45,867 INFO  impl.LeaderElection (LeaderElection.java:askForVotes(178)) - s0@group-5172BA8D467F-LeaderElection20: begin an election at term 12 for -1: [s3:0.0.0.0:37437, s4:0.0.0.0:38885, s0:0.0.0.0:36205, s1:0.0.0.0:40678, s2:0.0.0.0:37393], old=null
2019-09-26 09:45:46,044 INFO  impl.LeaderElection (LeaderElection.java:logAndReturn(56)) - s0@group-5172BA8D467F-LeaderElection20: Election TIMEOUT; received 0 response(s) [] and 0 exception(s); s0@group-5172BA8D467F:t12, leader=null, voted=s0, raftlog=s0@group-5172BA8D467F-SegmentedRaftLog:OPENED:c-1,f-1,i0, conf=-1: [s3:0.0.0.0:37437, s4:0.0.0.0:38885, s0:0.0.0.0:36205, s1:0.0.0.0:40678, s2:0.0.0.0:37393], old=null
2019-09-26 09:45:46,058 INFO  impl.LeaderElection (LeaderElection.java:askForVotes(178)) - s0@group-5172BA8D467F-LeaderElection20: begin an election at term 13 for -1: [s3:0.0.0.0:37437, s4:0.0.0.0:38885, s0:0.0.0.0:36205, s1:0.0.0.0:40678, s2:0.0.0.0:37393], old=null
2019-09-26 09:45:46,271 INFO  impl.LeaderElection (LeaderElection.java:logAndReturn(56)) - s0@group-5172BA8D467F-LeaderElection20: Election TIMEOUT; received 0 response(s) [] and 0 exception(s); s0@group-5172BA8D467F:t13, leader=null, voted=s0, raftlog=s0@group-5172BA8D467F-SegmentedRaftLog:OPENED:c-1,f-1,i0, conf=-1: [s3:0.0.0.0:37437, s4:0.0.0.0:38885, s0:0.0.0.0:36205, s1:0.0.0.0:40678, s2:0.0.0.0:37393], old=null
2019-09-26 09:45:46,285 INFO  impl.LeaderElection (LeaderElection.java:askForVotes(178)) - s0@group-5172BA8D467F-LeaderElection20: begin an election at term 14 for -1: [s3:0.0.0.0:37437, s4:0.0.0.0:38885, s0:0.0.0.0:36205, s1:0.0.0.0:40678, s2:0.0.0.0:37393], old=null
2019-09-26 09:45:46,451 INFO  impl.LeaderElection (LeaderElection.java:logAndReturn(56)) - s0@group-5172BA8D467F-LeaderElection20: Election TIMEOUT; received 0 response(s) [] and 0 exception(s); s0@group-5172BA8D467F:t14, leader=null, voted=s0, raftlog=s0@group-5172BA8D467F-SegmentedRaftLog:OPENED:c-1,f-1,i0, conf=-1: [s3:0.0.0.0:37437, s4:0.0.0.0:38885, s0:0.0.0.0:36205, s1:0.0.0.0:40678, s2:0.0.0.0:37393], old=null
2019-09-26 09:45:46,465 INFO  impl.LeaderElection (LeaderElection.java:askForVotes(178)) - s0@group-5172BA8D467F-LeaderElection20: begin an election at term 15 for -1: [s3:0.0.0.0:37437, s4:0.0.0.0:38885, s0:0.0.0.0:36205, s1:0.0.0.0:40678, s2:0.0.0.0:37393], old=null
2019-09-26 09:45:46,523 INFO  impl.RaftServerTestUtil (RaftServerTestUtil.java:waitAndCheckNewConf(58)) - waitAndCheckNewConf: peers=[s5:0.0.0.0:37411, s6:0.0.0.0:44864, s0:0.0.0.0:36205, s1:0.0.0.0:40678, s2:0.0.0.0:37393], deadPeers=null, printing ALL groups
  s3:  RUNNING    LEADER s3@group-5172BA8D467F:t1, leader=s3, voted=s3, raftlog=s3@group-5172BA8D467F-SegmentedRaftLog:CLOSED:c3, conf=3: [s5:0.0.0.0:37411, s6:0.0.0.0:44864, s0:0.0.0.0:36205, s1:0.0.0.0:40678, s2:0.0.0.0:37393], old=null CLOSED
  s4:   CLOSED CANDIDATE s4@group-5172BA8D467F:t3, leader=null, voted=s4, raftlog=s4@group-5172BA8D467F-SegmentedRaftLog:CLOSED:c1, conf=1: [s5:0.0.0.0:37411, s6:0.0.0.0:44864, s0:0.0.0.0:36205, s1:0.0.0.0:40678, s2:0.0.0.0:37393], old=[s3:0.0.0.0:37437, s4:0.0.0.0:38885, s0:0.0.0.0:36205, s1:0.0.0.0:40678, s2:0.0.0.0:37393] CLOSED
  s5:  RUNNING  FOLLOWER s5@group-5172BA8D467F:t2, leader=s6, voted=s6, raftlog=s5@group-5172BA8D467F-SegmentedRaftLog:OPENED:c6,f6,i6, conf=5: [s5:0.0.0.0:37411, s6:0.0.0.0:44864, s0:0.0.0.0:36205, s1:0.0.0.0:40678, s2:0.0.0.0:37393], old=null RUNNING
  s6:  RUNNING    LEADER s6@group-5172BA8D467F:t2, leader=s6, voted=s6, raftlog=s6@group-5172BA8D467F-SegmentedRaftLog:OPENED:c6,f6,i6, conf=5: [s5:0.0.0.0:37411, s6:0.0.0.0:44864, s0:0.0.0.0:36205, s1:0.0.0.0:40678, s2:0.0.0.0:37393], old=null RUNNING
  s0:  RUNNING CANDIDATE s0@group-5172BA8D467F:t15, leader=null, voted=s0, raftlog=s0@group-5172BA8D467F-SegmentedRaftLog:OPENED:c-1,f-1,i0, conf=-1: [s3:0.0.0.0:37437, s4:0.0.0.0:38885, s0:0.0.0.0:36205, s1:0.0.0.0:40678, s2:0.0.0.0:37393], old=null RUNNING
  s1:  RUNNING  FOLLOWER s1@group-5172BA8D467F:t2, leader=s6, voted=s6, raftlog=s1@group-5172BA8D467F-SegmentedRaftLog:OPENED:c6,f6,i6, conf=5: [s5:0.0.0.0:37411, s6:0.0.0.0:44864, s0:0.0.0.0:36205, s1:0.0.0.0:40678, s2:0.0.0.0:37393], old=null RUNNING
  s2:  RUNNING  FOLLOWER s2@group-5172BA8D467F:t2, leader=s6, voted=s6, raftlog=s2@group-5172BA8D467F-SegmentedRaftLog:OPENED:c6,f6,i6, conf=5: [s5:0.0.0.0:37411, s6:0.0.0.0:44864, s0:0.0.0.0:36205, s1:0.0.0.0:40678, s2:0.0.0.0:37393], old=null RUNNING
2019-09-26 09:45:46,524 INFO  impl.RaftServerTestUtil (RaftServerTestUtil.java:waitAndCheckNewConf(66)) - checking    LEADER s3@group-5172BA8D467F:t1, leader=s3, voted=s3, raftlog=s3@group-5172BA8D467F-SegmentedRaftLog:CLOSED:c3, conf=3: [s5:0.0.0.0:37411, s6:0.0.0.0:44864, s0:0.0.0.0:36205, s1:0.0.0.0:40678, s2:0.0.0.0:37393], old=null CLOSED
2019-09-26 09:45:46,524 INFO  impl.RaftServerTestUtil (RaftServerTestUtil.java:waitAndCheckNewConf(66)) - checking CANDIDATE s4@group-5172BA8D467F:t3, leader=null, voted=s4, raftlog=s4@group-5172BA8D467F-SegmentedRaftLog:CLOSED:c1, conf=1: [s5:0.0.0.0:37411, s6:0.0.0.0:44864, s0:0.0.0.0:36205, s1:0.0.0.0:40678, s2:0.0.0.0:37393], old=[s3:0.0.0.0:37437, s4:0.0.0.0:38885, s0:0.0.0.0:36205, s1:0.0.0.0:40678, s2:0.0.0.0:37393] CLOSED
2019-09-26 09:45:46,525 INFO  impl.RaftServerTestUtil (RaftServerTestUtil.java:waitAndCheckNewConf(66)) - checking  FOLLOWER s5@group-5172BA8D467F:t2, leader=s6, voted=s6, raftlog=s5@group-5172BA8D467F-SegmentedRaftLog:OPENED:c6,f6,i6, conf=5: [s5:0.0.0.0:37411, s6:0.0.0.0:44864, s0:0.0.0.0:36205, s1:0.0.0.0:40678, s2:0.0.0.0:37393], old=null RUNNING
2019-09-26 09:45:46,525 INFO  impl.RaftServerTestUtil (RaftServerTestUtil.java:waitAndCheckNewConf(66)) - checking    LEADER s6@group-5172BA8D467F:t2, leader=s6, voted=s6, raftlog=s6@group-5172BA8D467F-SegmentedRaftLog:OPENED:c6,f6,i6, conf=5: [s5:0.0.0.0:37411, s6:0.0.0.0:44864, s0:0.0.0.0:36205, s1:0.0.0.0:40678, s2:0.0.0.0:37393], old=null RUNNING
2019-09-26 09:45:46,525 INFO  impl.RaftServerTestUtil (RaftServerTestUtil.java:waitAndCheckNewConf(66)) - checking CANDIDATE s0@group-5172BA8D467F:t15, leader=null, voted=s0, raftlog=s0@group-5172BA8D467F-SegmentedRaftLog:OPENED:c-1,f-1,i0, conf=-1: [s3:0.0.0.0:37437, s4:0.0.0.0:38885, s0:0.0.0.0:36205, s1:0.0.0.0:40678, s2:0.0.0.0:37393], old=null RUNNING
2019-09-26 09:45:46,525 WARN  impl.RaftServerTestUtil (JavaUtils.java:attempt(158)) - FAILED "waitAndCheckNewConf", attempt #3/10: java.lang.AssertionError, sleep 1200ms and then retry.
java.lang.AssertionError
	at org.junit.Assert.fail(Assert.java:86)
	at org.junit.Assert.assertTrue(Assert.java:41)
	at org.junit.Assert.assertTrue(Assert.java:52)
	at org.apache.ratis.server.impl.RaftServerTestUtil.waitAndCheckNewConf(RaftServerTestUtil.java:76)
	at org.apache.ratis.server.impl.RaftServerTestUtil.lambda$waitAndCheckNewConf$1(RaftServerTestUtil.java:53)
	at org.apache.ratis.util.function.CheckedRunnable.lambda$asCheckedSupplier$0(CheckedRunnable.java:32)
	at org.apache.ratis.util.JavaUtils.attempt(JavaUtils.java:152)
	at org.apache.ratis.util.JavaUtils.attempt(JavaUtils.java:172)
	at org.apache.ratis.server.impl.RaftServerTestUtil.waitAndCheckNewConf(RaftServerTestUtil.java:53)
	at org.apache.ratis.server.impl.RaftReconfigurationBaseTest.runTestAddRemovePeers(RaftReconfigurationBaseTest.java:135)
	at org.apache.ratis.server.impl.RaftReconfigurationBaseTest.lambda$testLeaderStepDown$3(RaftReconfigurationBaseTest.java:121)
	at org.apache.ratis.MiniRaftCluster$Factory$Get.runWithNewCluster(MiniRaftCluster.java:125)
	at org.apache.ratis.MiniRaftCluster$Factory$Get.runWithNewCluster(MiniRaftCluster.java:113)
	at org.apache.ratis.server.impl.RaftReconfigurationBaseTest.testLeaderStepDown(RaftReconfigurationBaseTest.java:121)
	at sun.reflect.NativeMethodAccessorImpl.invoke0(Native Method)
	at sun.reflect.NativeMethodAccessorImpl.invoke(NativeMethodAccessorImpl.java:62)
	at sun.reflect.DelegatingMethodAccessorImpl.invoke(DelegatingMethodAccessorImpl.java:43)
	at java.lang.reflect.Method.invoke(Method.java:498)
	at org.junit.runners.model.FrameworkMethod$1.runReflectiveCall(FrameworkMethod.java:50)
	at org.junit.internal.runners.model.ReflectiveCallable.run(ReflectiveCallable.java:12)
	at org.junit.runners.model.FrameworkMethod.invokeExplosively(FrameworkMethod.java:47)
	at org.junit.internal.runners.statements.InvokeMethod.evaluate(InvokeMethod.java:17)
	at org.junit.internal.runners.statements.RunAfters.evaluate(RunAfters.java:27)
	at org.junit.internal.runners.statements.FailOnTimeout$CallableStatement.call(FailOnTimeout.java:298)
	at org.junit.internal.runners.statements.FailOnTimeout$CallableStatement.call(FailOnTimeout.java:292)
	at java.util.concurrent.FutureTask.run(FutureTask.java:266)
	at java.lang.Thread.run(Thread.java:748)
2019-09-26 09:45:46,720 INFO  impl.LeaderElection (LeaderElection.java:logAndReturn(56)) - s0@group-5172BA8D467F-LeaderElection20: Election TIMEOUT; received 0 response(s) [] and 0 exception(s); s0@group-5172BA8D467F:t15, leader=null, voted=s0, raftlog=s0@group-5172BA8D467F-SegmentedRaftLog:OPENED:c-1,f-1,i0, conf=-1: [s3:0.0.0.0:37437, s4:0.0.0.0:38885, s0:0.0.0.0:36205, s1:0.0.0.0:40678, s2:0.0.0.0:37393], old=null
2019-09-26 09:45:46,734 INFO  impl.LeaderElection (LeaderElection.java:askForVotes(178)) - s0@group-5172BA8D467F-LeaderElection20: begin an election at term 16 for -1: [s3:0.0.0.0:37437, s4:0.0.0.0:38885, s0:0.0.0.0:36205, s1:0.0.0.0:40678, s2:0.0.0.0:37393], old=null
2019-09-26 09:45:46,942 INFO  impl.LeaderElection (LeaderElection.java:logAndReturn(56)) - s0@group-5172BA8D467F-LeaderElection20: Election TIMEOUT; received 0 response(s) [] and 0 exception(s); s0@group-5172BA8D467F:t16, leader=null, voted=s0, raftlog=s0@group-5172BA8D467F-SegmentedRaftLog:OPENED:c-1,f-1,i0, conf=-1: [s3:0.0.0.0:37437, s4:0.0.0.0:38885, s0:0.0.0.0:36205, s1:0.0.0.0:40678, s2:0.0.0.0:37393], old=null
2019-09-26 09:45:46,956 INFO  impl.LeaderElection (LeaderElection.java:askForVotes(178)) - s0@group-5172BA8D467F-LeaderElection20: begin an election at term 17 for -1: [s3:0.0.0.0:37437, s4:0.0.0.0:38885, s0:0.0.0.0:36205, s1:0.0.0.0:40678, s2:0.0.0.0:37393], old=null
2019-09-26 09:45:47,163 INFO  impl.LeaderElection (LeaderElection.java:logAndReturn(56)) - s0@group-5172BA8D467F-LeaderElection20: Election TIMEOUT; received 0 response(s) [] and 0 exception(s); s0@group-5172BA8D467F:t17, leader=null, voted=s0, raftlog=s0@group-5172BA8D467F-SegmentedRaftLog:OPENED:c-1,f-1,i0, conf=-1: [s3:0.0.0.0:37437, s4:0.0.0.0:38885, s0:0.0.0.0:36205, s1:0.0.0.0:40678, s2:0.0.0.0:37393], old=null
2019-09-26 09:45:47,177 INFO  impl.LeaderElection (LeaderElection.java:askForVotes(178)) - s0@group-5172BA8D467F-LeaderElection20: begin an election at term 18 for -1: [s3:0.0.0.0:37437, s4:0.0.0.0:38885, s0:0.0.0.0:36205, s1:0.0.0.0:40678, s2:0.0.0.0:37393], old=null
2019-09-26 09:45:47,381 INFO  impl.LeaderElection (LeaderElection.java:logAndReturn(56)) - s0@group-5172BA8D467F-LeaderElection20: Election TIMEOUT; received 0 response(s) [] and 0 exception(s); s0@group-5172BA8D467F:t18, leader=null, voted=s0, raftlog=s0@group-5172BA8D467F-SegmentedRaftLog:OPENED:c-1,f-1,i0, conf=-1: [s3:0.0.0.0:37437, s4:0.0.0.0:38885, s0:0.0.0.0:36205, s1:0.0.0.0:40678, s2:0.0.0.0:37393], old=null
2019-09-26 09:45:47,395 INFO  impl.LeaderElection (LeaderElection.java:askForVotes(178)) - s0@group-5172BA8D467F-LeaderElection20: begin an election at term 19 for -1: [s3:0.0.0.0:37437, s4:0.0.0.0:38885, s0:0.0.0.0:36205, s1:0.0.0.0:40678, s2:0.0.0.0:37393], old=null
2019-09-26 09:45:47,602 INFO  impl.LeaderElection (LeaderElection.java:logAndReturn(56)) - s0@group-5172BA8D467F-LeaderElection20: Election TIMEOUT; received 0 response(s) [] and 0 exception(s); s0@group-5172BA8D467F:t19, leader=null, voted=s0, raftlog=s0@group-5172BA8D467F-SegmentedRaftLog:OPENED:c-1,f-1,i0, conf=-1: [s3:0.0.0.0:37437, s4:0.0.0.0:38885, s0:0.0.0.0:36205, s1:0.0.0.0:40678, s2:0.0.0.0:37393], old=null
2019-09-26 09:45:47,616 INFO  impl.LeaderElection (LeaderElection.java:askForVotes(178)) - s0@group-5172BA8D467F-LeaderElection20: begin an election at term 20 for -1: [s3:0.0.0.0:37437, s4:0.0.0.0:38885, s0:0.0.0.0:36205, s1:0.0.0.0:40678, s2:0.0.0.0:37393], old=null
2019-09-26 09:45:47,727 INFO  impl.RaftServerTestUtil (RaftServerTestUtil.java:waitAndCheckNewConf(58)) - waitAndCheckNewConf: peers=[s5:0.0.0.0:37411, s6:0.0.0.0:44864, s0:0.0.0.0:36205, s1:0.0.0.0:40678, s2:0.0.0.0:37393], deadPeers=null, printing ALL groups
  s3:  RUNNING    LEADER s3@group-5172BA8D467F:t1, leader=s3, voted=s3, raftlog=s3@group-5172BA8D467F-SegmentedRaftLog:CLOSED:c3, conf=3: [s5:0.0.0.0:37411, s6:0.0.0.0:44864, s0:0.0.0.0:36205, s1:0.0.0.0:40678, s2:0.0.0.0:37393], old=null CLOSED
  s4:   CLOSED CANDIDATE s4@group-5172BA8D467F:t3, leader=null, voted=s4, raftlog=s4@group-5172BA8D467F-SegmentedRaftLog:CLOSED:c1, conf=1: [s5:0.0.0.0:37411, s6:0.0.0.0:44864, s0:0.0.0.0:36205, s1:0.0.0.0:40678, s2:0.0.0.0:37393], old=[s3:0.0.0.0:37437, s4:0.0.0.0:38885, s0:0.0.0.0:36205, s1:0.0.0.0:40678, s2:0.0.0.0:37393] CLOSED
  s5:  RUNNING  FOLLOWER s5@group-5172BA8D467F:t2, leader=s6, voted=s6, raftlog=s5@group-5172BA8D467F-SegmentedRaftLog:OPENED:c6,f6,i6, conf=5: [s5:0.0.0.0:37411, s6:0.0.0.0:44864, s0:0.0.0.0:36205, s1:0.0.0.0:40678, s2:0.0.0.0:37393], old=null RUNNING
  s6:  RUNNING    LEADER s6@group-5172BA8D467F:t2, leader=s6, voted=s6, raftlog=s6@group-5172BA8D467F-SegmentedRaftLog:OPENED:c6,f6,i6, conf=5: [s5:0.0.0.0:37411, s6:0.0.0.0:44864, s0:0.0.0.0:36205, s1:0.0.0.0:40678, s2:0.0.0.0:37393], old=null RUNNING
  s0:  RUNNING CANDIDATE s0@group-5172BA8D467F:t20, leader=null, voted=s0, raftlog=s0@group-5172BA8D467F-SegmentedRaftLog:OPENED:c-1,f-1,i0, conf=-1: [s3:0.0.0.0:37437, s4:0.0.0.0:38885, s0:0.0.0.0:36205, s1:0.0.0.0:40678, s2:0.0.0.0:37393], old=null RUNNING
  s1:  RUNNING  FOLLOWER s1@group-5172BA8D467F:t2, leader=s6, voted=s6, raftlog=s1@group-5172BA8D467F-SegmentedRaftLog:OPENED:c6,f6,i6, conf=5: [s5:0.0.0.0:37411, s6:0.0.0.0:44864, s0:0.0.0.0:36205, s1:0.0.0.0:40678, s2:0.0.0.0:37393], old=null RUNNING
  s2:  RUNNING  FOLLOWER s2@group-5172BA8D467F:t2, leader=s6, voted=s6, raftlog=s2@group-5172BA8D467F-SegmentedRaftLog:OPENED:c6,f6,i6, conf=5: [s5:0.0.0.0:37411, s6:0.0.0.0:44864, s0:0.0.0.0:36205, s1:0.0.0.0:40678, s2:0.0.0.0:37393], old=null RUNNING
2019-09-26 09:45:47,728 INFO  impl.RaftServerTestUtil (RaftServerTestUtil.java:waitAndCheckNewConf(66)) - checking    LEADER s3@group-5172BA8D467F:t1, leader=s3, voted=s3, raftlog=s3@group-5172BA8D467F-SegmentedRaftLog:CLOSED:c3, conf=3: [s5:0.0.0.0:37411, s6:0.0.0.0:44864, s0:0.0.0.0:36205, s1:0.0.0.0:40678, s2:0.0.0.0:37393], old=null CLOSED
2019-09-26 09:45:47,728 INFO  impl.RaftServerTestUtil (RaftServerTestUtil.java:waitAndCheckNewConf(66)) - checking CANDIDATE s4@group-5172BA8D467F:t3, leader=null, voted=s4, raftlog=s4@group-5172BA8D467F-SegmentedRaftLog:CLOSED:c1, conf=1: [s5:0.0.0.0:37411, s6:0.0.0.0:44864, s0:0.0.0.0:36205, s1:0.0.0.0:40678, s2:0.0.0.0:37393], old=[s3:0.0.0.0:37437, s4:0.0.0.0:38885, s0:0.0.0.0:36205, s1:0.0.0.0:40678, s2:0.0.0.0:37393] CLOSED
2019-09-26 09:45:47,728 INFO  impl.RaftServerTestUtil (RaftServerTestUtil.java:waitAndCheckNewConf(66)) - checking  FOLLOWER s5@group-5172BA8D467F:t2, leader=s6, voted=s6, raftlog=s5@group-5172BA8D467F-SegmentedRaftLog:OPENED:c6,f6,i6, conf=5: [s5:0.0.0.0:37411, s6:0.0.0.0:44864, s0:0.0.0.0:36205, s1:0.0.0.0:40678, s2:0.0.0.0:37393], old=null RUNNING
2019-09-26 09:45:47,728 INFO  impl.RaftServerTestUtil (RaftServerTestUtil.java:waitAndCheckNewConf(66)) - checking    LEADER s6@group-5172BA8D467F:t2, leader=s6, voted=s6, raftlog=s6@group-5172BA8D467F-SegmentedRaftLog:OPENED:c6,f6,i6, conf=5: [s5:0.0.0.0:37411, s6:0.0.0.0:44864, s0:0.0.0.0:36205, s1:0.0.0.0:40678, s2:0.0.0.0:37393], old=null RUNNING
2019-09-26 09:45:47,729 INFO  impl.RaftServerTestUtil (RaftServerTestUtil.java:waitAndCheckNewConf(66)) - checking CANDIDATE s0@group-5172BA8D467F:t20, leader=null, voted=s0, raftlog=s0@group-5172BA8D467F-SegmentedRaftLog:OPENED:c-1,f-1,i0, conf=-1: [s3:0.0.0.0:37437, s4:0.0.0.0:38885, s0:0.0.0.0:36205, s1:0.0.0.0:40678, s2:0.0.0.0:37393], old=null RUNNING
2019-09-26 09:45:47,729 WARN  impl.RaftServerTestUtil (JavaUtils.java:attempt(158)) - FAILED "waitAndCheckNewConf", attempt #4/10: java.lang.AssertionError, sleep 1200ms and then retry.
java.lang.AssertionError
	at org.junit.Assert.fail(Assert.java:86)
	at org.junit.Assert.assertTrue(Assert.java:41)
	at org.junit.Assert.assertTrue(Assert.java:52)
	at org.apache.ratis.server.impl.RaftServerTestUtil.waitAndCheckNewConf(RaftServerTestUtil.java:76)
	at org.apache.ratis.server.impl.RaftServerTestUtil.lambda$waitAndCheckNewConf$1(RaftServerTestUtil.java:53)
	at org.apache.ratis.util.function.CheckedRunnable.lambda$asCheckedSupplier$0(CheckedRunnable.java:32)
	at org.apache.ratis.util.JavaUtils.attempt(JavaUtils.java:152)
	at org.apache.ratis.util.JavaUtils.attempt(JavaUtils.java:172)
	at org.apache.ratis.server.impl.RaftServerTestUtil.waitAndCheckNewConf(RaftServerTestUtil.java:53)
	at org.apache.ratis.server.impl.RaftReconfigurationBaseTest.runTestAddRemovePeers(RaftReconfigurationBaseTest.java:135)
	at org.apache.ratis.server.impl.RaftReconfigurationBaseTest.lambda$testLeaderStepDown$3(RaftReconfigurationBaseTest.java:121)
	at org.apache.ratis.MiniRaftCluster$Factory$Get.runWithNewCluster(MiniRaftCluster.java:125)
	at org.apache.ratis.MiniRaftCluster$Factory$Get.runWithNewCluster(MiniRaftCluster.java:113)
	at org.apache.ratis.server.impl.RaftReconfigurationBaseTest.testLeaderStepDown(RaftReconfigurationBaseTest.java:121)
	at sun.reflect.NativeMethodAccessorImpl.invoke0(Native Method)
	at sun.reflect.NativeMethodAccessorImpl.invoke(NativeMethodAccessorImpl.java:62)
	at sun.reflect.DelegatingMethodAccessorImpl.invoke(DelegatingMethodAccessorImpl.java:43)
	at java.lang.reflect.Method.invoke(Method.java:498)
	at org.junit.runners.model.FrameworkMethod$1.runReflectiveCall(FrameworkMethod.java:50)
	at org.junit.internal.runners.model.ReflectiveCallable.run(ReflectiveCallable.java:12)
	at org.junit.runners.model.FrameworkMethod.invokeExplosively(FrameworkMethod.java:47)
	at org.junit.internal.runners.statements.InvokeMethod.evaluate(InvokeMethod.java:17)
	at org.junit.internal.runners.statements.RunAfters.evaluate(RunAfters.java:27)
	at org.junit.internal.runners.statements.FailOnTimeout$CallableStatement.call(FailOnTimeout.java:298)
	at org.junit.internal.runners.statements.FailOnTimeout$CallableStatement.call(FailOnTimeout.java:292)
	at java.util.concurrent.FutureTask.run(FutureTask.java:266)
	at java.lang.Thread.run(Thread.java:748)
2019-09-26 09:45:47,816 INFO  impl.LeaderElection (LeaderElection.java:logAndReturn(56)) - s0@group-5172BA8D467F-LeaderElection20: Election TIMEOUT; received 0 response(s) [] and 0 exception(s); s0@group-5172BA8D467F:t20, leader=null, voted=s0, raftlog=s0@group-5172BA8D467F-SegmentedRaftLog:OPENED:c-1,f-1,i0, conf=-1: [s3:0.0.0.0:37437, s4:0.0.0.0:38885, s0:0.0.0.0:36205, s1:0.0.0.0:40678, s2:0.0.0.0:37393], old=null
2019-09-26 09:45:47,829 INFO  impl.LeaderElection (LeaderElection.java:askForVotes(178)) - s0@group-5172BA8D467F-LeaderElection20: begin an election at term 21 for -1: [s3:0.0.0.0:37437, s4:0.0.0.0:38885, s0:0.0.0.0:36205, s1:0.0.0.0:40678, s2:0.0.0.0:37393], old=null
2019-09-26 09:45:48,063 INFO  impl.LeaderElection (LeaderElection.java:logAndReturn(56)) - s0@group-5172BA8D467F-LeaderElection20: Election TIMEOUT; received 0 response(s) [] and 0 exception(s); s0@group-5172BA8D467F:t21, leader=null, voted=s0, raftlog=s0@group-5172BA8D467F-SegmentedRaftLog:OPENED:c-1,f-1,i0, conf=-1: [s3:0.0.0.0:37437, s4:0.0.0.0:38885, s0:0.0.0.0:36205, s1:0.0.0.0:40678, s2:0.0.0.0:37393], old=null
2019-09-26 09:45:48,076 INFO  impl.LeaderElection (LeaderElection.java:askForVotes(178)) - s0@group-5172BA8D467F-LeaderElection20: begin an election at term 22 for -1: [s3:0.0.0.0:37437, s4:0.0.0.0:38885, s0:0.0.0.0:36205, s1:0.0.0.0:40678, s2:0.0.0.0:37393], old=null
2019-09-26 09:45:48,282 INFO  impl.LeaderElection (LeaderElection.java:logAndReturn(56)) - s0@group-5172BA8D467F-LeaderElection20: Election TIMEOUT; received 0 response(s) [] and 0 exception(s); s0@group-5172BA8D467F:t22, leader=null, voted=s0, raftlog=s0@group-5172BA8D467F-SegmentedRaftLog:OPENED:c-1,f-1,i0, conf=-1: [s3:0.0.0.0:37437, s4:0.0.0.0:38885, s0:0.0.0.0:36205, s1:0.0.0.0:40678, s2:0.0.0.0:37393], old=null
2019-09-26 09:45:48,296 INFO  impl.LeaderElection (LeaderElection.java:askForVotes(178)) - s0@group-5172BA8D467F-LeaderElection20: begin an election at term 23 for -1: [s3:0.0.0.0:37437, s4:0.0.0.0:38885, s0:0.0.0.0:36205, s1:0.0.0.0:40678, s2:0.0.0.0:37393], old=null
2019-09-26 09:45:48,470 INFO  impl.LeaderElection (LeaderElection.java:logAndReturn(56)) - s0@group-5172BA8D467F-LeaderElection20: Election TIMEOUT; received 0 response(s) [] and 0 exception(s); s0@group-5172BA8D467F:t23, leader=null, voted=s0, raftlog=s0@group-5172BA8D467F-SegmentedRaftLog:OPENED:c-1,f-1,i0, conf=-1: [s3:0.0.0.0:37437, s4:0.0.0.0:38885, s0:0.0.0.0:36205, s1:0.0.0.0:40678, s2:0.0.0.0:37393], old=null
2019-09-26 09:45:48,482 INFO  impl.LeaderElection (LeaderElection.java:askForVotes(178)) - s0@group-5172BA8D467F-LeaderElection20: begin an election at term 24 for -1: [s3:0.0.0.0:37437, s4:0.0.0.0:38885, s0:0.0.0.0:36205, s1:0.0.0.0:40678, s2:0.0.0.0:37393], old=null
2019-09-26 09:45:48,714 INFO  impl.LeaderElection (LeaderElection.java:logAndReturn(56)) - s0@group-5172BA8D467F-LeaderElection20: Election TIMEOUT; received 0 response(s) [] and 0 exception(s); s0@group-5172BA8D467F:t24, leader=null, voted=s0, raftlog=s0@group-5172BA8D467F-SegmentedRaftLog:OPENED:c-1,f-1,i0, conf=-1: [s3:0.0.0.0:37437, s4:0.0.0.0:38885, s0:0.0.0.0:36205, s1:0.0.0.0:40678, s2:0.0.0.0:37393], old=null
2019-09-26 09:45:48,728 INFO  impl.LeaderElection (LeaderElection.java:askForVotes(178)) - s0@group-5172BA8D467F-LeaderElection20: begin an election at term 25 for -1: [s3:0.0.0.0:37437, s4:0.0.0.0:38885, s0:0.0.0.0:36205, s1:0.0.0.0:40678, s2:0.0.0.0:37393], old=null
2019-09-26 09:45:48,888 INFO  impl.LeaderElection (LeaderElection.java:logAndReturn(56)) - s0@group-5172BA8D467F-LeaderElection20: Election TIMEOUT; received 0 response(s) [] and 0 exception(s); s0@group-5172BA8D467F:t25, leader=null, voted=s0, raftlog=s0@group-5172BA8D467F-SegmentedRaftLog:OPENED:c-1,f-1,i0, conf=-1: [s3:0.0.0.0:37437, s4:0.0.0.0:38885, s0:0.0.0.0:36205, s1:0.0.0.0:40678, s2:0.0.0.0:37393], old=null
2019-09-26 09:45:48,902 INFO  impl.LeaderElection (LeaderElection.java:askForVotes(178)) - s0@group-5172BA8D467F-LeaderElection20: begin an election at term 26 for -1: [s3:0.0.0.0:37437, s4:0.0.0.0:38885, s0:0.0.0.0:36205, s1:0.0.0.0:40678, s2:0.0.0.0:37393], old=null
2019-09-26 09:45:48,930 INFO  impl.RaftServerTestUtil (RaftServerTestUtil.java:waitAndCheckNewConf(58)) - waitAndCheckNewConf: peers=[s5:0.0.0.0:37411, s6:0.0.0.0:44864, s0:0.0.0.0:36205, s1:0.0.0.0:40678, s2:0.0.0.0:37393], deadPeers=null, printing ALL groups
  s3:  RUNNING    LEADER s3@group-5172BA8D467F:t1, leader=s3, voted=s3, raftlog=s3@group-5172BA8D467F-SegmentedRaftLog:CLOSED:c3, conf=3: [s5:0.0.0.0:37411, s6:0.0.0.0:44864, s0:0.0.0.0:36205, s1:0.0.0.0:40678, s2:0.0.0.0:37393], old=null CLOSED
  s4:   CLOSED CANDIDATE s4@group-5172BA8D467F:t3, leader=null, voted=s4, raftlog=s4@group-5172BA8D467F-SegmentedRaftLog:CLOSED:c1, conf=1: [s5:0.0.0.0:37411, s6:0.0.0.0:44864, s0:0.0.0.0:36205, s1:0.0.0.0:40678, s2:0.0.0.0:37393], old=[s3:0.0.0.0:37437, s4:0.0.0.0:38885, s0:0.0.0.0:36205, s1:0.0.0.0:40678, s2:0.0.0.0:37393] CLOSED
  s5:  RUNNING  FOLLOWER s5@group-5172BA8D467F:t2, leader=s6, voted=s6, raftlog=s5@group-5172BA8D467F-SegmentedRaftLog:OPENED:c6,f6,i6, conf=5: [s5:0.0.0.0:37411, s6:0.0.0.0:44864, s0:0.0.0.0:36205, s1:0.0.0.0:40678, s2:0.0.0.0:37393], old=null RUNNING
  s6:  RUNNING    LEADER s6@group-5172BA8D467F:t2, leader=s6, voted=s6, raftlog=s6@group-5172BA8D467F-SegmentedRaftLog:OPENED:c6,f6,i6, conf=5: [s5:0.0.0.0:37411, s6:0.0.0.0:44864, s0:0.0.0.0:36205, s1:0.0.0.0:40678, s2:0.0.0.0:37393], old=null RUNNING
  s0:  RUNNING CANDIDATE s0@group-5172BA8D467F:t26, leader=null, voted=s0, raftlog=s0@group-5172BA8D467F-SegmentedRaftLog:OPENED:c-1,f-1,i0, conf=-1: [s3:0.0.0.0:37437, s4:0.0.0.0:38885, s0:0.0.0.0:36205, s1:0.0.0.0:40678, s2:0.0.0.0:37393], old=null RUNNING
  s1:  RUNNING  FOLLOWER s1@group-5172BA8D467F:t2, leader=s6, voted=s6, raftlog=s1@group-5172BA8D467F-SegmentedRaftLog:OPENED:c6,f6,i6, conf=5: [s5:0.0.0.0:37411, s6:0.0.0.0:44864, s0:0.0.0.0:36205, s1:0.0.0.0:40678, s2:0.0.0.0:37393], old=null RUNNING
  s2:  RUNNING  FOLLOWER s2@group-5172BA8D467F:t2, leader=s6, voted=s6, raftlog=s2@group-5172BA8D467F-SegmentedRaftLog:OPENED:c6,f6,i6, conf=5: [s5:0.0.0.0:37411, s6:0.0.0.0:44864, s0:0.0.0.0:36205, s1:0.0.0.0:40678, s2:0.0.0.0:37393], old=null RUNNING
2019-09-26 09:45:48,931 INFO  impl.RaftServerTestUtil (RaftServerTestUtil.java:waitAndCheckNewConf(66)) - checking    LEADER s3@group-5172BA8D467F:t1, leader=s3, voted=s3, raftlog=s3@group-5172BA8D467F-SegmentedRaftLog:CLOSED:c3, conf=3: [s5:0.0.0.0:37411, s6:0.0.0.0:44864, s0:0.0.0.0:36205, s1:0.0.0.0:40678, s2:0.0.0.0:37393], old=null CLOSED
2019-09-26 09:45:48,931 INFO  impl.RaftServerTestUtil (RaftServerTestUtil.java:waitAndCheckNewConf(66)) - checking CANDIDATE s4@group-5172BA8D467F:t3, leader=null, voted=s4, raftlog=s4@group-5172BA8D467F-SegmentedRaftLog:CLOSED:c1, conf=1: [s5:0.0.0.0:37411, s6:0.0.0.0:44864, s0:0.0.0.0:36205, s1:0.0.0.0:40678, s2:0.0.0.0:37393], old=[s3:0.0.0.0:37437, s4:0.0.0.0:38885, s0:0.0.0.0:36205, s1:0.0.0.0:40678, s2:0.0.0.0:37393] CLOSED
2019-09-26 09:45:48,932 INFO  impl.RaftServerTestUtil (RaftServerTestUtil.java:waitAndCheckNewConf(66)) - checking  FOLLOWER s5@group-5172BA8D467F:t2, leader=s6, voted=s6, raftlog=s5@group-5172BA8D467F-SegmentedRaftLog:OPENED:c6,f6,i6, conf=5: [s5:0.0.0.0:37411, s6:0.0.0.0:44864, s0:0.0.0.0:36205, s1:0.0.0.0:40678, s2:0.0.0.0:37393], old=null RUNNING
2019-09-26 09:45:48,932 INFO  impl.RaftServerTestUtil (RaftServerTestUtil.java:waitAndCheckNewConf(66)) - checking    LEADER s6@group-5172BA8D467F:t2, leader=s6, voted=s6, raftlog=s6@group-5172BA8D467F-SegmentedRaftLog:OPENED:c6,f6,i6, conf=5: [s5:0.0.0.0:37411, s6:0.0.0.0:44864, s0:0.0.0.0:36205, s1:0.0.0.0:40678, s2:0.0.0.0:37393], old=null RUNNING
2019-09-26 09:45:48,932 INFO  impl.RaftServerTestUtil (RaftServerTestUtil.java:waitAndCheckNewConf(66)) - checking CANDIDATE s0@group-5172BA8D467F:t26, leader=null, voted=s0, raftlog=s0@group-5172BA8D467F-SegmentedRaftLog:OPENED:c-1,f-1,i0, conf=-1: [s3:0.0.0.0:37437, s4:0.0.0.0:38885, s0:0.0.0.0:36205, s1:0.0.0.0:40678, s2:0.0.0.0:37393], old=null RUNNING
2019-09-26 09:45:48,933 WARN  impl.RaftServerTestUtil (JavaUtils.java:attempt(158)) - FAILED "waitAndCheckNewConf", attempt #5/10: java.lang.AssertionError, sleep 1200ms and then retry.
java.lang.AssertionError
	at org.junit.Assert.fail(Assert.java:86)
	at org.junit.Assert.assertTrue(Assert.java:41)
	at org.junit.Assert.assertTrue(Assert.java:52)
	at org.apache.ratis.server.impl.RaftServerTestUtil.waitAndCheckNewConf(RaftServerTestUtil.java:76)
	at org.apache.ratis.server.impl.RaftServerTestUtil.lambda$waitAndCheckNewConf$1(RaftServerTestUtil.java:53)
	at org.apache.ratis.util.function.CheckedRunnable.lambda$asCheckedSupplier$0(CheckedRunnable.java:32)
	at org.apache.ratis.util.JavaUtils.attempt(JavaUtils.java:152)
	at org.apache.ratis.util.JavaUtils.attempt(JavaUtils.java:172)
	at org.apache.ratis.server.impl.RaftServerTestUtil.waitAndCheckNewConf(RaftServerTestUtil.java:53)
	at org.apache.ratis.server.impl.RaftReconfigurationBaseTest.runTestAddRemovePeers(RaftReconfigurationBaseTest.java:135)
	at org.apache.ratis.server.impl.RaftReconfigurationBaseTest.lambda$testLeaderStepDown$3(RaftReconfigurationBaseTest.java:121)
	at org.apache.ratis.MiniRaftCluster$Factory$Get.runWithNewCluster(MiniRaftCluster.java:125)
	at org.apache.ratis.MiniRaftCluster$Factory$Get.runWithNewCluster(MiniRaftCluster.java:113)
	at org.apache.ratis.server.impl.RaftReconfigurationBaseTest.testLeaderStepDown(RaftReconfigurationBaseTest.java:121)
	at sun.reflect.NativeMethodAccessorImpl.invoke0(Native Method)
	at sun.reflect.NativeMethodAccessorImpl.invoke(NativeMethodAccessorImpl.java:62)
	at sun.reflect.DelegatingMethodAccessorImpl.invoke(DelegatingMethodAccessorImpl.java:43)
	at java.lang.reflect.Method.invoke(Method.java:498)
	at org.junit.runners.model.FrameworkMethod$1.runReflectiveCall(FrameworkMethod.java:50)
	at org.junit.internal.runners.model.ReflectiveCallable.run(ReflectiveCallable.java:12)
	at org.junit.runners.model.FrameworkMethod.invokeExplosively(FrameworkMethod.java:47)
	at org.junit.internal.runners.statements.InvokeMethod.evaluate(InvokeMethod.java:17)
	at org.junit.internal.runners.statements.RunAfters.evaluate(RunAfters.java:27)
	at org.junit.internal.runners.statements.FailOnTimeout$CallableStatement.call(FailOnTimeout.java:298)
	at org.junit.internal.runners.statements.FailOnTimeout$CallableStatement.call(FailOnTimeout.java:292)
	at java.util.concurrent.FutureTask.run(FutureTask.java:266)
	at java.lang.Thread.run(Thread.java:748)
2019-09-26 09:45:49,146 INFO  impl.LeaderElection (LeaderElection.java:logAndReturn(56)) - s0@group-5172BA8D467F-LeaderElection20: Election TIMEOUT; received 0 response(s) [] and 0 exception(s); s0@group-5172BA8D467F:t26, leader=null, voted=s0, raftlog=s0@group-5172BA8D467F-SegmentedRaftLog:OPENED:c-1,f-1,i0, conf=-1: [s3:0.0.0.0:37437, s4:0.0.0.0:38885, s0:0.0.0.0:36205, s1:0.0.0.0:40678, s2:0.0.0.0:37393], old=null
2019-09-26 09:45:49,160 INFO  impl.LeaderElection (LeaderElection.java:askForVotes(178)) - s0@group-5172BA8D467F-LeaderElection20: begin an election at term 27 for -1: [s3:0.0.0.0:37437, s4:0.0.0.0:38885, s0:0.0.0.0:36205, s1:0.0.0.0:40678, s2:0.0.0.0:37393], old=null
2019-09-26 09:45:49,439 INFO  impl.LeaderElection (LeaderElection.java:logAndReturn(56)) - s0@group-5172BA8D467F-LeaderElection20: Election TIMEOUT; received 0 response(s) [] and 0 exception(s); s0@group-5172BA8D467F:t27, leader=null, voted=s0, raftlog=s0@group-5172BA8D467F-SegmentedRaftLog:OPENED:c-1,f-1,i0, conf=-1: [s3:0.0.0.0:37437, s4:0.0.0.0:38885, s0:0.0.0.0:36205, s1:0.0.0.0:40678, s2:0.0.0.0:37393], old=null
2019-09-26 09:45:49,453 INFO  impl.LeaderElection (LeaderElection.java:askForVotes(178)) - s0@group-5172BA8D467F-LeaderElection20: begin an election at term 28 for -1: [s3:0.0.0.0:37437, s4:0.0.0.0:38885, s0:0.0.0.0:36205, s1:0.0.0.0:40678, s2:0.0.0.0:37393], old=null
2019-09-26 09:45:49,735 INFO  impl.LeaderElection (LeaderElection.java:logAndReturn(56)) - s0@group-5172BA8D467F-LeaderElection20: Election TIMEOUT; received 0 response(s) [] and 0 exception(s); s0@group-5172BA8D467F:t28, leader=null, voted=s0, raftlog=s0@group-5172BA8D467F-SegmentedRaftLog:OPENED:c-1,f-1,i0, conf=-1: [s3:0.0.0.0:37437, s4:0.0.0.0:38885, s0:0.0.0.0:36205, s1:0.0.0.0:40678, s2:0.0.0.0:37393], old=null
2019-09-26 09:45:49,749 INFO  impl.LeaderElection (LeaderElection.java:askForVotes(178)) - s0@group-5172BA8D467F-LeaderElection20: begin an election at term 29 for -1: [s3:0.0.0.0:37437, s4:0.0.0.0:38885, s0:0.0.0.0:36205, s1:0.0.0.0:40678, s2:0.0.0.0:37393], old=null
2019-09-26 09:45:49,979 INFO  impl.LeaderElection (LeaderElection.java:logAndReturn(56)) - s0@group-5172BA8D467F-LeaderElection20: Election TIMEOUT; received 0 response(s) [] and 0 exception(s); s0@group-5172BA8D467F:t29, leader=null, voted=s0, raftlog=s0@group-5172BA8D467F-SegmentedRaftLog:OPENED:c-1,f-1,i0, conf=-1: [s3:0.0.0.0:37437, s4:0.0.0.0:38885, s0:0.0.0.0:36205, s1:0.0.0.0:40678, s2:0.0.0.0:37393], old=null
2019-09-26 09:45:49,996 INFO  impl.LeaderElection (LeaderElection.java:askForVotes(178)) - s0@group-5172BA8D467F-LeaderElection20: begin an election at term 30 for -1: [s3:0.0.0.0:37437, s4:0.0.0.0:38885, s0:0.0.0.0:36205, s1:0.0.0.0:40678, s2:0.0.0.0:37393], old=null
2019-09-26 09:45:50,134 INFO  impl.RaftServerTestUtil (RaftServerTestUtil.java:waitAndCheckNewConf(58)) - waitAndCheckNewConf: peers=[s5:0.0.0.0:37411, s6:0.0.0.0:44864, s0:0.0.0.0:36205, s1:0.0.0.0:40678, s2:0.0.0.0:37393], deadPeers=null, printing ALL groups
  s3:  RUNNING    LEADER s3@group-5172BA8D467F:t1, leader=s3, voted=s3, raftlog=s3@group-5172BA8D467F-SegmentedRaftLog:CLOSED:c3, conf=3: [s5:0.0.0.0:37411, s6:0.0.0.0:44864, s0:0.0.0.0:36205, s1:0.0.0.0:40678, s2:0.0.0.0:37393], old=null CLOSED
  s4:   CLOSED CANDIDATE s4@group-5172BA8D467F:t3, leader=null, voted=s4, raftlog=s4@group-5172BA8D467F-SegmentedRaftLog:CLOSED:c1, conf=1: [s5:0.0.0.0:37411, s6:0.0.0.0:44864, s0:0.0.0.0:36205, s1:0.0.0.0:40678, s2:0.0.0.0:37393], old=[s3:0.0.0.0:37437, s4:0.0.0.0:38885, s0:0.0.0.0:36205, s1:0.0.0.0:40678, s2:0.0.0.0:37393] CLOSED
  s5:  RUNNING  FOLLOWER s5@group-5172BA8D467F:t2, leader=s6, voted=s6, raftlog=s5@group-5172BA8D467F-SegmentedRaftLog:OPENED:c6,f6,i6, conf=5: [s5:0.0.0.0:37411, s6:0.0.0.0:44864, s0:0.0.0.0:36205, s1:0.0.0.0:40678, s2:0.0.0.0:37393], old=null RUNNING
  s6:  RUNNING    LEADER s6@group-5172BA8D467F:t2, leader=s6, voted=s6, raftlog=s6@group-5172BA8D467F-SegmentedRaftLog:OPENED:c6,f6,i6, conf=5: [s5:0.0.0.0:37411, s6:0.0.0.0:44864, s0:0.0.0.0:36205, s1:0.0.0.0:40678, s2:0.0.0.0:37393], old=null RUNNING
  s0:  RUNNING CANDIDATE s0@group-5172BA8D467F:t30, leader=null, voted=s0, raftlog=s0@group-5172BA8D467F-SegmentedRaftLog:OPENED:c-1,f-1,i0, conf=-1: [s3:0.0.0.0:37437, s4:0.0.0.0:38885, s0:0.0.0.0:36205, s1:0.0.0.0:40678, s2:0.0.0.0:37393], old=null RUNNING
  s1:  RUNNING  FOLLOWER s1@group-5172BA8D467F:t2, leader=s6, voted=s6, raftlog=s1@group-5172BA8D467F-SegmentedRaftLog:OPENED:c6,f6,i6, conf=5: [s5:0.0.0.0:37411, s6:0.0.0.0:44864, s0:0.0.0.0:36205, s1:0.0.0.0:40678, s2:0.0.0.0:37393], old=null RUNNING
  s2:  RUNNING  FOLLOWER s2@group-5172BA8D467F:t2, leader=s6, voted=s6, raftlog=s2@group-5172BA8D467F-SegmentedRaftLog:OPENED:c6,f6,i6, conf=5: [s5:0.0.0.0:37411, s6:0.0.0.0:44864, s0:0.0.0.0:36205, s1:0.0.0.0:40678, s2:0.0.0.0:37393], old=null RUNNING
2019-09-26 09:45:50,135 INFO  impl.RaftServerTestUtil (RaftServerTestUtil.java:waitAndCheckNewConf(66)) - checking    LEADER s3@group-5172BA8D467F:t1, leader=s3, voted=s3, raftlog=s3@group-5172BA8D467F-SegmentedRaftLog:CLOSED:c3, conf=3: [s5:0.0.0.0:37411, s6:0.0.0.0:44864, s0:0.0.0.0:36205, s1:0.0.0.0:40678, s2:0.0.0.0:37393], old=null CLOSED
2019-09-26 09:45:50,135 INFO  impl.RaftServerTestUtil (RaftServerTestUtil.java:waitAndCheckNewConf(66)) - checking CANDIDATE s4@group-5172BA8D467F:t3, leader=null, voted=s4, raftlog=s4@group-5172BA8D467F-SegmentedRaftLog:CLOSED:c1, conf=1: [s5:0.0.0.0:37411, s6:0.0.0.0:44864, s0:0.0.0.0:36205, s1:0.0.0.0:40678, s2:0.0.0.0:37393], old=[s3:0.0.0.0:37437, s4:0.0.0.0:38885, s0:0.0.0.0:36205, s1:0.0.0.0:40678, s2:0.0.0.0:37393] CLOSED
2019-09-26 09:45:50,136 INFO  impl.RaftServerTestUtil (RaftServerTestUtil.java:waitAndCheckNewConf(66)) - checking  FOLLOWER s5@group-5172BA8D467F:t2, leader=s6, voted=s6, raftlog=s5@group-5172BA8D467F-SegmentedRaftLog:OPENED:c6,f6,i6, conf=5: [s5:0.0.0.0:37411, s6:0.0.0.0:44864, s0:0.0.0.0:36205, s1:0.0.0.0:40678, s2:0.0.0.0:37393], old=null RUNNING
2019-09-26 09:45:50,136 INFO  impl.RaftServerTestUtil (RaftServerTestUtil.java:waitAndCheckNewConf(66)) - checking    LEADER s6@group-5172BA8D467F:t2, leader=s6, voted=s6, raftlog=s6@group-5172BA8D467F-SegmentedRaftLog:OPENED:c6,f6,i6, conf=5: [s5:0.0.0.0:37411, s6:0.0.0.0:44864, s0:0.0.0.0:36205, s1:0.0.0.0:40678, s2:0.0.0.0:37393], old=null RUNNING
2019-09-26 09:45:50,136 INFO  impl.RaftServerTestUtil (RaftServerTestUtil.java:waitAndCheckNewConf(66)) - checking CANDIDATE s0@group-5172BA8D467F:t30, leader=null, voted=s0, raftlog=s0@group-5172BA8D467F-SegmentedRaftLog:OPENED:c-1,f-1,i0, conf=-1: [s3:0.0.0.0:37437, s4:0.0.0.0:38885, s0:0.0.0.0:36205, s1:0.0.0.0:40678, s2:0.0.0.0:37393], old=null RUNNING
2019-09-26 09:45:50,136 WARN  impl.RaftServerTestUtil (JavaUtils.java:attempt(158)) - FAILED "waitAndCheckNewConf", attempt #6/10: java.lang.AssertionError, sleep 1200ms and then retry.
java.lang.AssertionError
	at org.junit.Assert.fail(Assert.java:86)
	at org.junit.Assert.assertTrue(Assert.java:41)
	at org.junit.Assert.assertTrue(Assert.java:52)
	at org.apache.ratis.server.impl.RaftServerTestUtil.waitAndCheckNewConf(RaftServerTestUtil.java:76)
	at org.apache.ratis.server.impl.RaftServerTestUtil.lambda$waitAndCheckNewConf$1(RaftServerTestUtil.java:53)
	at org.apache.ratis.util.function.CheckedRunnable.lambda$asCheckedSupplier$0(CheckedRunnable.java:32)
	at org.apache.ratis.util.JavaUtils.attempt(JavaUtils.java:152)
	at org.apache.ratis.util.JavaUtils.attempt(JavaUtils.java:172)
	at org.apache.ratis.server.impl.RaftServerTestUtil.waitAndCheckNewConf(RaftServerTestUtil.java:53)
	at org.apache.ratis.server.impl.RaftReconfigurationBaseTest.runTestAddRemovePeers(RaftReconfigurationBaseTest.java:135)
	at org.apache.ratis.server.impl.RaftReconfigurationBaseTest.lambda$testLeaderStepDown$3(RaftReconfigurationBaseTest.java:121)
	at org.apache.ratis.MiniRaftCluster$Factory$Get.runWithNewCluster(MiniRaftCluster.java:125)
	at org.apache.ratis.MiniRaftCluster$Factory$Get.runWithNewCluster(MiniRaftCluster.java:113)
	at org.apache.ratis.server.impl.RaftReconfigurationBaseTest.testLeaderStepDown(RaftReconfigurationBaseTest.java:121)
	at sun.reflect.NativeMethodAccessorImpl.invoke0(Native Method)
	at sun.reflect.NativeMethodAccessorImpl.invoke(NativeMethodAccessorImpl.java:62)
	at sun.reflect.DelegatingMethodAccessorImpl.invoke(DelegatingMethodAccessorImpl.java:43)
	at java.lang.reflect.Method.invoke(Method.java:498)
	at org.junit.runners.model.FrameworkMethod$1.runReflectiveCall(FrameworkMethod.java:50)
	at org.junit.internal.runners.model.ReflectiveCallable.run(ReflectiveCallable.java:12)
	at org.junit.runners.model.FrameworkMethod.invokeExplosively(FrameworkMethod.java:47)
	at org.junit.internal.runners.statements.InvokeMethod.evaluate(InvokeMethod.java:17)
	at org.junit.internal.runners.statements.RunAfters.evaluate(RunAfters.java:27)
	at org.junit.internal.runners.statements.FailOnTimeout$CallableStatement.call(FailOnTimeout.java:298)
	at org.junit.internal.runners.statements.FailOnTimeout$CallableStatement.call(FailOnTimeout.java:292)
	at java.util.concurrent.FutureTask.run(FutureTask.java:266)
	at java.lang.Thread.run(Thread.java:748)
2019-09-26 09:45:50,286 INFO  impl.LeaderElection (LeaderElection.java:logAndReturn(56)) - s0@group-5172BA8D467F-LeaderElection20: Election TIMEOUT; received 0 response(s) [] and 0 exception(s); s0@group-5172BA8D467F:t30, leader=null, voted=s0, raftlog=s0@group-5172BA8D467F-SegmentedRaftLog:OPENED:c-1,f-1,i0, conf=-1: [s3:0.0.0.0:37437, s4:0.0.0.0:38885, s0:0.0.0.0:36205, s1:0.0.0.0:40678, s2:0.0.0.0:37393], old=null
2019-09-26 09:45:50,311 INFO  impl.LeaderElection (LeaderElection.java:askForVotes(178)) - s0@group-5172BA8D467F-LeaderElection20: begin an election at term 31 for -1: [s3:0.0.0.0:37437, s4:0.0.0.0:38885, s0:0.0.0.0:36205, s1:0.0.0.0:40678, s2:0.0.0.0:37393], old=null
2019-09-26 09:45:50,536 INFO  impl.LeaderElection (LeaderElection.java:logAndReturn(56)) - s0@group-5172BA8D467F-LeaderElection20: Election TIMEOUT; received 0 response(s) [] and 0 exception(s); s0@group-5172BA8D467F:t31, leader=null, voted=s0, raftlog=s0@group-5172BA8D467F-SegmentedRaftLog:OPENED:c-1,f-1,i0, conf=-1: [s3:0.0.0.0:37437, s4:0.0.0.0:38885, s0:0.0.0.0:36205, s1:0.0.0.0:40678, s2:0.0.0.0:37393], old=null
2019-09-26 09:45:50,549 INFO  impl.LeaderElection (LeaderElection.java:askForVotes(178)) - s0@group-5172BA8D467F-LeaderElection20: begin an election at term 32 for -1: [s3:0.0.0.0:37437, s4:0.0.0.0:38885, s0:0.0.0.0:36205, s1:0.0.0.0:40678, s2:0.0.0.0:37393], old=null
2019-09-26 09:45:50,803 INFO  impl.LeaderElection (LeaderElection.java:logAndReturn(56)) - s0@group-5172BA8D467F-LeaderElection20: Election TIMEOUT; received 0 response(s) [] and 0 exception(s); s0@group-5172BA8D467F:t32, leader=null, voted=s0, raftlog=s0@group-5172BA8D467F-SegmentedRaftLog:OPENED:c-1,f-1,i0, conf=-1: [s3:0.0.0.0:37437, s4:0.0.0.0:38885, s0:0.0.0.0:36205, s1:0.0.0.0:40678, s2:0.0.0.0:37393], old=null
2019-09-26 09:45:50,817 INFO  impl.LeaderElection (LeaderElection.java:askForVotes(178)) - s0@group-5172BA8D467F-LeaderElection20: begin an election at term 33 for -1: [s3:0.0.0.0:37437, s4:0.0.0.0:38885, s0:0.0.0.0:36205, s1:0.0.0.0:40678, s2:0.0.0.0:37393], old=null
2019-09-26 09:45:51,042 INFO  impl.LeaderElection (LeaderElection.java:logAndReturn(56)) - s0@group-5172BA8D467F-LeaderElection20: Election TIMEOUT; received 0 response(s) [] and 0 exception(s); s0@group-5172BA8D467F:t33, leader=null, voted=s0, raftlog=s0@group-5172BA8D467F-SegmentedRaftLog:OPENED:c-1,f-1,i0, conf=-1: [s3:0.0.0.0:37437, s4:0.0.0.0:38885, s0:0.0.0.0:36205, s1:0.0.0.0:40678, s2:0.0.0.0:37393], old=null
2019-09-26 09:45:51,056 INFO  impl.LeaderElection (LeaderElection.java:askForVotes(178)) - s0@group-5172BA8D467F-LeaderElection20: begin an election at term 34 for -1: [s3:0.0.0.0:37437, s4:0.0.0.0:38885, s0:0.0.0.0:36205, s1:0.0.0.0:40678, s2:0.0.0.0:37393], old=null
2019-09-26 09:45:51,338 INFO  impl.RaftServerTestUtil (RaftServerTestUtil.java:waitAndCheckNewConf(58)) - waitAndCheckNewConf: peers=[s5:0.0.0.0:37411, s6:0.0.0.0:44864, s0:0.0.0.0:36205, s1:0.0.0.0:40678, s2:0.0.0.0:37393], deadPeers=null, printing ALL groups
  s3:  RUNNING    LEADER s3@group-5172BA8D467F:t1, leader=s3, voted=s3, raftlog=s3@group-5172BA8D467F-SegmentedRaftLog:CLOSED:c3, conf=3: [s5:0.0.0.0:37411, s6:0.0.0.0:44864, s0:0.0.0.0:36205, s1:0.0.0.0:40678, s2:0.0.0.0:37393], old=null CLOSED
  s4:   CLOSED CANDIDATE s4@group-5172BA8D467F:t3, leader=null, voted=s4, raftlog=s4@group-5172BA8D467F-SegmentedRaftLog:CLOSED:c1, conf=1: [s5:0.0.0.0:37411, s6:0.0.0.0:44864, s0:0.0.0.0:36205, s1:0.0.0.0:40678, s2:0.0.0.0:37393], old=[s3:0.0.0.0:37437, s4:0.0.0.0:38885, s0:0.0.0.0:36205, s1:0.0.0.0:40678, s2:0.0.0.0:37393] CLOSED
  s5:  RUNNING  FOLLOWER s5@group-5172BA8D467F:t2, leader=s6, voted=s6, raftlog=s5@group-5172BA8D467F-SegmentedRaftLog:OPENED:c6,f6,i6, conf=5: [s5:0.0.0.0:37411, s6:0.0.0.0:44864, s0:0.0.0.0:36205, s1:0.0.0.0:40678, s2:0.0.0.0:37393], old=null RUNNING
  s6:  RUNNING    LEADER s6@group-5172BA8D467F:t2, leader=s6, voted=s6, raftlog=s6@group-5172BA8D467F-SegmentedRaftLog:OPENED:c6,f6,i6, conf=5: [s5:0.0.0.0:37411, s6:0.0.0.0:44864, s0:0.0.0.0:36205, s1:0.0.0.0:40678, s2:0.0.0.0:37393], old=null RUNNING
  s0:  RUNNING CANDIDATE s0@group-5172BA8D467F:t34, leader=null, voted=s0, raftlog=s0@group-5172BA8D467F-SegmentedRaftLog:OPENED:c-1,f-1,i0, conf=-1: [s3:0.0.0.0:37437, s4:0.0.0.0:38885, s0:0.0.0.0:36205, s1:0.0.0.0:40678, s2:0.0.0.0:37393], old=null RUNNING
  s1:  RUNNING  FOLLOWER s1@group-5172BA8D467F:t2, leader=s6, voted=s6, raftlog=s1@group-5172BA8D467F-SegmentedRaftLog:OPENED:c6,f6,i6, conf=5: [s5:0.0.0.0:37411, s6:0.0.0.0:44864, s0:0.0.0.0:36205, s1:0.0.0.0:40678, s2:0.0.0.0:37393], old=null RUNNING
  s2:  RUNNING  FOLLOWER s2@group-5172BA8D467F:t2, leader=s6, voted=s6, raftlog=s2@group-5172BA8D467F-SegmentedRaftLog:OPENED:c6,f6,i6, conf=5: [s5:0.0.0.0:37411, s6:0.0.0.0:44864, s0:0.0.0.0:36205, s1:0.0.0.0:40678, s2:0.0.0.0:37393], old=null RUNNING
2019-09-26 09:45:51,338 INFO  impl.RaftServerTestUtil (RaftServerTestUtil.java:waitAndCheckNewConf(66)) - checking    LEADER s3@group-5172BA8D467F:t1, leader=s3, voted=s3, raftlog=s3@group-5172BA8D467F-SegmentedRaftLog:CLOSED:c3, conf=3: [s5:0.0.0.0:37411, s6:0.0.0.0:44864, s0:0.0.0.0:36205, s1:0.0.0.0:40678, s2:0.0.0.0:37393], old=null CLOSED
2019-09-26 09:45:51,338 INFO  impl.RaftServerTestUtil (RaftServerTestUtil.java:waitAndCheckNewConf(66)) - checking CANDIDATE s4@group-5172BA8D467F:t3, leader=null, voted=s4, raftlog=s4@group-5172BA8D467F-SegmentedRaftLog:CLOSED:c1, conf=1: [s5:0.0.0.0:37411, s6:0.0.0.0:44864, s0:0.0.0.0:36205, s1:0.0.0.0:40678, s2:0.0.0.0:37393], old=[s3:0.0.0.0:37437, s4:0.0.0.0:38885, s0:0.0.0.0:36205, s1:0.0.0.0:40678, s2:0.0.0.0:37393] CLOSED
2019-09-26 09:45:51,339 INFO  impl.RaftServerTestUtil (RaftServerTestUtil.java:waitAndCheckNewConf(66)) - checking  FOLLOWER s5@group-5172BA8D467F:t2, leader=s6, voted=s6, raftlog=s5@group-5172BA8D467F-SegmentedRaftLog:OPENED:c6,f6,i6, conf=5: [s5:0.0.0.0:37411, s6:0.0.0.0:44864, s0:0.0.0.0:36205, s1:0.0.0.0:40678, s2:0.0.0.0:37393], old=null RUNNING
2019-09-26 09:45:51,339 INFO  impl.RaftServerTestUtil (RaftServerTestUtil.java:waitAndCheckNewConf(66)) - checking    LEADER s6@group-5172BA8D467F:t2, leader=s6, voted=s6, raftlog=s6@group-5172BA8D467F-SegmentedRaftLog:OPENED:c6,f6,i6, conf=5: [s5:0.0.0.0:37411, s6:0.0.0.0:44864, s0:0.0.0.0:36205, s1:0.0.0.0:40678, s2:0.0.0.0:37393], old=null RUNNING
2019-09-26 09:45:51,339 INFO  impl.RaftServerTestUtil (RaftServerTestUtil.java:waitAndCheckNewConf(66)) - checking CANDIDATE s0@group-5172BA8D467F:t34, leader=null, voted=s0, raftlog=s0@group-5172BA8D467F-SegmentedRaftLog:OPENED:c-1,f-1,i0, conf=-1: [s3:0.0.0.0:37437, s4:0.0.0.0:38885, s0:0.0.0.0:36205, s1:0.0.0.0:40678, s2:0.0.0.0:37393], old=null RUNNING
2019-09-26 09:45:51,339 WARN  impl.RaftServerTestUtil (JavaUtils.java:attempt(158)) - FAILED "waitAndCheckNewConf", attempt #7/10: java.lang.AssertionError, sleep 1200ms and then retry.
java.lang.AssertionError
	at org.junit.Assert.fail(Assert.java:86)
	at org.junit.Assert.assertTrue(Assert.java:41)
	at org.junit.Assert.assertTrue(Assert.java:52)
	at org.apache.ratis.server.impl.RaftServerTestUtil.waitAndCheckNewConf(RaftServerTestUtil.java:76)
	at org.apache.ratis.server.impl.RaftServerTestUtil.lambda$waitAndCheckNewConf$1(RaftServerTestUtil.java:53)
	at org.apache.ratis.util.function.CheckedRunnable.lambda$asCheckedSupplier$0(CheckedRunnable.java:32)
	at org.apache.ratis.util.JavaUtils.attempt(JavaUtils.java:152)
	at org.apache.ratis.util.JavaUtils.attempt(JavaUtils.java:172)
	at org.apache.ratis.server.impl.RaftServerTestUtil.waitAndCheckNewConf(RaftServerTestUtil.java:53)
	at org.apache.ratis.server.impl.RaftReconfigurationBaseTest.runTestAddRemovePeers(RaftReconfigurationBaseTest.java:135)
	at org.apache.ratis.server.impl.RaftReconfigurationBaseTest.lambda$testLeaderStepDown$3(RaftReconfigurationBaseTest.java:121)
	at org.apache.ratis.MiniRaftCluster$Factory$Get.runWithNewCluster(MiniRaftCluster.java:125)
	at org.apache.ratis.MiniRaftCluster$Factory$Get.runWithNewCluster(MiniRaftCluster.java:113)
	at org.apache.ratis.server.impl.RaftReconfigurationBaseTest.testLeaderStepDown(RaftReconfigurationBaseTest.java:121)
	at sun.reflect.NativeMethodAccessorImpl.invoke0(Native Method)
	at sun.reflect.NativeMethodAccessorImpl.invoke(NativeMethodAccessorImpl.java:62)
	at sun.reflect.DelegatingMethodAccessorImpl.invoke(DelegatingMethodAccessorImpl.java:43)
	at java.lang.reflect.Method.invoke(Method.java:498)
	at org.junit.runners.model.FrameworkMethod$1.runReflectiveCall(FrameworkMethod.java:50)
	at org.junit.internal.runners.model.ReflectiveCallable.run(ReflectiveCallable.java:12)
	at org.junit.runners.model.FrameworkMethod.invokeExplosively(FrameworkMethod.java:47)
	at org.junit.internal.runners.statements.InvokeMethod.evaluate(InvokeMethod.java:17)
	at org.junit.internal.runners.statements.RunAfters.evaluate(RunAfters.java:27)
	at org.junit.internal.runners.statements.FailOnTimeout$CallableStatement.call(FailOnTimeout.java:298)
	at org.junit.internal.runners.statements.FailOnTimeout$CallableStatement.call(FailOnTimeout.java:292)
	at java.util.concurrent.FutureTask.run(FutureTask.java:266)
	at java.lang.Thread.run(Thread.java:748)
2019-09-26 09:45:51,350 INFO  impl.LeaderElection (LeaderElection.java:logAndReturn(56)) - s0@group-5172BA8D467F-LeaderElection20: Election TIMEOUT; received 0 response(s) [] and 0 exception(s); s0@group-5172BA8D467F:t34, leader=null, voted=s0, raftlog=s0@group-5172BA8D467F-SegmentedRaftLog:OPENED:c-1,f-1,i0, conf=-1: [s3:0.0.0.0:37437, s4:0.0.0.0:38885, s0:0.0.0.0:36205, s1:0.0.0.0:40678, s2:0.0.0.0:37393], old=null
2019-09-26 09:45:51,364 INFO  impl.LeaderElection (LeaderElection.java:askForVotes(178)) - s0@group-5172BA8D467F-LeaderElection20: begin an election at term 35 for -1: [s3:0.0.0.0:37437, s4:0.0.0.0:38885, s0:0.0.0.0:36205, s1:0.0.0.0:40678, s2:0.0.0.0:37393], old=null
2019-09-26 09:45:51,567 INFO  impl.LeaderElection (LeaderElection.java:logAndReturn(56)) - s0@group-5172BA8D467F-LeaderElection20: Election TIMEOUT; received 0 response(s) [] and 0 exception(s); s0@group-5172BA8D467F:t35, leader=null, voted=s0, raftlog=s0@group-5172BA8D467F-SegmentedRaftLog:OPENED:c-1,f-1,i0, conf=-1: [s3:0.0.0.0:37437, s4:0.0.0.0:38885, s0:0.0.0.0:36205, s1:0.0.0.0:40678, s2:0.0.0.0:37393], old=null
2019-09-26 09:45:51,580 INFO  impl.LeaderElection (LeaderElection.java:askForVotes(178)) - s0@group-5172BA8D467F-LeaderElection20: begin an election at term 36 for -1: [s3:0.0.0.0:37437, s4:0.0.0.0:38885, s0:0.0.0.0:36205, s1:0.0.0.0:40678, s2:0.0.0.0:37393], old=null
2019-09-26 09:45:51,834 INFO  impl.LeaderElection (LeaderElection.java:logAndReturn(56)) - s0@group-5172BA8D467F-LeaderElection20: Election TIMEOUT; received 0 response(s) [] and 0 exception(s); s0@group-5172BA8D467F:t36, leader=null, voted=s0, raftlog=s0@group-5172BA8D467F-SegmentedRaftLog:OPENED:c-1,f-1,i0, conf=-1: [s3:0.0.0.0:37437, s4:0.0.0.0:38885, s0:0.0.0.0:36205, s1:0.0.0.0:40678, s2:0.0.0.0:37393], old=null
2019-09-26 09:45:51,848 INFO  impl.LeaderElection (LeaderElection.java:askForVotes(178)) - s0@group-5172BA8D467F-LeaderElection20: begin an election at term 37 for -1: [s3:0.0.0.0:37437, s4:0.0.0.0:38885, s0:0.0.0.0:36205, s1:0.0.0.0:40678, s2:0.0.0.0:37393], old=null
2019-09-26 09:45:52,132 INFO  impl.LeaderElection (LeaderElection.java:logAndReturn(56)) - s0@group-5172BA8D467F-LeaderElection20: Election TIMEOUT; received 0 response(s) [] and 0 exception(s); s0@group-5172BA8D467F:t37, leader=null, voted=s0, raftlog=s0@group-5172BA8D467F-SegmentedRaftLog:OPENED:c-1,f-1,i0, conf=-1: [s3:0.0.0.0:37437, s4:0.0.0.0:38885, s0:0.0.0.0:36205, s1:0.0.0.0:40678, s2:0.0.0.0:37393], old=null
2019-09-26 09:45:52,146 INFO  impl.LeaderElection (LeaderElection.java:askForVotes(178)) - s0@group-5172BA8D467F-LeaderElection20: begin an election at term 38 for -1: [s3:0.0.0.0:37437, s4:0.0.0.0:38885, s0:0.0.0.0:36205, s1:0.0.0.0:40678, s2:0.0.0.0:37393], old=null
2019-09-26 09:45:52,374 INFO  impl.LeaderElection (LeaderElection.java:logAndReturn(56)) - s0@group-5172BA8D467F-LeaderElection20: Election TIMEOUT; received 0 response(s) [] and 0 exception(s); s0@group-5172BA8D467F:t38, leader=null, voted=s0, raftlog=s0@group-5172BA8D467F-SegmentedRaftLog:OPENED:c-1,f-1,i0, conf=-1: [s3:0.0.0.0:37437, s4:0.0.0.0:38885, s0:0.0.0.0:36205, s1:0.0.0.0:40678, s2:0.0.0.0:37393], old=null
2019-09-26 09:45:52,388 INFO  impl.LeaderElection (LeaderElection.java:askForVotes(178)) - s0@group-5172BA8D467F-LeaderElection20: begin an election at term 39 for -1: [s3:0.0.0.0:37437, s4:0.0.0.0:38885, s0:0.0.0.0:36205, s1:0.0.0.0:40678, s2:0.0.0.0:37393], old=null
2019-09-26 09:45:52,540 INFO  impl.RaftServerTestUtil (RaftServerTestUtil.java:waitAndCheckNewConf(58)) - waitAndCheckNewConf: peers=[s5:0.0.0.0:37411, s6:0.0.0.0:44864, s0:0.0.0.0:36205, s1:0.0.0.0:40678, s2:0.0.0.0:37393], deadPeers=null, printing ALL groups
  s3:  RUNNING    LEADER s3@group-5172BA8D467F:t1, leader=s3, voted=s3, raftlog=s3@group-5172BA8D467F-SegmentedRaftLog:CLOSED:c3, conf=3: [s5:0.0.0.0:37411, s6:0.0.0.0:44864, s0:0.0.0.0:36205, s1:0.0.0.0:40678, s2:0.0.0.0:37393], old=null CLOSED
  s4:   CLOSED CANDIDATE s4@group-5172BA8D467F:t3, leader=null, voted=s4, raftlog=s4@group-5172BA8D467F-SegmentedRaftLog:CLOSED:c1, conf=1: [s5:0.0.0.0:37411, s6:0.0.0.0:44864, s0:0.0.0.0:36205, s1:0.0.0.0:40678, s2:0.0.0.0:37393], old=[s3:0.0.0.0:37437, s4:0.0.0.0:38885, s0:0.0.0.0:36205, s1:0.0.0.0:40678, s2:0.0.0.0:37393] CLOSED
  s5:  RUNNING  FOLLOWER s5@group-5172BA8D467F:t2, leader=s6, voted=s6, raftlog=s5@group-5172BA8D467F-SegmentedRaftLog:OPENED:c6,f6,i6, conf=5: [s5:0.0.0.0:37411, s6:0.0.0.0:44864, s0:0.0.0.0:36205, s1:0.0.0.0:40678, s2:0.0.0.0:37393], old=null RUNNING
  s6:  RUNNING    LEADER s6@group-5172BA8D467F:t2, leader=s6, voted=s6, raftlog=s6@group-5172BA8D467F-SegmentedRaftLog:OPENED:c6,f6,i6, conf=5: [s5:0.0.0.0:37411, s6:0.0.0.0:44864, s0:0.0.0.0:36205, s1:0.0.0.0:40678, s2:0.0.0.0:37393], old=null RUNNING
  s0:  RUNNING CANDIDATE s0@group-5172BA8D467F:t39, leader=null, voted=s0, raftlog=s0@group-5172BA8D467F-SegmentedRaftLog:OPENED:c-1,f-1,i0, conf=-1: [s3:0.0.0.0:37437, s4:0.0.0.0:38885, s0:0.0.0.0:36205, s1:0.0.0.0:40678, s2:0.0.0.0:37393], old=null RUNNING
  s1:  RUNNING  FOLLOWER s1@group-5172BA8D467F:t2, leader=s6, voted=s6, raftlog=s1@group-5172BA8D467F-SegmentedRaftLog:OPENED:c6,f6,i6, conf=5: [s5:0.0.0.0:37411, s6:0.0.0.0:44864, s0:0.0.0.0:36205, s1:0.0.0.0:40678, s2:0.0.0.0:37393], old=null RUNNING
  s2:  RUNNING  FOLLOWER s2@group-5172BA8D467F:t2, leader=s6, voted=s6, raftlog=s2@group-5172BA8D467F-SegmentedRaftLog:OPENED:c6,f6,i6, conf=5: [s5:0.0.0.0:37411, s6:0.0.0.0:44864, s0:0.0.0.0:36205, s1:0.0.0.0:40678, s2:0.0.0.0:37393], old=null RUNNING
2019-09-26 09:45:52,541 INFO  impl.RaftServerTestUtil (RaftServerTestUtil.java:waitAndCheckNewConf(66)) - checking    LEADER s3@group-5172BA8D467F:t1, leader=s3, voted=s3, raftlog=s3@group-5172BA8D467F-SegmentedRaftLog:CLOSED:c3, conf=3: [s5:0.0.0.0:37411, s6:0.0.0.0:44864, s0:0.0.0.0:36205, s1:0.0.0.0:40678, s2:0.0.0.0:37393], old=null CLOSED
2019-09-26 09:45:52,541 INFO  impl.RaftServerTestUtil (RaftServerTestUtil.java:waitAndCheckNewConf(66)) - checking CANDIDATE s4@group-5172BA8D467F:t3, leader=null, voted=s4, raftlog=s4@group-5172BA8D467F-SegmentedRaftLog:CLOSED:c1, conf=1: [s5:0.0.0.0:37411, s6:0.0.0.0:44864, s0:0.0.0.0:36205, s1:0.0.0.0:40678, s2:0.0.0.0:37393], old=[s3:0.0.0.0:37437, s4:0.0.0.0:38885, s0:0.0.0.0:36205, s1:0.0.0.0:40678, s2:0.0.0.0:37393] CLOSED
2019-09-26 09:45:52,542 INFO  impl.RaftServerTestUtil (RaftServerTestUtil.java:waitAndCheckNewConf(66)) - checking  FOLLOWER s5@group-5172BA8D467F:t2, leader=s6, voted=s6, raftlog=s5@group-5172BA8D467F-SegmentedRaftLog:OPENED:c6,f6,i6, conf=5: [s5:0.0.0.0:37411, s6:0.0.0.0:44864, s0:0.0.0.0:36205, s1:0.0.0.0:40678, s2:0.0.0.0:37393], old=null RUNNING
2019-09-26 09:45:52,542 INFO  impl.RaftServerTestUtil (RaftServerTestUtil.java:waitAndCheckNewConf(66)) - checking    LEADER s6@group-5172BA8D467F:t2, leader=s6, voted=s6, raftlog=s6@group-5172BA8D467F-SegmentedRaftLog:OPENED:c6,f6,i6, conf=5: [s5:0.0.0.0:37411, s6:0.0.0.0:44864, s0:0.0.0.0:36205, s1:0.0.0.0:40678, s2:0.0.0.0:37393], old=null RUNNING
2019-09-26 09:45:52,542 INFO  impl.RaftServerTestUtil (RaftServerTestUtil.java:waitAndCheckNewConf(66)) - checking CANDIDATE s0@group-5172BA8D467F:t39, leader=null, voted=s0, raftlog=s0@group-5172BA8D467F-SegmentedRaftLog:OPENED:c-1,f-1,i0, conf=-1: [s3:0.0.0.0:37437, s4:0.0.0.0:38885, s0:0.0.0.0:36205, s1:0.0.0.0:40678, s2:0.0.0.0:37393], old=null RUNNING
2019-09-26 09:45:52,542 WARN  impl.RaftServerTestUtil (JavaUtils.java:attempt(158)) - FAILED "waitAndCheckNewConf", attempt #8/10: java.lang.AssertionError, sleep 1200ms and then retry.
java.lang.AssertionError
	at org.junit.Assert.fail(Assert.java:86)
	at org.junit.Assert.assertTrue(Assert.java:41)
	at org.junit.Assert.assertTrue(Assert.java:52)
	at org.apache.ratis.server.impl.RaftServerTestUtil.waitAndCheckNewConf(RaftServerTestUtil.java:76)
	at org.apache.ratis.server.impl.RaftServerTestUtil.lambda$waitAndCheckNewConf$1(RaftServerTestUtil.java:53)
	at org.apache.ratis.util.function.CheckedRunnable.lambda$asCheckedSupplier$0(CheckedRunnable.java:32)
	at org.apache.ratis.util.JavaUtils.attempt(JavaUtils.java:152)
	at org.apache.ratis.util.JavaUtils.attempt(JavaUtils.java:172)
	at org.apache.ratis.server.impl.RaftServerTestUtil.waitAndCheckNewConf(RaftServerTestUtil.java:53)
	at org.apache.ratis.server.impl.RaftReconfigurationBaseTest.runTestAddRemovePeers(RaftReconfigurationBaseTest.java:135)
	at org.apache.ratis.server.impl.RaftReconfigurationBaseTest.lambda$testLeaderStepDown$3(RaftReconfigurationBaseTest.java:121)
	at org.apache.ratis.MiniRaftCluster$Factory$Get.runWithNewCluster(MiniRaftCluster.java:125)
	at org.apache.ratis.MiniRaftCluster$Factory$Get.runWithNewCluster(MiniRaftCluster.java:113)
	at org.apache.ratis.server.impl.RaftReconfigurationBaseTest.testLeaderStepDown(RaftReconfigurationBaseTest.java:121)
	at sun.reflect.NativeMethodAccessorImpl.invoke0(Native Method)
	at sun.reflect.NativeMethodAccessorImpl.invoke(NativeMethodAccessorImpl.java:62)
	at sun.reflect.DelegatingMethodAccessorImpl.invoke(DelegatingMethodAccessorImpl.java:43)
	at java.lang.reflect.Method.invoke(Method.java:498)
	at org.junit.runners.model.FrameworkMethod$1.runReflectiveCall(FrameworkMethod.java:50)
	at org.junit.internal.runners.model.ReflectiveCallable.run(ReflectiveCallable.java:12)
	at org.junit.runners.model.FrameworkMethod.invokeExplosively(FrameworkMethod.java:47)
	at org.junit.internal.runners.statements.InvokeMethod.evaluate(InvokeMethod.java:17)
	at org.junit.internal.runners.statements.RunAfters.evaluate(RunAfters.java:27)
	at org.junit.internal.runners.statements.FailOnTimeout$CallableStatement.call(FailOnTimeout.java:298)
	at org.junit.internal.runners.statements.FailOnTimeout$CallableStatement.call(FailOnTimeout.java:292)
	at java.util.concurrent.FutureTask.run(FutureTask.java:266)
	at java.lang.Thread.run(Thread.java:748)
2019-09-26 09:45:52,553 INFO  impl.LeaderElection (LeaderElection.java:logAndReturn(56)) - s0@group-5172BA8D467F-LeaderElection20: Election TIMEOUT; received 0 response(s) [] and 0 exception(s); s0@group-5172BA8D467F:t39, leader=null, voted=s0, raftlog=s0@group-5172BA8D467F-SegmentedRaftLog:OPENED:c-1,f-1,i0, conf=-1: [s3:0.0.0.0:37437, s4:0.0.0.0:38885, s0:0.0.0.0:36205, s1:0.0.0.0:40678, s2:0.0.0.0:37393], old=null
2019-09-26 09:45:52,566 INFO  impl.LeaderElection (LeaderElection.java:askForVotes(178)) - s0@group-5172BA8D467F-LeaderElection20: begin an election at term 40 for -1: [s3:0.0.0.0:37437, s4:0.0.0.0:38885, s0:0.0.0.0:36205, s1:0.0.0.0:40678, s2:0.0.0.0:37393], old=null
2019-09-26 09:45:52,834 INFO  impl.LeaderElection (LeaderElection.java:logAndReturn(56)) - s0@group-5172BA8D467F-LeaderElection20: Election TIMEOUT; received 0 response(s) [] and 0 exception(s); s0@group-5172BA8D467F:t40, leader=null, voted=s0, raftlog=s0@group-5172BA8D467F-SegmentedRaftLog:OPENED:c-1,f-1,i0, conf=-1: [s3:0.0.0.0:37437, s4:0.0.0.0:38885, s0:0.0.0.0:36205, s1:0.0.0.0:40678, s2:0.0.0.0:37393], old=null
2019-09-26 09:45:52,848 INFO  impl.LeaderElection (LeaderElection.java:askForVotes(178)) - s0@group-5172BA8D467F-LeaderElection20: begin an election at term 41 for -1: [s3:0.0.0.0:37437, s4:0.0.0.0:38885, s0:0.0.0.0:36205, s1:0.0.0.0:40678, s2:0.0.0.0:37393], old=null
2019-09-26 09:45:52,957 INFO  ratis.MiniRaftCluster (MiniRaftCluster.java:lambda$null$5(297)) - TIMED-PRINT: printing ALL groups
  s3:  RUNNING    LEADER s3@group-5172BA8D467F:t1, leader=s3, voted=s3, raftlog=s3@group-5172BA8D467F-SegmentedRaftLog:CLOSED:c3, conf=3: [s5:0.0.0.0:37411, s6:0.0.0.0:44864, s0:0.0.0.0:36205, s1:0.0.0.0:40678, s2:0.0.0.0:37393], old=null CLOSED
  s4:   CLOSED CANDIDATE s4@group-5172BA8D467F:t3, leader=null, voted=s4, raftlog=s4@group-5172BA8D467F-SegmentedRaftLog:CLOSED:c1, conf=1: [s5:0.0.0.0:37411, s6:0.0.0.0:44864, s0:0.0.0.0:36205, s1:0.0.0.0:40678, s2:0.0.0.0:37393], old=[s3:0.0.0.0:37437, s4:0.0.0.0:38885, s0:0.0.0.0:36205, s1:0.0.0.0:40678, s2:0.0.0.0:37393] CLOSED
  s5:  RUNNING  FOLLOWER s5@group-5172BA8D467F:t2, leader=s6, voted=s6, raftlog=s5@group-5172BA8D467F-SegmentedRaftLog:OPENED:c6,f6,i6, conf=5: [s5:0.0.0.0:37411, s6:0.0.0.0:44864, s0:0.0.0.0:36205, s1:0.0.0.0:40678, s2:0.0.0.0:37393], old=null RUNNING
  s6:  RUNNING    LEADER s6@group-5172BA8D467F:t2, leader=s6, voted=s6, raftlog=s6@group-5172BA8D467F-SegmentedRaftLog:OPENED:c6,f6,i6, conf=5: [s5:0.0.0.0:37411, s6:0.0.0.0:44864, s0:0.0.0.0:36205, s1:0.0.0.0:40678, s2:0.0.0.0:37393], old=null RUNNING
  s0:  RUNNING CANDIDATE s0@group-5172BA8D467F:t41, leader=null, voted=s0, raftlog=s0@group-5172BA8D467F-SegmentedRaftLog:OPENED:c-1,f-1,i0, conf=-1: [s3:0.0.0.0:37437, s4:0.0.0.0:38885, s0:0.0.0.0:36205, s1:0.0.0.0:40678, s2:0.0.0.0:37393], old=null RUNNING
  s1:  RUNNING  FOLLOWER s1@group-5172BA8D467F:t2, leader=s6, voted=s6, raftlog=s1@group-5172BA8D467F-SegmentedRaftLog:OPENED:c6,f6,i6, conf=5: [s5:0.0.0.0:37411, s6:0.0.0.0:44864, s0:0.0.0.0:36205, s1:0.0.0.0:40678, s2:0.0.0.0:37393], old=null RUNNING
  s2:  RUNNING  FOLLOWER s2@group-5172BA8D467F:t2, leader=s6, voted=s6, raftlog=s2@group-5172BA8D467F-SegmentedRaftLog:OPENED:c6,f6,i6, conf=5: [s5:0.0.0.0:37411, s6:0.0.0.0:44864, s0:0.0.0.0:36205, s1:0.0.0.0:40678, s2:0.0.0.0:37393], old=null RUNNING
2019-09-26 09:45:53,037 INFO  impl.LeaderElection (LeaderElection.java:logAndReturn(56)) - s0@group-5172BA8D467F-LeaderElection20: Election TIMEOUT; received 0 response(s) [] and 0 exception(s); s0@group-5172BA8D467F:t41, leader=null, voted=s0, raftlog=s0@group-5172BA8D467F-SegmentedRaftLog:OPENED:c-1,f-1,i0, conf=-1: [s3:0.0.0.0:37437, s4:0.0.0.0:38885, s0:0.0.0.0:36205, s1:0.0.0.0:40678, s2:0.0.0.0:37393], old=null
2019-09-26 09:45:53,050 INFO  impl.LeaderElection (LeaderElection.java:askForVotes(178)) - s0@group-5172BA8D467F-LeaderElection20: begin an election at term 42 for -1: [s3:0.0.0.0:37437, s4:0.0.0.0:38885, s0:0.0.0.0:36205, s1:0.0.0.0:40678, s2:0.0.0.0:37393], old=null
2019-09-26 09:45:53,322 INFO  impl.LeaderElection (LeaderElection.java:logAndReturn(56)) - s0@group-5172BA8D467F-LeaderElection20: Election TIMEOUT; received 0 response(s) [] and 0 exception(s); s0@group-5172BA8D467F:t42, leader=null, voted=s0, raftlog=s0@group-5172BA8D467F-SegmentedRaftLog:OPENED:c-1,f-1,i0, conf=-1: [s3:0.0.0.0:37437, s4:0.0.0.0:38885, s0:0.0.0.0:36205, s1:0.0.0.0:40678, s2:0.0.0.0:37393], old=null
2019-09-26 09:45:53,335 INFO  impl.LeaderElection (LeaderElection.java:askForVotes(178)) - s0@group-5172BA8D467F-LeaderElection20: begin an election at term 43 for -1: [s3:0.0.0.0:37437, s4:0.0.0.0:38885, s0:0.0.0.0:36205, s1:0.0.0.0:40678, s2:0.0.0.0:37393], old=null
2019-09-26 09:45:53,565 INFO  impl.LeaderElection (LeaderElection.java:logAndReturn(56)) - s0@group-5172BA8D467F-LeaderElection20: Election TIMEOUT; received 0 response(s) [] and 0 exception(s); s0@group-5172BA8D467F:t43, leader=null, voted=s0, raftlog=s0@group-5172BA8D467F-SegmentedRaftLog:OPENED:c-1,f-1,i0, conf=-1: [s3:0.0.0.0:37437, s4:0.0.0.0:38885, s0:0.0.0.0:36205, s1:0.0.0.0:40678, s2:0.0.0.0:37393], old=null
2019-09-26 09:45:53,578 INFO  impl.LeaderElection (LeaderElection.java:askForVotes(178)) - s0@group-5172BA8D467F-LeaderElection20: begin an election at term 44 for -1: [s3:0.0.0.0:37437, s4:0.0.0.0:38885, s0:0.0.0.0:36205, s1:0.0.0.0:40678, s2:0.0.0.0:37393], old=null
2019-09-26 09:45:53,752 INFO  impl.RaftServerTestUtil (RaftServerTestUtil.java:waitAndCheckNewConf(58)) - waitAndCheckNewConf: peers=[s5:0.0.0.0:37411, s6:0.0.0.0:44864, s0:0.0.0.0:36205, s1:0.0.0.0:40678, s2:0.0.0.0:37393], deadPeers=null, printing ALL groups
  s3:  RUNNING    LEADER s3@group-5172BA8D467F:t1, leader=s3, voted=s3, raftlog=s3@group-5172BA8D467F-SegmentedRaftLog:CLOSED:c3, conf=3: [s5:0.0.0.0:37411, s6:0.0.0.0:44864, s0:0.0.0.0:36205, s1:0.0.0.0:40678, s2:0.0.0.0:37393], old=null CLOSED
  s4:   CLOSED CANDIDATE s4@group-5172BA8D467F:t3, leader=null, voted=s4, raftlog=s4@group-5172BA8D467F-SegmentedRaftLog:CLOSED:c1, conf=1: [s5:0.0.0.0:37411, s6:0.0.0.0:44864, s0:0.0.0.0:36205, s1:0.0.0.0:40678, s2:0.0.0.0:37393], old=[s3:0.0.0.0:37437, s4:0.0.0.0:38885, s0:0.0.0.0:36205, s1:0.0.0.0:40678, s2:0.0.0.0:37393] CLOSED
  s5:  RUNNING  FOLLOWER s5@group-5172BA8D467F:t2, leader=s6, voted=s6, raftlog=s5@group-5172BA8D467F-SegmentedRaftLog:OPENED:c6,f6,i6, conf=5: [s5:0.0.0.0:37411, s6:0.0.0.0:44864, s0:0.0.0.0:36205, s1:0.0.0.0:40678, s2:0.0.0.0:37393], old=null RUNNING
  s6:  RUNNING    LEADER s6@group-5172BA8D467F:t2, leader=s6, voted=s6, raftlog=s6@group-5172BA8D467F-SegmentedRaftLog:OPENED:c6,f6,i6, conf=5: [s5:0.0.0.0:37411, s6:0.0.0.0:44864, s0:0.0.0.0:36205, s1:0.0.0.0:40678, s2:0.0.0.0:37393], old=null RUNNING
  s0:  RUNNING CANDIDATE s0@group-5172BA8D467F:t44, leader=null, voted=s0, raftlog=s0@group-5172BA8D467F-SegmentedRaftLog:OPENED:c-1,f-1,i0, conf=-1: [s3:0.0.0.0:37437, s4:0.0.0.0:38885, s0:0.0.0.0:36205, s1:0.0.0.0:40678, s2:0.0.0.0:37393], old=null RUNNING
  s1:  RUNNING  FOLLOWER s1@group-5172BA8D467F:t2, leader=s6, voted=s6, raftlog=s1@group-5172BA8D467F-SegmentedRaftLog:OPENED:c6,f6,i6, conf=5: [s5:0.0.0.0:37411, s6:0.0.0.0:44864, s0:0.0.0.0:36205, s1:0.0.0.0:40678, s2:0.0.0.0:37393], old=null RUNNING
  s2:  RUNNING  FOLLOWER s2@group-5172BA8D467F:t2, leader=s6, voted=s6, raftlog=s2@group-5172BA8D467F-SegmentedRaftLog:OPENED:c6,f6,i6, conf=5: [s5:0.0.0.0:37411, s6:0.0.0.0:44864, s0:0.0.0.0:36205, s1:0.0.0.0:40678, s2:0.0.0.0:37393], old=null RUNNING
2019-09-26 09:45:53,753 INFO  impl.RaftServerTestUtil (RaftServerTestUtil.java:waitAndCheckNewConf(66)) - checking    LEADER s3@group-5172BA8D467F:t1, leader=s3, voted=s3, raftlog=s3@group-5172BA8D467F-SegmentedRaftLog:CLOSED:c3, conf=3: [s5:0.0.0.0:37411, s6:0.0.0.0:44864, s0:0.0.0.0:36205, s1:0.0.0.0:40678, s2:0.0.0.0:37393], old=null CLOSED
2019-09-26 09:45:53,753 INFO  impl.RaftServerTestUtil (RaftServerTestUtil.java:waitAndCheckNewConf(66)) - checking CANDIDATE s4@group-5172BA8D467F:t3, leader=null, voted=s4, raftlog=s4@group-5172BA8D467F-SegmentedRaftLog:CLOSED:c1, conf=1: [s5:0.0.0.0:37411, s6:0.0.0.0:44864, s0:0.0.0.0:36205, s1:0.0.0.0:40678, s2:0.0.0.0:37393], old=[s3:0.0.0.0:37437, s4:0.0.0.0:38885, s0:0.0.0.0:36205, s1:0.0.0.0:40678, s2:0.0.0.0:37393] CLOSED
2019-09-26 09:45:53,753 INFO  impl.RaftServerTestUtil (RaftServerTestUtil.java:waitAndCheckNewConf(66)) - checking  FOLLOWER s5@group-5172BA8D467F:t2, leader=s6, voted=s6, raftlog=s5@group-5172BA8D467F-SegmentedRaftLog:OPENED:c6,f6,i6, conf=5: [s5:0.0.0.0:37411, s6:0.0.0.0:44864, s0:0.0.0.0:36205, s1:0.0.0.0:40678, s2:0.0.0.0:37393], old=null RUNNING
2019-09-26 09:45:53,753 INFO  impl.RaftServerTestUtil (RaftServerTestUtil.java:waitAndCheckNewConf(66)) - checking    LEADER s6@group-5172BA8D467F:t2, leader=s6, voted=s6, raftlog=s6@group-5172BA8D467F-SegmentedRaftLog:OPENED:c6,f6,i6, conf=5: [s5:0.0.0.0:37411, s6:0.0.0.0:44864, s0:0.0.0.0:36205, s1:0.0.0.0:40678, s2:0.0.0.0:37393], old=null RUNNING
2019-09-26 09:45:53,753 INFO  impl.RaftServerTestUtil (RaftServerTestUtil.java:waitAndCheckNewConf(66)) - checking CANDIDATE s0@group-5172BA8D467F:t44, leader=null, voted=s0, raftlog=s0@group-5172BA8D467F-SegmentedRaftLog:OPENED:c-1,f-1,i0, conf=-1: [s3:0.0.0.0:37437, s4:0.0.0.0:38885, s0:0.0.0.0:36205, s1:0.0.0.0:40678, s2:0.0.0.0:37393], old=null RUNNING
2019-09-26 09:45:53,753 WARN  impl.RaftServerTestUtil (JavaUtils.java:attempt(158)) - FAILED "waitAndCheckNewConf", attempt #9/10: java.lang.AssertionError, sleep 1200ms and then retry.
java.lang.AssertionError
	at org.junit.Assert.fail(Assert.java:86)
	at org.junit.Assert.assertTrue(Assert.java:41)
	at org.junit.Assert.assertTrue(Assert.java:52)
	at org.apache.ratis.server.impl.RaftServerTestUtil.waitAndCheckNewConf(RaftServerTestUtil.java:76)
	at org.apache.ratis.server.impl.RaftServerTestUtil.lambda$waitAndCheckNewConf$1(RaftServerTestUtil.java:53)
	at org.apache.ratis.util.function.CheckedRunnable.lambda$asCheckedSupplier$0(CheckedRunnable.java:32)
	at org.apache.ratis.util.JavaUtils.attempt(JavaUtils.java:152)
	at org.apache.ratis.util.JavaUtils.attempt(JavaUtils.java:172)
	at org.apache.ratis.server.impl.RaftServerTestUtil.waitAndCheckNewConf(RaftServerTestUtil.java:53)
	at org.apache.ratis.server.impl.RaftReconfigurationBaseTest.runTestAddRemovePeers(RaftReconfigurationBaseTest.java:135)
	at org.apache.ratis.server.impl.RaftReconfigurationBaseTest.lambda$testLeaderStepDown$3(RaftReconfigurationBaseTest.java:121)
	at org.apache.ratis.MiniRaftCluster$Factory$Get.runWithNewCluster(MiniRaftCluster.java:125)
	at org.apache.ratis.MiniRaftCluster$Factory$Get.runWithNewCluster(MiniRaftCluster.java:113)
	at org.apache.ratis.server.impl.RaftReconfigurationBaseTest.testLeaderStepDown(RaftReconfigurationBaseTest.java:121)
	at sun.reflect.NativeMethodAccessorImpl.invoke0(Native Method)
	at sun.reflect.NativeMethodAccessorImpl.invoke(NativeMethodAccessorImpl.java:62)
	at sun.reflect.DelegatingMethodAccessorImpl.invoke(DelegatingMethodAccessorImpl.java:43)
	at java.lang.reflect.Method.invoke(Method.java:498)
	at org.junit.runners.model.FrameworkMethod$1.runReflectiveCall(FrameworkMethod.java:50)
	at org.junit.internal.runners.model.ReflectiveCallable.run(ReflectiveCallable.java:12)
	at org.junit.runners.model.FrameworkMethod.invokeExplosively(FrameworkMethod.java:47)
	at org.junit.internal.runners.statements.InvokeMethod.evaluate(InvokeMethod.java:17)
	at org.junit.internal.runners.statements.RunAfters.evaluate(RunAfters.java:27)
	at org.junit.internal.runners.statements.FailOnTimeout$CallableStatement.call(FailOnTimeout.java:298)
	at org.junit.internal.runners.statements.FailOnTimeout$CallableStatement.call(FailOnTimeout.java:292)
	at java.util.concurrent.FutureTask.run(FutureTask.java:266)
	at java.lang.Thread.run(Thread.java:748)
2019-09-26 09:45:53,852 INFO  impl.LeaderElection (LeaderElection.java:logAndReturn(56)) - s0@group-5172BA8D467F-LeaderElection20: Election TIMEOUT; received 0 response(s) [] and 0 exception(s); s0@group-5172BA8D467F:t44, leader=null, voted=s0, raftlog=s0@group-5172BA8D467F-SegmentedRaftLog:OPENED:c-1,f-1,i0, conf=-1: [s3:0.0.0.0:37437, s4:0.0.0.0:38885, s0:0.0.0.0:36205, s1:0.0.0.0:40678, s2:0.0.0.0:37393], old=null
2019-09-26 09:45:53,868 INFO  impl.LeaderElection (LeaderElection.java:askForVotes(178)) - s0@group-5172BA8D467F-LeaderElection20: begin an election at term 45 for -1: [s3:0.0.0.0:37437, s4:0.0.0.0:38885, s0:0.0.0.0:36205, s1:0.0.0.0:40678, s2:0.0.0.0:37393], old=null
2019-09-26 09:45:54,140 INFO  impl.LeaderElection (LeaderElection.java:logAndReturn(56)) - s0@group-5172BA8D467F-LeaderElection20: Election TIMEOUT; received 0 response(s) [] and 0 exception(s); s0@group-5172BA8D467F:t45, leader=null, voted=s0, raftlog=s0@group-5172BA8D467F-SegmentedRaftLog:OPENED:c-1,f-1,i0, conf=-1: [s3:0.0.0.0:37437, s4:0.0.0.0:38885, s0:0.0.0.0:36205, s1:0.0.0.0:40678, s2:0.0.0.0:37393], old=null
2019-09-26 09:45:54,151 INFO  impl.LeaderElection (LeaderElection.java:askForVotes(178)) - s0@group-5172BA8D467F-LeaderElection20: begin an election at term 46 for -1: [s3:0.0.0.0:37437, s4:0.0.0.0:38885, s0:0.0.0.0:36205, s1:0.0.0.0:40678, s2:0.0.0.0:37393], old=null
2019-09-26 09:45:54,431 INFO  impl.LeaderElection (LeaderElection.java:logAndReturn(56)) - s0@group-5172BA8D467F-LeaderElection20: Election TIMEOUT; received 0 response(s) [] and 0 exception(s); s0@group-5172BA8D467F:t46, leader=null, voted=s0, raftlog=s0@group-5172BA8D467F-SegmentedRaftLog:OPENED:c-1,f-1,i0, conf=-1: [s3:0.0.0.0:37437, s4:0.0.0.0:38885, s0:0.0.0.0:36205, s1:0.0.0.0:40678, s2:0.0.0.0:37393], old=null
2019-09-26 09:45:54,445 INFO  impl.LeaderElection (LeaderElection.java:askForVotes(178)) - s0@group-5172BA8D467F-LeaderElection20: begin an election at term 47 for -1: [s3:0.0.0.0:37437, s4:0.0.0.0:38885, s0:0.0.0.0:36205, s1:0.0.0.0:40678, s2:0.0.0.0:37393], old=null
2019-09-26 09:45:54,630 INFO  impl.LeaderElection (LeaderElection.java:logAndReturn(56)) - s0@group-5172BA8D467F-LeaderElection20: Election TIMEOUT; received 0 response(s) [] and 0 exception(s); s0@group-5172BA8D467F:t47, leader=null, voted=s0, raftlog=s0@group-5172BA8D467F-SegmentedRaftLog:OPENED:c-1,f-1,i0, conf=-1: [s3:0.0.0.0:37437, s4:0.0.0.0:38885, s0:0.0.0.0:36205, s1:0.0.0.0:40678, s2:0.0.0.0:37393], old=null
2019-09-26 09:45:54,643 INFO  impl.LeaderElection (LeaderElection.java:askForVotes(178)) - s0@group-5172BA8D467F-LeaderElection20: begin an election at term 48 for -1: [s3:0.0.0.0:37437, s4:0.0.0.0:38885, s0:0.0.0.0:36205, s1:0.0.0.0:40678, s2:0.0.0.0:37393], old=null
2019-09-26 09:45:54,887 INFO  impl.LeaderElection (LeaderElection.java:logAndReturn(56)) - s0@group-5172BA8D467F-LeaderElection20: Election TIMEOUT; received 0 response(s) [] and 0 exception(s); s0@group-5172BA8D467F:t48, leader=null, voted=s0, raftlog=s0@group-5172BA8D467F-SegmentedRaftLog:OPENED:c-1,f-1,i0, conf=-1: [s3:0.0.0.0:37437, s4:0.0.0.0:38885, s0:0.0.0.0:36205, s1:0.0.0.0:40678, s2:0.0.0.0:37393], old=null
2019-09-26 09:45:54,896 INFO  impl.LeaderElection (LeaderElection.java:askForVotes(178)) - s0@group-5172BA8D467F-LeaderElection20: begin an election at term 49 for -1: [s3:0.0.0.0:37437, s4:0.0.0.0:38885, s0:0.0.0.0:36205, s1:0.0.0.0:40678, s2:0.0.0.0:37393], old=null
2019-09-26 09:45:54,954 INFO  impl.RaftServerTestUtil (RaftServerTestUtil.java:waitAndCheckNewConf(58)) - waitAndCheckNewConf: peers=[s5:0.0.0.0:37411, s6:0.0.0.0:44864, s0:0.0.0.0:36205, s1:0.0.0.0:40678, s2:0.0.0.0:37393], deadPeers=null, printing ALL groups
  s3:  RUNNING    LEADER s3@group-5172BA8D467F:t1, leader=s3, voted=s3, raftlog=s3@group-5172BA8D467F-SegmentedRaftLog:CLOSED:c3, conf=3: [s5:0.0.0.0:37411, s6:0.0.0.0:44864, s0:0.0.0.0:36205, s1:0.0.0.0:40678, s2:0.0.0.0:37393], old=null CLOSED
  s4:   CLOSED CANDIDATE s4@group-5172BA8D467F:t3, leader=null, voted=s4, raftlog=s4@group-5172BA8D467F-SegmentedRaftLog:CLOSED:c1, conf=1: [s5:0.0.0.0:37411, s6:0.0.0.0:44864, s0:0.0.0.0:36205, s1:0.0.0.0:40678, s2:0.0.0.0:37393], old=[s3:0.0.0.0:37437, s4:0.0.0.0:38885, s0:0.0.0.0:36205, s1:0.0.0.0:40678, s2:0.0.0.0:37393] CLOSED
  s5:  RUNNING  FOLLOWER s5@group-5172BA8D467F:t2, leader=s6, voted=s6, raftlog=s5@group-5172BA8D467F-SegmentedRaftLog:OPENED:c6,f6,i6, conf=5: [s5:0.0.0.0:37411, s6:0.0.0.0:44864, s0:0.0.0.0:36205, s1:0.0.0.0:40678, s2:0.0.0.0:37393], old=null RUNNING
  s6:  RUNNING    LEADER s6@group-5172BA8D467F:t2, leader=s6, voted=s6, raftlog=s6@group-5172BA8D467F-SegmentedRaftLog:OPENED:c6,f6,i6, conf=5: [s5:0.0.0.0:37411, s6:0.0.0.0:44864, s0:0.0.0.0:36205, s1:0.0.0.0:40678, s2:0.0.0.0:37393], old=null RUNNING
  s0:  RUNNING CANDIDATE s0@group-5172BA8D467F:t49, leader=null, voted=s0, raftlog=s0@group-5172BA8D467F-SegmentedRaftLog:OPENED:c-1,f-1,i0, conf=-1: [s3:0.0.0.0:37437, s4:0.0.0.0:38885, s0:0.0.0.0:36205, s1:0.0.0.0:40678, s2:0.0.0.0:37393], old=null RUNNING
  s1:  RUNNING  FOLLOWER s1@group-5172BA8D467F:t2, leader=s6, voted=s6, raftlog=s1@group-5172BA8D467F-SegmentedRaftLog:OPENED:c6,f6,i6, conf=5: [s5:0.0.0.0:37411, s6:0.0.0.0:44864, s0:0.0.0.0:36205, s1:0.0.0.0:40678, s2:0.0.0.0:37393], old=null RUNNING
  s2:  RUNNING  FOLLOWER s2@group-5172BA8D467F:t2, leader=s6, voted=s6, raftlog=s2@group-5172BA8D467F-SegmentedRaftLog:OPENED:c6,f6,i6, conf=5: [s5:0.0.0.0:37411, s6:0.0.0.0:44864, s0:0.0.0.0:36205, s1:0.0.0.0:40678, s2:0.0.0.0:37393], old=null RUNNING
2019-09-26 09:45:54,955 INFO  impl.RaftServerTestUtil (RaftServerTestUtil.java:waitAndCheckNewConf(66)) - checking    LEADER s3@group-5172BA8D467F:t1, leader=s3, voted=s3, raftlog=s3@group-5172BA8D467F-SegmentedRaftLog:CLOSED:c3, conf=3: [s5:0.0.0.0:37411, s6:0.0.0.0:44864, s0:0.0.0.0:36205, s1:0.0.0.0:40678, s2:0.0.0.0:37393], old=null CLOSED
2019-09-26 09:45:54,955 INFO  impl.RaftServerTestUtil (RaftServerTestUtil.java:waitAndCheckNewConf(66)) - checking CANDIDATE s4@group-5172BA8D467F:t3, leader=null, voted=s4, raftlog=s4@group-5172BA8D467F-SegmentedRaftLog:CLOSED:c1, conf=1: [s5:0.0.0.0:37411, s6:0.0.0.0:44864, s0:0.0.0.0:36205, s1:0.0.0.0:40678, s2:0.0.0.0:37393], old=[s3:0.0.0.0:37437, s4:0.0.0.0:38885, s0:0.0.0.0:36205, s1:0.0.0.0:40678, s2:0.0.0.0:37393] CLOSED
2019-09-26 09:45:54,955 INFO  impl.RaftServerTestUtil (RaftServerTestUtil.java:waitAndCheckNewConf(66)) - checking  FOLLOWER s5@group-5172BA8D467F:t2, leader=s6, voted=s6, raftlog=s5@group-5172BA8D467F-SegmentedRaftLog:OPENED:c6,f6,i6, conf=5: [s5:0.0.0.0:37411, s6:0.0.0.0:44864, s0:0.0.0.0:36205, s1:0.0.0.0:40678, s2:0.0.0.0:37393], old=null RUNNING
2019-09-26 09:45:54,956 INFO  impl.RaftServerTestUtil (RaftServerTestUtil.java:waitAndCheckNewConf(66)) - checking    LEADER s6@group-5172BA8D467F:t2, leader=s6, voted=s6, raftlog=s6@group-5172BA8D467F-SegmentedRaftLog:OPENED:c6,f6,i6, conf=5: [s5:0.0.0.0:37411, s6:0.0.0.0:44864, s0:0.0.0.0:36205, s1:0.0.0.0:40678, s2:0.0.0.0:37393], old=null RUNNING
2019-09-26 09:45:54,956 INFO  impl.RaftServerTestUtil (RaftServerTestUtil.java:waitAndCheckNewConf(66)) - checking CANDIDATE s0@group-5172BA8D467F:t49, leader=null, voted=s0, raftlog=s0@group-5172BA8D467F-SegmentedRaftLog:OPENED:c-1,f-1,i0, conf=-1: [s3:0.0.0.0:37437, s4:0.0.0.0:38885, s0:0.0.0.0:36205, s1:0.0.0.0:40678, s2:0.0.0.0:37393], old=null RUNNING
2019-09-26 09:45:54,956 INFO  ratis.MiniRaftCluster (MiniRaftCluster.java:runWithNewCluster(127)) - printing ALL groups
  s3:  RUNNING    LEADER s3@group-5172BA8D467F:t1, leader=s3, voted=s3, raftlog=s3@group-5172BA8D467F-SegmentedRaftLog:CLOSED:c3, conf=3: [s5:0.0.0.0:37411, s6:0.0.0.0:44864, s0:0.0.0.0:36205, s1:0.0.0.0:40678, s2:0.0.0.0:37393], old=null CLOSED
  s4:   CLOSED CANDIDATE s4@group-5172BA8D467F:t3, leader=null, voted=s4, raftlog=s4@group-5172BA8D467F-SegmentedRaftLog:CLOSED:c1, conf=1: [s5:0.0.0.0:37411, s6:0.0.0.0:44864, s0:0.0.0.0:36205, s1:0.0.0.0:40678, s2:0.0.0.0:37393], old=[s3:0.0.0.0:37437, s4:0.0.0.0:38885, s0:0.0.0.0:36205, s1:0.0.0.0:40678, s2:0.0.0.0:37393] CLOSED
  s5:  RUNNING  FOLLOWER s5@group-5172BA8D467F:t2, leader=s6, voted=s6, raftlog=s5@group-5172BA8D467F-SegmentedRaftLog:OPENED:c6,f6,i6, conf=5: [s5:0.0.0.0:37411, s6:0.0.0.0:44864, s0:0.0.0.0:36205, s1:0.0.0.0:40678, s2:0.0.0.0:37393], old=null RUNNING
  s6:  RUNNING    LEADER s6@group-5172BA8D467F:t2, leader=s6, voted=s6, raftlog=s6@group-5172BA8D467F-SegmentedRaftLog:OPENED:c6,f6,i6, conf=5: [s5:0.0.0.0:37411, s6:0.0.0.0:44864, s0:0.0.0.0:36205, s1:0.0.0.0:40678, s2:0.0.0.0:37393], old=null RUNNING
  s0:  RUNNING CANDIDATE s0@group-5172BA8D467F:t49, leader=null, voted=s0, raftlog=s0@group-5172BA8D467F-SegmentedRaftLog:OPENED:c-1,f-1,i0, conf=-1: [s3:0.0.0.0:37437, s4:0.0.0.0:38885, s0:0.0.0.0:36205, s1:0.0.0.0:40678, s2:0.0.0.0:37393], old=null RUNNING
  s1:  RUNNING  FOLLOWER s1@group-5172BA8D467F:t2, leader=s6, voted=s6, raftlog=s1@group-5172BA8D467F-SegmentedRaftLog:OPENED:c6,f6,i6, conf=5: [s5:0.0.0.0:37411, s6:0.0.0.0:44864, s0:0.0.0.0:36205, s1:0.0.0.0:40678, s2:0.0.0.0:37393], old=null RUNNING
  s2:  RUNNING  FOLLOWER s2@group-5172BA8D467F:t2, leader=s6, voted=s6, raftlog=s2@group-5172BA8D467F-SegmentedRaftLog:OPENED:c6,f6,i6, conf=5: [s5:0.0.0.0:37411, s6:0.0.0.0:44864, s0:0.0.0.0:36205, s1:0.0.0.0:40678, s2:0.0.0.0:37393], old=null RUNNING
2019-09-26 09:45:54,957 ERROR ratis.MiniRaftCluster (MiniRaftCluster.java:runWithNewCluster(128)) - Failed org.apache.ratis.MiniRaftCluster$Factory$Get.runWithNewCluster(MiniRaftCluster.java:113)
java.lang.AssertionError
	at org.junit.Assert.fail(Assert.java:86)
	at org.junit.Assert.assertTrue(Assert.java:41)
	at org.junit.Assert.assertTrue(Assert.java:52)
	at org.apache.ratis.server.impl.RaftServerTestUtil.waitAndCheckNewConf(RaftServerTestUtil.java:76)
	at org.apache.ratis.server.impl.RaftServerTestUtil.lambda$waitAndCheckNewConf$1(RaftServerTestUtil.java:53)
	at org.apache.ratis.util.function.CheckedRunnable.lambda$asCheckedSupplier$0(CheckedRunnable.java:32)
	at org.apache.ratis.util.JavaUtils.attempt(JavaUtils.java:152)
	at org.apache.ratis.util.JavaUtils.attempt(JavaUtils.java:172)
	at org.apache.ratis.server.impl.RaftServerTestUtil.waitAndCheckNewConf(RaftServerTestUtil.java:53)
	at org.apache.ratis.server.impl.RaftReconfigurationBaseTest.runTestAddRemovePeers(RaftReconfigurationBaseTest.java:135)
	at org.apache.ratis.server.impl.RaftReconfigurationBaseTest.lambda$testLeaderStepDown$3(RaftReconfigurationBaseTest.java:121)
	at org.apache.ratis.MiniRaftCluster$Factory$Get.runWithNewCluster(MiniRaftCluster.java:125)
	at org.apache.ratis.MiniRaftCluster$Factory$Get.runWithNewCluster(MiniRaftCluster.java:113)
	at org.apache.ratis.server.impl.RaftReconfigurationBaseTest.testLeaderStepDown(RaftReconfigurationBaseTest.java:121)
	at sun.reflect.NativeMethodAccessorImpl.invoke0(Native Method)
	at sun.reflect.NativeMethodAccessorImpl.invoke(NativeMethodAccessorImpl.java:62)
	at sun.reflect.DelegatingMethodAccessorImpl.invoke(DelegatingMethodAccessorImpl.java:43)
	at java.lang.reflect.Method.invoke(Method.java:498)
	at org.junit.runners.model.FrameworkMethod$1.runReflectiveCall(FrameworkMethod.java:50)
	at org.junit.internal.runners.model.ReflectiveCallable.run(ReflectiveCallable.java:12)
	at org.junit.runners.model.FrameworkMethod.invokeExplosively(FrameworkMethod.java:47)
	at org.junit.internal.runners.statements.InvokeMethod.evaluate(InvokeMethod.java:17)
	at org.junit.internal.runners.statements.RunAfters.evaluate(RunAfters.java:27)
	at org.junit.internal.runners.statements.FailOnTimeout$CallableStatement.call(FailOnTimeout.java:298)
	at org.junit.internal.runners.statements.FailOnTimeout$CallableStatement.call(FailOnTimeout.java:292)
	at java.util.concurrent.FutureTask.run(FutureTask.java:266)
	at java.lang.Thread.run(Thread.java:748)
2019-09-26 09:45:54,957 INFO  ratis.MiniRaftCluster (MiniRaftCluster.java:shutdown(700)) - ************************************************************** 
2019-09-26 09:45:54,957 INFO  ratis.MiniRaftCluster (MiniRaftCluster.java:shutdown(701)) - *** 
2019-09-26 09:45:54,958 INFO  ratis.MiniRaftCluster (MiniRaftCluster.java:shutdown(702)) - ***     Stopping MiniRaftClusterWithNetty
2019-09-26 09:45:54,958 INFO  ratis.MiniRaftCluster (MiniRaftCluster.java:shutdown(703)) - *** 
2019-09-26 09:45:54,958 INFO  ratis.MiniRaftCluster (MiniRaftCluster.java:shutdown(704)) - ************************************************************** 
2019-09-26 09:45:54,958 INFO  ratis.MiniRaftCluster (MiniRaftCluster.java:shutdown(705)) - printing ALL groups
  s3:  RUNNING    LEADER s3@group-5172BA8D467F:t1, leader=s3, voted=s3, raftlog=s3@group-5172BA8D467F-SegmentedRaftLog:CLOSED:c3, conf=3: [s5:0.0.0.0:37411, s6:0.0.0.0:44864, s0:0.0.0.0:36205, s1:0.0.0.0:40678, s2:0.0.0.0:37393], old=null CLOSED
  s4:   CLOSED CANDIDATE s4@group-5172BA8D467F:t3, leader=null, voted=s4, raftlog=s4@group-5172BA8D467F-SegmentedRaftLog:CLOSED:c1, conf=1: [s5:0.0.0.0:37411, s6:0.0.0.0:44864, s0:0.0.0.0:36205, s1:0.0.0.0:40678, s2:0.0.0.0:37393], old=[s3:0.0.0.0:37437, s4:0.0.0.0:38885, s0:0.0.0.0:36205, s1:0.0.0.0:40678, s2:0.0.0.0:37393] CLOSED
  s5:  RUNNING  FOLLOWER s5@group-5172BA8D467F:t2, leader=s6, voted=s6, raftlog=s5@group-5172BA8D467F-SegmentedRaftLog:OPENED:c6,f6,i6, conf=5: [s5:0.0.0.0:37411, s6:0.0.0.0:44864, s0:0.0.0.0:36205, s1:0.0.0.0:40678, s2:0.0.0.0:37393], old=null RUNNING
  s6:  RUNNING    LEADER s6@group-5172BA8D467F:t2, leader=s6, voted=s6, raftlog=s6@group-5172BA8D467F-SegmentedRaftLog:OPENED:c6,f6,i6, conf=5: [s5:0.0.0.0:37411, s6:0.0.0.0:44864, s0:0.0.0.0:36205, s1:0.0.0.0:40678, s2:0.0.0.0:37393], old=null RUNNING
  s0:  RUNNING CANDIDATE s0@group-5172BA8D467F:t49, leader=null, voted=s0, raftlog=s0@group-5172BA8D467F-SegmentedRaftLog:OPENED:c-1,f-1,i0, conf=-1: [s3:0.0.0.0:37437, s4:0.0.0.0:38885, s0:0.0.0.0:36205, s1:0.0.0.0:40678, s2:0.0.0.0:37393], old=null RUNNING
  s1:  RUNNING  FOLLOWER s1@group-5172BA8D467F:t2, leader=s6, voted=s6, raftlog=s1@group-5172BA8D467F-SegmentedRaftLog:OPENED:c6,f6,i6, conf=5: [s5:0.0.0.0:37411, s6:0.0.0.0:44864, s0:0.0.0.0:36205, s1:0.0.0.0:40678, s2:0.0.0.0:37393], old=null RUNNING
  s2:  RUNNING  FOLLOWER s2@group-5172BA8D467F:t2, leader=s6, voted=s6, raftlog=s2@group-5172BA8D467F-SegmentedRaftLog:OPENED:c6,f6,i6, conf=5: [s5:0.0.0.0:37411, s6:0.0.0.0:44864, s0:0.0.0.0:36205, s1:0.0.0.0:40678, s2:0.0.0.0:37393], old=null RUNNING
2019-09-26 09:45:54,959 INFO  impl.RaftServerProxy (RaftServerProxy.java:lambda$close$4(314)) - s3: close
2019-09-26 09:45:54,960 INFO  impl.RaftServerProxy (RaftServerProxy.java:lambda$close$4(314)) - s5: close
2019-09-26 09:45:54,960 INFO  impl.RaftServerProxy (RaftServerProxy.java:lambda$close$4(314)) - s6: close
2019-09-26 09:45:54,960 INFO  impl.RaftServerProxy (RaftServerProxy.java:lambda$close$4(314)) - s0: close
2019-09-26 09:45:54,960 INFO  impl.RaftServerImpl (RaftServerImpl.java:lambda$shutdown$3(247)) - s6@group-5172BA8D467F: shutdown
2019-09-26 09:45:54,960 INFO  logging.LoggingHandler (AbstractInternalLogger.java:log(150)) - [id: 0xc845bb24, L:/0.0.0.0:37437] UNREGISTERED
2019-09-26 09:45:54,961 INFO  util.JmxRegister (JmxRegister.java:unregister(73)) - Successfully un-registered JMX Bean with object name Ratis:service=RaftServer,group=group-5172BA8D467F,id=s6
2019-09-26 09:45:54,962 INFO  impl.RoleInfo (RoleInfo.java:shutdownLeaderState(104)) - s6: shutdown LeaderState
2019-09-26 09:45:54,960 INFO  impl.RaftServerImpl (RaftServerImpl.java:lambda$shutdown$3(247)) - s5@group-5172BA8D467F: shutdown
2019-09-26 09:45:54,970 INFO  impl.LogAppender (LogAppender.java:run(78)) - s6@group-5172BA8D467F->s0-LogAppender-AppenderDaemon was interrupted: java.io.InterruptedIOException: s6->s0#0 sending from s0:0.0.0.0:36205 is interrupted.
2019-09-26 09:45:54,970 INFO  impl.LogAppender (LogAppender.java:run(78)) - s6@group-5172BA8D467F->s2-LogAppender-AppenderDaemon was interrupted: java.lang.InterruptedException
2019-09-26 09:45:54,970 INFO  impl.PendingRequests (PendingRequests.java:sendNotLeaderResponses(202)) - s6@group-5172BA8D467F-PendingRequests: sendNotLeaderResponses
2019-09-26 09:45:54,961 INFO  impl.RaftServerProxy (RaftServerProxy.java:lambda$close$4(314)) - s2: close
2019-09-26 09:45:54,961 INFO  impl.RaftServerProxy (RaftServerProxy.java:lambda$close$4(314)) - s1: close
2019-09-26 09:45:54,960 INFO  impl.RaftServerImpl (RaftServerImpl.java:lambda$shutdown$3(247)) - s0@group-5172BA8D467F: shutdown
2019-09-26 09:45:54,971 INFO  impl.RaftServerImpl (RaftServerImpl.java:lambda$shutdown$3(247)) - s1@group-5172BA8D467F: shutdown
2019-09-26 09:45:54,971 INFO  impl.RaftServerImpl (RaftServerImpl.java:lambda$shutdown$3(247)) - s2@group-5172BA8D467F: shutdown
2019-09-26 09:45:54,971 INFO  impl.StateMachineUpdater (StateMachineUpdater.java:stopAndJoin(136)) - s6@group-5172BA8D467F-StateMachineUpdater: set stopIndex = 6
2019-09-26 09:45:54,972 INFO  impl.RaftServerImpl (ServerState.java:close(386)) - s6@group-5172BA8D467F: closes. applyIndex: 6
2019-09-26 09:45:54,970 INFO  impl.LogAppender (LogAppender.java:run(78)) - s6@group-5172BA8D467F->s1-LogAppender-AppenderDaemon was interrupted: java.lang.InterruptedException
2019-09-26 09:45:54,970 INFO  util.JmxRegister (JmxRegister.java:unregister(73)) - Successfully un-registered JMX Bean with object name Ratis:service=RaftServer,group=group-5172BA8D467F,id=s5
2019-09-26 09:45:54,970 INFO  impl.LogAppender (LogAppender.java:run(78)) - s6@group-5172BA8D467F->s5-LogAppender-AppenderDaemon was interrupted: java.lang.InterruptedException
2019-09-26 09:45:54,973 INFO  impl.RoleInfo (RoleInfo.java:shutdownFollowerState(121)) - s5: shutdown FollowerState
2019-09-26 09:45:54,973 INFO  impl.StateMachineUpdater (StateMachineUpdater.java:stopAndJoin(136)) - s5@group-5172BA8D467F-StateMachineUpdater: set stopIndex = 6
2019-09-26 09:45:54,972 INFO  segmented.SegmentedRaftLogWorker (SegmentedRaftLogWorker.java:run(313)) - s6@group-5172BA8D467F-SegmentedRaftLogWorker was interrupted, exiting. There are 0 tasks remaining in the queue.
2019-09-26 09:45:54,972 INFO  util.JmxRegister (JmxRegister.java:unregister(73)) - Successfully un-registered JMX Bean with object name Ratis:service=RaftServer,group=group-5172BA8D467F,id=s2
2019-09-26 09:45:54,972 INFO  util.JmxRegister (JmxRegister.java:unregister(73)) - Successfully un-registered JMX Bean with object name Ratis:service=RaftServer,group=group-5172BA8D467F,id=s1
2019-09-26 09:45:54,971 INFO  util.JmxRegister (JmxRegister.java:unregister(73)) - Successfully un-registered JMX Bean with object name Ratis:service=RaftServer,group=group-5172BA8D467F,id=s0
2019-09-26 09:45:54,974 INFO  impl.RoleInfo (RoleInfo.java:shutdownFollowerState(121)) - s1: shutdown FollowerState
2019-09-26 09:45:54,974 INFO  impl.RoleInfo (RoleInfo.java:shutdownFollowerState(121)) - s2: shutdown FollowerState
2019-09-26 09:45:54,973 INFO  impl.RaftServerImpl (ServerState.java:close(386)) - s5@group-5172BA8D467F: closes. applyIndex: 6
2019-09-26 09:45:54,973 INFO  impl.FollowerState (FollowerState.java:run(117)) - s5@group-5172BA8D467F-FollowerState was interrupted: java.lang.InterruptedException: sleep interrupted
2019-09-26 09:45:54,975 INFO  impl.FollowerState (FollowerState.java:run(117)) - s2@group-5172BA8D467F-FollowerState was interrupted: java.lang.InterruptedException: sleep interrupted
2019-09-26 09:45:54,975 INFO  impl.StateMachineUpdater (StateMachineUpdater.java:stopAndJoin(136)) - s2@group-5172BA8D467F-StateMachineUpdater: set stopIndex = 6
2019-09-26 09:45:54,975 INFO  impl.FollowerState (FollowerState.java:run(117)) - s1@group-5172BA8D467F-FollowerState was interrupted: java.lang.InterruptedException: sleep interrupted
2019-09-26 09:45:54,974 INFO  impl.StateMachineUpdater (StateMachineUpdater.java:stopAndJoin(136)) - s1@group-5172BA8D467F-StateMachineUpdater: set stopIndex = 6
2019-09-26 09:45:54,976 INFO  impl.RaftServerImpl (ServerState.java:close(386)) - s1@group-5172BA8D467F: closes. applyIndex: 6
2019-09-26 09:45:54,974 INFO  impl.RoleInfo (RoleInfo.java:shutdownLeaderElection(134)) - s0: shutdown LeaderElection
2019-09-26 09:45:54,976 INFO  segmented.SegmentedRaftLogWorker (SegmentedRaftLogWorker.java:run(313)) - s1@group-5172BA8D467F-SegmentedRaftLogWorker was interrupted, exiting. There are 0 tasks remaining in the queue.
2019-09-26 09:45:54,976 INFO  segmented.SegmentedRaftLogWorker (SegmentedRaftLogWorker.java:close(228)) - s6@group-5172BA8D467F-SegmentedRaftLogWorker close()
2019-09-26 09:45:54,975 INFO  impl.RaftServerImpl (ServerState.java:close(386)) - s2@group-5172BA8D467F: closes. applyIndex: 6
2019-09-26 09:45:54,975 INFO  segmented.SegmentedRaftLogWorker (SegmentedRaftLogWorker.java:run(313)) - s5@group-5172BA8D467F-SegmentedRaftLogWorker was interrupted, exiting. There are 0 tasks remaining in the queue.
2019-09-26 09:45:54,979 INFO  logging.LoggingHandler (AbstractInternalLogger.java:log(150)) - [id: 0x829219e5, L:/0.0.0.0:44864] UNREGISTERED
2019-09-26 09:45:54,978 INFO  segmented.SegmentedRaftLogWorker (SegmentedRaftLogWorker.java:close(228)) - s1@group-5172BA8D467F-SegmentedRaftLogWorker close()
2019-09-26 09:45:54,976 INFO  impl.StateMachineUpdater (StateMachineUpdater.java:stopAndJoin(136)) - s0@group-5172BA8D467F-StateMachineUpdater: set stopIndex = -1
2019-09-26 09:45:54,982 INFO  logging.LoggingHandler (AbstractInternalLogger.java:log(150)) - [id: 0x7b24c3b0, L:/0.0.0.0:40678] UNREGISTERED
2019-09-26 09:45:54,981 INFO  segmented.SegmentedRaftLogWorker (SegmentedRaftLogWorker.java:close(228)) - s5@group-5172BA8D467F-SegmentedRaftLogWorker close()
2019-09-26 09:45:54,979 INFO  segmented.SegmentedRaftLogWorker (SegmentedRaftLogWorker.java:run(313)) - s2@group-5172BA8D467F-SegmentedRaftLogWorker was interrupted, exiting. There are 0 tasks remaining in the queue.
2019-09-26 09:45:54,982 INFO  impl.RaftServerImpl (ServerState.java:close(386)) - s0@group-5172BA8D467F: closes. applyIndex: -1
2019-09-26 09:45:54,985 INFO  logging.LoggingHandler (AbstractInternalLogger.java:log(150)) - [id: 0x446b6fca, L:/0.0.0.0:37411] UNREGISTERED
2019-09-26 09:45:54,985 INFO  segmented.SegmentedRaftLogWorker (SegmentedRaftLogWorker.java:run(313)) - s0@group-5172BA8D467F-SegmentedRaftLogWorker was interrupted, exiting. There are 0 tasks remaining in the queue.
2019-09-26 09:45:54,985 INFO  segmented.SegmentedRaftLogWorker (SegmentedRaftLogWorker.java:close(228)) - s0@group-5172BA8D467F-SegmentedRaftLogWorker close()
2019-09-26 09:45:54,987 INFO  segmented.SegmentedRaftLogWorker (SegmentedRaftLogWorker.java:close(228)) - s2@group-5172BA8D467F-SegmentedRaftLogWorker close()
2019-09-26 09:45:54,988 INFO  logging.LoggingHandler (AbstractInternalLogger.java:log(150)) - [id: 0x038062ad, L:/0.0.0.0:36205] UNREGISTERED
2019-09-26 09:45:54,990 INFO  logging.LoggingHandler (AbstractInternalLogger.java:log(150)) - [id: 0xc52b199c, L:/0.0.0.0:37393] UNREGISTERED
2019-09-26 09:45:54,995 INFO  impl.LeaderElection (LogUtils.java:infoOrTrace(149)) - s0@group-5172BA8D467F-LeaderElection20 got exception when requesting votes: java.util.concurrent.ExecutionException: java.io.IOException: Connection to s3:0.0.0.0:37437 is closed.
2019-09-26 09:45:55,001 INFO  ratis.MiniRaftCluster (MiniRaftCluster.java:shutdown(722)) - MiniRaftClusterWithNetty shutdown completed
2019-09-26 09:45:55,004 INFO  impl.LeaderElection (LeaderElection.java:logAndReturn(56)) - s0@group-5172BA8D467F-LeaderElection20: Election REJECTED; received 0 response(s) [] and 1 exception(s); s0@group-5172BA8D467F:t49, leader=null, voted=s0, raftlog=s0@group-5172BA8D467F-SegmentedRaftLog:CLOSED:c-1, conf=-1: [s3:0.0.0.0:37437, s4:0.0.0.0:38885, s0:0.0.0.0:36205, s1:0.0.0.0:40678, s2:0.0.0.0:37393], old=null
2019-09-26 09:45:55,005 INFO  impl.LeaderElection (LogUtils.java:infoOrTrace(149)) -   Exception 0: java.util.concurrent.ExecutionException: java.io.IOException: Connection to s3:0.0.0.0:37437 is closed.
]]></system-out>
  </testcase>
  <testcase name="testKillLeaderDuringReconf" classname="org.apache.ratis.netty.TestRaftReconfigurationWithNetty" time="46.43">
    <error message="No leader yet : printing ALL groups&#10;  s3:   CLOSED  FOLLOWER s3@group-808489D4E928:t0, leader=null, voted=null, raftlog=s3@group-808489D4E928-SegmentedRaftLog:CLOSED:c-1, conf=-1: [s0:0.0.0.0:42957, s1:0.0.0.0:41030, s2:0.0.0.0:35144], old=null CLOSED&#10;  s0:  RUNNING CANDIDATE s0@group-808489D4E928:t202, leader=null, voted=s0, raftlog=s0@group-808489D4E928-SegmentedRaftLog:OPENED:c-1,f-1,i0, conf=-1: [s0:0.0.0.0:42957, s1:0.0.0.0:41030, s2:0.0.0.0:35144], old=null RUNNING&#10;  s1:  RUNNING CANDIDATE s1@group-808489D4E928:t190, leader=null, voted=s1, raftlog=s1@group-808489D4E928-SegmentedRaftLog:OPENED:c0,f0,i0, conf=0: [s0:0.0.0.0:42957, s1:0.0.0.0:41030, s2:0.0.0.0:35144], old=null RUNNING&#10;  s2:   CLOSED    LEADER s2@group-808489D4E928:t1, leader=s2, voted=s2, raftlog=s2@group-808489D4E928-SegmentedRaftLog:CLOSED:c0, conf=0: [s0:0.0.0.0:42957, s1:0.0.0.0:41030, s2:0.0.0.0:35144], old=null CLOSED" type="java.lang.IllegalStateException">java.lang.IllegalStateException: 
No leader yet : printing ALL groups
  s3:   CLOSED  FOLLOWER s3@group-808489D4E928:t0, leader=null, voted=null, raftlog=s3@group-808489D4E928-SegmentedRaftLog:CLOSED:c-1, conf=-1: [s0:0.0.0.0:42957, s1:0.0.0.0:41030, s2:0.0.0.0:35144], old=null CLOSED
  s0:  RUNNING CANDIDATE s0@group-808489D4E928:t202, leader=null, voted=s0, raftlog=s0@group-808489D4E928-SegmentedRaftLog:OPENED:c-1,f-1,i0, conf=-1: [s0:0.0.0.0:42957, s1:0.0.0.0:41030, s2:0.0.0.0:35144], old=null RUNNING
  s1:  RUNNING CANDIDATE s1@group-808489D4E928:t190, leader=null, voted=s1, raftlog=s1@group-808489D4E928-SegmentedRaftLog:OPENED:c0,f0,i0, conf=0: [s0:0.0.0.0:42957, s1:0.0.0.0:41030, s2:0.0.0.0:35144], old=null RUNNING
  s2:   CLOSED    LEADER s2@group-808489D4E928:t1, leader=s2, voted=s2, raftlog=s2@group-808489D4E928-SegmentedRaftLog:CLOSED:c0, conf=0: [s0:0.0.0.0:42957, s1:0.0.0.0:41030, s2:0.0.0.0:35144], old=null CLOSED
</error>
    <system-out><![CDATA[2019-09-26 09:45:55,006 INFO  util.LogUtils (LogUtils.java:setLogLevel(41)) - Set org.apache.ratis.conf.ConfUtils log level to WARN
2019-09-26 09:45:55,006 INFO  util.LogUtils (LogUtils.java:setLogLevel(41)) - Set org.apache.ratis.util.FileUtils log level to TRACE
2019-09-26 09:45:55,008 INFO  ratis.MiniRaftCluster (MiniRaftCluster.java:runWithNewCluster(119)) - Running runWithNewCluster
2019-09-26 09:45:55,009 INFO  ratis.MiniRaftCluster (MiniRaftCluster.java:<init>(253)) - new MiniRaftClusterWithNetty with group-808489D4E928:[s0:0.0.0.0:42957, s1:0.0.0.0:41030, s2:0.0.0.0:35144]
2019-09-26 09:45:55,009 INFO  ratis.MiniRaftCluster (MiniRaftCluster.java:start(287)) - .............................................................. 
2019-09-26 09:45:55,009 INFO  ratis.MiniRaftCluster (MiniRaftCluster.java:start(288)) - ... 
2019-09-26 09:45:55,009 INFO  ratis.MiniRaftCluster (MiniRaftCluster.java:start(289)) - ...     Starting MiniRaftClusterWithNetty
2019-09-26 09:45:55,009 INFO  ratis.MiniRaftCluster (MiniRaftCluster.java:start(290)) - ... 
2019-09-26 09:45:55,010 INFO  ratis.MiniRaftCluster (MiniRaftCluster.java:start(291)) - .............................................................. 
2019-09-26 09:45:55,010 INFO  ratis.MiniRaftCluster (MiniRaftCluster.java:initServers(265)) - servers = {}
2019-09-26 09:45:55,010 INFO  ratis.MiniRaftCluster (MiniRaftCluster.java:newRaftServer(330)) - newRaftServer: s0, group-808489D4E928:[s0:0.0.0.0:42957, s1:0.0.0.0:41030, s2:0.0.0.0:35144], format? true
2019-09-26 09:45:55,010 TRACE util.FileUtils (FileUtils.java:deleteFully(88)) - deleteFully target/test/data/bb022a74/MiniRaftClusterWithNetty9602666f/s0
2019-09-26 09:45:55,011 TRACE util.FileUtils (FileUtils.java:deleteFully(104)) - deleteFully: target/test/data/bb022a74/MiniRaftClusterWithNetty9602666f/s0 does not exist.
2019-09-26 09:45:55,011 INFO  ratis.MiniRaftCluster (MiniRaftCluster.java:newRaftServer(335)) - Formatted directory target/test/data/bb022a74/MiniRaftClusterWithNetty9602666f/s0
2019-09-26 09:45:55,011 INFO  impl.RaftServerProxy (ConfUtils.java:logGet(43)) - raft.rpc.type = NETTY (custom)
2019-09-26 09:45:55,013 INFO  netty.NettyConfigKeys$Server (ConfUtils.java:logGet(43)) - raft.netty.server.port = 42957 (custom)
2019-09-26 09:45:55,015 INFO  server.RaftServerConfigKeys (ConfUtils.java:logGet(43)) - raft.server.storage.dir = [/workdir/ratis-test/target/test/data/bb022a74/MiniRaftClusterWithNetty9602666f/s0] (custom)
2019-09-26 09:45:55,015 INFO  logging.LoggingHandler (AbstractInternalLogger.java:log(150)) - [id: 0xe0803920] REGISTERED
2019-09-26 09:45:55,015 INFO  impl.RaftServerProxy (RaftServerProxy.java:addNew(89)) - s0: addNew group-808489D4E928:[s0:0.0.0.0:42957, s1:0.0.0.0:41030, s2:0.0.0.0:35144] returns group-808489D4E928:java.util.concurrent.CompletableFuture@77f520a8[Not completed]
2019-09-26 09:45:55,016 INFO  logging.LoggingHandler (AbstractInternalLogger.java:log(150)) - [id: 0xe0803920] BIND: 0.0.0.0/0.0.0.0:42957
2019-09-26 09:45:55,016 INFO  logging.LoggingHandler (AbstractInternalLogger.java:log(150)) - [id: 0xe0803920, L:/0.0.0.0:42957] ACTIVE
2019-09-26 09:45:55,016 INFO  impl.RaftServerImpl (RaftServerImpl.java:<init>(95)) - s0: new RaftServerImpl for group-808489D4E928:[s0:0.0.0.0:42957, s1:0.0.0.0:41030, s2:0.0.0.0:35144] with BaseStateMachine:uninitialized
2019-09-26 09:45:55,017 INFO  server.RaftServerConfigKeys (ConfUtils.java:logGet(43)) - raft.server.rpc.timeout.min = 150ms (default)
2019-09-26 09:45:55,018 INFO  ratis.MiniRaftCluster (MiniRaftCluster.java:newRaftServer(330)) - newRaftServer: s1, group-808489D4E928:[s0:0.0.0.0:42957, s1:0.0.0.0:41030, s2:0.0.0.0:35144], format? true
2019-09-26 09:45:55,018 INFO  server.RaftServerConfigKeys (ConfUtils.java:logGet(43)) - raft.server.rpc.timeout.max = 300ms (default)
2019-09-26 09:45:55,018 TRACE util.FileUtils (FileUtils.java:deleteFully(88)) - deleteFully target/test/data/bb022a74/MiniRaftClusterWithNetty9602666f/s1
2019-09-26 09:45:55,018 INFO  server.RaftServerConfigKeys (ConfUtils.java:logGet(43)) - raft.server.rpcslowness.timeout = 60s (default)
2019-09-26 09:45:55,018 TRACE util.FileUtils (FileUtils.java:deleteFully(104)) - deleteFully: target/test/data/bb022a74/MiniRaftClusterWithNetty9602666f/s1 does not exist.
2019-09-26 09:45:55,019 INFO  ratis.MiniRaftCluster (MiniRaftCluster.java:newRaftServer(335)) - Formatted directory target/test/data/bb022a74/MiniRaftClusterWithNetty9602666f/s1
2019-09-26 09:45:55,018 INFO  server.RaftServerConfigKeys (ConfUtils.java:logGet(43)) - raft.server.sleep.deviation.threshold = 300 (default)
2019-09-26 09:45:55,019 INFO  server.RaftServerConfigKeys (ConfUtils.java:logGet(43)) - raft.server.log.appender.install.snapshot.enabled = true (default)
2019-09-26 09:45:55,019 INFO  impl.RaftServerProxy (ConfUtils.java:logGet(43)) - raft.rpc.type = NETTY (custom)
2019-09-26 09:45:55,019 INFO  impl.RaftServerImpl (ServerState.java:<init>(103)) - s0@group-808489D4E928: ConfigurationManager, init=-1: [s0:0.0.0.0:42957, s1:0.0.0.0:41030, s2:0.0.0.0:35144], old=null, confs=<EMPTY_MAP>
2019-09-26 09:45:55,020 INFO  server.RaftServerConfigKeys (ConfUtils.java:logGet(43)) - raft.server.storage.dir = [/workdir/ratis-test/target/test/data/bb022a74/MiniRaftClusterWithNetty9602666f/s0] (custom)
2019-09-26 09:45:55,020 INFO  server.RaftServerConfigKeys (ConfUtils.java:logGet(43)) - raft.server.log.corruption.policy = EXCEPTION (default)
2019-09-26 09:45:55,021 INFO  storage.RaftStorageDirectory (RaftStorageDirectory.java:analyzeStorage(246)) - The storage directory /workdir/ratis-test/target/test/data/bb022a74/MiniRaftClusterWithNetty9602666f/s0/14b616d0-5e07-43fd-8a12-808489d4e928 does not exist. Creating ...
2019-09-26 09:45:55,021 INFO  netty.NettyConfigKeys$Server (ConfUtils.java:logGet(43)) - raft.netty.server.port = 41030 (custom)
2019-09-26 09:45:55,022 TRACE util.FileUtils (LogUtils.java:runAndLog(61)) - Successfully ran Files.createDirectories /workdir/ratis-test/target/test/data/bb022a74/MiniRaftClusterWithNetty9602666f/s0/14b616d0-5e07-43fd-8a12-808489d4e928
2019-09-26 09:45:55,022 INFO  logging.LoggingHandler (AbstractInternalLogger.java:log(150)) - [id: 0x52901452] REGISTERED
2019-09-26 09:45:55,022 INFO  server.RaftServerConfigKeys (ConfUtils.java:logGet(43)) - raft.server.storage.dir = [/workdir/ratis-test/target/test/data/bb022a74/MiniRaftClusterWithNetty9602666f/s1] (custom)
2019-09-26 09:45:55,022 INFO  logging.LoggingHandler (AbstractInternalLogger.java:log(150)) - [id: 0x52901452] BIND: 0.0.0.0/0.0.0.0:41030
2019-09-26 09:45:55,022 INFO  logging.LoggingHandler (AbstractInternalLogger.java:log(150)) - [id: 0x52901452, L:/0.0.0.0:41030] ACTIVE
2019-09-26 09:45:55,022 INFO  impl.RaftServerProxy (RaftServerProxy.java:addNew(89)) - s1: addNew group-808489D4E928:[s0:0.0.0.0:42957, s1:0.0.0.0:41030, s2:0.0.0.0:35144] returns group-808489D4E928:java.util.concurrent.CompletableFuture@b1e0786[Not completed]
2019-09-26 09:45:55,023 INFO  ratis.MiniRaftCluster (MiniRaftCluster.java:newRaftServer(330)) - newRaftServer: s2, group-808489D4E928:[s0:0.0.0.0:42957, s1:0.0.0.0:41030, s2:0.0.0.0:35144], format? true
2019-09-26 09:45:55,023 TRACE util.FileUtils (FileUtils.java:deleteFully(88)) - deleteFully target/test/data/bb022a74/MiniRaftClusterWithNetty9602666f/s2
2019-09-26 09:45:55,023 INFO  impl.RaftServerImpl (RaftServerImpl.java:<init>(95)) - s1: new RaftServerImpl for group-808489D4E928:[s0:0.0.0.0:42957, s1:0.0.0.0:41030, s2:0.0.0.0:35144] with BaseStateMachine:uninitialized
2019-09-26 09:45:55,024 TRACE util.FileUtils (FileUtils.java:deleteFully(104)) - deleteFully: target/test/data/bb022a74/MiniRaftClusterWithNetty9602666f/s2 does not exist.
2019-09-26 09:45:55,025 INFO  ratis.MiniRaftCluster (MiniRaftCluster.java:newRaftServer(335)) - Formatted directory target/test/data/bb022a74/MiniRaftClusterWithNetty9602666f/s2
2019-09-26 09:45:55,024 INFO  server.RaftServerConfigKeys (ConfUtils.java:logGet(43)) - raft.server.rpc.timeout.min = 150ms (default)
2019-09-26 09:45:55,025 INFO  server.RaftServerConfigKeys (ConfUtils.java:logGet(43)) - raft.server.rpc.timeout.max = 300ms (default)
2019-09-26 09:45:55,025 INFO  impl.RaftServerProxy (ConfUtils.java:logGet(43)) - raft.rpc.type = NETTY (custom)
2019-09-26 09:45:55,025 INFO  server.RaftServerConfigKeys (ConfUtils.java:logGet(43)) - raft.server.rpcslowness.timeout = 60s (default)
2019-09-26 09:45:55,025 INFO  server.RaftServerConfigKeys (ConfUtils.java:logGet(43)) - raft.server.sleep.deviation.threshold = 300 (default)
2019-09-26 09:45:55,026 INFO  server.RaftServerConfigKeys (ConfUtils.java:logGet(43)) - raft.server.log.appender.install.snapshot.enabled = true (default)
2019-09-26 09:45:55,026 INFO  impl.RaftServerImpl (ServerState.java:<init>(103)) - s1@group-808489D4E928: ConfigurationManager, init=-1: [s0:0.0.0.0:42957, s1:0.0.0.0:41030, s2:0.0.0.0:35144], old=null, confs=<EMPTY_MAP>
2019-09-26 09:45:55,026 INFO  server.RaftServerConfigKeys (ConfUtils.java:logGet(43)) - raft.server.storage.dir = [/workdir/ratis-test/target/test/data/bb022a74/MiniRaftClusterWithNetty9602666f/s1] (custom)
2019-09-26 09:45:55,026 INFO  server.RaftServerConfigKeys (ConfUtils.java:logGet(43)) - raft.server.log.corruption.policy = EXCEPTION (default)
2019-09-26 09:45:55,026 INFO  netty.NettyConfigKeys$Server (ConfUtils.java:logGet(43)) - raft.netty.server.port = 35144 (custom)
2019-09-26 09:45:55,026 INFO  storage.RaftStorageDirectory (RaftStorageDirectory.java:analyzeStorage(246)) - The storage directory /workdir/ratis-test/target/test/data/bb022a74/MiniRaftClusterWithNetty9602666f/s1/14b616d0-5e07-43fd-8a12-808489d4e928 does not exist. Creating ...
2019-09-26 09:45:55,027 INFO  storage.RaftStorageDirectory (RaftStorageDirectory.java:tryLock(328)) - Lock on /workdir/ratis-test/target/test/data/bb022a74/MiniRaftClusterWithNetty9602666f/s0/14b616d0-5e07-43fd-8a12-808489d4e928/in_use.lock acquired by nodename 3395@ratis-test-kn96w-682825239
2019-09-26 09:45:55,027 INFO  server.RaftServerConfigKeys (ConfUtils.java:logGet(43)) - raft.server.storage.dir = [/workdir/ratis-test/target/test/data/bb022a74/MiniRaftClusterWithNetty9602666f/s2] (custom)
2019-09-26 09:45:55,027 INFO  logging.LoggingHandler (AbstractInternalLogger.java:log(150)) - [id: 0x41e61410] REGISTERED
2019-09-26 09:45:55,027 TRACE util.FileUtils (LogUtils.java:runAndLog(61)) - Successfully ran Files.createDirectories /workdir/ratis-test/target/test/data/bb022a74/MiniRaftClusterWithNetty9602666f/s0/14b616d0-5e07-43fd-8a12-808489d4e928/current
2019-09-26 09:45:55,027 INFO  logging.LoggingHandler (AbstractInternalLogger.java:log(150)) - [id: 0x41e61410] BIND: 0.0.0.0/0.0.0.0:35144
2019-09-26 09:45:55,028 TRACE util.FileUtils (LogUtils.java:runAndLog(61)) - Successfully ran Files.createDirectories /workdir/ratis-test/target/test/data/bb022a74/MiniRaftClusterWithNetty9602666f/s0/14b616d0-5e07-43fd-8a12-808489d4e928/sm
2019-09-26 09:45:55,027 INFO  impl.RaftServerProxy (RaftServerProxy.java:addNew(89)) - s2: addNew group-808489D4E928:[s0:0.0.0.0:42957, s1:0.0.0.0:41030, s2:0.0.0.0:35144] returns group-808489D4E928:java.util.concurrent.CompletableFuture@689a5e2f[Not completed]
2019-09-26 09:45:55,027 TRACE util.FileUtils (LogUtils.java:runAndLog(61)) - Successfully ran Files.createDirectories /workdir/ratis-test/target/test/data/bb022a74/MiniRaftClusterWithNetty9602666f/s1/14b616d0-5e07-43fd-8a12-808489d4e928
2019-09-26 09:45:55,028 INFO  impl.RaftServerImpl (RaftServerImpl.java:<init>(95)) - s2: new RaftServerImpl for group-808489D4E928:[s0:0.0.0.0:42957, s1:0.0.0.0:41030, s2:0.0.0.0:35144] with BaseStateMachine:uninitialized
2019-09-26 09:45:55,028 INFO  logging.LoggingHandler (AbstractInternalLogger.java:log(150)) - [id: 0x41e61410, L:/0.0.0.0:35144] ACTIVE
2019-09-26 09:45:55,029 INFO  server.RaftServerConfigKeys (ConfUtils.java:logGet(43)) - raft.server.rpc.timeout.min = 150ms (default)
2019-09-26 09:45:55,029 INFO  server.RaftServerConfigKeys (ConfUtils.java:logGet(43)) - raft.server.rpc.timeout.max = 300ms (default)
2019-09-26 09:45:55,029 INFO  server.RaftServerConfigKeys (ConfUtils.java:logGet(43)) - raft.server.rpcslowness.timeout = 60s (default)
2019-09-26 09:45:55,029 INFO  server.RaftServerConfigKeys (ConfUtils.java:logGet(43)) - raft.server.sleep.deviation.threshold = 300 (default)
2019-09-26 09:45:55,029 INFO  server.RaftServerConfigKeys (ConfUtils.java:logGet(43)) - raft.server.log.appender.install.snapshot.enabled = true (default)
2019-09-26 09:45:55,030 INFO  impl.RaftServerImpl (ServerState.java:<init>(103)) - s2@group-808489D4E928: ConfigurationManager, init=-1: [s0:0.0.0.0:42957, s1:0.0.0.0:41030, s2:0.0.0.0:35144], old=null, confs=<EMPTY_MAP>
2019-09-26 09:45:55,030 INFO  server.RaftServerConfigKeys (ConfUtils.java:logGet(43)) - raft.server.storage.dir = [/workdir/ratis-test/target/test/data/bb022a74/MiniRaftClusterWithNetty9602666f/s2] (custom)
2019-09-26 09:45:55,030 INFO  server.RaftServerConfigKeys (ConfUtils.java:logGet(43)) - raft.server.log.corruption.policy = EXCEPTION (default)
2019-09-26 09:45:55,030 INFO  storage.RaftStorageDirectory (RaftStorageDirectory.java:analyzeStorage(246)) - The storage directory /workdir/ratis-test/target/test/data/bb022a74/MiniRaftClusterWithNetty9602666f/s2/14b616d0-5e07-43fd-8a12-808489d4e928 does not exist. Creating ...
2019-09-26 09:45:55,031 TRACE util.FileUtils (LogUtils.java:runAndLog(61)) - Successfully ran Files.createDirectories /workdir/ratis-test/target/test/data/bb022a74/MiniRaftClusterWithNetty9602666f/s2/14b616d0-5e07-43fd-8a12-808489d4e928
2019-09-26 09:45:55,042 INFO  storage.RaftStorageDirectory (RaftStorageDirectory.java:tryLock(328)) - Lock on /workdir/ratis-test/target/test/data/bb022a74/MiniRaftClusterWithNetty9602666f/s1/14b616d0-5e07-43fd-8a12-808489d4e928/in_use.lock acquired by nodename 3395@ratis-test-kn96w-682825239
2019-09-26 09:45:55,042 INFO  storage.RaftStorage (RaftStorage.java:format(84)) - Storage directory /workdir/ratis-test/target/test/data/bb022a74/MiniRaftClusterWithNetty9602666f/s0/14b616d0-5e07-43fd-8a12-808489d4e928 has been successfully formatted.
2019-09-26 09:45:55,042 INFO  storage.RaftStorageDirectory (RaftStorageDirectory.java:tryLock(328)) - Lock on /workdir/ratis-test/target/test/data/bb022a74/MiniRaftClusterWithNetty9602666f/s2/14b616d0-5e07-43fd-8a12-808489d4e928/in_use.lock acquired by nodename 3395@ratis-test-kn96w-682825239
2019-09-26 09:45:55,042 INFO  server.RaftServerConfigKeys (ConfUtils.java:logGet(43)) - raft.server.notification.no-leader.timeout = 60s (default)
2019-09-26 09:45:55,042 TRACE util.FileUtils (LogUtils.java:runAndLog(61)) - Successfully ran Files.createDirectories /workdir/ratis-test/target/test/data/bb022a74/MiniRaftClusterWithNetty9602666f/s1/14b616d0-5e07-43fd-8a12-808489d4e928/current
2019-09-26 09:45:55,042 TRACE util.FileUtils (LogUtils.java:runAndLog(61)) - Successfully ran Files.createDirectories /workdir/ratis-test/target/test/data/bb022a74/MiniRaftClusterWithNetty9602666f/s2/14b616d0-5e07-43fd-8a12-808489d4e928/current
2019-09-26 09:45:55,043 TRACE util.FileUtils (LogUtils.java:runAndLog(61)) - Successfully ran Files.createDirectories /workdir/ratis-test/target/test/data/bb022a74/MiniRaftClusterWithNetty9602666f/s1/14b616d0-5e07-43fd-8a12-808489d4e928/sm
2019-09-26 09:45:55,042 INFO  server.RaftServerConfigKeys (ConfUtils.java:logGet(43)) - raft.server.log.use.memory = false (default)
2019-09-26 09:45:55,043 TRACE util.FileUtils (LogUtils.java:runAndLog(61)) - Successfully ran Files.createDirectories /workdir/ratis-test/target/test/data/bb022a74/MiniRaftClusterWithNetty9602666f/s2/14b616d0-5e07-43fd-8a12-808489d4e928/sm
2019-09-26 09:45:55,043 INFO  server.RaftServerConfigKeys (ConfUtils.java:logGet(43)) - raft.server.log.purge.gap = 1024 (default)
2019-09-26 09:45:55,043 INFO  server.RaftServerConfigKeys (ConfUtils.java:logGet(43)) - raft.server.log.appender.buffer.byte-limit = 4MB (=4194304) (default)
2019-09-26 09:45:55,044 INFO  server.RaftServerConfigKeys (ConfUtils.java:logGet(43)) - raft.server.log.segment.size.max = 8MB (=8388608) (default)
2019-09-26 09:45:55,044 INFO  server.RaftServerConfigKeys (ConfUtils.java:logGet(43)) - raft.server.log.segment.cache.num.max = 6 (default)
2019-09-26 09:45:55,044 INFO  segmented.SegmentedRaftLogWorker (SegmentedRaftLogWorker.java:<init>(172)) - new s0@group-808489D4E928-SegmentedRaftLogWorker for RaftStorage:Storage Directory /workdir/ratis-test/target/test/data/bb022a74/MiniRaftClusterWithNetty9602666f/s0/14b616d0-5e07-43fd-8a12-808489d4e928
2019-09-26 09:45:55,044 INFO  server.RaftServerConfigKeys (ConfUtils.java:logGet(43)) - raft.server.log.queue.byte-limit = 64MB (=67108864) (default)
2019-09-26 09:45:55,044 INFO  server.RaftServerConfigKeys (ConfUtils.java:logGet(43)) - raft.server.log.queue.element-limit = 4096 (default)
2019-09-26 09:45:55,044 INFO  server.RaftServerConfigKeys (ConfUtils.java:logGet(43)) - raft.server.log.segment.size.max = 8MB (=8388608) (default)
2019-09-26 09:45:55,044 INFO  server.RaftServerConfigKeys (ConfUtils.java:logGet(43)) - raft.server.log.preallocated.size = 4MB (=4194304) (default)
2019-09-26 09:45:55,045 INFO  server.RaftServerConfigKeys (ConfUtils.java:logGet(43)) - raft.server.log.write.buffer.size = 64KB (=65536) (default)
2019-09-26 09:45:55,045 INFO  server.RaftServerConfigKeys (ConfUtils.java:logGet(43)) - raft.server.log.force.sync.num = 128 (default)
2019-09-26 09:45:55,045 INFO  server.RaftServerConfigKeys (ConfUtils.java:logGet(43)) - raft.server.log.statemachine.data.sync = true (default)
2019-09-26 09:45:55,045 INFO  server.RaftServerConfigKeys (ConfUtils.java:logGet(43)) - raft.server.log.statemachine.data.sync.timeout = 10s (default)
2019-09-26 09:45:55,045 INFO  server.RaftServerConfigKeys (ConfUtils.java:logGet(43)) - raft.server.log.statemachine.data.sync.timeout.retry = -1 (default)
2019-09-26 09:45:55,045 INFO  server.RaftServerConfigKeys (ConfUtils.java:logGet(43)) - raft.server.log.statemachine.data.caching.enabled = false (default)
2019-09-26 09:45:55,046 INFO  segmented.SegmentedRaftLogWorker (SegmentedRaftLogWorker.java:lambda$new$0(132)) - s0@group-808489D4E928-SegmentedRaftLogWorker: flushIndex: setUnconditionally 0 -> -1
2019-09-26 09:45:55,046 INFO  server.RaftServerConfigKeys (ConfUtils.java:logGet(43)) - raft.server.snapshot.auto.trigger.enabled = false (default)
2019-09-26 09:45:55,046 INFO  server.RaftServerConfigKeys (ConfUtils.java:logGet(43)) - raft.server.snapshot.retention.file.num = -1 (default)
2019-09-26 09:45:55,046 INFO  server.RaftServerConfigKeys (ConfUtils.java:logGet(43)) - raft.server.retrycache.expirytime = 60s (default)
2019-09-26 09:45:55,050 INFO  impl.RaftServerImpl (RaftServerImpl.java:start(181)) - s0@group-808489D4E928: start as a follower, conf=-1: [s0:0.0.0.0:42957, s1:0.0.0.0:41030, s2:0.0.0.0:35144], old=null
2019-09-26 09:45:55,050 INFO  impl.RaftServerImpl (RaftServerImpl.java:setRole(170)) - s0@group-808489D4E928: changes role from      null to FOLLOWER at term 0 for startAsFollower
2019-09-26 09:45:55,050 INFO  impl.RoleInfo (RoleInfo.java:updateAndGet(143)) - s0: start FollowerState
2019-09-26 09:45:55,051 INFO  util.JmxRegister (JmxRegister.java:tryRegister(44)) - Successfully registered JMX Bean with object name Ratis:service=RaftServer,group=group-808489D4E928,id=s0
2019-09-26 09:45:55,053 INFO  impl.RaftServerProxy (RaftServerProxy.java:lambda$start$3(299)) - s0: start RPC server
2019-09-26 09:45:55,056 INFO  storage.RaftStorage (RaftStorage.java:format(84)) - Storage directory /workdir/ratis-test/target/test/data/bb022a74/MiniRaftClusterWithNetty9602666f/s2/14b616d0-5e07-43fd-8a12-808489d4e928 has been successfully formatted.
2019-09-26 09:45:55,056 INFO  storage.RaftStorage (RaftStorage.java:format(84)) - Storage directory /workdir/ratis-test/target/test/data/bb022a74/MiniRaftClusterWithNetty9602666f/s1/14b616d0-5e07-43fd-8a12-808489d4e928 has been successfully formatted.
2019-09-26 09:45:55,057 INFO  server.RaftServerConfigKeys (ConfUtils.java:logGet(43)) - raft.server.notification.no-leader.timeout = 60s (default)
2019-09-26 09:45:55,057 INFO  server.RaftServerConfigKeys (ConfUtils.java:logGet(43)) - raft.server.notification.no-leader.timeout = 60s (default)
2019-09-26 09:45:55,057 INFO  server.RaftServerConfigKeys (ConfUtils.java:logGet(43)) - raft.server.log.use.memory = false (default)
2019-09-26 09:45:55,057 INFO  server.RaftServerConfigKeys (ConfUtils.java:logGet(43)) - raft.server.log.use.memory = false (default)
2019-09-26 09:45:55,057 INFO  server.RaftServerConfigKeys (ConfUtils.java:logGet(43)) - raft.server.log.purge.gap = 1024 (default)
2019-09-26 09:45:55,057 INFO  server.RaftServerConfigKeys (ConfUtils.java:logGet(43)) - raft.server.log.purge.gap = 1024 (default)
2019-09-26 09:45:55,058 INFO  server.RaftServerConfigKeys (ConfUtils.java:logGet(43)) - raft.server.log.appender.buffer.byte-limit = 4MB (=4194304) (default)
2019-09-26 09:45:55,058 INFO  server.RaftServerConfigKeys (ConfUtils.java:logGet(43)) - raft.server.log.appender.buffer.byte-limit = 4MB (=4194304) (default)
2019-09-26 09:45:55,058 INFO  server.RaftServerConfigKeys (ConfUtils.java:logGet(43)) - raft.server.log.segment.size.max = 8MB (=8388608) (default)
2019-09-26 09:45:55,058 INFO  server.RaftServerConfigKeys (ConfUtils.java:logGet(43)) - raft.server.log.segment.size.max = 8MB (=8388608) (default)
2019-09-26 09:45:55,058 INFO  server.RaftServerConfigKeys (ConfUtils.java:logGet(43)) - raft.server.log.segment.cache.num.max = 6 (default)
2019-09-26 09:45:55,058 INFO  server.RaftServerConfigKeys (ConfUtils.java:logGet(43)) - raft.server.log.segment.cache.num.max = 6 (default)
2019-09-26 09:45:55,059 INFO  segmented.SegmentedRaftLogWorker (SegmentedRaftLogWorker.java:<init>(172)) - new s2@group-808489D4E928-SegmentedRaftLogWorker for RaftStorage:Storage Directory /workdir/ratis-test/target/test/data/bb022a74/MiniRaftClusterWithNetty9602666f/s2/14b616d0-5e07-43fd-8a12-808489d4e928
2019-09-26 09:45:55,059 INFO  segmented.SegmentedRaftLogWorker (SegmentedRaftLogWorker.java:<init>(172)) - new s1@group-808489D4E928-SegmentedRaftLogWorker for RaftStorage:Storage Directory /workdir/ratis-test/target/test/data/bb022a74/MiniRaftClusterWithNetty9602666f/s1/14b616d0-5e07-43fd-8a12-808489d4e928
2019-09-26 09:45:55,059 INFO  server.RaftServerConfigKeys (ConfUtils.java:logGet(43)) - raft.server.log.queue.byte-limit = 64MB (=67108864) (default)
2019-09-26 09:45:55,059 INFO  server.RaftServerConfigKeys (ConfUtils.java:logGet(43)) - raft.server.log.queue.byte-limit = 64MB (=67108864) (default)
2019-09-26 09:45:55,059 INFO  server.RaftServerConfigKeys (ConfUtils.java:logGet(43)) - raft.server.log.queue.element-limit = 4096 (default)
2019-09-26 09:45:55,059 INFO  server.RaftServerConfigKeys (ConfUtils.java:logGet(43)) - raft.server.log.queue.element-limit = 4096 (default)
2019-09-26 09:45:55,060 INFO  server.RaftServerConfigKeys (ConfUtils.java:logGet(43)) - raft.server.log.segment.size.max = 8MB (=8388608) (default)
2019-09-26 09:45:55,060 INFO  server.RaftServerConfigKeys (ConfUtils.java:logGet(43)) - raft.server.log.segment.size.max = 8MB (=8388608) (default)
2019-09-26 09:45:55,060 INFO  server.RaftServerConfigKeys (ConfUtils.java:logGet(43)) - raft.server.log.preallocated.size = 4MB (=4194304) (default)
2019-09-26 09:45:55,060 INFO  server.RaftServerConfigKeys (ConfUtils.java:logGet(43)) - raft.server.log.preallocated.size = 4MB (=4194304) (default)
2019-09-26 09:45:55,060 INFO  server.RaftServerConfigKeys (ConfUtils.java:logGet(43)) - raft.server.log.write.buffer.size = 64KB (=65536) (default)
2019-09-26 09:45:55,061 INFO  server.RaftServerConfigKeys (ConfUtils.java:logGet(43)) - raft.server.log.write.buffer.size = 64KB (=65536) (default)
2019-09-26 09:45:55,061 INFO  server.RaftServerConfigKeys (ConfUtils.java:logGet(43)) - raft.server.log.force.sync.num = 128 (default)
2019-09-26 09:45:55,061 INFO  server.RaftServerConfigKeys (ConfUtils.java:logGet(43)) - raft.server.log.force.sync.num = 128 (default)
2019-09-26 09:45:55,061 INFO  server.RaftServerConfigKeys (ConfUtils.java:logGet(43)) - raft.server.log.statemachine.data.sync = true (default)
2019-09-26 09:45:55,061 INFO  server.RaftServerConfigKeys (ConfUtils.java:logGet(43)) - raft.server.log.statemachine.data.sync = true (default)
2019-09-26 09:45:55,061 INFO  server.RaftServerConfigKeys (ConfUtils.java:logGet(43)) - raft.server.log.statemachine.data.sync.timeout = 10s (default)
2019-09-26 09:45:55,062 INFO  server.RaftServerConfigKeys (ConfUtils.java:logGet(43)) - raft.server.log.statemachine.data.sync.timeout = 10s (default)
2019-09-26 09:45:55,062 INFO  server.RaftServerConfigKeys (ConfUtils.java:logGet(43)) - raft.server.log.statemachine.data.sync.timeout.retry = -1 (default)
2019-09-26 09:45:55,062 INFO  server.RaftServerConfigKeys (ConfUtils.java:logGet(43)) - raft.server.log.statemachine.data.sync.timeout.retry = -1 (default)
2019-09-26 09:45:55,062 INFO  server.RaftServerConfigKeys (ConfUtils.java:logGet(43)) - raft.server.log.statemachine.data.caching.enabled = false (default)
2019-09-26 09:45:55,062 INFO  server.RaftServerConfigKeys (ConfUtils.java:logGet(43)) - raft.server.log.statemachine.data.caching.enabled = false (default)
2019-09-26 09:45:55,063 INFO  segmented.SegmentedRaftLogWorker (SegmentedRaftLogWorker.java:lambda$new$0(132)) - s2@group-808489D4E928-SegmentedRaftLogWorker: flushIndex: setUnconditionally 0 -> -1
2019-09-26 09:45:55,063 INFO  segmented.SegmentedRaftLogWorker (SegmentedRaftLogWorker.java:lambda$new$0(132)) - s1@group-808489D4E928-SegmentedRaftLogWorker: flushIndex: setUnconditionally 0 -> -1
2019-09-26 09:45:55,063 INFO  server.RaftServerConfigKeys (ConfUtils.java:logGet(43)) - raft.server.snapshot.auto.trigger.enabled = false (default)
2019-09-26 09:45:55,063 INFO  server.RaftServerConfigKeys (ConfUtils.java:logGet(43)) - raft.server.snapshot.retention.file.num = -1 (default)
2019-09-26 09:45:55,063 INFO  server.RaftServerConfigKeys (ConfUtils.java:logGet(43)) - raft.server.snapshot.auto.trigger.enabled = false (default)
2019-09-26 09:45:55,063 INFO  server.RaftServerConfigKeys (ConfUtils.java:logGet(43)) - raft.server.retrycache.expirytime = 60s (default)
2019-09-26 09:45:55,063 INFO  server.RaftServerConfigKeys (ConfUtils.java:logGet(43)) - raft.server.snapshot.retention.file.num = -1 (default)
2019-09-26 09:45:55,064 INFO  server.RaftServerConfigKeys (ConfUtils.java:logGet(43)) - raft.server.retrycache.expirytime = 60s (default)
2019-09-26 09:45:55,068 INFO  impl.RaftServerImpl (RaftServerImpl.java:start(181)) - s1@group-808489D4E928: start as a follower, conf=-1: [s0:0.0.0.0:42957, s1:0.0.0.0:41030, s2:0.0.0.0:35144], old=null
2019-09-26 09:45:55,068 INFO  impl.RaftServerImpl (RaftServerImpl.java:setRole(170)) - s1@group-808489D4E928: changes role from      null to FOLLOWER at term 0 for startAsFollower
2019-09-26 09:45:55,068 INFO  impl.RoleInfo (RoleInfo.java:updateAndGet(143)) - s1: start FollowerState
2019-09-26 09:45:55,069 INFO  util.JmxRegister (JmxRegister.java:tryRegister(44)) - Successfully registered JMX Bean with object name Ratis:service=RaftServer,group=group-808489D4E928,id=s1
2019-09-26 09:45:55,072 INFO  impl.RaftServerProxy (RaftServerProxy.java:lambda$start$3(299)) - s1: start RPC server
2019-09-26 09:45:55,073 INFO  impl.RaftServerImpl (RaftServerImpl.java:start(181)) - s2@group-808489D4E928: start as a follower, conf=-1: [s0:0.0.0.0:42957, s1:0.0.0.0:41030, s2:0.0.0.0:35144], old=null
2019-09-26 09:45:55,073 INFO  impl.RaftServerImpl (RaftServerImpl.java:setRole(170)) - s2@group-808489D4E928: changes role from      null to FOLLOWER at term 0 for startAsFollower
2019-09-26 09:45:55,073 INFO  impl.RoleInfo (RoleInfo.java:updateAndGet(143)) - s2: start FollowerState
2019-09-26 09:45:55,073 INFO  util.JmxRegister (JmxRegister.java:tryRegister(44)) - Successfully registered JMX Bean with object name Ratis:service=RaftServer,group=group-808489D4E928,id=s2
2019-09-26 09:45:55,076 INFO  impl.RaftServerProxy (RaftServerProxy.java:lambda$start$3(299)) - s2: start RPC server
2019-09-26 09:45:55,076 INFO  server.RaftServerConfigKeys (ConfUtils.java:logGet(43)) - raft.server.rpc.timeout.max = 300ms (default)
2019-09-26 09:45:55,077 INFO  ratis.RaftTestUtil (RaftTestUtil.java:waitForLeader(86)) - printing ALL groups
  s0:  RUNNING  FOLLOWER s0@group-808489D4E928:t0, leader=null, voted=null, raftlog=s0@group-808489D4E928-SegmentedRaftLog:OPENED:c-1,f-1,i0, conf=-1: [s0:0.0.0.0:42957, s1:0.0.0.0:41030, s2:0.0.0.0:35144], old=null RUNNING
  s1:  RUNNING  FOLLOWER s1@group-808489D4E928:t0, leader=null, voted=null, raftlog=s1@group-808489D4E928-SegmentedRaftLog:OPENED:c-1,f-1,i0, conf=-1: [s0:0.0.0.0:42957, s1:0.0.0.0:41030, s2:0.0.0.0:35144], old=null RUNNING
  s2:  RUNNING  FOLLOWER s2@group-808489D4E928:t0, leader=null, voted=null, raftlog=s2@group-808489D4E928-SegmentedRaftLog:OPENED:c-1,f-1,i0, conf=-1: [s0:0.0.0.0:42957, s1:0.0.0.0:41030, s2:0.0.0.0:35144], old=null RUNNING
2019-09-26 09:45:55,077 WARN  ratis.RaftTestUtil (JavaUtils.java:attempt(158)) - FAILED "waitForLeader-null-(expectLeader? true)", attempt #1/100: java.lang.IllegalStateException: No leader yet : printing ALL groups
  s0:  RUNNING  FOLLOWER s0@group-808489D4E928:t0, leader=null, voted=null, raftlog=s0@group-808489D4E928-SegmentedRaftLog:OPENED:c-1,f-1,i0, conf=-1: [s0:0.0.0.0:42957, s1:0.0.0.0:41030, s2:0.0.0.0:35144], old=null RUNNING
  s1:  RUNNING  FOLLOWER s1@group-808489D4E928:t0, leader=null, voted=null, raftlog=s1@group-808489D4E928-SegmentedRaftLog:OPENED:c-1,f-1,i0, conf=-1: [s0:0.0.0.0:42957, s1:0.0.0.0:41030, s2:0.0.0.0:35144], old=null RUNNING
  s2:  RUNNING  FOLLOWER s2@group-808489D4E928:t0, leader=null, voted=null, raftlog=s2@group-808489D4E928-SegmentedRaftLog:OPENED:c-1,f-1,i0, conf=-1: [s0:0.0.0.0:42957, s1:0.0.0.0:41030, s2:0.0.0.0:35144], old=null RUNNING, sleep 450ms and then retry.
java.lang.IllegalStateException: No leader yet : printing ALL groups
  s0:  RUNNING  FOLLOWER s0@group-808489D4E928:t0, leader=null, voted=null, raftlog=s0@group-808489D4E928-SegmentedRaftLog:OPENED:c-1,f-1,i0, conf=-1: [s0:0.0.0.0:42957, s1:0.0.0.0:41030, s2:0.0.0.0:35144], old=null RUNNING
  s1:  RUNNING  FOLLOWER s1@group-808489D4E928:t0, leader=null, voted=null, raftlog=s1@group-808489D4E928-SegmentedRaftLog:OPENED:c-1,f-1,i0, conf=-1: [s0:0.0.0.0:42957, s1:0.0.0.0:41030, s2:0.0.0.0:35144], old=null RUNNING
  s2:  RUNNING  FOLLOWER s2@group-808489D4E928:t0, leader=null, voted=null, raftlog=s2@group-808489D4E928-SegmentedRaftLog:OPENED:c-1,f-1,i0, conf=-1: [s0:0.0.0.0:42957, s1:0.0.0.0:41030, s2:0.0.0.0:35144], old=null RUNNING
	at org.apache.ratis.MiniRaftCluster.newIllegalStateExceptionForNoLeaders(MiniRaftCluster.java:506)
	at org.apache.ratis.RaftTestUtil.lambda$waitForLeader$1(RaftTestUtil.java:90)
	at org.apache.ratis.MiniRaftCluster.getLeader(MiniRaftCluster.java:539)
	at org.apache.ratis.MiniRaftCluster.getLeader(MiniRaftCluster.java:532)
	at org.apache.ratis.RaftTestUtil.lambda$waitForLeader$3(RaftTestUtil.java:98)
	at org.apache.ratis.util.JavaUtils.attempt(JavaUtils.java:152)
	at org.apache.ratis.RaftTestUtil.waitForLeader(RaftTestUtil.java:97)
	at org.apache.ratis.RaftTestUtil.waitForLeader(RaftTestUtil.java:77)
	at org.apache.ratis.RaftTestUtil.waitForLeader(RaftTestUtil.java:72)
	at org.apache.ratis.server.impl.RaftReconfigurationBaseTest.runTestKillLeaderDuringReconf(RaftReconfigurationBaseTest.java:311)
	at org.apache.ratis.MiniRaftCluster$Factory$Get.runWithNewCluster(MiniRaftCluster.java:125)
	at org.apache.ratis.MiniRaftCluster$Factory$Get.runWithNewCluster(MiniRaftCluster.java:113)
	at org.apache.ratis.server.impl.RaftReconfigurationBaseTest.testKillLeaderDuringReconf(RaftReconfigurationBaseTest.java:304)
	at sun.reflect.NativeMethodAccessorImpl.invoke0(Native Method)
	at sun.reflect.NativeMethodAccessorImpl.invoke(NativeMethodAccessorImpl.java:62)
	at sun.reflect.DelegatingMethodAccessorImpl.invoke(DelegatingMethodAccessorImpl.java:43)
	at java.lang.reflect.Method.invoke(Method.java:498)
	at org.junit.runners.model.FrameworkMethod$1.runReflectiveCall(FrameworkMethod.java:50)
	at org.junit.internal.runners.model.ReflectiveCallable.run(ReflectiveCallable.java:12)
	at org.junit.runners.model.FrameworkMethod.invokeExplosively(FrameworkMethod.java:47)
	at org.junit.internal.runners.statements.InvokeMethod.evaluate(InvokeMethod.java:17)
	at org.junit.internal.runners.statements.RunAfters.evaluate(RunAfters.java:27)
	at org.junit.internal.runners.statements.FailOnTimeout$CallableStatement.call(FailOnTimeout.java:298)
	at org.junit.internal.runners.statements.FailOnTimeout$CallableStatement.call(FailOnTimeout.java:292)
	at java.util.concurrent.FutureTask.run(FutureTask.java:266)
	at java.lang.Thread.run(Thread.java:748)
2019-09-26 09:45:55,229 INFO  impl.FollowerState (FollowerState.java:run(108)) - s0@group-808489D4E928-FollowerState: change to CANDIDATE, lastRpcTime:178ms, electionTimeout:178ms
2019-09-26 09:45:55,229 INFO  impl.RoleInfo (RoleInfo.java:shutdownFollowerState(121)) - s0: shutdown FollowerState
2019-09-26 09:45:55,229 INFO  impl.RaftServerImpl (RaftServerImpl.java:setRole(170)) - s0@group-808489D4E928: changes role from  FOLLOWER to CANDIDATE at term 0 for changeToCandidate
2019-09-26 09:45:55,229 INFO  impl.RoleInfo (RoleInfo.java:updateAndGet(143)) - s0: start LeaderElection
2019-09-26 09:45:55,236 INFO  impl.FollowerState (FollowerState.java:run(108)) - s2@group-808489D4E928-FollowerState: change to CANDIDATE, lastRpcTime:163ms, electionTimeout:163ms
2019-09-26 09:45:55,237 INFO  impl.RoleInfo (RoleInfo.java:shutdownFollowerState(121)) - s2: shutdown FollowerState
2019-09-26 09:45:55,237 INFO  impl.RaftServerImpl (RaftServerImpl.java:setRole(170)) - s2@group-808489D4E928: changes role from  FOLLOWER to CANDIDATE at term 0 for changeToCandidate
2019-09-26 09:45:55,237 INFO  impl.RoleInfo (RoleInfo.java:updateAndGet(143)) - s2: start LeaderElection
2019-09-26 09:45:55,240 INFO  impl.LeaderElection (LeaderElection.java:askForVotes(178)) - s0@group-808489D4E928-LeaderElection23: begin an election at term 1 for -1: [s0:0.0.0.0:42957, s1:0.0.0.0:41030, s2:0.0.0.0:35144], old=null
2019-09-26 09:45:55,242 INFO  logging.LoggingHandler (AbstractInternalLogger.java:log(150)) - [id: 0x41e61410, L:/0.0.0.0:35144] READ: [id: 0xdb3c4920, L:/192.168.30.59:35144 - R:/192.168.30.59:53050]
2019-09-26 09:45:55,242 INFO  logging.LoggingHandler (AbstractInternalLogger.java:log(150)) - [id: 0x52901452, L:/0.0.0.0:41030] READ: [id: 0x661dc911, L:/192.168.30.59:41030 - R:/192.168.30.59:39124]
2019-09-26 09:45:55,243 INFO  logging.LoggingHandler (AbstractInternalLogger.java:log(150)) - [id: 0x41e61410, L:/0.0.0.0:35144] READ COMPLETE
2019-09-26 09:45:55,243 INFO  logging.LoggingHandler (AbstractInternalLogger.java:log(150)) - [id: 0x52901452, L:/0.0.0.0:41030] READ COMPLETE
2019-09-26 09:45:55,244 INFO  util.CodeInjectionForTesting (BlockRequestHandlingInjection.java:execute(76)) - s2: Block request from s0
2019-09-26 09:45:55,244 INFO  util.CodeInjectionForTesting (BlockRequestHandlingInjection.java:execute(76)) - s1: Block request from s0
2019-09-26 09:45:55,253 INFO  impl.LeaderElection (LeaderElection.java:askForVotes(178)) - s2@group-808489D4E928-LeaderElection24: begin an election at term 1 for -1: [s0:0.0.0.0:42957, s1:0.0.0.0:41030, s2:0.0.0.0:35144], old=null
2019-09-26 09:45:55,255 INFO  logging.LoggingHandler (AbstractInternalLogger.java:log(150)) - [id: 0xe0803920, L:/0.0.0.0:42957] READ: [id: 0x025af0f9, L:/192.168.30.59:42957 - R:/192.168.30.59:35980]
2019-09-26 09:45:55,255 INFO  logging.LoggingHandler (AbstractInternalLogger.java:log(150)) - [id: 0x52901452, L:/0.0.0.0:41030] READ: [id: 0x3f0eb4e9, L:/192.168.30.59:41030 - R:/192.168.30.59:39128]
2019-09-26 09:45:55,255 INFO  logging.LoggingHandler (AbstractInternalLogger.java:log(150)) - [id: 0xe0803920, L:/0.0.0.0:42957] READ COMPLETE
2019-09-26 09:45:55,255 INFO  logging.LoggingHandler (AbstractInternalLogger.java:log(150)) - [id: 0x52901452, L:/0.0.0.0:41030] READ COMPLETE
2019-09-26 09:45:55,256 INFO  util.CodeInjectionForTesting (BlockRequestHandlingInjection.java:execute(76)) - s0: Block request from s2
2019-09-26 09:45:55,256 DEBUG impl.RaftServerImpl (RaftServerImpl.java:requestVote(743)) - s1@group-808489D4E928: receive requestVote(s2, group-808489D4E928, 1, (t:0, i:0))
2019-09-26 09:45:55,257 INFO  impl.RaftServerImpl (RaftServerImpl.java:setRole(170)) - s1@group-808489D4E928: changes role from  FOLLOWER to FOLLOWER at term 1 for recognizeCandidate:s2
2019-09-26 09:45:55,257 INFO  impl.RoleInfo (RoleInfo.java:shutdownFollowerState(121)) - s1: shutdown FollowerState
2019-09-26 09:45:55,257 INFO  impl.RoleInfo (RoleInfo.java:updateAndGet(143)) - s1: start FollowerState
2019-09-26 09:45:55,257 INFO  impl.FollowerState (FollowerState.java:run(117)) - s1@group-808489D4E928-FollowerState was interrupted: java.lang.InterruptedException: sleep interrupted
2019-09-26 09:45:55,270 DEBUG impl.RaftServerImpl (RaftServerImpl.java:requestVote(775)) - s1@group-808489D4E928 replies to vote request: s2<-s1#0:OK-t1. Peer's state: s1@group-808489D4E928:t1, leader=null, voted=s2, raftlog=s1@group-808489D4E928-SegmentedRaftLog:OPENED:c-1,f-1,i0, conf=-1: [s0:0.0.0.0:42957, s1:0.0.0.0:41030, s2:0.0.0.0:35144], old=null
2019-09-26 09:45:55,271 INFO  impl.LeaderElection (LeaderElection.java:logAndReturn(56)) - s2@group-808489D4E928-LeaderElection24: Election PASSED; received 1 response(s) [s2<-s1#0:OK-t1] and 0 exception(s); s2@group-808489D4E928:t1, leader=null, voted=s2, raftlog=s2@group-808489D4E928-SegmentedRaftLog:OPENED:c-1,f-1,i0, conf=-1: [s0:0.0.0.0:42957, s1:0.0.0.0:41030, s2:0.0.0.0:35144], old=null
2019-09-26 09:45:55,271 INFO  impl.RoleInfo (RoleInfo.java:shutdownLeaderElection(134)) - s2: shutdown LeaderElection
2019-09-26 09:45:55,271 INFO  impl.RaftServerImpl (RaftServerImpl.java:setRole(170)) - s2@group-808489D4E928: changes role from CANDIDATE to LEADER at term 1 for changeToLeader
2019-09-26 09:45:55,272 INFO  impl.RaftServerImpl (ServerState.java:setLeader(254)) - s2@group-808489D4E928: change Leader from null to s2 at term 1 for becomeLeader, leader elected after 214ms
2019-09-26 09:45:55,272 INFO  server.RaftServerConfigKeys (ConfUtils.java:logGet(43)) - raft.server.staging.catchup.gap = 10 (custom)
2019-09-26 09:45:55,272 INFO  server.RaftServerConfigKeys (ConfUtils.java:logGet(43)) - raft.server.rpc.sleep.time = 25ms (default)
2019-09-26 09:45:55,272 INFO  server.RaftServerConfigKeys (ConfUtils.java:logGet(43)) - raft.server.write.element-limit = 4096 (default)
2019-09-26 09:45:55,272 INFO  server.RaftServerConfigKeys (ConfUtils.java:logGet(43)) - raft.server.watch.timeout = 10s (default)
2019-09-26 09:45:55,272 INFO  server.RaftServerConfigKeys (ConfUtils.java:logGet(43)) - raft.server.watch.timeout.denomination = 1s (default)
2019-09-26 09:45:55,272 INFO  server.RaftServerConfigKeys (ConfUtils.java:logGet(43)) - raft.server.watch.element-limit = 65536 (default)
2019-09-26 09:45:55,275 INFO  server.RaftServerConfigKeys (ConfUtils.java:logGet(43)) - raft.server.log.appender.snapshot.chunk.size.max = 16MB (=16777216) (default)
2019-09-26 09:45:55,275 INFO  server.RaftServerConfigKeys (ConfUtils.java:logGet(43)) - raft.server.log.appender.buffer.byte-limit = 4MB (=4194304) (default)
2019-09-26 09:45:55,275 INFO  server.RaftServerConfigKeys (ConfUtils.java:logGet(43)) - raft.server.log.appender.buffer.element-limit = 0 (default)
2019-09-26 09:45:55,275 INFO  server.RaftServerConfigKeys (ConfUtils.java:logGet(43)) - raft.server.log.appender.snapshot.chunk.size.max = 16MB (=16777216) (default)
2019-09-26 09:45:55,276 INFO  server.RaftServerConfigKeys (ConfUtils.java:logGet(43)) - raft.server.log.appender.buffer.byte-limit = 4MB (=4194304) (default)
2019-09-26 09:45:55,276 INFO  server.RaftServerConfigKeys (ConfUtils.java:logGet(43)) - raft.server.log.appender.buffer.element-limit = 0 (default)
2019-09-26 09:45:55,276 INFO  impl.RoleInfo (RoleInfo.java:updateAndGet(143)) - s2: start LeaderState
2019-09-26 09:45:55,276 INFO  segmented.SegmentedRaftLogWorker (SegmentedRaftLogWorker.java:startLogSegment(380)) - s2@group-808489D4E928-SegmentedRaftLogWorker: Starting segment from index:0
2019-09-26 09:45:55,277 INFO  impl.RaftServerImpl (ServerState.java:setRaftConf(355)) - s2@group-808489D4E928: set configuration 0: [s0:0.0.0.0:42957, s1:0.0.0.0:41030, s2:0.0.0.0:35144], old=null at 0
2019-09-26 09:45:55,277 INFO  impl.RaftServerImpl (ServerState.java:setLeader(254)) - s1@group-808489D4E928: change Leader from null to s2 at term 1 for appendEntries, leader elected after 220ms
2019-09-26 09:45:55,280 DEBUG impl.RaftServerImpl (RaftServerImpl.java:logAppendEntries(850)) - s1@group-808489D4E928: receive appendEntries(s2, 1, null, -1, false, commits[s2:c-1, s0:c-1, s1:c-1], entries: (t:1, i:0), CONFIGURATIONENTRY
2019-09-26 09:45:55,281 INFO  impl.RaftServerImpl (ServerState.java:setRaftConf(355)) - s1@group-808489D4E928: set configuration 0: [s0:0.0.0.0:42957, s1:0.0.0.0:41030, s2:0.0.0.0:35144], old=null at 0
2019-09-26 09:45:55,281 INFO  segmented.SegmentedRaftLogWorker (SegmentedRaftLogWorker.java:startLogSegment(380)) - s1@group-808489D4E928-SegmentedRaftLogWorker: Starting segment from index:0
2019-09-26 09:45:55,414 INFO  segmented.SegmentedRaftLogWorker (SegmentedRaftLogWorker.java:execute(569)) - s2@group-808489D4E928-SegmentedRaftLogWorker: created new log segment /workdir/ratis-test/target/test/data/bb022a74/MiniRaftClusterWithNetty9602666f/s2/14b616d0-5e07-43fd-8a12-808489d4e928/current/log_inprogress_0
2019-09-26 09:45:55,414 INFO  segmented.SegmentedRaftLogWorker (SegmentedRaftLogWorker.java:execute(569)) - s1@group-808489D4E928-SegmentedRaftLogWorker: created new log segment /workdir/ratis-test/target/test/data/bb022a74/MiniRaftClusterWithNetty9602666f/s1/14b616d0-5e07-43fd-8a12-808489d4e928/current/log_inprogress_0
2019-09-26 09:45:55,426 DEBUG impl.RaftServerImpl (RaftServerImpl.java:logAppendEntries(850)) - s1@group-808489D4E928: succeeded to handle AppendEntries. Reply: s2<-s1#0:OK,SUCCESS,nextIndex:1,term:1,followerCommit:-1
2019-09-26 09:45:55,439 INFO  impl.LeaderElection (LeaderElection.java:logAndReturn(56)) - s0@group-808489D4E928-LeaderElection23: Election TIMEOUT; received 0 response(s) [] and 0 exception(s); s0@group-808489D4E928:t1, leader=null, voted=s0, raftlog=s0@group-808489D4E928-SegmentedRaftLog:OPENED:c-1,f-1,i0, conf=-1: [s0:0.0.0.0:42957, s1:0.0.0.0:41030, s2:0.0.0.0:35144], old=null
2019-09-26 09:45:55,453 INFO  impl.LeaderElection (LeaderElection.java:askForVotes(178)) - s0@group-808489D4E928-LeaderElection23: begin an election at term 2 for -1: [s0:0.0.0.0:42957, s1:0.0.0.0:41030, s2:0.0.0.0:35144], old=null
2019-09-26 09:45:55,528 INFO  ratis.RaftTestUtil (RaftTestUtil.java:waitForLeader(101)) - printing ALL groups
  s0:  RUNNING CANDIDATE s0@group-808489D4E928:t2, leader=null, voted=s0, raftlog=s0@group-808489D4E928-SegmentedRaftLog:OPENED:c-1,f-1,i0, conf=-1: [s0:0.0.0.0:42957, s1:0.0.0.0:41030, s2:0.0.0.0:35144], old=null RUNNING
  s1:  RUNNING  FOLLOWER s1@group-808489D4E928:t1, leader=s2, voted=s2, raftlog=s1@group-808489D4E928-SegmentedRaftLog:OPENED:c0,f0,i0, conf=0: [s0:0.0.0.0:42957, s1:0.0.0.0:41030, s2:0.0.0.0:35144], old=null RUNNING
  s2:  RUNNING    LEADER s2@group-808489D4E928:t1, leader=s2, voted=s2, raftlog=s2@group-808489D4E928-SegmentedRaftLog:OPENED:c0,f0,i0, conf=0: [s0:0.0.0.0:42957, s1:0.0.0.0:41030, s2:0.0.0.0:35144], old=null RUNNING
2019-09-26 09:45:55,528 INFO  ratis.MiniRaftCluster (MiniRaftCluster.java:addNewPeers(403)) - Add new peers [s3]
2019-09-26 09:45:55,528 INFO  ratis.MiniRaftCluster (MiniRaftCluster.java:newRaftServer(330)) - newRaftServer: s3, group-808489D4E928:[s0:0.0.0.0:42957, s1:0.0.0.0:41030, s2:0.0.0.0:35144], format? true
2019-09-26 09:45:55,529 TRACE util.FileUtils (FileUtils.java:deleteFully(88)) - deleteFully target/test/data/bb022a74/MiniRaftClusterWithNetty9602666f/s3
2019-09-26 09:45:55,529 TRACE util.FileUtils (FileUtils.java:deleteFully(104)) - deleteFully: target/test/data/bb022a74/MiniRaftClusterWithNetty9602666f/s3 does not exist.
2019-09-26 09:45:55,529 INFO  ratis.MiniRaftCluster (MiniRaftCluster.java:newRaftServer(335)) - Formatted directory target/test/data/bb022a74/MiniRaftClusterWithNetty9602666f/s3
2019-09-26 09:45:55,530 INFO  impl.RaftServerProxy (ConfUtils.java:logGet(43)) - raft.rpc.type = NETTY (custom)
2019-09-26 09:45:55,533 INFO  netty.NettyConfigKeys$Server (ConfUtils.java:logGet(43)) - raft.netty.server.port = 45444 (custom)
2019-09-26 09:45:55,534 INFO  server.RaftServerConfigKeys (ConfUtils.java:logGet(43)) - raft.server.storage.dir = [/workdir/ratis-test/target/test/data/bb022a74/MiniRaftClusterWithNetty9602666f/s3] (custom)
2019-09-26 09:45:55,534 INFO  logging.LoggingHandler (AbstractInternalLogger.java:log(150)) - [id: 0x4ca48001] REGISTERED
2019-09-26 09:45:55,534 INFO  impl.RaftServerProxy (RaftServerProxy.java:addNew(89)) - s3: addNew group-808489D4E928:[s0:0.0.0.0:42957, s1:0.0.0.0:41030, s2:0.0.0.0:35144] returns group-808489D4E928:java.util.concurrent.CompletableFuture@7040ca12[Not completed]
2019-09-26 09:45:55,534 INFO  logging.LoggingHandler (AbstractInternalLogger.java:log(150)) - [id: 0x4ca48001] BIND: 0.0.0.0/0.0.0.0:45444
2019-09-26 09:45:55,535 INFO  logging.LoggingHandler (AbstractInternalLogger.java:log(150)) - [id: 0x4ca48001, L:/0.0.0.0:45444] ACTIVE
2019-09-26 09:45:55,536 INFO  impl.RaftServerImpl (RaftServerImpl.java:<init>(95)) - s3: new RaftServerImpl for group-808489D4E928:[s0:0.0.0.0:42957, s1:0.0.0.0:41030, s2:0.0.0.0:35144] with BaseStateMachine:uninitialized
2019-09-26 09:45:55,538 INFO  server.RaftServerConfigKeys (ConfUtils.java:logGet(43)) - raft.server.rpc.timeout.min = 150ms (default)
2019-09-26 09:45:55,538 INFO  server.RaftServerConfigKeys (ConfUtils.java:logGet(43)) - raft.server.rpc.timeout.max = 300ms (default)
2019-09-26 09:45:55,538 INFO  server.RaftServerConfigKeys (ConfUtils.java:logGet(43)) - raft.server.rpcslowness.timeout = 60s (default)
2019-09-26 09:45:55,538 INFO  server.RaftServerConfigKeys (ConfUtils.java:logGet(43)) - raft.server.sleep.deviation.threshold = 300 (default)
2019-09-26 09:45:55,538 INFO  server.RaftServerConfigKeys (ConfUtils.java:logGet(43)) - raft.server.log.appender.install.snapshot.enabled = true (default)
2019-09-26 09:45:55,538 INFO  impl.RaftServerImpl (ServerState.java:<init>(103)) - s3@group-808489D4E928: ConfigurationManager, init=-1: [s0:0.0.0.0:42957, s1:0.0.0.0:41030, s2:0.0.0.0:35144], old=null, confs=<EMPTY_MAP>
2019-09-26 09:45:55,539 INFO  server.RaftServerConfigKeys (ConfUtils.java:logGet(43)) - raft.server.storage.dir = [/workdir/ratis-test/target/test/data/bb022a74/MiniRaftClusterWithNetty9602666f/s3] (custom)
2019-09-26 09:45:55,539 INFO  server.RaftServerConfigKeys (ConfUtils.java:logGet(43)) - raft.server.log.corruption.policy = EXCEPTION (default)
2019-09-26 09:45:55,539 INFO  storage.RaftStorageDirectory (RaftStorageDirectory.java:analyzeStorage(246)) - The storage directory /workdir/ratis-test/target/test/data/bb022a74/MiniRaftClusterWithNetty9602666f/s3/14b616d0-5e07-43fd-8a12-808489d4e928 does not exist. Creating ...
2019-09-26 09:45:55,540 TRACE util.FileUtils (LogUtils.java:runAndLog(61)) - Successfully ran Files.createDirectories /workdir/ratis-test/target/test/data/bb022a74/MiniRaftClusterWithNetty9602666f/s3/14b616d0-5e07-43fd-8a12-808489d4e928
2019-09-26 09:45:55,544 INFO  storage.RaftStorageDirectory (RaftStorageDirectory.java:tryLock(328)) - Lock on /workdir/ratis-test/target/test/data/bb022a74/MiniRaftClusterWithNetty9602666f/s3/14b616d0-5e07-43fd-8a12-808489d4e928/in_use.lock acquired by nodename 3395@ratis-test-kn96w-682825239
2019-09-26 09:45:55,545 TRACE util.FileUtils (LogUtils.java:runAndLog(61)) - Successfully ran Files.createDirectories /workdir/ratis-test/target/test/data/bb022a74/MiniRaftClusterWithNetty9602666f/s3/14b616d0-5e07-43fd-8a12-808489d4e928/current
2019-09-26 09:45:55,545 TRACE util.FileUtils (LogUtils.java:runAndLog(61)) - Successfully ran Files.createDirectories /workdir/ratis-test/target/test/data/bb022a74/MiniRaftClusterWithNetty9602666f/s3/14b616d0-5e07-43fd-8a12-808489d4e928/sm
2019-09-26 09:45:55,553 INFO  storage.RaftStorage (RaftStorage.java:format(84)) - Storage directory /workdir/ratis-test/target/test/data/bb022a74/MiniRaftClusterWithNetty9602666f/s3/14b616d0-5e07-43fd-8a12-808489d4e928 has been successfully formatted.
2019-09-26 09:45:55,553 INFO  server.RaftServerConfigKeys (ConfUtils.java:logGet(43)) - raft.server.notification.no-leader.timeout = 60s (default)
2019-09-26 09:45:55,553 INFO  server.RaftServerConfigKeys (ConfUtils.java:logGet(43)) - raft.server.log.use.memory = false (default)
2019-09-26 09:45:55,553 INFO  server.RaftServerConfigKeys (ConfUtils.java:logGet(43)) - raft.server.log.purge.gap = 1024 (default)
2019-09-26 09:45:55,553 INFO  server.RaftServerConfigKeys (ConfUtils.java:logGet(43)) - raft.server.log.appender.buffer.byte-limit = 4MB (=4194304) (default)
2019-09-26 09:45:55,553 INFO  server.RaftServerConfigKeys (ConfUtils.java:logGet(43)) - raft.server.log.segment.size.max = 8MB (=8388608) (default)
2019-09-26 09:45:55,554 INFO  server.RaftServerConfigKeys (ConfUtils.java:logGet(43)) - raft.server.log.segment.cache.num.max = 6 (default)
2019-09-26 09:45:55,554 INFO  segmented.SegmentedRaftLogWorker (SegmentedRaftLogWorker.java:<init>(172)) - new s3@group-808489D4E928-SegmentedRaftLogWorker for RaftStorage:Storage Directory /workdir/ratis-test/target/test/data/bb022a74/MiniRaftClusterWithNetty9602666f/s3/14b616d0-5e07-43fd-8a12-808489d4e928
2019-09-26 09:45:55,554 INFO  server.RaftServerConfigKeys (ConfUtils.java:logGet(43)) - raft.server.log.queue.byte-limit = 64MB (=67108864) (default)
2019-09-26 09:45:55,554 INFO  server.RaftServerConfigKeys (ConfUtils.java:logGet(43)) - raft.server.log.queue.element-limit = 4096 (default)
2019-09-26 09:45:55,554 INFO  server.RaftServerConfigKeys (ConfUtils.java:logGet(43)) - raft.server.log.segment.size.max = 8MB (=8388608) (default)
2019-09-26 09:45:55,555 INFO  server.RaftServerConfigKeys (ConfUtils.java:logGet(43)) - raft.server.log.preallocated.size = 4MB (=4194304) (default)
2019-09-26 09:45:55,555 INFO  server.RaftServerConfigKeys (ConfUtils.java:logGet(43)) - raft.server.log.write.buffer.size = 64KB (=65536) (default)
2019-09-26 09:45:55,555 INFO  server.RaftServerConfigKeys (ConfUtils.java:logGet(43)) - raft.server.log.force.sync.num = 128 (default)
2019-09-26 09:45:55,555 INFO  server.RaftServerConfigKeys (ConfUtils.java:logGet(43)) - raft.server.log.statemachine.data.sync = true (default)
2019-09-26 09:45:55,555 INFO  server.RaftServerConfigKeys (ConfUtils.java:logGet(43)) - raft.server.log.statemachine.data.sync.timeout = 10s (default)
2019-09-26 09:45:55,555 INFO  server.RaftServerConfigKeys (ConfUtils.java:logGet(43)) - raft.server.log.statemachine.data.sync.timeout.retry = -1 (default)
2019-09-26 09:45:55,556 INFO  server.RaftServerConfigKeys (ConfUtils.java:logGet(43)) - raft.server.log.statemachine.data.caching.enabled = false (default)
2019-09-26 09:45:55,556 INFO  segmented.SegmentedRaftLogWorker (SegmentedRaftLogWorker.java:lambda$new$0(132)) - s3@group-808489D4E928-SegmentedRaftLogWorker: flushIndex: setUnconditionally 0 -> -1
2019-09-26 09:45:55,556 INFO  server.RaftServerConfigKeys (ConfUtils.java:logGet(43)) - raft.server.snapshot.auto.trigger.enabled = false (default)
2019-09-26 09:45:55,557 INFO  server.RaftServerConfigKeys (ConfUtils.java:logGet(43)) - raft.server.snapshot.retention.file.num = -1 (default)
2019-09-26 09:45:55,557 INFO  server.RaftServerConfigKeys (ConfUtils.java:logGet(43)) - raft.server.retrycache.expirytime = 60s (default)
2019-09-26 09:45:55,562 INFO  impl.RaftServerImpl (RaftServerImpl.java:start(184)) - s3@group-808489D4E928: start with initializing state, conf=-1: [s0:0.0.0.0:42957, s1:0.0.0.0:41030, s2:0.0.0.0:35144], old=null
2019-09-26 09:45:55,562 INFO  impl.RaftServerImpl (RaftServerImpl.java:setRole(170)) - s3@group-808489D4E928: changes role from      null to FOLLOWER at term 0 for startInitializing
2019-09-26 09:45:55,562 INFO  util.JmxRegister (JmxRegister.java:tryRegister(44)) - Successfully registered JMX Bean with object name Ratis:service=RaftServer,group=group-808489D4E928,id=s3
2019-09-26 09:45:55,566 INFO  impl.RaftServerProxy (RaftServerProxy.java:lambda$start$3(299)) - s3: start RPC server
2019-09-26 09:45:55,567 INFO  impl.RaftServerProxy (RaftServerProxy.java:lambda$close$4(314)) - s3: close
2019-09-26 09:45:55,567 INFO  impl.RaftServerImpl (RaftServerImpl.java:lambda$shutdown$3(247)) - s3@group-808489D4E928: shutdown
2019-09-26 09:45:55,568 INFO  util.JmxRegister (JmxRegister.java:unregister(73)) - Successfully un-registered JMX Bean with object name Ratis:service=RaftServer,group=group-808489D4E928,id=s3
2019-09-26 09:45:55,568 INFO  impl.StateMachineUpdater (StateMachineUpdater.java:stopAndJoin(136)) - s3@group-808489D4E928-StateMachineUpdater: set stopIndex = -1
2019-09-26 09:45:55,568 INFO  impl.RaftServerImpl (ServerState.java:close(386)) - s3@group-808489D4E928: closes. applyIndex: -1
2019-09-26 09:45:55,569 INFO  segmented.SegmentedRaftLogWorker (SegmentedRaftLogWorker.java:run(313)) - s3@group-808489D4E928-SegmentedRaftLogWorker was interrupted, exiting. There are 0 tasks remaining in the queue.
2019-09-26 09:45:55,569 INFO  segmented.SegmentedRaftLogWorker (SegmentedRaftLogWorker.java:close(228)) - s3@group-808489D4E928-SegmentedRaftLogWorker close()
2019-09-26 09:45:55,571 INFO  logging.LoggingHandler (AbstractInternalLogger.java:log(150)) - [id: 0x4ca48001, L:/0.0.0.0:45444] UNREGISTERED
2019-09-26 09:45:55,572 INFO  netty.TestRaftReconfigurationWithNetty (RaftReconfigurationBaseTest.java:runTestKillLeaderDuringReconf(316)) - Start setConf: [s3:0.0.0.0:45444, s0:0.0.0.0:42957, s2:0.0.0.0:35144]
2019-09-26 09:45:55,573 INFO  netty.TestRaftReconfigurationWithNetty (RaftReconfigurationBaseTest.java:runTestKillLeaderDuringReconf(317)) - printing ALL groups
  s3:   CLOSED  FOLLOWER s3@group-808489D4E928:t0, leader=null, voted=null, raftlog=s3@group-808489D4E928-SegmentedRaftLog:CLOSED:c-1, conf=-1: [s0:0.0.0.0:42957, s1:0.0.0.0:41030, s2:0.0.0.0:35144], old=null CLOSED
  s0:  RUNNING CANDIDATE s0@group-808489D4E928:t2, leader=null, voted=s0, raftlog=s0@group-808489D4E928-SegmentedRaftLog:OPENED:c-1,f-1,i0, conf=-1: [s0:0.0.0.0:42957, s1:0.0.0.0:41030, s2:0.0.0.0:35144], old=null RUNNING
  s1:  RUNNING  FOLLOWER s1@group-808489D4E928:t1, leader=s2, voted=s2, raftlog=s1@group-808489D4E928-SegmentedRaftLog:OPENED:c0,f0,i0, conf=0: [s0:0.0.0.0:42957, s1:0.0.0.0:41030, s2:0.0.0.0:35144], old=null RUNNING
  s2:  RUNNING    LEADER s2@group-808489D4E928:t1, leader=s2, voted=s2, raftlog=s2@group-808489D4E928-SegmentedRaftLog:OPENED:c0,f0,i0, conf=0: [s0:0.0.0.0:42957, s1:0.0.0.0:41030, s2:0.0.0.0:35144], old=null RUNNING
2019-09-26 09:45:55,578 INFO  logging.LoggingHandler (AbstractInternalLogger.java:log(150)) - [id: 0x41e61410, L:/0.0.0.0:35144] READ: [id: 0x79b25658, L:/192.168.30.59:35144 - R:/192.168.30.59:53064]
2019-09-26 09:45:55,579 INFO  logging.LoggingHandler (AbstractInternalLogger.java:log(150)) - [id: 0x41e61410, L:/0.0.0.0:35144] READ COMPLETE
2019-09-26 09:45:55,580 INFO  impl.RaftServerImpl (RaftServerImpl.java:setConfigurationAsync(658)) - s2@group-808489D4E928: receive setConfiguration SetConfigurationRequest:client-BEACB46CE23B->s2@group-808489D4E928, cid=27, seq=0, RW, null, peers:[s3:0.0.0.0:45444, s0:0.0.0.0:42957, s2:0.0.0.0:35144]
2019-09-26 09:45:55,580 INFO  impl.RaftServerImpl (LeaderState.java:startSetConfiguration(287)) - s2@group-808489D4E928-LeaderState: startSetConfiguration SetConfigurationRequest:client-BEACB46CE23B->s2@group-808489D4E928, cid=27, seq=0, RW, null, peers:[s3:0.0.0.0:45444, s0:0.0.0.0:42957, s2:0.0.0.0:35144]
2019-09-26 09:45:55,580 INFO  server.RaftServerConfigKeys (ConfUtils.java:logGet(43)) - raft.server.log.appender.snapshot.chunk.size.max = 16MB (=16777216) (default)
2019-09-26 09:45:55,581 INFO  server.RaftServerConfigKeys (ConfUtils.java:logGet(43)) - raft.server.log.appender.buffer.byte-limit = 4MB (=4194304) (default)
2019-09-26 09:45:55,581 INFO  server.RaftServerConfigKeys (ConfUtils.java:logGet(43)) - raft.server.log.appender.buffer.element-limit = 0 (default)
2019-09-26 09:45:55,584 WARN  impl.LogAppender (LogAppender.java:sendAppendEntriesWithRetries(274)) - s2@group-808489D4E928->s3-LogAppender: Failed to appendEntries (retry=1): org.apache.ratis.thirdparty.io.netty.channel.AbstractChannel$AnnotatedConnectException: Connection refused: /0.0.0.0:45444
2019-09-26 09:45:55,659 WARN  impl.LogAppender (LogAppender.java:sendAppendEntriesWithRetries(274)) - s2@group-808489D4E928->s3-LogAppender: Failed to appendEntries (retry=1): org.apache.ratis.thirdparty.io.netty.channel.AbstractChannel$AnnotatedConnectException: Connection refused: /0.0.0.0:45444
2019-09-26 09:45:55,734 WARN  impl.LogAppender (LogAppender.java:sendAppendEntriesWithRetries(274)) - s2@group-808489D4E928->s3-LogAppender: Failed to appendEntries (retry=1): org.apache.ratis.thirdparty.io.netty.channel.AbstractChannel$AnnotatedConnectException: Connection refused: /0.0.0.0:45444
2019-09-26 09:45:55,752 INFO  impl.LeaderElection (LeaderElection.java:logAndReturn(56)) - s0@group-808489D4E928-LeaderElection23: Election TIMEOUT; received 0 response(s) [] and 0 exception(s); s0@group-808489D4E928:t2, leader=null, voted=s0, raftlog=s0@group-808489D4E928-SegmentedRaftLog:OPENED:c-1,f-1,i0, conf=-1: [s0:0.0.0.0:42957, s1:0.0.0.0:41030, s2:0.0.0.0:35144], old=null
2019-09-26 09:45:55,766 INFO  impl.LeaderElection (LeaderElection.java:askForVotes(178)) - s0@group-808489D4E928-LeaderElection23: begin an election at term 3 for -1: [s0:0.0.0.0:42957, s1:0.0.0.0:41030, s2:0.0.0.0:35144], old=null
2019-09-26 09:45:55,810 WARN  impl.LogAppender (LogAppender.java:sendAppendEntriesWithRetries(274)) - s2@group-808489D4E928->s3-LogAppender: Failed to appendEntries (retry=1): org.apache.ratis.thirdparty.io.netty.channel.AbstractChannel$AnnotatedConnectException: Connection refused: /0.0.0.0:45444
2019-09-26 09:45:55,886 WARN  impl.LogAppender (LogAppender.java:sendAppendEntriesWithRetries(274)) - s2@group-808489D4E928->s3-LogAppender: Failed to appendEntries (retry=1): org.apache.ratis.thirdparty.io.netty.channel.AbstractChannel$AnnotatedConnectException: Connection refused: /0.0.0.0:45444
2019-09-26 09:45:55,962 WARN  impl.LogAppender (LogAppender.java:sendAppendEntriesWithRetries(274)) - s2@group-808489D4E928->s3-LogAppender: Failed to appendEntries (retry=1): org.apache.ratis.thirdparty.io.netty.channel.AbstractChannel$AnnotatedConnectException: Connection refused: /0.0.0.0:45444
2019-09-26 09:45:56,038 WARN  impl.LogAppender (LogAppender.java:sendAppendEntriesWithRetries(274)) - s2@group-808489D4E928->s3-LogAppender: Failed to appendEntries (retry=1): org.apache.ratis.thirdparty.io.netty.channel.AbstractChannel$AnnotatedConnectException: Connection refused: /0.0.0.0:45444
2019-09-26 09:45:56,050 INFO  impl.LeaderElection (LeaderElection.java:logAndReturn(56)) - s0@group-808489D4E928-LeaderElection23: Election TIMEOUT; received 0 response(s) [] and 0 exception(s); s0@group-808489D4E928:t3, leader=null, voted=s0, raftlog=s0@group-808489D4E928-SegmentedRaftLog:OPENED:c-1,f-1,i0, conf=-1: [s0:0.0.0.0:42957, s1:0.0.0.0:41030, s2:0.0.0.0:35144], old=null
2019-09-26 09:45:56,088 INFO  impl.LeaderElection (LeaderElection.java:askForVotes(178)) - s0@group-808489D4E928-LeaderElection23: begin an election at term 4 for -1: [s0:0.0.0.0:42957, s1:0.0.0.0:41030, s2:0.0.0.0:35144], old=null
2019-09-26 09:45:56,114 WARN  impl.LogAppender (LogAppender.java:sendAppendEntriesWithRetries(274)) - s2@group-808489D4E928->s3-LogAppender: Failed to appendEntries (retry=1): org.apache.ratis.thirdparty.io.netty.channel.AbstractChannel$AnnotatedConnectException: Connection refused: /0.0.0.0:45444
2019-09-26 09:45:56,190 WARN  impl.LogAppender (LogAppender.java:sendAppendEntriesWithRetries(274)) - s2@group-808489D4E928->s3-LogAppender: Failed to appendEntries (retry=1): org.apache.ratis.thirdparty.io.netty.channel.AbstractChannel$AnnotatedConnectException: Connection refused: /0.0.0.0:45444
2019-09-26 09:45:56,266 WARN  impl.LogAppender (LogAppender.java:sendAppendEntriesWithRetries(274)) - s2@group-808489D4E928->s3-LogAppender: Failed to appendEntries (retry=1): org.apache.ratis.thirdparty.io.netty.channel.AbstractChannel$AnnotatedConnectException: Connection refused: /0.0.0.0:45444
2019-09-26 09:45:56,329 DEBUG impl.RaftServerImpl (LeaderState.java:checkProgress(498)) - s2@group-808489D4E928-LeaderState detects a follower s2@group-808489D4E928->s3(c-1,m0,n1, attendVote=false, lastRpcSendTime=64, lastRpcResponseTime=1048) timeout (33.395s) for bootstrapping
2019-09-26 09:45:56,330 DEBUG impl.RaftServerImpl (LeaderState.java:fail(769)) - s2@group-808489D4E928-ConfigurationStagingState: Fail to set configuration [s3:0.0.0.0:45444, s0:0.0.0.0:42957, s2:0.0.0.0:35144] due to NOPROGRESS
2019-09-26 09:45:56,332 INFO  impl.LogAppender (LogAppender.java:run(78)) - s2@group-808489D4E928->s3-LogAppender-AppenderDaemon was interrupted: java.lang.InterruptedException
2019-09-26 09:45:56,364 INFO  impl.LeaderElection (LeaderElection.java:logAndReturn(56)) - s0@group-808489D4E928-LeaderElection23: Election TIMEOUT; received 0 response(s) [] and 0 exception(s); s0@group-808489D4E928:t4, leader=null, voted=s0, raftlog=s0@group-808489D4E928-SegmentedRaftLog:OPENED:c-1,f-1,i0, conf=-1: [s0:0.0.0.0:42957, s1:0.0.0.0:41030, s2:0.0.0.0:35144], old=null
2019-09-26 09:45:56,378 INFO  impl.LeaderElection (LeaderElection.java:askForVotes(178)) - s0@group-808489D4E928-LeaderElection23: begin an election at term 5 for -1: [s0:0.0.0.0:42957, s1:0.0.0.0:41030, s2:0.0.0.0:35144], old=null
2019-09-26 09:45:56,440 INFO  logging.LoggingHandler (AbstractInternalLogger.java:log(150)) - [id: 0xe0803920, L:/0.0.0.0:42957] READ: [id: 0x0894a67c, L:/192.168.30.59:42957 - R:/192.168.30.59:36016]
2019-09-26 09:45:56,440 INFO  logging.LoggingHandler (AbstractInternalLogger.java:log(150)) - [id: 0xe0803920, L:/0.0.0.0:42957] READ COMPLETE
2019-09-26 09:45:56,441 INFO  impl.RaftServerImpl (RaftServerImpl.java:setConfigurationAsync(658)) - s0@group-808489D4E928: receive setConfiguration SetConfigurationRequest:client-BEACB46CE23B->s0@group-808489D4E928, cid=27, seq=0, RW, null, peers:[s3:0.0.0.0:45444, s0:0.0.0.0:42957, s2:0.0.0.0:35144]
2019-09-26 09:45:56,532 INFO  impl.LeaderElection (LeaderElection.java:logAndReturn(56)) - s0@group-808489D4E928-LeaderElection23: Election TIMEOUT; received 0 response(s) [] and 0 exception(s); s0@group-808489D4E928:t5, leader=null, voted=s0, raftlog=s0@group-808489D4E928-SegmentedRaftLog:OPENED:c-1,f-1,i0, conf=-1: [s0:0.0.0.0:42957, s1:0.0.0.0:41030, s2:0.0.0.0:35144], old=null
2019-09-26 09:45:56,544 INFO  logging.LoggingHandler (AbstractInternalLogger.java:log(150)) - [id: 0x52901452, L:/0.0.0.0:41030] READ: [id: 0x95cc6230, L:/192.168.30.59:41030 - R:/192.168.30.59:39164]
2019-09-26 09:45:56,545 INFO  logging.LoggingHandler (AbstractInternalLogger.java:log(150)) - [id: 0x52901452, L:/0.0.0.0:41030] READ COMPLETE
2019-09-26 09:45:56,546 INFO  impl.RaftServerImpl (RaftServerImpl.java:setConfigurationAsync(658)) - s1@group-808489D4E928: receive setConfiguration SetConfigurationRequest:client-BEACB46CE23B->s1@group-808489D4E928, cid=27, seq=0, RW, null, peers:[s3:0.0.0.0:45444, s0:0.0.0.0:42957, s2:0.0.0.0:35144]
2019-09-26 09:45:56,546 INFO  impl.LeaderElection (LeaderElection.java:askForVotes(178)) - s0@group-808489D4E928-LeaderElection23: begin an election at term 6 for -1: [s0:0.0.0.0:42957, s1:0.0.0.0:41030, s2:0.0.0.0:35144], old=null
2019-09-26 09:45:56,688 INFO  netty.TestRaftReconfigurationWithNetty (RaftReconfigurationBaseTest.java:runTestKillLeaderDuringReconf(345)) - (t:1, i:0), CONFIGURATIONENTRY
2019-09-26 09:45:56,689 INFO  server.RaftServerConfigKeys (ConfUtils.java:logGet(43)) - raft.server.rpc.timeout.max = 300ms (default)
2019-09-26 09:45:56,689 INFO  ratis.RaftTestUtil (RaftTestUtil.java:waitForLeader(86)) - printing ALL groups
  s3:   CLOSED  FOLLOWER s3@group-808489D4E928:t0, leader=null, voted=null, raftlog=s3@group-808489D4E928-SegmentedRaftLog:CLOSED:c-1, conf=-1: [s0:0.0.0.0:42957, s1:0.0.0.0:41030, s2:0.0.0.0:35144], old=null CLOSED
  s0:  RUNNING CANDIDATE s0@group-808489D4E928:t6, leader=null, voted=s0, raftlog=s0@group-808489D4E928-SegmentedRaftLog:OPENED:c-1,f-1,i0, conf=-1: [s0:0.0.0.0:42957, s1:0.0.0.0:41030, s2:0.0.0.0:35144], old=null RUNNING
  s1:  RUNNING  FOLLOWER s1@group-808489D4E928:t1, leader=s2, voted=s2, raftlog=s1@group-808489D4E928-SegmentedRaftLog:OPENED:c0,f0,i0, conf=0: [s0:0.0.0.0:42957, s1:0.0.0.0:41030, s2:0.0.0.0:35144], old=null RUNNING
  s2:  RUNNING    LEADER s2@group-808489D4E928:t1, leader=s2, voted=s2, raftlog=s2@group-808489D4E928-SegmentedRaftLog:OPENED:c0,f0,i0, conf=0: [s0:0.0.0.0:42957, s1:0.0.0.0:41030, s2:0.0.0.0:35144], old=null RUNNING
2019-09-26 09:45:56,689 INFO  ratis.RaftTestUtil (RaftTestUtil.java:waitForLeader(101)) - printing ALL groups
  s3:   CLOSED  FOLLOWER s3@group-808489D4E928:t0, leader=null, voted=null, raftlog=s3@group-808489D4E928-SegmentedRaftLog:CLOSED:c-1, conf=-1: [s0:0.0.0.0:42957, s1:0.0.0.0:41030, s2:0.0.0.0:35144], old=null CLOSED
  s0:  RUNNING CANDIDATE s0@group-808489D4E928:t6, leader=null, voted=s0, raftlog=s0@group-808489D4E928-SegmentedRaftLog:OPENED:c-1,f-1,i0, conf=-1: [s0:0.0.0.0:42957, s1:0.0.0.0:41030, s2:0.0.0.0:35144], old=null RUNNING
  s1:  RUNNING  FOLLOWER s1@group-808489D4E928:t1, leader=s2, voted=s2, raftlog=s1@group-808489D4E928-SegmentedRaftLog:OPENED:c0,f0,i0, conf=0: [s0:0.0.0.0:42957, s1:0.0.0.0:41030, s2:0.0.0.0:35144], old=null RUNNING
  s2:  RUNNING    LEADER s2@group-808489D4E928:t1, leader=s2, voted=s2, raftlog=s2@group-808489D4E928-SegmentedRaftLog:OPENED:c0,f0,i0, conf=0: [s0:0.0.0.0:42957, s1:0.0.0.0:41030, s2:0.0.0.0:35144], old=null RUNNING
2019-09-26 09:45:56,689 INFO  ratis.RaftTestUtil (RaftTestUtil.java:waitAndKillLeader(117)) - killing leader =    LEADER s2@group-808489D4E928:t1, leader=s2, voted=s2, raftlog=s2@group-808489D4E928-SegmentedRaftLog:OPENED:c0,f0,i0, conf=0: [s0:0.0.0.0:42957, s1:0.0.0.0:41030, s2:0.0.0.0:35144], old=null RUNNING
2019-09-26 09:45:56,689 INFO  ratis.MiniRaftCluster (MiniRaftCluster.java:killServer(458)) - killServer s2
2019-09-26 09:45:56,690 INFO  impl.RaftServerProxy (RaftServerProxy.java:lambda$close$4(314)) - s2: close
2019-09-26 09:45:56,690 INFO  impl.RaftServerImpl (RaftServerImpl.java:lambda$shutdown$3(247)) - s2@group-808489D4E928: shutdown
2019-09-26 09:45:56,690 INFO  util.JmxRegister (JmxRegister.java:unregister(73)) - Successfully un-registered JMX Bean with object name Ratis:service=RaftServer,group=group-808489D4E928,id=s2
2019-09-26 09:45:56,690 INFO  impl.RoleInfo (RoleInfo.java:shutdownLeaderState(104)) - s2: shutdown LeaderState
2019-09-26 09:45:56,692 INFO  impl.PendingRequests (PendingRequests.java:sendNotLeaderResponses(202)) - s2@group-808489D4E928-PendingRequests: sendNotLeaderResponses
2019-09-26 09:45:56,693 INFO  impl.LogAppender (LogAppender.java:run(78)) - s2@group-808489D4E928->s1-LogAppender-AppenderDaemon was interrupted: java.lang.InterruptedException
2019-09-26 09:45:56,693 INFO  impl.StateMachineUpdater (StateMachineUpdater.java:stopAndJoin(136)) - s2@group-808489D4E928-StateMachineUpdater: set stopIndex = 0
2019-09-26 09:45:56,693 INFO  impl.LogAppender (LogAppender.java:run(78)) - s2@group-808489D4E928->s0-LogAppender-AppenderDaemon was interrupted: java.io.InterruptedIOException: s2->s0#0 sending from s0:0.0.0.0:42957 is interrupted.
2019-09-26 09:45:56,693 INFO  impl.RaftServerImpl (ServerState.java:close(386)) - s2@group-808489D4E928: closes. applyIndex: 0
2019-09-26 09:45:56,693 INFO  segmented.SegmentedRaftLogWorker (SegmentedRaftLogWorker.java:run(313)) - s2@group-808489D4E928-SegmentedRaftLogWorker was interrupted, exiting. There are 0 tasks remaining in the queue.
2019-09-26 09:45:56,695 INFO  segmented.SegmentedRaftLogWorker (SegmentedRaftLogWorker.java:close(228)) - s2@group-808489D4E928-SegmentedRaftLogWorker close()
2019-09-26 09:45:56,696 INFO  logging.LoggingHandler (AbstractInternalLogger.java:log(150)) - [id: 0x41e61410, L:/0.0.0.0:35144] UNREGISTERED
2019-09-26 09:45:56,697 INFO  server.RaftServerConfigKeys (ConfUtils.java:logGet(43)) - raft.server.rpc.timeout.max = 300ms (default)
2019-09-26 09:45:56,697 INFO  ratis.RaftTestUtil (RaftTestUtil.java:waitForLeader(86)) - printing ALL groups
  s3:   CLOSED  FOLLOWER s3@group-808489D4E928:t0, leader=null, voted=null, raftlog=s3@group-808489D4E928-SegmentedRaftLog:CLOSED:c-1, conf=-1: [s0:0.0.0.0:42957, s1:0.0.0.0:41030, s2:0.0.0.0:35144], old=null CLOSED
  s0:  RUNNING CANDIDATE s0@group-808489D4E928:t6, leader=null, voted=s0, raftlog=s0@group-808489D4E928-SegmentedRaftLog:OPENED:c-1,f-1,i0, conf=-1: [s0:0.0.0.0:42957, s1:0.0.0.0:41030, s2:0.0.0.0:35144], old=null RUNNING
  s1:  RUNNING  FOLLOWER s1@group-808489D4E928:t1, leader=s2, voted=s2, raftlog=s1@group-808489D4E928-SegmentedRaftLog:OPENED:c0,f0,i0, conf=0: [s0:0.0.0.0:42957, s1:0.0.0.0:41030, s2:0.0.0.0:35144], old=null RUNNING
  s2:   CLOSED    LEADER s2@group-808489D4E928:t1, leader=s2, voted=s2, raftlog=s2@group-808489D4E928-SegmentedRaftLog:CLOSED:c0, conf=0: [s0:0.0.0.0:42957, s1:0.0.0.0:41030, s2:0.0.0.0:35144], old=null CLOSED
2019-09-26 09:45:56,697 WARN  ratis.RaftTestUtil (JavaUtils.java:attempt(158)) - FAILED "waitForLeader-null-(expectLeader? true)", attempt #1/100: java.lang.IllegalStateException: No leader yet : printing ALL groups
  s3:   CLOSED  FOLLOWER s3@group-808489D4E928:t0, leader=null, voted=null, raftlog=s3@group-808489D4E928-SegmentedRaftLog:CLOSED:c-1, conf=-1: [s0:0.0.0.0:42957, s1:0.0.0.0:41030, s2:0.0.0.0:35144], old=null CLOSED
  s0:  RUNNING CANDIDATE s0@group-808489D4E928:t6, leader=null, voted=s0, raftlog=s0@group-808489D4E928-SegmentedRaftLog:OPENED:c-1,f-1,i0, conf=-1: [s0:0.0.0.0:42957, s1:0.0.0.0:41030, s2:0.0.0.0:35144], old=null RUNNING
  s1:  RUNNING  FOLLOWER s1@group-808489D4E928:t1, leader=s2, voted=s2, raftlog=s1@group-808489D4E928-SegmentedRaftLog:OPENED:c0,f0,i0, conf=0: [s0:0.0.0.0:42957, s1:0.0.0.0:41030, s2:0.0.0.0:35144], old=null RUNNING
  s2:   CLOSED    LEADER s2@group-808489D4E928:t1, leader=s2, voted=s2, raftlog=s2@group-808489D4E928-SegmentedRaftLog:CLOSED:c0, conf=0: [s0:0.0.0.0:42957, s1:0.0.0.0:41030, s2:0.0.0.0:35144], old=null CLOSED, sleep 450ms and then retry.
java.lang.IllegalStateException: No leader yet : printing ALL groups
  s3:   CLOSED  FOLLOWER s3@group-808489D4E928:t0, leader=null, voted=null, raftlog=s3@group-808489D4E928-SegmentedRaftLog:CLOSED:c-1, conf=-1: [s0:0.0.0.0:42957, s1:0.0.0.0:41030, s2:0.0.0.0:35144], old=null CLOSED
  s0:  RUNNING CANDIDATE s0@group-808489D4E928:t6, leader=null, voted=s0, raftlog=s0@group-808489D4E928-SegmentedRaftLog:OPENED:c-1,f-1,i0, conf=-1: [s0:0.0.0.0:42957, s1:0.0.0.0:41030, s2:0.0.0.0:35144], old=null RUNNING
  s1:  RUNNING  FOLLOWER s1@group-808489D4E928:t1, leader=s2, voted=s2, raftlog=s1@group-808489D4E928-SegmentedRaftLog:OPENED:c0,f0,i0, conf=0: [s0:0.0.0.0:42957, s1:0.0.0.0:41030, s2:0.0.0.0:35144], old=null RUNNING
  s2:   CLOSED    LEADER s2@group-808489D4E928:t1, leader=s2, voted=s2, raftlog=s2@group-808489D4E928-SegmentedRaftLog:CLOSED:c0, conf=0: [s0:0.0.0.0:42957, s1:0.0.0.0:41030, s2:0.0.0.0:35144], old=null CLOSED
	at org.apache.ratis.MiniRaftCluster.newIllegalStateExceptionForNoLeaders(MiniRaftCluster.java:506)
	at org.apache.ratis.RaftTestUtil.lambda$waitForLeader$1(RaftTestUtil.java:90)
	at org.apache.ratis.MiniRaftCluster.getLeader(MiniRaftCluster.java:539)
	at org.apache.ratis.MiniRaftCluster.getLeader(MiniRaftCluster.java:532)
	at org.apache.ratis.RaftTestUtil.lambda$waitForLeader$3(RaftTestUtil.java:98)
	at org.apache.ratis.util.JavaUtils.attempt(JavaUtils.java:152)
	at org.apache.ratis.RaftTestUtil.waitForLeader(RaftTestUtil.java:97)
	at org.apache.ratis.RaftTestUtil.waitForLeader(RaftTestUtil.java:77)
	at org.apache.ratis.RaftTestUtil.waitForLeader(RaftTestUtil.java:72)
	at org.apache.ratis.server.impl.RaftReconfigurationBaseTest.runTestKillLeaderDuringReconf(RaftReconfigurationBaseTest.java:353)
	at org.apache.ratis.MiniRaftCluster$Factory$Get.runWithNewCluster(MiniRaftCluster.java:125)
	at org.apache.ratis.MiniRaftCluster$Factory$Get.runWithNewCluster(MiniRaftCluster.java:113)
	at org.apache.ratis.server.impl.RaftReconfigurationBaseTest.testKillLeaderDuringReconf(RaftReconfigurationBaseTest.java:304)
	at sun.reflect.NativeMethodAccessorImpl.invoke0(Native Method)
	at sun.reflect.NativeMethodAccessorImpl.invoke(NativeMethodAccessorImpl.java:62)
	at sun.reflect.DelegatingMethodAccessorImpl.invoke(DelegatingMethodAccessorImpl.java:43)
	at java.lang.reflect.Method.invoke(Method.java:498)
	at org.junit.runners.model.FrameworkMethod$1.runReflectiveCall(FrameworkMethod.java:50)
	at org.junit.internal.runners.model.ReflectiveCallable.run(ReflectiveCallable.java:12)
	at org.junit.runners.model.FrameworkMethod.invokeExplosively(FrameworkMethod.java:47)
	at org.junit.internal.runners.statements.InvokeMethod.evaluate(InvokeMethod.java:17)
	at org.junit.internal.runners.statements.RunAfters.evaluate(RunAfters.java:27)
	at org.junit.internal.runners.statements.FailOnTimeout$CallableStatement.call(FailOnTimeout.java:298)
	at org.junit.internal.runners.statements.FailOnTimeout$CallableStatement.call(FailOnTimeout.java:292)
	at java.util.concurrent.FutureTask.run(FutureTask.java:266)
	at java.lang.Thread.run(Thread.java:748)
2019-09-26 09:45:56,746 INFO  impl.LeaderElection (LeaderElection.java:logAndReturn(56)) - s0@group-808489D4E928-LeaderElection23: Election TIMEOUT; received 0 response(s) [] and 0 exception(s); s0@group-808489D4E928:t6, leader=null, voted=s0, raftlog=s0@group-808489D4E928-SegmentedRaftLog:OPENED:c-1,f-1,i0, conf=-1: [s0:0.0.0.0:42957, s1:0.0.0.0:41030, s2:0.0.0.0:35144], old=null
2019-09-26 09:45:56,761 INFO  impl.LeaderElection (LeaderElection.java:askForVotes(178)) - s0@group-808489D4E928-LeaderElection23: begin an election at term 7 for -1: [s0:0.0.0.0:42957, s1:0.0.0.0:41030, s2:0.0.0.0:35144], old=null
2019-09-26 09:45:56,892 INFO  logging.LoggingHandler (AbstractInternalLogger.java:log(150)) - [id: 0x52901452, L:/0.0.0.0:41030] READ: [id: 0xd91d22fc, L:/192.168.30.59:41030 - R:/192.168.30.59:39174]
2019-09-26 09:45:56,892 INFO  logging.LoggingHandler (AbstractInternalLogger.java:log(150)) - [id: 0x52901452, L:/0.0.0.0:41030] READ COMPLETE
2019-09-26 09:45:56,893 INFO  impl.RaftServerImpl (RaftServerImpl.java:setConfigurationAsync(658)) - s1@group-808489D4E928: receive setConfiguration SetConfigurationRequest:client-BEACB46CE23B->s1@group-808489D4E928, cid=27, seq=0, RW, null, peers:[s3:0.0.0.0:45444, s0:0.0.0.0:42957, s2:0.0.0.0:35144]
2019-09-26 09:45:57,055 INFO  impl.LeaderElection (LeaderElection.java:logAndReturn(56)) - s0@group-808489D4E928-LeaderElection23: Election TIMEOUT; received 0 response(s) [] and 0 exception(s); s0@group-808489D4E928:t7, leader=null, voted=s0, raftlog=s0@group-808489D4E928-SegmentedRaftLog:OPENED:c-1,f-1,i0, conf=-1: [s0:0.0.0.0:42957, s1:0.0.0.0:41030, s2:0.0.0.0:35144], old=null
2019-09-26 09:45:57,074 INFO  impl.FollowerState (FollowerState.java:run(108)) - s1@group-808489D4E928-FollowerState: change to CANDIDATE, lastRpcTime:385ms, electionTimeout:210ms
2019-09-26 09:45:57,074 INFO  impl.RoleInfo (RoleInfo.java:shutdownFollowerState(121)) - s1: shutdown FollowerState
2019-09-26 09:45:57,074 INFO  impl.RaftServerImpl (RaftServerImpl.java:setRole(170)) - s1@group-808489D4E928: changes role from  FOLLOWER to CANDIDATE at term 1 for changeToCandidate
2019-09-26 09:45:57,074 INFO  impl.RoleInfo (RoleInfo.java:updateAndGet(143)) - s1: start LeaderElection
2019-09-26 09:45:57,075 INFO  impl.RaftServerImpl (ServerState.java:setLeader(254)) - s1@group-808489D4E928: change Leader from s2 to null at term 1 for initElection
2019-09-26 09:45:57,081 INFO  impl.LeaderElection (LeaderElection.java:askForVotes(178)) - s0@group-808489D4E928-LeaderElection23: begin an election at term 8 for -1: [s0:0.0.0.0:42957, s1:0.0.0.0:41030, s2:0.0.0.0:35144], old=null
2019-09-26 09:45:57,081 INFO  impl.LeaderElection (LeaderElection.java:askForVotes(178)) - s1@group-808489D4E928-LeaderElection25: begin an election at term 2 for 0: [s0:0.0.0.0:42957, s1:0.0.0.0:41030, s2:0.0.0.0:35144], old=null
2019-09-26 09:45:57,083 INFO  logging.LoggingHandler (AbstractInternalLogger.java:log(150)) - [id: 0xe0803920, L:/0.0.0.0:42957] READ: [id: 0xeb1b3bf2, L:/192.168.30.59:42957 - R:/192.168.30.59:36034]
2019-09-26 09:45:57,083 INFO  impl.LeaderElection (LogUtils.java:infoOrTrace(149)) - s1@group-808489D4E928-LeaderElection25 got exception when requesting votes: java.util.concurrent.ExecutionException: org.apache.ratis.thirdparty.io.netty.channel.AbstractChannel$AnnotatedConnectException: Connection refused: /0.0.0.0:35144
2019-09-26 09:45:57,084 INFO  logging.LoggingHandler (AbstractInternalLogger.java:log(150)) - [id: 0xe0803920, L:/0.0.0.0:42957] READ COMPLETE
2019-09-26 09:45:57,084 INFO  util.CodeInjectionForTesting (BlockRequestHandlingInjection.java:execute(76)) - s0: Block request from s1
2019-09-26 09:45:57,097 INFO  logging.LoggingHandler (AbstractInternalLogger.java:log(150)) - [id: 0x52901452, L:/0.0.0.0:41030] READ: [id: 0xfe690cfb, L:/192.168.30.59:41030 - R:/192.168.30.59:39182]
2019-09-26 09:45:57,098 INFO  logging.LoggingHandler (AbstractInternalLogger.java:log(150)) - [id: 0x52901452, L:/0.0.0.0:41030] READ COMPLETE
2019-09-26 09:45:57,148 WARN  ratis.RaftTestUtil (JavaUtils.java:attempt(158)) - FAILED "waitForLeader-null-(expectLeader? true)", attempt #2/100: java.lang.IllegalStateException: No leader yet : printing ALL groups
  s3:   CLOSED  FOLLOWER s3@group-808489D4E928:t0, leader=null, voted=null, raftlog=s3@group-808489D4E928-SegmentedRaftLog:CLOSED:c-1, conf=-1: [s0:0.0.0.0:42957, s1:0.0.0.0:41030, s2:0.0.0.0:35144], old=null CLOSED
  s0:  RUNNING CANDIDATE s0@group-808489D4E928:t8, leader=null, voted=s0, raftlog=s0@group-808489D4E928-SegmentedRaftLog:OPENED:c-1,f-1,i0, conf=-1: [s0:0.0.0.0:42957, s1:0.0.0.0:41030, s2:0.0.0.0:35144], old=null RUNNING
  s1:  RUNNING CANDIDATE s1@group-808489D4E928:t2, leader=null, voted=s1, raftlog=s1@group-808489D4E928-SegmentedRaftLog:OPENED:c0,f0,i0, conf=0: [s0:0.0.0.0:42957, s1:0.0.0.0:41030, s2:0.0.0.0:35144], old=null RUNNING
  s2:   CLOSED    LEADER s2@group-808489D4E928:t1, leader=s2, voted=s2, raftlog=s2@group-808489D4E928-SegmentedRaftLog:CLOSED:c0, conf=0: [s0:0.0.0.0:42957, s1:0.0.0.0:41030, s2:0.0.0.0:35144], old=null CLOSED, sleep 450ms and then retry.
java.lang.IllegalStateException: No leader yet : printing ALL groups
  s3:   CLOSED  FOLLOWER s3@group-808489D4E928:t0, leader=null, voted=null, raftlog=s3@group-808489D4E928-SegmentedRaftLog:CLOSED:c-1, conf=-1: [s0:0.0.0.0:42957, s1:0.0.0.0:41030, s2:0.0.0.0:35144], old=null CLOSED
  s0:  RUNNING CANDIDATE s0@group-808489D4E928:t8, leader=null, voted=s0, raftlog=s0@group-808489D4E928-SegmentedRaftLog:OPENED:c-1,f-1,i0, conf=-1: [s0:0.0.0.0:42957, s1:0.0.0.0:41030, s2:0.0.0.0:35144], old=null RUNNING
  s1:  RUNNING CANDIDATE s1@group-808489D4E928:t2, leader=null, voted=s1, raftlog=s1@group-808489D4E928-SegmentedRaftLog:OPENED:c0,f0,i0, conf=0: [s0:0.0.0.0:42957, s1:0.0.0.0:41030, s2:0.0.0.0:35144], old=null RUNNING
  s2:   CLOSED    LEADER s2@group-808489D4E928:t1, leader=s2, voted=s2, raftlog=s2@group-808489D4E928-SegmentedRaftLog:CLOSED:c0, conf=0: [s0:0.0.0.0:42957, s1:0.0.0.0:41030, s2:0.0.0.0:35144], old=null CLOSED
	at org.apache.ratis.MiniRaftCluster.newIllegalStateExceptionForNoLeaders(MiniRaftCluster.java:506)
	at org.apache.ratis.RaftTestUtil.lambda$waitForLeader$1(RaftTestUtil.java:90)
	at org.apache.ratis.MiniRaftCluster.getLeader(MiniRaftCluster.java:539)
	at org.apache.ratis.MiniRaftCluster.getLeader(MiniRaftCluster.java:532)
	at org.apache.ratis.RaftTestUtil.lambda$waitForLeader$3(RaftTestUtil.java:98)
	at org.apache.ratis.util.JavaUtils.attempt(JavaUtils.java:152)
	at org.apache.ratis.RaftTestUtil.waitForLeader(RaftTestUtil.java:97)
	at org.apache.ratis.RaftTestUtil.waitForLeader(RaftTestUtil.java:77)
	at org.apache.ratis.RaftTestUtil.waitForLeader(RaftTestUtil.java:72)
	at org.apache.ratis.server.impl.RaftReconfigurationBaseTest.runTestKillLeaderDuringReconf(RaftReconfigurationBaseTest.java:353)
	at org.apache.ratis.MiniRaftCluster$Factory$Get.runWithNewCluster(MiniRaftCluster.java:125)
	at org.apache.ratis.MiniRaftCluster$Factory$Get.runWithNewCluster(MiniRaftCluster.java:113)
	at org.apache.ratis.server.impl.RaftReconfigurationBaseTest.testKillLeaderDuringReconf(RaftReconfigurationBaseTest.java:304)
	at sun.reflect.NativeMethodAccessorImpl.invoke0(Native Method)
	at sun.reflect.NativeMethodAccessorImpl.invoke(NativeMethodAccessorImpl.java:62)
	at sun.reflect.DelegatingMethodAccessorImpl.invoke(DelegatingMethodAccessorImpl.java:43)
	at java.lang.reflect.Method.invoke(Method.java:498)
	at org.junit.runners.model.FrameworkMethod$1.runReflectiveCall(FrameworkMethod.java:50)
	at org.junit.internal.runners.model.ReflectiveCallable.run(ReflectiveCallable.java:12)
	at org.junit.runners.model.FrameworkMethod.invokeExplosively(FrameworkMethod.java:47)
	at org.junit.internal.runners.statements.InvokeMethod.evaluate(InvokeMethod.java:17)
	at org.junit.internal.runners.statements.RunAfters.evaluate(RunAfters.java:27)
	at org.junit.internal.runners.statements.FailOnTimeout$CallableStatement.call(FailOnTimeout.java:298)
	at org.junit.internal.runners.statements.FailOnTimeout$CallableStatement.call(FailOnTimeout.java:292)
	at java.util.concurrent.FutureTask.run(FutureTask.java:266)
	at java.lang.Thread.run(Thread.java:748)
2019-09-26 09:45:57,287 INFO  impl.LeaderElection (LeaderElection.java:logAndReturn(56)) - s0@group-808489D4E928-LeaderElection23: Election TIMEOUT; received 0 response(s) [] and 0 exception(s); s0@group-808489D4E928:t8, leader=null, voted=s0, raftlog=s0@group-808489D4E928-SegmentedRaftLog:OPENED:c-1,f-1,i0, conf=-1: [s0:0.0.0.0:42957, s1:0.0.0.0:41030, s2:0.0.0.0:35144], old=null
2019-09-26 09:45:57,300 INFO  impl.LeaderElection (LeaderElection.java:askForVotes(178)) - s0@group-808489D4E928-LeaderElection23: begin an election at term 9 for -1: [s0:0.0.0.0:42957, s1:0.0.0.0:41030, s2:0.0.0.0:35144], old=null
2019-09-26 09:45:57,330 INFO  impl.LeaderElection (LeaderElection.java:logAndReturn(56)) - s1@group-808489D4E928-LeaderElection25: Election TIMEOUT; received 0 response(s) [] and 1 exception(s); s1@group-808489D4E928:t2, leader=null, voted=s1, raftlog=s1@group-808489D4E928-SegmentedRaftLog:OPENED:c0,f0,i0, conf=0: [s0:0.0.0.0:42957, s1:0.0.0.0:41030, s2:0.0.0.0:35144], old=null
2019-09-26 09:45:57,330 INFO  impl.LeaderElection (LogUtils.java:infoOrTrace(149)) -   Exception 0: java.util.concurrent.ExecutionException: org.apache.ratis.thirdparty.io.netty.channel.AbstractChannel$AnnotatedConnectException: Connection refused: /0.0.0.0:35144
2019-09-26 09:45:57,343 INFO  impl.LeaderElection (LeaderElection.java:askForVotes(178)) - s1@group-808489D4E928-LeaderElection25: begin an election at term 3 for 0: [s0:0.0.0.0:42957, s1:0.0.0.0:41030, s2:0.0.0.0:35144], old=null
2019-09-26 09:45:57,346 INFO  impl.LeaderElection (LogUtils.java:infoOrTrace(149)) - s1@group-808489D4E928-LeaderElection25 got exception when requesting votes: java.util.concurrent.ExecutionException: org.apache.ratis.thirdparty.io.netty.channel.AbstractChannel$AnnotatedConnectException: Connection refused: /0.0.0.0:35144
2019-09-26 09:45:57,520 INFO  impl.LeaderElection (LeaderElection.java:logAndReturn(56)) - s0@group-808489D4E928-LeaderElection23: Election TIMEOUT; received 0 response(s) [] and 0 exception(s); s0@group-808489D4E928:t9, leader=null, voted=s0, raftlog=s0@group-808489D4E928-SegmentedRaftLog:OPENED:c-1,f-1,i0, conf=-1: [s0:0.0.0.0:42957, s1:0.0.0.0:41030, s2:0.0.0.0:35144], old=null
2019-09-26 09:45:57,534 INFO  impl.LeaderElection (LeaderElection.java:askForVotes(178)) - s0@group-808489D4E928-LeaderElection23: begin an election at term 10 for -1: [s0:0.0.0.0:42957, s1:0.0.0.0:41030, s2:0.0.0.0:35144], old=null
2019-09-26 09:45:57,555 INFO  impl.LeaderElection (LeaderElection.java:logAndReturn(56)) - s1@group-808489D4E928-LeaderElection25: Election TIMEOUT; received 0 response(s) [] and 1 exception(s); s1@group-808489D4E928:t3, leader=null, voted=s1, raftlog=s1@group-808489D4E928-SegmentedRaftLog:OPENED:c0,f0,i0, conf=0: [s0:0.0.0.0:42957, s1:0.0.0.0:41030, s2:0.0.0.0:35144], old=null
2019-09-26 09:45:57,555 INFO  impl.LeaderElection (LogUtils.java:infoOrTrace(149)) -   Exception 0: java.util.concurrent.ExecutionException: org.apache.ratis.thirdparty.io.netty.channel.AbstractChannel$AnnotatedConnectException: Connection refused: /0.0.0.0:35144
2019-09-26 09:45:57,569 INFO  impl.LeaderElection (LeaderElection.java:askForVotes(178)) - s1@group-808489D4E928-LeaderElection25: begin an election at term 4 for 0: [s0:0.0.0.0:42957, s1:0.0.0.0:41030, s2:0.0.0.0:35144], old=null
2019-09-26 09:45:57,572 INFO  impl.LeaderElection (LogUtils.java:infoOrTrace(149)) - s1@group-808489D4E928-LeaderElection25 got exception when requesting votes: java.util.concurrent.ExecutionException: org.apache.ratis.thirdparty.io.netty.channel.AbstractChannel$AnnotatedConnectException: Connection refused: /0.0.0.0:35144
2019-09-26 09:45:57,599 WARN  ratis.RaftTestUtil (JavaUtils.java:attempt(158)) - FAILED "waitForLeader-null-(expectLeader? true)", attempt #3/100: java.lang.IllegalStateException: No leader yet : printing ALL groups
  s3:   CLOSED  FOLLOWER s3@group-808489D4E928:t0, leader=null, voted=null, raftlog=s3@group-808489D4E928-SegmentedRaftLog:CLOSED:c-1, conf=-1: [s0:0.0.0.0:42957, s1:0.0.0.0:41030, s2:0.0.0.0:35144], old=null CLOSED
  s0:  RUNNING CANDIDATE s0@group-808489D4E928:t10, leader=null, voted=s0, raftlog=s0@group-808489D4E928-SegmentedRaftLog:OPENED:c-1,f-1,i0, conf=-1: [s0:0.0.0.0:42957, s1:0.0.0.0:41030, s2:0.0.0.0:35144], old=null RUNNING
  s1:  RUNNING CANDIDATE s1@group-808489D4E928:t4, leader=null, voted=s1, raftlog=s1@group-808489D4E928-SegmentedRaftLog:OPENED:c0,f0,i0, conf=0: [s0:0.0.0.0:42957, s1:0.0.0.0:41030, s2:0.0.0.0:35144], old=null RUNNING
  s2:   CLOSED    LEADER s2@group-808489D4E928:t1, leader=s2, voted=s2, raftlog=s2@group-808489D4E928-SegmentedRaftLog:CLOSED:c0, conf=0: [s0:0.0.0.0:42957, s1:0.0.0.0:41030, s2:0.0.0.0:35144], old=null CLOSED, sleep 450ms and then retry.
java.lang.IllegalStateException: No leader yet : printing ALL groups
  s3:   CLOSED  FOLLOWER s3@group-808489D4E928:t0, leader=null, voted=null, raftlog=s3@group-808489D4E928-SegmentedRaftLog:CLOSED:c-1, conf=-1: [s0:0.0.0.0:42957, s1:0.0.0.0:41030, s2:0.0.0.0:35144], old=null CLOSED
  s0:  RUNNING CANDIDATE s0@group-808489D4E928:t10, leader=null, voted=s0, raftlog=s0@group-808489D4E928-SegmentedRaftLog:OPENED:c-1,f-1,i0, conf=-1: [s0:0.0.0.0:42957, s1:0.0.0.0:41030, s2:0.0.0.0:35144], old=null RUNNING
  s1:  RUNNING CANDIDATE s1@group-808489D4E928:t4, leader=null, voted=s1, raftlog=s1@group-808489D4E928-SegmentedRaftLog:OPENED:c0,f0,i0, conf=0: [s0:0.0.0.0:42957, s1:0.0.0.0:41030, s2:0.0.0.0:35144], old=null RUNNING
  s2:   CLOSED    LEADER s2@group-808489D4E928:t1, leader=s2, voted=s2, raftlog=s2@group-808489D4E928-SegmentedRaftLog:CLOSED:c0, conf=0: [s0:0.0.0.0:42957, s1:0.0.0.0:41030, s2:0.0.0.0:35144], old=null CLOSED
	at org.apache.ratis.MiniRaftCluster.newIllegalStateExceptionForNoLeaders(MiniRaftCluster.java:506)
	at org.apache.ratis.RaftTestUtil.lambda$waitForLeader$1(RaftTestUtil.java:90)
	at org.apache.ratis.MiniRaftCluster.getLeader(MiniRaftCluster.java:539)
	at org.apache.ratis.MiniRaftCluster.getLeader(MiniRaftCluster.java:532)
	at org.apache.ratis.RaftTestUtil.lambda$waitForLeader$3(RaftTestUtil.java:98)
	at org.apache.ratis.util.JavaUtils.attempt(JavaUtils.java:152)
	at org.apache.ratis.RaftTestUtil.waitForLeader(RaftTestUtil.java:97)
	at org.apache.ratis.RaftTestUtil.waitForLeader(RaftTestUtil.java:77)
	at org.apache.ratis.RaftTestUtil.waitForLeader(RaftTestUtil.java:72)
	at org.apache.ratis.server.impl.RaftReconfigurationBaseTest.runTestKillLeaderDuringReconf(RaftReconfigurationBaseTest.java:353)
	at org.apache.ratis.MiniRaftCluster$Factory$Get.runWithNewCluster(MiniRaftCluster.java:125)
	at org.apache.ratis.MiniRaftCluster$Factory$Get.runWithNewCluster(MiniRaftCluster.java:113)
	at org.apache.ratis.server.impl.RaftReconfigurationBaseTest.testKillLeaderDuringReconf(RaftReconfigurationBaseTest.java:304)
	at sun.reflect.NativeMethodAccessorImpl.invoke0(Native Method)
	at sun.reflect.NativeMethodAccessorImpl.invoke(NativeMethodAccessorImpl.java:62)
	at sun.reflect.DelegatingMethodAccessorImpl.invoke(DelegatingMethodAccessorImpl.java:43)
	at java.lang.reflect.Method.invoke(Method.java:498)
	at org.junit.runners.model.FrameworkMethod$1.runReflectiveCall(FrameworkMethod.java:50)
	at org.junit.internal.runners.model.ReflectiveCallable.run(ReflectiveCallable.java:12)
	at org.junit.runners.model.FrameworkMethod.invokeExplosively(FrameworkMethod.java:47)
	at org.junit.internal.runners.statements.InvokeMethod.evaluate(InvokeMethod.java:17)
	at org.junit.internal.runners.statements.RunAfters.evaluate(RunAfters.java:27)
	at org.junit.internal.runners.statements.FailOnTimeout$CallableStatement.call(FailOnTimeout.java:298)
	at org.junit.internal.runners.statements.FailOnTimeout$CallableStatement.call(FailOnTimeout.java:292)
	at java.util.concurrent.FutureTask.run(FutureTask.java:266)
	at java.lang.Thread.run(Thread.java:748)
2019-09-26 09:45:57,756 INFO  impl.LeaderElection (LeaderElection.java:logAndReturn(56)) - s0@group-808489D4E928-LeaderElection23: Election TIMEOUT; received 0 response(s) [] and 0 exception(s); s0@group-808489D4E928:t10, leader=null, voted=s0, raftlog=s0@group-808489D4E928-SegmentedRaftLog:OPENED:c-1,f-1,i0, conf=-1: [s0:0.0.0.0:42957, s1:0.0.0.0:41030, s2:0.0.0.0:35144], old=null
2019-09-26 09:45:57,778 INFO  impl.LeaderElection (LeaderElection.java:askForVotes(178)) - s0@group-808489D4E928-LeaderElection23: begin an election at term 11 for -1: [s0:0.0.0.0:42957, s1:0.0.0.0:41030, s2:0.0.0.0:35144], old=null
2019-09-26 09:45:57,782 INFO  impl.LeaderElection (LeaderElection.java:logAndReturn(56)) - s1@group-808489D4E928-LeaderElection25: Election TIMEOUT; received 0 response(s) [] and 1 exception(s); s1@group-808489D4E928:t4, leader=null, voted=s1, raftlog=s1@group-808489D4E928-SegmentedRaftLog:OPENED:c0,f0,i0, conf=0: [s0:0.0.0.0:42957, s1:0.0.0.0:41030, s2:0.0.0.0:35144], old=null
2019-09-26 09:45:57,782 INFO  impl.LeaderElection (LogUtils.java:infoOrTrace(149)) -   Exception 0: java.util.concurrent.ExecutionException: org.apache.ratis.thirdparty.io.netty.channel.AbstractChannel$AnnotatedConnectException: Connection refused: /0.0.0.0:35144
2019-09-26 09:45:57,786 INFO  impl.LeaderElection (LeaderElection.java:askForVotes(178)) - s1@group-808489D4E928-LeaderElection25: begin an election at term 5 for 0: [s0:0.0.0.0:42957, s1:0.0.0.0:41030, s2:0.0.0.0:35144], old=null
2019-09-26 09:45:57,789 INFO  impl.LeaderElection (LogUtils.java:infoOrTrace(149)) - s1@group-808489D4E928-LeaderElection25 got exception when requesting votes: java.util.concurrent.ExecutionException: org.apache.ratis.thirdparty.io.netty.channel.AbstractChannel$AnnotatedConnectException: Connection refused: /0.0.0.0:35144
2019-09-26 09:45:57,954 INFO  impl.LeaderElection (LeaderElection.java:logAndReturn(56)) - s0@group-808489D4E928-LeaderElection23: Election TIMEOUT; received 0 response(s) [] and 0 exception(s); s0@group-808489D4E928:t11, leader=null, voted=s0, raftlog=s0@group-808489D4E928-SegmentedRaftLog:OPENED:c-1,f-1,i0, conf=-1: [s0:0.0.0.0:42957, s1:0.0.0.0:41030, s2:0.0.0.0:35144], old=null
2019-09-26 09:45:57,967 INFO  impl.LeaderElection (LeaderElection.java:askForVotes(178)) - s0@group-808489D4E928-LeaderElection23: begin an election at term 12 for -1: [s0:0.0.0.0:42957, s1:0.0.0.0:41030, s2:0.0.0.0:35144], old=null
2019-09-26 09:45:57,976 INFO  impl.LeaderElection (LeaderElection.java:logAndReturn(56)) - s1@group-808489D4E928-LeaderElection25: Election TIMEOUT; received 0 response(s) [] and 1 exception(s); s1@group-808489D4E928:t5, leader=null, voted=s1, raftlog=s1@group-808489D4E928-SegmentedRaftLog:OPENED:c0,f0,i0, conf=0: [s0:0.0.0.0:42957, s1:0.0.0.0:41030, s2:0.0.0.0:35144], old=null
2019-09-26 09:45:57,976 INFO  impl.LeaderElection (LogUtils.java:infoOrTrace(149)) -   Exception 0: java.util.concurrent.ExecutionException: org.apache.ratis.thirdparty.io.netty.channel.AbstractChannel$AnnotatedConnectException: Connection refused: /0.0.0.0:35144
2019-09-26 09:45:57,990 INFO  impl.LeaderElection (LeaderElection.java:askForVotes(178)) - s1@group-808489D4E928-LeaderElection25: begin an election at term 6 for 0: [s0:0.0.0.0:42957, s1:0.0.0.0:41030, s2:0.0.0.0:35144], old=null
2019-09-26 09:45:57,992 INFO  impl.LeaderElection (LogUtils.java:infoOrTrace(149)) - s1@group-808489D4E928-LeaderElection25 got exception when requesting votes: java.util.concurrent.ExecutionException: org.apache.ratis.thirdparty.io.netty.channel.AbstractChannel$AnnotatedConnectException: Connection refused: /0.0.0.0:35144
2019-09-26 09:45:58,051 WARN  ratis.RaftTestUtil (JavaUtils.java:attempt(158)) - FAILED "waitForLeader-null-(expectLeader? true)", attempt #4/100: java.lang.IllegalStateException: No leader yet : printing ALL groups
  s3:   CLOSED  FOLLOWER s3@group-808489D4E928:t0, leader=null, voted=null, raftlog=s3@group-808489D4E928-SegmentedRaftLog:CLOSED:c-1, conf=-1: [s0:0.0.0.0:42957, s1:0.0.0.0:41030, s2:0.0.0.0:35144], old=null CLOSED
  s0:  RUNNING CANDIDATE s0@group-808489D4E928:t12, leader=null, voted=s0, raftlog=s0@group-808489D4E928-SegmentedRaftLog:OPENED:c-1,f-1,i0, conf=-1: [s0:0.0.0.0:42957, s1:0.0.0.0:41030, s2:0.0.0.0:35144], old=null RUNNING
  s1:  RUNNING CANDIDATE s1@group-808489D4E928:t6, leader=null, voted=s1, raftlog=s1@group-808489D4E928-SegmentedRaftLog:OPENED:c0,f0,i0, conf=0: [s0:0.0.0.0:42957, s1:0.0.0.0:41030, s2:0.0.0.0:35144], old=null RUNNING
  s2:   CLOSED    LEADER s2@group-808489D4E928:t1, leader=s2, voted=s2, raftlog=s2@group-808489D4E928-SegmentedRaftLog:CLOSED:c0, conf=0: [s0:0.0.0.0:42957, s1:0.0.0.0:41030, s2:0.0.0.0:35144], old=null CLOSED, sleep 450ms and then retry.
java.lang.IllegalStateException: No leader yet : printing ALL groups
  s3:   CLOSED  FOLLOWER s3@group-808489D4E928:t0, leader=null, voted=null, raftlog=s3@group-808489D4E928-SegmentedRaftLog:CLOSED:c-1, conf=-1: [s0:0.0.0.0:42957, s1:0.0.0.0:41030, s2:0.0.0.0:35144], old=null CLOSED
  s0:  RUNNING CANDIDATE s0@group-808489D4E928:t12, leader=null, voted=s0, raftlog=s0@group-808489D4E928-SegmentedRaftLog:OPENED:c-1,f-1,i0, conf=-1: [s0:0.0.0.0:42957, s1:0.0.0.0:41030, s2:0.0.0.0:35144], old=null RUNNING
  s1:  RUNNING CANDIDATE s1@group-808489D4E928:t6, leader=null, voted=s1, raftlog=s1@group-808489D4E928-SegmentedRaftLog:OPENED:c0,f0,i0, conf=0: [s0:0.0.0.0:42957, s1:0.0.0.0:41030, s2:0.0.0.0:35144], old=null RUNNING
  s2:   CLOSED    LEADER s2@group-808489D4E928:t1, leader=s2, voted=s2, raftlog=s2@group-808489D4E928-SegmentedRaftLog:CLOSED:c0, conf=0: [s0:0.0.0.0:42957, s1:0.0.0.0:41030, s2:0.0.0.0:35144], old=null CLOSED
	at org.apache.ratis.MiniRaftCluster.newIllegalStateExceptionForNoLeaders(MiniRaftCluster.java:506)
	at org.apache.ratis.RaftTestUtil.lambda$waitForLeader$1(RaftTestUtil.java:90)
	at org.apache.ratis.MiniRaftCluster.getLeader(MiniRaftCluster.java:539)
	at org.apache.ratis.MiniRaftCluster.getLeader(MiniRaftCluster.java:532)
	at org.apache.ratis.RaftTestUtil.lambda$waitForLeader$3(RaftTestUtil.java:98)
	at org.apache.ratis.util.JavaUtils.attempt(JavaUtils.java:152)
	at org.apache.ratis.RaftTestUtil.waitForLeader(RaftTestUtil.java:97)
	at org.apache.ratis.RaftTestUtil.waitForLeader(RaftTestUtil.java:77)
	at org.apache.ratis.RaftTestUtil.waitForLeader(RaftTestUtil.java:72)
	at org.apache.ratis.server.impl.RaftReconfigurationBaseTest.runTestKillLeaderDuringReconf(RaftReconfigurationBaseTest.java:353)
	at org.apache.ratis.MiniRaftCluster$Factory$Get.runWithNewCluster(MiniRaftCluster.java:125)
	at org.apache.ratis.MiniRaftCluster$Factory$Get.runWithNewCluster(MiniRaftCluster.java:113)
	at org.apache.ratis.server.impl.RaftReconfigurationBaseTest.testKillLeaderDuringReconf(RaftReconfigurationBaseTest.java:304)
	at sun.reflect.NativeMethodAccessorImpl.invoke0(Native Method)
	at sun.reflect.NativeMethodAccessorImpl.invoke(NativeMethodAccessorImpl.java:62)
	at sun.reflect.DelegatingMethodAccessorImpl.invoke(DelegatingMethodAccessorImpl.java:43)
	at java.lang.reflect.Method.invoke(Method.java:498)
	at org.junit.runners.model.FrameworkMethod$1.runReflectiveCall(FrameworkMethod.java:50)
	at org.junit.internal.runners.model.ReflectiveCallable.run(ReflectiveCallable.java:12)
	at org.junit.runners.model.FrameworkMethod.invokeExplosively(FrameworkMethod.java:47)
	at org.junit.internal.runners.statements.InvokeMethod.evaluate(InvokeMethod.java:17)
	at org.junit.internal.runners.statements.RunAfters.evaluate(RunAfters.java:27)
	at org.junit.internal.runners.statements.FailOnTimeout$CallableStatement.call(FailOnTimeout.java:298)
	at org.junit.internal.runners.statements.FailOnTimeout$CallableStatement.call(FailOnTimeout.java:292)
	at java.util.concurrent.FutureTask.run(FutureTask.java:266)
	at java.lang.Thread.run(Thread.java:748)
2019-09-26 09:45:58,228 INFO  impl.LeaderElection (LeaderElection.java:logAndReturn(56)) - s1@group-808489D4E928-LeaderElection25: Election TIMEOUT; received 0 response(s) [] and 1 exception(s); s1@group-808489D4E928:t6, leader=null, voted=s1, raftlog=s1@group-808489D4E928-SegmentedRaftLog:OPENED:c0,f0,i0, conf=0: [s0:0.0.0.0:42957, s1:0.0.0.0:41030, s2:0.0.0.0:35144], old=null
2019-09-26 09:45:58,229 INFO  impl.LeaderElection (LogUtils.java:infoOrTrace(149)) -   Exception 0: java.util.concurrent.ExecutionException: org.apache.ratis.thirdparty.io.netty.channel.AbstractChannel$AnnotatedConnectException: Connection refused: /0.0.0.0:35144
2019-09-26 09:45:58,242 INFO  impl.LeaderElection (LeaderElection.java:askForVotes(178)) - s1@group-808489D4E928-LeaderElection25: begin an election at term 7 for 0: [s0:0.0.0.0:42957, s1:0.0.0.0:41030, s2:0.0.0.0:35144], old=null
2019-09-26 09:45:58,245 INFO  impl.LeaderElection (LogUtils.java:infoOrTrace(149)) - s1@group-808489D4E928-LeaderElection25 got exception when requesting votes: java.util.concurrent.ExecutionException: org.apache.ratis.thirdparty.io.netty.channel.AbstractChannel$AnnotatedConnectException: Connection refused: /0.0.0.0:35144
2019-09-26 09:45:58,268 INFO  impl.LeaderElection (LeaderElection.java:logAndReturn(56)) - s0@group-808489D4E928-LeaderElection23: Election TIMEOUT; received 0 response(s) [] and 0 exception(s); s0@group-808489D4E928:t12, leader=null, voted=s0, raftlog=s0@group-808489D4E928-SegmentedRaftLog:OPENED:c-1,f-1,i0, conf=-1: [s0:0.0.0.0:42957, s1:0.0.0.0:41030, s2:0.0.0.0:35144], old=null
2019-09-26 09:45:58,282 INFO  impl.LeaderElection (LeaderElection.java:askForVotes(178)) - s0@group-808489D4E928-LeaderElection23: begin an election at term 13 for -1: [s0:0.0.0.0:42957, s1:0.0.0.0:41030, s2:0.0.0.0:35144], old=null
2019-09-26 09:45:58,452 INFO  impl.LeaderElection (LeaderElection.java:logAndReturn(56)) - s0@group-808489D4E928-LeaderElection23: Election TIMEOUT; received 0 response(s) [] and 0 exception(s); s0@group-808489D4E928:t13, leader=null, voted=s0, raftlog=s0@group-808489D4E928-SegmentedRaftLog:OPENED:c-1,f-1,i0, conf=-1: [s0:0.0.0.0:42957, s1:0.0.0.0:41030, s2:0.0.0.0:35144], old=null
2019-09-26 09:45:58,461 INFO  impl.LeaderElection (LeaderElection.java:logAndReturn(56)) - s1@group-808489D4E928-LeaderElection25: Election TIMEOUT; received 0 response(s) [] and 1 exception(s); s1@group-808489D4E928:t7, leader=null, voted=s1, raftlog=s1@group-808489D4E928-SegmentedRaftLog:OPENED:c0,f0,i0, conf=0: [s0:0.0.0.0:42957, s1:0.0.0.0:41030, s2:0.0.0.0:35144], old=null
2019-09-26 09:45:58,461 INFO  impl.LeaderElection (LogUtils.java:infoOrTrace(149)) -   Exception 0: java.util.concurrent.ExecutionException: org.apache.ratis.thirdparty.io.netty.channel.AbstractChannel$AnnotatedConnectException: Connection refused: /0.0.0.0:35144
2019-09-26 09:45:58,466 INFO  impl.LeaderElection (LeaderElection.java:askForVotes(178)) - s0@group-808489D4E928-LeaderElection23: begin an election at term 14 for -1: [s0:0.0.0.0:42957, s1:0.0.0.0:41030, s2:0.0.0.0:35144], old=null
2019-09-26 09:45:58,466 INFO  impl.LeaderElection (LeaderElection.java:askForVotes(178)) - s1@group-808489D4E928-LeaderElection25: begin an election at term 8 for 0: [s0:0.0.0.0:42957, s1:0.0.0.0:41030, s2:0.0.0.0:35144], old=null
2019-09-26 09:45:58,469 INFO  impl.LeaderElection (LogUtils.java:infoOrTrace(149)) - s1@group-808489D4E928-LeaderElection25 got exception when requesting votes: java.util.concurrent.ExecutionException: org.apache.ratis.thirdparty.io.netty.channel.AbstractChannel$AnnotatedConnectException: Connection refused: /0.0.0.0:35144
2019-09-26 09:45:58,503 WARN  ratis.RaftTestUtil (JavaUtils.java:attempt(158)) - FAILED "waitForLeader-null-(expectLeader? true)", attempt #5/100: java.lang.IllegalStateException: No leader yet : printing ALL groups
  s3:   CLOSED  FOLLOWER s3@group-808489D4E928:t0, leader=null, voted=null, raftlog=s3@group-808489D4E928-SegmentedRaftLog:CLOSED:c-1, conf=-1: [s0:0.0.0.0:42957, s1:0.0.0.0:41030, s2:0.0.0.0:35144], old=null CLOSED
  s0:  RUNNING CANDIDATE s0@group-808489D4E928:t14, leader=null, voted=s0, raftlog=s0@group-808489D4E928-SegmentedRaftLog:OPENED:c-1,f-1,i0, conf=-1: [s0:0.0.0.0:42957, s1:0.0.0.0:41030, s2:0.0.0.0:35144], old=null RUNNING
  s1:  RUNNING CANDIDATE s1@group-808489D4E928:t8, leader=null, voted=s1, raftlog=s1@group-808489D4E928-SegmentedRaftLog:OPENED:c0,f0,i0, conf=0: [s0:0.0.0.0:42957, s1:0.0.0.0:41030, s2:0.0.0.0:35144], old=null RUNNING
  s2:   CLOSED    LEADER s2@group-808489D4E928:t1, leader=s2, voted=s2, raftlog=s2@group-808489D4E928-SegmentedRaftLog:CLOSED:c0, conf=0: [s0:0.0.0.0:42957, s1:0.0.0.0:41030, s2:0.0.0.0:35144], old=null CLOSED, sleep 450ms and then retry.
java.lang.IllegalStateException: No leader yet : printing ALL groups
  s3:   CLOSED  FOLLOWER s3@group-808489D4E928:t0, leader=null, voted=null, raftlog=s3@group-808489D4E928-SegmentedRaftLog:CLOSED:c-1, conf=-1: [s0:0.0.0.0:42957, s1:0.0.0.0:41030, s2:0.0.0.0:35144], old=null CLOSED
  s0:  RUNNING CANDIDATE s0@group-808489D4E928:t14, leader=null, voted=s0, raftlog=s0@group-808489D4E928-SegmentedRaftLog:OPENED:c-1,f-1,i0, conf=-1: [s0:0.0.0.0:42957, s1:0.0.0.0:41030, s2:0.0.0.0:35144], old=null RUNNING
  s1:  RUNNING CANDIDATE s1@group-808489D4E928:t8, leader=null, voted=s1, raftlog=s1@group-808489D4E928-SegmentedRaftLog:OPENED:c0,f0,i0, conf=0: [s0:0.0.0.0:42957, s1:0.0.0.0:41030, s2:0.0.0.0:35144], old=null RUNNING
  s2:   CLOSED    LEADER s2@group-808489D4E928:t1, leader=s2, voted=s2, raftlog=s2@group-808489D4E928-SegmentedRaftLog:CLOSED:c0, conf=0: [s0:0.0.0.0:42957, s1:0.0.0.0:41030, s2:0.0.0.0:35144], old=null CLOSED
	at org.apache.ratis.MiniRaftCluster.newIllegalStateExceptionForNoLeaders(MiniRaftCluster.java:506)
	at org.apache.ratis.RaftTestUtil.lambda$waitForLeader$1(RaftTestUtil.java:90)
	at org.apache.ratis.MiniRaftCluster.getLeader(MiniRaftCluster.java:539)
	at org.apache.ratis.MiniRaftCluster.getLeader(MiniRaftCluster.java:532)
	at org.apache.ratis.RaftTestUtil.lambda$waitForLeader$3(RaftTestUtil.java:98)
	at org.apache.ratis.util.JavaUtils.attempt(JavaUtils.java:152)
	at org.apache.ratis.RaftTestUtil.waitForLeader(RaftTestUtil.java:97)
	at org.apache.ratis.RaftTestUtil.waitForLeader(RaftTestUtil.java:77)
	at org.apache.ratis.RaftTestUtil.waitForLeader(RaftTestUtil.java:72)
	at org.apache.ratis.server.impl.RaftReconfigurationBaseTest.runTestKillLeaderDuringReconf(RaftReconfigurationBaseTest.java:353)
	at org.apache.ratis.MiniRaftCluster$Factory$Get.runWithNewCluster(MiniRaftCluster.java:125)
	at org.apache.ratis.MiniRaftCluster$Factory$Get.runWithNewCluster(MiniRaftCluster.java:113)
	at org.apache.ratis.server.impl.RaftReconfigurationBaseTest.testKillLeaderDuringReconf(RaftReconfigurationBaseTest.java:304)
	at sun.reflect.NativeMethodAccessorImpl.invoke0(Native Method)
	at sun.reflect.NativeMethodAccessorImpl.invoke(NativeMethodAccessorImpl.java:62)
	at sun.reflect.DelegatingMethodAccessorImpl.invoke(DelegatingMethodAccessorImpl.java:43)
	at java.lang.reflect.Method.invoke(Method.java:498)
	at org.junit.runners.model.FrameworkMethod$1.runReflectiveCall(FrameworkMethod.java:50)
	at org.junit.internal.runners.model.ReflectiveCallable.run(ReflectiveCallable.java:12)
	at org.junit.runners.model.FrameworkMethod.invokeExplosively(FrameworkMethod.java:47)
	at org.junit.internal.runners.statements.InvokeMethod.evaluate(InvokeMethod.java:17)
	at org.junit.internal.runners.statements.RunAfters.evaluate(RunAfters.java:27)
	at org.junit.internal.runners.statements.FailOnTimeout$CallableStatement.call(FailOnTimeout.java:298)
	at org.junit.internal.runners.statements.FailOnTimeout$CallableStatement.call(FailOnTimeout.java:292)
	at java.util.concurrent.FutureTask.run(FutureTask.java:266)
	at java.lang.Thread.run(Thread.java:748)
2019-09-26 09:45:58,622 INFO  impl.LeaderElection (LeaderElection.java:logAndReturn(56)) - s0@group-808489D4E928-LeaderElection23: Election TIMEOUT; received 0 response(s) [] and 0 exception(s); s0@group-808489D4E928:t14, leader=null, voted=s0, raftlog=s0@group-808489D4E928-SegmentedRaftLog:OPENED:c-1,f-1,i0, conf=-1: [s0:0.0.0.0:42957, s1:0.0.0.0:41030, s2:0.0.0.0:35144], old=null
2019-09-26 09:45:58,636 INFO  impl.LeaderElection (LeaderElection.java:askForVotes(178)) - s0@group-808489D4E928-LeaderElection23: begin an election at term 15 for -1: [s0:0.0.0.0:42957, s1:0.0.0.0:41030, s2:0.0.0.0:35144], old=null
2019-09-26 09:45:58,756 INFO  impl.LeaderElection (LeaderElection.java:logAndReturn(56)) - s1@group-808489D4E928-LeaderElection25: Election TIMEOUT; received 0 response(s) [] and 1 exception(s); s1@group-808489D4E928:t8, leader=null, voted=s1, raftlog=s1@group-808489D4E928-SegmentedRaftLog:OPENED:c0,f0,i0, conf=0: [s0:0.0.0.0:42957, s1:0.0.0.0:41030, s2:0.0.0.0:35144], old=null
2019-09-26 09:45:58,756 INFO  impl.LeaderElection (LogUtils.java:infoOrTrace(149)) -   Exception 0: java.util.concurrent.ExecutionException: org.apache.ratis.thirdparty.io.netty.channel.AbstractChannel$AnnotatedConnectException: Connection refused: /0.0.0.0:35144
2019-09-26 09:45:58,769 INFO  impl.LeaderElection (LeaderElection.java:askForVotes(178)) - s1@group-808489D4E928-LeaderElection25: begin an election at term 9 for 0: [s0:0.0.0.0:42957, s1:0.0.0.0:41030, s2:0.0.0.0:35144], old=null
2019-09-26 09:45:58,771 INFO  impl.LeaderElection (LogUtils.java:infoOrTrace(149)) - s1@group-808489D4E928-LeaderElection25 got exception when requesting votes: java.util.concurrent.ExecutionException: org.apache.ratis.thirdparty.io.netty.channel.AbstractChannel$AnnotatedConnectException: Connection refused: /0.0.0.0:35144
2019-09-26 09:45:58,819 INFO  impl.LeaderElection (LeaderElection.java:logAndReturn(56)) - s0@group-808489D4E928-LeaderElection23: Election TIMEOUT; received 0 response(s) [] and 0 exception(s); s0@group-808489D4E928:t15, leader=null, voted=s0, raftlog=s0@group-808489D4E928-SegmentedRaftLog:OPENED:c-1,f-1,i0, conf=-1: [s0:0.0.0.0:42957, s1:0.0.0.0:41030, s2:0.0.0.0:35144], old=null
2019-09-26 09:45:58,833 INFO  impl.LeaderElection (LeaderElection.java:askForVotes(178)) - s0@group-808489D4E928-LeaderElection23: begin an election at term 16 for -1: [s0:0.0.0.0:42957, s1:0.0.0.0:41030, s2:0.0.0.0:35144], old=null
2019-09-26 09:45:58,954 WARN  ratis.RaftTestUtil (JavaUtils.java:attempt(158)) - FAILED "waitForLeader-null-(expectLeader? true)", attempt #6/100: java.lang.IllegalStateException: No leader yet : printing ALL groups
  s3:   CLOSED  FOLLOWER s3@group-808489D4E928:t0, leader=null, voted=null, raftlog=s3@group-808489D4E928-SegmentedRaftLog:CLOSED:c-1, conf=-1: [s0:0.0.0.0:42957, s1:0.0.0.0:41030, s2:0.0.0.0:35144], old=null CLOSED
  s0:  RUNNING CANDIDATE s0@group-808489D4E928:t16, leader=null, voted=s0, raftlog=s0@group-808489D4E928-SegmentedRaftLog:OPENED:c-1,f-1,i0, conf=-1: [s0:0.0.0.0:42957, s1:0.0.0.0:41030, s2:0.0.0.0:35144], old=null RUNNING
  s1:  RUNNING CANDIDATE s1@group-808489D4E928:t9, leader=null, voted=s1, raftlog=s1@group-808489D4E928-SegmentedRaftLog:OPENED:c0,f0,i0, conf=0: [s0:0.0.0.0:42957, s1:0.0.0.0:41030, s2:0.0.0.0:35144], old=null RUNNING
  s2:   CLOSED    LEADER s2@group-808489D4E928:t1, leader=s2, voted=s2, raftlog=s2@group-808489D4E928-SegmentedRaftLog:CLOSED:c0, conf=0: [s0:0.0.0.0:42957, s1:0.0.0.0:41030, s2:0.0.0.0:35144], old=null CLOSED, sleep 450ms and then retry.
java.lang.IllegalStateException: No leader yet : printing ALL groups
  s3:   CLOSED  FOLLOWER s3@group-808489D4E928:t0, leader=null, voted=null, raftlog=s3@group-808489D4E928-SegmentedRaftLog:CLOSED:c-1, conf=-1: [s0:0.0.0.0:42957, s1:0.0.0.0:41030, s2:0.0.0.0:35144], old=null CLOSED
  s0:  RUNNING CANDIDATE s0@group-808489D4E928:t16, leader=null, voted=s0, raftlog=s0@group-808489D4E928-SegmentedRaftLog:OPENED:c-1,f-1,i0, conf=-1: [s0:0.0.0.0:42957, s1:0.0.0.0:41030, s2:0.0.0.0:35144], old=null RUNNING
  s1:  RUNNING CANDIDATE s1@group-808489D4E928:t9, leader=null, voted=s1, raftlog=s1@group-808489D4E928-SegmentedRaftLog:OPENED:c0,f0,i0, conf=0: [s0:0.0.0.0:42957, s1:0.0.0.0:41030, s2:0.0.0.0:35144], old=null RUNNING
  s2:   CLOSED    LEADER s2@group-808489D4E928:t1, leader=s2, voted=s2, raftlog=s2@group-808489D4E928-SegmentedRaftLog:CLOSED:c0, conf=0: [s0:0.0.0.0:42957, s1:0.0.0.0:41030, s2:0.0.0.0:35144], old=null CLOSED
	at org.apache.ratis.MiniRaftCluster.newIllegalStateExceptionForNoLeaders(MiniRaftCluster.java:506)
	at org.apache.ratis.RaftTestUtil.lambda$waitForLeader$1(RaftTestUtil.java:90)
	at org.apache.ratis.MiniRaftCluster.getLeader(MiniRaftCluster.java:539)
	at org.apache.ratis.MiniRaftCluster.getLeader(MiniRaftCluster.java:532)
	at org.apache.ratis.RaftTestUtil.lambda$waitForLeader$3(RaftTestUtil.java:98)
	at org.apache.ratis.util.JavaUtils.attempt(JavaUtils.java:152)
	at org.apache.ratis.RaftTestUtil.waitForLeader(RaftTestUtil.java:97)
	at org.apache.ratis.RaftTestUtil.waitForLeader(RaftTestUtil.java:77)
	at org.apache.ratis.RaftTestUtil.waitForLeader(RaftTestUtil.java:72)
	at org.apache.ratis.server.impl.RaftReconfigurationBaseTest.runTestKillLeaderDuringReconf(RaftReconfigurationBaseTest.java:353)
	at org.apache.ratis.MiniRaftCluster$Factory$Get.runWithNewCluster(MiniRaftCluster.java:125)
	at org.apache.ratis.MiniRaftCluster$Factory$Get.runWithNewCluster(MiniRaftCluster.java:113)
	at org.apache.ratis.server.impl.RaftReconfigurationBaseTest.testKillLeaderDuringReconf(RaftReconfigurationBaseTest.java:304)
	at sun.reflect.NativeMethodAccessorImpl.invoke0(Native Method)
	at sun.reflect.NativeMethodAccessorImpl.invoke(NativeMethodAccessorImpl.java:62)
	at sun.reflect.DelegatingMethodAccessorImpl.invoke(DelegatingMethodAccessorImpl.java:43)
	at java.lang.reflect.Method.invoke(Method.java:498)
	at org.junit.runners.model.FrameworkMethod$1.runReflectiveCall(FrameworkMethod.java:50)
	at org.junit.internal.runners.model.ReflectiveCallable.run(ReflectiveCallable.java:12)
	at org.junit.runners.model.FrameworkMethod.invokeExplosively(FrameworkMethod.java:47)
	at org.junit.internal.runners.statements.InvokeMethod.evaluate(InvokeMethod.java:17)
	at org.junit.internal.runners.statements.RunAfters.evaluate(RunAfters.java:27)
	at org.junit.internal.runners.statements.FailOnTimeout$CallableStatement.call(FailOnTimeout.java:298)
	at org.junit.internal.runners.statements.FailOnTimeout$CallableStatement.call(FailOnTimeout.java:292)
	at java.util.concurrent.FutureTask.run(FutureTask.java:266)
	at java.lang.Thread.run(Thread.java:748)
2019-09-26 09:45:58,978 INFO  impl.LeaderElection (LeaderElection.java:logAndReturn(56)) - s1@group-808489D4E928-LeaderElection25: Election TIMEOUT; received 0 response(s) [] and 1 exception(s); s1@group-808489D4E928:t9, leader=null, voted=s1, raftlog=s1@group-808489D4E928-SegmentedRaftLog:OPENED:c0,f0,i0, conf=0: [s0:0.0.0.0:42957, s1:0.0.0.0:41030, s2:0.0.0.0:35144], old=null
2019-09-26 09:45:58,979 INFO  impl.LeaderElection (LogUtils.java:infoOrTrace(149)) -   Exception 0: java.util.concurrent.ExecutionException: org.apache.ratis.thirdparty.io.netty.channel.AbstractChannel$AnnotatedConnectException: Connection refused: /0.0.0.0:35144
2019-09-26 09:45:58,992 INFO  impl.LeaderElection (LeaderElection.java:askForVotes(178)) - s1@group-808489D4E928-LeaderElection25: begin an election at term 10 for 0: [s0:0.0.0.0:42957, s1:0.0.0.0:41030, s2:0.0.0.0:35144], old=null
2019-09-26 09:45:58,995 INFO  impl.LeaderElection (LogUtils.java:infoOrTrace(149)) - s1@group-808489D4E928-LeaderElection25 got exception when requesting votes: java.util.concurrent.ExecutionException: org.apache.ratis.thirdparty.io.netty.channel.AbstractChannel$AnnotatedConnectException: Connection refused: /0.0.0.0:35144
2019-09-26 09:45:59,098 INFO  impl.LeaderElection (LeaderElection.java:logAndReturn(56)) - s0@group-808489D4E928-LeaderElection23: Election TIMEOUT; received 0 response(s) [] and 0 exception(s); s0@group-808489D4E928:t16, leader=null, voted=s0, raftlog=s0@group-808489D4E928-SegmentedRaftLog:OPENED:c-1,f-1,i0, conf=-1: [s0:0.0.0.0:42957, s1:0.0.0.0:41030, s2:0.0.0.0:35144], old=null
2019-09-26 09:45:59,111 INFO  impl.LeaderElection (LeaderElection.java:askForVotes(178)) - s0@group-808489D4E928-LeaderElection23: begin an election at term 17 for -1: [s0:0.0.0.0:42957, s1:0.0.0.0:41030, s2:0.0.0.0:35144], old=null
2019-09-26 09:45:59,222 INFO  impl.LeaderElection (LeaderElection.java:logAndReturn(56)) - s1@group-808489D4E928-LeaderElection25: Election TIMEOUT; received 0 response(s) [] and 1 exception(s); s1@group-808489D4E928:t10, leader=null, voted=s1, raftlog=s1@group-808489D4E928-SegmentedRaftLog:OPENED:c0,f0,i0, conf=0: [s0:0.0.0.0:42957, s1:0.0.0.0:41030, s2:0.0.0.0:35144], old=null
2019-09-26 09:45:59,222 INFO  impl.LeaderElection (LogUtils.java:infoOrTrace(149)) -   Exception 0: java.util.concurrent.ExecutionException: org.apache.ratis.thirdparty.io.netty.channel.AbstractChannel$AnnotatedConnectException: Connection refused: /0.0.0.0:35144
2019-09-26 09:45:59,236 INFO  impl.LeaderElection (LeaderElection.java:askForVotes(178)) - s1@group-808489D4E928-LeaderElection25: begin an election at term 11 for 0: [s0:0.0.0.0:42957, s1:0.0.0.0:41030, s2:0.0.0.0:35144], old=null
2019-09-26 09:45:59,239 INFO  impl.LeaderElection (LogUtils.java:infoOrTrace(149)) - s1@group-808489D4E928-LeaderElection25 got exception when requesting votes: java.util.concurrent.ExecutionException: org.apache.ratis.thirdparty.io.netty.channel.AbstractChannel$AnnotatedConnectException: Connection refused: /0.0.0.0:35144
2019-09-26 09:45:59,297 INFO  impl.LeaderElection (LeaderElection.java:logAndReturn(56)) - s0@group-808489D4E928-LeaderElection23: Election TIMEOUT; received 0 response(s) [] and 0 exception(s); s0@group-808489D4E928:t17, leader=null, voted=s0, raftlog=s0@group-808489D4E928-SegmentedRaftLog:OPENED:c-1,f-1,i0, conf=-1: [s0:0.0.0.0:42957, s1:0.0.0.0:41030, s2:0.0.0.0:35144], old=null
2019-09-26 09:45:59,310 INFO  impl.LeaderElection (LeaderElection.java:askForVotes(178)) - s0@group-808489D4E928-LeaderElection23: begin an election at term 18 for -1: [s0:0.0.0.0:42957, s1:0.0.0.0:41030, s2:0.0.0.0:35144], old=null
2019-09-26 09:45:59,406 WARN  ratis.RaftTestUtil (JavaUtils.java:attempt(158)) - FAILED "waitForLeader-null-(expectLeader? true)", attempt #7/100: java.lang.IllegalStateException: No leader yet : printing ALL groups
  s3:   CLOSED  FOLLOWER s3@group-808489D4E928:t0, leader=null, voted=null, raftlog=s3@group-808489D4E928-SegmentedRaftLog:CLOSED:c-1, conf=-1: [s0:0.0.0.0:42957, s1:0.0.0.0:41030, s2:0.0.0.0:35144], old=null CLOSED
  s0:  RUNNING CANDIDATE s0@group-808489D4E928:t18, leader=null, voted=s0, raftlog=s0@group-808489D4E928-SegmentedRaftLog:OPENED:c-1,f-1,i0, conf=-1: [s0:0.0.0.0:42957, s1:0.0.0.0:41030, s2:0.0.0.0:35144], old=null RUNNING
  s1:  RUNNING CANDIDATE s1@group-808489D4E928:t11, leader=null, voted=s1, raftlog=s1@group-808489D4E928-SegmentedRaftLog:OPENED:c0,f0,i0, conf=0: [s0:0.0.0.0:42957, s1:0.0.0.0:41030, s2:0.0.0.0:35144], old=null RUNNING
  s2:   CLOSED    LEADER s2@group-808489D4E928:t1, leader=s2, voted=s2, raftlog=s2@group-808489D4E928-SegmentedRaftLog:CLOSED:c0, conf=0: [s0:0.0.0.0:42957, s1:0.0.0.0:41030, s2:0.0.0.0:35144], old=null CLOSED, sleep 450ms and then retry.
java.lang.IllegalStateException: No leader yet : printing ALL groups
  s3:   CLOSED  FOLLOWER s3@group-808489D4E928:t0, leader=null, voted=null, raftlog=s3@group-808489D4E928-SegmentedRaftLog:CLOSED:c-1, conf=-1: [s0:0.0.0.0:42957, s1:0.0.0.0:41030, s2:0.0.0.0:35144], old=null CLOSED
  s0:  RUNNING CANDIDATE s0@group-808489D4E928:t18, leader=null, voted=s0, raftlog=s0@group-808489D4E928-SegmentedRaftLog:OPENED:c-1,f-1,i0, conf=-1: [s0:0.0.0.0:42957, s1:0.0.0.0:41030, s2:0.0.0.0:35144], old=null RUNNING
  s1:  RUNNING CANDIDATE s1@group-808489D4E928:t11, leader=null, voted=s1, raftlog=s1@group-808489D4E928-SegmentedRaftLog:OPENED:c0,f0,i0, conf=0: [s0:0.0.0.0:42957, s1:0.0.0.0:41030, s2:0.0.0.0:35144], old=null RUNNING
  s2:   CLOSED    LEADER s2@group-808489D4E928:t1, leader=s2, voted=s2, raftlog=s2@group-808489D4E928-SegmentedRaftLog:CLOSED:c0, conf=0: [s0:0.0.0.0:42957, s1:0.0.0.0:41030, s2:0.0.0.0:35144], old=null CLOSED
	at org.apache.ratis.MiniRaftCluster.newIllegalStateExceptionForNoLeaders(MiniRaftCluster.java:506)
	at org.apache.ratis.RaftTestUtil.lambda$waitForLeader$1(RaftTestUtil.java:90)
	at org.apache.ratis.MiniRaftCluster.getLeader(MiniRaftCluster.java:539)
	at org.apache.ratis.MiniRaftCluster.getLeader(MiniRaftCluster.java:532)
	at org.apache.ratis.RaftTestUtil.lambda$waitForLeader$3(RaftTestUtil.java:98)
	at org.apache.ratis.util.JavaUtils.attempt(JavaUtils.java:152)
	at org.apache.ratis.RaftTestUtil.waitForLeader(RaftTestUtil.java:97)
	at org.apache.ratis.RaftTestUtil.waitForLeader(RaftTestUtil.java:77)
	at org.apache.ratis.RaftTestUtil.waitForLeader(RaftTestUtil.java:72)
	at org.apache.ratis.server.impl.RaftReconfigurationBaseTest.runTestKillLeaderDuringReconf(RaftReconfigurationBaseTest.java:353)
	at org.apache.ratis.MiniRaftCluster$Factory$Get.runWithNewCluster(MiniRaftCluster.java:125)
	at org.apache.ratis.MiniRaftCluster$Factory$Get.runWithNewCluster(MiniRaftCluster.java:113)
	at org.apache.ratis.server.impl.RaftReconfigurationBaseTest.testKillLeaderDuringReconf(RaftReconfigurationBaseTest.java:304)
	at sun.reflect.NativeMethodAccessorImpl.invoke0(Native Method)
	at sun.reflect.NativeMethodAccessorImpl.invoke(NativeMethodAccessorImpl.java:62)
	at sun.reflect.DelegatingMethodAccessorImpl.invoke(DelegatingMethodAccessorImpl.java:43)
	at java.lang.reflect.Method.invoke(Method.java:498)
	at org.junit.runners.model.FrameworkMethod$1.runReflectiveCall(FrameworkMethod.java:50)
	at org.junit.internal.runners.model.ReflectiveCallable.run(ReflectiveCallable.java:12)
	at org.junit.runners.model.FrameworkMethod.invokeExplosively(FrameworkMethod.java:47)
	at org.junit.internal.runners.statements.InvokeMethod.evaluate(InvokeMethod.java:17)
	at org.junit.internal.runners.statements.RunAfters.evaluate(RunAfters.java:27)
	at org.junit.internal.runners.statements.FailOnTimeout$CallableStatement.call(FailOnTimeout.java:298)
	at org.junit.internal.runners.statements.FailOnTimeout$CallableStatement.call(FailOnTimeout.java:292)
	at java.util.concurrent.FutureTask.run(FutureTask.java:266)
	at java.lang.Thread.run(Thread.java:748)
2019-09-26 09:45:59,449 INFO  impl.LeaderElection (LeaderElection.java:logAndReturn(56)) - s1@group-808489D4E928-LeaderElection25: Election TIMEOUT; received 0 response(s) [] and 1 exception(s); s1@group-808489D4E928:t11, leader=null, voted=s1, raftlog=s1@group-808489D4E928-SegmentedRaftLog:OPENED:c0,f0,i0, conf=0: [s0:0.0.0.0:42957, s1:0.0.0.0:41030, s2:0.0.0.0:35144], old=null
2019-09-26 09:45:59,449 INFO  impl.LeaderElection (LogUtils.java:infoOrTrace(149)) -   Exception 0: java.util.concurrent.ExecutionException: org.apache.ratis.thirdparty.io.netty.channel.AbstractChannel$AnnotatedConnectException: Connection refused: /0.0.0.0:35144
2019-09-26 09:45:59,463 INFO  impl.LeaderElection (LeaderElection.java:askForVotes(178)) - s1@group-808489D4E928-LeaderElection25: begin an election at term 12 for 0: [s0:0.0.0.0:42957, s1:0.0.0.0:41030, s2:0.0.0.0:35144], old=null
2019-09-26 09:45:59,466 INFO  impl.LeaderElection (LogUtils.java:infoOrTrace(149)) - s1@group-808489D4E928-LeaderElection25 got exception when requesting votes: java.util.concurrent.ExecutionException: org.apache.ratis.thirdparty.io.netty.channel.AbstractChannel$AnnotatedConnectException: Connection refused: /0.0.0.0:35144
2019-09-26 09:45:59,545 INFO  impl.LeaderElection (LeaderElection.java:logAndReturn(56)) - s0@group-808489D4E928-LeaderElection23: Election TIMEOUT; received 0 response(s) [] and 0 exception(s); s0@group-808489D4E928:t18, leader=null, voted=s0, raftlog=s0@group-808489D4E928-SegmentedRaftLog:OPENED:c-1,f-1,i0, conf=-1: [s0:0.0.0.0:42957, s1:0.0.0.0:41030, s2:0.0.0.0:35144], old=null
2019-09-26 09:45:59,558 INFO  impl.LeaderElection (LeaderElection.java:askForVotes(178)) - s0@group-808489D4E928-LeaderElection23: begin an election at term 19 for -1: [s0:0.0.0.0:42957, s1:0.0.0.0:41030, s2:0.0.0.0:35144], old=null
2019-09-26 09:45:59,624 INFO  impl.LeaderElection (LeaderElection.java:logAndReturn(56)) - s1@group-808489D4E928-LeaderElection25: Election TIMEOUT; received 0 response(s) [] and 1 exception(s); s1@group-808489D4E928:t12, leader=null, voted=s1, raftlog=s1@group-808489D4E928-SegmentedRaftLog:OPENED:c0,f0,i0, conf=0: [s0:0.0.0.0:42957, s1:0.0.0.0:41030, s2:0.0.0.0:35144], old=null
2019-09-26 09:45:59,624 INFO  impl.LeaderElection (LogUtils.java:infoOrTrace(149)) -   Exception 0: java.util.concurrent.ExecutionException: org.apache.ratis.thirdparty.io.netty.channel.AbstractChannel$AnnotatedConnectException: Connection refused: /0.0.0.0:35144
2019-09-26 09:45:59,638 INFO  impl.LeaderElection (LeaderElection.java:askForVotes(178)) - s1@group-808489D4E928-LeaderElection25: begin an election at term 13 for 0: [s0:0.0.0.0:42957, s1:0.0.0.0:41030, s2:0.0.0.0:35144], old=null
2019-09-26 09:45:59,640 INFO  impl.LeaderElection (LogUtils.java:infoOrTrace(149)) - s1@group-808489D4E928-LeaderElection25 got exception when requesting votes: java.util.concurrent.ExecutionException: org.apache.ratis.thirdparty.io.netty.channel.AbstractChannel$AnnotatedConnectException: Connection refused: /0.0.0.0:35144
2019-09-26 09:45:59,744 INFO  impl.LeaderElection (LeaderElection.java:logAndReturn(56)) - s0@group-808489D4E928-LeaderElection23: Election TIMEOUT; received 0 response(s) [] and 0 exception(s); s0@group-808489D4E928:t19, leader=null, voted=s0, raftlog=s0@group-808489D4E928-SegmentedRaftLog:OPENED:c-1,f-1,i0, conf=-1: [s0:0.0.0.0:42957, s1:0.0.0.0:41030, s2:0.0.0.0:35144], old=null
2019-09-26 09:45:59,757 INFO  impl.LeaderElection (LeaderElection.java:askForVotes(178)) - s0@group-808489D4E928-LeaderElection23: begin an election at term 20 for -1: [s0:0.0.0.0:42957, s1:0.0.0.0:41030, s2:0.0.0.0:35144], old=null
2019-09-26 09:45:59,851 INFO  impl.LeaderElection (LeaderElection.java:logAndReturn(56)) - s1@group-808489D4E928-LeaderElection25: Election TIMEOUT; received 0 response(s) [] and 1 exception(s); s1@group-808489D4E928:t13, leader=null, voted=s1, raftlog=s1@group-808489D4E928-SegmentedRaftLog:OPENED:c0,f0,i0, conf=0: [s0:0.0.0.0:42957, s1:0.0.0.0:41030, s2:0.0.0.0:35144], old=null
2019-09-26 09:45:59,852 INFO  impl.LeaderElection (LogUtils.java:infoOrTrace(149)) -   Exception 0: java.util.concurrent.ExecutionException: org.apache.ratis.thirdparty.io.netty.channel.AbstractChannel$AnnotatedConnectException: Connection refused: /0.0.0.0:35144
2019-09-26 09:45:59,857 WARN  ratis.RaftTestUtil (JavaUtils.java:attempt(158)) - FAILED "waitForLeader-null-(expectLeader? true)", attempt #8/100: java.lang.IllegalStateException: No leader yet : printing ALL groups
  s3:   CLOSED  FOLLOWER s3@group-808489D4E928:t0, leader=null, voted=null, raftlog=s3@group-808489D4E928-SegmentedRaftLog:CLOSED:c-1, conf=-1: [s0:0.0.0.0:42957, s1:0.0.0.0:41030, s2:0.0.0.0:35144], old=null CLOSED
  s0:  RUNNING CANDIDATE s0@group-808489D4E928:t20, leader=null, voted=s0, raftlog=s0@group-808489D4E928-SegmentedRaftLog:OPENED:c-1,f-1,i0, conf=-1: [s0:0.0.0.0:42957, s1:0.0.0.0:41030, s2:0.0.0.0:35144], old=null RUNNING
  s1:  RUNNING CANDIDATE s1@group-808489D4E928:t14, leader=null, voted=s1, raftlog=s1@group-808489D4E928-SegmentedRaftLog:OPENED:c0,f0,i0, conf=0: [s0:0.0.0.0:42957, s1:0.0.0.0:41030, s2:0.0.0.0:35144], old=null RUNNING
  s2:   CLOSED    LEADER s2@group-808489D4E928:t1, leader=s2, voted=s2, raftlog=s2@group-808489D4E928-SegmentedRaftLog:CLOSED:c0, conf=0: [s0:0.0.0.0:42957, s1:0.0.0.0:41030, s2:0.0.0.0:35144], old=null CLOSED, sleep 450ms and then retry.
java.lang.IllegalStateException: No leader yet : printing ALL groups
  s3:   CLOSED  FOLLOWER s3@group-808489D4E928:t0, leader=null, voted=null, raftlog=s3@group-808489D4E928-SegmentedRaftLog:CLOSED:c-1, conf=-1: [s0:0.0.0.0:42957, s1:0.0.0.0:41030, s2:0.0.0.0:35144], old=null CLOSED
  s0:  RUNNING CANDIDATE s0@group-808489D4E928:t20, leader=null, voted=s0, raftlog=s0@group-808489D4E928-SegmentedRaftLog:OPENED:c-1,f-1,i0, conf=-1: [s0:0.0.0.0:42957, s1:0.0.0.0:41030, s2:0.0.0.0:35144], old=null RUNNING
  s1:  RUNNING CANDIDATE s1@group-808489D4E928:t14, leader=null, voted=s1, raftlog=s1@group-808489D4E928-SegmentedRaftLog:OPENED:c0,f0,i0, conf=0: [s0:0.0.0.0:42957, s1:0.0.0.0:41030, s2:0.0.0.0:35144], old=null RUNNING
  s2:   CLOSED    LEADER s2@group-808489D4E928:t1, leader=s2, voted=s2, raftlog=s2@group-808489D4E928-SegmentedRaftLog:CLOSED:c0, conf=0: [s0:0.0.0.0:42957, s1:0.0.0.0:41030, s2:0.0.0.0:35144], old=null CLOSED
	at org.apache.ratis.MiniRaftCluster.newIllegalStateExceptionForNoLeaders(MiniRaftCluster.java:506)
	at org.apache.ratis.RaftTestUtil.lambda$waitForLeader$1(RaftTestUtil.java:90)
	at org.apache.ratis.MiniRaftCluster.getLeader(MiniRaftCluster.java:539)
	at org.apache.ratis.MiniRaftCluster.getLeader(MiniRaftCluster.java:532)
	at org.apache.ratis.RaftTestUtil.lambda$waitForLeader$3(RaftTestUtil.java:98)
	at org.apache.ratis.util.JavaUtils.attempt(JavaUtils.java:152)
	at org.apache.ratis.RaftTestUtil.waitForLeader(RaftTestUtil.java:97)
	at org.apache.ratis.RaftTestUtil.waitForLeader(RaftTestUtil.java:77)
	at org.apache.ratis.RaftTestUtil.waitForLeader(RaftTestUtil.java:72)
	at org.apache.ratis.server.impl.RaftReconfigurationBaseTest.runTestKillLeaderDuringReconf(RaftReconfigurationBaseTest.java:353)
	at org.apache.ratis.MiniRaftCluster$Factory$Get.runWithNewCluster(MiniRaftCluster.java:125)
	at org.apache.ratis.MiniRaftCluster$Factory$Get.runWithNewCluster(MiniRaftCluster.java:113)
	at org.apache.ratis.server.impl.RaftReconfigurationBaseTest.testKillLeaderDuringReconf(RaftReconfigurationBaseTest.java:304)
	at sun.reflect.NativeMethodAccessorImpl.invoke0(Native Method)
	at sun.reflect.NativeMethodAccessorImpl.invoke(NativeMethodAccessorImpl.java:62)
	at sun.reflect.DelegatingMethodAccessorImpl.invoke(DelegatingMethodAccessorImpl.java:43)
	at java.lang.reflect.Method.invoke(Method.java:498)
	at org.junit.runners.model.FrameworkMethod$1.runReflectiveCall(FrameworkMethod.java:50)
	at org.junit.internal.runners.model.ReflectiveCallable.run(ReflectiveCallable.java:12)
	at org.junit.runners.model.FrameworkMethod.invokeExplosively(FrameworkMethod.java:47)
	at org.junit.internal.runners.statements.InvokeMethod.evaluate(InvokeMethod.java:17)
	at org.junit.internal.runners.statements.RunAfters.evaluate(RunAfters.java:27)
	at org.junit.internal.runners.statements.FailOnTimeout$CallableStatement.call(FailOnTimeout.java:298)
	at org.junit.internal.runners.statements.FailOnTimeout$CallableStatement.call(FailOnTimeout.java:292)
	at java.util.concurrent.FutureTask.run(FutureTask.java:266)
	at java.lang.Thread.run(Thread.java:748)
2019-09-26 09:45:59,866 INFO  impl.LeaderElection (LeaderElection.java:askForVotes(178)) - s1@group-808489D4E928-LeaderElection25: begin an election at term 14 for 0: [s0:0.0.0.0:42957, s1:0.0.0.0:41030, s2:0.0.0.0:35144], old=null
2019-09-26 09:45:59,868 INFO  impl.LeaderElection (LogUtils.java:infoOrTrace(149)) - s1@group-808489D4E928-LeaderElection25 got exception when requesting votes: java.util.concurrent.ExecutionException: org.apache.ratis.thirdparty.io.netty.channel.AbstractChannel$AnnotatedConnectException: Connection refused: /0.0.0.0:35144
2019-09-26 09:45:59,925 INFO  impl.LeaderElection (LeaderElection.java:logAndReturn(56)) - s0@group-808489D4E928-LeaderElection23: Election TIMEOUT; received 0 response(s) [] and 0 exception(s); s0@group-808489D4E928:t20, leader=null, voted=s0, raftlog=s0@group-808489D4E928-SegmentedRaftLog:OPENED:c-1,f-1,i0, conf=-1: [s0:0.0.0.0:42957, s1:0.0.0.0:41030, s2:0.0.0.0:35144], old=null
2019-09-26 09:45:59,939 INFO  impl.LeaderElection (LeaderElection.java:askForVotes(178)) - s0@group-808489D4E928-LeaderElection23: begin an election at term 21 for -1: [s0:0.0.0.0:42957, s1:0.0.0.0:41030, s2:0.0.0.0:35144], old=null
2019-09-26 09:46:00,100 INFO  impl.LeaderElection (LeaderElection.java:logAndReturn(56)) - s1@group-808489D4E928-LeaderElection25: Election TIMEOUT; received 0 response(s) [] and 1 exception(s); s1@group-808489D4E928:t14, leader=null, voted=s1, raftlog=s1@group-808489D4E928-SegmentedRaftLog:OPENED:c0,f0,i0, conf=0: [s0:0.0.0.0:42957, s1:0.0.0.0:41030, s2:0.0.0.0:35144], old=null
2019-09-26 09:46:00,101 INFO  impl.LeaderElection (LogUtils.java:infoOrTrace(149)) -   Exception 0: java.util.concurrent.ExecutionException: org.apache.ratis.thirdparty.io.netty.channel.AbstractChannel$AnnotatedConnectException: Connection refused: /0.0.0.0:35144
2019-09-26 09:46:00,114 INFO  impl.LeaderElection (LeaderElection.java:askForVotes(178)) - s1@group-808489D4E928-LeaderElection25: begin an election at term 15 for 0: [s0:0.0.0.0:42957, s1:0.0.0.0:41030, s2:0.0.0.0:35144], old=null
2019-09-26 09:46:00,117 INFO  impl.LeaderElection (LogUtils.java:infoOrTrace(149)) - s1@group-808489D4E928-LeaderElection25 got exception when requesting votes: java.util.concurrent.ExecutionException: org.apache.ratis.thirdparty.io.netty.channel.AbstractChannel$AnnotatedConnectException: Connection refused: /0.0.0.0:35144
2019-09-26 09:46:00,163 INFO  impl.LeaderElection (LeaderElection.java:logAndReturn(56)) - s0@group-808489D4E928-LeaderElection23: Election TIMEOUT; received 0 response(s) [] and 0 exception(s); s0@group-808489D4E928:t21, leader=null, voted=s0, raftlog=s0@group-808489D4E928-SegmentedRaftLog:OPENED:c-1,f-1,i0, conf=-1: [s0:0.0.0.0:42957, s1:0.0.0.0:41030, s2:0.0.0.0:35144], old=null
2019-09-26 09:46:00,176 INFO  impl.LeaderElection (LeaderElection.java:askForVotes(178)) - s0@group-808489D4E928-LeaderElection23: begin an election at term 22 for -1: [s0:0.0.0.0:42957, s1:0.0.0.0:41030, s2:0.0.0.0:35144], old=null
2019-09-26 09:46:00,309 WARN  ratis.RaftTestUtil (JavaUtils.java:attempt(158)) - FAILED "waitForLeader-null-(expectLeader? true)", attempt #9/100: java.lang.IllegalStateException: No leader yet : printing ALL groups
  s3:   CLOSED  FOLLOWER s3@group-808489D4E928:t0, leader=null, voted=null, raftlog=s3@group-808489D4E928-SegmentedRaftLog:CLOSED:c-1, conf=-1: [s0:0.0.0.0:42957, s1:0.0.0.0:41030, s2:0.0.0.0:35144], old=null CLOSED
  s0:  RUNNING CANDIDATE s0@group-808489D4E928:t22, leader=null, voted=s0, raftlog=s0@group-808489D4E928-SegmentedRaftLog:OPENED:c-1,f-1,i0, conf=-1: [s0:0.0.0.0:42957, s1:0.0.0.0:41030, s2:0.0.0.0:35144], old=null RUNNING
  s1:  RUNNING CANDIDATE s1@group-808489D4E928:t15, leader=null, voted=s1, raftlog=s1@group-808489D4E928-SegmentedRaftLog:OPENED:c0,f0,i0, conf=0: [s0:0.0.0.0:42957, s1:0.0.0.0:41030, s2:0.0.0.0:35144], old=null RUNNING
  s2:   CLOSED    LEADER s2@group-808489D4E928:t1, leader=s2, voted=s2, raftlog=s2@group-808489D4E928-SegmentedRaftLog:CLOSED:c0, conf=0: [s0:0.0.0.0:42957, s1:0.0.0.0:41030, s2:0.0.0.0:35144], old=null CLOSED, sleep 450ms and then retry.
java.lang.IllegalStateException: No leader yet : printing ALL groups
  s3:   CLOSED  FOLLOWER s3@group-808489D4E928:t0, leader=null, voted=null, raftlog=s3@group-808489D4E928-SegmentedRaftLog:CLOSED:c-1, conf=-1: [s0:0.0.0.0:42957, s1:0.0.0.0:41030, s2:0.0.0.0:35144], old=null CLOSED
  s0:  RUNNING CANDIDATE s0@group-808489D4E928:t22, leader=null, voted=s0, raftlog=s0@group-808489D4E928-SegmentedRaftLog:OPENED:c-1,f-1,i0, conf=-1: [s0:0.0.0.0:42957, s1:0.0.0.0:41030, s2:0.0.0.0:35144], old=null RUNNING
  s1:  RUNNING CANDIDATE s1@group-808489D4E928:t15, leader=null, voted=s1, raftlog=s1@group-808489D4E928-SegmentedRaftLog:OPENED:c0,f0,i0, conf=0: [s0:0.0.0.0:42957, s1:0.0.0.0:41030, s2:0.0.0.0:35144], old=null RUNNING
  s2:   CLOSED    LEADER s2@group-808489D4E928:t1, leader=s2, voted=s2, raftlog=s2@group-808489D4E928-SegmentedRaftLog:CLOSED:c0, conf=0: [s0:0.0.0.0:42957, s1:0.0.0.0:41030, s2:0.0.0.0:35144], old=null CLOSED
	at org.apache.ratis.MiniRaftCluster.newIllegalStateExceptionForNoLeaders(MiniRaftCluster.java:506)
	at org.apache.ratis.RaftTestUtil.lambda$waitForLeader$1(RaftTestUtil.java:90)
	at org.apache.ratis.MiniRaftCluster.getLeader(MiniRaftCluster.java:539)
	at org.apache.ratis.MiniRaftCluster.getLeader(MiniRaftCluster.java:532)
	at org.apache.ratis.RaftTestUtil.lambda$waitForLeader$3(RaftTestUtil.java:98)
	at org.apache.ratis.util.JavaUtils.attempt(JavaUtils.java:152)
	at org.apache.ratis.RaftTestUtil.waitForLeader(RaftTestUtil.java:97)
	at org.apache.ratis.RaftTestUtil.waitForLeader(RaftTestUtil.java:77)
	at org.apache.ratis.RaftTestUtil.waitForLeader(RaftTestUtil.java:72)
	at org.apache.ratis.server.impl.RaftReconfigurationBaseTest.runTestKillLeaderDuringReconf(RaftReconfigurationBaseTest.java:353)
	at org.apache.ratis.MiniRaftCluster$Factory$Get.runWithNewCluster(MiniRaftCluster.java:125)
	at org.apache.ratis.MiniRaftCluster$Factory$Get.runWithNewCluster(MiniRaftCluster.java:113)
	at org.apache.ratis.server.impl.RaftReconfigurationBaseTest.testKillLeaderDuringReconf(RaftReconfigurationBaseTest.java:304)
	at sun.reflect.NativeMethodAccessorImpl.invoke0(Native Method)
	at sun.reflect.NativeMethodAccessorImpl.invoke(NativeMethodAccessorImpl.java:62)
	at sun.reflect.DelegatingMethodAccessorImpl.invoke(DelegatingMethodAccessorImpl.java:43)
	at java.lang.reflect.Method.invoke(Method.java:498)
	at org.junit.runners.model.FrameworkMethod$1.runReflectiveCall(FrameworkMethod.java:50)
	at org.junit.internal.runners.model.ReflectiveCallable.run(ReflectiveCallable.java:12)
	at org.junit.runners.model.FrameworkMethod.invokeExplosively(FrameworkMethod.java:47)
	at org.junit.internal.runners.statements.InvokeMethod.evaluate(InvokeMethod.java:17)
	at org.junit.internal.runners.statements.RunAfters.evaluate(RunAfters.java:27)
	at org.junit.internal.runners.statements.FailOnTimeout$CallableStatement.call(FailOnTimeout.java:298)
	at org.junit.internal.runners.statements.FailOnTimeout$CallableStatement.call(FailOnTimeout.java:292)
	at java.util.concurrent.FutureTask.run(FutureTask.java:266)
	at java.lang.Thread.run(Thread.java:748)
2019-09-26 09:46:00,361 INFO  impl.LeaderElection (LeaderElection.java:logAndReturn(56)) - s1@group-808489D4E928-LeaderElection25: Election TIMEOUT; received 0 response(s) [] and 1 exception(s); s1@group-808489D4E928:t15, leader=null, voted=s1, raftlog=s1@group-808489D4E928-SegmentedRaftLog:OPENED:c0,f0,i0, conf=0: [s0:0.0.0.0:42957, s1:0.0.0.0:41030, s2:0.0.0.0:35144], old=null
2019-09-26 09:46:00,361 INFO  impl.LeaderElection (LogUtils.java:infoOrTrace(149)) -   Exception 0: java.util.concurrent.ExecutionException: org.apache.ratis.thirdparty.io.netty.channel.AbstractChannel$AnnotatedConnectException: Connection refused: /0.0.0.0:35144
2019-09-26 09:46:00,377 INFO  impl.LeaderElection (LeaderElection.java:askForVotes(178)) - s1@group-808489D4E928-LeaderElection25: begin an election at term 16 for 0: [s0:0.0.0.0:42957, s1:0.0.0.0:41030, s2:0.0.0.0:35144], old=null
2019-09-26 09:46:00,379 INFO  impl.LeaderElection (LogUtils.java:infoOrTrace(149)) - s1@group-808489D4E928-LeaderElection25 got exception when requesting votes: java.util.concurrent.ExecutionException: org.apache.ratis.thirdparty.io.netty.channel.AbstractChannel$AnnotatedConnectException: Connection refused: /0.0.0.0:35144
2019-09-26 09:46:00,389 INFO  impl.LeaderElection (LeaderElection.java:logAndReturn(56)) - s0@group-808489D4E928-LeaderElection23: Election TIMEOUT; received 0 response(s) [] and 0 exception(s); s0@group-808489D4E928:t22, leader=null, voted=s0, raftlog=s0@group-808489D4E928-SegmentedRaftLog:OPENED:c-1,f-1,i0, conf=-1: [s0:0.0.0.0:42957, s1:0.0.0.0:41030, s2:0.0.0.0:35144], old=null
2019-09-26 09:46:00,403 INFO  impl.LeaderElection (LeaderElection.java:askForVotes(178)) - s0@group-808489D4E928-LeaderElection23: begin an election at term 23 for -1: [s0:0.0.0.0:42957, s1:0.0.0.0:41030, s2:0.0.0.0:35144], old=null
2019-09-26 09:46:00,528 INFO  impl.LeaderElection (LeaderElection.java:logAndReturn(56)) - s1@group-808489D4E928-LeaderElection25: Election TIMEOUT; received 0 response(s) [] and 1 exception(s); s1@group-808489D4E928:t16, leader=null, voted=s1, raftlog=s1@group-808489D4E928-SegmentedRaftLog:OPENED:c0,f0,i0, conf=0: [s0:0.0.0.0:42957, s1:0.0.0.0:41030, s2:0.0.0.0:35144], old=null
2019-09-26 09:46:00,528 INFO  impl.LeaderElection (LogUtils.java:infoOrTrace(149)) -   Exception 0: java.util.concurrent.ExecutionException: org.apache.ratis.thirdparty.io.netty.channel.AbstractChannel$AnnotatedConnectException: Connection refused: /0.0.0.0:35144
2019-09-26 09:46:00,542 INFO  impl.LeaderElection (LeaderElection.java:askForVotes(178)) - s1@group-808489D4E928-LeaderElection25: begin an election at term 17 for 0: [s0:0.0.0.0:42957, s1:0.0.0.0:41030, s2:0.0.0.0:35144], old=null
2019-09-26 09:46:00,544 INFO  impl.LeaderElection (LogUtils.java:infoOrTrace(149)) - s1@group-808489D4E928-LeaderElection25 got exception when requesting votes: java.util.concurrent.ExecutionException: org.apache.ratis.thirdparty.io.netty.channel.AbstractChannel$AnnotatedConnectException: Connection refused: /0.0.0.0:35144
2019-09-26 09:46:00,625 INFO  impl.LeaderElection (LeaderElection.java:logAndReturn(56)) - s0@group-808489D4E928-LeaderElection23: Election TIMEOUT; received 0 response(s) [] and 0 exception(s); s0@group-808489D4E928:t23, leader=null, voted=s0, raftlog=s0@group-808489D4E928-SegmentedRaftLog:OPENED:c-1,f-1,i0, conf=-1: [s0:0.0.0.0:42957, s1:0.0.0.0:41030, s2:0.0.0.0:35144], old=null
2019-09-26 09:46:00,638 INFO  impl.LeaderElection (LeaderElection.java:askForVotes(178)) - s0@group-808489D4E928-LeaderElection23: begin an election at term 24 for -1: [s0:0.0.0.0:42957, s1:0.0.0.0:41030, s2:0.0.0.0:35144], old=null
2019-09-26 09:46:00,761 WARN  ratis.RaftTestUtil (JavaUtils.java:attempt(158)) - FAILED "waitForLeader-null-(expectLeader? true)", attempt #10/100: java.lang.IllegalStateException: No leader yet : printing ALL groups
  s3:   CLOSED  FOLLOWER s3@group-808489D4E928:t0, leader=null, voted=null, raftlog=s3@group-808489D4E928-SegmentedRaftLog:CLOSED:c-1, conf=-1: [s0:0.0.0.0:42957, s1:0.0.0.0:41030, s2:0.0.0.0:35144], old=null CLOSED
  s0:  RUNNING CANDIDATE s0@group-808489D4E928:t24, leader=null, voted=s0, raftlog=s0@group-808489D4E928-SegmentedRaftLog:OPENED:c-1,f-1,i0, conf=-1: [s0:0.0.0.0:42957, s1:0.0.0.0:41030, s2:0.0.0.0:35144], old=null RUNNING
  s1:  RUNNING CANDIDATE s1@group-808489D4E928:t17, leader=null, voted=s1, raftlog=s1@group-808489D4E928-SegmentedRaftLog:OPENED:c0,f0,i0, conf=0: [s0:0.0.0.0:42957, s1:0.0.0.0:41030, s2:0.0.0.0:35144], old=null RUNNING
  s2:   CLOSED    LEADER s2@group-808489D4E928:t1, leader=s2, voted=s2, raftlog=s2@group-808489D4E928-SegmentedRaftLog:CLOSED:c0, conf=0: [s0:0.0.0.0:42957, s1:0.0.0.0:41030, s2:0.0.0.0:35144], old=null CLOSED, sleep 450ms and then retry.
java.lang.IllegalStateException: No leader yet : printing ALL groups
  s3:   CLOSED  FOLLOWER s3@group-808489D4E928:t0, leader=null, voted=null, raftlog=s3@group-808489D4E928-SegmentedRaftLog:CLOSED:c-1, conf=-1: [s0:0.0.0.0:42957, s1:0.0.0.0:41030, s2:0.0.0.0:35144], old=null CLOSED
  s0:  RUNNING CANDIDATE s0@group-808489D4E928:t24, leader=null, voted=s0, raftlog=s0@group-808489D4E928-SegmentedRaftLog:OPENED:c-1,f-1,i0, conf=-1: [s0:0.0.0.0:42957, s1:0.0.0.0:41030, s2:0.0.0.0:35144], old=null RUNNING
  s1:  RUNNING CANDIDATE s1@group-808489D4E928:t17, leader=null, voted=s1, raftlog=s1@group-808489D4E928-SegmentedRaftLog:OPENED:c0,f0,i0, conf=0: [s0:0.0.0.0:42957, s1:0.0.0.0:41030, s2:0.0.0.0:35144], old=null RUNNING
  s2:   CLOSED    LEADER s2@group-808489D4E928:t1, leader=s2, voted=s2, raftlog=s2@group-808489D4E928-SegmentedRaftLog:CLOSED:c0, conf=0: [s0:0.0.0.0:42957, s1:0.0.0.0:41030, s2:0.0.0.0:35144], old=null CLOSED
	at org.apache.ratis.MiniRaftCluster.newIllegalStateExceptionForNoLeaders(MiniRaftCluster.java:506)
	at org.apache.ratis.RaftTestUtil.lambda$waitForLeader$1(RaftTestUtil.java:90)
	at org.apache.ratis.MiniRaftCluster.getLeader(MiniRaftCluster.java:539)
	at org.apache.ratis.MiniRaftCluster.getLeader(MiniRaftCluster.java:532)
	at org.apache.ratis.RaftTestUtil.lambda$waitForLeader$3(RaftTestUtil.java:98)
	at org.apache.ratis.util.JavaUtils.attempt(JavaUtils.java:152)
	at org.apache.ratis.RaftTestUtil.waitForLeader(RaftTestUtil.java:97)
	at org.apache.ratis.RaftTestUtil.waitForLeader(RaftTestUtil.java:77)
	at org.apache.ratis.RaftTestUtil.waitForLeader(RaftTestUtil.java:72)
	at org.apache.ratis.server.impl.RaftReconfigurationBaseTest.runTestKillLeaderDuringReconf(RaftReconfigurationBaseTest.java:353)
	at org.apache.ratis.MiniRaftCluster$Factory$Get.runWithNewCluster(MiniRaftCluster.java:125)
	at org.apache.ratis.MiniRaftCluster$Factory$Get.runWithNewCluster(MiniRaftCluster.java:113)
	at org.apache.ratis.server.impl.RaftReconfigurationBaseTest.testKillLeaderDuringReconf(RaftReconfigurationBaseTest.java:304)
	at sun.reflect.NativeMethodAccessorImpl.invoke0(Native Method)
	at sun.reflect.NativeMethodAccessorImpl.invoke(NativeMethodAccessorImpl.java:62)
	at sun.reflect.DelegatingMethodAccessorImpl.invoke(DelegatingMethodAccessorImpl.java:43)
	at java.lang.reflect.Method.invoke(Method.java:498)
	at org.junit.runners.model.FrameworkMethod$1.runReflectiveCall(FrameworkMethod.java:50)
	at org.junit.internal.runners.model.ReflectiveCallable.run(ReflectiveCallable.java:12)
	at org.junit.runners.model.FrameworkMethod.invokeExplosively(FrameworkMethod.java:47)
	at org.junit.internal.runners.statements.InvokeMethod.evaluate(InvokeMethod.java:17)
	at org.junit.internal.runners.statements.RunAfters.evaluate(RunAfters.java:27)
	at org.junit.internal.runners.statements.FailOnTimeout$CallableStatement.call(FailOnTimeout.java:298)
	at org.junit.internal.runners.statements.FailOnTimeout$CallableStatement.call(FailOnTimeout.java:292)
	at java.util.concurrent.FutureTask.run(FutureTask.java:266)
	at java.lang.Thread.run(Thread.java:748)
2019-09-26 09:46:00,774 INFO  impl.LeaderElection (LeaderElection.java:logAndReturn(56)) - s1@group-808489D4E928-LeaderElection25: Election TIMEOUT; received 0 response(s) [] and 1 exception(s); s1@group-808489D4E928:t17, leader=null, voted=s1, raftlog=s1@group-808489D4E928-SegmentedRaftLog:OPENED:c0,f0,i0, conf=0: [s0:0.0.0.0:42957, s1:0.0.0.0:41030, s2:0.0.0.0:35144], old=null
2019-09-26 09:46:00,775 INFO  impl.LeaderElection (LogUtils.java:infoOrTrace(149)) -   Exception 0: java.util.concurrent.ExecutionException: org.apache.ratis.thirdparty.io.netty.channel.AbstractChannel$AnnotatedConnectException: Connection refused: /0.0.0.0:35144
2019-09-26 09:46:00,788 INFO  impl.LeaderElection (LeaderElection.java:askForVotes(178)) - s1@group-808489D4E928-LeaderElection25: begin an election at term 18 for 0: [s0:0.0.0.0:42957, s1:0.0.0.0:41030, s2:0.0.0.0:35144], old=null
2019-09-26 09:46:00,790 INFO  impl.LeaderElection (LogUtils.java:infoOrTrace(149)) - s1@group-808489D4E928-LeaderElection25 got exception when requesting votes: java.util.concurrent.ExecutionException: org.apache.ratis.thirdparty.io.netty.channel.AbstractChannel$AnnotatedConnectException: Connection refused: /0.0.0.0:35144
2019-09-26 09:46:00,884 INFO  impl.LeaderElection (LeaderElection.java:logAndReturn(56)) - s0@group-808489D4E928-LeaderElection23: Election TIMEOUT; received 0 response(s) [] and 0 exception(s); s0@group-808489D4E928:t24, leader=null, voted=s0, raftlog=s0@group-808489D4E928-SegmentedRaftLog:OPENED:c-1,f-1,i0, conf=-1: [s0:0.0.0.0:42957, s1:0.0.0.0:41030, s2:0.0.0.0:35144], old=null
2019-09-26 09:46:00,897 INFO  impl.LeaderElection (LeaderElection.java:askForVotes(178)) - s0@group-808489D4E928-LeaderElection23: begin an election at term 25 for -1: [s0:0.0.0.0:42957, s1:0.0.0.0:41030, s2:0.0.0.0:35144], old=null
2019-09-26 09:46:00,969 INFO  impl.LeaderElection (LeaderElection.java:logAndReturn(56)) - s1@group-808489D4E928-LeaderElection25: Election TIMEOUT; received 0 response(s) [] and 1 exception(s); s1@group-808489D4E928:t18, leader=null, voted=s1, raftlog=s1@group-808489D4E928-SegmentedRaftLog:OPENED:c0,f0,i0, conf=0: [s0:0.0.0.0:42957, s1:0.0.0.0:41030, s2:0.0.0.0:35144], old=null
2019-09-26 09:46:00,969 INFO  impl.LeaderElection (LogUtils.java:infoOrTrace(149)) -   Exception 0: java.util.concurrent.ExecutionException: org.apache.ratis.thirdparty.io.netty.channel.AbstractChannel$AnnotatedConnectException: Connection refused: /0.0.0.0:35144
2019-09-26 09:46:00,982 INFO  impl.LeaderElection (LeaderElection.java:askForVotes(178)) - s1@group-808489D4E928-LeaderElection25: begin an election at term 19 for 0: [s0:0.0.0.0:42957, s1:0.0.0.0:41030, s2:0.0.0.0:35144], old=null
2019-09-26 09:46:00,984 INFO  impl.LeaderElection (LogUtils.java:infoOrTrace(149)) - s1@group-808489D4E928-LeaderElection25 got exception when requesting votes: java.util.concurrent.ExecutionException: org.apache.ratis.thirdparty.io.netty.channel.AbstractChannel$AnnotatedConnectException: Connection refused: /0.0.0.0:35144
2019-09-26 09:46:01,060 INFO  impl.LeaderElection (LeaderElection.java:logAndReturn(56)) - s0@group-808489D4E928-LeaderElection23: Election TIMEOUT; received 0 response(s) [] and 0 exception(s); s0@group-808489D4E928:t25, leader=null, voted=s0, raftlog=s0@group-808489D4E928-SegmentedRaftLog:OPENED:c-1,f-1,i0, conf=-1: [s0:0.0.0.0:42957, s1:0.0.0.0:41030, s2:0.0.0.0:35144], old=null
2019-09-26 09:46:01,073 INFO  impl.LeaderElection (LeaderElection.java:askForVotes(178)) - s0@group-808489D4E928-LeaderElection23: begin an election at term 26 for -1: [s0:0.0.0.0:42957, s1:0.0.0.0:41030, s2:0.0.0.0:35144], old=null
2019-09-26 09:46:01,212 WARN  ratis.RaftTestUtil (JavaUtils.java:attempt(158)) - FAILED "waitForLeader-null-(expectLeader? true)", attempt #11/100: java.lang.IllegalStateException: No leader yet : printing ALL groups
  s3:   CLOSED  FOLLOWER s3@group-808489D4E928:t0, leader=null, voted=null, raftlog=s3@group-808489D4E928-SegmentedRaftLog:CLOSED:c-1, conf=-1: [s0:0.0.0.0:42957, s1:0.0.0.0:41030, s2:0.0.0.0:35144], old=null CLOSED
  s0:  RUNNING CANDIDATE s0@group-808489D4E928:t26, leader=null, voted=s0, raftlog=s0@group-808489D4E928-SegmentedRaftLog:OPENED:c-1,f-1,i0, conf=-1: [s0:0.0.0.0:42957, s1:0.0.0.0:41030, s2:0.0.0.0:35144], old=null RUNNING
  s1:  RUNNING CANDIDATE s1@group-808489D4E928:t19, leader=null, voted=s1, raftlog=s1@group-808489D4E928-SegmentedRaftLog:OPENED:c0,f0,i0, conf=0: [s0:0.0.0.0:42957, s1:0.0.0.0:41030, s2:0.0.0.0:35144], old=null RUNNING
  s2:   CLOSED    LEADER s2@group-808489D4E928:t1, leader=s2, voted=s2, raftlog=s2@group-808489D4E928-SegmentedRaftLog:CLOSED:c0, conf=0: [s0:0.0.0.0:42957, s1:0.0.0.0:41030, s2:0.0.0.0:35144], old=null CLOSED, sleep 450ms and then retry.
java.lang.IllegalStateException: No leader yet : printing ALL groups
  s3:   CLOSED  FOLLOWER s3@group-808489D4E928:t0, leader=null, voted=null, raftlog=s3@group-808489D4E928-SegmentedRaftLog:CLOSED:c-1, conf=-1: [s0:0.0.0.0:42957, s1:0.0.0.0:41030, s2:0.0.0.0:35144], old=null CLOSED
  s0:  RUNNING CANDIDATE s0@group-808489D4E928:t26, leader=null, voted=s0, raftlog=s0@group-808489D4E928-SegmentedRaftLog:OPENED:c-1,f-1,i0, conf=-1: [s0:0.0.0.0:42957, s1:0.0.0.0:41030, s2:0.0.0.0:35144], old=null RUNNING
  s1:  RUNNING CANDIDATE s1@group-808489D4E928:t19, leader=null, voted=s1, raftlog=s1@group-808489D4E928-SegmentedRaftLog:OPENED:c0,f0,i0, conf=0: [s0:0.0.0.0:42957, s1:0.0.0.0:41030, s2:0.0.0.0:35144], old=null RUNNING
  s2:   CLOSED    LEADER s2@group-808489D4E928:t1, leader=s2, voted=s2, raftlog=s2@group-808489D4E928-SegmentedRaftLog:CLOSED:c0, conf=0: [s0:0.0.0.0:42957, s1:0.0.0.0:41030, s2:0.0.0.0:35144], old=null CLOSED
	at org.apache.ratis.MiniRaftCluster.newIllegalStateExceptionForNoLeaders(MiniRaftCluster.java:506)
	at org.apache.ratis.RaftTestUtil.lambda$waitForLeader$1(RaftTestUtil.java:90)
	at org.apache.ratis.MiniRaftCluster.getLeader(MiniRaftCluster.java:539)
	at org.apache.ratis.MiniRaftCluster.getLeader(MiniRaftCluster.java:532)
	at org.apache.ratis.RaftTestUtil.lambda$waitForLeader$3(RaftTestUtil.java:98)
	at org.apache.ratis.util.JavaUtils.attempt(JavaUtils.java:152)
	at org.apache.ratis.RaftTestUtil.waitForLeader(RaftTestUtil.java:97)
	at org.apache.ratis.RaftTestUtil.waitForLeader(RaftTestUtil.java:77)
	at org.apache.ratis.RaftTestUtil.waitForLeader(RaftTestUtil.java:72)
	at org.apache.ratis.server.impl.RaftReconfigurationBaseTest.runTestKillLeaderDuringReconf(RaftReconfigurationBaseTest.java:353)
	at org.apache.ratis.MiniRaftCluster$Factory$Get.runWithNewCluster(MiniRaftCluster.java:125)
	at org.apache.ratis.MiniRaftCluster$Factory$Get.runWithNewCluster(MiniRaftCluster.java:113)
	at org.apache.ratis.server.impl.RaftReconfigurationBaseTest.testKillLeaderDuringReconf(RaftReconfigurationBaseTest.java:304)
	at sun.reflect.NativeMethodAccessorImpl.invoke0(Native Method)
	at sun.reflect.NativeMethodAccessorImpl.invoke(NativeMethodAccessorImpl.java:62)
	at sun.reflect.DelegatingMethodAccessorImpl.invoke(DelegatingMethodAccessorImpl.java:43)
	at java.lang.reflect.Method.invoke(Method.java:498)
	at org.junit.runners.model.FrameworkMethod$1.runReflectiveCall(FrameworkMethod.java:50)
	at org.junit.internal.runners.model.ReflectiveCallable.run(ReflectiveCallable.java:12)
	at org.junit.runners.model.FrameworkMethod.invokeExplosively(FrameworkMethod.java:47)
	at org.junit.internal.runners.statements.InvokeMethod.evaluate(InvokeMethod.java:17)
	at org.junit.internal.runners.statements.RunAfters.evaluate(RunAfters.java:27)
	at org.junit.internal.runners.statements.FailOnTimeout$CallableStatement.call(FailOnTimeout.java:298)
	at org.junit.internal.runners.statements.FailOnTimeout$CallableStatement.call(FailOnTimeout.java:292)
	at java.util.concurrent.FutureTask.run(FutureTask.java:266)
	at java.lang.Thread.run(Thread.java:748)
2019-09-26 09:46:01,267 INFO  impl.LeaderElection (LeaderElection.java:logAndReturn(56)) - s1@group-808489D4E928-LeaderElection25: Election TIMEOUT; received 0 response(s) [] and 1 exception(s); s1@group-808489D4E928:t19, leader=null, voted=s1, raftlog=s1@group-808489D4E928-SegmentedRaftLog:OPENED:c0,f0,i0, conf=0: [s0:0.0.0.0:42957, s1:0.0.0.0:41030, s2:0.0.0.0:35144], old=null
2019-09-26 09:46:01,267 INFO  impl.LeaderElection (LogUtils.java:infoOrTrace(149)) -   Exception 0: java.util.concurrent.ExecutionException: org.apache.ratis.thirdparty.io.netty.channel.AbstractChannel$AnnotatedConnectException: Connection refused: /0.0.0.0:35144
2019-09-26 09:46:01,280 INFO  impl.LeaderElection (LeaderElection.java:askForVotes(178)) - s1@group-808489D4E928-LeaderElection25: begin an election at term 20 for 0: [s0:0.0.0.0:42957, s1:0.0.0.0:41030, s2:0.0.0.0:35144], old=null
2019-09-26 09:46:01,282 INFO  impl.LeaderElection (LogUtils.java:infoOrTrace(149)) - s1@group-808489D4E928-LeaderElection25 got exception when requesting votes: java.util.concurrent.ExecutionException: org.apache.ratis.thirdparty.io.netty.channel.AbstractChannel$AnnotatedConnectException: Connection refused: /0.0.0.0:35144
2019-09-26 09:46:01,340 INFO  impl.LeaderElection (LeaderElection.java:logAndReturn(56)) - s0@group-808489D4E928-LeaderElection23: Election TIMEOUT; received 0 response(s) [] and 0 exception(s); s0@group-808489D4E928:t26, leader=null, voted=s0, raftlog=s0@group-808489D4E928-SegmentedRaftLog:OPENED:c-1,f-1,i0, conf=-1: [s0:0.0.0.0:42957, s1:0.0.0.0:41030, s2:0.0.0.0:35144], old=null
2019-09-26 09:46:01,354 INFO  impl.LeaderElection (LeaderElection.java:askForVotes(178)) - s0@group-808489D4E928-LeaderElection23: begin an election at term 27 for -1: [s0:0.0.0.0:42957, s1:0.0.0.0:41030, s2:0.0.0.0:35144], old=null
2019-09-26 09:46:01,483 INFO  impl.LeaderElection (LeaderElection.java:logAndReturn(56)) - s1@group-808489D4E928-LeaderElection25: Election TIMEOUT; received 0 response(s) [] and 1 exception(s); s1@group-808489D4E928:t20, leader=null, voted=s1, raftlog=s1@group-808489D4E928-SegmentedRaftLog:OPENED:c0,f0,i0, conf=0: [s0:0.0.0.0:42957, s1:0.0.0.0:41030, s2:0.0.0.0:35144], old=null
2019-09-26 09:46:01,483 INFO  impl.LeaderElection (LogUtils.java:infoOrTrace(149)) -   Exception 0: java.util.concurrent.ExecutionException: org.apache.ratis.thirdparty.io.netty.channel.AbstractChannel$AnnotatedConnectException: Connection refused: /0.0.0.0:35144
2019-09-26 09:46:01,496 INFO  impl.LeaderElection (LeaderElection.java:askForVotes(178)) - s1@group-808489D4E928-LeaderElection25: begin an election at term 21 for 0: [s0:0.0.0.0:42957, s1:0.0.0.0:41030, s2:0.0.0.0:35144], old=null
2019-09-26 09:46:01,498 INFO  impl.LeaderElection (LogUtils.java:infoOrTrace(149)) - s1@group-808489D4E928-LeaderElection25 got exception when requesting votes: java.util.concurrent.ExecutionException: org.apache.ratis.thirdparty.io.netty.channel.AbstractChannel$AnnotatedConnectException: Connection refused: /0.0.0.0:35144
2019-09-26 09:46:01,570 INFO  impl.LeaderElection (LeaderElection.java:logAndReturn(56)) - s0@group-808489D4E928-LeaderElection23: Election TIMEOUT; received 0 response(s) [] and 0 exception(s); s0@group-808489D4E928:t27, leader=null, voted=s0, raftlog=s0@group-808489D4E928-SegmentedRaftLog:OPENED:c-1,f-1,i0, conf=-1: [s0:0.0.0.0:42957, s1:0.0.0.0:41030, s2:0.0.0.0:35144], old=null
2019-09-26 09:46:01,584 INFO  impl.LeaderElection (LeaderElection.java:askForVotes(178)) - s0@group-808489D4E928-LeaderElection23: begin an election at term 28 for -1: [s0:0.0.0.0:42957, s1:0.0.0.0:41030, s2:0.0.0.0:35144], old=null
2019-09-26 09:46:01,664 WARN  ratis.RaftTestUtil (JavaUtils.java:attempt(158)) - FAILED "waitForLeader-null-(expectLeader? true)", attempt #12/100: java.lang.IllegalStateException: No leader yet : printing ALL groups
  s3:   CLOSED  FOLLOWER s3@group-808489D4E928:t0, leader=null, voted=null, raftlog=s3@group-808489D4E928-SegmentedRaftLog:CLOSED:c-1, conf=-1: [s0:0.0.0.0:42957, s1:0.0.0.0:41030, s2:0.0.0.0:35144], old=null CLOSED
  s0:  RUNNING CANDIDATE s0@group-808489D4E928:t28, leader=null, voted=s0, raftlog=s0@group-808489D4E928-SegmentedRaftLog:OPENED:c-1,f-1,i0, conf=-1: [s0:0.0.0.0:42957, s1:0.0.0.0:41030, s2:0.0.0.0:35144], old=null RUNNING
  s1:  RUNNING CANDIDATE s1@group-808489D4E928:t21, leader=null, voted=s1, raftlog=s1@group-808489D4E928-SegmentedRaftLog:OPENED:c0,f0,i0, conf=0: [s0:0.0.0.0:42957, s1:0.0.0.0:41030, s2:0.0.0.0:35144], old=null RUNNING
  s2:   CLOSED    LEADER s2@group-808489D4E928:t1, leader=s2, voted=s2, raftlog=s2@group-808489D4E928-SegmentedRaftLog:CLOSED:c0, conf=0: [s0:0.0.0.0:42957, s1:0.0.0.0:41030, s2:0.0.0.0:35144], old=null CLOSED, sleep 450ms and then retry.
java.lang.IllegalStateException: No leader yet : printing ALL groups
  s3:   CLOSED  FOLLOWER s3@group-808489D4E928:t0, leader=null, voted=null, raftlog=s3@group-808489D4E928-SegmentedRaftLog:CLOSED:c-1, conf=-1: [s0:0.0.0.0:42957, s1:0.0.0.0:41030, s2:0.0.0.0:35144], old=null CLOSED
  s0:  RUNNING CANDIDATE s0@group-808489D4E928:t28, leader=null, voted=s0, raftlog=s0@group-808489D4E928-SegmentedRaftLog:OPENED:c-1,f-1,i0, conf=-1: [s0:0.0.0.0:42957, s1:0.0.0.0:41030, s2:0.0.0.0:35144], old=null RUNNING
  s1:  RUNNING CANDIDATE s1@group-808489D4E928:t21, leader=null, voted=s1, raftlog=s1@group-808489D4E928-SegmentedRaftLog:OPENED:c0,f0,i0, conf=0: [s0:0.0.0.0:42957, s1:0.0.0.0:41030, s2:0.0.0.0:35144], old=null RUNNING
  s2:   CLOSED    LEADER s2@group-808489D4E928:t1, leader=s2, voted=s2, raftlog=s2@group-808489D4E928-SegmentedRaftLog:CLOSED:c0, conf=0: [s0:0.0.0.0:42957, s1:0.0.0.0:41030, s2:0.0.0.0:35144], old=null CLOSED
	at org.apache.ratis.MiniRaftCluster.newIllegalStateExceptionForNoLeaders(MiniRaftCluster.java:506)
	at org.apache.ratis.RaftTestUtil.lambda$waitForLeader$1(RaftTestUtil.java:90)
	at org.apache.ratis.MiniRaftCluster.getLeader(MiniRaftCluster.java:539)
	at org.apache.ratis.MiniRaftCluster.getLeader(MiniRaftCluster.java:532)
	at org.apache.ratis.RaftTestUtil.lambda$waitForLeader$3(RaftTestUtil.java:98)
	at org.apache.ratis.util.JavaUtils.attempt(JavaUtils.java:152)
	at org.apache.ratis.RaftTestUtil.waitForLeader(RaftTestUtil.java:97)
	at org.apache.ratis.RaftTestUtil.waitForLeader(RaftTestUtil.java:77)
	at org.apache.ratis.RaftTestUtil.waitForLeader(RaftTestUtil.java:72)
	at org.apache.ratis.server.impl.RaftReconfigurationBaseTest.runTestKillLeaderDuringReconf(RaftReconfigurationBaseTest.java:353)
	at org.apache.ratis.MiniRaftCluster$Factory$Get.runWithNewCluster(MiniRaftCluster.java:125)
	at org.apache.ratis.MiniRaftCluster$Factory$Get.runWithNewCluster(MiniRaftCluster.java:113)
	at org.apache.ratis.server.impl.RaftReconfigurationBaseTest.testKillLeaderDuringReconf(RaftReconfigurationBaseTest.java:304)
	at sun.reflect.NativeMethodAccessorImpl.invoke0(Native Method)
	at sun.reflect.NativeMethodAccessorImpl.invoke(NativeMethodAccessorImpl.java:62)
	at sun.reflect.DelegatingMethodAccessorImpl.invoke(DelegatingMethodAccessorImpl.java:43)
	at java.lang.reflect.Method.invoke(Method.java:498)
	at org.junit.runners.model.FrameworkMethod$1.runReflectiveCall(FrameworkMethod.java:50)
	at org.junit.internal.runners.model.ReflectiveCallable.run(ReflectiveCallable.java:12)
	at org.junit.runners.model.FrameworkMethod.invokeExplosively(FrameworkMethod.java:47)
	at org.junit.internal.runners.statements.InvokeMethod.evaluate(InvokeMethod.java:17)
	at org.junit.internal.runners.statements.RunAfters.evaluate(RunAfters.java:27)
	at org.junit.internal.runners.statements.FailOnTimeout$CallableStatement.call(FailOnTimeout.java:298)
	at org.junit.internal.runners.statements.FailOnTimeout$CallableStatement.call(FailOnTimeout.java:292)
	at java.util.concurrent.FutureTask.run(FutureTask.java:266)
	at java.lang.Thread.run(Thread.java:748)
2019-09-26 09:46:01,713 INFO  impl.LeaderElection (LeaderElection.java:logAndReturn(56)) - s1@group-808489D4E928-LeaderElection25: Election TIMEOUT; received 0 response(s) [] and 1 exception(s); s1@group-808489D4E928:t21, leader=null, voted=s1, raftlog=s1@group-808489D4E928-SegmentedRaftLog:OPENED:c0,f0,i0, conf=0: [s0:0.0.0.0:42957, s1:0.0.0.0:41030, s2:0.0.0.0:35144], old=null
2019-09-26 09:46:01,713 INFO  impl.LeaderElection (LogUtils.java:infoOrTrace(149)) -   Exception 0: java.util.concurrent.ExecutionException: org.apache.ratis.thirdparty.io.netty.channel.AbstractChannel$AnnotatedConnectException: Connection refused: /0.0.0.0:35144
2019-09-26 09:46:01,718 INFO  impl.LeaderElection (LeaderElection.java:askForVotes(178)) - s1@group-808489D4E928-LeaderElection25: begin an election at term 22 for 0: [s0:0.0.0.0:42957, s1:0.0.0.0:41030, s2:0.0.0.0:35144], old=null
2019-09-26 09:46:01,720 INFO  impl.LeaderElection (LogUtils.java:infoOrTrace(149)) - s1@group-808489D4E928-LeaderElection25 got exception when requesting votes: java.util.concurrent.ExecutionException: org.apache.ratis.thirdparty.io.netty.channel.AbstractChannel$AnnotatedConnectException: Connection refused: /0.0.0.0:35144
2019-09-26 09:46:01,855 INFO  impl.LeaderElection (LeaderElection.java:logAndReturn(56)) - s0@group-808489D4E928-LeaderElection23: Election TIMEOUT; received 0 response(s) [] and 0 exception(s); s0@group-808489D4E928:t28, leader=null, voted=s0, raftlog=s0@group-808489D4E928-SegmentedRaftLog:OPENED:c-1,f-1,i0, conf=-1: [s0:0.0.0.0:42957, s1:0.0.0.0:41030, s2:0.0.0.0:35144], old=null
2019-09-26 09:46:01,869 INFO  impl.LeaderElection (LeaderElection.java:askForVotes(178)) - s0@group-808489D4E928-LeaderElection23: begin an election at term 29 for -1: [s0:0.0.0.0:42957, s1:0.0.0.0:41030, s2:0.0.0.0:35144], old=null
2019-09-26 09:46:01,871 INFO  impl.LeaderElection (LeaderElection.java:logAndReturn(56)) - s1@group-808489D4E928-LeaderElection25: Election TIMEOUT; received 0 response(s) [] and 1 exception(s); s1@group-808489D4E928:t22, leader=null, voted=s1, raftlog=s1@group-808489D4E928-SegmentedRaftLog:OPENED:c0,f0,i0, conf=0: [s0:0.0.0.0:42957, s1:0.0.0.0:41030, s2:0.0.0.0:35144], old=null
2019-09-26 09:46:01,871 INFO  impl.LeaderElection (LogUtils.java:infoOrTrace(149)) -   Exception 0: java.util.concurrent.ExecutionException: org.apache.ratis.thirdparty.io.netty.channel.AbstractChannel$AnnotatedConnectException: Connection refused: /0.0.0.0:35144
2019-09-26 09:46:01,886 INFO  impl.LeaderElection (LeaderElection.java:askForVotes(178)) - s1@group-808489D4E928-LeaderElection25: begin an election at term 23 for 0: [s0:0.0.0.0:42957, s1:0.0.0.0:41030, s2:0.0.0.0:35144], old=null
2019-09-26 09:46:01,891 INFO  impl.LeaderElection (LogUtils.java:infoOrTrace(149)) - s1@group-808489D4E928-LeaderElection25 got exception when requesting votes: java.util.concurrent.ExecutionException: org.apache.ratis.thirdparty.io.netty.channel.AbstractChannel$AnnotatedConnectException: Connection refused: /0.0.0.0:35144
2019-09-26 09:46:02,031 INFO  impl.LeaderElection (LeaderElection.java:logAndReturn(56)) - s0@group-808489D4E928-LeaderElection23: Election TIMEOUT; received 0 response(s) [] and 0 exception(s); s0@group-808489D4E928:t29, leader=null, voted=s0, raftlog=s0@group-808489D4E928-SegmentedRaftLog:OPENED:c-1,f-1,i0, conf=-1: [s0:0.0.0.0:42957, s1:0.0.0.0:41030, s2:0.0.0.0:35144], old=null
2019-09-26 09:46:02,045 INFO  impl.LeaderElection (LeaderElection.java:askForVotes(178)) - s0@group-808489D4E928-LeaderElection23: begin an election at term 30 for -1: [s0:0.0.0.0:42957, s1:0.0.0.0:41030, s2:0.0.0.0:35144], old=null
2019-09-26 09:46:02,104 INFO  impl.LeaderElection (LeaderElection.java:logAndReturn(56)) - s1@group-808489D4E928-LeaderElection25: Election TIMEOUT; received 0 response(s) [] and 1 exception(s); s1@group-808489D4E928:t23, leader=null, voted=s1, raftlog=s1@group-808489D4E928-SegmentedRaftLog:OPENED:c0,f0,i0, conf=0: [s0:0.0.0.0:42957, s1:0.0.0.0:41030, s2:0.0.0.0:35144], old=null
2019-09-26 09:46:02,104 INFO  impl.LeaderElection (LogUtils.java:infoOrTrace(149)) -   Exception 0: java.util.concurrent.ExecutionException: org.apache.ratis.thirdparty.io.netty.channel.AbstractChannel$AnnotatedConnectException: Connection refused: /0.0.0.0:35144
2019-09-26 09:46:02,118 INFO  impl.LeaderElection (LeaderElection.java:askForVotes(178)) - s1@group-808489D4E928-LeaderElection25: begin an election at term 24 for 0: [s0:0.0.0.0:42957, s1:0.0.0.0:41030, s2:0.0.0.0:35144], old=null
2019-09-26 09:46:02,120 INFO  impl.LeaderElection (LogUtils.java:infoOrTrace(149)) - s1@group-808489D4E928-LeaderElection25 got exception when requesting votes: java.util.concurrent.ExecutionException: org.apache.ratis.thirdparty.io.netty.channel.AbstractChannel$AnnotatedConnectException: Connection refused: /0.0.0.0:35144
2019-09-26 09:46:02,121 WARN  ratis.RaftTestUtil (JavaUtils.java:attempt(158)) - FAILED "waitForLeader-null-(expectLeader? true)", attempt #13/100: java.lang.IllegalStateException: No leader yet : printing ALL groups
  s3:   CLOSED  FOLLOWER s3@group-808489D4E928:t0, leader=null, voted=null, raftlog=s3@group-808489D4E928-SegmentedRaftLog:CLOSED:c-1, conf=-1: [s0:0.0.0.0:42957, s1:0.0.0.0:41030, s2:0.0.0.0:35144], old=null CLOSED
  s0:  RUNNING CANDIDATE s0@group-808489D4E928:t30, leader=null, voted=s0, raftlog=s0@group-808489D4E928-SegmentedRaftLog:OPENED:c-1,f-1,i0, conf=-1: [s0:0.0.0.0:42957, s1:0.0.0.0:41030, s2:0.0.0.0:35144], old=null RUNNING
  s1:  RUNNING CANDIDATE s1@group-808489D4E928:t24, leader=null, voted=s1, raftlog=s1@group-808489D4E928-SegmentedRaftLog:OPENED:c0,f0,i0, conf=0: [s0:0.0.0.0:42957, s1:0.0.0.0:41030, s2:0.0.0.0:35144], old=null RUNNING
  s2:   CLOSED    LEADER s2@group-808489D4E928:t1, leader=s2, voted=s2, raftlog=s2@group-808489D4E928-SegmentedRaftLog:CLOSED:c0, conf=0: [s0:0.0.0.0:42957, s1:0.0.0.0:41030, s2:0.0.0.0:35144], old=null CLOSED, sleep 450ms and then retry.
java.lang.IllegalStateException: No leader yet : printing ALL groups
  s3:   CLOSED  FOLLOWER s3@group-808489D4E928:t0, leader=null, voted=null, raftlog=s3@group-808489D4E928-SegmentedRaftLog:CLOSED:c-1, conf=-1: [s0:0.0.0.0:42957, s1:0.0.0.0:41030, s2:0.0.0.0:35144], old=null CLOSED
  s0:  RUNNING CANDIDATE s0@group-808489D4E928:t30, leader=null, voted=s0, raftlog=s0@group-808489D4E928-SegmentedRaftLog:OPENED:c-1,f-1,i0, conf=-1: [s0:0.0.0.0:42957, s1:0.0.0.0:41030, s2:0.0.0.0:35144], old=null RUNNING
  s1:  RUNNING CANDIDATE s1@group-808489D4E928:t24, leader=null, voted=s1, raftlog=s1@group-808489D4E928-SegmentedRaftLog:OPENED:c0,f0,i0, conf=0: [s0:0.0.0.0:42957, s1:0.0.0.0:41030, s2:0.0.0.0:35144], old=null RUNNING
  s2:   CLOSED    LEADER s2@group-808489D4E928:t1, leader=s2, voted=s2, raftlog=s2@group-808489D4E928-SegmentedRaftLog:CLOSED:c0, conf=0: [s0:0.0.0.0:42957, s1:0.0.0.0:41030, s2:0.0.0.0:35144], old=null CLOSED
	at org.apache.ratis.MiniRaftCluster.newIllegalStateExceptionForNoLeaders(MiniRaftCluster.java:506)
	at org.apache.ratis.RaftTestUtil.lambda$waitForLeader$1(RaftTestUtil.java:90)
	at org.apache.ratis.MiniRaftCluster.getLeader(MiniRaftCluster.java:539)
	at org.apache.ratis.MiniRaftCluster.getLeader(MiniRaftCluster.java:532)
	at org.apache.ratis.RaftTestUtil.lambda$waitForLeader$3(RaftTestUtil.java:98)
	at org.apache.ratis.util.JavaUtils.attempt(JavaUtils.java:152)
	at org.apache.ratis.RaftTestUtil.waitForLeader(RaftTestUtil.java:97)
	at org.apache.ratis.RaftTestUtil.waitForLeader(RaftTestUtil.java:77)
	at org.apache.ratis.RaftTestUtil.waitForLeader(RaftTestUtil.java:72)
	at org.apache.ratis.server.impl.RaftReconfigurationBaseTest.runTestKillLeaderDuringReconf(RaftReconfigurationBaseTest.java:353)
	at org.apache.ratis.MiniRaftCluster$Factory$Get.runWithNewCluster(MiniRaftCluster.java:125)
	at org.apache.ratis.MiniRaftCluster$Factory$Get.runWithNewCluster(MiniRaftCluster.java:113)
	at org.apache.ratis.server.impl.RaftReconfigurationBaseTest.testKillLeaderDuringReconf(RaftReconfigurationBaseTest.java:304)
	at sun.reflect.NativeMethodAccessorImpl.invoke0(Native Method)
	at sun.reflect.NativeMethodAccessorImpl.invoke(NativeMethodAccessorImpl.java:62)
	at sun.reflect.DelegatingMethodAccessorImpl.invoke(DelegatingMethodAccessorImpl.java:43)
	at java.lang.reflect.Method.invoke(Method.java:498)
	at org.junit.runners.model.FrameworkMethod$1.runReflectiveCall(FrameworkMethod.java:50)
	at org.junit.internal.runners.model.ReflectiveCallable.run(ReflectiveCallable.java:12)
	at org.junit.runners.model.FrameworkMethod.invokeExplosively(FrameworkMethod.java:47)
	at org.junit.internal.runners.statements.InvokeMethod.evaluate(InvokeMethod.java:17)
	at org.junit.internal.runners.statements.RunAfters.evaluate(RunAfters.java:27)
	at org.junit.internal.runners.statements.FailOnTimeout$CallableStatement.call(FailOnTimeout.java:298)
	at org.junit.internal.runners.statements.FailOnTimeout$CallableStatement.call(FailOnTimeout.java:292)
	at java.util.concurrent.FutureTask.run(FutureTask.java:266)
	at java.lang.Thread.run(Thread.java:748)
2019-09-26 09:46:02,225 INFO  impl.LeaderElection (LeaderElection.java:logAndReturn(56)) - s0@group-808489D4E928-LeaderElection23: Election TIMEOUT; received 0 response(s) [] and 0 exception(s); s0@group-808489D4E928:t30, leader=null, voted=s0, raftlog=s0@group-808489D4E928-SegmentedRaftLog:OPENED:c-1,f-1,i0, conf=-1: [s0:0.0.0.0:42957, s1:0.0.0.0:41030, s2:0.0.0.0:35144], old=null
2019-09-26 09:46:02,239 INFO  impl.LeaderElection (LeaderElection.java:askForVotes(178)) - s0@group-808489D4E928-LeaderElection23: begin an election at term 31 for -1: [s0:0.0.0.0:42957, s1:0.0.0.0:41030, s2:0.0.0.0:35144], old=null
2019-09-26 09:46:02,273 INFO  impl.LeaderElection (LeaderElection.java:logAndReturn(56)) - s1@group-808489D4E928-LeaderElection25: Election TIMEOUT; received 0 response(s) [] and 1 exception(s); s1@group-808489D4E928:t24, leader=null, voted=s1, raftlog=s1@group-808489D4E928-SegmentedRaftLog:OPENED:c0,f0,i0, conf=0: [s0:0.0.0.0:42957, s1:0.0.0.0:41030, s2:0.0.0.0:35144], old=null
2019-09-26 09:46:02,273 INFO  impl.LeaderElection (LogUtils.java:infoOrTrace(149)) -   Exception 0: java.util.concurrent.ExecutionException: org.apache.ratis.thirdparty.io.netty.channel.AbstractChannel$AnnotatedConnectException: Connection refused: /0.0.0.0:35144
2019-09-26 09:46:02,287 INFO  impl.LeaderElection (LeaderElection.java:askForVotes(178)) - s1@group-808489D4E928-LeaderElection25: begin an election at term 25 for 0: [s0:0.0.0.0:42957, s1:0.0.0.0:41030, s2:0.0.0.0:35144], old=null
2019-09-26 09:46:02,289 INFO  impl.LeaderElection (LogUtils.java:infoOrTrace(149)) - s1@group-808489D4E928-LeaderElection25 got exception when requesting votes: java.util.concurrent.ExecutionException: org.apache.ratis.thirdparty.io.netty.channel.AbstractChannel$AnnotatedConnectException: Connection refused: /0.0.0.0:35144
2019-09-26 09:46:02,482 INFO  impl.LeaderElection (LeaderElection.java:logAndReturn(56)) - s0@group-808489D4E928-LeaderElection23: Election TIMEOUT; received 0 response(s) [] and 0 exception(s); s0@group-808489D4E928:t31, leader=null, voted=s0, raftlog=s0@group-808489D4E928-SegmentedRaftLog:OPENED:c-1,f-1,i0, conf=-1: [s0:0.0.0.0:42957, s1:0.0.0.0:41030, s2:0.0.0.0:35144], old=null
2019-09-26 09:46:02,485 INFO  impl.LeaderElection (LeaderElection.java:logAndReturn(56)) - s1@group-808489D4E928-LeaderElection25: Election TIMEOUT; received 0 response(s) [] and 1 exception(s); s1@group-808489D4E928:t25, leader=null, voted=s1, raftlog=s1@group-808489D4E928-SegmentedRaftLog:OPENED:c0,f0,i0, conf=0: [s0:0.0.0.0:42957, s1:0.0.0.0:41030, s2:0.0.0.0:35144], old=null
2019-09-26 09:46:02,485 INFO  impl.LeaderElection (LogUtils.java:infoOrTrace(149)) -   Exception 0: java.util.concurrent.ExecutionException: org.apache.ratis.thirdparty.io.netty.channel.AbstractChannel$AnnotatedConnectException: Connection refused: /0.0.0.0:35144
2019-09-26 09:46:02,496 INFO  impl.LeaderElection (LeaderElection.java:askForVotes(178)) - s0@group-808489D4E928-LeaderElection23: begin an election at term 32 for -1: [s0:0.0.0.0:42957, s1:0.0.0.0:41030, s2:0.0.0.0:35144], old=null
2019-09-26 09:46:02,496 INFO  impl.LeaderElection (LeaderElection.java:askForVotes(178)) - s1@group-808489D4E928-LeaderElection25: begin an election at term 26 for 0: [s0:0.0.0.0:42957, s1:0.0.0.0:41030, s2:0.0.0.0:35144], old=null
2019-09-26 09:46:02,498 INFO  impl.LeaderElection (LogUtils.java:infoOrTrace(149)) - s1@group-808489D4E928-LeaderElection25 got exception when requesting votes: java.util.concurrent.ExecutionException: org.apache.ratis.thirdparty.io.netty.channel.AbstractChannel$AnnotatedConnectException: Connection refused: /0.0.0.0:35144
2019-09-26 09:46:02,572 WARN  ratis.RaftTestUtil (JavaUtils.java:attempt(158)) - FAILED "waitForLeader-null-(expectLeader? true)", attempt #14/100: java.lang.IllegalStateException: No leader yet : printing ALL groups
  s3:   CLOSED  FOLLOWER s3@group-808489D4E928:t0, leader=null, voted=null, raftlog=s3@group-808489D4E928-SegmentedRaftLog:CLOSED:c-1, conf=-1: [s0:0.0.0.0:42957, s1:0.0.0.0:41030, s2:0.0.0.0:35144], old=null CLOSED
  s0:  RUNNING CANDIDATE s0@group-808489D4E928:t32, leader=null, voted=s0, raftlog=s0@group-808489D4E928-SegmentedRaftLog:OPENED:c-1,f-1,i0, conf=-1: [s0:0.0.0.0:42957, s1:0.0.0.0:41030, s2:0.0.0.0:35144], old=null RUNNING
  s1:  RUNNING CANDIDATE s1@group-808489D4E928:t26, leader=null, voted=s1, raftlog=s1@group-808489D4E928-SegmentedRaftLog:OPENED:c0,f0,i0, conf=0: [s0:0.0.0.0:42957, s1:0.0.0.0:41030, s2:0.0.0.0:35144], old=null RUNNING
  s2:   CLOSED    LEADER s2@group-808489D4E928:t1, leader=s2, voted=s2, raftlog=s2@group-808489D4E928-SegmentedRaftLog:CLOSED:c0, conf=0: [s0:0.0.0.0:42957, s1:0.0.0.0:41030, s2:0.0.0.0:35144], old=null CLOSED, sleep 450ms and then retry.
java.lang.IllegalStateException: No leader yet : printing ALL groups
  s3:   CLOSED  FOLLOWER s3@group-808489D4E928:t0, leader=null, voted=null, raftlog=s3@group-808489D4E928-SegmentedRaftLog:CLOSED:c-1, conf=-1: [s0:0.0.0.0:42957, s1:0.0.0.0:41030, s2:0.0.0.0:35144], old=null CLOSED
  s0:  RUNNING CANDIDATE s0@group-808489D4E928:t32, leader=null, voted=s0, raftlog=s0@group-808489D4E928-SegmentedRaftLog:OPENED:c-1,f-1,i0, conf=-1: [s0:0.0.0.0:42957, s1:0.0.0.0:41030, s2:0.0.0.0:35144], old=null RUNNING
  s1:  RUNNING CANDIDATE s1@group-808489D4E928:t26, leader=null, voted=s1, raftlog=s1@group-808489D4E928-SegmentedRaftLog:OPENED:c0,f0,i0, conf=0: [s0:0.0.0.0:42957, s1:0.0.0.0:41030, s2:0.0.0.0:35144], old=null RUNNING
  s2:   CLOSED    LEADER s2@group-808489D4E928:t1, leader=s2, voted=s2, raftlog=s2@group-808489D4E928-SegmentedRaftLog:CLOSED:c0, conf=0: [s0:0.0.0.0:42957, s1:0.0.0.0:41030, s2:0.0.0.0:35144], old=null CLOSED
	at org.apache.ratis.MiniRaftCluster.newIllegalStateExceptionForNoLeaders(MiniRaftCluster.java:506)
	at org.apache.ratis.RaftTestUtil.lambda$waitForLeader$1(RaftTestUtil.java:90)
	at org.apache.ratis.MiniRaftCluster.getLeader(MiniRaftCluster.java:539)
	at org.apache.ratis.MiniRaftCluster.getLeader(MiniRaftCluster.java:532)
	at org.apache.ratis.RaftTestUtil.lambda$waitForLeader$3(RaftTestUtil.java:98)
	at org.apache.ratis.util.JavaUtils.attempt(JavaUtils.java:152)
	at org.apache.ratis.RaftTestUtil.waitForLeader(RaftTestUtil.java:97)
	at org.apache.ratis.RaftTestUtil.waitForLeader(RaftTestUtil.java:77)
	at org.apache.ratis.RaftTestUtil.waitForLeader(RaftTestUtil.java:72)
	at org.apache.ratis.server.impl.RaftReconfigurationBaseTest.runTestKillLeaderDuringReconf(RaftReconfigurationBaseTest.java:353)
	at org.apache.ratis.MiniRaftCluster$Factory$Get.runWithNewCluster(MiniRaftCluster.java:125)
	at org.apache.ratis.MiniRaftCluster$Factory$Get.runWithNewCluster(MiniRaftCluster.java:113)
	at org.apache.ratis.server.impl.RaftReconfigurationBaseTest.testKillLeaderDuringReconf(RaftReconfigurationBaseTest.java:304)
	at sun.reflect.NativeMethodAccessorImpl.invoke0(Native Method)
	at sun.reflect.NativeMethodAccessorImpl.invoke(NativeMethodAccessorImpl.java:62)
	at sun.reflect.DelegatingMethodAccessorImpl.invoke(DelegatingMethodAccessorImpl.java:43)
	at java.lang.reflect.Method.invoke(Method.java:498)
	at org.junit.runners.model.FrameworkMethod$1.runReflectiveCall(FrameworkMethod.java:50)
	at org.junit.internal.runners.model.ReflectiveCallable.run(ReflectiveCallable.java:12)
	at org.junit.runners.model.FrameworkMethod.invokeExplosively(FrameworkMethod.java:47)
	at org.junit.internal.runners.statements.InvokeMethod.evaluate(InvokeMethod.java:17)
	at org.junit.internal.runners.statements.RunAfters.evaluate(RunAfters.java:27)
	at org.junit.internal.runners.statements.FailOnTimeout$CallableStatement.call(FailOnTimeout.java:298)
	at org.junit.internal.runners.statements.FailOnTimeout$CallableStatement.call(FailOnTimeout.java:292)
	at java.util.concurrent.FutureTask.run(FutureTask.java:266)
	at java.lang.Thread.run(Thread.java:748)
2019-09-26 09:46:02,701 INFO  impl.LeaderElection (LeaderElection.java:logAndReturn(56)) - s0@group-808489D4E928-LeaderElection23: Election TIMEOUT; received 0 response(s) [] and 0 exception(s); s0@group-808489D4E928:t32, leader=null, voted=s0, raftlog=s0@group-808489D4E928-SegmentedRaftLog:OPENED:c-1,f-1,i0, conf=-1: [s0:0.0.0.0:42957, s1:0.0.0.0:41030, s2:0.0.0.0:35144], old=null
2019-09-26 09:46:02,714 INFO  impl.LeaderElection (LeaderElection.java:askForVotes(178)) - s0@group-808489D4E928-LeaderElection23: begin an election at term 33 for -1: [s0:0.0.0.0:42957, s1:0.0.0.0:41030, s2:0.0.0.0:35144], old=null
2019-09-26 09:46:02,796 INFO  impl.LeaderElection (LeaderElection.java:logAndReturn(56)) - s1@group-808489D4E928-LeaderElection25: Election TIMEOUT; received 0 response(s) [] and 1 exception(s); s1@group-808489D4E928:t26, leader=null, voted=s1, raftlog=s1@group-808489D4E928-SegmentedRaftLog:OPENED:c0,f0,i0, conf=0: [s0:0.0.0.0:42957, s1:0.0.0.0:41030, s2:0.0.0.0:35144], old=null
2019-09-26 09:46:02,796 INFO  impl.LeaderElection (LogUtils.java:infoOrTrace(149)) -   Exception 0: java.util.concurrent.ExecutionException: org.apache.ratis.thirdparty.io.netty.channel.AbstractChannel$AnnotatedConnectException: Connection refused: /0.0.0.0:35144
2019-09-26 09:46:02,810 INFO  impl.LeaderElection (LeaderElection.java:askForVotes(178)) - s1@group-808489D4E928-LeaderElection25: begin an election at term 27 for 0: [s0:0.0.0.0:42957, s1:0.0.0.0:41030, s2:0.0.0.0:35144], old=null
2019-09-26 09:46:02,812 INFO  impl.LeaderElection (LogUtils.java:infoOrTrace(149)) - s1@group-808489D4E928-LeaderElection25 got exception when requesting votes: java.util.concurrent.ExecutionException: org.apache.ratis.thirdparty.io.netty.channel.AbstractChannel$AnnotatedConnectException: Connection refused: /0.0.0.0:35144
2019-09-26 09:46:02,873 INFO  impl.LeaderElection (LeaderElection.java:logAndReturn(56)) - s0@group-808489D4E928-LeaderElection23: Election TIMEOUT; received 0 response(s) [] and 0 exception(s); s0@group-808489D4E928:t33, leader=null, voted=s0, raftlog=s0@group-808489D4E928-SegmentedRaftLog:OPENED:c-1,f-1,i0, conf=-1: [s0:0.0.0.0:42957, s1:0.0.0.0:41030, s2:0.0.0.0:35144], old=null
2019-09-26 09:46:02,880 INFO  impl.LeaderElection (LeaderElection.java:askForVotes(178)) - s0@group-808489D4E928-LeaderElection23: begin an election at term 34 for -1: [s0:0.0.0.0:42957, s1:0.0.0.0:41030, s2:0.0.0.0:35144], old=null
2019-09-26 09:46:03,023 WARN  ratis.RaftTestUtil (JavaUtils.java:attempt(158)) - FAILED "waitForLeader-null-(expectLeader? true)", attempt #15/100: java.lang.IllegalStateException: No leader yet : printing ALL groups
  s3:   CLOSED  FOLLOWER s3@group-808489D4E928:t0, leader=null, voted=null, raftlog=s3@group-808489D4E928-SegmentedRaftLog:CLOSED:c-1, conf=-1: [s0:0.0.0.0:42957, s1:0.0.0.0:41030, s2:0.0.0.0:35144], old=null CLOSED
  s0:  RUNNING CANDIDATE s0@group-808489D4E928:t34, leader=null, voted=s0, raftlog=s0@group-808489D4E928-SegmentedRaftLog:OPENED:c-1,f-1,i0, conf=-1: [s0:0.0.0.0:42957, s1:0.0.0.0:41030, s2:0.0.0.0:35144], old=null RUNNING
  s1:  RUNNING CANDIDATE s1@group-808489D4E928:t27, leader=null, voted=s1, raftlog=s1@group-808489D4E928-SegmentedRaftLog:OPENED:c0,f0,i0, conf=0: [s0:0.0.0.0:42957, s1:0.0.0.0:41030, s2:0.0.0.0:35144], old=null RUNNING
  s2:   CLOSED    LEADER s2@group-808489D4E928:t1, leader=s2, voted=s2, raftlog=s2@group-808489D4E928-SegmentedRaftLog:CLOSED:c0, conf=0: [s0:0.0.0.0:42957, s1:0.0.0.0:41030, s2:0.0.0.0:35144], old=null CLOSED, sleep 450ms and then retry.
java.lang.IllegalStateException: No leader yet : printing ALL groups
  s3:   CLOSED  FOLLOWER s3@group-808489D4E928:t0, leader=null, voted=null, raftlog=s3@group-808489D4E928-SegmentedRaftLog:CLOSED:c-1, conf=-1: [s0:0.0.0.0:42957, s1:0.0.0.0:41030, s2:0.0.0.0:35144], old=null CLOSED
  s0:  RUNNING CANDIDATE s0@group-808489D4E928:t34, leader=null, voted=s0, raftlog=s0@group-808489D4E928-SegmentedRaftLog:OPENED:c-1,f-1,i0, conf=-1: [s0:0.0.0.0:42957, s1:0.0.0.0:41030, s2:0.0.0.0:35144], old=null RUNNING
  s1:  RUNNING CANDIDATE s1@group-808489D4E928:t27, leader=null, voted=s1, raftlog=s1@group-808489D4E928-SegmentedRaftLog:OPENED:c0,f0,i0, conf=0: [s0:0.0.0.0:42957, s1:0.0.0.0:41030, s2:0.0.0.0:35144], old=null RUNNING
  s2:   CLOSED    LEADER s2@group-808489D4E928:t1, leader=s2, voted=s2, raftlog=s2@group-808489D4E928-SegmentedRaftLog:CLOSED:c0, conf=0: [s0:0.0.0.0:42957, s1:0.0.0.0:41030, s2:0.0.0.0:35144], old=null CLOSED
	at org.apache.ratis.MiniRaftCluster.newIllegalStateExceptionForNoLeaders(MiniRaftCluster.java:506)
	at org.apache.ratis.RaftTestUtil.lambda$waitForLeader$1(RaftTestUtil.java:90)
	at org.apache.ratis.MiniRaftCluster.getLeader(MiniRaftCluster.java:539)
	at org.apache.ratis.MiniRaftCluster.getLeader(MiniRaftCluster.java:532)
	at org.apache.ratis.RaftTestUtil.lambda$waitForLeader$3(RaftTestUtil.java:98)
	at org.apache.ratis.util.JavaUtils.attempt(JavaUtils.java:152)
	at org.apache.ratis.RaftTestUtil.waitForLeader(RaftTestUtil.java:97)
	at org.apache.ratis.RaftTestUtil.waitForLeader(RaftTestUtil.java:77)
	at org.apache.ratis.RaftTestUtil.waitForLeader(RaftTestUtil.java:72)
	at org.apache.ratis.server.impl.RaftReconfigurationBaseTest.runTestKillLeaderDuringReconf(RaftReconfigurationBaseTest.java:353)
	at org.apache.ratis.MiniRaftCluster$Factory$Get.runWithNewCluster(MiniRaftCluster.java:125)
	at org.apache.ratis.MiniRaftCluster$Factory$Get.runWithNewCluster(MiniRaftCluster.java:113)
	at org.apache.ratis.server.impl.RaftReconfigurationBaseTest.testKillLeaderDuringReconf(RaftReconfigurationBaseTest.java:304)
	at sun.reflect.NativeMethodAccessorImpl.invoke0(Native Method)
	at sun.reflect.NativeMethodAccessorImpl.invoke(NativeMethodAccessorImpl.java:62)
	at sun.reflect.DelegatingMethodAccessorImpl.invoke(DelegatingMethodAccessorImpl.java:43)
	at java.lang.reflect.Method.invoke(Method.java:498)
	at org.junit.runners.model.FrameworkMethod$1.runReflectiveCall(FrameworkMethod.java:50)
	at org.junit.internal.runners.model.ReflectiveCallable.run(ReflectiveCallable.java:12)
	at org.junit.runners.model.FrameworkMethod.invokeExplosively(FrameworkMethod.java:47)
	at org.junit.internal.runners.statements.InvokeMethod.evaluate(InvokeMethod.java:17)
	at org.junit.internal.runners.statements.RunAfters.evaluate(RunAfters.java:27)
	at org.junit.internal.runners.statements.FailOnTimeout$CallableStatement.call(FailOnTimeout.java:298)
	at org.junit.internal.runners.statements.FailOnTimeout$CallableStatement.call(FailOnTimeout.java:292)
	at java.util.concurrent.FutureTask.run(FutureTask.java:266)
	at java.lang.Thread.run(Thread.java:748)
2019-09-26 09:46:03,079 INFO  impl.LeaderElection (LeaderElection.java:logAndReturn(56)) - s0@group-808489D4E928-LeaderElection23: Election TIMEOUT; received 0 response(s) [] and 0 exception(s); s0@group-808489D4E928:t34, leader=null, voted=s0, raftlog=s0@group-808489D4E928-SegmentedRaftLog:OPENED:c-1,f-1,i0, conf=-1: [s0:0.0.0.0:42957, s1:0.0.0.0:41030, s2:0.0.0.0:35144], old=null
2019-09-26 09:46:03,080 INFO  impl.LeaderElection (LeaderElection.java:logAndReturn(56)) - s1@group-808489D4E928-LeaderElection25: Election TIMEOUT; received 0 response(s) [] and 1 exception(s); s1@group-808489D4E928:t27, leader=null, voted=s1, raftlog=s1@group-808489D4E928-SegmentedRaftLog:OPENED:c0,f0,i0, conf=0: [s0:0.0.0.0:42957, s1:0.0.0.0:41030, s2:0.0.0.0:35144], old=null
2019-09-26 09:46:03,080 INFO  impl.LeaderElection (LogUtils.java:infoOrTrace(149)) -   Exception 0: java.util.concurrent.ExecutionException: org.apache.ratis.thirdparty.io.netty.channel.AbstractChannel$AnnotatedConnectException: Connection refused: /0.0.0.0:35144
2019-09-26 09:46:03,088 INFO  impl.LeaderElection (LeaderElection.java:askForVotes(178)) - s1@group-808489D4E928-LeaderElection25: begin an election at term 28 for 0: [s0:0.0.0.0:42957, s1:0.0.0.0:41030, s2:0.0.0.0:35144], old=null
2019-09-26 09:46:03,088 INFO  impl.LeaderElection (LeaderElection.java:askForVotes(178)) - s0@group-808489D4E928-LeaderElection23: begin an election at term 35 for -1: [s0:0.0.0.0:42957, s1:0.0.0.0:41030, s2:0.0.0.0:35144], old=null
2019-09-26 09:46:03,091 INFO  impl.LeaderElection (LogUtils.java:infoOrTrace(149)) - s1@group-808489D4E928-LeaderElection25 got exception when requesting votes: java.util.concurrent.ExecutionException: org.apache.ratis.thirdparty.io.netty.channel.AbstractChannel$AnnotatedConnectException: Connection refused: /0.0.0.0:35144
2019-09-26 09:46:03,286 INFO  impl.LeaderElection (LeaderElection.java:logAndReturn(56)) - s0@group-808489D4E928-LeaderElection23: Election TIMEOUT; received 0 response(s) [] and 0 exception(s); s0@group-808489D4E928:t35, leader=null, voted=s0, raftlog=s0@group-808489D4E928-SegmentedRaftLog:OPENED:c-1,f-1,i0, conf=-1: [s0:0.0.0.0:42957, s1:0.0.0.0:41030, s2:0.0.0.0:35144], old=null
2019-09-26 09:46:03,300 INFO  impl.LeaderElection (LeaderElection.java:askForVotes(178)) - s0@group-808489D4E928-LeaderElection23: begin an election at term 36 for -1: [s0:0.0.0.0:42957, s1:0.0.0.0:41030, s2:0.0.0.0:35144], old=null
2019-09-26 09:46:03,326 INFO  impl.LeaderElection (LeaderElection.java:logAndReturn(56)) - s1@group-808489D4E928-LeaderElection25: Election TIMEOUT; received 0 response(s) [] and 1 exception(s); s1@group-808489D4E928:t28, leader=null, voted=s1, raftlog=s1@group-808489D4E928-SegmentedRaftLog:OPENED:c0,f0,i0, conf=0: [s0:0.0.0.0:42957, s1:0.0.0.0:41030, s2:0.0.0.0:35144], old=null
2019-09-26 09:46:03,326 INFO  impl.LeaderElection (LogUtils.java:infoOrTrace(149)) -   Exception 0: java.util.concurrent.ExecutionException: org.apache.ratis.thirdparty.io.netty.channel.AbstractChannel$AnnotatedConnectException: Connection refused: /0.0.0.0:35144
2019-09-26 09:46:03,340 INFO  impl.LeaderElection (LeaderElection.java:askForVotes(178)) - s1@group-808489D4E928-LeaderElection25: begin an election at term 29 for 0: [s0:0.0.0.0:42957, s1:0.0.0.0:41030, s2:0.0.0.0:35144], old=null
2019-09-26 09:46:03,342 INFO  impl.LeaderElection (LogUtils.java:infoOrTrace(149)) - s1@group-808489D4E928-LeaderElection25 got exception when requesting votes: java.util.concurrent.ExecutionException: org.apache.ratis.thirdparty.io.netty.channel.AbstractChannel$AnnotatedConnectException: Connection refused: /0.0.0.0:35144
2019-09-26 09:46:03,474 WARN  ratis.RaftTestUtil (JavaUtils.java:attempt(158)) - FAILED "waitForLeader-null-(expectLeader? true)", attempt #16/100: java.lang.IllegalStateException: No leader yet : printing ALL groups
  s3:   CLOSED  FOLLOWER s3@group-808489D4E928:t0, leader=null, voted=null, raftlog=s3@group-808489D4E928-SegmentedRaftLog:CLOSED:c-1, conf=-1: [s0:0.0.0.0:42957, s1:0.0.0.0:41030, s2:0.0.0.0:35144], old=null CLOSED
  s0:  RUNNING CANDIDATE s0@group-808489D4E928:t36, leader=null, voted=s0, raftlog=s0@group-808489D4E928-SegmentedRaftLog:OPENED:c-1,f-1,i0, conf=-1: [s0:0.0.0.0:42957, s1:0.0.0.0:41030, s2:0.0.0.0:35144], old=null RUNNING
  s1:  RUNNING CANDIDATE s1@group-808489D4E928:t29, leader=null, voted=s1, raftlog=s1@group-808489D4E928-SegmentedRaftLog:OPENED:c0,f0,i0, conf=0: [s0:0.0.0.0:42957, s1:0.0.0.0:41030, s2:0.0.0.0:35144], old=null RUNNING
  s2:   CLOSED    LEADER s2@group-808489D4E928:t1, leader=s2, voted=s2, raftlog=s2@group-808489D4E928-SegmentedRaftLog:CLOSED:c0, conf=0: [s0:0.0.0.0:42957, s1:0.0.0.0:41030, s2:0.0.0.0:35144], old=null CLOSED, sleep 450ms and then retry.
java.lang.IllegalStateException: No leader yet : printing ALL groups
  s3:   CLOSED  FOLLOWER s3@group-808489D4E928:t0, leader=null, voted=null, raftlog=s3@group-808489D4E928-SegmentedRaftLog:CLOSED:c-1, conf=-1: [s0:0.0.0.0:42957, s1:0.0.0.0:41030, s2:0.0.0.0:35144], old=null CLOSED
  s0:  RUNNING CANDIDATE s0@group-808489D4E928:t36, leader=null, voted=s0, raftlog=s0@group-808489D4E928-SegmentedRaftLog:OPENED:c-1,f-1,i0, conf=-1: [s0:0.0.0.0:42957, s1:0.0.0.0:41030, s2:0.0.0.0:35144], old=null RUNNING
  s1:  RUNNING CANDIDATE s1@group-808489D4E928:t29, leader=null, voted=s1, raftlog=s1@group-808489D4E928-SegmentedRaftLog:OPENED:c0,f0,i0, conf=0: [s0:0.0.0.0:42957, s1:0.0.0.0:41030, s2:0.0.0.0:35144], old=null RUNNING
  s2:   CLOSED    LEADER s2@group-808489D4E928:t1, leader=s2, voted=s2, raftlog=s2@group-808489D4E928-SegmentedRaftLog:CLOSED:c0, conf=0: [s0:0.0.0.0:42957, s1:0.0.0.0:41030, s2:0.0.0.0:35144], old=null CLOSED
	at org.apache.ratis.MiniRaftCluster.newIllegalStateExceptionForNoLeaders(MiniRaftCluster.java:506)
	at org.apache.ratis.RaftTestUtil.lambda$waitForLeader$1(RaftTestUtil.java:90)
	at org.apache.ratis.MiniRaftCluster.getLeader(MiniRaftCluster.java:539)
	at org.apache.ratis.MiniRaftCluster.getLeader(MiniRaftCluster.java:532)
	at org.apache.ratis.RaftTestUtil.lambda$waitForLeader$3(RaftTestUtil.java:98)
	at org.apache.ratis.util.JavaUtils.attempt(JavaUtils.java:152)
	at org.apache.ratis.RaftTestUtil.waitForLeader(RaftTestUtil.java:97)
	at org.apache.ratis.RaftTestUtil.waitForLeader(RaftTestUtil.java:77)
	at org.apache.ratis.RaftTestUtil.waitForLeader(RaftTestUtil.java:72)
	at org.apache.ratis.server.impl.RaftReconfigurationBaseTest.runTestKillLeaderDuringReconf(RaftReconfigurationBaseTest.java:353)
	at org.apache.ratis.MiniRaftCluster$Factory$Get.runWithNewCluster(MiniRaftCluster.java:125)
	at org.apache.ratis.MiniRaftCluster$Factory$Get.runWithNewCluster(MiniRaftCluster.java:113)
	at org.apache.ratis.server.impl.RaftReconfigurationBaseTest.testKillLeaderDuringReconf(RaftReconfigurationBaseTest.java:304)
	at sun.reflect.NativeMethodAccessorImpl.invoke0(Native Method)
	at sun.reflect.NativeMethodAccessorImpl.invoke(NativeMethodAccessorImpl.java:62)
	at sun.reflect.DelegatingMethodAccessorImpl.invoke(DelegatingMethodAccessorImpl.java:43)
	at java.lang.reflect.Method.invoke(Method.java:498)
	at org.junit.runners.model.FrameworkMethod$1.runReflectiveCall(FrameworkMethod.java:50)
	at org.junit.internal.runners.model.ReflectiveCallable.run(ReflectiveCallable.java:12)
	at org.junit.runners.model.FrameworkMethod.invokeExplosively(FrameworkMethod.java:47)
	at org.junit.internal.runners.statements.InvokeMethod.evaluate(InvokeMethod.java:17)
	at org.junit.internal.runners.statements.RunAfters.evaluate(RunAfters.java:27)
	at org.junit.internal.runners.statements.FailOnTimeout$CallableStatement.call(FailOnTimeout.java:298)
	at org.junit.internal.runners.statements.FailOnTimeout$CallableStatement.call(FailOnTimeout.java:292)
	at java.util.concurrent.FutureTask.run(FutureTask.java:266)
	at java.lang.Thread.run(Thread.java:748)
2019-09-26 09:46:03,523 INFO  impl.LeaderElection (LeaderElection.java:logAndReturn(56)) - s0@group-808489D4E928-LeaderElection23: Election TIMEOUT; received 0 response(s) [] and 0 exception(s); s0@group-808489D4E928:t36, leader=null, voted=s0, raftlog=s0@group-808489D4E928-SegmentedRaftLog:OPENED:c-1,f-1,i0, conf=-1: [s0:0.0.0.0:42957, s1:0.0.0.0:41030, s2:0.0.0.0:35144], old=null
2019-09-26 09:46:03,538 INFO  impl.LeaderElection (LeaderElection.java:askForVotes(178)) - s0@group-808489D4E928-LeaderElection23: begin an election at term 37 for -1: [s0:0.0.0.0:42957, s1:0.0.0.0:41030, s2:0.0.0.0:35144], old=null
2019-09-26 09:46:03,616 INFO  impl.LeaderElection (LeaderElection.java:logAndReturn(56)) - s1@group-808489D4E928-LeaderElection25: Election TIMEOUT; received 0 response(s) [] and 1 exception(s); s1@group-808489D4E928:t29, leader=null, voted=s1, raftlog=s1@group-808489D4E928-SegmentedRaftLog:OPENED:c0,f0,i0, conf=0: [s0:0.0.0.0:42957, s1:0.0.0.0:41030, s2:0.0.0.0:35144], old=null
2019-09-26 09:46:03,616 INFO  impl.LeaderElection (LogUtils.java:infoOrTrace(149)) -   Exception 0: java.util.concurrent.ExecutionException: org.apache.ratis.thirdparty.io.netty.channel.AbstractChannel$AnnotatedConnectException: Connection refused: /0.0.0.0:35144
2019-09-26 09:46:03,630 INFO  impl.LeaderElection (LeaderElection.java:askForVotes(178)) - s1@group-808489D4E928-LeaderElection25: begin an election at term 30 for 0: [s0:0.0.0.0:42957, s1:0.0.0.0:41030, s2:0.0.0.0:35144], old=null
2019-09-26 09:46:03,633 INFO  impl.LeaderElection (LogUtils.java:infoOrTrace(149)) - s1@group-808489D4E928-LeaderElection25 got exception when requesting votes: java.util.concurrent.ExecutionException: org.apache.ratis.thirdparty.io.netty.channel.AbstractChannel$AnnotatedConnectException: Connection refused: /0.0.0.0:35144
2019-09-26 09:46:03,809 INFO  impl.LeaderElection (LeaderElection.java:logAndReturn(56)) - s0@group-808489D4E928-LeaderElection23: Election TIMEOUT; received 0 response(s) [] and 0 exception(s); s0@group-808489D4E928:t37, leader=null, voted=s0, raftlog=s0@group-808489D4E928-SegmentedRaftLog:OPENED:c-1,f-1,i0, conf=-1: [s0:0.0.0.0:42957, s1:0.0.0.0:41030, s2:0.0.0.0:35144], old=null
2019-09-26 09:46:03,827 INFO  impl.LeaderElection (LeaderElection.java:askForVotes(178)) - s0@group-808489D4E928-LeaderElection23: begin an election at term 38 for -1: [s0:0.0.0.0:42957, s1:0.0.0.0:41030, s2:0.0.0.0:35144], old=null
2019-09-26 09:46:03,832 INFO  impl.LeaderElection (LeaderElection.java:logAndReturn(56)) - s1@group-808489D4E928-LeaderElection25: Election TIMEOUT; received 0 response(s) [] and 1 exception(s); s1@group-808489D4E928:t30, leader=null, voted=s1, raftlog=s1@group-808489D4E928-SegmentedRaftLog:OPENED:c0,f0,i0, conf=0: [s0:0.0.0.0:42957, s1:0.0.0.0:41030, s2:0.0.0.0:35144], old=null
2019-09-26 09:46:03,832 INFO  impl.LeaderElection (LogUtils.java:infoOrTrace(149)) -   Exception 0: java.util.concurrent.ExecutionException: org.apache.ratis.thirdparty.io.netty.channel.AbstractChannel$AnnotatedConnectException: Connection refused: /0.0.0.0:35144
2019-09-26 09:46:03,846 INFO  impl.LeaderElection (LeaderElection.java:askForVotes(178)) - s1@group-808489D4E928-LeaderElection25: begin an election at term 31 for 0: [s0:0.0.0.0:42957, s1:0.0.0.0:41030, s2:0.0.0.0:35144], old=null
2019-09-26 09:46:03,848 INFO  impl.LeaderElection (LogUtils.java:infoOrTrace(149)) - s1@group-808489D4E928-LeaderElection25 got exception when requesting votes: java.util.concurrent.ExecutionException: org.apache.ratis.thirdparty.io.netty.channel.AbstractChannel$AnnotatedConnectException: Connection refused: /0.0.0.0:35144
2019-09-26 09:46:03,926 WARN  ratis.RaftTestUtil (JavaUtils.java:attempt(158)) - FAILED "waitForLeader-null-(expectLeader? true)", attempt #17/100: java.lang.IllegalStateException: No leader yet : printing ALL groups
  s3:   CLOSED  FOLLOWER s3@group-808489D4E928:t0, leader=null, voted=null, raftlog=s3@group-808489D4E928-SegmentedRaftLog:CLOSED:c-1, conf=-1: [s0:0.0.0.0:42957, s1:0.0.0.0:41030, s2:0.0.0.0:35144], old=null CLOSED
  s0:  RUNNING CANDIDATE s0@group-808489D4E928:t38, leader=null, voted=s0, raftlog=s0@group-808489D4E928-SegmentedRaftLog:OPENED:c-1,f-1,i0, conf=-1: [s0:0.0.0.0:42957, s1:0.0.0.0:41030, s2:0.0.0.0:35144], old=null RUNNING
  s1:  RUNNING CANDIDATE s1@group-808489D4E928:t31, leader=null, voted=s1, raftlog=s1@group-808489D4E928-SegmentedRaftLog:OPENED:c0,f0,i0, conf=0: [s0:0.0.0.0:42957, s1:0.0.0.0:41030, s2:0.0.0.0:35144], old=null RUNNING
  s2:   CLOSED    LEADER s2@group-808489D4E928:t1, leader=s2, voted=s2, raftlog=s2@group-808489D4E928-SegmentedRaftLog:CLOSED:c0, conf=0: [s0:0.0.0.0:42957, s1:0.0.0.0:41030, s2:0.0.0.0:35144], old=null CLOSED, sleep 450ms and then retry.
java.lang.IllegalStateException: No leader yet : printing ALL groups
  s3:   CLOSED  FOLLOWER s3@group-808489D4E928:t0, leader=null, voted=null, raftlog=s3@group-808489D4E928-SegmentedRaftLog:CLOSED:c-1, conf=-1: [s0:0.0.0.0:42957, s1:0.0.0.0:41030, s2:0.0.0.0:35144], old=null CLOSED
  s0:  RUNNING CANDIDATE s0@group-808489D4E928:t38, leader=null, voted=s0, raftlog=s0@group-808489D4E928-SegmentedRaftLog:OPENED:c-1,f-1,i0, conf=-1: [s0:0.0.0.0:42957, s1:0.0.0.0:41030, s2:0.0.0.0:35144], old=null RUNNING
  s1:  RUNNING CANDIDATE s1@group-808489D4E928:t31, leader=null, voted=s1, raftlog=s1@group-808489D4E928-SegmentedRaftLog:OPENED:c0,f0,i0, conf=0: [s0:0.0.0.0:42957, s1:0.0.0.0:41030, s2:0.0.0.0:35144], old=null RUNNING
  s2:   CLOSED    LEADER s2@group-808489D4E928:t1, leader=s2, voted=s2, raftlog=s2@group-808489D4E928-SegmentedRaftLog:CLOSED:c0, conf=0: [s0:0.0.0.0:42957, s1:0.0.0.0:41030, s2:0.0.0.0:35144], old=null CLOSED
	at org.apache.ratis.MiniRaftCluster.newIllegalStateExceptionForNoLeaders(MiniRaftCluster.java:506)
	at org.apache.ratis.RaftTestUtil.lambda$waitForLeader$1(RaftTestUtil.java:90)
	at org.apache.ratis.MiniRaftCluster.getLeader(MiniRaftCluster.java:539)
	at org.apache.ratis.MiniRaftCluster.getLeader(MiniRaftCluster.java:532)
	at org.apache.ratis.RaftTestUtil.lambda$waitForLeader$3(RaftTestUtil.java:98)
	at org.apache.ratis.util.JavaUtils.attempt(JavaUtils.java:152)
	at org.apache.ratis.RaftTestUtil.waitForLeader(RaftTestUtil.java:97)
	at org.apache.ratis.RaftTestUtil.waitForLeader(RaftTestUtil.java:77)
	at org.apache.ratis.RaftTestUtil.waitForLeader(RaftTestUtil.java:72)
	at org.apache.ratis.server.impl.RaftReconfigurationBaseTest.runTestKillLeaderDuringReconf(RaftReconfigurationBaseTest.java:353)
	at org.apache.ratis.MiniRaftCluster$Factory$Get.runWithNewCluster(MiniRaftCluster.java:125)
	at org.apache.ratis.MiniRaftCluster$Factory$Get.runWithNewCluster(MiniRaftCluster.java:113)
	at org.apache.ratis.server.impl.RaftReconfigurationBaseTest.testKillLeaderDuringReconf(RaftReconfigurationBaseTest.java:304)
	at sun.reflect.NativeMethodAccessorImpl.invoke0(Native Method)
	at sun.reflect.NativeMethodAccessorImpl.invoke(NativeMethodAccessorImpl.java:62)
	at sun.reflect.DelegatingMethodAccessorImpl.invoke(DelegatingMethodAccessorImpl.java:43)
	at java.lang.reflect.Method.invoke(Method.java:498)
	at org.junit.runners.model.FrameworkMethod$1.runReflectiveCall(FrameworkMethod.java:50)
	at org.junit.internal.runners.model.ReflectiveCallable.run(ReflectiveCallable.java:12)
	at org.junit.runners.model.FrameworkMethod.invokeExplosively(FrameworkMethod.java:47)
	at org.junit.internal.runners.statements.InvokeMethod.evaluate(InvokeMethod.java:17)
	at org.junit.internal.runners.statements.RunAfters.evaluate(RunAfters.java:27)
	at org.junit.internal.runners.statements.FailOnTimeout$CallableStatement.call(FailOnTimeout.java:298)
	at org.junit.internal.runners.statements.FailOnTimeout$CallableStatement.call(FailOnTimeout.java:292)
	at java.util.concurrent.FutureTask.run(FutureTask.java:266)
	at java.lang.Thread.run(Thread.java:748)
2019-09-26 09:46:04,089 INFO  impl.LeaderElection (LeaderElection.java:logAndReturn(56)) - s0@group-808489D4E928-LeaderElection23: Election TIMEOUT; received 0 response(s) [] and 0 exception(s); s0@group-808489D4E928:t38, leader=null, voted=s0, raftlog=s0@group-808489D4E928-SegmentedRaftLog:OPENED:c-1,f-1,i0, conf=-1: [s0:0.0.0.0:42957, s1:0.0.0.0:41030, s2:0.0.0.0:35144], old=null
2019-09-26 09:46:04,102 INFO  impl.LeaderElection (LeaderElection.java:askForVotes(178)) - s0@group-808489D4E928-LeaderElection23: begin an election at term 39 for -1: [s0:0.0.0.0:42957, s1:0.0.0.0:41030, s2:0.0.0.0:35144], old=null
2019-09-26 09:46:04,132 INFO  impl.LeaderElection (LeaderElection.java:logAndReturn(56)) - s1@group-808489D4E928-LeaderElection25: Election TIMEOUT; received 0 response(s) [] and 1 exception(s); s1@group-808489D4E928:t31, leader=null, voted=s1, raftlog=s1@group-808489D4E928-SegmentedRaftLog:OPENED:c0,f0,i0, conf=0: [s0:0.0.0.0:42957, s1:0.0.0.0:41030, s2:0.0.0.0:35144], old=null
2019-09-26 09:46:04,133 INFO  impl.LeaderElection (LogUtils.java:infoOrTrace(149)) -   Exception 0: java.util.concurrent.ExecutionException: org.apache.ratis.thirdparty.io.netty.channel.AbstractChannel$AnnotatedConnectException: Connection refused: /0.0.0.0:35144
2019-09-26 09:46:04,146 INFO  impl.LeaderElection (LeaderElection.java:askForVotes(178)) - s1@group-808489D4E928-LeaderElection25: begin an election at term 32 for 0: [s0:0.0.0.0:42957, s1:0.0.0.0:41030, s2:0.0.0.0:35144], old=null
2019-09-26 09:46:04,148 INFO  impl.LeaderElection (LogUtils.java:infoOrTrace(149)) - s1@group-808489D4E928-LeaderElection25 got exception when requesting votes: java.util.concurrent.ExecutionException: org.apache.ratis.thirdparty.io.netty.channel.AbstractChannel$AnnotatedConnectException: Connection refused: /0.0.0.0:35144
2019-09-26 09:46:04,370 INFO  impl.LeaderElection (LeaderElection.java:logAndReturn(56)) - s1@group-808489D4E928-LeaderElection25: Election TIMEOUT; received 0 response(s) [] and 1 exception(s); s1@group-808489D4E928:t32, leader=null, voted=s1, raftlog=s1@group-808489D4E928-SegmentedRaftLog:OPENED:c0,f0,i0, conf=0: [s0:0.0.0.0:42957, s1:0.0.0.0:41030, s2:0.0.0.0:35144], old=null
2019-09-26 09:46:04,370 INFO  impl.LeaderElection (LogUtils.java:infoOrTrace(149)) -   Exception 0: java.util.concurrent.ExecutionException: org.apache.ratis.thirdparty.io.netty.channel.AbstractChannel$AnnotatedConnectException: Connection refused: /0.0.0.0:35144
2019-09-26 09:46:04,377 WARN  ratis.RaftTestUtil (JavaUtils.java:attempt(158)) - FAILED "waitForLeader-null-(expectLeader? true)", attempt #18/100: java.lang.IllegalStateException: No leader yet : printing ALL groups
  s3:   CLOSED  FOLLOWER s3@group-808489D4E928:t0, leader=null, voted=null, raftlog=s3@group-808489D4E928-SegmentedRaftLog:CLOSED:c-1, conf=-1: [s0:0.0.0.0:42957, s1:0.0.0.0:41030, s2:0.0.0.0:35144], old=null CLOSED
  s0:  RUNNING CANDIDATE s0@group-808489D4E928:t39, leader=null, voted=s0, raftlog=s0@group-808489D4E928-SegmentedRaftLog:OPENED:c-1,f-1,i0, conf=-1: [s0:0.0.0.0:42957, s1:0.0.0.0:41030, s2:0.0.0.0:35144], old=null RUNNING
  s1:  RUNNING CANDIDATE s1@group-808489D4E928:t33, leader=null, voted=s1, raftlog=s1@group-808489D4E928-SegmentedRaftLog:OPENED:c0,f0,i0, conf=0: [s0:0.0.0.0:42957, s1:0.0.0.0:41030, s2:0.0.0.0:35144], old=null RUNNING
  s2:   CLOSED    LEADER s2@group-808489D4E928:t1, leader=s2, voted=s2, raftlog=s2@group-808489D4E928-SegmentedRaftLog:CLOSED:c0, conf=0: [s0:0.0.0.0:42957, s1:0.0.0.0:41030, s2:0.0.0.0:35144], old=null CLOSED, sleep 450ms and then retry.
java.lang.IllegalStateException: No leader yet : printing ALL groups
  s3:   CLOSED  FOLLOWER s3@group-808489D4E928:t0, leader=null, voted=null, raftlog=s3@group-808489D4E928-SegmentedRaftLog:CLOSED:c-1, conf=-1: [s0:0.0.0.0:42957, s1:0.0.0.0:41030, s2:0.0.0.0:35144], old=null CLOSED
  s0:  RUNNING CANDIDATE s0@group-808489D4E928:t39, leader=null, voted=s0, raftlog=s0@group-808489D4E928-SegmentedRaftLog:OPENED:c-1,f-1,i0, conf=-1: [s0:0.0.0.0:42957, s1:0.0.0.0:41030, s2:0.0.0.0:35144], old=null RUNNING
  s1:  RUNNING CANDIDATE s1@group-808489D4E928:t33, leader=null, voted=s1, raftlog=s1@group-808489D4E928-SegmentedRaftLog:OPENED:c0,f0,i0, conf=0: [s0:0.0.0.0:42957, s1:0.0.0.0:41030, s2:0.0.0.0:35144], old=null RUNNING
  s2:   CLOSED    LEADER s2@group-808489D4E928:t1, leader=s2, voted=s2, raftlog=s2@group-808489D4E928-SegmentedRaftLog:CLOSED:c0, conf=0: [s0:0.0.0.0:42957, s1:0.0.0.0:41030, s2:0.0.0.0:35144], old=null CLOSED
	at org.apache.ratis.MiniRaftCluster.newIllegalStateExceptionForNoLeaders(MiniRaftCluster.java:506)
	at org.apache.ratis.RaftTestUtil.lambda$waitForLeader$1(RaftTestUtil.java:90)
	at org.apache.ratis.MiniRaftCluster.getLeader(MiniRaftCluster.java:539)
	at org.apache.ratis.MiniRaftCluster.getLeader(MiniRaftCluster.java:532)
	at org.apache.ratis.RaftTestUtil.lambda$waitForLeader$3(RaftTestUtil.java:98)
	at org.apache.ratis.util.JavaUtils.attempt(JavaUtils.java:152)
	at org.apache.ratis.RaftTestUtil.waitForLeader(RaftTestUtil.java:97)
	at org.apache.ratis.RaftTestUtil.waitForLeader(RaftTestUtil.java:77)
	at org.apache.ratis.RaftTestUtil.waitForLeader(RaftTestUtil.java:72)
	at org.apache.ratis.server.impl.RaftReconfigurationBaseTest.runTestKillLeaderDuringReconf(RaftReconfigurationBaseTest.java:353)
	at org.apache.ratis.MiniRaftCluster$Factory$Get.runWithNewCluster(MiniRaftCluster.java:125)
	at org.apache.ratis.MiniRaftCluster$Factory$Get.runWithNewCluster(MiniRaftCluster.java:113)
	at org.apache.ratis.server.impl.RaftReconfigurationBaseTest.testKillLeaderDuringReconf(RaftReconfigurationBaseTest.java:304)
	at sun.reflect.NativeMethodAccessorImpl.invoke0(Native Method)
	at sun.reflect.NativeMethodAccessorImpl.invoke(NativeMethodAccessorImpl.java:62)
	at sun.reflect.DelegatingMethodAccessorImpl.invoke(DelegatingMethodAccessorImpl.java:43)
	at java.lang.reflect.Method.invoke(Method.java:498)
	at org.junit.runners.model.FrameworkMethod$1.runReflectiveCall(FrameworkMethod.java:50)
	at org.junit.internal.runners.model.ReflectiveCallable.run(ReflectiveCallable.java:12)
	at org.junit.runners.model.FrameworkMethod.invokeExplosively(FrameworkMethod.java:47)
	at org.junit.internal.runners.statements.InvokeMethod.evaluate(InvokeMethod.java:17)
	at org.junit.internal.runners.statements.RunAfters.evaluate(RunAfters.java:27)
	at org.junit.internal.runners.statements.FailOnTimeout$CallableStatement.call(FailOnTimeout.java:298)
	at org.junit.internal.runners.statements.FailOnTimeout$CallableStatement.call(FailOnTimeout.java:292)
	at java.util.concurrent.FutureTask.run(FutureTask.java:266)
	at java.lang.Thread.run(Thread.java:748)
2019-09-26 09:46:04,382 INFO  impl.LeaderElection (LeaderElection.java:askForVotes(178)) - s1@group-808489D4E928-LeaderElection25: begin an election at term 33 for 0: [s0:0.0.0.0:42957, s1:0.0.0.0:41030, s2:0.0.0.0:35144], old=null
2019-09-26 09:46:04,385 INFO  impl.LeaderElection (LogUtils.java:infoOrTrace(149)) - s1@group-808489D4E928-LeaderElection25 got exception when requesting votes: java.util.concurrent.ExecutionException: org.apache.ratis.thirdparty.io.netty.channel.AbstractChannel$AnnotatedConnectException: Connection refused: /0.0.0.0:35144
2019-09-26 09:46:04,395 INFO  impl.LeaderElection (LeaderElection.java:logAndReturn(56)) - s0@group-808489D4E928-LeaderElection23: Election TIMEOUT; received 0 response(s) [] and 0 exception(s); s0@group-808489D4E928:t39, leader=null, voted=s0, raftlog=s0@group-808489D4E928-SegmentedRaftLog:OPENED:c-1,f-1,i0, conf=-1: [s0:0.0.0.0:42957, s1:0.0.0.0:41030, s2:0.0.0.0:35144], old=null
2019-09-26 09:46:04,415 INFO  impl.LeaderElection (LeaderElection.java:askForVotes(178)) - s0@group-808489D4E928-LeaderElection23: begin an election at term 40 for -1: [s0:0.0.0.0:42957, s1:0.0.0.0:41030, s2:0.0.0.0:35144], old=null
2019-09-26 09:46:04,572 INFO  impl.LeaderElection (LeaderElection.java:logAndReturn(56)) - s1@group-808489D4E928-LeaderElection25: Election TIMEOUT; received 0 response(s) [] and 1 exception(s); s1@group-808489D4E928:t33, leader=null, voted=s1, raftlog=s1@group-808489D4E928-SegmentedRaftLog:OPENED:c0,f0,i0, conf=0: [s0:0.0.0.0:42957, s1:0.0.0.0:41030, s2:0.0.0.0:35144], old=null
2019-09-26 09:46:04,572 INFO  impl.LeaderElection (LogUtils.java:infoOrTrace(149)) -   Exception 0: java.util.concurrent.ExecutionException: org.apache.ratis.thirdparty.io.netty.channel.AbstractChannel$AnnotatedConnectException: Connection refused: /0.0.0.0:35144
2019-09-26 09:46:04,586 INFO  impl.LeaderElection (LeaderElection.java:askForVotes(178)) - s1@group-808489D4E928-LeaderElection25: begin an election at term 34 for 0: [s0:0.0.0.0:42957, s1:0.0.0.0:41030, s2:0.0.0.0:35144], old=null
2019-09-26 09:46:04,588 INFO  impl.LeaderElection (LogUtils.java:infoOrTrace(149)) - s1@group-808489D4E928-LeaderElection25 got exception when requesting votes: java.util.concurrent.ExecutionException: org.apache.ratis.thirdparty.io.netty.channel.AbstractChannel$AnnotatedConnectException: Connection refused: /0.0.0.0:35144
2019-09-26 09:46:04,614 INFO  impl.LeaderElection (LeaderElection.java:logAndReturn(56)) - s0@group-808489D4E928-LeaderElection23: Election TIMEOUT; received 0 response(s) [] and 0 exception(s); s0@group-808489D4E928:t40, leader=null, voted=s0, raftlog=s0@group-808489D4E928-SegmentedRaftLog:OPENED:c-1,f-1,i0, conf=-1: [s0:0.0.0.0:42957, s1:0.0.0.0:41030, s2:0.0.0.0:35144], old=null
2019-09-26 09:46:04,628 INFO  impl.LeaderElection (LeaderElection.java:askForVotes(178)) - s0@group-808489D4E928-LeaderElection23: begin an election at term 41 for -1: [s0:0.0.0.0:42957, s1:0.0.0.0:41030, s2:0.0.0.0:35144], old=null
2019-09-26 09:46:04,777 INFO  impl.LeaderElection (LeaderElection.java:logAndReturn(56)) - s1@group-808489D4E928-LeaderElection25: Election TIMEOUT; received 0 response(s) [] and 1 exception(s); s1@group-808489D4E928:t34, leader=null, voted=s1, raftlog=s1@group-808489D4E928-SegmentedRaftLog:OPENED:c0,f0,i0, conf=0: [s0:0.0.0.0:42957, s1:0.0.0.0:41030, s2:0.0.0.0:35144], old=null
2019-09-26 09:46:04,777 INFO  impl.LeaderElection (LogUtils.java:infoOrTrace(149)) -   Exception 0: java.util.concurrent.ExecutionException: org.apache.ratis.thirdparty.io.netty.channel.AbstractChannel$AnnotatedConnectException: Connection refused: /0.0.0.0:35144
2019-09-26 09:46:04,787 INFO  impl.LeaderElection (LeaderElection.java:askForVotes(178)) - s1@group-808489D4E928-LeaderElection25: begin an election at term 35 for 0: [s0:0.0.0.0:42957, s1:0.0.0.0:41030, s2:0.0.0.0:35144], old=null
2019-09-26 09:46:04,789 INFO  impl.LeaderElection (LogUtils.java:infoOrTrace(149)) - s1@group-808489D4E928-LeaderElection25 got exception when requesting votes: java.util.concurrent.ExecutionException: org.apache.ratis.thirdparty.io.netty.channel.AbstractChannel$AnnotatedConnectException: Connection refused: /0.0.0.0:35144
2019-09-26 09:46:04,816 INFO  impl.LeaderElection (LeaderElection.java:logAndReturn(56)) - s0@group-808489D4E928-LeaderElection23: Election TIMEOUT; received 0 response(s) [] and 0 exception(s); s0@group-808489D4E928:t41, leader=null, voted=s0, raftlog=s0@group-808489D4E928-SegmentedRaftLog:OPENED:c-1,f-1,i0, conf=-1: [s0:0.0.0.0:42957, s1:0.0.0.0:41030, s2:0.0.0.0:35144], old=null
2019-09-26 09:46:04,829 WARN  ratis.RaftTestUtil (JavaUtils.java:attempt(158)) - FAILED "waitForLeader-null-(expectLeader? true)", attempt #19/100: java.lang.IllegalStateException: No leader yet : printing ALL groups
  s3:   CLOSED  FOLLOWER s3@group-808489D4E928:t0, leader=null, voted=null, raftlog=s3@group-808489D4E928-SegmentedRaftLog:CLOSED:c-1, conf=-1: [s0:0.0.0.0:42957, s1:0.0.0.0:41030, s2:0.0.0.0:35144], old=null CLOSED
  s0:  RUNNING CANDIDATE s0@group-808489D4E928:t42, leader=null, voted=s0, raftlog=s0@group-808489D4E928-SegmentedRaftLog:OPENED:c-1,f-1,i0, conf=-1: [s0:0.0.0.0:42957, s1:0.0.0.0:41030, s2:0.0.0.0:35144], old=null RUNNING
  s1:  RUNNING CANDIDATE s1@group-808489D4E928:t35, leader=null, voted=s1, raftlog=s1@group-808489D4E928-SegmentedRaftLog:OPENED:c0,f0,i0, conf=0: [s0:0.0.0.0:42957, s1:0.0.0.0:41030, s2:0.0.0.0:35144], old=null RUNNING
  s2:   CLOSED    LEADER s2@group-808489D4E928:t1, leader=s2, voted=s2, raftlog=s2@group-808489D4E928-SegmentedRaftLog:CLOSED:c0, conf=0: [s0:0.0.0.0:42957, s1:0.0.0.0:41030, s2:0.0.0.0:35144], old=null CLOSED, sleep 450ms and then retry.
java.lang.IllegalStateException: No leader yet : printing ALL groups
  s3:   CLOSED  FOLLOWER s3@group-808489D4E928:t0, leader=null, voted=null, raftlog=s3@group-808489D4E928-SegmentedRaftLog:CLOSED:c-1, conf=-1: [s0:0.0.0.0:42957, s1:0.0.0.0:41030, s2:0.0.0.0:35144], old=null CLOSED
  s0:  RUNNING CANDIDATE s0@group-808489D4E928:t42, leader=null, voted=s0, raftlog=s0@group-808489D4E928-SegmentedRaftLog:OPENED:c-1,f-1,i0, conf=-1: [s0:0.0.0.0:42957, s1:0.0.0.0:41030, s2:0.0.0.0:35144], old=null RUNNING
  s1:  RUNNING CANDIDATE s1@group-808489D4E928:t35, leader=null, voted=s1, raftlog=s1@group-808489D4E928-SegmentedRaftLog:OPENED:c0,f0,i0, conf=0: [s0:0.0.0.0:42957, s1:0.0.0.0:41030, s2:0.0.0.0:35144], old=null RUNNING
  s2:   CLOSED    LEADER s2@group-808489D4E928:t1, leader=s2, voted=s2, raftlog=s2@group-808489D4E928-SegmentedRaftLog:CLOSED:c0, conf=0: [s0:0.0.0.0:42957, s1:0.0.0.0:41030, s2:0.0.0.0:35144], old=null CLOSED
	at org.apache.ratis.MiniRaftCluster.newIllegalStateExceptionForNoLeaders(MiniRaftCluster.java:506)
	at org.apache.ratis.RaftTestUtil.lambda$waitForLeader$1(RaftTestUtil.java:90)
	at org.apache.ratis.MiniRaftCluster.getLeader(MiniRaftCluster.java:539)
	at org.apache.ratis.MiniRaftCluster.getLeader(MiniRaftCluster.java:532)
	at org.apache.ratis.RaftTestUtil.lambda$waitForLeader$3(RaftTestUtil.java:98)
	at org.apache.ratis.util.JavaUtils.attempt(JavaUtils.java:152)
	at org.apache.ratis.RaftTestUtil.waitForLeader(RaftTestUtil.java:97)
	at org.apache.ratis.RaftTestUtil.waitForLeader(RaftTestUtil.java:77)
	at org.apache.ratis.RaftTestUtil.waitForLeader(RaftTestUtil.java:72)
	at org.apache.ratis.server.impl.RaftReconfigurationBaseTest.runTestKillLeaderDuringReconf(RaftReconfigurationBaseTest.java:353)
	at org.apache.ratis.MiniRaftCluster$Factory$Get.runWithNewCluster(MiniRaftCluster.java:125)
	at org.apache.ratis.MiniRaftCluster$Factory$Get.runWithNewCluster(MiniRaftCluster.java:113)
	at org.apache.ratis.server.impl.RaftReconfigurationBaseTest.testKillLeaderDuringReconf(RaftReconfigurationBaseTest.java:304)
	at sun.reflect.NativeMethodAccessorImpl.invoke0(Native Method)
	at sun.reflect.NativeMethodAccessorImpl.invoke(NativeMethodAccessorImpl.java:62)
	at sun.reflect.DelegatingMethodAccessorImpl.invoke(DelegatingMethodAccessorImpl.java:43)
	at java.lang.reflect.Method.invoke(Method.java:498)
	at org.junit.runners.model.FrameworkMethod$1.runReflectiveCall(FrameworkMethod.java:50)
	at org.junit.internal.runners.model.ReflectiveCallable.run(ReflectiveCallable.java:12)
	at org.junit.runners.model.FrameworkMethod.invokeExplosively(FrameworkMethod.java:47)
	at org.junit.internal.runners.statements.InvokeMethod.evaluate(InvokeMethod.java:17)
	at org.junit.internal.runners.statements.RunAfters.evaluate(RunAfters.java:27)
	at org.junit.internal.runners.statements.FailOnTimeout$CallableStatement.call(FailOnTimeout.java:298)
	at org.junit.internal.runners.statements.FailOnTimeout$CallableStatement.call(FailOnTimeout.java:292)
	at java.util.concurrent.FutureTask.run(FutureTask.java:266)
	at java.lang.Thread.run(Thread.java:748)
2019-09-26 09:46:04,830 INFO  impl.LeaderElection (LeaderElection.java:askForVotes(178)) - s0@group-808489D4E928-LeaderElection23: begin an election at term 42 for -1: [s0:0.0.0.0:42957, s1:0.0.0.0:41030, s2:0.0.0.0:35144], old=null
2019-09-26 09:46:05,010 INFO  impl.LeaderElection (LeaderElection.java:logAndReturn(56)) - s1@group-808489D4E928-LeaderElection25: Election TIMEOUT; received 0 response(s) [] and 1 exception(s); s1@group-808489D4E928:t35, leader=null, voted=s1, raftlog=s1@group-808489D4E928-SegmentedRaftLog:OPENED:c0,f0,i0, conf=0: [s0:0.0.0.0:42957, s1:0.0.0.0:41030, s2:0.0.0.0:35144], old=null
2019-09-26 09:46:05,010 INFO  impl.LeaderElection (LogUtils.java:infoOrTrace(149)) -   Exception 0: java.util.concurrent.ExecutionException: org.apache.ratis.thirdparty.io.netty.channel.AbstractChannel$AnnotatedConnectException: Connection refused: /0.0.0.0:35144
2019-09-26 09:46:05,024 INFO  impl.LeaderElection (LeaderElection.java:askForVotes(178)) - s1@group-808489D4E928-LeaderElection25: begin an election at term 36 for 0: [s0:0.0.0.0:42957, s1:0.0.0.0:41030, s2:0.0.0.0:35144], old=null
2019-09-26 09:46:05,026 INFO  impl.LeaderElection (LogUtils.java:infoOrTrace(149)) - s1@group-808489D4E928-LeaderElection25 got exception when requesting votes: java.util.concurrent.ExecutionException: org.apache.ratis.thirdparty.io.netty.channel.AbstractChannel$AnnotatedConnectException: Connection refused: /0.0.0.0:35144
2019-09-26 09:46:05,062 INFO  impl.LeaderElection (LeaderElection.java:logAndReturn(56)) - s0@group-808489D4E928-LeaderElection23: Election TIMEOUT; received 0 response(s) [] and 0 exception(s); s0@group-808489D4E928:t42, leader=null, voted=s0, raftlog=s0@group-808489D4E928-SegmentedRaftLog:OPENED:c-1,f-1,i0, conf=-1: [s0:0.0.0.0:42957, s1:0.0.0.0:41030, s2:0.0.0.0:35144], old=null
2019-09-26 09:46:05,076 INFO  impl.LeaderElection (LeaderElection.java:askForVotes(178)) - s0@group-808489D4E928-LeaderElection23: begin an election at term 43 for -1: [s0:0.0.0.0:42957, s1:0.0.0.0:41030, s2:0.0.0.0:35144], old=null
2019-09-26 09:46:05,083 INFO  ratis.MiniRaftCluster (MiniRaftCluster.java:lambda$null$5(297)) - TIMED-PRINT: printing ALL groups
  s3:   CLOSED  FOLLOWER s3@group-808489D4E928:t0, leader=null, voted=null, raftlog=s3@group-808489D4E928-SegmentedRaftLog:CLOSED:c-1, conf=-1: [s0:0.0.0.0:42957, s1:0.0.0.0:41030, s2:0.0.0.0:35144], old=null CLOSED
  s0:  RUNNING CANDIDATE s0@group-808489D4E928:t43, leader=null, voted=s0, raftlog=s0@group-808489D4E928-SegmentedRaftLog:OPENED:c-1,f-1,i0, conf=-1: [s0:0.0.0.0:42957, s1:0.0.0.0:41030, s2:0.0.0.0:35144], old=null RUNNING
  s1:  RUNNING CANDIDATE s1@group-808489D4E928:t36, leader=null, voted=s1, raftlog=s1@group-808489D4E928-SegmentedRaftLog:OPENED:c0,f0,i0, conf=0: [s0:0.0.0.0:42957, s1:0.0.0.0:41030, s2:0.0.0.0:35144], old=null RUNNING
  s2:   CLOSED    LEADER s2@group-808489D4E928:t1, leader=s2, voted=s2, raftlog=s2@group-808489D4E928-SegmentedRaftLog:CLOSED:c0, conf=0: [s0:0.0.0.0:42957, s1:0.0.0.0:41030, s2:0.0.0.0:35144], old=null CLOSED
2019-09-26 09:46:05,232 INFO  impl.LeaderElection (LeaderElection.java:logAndReturn(56)) - s1@group-808489D4E928-LeaderElection25: Election TIMEOUT; received 0 response(s) [] and 1 exception(s); s1@group-808489D4E928:t36, leader=null, voted=s1, raftlog=s1@group-808489D4E928-SegmentedRaftLog:OPENED:c0,f0,i0, conf=0: [s0:0.0.0.0:42957, s1:0.0.0.0:41030, s2:0.0.0.0:35144], old=null
2019-09-26 09:46:05,232 INFO  impl.LeaderElection (LogUtils.java:infoOrTrace(149)) -   Exception 0: java.util.concurrent.ExecutionException: org.apache.ratis.thirdparty.io.netty.channel.AbstractChannel$AnnotatedConnectException: Connection refused: /0.0.0.0:35144
2019-09-26 09:46:05,239 INFO  impl.LeaderElection (LeaderElection.java:askForVotes(178)) - s1@group-808489D4E928-LeaderElection25: begin an election at term 37 for 0: [s0:0.0.0.0:42957, s1:0.0.0.0:41030, s2:0.0.0.0:35144], old=null
2019-09-26 09:46:05,242 INFO  impl.LeaderElection (LogUtils.java:infoOrTrace(149)) - s1@group-808489D4E928-LeaderElection25 got exception when requesting votes: java.util.concurrent.ExecutionException: org.apache.ratis.thirdparty.io.netty.channel.AbstractChannel$AnnotatedConnectException: Connection refused: /0.0.0.0:35144
2019-09-26 09:46:05,280 WARN  ratis.RaftTestUtil (JavaUtils.java:attempt(158)) - FAILED "waitForLeader-null-(expectLeader? true)", attempt #20/100: java.lang.IllegalStateException: No leader yet : printing ALL groups
  s3:   CLOSED  FOLLOWER s3@group-808489D4E928:t0, leader=null, voted=null, raftlog=s3@group-808489D4E928-SegmentedRaftLog:CLOSED:c-1, conf=-1: [s0:0.0.0.0:42957, s1:0.0.0.0:41030, s2:0.0.0.0:35144], old=null CLOSED
  s0:  RUNNING CANDIDATE s0@group-808489D4E928:t43, leader=null, voted=s0, raftlog=s0@group-808489D4E928-SegmentedRaftLog:OPENED:c-1,f-1,i0, conf=-1: [s0:0.0.0.0:42957, s1:0.0.0.0:41030, s2:0.0.0.0:35144], old=null RUNNING
  s1:  RUNNING CANDIDATE s1@group-808489D4E928:t37, leader=null, voted=s1, raftlog=s1@group-808489D4E928-SegmentedRaftLog:OPENED:c0,f0,i0, conf=0: [s0:0.0.0.0:42957, s1:0.0.0.0:41030, s2:0.0.0.0:35144], old=null RUNNING
  s2:   CLOSED    LEADER s2@group-808489D4E928:t1, leader=s2, voted=s2, raftlog=s2@group-808489D4E928-SegmentedRaftLog:CLOSED:c0, conf=0: [s0:0.0.0.0:42957, s1:0.0.0.0:41030, s2:0.0.0.0:35144], old=null CLOSED, sleep 450ms and then retry.
java.lang.IllegalStateException: No leader yet : printing ALL groups
  s3:   CLOSED  FOLLOWER s3@group-808489D4E928:t0, leader=null, voted=null, raftlog=s3@group-808489D4E928-SegmentedRaftLog:CLOSED:c-1, conf=-1: [s0:0.0.0.0:42957, s1:0.0.0.0:41030, s2:0.0.0.0:35144], old=null CLOSED
  s0:  RUNNING CANDIDATE s0@group-808489D4E928:t43, leader=null, voted=s0, raftlog=s0@group-808489D4E928-SegmentedRaftLog:OPENED:c-1,f-1,i0, conf=-1: [s0:0.0.0.0:42957, s1:0.0.0.0:41030, s2:0.0.0.0:35144], old=null RUNNING
  s1:  RUNNING CANDIDATE s1@group-808489D4E928:t37, leader=null, voted=s1, raftlog=s1@group-808489D4E928-SegmentedRaftLog:OPENED:c0,f0,i0, conf=0: [s0:0.0.0.0:42957, s1:0.0.0.0:41030, s2:0.0.0.0:35144], old=null RUNNING
  s2:   CLOSED    LEADER s2@group-808489D4E928:t1, leader=s2, voted=s2, raftlog=s2@group-808489D4E928-SegmentedRaftLog:CLOSED:c0, conf=0: [s0:0.0.0.0:42957, s1:0.0.0.0:41030, s2:0.0.0.0:35144], old=null CLOSED
	at org.apache.ratis.MiniRaftCluster.newIllegalStateExceptionForNoLeaders(MiniRaftCluster.java:506)
	at org.apache.ratis.RaftTestUtil.lambda$waitForLeader$1(RaftTestUtil.java:90)
	at org.apache.ratis.MiniRaftCluster.getLeader(MiniRaftCluster.java:539)
	at org.apache.ratis.MiniRaftCluster.getLeader(MiniRaftCluster.java:532)
	at org.apache.ratis.RaftTestUtil.lambda$waitForLeader$3(RaftTestUtil.java:98)
	at org.apache.ratis.util.JavaUtils.attempt(JavaUtils.java:152)
	at org.apache.ratis.RaftTestUtil.waitForLeader(RaftTestUtil.java:97)
	at org.apache.ratis.RaftTestUtil.waitForLeader(RaftTestUtil.java:77)
	at org.apache.ratis.RaftTestUtil.waitForLeader(RaftTestUtil.java:72)
	at org.apache.ratis.server.impl.RaftReconfigurationBaseTest.runTestKillLeaderDuringReconf(RaftReconfigurationBaseTest.java:353)
	at org.apache.ratis.MiniRaftCluster$Factory$Get.runWithNewCluster(MiniRaftCluster.java:125)
	at org.apache.ratis.MiniRaftCluster$Factory$Get.runWithNewCluster(MiniRaftCluster.java:113)
	at org.apache.ratis.server.impl.RaftReconfigurationBaseTest.testKillLeaderDuringReconf(RaftReconfigurationBaseTest.java:304)
	at sun.reflect.NativeMethodAccessorImpl.invoke0(Native Method)
	at sun.reflect.NativeMethodAccessorImpl.invoke(NativeMethodAccessorImpl.java:62)
	at sun.reflect.DelegatingMethodAccessorImpl.invoke(DelegatingMethodAccessorImpl.java:43)
	at java.lang.reflect.Method.invoke(Method.java:498)
	at org.junit.runners.model.FrameworkMethod$1.runReflectiveCall(FrameworkMethod.java:50)
	at org.junit.internal.runners.model.ReflectiveCallable.run(ReflectiveCallable.java:12)
	at org.junit.runners.model.FrameworkMethod.invokeExplosively(FrameworkMethod.java:47)
	at org.junit.internal.runners.statements.InvokeMethod.evaluate(InvokeMethod.java:17)
	at org.junit.internal.runners.statements.RunAfters.evaluate(RunAfters.java:27)
	at org.junit.internal.runners.statements.FailOnTimeout$CallableStatement.call(FailOnTimeout.java:298)
	at org.junit.internal.runners.statements.FailOnTimeout$CallableStatement.call(FailOnTimeout.java:292)
	at java.util.concurrent.FutureTask.run(FutureTask.java:266)
	at java.lang.Thread.run(Thread.java:748)
2019-09-26 09:46:05,306 INFO  impl.LeaderElection (LeaderElection.java:logAndReturn(56)) - s0@group-808489D4E928-LeaderElection23: Election TIMEOUT; received 0 response(s) [] and 0 exception(s); s0@group-808489D4E928:t43, leader=null, voted=s0, raftlog=s0@group-808489D4E928-SegmentedRaftLog:OPENED:c-1,f-1,i0, conf=-1: [s0:0.0.0.0:42957, s1:0.0.0.0:41030, s2:0.0.0.0:35144], old=null
2019-09-26 09:46:05,310 INFO  impl.LeaderElection (LeaderElection.java:askForVotes(178)) - s0@group-808489D4E928-LeaderElection23: begin an election at term 44 for -1: [s0:0.0.0.0:42957, s1:0.0.0.0:41030, s2:0.0.0.0:35144], old=null
2019-09-26 09:46:05,409 INFO  impl.LeaderElection (LeaderElection.java:logAndReturn(56)) - s1@group-808489D4E928-LeaderElection25: Election TIMEOUT; received 0 response(s) [] and 1 exception(s); s1@group-808489D4E928:t37, leader=null, voted=s1, raftlog=s1@group-808489D4E928-SegmentedRaftLog:OPENED:c0,f0,i0, conf=0: [s0:0.0.0.0:42957, s1:0.0.0.0:41030, s2:0.0.0.0:35144], old=null
2019-09-26 09:46:05,409 INFO  impl.LeaderElection (LogUtils.java:infoOrTrace(149)) -   Exception 0: java.util.concurrent.ExecutionException: org.apache.ratis.thirdparty.io.netty.channel.AbstractChannel$AnnotatedConnectException: Connection refused: /0.0.0.0:35144
2019-09-26 09:46:05,416 INFO  impl.LeaderElection (LeaderElection.java:askForVotes(178)) - s1@group-808489D4E928-LeaderElection25: begin an election at term 38 for 0: [s0:0.0.0.0:42957, s1:0.0.0.0:41030, s2:0.0.0.0:35144], old=null
2019-09-26 09:46:05,418 INFO  impl.LeaderElection (LogUtils.java:infoOrTrace(149)) - s1@group-808489D4E928-LeaderElection25 got exception when requesting votes: java.util.concurrent.ExecutionException: org.apache.ratis.thirdparty.io.netty.channel.AbstractChannel$AnnotatedConnectException: Connection refused: /0.0.0.0:35144
2019-09-26 09:46:05,546 INFO  impl.LeaderElection (LeaderElection.java:logAndReturn(56)) - s0@group-808489D4E928-LeaderElection23: Election TIMEOUT; received 0 response(s) [] and 0 exception(s); s0@group-808489D4E928:t44, leader=null, voted=s0, raftlog=s0@group-808489D4E928-SegmentedRaftLog:OPENED:c-1,f-1,i0, conf=-1: [s0:0.0.0.0:42957, s1:0.0.0.0:41030, s2:0.0.0.0:35144], old=null
2019-09-26 09:46:05,555 INFO  impl.LeaderElection (LeaderElection.java:askForVotes(178)) - s0@group-808489D4E928-LeaderElection23: begin an election at term 45 for -1: [s0:0.0.0.0:42957, s1:0.0.0.0:41030, s2:0.0.0.0:35144], old=null
2019-09-26 09:46:05,627 INFO  impl.LeaderElection (LeaderElection.java:logAndReturn(56)) - s1@group-808489D4E928-LeaderElection25: Election TIMEOUT; received 0 response(s) [] and 1 exception(s); s1@group-808489D4E928:t38, leader=null, voted=s1, raftlog=s1@group-808489D4E928-SegmentedRaftLog:OPENED:c0,f0,i0, conf=0: [s0:0.0.0.0:42957, s1:0.0.0.0:41030, s2:0.0.0.0:35144], old=null
2019-09-26 09:46:05,627 INFO  impl.LeaderElection (LogUtils.java:infoOrTrace(149)) -   Exception 0: java.util.concurrent.ExecutionException: org.apache.ratis.thirdparty.io.netty.channel.AbstractChannel$AnnotatedConnectException: Connection refused: /0.0.0.0:35144
2019-09-26 09:46:05,640 INFO  impl.LeaderElection (LeaderElection.java:askForVotes(178)) - s1@group-808489D4E928-LeaderElection25: begin an election at term 39 for 0: [s0:0.0.0.0:42957, s1:0.0.0.0:41030, s2:0.0.0.0:35144], old=null
2019-09-26 09:46:05,642 INFO  impl.LeaderElection (LogUtils.java:infoOrTrace(149)) - s1@group-808489D4E928-LeaderElection25 got exception when requesting votes: java.util.concurrent.ExecutionException: org.apache.ratis.thirdparty.io.netty.channel.AbstractChannel$AnnotatedConnectException: Connection refused: /0.0.0.0:35144
2019-09-26 09:46:05,723 INFO  impl.LeaderElection (LeaderElection.java:logAndReturn(56)) - s0@group-808489D4E928-LeaderElection23: Election TIMEOUT; received 0 response(s) [] and 0 exception(s); s0@group-808489D4E928:t45, leader=null, voted=s0, raftlog=s0@group-808489D4E928-SegmentedRaftLog:OPENED:c-1,f-1,i0, conf=-1: [s0:0.0.0.0:42957, s1:0.0.0.0:41030, s2:0.0.0.0:35144], old=null
2019-09-26 09:46:05,731 WARN  ratis.RaftTestUtil (JavaUtils.java:attempt(158)) - FAILED "waitForLeader-null-(expectLeader? true)", attempt #21/100: java.lang.IllegalStateException: No leader yet : printing ALL groups
  s3:   CLOSED  FOLLOWER s3@group-808489D4E928:t0, leader=null, voted=null, raftlog=s3@group-808489D4E928-SegmentedRaftLog:CLOSED:c-1, conf=-1: [s0:0.0.0.0:42957, s1:0.0.0.0:41030, s2:0.0.0.0:35144], old=null CLOSED
  s0:  RUNNING CANDIDATE s0@group-808489D4E928:t46, leader=null, voted=s0, raftlog=s0@group-808489D4E928-SegmentedRaftLog:OPENED:c-1,f-1,i0, conf=-1: [s0:0.0.0.0:42957, s1:0.0.0.0:41030, s2:0.0.0.0:35144], old=null RUNNING
  s1:  RUNNING CANDIDATE s1@group-808489D4E928:t39, leader=null, voted=s1, raftlog=s1@group-808489D4E928-SegmentedRaftLog:OPENED:c0,f0,i0, conf=0: [s0:0.0.0.0:42957, s1:0.0.0.0:41030, s2:0.0.0.0:35144], old=null RUNNING
  s2:   CLOSED    LEADER s2@group-808489D4E928:t1, leader=s2, voted=s2, raftlog=s2@group-808489D4E928-SegmentedRaftLog:CLOSED:c0, conf=0: [s0:0.0.0.0:42957, s1:0.0.0.0:41030, s2:0.0.0.0:35144], old=null CLOSED, sleep 450ms and then retry.
java.lang.IllegalStateException: No leader yet : printing ALL groups
  s3:   CLOSED  FOLLOWER s3@group-808489D4E928:t0, leader=null, voted=null, raftlog=s3@group-808489D4E928-SegmentedRaftLog:CLOSED:c-1, conf=-1: [s0:0.0.0.0:42957, s1:0.0.0.0:41030, s2:0.0.0.0:35144], old=null CLOSED
  s0:  RUNNING CANDIDATE s0@group-808489D4E928:t46, leader=null, voted=s0, raftlog=s0@group-808489D4E928-SegmentedRaftLog:OPENED:c-1,f-1,i0, conf=-1: [s0:0.0.0.0:42957, s1:0.0.0.0:41030, s2:0.0.0.0:35144], old=null RUNNING
  s1:  RUNNING CANDIDATE s1@group-808489D4E928:t39, leader=null, voted=s1, raftlog=s1@group-808489D4E928-SegmentedRaftLog:OPENED:c0,f0,i0, conf=0: [s0:0.0.0.0:42957, s1:0.0.0.0:41030, s2:0.0.0.0:35144], old=null RUNNING
  s2:   CLOSED    LEADER s2@group-808489D4E928:t1, leader=s2, voted=s2, raftlog=s2@group-808489D4E928-SegmentedRaftLog:CLOSED:c0, conf=0: [s0:0.0.0.0:42957, s1:0.0.0.0:41030, s2:0.0.0.0:35144], old=null CLOSED
	at org.apache.ratis.MiniRaftCluster.newIllegalStateExceptionForNoLeaders(MiniRaftCluster.java:506)
	at org.apache.ratis.RaftTestUtil.lambda$waitForLeader$1(RaftTestUtil.java:90)
	at org.apache.ratis.MiniRaftCluster.getLeader(MiniRaftCluster.java:539)
	at org.apache.ratis.MiniRaftCluster.getLeader(MiniRaftCluster.java:532)
	at org.apache.ratis.RaftTestUtil.lambda$waitForLeader$3(RaftTestUtil.java:98)
	at org.apache.ratis.util.JavaUtils.attempt(JavaUtils.java:152)
	at org.apache.ratis.RaftTestUtil.waitForLeader(RaftTestUtil.java:97)
	at org.apache.ratis.RaftTestUtil.waitForLeader(RaftTestUtil.java:77)
	at org.apache.ratis.RaftTestUtil.waitForLeader(RaftTestUtil.java:72)
	at org.apache.ratis.server.impl.RaftReconfigurationBaseTest.runTestKillLeaderDuringReconf(RaftReconfigurationBaseTest.java:353)
	at org.apache.ratis.MiniRaftCluster$Factory$Get.runWithNewCluster(MiniRaftCluster.java:125)
	at org.apache.ratis.MiniRaftCluster$Factory$Get.runWithNewCluster(MiniRaftCluster.java:113)
	at org.apache.ratis.server.impl.RaftReconfigurationBaseTest.testKillLeaderDuringReconf(RaftReconfigurationBaseTest.java:304)
	at sun.reflect.NativeMethodAccessorImpl.invoke0(Native Method)
	at sun.reflect.NativeMethodAccessorImpl.invoke(NativeMethodAccessorImpl.java:62)
	at sun.reflect.DelegatingMethodAccessorImpl.invoke(DelegatingMethodAccessorImpl.java:43)
	at java.lang.reflect.Method.invoke(Method.java:498)
	at org.junit.runners.model.FrameworkMethod$1.runReflectiveCall(FrameworkMethod.java:50)
	at org.junit.internal.runners.model.ReflectiveCallable.run(ReflectiveCallable.java:12)
	at org.junit.runners.model.FrameworkMethod.invokeExplosively(FrameworkMethod.java:47)
	at org.junit.internal.runners.statements.InvokeMethod.evaluate(InvokeMethod.java:17)
	at org.junit.internal.runners.statements.RunAfters.evaluate(RunAfters.java:27)
	at org.junit.internal.runners.statements.FailOnTimeout$CallableStatement.call(FailOnTimeout.java:298)
	at org.junit.internal.runners.statements.FailOnTimeout$CallableStatement.call(FailOnTimeout.java:292)
	at java.util.concurrent.FutureTask.run(FutureTask.java:266)
	at java.lang.Thread.run(Thread.java:748)
2019-09-26 09:46:05,737 INFO  impl.LeaderElection (LeaderElection.java:askForVotes(178)) - s0@group-808489D4E928-LeaderElection23: begin an election at term 46 for -1: [s0:0.0.0.0:42957, s1:0.0.0.0:41030, s2:0.0.0.0:35144], old=null
2019-09-26 09:46:05,832 INFO  impl.LeaderElection (LeaderElection.java:logAndReturn(56)) - s1@group-808489D4E928-LeaderElection25: Election TIMEOUT; received 0 response(s) [] and 1 exception(s); s1@group-808489D4E928:t39, leader=null, voted=s1, raftlog=s1@group-808489D4E928-SegmentedRaftLog:OPENED:c0,f0,i0, conf=0: [s0:0.0.0.0:42957, s1:0.0.0.0:41030, s2:0.0.0.0:35144], old=null
2019-09-26 09:46:05,832 INFO  impl.LeaderElection (LogUtils.java:infoOrTrace(149)) -   Exception 0: java.util.concurrent.ExecutionException: org.apache.ratis.thirdparty.io.netty.channel.AbstractChannel$AnnotatedConnectException: Connection refused: /0.0.0.0:35144
2019-09-26 09:46:05,846 INFO  impl.LeaderElection (LeaderElection.java:askForVotes(178)) - s1@group-808489D4E928-LeaderElection25: begin an election at term 40 for 0: [s0:0.0.0.0:42957, s1:0.0.0.0:41030, s2:0.0.0.0:35144], old=null
2019-09-26 09:46:05,848 INFO  impl.LeaderElection (LogUtils.java:infoOrTrace(149)) - s1@group-808489D4E928-LeaderElection25 got exception when requesting votes: java.util.concurrent.ExecutionException: org.apache.ratis.thirdparty.io.netty.channel.AbstractChannel$AnnotatedConnectException: Connection refused: /0.0.0.0:35144
2019-09-26 09:46:05,917 INFO  impl.LeaderElection (LeaderElection.java:logAndReturn(56)) - s0@group-808489D4E928-LeaderElection23: Election TIMEOUT; received 0 response(s) [] and 0 exception(s); s0@group-808489D4E928:t46, leader=null, voted=s0, raftlog=s0@group-808489D4E928-SegmentedRaftLog:OPENED:c-1,f-1,i0, conf=-1: [s0:0.0.0.0:42957, s1:0.0.0.0:41030, s2:0.0.0.0:35144], old=null
2019-09-26 09:46:05,933 INFO  impl.LeaderElection (LeaderElection.java:askForVotes(178)) - s0@group-808489D4E928-LeaderElection23: begin an election at term 47 for -1: [s0:0.0.0.0:42957, s1:0.0.0.0:41030, s2:0.0.0.0:35144], old=null
2019-09-26 09:46:06,076 INFO  impl.LeaderElection (LeaderElection.java:logAndReturn(56)) - s1@group-808489D4E928-LeaderElection25: Election TIMEOUT; received 0 response(s) [] and 1 exception(s); s1@group-808489D4E928:t40, leader=null, voted=s1, raftlog=s1@group-808489D4E928-SegmentedRaftLog:OPENED:c0,f0,i0, conf=0: [s0:0.0.0.0:42957, s1:0.0.0.0:41030, s2:0.0.0.0:35144], old=null
2019-09-26 09:46:06,076 INFO  impl.LeaderElection (LogUtils.java:infoOrTrace(149)) -   Exception 0: java.util.concurrent.ExecutionException: org.apache.ratis.thirdparty.io.netty.channel.AbstractChannel$AnnotatedConnectException: Connection refused: /0.0.0.0:35144
2019-09-26 09:46:06,089 INFO  impl.LeaderElection (LeaderElection.java:askForVotes(178)) - s1@group-808489D4E928-LeaderElection25: begin an election at term 41 for 0: [s0:0.0.0.0:42957, s1:0.0.0.0:41030, s2:0.0.0.0:35144], old=null
2019-09-26 09:46:06,092 INFO  impl.LeaderElection (LogUtils.java:infoOrTrace(149)) - s1@group-808489D4E928-LeaderElection25 got exception when requesting votes: java.util.concurrent.ExecutionException: org.apache.ratis.thirdparty.io.netty.channel.AbstractChannel$AnnotatedConnectException: Connection refused: /0.0.0.0:35144
2019-09-26 09:46:06,118 INFO  impl.LeaderElection (LeaderElection.java:logAndReturn(56)) - s0@group-808489D4E928-LeaderElection23: Election TIMEOUT; received 0 response(s) [] and 0 exception(s); s0@group-808489D4E928:t47, leader=null, voted=s0, raftlog=s0@group-808489D4E928-SegmentedRaftLog:OPENED:c-1,f-1,i0, conf=-1: [s0:0.0.0.0:42957, s1:0.0.0.0:41030, s2:0.0.0.0:35144], old=null
2019-09-26 09:46:06,132 INFO  impl.LeaderElection (LeaderElection.java:askForVotes(178)) - s0@group-808489D4E928-LeaderElection23: begin an election at term 48 for -1: [s0:0.0.0.0:42957, s1:0.0.0.0:41030, s2:0.0.0.0:35144], old=null
2019-09-26 09:46:06,183 WARN  ratis.RaftTestUtil (JavaUtils.java:attempt(158)) - FAILED "waitForLeader-null-(expectLeader? true)", attempt #22/100: java.lang.IllegalStateException: No leader yet : printing ALL groups
  s3:   CLOSED  FOLLOWER s3@group-808489D4E928:t0, leader=null, voted=null, raftlog=s3@group-808489D4E928-SegmentedRaftLog:CLOSED:c-1, conf=-1: [s0:0.0.0.0:42957, s1:0.0.0.0:41030, s2:0.0.0.0:35144], old=null CLOSED
  s0:  RUNNING CANDIDATE s0@group-808489D4E928:t48, leader=null, voted=s0, raftlog=s0@group-808489D4E928-SegmentedRaftLog:OPENED:c-1,f-1,i0, conf=-1: [s0:0.0.0.0:42957, s1:0.0.0.0:41030, s2:0.0.0.0:35144], old=null RUNNING
  s1:  RUNNING CANDIDATE s1@group-808489D4E928:t41, leader=null, voted=s1, raftlog=s1@group-808489D4E928-SegmentedRaftLog:OPENED:c0,f0,i0, conf=0: [s0:0.0.0.0:42957, s1:0.0.0.0:41030, s2:0.0.0.0:35144], old=null RUNNING
  s2:   CLOSED    LEADER s2@group-808489D4E928:t1, leader=s2, voted=s2, raftlog=s2@group-808489D4E928-SegmentedRaftLog:CLOSED:c0, conf=0: [s0:0.0.0.0:42957, s1:0.0.0.0:41030, s2:0.0.0.0:35144], old=null CLOSED, sleep 450ms and then retry.
java.lang.IllegalStateException: No leader yet : printing ALL groups
  s3:   CLOSED  FOLLOWER s3@group-808489D4E928:t0, leader=null, voted=null, raftlog=s3@group-808489D4E928-SegmentedRaftLog:CLOSED:c-1, conf=-1: [s0:0.0.0.0:42957, s1:0.0.0.0:41030, s2:0.0.0.0:35144], old=null CLOSED
  s0:  RUNNING CANDIDATE s0@group-808489D4E928:t48, leader=null, voted=s0, raftlog=s0@group-808489D4E928-SegmentedRaftLog:OPENED:c-1,f-1,i0, conf=-1: [s0:0.0.0.0:42957, s1:0.0.0.0:41030, s2:0.0.0.0:35144], old=null RUNNING
  s1:  RUNNING CANDIDATE s1@group-808489D4E928:t41, leader=null, voted=s1, raftlog=s1@group-808489D4E928-SegmentedRaftLog:OPENED:c0,f0,i0, conf=0: [s0:0.0.0.0:42957, s1:0.0.0.0:41030, s2:0.0.0.0:35144], old=null RUNNING
  s2:   CLOSED    LEADER s2@group-808489D4E928:t1, leader=s2, voted=s2, raftlog=s2@group-808489D4E928-SegmentedRaftLog:CLOSED:c0, conf=0: [s0:0.0.0.0:42957, s1:0.0.0.0:41030, s2:0.0.0.0:35144], old=null CLOSED
	at org.apache.ratis.MiniRaftCluster.newIllegalStateExceptionForNoLeaders(MiniRaftCluster.java:506)
	at org.apache.ratis.RaftTestUtil.lambda$waitForLeader$1(RaftTestUtil.java:90)
	at org.apache.ratis.MiniRaftCluster.getLeader(MiniRaftCluster.java:539)
	at org.apache.ratis.MiniRaftCluster.getLeader(MiniRaftCluster.java:532)
	at org.apache.ratis.RaftTestUtil.lambda$waitForLeader$3(RaftTestUtil.java:98)
	at org.apache.ratis.util.JavaUtils.attempt(JavaUtils.java:152)
	at org.apache.ratis.RaftTestUtil.waitForLeader(RaftTestUtil.java:97)
	at org.apache.ratis.RaftTestUtil.waitForLeader(RaftTestUtil.java:77)
	at org.apache.ratis.RaftTestUtil.waitForLeader(RaftTestUtil.java:72)
	at org.apache.ratis.server.impl.RaftReconfigurationBaseTest.runTestKillLeaderDuringReconf(RaftReconfigurationBaseTest.java:353)
	at org.apache.ratis.MiniRaftCluster$Factory$Get.runWithNewCluster(MiniRaftCluster.java:125)
	at org.apache.ratis.MiniRaftCluster$Factory$Get.runWithNewCluster(MiniRaftCluster.java:113)
	at org.apache.ratis.server.impl.RaftReconfigurationBaseTest.testKillLeaderDuringReconf(RaftReconfigurationBaseTest.java:304)
	at sun.reflect.NativeMethodAccessorImpl.invoke0(Native Method)
	at sun.reflect.NativeMethodAccessorImpl.invoke(NativeMethodAccessorImpl.java:62)
	at sun.reflect.DelegatingMethodAccessorImpl.invoke(DelegatingMethodAccessorImpl.java:43)
	at java.lang.reflect.Method.invoke(Method.java:498)
	at org.junit.runners.model.FrameworkMethod$1.runReflectiveCall(FrameworkMethod.java:50)
	at org.junit.internal.runners.model.ReflectiveCallable.run(ReflectiveCallable.java:12)
	at org.junit.runners.model.FrameworkMethod.invokeExplosively(FrameworkMethod.java:47)
	at org.junit.internal.runners.statements.InvokeMethod.evaluate(InvokeMethod.java:17)
	at org.junit.internal.runners.statements.RunAfters.evaluate(RunAfters.java:27)
	at org.junit.internal.runners.statements.FailOnTimeout$CallableStatement.call(FailOnTimeout.java:298)
	at org.junit.internal.runners.statements.FailOnTimeout$CallableStatement.call(FailOnTimeout.java:292)
	at java.util.concurrent.FutureTask.run(FutureTask.java:266)
	at java.lang.Thread.run(Thread.java:748)
2019-09-26 09:46:06,333 INFO  impl.LeaderElection (LeaderElection.java:logAndReturn(56)) - s0@group-808489D4E928-LeaderElection23: Election TIMEOUT; received 0 response(s) [] and 0 exception(s); s0@group-808489D4E928:t48, leader=null, voted=s0, raftlog=s0@group-808489D4E928-SegmentedRaftLog:OPENED:c-1,f-1,i0, conf=-1: [s0:0.0.0.0:42957, s1:0.0.0.0:41030, s2:0.0.0.0:35144], old=null
2019-09-26 09:46:06,340 INFO  impl.LeaderElection (LeaderElection.java:askForVotes(178)) - s0@group-808489D4E928-LeaderElection23: begin an election at term 49 for -1: [s0:0.0.0.0:42957, s1:0.0.0.0:41030, s2:0.0.0.0:35144], old=null
2019-09-26 09:46:06,362 INFO  impl.LeaderElection (LeaderElection.java:logAndReturn(56)) - s1@group-808489D4E928-LeaderElection25: Election TIMEOUT; received 0 response(s) [] and 1 exception(s); s1@group-808489D4E928:t41, leader=null, voted=s1, raftlog=s1@group-808489D4E928-SegmentedRaftLog:OPENED:c0,f0,i0, conf=0: [s0:0.0.0.0:42957, s1:0.0.0.0:41030, s2:0.0.0.0:35144], old=null
2019-09-26 09:46:06,362 INFO  impl.LeaderElection (LogUtils.java:infoOrTrace(149)) -   Exception 0: java.util.concurrent.ExecutionException: org.apache.ratis.thirdparty.io.netty.channel.AbstractChannel$AnnotatedConnectException: Connection refused: /0.0.0.0:35144
2019-09-26 09:46:06,378 INFO  impl.LeaderElection (LeaderElection.java:askForVotes(178)) - s1@group-808489D4E928-LeaderElection25: begin an election at term 42 for 0: [s0:0.0.0.0:42957, s1:0.0.0.0:41030, s2:0.0.0.0:35144], old=null
2019-09-26 09:46:06,381 INFO  impl.LeaderElection (LogUtils.java:infoOrTrace(149)) - s1@group-808489D4E928-LeaderElection25 got exception when requesting votes: java.util.concurrent.ExecutionException: org.apache.ratis.thirdparty.io.netty.channel.AbstractChannel$AnnotatedConnectException: Connection refused: /0.0.0.0:35144
2019-09-26 09:46:06,572 INFO  impl.LeaderElection (LeaderElection.java:logAndReturn(56)) - s0@group-808489D4E928-LeaderElection23: Election TIMEOUT; received 0 response(s) [] and 0 exception(s); s0@group-808489D4E928:t49, leader=null, voted=s0, raftlog=s0@group-808489D4E928-SegmentedRaftLog:OPENED:c-1,f-1,i0, conf=-1: [s0:0.0.0.0:42957, s1:0.0.0.0:41030, s2:0.0.0.0:35144], old=null
2019-09-26 09:46:06,599 INFO  impl.LeaderElection (LeaderElection.java:askForVotes(178)) - s0@group-808489D4E928-LeaderElection23: begin an election at term 50 for -1: [s0:0.0.0.0:42957, s1:0.0.0.0:41030, s2:0.0.0.0:35144], old=null
2019-09-26 09:46:06,614 INFO  impl.LeaderElection (LeaderElection.java:logAndReturn(56)) - s1@group-808489D4E928-LeaderElection25: Election TIMEOUT; received 0 response(s) [] and 1 exception(s); s1@group-808489D4E928:t42, leader=null, voted=s1, raftlog=s1@group-808489D4E928-SegmentedRaftLog:OPENED:c0,f0,i0, conf=0: [s0:0.0.0.0:42957, s1:0.0.0.0:41030, s2:0.0.0.0:35144], old=null
2019-09-26 09:46:06,614 INFO  impl.LeaderElection (LogUtils.java:infoOrTrace(149)) -   Exception 0: java.util.concurrent.ExecutionException: org.apache.ratis.thirdparty.io.netty.channel.AbstractChannel$AnnotatedConnectException: Connection refused: /0.0.0.0:35144
2019-09-26 09:46:06,627 INFO  impl.LeaderElection (LeaderElection.java:askForVotes(178)) - s1@group-808489D4E928-LeaderElection25: begin an election at term 43 for 0: [s0:0.0.0.0:42957, s1:0.0.0.0:41030, s2:0.0.0.0:35144], old=null
2019-09-26 09:46:06,630 INFO  impl.LeaderElection (LogUtils.java:infoOrTrace(149)) - s1@group-808489D4E928-LeaderElection25 got exception when requesting votes: java.util.concurrent.ExecutionException: org.apache.ratis.thirdparty.io.netty.channel.AbstractChannel$AnnotatedConnectException: Connection refused: /0.0.0.0:35144
2019-09-26 09:46:06,634 WARN  ratis.RaftTestUtil (JavaUtils.java:attempt(158)) - FAILED "waitForLeader-null-(expectLeader? true)", attempt #23/100: java.lang.IllegalStateException: No leader yet : printing ALL groups
  s3:   CLOSED  FOLLOWER s3@group-808489D4E928:t0, leader=null, voted=null, raftlog=s3@group-808489D4E928-SegmentedRaftLog:CLOSED:c-1, conf=-1: [s0:0.0.0.0:42957, s1:0.0.0.0:41030, s2:0.0.0.0:35144], old=null CLOSED
  s0:  RUNNING CANDIDATE s0@group-808489D4E928:t50, leader=null, voted=s0, raftlog=s0@group-808489D4E928-SegmentedRaftLog:OPENED:c-1,f-1,i0, conf=-1: [s0:0.0.0.0:42957, s1:0.0.0.0:41030, s2:0.0.0.0:35144], old=null RUNNING
  s1:  RUNNING CANDIDATE s1@group-808489D4E928:t43, leader=null, voted=s1, raftlog=s1@group-808489D4E928-SegmentedRaftLog:OPENED:c0,f0,i0, conf=0: [s0:0.0.0.0:42957, s1:0.0.0.0:41030, s2:0.0.0.0:35144], old=null RUNNING
  s2:   CLOSED    LEADER s2@group-808489D4E928:t1, leader=s2, voted=s2, raftlog=s2@group-808489D4E928-SegmentedRaftLog:CLOSED:c0, conf=0: [s0:0.0.0.0:42957, s1:0.0.0.0:41030, s2:0.0.0.0:35144], old=null CLOSED, sleep 450ms and then retry.
java.lang.IllegalStateException: No leader yet : printing ALL groups
  s3:   CLOSED  FOLLOWER s3@group-808489D4E928:t0, leader=null, voted=null, raftlog=s3@group-808489D4E928-SegmentedRaftLog:CLOSED:c-1, conf=-1: [s0:0.0.0.0:42957, s1:0.0.0.0:41030, s2:0.0.0.0:35144], old=null CLOSED
  s0:  RUNNING CANDIDATE s0@group-808489D4E928:t50, leader=null, voted=s0, raftlog=s0@group-808489D4E928-SegmentedRaftLog:OPENED:c-1,f-1,i0, conf=-1: [s0:0.0.0.0:42957, s1:0.0.0.0:41030, s2:0.0.0.0:35144], old=null RUNNING
  s1:  RUNNING CANDIDATE s1@group-808489D4E928:t43, leader=null, voted=s1, raftlog=s1@group-808489D4E928-SegmentedRaftLog:OPENED:c0,f0,i0, conf=0: [s0:0.0.0.0:42957, s1:0.0.0.0:41030, s2:0.0.0.0:35144], old=null RUNNING
  s2:   CLOSED    LEADER s2@group-808489D4E928:t1, leader=s2, voted=s2, raftlog=s2@group-808489D4E928-SegmentedRaftLog:CLOSED:c0, conf=0: [s0:0.0.0.0:42957, s1:0.0.0.0:41030, s2:0.0.0.0:35144], old=null CLOSED
	at org.apache.ratis.MiniRaftCluster.newIllegalStateExceptionForNoLeaders(MiniRaftCluster.java:506)
	at org.apache.ratis.RaftTestUtil.lambda$waitForLeader$1(RaftTestUtil.java:90)
	at org.apache.ratis.MiniRaftCluster.getLeader(MiniRaftCluster.java:539)
	at org.apache.ratis.MiniRaftCluster.getLeader(MiniRaftCluster.java:532)
	at org.apache.ratis.RaftTestUtil.lambda$waitForLeader$3(RaftTestUtil.java:98)
	at org.apache.ratis.util.JavaUtils.attempt(JavaUtils.java:152)
	at org.apache.ratis.RaftTestUtil.waitForLeader(RaftTestUtil.java:97)
	at org.apache.ratis.RaftTestUtil.waitForLeader(RaftTestUtil.java:77)
	at org.apache.ratis.RaftTestUtil.waitForLeader(RaftTestUtil.java:72)
	at org.apache.ratis.server.impl.RaftReconfigurationBaseTest.runTestKillLeaderDuringReconf(RaftReconfigurationBaseTest.java:353)
	at org.apache.ratis.MiniRaftCluster$Factory$Get.runWithNewCluster(MiniRaftCluster.java:125)
	at org.apache.ratis.MiniRaftCluster$Factory$Get.runWithNewCluster(MiniRaftCluster.java:113)
	at org.apache.ratis.server.impl.RaftReconfigurationBaseTest.testKillLeaderDuringReconf(RaftReconfigurationBaseTest.java:304)
	at sun.reflect.NativeMethodAccessorImpl.invoke0(Native Method)
	at sun.reflect.NativeMethodAccessorImpl.invoke(NativeMethodAccessorImpl.java:62)
	at sun.reflect.DelegatingMethodAccessorImpl.invoke(DelegatingMethodAccessorImpl.java:43)
	at java.lang.reflect.Method.invoke(Method.java:498)
	at org.junit.runners.model.FrameworkMethod$1.runReflectiveCall(FrameworkMethod.java:50)
	at org.junit.internal.runners.model.ReflectiveCallable.run(ReflectiveCallable.java:12)
	at org.junit.runners.model.FrameworkMethod.invokeExplosively(FrameworkMethod.java:47)
	at org.junit.internal.runners.statements.InvokeMethod.evaluate(InvokeMethod.java:17)
	at org.junit.internal.runners.statements.RunAfters.evaluate(RunAfters.java:27)
	at org.junit.internal.runners.statements.FailOnTimeout$CallableStatement.call(FailOnTimeout.java:298)
	at org.junit.internal.runners.statements.FailOnTimeout$CallableStatement.call(FailOnTimeout.java:292)
	at java.util.concurrent.FutureTask.run(FutureTask.java:266)
	at java.lang.Thread.run(Thread.java:748)
2019-09-26 09:46:06,874 INFO  impl.LeaderElection (LeaderElection.java:logAndReturn(56)) - s0@group-808489D4E928-LeaderElection23: Election TIMEOUT; received 0 response(s) [] and 0 exception(s); s0@group-808489D4E928:t50, leader=null, voted=s0, raftlog=s0@group-808489D4E928-SegmentedRaftLog:OPENED:c-1,f-1,i0, conf=-1: [s0:0.0.0.0:42957, s1:0.0.0.0:41030, s2:0.0.0.0:35144], old=null
2019-09-26 09:46:06,887 INFO  impl.LeaderElection (LeaderElection.java:askForVotes(178)) - s0@group-808489D4E928-LeaderElection23: begin an election at term 51 for -1: [s0:0.0.0.0:42957, s1:0.0.0.0:41030, s2:0.0.0.0:35144], old=null
2019-09-26 09:46:06,910 INFO  impl.LeaderElection (LeaderElection.java:logAndReturn(56)) - s1@group-808489D4E928-LeaderElection25: Election TIMEOUT; received 0 response(s) [] and 1 exception(s); s1@group-808489D4E928:t43, leader=null, voted=s1, raftlog=s1@group-808489D4E928-SegmentedRaftLog:OPENED:c0,f0,i0, conf=0: [s0:0.0.0.0:42957, s1:0.0.0.0:41030, s2:0.0.0.0:35144], old=null
2019-09-26 09:46:06,910 INFO  impl.LeaderElection (LogUtils.java:infoOrTrace(149)) -   Exception 0: java.util.concurrent.ExecutionException: org.apache.ratis.thirdparty.io.netty.channel.AbstractChannel$AnnotatedConnectException: Connection refused: /0.0.0.0:35144
2019-09-26 09:46:06,923 INFO  impl.LeaderElection (LeaderElection.java:askForVotes(178)) - s1@group-808489D4E928-LeaderElection25: begin an election at term 44 for 0: [s0:0.0.0.0:42957, s1:0.0.0.0:41030, s2:0.0.0.0:35144], old=null
2019-09-26 09:46:06,925 INFO  impl.LeaderElection (LogUtils.java:infoOrTrace(149)) - s1@group-808489D4E928-LeaderElection25 got exception when requesting votes: java.util.concurrent.ExecutionException: org.apache.ratis.thirdparty.io.netty.channel.AbstractChannel$AnnotatedConnectException: Connection refused: /0.0.0.0:35144
2019-09-26 09:46:07,050 INFO  impl.LeaderElection (LeaderElection.java:logAndReturn(56)) - s0@group-808489D4E928-LeaderElection23: Election TIMEOUT; received 0 response(s) [] and 0 exception(s); s0@group-808489D4E928:t51, leader=null, voted=s0, raftlog=s0@group-808489D4E928-SegmentedRaftLog:OPENED:c-1,f-1,i0, conf=-1: [s0:0.0.0.0:42957, s1:0.0.0.0:41030, s2:0.0.0.0:35144], old=null
2019-09-26 09:46:07,056 INFO  impl.LeaderElection (LeaderElection.java:askForVotes(178)) - s0@group-808489D4E928-LeaderElection23: begin an election at term 52 for -1: [s0:0.0.0.0:42957, s1:0.0.0.0:41030, s2:0.0.0.0:35144], old=null
2019-09-26 09:46:07,074 INFO  impl.LeaderElection (LeaderElection.java:logAndReturn(56)) - s1@group-808489D4E928-LeaderElection25: Election TIMEOUT; received 0 response(s) [] and 1 exception(s); s1@group-808489D4E928:t44, leader=null, voted=s1, raftlog=s1@group-808489D4E928-SegmentedRaftLog:OPENED:c0,f0,i0, conf=0: [s0:0.0.0.0:42957, s1:0.0.0.0:41030, s2:0.0.0.0:35144], old=null
2019-09-26 09:46:07,075 INFO  impl.LeaderElection (LogUtils.java:infoOrTrace(149)) -   Exception 0: java.util.concurrent.ExecutionException: org.apache.ratis.thirdparty.io.netty.channel.AbstractChannel$AnnotatedConnectException: Connection refused: /0.0.0.0:35144
2019-09-26 09:46:07,087 WARN  ratis.RaftTestUtil (JavaUtils.java:attempt(158)) - FAILED "waitForLeader-null-(expectLeader? true)", attempt #24/100: java.lang.IllegalStateException: No leader yet : printing ALL groups
  s3:   CLOSED  FOLLOWER s3@group-808489D4E928:t0, leader=null, voted=null, raftlog=s3@group-808489D4E928-SegmentedRaftLog:CLOSED:c-1, conf=-1: [s0:0.0.0.0:42957, s1:0.0.0.0:41030, s2:0.0.0.0:35144], old=null CLOSED
  s0:  RUNNING CANDIDATE s0@group-808489D4E928:t52, leader=null, voted=s0, raftlog=s0@group-808489D4E928-SegmentedRaftLog:OPENED:c-1,f-1,i0, conf=-1: [s0:0.0.0.0:42957, s1:0.0.0.0:41030, s2:0.0.0.0:35144], old=null RUNNING
  s1:  RUNNING CANDIDATE s1@group-808489D4E928:t45, leader=null, voted=s1, raftlog=s1@group-808489D4E928-SegmentedRaftLog:OPENED:c0,f0,i0, conf=0: [s0:0.0.0.0:42957, s1:0.0.0.0:41030, s2:0.0.0.0:35144], old=null RUNNING
  s2:   CLOSED    LEADER s2@group-808489D4E928:t1, leader=s2, voted=s2, raftlog=s2@group-808489D4E928-SegmentedRaftLog:CLOSED:c0, conf=0: [s0:0.0.0.0:42957, s1:0.0.0.0:41030, s2:0.0.0.0:35144], old=null CLOSED, sleep 450ms and then retry.
java.lang.IllegalStateException: No leader yet : printing ALL groups
  s3:   CLOSED  FOLLOWER s3@group-808489D4E928:t0, leader=null, voted=null, raftlog=s3@group-808489D4E928-SegmentedRaftLog:CLOSED:c-1, conf=-1: [s0:0.0.0.0:42957, s1:0.0.0.0:41030, s2:0.0.0.0:35144], old=null CLOSED
  s0:  RUNNING CANDIDATE s0@group-808489D4E928:t52, leader=null, voted=s0, raftlog=s0@group-808489D4E928-SegmentedRaftLog:OPENED:c-1,f-1,i0, conf=-1: [s0:0.0.0.0:42957, s1:0.0.0.0:41030, s2:0.0.0.0:35144], old=null RUNNING
  s1:  RUNNING CANDIDATE s1@group-808489D4E928:t45, leader=null, voted=s1, raftlog=s1@group-808489D4E928-SegmentedRaftLog:OPENED:c0,f0,i0, conf=0: [s0:0.0.0.0:42957, s1:0.0.0.0:41030, s2:0.0.0.0:35144], old=null RUNNING
  s2:   CLOSED    LEADER s2@group-808489D4E928:t1, leader=s2, voted=s2, raftlog=s2@group-808489D4E928-SegmentedRaftLog:CLOSED:c0, conf=0: [s0:0.0.0.0:42957, s1:0.0.0.0:41030, s2:0.0.0.0:35144], old=null CLOSED
	at org.apache.ratis.MiniRaftCluster.newIllegalStateExceptionForNoLeaders(MiniRaftCluster.java:506)
	at org.apache.ratis.RaftTestUtil.lambda$waitForLeader$1(RaftTestUtil.java:90)
	at org.apache.ratis.MiniRaftCluster.getLeader(MiniRaftCluster.java:539)
	at org.apache.ratis.MiniRaftCluster.getLeader(MiniRaftCluster.java:532)
	at org.apache.ratis.RaftTestUtil.lambda$waitForLeader$3(RaftTestUtil.java:98)
	at org.apache.ratis.util.JavaUtils.attempt(JavaUtils.java:152)
	at org.apache.ratis.RaftTestUtil.waitForLeader(RaftTestUtil.java:97)
	at org.apache.ratis.RaftTestUtil.waitForLeader(RaftTestUtil.java:77)
	at org.apache.ratis.RaftTestUtil.waitForLeader(RaftTestUtil.java:72)
	at org.apache.ratis.server.impl.RaftReconfigurationBaseTest.runTestKillLeaderDuringReconf(RaftReconfigurationBaseTest.java:353)
	at org.apache.ratis.MiniRaftCluster$Factory$Get.runWithNewCluster(MiniRaftCluster.java:125)
	at org.apache.ratis.MiniRaftCluster$Factory$Get.runWithNewCluster(MiniRaftCluster.java:113)
	at org.apache.ratis.server.impl.RaftReconfigurationBaseTest.testKillLeaderDuringReconf(RaftReconfigurationBaseTest.java:304)
	at sun.reflect.NativeMethodAccessorImpl.invoke0(Native Method)
	at sun.reflect.NativeMethodAccessorImpl.invoke(NativeMethodAccessorImpl.java:62)
	at sun.reflect.DelegatingMethodAccessorImpl.invoke(DelegatingMethodAccessorImpl.java:43)
	at java.lang.reflect.Method.invoke(Method.java:498)
	at org.junit.runners.model.FrameworkMethod$1.runReflectiveCall(FrameworkMethod.java:50)
	at org.junit.internal.runners.model.ReflectiveCallable.run(ReflectiveCallable.java:12)
	at org.junit.runners.model.FrameworkMethod.invokeExplosively(FrameworkMethod.java:47)
	at org.junit.internal.runners.statements.InvokeMethod.evaluate(InvokeMethod.java:17)
	at org.junit.internal.runners.statements.RunAfters.evaluate(RunAfters.java:27)
	at org.junit.internal.runners.statements.FailOnTimeout$CallableStatement.call(FailOnTimeout.java:298)
	at org.junit.internal.runners.statements.FailOnTimeout$CallableStatement.call(FailOnTimeout.java:292)
	at java.util.concurrent.FutureTask.run(FutureTask.java:266)
	at java.lang.Thread.run(Thread.java:748)
2019-09-26 09:46:07,088 INFO  impl.LeaderElection (LeaderElection.java:askForVotes(178)) - s1@group-808489D4E928-LeaderElection25: begin an election at term 45 for 0: [s0:0.0.0.0:42957, s1:0.0.0.0:41030, s2:0.0.0.0:35144], old=null
2019-09-26 09:46:07,091 INFO  impl.LeaderElection (LogUtils.java:infoOrTrace(149)) - s1@group-808489D4E928-LeaderElection25 got exception when requesting votes: java.util.concurrent.ExecutionException: org.apache.ratis.thirdparty.io.netty.channel.AbstractChannel$AnnotatedConnectException: Connection refused: /0.0.0.0:35144
2019-09-26 09:46:07,254 INFO  impl.LeaderElection (LeaderElection.java:logAndReturn(56)) - s1@group-808489D4E928-LeaderElection25: Election TIMEOUT; received 0 response(s) [] and 1 exception(s); s1@group-808489D4E928:t45, leader=null, voted=s1, raftlog=s1@group-808489D4E928-SegmentedRaftLog:OPENED:c0,f0,i0, conf=0: [s0:0.0.0.0:42957, s1:0.0.0.0:41030, s2:0.0.0.0:35144], old=null
2019-09-26 09:46:07,254 INFO  impl.LeaderElection (LogUtils.java:infoOrTrace(149)) -   Exception 0: java.util.concurrent.ExecutionException: org.apache.ratis.thirdparty.io.netty.channel.AbstractChannel$AnnotatedConnectException: Connection refused: /0.0.0.0:35144
2019-09-26 09:46:07,262 INFO  impl.LeaderElection (LeaderElection.java:askForVotes(178)) - s1@group-808489D4E928-LeaderElection25: begin an election at term 46 for 0: [s0:0.0.0.0:42957, s1:0.0.0.0:41030, s2:0.0.0.0:35144], old=null
2019-09-26 09:46:07,265 INFO  impl.LeaderElection (LogUtils.java:infoOrTrace(149)) - s1@group-808489D4E928-LeaderElection25 got exception when requesting votes: java.util.concurrent.ExecutionException: org.apache.ratis.thirdparty.io.netty.channel.AbstractChannel$AnnotatedConnectException: Connection refused: /0.0.0.0:35144
2019-09-26 09:46:07,320 INFO  impl.LeaderElection (LeaderElection.java:logAndReturn(56)) - s0@group-808489D4E928-LeaderElection23: Election TIMEOUT; received 0 response(s) [] and 0 exception(s); s0@group-808489D4E928:t52, leader=null, voted=s0, raftlog=s0@group-808489D4E928-SegmentedRaftLog:OPENED:c-1,f-1,i0, conf=-1: [s0:0.0.0.0:42957, s1:0.0.0.0:41030, s2:0.0.0.0:35144], old=null
2019-09-26 09:46:07,335 INFO  impl.LeaderElection (LeaderElection.java:askForVotes(178)) - s0@group-808489D4E928-LeaderElection23: begin an election at term 53 for -1: [s0:0.0.0.0:42957, s1:0.0.0.0:41030, s2:0.0.0.0:35144], old=null
2019-09-26 09:46:07,538 WARN  ratis.RaftTestUtil (JavaUtils.java:attempt(158)) - FAILED "waitForLeader-null-(expectLeader? true)", attempt #25/100: java.lang.IllegalStateException: No leader yet : printing ALL groups
  s3:   CLOSED  FOLLOWER s3@group-808489D4E928:t0, leader=null, voted=null, raftlog=s3@group-808489D4E928-SegmentedRaftLog:CLOSED:c-1, conf=-1: [s0:0.0.0.0:42957, s1:0.0.0.0:41030, s2:0.0.0.0:35144], old=null CLOSED
  s0:  RUNNING CANDIDATE s0@group-808489D4E928:t53, leader=null, voted=s0, raftlog=s0@group-808489D4E928-SegmentedRaftLog:OPENED:c-1,f-1,i0, conf=-1: [s0:0.0.0.0:42957, s1:0.0.0.0:41030, s2:0.0.0.0:35144], old=null RUNNING
  s1:  RUNNING CANDIDATE s1@group-808489D4E928:t46, leader=null, voted=s1, raftlog=s1@group-808489D4E928-SegmentedRaftLog:OPENED:c0,f0,i0, conf=0: [s0:0.0.0.0:42957, s1:0.0.0.0:41030, s2:0.0.0.0:35144], old=null RUNNING
  s2:   CLOSED    LEADER s2@group-808489D4E928:t1, leader=s2, voted=s2, raftlog=s2@group-808489D4E928-SegmentedRaftLog:CLOSED:c0, conf=0: [s0:0.0.0.0:42957, s1:0.0.0.0:41030, s2:0.0.0.0:35144], old=null CLOSED, sleep 450ms and then retry.
java.lang.IllegalStateException: No leader yet : printing ALL groups
  s3:   CLOSED  FOLLOWER s3@group-808489D4E928:t0, leader=null, voted=null, raftlog=s3@group-808489D4E928-SegmentedRaftLog:CLOSED:c-1, conf=-1: [s0:0.0.0.0:42957, s1:0.0.0.0:41030, s2:0.0.0.0:35144], old=null CLOSED
  s0:  RUNNING CANDIDATE s0@group-808489D4E928:t53, leader=null, voted=s0, raftlog=s0@group-808489D4E928-SegmentedRaftLog:OPENED:c-1,f-1,i0, conf=-1: [s0:0.0.0.0:42957, s1:0.0.0.0:41030, s2:0.0.0.0:35144], old=null RUNNING
  s1:  RUNNING CANDIDATE s1@group-808489D4E928:t46, leader=null, voted=s1, raftlog=s1@group-808489D4E928-SegmentedRaftLog:OPENED:c0,f0,i0, conf=0: [s0:0.0.0.0:42957, s1:0.0.0.0:41030, s2:0.0.0.0:35144], old=null RUNNING
  s2:   CLOSED    LEADER s2@group-808489D4E928:t1, leader=s2, voted=s2, raftlog=s2@group-808489D4E928-SegmentedRaftLog:CLOSED:c0, conf=0: [s0:0.0.0.0:42957, s1:0.0.0.0:41030, s2:0.0.0.0:35144], old=null CLOSED
	at org.apache.ratis.MiniRaftCluster.newIllegalStateExceptionForNoLeaders(MiniRaftCluster.java:506)
	at org.apache.ratis.RaftTestUtil.lambda$waitForLeader$1(RaftTestUtil.java:90)
	at org.apache.ratis.MiniRaftCluster.getLeader(MiniRaftCluster.java:539)
	at org.apache.ratis.MiniRaftCluster.getLeader(MiniRaftCluster.java:532)
	at org.apache.ratis.RaftTestUtil.lambda$waitForLeader$3(RaftTestUtil.java:98)
	at org.apache.ratis.util.JavaUtils.attempt(JavaUtils.java:152)
	at org.apache.ratis.RaftTestUtil.waitForLeader(RaftTestUtil.java:97)
	at org.apache.ratis.RaftTestUtil.waitForLeader(RaftTestUtil.java:77)
	at org.apache.ratis.RaftTestUtil.waitForLeader(RaftTestUtil.java:72)
	at org.apache.ratis.server.impl.RaftReconfigurationBaseTest.runTestKillLeaderDuringReconf(RaftReconfigurationBaseTest.java:353)
	at org.apache.ratis.MiniRaftCluster$Factory$Get.runWithNewCluster(MiniRaftCluster.java:125)
	at org.apache.ratis.MiniRaftCluster$Factory$Get.runWithNewCluster(MiniRaftCluster.java:113)
	at org.apache.ratis.server.impl.RaftReconfigurationBaseTest.testKillLeaderDuringReconf(RaftReconfigurationBaseTest.java:304)
	at sun.reflect.NativeMethodAccessorImpl.invoke0(Native Method)
	at sun.reflect.NativeMethodAccessorImpl.invoke(NativeMethodAccessorImpl.java:62)
	at sun.reflect.DelegatingMethodAccessorImpl.invoke(DelegatingMethodAccessorImpl.java:43)
	at java.lang.reflect.Method.invoke(Method.java:498)
	at org.junit.runners.model.FrameworkMethod$1.runReflectiveCall(FrameworkMethod.java:50)
	at org.junit.internal.runners.model.ReflectiveCallable.run(ReflectiveCallable.java:12)
	at org.junit.runners.model.FrameworkMethod.invokeExplosively(FrameworkMethod.java:47)
	at org.junit.internal.runners.statements.InvokeMethod.evaluate(InvokeMethod.java:17)
	at org.junit.internal.runners.statements.RunAfters.evaluate(RunAfters.java:27)
	at org.junit.internal.runners.statements.FailOnTimeout$CallableStatement.call(FailOnTimeout.java:298)
	at org.junit.internal.runners.statements.FailOnTimeout$CallableStatement.call(FailOnTimeout.java:292)
	at java.util.concurrent.FutureTask.run(FutureTask.java:266)
	at java.lang.Thread.run(Thread.java:748)
2019-09-26 09:46:07,553 INFO  impl.LeaderElection (LeaderElection.java:logAndReturn(56)) - s1@group-808489D4E928-LeaderElection25: Election TIMEOUT; received 0 response(s) [] and 1 exception(s); s1@group-808489D4E928:t46, leader=null, voted=s1, raftlog=s1@group-808489D4E928-SegmentedRaftLog:OPENED:c0,f0,i0, conf=0: [s0:0.0.0.0:42957, s1:0.0.0.0:41030, s2:0.0.0.0:35144], old=null
2019-09-26 09:46:07,553 INFO  impl.LeaderElection (LogUtils.java:infoOrTrace(149)) -   Exception 0: java.util.concurrent.ExecutionException: org.apache.ratis.thirdparty.io.netty.channel.AbstractChannel$AnnotatedConnectException: Connection refused: /0.0.0.0:35144
2019-09-26 09:46:07,560 INFO  impl.LeaderElection (LeaderElection.java:logAndReturn(56)) - s0@group-808489D4E928-LeaderElection23: Election TIMEOUT; received 0 response(s) [] and 0 exception(s); s0@group-808489D4E928:t53, leader=null, voted=s0, raftlog=s0@group-808489D4E928-SegmentedRaftLog:OPENED:c-1,f-1,i0, conf=-1: [s0:0.0.0.0:42957, s1:0.0.0.0:41030, s2:0.0.0.0:35144], old=null
2019-09-26 09:46:07,567 INFO  impl.LeaderElection (LeaderElection.java:askForVotes(178)) - s1@group-808489D4E928-LeaderElection25: begin an election at term 47 for 0: [s0:0.0.0.0:42957, s1:0.0.0.0:41030, s2:0.0.0.0:35144], old=null
2019-09-26 09:46:07,567 INFO  impl.LeaderElection (LeaderElection.java:askForVotes(178)) - s0@group-808489D4E928-LeaderElection23: begin an election at term 54 for -1: [s0:0.0.0.0:42957, s1:0.0.0.0:41030, s2:0.0.0.0:35144], old=null
2019-09-26 09:46:07,570 INFO  impl.LeaderElection (LogUtils.java:infoOrTrace(149)) - s1@group-808489D4E928-LeaderElection25 got exception when requesting votes: java.util.concurrent.ExecutionException: org.apache.ratis.thirdparty.io.netty.channel.AbstractChannel$AnnotatedConnectException: Connection refused: /0.0.0.0:35144
2019-09-26 09:46:07,749 INFO  impl.LeaderElection (LeaderElection.java:logAndReturn(56)) - s1@group-808489D4E928-LeaderElection25: Election TIMEOUT; received 0 response(s) [] and 1 exception(s); s1@group-808489D4E928:t47, leader=null, voted=s1, raftlog=s1@group-808489D4E928-SegmentedRaftLog:OPENED:c0,f0,i0, conf=0: [s0:0.0.0.0:42957, s1:0.0.0.0:41030, s2:0.0.0.0:35144], old=null
2019-09-26 09:46:07,750 INFO  impl.LeaderElection (LogUtils.java:infoOrTrace(149)) -   Exception 0: java.util.concurrent.ExecutionException: org.apache.ratis.thirdparty.io.netty.channel.AbstractChannel$AnnotatedConnectException: Connection refused: /0.0.0.0:35144
2019-09-26 09:46:07,764 INFO  impl.LeaderElection (LeaderElection.java:askForVotes(178)) - s1@group-808489D4E928-LeaderElection25: begin an election at term 48 for 0: [s0:0.0.0.0:42957, s1:0.0.0.0:41030, s2:0.0.0.0:35144], old=null
2019-09-26 09:46:07,766 INFO  impl.LeaderElection (LogUtils.java:infoOrTrace(149)) - s1@group-808489D4E928-LeaderElection25 got exception when requesting votes: java.util.concurrent.ExecutionException: org.apache.ratis.thirdparty.io.netty.channel.AbstractChannel$AnnotatedConnectException: Connection refused: /0.0.0.0:35144
2019-09-26 09:46:07,796 INFO  impl.LeaderElection (LeaderElection.java:logAndReturn(56)) - s0@group-808489D4E928-LeaderElection23: Election TIMEOUT; received 0 response(s) [] and 0 exception(s); s0@group-808489D4E928:t54, leader=null, voted=s0, raftlog=s0@group-808489D4E928-SegmentedRaftLog:OPENED:c-1,f-1,i0, conf=-1: [s0:0.0.0.0:42957, s1:0.0.0.0:41030, s2:0.0.0.0:35144], old=null
2019-09-26 09:46:07,801 INFO  impl.LeaderElection (LeaderElection.java:askForVotes(178)) - s0@group-808489D4E928-LeaderElection23: begin an election at term 55 for -1: [s0:0.0.0.0:42957, s1:0.0.0.0:41030, s2:0.0.0.0:35144], old=null
2019-09-26 09:46:07,985 INFO  impl.LeaderElection (LeaderElection.java:logAndReturn(56)) - s1@group-808489D4E928-LeaderElection25: Election TIMEOUT; received 0 response(s) [] and 1 exception(s); s1@group-808489D4E928:t48, leader=null, voted=s1, raftlog=s1@group-808489D4E928-SegmentedRaftLog:OPENED:c0,f0,i0, conf=0: [s0:0.0.0.0:42957, s1:0.0.0.0:41030, s2:0.0.0.0:35144], old=null
2019-09-26 09:46:07,986 INFO  impl.LeaderElection (LogUtils.java:infoOrTrace(149)) -   Exception 0: java.util.concurrent.ExecutionException: org.apache.ratis.thirdparty.io.netty.channel.AbstractChannel$AnnotatedConnectException: Connection refused: /0.0.0.0:35144
2019-09-26 09:46:07,989 WARN  ratis.RaftTestUtil (JavaUtils.java:attempt(158)) - FAILED "waitForLeader-null-(expectLeader? true)", attempt #26/100: java.lang.IllegalStateException: No leader yet : printing ALL groups
  s3:   CLOSED  FOLLOWER s3@group-808489D4E928:t0, leader=null, voted=null, raftlog=s3@group-808489D4E928-SegmentedRaftLog:CLOSED:c-1, conf=-1: [s0:0.0.0.0:42957, s1:0.0.0.0:41030, s2:0.0.0.0:35144], old=null CLOSED
  s0:  RUNNING CANDIDATE s0@group-808489D4E928:t55, leader=null, voted=s0, raftlog=s0@group-808489D4E928-SegmentedRaftLog:OPENED:c-1,f-1,i0, conf=-1: [s0:0.0.0.0:42957, s1:0.0.0.0:41030, s2:0.0.0.0:35144], old=null RUNNING
  s1:  RUNNING CANDIDATE s1@group-808489D4E928:t49, leader=null, voted=s1, raftlog=s1@group-808489D4E928-SegmentedRaftLog:OPENED:c0,f0,i0, conf=0: [s0:0.0.0.0:42957, s1:0.0.0.0:41030, s2:0.0.0.0:35144], old=null RUNNING
  s2:   CLOSED    LEADER s2@group-808489D4E928:t1, leader=s2, voted=s2, raftlog=s2@group-808489D4E928-SegmentedRaftLog:CLOSED:c0, conf=0: [s0:0.0.0.0:42957, s1:0.0.0.0:41030, s2:0.0.0.0:35144], old=null CLOSED, sleep 450ms and then retry.
java.lang.IllegalStateException: No leader yet : printing ALL groups
  s3:   CLOSED  FOLLOWER s3@group-808489D4E928:t0, leader=null, voted=null, raftlog=s3@group-808489D4E928-SegmentedRaftLog:CLOSED:c-1, conf=-1: [s0:0.0.0.0:42957, s1:0.0.0.0:41030, s2:0.0.0.0:35144], old=null CLOSED
  s0:  RUNNING CANDIDATE s0@group-808489D4E928:t55, leader=null, voted=s0, raftlog=s0@group-808489D4E928-SegmentedRaftLog:OPENED:c-1,f-1,i0, conf=-1: [s0:0.0.0.0:42957, s1:0.0.0.0:41030, s2:0.0.0.0:35144], old=null RUNNING
  s1:  RUNNING CANDIDATE s1@group-808489D4E928:t49, leader=null, voted=s1, raftlog=s1@group-808489D4E928-SegmentedRaftLog:OPENED:c0,f0,i0, conf=0: [s0:0.0.0.0:42957, s1:0.0.0.0:41030, s2:0.0.0.0:35144], old=null RUNNING
  s2:   CLOSED    LEADER s2@group-808489D4E928:t1, leader=s2, voted=s2, raftlog=s2@group-808489D4E928-SegmentedRaftLog:CLOSED:c0, conf=0: [s0:0.0.0.0:42957, s1:0.0.0.0:41030, s2:0.0.0.0:35144], old=null CLOSED
	at org.apache.ratis.MiniRaftCluster.newIllegalStateExceptionForNoLeaders(MiniRaftCluster.java:506)
	at org.apache.ratis.RaftTestUtil.lambda$waitForLeader$1(RaftTestUtil.java:90)
	at org.apache.ratis.MiniRaftCluster.getLeader(MiniRaftCluster.java:539)
	at org.apache.ratis.MiniRaftCluster.getLeader(MiniRaftCluster.java:532)
	at org.apache.ratis.RaftTestUtil.lambda$waitForLeader$3(RaftTestUtil.java:98)
	at org.apache.ratis.util.JavaUtils.attempt(JavaUtils.java:152)
	at org.apache.ratis.RaftTestUtil.waitForLeader(RaftTestUtil.java:97)
	at org.apache.ratis.RaftTestUtil.waitForLeader(RaftTestUtil.java:77)
	at org.apache.ratis.RaftTestUtil.waitForLeader(RaftTestUtil.java:72)
	at org.apache.ratis.server.impl.RaftReconfigurationBaseTest.runTestKillLeaderDuringReconf(RaftReconfigurationBaseTest.java:353)
	at org.apache.ratis.MiniRaftCluster$Factory$Get.runWithNewCluster(MiniRaftCluster.java:125)
	at org.apache.ratis.MiniRaftCluster$Factory$Get.runWithNewCluster(MiniRaftCluster.java:113)
	at org.apache.ratis.server.impl.RaftReconfigurationBaseTest.testKillLeaderDuringReconf(RaftReconfigurationBaseTest.java:304)
	at sun.reflect.NativeMethodAccessorImpl.invoke0(Native Method)
	at sun.reflect.NativeMethodAccessorImpl.invoke(NativeMethodAccessorImpl.java:62)
	at sun.reflect.DelegatingMethodAccessorImpl.invoke(DelegatingMethodAccessorImpl.java:43)
	at java.lang.reflect.Method.invoke(Method.java:498)
	at org.junit.runners.model.FrameworkMethod$1.runReflectiveCall(FrameworkMethod.java:50)
	at org.junit.internal.runners.model.ReflectiveCallable.run(ReflectiveCallable.java:12)
	at org.junit.runners.model.FrameworkMethod.invokeExplosively(FrameworkMethod.java:47)
	at org.junit.internal.runners.statements.InvokeMethod.evaluate(InvokeMethod.java:17)
	at org.junit.internal.runners.statements.RunAfters.evaluate(RunAfters.java:27)
	at org.junit.internal.runners.statements.FailOnTimeout$CallableStatement.call(FailOnTimeout.java:298)
	at org.junit.internal.runners.statements.FailOnTimeout$CallableStatement.call(FailOnTimeout.java:292)
	at java.util.concurrent.FutureTask.run(FutureTask.java:266)
	at java.lang.Thread.run(Thread.java:748)
2019-09-26 09:46:07,990 INFO  impl.LeaderElection (LeaderElection.java:askForVotes(178)) - s1@group-808489D4E928-LeaderElection25: begin an election at term 49 for 0: [s0:0.0.0.0:42957, s1:0.0.0.0:41030, s2:0.0.0.0:35144], old=null
2019-09-26 09:46:07,992 INFO  impl.LeaderElection (LogUtils.java:infoOrTrace(149)) - s1@group-808489D4E928-LeaderElection25 got exception when requesting votes: java.util.concurrent.ExecutionException: org.apache.ratis.thirdparty.io.netty.channel.AbstractChannel$AnnotatedConnectException: Connection refused: /0.0.0.0:35144
2019-09-26 09:46:08,098 INFO  impl.LeaderElection (LeaderElection.java:logAndReturn(56)) - s0@group-808489D4E928-LeaderElection23: Election TIMEOUT; received 0 response(s) [] and 0 exception(s); s0@group-808489D4E928:t55, leader=null, voted=s0, raftlog=s0@group-808489D4E928-SegmentedRaftLog:OPENED:c-1,f-1,i0, conf=-1: [s0:0.0.0.0:42957, s1:0.0.0.0:41030, s2:0.0.0.0:35144], old=null
2019-09-26 09:46:08,102 INFO  impl.LeaderElection (LeaderElection.java:askForVotes(178)) - s0@group-808489D4E928-LeaderElection23: begin an election at term 56 for -1: [s0:0.0.0.0:42957, s1:0.0.0.0:41030, s2:0.0.0.0:35144], old=null
2019-09-26 09:46:08,259 INFO  impl.LeaderElection (LeaderElection.java:logAndReturn(56)) - s1@group-808489D4E928-LeaderElection25: Election TIMEOUT; received 0 response(s) [] and 1 exception(s); s1@group-808489D4E928:t49, leader=null, voted=s1, raftlog=s1@group-808489D4E928-SegmentedRaftLog:OPENED:c0,f0,i0, conf=0: [s0:0.0.0.0:42957, s1:0.0.0.0:41030, s2:0.0.0.0:35144], old=null
2019-09-26 09:46:08,259 INFO  impl.LeaderElection (LogUtils.java:infoOrTrace(149)) -   Exception 0: java.util.concurrent.ExecutionException: org.apache.ratis.thirdparty.io.netty.channel.AbstractChannel$AnnotatedConnectException: Connection refused: /0.0.0.0:35144
2019-09-26 09:46:08,274 INFO  impl.LeaderElection (LeaderElection.java:askForVotes(178)) - s1@group-808489D4E928-LeaderElection25: begin an election at term 50 for 0: [s0:0.0.0.0:42957, s1:0.0.0.0:41030, s2:0.0.0.0:35144], old=null
2019-09-26 09:46:08,276 INFO  impl.LeaderElection (LogUtils.java:infoOrTrace(149)) - s1@group-808489D4E928-LeaderElection25 got exception when requesting votes: java.util.concurrent.ExecutionException: org.apache.ratis.thirdparty.io.netty.channel.AbstractChannel$AnnotatedConnectException: Connection refused: /0.0.0.0:35144
2019-09-26 09:46:08,281 INFO  impl.LeaderElection (LeaderElection.java:logAndReturn(56)) - s0@group-808489D4E928-LeaderElection23: Election TIMEOUT; received 0 response(s) [] and 0 exception(s); s0@group-808489D4E928:t56, leader=null, voted=s0, raftlog=s0@group-808489D4E928-SegmentedRaftLog:OPENED:c-1,f-1,i0, conf=-1: [s0:0.0.0.0:42957, s1:0.0.0.0:41030, s2:0.0.0.0:35144], old=null
2019-09-26 09:46:08,292 INFO  impl.LeaderElection (LeaderElection.java:askForVotes(178)) - s0@group-808489D4E928-LeaderElection23: begin an election at term 57 for -1: [s0:0.0.0.0:42957, s1:0.0.0.0:41030, s2:0.0.0.0:35144], old=null
2019-09-26 09:46:08,441 WARN  ratis.RaftTestUtil (JavaUtils.java:attempt(158)) - FAILED "waitForLeader-null-(expectLeader? true)", attempt #27/100: java.lang.IllegalStateException: No leader yet : printing ALL groups
  s3:   CLOSED  FOLLOWER s3@group-808489D4E928:t0, leader=null, voted=null, raftlog=s3@group-808489D4E928-SegmentedRaftLog:CLOSED:c-1, conf=-1: [s0:0.0.0.0:42957, s1:0.0.0.0:41030, s2:0.0.0.0:35144], old=null CLOSED
  s0:  RUNNING CANDIDATE s0@group-808489D4E928:t57, leader=null, voted=s0, raftlog=s0@group-808489D4E928-SegmentedRaftLog:OPENED:c-1,f-1,i0, conf=-1: [s0:0.0.0.0:42957, s1:0.0.0.0:41030, s2:0.0.0.0:35144], old=null RUNNING
  s1:  RUNNING CANDIDATE s1@group-808489D4E928:t50, leader=null, voted=s1, raftlog=s1@group-808489D4E928-SegmentedRaftLog:OPENED:c0,f0,i0, conf=0: [s0:0.0.0.0:42957, s1:0.0.0.0:41030, s2:0.0.0.0:35144], old=null RUNNING
  s2:   CLOSED    LEADER s2@group-808489D4E928:t1, leader=s2, voted=s2, raftlog=s2@group-808489D4E928-SegmentedRaftLog:CLOSED:c0, conf=0: [s0:0.0.0.0:42957, s1:0.0.0.0:41030, s2:0.0.0.0:35144], old=null CLOSED, sleep 450ms and then retry.
java.lang.IllegalStateException: No leader yet : printing ALL groups
  s3:   CLOSED  FOLLOWER s3@group-808489D4E928:t0, leader=null, voted=null, raftlog=s3@group-808489D4E928-SegmentedRaftLog:CLOSED:c-1, conf=-1: [s0:0.0.0.0:42957, s1:0.0.0.0:41030, s2:0.0.0.0:35144], old=null CLOSED
  s0:  RUNNING CANDIDATE s0@group-808489D4E928:t57, leader=null, voted=s0, raftlog=s0@group-808489D4E928-SegmentedRaftLog:OPENED:c-1,f-1,i0, conf=-1: [s0:0.0.0.0:42957, s1:0.0.0.0:41030, s2:0.0.0.0:35144], old=null RUNNING
  s1:  RUNNING CANDIDATE s1@group-808489D4E928:t50, leader=null, voted=s1, raftlog=s1@group-808489D4E928-SegmentedRaftLog:OPENED:c0,f0,i0, conf=0: [s0:0.0.0.0:42957, s1:0.0.0.0:41030, s2:0.0.0.0:35144], old=null RUNNING
  s2:   CLOSED    LEADER s2@group-808489D4E928:t1, leader=s2, voted=s2, raftlog=s2@group-808489D4E928-SegmentedRaftLog:CLOSED:c0, conf=0: [s0:0.0.0.0:42957, s1:0.0.0.0:41030, s2:0.0.0.0:35144], old=null CLOSED
	at org.apache.ratis.MiniRaftCluster.newIllegalStateExceptionForNoLeaders(MiniRaftCluster.java:506)
	at org.apache.ratis.RaftTestUtil.lambda$waitForLeader$1(RaftTestUtil.java:90)
	at org.apache.ratis.MiniRaftCluster.getLeader(MiniRaftCluster.java:539)
	at org.apache.ratis.MiniRaftCluster.getLeader(MiniRaftCluster.java:532)
	at org.apache.ratis.RaftTestUtil.lambda$waitForLeader$3(RaftTestUtil.java:98)
	at org.apache.ratis.util.JavaUtils.attempt(JavaUtils.java:152)
	at org.apache.ratis.RaftTestUtil.waitForLeader(RaftTestUtil.java:97)
	at org.apache.ratis.RaftTestUtil.waitForLeader(RaftTestUtil.java:77)
	at org.apache.ratis.RaftTestUtil.waitForLeader(RaftTestUtil.java:72)
	at org.apache.ratis.server.impl.RaftReconfigurationBaseTest.runTestKillLeaderDuringReconf(RaftReconfigurationBaseTest.java:353)
	at org.apache.ratis.MiniRaftCluster$Factory$Get.runWithNewCluster(MiniRaftCluster.java:125)
	at org.apache.ratis.MiniRaftCluster$Factory$Get.runWithNewCluster(MiniRaftCluster.java:113)
	at org.apache.ratis.server.impl.RaftReconfigurationBaseTest.testKillLeaderDuringReconf(RaftReconfigurationBaseTest.java:304)
	at sun.reflect.NativeMethodAccessorImpl.invoke0(Native Method)
	at sun.reflect.NativeMethodAccessorImpl.invoke(NativeMethodAccessorImpl.java:62)
	at sun.reflect.DelegatingMethodAccessorImpl.invoke(DelegatingMethodAccessorImpl.java:43)
	at java.lang.reflect.Method.invoke(Method.java:498)
	at org.junit.runners.model.FrameworkMethod$1.runReflectiveCall(FrameworkMethod.java:50)
	at org.junit.internal.runners.model.ReflectiveCallable.run(ReflectiveCallable.java:12)
	at org.junit.runners.model.FrameworkMethod.invokeExplosively(FrameworkMethod.java:47)
	at org.junit.internal.runners.statements.InvokeMethod.evaluate(InvokeMethod.java:17)
	at org.junit.internal.runners.statements.RunAfters.evaluate(RunAfters.java:27)
	at org.junit.internal.runners.statements.FailOnTimeout$CallableStatement.call(FailOnTimeout.java:298)
	at org.junit.internal.runners.statements.FailOnTimeout$CallableStatement.call(FailOnTimeout.java:292)
	at java.util.concurrent.FutureTask.run(FutureTask.java:266)
	at java.lang.Thread.run(Thread.java:748)
2019-09-26 09:46:08,444 INFO  impl.LeaderElection (LeaderElection.java:logAndReturn(56)) - s0@group-808489D4E928-LeaderElection23: Election TIMEOUT; received 0 response(s) [] and 0 exception(s); s0@group-808489D4E928:t57, leader=null, voted=s0, raftlog=s0@group-808489D4E928-SegmentedRaftLog:OPENED:c-1,f-1,i0, conf=-1: [s0:0.0.0.0:42957, s1:0.0.0.0:41030, s2:0.0.0.0:35144], old=null
2019-09-26 09:46:08,458 INFO  impl.LeaderElection (LeaderElection.java:askForVotes(178)) - s0@group-808489D4E928-LeaderElection23: begin an election at term 58 for -1: [s0:0.0.0.0:42957, s1:0.0.0.0:41030, s2:0.0.0.0:35144], old=null
2019-09-26 09:46:08,570 INFO  impl.LeaderElection (LeaderElection.java:logAndReturn(56)) - s1@group-808489D4E928-LeaderElection25: Election TIMEOUT; received 0 response(s) [] and 1 exception(s); s1@group-808489D4E928:t50, leader=null, voted=s1, raftlog=s1@group-808489D4E928-SegmentedRaftLog:OPENED:c0,f0,i0, conf=0: [s0:0.0.0.0:42957, s1:0.0.0.0:41030, s2:0.0.0.0:35144], old=null
2019-09-26 09:46:08,571 INFO  impl.LeaderElection (LogUtils.java:infoOrTrace(149)) -   Exception 0: java.util.concurrent.ExecutionException: org.apache.ratis.thirdparty.io.netty.channel.AbstractChannel$AnnotatedConnectException: Connection refused: /0.0.0.0:35144
2019-09-26 09:46:08,585 INFO  impl.LeaderElection (LeaderElection.java:askForVotes(178)) - s1@group-808489D4E928-LeaderElection25: begin an election at term 51 for 0: [s0:0.0.0.0:42957, s1:0.0.0.0:41030, s2:0.0.0.0:35144], old=null
2019-09-26 09:46:08,587 INFO  impl.LeaderElection (LogUtils.java:infoOrTrace(149)) - s1@group-808489D4E928-LeaderElection25 got exception when requesting votes: java.util.concurrent.ExecutionException: org.apache.ratis.thirdparty.io.netty.channel.AbstractChannel$AnnotatedConnectException: Connection refused: /0.0.0.0:35144
2019-09-26 09:46:08,679 INFO  impl.LeaderElection (LeaderElection.java:logAndReturn(56)) - s0@group-808489D4E928-LeaderElection23: Election TIMEOUT; received 0 response(s) [] and 0 exception(s); s0@group-808489D4E928:t58, leader=null, voted=s0, raftlog=s0@group-808489D4E928-SegmentedRaftLog:OPENED:c-1,f-1,i0, conf=-1: [s0:0.0.0.0:42957, s1:0.0.0.0:41030, s2:0.0.0.0:35144], old=null
2019-09-26 09:46:08,686 INFO  impl.LeaderElection (LeaderElection.java:askForVotes(178)) - s0@group-808489D4E928-LeaderElection23: begin an election at term 59 for -1: [s0:0.0.0.0:42957, s1:0.0.0.0:41030, s2:0.0.0.0:35144], old=null
2019-09-26 09:46:08,760 INFO  impl.LeaderElection (LeaderElection.java:logAndReturn(56)) - s1@group-808489D4E928-LeaderElection25: Election TIMEOUT; received 0 response(s) [] and 1 exception(s); s1@group-808489D4E928:t51, leader=null, voted=s1, raftlog=s1@group-808489D4E928-SegmentedRaftLog:OPENED:c0,f0,i0, conf=0: [s0:0.0.0.0:42957, s1:0.0.0.0:41030, s2:0.0.0.0:35144], old=null
2019-09-26 09:46:08,760 INFO  impl.LeaderElection (LogUtils.java:infoOrTrace(149)) -   Exception 0: java.util.concurrent.ExecutionException: org.apache.ratis.thirdparty.io.netty.channel.AbstractChannel$AnnotatedConnectException: Connection refused: /0.0.0.0:35144
2019-09-26 09:46:08,773 INFO  impl.LeaderElection (LeaderElection.java:askForVotes(178)) - s1@group-808489D4E928-LeaderElection25: begin an election at term 52 for 0: [s0:0.0.0.0:42957, s1:0.0.0.0:41030, s2:0.0.0.0:35144], old=null
2019-09-26 09:46:08,776 INFO  impl.LeaderElection (LogUtils.java:infoOrTrace(149)) - s1@group-808489D4E928-LeaderElection25 got exception when requesting votes: java.util.concurrent.ExecutionException: org.apache.ratis.thirdparty.io.netty.channel.AbstractChannel$AnnotatedConnectException: Connection refused: /0.0.0.0:35144
2019-09-26 09:46:08,848 INFO  impl.LeaderElection (LeaderElection.java:logAndReturn(56)) - s0@group-808489D4E928-LeaderElection23: Election TIMEOUT; received 0 response(s) [] and 0 exception(s); s0@group-808489D4E928:t59, leader=null, voted=s0, raftlog=s0@group-808489D4E928-SegmentedRaftLog:OPENED:c-1,f-1,i0, conf=-1: [s0:0.0.0.0:42957, s1:0.0.0.0:41030, s2:0.0.0.0:35144], old=null
2019-09-26 09:46:08,861 INFO  impl.LeaderElection (LeaderElection.java:askForVotes(178)) - s0@group-808489D4E928-LeaderElection23: begin an election at term 60 for -1: [s0:0.0.0.0:42957, s1:0.0.0.0:41030, s2:0.0.0.0:35144], old=null
2019-09-26 09:46:08,892 WARN  ratis.RaftTestUtil (JavaUtils.java:attempt(158)) - FAILED "waitForLeader-null-(expectLeader? true)", attempt #28/100: java.lang.IllegalStateException: No leader yet : printing ALL groups
  s3:   CLOSED  FOLLOWER s3@group-808489D4E928:t0, leader=null, voted=null, raftlog=s3@group-808489D4E928-SegmentedRaftLog:CLOSED:c-1, conf=-1: [s0:0.0.0.0:42957, s1:0.0.0.0:41030, s2:0.0.0.0:35144], old=null CLOSED
  s0:  RUNNING CANDIDATE s0@group-808489D4E928:t60, leader=null, voted=s0, raftlog=s0@group-808489D4E928-SegmentedRaftLog:OPENED:c-1,f-1,i0, conf=-1: [s0:0.0.0.0:42957, s1:0.0.0.0:41030, s2:0.0.0.0:35144], old=null RUNNING
  s1:  RUNNING CANDIDATE s1@group-808489D4E928:t52, leader=null, voted=s1, raftlog=s1@group-808489D4E928-SegmentedRaftLog:OPENED:c0,f0,i0, conf=0: [s0:0.0.0.0:42957, s1:0.0.0.0:41030, s2:0.0.0.0:35144], old=null RUNNING
  s2:   CLOSED    LEADER s2@group-808489D4E928:t1, leader=s2, voted=s2, raftlog=s2@group-808489D4E928-SegmentedRaftLog:CLOSED:c0, conf=0: [s0:0.0.0.0:42957, s1:0.0.0.0:41030, s2:0.0.0.0:35144], old=null CLOSED, sleep 450ms and then retry.
java.lang.IllegalStateException: No leader yet : printing ALL groups
  s3:   CLOSED  FOLLOWER s3@group-808489D4E928:t0, leader=null, voted=null, raftlog=s3@group-808489D4E928-SegmentedRaftLog:CLOSED:c-1, conf=-1: [s0:0.0.0.0:42957, s1:0.0.0.0:41030, s2:0.0.0.0:35144], old=null CLOSED
  s0:  RUNNING CANDIDATE s0@group-808489D4E928:t60, leader=null, voted=s0, raftlog=s0@group-808489D4E928-SegmentedRaftLog:OPENED:c-1,f-1,i0, conf=-1: [s0:0.0.0.0:42957, s1:0.0.0.0:41030, s2:0.0.0.0:35144], old=null RUNNING
  s1:  RUNNING CANDIDATE s1@group-808489D4E928:t52, leader=null, voted=s1, raftlog=s1@group-808489D4E928-SegmentedRaftLog:OPENED:c0,f0,i0, conf=0: [s0:0.0.0.0:42957, s1:0.0.0.0:41030, s2:0.0.0.0:35144], old=null RUNNING
  s2:   CLOSED    LEADER s2@group-808489D4E928:t1, leader=s2, voted=s2, raftlog=s2@group-808489D4E928-SegmentedRaftLog:CLOSED:c0, conf=0: [s0:0.0.0.0:42957, s1:0.0.0.0:41030, s2:0.0.0.0:35144], old=null CLOSED
	at org.apache.ratis.MiniRaftCluster.newIllegalStateExceptionForNoLeaders(MiniRaftCluster.java:506)
	at org.apache.ratis.RaftTestUtil.lambda$waitForLeader$1(RaftTestUtil.java:90)
	at org.apache.ratis.MiniRaftCluster.getLeader(MiniRaftCluster.java:539)
	at org.apache.ratis.MiniRaftCluster.getLeader(MiniRaftCluster.java:532)
	at org.apache.ratis.RaftTestUtil.lambda$waitForLeader$3(RaftTestUtil.java:98)
	at org.apache.ratis.util.JavaUtils.attempt(JavaUtils.java:152)
	at org.apache.ratis.RaftTestUtil.waitForLeader(RaftTestUtil.java:97)
	at org.apache.ratis.RaftTestUtil.waitForLeader(RaftTestUtil.java:77)
	at org.apache.ratis.RaftTestUtil.waitForLeader(RaftTestUtil.java:72)
	at org.apache.ratis.server.impl.RaftReconfigurationBaseTest.runTestKillLeaderDuringReconf(RaftReconfigurationBaseTest.java:353)
	at org.apache.ratis.MiniRaftCluster$Factory$Get.runWithNewCluster(MiniRaftCluster.java:125)
	at org.apache.ratis.MiniRaftCluster$Factory$Get.runWithNewCluster(MiniRaftCluster.java:113)
	at org.apache.ratis.server.impl.RaftReconfigurationBaseTest.testKillLeaderDuringReconf(RaftReconfigurationBaseTest.java:304)
	at sun.reflect.NativeMethodAccessorImpl.invoke0(Native Method)
	at sun.reflect.NativeMethodAccessorImpl.invoke(NativeMethodAccessorImpl.java:62)
	at sun.reflect.DelegatingMethodAccessorImpl.invoke(DelegatingMethodAccessorImpl.java:43)
	at java.lang.reflect.Method.invoke(Method.java:498)
	at org.junit.runners.model.FrameworkMethod$1.runReflectiveCall(FrameworkMethod.java:50)
	at org.junit.internal.runners.model.ReflectiveCallable.run(ReflectiveCallable.java:12)
	at org.junit.runners.model.FrameworkMethod.invokeExplosively(FrameworkMethod.java:47)
	at org.junit.internal.runners.statements.InvokeMethod.evaluate(InvokeMethod.java:17)
	at org.junit.internal.runners.statements.RunAfters.evaluate(RunAfters.java:27)
	at org.junit.internal.runners.statements.FailOnTimeout$CallableStatement.call(FailOnTimeout.java:298)
	at org.junit.internal.runners.statements.FailOnTimeout$CallableStatement.call(FailOnTimeout.java:292)
	at java.util.concurrent.FutureTask.run(FutureTask.java:266)
	at java.lang.Thread.run(Thread.java:748)
2019-09-26 09:46:09,014 INFO  impl.LeaderElection (LeaderElection.java:logAndReturn(56)) - s0@group-808489D4E928-LeaderElection23: Election TIMEOUT; received 0 response(s) [] and 0 exception(s); s0@group-808489D4E928:t60, leader=null, voted=s0, raftlog=s0@group-808489D4E928-SegmentedRaftLog:OPENED:c-1,f-1,i0, conf=-1: [s0:0.0.0.0:42957, s1:0.0.0.0:41030, s2:0.0.0.0:35144], old=null
2019-09-26 09:46:09,025 INFO  impl.LeaderElection (LeaderElection.java:askForVotes(178)) - s0@group-808489D4E928-LeaderElection23: begin an election at term 61 for -1: [s0:0.0.0.0:42957, s1:0.0.0.0:41030, s2:0.0.0.0:35144], old=null
2019-09-26 09:46:09,054 INFO  impl.LeaderElection (LeaderElection.java:logAndReturn(56)) - s1@group-808489D4E928-LeaderElection25: Election TIMEOUT; received 0 response(s) [] and 1 exception(s); s1@group-808489D4E928:t52, leader=null, voted=s1, raftlog=s1@group-808489D4E928-SegmentedRaftLog:OPENED:c0,f0,i0, conf=0: [s0:0.0.0.0:42957, s1:0.0.0.0:41030, s2:0.0.0.0:35144], old=null
2019-09-26 09:46:09,054 INFO  impl.LeaderElection (LogUtils.java:infoOrTrace(149)) -   Exception 0: java.util.concurrent.ExecutionException: org.apache.ratis.thirdparty.io.netty.channel.AbstractChannel$AnnotatedConnectException: Connection refused: /0.0.0.0:35144
2019-09-26 09:46:09,068 INFO  impl.LeaderElection (LeaderElection.java:askForVotes(178)) - s1@group-808489D4E928-LeaderElection25: begin an election at term 53 for 0: [s0:0.0.0.0:42957, s1:0.0.0.0:41030, s2:0.0.0.0:35144], old=null
2019-09-26 09:46:09,070 INFO  impl.LeaderElection (LogUtils.java:infoOrTrace(149)) - s1@group-808489D4E928-LeaderElection25 got exception when requesting votes: java.util.concurrent.ExecutionException: org.apache.ratis.thirdparty.io.netty.channel.AbstractChannel$AnnotatedConnectException: Connection refused: /0.0.0.0:35144
2019-09-26 09:46:09,325 INFO  impl.LeaderElection (LeaderElection.java:logAndReturn(56)) - s0@group-808489D4E928-LeaderElection23: Election TIMEOUT; received 0 response(s) [] and 0 exception(s); s0@group-808489D4E928:t61, leader=null, voted=s0, raftlog=s0@group-808489D4E928-SegmentedRaftLog:OPENED:c-1,f-1,i0, conf=-1: [s0:0.0.0.0:42957, s1:0.0.0.0:41030, s2:0.0.0.0:35144], old=null
2019-09-26 09:46:09,328 INFO  impl.LeaderElection (LeaderElection.java:askForVotes(178)) - s0@group-808489D4E928-LeaderElection23: begin an election at term 62 for -1: [s0:0.0.0.0:42957, s1:0.0.0.0:41030, s2:0.0.0.0:35144], old=null
2019-09-26 09:46:09,343 WARN  ratis.RaftTestUtil (JavaUtils.java:attempt(158)) - FAILED "waitForLeader-null-(expectLeader? true)", attempt #29/100: java.lang.IllegalStateException: No leader yet : printing ALL groups
  s3:   CLOSED  FOLLOWER s3@group-808489D4E928:t0, leader=null, voted=null, raftlog=s3@group-808489D4E928-SegmentedRaftLog:CLOSED:c-1, conf=-1: [s0:0.0.0.0:42957, s1:0.0.0.0:41030, s2:0.0.0.0:35144], old=null CLOSED
  s0:  RUNNING CANDIDATE s0@group-808489D4E928:t62, leader=null, voted=s0, raftlog=s0@group-808489D4E928-SegmentedRaftLog:OPENED:c-1,f-1,i0, conf=-1: [s0:0.0.0.0:42957, s1:0.0.0.0:41030, s2:0.0.0.0:35144], old=null RUNNING
  s1:  RUNNING CANDIDATE s1@group-808489D4E928:t53, leader=null, voted=s1, raftlog=s1@group-808489D4E928-SegmentedRaftLog:OPENED:c0,f0,i0, conf=0: [s0:0.0.0.0:42957, s1:0.0.0.0:41030, s2:0.0.0.0:35144], old=null RUNNING
  s2:   CLOSED    LEADER s2@group-808489D4E928:t1, leader=s2, voted=s2, raftlog=s2@group-808489D4E928-SegmentedRaftLog:CLOSED:c0, conf=0: [s0:0.0.0.0:42957, s1:0.0.0.0:41030, s2:0.0.0.0:35144], old=null CLOSED, sleep 450ms and then retry.
java.lang.IllegalStateException: No leader yet : printing ALL groups
  s3:   CLOSED  FOLLOWER s3@group-808489D4E928:t0, leader=null, voted=null, raftlog=s3@group-808489D4E928-SegmentedRaftLog:CLOSED:c-1, conf=-1: [s0:0.0.0.0:42957, s1:0.0.0.0:41030, s2:0.0.0.0:35144], old=null CLOSED
  s0:  RUNNING CANDIDATE s0@group-808489D4E928:t62, leader=null, voted=s0, raftlog=s0@group-808489D4E928-SegmentedRaftLog:OPENED:c-1,f-1,i0, conf=-1: [s0:0.0.0.0:42957, s1:0.0.0.0:41030, s2:0.0.0.0:35144], old=null RUNNING
  s1:  RUNNING CANDIDATE s1@group-808489D4E928:t53, leader=null, voted=s1, raftlog=s1@group-808489D4E928-SegmentedRaftLog:OPENED:c0,f0,i0, conf=0: [s0:0.0.0.0:42957, s1:0.0.0.0:41030, s2:0.0.0.0:35144], old=null RUNNING
  s2:   CLOSED    LEADER s2@group-808489D4E928:t1, leader=s2, voted=s2, raftlog=s2@group-808489D4E928-SegmentedRaftLog:CLOSED:c0, conf=0: [s0:0.0.0.0:42957, s1:0.0.0.0:41030, s2:0.0.0.0:35144], old=null CLOSED
	at org.apache.ratis.MiniRaftCluster.newIllegalStateExceptionForNoLeaders(MiniRaftCluster.java:506)
	at org.apache.ratis.RaftTestUtil.lambda$waitForLeader$1(RaftTestUtil.java:90)
	at org.apache.ratis.MiniRaftCluster.getLeader(MiniRaftCluster.java:539)
	at org.apache.ratis.MiniRaftCluster.getLeader(MiniRaftCluster.java:532)
	at org.apache.ratis.RaftTestUtil.lambda$waitForLeader$3(RaftTestUtil.java:98)
	at org.apache.ratis.util.JavaUtils.attempt(JavaUtils.java:152)
	at org.apache.ratis.RaftTestUtil.waitForLeader(RaftTestUtil.java:97)
	at org.apache.ratis.RaftTestUtil.waitForLeader(RaftTestUtil.java:77)
	at org.apache.ratis.RaftTestUtil.waitForLeader(RaftTestUtil.java:72)
	at org.apache.ratis.server.impl.RaftReconfigurationBaseTest.runTestKillLeaderDuringReconf(RaftReconfigurationBaseTest.java:353)
	at org.apache.ratis.MiniRaftCluster$Factory$Get.runWithNewCluster(MiniRaftCluster.java:125)
	at org.apache.ratis.MiniRaftCluster$Factory$Get.runWithNewCluster(MiniRaftCluster.java:113)
	at org.apache.ratis.server.impl.RaftReconfigurationBaseTest.testKillLeaderDuringReconf(RaftReconfigurationBaseTest.java:304)
	at sun.reflect.NativeMethodAccessorImpl.invoke0(Native Method)
	at sun.reflect.NativeMethodAccessorImpl.invoke(NativeMethodAccessorImpl.java:62)
	at sun.reflect.DelegatingMethodAccessorImpl.invoke(DelegatingMethodAccessorImpl.java:43)
	at java.lang.reflect.Method.invoke(Method.java:498)
	at org.junit.runners.model.FrameworkMethod$1.runReflectiveCall(FrameworkMethod.java:50)
	at org.junit.internal.runners.model.ReflectiveCallable.run(ReflectiveCallable.java:12)
	at org.junit.runners.model.FrameworkMethod.invokeExplosively(FrameworkMethod.java:47)
	at org.junit.internal.runners.statements.InvokeMethod.evaluate(InvokeMethod.java:17)
	at org.junit.internal.runners.statements.RunAfters.evaluate(RunAfters.java:27)
	at org.junit.internal.runners.statements.FailOnTimeout$CallableStatement.call(FailOnTimeout.java:298)
	at org.junit.internal.runners.statements.FailOnTimeout$CallableStatement.call(FailOnTimeout.java:292)
	at java.util.concurrent.FutureTask.run(FutureTask.java:266)
	at java.lang.Thread.run(Thread.java:748)
2019-09-26 09:46:09,360 INFO  impl.LeaderElection (LeaderElection.java:logAndReturn(56)) - s1@group-808489D4E928-LeaderElection25: Election TIMEOUT; received 0 response(s) [] and 1 exception(s); s1@group-808489D4E928:t53, leader=null, voted=s1, raftlog=s1@group-808489D4E928-SegmentedRaftLog:OPENED:c0,f0,i0, conf=0: [s0:0.0.0.0:42957, s1:0.0.0.0:41030, s2:0.0.0.0:35144], old=null
2019-09-26 09:46:09,360 INFO  impl.LeaderElection (LogUtils.java:infoOrTrace(149)) -   Exception 0: java.util.concurrent.ExecutionException: org.apache.ratis.thirdparty.io.netty.channel.AbstractChannel$AnnotatedConnectException: Connection refused: /0.0.0.0:35144
2019-09-26 09:46:09,374 INFO  impl.LeaderElection (LeaderElection.java:askForVotes(178)) - s1@group-808489D4E928-LeaderElection25: begin an election at term 54 for 0: [s0:0.0.0.0:42957, s1:0.0.0.0:41030, s2:0.0.0.0:35144], old=null
2019-09-26 09:46:09,376 INFO  impl.LeaderElection (LogUtils.java:infoOrTrace(149)) - s1@group-808489D4E928-LeaderElection25 got exception when requesting votes: java.util.concurrent.ExecutionException: org.apache.ratis.thirdparty.io.netty.channel.AbstractChannel$AnnotatedConnectException: Connection refused: /0.0.0.0:35144
2019-09-26 09:46:09,556 INFO  impl.LeaderElection (LeaderElection.java:logAndReturn(56)) - s1@group-808489D4E928-LeaderElection25: Election TIMEOUT; received 0 response(s) [] and 1 exception(s); s1@group-808489D4E928:t54, leader=null, voted=s1, raftlog=s1@group-808489D4E928-SegmentedRaftLog:OPENED:c0,f0,i0, conf=0: [s0:0.0.0.0:42957, s1:0.0.0.0:41030, s2:0.0.0.0:35144], old=null
2019-09-26 09:46:09,556 INFO  impl.LeaderElection (LogUtils.java:infoOrTrace(149)) -   Exception 0: java.util.concurrent.ExecutionException: org.apache.ratis.thirdparty.io.netty.channel.AbstractChannel$AnnotatedConnectException: Connection refused: /0.0.0.0:35144
2019-09-26 09:46:09,571 INFO  impl.LeaderElection (LeaderElection.java:askForVotes(178)) - s1@group-808489D4E928-LeaderElection25: begin an election at term 55 for 0: [s0:0.0.0.0:42957, s1:0.0.0.0:41030, s2:0.0.0.0:35144], old=null
2019-09-26 09:46:09,574 INFO  impl.LeaderElection (LogUtils.java:infoOrTrace(149)) - s1@group-808489D4E928-LeaderElection25 got exception when requesting votes: java.util.concurrent.ExecutionException: org.apache.ratis.thirdparty.io.netty.channel.AbstractChannel$AnnotatedConnectException: Connection refused: /0.0.0.0:35144
2019-09-26 09:46:09,593 INFO  impl.LeaderElection (LeaderElection.java:logAndReturn(56)) - s0@group-808489D4E928-LeaderElection23: Election TIMEOUT; received 0 response(s) [] and 0 exception(s); s0@group-808489D4E928:t62, leader=null, voted=s0, raftlog=s0@group-808489D4E928-SegmentedRaftLog:OPENED:c-1,f-1,i0, conf=-1: [s0:0.0.0.0:42957, s1:0.0.0.0:41030, s2:0.0.0.0:35144], old=null
2019-09-26 09:46:09,607 INFO  impl.LeaderElection (LeaderElection.java:askForVotes(178)) - s0@group-808489D4E928-LeaderElection23: begin an election at term 63 for -1: [s0:0.0.0.0:42957, s1:0.0.0.0:41030, s2:0.0.0.0:35144], old=null
2019-09-26 09:46:09,752 INFO  impl.LeaderElection (LeaderElection.java:logAndReturn(56)) - s1@group-808489D4E928-LeaderElection25: Election TIMEOUT; received 0 response(s) [] and 1 exception(s); s1@group-808489D4E928:t55, leader=null, voted=s1, raftlog=s1@group-808489D4E928-SegmentedRaftLog:OPENED:c0,f0,i0, conf=0: [s0:0.0.0.0:42957, s1:0.0.0.0:41030, s2:0.0.0.0:35144], old=null
2019-09-26 09:46:09,752 INFO  impl.LeaderElection (LogUtils.java:infoOrTrace(149)) -   Exception 0: java.util.concurrent.ExecutionException: org.apache.ratis.thirdparty.io.netty.channel.AbstractChannel$AnnotatedConnectException: Connection refused: /0.0.0.0:35144
2019-09-26 09:46:09,766 INFO  impl.LeaderElection (LeaderElection.java:askForVotes(178)) - s1@group-808489D4E928-LeaderElection25: begin an election at term 56 for 0: [s0:0.0.0.0:42957, s1:0.0.0.0:41030, s2:0.0.0.0:35144], old=null
2019-09-26 09:46:09,768 INFO  impl.LeaderElection (LogUtils.java:infoOrTrace(149)) - s1@group-808489D4E928-LeaderElection25 got exception when requesting votes: java.util.concurrent.ExecutionException: org.apache.ratis.thirdparty.io.netty.channel.AbstractChannel$AnnotatedConnectException: Connection refused: /0.0.0.0:35144
2019-09-26 09:46:09,795 WARN  ratis.RaftTestUtil (JavaUtils.java:attempt(158)) - FAILED "waitForLeader-null-(expectLeader? true)", attempt #30/100: java.lang.IllegalStateException: No leader yet : printing ALL groups
  s3:   CLOSED  FOLLOWER s3@group-808489D4E928:t0, leader=null, voted=null, raftlog=s3@group-808489D4E928-SegmentedRaftLog:CLOSED:c-1, conf=-1: [s0:0.0.0.0:42957, s1:0.0.0.0:41030, s2:0.0.0.0:35144], old=null CLOSED
  s0:  RUNNING CANDIDATE s0@group-808489D4E928:t63, leader=null, voted=s0, raftlog=s0@group-808489D4E928-SegmentedRaftLog:OPENED:c-1,f-1,i0, conf=-1: [s0:0.0.0.0:42957, s1:0.0.0.0:41030, s2:0.0.0.0:35144], old=null RUNNING
  s1:  RUNNING CANDIDATE s1@group-808489D4E928:t56, leader=null, voted=s1, raftlog=s1@group-808489D4E928-SegmentedRaftLog:OPENED:c0,f0,i0, conf=0: [s0:0.0.0.0:42957, s1:0.0.0.0:41030, s2:0.0.0.0:35144], old=null RUNNING
  s2:   CLOSED    LEADER s2@group-808489D4E928:t1, leader=s2, voted=s2, raftlog=s2@group-808489D4E928-SegmentedRaftLog:CLOSED:c0, conf=0: [s0:0.0.0.0:42957, s1:0.0.0.0:41030, s2:0.0.0.0:35144], old=null CLOSED, sleep 450ms and then retry.
java.lang.IllegalStateException: No leader yet : printing ALL groups
  s3:   CLOSED  FOLLOWER s3@group-808489D4E928:t0, leader=null, voted=null, raftlog=s3@group-808489D4E928-SegmentedRaftLog:CLOSED:c-1, conf=-1: [s0:0.0.0.0:42957, s1:0.0.0.0:41030, s2:0.0.0.0:35144], old=null CLOSED
  s0:  RUNNING CANDIDATE s0@group-808489D4E928:t63, leader=null, voted=s0, raftlog=s0@group-808489D4E928-SegmentedRaftLog:OPENED:c-1,f-1,i0, conf=-1: [s0:0.0.0.0:42957, s1:0.0.0.0:41030, s2:0.0.0.0:35144], old=null RUNNING
  s1:  RUNNING CANDIDATE s1@group-808489D4E928:t56, leader=null, voted=s1, raftlog=s1@group-808489D4E928-SegmentedRaftLog:OPENED:c0,f0,i0, conf=0: [s0:0.0.0.0:42957, s1:0.0.0.0:41030, s2:0.0.0.0:35144], old=null RUNNING
  s2:   CLOSED    LEADER s2@group-808489D4E928:t1, leader=s2, voted=s2, raftlog=s2@group-808489D4E928-SegmentedRaftLog:CLOSED:c0, conf=0: [s0:0.0.0.0:42957, s1:0.0.0.0:41030, s2:0.0.0.0:35144], old=null CLOSED
	at org.apache.ratis.MiniRaftCluster.newIllegalStateExceptionForNoLeaders(MiniRaftCluster.java:506)
	at org.apache.ratis.RaftTestUtil.lambda$waitForLeader$1(RaftTestUtil.java:90)
	at org.apache.ratis.MiniRaftCluster.getLeader(MiniRaftCluster.java:539)
	at org.apache.ratis.MiniRaftCluster.getLeader(MiniRaftCluster.java:532)
	at org.apache.ratis.RaftTestUtil.lambda$waitForLeader$3(RaftTestUtil.java:98)
	at org.apache.ratis.util.JavaUtils.attempt(JavaUtils.java:152)
	at org.apache.ratis.RaftTestUtil.waitForLeader(RaftTestUtil.java:97)
	at org.apache.ratis.RaftTestUtil.waitForLeader(RaftTestUtil.java:77)
	at org.apache.ratis.RaftTestUtil.waitForLeader(RaftTestUtil.java:72)
	at org.apache.ratis.server.impl.RaftReconfigurationBaseTest.runTestKillLeaderDuringReconf(RaftReconfigurationBaseTest.java:353)
	at org.apache.ratis.MiniRaftCluster$Factory$Get.runWithNewCluster(MiniRaftCluster.java:125)
	at org.apache.ratis.MiniRaftCluster$Factory$Get.runWithNewCluster(MiniRaftCluster.java:113)
	at org.apache.ratis.server.impl.RaftReconfigurationBaseTest.testKillLeaderDuringReconf(RaftReconfigurationBaseTest.java:304)
	at sun.reflect.NativeMethodAccessorImpl.invoke0(Native Method)
	at sun.reflect.NativeMethodAccessorImpl.invoke(NativeMethodAccessorImpl.java:62)
	at sun.reflect.DelegatingMethodAccessorImpl.invoke(DelegatingMethodAccessorImpl.java:43)
	at java.lang.reflect.Method.invoke(Method.java:498)
	at org.junit.runners.model.FrameworkMethod$1.runReflectiveCall(FrameworkMethod.java:50)
	at org.junit.internal.runners.model.ReflectiveCallable.run(ReflectiveCallable.java:12)
	at org.junit.runners.model.FrameworkMethod.invokeExplosively(FrameworkMethod.java:47)
	at org.junit.internal.runners.statements.InvokeMethod.evaluate(InvokeMethod.java:17)
	at org.junit.internal.runners.statements.RunAfters.evaluate(RunAfters.java:27)
	at org.junit.internal.runners.statements.FailOnTimeout$CallableStatement.call(FailOnTimeout.java:298)
	at org.junit.internal.runners.statements.FailOnTimeout$CallableStatement.call(FailOnTimeout.java:292)
	at java.util.concurrent.FutureTask.run(FutureTask.java:266)
	at java.lang.Thread.run(Thread.java:748)
2019-09-26 09:46:09,880 INFO  impl.LeaderElection (LeaderElection.java:logAndReturn(56)) - s0@group-808489D4E928-LeaderElection23: Election TIMEOUT; received 0 response(s) [] and 0 exception(s); s0@group-808489D4E928:t63, leader=null, voted=s0, raftlog=s0@group-808489D4E928-SegmentedRaftLog:OPENED:c-1,f-1,i0, conf=-1: [s0:0.0.0.0:42957, s1:0.0.0.0:41030, s2:0.0.0.0:35144], old=null
2019-09-26 09:46:09,893 INFO  impl.LeaderElection (LeaderElection.java:askForVotes(178)) - s0@group-808489D4E928-LeaderElection23: begin an election at term 64 for -1: [s0:0.0.0.0:42957, s1:0.0.0.0:41030, s2:0.0.0.0:35144], old=null
2019-09-26 09:46:09,927 INFO  impl.LeaderElection (LeaderElection.java:logAndReturn(56)) - s1@group-808489D4E928-LeaderElection25: Election TIMEOUT; received 0 response(s) [] and 1 exception(s); s1@group-808489D4E928:t56, leader=null, voted=s1, raftlog=s1@group-808489D4E928-SegmentedRaftLog:OPENED:c0,f0,i0, conf=0: [s0:0.0.0.0:42957, s1:0.0.0.0:41030, s2:0.0.0.0:35144], old=null
2019-09-26 09:46:09,927 INFO  impl.LeaderElection (LogUtils.java:infoOrTrace(149)) -   Exception 0: java.util.concurrent.ExecutionException: org.apache.ratis.thirdparty.io.netty.channel.AbstractChannel$AnnotatedConnectException: Connection refused: /0.0.0.0:35144
2019-09-26 09:46:09,940 INFO  impl.LeaderElection (LeaderElection.java:askForVotes(178)) - s1@group-808489D4E928-LeaderElection25: begin an election at term 57 for 0: [s0:0.0.0.0:42957, s1:0.0.0.0:41030, s2:0.0.0.0:35144], old=null
2019-09-26 09:46:09,943 INFO  impl.LeaderElection (LogUtils.java:infoOrTrace(149)) - s1@group-808489D4E928-LeaderElection25 got exception when requesting votes: java.util.concurrent.ExecutionException: org.apache.ratis.thirdparty.io.netty.channel.AbstractChannel$AnnotatedConnectException: Connection refused: /0.0.0.0:35144
2019-09-26 09:46:10,090 INFO  impl.LeaderElection (LeaderElection.java:logAndReturn(56)) - s0@group-808489D4E928-LeaderElection23: Election TIMEOUT; received 0 response(s) [] and 0 exception(s); s0@group-808489D4E928:t64, leader=null, voted=s0, raftlog=s0@group-808489D4E928-SegmentedRaftLog:OPENED:c-1,f-1,i0, conf=-1: [s0:0.0.0.0:42957, s1:0.0.0.0:41030, s2:0.0.0.0:35144], old=null
2019-09-26 09:46:10,104 INFO  impl.LeaderElection (LeaderElection.java:askForVotes(178)) - s0@group-808489D4E928-LeaderElection23: begin an election at term 65 for -1: [s0:0.0.0.0:42957, s1:0.0.0.0:41030, s2:0.0.0.0:35144], old=null
2019-09-26 09:46:10,111 INFO  impl.LeaderElection (LeaderElection.java:logAndReturn(56)) - s1@group-808489D4E928-LeaderElection25: Election TIMEOUT; received 0 response(s) [] and 1 exception(s); s1@group-808489D4E928:t57, leader=null, voted=s1, raftlog=s1@group-808489D4E928-SegmentedRaftLog:OPENED:c0,f0,i0, conf=0: [s0:0.0.0.0:42957, s1:0.0.0.0:41030, s2:0.0.0.0:35144], old=null
2019-09-26 09:46:10,111 INFO  impl.LeaderElection (LogUtils.java:infoOrTrace(149)) -   Exception 0: java.util.concurrent.ExecutionException: org.apache.ratis.thirdparty.io.netty.channel.AbstractChannel$AnnotatedConnectException: Connection refused: /0.0.0.0:35144
2019-09-26 09:46:10,125 INFO  impl.LeaderElection (LeaderElection.java:askForVotes(178)) - s1@group-808489D4E928-LeaderElection25: begin an election at term 58 for 0: [s0:0.0.0.0:42957, s1:0.0.0.0:41030, s2:0.0.0.0:35144], old=null
2019-09-26 09:46:10,127 INFO  impl.LeaderElection (LogUtils.java:infoOrTrace(149)) - s1@group-808489D4E928-LeaderElection25 got exception when requesting votes: java.util.concurrent.ExecutionException: org.apache.ratis.thirdparty.io.netty.channel.AbstractChannel$AnnotatedConnectException: Connection refused: /0.0.0.0:35144
2019-09-26 09:46:10,246 WARN  ratis.RaftTestUtil (JavaUtils.java:attempt(158)) - FAILED "waitForLeader-null-(expectLeader? true)", attempt #31/100: java.lang.IllegalStateException: No leader yet : printing ALL groups
  s3:   CLOSED  FOLLOWER s3@group-808489D4E928:t0, leader=null, voted=null, raftlog=s3@group-808489D4E928-SegmentedRaftLog:CLOSED:c-1, conf=-1: [s0:0.0.0.0:42957, s1:0.0.0.0:41030, s2:0.0.0.0:35144], old=null CLOSED
  s0:  RUNNING CANDIDATE s0@group-808489D4E928:t65, leader=null, voted=s0, raftlog=s0@group-808489D4E928-SegmentedRaftLog:OPENED:c-1,f-1,i0, conf=-1: [s0:0.0.0.0:42957, s1:0.0.0.0:41030, s2:0.0.0.0:35144], old=null RUNNING
  s1:  RUNNING CANDIDATE s1@group-808489D4E928:t58, leader=null, voted=s1, raftlog=s1@group-808489D4E928-SegmentedRaftLog:OPENED:c0,f0,i0, conf=0: [s0:0.0.0.0:42957, s1:0.0.0.0:41030, s2:0.0.0.0:35144], old=null RUNNING
  s2:   CLOSED    LEADER s2@group-808489D4E928:t1, leader=s2, voted=s2, raftlog=s2@group-808489D4E928-SegmentedRaftLog:CLOSED:c0, conf=0: [s0:0.0.0.0:42957, s1:0.0.0.0:41030, s2:0.0.0.0:35144], old=null CLOSED, sleep 450ms and then retry.
java.lang.IllegalStateException: No leader yet : printing ALL groups
  s3:   CLOSED  FOLLOWER s3@group-808489D4E928:t0, leader=null, voted=null, raftlog=s3@group-808489D4E928-SegmentedRaftLog:CLOSED:c-1, conf=-1: [s0:0.0.0.0:42957, s1:0.0.0.0:41030, s2:0.0.0.0:35144], old=null CLOSED
  s0:  RUNNING CANDIDATE s0@group-808489D4E928:t65, leader=null, voted=s0, raftlog=s0@group-808489D4E928-SegmentedRaftLog:OPENED:c-1,f-1,i0, conf=-1: [s0:0.0.0.0:42957, s1:0.0.0.0:41030, s2:0.0.0.0:35144], old=null RUNNING
  s1:  RUNNING CANDIDATE s1@group-808489D4E928:t58, leader=null, voted=s1, raftlog=s1@group-808489D4E928-SegmentedRaftLog:OPENED:c0,f0,i0, conf=0: [s0:0.0.0.0:42957, s1:0.0.0.0:41030, s2:0.0.0.0:35144], old=null RUNNING
  s2:   CLOSED    LEADER s2@group-808489D4E928:t1, leader=s2, voted=s2, raftlog=s2@group-808489D4E928-SegmentedRaftLog:CLOSED:c0, conf=0: [s0:0.0.0.0:42957, s1:0.0.0.0:41030, s2:0.0.0.0:35144], old=null CLOSED
	at org.apache.ratis.MiniRaftCluster.newIllegalStateExceptionForNoLeaders(MiniRaftCluster.java:506)
	at org.apache.ratis.RaftTestUtil.lambda$waitForLeader$1(RaftTestUtil.java:90)
	at org.apache.ratis.MiniRaftCluster.getLeader(MiniRaftCluster.java:539)
	at org.apache.ratis.MiniRaftCluster.getLeader(MiniRaftCluster.java:532)
	at org.apache.ratis.RaftTestUtil.lambda$waitForLeader$3(RaftTestUtil.java:98)
	at org.apache.ratis.util.JavaUtils.attempt(JavaUtils.java:152)
	at org.apache.ratis.RaftTestUtil.waitForLeader(RaftTestUtil.java:97)
	at org.apache.ratis.RaftTestUtil.waitForLeader(RaftTestUtil.java:77)
	at org.apache.ratis.RaftTestUtil.waitForLeader(RaftTestUtil.java:72)
	at org.apache.ratis.server.impl.RaftReconfigurationBaseTest.runTestKillLeaderDuringReconf(RaftReconfigurationBaseTest.java:353)
	at org.apache.ratis.MiniRaftCluster$Factory$Get.runWithNewCluster(MiniRaftCluster.java:125)
	at org.apache.ratis.MiniRaftCluster$Factory$Get.runWithNewCluster(MiniRaftCluster.java:113)
	at org.apache.ratis.server.impl.RaftReconfigurationBaseTest.testKillLeaderDuringReconf(RaftReconfigurationBaseTest.java:304)
	at sun.reflect.NativeMethodAccessorImpl.invoke0(Native Method)
	at sun.reflect.NativeMethodAccessorImpl.invoke(NativeMethodAccessorImpl.java:62)
	at sun.reflect.DelegatingMethodAccessorImpl.invoke(DelegatingMethodAccessorImpl.java:43)
	at java.lang.reflect.Method.invoke(Method.java:498)
	at org.junit.runners.model.FrameworkMethod$1.runReflectiveCall(FrameworkMethod.java:50)
	at org.junit.internal.runners.model.ReflectiveCallable.run(ReflectiveCallable.java:12)
	at org.junit.runners.model.FrameworkMethod.invokeExplosively(FrameworkMethod.java:47)
	at org.junit.internal.runners.statements.InvokeMethod.evaluate(InvokeMethod.java:17)
	at org.junit.internal.runners.statements.RunAfters.evaluate(RunAfters.java:27)
	at org.junit.internal.runners.statements.FailOnTimeout$CallableStatement.call(FailOnTimeout.java:298)
	at org.junit.internal.runners.statements.FailOnTimeout$CallableStatement.call(FailOnTimeout.java:292)
	at java.util.concurrent.FutureTask.run(FutureTask.java:266)
	at java.lang.Thread.run(Thread.java:748)
2019-09-26 09:46:10,340 INFO  impl.LeaderElection (LeaderElection.java:logAndReturn(56)) - s1@group-808489D4E928-LeaderElection25: Election TIMEOUT; received 0 response(s) [] and 1 exception(s); s1@group-808489D4E928:t58, leader=null, voted=s1, raftlog=s1@group-808489D4E928-SegmentedRaftLog:OPENED:c0,f0,i0, conf=0: [s0:0.0.0.0:42957, s1:0.0.0.0:41030, s2:0.0.0.0:35144], old=null
2019-09-26 09:46:10,340 INFO  impl.LeaderElection (LogUtils.java:infoOrTrace(149)) -   Exception 0: java.util.concurrent.ExecutionException: org.apache.ratis.thirdparty.io.netty.channel.AbstractChannel$AnnotatedConnectException: Connection refused: /0.0.0.0:35144
2019-09-26 09:46:10,353 INFO  impl.LeaderElection (LeaderElection.java:askForVotes(178)) - s1@group-808489D4E928-LeaderElection25: begin an election at term 59 for 0: [s0:0.0.0.0:42957, s1:0.0.0.0:41030, s2:0.0.0.0:35144], old=null
2019-09-26 09:46:10,356 INFO  impl.LeaderElection (LogUtils.java:infoOrTrace(149)) - s1@group-808489D4E928-LeaderElection25 got exception when requesting votes: java.util.concurrent.ExecutionException: org.apache.ratis.thirdparty.io.netty.channel.AbstractChannel$AnnotatedConnectException: Connection refused: /0.0.0.0:35144
2019-09-26 09:46:10,390 INFO  impl.LeaderElection (LeaderElection.java:logAndReturn(56)) - s0@group-808489D4E928-LeaderElection23: Election TIMEOUT; received 0 response(s) [] and 0 exception(s); s0@group-808489D4E928:t65, leader=null, voted=s0, raftlog=s0@group-808489D4E928-SegmentedRaftLog:OPENED:c-1,f-1,i0, conf=-1: [s0:0.0.0.0:42957, s1:0.0.0.0:41030, s2:0.0.0.0:35144], old=null
2019-09-26 09:46:10,404 INFO  impl.LeaderElection (LeaderElection.java:askForVotes(178)) - s0@group-808489D4E928-LeaderElection23: begin an election at term 66 for -1: [s0:0.0.0.0:42957, s1:0.0.0.0:41030, s2:0.0.0.0:35144], old=null
2019-09-26 09:46:10,577 INFO  impl.LeaderElection (LeaderElection.java:logAndReturn(56)) - s1@group-808489D4E928-LeaderElection25: Election TIMEOUT; received 0 response(s) [] and 1 exception(s); s1@group-808489D4E928:t59, leader=null, voted=s1, raftlog=s1@group-808489D4E928-SegmentedRaftLog:OPENED:c0,f0,i0, conf=0: [s0:0.0.0.0:42957, s1:0.0.0.0:41030, s2:0.0.0.0:35144], old=null
2019-09-26 09:46:10,577 INFO  impl.LeaderElection (LogUtils.java:infoOrTrace(149)) -   Exception 0: java.util.concurrent.ExecutionException: org.apache.ratis.thirdparty.io.netty.channel.AbstractChannel$AnnotatedConnectException: Connection refused: /0.0.0.0:35144
2019-09-26 09:46:10,591 INFO  impl.LeaderElection (LeaderElection.java:askForVotes(178)) - s1@group-808489D4E928-LeaderElection25: begin an election at term 60 for 0: [s0:0.0.0.0:42957, s1:0.0.0.0:41030, s2:0.0.0.0:35144], old=null
2019-09-26 09:46:10,593 INFO  impl.LeaderElection (LogUtils.java:infoOrTrace(149)) - s1@group-808489D4E928-LeaderElection25 got exception when requesting votes: java.util.concurrent.ExecutionException: org.apache.ratis.thirdparty.io.netty.channel.AbstractChannel$AnnotatedConnectException: Connection refused: /0.0.0.0:35144
2019-09-26 09:46:10,697 WARN  ratis.RaftTestUtil (JavaUtils.java:attempt(158)) - FAILED "waitForLeader-null-(expectLeader? true)", attempt #32/100: java.lang.IllegalStateException: No leader yet : printing ALL groups
  s3:   CLOSED  FOLLOWER s3@group-808489D4E928:t0, leader=null, voted=null, raftlog=s3@group-808489D4E928-SegmentedRaftLog:CLOSED:c-1, conf=-1: [s0:0.0.0.0:42957, s1:0.0.0.0:41030, s2:0.0.0.0:35144], old=null CLOSED
  s0:  RUNNING CANDIDATE s0@group-808489D4E928:t66, leader=null, voted=s0, raftlog=s0@group-808489D4E928-SegmentedRaftLog:OPENED:c-1,f-1,i0, conf=-1: [s0:0.0.0.0:42957, s1:0.0.0.0:41030, s2:0.0.0.0:35144], old=null RUNNING
  s1:  RUNNING CANDIDATE s1@group-808489D4E928:t60, leader=null, voted=s1, raftlog=s1@group-808489D4E928-SegmentedRaftLog:OPENED:c0,f0,i0, conf=0: [s0:0.0.0.0:42957, s1:0.0.0.0:41030, s2:0.0.0.0:35144], old=null RUNNING
  s2:   CLOSED    LEADER s2@group-808489D4E928:t1, leader=s2, voted=s2, raftlog=s2@group-808489D4E928-SegmentedRaftLog:CLOSED:c0, conf=0: [s0:0.0.0.0:42957, s1:0.0.0.0:41030, s2:0.0.0.0:35144], old=null CLOSED, sleep 450ms and then retry.
java.lang.IllegalStateException: No leader yet : printing ALL groups
  s3:   CLOSED  FOLLOWER s3@group-808489D4E928:t0, leader=null, voted=null, raftlog=s3@group-808489D4E928-SegmentedRaftLog:CLOSED:c-1, conf=-1: [s0:0.0.0.0:42957, s1:0.0.0.0:41030, s2:0.0.0.0:35144], old=null CLOSED
  s0:  RUNNING CANDIDATE s0@group-808489D4E928:t66, leader=null, voted=s0, raftlog=s0@group-808489D4E928-SegmentedRaftLog:OPENED:c-1,f-1,i0, conf=-1: [s0:0.0.0.0:42957, s1:0.0.0.0:41030, s2:0.0.0.0:35144], old=null RUNNING
  s1:  RUNNING CANDIDATE s1@group-808489D4E928:t60, leader=null, voted=s1, raftlog=s1@group-808489D4E928-SegmentedRaftLog:OPENED:c0,f0,i0, conf=0: [s0:0.0.0.0:42957, s1:0.0.0.0:41030, s2:0.0.0.0:35144], old=null RUNNING
  s2:   CLOSED    LEADER s2@group-808489D4E928:t1, leader=s2, voted=s2, raftlog=s2@group-808489D4E928-SegmentedRaftLog:CLOSED:c0, conf=0: [s0:0.0.0.0:42957, s1:0.0.0.0:41030, s2:0.0.0.0:35144], old=null CLOSED
	at org.apache.ratis.MiniRaftCluster.newIllegalStateExceptionForNoLeaders(MiniRaftCluster.java:506)
	at org.apache.ratis.RaftTestUtil.lambda$waitForLeader$1(RaftTestUtil.java:90)
	at org.apache.ratis.MiniRaftCluster.getLeader(MiniRaftCluster.java:539)
	at org.apache.ratis.MiniRaftCluster.getLeader(MiniRaftCluster.java:532)
	at org.apache.ratis.RaftTestUtil.lambda$waitForLeader$3(RaftTestUtil.java:98)
	at org.apache.ratis.util.JavaUtils.attempt(JavaUtils.java:152)
	at org.apache.ratis.RaftTestUtil.waitForLeader(RaftTestUtil.java:97)
	at org.apache.ratis.RaftTestUtil.waitForLeader(RaftTestUtil.java:77)
	at org.apache.ratis.RaftTestUtil.waitForLeader(RaftTestUtil.java:72)
	at org.apache.ratis.server.impl.RaftReconfigurationBaseTest.runTestKillLeaderDuringReconf(RaftReconfigurationBaseTest.java:353)
	at org.apache.ratis.MiniRaftCluster$Factory$Get.runWithNewCluster(MiniRaftCluster.java:125)
	at org.apache.ratis.MiniRaftCluster$Factory$Get.runWithNewCluster(MiniRaftCluster.java:113)
	at org.apache.ratis.server.impl.RaftReconfigurationBaseTest.testKillLeaderDuringReconf(RaftReconfigurationBaseTest.java:304)
	at sun.reflect.NativeMethodAccessorImpl.invoke0(Native Method)
	at sun.reflect.NativeMethodAccessorImpl.invoke(NativeMethodAccessorImpl.java:62)
	at sun.reflect.DelegatingMethodAccessorImpl.invoke(DelegatingMethodAccessorImpl.java:43)
	at java.lang.reflect.Method.invoke(Method.java:498)
	at org.junit.runners.model.FrameworkMethod$1.runReflectiveCall(FrameworkMethod.java:50)
	at org.junit.internal.runners.model.ReflectiveCallable.run(ReflectiveCallable.java:12)
	at org.junit.runners.model.FrameworkMethod.invokeExplosively(FrameworkMethod.java:47)
	at org.junit.internal.runners.statements.InvokeMethod.evaluate(InvokeMethod.java:17)
	at org.junit.internal.runners.statements.RunAfters.evaluate(RunAfters.java:27)
	at org.junit.internal.runners.statements.FailOnTimeout$CallableStatement.call(FailOnTimeout.java:298)
	at org.junit.internal.runners.statements.FailOnTimeout$CallableStatement.call(FailOnTimeout.java:292)
	at java.util.concurrent.FutureTask.run(FutureTask.java:266)
	at java.lang.Thread.run(Thread.java:748)
2019-09-26 09:46:10,707 INFO  impl.LeaderElection (LeaderElection.java:logAndReturn(56)) - s0@group-808489D4E928-LeaderElection23: Election TIMEOUT; received 0 response(s) [] and 0 exception(s); s0@group-808489D4E928:t66, leader=null, voted=s0, raftlog=s0@group-808489D4E928-SegmentedRaftLog:OPENED:c-1,f-1,i0, conf=-1: [s0:0.0.0.0:42957, s1:0.0.0.0:41030, s2:0.0.0.0:35144], old=null
2019-09-26 09:46:10,721 INFO  impl.LeaderElection (LeaderElection.java:askForVotes(178)) - s0@group-808489D4E928-LeaderElection23: begin an election at term 67 for -1: [s0:0.0.0.0:42957, s1:0.0.0.0:41030, s2:0.0.0.0:35144], old=null
2019-09-26 09:46:10,821 INFO  impl.LeaderElection (LeaderElection.java:logAndReturn(56)) - s1@group-808489D4E928-LeaderElection25: Election TIMEOUT; received 0 response(s) [] and 1 exception(s); s1@group-808489D4E928:t60, leader=null, voted=s1, raftlog=s1@group-808489D4E928-SegmentedRaftLog:OPENED:c0,f0,i0, conf=0: [s0:0.0.0.0:42957, s1:0.0.0.0:41030, s2:0.0.0.0:35144], old=null
2019-09-26 09:46:10,821 INFO  impl.LeaderElection (LogUtils.java:infoOrTrace(149)) -   Exception 0: java.util.concurrent.ExecutionException: org.apache.ratis.thirdparty.io.netty.channel.AbstractChannel$AnnotatedConnectException: Connection refused: /0.0.0.0:35144
2019-09-26 09:46:10,835 INFO  impl.LeaderElection (LeaderElection.java:askForVotes(178)) - s1@group-808489D4E928-LeaderElection25: begin an election at term 61 for 0: [s0:0.0.0.0:42957, s1:0.0.0.0:41030, s2:0.0.0.0:35144], old=null
2019-09-26 09:46:10,837 INFO  impl.LeaderElection (LogUtils.java:infoOrTrace(149)) - s1@group-808489D4E928-LeaderElection25 got exception when requesting votes: java.util.concurrent.ExecutionException: org.apache.ratis.thirdparty.io.netty.channel.AbstractChannel$AnnotatedConnectException: Connection refused: /0.0.0.0:35144
2019-09-26 09:46:10,965 INFO  impl.LeaderElection (LeaderElection.java:logAndReturn(56)) - s0@group-808489D4E928-LeaderElection23: Election TIMEOUT; received 0 response(s) [] and 0 exception(s); s0@group-808489D4E928:t67, leader=null, voted=s0, raftlog=s0@group-808489D4E928-SegmentedRaftLog:OPENED:c-1,f-1,i0, conf=-1: [s0:0.0.0.0:42957, s1:0.0.0.0:41030, s2:0.0.0.0:35144], old=null
2019-09-26 09:46:10,978 INFO  impl.LeaderElection (LeaderElection.java:askForVotes(178)) - s0@group-808489D4E928-LeaderElection23: begin an election at term 68 for -1: [s0:0.0.0.0:42957, s1:0.0.0.0:41030, s2:0.0.0.0:35144], old=null
2019-09-26 09:46:11,053 INFO  impl.LeaderElection (LeaderElection.java:logAndReturn(56)) - s1@group-808489D4E928-LeaderElection25: Election TIMEOUT; received 0 response(s) [] and 1 exception(s); s1@group-808489D4E928:t61, leader=null, voted=s1, raftlog=s1@group-808489D4E928-SegmentedRaftLog:OPENED:c0,f0,i0, conf=0: [s0:0.0.0.0:42957, s1:0.0.0.0:41030, s2:0.0.0.0:35144], old=null
2019-09-26 09:46:11,054 INFO  impl.LeaderElection (LogUtils.java:infoOrTrace(149)) -   Exception 0: java.util.concurrent.ExecutionException: org.apache.ratis.thirdparty.io.netty.channel.AbstractChannel$AnnotatedConnectException: Connection refused: /0.0.0.0:35144
2019-09-26 09:46:11,067 INFO  impl.LeaderElection (LeaderElection.java:askForVotes(178)) - s1@group-808489D4E928-LeaderElection25: begin an election at term 62 for 0: [s0:0.0.0.0:42957, s1:0.0.0.0:41030, s2:0.0.0.0:35144], old=null
2019-09-26 09:46:11,070 INFO  impl.LeaderElection (LogUtils.java:infoOrTrace(149)) - s1@group-808489D4E928-LeaderElection25 got exception when requesting votes: java.util.concurrent.ExecutionException: org.apache.ratis.thirdparty.io.netty.channel.AbstractChannel$AnnotatedConnectException: Connection refused: /0.0.0.0:35144
2019-09-26 09:46:11,157 WARN  ratis.RaftTestUtil (JavaUtils.java:attempt(158)) - FAILED "waitForLeader-null-(expectLeader? true)", attempt #33/100: java.lang.IllegalStateException: No leader yet : printing ALL groups
  s3:   CLOSED  FOLLOWER s3@group-808489D4E928:t0, leader=null, voted=null, raftlog=s3@group-808489D4E928-SegmentedRaftLog:CLOSED:c-1, conf=-1: [s0:0.0.0.0:42957, s1:0.0.0.0:41030, s2:0.0.0.0:35144], old=null CLOSED
  s0:  RUNNING CANDIDATE s0@group-808489D4E928:t68, leader=null, voted=s0, raftlog=s0@group-808489D4E928-SegmentedRaftLog:OPENED:c-1,f-1,i0, conf=-1: [s0:0.0.0.0:42957, s1:0.0.0.0:41030, s2:0.0.0.0:35144], old=null RUNNING
  s1:  RUNNING CANDIDATE s1@group-808489D4E928:t62, leader=null, voted=s1, raftlog=s1@group-808489D4E928-SegmentedRaftLog:OPENED:c0,f0,i0, conf=0: [s0:0.0.0.0:42957, s1:0.0.0.0:41030, s2:0.0.0.0:35144], old=null RUNNING
  s2:   CLOSED    LEADER s2@group-808489D4E928:t1, leader=s2, voted=s2, raftlog=s2@group-808489D4E928-SegmentedRaftLog:CLOSED:c0, conf=0: [s0:0.0.0.0:42957, s1:0.0.0.0:41030, s2:0.0.0.0:35144], old=null CLOSED, sleep 450ms and then retry.
java.lang.IllegalStateException: No leader yet : printing ALL groups
  s3:   CLOSED  FOLLOWER s3@group-808489D4E928:t0, leader=null, voted=null, raftlog=s3@group-808489D4E928-SegmentedRaftLog:CLOSED:c-1, conf=-1: [s0:0.0.0.0:42957, s1:0.0.0.0:41030, s2:0.0.0.0:35144], old=null CLOSED
  s0:  RUNNING CANDIDATE s0@group-808489D4E928:t68, leader=null, voted=s0, raftlog=s0@group-808489D4E928-SegmentedRaftLog:OPENED:c-1,f-1,i0, conf=-1: [s0:0.0.0.0:42957, s1:0.0.0.0:41030, s2:0.0.0.0:35144], old=null RUNNING
  s1:  RUNNING CANDIDATE s1@group-808489D4E928:t62, leader=null, voted=s1, raftlog=s1@group-808489D4E928-SegmentedRaftLog:OPENED:c0,f0,i0, conf=0: [s0:0.0.0.0:42957, s1:0.0.0.0:41030, s2:0.0.0.0:35144], old=null RUNNING
  s2:   CLOSED    LEADER s2@group-808489D4E928:t1, leader=s2, voted=s2, raftlog=s2@group-808489D4E928-SegmentedRaftLog:CLOSED:c0, conf=0: [s0:0.0.0.0:42957, s1:0.0.0.0:41030, s2:0.0.0.0:35144], old=null CLOSED
	at org.apache.ratis.MiniRaftCluster.newIllegalStateExceptionForNoLeaders(MiniRaftCluster.java:506)
	at org.apache.ratis.RaftTestUtil.lambda$waitForLeader$1(RaftTestUtil.java:90)
	at org.apache.ratis.MiniRaftCluster.getLeader(MiniRaftCluster.java:539)
	at org.apache.ratis.MiniRaftCluster.getLeader(MiniRaftCluster.java:532)
	at org.apache.ratis.RaftTestUtil.lambda$waitForLeader$3(RaftTestUtil.java:98)
	at org.apache.ratis.util.JavaUtils.attempt(JavaUtils.java:152)
	at org.apache.ratis.RaftTestUtil.waitForLeader(RaftTestUtil.java:97)
	at org.apache.ratis.RaftTestUtil.waitForLeader(RaftTestUtil.java:77)
	at org.apache.ratis.RaftTestUtil.waitForLeader(RaftTestUtil.java:72)
	at org.apache.ratis.server.impl.RaftReconfigurationBaseTest.runTestKillLeaderDuringReconf(RaftReconfigurationBaseTest.java:353)
	at org.apache.ratis.MiniRaftCluster$Factory$Get.runWithNewCluster(MiniRaftCluster.java:125)
	at org.apache.ratis.MiniRaftCluster$Factory$Get.runWithNewCluster(MiniRaftCluster.java:113)
	at org.apache.ratis.server.impl.RaftReconfigurationBaseTest.testKillLeaderDuringReconf(RaftReconfigurationBaseTest.java:304)
	at sun.reflect.NativeMethodAccessorImpl.invoke0(Native Method)
	at sun.reflect.NativeMethodAccessorImpl.invoke(NativeMethodAccessorImpl.java:62)
	at sun.reflect.DelegatingMethodAccessorImpl.invoke(DelegatingMethodAccessorImpl.java:43)
	at java.lang.reflect.Method.invoke(Method.java:498)
	at org.junit.runners.model.FrameworkMethod$1.runReflectiveCall(FrameworkMethod.java:50)
	at org.junit.internal.runners.model.ReflectiveCallable.run(ReflectiveCallable.java:12)
	at org.junit.runners.model.FrameworkMethod.invokeExplosively(FrameworkMethod.java:47)
	at org.junit.internal.runners.statements.InvokeMethod.evaluate(InvokeMethod.java:17)
	at org.junit.internal.runners.statements.RunAfters.evaluate(RunAfters.java:27)
	at org.junit.internal.runners.statements.FailOnTimeout$CallableStatement.call(FailOnTimeout.java:298)
	at org.junit.internal.runners.statements.FailOnTimeout$CallableStatement.call(FailOnTimeout.java:292)
	at java.util.concurrent.FutureTask.run(FutureTask.java:266)
	at java.lang.Thread.run(Thread.java:748)
2019-09-26 09:46:11,247 INFO  impl.LeaderElection (LeaderElection.java:logAndReturn(56)) - s0@group-808489D4E928-LeaderElection23: Election TIMEOUT; received 0 response(s) [] and 0 exception(s); s0@group-808489D4E928:t68, leader=null, voted=s0, raftlog=s0@group-808489D4E928-SegmentedRaftLog:OPENED:c-1,f-1,i0, conf=-1: [s0:0.0.0.0:42957, s1:0.0.0.0:41030, s2:0.0.0.0:35144], old=null
2019-09-26 09:46:11,261 INFO  impl.LeaderElection (LeaderElection.java:askForVotes(178)) - s0@group-808489D4E928-LeaderElection23: begin an election at term 69 for -1: [s0:0.0.0.0:42957, s1:0.0.0.0:41030, s2:0.0.0.0:35144], old=null
2019-09-26 09:46:11,328 INFO  impl.LeaderElection (LeaderElection.java:logAndReturn(56)) - s1@group-808489D4E928-LeaderElection25: Election TIMEOUT; received 0 response(s) [] and 1 exception(s); s1@group-808489D4E928:t62, leader=null, voted=s1, raftlog=s1@group-808489D4E928-SegmentedRaftLog:OPENED:c0,f0,i0, conf=0: [s0:0.0.0.0:42957, s1:0.0.0.0:41030, s2:0.0.0.0:35144], old=null
2019-09-26 09:46:11,328 INFO  impl.LeaderElection (LogUtils.java:infoOrTrace(149)) -   Exception 0: java.util.concurrent.ExecutionException: org.apache.ratis.thirdparty.io.netty.channel.AbstractChannel$AnnotatedConnectException: Connection refused: /0.0.0.0:35144
2019-09-26 09:46:11,341 INFO  impl.LeaderElection (LeaderElection.java:askForVotes(178)) - s1@group-808489D4E928-LeaderElection25: begin an election at term 63 for 0: [s0:0.0.0.0:42957, s1:0.0.0.0:41030, s2:0.0.0.0:35144], old=null
2019-09-26 09:46:11,344 INFO  impl.LeaderElection (LogUtils.java:infoOrTrace(149)) - s1@group-808489D4E928-LeaderElection25 got exception when requesting votes: java.util.concurrent.ExecutionException: org.apache.ratis.thirdparty.io.netty.channel.AbstractChannel$AnnotatedConnectException: Connection refused: /0.0.0.0:35144
2019-09-26 09:46:11,455 INFO  impl.LeaderElection (LeaderElection.java:logAndReturn(56)) - s0@group-808489D4E928-LeaderElection23: Election TIMEOUT; received 0 response(s) [] and 0 exception(s); s0@group-808489D4E928:t69, leader=null, voted=s0, raftlog=s0@group-808489D4E928-SegmentedRaftLog:OPENED:c-1,f-1,i0, conf=-1: [s0:0.0.0.0:42957, s1:0.0.0.0:41030, s2:0.0.0.0:35144], old=null
2019-09-26 09:46:11,468 INFO  impl.LeaderElection (LeaderElection.java:askForVotes(178)) - s0@group-808489D4E928-LeaderElection23: begin an election at term 70 for -1: [s0:0.0.0.0:42957, s1:0.0.0.0:41030, s2:0.0.0.0:35144], old=null
2019-09-26 09:46:11,536 INFO  impl.LeaderElection (LeaderElection.java:logAndReturn(56)) - s1@group-808489D4E928-LeaderElection25: Election TIMEOUT; received 0 response(s) [] and 1 exception(s); s1@group-808489D4E928:t63, leader=null, voted=s1, raftlog=s1@group-808489D4E928-SegmentedRaftLog:OPENED:c0,f0,i0, conf=0: [s0:0.0.0.0:42957, s1:0.0.0.0:41030, s2:0.0.0.0:35144], old=null
2019-09-26 09:46:11,536 INFO  impl.LeaderElection (LogUtils.java:infoOrTrace(149)) -   Exception 0: java.util.concurrent.ExecutionException: org.apache.ratis.thirdparty.io.netty.channel.AbstractChannel$AnnotatedConnectException: Connection refused: /0.0.0.0:35144
2019-09-26 09:46:11,549 INFO  impl.LeaderElection (LeaderElection.java:askForVotes(178)) - s1@group-808489D4E928-LeaderElection25: begin an election at term 64 for 0: [s0:0.0.0.0:42957, s1:0.0.0.0:41030, s2:0.0.0.0:35144], old=null
2019-09-26 09:46:11,552 INFO  impl.LeaderElection (LogUtils.java:infoOrTrace(149)) - s1@group-808489D4E928-LeaderElection25 got exception when requesting votes: java.util.concurrent.ExecutionException: org.apache.ratis.thirdparty.io.netty.channel.AbstractChannel$AnnotatedConnectException: Connection refused: /0.0.0.0:35144
2019-09-26 09:46:11,608 WARN  ratis.RaftTestUtil (JavaUtils.java:attempt(158)) - FAILED "waitForLeader-null-(expectLeader? true)", attempt #34/100: java.lang.IllegalStateException: No leader yet : printing ALL groups
  s3:   CLOSED  FOLLOWER s3@group-808489D4E928:t0, leader=null, voted=null, raftlog=s3@group-808489D4E928-SegmentedRaftLog:CLOSED:c-1, conf=-1: [s0:0.0.0.0:42957, s1:0.0.0.0:41030, s2:0.0.0.0:35144], old=null CLOSED
  s0:  RUNNING CANDIDATE s0@group-808489D4E928:t70, leader=null, voted=s0, raftlog=s0@group-808489D4E928-SegmentedRaftLog:OPENED:c-1,f-1,i0, conf=-1: [s0:0.0.0.0:42957, s1:0.0.0.0:41030, s2:0.0.0.0:35144], old=null RUNNING
  s1:  RUNNING CANDIDATE s1@group-808489D4E928:t64, leader=null, voted=s1, raftlog=s1@group-808489D4E928-SegmentedRaftLog:OPENED:c0,f0,i0, conf=0: [s0:0.0.0.0:42957, s1:0.0.0.0:41030, s2:0.0.0.0:35144], old=null RUNNING
  s2:   CLOSED    LEADER s2@group-808489D4E928:t1, leader=s2, voted=s2, raftlog=s2@group-808489D4E928-SegmentedRaftLog:CLOSED:c0, conf=0: [s0:0.0.0.0:42957, s1:0.0.0.0:41030, s2:0.0.0.0:35144], old=null CLOSED, sleep 450ms and then retry.
java.lang.IllegalStateException: No leader yet : printing ALL groups
  s3:   CLOSED  FOLLOWER s3@group-808489D4E928:t0, leader=null, voted=null, raftlog=s3@group-808489D4E928-SegmentedRaftLog:CLOSED:c-1, conf=-1: [s0:0.0.0.0:42957, s1:0.0.0.0:41030, s2:0.0.0.0:35144], old=null CLOSED
  s0:  RUNNING CANDIDATE s0@group-808489D4E928:t70, leader=null, voted=s0, raftlog=s0@group-808489D4E928-SegmentedRaftLog:OPENED:c-1,f-1,i0, conf=-1: [s0:0.0.0.0:42957, s1:0.0.0.0:41030, s2:0.0.0.0:35144], old=null RUNNING
  s1:  RUNNING CANDIDATE s1@group-808489D4E928:t64, leader=null, voted=s1, raftlog=s1@group-808489D4E928-SegmentedRaftLog:OPENED:c0,f0,i0, conf=0: [s0:0.0.0.0:42957, s1:0.0.0.0:41030, s2:0.0.0.0:35144], old=null RUNNING
  s2:   CLOSED    LEADER s2@group-808489D4E928:t1, leader=s2, voted=s2, raftlog=s2@group-808489D4E928-SegmentedRaftLog:CLOSED:c0, conf=0: [s0:0.0.0.0:42957, s1:0.0.0.0:41030, s2:0.0.0.0:35144], old=null CLOSED
	at org.apache.ratis.MiniRaftCluster.newIllegalStateExceptionForNoLeaders(MiniRaftCluster.java:506)
	at org.apache.ratis.RaftTestUtil.lambda$waitForLeader$1(RaftTestUtil.java:90)
	at org.apache.ratis.MiniRaftCluster.getLeader(MiniRaftCluster.java:539)
	at org.apache.ratis.MiniRaftCluster.getLeader(MiniRaftCluster.java:532)
	at org.apache.ratis.RaftTestUtil.lambda$waitForLeader$3(RaftTestUtil.java:98)
	at org.apache.ratis.util.JavaUtils.attempt(JavaUtils.java:152)
	at org.apache.ratis.RaftTestUtil.waitForLeader(RaftTestUtil.java:97)
	at org.apache.ratis.RaftTestUtil.waitForLeader(RaftTestUtil.java:77)
	at org.apache.ratis.RaftTestUtil.waitForLeader(RaftTestUtil.java:72)
	at org.apache.ratis.server.impl.RaftReconfigurationBaseTest.runTestKillLeaderDuringReconf(RaftReconfigurationBaseTest.java:353)
	at org.apache.ratis.MiniRaftCluster$Factory$Get.runWithNewCluster(MiniRaftCluster.java:125)
	at org.apache.ratis.MiniRaftCluster$Factory$Get.runWithNewCluster(MiniRaftCluster.java:113)
	at org.apache.ratis.server.impl.RaftReconfigurationBaseTest.testKillLeaderDuringReconf(RaftReconfigurationBaseTest.java:304)
	at sun.reflect.NativeMethodAccessorImpl.invoke0(Native Method)
	at sun.reflect.NativeMethodAccessorImpl.invoke(NativeMethodAccessorImpl.java:62)
	at sun.reflect.DelegatingMethodAccessorImpl.invoke(DelegatingMethodAccessorImpl.java:43)
	at java.lang.reflect.Method.invoke(Method.java:498)
	at org.junit.runners.model.FrameworkMethod$1.runReflectiveCall(FrameworkMethod.java:50)
	at org.junit.internal.runners.model.ReflectiveCallable.run(ReflectiveCallable.java:12)
	at org.junit.runners.model.FrameworkMethod.invokeExplosively(FrameworkMethod.java:47)
	at org.junit.internal.runners.statements.InvokeMethod.evaluate(InvokeMethod.java:17)
	at org.junit.internal.runners.statements.RunAfters.evaluate(RunAfters.java:27)
	at org.junit.internal.runners.statements.FailOnTimeout$CallableStatement.call(FailOnTimeout.java:298)
	at org.junit.internal.runners.statements.FailOnTimeout$CallableStatement.call(FailOnTimeout.java:292)
	at java.util.concurrent.FutureTask.run(FutureTask.java:266)
	at java.lang.Thread.run(Thread.java:748)
2019-09-26 09:46:11,691 INFO  impl.LeaderElection (LeaderElection.java:logAndReturn(56)) - s0@group-808489D4E928-LeaderElection23: Election TIMEOUT; received 0 response(s) [] and 0 exception(s); s0@group-808489D4E928:t70, leader=null, voted=s0, raftlog=s0@group-808489D4E928-SegmentedRaftLog:OPENED:c-1,f-1,i0, conf=-1: [s0:0.0.0.0:42957, s1:0.0.0.0:41030, s2:0.0.0.0:35144], old=null
2019-09-26 09:46:11,704 INFO  impl.LeaderElection (LeaderElection.java:askForVotes(178)) - s0@group-808489D4E928-LeaderElection23: begin an election at term 71 for -1: [s0:0.0.0.0:42957, s1:0.0.0.0:41030, s2:0.0.0.0:35144], old=null
2019-09-26 09:46:11,772 INFO  impl.LeaderElection (LeaderElection.java:logAndReturn(56)) - s1@group-808489D4E928-LeaderElection25: Election TIMEOUT; received 0 response(s) [] and 1 exception(s); s1@group-808489D4E928:t64, leader=null, voted=s1, raftlog=s1@group-808489D4E928-SegmentedRaftLog:OPENED:c0,f0,i0, conf=0: [s0:0.0.0.0:42957, s1:0.0.0.0:41030, s2:0.0.0.0:35144], old=null
2019-09-26 09:46:11,772 INFO  impl.LeaderElection (LogUtils.java:infoOrTrace(149)) -   Exception 0: java.util.concurrent.ExecutionException: org.apache.ratis.thirdparty.io.netty.channel.AbstractChannel$AnnotatedConnectException: Connection refused: /0.0.0.0:35144
2019-09-26 09:46:11,786 INFO  impl.LeaderElection (LeaderElection.java:askForVotes(178)) - s1@group-808489D4E928-LeaderElection25: begin an election at term 65 for 0: [s0:0.0.0.0:42957, s1:0.0.0.0:41030, s2:0.0.0.0:35144], old=null
2019-09-26 09:46:11,789 INFO  impl.LeaderElection (LogUtils.java:infoOrTrace(149)) - s1@group-808489D4E928-LeaderElection25 got exception when requesting votes: java.util.concurrent.ExecutionException: org.apache.ratis.thirdparty.io.netty.channel.AbstractChannel$AnnotatedConnectException: Connection refused: /0.0.0.0:35144
2019-09-26 09:46:11,873 INFO  impl.LeaderElection (LeaderElection.java:logAndReturn(56)) - s0@group-808489D4E928-LeaderElection23: Election TIMEOUT; received 0 response(s) [] and 0 exception(s); s0@group-808489D4E928:t71, leader=null, voted=s0, raftlog=s0@group-808489D4E928-SegmentedRaftLog:OPENED:c-1,f-1,i0, conf=-1: [s0:0.0.0.0:42957, s1:0.0.0.0:41030, s2:0.0.0.0:35144], old=null
2019-09-26 09:46:11,887 INFO  impl.LeaderElection (LeaderElection.java:askForVotes(178)) - s0@group-808489D4E928-LeaderElection23: begin an election at term 72 for -1: [s0:0.0.0.0:42957, s1:0.0.0.0:41030, s2:0.0.0.0:35144], old=null
2019-09-26 09:46:12,038 INFO  impl.LeaderElection (LeaderElection.java:logAndReturn(56)) - s1@group-808489D4E928-LeaderElection25: Election TIMEOUT; received 0 response(s) [] and 1 exception(s); s1@group-808489D4E928:t65, leader=null, voted=s1, raftlog=s1@group-808489D4E928-SegmentedRaftLog:OPENED:c0,f0,i0, conf=0: [s0:0.0.0.0:42957, s1:0.0.0.0:41030, s2:0.0.0.0:35144], old=null
2019-09-26 09:46:12,038 INFO  impl.LeaderElection (LogUtils.java:infoOrTrace(149)) -   Exception 0: java.util.concurrent.ExecutionException: org.apache.ratis.thirdparty.io.netty.channel.AbstractChannel$AnnotatedConnectException: Connection refused: /0.0.0.0:35144
2019-09-26 09:46:12,051 INFO  impl.LeaderElection (LeaderElection.java:askForVotes(178)) - s1@group-808489D4E928-LeaderElection25: begin an election at term 66 for 0: [s0:0.0.0.0:42957, s1:0.0.0.0:41030, s2:0.0.0.0:35144], old=null
2019-09-26 09:46:12,054 INFO  impl.LeaderElection (LogUtils.java:infoOrTrace(149)) - s1@group-808489D4E928-LeaderElection25 got exception when requesting votes: java.util.concurrent.ExecutionException: org.apache.ratis.thirdparty.io.netty.channel.AbstractChannel$AnnotatedConnectException: Connection refused: /0.0.0.0:35144
2019-09-26 09:46:12,060 WARN  ratis.RaftTestUtil (JavaUtils.java:attempt(158)) - FAILED "waitForLeader-null-(expectLeader? true)", attempt #35/100: java.lang.IllegalStateException: No leader yet : printing ALL groups
  s3:   CLOSED  FOLLOWER s3@group-808489D4E928:t0, leader=null, voted=null, raftlog=s3@group-808489D4E928-SegmentedRaftLog:CLOSED:c-1, conf=-1: [s0:0.0.0.0:42957, s1:0.0.0.0:41030, s2:0.0.0.0:35144], old=null CLOSED
  s0:  RUNNING CANDIDATE s0@group-808489D4E928:t72, leader=null, voted=s0, raftlog=s0@group-808489D4E928-SegmentedRaftLog:OPENED:c-1,f-1,i0, conf=-1: [s0:0.0.0.0:42957, s1:0.0.0.0:41030, s2:0.0.0.0:35144], old=null RUNNING
  s1:  RUNNING CANDIDATE s1@group-808489D4E928:t66, leader=null, voted=s1, raftlog=s1@group-808489D4E928-SegmentedRaftLog:OPENED:c0,f0,i0, conf=0: [s0:0.0.0.0:42957, s1:0.0.0.0:41030, s2:0.0.0.0:35144], old=null RUNNING
  s2:   CLOSED    LEADER s2@group-808489D4E928:t1, leader=s2, voted=s2, raftlog=s2@group-808489D4E928-SegmentedRaftLog:CLOSED:c0, conf=0: [s0:0.0.0.0:42957, s1:0.0.0.0:41030, s2:0.0.0.0:35144], old=null CLOSED, sleep 450ms and then retry.
java.lang.IllegalStateException: No leader yet : printing ALL groups
  s3:   CLOSED  FOLLOWER s3@group-808489D4E928:t0, leader=null, voted=null, raftlog=s3@group-808489D4E928-SegmentedRaftLog:CLOSED:c-1, conf=-1: [s0:0.0.0.0:42957, s1:0.0.0.0:41030, s2:0.0.0.0:35144], old=null CLOSED
  s0:  RUNNING CANDIDATE s0@group-808489D4E928:t72, leader=null, voted=s0, raftlog=s0@group-808489D4E928-SegmentedRaftLog:OPENED:c-1,f-1,i0, conf=-1: [s0:0.0.0.0:42957, s1:0.0.0.0:41030, s2:0.0.0.0:35144], old=null RUNNING
  s1:  RUNNING CANDIDATE s1@group-808489D4E928:t66, leader=null, voted=s1, raftlog=s1@group-808489D4E928-SegmentedRaftLog:OPENED:c0,f0,i0, conf=0: [s0:0.0.0.0:42957, s1:0.0.0.0:41030, s2:0.0.0.0:35144], old=null RUNNING
  s2:   CLOSED    LEADER s2@group-808489D4E928:t1, leader=s2, voted=s2, raftlog=s2@group-808489D4E928-SegmentedRaftLog:CLOSED:c0, conf=0: [s0:0.0.0.0:42957, s1:0.0.0.0:41030, s2:0.0.0.0:35144], old=null CLOSED
	at org.apache.ratis.MiniRaftCluster.newIllegalStateExceptionForNoLeaders(MiniRaftCluster.java:506)
	at org.apache.ratis.RaftTestUtil.lambda$waitForLeader$1(RaftTestUtil.java:90)
	at org.apache.ratis.MiniRaftCluster.getLeader(MiniRaftCluster.java:539)
	at org.apache.ratis.MiniRaftCluster.getLeader(MiniRaftCluster.java:532)
	at org.apache.ratis.RaftTestUtil.lambda$waitForLeader$3(RaftTestUtil.java:98)
	at org.apache.ratis.util.JavaUtils.attempt(JavaUtils.java:152)
	at org.apache.ratis.RaftTestUtil.waitForLeader(RaftTestUtil.java:97)
	at org.apache.ratis.RaftTestUtil.waitForLeader(RaftTestUtil.java:77)
	at org.apache.ratis.RaftTestUtil.waitForLeader(RaftTestUtil.java:72)
	at org.apache.ratis.server.impl.RaftReconfigurationBaseTest.runTestKillLeaderDuringReconf(RaftReconfigurationBaseTest.java:353)
	at org.apache.ratis.MiniRaftCluster$Factory$Get.runWithNewCluster(MiniRaftCluster.java:125)
	at org.apache.ratis.MiniRaftCluster$Factory$Get.runWithNewCluster(MiniRaftCluster.java:113)
	at org.apache.ratis.server.impl.RaftReconfigurationBaseTest.testKillLeaderDuringReconf(RaftReconfigurationBaseTest.java:304)
	at sun.reflect.NativeMethodAccessorImpl.invoke0(Native Method)
	at sun.reflect.NativeMethodAccessorImpl.invoke(NativeMethodAccessorImpl.java:62)
	at sun.reflect.DelegatingMethodAccessorImpl.invoke(DelegatingMethodAccessorImpl.java:43)
	at java.lang.reflect.Method.invoke(Method.java:498)
	at org.junit.runners.model.FrameworkMethod$1.runReflectiveCall(FrameworkMethod.java:50)
	at org.junit.internal.runners.model.ReflectiveCallable.run(ReflectiveCallable.java:12)
	at org.junit.runners.model.FrameworkMethod.invokeExplosively(FrameworkMethod.java:47)
	at org.junit.internal.runners.statements.InvokeMethod.evaluate(InvokeMethod.java:17)
	at org.junit.internal.runners.statements.RunAfters.evaluate(RunAfters.java:27)
	at org.junit.internal.runners.statements.FailOnTimeout$CallableStatement.call(FailOnTimeout.java:298)
	at org.junit.internal.runners.statements.FailOnTimeout$CallableStatement.call(FailOnTimeout.java:292)
	at java.util.concurrent.FutureTask.run(FutureTask.java:266)
	at java.lang.Thread.run(Thread.java:748)
2019-09-26 09:46:12,102 INFO  impl.LeaderElection (LeaderElection.java:logAndReturn(56)) - s0@group-808489D4E928-LeaderElection23: Election TIMEOUT; received 0 response(s) [] and 0 exception(s); s0@group-808489D4E928:t72, leader=null, voted=s0, raftlog=s0@group-808489D4E928-SegmentedRaftLog:OPENED:c-1,f-1,i0, conf=-1: [s0:0.0.0.0:42957, s1:0.0.0.0:41030, s2:0.0.0.0:35144], old=null
2019-09-26 09:46:12,115 INFO  impl.LeaderElection (LeaderElection.java:askForVotes(178)) - s0@group-808489D4E928-LeaderElection23: begin an election at term 73 for -1: [s0:0.0.0.0:42957, s1:0.0.0.0:41030, s2:0.0.0.0:35144], old=null
2019-09-26 09:46:12,284 INFO  impl.LeaderElection (LeaderElection.java:logAndReturn(56)) - s0@group-808489D4E928-LeaderElection23: Election TIMEOUT; received 0 response(s) [] and 0 exception(s); s0@group-808489D4E928:t73, leader=null, voted=s0, raftlog=s0@group-808489D4E928-SegmentedRaftLog:OPENED:c-1,f-1,i0, conf=-1: [s0:0.0.0.0:42957, s1:0.0.0.0:41030, s2:0.0.0.0:35144], old=null
2019-09-26 09:46:12,297 INFO  impl.LeaderElection (LeaderElection.java:askForVotes(178)) - s0@group-808489D4E928-LeaderElection23: begin an election at term 74 for -1: [s0:0.0.0.0:42957, s1:0.0.0.0:41030, s2:0.0.0.0:35144], old=null
2019-09-26 09:46:12,343 INFO  impl.LeaderElection (LeaderElection.java:logAndReturn(56)) - s1@group-808489D4E928-LeaderElection25: Election TIMEOUT; received 0 response(s) [] and 1 exception(s); s1@group-808489D4E928:t66, leader=null, voted=s1, raftlog=s1@group-808489D4E928-SegmentedRaftLog:OPENED:c0,f0,i0, conf=0: [s0:0.0.0.0:42957, s1:0.0.0.0:41030, s2:0.0.0.0:35144], old=null
2019-09-26 09:46:12,344 INFO  impl.LeaderElection (LogUtils.java:infoOrTrace(149)) -   Exception 0: java.util.concurrent.ExecutionException: org.apache.ratis.thirdparty.io.netty.channel.AbstractChannel$AnnotatedConnectException: Connection refused: /0.0.0.0:35144
2019-09-26 09:46:12,358 INFO  impl.LeaderElection (LeaderElection.java:askForVotes(178)) - s1@group-808489D4E928-LeaderElection25: begin an election at term 67 for 0: [s0:0.0.0.0:42957, s1:0.0.0.0:41030, s2:0.0.0.0:35144], old=null
2019-09-26 09:46:12,361 INFO  impl.LeaderElection (LogUtils.java:infoOrTrace(149)) - s1@group-808489D4E928-LeaderElection25 got exception when requesting votes: java.util.concurrent.ExecutionException: org.apache.ratis.thirdparty.io.netty.channel.AbstractChannel$AnnotatedConnectException: Connection refused: /0.0.0.0:35144
2019-09-26 09:46:12,477 INFO  impl.LeaderElection (LeaderElection.java:logAndReturn(56)) - s0@group-808489D4E928-LeaderElection23: Election TIMEOUT; received 0 response(s) [] and 0 exception(s); s0@group-808489D4E928:t74, leader=null, voted=s0, raftlog=s0@group-808489D4E928-SegmentedRaftLog:OPENED:c-1,f-1,i0, conf=-1: [s0:0.0.0.0:42957, s1:0.0.0.0:41030, s2:0.0.0.0:35144], old=null
2019-09-26 09:46:12,490 INFO  impl.LeaderElection (LeaderElection.java:askForVotes(178)) - s0@group-808489D4E928-LeaderElection23: begin an election at term 75 for -1: [s0:0.0.0.0:42957, s1:0.0.0.0:41030, s2:0.0.0.0:35144], old=null
2019-09-26 09:46:12,511 WARN  ratis.RaftTestUtil (JavaUtils.java:attempt(158)) - FAILED "waitForLeader-null-(expectLeader? true)", attempt #36/100: java.lang.IllegalStateException: No leader yet : printing ALL groups
  s3:   CLOSED  FOLLOWER s3@group-808489D4E928:t0, leader=null, voted=null, raftlog=s3@group-808489D4E928-SegmentedRaftLog:CLOSED:c-1, conf=-1: [s0:0.0.0.0:42957, s1:0.0.0.0:41030, s2:0.0.0.0:35144], old=null CLOSED
  s0:  RUNNING CANDIDATE s0@group-808489D4E928:t75, leader=null, voted=s0, raftlog=s0@group-808489D4E928-SegmentedRaftLog:OPENED:c-1,f-1,i0, conf=-1: [s0:0.0.0.0:42957, s1:0.0.0.0:41030, s2:0.0.0.0:35144], old=null RUNNING
  s1:  RUNNING CANDIDATE s1@group-808489D4E928:t67, leader=null, voted=s1, raftlog=s1@group-808489D4E928-SegmentedRaftLog:OPENED:c0,f0,i0, conf=0: [s0:0.0.0.0:42957, s1:0.0.0.0:41030, s2:0.0.0.0:35144], old=null RUNNING
  s2:   CLOSED    LEADER s2@group-808489D4E928:t1, leader=s2, voted=s2, raftlog=s2@group-808489D4E928-SegmentedRaftLog:CLOSED:c0, conf=0: [s0:0.0.0.0:42957, s1:0.0.0.0:41030, s2:0.0.0.0:35144], old=null CLOSED, sleep 450ms and then retry.
java.lang.IllegalStateException: No leader yet : printing ALL groups
  s3:   CLOSED  FOLLOWER s3@group-808489D4E928:t0, leader=null, voted=null, raftlog=s3@group-808489D4E928-SegmentedRaftLog:CLOSED:c-1, conf=-1: [s0:0.0.0.0:42957, s1:0.0.0.0:41030, s2:0.0.0.0:35144], old=null CLOSED
  s0:  RUNNING CANDIDATE s0@group-808489D4E928:t75, leader=null, voted=s0, raftlog=s0@group-808489D4E928-SegmentedRaftLog:OPENED:c-1,f-1,i0, conf=-1: [s0:0.0.0.0:42957, s1:0.0.0.0:41030, s2:0.0.0.0:35144], old=null RUNNING
  s1:  RUNNING CANDIDATE s1@group-808489D4E928:t67, leader=null, voted=s1, raftlog=s1@group-808489D4E928-SegmentedRaftLog:OPENED:c0,f0,i0, conf=0: [s0:0.0.0.0:42957, s1:0.0.0.0:41030, s2:0.0.0.0:35144], old=null RUNNING
  s2:   CLOSED    LEADER s2@group-808489D4E928:t1, leader=s2, voted=s2, raftlog=s2@group-808489D4E928-SegmentedRaftLog:CLOSED:c0, conf=0: [s0:0.0.0.0:42957, s1:0.0.0.0:41030, s2:0.0.0.0:35144], old=null CLOSED
	at org.apache.ratis.MiniRaftCluster.newIllegalStateExceptionForNoLeaders(MiniRaftCluster.java:506)
	at org.apache.ratis.RaftTestUtil.lambda$waitForLeader$1(RaftTestUtil.java:90)
	at org.apache.ratis.MiniRaftCluster.getLeader(MiniRaftCluster.java:539)
	at org.apache.ratis.MiniRaftCluster.getLeader(MiniRaftCluster.java:532)
	at org.apache.ratis.RaftTestUtil.lambda$waitForLeader$3(RaftTestUtil.java:98)
	at org.apache.ratis.util.JavaUtils.attempt(JavaUtils.java:152)
	at org.apache.ratis.RaftTestUtil.waitForLeader(RaftTestUtil.java:97)
	at org.apache.ratis.RaftTestUtil.waitForLeader(RaftTestUtil.java:77)
	at org.apache.ratis.RaftTestUtil.waitForLeader(RaftTestUtil.java:72)
	at org.apache.ratis.server.impl.RaftReconfigurationBaseTest.runTestKillLeaderDuringReconf(RaftReconfigurationBaseTest.java:353)
	at org.apache.ratis.MiniRaftCluster$Factory$Get.runWithNewCluster(MiniRaftCluster.java:125)
	at org.apache.ratis.MiniRaftCluster$Factory$Get.runWithNewCluster(MiniRaftCluster.java:113)
	at org.apache.ratis.server.impl.RaftReconfigurationBaseTest.testKillLeaderDuringReconf(RaftReconfigurationBaseTest.java:304)
	at sun.reflect.NativeMethodAccessorImpl.invoke0(Native Method)
	at sun.reflect.NativeMethodAccessorImpl.invoke(NativeMethodAccessorImpl.java:62)
	at sun.reflect.DelegatingMethodAccessorImpl.invoke(DelegatingMethodAccessorImpl.java:43)
	at java.lang.reflect.Method.invoke(Method.java:498)
	at org.junit.runners.model.FrameworkMethod$1.runReflectiveCall(FrameworkMethod.java:50)
	at org.junit.internal.runners.model.ReflectiveCallable.run(ReflectiveCallable.java:12)
	at org.junit.runners.model.FrameworkMethod.invokeExplosively(FrameworkMethod.java:47)
	at org.junit.internal.runners.statements.InvokeMethod.evaluate(InvokeMethod.java:17)
	at org.junit.internal.runners.statements.RunAfters.evaluate(RunAfters.java:27)
	at org.junit.internal.runners.statements.FailOnTimeout$CallableStatement.call(FailOnTimeout.java:298)
	at org.junit.internal.runners.statements.FailOnTimeout$CallableStatement.call(FailOnTimeout.java:292)
	at java.util.concurrent.FutureTask.run(FutureTask.java:266)
	at java.lang.Thread.run(Thread.java:748)
2019-09-26 09:46:12,556 INFO  impl.LeaderElection (LeaderElection.java:logAndReturn(56)) - s1@group-808489D4E928-LeaderElection25: Election TIMEOUT; received 0 response(s) [] and 1 exception(s); s1@group-808489D4E928:t67, leader=null, voted=s1, raftlog=s1@group-808489D4E928-SegmentedRaftLog:OPENED:c0,f0,i0, conf=0: [s0:0.0.0.0:42957, s1:0.0.0.0:41030, s2:0.0.0.0:35144], old=null
2019-09-26 09:46:12,556 INFO  impl.LeaderElection (LogUtils.java:infoOrTrace(149)) -   Exception 0: java.util.concurrent.ExecutionException: org.apache.ratis.thirdparty.io.netty.channel.AbstractChannel$AnnotatedConnectException: Connection refused: /0.0.0.0:35144
2019-09-26 09:46:12,598 INFO  impl.LeaderElection (LeaderElection.java:askForVotes(178)) - s1@group-808489D4E928-LeaderElection25: begin an election at term 68 for 0: [s0:0.0.0.0:42957, s1:0.0.0.0:41030, s2:0.0.0.0:35144], old=null
2019-09-26 09:46:12,600 INFO  impl.LeaderElection (LogUtils.java:infoOrTrace(149)) - s1@group-808489D4E928-LeaderElection25 got exception when requesting votes: java.util.concurrent.ExecutionException: org.apache.ratis.thirdparty.io.netty.channel.AbstractChannel$AnnotatedConnectException: Connection refused: /0.0.0.0:35144
2019-09-26 09:46:12,642 INFO  impl.LeaderElection (LeaderElection.java:logAndReturn(56)) - s0@group-808489D4E928-LeaderElection23: Election TIMEOUT; received 0 response(s) [] and 0 exception(s); s0@group-808489D4E928:t75, leader=null, voted=s0, raftlog=s0@group-808489D4E928-SegmentedRaftLog:OPENED:c-1,f-1,i0, conf=-1: [s0:0.0.0.0:42957, s1:0.0.0.0:41030, s2:0.0.0.0:35144], old=null
2019-09-26 09:46:12,655 INFO  impl.LeaderElection (LeaderElection.java:askForVotes(178)) - s0@group-808489D4E928-LeaderElection23: begin an election at term 76 for -1: [s0:0.0.0.0:42957, s1:0.0.0.0:41030, s2:0.0.0.0:35144], old=null
2019-09-26 09:46:12,825 INFO  impl.LeaderElection (LeaderElection.java:logAndReturn(56)) - s1@group-808489D4E928-LeaderElection25: Election TIMEOUT; received 0 response(s) [] and 1 exception(s); s1@group-808489D4E928:t68, leader=null, voted=s1, raftlog=s1@group-808489D4E928-SegmentedRaftLog:OPENED:c0,f0,i0, conf=0: [s0:0.0.0.0:42957, s1:0.0.0.0:41030, s2:0.0.0.0:35144], old=null
2019-09-26 09:46:12,826 INFO  impl.LeaderElection (LogUtils.java:infoOrTrace(149)) -   Exception 0: java.util.concurrent.ExecutionException: org.apache.ratis.thirdparty.io.netty.channel.AbstractChannel$AnnotatedConnectException: Connection refused: /0.0.0.0:35144
2019-09-26 09:46:12,839 INFO  impl.LeaderElection (LeaderElection.java:askForVotes(178)) - s1@group-808489D4E928-LeaderElection25: begin an election at term 69 for 0: [s0:0.0.0.0:42957, s1:0.0.0.0:41030, s2:0.0.0.0:35144], old=null
2019-09-26 09:46:12,841 INFO  impl.LeaderElection (LogUtils.java:infoOrTrace(149)) - s1@group-808489D4E928-LeaderElection25 got exception when requesting votes: java.util.concurrent.ExecutionException: org.apache.ratis.thirdparty.io.netty.channel.AbstractChannel$AnnotatedConnectException: Connection refused: /0.0.0.0:35144
2019-09-26 09:46:12,876 INFO  impl.LeaderElection (LeaderElection.java:logAndReturn(56)) - s0@group-808489D4E928-LeaderElection23: Election TIMEOUT; received 0 response(s) [] and 0 exception(s); s0@group-808489D4E928:t76, leader=null, voted=s0, raftlog=s0@group-808489D4E928-SegmentedRaftLog:OPENED:c-1,f-1,i0, conf=-1: [s0:0.0.0.0:42957, s1:0.0.0.0:41030, s2:0.0.0.0:35144], old=null
2019-09-26 09:46:12,889 INFO  impl.LeaderElection (LeaderElection.java:askForVotes(178)) - s0@group-808489D4E928-LeaderElection23: begin an election at term 77 for -1: [s0:0.0.0.0:42957, s1:0.0.0.0:41030, s2:0.0.0.0:35144], old=null
2019-09-26 09:46:12,962 WARN  ratis.RaftTestUtil (JavaUtils.java:attempt(158)) - FAILED "waitForLeader-null-(expectLeader? true)", attempt #37/100: java.lang.IllegalStateException: No leader yet : printing ALL groups
  s3:   CLOSED  FOLLOWER s3@group-808489D4E928:t0, leader=null, voted=null, raftlog=s3@group-808489D4E928-SegmentedRaftLog:CLOSED:c-1, conf=-1: [s0:0.0.0.0:42957, s1:0.0.0.0:41030, s2:0.0.0.0:35144], old=null CLOSED
  s0:  RUNNING CANDIDATE s0@group-808489D4E928:t77, leader=null, voted=s0, raftlog=s0@group-808489D4E928-SegmentedRaftLog:OPENED:c-1,f-1,i0, conf=-1: [s0:0.0.0.0:42957, s1:0.0.0.0:41030, s2:0.0.0.0:35144], old=null RUNNING
  s1:  RUNNING CANDIDATE s1@group-808489D4E928:t69, leader=null, voted=s1, raftlog=s1@group-808489D4E928-SegmentedRaftLog:OPENED:c0,f0,i0, conf=0: [s0:0.0.0.0:42957, s1:0.0.0.0:41030, s2:0.0.0.0:35144], old=null RUNNING
  s2:   CLOSED    LEADER s2@group-808489D4E928:t1, leader=s2, voted=s2, raftlog=s2@group-808489D4E928-SegmentedRaftLog:CLOSED:c0, conf=0: [s0:0.0.0.0:42957, s1:0.0.0.0:41030, s2:0.0.0.0:35144], old=null CLOSED, sleep 450ms and then retry.
java.lang.IllegalStateException: No leader yet : printing ALL groups
  s3:   CLOSED  FOLLOWER s3@group-808489D4E928:t0, leader=null, voted=null, raftlog=s3@group-808489D4E928-SegmentedRaftLog:CLOSED:c-1, conf=-1: [s0:0.0.0.0:42957, s1:0.0.0.0:41030, s2:0.0.0.0:35144], old=null CLOSED
  s0:  RUNNING CANDIDATE s0@group-808489D4E928:t77, leader=null, voted=s0, raftlog=s0@group-808489D4E928-SegmentedRaftLog:OPENED:c-1,f-1,i0, conf=-1: [s0:0.0.0.0:42957, s1:0.0.0.0:41030, s2:0.0.0.0:35144], old=null RUNNING
  s1:  RUNNING CANDIDATE s1@group-808489D4E928:t69, leader=null, voted=s1, raftlog=s1@group-808489D4E928-SegmentedRaftLog:OPENED:c0,f0,i0, conf=0: [s0:0.0.0.0:42957, s1:0.0.0.0:41030, s2:0.0.0.0:35144], old=null RUNNING
  s2:   CLOSED    LEADER s2@group-808489D4E928:t1, leader=s2, voted=s2, raftlog=s2@group-808489D4E928-SegmentedRaftLog:CLOSED:c0, conf=0: [s0:0.0.0.0:42957, s1:0.0.0.0:41030, s2:0.0.0.0:35144], old=null CLOSED
	at org.apache.ratis.MiniRaftCluster.newIllegalStateExceptionForNoLeaders(MiniRaftCluster.java:506)
	at org.apache.ratis.RaftTestUtil.lambda$waitForLeader$1(RaftTestUtil.java:90)
	at org.apache.ratis.MiniRaftCluster.getLeader(MiniRaftCluster.java:539)
	at org.apache.ratis.MiniRaftCluster.getLeader(MiniRaftCluster.java:532)
	at org.apache.ratis.RaftTestUtil.lambda$waitForLeader$3(RaftTestUtil.java:98)
	at org.apache.ratis.util.JavaUtils.attempt(JavaUtils.java:152)
	at org.apache.ratis.RaftTestUtil.waitForLeader(RaftTestUtil.java:97)
	at org.apache.ratis.RaftTestUtil.waitForLeader(RaftTestUtil.java:77)
	at org.apache.ratis.RaftTestUtil.waitForLeader(RaftTestUtil.java:72)
	at org.apache.ratis.server.impl.RaftReconfigurationBaseTest.runTestKillLeaderDuringReconf(RaftReconfigurationBaseTest.java:353)
	at org.apache.ratis.MiniRaftCluster$Factory$Get.runWithNewCluster(MiniRaftCluster.java:125)
	at org.apache.ratis.MiniRaftCluster$Factory$Get.runWithNewCluster(MiniRaftCluster.java:113)
	at org.apache.ratis.server.impl.RaftReconfigurationBaseTest.testKillLeaderDuringReconf(RaftReconfigurationBaseTest.java:304)
	at sun.reflect.NativeMethodAccessorImpl.invoke0(Native Method)
	at sun.reflect.NativeMethodAccessorImpl.invoke(NativeMethodAccessorImpl.java:62)
	at sun.reflect.DelegatingMethodAccessorImpl.invoke(DelegatingMethodAccessorImpl.java:43)
	at java.lang.reflect.Method.invoke(Method.java:498)
	at org.junit.runners.model.FrameworkMethod$1.runReflectiveCall(FrameworkMethod.java:50)
	at org.junit.internal.runners.model.ReflectiveCallable.run(ReflectiveCallable.java:12)
	at org.junit.runners.model.FrameworkMethod.invokeExplosively(FrameworkMethod.java:47)
	at org.junit.internal.runners.statements.InvokeMethod.evaluate(InvokeMethod.java:17)
	at org.junit.internal.runners.statements.RunAfters.evaluate(RunAfters.java:27)
	at org.junit.internal.runners.statements.FailOnTimeout$CallableStatement.call(FailOnTimeout.java:298)
	at org.junit.internal.runners.statements.FailOnTimeout$CallableStatement.call(FailOnTimeout.java:292)
	at java.util.concurrent.FutureTask.run(FutureTask.java:266)
	at java.lang.Thread.run(Thread.java:748)
2019-09-26 09:46:13,099 INFO  impl.LeaderElection (LeaderElection.java:logAndReturn(56)) - s1@group-808489D4E928-LeaderElection25: Election TIMEOUT; received 0 response(s) [] and 1 exception(s); s1@group-808489D4E928:t69, leader=null, voted=s1, raftlog=s1@group-808489D4E928-SegmentedRaftLog:OPENED:c0,f0,i0, conf=0: [s0:0.0.0.0:42957, s1:0.0.0.0:41030, s2:0.0.0.0:35144], old=null
2019-09-26 09:46:13,099 INFO  impl.LeaderElection (LogUtils.java:infoOrTrace(149)) -   Exception 0: java.util.concurrent.ExecutionException: org.apache.ratis.thirdparty.io.netty.channel.AbstractChannel$AnnotatedConnectException: Connection refused: /0.0.0.0:35144
2019-09-26 09:46:13,113 INFO  impl.LeaderElection (LeaderElection.java:askForVotes(178)) - s1@group-808489D4E928-LeaderElection25: begin an election at term 70 for 0: [s0:0.0.0.0:42957, s1:0.0.0.0:41030, s2:0.0.0.0:35144], old=null
2019-09-26 09:46:13,115 INFO  impl.LeaderElection (LogUtils.java:infoOrTrace(149)) - s1@group-808489D4E928-LeaderElection25 got exception when requesting votes: java.util.concurrent.ExecutionException: org.apache.ratis.thirdparty.io.netty.channel.AbstractChannel$AnnotatedConnectException: Connection refused: /0.0.0.0:35144
2019-09-26 09:46:13,126 INFO  impl.LeaderElection (LeaderElection.java:logAndReturn(56)) - s0@group-808489D4E928-LeaderElection23: Election TIMEOUT; received 0 response(s) [] and 0 exception(s); s0@group-808489D4E928:t77, leader=null, voted=s0, raftlog=s0@group-808489D4E928-SegmentedRaftLog:OPENED:c-1,f-1,i0, conf=-1: [s0:0.0.0.0:42957, s1:0.0.0.0:41030, s2:0.0.0.0:35144], old=null
2019-09-26 09:46:13,140 INFO  impl.LeaderElection (LeaderElection.java:askForVotes(178)) - s0@group-808489D4E928-LeaderElection23: begin an election at term 78 for -1: [s0:0.0.0.0:42957, s1:0.0.0.0:41030, s2:0.0.0.0:35144], old=null
2019-09-26 09:46:13,302 INFO  impl.LeaderElection (LeaderElection.java:logAndReturn(56)) - s1@group-808489D4E928-LeaderElection25: Election TIMEOUT; received 0 response(s) [] and 1 exception(s); s1@group-808489D4E928:t70, leader=null, voted=s1, raftlog=s1@group-808489D4E928-SegmentedRaftLog:OPENED:c0,f0,i0, conf=0: [s0:0.0.0.0:42957, s1:0.0.0.0:41030, s2:0.0.0.0:35144], old=null
2019-09-26 09:46:13,302 INFO  impl.LeaderElection (LogUtils.java:infoOrTrace(149)) -   Exception 0: java.util.concurrent.ExecutionException: org.apache.ratis.thirdparty.io.netty.channel.AbstractChannel$AnnotatedConnectException: Connection refused: /0.0.0.0:35144
2019-09-26 09:46:13,307 INFO  impl.LeaderElection (LeaderElection.java:logAndReturn(56)) - s0@group-808489D4E928-LeaderElection23: Election TIMEOUT; received 0 response(s) [] and 0 exception(s); s0@group-808489D4E928:t78, leader=null, voted=s0, raftlog=s0@group-808489D4E928-SegmentedRaftLog:OPENED:c-1,f-1,i0, conf=-1: [s0:0.0.0.0:42957, s1:0.0.0.0:41030, s2:0.0.0.0:35144], old=null
2019-09-26 09:46:13,316 INFO  impl.LeaderElection (LeaderElection.java:askForVotes(178)) - s1@group-808489D4E928-LeaderElection25: begin an election at term 71 for 0: [s0:0.0.0.0:42957, s1:0.0.0.0:41030, s2:0.0.0.0:35144], old=null
2019-09-26 09:46:13,316 INFO  impl.LeaderElection (LeaderElection.java:askForVotes(178)) - s0@group-808489D4E928-LeaderElection23: begin an election at term 79 for -1: [s0:0.0.0.0:42957, s1:0.0.0.0:41030, s2:0.0.0.0:35144], old=null
2019-09-26 09:46:13,318 INFO  impl.LeaderElection (LogUtils.java:infoOrTrace(149)) - s1@group-808489D4E928-LeaderElection25 got exception when requesting votes: java.util.concurrent.ExecutionException: org.apache.ratis.thirdparty.io.netty.channel.AbstractChannel$AnnotatedConnectException: Connection refused: /0.0.0.0:35144
2019-09-26 09:46:13,413 WARN  ratis.RaftTestUtil (JavaUtils.java:attempt(158)) - FAILED "waitForLeader-null-(expectLeader? true)", attempt #38/100: java.lang.IllegalStateException: No leader yet : printing ALL groups
  s3:   CLOSED  FOLLOWER s3@group-808489D4E928:t0, leader=null, voted=null, raftlog=s3@group-808489D4E928-SegmentedRaftLog:CLOSED:c-1, conf=-1: [s0:0.0.0.0:42957, s1:0.0.0.0:41030, s2:0.0.0.0:35144], old=null CLOSED
  s0:  RUNNING CANDIDATE s0@group-808489D4E928:t79, leader=null, voted=s0, raftlog=s0@group-808489D4E928-SegmentedRaftLog:OPENED:c-1,f-1,i0, conf=-1: [s0:0.0.0.0:42957, s1:0.0.0.0:41030, s2:0.0.0.0:35144], old=null RUNNING
  s1:  RUNNING CANDIDATE s1@group-808489D4E928:t71, leader=null, voted=s1, raftlog=s1@group-808489D4E928-SegmentedRaftLog:OPENED:c0,f0,i0, conf=0: [s0:0.0.0.0:42957, s1:0.0.0.0:41030, s2:0.0.0.0:35144], old=null RUNNING
  s2:   CLOSED    LEADER s2@group-808489D4E928:t1, leader=s2, voted=s2, raftlog=s2@group-808489D4E928-SegmentedRaftLog:CLOSED:c0, conf=0: [s0:0.0.0.0:42957, s1:0.0.0.0:41030, s2:0.0.0.0:35144], old=null CLOSED, sleep 450ms and then retry.
java.lang.IllegalStateException: No leader yet : printing ALL groups
  s3:   CLOSED  FOLLOWER s3@group-808489D4E928:t0, leader=null, voted=null, raftlog=s3@group-808489D4E928-SegmentedRaftLog:CLOSED:c-1, conf=-1: [s0:0.0.0.0:42957, s1:0.0.0.0:41030, s2:0.0.0.0:35144], old=null CLOSED
  s0:  RUNNING CANDIDATE s0@group-808489D4E928:t79, leader=null, voted=s0, raftlog=s0@group-808489D4E928-SegmentedRaftLog:OPENED:c-1,f-1,i0, conf=-1: [s0:0.0.0.0:42957, s1:0.0.0.0:41030, s2:0.0.0.0:35144], old=null RUNNING
  s1:  RUNNING CANDIDATE s1@group-808489D4E928:t71, leader=null, voted=s1, raftlog=s1@group-808489D4E928-SegmentedRaftLog:OPENED:c0,f0,i0, conf=0: [s0:0.0.0.0:42957, s1:0.0.0.0:41030, s2:0.0.0.0:35144], old=null RUNNING
  s2:   CLOSED    LEADER s2@group-808489D4E928:t1, leader=s2, voted=s2, raftlog=s2@group-808489D4E928-SegmentedRaftLog:CLOSED:c0, conf=0: [s0:0.0.0.0:42957, s1:0.0.0.0:41030, s2:0.0.0.0:35144], old=null CLOSED
	at org.apache.ratis.MiniRaftCluster.newIllegalStateExceptionForNoLeaders(MiniRaftCluster.java:506)
	at org.apache.ratis.RaftTestUtil.lambda$waitForLeader$1(RaftTestUtil.java:90)
	at org.apache.ratis.MiniRaftCluster.getLeader(MiniRaftCluster.java:539)
	at org.apache.ratis.MiniRaftCluster.getLeader(MiniRaftCluster.java:532)
	at org.apache.ratis.RaftTestUtil.lambda$waitForLeader$3(RaftTestUtil.java:98)
	at org.apache.ratis.util.JavaUtils.attempt(JavaUtils.java:152)
	at org.apache.ratis.RaftTestUtil.waitForLeader(RaftTestUtil.java:97)
	at org.apache.ratis.RaftTestUtil.waitForLeader(RaftTestUtil.java:77)
	at org.apache.ratis.RaftTestUtil.waitForLeader(RaftTestUtil.java:72)
	at org.apache.ratis.server.impl.RaftReconfigurationBaseTest.runTestKillLeaderDuringReconf(RaftReconfigurationBaseTest.java:353)
	at org.apache.ratis.MiniRaftCluster$Factory$Get.runWithNewCluster(MiniRaftCluster.java:125)
	at org.apache.ratis.MiniRaftCluster$Factory$Get.runWithNewCluster(MiniRaftCluster.java:113)
	at org.apache.ratis.server.impl.RaftReconfigurationBaseTest.testKillLeaderDuringReconf(RaftReconfigurationBaseTest.java:304)
	at sun.reflect.NativeMethodAccessorImpl.invoke0(Native Method)
	at sun.reflect.NativeMethodAccessorImpl.invoke(NativeMethodAccessorImpl.java:62)
	at sun.reflect.DelegatingMethodAccessorImpl.invoke(DelegatingMethodAccessorImpl.java:43)
	at java.lang.reflect.Method.invoke(Method.java:498)
	at org.junit.runners.model.FrameworkMethod$1.runReflectiveCall(FrameworkMethod.java:50)
	at org.junit.internal.runners.model.ReflectiveCallable.run(ReflectiveCallable.java:12)
	at org.junit.runners.model.FrameworkMethod.invokeExplosively(FrameworkMethod.java:47)
	at org.junit.internal.runners.statements.InvokeMethod.evaluate(InvokeMethod.java:17)
	at org.junit.internal.runners.statements.RunAfters.evaluate(RunAfters.java:27)
	at org.junit.internal.runners.statements.FailOnTimeout$CallableStatement.call(FailOnTimeout.java:298)
	at org.junit.internal.runners.statements.FailOnTimeout$CallableStatement.call(FailOnTimeout.java:292)
	at java.util.concurrent.FutureTask.run(FutureTask.java:266)
	at java.lang.Thread.run(Thread.java:748)
2019-09-26 09:46:13,470 INFO  impl.LeaderElection (LeaderElection.java:logAndReturn(56)) - s0@group-808489D4E928-LeaderElection23: Election TIMEOUT; received 0 response(s) [] and 0 exception(s); s0@group-808489D4E928:t79, leader=null, voted=s0, raftlog=s0@group-808489D4E928-SegmentedRaftLog:OPENED:c-1,f-1,i0, conf=-1: [s0:0.0.0.0:42957, s1:0.0.0.0:41030, s2:0.0.0.0:35144], old=null
2019-09-26 09:46:13,482 INFO  impl.LeaderElection (LeaderElection.java:logAndReturn(56)) - s1@group-808489D4E928-LeaderElection25: Election TIMEOUT; received 0 response(s) [] and 1 exception(s); s1@group-808489D4E928:t71, leader=null, voted=s1, raftlog=s1@group-808489D4E928-SegmentedRaftLog:OPENED:c0,f0,i0, conf=0: [s0:0.0.0.0:42957, s1:0.0.0.0:41030, s2:0.0.0.0:35144], old=null
2019-09-26 09:46:13,482 INFO  impl.LeaderElection (LogUtils.java:infoOrTrace(149)) -   Exception 0: java.util.concurrent.ExecutionException: org.apache.ratis.thirdparty.io.netty.channel.AbstractChannel$AnnotatedConnectException: Connection refused: /0.0.0.0:35144
2019-09-26 09:46:13,485 INFO  impl.LeaderElection (LeaderElection.java:askForVotes(178)) - s0@group-808489D4E928-LeaderElection23: begin an election at term 80 for -1: [s0:0.0.0.0:42957, s1:0.0.0.0:41030, s2:0.0.0.0:35144], old=null
2019-09-26 09:46:13,487 INFO  impl.LeaderElection (LeaderElection.java:askForVotes(178)) - s1@group-808489D4E928-LeaderElection25: begin an election at term 72 for 0: [s0:0.0.0.0:42957, s1:0.0.0.0:41030, s2:0.0.0.0:35144], old=null
2019-09-26 09:46:13,490 INFO  impl.LeaderElection (LogUtils.java:infoOrTrace(149)) - s1@group-808489D4E928-LeaderElection25 got exception when requesting votes: java.util.concurrent.ExecutionException: org.apache.ratis.thirdparty.io.netty.channel.AbstractChannel$AnnotatedConnectException: Connection refused: /0.0.0.0:35144
2019-09-26 09:46:13,675 INFO  impl.LeaderElection (LeaderElection.java:logAndReturn(56)) - s0@group-808489D4E928-LeaderElection23: Election TIMEOUT; received 0 response(s) [] and 0 exception(s); s0@group-808489D4E928:t80, leader=null, voted=s0, raftlog=s0@group-808489D4E928-SegmentedRaftLog:OPENED:c-1,f-1,i0, conf=-1: [s0:0.0.0.0:42957, s1:0.0.0.0:41030, s2:0.0.0.0:35144], old=null
2019-09-26 09:46:13,688 INFO  impl.LeaderElection (LeaderElection.java:askForVotes(178)) - s0@group-808489D4E928-LeaderElection23: begin an election at term 81 for -1: [s0:0.0.0.0:42957, s1:0.0.0.0:41030, s2:0.0.0.0:35144], old=null
2019-09-26 09:46:13,762 INFO  impl.LeaderElection (LeaderElection.java:logAndReturn(56)) - s1@group-808489D4E928-LeaderElection25: Election TIMEOUT; received 0 response(s) [] and 1 exception(s); s1@group-808489D4E928:t72, leader=null, voted=s1, raftlog=s1@group-808489D4E928-SegmentedRaftLog:OPENED:c0,f0,i0, conf=0: [s0:0.0.0.0:42957, s1:0.0.0.0:41030, s2:0.0.0.0:35144], old=null
2019-09-26 09:46:13,762 INFO  impl.LeaderElection (LogUtils.java:infoOrTrace(149)) -   Exception 0: java.util.concurrent.ExecutionException: org.apache.ratis.thirdparty.io.netty.channel.AbstractChannel$AnnotatedConnectException: Connection refused: /0.0.0.0:35144
2019-09-26 09:46:13,776 INFO  impl.LeaderElection (LeaderElection.java:askForVotes(178)) - s1@group-808489D4E928-LeaderElection25: begin an election at term 73 for 0: [s0:0.0.0.0:42957, s1:0.0.0.0:41030, s2:0.0.0.0:35144], old=null
2019-09-26 09:46:13,778 INFO  impl.LeaderElection (LogUtils.java:infoOrTrace(149)) - s1@group-808489D4E928-LeaderElection25 got exception when requesting votes: java.util.concurrent.ExecutionException: org.apache.ratis.thirdparty.io.netty.channel.AbstractChannel$AnnotatedConnectException: Connection refused: /0.0.0.0:35144
2019-09-26 09:46:13,844 INFO  impl.LeaderElection (LeaderElection.java:logAndReturn(56)) - s0@group-808489D4E928-LeaderElection23: Election TIMEOUT; received 0 response(s) [] and 0 exception(s); s0@group-808489D4E928:t81, leader=null, voted=s0, raftlog=s0@group-808489D4E928-SegmentedRaftLog:OPENED:c-1,f-1,i0, conf=-1: [s0:0.0.0.0:42957, s1:0.0.0.0:41030, s2:0.0.0.0:35144], old=null
2019-09-26 09:46:13,857 INFO  impl.LeaderElection (LeaderElection.java:askForVotes(178)) - s0@group-808489D4E928-LeaderElection23: begin an election at term 82 for -1: [s0:0.0.0.0:42957, s1:0.0.0.0:41030, s2:0.0.0.0:35144], old=null
2019-09-26 09:46:13,865 WARN  ratis.RaftTestUtil (JavaUtils.java:attempt(158)) - FAILED "waitForLeader-null-(expectLeader? true)", attempt #39/100: java.lang.IllegalStateException: No leader yet : printing ALL groups
  s3:   CLOSED  FOLLOWER s3@group-808489D4E928:t0, leader=null, voted=null, raftlog=s3@group-808489D4E928-SegmentedRaftLog:CLOSED:c-1, conf=-1: [s0:0.0.0.0:42957, s1:0.0.0.0:41030, s2:0.0.0.0:35144], old=null CLOSED
  s0:  RUNNING CANDIDATE s0@group-808489D4E928:t82, leader=null, voted=s0, raftlog=s0@group-808489D4E928-SegmentedRaftLog:OPENED:c-1,f-1,i0, conf=-1: [s0:0.0.0.0:42957, s1:0.0.0.0:41030, s2:0.0.0.0:35144], old=null RUNNING
  s1:  RUNNING CANDIDATE s1@group-808489D4E928:t73, leader=null, voted=s1, raftlog=s1@group-808489D4E928-SegmentedRaftLog:OPENED:c0,f0,i0, conf=0: [s0:0.0.0.0:42957, s1:0.0.0.0:41030, s2:0.0.0.0:35144], old=null RUNNING
  s2:   CLOSED    LEADER s2@group-808489D4E928:t1, leader=s2, voted=s2, raftlog=s2@group-808489D4E928-SegmentedRaftLog:CLOSED:c0, conf=0: [s0:0.0.0.0:42957, s1:0.0.0.0:41030, s2:0.0.0.0:35144], old=null CLOSED, sleep 450ms and then retry.
java.lang.IllegalStateException: No leader yet : printing ALL groups
  s3:   CLOSED  FOLLOWER s3@group-808489D4E928:t0, leader=null, voted=null, raftlog=s3@group-808489D4E928-SegmentedRaftLog:CLOSED:c-1, conf=-1: [s0:0.0.0.0:42957, s1:0.0.0.0:41030, s2:0.0.0.0:35144], old=null CLOSED
  s0:  RUNNING CANDIDATE s0@group-808489D4E928:t82, leader=null, voted=s0, raftlog=s0@group-808489D4E928-SegmentedRaftLog:OPENED:c-1,f-1,i0, conf=-1: [s0:0.0.0.0:42957, s1:0.0.0.0:41030, s2:0.0.0.0:35144], old=null RUNNING
  s1:  RUNNING CANDIDATE s1@group-808489D4E928:t73, leader=null, voted=s1, raftlog=s1@group-808489D4E928-SegmentedRaftLog:OPENED:c0,f0,i0, conf=0: [s0:0.0.0.0:42957, s1:0.0.0.0:41030, s2:0.0.0.0:35144], old=null RUNNING
  s2:   CLOSED    LEADER s2@group-808489D4E928:t1, leader=s2, voted=s2, raftlog=s2@group-808489D4E928-SegmentedRaftLog:CLOSED:c0, conf=0: [s0:0.0.0.0:42957, s1:0.0.0.0:41030, s2:0.0.0.0:35144], old=null CLOSED
	at org.apache.ratis.MiniRaftCluster.newIllegalStateExceptionForNoLeaders(MiniRaftCluster.java:506)
	at org.apache.ratis.RaftTestUtil.lambda$waitForLeader$1(RaftTestUtil.java:90)
	at org.apache.ratis.MiniRaftCluster.getLeader(MiniRaftCluster.java:539)
	at org.apache.ratis.MiniRaftCluster.getLeader(MiniRaftCluster.java:532)
	at org.apache.ratis.RaftTestUtil.lambda$waitForLeader$3(RaftTestUtil.java:98)
	at org.apache.ratis.util.JavaUtils.attempt(JavaUtils.java:152)
	at org.apache.ratis.RaftTestUtil.waitForLeader(RaftTestUtil.java:97)
	at org.apache.ratis.RaftTestUtil.waitForLeader(RaftTestUtil.java:77)
	at org.apache.ratis.RaftTestUtil.waitForLeader(RaftTestUtil.java:72)
	at org.apache.ratis.server.impl.RaftReconfigurationBaseTest.runTestKillLeaderDuringReconf(RaftReconfigurationBaseTest.java:353)
	at org.apache.ratis.MiniRaftCluster$Factory$Get.runWithNewCluster(MiniRaftCluster.java:125)
	at org.apache.ratis.MiniRaftCluster$Factory$Get.runWithNewCluster(MiniRaftCluster.java:113)
	at org.apache.ratis.server.impl.RaftReconfigurationBaseTest.testKillLeaderDuringReconf(RaftReconfigurationBaseTest.java:304)
	at sun.reflect.NativeMethodAccessorImpl.invoke0(Native Method)
	at sun.reflect.NativeMethodAccessorImpl.invoke(NativeMethodAccessorImpl.java:62)
	at sun.reflect.DelegatingMethodAccessorImpl.invoke(DelegatingMethodAccessorImpl.java:43)
	at java.lang.reflect.Method.invoke(Method.java:498)
	at org.junit.runners.model.FrameworkMethod$1.runReflectiveCall(FrameworkMethod.java:50)
	at org.junit.internal.runners.model.ReflectiveCallable.run(ReflectiveCallable.java:12)
	at org.junit.runners.model.FrameworkMethod.invokeExplosively(FrameworkMethod.java:47)
	at org.junit.internal.runners.statements.InvokeMethod.evaluate(InvokeMethod.java:17)
	at org.junit.internal.runners.statements.RunAfters.evaluate(RunAfters.java:27)
	at org.junit.internal.runners.statements.FailOnTimeout$CallableStatement.call(FailOnTimeout.java:298)
	at org.junit.internal.runners.statements.FailOnTimeout$CallableStatement.call(FailOnTimeout.java:292)
	at java.util.concurrent.FutureTask.run(FutureTask.java:266)
	at java.lang.Thread.run(Thread.java:748)
2019-09-26 09:46:13,996 INFO  impl.LeaderElection (LeaderElection.java:logAndReturn(56)) - s1@group-808489D4E928-LeaderElection25: Election TIMEOUT; received 0 response(s) [] and 1 exception(s); s1@group-808489D4E928:t73, leader=null, voted=s1, raftlog=s1@group-808489D4E928-SegmentedRaftLog:OPENED:c0,f0,i0, conf=0: [s0:0.0.0.0:42957, s1:0.0.0.0:41030, s2:0.0.0.0:35144], old=null
2019-09-26 09:46:13,996 INFO  impl.LeaderElection (LogUtils.java:infoOrTrace(149)) -   Exception 0: java.util.concurrent.ExecutionException: org.apache.ratis.thirdparty.io.netty.channel.AbstractChannel$AnnotatedConnectException: Connection refused: /0.0.0.0:35144
2019-09-26 09:46:14,009 INFO  impl.LeaderElection (LeaderElection.java:askForVotes(178)) - s1@group-808489D4E928-LeaderElection25: begin an election at term 74 for 0: [s0:0.0.0.0:42957, s1:0.0.0.0:41030, s2:0.0.0.0:35144], old=null
2019-09-26 09:46:14,012 INFO  impl.LeaderElection (LogUtils.java:infoOrTrace(149)) - s1@group-808489D4E928-LeaderElection25 got exception when requesting votes: java.util.concurrent.ExecutionException: org.apache.ratis.thirdparty.io.netty.channel.AbstractChannel$AnnotatedConnectException: Connection refused: /0.0.0.0:35144
2019-09-26 09:46:14,023 INFO  impl.LeaderElection (LeaderElection.java:logAndReturn(56)) - s0@group-808489D4E928-LeaderElection23: Election TIMEOUT; received 0 response(s) [] and 0 exception(s); s0@group-808489D4E928:t82, leader=null, voted=s0, raftlog=s0@group-808489D4E928-SegmentedRaftLog:OPENED:c-1,f-1,i0, conf=-1: [s0:0.0.0.0:42957, s1:0.0.0.0:41030, s2:0.0.0.0:35144], old=null
2019-09-26 09:46:14,037 INFO  impl.LeaderElection (LeaderElection.java:askForVotes(178)) - s0@group-808489D4E928-LeaderElection23: begin an election at term 83 for -1: [s0:0.0.0.0:42957, s1:0.0.0.0:41030, s2:0.0.0.0:35144], old=null
2019-09-26 09:46:14,174 INFO  impl.LeaderElection (LeaderElection.java:logAndReturn(56)) - s1@group-808489D4E928-LeaderElection25: Election TIMEOUT; received 0 response(s) [] and 1 exception(s); s1@group-808489D4E928:t74, leader=null, voted=s1, raftlog=s1@group-808489D4E928-SegmentedRaftLog:OPENED:c0,f0,i0, conf=0: [s0:0.0.0.0:42957, s1:0.0.0.0:41030, s2:0.0.0.0:35144], old=null
2019-09-26 09:46:14,174 INFO  impl.LeaderElection (LogUtils.java:infoOrTrace(149)) -   Exception 0: java.util.concurrent.ExecutionException: org.apache.ratis.thirdparty.io.netty.channel.AbstractChannel$AnnotatedConnectException: Connection refused: /0.0.0.0:35144
2019-09-26 09:46:14,188 INFO  impl.LeaderElection (LeaderElection.java:askForVotes(178)) - s1@group-808489D4E928-LeaderElection25: begin an election at term 75 for 0: [s0:0.0.0.0:42957, s1:0.0.0.0:41030, s2:0.0.0.0:35144], old=null
2019-09-26 09:46:14,190 INFO  impl.LeaderElection (LogUtils.java:infoOrTrace(149)) - s1@group-808489D4E928-LeaderElection25 got exception when requesting votes: java.util.concurrent.ExecutionException: org.apache.ratis.thirdparty.io.netty.channel.AbstractChannel$AnnotatedConnectException: Connection refused: /0.0.0.0:35144
2019-09-26 09:46:14,250 INFO  impl.LeaderElection (LeaderElection.java:logAndReturn(56)) - s0@group-808489D4E928-LeaderElection23: Election TIMEOUT; received 0 response(s) [] and 0 exception(s); s0@group-808489D4E928:t83, leader=null, voted=s0, raftlog=s0@group-808489D4E928-SegmentedRaftLog:OPENED:c-1,f-1,i0, conf=-1: [s0:0.0.0.0:42957, s1:0.0.0.0:41030, s2:0.0.0.0:35144], old=null
2019-09-26 09:46:14,264 INFO  impl.LeaderElection (LeaderElection.java:askForVotes(178)) - s0@group-808489D4E928-LeaderElection23: begin an election at term 84 for -1: [s0:0.0.0.0:42957, s1:0.0.0.0:41030, s2:0.0.0.0:35144], old=null
2019-09-26 09:46:14,316 WARN  ratis.RaftTestUtil (JavaUtils.java:attempt(158)) - FAILED "waitForLeader-null-(expectLeader? true)", attempt #40/100: java.lang.IllegalStateException: No leader yet : printing ALL groups
  s3:   CLOSED  FOLLOWER s3@group-808489D4E928:t0, leader=null, voted=null, raftlog=s3@group-808489D4E928-SegmentedRaftLog:CLOSED:c-1, conf=-1: [s0:0.0.0.0:42957, s1:0.0.0.0:41030, s2:0.0.0.0:35144], old=null CLOSED
  s0:  RUNNING CANDIDATE s0@group-808489D4E928:t84, leader=null, voted=s0, raftlog=s0@group-808489D4E928-SegmentedRaftLog:OPENED:c-1,f-1,i0, conf=-1: [s0:0.0.0.0:42957, s1:0.0.0.0:41030, s2:0.0.0.0:35144], old=null RUNNING
  s1:  RUNNING CANDIDATE s1@group-808489D4E928:t75, leader=null, voted=s1, raftlog=s1@group-808489D4E928-SegmentedRaftLog:OPENED:c0,f0,i0, conf=0: [s0:0.0.0.0:42957, s1:0.0.0.0:41030, s2:0.0.0.0:35144], old=null RUNNING
  s2:   CLOSED    LEADER s2@group-808489D4E928:t1, leader=s2, voted=s2, raftlog=s2@group-808489D4E928-SegmentedRaftLog:CLOSED:c0, conf=0: [s0:0.0.0.0:42957, s1:0.0.0.0:41030, s2:0.0.0.0:35144], old=null CLOSED, sleep 450ms and then retry.
java.lang.IllegalStateException: No leader yet : printing ALL groups
  s3:   CLOSED  FOLLOWER s3@group-808489D4E928:t0, leader=null, voted=null, raftlog=s3@group-808489D4E928-SegmentedRaftLog:CLOSED:c-1, conf=-1: [s0:0.0.0.0:42957, s1:0.0.0.0:41030, s2:0.0.0.0:35144], old=null CLOSED
  s0:  RUNNING CANDIDATE s0@group-808489D4E928:t84, leader=null, voted=s0, raftlog=s0@group-808489D4E928-SegmentedRaftLog:OPENED:c-1,f-1,i0, conf=-1: [s0:0.0.0.0:42957, s1:0.0.0.0:41030, s2:0.0.0.0:35144], old=null RUNNING
  s1:  RUNNING CANDIDATE s1@group-808489D4E928:t75, leader=null, voted=s1, raftlog=s1@group-808489D4E928-SegmentedRaftLog:OPENED:c0,f0,i0, conf=0: [s0:0.0.0.0:42957, s1:0.0.0.0:41030, s2:0.0.0.0:35144], old=null RUNNING
  s2:   CLOSED    LEADER s2@group-808489D4E928:t1, leader=s2, voted=s2, raftlog=s2@group-808489D4E928-SegmentedRaftLog:CLOSED:c0, conf=0: [s0:0.0.0.0:42957, s1:0.0.0.0:41030, s2:0.0.0.0:35144], old=null CLOSED
	at org.apache.ratis.MiniRaftCluster.newIllegalStateExceptionForNoLeaders(MiniRaftCluster.java:506)
	at org.apache.ratis.RaftTestUtil.lambda$waitForLeader$1(RaftTestUtil.java:90)
	at org.apache.ratis.MiniRaftCluster.getLeader(MiniRaftCluster.java:539)
	at org.apache.ratis.MiniRaftCluster.getLeader(MiniRaftCluster.java:532)
	at org.apache.ratis.RaftTestUtil.lambda$waitForLeader$3(RaftTestUtil.java:98)
	at org.apache.ratis.util.JavaUtils.attempt(JavaUtils.java:152)
	at org.apache.ratis.RaftTestUtil.waitForLeader(RaftTestUtil.java:97)
	at org.apache.ratis.RaftTestUtil.waitForLeader(RaftTestUtil.java:77)
	at org.apache.ratis.RaftTestUtil.waitForLeader(RaftTestUtil.java:72)
	at org.apache.ratis.server.impl.RaftReconfigurationBaseTest.runTestKillLeaderDuringReconf(RaftReconfigurationBaseTest.java:353)
	at org.apache.ratis.MiniRaftCluster$Factory$Get.runWithNewCluster(MiniRaftCluster.java:125)
	at org.apache.ratis.MiniRaftCluster$Factory$Get.runWithNewCluster(MiniRaftCluster.java:113)
	at org.apache.ratis.server.impl.RaftReconfigurationBaseTest.testKillLeaderDuringReconf(RaftReconfigurationBaseTest.java:304)
	at sun.reflect.NativeMethodAccessorImpl.invoke0(Native Method)
	at sun.reflect.NativeMethodAccessorImpl.invoke(NativeMethodAccessorImpl.java:62)
	at sun.reflect.DelegatingMethodAccessorImpl.invoke(DelegatingMethodAccessorImpl.java:43)
	at java.lang.reflect.Method.invoke(Method.java:498)
	at org.junit.runners.model.FrameworkMethod$1.runReflectiveCall(FrameworkMethod.java:50)
	at org.junit.internal.runners.model.ReflectiveCallable.run(ReflectiveCallable.java:12)
	at org.junit.runners.model.FrameworkMethod.invokeExplosively(FrameworkMethod.java:47)
	at org.junit.internal.runners.statements.InvokeMethod.evaluate(InvokeMethod.java:17)
	at org.junit.internal.runners.statements.RunAfters.evaluate(RunAfters.java:27)
	at org.junit.internal.runners.statements.FailOnTimeout$CallableStatement.call(FailOnTimeout.java:298)
	at org.junit.internal.runners.statements.FailOnTimeout$CallableStatement.call(FailOnTimeout.java:292)
	at java.util.concurrent.FutureTask.run(FutureTask.java:266)
	at java.lang.Thread.run(Thread.java:748)
2019-09-26 09:46:14,376 INFO  impl.LeaderElection (LeaderElection.java:logAndReturn(56)) - s1@group-808489D4E928-LeaderElection25: Election TIMEOUT; received 0 response(s) [] and 1 exception(s); s1@group-808489D4E928:t75, leader=null, voted=s1, raftlog=s1@group-808489D4E928-SegmentedRaftLog:OPENED:c0,f0,i0, conf=0: [s0:0.0.0.0:42957, s1:0.0.0.0:41030, s2:0.0.0.0:35144], old=null
2019-09-26 09:46:14,376 INFO  impl.LeaderElection (LogUtils.java:infoOrTrace(149)) -   Exception 0: java.util.concurrent.ExecutionException: org.apache.ratis.thirdparty.io.netty.channel.AbstractChannel$AnnotatedConnectException: Connection refused: /0.0.0.0:35144
2019-09-26 09:46:14,390 INFO  impl.LeaderElection (LeaderElection.java:askForVotes(178)) - s1@group-808489D4E928-LeaderElection25: begin an election at term 76 for 0: [s0:0.0.0.0:42957, s1:0.0.0.0:41030, s2:0.0.0.0:35144], old=null
2019-09-26 09:46:14,392 INFO  impl.LeaderElection (LogUtils.java:infoOrTrace(149)) - s1@group-808489D4E928-LeaderElection25 got exception when requesting votes: java.util.concurrent.ExecutionException: org.apache.ratis.thirdparty.io.netty.channel.AbstractChannel$AnnotatedConnectException: Connection refused: /0.0.0.0:35144
2019-09-26 09:46:14,521 INFO  impl.LeaderElection (LeaderElection.java:logAndReturn(56)) - s0@group-808489D4E928-LeaderElection23: Election TIMEOUT; received 0 response(s) [] and 0 exception(s); s0@group-808489D4E928:t84, leader=null, voted=s0, raftlog=s0@group-808489D4E928-SegmentedRaftLog:OPENED:c-1,f-1,i0, conf=-1: [s0:0.0.0.0:42957, s1:0.0.0.0:41030, s2:0.0.0.0:35144], old=null
2019-09-26 09:46:14,527 INFO  impl.LeaderElection (LeaderElection.java:askForVotes(178)) - s0@group-808489D4E928-LeaderElection23: begin an election at term 85 for -1: [s0:0.0.0.0:42957, s1:0.0.0.0:41030, s2:0.0.0.0:35144], old=null
2019-09-26 09:46:14,613 INFO  impl.LeaderElection (LeaderElection.java:logAndReturn(56)) - s1@group-808489D4E928-LeaderElection25: Election TIMEOUT; received 0 response(s) [] and 1 exception(s); s1@group-808489D4E928:t76, leader=null, voted=s1, raftlog=s1@group-808489D4E928-SegmentedRaftLog:OPENED:c0,f0,i0, conf=0: [s0:0.0.0.0:42957, s1:0.0.0.0:41030, s2:0.0.0.0:35144], old=null
2019-09-26 09:46:14,614 INFO  impl.LeaderElection (LogUtils.java:infoOrTrace(149)) -   Exception 0: java.util.concurrent.ExecutionException: org.apache.ratis.thirdparty.io.netty.channel.AbstractChannel$AnnotatedConnectException: Connection refused: /0.0.0.0:35144
2019-09-26 09:46:14,627 INFO  impl.LeaderElection (LeaderElection.java:askForVotes(178)) - s1@group-808489D4E928-LeaderElection25: begin an election at term 77 for 0: [s0:0.0.0.0:42957, s1:0.0.0.0:41030, s2:0.0.0.0:35144], old=null
2019-09-26 09:46:14,629 INFO  impl.LeaderElection (LogUtils.java:infoOrTrace(149)) - s1@group-808489D4E928-LeaderElection25 got exception when requesting votes: java.util.concurrent.ExecutionException: org.apache.ratis.thirdparty.io.netty.channel.AbstractChannel$AnnotatedConnectException: Connection refused: /0.0.0.0:35144
2019-09-26 09:46:14,767 WARN  ratis.RaftTestUtil (JavaUtils.java:attempt(158)) - FAILED "waitForLeader-null-(expectLeader? true)", attempt #41/100: java.lang.IllegalStateException: No leader yet : printing ALL groups
  s3:   CLOSED  FOLLOWER s3@group-808489D4E928:t0, leader=null, voted=null, raftlog=s3@group-808489D4E928-SegmentedRaftLog:CLOSED:c-1, conf=-1: [s0:0.0.0.0:42957, s1:0.0.0.0:41030, s2:0.0.0.0:35144], old=null CLOSED
  s0:  RUNNING CANDIDATE s0@group-808489D4E928:t85, leader=null, voted=s0, raftlog=s0@group-808489D4E928-SegmentedRaftLog:OPENED:c-1,f-1,i0, conf=-1: [s0:0.0.0.0:42957, s1:0.0.0.0:41030, s2:0.0.0.0:35144], old=null RUNNING
  s1:  RUNNING CANDIDATE s1@group-808489D4E928:t77, leader=null, voted=s1, raftlog=s1@group-808489D4E928-SegmentedRaftLog:OPENED:c0,f0,i0, conf=0: [s0:0.0.0.0:42957, s1:0.0.0.0:41030, s2:0.0.0.0:35144], old=null RUNNING
  s2:   CLOSED    LEADER s2@group-808489D4E928:t1, leader=s2, voted=s2, raftlog=s2@group-808489D4E928-SegmentedRaftLog:CLOSED:c0, conf=0: [s0:0.0.0.0:42957, s1:0.0.0.0:41030, s2:0.0.0.0:35144], old=null CLOSED, sleep 450ms and then retry.
java.lang.IllegalStateException: No leader yet : printing ALL groups
  s3:   CLOSED  FOLLOWER s3@group-808489D4E928:t0, leader=null, voted=null, raftlog=s3@group-808489D4E928-SegmentedRaftLog:CLOSED:c-1, conf=-1: [s0:0.0.0.0:42957, s1:0.0.0.0:41030, s2:0.0.0.0:35144], old=null CLOSED
  s0:  RUNNING CANDIDATE s0@group-808489D4E928:t85, leader=null, voted=s0, raftlog=s0@group-808489D4E928-SegmentedRaftLog:OPENED:c-1,f-1,i0, conf=-1: [s0:0.0.0.0:42957, s1:0.0.0.0:41030, s2:0.0.0.0:35144], old=null RUNNING
  s1:  RUNNING CANDIDATE s1@group-808489D4E928:t77, leader=null, voted=s1, raftlog=s1@group-808489D4E928-SegmentedRaftLog:OPENED:c0,f0,i0, conf=0: [s0:0.0.0.0:42957, s1:0.0.0.0:41030, s2:0.0.0.0:35144], old=null RUNNING
  s2:   CLOSED    LEADER s2@group-808489D4E928:t1, leader=s2, voted=s2, raftlog=s2@group-808489D4E928-SegmentedRaftLog:CLOSED:c0, conf=0: [s0:0.0.0.0:42957, s1:0.0.0.0:41030, s2:0.0.0.0:35144], old=null CLOSED
	at org.apache.ratis.MiniRaftCluster.newIllegalStateExceptionForNoLeaders(MiniRaftCluster.java:506)
	at org.apache.ratis.RaftTestUtil.lambda$waitForLeader$1(RaftTestUtil.java:90)
	at org.apache.ratis.MiniRaftCluster.getLeader(MiniRaftCluster.java:539)
	at org.apache.ratis.MiniRaftCluster.getLeader(MiniRaftCluster.java:532)
	at org.apache.ratis.RaftTestUtil.lambda$waitForLeader$3(RaftTestUtil.java:98)
	at org.apache.ratis.util.JavaUtils.attempt(JavaUtils.java:152)
	at org.apache.ratis.RaftTestUtil.waitForLeader(RaftTestUtil.java:97)
	at org.apache.ratis.RaftTestUtil.waitForLeader(RaftTestUtil.java:77)
	at org.apache.ratis.RaftTestUtil.waitForLeader(RaftTestUtil.java:72)
	at org.apache.ratis.server.impl.RaftReconfigurationBaseTest.runTestKillLeaderDuringReconf(RaftReconfigurationBaseTest.java:353)
	at org.apache.ratis.MiniRaftCluster$Factory$Get.runWithNewCluster(MiniRaftCluster.java:125)
	at org.apache.ratis.MiniRaftCluster$Factory$Get.runWithNewCluster(MiniRaftCluster.java:113)
	at org.apache.ratis.server.impl.RaftReconfigurationBaseTest.testKillLeaderDuringReconf(RaftReconfigurationBaseTest.java:304)
	at sun.reflect.NativeMethodAccessorImpl.invoke0(Native Method)
	at sun.reflect.NativeMethodAccessorImpl.invoke(NativeMethodAccessorImpl.java:62)
	at sun.reflect.DelegatingMethodAccessorImpl.invoke(DelegatingMethodAccessorImpl.java:43)
	at java.lang.reflect.Method.invoke(Method.java:498)
	at org.junit.runners.model.FrameworkMethod$1.runReflectiveCall(FrameworkMethod.java:50)
	at org.junit.internal.runners.model.ReflectiveCallable.run(ReflectiveCallable.java:12)
	at org.junit.runners.model.FrameworkMethod.invokeExplosively(FrameworkMethod.java:47)
	at org.junit.internal.runners.statements.InvokeMethod.evaluate(InvokeMethod.java:17)
	at org.junit.internal.runners.statements.RunAfters.evaluate(RunAfters.java:27)
	at org.junit.internal.runners.statements.FailOnTimeout$CallableStatement.call(FailOnTimeout.java:298)
	at org.junit.internal.runners.statements.FailOnTimeout$CallableStatement.call(FailOnTimeout.java:292)
	at java.util.concurrent.FutureTask.run(FutureTask.java:266)
	at java.lang.Thread.run(Thread.java:748)
2019-09-26 09:46:14,803 INFO  impl.LeaderElection (LeaderElection.java:logAndReturn(56)) - s0@group-808489D4E928-LeaderElection23: Election TIMEOUT; received 0 response(s) [] and 0 exception(s); s0@group-808489D4E928:t85, leader=null, voted=s0, raftlog=s0@group-808489D4E928-SegmentedRaftLog:OPENED:c-1,f-1,i0, conf=-1: [s0:0.0.0.0:42957, s1:0.0.0.0:41030, s2:0.0.0.0:35144], old=null
2019-09-26 09:46:14,808 INFO  impl.LeaderElection (LeaderElection.java:logAndReturn(56)) - s1@group-808489D4E928-LeaderElection25: Election TIMEOUT; received 0 response(s) [] and 1 exception(s); s1@group-808489D4E928:t77, leader=null, voted=s1, raftlog=s1@group-808489D4E928-SegmentedRaftLog:OPENED:c0,f0,i0, conf=0: [s0:0.0.0.0:42957, s1:0.0.0.0:41030, s2:0.0.0.0:35144], old=null
2019-09-26 09:46:14,808 INFO  impl.LeaderElection (LogUtils.java:infoOrTrace(149)) -   Exception 0: java.util.concurrent.ExecutionException: org.apache.ratis.thirdparty.io.netty.channel.AbstractChannel$AnnotatedConnectException: Connection refused: /0.0.0.0:35144
2019-09-26 09:46:14,816 INFO  impl.LeaderElection (LeaderElection.java:askForVotes(178)) - s1@group-808489D4E928-LeaderElection25: begin an election at term 78 for 0: [s0:0.0.0.0:42957, s1:0.0.0.0:41030, s2:0.0.0.0:35144], old=null
2019-09-26 09:46:14,816 INFO  impl.LeaderElection (LeaderElection.java:askForVotes(178)) - s0@group-808489D4E928-LeaderElection23: begin an election at term 86 for -1: [s0:0.0.0.0:42957, s1:0.0.0.0:41030, s2:0.0.0.0:35144], old=null
2019-09-26 09:46:14,819 INFO  impl.LeaderElection (LogUtils.java:infoOrTrace(149)) - s1@group-808489D4E928-LeaderElection25 got exception when requesting votes: java.util.concurrent.ExecutionException: org.apache.ratis.thirdparty.io.netty.channel.AbstractChannel$AnnotatedConnectException: Connection refused: /0.0.0.0:35144
2019-09-26 09:46:14,997 INFO  impl.LeaderElection (LeaderElection.java:logAndReturn(56)) - s1@group-808489D4E928-LeaderElection25: Election TIMEOUT; received 0 response(s) [] and 1 exception(s); s1@group-808489D4E928:t78, leader=null, voted=s1, raftlog=s1@group-808489D4E928-SegmentedRaftLog:OPENED:c0,f0,i0, conf=0: [s0:0.0.0.0:42957, s1:0.0.0.0:41030, s2:0.0.0.0:35144], old=null
2019-09-26 09:46:14,998 INFO  impl.LeaderElection (LogUtils.java:infoOrTrace(149)) -   Exception 0: java.util.concurrent.ExecutionException: org.apache.ratis.thirdparty.io.netty.channel.AbstractChannel$AnnotatedConnectException: Connection refused: /0.0.0.0:35144
2019-09-26 09:46:15,011 INFO  impl.LeaderElection (LeaderElection.java:askForVotes(178)) - s1@group-808489D4E928-LeaderElection25: begin an election at term 79 for 0: [s0:0.0.0.0:42957, s1:0.0.0.0:41030, s2:0.0.0.0:35144], old=null
2019-09-26 09:46:15,014 INFO  impl.LeaderElection (LogUtils.java:infoOrTrace(149)) - s1@group-808489D4E928-LeaderElection25 got exception when requesting votes: java.util.concurrent.ExecutionException: org.apache.ratis.thirdparty.io.netty.channel.AbstractChannel$AnnotatedConnectException: Connection refused: /0.0.0.0:35144
2019-09-26 09:46:15,065 INFO  impl.LeaderElection (LeaderElection.java:logAndReturn(56)) - s0@group-808489D4E928-LeaderElection23: Election TIMEOUT; received 0 response(s) [] and 0 exception(s); s0@group-808489D4E928:t86, leader=null, voted=s0, raftlog=s0@group-808489D4E928-SegmentedRaftLog:OPENED:c-1,f-1,i0, conf=-1: [s0:0.0.0.0:42957, s1:0.0.0.0:41030, s2:0.0.0.0:35144], old=null
2019-09-26 09:46:15,076 INFO  ratis.MiniRaftCluster (MiniRaftCluster.java:lambda$null$5(297)) - TIMED-PRINT: printing ALL groups
  s3:   CLOSED  FOLLOWER s3@group-808489D4E928:t0, leader=null, voted=null, raftlog=s3@group-808489D4E928-SegmentedRaftLog:CLOSED:c-1, conf=-1: [s0:0.0.0.0:42957, s1:0.0.0.0:41030, s2:0.0.0.0:35144], old=null CLOSED
  s0:  RUNNING CANDIDATE s0@group-808489D4E928:t87, leader=null, voted=s0, raftlog=s0@group-808489D4E928-SegmentedRaftLog:OPENED:c-1,f-1,i0, conf=-1: [s0:0.0.0.0:42957, s1:0.0.0.0:41030, s2:0.0.0.0:35144], old=null RUNNING
  s1:  RUNNING CANDIDATE s1@group-808489D4E928:t79, leader=null, voted=s1, raftlog=s1@group-808489D4E928-SegmentedRaftLog:OPENED:c0,f0,i0, conf=0: [s0:0.0.0.0:42957, s1:0.0.0.0:41030, s2:0.0.0.0:35144], old=null RUNNING
  s2:   CLOSED    LEADER s2@group-808489D4E928:t1, leader=s2, voted=s2, raftlog=s2@group-808489D4E928-SegmentedRaftLog:CLOSED:c0, conf=0: [s0:0.0.0.0:42957, s1:0.0.0.0:41030, s2:0.0.0.0:35144], old=null CLOSED
2019-09-26 09:46:15,078 INFO  impl.LeaderElection (LeaderElection.java:askForVotes(178)) - s0@group-808489D4E928-LeaderElection23: begin an election at term 87 for -1: [s0:0.0.0.0:42957, s1:0.0.0.0:41030, s2:0.0.0.0:35144], old=null
2019-09-26 09:46:15,218 WARN  ratis.RaftTestUtil (JavaUtils.java:attempt(158)) - FAILED "waitForLeader-null-(expectLeader? true)", attempt #42/100: java.lang.IllegalStateException: No leader yet : printing ALL groups
  s3:   CLOSED  FOLLOWER s3@group-808489D4E928:t0, leader=null, voted=null, raftlog=s3@group-808489D4E928-SegmentedRaftLog:CLOSED:c-1, conf=-1: [s0:0.0.0.0:42957, s1:0.0.0.0:41030, s2:0.0.0.0:35144], old=null CLOSED
  s0:  RUNNING CANDIDATE s0@group-808489D4E928:t87, leader=null, voted=s0, raftlog=s0@group-808489D4E928-SegmentedRaftLog:OPENED:c-1,f-1,i0, conf=-1: [s0:0.0.0.0:42957, s1:0.0.0.0:41030, s2:0.0.0.0:35144], old=null RUNNING
  s1:  RUNNING CANDIDATE s1@group-808489D4E928:t79, leader=null, voted=s1, raftlog=s1@group-808489D4E928-SegmentedRaftLog:OPENED:c0,f0,i0, conf=0: [s0:0.0.0.0:42957, s1:0.0.0.0:41030, s2:0.0.0.0:35144], old=null RUNNING
  s2:   CLOSED    LEADER s2@group-808489D4E928:t1, leader=s2, voted=s2, raftlog=s2@group-808489D4E928-SegmentedRaftLog:CLOSED:c0, conf=0: [s0:0.0.0.0:42957, s1:0.0.0.0:41030, s2:0.0.0.0:35144], old=null CLOSED, sleep 450ms and then retry.
java.lang.IllegalStateException: No leader yet : printing ALL groups
  s3:   CLOSED  FOLLOWER s3@group-808489D4E928:t0, leader=null, voted=null, raftlog=s3@group-808489D4E928-SegmentedRaftLog:CLOSED:c-1, conf=-1: [s0:0.0.0.0:42957, s1:0.0.0.0:41030, s2:0.0.0.0:35144], old=null CLOSED
  s0:  RUNNING CANDIDATE s0@group-808489D4E928:t87, leader=null, voted=s0, raftlog=s0@group-808489D4E928-SegmentedRaftLog:OPENED:c-1,f-1,i0, conf=-1: [s0:0.0.0.0:42957, s1:0.0.0.0:41030, s2:0.0.0.0:35144], old=null RUNNING
  s1:  RUNNING CANDIDATE s1@group-808489D4E928:t79, leader=null, voted=s1, raftlog=s1@group-808489D4E928-SegmentedRaftLog:OPENED:c0,f0,i0, conf=0: [s0:0.0.0.0:42957, s1:0.0.0.0:41030, s2:0.0.0.0:35144], old=null RUNNING
  s2:   CLOSED    LEADER s2@group-808489D4E928:t1, leader=s2, voted=s2, raftlog=s2@group-808489D4E928-SegmentedRaftLog:CLOSED:c0, conf=0: [s0:0.0.0.0:42957, s1:0.0.0.0:41030, s2:0.0.0.0:35144], old=null CLOSED
	at org.apache.ratis.MiniRaftCluster.newIllegalStateExceptionForNoLeaders(MiniRaftCluster.java:506)
	at org.apache.ratis.RaftTestUtil.lambda$waitForLeader$1(RaftTestUtil.java:90)
	at org.apache.ratis.MiniRaftCluster.getLeader(MiniRaftCluster.java:539)
	at org.apache.ratis.MiniRaftCluster.getLeader(MiniRaftCluster.java:532)
	at org.apache.ratis.RaftTestUtil.lambda$waitForLeader$3(RaftTestUtil.java:98)
	at org.apache.ratis.util.JavaUtils.attempt(JavaUtils.java:152)
	at org.apache.ratis.RaftTestUtil.waitForLeader(RaftTestUtil.java:97)
	at org.apache.ratis.RaftTestUtil.waitForLeader(RaftTestUtil.java:77)
	at org.apache.ratis.RaftTestUtil.waitForLeader(RaftTestUtil.java:72)
	at org.apache.ratis.server.impl.RaftReconfigurationBaseTest.runTestKillLeaderDuringReconf(RaftReconfigurationBaseTest.java:353)
	at org.apache.ratis.MiniRaftCluster$Factory$Get.runWithNewCluster(MiniRaftCluster.java:125)
	at org.apache.ratis.MiniRaftCluster$Factory$Get.runWithNewCluster(MiniRaftCluster.java:113)
	at org.apache.ratis.server.impl.RaftReconfigurationBaseTest.testKillLeaderDuringReconf(RaftReconfigurationBaseTest.java:304)
	at sun.reflect.NativeMethodAccessorImpl.invoke0(Native Method)
	at sun.reflect.NativeMethodAccessorImpl.invoke(NativeMethodAccessorImpl.java:62)
	at sun.reflect.DelegatingMethodAccessorImpl.invoke(DelegatingMethodAccessorImpl.java:43)
	at java.lang.reflect.Method.invoke(Method.java:498)
	at org.junit.runners.model.FrameworkMethod$1.runReflectiveCall(FrameworkMethod.java:50)
	at org.junit.internal.runners.model.ReflectiveCallable.run(ReflectiveCallable.java:12)
	at org.junit.runners.model.FrameworkMethod.invokeExplosively(FrameworkMethod.java:47)
	at org.junit.internal.runners.statements.InvokeMethod.evaluate(InvokeMethod.java:17)
	at org.junit.internal.runners.statements.RunAfters.evaluate(RunAfters.java:27)
	at org.junit.internal.runners.statements.FailOnTimeout$CallableStatement.call(FailOnTimeout.java:298)
	at org.junit.internal.runners.statements.FailOnTimeout$CallableStatement.call(FailOnTimeout.java:292)
	at java.util.concurrent.FutureTask.run(FutureTask.java:266)
	at java.lang.Thread.run(Thread.java:748)
2019-09-26 09:46:15,222 INFO  impl.LeaderElection (LeaderElection.java:logAndReturn(56)) - s1@group-808489D4E928-LeaderElection25: Election TIMEOUT; received 0 response(s) [] and 1 exception(s); s1@group-808489D4E928:t79, leader=null, voted=s1, raftlog=s1@group-808489D4E928-SegmentedRaftLog:OPENED:c0,f0,i0, conf=0: [s0:0.0.0.0:42957, s1:0.0.0.0:41030, s2:0.0.0.0:35144], old=null
2019-09-26 09:46:15,222 INFO  impl.LeaderElection (LogUtils.java:infoOrTrace(149)) -   Exception 0: java.util.concurrent.ExecutionException: org.apache.ratis.thirdparty.io.netty.channel.AbstractChannel$AnnotatedConnectException: Connection refused: /0.0.0.0:35144
2019-09-26 09:46:15,235 INFO  impl.LeaderElection (LeaderElection.java:askForVotes(178)) - s1@group-808489D4E928-LeaderElection25: begin an election at term 80 for 0: [s0:0.0.0.0:42957, s1:0.0.0.0:41030, s2:0.0.0.0:35144], old=null
2019-09-26 09:46:15,237 INFO  impl.LeaderElection (LeaderElection.java:logAndReturn(56)) - s0@group-808489D4E928-LeaderElection23: Election TIMEOUT; received 0 response(s) [] and 0 exception(s); s0@group-808489D4E928:t87, leader=null, voted=s0, raftlog=s0@group-808489D4E928-SegmentedRaftLog:OPENED:c-1,f-1,i0, conf=-1: [s0:0.0.0.0:42957, s1:0.0.0.0:41030, s2:0.0.0.0:35144], old=null
2019-09-26 09:46:15,237 INFO  impl.LeaderElection (LogUtils.java:infoOrTrace(149)) - s1@group-808489D4E928-LeaderElection25 got exception when requesting votes: java.util.concurrent.ExecutionException: org.apache.ratis.thirdparty.io.netty.channel.AbstractChannel$AnnotatedConnectException: Connection refused: /0.0.0.0:35144
2019-09-26 09:46:15,250 INFO  impl.LeaderElection (LeaderElection.java:askForVotes(178)) - s0@group-808489D4E928-LeaderElection23: begin an election at term 88 for -1: [s0:0.0.0.0:42957, s1:0.0.0.0:41030, s2:0.0.0.0:35144], old=null
2019-09-26 09:46:15,401 INFO  impl.LeaderElection (LeaderElection.java:logAndReturn(56)) - s0@group-808489D4E928-LeaderElection23: Election TIMEOUT; received 0 response(s) [] and 0 exception(s); s0@group-808489D4E928:t88, leader=null, voted=s0, raftlog=s0@group-808489D4E928-SegmentedRaftLog:OPENED:c-1,f-1,i0, conf=-1: [s0:0.0.0.0:42957, s1:0.0.0.0:41030, s2:0.0.0.0:35144], old=null
2019-09-26 09:46:15,412 INFO  impl.LeaderElection (LeaderElection.java:logAndReturn(56)) - s1@group-808489D4E928-LeaderElection25: Election TIMEOUT; received 0 response(s) [] and 1 exception(s); s1@group-808489D4E928:t80, leader=null, voted=s1, raftlog=s1@group-808489D4E928-SegmentedRaftLog:OPENED:c0,f0,i0, conf=0: [s0:0.0.0.0:42957, s1:0.0.0.0:41030, s2:0.0.0.0:35144], old=null
2019-09-26 09:46:15,412 INFO  impl.LeaderElection (LogUtils.java:infoOrTrace(149)) -   Exception 0: java.util.concurrent.ExecutionException: org.apache.ratis.thirdparty.io.netty.channel.AbstractChannel$AnnotatedConnectException: Connection refused: /0.0.0.0:35144
2019-09-26 09:46:15,415 INFO  impl.LeaderElection (LeaderElection.java:askForVotes(178)) - s1@group-808489D4E928-LeaderElection25: begin an election at term 81 for 0: [s0:0.0.0.0:42957, s1:0.0.0.0:41030, s2:0.0.0.0:35144], old=null
2019-09-26 09:46:15,415 INFO  impl.LeaderElection (LeaderElection.java:askForVotes(178)) - s0@group-808489D4E928-LeaderElection23: begin an election at term 89 for -1: [s0:0.0.0.0:42957, s1:0.0.0.0:41030, s2:0.0.0.0:35144], old=null
2019-09-26 09:46:15,417 INFO  impl.LeaderElection (LogUtils.java:infoOrTrace(149)) - s1@group-808489D4E928-LeaderElection25 got exception when requesting votes: java.util.concurrent.ExecutionException: org.apache.ratis.thirdparty.io.netty.channel.AbstractChannel$AnnotatedConnectException: Connection refused: /0.0.0.0:35144
2019-09-26 09:46:15,669 WARN  ratis.RaftTestUtil (JavaUtils.java:attempt(158)) - FAILED "waitForLeader-null-(expectLeader? true)", attempt #43/100: java.lang.IllegalStateException: No leader yet : printing ALL groups
  s3:   CLOSED  FOLLOWER s3@group-808489D4E928:t0, leader=null, voted=null, raftlog=s3@group-808489D4E928-SegmentedRaftLog:CLOSED:c-1, conf=-1: [s0:0.0.0.0:42957, s1:0.0.0.0:41030, s2:0.0.0.0:35144], old=null CLOSED
  s0:  RUNNING CANDIDATE s0@group-808489D4E928:t89, leader=null, voted=s0, raftlog=s0@group-808489D4E928-SegmentedRaftLog:OPENED:c-1,f-1,i0, conf=-1: [s0:0.0.0.0:42957, s1:0.0.0.0:41030, s2:0.0.0.0:35144], old=null RUNNING
  s1:  RUNNING CANDIDATE s1@group-808489D4E928:t81, leader=null, voted=s1, raftlog=s1@group-808489D4E928-SegmentedRaftLog:OPENED:c0,f0,i0, conf=0: [s0:0.0.0.0:42957, s1:0.0.0.0:41030, s2:0.0.0.0:35144], old=null RUNNING
  s2:   CLOSED    LEADER s2@group-808489D4E928:t1, leader=s2, voted=s2, raftlog=s2@group-808489D4E928-SegmentedRaftLog:CLOSED:c0, conf=0: [s0:0.0.0.0:42957, s1:0.0.0.0:41030, s2:0.0.0.0:35144], old=null CLOSED, sleep 450ms and then retry.
java.lang.IllegalStateException: No leader yet : printing ALL groups
  s3:   CLOSED  FOLLOWER s3@group-808489D4E928:t0, leader=null, voted=null, raftlog=s3@group-808489D4E928-SegmentedRaftLog:CLOSED:c-1, conf=-1: [s0:0.0.0.0:42957, s1:0.0.0.0:41030, s2:0.0.0.0:35144], old=null CLOSED
  s0:  RUNNING CANDIDATE s0@group-808489D4E928:t89, leader=null, voted=s0, raftlog=s0@group-808489D4E928-SegmentedRaftLog:OPENED:c-1,f-1,i0, conf=-1: [s0:0.0.0.0:42957, s1:0.0.0.0:41030, s2:0.0.0.0:35144], old=null RUNNING
  s1:  RUNNING CANDIDATE s1@group-808489D4E928:t81, leader=null, voted=s1, raftlog=s1@group-808489D4E928-SegmentedRaftLog:OPENED:c0,f0,i0, conf=0: [s0:0.0.0.0:42957, s1:0.0.0.0:41030, s2:0.0.0.0:35144], old=null RUNNING
  s2:   CLOSED    LEADER s2@group-808489D4E928:t1, leader=s2, voted=s2, raftlog=s2@group-808489D4E928-SegmentedRaftLog:CLOSED:c0, conf=0: [s0:0.0.0.0:42957, s1:0.0.0.0:41030, s2:0.0.0.0:35144], old=null CLOSED
	at org.apache.ratis.MiniRaftCluster.newIllegalStateExceptionForNoLeaders(MiniRaftCluster.java:506)
	at org.apache.ratis.RaftTestUtil.lambda$waitForLeader$1(RaftTestUtil.java:90)
	at org.apache.ratis.MiniRaftCluster.getLeader(MiniRaftCluster.java:539)
	at org.apache.ratis.MiniRaftCluster.getLeader(MiniRaftCluster.java:532)
	at org.apache.ratis.RaftTestUtil.lambda$waitForLeader$3(RaftTestUtil.java:98)
	at org.apache.ratis.util.JavaUtils.attempt(JavaUtils.java:152)
	at org.apache.ratis.RaftTestUtil.waitForLeader(RaftTestUtil.java:97)
	at org.apache.ratis.RaftTestUtil.waitForLeader(RaftTestUtil.java:77)
	at org.apache.ratis.RaftTestUtil.waitForLeader(RaftTestUtil.java:72)
	at org.apache.ratis.server.impl.RaftReconfigurationBaseTest.runTestKillLeaderDuringReconf(RaftReconfigurationBaseTest.java:353)
	at org.apache.ratis.MiniRaftCluster$Factory$Get.runWithNewCluster(MiniRaftCluster.java:125)
	at org.apache.ratis.MiniRaftCluster$Factory$Get.runWithNewCluster(MiniRaftCluster.java:113)
	at org.apache.ratis.server.impl.RaftReconfigurationBaseTest.testKillLeaderDuringReconf(RaftReconfigurationBaseTest.java:304)
	at sun.reflect.NativeMethodAccessorImpl.invoke0(Native Method)
	at sun.reflect.NativeMethodAccessorImpl.invoke(NativeMethodAccessorImpl.java:62)
	at sun.reflect.DelegatingMethodAccessorImpl.invoke(DelegatingMethodAccessorImpl.java:43)
	at java.lang.reflect.Method.invoke(Method.java:498)
	at org.junit.runners.model.FrameworkMethod$1.runReflectiveCall(FrameworkMethod.java:50)
	at org.junit.internal.runners.model.ReflectiveCallable.run(ReflectiveCallable.java:12)
	at org.junit.runners.model.FrameworkMethod.invokeExplosively(FrameworkMethod.java:47)
	at org.junit.internal.runners.statements.InvokeMethod.evaluate(InvokeMethod.java:17)
	at org.junit.internal.runners.statements.RunAfters.evaluate(RunAfters.java:27)
	at org.junit.internal.runners.statements.FailOnTimeout$CallableStatement.call(FailOnTimeout.java:298)
	at org.junit.internal.runners.statements.FailOnTimeout$CallableStatement.call(FailOnTimeout.java:292)
	at java.util.concurrent.FutureTask.run(FutureTask.java:266)
	at java.lang.Thread.run(Thread.java:748)
2019-09-26 09:46:15,673 INFO  impl.LeaderElection (LeaderElection.java:logAndReturn(56)) - s0@group-808489D4E928-LeaderElection23: Election TIMEOUT; received 0 response(s) [] and 0 exception(s); s0@group-808489D4E928:t89, leader=null, voted=s0, raftlog=s0@group-808489D4E928-SegmentedRaftLog:OPENED:c-1,f-1,i0, conf=-1: [s0:0.0.0.0:42957, s1:0.0.0.0:41030, s2:0.0.0.0:35144], old=null
2019-09-26 09:46:15,686 INFO  impl.LeaderElection (LeaderElection.java:askForVotes(178)) - s0@group-808489D4E928-LeaderElection23: begin an election at term 90 for -1: [s0:0.0.0.0:42957, s1:0.0.0.0:41030, s2:0.0.0.0:35144], old=null
2019-09-26 09:46:15,691 INFO  impl.LeaderElection (LeaderElection.java:logAndReturn(56)) - s1@group-808489D4E928-LeaderElection25: Election TIMEOUT; received 0 response(s) [] and 1 exception(s); s1@group-808489D4E928:t81, leader=null, voted=s1, raftlog=s1@group-808489D4E928-SegmentedRaftLog:OPENED:c0,f0,i0, conf=0: [s0:0.0.0.0:42957, s1:0.0.0.0:41030, s2:0.0.0.0:35144], old=null
2019-09-26 09:46:15,691 INFO  impl.LeaderElection (LogUtils.java:infoOrTrace(149)) -   Exception 0: java.util.concurrent.ExecutionException: org.apache.ratis.thirdparty.io.netty.channel.AbstractChannel$AnnotatedConnectException: Connection refused: /0.0.0.0:35144
2019-09-26 09:46:15,704 INFO  impl.LeaderElection (LeaderElection.java:askForVotes(178)) - s1@group-808489D4E928-LeaderElection25: begin an election at term 82 for 0: [s0:0.0.0.0:42957, s1:0.0.0.0:41030, s2:0.0.0.0:35144], old=null
2019-09-26 09:46:15,706 INFO  impl.LeaderElection (LogUtils.java:infoOrTrace(149)) - s1@group-808489D4E928-LeaderElection25 got exception when requesting votes: java.util.concurrent.ExecutionException: org.apache.ratis.thirdparty.io.netty.channel.AbstractChannel$AnnotatedConnectException: Connection refused: /0.0.0.0:35144
2019-09-26 09:46:15,929 INFO  impl.LeaderElection (LeaderElection.java:logAndReturn(56)) - s1@group-808489D4E928-LeaderElection25: Election TIMEOUT; received 0 response(s) [] and 1 exception(s); s1@group-808489D4E928:t82, leader=null, voted=s1, raftlog=s1@group-808489D4E928-SegmentedRaftLog:OPENED:c0,f0,i0, conf=0: [s0:0.0.0.0:42957, s1:0.0.0.0:41030, s2:0.0.0.0:35144], old=null
2019-09-26 09:46:15,930 INFO  impl.LeaderElection (LogUtils.java:infoOrTrace(149)) -   Exception 0: java.util.concurrent.ExecutionException: org.apache.ratis.thirdparty.io.netty.channel.AbstractChannel$AnnotatedConnectException: Connection refused: /0.0.0.0:35144
2019-09-26 09:46:15,943 INFO  impl.LeaderElection (LeaderElection.java:askForVotes(178)) - s1@group-808489D4E928-LeaderElection25: begin an election at term 83 for 0: [s0:0.0.0.0:42957, s1:0.0.0.0:41030, s2:0.0.0.0:35144], old=null
2019-09-26 09:46:15,945 INFO  impl.LeaderElection (LogUtils.java:infoOrTrace(149)) - s1@group-808489D4E928-LeaderElection25 got exception when requesting votes: java.util.concurrent.ExecutionException: org.apache.ratis.thirdparty.io.netty.channel.AbstractChannel$AnnotatedConnectException: Connection refused: /0.0.0.0:35144
2019-09-26 09:46:15,962 INFO  impl.LeaderElection (LeaderElection.java:logAndReturn(56)) - s0@group-808489D4E928-LeaderElection23: Election TIMEOUT; received 0 response(s) [] and 0 exception(s); s0@group-808489D4E928:t90, leader=null, voted=s0, raftlog=s0@group-808489D4E928-SegmentedRaftLog:OPENED:c-1,f-1,i0, conf=-1: [s0:0.0.0.0:42957, s1:0.0.0.0:41030, s2:0.0.0.0:35144], old=null
2019-09-26 09:46:15,981 INFO  impl.LeaderElection (LeaderElection.java:askForVotes(178)) - s0@group-808489D4E928-LeaderElection23: begin an election at term 91 for -1: [s0:0.0.0.0:42957, s1:0.0.0.0:41030, s2:0.0.0.0:35144], old=null
2019-09-26 09:46:16,121 WARN  ratis.RaftTestUtil (JavaUtils.java:attempt(158)) - FAILED "waitForLeader-null-(expectLeader? true)", attempt #44/100: java.lang.IllegalStateException: No leader yet : printing ALL groups
  s3:   CLOSED  FOLLOWER s3@group-808489D4E928:t0, leader=null, voted=null, raftlog=s3@group-808489D4E928-SegmentedRaftLog:CLOSED:c-1, conf=-1: [s0:0.0.0.0:42957, s1:0.0.0.0:41030, s2:0.0.0.0:35144], old=null CLOSED
  s0:  RUNNING CANDIDATE s0@group-808489D4E928:t91, leader=null, voted=s0, raftlog=s0@group-808489D4E928-SegmentedRaftLog:OPENED:c-1,f-1,i0, conf=-1: [s0:0.0.0.0:42957, s1:0.0.0.0:41030, s2:0.0.0.0:35144], old=null RUNNING
  s1:  RUNNING CANDIDATE s1@group-808489D4E928:t83, leader=null, voted=s1, raftlog=s1@group-808489D4E928-SegmentedRaftLog:OPENED:c0,f0,i0, conf=0: [s0:0.0.0.0:42957, s1:0.0.0.0:41030, s2:0.0.0.0:35144], old=null RUNNING
  s2:   CLOSED    LEADER s2@group-808489D4E928:t1, leader=s2, voted=s2, raftlog=s2@group-808489D4E928-SegmentedRaftLog:CLOSED:c0, conf=0: [s0:0.0.0.0:42957, s1:0.0.0.0:41030, s2:0.0.0.0:35144], old=null CLOSED, sleep 450ms and then retry.
java.lang.IllegalStateException: No leader yet : printing ALL groups
  s3:   CLOSED  FOLLOWER s3@group-808489D4E928:t0, leader=null, voted=null, raftlog=s3@group-808489D4E928-SegmentedRaftLog:CLOSED:c-1, conf=-1: [s0:0.0.0.0:42957, s1:0.0.0.0:41030, s2:0.0.0.0:35144], old=null CLOSED
  s0:  RUNNING CANDIDATE s0@group-808489D4E928:t91, leader=null, voted=s0, raftlog=s0@group-808489D4E928-SegmentedRaftLog:OPENED:c-1,f-1,i0, conf=-1: [s0:0.0.0.0:42957, s1:0.0.0.0:41030, s2:0.0.0.0:35144], old=null RUNNING
  s1:  RUNNING CANDIDATE s1@group-808489D4E928:t83, leader=null, voted=s1, raftlog=s1@group-808489D4E928-SegmentedRaftLog:OPENED:c0,f0,i0, conf=0: [s0:0.0.0.0:42957, s1:0.0.0.0:41030, s2:0.0.0.0:35144], old=null RUNNING
  s2:   CLOSED    LEADER s2@group-808489D4E928:t1, leader=s2, voted=s2, raftlog=s2@group-808489D4E928-SegmentedRaftLog:CLOSED:c0, conf=0: [s0:0.0.0.0:42957, s1:0.0.0.0:41030, s2:0.0.0.0:35144], old=null CLOSED
	at org.apache.ratis.MiniRaftCluster.newIllegalStateExceptionForNoLeaders(MiniRaftCluster.java:506)
	at org.apache.ratis.RaftTestUtil.lambda$waitForLeader$1(RaftTestUtil.java:90)
	at org.apache.ratis.MiniRaftCluster.getLeader(MiniRaftCluster.java:539)
	at org.apache.ratis.MiniRaftCluster.getLeader(MiniRaftCluster.java:532)
	at org.apache.ratis.RaftTestUtil.lambda$waitForLeader$3(RaftTestUtil.java:98)
	at org.apache.ratis.util.JavaUtils.attempt(JavaUtils.java:152)
	at org.apache.ratis.RaftTestUtil.waitForLeader(RaftTestUtil.java:97)
	at org.apache.ratis.RaftTestUtil.waitForLeader(RaftTestUtil.java:77)
	at org.apache.ratis.RaftTestUtil.waitForLeader(RaftTestUtil.java:72)
	at org.apache.ratis.server.impl.RaftReconfigurationBaseTest.runTestKillLeaderDuringReconf(RaftReconfigurationBaseTest.java:353)
	at org.apache.ratis.MiniRaftCluster$Factory$Get.runWithNewCluster(MiniRaftCluster.java:125)
	at org.apache.ratis.MiniRaftCluster$Factory$Get.runWithNewCluster(MiniRaftCluster.java:113)
	at org.apache.ratis.server.impl.RaftReconfigurationBaseTest.testKillLeaderDuringReconf(RaftReconfigurationBaseTest.java:304)
	at sun.reflect.NativeMethodAccessorImpl.invoke0(Native Method)
	at sun.reflect.NativeMethodAccessorImpl.invoke(NativeMethodAccessorImpl.java:62)
	at sun.reflect.DelegatingMethodAccessorImpl.invoke(DelegatingMethodAccessorImpl.java:43)
	at java.lang.reflect.Method.invoke(Method.java:498)
	at org.junit.runners.model.FrameworkMethod$1.runReflectiveCall(FrameworkMethod.java:50)
	at org.junit.internal.runners.model.ReflectiveCallable.run(ReflectiveCallable.java:12)
	at org.junit.runners.model.FrameworkMethod.invokeExplosively(FrameworkMethod.java:47)
	at org.junit.internal.runners.statements.InvokeMethod.evaluate(InvokeMethod.java:17)
	at org.junit.internal.runners.statements.RunAfters.evaluate(RunAfters.java:27)
	at org.junit.internal.runners.statements.FailOnTimeout$CallableStatement.call(FailOnTimeout.java:298)
	at org.junit.internal.runners.statements.FailOnTimeout$CallableStatement.call(FailOnTimeout.java:292)
	at java.util.concurrent.FutureTask.run(FutureTask.java:266)
	at java.lang.Thread.run(Thread.java:748)
2019-09-26 09:46:16,211 INFO  impl.LeaderElection (LeaderElection.java:logAndReturn(56)) - s0@group-808489D4E928-LeaderElection23: Election TIMEOUT; received 0 response(s) [] and 0 exception(s); s0@group-808489D4E928:t91, leader=null, voted=s0, raftlog=s0@group-808489D4E928-SegmentedRaftLog:OPENED:c-1,f-1,i0, conf=-1: [s0:0.0.0.0:42957, s1:0.0.0.0:41030, s2:0.0.0.0:35144], old=null
2019-09-26 09:46:16,224 INFO  impl.LeaderElection (LeaderElection.java:askForVotes(178)) - s0@group-808489D4E928-LeaderElection23: begin an election at term 92 for -1: [s0:0.0.0.0:42957, s1:0.0.0.0:41030, s2:0.0.0.0:35144], old=null
2019-09-26 09:46:16,231 INFO  impl.LeaderElection (LeaderElection.java:logAndReturn(56)) - s1@group-808489D4E928-LeaderElection25: Election TIMEOUT; received 0 response(s) [] and 1 exception(s); s1@group-808489D4E928:t83, leader=null, voted=s1, raftlog=s1@group-808489D4E928-SegmentedRaftLog:OPENED:c0,f0,i0, conf=0: [s0:0.0.0.0:42957, s1:0.0.0.0:41030, s2:0.0.0.0:35144], old=null
2019-09-26 09:46:16,232 INFO  impl.LeaderElection (LogUtils.java:infoOrTrace(149)) -   Exception 0: java.util.concurrent.ExecutionException: org.apache.ratis.thirdparty.io.netty.channel.AbstractChannel$AnnotatedConnectException: Connection refused: /0.0.0.0:35144
2019-09-26 09:46:16,247 INFO  impl.LeaderElection (LeaderElection.java:askForVotes(178)) - s1@group-808489D4E928-LeaderElection25: begin an election at term 84 for 0: [s0:0.0.0.0:42957, s1:0.0.0.0:41030, s2:0.0.0.0:35144], old=null
2019-09-26 09:46:16,250 INFO  impl.LeaderElection (LogUtils.java:infoOrTrace(149)) - s1@group-808489D4E928-LeaderElection25 got exception when requesting votes: java.util.concurrent.ExecutionException: org.apache.ratis.thirdparty.io.netty.channel.AbstractChannel$AnnotatedConnectException: Connection refused: /0.0.0.0:35144
2019-09-26 09:46:16,466 INFO  impl.LeaderElection (LeaderElection.java:logAndReturn(56)) - s0@group-808489D4E928-LeaderElection23: Election TIMEOUT; received 0 response(s) [] and 0 exception(s); s0@group-808489D4E928:t92, leader=null, voted=s0, raftlog=s0@group-808489D4E928-SegmentedRaftLog:OPENED:c-1,f-1,i0, conf=-1: [s0:0.0.0.0:42957, s1:0.0.0.0:41030, s2:0.0.0.0:35144], old=null
2019-09-26 09:46:16,472 INFO  impl.LeaderElection (LeaderElection.java:askForVotes(178)) - s0@group-808489D4E928-LeaderElection23: begin an election at term 93 for -1: [s0:0.0.0.0:42957, s1:0.0.0.0:41030, s2:0.0.0.0:35144], old=null
2019-09-26 09:46:16,475 INFO  impl.LeaderElection (LeaderElection.java:logAndReturn(56)) - s1@group-808489D4E928-LeaderElection25: Election TIMEOUT; received 0 response(s) [] and 1 exception(s); s1@group-808489D4E928:t84, leader=null, voted=s1, raftlog=s1@group-808489D4E928-SegmentedRaftLog:OPENED:c0,f0,i0, conf=0: [s0:0.0.0.0:42957, s1:0.0.0.0:41030, s2:0.0.0.0:35144], old=null
2019-09-26 09:46:16,475 INFO  impl.LeaderElection (LogUtils.java:infoOrTrace(149)) -   Exception 0: java.util.concurrent.ExecutionException: org.apache.ratis.thirdparty.io.netty.channel.AbstractChannel$AnnotatedConnectException: Connection refused: /0.0.0.0:35144
2019-09-26 09:46:16,494 INFO  impl.LeaderElection (LeaderElection.java:askForVotes(178)) - s1@group-808489D4E928-LeaderElection25: begin an election at term 85 for 0: [s0:0.0.0.0:42957, s1:0.0.0.0:41030, s2:0.0.0.0:35144], old=null
2019-09-26 09:46:16,496 INFO  impl.LeaderElection (LogUtils.java:infoOrTrace(149)) - s1@group-808489D4E928-LeaderElection25 got exception when requesting votes: java.util.concurrent.ExecutionException: org.apache.ratis.thirdparty.io.netty.channel.AbstractChannel$AnnotatedConnectException: Connection refused: /0.0.0.0:35144
2019-09-26 09:46:16,572 WARN  ratis.RaftTestUtil (JavaUtils.java:attempt(158)) - FAILED "waitForLeader-null-(expectLeader? true)", attempt #45/100: java.lang.IllegalStateException: No leader yet : printing ALL groups
  s3:   CLOSED  FOLLOWER s3@group-808489D4E928:t0, leader=null, voted=null, raftlog=s3@group-808489D4E928-SegmentedRaftLog:CLOSED:c-1, conf=-1: [s0:0.0.0.0:42957, s1:0.0.0.0:41030, s2:0.0.0.0:35144], old=null CLOSED
  s0:  RUNNING CANDIDATE s0@group-808489D4E928:t93, leader=null, voted=s0, raftlog=s0@group-808489D4E928-SegmentedRaftLog:OPENED:c-1,f-1,i0, conf=-1: [s0:0.0.0.0:42957, s1:0.0.0.0:41030, s2:0.0.0.0:35144], old=null RUNNING
  s1:  RUNNING CANDIDATE s1@group-808489D4E928:t85, leader=null, voted=s1, raftlog=s1@group-808489D4E928-SegmentedRaftLog:OPENED:c0,f0,i0, conf=0: [s0:0.0.0.0:42957, s1:0.0.0.0:41030, s2:0.0.0.0:35144], old=null RUNNING
  s2:   CLOSED    LEADER s2@group-808489D4E928:t1, leader=s2, voted=s2, raftlog=s2@group-808489D4E928-SegmentedRaftLog:CLOSED:c0, conf=0: [s0:0.0.0.0:42957, s1:0.0.0.0:41030, s2:0.0.0.0:35144], old=null CLOSED, sleep 450ms and then retry.
java.lang.IllegalStateException: No leader yet : printing ALL groups
  s3:   CLOSED  FOLLOWER s3@group-808489D4E928:t0, leader=null, voted=null, raftlog=s3@group-808489D4E928-SegmentedRaftLog:CLOSED:c-1, conf=-1: [s0:0.0.0.0:42957, s1:0.0.0.0:41030, s2:0.0.0.0:35144], old=null CLOSED
  s0:  RUNNING CANDIDATE s0@group-808489D4E928:t93, leader=null, voted=s0, raftlog=s0@group-808489D4E928-SegmentedRaftLog:OPENED:c-1,f-1,i0, conf=-1: [s0:0.0.0.0:42957, s1:0.0.0.0:41030, s2:0.0.0.0:35144], old=null RUNNING
  s1:  RUNNING CANDIDATE s1@group-808489D4E928:t85, leader=null, voted=s1, raftlog=s1@group-808489D4E928-SegmentedRaftLog:OPENED:c0,f0,i0, conf=0: [s0:0.0.0.0:42957, s1:0.0.0.0:41030, s2:0.0.0.0:35144], old=null RUNNING
  s2:   CLOSED    LEADER s2@group-808489D4E928:t1, leader=s2, voted=s2, raftlog=s2@group-808489D4E928-SegmentedRaftLog:CLOSED:c0, conf=0: [s0:0.0.0.0:42957, s1:0.0.0.0:41030, s2:0.0.0.0:35144], old=null CLOSED
	at org.apache.ratis.MiniRaftCluster.newIllegalStateExceptionForNoLeaders(MiniRaftCluster.java:506)
	at org.apache.ratis.RaftTestUtil.lambda$waitForLeader$1(RaftTestUtil.java:90)
	at org.apache.ratis.MiniRaftCluster.getLeader(MiniRaftCluster.java:539)
	at org.apache.ratis.MiniRaftCluster.getLeader(MiniRaftCluster.java:532)
	at org.apache.ratis.RaftTestUtil.lambda$waitForLeader$3(RaftTestUtil.java:98)
	at org.apache.ratis.util.JavaUtils.attempt(JavaUtils.java:152)
	at org.apache.ratis.RaftTestUtil.waitForLeader(RaftTestUtil.java:97)
	at org.apache.ratis.RaftTestUtil.waitForLeader(RaftTestUtil.java:77)
	at org.apache.ratis.RaftTestUtil.waitForLeader(RaftTestUtil.java:72)
	at org.apache.ratis.server.impl.RaftReconfigurationBaseTest.runTestKillLeaderDuringReconf(RaftReconfigurationBaseTest.java:353)
	at org.apache.ratis.MiniRaftCluster$Factory$Get.runWithNewCluster(MiniRaftCluster.java:125)
	at org.apache.ratis.MiniRaftCluster$Factory$Get.runWithNewCluster(MiniRaftCluster.java:113)
	at org.apache.ratis.server.impl.RaftReconfigurationBaseTest.testKillLeaderDuringReconf(RaftReconfigurationBaseTest.java:304)
	at sun.reflect.NativeMethodAccessorImpl.invoke0(Native Method)
	at sun.reflect.NativeMethodAccessorImpl.invoke(NativeMethodAccessorImpl.java:62)
	at sun.reflect.DelegatingMethodAccessorImpl.invoke(DelegatingMethodAccessorImpl.java:43)
	at java.lang.reflect.Method.invoke(Method.java:498)
	at org.junit.runners.model.FrameworkMethod$1.runReflectiveCall(FrameworkMethod.java:50)
	at org.junit.internal.runners.model.ReflectiveCallable.run(ReflectiveCallable.java:12)
	at org.junit.runners.model.FrameworkMethod.invokeExplosively(FrameworkMethod.java:47)
	at org.junit.internal.runners.statements.InvokeMethod.evaluate(InvokeMethod.java:17)
	at org.junit.internal.runners.statements.RunAfters.evaluate(RunAfters.java:27)
	at org.junit.internal.runners.statements.FailOnTimeout$CallableStatement.call(FailOnTimeout.java:298)
	at org.junit.internal.runners.statements.FailOnTimeout$CallableStatement.call(FailOnTimeout.java:292)
	at java.util.concurrent.FutureTask.run(FutureTask.java:266)
	at java.lang.Thread.run(Thread.java:748)
2019-09-26 09:46:16,691 INFO  impl.LeaderElection (LeaderElection.java:logAndReturn(56)) - s1@group-808489D4E928-LeaderElection25: Election TIMEOUT; received 0 response(s) [] and 1 exception(s); s1@group-808489D4E928:t85, leader=null, voted=s1, raftlog=s1@group-808489D4E928-SegmentedRaftLog:OPENED:c0,f0,i0, conf=0: [s0:0.0.0.0:42957, s1:0.0.0.0:41030, s2:0.0.0.0:35144], old=null
2019-09-26 09:46:16,691 INFO  impl.LeaderElection (LogUtils.java:infoOrTrace(149)) -   Exception 0: java.util.concurrent.ExecutionException: org.apache.ratis.thirdparty.io.netty.channel.AbstractChannel$AnnotatedConnectException: Connection refused: /0.0.0.0:35144
2019-09-26 09:46:16,696 INFO  impl.LeaderElection (LeaderElection.java:askForVotes(178)) - s1@group-808489D4E928-LeaderElection25: begin an election at term 86 for 0: [s0:0.0.0.0:42957, s1:0.0.0.0:41030, s2:0.0.0.0:35144], old=null
2019-09-26 09:46:16,698 INFO  impl.LeaderElection (LogUtils.java:infoOrTrace(149)) - s1@group-808489D4E928-LeaderElection25 got exception when requesting votes: java.util.concurrent.ExecutionException: org.apache.ratis.thirdparty.io.netty.channel.AbstractChannel$AnnotatedConnectException: Connection refused: /0.0.0.0:35144
2019-09-26 09:46:16,704 INFO  impl.LeaderElection (LeaderElection.java:logAndReturn(56)) - s0@group-808489D4E928-LeaderElection23: Election TIMEOUT; received 0 response(s) [] and 0 exception(s); s0@group-808489D4E928:t93, leader=null, voted=s0, raftlog=s0@group-808489D4E928-SegmentedRaftLog:OPENED:c-1,f-1,i0, conf=-1: [s0:0.0.0.0:42957, s1:0.0.0.0:41030, s2:0.0.0.0:35144], old=null
2019-09-26 09:46:16,707 INFO  impl.LeaderElection (LeaderElection.java:askForVotes(178)) - s0@group-808489D4E928-LeaderElection23: begin an election at term 94 for -1: [s0:0.0.0.0:42957, s1:0.0.0.0:41030, s2:0.0.0.0:35144], old=null
2019-09-26 09:46:16,909 INFO  impl.LeaderElection (LeaderElection.java:logAndReturn(56)) - s1@group-808489D4E928-LeaderElection25: Election TIMEOUT; received 0 response(s) [] and 1 exception(s); s1@group-808489D4E928:t86, leader=null, voted=s1, raftlog=s1@group-808489D4E928-SegmentedRaftLog:OPENED:c0,f0,i0, conf=0: [s0:0.0.0.0:42957, s1:0.0.0.0:41030, s2:0.0.0.0:35144], old=null
2019-09-26 09:46:16,909 INFO  impl.LeaderElection (LogUtils.java:infoOrTrace(149)) -   Exception 0: java.util.concurrent.ExecutionException: org.apache.ratis.thirdparty.io.netty.channel.AbstractChannel$AnnotatedConnectException: Connection refused: /0.0.0.0:35144
2019-09-26 09:46:16,921 INFO  impl.LeaderElection (LeaderElection.java:logAndReturn(56)) - s0@group-808489D4E928-LeaderElection23: Election TIMEOUT; received 0 response(s) [] and 0 exception(s); s0@group-808489D4E928:t94, leader=null, voted=s0, raftlog=s0@group-808489D4E928-SegmentedRaftLog:OPENED:c-1,f-1,i0, conf=-1: [s0:0.0.0.0:42957, s1:0.0.0.0:41030, s2:0.0.0.0:35144], old=null
2019-09-26 09:46:16,922 INFO  impl.LeaderElection (LeaderElection.java:askForVotes(178)) - s1@group-808489D4E928-LeaderElection25: begin an election at term 87 for 0: [s0:0.0.0.0:42957, s1:0.0.0.0:41030, s2:0.0.0.0:35144], old=null
2019-09-26 09:46:16,925 INFO  impl.LeaderElection (LogUtils.java:infoOrTrace(149)) - s1@group-808489D4E928-LeaderElection25 got exception when requesting votes: java.util.concurrent.ExecutionException: org.apache.ratis.thirdparty.io.netty.channel.AbstractChannel$AnnotatedConnectException: Connection refused: /0.0.0.0:35144
2019-09-26 09:46:16,925 INFO  impl.LeaderElection (LeaderElection.java:askForVotes(178)) - s0@group-808489D4E928-LeaderElection23: begin an election at term 95 for -1: [s0:0.0.0.0:42957, s1:0.0.0.0:41030, s2:0.0.0.0:35144], old=null
2019-09-26 09:46:17,023 WARN  ratis.RaftTestUtil (JavaUtils.java:attempt(158)) - FAILED "waitForLeader-null-(expectLeader? true)", attempt #46/100: java.lang.IllegalStateException: No leader yet : printing ALL groups
  s3:   CLOSED  FOLLOWER s3@group-808489D4E928:t0, leader=null, voted=null, raftlog=s3@group-808489D4E928-SegmentedRaftLog:CLOSED:c-1, conf=-1: [s0:0.0.0.0:42957, s1:0.0.0.0:41030, s2:0.0.0.0:35144], old=null CLOSED
  s0:  RUNNING CANDIDATE s0@group-808489D4E928:t95, leader=null, voted=s0, raftlog=s0@group-808489D4E928-SegmentedRaftLog:OPENED:c-1,f-1,i0, conf=-1: [s0:0.0.0.0:42957, s1:0.0.0.0:41030, s2:0.0.0.0:35144], old=null RUNNING
  s1:  RUNNING CANDIDATE s1@group-808489D4E928:t87, leader=null, voted=s1, raftlog=s1@group-808489D4E928-SegmentedRaftLog:OPENED:c0,f0,i0, conf=0: [s0:0.0.0.0:42957, s1:0.0.0.0:41030, s2:0.0.0.0:35144], old=null RUNNING
  s2:   CLOSED    LEADER s2@group-808489D4E928:t1, leader=s2, voted=s2, raftlog=s2@group-808489D4E928-SegmentedRaftLog:CLOSED:c0, conf=0: [s0:0.0.0.0:42957, s1:0.0.0.0:41030, s2:0.0.0.0:35144], old=null CLOSED, sleep 450ms and then retry.
java.lang.IllegalStateException: No leader yet : printing ALL groups
  s3:   CLOSED  FOLLOWER s3@group-808489D4E928:t0, leader=null, voted=null, raftlog=s3@group-808489D4E928-SegmentedRaftLog:CLOSED:c-1, conf=-1: [s0:0.0.0.0:42957, s1:0.0.0.0:41030, s2:0.0.0.0:35144], old=null CLOSED
  s0:  RUNNING CANDIDATE s0@group-808489D4E928:t95, leader=null, voted=s0, raftlog=s0@group-808489D4E928-SegmentedRaftLog:OPENED:c-1,f-1,i0, conf=-1: [s0:0.0.0.0:42957, s1:0.0.0.0:41030, s2:0.0.0.0:35144], old=null RUNNING
  s1:  RUNNING CANDIDATE s1@group-808489D4E928:t87, leader=null, voted=s1, raftlog=s1@group-808489D4E928-SegmentedRaftLog:OPENED:c0,f0,i0, conf=0: [s0:0.0.0.0:42957, s1:0.0.0.0:41030, s2:0.0.0.0:35144], old=null RUNNING
  s2:   CLOSED    LEADER s2@group-808489D4E928:t1, leader=s2, voted=s2, raftlog=s2@group-808489D4E928-SegmentedRaftLog:CLOSED:c0, conf=0: [s0:0.0.0.0:42957, s1:0.0.0.0:41030, s2:0.0.0.0:35144], old=null CLOSED
	at org.apache.ratis.MiniRaftCluster.newIllegalStateExceptionForNoLeaders(MiniRaftCluster.java:506)
	at org.apache.ratis.RaftTestUtil.lambda$waitForLeader$1(RaftTestUtil.java:90)
	at org.apache.ratis.MiniRaftCluster.getLeader(MiniRaftCluster.java:539)
	at org.apache.ratis.MiniRaftCluster.getLeader(MiniRaftCluster.java:532)
	at org.apache.ratis.RaftTestUtil.lambda$waitForLeader$3(RaftTestUtil.java:98)
	at org.apache.ratis.util.JavaUtils.attempt(JavaUtils.java:152)
	at org.apache.ratis.RaftTestUtil.waitForLeader(RaftTestUtil.java:97)
	at org.apache.ratis.RaftTestUtil.waitForLeader(RaftTestUtil.java:77)
	at org.apache.ratis.RaftTestUtil.waitForLeader(RaftTestUtil.java:72)
	at org.apache.ratis.server.impl.RaftReconfigurationBaseTest.runTestKillLeaderDuringReconf(RaftReconfigurationBaseTest.java:353)
	at org.apache.ratis.MiniRaftCluster$Factory$Get.runWithNewCluster(MiniRaftCluster.java:125)
	at org.apache.ratis.MiniRaftCluster$Factory$Get.runWithNewCluster(MiniRaftCluster.java:113)
	at org.apache.ratis.server.impl.RaftReconfigurationBaseTest.testKillLeaderDuringReconf(RaftReconfigurationBaseTest.java:304)
	at sun.reflect.NativeMethodAccessorImpl.invoke0(Native Method)
	at sun.reflect.NativeMethodAccessorImpl.invoke(NativeMethodAccessorImpl.java:62)
	at sun.reflect.DelegatingMethodAccessorImpl.invoke(DelegatingMethodAccessorImpl.java:43)
	at java.lang.reflect.Method.invoke(Method.java:498)
	at org.junit.runners.model.FrameworkMethod$1.runReflectiveCall(FrameworkMethod.java:50)
	at org.junit.internal.runners.model.ReflectiveCallable.run(ReflectiveCallable.java:12)
	at org.junit.runners.model.FrameworkMethod.invokeExplosively(FrameworkMethod.java:47)
	at org.junit.internal.runners.statements.InvokeMethod.evaluate(InvokeMethod.java:17)
	at org.junit.internal.runners.statements.RunAfters.evaluate(RunAfters.java:27)
	at org.junit.internal.runners.statements.FailOnTimeout$CallableStatement.call(FailOnTimeout.java:298)
	at org.junit.internal.runners.statements.FailOnTimeout$CallableStatement.call(FailOnTimeout.java:292)
	at java.util.concurrent.FutureTask.run(FutureTask.java:266)
	at java.lang.Thread.run(Thread.java:748)
2019-09-26 09:46:17,082 INFO  impl.LeaderElection (LeaderElection.java:logAndReturn(56)) - s0@group-808489D4E928-LeaderElection23: Election TIMEOUT; received 0 response(s) [] and 0 exception(s); s0@group-808489D4E928:t95, leader=null, voted=s0, raftlog=s0@group-808489D4E928-SegmentedRaftLog:OPENED:c-1,f-1,i0, conf=-1: [s0:0.0.0.0:42957, s1:0.0.0.0:41030, s2:0.0.0.0:35144], old=null
2019-09-26 09:46:17,103 INFO  impl.LeaderElection (LeaderElection.java:askForVotes(178)) - s0@group-808489D4E928-LeaderElection23: begin an election at term 96 for -1: [s0:0.0.0.0:42957, s1:0.0.0.0:41030, s2:0.0.0.0:35144], old=null
2019-09-26 09:46:17,127 INFO  impl.LeaderElection (LeaderElection.java:logAndReturn(56)) - s1@group-808489D4E928-LeaderElection25: Election TIMEOUT; received 0 response(s) [] and 1 exception(s); s1@group-808489D4E928:t87, leader=null, voted=s1, raftlog=s1@group-808489D4E928-SegmentedRaftLog:OPENED:c0,f0,i0, conf=0: [s0:0.0.0.0:42957, s1:0.0.0.0:41030, s2:0.0.0.0:35144], old=null
2019-09-26 09:46:17,127 INFO  impl.LeaderElection (LogUtils.java:infoOrTrace(149)) -   Exception 0: java.util.concurrent.ExecutionException: org.apache.ratis.thirdparty.io.netty.channel.AbstractChannel$AnnotatedConnectException: Connection refused: /0.0.0.0:35144
2019-09-26 09:46:17,141 INFO  impl.LeaderElection (LeaderElection.java:askForVotes(178)) - s1@group-808489D4E928-LeaderElection25: begin an election at term 88 for 0: [s0:0.0.0.0:42957, s1:0.0.0.0:41030, s2:0.0.0.0:35144], old=null
2019-09-26 09:46:17,143 INFO  impl.LeaderElection (LogUtils.java:infoOrTrace(149)) - s1@group-808489D4E928-LeaderElection25 got exception when requesting votes: java.util.concurrent.ExecutionException: org.apache.ratis.thirdparty.io.netty.channel.AbstractChannel$AnnotatedConnectException: Connection refused: /0.0.0.0:35144
2019-09-26 09:46:17,304 INFO  impl.LeaderElection (LeaderElection.java:logAndReturn(56)) - s0@group-808489D4E928-LeaderElection23: Election TIMEOUT; received 0 response(s) [] and 0 exception(s); s0@group-808489D4E928:t96, leader=null, voted=s0, raftlog=s0@group-808489D4E928-SegmentedRaftLog:OPENED:c-1,f-1,i0, conf=-1: [s0:0.0.0.0:42957, s1:0.0.0.0:41030, s2:0.0.0.0:35144], old=null
2019-09-26 09:46:17,317 INFO  impl.LeaderElection (LeaderElection.java:askForVotes(178)) - s0@group-808489D4E928-LeaderElection23: begin an election at term 97 for -1: [s0:0.0.0.0:42957, s1:0.0.0.0:41030, s2:0.0.0.0:35144], old=null
2019-09-26 09:46:17,398 INFO  impl.LeaderElection (LeaderElection.java:logAndReturn(56)) - s1@group-808489D4E928-LeaderElection25: Election TIMEOUT; received 0 response(s) [] and 1 exception(s); s1@group-808489D4E928:t88, leader=null, voted=s1, raftlog=s1@group-808489D4E928-SegmentedRaftLog:OPENED:c0,f0,i0, conf=0: [s0:0.0.0.0:42957, s1:0.0.0.0:41030, s2:0.0.0.0:35144], old=null
2019-09-26 09:46:17,398 INFO  impl.LeaderElection (LogUtils.java:infoOrTrace(149)) -   Exception 0: java.util.concurrent.ExecutionException: org.apache.ratis.thirdparty.io.netty.channel.AbstractChannel$AnnotatedConnectException: Connection refused: /0.0.0.0:35144
2019-09-26 09:46:17,412 INFO  impl.LeaderElection (LeaderElection.java:askForVotes(178)) - s1@group-808489D4E928-LeaderElection25: begin an election at term 89 for 0: [s0:0.0.0.0:42957, s1:0.0.0.0:41030, s2:0.0.0.0:35144], old=null
2019-09-26 09:46:17,414 INFO  impl.LeaderElection (LogUtils.java:infoOrTrace(149)) - s1@group-808489D4E928-LeaderElection25 got exception when requesting votes: java.util.concurrent.ExecutionException: org.apache.ratis.thirdparty.io.netty.channel.AbstractChannel$AnnotatedConnectException: Connection refused: /0.0.0.0:35144
2019-09-26 09:46:17,475 WARN  ratis.RaftTestUtil (JavaUtils.java:attempt(158)) - FAILED "waitForLeader-null-(expectLeader? true)", attempt #47/100: java.lang.IllegalStateException: No leader yet : printing ALL groups
  s3:   CLOSED  FOLLOWER s3@group-808489D4E928:t0, leader=null, voted=null, raftlog=s3@group-808489D4E928-SegmentedRaftLog:CLOSED:c-1, conf=-1: [s0:0.0.0.0:42957, s1:0.0.0.0:41030, s2:0.0.0.0:35144], old=null CLOSED
  s0:  RUNNING CANDIDATE s0@group-808489D4E928:t97, leader=null, voted=s0, raftlog=s0@group-808489D4E928-SegmentedRaftLog:OPENED:c-1,f-1,i0, conf=-1: [s0:0.0.0.0:42957, s1:0.0.0.0:41030, s2:0.0.0.0:35144], old=null RUNNING
  s1:  RUNNING CANDIDATE s1@group-808489D4E928:t89, leader=null, voted=s1, raftlog=s1@group-808489D4E928-SegmentedRaftLog:OPENED:c0,f0,i0, conf=0: [s0:0.0.0.0:42957, s1:0.0.0.0:41030, s2:0.0.0.0:35144], old=null RUNNING
  s2:   CLOSED    LEADER s2@group-808489D4E928:t1, leader=s2, voted=s2, raftlog=s2@group-808489D4E928-SegmentedRaftLog:CLOSED:c0, conf=0: [s0:0.0.0.0:42957, s1:0.0.0.0:41030, s2:0.0.0.0:35144], old=null CLOSED, sleep 450ms and then retry.
java.lang.IllegalStateException: No leader yet : printing ALL groups
  s3:   CLOSED  FOLLOWER s3@group-808489D4E928:t0, leader=null, voted=null, raftlog=s3@group-808489D4E928-SegmentedRaftLog:CLOSED:c-1, conf=-1: [s0:0.0.0.0:42957, s1:0.0.0.0:41030, s2:0.0.0.0:35144], old=null CLOSED
  s0:  RUNNING CANDIDATE s0@group-808489D4E928:t97, leader=null, voted=s0, raftlog=s0@group-808489D4E928-SegmentedRaftLog:OPENED:c-1,f-1,i0, conf=-1: [s0:0.0.0.0:42957, s1:0.0.0.0:41030, s2:0.0.0.0:35144], old=null RUNNING
  s1:  RUNNING CANDIDATE s1@group-808489D4E928:t89, leader=null, voted=s1, raftlog=s1@group-808489D4E928-SegmentedRaftLog:OPENED:c0,f0,i0, conf=0: [s0:0.0.0.0:42957, s1:0.0.0.0:41030, s2:0.0.0.0:35144], old=null RUNNING
  s2:   CLOSED    LEADER s2@group-808489D4E928:t1, leader=s2, voted=s2, raftlog=s2@group-808489D4E928-SegmentedRaftLog:CLOSED:c0, conf=0: [s0:0.0.0.0:42957, s1:0.0.0.0:41030, s2:0.0.0.0:35144], old=null CLOSED
	at org.apache.ratis.MiniRaftCluster.newIllegalStateExceptionForNoLeaders(MiniRaftCluster.java:506)
	at org.apache.ratis.RaftTestUtil.lambda$waitForLeader$1(RaftTestUtil.java:90)
	at org.apache.ratis.MiniRaftCluster.getLeader(MiniRaftCluster.java:539)
	at org.apache.ratis.MiniRaftCluster.getLeader(MiniRaftCluster.java:532)
	at org.apache.ratis.RaftTestUtil.lambda$waitForLeader$3(RaftTestUtil.java:98)
	at org.apache.ratis.util.JavaUtils.attempt(JavaUtils.java:152)
	at org.apache.ratis.RaftTestUtil.waitForLeader(RaftTestUtil.java:97)
	at org.apache.ratis.RaftTestUtil.waitForLeader(RaftTestUtil.java:77)
	at org.apache.ratis.RaftTestUtil.waitForLeader(RaftTestUtil.java:72)
	at org.apache.ratis.server.impl.RaftReconfigurationBaseTest.runTestKillLeaderDuringReconf(RaftReconfigurationBaseTest.java:353)
	at org.apache.ratis.MiniRaftCluster$Factory$Get.runWithNewCluster(MiniRaftCluster.java:125)
	at org.apache.ratis.MiniRaftCluster$Factory$Get.runWithNewCluster(MiniRaftCluster.java:113)
	at org.apache.ratis.server.impl.RaftReconfigurationBaseTest.testKillLeaderDuringReconf(RaftReconfigurationBaseTest.java:304)
	at sun.reflect.NativeMethodAccessorImpl.invoke0(Native Method)
	at sun.reflect.NativeMethodAccessorImpl.invoke(NativeMethodAccessorImpl.java:62)
	at sun.reflect.DelegatingMethodAccessorImpl.invoke(DelegatingMethodAccessorImpl.java:43)
	at java.lang.reflect.Method.invoke(Method.java:498)
	at org.junit.runners.model.FrameworkMethod$1.runReflectiveCall(FrameworkMethod.java:50)
	at org.junit.internal.runners.model.ReflectiveCallable.run(ReflectiveCallable.java:12)
	at org.junit.runners.model.FrameworkMethod.invokeExplosively(FrameworkMethod.java:47)
	at org.junit.internal.runners.statements.InvokeMethod.evaluate(InvokeMethod.java:17)
	at org.junit.internal.runners.statements.RunAfters.evaluate(RunAfters.java:27)
	at org.junit.internal.runners.statements.FailOnTimeout$CallableStatement.call(FailOnTimeout.java:298)
	at org.junit.internal.runners.statements.FailOnTimeout$CallableStatement.call(FailOnTimeout.java:292)
	at java.util.concurrent.FutureTask.run(FutureTask.java:266)
	at java.lang.Thread.run(Thread.java:748)
2019-09-26 09:46:17,523 INFO  impl.LeaderElection (LeaderElection.java:logAndReturn(56)) - s0@group-808489D4E928-LeaderElection23: Election TIMEOUT; received 0 response(s) [] and 0 exception(s); s0@group-808489D4E928:t97, leader=null, voted=s0, raftlog=s0@group-808489D4E928-SegmentedRaftLog:OPENED:c-1,f-1,i0, conf=-1: [s0:0.0.0.0:42957, s1:0.0.0.0:41030, s2:0.0.0.0:35144], old=null
2019-09-26 09:46:17,536 INFO  impl.LeaderElection (LeaderElection.java:askForVotes(178)) - s0@group-808489D4E928-LeaderElection23: begin an election at term 98 for -1: [s0:0.0.0.0:42957, s1:0.0.0.0:41030, s2:0.0.0.0:35144], old=null
2019-09-26 09:46:17,588 INFO  impl.LeaderElection (LeaderElection.java:logAndReturn(56)) - s1@group-808489D4E928-LeaderElection25: Election TIMEOUT; received 0 response(s) [] and 1 exception(s); s1@group-808489D4E928:t89, leader=null, voted=s1, raftlog=s1@group-808489D4E928-SegmentedRaftLog:OPENED:c0,f0,i0, conf=0: [s0:0.0.0.0:42957, s1:0.0.0.0:41030, s2:0.0.0.0:35144], old=null
2019-09-26 09:46:17,589 INFO  impl.LeaderElection (LogUtils.java:infoOrTrace(149)) -   Exception 0: java.util.concurrent.ExecutionException: org.apache.ratis.thirdparty.io.netty.channel.AbstractChannel$AnnotatedConnectException: Connection refused: /0.0.0.0:35144
2019-09-26 09:46:17,602 INFO  impl.LeaderElection (LeaderElection.java:askForVotes(178)) - s1@group-808489D4E928-LeaderElection25: begin an election at term 90 for 0: [s0:0.0.0.0:42957, s1:0.0.0.0:41030, s2:0.0.0.0:35144], old=null
2019-09-26 09:46:17,604 INFO  impl.LeaderElection (LogUtils.java:infoOrTrace(149)) - s1@group-808489D4E928-LeaderElection25 got exception when requesting votes: java.util.concurrent.ExecutionException: org.apache.ratis.thirdparty.io.netty.channel.AbstractChannel$AnnotatedConnectException: Connection refused: /0.0.0.0:35144
2019-09-26 09:46:17,713 INFO  impl.LeaderElection (LeaderElection.java:logAndReturn(56)) - s0@group-808489D4E928-LeaderElection23: Election TIMEOUT; received 0 response(s) [] and 0 exception(s); s0@group-808489D4E928:t98, leader=null, voted=s0, raftlog=s0@group-808489D4E928-SegmentedRaftLog:OPENED:c-1,f-1,i0, conf=-1: [s0:0.0.0.0:42957, s1:0.0.0.0:41030, s2:0.0.0.0:35144], old=null
2019-09-26 09:46:17,727 INFO  impl.LeaderElection (LeaderElection.java:askForVotes(178)) - s0@group-808489D4E928-LeaderElection23: begin an election at term 99 for -1: [s0:0.0.0.0:42957, s1:0.0.0.0:41030, s2:0.0.0.0:35144], old=null
2019-09-26 09:46:17,799 INFO  impl.LeaderElection (LeaderElection.java:logAndReturn(56)) - s1@group-808489D4E928-LeaderElection25: Election TIMEOUT; received 0 response(s) [] and 1 exception(s); s1@group-808489D4E928:t90, leader=null, voted=s1, raftlog=s1@group-808489D4E928-SegmentedRaftLog:OPENED:c0,f0,i0, conf=0: [s0:0.0.0.0:42957, s1:0.0.0.0:41030, s2:0.0.0.0:35144], old=null
2019-09-26 09:46:17,799 INFO  impl.LeaderElection (LogUtils.java:infoOrTrace(149)) -   Exception 0: java.util.concurrent.ExecutionException: org.apache.ratis.thirdparty.io.netty.channel.AbstractChannel$AnnotatedConnectException: Connection refused: /0.0.0.0:35144
2019-09-26 09:46:17,813 INFO  impl.LeaderElection (LeaderElection.java:askForVotes(178)) - s1@group-808489D4E928-LeaderElection25: begin an election at term 91 for 0: [s0:0.0.0.0:42957, s1:0.0.0.0:41030, s2:0.0.0.0:35144], old=null
2019-09-26 09:46:17,815 INFO  impl.LeaderElection (LogUtils.java:infoOrTrace(149)) - s1@group-808489D4E928-LeaderElection25 got exception when requesting votes: java.util.concurrent.ExecutionException: org.apache.ratis.thirdparty.io.netty.channel.AbstractChannel$AnnotatedConnectException: Connection refused: /0.0.0.0:35144
2019-09-26 09:46:17,926 WARN  ratis.RaftTestUtil (JavaUtils.java:attempt(158)) - FAILED "waitForLeader-null-(expectLeader? true)", attempt #48/100: java.lang.IllegalStateException: No leader yet : printing ALL groups
  s3:   CLOSED  FOLLOWER s3@group-808489D4E928:t0, leader=null, voted=null, raftlog=s3@group-808489D4E928-SegmentedRaftLog:CLOSED:c-1, conf=-1: [s0:0.0.0.0:42957, s1:0.0.0.0:41030, s2:0.0.0.0:35144], old=null CLOSED
  s0:  RUNNING CANDIDATE s0@group-808489D4E928:t99, leader=null, voted=s0, raftlog=s0@group-808489D4E928-SegmentedRaftLog:OPENED:c-1,f-1,i0, conf=-1: [s0:0.0.0.0:42957, s1:0.0.0.0:41030, s2:0.0.0.0:35144], old=null RUNNING
  s1:  RUNNING CANDIDATE s1@group-808489D4E928:t91, leader=null, voted=s1, raftlog=s1@group-808489D4E928-SegmentedRaftLog:OPENED:c0,f0,i0, conf=0: [s0:0.0.0.0:42957, s1:0.0.0.0:41030, s2:0.0.0.0:35144], old=null RUNNING
  s2:   CLOSED    LEADER s2@group-808489D4E928:t1, leader=s2, voted=s2, raftlog=s2@group-808489D4E928-SegmentedRaftLog:CLOSED:c0, conf=0: [s0:0.0.0.0:42957, s1:0.0.0.0:41030, s2:0.0.0.0:35144], old=null CLOSED, sleep 450ms and then retry.
java.lang.IllegalStateException: No leader yet : printing ALL groups
  s3:   CLOSED  FOLLOWER s3@group-808489D4E928:t0, leader=null, voted=null, raftlog=s3@group-808489D4E928-SegmentedRaftLog:CLOSED:c-1, conf=-1: [s0:0.0.0.0:42957, s1:0.0.0.0:41030, s2:0.0.0.0:35144], old=null CLOSED
  s0:  RUNNING CANDIDATE s0@group-808489D4E928:t99, leader=null, voted=s0, raftlog=s0@group-808489D4E928-SegmentedRaftLog:OPENED:c-1,f-1,i0, conf=-1: [s0:0.0.0.0:42957, s1:0.0.0.0:41030, s2:0.0.0.0:35144], old=null RUNNING
  s1:  RUNNING CANDIDATE s1@group-808489D4E928:t91, leader=null, voted=s1, raftlog=s1@group-808489D4E928-SegmentedRaftLog:OPENED:c0,f0,i0, conf=0: [s0:0.0.0.0:42957, s1:0.0.0.0:41030, s2:0.0.0.0:35144], old=null RUNNING
  s2:   CLOSED    LEADER s2@group-808489D4E928:t1, leader=s2, voted=s2, raftlog=s2@group-808489D4E928-SegmentedRaftLog:CLOSED:c0, conf=0: [s0:0.0.0.0:42957, s1:0.0.0.0:41030, s2:0.0.0.0:35144], old=null CLOSED
	at org.apache.ratis.MiniRaftCluster.newIllegalStateExceptionForNoLeaders(MiniRaftCluster.java:506)
	at org.apache.ratis.RaftTestUtil.lambda$waitForLeader$1(RaftTestUtil.java:90)
	at org.apache.ratis.MiniRaftCluster.getLeader(MiniRaftCluster.java:539)
	at org.apache.ratis.MiniRaftCluster.getLeader(MiniRaftCluster.java:532)
	at org.apache.ratis.RaftTestUtil.lambda$waitForLeader$3(RaftTestUtil.java:98)
	at org.apache.ratis.util.JavaUtils.attempt(JavaUtils.java:152)
	at org.apache.ratis.RaftTestUtil.waitForLeader(RaftTestUtil.java:97)
	at org.apache.ratis.RaftTestUtil.waitForLeader(RaftTestUtil.java:77)
	at org.apache.ratis.RaftTestUtil.waitForLeader(RaftTestUtil.java:72)
	at org.apache.ratis.server.impl.RaftReconfigurationBaseTest.runTestKillLeaderDuringReconf(RaftReconfigurationBaseTest.java:353)
	at org.apache.ratis.MiniRaftCluster$Factory$Get.runWithNewCluster(MiniRaftCluster.java:125)
	at org.apache.ratis.MiniRaftCluster$Factory$Get.runWithNewCluster(MiniRaftCluster.java:113)
	at org.apache.ratis.server.impl.RaftReconfigurationBaseTest.testKillLeaderDuringReconf(RaftReconfigurationBaseTest.java:304)
	at sun.reflect.NativeMethodAccessorImpl.invoke0(Native Method)
	at sun.reflect.NativeMethodAccessorImpl.invoke(NativeMethodAccessorImpl.java:62)
	at sun.reflect.DelegatingMethodAccessorImpl.invoke(DelegatingMethodAccessorImpl.java:43)
	at java.lang.reflect.Method.invoke(Method.java:498)
	at org.junit.runners.model.FrameworkMethod$1.runReflectiveCall(FrameworkMethod.java:50)
	at org.junit.internal.runners.model.ReflectiveCallable.run(ReflectiveCallable.java:12)
	at org.junit.runners.model.FrameworkMethod.invokeExplosively(FrameworkMethod.java:47)
	at org.junit.internal.runners.statements.InvokeMethod.evaluate(InvokeMethod.java:17)
	at org.junit.internal.runners.statements.RunAfters.evaluate(RunAfters.java:27)
	at org.junit.internal.runners.statements.FailOnTimeout$CallableStatement.call(FailOnTimeout.java:298)
	at org.junit.internal.runners.statements.FailOnTimeout$CallableStatement.call(FailOnTimeout.java:292)
	at java.util.concurrent.FutureTask.run(FutureTask.java:266)
	at java.lang.Thread.run(Thread.java:748)
2019-09-26 09:46:17,971 INFO  impl.LeaderElection (LeaderElection.java:logAndReturn(56)) - s0@group-808489D4E928-LeaderElection23: Election TIMEOUT; received 0 response(s) [] and 0 exception(s); s0@group-808489D4E928:t99, leader=null, voted=s0, raftlog=s0@group-808489D4E928-SegmentedRaftLog:OPENED:c-1,f-1,i0, conf=-1: [s0:0.0.0.0:42957, s1:0.0.0.0:41030, s2:0.0.0.0:35144], old=null
2019-09-26 09:46:17,986 INFO  impl.LeaderElection (LeaderElection.java:askForVotes(178)) - s0@group-808489D4E928-LeaderElection23: begin an election at term 100 for -1: [s0:0.0.0.0:42957, s1:0.0.0.0:41030, s2:0.0.0.0:35144], old=null
2019-09-26 09:46:18,089 INFO  impl.LeaderElection (LeaderElection.java:logAndReturn(56)) - s1@group-808489D4E928-LeaderElection25: Election TIMEOUT; received 0 response(s) [] and 1 exception(s); s1@group-808489D4E928:t91, leader=null, voted=s1, raftlog=s1@group-808489D4E928-SegmentedRaftLog:OPENED:c0,f0,i0, conf=0: [s0:0.0.0.0:42957, s1:0.0.0.0:41030, s2:0.0.0.0:35144], old=null
2019-09-26 09:46:18,089 INFO  impl.LeaderElection (LogUtils.java:infoOrTrace(149)) -   Exception 0: java.util.concurrent.ExecutionException: org.apache.ratis.thirdparty.io.netty.channel.AbstractChannel$AnnotatedConnectException: Connection refused: /0.0.0.0:35144
2019-09-26 09:46:18,103 INFO  impl.LeaderElection (LeaderElection.java:askForVotes(178)) - s1@group-808489D4E928-LeaderElection25: begin an election at term 92 for 0: [s0:0.0.0.0:42957, s1:0.0.0.0:41030, s2:0.0.0.0:35144], old=null
2019-09-26 09:46:18,105 INFO  impl.LeaderElection (LogUtils.java:infoOrTrace(149)) - s1@group-808489D4E928-LeaderElection25 got exception when requesting votes: java.util.concurrent.ExecutionException: org.apache.ratis.thirdparty.io.netty.channel.AbstractChannel$AnnotatedConnectException: Connection refused: /0.0.0.0:35144
2019-09-26 09:46:18,220 INFO  impl.LeaderElection (LeaderElection.java:logAndReturn(56)) - s0@group-808489D4E928-LeaderElection23: Election TIMEOUT; received 0 response(s) [] and 0 exception(s); s0@group-808489D4E928:t100, leader=null, voted=s0, raftlog=s0@group-808489D4E928-SegmentedRaftLog:OPENED:c-1,f-1,i0, conf=-1: [s0:0.0.0.0:42957, s1:0.0.0.0:41030, s2:0.0.0.0:35144], old=null
2019-09-26 09:46:18,241 INFO  impl.LeaderElection (LeaderElection.java:askForVotes(178)) - s0@group-808489D4E928-LeaderElection23: begin an election at term 101 for -1: [s0:0.0.0.0:42957, s1:0.0.0.0:41030, s2:0.0.0.0:35144], old=null
2019-09-26 09:46:18,271 INFO  impl.LeaderElection (LeaderElection.java:logAndReturn(56)) - s1@group-808489D4E928-LeaderElection25: Election TIMEOUT; received 0 response(s) [] and 1 exception(s); s1@group-808489D4E928:t92, leader=null, voted=s1, raftlog=s1@group-808489D4E928-SegmentedRaftLog:OPENED:c0,f0,i0, conf=0: [s0:0.0.0.0:42957, s1:0.0.0.0:41030, s2:0.0.0.0:35144], old=null
2019-09-26 09:46:18,271 INFO  impl.LeaderElection (LogUtils.java:infoOrTrace(149)) -   Exception 0: java.util.concurrent.ExecutionException: org.apache.ratis.thirdparty.io.netty.channel.AbstractChannel$AnnotatedConnectException: Connection refused: /0.0.0.0:35144
2019-09-26 09:46:18,285 INFO  impl.LeaderElection (LeaderElection.java:askForVotes(178)) - s1@group-808489D4E928-LeaderElection25: begin an election at term 93 for 0: [s0:0.0.0.0:42957, s1:0.0.0.0:41030, s2:0.0.0.0:35144], old=null
2019-09-26 09:46:18,287 INFO  impl.LeaderElection (LogUtils.java:infoOrTrace(149)) - s1@group-808489D4E928-LeaderElection25 got exception when requesting votes: java.util.concurrent.ExecutionException: org.apache.ratis.thirdparty.io.netty.channel.AbstractChannel$AnnotatedConnectException: Connection refused: /0.0.0.0:35144
2019-09-26 09:46:18,377 WARN  ratis.RaftTestUtil (JavaUtils.java:attempt(158)) - FAILED "waitForLeader-null-(expectLeader? true)", attempt #49/100: java.lang.IllegalStateException: No leader yet : printing ALL groups
  s3:   CLOSED  FOLLOWER s3@group-808489D4E928:t0, leader=null, voted=null, raftlog=s3@group-808489D4E928-SegmentedRaftLog:CLOSED:c-1, conf=-1: [s0:0.0.0.0:42957, s1:0.0.0.0:41030, s2:0.0.0.0:35144], old=null CLOSED
  s0:  RUNNING CANDIDATE s0@group-808489D4E928:t101, leader=null, voted=s0, raftlog=s0@group-808489D4E928-SegmentedRaftLog:OPENED:c-1,f-1,i0, conf=-1: [s0:0.0.0.0:42957, s1:0.0.0.0:41030, s2:0.0.0.0:35144], old=null RUNNING
  s1:  RUNNING CANDIDATE s1@group-808489D4E928:t93, leader=null, voted=s1, raftlog=s1@group-808489D4E928-SegmentedRaftLog:OPENED:c0,f0,i0, conf=0: [s0:0.0.0.0:42957, s1:0.0.0.0:41030, s2:0.0.0.0:35144], old=null RUNNING
  s2:   CLOSED    LEADER s2@group-808489D4E928:t1, leader=s2, voted=s2, raftlog=s2@group-808489D4E928-SegmentedRaftLog:CLOSED:c0, conf=0: [s0:0.0.0.0:42957, s1:0.0.0.0:41030, s2:0.0.0.0:35144], old=null CLOSED, sleep 450ms and then retry.
java.lang.IllegalStateException: No leader yet : printing ALL groups
  s3:   CLOSED  FOLLOWER s3@group-808489D4E928:t0, leader=null, voted=null, raftlog=s3@group-808489D4E928-SegmentedRaftLog:CLOSED:c-1, conf=-1: [s0:0.0.0.0:42957, s1:0.0.0.0:41030, s2:0.0.0.0:35144], old=null CLOSED
  s0:  RUNNING CANDIDATE s0@group-808489D4E928:t101, leader=null, voted=s0, raftlog=s0@group-808489D4E928-SegmentedRaftLog:OPENED:c-1,f-1,i0, conf=-1: [s0:0.0.0.0:42957, s1:0.0.0.0:41030, s2:0.0.0.0:35144], old=null RUNNING
  s1:  RUNNING CANDIDATE s1@group-808489D4E928:t93, leader=null, voted=s1, raftlog=s1@group-808489D4E928-SegmentedRaftLog:OPENED:c0,f0,i0, conf=0: [s0:0.0.0.0:42957, s1:0.0.0.0:41030, s2:0.0.0.0:35144], old=null RUNNING
  s2:   CLOSED    LEADER s2@group-808489D4E928:t1, leader=s2, voted=s2, raftlog=s2@group-808489D4E928-SegmentedRaftLog:CLOSED:c0, conf=0: [s0:0.0.0.0:42957, s1:0.0.0.0:41030, s2:0.0.0.0:35144], old=null CLOSED
	at org.apache.ratis.MiniRaftCluster.newIllegalStateExceptionForNoLeaders(MiniRaftCluster.java:506)
	at org.apache.ratis.RaftTestUtil.lambda$waitForLeader$1(RaftTestUtil.java:90)
	at org.apache.ratis.MiniRaftCluster.getLeader(MiniRaftCluster.java:539)
	at org.apache.ratis.MiniRaftCluster.getLeader(MiniRaftCluster.java:532)
	at org.apache.ratis.RaftTestUtil.lambda$waitForLeader$3(RaftTestUtil.java:98)
	at org.apache.ratis.util.JavaUtils.attempt(JavaUtils.java:152)
	at org.apache.ratis.RaftTestUtil.waitForLeader(RaftTestUtil.java:97)
	at org.apache.ratis.RaftTestUtil.waitForLeader(RaftTestUtil.java:77)
	at org.apache.ratis.RaftTestUtil.waitForLeader(RaftTestUtil.java:72)
	at org.apache.ratis.server.impl.RaftReconfigurationBaseTest.runTestKillLeaderDuringReconf(RaftReconfigurationBaseTest.java:353)
	at org.apache.ratis.MiniRaftCluster$Factory$Get.runWithNewCluster(MiniRaftCluster.java:125)
	at org.apache.ratis.MiniRaftCluster$Factory$Get.runWithNewCluster(MiniRaftCluster.java:113)
	at org.apache.ratis.server.impl.RaftReconfigurationBaseTest.testKillLeaderDuringReconf(RaftReconfigurationBaseTest.java:304)
	at sun.reflect.NativeMethodAccessorImpl.invoke0(Native Method)
	at sun.reflect.NativeMethodAccessorImpl.invoke(NativeMethodAccessorImpl.java:62)
	at sun.reflect.DelegatingMethodAccessorImpl.invoke(DelegatingMethodAccessorImpl.java:43)
	at java.lang.reflect.Method.invoke(Method.java:498)
	at org.junit.runners.model.FrameworkMethod$1.runReflectiveCall(FrameworkMethod.java:50)
	at org.junit.internal.runners.model.ReflectiveCallable.run(ReflectiveCallable.java:12)
	at org.junit.runners.model.FrameworkMethod.invokeExplosively(FrameworkMethod.java:47)
	at org.junit.internal.runners.statements.InvokeMethod.evaluate(InvokeMethod.java:17)
	at org.junit.internal.runners.statements.RunAfters.evaluate(RunAfters.java:27)
	at org.junit.internal.runners.statements.FailOnTimeout$CallableStatement.call(FailOnTimeout.java:298)
	at org.junit.internal.runners.statements.FailOnTimeout$CallableStatement.call(FailOnTimeout.java:292)
	at java.util.concurrent.FutureTask.run(FutureTask.java:266)
	at java.lang.Thread.run(Thread.java:748)
2019-09-26 09:46:18,412 INFO  impl.LeaderElection (LeaderElection.java:logAndReturn(56)) - s0@group-808489D4E928-LeaderElection23: Election TIMEOUT; received 0 response(s) [] and 0 exception(s); s0@group-808489D4E928:t101, leader=null, voted=s0, raftlog=s0@group-808489D4E928-SegmentedRaftLog:OPENED:c-1,f-1,i0, conf=-1: [s0:0.0.0.0:42957, s1:0.0.0.0:41030, s2:0.0.0.0:35144], old=null
2019-09-26 09:46:18,425 INFO  impl.LeaderElection (LeaderElection.java:askForVotes(178)) - s0@group-808489D4E928-LeaderElection23: begin an election at term 102 for -1: [s0:0.0.0.0:42957, s1:0.0.0.0:41030, s2:0.0.0.0:35144], old=null
2019-09-26 09:46:18,509 INFO  impl.LeaderElection (LeaderElection.java:logAndReturn(56)) - s1@group-808489D4E928-LeaderElection25: Election TIMEOUT; received 0 response(s) [] and 1 exception(s); s1@group-808489D4E928:t93, leader=null, voted=s1, raftlog=s1@group-808489D4E928-SegmentedRaftLog:OPENED:c0,f0,i0, conf=0: [s0:0.0.0.0:42957, s1:0.0.0.0:41030, s2:0.0.0.0:35144], old=null
2019-09-26 09:46:18,510 INFO  impl.LeaderElection (LogUtils.java:infoOrTrace(149)) -   Exception 0: java.util.concurrent.ExecutionException: org.apache.ratis.thirdparty.io.netty.channel.AbstractChannel$AnnotatedConnectException: Connection refused: /0.0.0.0:35144
2019-09-26 09:46:18,523 INFO  impl.LeaderElection (LeaderElection.java:askForVotes(178)) - s1@group-808489D4E928-LeaderElection25: begin an election at term 94 for 0: [s0:0.0.0.0:42957, s1:0.0.0.0:41030, s2:0.0.0.0:35144], old=null
2019-09-26 09:46:18,525 INFO  impl.LeaderElection (LogUtils.java:infoOrTrace(149)) - s1@group-808489D4E928-LeaderElection25 got exception when requesting votes: java.util.concurrent.ExecutionException: org.apache.ratis.thirdparty.io.netty.channel.AbstractChannel$AnnotatedConnectException: Connection refused: /0.0.0.0:35144
2019-09-26 09:46:18,681 INFO  impl.LeaderElection (LeaderElection.java:logAndReturn(56)) - s0@group-808489D4E928-LeaderElection23: Election TIMEOUT; received 0 response(s) [] and 0 exception(s); s0@group-808489D4E928:t102, leader=null, voted=s0, raftlog=s0@group-808489D4E928-SegmentedRaftLog:OPENED:c-1,f-1,i0, conf=-1: [s0:0.0.0.0:42957, s1:0.0.0.0:41030, s2:0.0.0.0:35144], old=null
2019-09-26 09:46:18,694 INFO  impl.LeaderElection (LeaderElection.java:askForVotes(178)) - s0@group-808489D4E928-LeaderElection23: begin an election at term 103 for -1: [s0:0.0.0.0:42957, s1:0.0.0.0:41030, s2:0.0.0.0:35144], old=null
2019-09-26 09:46:18,793 INFO  impl.LeaderElection (LeaderElection.java:logAndReturn(56)) - s1@group-808489D4E928-LeaderElection25: Election TIMEOUT; received 0 response(s) [] and 1 exception(s); s1@group-808489D4E928:t94, leader=null, voted=s1, raftlog=s1@group-808489D4E928-SegmentedRaftLog:OPENED:c0,f0,i0, conf=0: [s0:0.0.0.0:42957, s1:0.0.0.0:41030, s2:0.0.0.0:35144], old=null
2019-09-26 09:46:18,793 INFO  impl.LeaderElection (LogUtils.java:infoOrTrace(149)) -   Exception 0: java.util.concurrent.ExecutionException: org.apache.ratis.thirdparty.io.netty.channel.AbstractChannel$AnnotatedConnectException: Connection refused: /0.0.0.0:35144
2019-09-26 09:46:18,806 INFO  impl.LeaderElection (LeaderElection.java:askForVotes(178)) - s1@group-808489D4E928-LeaderElection25: begin an election at term 95 for 0: [s0:0.0.0.0:42957, s1:0.0.0.0:41030, s2:0.0.0.0:35144], old=null
2019-09-26 09:46:18,809 INFO  impl.LeaderElection (LogUtils.java:infoOrTrace(149)) - s1@group-808489D4E928-LeaderElection25 got exception when requesting votes: java.util.concurrent.ExecutionException: org.apache.ratis.thirdparty.io.netty.channel.AbstractChannel$AnnotatedConnectException: Connection refused: /0.0.0.0:35144
2019-09-26 09:46:18,828 WARN  ratis.RaftTestUtil (JavaUtils.java:attempt(158)) - FAILED "waitForLeader-null-(expectLeader? true)", attempt #50/100: java.lang.IllegalStateException: No leader yet : printing ALL groups
  s3:   CLOSED  FOLLOWER s3@group-808489D4E928:t0, leader=null, voted=null, raftlog=s3@group-808489D4E928-SegmentedRaftLog:CLOSED:c-1, conf=-1: [s0:0.0.0.0:42957, s1:0.0.0.0:41030, s2:0.0.0.0:35144], old=null CLOSED
  s0:  RUNNING CANDIDATE s0@group-808489D4E928:t103, leader=null, voted=s0, raftlog=s0@group-808489D4E928-SegmentedRaftLog:OPENED:c-1,f-1,i0, conf=-1: [s0:0.0.0.0:42957, s1:0.0.0.0:41030, s2:0.0.0.0:35144], old=null RUNNING
  s1:  RUNNING CANDIDATE s1@group-808489D4E928:t95, leader=null, voted=s1, raftlog=s1@group-808489D4E928-SegmentedRaftLog:OPENED:c0,f0,i0, conf=0: [s0:0.0.0.0:42957, s1:0.0.0.0:41030, s2:0.0.0.0:35144], old=null RUNNING
  s2:   CLOSED    LEADER s2@group-808489D4E928:t1, leader=s2, voted=s2, raftlog=s2@group-808489D4E928-SegmentedRaftLog:CLOSED:c0, conf=0: [s0:0.0.0.0:42957, s1:0.0.0.0:41030, s2:0.0.0.0:35144], old=null CLOSED, sleep 450ms and then retry.
java.lang.IllegalStateException: No leader yet : printing ALL groups
  s3:   CLOSED  FOLLOWER s3@group-808489D4E928:t0, leader=null, voted=null, raftlog=s3@group-808489D4E928-SegmentedRaftLog:CLOSED:c-1, conf=-1: [s0:0.0.0.0:42957, s1:0.0.0.0:41030, s2:0.0.0.0:35144], old=null CLOSED
  s0:  RUNNING CANDIDATE s0@group-808489D4E928:t103, leader=null, voted=s0, raftlog=s0@group-808489D4E928-SegmentedRaftLog:OPENED:c-1,f-1,i0, conf=-1: [s0:0.0.0.0:42957, s1:0.0.0.0:41030, s2:0.0.0.0:35144], old=null RUNNING
  s1:  RUNNING CANDIDATE s1@group-808489D4E928:t95, leader=null, voted=s1, raftlog=s1@group-808489D4E928-SegmentedRaftLog:OPENED:c0,f0,i0, conf=0: [s0:0.0.0.0:42957, s1:0.0.0.0:41030, s2:0.0.0.0:35144], old=null RUNNING
  s2:   CLOSED    LEADER s2@group-808489D4E928:t1, leader=s2, voted=s2, raftlog=s2@group-808489D4E928-SegmentedRaftLog:CLOSED:c0, conf=0: [s0:0.0.0.0:42957, s1:0.0.0.0:41030, s2:0.0.0.0:35144], old=null CLOSED
	at org.apache.ratis.MiniRaftCluster.newIllegalStateExceptionForNoLeaders(MiniRaftCluster.java:506)
	at org.apache.ratis.RaftTestUtil.lambda$waitForLeader$1(RaftTestUtil.java:90)
	at org.apache.ratis.MiniRaftCluster.getLeader(MiniRaftCluster.java:539)
	at org.apache.ratis.MiniRaftCluster.getLeader(MiniRaftCluster.java:532)
	at org.apache.ratis.RaftTestUtil.lambda$waitForLeader$3(RaftTestUtil.java:98)
	at org.apache.ratis.util.JavaUtils.attempt(JavaUtils.java:152)
	at org.apache.ratis.RaftTestUtil.waitForLeader(RaftTestUtil.java:97)
	at org.apache.ratis.RaftTestUtil.waitForLeader(RaftTestUtil.java:77)
	at org.apache.ratis.RaftTestUtil.waitForLeader(RaftTestUtil.java:72)
	at org.apache.ratis.server.impl.RaftReconfigurationBaseTest.runTestKillLeaderDuringReconf(RaftReconfigurationBaseTest.java:353)
	at org.apache.ratis.MiniRaftCluster$Factory$Get.runWithNewCluster(MiniRaftCluster.java:125)
	at org.apache.ratis.MiniRaftCluster$Factory$Get.runWithNewCluster(MiniRaftCluster.java:113)
	at org.apache.ratis.server.impl.RaftReconfigurationBaseTest.testKillLeaderDuringReconf(RaftReconfigurationBaseTest.java:304)
	at sun.reflect.NativeMethodAccessorImpl.invoke0(Native Method)
	at sun.reflect.NativeMethodAccessorImpl.invoke(NativeMethodAccessorImpl.java:62)
	at sun.reflect.DelegatingMethodAccessorImpl.invoke(DelegatingMethodAccessorImpl.java:43)
	at java.lang.reflect.Method.invoke(Method.java:498)
	at org.junit.runners.model.FrameworkMethod$1.runReflectiveCall(FrameworkMethod.java:50)
	at org.junit.internal.runners.model.ReflectiveCallable.run(ReflectiveCallable.java:12)
	at org.junit.runners.model.FrameworkMethod.invokeExplosively(FrameworkMethod.java:47)
	at org.junit.internal.runners.statements.InvokeMethod.evaluate(InvokeMethod.java:17)
	at org.junit.internal.runners.statements.RunAfters.evaluate(RunAfters.java:27)
	at org.junit.internal.runners.statements.FailOnTimeout$CallableStatement.call(FailOnTimeout.java:298)
	at org.junit.internal.runners.statements.FailOnTimeout$CallableStatement.call(FailOnTimeout.java:292)
	at java.util.concurrent.FutureTask.run(FutureTask.java:266)
	at java.lang.Thread.run(Thread.java:748)
2019-09-26 09:46:18,990 INFO  impl.LeaderElection (LeaderElection.java:logAndReturn(56)) - s0@group-808489D4E928-LeaderElection23: Election TIMEOUT; received 0 response(s) [] and 0 exception(s); s0@group-808489D4E928:t103, leader=null, voted=s0, raftlog=s0@group-808489D4E928-SegmentedRaftLog:OPENED:c-1,f-1,i0, conf=-1: [s0:0.0.0.0:42957, s1:0.0.0.0:41030, s2:0.0.0.0:35144], old=null
2019-09-26 09:46:19,012 INFO  impl.LeaderElection (LeaderElection.java:askForVotes(178)) - s0@group-808489D4E928-LeaderElection23: begin an election at term 104 for -1: [s0:0.0.0.0:42957, s1:0.0.0.0:41030, s2:0.0.0.0:35144], old=null
2019-09-26 09:46:19,050 INFO  impl.LeaderElection (LeaderElection.java:logAndReturn(56)) - s1@group-808489D4E928-LeaderElection25: Election TIMEOUT; received 0 response(s) [] and 1 exception(s); s1@group-808489D4E928:t95, leader=null, voted=s1, raftlog=s1@group-808489D4E928-SegmentedRaftLog:OPENED:c0,f0,i0, conf=0: [s0:0.0.0.0:42957, s1:0.0.0.0:41030, s2:0.0.0.0:35144], old=null
2019-09-26 09:46:19,050 INFO  impl.LeaderElection (LogUtils.java:infoOrTrace(149)) -   Exception 0: java.util.concurrent.ExecutionException: org.apache.ratis.thirdparty.io.netty.channel.AbstractChannel$AnnotatedConnectException: Connection refused: /0.0.0.0:35144
2019-09-26 09:46:19,093 INFO  impl.LeaderElection (LeaderElection.java:askForVotes(178)) - s1@group-808489D4E928-LeaderElection25: begin an election at term 96 for 0: [s0:0.0.0.0:42957, s1:0.0.0.0:41030, s2:0.0.0.0:35144], old=null
2019-09-26 09:46:19,095 INFO  impl.LeaderElection (LogUtils.java:infoOrTrace(149)) - s1@group-808489D4E928-LeaderElection25 got exception when requesting votes: java.util.concurrent.ExecutionException: org.apache.ratis.thirdparty.io.netty.channel.AbstractChannel$AnnotatedConnectException: Connection refused: /0.0.0.0:35144
2019-09-26 09:46:19,252 INFO  impl.LeaderElection (LeaderElection.java:logAndReturn(56)) - s1@group-808489D4E928-LeaderElection25: Election TIMEOUT; received 0 response(s) [] and 1 exception(s); s1@group-808489D4E928:t96, leader=null, voted=s1, raftlog=s1@group-808489D4E928-SegmentedRaftLog:OPENED:c0,f0,i0, conf=0: [s0:0.0.0.0:42957, s1:0.0.0.0:41030, s2:0.0.0.0:35144], old=null
2019-09-26 09:46:19,252 INFO  impl.LeaderElection (LogUtils.java:infoOrTrace(149)) -   Exception 0: java.util.concurrent.ExecutionException: org.apache.ratis.thirdparty.io.netty.channel.AbstractChannel$AnnotatedConnectException: Connection refused: /0.0.0.0:35144
2019-09-26 09:46:19,265 INFO  impl.LeaderElection (LeaderElection.java:askForVotes(178)) - s1@group-808489D4E928-LeaderElection25: begin an election at term 97 for 0: [s0:0.0.0.0:42957, s1:0.0.0.0:41030, s2:0.0.0.0:35144], old=null
2019-09-26 09:46:19,267 INFO  impl.LeaderElection (LogUtils.java:infoOrTrace(149)) - s1@group-808489D4E928-LeaderElection25 got exception when requesting votes: java.util.concurrent.ExecutionException: org.apache.ratis.thirdparty.io.netty.channel.AbstractChannel$AnnotatedConnectException: Connection refused: /0.0.0.0:35144
2019-09-26 09:46:19,279 WARN  ratis.RaftTestUtil (JavaUtils.java:attempt(158)) - FAILED "waitForLeader-null-(expectLeader? true)", attempt #51/100: java.lang.IllegalStateException: No leader yet : printing ALL groups
  s3:   CLOSED  FOLLOWER s3@group-808489D4E928:t0, leader=null, voted=null, raftlog=s3@group-808489D4E928-SegmentedRaftLog:CLOSED:c-1, conf=-1: [s0:0.0.0.0:42957, s1:0.0.0.0:41030, s2:0.0.0.0:35144], old=null CLOSED
  s0:  RUNNING CANDIDATE s0@group-808489D4E928:t104, leader=null, voted=s0, raftlog=s0@group-808489D4E928-SegmentedRaftLog:OPENED:c-1,f-1,i0, conf=-1: [s0:0.0.0.0:42957, s1:0.0.0.0:41030, s2:0.0.0.0:35144], old=null RUNNING
  s1:  RUNNING CANDIDATE s1@group-808489D4E928:t97, leader=null, voted=s1, raftlog=s1@group-808489D4E928-SegmentedRaftLog:OPENED:c0,f0,i0, conf=0: [s0:0.0.0.0:42957, s1:0.0.0.0:41030, s2:0.0.0.0:35144], old=null RUNNING
  s2:   CLOSED    LEADER s2@group-808489D4E928:t1, leader=s2, voted=s2, raftlog=s2@group-808489D4E928-SegmentedRaftLog:CLOSED:c0, conf=0: [s0:0.0.0.0:42957, s1:0.0.0.0:41030, s2:0.0.0.0:35144], old=null CLOSED, sleep 450ms and then retry.
java.lang.IllegalStateException: No leader yet : printing ALL groups
  s3:   CLOSED  FOLLOWER s3@group-808489D4E928:t0, leader=null, voted=null, raftlog=s3@group-808489D4E928-SegmentedRaftLog:CLOSED:c-1, conf=-1: [s0:0.0.0.0:42957, s1:0.0.0.0:41030, s2:0.0.0.0:35144], old=null CLOSED
  s0:  RUNNING CANDIDATE s0@group-808489D4E928:t104, leader=null, voted=s0, raftlog=s0@group-808489D4E928-SegmentedRaftLog:OPENED:c-1,f-1,i0, conf=-1: [s0:0.0.0.0:42957, s1:0.0.0.0:41030, s2:0.0.0.0:35144], old=null RUNNING
  s1:  RUNNING CANDIDATE s1@group-808489D4E928:t97, leader=null, voted=s1, raftlog=s1@group-808489D4E928-SegmentedRaftLog:OPENED:c0,f0,i0, conf=0: [s0:0.0.0.0:42957, s1:0.0.0.0:41030, s2:0.0.0.0:35144], old=null RUNNING
  s2:   CLOSED    LEADER s2@group-808489D4E928:t1, leader=s2, voted=s2, raftlog=s2@group-808489D4E928-SegmentedRaftLog:CLOSED:c0, conf=0: [s0:0.0.0.0:42957, s1:0.0.0.0:41030, s2:0.0.0.0:35144], old=null CLOSED
	at org.apache.ratis.MiniRaftCluster.newIllegalStateExceptionForNoLeaders(MiniRaftCluster.java:506)
	at org.apache.ratis.RaftTestUtil.lambda$waitForLeader$1(RaftTestUtil.java:90)
	at org.apache.ratis.MiniRaftCluster.getLeader(MiniRaftCluster.java:539)
	at org.apache.ratis.MiniRaftCluster.getLeader(MiniRaftCluster.java:532)
	at org.apache.ratis.RaftTestUtil.lambda$waitForLeader$3(RaftTestUtil.java:98)
	at org.apache.ratis.util.JavaUtils.attempt(JavaUtils.java:152)
	at org.apache.ratis.RaftTestUtil.waitForLeader(RaftTestUtil.java:97)
	at org.apache.ratis.RaftTestUtil.waitForLeader(RaftTestUtil.java:77)
	at org.apache.ratis.RaftTestUtil.waitForLeader(RaftTestUtil.java:72)
	at org.apache.ratis.server.impl.RaftReconfigurationBaseTest.runTestKillLeaderDuringReconf(RaftReconfigurationBaseTest.java:353)
	at org.apache.ratis.MiniRaftCluster$Factory$Get.runWithNewCluster(MiniRaftCluster.java:125)
	at org.apache.ratis.MiniRaftCluster$Factory$Get.runWithNewCluster(MiniRaftCluster.java:113)
	at org.apache.ratis.server.impl.RaftReconfigurationBaseTest.testKillLeaderDuringReconf(RaftReconfigurationBaseTest.java:304)
	at sun.reflect.NativeMethodAccessorImpl.invoke0(Native Method)
	at sun.reflect.NativeMethodAccessorImpl.invoke(NativeMethodAccessorImpl.java:62)
	at sun.reflect.DelegatingMethodAccessorImpl.invoke(DelegatingMethodAccessorImpl.java:43)
	at java.lang.reflect.Method.invoke(Method.java:498)
	at org.junit.runners.model.FrameworkMethod$1.runReflectiveCall(FrameworkMethod.java:50)
	at org.junit.internal.runners.model.ReflectiveCallable.run(ReflectiveCallable.java:12)
	at org.junit.runners.model.FrameworkMethod.invokeExplosively(FrameworkMethod.java:47)
	at org.junit.internal.runners.statements.InvokeMethod.evaluate(InvokeMethod.java:17)
	at org.junit.internal.runners.statements.RunAfters.evaluate(RunAfters.java:27)
	at org.junit.internal.runners.statements.FailOnTimeout$CallableStatement.call(FailOnTimeout.java:298)
	at org.junit.internal.runners.statements.FailOnTimeout$CallableStatement.call(FailOnTimeout.java:292)
	at java.util.concurrent.FutureTask.run(FutureTask.java:266)
	at java.lang.Thread.run(Thread.java:748)
2019-09-26 09:46:19,285 INFO  impl.LeaderElection (LeaderElection.java:logAndReturn(56)) - s0@group-808489D4E928-LeaderElection23: Election TIMEOUT; received 0 response(s) [] and 0 exception(s); s0@group-808489D4E928:t104, leader=null, voted=s0, raftlog=s0@group-808489D4E928-SegmentedRaftLog:OPENED:c-1,f-1,i0, conf=-1: [s0:0.0.0.0:42957, s1:0.0.0.0:41030, s2:0.0.0.0:35144], old=null
2019-09-26 09:46:19,293 INFO  impl.LeaderElection (LeaderElection.java:askForVotes(178)) - s0@group-808489D4E928-LeaderElection23: begin an election at term 105 for -1: [s0:0.0.0.0:42957, s1:0.0.0.0:41030, s2:0.0.0.0:35144], old=null
2019-09-26 09:46:19,451 INFO  impl.LeaderElection (LeaderElection.java:logAndReturn(56)) - s1@group-808489D4E928-LeaderElection25: Election TIMEOUT; received 0 response(s) [] and 1 exception(s); s1@group-808489D4E928:t97, leader=null, voted=s1, raftlog=s1@group-808489D4E928-SegmentedRaftLog:OPENED:c0,f0,i0, conf=0: [s0:0.0.0.0:42957, s1:0.0.0.0:41030, s2:0.0.0.0:35144], old=null
2019-09-26 09:46:19,451 INFO  impl.LeaderElection (LogUtils.java:infoOrTrace(149)) -   Exception 0: java.util.concurrent.ExecutionException: org.apache.ratis.thirdparty.io.netty.channel.AbstractChannel$AnnotatedConnectException: Connection refused: /0.0.0.0:35144
2019-09-26 09:46:19,464 INFO  impl.LeaderElection (LeaderElection.java:askForVotes(178)) - s1@group-808489D4E928-LeaderElection25: begin an election at term 98 for 0: [s0:0.0.0.0:42957, s1:0.0.0.0:41030, s2:0.0.0.0:35144], old=null
2019-09-26 09:46:19,467 INFO  impl.LeaderElection (LogUtils.java:infoOrTrace(149)) - s1@group-808489D4E928-LeaderElection25 got exception when requesting votes: java.util.concurrent.ExecutionException: org.apache.ratis.thirdparty.io.netty.channel.AbstractChannel$AnnotatedConnectException: Connection refused: /0.0.0.0:35144
2019-09-26 09:46:19,472 INFO  impl.LeaderElection (LeaderElection.java:logAndReturn(56)) - s0@group-808489D4E928-LeaderElection23: Election TIMEOUT; received 0 response(s) [] and 0 exception(s); s0@group-808489D4E928:t105, leader=null, voted=s0, raftlog=s0@group-808489D4E928-SegmentedRaftLog:OPENED:c-1,f-1,i0, conf=-1: [s0:0.0.0.0:42957, s1:0.0.0.0:41030, s2:0.0.0.0:35144], old=null
2019-09-26 09:46:19,485 INFO  impl.LeaderElection (LeaderElection.java:askForVotes(178)) - s0@group-808489D4E928-LeaderElection23: begin an election at term 106 for -1: [s0:0.0.0.0:42957, s1:0.0.0.0:41030, s2:0.0.0.0:35144], old=null
2019-09-26 09:46:19,668 INFO  impl.LeaderElection (LeaderElection.java:logAndReturn(56)) - s0@group-808489D4E928-LeaderElection23: Election TIMEOUT; received 0 response(s) [] and 0 exception(s); s0@group-808489D4E928:t106, leader=null, voted=s0, raftlog=s0@group-808489D4E928-SegmentedRaftLog:OPENED:c-1,f-1,i0, conf=-1: [s0:0.0.0.0:42957, s1:0.0.0.0:41030, s2:0.0.0.0:35144], old=null
2019-09-26 09:46:19,681 INFO  impl.LeaderElection (LeaderElection.java:askForVotes(178)) - s0@group-808489D4E928-LeaderElection23: begin an election at term 107 for -1: [s0:0.0.0.0:42957, s1:0.0.0.0:41030, s2:0.0.0.0:35144], old=null
2019-09-26 09:46:19,729 WARN  ratis.RaftTestUtil (JavaUtils.java:attempt(158)) - FAILED "waitForLeader-null-(expectLeader? true)", attempt #52/100: java.lang.IllegalStateException: No leader yet : printing ALL groups
  s3:   CLOSED  FOLLOWER s3@group-808489D4E928:t0, leader=null, voted=null, raftlog=s3@group-808489D4E928-SegmentedRaftLog:CLOSED:c-1, conf=-1: [s0:0.0.0.0:42957, s1:0.0.0.0:41030, s2:0.0.0.0:35144], old=null CLOSED
  s0:  RUNNING CANDIDATE s0@group-808489D4E928:t107, leader=null, voted=s0, raftlog=s0@group-808489D4E928-SegmentedRaftLog:OPENED:c-1,f-1,i0, conf=-1: [s0:0.0.0.0:42957, s1:0.0.0.0:41030, s2:0.0.0.0:35144], old=null RUNNING
  s1:  RUNNING CANDIDATE s1@group-808489D4E928:t98, leader=null, voted=s1, raftlog=s1@group-808489D4E928-SegmentedRaftLog:OPENED:c0,f0,i0, conf=0: [s0:0.0.0.0:42957, s1:0.0.0.0:41030, s2:0.0.0.0:35144], old=null RUNNING
  s2:   CLOSED    LEADER s2@group-808489D4E928:t1, leader=s2, voted=s2, raftlog=s2@group-808489D4E928-SegmentedRaftLog:CLOSED:c0, conf=0: [s0:0.0.0.0:42957, s1:0.0.0.0:41030, s2:0.0.0.0:35144], old=null CLOSED, sleep 450ms and then retry.
java.lang.IllegalStateException: No leader yet : printing ALL groups
  s3:   CLOSED  FOLLOWER s3@group-808489D4E928:t0, leader=null, voted=null, raftlog=s3@group-808489D4E928-SegmentedRaftLog:CLOSED:c-1, conf=-1: [s0:0.0.0.0:42957, s1:0.0.0.0:41030, s2:0.0.0.0:35144], old=null CLOSED
  s0:  RUNNING CANDIDATE s0@group-808489D4E928:t107, leader=null, voted=s0, raftlog=s0@group-808489D4E928-SegmentedRaftLog:OPENED:c-1,f-1,i0, conf=-1: [s0:0.0.0.0:42957, s1:0.0.0.0:41030, s2:0.0.0.0:35144], old=null RUNNING
  s1:  RUNNING CANDIDATE s1@group-808489D4E928:t98, leader=null, voted=s1, raftlog=s1@group-808489D4E928-SegmentedRaftLog:OPENED:c0,f0,i0, conf=0: [s0:0.0.0.0:42957, s1:0.0.0.0:41030, s2:0.0.0.0:35144], old=null RUNNING
  s2:   CLOSED    LEADER s2@group-808489D4E928:t1, leader=s2, voted=s2, raftlog=s2@group-808489D4E928-SegmentedRaftLog:CLOSED:c0, conf=0: [s0:0.0.0.0:42957, s1:0.0.0.0:41030, s2:0.0.0.0:35144], old=null CLOSED
	at org.apache.ratis.MiniRaftCluster.newIllegalStateExceptionForNoLeaders(MiniRaftCluster.java:506)
	at org.apache.ratis.RaftTestUtil.lambda$waitForLeader$1(RaftTestUtil.java:90)
	at org.apache.ratis.MiniRaftCluster.getLeader(MiniRaftCluster.java:539)
	at org.apache.ratis.MiniRaftCluster.getLeader(MiniRaftCluster.java:532)
	at org.apache.ratis.RaftTestUtil.lambda$waitForLeader$3(RaftTestUtil.java:98)
	at org.apache.ratis.util.JavaUtils.attempt(JavaUtils.java:152)
	at org.apache.ratis.RaftTestUtil.waitForLeader(RaftTestUtil.java:97)
	at org.apache.ratis.RaftTestUtil.waitForLeader(RaftTestUtil.java:77)
	at org.apache.ratis.RaftTestUtil.waitForLeader(RaftTestUtil.java:72)
	at org.apache.ratis.server.impl.RaftReconfigurationBaseTest.runTestKillLeaderDuringReconf(RaftReconfigurationBaseTest.java:353)
	at org.apache.ratis.MiniRaftCluster$Factory$Get.runWithNewCluster(MiniRaftCluster.java:125)
	at org.apache.ratis.MiniRaftCluster$Factory$Get.runWithNewCluster(MiniRaftCluster.java:113)
	at org.apache.ratis.server.impl.RaftReconfigurationBaseTest.testKillLeaderDuringReconf(RaftReconfigurationBaseTest.java:304)
	at sun.reflect.NativeMethodAccessorImpl.invoke0(Native Method)
	at sun.reflect.NativeMethodAccessorImpl.invoke(NativeMethodAccessorImpl.java:62)
	at sun.reflect.DelegatingMethodAccessorImpl.invoke(DelegatingMethodAccessorImpl.java:43)
	at java.lang.reflect.Method.invoke(Method.java:498)
	at org.junit.runners.model.FrameworkMethod$1.runReflectiveCall(FrameworkMethod.java:50)
	at org.junit.internal.runners.model.ReflectiveCallable.run(ReflectiveCallable.java:12)
	at org.junit.runners.model.FrameworkMethod.invokeExplosively(FrameworkMethod.java:47)
	at org.junit.internal.runners.statements.InvokeMethod.evaluate(InvokeMethod.java:17)
	at org.junit.internal.runners.statements.RunAfters.evaluate(RunAfters.java:27)
	at org.junit.internal.runners.statements.FailOnTimeout$CallableStatement.call(FailOnTimeout.java:298)
	at org.junit.internal.runners.statements.FailOnTimeout$CallableStatement.call(FailOnTimeout.java:292)
	at java.util.concurrent.FutureTask.run(FutureTask.java:266)
	at java.lang.Thread.run(Thread.java:748)
2019-09-26 09:46:19,734 INFO  impl.LeaderElection (LeaderElection.java:logAndReturn(56)) - s1@group-808489D4E928-LeaderElection25: Election TIMEOUT; received 0 response(s) [] and 1 exception(s); s1@group-808489D4E928:t98, leader=null, voted=s1, raftlog=s1@group-808489D4E928-SegmentedRaftLog:OPENED:c0,f0,i0, conf=0: [s0:0.0.0.0:42957, s1:0.0.0.0:41030, s2:0.0.0.0:35144], old=null
2019-09-26 09:46:19,734 INFO  impl.LeaderElection (LogUtils.java:infoOrTrace(149)) -   Exception 0: java.util.concurrent.ExecutionException: org.apache.ratis.thirdparty.io.netty.channel.AbstractChannel$AnnotatedConnectException: Connection refused: /0.0.0.0:35144
2019-09-26 09:46:19,748 INFO  impl.LeaderElection (LeaderElection.java:askForVotes(178)) - s1@group-808489D4E928-LeaderElection25: begin an election at term 99 for 0: [s0:0.0.0.0:42957, s1:0.0.0.0:41030, s2:0.0.0.0:35144], old=null
2019-09-26 09:46:19,750 INFO  impl.LeaderElection (LogUtils.java:infoOrTrace(149)) - s1@group-808489D4E928-LeaderElection25 got exception when requesting votes: java.util.concurrent.ExecutionException: org.apache.ratis.thirdparty.io.netty.channel.AbstractChannel$AnnotatedConnectException: Connection refused: /0.0.0.0:35144
2019-09-26 09:46:19,869 INFO  impl.LeaderElection (LeaderElection.java:logAndReturn(56)) - s0@group-808489D4E928-LeaderElection23: Election TIMEOUT; received 0 response(s) [] and 0 exception(s); s0@group-808489D4E928:t107, leader=null, voted=s0, raftlog=s0@group-808489D4E928-SegmentedRaftLog:OPENED:c-1,f-1,i0, conf=-1: [s0:0.0.0.0:42957, s1:0.0.0.0:41030, s2:0.0.0.0:35144], old=null
2019-09-26 09:46:19,882 INFO  impl.LeaderElection (LeaderElection.java:askForVotes(178)) - s0@group-808489D4E928-LeaderElection23: begin an election at term 108 for -1: [s0:0.0.0.0:42957, s1:0.0.0.0:41030, s2:0.0.0.0:35144], old=null
2019-09-26 09:46:19,911 INFO  impl.LeaderElection (LeaderElection.java:logAndReturn(56)) - s1@group-808489D4E928-LeaderElection25: Election TIMEOUT; received 0 response(s) [] and 1 exception(s); s1@group-808489D4E928:t99, leader=null, voted=s1, raftlog=s1@group-808489D4E928-SegmentedRaftLog:OPENED:c0,f0,i0, conf=0: [s0:0.0.0.0:42957, s1:0.0.0.0:41030, s2:0.0.0.0:35144], old=null
2019-09-26 09:46:19,911 INFO  impl.LeaderElection (LogUtils.java:infoOrTrace(149)) -   Exception 0: java.util.concurrent.ExecutionException: org.apache.ratis.thirdparty.io.netty.channel.AbstractChannel$AnnotatedConnectException: Connection refused: /0.0.0.0:35144
2019-09-26 09:46:19,925 INFO  impl.LeaderElection (LeaderElection.java:askForVotes(178)) - s1@group-808489D4E928-LeaderElection25: begin an election at term 100 for 0: [s0:0.0.0.0:42957, s1:0.0.0.0:41030, s2:0.0.0.0:35144], old=null
2019-09-26 09:46:19,927 INFO  impl.LeaderElection (LogUtils.java:infoOrTrace(149)) - s1@group-808489D4E928-LeaderElection25 got exception when requesting votes: java.util.concurrent.ExecutionException: org.apache.ratis.thirdparty.io.netty.channel.AbstractChannel$AnnotatedConnectException: Connection refused: /0.0.0.0:35144
2019-09-26 09:46:20,057 INFO  impl.LeaderElection (LeaderElection.java:logAndReturn(56)) - s0@group-808489D4E928-LeaderElection23: Election TIMEOUT; received 0 response(s) [] and 0 exception(s); s0@group-808489D4E928:t108, leader=null, voted=s0, raftlog=s0@group-808489D4E928-SegmentedRaftLog:OPENED:c-1,f-1,i0, conf=-1: [s0:0.0.0.0:42957, s1:0.0.0.0:41030, s2:0.0.0.0:35144], old=null
2019-09-26 09:46:20,070 INFO  impl.LeaderElection (LeaderElection.java:askForVotes(178)) - s0@group-808489D4E928-LeaderElection23: begin an election at term 109 for -1: [s0:0.0.0.0:42957, s1:0.0.0.0:41030, s2:0.0.0.0:35144], old=null
2019-09-26 09:46:20,141 INFO  impl.LeaderElection (LeaderElection.java:logAndReturn(56)) - s1@group-808489D4E928-LeaderElection25: Election TIMEOUT; received 0 response(s) [] and 1 exception(s); s1@group-808489D4E928:t100, leader=null, voted=s1, raftlog=s1@group-808489D4E928-SegmentedRaftLog:OPENED:c0,f0,i0, conf=0: [s0:0.0.0.0:42957, s1:0.0.0.0:41030, s2:0.0.0.0:35144], old=null
2019-09-26 09:46:20,141 INFO  impl.LeaderElection (LogUtils.java:infoOrTrace(149)) -   Exception 0: java.util.concurrent.ExecutionException: org.apache.ratis.thirdparty.io.netty.channel.AbstractChannel$AnnotatedConnectException: Connection refused: /0.0.0.0:35144
2019-09-26 09:46:20,154 INFO  impl.LeaderElection (LeaderElection.java:askForVotes(178)) - s1@group-808489D4E928-LeaderElection25: begin an election at term 101 for 0: [s0:0.0.0.0:42957, s1:0.0.0.0:41030, s2:0.0.0.0:35144], old=null
2019-09-26 09:46:20,157 INFO  impl.LeaderElection (LogUtils.java:infoOrTrace(149)) - s1@group-808489D4E928-LeaderElection25 got exception when requesting votes: java.util.concurrent.ExecutionException: org.apache.ratis.thirdparty.io.netty.channel.AbstractChannel$AnnotatedConnectException: Connection refused: /0.0.0.0:35144
2019-09-26 09:46:20,181 WARN  ratis.RaftTestUtil (JavaUtils.java:attempt(158)) - FAILED "waitForLeader-null-(expectLeader? true)", attempt #53/100: java.lang.IllegalStateException: No leader yet : printing ALL groups
  s3:   CLOSED  FOLLOWER s3@group-808489D4E928:t0, leader=null, voted=null, raftlog=s3@group-808489D4E928-SegmentedRaftLog:CLOSED:c-1, conf=-1: [s0:0.0.0.0:42957, s1:0.0.0.0:41030, s2:0.0.0.0:35144], old=null CLOSED
  s0:  RUNNING CANDIDATE s0@group-808489D4E928:t109, leader=null, voted=s0, raftlog=s0@group-808489D4E928-SegmentedRaftLog:OPENED:c-1,f-1,i0, conf=-1: [s0:0.0.0.0:42957, s1:0.0.0.0:41030, s2:0.0.0.0:35144], old=null RUNNING
  s1:  RUNNING CANDIDATE s1@group-808489D4E928:t101, leader=null, voted=s1, raftlog=s1@group-808489D4E928-SegmentedRaftLog:OPENED:c0,f0,i0, conf=0: [s0:0.0.0.0:42957, s1:0.0.0.0:41030, s2:0.0.0.0:35144], old=null RUNNING
  s2:   CLOSED    LEADER s2@group-808489D4E928:t1, leader=s2, voted=s2, raftlog=s2@group-808489D4E928-SegmentedRaftLog:CLOSED:c0, conf=0: [s0:0.0.0.0:42957, s1:0.0.0.0:41030, s2:0.0.0.0:35144], old=null CLOSED, sleep 450ms and then retry.
java.lang.IllegalStateException: No leader yet : printing ALL groups
  s3:   CLOSED  FOLLOWER s3@group-808489D4E928:t0, leader=null, voted=null, raftlog=s3@group-808489D4E928-SegmentedRaftLog:CLOSED:c-1, conf=-1: [s0:0.0.0.0:42957, s1:0.0.0.0:41030, s2:0.0.0.0:35144], old=null CLOSED
  s0:  RUNNING CANDIDATE s0@group-808489D4E928:t109, leader=null, voted=s0, raftlog=s0@group-808489D4E928-SegmentedRaftLog:OPENED:c-1,f-1,i0, conf=-1: [s0:0.0.0.0:42957, s1:0.0.0.0:41030, s2:0.0.0.0:35144], old=null RUNNING
  s1:  RUNNING CANDIDATE s1@group-808489D4E928:t101, leader=null, voted=s1, raftlog=s1@group-808489D4E928-SegmentedRaftLog:OPENED:c0,f0,i0, conf=0: [s0:0.0.0.0:42957, s1:0.0.0.0:41030, s2:0.0.0.0:35144], old=null RUNNING
  s2:   CLOSED    LEADER s2@group-808489D4E928:t1, leader=s2, voted=s2, raftlog=s2@group-808489D4E928-SegmentedRaftLog:CLOSED:c0, conf=0: [s0:0.0.0.0:42957, s1:0.0.0.0:41030, s2:0.0.0.0:35144], old=null CLOSED
	at org.apache.ratis.MiniRaftCluster.newIllegalStateExceptionForNoLeaders(MiniRaftCluster.java:506)
	at org.apache.ratis.RaftTestUtil.lambda$waitForLeader$1(RaftTestUtil.java:90)
	at org.apache.ratis.MiniRaftCluster.getLeader(MiniRaftCluster.java:539)
	at org.apache.ratis.MiniRaftCluster.getLeader(MiniRaftCluster.java:532)
	at org.apache.ratis.RaftTestUtil.lambda$waitForLeader$3(RaftTestUtil.java:98)
	at org.apache.ratis.util.JavaUtils.attempt(JavaUtils.java:152)
	at org.apache.ratis.RaftTestUtil.waitForLeader(RaftTestUtil.java:97)
	at org.apache.ratis.RaftTestUtil.waitForLeader(RaftTestUtil.java:77)
	at org.apache.ratis.RaftTestUtil.waitForLeader(RaftTestUtil.java:72)
	at org.apache.ratis.server.impl.RaftReconfigurationBaseTest.runTestKillLeaderDuringReconf(RaftReconfigurationBaseTest.java:353)
	at org.apache.ratis.MiniRaftCluster$Factory$Get.runWithNewCluster(MiniRaftCluster.java:125)
	at org.apache.ratis.MiniRaftCluster$Factory$Get.runWithNewCluster(MiniRaftCluster.java:113)
	at org.apache.ratis.server.impl.RaftReconfigurationBaseTest.testKillLeaderDuringReconf(RaftReconfigurationBaseTest.java:304)
	at sun.reflect.NativeMethodAccessorImpl.invoke0(Native Method)
	at sun.reflect.NativeMethodAccessorImpl.invoke(NativeMethodAccessorImpl.java:62)
	at sun.reflect.DelegatingMethodAccessorImpl.invoke(DelegatingMethodAccessorImpl.java:43)
	at java.lang.reflect.Method.invoke(Method.java:498)
	at org.junit.runners.model.FrameworkMethod$1.runReflectiveCall(FrameworkMethod.java:50)
	at org.junit.internal.runners.model.ReflectiveCallable.run(ReflectiveCallable.java:12)
	at org.junit.runners.model.FrameworkMethod.invokeExplosively(FrameworkMethod.java:47)
	at org.junit.internal.runners.statements.InvokeMethod.evaluate(InvokeMethod.java:17)
	at org.junit.internal.runners.statements.RunAfters.evaluate(RunAfters.java:27)
	at org.junit.internal.runners.statements.FailOnTimeout$CallableStatement.call(FailOnTimeout.java:298)
	at org.junit.internal.runners.statements.FailOnTimeout$CallableStatement.call(FailOnTimeout.java:292)
	at java.util.concurrent.FutureTask.run(FutureTask.java:266)
	at java.lang.Thread.run(Thread.java:748)
2019-09-26 09:46:20,279 INFO  impl.LeaderElection (LeaderElection.java:logAndReturn(56)) - s0@group-808489D4E928-LeaderElection23: Election TIMEOUT; received 0 response(s) [] and 0 exception(s); s0@group-808489D4E928:t109, leader=null, voted=s0, raftlog=s0@group-808489D4E928-SegmentedRaftLog:OPENED:c-1,f-1,i0, conf=-1: [s0:0.0.0.0:42957, s1:0.0.0.0:41030, s2:0.0.0.0:35144], old=null
2019-09-26 09:46:20,292 INFO  impl.LeaderElection (LeaderElection.java:askForVotes(178)) - s0@group-808489D4E928-LeaderElection23: begin an election at term 110 for -1: [s0:0.0.0.0:42957, s1:0.0.0.0:41030, s2:0.0.0.0:35144], old=null
2019-09-26 09:46:20,385 INFO  impl.LeaderElection (LeaderElection.java:logAndReturn(56)) - s1@group-808489D4E928-LeaderElection25: Election TIMEOUT; received 0 response(s) [] and 1 exception(s); s1@group-808489D4E928:t101, leader=null, voted=s1, raftlog=s1@group-808489D4E928-SegmentedRaftLog:OPENED:c0,f0,i0, conf=0: [s0:0.0.0.0:42957, s1:0.0.0.0:41030, s2:0.0.0.0:35144], old=null
2019-09-26 09:46:20,385 INFO  impl.LeaderElection (LogUtils.java:infoOrTrace(149)) -   Exception 0: java.util.concurrent.ExecutionException: org.apache.ratis.thirdparty.io.netty.channel.AbstractChannel$AnnotatedConnectException: Connection refused: /0.0.0.0:35144
2019-09-26 09:46:20,398 INFO  impl.LeaderElection (LeaderElection.java:askForVotes(178)) - s1@group-808489D4E928-LeaderElection25: begin an election at term 102 for 0: [s0:0.0.0.0:42957, s1:0.0.0.0:41030, s2:0.0.0.0:35144], old=null
2019-09-26 09:46:20,400 INFO  impl.LeaderElection (LogUtils.java:infoOrTrace(149)) - s1@group-808489D4E928-LeaderElection25 got exception when requesting votes: java.util.concurrent.ExecutionException: org.apache.ratis.thirdparty.io.netty.channel.AbstractChannel$AnnotatedConnectException: Connection refused: /0.0.0.0:35144
2019-09-26 09:46:20,544 INFO  impl.LeaderElection (LeaderElection.java:logAndReturn(56)) - s0@group-808489D4E928-LeaderElection23: Election TIMEOUT; received 0 response(s) [] and 0 exception(s); s0@group-808489D4E928:t110, leader=null, voted=s0, raftlog=s0@group-808489D4E928-SegmentedRaftLog:OPENED:c-1,f-1,i0, conf=-1: [s0:0.0.0.0:42957, s1:0.0.0.0:41030, s2:0.0.0.0:35144], old=null
2019-09-26 09:46:20,557 INFO  impl.LeaderElection (LeaderElection.java:askForVotes(178)) - s0@group-808489D4E928-LeaderElection23: begin an election at term 111 for -1: [s0:0.0.0.0:42957, s1:0.0.0.0:41030, s2:0.0.0.0:35144], old=null
2019-09-26 09:46:20,632 WARN  ratis.RaftTestUtil (JavaUtils.java:attempt(158)) - FAILED "waitForLeader-null-(expectLeader? true)", attempt #54/100: java.lang.IllegalStateException: No leader yet : printing ALL groups
  s3:   CLOSED  FOLLOWER s3@group-808489D4E928:t0, leader=null, voted=null, raftlog=s3@group-808489D4E928-SegmentedRaftLog:CLOSED:c-1, conf=-1: [s0:0.0.0.0:42957, s1:0.0.0.0:41030, s2:0.0.0.0:35144], old=null CLOSED
  s0:  RUNNING CANDIDATE s0@group-808489D4E928:t111, leader=null, voted=s0, raftlog=s0@group-808489D4E928-SegmentedRaftLog:OPENED:c-1,f-1,i0, conf=-1: [s0:0.0.0.0:42957, s1:0.0.0.0:41030, s2:0.0.0.0:35144], old=null RUNNING
  s1:  RUNNING CANDIDATE s1@group-808489D4E928:t102, leader=null, voted=s1, raftlog=s1@group-808489D4E928-SegmentedRaftLog:OPENED:c0,f0,i0, conf=0: [s0:0.0.0.0:42957, s1:0.0.0.0:41030, s2:0.0.0.0:35144], old=null RUNNING
  s2:   CLOSED    LEADER s2@group-808489D4E928:t1, leader=s2, voted=s2, raftlog=s2@group-808489D4E928-SegmentedRaftLog:CLOSED:c0, conf=0: [s0:0.0.0.0:42957, s1:0.0.0.0:41030, s2:0.0.0.0:35144], old=null CLOSED, sleep 450ms and then retry.
java.lang.IllegalStateException: No leader yet : printing ALL groups
  s3:   CLOSED  FOLLOWER s3@group-808489D4E928:t0, leader=null, voted=null, raftlog=s3@group-808489D4E928-SegmentedRaftLog:CLOSED:c-1, conf=-1: [s0:0.0.0.0:42957, s1:0.0.0.0:41030, s2:0.0.0.0:35144], old=null CLOSED
  s0:  RUNNING CANDIDATE s0@group-808489D4E928:t111, leader=null, voted=s0, raftlog=s0@group-808489D4E928-SegmentedRaftLog:OPENED:c-1,f-1,i0, conf=-1: [s0:0.0.0.0:42957, s1:0.0.0.0:41030, s2:0.0.0.0:35144], old=null RUNNING
  s1:  RUNNING CANDIDATE s1@group-808489D4E928:t102, leader=null, voted=s1, raftlog=s1@group-808489D4E928-SegmentedRaftLog:OPENED:c0,f0,i0, conf=0: [s0:0.0.0.0:42957, s1:0.0.0.0:41030, s2:0.0.0.0:35144], old=null RUNNING
  s2:   CLOSED    LEADER s2@group-808489D4E928:t1, leader=s2, voted=s2, raftlog=s2@group-808489D4E928-SegmentedRaftLog:CLOSED:c0, conf=0: [s0:0.0.0.0:42957, s1:0.0.0.0:41030, s2:0.0.0.0:35144], old=null CLOSED
	at org.apache.ratis.MiniRaftCluster.newIllegalStateExceptionForNoLeaders(MiniRaftCluster.java:506)
	at org.apache.ratis.RaftTestUtil.lambda$waitForLeader$1(RaftTestUtil.java:90)
	at org.apache.ratis.MiniRaftCluster.getLeader(MiniRaftCluster.java:539)
	at org.apache.ratis.MiniRaftCluster.getLeader(MiniRaftCluster.java:532)
	at org.apache.ratis.RaftTestUtil.lambda$waitForLeader$3(RaftTestUtil.java:98)
	at org.apache.ratis.util.JavaUtils.attempt(JavaUtils.java:152)
	at org.apache.ratis.RaftTestUtil.waitForLeader(RaftTestUtil.java:97)
	at org.apache.ratis.RaftTestUtil.waitForLeader(RaftTestUtil.java:77)
	at org.apache.ratis.RaftTestUtil.waitForLeader(RaftTestUtil.java:72)
	at org.apache.ratis.server.impl.RaftReconfigurationBaseTest.runTestKillLeaderDuringReconf(RaftReconfigurationBaseTest.java:353)
	at org.apache.ratis.MiniRaftCluster$Factory$Get.runWithNewCluster(MiniRaftCluster.java:125)
	at org.apache.ratis.MiniRaftCluster$Factory$Get.runWithNewCluster(MiniRaftCluster.java:113)
	at org.apache.ratis.server.impl.RaftReconfigurationBaseTest.testKillLeaderDuringReconf(RaftReconfigurationBaseTest.java:304)
	at sun.reflect.NativeMethodAccessorImpl.invoke0(Native Method)
	at sun.reflect.NativeMethodAccessorImpl.invoke(NativeMethodAccessorImpl.java:62)
	at sun.reflect.DelegatingMethodAccessorImpl.invoke(DelegatingMethodAccessorImpl.java:43)
	at java.lang.reflect.Method.invoke(Method.java:498)
	at org.junit.runners.model.FrameworkMethod$1.runReflectiveCall(FrameworkMethod.java:50)
	at org.junit.internal.runners.model.ReflectiveCallable.run(ReflectiveCallable.java:12)
	at org.junit.runners.model.FrameworkMethod.invokeExplosively(FrameworkMethod.java:47)
	at org.junit.internal.runners.statements.InvokeMethod.evaluate(InvokeMethod.java:17)
	at org.junit.internal.runners.statements.RunAfters.evaluate(RunAfters.java:27)
	at org.junit.internal.runners.statements.FailOnTimeout$CallableStatement.call(FailOnTimeout.java:298)
	at org.junit.internal.runners.statements.FailOnTimeout$CallableStatement.call(FailOnTimeout.java:292)
	at java.util.concurrent.FutureTask.run(FutureTask.java:266)
	at java.lang.Thread.run(Thread.java:748)
2019-09-26 09:46:20,670 INFO  impl.LeaderElection (LeaderElection.java:logAndReturn(56)) - s1@group-808489D4E928-LeaderElection25: Election TIMEOUT; received 0 response(s) [] and 1 exception(s); s1@group-808489D4E928:t102, leader=null, voted=s1, raftlog=s1@group-808489D4E928-SegmentedRaftLog:OPENED:c0,f0,i0, conf=0: [s0:0.0.0.0:42957, s1:0.0.0.0:41030, s2:0.0.0.0:35144], old=null
2019-09-26 09:46:20,670 INFO  impl.LeaderElection (LogUtils.java:infoOrTrace(149)) -   Exception 0: java.util.concurrent.ExecutionException: org.apache.ratis.thirdparty.io.netty.channel.AbstractChannel$AnnotatedConnectException: Connection refused: /0.0.0.0:35144
2019-09-26 09:46:20,691 INFO  impl.LeaderElection (LeaderElection.java:askForVotes(178)) - s1@group-808489D4E928-LeaderElection25: begin an election at term 103 for 0: [s0:0.0.0.0:42957, s1:0.0.0.0:41030, s2:0.0.0.0:35144], old=null
2019-09-26 09:46:20,694 INFO  impl.LeaderElection (LogUtils.java:infoOrTrace(149)) - s1@group-808489D4E928-LeaderElection25 got exception when requesting votes: java.util.concurrent.ExecutionException: org.apache.ratis.thirdparty.io.netty.channel.AbstractChannel$AnnotatedConnectException: Connection refused: /0.0.0.0:35144
2019-09-26 09:46:20,807 INFO  impl.LeaderElection (LeaderElection.java:logAndReturn(56)) - s0@group-808489D4E928-LeaderElection23: Election TIMEOUT; received 0 response(s) [] and 0 exception(s); s0@group-808489D4E928:t111, leader=null, voted=s0, raftlog=s0@group-808489D4E928-SegmentedRaftLog:OPENED:c-1,f-1,i0, conf=-1: [s0:0.0.0.0:42957, s1:0.0.0.0:41030, s2:0.0.0.0:35144], old=null
2019-09-26 09:46:20,820 INFO  impl.LeaderElection (LeaderElection.java:askForVotes(178)) - s0@group-808489D4E928-LeaderElection23: begin an election at term 112 for -1: [s0:0.0.0.0:42957, s1:0.0.0.0:41030, s2:0.0.0.0:35144], old=null
2019-09-26 09:46:20,964 INFO  impl.LeaderElection (LeaderElection.java:logAndReturn(56)) - s1@group-808489D4E928-LeaderElection25: Election TIMEOUT; received 0 response(s) [] and 1 exception(s); s1@group-808489D4E928:t103, leader=null, voted=s1, raftlog=s1@group-808489D4E928-SegmentedRaftLog:OPENED:c0,f0,i0, conf=0: [s0:0.0.0.0:42957, s1:0.0.0.0:41030, s2:0.0.0.0:35144], old=null
2019-09-26 09:46:20,965 INFO  impl.LeaderElection (LogUtils.java:infoOrTrace(149)) -   Exception 0: java.util.concurrent.ExecutionException: org.apache.ratis.thirdparty.io.netty.channel.AbstractChannel$AnnotatedConnectException: Connection refused: /0.0.0.0:35144
2019-09-26 09:46:20,978 INFO  impl.LeaderElection (LeaderElection.java:askForVotes(178)) - s1@group-808489D4E928-LeaderElection25: begin an election at term 104 for 0: [s0:0.0.0.0:42957, s1:0.0.0.0:41030, s2:0.0.0.0:35144], old=null
2019-09-26 09:46:20,980 INFO  impl.LeaderElection (LogUtils.java:infoOrTrace(149)) - s1@group-808489D4E928-LeaderElection25 got exception when requesting votes: java.util.concurrent.ExecutionException: org.apache.ratis.thirdparty.io.netty.channel.AbstractChannel$AnnotatedConnectException: Connection refused: /0.0.0.0:35144
2019-09-26 09:46:21,029 INFO  impl.LeaderElection (LeaderElection.java:logAndReturn(56)) - s0@group-808489D4E928-LeaderElection23: Election TIMEOUT; received 0 response(s) [] and 0 exception(s); s0@group-808489D4E928:t112, leader=null, voted=s0, raftlog=s0@group-808489D4E928-SegmentedRaftLog:OPENED:c-1,f-1,i0, conf=-1: [s0:0.0.0.0:42957, s1:0.0.0.0:41030, s2:0.0.0.0:35144], old=null
2019-09-26 09:46:21,042 INFO  impl.LeaderElection (LeaderElection.java:askForVotes(178)) - s0@group-808489D4E928-LeaderElection23: begin an election at term 113 for -1: [s0:0.0.0.0:42957, s1:0.0.0.0:41030, s2:0.0.0.0:35144], old=null
2019-09-26 09:46:21,083 WARN  ratis.RaftTestUtil (JavaUtils.java:attempt(158)) - FAILED "waitForLeader-null-(expectLeader? true)", attempt #55/100: java.lang.IllegalStateException: No leader yet : printing ALL groups
  s3:   CLOSED  FOLLOWER s3@group-808489D4E928:t0, leader=null, voted=null, raftlog=s3@group-808489D4E928-SegmentedRaftLog:CLOSED:c-1, conf=-1: [s0:0.0.0.0:42957, s1:0.0.0.0:41030, s2:0.0.0.0:35144], old=null CLOSED
  s0:  RUNNING CANDIDATE s0@group-808489D4E928:t113, leader=null, voted=s0, raftlog=s0@group-808489D4E928-SegmentedRaftLog:OPENED:c-1,f-1,i0, conf=-1: [s0:0.0.0.0:42957, s1:0.0.0.0:41030, s2:0.0.0.0:35144], old=null RUNNING
  s1:  RUNNING CANDIDATE s1@group-808489D4E928:t104, leader=null, voted=s1, raftlog=s1@group-808489D4E928-SegmentedRaftLog:OPENED:c0,f0,i0, conf=0: [s0:0.0.0.0:42957, s1:0.0.0.0:41030, s2:0.0.0.0:35144], old=null RUNNING
  s2:   CLOSED    LEADER s2@group-808489D4E928:t1, leader=s2, voted=s2, raftlog=s2@group-808489D4E928-SegmentedRaftLog:CLOSED:c0, conf=0: [s0:0.0.0.0:42957, s1:0.0.0.0:41030, s2:0.0.0.0:35144], old=null CLOSED, sleep 450ms and then retry.
java.lang.IllegalStateException: No leader yet : printing ALL groups
  s3:   CLOSED  FOLLOWER s3@group-808489D4E928:t0, leader=null, voted=null, raftlog=s3@group-808489D4E928-SegmentedRaftLog:CLOSED:c-1, conf=-1: [s0:0.0.0.0:42957, s1:0.0.0.0:41030, s2:0.0.0.0:35144], old=null CLOSED
  s0:  RUNNING CANDIDATE s0@group-808489D4E928:t113, leader=null, voted=s0, raftlog=s0@group-808489D4E928-SegmentedRaftLog:OPENED:c-1,f-1,i0, conf=-1: [s0:0.0.0.0:42957, s1:0.0.0.0:41030, s2:0.0.0.0:35144], old=null RUNNING
  s1:  RUNNING CANDIDATE s1@group-808489D4E928:t104, leader=null, voted=s1, raftlog=s1@group-808489D4E928-SegmentedRaftLog:OPENED:c0,f0,i0, conf=0: [s0:0.0.0.0:42957, s1:0.0.0.0:41030, s2:0.0.0.0:35144], old=null RUNNING
  s2:   CLOSED    LEADER s2@group-808489D4E928:t1, leader=s2, voted=s2, raftlog=s2@group-808489D4E928-SegmentedRaftLog:CLOSED:c0, conf=0: [s0:0.0.0.0:42957, s1:0.0.0.0:41030, s2:0.0.0.0:35144], old=null CLOSED
	at org.apache.ratis.MiniRaftCluster.newIllegalStateExceptionForNoLeaders(MiniRaftCluster.java:506)
	at org.apache.ratis.RaftTestUtil.lambda$waitForLeader$1(RaftTestUtil.java:90)
	at org.apache.ratis.MiniRaftCluster.getLeader(MiniRaftCluster.java:539)
	at org.apache.ratis.MiniRaftCluster.getLeader(MiniRaftCluster.java:532)
	at org.apache.ratis.RaftTestUtil.lambda$waitForLeader$3(RaftTestUtil.java:98)
	at org.apache.ratis.util.JavaUtils.attempt(JavaUtils.java:152)
	at org.apache.ratis.RaftTestUtil.waitForLeader(RaftTestUtil.java:97)
	at org.apache.ratis.RaftTestUtil.waitForLeader(RaftTestUtil.java:77)
	at org.apache.ratis.RaftTestUtil.waitForLeader(RaftTestUtil.java:72)
	at org.apache.ratis.server.impl.RaftReconfigurationBaseTest.runTestKillLeaderDuringReconf(RaftReconfigurationBaseTest.java:353)
	at org.apache.ratis.MiniRaftCluster$Factory$Get.runWithNewCluster(MiniRaftCluster.java:125)
	at org.apache.ratis.MiniRaftCluster$Factory$Get.runWithNewCluster(MiniRaftCluster.java:113)
	at org.apache.ratis.server.impl.RaftReconfigurationBaseTest.testKillLeaderDuringReconf(RaftReconfigurationBaseTest.java:304)
	at sun.reflect.NativeMethodAccessorImpl.invoke0(Native Method)
	at sun.reflect.NativeMethodAccessorImpl.invoke(NativeMethodAccessorImpl.java:62)
	at sun.reflect.DelegatingMethodAccessorImpl.invoke(DelegatingMethodAccessorImpl.java:43)
	at java.lang.reflect.Method.invoke(Method.java:498)
	at org.junit.runners.model.FrameworkMethod$1.runReflectiveCall(FrameworkMethod.java:50)
	at org.junit.internal.runners.model.ReflectiveCallable.run(ReflectiveCallable.java:12)
	at org.junit.runners.model.FrameworkMethod.invokeExplosively(FrameworkMethod.java:47)
	at org.junit.internal.runners.statements.InvokeMethod.evaluate(InvokeMethod.java:17)
	at org.junit.internal.runners.statements.RunAfters.evaluate(RunAfters.java:27)
	at org.junit.internal.runners.statements.FailOnTimeout$CallableStatement.call(FailOnTimeout.java:298)
	at org.junit.internal.runners.statements.FailOnTimeout$CallableStatement.call(FailOnTimeout.java:292)
	at java.util.concurrent.FutureTask.run(FutureTask.java:266)
	at java.lang.Thread.run(Thread.java:748)
2019-09-26 09:46:21,176 INFO  impl.LeaderElection (LeaderElection.java:logAndReturn(56)) - s1@group-808489D4E928-LeaderElection25: Election TIMEOUT; received 0 response(s) [] and 1 exception(s); s1@group-808489D4E928:t104, leader=null, voted=s1, raftlog=s1@group-808489D4E928-SegmentedRaftLog:OPENED:c0,f0,i0, conf=0: [s0:0.0.0.0:42957, s1:0.0.0.0:41030, s2:0.0.0.0:35144], old=null
2019-09-26 09:46:21,176 INFO  impl.LeaderElection (LogUtils.java:infoOrTrace(149)) -   Exception 0: java.util.concurrent.ExecutionException: org.apache.ratis.thirdparty.io.netty.channel.AbstractChannel$AnnotatedConnectException: Connection refused: /0.0.0.0:35144
2019-09-26 09:46:21,189 INFO  impl.LeaderElection (LeaderElection.java:askForVotes(178)) - s1@group-808489D4E928-LeaderElection25: begin an election at term 105 for 0: [s0:0.0.0.0:42957, s1:0.0.0.0:41030, s2:0.0.0.0:35144], old=null
2019-09-26 09:46:21,192 INFO  impl.LeaderElection (LogUtils.java:infoOrTrace(149)) - s1@group-808489D4E928-LeaderElection25 got exception when requesting votes: java.util.concurrent.ExecutionException: org.apache.ratis.thirdparty.io.netty.channel.AbstractChannel$AnnotatedConnectException: Connection refused: /0.0.0.0:35144
2019-09-26 09:46:21,218 INFO  impl.LeaderElection (LeaderElection.java:logAndReturn(56)) - s0@group-808489D4E928-LeaderElection23: Election TIMEOUT; received 0 response(s) [] and 0 exception(s); s0@group-808489D4E928:t113, leader=null, voted=s0, raftlog=s0@group-808489D4E928-SegmentedRaftLog:OPENED:c-1,f-1,i0, conf=-1: [s0:0.0.0.0:42957, s1:0.0.0.0:41030, s2:0.0.0.0:35144], old=null
2019-09-26 09:46:21,231 INFO  impl.LeaderElection (LeaderElection.java:askForVotes(178)) - s0@group-808489D4E928-LeaderElection23: begin an election at term 114 for -1: [s0:0.0.0.0:42957, s1:0.0.0.0:41030, s2:0.0.0.0:35144], old=null
2019-09-26 09:46:21,391 INFO  impl.LeaderElection (LeaderElection.java:logAndReturn(56)) - s0@group-808489D4E928-LeaderElection23: Election TIMEOUT; received 0 response(s) [] and 0 exception(s); s0@group-808489D4E928:t114, leader=null, voted=s0, raftlog=s0@group-808489D4E928-SegmentedRaftLog:OPENED:c-1,f-1,i0, conf=-1: [s0:0.0.0.0:42957, s1:0.0.0.0:41030, s2:0.0.0.0:35144], old=null
2019-09-26 09:46:21,405 INFO  impl.LeaderElection (LeaderElection.java:askForVotes(178)) - s0@group-808489D4E928-LeaderElection23: begin an election at term 115 for -1: [s0:0.0.0.0:42957, s1:0.0.0.0:41030, s2:0.0.0.0:35144], old=null
2019-09-26 09:46:21,426 INFO  impl.LeaderElection (LeaderElection.java:logAndReturn(56)) - s1@group-808489D4E928-LeaderElection25: Election TIMEOUT; received 0 response(s) [] and 1 exception(s); s1@group-808489D4E928:t105, leader=null, voted=s1, raftlog=s1@group-808489D4E928-SegmentedRaftLog:OPENED:c0,f0,i0, conf=0: [s0:0.0.0.0:42957, s1:0.0.0.0:41030, s2:0.0.0.0:35144], old=null
2019-09-26 09:46:21,426 INFO  impl.LeaderElection (LogUtils.java:infoOrTrace(149)) -   Exception 0: java.util.concurrent.ExecutionException: org.apache.ratis.thirdparty.io.netty.channel.AbstractChannel$AnnotatedConnectException: Connection refused: /0.0.0.0:35144
2019-09-26 09:46:21,440 INFO  impl.LeaderElection (LeaderElection.java:askForVotes(178)) - s1@group-808489D4E928-LeaderElection25: begin an election at term 106 for 0: [s0:0.0.0.0:42957, s1:0.0.0.0:41030, s2:0.0.0.0:35144], old=null
2019-09-26 09:46:21,442 INFO  impl.LeaderElection (LogUtils.java:infoOrTrace(149)) - s1@group-808489D4E928-LeaderElection25 got exception when requesting votes: java.util.concurrent.ExecutionException: org.apache.ratis.thirdparty.io.netty.channel.AbstractChannel$AnnotatedConnectException: Connection refused: /0.0.0.0:35144
2019-09-26 09:46:21,534 WARN  ratis.RaftTestUtil (JavaUtils.java:attempt(158)) - FAILED "waitForLeader-null-(expectLeader? true)", attempt #56/100: java.lang.IllegalStateException: No leader yet : printing ALL groups
  s3:   CLOSED  FOLLOWER s3@group-808489D4E928:t0, leader=null, voted=null, raftlog=s3@group-808489D4E928-SegmentedRaftLog:CLOSED:c-1, conf=-1: [s0:0.0.0.0:42957, s1:0.0.0.0:41030, s2:0.0.0.0:35144], old=null CLOSED
  s0:  RUNNING CANDIDATE s0@group-808489D4E928:t115, leader=null, voted=s0, raftlog=s0@group-808489D4E928-SegmentedRaftLog:OPENED:c-1,f-1,i0, conf=-1: [s0:0.0.0.0:42957, s1:0.0.0.0:41030, s2:0.0.0.0:35144], old=null RUNNING
  s1:  RUNNING CANDIDATE s1@group-808489D4E928:t106, leader=null, voted=s1, raftlog=s1@group-808489D4E928-SegmentedRaftLog:OPENED:c0,f0,i0, conf=0: [s0:0.0.0.0:42957, s1:0.0.0.0:41030, s2:0.0.0.0:35144], old=null RUNNING
  s2:   CLOSED    LEADER s2@group-808489D4E928:t1, leader=s2, voted=s2, raftlog=s2@group-808489D4E928-SegmentedRaftLog:CLOSED:c0, conf=0: [s0:0.0.0.0:42957, s1:0.0.0.0:41030, s2:0.0.0.0:35144], old=null CLOSED, sleep 450ms and then retry.
java.lang.IllegalStateException: No leader yet : printing ALL groups
  s3:   CLOSED  FOLLOWER s3@group-808489D4E928:t0, leader=null, voted=null, raftlog=s3@group-808489D4E928-SegmentedRaftLog:CLOSED:c-1, conf=-1: [s0:0.0.0.0:42957, s1:0.0.0.0:41030, s2:0.0.0.0:35144], old=null CLOSED
  s0:  RUNNING CANDIDATE s0@group-808489D4E928:t115, leader=null, voted=s0, raftlog=s0@group-808489D4E928-SegmentedRaftLog:OPENED:c-1,f-1,i0, conf=-1: [s0:0.0.0.0:42957, s1:0.0.0.0:41030, s2:0.0.0.0:35144], old=null RUNNING
  s1:  RUNNING CANDIDATE s1@group-808489D4E928:t106, leader=null, voted=s1, raftlog=s1@group-808489D4E928-SegmentedRaftLog:OPENED:c0,f0,i0, conf=0: [s0:0.0.0.0:42957, s1:0.0.0.0:41030, s2:0.0.0.0:35144], old=null RUNNING
  s2:   CLOSED    LEADER s2@group-808489D4E928:t1, leader=s2, voted=s2, raftlog=s2@group-808489D4E928-SegmentedRaftLog:CLOSED:c0, conf=0: [s0:0.0.0.0:42957, s1:0.0.0.0:41030, s2:0.0.0.0:35144], old=null CLOSED
	at org.apache.ratis.MiniRaftCluster.newIllegalStateExceptionForNoLeaders(MiniRaftCluster.java:506)
	at org.apache.ratis.RaftTestUtil.lambda$waitForLeader$1(RaftTestUtil.java:90)
	at org.apache.ratis.MiniRaftCluster.getLeader(MiniRaftCluster.java:539)
	at org.apache.ratis.MiniRaftCluster.getLeader(MiniRaftCluster.java:532)
	at org.apache.ratis.RaftTestUtil.lambda$waitForLeader$3(RaftTestUtil.java:98)
	at org.apache.ratis.util.JavaUtils.attempt(JavaUtils.java:152)
	at org.apache.ratis.RaftTestUtil.waitForLeader(RaftTestUtil.java:97)
	at org.apache.ratis.RaftTestUtil.waitForLeader(RaftTestUtil.java:77)
	at org.apache.ratis.RaftTestUtil.waitForLeader(RaftTestUtil.java:72)
	at org.apache.ratis.server.impl.RaftReconfigurationBaseTest.runTestKillLeaderDuringReconf(RaftReconfigurationBaseTest.java:353)
	at org.apache.ratis.MiniRaftCluster$Factory$Get.runWithNewCluster(MiniRaftCluster.java:125)
	at org.apache.ratis.MiniRaftCluster$Factory$Get.runWithNewCluster(MiniRaftCluster.java:113)
	at org.apache.ratis.server.impl.RaftReconfigurationBaseTest.testKillLeaderDuringReconf(RaftReconfigurationBaseTest.java:304)
	at sun.reflect.NativeMethodAccessorImpl.invoke0(Native Method)
	at sun.reflect.NativeMethodAccessorImpl.invoke(NativeMethodAccessorImpl.java:62)
	at sun.reflect.DelegatingMethodAccessorImpl.invoke(DelegatingMethodAccessorImpl.java:43)
	at java.lang.reflect.Method.invoke(Method.java:498)
	at org.junit.runners.model.FrameworkMethod$1.runReflectiveCall(FrameworkMethod.java:50)
	at org.junit.internal.runners.model.ReflectiveCallable.run(ReflectiveCallable.java:12)
	at org.junit.runners.model.FrameworkMethod.invokeExplosively(FrameworkMethod.java:47)
	at org.junit.internal.runners.statements.InvokeMethod.evaluate(InvokeMethod.java:17)
	at org.junit.internal.runners.statements.RunAfters.evaluate(RunAfters.java:27)
	at org.junit.internal.runners.statements.FailOnTimeout$CallableStatement.call(FailOnTimeout.java:298)
	at org.junit.internal.runners.statements.FailOnTimeout$CallableStatement.call(FailOnTimeout.java:292)
	at java.util.concurrent.FutureTask.run(FutureTask.java:266)
	at java.lang.Thread.run(Thread.java:748)
2019-09-26 09:46:21,597 INFO  impl.LeaderElection (LeaderElection.java:logAndReturn(56)) - s0@group-808489D4E928-LeaderElection23: Election TIMEOUT; received 0 response(s) [] and 0 exception(s); s0@group-808489D4E928:t115, leader=null, voted=s0, raftlog=s0@group-808489D4E928-SegmentedRaftLog:OPENED:c-1,f-1,i0, conf=-1: [s0:0.0.0.0:42957, s1:0.0.0.0:41030, s2:0.0.0.0:35144], old=null
2019-09-26 09:46:21,611 INFO  impl.LeaderElection (LeaderElection.java:askForVotes(178)) - s0@group-808489D4E928-LeaderElection23: begin an election at term 116 for -1: [s0:0.0.0.0:42957, s1:0.0.0.0:41030, s2:0.0.0.0:35144], old=null
2019-09-26 09:46:21,656 INFO  impl.LeaderElection (LeaderElection.java:logAndReturn(56)) - s1@group-808489D4E928-LeaderElection25: Election TIMEOUT; received 0 response(s) [] and 1 exception(s); s1@group-808489D4E928:t106, leader=null, voted=s1, raftlog=s1@group-808489D4E928-SegmentedRaftLog:OPENED:c0,f0,i0, conf=0: [s0:0.0.0.0:42957, s1:0.0.0.0:41030, s2:0.0.0.0:35144], old=null
2019-09-26 09:46:21,656 INFO  impl.LeaderElection (LogUtils.java:infoOrTrace(149)) -   Exception 0: java.util.concurrent.ExecutionException: org.apache.ratis.thirdparty.io.netty.channel.AbstractChannel$AnnotatedConnectException: Connection refused: /0.0.0.0:35144
2019-09-26 09:46:21,669 INFO  impl.LeaderElection (LeaderElection.java:askForVotes(178)) - s1@group-808489D4E928-LeaderElection25: begin an election at term 107 for 0: [s0:0.0.0.0:42957, s1:0.0.0.0:41030, s2:0.0.0.0:35144], old=null
2019-09-26 09:46:21,671 INFO  impl.LeaderElection (LogUtils.java:infoOrTrace(149)) - s1@group-808489D4E928-LeaderElection25 got exception when requesting votes: java.util.concurrent.ExecutionException: org.apache.ratis.thirdparty.io.netty.channel.AbstractChannel$AnnotatedConnectException: Connection refused: /0.0.0.0:35144
2019-09-26 09:46:21,878 INFO  impl.LeaderElection (LeaderElection.java:logAndReturn(56)) - s0@group-808489D4E928-LeaderElection23: Election TIMEOUT; received 0 response(s) [] and 0 exception(s); s0@group-808489D4E928:t116, leader=null, voted=s0, raftlog=s0@group-808489D4E928-SegmentedRaftLog:OPENED:c-1,f-1,i0, conf=-1: [s0:0.0.0.0:42957, s1:0.0.0.0:41030, s2:0.0.0.0:35144], old=null
2019-09-26 09:46:21,892 INFO  impl.LeaderElection (LeaderElection.java:askForVotes(178)) - s0@group-808489D4E928-LeaderElection23: begin an election at term 117 for -1: [s0:0.0.0.0:42957, s1:0.0.0.0:41030, s2:0.0.0.0:35144], old=null
2019-09-26 09:46:21,957 INFO  impl.LeaderElection (LeaderElection.java:logAndReturn(56)) - s1@group-808489D4E928-LeaderElection25: Election TIMEOUT; received 0 response(s) [] and 1 exception(s); s1@group-808489D4E928:t107, leader=null, voted=s1, raftlog=s1@group-808489D4E928-SegmentedRaftLog:OPENED:c0,f0,i0, conf=0: [s0:0.0.0.0:42957, s1:0.0.0.0:41030, s2:0.0.0.0:35144], old=null
2019-09-26 09:46:21,957 INFO  impl.LeaderElection (LogUtils.java:infoOrTrace(149)) -   Exception 0: java.util.concurrent.ExecutionException: org.apache.ratis.thirdparty.io.netty.channel.AbstractChannel$AnnotatedConnectException: Connection refused: /0.0.0.0:35144
2019-09-26 09:46:21,971 INFO  impl.LeaderElection (LeaderElection.java:askForVotes(178)) - s1@group-808489D4E928-LeaderElection25: begin an election at term 108 for 0: [s0:0.0.0.0:42957, s1:0.0.0.0:41030, s2:0.0.0.0:35144], old=null
2019-09-26 09:46:21,973 INFO  impl.LeaderElection (LogUtils.java:infoOrTrace(149)) - s1@group-808489D4E928-LeaderElection25 got exception when requesting votes: java.util.concurrent.ExecutionException: org.apache.ratis.thirdparty.io.netty.channel.AbstractChannel$AnnotatedConnectException: Connection refused: /0.0.0.0:35144
2019-09-26 09:46:21,986 WARN  ratis.RaftTestUtil (JavaUtils.java:attempt(158)) - FAILED "waitForLeader-null-(expectLeader? true)", attempt #57/100: java.lang.IllegalStateException: No leader yet : printing ALL groups
  s3:   CLOSED  FOLLOWER s3@group-808489D4E928:t0, leader=null, voted=null, raftlog=s3@group-808489D4E928-SegmentedRaftLog:CLOSED:c-1, conf=-1: [s0:0.0.0.0:42957, s1:0.0.0.0:41030, s2:0.0.0.0:35144], old=null CLOSED
  s0:  RUNNING CANDIDATE s0@group-808489D4E928:t117, leader=null, voted=s0, raftlog=s0@group-808489D4E928-SegmentedRaftLog:OPENED:c-1,f-1,i0, conf=-1: [s0:0.0.0.0:42957, s1:0.0.0.0:41030, s2:0.0.0.0:35144], old=null RUNNING
  s1:  RUNNING CANDIDATE s1@group-808489D4E928:t108, leader=null, voted=s1, raftlog=s1@group-808489D4E928-SegmentedRaftLog:OPENED:c0,f0,i0, conf=0: [s0:0.0.0.0:42957, s1:0.0.0.0:41030, s2:0.0.0.0:35144], old=null RUNNING
  s2:   CLOSED    LEADER s2@group-808489D4E928:t1, leader=s2, voted=s2, raftlog=s2@group-808489D4E928-SegmentedRaftLog:CLOSED:c0, conf=0: [s0:0.0.0.0:42957, s1:0.0.0.0:41030, s2:0.0.0.0:35144], old=null CLOSED, sleep 450ms and then retry.
java.lang.IllegalStateException: No leader yet : printing ALL groups
  s3:   CLOSED  FOLLOWER s3@group-808489D4E928:t0, leader=null, voted=null, raftlog=s3@group-808489D4E928-SegmentedRaftLog:CLOSED:c-1, conf=-1: [s0:0.0.0.0:42957, s1:0.0.0.0:41030, s2:0.0.0.0:35144], old=null CLOSED
  s0:  RUNNING CANDIDATE s0@group-808489D4E928:t117, leader=null, voted=s0, raftlog=s0@group-808489D4E928-SegmentedRaftLog:OPENED:c-1,f-1,i0, conf=-1: [s0:0.0.0.0:42957, s1:0.0.0.0:41030, s2:0.0.0.0:35144], old=null RUNNING
  s1:  RUNNING CANDIDATE s1@group-808489D4E928:t108, leader=null, voted=s1, raftlog=s1@group-808489D4E928-SegmentedRaftLog:OPENED:c0,f0,i0, conf=0: [s0:0.0.0.0:42957, s1:0.0.0.0:41030, s2:0.0.0.0:35144], old=null RUNNING
  s2:   CLOSED    LEADER s2@group-808489D4E928:t1, leader=s2, voted=s2, raftlog=s2@group-808489D4E928-SegmentedRaftLog:CLOSED:c0, conf=0: [s0:0.0.0.0:42957, s1:0.0.0.0:41030, s2:0.0.0.0:35144], old=null CLOSED
	at org.apache.ratis.MiniRaftCluster.newIllegalStateExceptionForNoLeaders(MiniRaftCluster.java:506)
	at org.apache.ratis.RaftTestUtil.lambda$waitForLeader$1(RaftTestUtil.java:90)
	at org.apache.ratis.MiniRaftCluster.getLeader(MiniRaftCluster.java:539)
	at org.apache.ratis.MiniRaftCluster.getLeader(MiniRaftCluster.java:532)
	at org.apache.ratis.RaftTestUtil.lambda$waitForLeader$3(RaftTestUtil.java:98)
	at org.apache.ratis.util.JavaUtils.attempt(JavaUtils.java:152)
	at org.apache.ratis.RaftTestUtil.waitForLeader(RaftTestUtil.java:97)
	at org.apache.ratis.RaftTestUtil.waitForLeader(RaftTestUtil.java:77)
	at org.apache.ratis.RaftTestUtil.waitForLeader(RaftTestUtil.java:72)
	at org.apache.ratis.server.impl.RaftReconfigurationBaseTest.runTestKillLeaderDuringReconf(RaftReconfigurationBaseTest.java:353)
	at org.apache.ratis.MiniRaftCluster$Factory$Get.runWithNewCluster(MiniRaftCluster.java:125)
	at org.apache.ratis.MiniRaftCluster$Factory$Get.runWithNewCluster(MiniRaftCluster.java:113)
	at org.apache.ratis.server.impl.RaftReconfigurationBaseTest.testKillLeaderDuringReconf(RaftReconfigurationBaseTest.java:304)
	at sun.reflect.NativeMethodAccessorImpl.invoke0(Native Method)
	at sun.reflect.NativeMethodAccessorImpl.invoke(NativeMethodAccessorImpl.java:62)
	at sun.reflect.DelegatingMethodAccessorImpl.invoke(DelegatingMethodAccessorImpl.java:43)
	at java.lang.reflect.Method.invoke(Method.java:498)
	at org.junit.runners.model.FrameworkMethod$1.runReflectiveCall(FrameworkMethod.java:50)
	at org.junit.internal.runners.model.ReflectiveCallable.run(ReflectiveCallable.java:12)
	at org.junit.runners.model.FrameworkMethod.invokeExplosively(FrameworkMethod.java:47)
	at org.junit.internal.runners.statements.InvokeMethod.evaluate(InvokeMethod.java:17)
	at org.junit.internal.runners.statements.RunAfters.evaluate(RunAfters.java:27)
	at org.junit.internal.runners.statements.FailOnTimeout$CallableStatement.call(FailOnTimeout.java:298)
	at org.junit.internal.runners.statements.FailOnTimeout$CallableStatement.call(FailOnTimeout.java:292)
	at java.util.concurrent.FutureTask.run(FutureTask.java:266)
	at java.lang.Thread.run(Thread.java:748)
2019-09-26 09:46:22,172 INFO  impl.LeaderElection (LeaderElection.java:logAndReturn(56)) - s0@group-808489D4E928-LeaderElection23: Election TIMEOUT; received 0 response(s) [] and 0 exception(s); s0@group-808489D4E928:t117, leader=null, voted=s0, raftlog=s0@group-808489D4E928-SegmentedRaftLog:OPENED:c-1,f-1,i0, conf=-1: [s0:0.0.0.0:42957, s1:0.0.0.0:41030, s2:0.0.0.0:35144], old=null
2019-09-26 09:46:22,187 INFO  impl.LeaderElection (LeaderElection.java:askForVotes(178)) - s0@group-808489D4E928-LeaderElection23: begin an election at term 118 for -1: [s0:0.0.0.0:42957, s1:0.0.0.0:41030, s2:0.0.0.0:35144], old=null
2019-09-26 09:46:22,230 INFO  impl.LeaderElection (LeaderElection.java:logAndReturn(56)) - s1@group-808489D4E928-LeaderElection25: Election TIMEOUT; received 0 response(s) [] and 1 exception(s); s1@group-808489D4E928:t108, leader=null, voted=s1, raftlog=s1@group-808489D4E928-SegmentedRaftLog:OPENED:c0,f0,i0, conf=0: [s0:0.0.0.0:42957, s1:0.0.0.0:41030, s2:0.0.0.0:35144], old=null
2019-09-26 09:46:22,231 INFO  impl.LeaderElection (LogUtils.java:infoOrTrace(149)) -   Exception 0: java.util.concurrent.ExecutionException: org.apache.ratis.thirdparty.io.netty.channel.AbstractChannel$AnnotatedConnectException: Connection refused: /0.0.0.0:35144
2019-09-26 09:46:22,244 INFO  impl.LeaderElection (LeaderElection.java:askForVotes(178)) - s1@group-808489D4E928-LeaderElection25: begin an election at term 109 for 0: [s0:0.0.0.0:42957, s1:0.0.0.0:41030, s2:0.0.0.0:35144], old=null
2019-09-26 09:46:22,247 INFO  impl.LeaderElection (LogUtils.java:infoOrTrace(149)) - s1@group-808489D4E928-LeaderElection25 got exception when requesting votes: java.util.concurrent.ExecutionException: org.apache.ratis.thirdparty.io.netty.channel.AbstractChannel$AnnotatedConnectException: Connection refused: /0.0.0.0:35144
2019-09-26 09:46:22,372 INFO  impl.LeaderElection (LeaderElection.java:logAndReturn(56)) - s0@group-808489D4E928-LeaderElection23: Election TIMEOUT; received 0 response(s) [] and 0 exception(s); s0@group-808489D4E928:t118, leader=null, voted=s0, raftlog=s0@group-808489D4E928-SegmentedRaftLog:OPENED:c-1,f-1,i0, conf=-1: [s0:0.0.0.0:42957, s1:0.0.0.0:41030, s2:0.0.0.0:35144], old=null
2019-09-26 09:46:22,386 INFO  impl.LeaderElection (LeaderElection.java:askForVotes(178)) - s0@group-808489D4E928-LeaderElection23: begin an election at term 119 for -1: [s0:0.0.0.0:42957, s1:0.0.0.0:41030, s2:0.0.0.0:35144], old=null
2019-09-26 09:46:22,437 WARN  ratis.RaftTestUtil (JavaUtils.java:attempt(158)) - FAILED "waitForLeader-null-(expectLeader? true)", attempt #58/100: java.lang.IllegalStateException: No leader yet : printing ALL groups
  s3:   CLOSED  FOLLOWER s3@group-808489D4E928:t0, leader=null, voted=null, raftlog=s3@group-808489D4E928-SegmentedRaftLog:CLOSED:c-1, conf=-1: [s0:0.0.0.0:42957, s1:0.0.0.0:41030, s2:0.0.0.0:35144], old=null CLOSED
  s0:  RUNNING CANDIDATE s0@group-808489D4E928:t119, leader=null, voted=s0, raftlog=s0@group-808489D4E928-SegmentedRaftLog:OPENED:c-1,f-1,i0, conf=-1: [s0:0.0.0.0:42957, s1:0.0.0.0:41030, s2:0.0.0.0:35144], old=null RUNNING
  s1:  RUNNING CANDIDATE s1@group-808489D4E928:t109, leader=null, voted=s1, raftlog=s1@group-808489D4E928-SegmentedRaftLog:OPENED:c0,f0,i0, conf=0: [s0:0.0.0.0:42957, s1:0.0.0.0:41030, s2:0.0.0.0:35144], old=null RUNNING
  s2:   CLOSED    LEADER s2@group-808489D4E928:t1, leader=s2, voted=s2, raftlog=s2@group-808489D4E928-SegmentedRaftLog:CLOSED:c0, conf=0: [s0:0.0.0.0:42957, s1:0.0.0.0:41030, s2:0.0.0.0:35144], old=null CLOSED, sleep 450ms and then retry.
java.lang.IllegalStateException: No leader yet : printing ALL groups
  s3:   CLOSED  FOLLOWER s3@group-808489D4E928:t0, leader=null, voted=null, raftlog=s3@group-808489D4E928-SegmentedRaftLog:CLOSED:c-1, conf=-1: [s0:0.0.0.0:42957, s1:0.0.0.0:41030, s2:0.0.0.0:35144], old=null CLOSED
  s0:  RUNNING CANDIDATE s0@group-808489D4E928:t119, leader=null, voted=s0, raftlog=s0@group-808489D4E928-SegmentedRaftLog:OPENED:c-1,f-1,i0, conf=-1: [s0:0.0.0.0:42957, s1:0.0.0.0:41030, s2:0.0.0.0:35144], old=null RUNNING
  s1:  RUNNING CANDIDATE s1@group-808489D4E928:t109, leader=null, voted=s1, raftlog=s1@group-808489D4E928-SegmentedRaftLog:OPENED:c0,f0,i0, conf=0: [s0:0.0.0.0:42957, s1:0.0.0.0:41030, s2:0.0.0.0:35144], old=null RUNNING
  s2:   CLOSED    LEADER s2@group-808489D4E928:t1, leader=s2, voted=s2, raftlog=s2@group-808489D4E928-SegmentedRaftLog:CLOSED:c0, conf=0: [s0:0.0.0.0:42957, s1:0.0.0.0:41030, s2:0.0.0.0:35144], old=null CLOSED
	at org.apache.ratis.MiniRaftCluster.newIllegalStateExceptionForNoLeaders(MiniRaftCluster.java:506)
	at org.apache.ratis.RaftTestUtil.lambda$waitForLeader$1(RaftTestUtil.java:90)
	at org.apache.ratis.MiniRaftCluster.getLeader(MiniRaftCluster.java:539)
	at org.apache.ratis.MiniRaftCluster.getLeader(MiniRaftCluster.java:532)
	at org.apache.ratis.RaftTestUtil.lambda$waitForLeader$3(RaftTestUtil.java:98)
	at org.apache.ratis.util.JavaUtils.attempt(JavaUtils.java:152)
	at org.apache.ratis.RaftTestUtil.waitForLeader(RaftTestUtil.java:97)
	at org.apache.ratis.RaftTestUtil.waitForLeader(RaftTestUtil.java:77)
	at org.apache.ratis.RaftTestUtil.waitForLeader(RaftTestUtil.java:72)
	at org.apache.ratis.server.impl.RaftReconfigurationBaseTest.runTestKillLeaderDuringReconf(RaftReconfigurationBaseTest.java:353)
	at org.apache.ratis.MiniRaftCluster$Factory$Get.runWithNewCluster(MiniRaftCluster.java:125)
	at org.apache.ratis.MiniRaftCluster$Factory$Get.runWithNewCluster(MiniRaftCluster.java:113)
	at org.apache.ratis.server.impl.RaftReconfigurationBaseTest.testKillLeaderDuringReconf(RaftReconfigurationBaseTest.java:304)
	at sun.reflect.NativeMethodAccessorImpl.invoke0(Native Method)
	at sun.reflect.NativeMethodAccessorImpl.invoke(NativeMethodAccessorImpl.java:62)
	at sun.reflect.DelegatingMethodAccessorImpl.invoke(DelegatingMethodAccessorImpl.java:43)
	at java.lang.reflect.Method.invoke(Method.java:498)
	at org.junit.runners.model.FrameworkMethod$1.runReflectiveCall(FrameworkMethod.java:50)
	at org.junit.internal.runners.model.ReflectiveCallable.run(ReflectiveCallable.java:12)
	at org.junit.runners.model.FrameworkMethod.invokeExplosively(FrameworkMethod.java:47)
	at org.junit.internal.runners.statements.InvokeMethod.evaluate(InvokeMethod.java:17)
	at org.junit.internal.runners.statements.RunAfters.evaluate(RunAfters.java:27)
	at org.junit.internal.runners.statements.FailOnTimeout$CallableStatement.call(FailOnTimeout.java:298)
	at org.junit.internal.runners.statements.FailOnTimeout$CallableStatement.call(FailOnTimeout.java:292)
	at java.util.concurrent.FutureTask.run(FutureTask.java:266)
	at java.lang.Thread.run(Thread.java:748)
2019-09-26 09:46:22,495 INFO  impl.LeaderElection (LeaderElection.java:logAndReturn(56)) - s1@group-808489D4E928-LeaderElection25: Election TIMEOUT; received 0 response(s) [] and 1 exception(s); s1@group-808489D4E928:t109, leader=null, voted=s1, raftlog=s1@group-808489D4E928-SegmentedRaftLog:OPENED:c0,f0,i0, conf=0: [s0:0.0.0.0:42957, s1:0.0.0.0:41030, s2:0.0.0.0:35144], old=null
2019-09-26 09:46:22,495 INFO  impl.LeaderElection (LogUtils.java:infoOrTrace(149)) -   Exception 0: java.util.concurrent.ExecutionException: org.apache.ratis.thirdparty.io.netty.channel.AbstractChannel$AnnotatedConnectException: Connection refused: /0.0.0.0:35144
2019-09-26 09:46:22,509 INFO  impl.LeaderElection (LeaderElection.java:askForVotes(178)) - s1@group-808489D4E928-LeaderElection25: begin an election at term 110 for 0: [s0:0.0.0.0:42957, s1:0.0.0.0:41030, s2:0.0.0.0:35144], old=null
2019-09-26 09:46:22,512 INFO  impl.LeaderElection (LogUtils.java:infoOrTrace(149)) - s1@group-808489D4E928-LeaderElection25 got exception when requesting votes: java.util.concurrent.ExecutionException: org.apache.ratis.thirdparty.io.netty.channel.AbstractChannel$AnnotatedConnectException: Connection refused: /0.0.0.0:35144
2019-09-26 09:46:22,663 INFO  impl.LeaderElection (LeaderElection.java:logAndReturn(56)) - s0@group-808489D4E928-LeaderElection23: Election TIMEOUT; received 0 response(s) [] and 0 exception(s); s0@group-808489D4E928:t119, leader=null, voted=s0, raftlog=s0@group-808489D4E928-SegmentedRaftLog:OPENED:c-1,f-1,i0, conf=-1: [s0:0.0.0.0:42957, s1:0.0.0.0:41030, s2:0.0.0.0:35144], old=null
2019-09-26 09:46:22,674 INFO  impl.LeaderElection (LeaderElection.java:askForVotes(178)) - s0@group-808489D4E928-LeaderElection23: begin an election at term 120 for -1: [s0:0.0.0.0:42957, s1:0.0.0.0:41030, s2:0.0.0.0:35144], old=null
2019-09-26 09:46:22,771 INFO  impl.LeaderElection (LeaderElection.java:logAndReturn(56)) - s1@group-808489D4E928-LeaderElection25: Election TIMEOUT; received 0 response(s) [] and 1 exception(s); s1@group-808489D4E928:t110, leader=null, voted=s1, raftlog=s1@group-808489D4E928-SegmentedRaftLog:OPENED:c0,f0,i0, conf=0: [s0:0.0.0.0:42957, s1:0.0.0.0:41030, s2:0.0.0.0:35144], old=null
2019-09-26 09:46:22,771 INFO  impl.LeaderElection (LogUtils.java:infoOrTrace(149)) -   Exception 0: java.util.concurrent.ExecutionException: org.apache.ratis.thirdparty.io.netty.channel.AbstractChannel$AnnotatedConnectException: Connection refused: /0.0.0.0:35144
2019-09-26 09:46:22,784 INFO  impl.LeaderElection (LeaderElection.java:askForVotes(178)) - s1@group-808489D4E928-LeaderElection25: begin an election at term 111 for 0: [s0:0.0.0.0:42957, s1:0.0.0.0:41030, s2:0.0.0.0:35144], old=null
2019-09-26 09:46:22,786 INFO  impl.LeaderElection (LogUtils.java:infoOrTrace(149)) - s1@group-808489D4E928-LeaderElection25 got exception when requesting votes: java.util.concurrent.ExecutionException: org.apache.ratis.thirdparty.io.netty.channel.AbstractChannel$AnnotatedConnectException: Connection refused: /0.0.0.0:35144
2019-09-26 09:46:22,888 WARN  ratis.RaftTestUtil (JavaUtils.java:attempt(158)) - FAILED "waitForLeader-null-(expectLeader? true)", attempt #59/100: java.lang.IllegalStateException: No leader yet : printing ALL groups
  s3:   CLOSED  FOLLOWER s3@group-808489D4E928:t0, leader=null, voted=null, raftlog=s3@group-808489D4E928-SegmentedRaftLog:CLOSED:c-1, conf=-1: [s0:0.0.0.0:42957, s1:0.0.0.0:41030, s2:0.0.0.0:35144], old=null CLOSED
  s0:  RUNNING CANDIDATE s0@group-808489D4E928:t120, leader=null, voted=s0, raftlog=s0@group-808489D4E928-SegmentedRaftLog:OPENED:c-1,f-1,i0, conf=-1: [s0:0.0.0.0:42957, s1:0.0.0.0:41030, s2:0.0.0.0:35144], old=null RUNNING
  s1:  RUNNING CANDIDATE s1@group-808489D4E928:t111, leader=null, voted=s1, raftlog=s1@group-808489D4E928-SegmentedRaftLog:OPENED:c0,f0,i0, conf=0: [s0:0.0.0.0:42957, s1:0.0.0.0:41030, s2:0.0.0.0:35144], old=null RUNNING
  s2:   CLOSED    LEADER s2@group-808489D4E928:t1, leader=s2, voted=s2, raftlog=s2@group-808489D4E928-SegmentedRaftLog:CLOSED:c0, conf=0: [s0:0.0.0.0:42957, s1:0.0.0.0:41030, s2:0.0.0.0:35144], old=null CLOSED, sleep 450ms and then retry.
java.lang.IllegalStateException: No leader yet : printing ALL groups
  s3:   CLOSED  FOLLOWER s3@group-808489D4E928:t0, leader=null, voted=null, raftlog=s3@group-808489D4E928-SegmentedRaftLog:CLOSED:c-1, conf=-1: [s0:0.0.0.0:42957, s1:0.0.0.0:41030, s2:0.0.0.0:35144], old=null CLOSED
  s0:  RUNNING CANDIDATE s0@group-808489D4E928:t120, leader=null, voted=s0, raftlog=s0@group-808489D4E928-SegmentedRaftLog:OPENED:c-1,f-1,i0, conf=-1: [s0:0.0.0.0:42957, s1:0.0.0.0:41030, s2:0.0.0.0:35144], old=null RUNNING
  s1:  RUNNING CANDIDATE s1@group-808489D4E928:t111, leader=null, voted=s1, raftlog=s1@group-808489D4E928-SegmentedRaftLog:OPENED:c0,f0,i0, conf=0: [s0:0.0.0.0:42957, s1:0.0.0.0:41030, s2:0.0.0.0:35144], old=null RUNNING
  s2:   CLOSED    LEADER s2@group-808489D4E928:t1, leader=s2, voted=s2, raftlog=s2@group-808489D4E928-SegmentedRaftLog:CLOSED:c0, conf=0: [s0:0.0.0.0:42957, s1:0.0.0.0:41030, s2:0.0.0.0:35144], old=null CLOSED
	at org.apache.ratis.MiniRaftCluster.newIllegalStateExceptionForNoLeaders(MiniRaftCluster.java:506)
	at org.apache.ratis.RaftTestUtil.lambda$waitForLeader$1(RaftTestUtil.java:90)
	at org.apache.ratis.MiniRaftCluster.getLeader(MiniRaftCluster.java:539)
	at org.apache.ratis.MiniRaftCluster.getLeader(MiniRaftCluster.java:532)
	at org.apache.ratis.RaftTestUtil.lambda$waitForLeader$3(RaftTestUtil.java:98)
	at org.apache.ratis.util.JavaUtils.attempt(JavaUtils.java:152)
	at org.apache.ratis.RaftTestUtil.waitForLeader(RaftTestUtil.java:97)
	at org.apache.ratis.RaftTestUtil.waitForLeader(RaftTestUtil.java:77)
	at org.apache.ratis.RaftTestUtil.waitForLeader(RaftTestUtil.java:72)
	at org.apache.ratis.server.impl.RaftReconfigurationBaseTest.runTestKillLeaderDuringReconf(RaftReconfigurationBaseTest.java:353)
	at org.apache.ratis.MiniRaftCluster$Factory$Get.runWithNewCluster(MiniRaftCluster.java:125)
	at org.apache.ratis.MiniRaftCluster$Factory$Get.runWithNewCluster(MiniRaftCluster.java:113)
	at org.apache.ratis.server.impl.RaftReconfigurationBaseTest.testKillLeaderDuringReconf(RaftReconfigurationBaseTest.java:304)
	at sun.reflect.NativeMethodAccessorImpl.invoke0(Native Method)
	at sun.reflect.NativeMethodAccessorImpl.invoke(NativeMethodAccessorImpl.java:62)
	at sun.reflect.DelegatingMethodAccessorImpl.invoke(DelegatingMethodAccessorImpl.java:43)
	at java.lang.reflect.Method.invoke(Method.java:498)
	at org.junit.runners.model.FrameworkMethod$1.runReflectiveCall(FrameworkMethod.java:50)
	at org.junit.internal.runners.model.ReflectiveCallable.run(ReflectiveCallable.java:12)
	at org.junit.runners.model.FrameworkMethod.invokeExplosively(FrameworkMethod.java:47)
	at org.junit.internal.runners.statements.InvokeMethod.evaluate(InvokeMethod.java:17)
	at org.junit.internal.runners.statements.RunAfters.evaluate(RunAfters.java:27)
	at org.junit.internal.runners.statements.FailOnTimeout$CallableStatement.call(FailOnTimeout.java:298)
	at org.junit.internal.runners.statements.FailOnTimeout$CallableStatement.call(FailOnTimeout.java:292)
	at java.util.concurrent.FutureTask.run(FutureTask.java:266)
	at java.lang.Thread.run(Thread.java:748)
2019-09-26 09:46:22,929 INFO  impl.LeaderElection (LeaderElection.java:logAndReturn(56)) - s0@group-808489D4E928-LeaderElection23: Election TIMEOUT; received 0 response(s) [] and 0 exception(s); s0@group-808489D4E928:t120, leader=null, voted=s0, raftlog=s0@group-808489D4E928-SegmentedRaftLog:OPENED:c-1,f-1,i0, conf=-1: [s0:0.0.0.0:42957, s1:0.0.0.0:41030, s2:0.0.0.0:35144], old=null
2019-09-26 09:46:22,943 INFO  impl.LeaderElection (LeaderElection.java:askForVotes(178)) - s0@group-808489D4E928-LeaderElection23: begin an election at term 121 for -1: [s0:0.0.0.0:42957, s1:0.0.0.0:41030, s2:0.0.0.0:35144], old=null
2019-09-26 09:46:23,042 INFO  impl.LeaderElection (LeaderElection.java:logAndReturn(56)) - s1@group-808489D4E928-LeaderElection25: Election TIMEOUT; received 0 response(s) [] and 1 exception(s); s1@group-808489D4E928:t111, leader=null, voted=s1, raftlog=s1@group-808489D4E928-SegmentedRaftLog:OPENED:c0,f0,i0, conf=0: [s0:0.0.0.0:42957, s1:0.0.0.0:41030, s2:0.0.0.0:35144], old=null
2019-09-26 09:46:23,042 INFO  impl.LeaderElection (LogUtils.java:infoOrTrace(149)) -   Exception 0: java.util.concurrent.ExecutionException: org.apache.ratis.thirdparty.io.netty.channel.AbstractChannel$AnnotatedConnectException: Connection refused: /0.0.0.0:35144
2019-09-26 09:46:23,056 INFO  impl.LeaderElection (LeaderElection.java:askForVotes(178)) - s1@group-808489D4E928-LeaderElection25: begin an election at term 112 for 0: [s0:0.0.0.0:42957, s1:0.0.0.0:41030, s2:0.0.0.0:35144], old=null
2019-09-26 09:46:23,058 INFO  impl.LeaderElection (LogUtils.java:infoOrTrace(149)) - s1@group-808489D4E928-LeaderElection25 got exception when requesting votes: java.util.concurrent.ExecutionException: org.apache.ratis.thirdparty.io.netty.channel.AbstractChannel$AnnotatedConnectException: Connection refused: /0.0.0.0:35144
2019-09-26 09:46:23,205 INFO  impl.LeaderElection (LeaderElection.java:logAndReturn(56)) - s0@group-808489D4E928-LeaderElection23: Election TIMEOUT; received 0 response(s) [] and 0 exception(s); s0@group-808489D4E928:t121, leader=null, voted=s0, raftlog=s0@group-808489D4E928-SegmentedRaftLog:OPENED:c-1,f-1,i0, conf=-1: [s0:0.0.0.0:42957, s1:0.0.0.0:41030, s2:0.0.0.0:35144], old=null
2019-09-26 09:46:23,224 INFO  impl.LeaderElection (LeaderElection.java:askForVotes(178)) - s0@group-808489D4E928-LeaderElection23: begin an election at term 122 for -1: [s0:0.0.0.0:42957, s1:0.0.0.0:41030, s2:0.0.0.0:35144], old=null
2019-09-26 09:46:23,330 INFO  impl.LeaderElection (LeaderElection.java:logAndReturn(56)) - s1@group-808489D4E928-LeaderElection25: Election TIMEOUT; received 0 response(s) [] and 1 exception(s); s1@group-808489D4E928:t112, leader=null, voted=s1, raftlog=s1@group-808489D4E928-SegmentedRaftLog:OPENED:c0,f0,i0, conf=0: [s0:0.0.0.0:42957, s1:0.0.0.0:41030, s2:0.0.0.0:35144], old=null
2019-09-26 09:46:23,331 INFO  impl.LeaderElection (LogUtils.java:infoOrTrace(149)) -   Exception 0: java.util.concurrent.ExecutionException: org.apache.ratis.thirdparty.io.netty.channel.AbstractChannel$AnnotatedConnectException: Connection refused: /0.0.0.0:35144
2019-09-26 09:46:23,339 WARN  ratis.RaftTestUtil (JavaUtils.java:attempt(158)) - FAILED "waitForLeader-null-(expectLeader? true)", attempt #60/100: java.lang.IllegalStateException: No leader yet : printing ALL groups
  s3:   CLOSED  FOLLOWER s3@group-808489D4E928:t0, leader=null, voted=null, raftlog=s3@group-808489D4E928-SegmentedRaftLog:CLOSED:c-1, conf=-1: [s0:0.0.0.0:42957, s1:0.0.0.0:41030, s2:0.0.0.0:35144], old=null CLOSED
  s0:  RUNNING CANDIDATE s0@group-808489D4E928:t122, leader=null, voted=s0, raftlog=s0@group-808489D4E928-SegmentedRaftLog:OPENED:c-1,f-1,i0, conf=-1: [s0:0.0.0.0:42957, s1:0.0.0.0:41030, s2:0.0.0.0:35144], old=null RUNNING
  s1:  RUNNING CANDIDATE s1@group-808489D4E928:t113, leader=null, voted=s1, raftlog=s1@group-808489D4E928-SegmentedRaftLog:OPENED:c0,f0,i0, conf=0: [s0:0.0.0.0:42957, s1:0.0.0.0:41030, s2:0.0.0.0:35144], old=null RUNNING
  s2:   CLOSED    LEADER s2@group-808489D4E928:t1, leader=s2, voted=s2, raftlog=s2@group-808489D4E928-SegmentedRaftLog:CLOSED:c0, conf=0: [s0:0.0.0.0:42957, s1:0.0.0.0:41030, s2:0.0.0.0:35144], old=null CLOSED, sleep 450ms and then retry.
java.lang.IllegalStateException: No leader yet : printing ALL groups
  s3:   CLOSED  FOLLOWER s3@group-808489D4E928:t0, leader=null, voted=null, raftlog=s3@group-808489D4E928-SegmentedRaftLog:CLOSED:c-1, conf=-1: [s0:0.0.0.0:42957, s1:0.0.0.0:41030, s2:0.0.0.0:35144], old=null CLOSED
  s0:  RUNNING CANDIDATE s0@group-808489D4E928:t122, leader=null, voted=s0, raftlog=s0@group-808489D4E928-SegmentedRaftLog:OPENED:c-1,f-1,i0, conf=-1: [s0:0.0.0.0:42957, s1:0.0.0.0:41030, s2:0.0.0.0:35144], old=null RUNNING
  s1:  RUNNING CANDIDATE s1@group-808489D4E928:t113, leader=null, voted=s1, raftlog=s1@group-808489D4E928-SegmentedRaftLog:OPENED:c0,f0,i0, conf=0: [s0:0.0.0.0:42957, s1:0.0.0.0:41030, s2:0.0.0.0:35144], old=null RUNNING
  s2:   CLOSED    LEADER s2@group-808489D4E928:t1, leader=s2, voted=s2, raftlog=s2@group-808489D4E928-SegmentedRaftLog:CLOSED:c0, conf=0: [s0:0.0.0.0:42957, s1:0.0.0.0:41030, s2:0.0.0.0:35144], old=null CLOSED
	at org.apache.ratis.MiniRaftCluster.newIllegalStateExceptionForNoLeaders(MiniRaftCluster.java:506)
	at org.apache.ratis.RaftTestUtil.lambda$waitForLeader$1(RaftTestUtil.java:90)
	at org.apache.ratis.MiniRaftCluster.getLeader(MiniRaftCluster.java:539)
	at org.apache.ratis.MiniRaftCluster.getLeader(MiniRaftCluster.java:532)
	at org.apache.ratis.RaftTestUtil.lambda$waitForLeader$3(RaftTestUtil.java:98)
	at org.apache.ratis.util.JavaUtils.attempt(JavaUtils.java:152)
	at org.apache.ratis.RaftTestUtil.waitForLeader(RaftTestUtil.java:97)
	at org.apache.ratis.RaftTestUtil.waitForLeader(RaftTestUtil.java:77)
	at org.apache.ratis.RaftTestUtil.waitForLeader(RaftTestUtil.java:72)
	at org.apache.ratis.server.impl.RaftReconfigurationBaseTest.runTestKillLeaderDuringReconf(RaftReconfigurationBaseTest.java:353)
	at org.apache.ratis.MiniRaftCluster$Factory$Get.runWithNewCluster(MiniRaftCluster.java:125)
	at org.apache.ratis.MiniRaftCluster$Factory$Get.runWithNewCluster(MiniRaftCluster.java:113)
	at org.apache.ratis.server.impl.RaftReconfigurationBaseTest.testKillLeaderDuringReconf(RaftReconfigurationBaseTest.java:304)
	at sun.reflect.NativeMethodAccessorImpl.invoke0(Native Method)
	at sun.reflect.NativeMethodAccessorImpl.invoke(NativeMethodAccessorImpl.java:62)
	at sun.reflect.DelegatingMethodAccessorImpl.invoke(DelegatingMethodAccessorImpl.java:43)
	at java.lang.reflect.Method.invoke(Method.java:498)
	at org.junit.runners.model.FrameworkMethod$1.runReflectiveCall(FrameworkMethod.java:50)
	at org.junit.internal.runners.model.ReflectiveCallable.run(ReflectiveCallable.java:12)
	at org.junit.runners.model.FrameworkMethod.invokeExplosively(FrameworkMethod.java:47)
	at org.junit.internal.runners.statements.InvokeMethod.evaluate(InvokeMethod.java:17)
	at org.junit.internal.runners.statements.RunAfters.evaluate(RunAfters.java:27)
	at org.junit.internal.runners.statements.FailOnTimeout$CallableStatement.call(FailOnTimeout.java:298)
	at org.junit.internal.runners.statements.FailOnTimeout$CallableStatement.call(FailOnTimeout.java:292)
	at java.util.concurrent.FutureTask.run(FutureTask.java:266)
	at java.lang.Thread.run(Thread.java:748)
2019-09-26 09:46:23,344 INFO  impl.LeaderElection (LeaderElection.java:askForVotes(178)) - s1@group-808489D4E928-LeaderElection25: begin an election at term 113 for 0: [s0:0.0.0.0:42957, s1:0.0.0.0:41030, s2:0.0.0.0:35144], old=null
2019-09-26 09:46:23,346 INFO  impl.LeaderElection (LogUtils.java:infoOrTrace(149)) - s1@group-808489D4E928-LeaderElection25 got exception when requesting votes: java.util.concurrent.ExecutionException: org.apache.ratis.thirdparty.io.netty.channel.AbstractChannel$AnnotatedConnectException: Connection refused: /0.0.0.0:35144
2019-09-26 09:46:23,419 INFO  impl.LeaderElection (LeaderElection.java:logAndReturn(56)) - s0@group-808489D4E928-LeaderElection23: Election TIMEOUT; received 0 response(s) [] and 0 exception(s); s0@group-808489D4E928:t122, leader=null, voted=s0, raftlog=s0@group-808489D4E928-SegmentedRaftLog:OPENED:c-1,f-1,i0, conf=-1: [s0:0.0.0.0:42957, s1:0.0.0.0:41030, s2:0.0.0.0:35144], old=null
2019-09-26 09:46:23,432 INFO  impl.LeaderElection (LeaderElection.java:askForVotes(178)) - s0@group-808489D4E928-LeaderElection23: begin an election at term 123 for -1: [s0:0.0.0.0:42957, s1:0.0.0.0:41030, s2:0.0.0.0:35144], old=null
2019-09-26 09:46:23,506 INFO  impl.LeaderElection (LeaderElection.java:logAndReturn(56)) - s1@group-808489D4E928-LeaderElection25: Election TIMEOUT; received 0 response(s) [] and 1 exception(s); s1@group-808489D4E928:t113, leader=null, voted=s1, raftlog=s1@group-808489D4E928-SegmentedRaftLog:OPENED:c0,f0,i0, conf=0: [s0:0.0.0.0:42957, s1:0.0.0.0:41030, s2:0.0.0.0:35144], old=null
2019-09-26 09:46:23,506 INFO  impl.LeaderElection (LogUtils.java:infoOrTrace(149)) -   Exception 0: java.util.concurrent.ExecutionException: org.apache.ratis.thirdparty.io.netty.channel.AbstractChannel$AnnotatedConnectException: Connection refused: /0.0.0.0:35144
2019-09-26 09:46:23,531 INFO  impl.LeaderElection (LeaderElection.java:askForVotes(178)) - s1@group-808489D4E928-LeaderElection25: begin an election at term 114 for 0: [s0:0.0.0.0:42957, s1:0.0.0.0:41030, s2:0.0.0.0:35144], old=null
2019-09-26 09:46:23,533 INFO  impl.LeaderElection (LogUtils.java:infoOrTrace(149)) - s1@group-808489D4E928-LeaderElection25 got exception when requesting votes: java.util.concurrent.ExecutionException: org.apache.ratis.thirdparty.io.netty.channel.AbstractChannel$AnnotatedConnectException: Connection refused: /0.0.0.0:35144
2019-09-26 09:46:23,622 INFO  impl.LeaderElection (LeaderElection.java:logAndReturn(56)) - s0@group-808489D4E928-LeaderElection23: Election TIMEOUT; received 0 response(s) [] and 0 exception(s); s0@group-808489D4E928:t123, leader=null, voted=s0, raftlog=s0@group-808489D4E928-SegmentedRaftLog:OPENED:c-1,f-1,i0, conf=-1: [s0:0.0.0.0:42957, s1:0.0.0.0:41030, s2:0.0.0.0:35144], old=null
2019-09-26 09:46:23,636 INFO  impl.LeaderElection (LeaderElection.java:askForVotes(178)) - s0@group-808489D4E928-LeaderElection23: begin an election at term 124 for -1: [s0:0.0.0.0:42957, s1:0.0.0.0:41030, s2:0.0.0.0:35144], old=null
2019-09-26 09:46:23,733 INFO  impl.LeaderElection (LeaderElection.java:logAndReturn(56)) - s1@group-808489D4E928-LeaderElection25: Election TIMEOUT; received 0 response(s) [] and 1 exception(s); s1@group-808489D4E928:t114, leader=null, voted=s1, raftlog=s1@group-808489D4E928-SegmentedRaftLog:OPENED:c0,f0,i0, conf=0: [s0:0.0.0.0:42957, s1:0.0.0.0:41030, s2:0.0.0.0:35144], old=null
2019-09-26 09:46:23,733 INFO  impl.LeaderElection (LogUtils.java:infoOrTrace(149)) -   Exception 0: java.util.concurrent.ExecutionException: org.apache.ratis.thirdparty.io.netty.channel.AbstractChannel$AnnotatedConnectException: Connection refused: /0.0.0.0:35144
2019-09-26 09:46:23,747 INFO  impl.LeaderElection (LeaderElection.java:askForVotes(178)) - s1@group-808489D4E928-LeaderElection25: begin an election at term 115 for 0: [s0:0.0.0.0:42957, s1:0.0.0.0:41030, s2:0.0.0.0:35144], old=null
2019-09-26 09:46:23,749 INFO  impl.LeaderElection (LogUtils.java:infoOrTrace(149)) - s1@group-808489D4E928-LeaderElection25 got exception when requesting votes: java.util.concurrent.ExecutionException: org.apache.ratis.thirdparty.io.netty.channel.AbstractChannel$AnnotatedConnectException: Connection refused: /0.0.0.0:35144
2019-09-26 09:46:23,790 WARN  ratis.RaftTestUtil (JavaUtils.java:attempt(158)) - FAILED "waitForLeader-null-(expectLeader? true)", attempt #61/100: java.lang.IllegalStateException: No leader yet : printing ALL groups
  s3:   CLOSED  FOLLOWER s3@group-808489D4E928:t0, leader=null, voted=null, raftlog=s3@group-808489D4E928-SegmentedRaftLog:CLOSED:c-1, conf=-1: [s0:0.0.0.0:42957, s1:0.0.0.0:41030, s2:0.0.0.0:35144], old=null CLOSED
  s0:  RUNNING CANDIDATE s0@group-808489D4E928:t124, leader=null, voted=s0, raftlog=s0@group-808489D4E928-SegmentedRaftLog:OPENED:c-1,f-1,i0, conf=-1: [s0:0.0.0.0:42957, s1:0.0.0.0:41030, s2:0.0.0.0:35144], old=null RUNNING
  s1:  RUNNING CANDIDATE s1@group-808489D4E928:t115, leader=null, voted=s1, raftlog=s1@group-808489D4E928-SegmentedRaftLog:OPENED:c0,f0,i0, conf=0: [s0:0.0.0.0:42957, s1:0.0.0.0:41030, s2:0.0.0.0:35144], old=null RUNNING
  s2:   CLOSED    LEADER s2@group-808489D4E928:t1, leader=s2, voted=s2, raftlog=s2@group-808489D4E928-SegmentedRaftLog:CLOSED:c0, conf=0: [s0:0.0.0.0:42957, s1:0.0.0.0:41030, s2:0.0.0.0:35144], old=null CLOSED, sleep 450ms and then retry.
java.lang.IllegalStateException: No leader yet : printing ALL groups
  s3:   CLOSED  FOLLOWER s3@group-808489D4E928:t0, leader=null, voted=null, raftlog=s3@group-808489D4E928-SegmentedRaftLog:CLOSED:c-1, conf=-1: [s0:0.0.0.0:42957, s1:0.0.0.0:41030, s2:0.0.0.0:35144], old=null CLOSED
  s0:  RUNNING CANDIDATE s0@group-808489D4E928:t124, leader=null, voted=s0, raftlog=s0@group-808489D4E928-SegmentedRaftLog:OPENED:c-1,f-1,i0, conf=-1: [s0:0.0.0.0:42957, s1:0.0.0.0:41030, s2:0.0.0.0:35144], old=null RUNNING
  s1:  RUNNING CANDIDATE s1@group-808489D4E928:t115, leader=null, voted=s1, raftlog=s1@group-808489D4E928-SegmentedRaftLog:OPENED:c0,f0,i0, conf=0: [s0:0.0.0.0:42957, s1:0.0.0.0:41030, s2:0.0.0.0:35144], old=null RUNNING
  s2:   CLOSED    LEADER s2@group-808489D4E928:t1, leader=s2, voted=s2, raftlog=s2@group-808489D4E928-SegmentedRaftLog:CLOSED:c0, conf=0: [s0:0.0.0.0:42957, s1:0.0.0.0:41030, s2:0.0.0.0:35144], old=null CLOSED
	at org.apache.ratis.MiniRaftCluster.newIllegalStateExceptionForNoLeaders(MiniRaftCluster.java:506)
	at org.apache.ratis.RaftTestUtil.lambda$waitForLeader$1(RaftTestUtil.java:90)
	at org.apache.ratis.MiniRaftCluster.getLeader(MiniRaftCluster.java:539)
	at org.apache.ratis.MiniRaftCluster.getLeader(MiniRaftCluster.java:532)
	at org.apache.ratis.RaftTestUtil.lambda$waitForLeader$3(RaftTestUtil.java:98)
	at org.apache.ratis.util.JavaUtils.attempt(JavaUtils.java:152)
	at org.apache.ratis.RaftTestUtil.waitForLeader(RaftTestUtil.java:97)
	at org.apache.ratis.RaftTestUtil.waitForLeader(RaftTestUtil.java:77)
	at org.apache.ratis.RaftTestUtil.waitForLeader(RaftTestUtil.java:72)
	at org.apache.ratis.server.impl.RaftReconfigurationBaseTest.runTestKillLeaderDuringReconf(RaftReconfigurationBaseTest.java:353)
	at org.apache.ratis.MiniRaftCluster$Factory$Get.runWithNewCluster(MiniRaftCluster.java:125)
	at org.apache.ratis.MiniRaftCluster$Factory$Get.runWithNewCluster(MiniRaftCluster.java:113)
	at org.apache.ratis.server.impl.RaftReconfigurationBaseTest.testKillLeaderDuringReconf(RaftReconfigurationBaseTest.java:304)
	at sun.reflect.NativeMethodAccessorImpl.invoke0(Native Method)
	at sun.reflect.NativeMethodAccessorImpl.invoke(NativeMethodAccessorImpl.java:62)
	at sun.reflect.DelegatingMethodAccessorImpl.invoke(DelegatingMethodAccessorImpl.java:43)
	at java.lang.reflect.Method.invoke(Method.java:498)
	at org.junit.runners.model.FrameworkMethod$1.runReflectiveCall(FrameworkMethod.java:50)
	at org.junit.internal.runners.model.ReflectiveCallable.run(ReflectiveCallable.java:12)
	at org.junit.runners.model.FrameworkMethod.invokeExplosively(FrameworkMethod.java:47)
	at org.junit.internal.runners.statements.InvokeMethod.evaluate(InvokeMethod.java:17)
	at org.junit.internal.runners.statements.RunAfters.evaluate(RunAfters.java:27)
	at org.junit.internal.runners.statements.FailOnTimeout$CallableStatement.call(FailOnTimeout.java:298)
	at org.junit.internal.runners.statements.FailOnTimeout$CallableStatement.call(FailOnTimeout.java:292)
	at java.util.concurrent.FutureTask.run(FutureTask.java:266)
	at java.lang.Thread.run(Thread.java:748)
2019-09-26 09:46:23,904 INFO  impl.LeaderElection (LeaderElection.java:logAndReturn(56)) - s0@group-808489D4E928-LeaderElection23: Election TIMEOUT; received 0 response(s) [] and 0 exception(s); s0@group-808489D4E928:t124, leader=null, voted=s0, raftlog=s0@group-808489D4E928-SegmentedRaftLog:OPENED:c-1,f-1,i0, conf=-1: [s0:0.0.0.0:42957, s1:0.0.0.0:41030, s2:0.0.0.0:35144], old=null
2019-09-26 09:46:23,919 INFO  impl.LeaderElection (LeaderElection.java:askForVotes(178)) - s0@group-808489D4E928-LeaderElection23: begin an election at term 125 for -1: [s0:0.0.0.0:42957, s1:0.0.0.0:41030, s2:0.0.0.0:35144], old=null
2019-09-26 09:46:23,972 INFO  impl.LeaderElection (LeaderElection.java:logAndReturn(56)) - s1@group-808489D4E928-LeaderElection25: Election TIMEOUT; received 0 response(s) [] and 1 exception(s); s1@group-808489D4E928:t115, leader=null, voted=s1, raftlog=s1@group-808489D4E928-SegmentedRaftLog:OPENED:c0,f0,i0, conf=0: [s0:0.0.0.0:42957, s1:0.0.0.0:41030, s2:0.0.0.0:35144], old=null
2019-09-26 09:46:23,972 INFO  impl.LeaderElection (LogUtils.java:infoOrTrace(149)) -   Exception 0: java.util.concurrent.ExecutionException: org.apache.ratis.thirdparty.io.netty.channel.AbstractChannel$AnnotatedConnectException: Connection refused: /0.0.0.0:35144
2019-09-26 09:46:23,985 INFO  impl.LeaderElection (LeaderElection.java:askForVotes(178)) - s1@group-808489D4E928-LeaderElection25: begin an election at term 116 for 0: [s0:0.0.0.0:42957, s1:0.0.0.0:41030, s2:0.0.0.0:35144], old=null
2019-09-26 09:46:23,988 INFO  impl.LeaderElection (LogUtils.java:infoOrTrace(149)) - s1@group-808489D4E928-LeaderElection25 got exception when requesting votes: java.util.concurrent.ExecutionException: org.apache.ratis.thirdparty.io.netty.channel.AbstractChannel$AnnotatedConnectException: Connection refused: /0.0.0.0:35144
2019-09-26 09:46:24,207 INFO  impl.LeaderElection (LeaderElection.java:logAndReturn(56)) - s0@group-808489D4E928-LeaderElection23: Election TIMEOUT; received 0 response(s) [] and 0 exception(s); s0@group-808489D4E928:t125, leader=null, voted=s0, raftlog=s0@group-808489D4E928-SegmentedRaftLog:OPENED:c-1,f-1,i0, conf=-1: [s0:0.0.0.0:42957, s1:0.0.0.0:41030, s2:0.0.0.0:35144], old=null
2019-09-26 09:46:24,218 INFO  impl.LeaderElection (LeaderElection.java:logAndReturn(56)) - s1@group-808489D4E928-LeaderElection25: Election TIMEOUT; received 0 response(s) [] and 1 exception(s); s1@group-808489D4E928:t116, leader=null, voted=s1, raftlog=s1@group-808489D4E928-SegmentedRaftLog:OPENED:c0,f0,i0, conf=0: [s0:0.0.0.0:42957, s1:0.0.0.0:41030, s2:0.0.0.0:35144], old=null
2019-09-26 09:46:24,218 INFO  impl.LeaderElection (LogUtils.java:infoOrTrace(149)) -   Exception 0: java.util.concurrent.ExecutionException: org.apache.ratis.thirdparty.io.netty.channel.AbstractChannel$AnnotatedConnectException: Connection refused: /0.0.0.0:35144
2019-09-26 09:46:24,223 INFO  impl.LeaderElection (LeaderElection.java:askForVotes(178)) - s1@group-808489D4E928-LeaderElection25: begin an election at term 117 for 0: [s0:0.0.0.0:42957, s1:0.0.0.0:41030, s2:0.0.0.0:35144], old=null
2019-09-26 09:46:24,223 INFO  impl.LeaderElection (LeaderElection.java:askForVotes(178)) - s0@group-808489D4E928-LeaderElection23: begin an election at term 126 for -1: [s0:0.0.0.0:42957, s1:0.0.0.0:41030, s2:0.0.0.0:35144], old=null
2019-09-26 09:46:24,225 INFO  impl.LeaderElection (LogUtils.java:infoOrTrace(149)) - s1@group-808489D4E928-LeaderElection25 got exception when requesting votes: java.util.concurrent.ExecutionException: org.apache.ratis.thirdparty.io.netty.channel.AbstractChannel$AnnotatedConnectException: Connection refused: /0.0.0.0:35144
2019-09-26 09:46:24,241 WARN  ratis.RaftTestUtil (JavaUtils.java:attempt(158)) - FAILED "waitForLeader-null-(expectLeader? true)", attempt #62/100: java.lang.IllegalStateException: No leader yet : printing ALL groups
  s3:   CLOSED  FOLLOWER s3@group-808489D4E928:t0, leader=null, voted=null, raftlog=s3@group-808489D4E928-SegmentedRaftLog:CLOSED:c-1, conf=-1: [s0:0.0.0.0:42957, s1:0.0.0.0:41030, s2:0.0.0.0:35144], old=null CLOSED
  s0:  RUNNING CANDIDATE s0@group-808489D4E928:t126, leader=null, voted=s0, raftlog=s0@group-808489D4E928-SegmentedRaftLog:OPENED:c-1,f-1,i0, conf=-1: [s0:0.0.0.0:42957, s1:0.0.0.0:41030, s2:0.0.0.0:35144], old=null RUNNING
  s1:  RUNNING CANDIDATE s1@group-808489D4E928:t117, leader=null, voted=s1, raftlog=s1@group-808489D4E928-SegmentedRaftLog:OPENED:c0,f0,i0, conf=0: [s0:0.0.0.0:42957, s1:0.0.0.0:41030, s2:0.0.0.0:35144], old=null RUNNING
  s2:   CLOSED    LEADER s2@group-808489D4E928:t1, leader=s2, voted=s2, raftlog=s2@group-808489D4E928-SegmentedRaftLog:CLOSED:c0, conf=0: [s0:0.0.0.0:42957, s1:0.0.0.0:41030, s2:0.0.0.0:35144], old=null CLOSED, sleep 450ms and then retry.
java.lang.IllegalStateException: No leader yet : printing ALL groups
  s3:   CLOSED  FOLLOWER s3@group-808489D4E928:t0, leader=null, voted=null, raftlog=s3@group-808489D4E928-SegmentedRaftLog:CLOSED:c-1, conf=-1: [s0:0.0.0.0:42957, s1:0.0.0.0:41030, s2:0.0.0.0:35144], old=null CLOSED
  s0:  RUNNING CANDIDATE s0@group-808489D4E928:t126, leader=null, voted=s0, raftlog=s0@group-808489D4E928-SegmentedRaftLog:OPENED:c-1,f-1,i0, conf=-1: [s0:0.0.0.0:42957, s1:0.0.0.0:41030, s2:0.0.0.0:35144], old=null RUNNING
  s1:  RUNNING CANDIDATE s1@group-808489D4E928:t117, leader=null, voted=s1, raftlog=s1@group-808489D4E928-SegmentedRaftLog:OPENED:c0,f0,i0, conf=0: [s0:0.0.0.0:42957, s1:0.0.0.0:41030, s2:0.0.0.0:35144], old=null RUNNING
  s2:   CLOSED    LEADER s2@group-808489D4E928:t1, leader=s2, voted=s2, raftlog=s2@group-808489D4E928-SegmentedRaftLog:CLOSED:c0, conf=0: [s0:0.0.0.0:42957, s1:0.0.0.0:41030, s2:0.0.0.0:35144], old=null CLOSED
	at org.apache.ratis.MiniRaftCluster.newIllegalStateExceptionForNoLeaders(MiniRaftCluster.java:506)
	at org.apache.ratis.RaftTestUtil.lambda$waitForLeader$1(RaftTestUtil.java:90)
	at org.apache.ratis.MiniRaftCluster.getLeader(MiniRaftCluster.java:539)
	at org.apache.ratis.MiniRaftCluster.getLeader(MiniRaftCluster.java:532)
	at org.apache.ratis.RaftTestUtil.lambda$waitForLeader$3(RaftTestUtil.java:98)
	at org.apache.ratis.util.JavaUtils.attempt(JavaUtils.java:152)
	at org.apache.ratis.RaftTestUtil.waitForLeader(RaftTestUtil.java:97)
	at org.apache.ratis.RaftTestUtil.waitForLeader(RaftTestUtil.java:77)
	at org.apache.ratis.RaftTestUtil.waitForLeader(RaftTestUtil.java:72)
	at org.apache.ratis.server.impl.RaftReconfigurationBaseTest.runTestKillLeaderDuringReconf(RaftReconfigurationBaseTest.java:353)
	at org.apache.ratis.MiniRaftCluster$Factory$Get.runWithNewCluster(MiniRaftCluster.java:125)
	at org.apache.ratis.MiniRaftCluster$Factory$Get.runWithNewCluster(MiniRaftCluster.java:113)
	at org.apache.ratis.server.impl.RaftReconfigurationBaseTest.testKillLeaderDuringReconf(RaftReconfigurationBaseTest.java:304)
	at sun.reflect.NativeMethodAccessorImpl.invoke0(Native Method)
	at sun.reflect.NativeMethodAccessorImpl.invoke(NativeMethodAccessorImpl.java:62)
	at sun.reflect.DelegatingMethodAccessorImpl.invoke(DelegatingMethodAccessorImpl.java:43)
	at java.lang.reflect.Method.invoke(Method.java:498)
	at org.junit.runners.model.FrameworkMethod$1.runReflectiveCall(FrameworkMethod.java:50)
	at org.junit.internal.runners.model.ReflectiveCallable.run(ReflectiveCallable.java:12)
	at org.junit.runners.model.FrameworkMethod.invokeExplosively(FrameworkMethod.java:47)
	at org.junit.internal.runners.statements.InvokeMethod.evaluate(InvokeMethod.java:17)
	at org.junit.internal.runners.statements.RunAfters.evaluate(RunAfters.java:27)
	at org.junit.internal.runners.statements.FailOnTimeout$CallableStatement.call(FailOnTimeout.java:298)
	at org.junit.internal.runners.statements.FailOnTimeout$CallableStatement.call(FailOnTimeout.java:292)
	at java.util.concurrent.FutureTask.run(FutureTask.java:266)
	at java.lang.Thread.run(Thread.java:748)
2019-09-26 09:46:24,512 INFO  impl.LeaderElection (LeaderElection.java:logAndReturn(56)) - s1@group-808489D4E928-LeaderElection25: Election TIMEOUT; received 0 response(s) [] and 1 exception(s); s1@group-808489D4E928:t117, leader=null, voted=s1, raftlog=s1@group-808489D4E928-SegmentedRaftLog:OPENED:c0,f0,i0, conf=0: [s0:0.0.0.0:42957, s1:0.0.0.0:41030, s2:0.0.0.0:35144], old=null
2019-09-26 09:46:24,512 INFO  impl.LeaderElection (LeaderElection.java:logAndReturn(56)) - s0@group-808489D4E928-LeaderElection23: Election TIMEOUT; received 0 response(s) [] and 0 exception(s); s0@group-808489D4E928:t126, leader=null, voted=s0, raftlog=s0@group-808489D4E928-SegmentedRaftLog:OPENED:c-1,f-1,i0, conf=-1: [s0:0.0.0.0:42957, s1:0.0.0.0:41030, s2:0.0.0.0:35144], old=null
2019-09-26 09:46:24,512 INFO  impl.LeaderElection (LogUtils.java:infoOrTrace(149)) -   Exception 0: java.util.concurrent.ExecutionException: org.apache.ratis.thirdparty.io.netty.channel.AbstractChannel$AnnotatedConnectException: Connection refused: /0.0.0.0:35144
2019-09-26 09:46:24,526 INFO  impl.LeaderElection (LeaderElection.java:askForVotes(178)) - s1@group-808489D4E928-LeaderElection25: begin an election at term 118 for 0: [s0:0.0.0.0:42957, s1:0.0.0.0:41030, s2:0.0.0.0:35144], old=null
2019-09-26 09:46:24,526 INFO  impl.LeaderElection (LeaderElection.java:askForVotes(178)) - s0@group-808489D4E928-LeaderElection23: begin an election at term 127 for -1: [s0:0.0.0.0:42957, s1:0.0.0.0:41030, s2:0.0.0.0:35144], old=null
2019-09-26 09:46:24,529 INFO  impl.LeaderElection (LogUtils.java:infoOrTrace(149)) - s1@group-808489D4E928-LeaderElection25 got exception when requesting votes: java.util.concurrent.ExecutionException: org.apache.ratis.thirdparty.io.netty.channel.AbstractChannel$AnnotatedConnectException: Connection refused: /0.0.0.0:35144
2019-09-26 09:46:24,692 WARN  ratis.RaftTestUtil (JavaUtils.java:attempt(158)) - FAILED "waitForLeader-null-(expectLeader? true)", attempt #63/100: java.lang.IllegalStateException: No leader yet : printing ALL groups
  s3:   CLOSED  FOLLOWER s3@group-808489D4E928:t0, leader=null, voted=null, raftlog=s3@group-808489D4E928-SegmentedRaftLog:CLOSED:c-1, conf=-1: [s0:0.0.0.0:42957, s1:0.0.0.0:41030, s2:0.0.0.0:35144], old=null CLOSED
  s0:  RUNNING CANDIDATE s0@group-808489D4E928:t127, leader=null, voted=s0, raftlog=s0@group-808489D4E928-SegmentedRaftLog:OPENED:c-1,f-1,i0, conf=-1: [s0:0.0.0.0:42957, s1:0.0.0.0:41030, s2:0.0.0.0:35144], old=null RUNNING
  s1:  RUNNING CANDIDATE s1@group-808489D4E928:t118, leader=null, voted=s1, raftlog=s1@group-808489D4E928-SegmentedRaftLog:OPENED:c0,f0,i0, conf=0: [s0:0.0.0.0:42957, s1:0.0.0.0:41030, s2:0.0.0.0:35144], old=null RUNNING
  s2:   CLOSED    LEADER s2@group-808489D4E928:t1, leader=s2, voted=s2, raftlog=s2@group-808489D4E928-SegmentedRaftLog:CLOSED:c0, conf=0: [s0:0.0.0.0:42957, s1:0.0.0.0:41030, s2:0.0.0.0:35144], old=null CLOSED, sleep 450ms and then retry.
java.lang.IllegalStateException: No leader yet : printing ALL groups
  s3:   CLOSED  FOLLOWER s3@group-808489D4E928:t0, leader=null, voted=null, raftlog=s3@group-808489D4E928-SegmentedRaftLog:CLOSED:c-1, conf=-1: [s0:0.0.0.0:42957, s1:0.0.0.0:41030, s2:0.0.0.0:35144], old=null CLOSED
  s0:  RUNNING CANDIDATE s0@group-808489D4E928:t127, leader=null, voted=s0, raftlog=s0@group-808489D4E928-SegmentedRaftLog:OPENED:c-1,f-1,i0, conf=-1: [s0:0.0.0.0:42957, s1:0.0.0.0:41030, s2:0.0.0.0:35144], old=null RUNNING
  s1:  RUNNING CANDIDATE s1@group-808489D4E928:t118, leader=null, voted=s1, raftlog=s1@group-808489D4E928-SegmentedRaftLog:OPENED:c0,f0,i0, conf=0: [s0:0.0.0.0:42957, s1:0.0.0.0:41030, s2:0.0.0.0:35144], old=null RUNNING
  s2:   CLOSED    LEADER s2@group-808489D4E928:t1, leader=s2, voted=s2, raftlog=s2@group-808489D4E928-SegmentedRaftLog:CLOSED:c0, conf=0: [s0:0.0.0.0:42957, s1:0.0.0.0:41030, s2:0.0.0.0:35144], old=null CLOSED
	at org.apache.ratis.MiniRaftCluster.newIllegalStateExceptionForNoLeaders(MiniRaftCluster.java:506)
	at org.apache.ratis.RaftTestUtil.lambda$waitForLeader$1(RaftTestUtil.java:90)
	at org.apache.ratis.MiniRaftCluster.getLeader(MiniRaftCluster.java:539)
	at org.apache.ratis.MiniRaftCluster.getLeader(MiniRaftCluster.java:532)
	at org.apache.ratis.RaftTestUtil.lambda$waitForLeader$3(RaftTestUtil.java:98)
	at org.apache.ratis.util.JavaUtils.attempt(JavaUtils.java:152)
	at org.apache.ratis.RaftTestUtil.waitForLeader(RaftTestUtil.java:97)
	at org.apache.ratis.RaftTestUtil.waitForLeader(RaftTestUtil.java:77)
	at org.apache.ratis.RaftTestUtil.waitForLeader(RaftTestUtil.java:72)
	at org.apache.ratis.server.impl.RaftReconfigurationBaseTest.runTestKillLeaderDuringReconf(RaftReconfigurationBaseTest.java:353)
	at org.apache.ratis.MiniRaftCluster$Factory$Get.runWithNewCluster(MiniRaftCluster.java:125)
	at org.apache.ratis.MiniRaftCluster$Factory$Get.runWithNewCluster(MiniRaftCluster.java:113)
	at org.apache.ratis.server.impl.RaftReconfigurationBaseTest.testKillLeaderDuringReconf(RaftReconfigurationBaseTest.java:304)
	at sun.reflect.NativeMethodAccessorImpl.invoke0(Native Method)
	at sun.reflect.NativeMethodAccessorImpl.invoke(NativeMethodAccessorImpl.java:62)
	at sun.reflect.DelegatingMethodAccessorImpl.invoke(DelegatingMethodAccessorImpl.java:43)
	at java.lang.reflect.Method.invoke(Method.java:498)
	at org.junit.runners.model.FrameworkMethod$1.runReflectiveCall(FrameworkMethod.java:50)
	at org.junit.internal.runners.model.ReflectiveCallable.run(ReflectiveCallable.java:12)
	at org.junit.runners.model.FrameworkMethod.invokeExplosively(FrameworkMethod.java:47)
	at org.junit.internal.runners.statements.InvokeMethod.evaluate(InvokeMethod.java:17)
	at org.junit.internal.runners.statements.RunAfters.evaluate(RunAfters.java:27)
	at org.junit.internal.runners.statements.FailOnTimeout$CallableStatement.call(FailOnTimeout.java:298)
	at org.junit.internal.runners.statements.FailOnTimeout$CallableStatement.call(FailOnTimeout.java:292)
	at java.util.concurrent.FutureTask.run(FutureTask.java:266)
	at java.lang.Thread.run(Thread.java:748)
2019-09-26 09:46:24,723 INFO  impl.LeaderElection (LeaderElection.java:logAndReturn(56)) - s1@group-808489D4E928-LeaderElection25: Election TIMEOUT; received 0 response(s) [] and 1 exception(s); s1@group-808489D4E928:t118, leader=null, voted=s1, raftlog=s1@group-808489D4E928-SegmentedRaftLog:OPENED:c0,f0,i0, conf=0: [s0:0.0.0.0:42957, s1:0.0.0.0:41030, s2:0.0.0.0:35144], old=null
2019-09-26 09:46:24,723 INFO  impl.LeaderElection (LogUtils.java:infoOrTrace(149)) -   Exception 0: java.util.concurrent.ExecutionException: org.apache.ratis.thirdparty.io.netty.channel.AbstractChannel$AnnotatedConnectException: Connection refused: /0.0.0.0:35144
2019-09-26 09:46:24,736 INFO  impl.LeaderElection (LeaderElection.java:askForVotes(178)) - s1@group-808489D4E928-LeaderElection25: begin an election at term 119 for 0: [s0:0.0.0.0:42957, s1:0.0.0.0:41030, s2:0.0.0.0:35144], old=null
2019-09-26 09:46:24,738 INFO  impl.LeaderElection (LogUtils.java:infoOrTrace(149)) - s1@group-808489D4E928-LeaderElection25 got exception when requesting votes: java.util.concurrent.ExecutionException: org.apache.ratis.thirdparty.io.netty.channel.AbstractChannel$AnnotatedConnectException: Connection refused: /0.0.0.0:35144
2019-09-26 09:46:24,739 INFO  impl.LeaderElection (LeaderElection.java:logAndReturn(56)) - s0@group-808489D4E928-LeaderElection23: Election TIMEOUT; received 0 response(s) [] and 0 exception(s); s0@group-808489D4E928:t127, leader=null, voted=s0, raftlog=s0@group-808489D4E928-SegmentedRaftLog:OPENED:c-1,f-1,i0, conf=-1: [s0:0.0.0.0:42957, s1:0.0.0.0:41030, s2:0.0.0.0:35144], old=null
2019-09-26 09:46:24,752 INFO  impl.LeaderElection (LeaderElection.java:askForVotes(178)) - s0@group-808489D4E928-LeaderElection23: begin an election at term 128 for -1: [s0:0.0.0.0:42957, s1:0.0.0.0:41030, s2:0.0.0.0:35144], old=null
2019-09-26 09:46:24,916 INFO  impl.LeaderElection (LeaderElection.java:logAndReturn(56)) - s0@group-808489D4E928-LeaderElection23: Election TIMEOUT; received 0 response(s) [] and 0 exception(s); s0@group-808489D4E928:t128, leader=null, voted=s0, raftlog=s0@group-808489D4E928-SegmentedRaftLog:OPENED:c-1,f-1,i0, conf=-1: [s0:0.0.0.0:42957, s1:0.0.0.0:41030, s2:0.0.0.0:35144], old=null
2019-09-26 09:46:24,929 INFO  impl.LeaderElection (LeaderElection.java:askForVotes(178)) - s0@group-808489D4E928-LeaderElection23: begin an election at term 129 for -1: [s0:0.0.0.0:42957, s1:0.0.0.0:41030, s2:0.0.0.0:35144], old=null
2019-09-26 09:46:24,964 INFO  impl.LeaderElection (LeaderElection.java:logAndReturn(56)) - s1@group-808489D4E928-LeaderElection25: Election TIMEOUT; received 0 response(s) [] and 1 exception(s); s1@group-808489D4E928:t119, leader=null, voted=s1, raftlog=s1@group-808489D4E928-SegmentedRaftLog:OPENED:c0,f0,i0, conf=0: [s0:0.0.0.0:42957, s1:0.0.0.0:41030, s2:0.0.0.0:35144], old=null
2019-09-26 09:46:24,965 INFO  impl.LeaderElection (LogUtils.java:infoOrTrace(149)) -   Exception 0: java.util.concurrent.ExecutionException: org.apache.ratis.thirdparty.io.netty.channel.AbstractChannel$AnnotatedConnectException: Connection refused: /0.0.0.0:35144
2019-09-26 09:46:24,978 INFO  impl.LeaderElection (LeaderElection.java:askForVotes(178)) - s1@group-808489D4E928-LeaderElection25: begin an election at term 120 for 0: [s0:0.0.0.0:42957, s1:0.0.0.0:41030, s2:0.0.0.0:35144], old=null
2019-09-26 09:46:24,980 INFO  impl.LeaderElection (LogUtils.java:infoOrTrace(149)) - s1@group-808489D4E928-LeaderElection25 got exception when requesting votes: java.util.concurrent.ExecutionException: org.apache.ratis.thirdparty.io.netty.channel.AbstractChannel$AnnotatedConnectException: Connection refused: /0.0.0.0:35144
2019-09-26 09:46:25,076 INFO  ratis.MiniRaftCluster (MiniRaftCluster.java:lambda$null$5(297)) - TIMED-PRINT: printing ALL groups
  s3:   CLOSED  FOLLOWER s3@group-808489D4E928:t0, leader=null, voted=null, raftlog=s3@group-808489D4E928-SegmentedRaftLog:CLOSED:c-1, conf=-1: [s0:0.0.0.0:42957, s1:0.0.0.0:41030, s2:0.0.0.0:35144], old=null CLOSED
  s0:  RUNNING CANDIDATE s0@group-808489D4E928:t129, leader=null, voted=s0, raftlog=s0@group-808489D4E928-SegmentedRaftLog:OPENED:c-1,f-1,i0, conf=-1: [s0:0.0.0.0:42957, s1:0.0.0.0:41030, s2:0.0.0.0:35144], old=null RUNNING
  s1:  RUNNING CANDIDATE s1@group-808489D4E928:t120, leader=null, voted=s1, raftlog=s1@group-808489D4E928-SegmentedRaftLog:OPENED:c0,f0,i0, conf=0: [s0:0.0.0.0:42957, s1:0.0.0.0:41030, s2:0.0.0.0:35144], old=null RUNNING
  s2:   CLOSED    LEADER s2@group-808489D4E928:t1, leader=s2, voted=s2, raftlog=s2@group-808489D4E928-SegmentedRaftLog:CLOSED:c0, conf=0: [s0:0.0.0.0:42957, s1:0.0.0.0:41030, s2:0.0.0.0:35144], old=null CLOSED
2019-09-26 09:46:25,143 WARN  ratis.RaftTestUtil (JavaUtils.java:attempt(158)) - FAILED "waitForLeader-null-(expectLeader? true)", attempt #64/100: java.lang.IllegalStateException: No leader yet : printing ALL groups
  s3:   CLOSED  FOLLOWER s3@group-808489D4E928:t0, leader=null, voted=null, raftlog=s3@group-808489D4E928-SegmentedRaftLog:CLOSED:c-1, conf=-1: [s0:0.0.0.0:42957, s1:0.0.0.0:41030, s2:0.0.0.0:35144], old=null CLOSED
  s0:  RUNNING CANDIDATE s0@group-808489D4E928:t129, leader=null, voted=s0, raftlog=s0@group-808489D4E928-SegmentedRaftLog:OPENED:c-1,f-1,i0, conf=-1: [s0:0.0.0.0:42957, s1:0.0.0.0:41030, s2:0.0.0.0:35144], old=null RUNNING
  s1:  RUNNING CANDIDATE s1@group-808489D4E928:t120, leader=null, voted=s1, raftlog=s1@group-808489D4E928-SegmentedRaftLog:OPENED:c0,f0,i0, conf=0: [s0:0.0.0.0:42957, s1:0.0.0.0:41030, s2:0.0.0.0:35144], old=null RUNNING
  s2:   CLOSED    LEADER s2@group-808489D4E928:t1, leader=s2, voted=s2, raftlog=s2@group-808489D4E928-SegmentedRaftLog:CLOSED:c0, conf=0: [s0:0.0.0.0:42957, s1:0.0.0.0:41030, s2:0.0.0.0:35144], old=null CLOSED, sleep 450ms and then retry.
java.lang.IllegalStateException: No leader yet : printing ALL groups
  s3:   CLOSED  FOLLOWER s3@group-808489D4E928:t0, leader=null, voted=null, raftlog=s3@group-808489D4E928-SegmentedRaftLog:CLOSED:c-1, conf=-1: [s0:0.0.0.0:42957, s1:0.0.0.0:41030, s2:0.0.0.0:35144], old=null CLOSED
  s0:  RUNNING CANDIDATE s0@group-808489D4E928:t129, leader=null, voted=s0, raftlog=s0@group-808489D4E928-SegmentedRaftLog:OPENED:c-1,f-1,i0, conf=-1: [s0:0.0.0.0:42957, s1:0.0.0.0:41030, s2:0.0.0.0:35144], old=null RUNNING
  s1:  RUNNING CANDIDATE s1@group-808489D4E928:t120, leader=null, voted=s1, raftlog=s1@group-808489D4E928-SegmentedRaftLog:OPENED:c0,f0,i0, conf=0: [s0:0.0.0.0:42957, s1:0.0.0.0:41030, s2:0.0.0.0:35144], old=null RUNNING
  s2:   CLOSED    LEADER s2@group-808489D4E928:t1, leader=s2, voted=s2, raftlog=s2@group-808489D4E928-SegmentedRaftLog:CLOSED:c0, conf=0: [s0:0.0.0.0:42957, s1:0.0.0.0:41030, s2:0.0.0.0:35144], old=null CLOSED
	at org.apache.ratis.MiniRaftCluster.newIllegalStateExceptionForNoLeaders(MiniRaftCluster.java:506)
	at org.apache.ratis.RaftTestUtil.lambda$waitForLeader$1(RaftTestUtil.java:90)
	at org.apache.ratis.MiniRaftCluster.getLeader(MiniRaftCluster.java:539)
	at org.apache.ratis.MiniRaftCluster.getLeader(MiniRaftCluster.java:532)
	at org.apache.ratis.RaftTestUtil.lambda$waitForLeader$3(RaftTestUtil.java:98)
	at org.apache.ratis.util.JavaUtils.attempt(JavaUtils.java:152)
	at org.apache.ratis.RaftTestUtil.waitForLeader(RaftTestUtil.java:97)
	at org.apache.ratis.RaftTestUtil.waitForLeader(RaftTestUtil.java:77)
	at org.apache.ratis.RaftTestUtil.waitForLeader(RaftTestUtil.java:72)
	at org.apache.ratis.server.impl.RaftReconfigurationBaseTest.runTestKillLeaderDuringReconf(RaftReconfigurationBaseTest.java:353)
	at org.apache.ratis.MiniRaftCluster$Factory$Get.runWithNewCluster(MiniRaftCluster.java:125)
	at org.apache.ratis.MiniRaftCluster$Factory$Get.runWithNewCluster(MiniRaftCluster.java:113)
	at org.apache.ratis.server.impl.RaftReconfigurationBaseTest.testKillLeaderDuringReconf(RaftReconfigurationBaseTest.java:304)
	at sun.reflect.NativeMethodAccessorImpl.invoke0(Native Method)
	at sun.reflect.NativeMethodAccessorImpl.invoke(NativeMethodAccessorImpl.java:62)
	at sun.reflect.DelegatingMethodAccessorImpl.invoke(DelegatingMethodAccessorImpl.java:43)
	at java.lang.reflect.Method.invoke(Method.java:498)
	at org.junit.runners.model.FrameworkMethod$1.runReflectiveCall(FrameworkMethod.java:50)
	at org.junit.internal.runners.model.ReflectiveCallable.run(ReflectiveCallable.java:12)
	at org.junit.runners.model.FrameworkMethod.invokeExplosively(FrameworkMethod.java:47)
	at org.junit.internal.runners.statements.InvokeMethod.evaluate(InvokeMethod.java:17)
	at org.junit.internal.runners.statements.RunAfters.evaluate(RunAfters.java:27)
	at org.junit.internal.runners.statements.FailOnTimeout$CallableStatement.call(FailOnTimeout.java:298)
	at org.junit.internal.runners.statements.FailOnTimeout$CallableStatement.call(FailOnTimeout.java:292)
	at java.util.concurrent.FutureTask.run(FutureTask.java:266)
	at java.lang.Thread.run(Thread.java:748)
2019-09-26 09:46:25,189 INFO  impl.LeaderElection (LeaderElection.java:logAndReturn(56)) - s1@group-808489D4E928-LeaderElection25: Election TIMEOUT; received 0 response(s) [] and 1 exception(s); s1@group-808489D4E928:t120, leader=null, voted=s1, raftlog=s1@group-808489D4E928-SegmentedRaftLog:OPENED:c0,f0,i0, conf=0: [s0:0.0.0.0:42957, s1:0.0.0.0:41030, s2:0.0.0.0:35144], old=null
2019-09-26 09:46:25,189 INFO  impl.LeaderElection (LogUtils.java:infoOrTrace(149)) -   Exception 0: java.util.concurrent.ExecutionException: org.apache.ratis.thirdparty.io.netty.channel.AbstractChannel$AnnotatedConnectException: Connection refused: /0.0.0.0:35144
2019-09-26 09:46:25,202 INFO  impl.LeaderElection (LeaderElection.java:askForVotes(178)) - s1@group-808489D4E928-LeaderElection25: begin an election at term 121 for 0: [s0:0.0.0.0:42957, s1:0.0.0.0:41030, s2:0.0.0.0:35144], old=null
2019-09-26 09:46:25,204 INFO  impl.LeaderElection (LogUtils.java:infoOrTrace(149)) - s1@group-808489D4E928-LeaderElection25 got exception when requesting votes: java.util.concurrent.ExecutionException: org.apache.ratis.thirdparty.io.netty.channel.AbstractChannel$AnnotatedConnectException: Connection refused: /0.0.0.0:35144
2019-09-26 09:46:25,211 INFO  impl.LeaderElection (LeaderElection.java:logAndReturn(56)) - s0@group-808489D4E928-LeaderElection23: Election TIMEOUT; received 0 response(s) [] and 0 exception(s); s0@group-808489D4E928:t129, leader=null, voted=s0, raftlog=s0@group-808489D4E928-SegmentedRaftLog:OPENED:c-1,f-1,i0, conf=-1: [s0:0.0.0.0:42957, s1:0.0.0.0:41030, s2:0.0.0.0:35144], old=null
2019-09-26 09:46:25,225 INFO  impl.LeaderElection (LeaderElection.java:askForVotes(178)) - s0@group-808489D4E928-LeaderElection23: begin an election at term 130 for -1: [s0:0.0.0.0:42957, s1:0.0.0.0:41030, s2:0.0.0.0:35144], old=null
2019-09-26 09:46:25,405 INFO  impl.LeaderElection (LeaderElection.java:logAndReturn(56)) - s0@group-808489D4E928-LeaderElection23: Election TIMEOUT; received 0 response(s) [] and 0 exception(s); s0@group-808489D4E928:t130, leader=null, voted=s0, raftlog=s0@group-808489D4E928-SegmentedRaftLog:OPENED:c-1,f-1,i0, conf=-1: [s0:0.0.0.0:42957, s1:0.0.0.0:41030, s2:0.0.0.0:35144], old=null
2019-09-26 09:46:25,418 INFO  impl.LeaderElection (LeaderElection.java:askForVotes(178)) - s0@group-808489D4E928-LeaderElection23: begin an election at term 131 for -1: [s0:0.0.0.0:42957, s1:0.0.0.0:41030, s2:0.0.0.0:35144], old=null
2019-09-26 09:46:25,439 INFO  impl.LeaderElection (LeaderElection.java:logAndReturn(56)) - s1@group-808489D4E928-LeaderElection25: Election TIMEOUT; received 0 response(s) [] and 1 exception(s); s1@group-808489D4E928:t121, leader=null, voted=s1, raftlog=s1@group-808489D4E928-SegmentedRaftLog:OPENED:c0,f0,i0, conf=0: [s0:0.0.0.0:42957, s1:0.0.0.0:41030, s2:0.0.0.0:35144], old=null
2019-09-26 09:46:25,439 INFO  impl.LeaderElection (LogUtils.java:infoOrTrace(149)) -   Exception 0: java.util.concurrent.ExecutionException: org.apache.ratis.thirdparty.io.netty.channel.AbstractChannel$AnnotatedConnectException: Connection refused: /0.0.0.0:35144
2019-09-26 09:46:25,452 INFO  impl.LeaderElection (LeaderElection.java:askForVotes(178)) - s1@group-808489D4E928-LeaderElection25: begin an election at term 122 for 0: [s0:0.0.0.0:42957, s1:0.0.0.0:41030, s2:0.0.0.0:35144], old=null
2019-09-26 09:46:25,455 INFO  impl.LeaderElection (LogUtils.java:infoOrTrace(149)) - s1@group-808489D4E928-LeaderElection25 got exception when requesting votes: java.util.concurrent.ExecutionException: org.apache.ratis.thirdparty.io.netty.channel.AbstractChannel$AnnotatedConnectException: Connection refused: /0.0.0.0:35144
2019-09-26 09:46:25,584 INFO  impl.LeaderElection (LeaderElection.java:logAndReturn(56)) - s0@group-808489D4E928-LeaderElection23: Election TIMEOUT; received 0 response(s) [] and 0 exception(s); s0@group-808489D4E928:t131, leader=null, voted=s0, raftlog=s0@group-808489D4E928-SegmentedRaftLog:OPENED:c-1,f-1,i0, conf=-1: [s0:0.0.0.0:42957, s1:0.0.0.0:41030, s2:0.0.0.0:35144], old=null
2019-09-26 09:46:25,594 WARN  ratis.RaftTestUtil (JavaUtils.java:attempt(158)) - FAILED "waitForLeader-null-(expectLeader? true)", attempt #65/100: java.lang.IllegalStateException: No leader yet : printing ALL groups
  s3:   CLOSED  FOLLOWER s3@group-808489D4E928:t0, leader=null, voted=null, raftlog=s3@group-808489D4E928-SegmentedRaftLog:CLOSED:c-1, conf=-1: [s0:0.0.0.0:42957, s1:0.0.0.0:41030, s2:0.0.0.0:35144], old=null CLOSED
  s0:  RUNNING CANDIDATE s0@group-808489D4E928:t132, leader=null, voted=s0, raftlog=s0@group-808489D4E928-SegmentedRaftLog:OPENED:c-1,f-1,i0, conf=-1: [s0:0.0.0.0:42957, s1:0.0.0.0:41030, s2:0.0.0.0:35144], old=null RUNNING
  s1:  RUNNING CANDIDATE s1@group-808489D4E928:t122, leader=null, voted=s1, raftlog=s1@group-808489D4E928-SegmentedRaftLog:OPENED:c0,f0,i0, conf=0: [s0:0.0.0.0:42957, s1:0.0.0.0:41030, s2:0.0.0.0:35144], old=null RUNNING
  s2:   CLOSED    LEADER s2@group-808489D4E928:t1, leader=s2, voted=s2, raftlog=s2@group-808489D4E928-SegmentedRaftLog:CLOSED:c0, conf=0: [s0:0.0.0.0:42957, s1:0.0.0.0:41030, s2:0.0.0.0:35144], old=null CLOSED, sleep 450ms and then retry.
java.lang.IllegalStateException: No leader yet : printing ALL groups
  s3:   CLOSED  FOLLOWER s3@group-808489D4E928:t0, leader=null, voted=null, raftlog=s3@group-808489D4E928-SegmentedRaftLog:CLOSED:c-1, conf=-1: [s0:0.0.0.0:42957, s1:0.0.0.0:41030, s2:0.0.0.0:35144], old=null CLOSED
  s0:  RUNNING CANDIDATE s0@group-808489D4E928:t132, leader=null, voted=s0, raftlog=s0@group-808489D4E928-SegmentedRaftLog:OPENED:c-1,f-1,i0, conf=-1: [s0:0.0.0.0:42957, s1:0.0.0.0:41030, s2:0.0.0.0:35144], old=null RUNNING
  s1:  RUNNING CANDIDATE s1@group-808489D4E928:t122, leader=null, voted=s1, raftlog=s1@group-808489D4E928-SegmentedRaftLog:OPENED:c0,f0,i0, conf=0: [s0:0.0.0.0:42957, s1:0.0.0.0:41030, s2:0.0.0.0:35144], old=null RUNNING
  s2:   CLOSED    LEADER s2@group-808489D4E928:t1, leader=s2, voted=s2, raftlog=s2@group-808489D4E928-SegmentedRaftLog:CLOSED:c0, conf=0: [s0:0.0.0.0:42957, s1:0.0.0.0:41030, s2:0.0.0.0:35144], old=null CLOSED
	at org.apache.ratis.MiniRaftCluster.newIllegalStateExceptionForNoLeaders(MiniRaftCluster.java:506)
	at org.apache.ratis.RaftTestUtil.lambda$waitForLeader$1(RaftTestUtil.java:90)
	at org.apache.ratis.MiniRaftCluster.getLeader(MiniRaftCluster.java:539)
	at org.apache.ratis.MiniRaftCluster.getLeader(MiniRaftCluster.java:532)
	at org.apache.ratis.RaftTestUtil.lambda$waitForLeader$3(RaftTestUtil.java:98)
	at org.apache.ratis.util.JavaUtils.attempt(JavaUtils.java:152)
	at org.apache.ratis.RaftTestUtil.waitForLeader(RaftTestUtil.java:97)
	at org.apache.ratis.RaftTestUtil.waitForLeader(RaftTestUtil.java:77)
	at org.apache.ratis.RaftTestUtil.waitForLeader(RaftTestUtil.java:72)
	at org.apache.ratis.server.impl.RaftReconfigurationBaseTest.runTestKillLeaderDuringReconf(RaftReconfigurationBaseTest.java:353)
	at org.apache.ratis.MiniRaftCluster$Factory$Get.runWithNewCluster(MiniRaftCluster.java:125)
	at org.apache.ratis.MiniRaftCluster$Factory$Get.runWithNewCluster(MiniRaftCluster.java:113)
	at org.apache.ratis.server.impl.RaftReconfigurationBaseTest.testKillLeaderDuringReconf(RaftReconfigurationBaseTest.java:304)
	at sun.reflect.NativeMethodAccessorImpl.invoke0(Native Method)
	at sun.reflect.NativeMethodAccessorImpl.invoke(NativeMethodAccessorImpl.java:62)
	at sun.reflect.DelegatingMethodAccessorImpl.invoke(DelegatingMethodAccessorImpl.java:43)
	at java.lang.reflect.Method.invoke(Method.java:498)
	at org.junit.runners.model.FrameworkMethod$1.runReflectiveCall(FrameworkMethod.java:50)
	at org.junit.internal.runners.model.ReflectiveCallable.run(ReflectiveCallable.java:12)
	at org.junit.runners.model.FrameworkMethod.invokeExplosively(FrameworkMethod.java:47)
	at org.junit.internal.runners.statements.InvokeMethod.evaluate(InvokeMethod.java:17)
	at org.junit.internal.runners.statements.RunAfters.evaluate(RunAfters.java:27)
	at org.junit.internal.runners.statements.FailOnTimeout$CallableStatement.call(FailOnTimeout.java:298)
	at org.junit.internal.runners.statements.FailOnTimeout$CallableStatement.call(FailOnTimeout.java:292)
	at java.util.concurrent.FutureTask.run(FutureTask.java:266)
	at java.lang.Thread.run(Thread.java:748)
2019-09-26 09:46:25,598 INFO  impl.LeaderElection (LeaderElection.java:askForVotes(178)) - s0@group-808489D4E928-LeaderElection23: begin an election at term 132 for -1: [s0:0.0.0.0:42957, s1:0.0.0.0:41030, s2:0.0.0.0:35144], old=null
2019-09-26 09:46:25,683 INFO  impl.LeaderElection (LeaderElection.java:logAndReturn(56)) - s1@group-808489D4E928-LeaderElection25: Election TIMEOUT; received 0 response(s) [] and 1 exception(s); s1@group-808489D4E928:t122, leader=null, voted=s1, raftlog=s1@group-808489D4E928-SegmentedRaftLog:OPENED:c0,f0,i0, conf=0: [s0:0.0.0.0:42957, s1:0.0.0.0:41030, s2:0.0.0.0:35144], old=null
2019-09-26 09:46:25,683 INFO  impl.LeaderElection (LogUtils.java:infoOrTrace(149)) -   Exception 0: java.util.concurrent.ExecutionException: org.apache.ratis.thirdparty.io.netty.channel.AbstractChannel$AnnotatedConnectException: Connection refused: /0.0.0.0:35144
2019-09-26 09:46:25,697 INFO  impl.LeaderElection (LeaderElection.java:askForVotes(178)) - s1@group-808489D4E928-LeaderElection25: begin an election at term 123 for 0: [s0:0.0.0.0:42957, s1:0.0.0.0:41030, s2:0.0.0.0:35144], old=null
2019-09-26 09:46:25,699 INFO  impl.LeaderElection (LogUtils.java:infoOrTrace(149)) - s1@group-808489D4E928-LeaderElection25 got exception when requesting votes: java.util.concurrent.ExecutionException: org.apache.ratis.thirdparty.io.netty.channel.AbstractChannel$AnnotatedConnectException: Connection refused: /0.0.0.0:35144
2019-09-26 09:46:25,842 INFO  impl.LeaderElection (LeaderElection.java:logAndReturn(56)) - s0@group-808489D4E928-LeaderElection23: Election TIMEOUT; received 0 response(s) [] and 0 exception(s); s0@group-808489D4E928:t132, leader=null, voted=s0, raftlog=s0@group-808489D4E928-SegmentedRaftLog:OPENED:c-1,f-1,i0, conf=-1: [s0:0.0.0.0:42957, s1:0.0.0.0:41030, s2:0.0.0.0:35144], old=null
2019-09-26 09:46:25,855 INFO  impl.LeaderElection (LeaderElection.java:askForVotes(178)) - s0@group-808489D4E928-LeaderElection23: begin an election at term 133 for -1: [s0:0.0.0.0:42957, s1:0.0.0.0:41030, s2:0.0.0.0:35144], old=null
2019-09-26 09:46:25,860 INFO  impl.LeaderElection (LeaderElection.java:logAndReturn(56)) - s1@group-808489D4E928-LeaderElection25: Election TIMEOUT; received 0 response(s) [] and 1 exception(s); s1@group-808489D4E928:t123, leader=null, voted=s1, raftlog=s1@group-808489D4E928-SegmentedRaftLog:OPENED:c0,f0,i0, conf=0: [s0:0.0.0.0:42957, s1:0.0.0.0:41030, s2:0.0.0.0:35144], old=null
2019-09-26 09:46:25,860 INFO  impl.LeaderElection (LogUtils.java:infoOrTrace(149)) -   Exception 0: java.util.concurrent.ExecutionException: org.apache.ratis.thirdparty.io.netty.channel.AbstractChannel$AnnotatedConnectException: Connection refused: /0.0.0.0:35144
2019-09-26 09:46:25,873 INFO  impl.LeaderElection (LeaderElection.java:askForVotes(178)) - s1@group-808489D4E928-LeaderElection25: begin an election at term 124 for 0: [s0:0.0.0.0:42957, s1:0.0.0.0:41030, s2:0.0.0.0:35144], old=null
2019-09-26 09:46:25,875 INFO  impl.LeaderElection (LogUtils.java:infoOrTrace(149)) - s1@group-808489D4E928-LeaderElection25 got exception when requesting votes: java.util.concurrent.ExecutionException: org.apache.ratis.thirdparty.io.netty.channel.AbstractChannel$AnnotatedConnectException: Connection refused: /0.0.0.0:35144
2019-09-26 09:46:26,045 WARN  ratis.RaftTestUtil (JavaUtils.java:attempt(158)) - FAILED "waitForLeader-null-(expectLeader? true)", attempt #66/100: java.lang.IllegalStateException: No leader yet : printing ALL groups
  s3:   CLOSED  FOLLOWER s3@group-808489D4E928:t0, leader=null, voted=null, raftlog=s3@group-808489D4E928-SegmentedRaftLog:CLOSED:c-1, conf=-1: [s0:0.0.0.0:42957, s1:0.0.0.0:41030, s2:0.0.0.0:35144], old=null CLOSED
  s0:  RUNNING CANDIDATE s0@group-808489D4E928:t133, leader=null, voted=s0, raftlog=s0@group-808489D4E928-SegmentedRaftLog:OPENED:c-1,f-1,i0, conf=-1: [s0:0.0.0.0:42957, s1:0.0.0.0:41030, s2:0.0.0.0:35144], old=null RUNNING
  s1:  RUNNING CANDIDATE s1@group-808489D4E928:t124, leader=null, voted=s1, raftlog=s1@group-808489D4E928-SegmentedRaftLog:OPENED:c0,f0,i0, conf=0: [s0:0.0.0.0:42957, s1:0.0.0.0:41030, s2:0.0.0.0:35144], old=null RUNNING
  s2:   CLOSED    LEADER s2@group-808489D4E928:t1, leader=s2, voted=s2, raftlog=s2@group-808489D4E928-SegmentedRaftLog:CLOSED:c0, conf=0: [s0:0.0.0.0:42957, s1:0.0.0.0:41030, s2:0.0.0.0:35144], old=null CLOSED, sleep 450ms and then retry.
java.lang.IllegalStateException: No leader yet : printing ALL groups
  s3:   CLOSED  FOLLOWER s3@group-808489D4E928:t0, leader=null, voted=null, raftlog=s3@group-808489D4E928-SegmentedRaftLog:CLOSED:c-1, conf=-1: [s0:0.0.0.0:42957, s1:0.0.0.0:41030, s2:0.0.0.0:35144], old=null CLOSED
  s0:  RUNNING CANDIDATE s0@group-808489D4E928:t133, leader=null, voted=s0, raftlog=s0@group-808489D4E928-SegmentedRaftLog:OPENED:c-1,f-1,i0, conf=-1: [s0:0.0.0.0:42957, s1:0.0.0.0:41030, s2:0.0.0.0:35144], old=null RUNNING
  s1:  RUNNING CANDIDATE s1@group-808489D4E928:t124, leader=null, voted=s1, raftlog=s1@group-808489D4E928-SegmentedRaftLog:OPENED:c0,f0,i0, conf=0: [s0:0.0.0.0:42957, s1:0.0.0.0:41030, s2:0.0.0.0:35144], old=null RUNNING
  s2:   CLOSED    LEADER s2@group-808489D4E928:t1, leader=s2, voted=s2, raftlog=s2@group-808489D4E928-SegmentedRaftLog:CLOSED:c0, conf=0: [s0:0.0.0.0:42957, s1:0.0.0.0:41030, s2:0.0.0.0:35144], old=null CLOSED
	at org.apache.ratis.MiniRaftCluster.newIllegalStateExceptionForNoLeaders(MiniRaftCluster.java:506)
	at org.apache.ratis.RaftTestUtil.lambda$waitForLeader$1(RaftTestUtil.java:90)
	at org.apache.ratis.MiniRaftCluster.getLeader(MiniRaftCluster.java:539)
	at org.apache.ratis.MiniRaftCluster.getLeader(MiniRaftCluster.java:532)
	at org.apache.ratis.RaftTestUtil.lambda$waitForLeader$3(RaftTestUtil.java:98)
	at org.apache.ratis.util.JavaUtils.attempt(JavaUtils.java:152)
	at org.apache.ratis.RaftTestUtil.waitForLeader(RaftTestUtil.java:97)
	at org.apache.ratis.RaftTestUtil.waitForLeader(RaftTestUtil.java:77)
	at org.apache.ratis.RaftTestUtil.waitForLeader(RaftTestUtil.java:72)
	at org.apache.ratis.server.impl.RaftReconfigurationBaseTest.runTestKillLeaderDuringReconf(RaftReconfigurationBaseTest.java:353)
	at org.apache.ratis.MiniRaftCluster$Factory$Get.runWithNewCluster(MiniRaftCluster.java:125)
	at org.apache.ratis.MiniRaftCluster$Factory$Get.runWithNewCluster(MiniRaftCluster.java:113)
	at org.apache.ratis.server.impl.RaftReconfigurationBaseTest.testKillLeaderDuringReconf(RaftReconfigurationBaseTest.java:304)
	at sun.reflect.NativeMethodAccessorImpl.invoke0(Native Method)
	at sun.reflect.NativeMethodAccessorImpl.invoke(NativeMethodAccessorImpl.java:62)
	at sun.reflect.DelegatingMethodAccessorImpl.invoke(DelegatingMethodAccessorImpl.java:43)
	at java.lang.reflect.Method.invoke(Method.java:498)
	at org.junit.runners.model.FrameworkMethod$1.runReflectiveCall(FrameworkMethod.java:50)
	at org.junit.internal.runners.model.ReflectiveCallable.run(ReflectiveCallable.java:12)
	at org.junit.runners.model.FrameworkMethod.invokeExplosively(FrameworkMethod.java:47)
	at org.junit.internal.runners.statements.InvokeMethod.evaluate(InvokeMethod.java:17)
	at org.junit.internal.runners.statements.RunAfters.evaluate(RunAfters.java:27)
	at org.junit.internal.runners.statements.FailOnTimeout$CallableStatement.call(FailOnTimeout.java:298)
	at org.junit.internal.runners.statements.FailOnTimeout$CallableStatement.call(FailOnTimeout.java:292)
	at java.util.concurrent.FutureTask.run(FutureTask.java:266)
	at java.lang.Thread.run(Thread.java:748)
2019-09-26 09:46:26,050 INFO  impl.LeaderElection (LeaderElection.java:logAndReturn(56)) - s1@group-808489D4E928-LeaderElection25: Election TIMEOUT; received 0 response(s) [] and 1 exception(s); s1@group-808489D4E928:t124, leader=null, voted=s1, raftlog=s1@group-808489D4E928-SegmentedRaftLog:OPENED:c0,f0,i0, conf=0: [s0:0.0.0.0:42957, s1:0.0.0.0:41030, s2:0.0.0.0:35144], old=null
2019-09-26 09:46:26,050 INFO  impl.LeaderElection (LogUtils.java:infoOrTrace(149)) -   Exception 0: java.util.concurrent.ExecutionException: org.apache.ratis.thirdparty.io.netty.channel.AbstractChannel$AnnotatedConnectException: Connection refused: /0.0.0.0:35144
2019-09-26 09:46:26,063 INFO  impl.LeaderElection (LeaderElection.java:askForVotes(178)) - s1@group-808489D4E928-LeaderElection25: begin an election at term 125 for 0: [s0:0.0.0.0:42957, s1:0.0.0.0:41030, s2:0.0.0.0:35144], old=null
2019-09-26 09:46:26,065 INFO  impl.LeaderElection (LogUtils.java:infoOrTrace(149)) - s1@group-808489D4E928-LeaderElection25 got exception when requesting votes: java.util.concurrent.ExecutionException: org.apache.ratis.thirdparty.io.netty.channel.AbstractChannel$AnnotatedConnectException: Connection refused: /0.0.0.0:35144
2019-09-26 09:46:26,093 INFO  impl.LeaderElection (LeaderElection.java:logAndReturn(56)) - s0@group-808489D4E928-LeaderElection23: Election TIMEOUT; received 0 response(s) [] and 0 exception(s); s0@group-808489D4E928:t133, leader=null, voted=s0, raftlog=s0@group-808489D4E928-SegmentedRaftLog:OPENED:c-1,f-1,i0, conf=-1: [s0:0.0.0.0:42957, s1:0.0.0.0:41030, s2:0.0.0.0:35144], old=null
2019-09-26 09:46:26,106 INFO  impl.LeaderElection (LeaderElection.java:askForVotes(178)) - s0@group-808489D4E928-LeaderElection23: begin an election at term 134 for -1: [s0:0.0.0.0:42957, s1:0.0.0.0:41030, s2:0.0.0.0:35144], old=null
2019-09-26 09:46:26,231 INFO  impl.LeaderElection (LeaderElection.java:logAndReturn(56)) - s1@group-808489D4E928-LeaderElection25: Election TIMEOUT; received 0 response(s) [] and 1 exception(s); s1@group-808489D4E928:t125, leader=null, voted=s1, raftlog=s1@group-808489D4E928-SegmentedRaftLog:OPENED:c0,f0,i0, conf=0: [s0:0.0.0.0:42957, s1:0.0.0.0:41030, s2:0.0.0.0:35144], old=null
2019-09-26 09:46:26,231 INFO  impl.LeaderElection (LogUtils.java:infoOrTrace(149)) -   Exception 0: java.util.concurrent.ExecutionException: org.apache.ratis.thirdparty.io.netty.channel.AbstractChannel$AnnotatedConnectException: Connection refused: /0.0.0.0:35144
2019-09-26 09:46:26,245 INFO  impl.LeaderElection (LeaderElection.java:askForVotes(178)) - s1@group-808489D4E928-LeaderElection25: begin an election at term 126 for 0: [s0:0.0.0.0:42957, s1:0.0.0.0:41030, s2:0.0.0.0:35144], old=null
2019-09-26 09:46:26,247 INFO  impl.LeaderElection (LogUtils.java:infoOrTrace(149)) - s1@group-808489D4E928-LeaderElection25 got exception when requesting votes: java.util.concurrent.ExecutionException: org.apache.ratis.thirdparty.io.netty.channel.AbstractChannel$AnnotatedConnectException: Connection refused: /0.0.0.0:35144
2019-09-26 09:46:26,406 INFO  impl.LeaderElection (LeaderElection.java:logAndReturn(56)) - s0@group-808489D4E928-LeaderElection23: Election TIMEOUT; received 0 response(s) [] and 0 exception(s); s0@group-808489D4E928:t134, leader=null, voted=s0, raftlog=s0@group-808489D4E928-SegmentedRaftLog:OPENED:c-1,f-1,i0, conf=-1: [s0:0.0.0.0:42957, s1:0.0.0.0:41030, s2:0.0.0.0:35144], old=null
2019-09-26 09:46:26,420 INFO  impl.LeaderElection (LeaderElection.java:askForVotes(178)) - s0@group-808489D4E928-LeaderElection23: begin an election at term 135 for -1: [s0:0.0.0.0:42957, s1:0.0.0.0:41030, s2:0.0.0.0:35144], old=null
2019-09-26 09:46:26,469 INFO  impl.LeaderElection (LeaderElection.java:logAndReturn(56)) - s1@group-808489D4E928-LeaderElection25: Election TIMEOUT; received 0 response(s) [] and 1 exception(s); s1@group-808489D4E928:t126, leader=null, voted=s1, raftlog=s1@group-808489D4E928-SegmentedRaftLog:OPENED:c0,f0,i0, conf=0: [s0:0.0.0.0:42957, s1:0.0.0.0:41030, s2:0.0.0.0:35144], old=null
2019-09-26 09:46:26,469 INFO  impl.LeaderElection (LogUtils.java:infoOrTrace(149)) -   Exception 0: java.util.concurrent.ExecutionException: org.apache.ratis.thirdparty.io.netty.channel.AbstractChannel$AnnotatedConnectException: Connection refused: /0.0.0.0:35144
2019-09-26 09:46:26,482 INFO  impl.LeaderElection (LeaderElection.java:askForVotes(178)) - s1@group-808489D4E928-LeaderElection25: begin an election at term 127 for 0: [s0:0.0.0.0:42957, s1:0.0.0.0:41030, s2:0.0.0.0:35144], old=null
2019-09-26 09:46:26,484 INFO  impl.LeaderElection (LogUtils.java:infoOrTrace(149)) - s1@group-808489D4E928-LeaderElection25 got exception when requesting votes: java.util.concurrent.ExecutionException: org.apache.ratis.thirdparty.io.netty.channel.AbstractChannel$AnnotatedConnectException: Connection refused: /0.0.0.0:35144
2019-09-26 09:46:26,497 WARN  ratis.RaftTestUtil (JavaUtils.java:attempt(158)) - FAILED "waitForLeader-null-(expectLeader? true)", attempt #67/100: java.lang.IllegalStateException: No leader yet : printing ALL groups
  s3:   CLOSED  FOLLOWER s3@group-808489D4E928:t0, leader=null, voted=null, raftlog=s3@group-808489D4E928-SegmentedRaftLog:CLOSED:c-1, conf=-1: [s0:0.0.0.0:42957, s1:0.0.0.0:41030, s2:0.0.0.0:35144], old=null CLOSED
  s0:  RUNNING CANDIDATE s0@group-808489D4E928:t135, leader=null, voted=s0, raftlog=s0@group-808489D4E928-SegmentedRaftLog:OPENED:c-1,f-1,i0, conf=-1: [s0:0.0.0.0:42957, s1:0.0.0.0:41030, s2:0.0.0.0:35144], old=null RUNNING
  s1:  RUNNING CANDIDATE s1@group-808489D4E928:t127, leader=null, voted=s1, raftlog=s1@group-808489D4E928-SegmentedRaftLog:OPENED:c0,f0,i0, conf=0: [s0:0.0.0.0:42957, s1:0.0.0.0:41030, s2:0.0.0.0:35144], old=null RUNNING
  s2:   CLOSED    LEADER s2@group-808489D4E928:t1, leader=s2, voted=s2, raftlog=s2@group-808489D4E928-SegmentedRaftLog:CLOSED:c0, conf=0: [s0:0.0.0.0:42957, s1:0.0.0.0:41030, s2:0.0.0.0:35144], old=null CLOSED, sleep 450ms and then retry.
java.lang.IllegalStateException: No leader yet : printing ALL groups
  s3:   CLOSED  FOLLOWER s3@group-808489D4E928:t0, leader=null, voted=null, raftlog=s3@group-808489D4E928-SegmentedRaftLog:CLOSED:c-1, conf=-1: [s0:0.0.0.0:42957, s1:0.0.0.0:41030, s2:0.0.0.0:35144], old=null CLOSED
  s0:  RUNNING CANDIDATE s0@group-808489D4E928:t135, leader=null, voted=s0, raftlog=s0@group-808489D4E928-SegmentedRaftLog:OPENED:c-1,f-1,i0, conf=-1: [s0:0.0.0.0:42957, s1:0.0.0.0:41030, s2:0.0.0.0:35144], old=null RUNNING
  s1:  RUNNING CANDIDATE s1@group-808489D4E928:t127, leader=null, voted=s1, raftlog=s1@group-808489D4E928-SegmentedRaftLog:OPENED:c0,f0,i0, conf=0: [s0:0.0.0.0:42957, s1:0.0.0.0:41030, s2:0.0.0.0:35144], old=null RUNNING
  s2:   CLOSED    LEADER s2@group-808489D4E928:t1, leader=s2, voted=s2, raftlog=s2@group-808489D4E928-SegmentedRaftLog:CLOSED:c0, conf=0: [s0:0.0.0.0:42957, s1:0.0.0.0:41030, s2:0.0.0.0:35144], old=null CLOSED
	at org.apache.ratis.MiniRaftCluster.newIllegalStateExceptionForNoLeaders(MiniRaftCluster.java:506)
	at org.apache.ratis.RaftTestUtil.lambda$waitForLeader$1(RaftTestUtil.java:90)
	at org.apache.ratis.MiniRaftCluster.getLeader(MiniRaftCluster.java:539)
	at org.apache.ratis.MiniRaftCluster.getLeader(MiniRaftCluster.java:532)
	at org.apache.ratis.RaftTestUtil.lambda$waitForLeader$3(RaftTestUtil.java:98)
	at org.apache.ratis.util.JavaUtils.attempt(JavaUtils.java:152)
	at org.apache.ratis.RaftTestUtil.waitForLeader(RaftTestUtil.java:97)
	at org.apache.ratis.RaftTestUtil.waitForLeader(RaftTestUtil.java:77)
	at org.apache.ratis.RaftTestUtil.waitForLeader(RaftTestUtil.java:72)
	at org.apache.ratis.server.impl.RaftReconfigurationBaseTest.runTestKillLeaderDuringReconf(RaftReconfigurationBaseTest.java:353)
	at org.apache.ratis.MiniRaftCluster$Factory$Get.runWithNewCluster(MiniRaftCluster.java:125)
	at org.apache.ratis.MiniRaftCluster$Factory$Get.runWithNewCluster(MiniRaftCluster.java:113)
	at org.apache.ratis.server.impl.RaftReconfigurationBaseTest.testKillLeaderDuringReconf(RaftReconfigurationBaseTest.java:304)
	at sun.reflect.NativeMethodAccessorImpl.invoke0(Native Method)
	at sun.reflect.NativeMethodAccessorImpl.invoke(NativeMethodAccessorImpl.java:62)
	at sun.reflect.DelegatingMethodAccessorImpl.invoke(DelegatingMethodAccessorImpl.java:43)
	at java.lang.reflect.Method.invoke(Method.java:498)
	at org.junit.runners.model.FrameworkMethod$1.runReflectiveCall(FrameworkMethod.java:50)
	at org.junit.internal.runners.model.ReflectiveCallable.run(ReflectiveCallable.java:12)
	at org.junit.runners.model.FrameworkMethod.invokeExplosively(FrameworkMethod.java:47)
	at org.junit.internal.runners.statements.InvokeMethod.evaluate(InvokeMethod.java:17)
	at org.junit.internal.runners.statements.RunAfters.evaluate(RunAfters.java:27)
	at org.junit.internal.runners.statements.FailOnTimeout$CallableStatement.call(FailOnTimeout.java:298)
	at org.junit.internal.runners.statements.FailOnTimeout$CallableStatement.call(FailOnTimeout.java:292)
	at java.util.concurrent.FutureTask.run(FutureTask.java:266)
	at java.lang.Thread.run(Thread.java:748)
2019-09-26 09:46:26,612 INFO  impl.LeaderElection (LeaderElection.java:logAndReturn(56)) - s0@group-808489D4E928-LeaderElection23: Election TIMEOUT; received 0 response(s) [] and 0 exception(s); s0@group-808489D4E928:t135, leader=null, voted=s0, raftlog=s0@group-808489D4E928-SegmentedRaftLog:OPENED:c-1,f-1,i0, conf=-1: [s0:0.0.0.0:42957, s1:0.0.0.0:41030, s2:0.0.0.0:35144], old=null
2019-09-26 09:46:26,625 INFO  impl.LeaderElection (LeaderElection.java:askForVotes(178)) - s0@group-808489D4E928-LeaderElection23: begin an election at term 136 for -1: [s0:0.0.0.0:42957, s1:0.0.0.0:41030, s2:0.0.0.0:35144], old=null
2019-09-26 09:46:26,654 INFO  impl.LeaderElection (LeaderElection.java:logAndReturn(56)) - s1@group-808489D4E928-LeaderElection25: Election TIMEOUT; received 0 response(s) [] and 1 exception(s); s1@group-808489D4E928:t127, leader=null, voted=s1, raftlog=s1@group-808489D4E928-SegmentedRaftLog:OPENED:c0,f0,i0, conf=0: [s0:0.0.0.0:42957, s1:0.0.0.0:41030, s2:0.0.0.0:35144], old=null
2019-09-26 09:46:26,654 INFO  impl.LeaderElection (LogUtils.java:infoOrTrace(149)) -   Exception 0: java.util.concurrent.ExecutionException: org.apache.ratis.thirdparty.io.netty.channel.AbstractChannel$AnnotatedConnectException: Connection refused: /0.0.0.0:35144
2019-09-26 09:46:26,668 INFO  impl.LeaderElection (LeaderElection.java:askForVotes(178)) - s1@group-808489D4E928-LeaderElection25: begin an election at term 128 for 0: [s0:0.0.0.0:42957, s1:0.0.0.0:41030, s2:0.0.0.0:35144], old=null
2019-09-26 09:46:26,670 INFO  impl.LeaderElection (LogUtils.java:infoOrTrace(149)) - s1@group-808489D4E928-LeaderElection25 got exception when requesting votes: java.util.concurrent.ExecutionException: org.apache.ratis.thirdparty.io.netty.channel.AbstractChannel$AnnotatedConnectException: Connection refused: /0.0.0.0:35144
2019-09-26 09:46:26,820 INFO  impl.LeaderElection (LeaderElection.java:logAndReturn(56)) - s0@group-808489D4E928-LeaderElection23: Election TIMEOUT; received 0 response(s) [] and 0 exception(s); s0@group-808489D4E928:t136, leader=null, voted=s0, raftlog=s0@group-808489D4E928-SegmentedRaftLog:OPENED:c-1,f-1,i0, conf=-1: [s0:0.0.0.0:42957, s1:0.0.0.0:41030, s2:0.0.0.0:35144], old=null
2019-09-26 09:46:26,834 INFO  impl.LeaderElection (LeaderElection.java:askForVotes(178)) - s0@group-808489D4E928-LeaderElection23: begin an election at term 137 for -1: [s0:0.0.0.0:42957, s1:0.0.0.0:41030, s2:0.0.0.0:35144], old=null
2019-09-26 09:46:26,916 INFO  impl.LeaderElection (LeaderElection.java:logAndReturn(56)) - s1@group-808489D4E928-LeaderElection25: Election TIMEOUT; received 0 response(s) [] and 1 exception(s); s1@group-808489D4E928:t128, leader=null, voted=s1, raftlog=s1@group-808489D4E928-SegmentedRaftLog:OPENED:c0,f0,i0, conf=0: [s0:0.0.0.0:42957, s1:0.0.0.0:41030, s2:0.0.0.0:35144], old=null
2019-09-26 09:46:26,916 INFO  impl.LeaderElection (LogUtils.java:infoOrTrace(149)) -   Exception 0: java.util.concurrent.ExecutionException: org.apache.ratis.thirdparty.io.netty.channel.AbstractChannel$AnnotatedConnectException: Connection refused: /0.0.0.0:35144
2019-09-26 09:46:26,948 WARN  ratis.RaftTestUtil (JavaUtils.java:attempt(158)) - FAILED "waitForLeader-null-(expectLeader? true)", attempt #68/100: java.lang.IllegalStateException: No leader yet : printing ALL groups
  s3:   CLOSED  FOLLOWER s3@group-808489D4E928:t0, leader=null, voted=null, raftlog=s3@group-808489D4E928-SegmentedRaftLog:CLOSED:c-1, conf=-1: [s0:0.0.0.0:42957, s1:0.0.0.0:41030, s2:0.0.0.0:35144], old=null CLOSED
  s0:  RUNNING CANDIDATE s0@group-808489D4E928:t137, leader=null, voted=s0, raftlog=s0@group-808489D4E928-SegmentedRaftLog:OPENED:c-1,f-1,i0, conf=-1: [s0:0.0.0.0:42957, s1:0.0.0.0:41030, s2:0.0.0.0:35144], old=null RUNNING
  s1:  RUNNING CANDIDATE s1@group-808489D4E928:t129, leader=null, voted=s1, raftlog=s1@group-808489D4E928-SegmentedRaftLog:OPENED:c0,f0,i0, conf=0: [s0:0.0.0.0:42957, s1:0.0.0.0:41030, s2:0.0.0.0:35144], old=null RUNNING
  s2:   CLOSED    LEADER s2@group-808489D4E928:t1, leader=s2, voted=s2, raftlog=s2@group-808489D4E928-SegmentedRaftLog:CLOSED:c0, conf=0: [s0:0.0.0.0:42957, s1:0.0.0.0:41030, s2:0.0.0.0:35144], old=null CLOSED, sleep 450ms and then retry.
java.lang.IllegalStateException: No leader yet : printing ALL groups
  s3:   CLOSED  FOLLOWER s3@group-808489D4E928:t0, leader=null, voted=null, raftlog=s3@group-808489D4E928-SegmentedRaftLog:CLOSED:c-1, conf=-1: [s0:0.0.0.0:42957, s1:0.0.0.0:41030, s2:0.0.0.0:35144], old=null CLOSED
  s0:  RUNNING CANDIDATE s0@group-808489D4E928:t137, leader=null, voted=s0, raftlog=s0@group-808489D4E928-SegmentedRaftLog:OPENED:c-1,f-1,i0, conf=-1: [s0:0.0.0.0:42957, s1:0.0.0.0:41030, s2:0.0.0.0:35144], old=null RUNNING
  s1:  RUNNING CANDIDATE s1@group-808489D4E928:t129, leader=null, voted=s1, raftlog=s1@group-808489D4E928-SegmentedRaftLog:OPENED:c0,f0,i0, conf=0: [s0:0.0.0.0:42957, s1:0.0.0.0:41030, s2:0.0.0.0:35144], old=null RUNNING
  s2:   CLOSED    LEADER s2@group-808489D4E928:t1, leader=s2, voted=s2, raftlog=s2@group-808489D4E928-SegmentedRaftLog:CLOSED:c0, conf=0: [s0:0.0.0.0:42957, s1:0.0.0.0:41030, s2:0.0.0.0:35144], old=null CLOSED
	at org.apache.ratis.MiniRaftCluster.newIllegalStateExceptionForNoLeaders(MiniRaftCluster.java:506)
	at org.apache.ratis.RaftTestUtil.lambda$waitForLeader$1(RaftTestUtil.java:90)
	at org.apache.ratis.MiniRaftCluster.getLeader(MiniRaftCluster.java:539)
	at org.apache.ratis.MiniRaftCluster.getLeader(MiniRaftCluster.java:532)
	at org.apache.ratis.RaftTestUtil.lambda$waitForLeader$3(RaftTestUtil.java:98)
	at org.apache.ratis.util.JavaUtils.attempt(JavaUtils.java:152)
	at org.apache.ratis.RaftTestUtil.waitForLeader(RaftTestUtil.java:97)
	at org.apache.ratis.RaftTestUtil.waitForLeader(RaftTestUtil.java:77)
	at org.apache.ratis.RaftTestUtil.waitForLeader(RaftTestUtil.java:72)
	at org.apache.ratis.server.impl.RaftReconfigurationBaseTest.runTestKillLeaderDuringReconf(RaftReconfigurationBaseTest.java:353)
	at org.apache.ratis.MiniRaftCluster$Factory$Get.runWithNewCluster(MiniRaftCluster.java:125)
	at org.apache.ratis.MiniRaftCluster$Factory$Get.runWithNewCluster(MiniRaftCluster.java:113)
	at org.apache.ratis.server.impl.RaftReconfigurationBaseTest.testKillLeaderDuringReconf(RaftReconfigurationBaseTest.java:304)
	at sun.reflect.NativeMethodAccessorImpl.invoke0(Native Method)
	at sun.reflect.NativeMethodAccessorImpl.invoke(NativeMethodAccessorImpl.java:62)
	at sun.reflect.DelegatingMethodAccessorImpl.invoke(DelegatingMethodAccessorImpl.java:43)
	at java.lang.reflect.Method.invoke(Method.java:498)
	at org.junit.runners.model.FrameworkMethod$1.runReflectiveCall(FrameworkMethod.java:50)
	at org.junit.internal.runners.model.ReflectiveCallable.run(ReflectiveCallable.java:12)
	at org.junit.runners.model.FrameworkMethod.invokeExplosively(FrameworkMethod.java:47)
	at org.junit.internal.runners.statements.InvokeMethod.evaluate(InvokeMethod.java:17)
	at org.junit.internal.runners.statements.RunAfters.evaluate(RunAfters.java:27)
	at org.junit.internal.runners.statements.FailOnTimeout$CallableStatement.call(FailOnTimeout.java:298)
	at org.junit.internal.runners.statements.FailOnTimeout$CallableStatement.call(FailOnTimeout.java:292)
	at java.util.concurrent.FutureTask.run(FutureTask.java:266)
	at java.lang.Thread.run(Thread.java:748)
2019-09-26 09:46:26,951 INFO  impl.LeaderElection (LeaderElection.java:askForVotes(178)) - s1@group-808489D4E928-LeaderElection25: begin an election at term 129 for 0: [s0:0.0.0.0:42957, s1:0.0.0.0:41030, s2:0.0.0.0:35144], old=null
2019-09-26 09:46:26,953 INFO  impl.LeaderElection (LogUtils.java:infoOrTrace(149)) - s1@group-808489D4E928-LeaderElection25 got exception when requesting votes: java.util.concurrent.ExecutionException: org.apache.ratis.thirdparty.io.netty.channel.AbstractChannel$AnnotatedConnectException: Connection refused: /0.0.0.0:35144
2019-09-26 09:46:26,994 INFO  impl.LeaderElection (LeaderElection.java:logAndReturn(56)) - s0@group-808489D4E928-LeaderElection23: Election TIMEOUT; received 0 response(s) [] and 0 exception(s); s0@group-808489D4E928:t137, leader=null, voted=s0, raftlog=s0@group-808489D4E928-SegmentedRaftLog:OPENED:c-1,f-1,i0, conf=-1: [s0:0.0.0.0:42957, s1:0.0.0.0:41030, s2:0.0.0.0:35144], old=null
2019-09-26 09:46:27,008 INFO  impl.LeaderElection (LeaderElection.java:askForVotes(178)) - s0@group-808489D4E928-LeaderElection23: begin an election at term 138 for -1: [s0:0.0.0.0:42957, s1:0.0.0.0:41030, s2:0.0.0.0:35144], old=null
2019-09-26 09:46:27,161 INFO  impl.LeaderElection (LeaderElection.java:logAndReturn(56)) - s1@group-808489D4E928-LeaderElection25: Election TIMEOUT; received 0 response(s) [] and 1 exception(s); s1@group-808489D4E928:t129, leader=null, voted=s1, raftlog=s1@group-808489D4E928-SegmentedRaftLog:OPENED:c0,f0,i0, conf=0: [s0:0.0.0.0:42957, s1:0.0.0.0:41030, s2:0.0.0.0:35144], old=null
2019-09-26 09:46:27,161 INFO  impl.LeaderElection (LogUtils.java:infoOrTrace(149)) -   Exception 0: java.util.concurrent.ExecutionException: org.apache.ratis.thirdparty.io.netty.channel.AbstractChannel$AnnotatedConnectException: Connection refused: /0.0.0.0:35144
2019-09-26 09:46:27,171 INFO  impl.LeaderElection (LeaderElection.java:logAndReturn(56)) - s0@group-808489D4E928-LeaderElection23: Election TIMEOUT; received 0 response(s) [] and 0 exception(s); s0@group-808489D4E928:t138, leader=null, voted=s0, raftlog=s0@group-808489D4E928-SegmentedRaftLog:OPENED:c-1,f-1,i0, conf=-1: [s0:0.0.0.0:42957, s1:0.0.0.0:41030, s2:0.0.0.0:35144], old=null
2019-09-26 09:46:27,175 INFO  impl.LeaderElection (LeaderElection.java:askForVotes(178)) - s0@group-808489D4E928-LeaderElection23: begin an election at term 139 for -1: [s0:0.0.0.0:42957, s1:0.0.0.0:41030, s2:0.0.0.0:35144], old=null
2019-09-26 09:46:27,175 INFO  impl.LeaderElection (LeaderElection.java:askForVotes(178)) - s1@group-808489D4E928-LeaderElection25: begin an election at term 130 for 0: [s0:0.0.0.0:42957, s1:0.0.0.0:41030, s2:0.0.0.0:35144], old=null
2019-09-26 09:46:27,177 INFO  impl.LeaderElection (LogUtils.java:infoOrTrace(149)) - s1@group-808489D4E928-LeaderElection25 got exception when requesting votes: java.util.concurrent.ExecutionException: org.apache.ratis.thirdparty.io.netty.channel.AbstractChannel$AnnotatedConnectException: Connection refused: /0.0.0.0:35144
2019-09-26 09:46:27,380 INFO  impl.LeaderElection (LeaderElection.java:logAndReturn(56)) - s1@group-808489D4E928-LeaderElection25: Election TIMEOUT; received 0 response(s) [] and 1 exception(s); s1@group-808489D4E928:t130, leader=null, voted=s1, raftlog=s1@group-808489D4E928-SegmentedRaftLog:OPENED:c0,f0,i0, conf=0: [s0:0.0.0.0:42957, s1:0.0.0.0:41030, s2:0.0.0.0:35144], old=null
2019-09-26 09:46:27,380 INFO  impl.LeaderElection (LogUtils.java:infoOrTrace(149)) -   Exception 0: java.util.concurrent.ExecutionException: org.apache.ratis.thirdparty.io.netty.channel.AbstractChannel$AnnotatedConnectException: Connection refused: /0.0.0.0:35144
2019-09-26 09:46:27,394 INFO  impl.LeaderElection (LeaderElection.java:askForVotes(178)) - s1@group-808489D4E928-LeaderElection25: begin an election at term 131 for 0: [s0:0.0.0.0:42957, s1:0.0.0.0:41030, s2:0.0.0.0:35144], old=null
2019-09-26 09:46:27,396 INFO  impl.LeaderElection (LogUtils.java:infoOrTrace(149)) - s1@group-808489D4E928-LeaderElection25 got exception when requesting votes: java.util.concurrent.ExecutionException: org.apache.ratis.thirdparty.io.netty.channel.AbstractChannel$AnnotatedConnectException: Connection refused: /0.0.0.0:35144
2019-09-26 09:46:27,399 WARN  ratis.RaftTestUtil (JavaUtils.java:attempt(158)) - FAILED "waitForLeader-null-(expectLeader? true)", attempt #69/100: java.lang.IllegalStateException: No leader yet : printing ALL groups
  s3:   CLOSED  FOLLOWER s3@group-808489D4E928:t0, leader=null, voted=null, raftlog=s3@group-808489D4E928-SegmentedRaftLog:CLOSED:c-1, conf=-1: [s0:0.0.0.0:42957, s1:0.0.0.0:41030, s2:0.0.0.0:35144], old=null CLOSED
  s0:  RUNNING CANDIDATE s0@group-808489D4E928:t139, leader=null, voted=s0, raftlog=s0@group-808489D4E928-SegmentedRaftLog:OPENED:c-1,f-1,i0, conf=-1: [s0:0.0.0.0:42957, s1:0.0.0.0:41030, s2:0.0.0.0:35144], old=null RUNNING
  s1:  RUNNING CANDIDATE s1@group-808489D4E928:t131, leader=null, voted=s1, raftlog=s1@group-808489D4E928-SegmentedRaftLog:OPENED:c0,f0,i0, conf=0: [s0:0.0.0.0:42957, s1:0.0.0.0:41030, s2:0.0.0.0:35144], old=null RUNNING
  s2:   CLOSED    LEADER s2@group-808489D4E928:t1, leader=s2, voted=s2, raftlog=s2@group-808489D4E928-SegmentedRaftLog:CLOSED:c0, conf=0: [s0:0.0.0.0:42957, s1:0.0.0.0:41030, s2:0.0.0.0:35144], old=null CLOSED, sleep 450ms and then retry.
java.lang.IllegalStateException: No leader yet : printing ALL groups
  s3:   CLOSED  FOLLOWER s3@group-808489D4E928:t0, leader=null, voted=null, raftlog=s3@group-808489D4E928-SegmentedRaftLog:CLOSED:c-1, conf=-1: [s0:0.0.0.0:42957, s1:0.0.0.0:41030, s2:0.0.0.0:35144], old=null CLOSED
  s0:  RUNNING CANDIDATE s0@group-808489D4E928:t139, leader=null, voted=s0, raftlog=s0@group-808489D4E928-SegmentedRaftLog:OPENED:c-1,f-1,i0, conf=-1: [s0:0.0.0.0:42957, s1:0.0.0.0:41030, s2:0.0.0.0:35144], old=null RUNNING
  s1:  RUNNING CANDIDATE s1@group-808489D4E928:t131, leader=null, voted=s1, raftlog=s1@group-808489D4E928-SegmentedRaftLog:OPENED:c0,f0,i0, conf=0: [s0:0.0.0.0:42957, s1:0.0.0.0:41030, s2:0.0.0.0:35144], old=null RUNNING
  s2:   CLOSED    LEADER s2@group-808489D4E928:t1, leader=s2, voted=s2, raftlog=s2@group-808489D4E928-SegmentedRaftLog:CLOSED:c0, conf=0: [s0:0.0.0.0:42957, s1:0.0.0.0:41030, s2:0.0.0.0:35144], old=null CLOSED
	at org.apache.ratis.MiniRaftCluster.newIllegalStateExceptionForNoLeaders(MiniRaftCluster.java:506)
	at org.apache.ratis.RaftTestUtil.lambda$waitForLeader$1(RaftTestUtil.java:90)
	at org.apache.ratis.MiniRaftCluster.getLeader(MiniRaftCluster.java:539)
	at org.apache.ratis.MiniRaftCluster.getLeader(MiniRaftCluster.java:532)
	at org.apache.ratis.RaftTestUtil.lambda$waitForLeader$3(RaftTestUtil.java:98)
	at org.apache.ratis.util.JavaUtils.attempt(JavaUtils.java:152)
	at org.apache.ratis.RaftTestUtil.waitForLeader(RaftTestUtil.java:97)
	at org.apache.ratis.RaftTestUtil.waitForLeader(RaftTestUtil.java:77)
	at org.apache.ratis.RaftTestUtil.waitForLeader(RaftTestUtil.java:72)
	at org.apache.ratis.server.impl.RaftReconfigurationBaseTest.runTestKillLeaderDuringReconf(RaftReconfigurationBaseTest.java:353)
	at org.apache.ratis.MiniRaftCluster$Factory$Get.runWithNewCluster(MiniRaftCluster.java:125)
	at org.apache.ratis.MiniRaftCluster$Factory$Get.runWithNewCluster(MiniRaftCluster.java:113)
	at org.apache.ratis.server.impl.RaftReconfigurationBaseTest.testKillLeaderDuringReconf(RaftReconfigurationBaseTest.java:304)
	at sun.reflect.NativeMethodAccessorImpl.invoke0(Native Method)
	at sun.reflect.NativeMethodAccessorImpl.invoke(NativeMethodAccessorImpl.java:62)
	at sun.reflect.DelegatingMethodAccessorImpl.invoke(DelegatingMethodAccessorImpl.java:43)
	at java.lang.reflect.Method.invoke(Method.java:498)
	at org.junit.runners.model.FrameworkMethod$1.runReflectiveCall(FrameworkMethod.java:50)
	at org.junit.internal.runners.model.ReflectiveCallable.run(ReflectiveCallable.java:12)
	at org.junit.runners.model.FrameworkMethod.invokeExplosively(FrameworkMethod.java:47)
	at org.junit.internal.runners.statements.InvokeMethod.evaluate(InvokeMethod.java:17)
	at org.junit.internal.runners.statements.RunAfters.evaluate(RunAfters.java:27)
	at org.junit.internal.runners.statements.FailOnTimeout$CallableStatement.call(FailOnTimeout.java:298)
	at org.junit.internal.runners.statements.FailOnTimeout$CallableStatement.call(FailOnTimeout.java:292)
	at java.util.concurrent.FutureTask.run(FutureTask.java:266)
	at java.lang.Thread.run(Thread.java:748)
2019-09-26 09:46:27,402 INFO  impl.LeaderElection (LeaderElection.java:logAndReturn(56)) - s0@group-808489D4E928-LeaderElection23: Election TIMEOUT; received 0 response(s) [] and 0 exception(s); s0@group-808489D4E928:t139, leader=null, voted=s0, raftlog=s0@group-808489D4E928-SegmentedRaftLog:OPENED:c-1,f-1,i0, conf=-1: [s0:0.0.0.0:42957, s1:0.0.0.0:41030, s2:0.0.0.0:35144], old=null
2019-09-26 09:46:27,415 INFO  impl.LeaderElection (LeaderElection.java:askForVotes(178)) - s0@group-808489D4E928-LeaderElection23: begin an election at term 140 for -1: [s0:0.0.0.0:42957, s1:0.0.0.0:41030, s2:0.0.0.0:35144], old=null
2019-09-26 09:46:27,570 INFO  impl.LeaderElection (LeaderElection.java:logAndReturn(56)) - s0@group-808489D4E928-LeaderElection23: Election TIMEOUT; received 0 response(s) [] and 0 exception(s); s0@group-808489D4E928:t140, leader=null, voted=s0, raftlog=s0@group-808489D4E928-SegmentedRaftLog:OPENED:c-1,f-1,i0, conf=-1: [s0:0.0.0.0:42957, s1:0.0.0.0:41030, s2:0.0.0.0:35144], old=null
2019-09-26 09:46:27,583 INFO  impl.LeaderElection (LeaderElection.java:askForVotes(178)) - s0@group-808489D4E928-LeaderElection23: begin an election at term 141 for -1: [s0:0.0.0.0:42957, s1:0.0.0.0:41030, s2:0.0.0.0:35144], old=null
2019-09-26 09:46:27,676 INFO  impl.LeaderElection (LeaderElection.java:logAndReturn(56)) - s1@group-808489D4E928-LeaderElection25: Election TIMEOUT; received 0 response(s) [] and 1 exception(s); s1@group-808489D4E928:t131, leader=null, voted=s1, raftlog=s1@group-808489D4E928-SegmentedRaftLog:OPENED:c0,f0,i0, conf=0: [s0:0.0.0.0:42957, s1:0.0.0.0:41030, s2:0.0.0.0:35144], old=null
2019-09-26 09:46:27,676 INFO  impl.LeaderElection (LogUtils.java:infoOrTrace(149)) -   Exception 0: java.util.concurrent.ExecutionException: org.apache.ratis.thirdparty.io.netty.channel.AbstractChannel$AnnotatedConnectException: Connection refused: /0.0.0.0:35144
2019-09-26 09:46:27,697 INFO  impl.LeaderElection (LeaderElection.java:askForVotes(178)) - s1@group-808489D4E928-LeaderElection25: begin an election at term 132 for 0: [s0:0.0.0.0:42957, s1:0.0.0.0:41030, s2:0.0.0.0:35144], old=null
2019-09-26 09:46:27,699 INFO  impl.LeaderElection (LogUtils.java:infoOrTrace(149)) - s1@group-808489D4E928-LeaderElection25 got exception when requesting votes: java.util.concurrent.ExecutionException: org.apache.ratis.thirdparty.io.netty.channel.AbstractChannel$AnnotatedConnectException: Connection refused: /0.0.0.0:35144
2019-09-26 09:46:27,850 WARN  ratis.RaftTestUtil (JavaUtils.java:attempt(158)) - FAILED "waitForLeader-null-(expectLeader? true)", attempt #70/100: java.lang.IllegalStateException: No leader yet : printing ALL groups
  s3:   CLOSED  FOLLOWER s3@group-808489D4E928:t0, leader=null, voted=null, raftlog=s3@group-808489D4E928-SegmentedRaftLog:CLOSED:c-1, conf=-1: [s0:0.0.0.0:42957, s1:0.0.0.0:41030, s2:0.0.0.0:35144], old=null CLOSED
  s0:  RUNNING CANDIDATE s0@group-808489D4E928:t141, leader=null, voted=s0, raftlog=s0@group-808489D4E928-SegmentedRaftLog:OPENED:c-1,f-1,i0, conf=-1: [s0:0.0.0.0:42957, s1:0.0.0.0:41030, s2:0.0.0.0:35144], old=null RUNNING
  s1:  RUNNING CANDIDATE s1@group-808489D4E928:t132, leader=null, voted=s1, raftlog=s1@group-808489D4E928-SegmentedRaftLog:OPENED:c0,f0,i0, conf=0: [s0:0.0.0.0:42957, s1:0.0.0.0:41030, s2:0.0.0.0:35144], old=null RUNNING
  s2:   CLOSED    LEADER s2@group-808489D4E928:t1, leader=s2, voted=s2, raftlog=s2@group-808489D4E928-SegmentedRaftLog:CLOSED:c0, conf=0: [s0:0.0.0.0:42957, s1:0.0.0.0:41030, s2:0.0.0.0:35144], old=null CLOSED, sleep 450ms and then retry.
java.lang.IllegalStateException: No leader yet : printing ALL groups
  s3:   CLOSED  FOLLOWER s3@group-808489D4E928:t0, leader=null, voted=null, raftlog=s3@group-808489D4E928-SegmentedRaftLog:CLOSED:c-1, conf=-1: [s0:0.0.0.0:42957, s1:0.0.0.0:41030, s2:0.0.0.0:35144], old=null CLOSED
  s0:  RUNNING CANDIDATE s0@group-808489D4E928:t141, leader=null, voted=s0, raftlog=s0@group-808489D4E928-SegmentedRaftLog:OPENED:c-1,f-1,i0, conf=-1: [s0:0.0.0.0:42957, s1:0.0.0.0:41030, s2:0.0.0.0:35144], old=null RUNNING
  s1:  RUNNING CANDIDATE s1@group-808489D4E928:t132, leader=null, voted=s1, raftlog=s1@group-808489D4E928-SegmentedRaftLog:OPENED:c0,f0,i0, conf=0: [s0:0.0.0.0:42957, s1:0.0.0.0:41030, s2:0.0.0.0:35144], old=null RUNNING
  s2:   CLOSED    LEADER s2@group-808489D4E928:t1, leader=s2, voted=s2, raftlog=s2@group-808489D4E928-SegmentedRaftLog:CLOSED:c0, conf=0: [s0:0.0.0.0:42957, s1:0.0.0.0:41030, s2:0.0.0.0:35144], old=null CLOSED
	at org.apache.ratis.MiniRaftCluster.newIllegalStateExceptionForNoLeaders(MiniRaftCluster.java:506)
	at org.apache.ratis.RaftTestUtil.lambda$waitForLeader$1(RaftTestUtil.java:90)
	at org.apache.ratis.MiniRaftCluster.getLeader(MiniRaftCluster.java:539)
	at org.apache.ratis.MiniRaftCluster.getLeader(MiniRaftCluster.java:532)
	at org.apache.ratis.RaftTestUtil.lambda$waitForLeader$3(RaftTestUtil.java:98)
	at org.apache.ratis.util.JavaUtils.attempt(JavaUtils.java:152)
	at org.apache.ratis.RaftTestUtil.waitForLeader(RaftTestUtil.java:97)
	at org.apache.ratis.RaftTestUtil.waitForLeader(RaftTestUtil.java:77)
	at org.apache.ratis.RaftTestUtil.waitForLeader(RaftTestUtil.java:72)
	at org.apache.ratis.server.impl.RaftReconfigurationBaseTest.runTestKillLeaderDuringReconf(RaftReconfigurationBaseTest.java:353)
	at org.apache.ratis.MiniRaftCluster$Factory$Get.runWithNewCluster(MiniRaftCluster.java:125)
	at org.apache.ratis.MiniRaftCluster$Factory$Get.runWithNewCluster(MiniRaftCluster.java:113)
	at org.apache.ratis.server.impl.RaftReconfigurationBaseTest.testKillLeaderDuringReconf(RaftReconfigurationBaseTest.java:304)
	at sun.reflect.NativeMethodAccessorImpl.invoke0(Native Method)
	at sun.reflect.NativeMethodAccessorImpl.invoke(NativeMethodAccessorImpl.java:62)
	at sun.reflect.DelegatingMethodAccessorImpl.invoke(DelegatingMethodAccessorImpl.java:43)
	at java.lang.reflect.Method.invoke(Method.java:498)
	at org.junit.runners.model.FrameworkMethod$1.runReflectiveCall(FrameworkMethod.java:50)
	at org.junit.internal.runners.model.ReflectiveCallable.run(ReflectiveCallable.java:12)
	at org.junit.runners.model.FrameworkMethod.invokeExplosively(FrameworkMethod.java:47)
	at org.junit.internal.runners.statements.InvokeMethod.evaluate(InvokeMethod.java:17)
	at org.junit.internal.runners.statements.RunAfters.evaluate(RunAfters.java:27)
	at org.junit.internal.runners.statements.FailOnTimeout$CallableStatement.call(FailOnTimeout.java:298)
	at org.junit.internal.runners.statements.FailOnTimeout$CallableStatement.call(FailOnTimeout.java:292)
	at java.util.concurrent.FutureTask.run(FutureTask.java:266)
	at java.lang.Thread.run(Thread.java:748)
2019-09-26 09:46:27,865 INFO  impl.LeaderElection (LeaderElection.java:logAndReturn(56)) - s0@group-808489D4E928-LeaderElection23: Election TIMEOUT; received 0 response(s) [] and 0 exception(s); s0@group-808489D4E928:t141, leader=null, voted=s0, raftlog=s0@group-808489D4E928-SegmentedRaftLog:OPENED:c-1,f-1,i0, conf=-1: [s0:0.0.0.0:42957, s1:0.0.0.0:41030, s2:0.0.0.0:35144], old=null
2019-09-26 09:46:27,878 INFO  impl.LeaderElection (LeaderElection.java:askForVotes(178)) - s0@group-808489D4E928-LeaderElection23: begin an election at term 142 for -1: [s0:0.0.0.0:42957, s1:0.0.0.0:41030, s2:0.0.0.0:35144], old=null
2019-09-26 09:46:27,960 INFO  impl.LeaderElection (LeaderElection.java:logAndReturn(56)) - s1@group-808489D4E928-LeaderElection25: Election TIMEOUT; received 0 response(s) [] and 1 exception(s); s1@group-808489D4E928:t132, leader=null, voted=s1, raftlog=s1@group-808489D4E928-SegmentedRaftLog:OPENED:c0,f0,i0, conf=0: [s0:0.0.0.0:42957, s1:0.0.0.0:41030, s2:0.0.0.0:35144], old=null
2019-09-26 09:46:27,960 INFO  impl.LeaderElection (LogUtils.java:infoOrTrace(149)) -   Exception 0: java.util.concurrent.ExecutionException: org.apache.ratis.thirdparty.io.netty.channel.AbstractChannel$AnnotatedConnectException: Connection refused: /0.0.0.0:35144
2019-09-26 09:46:27,984 INFO  impl.LeaderElection (LeaderElection.java:askForVotes(178)) - s1@group-808489D4E928-LeaderElection25: begin an election at term 133 for 0: [s0:0.0.0.0:42957, s1:0.0.0.0:41030, s2:0.0.0.0:35144], old=null
2019-09-26 09:46:27,986 INFO  impl.LeaderElection (LogUtils.java:infoOrTrace(149)) - s1@group-808489D4E928-LeaderElection25 got exception when requesting votes: java.util.concurrent.ExecutionException: org.apache.ratis.thirdparty.io.netty.channel.AbstractChannel$AnnotatedConnectException: Connection refused: /0.0.0.0:35144
2019-09-26 09:46:28,166 INFO  impl.LeaderElection (LeaderElection.java:logAndReturn(56)) - s0@group-808489D4E928-LeaderElection23: Election TIMEOUT; received 0 response(s) [] and 0 exception(s); s0@group-808489D4E928:t142, leader=null, voted=s0, raftlog=s0@group-808489D4E928-SegmentedRaftLog:OPENED:c-1,f-1,i0, conf=-1: [s0:0.0.0.0:42957, s1:0.0.0.0:41030, s2:0.0.0.0:35144], old=null
2019-09-26 09:46:28,180 INFO  impl.LeaderElection (LeaderElection.java:askForVotes(178)) - s0@group-808489D4E928-LeaderElection23: begin an election at term 143 for -1: [s0:0.0.0.0:42957, s1:0.0.0.0:41030, s2:0.0.0.0:35144], old=null
2019-09-26 09:46:28,215 INFO  impl.LeaderElection (LeaderElection.java:logAndReturn(56)) - s1@group-808489D4E928-LeaderElection25: Election TIMEOUT; received 0 response(s) [] and 1 exception(s); s1@group-808489D4E928:t133, leader=null, voted=s1, raftlog=s1@group-808489D4E928-SegmentedRaftLog:OPENED:c0,f0,i0, conf=0: [s0:0.0.0.0:42957, s1:0.0.0.0:41030, s2:0.0.0.0:35144], old=null
2019-09-26 09:46:28,215 INFO  impl.LeaderElection (LogUtils.java:infoOrTrace(149)) -   Exception 0: java.util.concurrent.ExecutionException: org.apache.ratis.thirdparty.io.netty.channel.AbstractChannel$AnnotatedConnectException: Connection refused: /0.0.0.0:35144
2019-09-26 09:46:28,229 INFO  impl.LeaderElection (LeaderElection.java:askForVotes(178)) - s1@group-808489D4E928-LeaderElection25: begin an election at term 134 for 0: [s0:0.0.0.0:42957, s1:0.0.0.0:41030, s2:0.0.0.0:35144], old=null
2019-09-26 09:46:28,231 INFO  impl.LeaderElection (LogUtils.java:infoOrTrace(149)) - s1@group-808489D4E928-LeaderElection25 got exception when requesting votes: java.util.concurrent.ExecutionException: org.apache.ratis.thirdparty.io.netty.channel.AbstractChannel$AnnotatedConnectException: Connection refused: /0.0.0.0:35144
2019-09-26 09:46:28,301 WARN  ratis.RaftTestUtil (JavaUtils.java:attempt(158)) - FAILED "waitForLeader-null-(expectLeader? true)", attempt #71/100: java.lang.IllegalStateException: No leader yet : printing ALL groups
  s3:   CLOSED  FOLLOWER s3@group-808489D4E928:t0, leader=null, voted=null, raftlog=s3@group-808489D4E928-SegmentedRaftLog:CLOSED:c-1, conf=-1: [s0:0.0.0.0:42957, s1:0.0.0.0:41030, s2:0.0.0.0:35144], old=null CLOSED
  s0:  RUNNING CANDIDATE s0@group-808489D4E928:t143, leader=null, voted=s0, raftlog=s0@group-808489D4E928-SegmentedRaftLog:OPENED:c-1,f-1,i0, conf=-1: [s0:0.0.0.0:42957, s1:0.0.0.0:41030, s2:0.0.0.0:35144], old=null RUNNING
  s1:  RUNNING CANDIDATE s1@group-808489D4E928:t134, leader=null, voted=s1, raftlog=s1@group-808489D4E928-SegmentedRaftLog:OPENED:c0,f0,i0, conf=0: [s0:0.0.0.0:42957, s1:0.0.0.0:41030, s2:0.0.0.0:35144], old=null RUNNING
  s2:   CLOSED    LEADER s2@group-808489D4E928:t1, leader=s2, voted=s2, raftlog=s2@group-808489D4E928-SegmentedRaftLog:CLOSED:c0, conf=0: [s0:0.0.0.0:42957, s1:0.0.0.0:41030, s2:0.0.0.0:35144], old=null CLOSED, sleep 450ms and then retry.
java.lang.IllegalStateException: No leader yet : printing ALL groups
  s3:   CLOSED  FOLLOWER s3@group-808489D4E928:t0, leader=null, voted=null, raftlog=s3@group-808489D4E928-SegmentedRaftLog:CLOSED:c-1, conf=-1: [s0:0.0.0.0:42957, s1:0.0.0.0:41030, s2:0.0.0.0:35144], old=null CLOSED
  s0:  RUNNING CANDIDATE s0@group-808489D4E928:t143, leader=null, voted=s0, raftlog=s0@group-808489D4E928-SegmentedRaftLog:OPENED:c-1,f-1,i0, conf=-1: [s0:0.0.0.0:42957, s1:0.0.0.0:41030, s2:0.0.0.0:35144], old=null RUNNING
  s1:  RUNNING CANDIDATE s1@group-808489D4E928:t134, leader=null, voted=s1, raftlog=s1@group-808489D4E928-SegmentedRaftLog:OPENED:c0,f0,i0, conf=0: [s0:0.0.0.0:42957, s1:0.0.0.0:41030, s2:0.0.0.0:35144], old=null RUNNING
  s2:   CLOSED    LEADER s2@group-808489D4E928:t1, leader=s2, voted=s2, raftlog=s2@group-808489D4E928-SegmentedRaftLog:CLOSED:c0, conf=0: [s0:0.0.0.0:42957, s1:0.0.0.0:41030, s2:0.0.0.0:35144], old=null CLOSED
	at org.apache.ratis.MiniRaftCluster.newIllegalStateExceptionForNoLeaders(MiniRaftCluster.java:506)
	at org.apache.ratis.RaftTestUtil.lambda$waitForLeader$1(RaftTestUtil.java:90)
	at org.apache.ratis.MiniRaftCluster.getLeader(MiniRaftCluster.java:539)
	at org.apache.ratis.MiniRaftCluster.getLeader(MiniRaftCluster.java:532)
	at org.apache.ratis.RaftTestUtil.lambda$waitForLeader$3(RaftTestUtil.java:98)
	at org.apache.ratis.util.JavaUtils.attempt(JavaUtils.java:152)
	at org.apache.ratis.RaftTestUtil.waitForLeader(RaftTestUtil.java:97)
	at org.apache.ratis.RaftTestUtil.waitForLeader(RaftTestUtil.java:77)
	at org.apache.ratis.RaftTestUtil.waitForLeader(RaftTestUtil.java:72)
	at org.apache.ratis.server.impl.RaftReconfigurationBaseTest.runTestKillLeaderDuringReconf(RaftReconfigurationBaseTest.java:353)
	at org.apache.ratis.MiniRaftCluster$Factory$Get.runWithNewCluster(MiniRaftCluster.java:125)
	at org.apache.ratis.MiniRaftCluster$Factory$Get.runWithNewCluster(MiniRaftCluster.java:113)
	at org.apache.ratis.server.impl.RaftReconfigurationBaseTest.testKillLeaderDuringReconf(RaftReconfigurationBaseTest.java:304)
	at sun.reflect.NativeMethodAccessorImpl.invoke0(Native Method)
	at sun.reflect.NativeMethodAccessorImpl.invoke(NativeMethodAccessorImpl.java:62)
	at sun.reflect.DelegatingMethodAccessorImpl.invoke(DelegatingMethodAccessorImpl.java:43)
	at java.lang.reflect.Method.invoke(Method.java:498)
	at org.junit.runners.model.FrameworkMethod$1.runReflectiveCall(FrameworkMethod.java:50)
	at org.junit.internal.runners.model.ReflectiveCallable.run(ReflectiveCallable.java:12)
	at org.junit.runners.model.FrameworkMethod.invokeExplosively(FrameworkMethod.java:47)
	at org.junit.internal.runners.statements.InvokeMethod.evaluate(InvokeMethod.java:17)
	at org.junit.internal.runners.statements.RunAfters.evaluate(RunAfters.java:27)
	at org.junit.internal.runners.statements.FailOnTimeout$CallableStatement.call(FailOnTimeout.java:298)
	at org.junit.internal.runners.statements.FailOnTimeout$CallableStatement.call(FailOnTimeout.java:292)
	at java.util.concurrent.FutureTask.run(FutureTask.java:266)
	at java.lang.Thread.run(Thread.java:748)
2019-09-26 09:46:28,451 INFO  impl.LeaderElection (LeaderElection.java:logAndReturn(56)) - s0@group-808489D4E928-LeaderElection23: Election TIMEOUT; received 0 response(s) [] and 0 exception(s); s0@group-808489D4E928:t143, leader=null, voted=s0, raftlog=s0@group-808489D4E928-SegmentedRaftLog:OPENED:c-1,f-1,i0, conf=-1: [s0:0.0.0.0:42957, s1:0.0.0.0:41030, s2:0.0.0.0:35144], old=null
2019-09-26 09:46:28,464 INFO  impl.LeaderElection (LeaderElection.java:askForVotes(178)) - s0@group-808489D4E928-LeaderElection23: begin an election at term 144 for -1: [s0:0.0.0.0:42957, s1:0.0.0.0:41030, s2:0.0.0.0:35144], old=null
2019-09-26 09:46:28,511 INFO  impl.LeaderElection (LeaderElection.java:logAndReturn(56)) - s1@group-808489D4E928-LeaderElection25: Election TIMEOUT; received 0 response(s) [] and 1 exception(s); s1@group-808489D4E928:t134, leader=null, voted=s1, raftlog=s1@group-808489D4E928-SegmentedRaftLog:OPENED:c0,f0,i0, conf=0: [s0:0.0.0.0:42957, s1:0.0.0.0:41030, s2:0.0.0.0:35144], old=null
2019-09-26 09:46:28,512 INFO  impl.LeaderElection (LogUtils.java:infoOrTrace(149)) -   Exception 0: java.util.concurrent.ExecutionException: org.apache.ratis.thirdparty.io.netty.channel.AbstractChannel$AnnotatedConnectException: Connection refused: /0.0.0.0:35144
2019-09-26 09:46:28,528 INFO  impl.LeaderElection (LeaderElection.java:askForVotes(178)) - s1@group-808489D4E928-LeaderElection25: begin an election at term 135 for 0: [s0:0.0.0.0:42957, s1:0.0.0.0:41030, s2:0.0.0.0:35144], old=null
2019-09-26 09:46:28,530 INFO  impl.LeaderElection (LogUtils.java:infoOrTrace(149)) - s1@group-808489D4E928-LeaderElection25 got exception when requesting votes: java.util.concurrent.ExecutionException: org.apache.ratis.thirdparty.io.netty.channel.AbstractChannel$AnnotatedConnectException: Connection refused: /0.0.0.0:35144
2019-09-26 09:46:28,718 INFO  impl.LeaderElection (LeaderElection.java:logAndReturn(56)) - s0@group-808489D4E928-LeaderElection23: Election TIMEOUT; received 0 response(s) [] and 0 exception(s); s0@group-808489D4E928:t144, leader=null, voted=s0, raftlog=s0@group-808489D4E928-SegmentedRaftLog:OPENED:c-1,f-1,i0, conf=-1: [s0:0.0.0.0:42957, s1:0.0.0.0:41030, s2:0.0.0.0:35144], old=null
2019-09-26 09:46:28,731 INFO  impl.LeaderElection (LeaderElection.java:askForVotes(178)) - s0@group-808489D4E928-LeaderElection23: begin an election at term 145 for -1: [s0:0.0.0.0:42957, s1:0.0.0.0:41030, s2:0.0.0.0:35144], old=null
2019-09-26 09:46:28,752 WARN  ratis.RaftTestUtil (JavaUtils.java:attempt(158)) - FAILED "waitForLeader-null-(expectLeader? true)", attempt #72/100: java.lang.IllegalStateException: No leader yet : printing ALL groups
  s3:   CLOSED  FOLLOWER s3@group-808489D4E928:t0, leader=null, voted=null, raftlog=s3@group-808489D4E928-SegmentedRaftLog:CLOSED:c-1, conf=-1: [s0:0.0.0.0:42957, s1:0.0.0.0:41030, s2:0.0.0.0:35144], old=null CLOSED
  s0:  RUNNING CANDIDATE s0@group-808489D4E928:t145, leader=null, voted=s0, raftlog=s0@group-808489D4E928-SegmentedRaftLog:OPENED:c-1,f-1,i0, conf=-1: [s0:0.0.0.0:42957, s1:0.0.0.0:41030, s2:0.0.0.0:35144], old=null RUNNING
  s1:  RUNNING CANDIDATE s1@group-808489D4E928:t135, leader=null, voted=s1, raftlog=s1@group-808489D4E928-SegmentedRaftLog:OPENED:c0,f0,i0, conf=0: [s0:0.0.0.0:42957, s1:0.0.0.0:41030, s2:0.0.0.0:35144], old=null RUNNING
  s2:   CLOSED    LEADER s2@group-808489D4E928:t1, leader=s2, voted=s2, raftlog=s2@group-808489D4E928-SegmentedRaftLog:CLOSED:c0, conf=0: [s0:0.0.0.0:42957, s1:0.0.0.0:41030, s2:0.0.0.0:35144], old=null CLOSED, sleep 450ms and then retry.
java.lang.IllegalStateException: No leader yet : printing ALL groups
  s3:   CLOSED  FOLLOWER s3@group-808489D4E928:t0, leader=null, voted=null, raftlog=s3@group-808489D4E928-SegmentedRaftLog:CLOSED:c-1, conf=-1: [s0:0.0.0.0:42957, s1:0.0.0.0:41030, s2:0.0.0.0:35144], old=null CLOSED
  s0:  RUNNING CANDIDATE s0@group-808489D4E928:t145, leader=null, voted=s0, raftlog=s0@group-808489D4E928-SegmentedRaftLog:OPENED:c-1,f-1,i0, conf=-1: [s0:0.0.0.0:42957, s1:0.0.0.0:41030, s2:0.0.0.0:35144], old=null RUNNING
  s1:  RUNNING CANDIDATE s1@group-808489D4E928:t135, leader=null, voted=s1, raftlog=s1@group-808489D4E928-SegmentedRaftLog:OPENED:c0,f0,i0, conf=0: [s0:0.0.0.0:42957, s1:0.0.0.0:41030, s2:0.0.0.0:35144], old=null RUNNING
  s2:   CLOSED    LEADER s2@group-808489D4E928:t1, leader=s2, voted=s2, raftlog=s2@group-808489D4E928-SegmentedRaftLog:CLOSED:c0, conf=0: [s0:0.0.0.0:42957, s1:0.0.0.0:41030, s2:0.0.0.0:35144], old=null CLOSED
	at org.apache.ratis.MiniRaftCluster.newIllegalStateExceptionForNoLeaders(MiniRaftCluster.java:506)
	at org.apache.ratis.RaftTestUtil.lambda$waitForLeader$1(RaftTestUtil.java:90)
	at org.apache.ratis.MiniRaftCluster.getLeader(MiniRaftCluster.java:539)
	at org.apache.ratis.MiniRaftCluster.getLeader(MiniRaftCluster.java:532)
	at org.apache.ratis.RaftTestUtil.lambda$waitForLeader$3(RaftTestUtil.java:98)
	at org.apache.ratis.util.JavaUtils.attempt(JavaUtils.java:152)
	at org.apache.ratis.RaftTestUtil.waitForLeader(RaftTestUtil.java:97)
	at org.apache.ratis.RaftTestUtil.waitForLeader(RaftTestUtil.java:77)
	at org.apache.ratis.RaftTestUtil.waitForLeader(RaftTestUtil.java:72)
	at org.apache.ratis.server.impl.RaftReconfigurationBaseTest.runTestKillLeaderDuringReconf(RaftReconfigurationBaseTest.java:353)
	at org.apache.ratis.MiniRaftCluster$Factory$Get.runWithNewCluster(MiniRaftCluster.java:125)
	at org.apache.ratis.MiniRaftCluster$Factory$Get.runWithNewCluster(MiniRaftCluster.java:113)
	at org.apache.ratis.server.impl.RaftReconfigurationBaseTest.testKillLeaderDuringReconf(RaftReconfigurationBaseTest.java:304)
	at sun.reflect.NativeMethodAccessorImpl.invoke0(Native Method)
	at sun.reflect.NativeMethodAccessorImpl.invoke(NativeMethodAccessorImpl.java:62)
	at sun.reflect.DelegatingMethodAccessorImpl.invoke(DelegatingMethodAccessorImpl.java:43)
	at java.lang.reflect.Method.invoke(Method.java:498)
	at org.junit.runners.model.FrameworkMethod$1.runReflectiveCall(FrameworkMethod.java:50)
	at org.junit.internal.runners.model.ReflectiveCallable.run(ReflectiveCallable.java:12)
	at org.junit.runners.model.FrameworkMethod.invokeExplosively(FrameworkMethod.java:47)
	at org.junit.internal.runners.statements.InvokeMethod.evaluate(InvokeMethod.java:17)
	at org.junit.internal.runners.statements.RunAfters.evaluate(RunAfters.java:27)
	at org.junit.internal.runners.statements.FailOnTimeout$CallableStatement.call(FailOnTimeout.java:298)
	at org.junit.internal.runners.statements.FailOnTimeout$CallableStatement.call(FailOnTimeout.java:292)
	at java.util.concurrent.FutureTask.run(FutureTask.java:266)
	at java.lang.Thread.run(Thread.java:748)
2019-09-26 09:46:28,755 INFO  impl.LeaderElection (LeaderElection.java:logAndReturn(56)) - s1@group-808489D4E928-LeaderElection25: Election TIMEOUT; received 0 response(s) [] and 1 exception(s); s1@group-808489D4E928:t135, leader=null, voted=s1, raftlog=s1@group-808489D4E928-SegmentedRaftLog:OPENED:c0,f0,i0, conf=0: [s0:0.0.0.0:42957, s1:0.0.0.0:41030, s2:0.0.0.0:35144], old=null
2019-09-26 09:46:28,755 INFO  impl.LeaderElection (LogUtils.java:infoOrTrace(149)) -   Exception 0: java.util.concurrent.ExecutionException: org.apache.ratis.thirdparty.io.netty.channel.AbstractChannel$AnnotatedConnectException: Connection refused: /0.0.0.0:35144
2019-09-26 09:46:28,768 INFO  impl.LeaderElection (LeaderElection.java:askForVotes(178)) - s1@group-808489D4E928-LeaderElection25: begin an election at term 136 for 0: [s0:0.0.0.0:42957, s1:0.0.0.0:41030, s2:0.0.0.0:35144], old=null
2019-09-26 09:46:28,770 INFO  impl.LeaderElection (LogUtils.java:infoOrTrace(149)) - s1@group-808489D4E928-LeaderElection25 got exception when requesting votes: java.util.concurrent.ExecutionException: org.apache.ratis.thirdparty.io.netty.channel.AbstractChannel$AnnotatedConnectException: Connection refused: /0.0.0.0:35144
2019-09-26 09:46:28,995 INFO  impl.LeaderElection (LeaderElection.java:logAndReturn(56)) - s1@group-808489D4E928-LeaderElection25: Election TIMEOUT; received 0 response(s) [] and 1 exception(s); s1@group-808489D4E928:t136, leader=null, voted=s1, raftlog=s1@group-808489D4E928-SegmentedRaftLog:OPENED:c0,f0,i0, conf=0: [s0:0.0.0.0:42957, s1:0.0.0.0:41030, s2:0.0.0.0:35144], old=null
2019-09-26 09:46:28,995 INFO  impl.LeaderElection (LogUtils.java:infoOrTrace(149)) -   Exception 0: java.util.concurrent.ExecutionException: org.apache.ratis.thirdparty.io.netty.channel.AbstractChannel$AnnotatedConnectException: Connection refused: /0.0.0.0:35144
2019-09-26 09:46:29,009 INFO  impl.LeaderElection (LeaderElection.java:askForVotes(178)) - s1@group-808489D4E928-LeaderElection25: begin an election at term 137 for 0: [s0:0.0.0.0:42957, s1:0.0.0.0:41030, s2:0.0.0.0:35144], old=null
2019-09-26 09:46:29,011 INFO  impl.LeaderElection (LogUtils.java:infoOrTrace(149)) - s1@group-808489D4E928-LeaderElection25 got exception when requesting votes: java.util.concurrent.ExecutionException: org.apache.ratis.thirdparty.io.netty.channel.AbstractChannel$AnnotatedConnectException: Connection refused: /0.0.0.0:35144
2019-09-26 09:46:29,026 INFO  impl.LeaderElection (LeaderElection.java:logAndReturn(56)) - s0@group-808489D4E928-LeaderElection23: Election TIMEOUT; received 0 response(s) [] and 0 exception(s); s0@group-808489D4E928:t145, leader=null, voted=s0, raftlog=s0@group-808489D4E928-SegmentedRaftLog:OPENED:c-1,f-1,i0, conf=-1: [s0:0.0.0.0:42957, s1:0.0.0.0:41030, s2:0.0.0.0:35144], old=null
2019-09-26 09:46:29,039 INFO  impl.LeaderElection (LeaderElection.java:askForVotes(178)) - s0@group-808489D4E928-LeaderElection23: begin an election at term 146 for -1: [s0:0.0.0.0:42957, s1:0.0.0.0:41030, s2:0.0.0.0:35144], old=null
2019-09-26 09:46:29,182 INFO  impl.LeaderElection (LeaderElection.java:logAndReturn(56)) - s1@group-808489D4E928-LeaderElection25: Election TIMEOUT; received 0 response(s) [] and 1 exception(s); s1@group-808489D4E928:t137, leader=null, voted=s1, raftlog=s1@group-808489D4E928-SegmentedRaftLog:OPENED:c0,f0,i0, conf=0: [s0:0.0.0.0:42957, s1:0.0.0.0:41030, s2:0.0.0.0:35144], old=null
2019-09-26 09:46:29,182 INFO  impl.LeaderElection (LogUtils.java:infoOrTrace(149)) -   Exception 0: java.util.concurrent.ExecutionException: org.apache.ratis.thirdparty.io.netty.channel.AbstractChannel$AnnotatedConnectException: Connection refused: /0.0.0.0:35144
2019-09-26 09:46:29,196 INFO  impl.LeaderElection (LeaderElection.java:askForVotes(178)) - s1@group-808489D4E928-LeaderElection25: begin an election at term 138 for 0: [s0:0.0.0.0:42957, s1:0.0.0.0:41030, s2:0.0.0.0:35144], old=null
2019-09-26 09:46:29,198 INFO  impl.LeaderElection (LogUtils.java:infoOrTrace(149)) - s1@group-808489D4E928-LeaderElection25 got exception when requesting votes: java.util.concurrent.ExecutionException: org.apache.ratis.thirdparty.io.netty.channel.AbstractChannel$AnnotatedConnectException: Connection refused: /0.0.0.0:35144
2019-09-26 09:46:29,203 WARN  ratis.RaftTestUtil (JavaUtils.java:attempt(158)) - FAILED "waitForLeader-null-(expectLeader? true)", attempt #73/100: java.lang.IllegalStateException: No leader yet : printing ALL groups
  s3:   CLOSED  FOLLOWER s3@group-808489D4E928:t0, leader=null, voted=null, raftlog=s3@group-808489D4E928-SegmentedRaftLog:CLOSED:c-1, conf=-1: [s0:0.0.0.0:42957, s1:0.0.0.0:41030, s2:0.0.0.0:35144], old=null CLOSED
  s0:  RUNNING CANDIDATE s0@group-808489D4E928:t146, leader=null, voted=s0, raftlog=s0@group-808489D4E928-SegmentedRaftLog:OPENED:c-1,f-1,i0, conf=-1: [s0:0.0.0.0:42957, s1:0.0.0.0:41030, s2:0.0.0.0:35144], old=null RUNNING
  s1:  RUNNING CANDIDATE s1@group-808489D4E928:t138, leader=null, voted=s1, raftlog=s1@group-808489D4E928-SegmentedRaftLog:OPENED:c0,f0,i0, conf=0: [s0:0.0.0.0:42957, s1:0.0.0.0:41030, s2:0.0.0.0:35144], old=null RUNNING
  s2:   CLOSED    LEADER s2@group-808489D4E928:t1, leader=s2, voted=s2, raftlog=s2@group-808489D4E928-SegmentedRaftLog:CLOSED:c0, conf=0: [s0:0.0.0.0:42957, s1:0.0.0.0:41030, s2:0.0.0.0:35144], old=null CLOSED, sleep 450ms and then retry.
java.lang.IllegalStateException: No leader yet : printing ALL groups
  s3:   CLOSED  FOLLOWER s3@group-808489D4E928:t0, leader=null, voted=null, raftlog=s3@group-808489D4E928-SegmentedRaftLog:CLOSED:c-1, conf=-1: [s0:0.0.0.0:42957, s1:0.0.0.0:41030, s2:0.0.0.0:35144], old=null CLOSED
  s0:  RUNNING CANDIDATE s0@group-808489D4E928:t146, leader=null, voted=s0, raftlog=s0@group-808489D4E928-SegmentedRaftLog:OPENED:c-1,f-1,i0, conf=-1: [s0:0.0.0.0:42957, s1:0.0.0.0:41030, s2:0.0.0.0:35144], old=null RUNNING
  s1:  RUNNING CANDIDATE s1@group-808489D4E928:t138, leader=null, voted=s1, raftlog=s1@group-808489D4E928-SegmentedRaftLog:OPENED:c0,f0,i0, conf=0: [s0:0.0.0.0:42957, s1:0.0.0.0:41030, s2:0.0.0.0:35144], old=null RUNNING
  s2:   CLOSED    LEADER s2@group-808489D4E928:t1, leader=s2, voted=s2, raftlog=s2@group-808489D4E928-SegmentedRaftLog:CLOSED:c0, conf=0: [s0:0.0.0.0:42957, s1:0.0.0.0:41030, s2:0.0.0.0:35144], old=null CLOSED
	at org.apache.ratis.MiniRaftCluster.newIllegalStateExceptionForNoLeaders(MiniRaftCluster.java:506)
	at org.apache.ratis.RaftTestUtil.lambda$waitForLeader$1(RaftTestUtil.java:90)
	at org.apache.ratis.MiniRaftCluster.getLeader(MiniRaftCluster.java:539)
	at org.apache.ratis.MiniRaftCluster.getLeader(MiniRaftCluster.java:532)
	at org.apache.ratis.RaftTestUtil.lambda$waitForLeader$3(RaftTestUtil.java:98)
	at org.apache.ratis.util.JavaUtils.attempt(JavaUtils.java:152)
	at org.apache.ratis.RaftTestUtil.waitForLeader(RaftTestUtil.java:97)
	at org.apache.ratis.RaftTestUtil.waitForLeader(RaftTestUtil.java:77)
	at org.apache.ratis.RaftTestUtil.waitForLeader(RaftTestUtil.java:72)
	at org.apache.ratis.server.impl.RaftReconfigurationBaseTest.runTestKillLeaderDuringReconf(RaftReconfigurationBaseTest.java:353)
	at org.apache.ratis.MiniRaftCluster$Factory$Get.runWithNewCluster(MiniRaftCluster.java:125)
	at org.apache.ratis.MiniRaftCluster$Factory$Get.runWithNewCluster(MiniRaftCluster.java:113)
	at org.apache.ratis.server.impl.RaftReconfigurationBaseTest.testKillLeaderDuringReconf(RaftReconfigurationBaseTest.java:304)
	at sun.reflect.NativeMethodAccessorImpl.invoke0(Native Method)
	at sun.reflect.NativeMethodAccessorImpl.invoke(NativeMethodAccessorImpl.java:62)
	at sun.reflect.DelegatingMethodAccessorImpl.invoke(DelegatingMethodAccessorImpl.java:43)
	at java.lang.reflect.Method.invoke(Method.java:498)
	at org.junit.runners.model.FrameworkMethod$1.runReflectiveCall(FrameworkMethod.java:50)
	at org.junit.internal.runners.model.ReflectiveCallable.run(ReflectiveCallable.java:12)
	at org.junit.runners.model.FrameworkMethod.invokeExplosively(FrameworkMethod.java:47)
	at org.junit.internal.runners.statements.InvokeMethod.evaluate(InvokeMethod.java:17)
	at org.junit.internal.runners.statements.RunAfters.evaluate(RunAfters.java:27)
	at org.junit.internal.runners.statements.FailOnTimeout$CallableStatement.call(FailOnTimeout.java:298)
	at org.junit.internal.runners.statements.FailOnTimeout$CallableStatement.call(FailOnTimeout.java:292)
	at java.util.concurrent.FutureTask.run(FutureTask.java:266)
	at java.lang.Thread.run(Thread.java:748)
2019-09-26 09:46:29,213 INFO  impl.LeaderElection (LeaderElection.java:logAndReturn(56)) - s0@group-808489D4E928-LeaderElection23: Election TIMEOUT; received 0 response(s) [] and 0 exception(s); s0@group-808489D4E928:t146, leader=null, voted=s0, raftlog=s0@group-808489D4E928-SegmentedRaftLog:OPENED:c-1,f-1,i0, conf=-1: [s0:0.0.0.0:42957, s1:0.0.0.0:41030, s2:0.0.0.0:35144], old=null
2019-09-26 09:46:29,227 INFO  impl.LeaderElection (LeaderElection.java:askForVotes(178)) - s0@group-808489D4E928-LeaderElection23: begin an election at term 147 for -1: [s0:0.0.0.0:42957, s1:0.0.0.0:41030, s2:0.0.0.0:35144], old=null
2019-09-26 09:46:29,378 INFO  impl.LeaderElection (LeaderElection.java:logAndReturn(56)) - s1@group-808489D4E928-LeaderElection25: Election TIMEOUT; received 0 response(s) [] and 1 exception(s); s1@group-808489D4E928:t138, leader=null, voted=s1, raftlog=s1@group-808489D4E928-SegmentedRaftLog:OPENED:c0,f0,i0, conf=0: [s0:0.0.0.0:42957, s1:0.0.0.0:41030, s2:0.0.0.0:35144], old=null
2019-09-26 09:46:29,379 INFO  impl.LeaderElection (LogUtils.java:infoOrTrace(149)) -   Exception 0: java.util.concurrent.ExecutionException: org.apache.ratis.thirdparty.io.netty.channel.AbstractChannel$AnnotatedConnectException: Connection refused: /0.0.0.0:35144
2019-09-26 09:46:29,393 INFO  impl.LeaderElection (LeaderElection.java:askForVotes(178)) - s1@group-808489D4E928-LeaderElection25: begin an election at term 139 for 0: [s0:0.0.0.0:42957, s1:0.0.0.0:41030, s2:0.0.0.0:35144], old=null
2019-09-26 09:46:29,396 INFO  impl.LeaderElection (LogUtils.java:infoOrTrace(149)) - s1@group-808489D4E928-LeaderElection25 got exception when requesting votes: java.util.concurrent.ExecutionException: org.apache.ratis.thirdparty.io.netty.channel.AbstractChannel$AnnotatedConnectException: Connection refused: /0.0.0.0:35144
2019-09-26 09:46:29,411 INFO  impl.LeaderElection (LeaderElection.java:logAndReturn(56)) - s0@group-808489D4E928-LeaderElection23: Election TIMEOUT; received 0 response(s) [] and 0 exception(s); s0@group-808489D4E928:t147, leader=null, voted=s0, raftlog=s0@group-808489D4E928-SegmentedRaftLog:OPENED:c-1,f-1,i0, conf=-1: [s0:0.0.0.0:42957, s1:0.0.0.0:41030, s2:0.0.0.0:35144], old=null
2019-09-26 09:46:29,431 INFO  impl.LeaderElection (LeaderElection.java:askForVotes(178)) - s0@group-808489D4E928-LeaderElection23: begin an election at term 148 for -1: [s0:0.0.0.0:42957, s1:0.0.0.0:41030, s2:0.0.0.0:35144], old=null
2019-09-26 09:46:29,637 INFO  impl.LeaderElection (LeaderElection.java:logAndReturn(56)) - s0@group-808489D4E928-LeaderElection23: Election TIMEOUT; received 0 response(s) [] and 0 exception(s); s0@group-808489D4E928:t148, leader=null, voted=s0, raftlog=s0@group-808489D4E928-SegmentedRaftLog:OPENED:c-1,f-1,i0, conf=-1: [s0:0.0.0.0:42957, s1:0.0.0.0:41030, s2:0.0.0.0:35144], old=null
2019-09-26 09:46:29,650 INFO  impl.LeaderElection (LeaderElection.java:askForVotes(178)) - s0@group-808489D4E928-LeaderElection23: begin an election at term 149 for -1: [s0:0.0.0.0:42957, s1:0.0.0.0:41030, s2:0.0.0.0:35144], old=null
2019-09-26 09:46:29,654 WARN  ratis.RaftTestUtil (JavaUtils.java:attempt(158)) - FAILED "waitForLeader-null-(expectLeader? true)", attempt #74/100: java.lang.IllegalStateException: No leader yet : printing ALL groups
  s3:   CLOSED  FOLLOWER s3@group-808489D4E928:t0, leader=null, voted=null, raftlog=s3@group-808489D4E928-SegmentedRaftLog:CLOSED:c-1, conf=-1: [s0:0.0.0.0:42957, s1:0.0.0.0:41030, s2:0.0.0.0:35144], old=null CLOSED
  s0:  RUNNING CANDIDATE s0@group-808489D4E928:t149, leader=null, voted=s0, raftlog=s0@group-808489D4E928-SegmentedRaftLog:OPENED:c-1,f-1,i0, conf=-1: [s0:0.0.0.0:42957, s1:0.0.0.0:41030, s2:0.0.0.0:35144], old=null RUNNING
  s1:  RUNNING CANDIDATE s1@group-808489D4E928:t139, leader=null, voted=s1, raftlog=s1@group-808489D4E928-SegmentedRaftLog:OPENED:c0,f0,i0, conf=0: [s0:0.0.0.0:42957, s1:0.0.0.0:41030, s2:0.0.0.0:35144], old=null RUNNING
  s2:   CLOSED    LEADER s2@group-808489D4E928:t1, leader=s2, voted=s2, raftlog=s2@group-808489D4E928-SegmentedRaftLog:CLOSED:c0, conf=0: [s0:0.0.0.0:42957, s1:0.0.0.0:41030, s2:0.0.0.0:35144], old=null CLOSED, sleep 450ms and then retry.
java.lang.IllegalStateException: No leader yet : printing ALL groups
  s3:   CLOSED  FOLLOWER s3@group-808489D4E928:t0, leader=null, voted=null, raftlog=s3@group-808489D4E928-SegmentedRaftLog:CLOSED:c-1, conf=-1: [s0:0.0.0.0:42957, s1:0.0.0.0:41030, s2:0.0.0.0:35144], old=null CLOSED
  s0:  RUNNING CANDIDATE s0@group-808489D4E928:t149, leader=null, voted=s0, raftlog=s0@group-808489D4E928-SegmentedRaftLog:OPENED:c-1,f-1,i0, conf=-1: [s0:0.0.0.0:42957, s1:0.0.0.0:41030, s2:0.0.0.0:35144], old=null RUNNING
  s1:  RUNNING CANDIDATE s1@group-808489D4E928:t139, leader=null, voted=s1, raftlog=s1@group-808489D4E928-SegmentedRaftLog:OPENED:c0,f0,i0, conf=0: [s0:0.0.0.0:42957, s1:0.0.0.0:41030, s2:0.0.0.0:35144], old=null RUNNING
  s2:   CLOSED    LEADER s2@group-808489D4E928:t1, leader=s2, voted=s2, raftlog=s2@group-808489D4E928-SegmentedRaftLog:CLOSED:c0, conf=0: [s0:0.0.0.0:42957, s1:0.0.0.0:41030, s2:0.0.0.0:35144], old=null CLOSED
	at org.apache.ratis.MiniRaftCluster.newIllegalStateExceptionForNoLeaders(MiniRaftCluster.java:506)
	at org.apache.ratis.RaftTestUtil.lambda$waitForLeader$1(RaftTestUtil.java:90)
	at org.apache.ratis.MiniRaftCluster.getLeader(MiniRaftCluster.java:539)
	at org.apache.ratis.MiniRaftCluster.getLeader(MiniRaftCluster.java:532)
	at org.apache.ratis.RaftTestUtil.lambda$waitForLeader$3(RaftTestUtil.java:98)
	at org.apache.ratis.util.JavaUtils.attempt(JavaUtils.java:152)
	at org.apache.ratis.RaftTestUtil.waitForLeader(RaftTestUtil.java:97)
	at org.apache.ratis.RaftTestUtil.waitForLeader(RaftTestUtil.java:77)
	at org.apache.ratis.RaftTestUtil.waitForLeader(RaftTestUtil.java:72)
	at org.apache.ratis.server.impl.RaftReconfigurationBaseTest.runTestKillLeaderDuringReconf(RaftReconfigurationBaseTest.java:353)
	at org.apache.ratis.MiniRaftCluster$Factory$Get.runWithNewCluster(MiniRaftCluster.java:125)
	at org.apache.ratis.MiniRaftCluster$Factory$Get.runWithNewCluster(MiniRaftCluster.java:113)
	at org.apache.ratis.server.impl.RaftReconfigurationBaseTest.testKillLeaderDuringReconf(RaftReconfigurationBaseTest.java:304)
	at sun.reflect.NativeMethodAccessorImpl.invoke0(Native Method)
	at sun.reflect.NativeMethodAccessorImpl.invoke(NativeMethodAccessorImpl.java:62)
	at sun.reflect.DelegatingMethodAccessorImpl.invoke(DelegatingMethodAccessorImpl.java:43)
	at java.lang.reflect.Method.invoke(Method.java:498)
	at org.junit.runners.model.FrameworkMethod$1.runReflectiveCall(FrameworkMethod.java:50)
	at org.junit.internal.runners.model.ReflectiveCallable.run(ReflectiveCallable.java:12)
	at org.junit.runners.model.FrameworkMethod.invokeExplosively(FrameworkMethod.java:47)
	at org.junit.internal.runners.statements.InvokeMethod.evaluate(InvokeMethod.java:17)
	at org.junit.internal.runners.statements.RunAfters.evaluate(RunAfters.java:27)
	at org.junit.internal.runners.statements.FailOnTimeout$CallableStatement.call(FailOnTimeout.java:298)
	at org.junit.internal.runners.statements.FailOnTimeout$CallableStatement.call(FailOnTimeout.java:292)
	at java.util.concurrent.FutureTask.run(FutureTask.java:266)
	at java.lang.Thread.run(Thread.java:748)
2019-09-26 09:46:29,688 INFO  impl.LeaderElection (LeaderElection.java:logAndReturn(56)) - s1@group-808489D4E928-LeaderElection25: Election TIMEOUT; received 0 response(s) [] and 1 exception(s); s1@group-808489D4E928:t139, leader=null, voted=s1, raftlog=s1@group-808489D4E928-SegmentedRaftLog:OPENED:c0,f0,i0, conf=0: [s0:0.0.0.0:42957, s1:0.0.0.0:41030, s2:0.0.0.0:35144], old=null
2019-09-26 09:46:29,688 INFO  impl.LeaderElection (LogUtils.java:infoOrTrace(149)) -   Exception 0: java.util.concurrent.ExecutionException: org.apache.ratis.thirdparty.io.netty.channel.AbstractChannel$AnnotatedConnectException: Connection refused: /0.0.0.0:35144
2019-09-26 09:46:29,701 INFO  impl.LeaderElection (LeaderElection.java:askForVotes(178)) - s1@group-808489D4E928-LeaderElection25: begin an election at term 140 for 0: [s0:0.0.0.0:42957, s1:0.0.0.0:41030, s2:0.0.0.0:35144], old=null
2019-09-26 09:46:29,703 INFO  impl.LeaderElection (LogUtils.java:infoOrTrace(149)) - s1@group-808489D4E928-LeaderElection25 got exception when requesting votes: java.util.concurrent.ExecutionException: org.apache.ratis.thirdparty.io.netty.channel.AbstractChannel$AnnotatedConnectException: Connection refused: /0.0.0.0:35144
2019-09-26 09:46:29,870 INFO  impl.LeaderElection (LeaderElection.java:logAndReturn(56)) - s0@group-808489D4E928-LeaderElection23: Election TIMEOUT; received 0 response(s) [] and 0 exception(s); s0@group-808489D4E928:t149, leader=null, voted=s0, raftlog=s0@group-808489D4E928-SegmentedRaftLog:OPENED:c-1,f-1,i0, conf=-1: [s0:0.0.0.0:42957, s1:0.0.0.0:41030, s2:0.0.0.0:35144], old=null
2019-09-26 09:46:29,883 INFO  impl.LeaderElection (LeaderElection.java:askForVotes(178)) - s0@group-808489D4E928-LeaderElection23: begin an election at term 150 for -1: [s0:0.0.0.0:42957, s1:0.0.0.0:41030, s2:0.0.0.0:35144], old=null
2019-09-26 09:46:29,931 INFO  impl.LeaderElection (LeaderElection.java:logAndReturn(56)) - s1@group-808489D4E928-LeaderElection25: Election TIMEOUT; received 0 response(s) [] and 1 exception(s); s1@group-808489D4E928:t140, leader=null, voted=s1, raftlog=s1@group-808489D4E928-SegmentedRaftLog:OPENED:c0,f0,i0, conf=0: [s0:0.0.0.0:42957, s1:0.0.0.0:41030, s2:0.0.0.0:35144], old=null
2019-09-26 09:46:29,931 INFO  impl.LeaderElection (LogUtils.java:infoOrTrace(149)) -   Exception 0: java.util.concurrent.ExecutionException: org.apache.ratis.thirdparty.io.netty.channel.AbstractChannel$AnnotatedConnectException: Connection refused: /0.0.0.0:35144
2019-09-26 09:46:29,944 INFO  impl.LeaderElection (LeaderElection.java:askForVotes(178)) - s1@group-808489D4E928-LeaderElection25: begin an election at term 141 for 0: [s0:0.0.0.0:42957, s1:0.0.0.0:41030, s2:0.0.0.0:35144], old=null
2019-09-26 09:46:29,946 INFO  impl.LeaderElection (LogUtils.java:infoOrTrace(149)) - s1@group-808489D4E928-LeaderElection25 got exception when requesting votes: java.util.concurrent.ExecutionException: org.apache.ratis.thirdparty.io.netty.channel.AbstractChannel$AnnotatedConnectException: Connection refused: /0.0.0.0:35144
2019-09-26 09:46:30,059 INFO  impl.LeaderElection (LeaderElection.java:logAndReturn(56)) - s0@group-808489D4E928-LeaderElection23: Election TIMEOUT; received 0 response(s) [] and 0 exception(s); s0@group-808489D4E928:t150, leader=null, voted=s0, raftlog=s0@group-808489D4E928-SegmentedRaftLog:OPENED:c-1,f-1,i0, conf=-1: [s0:0.0.0.0:42957, s1:0.0.0.0:41030, s2:0.0.0.0:35144], old=null
2019-09-26 09:46:30,073 INFO  impl.LeaderElection (LeaderElection.java:askForVotes(178)) - s0@group-808489D4E928-LeaderElection23: begin an election at term 151 for -1: [s0:0.0.0.0:42957, s1:0.0.0.0:41030, s2:0.0.0.0:35144], old=null
2019-09-26 09:46:30,105 WARN  ratis.RaftTestUtil (JavaUtils.java:attempt(158)) - FAILED "waitForLeader-null-(expectLeader? true)", attempt #75/100: java.lang.IllegalStateException: No leader yet : printing ALL groups
  s3:   CLOSED  FOLLOWER s3@group-808489D4E928:t0, leader=null, voted=null, raftlog=s3@group-808489D4E928-SegmentedRaftLog:CLOSED:c-1, conf=-1: [s0:0.0.0.0:42957, s1:0.0.0.0:41030, s2:0.0.0.0:35144], old=null CLOSED
  s0:  RUNNING CANDIDATE s0@group-808489D4E928:t151, leader=null, voted=s0, raftlog=s0@group-808489D4E928-SegmentedRaftLog:OPENED:c-1,f-1,i0, conf=-1: [s0:0.0.0.0:42957, s1:0.0.0.0:41030, s2:0.0.0.0:35144], old=null RUNNING
  s1:  RUNNING CANDIDATE s1@group-808489D4E928:t141, leader=null, voted=s1, raftlog=s1@group-808489D4E928-SegmentedRaftLog:OPENED:c0,f0,i0, conf=0: [s0:0.0.0.0:42957, s1:0.0.0.0:41030, s2:0.0.0.0:35144], old=null RUNNING
  s2:   CLOSED    LEADER s2@group-808489D4E928:t1, leader=s2, voted=s2, raftlog=s2@group-808489D4E928-SegmentedRaftLog:CLOSED:c0, conf=0: [s0:0.0.0.0:42957, s1:0.0.0.0:41030, s2:0.0.0.0:35144], old=null CLOSED, sleep 450ms and then retry.
java.lang.IllegalStateException: No leader yet : printing ALL groups
  s3:   CLOSED  FOLLOWER s3@group-808489D4E928:t0, leader=null, voted=null, raftlog=s3@group-808489D4E928-SegmentedRaftLog:CLOSED:c-1, conf=-1: [s0:0.0.0.0:42957, s1:0.0.0.0:41030, s2:0.0.0.0:35144], old=null CLOSED
  s0:  RUNNING CANDIDATE s0@group-808489D4E928:t151, leader=null, voted=s0, raftlog=s0@group-808489D4E928-SegmentedRaftLog:OPENED:c-1,f-1,i0, conf=-1: [s0:0.0.0.0:42957, s1:0.0.0.0:41030, s2:0.0.0.0:35144], old=null RUNNING
  s1:  RUNNING CANDIDATE s1@group-808489D4E928:t141, leader=null, voted=s1, raftlog=s1@group-808489D4E928-SegmentedRaftLog:OPENED:c0,f0,i0, conf=0: [s0:0.0.0.0:42957, s1:0.0.0.0:41030, s2:0.0.0.0:35144], old=null RUNNING
  s2:   CLOSED    LEADER s2@group-808489D4E928:t1, leader=s2, voted=s2, raftlog=s2@group-808489D4E928-SegmentedRaftLog:CLOSED:c0, conf=0: [s0:0.0.0.0:42957, s1:0.0.0.0:41030, s2:0.0.0.0:35144], old=null CLOSED
	at org.apache.ratis.MiniRaftCluster.newIllegalStateExceptionForNoLeaders(MiniRaftCluster.java:506)
	at org.apache.ratis.RaftTestUtil.lambda$waitForLeader$1(RaftTestUtil.java:90)
	at org.apache.ratis.MiniRaftCluster.getLeader(MiniRaftCluster.java:539)
	at org.apache.ratis.MiniRaftCluster.getLeader(MiniRaftCluster.java:532)
	at org.apache.ratis.RaftTestUtil.lambda$waitForLeader$3(RaftTestUtil.java:98)
	at org.apache.ratis.util.JavaUtils.attempt(JavaUtils.java:152)
	at org.apache.ratis.RaftTestUtil.waitForLeader(RaftTestUtil.java:97)
	at org.apache.ratis.RaftTestUtil.waitForLeader(RaftTestUtil.java:77)
	at org.apache.ratis.RaftTestUtil.waitForLeader(RaftTestUtil.java:72)
	at org.apache.ratis.server.impl.RaftReconfigurationBaseTest.runTestKillLeaderDuringReconf(RaftReconfigurationBaseTest.java:353)
	at org.apache.ratis.MiniRaftCluster$Factory$Get.runWithNewCluster(MiniRaftCluster.java:125)
	at org.apache.ratis.MiniRaftCluster$Factory$Get.runWithNewCluster(MiniRaftCluster.java:113)
	at org.apache.ratis.server.impl.RaftReconfigurationBaseTest.testKillLeaderDuringReconf(RaftReconfigurationBaseTest.java:304)
	at sun.reflect.NativeMethodAccessorImpl.invoke0(Native Method)
	at sun.reflect.NativeMethodAccessorImpl.invoke(NativeMethodAccessorImpl.java:62)
	at sun.reflect.DelegatingMethodAccessorImpl.invoke(DelegatingMethodAccessorImpl.java:43)
	at java.lang.reflect.Method.invoke(Method.java:498)
	at org.junit.runners.model.FrameworkMethod$1.runReflectiveCall(FrameworkMethod.java:50)
	at org.junit.internal.runners.model.ReflectiveCallable.run(ReflectiveCallable.java:12)
	at org.junit.runners.model.FrameworkMethod.invokeExplosively(FrameworkMethod.java:47)
	at org.junit.internal.runners.statements.InvokeMethod.evaluate(InvokeMethod.java:17)
	at org.junit.internal.runners.statements.RunAfters.evaluate(RunAfters.java:27)
	at org.junit.internal.runners.statements.FailOnTimeout$CallableStatement.call(FailOnTimeout.java:298)
	at org.junit.internal.runners.statements.FailOnTimeout$CallableStatement.call(FailOnTimeout.java:292)
	at java.util.concurrent.FutureTask.run(FutureTask.java:266)
	at java.lang.Thread.run(Thread.java:748)
2019-09-26 09:46:30,221 INFO  impl.LeaderElection (LeaderElection.java:logAndReturn(56)) - s1@group-808489D4E928-LeaderElection25: Election TIMEOUT; received 0 response(s) [] and 1 exception(s); s1@group-808489D4E928:t141, leader=null, voted=s1, raftlog=s1@group-808489D4E928-SegmentedRaftLog:OPENED:c0,f0,i0, conf=0: [s0:0.0.0.0:42957, s1:0.0.0.0:41030, s2:0.0.0.0:35144], old=null
2019-09-26 09:46:30,221 INFO  impl.LeaderElection (LogUtils.java:infoOrTrace(149)) -   Exception 0: java.util.concurrent.ExecutionException: org.apache.ratis.thirdparty.io.netty.channel.AbstractChannel$AnnotatedConnectException: Connection refused: /0.0.0.0:35144
2019-09-26 09:46:30,227 INFO  impl.LeaderElection (LeaderElection.java:askForVotes(178)) - s1@group-808489D4E928-LeaderElection25: begin an election at term 142 for 0: [s0:0.0.0.0:42957, s1:0.0.0.0:41030, s2:0.0.0.0:35144], old=null
2019-09-26 09:46:30,230 INFO  impl.LeaderElection (LogUtils.java:infoOrTrace(149)) - s1@group-808489D4E928-LeaderElection25 got exception when requesting votes: java.util.concurrent.ExecutionException: org.apache.ratis.thirdparty.io.netty.channel.AbstractChannel$AnnotatedConnectException: Connection refused: /0.0.0.0:35144
2019-09-26 09:46:30,268 INFO  impl.LeaderElection (LeaderElection.java:logAndReturn(56)) - s0@group-808489D4E928-LeaderElection23: Election TIMEOUT; received 0 response(s) [] and 0 exception(s); s0@group-808489D4E928:t151, leader=null, voted=s0, raftlog=s0@group-808489D4E928-SegmentedRaftLog:OPENED:c-1,f-1,i0, conf=-1: [s0:0.0.0.0:42957, s1:0.0.0.0:41030, s2:0.0.0.0:35144], old=null
2019-09-26 09:46:30,281 INFO  impl.LeaderElection (LeaderElection.java:askForVotes(178)) - s0@group-808489D4E928-LeaderElection23: begin an election at term 152 for -1: [s0:0.0.0.0:42957, s1:0.0.0.0:41030, s2:0.0.0.0:35144], old=null
2019-09-26 09:46:30,390 INFO  impl.LeaderElection (LeaderElection.java:logAndReturn(56)) - s1@group-808489D4E928-LeaderElection25: Election TIMEOUT; received 0 response(s) [] and 1 exception(s); s1@group-808489D4E928:t142, leader=null, voted=s1, raftlog=s1@group-808489D4E928-SegmentedRaftLog:OPENED:c0,f0,i0, conf=0: [s0:0.0.0.0:42957, s1:0.0.0.0:41030, s2:0.0.0.0:35144], old=null
2019-09-26 09:46:30,390 INFO  impl.LeaderElection (LogUtils.java:infoOrTrace(149)) -   Exception 0: java.util.concurrent.ExecutionException: org.apache.ratis.thirdparty.io.netty.channel.AbstractChannel$AnnotatedConnectException: Connection refused: /0.0.0.0:35144
2019-09-26 09:46:30,403 INFO  impl.LeaderElection (LeaderElection.java:askForVotes(178)) - s1@group-808489D4E928-LeaderElection25: begin an election at term 143 for 0: [s0:0.0.0.0:42957, s1:0.0.0.0:41030, s2:0.0.0.0:35144], old=null
2019-09-26 09:46:30,406 INFO  impl.LeaderElection (LogUtils.java:infoOrTrace(149)) - s1@group-808489D4E928-LeaderElection25 got exception when requesting votes: java.util.concurrent.ExecutionException: org.apache.ratis.thirdparty.io.netty.channel.AbstractChannel$AnnotatedConnectException: Connection refused: /0.0.0.0:35144
2019-09-26 09:46:30,494 INFO  impl.LeaderElection (LeaderElection.java:logAndReturn(56)) - s0@group-808489D4E928-LeaderElection23: Election TIMEOUT; received 0 response(s) [] and 0 exception(s); s0@group-808489D4E928:t152, leader=null, voted=s0, raftlog=s0@group-808489D4E928-SegmentedRaftLog:OPENED:c-1,f-1,i0, conf=-1: [s0:0.0.0.0:42957, s1:0.0.0.0:41030, s2:0.0.0.0:35144], old=null
2019-09-26 09:46:30,507 INFO  impl.LeaderElection (LeaderElection.java:askForVotes(178)) - s0@group-808489D4E928-LeaderElection23: begin an election at term 153 for -1: [s0:0.0.0.0:42957, s1:0.0.0.0:41030, s2:0.0.0.0:35144], old=null
2019-09-26 09:46:30,556 WARN  ratis.RaftTestUtil (JavaUtils.java:attempt(158)) - FAILED "waitForLeader-null-(expectLeader? true)", attempt #76/100: java.lang.IllegalStateException: No leader yet : printing ALL groups
  s3:   CLOSED  FOLLOWER s3@group-808489D4E928:t0, leader=null, voted=null, raftlog=s3@group-808489D4E928-SegmentedRaftLog:CLOSED:c-1, conf=-1: [s0:0.0.0.0:42957, s1:0.0.0.0:41030, s2:0.0.0.0:35144], old=null CLOSED
  s0:  RUNNING CANDIDATE s0@group-808489D4E928:t153, leader=null, voted=s0, raftlog=s0@group-808489D4E928-SegmentedRaftLog:OPENED:c-1,f-1,i0, conf=-1: [s0:0.0.0.0:42957, s1:0.0.0.0:41030, s2:0.0.0.0:35144], old=null RUNNING
  s1:  RUNNING CANDIDATE s1@group-808489D4E928:t143, leader=null, voted=s1, raftlog=s1@group-808489D4E928-SegmentedRaftLog:OPENED:c0,f0,i0, conf=0: [s0:0.0.0.0:42957, s1:0.0.0.0:41030, s2:0.0.0.0:35144], old=null RUNNING
  s2:   CLOSED    LEADER s2@group-808489D4E928:t1, leader=s2, voted=s2, raftlog=s2@group-808489D4E928-SegmentedRaftLog:CLOSED:c0, conf=0: [s0:0.0.0.0:42957, s1:0.0.0.0:41030, s2:0.0.0.0:35144], old=null CLOSED, sleep 450ms and then retry.
java.lang.IllegalStateException: No leader yet : printing ALL groups
  s3:   CLOSED  FOLLOWER s3@group-808489D4E928:t0, leader=null, voted=null, raftlog=s3@group-808489D4E928-SegmentedRaftLog:CLOSED:c-1, conf=-1: [s0:0.0.0.0:42957, s1:0.0.0.0:41030, s2:0.0.0.0:35144], old=null CLOSED
  s0:  RUNNING CANDIDATE s0@group-808489D4E928:t153, leader=null, voted=s0, raftlog=s0@group-808489D4E928-SegmentedRaftLog:OPENED:c-1,f-1,i0, conf=-1: [s0:0.0.0.0:42957, s1:0.0.0.0:41030, s2:0.0.0.0:35144], old=null RUNNING
  s1:  RUNNING CANDIDATE s1@group-808489D4E928:t143, leader=null, voted=s1, raftlog=s1@group-808489D4E928-SegmentedRaftLog:OPENED:c0,f0,i0, conf=0: [s0:0.0.0.0:42957, s1:0.0.0.0:41030, s2:0.0.0.0:35144], old=null RUNNING
  s2:   CLOSED    LEADER s2@group-808489D4E928:t1, leader=s2, voted=s2, raftlog=s2@group-808489D4E928-SegmentedRaftLog:CLOSED:c0, conf=0: [s0:0.0.0.0:42957, s1:0.0.0.0:41030, s2:0.0.0.0:35144], old=null CLOSED
	at org.apache.ratis.MiniRaftCluster.newIllegalStateExceptionForNoLeaders(MiniRaftCluster.java:506)
	at org.apache.ratis.RaftTestUtil.lambda$waitForLeader$1(RaftTestUtil.java:90)
	at org.apache.ratis.MiniRaftCluster.getLeader(MiniRaftCluster.java:539)
	at org.apache.ratis.MiniRaftCluster.getLeader(MiniRaftCluster.java:532)
	at org.apache.ratis.RaftTestUtil.lambda$waitForLeader$3(RaftTestUtil.java:98)
	at org.apache.ratis.util.JavaUtils.attempt(JavaUtils.java:152)
	at org.apache.ratis.RaftTestUtil.waitForLeader(RaftTestUtil.java:97)
	at org.apache.ratis.RaftTestUtil.waitForLeader(RaftTestUtil.java:77)
	at org.apache.ratis.RaftTestUtil.waitForLeader(RaftTestUtil.java:72)
	at org.apache.ratis.server.impl.RaftReconfigurationBaseTest.runTestKillLeaderDuringReconf(RaftReconfigurationBaseTest.java:353)
	at org.apache.ratis.MiniRaftCluster$Factory$Get.runWithNewCluster(MiniRaftCluster.java:125)
	at org.apache.ratis.MiniRaftCluster$Factory$Get.runWithNewCluster(MiniRaftCluster.java:113)
	at org.apache.ratis.server.impl.RaftReconfigurationBaseTest.testKillLeaderDuringReconf(RaftReconfigurationBaseTest.java:304)
	at sun.reflect.NativeMethodAccessorImpl.invoke0(Native Method)
	at sun.reflect.NativeMethodAccessorImpl.invoke(NativeMethodAccessorImpl.java:62)
	at sun.reflect.DelegatingMethodAccessorImpl.invoke(DelegatingMethodAccessorImpl.java:43)
	at java.lang.reflect.Method.invoke(Method.java:498)
	at org.junit.runners.model.FrameworkMethod$1.runReflectiveCall(FrameworkMethod.java:50)
	at org.junit.internal.runners.model.ReflectiveCallable.run(ReflectiveCallable.java:12)
	at org.junit.runners.model.FrameworkMethod.invokeExplosively(FrameworkMethod.java:47)
	at org.junit.internal.runners.statements.InvokeMethod.evaluate(InvokeMethod.java:17)
	at org.junit.internal.runners.statements.RunAfters.evaluate(RunAfters.java:27)
	at org.junit.internal.runners.statements.FailOnTimeout$CallableStatement.call(FailOnTimeout.java:298)
	at org.junit.internal.runners.statements.FailOnTimeout$CallableStatement.call(FailOnTimeout.java:292)
	at java.util.concurrent.FutureTask.run(FutureTask.java:266)
	at java.lang.Thread.run(Thread.java:748)
2019-09-26 09:46:30,666 INFO  impl.LeaderElection (LeaderElection.java:logAndReturn(56)) - s0@group-808489D4E928-LeaderElection23: Election TIMEOUT; received 0 response(s) [] and 0 exception(s); s0@group-808489D4E928:t153, leader=null, voted=s0, raftlog=s0@group-808489D4E928-SegmentedRaftLog:OPENED:c-1,f-1,i0, conf=-1: [s0:0.0.0.0:42957, s1:0.0.0.0:41030, s2:0.0.0.0:35144], old=null
2019-09-26 09:46:30,679 INFO  impl.LeaderElection (LeaderElection.java:askForVotes(178)) - s0@group-808489D4E928-LeaderElection23: begin an election at term 154 for -1: [s0:0.0.0.0:42957, s1:0.0.0.0:41030, s2:0.0.0.0:35144], old=null
2019-09-26 09:46:30,695 INFO  impl.LeaderElection (LeaderElection.java:logAndReturn(56)) - s1@group-808489D4E928-LeaderElection25: Election TIMEOUT; received 0 response(s) [] and 1 exception(s); s1@group-808489D4E928:t143, leader=null, voted=s1, raftlog=s1@group-808489D4E928-SegmentedRaftLog:OPENED:c0,f0,i0, conf=0: [s0:0.0.0.0:42957, s1:0.0.0.0:41030, s2:0.0.0.0:35144], old=null
2019-09-26 09:46:30,695 INFO  impl.LeaderElection (LogUtils.java:infoOrTrace(149)) -   Exception 0: java.util.concurrent.ExecutionException: org.apache.ratis.thirdparty.io.netty.channel.AbstractChannel$AnnotatedConnectException: Connection refused: /0.0.0.0:35144
2019-09-26 09:46:30,709 INFO  impl.LeaderElection (LeaderElection.java:askForVotes(178)) - s1@group-808489D4E928-LeaderElection25: begin an election at term 144 for 0: [s0:0.0.0.0:42957, s1:0.0.0.0:41030, s2:0.0.0.0:35144], old=null
2019-09-26 09:46:30,711 INFO  impl.LeaderElection (LogUtils.java:infoOrTrace(149)) - s1@group-808489D4E928-LeaderElection25 got exception when requesting votes: java.util.concurrent.ExecutionException: org.apache.ratis.thirdparty.io.netty.channel.AbstractChannel$AnnotatedConnectException: Connection refused: /0.0.0.0:35144
2019-09-26 09:46:30,835 INFO  impl.LeaderElection (LeaderElection.java:logAndReturn(56)) - s0@group-808489D4E928-LeaderElection23: Election TIMEOUT; received 0 response(s) [] and 0 exception(s); s0@group-808489D4E928:t154, leader=null, voted=s0, raftlog=s0@group-808489D4E928-SegmentedRaftLog:OPENED:c-1,f-1,i0, conf=-1: [s0:0.0.0.0:42957, s1:0.0.0.0:41030, s2:0.0.0.0:35144], old=null
2019-09-26 09:46:30,849 INFO  impl.LeaderElection (LeaderElection.java:askForVotes(178)) - s0@group-808489D4E928-LeaderElection23: begin an election at term 155 for -1: [s0:0.0.0.0:42957, s1:0.0.0.0:41030, s2:0.0.0.0:35144], old=null
2019-09-26 09:46:30,966 INFO  impl.LeaderElection (LeaderElection.java:logAndReturn(56)) - s1@group-808489D4E928-LeaderElection25: Election TIMEOUT; received 0 response(s) [] and 1 exception(s); s1@group-808489D4E928:t144, leader=null, voted=s1, raftlog=s1@group-808489D4E928-SegmentedRaftLog:OPENED:c0,f0,i0, conf=0: [s0:0.0.0.0:42957, s1:0.0.0.0:41030, s2:0.0.0.0:35144], old=null
2019-09-26 09:46:30,966 INFO  impl.LeaderElection (LogUtils.java:infoOrTrace(149)) -   Exception 0: java.util.concurrent.ExecutionException: org.apache.ratis.thirdparty.io.netty.channel.AbstractChannel$AnnotatedConnectException: Connection refused: /0.0.0.0:35144
2019-09-26 09:46:30,979 INFO  impl.LeaderElection (LeaderElection.java:askForVotes(178)) - s1@group-808489D4E928-LeaderElection25: begin an election at term 145 for 0: [s0:0.0.0.0:42957, s1:0.0.0.0:41030, s2:0.0.0.0:35144], old=null
2019-09-26 09:46:30,981 INFO  impl.LeaderElection (LogUtils.java:infoOrTrace(149)) - s1@group-808489D4E928-LeaderElection25 got exception when requesting votes: java.util.concurrent.ExecutionException: org.apache.ratis.thirdparty.io.netty.channel.AbstractChannel$AnnotatedConnectException: Connection refused: /0.0.0.0:35144
2019-09-26 09:46:31,007 WARN  ratis.RaftTestUtil (JavaUtils.java:attempt(158)) - FAILED "waitForLeader-null-(expectLeader? true)", attempt #77/100: java.lang.IllegalStateException: No leader yet : printing ALL groups
  s3:   CLOSED  FOLLOWER s3@group-808489D4E928:t0, leader=null, voted=null, raftlog=s3@group-808489D4E928-SegmentedRaftLog:CLOSED:c-1, conf=-1: [s0:0.0.0.0:42957, s1:0.0.0.0:41030, s2:0.0.0.0:35144], old=null CLOSED
  s0:  RUNNING CANDIDATE s0@group-808489D4E928:t155, leader=null, voted=s0, raftlog=s0@group-808489D4E928-SegmentedRaftLog:OPENED:c-1,f-1,i0, conf=-1: [s0:0.0.0.0:42957, s1:0.0.0.0:41030, s2:0.0.0.0:35144], old=null RUNNING
  s1:  RUNNING CANDIDATE s1@group-808489D4E928:t145, leader=null, voted=s1, raftlog=s1@group-808489D4E928-SegmentedRaftLog:OPENED:c0,f0,i0, conf=0: [s0:0.0.0.0:42957, s1:0.0.0.0:41030, s2:0.0.0.0:35144], old=null RUNNING
  s2:   CLOSED    LEADER s2@group-808489D4E928:t1, leader=s2, voted=s2, raftlog=s2@group-808489D4E928-SegmentedRaftLog:CLOSED:c0, conf=0: [s0:0.0.0.0:42957, s1:0.0.0.0:41030, s2:0.0.0.0:35144], old=null CLOSED, sleep 450ms and then retry.
java.lang.IllegalStateException: No leader yet : printing ALL groups
  s3:   CLOSED  FOLLOWER s3@group-808489D4E928:t0, leader=null, voted=null, raftlog=s3@group-808489D4E928-SegmentedRaftLog:CLOSED:c-1, conf=-1: [s0:0.0.0.0:42957, s1:0.0.0.0:41030, s2:0.0.0.0:35144], old=null CLOSED
  s0:  RUNNING CANDIDATE s0@group-808489D4E928:t155, leader=null, voted=s0, raftlog=s0@group-808489D4E928-SegmentedRaftLog:OPENED:c-1,f-1,i0, conf=-1: [s0:0.0.0.0:42957, s1:0.0.0.0:41030, s2:0.0.0.0:35144], old=null RUNNING
  s1:  RUNNING CANDIDATE s1@group-808489D4E928:t145, leader=null, voted=s1, raftlog=s1@group-808489D4E928-SegmentedRaftLog:OPENED:c0,f0,i0, conf=0: [s0:0.0.0.0:42957, s1:0.0.0.0:41030, s2:0.0.0.0:35144], old=null RUNNING
  s2:   CLOSED    LEADER s2@group-808489D4E928:t1, leader=s2, voted=s2, raftlog=s2@group-808489D4E928-SegmentedRaftLog:CLOSED:c0, conf=0: [s0:0.0.0.0:42957, s1:0.0.0.0:41030, s2:0.0.0.0:35144], old=null CLOSED
	at org.apache.ratis.MiniRaftCluster.newIllegalStateExceptionForNoLeaders(MiniRaftCluster.java:506)
	at org.apache.ratis.RaftTestUtil.lambda$waitForLeader$1(RaftTestUtil.java:90)
	at org.apache.ratis.MiniRaftCluster.getLeader(MiniRaftCluster.java:539)
	at org.apache.ratis.MiniRaftCluster.getLeader(MiniRaftCluster.java:532)
	at org.apache.ratis.RaftTestUtil.lambda$waitForLeader$3(RaftTestUtil.java:98)
	at org.apache.ratis.util.JavaUtils.attempt(JavaUtils.java:152)
	at org.apache.ratis.RaftTestUtil.waitForLeader(RaftTestUtil.java:97)
	at org.apache.ratis.RaftTestUtil.waitForLeader(RaftTestUtil.java:77)
	at org.apache.ratis.RaftTestUtil.waitForLeader(RaftTestUtil.java:72)
	at org.apache.ratis.server.impl.RaftReconfigurationBaseTest.runTestKillLeaderDuringReconf(RaftReconfigurationBaseTest.java:353)
	at org.apache.ratis.MiniRaftCluster$Factory$Get.runWithNewCluster(MiniRaftCluster.java:125)
	at org.apache.ratis.MiniRaftCluster$Factory$Get.runWithNewCluster(MiniRaftCluster.java:113)
	at org.apache.ratis.server.impl.RaftReconfigurationBaseTest.testKillLeaderDuringReconf(RaftReconfigurationBaseTest.java:304)
	at sun.reflect.NativeMethodAccessorImpl.invoke0(Native Method)
	at sun.reflect.NativeMethodAccessorImpl.invoke(NativeMethodAccessorImpl.java:62)
	at sun.reflect.DelegatingMethodAccessorImpl.invoke(DelegatingMethodAccessorImpl.java:43)
	at java.lang.reflect.Method.invoke(Method.java:498)
	at org.junit.runners.model.FrameworkMethod$1.runReflectiveCall(FrameworkMethod.java:50)
	at org.junit.internal.runners.model.ReflectiveCallable.run(ReflectiveCallable.java:12)
	at org.junit.runners.model.FrameworkMethod.invokeExplosively(FrameworkMethod.java:47)
	at org.junit.internal.runners.statements.InvokeMethod.evaluate(InvokeMethod.java:17)
	at org.junit.internal.runners.statements.RunAfters.evaluate(RunAfters.java:27)
	at org.junit.internal.runners.statements.FailOnTimeout$CallableStatement.call(FailOnTimeout.java:298)
	at org.junit.internal.runners.statements.FailOnTimeout$CallableStatement.call(FailOnTimeout.java:292)
	at java.util.concurrent.FutureTask.run(FutureTask.java:266)
	at java.lang.Thread.run(Thread.java:748)
2019-09-26 09:46:31,007 INFO  impl.LeaderElection (LeaderElection.java:logAndReturn(56)) - s0@group-808489D4E928-LeaderElection23: Election TIMEOUT; received 0 response(s) [] and 0 exception(s); s0@group-808489D4E928:t155, leader=null, voted=s0, raftlog=s0@group-808489D4E928-SegmentedRaftLog:OPENED:c-1,f-1,i0, conf=-1: [s0:0.0.0.0:42957, s1:0.0.0.0:41030, s2:0.0.0.0:35144], old=null
2019-09-26 09:46:31,020 INFO  impl.LeaderElection (LeaderElection.java:askForVotes(178)) - s0@group-808489D4E928-LeaderElection23: begin an election at term 156 for -1: [s0:0.0.0.0:42957, s1:0.0.0.0:41030, s2:0.0.0.0:35144], old=null
2019-09-26 09:46:31,233 INFO  impl.LeaderElection (LeaderElection.java:logAndReturn(56)) - s0@group-808489D4E928-LeaderElection23: Election TIMEOUT; received 0 response(s) [] and 0 exception(s); s0@group-808489D4E928:t156, leader=null, voted=s0, raftlog=s0@group-808489D4E928-SegmentedRaftLog:OPENED:c-1,f-1,i0, conf=-1: [s0:0.0.0.0:42957, s1:0.0.0.0:41030, s2:0.0.0.0:35144], old=null
2019-09-26 09:46:31,247 INFO  impl.LeaderElection (LeaderElection.java:askForVotes(178)) - s0@group-808489D4E928-LeaderElection23: begin an election at term 157 for -1: [s0:0.0.0.0:42957, s1:0.0.0.0:41030, s2:0.0.0.0:35144], old=null
2019-09-26 09:46:31,252 INFO  impl.LeaderElection (LeaderElection.java:logAndReturn(56)) - s1@group-808489D4E928-LeaderElection25: Election TIMEOUT; received 0 response(s) [] and 1 exception(s); s1@group-808489D4E928:t145, leader=null, voted=s1, raftlog=s1@group-808489D4E928-SegmentedRaftLog:OPENED:c0,f0,i0, conf=0: [s0:0.0.0.0:42957, s1:0.0.0.0:41030, s2:0.0.0.0:35144], old=null
2019-09-26 09:46:31,252 INFO  impl.LeaderElection (LogUtils.java:infoOrTrace(149)) -   Exception 0: java.util.concurrent.ExecutionException: org.apache.ratis.thirdparty.io.netty.channel.AbstractChannel$AnnotatedConnectException: Connection refused: /0.0.0.0:35144
2019-09-26 09:46:31,266 INFO  impl.LeaderElection (LeaderElection.java:askForVotes(178)) - s1@group-808489D4E928-LeaderElection25: begin an election at term 146 for 0: [s0:0.0.0.0:42957, s1:0.0.0.0:41030, s2:0.0.0.0:35144], old=null
2019-09-26 09:46:31,267 INFO  impl.LeaderElection (LogUtils.java:infoOrTrace(149)) - s1@group-808489D4E928-LeaderElection25 got exception when requesting votes: java.util.concurrent.ExecutionException: org.apache.ratis.thirdparty.io.netty.channel.AbstractChannel$AnnotatedConnectException: Connection refused: /0.0.0.0:35144
2019-09-26 09:46:31,397 INFO  impl.LeaderElection (LeaderElection.java:logAndReturn(56)) - s0@group-808489D4E928-LeaderElection23: Election TIMEOUT; received 0 response(s) [] and 0 exception(s); s0@group-808489D4E928:t157, leader=null, voted=s0, raftlog=s0@group-808489D4E928-SegmentedRaftLog:OPENED:c-1,f-1,i0, conf=-1: [s0:0.0.0.0:42957, s1:0.0.0.0:41030, s2:0.0.0.0:35144], old=null
2019-09-26 09:46:31,411 INFO  impl.LeaderElection (LeaderElection.java:askForVotes(178)) - s0@group-808489D4E928-LeaderElection23: begin an election at term 158 for -1: [s0:0.0.0.0:42957, s1:0.0.0.0:41030, s2:0.0.0.0:35144], old=null
2019-09-26 09:46:31,419 INFO  impl.LeaderElection (LeaderElection.java:logAndReturn(56)) - s1@group-808489D4E928-LeaderElection25: Election TIMEOUT; received 0 response(s) [] and 1 exception(s); s1@group-808489D4E928:t146, leader=null, voted=s1, raftlog=s1@group-808489D4E928-SegmentedRaftLog:OPENED:c0,f0,i0, conf=0: [s0:0.0.0.0:42957, s1:0.0.0.0:41030, s2:0.0.0.0:35144], old=null
2019-09-26 09:46:31,419 INFO  impl.LeaderElection (LogUtils.java:infoOrTrace(149)) -   Exception 0: java.util.concurrent.ExecutionException: org.apache.ratis.thirdparty.io.netty.channel.AbstractChannel$AnnotatedConnectException: Connection refused: /0.0.0.0:35144
2019-09-26 09:46:31,433 INFO  impl.LeaderElection (LeaderElection.java:askForVotes(178)) - s1@group-808489D4E928-LeaderElection25: begin an election at term 147 for 0: [s0:0.0.0.0:42957, s1:0.0.0.0:41030, s2:0.0.0.0:35144], old=null
2019-09-26 09:46:31,435 INFO  impl.LeaderElection (LogUtils.java:infoOrTrace(149)) - s1@group-808489D4E928-LeaderElection25 got exception when requesting votes: java.util.concurrent.ExecutionException: org.apache.ratis.thirdparty.io.netty.channel.AbstractChannel$AnnotatedConnectException: Connection refused: /0.0.0.0:35144
2019-09-26 09:46:31,458 WARN  ratis.RaftTestUtil (JavaUtils.java:attempt(158)) - FAILED "waitForLeader-null-(expectLeader? true)", attempt #78/100: java.lang.IllegalStateException: No leader yet : printing ALL groups
  s3:   CLOSED  FOLLOWER s3@group-808489D4E928:t0, leader=null, voted=null, raftlog=s3@group-808489D4E928-SegmentedRaftLog:CLOSED:c-1, conf=-1: [s0:0.0.0.0:42957, s1:0.0.0.0:41030, s2:0.0.0.0:35144], old=null CLOSED
  s0:  RUNNING CANDIDATE s0@group-808489D4E928:t158, leader=null, voted=s0, raftlog=s0@group-808489D4E928-SegmentedRaftLog:OPENED:c-1,f-1,i0, conf=-1: [s0:0.0.0.0:42957, s1:0.0.0.0:41030, s2:0.0.0.0:35144], old=null RUNNING
  s1:  RUNNING CANDIDATE s1@group-808489D4E928:t147, leader=null, voted=s1, raftlog=s1@group-808489D4E928-SegmentedRaftLog:OPENED:c0,f0,i0, conf=0: [s0:0.0.0.0:42957, s1:0.0.0.0:41030, s2:0.0.0.0:35144], old=null RUNNING
  s2:   CLOSED    LEADER s2@group-808489D4E928:t1, leader=s2, voted=s2, raftlog=s2@group-808489D4E928-SegmentedRaftLog:CLOSED:c0, conf=0: [s0:0.0.0.0:42957, s1:0.0.0.0:41030, s2:0.0.0.0:35144], old=null CLOSED, sleep 450ms and then retry.
java.lang.IllegalStateException: No leader yet : printing ALL groups
  s3:   CLOSED  FOLLOWER s3@group-808489D4E928:t0, leader=null, voted=null, raftlog=s3@group-808489D4E928-SegmentedRaftLog:CLOSED:c-1, conf=-1: [s0:0.0.0.0:42957, s1:0.0.0.0:41030, s2:0.0.0.0:35144], old=null CLOSED
  s0:  RUNNING CANDIDATE s0@group-808489D4E928:t158, leader=null, voted=s0, raftlog=s0@group-808489D4E928-SegmentedRaftLog:OPENED:c-1,f-1,i0, conf=-1: [s0:0.0.0.0:42957, s1:0.0.0.0:41030, s2:0.0.0.0:35144], old=null RUNNING
  s1:  RUNNING CANDIDATE s1@group-808489D4E928:t147, leader=null, voted=s1, raftlog=s1@group-808489D4E928-SegmentedRaftLog:OPENED:c0,f0,i0, conf=0: [s0:0.0.0.0:42957, s1:0.0.0.0:41030, s2:0.0.0.0:35144], old=null RUNNING
  s2:   CLOSED    LEADER s2@group-808489D4E928:t1, leader=s2, voted=s2, raftlog=s2@group-808489D4E928-SegmentedRaftLog:CLOSED:c0, conf=0: [s0:0.0.0.0:42957, s1:0.0.0.0:41030, s2:0.0.0.0:35144], old=null CLOSED
	at org.apache.ratis.MiniRaftCluster.newIllegalStateExceptionForNoLeaders(MiniRaftCluster.java:506)
	at org.apache.ratis.RaftTestUtil.lambda$waitForLeader$1(RaftTestUtil.java:90)
	at org.apache.ratis.MiniRaftCluster.getLeader(MiniRaftCluster.java:539)
	at org.apache.ratis.MiniRaftCluster.getLeader(MiniRaftCluster.java:532)
	at org.apache.ratis.RaftTestUtil.lambda$waitForLeader$3(RaftTestUtil.java:98)
	at org.apache.ratis.util.JavaUtils.attempt(JavaUtils.java:152)
	at org.apache.ratis.RaftTestUtil.waitForLeader(RaftTestUtil.java:97)
	at org.apache.ratis.RaftTestUtil.waitForLeader(RaftTestUtil.java:77)
	at org.apache.ratis.RaftTestUtil.waitForLeader(RaftTestUtil.java:72)
	at org.apache.ratis.server.impl.RaftReconfigurationBaseTest.runTestKillLeaderDuringReconf(RaftReconfigurationBaseTest.java:353)
	at org.apache.ratis.MiniRaftCluster$Factory$Get.runWithNewCluster(MiniRaftCluster.java:125)
	at org.apache.ratis.MiniRaftCluster$Factory$Get.runWithNewCluster(MiniRaftCluster.java:113)
	at org.apache.ratis.server.impl.RaftReconfigurationBaseTest.testKillLeaderDuringReconf(RaftReconfigurationBaseTest.java:304)
	at sun.reflect.NativeMethodAccessorImpl.invoke0(Native Method)
	at sun.reflect.NativeMethodAccessorImpl.invoke(NativeMethodAccessorImpl.java:62)
	at sun.reflect.DelegatingMethodAccessorImpl.invoke(DelegatingMethodAccessorImpl.java:43)
	at java.lang.reflect.Method.invoke(Method.java:498)
	at org.junit.runners.model.FrameworkMethod$1.runReflectiveCall(FrameworkMethod.java:50)
	at org.junit.internal.runners.model.ReflectiveCallable.run(ReflectiveCallable.java:12)
	at org.junit.runners.model.FrameworkMethod.invokeExplosively(FrameworkMethod.java:47)
	at org.junit.internal.runners.statements.InvokeMethod.evaluate(InvokeMethod.java:17)
	at org.junit.internal.runners.statements.RunAfters.evaluate(RunAfters.java:27)
	at org.junit.internal.runners.statements.FailOnTimeout$CallableStatement.call(FailOnTimeout.java:298)
	at org.junit.internal.runners.statements.FailOnTimeout$CallableStatement.call(FailOnTimeout.java:292)
	at java.util.concurrent.FutureTask.run(FutureTask.java:266)
	at java.lang.Thread.run(Thread.java:748)
2019-09-26 09:46:31,616 INFO  impl.LeaderElection (LeaderElection.java:logAndReturn(56)) - s0@group-808489D4E928-LeaderElection23: Election TIMEOUT; received 0 response(s) [] and 0 exception(s); s0@group-808489D4E928:t158, leader=null, voted=s0, raftlog=s0@group-808489D4E928-SegmentedRaftLog:OPENED:c-1,f-1,i0, conf=-1: [s0:0.0.0.0:42957, s1:0.0.0.0:41030, s2:0.0.0.0:35144], old=null
2019-09-26 09:46:31,630 INFO  impl.LeaderElection (LeaderElection.java:askForVotes(178)) - s0@group-808489D4E928-LeaderElection23: begin an election at term 159 for -1: [s0:0.0.0.0:42957, s1:0.0.0.0:41030, s2:0.0.0.0:35144], old=null
2019-09-26 09:46:31,663 INFO  impl.LeaderElection (LeaderElection.java:logAndReturn(56)) - s1@group-808489D4E928-LeaderElection25: Election TIMEOUT; received 0 response(s) [] and 1 exception(s); s1@group-808489D4E928:t147, leader=null, voted=s1, raftlog=s1@group-808489D4E928-SegmentedRaftLog:OPENED:c0,f0,i0, conf=0: [s0:0.0.0.0:42957, s1:0.0.0.0:41030, s2:0.0.0.0:35144], old=null
2019-09-26 09:46:31,664 INFO  impl.LeaderElection (LogUtils.java:infoOrTrace(149)) -   Exception 0: java.util.concurrent.ExecutionException: org.apache.ratis.thirdparty.io.netty.channel.AbstractChannel$AnnotatedConnectException: Connection refused: /0.0.0.0:35144
2019-09-26 09:46:31,677 INFO  impl.LeaderElection (LeaderElection.java:askForVotes(178)) - s1@group-808489D4E928-LeaderElection25: begin an election at term 148 for 0: [s0:0.0.0.0:42957, s1:0.0.0.0:41030, s2:0.0.0.0:35144], old=null
2019-09-26 09:46:31,679 INFO  impl.LeaderElection (LogUtils.java:infoOrTrace(149)) - s1@group-808489D4E928-LeaderElection25 got exception when requesting votes: java.util.concurrent.ExecutionException: org.apache.ratis.thirdparty.io.netty.channel.AbstractChannel$AnnotatedConnectException: Connection refused: /0.0.0.0:35144
2019-09-26 09:46:31,857 INFO  impl.LeaderElection (LeaderElection.java:logAndReturn(56)) - s1@group-808489D4E928-LeaderElection25: Election TIMEOUT; received 0 response(s) [] and 1 exception(s); s1@group-808489D4E928:t148, leader=null, voted=s1, raftlog=s1@group-808489D4E928-SegmentedRaftLog:OPENED:c0,f0,i0, conf=0: [s0:0.0.0.0:42957, s1:0.0.0.0:41030, s2:0.0.0.0:35144], old=null
2019-09-26 09:46:31,857 INFO  impl.LeaderElection (LogUtils.java:infoOrTrace(149)) -   Exception 0: java.util.concurrent.ExecutionException: org.apache.ratis.thirdparty.io.netty.channel.AbstractChannel$AnnotatedConnectException: Connection refused: /0.0.0.0:35144
2019-09-26 09:46:31,874 INFO  impl.LeaderElection (LeaderElection.java:askForVotes(178)) - s1@group-808489D4E928-LeaderElection25: begin an election at term 149 for 0: [s0:0.0.0.0:42957, s1:0.0.0.0:41030, s2:0.0.0.0:35144], old=null
2019-09-26 09:46:31,876 INFO  impl.LeaderElection (LogUtils.java:infoOrTrace(149)) - s1@group-808489D4E928-LeaderElection25 got exception when requesting votes: java.util.concurrent.ExecutionException: org.apache.ratis.thirdparty.io.netty.channel.AbstractChannel$AnnotatedConnectException: Connection refused: /0.0.0.0:35144
2019-09-26 09:46:31,899 INFO  impl.LeaderElection (LeaderElection.java:logAndReturn(56)) - s0@group-808489D4E928-LeaderElection23: Election TIMEOUT; received 0 response(s) [] and 0 exception(s); s0@group-808489D4E928:t159, leader=null, voted=s0, raftlog=s0@group-808489D4E928-SegmentedRaftLog:OPENED:c-1,f-1,i0, conf=-1: [s0:0.0.0.0:42957, s1:0.0.0.0:41030, s2:0.0.0.0:35144], old=null
2019-09-26 09:46:31,909 WARN  ratis.RaftTestUtil (JavaUtils.java:attempt(158)) - FAILED "waitForLeader-null-(expectLeader? true)", attempt #79/100: java.lang.IllegalStateException: No leader yet : printing ALL groups
  s3:   CLOSED  FOLLOWER s3@group-808489D4E928:t0, leader=null, voted=null, raftlog=s3@group-808489D4E928-SegmentedRaftLog:CLOSED:c-1, conf=-1: [s0:0.0.0.0:42957, s1:0.0.0.0:41030, s2:0.0.0.0:35144], old=null CLOSED
  s0:  RUNNING CANDIDATE s0@group-808489D4E928:t160, leader=null, voted=s0, raftlog=s0@group-808489D4E928-SegmentedRaftLog:OPENED:c-1,f-1,i0, conf=-1: [s0:0.0.0.0:42957, s1:0.0.0.0:41030, s2:0.0.0.0:35144], old=null RUNNING
  s1:  RUNNING CANDIDATE s1@group-808489D4E928:t149, leader=null, voted=s1, raftlog=s1@group-808489D4E928-SegmentedRaftLog:OPENED:c0,f0,i0, conf=0: [s0:0.0.0.0:42957, s1:0.0.0.0:41030, s2:0.0.0.0:35144], old=null RUNNING
  s2:   CLOSED    LEADER s2@group-808489D4E928:t1, leader=s2, voted=s2, raftlog=s2@group-808489D4E928-SegmentedRaftLog:CLOSED:c0, conf=0: [s0:0.0.0.0:42957, s1:0.0.0.0:41030, s2:0.0.0.0:35144], old=null CLOSED, sleep 450ms and then retry.
java.lang.IllegalStateException: No leader yet : printing ALL groups
  s3:   CLOSED  FOLLOWER s3@group-808489D4E928:t0, leader=null, voted=null, raftlog=s3@group-808489D4E928-SegmentedRaftLog:CLOSED:c-1, conf=-1: [s0:0.0.0.0:42957, s1:0.0.0.0:41030, s2:0.0.0.0:35144], old=null CLOSED
  s0:  RUNNING CANDIDATE s0@group-808489D4E928:t160, leader=null, voted=s0, raftlog=s0@group-808489D4E928-SegmentedRaftLog:OPENED:c-1,f-1,i0, conf=-1: [s0:0.0.0.0:42957, s1:0.0.0.0:41030, s2:0.0.0.0:35144], old=null RUNNING
  s1:  RUNNING CANDIDATE s1@group-808489D4E928:t149, leader=null, voted=s1, raftlog=s1@group-808489D4E928-SegmentedRaftLog:OPENED:c0,f0,i0, conf=0: [s0:0.0.0.0:42957, s1:0.0.0.0:41030, s2:0.0.0.0:35144], old=null RUNNING
  s2:   CLOSED    LEADER s2@group-808489D4E928:t1, leader=s2, voted=s2, raftlog=s2@group-808489D4E928-SegmentedRaftLog:CLOSED:c0, conf=0: [s0:0.0.0.0:42957, s1:0.0.0.0:41030, s2:0.0.0.0:35144], old=null CLOSED
	at org.apache.ratis.MiniRaftCluster.newIllegalStateExceptionForNoLeaders(MiniRaftCluster.java:506)
	at org.apache.ratis.RaftTestUtil.lambda$waitForLeader$1(RaftTestUtil.java:90)
	at org.apache.ratis.MiniRaftCluster.getLeader(MiniRaftCluster.java:539)
	at org.apache.ratis.MiniRaftCluster.getLeader(MiniRaftCluster.java:532)
	at org.apache.ratis.RaftTestUtil.lambda$waitForLeader$3(RaftTestUtil.java:98)
	at org.apache.ratis.util.JavaUtils.attempt(JavaUtils.java:152)
	at org.apache.ratis.RaftTestUtil.waitForLeader(RaftTestUtil.java:97)
	at org.apache.ratis.RaftTestUtil.waitForLeader(RaftTestUtil.java:77)
	at org.apache.ratis.RaftTestUtil.waitForLeader(RaftTestUtil.java:72)
	at org.apache.ratis.server.impl.RaftReconfigurationBaseTest.runTestKillLeaderDuringReconf(RaftReconfigurationBaseTest.java:353)
	at org.apache.ratis.MiniRaftCluster$Factory$Get.runWithNewCluster(MiniRaftCluster.java:125)
	at org.apache.ratis.MiniRaftCluster$Factory$Get.runWithNewCluster(MiniRaftCluster.java:113)
	at org.apache.ratis.server.impl.RaftReconfigurationBaseTest.testKillLeaderDuringReconf(RaftReconfigurationBaseTest.java:304)
	at sun.reflect.NativeMethodAccessorImpl.invoke0(Native Method)
	at sun.reflect.NativeMethodAccessorImpl.invoke(NativeMethodAccessorImpl.java:62)
	at sun.reflect.DelegatingMethodAccessorImpl.invoke(DelegatingMethodAccessorImpl.java:43)
	at java.lang.reflect.Method.invoke(Method.java:498)
	at org.junit.runners.model.FrameworkMethod$1.runReflectiveCall(FrameworkMethod.java:50)
	at org.junit.internal.runners.model.ReflectiveCallable.run(ReflectiveCallable.java:12)
	at org.junit.runners.model.FrameworkMethod.invokeExplosively(FrameworkMethod.java:47)
	at org.junit.internal.runners.statements.InvokeMethod.evaluate(InvokeMethod.java:17)
	at org.junit.internal.runners.statements.RunAfters.evaluate(RunAfters.java:27)
	at org.junit.internal.runners.statements.FailOnTimeout$CallableStatement.call(FailOnTimeout.java:298)
	at org.junit.internal.runners.statements.FailOnTimeout$CallableStatement.call(FailOnTimeout.java:292)
	at java.util.concurrent.FutureTask.run(FutureTask.java:266)
	at java.lang.Thread.run(Thread.java:748)
2019-09-26 09:46:31,912 INFO  impl.LeaderElection (LeaderElection.java:askForVotes(178)) - s0@group-808489D4E928-LeaderElection23: begin an election at term 160 for -1: [s0:0.0.0.0:42957, s1:0.0.0.0:41030, s2:0.0.0.0:35144], old=null
2019-09-26 09:46:32,101 INFO  impl.LeaderElection (LeaderElection.java:logAndReturn(56)) - s0@group-808489D4E928-LeaderElection23: Election TIMEOUT; received 0 response(s) [] and 0 exception(s); s0@group-808489D4E928:t160, leader=null, voted=s0, raftlog=s0@group-808489D4E928-SegmentedRaftLog:OPENED:c-1,f-1,i0, conf=-1: [s0:0.0.0.0:42957, s1:0.0.0.0:41030, s2:0.0.0.0:35144], old=null
2019-09-26 09:46:32,114 INFO  impl.LeaderElection (LeaderElection.java:askForVotes(178)) - s0@group-808489D4E928-LeaderElection23: begin an election at term 161 for -1: [s0:0.0.0.0:42957, s1:0.0.0.0:41030, s2:0.0.0.0:35144], old=null
2019-09-26 09:46:32,133 INFO  impl.LeaderElection (LeaderElection.java:logAndReturn(56)) - s1@group-808489D4E928-LeaderElection25: Election TIMEOUT; received 0 response(s) [] and 1 exception(s); s1@group-808489D4E928:t149, leader=null, voted=s1, raftlog=s1@group-808489D4E928-SegmentedRaftLog:OPENED:c0,f0,i0, conf=0: [s0:0.0.0.0:42957, s1:0.0.0.0:41030, s2:0.0.0.0:35144], old=null
2019-09-26 09:46:32,134 INFO  impl.LeaderElection (LogUtils.java:infoOrTrace(149)) -   Exception 0: java.util.concurrent.ExecutionException: org.apache.ratis.thirdparty.io.netty.channel.AbstractChannel$AnnotatedConnectException: Connection refused: /0.0.0.0:35144
2019-09-26 09:46:32,147 INFO  impl.LeaderElection (LeaderElection.java:askForVotes(178)) - s1@group-808489D4E928-LeaderElection25: begin an election at term 150 for 0: [s0:0.0.0.0:42957, s1:0.0.0.0:41030, s2:0.0.0.0:35144], old=null
2019-09-26 09:46:32,149 INFO  impl.LeaderElection (LogUtils.java:infoOrTrace(149)) - s1@group-808489D4E928-LeaderElection25 got exception when requesting votes: java.util.concurrent.ExecutionException: org.apache.ratis.thirdparty.io.netty.channel.AbstractChannel$AnnotatedConnectException: Connection refused: /0.0.0.0:35144
2019-09-26 09:46:32,317 INFO  impl.LeaderElection (LeaderElection.java:logAndReturn(56)) - s0@group-808489D4E928-LeaderElection23: Election TIMEOUT; received 0 response(s) [] and 0 exception(s); s0@group-808489D4E928:t161, leader=null, voted=s0, raftlog=s0@group-808489D4E928-SegmentedRaftLog:OPENED:c-1,f-1,i0, conf=-1: [s0:0.0.0.0:42957, s1:0.0.0.0:41030, s2:0.0.0.0:35144], old=null
2019-09-26 09:46:32,331 INFO  impl.LeaderElection (LeaderElection.java:askForVotes(178)) - s0@group-808489D4E928-LeaderElection23: begin an election at term 162 for -1: [s0:0.0.0.0:42957, s1:0.0.0.0:41030, s2:0.0.0.0:35144], old=null
2019-09-26 09:46:32,338 INFO  impl.LeaderElection (LeaderElection.java:logAndReturn(56)) - s1@group-808489D4E928-LeaderElection25: Election TIMEOUT; received 0 response(s) [] and 1 exception(s); s1@group-808489D4E928:t150, leader=null, voted=s1, raftlog=s1@group-808489D4E928-SegmentedRaftLog:OPENED:c0,f0,i0, conf=0: [s0:0.0.0.0:42957, s1:0.0.0.0:41030, s2:0.0.0.0:35144], old=null
2019-09-26 09:46:32,338 INFO  impl.LeaderElection (LogUtils.java:infoOrTrace(149)) -   Exception 0: java.util.concurrent.ExecutionException: org.apache.ratis.thirdparty.io.netty.channel.AbstractChannel$AnnotatedConnectException: Connection refused: /0.0.0.0:35144
2019-09-26 09:46:32,352 INFO  impl.LeaderElection (LeaderElection.java:askForVotes(178)) - s1@group-808489D4E928-LeaderElection25: begin an election at term 151 for 0: [s0:0.0.0.0:42957, s1:0.0.0.0:41030, s2:0.0.0.0:35144], old=null
2019-09-26 09:46:32,354 INFO  impl.LeaderElection (LogUtils.java:infoOrTrace(149)) - s1@group-808489D4E928-LeaderElection25 got exception when requesting votes: java.util.concurrent.ExecutionException: org.apache.ratis.thirdparty.io.netty.channel.AbstractChannel$AnnotatedConnectException: Connection refused: /0.0.0.0:35144
2019-09-26 09:46:32,360 WARN  ratis.RaftTestUtil (JavaUtils.java:attempt(158)) - FAILED "waitForLeader-null-(expectLeader? true)", attempt #80/100: java.lang.IllegalStateException: No leader yet : printing ALL groups
  s3:   CLOSED  FOLLOWER s3@group-808489D4E928:t0, leader=null, voted=null, raftlog=s3@group-808489D4E928-SegmentedRaftLog:CLOSED:c-1, conf=-1: [s0:0.0.0.0:42957, s1:0.0.0.0:41030, s2:0.0.0.0:35144], old=null CLOSED
  s0:  RUNNING CANDIDATE s0@group-808489D4E928:t162, leader=null, voted=s0, raftlog=s0@group-808489D4E928-SegmentedRaftLog:OPENED:c-1,f-1,i0, conf=-1: [s0:0.0.0.0:42957, s1:0.0.0.0:41030, s2:0.0.0.0:35144], old=null RUNNING
  s1:  RUNNING CANDIDATE s1@group-808489D4E928:t151, leader=null, voted=s1, raftlog=s1@group-808489D4E928-SegmentedRaftLog:OPENED:c0,f0,i0, conf=0: [s0:0.0.0.0:42957, s1:0.0.0.0:41030, s2:0.0.0.0:35144], old=null RUNNING
  s2:   CLOSED    LEADER s2@group-808489D4E928:t1, leader=s2, voted=s2, raftlog=s2@group-808489D4E928-SegmentedRaftLog:CLOSED:c0, conf=0: [s0:0.0.0.0:42957, s1:0.0.0.0:41030, s2:0.0.0.0:35144], old=null CLOSED, sleep 450ms and then retry.
java.lang.IllegalStateException: No leader yet : printing ALL groups
  s3:   CLOSED  FOLLOWER s3@group-808489D4E928:t0, leader=null, voted=null, raftlog=s3@group-808489D4E928-SegmentedRaftLog:CLOSED:c-1, conf=-1: [s0:0.0.0.0:42957, s1:0.0.0.0:41030, s2:0.0.0.0:35144], old=null CLOSED
  s0:  RUNNING CANDIDATE s0@group-808489D4E928:t162, leader=null, voted=s0, raftlog=s0@group-808489D4E928-SegmentedRaftLog:OPENED:c-1,f-1,i0, conf=-1: [s0:0.0.0.0:42957, s1:0.0.0.0:41030, s2:0.0.0.0:35144], old=null RUNNING
  s1:  RUNNING CANDIDATE s1@group-808489D4E928:t151, leader=null, voted=s1, raftlog=s1@group-808489D4E928-SegmentedRaftLog:OPENED:c0,f0,i0, conf=0: [s0:0.0.0.0:42957, s1:0.0.0.0:41030, s2:0.0.0.0:35144], old=null RUNNING
  s2:   CLOSED    LEADER s2@group-808489D4E928:t1, leader=s2, voted=s2, raftlog=s2@group-808489D4E928-SegmentedRaftLog:CLOSED:c0, conf=0: [s0:0.0.0.0:42957, s1:0.0.0.0:41030, s2:0.0.0.0:35144], old=null CLOSED
	at org.apache.ratis.MiniRaftCluster.newIllegalStateExceptionForNoLeaders(MiniRaftCluster.java:506)
	at org.apache.ratis.RaftTestUtil.lambda$waitForLeader$1(RaftTestUtil.java:90)
	at org.apache.ratis.MiniRaftCluster.getLeader(MiniRaftCluster.java:539)
	at org.apache.ratis.MiniRaftCluster.getLeader(MiniRaftCluster.java:532)
	at org.apache.ratis.RaftTestUtil.lambda$waitForLeader$3(RaftTestUtil.java:98)
	at org.apache.ratis.util.JavaUtils.attempt(JavaUtils.java:152)
	at org.apache.ratis.RaftTestUtil.waitForLeader(RaftTestUtil.java:97)
	at org.apache.ratis.RaftTestUtil.waitForLeader(RaftTestUtil.java:77)
	at org.apache.ratis.RaftTestUtil.waitForLeader(RaftTestUtil.java:72)
	at org.apache.ratis.server.impl.RaftReconfigurationBaseTest.runTestKillLeaderDuringReconf(RaftReconfigurationBaseTest.java:353)
	at org.apache.ratis.MiniRaftCluster$Factory$Get.runWithNewCluster(MiniRaftCluster.java:125)
	at org.apache.ratis.MiniRaftCluster$Factory$Get.runWithNewCluster(MiniRaftCluster.java:113)
	at org.apache.ratis.server.impl.RaftReconfigurationBaseTest.testKillLeaderDuringReconf(RaftReconfigurationBaseTest.java:304)
	at sun.reflect.NativeMethodAccessorImpl.invoke0(Native Method)
	at sun.reflect.NativeMethodAccessorImpl.invoke(NativeMethodAccessorImpl.java:62)
	at sun.reflect.DelegatingMethodAccessorImpl.invoke(DelegatingMethodAccessorImpl.java:43)
	at java.lang.reflect.Method.invoke(Method.java:498)
	at org.junit.runners.model.FrameworkMethod$1.runReflectiveCall(FrameworkMethod.java:50)
	at org.junit.internal.runners.model.ReflectiveCallable.run(ReflectiveCallable.java:12)
	at org.junit.runners.model.FrameworkMethod.invokeExplosively(FrameworkMethod.java:47)
	at org.junit.internal.runners.statements.InvokeMethod.evaluate(InvokeMethod.java:17)
	at org.junit.internal.runners.statements.RunAfters.evaluate(RunAfters.java:27)
	at org.junit.internal.runners.statements.FailOnTimeout$CallableStatement.call(FailOnTimeout.java:298)
	at org.junit.internal.runners.statements.FailOnTimeout$CallableStatement.call(FailOnTimeout.java:292)
	at java.util.concurrent.FutureTask.run(FutureTask.java:266)
	at java.lang.Thread.run(Thread.java:748)
2019-09-26 09:46:32,574 INFO  impl.LeaderElection (LeaderElection.java:logAndReturn(56)) - s0@group-808489D4E928-LeaderElection23: Election TIMEOUT; received 0 response(s) [] and 0 exception(s); s0@group-808489D4E928:t162, leader=null, voted=s0, raftlog=s0@group-808489D4E928-SegmentedRaftLog:OPENED:c-1,f-1,i0, conf=-1: [s0:0.0.0.0:42957, s1:0.0.0.0:41030, s2:0.0.0.0:35144], old=null
2019-09-26 09:46:32,587 INFO  impl.LeaderElection (LeaderElection.java:askForVotes(178)) - s0@group-808489D4E928-LeaderElection23: begin an election at term 163 for -1: [s0:0.0.0.0:42957, s1:0.0.0.0:41030, s2:0.0.0.0:35144], old=null
2019-09-26 09:46:32,630 INFO  impl.LeaderElection (LeaderElection.java:logAndReturn(56)) - s1@group-808489D4E928-LeaderElection25: Election TIMEOUT; received 0 response(s) [] and 1 exception(s); s1@group-808489D4E928:t151, leader=null, voted=s1, raftlog=s1@group-808489D4E928-SegmentedRaftLog:OPENED:c0,f0,i0, conf=0: [s0:0.0.0.0:42957, s1:0.0.0.0:41030, s2:0.0.0.0:35144], old=null
2019-09-26 09:46:32,630 INFO  impl.LeaderElection (LogUtils.java:infoOrTrace(149)) -   Exception 0: java.util.concurrent.ExecutionException: org.apache.ratis.thirdparty.io.netty.channel.AbstractChannel$AnnotatedConnectException: Connection refused: /0.0.0.0:35144
2019-09-26 09:46:32,644 INFO  impl.LeaderElection (LeaderElection.java:askForVotes(178)) - s1@group-808489D4E928-LeaderElection25: begin an election at term 152 for 0: [s0:0.0.0.0:42957, s1:0.0.0.0:41030, s2:0.0.0.0:35144], old=null
2019-09-26 09:46:32,646 INFO  impl.LeaderElection (LogUtils.java:infoOrTrace(149)) - s1@group-808489D4E928-LeaderElection25 got exception when requesting votes: java.util.concurrent.ExecutionException: org.apache.ratis.thirdparty.io.netty.channel.AbstractChannel$AnnotatedConnectException: Connection refused: /0.0.0.0:35144
2019-09-26 09:46:32,773 INFO  impl.LeaderElection (LeaderElection.java:logAndReturn(56)) - s0@group-808489D4E928-LeaderElection23: Election TIMEOUT; received 0 response(s) [] and 0 exception(s); s0@group-808489D4E928:t163, leader=null, voted=s0, raftlog=s0@group-808489D4E928-SegmentedRaftLog:OPENED:c-1,f-1,i0, conf=-1: [s0:0.0.0.0:42957, s1:0.0.0.0:41030, s2:0.0.0.0:35144], old=null
2019-09-26 09:46:32,786 INFO  impl.LeaderElection (LeaderElection.java:askForVotes(178)) - s0@group-808489D4E928-LeaderElection23: begin an election at term 164 for -1: [s0:0.0.0.0:42957, s1:0.0.0.0:41030, s2:0.0.0.0:35144], old=null
2019-09-26 09:46:32,811 WARN  ratis.RaftTestUtil (JavaUtils.java:attempt(158)) - FAILED "waitForLeader-null-(expectLeader? true)", attempt #81/100: java.lang.IllegalStateException: No leader yet : printing ALL groups
  s3:   CLOSED  FOLLOWER s3@group-808489D4E928:t0, leader=null, voted=null, raftlog=s3@group-808489D4E928-SegmentedRaftLog:CLOSED:c-1, conf=-1: [s0:0.0.0.0:42957, s1:0.0.0.0:41030, s2:0.0.0.0:35144], old=null CLOSED
  s0:  RUNNING CANDIDATE s0@group-808489D4E928:t164, leader=null, voted=s0, raftlog=s0@group-808489D4E928-SegmentedRaftLog:OPENED:c-1,f-1,i0, conf=-1: [s0:0.0.0.0:42957, s1:0.0.0.0:41030, s2:0.0.0.0:35144], old=null RUNNING
  s1:  RUNNING CANDIDATE s1@group-808489D4E928:t152, leader=null, voted=s1, raftlog=s1@group-808489D4E928-SegmentedRaftLog:OPENED:c0,f0,i0, conf=0: [s0:0.0.0.0:42957, s1:0.0.0.0:41030, s2:0.0.0.0:35144], old=null RUNNING
  s2:   CLOSED    LEADER s2@group-808489D4E928:t1, leader=s2, voted=s2, raftlog=s2@group-808489D4E928-SegmentedRaftLog:CLOSED:c0, conf=0: [s0:0.0.0.0:42957, s1:0.0.0.0:41030, s2:0.0.0.0:35144], old=null CLOSED, sleep 450ms and then retry.
java.lang.IllegalStateException: No leader yet : printing ALL groups
  s3:   CLOSED  FOLLOWER s3@group-808489D4E928:t0, leader=null, voted=null, raftlog=s3@group-808489D4E928-SegmentedRaftLog:CLOSED:c-1, conf=-1: [s0:0.0.0.0:42957, s1:0.0.0.0:41030, s2:0.0.0.0:35144], old=null CLOSED
  s0:  RUNNING CANDIDATE s0@group-808489D4E928:t164, leader=null, voted=s0, raftlog=s0@group-808489D4E928-SegmentedRaftLog:OPENED:c-1,f-1,i0, conf=-1: [s0:0.0.0.0:42957, s1:0.0.0.0:41030, s2:0.0.0.0:35144], old=null RUNNING
  s1:  RUNNING CANDIDATE s1@group-808489D4E928:t152, leader=null, voted=s1, raftlog=s1@group-808489D4E928-SegmentedRaftLog:OPENED:c0,f0,i0, conf=0: [s0:0.0.0.0:42957, s1:0.0.0.0:41030, s2:0.0.0.0:35144], old=null RUNNING
  s2:   CLOSED    LEADER s2@group-808489D4E928:t1, leader=s2, voted=s2, raftlog=s2@group-808489D4E928-SegmentedRaftLog:CLOSED:c0, conf=0: [s0:0.0.0.0:42957, s1:0.0.0.0:41030, s2:0.0.0.0:35144], old=null CLOSED
	at org.apache.ratis.MiniRaftCluster.newIllegalStateExceptionForNoLeaders(MiniRaftCluster.java:506)
	at org.apache.ratis.RaftTestUtil.lambda$waitForLeader$1(RaftTestUtil.java:90)
	at org.apache.ratis.MiniRaftCluster.getLeader(MiniRaftCluster.java:539)
	at org.apache.ratis.MiniRaftCluster.getLeader(MiniRaftCluster.java:532)
	at org.apache.ratis.RaftTestUtil.lambda$waitForLeader$3(RaftTestUtil.java:98)
	at org.apache.ratis.util.JavaUtils.attempt(JavaUtils.java:152)
	at org.apache.ratis.RaftTestUtil.waitForLeader(RaftTestUtil.java:97)
	at org.apache.ratis.RaftTestUtil.waitForLeader(RaftTestUtil.java:77)
	at org.apache.ratis.RaftTestUtil.waitForLeader(RaftTestUtil.java:72)
	at org.apache.ratis.server.impl.RaftReconfigurationBaseTest.runTestKillLeaderDuringReconf(RaftReconfigurationBaseTest.java:353)
	at org.apache.ratis.MiniRaftCluster$Factory$Get.runWithNewCluster(MiniRaftCluster.java:125)
	at org.apache.ratis.MiniRaftCluster$Factory$Get.runWithNewCluster(MiniRaftCluster.java:113)
	at org.apache.ratis.server.impl.RaftReconfigurationBaseTest.testKillLeaderDuringReconf(RaftReconfigurationBaseTest.java:304)
	at sun.reflect.NativeMethodAccessorImpl.invoke0(Native Method)
	at sun.reflect.NativeMethodAccessorImpl.invoke(NativeMethodAccessorImpl.java:62)
	at sun.reflect.DelegatingMethodAccessorImpl.invoke(DelegatingMethodAccessorImpl.java:43)
	at java.lang.reflect.Method.invoke(Method.java:498)
	at org.junit.runners.model.FrameworkMethod$1.runReflectiveCall(FrameworkMethod.java:50)
	at org.junit.internal.runners.model.ReflectiveCallable.run(ReflectiveCallable.java:12)
	at org.junit.runners.model.FrameworkMethod.invokeExplosively(FrameworkMethod.java:47)
	at org.junit.internal.runners.statements.InvokeMethod.evaluate(InvokeMethod.java:17)
	at org.junit.internal.runners.statements.RunAfters.evaluate(RunAfters.java:27)
	at org.junit.internal.runners.statements.FailOnTimeout$CallableStatement.call(FailOnTimeout.java:298)
	at org.junit.internal.runners.statements.FailOnTimeout$CallableStatement.call(FailOnTimeout.java:292)
	at java.util.concurrent.FutureTask.run(FutureTask.java:266)
	at java.lang.Thread.run(Thread.java:748)
2019-09-26 09:46:32,924 INFO  impl.LeaderElection (LeaderElection.java:logAndReturn(56)) - s1@group-808489D4E928-LeaderElection25: Election TIMEOUT; received 0 response(s) [] and 1 exception(s); s1@group-808489D4E928:t152, leader=null, voted=s1, raftlog=s1@group-808489D4E928-SegmentedRaftLog:OPENED:c0,f0,i0, conf=0: [s0:0.0.0.0:42957, s1:0.0.0.0:41030, s2:0.0.0.0:35144], old=null
2019-09-26 09:46:32,925 INFO  impl.LeaderElection (LogUtils.java:infoOrTrace(149)) -   Exception 0: java.util.concurrent.ExecutionException: org.apache.ratis.thirdparty.io.netty.channel.AbstractChannel$AnnotatedConnectException: Connection refused: /0.0.0.0:35144
2019-09-26 09:46:32,938 INFO  impl.LeaderElection (LeaderElection.java:askForVotes(178)) - s1@group-808489D4E928-LeaderElection25: begin an election at term 153 for 0: [s0:0.0.0.0:42957, s1:0.0.0.0:41030, s2:0.0.0.0:35144], old=null
2019-09-26 09:46:32,940 INFO  impl.LeaderElection (LogUtils.java:infoOrTrace(149)) - s1@group-808489D4E928-LeaderElection25 got exception when requesting votes: java.util.concurrent.ExecutionException: org.apache.ratis.thirdparty.io.netty.channel.AbstractChannel$AnnotatedConnectException: Connection refused: /0.0.0.0:35144
2019-09-26 09:46:32,990 INFO  impl.LeaderElection (LeaderElection.java:logAndReturn(56)) - s0@group-808489D4E928-LeaderElection23: Election TIMEOUT; received 0 response(s) [] and 0 exception(s); s0@group-808489D4E928:t164, leader=null, voted=s0, raftlog=s0@group-808489D4E928-SegmentedRaftLog:OPENED:c-1,f-1,i0, conf=-1: [s0:0.0.0.0:42957, s1:0.0.0.0:41030, s2:0.0.0.0:35144], old=null
2019-09-26 09:46:33,003 INFO  impl.LeaderElection (LeaderElection.java:askForVotes(178)) - s0@group-808489D4E928-LeaderElection23: begin an election at term 165 for -1: [s0:0.0.0.0:42957, s1:0.0.0.0:41030, s2:0.0.0.0:35144], old=null
2019-09-26 09:46:33,144 INFO  impl.LeaderElection (LeaderElection.java:logAndReturn(56)) - s1@group-808489D4E928-LeaderElection25: Election TIMEOUT; received 0 response(s) [] and 1 exception(s); s1@group-808489D4E928:t153, leader=null, voted=s1, raftlog=s1@group-808489D4E928-SegmentedRaftLog:OPENED:c0,f0,i0, conf=0: [s0:0.0.0.0:42957, s1:0.0.0.0:41030, s2:0.0.0.0:35144], old=null
2019-09-26 09:46:33,144 INFO  impl.LeaderElection (LogUtils.java:infoOrTrace(149)) -   Exception 0: java.util.concurrent.ExecutionException: org.apache.ratis.thirdparty.io.netty.channel.AbstractChannel$AnnotatedConnectException: Connection refused: /0.0.0.0:35144
2019-09-26 09:46:33,157 INFO  impl.LeaderElection (LeaderElection.java:askForVotes(178)) - s1@group-808489D4E928-LeaderElection25: begin an election at term 154 for 0: [s0:0.0.0.0:42957, s1:0.0.0.0:41030, s2:0.0.0.0:35144], old=null
2019-09-26 09:46:33,160 INFO  impl.LeaderElection (LogUtils.java:infoOrTrace(149)) - s1@group-808489D4E928-LeaderElection25 got exception when requesting votes: java.util.concurrent.ExecutionException: org.apache.ratis.thirdparty.io.netty.channel.AbstractChannel$AnnotatedConnectException: Connection refused: /0.0.0.0:35144
2019-09-26 09:46:33,177 INFO  impl.LeaderElection (LeaderElection.java:logAndReturn(56)) - s0@group-808489D4E928-LeaderElection23: Election TIMEOUT; received 0 response(s) [] and 0 exception(s); s0@group-808489D4E928:t165, leader=null, voted=s0, raftlog=s0@group-808489D4E928-SegmentedRaftLog:OPENED:c-1,f-1,i0, conf=-1: [s0:0.0.0.0:42957, s1:0.0.0.0:41030, s2:0.0.0.0:35144], old=null
2019-09-26 09:46:33,191 INFO  impl.LeaderElection (LeaderElection.java:askForVotes(178)) - s0@group-808489D4E928-LeaderElection23: begin an election at term 166 for -1: [s0:0.0.0.0:42957, s1:0.0.0.0:41030, s2:0.0.0.0:35144], old=null
2019-09-26 09:46:33,262 WARN  ratis.RaftTestUtil (JavaUtils.java:attempt(158)) - FAILED "waitForLeader-null-(expectLeader? true)", attempt #82/100: java.lang.IllegalStateException: No leader yet : printing ALL groups
  s3:   CLOSED  FOLLOWER s3@group-808489D4E928:t0, leader=null, voted=null, raftlog=s3@group-808489D4E928-SegmentedRaftLog:CLOSED:c-1, conf=-1: [s0:0.0.0.0:42957, s1:0.0.0.0:41030, s2:0.0.0.0:35144], old=null CLOSED
  s0:  RUNNING CANDIDATE s0@group-808489D4E928:t166, leader=null, voted=s0, raftlog=s0@group-808489D4E928-SegmentedRaftLog:OPENED:c-1,f-1,i0, conf=-1: [s0:0.0.0.0:42957, s1:0.0.0.0:41030, s2:0.0.0.0:35144], old=null RUNNING
  s1:  RUNNING CANDIDATE s1@group-808489D4E928:t154, leader=null, voted=s1, raftlog=s1@group-808489D4E928-SegmentedRaftLog:OPENED:c0,f0,i0, conf=0: [s0:0.0.0.0:42957, s1:0.0.0.0:41030, s2:0.0.0.0:35144], old=null RUNNING
  s2:   CLOSED    LEADER s2@group-808489D4E928:t1, leader=s2, voted=s2, raftlog=s2@group-808489D4E928-SegmentedRaftLog:CLOSED:c0, conf=0: [s0:0.0.0.0:42957, s1:0.0.0.0:41030, s2:0.0.0.0:35144], old=null CLOSED, sleep 450ms and then retry.
java.lang.IllegalStateException: No leader yet : printing ALL groups
  s3:   CLOSED  FOLLOWER s3@group-808489D4E928:t0, leader=null, voted=null, raftlog=s3@group-808489D4E928-SegmentedRaftLog:CLOSED:c-1, conf=-1: [s0:0.0.0.0:42957, s1:0.0.0.0:41030, s2:0.0.0.0:35144], old=null CLOSED
  s0:  RUNNING CANDIDATE s0@group-808489D4E928:t166, leader=null, voted=s0, raftlog=s0@group-808489D4E928-SegmentedRaftLog:OPENED:c-1,f-1,i0, conf=-1: [s0:0.0.0.0:42957, s1:0.0.0.0:41030, s2:0.0.0.0:35144], old=null RUNNING
  s1:  RUNNING CANDIDATE s1@group-808489D4E928:t154, leader=null, voted=s1, raftlog=s1@group-808489D4E928-SegmentedRaftLog:OPENED:c0,f0,i0, conf=0: [s0:0.0.0.0:42957, s1:0.0.0.0:41030, s2:0.0.0.0:35144], old=null RUNNING
  s2:   CLOSED    LEADER s2@group-808489D4E928:t1, leader=s2, voted=s2, raftlog=s2@group-808489D4E928-SegmentedRaftLog:CLOSED:c0, conf=0: [s0:0.0.0.0:42957, s1:0.0.0.0:41030, s2:0.0.0.0:35144], old=null CLOSED
	at org.apache.ratis.MiniRaftCluster.newIllegalStateExceptionForNoLeaders(MiniRaftCluster.java:506)
	at org.apache.ratis.RaftTestUtil.lambda$waitForLeader$1(RaftTestUtil.java:90)
	at org.apache.ratis.MiniRaftCluster.getLeader(MiniRaftCluster.java:539)
	at org.apache.ratis.MiniRaftCluster.getLeader(MiniRaftCluster.java:532)
	at org.apache.ratis.RaftTestUtil.lambda$waitForLeader$3(RaftTestUtil.java:98)
	at org.apache.ratis.util.JavaUtils.attempt(JavaUtils.java:152)
	at org.apache.ratis.RaftTestUtil.waitForLeader(RaftTestUtil.java:97)
	at org.apache.ratis.RaftTestUtil.waitForLeader(RaftTestUtil.java:77)
	at org.apache.ratis.RaftTestUtil.waitForLeader(RaftTestUtil.java:72)
	at org.apache.ratis.server.impl.RaftReconfigurationBaseTest.runTestKillLeaderDuringReconf(RaftReconfigurationBaseTest.java:353)
	at org.apache.ratis.MiniRaftCluster$Factory$Get.runWithNewCluster(MiniRaftCluster.java:125)
	at org.apache.ratis.MiniRaftCluster$Factory$Get.runWithNewCluster(MiniRaftCluster.java:113)
	at org.apache.ratis.server.impl.RaftReconfigurationBaseTest.testKillLeaderDuringReconf(RaftReconfigurationBaseTest.java:304)
	at sun.reflect.NativeMethodAccessorImpl.invoke0(Native Method)
	at sun.reflect.NativeMethodAccessorImpl.invoke(NativeMethodAccessorImpl.java:62)
	at sun.reflect.DelegatingMethodAccessorImpl.invoke(DelegatingMethodAccessorImpl.java:43)
	at java.lang.reflect.Method.invoke(Method.java:498)
	at org.junit.runners.model.FrameworkMethod$1.runReflectiveCall(FrameworkMethod.java:50)
	at org.junit.internal.runners.model.ReflectiveCallable.run(ReflectiveCallable.java:12)
	at org.junit.runners.model.FrameworkMethod.invokeExplosively(FrameworkMethod.java:47)
	at org.junit.internal.runners.statements.InvokeMethod.evaluate(InvokeMethod.java:17)
	at org.junit.internal.runners.statements.RunAfters.evaluate(RunAfters.java:27)
	at org.junit.internal.runners.statements.FailOnTimeout$CallableStatement.call(FailOnTimeout.java:298)
	at org.junit.internal.runners.statements.FailOnTimeout$CallableStatement.call(FailOnTimeout.java:292)
	at java.util.concurrent.FutureTask.run(FutureTask.java:266)
	at java.lang.Thread.run(Thread.java:748)
2019-09-26 09:46:33,369 INFO  impl.LeaderElection (LeaderElection.java:logAndReturn(56)) - s1@group-808489D4E928-LeaderElection25: Election TIMEOUT; received 0 response(s) [] and 1 exception(s); s1@group-808489D4E928:t154, leader=null, voted=s1, raftlog=s1@group-808489D4E928-SegmentedRaftLog:OPENED:c0,f0,i0, conf=0: [s0:0.0.0.0:42957, s1:0.0.0.0:41030, s2:0.0.0.0:35144], old=null
2019-09-26 09:46:33,370 INFO  impl.LeaderElection (LogUtils.java:infoOrTrace(149)) -   Exception 0: java.util.concurrent.ExecutionException: org.apache.ratis.thirdparty.io.netty.channel.AbstractChannel$AnnotatedConnectException: Connection refused: /0.0.0.0:35144
2019-09-26 09:46:33,383 INFO  impl.LeaderElection (LeaderElection.java:askForVotes(178)) - s1@group-808489D4E928-LeaderElection25: begin an election at term 155 for 0: [s0:0.0.0.0:42957, s1:0.0.0.0:41030, s2:0.0.0.0:35144], old=null
2019-09-26 09:46:33,386 INFO  impl.LeaderElection (LogUtils.java:infoOrTrace(149)) - s1@group-808489D4E928-LeaderElection25 got exception when requesting votes: java.util.concurrent.ExecutionException: org.apache.ratis.thirdparty.io.netty.channel.AbstractChannel$AnnotatedConnectException: Connection refused: /0.0.0.0:35144
2019-09-26 09:46:33,397 INFO  impl.LeaderElection (LeaderElection.java:logAndReturn(56)) - s0@group-808489D4E928-LeaderElection23: Election TIMEOUT; received 0 response(s) [] and 0 exception(s); s0@group-808489D4E928:t166, leader=null, voted=s0, raftlog=s0@group-808489D4E928-SegmentedRaftLog:OPENED:c-1,f-1,i0, conf=-1: [s0:0.0.0.0:42957, s1:0.0.0.0:41030, s2:0.0.0.0:35144], old=null
2019-09-26 09:46:33,410 INFO  impl.LeaderElection (LeaderElection.java:askForVotes(178)) - s0@group-808489D4E928-LeaderElection23: begin an election at term 167 for -1: [s0:0.0.0.0:42957, s1:0.0.0.0:41030, s2:0.0.0.0:35144], old=null
2019-09-26 09:46:33,619 INFO  impl.LeaderElection (LeaderElection.java:logAndReturn(56)) - s1@group-808489D4E928-LeaderElection25: Election TIMEOUT; received 0 response(s) [] and 1 exception(s); s1@group-808489D4E928:t155, leader=null, voted=s1, raftlog=s1@group-808489D4E928-SegmentedRaftLog:OPENED:c0,f0,i0, conf=0: [s0:0.0.0.0:42957, s1:0.0.0.0:41030, s2:0.0.0.0:35144], old=null
2019-09-26 09:46:33,619 INFO  impl.LeaderElection (LogUtils.java:infoOrTrace(149)) -   Exception 0: java.util.concurrent.ExecutionException: org.apache.ratis.thirdparty.io.netty.channel.AbstractChannel$AnnotatedConnectException: Connection refused: /0.0.0.0:35144
2019-09-26 09:46:33,624 INFO  impl.LeaderElection (LeaderElection.java:logAndReturn(56)) - s0@group-808489D4E928-LeaderElection23: Election TIMEOUT; received 0 response(s) [] and 0 exception(s); s0@group-808489D4E928:t167, leader=null, voted=s0, raftlog=s0@group-808489D4E928-SegmentedRaftLog:OPENED:c-1,f-1,i0, conf=-1: [s0:0.0.0.0:42957, s1:0.0.0.0:41030, s2:0.0.0.0:35144], old=null
2019-09-26 09:46:33,634 INFO  impl.LeaderElection (LeaderElection.java:askForVotes(178)) - s0@group-808489D4E928-LeaderElection23: begin an election at term 168 for -1: [s0:0.0.0.0:42957, s1:0.0.0.0:41030, s2:0.0.0.0:35144], old=null
2019-09-26 09:46:33,634 INFO  impl.LeaderElection (LeaderElection.java:askForVotes(178)) - s1@group-808489D4E928-LeaderElection25: begin an election at term 156 for 0: [s0:0.0.0.0:42957, s1:0.0.0.0:41030, s2:0.0.0.0:35144], old=null
2019-09-26 09:46:33,637 INFO  impl.LeaderElection (LogUtils.java:infoOrTrace(149)) - s1@group-808489D4E928-LeaderElection25 got exception when requesting votes: java.util.concurrent.ExecutionException: org.apache.ratis.thirdparty.io.netty.channel.AbstractChannel$AnnotatedConnectException: Connection refused: /0.0.0.0:35144
2019-09-26 09:46:33,714 WARN  ratis.RaftTestUtil (JavaUtils.java:attempt(158)) - FAILED "waitForLeader-null-(expectLeader? true)", attempt #83/100: java.lang.IllegalStateException: No leader yet : printing ALL groups
  s3:   CLOSED  FOLLOWER s3@group-808489D4E928:t0, leader=null, voted=null, raftlog=s3@group-808489D4E928-SegmentedRaftLog:CLOSED:c-1, conf=-1: [s0:0.0.0.0:42957, s1:0.0.0.0:41030, s2:0.0.0.0:35144], old=null CLOSED
  s0:  RUNNING CANDIDATE s0@group-808489D4E928:t168, leader=null, voted=s0, raftlog=s0@group-808489D4E928-SegmentedRaftLog:OPENED:c-1,f-1,i0, conf=-1: [s0:0.0.0.0:42957, s1:0.0.0.0:41030, s2:0.0.0.0:35144], old=null RUNNING
  s1:  RUNNING CANDIDATE s1@group-808489D4E928:t156, leader=null, voted=s1, raftlog=s1@group-808489D4E928-SegmentedRaftLog:OPENED:c0,f0,i0, conf=0: [s0:0.0.0.0:42957, s1:0.0.0.0:41030, s2:0.0.0.0:35144], old=null RUNNING
  s2:   CLOSED    LEADER s2@group-808489D4E928:t1, leader=s2, voted=s2, raftlog=s2@group-808489D4E928-SegmentedRaftLog:CLOSED:c0, conf=0: [s0:0.0.0.0:42957, s1:0.0.0.0:41030, s2:0.0.0.0:35144], old=null CLOSED, sleep 450ms and then retry.
java.lang.IllegalStateException: No leader yet : printing ALL groups
  s3:   CLOSED  FOLLOWER s3@group-808489D4E928:t0, leader=null, voted=null, raftlog=s3@group-808489D4E928-SegmentedRaftLog:CLOSED:c-1, conf=-1: [s0:0.0.0.0:42957, s1:0.0.0.0:41030, s2:0.0.0.0:35144], old=null CLOSED
  s0:  RUNNING CANDIDATE s0@group-808489D4E928:t168, leader=null, voted=s0, raftlog=s0@group-808489D4E928-SegmentedRaftLog:OPENED:c-1,f-1,i0, conf=-1: [s0:0.0.0.0:42957, s1:0.0.0.0:41030, s2:0.0.0.0:35144], old=null RUNNING
  s1:  RUNNING CANDIDATE s1@group-808489D4E928:t156, leader=null, voted=s1, raftlog=s1@group-808489D4E928-SegmentedRaftLog:OPENED:c0,f0,i0, conf=0: [s0:0.0.0.0:42957, s1:0.0.0.0:41030, s2:0.0.0.0:35144], old=null RUNNING
  s2:   CLOSED    LEADER s2@group-808489D4E928:t1, leader=s2, voted=s2, raftlog=s2@group-808489D4E928-SegmentedRaftLog:CLOSED:c0, conf=0: [s0:0.0.0.0:42957, s1:0.0.0.0:41030, s2:0.0.0.0:35144], old=null CLOSED
	at org.apache.ratis.MiniRaftCluster.newIllegalStateExceptionForNoLeaders(MiniRaftCluster.java:506)
	at org.apache.ratis.RaftTestUtil.lambda$waitForLeader$1(RaftTestUtil.java:90)
	at org.apache.ratis.MiniRaftCluster.getLeader(MiniRaftCluster.java:539)
	at org.apache.ratis.MiniRaftCluster.getLeader(MiniRaftCluster.java:532)
	at org.apache.ratis.RaftTestUtil.lambda$waitForLeader$3(RaftTestUtil.java:98)
	at org.apache.ratis.util.JavaUtils.attempt(JavaUtils.java:152)
	at org.apache.ratis.RaftTestUtil.waitForLeader(RaftTestUtil.java:97)
	at org.apache.ratis.RaftTestUtil.waitForLeader(RaftTestUtil.java:77)
	at org.apache.ratis.RaftTestUtil.waitForLeader(RaftTestUtil.java:72)
	at org.apache.ratis.server.impl.RaftReconfigurationBaseTest.runTestKillLeaderDuringReconf(RaftReconfigurationBaseTest.java:353)
	at org.apache.ratis.MiniRaftCluster$Factory$Get.runWithNewCluster(MiniRaftCluster.java:125)
	at org.apache.ratis.MiniRaftCluster$Factory$Get.runWithNewCluster(MiniRaftCluster.java:113)
	at org.apache.ratis.server.impl.RaftReconfigurationBaseTest.testKillLeaderDuringReconf(RaftReconfigurationBaseTest.java:304)
	at sun.reflect.NativeMethodAccessorImpl.invoke0(Native Method)
	at sun.reflect.NativeMethodAccessorImpl.invoke(NativeMethodAccessorImpl.java:62)
	at sun.reflect.DelegatingMethodAccessorImpl.invoke(DelegatingMethodAccessorImpl.java:43)
	at java.lang.reflect.Method.invoke(Method.java:498)
	at org.junit.runners.model.FrameworkMethod$1.runReflectiveCall(FrameworkMethod.java:50)
	at org.junit.internal.runners.model.ReflectiveCallable.run(ReflectiveCallable.java:12)
	at org.junit.runners.model.FrameworkMethod.invokeExplosively(FrameworkMethod.java:47)
	at org.junit.internal.runners.statements.InvokeMethod.evaluate(InvokeMethod.java:17)
	at org.junit.internal.runners.statements.RunAfters.evaluate(RunAfters.java:27)
	at org.junit.internal.runners.statements.FailOnTimeout$CallableStatement.call(FailOnTimeout.java:298)
	at org.junit.internal.runners.statements.FailOnTimeout$CallableStatement.call(FailOnTimeout.java:292)
	at java.util.concurrent.FutureTask.run(FutureTask.java:266)
	at java.lang.Thread.run(Thread.java:748)
2019-09-26 09:46:33,877 INFO  impl.LeaderElection (LeaderElection.java:logAndReturn(56)) - s0@group-808489D4E928-LeaderElection23: Election TIMEOUT; received 0 response(s) [] and 0 exception(s); s0@group-808489D4E928:t168, leader=null, voted=s0, raftlog=s0@group-808489D4E928-SegmentedRaftLog:OPENED:c-1,f-1,i0, conf=-1: [s0:0.0.0.0:42957, s1:0.0.0.0:41030, s2:0.0.0.0:35144], old=null
2019-09-26 09:46:33,891 INFO  impl.LeaderElection (LeaderElection.java:askForVotes(178)) - s0@group-808489D4E928-LeaderElection23: begin an election at term 169 for -1: [s0:0.0.0.0:42957, s1:0.0.0.0:41030, s2:0.0.0.0:35144], old=null
2019-09-26 09:46:33,898 INFO  impl.LeaderElection (LeaderElection.java:logAndReturn(56)) - s1@group-808489D4E928-LeaderElection25: Election TIMEOUT; received 0 response(s) [] and 1 exception(s); s1@group-808489D4E928:t156, leader=null, voted=s1, raftlog=s1@group-808489D4E928-SegmentedRaftLog:OPENED:c0,f0,i0, conf=0: [s0:0.0.0.0:42957, s1:0.0.0.0:41030, s2:0.0.0.0:35144], old=null
2019-09-26 09:46:33,898 INFO  impl.LeaderElection (LogUtils.java:infoOrTrace(149)) -   Exception 0: java.util.concurrent.ExecutionException: org.apache.ratis.thirdparty.io.netty.channel.AbstractChannel$AnnotatedConnectException: Connection refused: /0.0.0.0:35144
2019-09-26 09:46:33,911 INFO  impl.LeaderElection (LeaderElection.java:askForVotes(178)) - s1@group-808489D4E928-LeaderElection25: begin an election at term 157 for 0: [s0:0.0.0.0:42957, s1:0.0.0.0:41030, s2:0.0.0.0:35144], old=null
2019-09-26 09:46:33,914 INFO  impl.LeaderElection (LogUtils.java:infoOrTrace(149)) - s1@group-808489D4E928-LeaderElection25 got exception when requesting votes: java.util.concurrent.ExecutionException: org.apache.ratis.thirdparty.io.netty.channel.AbstractChannel$AnnotatedConnectException: Connection refused: /0.0.0.0:35144
2019-09-26 09:46:34,070 INFO  impl.LeaderElection (LeaderElection.java:logAndReturn(56)) - s1@group-808489D4E928-LeaderElection25: Election TIMEOUT; received 0 response(s) [] and 1 exception(s); s1@group-808489D4E928:t157, leader=null, voted=s1, raftlog=s1@group-808489D4E928-SegmentedRaftLog:OPENED:c0,f0,i0, conf=0: [s0:0.0.0.0:42957, s1:0.0.0.0:41030, s2:0.0.0.0:35144], old=null
2019-09-26 09:46:34,070 INFO  impl.LeaderElection (LogUtils.java:infoOrTrace(149)) -   Exception 0: java.util.concurrent.ExecutionException: org.apache.ratis.thirdparty.io.netty.channel.AbstractChannel$AnnotatedConnectException: Connection refused: /0.0.0.0:35144
2019-09-26 09:46:34,083 INFO  impl.LeaderElection (LeaderElection.java:askForVotes(178)) - s1@group-808489D4E928-LeaderElection25: begin an election at term 158 for 0: [s0:0.0.0.0:42957, s1:0.0.0.0:41030, s2:0.0.0.0:35144], old=null
2019-09-26 09:46:34,086 INFO  impl.LeaderElection (LogUtils.java:infoOrTrace(149)) - s1@group-808489D4E928-LeaderElection25 got exception when requesting votes: java.util.concurrent.ExecutionException: org.apache.ratis.thirdparty.io.netty.channel.AbstractChannel$AnnotatedConnectException: Connection refused: /0.0.0.0:35144
2019-09-26 09:46:34,136 INFO  impl.LeaderElection (LeaderElection.java:logAndReturn(56)) - s0@group-808489D4E928-LeaderElection23: Election TIMEOUT; received 0 response(s) [] and 0 exception(s); s0@group-808489D4E928:t169, leader=null, voted=s0, raftlog=s0@group-808489D4E928-SegmentedRaftLog:OPENED:c-1,f-1,i0, conf=-1: [s0:0.0.0.0:42957, s1:0.0.0.0:41030, s2:0.0.0.0:35144], old=null
2019-09-26 09:46:34,149 INFO  impl.LeaderElection (LeaderElection.java:askForVotes(178)) - s0@group-808489D4E928-LeaderElection23: begin an election at term 170 for -1: [s0:0.0.0.0:42957, s1:0.0.0.0:41030, s2:0.0.0.0:35144], old=null
2019-09-26 09:46:34,165 WARN  ratis.RaftTestUtil (JavaUtils.java:attempt(158)) - FAILED "waitForLeader-null-(expectLeader? true)", attempt #84/100: java.lang.IllegalStateException: No leader yet : printing ALL groups
  s3:   CLOSED  FOLLOWER s3@group-808489D4E928:t0, leader=null, voted=null, raftlog=s3@group-808489D4E928-SegmentedRaftLog:CLOSED:c-1, conf=-1: [s0:0.0.0.0:42957, s1:0.0.0.0:41030, s2:0.0.0.0:35144], old=null CLOSED
  s0:  RUNNING CANDIDATE s0@group-808489D4E928:t170, leader=null, voted=s0, raftlog=s0@group-808489D4E928-SegmentedRaftLog:OPENED:c-1,f-1,i0, conf=-1: [s0:0.0.0.0:42957, s1:0.0.0.0:41030, s2:0.0.0.0:35144], old=null RUNNING
  s1:  RUNNING CANDIDATE s1@group-808489D4E928:t158, leader=null, voted=s1, raftlog=s1@group-808489D4E928-SegmentedRaftLog:OPENED:c0,f0,i0, conf=0: [s0:0.0.0.0:42957, s1:0.0.0.0:41030, s2:0.0.0.0:35144], old=null RUNNING
  s2:   CLOSED    LEADER s2@group-808489D4E928:t1, leader=s2, voted=s2, raftlog=s2@group-808489D4E928-SegmentedRaftLog:CLOSED:c0, conf=0: [s0:0.0.0.0:42957, s1:0.0.0.0:41030, s2:0.0.0.0:35144], old=null CLOSED, sleep 450ms and then retry.
java.lang.IllegalStateException: No leader yet : printing ALL groups
  s3:   CLOSED  FOLLOWER s3@group-808489D4E928:t0, leader=null, voted=null, raftlog=s3@group-808489D4E928-SegmentedRaftLog:CLOSED:c-1, conf=-1: [s0:0.0.0.0:42957, s1:0.0.0.0:41030, s2:0.0.0.0:35144], old=null CLOSED
  s0:  RUNNING CANDIDATE s0@group-808489D4E928:t170, leader=null, voted=s0, raftlog=s0@group-808489D4E928-SegmentedRaftLog:OPENED:c-1,f-1,i0, conf=-1: [s0:0.0.0.0:42957, s1:0.0.0.0:41030, s2:0.0.0.0:35144], old=null RUNNING
  s1:  RUNNING CANDIDATE s1@group-808489D4E928:t158, leader=null, voted=s1, raftlog=s1@group-808489D4E928-SegmentedRaftLog:OPENED:c0,f0,i0, conf=0: [s0:0.0.0.0:42957, s1:0.0.0.0:41030, s2:0.0.0.0:35144], old=null RUNNING
  s2:   CLOSED    LEADER s2@group-808489D4E928:t1, leader=s2, voted=s2, raftlog=s2@group-808489D4E928-SegmentedRaftLog:CLOSED:c0, conf=0: [s0:0.0.0.0:42957, s1:0.0.0.0:41030, s2:0.0.0.0:35144], old=null CLOSED
	at org.apache.ratis.MiniRaftCluster.newIllegalStateExceptionForNoLeaders(MiniRaftCluster.java:506)
	at org.apache.ratis.RaftTestUtil.lambda$waitForLeader$1(RaftTestUtil.java:90)
	at org.apache.ratis.MiniRaftCluster.getLeader(MiniRaftCluster.java:539)
	at org.apache.ratis.MiniRaftCluster.getLeader(MiniRaftCluster.java:532)
	at org.apache.ratis.RaftTestUtil.lambda$waitForLeader$3(RaftTestUtil.java:98)
	at org.apache.ratis.util.JavaUtils.attempt(JavaUtils.java:152)
	at org.apache.ratis.RaftTestUtil.waitForLeader(RaftTestUtil.java:97)
	at org.apache.ratis.RaftTestUtil.waitForLeader(RaftTestUtil.java:77)
	at org.apache.ratis.RaftTestUtil.waitForLeader(RaftTestUtil.java:72)
	at org.apache.ratis.server.impl.RaftReconfigurationBaseTest.runTestKillLeaderDuringReconf(RaftReconfigurationBaseTest.java:353)
	at org.apache.ratis.MiniRaftCluster$Factory$Get.runWithNewCluster(MiniRaftCluster.java:125)
	at org.apache.ratis.MiniRaftCluster$Factory$Get.runWithNewCluster(MiniRaftCluster.java:113)
	at org.apache.ratis.server.impl.RaftReconfigurationBaseTest.testKillLeaderDuringReconf(RaftReconfigurationBaseTest.java:304)
	at sun.reflect.NativeMethodAccessorImpl.invoke0(Native Method)
	at sun.reflect.NativeMethodAccessorImpl.invoke(NativeMethodAccessorImpl.java:62)
	at sun.reflect.DelegatingMethodAccessorImpl.invoke(DelegatingMethodAccessorImpl.java:43)
	at java.lang.reflect.Method.invoke(Method.java:498)
	at org.junit.runners.model.FrameworkMethod$1.runReflectiveCall(FrameworkMethod.java:50)
	at org.junit.internal.runners.model.ReflectiveCallable.run(ReflectiveCallable.java:12)
	at org.junit.runners.model.FrameworkMethod.invokeExplosively(FrameworkMethod.java:47)
	at org.junit.internal.runners.statements.InvokeMethod.evaluate(InvokeMethod.java:17)
	at org.junit.internal.runners.statements.RunAfters.evaluate(RunAfters.java:27)
	at org.junit.internal.runners.statements.FailOnTimeout$CallableStatement.call(FailOnTimeout.java:298)
	at org.junit.internal.runners.statements.FailOnTimeout$CallableStatement.call(FailOnTimeout.java:292)
	at java.util.concurrent.FutureTask.run(FutureTask.java:266)
	at java.lang.Thread.run(Thread.java:748)
2019-09-26 09:46:34,340 INFO  impl.LeaderElection (LeaderElection.java:logAndReturn(56)) - s1@group-808489D4E928-LeaderElection25: Election TIMEOUT; received 0 response(s) [] and 1 exception(s); s1@group-808489D4E928:t158, leader=null, voted=s1, raftlog=s1@group-808489D4E928-SegmentedRaftLog:OPENED:c0,f0,i0, conf=0: [s0:0.0.0.0:42957, s1:0.0.0.0:41030, s2:0.0.0.0:35144], old=null
2019-09-26 09:46:34,340 INFO  impl.LeaderElection (LogUtils.java:infoOrTrace(149)) -   Exception 0: java.util.concurrent.ExecutionException: org.apache.ratis.thirdparty.io.netty.channel.AbstractChannel$AnnotatedConnectException: Connection refused: /0.0.0.0:35144
2019-09-26 09:46:34,345 INFO  impl.LeaderElection (LeaderElection.java:logAndReturn(56)) - s0@group-808489D4E928-LeaderElection23: Election TIMEOUT; received 0 response(s) [] and 0 exception(s); s0@group-808489D4E928:t170, leader=null, voted=s0, raftlog=s0@group-808489D4E928-SegmentedRaftLog:OPENED:c-1,f-1,i0, conf=-1: [s0:0.0.0.0:42957, s1:0.0.0.0:41030, s2:0.0.0.0:35144], old=null
2019-09-26 09:46:34,355 INFO  impl.LeaderElection (LeaderElection.java:askForVotes(178)) - s1@group-808489D4E928-LeaderElection25: begin an election at term 159 for 0: [s0:0.0.0.0:42957, s1:0.0.0.0:41030, s2:0.0.0.0:35144], old=null
2019-09-26 09:46:34,355 INFO  impl.LeaderElection (LeaderElection.java:askForVotes(178)) - s0@group-808489D4E928-LeaderElection23: begin an election at term 171 for -1: [s0:0.0.0.0:42957, s1:0.0.0.0:41030, s2:0.0.0.0:35144], old=null
2019-09-26 09:46:34,357 INFO  impl.LeaderElection (LogUtils.java:infoOrTrace(149)) - s1@group-808489D4E928-LeaderElection25 got exception when requesting votes: java.util.concurrent.ExecutionException: org.apache.ratis.thirdparty.io.netty.channel.AbstractChannel$AnnotatedConnectException: Connection refused: /0.0.0.0:35144
2019-09-26 09:46:34,525 INFO  impl.LeaderElection (LeaderElection.java:logAndReturn(56)) - s0@group-808489D4E928-LeaderElection23: Election TIMEOUT; received 0 response(s) [] and 0 exception(s); s0@group-808489D4E928:t171, leader=null, voted=s0, raftlog=s0@group-808489D4E928-SegmentedRaftLog:OPENED:c-1,f-1,i0, conf=-1: [s0:0.0.0.0:42957, s1:0.0.0.0:41030, s2:0.0.0.0:35144], old=null
2019-09-26 09:46:34,540 INFO  impl.LeaderElection (LeaderElection.java:askForVotes(178)) - s0@group-808489D4E928-LeaderElection23: begin an election at term 172 for -1: [s0:0.0.0.0:42957, s1:0.0.0.0:41030, s2:0.0.0.0:35144], old=null
2019-09-26 09:46:34,586 INFO  impl.LeaderElection (LeaderElection.java:logAndReturn(56)) - s1@group-808489D4E928-LeaderElection25: Election TIMEOUT; received 0 response(s) [] and 1 exception(s); s1@group-808489D4E928:t159, leader=null, voted=s1, raftlog=s1@group-808489D4E928-SegmentedRaftLog:OPENED:c0,f0,i0, conf=0: [s0:0.0.0.0:42957, s1:0.0.0.0:41030, s2:0.0.0.0:35144], old=null
2019-09-26 09:46:34,586 INFO  impl.LeaderElection (LogUtils.java:infoOrTrace(149)) -   Exception 0: java.util.concurrent.ExecutionException: org.apache.ratis.thirdparty.io.netty.channel.AbstractChannel$AnnotatedConnectException: Connection refused: /0.0.0.0:35144
2019-09-26 09:46:34,612 INFO  impl.LeaderElection (LeaderElection.java:askForVotes(178)) - s1@group-808489D4E928-LeaderElection25: begin an election at term 160 for 0: [s0:0.0.0.0:42957, s1:0.0.0.0:41030, s2:0.0.0.0:35144], old=null
2019-09-26 09:46:34,614 INFO  impl.LeaderElection (LogUtils.java:infoOrTrace(149)) - s1@group-808489D4E928-LeaderElection25 got exception when requesting votes: java.util.concurrent.ExecutionException: org.apache.ratis.thirdparty.io.netty.channel.AbstractChannel$AnnotatedConnectException: Connection refused: /0.0.0.0:35144
2019-09-26 09:46:34,616 WARN  ratis.RaftTestUtil (JavaUtils.java:attempt(158)) - FAILED "waitForLeader-null-(expectLeader? true)", attempt #85/100: java.lang.IllegalStateException: No leader yet : printing ALL groups
  s3:   CLOSED  FOLLOWER s3@group-808489D4E928:t0, leader=null, voted=null, raftlog=s3@group-808489D4E928-SegmentedRaftLog:CLOSED:c-1, conf=-1: [s0:0.0.0.0:42957, s1:0.0.0.0:41030, s2:0.0.0.0:35144], old=null CLOSED
  s0:  RUNNING CANDIDATE s0@group-808489D4E928:t172, leader=null, voted=s0, raftlog=s0@group-808489D4E928-SegmentedRaftLog:OPENED:c-1,f-1,i0, conf=-1: [s0:0.0.0.0:42957, s1:0.0.0.0:41030, s2:0.0.0.0:35144], old=null RUNNING
  s1:  RUNNING CANDIDATE s1@group-808489D4E928:t160, leader=null, voted=s1, raftlog=s1@group-808489D4E928-SegmentedRaftLog:OPENED:c0,f0,i0, conf=0: [s0:0.0.0.0:42957, s1:0.0.0.0:41030, s2:0.0.0.0:35144], old=null RUNNING
  s2:   CLOSED    LEADER s2@group-808489D4E928:t1, leader=s2, voted=s2, raftlog=s2@group-808489D4E928-SegmentedRaftLog:CLOSED:c0, conf=0: [s0:0.0.0.0:42957, s1:0.0.0.0:41030, s2:0.0.0.0:35144], old=null CLOSED, sleep 450ms and then retry.
java.lang.IllegalStateException: No leader yet : printing ALL groups
  s3:   CLOSED  FOLLOWER s3@group-808489D4E928:t0, leader=null, voted=null, raftlog=s3@group-808489D4E928-SegmentedRaftLog:CLOSED:c-1, conf=-1: [s0:0.0.0.0:42957, s1:0.0.0.0:41030, s2:0.0.0.0:35144], old=null CLOSED
  s0:  RUNNING CANDIDATE s0@group-808489D4E928:t172, leader=null, voted=s0, raftlog=s0@group-808489D4E928-SegmentedRaftLog:OPENED:c-1,f-1,i0, conf=-1: [s0:0.0.0.0:42957, s1:0.0.0.0:41030, s2:0.0.0.0:35144], old=null RUNNING
  s1:  RUNNING CANDIDATE s1@group-808489D4E928:t160, leader=null, voted=s1, raftlog=s1@group-808489D4E928-SegmentedRaftLog:OPENED:c0,f0,i0, conf=0: [s0:0.0.0.0:42957, s1:0.0.0.0:41030, s2:0.0.0.0:35144], old=null RUNNING
  s2:   CLOSED    LEADER s2@group-808489D4E928:t1, leader=s2, voted=s2, raftlog=s2@group-808489D4E928-SegmentedRaftLog:CLOSED:c0, conf=0: [s0:0.0.0.0:42957, s1:0.0.0.0:41030, s2:0.0.0.0:35144], old=null CLOSED
	at org.apache.ratis.MiniRaftCluster.newIllegalStateExceptionForNoLeaders(MiniRaftCluster.java:506)
	at org.apache.ratis.RaftTestUtil.lambda$waitForLeader$1(RaftTestUtil.java:90)
	at org.apache.ratis.MiniRaftCluster.getLeader(MiniRaftCluster.java:539)
	at org.apache.ratis.MiniRaftCluster.getLeader(MiniRaftCluster.java:532)
	at org.apache.ratis.RaftTestUtil.lambda$waitForLeader$3(RaftTestUtil.java:98)
	at org.apache.ratis.util.JavaUtils.attempt(JavaUtils.java:152)
	at org.apache.ratis.RaftTestUtil.waitForLeader(RaftTestUtil.java:97)
	at org.apache.ratis.RaftTestUtil.waitForLeader(RaftTestUtil.java:77)
	at org.apache.ratis.RaftTestUtil.waitForLeader(RaftTestUtil.java:72)
	at org.apache.ratis.server.impl.RaftReconfigurationBaseTest.runTestKillLeaderDuringReconf(RaftReconfigurationBaseTest.java:353)
	at org.apache.ratis.MiniRaftCluster$Factory$Get.runWithNewCluster(MiniRaftCluster.java:125)
	at org.apache.ratis.MiniRaftCluster$Factory$Get.runWithNewCluster(MiniRaftCluster.java:113)
	at org.apache.ratis.server.impl.RaftReconfigurationBaseTest.testKillLeaderDuringReconf(RaftReconfigurationBaseTest.java:304)
	at sun.reflect.NativeMethodAccessorImpl.invoke0(Native Method)
	at sun.reflect.NativeMethodAccessorImpl.invoke(NativeMethodAccessorImpl.java:62)
	at sun.reflect.DelegatingMethodAccessorImpl.invoke(DelegatingMethodAccessorImpl.java:43)
	at java.lang.reflect.Method.invoke(Method.java:498)
	at org.junit.runners.model.FrameworkMethod$1.runReflectiveCall(FrameworkMethod.java:50)
	at org.junit.internal.runners.model.ReflectiveCallable.run(ReflectiveCallable.java:12)
	at org.junit.runners.model.FrameworkMethod.invokeExplosively(FrameworkMethod.java:47)
	at org.junit.internal.runners.statements.InvokeMethod.evaluate(InvokeMethod.java:17)
	at org.junit.internal.runners.statements.RunAfters.evaluate(RunAfters.java:27)
	at org.junit.internal.runners.statements.FailOnTimeout$CallableStatement.call(FailOnTimeout.java:298)
	at org.junit.internal.runners.statements.FailOnTimeout$CallableStatement.call(FailOnTimeout.java:292)
	at java.util.concurrent.FutureTask.run(FutureTask.java:266)
	at java.lang.Thread.run(Thread.java:748)
2019-09-26 09:46:34,795 INFO  impl.LeaderElection (LeaderElection.java:logAndReturn(56)) - s0@group-808489D4E928-LeaderElection23: Election TIMEOUT; received 0 response(s) [] and 0 exception(s); s0@group-808489D4E928:t172, leader=null, voted=s0, raftlog=s0@group-808489D4E928-SegmentedRaftLog:OPENED:c-1,f-1,i0, conf=-1: [s0:0.0.0.0:42957, s1:0.0.0.0:41030, s2:0.0.0.0:35144], old=null
2019-09-26 09:46:34,807 INFO  impl.LeaderElection (LeaderElection.java:askForVotes(178)) - s0@group-808489D4E928-LeaderElection23: begin an election at term 173 for -1: [s0:0.0.0.0:42957, s1:0.0.0.0:41030, s2:0.0.0.0:35144], old=null
2019-09-26 09:46:34,815 INFO  impl.LeaderElection (LeaderElection.java:logAndReturn(56)) - s1@group-808489D4E928-LeaderElection25: Election TIMEOUT; received 0 response(s) [] and 1 exception(s); s1@group-808489D4E928:t160, leader=null, voted=s1, raftlog=s1@group-808489D4E928-SegmentedRaftLog:OPENED:c0,f0,i0, conf=0: [s0:0.0.0.0:42957, s1:0.0.0.0:41030, s2:0.0.0.0:35144], old=null
2019-09-26 09:46:34,815 INFO  impl.LeaderElection (LogUtils.java:infoOrTrace(149)) -   Exception 0: java.util.concurrent.ExecutionException: org.apache.ratis.thirdparty.io.netty.channel.AbstractChannel$AnnotatedConnectException: Connection refused: /0.0.0.0:35144
2019-09-26 09:46:34,824 INFO  impl.LeaderElection (LeaderElection.java:askForVotes(178)) - s1@group-808489D4E928-LeaderElection25: begin an election at term 161 for 0: [s0:0.0.0.0:42957, s1:0.0.0.0:41030, s2:0.0.0.0:35144], old=null
2019-09-26 09:46:34,826 INFO  impl.LeaderElection (LogUtils.java:infoOrTrace(149)) - s1@group-808489D4E928-LeaderElection25 got exception when requesting votes: java.util.concurrent.ExecutionException: org.apache.ratis.thirdparty.io.netty.channel.AbstractChannel$AnnotatedConnectException: Connection refused: /0.0.0.0:35144
2019-09-26 09:46:34,963 INFO  impl.LeaderElection (LeaderElection.java:logAndReturn(56)) - s0@group-808489D4E928-LeaderElection23: Election TIMEOUT; received 0 response(s) [] and 0 exception(s); s0@group-808489D4E928:t173, leader=null, voted=s0, raftlog=s0@group-808489D4E928-SegmentedRaftLog:OPENED:c-1,f-1,i0, conf=-1: [s0:0.0.0.0:42957, s1:0.0.0.0:41030, s2:0.0.0.0:35144], old=null
2019-09-26 09:46:34,966 INFO  impl.LeaderElection (LeaderElection.java:askForVotes(178)) - s0@group-808489D4E928-LeaderElection23: begin an election at term 174 for -1: [s0:0.0.0.0:42957, s1:0.0.0.0:41030, s2:0.0.0.0:35144], old=null
2019-09-26 09:46:34,992 INFO  impl.LeaderElection (LeaderElection.java:logAndReturn(56)) - s1@group-808489D4E928-LeaderElection25: Election TIMEOUT; received 0 response(s) [] and 1 exception(s); s1@group-808489D4E928:t161, leader=null, voted=s1, raftlog=s1@group-808489D4E928-SegmentedRaftLog:OPENED:c0,f0,i0, conf=0: [s0:0.0.0.0:42957, s1:0.0.0.0:41030, s2:0.0.0.0:35144], old=null
2019-09-26 09:46:34,992 INFO  impl.LeaderElection (LogUtils.java:infoOrTrace(149)) -   Exception 0: java.util.concurrent.ExecutionException: org.apache.ratis.thirdparty.io.netty.channel.AbstractChannel$AnnotatedConnectException: Connection refused: /0.0.0.0:35144
2019-09-26 09:46:35,006 INFO  impl.LeaderElection (LeaderElection.java:askForVotes(178)) - s1@group-808489D4E928-LeaderElection25: begin an election at term 162 for 0: [s0:0.0.0.0:42957, s1:0.0.0.0:41030, s2:0.0.0.0:35144], old=null
2019-09-26 09:46:35,008 INFO  impl.LeaderElection (LogUtils.java:infoOrTrace(149)) - s1@group-808489D4E928-LeaderElection25 got exception when requesting votes: java.util.concurrent.ExecutionException: org.apache.ratis.thirdparty.io.netty.channel.AbstractChannel$AnnotatedConnectException: Connection refused: /0.0.0.0:35144
2019-09-26 09:46:35,067 WARN  ratis.RaftTestUtil (JavaUtils.java:attempt(158)) - FAILED "waitForLeader-null-(expectLeader? true)", attempt #86/100: java.lang.IllegalStateException: No leader yet : printing ALL groups
  s3:   CLOSED  FOLLOWER s3@group-808489D4E928:t0, leader=null, voted=null, raftlog=s3@group-808489D4E928-SegmentedRaftLog:CLOSED:c-1, conf=-1: [s0:0.0.0.0:42957, s1:0.0.0.0:41030, s2:0.0.0.0:35144], old=null CLOSED
  s0:  RUNNING CANDIDATE s0@group-808489D4E928:t174, leader=null, voted=s0, raftlog=s0@group-808489D4E928-SegmentedRaftLog:OPENED:c-1,f-1,i0, conf=-1: [s0:0.0.0.0:42957, s1:0.0.0.0:41030, s2:0.0.0.0:35144], old=null RUNNING
  s1:  RUNNING CANDIDATE s1@group-808489D4E928:t162, leader=null, voted=s1, raftlog=s1@group-808489D4E928-SegmentedRaftLog:OPENED:c0,f0,i0, conf=0: [s0:0.0.0.0:42957, s1:0.0.0.0:41030, s2:0.0.0.0:35144], old=null RUNNING
  s2:   CLOSED    LEADER s2@group-808489D4E928:t1, leader=s2, voted=s2, raftlog=s2@group-808489D4E928-SegmentedRaftLog:CLOSED:c0, conf=0: [s0:0.0.0.0:42957, s1:0.0.0.0:41030, s2:0.0.0.0:35144], old=null CLOSED, sleep 450ms and then retry.
java.lang.IllegalStateException: No leader yet : printing ALL groups
  s3:   CLOSED  FOLLOWER s3@group-808489D4E928:t0, leader=null, voted=null, raftlog=s3@group-808489D4E928-SegmentedRaftLog:CLOSED:c-1, conf=-1: [s0:0.0.0.0:42957, s1:0.0.0.0:41030, s2:0.0.0.0:35144], old=null CLOSED
  s0:  RUNNING CANDIDATE s0@group-808489D4E928:t174, leader=null, voted=s0, raftlog=s0@group-808489D4E928-SegmentedRaftLog:OPENED:c-1,f-1,i0, conf=-1: [s0:0.0.0.0:42957, s1:0.0.0.0:41030, s2:0.0.0.0:35144], old=null RUNNING
  s1:  RUNNING CANDIDATE s1@group-808489D4E928:t162, leader=null, voted=s1, raftlog=s1@group-808489D4E928-SegmentedRaftLog:OPENED:c0,f0,i0, conf=0: [s0:0.0.0.0:42957, s1:0.0.0.0:41030, s2:0.0.0.0:35144], old=null RUNNING
  s2:   CLOSED    LEADER s2@group-808489D4E928:t1, leader=s2, voted=s2, raftlog=s2@group-808489D4E928-SegmentedRaftLog:CLOSED:c0, conf=0: [s0:0.0.0.0:42957, s1:0.0.0.0:41030, s2:0.0.0.0:35144], old=null CLOSED
	at org.apache.ratis.MiniRaftCluster.newIllegalStateExceptionForNoLeaders(MiniRaftCluster.java:506)
	at org.apache.ratis.RaftTestUtil.lambda$waitForLeader$1(RaftTestUtil.java:90)
	at org.apache.ratis.MiniRaftCluster.getLeader(MiniRaftCluster.java:539)
	at org.apache.ratis.MiniRaftCluster.getLeader(MiniRaftCluster.java:532)
	at org.apache.ratis.RaftTestUtil.lambda$waitForLeader$3(RaftTestUtil.java:98)
	at org.apache.ratis.util.JavaUtils.attempt(JavaUtils.java:152)
	at org.apache.ratis.RaftTestUtil.waitForLeader(RaftTestUtil.java:97)
	at org.apache.ratis.RaftTestUtil.waitForLeader(RaftTestUtil.java:77)
	at org.apache.ratis.RaftTestUtil.waitForLeader(RaftTestUtil.java:72)
	at org.apache.ratis.server.impl.RaftReconfigurationBaseTest.runTestKillLeaderDuringReconf(RaftReconfigurationBaseTest.java:353)
	at org.apache.ratis.MiniRaftCluster$Factory$Get.runWithNewCluster(MiniRaftCluster.java:125)
	at org.apache.ratis.MiniRaftCluster$Factory$Get.runWithNewCluster(MiniRaftCluster.java:113)
	at org.apache.ratis.server.impl.RaftReconfigurationBaseTest.testKillLeaderDuringReconf(RaftReconfigurationBaseTest.java:304)
	at sun.reflect.NativeMethodAccessorImpl.invoke0(Native Method)
	at sun.reflect.NativeMethodAccessorImpl.invoke(NativeMethodAccessorImpl.java:62)
	at sun.reflect.DelegatingMethodAccessorImpl.invoke(DelegatingMethodAccessorImpl.java:43)
	at java.lang.reflect.Method.invoke(Method.java:498)
	at org.junit.runners.model.FrameworkMethod$1.runReflectiveCall(FrameworkMethod.java:50)
	at org.junit.internal.runners.model.ReflectiveCallable.run(ReflectiveCallable.java:12)
	at org.junit.runners.model.FrameworkMethod.invokeExplosively(FrameworkMethod.java:47)
	at org.junit.internal.runners.statements.InvokeMethod.evaluate(InvokeMethod.java:17)
	at org.junit.internal.runners.statements.RunAfters.evaluate(RunAfters.java:27)
	at org.junit.internal.runners.statements.FailOnTimeout$CallableStatement.call(FailOnTimeout.java:298)
	at org.junit.internal.runners.statements.FailOnTimeout$CallableStatement.call(FailOnTimeout.java:292)
	at java.util.concurrent.FutureTask.run(FutureTask.java:266)
	at java.lang.Thread.run(Thread.java:748)
2019-09-26 09:46:35,077 INFO  ratis.MiniRaftCluster (MiniRaftCluster.java:lambda$null$5(297)) - TIMED-PRINT: printing ALL groups
  s3:   CLOSED  FOLLOWER s3@group-808489D4E928:t0, leader=null, voted=null, raftlog=s3@group-808489D4E928-SegmentedRaftLog:CLOSED:c-1, conf=-1: [s0:0.0.0.0:42957, s1:0.0.0.0:41030, s2:0.0.0.0:35144], old=null CLOSED
  s0:  RUNNING CANDIDATE s0@group-808489D4E928:t174, leader=null, voted=s0, raftlog=s0@group-808489D4E928-SegmentedRaftLog:OPENED:c-1,f-1,i0, conf=-1: [s0:0.0.0.0:42957, s1:0.0.0.0:41030, s2:0.0.0.0:35144], old=null RUNNING
  s1:  RUNNING CANDIDATE s1@group-808489D4E928:t162, leader=null, voted=s1, raftlog=s1@group-808489D4E928-SegmentedRaftLog:OPENED:c0,f0,i0, conf=0: [s0:0.0.0.0:42957, s1:0.0.0.0:41030, s2:0.0.0.0:35144], old=null RUNNING
  s2:   CLOSED    LEADER s2@group-808489D4E928:t1, leader=s2, voted=s2, raftlog=s2@group-808489D4E928-SegmentedRaftLog:CLOSED:c0, conf=0: [s0:0.0.0.0:42957, s1:0.0.0.0:41030, s2:0.0.0.0:35144], old=null CLOSED
2019-09-26 09:46:35,214 INFO  impl.LeaderElection (LeaderElection.java:logAndReturn(56)) - s1@group-808489D4E928-LeaderElection25: Election TIMEOUT; received 0 response(s) [] and 1 exception(s); s1@group-808489D4E928:t162, leader=null, voted=s1, raftlog=s1@group-808489D4E928-SegmentedRaftLog:OPENED:c0,f0,i0, conf=0: [s0:0.0.0.0:42957, s1:0.0.0.0:41030, s2:0.0.0.0:35144], old=null
2019-09-26 09:46:35,215 INFO  impl.LeaderElection (LogUtils.java:infoOrTrace(149)) -   Exception 0: java.util.concurrent.ExecutionException: org.apache.ratis.thirdparty.io.netty.channel.AbstractChannel$AnnotatedConnectException: Connection refused: /0.0.0.0:35144
2019-09-26 09:46:35,225 INFO  impl.LeaderElection (LeaderElection.java:logAndReturn(56)) - s0@group-808489D4E928-LeaderElection23: Election TIMEOUT; received 0 response(s) [] and 0 exception(s); s0@group-808489D4E928:t174, leader=null, voted=s0, raftlog=s0@group-808489D4E928-SegmentedRaftLog:OPENED:c-1,f-1,i0, conf=-1: [s0:0.0.0.0:42957, s1:0.0.0.0:41030, s2:0.0.0.0:35144], old=null
2019-09-26 09:46:35,238 INFO  impl.LeaderElection (LeaderElection.java:askForVotes(178)) - s0@group-808489D4E928-LeaderElection23: begin an election at term 175 for -1: [s0:0.0.0.0:42957, s1:0.0.0.0:41030, s2:0.0.0.0:35144], old=null
2019-09-26 09:46:35,238 INFO  impl.LeaderElection (LeaderElection.java:askForVotes(178)) - s1@group-808489D4E928-LeaderElection25: begin an election at term 163 for 0: [s0:0.0.0.0:42957, s1:0.0.0.0:41030, s2:0.0.0.0:35144], old=null
2019-09-26 09:46:35,242 INFO  impl.LeaderElection (LogUtils.java:infoOrTrace(149)) - s1@group-808489D4E928-LeaderElection25 got exception when requesting votes: java.util.concurrent.ExecutionException: org.apache.ratis.thirdparty.io.netty.channel.AbstractChannel$AnnotatedConnectException: Connection refused: /0.0.0.0:35144
2019-09-26 09:46:35,403 INFO  impl.LeaderElection (LeaderElection.java:logAndReturn(56)) - s1@group-808489D4E928-LeaderElection25: Election TIMEOUT; received 0 response(s) [] and 1 exception(s); s1@group-808489D4E928:t163, leader=null, voted=s1, raftlog=s1@group-808489D4E928-SegmentedRaftLog:OPENED:c0,f0,i0, conf=0: [s0:0.0.0.0:42957, s1:0.0.0.0:41030, s2:0.0.0.0:35144], old=null
2019-09-26 09:46:35,403 INFO  impl.LeaderElection (LogUtils.java:infoOrTrace(149)) -   Exception 0: java.util.concurrent.ExecutionException: org.apache.ratis.thirdparty.io.netty.channel.AbstractChannel$AnnotatedConnectException: Connection refused: /0.0.0.0:35144
2019-09-26 09:46:35,416 INFO  impl.LeaderElection (LeaderElection.java:askForVotes(178)) - s1@group-808489D4E928-LeaderElection25: begin an election at term 164 for 0: [s0:0.0.0.0:42957, s1:0.0.0.0:41030, s2:0.0.0.0:35144], old=null
2019-09-26 09:46:35,419 INFO  impl.LeaderElection (LogUtils.java:infoOrTrace(149)) - s1@group-808489D4E928-LeaderElection25 got exception when requesting votes: java.util.concurrent.ExecutionException: org.apache.ratis.thirdparty.io.netty.channel.AbstractChannel$AnnotatedConnectException: Connection refused: /0.0.0.0:35144
2019-09-26 09:46:35,464 INFO  impl.LeaderElection (LeaderElection.java:logAndReturn(56)) - s0@group-808489D4E928-LeaderElection23: Election TIMEOUT; received 0 response(s) [] and 0 exception(s); s0@group-808489D4E928:t175, leader=null, voted=s0, raftlog=s0@group-808489D4E928-SegmentedRaftLog:OPENED:c-1,f-1,i0, conf=-1: [s0:0.0.0.0:42957, s1:0.0.0.0:41030, s2:0.0.0.0:35144], old=null
2019-09-26 09:46:35,476 INFO  impl.LeaderElection (LeaderElection.java:askForVotes(178)) - s0@group-808489D4E928-LeaderElection23: begin an election at term 176 for -1: [s0:0.0.0.0:42957, s1:0.0.0.0:41030, s2:0.0.0.0:35144], old=null
2019-09-26 09:46:35,518 WARN  ratis.RaftTestUtil (JavaUtils.java:attempt(158)) - FAILED "waitForLeader-null-(expectLeader? true)", attempt #87/100: java.lang.IllegalStateException: No leader yet : printing ALL groups
  s3:   CLOSED  FOLLOWER s3@group-808489D4E928:t0, leader=null, voted=null, raftlog=s3@group-808489D4E928-SegmentedRaftLog:CLOSED:c-1, conf=-1: [s0:0.0.0.0:42957, s1:0.0.0.0:41030, s2:0.0.0.0:35144], old=null CLOSED
  s0:  RUNNING CANDIDATE s0@group-808489D4E928:t176, leader=null, voted=s0, raftlog=s0@group-808489D4E928-SegmentedRaftLog:OPENED:c-1,f-1,i0, conf=-1: [s0:0.0.0.0:42957, s1:0.0.0.0:41030, s2:0.0.0.0:35144], old=null RUNNING
  s1:  RUNNING CANDIDATE s1@group-808489D4E928:t164, leader=null, voted=s1, raftlog=s1@group-808489D4E928-SegmentedRaftLog:OPENED:c0,f0,i0, conf=0: [s0:0.0.0.0:42957, s1:0.0.0.0:41030, s2:0.0.0.0:35144], old=null RUNNING
  s2:   CLOSED    LEADER s2@group-808489D4E928:t1, leader=s2, voted=s2, raftlog=s2@group-808489D4E928-SegmentedRaftLog:CLOSED:c0, conf=0: [s0:0.0.0.0:42957, s1:0.0.0.0:41030, s2:0.0.0.0:35144], old=null CLOSED, sleep 450ms and then retry.
java.lang.IllegalStateException: No leader yet : printing ALL groups
  s3:   CLOSED  FOLLOWER s3@group-808489D4E928:t0, leader=null, voted=null, raftlog=s3@group-808489D4E928-SegmentedRaftLog:CLOSED:c-1, conf=-1: [s0:0.0.0.0:42957, s1:0.0.0.0:41030, s2:0.0.0.0:35144], old=null CLOSED
  s0:  RUNNING CANDIDATE s0@group-808489D4E928:t176, leader=null, voted=s0, raftlog=s0@group-808489D4E928-SegmentedRaftLog:OPENED:c-1,f-1,i0, conf=-1: [s0:0.0.0.0:42957, s1:0.0.0.0:41030, s2:0.0.0.0:35144], old=null RUNNING
  s1:  RUNNING CANDIDATE s1@group-808489D4E928:t164, leader=null, voted=s1, raftlog=s1@group-808489D4E928-SegmentedRaftLog:OPENED:c0,f0,i0, conf=0: [s0:0.0.0.0:42957, s1:0.0.0.0:41030, s2:0.0.0.0:35144], old=null RUNNING
  s2:   CLOSED    LEADER s2@group-808489D4E928:t1, leader=s2, voted=s2, raftlog=s2@group-808489D4E928-SegmentedRaftLog:CLOSED:c0, conf=0: [s0:0.0.0.0:42957, s1:0.0.0.0:41030, s2:0.0.0.0:35144], old=null CLOSED
	at org.apache.ratis.MiniRaftCluster.newIllegalStateExceptionForNoLeaders(MiniRaftCluster.java:506)
	at org.apache.ratis.RaftTestUtil.lambda$waitForLeader$1(RaftTestUtil.java:90)
	at org.apache.ratis.MiniRaftCluster.getLeader(MiniRaftCluster.java:539)
	at org.apache.ratis.MiniRaftCluster.getLeader(MiniRaftCluster.java:532)
	at org.apache.ratis.RaftTestUtil.lambda$waitForLeader$3(RaftTestUtil.java:98)
	at org.apache.ratis.util.JavaUtils.attempt(JavaUtils.java:152)
	at org.apache.ratis.RaftTestUtil.waitForLeader(RaftTestUtil.java:97)
	at org.apache.ratis.RaftTestUtil.waitForLeader(RaftTestUtil.java:77)
	at org.apache.ratis.RaftTestUtil.waitForLeader(RaftTestUtil.java:72)
	at org.apache.ratis.server.impl.RaftReconfigurationBaseTest.runTestKillLeaderDuringReconf(RaftReconfigurationBaseTest.java:353)
	at org.apache.ratis.MiniRaftCluster$Factory$Get.runWithNewCluster(MiniRaftCluster.java:125)
	at org.apache.ratis.MiniRaftCluster$Factory$Get.runWithNewCluster(MiniRaftCluster.java:113)
	at org.apache.ratis.server.impl.RaftReconfigurationBaseTest.testKillLeaderDuringReconf(RaftReconfigurationBaseTest.java:304)
	at sun.reflect.NativeMethodAccessorImpl.invoke0(Native Method)
	at sun.reflect.NativeMethodAccessorImpl.invoke(NativeMethodAccessorImpl.java:62)
	at sun.reflect.DelegatingMethodAccessorImpl.invoke(DelegatingMethodAccessorImpl.java:43)
	at java.lang.reflect.Method.invoke(Method.java:498)
	at org.junit.runners.model.FrameworkMethod$1.runReflectiveCall(FrameworkMethod.java:50)
	at org.junit.internal.runners.model.ReflectiveCallable.run(ReflectiveCallable.java:12)
	at org.junit.runners.model.FrameworkMethod.invokeExplosively(FrameworkMethod.java:47)
	at org.junit.internal.runners.statements.InvokeMethod.evaluate(InvokeMethod.java:17)
	at org.junit.internal.runners.statements.RunAfters.evaluate(RunAfters.java:27)
	at org.junit.internal.runners.statements.FailOnTimeout$CallableStatement.call(FailOnTimeout.java:298)
	at org.junit.internal.runners.statements.FailOnTimeout$CallableStatement.call(FailOnTimeout.java:292)
	at java.util.concurrent.FutureTask.run(FutureTask.java:266)
	at java.lang.Thread.run(Thread.java:748)
2019-09-26 09:46:35,665 INFO  impl.LeaderElection (LeaderElection.java:logAndReturn(56)) - s1@group-808489D4E928-LeaderElection25: Election TIMEOUT; received 0 response(s) [] and 1 exception(s); s1@group-808489D4E928:t164, leader=null, voted=s1, raftlog=s1@group-808489D4E928-SegmentedRaftLog:OPENED:c0,f0,i0, conf=0: [s0:0.0.0.0:42957, s1:0.0.0.0:41030, s2:0.0.0.0:35144], old=null
2019-09-26 09:46:35,665 INFO  impl.LeaderElection (LogUtils.java:infoOrTrace(149)) -   Exception 0: java.util.concurrent.ExecutionException: org.apache.ratis.thirdparty.io.netty.channel.AbstractChannel$AnnotatedConnectException: Connection refused: /0.0.0.0:35144
2019-09-26 09:46:35,669 INFO  impl.LeaderElection (LeaderElection.java:askForVotes(178)) - s1@group-808489D4E928-LeaderElection25: begin an election at term 165 for 0: [s0:0.0.0.0:42957, s1:0.0.0.0:41030, s2:0.0.0.0:35144], old=null
2019-09-26 09:46:35,671 INFO  impl.LeaderElection (LogUtils.java:infoOrTrace(149)) - s1@group-808489D4E928-LeaderElection25 got exception when requesting votes: java.util.concurrent.ExecutionException: org.apache.ratis.thirdparty.io.netty.channel.AbstractChannel$AnnotatedConnectException: Connection refused: /0.0.0.0:35144
2019-09-26 09:46:35,689 INFO  impl.LeaderElection (LeaderElection.java:logAndReturn(56)) - s0@group-808489D4E928-LeaderElection23: Election TIMEOUT; received 0 response(s) [] and 0 exception(s); s0@group-808489D4E928:t176, leader=null, voted=s0, raftlog=s0@group-808489D4E928-SegmentedRaftLog:OPENED:c-1,f-1,i0, conf=-1: [s0:0.0.0.0:42957, s1:0.0.0.0:41030, s2:0.0.0.0:35144], old=null
2019-09-26 09:46:35,703 INFO  impl.LeaderElection (LeaderElection.java:askForVotes(178)) - s0@group-808489D4E928-LeaderElection23: begin an election at term 177 for -1: [s0:0.0.0.0:42957, s1:0.0.0.0:41030, s2:0.0.0.0:35144], old=null
2019-09-26 09:46:35,889 INFO  impl.LeaderElection (LeaderElection.java:logAndReturn(56)) - s0@group-808489D4E928-LeaderElection23: Election TIMEOUT; received 0 response(s) [] and 0 exception(s); s0@group-808489D4E928:t177, leader=null, voted=s0, raftlog=s0@group-808489D4E928-SegmentedRaftLog:OPENED:c-1,f-1,i0, conf=-1: [s0:0.0.0.0:42957, s1:0.0.0.0:41030, s2:0.0.0.0:35144], old=null
2019-09-26 09:46:35,902 INFO  impl.LeaderElection (LeaderElection.java:askForVotes(178)) - s0@group-808489D4E928-LeaderElection23: begin an election at term 178 for -1: [s0:0.0.0.0:42957, s1:0.0.0.0:41030, s2:0.0.0.0:35144], old=null
2019-09-26 09:46:35,967 INFO  impl.LeaderElection (LeaderElection.java:logAndReturn(56)) - s1@group-808489D4E928-LeaderElection25: Election TIMEOUT; received 0 response(s) [] and 1 exception(s); s1@group-808489D4E928:t165, leader=null, voted=s1, raftlog=s1@group-808489D4E928-SegmentedRaftLog:OPENED:c0,f0,i0, conf=0: [s0:0.0.0.0:42957, s1:0.0.0.0:41030, s2:0.0.0.0:35144], old=null
2019-09-26 09:46:35,967 INFO  impl.LeaderElection (LogUtils.java:infoOrTrace(149)) -   Exception 0: java.util.concurrent.ExecutionException: org.apache.ratis.thirdparty.io.netty.channel.AbstractChannel$AnnotatedConnectException: Connection refused: /0.0.0.0:35144
2019-09-26 09:46:35,969 WARN  ratis.RaftTestUtil (JavaUtils.java:attempt(158)) - FAILED "waitForLeader-null-(expectLeader? true)", attempt #88/100: java.lang.IllegalStateException: No leader yet : printing ALL groups
  s3:   CLOSED  FOLLOWER s3@group-808489D4E928:t0, leader=null, voted=null, raftlog=s3@group-808489D4E928-SegmentedRaftLog:CLOSED:c-1, conf=-1: [s0:0.0.0.0:42957, s1:0.0.0.0:41030, s2:0.0.0.0:35144], old=null CLOSED
  s0:  RUNNING CANDIDATE s0@group-808489D4E928:t178, leader=null, voted=s0, raftlog=s0@group-808489D4E928-SegmentedRaftLog:OPENED:c-1,f-1,i0, conf=-1: [s0:0.0.0.0:42957, s1:0.0.0.0:41030, s2:0.0.0.0:35144], old=null RUNNING
  s1:  RUNNING CANDIDATE s1@group-808489D4E928:t166, leader=null, voted=s1, raftlog=s1@group-808489D4E928-SegmentedRaftLog:OPENED:c0,f0,i0, conf=0: [s0:0.0.0.0:42957, s1:0.0.0.0:41030, s2:0.0.0.0:35144], old=null RUNNING
  s2:   CLOSED    LEADER s2@group-808489D4E928:t1, leader=s2, voted=s2, raftlog=s2@group-808489D4E928-SegmentedRaftLog:CLOSED:c0, conf=0: [s0:0.0.0.0:42957, s1:0.0.0.0:41030, s2:0.0.0.0:35144], old=null CLOSED, sleep 450ms and then retry.
java.lang.IllegalStateException: No leader yet : printing ALL groups
  s3:   CLOSED  FOLLOWER s3@group-808489D4E928:t0, leader=null, voted=null, raftlog=s3@group-808489D4E928-SegmentedRaftLog:CLOSED:c-1, conf=-1: [s0:0.0.0.0:42957, s1:0.0.0.0:41030, s2:0.0.0.0:35144], old=null CLOSED
  s0:  RUNNING CANDIDATE s0@group-808489D4E928:t178, leader=null, voted=s0, raftlog=s0@group-808489D4E928-SegmentedRaftLog:OPENED:c-1,f-1,i0, conf=-1: [s0:0.0.0.0:42957, s1:0.0.0.0:41030, s2:0.0.0.0:35144], old=null RUNNING
  s1:  RUNNING CANDIDATE s1@group-808489D4E928:t166, leader=null, voted=s1, raftlog=s1@group-808489D4E928-SegmentedRaftLog:OPENED:c0,f0,i0, conf=0: [s0:0.0.0.0:42957, s1:0.0.0.0:41030, s2:0.0.0.0:35144], old=null RUNNING
  s2:   CLOSED    LEADER s2@group-808489D4E928:t1, leader=s2, voted=s2, raftlog=s2@group-808489D4E928-SegmentedRaftLog:CLOSED:c0, conf=0: [s0:0.0.0.0:42957, s1:0.0.0.0:41030, s2:0.0.0.0:35144], old=null CLOSED
	at org.apache.ratis.MiniRaftCluster.newIllegalStateExceptionForNoLeaders(MiniRaftCluster.java:506)
	at org.apache.ratis.RaftTestUtil.lambda$waitForLeader$1(RaftTestUtil.java:90)
	at org.apache.ratis.MiniRaftCluster.getLeader(MiniRaftCluster.java:539)
	at org.apache.ratis.MiniRaftCluster.getLeader(MiniRaftCluster.java:532)
	at org.apache.ratis.RaftTestUtil.lambda$waitForLeader$3(RaftTestUtil.java:98)
	at org.apache.ratis.util.JavaUtils.attempt(JavaUtils.java:152)
	at org.apache.ratis.RaftTestUtil.waitForLeader(RaftTestUtil.java:97)
	at org.apache.ratis.RaftTestUtil.waitForLeader(RaftTestUtil.java:77)
	at org.apache.ratis.RaftTestUtil.waitForLeader(RaftTestUtil.java:72)
	at org.apache.ratis.server.impl.RaftReconfigurationBaseTest.runTestKillLeaderDuringReconf(RaftReconfigurationBaseTest.java:353)
	at org.apache.ratis.MiniRaftCluster$Factory$Get.runWithNewCluster(MiniRaftCluster.java:125)
	at org.apache.ratis.MiniRaftCluster$Factory$Get.runWithNewCluster(MiniRaftCluster.java:113)
	at org.apache.ratis.server.impl.RaftReconfigurationBaseTest.testKillLeaderDuringReconf(RaftReconfigurationBaseTest.java:304)
	at sun.reflect.NativeMethodAccessorImpl.invoke0(Native Method)
	at sun.reflect.NativeMethodAccessorImpl.invoke(NativeMethodAccessorImpl.java:62)
	at sun.reflect.DelegatingMethodAccessorImpl.invoke(DelegatingMethodAccessorImpl.java:43)
	at java.lang.reflect.Method.invoke(Method.java:498)
	at org.junit.runners.model.FrameworkMethod$1.runReflectiveCall(FrameworkMethod.java:50)
	at org.junit.internal.runners.model.ReflectiveCallable.run(ReflectiveCallable.java:12)
	at org.junit.runners.model.FrameworkMethod.invokeExplosively(FrameworkMethod.java:47)
	at org.junit.internal.runners.statements.InvokeMethod.evaluate(InvokeMethod.java:17)
	at org.junit.internal.runners.statements.RunAfters.evaluate(RunAfters.java:27)
	at org.junit.internal.runners.statements.FailOnTimeout$CallableStatement.call(FailOnTimeout.java:298)
	at org.junit.internal.runners.statements.FailOnTimeout$CallableStatement.call(FailOnTimeout.java:292)
	at java.util.concurrent.FutureTask.run(FutureTask.java:266)
	at java.lang.Thread.run(Thread.java:748)
2019-09-26 09:46:35,981 INFO  impl.LeaderElection (LeaderElection.java:askForVotes(178)) - s1@group-808489D4E928-LeaderElection25: begin an election at term 166 for 0: [s0:0.0.0.0:42957, s1:0.0.0.0:41030, s2:0.0.0.0:35144], old=null
2019-09-26 09:46:35,983 INFO  impl.LeaderElection (LogUtils.java:infoOrTrace(149)) - s1@group-808489D4E928-LeaderElection25 got exception when requesting votes: java.util.concurrent.ExecutionException: org.apache.ratis.thirdparty.io.netty.channel.AbstractChannel$AnnotatedConnectException: Connection refused: /0.0.0.0:35144
2019-09-26 09:46:36,135 INFO  impl.LeaderElection (LeaderElection.java:logAndReturn(56)) - s1@group-808489D4E928-LeaderElection25: Election TIMEOUT; received 0 response(s) [] and 1 exception(s); s1@group-808489D4E928:t166, leader=null, voted=s1, raftlog=s1@group-808489D4E928-SegmentedRaftLog:OPENED:c0,f0,i0, conf=0: [s0:0.0.0.0:42957, s1:0.0.0.0:41030, s2:0.0.0.0:35144], old=null
2019-09-26 09:46:36,136 INFO  impl.LeaderElection (LogUtils.java:infoOrTrace(149)) -   Exception 0: java.util.concurrent.ExecutionException: org.apache.ratis.thirdparty.io.netty.channel.AbstractChannel$AnnotatedConnectException: Connection refused: /0.0.0.0:35144
2019-09-26 09:46:36,152 INFO  impl.LeaderElection (LeaderElection.java:askForVotes(178)) - s1@group-808489D4E928-LeaderElection25: begin an election at term 167 for 0: [s0:0.0.0.0:42957, s1:0.0.0.0:41030, s2:0.0.0.0:35144], old=null
2019-09-26 09:46:36,153 INFO  impl.LeaderElection (LogUtils.java:infoOrTrace(149)) - s1@group-808489D4E928-LeaderElection25 got exception when requesting votes: java.util.concurrent.ExecutionException: org.apache.ratis.thirdparty.io.netty.channel.AbstractChannel$AnnotatedConnectException: Connection refused: /0.0.0.0:35144
2019-09-26 09:46:36,200 INFO  impl.LeaderElection (LeaderElection.java:logAndReturn(56)) - s0@group-808489D4E928-LeaderElection23: Election TIMEOUT; received 0 response(s) [] and 0 exception(s); s0@group-808489D4E928:t178, leader=null, voted=s0, raftlog=s0@group-808489D4E928-SegmentedRaftLog:OPENED:c-1,f-1,i0, conf=-1: [s0:0.0.0.0:42957, s1:0.0.0.0:41030, s2:0.0.0.0:35144], old=null
2019-09-26 09:46:36,214 INFO  impl.LeaderElection (LeaderElection.java:askForVotes(178)) - s0@group-808489D4E928-LeaderElection23: begin an election at term 179 for -1: [s0:0.0.0.0:42957, s1:0.0.0.0:41030, s2:0.0.0.0:35144], old=null
2019-09-26 09:46:36,355 INFO  impl.LeaderElection (LeaderElection.java:logAndReturn(56)) - s1@group-808489D4E928-LeaderElection25: Election TIMEOUT; received 0 response(s) [] and 1 exception(s); s1@group-808489D4E928:t167, leader=null, voted=s1, raftlog=s1@group-808489D4E928-SegmentedRaftLog:OPENED:c0,f0,i0, conf=0: [s0:0.0.0.0:42957, s1:0.0.0.0:41030, s2:0.0.0.0:35144], old=null
2019-09-26 09:46:36,356 INFO  impl.LeaderElection (LogUtils.java:infoOrTrace(149)) -   Exception 0: java.util.concurrent.ExecutionException: org.apache.ratis.thirdparty.io.netty.channel.AbstractChannel$AnnotatedConnectException: Connection refused: /0.0.0.0:35144
2019-09-26 09:46:36,369 INFO  impl.LeaderElection (LeaderElection.java:askForVotes(178)) - s1@group-808489D4E928-LeaderElection25: begin an election at term 168 for 0: [s0:0.0.0.0:42957, s1:0.0.0.0:41030, s2:0.0.0.0:35144], old=null
2019-09-26 09:46:36,372 INFO  impl.LeaderElection (LogUtils.java:infoOrTrace(149)) - s1@group-808489D4E928-LeaderElection25 got exception when requesting votes: java.util.concurrent.ExecutionException: org.apache.ratis.thirdparty.io.netty.channel.AbstractChannel$AnnotatedConnectException: Connection refused: /0.0.0.0:35144
2019-09-26 09:46:36,384 INFO  impl.LeaderElection (LeaderElection.java:logAndReturn(56)) - s0@group-808489D4E928-LeaderElection23: Election TIMEOUT; received 0 response(s) [] and 0 exception(s); s0@group-808489D4E928:t179, leader=null, voted=s0, raftlog=s0@group-808489D4E928-SegmentedRaftLog:OPENED:c-1,f-1,i0, conf=-1: [s0:0.0.0.0:42957, s1:0.0.0.0:41030, s2:0.0.0.0:35144], old=null
2019-09-26 09:46:36,397 INFO  impl.LeaderElection (LeaderElection.java:askForVotes(178)) - s0@group-808489D4E928-LeaderElection23: begin an election at term 180 for -1: [s0:0.0.0.0:42957, s1:0.0.0.0:41030, s2:0.0.0.0:35144], old=null
2019-09-26 09:46:36,420 WARN  ratis.RaftTestUtil (JavaUtils.java:attempt(158)) - FAILED "waitForLeader-null-(expectLeader? true)", attempt #89/100: java.lang.IllegalStateException: No leader yet : printing ALL groups
  s3:   CLOSED  FOLLOWER s3@group-808489D4E928:t0, leader=null, voted=null, raftlog=s3@group-808489D4E928-SegmentedRaftLog:CLOSED:c-1, conf=-1: [s0:0.0.0.0:42957, s1:0.0.0.0:41030, s2:0.0.0.0:35144], old=null CLOSED
  s0:  RUNNING CANDIDATE s0@group-808489D4E928:t180, leader=null, voted=s0, raftlog=s0@group-808489D4E928-SegmentedRaftLog:OPENED:c-1,f-1,i0, conf=-1: [s0:0.0.0.0:42957, s1:0.0.0.0:41030, s2:0.0.0.0:35144], old=null RUNNING
  s1:  RUNNING CANDIDATE s1@group-808489D4E928:t168, leader=null, voted=s1, raftlog=s1@group-808489D4E928-SegmentedRaftLog:OPENED:c0,f0,i0, conf=0: [s0:0.0.0.0:42957, s1:0.0.0.0:41030, s2:0.0.0.0:35144], old=null RUNNING
  s2:   CLOSED    LEADER s2@group-808489D4E928:t1, leader=s2, voted=s2, raftlog=s2@group-808489D4E928-SegmentedRaftLog:CLOSED:c0, conf=0: [s0:0.0.0.0:42957, s1:0.0.0.0:41030, s2:0.0.0.0:35144], old=null CLOSED, sleep 450ms and then retry.
java.lang.IllegalStateException: No leader yet : printing ALL groups
  s3:   CLOSED  FOLLOWER s3@group-808489D4E928:t0, leader=null, voted=null, raftlog=s3@group-808489D4E928-SegmentedRaftLog:CLOSED:c-1, conf=-1: [s0:0.0.0.0:42957, s1:0.0.0.0:41030, s2:0.0.0.0:35144], old=null CLOSED
  s0:  RUNNING CANDIDATE s0@group-808489D4E928:t180, leader=null, voted=s0, raftlog=s0@group-808489D4E928-SegmentedRaftLog:OPENED:c-1,f-1,i0, conf=-1: [s0:0.0.0.0:42957, s1:0.0.0.0:41030, s2:0.0.0.0:35144], old=null RUNNING
  s1:  RUNNING CANDIDATE s1@group-808489D4E928:t168, leader=null, voted=s1, raftlog=s1@group-808489D4E928-SegmentedRaftLog:OPENED:c0,f0,i0, conf=0: [s0:0.0.0.0:42957, s1:0.0.0.0:41030, s2:0.0.0.0:35144], old=null RUNNING
  s2:   CLOSED    LEADER s2@group-808489D4E928:t1, leader=s2, voted=s2, raftlog=s2@group-808489D4E928-SegmentedRaftLog:CLOSED:c0, conf=0: [s0:0.0.0.0:42957, s1:0.0.0.0:41030, s2:0.0.0.0:35144], old=null CLOSED
	at org.apache.ratis.MiniRaftCluster.newIllegalStateExceptionForNoLeaders(MiniRaftCluster.java:506)
	at org.apache.ratis.RaftTestUtil.lambda$waitForLeader$1(RaftTestUtil.java:90)
	at org.apache.ratis.MiniRaftCluster.getLeader(MiniRaftCluster.java:539)
	at org.apache.ratis.MiniRaftCluster.getLeader(MiniRaftCluster.java:532)
	at org.apache.ratis.RaftTestUtil.lambda$waitForLeader$3(RaftTestUtil.java:98)
	at org.apache.ratis.util.JavaUtils.attempt(JavaUtils.java:152)
	at org.apache.ratis.RaftTestUtil.waitForLeader(RaftTestUtil.java:97)
	at org.apache.ratis.RaftTestUtil.waitForLeader(RaftTestUtil.java:77)
	at org.apache.ratis.RaftTestUtil.waitForLeader(RaftTestUtil.java:72)
	at org.apache.ratis.server.impl.RaftReconfigurationBaseTest.runTestKillLeaderDuringReconf(RaftReconfigurationBaseTest.java:353)
	at org.apache.ratis.MiniRaftCluster$Factory$Get.runWithNewCluster(MiniRaftCluster.java:125)
	at org.apache.ratis.MiniRaftCluster$Factory$Get.runWithNewCluster(MiniRaftCluster.java:113)
	at org.apache.ratis.server.impl.RaftReconfigurationBaseTest.testKillLeaderDuringReconf(RaftReconfigurationBaseTest.java:304)
	at sun.reflect.NativeMethodAccessorImpl.invoke0(Native Method)
	at sun.reflect.NativeMethodAccessorImpl.invoke(NativeMethodAccessorImpl.java:62)
	at sun.reflect.DelegatingMethodAccessorImpl.invoke(DelegatingMethodAccessorImpl.java:43)
	at java.lang.reflect.Method.invoke(Method.java:498)
	at org.junit.runners.model.FrameworkMethod$1.runReflectiveCall(FrameworkMethod.java:50)
	at org.junit.internal.runners.model.ReflectiveCallable.run(ReflectiveCallable.java:12)
	at org.junit.runners.model.FrameworkMethod.invokeExplosively(FrameworkMethod.java:47)
	at org.junit.internal.runners.statements.InvokeMethod.evaluate(InvokeMethod.java:17)
	at org.junit.internal.runners.statements.RunAfters.evaluate(RunAfters.java:27)
	at org.junit.internal.runners.statements.FailOnTimeout$CallableStatement.call(FailOnTimeout.java:298)
	at org.junit.internal.runners.statements.FailOnTimeout$CallableStatement.call(FailOnTimeout.java:292)
	at java.util.concurrent.FutureTask.run(FutureTask.java:266)
	at java.lang.Thread.run(Thread.java:748)
2019-09-26 09:46:36,622 INFO  impl.LeaderElection (LeaderElection.java:logAndReturn(56)) - s1@group-808489D4E928-LeaderElection25: Election TIMEOUT; received 0 response(s) [] and 1 exception(s); s1@group-808489D4E928:t168, leader=null, voted=s1, raftlog=s1@group-808489D4E928-SegmentedRaftLog:OPENED:c0,f0,i0, conf=0: [s0:0.0.0.0:42957, s1:0.0.0.0:41030, s2:0.0.0.0:35144], old=null
2019-09-26 09:46:36,623 INFO  impl.LeaderElection (LogUtils.java:infoOrTrace(149)) -   Exception 0: java.util.concurrent.ExecutionException: org.apache.ratis.thirdparty.io.netty.channel.AbstractChannel$AnnotatedConnectException: Connection refused: /0.0.0.0:35144
2019-09-26 09:46:36,636 INFO  impl.LeaderElection (LeaderElection.java:logAndReturn(56)) - s0@group-808489D4E928-LeaderElection23: Election TIMEOUT; received 0 response(s) [] and 0 exception(s); s0@group-808489D4E928:t180, leader=null, voted=s0, raftlog=s0@group-808489D4E928-SegmentedRaftLog:OPENED:c-1,f-1,i0, conf=-1: [s0:0.0.0.0:42957, s1:0.0.0.0:41030, s2:0.0.0.0:35144], old=null
2019-09-26 09:46:36,639 INFO  impl.LeaderElection (LeaderElection.java:askForVotes(178)) - s1@group-808489D4E928-LeaderElection25: begin an election at term 169 for 0: [s0:0.0.0.0:42957, s1:0.0.0.0:41030, s2:0.0.0.0:35144], old=null
2019-09-26 09:46:36,641 INFO  impl.LeaderElection (LeaderElection.java:askForVotes(178)) - s0@group-808489D4E928-LeaderElection23: begin an election at term 181 for -1: [s0:0.0.0.0:42957, s1:0.0.0.0:41030, s2:0.0.0.0:35144], old=null
2019-09-26 09:46:36,641 INFO  impl.LeaderElection (LogUtils.java:infoOrTrace(149)) - s1@group-808489D4E928-LeaderElection25 got exception when requesting votes: java.util.concurrent.ExecutionException: org.apache.ratis.thirdparty.io.netty.channel.AbstractChannel$AnnotatedConnectException: Connection refused: /0.0.0.0:35144
2019-09-26 09:46:36,833 INFO  impl.LeaderElection (LeaderElection.java:logAndReturn(56)) - s1@group-808489D4E928-LeaderElection25: Election TIMEOUT; received 0 response(s) [] and 1 exception(s); s1@group-808489D4E928:t169, leader=null, voted=s1, raftlog=s1@group-808489D4E928-SegmentedRaftLog:OPENED:c0,f0,i0, conf=0: [s0:0.0.0.0:42957, s1:0.0.0.0:41030, s2:0.0.0.0:35144], old=null
2019-09-26 09:46:36,833 INFO  impl.LeaderElection (LogUtils.java:infoOrTrace(149)) -   Exception 0: java.util.concurrent.ExecutionException: org.apache.ratis.thirdparty.io.netty.channel.AbstractChannel$AnnotatedConnectException: Connection refused: /0.0.0.0:35144
2019-09-26 09:46:36,846 INFO  impl.LeaderElection (LeaderElection.java:logAndReturn(56)) - s0@group-808489D4E928-LeaderElection23: Election TIMEOUT; received 0 response(s) [] and 0 exception(s); s0@group-808489D4E928:t181, leader=null, voted=s0, raftlog=s0@group-808489D4E928-SegmentedRaftLog:OPENED:c-1,f-1,i0, conf=-1: [s0:0.0.0.0:42957, s1:0.0.0.0:41030, s2:0.0.0.0:35144], old=null
2019-09-26 09:46:36,847 INFO  impl.LeaderElection (LeaderElection.java:askForVotes(178)) - s1@group-808489D4E928-LeaderElection25: begin an election at term 170 for 0: [s0:0.0.0.0:42957, s1:0.0.0.0:41030, s2:0.0.0.0:35144], old=null
2019-09-26 09:46:36,849 INFO  impl.LeaderElection (LeaderElection.java:askForVotes(178)) - s0@group-808489D4E928-LeaderElection23: begin an election at term 182 for -1: [s0:0.0.0.0:42957, s1:0.0.0.0:41030, s2:0.0.0.0:35144], old=null
2019-09-26 09:46:36,849 INFO  impl.LeaderElection (LogUtils.java:infoOrTrace(149)) - s1@group-808489D4E928-LeaderElection25 got exception when requesting votes: java.util.concurrent.ExecutionException: org.apache.ratis.thirdparty.io.netty.channel.AbstractChannel$AnnotatedConnectException: Connection refused: /0.0.0.0:35144
2019-09-26 09:46:36,871 WARN  ratis.RaftTestUtil (JavaUtils.java:attempt(158)) - FAILED "waitForLeader-null-(expectLeader? true)", attempt #90/100: java.lang.IllegalStateException: No leader yet : printing ALL groups
  s3:   CLOSED  FOLLOWER s3@group-808489D4E928:t0, leader=null, voted=null, raftlog=s3@group-808489D4E928-SegmentedRaftLog:CLOSED:c-1, conf=-1: [s0:0.0.0.0:42957, s1:0.0.0.0:41030, s2:0.0.0.0:35144], old=null CLOSED
  s0:  RUNNING CANDIDATE s0@group-808489D4E928:t182, leader=null, voted=s0, raftlog=s0@group-808489D4E928-SegmentedRaftLog:OPENED:c-1,f-1,i0, conf=-1: [s0:0.0.0.0:42957, s1:0.0.0.0:41030, s2:0.0.0.0:35144], old=null RUNNING
  s1:  RUNNING CANDIDATE s1@group-808489D4E928:t170, leader=null, voted=s1, raftlog=s1@group-808489D4E928-SegmentedRaftLog:OPENED:c0,f0,i0, conf=0: [s0:0.0.0.0:42957, s1:0.0.0.0:41030, s2:0.0.0.0:35144], old=null RUNNING
  s2:   CLOSED    LEADER s2@group-808489D4E928:t1, leader=s2, voted=s2, raftlog=s2@group-808489D4E928-SegmentedRaftLog:CLOSED:c0, conf=0: [s0:0.0.0.0:42957, s1:0.0.0.0:41030, s2:0.0.0.0:35144], old=null CLOSED, sleep 450ms and then retry.
java.lang.IllegalStateException: No leader yet : printing ALL groups
  s3:   CLOSED  FOLLOWER s3@group-808489D4E928:t0, leader=null, voted=null, raftlog=s3@group-808489D4E928-SegmentedRaftLog:CLOSED:c-1, conf=-1: [s0:0.0.0.0:42957, s1:0.0.0.0:41030, s2:0.0.0.0:35144], old=null CLOSED
  s0:  RUNNING CANDIDATE s0@group-808489D4E928:t182, leader=null, voted=s0, raftlog=s0@group-808489D4E928-SegmentedRaftLog:OPENED:c-1,f-1,i0, conf=-1: [s0:0.0.0.0:42957, s1:0.0.0.0:41030, s2:0.0.0.0:35144], old=null RUNNING
  s1:  RUNNING CANDIDATE s1@group-808489D4E928:t170, leader=null, voted=s1, raftlog=s1@group-808489D4E928-SegmentedRaftLog:OPENED:c0,f0,i0, conf=0: [s0:0.0.0.0:42957, s1:0.0.0.0:41030, s2:0.0.0.0:35144], old=null RUNNING
  s2:   CLOSED    LEADER s2@group-808489D4E928:t1, leader=s2, voted=s2, raftlog=s2@group-808489D4E928-SegmentedRaftLog:CLOSED:c0, conf=0: [s0:0.0.0.0:42957, s1:0.0.0.0:41030, s2:0.0.0.0:35144], old=null CLOSED
	at org.apache.ratis.MiniRaftCluster.newIllegalStateExceptionForNoLeaders(MiniRaftCluster.java:506)
	at org.apache.ratis.RaftTestUtil.lambda$waitForLeader$1(RaftTestUtil.java:90)
	at org.apache.ratis.MiniRaftCluster.getLeader(MiniRaftCluster.java:539)
	at org.apache.ratis.MiniRaftCluster.getLeader(MiniRaftCluster.java:532)
	at org.apache.ratis.RaftTestUtil.lambda$waitForLeader$3(RaftTestUtil.java:98)
	at org.apache.ratis.util.JavaUtils.attempt(JavaUtils.java:152)
	at org.apache.ratis.RaftTestUtil.waitForLeader(RaftTestUtil.java:97)
	at org.apache.ratis.RaftTestUtil.waitForLeader(RaftTestUtil.java:77)
	at org.apache.ratis.RaftTestUtil.waitForLeader(RaftTestUtil.java:72)
	at org.apache.ratis.server.impl.RaftReconfigurationBaseTest.runTestKillLeaderDuringReconf(RaftReconfigurationBaseTest.java:353)
	at org.apache.ratis.MiniRaftCluster$Factory$Get.runWithNewCluster(MiniRaftCluster.java:125)
	at org.apache.ratis.MiniRaftCluster$Factory$Get.runWithNewCluster(MiniRaftCluster.java:113)
	at org.apache.ratis.server.impl.RaftReconfigurationBaseTest.testKillLeaderDuringReconf(RaftReconfigurationBaseTest.java:304)
	at sun.reflect.NativeMethodAccessorImpl.invoke0(Native Method)
	at sun.reflect.NativeMethodAccessorImpl.invoke(NativeMethodAccessorImpl.java:62)
	at sun.reflect.DelegatingMethodAccessorImpl.invoke(DelegatingMethodAccessorImpl.java:43)
	at java.lang.reflect.Method.invoke(Method.java:498)
	at org.junit.runners.model.FrameworkMethod$1.runReflectiveCall(FrameworkMethod.java:50)
	at org.junit.internal.runners.model.ReflectiveCallable.run(ReflectiveCallable.java:12)
	at org.junit.runners.model.FrameworkMethod.invokeExplosively(FrameworkMethod.java:47)
	at org.junit.internal.runners.statements.InvokeMethod.evaluate(InvokeMethod.java:17)
	at org.junit.internal.runners.statements.RunAfters.evaluate(RunAfters.java:27)
	at org.junit.internal.runners.statements.FailOnTimeout$CallableStatement.call(FailOnTimeout.java:298)
	at org.junit.internal.runners.statements.FailOnTimeout$CallableStatement.call(FailOnTimeout.java:292)
	at java.util.concurrent.FutureTask.run(FutureTask.java:266)
	at java.lang.Thread.run(Thread.java:748)
2019-09-26 09:46:37,041 INFO  impl.LeaderElection (LeaderElection.java:logAndReturn(56)) - s0@group-808489D4E928-LeaderElection23: Election TIMEOUT; received 0 response(s) [] and 0 exception(s); s0@group-808489D4E928:t182, leader=null, voted=s0, raftlog=s0@group-808489D4E928-SegmentedRaftLog:OPENED:c-1,f-1,i0, conf=-1: [s0:0.0.0.0:42957, s1:0.0.0.0:41030, s2:0.0.0.0:35144], old=null
2019-09-26 09:46:37,054 INFO  impl.LeaderElection (LeaderElection.java:askForVotes(178)) - s0@group-808489D4E928-LeaderElection23: begin an election at term 183 for -1: [s0:0.0.0.0:42957, s1:0.0.0.0:41030, s2:0.0.0.0:35144], old=null
2019-09-26 09:46:37,083 INFO  impl.LeaderElection (LeaderElection.java:logAndReturn(56)) - s1@group-808489D4E928-LeaderElection25: Election TIMEOUT; received 0 response(s) [] and 1 exception(s); s1@group-808489D4E928:t170, leader=null, voted=s1, raftlog=s1@group-808489D4E928-SegmentedRaftLog:OPENED:c0,f0,i0, conf=0: [s0:0.0.0.0:42957, s1:0.0.0.0:41030, s2:0.0.0.0:35144], old=null
2019-09-26 09:46:37,084 INFO  impl.LeaderElection (LogUtils.java:infoOrTrace(149)) -   Exception 0: java.util.concurrent.ExecutionException: org.apache.ratis.thirdparty.io.netty.channel.AbstractChannel$AnnotatedConnectException: Connection refused: /0.0.0.0:35144
2019-09-26 09:46:37,097 INFO  impl.LeaderElection (LeaderElection.java:askForVotes(178)) - s1@group-808489D4E928-LeaderElection25: begin an election at term 171 for 0: [s0:0.0.0.0:42957, s1:0.0.0.0:41030, s2:0.0.0.0:35144], old=null
2019-09-26 09:46:37,099 INFO  impl.LeaderElection (LogUtils.java:infoOrTrace(149)) - s1@group-808489D4E928-LeaderElection25 got exception when requesting votes: java.util.concurrent.ExecutionException: org.apache.ratis.thirdparty.io.netty.channel.AbstractChannel$AnnotatedConnectException: Connection refused: /0.0.0.0:35144
2019-09-26 09:46:37,265 INFO  impl.LeaderElection (LeaderElection.java:logAndReturn(56)) - s1@group-808489D4E928-LeaderElection25: Election TIMEOUT; received 0 response(s) [] and 1 exception(s); s1@group-808489D4E928:t171, leader=null, voted=s1, raftlog=s1@group-808489D4E928-SegmentedRaftLog:OPENED:c0,f0,i0, conf=0: [s0:0.0.0.0:42957, s1:0.0.0.0:41030, s2:0.0.0.0:35144], old=null
2019-09-26 09:46:37,265 INFO  impl.LeaderElection (LogUtils.java:infoOrTrace(149)) -   Exception 0: java.util.concurrent.ExecutionException: org.apache.ratis.thirdparty.io.netty.channel.AbstractChannel$AnnotatedConnectException: Connection refused: /0.0.0.0:35144
2019-09-26 09:46:37,274 INFO  impl.LeaderElection (LeaderElection.java:logAndReturn(56)) - s0@group-808489D4E928-LeaderElection23: Election TIMEOUT; received 0 response(s) [] and 0 exception(s); s0@group-808489D4E928:t183, leader=null, voted=s0, raftlog=s0@group-808489D4E928-SegmentedRaftLog:OPENED:c-1,f-1,i0, conf=-1: [s0:0.0.0.0:42957, s1:0.0.0.0:41030, s2:0.0.0.0:35144], old=null
2019-09-26 09:46:37,279 INFO  impl.LeaderElection (LeaderElection.java:askForVotes(178)) - s1@group-808489D4E928-LeaderElection25: begin an election at term 172 for 0: [s0:0.0.0.0:42957, s1:0.0.0.0:41030, s2:0.0.0.0:35144], old=null
2019-09-26 09:46:37,279 INFO  impl.LeaderElection (LeaderElection.java:askForVotes(178)) - s0@group-808489D4E928-LeaderElection23: begin an election at term 184 for -1: [s0:0.0.0.0:42957, s1:0.0.0.0:41030, s2:0.0.0.0:35144], old=null
2019-09-26 09:46:37,282 INFO  impl.LeaderElection (LogUtils.java:infoOrTrace(149)) - s1@group-808489D4E928-LeaderElection25 got exception when requesting votes: java.util.concurrent.ExecutionException: org.apache.ratis.thirdparty.io.netty.channel.AbstractChannel$AnnotatedConnectException: Connection refused: /0.0.0.0:35144
2019-09-26 09:46:37,322 WARN  ratis.RaftTestUtil (JavaUtils.java:attempt(158)) - FAILED "waitForLeader-null-(expectLeader? true)", attempt #91/100: java.lang.IllegalStateException: No leader yet : printing ALL groups
  s3:   CLOSED  FOLLOWER s3@group-808489D4E928:t0, leader=null, voted=null, raftlog=s3@group-808489D4E928-SegmentedRaftLog:CLOSED:c-1, conf=-1: [s0:0.0.0.0:42957, s1:0.0.0.0:41030, s2:0.0.0.0:35144], old=null CLOSED
  s0:  RUNNING CANDIDATE s0@group-808489D4E928:t184, leader=null, voted=s0, raftlog=s0@group-808489D4E928-SegmentedRaftLog:OPENED:c-1,f-1,i0, conf=-1: [s0:0.0.0.0:42957, s1:0.0.0.0:41030, s2:0.0.0.0:35144], old=null RUNNING
  s1:  RUNNING CANDIDATE s1@group-808489D4E928:t172, leader=null, voted=s1, raftlog=s1@group-808489D4E928-SegmentedRaftLog:OPENED:c0,f0,i0, conf=0: [s0:0.0.0.0:42957, s1:0.0.0.0:41030, s2:0.0.0.0:35144], old=null RUNNING
  s2:   CLOSED    LEADER s2@group-808489D4E928:t1, leader=s2, voted=s2, raftlog=s2@group-808489D4E928-SegmentedRaftLog:CLOSED:c0, conf=0: [s0:0.0.0.0:42957, s1:0.0.0.0:41030, s2:0.0.0.0:35144], old=null CLOSED, sleep 450ms and then retry.
java.lang.IllegalStateException: No leader yet : printing ALL groups
  s3:   CLOSED  FOLLOWER s3@group-808489D4E928:t0, leader=null, voted=null, raftlog=s3@group-808489D4E928-SegmentedRaftLog:CLOSED:c-1, conf=-1: [s0:0.0.0.0:42957, s1:0.0.0.0:41030, s2:0.0.0.0:35144], old=null CLOSED
  s0:  RUNNING CANDIDATE s0@group-808489D4E928:t184, leader=null, voted=s0, raftlog=s0@group-808489D4E928-SegmentedRaftLog:OPENED:c-1,f-1,i0, conf=-1: [s0:0.0.0.0:42957, s1:0.0.0.0:41030, s2:0.0.0.0:35144], old=null RUNNING
  s1:  RUNNING CANDIDATE s1@group-808489D4E928:t172, leader=null, voted=s1, raftlog=s1@group-808489D4E928-SegmentedRaftLog:OPENED:c0,f0,i0, conf=0: [s0:0.0.0.0:42957, s1:0.0.0.0:41030, s2:0.0.0.0:35144], old=null RUNNING
  s2:   CLOSED    LEADER s2@group-808489D4E928:t1, leader=s2, voted=s2, raftlog=s2@group-808489D4E928-SegmentedRaftLog:CLOSED:c0, conf=0: [s0:0.0.0.0:42957, s1:0.0.0.0:41030, s2:0.0.0.0:35144], old=null CLOSED
	at org.apache.ratis.MiniRaftCluster.newIllegalStateExceptionForNoLeaders(MiniRaftCluster.java:506)
	at org.apache.ratis.RaftTestUtil.lambda$waitForLeader$1(RaftTestUtil.java:90)
	at org.apache.ratis.MiniRaftCluster.getLeader(MiniRaftCluster.java:539)
	at org.apache.ratis.MiniRaftCluster.getLeader(MiniRaftCluster.java:532)
	at org.apache.ratis.RaftTestUtil.lambda$waitForLeader$3(RaftTestUtil.java:98)
	at org.apache.ratis.util.JavaUtils.attempt(JavaUtils.java:152)
	at org.apache.ratis.RaftTestUtil.waitForLeader(RaftTestUtil.java:97)
	at org.apache.ratis.RaftTestUtil.waitForLeader(RaftTestUtil.java:77)
	at org.apache.ratis.RaftTestUtil.waitForLeader(RaftTestUtil.java:72)
	at org.apache.ratis.server.impl.RaftReconfigurationBaseTest.runTestKillLeaderDuringReconf(RaftReconfigurationBaseTest.java:353)
	at org.apache.ratis.MiniRaftCluster$Factory$Get.runWithNewCluster(MiniRaftCluster.java:125)
	at org.apache.ratis.MiniRaftCluster$Factory$Get.runWithNewCluster(MiniRaftCluster.java:113)
	at org.apache.ratis.server.impl.RaftReconfigurationBaseTest.testKillLeaderDuringReconf(RaftReconfigurationBaseTest.java:304)
	at sun.reflect.NativeMethodAccessorImpl.invoke0(Native Method)
	at sun.reflect.NativeMethodAccessorImpl.invoke(NativeMethodAccessorImpl.java:62)
	at sun.reflect.DelegatingMethodAccessorImpl.invoke(DelegatingMethodAccessorImpl.java:43)
	at java.lang.reflect.Method.invoke(Method.java:498)
	at org.junit.runners.model.FrameworkMethod$1.runReflectiveCall(FrameworkMethod.java:50)
	at org.junit.internal.runners.model.ReflectiveCallable.run(ReflectiveCallable.java:12)
	at org.junit.runners.model.FrameworkMethod.invokeExplosively(FrameworkMethod.java:47)
	at org.junit.internal.runners.statements.InvokeMethod.evaluate(InvokeMethod.java:17)
	at org.junit.internal.runners.statements.RunAfters.evaluate(RunAfters.java:27)
	at org.junit.internal.runners.statements.FailOnTimeout$CallableStatement.call(FailOnTimeout.java:298)
	at org.junit.internal.runners.statements.FailOnTimeout$CallableStatement.call(FailOnTimeout.java:292)
	at java.util.concurrent.FutureTask.run(FutureTask.java:266)
	at java.lang.Thread.run(Thread.java:748)
2019-09-26 09:46:37,481 INFO  impl.LeaderElection (LeaderElection.java:logAndReturn(56)) - s1@group-808489D4E928-LeaderElection25: Election TIMEOUT; received 0 response(s) [] and 1 exception(s); s1@group-808489D4E928:t172, leader=null, voted=s1, raftlog=s1@group-808489D4E928-SegmentedRaftLog:OPENED:c0,f0,i0, conf=0: [s0:0.0.0.0:42957, s1:0.0.0.0:41030, s2:0.0.0.0:35144], old=null
2019-09-26 09:46:37,481 INFO  impl.LeaderElection (LogUtils.java:infoOrTrace(149)) -   Exception 0: java.util.concurrent.ExecutionException: org.apache.ratis.thirdparty.io.netty.channel.AbstractChannel$AnnotatedConnectException: Connection refused: /0.0.0.0:35144
2019-09-26 09:46:37,496 INFO  impl.LeaderElection (LeaderElection.java:askForVotes(178)) - s1@group-808489D4E928-LeaderElection25: begin an election at term 173 for 0: [s0:0.0.0.0:42957, s1:0.0.0.0:41030, s2:0.0.0.0:35144], old=null
2019-09-26 09:46:37,498 INFO  impl.LeaderElection (LogUtils.java:infoOrTrace(149)) - s1@group-808489D4E928-LeaderElection25 got exception when requesting votes: java.util.concurrent.ExecutionException: org.apache.ratis.thirdparty.io.netty.channel.AbstractChannel$AnnotatedConnectException: Connection refused: /0.0.0.0:35144
2019-09-26 09:46:37,528 INFO  impl.LeaderElection (LeaderElection.java:logAndReturn(56)) - s0@group-808489D4E928-LeaderElection23: Election TIMEOUT; received 0 response(s) [] and 0 exception(s); s0@group-808489D4E928:t184, leader=null, voted=s0, raftlog=s0@group-808489D4E928-SegmentedRaftLog:OPENED:c-1,f-1,i0, conf=-1: [s0:0.0.0.0:42957, s1:0.0.0.0:41030, s2:0.0.0.0:35144], old=null
2019-09-26 09:46:37,542 INFO  impl.LeaderElection (LeaderElection.java:askForVotes(178)) - s0@group-808489D4E928-LeaderElection23: begin an election at term 185 for -1: [s0:0.0.0.0:42957, s1:0.0.0.0:41030, s2:0.0.0.0:35144], old=null
2019-09-26 09:46:37,689 INFO  impl.LeaderElection (LeaderElection.java:logAndReturn(56)) - s1@group-808489D4E928-LeaderElection25: Election TIMEOUT; received 0 response(s) [] and 1 exception(s); s1@group-808489D4E928:t173, leader=null, voted=s1, raftlog=s1@group-808489D4E928-SegmentedRaftLog:OPENED:c0,f0,i0, conf=0: [s0:0.0.0.0:42957, s1:0.0.0.0:41030, s2:0.0.0.0:35144], old=null
2019-09-26 09:46:37,689 INFO  impl.LeaderElection (LogUtils.java:infoOrTrace(149)) -   Exception 0: java.util.concurrent.ExecutionException: org.apache.ratis.thirdparty.io.netty.channel.AbstractChannel$AnnotatedConnectException: Connection refused: /0.0.0.0:35144
2019-09-26 09:46:37,702 INFO  impl.LeaderElection (LeaderElection.java:askForVotes(178)) - s1@group-808489D4E928-LeaderElection25: begin an election at term 174 for 0: [s0:0.0.0.0:42957, s1:0.0.0.0:41030, s2:0.0.0.0:35144], old=null
2019-09-26 09:46:37,704 INFO  impl.LeaderElection (LogUtils.java:infoOrTrace(149)) - s1@group-808489D4E928-LeaderElection25 got exception when requesting votes: java.util.concurrent.ExecutionException: org.apache.ratis.thirdparty.io.netty.channel.AbstractChannel$AnnotatedConnectException: Connection refused: /0.0.0.0:35144
2019-09-26 09:46:37,773 WARN  ratis.RaftTestUtil (JavaUtils.java:attempt(158)) - FAILED "waitForLeader-null-(expectLeader? true)", attempt #92/100: java.lang.IllegalStateException: No leader yet : printing ALL groups
  s3:   CLOSED  FOLLOWER s3@group-808489D4E928:t0, leader=null, voted=null, raftlog=s3@group-808489D4E928-SegmentedRaftLog:CLOSED:c-1, conf=-1: [s0:0.0.0.0:42957, s1:0.0.0.0:41030, s2:0.0.0.0:35144], old=null CLOSED
  s0:  RUNNING CANDIDATE s0@group-808489D4E928:t185, leader=null, voted=s0, raftlog=s0@group-808489D4E928-SegmentedRaftLog:OPENED:c-1,f-1,i0, conf=-1: [s0:0.0.0.0:42957, s1:0.0.0.0:41030, s2:0.0.0.0:35144], old=null RUNNING
  s1:  RUNNING CANDIDATE s1@group-808489D4E928:t174, leader=null, voted=s1, raftlog=s1@group-808489D4E928-SegmentedRaftLog:OPENED:c0,f0,i0, conf=0: [s0:0.0.0.0:42957, s1:0.0.0.0:41030, s2:0.0.0.0:35144], old=null RUNNING
  s2:   CLOSED    LEADER s2@group-808489D4E928:t1, leader=s2, voted=s2, raftlog=s2@group-808489D4E928-SegmentedRaftLog:CLOSED:c0, conf=0: [s0:0.0.0.0:42957, s1:0.0.0.0:41030, s2:0.0.0.0:35144], old=null CLOSED, sleep 450ms and then retry.
java.lang.IllegalStateException: No leader yet : printing ALL groups
  s3:   CLOSED  FOLLOWER s3@group-808489D4E928:t0, leader=null, voted=null, raftlog=s3@group-808489D4E928-SegmentedRaftLog:CLOSED:c-1, conf=-1: [s0:0.0.0.0:42957, s1:0.0.0.0:41030, s2:0.0.0.0:35144], old=null CLOSED
  s0:  RUNNING CANDIDATE s0@group-808489D4E928:t185, leader=null, voted=s0, raftlog=s0@group-808489D4E928-SegmentedRaftLog:OPENED:c-1,f-1,i0, conf=-1: [s0:0.0.0.0:42957, s1:0.0.0.0:41030, s2:0.0.0.0:35144], old=null RUNNING
  s1:  RUNNING CANDIDATE s1@group-808489D4E928:t174, leader=null, voted=s1, raftlog=s1@group-808489D4E928-SegmentedRaftLog:OPENED:c0,f0,i0, conf=0: [s0:0.0.0.0:42957, s1:0.0.0.0:41030, s2:0.0.0.0:35144], old=null RUNNING
  s2:   CLOSED    LEADER s2@group-808489D4E928:t1, leader=s2, voted=s2, raftlog=s2@group-808489D4E928-SegmentedRaftLog:CLOSED:c0, conf=0: [s0:0.0.0.0:42957, s1:0.0.0.0:41030, s2:0.0.0.0:35144], old=null CLOSED
	at org.apache.ratis.MiniRaftCluster.newIllegalStateExceptionForNoLeaders(MiniRaftCluster.java:506)
	at org.apache.ratis.RaftTestUtil.lambda$waitForLeader$1(RaftTestUtil.java:90)
	at org.apache.ratis.MiniRaftCluster.getLeader(MiniRaftCluster.java:539)
	at org.apache.ratis.MiniRaftCluster.getLeader(MiniRaftCluster.java:532)
	at org.apache.ratis.RaftTestUtil.lambda$waitForLeader$3(RaftTestUtil.java:98)
	at org.apache.ratis.util.JavaUtils.attempt(JavaUtils.java:152)
	at org.apache.ratis.RaftTestUtil.waitForLeader(RaftTestUtil.java:97)
	at org.apache.ratis.RaftTestUtil.waitForLeader(RaftTestUtil.java:77)
	at org.apache.ratis.RaftTestUtil.waitForLeader(RaftTestUtil.java:72)
	at org.apache.ratis.server.impl.RaftReconfigurationBaseTest.runTestKillLeaderDuringReconf(RaftReconfigurationBaseTest.java:353)
	at org.apache.ratis.MiniRaftCluster$Factory$Get.runWithNewCluster(MiniRaftCluster.java:125)
	at org.apache.ratis.MiniRaftCluster$Factory$Get.runWithNewCluster(MiniRaftCluster.java:113)
	at org.apache.ratis.server.impl.RaftReconfigurationBaseTest.testKillLeaderDuringReconf(RaftReconfigurationBaseTest.java:304)
	at sun.reflect.NativeMethodAccessorImpl.invoke0(Native Method)
	at sun.reflect.NativeMethodAccessorImpl.invoke(NativeMethodAccessorImpl.java:62)
	at sun.reflect.DelegatingMethodAccessorImpl.invoke(DelegatingMethodAccessorImpl.java:43)
	at java.lang.reflect.Method.invoke(Method.java:498)
	at org.junit.runners.model.FrameworkMethod$1.runReflectiveCall(FrameworkMethod.java:50)
	at org.junit.internal.runners.model.ReflectiveCallable.run(ReflectiveCallable.java:12)
	at org.junit.runners.model.FrameworkMethod.invokeExplosively(FrameworkMethod.java:47)
	at org.junit.internal.runners.statements.InvokeMethod.evaluate(InvokeMethod.java:17)
	at org.junit.internal.runners.statements.RunAfters.evaluate(RunAfters.java:27)
	at org.junit.internal.runners.statements.FailOnTimeout$CallableStatement.call(FailOnTimeout.java:298)
	at org.junit.internal.runners.statements.FailOnTimeout$CallableStatement.call(FailOnTimeout.java:292)
	at java.util.concurrent.FutureTask.run(FutureTask.java:266)
	at java.lang.Thread.run(Thread.java:748)
2019-09-26 09:46:37,784 INFO  impl.LeaderElection (LeaderElection.java:logAndReturn(56)) - s0@group-808489D4E928-LeaderElection23: Election TIMEOUT; received 0 response(s) [] and 0 exception(s); s0@group-808489D4E928:t185, leader=null, voted=s0, raftlog=s0@group-808489D4E928-SegmentedRaftLog:OPENED:c-1,f-1,i0, conf=-1: [s0:0.0.0.0:42957, s1:0.0.0.0:41030, s2:0.0.0.0:35144], old=null
2019-09-26 09:46:37,797 INFO  impl.LeaderElection (LeaderElection.java:askForVotes(178)) - s0@group-808489D4E928-LeaderElection23: begin an election at term 186 for -1: [s0:0.0.0.0:42957, s1:0.0.0.0:41030, s2:0.0.0.0:35144], old=null
2019-09-26 09:46:37,950 INFO  impl.LeaderElection (LeaderElection.java:logAndReturn(56)) - s0@group-808489D4E928-LeaderElection23: Election TIMEOUT; received 0 response(s) [] and 0 exception(s); s0@group-808489D4E928:t186, leader=null, voted=s0, raftlog=s0@group-808489D4E928-SegmentedRaftLog:OPENED:c-1,f-1,i0, conf=-1: [s0:0.0.0.0:42957, s1:0.0.0.0:41030, s2:0.0.0.0:35144], old=null
2019-09-26 09:46:37,955 INFO  impl.LeaderElection (LeaderElection.java:logAndReturn(56)) - s1@group-808489D4E928-LeaderElection25: Election TIMEOUT; received 0 response(s) [] and 1 exception(s); s1@group-808489D4E928:t174, leader=null, voted=s1, raftlog=s1@group-808489D4E928-SegmentedRaftLog:OPENED:c0,f0,i0, conf=0: [s0:0.0.0.0:42957, s1:0.0.0.0:41030, s2:0.0.0.0:35144], old=null
2019-09-26 09:46:37,955 INFO  impl.LeaderElection (LogUtils.java:infoOrTrace(149)) -   Exception 0: java.util.concurrent.ExecutionException: org.apache.ratis.thirdparty.io.netty.channel.AbstractChannel$AnnotatedConnectException: Connection refused: /0.0.0.0:35144
2019-09-26 09:46:37,963 INFO  impl.LeaderElection (LeaderElection.java:askForVotes(178)) - s0@group-808489D4E928-LeaderElection23: begin an election at term 187 for -1: [s0:0.0.0.0:42957, s1:0.0.0.0:41030, s2:0.0.0.0:35144], old=null
2019-09-26 09:46:37,963 INFO  impl.LeaderElection (LeaderElection.java:askForVotes(178)) - s1@group-808489D4E928-LeaderElection25: begin an election at term 175 for 0: [s0:0.0.0.0:42957, s1:0.0.0.0:41030, s2:0.0.0.0:35144], old=null
2019-09-26 09:46:37,966 INFO  impl.LeaderElection (LogUtils.java:infoOrTrace(149)) - s1@group-808489D4E928-LeaderElection25 got exception when requesting votes: java.util.concurrent.ExecutionException: org.apache.ratis.thirdparty.io.netty.channel.AbstractChannel$AnnotatedConnectException: Connection refused: /0.0.0.0:35144
2019-09-26 09:46:38,116 INFO  impl.LeaderElection (LeaderElection.java:logAndReturn(56)) - s1@group-808489D4E928-LeaderElection25: Election TIMEOUT; received 0 response(s) [] and 1 exception(s); s1@group-808489D4E928:t175, leader=null, voted=s1, raftlog=s1@group-808489D4E928-SegmentedRaftLog:OPENED:c0,f0,i0, conf=0: [s0:0.0.0.0:42957, s1:0.0.0.0:41030, s2:0.0.0.0:35144], old=null
2019-09-26 09:46:38,117 INFO  impl.LeaderElection (LogUtils.java:infoOrTrace(149)) -   Exception 0: java.util.concurrent.ExecutionException: org.apache.ratis.thirdparty.io.netty.channel.AbstractChannel$AnnotatedConnectException: Connection refused: /0.0.0.0:35144
2019-09-26 09:46:38,130 INFO  impl.LeaderElection (LeaderElection.java:askForVotes(178)) - s1@group-808489D4E928-LeaderElection25: begin an election at term 176 for 0: [s0:0.0.0.0:42957, s1:0.0.0.0:41030, s2:0.0.0.0:35144], old=null
2019-09-26 09:46:38,132 INFO  impl.LeaderElection (LogUtils.java:infoOrTrace(149)) - s1@group-808489D4E928-LeaderElection25 got exception when requesting votes: java.util.concurrent.ExecutionException: org.apache.ratis.thirdparty.io.netty.channel.AbstractChannel$AnnotatedConnectException: Connection refused: /0.0.0.0:35144
2019-09-26 09:46:38,162 INFO  impl.LeaderElection (LeaderElection.java:logAndReturn(56)) - s0@group-808489D4E928-LeaderElection23: Election TIMEOUT; received 0 response(s) [] and 0 exception(s); s0@group-808489D4E928:t187, leader=null, voted=s0, raftlog=s0@group-808489D4E928-SegmentedRaftLog:OPENED:c-1,f-1,i0, conf=-1: [s0:0.0.0.0:42957, s1:0.0.0.0:41030, s2:0.0.0.0:35144], old=null
2019-09-26 09:46:38,172 INFO  impl.LeaderElection (LeaderElection.java:askForVotes(178)) - s0@group-808489D4E928-LeaderElection23: begin an election at term 188 for -1: [s0:0.0.0.0:42957, s1:0.0.0.0:41030, s2:0.0.0.0:35144], old=null
2019-09-26 09:46:38,224 WARN  ratis.RaftTestUtil (JavaUtils.java:attempt(158)) - FAILED "waitForLeader-null-(expectLeader? true)", attempt #93/100: java.lang.IllegalStateException: No leader yet : printing ALL groups
  s3:   CLOSED  FOLLOWER s3@group-808489D4E928:t0, leader=null, voted=null, raftlog=s3@group-808489D4E928-SegmentedRaftLog:CLOSED:c-1, conf=-1: [s0:0.0.0.0:42957, s1:0.0.0.0:41030, s2:0.0.0.0:35144], old=null CLOSED
  s0:  RUNNING CANDIDATE s0@group-808489D4E928:t188, leader=null, voted=s0, raftlog=s0@group-808489D4E928-SegmentedRaftLog:OPENED:c-1,f-1,i0, conf=-1: [s0:0.0.0.0:42957, s1:0.0.0.0:41030, s2:0.0.0.0:35144], old=null RUNNING
  s1:  RUNNING CANDIDATE s1@group-808489D4E928:t176, leader=null, voted=s1, raftlog=s1@group-808489D4E928-SegmentedRaftLog:OPENED:c0,f0,i0, conf=0: [s0:0.0.0.0:42957, s1:0.0.0.0:41030, s2:0.0.0.0:35144], old=null RUNNING
  s2:   CLOSED    LEADER s2@group-808489D4E928:t1, leader=s2, voted=s2, raftlog=s2@group-808489D4E928-SegmentedRaftLog:CLOSED:c0, conf=0: [s0:0.0.0.0:42957, s1:0.0.0.0:41030, s2:0.0.0.0:35144], old=null CLOSED, sleep 450ms and then retry.
java.lang.IllegalStateException: No leader yet : printing ALL groups
  s3:   CLOSED  FOLLOWER s3@group-808489D4E928:t0, leader=null, voted=null, raftlog=s3@group-808489D4E928-SegmentedRaftLog:CLOSED:c-1, conf=-1: [s0:0.0.0.0:42957, s1:0.0.0.0:41030, s2:0.0.0.0:35144], old=null CLOSED
  s0:  RUNNING CANDIDATE s0@group-808489D4E928:t188, leader=null, voted=s0, raftlog=s0@group-808489D4E928-SegmentedRaftLog:OPENED:c-1,f-1,i0, conf=-1: [s0:0.0.0.0:42957, s1:0.0.0.0:41030, s2:0.0.0.0:35144], old=null RUNNING
  s1:  RUNNING CANDIDATE s1@group-808489D4E928:t176, leader=null, voted=s1, raftlog=s1@group-808489D4E928-SegmentedRaftLog:OPENED:c0,f0,i0, conf=0: [s0:0.0.0.0:42957, s1:0.0.0.0:41030, s2:0.0.0.0:35144], old=null RUNNING
  s2:   CLOSED    LEADER s2@group-808489D4E928:t1, leader=s2, voted=s2, raftlog=s2@group-808489D4E928-SegmentedRaftLog:CLOSED:c0, conf=0: [s0:0.0.0.0:42957, s1:0.0.0.0:41030, s2:0.0.0.0:35144], old=null CLOSED
	at org.apache.ratis.MiniRaftCluster.newIllegalStateExceptionForNoLeaders(MiniRaftCluster.java:506)
	at org.apache.ratis.RaftTestUtil.lambda$waitForLeader$1(RaftTestUtil.java:90)
	at org.apache.ratis.MiniRaftCluster.getLeader(MiniRaftCluster.java:539)
	at org.apache.ratis.MiniRaftCluster.getLeader(MiniRaftCluster.java:532)
	at org.apache.ratis.RaftTestUtil.lambda$waitForLeader$3(RaftTestUtil.java:98)
	at org.apache.ratis.util.JavaUtils.attempt(JavaUtils.java:152)
	at org.apache.ratis.RaftTestUtil.waitForLeader(RaftTestUtil.java:97)
	at org.apache.ratis.RaftTestUtil.waitForLeader(RaftTestUtil.java:77)
	at org.apache.ratis.RaftTestUtil.waitForLeader(RaftTestUtil.java:72)
	at org.apache.ratis.server.impl.RaftReconfigurationBaseTest.runTestKillLeaderDuringReconf(RaftReconfigurationBaseTest.java:353)
	at org.apache.ratis.MiniRaftCluster$Factory$Get.runWithNewCluster(MiniRaftCluster.java:125)
	at org.apache.ratis.MiniRaftCluster$Factory$Get.runWithNewCluster(MiniRaftCluster.java:113)
	at org.apache.ratis.server.impl.RaftReconfigurationBaseTest.testKillLeaderDuringReconf(RaftReconfigurationBaseTest.java:304)
	at sun.reflect.NativeMethodAccessorImpl.invoke0(Native Method)
	at sun.reflect.NativeMethodAccessorImpl.invoke(NativeMethodAccessorImpl.java:62)
	at sun.reflect.DelegatingMethodAccessorImpl.invoke(DelegatingMethodAccessorImpl.java:43)
	at java.lang.reflect.Method.invoke(Method.java:498)
	at org.junit.runners.model.FrameworkMethod$1.runReflectiveCall(FrameworkMethod.java:50)
	at org.junit.internal.runners.model.ReflectiveCallable.run(ReflectiveCallable.java:12)
	at org.junit.runners.model.FrameworkMethod.invokeExplosively(FrameworkMethod.java:47)
	at org.junit.internal.runners.statements.InvokeMethod.evaluate(InvokeMethod.java:17)
	at org.junit.internal.runners.statements.RunAfters.evaluate(RunAfters.java:27)
	at org.junit.internal.runners.statements.FailOnTimeout$CallableStatement.call(FailOnTimeout.java:298)
	at org.junit.internal.runners.statements.FailOnTimeout$CallableStatement.call(FailOnTimeout.java:292)
	at java.util.concurrent.FutureTask.run(FutureTask.java:266)
	at java.lang.Thread.run(Thread.java:748)
2019-09-26 09:46:38,360 INFO  impl.LeaderElection (LeaderElection.java:logAndReturn(56)) - s1@group-808489D4E928-LeaderElection25: Election TIMEOUT; received 0 response(s) [] and 1 exception(s); s1@group-808489D4E928:t176, leader=null, voted=s1, raftlog=s1@group-808489D4E928-SegmentedRaftLog:OPENED:c0,f0,i0, conf=0: [s0:0.0.0.0:42957, s1:0.0.0.0:41030, s2:0.0.0.0:35144], old=null
2019-09-26 09:46:38,360 INFO  impl.LeaderElection (LogUtils.java:infoOrTrace(149)) -   Exception 0: java.util.concurrent.ExecutionException: org.apache.ratis.thirdparty.io.netty.channel.AbstractChannel$AnnotatedConnectException: Connection refused: /0.0.0.0:35144
2019-09-26 09:46:38,374 INFO  impl.LeaderElection (LeaderElection.java:askForVotes(178)) - s1@group-808489D4E928-LeaderElection25: begin an election at term 177 for 0: [s0:0.0.0.0:42957, s1:0.0.0.0:41030, s2:0.0.0.0:35144], old=null
2019-09-26 09:46:38,376 INFO  impl.LeaderElection (LogUtils.java:infoOrTrace(149)) - s1@group-808489D4E928-LeaderElection25 got exception when requesting votes: java.util.concurrent.ExecutionException: org.apache.ratis.thirdparty.io.netty.channel.AbstractChannel$AnnotatedConnectException: Connection refused: /0.0.0.0:35144
2019-09-26 09:46:38,384 INFO  impl.LeaderElection (LeaderElection.java:logAndReturn(56)) - s0@group-808489D4E928-LeaderElection23: Election TIMEOUT; received 0 response(s) [] and 0 exception(s); s0@group-808489D4E928:t188, leader=null, voted=s0, raftlog=s0@group-808489D4E928-SegmentedRaftLog:OPENED:c-1,f-1,i0, conf=-1: [s0:0.0.0.0:42957, s1:0.0.0.0:41030, s2:0.0.0.0:35144], old=null
2019-09-26 09:46:38,398 INFO  impl.LeaderElection (LeaderElection.java:askForVotes(178)) - s0@group-808489D4E928-LeaderElection23: begin an election at term 189 for -1: [s0:0.0.0.0:42957, s1:0.0.0.0:41030, s2:0.0.0.0:35144], old=null
2019-09-26 09:46:38,562 INFO  impl.LeaderElection (LeaderElection.java:logAndReturn(56)) - s0@group-808489D4E928-LeaderElection23: Election TIMEOUT; received 0 response(s) [] and 0 exception(s); s0@group-808489D4E928:t189, leader=null, voted=s0, raftlog=s0@group-808489D4E928-SegmentedRaftLog:OPENED:c-1,f-1,i0, conf=-1: [s0:0.0.0.0:42957, s1:0.0.0.0:41030, s2:0.0.0.0:35144], old=null
2019-09-26 09:46:38,576 INFO  impl.LeaderElection (LeaderElection.java:askForVotes(178)) - s0@group-808489D4E928-LeaderElection23: begin an election at term 190 for -1: [s0:0.0.0.0:42957, s1:0.0.0.0:41030, s2:0.0.0.0:35144], old=null
2019-09-26 09:46:38,612 INFO  impl.LeaderElection (LeaderElection.java:logAndReturn(56)) - s1@group-808489D4E928-LeaderElection25: Election TIMEOUT; received 0 response(s) [] and 1 exception(s); s1@group-808489D4E928:t177, leader=null, voted=s1, raftlog=s1@group-808489D4E928-SegmentedRaftLog:OPENED:c0,f0,i0, conf=0: [s0:0.0.0.0:42957, s1:0.0.0.0:41030, s2:0.0.0.0:35144], old=null
2019-09-26 09:46:38,612 INFO  impl.LeaderElection (LogUtils.java:infoOrTrace(149)) -   Exception 0: java.util.concurrent.ExecutionException: org.apache.ratis.thirdparty.io.netty.channel.AbstractChannel$AnnotatedConnectException: Connection refused: /0.0.0.0:35144
2019-09-26 09:46:38,625 INFO  impl.LeaderElection (LeaderElection.java:askForVotes(178)) - s1@group-808489D4E928-LeaderElection25: begin an election at term 178 for 0: [s0:0.0.0.0:42957, s1:0.0.0.0:41030, s2:0.0.0.0:35144], old=null
2019-09-26 09:46:38,627 INFO  impl.LeaderElection (LogUtils.java:infoOrTrace(149)) - s1@group-808489D4E928-LeaderElection25 got exception when requesting votes: java.util.concurrent.ExecutionException: org.apache.ratis.thirdparty.io.netty.channel.AbstractChannel$AnnotatedConnectException: Connection refused: /0.0.0.0:35144
2019-09-26 09:46:38,675 WARN  ratis.RaftTestUtil (JavaUtils.java:attempt(158)) - FAILED "waitForLeader-null-(expectLeader? true)", attempt #94/100: java.lang.IllegalStateException: No leader yet : printing ALL groups
  s3:   CLOSED  FOLLOWER s3@group-808489D4E928:t0, leader=null, voted=null, raftlog=s3@group-808489D4E928-SegmentedRaftLog:CLOSED:c-1, conf=-1: [s0:0.0.0.0:42957, s1:0.0.0.0:41030, s2:0.0.0.0:35144], old=null CLOSED
  s0:  RUNNING CANDIDATE s0@group-808489D4E928:t190, leader=null, voted=s0, raftlog=s0@group-808489D4E928-SegmentedRaftLog:OPENED:c-1,f-1,i0, conf=-1: [s0:0.0.0.0:42957, s1:0.0.0.0:41030, s2:0.0.0.0:35144], old=null RUNNING
  s1:  RUNNING CANDIDATE s1@group-808489D4E928:t178, leader=null, voted=s1, raftlog=s1@group-808489D4E928-SegmentedRaftLog:OPENED:c0,f0,i0, conf=0: [s0:0.0.0.0:42957, s1:0.0.0.0:41030, s2:0.0.0.0:35144], old=null RUNNING
  s2:   CLOSED    LEADER s2@group-808489D4E928:t1, leader=s2, voted=s2, raftlog=s2@group-808489D4E928-SegmentedRaftLog:CLOSED:c0, conf=0: [s0:0.0.0.0:42957, s1:0.0.0.0:41030, s2:0.0.0.0:35144], old=null CLOSED, sleep 450ms and then retry.
java.lang.IllegalStateException: No leader yet : printing ALL groups
  s3:   CLOSED  FOLLOWER s3@group-808489D4E928:t0, leader=null, voted=null, raftlog=s3@group-808489D4E928-SegmentedRaftLog:CLOSED:c-1, conf=-1: [s0:0.0.0.0:42957, s1:0.0.0.0:41030, s2:0.0.0.0:35144], old=null CLOSED
  s0:  RUNNING CANDIDATE s0@group-808489D4E928:t190, leader=null, voted=s0, raftlog=s0@group-808489D4E928-SegmentedRaftLog:OPENED:c-1,f-1,i0, conf=-1: [s0:0.0.0.0:42957, s1:0.0.0.0:41030, s2:0.0.0.0:35144], old=null RUNNING
  s1:  RUNNING CANDIDATE s1@group-808489D4E928:t178, leader=null, voted=s1, raftlog=s1@group-808489D4E928-SegmentedRaftLog:OPENED:c0,f0,i0, conf=0: [s0:0.0.0.0:42957, s1:0.0.0.0:41030, s2:0.0.0.0:35144], old=null RUNNING
  s2:   CLOSED    LEADER s2@group-808489D4E928:t1, leader=s2, voted=s2, raftlog=s2@group-808489D4E928-SegmentedRaftLog:CLOSED:c0, conf=0: [s0:0.0.0.0:42957, s1:0.0.0.0:41030, s2:0.0.0.0:35144], old=null CLOSED
	at org.apache.ratis.MiniRaftCluster.newIllegalStateExceptionForNoLeaders(MiniRaftCluster.java:506)
	at org.apache.ratis.RaftTestUtil.lambda$waitForLeader$1(RaftTestUtil.java:90)
	at org.apache.ratis.MiniRaftCluster.getLeader(MiniRaftCluster.java:539)
	at org.apache.ratis.MiniRaftCluster.getLeader(MiniRaftCluster.java:532)
	at org.apache.ratis.RaftTestUtil.lambda$waitForLeader$3(RaftTestUtil.java:98)
	at org.apache.ratis.util.JavaUtils.attempt(JavaUtils.java:152)
	at org.apache.ratis.RaftTestUtil.waitForLeader(RaftTestUtil.java:97)
	at org.apache.ratis.RaftTestUtil.waitForLeader(RaftTestUtil.java:77)
	at org.apache.ratis.RaftTestUtil.waitForLeader(RaftTestUtil.java:72)
	at org.apache.ratis.server.impl.RaftReconfigurationBaseTest.runTestKillLeaderDuringReconf(RaftReconfigurationBaseTest.java:353)
	at org.apache.ratis.MiniRaftCluster$Factory$Get.runWithNewCluster(MiniRaftCluster.java:125)
	at org.apache.ratis.MiniRaftCluster$Factory$Get.runWithNewCluster(MiniRaftCluster.java:113)
	at org.apache.ratis.server.impl.RaftReconfigurationBaseTest.testKillLeaderDuringReconf(RaftReconfigurationBaseTest.java:304)
	at sun.reflect.NativeMethodAccessorImpl.invoke0(Native Method)
	at sun.reflect.NativeMethodAccessorImpl.invoke(NativeMethodAccessorImpl.java:62)
	at sun.reflect.DelegatingMethodAccessorImpl.invoke(DelegatingMethodAccessorImpl.java:43)
	at java.lang.reflect.Method.invoke(Method.java:498)
	at org.junit.runners.model.FrameworkMethod$1.runReflectiveCall(FrameworkMethod.java:50)
	at org.junit.internal.runners.model.ReflectiveCallable.run(ReflectiveCallable.java:12)
	at org.junit.runners.model.FrameworkMethod.invokeExplosively(FrameworkMethod.java:47)
	at org.junit.internal.runners.statements.InvokeMethod.evaluate(InvokeMethod.java:17)
	at org.junit.internal.runners.statements.RunAfters.evaluate(RunAfters.java:27)
	at org.junit.internal.runners.statements.FailOnTimeout$CallableStatement.call(FailOnTimeout.java:298)
	at org.junit.internal.runners.statements.FailOnTimeout$CallableStatement.call(FailOnTimeout.java:292)
	at java.util.concurrent.FutureTask.run(FutureTask.java:266)
	at java.lang.Thread.run(Thread.java:748)
2019-09-26 09:46:38,828 INFO  impl.LeaderElection (LeaderElection.java:logAndReturn(56)) - s0@group-808489D4E928-LeaderElection23: Election TIMEOUT; received 0 response(s) [] and 0 exception(s); s0@group-808489D4E928:t190, leader=null, voted=s0, raftlog=s0@group-808489D4E928-SegmentedRaftLog:OPENED:c-1,f-1,i0, conf=-1: [s0:0.0.0.0:42957, s1:0.0.0.0:41030, s2:0.0.0.0:35144], old=null
2019-09-26 09:46:38,833 INFO  impl.LeaderElection (LeaderElection.java:logAndReturn(56)) - s1@group-808489D4E928-LeaderElection25: Election TIMEOUT; received 0 response(s) [] and 1 exception(s); s1@group-808489D4E928:t178, leader=null, voted=s1, raftlog=s1@group-808489D4E928-SegmentedRaftLog:OPENED:c0,f0,i0, conf=0: [s0:0.0.0.0:42957, s1:0.0.0.0:41030, s2:0.0.0.0:35144], old=null
2019-09-26 09:46:38,833 INFO  impl.LeaderElection (LogUtils.java:infoOrTrace(149)) -   Exception 0: java.util.concurrent.ExecutionException: org.apache.ratis.thirdparty.io.netty.channel.AbstractChannel$AnnotatedConnectException: Connection refused: /0.0.0.0:35144
2019-09-26 09:46:38,842 INFO  impl.LeaderElection (LeaderElection.java:askForVotes(178)) - s0@group-808489D4E928-LeaderElection23: begin an election at term 191 for -1: [s0:0.0.0.0:42957, s1:0.0.0.0:41030, s2:0.0.0.0:35144], old=null
2019-09-26 09:46:38,842 INFO  impl.LeaderElection (LeaderElection.java:askForVotes(178)) - s1@group-808489D4E928-LeaderElection25: begin an election at term 179 for 0: [s0:0.0.0.0:42957, s1:0.0.0.0:41030, s2:0.0.0.0:35144], old=null
2019-09-26 09:46:38,845 INFO  impl.LeaderElection (LogUtils.java:infoOrTrace(149)) - s1@group-808489D4E928-LeaderElection25 got exception when requesting votes: java.util.concurrent.ExecutionException: org.apache.ratis.thirdparty.io.netty.channel.AbstractChannel$AnnotatedConnectException: Connection refused: /0.0.0.0:35144
2019-09-26 09:46:39,118 INFO  impl.LeaderElection (LeaderElection.java:logAndReturn(56)) - s0@group-808489D4E928-LeaderElection23: Election TIMEOUT; received 0 response(s) [] and 0 exception(s); s0@group-808489D4E928:t191, leader=null, voted=s0, raftlog=s0@group-808489D4E928-SegmentedRaftLog:OPENED:c-1,f-1,i0, conf=-1: [s0:0.0.0.0:42957, s1:0.0.0.0:41030, s2:0.0.0.0:35144], old=null
2019-09-26 09:46:39,118 INFO  impl.LeaderElection (LeaderElection.java:logAndReturn(56)) - s1@group-808489D4E928-LeaderElection25: Election TIMEOUT; received 0 response(s) [] and 1 exception(s); s1@group-808489D4E928:t179, leader=null, voted=s1, raftlog=s1@group-808489D4E928-SegmentedRaftLog:OPENED:c0,f0,i0, conf=0: [s0:0.0.0.0:42957, s1:0.0.0.0:41030, s2:0.0.0.0:35144], old=null
2019-09-26 09:46:39,119 INFO  impl.LeaderElection (LogUtils.java:infoOrTrace(149)) -   Exception 0: java.util.concurrent.ExecutionException: org.apache.ratis.thirdparty.io.netty.channel.AbstractChannel$AnnotatedConnectException: Connection refused: /0.0.0.0:35144
2019-09-26 09:46:39,126 WARN  ratis.RaftTestUtil (JavaUtils.java:attempt(158)) - FAILED "waitForLeader-null-(expectLeader? true)", attempt #95/100: java.lang.IllegalStateException: No leader yet : printing ALL groups
  s3:   CLOSED  FOLLOWER s3@group-808489D4E928:t0, leader=null, voted=null, raftlog=s3@group-808489D4E928-SegmentedRaftLog:CLOSED:c-1, conf=-1: [s0:0.0.0.0:42957, s1:0.0.0.0:41030, s2:0.0.0.0:35144], old=null CLOSED
  s0:  RUNNING CANDIDATE s0@group-808489D4E928:t192, leader=null, voted=s0, raftlog=s0@group-808489D4E928-SegmentedRaftLog:OPENED:c-1,f-1,i0, conf=-1: [s0:0.0.0.0:42957, s1:0.0.0.0:41030, s2:0.0.0.0:35144], old=null RUNNING
  s1:  RUNNING CANDIDATE s1@group-808489D4E928:t180, leader=null, voted=s1, raftlog=s1@group-808489D4E928-SegmentedRaftLog:OPENED:c0,f0,i0, conf=0: [s0:0.0.0.0:42957, s1:0.0.0.0:41030, s2:0.0.0.0:35144], old=null RUNNING
  s2:   CLOSED    LEADER s2@group-808489D4E928:t1, leader=s2, voted=s2, raftlog=s2@group-808489D4E928-SegmentedRaftLog:CLOSED:c0, conf=0: [s0:0.0.0.0:42957, s1:0.0.0.0:41030, s2:0.0.0.0:35144], old=null CLOSED, sleep 450ms and then retry.
java.lang.IllegalStateException: No leader yet : printing ALL groups
  s3:   CLOSED  FOLLOWER s3@group-808489D4E928:t0, leader=null, voted=null, raftlog=s3@group-808489D4E928-SegmentedRaftLog:CLOSED:c-1, conf=-1: [s0:0.0.0.0:42957, s1:0.0.0.0:41030, s2:0.0.0.0:35144], old=null CLOSED
  s0:  RUNNING CANDIDATE s0@group-808489D4E928:t192, leader=null, voted=s0, raftlog=s0@group-808489D4E928-SegmentedRaftLog:OPENED:c-1,f-1,i0, conf=-1: [s0:0.0.0.0:42957, s1:0.0.0.0:41030, s2:0.0.0.0:35144], old=null RUNNING
  s1:  RUNNING CANDIDATE s1@group-808489D4E928:t180, leader=null, voted=s1, raftlog=s1@group-808489D4E928-SegmentedRaftLog:OPENED:c0,f0,i0, conf=0: [s0:0.0.0.0:42957, s1:0.0.0.0:41030, s2:0.0.0.0:35144], old=null RUNNING
  s2:   CLOSED    LEADER s2@group-808489D4E928:t1, leader=s2, voted=s2, raftlog=s2@group-808489D4E928-SegmentedRaftLog:CLOSED:c0, conf=0: [s0:0.0.0.0:42957, s1:0.0.0.0:41030, s2:0.0.0.0:35144], old=null CLOSED
	at org.apache.ratis.MiniRaftCluster.newIllegalStateExceptionForNoLeaders(MiniRaftCluster.java:506)
	at org.apache.ratis.RaftTestUtil.lambda$waitForLeader$1(RaftTestUtil.java:90)
	at org.apache.ratis.MiniRaftCluster.getLeader(MiniRaftCluster.java:539)
	at org.apache.ratis.MiniRaftCluster.getLeader(MiniRaftCluster.java:532)
	at org.apache.ratis.RaftTestUtil.lambda$waitForLeader$3(RaftTestUtil.java:98)
	at org.apache.ratis.util.JavaUtils.attempt(JavaUtils.java:152)
	at org.apache.ratis.RaftTestUtil.waitForLeader(RaftTestUtil.java:97)
	at org.apache.ratis.RaftTestUtil.waitForLeader(RaftTestUtil.java:77)
	at org.apache.ratis.RaftTestUtil.waitForLeader(RaftTestUtil.java:72)
	at org.apache.ratis.server.impl.RaftReconfigurationBaseTest.runTestKillLeaderDuringReconf(RaftReconfigurationBaseTest.java:353)
	at org.apache.ratis.MiniRaftCluster$Factory$Get.runWithNewCluster(MiniRaftCluster.java:125)
	at org.apache.ratis.MiniRaftCluster$Factory$Get.runWithNewCluster(MiniRaftCluster.java:113)
	at org.apache.ratis.server.impl.RaftReconfigurationBaseTest.testKillLeaderDuringReconf(RaftReconfigurationBaseTest.java:304)
	at sun.reflect.NativeMethodAccessorImpl.invoke0(Native Method)
	at sun.reflect.NativeMethodAccessorImpl.invoke(NativeMethodAccessorImpl.java:62)
	at sun.reflect.DelegatingMethodAccessorImpl.invoke(DelegatingMethodAccessorImpl.java:43)
	at java.lang.reflect.Method.invoke(Method.java:498)
	at org.junit.runners.model.FrameworkMethod$1.runReflectiveCall(FrameworkMethod.java:50)
	at org.junit.internal.runners.model.ReflectiveCallable.run(ReflectiveCallable.java:12)
	at org.junit.runners.model.FrameworkMethod.invokeExplosively(FrameworkMethod.java:47)
	at org.junit.internal.runners.statements.InvokeMethod.evaluate(InvokeMethod.java:17)
	at org.junit.internal.runners.statements.RunAfters.evaluate(RunAfters.java:27)
	at org.junit.internal.runners.statements.FailOnTimeout$CallableStatement.call(FailOnTimeout.java:298)
	at org.junit.internal.runners.statements.FailOnTimeout$CallableStatement.call(FailOnTimeout.java:292)
	at java.util.concurrent.FutureTask.run(FutureTask.java:266)
	at java.lang.Thread.run(Thread.java:748)
2019-09-26 09:46:39,132 INFO  impl.LeaderElection (LeaderElection.java:askForVotes(178)) - s0@group-808489D4E928-LeaderElection23: begin an election at term 192 for -1: [s0:0.0.0.0:42957, s1:0.0.0.0:41030, s2:0.0.0.0:35144], old=null
2019-09-26 09:46:39,132 INFO  impl.LeaderElection (LeaderElection.java:askForVotes(178)) - s1@group-808489D4E928-LeaderElection25: begin an election at term 180 for 0: [s0:0.0.0.0:42957, s1:0.0.0.0:41030, s2:0.0.0.0:35144], old=null
2019-09-26 09:46:39,134 INFO  impl.LeaderElection (LogUtils.java:infoOrTrace(149)) - s1@group-808489D4E928-LeaderElection25 got exception when requesting votes: java.util.concurrent.ExecutionException: org.apache.ratis.thirdparty.io.netty.channel.AbstractChannel$AnnotatedConnectException: Connection refused: /0.0.0.0:35144
2019-09-26 09:46:39,310 INFO  impl.LeaderElection (LeaderElection.java:logAndReturn(56)) - s0@group-808489D4E928-LeaderElection23: Election TIMEOUT; received 0 response(s) [] and 0 exception(s); s0@group-808489D4E928:t192, leader=null, voted=s0, raftlog=s0@group-808489D4E928-SegmentedRaftLog:OPENED:c-1,f-1,i0, conf=-1: [s0:0.0.0.0:42957, s1:0.0.0.0:41030, s2:0.0.0.0:35144], old=null
2019-09-26 09:46:39,324 INFO  impl.LeaderElection (LeaderElection.java:askForVotes(178)) - s0@group-808489D4E928-LeaderElection23: begin an election at term 193 for -1: [s0:0.0.0.0:42957, s1:0.0.0.0:41030, s2:0.0.0.0:35144], old=null
2019-09-26 09:46:39,342 INFO  impl.LeaderElection (LeaderElection.java:logAndReturn(56)) - s1@group-808489D4E928-LeaderElection25: Election TIMEOUT; received 0 response(s) [] and 1 exception(s); s1@group-808489D4E928:t180, leader=null, voted=s1, raftlog=s1@group-808489D4E928-SegmentedRaftLog:OPENED:c0,f0,i0, conf=0: [s0:0.0.0.0:42957, s1:0.0.0.0:41030, s2:0.0.0.0:35144], old=null
2019-09-26 09:46:39,342 INFO  impl.LeaderElection (LogUtils.java:infoOrTrace(149)) -   Exception 0: java.util.concurrent.ExecutionException: org.apache.ratis.thirdparty.io.netty.channel.AbstractChannel$AnnotatedConnectException: Connection refused: /0.0.0.0:35144
2019-09-26 09:46:39,355 INFO  impl.LeaderElection (LeaderElection.java:askForVotes(178)) - s1@group-808489D4E928-LeaderElection25: begin an election at term 181 for 0: [s0:0.0.0.0:42957, s1:0.0.0.0:41030, s2:0.0.0.0:35144], old=null
2019-09-26 09:46:39,358 INFO  impl.LeaderElection (LogUtils.java:infoOrTrace(149)) - s1@group-808489D4E928-LeaderElection25 got exception when requesting votes: java.util.concurrent.ExecutionException: org.apache.ratis.thirdparty.io.netty.channel.AbstractChannel$AnnotatedConnectException: Connection refused: /0.0.0.0:35144
2019-09-26 09:46:39,526 INFO  impl.LeaderElection (LeaderElection.java:logAndReturn(56)) - s1@group-808489D4E928-LeaderElection25: Election TIMEOUT; received 0 response(s) [] and 1 exception(s); s1@group-808489D4E928:t181, leader=null, voted=s1, raftlog=s1@group-808489D4E928-SegmentedRaftLog:OPENED:c0,f0,i0, conf=0: [s0:0.0.0.0:42957, s1:0.0.0.0:41030, s2:0.0.0.0:35144], old=null
2019-09-26 09:46:39,526 INFO  impl.LeaderElection (LogUtils.java:infoOrTrace(149)) -   Exception 0: java.util.concurrent.ExecutionException: org.apache.ratis.thirdparty.io.netty.channel.AbstractChannel$AnnotatedConnectException: Connection refused: /0.0.0.0:35144
2019-09-26 09:46:39,530 INFO  impl.LeaderElection (LeaderElection.java:logAndReturn(56)) - s0@group-808489D4E928-LeaderElection23: Election TIMEOUT; received 0 response(s) [] and 0 exception(s); s0@group-808489D4E928:t193, leader=null, voted=s0, raftlog=s0@group-808489D4E928-SegmentedRaftLog:OPENED:c-1,f-1,i0, conf=-1: [s0:0.0.0.0:42957, s1:0.0.0.0:41030, s2:0.0.0.0:35144], old=null
2019-09-26 09:46:39,541 INFO  impl.LeaderElection (LeaderElection.java:askForVotes(178)) - s1@group-808489D4E928-LeaderElection25: begin an election at term 182 for 0: [s0:0.0.0.0:42957, s1:0.0.0.0:41030, s2:0.0.0.0:35144], old=null
2019-09-26 09:46:39,541 INFO  impl.LeaderElection (LeaderElection.java:askForVotes(178)) - s0@group-808489D4E928-LeaderElection23: begin an election at term 194 for -1: [s0:0.0.0.0:42957, s1:0.0.0.0:41030, s2:0.0.0.0:35144], old=null
2019-09-26 09:46:39,544 INFO  impl.LeaderElection (LogUtils.java:infoOrTrace(149)) - s1@group-808489D4E928-LeaderElection25 got exception when requesting votes: java.util.concurrent.ExecutionException: org.apache.ratis.thirdparty.io.netty.channel.AbstractChannel$AnnotatedConnectException: Connection refused: /0.0.0.0:35144
2019-09-26 09:46:39,578 WARN  ratis.RaftTestUtil (JavaUtils.java:attempt(158)) - FAILED "waitForLeader-null-(expectLeader? true)", attempt #96/100: java.lang.IllegalStateException: No leader yet : printing ALL groups
  s3:   CLOSED  FOLLOWER s3@group-808489D4E928:t0, leader=null, voted=null, raftlog=s3@group-808489D4E928-SegmentedRaftLog:CLOSED:c-1, conf=-1: [s0:0.0.0.0:42957, s1:0.0.0.0:41030, s2:0.0.0.0:35144], old=null CLOSED
  s0:  RUNNING CANDIDATE s0@group-808489D4E928:t194, leader=null, voted=s0, raftlog=s0@group-808489D4E928-SegmentedRaftLog:OPENED:c-1,f-1,i0, conf=-1: [s0:0.0.0.0:42957, s1:0.0.0.0:41030, s2:0.0.0.0:35144], old=null RUNNING
  s1:  RUNNING CANDIDATE s1@group-808489D4E928:t182, leader=null, voted=s1, raftlog=s1@group-808489D4E928-SegmentedRaftLog:OPENED:c0,f0,i0, conf=0: [s0:0.0.0.0:42957, s1:0.0.0.0:41030, s2:0.0.0.0:35144], old=null RUNNING
  s2:   CLOSED    LEADER s2@group-808489D4E928:t1, leader=s2, voted=s2, raftlog=s2@group-808489D4E928-SegmentedRaftLog:CLOSED:c0, conf=0: [s0:0.0.0.0:42957, s1:0.0.0.0:41030, s2:0.0.0.0:35144], old=null CLOSED, sleep 450ms and then retry.
java.lang.IllegalStateException: No leader yet : printing ALL groups
  s3:   CLOSED  FOLLOWER s3@group-808489D4E928:t0, leader=null, voted=null, raftlog=s3@group-808489D4E928-SegmentedRaftLog:CLOSED:c-1, conf=-1: [s0:0.0.0.0:42957, s1:0.0.0.0:41030, s2:0.0.0.0:35144], old=null CLOSED
  s0:  RUNNING CANDIDATE s0@group-808489D4E928:t194, leader=null, voted=s0, raftlog=s0@group-808489D4E928-SegmentedRaftLog:OPENED:c-1,f-1,i0, conf=-1: [s0:0.0.0.0:42957, s1:0.0.0.0:41030, s2:0.0.0.0:35144], old=null RUNNING
  s1:  RUNNING CANDIDATE s1@group-808489D4E928:t182, leader=null, voted=s1, raftlog=s1@group-808489D4E928-SegmentedRaftLog:OPENED:c0,f0,i0, conf=0: [s0:0.0.0.0:42957, s1:0.0.0.0:41030, s2:0.0.0.0:35144], old=null RUNNING
  s2:   CLOSED    LEADER s2@group-808489D4E928:t1, leader=s2, voted=s2, raftlog=s2@group-808489D4E928-SegmentedRaftLog:CLOSED:c0, conf=0: [s0:0.0.0.0:42957, s1:0.0.0.0:41030, s2:0.0.0.0:35144], old=null CLOSED
	at org.apache.ratis.MiniRaftCluster.newIllegalStateExceptionForNoLeaders(MiniRaftCluster.java:506)
	at org.apache.ratis.RaftTestUtil.lambda$waitForLeader$1(RaftTestUtil.java:90)
	at org.apache.ratis.MiniRaftCluster.getLeader(MiniRaftCluster.java:539)
	at org.apache.ratis.MiniRaftCluster.getLeader(MiniRaftCluster.java:532)
	at org.apache.ratis.RaftTestUtil.lambda$waitForLeader$3(RaftTestUtil.java:98)
	at org.apache.ratis.util.JavaUtils.attempt(JavaUtils.java:152)
	at org.apache.ratis.RaftTestUtil.waitForLeader(RaftTestUtil.java:97)
	at org.apache.ratis.RaftTestUtil.waitForLeader(RaftTestUtil.java:77)
	at org.apache.ratis.RaftTestUtil.waitForLeader(RaftTestUtil.java:72)
	at org.apache.ratis.server.impl.RaftReconfigurationBaseTest.runTestKillLeaderDuringReconf(RaftReconfigurationBaseTest.java:353)
	at org.apache.ratis.MiniRaftCluster$Factory$Get.runWithNewCluster(MiniRaftCluster.java:125)
	at org.apache.ratis.MiniRaftCluster$Factory$Get.runWithNewCluster(MiniRaftCluster.java:113)
	at org.apache.ratis.server.impl.RaftReconfigurationBaseTest.testKillLeaderDuringReconf(RaftReconfigurationBaseTest.java:304)
	at sun.reflect.NativeMethodAccessorImpl.invoke0(Native Method)
	at sun.reflect.NativeMethodAccessorImpl.invoke(NativeMethodAccessorImpl.java:62)
	at sun.reflect.DelegatingMethodAccessorImpl.invoke(DelegatingMethodAccessorImpl.java:43)
	at java.lang.reflect.Method.invoke(Method.java:498)
	at org.junit.runners.model.FrameworkMethod$1.runReflectiveCall(FrameworkMethod.java:50)
	at org.junit.internal.runners.model.ReflectiveCallable.run(ReflectiveCallable.java:12)
	at org.junit.runners.model.FrameworkMethod.invokeExplosively(FrameworkMethod.java:47)
	at org.junit.internal.runners.statements.InvokeMethod.evaluate(InvokeMethod.java:17)
	at org.junit.internal.runners.statements.RunAfters.evaluate(RunAfters.java:27)
	at org.junit.internal.runners.statements.FailOnTimeout$CallableStatement.call(FailOnTimeout.java:298)
	at org.junit.internal.runners.statements.FailOnTimeout$CallableStatement.call(FailOnTimeout.java:292)
	at java.util.concurrent.FutureTask.run(FutureTask.java:266)
	at java.lang.Thread.run(Thread.java:748)
2019-09-26 09:46:39,692 INFO  impl.LeaderElection (LeaderElection.java:logAndReturn(56)) - s0@group-808489D4E928-LeaderElection23: Election TIMEOUT; received 0 response(s) [] and 0 exception(s); s0@group-808489D4E928:t194, leader=null, voted=s0, raftlog=s0@group-808489D4E928-SegmentedRaftLog:OPENED:c-1,f-1,i0, conf=-1: [s0:0.0.0.0:42957, s1:0.0.0.0:41030, s2:0.0.0.0:35144], old=null
2019-09-26 09:46:39,707 INFO  impl.LeaderElection (LeaderElection.java:askForVotes(178)) - s0@group-808489D4E928-LeaderElection23: begin an election at term 195 for -1: [s0:0.0.0.0:42957, s1:0.0.0.0:41030, s2:0.0.0.0:35144], old=null
2019-09-26 09:46:39,797 INFO  impl.LeaderElection (LeaderElection.java:logAndReturn(56)) - s1@group-808489D4E928-LeaderElection25: Election TIMEOUT; received 0 response(s) [] and 1 exception(s); s1@group-808489D4E928:t182, leader=null, voted=s1, raftlog=s1@group-808489D4E928-SegmentedRaftLog:OPENED:c0,f0,i0, conf=0: [s0:0.0.0.0:42957, s1:0.0.0.0:41030, s2:0.0.0.0:35144], old=null
2019-09-26 09:46:39,797 INFO  impl.LeaderElection (LogUtils.java:infoOrTrace(149)) -   Exception 0: java.util.concurrent.ExecutionException: org.apache.ratis.thirdparty.io.netty.channel.AbstractChannel$AnnotatedConnectException: Connection refused: /0.0.0.0:35144
2019-09-26 09:46:39,810 INFO  impl.LeaderElection (LeaderElection.java:askForVotes(178)) - s1@group-808489D4E928-LeaderElection25: begin an election at term 183 for 0: [s0:0.0.0.0:42957, s1:0.0.0.0:41030, s2:0.0.0.0:35144], old=null
2019-09-26 09:46:39,813 INFO  impl.LeaderElection (LogUtils.java:infoOrTrace(149)) - s1@group-808489D4E928-LeaderElection25 got exception when requesting votes: java.util.concurrent.ExecutionException: org.apache.ratis.thirdparty.io.netty.channel.AbstractChannel$AnnotatedConnectException: Connection refused: /0.0.0.0:35144
2019-09-26 09:46:39,910 INFO  impl.LeaderElection (LeaderElection.java:logAndReturn(56)) - s0@group-808489D4E928-LeaderElection23: Election TIMEOUT; received 0 response(s) [] and 0 exception(s); s0@group-808489D4E928:t195, leader=null, voted=s0, raftlog=s0@group-808489D4E928-SegmentedRaftLog:OPENED:c-1,f-1,i0, conf=-1: [s0:0.0.0.0:42957, s1:0.0.0.0:41030, s2:0.0.0.0:35144], old=null
2019-09-26 09:46:39,923 INFO  impl.LeaderElection (LeaderElection.java:askForVotes(178)) - s0@group-808489D4E928-LeaderElection23: begin an election at term 196 for -1: [s0:0.0.0.0:42957, s1:0.0.0.0:41030, s2:0.0.0.0:35144], old=null
2019-09-26 09:46:40,029 WARN  ratis.RaftTestUtil (JavaUtils.java:attempt(158)) - FAILED "waitForLeader-null-(expectLeader? true)", attempt #97/100: java.lang.IllegalStateException: No leader yet : printing ALL groups
  s3:   CLOSED  FOLLOWER s3@group-808489D4E928:t0, leader=null, voted=null, raftlog=s3@group-808489D4E928-SegmentedRaftLog:CLOSED:c-1, conf=-1: [s0:0.0.0.0:42957, s1:0.0.0.0:41030, s2:0.0.0.0:35144], old=null CLOSED
  s0:  RUNNING CANDIDATE s0@group-808489D4E928:t196, leader=null, voted=s0, raftlog=s0@group-808489D4E928-SegmentedRaftLog:OPENED:c-1,f-1,i0, conf=-1: [s0:0.0.0.0:42957, s1:0.0.0.0:41030, s2:0.0.0.0:35144], old=null RUNNING
  s1:  RUNNING CANDIDATE s1@group-808489D4E928:t183, leader=null, voted=s1, raftlog=s1@group-808489D4E928-SegmentedRaftLog:OPENED:c0,f0,i0, conf=0: [s0:0.0.0.0:42957, s1:0.0.0.0:41030, s2:0.0.0.0:35144], old=null RUNNING
  s2:   CLOSED    LEADER s2@group-808489D4E928:t1, leader=s2, voted=s2, raftlog=s2@group-808489D4E928-SegmentedRaftLog:CLOSED:c0, conf=0: [s0:0.0.0.0:42957, s1:0.0.0.0:41030, s2:0.0.0.0:35144], old=null CLOSED, sleep 450ms and then retry.
java.lang.IllegalStateException: No leader yet : printing ALL groups
  s3:   CLOSED  FOLLOWER s3@group-808489D4E928:t0, leader=null, voted=null, raftlog=s3@group-808489D4E928-SegmentedRaftLog:CLOSED:c-1, conf=-1: [s0:0.0.0.0:42957, s1:0.0.0.0:41030, s2:0.0.0.0:35144], old=null CLOSED
  s0:  RUNNING CANDIDATE s0@group-808489D4E928:t196, leader=null, voted=s0, raftlog=s0@group-808489D4E928-SegmentedRaftLog:OPENED:c-1,f-1,i0, conf=-1: [s0:0.0.0.0:42957, s1:0.0.0.0:41030, s2:0.0.0.0:35144], old=null RUNNING
  s1:  RUNNING CANDIDATE s1@group-808489D4E928:t183, leader=null, voted=s1, raftlog=s1@group-808489D4E928-SegmentedRaftLog:OPENED:c0,f0,i0, conf=0: [s0:0.0.0.0:42957, s1:0.0.0.0:41030, s2:0.0.0.0:35144], old=null RUNNING
  s2:   CLOSED    LEADER s2@group-808489D4E928:t1, leader=s2, voted=s2, raftlog=s2@group-808489D4E928-SegmentedRaftLog:CLOSED:c0, conf=0: [s0:0.0.0.0:42957, s1:0.0.0.0:41030, s2:0.0.0.0:35144], old=null CLOSED
	at org.apache.ratis.MiniRaftCluster.newIllegalStateExceptionForNoLeaders(MiniRaftCluster.java:506)
	at org.apache.ratis.RaftTestUtil.lambda$waitForLeader$1(RaftTestUtil.java:90)
	at org.apache.ratis.MiniRaftCluster.getLeader(MiniRaftCluster.java:539)
	at org.apache.ratis.MiniRaftCluster.getLeader(MiniRaftCluster.java:532)
	at org.apache.ratis.RaftTestUtil.lambda$waitForLeader$3(RaftTestUtil.java:98)
	at org.apache.ratis.util.JavaUtils.attempt(JavaUtils.java:152)
	at org.apache.ratis.RaftTestUtil.waitForLeader(RaftTestUtil.java:97)
	at org.apache.ratis.RaftTestUtil.waitForLeader(RaftTestUtil.java:77)
	at org.apache.ratis.RaftTestUtil.waitForLeader(RaftTestUtil.java:72)
	at org.apache.ratis.server.impl.RaftReconfigurationBaseTest.runTestKillLeaderDuringReconf(RaftReconfigurationBaseTest.java:353)
	at org.apache.ratis.MiniRaftCluster$Factory$Get.runWithNewCluster(MiniRaftCluster.java:125)
	at org.apache.ratis.MiniRaftCluster$Factory$Get.runWithNewCluster(MiniRaftCluster.java:113)
	at org.apache.ratis.server.impl.RaftReconfigurationBaseTest.testKillLeaderDuringReconf(RaftReconfigurationBaseTest.java:304)
	at sun.reflect.NativeMethodAccessorImpl.invoke0(Native Method)
	at sun.reflect.NativeMethodAccessorImpl.invoke(NativeMethodAccessorImpl.java:62)
	at sun.reflect.DelegatingMethodAccessorImpl.invoke(DelegatingMethodAccessorImpl.java:43)
	at java.lang.reflect.Method.invoke(Method.java:498)
	at org.junit.runners.model.FrameworkMethod$1.runReflectiveCall(FrameworkMethod.java:50)
	at org.junit.internal.runners.model.ReflectiveCallable.run(ReflectiveCallable.java:12)
	at org.junit.runners.model.FrameworkMethod.invokeExplosively(FrameworkMethod.java:47)
	at org.junit.internal.runners.statements.InvokeMethod.evaluate(InvokeMethod.java:17)
	at org.junit.internal.runners.statements.RunAfters.evaluate(RunAfters.java:27)
	at org.junit.internal.runners.statements.FailOnTimeout$CallableStatement.call(FailOnTimeout.java:298)
	at org.junit.internal.runners.statements.FailOnTimeout$CallableStatement.call(FailOnTimeout.java:292)
	at java.util.concurrent.FutureTask.run(FutureTask.java:266)
	at java.lang.Thread.run(Thread.java:748)
2019-09-26 09:46:40,095 INFO  impl.LeaderElection (LeaderElection.java:logAndReturn(56)) - s0@group-808489D4E928-LeaderElection23: Election TIMEOUT; received 0 response(s) [] and 0 exception(s); s0@group-808489D4E928:t196, leader=null, voted=s0, raftlog=s0@group-808489D4E928-SegmentedRaftLog:OPENED:c-1,f-1,i0, conf=-1: [s0:0.0.0.0:42957, s1:0.0.0.0:41030, s2:0.0.0.0:35144], old=null
2019-09-26 09:46:40,096 INFO  impl.LeaderElection (LeaderElection.java:logAndReturn(56)) - s1@group-808489D4E928-LeaderElection25: Election TIMEOUT; received 0 response(s) [] and 1 exception(s); s1@group-808489D4E928:t183, leader=null, voted=s1, raftlog=s1@group-808489D4E928-SegmentedRaftLog:OPENED:c0,f0,i0, conf=0: [s0:0.0.0.0:42957, s1:0.0.0.0:41030, s2:0.0.0.0:35144], old=null
2019-09-26 09:46:40,096 INFO  impl.LeaderElection (LogUtils.java:infoOrTrace(149)) -   Exception 0: java.util.concurrent.ExecutionException: org.apache.ratis.thirdparty.io.netty.channel.AbstractChannel$AnnotatedConnectException: Connection refused: /0.0.0.0:35144
2019-09-26 09:46:40,109 INFO  impl.LeaderElection (LeaderElection.java:askForVotes(178)) - s0@group-808489D4E928-LeaderElection23: begin an election at term 197 for -1: [s0:0.0.0.0:42957, s1:0.0.0.0:41030, s2:0.0.0.0:35144], old=null
2019-09-26 09:46:40,109 INFO  impl.LeaderElection (LeaderElection.java:askForVotes(178)) - s1@group-808489D4E928-LeaderElection25: begin an election at term 184 for 0: [s0:0.0.0.0:42957, s1:0.0.0.0:41030, s2:0.0.0.0:35144], old=null
2019-09-26 09:46:40,111 INFO  impl.LeaderElection (LogUtils.java:infoOrTrace(149)) - s1@group-808489D4E928-LeaderElection25 got exception when requesting votes: java.util.concurrent.ExecutionException: org.apache.ratis.thirdparty.io.netty.channel.AbstractChannel$AnnotatedConnectException: Connection refused: /0.0.0.0:35144
2019-09-26 09:46:40,300 INFO  impl.LeaderElection (LeaderElection.java:logAndReturn(56)) - s1@group-808489D4E928-LeaderElection25: Election TIMEOUT; received 0 response(s) [] and 1 exception(s); s1@group-808489D4E928:t184, leader=null, voted=s1, raftlog=s1@group-808489D4E928-SegmentedRaftLog:OPENED:c0,f0,i0, conf=0: [s0:0.0.0.0:42957, s1:0.0.0.0:41030, s2:0.0.0.0:35144], old=null
2019-09-26 09:46:40,300 INFO  impl.LeaderElection (LogUtils.java:infoOrTrace(149)) -   Exception 0: java.util.concurrent.ExecutionException: org.apache.ratis.thirdparty.io.netty.channel.AbstractChannel$AnnotatedConnectException: Connection refused: /0.0.0.0:35144
2019-09-26 09:46:40,313 INFO  impl.LeaderElection (LeaderElection.java:askForVotes(178)) - s1@group-808489D4E928-LeaderElection25: begin an election at term 185 for 0: [s0:0.0.0.0:42957, s1:0.0.0.0:41030, s2:0.0.0.0:35144], old=null
2019-09-26 09:46:40,315 INFO  impl.LeaderElection (LogUtils.java:infoOrTrace(149)) - s1@group-808489D4E928-LeaderElection25 got exception when requesting votes: java.util.concurrent.ExecutionException: org.apache.ratis.thirdparty.io.netty.channel.AbstractChannel$AnnotatedConnectException: Connection refused: /0.0.0.0:35144
2019-09-26 09:46:40,355 INFO  impl.LeaderElection (LeaderElection.java:logAndReturn(56)) - s0@group-808489D4E928-LeaderElection23: Election TIMEOUT; received 0 response(s) [] and 0 exception(s); s0@group-808489D4E928:t197, leader=null, voted=s0, raftlog=s0@group-808489D4E928-SegmentedRaftLog:OPENED:c-1,f-1,i0, conf=-1: [s0:0.0.0.0:42957, s1:0.0.0.0:41030, s2:0.0.0.0:35144], old=null
2019-09-26 09:46:40,368 INFO  impl.LeaderElection (LeaderElection.java:askForVotes(178)) - s0@group-808489D4E928-LeaderElection23: begin an election at term 198 for -1: [s0:0.0.0.0:42957, s1:0.0.0.0:41030, s2:0.0.0.0:35144], old=null
2019-09-26 09:46:40,473 INFO  impl.LeaderElection (LeaderElection.java:logAndReturn(56)) - s1@group-808489D4E928-LeaderElection25: Election TIMEOUT; received 0 response(s) [] and 1 exception(s); s1@group-808489D4E928:t185, leader=null, voted=s1, raftlog=s1@group-808489D4E928-SegmentedRaftLog:OPENED:c0,f0,i0, conf=0: [s0:0.0.0.0:42957, s1:0.0.0.0:41030, s2:0.0.0.0:35144], old=null
2019-09-26 09:46:40,473 INFO  impl.LeaderElection (LogUtils.java:infoOrTrace(149)) -   Exception 0: java.util.concurrent.ExecutionException: org.apache.ratis.thirdparty.io.netty.channel.AbstractChannel$AnnotatedConnectException: Connection refused: /0.0.0.0:35144
2019-09-26 09:46:40,480 WARN  ratis.RaftTestUtil (JavaUtils.java:attempt(158)) - FAILED "waitForLeader-null-(expectLeader? true)", attempt #98/100: java.lang.IllegalStateException: No leader yet : printing ALL groups
  s3:   CLOSED  FOLLOWER s3@group-808489D4E928:t0, leader=null, voted=null, raftlog=s3@group-808489D4E928-SegmentedRaftLog:CLOSED:c-1, conf=-1: [s0:0.0.0.0:42957, s1:0.0.0.0:41030, s2:0.0.0.0:35144], old=null CLOSED
  s0:  RUNNING CANDIDATE s0@group-808489D4E928:t198, leader=null, voted=s0, raftlog=s0@group-808489D4E928-SegmentedRaftLog:OPENED:c-1,f-1,i0, conf=-1: [s0:0.0.0.0:42957, s1:0.0.0.0:41030, s2:0.0.0.0:35144], old=null RUNNING
  s1:  RUNNING CANDIDATE s1@group-808489D4E928:t186, leader=null, voted=s1, raftlog=s1@group-808489D4E928-SegmentedRaftLog:OPENED:c0,f0,i0, conf=0: [s0:0.0.0.0:42957, s1:0.0.0.0:41030, s2:0.0.0.0:35144], old=null RUNNING
  s2:   CLOSED    LEADER s2@group-808489D4E928:t1, leader=s2, voted=s2, raftlog=s2@group-808489D4E928-SegmentedRaftLog:CLOSED:c0, conf=0: [s0:0.0.0.0:42957, s1:0.0.0.0:41030, s2:0.0.0.0:35144], old=null CLOSED, sleep 450ms and then retry.
java.lang.IllegalStateException: No leader yet : printing ALL groups
  s3:   CLOSED  FOLLOWER s3@group-808489D4E928:t0, leader=null, voted=null, raftlog=s3@group-808489D4E928-SegmentedRaftLog:CLOSED:c-1, conf=-1: [s0:0.0.0.0:42957, s1:0.0.0.0:41030, s2:0.0.0.0:35144], old=null CLOSED
  s0:  RUNNING CANDIDATE s0@group-808489D4E928:t198, leader=null, voted=s0, raftlog=s0@group-808489D4E928-SegmentedRaftLog:OPENED:c-1,f-1,i0, conf=-1: [s0:0.0.0.0:42957, s1:0.0.0.0:41030, s2:0.0.0.0:35144], old=null RUNNING
  s1:  RUNNING CANDIDATE s1@group-808489D4E928:t186, leader=null, voted=s1, raftlog=s1@group-808489D4E928-SegmentedRaftLog:OPENED:c0,f0,i0, conf=0: [s0:0.0.0.0:42957, s1:0.0.0.0:41030, s2:0.0.0.0:35144], old=null RUNNING
  s2:   CLOSED    LEADER s2@group-808489D4E928:t1, leader=s2, voted=s2, raftlog=s2@group-808489D4E928-SegmentedRaftLog:CLOSED:c0, conf=0: [s0:0.0.0.0:42957, s1:0.0.0.0:41030, s2:0.0.0.0:35144], old=null CLOSED
	at org.apache.ratis.MiniRaftCluster.newIllegalStateExceptionForNoLeaders(MiniRaftCluster.java:506)
	at org.apache.ratis.RaftTestUtil.lambda$waitForLeader$1(RaftTestUtil.java:90)
	at org.apache.ratis.MiniRaftCluster.getLeader(MiniRaftCluster.java:539)
	at org.apache.ratis.MiniRaftCluster.getLeader(MiniRaftCluster.java:532)
	at org.apache.ratis.RaftTestUtil.lambda$waitForLeader$3(RaftTestUtil.java:98)
	at org.apache.ratis.util.JavaUtils.attempt(JavaUtils.java:152)
	at org.apache.ratis.RaftTestUtil.waitForLeader(RaftTestUtil.java:97)
	at org.apache.ratis.RaftTestUtil.waitForLeader(RaftTestUtil.java:77)
	at org.apache.ratis.RaftTestUtil.waitForLeader(RaftTestUtil.java:72)
	at org.apache.ratis.server.impl.RaftReconfigurationBaseTest.runTestKillLeaderDuringReconf(RaftReconfigurationBaseTest.java:353)
	at org.apache.ratis.MiniRaftCluster$Factory$Get.runWithNewCluster(MiniRaftCluster.java:125)
	at org.apache.ratis.MiniRaftCluster$Factory$Get.runWithNewCluster(MiniRaftCluster.java:113)
	at org.apache.ratis.server.impl.RaftReconfigurationBaseTest.testKillLeaderDuringReconf(RaftReconfigurationBaseTest.java:304)
	at sun.reflect.NativeMethodAccessorImpl.invoke0(Native Method)
	at sun.reflect.NativeMethodAccessorImpl.invoke(NativeMethodAccessorImpl.java:62)
	at sun.reflect.DelegatingMethodAccessorImpl.invoke(DelegatingMethodAccessorImpl.java:43)
	at java.lang.reflect.Method.invoke(Method.java:498)
	at org.junit.runners.model.FrameworkMethod$1.runReflectiveCall(FrameworkMethod.java:50)
	at org.junit.internal.runners.model.ReflectiveCallable.run(ReflectiveCallable.java:12)
	at org.junit.runners.model.FrameworkMethod.invokeExplosively(FrameworkMethod.java:47)
	at org.junit.internal.runners.statements.InvokeMethod.evaluate(InvokeMethod.java:17)
	at org.junit.internal.runners.statements.RunAfters.evaluate(RunAfters.java:27)
	at org.junit.internal.runners.statements.FailOnTimeout$CallableStatement.call(FailOnTimeout.java:298)
	at org.junit.internal.runners.statements.FailOnTimeout$CallableStatement.call(FailOnTimeout.java:292)
	at java.util.concurrent.FutureTask.run(FutureTask.java:266)
	at java.lang.Thread.run(Thread.java:748)
2019-09-26 09:46:40,486 INFO  impl.LeaderElection (LeaderElection.java:askForVotes(178)) - s1@group-808489D4E928-LeaderElection25: begin an election at term 186 for 0: [s0:0.0.0.0:42957, s1:0.0.0.0:41030, s2:0.0.0.0:35144], old=null
2019-09-26 09:46:40,489 INFO  impl.LeaderElection (LogUtils.java:infoOrTrace(149)) - s1@group-808489D4E928-LeaderElection25 got exception when requesting votes: java.util.concurrent.ExecutionException: org.apache.ratis.thirdparty.io.netty.channel.AbstractChannel$AnnotatedConnectException: Connection refused: /0.0.0.0:35144
2019-09-26 09:46:40,561 INFO  impl.LeaderElection (LeaderElection.java:logAndReturn(56)) - s0@group-808489D4E928-LeaderElection23: Election TIMEOUT; received 0 response(s) [] and 0 exception(s); s0@group-808489D4E928:t198, leader=null, voted=s0, raftlog=s0@group-808489D4E928-SegmentedRaftLog:OPENED:c-1,f-1,i0, conf=-1: [s0:0.0.0.0:42957, s1:0.0.0.0:41030, s2:0.0.0.0:35144], old=null
2019-09-26 09:46:40,575 INFO  impl.LeaderElection (LeaderElection.java:askForVotes(178)) - s0@group-808489D4E928-LeaderElection23: begin an election at term 199 for -1: [s0:0.0.0.0:42957, s1:0.0.0.0:41030, s2:0.0.0.0:35144], old=null
2019-09-26 09:46:40,702 INFO  impl.LeaderElection (LeaderElection.java:logAndReturn(56)) - s1@group-808489D4E928-LeaderElection25: Election TIMEOUT; received 0 response(s) [] and 1 exception(s); s1@group-808489D4E928:t186, leader=null, voted=s1, raftlog=s1@group-808489D4E928-SegmentedRaftLog:OPENED:c0,f0,i0, conf=0: [s0:0.0.0.0:42957, s1:0.0.0.0:41030, s2:0.0.0.0:35144], old=null
2019-09-26 09:46:40,703 INFO  impl.LeaderElection (LogUtils.java:infoOrTrace(149)) -   Exception 0: java.util.concurrent.ExecutionException: org.apache.ratis.thirdparty.io.netty.channel.AbstractChannel$AnnotatedConnectException: Connection refused: /0.0.0.0:35144
2019-09-26 09:46:40,716 INFO  impl.LeaderElection (LeaderElection.java:askForVotes(178)) - s1@group-808489D4E928-LeaderElection25: begin an election at term 187 for 0: [s0:0.0.0.0:42957, s1:0.0.0.0:41030, s2:0.0.0.0:35144], old=null
2019-09-26 09:46:40,718 INFO  impl.LeaderElection (LogUtils.java:infoOrTrace(149)) - s1@group-808489D4E928-LeaderElection25 got exception when requesting votes: java.util.concurrent.ExecutionException: org.apache.ratis.thirdparty.io.netty.channel.AbstractChannel$AnnotatedConnectException: Connection refused: /0.0.0.0:35144
2019-09-26 09:46:40,823 INFO  impl.LeaderElection (LeaderElection.java:logAndReturn(56)) - s0@group-808489D4E928-LeaderElection23: Election TIMEOUT; received 0 response(s) [] and 0 exception(s); s0@group-808489D4E928:t199, leader=null, voted=s0, raftlog=s0@group-808489D4E928-SegmentedRaftLog:OPENED:c-1,f-1,i0, conf=-1: [s0:0.0.0.0:42957, s1:0.0.0.0:41030, s2:0.0.0.0:35144], old=null
2019-09-26 09:46:40,832 INFO  impl.LeaderElection (LeaderElection.java:askForVotes(178)) - s0@group-808489D4E928-LeaderElection23: begin an election at term 200 for -1: [s0:0.0.0.0:42957, s1:0.0.0.0:41030, s2:0.0.0.0:35144], old=null
2019-09-26 09:46:40,913 INFO  impl.LeaderElection (LeaderElection.java:logAndReturn(56)) - s1@group-808489D4E928-LeaderElection25: Election TIMEOUT; received 0 response(s) [] and 1 exception(s); s1@group-808489D4E928:t187, leader=null, voted=s1, raftlog=s1@group-808489D4E928-SegmentedRaftLog:OPENED:c0,f0,i0, conf=0: [s0:0.0.0.0:42957, s1:0.0.0.0:41030, s2:0.0.0.0:35144], old=null
2019-09-26 09:46:40,913 INFO  impl.LeaderElection (LogUtils.java:infoOrTrace(149)) -   Exception 0: java.util.concurrent.ExecutionException: org.apache.ratis.thirdparty.io.netty.channel.AbstractChannel$AnnotatedConnectException: Connection refused: /0.0.0.0:35144
2019-09-26 09:46:40,925 INFO  impl.LeaderElection (LeaderElection.java:askForVotes(178)) - s1@group-808489D4E928-LeaderElection25: begin an election at term 188 for 0: [s0:0.0.0.0:42957, s1:0.0.0.0:41030, s2:0.0.0.0:35144], old=null
2019-09-26 09:46:40,927 INFO  impl.LeaderElection (LogUtils.java:infoOrTrace(149)) - s1@group-808489D4E928-LeaderElection25 got exception when requesting votes: java.util.concurrent.ExecutionException: org.apache.ratis.thirdparty.io.netty.channel.AbstractChannel$AnnotatedConnectException: Connection refused: /0.0.0.0:35144
2019-09-26 09:46:40,931 WARN  ratis.RaftTestUtil (JavaUtils.java:attempt(158)) - FAILED "waitForLeader-null-(expectLeader? true)", attempt #99/100: java.lang.IllegalStateException: No leader yet : printing ALL groups
  s3:   CLOSED  FOLLOWER s3@group-808489D4E928:t0, leader=null, voted=null, raftlog=s3@group-808489D4E928-SegmentedRaftLog:CLOSED:c-1, conf=-1: [s0:0.0.0.0:42957, s1:0.0.0.0:41030, s2:0.0.0.0:35144], old=null CLOSED
  s0:  RUNNING CANDIDATE s0@group-808489D4E928:t200, leader=null, voted=s0, raftlog=s0@group-808489D4E928-SegmentedRaftLog:OPENED:c-1,f-1,i0, conf=-1: [s0:0.0.0.0:42957, s1:0.0.0.0:41030, s2:0.0.0.0:35144], old=null RUNNING
  s1:  RUNNING CANDIDATE s1@group-808489D4E928:t188, leader=null, voted=s1, raftlog=s1@group-808489D4E928-SegmentedRaftLog:OPENED:c0,f0,i0, conf=0: [s0:0.0.0.0:42957, s1:0.0.0.0:41030, s2:0.0.0.0:35144], old=null RUNNING
  s2:   CLOSED    LEADER s2@group-808489D4E928:t1, leader=s2, voted=s2, raftlog=s2@group-808489D4E928-SegmentedRaftLog:CLOSED:c0, conf=0: [s0:0.0.0.0:42957, s1:0.0.0.0:41030, s2:0.0.0.0:35144], old=null CLOSED, sleep 450ms and then retry.
java.lang.IllegalStateException: No leader yet : printing ALL groups
  s3:   CLOSED  FOLLOWER s3@group-808489D4E928:t0, leader=null, voted=null, raftlog=s3@group-808489D4E928-SegmentedRaftLog:CLOSED:c-1, conf=-1: [s0:0.0.0.0:42957, s1:0.0.0.0:41030, s2:0.0.0.0:35144], old=null CLOSED
  s0:  RUNNING CANDIDATE s0@group-808489D4E928:t200, leader=null, voted=s0, raftlog=s0@group-808489D4E928-SegmentedRaftLog:OPENED:c-1,f-1,i0, conf=-1: [s0:0.0.0.0:42957, s1:0.0.0.0:41030, s2:0.0.0.0:35144], old=null RUNNING
  s1:  RUNNING CANDIDATE s1@group-808489D4E928:t188, leader=null, voted=s1, raftlog=s1@group-808489D4E928-SegmentedRaftLog:OPENED:c0,f0,i0, conf=0: [s0:0.0.0.0:42957, s1:0.0.0.0:41030, s2:0.0.0.0:35144], old=null RUNNING
  s2:   CLOSED    LEADER s2@group-808489D4E928:t1, leader=s2, voted=s2, raftlog=s2@group-808489D4E928-SegmentedRaftLog:CLOSED:c0, conf=0: [s0:0.0.0.0:42957, s1:0.0.0.0:41030, s2:0.0.0.0:35144], old=null CLOSED
	at org.apache.ratis.MiniRaftCluster.newIllegalStateExceptionForNoLeaders(MiniRaftCluster.java:506)
	at org.apache.ratis.RaftTestUtil.lambda$waitForLeader$1(RaftTestUtil.java:90)
	at org.apache.ratis.MiniRaftCluster.getLeader(MiniRaftCluster.java:539)
	at org.apache.ratis.MiniRaftCluster.getLeader(MiniRaftCluster.java:532)
	at org.apache.ratis.RaftTestUtil.lambda$waitForLeader$3(RaftTestUtil.java:98)
	at org.apache.ratis.util.JavaUtils.attempt(JavaUtils.java:152)
	at org.apache.ratis.RaftTestUtil.waitForLeader(RaftTestUtil.java:97)
	at org.apache.ratis.RaftTestUtil.waitForLeader(RaftTestUtil.java:77)
	at org.apache.ratis.RaftTestUtil.waitForLeader(RaftTestUtil.java:72)
	at org.apache.ratis.server.impl.RaftReconfigurationBaseTest.runTestKillLeaderDuringReconf(RaftReconfigurationBaseTest.java:353)
	at org.apache.ratis.MiniRaftCluster$Factory$Get.runWithNewCluster(MiniRaftCluster.java:125)
	at org.apache.ratis.MiniRaftCluster$Factory$Get.runWithNewCluster(MiniRaftCluster.java:113)
	at org.apache.ratis.server.impl.RaftReconfigurationBaseTest.testKillLeaderDuringReconf(RaftReconfigurationBaseTest.java:304)
	at sun.reflect.NativeMethodAccessorImpl.invoke0(Native Method)
	at sun.reflect.NativeMethodAccessorImpl.invoke(NativeMethodAccessorImpl.java:62)
	at sun.reflect.DelegatingMethodAccessorImpl.invoke(DelegatingMethodAccessorImpl.java:43)
	at java.lang.reflect.Method.invoke(Method.java:498)
	at org.junit.runners.model.FrameworkMethod$1.runReflectiveCall(FrameworkMethod.java:50)
	at org.junit.internal.runners.model.ReflectiveCallable.run(ReflectiveCallable.java:12)
	at org.junit.runners.model.FrameworkMethod.invokeExplosively(FrameworkMethod.java:47)
	at org.junit.internal.runners.statements.InvokeMethod.evaluate(InvokeMethod.java:17)
	at org.junit.internal.runners.statements.RunAfters.evaluate(RunAfters.java:27)
	at org.junit.internal.runners.statements.FailOnTimeout$CallableStatement.call(FailOnTimeout.java:298)
	at org.junit.internal.runners.statements.FailOnTimeout$CallableStatement.call(FailOnTimeout.java:292)
	at java.util.concurrent.FutureTask.run(FutureTask.java:266)
	at java.lang.Thread.run(Thread.java:748)
2019-09-26 09:46:41,014 INFO  impl.LeaderElection (LeaderElection.java:logAndReturn(56)) - s0@group-808489D4E928-LeaderElection23: Election TIMEOUT; received 0 response(s) [] and 0 exception(s); s0@group-808489D4E928:t200, leader=null, voted=s0, raftlog=s0@group-808489D4E928-SegmentedRaftLog:OPENED:c-1,f-1,i0, conf=-1: [s0:0.0.0.0:42957, s1:0.0.0.0:41030, s2:0.0.0.0:35144], old=null
2019-09-26 09:46:41,024 INFO  impl.LeaderElection (LeaderElection.java:askForVotes(178)) - s0@group-808489D4E928-LeaderElection23: begin an election at term 201 for -1: [s0:0.0.0.0:42957, s1:0.0.0.0:41030, s2:0.0.0.0:35144], old=null
2019-09-26 09:46:41,132 INFO  impl.LeaderElection (LeaderElection.java:logAndReturn(56)) - s1@group-808489D4E928-LeaderElection25: Election TIMEOUT; received 0 response(s) [] and 1 exception(s); s1@group-808489D4E928:t188, leader=null, voted=s1, raftlog=s1@group-808489D4E928-SegmentedRaftLog:OPENED:c0,f0,i0, conf=0: [s0:0.0.0.0:42957, s1:0.0.0.0:41030, s2:0.0.0.0:35144], old=null
2019-09-26 09:46:41,132 INFO  impl.LeaderElection (LogUtils.java:infoOrTrace(149)) -   Exception 0: java.util.concurrent.ExecutionException: org.apache.ratis.thirdparty.io.netty.channel.AbstractChannel$AnnotatedConnectException: Connection refused: /0.0.0.0:35144
2019-09-26 09:46:41,142 INFO  impl.LeaderElection (LeaderElection.java:askForVotes(178)) - s1@group-808489D4E928-LeaderElection25: begin an election at term 189 for 0: [s0:0.0.0.0:42957, s1:0.0.0.0:41030, s2:0.0.0.0:35144], old=null
2019-09-26 09:46:41,144 INFO  impl.LeaderElection (LogUtils.java:infoOrTrace(149)) - s1@group-808489D4E928-LeaderElection25 got exception when requesting votes: java.util.concurrent.ExecutionException: org.apache.ratis.thirdparty.io.netty.channel.AbstractChannel$AnnotatedConnectException: Connection refused: /0.0.0.0:35144
2019-09-26 09:46:41,275 INFO  impl.LeaderElection (LeaderElection.java:logAndReturn(56)) - s0@group-808489D4E928-LeaderElection23: Election TIMEOUT; received 0 response(s) [] and 0 exception(s); s0@group-808489D4E928:t201, leader=null, voted=s0, raftlog=s0@group-808489D4E928-SegmentedRaftLog:OPENED:c-1,f-1,i0, conf=-1: [s0:0.0.0.0:42957, s1:0.0.0.0:41030, s2:0.0.0.0:35144], old=null
2019-09-26 09:46:41,284 INFO  impl.LeaderElection (LeaderElection.java:askForVotes(178)) - s0@group-808489D4E928-LeaderElection23: begin an election at term 202 for -1: [s0:0.0.0.0:42957, s1:0.0.0.0:41030, s2:0.0.0.0:35144], old=null
2019-09-26 09:46:41,368 INFO  impl.LeaderElection (LeaderElection.java:logAndReturn(56)) - s1@group-808489D4E928-LeaderElection25: Election TIMEOUT; received 0 response(s) [] and 1 exception(s); s1@group-808489D4E928:t189, leader=null, voted=s1, raftlog=s1@group-808489D4E928-SegmentedRaftLog:OPENED:c0,f0,i0, conf=0: [s0:0.0.0.0:42957, s1:0.0.0.0:41030, s2:0.0.0.0:35144], old=null
2019-09-26 09:46:41,368 INFO  impl.LeaderElection (LogUtils.java:infoOrTrace(149)) -   Exception 0: java.util.concurrent.ExecutionException: org.apache.ratis.thirdparty.io.netty.channel.AbstractChannel$AnnotatedConnectException: Connection refused: /0.0.0.0:35144
2019-09-26 09:46:41,382 INFO  impl.LeaderElection (LeaderElection.java:askForVotes(178)) - s1@group-808489D4E928-LeaderElection25: begin an election at term 190 for 0: [s0:0.0.0.0:42957, s1:0.0.0.0:41030, s2:0.0.0.0:35144], old=null
2019-09-26 09:46:41,383 INFO  ratis.MiniRaftCluster (MiniRaftCluster.java:runWithNewCluster(127)) - printing ALL groups
  s3:   CLOSED  FOLLOWER s3@group-808489D4E928:t0, leader=null, voted=null, raftlog=s3@group-808489D4E928-SegmentedRaftLog:CLOSED:c-1, conf=-1: [s0:0.0.0.0:42957, s1:0.0.0.0:41030, s2:0.0.0.0:35144], old=null CLOSED
  s0:  RUNNING CANDIDATE s0@group-808489D4E928:t202, leader=null, voted=s0, raftlog=s0@group-808489D4E928-SegmentedRaftLog:OPENED:c-1,f-1,i0, conf=-1: [s0:0.0.0.0:42957, s1:0.0.0.0:41030, s2:0.0.0.0:35144], old=null RUNNING
  s1:  RUNNING CANDIDATE s1@group-808489D4E928:t190, leader=null, voted=s1, raftlog=s1@group-808489D4E928-SegmentedRaftLog:OPENED:c0,f0,i0, conf=0: [s0:0.0.0.0:42957, s1:0.0.0.0:41030, s2:0.0.0.0:35144], old=null RUNNING
  s2:   CLOSED    LEADER s2@group-808489D4E928:t1, leader=s2, voted=s2, raftlog=s2@group-808489D4E928-SegmentedRaftLog:CLOSED:c0, conf=0: [s0:0.0.0.0:42957, s1:0.0.0.0:41030, s2:0.0.0.0:35144], old=null CLOSED
2019-09-26 09:46:41,383 ERROR ratis.MiniRaftCluster (MiniRaftCluster.java:runWithNewCluster(128)) - Failed org.apache.ratis.MiniRaftCluster$Factory$Get.runWithNewCluster(MiniRaftCluster.java:113)
java.lang.IllegalStateException: No leader yet : printing ALL groups
  s3:   CLOSED  FOLLOWER s3@group-808489D4E928:t0, leader=null, voted=null, raftlog=s3@group-808489D4E928-SegmentedRaftLog:CLOSED:c-1, conf=-1: [s0:0.0.0.0:42957, s1:0.0.0.0:41030, s2:0.0.0.0:35144], old=null CLOSED
  s0:  RUNNING CANDIDATE s0@group-808489D4E928:t202, leader=null, voted=s0, raftlog=s0@group-808489D4E928-SegmentedRaftLog:OPENED:c-1,f-1,i0, conf=-1: [s0:0.0.0.0:42957, s1:0.0.0.0:41030, s2:0.0.0.0:35144], old=null RUNNING
  s1:  RUNNING CANDIDATE s1@group-808489D4E928:t190, leader=null, voted=s1, raftlog=s1@group-808489D4E928-SegmentedRaftLog:OPENED:c0,f0,i0, conf=0: [s0:0.0.0.0:42957, s1:0.0.0.0:41030, s2:0.0.0.0:35144], old=null RUNNING
  s2:   CLOSED    LEADER s2@group-808489D4E928:t1, leader=s2, voted=s2, raftlog=s2@group-808489D4E928-SegmentedRaftLog:CLOSED:c0, conf=0: [s0:0.0.0.0:42957, s1:0.0.0.0:41030, s2:0.0.0.0:35144], old=null CLOSED
	at org.apache.ratis.MiniRaftCluster.newIllegalStateExceptionForNoLeaders(MiniRaftCluster.java:506)
	at org.apache.ratis.RaftTestUtil.lambda$waitForLeader$1(RaftTestUtil.java:90)
	at org.apache.ratis.MiniRaftCluster.getLeader(MiniRaftCluster.java:539)
	at org.apache.ratis.MiniRaftCluster.getLeader(MiniRaftCluster.java:532)
	at org.apache.ratis.RaftTestUtil.lambda$waitForLeader$3(RaftTestUtil.java:98)
	at org.apache.ratis.util.JavaUtils.attempt(JavaUtils.java:152)
	at org.apache.ratis.RaftTestUtil.waitForLeader(RaftTestUtil.java:97)
	at org.apache.ratis.RaftTestUtil.waitForLeader(RaftTestUtil.java:77)
	at org.apache.ratis.RaftTestUtil.waitForLeader(RaftTestUtil.java:72)
	at org.apache.ratis.server.impl.RaftReconfigurationBaseTest.runTestKillLeaderDuringReconf(RaftReconfigurationBaseTest.java:353)
	at org.apache.ratis.MiniRaftCluster$Factory$Get.runWithNewCluster(MiniRaftCluster.java:125)
	at org.apache.ratis.MiniRaftCluster$Factory$Get.runWithNewCluster(MiniRaftCluster.java:113)
	at org.apache.ratis.server.impl.RaftReconfigurationBaseTest.testKillLeaderDuringReconf(RaftReconfigurationBaseTest.java:304)
	at sun.reflect.NativeMethodAccessorImpl.invoke0(Native Method)
	at sun.reflect.NativeMethodAccessorImpl.invoke(NativeMethodAccessorImpl.java:62)
	at sun.reflect.DelegatingMethodAccessorImpl.invoke(DelegatingMethodAccessorImpl.java:43)
	at java.lang.reflect.Method.invoke(Method.java:498)
	at org.junit.runners.model.FrameworkMethod$1.runReflectiveCall(FrameworkMethod.java:50)
	at org.junit.internal.runners.model.ReflectiveCallable.run(ReflectiveCallable.java:12)
	at org.junit.runners.model.FrameworkMethod.invokeExplosively(FrameworkMethod.java:47)
	at org.junit.internal.runners.statements.InvokeMethod.evaluate(InvokeMethod.java:17)
	at org.junit.internal.runners.statements.RunAfters.evaluate(RunAfters.java:27)
	at org.junit.internal.runners.statements.FailOnTimeout$CallableStatement.call(FailOnTimeout.java:298)
	at org.junit.internal.runners.statements.FailOnTimeout$CallableStatement.call(FailOnTimeout.java:292)
	at java.util.concurrent.FutureTask.run(FutureTask.java:266)
	at java.lang.Thread.run(Thread.java:748)
2019-09-26 09:46:41,384 INFO  ratis.MiniRaftCluster (MiniRaftCluster.java:shutdown(700)) - ************************************************************** 
2019-09-26 09:46:41,384 INFO  ratis.MiniRaftCluster (MiniRaftCluster.java:shutdown(701)) - *** 
2019-09-26 09:46:41,384 INFO  ratis.MiniRaftCluster (MiniRaftCluster.java:shutdown(702)) - ***     Stopping MiniRaftClusterWithNetty
2019-09-26 09:46:41,384 INFO  ratis.MiniRaftCluster (MiniRaftCluster.java:shutdown(703)) - *** 
2019-09-26 09:46:41,384 INFO  ratis.MiniRaftCluster (MiniRaftCluster.java:shutdown(704)) - ************************************************************** 
2019-09-26 09:46:41,385 INFO  impl.LeaderElection (LogUtils.java:infoOrTrace(149)) - s1@group-808489D4E928-LeaderElection25 got exception when requesting votes: java.util.concurrent.ExecutionException: org.apache.ratis.thirdparty.io.netty.channel.AbstractChannel$AnnotatedConnectException: Connection refused: /0.0.0.0:35144
2019-09-26 09:46:41,385 INFO  ratis.MiniRaftCluster (MiniRaftCluster.java:shutdown(705)) - printing ALL groups
  s3:   CLOSED  FOLLOWER s3@group-808489D4E928:t0, leader=null, voted=null, raftlog=s3@group-808489D4E928-SegmentedRaftLog:CLOSED:c-1, conf=-1: [s0:0.0.0.0:42957, s1:0.0.0.0:41030, s2:0.0.0.0:35144], old=null CLOSED
  s0:  RUNNING CANDIDATE s0@group-808489D4E928:t202, leader=null, voted=s0, raftlog=s0@group-808489D4E928-SegmentedRaftLog:OPENED:c-1,f-1,i0, conf=-1: [s0:0.0.0.0:42957, s1:0.0.0.0:41030, s2:0.0.0.0:35144], old=null RUNNING
  s1:  RUNNING CANDIDATE s1@group-808489D4E928:t190, leader=null, voted=s1, raftlog=s1@group-808489D4E928-SegmentedRaftLog:OPENED:c0,f0,i0, conf=0: [s0:0.0.0.0:42957, s1:0.0.0.0:41030, s2:0.0.0.0:35144], old=null RUNNING
  s2:   CLOSED    LEADER s2@group-808489D4E928:t1, leader=s2, voted=s2, raftlog=s2@group-808489D4E928-SegmentedRaftLog:CLOSED:c0, conf=0: [s0:0.0.0.0:42957, s1:0.0.0.0:41030, s2:0.0.0.0:35144], old=null CLOSED
2019-09-26 09:46:41,386 INFO  impl.RaftServerProxy (RaftServerProxy.java:lambda$close$4(314)) - s0: close
2019-09-26 09:46:41,386 INFO  impl.RaftServerProxy (RaftServerProxy.java:lambda$close$4(314)) - s1: close
2019-09-26 09:46:41,386 INFO  impl.RaftServerImpl (RaftServerImpl.java:lambda$shutdown$3(247)) - s0@group-808489D4E928: shutdown
2019-09-26 09:46:41,386 INFO  impl.RaftServerImpl (RaftServerImpl.java:lambda$shutdown$3(247)) - s1@group-808489D4E928: shutdown
2019-09-26 09:46:41,387 INFO  util.JmxRegister (JmxRegister.java:unregister(73)) - Successfully un-registered JMX Bean with object name Ratis:service=RaftServer,group=group-808489D4E928,id=s0
2019-09-26 09:46:41,387 INFO  util.JmxRegister (JmxRegister.java:unregister(73)) - Successfully un-registered JMX Bean with object name Ratis:service=RaftServer,group=group-808489D4E928,id=s1
2019-09-26 09:46:41,387 INFO  impl.RoleInfo (RoleInfo.java:shutdownLeaderElection(134)) - s0: shutdown LeaderElection
2019-09-26 09:46:41,387 INFO  impl.RoleInfo (RoleInfo.java:shutdownLeaderElection(134)) - s1: shutdown LeaderElection
2019-09-26 09:46:41,387 INFO  impl.StateMachineUpdater (StateMachineUpdater.java:stopAndJoin(136)) - s0@group-808489D4E928-StateMachineUpdater: set stopIndex = -1
2019-09-26 09:46:41,388 INFO  impl.StateMachineUpdater (StateMachineUpdater.java:stopAndJoin(136)) - s1@group-808489D4E928-StateMachineUpdater: set stopIndex = 0
2019-09-26 09:46:41,388 INFO  impl.RaftServerImpl (ServerState.java:close(386)) - s0@group-808489D4E928: closes. applyIndex: -1
2019-09-26 09:46:41,388 INFO  impl.RaftServerImpl (ServerState.java:close(386)) - s1@group-808489D4E928: closes. applyIndex: 0
2019-09-26 09:46:41,388 INFO  segmented.SegmentedRaftLogWorker (SegmentedRaftLogWorker.java:run(313)) - s0@group-808489D4E928-SegmentedRaftLogWorker was interrupted, exiting. There are 0 tasks remaining in the queue.
2019-09-26 09:46:41,389 INFO  segmented.SegmentedRaftLogWorker (SegmentedRaftLogWorker.java:run(313)) - s1@group-808489D4E928-SegmentedRaftLogWorker was interrupted, exiting. There are 0 tasks remaining in the queue.
2019-09-26 09:46:41,389 INFO  segmented.SegmentedRaftLogWorker (SegmentedRaftLogWorker.java:close(228)) - s0@group-808489D4E928-SegmentedRaftLogWorker close()
2019-09-26 09:46:41,397 INFO  segmented.SegmentedRaftLogWorker (SegmentedRaftLogWorker.java:close(228)) - s1@group-808489D4E928-SegmentedRaftLogWorker close()
2019-09-26 09:46:41,401 INFO  logging.LoggingHandler (AbstractInternalLogger.java:log(150)) - [id: 0xe0803920, L:/0.0.0.0:42957] UNREGISTERED
2019-09-26 09:46:41,401 INFO  logging.LoggingHandler (AbstractInternalLogger.java:log(150)) - [id: 0x52901452, L:/0.0.0.0:41030] UNREGISTERED
2019-09-26 09:46:41,420 INFO  impl.LeaderElection (LogUtils.java:infoOrTrace(149)) - s1@group-808489D4E928-LeaderElection25 got exception when requesting votes: java.util.concurrent.ExecutionException: java.io.IOException: Connection to s0:0.0.0.0:42957 is closed.
2019-09-26 09:46:41,420 INFO  impl.LeaderElection (LeaderElection.java:logAndReturn(56)) - s1@group-808489D4E928-LeaderElection25: Election REJECTED; received 0 response(s) [] and 2 exception(s); s1@group-808489D4E928:t190, leader=null, voted=s1, raftlog=s1@group-808489D4E928-SegmentedRaftLog:CLOSED:c0, conf=0: [s0:0.0.0.0:42957, s1:0.0.0.0:41030, s2:0.0.0.0:35144], old=null
2019-09-26 09:46:41,420 INFO  impl.LeaderElection (LogUtils.java:infoOrTrace(149)) -   Exception 0: java.util.concurrent.ExecutionException: org.apache.ratis.thirdparty.io.netty.channel.AbstractChannel$AnnotatedConnectException: Connection refused: /0.0.0.0:35144
2019-09-26 09:46:41,420 INFO  impl.LeaderElection (LogUtils.java:infoOrTrace(149)) -   Exception 1: java.util.concurrent.ExecutionException: java.io.IOException: Connection to s0:0.0.0.0:42957 is closed.
2019-09-26 09:46:41,424 INFO  impl.LeaderElection (LogUtils.java:infoOrTrace(149)) - s0@group-808489D4E928-LeaderElection23 got exception when requesting votes: java.util.concurrent.ExecutionException: java.io.IOException: Connection to s1:0.0.0.0:41030 is closed.
2019-09-26 09:46:41,424 INFO  impl.LeaderElection (LeaderElection.java:logAndReturn(56)) - s0@group-808489D4E928-LeaderElection23: Election REJECTED; received 0 response(s) [] and 1 exception(s); s0@group-808489D4E928:t202, leader=null, voted=s0, raftlog=s0@group-808489D4E928-SegmentedRaftLog:CLOSED:c-1, conf=-1: [s0:0.0.0.0:42957, s1:0.0.0.0:41030, s2:0.0.0.0:35144], old=null
2019-09-26 09:46:41,424 INFO  impl.LeaderElection (LogUtils.java:infoOrTrace(149)) -   Exception 0: java.util.concurrent.ExecutionException: java.io.IOException: Connection to s1:0.0.0.0:41030 is closed.
2019-09-26 09:46:41,435 INFO  ratis.MiniRaftCluster (MiniRaftCluster.java:shutdown(722)) - MiniRaftClusterWithNetty shutdown completed
]]></system-out>
  </testcase>
  <testcase name="testLeaderNotReadyException" classname="org.apache.ratis.netty.TestRaftReconfigurationWithNetty" time="3.524"/>
  <testcase name="testOverlappedSetConfRequests" classname="org.apache.ratis.netty.TestRaftReconfigurationWithNetty" time="4.742"/>
  <testcase name="testReconfTwice" classname="org.apache.ratis.netty.TestRaftReconfigurationWithNetty" time="12.084">
    <failure type="java.lang.AssertionError">java.lang.AssertionError
</failure>
    <system-out><![CDATA[2019-09-26 09:46:49,704 INFO  util.LogUtils (LogUtils.java:setLogLevel(41)) - Set org.apache.ratis.conf.ConfUtils log level to WARN
2019-09-26 09:46:49,704 INFO  util.LogUtils (LogUtils.java:setLogLevel(41)) - Set org.apache.ratis.util.FileUtils log level to TRACE
2019-09-26 09:46:49,707 INFO  ratis.MiniRaftCluster (MiniRaftCluster.java:runWithNewCluster(119)) - Running runWithNewCluster
2019-09-26 09:46:49,708 INFO  ratis.MiniRaftCluster (MiniRaftCluster.java:<init>(253)) - new MiniRaftClusterWithNetty with group-C7C5FA74E7D2:[s0:0.0.0.0:44467, s1:0.0.0.0:44114, s2:0.0.0.0:33497]
2019-09-26 09:46:49,708 INFO  ratis.MiniRaftCluster (MiniRaftCluster.java:start(287)) - .............................................................. 
2019-09-26 09:46:49,708 INFO  ratis.MiniRaftCluster (MiniRaftCluster.java:start(288)) - ... 
2019-09-26 09:46:49,709 INFO  ratis.MiniRaftCluster (MiniRaftCluster.java:start(289)) - ...     Starting MiniRaftClusterWithNetty
2019-09-26 09:46:49,709 INFO  ratis.MiniRaftCluster (MiniRaftCluster.java:start(290)) - ... 
2019-09-26 09:46:49,709 INFO  ratis.MiniRaftCluster (MiniRaftCluster.java:start(291)) - .............................................................. 
2019-09-26 09:46:49,709 INFO  ratis.MiniRaftCluster (MiniRaftCluster.java:initServers(265)) - servers = {}
2019-09-26 09:46:49,709 INFO  ratis.MiniRaftCluster (MiniRaftCluster.java:newRaftServer(330)) - newRaftServer: s0, group-C7C5FA74E7D2:[s0:0.0.0.0:44467, s1:0.0.0.0:44114, s2:0.0.0.0:33497], format? true
2019-09-26 09:46:49,709 TRACE util.FileUtils (FileUtils.java:deleteFully(88)) - deleteFully target/test/data/bb022a74/MiniRaftClusterWithNettyb6b863ff/s0
2019-09-26 09:46:49,710 TRACE util.FileUtils (FileUtils.java:deleteFully(104)) - deleteFully: target/test/data/bb022a74/MiniRaftClusterWithNettyb6b863ff/s0 does not exist.
2019-09-26 09:46:49,710 INFO  ratis.MiniRaftCluster (MiniRaftCluster.java:newRaftServer(335)) - Formatted directory target/test/data/bb022a74/MiniRaftClusterWithNettyb6b863ff/s0
2019-09-26 09:46:49,710 INFO  impl.RaftServerProxy (ConfUtils.java:logGet(43)) - raft.rpc.type = NETTY (custom)
2019-09-26 09:46:49,712 INFO  netty.NettyConfigKeys$Server (ConfUtils.java:logGet(43)) - raft.netty.server.port = 44467 (custom)
2019-09-26 09:46:49,713 INFO  server.RaftServerConfigKeys (ConfUtils.java:logGet(43)) - raft.server.storage.dir = [/workdir/ratis-test/target/test/data/bb022a74/MiniRaftClusterWithNettyb6b863ff/s0] (custom)
2019-09-26 09:46:49,714 INFO  logging.LoggingHandler (AbstractInternalLogger.java:log(150)) - [id: 0x6bb8b8e1] REGISTERED
2019-09-26 09:46:49,714 INFO  logging.LoggingHandler (AbstractInternalLogger.java:log(150)) - [id: 0x6bb8b8e1] BIND: 0.0.0.0/0.0.0.0:44467
2019-09-26 09:46:49,714 INFO  impl.RaftServerProxy (RaftServerProxy.java:addNew(89)) - s0: addNew group-C7C5FA74E7D2:[s0:0.0.0.0:44467, s1:0.0.0.0:44114, s2:0.0.0.0:33497] returns group-C7C5FA74E7D2:java.util.concurrent.CompletableFuture@182650c3[Not completed]
2019-09-26 09:46:49,714 INFO  logging.LoggingHandler (AbstractInternalLogger.java:log(150)) - [id: 0x6bb8b8e1, L:/0.0.0.0:44467] ACTIVE
2019-09-26 09:46:49,715 INFO  impl.RaftServerImpl (RaftServerImpl.java:<init>(95)) - s0: new RaftServerImpl for group-C7C5FA74E7D2:[s0:0.0.0.0:44467, s1:0.0.0.0:44114, s2:0.0.0.0:33497] with BaseStateMachine:uninitialized
2019-09-26 09:46:49,716 INFO  server.RaftServerConfigKeys (ConfUtils.java:logGet(43)) - raft.server.rpc.timeout.min = 150ms (default)
2019-09-26 09:46:49,716 INFO  ratis.MiniRaftCluster (MiniRaftCluster.java:newRaftServer(330)) - newRaftServer: s1, group-C7C5FA74E7D2:[s0:0.0.0.0:44467, s1:0.0.0.0:44114, s2:0.0.0.0:33497], format? true
2019-09-26 09:46:49,716 INFO  server.RaftServerConfigKeys (ConfUtils.java:logGet(43)) - raft.server.rpc.timeout.max = 300ms (default)
2019-09-26 09:46:49,716 TRACE util.FileUtils (FileUtils.java:deleteFully(88)) - deleteFully target/test/data/bb022a74/MiniRaftClusterWithNettyb6b863ff/s1
2019-09-26 09:46:49,717 INFO  server.RaftServerConfigKeys (ConfUtils.java:logGet(43)) - raft.server.rpcslowness.timeout = 60s (default)
2019-09-26 09:46:49,717 TRACE util.FileUtils (FileUtils.java:deleteFully(104)) - deleteFully: target/test/data/bb022a74/MiniRaftClusterWithNettyb6b863ff/s1 does not exist.
2019-09-26 09:46:49,717 INFO  ratis.MiniRaftCluster (MiniRaftCluster.java:newRaftServer(335)) - Formatted directory target/test/data/bb022a74/MiniRaftClusterWithNettyb6b863ff/s1
2019-09-26 09:46:49,717 INFO  server.RaftServerConfigKeys (ConfUtils.java:logGet(43)) - raft.server.sleep.deviation.threshold = 300 (default)
2019-09-26 09:46:49,717 INFO  server.RaftServerConfigKeys (ConfUtils.java:logGet(43)) - raft.server.log.appender.install.snapshot.enabled = true (default)
2019-09-26 09:46:49,717 INFO  impl.RaftServerProxy (ConfUtils.java:logGet(43)) - raft.rpc.type = NETTY (custom)
2019-09-26 09:46:49,718 INFO  impl.RaftServerImpl (ServerState.java:<init>(103)) - s0@group-C7C5FA74E7D2: ConfigurationManager, init=-1: [s0:0.0.0.0:44467, s1:0.0.0.0:44114, s2:0.0.0.0:33497], old=null, confs=<EMPTY_MAP>
2019-09-26 09:46:49,718 INFO  server.RaftServerConfigKeys (ConfUtils.java:logGet(43)) - raft.server.storage.dir = [/workdir/ratis-test/target/test/data/bb022a74/MiniRaftClusterWithNettyb6b863ff/s0] (custom)
2019-09-26 09:46:49,718 INFO  server.RaftServerConfigKeys (ConfUtils.java:logGet(43)) - raft.server.log.corruption.policy = EXCEPTION (default)
2019-09-26 09:46:49,719 INFO  storage.RaftStorageDirectory (RaftStorageDirectory.java:analyzeStorage(246)) - The storage directory /workdir/ratis-test/target/test/data/bb022a74/MiniRaftClusterWithNettyb6b863ff/s0/6c8c0f0c-aad7-47a1-9364-c7c5fa74e7d2 does not exist. Creating ...
2019-09-26 09:46:49,719 INFO  netty.NettyConfigKeys$Server (ConfUtils.java:logGet(43)) - raft.netty.server.port = 44114 (custom)
2019-09-26 09:46:49,719 TRACE util.FileUtils (LogUtils.java:runAndLog(61)) - Successfully ran Files.createDirectories /workdir/ratis-test/target/test/data/bb022a74/MiniRaftClusterWithNettyb6b863ff/s0/6c8c0f0c-aad7-47a1-9364-c7c5fa74e7d2
2019-09-26 09:46:49,719 INFO  server.RaftServerConfigKeys (ConfUtils.java:logGet(43)) - raft.server.storage.dir = [/workdir/ratis-test/target/test/data/bb022a74/MiniRaftClusterWithNettyb6b863ff/s1] (custom)
2019-09-26 09:46:49,720 INFO  logging.LoggingHandler (AbstractInternalLogger.java:log(150)) - [id: 0xe4199513] REGISTERED
2019-09-26 09:46:49,720 INFO  logging.LoggingHandler (AbstractInternalLogger.java:log(150)) - [id: 0xe4199513] BIND: 0.0.0.0/0.0.0.0:44114
2019-09-26 09:46:49,720 INFO  impl.RaftServerProxy (RaftServerProxy.java:addNew(89)) - s1: addNew group-C7C5FA74E7D2:[s0:0.0.0.0:44467, s1:0.0.0.0:44114, s2:0.0.0.0:33497] returns group-C7C5FA74E7D2:java.util.concurrent.CompletableFuture@7522cf6d[Not completed]
2019-09-26 09:46:49,720 INFO  logging.LoggingHandler (AbstractInternalLogger.java:log(150)) - [id: 0xe4199513, L:/0.0.0.0:44114] ACTIVE
2019-09-26 09:46:49,721 INFO  ratis.MiniRaftCluster (MiniRaftCluster.java:newRaftServer(330)) - newRaftServer: s2, group-C7C5FA74E7D2:[s0:0.0.0.0:44467, s1:0.0.0.0:44114, s2:0.0.0.0:33497], format? true
2019-09-26 09:46:49,721 INFO  impl.RaftServerImpl (RaftServerImpl.java:<init>(95)) - s1: new RaftServerImpl for group-C7C5FA74E7D2:[s0:0.0.0.0:44467, s1:0.0.0.0:44114, s2:0.0.0.0:33497] with BaseStateMachine:uninitialized
2019-09-26 09:46:49,721 TRACE util.FileUtils (FileUtils.java:deleteFully(88)) - deleteFully target/test/data/bb022a74/MiniRaftClusterWithNettyb6b863ff/s2
2019-09-26 09:46:49,722 INFO  server.RaftServerConfigKeys (ConfUtils.java:logGet(43)) - raft.server.rpc.timeout.min = 150ms (default)
2019-09-26 09:46:49,723 TRACE util.FileUtils (FileUtils.java:deleteFully(104)) - deleteFully: target/test/data/bb022a74/MiniRaftClusterWithNettyb6b863ff/s2 does not exist.
2019-09-26 09:46:49,723 INFO  ratis.MiniRaftCluster (MiniRaftCluster.java:newRaftServer(335)) - Formatted directory target/test/data/bb022a74/MiniRaftClusterWithNettyb6b863ff/s2
2019-09-26 09:46:49,723 INFO  server.RaftServerConfigKeys (ConfUtils.java:logGet(43)) - raft.server.rpc.timeout.max = 300ms (default)
2019-09-26 09:46:49,723 INFO  server.RaftServerConfigKeys (ConfUtils.java:logGet(43)) - raft.server.rpcslowness.timeout = 60s (default)
2019-09-26 09:46:49,723 INFO  impl.RaftServerProxy (ConfUtils.java:logGet(43)) - raft.rpc.type = NETTY (custom)
2019-09-26 09:46:49,723 INFO  server.RaftServerConfigKeys (ConfUtils.java:logGet(43)) - raft.server.sleep.deviation.threshold = 300 (default)
2019-09-26 09:46:49,724 INFO  server.RaftServerConfigKeys (ConfUtils.java:logGet(43)) - raft.server.log.appender.install.snapshot.enabled = true (default)
2019-09-26 09:46:49,724 INFO  impl.RaftServerImpl (ServerState.java:<init>(103)) - s1@group-C7C5FA74E7D2: ConfigurationManager, init=-1: [s0:0.0.0.0:44467, s1:0.0.0.0:44114, s2:0.0.0.0:33497], old=null, confs=<EMPTY_MAP>
2019-09-26 09:46:49,724 INFO  server.RaftServerConfigKeys (ConfUtils.java:logGet(43)) - raft.server.storage.dir = [/workdir/ratis-test/target/test/data/bb022a74/MiniRaftClusterWithNettyb6b863ff/s1] (custom)
2019-09-26 09:46:49,724 INFO  server.RaftServerConfigKeys (ConfUtils.java:logGet(43)) - raft.server.log.corruption.policy = EXCEPTION (default)
2019-09-26 09:46:49,725 INFO  storage.RaftStorageDirectory (RaftStorageDirectory.java:analyzeStorage(246)) - The storage directory /workdir/ratis-test/target/test/data/bb022a74/MiniRaftClusterWithNettyb6b863ff/s1/6c8c0f0c-aad7-47a1-9364-c7c5fa74e7d2 does not exist. Creating ...
2019-09-26 09:46:49,725 TRACE util.FileUtils (LogUtils.java:runAndLog(61)) - Successfully ran Files.createDirectories /workdir/ratis-test/target/test/data/bb022a74/MiniRaftClusterWithNettyb6b863ff/s1/6c8c0f0c-aad7-47a1-9364-c7c5fa74e7d2
2019-09-26 09:46:49,725 INFO  netty.NettyConfigKeys$Server (ConfUtils.java:logGet(43)) - raft.netty.server.port = 33497 (custom)
2019-09-26 09:46:49,726 INFO  server.RaftServerConfigKeys (ConfUtils.java:logGet(43)) - raft.server.storage.dir = [/workdir/ratis-test/target/test/data/bb022a74/MiniRaftClusterWithNettyb6b863ff/s2] (custom)
2019-09-26 09:46:49,726 INFO  logging.LoggingHandler (AbstractInternalLogger.java:log(150)) - [id: 0x125e8bce] REGISTERED
2019-09-26 09:46:49,727 INFO  logging.LoggingHandler (AbstractInternalLogger.java:log(150)) - [id: 0x125e8bce] BIND: 0.0.0.0/0.0.0.0:33497
2019-09-26 09:46:49,727 INFO  impl.RaftServerProxy (RaftServerProxy.java:addNew(89)) - s2: addNew group-C7C5FA74E7D2:[s0:0.0.0.0:44467, s1:0.0.0.0:44114, s2:0.0.0.0:33497] returns group-C7C5FA74E7D2:java.util.concurrent.CompletableFuture@5aed551a[Not completed]
2019-09-26 09:46:49,727 INFO  logging.LoggingHandler (AbstractInternalLogger.java:log(150)) - [id: 0x125e8bce, L:/0.0.0.0:33497] ACTIVE
2019-09-26 09:46:49,727 INFO  impl.RaftServerImpl (RaftServerImpl.java:<init>(95)) - s2: new RaftServerImpl for group-C7C5FA74E7D2:[s0:0.0.0.0:44467, s1:0.0.0.0:44114, s2:0.0.0.0:33497] with BaseStateMachine:uninitialized
2019-09-26 09:46:49,728 INFO  server.RaftServerConfigKeys (ConfUtils.java:logGet(43)) - raft.server.rpc.timeout.min = 150ms (default)
2019-09-26 09:46:49,729 INFO  server.RaftServerConfigKeys (ConfUtils.java:logGet(43)) - raft.server.rpc.timeout.max = 300ms (default)
2019-09-26 09:46:49,729 INFO  server.RaftServerConfigKeys (ConfUtils.java:logGet(43)) - raft.server.rpcslowness.timeout = 60s (default)
2019-09-26 09:46:49,729 INFO  server.RaftServerConfigKeys (ConfUtils.java:logGet(43)) - raft.server.sleep.deviation.threshold = 300 (default)
2019-09-26 09:46:49,729 INFO  server.RaftServerConfigKeys (ConfUtils.java:logGet(43)) - raft.server.log.appender.install.snapshot.enabled = true (default)
2019-09-26 09:46:49,729 INFO  impl.RaftServerImpl (ServerState.java:<init>(103)) - s2@group-C7C5FA74E7D2: ConfigurationManager, init=-1: [s0:0.0.0.0:44467, s1:0.0.0.0:44114, s2:0.0.0.0:33497], old=null, confs=<EMPTY_MAP>
2019-09-26 09:46:49,729 INFO  server.RaftServerConfigKeys (ConfUtils.java:logGet(43)) - raft.server.storage.dir = [/workdir/ratis-test/target/test/data/bb022a74/MiniRaftClusterWithNettyb6b863ff/s2] (custom)
2019-09-26 09:46:49,729 INFO  server.RaftServerConfigKeys (ConfUtils.java:logGet(43)) - raft.server.log.corruption.policy = EXCEPTION (default)
2019-09-26 09:46:49,730 INFO  storage.RaftStorageDirectory (RaftStorageDirectory.java:analyzeStorage(246)) - The storage directory /workdir/ratis-test/target/test/data/bb022a74/MiniRaftClusterWithNettyb6b863ff/s2/6c8c0f0c-aad7-47a1-9364-c7c5fa74e7d2 does not exist. Creating ...
2019-09-26 09:46:49,730 TRACE util.FileUtils (LogUtils.java:runAndLog(61)) - Successfully ran Files.createDirectories /workdir/ratis-test/target/test/data/bb022a74/MiniRaftClusterWithNettyb6b863ff/s2/6c8c0f0c-aad7-47a1-9364-c7c5fa74e7d2
2019-09-26 09:46:49,734 INFO  storage.RaftStorageDirectory (RaftStorageDirectory.java:tryLock(328)) - Lock on /workdir/ratis-test/target/test/data/bb022a74/MiniRaftClusterWithNettyb6b863ff/s0/6c8c0f0c-aad7-47a1-9364-c7c5fa74e7d2/in_use.lock acquired by nodename 3395@ratis-test-kn96w-682825239
2019-09-26 09:46:49,734 INFO  storage.RaftStorageDirectory (RaftStorageDirectory.java:tryLock(328)) - Lock on /workdir/ratis-test/target/test/data/bb022a74/MiniRaftClusterWithNettyb6b863ff/s2/6c8c0f0c-aad7-47a1-9364-c7c5fa74e7d2/in_use.lock acquired by nodename 3395@ratis-test-kn96w-682825239
2019-09-26 09:46:49,734 INFO  storage.RaftStorageDirectory (RaftStorageDirectory.java:tryLock(328)) - Lock on /workdir/ratis-test/target/test/data/bb022a74/MiniRaftClusterWithNettyb6b863ff/s1/6c8c0f0c-aad7-47a1-9364-c7c5fa74e7d2/in_use.lock acquired by nodename 3395@ratis-test-kn96w-682825239
2019-09-26 09:46:49,735 TRACE util.FileUtils (LogUtils.java:runAndLog(61)) - Successfully ran Files.createDirectories /workdir/ratis-test/target/test/data/bb022a74/MiniRaftClusterWithNettyb6b863ff/s2/6c8c0f0c-aad7-47a1-9364-c7c5fa74e7d2/current
2019-09-26 09:46:49,735 TRACE util.FileUtils (LogUtils.java:runAndLog(61)) - Successfully ran Files.createDirectories /workdir/ratis-test/target/test/data/bb022a74/MiniRaftClusterWithNettyb6b863ff/s1/6c8c0f0c-aad7-47a1-9364-c7c5fa74e7d2/current
2019-09-26 09:46:49,734 TRACE util.FileUtils (LogUtils.java:runAndLog(61)) - Successfully ran Files.createDirectories /workdir/ratis-test/target/test/data/bb022a74/MiniRaftClusterWithNettyb6b863ff/s0/6c8c0f0c-aad7-47a1-9364-c7c5fa74e7d2/current
2019-09-26 09:46:49,735 TRACE util.FileUtils (LogUtils.java:runAndLog(61)) - Successfully ran Files.createDirectories /workdir/ratis-test/target/test/data/bb022a74/MiniRaftClusterWithNettyb6b863ff/s2/6c8c0f0c-aad7-47a1-9364-c7c5fa74e7d2/sm
2019-09-26 09:46:49,735 TRACE util.FileUtils (LogUtils.java:runAndLog(61)) - Successfully ran Files.createDirectories /workdir/ratis-test/target/test/data/bb022a74/MiniRaftClusterWithNettyb6b863ff/s0/6c8c0f0c-aad7-47a1-9364-c7c5fa74e7d2/sm
2019-09-26 09:46:49,735 TRACE util.FileUtils (LogUtils.java:runAndLog(61)) - Successfully ran Files.createDirectories /workdir/ratis-test/target/test/data/bb022a74/MiniRaftClusterWithNettyb6b863ff/s1/6c8c0f0c-aad7-47a1-9364-c7c5fa74e7d2/sm
2019-09-26 09:46:49,750 INFO  storage.RaftStorage (RaftStorage.java:format(84)) - Storage directory /workdir/ratis-test/target/test/data/bb022a74/MiniRaftClusterWithNettyb6b863ff/s1/6c8c0f0c-aad7-47a1-9364-c7c5fa74e7d2 has been successfully formatted.
2019-09-26 09:46:49,750 INFO  storage.RaftStorage (RaftStorage.java:format(84)) - Storage directory /workdir/ratis-test/target/test/data/bb022a74/MiniRaftClusterWithNettyb6b863ff/s0/6c8c0f0c-aad7-47a1-9364-c7c5fa74e7d2 has been successfully formatted.
2019-09-26 09:46:49,750 INFO  storage.RaftStorage (RaftStorage.java:format(84)) - Storage directory /workdir/ratis-test/target/test/data/bb022a74/MiniRaftClusterWithNettyb6b863ff/s2/6c8c0f0c-aad7-47a1-9364-c7c5fa74e7d2 has been successfully formatted.
2019-09-26 09:46:49,751 INFO  server.RaftServerConfigKeys (ConfUtils.java:logGet(43)) - raft.server.notification.no-leader.timeout = 60s (default)
2019-09-26 09:46:49,751 INFO  server.RaftServerConfigKeys (ConfUtils.java:logGet(43)) - raft.server.notification.no-leader.timeout = 60s (default)
2019-09-26 09:46:49,751 INFO  server.RaftServerConfigKeys (ConfUtils.java:logGet(43)) - raft.server.log.use.memory = false (default)
2019-09-26 09:46:49,751 INFO  server.RaftServerConfigKeys (ConfUtils.java:logGet(43)) - raft.server.notification.no-leader.timeout = 60s (default)
2019-09-26 09:46:49,751 INFO  server.RaftServerConfigKeys (ConfUtils.java:logGet(43)) - raft.server.log.purge.gap = 1024 (default)
2019-09-26 09:46:49,751 INFO  server.RaftServerConfigKeys (ConfUtils.java:logGet(43)) - raft.server.log.use.memory = false (default)
2019-09-26 09:46:49,752 INFO  server.RaftServerConfigKeys (ConfUtils.java:logGet(43)) - raft.server.log.appender.buffer.byte-limit = 4MB (=4194304) (default)
2019-09-26 09:46:49,751 INFO  server.RaftServerConfigKeys (ConfUtils.java:logGet(43)) - raft.server.log.use.memory = false (default)
2019-09-26 09:46:49,752 INFO  server.RaftServerConfigKeys (ConfUtils.java:logGet(43)) - raft.server.log.segment.size.max = 8MB (=8388608) (default)
2019-09-26 09:46:49,752 INFO  server.RaftServerConfigKeys (ConfUtils.java:logGet(43)) - raft.server.log.purge.gap = 1024 (default)
2019-09-26 09:46:49,752 INFO  server.RaftServerConfigKeys (ConfUtils.java:logGet(43)) - raft.server.log.segment.cache.num.max = 6 (default)
2019-09-26 09:46:49,752 INFO  server.RaftServerConfigKeys (ConfUtils.java:logGet(43)) - raft.server.log.purge.gap = 1024 (default)
2019-09-26 09:46:49,752 INFO  segmented.SegmentedRaftLogWorker (SegmentedRaftLogWorker.java:<init>(172)) - new s0@group-C7C5FA74E7D2-SegmentedRaftLogWorker for RaftStorage:Storage Directory /workdir/ratis-test/target/test/data/bb022a74/MiniRaftClusterWithNettyb6b863ff/s0/6c8c0f0c-aad7-47a1-9364-c7c5fa74e7d2
2019-09-26 09:46:49,752 INFO  server.RaftServerConfigKeys (ConfUtils.java:logGet(43)) - raft.server.log.appender.buffer.byte-limit = 4MB (=4194304) (default)
2019-09-26 09:46:49,753 INFO  server.RaftServerConfigKeys (ConfUtils.java:logGet(43)) - raft.server.log.queue.byte-limit = 64MB (=67108864) (default)
2019-09-26 09:46:49,753 INFO  server.RaftServerConfigKeys (ConfUtils.java:logGet(43)) - raft.server.log.appender.buffer.byte-limit = 4MB (=4194304) (default)
2019-09-26 09:46:49,753 INFO  server.RaftServerConfigKeys (ConfUtils.java:logGet(43)) - raft.server.log.queue.element-limit = 4096 (default)
2019-09-26 09:46:49,753 INFO  server.RaftServerConfigKeys (ConfUtils.java:logGet(43)) - raft.server.log.segment.size.max = 8MB (=8388608) (default)
2019-09-26 09:46:49,753 INFO  server.RaftServerConfigKeys (ConfUtils.java:logGet(43)) - raft.server.log.segment.size.max = 8MB (=8388608) (default)
2019-09-26 09:46:49,753 INFO  server.RaftServerConfigKeys (ConfUtils.java:logGet(43)) - raft.server.log.segment.size.max = 8MB (=8388608) (default)
2019-09-26 09:46:49,753 INFO  server.RaftServerConfigKeys (ConfUtils.java:logGet(43)) - raft.server.log.preallocated.size = 4MB (=4194304) (default)
2019-09-26 09:46:49,754 INFO  server.RaftServerConfigKeys (ConfUtils.java:logGet(43)) - raft.server.log.write.buffer.size = 64KB (=65536) (default)
2019-09-26 09:46:49,753 INFO  server.RaftServerConfigKeys (ConfUtils.java:logGet(43)) - raft.server.log.segment.cache.num.max = 6 (default)
2019-09-26 09:46:49,754 INFO  server.RaftServerConfigKeys (ConfUtils.java:logGet(43)) - raft.server.log.force.sync.num = 128 (default)
2019-09-26 09:46:49,754 INFO  server.RaftServerConfigKeys (ConfUtils.java:logGet(43)) - raft.server.log.segment.cache.num.max = 6 (default)
2019-09-26 09:46:49,754 INFO  server.RaftServerConfigKeys (ConfUtils.java:logGet(43)) - raft.server.log.statemachine.data.sync = true (default)
2019-09-26 09:46:49,754 INFO  segmented.SegmentedRaftLogWorker (SegmentedRaftLogWorker.java:<init>(172)) - new s1@group-C7C5FA74E7D2-SegmentedRaftLogWorker for RaftStorage:Storage Directory /workdir/ratis-test/target/test/data/bb022a74/MiniRaftClusterWithNettyb6b863ff/s1/6c8c0f0c-aad7-47a1-9364-c7c5fa74e7d2
2019-09-26 09:46:49,754 INFO  server.RaftServerConfigKeys (ConfUtils.java:logGet(43)) - raft.server.log.statemachine.data.sync.timeout = 10s (default)
2019-09-26 09:46:49,754 INFO  segmented.SegmentedRaftLogWorker (SegmentedRaftLogWorker.java:<init>(172)) - new s2@group-C7C5FA74E7D2-SegmentedRaftLogWorker for RaftStorage:Storage Directory /workdir/ratis-test/target/test/data/bb022a74/MiniRaftClusterWithNettyb6b863ff/s2/6c8c0f0c-aad7-47a1-9364-c7c5fa74e7d2
2019-09-26 09:46:49,755 INFO  server.RaftServerConfigKeys (ConfUtils.java:logGet(43)) - raft.server.log.statemachine.data.sync.timeout.retry = -1 (default)
2019-09-26 09:46:49,755 INFO  server.RaftServerConfigKeys (ConfUtils.java:logGet(43)) - raft.server.log.queue.byte-limit = 64MB (=67108864) (default)
2019-09-26 09:46:49,755 INFO  server.RaftServerConfigKeys (ConfUtils.java:logGet(43)) - raft.server.log.statemachine.data.caching.enabled = false (default)
2019-09-26 09:46:49,755 INFO  server.RaftServerConfigKeys (ConfUtils.java:logGet(43)) - raft.server.log.queue.byte-limit = 64MB (=67108864) (default)
2019-09-26 09:46:49,755 INFO  server.RaftServerConfigKeys (ConfUtils.java:logGet(43)) - raft.server.log.queue.element-limit = 4096 (default)
2019-09-26 09:46:49,756 INFO  segmented.SegmentedRaftLogWorker (SegmentedRaftLogWorker.java:lambda$new$0(132)) - s0@group-C7C5FA74E7D2-SegmentedRaftLogWorker: flushIndex: setUnconditionally 0 -> -1
2019-09-26 09:46:49,756 INFO  server.RaftServerConfigKeys (ConfUtils.java:logGet(43)) - raft.server.log.queue.element-limit = 4096 (default)
2019-09-26 09:46:49,756 INFO  server.RaftServerConfigKeys (ConfUtils.java:logGet(43)) - raft.server.log.segment.size.max = 8MB (=8388608) (default)
2019-09-26 09:46:49,756 INFO  server.RaftServerConfigKeys (ConfUtils.java:logGet(43)) - raft.server.log.segment.size.max = 8MB (=8388608) (default)
2019-09-26 09:46:49,756 INFO  server.RaftServerConfigKeys (ConfUtils.java:logGet(43)) - raft.server.snapshot.auto.trigger.enabled = false (default)
2019-09-26 09:46:49,756 INFO  server.RaftServerConfigKeys (ConfUtils.java:logGet(43)) - raft.server.log.preallocated.size = 4MB (=4194304) (default)
2019-09-26 09:46:49,756 INFO  server.RaftServerConfigKeys (ConfUtils.java:logGet(43)) - raft.server.log.preallocated.size = 4MB (=4194304) (default)
2019-09-26 09:46:49,757 INFO  server.RaftServerConfigKeys (ConfUtils.java:logGet(43)) - raft.server.log.write.buffer.size = 64KB (=65536) (default)
2019-09-26 09:46:49,756 INFO  server.RaftServerConfigKeys (ConfUtils.java:logGet(43)) - raft.server.snapshot.retention.file.num = -1 (default)
2019-09-26 09:46:49,757 INFO  server.RaftServerConfigKeys (ConfUtils.java:logGet(43)) - raft.server.log.force.sync.num = 128 (default)
2019-09-26 09:46:49,757 INFO  server.RaftServerConfigKeys (ConfUtils.java:logGet(43)) - raft.server.log.statemachine.data.sync = true (default)
2019-09-26 09:46:49,757 INFO  server.RaftServerConfigKeys (ConfUtils.java:logGet(43)) - raft.server.log.write.buffer.size = 64KB (=65536) (default)
2019-09-26 09:46:49,757 INFO  server.RaftServerConfigKeys (ConfUtils.java:logGet(43)) - raft.server.log.statemachine.data.sync.timeout = 10s (default)
2019-09-26 09:46:49,757 INFO  server.RaftServerConfigKeys (ConfUtils.java:logGet(43)) - raft.server.retrycache.expirytime = 60s (default)
2019-09-26 09:46:49,758 INFO  server.RaftServerConfigKeys (ConfUtils.java:logGet(43)) - raft.server.log.statemachine.data.sync.timeout.retry = -1 (default)
2019-09-26 09:46:49,758 INFO  server.RaftServerConfigKeys (ConfUtils.java:logGet(43)) - raft.server.log.force.sync.num = 128 (default)
2019-09-26 09:46:49,758 INFO  server.RaftServerConfigKeys (ConfUtils.java:logGet(43)) - raft.server.log.statemachine.data.caching.enabled = false (default)
2019-09-26 09:46:49,758 INFO  server.RaftServerConfigKeys (ConfUtils.java:logGet(43)) - raft.server.log.statemachine.data.sync = true (default)
2019-09-26 09:46:49,758 INFO  server.RaftServerConfigKeys (ConfUtils.java:logGet(43)) - raft.server.log.statemachine.data.sync.timeout = 10s (default)
2019-09-26 09:46:49,759 INFO  segmented.SegmentedRaftLogWorker (SegmentedRaftLogWorker.java:lambda$new$0(132)) - s2@group-C7C5FA74E7D2-SegmentedRaftLogWorker: flushIndex: setUnconditionally 0 -> -1
2019-09-26 09:46:49,759 INFO  server.RaftServerConfigKeys (ConfUtils.java:logGet(43)) - raft.server.log.statemachine.data.sync.timeout.retry = -1 (default)
2019-09-26 09:46:49,759 INFO  server.RaftServerConfigKeys (ConfUtils.java:logGet(43)) - raft.server.snapshot.auto.trigger.enabled = false (default)
2019-09-26 09:46:49,759 INFO  server.RaftServerConfigKeys (ConfUtils.java:logGet(43)) - raft.server.log.statemachine.data.caching.enabled = false (default)
2019-09-26 09:46:49,759 INFO  server.RaftServerConfigKeys (ConfUtils.java:logGet(43)) - raft.server.snapshot.retention.file.num = -1 (default)
2019-09-26 09:46:49,760 INFO  segmented.SegmentedRaftLogWorker (SegmentedRaftLogWorker.java:lambda$new$0(132)) - s1@group-C7C5FA74E7D2-SegmentedRaftLogWorker: flushIndex: setUnconditionally 0 -> -1
2019-09-26 09:46:49,760 INFO  server.RaftServerConfigKeys (ConfUtils.java:logGet(43)) - raft.server.retrycache.expirytime = 60s (default)
2019-09-26 09:46:49,760 INFO  server.RaftServerConfigKeys (ConfUtils.java:logGet(43)) - raft.server.snapshot.auto.trigger.enabled = false (default)
2019-09-26 09:46:49,760 INFO  server.RaftServerConfigKeys (ConfUtils.java:logGet(43)) - raft.server.snapshot.retention.file.num = -1 (default)
2019-09-26 09:46:49,760 INFO  server.RaftServerConfigKeys (ConfUtils.java:logGet(43)) - raft.server.retrycache.expirytime = 60s (default)
2019-09-26 09:46:49,764 INFO  impl.RaftServerImpl (RaftServerImpl.java:start(181)) - s0@group-C7C5FA74E7D2: start as a follower, conf=-1: [s0:0.0.0.0:44467, s1:0.0.0.0:44114, s2:0.0.0.0:33497], old=null
2019-09-26 09:46:49,764 INFO  impl.RaftServerImpl (RaftServerImpl.java:setRole(170)) - s0@group-C7C5FA74E7D2: changes role from      null to FOLLOWER at term 0 for startAsFollower
2019-09-26 09:46:49,764 INFO  impl.RoleInfo (RoleInfo.java:updateAndGet(143)) - s0: start FollowerState
2019-09-26 09:46:49,765 INFO  util.JmxRegister (JmxRegister.java:tryRegister(44)) - Successfully registered JMX Bean with object name Ratis:service=RaftServer,group=group-C7C5FA74E7D2,id=s0
2019-09-26 09:46:49,767 INFO  impl.RaftServerProxy (RaftServerProxy.java:lambda$start$3(299)) - s0: start RPC server
2019-09-26 09:46:49,768 INFO  impl.RaftServerImpl (RaftServerImpl.java:start(181)) - s1@group-C7C5FA74E7D2: start as a follower, conf=-1: [s0:0.0.0.0:44467, s1:0.0.0.0:44114, s2:0.0.0.0:33497], old=null
2019-09-26 09:46:49,768 INFO  impl.RaftServerImpl (RaftServerImpl.java:setRole(170)) - s1@group-C7C5FA74E7D2: changes role from      null to FOLLOWER at term 0 for startAsFollower
2019-09-26 09:46:49,768 INFO  impl.RoleInfo (RoleInfo.java:updateAndGet(143)) - s1: start FollowerState
2019-09-26 09:46:49,769 INFO  util.JmxRegister (JmxRegister.java:tryRegister(44)) - Successfully registered JMX Bean with object name Ratis:service=RaftServer,group=group-C7C5FA74E7D2,id=s1
2019-09-26 09:46:49,771 INFO  impl.RaftServerProxy (RaftServerProxy.java:lambda$start$3(299)) - s1: start RPC server
2019-09-26 09:46:49,772 INFO  impl.RaftServerImpl (RaftServerImpl.java:start(181)) - s2@group-C7C5FA74E7D2: start as a follower, conf=-1: [s0:0.0.0.0:44467, s1:0.0.0.0:44114, s2:0.0.0.0:33497], old=null
2019-09-26 09:46:49,772 INFO  impl.RaftServerImpl (RaftServerImpl.java:setRole(170)) - s2@group-C7C5FA74E7D2: changes role from      null to FOLLOWER at term 0 for startAsFollower
2019-09-26 09:46:49,772 INFO  impl.RoleInfo (RoleInfo.java:updateAndGet(143)) - s2: start FollowerState
2019-09-26 09:46:49,773 INFO  util.JmxRegister (JmxRegister.java:tryRegister(44)) - Successfully registered JMX Bean with object name Ratis:service=RaftServer,group=group-C7C5FA74E7D2,id=s2
2019-09-26 09:46:49,775 INFO  impl.RaftServerProxy (RaftServerProxy.java:lambda$start$3(299)) - s2: start RPC server
2019-09-26 09:46:49,776 INFO  server.RaftServerConfigKeys (ConfUtils.java:logGet(43)) - raft.server.rpc.timeout.max = 300ms (default)
2019-09-26 09:46:49,776 INFO  ratis.RaftTestUtil (RaftTestUtil.java:waitForLeader(86)) - printing ALL groups
  s0:  RUNNING  FOLLOWER s0@group-C7C5FA74E7D2:t0, leader=null, voted=null, raftlog=s0@group-C7C5FA74E7D2-SegmentedRaftLog:OPENED:c-1,f-1,i0, conf=-1: [s0:0.0.0.0:44467, s1:0.0.0.0:44114, s2:0.0.0.0:33497], old=null RUNNING
  s1:  RUNNING  FOLLOWER s1@group-C7C5FA74E7D2:t0, leader=null, voted=null, raftlog=s1@group-C7C5FA74E7D2-SegmentedRaftLog:OPENED:c-1,f-1,i0, conf=-1: [s0:0.0.0.0:44467, s1:0.0.0.0:44114, s2:0.0.0.0:33497], old=null RUNNING
  s2:  RUNNING  FOLLOWER s2@group-C7C5FA74E7D2:t0, leader=null, voted=null, raftlog=s2@group-C7C5FA74E7D2-SegmentedRaftLog:OPENED:c-1,f-1,i0, conf=-1: [s0:0.0.0.0:44467, s1:0.0.0.0:44114, s2:0.0.0.0:33497], old=null RUNNING
2019-09-26 09:46:49,777 WARN  ratis.RaftTestUtil (JavaUtils.java:attempt(158)) - FAILED "waitForLeader-null-(expectLeader? true)", attempt #1/100: java.lang.IllegalStateException: No leader yet : printing ALL groups
  s0:  RUNNING  FOLLOWER s0@group-C7C5FA74E7D2:t0, leader=null, voted=null, raftlog=s0@group-C7C5FA74E7D2-SegmentedRaftLog:OPENED:c-1,f-1,i0, conf=-1: [s0:0.0.0.0:44467, s1:0.0.0.0:44114, s2:0.0.0.0:33497], old=null RUNNING
  s1:  RUNNING  FOLLOWER s1@group-C7C5FA74E7D2:t0, leader=null, voted=null, raftlog=s1@group-C7C5FA74E7D2-SegmentedRaftLog:OPENED:c-1,f-1,i0, conf=-1: [s0:0.0.0.0:44467, s1:0.0.0.0:44114, s2:0.0.0.0:33497], old=null RUNNING
  s2:  RUNNING  FOLLOWER s2@group-C7C5FA74E7D2:t0, leader=null, voted=null, raftlog=s2@group-C7C5FA74E7D2-SegmentedRaftLog:OPENED:c-1,f-1,i0, conf=-1: [s0:0.0.0.0:44467, s1:0.0.0.0:44114, s2:0.0.0.0:33497], old=null RUNNING, sleep 450ms and then retry.
java.lang.IllegalStateException: No leader yet : printing ALL groups
  s0:  RUNNING  FOLLOWER s0@group-C7C5FA74E7D2:t0, leader=null, voted=null, raftlog=s0@group-C7C5FA74E7D2-SegmentedRaftLog:OPENED:c-1,f-1,i0, conf=-1: [s0:0.0.0.0:44467, s1:0.0.0.0:44114, s2:0.0.0.0:33497], old=null RUNNING
  s1:  RUNNING  FOLLOWER s1@group-C7C5FA74E7D2:t0, leader=null, voted=null, raftlog=s1@group-C7C5FA74E7D2-SegmentedRaftLog:OPENED:c-1,f-1,i0, conf=-1: [s0:0.0.0.0:44467, s1:0.0.0.0:44114, s2:0.0.0.0:33497], old=null RUNNING
  s2:  RUNNING  FOLLOWER s2@group-C7C5FA74E7D2:t0, leader=null, voted=null, raftlog=s2@group-C7C5FA74E7D2-SegmentedRaftLog:OPENED:c-1,f-1,i0, conf=-1: [s0:0.0.0.0:44467, s1:0.0.0.0:44114, s2:0.0.0.0:33497], old=null RUNNING
	at org.apache.ratis.MiniRaftCluster.newIllegalStateExceptionForNoLeaders(MiniRaftCluster.java:506)
	at org.apache.ratis.RaftTestUtil.lambda$waitForLeader$1(RaftTestUtil.java:90)
	at org.apache.ratis.MiniRaftCluster.getLeader(MiniRaftCluster.java:539)
	at org.apache.ratis.MiniRaftCluster.getLeader(MiniRaftCluster.java:532)
	at org.apache.ratis.RaftTestUtil.lambda$waitForLeader$3(RaftTestUtil.java:98)
	at org.apache.ratis.util.JavaUtils.attempt(JavaUtils.java:152)
	at org.apache.ratis.RaftTestUtil.waitForLeader(RaftTestUtil.java:97)
	at org.apache.ratis.RaftTestUtil.waitForLeader(RaftTestUtil.java:77)
	at org.apache.ratis.RaftTestUtil.waitForLeader(RaftTestUtil.java:72)
	at org.apache.ratis.server.impl.RaftReconfigurationBaseTest.runTestReconfTwice(RaftReconfigurationBaseTest.java:144)
	at org.apache.ratis.MiniRaftCluster$Factory$Get.runWithNewCluster(MiniRaftCluster.java:125)
	at org.apache.ratis.MiniRaftCluster$Factory$Get.runWithNewCluster(MiniRaftCluster.java:113)
	at org.apache.ratis.server.impl.RaftReconfigurationBaseTest.testReconfTwice(RaftReconfigurationBaseTest.java:140)
	at sun.reflect.NativeMethodAccessorImpl.invoke0(Native Method)
	at sun.reflect.NativeMethodAccessorImpl.invoke(NativeMethodAccessorImpl.java:62)
	at sun.reflect.DelegatingMethodAccessorImpl.invoke(DelegatingMethodAccessorImpl.java:43)
	at java.lang.reflect.Method.invoke(Method.java:498)
	at org.junit.runners.model.FrameworkMethod$1.runReflectiveCall(FrameworkMethod.java:50)
	at org.junit.internal.runners.model.ReflectiveCallable.run(ReflectiveCallable.java:12)
	at org.junit.runners.model.FrameworkMethod.invokeExplosively(FrameworkMethod.java:47)
	at org.junit.internal.runners.statements.InvokeMethod.evaluate(InvokeMethod.java:17)
	at org.junit.internal.runners.statements.FailOnTimeout$CallableStatement.call(FailOnTimeout.java:298)
	at org.junit.internal.runners.statements.FailOnTimeout$CallableStatement.call(FailOnTimeout.java:292)
	at java.util.concurrent.FutureTask.run(FutureTask.java:266)
	at java.lang.Thread.run(Thread.java:748)
2019-09-26 09:46:49,967 INFO  impl.FollowerState (FollowerState.java:run(108)) - s1@group-C7C5FA74E7D2-FollowerState: change to CANDIDATE, lastRpcTime:198ms, electionTimeout:198ms
2019-09-26 09:46:49,967 INFO  impl.RoleInfo (RoleInfo.java:shutdownFollowerState(121)) - s1: shutdown FollowerState
2019-09-26 09:46:49,967 INFO  impl.RaftServerImpl (RaftServerImpl.java:setRole(170)) - s1@group-C7C5FA74E7D2: changes role from  FOLLOWER to CANDIDATE at term 0 for changeToCandidate
2019-09-26 09:46:49,968 INFO  impl.RoleInfo (RoleInfo.java:updateAndGet(143)) - s1: start LeaderElection
2019-09-26 09:46:49,983 INFO  impl.LeaderElection (LeaderElection.java:askForVotes(178)) - s1@group-C7C5FA74E7D2-LeaderElection29: begin an election at term 1 for -1: [s0:0.0.0.0:44467, s1:0.0.0.0:44114, s2:0.0.0.0:33497], old=null
2019-09-26 09:46:49,985 INFO  logging.LoggingHandler (AbstractInternalLogger.java:log(150)) - [id: 0x125e8bce, L:/0.0.0.0:33497] READ: [id: 0x2d6f51fb, L:/192.168.30.59:33497 - R:/192.168.30.59:36992]
2019-09-26 09:46:49,985 INFO  logging.LoggingHandler (AbstractInternalLogger.java:log(150)) - [id: 0x6bb8b8e1, L:/0.0.0.0:44467] READ: [id: 0x8d2e61db, L:/192.168.30.59:44467 - R:/192.168.30.59:34226]
2019-09-26 09:46:49,986 INFO  logging.LoggingHandler (AbstractInternalLogger.java:log(150)) - [id: 0x125e8bce, L:/0.0.0.0:33497] READ COMPLETE
2019-09-26 09:46:49,986 INFO  logging.LoggingHandler (AbstractInternalLogger.java:log(150)) - [id: 0x6bb8b8e1, L:/0.0.0.0:44467] READ COMPLETE
2019-09-26 09:46:49,987 DEBUG impl.RaftServerImpl (RaftServerImpl.java:requestVote(743)) - s2@group-C7C5FA74E7D2: receive requestVote(s1, group-C7C5FA74E7D2, 1, (t:0, i:0))
2019-09-26 09:46:49,987 INFO  util.CodeInjectionForTesting (BlockRequestHandlingInjection.java:execute(76)) - s0: Block request from s1
2019-09-26 09:46:49,988 INFO  impl.RaftServerImpl (RaftServerImpl.java:setRole(170)) - s2@group-C7C5FA74E7D2: changes role from  FOLLOWER to FOLLOWER at term 1 for recognizeCandidate:s1
2019-09-26 09:46:49,988 INFO  impl.RoleInfo (RoleInfo.java:shutdownFollowerState(121)) - s2: shutdown FollowerState
2019-09-26 09:46:49,988 INFO  impl.RoleInfo (RoleInfo.java:updateAndGet(143)) - s2: start FollowerState
2019-09-26 09:46:49,989 INFO  impl.FollowerState (FollowerState.java:run(117)) - s2@group-C7C5FA74E7D2-FollowerState was interrupted: java.lang.InterruptedException: sleep interrupted
2019-09-26 09:46:50,003 DEBUG impl.RaftServerImpl (RaftServerImpl.java:requestVote(775)) - s2@group-C7C5FA74E7D2 replies to vote request: s1<-s2#0:OK-t1. Peer's state: s2@group-C7C5FA74E7D2:t1, leader=null, voted=s1, raftlog=s2@group-C7C5FA74E7D2-SegmentedRaftLog:OPENED:c-1,f-1,i0, conf=-1: [s0:0.0.0.0:44467, s1:0.0.0.0:44114, s2:0.0.0.0:33497], old=null
2019-09-26 09:46:50,004 INFO  impl.LeaderElection (LeaderElection.java:logAndReturn(56)) - s1@group-C7C5FA74E7D2-LeaderElection29: Election PASSED; received 1 response(s) [s1<-s2#0:OK-t1] and 0 exception(s); s1@group-C7C5FA74E7D2:t1, leader=null, voted=s1, raftlog=s1@group-C7C5FA74E7D2-SegmentedRaftLog:OPENED:c-1,f-1,i0, conf=-1: [s0:0.0.0.0:44467, s1:0.0.0.0:44114, s2:0.0.0.0:33497], old=null
2019-09-26 09:46:50,004 INFO  impl.RoleInfo (RoleInfo.java:shutdownLeaderElection(134)) - s1: shutdown LeaderElection
2019-09-26 09:46:50,004 INFO  impl.RaftServerImpl (RaftServerImpl.java:setRole(170)) - s1@group-C7C5FA74E7D2: changes role from CANDIDATE to LEADER at term 1 for changeToLeader
2019-09-26 09:46:50,004 INFO  impl.RaftServerImpl (ServerState.java:setLeader(254)) - s1@group-C7C5FA74E7D2: change Leader from null to s1 at term 1 for becomeLeader, leader elected after 253ms
2019-09-26 09:46:50,004 INFO  server.RaftServerConfigKeys (ConfUtils.java:logGet(43)) - raft.server.staging.catchup.gap = 10 (custom)
2019-09-26 09:46:50,004 INFO  server.RaftServerConfigKeys (ConfUtils.java:logGet(43)) - raft.server.rpc.sleep.time = 25ms (default)
2019-09-26 09:46:50,005 INFO  server.RaftServerConfigKeys (ConfUtils.java:logGet(43)) - raft.server.write.element-limit = 4096 (default)
2019-09-26 09:46:50,005 INFO  server.RaftServerConfigKeys (ConfUtils.java:logGet(43)) - raft.server.watch.timeout = 10s (default)
2019-09-26 09:46:50,005 INFO  server.RaftServerConfigKeys (ConfUtils.java:logGet(43)) - raft.server.watch.timeout.denomination = 1s (default)
2019-09-26 09:46:50,005 INFO  server.RaftServerConfigKeys (ConfUtils.java:logGet(43)) - raft.server.watch.element-limit = 65536 (default)
2019-09-26 09:46:50,008 INFO  server.RaftServerConfigKeys (ConfUtils.java:logGet(43)) - raft.server.log.appender.snapshot.chunk.size.max = 16MB (=16777216) (default)
2019-09-26 09:46:50,008 INFO  server.RaftServerConfigKeys (ConfUtils.java:logGet(43)) - raft.server.log.appender.buffer.byte-limit = 4MB (=4194304) (default)
2019-09-26 09:46:50,008 INFO  server.RaftServerConfigKeys (ConfUtils.java:logGet(43)) - raft.server.log.appender.buffer.element-limit = 0 (default)
2019-09-26 09:46:50,009 INFO  server.RaftServerConfigKeys (ConfUtils.java:logGet(43)) - raft.server.log.appender.snapshot.chunk.size.max = 16MB (=16777216) (default)
2019-09-26 09:46:50,009 INFO  server.RaftServerConfigKeys (ConfUtils.java:logGet(43)) - raft.server.log.appender.buffer.byte-limit = 4MB (=4194304) (default)
2019-09-26 09:46:50,009 INFO  server.RaftServerConfigKeys (ConfUtils.java:logGet(43)) - raft.server.log.appender.buffer.element-limit = 0 (default)
2019-09-26 09:46:50,009 INFO  impl.RoleInfo (RoleInfo.java:updateAndGet(143)) - s1: start LeaderState
2019-09-26 09:46:50,010 INFO  segmented.SegmentedRaftLogWorker (SegmentedRaftLogWorker.java:startLogSegment(380)) - s1@group-C7C5FA74E7D2-SegmentedRaftLogWorker: Starting segment from index:0
2019-09-26 09:46:50,011 INFO  impl.RaftServerImpl (ServerState.java:setRaftConf(355)) - s1@group-C7C5FA74E7D2: set configuration 0: [s0:0.0.0.0:44467, s1:0.0.0.0:44114, s2:0.0.0.0:33497], old=null at 0
2019-09-26 09:46:50,011 INFO  impl.RaftServerImpl (ServerState.java:setLeader(254)) - s2@group-C7C5FA74E7D2: change Leader from null to s1 at term 1 for appendEntries, leader elected after 260ms
2019-09-26 09:46:50,014 DEBUG impl.RaftServerImpl (RaftServerImpl.java:logAppendEntries(850)) - s2@group-C7C5FA74E7D2: receive appendEntries(s1, 1, null, -1, false, commits[s1:c-1, s0:c-1, s2:c-1], entries: (t:1, i:0), CONFIGURATIONENTRY
2019-09-26 09:46:50,015 INFO  impl.RaftServerImpl (ServerState.java:setRaftConf(355)) - s2@group-C7C5FA74E7D2: set configuration 0: [s0:0.0.0.0:44467, s1:0.0.0.0:44114, s2:0.0.0.0:33497], old=null at 0
2019-09-26 09:46:50,015 INFO  segmented.SegmentedRaftLogWorker (SegmentedRaftLogWorker.java:startLogSegment(380)) - s2@group-C7C5FA74E7D2-SegmentedRaftLogWorker: Starting segment from index:0
2019-09-26 09:46:50,026 INFO  impl.FollowerState (FollowerState.java:run(108)) - s0@group-C7C5FA74E7D2-FollowerState: change to CANDIDATE, lastRpcTime:261ms, electionTimeout:261ms
2019-09-26 09:46:50,026 INFO  impl.RoleInfo (RoleInfo.java:shutdownFollowerState(121)) - s0: shutdown FollowerState
2019-09-26 09:46:50,026 INFO  impl.RaftServerImpl (RaftServerImpl.java:setRole(170)) - s0@group-C7C5FA74E7D2: changes role from  FOLLOWER to CANDIDATE at term 0 for changeToCandidate
2019-09-26 09:46:50,026 INFO  impl.RoleInfo (RoleInfo.java:updateAndGet(143)) - s0: start LeaderElection
2019-09-26 09:46:50,146 INFO  segmented.SegmentedRaftLogWorker (SegmentedRaftLogWorker.java:execute(569)) - s2@group-C7C5FA74E7D2-SegmentedRaftLogWorker: created new log segment /workdir/ratis-test/target/test/data/bb022a74/MiniRaftClusterWithNettyb6b863ff/s2/6c8c0f0c-aad7-47a1-9364-c7c5fa74e7d2/current/log_inprogress_0
2019-09-26 09:46:50,146 INFO  segmented.SegmentedRaftLogWorker (SegmentedRaftLogWorker.java:execute(569)) - s1@group-C7C5FA74E7D2-SegmentedRaftLogWorker: created new log segment /workdir/ratis-test/target/test/data/bb022a74/MiniRaftClusterWithNettyb6b863ff/s1/6c8c0f0c-aad7-47a1-9364-c7c5fa74e7d2/current/log_inprogress_0
2019-09-26 09:46:50,146 INFO  impl.LeaderElection (LeaderElection.java:askForVotes(178)) - s0@group-C7C5FA74E7D2-LeaderElection30: begin an election at term 1 for -1: [s0:0.0.0.0:44467, s1:0.0.0.0:44114, s2:0.0.0.0:33497], old=null
2019-09-26 09:46:50,147 DEBUG impl.RaftServerImpl (RaftServerImpl.java:logAppendEntries(850)) - s2@group-C7C5FA74E7D2: succeeded to handle AppendEntries. Reply: s1<-s2#0:OK,SUCCESS,nextIndex:1,term:1,followerCommit:-1
2019-09-26 09:46:50,150 INFO  logging.LoggingHandler (AbstractInternalLogger.java:log(150)) - [id: 0x125e8bce, L:/0.0.0.0:33497] READ: [id: 0xc857e3e5, L:/192.168.30.59:33497 - R:/192.168.30.59:37000]
2019-09-26 09:46:50,150 INFO  logging.LoggingHandler (AbstractInternalLogger.java:log(150)) - [id: 0xe4199513, L:/0.0.0.0:44114] READ: [id: 0x8db8afe1, L:/192.168.30.59:44114 - R:/192.168.30.59:52022]
2019-09-26 09:46:50,150 INFO  logging.LoggingHandler (AbstractInternalLogger.java:log(150)) - [id: 0x125e8bce, L:/0.0.0.0:33497] READ COMPLETE
2019-09-26 09:46:50,151 INFO  logging.LoggingHandler (AbstractInternalLogger.java:log(150)) - [id: 0xe4199513, L:/0.0.0.0:44114] READ COMPLETE
2019-09-26 09:46:50,151 INFO  util.CodeInjectionForTesting (BlockRequestHandlingInjection.java:execute(76)) - s2: Block request from s0
2019-09-26 09:46:50,152 INFO  util.CodeInjectionForTesting (BlockRequestHandlingInjection.java:execute(76)) - s1: Block request from s0
2019-09-26 09:46:50,227 INFO  ratis.RaftTestUtil (RaftTestUtil.java:waitForLeader(101)) - printing ALL groups
  s0:  RUNNING CANDIDATE s0@group-C7C5FA74E7D2:t1, leader=null, voted=s0, raftlog=s0@group-C7C5FA74E7D2-SegmentedRaftLog:OPENED:c-1,f-1,i0, conf=-1: [s0:0.0.0.0:44467, s1:0.0.0.0:44114, s2:0.0.0.0:33497], old=null RUNNING
  s1:  RUNNING    LEADER s1@group-C7C5FA74E7D2:t1, leader=s1, voted=s1, raftlog=s1@group-C7C5FA74E7D2-SegmentedRaftLog:OPENED:c0,f0,i0, conf=0: [s0:0.0.0.0:44467, s1:0.0.0.0:44114, s2:0.0.0.0:33497], old=null RUNNING
  s2:  RUNNING  FOLLOWER s2@group-C7C5FA74E7D2:t1, leader=s1, voted=s1, raftlog=s2@group-C7C5FA74E7D2-SegmentedRaftLog:OPENED:c0,f0,i0, conf=0: [s0:0.0.0.0:44467, s1:0.0.0.0:44114, s2:0.0.0.0:33497], old=null RUNNING
2019-09-26 09:46:50,230 INFO  logging.LoggingHandler (AbstractInternalLogger.java:log(150)) - [id: 0xe4199513, L:/0.0.0.0:44114] READ: [id: 0xf9c8389f, L:/192.168.30.59:44114 - R:/192.168.30.59:52026]
2019-09-26 09:46:50,231 INFO  logging.LoggingHandler (AbstractInternalLogger.java:log(150)) - [id: 0xe4199513, L:/0.0.0.0:44114] READ COMPLETE
2019-09-26 09:46:50,232 DEBUG impl.RaftServerImpl (RaftServerImpl.java:submitClientRequestAsync(533)) - s1@group-C7C5FA74E7D2: receive client request(RaftClientRequest:client-FEA5FB227F38->s1@group-C7C5FA74E7D2, cid=29, seq=0, RW, Message:6d30)
2019-09-26 09:46:50,233 DEBUG impl.RaftServerImpl (LeaderState.java:addPendingRequest(317)) - s1@group-C7C5FA74E7D2-LeaderState: addPendingRequest at RaftClientRequest:client-FEA5FB227F38->s1@group-C7C5FA74E7D2, cid=29, seq=0, RW, Message:6d30, entry=(t:1, i:1), STATEMACHINELOGENTRY, client-FEA5FB227F38, cid=29
2019-09-26 09:46:50,234 DEBUG impl.RaftServerImpl (RaftServerImpl.java:logAppendEntries(850)) - s2@group-C7C5FA74E7D2: receive appendEntries(s1, 1, (t:1, i:0), 0, false, commits[s1:c0, s0:c-1, s2:c0], entries: (t:1, i:1), STATEMACHINELOGENTRY, client-FEA5FB227F38, cid=29
2019-09-26 09:46:50,245 DEBUG impl.RaftServerImpl (RaftServerImpl.java:logAppendEntries(850)) - s2@group-C7C5FA74E7D2: succeeded to handle AppendEntries. Reply: s1<-s2#0:OK,SUCCESS,nextIndex:2,term:1,followerCommit:0
2019-09-26 09:46:50,246 DEBUG impl.RaftServerImpl (RaftServerImpl.java:logAppendEntries(850)) - s2@group-C7C5FA74E7D2: receive appendEntries(s1, 1, (t:1, i:1), 1, false, commits[s1:c1, s0:c-1, s2:c0], entries: (t:1, i:2), METADATAENTRY(c1)
2019-09-26 09:46:50,247 DEBUG impl.RaftServerImpl (RaftServerImpl.java:submitClientRequestAsync(533)) - s1@group-C7C5FA74E7D2: receive client request(RaftClientRequest:client-FEA5FB227F38->s1@group-C7C5FA74E7D2, cid=30, seq=0, RW, Message:6d31)
2019-09-26 09:46:50,247 DEBUG impl.RaftServerImpl (LeaderState.java:addPendingRequest(317)) - s1@group-C7C5FA74E7D2-LeaderState: addPendingRequest at RaftClientRequest:client-FEA5FB227F38->s1@group-C7C5FA74E7D2, cid=30, seq=0, RW, Message:6d31, entry=(t:1, i:3), STATEMACHINELOGENTRY, client-FEA5FB227F38, cid=30
2019-09-26 09:46:50,257 DEBUG impl.RaftServerImpl (RaftServerImpl.java:logAppendEntries(850)) - s2@group-C7C5FA74E7D2: succeeded to handle AppendEntries. Reply: s1<-s2#0:OK,SUCCESS,nextIndex:3,term:1,followerCommit:1
2019-09-26 09:46:50,258 DEBUG impl.RaftServerImpl (RaftServerImpl.java:logAppendEntries(850)) - s2@group-C7C5FA74E7D2: receive appendEntries(s1, 1, (t:1, i:2), 2, false, commits[s1:c2, s0:c-1, s2:c1], entries: (t:1, i:3), STATEMACHINELOGENTRY, client-FEA5FB227F38, cid=30
2019-09-26 09:46:50,270 DEBUG impl.RaftServerImpl (RaftServerImpl.java:logAppendEntries(850)) - s2@group-C7C5FA74E7D2: succeeded to handle AppendEntries. Reply: s1<-s2#0:OK,SUCCESS,nextIndex:4,term:1,followerCommit:2
2019-09-26 09:46:50,271 DEBUG impl.RaftServerImpl (RaftServerImpl.java:logAppendEntries(850)) - s2@group-C7C5FA74E7D2: receive appendEntries(s1, 1, (t:1, i:3), 3, false, commits[s1:c3, s0:c-1, s2:c2], entries: (t:1, i:4), METADATAENTRY(c3)
2019-09-26 09:46:50,271 DEBUG impl.RaftServerImpl (RaftServerImpl.java:submitClientRequestAsync(533)) - s1@group-C7C5FA74E7D2: receive client request(RaftClientRequest:client-FEA5FB227F38->s1@group-C7C5FA74E7D2, cid=31, seq=0, RW, Message:6d32)
2019-09-26 09:46:50,272 DEBUG impl.RaftServerImpl (LeaderState.java:addPendingRequest(317)) - s1@group-C7C5FA74E7D2-LeaderState: addPendingRequest at RaftClientRequest:client-FEA5FB227F38->s1@group-C7C5FA74E7D2, cid=31, seq=0, RW, Message:6d32, entry=(t:1, i:5), STATEMACHINELOGENTRY, client-FEA5FB227F38, cid=31
2019-09-26 09:46:50,282 DEBUG impl.RaftServerImpl (RaftServerImpl.java:logAppendEntries(850)) - s2@group-C7C5FA74E7D2: succeeded to handle AppendEntries. Reply: s1<-s2#0:OK,SUCCESS,nextIndex:5,term:1,followerCommit:3
2019-09-26 09:46:50,283 DEBUG impl.RaftServerImpl (RaftServerImpl.java:logAppendEntries(850)) - s2@group-C7C5FA74E7D2: receive appendEntries(s1, 1, (t:1, i:4), 4, false, commits[s1:c4, s0:c-1, s2:c3], entries: (t:1, i:5), STATEMACHINELOGENTRY, client-FEA5FB227F38, cid=31
2019-09-26 09:46:50,295 DEBUG impl.RaftServerImpl (RaftServerImpl.java:logAppendEntries(850)) - s2@group-C7C5FA74E7D2: succeeded to handle AppendEntries. Reply: s1<-s2#0:OK,SUCCESS,nextIndex:6,term:1,followerCommit:4
2019-09-26 09:46:50,296 DEBUG impl.RaftServerImpl (RaftServerImpl.java:logAppendEntries(850)) - s2@group-C7C5FA74E7D2: receive appendEntries(s1, 1, (t:1, i:5), 5, false, commits[s1:c5, s0:c-1, s2:c4], entries: (t:1, i:6), METADATAENTRY(c5)
2019-09-26 09:46:50,296 DEBUG impl.RaftServerImpl (RaftServerImpl.java:submitClientRequestAsync(533)) - s1@group-C7C5FA74E7D2: receive client request(RaftClientRequest:client-FEA5FB227F38->s1@group-C7C5FA74E7D2, cid=32, seq=0, RW, Message:6d33)
2019-09-26 09:46:50,297 DEBUG impl.RaftServerImpl (LeaderState.java:addPendingRequest(317)) - s1@group-C7C5FA74E7D2-LeaderState: addPendingRequest at RaftClientRequest:client-FEA5FB227F38->s1@group-C7C5FA74E7D2, cid=32, seq=0, RW, Message:6d33, entry=(t:1, i:7), STATEMACHINELOGENTRY, client-FEA5FB227F38, cid=32
2019-09-26 09:46:50,307 DEBUG impl.RaftServerImpl (RaftServerImpl.java:logAppendEntries(850)) - s2@group-C7C5FA74E7D2: succeeded to handle AppendEntries. Reply: s1<-s2#0:OK,SUCCESS,nextIndex:7,term:1,followerCommit:5
2019-09-26 09:46:50,308 DEBUG impl.RaftServerImpl (RaftServerImpl.java:logAppendEntries(850)) - s2@group-C7C5FA74E7D2: receive appendEntries(s1, 1, (t:1, i:6), 5, false, commits[s1:c5, s0:c-1, s2:c5], entries: (t:1, i:7), STATEMACHINELOGENTRY, client-FEA5FB227F38, cid=32
2019-09-26 09:46:50,319 DEBUG impl.RaftServerImpl (RaftServerImpl.java:logAppendEntries(850)) - s2@group-C7C5FA74E7D2: succeeded to handle AppendEntries. Reply: s1<-s2#0:OK,SUCCESS,nextIndex:8,term:1,followerCommit:5
2019-09-26 09:46:50,321 DEBUG impl.RaftServerImpl (RaftServerImpl.java:logAppendEntries(850)) - s2@group-C7C5FA74E7D2: receive appendEntries(s1, 1, (t:1, i:7), 7, false, commits[s1:c7, s0:c-1, s2:c5], entries: (t:1, i:8), METADATAENTRY(c7)
2019-09-26 09:46:50,321 DEBUG impl.RaftServerImpl (RaftServerImpl.java:submitClientRequestAsync(533)) - s1@group-C7C5FA74E7D2: receive client request(RaftClientRequest:client-FEA5FB227F38->s1@group-C7C5FA74E7D2, cid=33, seq=0, RW, Message:6d34)
2019-09-26 09:46:50,322 DEBUG impl.RaftServerImpl (LeaderState.java:addPendingRequest(317)) - s1@group-C7C5FA74E7D2-LeaderState: addPendingRequest at RaftClientRequest:client-FEA5FB227F38->s1@group-C7C5FA74E7D2, cid=33, seq=0, RW, Message:6d34, entry=(t:1, i:9), STATEMACHINELOGENTRY, client-FEA5FB227F38, cid=33
2019-09-26 09:46:50,332 DEBUG impl.RaftServerImpl (RaftServerImpl.java:logAppendEntries(850)) - s2@group-C7C5FA74E7D2: succeeded to handle AppendEntries. Reply: s1<-s2#0:OK,SUCCESS,nextIndex:9,term:1,followerCommit:7
2019-09-26 09:46:50,333 DEBUG impl.RaftServerImpl (RaftServerImpl.java:logAppendEntries(850)) - s2@group-C7C5FA74E7D2: receive appendEntries(s1, 1, (t:1, i:8), 8, false, commits[s1:c8, s0:c-1, s2:c7], entries: (t:1, i:9), STATEMACHINELOGENTRY, client-FEA5FB227F38, cid=33
2019-09-26 09:46:50,344 DEBUG impl.RaftServerImpl (RaftServerImpl.java:logAppendEntries(850)) - s2@group-C7C5FA74E7D2: succeeded to handle AppendEntries. Reply: s1<-s2#0:OK,SUCCESS,nextIndex:10,term:1,followerCommit:8
2019-09-26 09:46:50,346 DEBUG impl.RaftServerImpl (RaftServerImpl.java:logAppendEntries(850)) - s2@group-C7C5FA74E7D2: receive appendEntries(s1, 1, (t:1, i:9), 9, false, commits[s1:c9, s0:c-1, s2:c8], entries: (t:1, i:10), METADATAENTRY(c9)
2019-09-26 09:46:50,346 DEBUG impl.RaftServerImpl (RaftServerImpl.java:submitClientRequestAsync(533)) - s1@group-C7C5FA74E7D2: receive client request(RaftClientRequest:client-FEA5FB227F38->s1@group-C7C5FA74E7D2, cid=34, seq=0, RW, Message:6d35)
2019-09-26 09:46:50,347 DEBUG impl.RaftServerImpl (LeaderState.java:addPendingRequest(317)) - s1@group-C7C5FA74E7D2-LeaderState: addPendingRequest at RaftClientRequest:client-FEA5FB227F38->s1@group-C7C5FA74E7D2, cid=34, seq=0, RW, Message:6d35, entry=(t:1, i:11), STATEMACHINELOGENTRY, client-FEA5FB227F38, cid=34
2019-09-26 09:46:50,357 DEBUG impl.RaftServerImpl (RaftServerImpl.java:logAppendEntries(850)) - s2@group-C7C5FA74E7D2: succeeded to handle AppendEntries. Reply: s1<-s2#0:OK,SUCCESS,nextIndex:11,term:1,followerCommit:9
2019-09-26 09:46:50,358 DEBUG impl.RaftServerImpl (RaftServerImpl.java:logAppendEntries(850)) - s2@group-C7C5FA74E7D2: receive appendEntries(s1, 1, (t:1, i:10), 10, false, commits[s1:c10, s0:c-1, s2:c9], entries: (t:1, i:11), STATEMACHINELOGENTRY, client-FEA5FB227F38, cid=34
2019-09-26 09:46:50,363 INFO  impl.LeaderElection (LeaderElection.java:logAndReturn(56)) - s0@group-C7C5FA74E7D2-LeaderElection30: Election TIMEOUT; received 0 response(s) [] and 0 exception(s); s0@group-C7C5FA74E7D2:t1, leader=null, voted=s0, raftlog=s0@group-C7C5FA74E7D2-SegmentedRaftLog:OPENED:c-1,f-1,i0, conf=-1: [s0:0.0.0.0:44467, s1:0.0.0.0:44114, s2:0.0.0.0:33497], old=null
2019-09-26 09:46:50,369 DEBUG impl.RaftServerImpl (RaftServerImpl.java:logAppendEntries(850)) - s2@group-C7C5FA74E7D2: succeeded to handle AppendEntries. Reply: s1<-s2#0:OK,SUCCESS,nextIndex:12,term:1,followerCommit:10
2019-09-26 09:46:50,371 DEBUG impl.RaftServerImpl (RaftServerImpl.java:logAppendEntries(850)) - s2@group-C7C5FA74E7D2: receive appendEntries(s1, 1, (t:1, i:11), 11, false, commits[s1:c11, s0:c-1, s2:c10], entries: (t:1, i:12), METADATAENTRY(c11)
2019-09-26 09:46:50,371 DEBUG impl.RaftServerImpl (RaftServerImpl.java:submitClientRequestAsync(533)) - s1@group-C7C5FA74E7D2: receive client request(RaftClientRequest:client-FEA5FB227F38->s1@group-C7C5FA74E7D2, cid=35, seq=0, RW, Message:6d36)
2019-09-26 09:46:50,371 INFO  impl.LeaderElection (LeaderElection.java:askForVotes(178)) - s0@group-C7C5FA74E7D2-LeaderElection30: begin an election at term 2 for -1: [s0:0.0.0.0:44467, s1:0.0.0.0:44114, s2:0.0.0.0:33497], old=null
2019-09-26 09:46:50,372 DEBUG impl.RaftServerImpl (LeaderState.java:addPendingRequest(317)) - s1@group-C7C5FA74E7D2-LeaderState: addPendingRequest at RaftClientRequest:client-FEA5FB227F38->s1@group-C7C5FA74E7D2, cid=35, seq=0, RW, Message:6d36, entry=(t:1, i:13), STATEMACHINELOGENTRY, client-FEA5FB227F38, cid=35
2019-09-26 09:46:50,372 DEBUG impl.RaftServerImpl (RaftServerImpl.java:logAppendEntries(850)) - s2@group-C7C5FA74E7D2: succeeded to handle AppendEntries. Reply: s1<-s2#0:OK,SUCCESS,nextIndex:13,term:1,followerCommit:11
2019-09-26 09:46:50,373 DEBUG impl.RaftServerImpl (RaftServerImpl.java:logAppendEntries(850)) - s2@group-C7C5FA74E7D2: receive appendEntries(s1, 1, (t:1, i:12), 12, false, commits[s1:c12, s0:c-1, s2:c11], entries: (t:1, i:13), STATEMACHINELOGENTRY, client-FEA5FB227F38, cid=35
2019-09-26 09:46:50,396 DEBUG impl.RaftServerImpl (RaftServerImpl.java:logAppendEntries(850)) - s2@group-C7C5FA74E7D2: succeeded to handle AppendEntries. Reply: s1<-s2#0:OK,SUCCESS,nextIndex:14,term:1,followerCommit:12
2019-09-26 09:46:50,397 DEBUG impl.RaftServerImpl (RaftServerImpl.java:logAppendEntries(850)) - s2@group-C7C5FA74E7D2: receive appendEntries(s1, 1, (t:1, i:13), 13, false, commits[s1:c13, s0:c-1, s2:c12], entries: (t:1, i:14), METADATAENTRY(c13)
2019-09-26 09:46:50,398 DEBUG impl.RaftServerImpl (RaftServerImpl.java:submitClientRequestAsync(533)) - s1@group-C7C5FA74E7D2: receive client request(RaftClientRequest:client-FEA5FB227F38->s1@group-C7C5FA74E7D2, cid=36, seq=0, RW, Message:6d37)
2019-09-26 09:46:50,398 DEBUG impl.RaftServerImpl (LeaderState.java:addPendingRequest(317)) - s1@group-C7C5FA74E7D2-LeaderState: addPendingRequest at RaftClientRequest:client-FEA5FB227F38->s1@group-C7C5FA74E7D2, cid=36, seq=0, RW, Message:6d37, entry=(t:1, i:15), STATEMACHINELOGENTRY, client-FEA5FB227F38, cid=36
2019-09-26 09:46:50,402 DEBUG impl.RaftServerImpl (RaftServerImpl.java:logAppendEntries(850)) - s2@group-C7C5FA74E7D2: succeeded to handle AppendEntries. Reply: s1<-s2#0:OK,SUCCESS,nextIndex:15,term:1,followerCommit:13
2019-09-26 09:46:50,403 DEBUG impl.RaftServerImpl (RaftServerImpl.java:logAppendEntries(850)) - s2@group-C7C5FA74E7D2: receive appendEntries(s1, 1, (t:1, i:14), 14, false, commits[s1:c14, s0:c-1, s2:c13], entries: (t:1, i:15), STATEMACHINELOGENTRY, client-FEA5FB227F38, cid=36
2019-09-26 09:46:50,415 DEBUG impl.RaftServerImpl (RaftServerImpl.java:logAppendEntries(850)) - s2@group-C7C5FA74E7D2: succeeded to handle AppendEntries. Reply: s1<-s2#0:OK,SUCCESS,nextIndex:16,term:1,followerCommit:14
2019-09-26 09:46:50,417 DEBUG impl.RaftServerImpl (RaftServerImpl.java:logAppendEntries(850)) - s2@group-C7C5FA74E7D2: receive appendEntries(s1, 1, (t:1, i:15), 15, false, commits[s1:c15, s0:c-1, s2:c14], entries: (t:1, i:16), METADATAENTRY(c15)
2019-09-26 09:46:50,417 DEBUG impl.RaftServerImpl (RaftServerImpl.java:submitClientRequestAsync(533)) - s1@group-C7C5FA74E7D2: receive client request(RaftClientRequest:client-FEA5FB227F38->s1@group-C7C5FA74E7D2, cid=37, seq=0, RW, Message:6d38)
2019-09-26 09:46:50,418 DEBUG impl.RaftServerImpl (LeaderState.java:addPendingRequest(317)) - s1@group-C7C5FA74E7D2-LeaderState: addPendingRequest at RaftClientRequest:client-FEA5FB227F38->s1@group-C7C5FA74E7D2, cid=37, seq=0, RW, Message:6d38, entry=(t:1, i:17), STATEMACHINELOGENTRY, client-FEA5FB227F38, cid=37
2019-09-26 09:46:50,428 DEBUG impl.RaftServerImpl (RaftServerImpl.java:logAppendEntries(850)) - s2@group-C7C5FA74E7D2: succeeded to handle AppendEntries. Reply: s1<-s2#0:OK,SUCCESS,nextIndex:17,term:1,followerCommit:15
2019-09-26 09:46:50,429 DEBUG impl.RaftServerImpl (RaftServerImpl.java:logAppendEntries(850)) - s2@group-C7C5FA74E7D2: receive appendEntries(s1, 1, (t:1, i:16), 15, false, commits[s1:c15, s0:c-1, s2:c15], entries: (t:1, i:17), STATEMACHINELOGENTRY, client-FEA5FB227F38, cid=37
2019-09-26 09:46:50,441 DEBUG impl.RaftServerImpl (RaftServerImpl.java:logAppendEntries(850)) - s2@group-C7C5FA74E7D2: succeeded to handle AppendEntries. Reply: s1<-s2#0:OK,SUCCESS,nextIndex:18,term:1,followerCommit:15
2019-09-26 09:46:50,442 DEBUG impl.RaftServerImpl (RaftServerImpl.java:logAppendEntries(850)) - s2@group-C7C5FA74E7D2: receive appendEntries(s1, 1, (t:1, i:17), 17, false, commits[s1:c17, s0:c-1, s2:c15], entries: (t:1, i:18), METADATAENTRY(c17)
2019-09-26 09:46:50,442 DEBUG impl.RaftServerImpl (RaftServerImpl.java:submitClientRequestAsync(533)) - s1@group-C7C5FA74E7D2: receive client request(RaftClientRequest:client-FEA5FB227F38->s1@group-C7C5FA74E7D2, cid=38, seq=0, RW, Message:6d39)
2019-09-26 09:46:50,443 DEBUG impl.RaftServerImpl (LeaderState.java:addPendingRequest(317)) - s1@group-C7C5FA74E7D2-LeaderState: addPendingRequest at RaftClientRequest:client-FEA5FB227F38->s1@group-C7C5FA74E7D2, cid=38, seq=0, RW, Message:6d39, entry=(t:1, i:19), STATEMACHINELOGENTRY, client-FEA5FB227F38, cid=38
2019-09-26 09:46:50,453 DEBUG impl.RaftServerImpl (RaftServerImpl.java:logAppendEntries(850)) - s2@group-C7C5FA74E7D2: succeeded to handle AppendEntries. Reply: s1<-s2#0:OK,SUCCESS,nextIndex:19,term:1,followerCommit:17
2019-09-26 09:46:50,454 DEBUG impl.RaftServerImpl (RaftServerImpl.java:logAppendEntries(850)) - s2@group-C7C5FA74E7D2: receive appendEntries(s1, 1, (t:1, i:18), 18, false, commits[s1:c18, s0:c-1, s2:c17], entries: (t:1, i:19), STATEMACHINELOGENTRY, client-FEA5FB227F38, cid=38
2019-09-26 09:46:50,466 DEBUG impl.RaftServerImpl (RaftServerImpl.java:logAppendEntries(850)) - s2@group-C7C5FA74E7D2: succeeded to handle AppendEntries. Reply: s1<-s2#0:OK,SUCCESS,nextIndex:20,term:1,followerCommit:18
2019-09-26 09:46:50,467 DEBUG impl.RaftServerImpl (RaftServerImpl.java:logAppendEntries(850)) - s2@group-C7C5FA74E7D2: receive appendEntries(s1, 1, (t:1, i:19), 19, false, commits[s1:c19, s0:c-1, s2:c18], entries: (t:1, i:20), METADATAENTRY(c19)
2019-09-26 09:46:50,467 DEBUG impl.RaftServerImpl (RaftServerImpl.java:submitClientRequestAsync(533)) - s1@group-C7C5FA74E7D2: receive client request(RaftClientRequest:client-FEA5FB227F38->s1@group-C7C5FA74E7D2, cid=39, seq=0, RW, Message:6d3130)
2019-09-26 09:46:50,468 DEBUG impl.RaftServerImpl (LeaderState.java:addPendingRequest(317)) - s1@group-C7C5FA74E7D2-LeaderState: addPendingRequest at RaftClientRequest:client-FEA5FB227F38->s1@group-C7C5FA74E7D2, cid=39, seq=0, RW, Message:6d3130, entry=(t:1, i:21), STATEMACHINELOGENTRY, client-FEA5FB227F38, cid=39
2019-09-26 09:46:50,478 DEBUG impl.RaftServerImpl (RaftServerImpl.java:logAppendEntries(850)) - s2@group-C7C5FA74E7D2: succeeded to handle AppendEntries. Reply: s1<-s2#0:OK,SUCCESS,nextIndex:21,term:1,followerCommit:19
2019-09-26 09:46:50,479 DEBUG impl.RaftServerImpl (RaftServerImpl.java:logAppendEntries(850)) - s2@group-C7C5FA74E7D2: receive appendEntries(s1, 1, (t:1, i:20), 20, false, commits[s1:c20, s0:c-1, s2:c19], entries: (t:1, i:21), STATEMACHINELOGENTRY, client-FEA5FB227F38, cid=39
2019-09-26 09:46:50,491 DEBUG impl.RaftServerImpl (RaftServerImpl.java:logAppendEntries(850)) - s2@group-C7C5FA74E7D2: succeeded to handle AppendEntries. Reply: s1<-s2#0:OK,SUCCESS,nextIndex:22,term:1,followerCommit:20
2019-09-26 09:46:50,492 DEBUG impl.RaftServerImpl (RaftServerImpl.java:logAppendEntries(850)) - s2@group-C7C5FA74E7D2: receive appendEntries(s1, 1, (t:1, i:21), 21, false, commits[s1:c21, s0:c-1, s2:c20], entries: (t:1, i:22), METADATAENTRY(c21)
2019-09-26 09:46:50,493 DEBUG impl.RaftServerImpl (RaftServerImpl.java:submitClientRequestAsync(533)) - s1@group-C7C5FA74E7D2: receive client request(RaftClientRequest:client-FEA5FB227F38->s1@group-C7C5FA74E7D2, cid=40, seq=0, RW, Message:6d3131)
2019-09-26 09:46:50,494 DEBUG impl.RaftServerImpl (LeaderState.java:addPendingRequest(317)) - s1@group-C7C5FA74E7D2-LeaderState: addPendingRequest at RaftClientRequest:client-FEA5FB227F38->s1@group-C7C5FA74E7D2, cid=40, seq=0, RW, Message:6d3131, entry=(t:1, i:23), STATEMACHINELOGENTRY, client-FEA5FB227F38, cid=40
2019-09-26 09:46:50,504 DEBUG impl.RaftServerImpl (RaftServerImpl.java:logAppendEntries(850)) - s2@group-C7C5FA74E7D2: succeeded to handle AppendEntries. Reply: s1<-s2#0:OK,SUCCESS,nextIndex:23,term:1,followerCommit:21
2019-09-26 09:46:50,505 DEBUG impl.RaftServerImpl (RaftServerImpl.java:logAppendEntries(850)) - s2@group-C7C5FA74E7D2: receive appendEntries(s1, 1, (t:1, i:22), 22, false, commits[s1:c22, s0:c-1, s2:c21], entries: (t:1, i:23), STATEMACHINELOGENTRY, client-FEA5FB227F38, cid=40
2019-09-26 09:46:50,517 DEBUG impl.RaftServerImpl (RaftServerImpl.java:logAppendEntries(850)) - s2@group-C7C5FA74E7D2: succeeded to handle AppendEntries. Reply: s1<-s2#0:OK,SUCCESS,nextIndex:24,term:1,followerCommit:22
2019-09-26 09:46:50,518 DEBUG impl.RaftServerImpl (RaftServerImpl.java:logAppendEntries(850)) - s2@group-C7C5FA74E7D2: receive appendEntries(s1, 1, (t:1, i:23), 23, false, commits[s1:c23, s0:c-1, s2:c22], entries: (t:1, i:24), METADATAENTRY(c23)
2019-09-26 09:46:50,518 DEBUG impl.RaftServerImpl (RaftServerImpl.java:submitClientRequestAsync(533)) - s1@group-C7C5FA74E7D2: receive client request(RaftClientRequest:client-FEA5FB227F38->s1@group-C7C5FA74E7D2, cid=41, seq=0, RW, Message:6d3132)
2019-09-26 09:46:50,519 DEBUG impl.RaftServerImpl (LeaderState.java:addPendingRequest(317)) - s1@group-C7C5FA74E7D2-LeaderState: addPendingRequest at RaftClientRequest:client-FEA5FB227F38->s1@group-C7C5FA74E7D2, cid=41, seq=0, RW, Message:6d3132, entry=(t:1, i:25), STATEMACHINELOGENTRY, client-FEA5FB227F38, cid=41
2019-09-26 09:46:50,529 DEBUG impl.RaftServerImpl (RaftServerImpl.java:logAppendEntries(850)) - s2@group-C7C5FA74E7D2: succeeded to handle AppendEntries. Reply: s1<-s2#0:OK,SUCCESS,nextIndex:25,term:1,followerCommit:23
2019-09-26 09:46:50,530 DEBUG impl.RaftServerImpl (RaftServerImpl.java:logAppendEntries(850)) - s2@group-C7C5FA74E7D2: receive appendEntries(s1, 1, (t:1, i:24), 24, false, commits[s1:c24, s0:c-1, s2:c23], entries: (t:1, i:25), STATEMACHINELOGENTRY, client-FEA5FB227F38, cid=41
2019-09-26 09:46:50,533 INFO  impl.LeaderElection (LeaderElection.java:logAndReturn(56)) - s0@group-C7C5FA74E7D2-LeaderElection30: Election TIMEOUT; received 0 response(s) [] and 0 exception(s); s0@group-C7C5FA74E7D2:t2, leader=null, voted=s0, raftlog=s0@group-C7C5FA74E7D2-SegmentedRaftLog:OPENED:c-1,f-1,i0, conf=-1: [s0:0.0.0.0:44467, s1:0.0.0.0:44114, s2:0.0.0.0:33497], old=null
2019-09-26 09:46:50,542 DEBUG impl.RaftServerImpl (RaftServerImpl.java:logAppendEntries(850)) - s2@group-C7C5FA74E7D2: succeeded to handle AppendEntries. Reply: s1<-s2#0:OK,SUCCESS,nextIndex:26,term:1,followerCommit:24
2019-09-26 09:46:50,544 DEBUG impl.RaftServerImpl (RaftServerImpl.java:logAppendEntries(850)) - s2@group-C7C5FA74E7D2: receive appendEntries(s1, 1, (t:1, i:25), 25, false, commits[s1:c25, s0:c-1, s2:c24], entries: (t:1, i:26), METADATAENTRY(c25)
2019-09-26 09:46:50,544 DEBUG impl.RaftServerImpl (RaftServerImpl.java:submitClientRequestAsync(533)) - s1@group-C7C5FA74E7D2: receive client request(RaftClientRequest:client-FEA5FB227F38->s1@group-C7C5FA74E7D2, cid=42, seq=0, RW, Message:6d3133)
2019-09-26 09:46:50,545 DEBUG impl.RaftServerImpl (LeaderState.java:addPendingRequest(317)) - s1@group-C7C5FA74E7D2-LeaderState: addPendingRequest at RaftClientRequest:client-FEA5FB227F38->s1@group-C7C5FA74E7D2, cid=42, seq=0, RW, Message:6d3133, entry=(t:1, i:27), STATEMACHINELOGENTRY, client-FEA5FB227F38, cid=42
2019-09-26 09:46:50,546 INFO  impl.LeaderElection (LeaderElection.java:askForVotes(178)) - s0@group-C7C5FA74E7D2-LeaderElection30: begin an election at term 3 for -1: [s0:0.0.0.0:44467, s1:0.0.0.0:44114, s2:0.0.0.0:33497], old=null
2019-09-26 09:46:50,557 DEBUG impl.RaftServerImpl (RaftServerImpl.java:logAppendEntries(850)) - s2@group-C7C5FA74E7D2: succeeded to handle AppendEntries. Reply: s1<-s2#0:OK,SUCCESS,nextIndex:27,term:1,followerCommit:25
2019-09-26 09:46:50,558 DEBUG impl.RaftServerImpl (RaftServerImpl.java:logAppendEntries(850)) - s2@group-C7C5FA74E7D2: receive appendEntries(s1, 1, (t:1, i:26), 26, false, commits[s1:c26, s0:c-1, s2:c25], entries: (t:1, i:27), STATEMACHINELOGENTRY, client-FEA5FB227F38, cid=42
2019-09-26 09:46:50,560 DEBUG impl.RaftServerImpl (RaftServerImpl.java:logAppendEntries(850)) - s2@group-C7C5FA74E7D2: succeeded to handle AppendEntries. Reply: s1<-s2#0:OK,SUCCESS,nextIndex:28,term:1,followerCommit:26
2019-09-26 09:46:50,561 DEBUG impl.RaftServerImpl (RaftServerImpl.java:logAppendEntries(850)) - s2@group-C7C5FA74E7D2: receive appendEntries(s1, 1, (t:1, i:27), 27, false, commits[s1:c27, s0:c-1, s2:c26], entries: (t:1, i:28), METADATAENTRY(c27)
2019-09-26 09:46:50,562 DEBUG impl.RaftServerImpl (RaftServerImpl.java:submitClientRequestAsync(533)) - s1@group-C7C5FA74E7D2: receive client request(RaftClientRequest:client-FEA5FB227F38->s1@group-C7C5FA74E7D2, cid=43, seq=0, RW, Message:6d3134)
2019-09-26 09:46:50,562 DEBUG impl.RaftServerImpl (LeaderState.java:addPendingRequest(317)) - s1@group-C7C5FA74E7D2-LeaderState: addPendingRequest at RaftClientRequest:client-FEA5FB227F38->s1@group-C7C5FA74E7D2, cid=43, seq=0, RW, Message:6d3134, entry=(t:1, i:29), STATEMACHINELOGENTRY, client-FEA5FB227F38, cid=43
2019-09-26 09:46:50,563 DEBUG impl.RaftServerImpl (RaftServerImpl.java:logAppendEntries(850)) - s2@group-C7C5FA74E7D2: succeeded to handle AppendEntries. Reply: s1<-s2#0:OK,SUCCESS,nextIndex:29,term:1,followerCommit:27
2019-09-26 09:46:50,564 DEBUG impl.RaftServerImpl (RaftServerImpl.java:logAppendEntries(850)) - s2@group-C7C5FA74E7D2: receive appendEntries(s1, 1, (t:1, i:28), 27, false, commits[s1:c27, s0:c-1, s2:c27], entries: (t:1, i:29), STATEMACHINELOGENTRY, client-FEA5FB227F38, cid=43
2019-09-26 09:46:50,566 DEBUG impl.RaftServerImpl (RaftServerImpl.java:logAppendEntries(850)) - s2@group-C7C5FA74E7D2: succeeded to handle AppendEntries. Reply: s1<-s2#0:OK,SUCCESS,nextIndex:30,term:1,followerCommit:27
2019-09-26 09:46:50,567 DEBUG impl.RaftServerImpl (RaftServerImpl.java:logAppendEntries(850)) - s2@group-C7C5FA74E7D2: receive appendEntries(s1, 1, (t:1, i:29), 29, false, commits[s1:c29, s0:c-1, s2:c27], entries: (t:1, i:30), METADATAENTRY(c29)
2019-09-26 09:46:50,568 DEBUG impl.RaftServerImpl (RaftServerImpl.java:submitClientRequestAsync(533)) - s1@group-C7C5FA74E7D2: receive client request(RaftClientRequest:client-FEA5FB227F38->s1@group-C7C5FA74E7D2, cid=44, seq=0, RW, Message:6d3135)
2019-09-26 09:46:50,568 DEBUG impl.RaftServerImpl (LeaderState.java:addPendingRequest(317)) - s1@group-C7C5FA74E7D2-LeaderState: addPendingRequest at RaftClientRequest:client-FEA5FB227F38->s1@group-C7C5FA74E7D2, cid=44, seq=0, RW, Message:6d3135, entry=(t:1, i:31), STATEMACHINELOGENTRY, client-FEA5FB227F38, cid=44
2019-09-26 09:46:50,569 DEBUG impl.RaftServerImpl (RaftServerImpl.java:logAppendEntries(850)) - s2@group-C7C5FA74E7D2: succeeded to handle AppendEntries. Reply: s1<-s2#0:OK,SUCCESS,nextIndex:31,term:1,followerCommit:29
2019-09-26 09:46:50,570 DEBUG impl.RaftServerImpl (RaftServerImpl.java:logAppendEntries(850)) - s2@group-C7C5FA74E7D2: receive appendEntries(s1, 1, (t:1, i:30), 30, false, commits[s1:c30, s0:c-1, s2:c29], entries: (t:1, i:31), STATEMACHINELOGENTRY, client-FEA5FB227F38, cid=44
2019-09-26 09:46:50,572 DEBUG impl.RaftServerImpl (RaftServerImpl.java:logAppendEntries(850)) - s2@group-C7C5FA74E7D2: succeeded to handle AppendEntries. Reply: s1<-s2#0:OK,SUCCESS,nextIndex:32,term:1,followerCommit:30
2019-09-26 09:46:50,573 DEBUG impl.RaftServerImpl (RaftServerImpl.java:logAppendEntries(850)) - s2@group-C7C5FA74E7D2: receive appendEntries(s1, 1, (t:1, i:31), 31, false, commits[s1:c31, s0:c-1, s2:c30], entries: (t:1, i:32), METADATAENTRY(c31)
2019-09-26 09:46:50,574 DEBUG impl.RaftServerImpl (RaftServerImpl.java:submitClientRequestAsync(533)) - s1@group-C7C5FA74E7D2: receive client request(RaftClientRequest:client-FEA5FB227F38->s1@group-C7C5FA74E7D2, cid=45, seq=0, RW, Message:6d3136)
2019-09-26 09:46:50,574 DEBUG impl.RaftServerImpl (LeaderState.java:addPendingRequest(317)) - s1@group-C7C5FA74E7D2-LeaderState: addPendingRequest at RaftClientRequest:client-FEA5FB227F38->s1@group-C7C5FA74E7D2, cid=45, seq=0, RW, Message:6d3136, entry=(t:1, i:33), STATEMACHINELOGENTRY, client-FEA5FB227F38, cid=45
2019-09-26 09:46:50,576 DEBUG impl.RaftServerImpl (RaftServerImpl.java:logAppendEntries(850)) - s2@group-C7C5FA74E7D2: succeeded to handle AppendEntries. Reply: s1<-s2#0:OK,SUCCESS,nextIndex:33,term:1,followerCommit:31
2019-09-26 09:46:50,576 DEBUG impl.RaftServerImpl (RaftServerImpl.java:logAppendEntries(850)) - s2@group-C7C5FA74E7D2: receive appendEntries(s1, 1, (t:1, i:32), 32, false, commits[s1:c32, s0:c-1, s2:c31], entries: (t:1, i:33), STATEMACHINELOGENTRY, client-FEA5FB227F38, cid=45
2019-09-26 09:46:50,579 DEBUG impl.RaftServerImpl (RaftServerImpl.java:logAppendEntries(850)) - s2@group-C7C5FA74E7D2: succeeded to handle AppendEntries. Reply: s1<-s2#0:OK,SUCCESS,nextIndex:34,term:1,followerCommit:32
2019-09-26 09:46:50,580 DEBUG impl.RaftServerImpl (RaftServerImpl.java:logAppendEntries(850)) - s2@group-C7C5FA74E7D2: receive appendEntries(s1, 1, (t:1, i:33), 33, false, commits[s1:c33, s0:c-1, s2:c32], entries: (t:1, i:34), METADATAENTRY(c33)
2019-09-26 09:46:50,580 DEBUG impl.RaftServerImpl (RaftServerImpl.java:submitClientRequestAsync(533)) - s1@group-C7C5FA74E7D2: receive client request(RaftClientRequest:client-FEA5FB227F38->s1@group-C7C5FA74E7D2, cid=46, seq=0, RW, Message:6d3137)
2019-09-26 09:46:50,581 DEBUG impl.RaftServerImpl (LeaderState.java:addPendingRequest(317)) - s1@group-C7C5FA74E7D2-LeaderState: addPendingRequest at RaftClientRequest:client-FEA5FB227F38->s1@group-C7C5FA74E7D2, cid=46, seq=0, RW, Message:6d3137, entry=(t:1, i:35), STATEMACHINELOGENTRY, client-FEA5FB227F38, cid=46
2019-09-26 09:46:50,582 DEBUG impl.RaftServerImpl (RaftServerImpl.java:logAppendEntries(850)) - s2@group-C7C5FA74E7D2: succeeded to handle AppendEntries. Reply: s1<-s2#0:OK,SUCCESS,nextIndex:35,term:1,followerCommit:33
2019-09-26 09:46:50,583 DEBUG impl.RaftServerImpl (RaftServerImpl.java:logAppendEntries(850)) - s2@group-C7C5FA74E7D2: receive appendEntries(s1, 1, (t:1, i:34), 34, false, commits[s1:c34, s0:c-1, s2:c33], entries: (t:1, i:35), STATEMACHINELOGENTRY, client-FEA5FB227F38, cid=46
2019-09-26 09:46:50,585 DEBUG impl.RaftServerImpl (RaftServerImpl.java:logAppendEntries(850)) - s2@group-C7C5FA74E7D2: succeeded to handle AppendEntries. Reply: s1<-s2#0:OK,SUCCESS,nextIndex:36,term:1,followerCommit:34
2019-09-26 09:46:50,586 DEBUG impl.RaftServerImpl (RaftServerImpl.java:logAppendEntries(850)) - s2@group-C7C5FA74E7D2: receive appendEntries(s1, 1, (t:1, i:35), 35, false, commits[s1:c35, s0:c-1, s2:c34], entries: (t:1, i:36), METADATAENTRY(c35)
2019-09-26 09:46:50,586 DEBUG impl.RaftServerImpl (RaftServerImpl.java:submitClientRequestAsync(533)) - s1@group-C7C5FA74E7D2: receive client request(RaftClientRequest:client-FEA5FB227F38->s1@group-C7C5FA74E7D2, cid=47, seq=0, RW, Message:6d3138)
2019-09-26 09:46:50,587 DEBUG impl.RaftServerImpl (LeaderState.java:addPendingRequest(317)) - s1@group-C7C5FA74E7D2-LeaderState: addPendingRequest at RaftClientRequest:client-FEA5FB227F38->s1@group-C7C5FA74E7D2, cid=47, seq=0, RW, Message:6d3138, entry=(t:1, i:37), STATEMACHINELOGENTRY, client-FEA5FB227F38, cid=47
2019-09-26 09:46:50,588 DEBUG impl.RaftServerImpl (RaftServerImpl.java:logAppendEntries(850)) - s2@group-C7C5FA74E7D2: succeeded to handle AppendEntries. Reply: s1<-s2#0:OK,SUCCESS,nextIndex:37,term:1,followerCommit:35
2019-09-26 09:46:50,589 DEBUG impl.RaftServerImpl (RaftServerImpl.java:logAppendEntries(850)) - s2@group-C7C5FA74E7D2: receive appendEntries(s1, 1, (t:1, i:36), 36, false, commits[s1:c36, s0:c-1, s2:c35], entries: (t:1, i:37), STATEMACHINELOGENTRY, client-FEA5FB227F38, cid=47
2019-09-26 09:46:50,591 DEBUG impl.RaftServerImpl (RaftServerImpl.java:logAppendEntries(850)) - s2@group-C7C5FA74E7D2: succeeded to handle AppendEntries. Reply: s1<-s2#0:OK,SUCCESS,nextIndex:38,term:1,followerCommit:36
2019-09-26 09:46:50,592 DEBUG impl.RaftServerImpl (RaftServerImpl.java:logAppendEntries(850)) - s2@group-C7C5FA74E7D2: receive appendEntries(s1, 1, (t:1, i:37), 37, false, commits[s1:c37, s0:c-1, s2:c36], entries: (t:1, i:38), METADATAENTRY(c37)
2019-09-26 09:46:50,592 DEBUG impl.RaftServerImpl (RaftServerImpl.java:submitClientRequestAsync(533)) - s1@group-C7C5FA74E7D2: receive client request(RaftClientRequest:client-FEA5FB227F38->s1@group-C7C5FA74E7D2, cid=48, seq=0, RW, Message:6d3139)
2019-09-26 09:46:50,593 DEBUG impl.RaftServerImpl (LeaderState.java:addPendingRequest(317)) - s1@group-C7C5FA74E7D2-LeaderState: addPendingRequest at RaftClientRequest:client-FEA5FB227F38->s1@group-C7C5FA74E7D2, cid=48, seq=0, RW, Message:6d3139, entry=(t:1, i:39), STATEMACHINELOGENTRY, client-FEA5FB227F38, cid=48
2019-09-26 09:46:50,595 DEBUG impl.RaftServerImpl (RaftServerImpl.java:logAppendEntries(850)) - s2@group-C7C5FA74E7D2: succeeded to handle AppendEntries. Reply: s1<-s2#0:OK,SUCCESS,nextIndex:39,term:1,followerCommit:37
2019-09-26 09:46:50,596 DEBUG impl.RaftServerImpl (RaftServerImpl.java:logAppendEntries(850)) - s2@group-C7C5FA74E7D2: receive appendEntries(s1, 1, (t:1, i:38), 37, false, commits[s1:c37, s0:c-1, s2:c37], entries: (t:1, i:39), STATEMACHINELOGENTRY, client-FEA5FB227F38, cid=48
2019-09-26 09:46:50,610 DEBUG impl.RaftServerImpl (RaftServerImpl.java:logAppendEntries(850)) - s2@group-C7C5FA74E7D2: succeeded to handle AppendEntries. Reply: s1<-s2#0:OK,SUCCESS,nextIndex:40,term:1,followerCommit:37
2019-09-26 09:46:50,614 DEBUG impl.RaftServerImpl (RaftServerImpl.java:logAppendEntries(850)) - s2@group-C7C5FA74E7D2: receive appendEntries(s1, 1, (t:1, i:39), 39, false, commits[s1:c39, s0:c-1, s2:c37], entries: (t:1, i:40), METADATAENTRY(c39)
2019-09-26 09:46:50,619 INFO  ratis.MiniRaftCluster (MiniRaftCluster.java:addNewPeers(403)) - Add new peers [s3, s4]
2019-09-26 09:46:50,620 INFO  ratis.MiniRaftCluster (MiniRaftCluster.java:newRaftServer(330)) - newRaftServer: s3, group-C7C5FA74E7D2:[s0:0.0.0.0:44467, s1:0.0.0.0:44114, s2:0.0.0.0:33497], format? true
2019-09-26 09:46:50,620 TRACE util.FileUtils (FileUtils.java:deleteFully(88)) - deleteFully target/test/data/bb022a74/MiniRaftClusterWithNettyb6b863ff/s3
2019-09-26 09:46:50,620 TRACE util.FileUtils (FileUtils.java:deleteFully(104)) - deleteFully: target/test/data/bb022a74/MiniRaftClusterWithNettyb6b863ff/s3 does not exist.
2019-09-26 09:46:50,620 INFO  ratis.MiniRaftCluster (MiniRaftCluster.java:newRaftServer(335)) - Formatted directory target/test/data/bb022a74/MiniRaftClusterWithNettyb6b863ff/s3
2019-09-26 09:46:50,623 INFO  impl.RaftServerProxy (ConfUtils.java:logGet(43)) - raft.rpc.type = NETTY (custom)
2019-09-26 09:46:50,624 INFO  netty.NettyConfigKeys$Server (ConfUtils.java:logGet(43)) - raft.netty.server.port = 33948 (custom)
2019-09-26 09:46:50,625 INFO  server.RaftServerConfigKeys (ConfUtils.java:logGet(43)) - raft.server.storage.dir = [/workdir/ratis-test/target/test/data/bb022a74/MiniRaftClusterWithNettyb6b863ff/s3] (custom)
2019-09-26 09:46:50,625 INFO  logging.LoggingHandler (AbstractInternalLogger.java:log(150)) - [id: 0x4ef62f12] REGISTERED
2019-09-26 09:46:50,626 INFO  logging.LoggingHandler (AbstractInternalLogger.java:log(150)) - [id: 0x4ef62f12] BIND: 0.0.0.0/0.0.0.0:33948
2019-09-26 09:46:50,626 INFO  impl.RaftServerProxy (RaftServerProxy.java:addNew(89)) - s3: addNew group-C7C5FA74E7D2:[s0:0.0.0.0:44467, s1:0.0.0.0:44114, s2:0.0.0.0:33497] returns group-C7C5FA74E7D2:java.util.concurrent.CompletableFuture@bb58037[Not completed]
2019-09-26 09:46:50,626 INFO  logging.LoggingHandler (AbstractInternalLogger.java:log(150)) - [id: 0x4ef62f12, L:/0.0.0.0:33948] ACTIVE
2019-09-26 09:46:50,627 INFO  ratis.MiniRaftCluster (MiniRaftCluster.java:newRaftServer(330)) - newRaftServer: s4, group-C7C5FA74E7D2:[s0:0.0.0.0:44467, s1:0.0.0.0:44114, s2:0.0.0.0:33497], format? true
2019-09-26 09:46:50,627 TRACE util.FileUtils (FileUtils.java:deleteFully(88)) - deleteFully target/test/data/bb022a74/MiniRaftClusterWithNettyb6b863ff/s4
2019-09-26 09:46:50,627 TRACE util.FileUtils (FileUtils.java:deleteFully(104)) - deleteFully: target/test/data/bb022a74/MiniRaftClusterWithNettyb6b863ff/s4 does not exist.
2019-09-26 09:46:50,627 INFO  ratis.MiniRaftCluster (MiniRaftCluster.java:newRaftServer(335)) - Formatted directory target/test/data/bb022a74/MiniRaftClusterWithNettyb6b863ff/s4
2019-09-26 09:46:50,627 INFO  impl.RaftServerImpl (RaftServerImpl.java:<init>(95)) - s3: new RaftServerImpl for group-C7C5FA74E7D2:[s0:0.0.0.0:44467, s1:0.0.0.0:44114, s2:0.0.0.0:33497] with BaseStateMachine:uninitialized
2019-09-26 09:46:50,628 INFO  impl.RaftServerProxy (ConfUtils.java:logGet(43)) - raft.rpc.type = NETTY (custom)
2019-09-26 09:46:50,629 INFO  server.RaftServerConfigKeys (ConfUtils.java:logGet(43)) - raft.server.rpc.timeout.min = 150ms (default)
2019-09-26 09:46:50,629 INFO  server.RaftServerConfigKeys (ConfUtils.java:logGet(43)) - raft.server.rpc.timeout.max = 300ms (default)
2019-09-26 09:46:50,629 INFO  server.RaftServerConfigKeys (ConfUtils.java:logGet(43)) - raft.server.rpcslowness.timeout = 60s (default)
2019-09-26 09:46:50,629 INFO  server.RaftServerConfigKeys (ConfUtils.java:logGet(43)) - raft.server.sleep.deviation.threshold = 300 (default)
2019-09-26 09:46:50,629 INFO  server.RaftServerConfigKeys (ConfUtils.java:logGet(43)) - raft.server.log.appender.install.snapshot.enabled = true (default)
2019-09-26 09:46:50,630 INFO  impl.RaftServerImpl (ServerState.java:<init>(103)) - s3@group-C7C5FA74E7D2: ConfigurationManager, init=-1: [s0:0.0.0.0:44467, s1:0.0.0.0:44114, s2:0.0.0.0:33497], old=null, confs=<EMPTY_MAP>
2019-09-26 09:46:50,630 INFO  server.RaftServerConfigKeys (ConfUtils.java:logGet(43)) - raft.server.storage.dir = [/workdir/ratis-test/target/test/data/bb022a74/MiniRaftClusterWithNettyb6b863ff/s3] (custom)
2019-09-26 09:46:50,630 INFO  netty.NettyConfigKeys$Server (ConfUtils.java:logGet(43)) - raft.netty.server.port = 39947 (custom)
2019-09-26 09:46:50,630 INFO  server.RaftServerConfigKeys (ConfUtils.java:logGet(43)) - raft.server.log.corruption.policy = EXCEPTION (default)
2019-09-26 09:46:50,631 INFO  storage.RaftStorageDirectory (RaftStorageDirectory.java:analyzeStorage(246)) - The storage directory /workdir/ratis-test/target/test/data/bb022a74/MiniRaftClusterWithNettyb6b863ff/s3/6c8c0f0c-aad7-47a1-9364-c7c5fa74e7d2 does not exist. Creating ...
2019-09-26 09:46:50,631 INFO  server.RaftServerConfigKeys (ConfUtils.java:logGet(43)) - raft.server.storage.dir = [/workdir/ratis-test/target/test/data/bb022a74/MiniRaftClusterWithNettyb6b863ff/s4] (custom)
2019-09-26 09:46:50,631 INFO  logging.LoggingHandler (AbstractInternalLogger.java:log(150)) - [id: 0x9afe21cc] REGISTERED
2019-09-26 09:46:50,631 INFO  logging.LoggingHandler (AbstractInternalLogger.java:log(150)) - [id: 0x9afe21cc] BIND: 0.0.0.0/0.0.0.0:39947
2019-09-26 09:46:50,631 INFO  impl.RaftServerProxy (RaftServerProxy.java:addNew(89)) - s4: addNew group-C7C5FA74E7D2:[s0:0.0.0.0:44467, s1:0.0.0.0:44114, s2:0.0.0.0:33497] returns group-C7C5FA74E7D2:java.util.concurrent.CompletableFuture@3eabc870[Not completed]
2019-09-26 09:46:50,631 TRACE util.FileUtils (LogUtils.java:runAndLog(61)) - Successfully ran Files.createDirectories /workdir/ratis-test/target/test/data/bb022a74/MiniRaftClusterWithNettyb6b863ff/s3/6c8c0f0c-aad7-47a1-9364-c7c5fa74e7d2
2019-09-26 09:46:50,631 INFO  logging.LoggingHandler (AbstractInternalLogger.java:log(150)) - [id: 0x9afe21cc, L:/0.0.0.0:39947] ACTIVE
2019-09-26 09:46:50,632 DEBUG impl.RaftServerImpl (RaftServerImpl.java:logAppendEntries(850)) - s2@group-C7C5FA74E7D2: succeeded to handle AppendEntries. Reply: s1<-s2#0:OK,SUCCESS,nextIndex:41,term:1,followerCommit:39
2019-09-26 09:46:50,632 INFO  impl.RaftServerImpl (RaftServerImpl.java:<init>(95)) - s4: new RaftServerImpl for group-C7C5FA74E7D2:[s0:0.0.0.0:44467, s1:0.0.0.0:44114, s2:0.0.0.0:33497] with BaseStateMachine:uninitialized
2019-09-26 09:46:50,634 INFO  server.RaftServerConfigKeys (ConfUtils.java:logGet(43)) - raft.server.rpc.timeout.min = 150ms (default)
2019-09-26 09:46:50,634 INFO  server.RaftServerConfigKeys (ConfUtils.java:logGet(43)) - raft.server.rpc.timeout.max = 300ms (default)
2019-09-26 09:46:50,634 INFO  server.RaftServerConfigKeys (ConfUtils.java:logGet(43)) - raft.server.rpcslowness.timeout = 60s (default)
2019-09-26 09:46:50,634 INFO  server.RaftServerConfigKeys (ConfUtils.java:logGet(43)) - raft.server.sleep.deviation.threshold = 300 (default)
2019-09-26 09:46:50,634 INFO  server.RaftServerConfigKeys (ConfUtils.java:logGet(43)) - raft.server.log.appender.install.snapshot.enabled = true (default)
2019-09-26 09:46:50,634 INFO  impl.RaftServerImpl (ServerState.java:<init>(103)) - s4@group-C7C5FA74E7D2: ConfigurationManager, init=-1: [s0:0.0.0.0:44467, s1:0.0.0.0:44114, s2:0.0.0.0:33497], old=null, confs=<EMPTY_MAP>
2019-09-26 09:46:50,635 INFO  server.RaftServerConfigKeys (ConfUtils.java:logGet(43)) - raft.server.storage.dir = [/workdir/ratis-test/target/test/data/bb022a74/MiniRaftClusterWithNettyb6b863ff/s4] (custom)
2019-09-26 09:46:50,635 INFO  server.RaftServerConfigKeys (ConfUtils.java:logGet(43)) - raft.server.log.corruption.policy = EXCEPTION (default)
2019-09-26 09:46:50,635 INFO  storage.RaftStorageDirectory (RaftStorageDirectory.java:analyzeStorage(246)) - The storage directory /workdir/ratis-test/target/test/data/bb022a74/MiniRaftClusterWithNettyb6b863ff/s4/6c8c0f0c-aad7-47a1-9364-c7c5fa74e7d2 does not exist. Creating ...
2019-09-26 09:46:50,636 TRACE util.FileUtils (LogUtils.java:runAndLog(61)) - Successfully ran Files.createDirectories /workdir/ratis-test/target/test/data/bb022a74/MiniRaftClusterWithNettyb6b863ff/s4/6c8c0f0c-aad7-47a1-9364-c7c5fa74e7d2
2019-09-26 09:46:50,653 INFO  storage.RaftStorageDirectory (RaftStorageDirectory.java:tryLock(328)) - Lock on /workdir/ratis-test/target/test/data/bb022a74/MiniRaftClusterWithNettyb6b863ff/s4/6c8c0f0c-aad7-47a1-9364-c7c5fa74e7d2/in_use.lock acquired by nodename 3395@ratis-test-kn96w-682825239
2019-09-26 09:46:50,654 INFO  storage.RaftStorageDirectory (RaftStorageDirectory.java:tryLock(328)) - Lock on /workdir/ratis-test/target/test/data/bb022a74/MiniRaftClusterWithNettyb6b863ff/s3/6c8c0f0c-aad7-47a1-9364-c7c5fa74e7d2/in_use.lock acquired by nodename 3395@ratis-test-kn96w-682825239
2019-09-26 09:46:50,654 TRACE util.FileUtils (LogUtils.java:runAndLog(61)) - Successfully ran Files.createDirectories /workdir/ratis-test/target/test/data/bb022a74/MiniRaftClusterWithNettyb6b863ff/s4/6c8c0f0c-aad7-47a1-9364-c7c5fa74e7d2/current
2019-09-26 09:46:50,654 TRACE util.FileUtils (LogUtils.java:runAndLog(61)) - Successfully ran Files.createDirectories /workdir/ratis-test/target/test/data/bb022a74/MiniRaftClusterWithNettyb6b863ff/s3/6c8c0f0c-aad7-47a1-9364-c7c5fa74e7d2/current
2019-09-26 09:46:50,654 TRACE util.FileUtils (LogUtils.java:runAndLog(61)) - Successfully ran Files.createDirectories /workdir/ratis-test/target/test/data/bb022a74/MiniRaftClusterWithNettyb6b863ff/s4/6c8c0f0c-aad7-47a1-9364-c7c5fa74e7d2/sm
2019-09-26 09:46:50,654 TRACE util.FileUtils (LogUtils.java:runAndLog(61)) - Successfully ran Files.createDirectories /workdir/ratis-test/target/test/data/bb022a74/MiniRaftClusterWithNettyb6b863ff/s3/6c8c0f0c-aad7-47a1-9364-c7c5fa74e7d2/sm
2019-09-26 09:46:50,664 INFO  storage.RaftStorage (RaftStorage.java:format(84)) - Storage directory /workdir/ratis-test/target/test/data/bb022a74/MiniRaftClusterWithNettyb6b863ff/s4/6c8c0f0c-aad7-47a1-9364-c7c5fa74e7d2 has been successfully formatted.
2019-09-26 09:46:50,664 INFO  storage.RaftStorage (RaftStorage.java:format(84)) - Storage directory /workdir/ratis-test/target/test/data/bb022a74/MiniRaftClusterWithNettyb6b863ff/s3/6c8c0f0c-aad7-47a1-9364-c7c5fa74e7d2 has been successfully formatted.
2019-09-26 09:46:50,665 INFO  server.RaftServerConfigKeys (ConfUtils.java:logGet(43)) - raft.server.notification.no-leader.timeout = 60s (default)
2019-09-26 09:46:50,665 INFO  server.RaftServerConfigKeys (ConfUtils.java:logGet(43)) - raft.server.notification.no-leader.timeout = 60s (default)
2019-09-26 09:46:50,665 INFO  server.RaftServerConfigKeys (ConfUtils.java:logGet(43)) - raft.server.log.use.memory = false (default)
2019-09-26 09:46:50,665 INFO  server.RaftServerConfigKeys (ConfUtils.java:logGet(43)) - raft.server.log.use.memory = false (default)
2019-09-26 09:46:50,665 INFO  server.RaftServerConfigKeys (ConfUtils.java:logGet(43)) - raft.server.log.purge.gap = 1024 (default)
2019-09-26 09:46:50,666 INFO  server.RaftServerConfigKeys (ConfUtils.java:logGet(43)) - raft.server.log.purge.gap = 1024 (default)
2019-09-26 09:46:50,666 INFO  server.RaftServerConfigKeys (ConfUtils.java:logGet(43)) - raft.server.log.appender.buffer.byte-limit = 4MB (=4194304) (default)
2019-09-26 09:46:50,666 INFO  server.RaftServerConfigKeys (ConfUtils.java:logGet(43)) - raft.server.log.appender.buffer.byte-limit = 4MB (=4194304) (default)
2019-09-26 09:46:50,666 INFO  server.RaftServerConfigKeys (ConfUtils.java:logGet(43)) - raft.server.log.segment.size.max = 8MB (=8388608) (default)
2019-09-26 09:46:50,666 INFO  server.RaftServerConfigKeys (ConfUtils.java:logGet(43)) - raft.server.log.segment.size.max = 8MB (=8388608) (default)
2019-09-26 09:46:50,666 INFO  server.RaftServerConfigKeys (ConfUtils.java:logGet(43)) - raft.server.log.segment.cache.num.max = 6 (default)
2019-09-26 09:46:50,666 INFO  server.RaftServerConfigKeys (ConfUtils.java:logGet(43)) - raft.server.log.segment.cache.num.max = 6 (default)
2019-09-26 09:46:50,667 INFO  segmented.SegmentedRaftLogWorker (SegmentedRaftLogWorker.java:<init>(172)) - new s4@group-C7C5FA74E7D2-SegmentedRaftLogWorker for RaftStorage:Storage Directory /workdir/ratis-test/target/test/data/bb022a74/MiniRaftClusterWithNettyb6b863ff/s4/6c8c0f0c-aad7-47a1-9364-c7c5fa74e7d2
2019-09-26 09:46:50,667 INFO  segmented.SegmentedRaftLogWorker (SegmentedRaftLogWorker.java:<init>(172)) - new s3@group-C7C5FA74E7D2-SegmentedRaftLogWorker for RaftStorage:Storage Directory /workdir/ratis-test/target/test/data/bb022a74/MiniRaftClusterWithNettyb6b863ff/s3/6c8c0f0c-aad7-47a1-9364-c7c5fa74e7d2
2019-09-26 09:46:50,667 INFO  server.RaftServerConfigKeys (ConfUtils.java:logGet(43)) - raft.server.log.queue.byte-limit = 64MB (=67108864) (default)
2019-09-26 09:46:50,667 INFO  server.RaftServerConfigKeys (ConfUtils.java:logGet(43)) - raft.server.log.queue.byte-limit = 64MB (=67108864) (default)
2019-09-26 09:46:50,667 INFO  server.RaftServerConfigKeys (ConfUtils.java:logGet(43)) - raft.server.log.queue.element-limit = 4096 (default)
2019-09-26 09:46:50,667 INFO  server.RaftServerConfigKeys (ConfUtils.java:logGet(43)) - raft.server.log.queue.element-limit = 4096 (default)
2019-09-26 09:46:50,668 INFO  server.RaftServerConfigKeys (ConfUtils.java:logGet(43)) - raft.server.log.segment.size.max = 8MB (=8388608) (default)
2019-09-26 09:46:50,668 INFO  server.RaftServerConfigKeys (ConfUtils.java:logGet(43)) - raft.server.log.segment.size.max = 8MB (=8388608) (default)
2019-09-26 09:46:50,668 INFO  server.RaftServerConfigKeys (ConfUtils.java:logGet(43)) - raft.server.log.preallocated.size = 4MB (=4194304) (default)
2019-09-26 09:46:50,668 INFO  server.RaftServerConfigKeys (ConfUtils.java:logGet(43)) - raft.server.log.write.buffer.size = 64KB (=65536) (default)
2019-09-26 09:46:50,668 INFO  server.RaftServerConfigKeys (ConfUtils.java:logGet(43)) - raft.server.log.preallocated.size = 4MB (=4194304) (default)
2019-09-26 09:46:50,668 INFO  server.RaftServerConfigKeys (ConfUtils.java:logGet(43)) - raft.server.log.force.sync.num = 128 (default)
2019-09-26 09:46:50,669 INFO  server.RaftServerConfigKeys (ConfUtils.java:logGet(43)) - raft.server.log.write.buffer.size = 64KB (=65536) (default)
2019-09-26 09:46:50,669 INFO  server.RaftServerConfigKeys (ConfUtils.java:logGet(43)) - raft.server.log.statemachine.data.sync = true (default)
2019-09-26 09:46:50,669 INFO  server.RaftServerConfigKeys (ConfUtils.java:logGet(43)) - raft.server.log.force.sync.num = 128 (default)
2019-09-26 09:46:50,669 INFO  server.RaftServerConfigKeys (ConfUtils.java:logGet(43)) - raft.server.log.statemachine.data.sync.timeout = 10s (default)
2019-09-26 09:46:50,669 INFO  server.RaftServerConfigKeys (ConfUtils.java:logGet(43)) - raft.server.log.statemachine.data.sync = true (default)
2019-09-26 09:46:50,669 INFO  server.RaftServerConfigKeys (ConfUtils.java:logGet(43)) - raft.server.log.statemachine.data.sync.timeout.retry = -1 (default)
2019-09-26 09:46:50,670 INFO  server.RaftServerConfigKeys (ConfUtils.java:logGet(43)) - raft.server.log.statemachine.data.sync.timeout = 10s (default)
2019-09-26 09:46:50,670 INFO  server.RaftServerConfigKeys (ConfUtils.java:logGet(43)) - raft.server.log.statemachine.data.caching.enabled = false (default)
2019-09-26 09:46:50,670 INFO  server.RaftServerConfigKeys (ConfUtils.java:logGet(43)) - raft.server.log.statemachine.data.sync.timeout.retry = -1 (default)
2019-09-26 09:46:50,670 INFO  server.RaftServerConfigKeys (ConfUtils.java:logGet(43)) - raft.server.log.statemachine.data.caching.enabled = false (default)
2019-09-26 09:46:50,670 INFO  segmented.SegmentedRaftLogWorker (SegmentedRaftLogWorker.java:lambda$new$0(132)) - s4@group-C7C5FA74E7D2-SegmentedRaftLogWorker: flushIndex: setUnconditionally 0 -> -1
2019-09-26 09:46:50,671 INFO  segmented.SegmentedRaftLogWorker (SegmentedRaftLogWorker.java:lambda$new$0(132)) - s3@group-C7C5FA74E7D2-SegmentedRaftLogWorker: flushIndex: setUnconditionally 0 -> -1
2019-09-26 09:46:50,671 INFO  server.RaftServerConfigKeys (ConfUtils.java:logGet(43)) - raft.server.snapshot.auto.trigger.enabled = false (default)
2019-09-26 09:46:50,671 INFO  server.RaftServerConfigKeys (ConfUtils.java:logGet(43)) - raft.server.snapshot.retention.file.num = -1 (default)
2019-09-26 09:46:50,671 INFO  server.RaftServerConfigKeys (ConfUtils.java:logGet(43)) - raft.server.retrycache.expirytime = 60s (default)
2019-09-26 09:46:50,671 INFO  server.RaftServerConfigKeys (ConfUtils.java:logGet(43)) - raft.server.snapshot.auto.trigger.enabled = false (default)
2019-09-26 09:46:50,671 INFO  server.RaftServerConfigKeys (ConfUtils.java:logGet(43)) - raft.server.snapshot.retention.file.num = -1 (default)
2019-09-26 09:46:50,671 INFO  server.RaftServerConfigKeys (ConfUtils.java:logGet(43)) - raft.server.retrycache.expirytime = 60s (default)
2019-09-26 09:46:50,676 INFO  impl.RaftServerImpl (RaftServerImpl.java:start(184)) - s3@group-C7C5FA74E7D2: start with initializing state, conf=-1: [s0:0.0.0.0:44467, s1:0.0.0.0:44114, s2:0.0.0.0:33497], old=null
2019-09-26 09:46:50,676 INFO  impl.RaftServerImpl (RaftServerImpl.java:setRole(170)) - s3@group-C7C5FA74E7D2: changes role from      null to FOLLOWER at term 0 for startInitializing
2019-09-26 09:46:50,677 INFO  util.JmxRegister (JmxRegister.java:tryRegister(44)) - Successfully registered JMX Bean with object name Ratis:service=RaftServer,group=group-C7C5FA74E7D2,id=s3
2019-09-26 09:46:50,679 INFO  impl.RaftServerProxy (RaftServerProxy.java:lambda$start$3(299)) - s3: start RPC server
2019-09-26 09:46:50,681 INFO  impl.RaftServerImpl (RaftServerImpl.java:start(184)) - s4@group-C7C5FA74E7D2: start with initializing state, conf=-1: [s0:0.0.0.0:44467, s1:0.0.0.0:44114, s2:0.0.0.0:33497], old=null
2019-09-26 09:46:50,681 INFO  impl.RaftServerImpl (RaftServerImpl.java:setRole(170)) - s4@group-C7C5FA74E7D2: changes role from      null to FOLLOWER at term 0 for startInitializing
2019-09-26 09:46:50,681 INFO  util.JmxRegister (JmxRegister.java:tryRegister(44)) - Successfully registered JMX Bean with object name Ratis:service=RaftServer,group=group-C7C5FA74E7D2,id=s4
2019-09-26 09:46:50,683 INFO  impl.RaftServerProxy (RaftServerProxy.java:lambda$start$3(299)) - s4: start RPC server
2019-09-26 09:46:50,684 INFO  netty.TestRaftReconfigurationWithNetty (RaftReconfigurationBaseTest.java:lambda$runTestReconfTwice$4(161)) - Start changing the configuration: [s3:0.0.0.0:33948, s4:0.0.0.0:39947, s0:0.0.0.0:44467, s1:0.0.0.0:44114, s2:0.0.0.0:33497]
2019-09-26 09:46:50,684 INFO  impl.RaftServerImpl (RaftServerImpl.java:setConfigurationAsync(658)) - s1@group-C7C5FA74E7D2: receive setConfiguration SetConfigurationRequest:client-FEA5FB227F38->s1@group-C7C5FA74E7D2, cid=49, seq=0, RW, null, peers:[s3:0.0.0.0:33948, s4:0.0.0.0:39947, s0:0.0.0.0:44467, s1:0.0.0.0:44114, s2:0.0.0.0:33497]
2019-09-26 09:46:50,685 INFO  impl.RaftServerImpl (LeaderState.java:startSetConfiguration(287)) - s1@group-C7C5FA74E7D2-LeaderState: startSetConfiguration SetConfigurationRequest:client-FEA5FB227F38->s1@group-C7C5FA74E7D2, cid=49, seq=0, RW, null, peers:[s3:0.0.0.0:33948, s4:0.0.0.0:39947, s0:0.0.0.0:44467, s1:0.0.0.0:44114, s2:0.0.0.0:33497]
2019-09-26 09:46:50,685 INFO  server.RaftServerConfigKeys (ConfUtils.java:logGet(43)) - raft.server.log.appender.snapshot.chunk.size.max = 16MB (=16777216) (default)
2019-09-26 09:46:50,685 INFO  server.RaftServerConfigKeys (ConfUtils.java:logGet(43)) - raft.server.log.appender.buffer.byte-limit = 4MB (=4194304) (default)
2019-09-26 09:46:50,686 INFO  server.RaftServerConfigKeys (ConfUtils.java:logGet(43)) - raft.server.log.appender.buffer.element-limit = 0 (default)
2019-09-26 09:46:50,686 INFO  server.RaftServerConfigKeys (ConfUtils.java:logGet(43)) - raft.server.log.appender.snapshot.chunk.size.max = 16MB (=16777216) (default)
2019-09-26 09:46:50,687 INFO  server.RaftServerConfigKeys (ConfUtils.java:logGet(43)) - raft.server.log.appender.buffer.byte-limit = 4MB (=4194304) (default)
2019-09-26 09:46:50,687 INFO  server.RaftServerConfigKeys (ConfUtils.java:logGet(43)) - raft.server.log.appender.buffer.element-limit = 0 (default)
2019-09-26 09:46:50,689 INFO  logging.LoggingHandler (AbstractInternalLogger.java:log(150)) - [id: 0x4ef62f12, L:/0.0.0.0:33948] READ: [id: 0xb1b7bf9e, L:/192.168.30.59:33948 - R:/192.168.30.59:32772]
2019-09-26 09:46:50,689 INFO  logging.LoggingHandler (AbstractInternalLogger.java:log(150)) - [id: 0x9afe21cc, L:/0.0.0.0:39947] READ: [id: 0x23e522dc, L:/192.168.30.59:39947 - R:/192.168.30.59:37974]
2019-09-26 09:46:50,690 INFO  logging.LoggingHandler (AbstractInternalLogger.java:log(150)) - [id: 0x4ef62f12, L:/0.0.0.0:33948] READ COMPLETE
2019-09-26 09:46:50,690 INFO  logging.LoggingHandler (AbstractInternalLogger.java:log(150)) - [id: 0x9afe21cc, L:/0.0.0.0:39947] READ COMPLETE
2019-09-26 09:46:50,699 INFO  impl.RaftServerImpl (ServerState.java:setLeader(254)) - s3@group-C7C5FA74E7D2: change Leader from null to s1 at term 1 for appendEntries, leader elected after 34ms
2019-09-26 09:46:50,699 INFO  impl.RaftServerImpl (ServerState.java:setLeader(254)) - s4@group-C7C5FA74E7D2: change Leader from null to s1 at term 1 for appendEntries, leader elected after 34ms
2019-09-26 09:46:50,700 INFO  impl.RaftServerImpl (RaftServerImpl.java:checkInconsistentAppendEntries(999)) - s3@group-C7C5FA74E7D2: Failed appendEntries as previous log entry ((t:1, i:40)) is not found
2019-09-26 09:46:50,700 INFO  impl.RaftServerImpl (RaftServerImpl.java:checkInconsistentAppendEntries(999)) - s4@group-C7C5FA74E7D2: Failed appendEntries as previous log entry ((t:1, i:40)) is not found
2019-09-26 09:46:50,700 INFO  impl.RaftServerImpl (RaftServerImpl.java:checkInconsistentAppendEntries(972)) - s3@group-C7C5FA74E7D2: inconsistency entries. Reply:s1<-s3#0:FAIL,INCONSISTENCY,nextIndex:1,term:0,followerCommit:-1
2019-09-26 09:46:50,701 INFO  impl.RaftServerImpl (RaftServerImpl.java:checkInconsistentAppendEntries(972)) - s4@group-C7C5FA74E7D2: inconsistency entries. Reply:s1<-s4#0:FAIL,INCONSISTENCY,nextIndex:1,term:0,followerCommit:-1
2019-09-26 09:46:50,701 INFO  impl.FollowerInfo (FollowerInfo.java:lambda$new$0(51)) - s1@group-C7C5FA74E7D2->s3: nextIndex: updateUnconditionally 41 -> 1
2019-09-26 09:46:50,701 INFO  impl.FollowerInfo (FollowerInfo.java:lambda$new$0(51)) - s1@group-C7C5FA74E7D2->s4: nextIndex: updateUnconditionally 41 -> 1
2019-09-26 09:46:50,703 DEBUG impl.RaftServerImpl (RaftServerImpl.java:logAppendEntries(850)) - s3@group-C7C5FA74E7D2: receive appendEntries(s1, 1, (t:1, i:0), 40, true, commits[s1:c40, s0:c-1, s2:c39, s3:c-1, s4:c-1], entries: [(t:1, i:1), STATEMACHINELOGENTRY, client-FEA5FB227F38, cid=29, (t:1, i:2), METADATAENTRY(c1), (t:1, i:3), STATEMACHINELOGENTRY, client-FEA5FB227F38, cid=30, (t:1, i:4), METADATAENTRY(c3), (t:1, i:5), STATEMACHINELOGENTRY, client-FEA5FB227F38, cid=31, (t:1, i:6), METADATAENTRY(c5), (t:1, i:7), STATEMACHINELOGENTRY, client-FEA5FB227F38, cid=32, (t:1, i:8), METADATAENTRY(c7), (t:1, i:9), STATEMACHINELOGENTRY, client-FEA5FB227F38, cid=33, (t:1, i:10), METADATAENTRY(c9), (t:1, i:11), STATEMACHINELOGENTRY, client-FEA5FB227F38, cid=34, (t:1, i:12), METADATAENTRY(c11), (t:1, i:13), STATEMACHINELOGENTRY, client-FEA5FB227F38, cid=35, (t:1, i:14), METADATAENTRY(c13), (t:1, i:15), STATEMACHINELOGENTRY, client-FEA5FB227F38, cid=36, (t:1, i:16), METADATAENTRY(c15), (t:1, i:17), STATEMACHINELOGENTRY, client-FEA5FB227F38, cid=37, (t:1, i:18), METADATAENTRY(c17), (t:1, i:19), STATEMACHINELOGENTRY, client-FEA5FB227F38, cid=38, (t:1, i:20), METADATAENTRY(c19), (t:1, i:21), STATEMACHINELOGENTRY, client-FEA5FB227F38, cid=39, (t:1, i:22), METADATAENTRY(c21), (t:1, i:23), STATEMACHINELOGENTRY, client-FEA5FB227F38, cid=40, (t:1, i:24), METADATAENTRY(c23), (t:1, i:25), STATEMACHINELOGENTRY, client-FEA5FB227F38, cid=41, (t:1, i:26), METADATAENTRY(c25), (t:1, i:27), STATEMACHINELOGENTRY, client-FEA5FB227F38, cid=42, (t:1, i:28), METADATAENTRY(c27), (t:1, i:29), STATEMACHINELOGENTRY, client-FEA5FB227F38, cid=43, (t:1, i:30), METADATAENTRY(c29), (t:1, i:31), STATEMACHINELOGENTRY, client-FEA5FB227F38, cid=44, (t:1, i:32), METADATAENTRY(c31), (t:1, i:33), STATEMACHINELOGENTRY, client-FEA5FB227F38, cid=45, (t:1, i:34), METADATAENTRY(c33), (t:1, i:35), STATEMACHINELOGENTRY, client-FEA5FB227F38, cid=46, (t:1, i:36), METADATAENTRY(c35), (t:1, i:37), STATEMACHINELOGENTRY, client-FEA5FB227F38, cid=47, (t:1, i:38), METADATAENTRY(c37), (t:1, i:39), STATEMACHINELOGENTRY, client-FEA5FB227F38, cid=48, (t:1, i:40), METADATAENTRY(c39)]
2019-09-26 09:46:50,704 INFO  impl.RaftServerImpl (RaftServerImpl.java:checkInconsistentAppendEntries(999)) - s3@group-C7C5FA74E7D2: Failed appendEntries as previous log entry ((t:1, i:0)) is not found
2019-09-26 09:46:50,703 DEBUG impl.RaftServerImpl (RaftServerImpl.java:logAppendEntries(850)) - s4@group-C7C5FA74E7D2: receive appendEntries(s1, 1, (t:1, i:0), 40, true, commits[s1:c40, s0:c-1, s2:c39, s3:c-1, s4:c-1], entries: [(t:1, i:1), STATEMACHINELOGENTRY, client-FEA5FB227F38, cid=29, (t:1, i:2), METADATAENTRY(c1), (t:1, i:3), STATEMACHINELOGENTRY, client-FEA5FB227F38, cid=30, (t:1, i:4), METADATAENTRY(c3), (t:1, i:5), STATEMACHINELOGENTRY, client-FEA5FB227F38, cid=31, (t:1, i:6), METADATAENTRY(c5), (t:1, i:7), STATEMACHINELOGENTRY, client-FEA5FB227F38, cid=32, (t:1, i:8), METADATAENTRY(c7), (t:1, i:9), STATEMACHINELOGENTRY, client-FEA5FB227F38, cid=33, (t:1, i:10), METADATAENTRY(c9), (t:1, i:11), STATEMACHINELOGENTRY, client-FEA5FB227F38, cid=34, (t:1, i:12), METADATAENTRY(c11), (t:1, i:13), STATEMACHINELOGENTRY, client-FEA5FB227F38, cid=35, (t:1, i:14), METADATAENTRY(c13), (t:1, i:15), STATEMACHINELOGENTRY, client-FEA5FB227F38, cid=36, (t:1, i:16), METADATAENTRY(c15), (t:1, i:17), STATEMACHINELOGENTRY, client-FEA5FB227F38, cid=37, (t:1, i:18), METADATAENTRY(c17), (t:1, i:19), STATEMACHINELOGENTRY, client-FEA5FB227F38, cid=38, (t:1, i:20), METADATAENTRY(c19), (t:1, i:21), STATEMACHINELOGENTRY, client-FEA5FB227F38, cid=39, (t:1, i:22), METADATAENTRY(c21), (t:1, i:23), STATEMACHINELOGENTRY, client-FEA5FB227F38, cid=40, (t:1, i:24), METADATAENTRY(c23), (t:1, i:25), STATEMACHINELOGENTRY, client-FEA5FB227F38, cid=41, (t:1, i:26), METADATAENTRY(c25), (t:1, i:27), STATEMACHINELOGENTRY, client-FEA5FB227F38, cid=42, (t:1, i:28), METADATAENTRY(c27), (t:1, i:29), STATEMACHINELOGENTRY, client-FEA5FB227F38, cid=43, (t:1, i:30), METADATAENTRY(c29), (t:1, i:31), STATEMACHINELOGENTRY, client-FEA5FB227F38, cid=44, (t:1, i:32), METADATAENTRY(c31), (t:1, i:33), STATEMACHINELOGENTRY, client-FEA5FB227F38, cid=45, (t:1, i:34), METADATAENTRY(c33), (t:1, i:35), STATEMACHINELOGENTRY, client-FEA5FB227F38, cid=46, (t:1, i:36), METADATAENTRY(c35), (t:1, i:37), STATEMACHINELOGENTRY, client-FEA5FB227F38, cid=47, (t:1, i:38), METADATAENTRY(c37), (t:1, i:39), STATEMACHINELOGENTRY, client-FEA5FB227F38, cid=48, (t:1, i:40), METADATAENTRY(c39)]
2019-09-26 09:46:50,704 INFO  impl.RaftServerImpl (RaftServerImpl.java:checkInconsistentAppendEntries(972)) - s3@group-C7C5FA74E7D2: inconsistency entries. Reply:s1<-s3#0:FAIL,INCONSISTENCY,nextIndex:0,term:1,followerCommit:-1
2019-09-26 09:46:50,704 INFO  impl.RaftServerImpl (RaftServerImpl.java:checkInconsistentAppendEntries(999)) - s4@group-C7C5FA74E7D2: Failed appendEntries as previous log entry ((t:1, i:0)) is not found
2019-09-26 09:46:50,705 INFO  impl.FollowerInfo (FollowerInfo.java:lambda$new$0(51)) - s1@group-C7C5FA74E7D2->s3: nextIndex: updateUnconditionally 1 -> 0
2019-09-26 09:46:50,705 INFO  impl.RaftServerImpl (RaftServerImpl.java:checkInconsistentAppendEntries(972)) - s4@group-C7C5FA74E7D2: inconsistency entries. Reply:s1<-s4#0:FAIL,INCONSISTENCY,nextIndex:0,term:1,followerCommit:-1
2019-09-26 09:46:50,706 INFO  impl.FollowerInfo (FollowerInfo.java:lambda$new$0(51)) - s1@group-C7C5FA74E7D2->s4: nextIndex: updateUnconditionally 1 -> 0
2019-09-26 09:46:50,707 DEBUG impl.RaftServerImpl (RaftServerImpl.java:logAppendEntries(850)) - s3@group-C7C5FA74E7D2: receive appendEntries(s1, 1, null, 40, true, commits[s1:c40, s0:c-1, s2:c39, s3:c-1, s4:c-1], entries: [(t:1, i:0), CONFIGURATIONENTRY, (t:1, i:1), STATEMACHINELOGENTRY, client-FEA5FB227F38, cid=29, (t:1, i:2), METADATAENTRY(c1), (t:1, i:3), STATEMACHINELOGENTRY, client-FEA5FB227F38, cid=30, (t:1, i:4), METADATAENTRY(c3), (t:1, i:5), STATEMACHINELOGENTRY, client-FEA5FB227F38, cid=31, (t:1, i:6), METADATAENTRY(c5), (t:1, i:7), STATEMACHINELOGENTRY, client-FEA5FB227F38, cid=32, (t:1, i:8), METADATAENTRY(c7), (t:1, i:9), STATEMACHINELOGENTRY, client-FEA5FB227F38, cid=33, (t:1, i:10), METADATAENTRY(c9), (t:1, i:11), STATEMACHINELOGENTRY, client-FEA5FB227F38, cid=34, (t:1, i:12), METADATAENTRY(c11), (t:1, i:13), STATEMACHINELOGENTRY, client-FEA5FB227F38, cid=35, (t:1, i:14), METADATAENTRY(c13), (t:1, i:15), STATEMACHINELOGENTRY, client-FEA5FB227F38, cid=36, (t:1, i:16), METADATAENTRY(c15), (t:1, i:17), STATEMACHINELOGENTRY, client-FEA5FB227F38, cid=37, (t:1, i:18), METADATAENTRY(c17), (t:1, i:19), STATEMACHINELOGENTRY, client-FEA5FB227F38, cid=38, (t:1, i:20), METADATAENTRY(c19), (t:1, i:21), STATEMACHINELOGENTRY, client-FEA5FB227F38, cid=39, (t:1, i:22), METADATAENTRY(c21), (t:1, i:23), STATEMACHINELOGENTRY, client-FEA5FB227F38, cid=40, (t:1, i:24), METADATAENTRY(c23), (t:1, i:25), STATEMACHINELOGENTRY, client-FEA5FB227F38, cid=41, (t:1, i:26), METADATAENTRY(c25), (t:1, i:27), STATEMACHINELOGENTRY, client-FEA5FB227F38, cid=42, (t:1, i:28), METADATAENTRY(c27), (t:1, i:29), STATEMACHINELOGENTRY, client-FEA5FB227F38, cid=43, (t:1, i:30), METADATAENTRY(c29), (t:1, i:31), STATEMACHINELOGENTRY, client-FEA5FB227F38, cid=44, (t:1, i:32), METADATAENTRY(c31), (t:1, i:33), STATEMACHINELOGENTRY, client-FEA5FB227F38, cid=45, (t:1, i:34), METADATAENTRY(c33), (t:1, i:35), STATEMACHINELOGENTRY, client-FEA5FB227F38, cid=46, (t:1, i:36), METADATAENTRY(c35), (t:1, i:37), STATEMACHINELOGENTRY, client-FEA5FB227F38, cid=47, (t:1, i:38), METADATAENTRY(c37), (t:1, i:39), STATEMACHINELOGENTRY, client-FEA5FB227F38, cid=48, (t:1, i:40), METADATAENTRY(c39)]
2019-09-26 09:46:50,707 INFO  impl.RaftServerImpl (ServerState.java:setRaftConf(355)) - s3@group-C7C5FA74E7D2: set configuration 0: [s0:0.0.0.0:44467, s1:0.0.0.0:44114, s2:0.0.0.0:33497], old=null at 0
2019-09-26 09:46:50,707 DEBUG impl.RaftServerImpl (RaftServerImpl.java:logAppendEntries(850)) - s4@group-C7C5FA74E7D2: receive appendEntries(s1, 1, null, 40, true, commits[s1:c40, s0:c-1, s2:c39, s3:c-1, s4:c-1], entries: [(t:1, i:0), CONFIGURATIONENTRY, (t:1, i:1), STATEMACHINELOGENTRY, client-FEA5FB227F38, cid=29, (t:1, i:2), METADATAENTRY(c1), (t:1, i:3), STATEMACHINELOGENTRY, client-FEA5FB227F38, cid=30, (t:1, i:4), METADATAENTRY(c3), (t:1, i:5), STATEMACHINELOGENTRY, client-FEA5FB227F38, cid=31, (t:1, i:6), METADATAENTRY(c5), (t:1, i:7), STATEMACHINELOGENTRY, client-FEA5FB227F38, cid=32, (t:1, i:8), METADATAENTRY(c7), (t:1, i:9), STATEMACHINELOGENTRY, client-FEA5FB227F38, cid=33, (t:1, i:10), METADATAENTRY(c9), (t:1, i:11), STATEMACHINELOGENTRY, client-FEA5FB227F38, cid=34, (t:1, i:12), METADATAENTRY(c11), (t:1, i:13), STATEMACHINELOGENTRY, client-FEA5FB227F38, cid=35, (t:1, i:14), METADATAENTRY(c13), (t:1, i:15), STATEMACHINELOGENTRY, client-FEA5FB227F38, cid=36, (t:1, i:16), METADATAENTRY(c15), (t:1, i:17), STATEMACHINELOGENTRY, client-FEA5FB227F38, cid=37, (t:1, i:18), METADATAENTRY(c17), (t:1, i:19), STATEMACHINELOGENTRY, client-FEA5FB227F38, cid=38, (t:1, i:20), METADATAENTRY(c19), (t:1, i:21), STATEMACHINELOGENTRY, client-FEA5FB227F38, cid=39, (t:1, i:22), METADATAENTRY(c21), (t:1, i:23), STATEMACHINELOGENTRY, client-FEA5FB227F38, cid=40, (t:1, i:24), METADATAENTRY(c23), (t:1, i:25), STATEMACHINELOGENTRY, client-FEA5FB227F38, cid=41, (t:1, i:26), METADATAENTRY(c25), (t:1, i:27), STATEMACHINELOGENTRY, client-FEA5FB227F38, cid=42, (t:1, i:28), METADATAENTRY(c27), (t:1, i:29), STATEMACHINELOGENTRY, client-FEA5FB227F38, cid=43, (t:1, i:30), METADATAENTRY(c29), (t:1, i:31), STATEMACHINELOGENTRY, client-FEA5FB227F38, cid=44, (t:1, i:32), METADATAENTRY(c31), (t:1, i:33), STATEMACHINELOGENTRY, client-FEA5FB227F38, cid=45, (t:1, i:34), METADATAENTRY(c33), (t:1, i:35), STATEMACHINELOGENTRY, client-FEA5FB227F38, cid=46, (t:1, i:36), METADATAENTRY(c35), (t:1, i:37), STATEMACHINELOGENTRY, client-FEA5FB227F38, cid=47, (t:1, i:38), METADATAENTRY(c37), (t:1, i:39), STATEMACHINELOGENTRY, client-FEA5FB227F38, cid=48, (t:1, i:40), METADATAENTRY(c39)]
2019-09-26 09:46:50,708 INFO  segmented.SegmentedRaftLogWorker (SegmentedRaftLogWorker.java:startLogSegment(380)) - s3@group-C7C5FA74E7D2-SegmentedRaftLogWorker: Starting segment from index:0
2019-09-26 09:46:50,708 INFO  impl.RaftServerImpl (ServerState.java:setRaftConf(355)) - s4@group-C7C5FA74E7D2: set configuration 0: [s0:0.0.0.0:44467, s1:0.0.0.0:44114, s2:0.0.0.0:33497], old=null at 0
2019-09-26 09:46:50,708 INFO  segmented.SegmentedRaftLogWorker (SegmentedRaftLogWorker.java:startLogSegment(380)) - s4@group-C7C5FA74E7D2-SegmentedRaftLogWorker: Starting segment from index:0
2019-09-26 09:46:50,790 INFO  impl.LeaderElection (LeaderElection.java:logAndReturn(56)) - s0@group-C7C5FA74E7D2-LeaderElection30: Election TIMEOUT; received 0 response(s) [] and 0 exception(s); s0@group-C7C5FA74E7D2:t3, leader=null, voted=s0, raftlog=s0@group-C7C5FA74E7D2-SegmentedRaftLog:OPENED:c-1,f-1,i0, conf=-1: [s0:0.0.0.0:44467, s1:0.0.0.0:44114, s2:0.0.0.0:33497], old=null
2019-09-26 09:46:50,833 INFO  segmented.SegmentedRaftLogWorker (SegmentedRaftLogWorker.java:execute(569)) - s4@group-C7C5FA74E7D2-SegmentedRaftLogWorker: created new log segment /workdir/ratis-test/target/test/data/bb022a74/MiniRaftClusterWithNettyb6b863ff/s4/6c8c0f0c-aad7-47a1-9364-c7c5fa74e7d2/current/log_inprogress_0
2019-09-26 09:46:50,833 INFO  impl.LeaderElection (LeaderElection.java:askForVotes(178)) - s0@group-C7C5FA74E7D2-LeaderElection30: begin an election at term 4 for -1: [s0:0.0.0.0:44467, s1:0.0.0.0:44114, s2:0.0.0.0:33497], old=null
2019-09-26 09:46:50,833 INFO  segmented.SegmentedRaftLogWorker (SegmentedRaftLogWorker.java:execute(569)) - s3@group-C7C5FA74E7D2-SegmentedRaftLogWorker: created new log segment /workdir/ratis-test/target/test/data/bb022a74/MiniRaftClusterWithNettyb6b863ff/s3/6c8c0f0c-aad7-47a1-9364-c7c5fa74e7d2/current/log_inprogress_0
2019-09-26 09:46:50,856 DEBUG impl.RaftServerImpl (RaftServerImpl.java:logAppendEntries(850)) - s3@group-C7C5FA74E7D2: succeeded to handle AppendEntries. Reply: s1<-s3#0:OK,SUCCESS,nextIndex:41,term:1,followerCommit:40
2019-09-26 09:46:50,857 DEBUG impl.RaftServerImpl (RaftServerImpl.java:logAppendEntries(850)) - s4@group-C7C5FA74E7D2: succeeded to handle AppendEntries. Reply: s1<-s4#0:OK,SUCCESS,nextIndex:41,term:1,followerCommit:40
2019-09-26 09:46:50,858 INFO  impl.RaftServerImpl (ServerState.java:setRaftConf(355)) - s1@group-C7C5FA74E7D2: set configuration 41: [s3:0.0.0.0:33948, s4:0.0.0.0:39947, s0:0.0.0.0:44467, s1:0.0.0.0:44114, s2:0.0.0.0:33497], old=[s0:0.0.0.0:44467, s1:0.0.0.0:44114, s2:0.0.0.0:33497] at 41
2019-09-26 09:46:50,859 DEBUG impl.RaftServerImpl (RaftServerImpl.java:logAppendEntries(850)) - s2@group-C7C5FA74E7D2: receive appendEntries(s1, 1, (t:1, i:40), 40, false, commits[s1:c40, s0:c-1, s2:c40, s3:c40, s4:c40], entries: (t:1, i:41), CONFIGURATIONENTRY
2019-09-26 09:46:50,859 DEBUG impl.RaftServerImpl (RaftServerImpl.java:logAppendEntries(850)) - s4@group-C7C5FA74E7D2: receive appendEntries(s1, 1, (t:1, i:40), 40, false, commits[s1:c40, s0:c-1, s2:c40, s3:c40, s4:c40], entries: (t:1, i:41), CONFIGURATIONENTRY
2019-09-26 09:46:50,859 DEBUG impl.RaftServerImpl (RaftServerImpl.java:logAppendEntries(850)) - s3@group-C7C5FA74E7D2: receive appendEntries(s1, 1, (t:1, i:40), 40, false, commits[s1:c40, s0:c-1, s2:c40, s3:c40, s4:c40], entries: (t:1, i:41), CONFIGURATIONENTRY
2019-09-26 09:46:50,860 INFO  impl.RoleInfo (RoleInfo.java:updateAndGet(143)) - s4: start FollowerState
2019-09-26 09:46:50,859 INFO  impl.RaftServerImpl (ServerState.java:setRaftConf(355)) - s2@group-C7C5FA74E7D2: set configuration 41: [s3:0.0.0.0:33948, s4:0.0.0.0:39947, s0:0.0.0.0:44467, s1:0.0.0.0:44114, s2:0.0.0.0:33497], old=[s0:0.0.0.0:44467, s1:0.0.0.0:44114, s2:0.0.0.0:33497] at 41
2019-09-26 09:46:50,860 INFO  impl.RaftServerImpl (ServerState.java:setRaftConf(355)) - s4@group-C7C5FA74E7D2: set configuration 41: [s3:0.0.0.0:33948, s4:0.0.0.0:39947, s0:0.0.0.0:44467, s1:0.0.0.0:44114, s2:0.0.0.0:33497], old=[s0:0.0.0.0:44467, s1:0.0.0.0:44114, s2:0.0.0.0:33497] at 41
2019-09-26 09:46:50,860 INFO  impl.RoleInfo (RoleInfo.java:updateAndGet(143)) - s3: start FollowerState
2019-09-26 09:46:50,861 INFO  impl.RaftServerImpl (ServerState.java:setRaftConf(355)) - s3@group-C7C5FA74E7D2: set configuration 41: [s3:0.0.0.0:33948, s4:0.0.0.0:39947, s0:0.0.0.0:44467, s1:0.0.0.0:44114, s2:0.0.0.0:33497], old=[s0:0.0.0.0:44467, s1:0.0.0.0:44114, s2:0.0.0.0:33497] at 41
2019-09-26 09:46:50,863 DEBUG impl.RaftServerImpl (RaftServerImpl.java:logAppendEntries(850)) - s3@group-C7C5FA74E7D2: succeeded to handle AppendEntries. Reply: s1<-s3#0:OK,SUCCESS,nextIndex:42,term:1,followerCommit:40
2019-09-26 09:46:50,864 DEBUG impl.RaftServerImpl (RaftServerImpl.java:logAppendEntries(850)) - s4@group-C7C5FA74E7D2: succeeded to handle AppendEntries. Reply: s1<-s4#0:OK,SUCCESS,nextIndex:42,term:1,followerCommit:40
2019-09-26 09:46:50,864 DEBUG impl.RaftServerImpl (RaftServerImpl.java:logAppendEntries(850)) - s2@group-C7C5FA74E7D2: succeeded to handle AppendEntries. Reply: s1<-s2#0:OK,SUCCESS,nextIndex:42,term:1,followerCommit:40
2019-09-26 09:46:50,865 DEBUG impl.RaftServerImpl (RaftServerImpl.java:logAppendEntries(850)) - s2@group-C7C5FA74E7D2: receive appendEntries(s1, 1, (t:1, i:41), 41, false, commits[s1:c41, s0:c-1, s2:c40, s3:c40, s4:c40], entries: (t:1, i:42), METADATAENTRY(c41)
2019-09-26 09:46:50,865 DEBUG impl.RaftServerImpl (RaftServerImpl.java:logAppendEntries(850)) - s3@group-C7C5FA74E7D2: receive appendEntries(s1, 1, (t:1, i:41), 41, false, commits[s1:c41, s0:c-1, s2:c40, s3:c40, s4:c40], entries: (t:1, i:42), METADATAENTRY(c41)
2019-09-26 09:46:50,865 DEBUG impl.RaftServerImpl (RaftServerImpl.java:logAppendEntries(850)) - s4@group-C7C5FA74E7D2: receive appendEntries(s1, 1, (t:1, i:41), 41, false, commits[s1:c41, s0:c-1, s2:c40, s3:c40, s4:c40], entries: (t:1, i:42), METADATAENTRY(c41)
2019-09-26 09:46:50,865 INFO  impl.RaftServerImpl (ServerState.java:setRaftConf(355)) - s1@group-C7C5FA74E7D2: set configuration 43: [s3:0.0.0.0:33948, s4:0.0.0.0:39947, s0:0.0.0.0:44467, s1:0.0.0.0:44114, s2:0.0.0.0:33497], old=null at 43
2019-09-26 09:46:50,874 DEBUG impl.RaftServerImpl (RaftServerImpl.java:logAppendEntries(850)) - s2@group-C7C5FA74E7D2: succeeded to handle AppendEntries. Reply: s1<-s2#0:OK,SUCCESS,nextIndex:43,term:1,followerCommit:41
2019-09-26 09:46:50,874 DEBUG impl.RaftServerImpl (RaftServerImpl.java:logAppendEntries(850)) - s3@group-C7C5FA74E7D2: succeeded to handle AppendEntries. Reply: s1<-s3#0:OK,SUCCESS,nextIndex:43,term:1,followerCommit:41
2019-09-26 09:46:50,874 DEBUG impl.RaftServerImpl (RaftServerImpl.java:logAppendEntries(850)) - s4@group-C7C5FA74E7D2: succeeded to handle AppendEntries. Reply: s1<-s4#0:OK,SUCCESS,nextIndex:43,term:1,followerCommit:41
2019-09-26 09:46:50,876 DEBUG impl.RaftServerImpl (RaftServerImpl.java:logAppendEntries(850)) - s2@group-C7C5FA74E7D2: receive appendEntries(s1, 1, (t:1, i:42), 41, false, commits[s1:c41, s0:c-1, s2:c41, s3:c41, s4:c40], entries: (t:1, i:43), CONFIGURATIONENTRY
2019-09-26 09:46:50,876 DEBUG impl.RaftServerImpl (RaftServerImpl.java:logAppendEntries(850)) - s3@group-C7C5FA74E7D2: receive appendEntries(s1, 1, (t:1, i:42), 42, false, commits[s1:c42, s0:c-1, s2:c41, s3:c41, s4:c41], entries: (t:1, i:43), CONFIGURATIONENTRY
2019-09-26 09:46:50,876 INFO  impl.RaftServerImpl (ServerState.java:setRaftConf(355)) - s2@group-C7C5FA74E7D2: set configuration 43: [s3:0.0.0.0:33948, s4:0.0.0.0:39947, s0:0.0.0.0:44467, s1:0.0.0.0:44114, s2:0.0.0.0:33497], old=null at 43
2019-09-26 09:46:50,876 DEBUG impl.RaftServerImpl (RaftServerImpl.java:logAppendEntries(850)) - s4@group-C7C5FA74E7D2: receive appendEntries(s1, 1, (t:1, i:42), 42, false, commits[s1:c42, s0:c-1, s2:c41, s3:c41, s4:c41], entries: (t:1, i:43), CONFIGURATIONENTRY
2019-09-26 09:46:50,877 INFO  impl.RaftServerImpl (ServerState.java:setRaftConf(355)) - s3@group-C7C5FA74E7D2: set configuration 43: [s3:0.0.0.0:33948, s4:0.0.0.0:39947, s0:0.0.0.0:44467, s1:0.0.0.0:44114, s2:0.0.0.0:33497], old=null at 43
2019-09-26 09:46:50,878 INFO  impl.RaftServerImpl (ServerState.java:setRaftConf(355)) - s4@group-C7C5FA74E7D2: set configuration 43: [s3:0.0.0.0:33948, s4:0.0.0.0:39947, s0:0.0.0.0:44467, s1:0.0.0.0:44114, s2:0.0.0.0:33497], old=null at 43
2019-09-26 09:46:50,884 DEBUG impl.RaftServerImpl (RaftServerImpl.java:logAppendEntries(850)) - s2@group-C7C5FA74E7D2: succeeded to handle AppendEntries. Reply: s1<-s2#0:OK,SUCCESS,nextIndex:44,term:1,followerCommit:41
2019-09-26 09:46:50,885 DEBUG impl.RaftServerImpl (RaftServerImpl.java:logAppendEntries(850)) - s3@group-C7C5FA74E7D2: succeeded to handle AppendEntries. Reply: s1<-s3#0:OK,SUCCESS,nextIndex:44,term:1,followerCommit:42
2019-09-26 09:46:50,885 DEBUG impl.RaftServerImpl (RaftServerImpl.java:logAppendEntries(850)) - s4@group-C7C5FA74E7D2: succeeded to handle AppendEntries. Reply: s1<-s4#0:OK,SUCCESS,nextIndex:44,term:1,followerCommit:42
2019-09-26 09:46:50,886 DEBUG impl.RaftServerImpl (RaftServerImpl.java:logAppendEntries(850)) - s3@group-C7C5FA74E7D2: receive appendEntries(s1, 1, (t:1, i:43), 43, false, commits[s1:c43, s0:c-1, s2:c41, s3:c42, s4:c42], entries: (t:1, i:44), METADATAENTRY(c43)
2019-09-26 09:46:50,886 INFO  server.RaftServerConfigKeys (ConfUtils.java:logGet(43)) - raft.server.rpc.timeout.max = 300ms (default)
2019-09-26 09:46:50,886 DEBUG impl.RaftServerImpl (RaftServerImpl.java:logAppendEntries(850)) - s4@group-C7C5FA74E7D2: receive appendEntries(s1, 1, (t:1, i:43), 43, false, commits[s1:c43, s0:c-1, s2:c41, s3:c42, s4:c42], entries: (t:1, i:44), METADATAENTRY(c43)
2019-09-26 09:46:50,886 DEBUG impl.RaftServerImpl (RaftServerImpl.java:logAppendEntries(850)) - s2@group-C7C5FA74E7D2: receive appendEntries(s1, 1, (t:1, i:43), 43, false, commits[s1:c43, s0:c-1, s2:c41, s3:c42, s4:c42], entries: (t:1, i:44), METADATAENTRY(c43)
2019-09-26 09:46:50,892 INFO  ratis.RaftTestUtil (RaftTestUtil.java:waitForLeader(86)) - printing ALL groups
  s3:  RUNNING  FOLLOWER s3@group-C7C5FA74E7D2:t1, leader=s1, voted=null, raftlog=s3@group-C7C5FA74E7D2-SegmentedRaftLog:OPENED:c42,f43,i44, conf=43: [s3:0.0.0.0:33948, s4:0.0.0.0:39947, s0:0.0.0.0:44467, s1:0.0.0.0:44114, s2:0.0.0.0:33497], old=null RUNNING
  s4:  RUNNING  FOLLOWER s4@group-C7C5FA74E7D2:t1, leader=s1, voted=null, raftlog=s4@group-C7C5FA74E7D2-SegmentedRaftLog:OPENED:c42,f43,i43, conf=43: [s3:0.0.0.0:33948, s4:0.0.0.0:39947, s0:0.0.0.0:44467, s1:0.0.0.0:44114, s2:0.0.0.0:33497], old=null RUNNING
  s0:  RUNNING CANDIDATE s0@group-C7C5FA74E7D2:t4, leader=null, voted=s0, raftlog=s0@group-C7C5FA74E7D2-SegmentedRaftLog:OPENED:c-1,f-1,i0, conf=-1: [s0:0.0.0.0:44467, s1:0.0.0.0:44114, s2:0.0.0.0:33497], old=null RUNNING
  s1:  RUNNING    LEADER s1@group-C7C5FA74E7D2:t1, leader=s1, voted=s1, raftlog=s1@group-C7C5FA74E7D2-SegmentedRaftLog:OPENED:c43,f43,i44, conf=43: [s3:0.0.0.0:33948, s4:0.0.0.0:39947, s0:0.0.0.0:44467, s1:0.0.0.0:44114, s2:0.0.0.0:33497], old=null RUNNING
  s2:  RUNNING  FOLLOWER s2@group-C7C5FA74E7D2:t1, leader=s1, voted=s1, raftlog=s2@group-C7C5FA74E7D2-SegmentedRaftLog:OPENED:c41,f43,i43, conf=43: [s3:0.0.0.0:33948, s4:0.0.0.0:39947, s0:0.0.0.0:44467, s1:0.0.0.0:44114, s2:0.0.0.0:33497], old=null RUNNING
2019-09-26 09:46:50,893 INFO  ratis.RaftTestUtil (RaftTestUtil.java:waitForLeader(101)) - printing ALL groups
  s3:  RUNNING  FOLLOWER s3@group-C7C5FA74E7D2:t1, leader=s1, voted=null, raftlog=s3@group-C7C5FA74E7D2-SegmentedRaftLog:OPENED:c42,f43,i44, conf=43: [s3:0.0.0.0:33948, s4:0.0.0.0:39947, s0:0.0.0.0:44467, s1:0.0.0.0:44114, s2:0.0.0.0:33497], old=null RUNNING
  s4:  RUNNING  FOLLOWER s4@group-C7C5FA74E7D2:t1, leader=s1, voted=null, raftlog=s4@group-C7C5FA74E7D2-SegmentedRaftLog:OPENED:c42,f43,i44, conf=43: [s3:0.0.0.0:33948, s4:0.0.0.0:39947, s0:0.0.0.0:44467, s1:0.0.0.0:44114, s2:0.0.0.0:33497], old=null RUNNING
  s0:  RUNNING CANDIDATE s0@group-C7C5FA74E7D2:t4, leader=null, voted=s0, raftlog=s0@group-C7C5FA74E7D2-SegmentedRaftLog:OPENED:c-1,f-1,i0, conf=-1: [s0:0.0.0.0:44467, s1:0.0.0.0:44114, s2:0.0.0.0:33497], old=null RUNNING
  s1:  RUNNING    LEADER s1@group-C7C5FA74E7D2:t1, leader=s1, voted=s1, raftlog=s1@group-C7C5FA74E7D2-SegmentedRaftLog:OPENED:c43,f43,i44, conf=43: [s3:0.0.0.0:33948, s4:0.0.0.0:39947, s0:0.0.0.0:44467, s1:0.0.0.0:44114, s2:0.0.0.0:33497], old=null RUNNING
  s2:  RUNNING  FOLLOWER s2@group-C7C5FA74E7D2:t1, leader=s1, voted=s1, raftlog=s2@group-C7C5FA74E7D2-SegmentedRaftLog:OPENED:c41,f43,i44, conf=43: [s3:0.0.0.0:33948, s4:0.0.0.0:39947, s0:0.0.0.0:44467, s1:0.0.0.0:44114, s2:0.0.0.0:33497], old=null RUNNING
2019-09-26 09:46:50,893 INFO  netty.TestRaftReconfigurationWithNetty (RaftReconfigurationBaseTest.java:lambda$runTestReconfTwice$4(171)) - Start changing the configuration again: [s3:0.0.0.0:33948, s4:0.0.0.0:39947, s0:0.0.0.0:44467]
2019-09-26 09:46:50,894 INFO  impl.RaftServerImpl (RaftServerImpl.java:setConfigurationAsync(658)) - s1@group-C7C5FA74E7D2: receive setConfiguration SetConfigurationRequest:client-FEA5FB227F38->s1@group-C7C5FA74E7D2, cid=50, seq=0, RW, null, peers:[s3:0.0.0.0:33948, s4:0.0.0.0:39947, s0:0.0.0.0:44467]
2019-09-26 09:46:50,894 INFO  impl.RaftServerImpl (LeaderState.java:startSetConfiguration(287)) - s1@group-C7C5FA74E7D2-LeaderState: startSetConfiguration SetConfigurationRequest:client-FEA5FB227F38->s1@group-C7C5FA74E7D2, cid=50, seq=0, RW, null, peers:[s3:0.0.0.0:33948, s4:0.0.0.0:39947, s0:0.0.0.0:44467]
2019-09-26 09:46:50,894 INFO  impl.RaftServerImpl (ServerState.java:setRaftConf(355)) - s1@group-C7C5FA74E7D2: set configuration 45: [s3:0.0.0.0:33948, s4:0.0.0.0:39947, s0:0.0.0.0:44467], old=[s3:0.0.0.0:33948, s4:0.0.0.0:39947, s0:0.0.0.0:44467, s1:0.0.0.0:44114, s2:0.0.0.0:33497] at 45
2019-09-26 09:46:50,898 DEBUG impl.RaftServerImpl (RaftServerImpl.java:logAppendEntries(850)) - s3@group-C7C5FA74E7D2: succeeded to handle AppendEntries. Reply: s1<-s3#0:OK,SUCCESS,nextIndex:45,term:1,followerCommit:43
2019-09-26 09:46:50,898 DEBUG impl.RaftServerImpl (RaftServerImpl.java:logAppendEntries(850)) - s2@group-C7C5FA74E7D2: succeeded to handle AppendEntries. Reply: s1<-s2#0:OK,SUCCESS,nextIndex:45,term:1,followerCommit:43
2019-09-26 09:46:50,898 DEBUG impl.RaftServerImpl (RaftServerImpl.java:logAppendEntries(850)) - s4@group-C7C5FA74E7D2: succeeded to handle AppendEntries. Reply: s1<-s4#0:OK,SUCCESS,nextIndex:45,term:1,followerCommit:43
2019-09-26 09:46:50,899 DEBUG impl.RaftServerImpl (RaftServerImpl.java:logAppendEntries(850)) - s3@group-C7C5FA74E7D2: receive appendEntries(s1, 1, (t:1, i:44), 43, false, commits[s1:c43, s0:c-1, s2:c41, s3:c43, s4:c42], entries: (t:1, i:45), CONFIGURATIONENTRY
2019-09-26 09:46:50,899 DEBUG impl.RaftServerImpl (RaftServerImpl.java:logAppendEntries(850)) - s2@group-C7C5FA74E7D2: receive appendEntries(s1, 1, (t:1, i:44), 43, false, commits[s1:c43, s0:c-1, s2:c43, s3:c43, s4:c42], entries: (t:1, i:45), CONFIGURATIONENTRY
2019-09-26 09:46:50,899 INFO  impl.RaftServerImpl (ServerState.java:setRaftConf(355)) - s3@group-C7C5FA74E7D2: set configuration 45: [s3:0.0.0.0:33948, s4:0.0.0.0:39947, s0:0.0.0.0:44467], old=[s3:0.0.0.0:33948, s4:0.0.0.0:39947, s0:0.0.0.0:44467, s1:0.0.0.0:44114, s2:0.0.0.0:33497] at 45
2019-09-26 09:46:50,899 DEBUG impl.RaftServerImpl (RaftServerImpl.java:logAppendEntries(850)) - s4@group-C7C5FA74E7D2: receive appendEntries(s1, 1, (t:1, i:44), 43, false, commits[s1:c43, s0:c-1, s2:c43, s3:c43, s4:c43], entries: (t:1, i:45), CONFIGURATIONENTRY
2019-09-26 09:46:50,899 INFO  impl.RaftServerImpl (ServerState.java:setRaftConf(355)) - s2@group-C7C5FA74E7D2: set configuration 45: [s3:0.0.0.0:33948, s4:0.0.0.0:39947, s0:0.0.0.0:44467], old=[s3:0.0.0.0:33948, s4:0.0.0.0:39947, s0:0.0.0.0:44467, s1:0.0.0.0:44114, s2:0.0.0.0:33497] at 45
2019-09-26 09:46:50,900 INFO  impl.RaftServerImpl (ServerState.java:setRaftConf(355)) - s4@group-C7C5FA74E7D2: set configuration 45: [s3:0.0.0.0:33948, s4:0.0.0.0:39947, s0:0.0.0.0:44467], old=[s3:0.0.0.0:33948, s4:0.0.0.0:39947, s0:0.0.0.0:44467, s1:0.0.0.0:44114, s2:0.0.0.0:33497] at 45
2019-09-26 09:46:50,912 DEBUG impl.RaftServerImpl (RaftServerImpl.java:logAppendEntries(850)) - s3@group-C7C5FA74E7D2: succeeded to handle AppendEntries. Reply: s1<-s3#0:OK,SUCCESS,nextIndex:46,term:1,followerCommit:43
2019-09-26 09:46:50,913 DEBUG impl.RaftServerImpl (RaftServerImpl.java:logAppendEntries(850)) - s2@group-C7C5FA74E7D2: succeeded to handle AppendEntries. Reply: s1<-s2#0:OK,SUCCESS,nextIndex:46,term:1,followerCommit:43
2019-09-26 09:46:50,913 DEBUG impl.RaftServerImpl (RaftServerImpl.java:logAppendEntries(850)) - s4@group-C7C5FA74E7D2: succeeded to handle AppendEntries. Reply: s1<-s4#0:OK,SUCCESS,nextIndex:46,term:1,followerCommit:43
2019-09-26 09:46:50,915 INFO  impl.LogAppender (LogAppender.java:run(78)) - s1@group-C7C5FA74E7D2->s2-LogAppender-AppenderDaemon was interrupted: java.io.InterruptedIOException: s1->s2#0 sending from s2:0.0.0.0:33497 is interrupted.
2019-09-26 09:46:50,915 INFO  impl.RaftServerImpl (ServerState.java:setRaftConf(355)) - s1@group-C7C5FA74E7D2: set configuration 47: [s3:0.0.0.0:33948, s4:0.0.0.0:39947, s0:0.0.0.0:44467], old=null at 47
2019-09-26 09:46:50,915 DEBUG impl.RaftServerImpl (RaftServerImpl.java:logAppendEntries(850)) - s4@group-C7C5FA74E7D2: receive appendEntries(s1, 1, (t:1, i:45), 45, false, commits[s1:c45, s0:c-1, s2:c43, s3:c43, s4:c43], entries: (t:1, i:46), METADATAENTRY(c45)
2019-09-26 09:46:50,915 DEBUG impl.RaftServerImpl (RaftServerImpl.java:logAppendEntries(850)) - s3@group-C7C5FA74E7D2: receive appendEntries(s1, 1, (t:1, i:45), 45, false, commits[s1:c45, s0:c-1, s2:c43, s3:c43, s4:c43], entries: (t:1, i:46), METADATAENTRY(c45)
2019-09-26 09:46:50,915 DEBUG impl.RaftServerImpl (RaftServerImpl.java:logAppendEntries(850)) - s2@group-C7C5FA74E7D2: receive appendEntries(s1, 1, (t:1, i:45), 45, false, commits[s1:c45, s0:c-1, s2:c43, s3:c43, s4:c43], entries: (t:1, i:46), METADATAENTRY(c45)
2019-09-26 09:46:50,923 DEBUG impl.RaftServerImpl (RaftServerImpl.java:logAppendEntries(850)) - s2@group-C7C5FA74E7D2: succeeded to handle AppendEntries. Reply: s1<-s2#0:OK,SUCCESS,nextIndex:47,term:1,followerCommit:45
2019-09-26 09:46:50,923 DEBUG impl.RaftServerImpl (RaftServerImpl.java:logAppendEntries(850)) - s3@group-C7C5FA74E7D2: succeeded to handle AppendEntries. Reply: s1<-s3#0:OK,SUCCESS,nextIndex:47,term:1,followerCommit:45
2019-09-26 09:46:50,923 DEBUG impl.RaftServerImpl (RaftServerImpl.java:logAppendEntries(850)) - s4@group-C7C5FA74E7D2: succeeded to handle AppendEntries. Reply: s1<-s4#0:OK,SUCCESS,nextIndex:47,term:1,followerCommit:45
2019-09-26 09:46:50,924 DEBUG impl.RaftServerImpl (RaftServerImpl.java:logAppendEntries(850)) - s3@group-C7C5FA74E7D2: receive appendEntries(s1, 1, (t:1, i:46), 45, false, commits[s1:c45, s0:c-1, s3:c45, s4:c43], entries: (t:1, i:47), CONFIGURATIONENTRY
2019-09-26 09:46:50,924 DEBUG impl.RaftServerImpl (RaftServerImpl.java:logAppendEntries(850)) - s4@group-C7C5FA74E7D2: receive appendEntries(s1, 1, (t:1, i:46), 45, false, commits[s1:c45, s0:c-1, s3:c45, s4:c45], entries: (t:1, i:47), CONFIGURATIONENTRY
2019-09-26 09:46:50,924 INFO  impl.RaftServerImpl (ServerState.java:setRaftConf(355)) - s3@group-C7C5FA74E7D2: set configuration 47: [s3:0.0.0.0:33948, s4:0.0.0.0:39947, s0:0.0.0.0:44467], old=null at 47
2019-09-26 09:46:50,924 INFO  impl.RaftServerImpl (ServerState.java:setRaftConf(355)) - s4@group-C7C5FA74E7D2: set configuration 47: [s3:0.0.0.0:33948, s4:0.0.0.0:39947, s0:0.0.0.0:44467], old=null at 47
2019-09-26 09:46:50,937 DEBUG impl.RaftServerImpl (RaftServerImpl.java:logAppendEntries(850)) - s3@group-C7C5FA74E7D2: succeeded to handle AppendEntries. Reply: s1<-s3#0:OK,SUCCESS,nextIndex:48,term:1,followerCommit:45
2019-09-26 09:46:50,937 DEBUG impl.RaftServerImpl (RaftServerImpl.java:logAppendEntries(850)) - s4@group-C7C5FA74E7D2: succeeded to handle AppendEntries. Reply: s1<-s4#0:OK,SUCCESS,nextIndex:48,term:1,followerCommit:45
2019-09-26 09:46:50,938 INFO  impl.RaftServerImpl (LeaderState.java:checkAndUpdateConfiguration(652)) - s1@group-C7C5FA74E7D2-LeaderState is not included in the new configuration 47: [s3:0.0.0.0:33948, s4:0.0.0.0:39947, s0:0.0.0.0:44467], old=null. Will shutdown server...
2019-09-26 09:46:50,938 DEBUG impl.RaftServerImpl (RaftServerImpl.java:logAppendEntries(850)) - s3@group-C7C5FA74E7D2: receive appendEntries(s1, 1, (t:1, i:47), 47, false, commits[s1:c47, s0:c-1, s3:c45, s4:c45], entries: (t:1, i:48), METADATAENTRY(c47)
2019-09-26 09:46:50,938 INFO  server.RaftServerConfigKeys (ConfUtils.java:logGet(43)) - raft.server.rpc.timeout.max = 300ms (default)
2019-09-26 09:46:50,938 DEBUG impl.RaftServerImpl (RaftServerImpl.java:logAppendEntries(850)) - s4@group-C7C5FA74E7D2: receive appendEntries(s1, 1, (t:1, i:47), 47, false, commits[s1:c47, s0:c-1, s3:c45, s4:c45], entries: (t:1, i:48), METADATAENTRY(c47)
2019-09-26 09:46:50,941 INFO  impl.RaftServerTestUtil (RaftServerTestUtil.java:waitAndCheckNewConf(58)) - waitAndCheckNewConf: peers=[s3:0.0.0.0:33948, s4:0.0.0.0:39947, s0:0.0.0.0:44467], deadPeers=null, printing ALL groups
  s3:  RUNNING  FOLLOWER s3@group-C7C5FA74E7D2:t1, leader=s1, voted=null, raftlog=s3@group-C7C5FA74E7D2-SegmentedRaftLog:OPENED:c45,f47,i48, conf=47: [s3:0.0.0.0:33948, s4:0.0.0.0:39947, s0:0.0.0.0:44467], old=null RUNNING
  s4:  RUNNING  FOLLOWER s4@group-C7C5FA74E7D2:t1, leader=s1, voted=null, raftlog=s4@group-C7C5FA74E7D2-SegmentedRaftLog:OPENED:c45,f47,i48, conf=47: [s3:0.0.0.0:33948, s4:0.0.0.0:39947, s0:0.0.0.0:44467], old=null RUNNING
  s0:  RUNNING CANDIDATE s0@group-C7C5FA74E7D2:t4, leader=null, voted=s0, raftlog=s0@group-C7C5FA74E7D2-SegmentedRaftLog:OPENED:c-1,f-1,i0, conf=-1: [s0:0.0.0.0:44467, s1:0.0.0.0:44114, s2:0.0.0.0:33497], old=null RUNNING
  s1:  RUNNING    LEADER s1@group-C7C5FA74E7D2:t1, leader=s1, voted=s1, raftlog=s1@group-C7C5FA74E7D2-SegmentedRaftLog:OPENED:c47,f47,i48, conf=47: [s3:0.0.0.0:33948, s4:0.0.0.0:39947, s0:0.0.0.0:44467], old=null RUNNING
  s2:  RUNNING  FOLLOWER s2@group-C7C5FA74E7D2:t1, leader=s1, voted=s1, raftlog=s2@group-C7C5FA74E7D2-SegmentedRaftLog:OPENED:c45,f46,i46, conf=45: [s3:0.0.0.0:33948, s4:0.0.0.0:39947, s0:0.0.0.0:44467], old=[s3:0.0.0.0:33948, s4:0.0.0.0:39947, s0:0.0.0.0:44467, s1:0.0.0.0:44114, s2:0.0.0.0:33497] RUNNING
2019-09-26 09:46:50,941 INFO  impl.RaftServerTestUtil (RaftServerTestUtil.java:waitAndCheckNewConf(66)) - checking  FOLLOWER s3@group-C7C5FA74E7D2:t1, leader=s1, voted=null, raftlog=s3@group-C7C5FA74E7D2-SegmentedRaftLog:OPENED:c45,f47,i48, conf=47: [s3:0.0.0.0:33948, s4:0.0.0.0:39947, s0:0.0.0.0:44467], old=null RUNNING
2019-09-26 09:46:50,942 INFO  impl.RaftServerTestUtil (RaftServerTestUtil.java:waitAndCheckNewConf(66)) - checking  FOLLOWER s4@group-C7C5FA74E7D2:t1, leader=s1, voted=null, raftlog=s4@group-C7C5FA74E7D2-SegmentedRaftLog:OPENED:c45,f47,i48, conf=47: [s3:0.0.0.0:33948, s4:0.0.0.0:39947, s0:0.0.0.0:44467], old=null RUNNING
2019-09-26 09:46:50,942 INFO  impl.RaftServerTestUtil (RaftServerTestUtil.java:waitAndCheckNewConf(66)) - checking CANDIDATE s0@group-C7C5FA74E7D2:t4, leader=null, voted=s0, raftlog=s0@group-C7C5FA74E7D2-SegmentedRaftLog:OPENED:c-1,f-1,i0, conf=-1: [s0:0.0.0.0:44467, s1:0.0.0.0:44114, s2:0.0.0.0:33497], old=null RUNNING
2019-09-26 09:46:50,942 WARN  impl.RaftServerTestUtil (JavaUtils.java:attempt(158)) - FAILED "waitAndCheckNewConf", attempt #1/10: java.lang.AssertionError, sleep 1200ms and then retry.
java.lang.AssertionError
	at org.junit.Assert.fail(Assert.java:86)
	at org.junit.Assert.assertTrue(Assert.java:41)
	at org.junit.Assert.assertTrue(Assert.java:52)
	at org.apache.ratis.server.impl.RaftServerTestUtil.waitAndCheckNewConf(RaftServerTestUtil.java:76)
	at org.apache.ratis.server.impl.RaftServerTestUtil.lambda$waitAndCheckNewConf$1(RaftServerTestUtil.java:53)
	at org.apache.ratis.util.function.CheckedRunnable.lambda$asCheckedSupplier$0(CheckedRunnable.java:32)
	at org.apache.ratis.util.JavaUtils.attempt(JavaUtils.java:152)
	at org.apache.ratis.util.JavaUtils.attempt(JavaUtils.java:172)
	at org.apache.ratis.server.impl.RaftServerTestUtil.waitAndCheckNewConf(RaftServerTestUtil.java:53)
	at org.apache.ratis.server.impl.RaftReconfigurationBaseTest.runTestReconfTwice(RaftReconfigurationBaseTest.java:187)
	at org.apache.ratis.MiniRaftCluster$Factory$Get.runWithNewCluster(MiniRaftCluster.java:125)
	at org.apache.ratis.MiniRaftCluster$Factory$Get.runWithNewCluster(MiniRaftCluster.java:113)
	at org.apache.ratis.server.impl.RaftReconfigurationBaseTest.testReconfTwice(RaftReconfigurationBaseTest.java:140)
	at sun.reflect.NativeMethodAccessorImpl.invoke0(Native Method)
	at sun.reflect.NativeMethodAccessorImpl.invoke(NativeMethodAccessorImpl.java:62)
	at sun.reflect.DelegatingMethodAccessorImpl.invoke(DelegatingMethodAccessorImpl.java:43)
	at java.lang.reflect.Method.invoke(Method.java:498)
	at org.junit.runners.model.FrameworkMethod$1.runReflectiveCall(FrameworkMethod.java:50)
	at org.junit.internal.runners.model.ReflectiveCallable.run(ReflectiveCallable.java:12)
	at org.junit.runners.model.FrameworkMethod.invokeExplosively(FrameworkMethod.java:47)
	at org.junit.internal.runners.statements.InvokeMethod.evaluate(InvokeMethod.java:17)
	at org.junit.internal.runners.statements.FailOnTimeout$CallableStatement.call(FailOnTimeout.java:298)
	at org.junit.internal.runners.statements.FailOnTimeout$CallableStatement.call(FailOnTimeout.java:292)
	at java.util.concurrent.FutureTask.run(FutureTask.java:266)
	at java.lang.Thread.run(Thread.java:748)
2019-09-26 09:46:50,949 DEBUG impl.RaftServerImpl (RaftServerImpl.java:logAppendEntries(850)) - s3@group-C7C5FA74E7D2: succeeded to handle AppendEntries. Reply: s1<-s3#0:OK,SUCCESS,nextIndex:49,term:1,followerCommit:47
2019-09-26 09:46:50,949 DEBUG impl.RaftServerImpl (RaftServerImpl.java:logAppendEntries(850)) - s4@group-C7C5FA74E7D2: succeeded to handle AppendEntries. Reply: s1<-s4#0:OK,SUCCESS,nextIndex:49,term:1,followerCommit:47
2019-09-26 09:46:51,088 INFO  impl.RaftServerImpl (RaftServerImpl.java:lambda$shutdown$3(247)) - s1@group-C7C5FA74E7D2: shutdown
2019-09-26 09:46:51,089 INFO  util.JmxRegister (JmxRegister.java:unregister(73)) - Successfully un-registered JMX Bean with object name Ratis:service=RaftServer,group=group-C7C5FA74E7D2,id=s1
2019-09-26 09:46:51,089 INFO  impl.RoleInfo (RoleInfo.java:shutdownLeaderState(104)) - s1: shutdown LeaderState
2019-09-26 09:46:51,094 INFO  impl.LogAppender (LogAppender.java:run(78)) - s1@group-C7C5FA74E7D2->s0-LogAppender-AppenderDaemon was interrupted: java.io.InterruptedIOException: s1->s0#0 sending from s0:0.0.0.0:44467 is interrupted.
2019-09-26 09:46:51,094 INFO  impl.PendingRequests (PendingRequests.java:sendNotLeaderResponses(202)) - s1@group-C7C5FA74E7D2-PendingRequests: sendNotLeaderResponses
2019-09-26 09:46:51,094 INFO  impl.LogAppender (LogAppender.java:run(78)) - s1@group-C7C5FA74E7D2->s3-LogAppender-AppenderDaemon was interrupted: java.lang.InterruptedException
2019-09-26 09:46:51,095 INFO  impl.StateMachineUpdater (StateMachineUpdater.java:stopAndJoin(136)) - s1@group-C7C5FA74E7D2-StateMachineUpdater: set stopIndex = 47
2019-09-26 09:46:51,094 INFO  impl.LogAppender (LogAppender.java:run(78)) - s1@group-C7C5FA74E7D2->s4-LogAppender-AppenderDaemon was interrupted: java.lang.InterruptedException
2019-09-26 09:46:51,096 INFO  impl.RaftServerImpl (ServerState.java:close(386)) - s1@group-C7C5FA74E7D2: closes. applyIndex: 47
2019-09-26 09:46:51,096 INFO  segmented.SegmentedRaftLogWorker (SegmentedRaftLogWorker.java:run(313)) - s1@group-C7C5FA74E7D2-SegmentedRaftLogWorker was interrupted, exiting. There are 0 tasks remaining in the queue.
2019-09-26 09:46:51,098 INFO  impl.LeaderElection (LeaderElection.java:logAndReturn(56)) - s0@group-C7C5FA74E7D2-LeaderElection30: Election TIMEOUT; received 0 response(s) [] and 0 exception(s); s0@group-C7C5FA74E7D2:t4, leader=null, voted=s0, raftlog=s0@group-C7C5FA74E7D2-SegmentedRaftLog:OPENED:c-1,f-1,i0, conf=-1: [s0:0.0.0.0:44467, s1:0.0.0.0:44114, s2:0.0.0.0:33497], old=null
2019-09-26 09:46:51,099 INFO  segmented.SegmentedRaftLogWorker (SegmentedRaftLogWorker.java:close(228)) - s1@group-C7C5FA74E7D2-SegmentedRaftLogWorker close()
2019-09-26 09:46:51,111 INFO  impl.LeaderElection (LeaderElection.java:askForVotes(178)) - s0@group-C7C5FA74E7D2-LeaderElection30: begin an election at term 5 for -1: [s0:0.0.0.0:44467, s1:0.0.0.0:44114, s2:0.0.0.0:33497], old=null
2019-09-26 09:46:51,131 INFO  impl.FollowerState (FollowerState.java:run(108)) - s2@group-C7C5FA74E7D2-FollowerState: change to CANDIDATE, lastRpcTime:208ms, electionTimeout:204ms
2019-09-26 09:46:51,131 INFO  impl.RoleInfo (RoleInfo.java:shutdownFollowerState(121)) - s2: shutdown FollowerState
2019-09-26 09:46:51,131 INFO  impl.RaftServerImpl (RaftServerImpl.java:setRole(170)) - s2@group-C7C5FA74E7D2: changes role from  FOLLOWER to CANDIDATE at term 1 for changeToCandidate
2019-09-26 09:46:51,131 INFO  impl.RoleInfo (RoleInfo.java:updateAndGet(143)) - s2: start LeaderElection
2019-09-26 09:46:51,132 INFO  impl.RaftServerImpl (ServerState.java:setLeader(254)) - s2@group-C7C5FA74E7D2: change Leader from s1 to null at term 1 for initElection
2019-09-26 09:46:51,145 INFO  impl.LeaderElection (LeaderElection.java:askForVotes(178)) - s2@group-C7C5FA74E7D2-LeaderElection31: begin an election at term 2 for 45: [s3:0.0.0.0:33948, s4:0.0.0.0:39947, s0:0.0.0.0:44467], old=[s3:0.0.0.0:33948, s4:0.0.0.0:39947, s0:0.0.0.0:44467, s1:0.0.0.0:44114, s2:0.0.0.0:33497]
2019-09-26 09:46:51,147 INFO  logging.LoggingHandler (AbstractInternalLogger.java:log(150)) - [id: 0x9afe21cc, L:/0.0.0.0:39947] READ: [id: 0xae459dca, L:/192.168.30.59:39947 - R:/192.168.30.59:37990]
2019-09-26 09:46:51,147 INFO  logging.LoggingHandler (AbstractInternalLogger.java:log(150)) - [id: 0x4ef62f12, L:/0.0.0.0:33948] READ: [id: 0x3e9a9abf, L:/192.168.30.59:33948 - R:/192.168.30.59:32794]
2019-09-26 09:46:51,147 INFO  logging.LoggingHandler (AbstractInternalLogger.java:log(150)) - [id: 0x6bb8b8e1, L:/0.0.0.0:44467] READ: [id: 0x96823fe4, L:/192.168.30.59:44467 - R:/192.168.30.59:34278]
2019-09-26 09:46:51,147 INFO  logging.LoggingHandler (AbstractInternalLogger.java:log(150)) - [id: 0x9afe21cc, L:/0.0.0.0:39947] READ COMPLETE
2019-09-26 09:46:51,147 INFO  logging.LoggingHandler (AbstractInternalLogger.java:log(150)) - [id: 0xe4199513, L:/0.0.0.0:44114] READ: [id: 0x2d009899, L:/192.168.30.59:44114 - R:/192.168.30.59:52066]
2019-09-26 09:46:51,148 INFO  logging.LoggingHandler (AbstractInternalLogger.java:log(150)) - [id: 0x6bb8b8e1, L:/0.0.0.0:44467] READ COMPLETE
2019-09-26 09:46:51,148 INFO  logging.LoggingHandler (AbstractInternalLogger.java:log(150)) - [id: 0x4ef62f12, L:/0.0.0.0:33948] READ COMPLETE
2019-09-26 09:46:51,149 DEBUG impl.RaftServerImpl (RaftServerImpl.java:requestVote(743)) - s4@group-C7C5FA74E7D2: receive requestVote(s2, group-C7C5FA74E7D2, 2, (t:1, i:46))
2019-09-26 09:46:51,148 INFO  logging.LoggingHandler (AbstractInternalLogger.java:log(150)) - [id: 0xe4199513, L:/0.0.0.0:44114] READ COMPLETE
2019-09-26 09:46:51,149 INFO  util.CodeInjectionForTesting (BlockRequestHandlingInjection.java:execute(76)) - s0: Block request from s2
2019-09-26 09:46:51,149 DEBUG impl.RaftServerImpl (RaftServerImpl.java:requestVote(775)) - s4@group-C7C5FA74E7D2 replies to vote request: s2<-s4#0:FAIL-t1. Peer's state: s4@group-C7C5FA74E7D2:t1, leader=s1, voted=null, raftlog=s4@group-C7C5FA74E7D2-SegmentedRaftLog:OPENED:c47,f48,i48, conf=47: [s3:0.0.0.0:33948, s4:0.0.0.0:39947, s0:0.0.0.0:44467], old=null
2019-09-26 09:46:51,149 DEBUG impl.RaftServerImpl (RaftServerImpl.java:requestVote(743)) - s3@group-C7C5FA74E7D2: receive requestVote(s2, group-C7C5FA74E7D2, 2, (t:1, i:46))
2019-09-26 09:46:51,150 DEBUG impl.RaftServerImpl (RaftServerImpl.java:requestVote(743)) - s1@group-C7C5FA74E7D2: receive requestVote(s2, group-C7C5FA74E7D2, 2, (t:1, i:46))
2019-09-26 09:46:51,150 DEBUG impl.RaftServerImpl (RaftServerImpl.java:requestVote(775)) - s3@group-C7C5FA74E7D2 replies to vote request: s2<-s3#0:FAIL-t1. Peer's state: s3@group-C7C5FA74E7D2:t1, leader=s1, voted=null, raftlog=s3@group-C7C5FA74E7D2-SegmentedRaftLog:OPENED:c47,f48,i48, conf=47: [s3:0.0.0.0:33948, s4:0.0.0.0:39947, s0:0.0.0.0:44467], old=null
2019-09-26 09:46:51,154 INFO  impl.LeaderElection (LogUtils.java:infoOrTrace(149)) - s2@group-C7C5FA74E7D2-LeaderElection31 got exception when requesting votes: java.util.concurrent.ExecutionException: org.apache.ratis.protocol.ServerNotReadyException: s1@group-C7C5FA74E7D2 is not in [RUNNING]: current state is CLOSED
2019-09-26 09:46:51,294 INFO  impl.FollowerState (FollowerState.java:run(108)) - s4@group-C7C5FA74E7D2-FollowerState: change to CANDIDATE, lastRpcTime:268ms, electionTimeout:233ms
2019-09-26 09:46:51,294 INFO  impl.RoleInfo (RoleInfo.java:shutdownFollowerState(121)) - s4: shutdown FollowerState
2019-09-26 09:46:51,294 INFO  impl.RaftServerImpl (RaftServerImpl.java:setRole(170)) - s4@group-C7C5FA74E7D2: changes role from  FOLLOWER to CANDIDATE at term 1 for changeToCandidate
2019-09-26 09:46:51,294 INFO  impl.RoleInfo (RoleInfo.java:updateAndGet(143)) - s4: start LeaderElection
2019-09-26 09:46:51,295 INFO  impl.RaftServerImpl (ServerState.java:setLeader(254)) - s4@group-C7C5FA74E7D2: change Leader from s1 to null at term 1 for initElection
2019-09-26 09:46:51,308 INFO  impl.LeaderElection (LeaderElection.java:askForVotes(178)) - s4@group-C7C5FA74E7D2-LeaderElection32: begin an election at term 2 for 47: [s3:0.0.0.0:33948, s4:0.0.0.0:39947, s0:0.0.0.0:44467], old=null
2019-09-26 09:46:51,311 INFO  logging.LoggingHandler (AbstractInternalLogger.java:log(150)) - [id: 0x6bb8b8e1, L:/0.0.0.0:44467] READ: [id: 0x6df1700a, L:/192.168.30.59:44467 - R:/192.168.30.59:34290]
2019-09-26 09:46:51,311 INFO  logging.LoggingHandler (AbstractInternalLogger.java:log(150)) - [id: 0x4ef62f12, L:/0.0.0.0:33948] READ: [id: 0xcaeed8c9, L:/192.168.30.59:33948 - R:/192.168.30.59:32802]
2019-09-26 09:46:51,312 INFO  logging.LoggingHandler (AbstractInternalLogger.java:log(150)) - [id: 0x6bb8b8e1, L:/0.0.0.0:44467] READ COMPLETE
2019-09-26 09:46:51,312 INFO  logging.LoggingHandler (AbstractInternalLogger.java:log(150)) - [id: 0x4ef62f12, L:/0.0.0.0:33948] READ COMPLETE
2019-09-26 09:46:51,313 INFO  util.CodeInjectionForTesting (BlockRequestHandlingInjection.java:execute(76)) - s0: Block request from s4
2019-09-26 09:46:51,313 DEBUG impl.RaftServerImpl (RaftServerImpl.java:requestVote(743)) - s3@group-C7C5FA74E7D2: receive requestVote(s4, group-C7C5FA74E7D2, 2, (t:1, i:48))
2019-09-26 09:46:51,313 INFO  impl.RaftServerImpl (ServerState.java:setLeader(254)) - s3@group-C7C5FA74E7D2: change Leader from s1 to null at term 2 for updateCurrentTerm
2019-09-26 09:46:51,314 INFO  impl.RaftServerImpl (RaftServerImpl.java:setRole(170)) - s3@group-C7C5FA74E7D2: changes role from  FOLLOWER to FOLLOWER at term 2 for recognizeCandidate:s4
2019-09-26 09:46:51,314 INFO  impl.RoleInfo (RoleInfo.java:shutdownFollowerState(121)) - s3: shutdown FollowerState
2019-09-26 09:46:51,314 INFO  impl.RoleInfo (RoleInfo.java:updateAndGet(143)) - s3: start FollowerState
2019-09-26 09:46:51,314 INFO  impl.FollowerState (FollowerState.java:run(117)) - s3@group-C7C5FA74E7D2-FollowerState was interrupted: java.lang.InterruptedException: sleep interrupted
2019-09-26 09:46:51,328 DEBUG impl.RaftServerImpl (RaftServerImpl.java:requestVote(775)) - s3@group-C7C5FA74E7D2 replies to vote request: s4<-s3#0:OK-t2. Peer's state: s3@group-C7C5FA74E7D2:t2, leader=null, voted=s4, raftlog=s3@group-C7C5FA74E7D2-SegmentedRaftLog:OPENED:c47,f48,i48, conf=47: [s3:0.0.0.0:33948, s4:0.0.0.0:39947, s0:0.0.0.0:44467], old=null
2019-09-26 09:46:51,329 INFO  impl.LeaderElection (LeaderElection.java:logAndReturn(56)) - s4@group-C7C5FA74E7D2-LeaderElection32: Election PASSED; received 1 response(s) [s4<-s3#0:OK-t2] and 0 exception(s); s4@group-C7C5FA74E7D2:t2, leader=null, voted=s4, raftlog=s4@group-C7C5FA74E7D2-SegmentedRaftLog:OPENED:c47,f48,i48, conf=47: [s3:0.0.0.0:33948, s4:0.0.0.0:39947, s0:0.0.0.0:44467], old=null
2019-09-26 09:46:51,329 INFO  impl.RoleInfo (RoleInfo.java:shutdownLeaderElection(134)) - s4: shutdown LeaderElection
2019-09-26 09:46:51,329 INFO  impl.RaftServerImpl (RaftServerImpl.java:setRole(170)) - s4@group-C7C5FA74E7D2: changes role from CANDIDATE to LEADER at term 2 for changeToLeader
2019-09-26 09:46:51,329 INFO  impl.RaftServerImpl (ServerState.java:setLeader(254)) - s4@group-C7C5FA74E7D2: change Leader from null to s4 at term 2 for becomeLeader, leader elected after 34ms
2019-09-26 09:46:51,329 INFO  server.RaftServerConfigKeys (ConfUtils.java:logGet(43)) - raft.server.staging.catchup.gap = 10 (custom)
2019-09-26 09:46:51,329 INFO  server.RaftServerConfigKeys (ConfUtils.java:logGet(43)) - raft.server.rpc.sleep.time = 25ms (default)
2019-09-26 09:46:51,330 INFO  server.RaftServerConfigKeys (ConfUtils.java:logGet(43)) - raft.server.write.element-limit = 4096 (default)
2019-09-26 09:46:51,330 INFO  server.RaftServerConfigKeys (ConfUtils.java:logGet(43)) - raft.server.watch.timeout = 10s (default)
2019-09-26 09:46:51,330 INFO  server.RaftServerConfigKeys (ConfUtils.java:logGet(43)) - raft.server.watch.timeout.denomination = 1s (default)
2019-09-26 09:46:51,330 INFO  server.RaftServerConfigKeys (ConfUtils.java:logGet(43)) - raft.server.watch.element-limit = 65536 (default)
2019-09-26 09:46:51,333 INFO  server.RaftServerConfigKeys (ConfUtils.java:logGet(43)) - raft.server.log.appender.snapshot.chunk.size.max = 16MB (=16777216) (default)
2019-09-26 09:46:51,333 INFO  server.RaftServerConfigKeys (ConfUtils.java:logGet(43)) - raft.server.log.appender.buffer.byte-limit = 4MB (=4194304) (default)
2019-09-26 09:46:51,333 INFO  server.RaftServerConfigKeys (ConfUtils.java:logGet(43)) - raft.server.log.appender.buffer.element-limit = 0 (default)
2019-09-26 09:46:51,333 INFO  server.RaftServerConfigKeys (ConfUtils.java:logGet(43)) - raft.server.log.appender.snapshot.chunk.size.max = 16MB (=16777216) (default)
2019-09-26 09:46:51,334 INFO  server.RaftServerConfigKeys (ConfUtils.java:logGet(43)) - raft.server.log.appender.buffer.byte-limit = 4MB (=4194304) (default)
2019-09-26 09:46:51,334 INFO  server.RaftServerConfigKeys (ConfUtils.java:logGet(43)) - raft.server.log.appender.buffer.element-limit = 0 (default)
2019-09-26 09:46:51,334 INFO  impl.RoleInfo (RoleInfo.java:updateAndGet(143)) - s4: start LeaderState
2019-09-26 09:46:51,334 INFO  segmented.SegmentedRaftLogWorker (SegmentedRaftLogWorker.java:rollLogSegment(385)) - s4@group-C7C5FA74E7D2-SegmentedRaftLogWorker: Rolling segment log-0_48 to index:48
2019-09-26 09:46:51,335 INFO  impl.RaftServerImpl (ServerState.java:setRaftConf(355)) - s4@group-C7C5FA74E7D2: set configuration 49: [s3:0.0.0.0:33948, s4:0.0.0.0:39947, s0:0.0.0.0:44467], old=null at 49
2019-09-26 09:46:51,336 INFO  impl.RaftServerImpl (ServerState.java:setLeader(254)) - s3@group-C7C5FA74E7D2: change Leader from null to s4 at term 2 for appendEntries, leader elected after 22ms
2019-09-26 09:46:51,337 TRACE util.FileUtils (LogUtils.java:runAndLog(61)) - Successfully ran Files.move /workdir/ratis-test/target/test/data/bb022a74/MiniRaftClusterWithNettyb6b863ff/s4/6c8c0f0c-aad7-47a1-9364-c7c5fa74e7d2/current/log_inprogress_0 to /workdir/ratis-test/target/test/data/bb022a74/MiniRaftClusterWithNettyb6b863ff/s4/6c8c0f0c-aad7-47a1-9364-c7c5fa74e7d2/current/log_0-48
2019-09-26 09:46:51,337 INFO  segmented.SegmentedRaftLogWorker (SegmentedRaftLogWorker.java:execute(526)) - s4@group-C7C5FA74E7D2-SegmentedRaftLogWorker: Rolled log segment from /workdir/ratis-test/target/test/data/bb022a74/MiniRaftClusterWithNettyb6b863ff/s4/6c8c0f0c-aad7-47a1-9364-c7c5fa74e7d2/current/log_inprogress_0 to /workdir/ratis-test/target/test/data/bb022a74/MiniRaftClusterWithNettyb6b863ff/s4/6c8c0f0c-aad7-47a1-9364-c7c5fa74e7d2/current/log_0-48
2019-09-26 09:46:51,338 DEBUG impl.RaftServerImpl (RaftServerImpl.java:logAppendEntries(850)) - s3@group-C7C5FA74E7D2: receive appendEntries(s4, 2, (t:1, i:48), 47, false, commits[s4:c47, s3:c47, s0:c-1], entries: (t:2, i:49), CONFIGURATIONENTRY
2019-09-26 09:46:51,338 INFO  impl.RaftServerImpl (ServerState.java:setRaftConf(355)) - s3@group-C7C5FA74E7D2: set configuration 49: [s3:0.0.0.0:33948, s4:0.0.0.0:39947, s0:0.0.0.0:44467], old=null at 49
2019-09-26 09:46:51,338 INFO  segmented.SegmentedRaftLogWorker (SegmentedRaftLogWorker.java:rollLogSegment(385)) - s3@group-C7C5FA74E7D2-SegmentedRaftLogWorker: Rolling segment log-0_48 to index:48
2019-09-26 09:46:51,341 TRACE util.FileUtils (LogUtils.java:runAndLog(61)) - Successfully ran Files.move /workdir/ratis-test/target/test/data/bb022a74/MiniRaftClusterWithNettyb6b863ff/s3/6c8c0f0c-aad7-47a1-9364-c7c5fa74e7d2/current/log_inprogress_0 to /workdir/ratis-test/target/test/data/bb022a74/MiniRaftClusterWithNettyb6b863ff/s3/6c8c0f0c-aad7-47a1-9364-c7c5fa74e7d2/current/log_0-48
2019-09-26 09:46:51,341 INFO  segmented.SegmentedRaftLogWorker (SegmentedRaftLogWorker.java:execute(526)) - s3@group-C7C5FA74E7D2-SegmentedRaftLogWorker: Rolled log segment from /workdir/ratis-test/target/test/data/bb022a74/MiniRaftClusterWithNettyb6b863ff/s3/6c8c0f0c-aad7-47a1-9364-c7c5fa74e7d2/current/log_inprogress_0 to /workdir/ratis-test/target/test/data/bb022a74/MiniRaftClusterWithNettyb6b863ff/s3/6c8c0f0c-aad7-47a1-9364-c7c5fa74e7d2/current/log_0-48
2019-09-26 09:46:51,360 INFO  impl.LeaderElection (LeaderElection.java:logAndReturn(56)) - s0@group-C7C5FA74E7D2-LeaderElection30: Election TIMEOUT; received 0 response(s) [] and 0 exception(s); s0@group-C7C5FA74E7D2:t5, leader=null, voted=s0, raftlog=s0@group-C7C5FA74E7D2-SegmentedRaftLog:OPENED:c-1,f-1,i0, conf=-1: [s0:0.0.0.0:44467, s1:0.0.0.0:44114, s2:0.0.0.0:33497], old=null
2019-09-26 09:46:51,379 INFO  impl.LeaderElection (LeaderElection.java:logAndReturn(56)) - s2@group-C7C5FA74E7D2-LeaderElection31: Election TIMEOUT; received 2 response(s) [s2<-s3#0:FAIL-t1, s2<-s4#0:FAIL-t1] and 1 exception(s); s2@group-C7C5FA74E7D2:t2, leader=null, voted=s2, raftlog=s2@group-C7C5FA74E7D2-SegmentedRaftLog:OPENED:c45,f46,i46, conf=45: [s3:0.0.0.0:33948, s4:0.0.0.0:39947, s0:0.0.0.0:44467], old=[s3:0.0.0.0:33948, s4:0.0.0.0:39947, s0:0.0.0.0:44467, s1:0.0.0.0:44114, s2:0.0.0.0:33497]
2019-09-26 09:46:51,379 INFO  impl.LeaderElection (LogUtils.java:infoOrTrace(149)) -   Exception 0: java.util.concurrent.ExecutionException: org.apache.ratis.protocol.ServerNotReadyException: s1@group-C7C5FA74E7D2 is not in [RUNNING]: current state is CLOSED
2019-09-26 09:46:51,451 INFO  segmented.SegmentedRaftLogWorker (SegmentedRaftLogWorker.java:execute(569)) - s4@group-C7C5FA74E7D2-SegmentedRaftLogWorker: created new log segment /workdir/ratis-test/target/test/data/bb022a74/MiniRaftClusterWithNettyb6b863ff/s4/6c8c0f0c-aad7-47a1-9364-c7c5fa74e7d2/current/log_inprogress_49
2019-09-26 09:46:51,451 INFO  segmented.SegmentedRaftLogWorker (SegmentedRaftLogWorker.java:execute(569)) - s3@group-C7C5FA74E7D2-SegmentedRaftLogWorker: created new log segment /workdir/ratis-test/target/test/data/bb022a74/MiniRaftClusterWithNettyb6b863ff/s3/6c8c0f0c-aad7-47a1-9364-c7c5fa74e7d2/current/log_inprogress_49
2019-09-26 09:46:51,451 INFO  impl.LeaderElection (LeaderElection.java:askForVotes(178)) - s2@group-C7C5FA74E7D2-LeaderElection31: begin an election at term 3 for 45: [s3:0.0.0.0:33948, s4:0.0.0.0:39947, s0:0.0.0.0:44467], old=[s3:0.0.0.0:33948, s4:0.0.0.0:39947, s0:0.0.0.0:44467, s1:0.0.0.0:44114, s2:0.0.0.0:33497]
2019-09-26 09:46:51,451 INFO  impl.LeaderElection (LeaderElection.java:askForVotes(178)) - s0@group-C7C5FA74E7D2-LeaderElection30: begin an election at term 6 for -1: [s0:0.0.0.0:44467, s1:0.0.0.0:44114, s2:0.0.0.0:33497], old=null
2019-09-26 09:46:51,453 DEBUG impl.RaftServerImpl (RaftServerImpl.java:requestVote(743)) - s3@group-C7C5FA74E7D2: receive requestVote(s2, group-C7C5FA74E7D2, 3, (t:1, i:46))
2019-09-26 09:46:51,453 DEBUG impl.RaftServerImpl (RaftServerImpl.java:requestVote(743)) - s4@group-C7C5FA74E7D2: receive requestVote(s2, group-C7C5FA74E7D2, 3, (t:1, i:46))
2019-09-26 09:46:51,453 DEBUG impl.RaftServerImpl (RaftServerImpl.java:requestVote(775)) - s3@group-C7C5FA74E7D2 replies to vote request: s2<-s3#0:FAIL-t2. Peer's state: s3@group-C7C5FA74E7D2:t2, leader=s4, voted=s4, raftlog=s3@group-C7C5FA74E7D2-SegmentedRaftLog:OPENED:c47,f49,i49, conf=49: [s3:0.0.0.0:33948, s4:0.0.0.0:39947, s0:0.0.0.0:44467], old=null
2019-09-26 09:46:51,453 DEBUG impl.RaftServerImpl (RaftServerImpl.java:logAppendEntries(850)) - s3@group-C7C5FA74E7D2: succeeded to handle AppendEntries. Reply: s4<-s3#0:OK,SUCCESS,nextIndex:50,term:2,followerCommit:47
2019-09-26 09:46:51,454 DEBUG impl.RaftServerImpl (RaftServerImpl.java:requestVote(743)) - s1@group-C7C5FA74E7D2: receive requestVote(s2, group-C7C5FA74E7D2, 3, (t:1, i:46))
2019-09-26 09:46:51,453 DEBUG impl.RaftServerImpl (RaftServerImpl.java:requestVote(775)) - s4@group-C7C5FA74E7D2 replies to vote request: s2<-s4#0:FAIL-t2. Peer's state: s4@group-C7C5FA74E7D2:t2, leader=s4, voted=s4, raftlog=s4@group-C7C5FA74E7D2-SegmentedRaftLog:OPENED:c47,f49,i49, conf=49: [s3:0.0.0.0:33948, s4:0.0.0.0:39947, s0:0.0.0.0:44467], old=null
2019-09-26 09:46:51,457 DEBUG impl.RaftServerImpl (RaftServerImpl.java:logAppendEntries(850)) - s3@group-C7C5FA74E7D2: receive appendEntries(s4, 2, (t:2, i:49), 49, false, commits[s4:c49, s3:c47, s0:c-1], entries: (t:2, i:50), METADATAENTRY(c49)
2019-09-26 09:46:51,458 INFO  impl.LeaderElection (LogUtils.java:infoOrTrace(149)) - s2@group-C7C5FA74E7D2-LeaderElection31 got exception when requesting votes: java.util.concurrent.ExecutionException: org.apache.ratis.protocol.ServerNotReadyException: s1@group-C7C5FA74E7D2 is not in [RUNNING]: current state is CLOSED
2019-09-26 09:46:51,475 DEBUG impl.RaftServerImpl (RaftServerImpl.java:logAppendEntries(850)) - s3@group-C7C5FA74E7D2: succeeded to handle AppendEntries. Reply: s4<-s3#0:OK,SUCCESS,nextIndex:51,term:2,followerCommit:49
2019-09-26 09:46:51,663 INFO  impl.LeaderElection (LeaderElection.java:logAndReturn(56)) - s2@group-C7C5FA74E7D2-LeaderElection31: Election TIMEOUT; received 2 response(s) [s2<-s3#0:FAIL-t2, s2<-s4#0:FAIL-t2] and 1 exception(s); s2@group-C7C5FA74E7D2:t3, leader=null, voted=s2, raftlog=s2@group-C7C5FA74E7D2-SegmentedRaftLog:OPENED:c45,f46,i46, conf=45: [s3:0.0.0.0:33948, s4:0.0.0.0:39947, s0:0.0.0.0:44467], old=[s3:0.0.0.0:33948, s4:0.0.0.0:39947, s0:0.0.0.0:44467, s1:0.0.0.0:44114, s2:0.0.0.0:33497]
2019-09-26 09:46:51,664 INFO  impl.LeaderElection (LogUtils.java:infoOrTrace(149)) -   Exception 0: java.util.concurrent.ExecutionException: org.apache.ratis.protocol.ServerNotReadyException: s1@group-C7C5FA74E7D2 is not in [RUNNING]: current state is CLOSED
2019-09-26 09:46:51,670 INFO  impl.LeaderElection (LeaderElection.java:askForVotes(178)) - s2@group-C7C5FA74E7D2-LeaderElection31: begin an election at term 4 for 45: [s3:0.0.0.0:33948, s4:0.0.0.0:39947, s0:0.0.0.0:44467], old=[s3:0.0.0.0:33948, s4:0.0.0.0:39947, s0:0.0.0.0:44467, s1:0.0.0.0:44114, s2:0.0.0.0:33497]
2019-09-26 09:46:51,671 DEBUG impl.RaftServerImpl (RaftServerImpl.java:requestVote(743)) - s4@group-C7C5FA74E7D2: receive requestVote(s2, group-C7C5FA74E7D2, 4, (t:1, i:46))
2019-09-26 09:46:51,671 DEBUG impl.RaftServerImpl (RaftServerImpl.java:requestVote(743)) - s3@group-C7C5FA74E7D2: receive requestVote(s2, group-C7C5FA74E7D2, 4, (t:1, i:46))
2019-09-26 09:46:51,672 DEBUG impl.RaftServerImpl (RaftServerImpl.java:requestVote(743)) - s1@group-C7C5FA74E7D2: receive requestVote(s2, group-C7C5FA74E7D2, 4, (t:1, i:46))
2019-09-26 09:46:51,671 DEBUG impl.RaftServerImpl (RaftServerImpl.java:requestVote(775)) - s4@group-C7C5FA74E7D2 replies to vote request: s2<-s4#0:FAIL-t2. Peer's state: s4@group-C7C5FA74E7D2:t2, leader=s4, voted=s4, raftlog=s4@group-C7C5FA74E7D2-SegmentedRaftLog:OPENED:c50,f50,i50, conf=49: [s3:0.0.0.0:33948, s4:0.0.0.0:39947, s0:0.0.0.0:44467], old=null
2019-09-26 09:46:51,672 DEBUG impl.RaftServerImpl (RaftServerImpl.java:requestVote(775)) - s3@group-C7C5FA74E7D2 replies to vote request: s2<-s3#0:FAIL-t2. Peer's state: s3@group-C7C5FA74E7D2:t2, leader=s4, voted=s4, raftlog=s3@group-C7C5FA74E7D2-SegmentedRaftLog:OPENED:c50,f50,i50, conf=49: [s3:0.0.0.0:33948, s4:0.0.0.0:39947, s0:0.0.0.0:44467], old=null
2019-09-26 09:46:51,673 INFO  impl.LeaderElection (LeaderElection.java:logAndReturn(56)) - s2@group-C7C5FA74E7D2-LeaderElection31: Election SHUTDOWN; received 1 response(s) [s2<-s4#0:FAIL-t2] and 0 exception(s); s2@group-C7C5FA74E7D2:t4, leader=null, voted=s2, raftlog=s2@group-C7C5FA74E7D2-SegmentedRaftLog:OPENED:c45,f46,i46, conf=45: [s3:0.0.0.0:33948, s4:0.0.0.0:39947, s0:0.0.0.0:44467], old=[s3:0.0.0.0:33948, s4:0.0.0.0:39947, s0:0.0.0.0:44467, s1:0.0.0.0:44114, s2:0.0.0.0:33497]
2019-09-26 09:46:51,673 INFO  impl.LeaderElection (LeaderElection.java:askForVotes(213)) - s2@group-C7C5FA74E7D2-LeaderElection31 received shutdown response when requesting votes.
2019-09-26 09:46:51,673 INFO  impl.RaftServerProxy (RaftServerProxy.java:lambda$close$4(314)) - s2: close
2019-09-26 09:46:51,674 INFO  impl.RaftServerImpl (RaftServerImpl.java:lambda$shutdown$3(247)) - s2@group-C7C5FA74E7D2: shutdown
2019-09-26 09:46:51,674 INFO  util.JmxRegister (JmxRegister.java:unregister(73)) - Successfully un-registered JMX Bean with object name Ratis:service=RaftServer,group=group-C7C5FA74E7D2,id=s2
2019-09-26 09:46:51,674 INFO  impl.RoleInfo (RoleInfo.java:shutdownLeaderElection(134)) - s2: shutdown LeaderElection
2019-09-26 09:46:51,675 INFO  impl.StateMachineUpdater (StateMachineUpdater.java:stopAndJoin(136)) - s2@group-C7C5FA74E7D2-StateMachineUpdater: set stopIndex = 45
2019-09-26 09:46:51,675 INFO  impl.RaftServerImpl (ServerState.java:close(386)) - s2@group-C7C5FA74E7D2: closes. applyIndex: 45
2019-09-26 09:46:51,676 INFO  segmented.SegmentedRaftLogWorker (SegmentedRaftLogWorker.java:run(313)) - s2@group-C7C5FA74E7D2-SegmentedRaftLogWorker was interrupted, exiting. There are 0 tasks remaining in the queue.
2019-09-26 09:46:51,678 INFO  segmented.SegmentedRaftLogWorker (SegmentedRaftLogWorker.java:close(228)) - s2@group-C7C5FA74E7D2-SegmentedRaftLogWorker close()
2019-09-26 09:46:51,681 INFO  logging.LoggingHandler (AbstractInternalLogger.java:log(150)) - [id: 0x125e8bce, L:/0.0.0.0:33497] UNREGISTERED
2019-09-26 09:46:51,710 INFO  impl.LeaderElection (LeaderElection.java:logAndReturn(56)) - s0@group-C7C5FA74E7D2-LeaderElection30: Election TIMEOUT; received 0 response(s) [] and 0 exception(s); s0@group-C7C5FA74E7D2:t6, leader=null, voted=s0, raftlog=s0@group-C7C5FA74E7D2-SegmentedRaftLog:OPENED:c-1,f-1,i0, conf=-1: [s0:0.0.0.0:44467, s1:0.0.0.0:44114, s2:0.0.0.0:33497], old=null
2019-09-26 09:46:51,723 INFO  impl.LeaderElection (LeaderElection.java:askForVotes(178)) - s0@group-C7C5FA74E7D2-LeaderElection30: begin an election at term 7 for -1: [s0:0.0.0.0:44467, s1:0.0.0.0:44114, s2:0.0.0.0:33497], old=null
2019-09-26 09:46:51,917 INFO  impl.LeaderElection (LeaderElection.java:logAndReturn(56)) - s0@group-C7C5FA74E7D2-LeaderElection30: Election TIMEOUT; received 0 response(s) [] and 0 exception(s); s0@group-C7C5FA74E7D2:t7, leader=null, voted=s0, raftlog=s0@group-C7C5FA74E7D2-SegmentedRaftLog:OPENED:c-1,f-1,i0, conf=-1: [s0:0.0.0.0:44467, s1:0.0.0.0:44114, s2:0.0.0.0:33497], old=null
2019-09-26 09:46:51,942 INFO  impl.LeaderElection (LeaderElection.java:askForVotes(178)) - s0@group-C7C5FA74E7D2-LeaderElection30: begin an election at term 8 for -1: [s0:0.0.0.0:44467, s1:0.0.0.0:44114, s2:0.0.0.0:33497], old=null
2019-09-26 09:46:52,142 INFO  impl.RaftServerTestUtil (RaftServerTestUtil.java:waitAndCheckNewConf(58)) - waitAndCheckNewConf: peers=[s3:0.0.0.0:33948, s4:0.0.0.0:39947, s0:0.0.0.0:44467], deadPeers=null, printing ALL groups
  s3:  RUNNING  FOLLOWER s3@group-C7C5FA74E7D2:t2, leader=s4, voted=s4, raftlog=s3@group-C7C5FA74E7D2-SegmentedRaftLog:OPENED:c50,f50,i50, conf=49: [s3:0.0.0.0:33948, s4:0.0.0.0:39947, s0:0.0.0.0:44467], old=null RUNNING
  s4:  RUNNING    LEADER s4@group-C7C5FA74E7D2:t2, leader=s4, voted=s4, raftlog=s4@group-C7C5FA74E7D2-SegmentedRaftLog:OPENED:c50,f50,i50, conf=49: [s3:0.0.0.0:33948, s4:0.0.0.0:39947, s0:0.0.0.0:44467], old=null RUNNING
  s0:  RUNNING CANDIDATE s0@group-C7C5FA74E7D2:t8, leader=null, voted=s0, raftlog=s0@group-C7C5FA74E7D2-SegmentedRaftLog:OPENED:c-1,f-1,i0, conf=-1: [s0:0.0.0.0:44467, s1:0.0.0.0:44114, s2:0.0.0.0:33497], old=null RUNNING
  s1:  RUNNING    LEADER s1@group-C7C5FA74E7D2:t1, leader=s1, voted=s1, raftlog=s1@group-C7C5FA74E7D2-SegmentedRaftLog:CLOSED:c47, conf=47: [s3:0.0.0.0:33948, s4:0.0.0.0:39947, s0:0.0.0.0:44467], old=null CLOSED
  s2:   CLOSED CANDIDATE s2@group-C7C5FA74E7D2:t4, leader=null, voted=s2, raftlog=s2@group-C7C5FA74E7D2-SegmentedRaftLog:CLOSED:c45, conf=45: [s3:0.0.0.0:33948, s4:0.0.0.0:39947, s0:0.0.0.0:44467], old=[s3:0.0.0.0:33948, s4:0.0.0.0:39947, s0:0.0.0.0:44467, s1:0.0.0.0:44114, s2:0.0.0.0:33497] CLOSED
2019-09-26 09:46:52,143 INFO  impl.RaftServerTestUtil (RaftServerTestUtil.java:waitAndCheckNewConf(66)) - checking  FOLLOWER s3@group-C7C5FA74E7D2:t2, leader=s4, voted=s4, raftlog=s3@group-C7C5FA74E7D2-SegmentedRaftLog:OPENED:c50,f50,i50, conf=49: [s3:0.0.0.0:33948, s4:0.0.0.0:39947, s0:0.0.0.0:44467], old=null RUNNING
2019-09-26 09:46:52,143 INFO  impl.RaftServerTestUtil (RaftServerTestUtil.java:waitAndCheckNewConf(66)) - checking    LEADER s4@group-C7C5FA74E7D2:t2, leader=s4, voted=s4, raftlog=s4@group-C7C5FA74E7D2-SegmentedRaftLog:OPENED:c50,f50,i50, conf=49: [s3:0.0.0.0:33948, s4:0.0.0.0:39947, s0:0.0.0.0:44467], old=null RUNNING
2019-09-26 09:46:52,143 INFO  impl.RaftServerTestUtil (RaftServerTestUtil.java:waitAndCheckNewConf(66)) - checking CANDIDATE s0@group-C7C5FA74E7D2:t8, leader=null, voted=s0, raftlog=s0@group-C7C5FA74E7D2-SegmentedRaftLog:OPENED:c-1,f-1,i0, conf=-1: [s0:0.0.0.0:44467, s1:0.0.0.0:44114, s2:0.0.0.0:33497], old=null RUNNING
2019-09-26 09:46:52,144 WARN  impl.RaftServerTestUtil (JavaUtils.java:attempt(158)) - FAILED "waitAndCheckNewConf", attempt #2/10: java.lang.AssertionError, sleep 1200ms and then retry.
java.lang.AssertionError
	at org.junit.Assert.fail(Assert.java:86)
	at org.junit.Assert.assertTrue(Assert.java:41)
	at org.junit.Assert.assertTrue(Assert.java:52)
	at org.apache.ratis.server.impl.RaftServerTestUtil.waitAndCheckNewConf(RaftServerTestUtil.java:76)
	at org.apache.ratis.server.impl.RaftServerTestUtil.lambda$waitAndCheckNewConf$1(RaftServerTestUtil.java:53)
	at org.apache.ratis.util.function.CheckedRunnable.lambda$asCheckedSupplier$0(CheckedRunnable.java:32)
	at org.apache.ratis.util.JavaUtils.attempt(JavaUtils.java:152)
	at org.apache.ratis.util.JavaUtils.attempt(JavaUtils.java:172)
	at org.apache.ratis.server.impl.RaftServerTestUtil.waitAndCheckNewConf(RaftServerTestUtil.java:53)
	at org.apache.ratis.server.impl.RaftReconfigurationBaseTest.runTestReconfTwice(RaftReconfigurationBaseTest.java:187)
	at org.apache.ratis.MiniRaftCluster$Factory$Get.runWithNewCluster(MiniRaftCluster.java:125)
	at org.apache.ratis.MiniRaftCluster$Factory$Get.runWithNewCluster(MiniRaftCluster.java:113)
	at org.apache.ratis.server.impl.RaftReconfigurationBaseTest.testReconfTwice(RaftReconfigurationBaseTest.java:140)
	at sun.reflect.NativeMethodAccessorImpl.invoke0(Native Method)
	at sun.reflect.NativeMethodAccessorImpl.invoke(NativeMethodAccessorImpl.java:62)
	at sun.reflect.DelegatingMethodAccessorImpl.invoke(DelegatingMethodAccessorImpl.java:43)
	at java.lang.reflect.Method.invoke(Method.java:498)
	at org.junit.runners.model.FrameworkMethod$1.runReflectiveCall(FrameworkMethod.java:50)
	at org.junit.internal.runners.model.ReflectiveCallable.run(ReflectiveCallable.java:12)
	at org.junit.runners.model.FrameworkMethod.invokeExplosively(FrameworkMethod.java:47)
	at org.junit.internal.runners.statements.InvokeMethod.evaluate(InvokeMethod.java:17)
	at org.junit.internal.runners.statements.FailOnTimeout$CallableStatement.call(FailOnTimeout.java:298)
	at org.junit.internal.runners.statements.FailOnTimeout$CallableStatement.call(FailOnTimeout.java:292)
	at java.util.concurrent.FutureTask.run(FutureTask.java:266)
	at java.lang.Thread.run(Thread.java:748)
2019-09-26 09:46:52,184 INFO  impl.LeaderElection (LeaderElection.java:logAndReturn(56)) - s0@group-C7C5FA74E7D2-LeaderElection30: Election TIMEOUT; received 0 response(s) [] and 0 exception(s); s0@group-C7C5FA74E7D2:t8, leader=null, voted=s0, raftlog=s0@group-C7C5FA74E7D2-SegmentedRaftLog:OPENED:c-1,f-1,i0, conf=-1: [s0:0.0.0.0:44467, s1:0.0.0.0:44114, s2:0.0.0.0:33497], old=null
2019-09-26 09:46:52,198 INFO  impl.LeaderElection (LeaderElection.java:askForVotes(178)) - s0@group-C7C5FA74E7D2-LeaderElection30: begin an election at term 9 for -1: [s0:0.0.0.0:44467, s1:0.0.0.0:44114, s2:0.0.0.0:33497], old=null
2019-09-26 09:46:52,387 INFO  impl.LeaderElection (LeaderElection.java:logAndReturn(56)) - s0@group-C7C5FA74E7D2-LeaderElection30: Election TIMEOUT; received 0 response(s) [] and 0 exception(s); s0@group-C7C5FA74E7D2:t9, leader=null, voted=s0, raftlog=s0@group-C7C5FA74E7D2-SegmentedRaftLog:OPENED:c-1,f-1,i0, conf=-1: [s0:0.0.0.0:44467, s1:0.0.0.0:44114, s2:0.0.0.0:33497], old=null
2019-09-26 09:46:52,402 INFO  impl.LeaderElection (LeaderElection.java:askForVotes(178)) - s0@group-C7C5FA74E7D2-LeaderElection30: begin an election at term 10 for -1: [s0:0.0.0.0:44467, s1:0.0.0.0:44114, s2:0.0.0.0:33497], old=null
2019-09-26 09:46:52,573 INFO  impl.LeaderElection (LeaderElection.java:logAndReturn(56)) - s0@group-C7C5FA74E7D2-LeaderElection30: Election TIMEOUT; received 0 response(s) [] and 0 exception(s); s0@group-C7C5FA74E7D2:t10, leader=null, voted=s0, raftlog=s0@group-C7C5FA74E7D2-SegmentedRaftLog:OPENED:c-1,f-1,i0, conf=-1: [s0:0.0.0.0:44467, s1:0.0.0.0:44114, s2:0.0.0.0:33497], old=null
2019-09-26 09:46:52,587 INFO  impl.LeaderElection (LeaderElection.java:askForVotes(178)) - s0@group-C7C5FA74E7D2-LeaderElection30: begin an election at term 11 for -1: [s0:0.0.0.0:44467, s1:0.0.0.0:44114, s2:0.0.0.0:33497], old=null
2019-09-26 09:46:52,856 INFO  impl.LeaderElection (LeaderElection.java:logAndReturn(56)) - s0@group-C7C5FA74E7D2-LeaderElection30: Election TIMEOUT; received 0 response(s) [] and 0 exception(s); s0@group-C7C5FA74E7D2:t11, leader=null, voted=s0, raftlog=s0@group-C7C5FA74E7D2-SegmentedRaftLog:OPENED:c-1,f-1,i0, conf=-1: [s0:0.0.0.0:44467, s1:0.0.0.0:44114, s2:0.0.0.0:33497], old=null
2019-09-26 09:46:52,878 INFO  impl.LeaderElection (LeaderElection.java:askForVotes(178)) - s0@group-C7C5FA74E7D2-LeaderElection30: begin an election at term 12 for -1: [s0:0.0.0.0:44467, s1:0.0.0.0:44114, s2:0.0.0.0:33497], old=null
2019-09-26 09:46:53,085 INFO  impl.LeaderElection (LeaderElection.java:logAndReturn(56)) - s0@group-C7C5FA74E7D2-LeaderElection30: Election TIMEOUT; received 0 response(s) [] and 0 exception(s); s0@group-C7C5FA74E7D2:t12, leader=null, voted=s0, raftlog=s0@group-C7C5FA74E7D2-SegmentedRaftLog:OPENED:c-1,f-1,i0, conf=-1: [s0:0.0.0.0:44467, s1:0.0.0.0:44114, s2:0.0.0.0:33497], old=null
2019-09-26 09:46:53,098 INFO  impl.LeaderElection (LeaderElection.java:askForVotes(178)) - s0@group-C7C5FA74E7D2-LeaderElection30: begin an election at term 13 for -1: [s0:0.0.0.0:44467, s1:0.0.0.0:44114, s2:0.0.0.0:33497], old=null
2019-09-26 09:46:53,265 INFO  impl.LeaderElection (LeaderElection.java:logAndReturn(56)) - s0@group-C7C5FA74E7D2-LeaderElection30: Election TIMEOUT; received 0 response(s) [] and 0 exception(s); s0@group-C7C5FA74E7D2:t13, leader=null, voted=s0, raftlog=s0@group-C7C5FA74E7D2-SegmentedRaftLog:OPENED:c-1,f-1,i0, conf=-1: [s0:0.0.0.0:44467, s1:0.0.0.0:44114, s2:0.0.0.0:33497], old=null
2019-09-26 09:46:53,286 INFO  impl.LeaderElection (LeaderElection.java:askForVotes(178)) - s0@group-C7C5FA74E7D2-LeaderElection30: begin an election at term 14 for -1: [s0:0.0.0.0:44467, s1:0.0.0.0:44114, s2:0.0.0.0:33497], old=null
2019-09-26 09:46:53,344 INFO  impl.RaftServerTestUtil (RaftServerTestUtil.java:waitAndCheckNewConf(58)) - waitAndCheckNewConf: peers=[s3:0.0.0.0:33948, s4:0.0.0.0:39947, s0:0.0.0.0:44467], deadPeers=null, printing ALL groups
  s3:  RUNNING  FOLLOWER s3@group-C7C5FA74E7D2:t2, leader=s4, voted=s4, raftlog=s3@group-C7C5FA74E7D2-SegmentedRaftLog:OPENED:c50,f50,i50, conf=49: [s3:0.0.0.0:33948, s4:0.0.0.0:39947, s0:0.0.0.0:44467], old=null RUNNING
  s4:  RUNNING    LEADER s4@group-C7C5FA74E7D2:t2, leader=s4, voted=s4, raftlog=s4@group-C7C5FA74E7D2-SegmentedRaftLog:OPENED:c50,f50,i50, conf=49: [s3:0.0.0.0:33948, s4:0.0.0.0:39947, s0:0.0.0.0:44467], old=null RUNNING
  s0:  RUNNING CANDIDATE s0@group-C7C5FA74E7D2:t14, leader=null, voted=s0, raftlog=s0@group-C7C5FA74E7D2-SegmentedRaftLog:OPENED:c-1,f-1,i0, conf=-1: [s0:0.0.0.0:44467, s1:0.0.0.0:44114, s2:0.0.0.0:33497], old=null RUNNING
  s1:  RUNNING    LEADER s1@group-C7C5FA74E7D2:t1, leader=s1, voted=s1, raftlog=s1@group-C7C5FA74E7D2-SegmentedRaftLog:CLOSED:c47, conf=47: [s3:0.0.0.0:33948, s4:0.0.0.0:39947, s0:0.0.0.0:44467], old=null CLOSED
  s2:   CLOSED CANDIDATE s2@group-C7C5FA74E7D2:t4, leader=null, voted=s2, raftlog=s2@group-C7C5FA74E7D2-SegmentedRaftLog:CLOSED:c45, conf=45: [s3:0.0.0.0:33948, s4:0.0.0.0:39947, s0:0.0.0.0:44467], old=[s3:0.0.0.0:33948, s4:0.0.0.0:39947, s0:0.0.0.0:44467, s1:0.0.0.0:44114, s2:0.0.0.0:33497] CLOSED
2019-09-26 09:46:53,345 INFO  impl.RaftServerTestUtil (RaftServerTestUtil.java:waitAndCheckNewConf(66)) - checking  FOLLOWER s3@group-C7C5FA74E7D2:t2, leader=s4, voted=s4, raftlog=s3@group-C7C5FA74E7D2-SegmentedRaftLog:OPENED:c50,f50,i50, conf=49: [s3:0.0.0.0:33948, s4:0.0.0.0:39947, s0:0.0.0.0:44467], old=null RUNNING
2019-09-26 09:46:53,345 INFO  impl.RaftServerTestUtil (RaftServerTestUtil.java:waitAndCheckNewConf(66)) - checking    LEADER s4@group-C7C5FA74E7D2:t2, leader=s4, voted=s4, raftlog=s4@group-C7C5FA74E7D2-SegmentedRaftLog:OPENED:c50,f50,i50, conf=49: [s3:0.0.0.0:33948, s4:0.0.0.0:39947, s0:0.0.0.0:44467], old=null RUNNING
2019-09-26 09:46:53,345 INFO  impl.RaftServerTestUtil (RaftServerTestUtil.java:waitAndCheckNewConf(66)) - checking CANDIDATE s0@group-C7C5FA74E7D2:t14, leader=null, voted=s0, raftlog=s0@group-C7C5FA74E7D2-SegmentedRaftLog:OPENED:c-1,f-1,i0, conf=-1: [s0:0.0.0.0:44467, s1:0.0.0.0:44114, s2:0.0.0.0:33497], old=null RUNNING
2019-09-26 09:46:53,346 WARN  impl.RaftServerTestUtil (JavaUtils.java:attempt(158)) - FAILED "waitAndCheckNewConf", attempt #3/10: java.lang.AssertionError, sleep 1200ms and then retry.
java.lang.AssertionError
	at org.junit.Assert.fail(Assert.java:86)
	at org.junit.Assert.assertTrue(Assert.java:41)
	at org.junit.Assert.assertTrue(Assert.java:52)
	at org.apache.ratis.server.impl.RaftServerTestUtil.waitAndCheckNewConf(RaftServerTestUtil.java:76)
	at org.apache.ratis.server.impl.RaftServerTestUtil.lambda$waitAndCheckNewConf$1(RaftServerTestUtil.java:53)
	at org.apache.ratis.util.function.CheckedRunnable.lambda$asCheckedSupplier$0(CheckedRunnable.java:32)
	at org.apache.ratis.util.JavaUtils.attempt(JavaUtils.java:152)
	at org.apache.ratis.util.JavaUtils.attempt(JavaUtils.java:172)
	at org.apache.ratis.server.impl.RaftServerTestUtil.waitAndCheckNewConf(RaftServerTestUtil.java:53)
	at org.apache.ratis.server.impl.RaftReconfigurationBaseTest.runTestReconfTwice(RaftReconfigurationBaseTest.java:187)
	at org.apache.ratis.MiniRaftCluster$Factory$Get.runWithNewCluster(MiniRaftCluster.java:125)
	at org.apache.ratis.MiniRaftCluster$Factory$Get.runWithNewCluster(MiniRaftCluster.java:113)
	at org.apache.ratis.server.impl.RaftReconfigurationBaseTest.testReconfTwice(RaftReconfigurationBaseTest.java:140)
	at sun.reflect.NativeMethodAccessorImpl.invoke0(Native Method)
	at sun.reflect.NativeMethodAccessorImpl.invoke(NativeMethodAccessorImpl.java:62)
	at sun.reflect.DelegatingMethodAccessorImpl.invoke(DelegatingMethodAccessorImpl.java:43)
	at java.lang.reflect.Method.invoke(Method.java:498)
	at org.junit.runners.model.FrameworkMethod$1.runReflectiveCall(FrameworkMethod.java:50)
	at org.junit.internal.runners.model.ReflectiveCallable.run(ReflectiveCallable.java:12)
	at org.junit.runners.model.FrameworkMethod.invokeExplosively(FrameworkMethod.java:47)
	at org.junit.internal.runners.statements.InvokeMethod.evaluate(InvokeMethod.java:17)
	at org.junit.internal.runners.statements.FailOnTimeout$CallableStatement.call(FailOnTimeout.java:298)
	at org.junit.internal.runners.statements.FailOnTimeout$CallableStatement.call(FailOnTimeout.java:292)
	at java.util.concurrent.FutureTask.run(FutureTask.java:266)
	at java.lang.Thread.run(Thread.java:748)
2019-09-26 09:46:53,471 INFO  impl.LeaderElection (LeaderElection.java:logAndReturn(56)) - s0@group-C7C5FA74E7D2-LeaderElection30: Election TIMEOUT; received 0 response(s) [] and 0 exception(s); s0@group-C7C5FA74E7D2:t14, leader=null, voted=s0, raftlog=s0@group-C7C5FA74E7D2-SegmentedRaftLog:OPENED:c-1,f-1,i0, conf=-1: [s0:0.0.0.0:44467, s1:0.0.0.0:44114, s2:0.0.0.0:33497], old=null
2019-09-26 09:46:53,484 INFO  impl.LeaderElection (LeaderElection.java:askForVotes(178)) - s0@group-C7C5FA74E7D2-LeaderElection30: begin an election at term 15 for -1: [s0:0.0.0.0:44467, s1:0.0.0.0:44114, s2:0.0.0.0:33497], old=null
2019-09-26 09:46:53,736 INFO  impl.LeaderElection (LeaderElection.java:logAndReturn(56)) - s0@group-C7C5FA74E7D2-LeaderElection30: Election TIMEOUT; received 0 response(s) [] and 0 exception(s); s0@group-C7C5FA74E7D2:t15, leader=null, voted=s0, raftlog=s0@group-C7C5FA74E7D2-SegmentedRaftLog:OPENED:c-1,f-1,i0, conf=-1: [s0:0.0.0.0:44467, s1:0.0.0.0:44114, s2:0.0.0.0:33497], old=null
2019-09-26 09:46:53,757 INFO  impl.LeaderElection (LeaderElection.java:askForVotes(178)) - s0@group-C7C5FA74E7D2-LeaderElection30: begin an election at term 16 for -1: [s0:0.0.0.0:44467, s1:0.0.0.0:44114, s2:0.0.0.0:33497], old=null
2019-09-26 09:46:54,044 INFO  impl.LeaderElection (LeaderElection.java:logAndReturn(56)) - s0@group-C7C5FA74E7D2-LeaderElection30: Election TIMEOUT; received 0 response(s) [] and 0 exception(s); s0@group-C7C5FA74E7D2:t16, leader=null, voted=s0, raftlog=s0@group-C7C5FA74E7D2-SegmentedRaftLog:OPENED:c-1,f-1,i0, conf=-1: [s0:0.0.0.0:44467, s1:0.0.0.0:44114, s2:0.0.0.0:33497], old=null
2019-09-26 09:46:54,058 INFO  impl.LeaderElection (LeaderElection.java:askForVotes(178)) - s0@group-C7C5FA74E7D2-LeaderElection30: begin an election at term 17 for -1: [s0:0.0.0.0:44467, s1:0.0.0.0:44114, s2:0.0.0.0:33497], old=null
2019-09-26 09:46:54,241 INFO  impl.LeaderElection (LeaderElection.java:logAndReturn(56)) - s0@group-C7C5FA74E7D2-LeaderElection30: Election TIMEOUT; received 0 response(s) [] and 0 exception(s); s0@group-C7C5FA74E7D2:t17, leader=null, voted=s0, raftlog=s0@group-C7C5FA74E7D2-SegmentedRaftLog:OPENED:c-1,f-1,i0, conf=-1: [s0:0.0.0.0:44467, s1:0.0.0.0:44114, s2:0.0.0.0:33497], old=null
2019-09-26 09:46:54,254 INFO  impl.LeaderElection (LeaderElection.java:askForVotes(178)) - s0@group-C7C5FA74E7D2-LeaderElection30: begin an election at term 18 for -1: [s0:0.0.0.0:44467, s1:0.0.0.0:44114, s2:0.0.0.0:33497], old=null
2019-09-26 09:46:54,454 INFO  impl.LeaderElection (LeaderElection.java:logAndReturn(56)) - s0@group-C7C5FA74E7D2-LeaderElection30: Election TIMEOUT; received 0 response(s) [] and 0 exception(s); s0@group-C7C5FA74E7D2:t18, leader=null, voted=s0, raftlog=s0@group-C7C5FA74E7D2-SegmentedRaftLog:OPENED:c-1,f-1,i0, conf=-1: [s0:0.0.0.0:44467, s1:0.0.0.0:44114, s2:0.0.0.0:33497], old=null
2019-09-26 09:46:54,467 INFO  impl.LeaderElection (LeaderElection.java:askForVotes(178)) - s0@group-C7C5FA74E7D2-LeaderElection30: begin an election at term 19 for -1: [s0:0.0.0.0:44467, s1:0.0.0.0:44114, s2:0.0.0.0:33497], old=null
2019-09-26 09:46:54,546 INFO  impl.RaftServerTestUtil (RaftServerTestUtil.java:waitAndCheckNewConf(58)) - waitAndCheckNewConf: peers=[s3:0.0.0.0:33948, s4:0.0.0.0:39947, s0:0.0.0.0:44467], deadPeers=null, printing ALL groups
  s3:  RUNNING  FOLLOWER s3@group-C7C5FA74E7D2:t2, leader=s4, voted=s4, raftlog=s3@group-C7C5FA74E7D2-SegmentedRaftLog:OPENED:c50,f50,i50, conf=49: [s3:0.0.0.0:33948, s4:0.0.0.0:39947, s0:0.0.0.0:44467], old=null RUNNING
  s4:  RUNNING    LEADER s4@group-C7C5FA74E7D2:t2, leader=s4, voted=s4, raftlog=s4@group-C7C5FA74E7D2-SegmentedRaftLog:OPENED:c50,f50,i50, conf=49: [s3:0.0.0.0:33948, s4:0.0.0.0:39947, s0:0.0.0.0:44467], old=null RUNNING
  s0:  RUNNING CANDIDATE s0@group-C7C5FA74E7D2:t19, leader=null, voted=s0, raftlog=s0@group-C7C5FA74E7D2-SegmentedRaftLog:OPENED:c-1,f-1,i0, conf=-1: [s0:0.0.0.0:44467, s1:0.0.0.0:44114, s2:0.0.0.0:33497], old=null RUNNING
  s1:  RUNNING    LEADER s1@group-C7C5FA74E7D2:t1, leader=s1, voted=s1, raftlog=s1@group-C7C5FA74E7D2-SegmentedRaftLog:CLOSED:c47, conf=47: [s3:0.0.0.0:33948, s4:0.0.0.0:39947, s0:0.0.0.0:44467], old=null CLOSED
  s2:   CLOSED CANDIDATE s2@group-C7C5FA74E7D2:t4, leader=null, voted=s2, raftlog=s2@group-C7C5FA74E7D2-SegmentedRaftLog:CLOSED:c45, conf=45: [s3:0.0.0.0:33948, s4:0.0.0.0:39947, s0:0.0.0.0:44467], old=[s3:0.0.0.0:33948, s4:0.0.0.0:39947, s0:0.0.0.0:44467, s1:0.0.0.0:44114, s2:0.0.0.0:33497] CLOSED
2019-09-26 09:46:54,547 INFO  impl.RaftServerTestUtil (RaftServerTestUtil.java:waitAndCheckNewConf(66)) - checking  FOLLOWER s3@group-C7C5FA74E7D2:t2, leader=s4, voted=s4, raftlog=s3@group-C7C5FA74E7D2-SegmentedRaftLog:OPENED:c50,f50,i50, conf=49: [s3:0.0.0.0:33948, s4:0.0.0.0:39947, s0:0.0.0.0:44467], old=null RUNNING
2019-09-26 09:46:54,547 INFO  impl.RaftServerTestUtil (RaftServerTestUtil.java:waitAndCheckNewConf(66)) - checking    LEADER s4@group-C7C5FA74E7D2:t2, leader=s4, voted=s4, raftlog=s4@group-C7C5FA74E7D2-SegmentedRaftLog:OPENED:c50,f50,i50, conf=49: [s3:0.0.0.0:33948, s4:0.0.0.0:39947, s0:0.0.0.0:44467], old=null RUNNING
2019-09-26 09:46:54,547 INFO  impl.RaftServerTestUtil (RaftServerTestUtil.java:waitAndCheckNewConf(66)) - checking CANDIDATE s0@group-C7C5FA74E7D2:t19, leader=null, voted=s0, raftlog=s0@group-C7C5FA74E7D2-SegmentedRaftLog:OPENED:c-1,f-1,i0, conf=-1: [s0:0.0.0.0:44467, s1:0.0.0.0:44114, s2:0.0.0.0:33497], old=null RUNNING
2019-09-26 09:46:54,548 WARN  impl.RaftServerTestUtil (JavaUtils.java:attempt(158)) - FAILED "waitAndCheckNewConf", attempt #4/10: java.lang.AssertionError, sleep 1200ms and then retry.
java.lang.AssertionError
	at org.junit.Assert.fail(Assert.java:86)
	at org.junit.Assert.assertTrue(Assert.java:41)
	at org.junit.Assert.assertTrue(Assert.java:52)
	at org.apache.ratis.server.impl.RaftServerTestUtil.waitAndCheckNewConf(RaftServerTestUtil.java:76)
	at org.apache.ratis.server.impl.RaftServerTestUtil.lambda$waitAndCheckNewConf$1(RaftServerTestUtil.java:53)
	at org.apache.ratis.util.function.CheckedRunnable.lambda$asCheckedSupplier$0(CheckedRunnable.java:32)
	at org.apache.ratis.util.JavaUtils.attempt(JavaUtils.java:152)
	at org.apache.ratis.util.JavaUtils.attempt(JavaUtils.java:172)
	at org.apache.ratis.server.impl.RaftServerTestUtil.waitAndCheckNewConf(RaftServerTestUtil.java:53)
	at org.apache.ratis.server.impl.RaftReconfigurationBaseTest.runTestReconfTwice(RaftReconfigurationBaseTest.java:187)
	at org.apache.ratis.MiniRaftCluster$Factory$Get.runWithNewCluster(MiniRaftCluster.java:125)
	at org.apache.ratis.MiniRaftCluster$Factory$Get.runWithNewCluster(MiniRaftCluster.java:113)
	at org.apache.ratis.server.impl.RaftReconfigurationBaseTest.testReconfTwice(RaftReconfigurationBaseTest.java:140)
	at sun.reflect.NativeMethodAccessorImpl.invoke0(Native Method)
	at sun.reflect.NativeMethodAccessorImpl.invoke(NativeMethodAccessorImpl.java:62)
	at sun.reflect.DelegatingMethodAccessorImpl.invoke(DelegatingMethodAccessorImpl.java:43)
	at java.lang.reflect.Method.invoke(Method.java:498)
	at org.junit.runners.model.FrameworkMethod$1.runReflectiveCall(FrameworkMethod.java:50)
	at org.junit.internal.runners.model.ReflectiveCallable.run(ReflectiveCallable.java:12)
	at org.junit.runners.model.FrameworkMethod.invokeExplosively(FrameworkMethod.java:47)
	at org.junit.internal.runners.statements.InvokeMethod.evaluate(InvokeMethod.java:17)
	at org.junit.internal.runners.statements.FailOnTimeout$CallableStatement.call(FailOnTimeout.java:298)
	at org.junit.internal.runners.statements.FailOnTimeout$CallableStatement.call(FailOnTimeout.java:292)
	at java.util.concurrent.FutureTask.run(FutureTask.java:266)
	at java.lang.Thread.run(Thread.java:748)
2019-09-26 09:46:54,622 INFO  impl.LeaderElection (LeaderElection.java:logAndReturn(56)) - s0@group-C7C5FA74E7D2-LeaderElection30: Election TIMEOUT; received 0 response(s) [] and 0 exception(s); s0@group-C7C5FA74E7D2:t19, leader=null, voted=s0, raftlog=s0@group-C7C5FA74E7D2-SegmentedRaftLog:OPENED:c-1,f-1,i0, conf=-1: [s0:0.0.0.0:44467, s1:0.0.0.0:44114, s2:0.0.0.0:33497], old=null
2019-09-26 09:46:54,635 INFO  impl.LeaderElection (LeaderElection.java:askForVotes(178)) - s0@group-C7C5FA74E7D2-LeaderElection30: begin an election at term 20 for -1: [s0:0.0.0.0:44467, s1:0.0.0.0:44114, s2:0.0.0.0:33497], old=null
2019-09-26 09:46:54,792 INFO  impl.LeaderElection (LeaderElection.java:logAndReturn(56)) - s0@group-C7C5FA74E7D2-LeaderElection30: Election TIMEOUT; received 0 response(s) [] and 0 exception(s); s0@group-C7C5FA74E7D2:t20, leader=null, voted=s0, raftlog=s0@group-C7C5FA74E7D2-SegmentedRaftLog:OPENED:c-1,f-1,i0, conf=-1: [s0:0.0.0.0:44467, s1:0.0.0.0:44114, s2:0.0.0.0:33497], old=null
2019-09-26 09:46:54,806 INFO  impl.LeaderElection (LeaderElection.java:askForVotes(178)) - s0@group-C7C5FA74E7D2-LeaderElection30: begin an election at term 21 for -1: [s0:0.0.0.0:44467, s1:0.0.0.0:44114, s2:0.0.0.0:33497], old=null
2019-09-26 09:46:55,045 INFO  impl.LeaderElection (LeaderElection.java:logAndReturn(56)) - s0@group-C7C5FA74E7D2-LeaderElection30: Election TIMEOUT; received 0 response(s) [] and 0 exception(s); s0@group-C7C5FA74E7D2:t21, leader=null, voted=s0, raftlog=s0@group-C7C5FA74E7D2-SegmentedRaftLog:OPENED:c-1,f-1,i0, conf=-1: [s0:0.0.0.0:44467, s1:0.0.0.0:44114, s2:0.0.0.0:33497], old=null
2019-09-26 09:46:55,058 INFO  impl.LeaderElection (LeaderElection.java:askForVotes(178)) - s0@group-C7C5FA74E7D2-LeaderElection30: begin an election at term 22 for -1: [s0:0.0.0.0:44467, s1:0.0.0.0:44114, s2:0.0.0.0:33497], old=null
2019-09-26 09:46:55,231 INFO  impl.LeaderElection (LeaderElection.java:logAndReturn(56)) - s0@group-C7C5FA74E7D2-LeaderElection30: Election TIMEOUT; received 0 response(s) [] and 0 exception(s); s0@group-C7C5FA74E7D2:t22, leader=null, voted=s0, raftlog=s0@group-C7C5FA74E7D2-SegmentedRaftLog:OPENED:c-1,f-1,i0, conf=-1: [s0:0.0.0.0:44467, s1:0.0.0.0:44114, s2:0.0.0.0:33497], old=null
2019-09-26 09:46:55,256 INFO  impl.LeaderElection (LeaderElection.java:askForVotes(178)) - s0@group-C7C5FA74E7D2-LeaderElection30: begin an election at term 23 for -1: [s0:0.0.0.0:44467, s1:0.0.0.0:44114, s2:0.0.0.0:33497], old=null
2019-09-26 09:46:55,550 INFO  impl.LeaderElection (LeaderElection.java:logAndReturn(56)) - s0@group-C7C5FA74E7D2-LeaderElection30: Election TIMEOUT; received 0 response(s) [] and 0 exception(s); s0@group-C7C5FA74E7D2:t23, leader=null, voted=s0, raftlog=s0@group-C7C5FA74E7D2-SegmentedRaftLog:OPENED:c-1,f-1,i0, conf=-1: [s0:0.0.0.0:44467, s1:0.0.0.0:44114, s2:0.0.0.0:33497], old=null
2019-09-26 09:46:55,563 INFO  impl.LeaderElection (LeaderElection.java:askForVotes(178)) - s0@group-C7C5FA74E7D2-LeaderElection30: begin an election at term 24 for -1: [s0:0.0.0.0:44467, s1:0.0.0.0:44114, s2:0.0.0.0:33497], old=null
2019-09-26 09:46:55,749 INFO  impl.RaftServerTestUtil (RaftServerTestUtil.java:waitAndCheckNewConf(58)) - waitAndCheckNewConf: peers=[s3:0.0.0.0:33948, s4:0.0.0.0:39947, s0:0.0.0.0:44467], deadPeers=null, printing ALL groups
  s3:  RUNNING  FOLLOWER s3@group-C7C5FA74E7D2:t2, leader=s4, voted=s4, raftlog=s3@group-C7C5FA74E7D2-SegmentedRaftLog:OPENED:c50,f50,i50, conf=49: [s3:0.0.0.0:33948, s4:0.0.0.0:39947, s0:0.0.0.0:44467], old=null RUNNING
  s4:  RUNNING    LEADER s4@group-C7C5FA74E7D2:t2, leader=s4, voted=s4, raftlog=s4@group-C7C5FA74E7D2-SegmentedRaftLog:OPENED:c50,f50,i50, conf=49: [s3:0.0.0.0:33948, s4:0.0.0.0:39947, s0:0.0.0.0:44467], old=null RUNNING
  s0:  RUNNING CANDIDATE s0@group-C7C5FA74E7D2:t24, leader=null, voted=s0, raftlog=s0@group-C7C5FA74E7D2-SegmentedRaftLog:OPENED:c-1,f-1,i0, conf=-1: [s0:0.0.0.0:44467, s1:0.0.0.0:44114, s2:0.0.0.0:33497], old=null RUNNING
  s1:  RUNNING    LEADER s1@group-C7C5FA74E7D2:t1, leader=s1, voted=s1, raftlog=s1@group-C7C5FA74E7D2-SegmentedRaftLog:CLOSED:c47, conf=47: [s3:0.0.0.0:33948, s4:0.0.0.0:39947, s0:0.0.0.0:44467], old=null CLOSED
  s2:   CLOSED CANDIDATE s2@group-C7C5FA74E7D2:t4, leader=null, voted=s2, raftlog=s2@group-C7C5FA74E7D2-SegmentedRaftLog:CLOSED:c45, conf=45: [s3:0.0.0.0:33948, s4:0.0.0.0:39947, s0:0.0.0.0:44467], old=[s3:0.0.0.0:33948, s4:0.0.0.0:39947, s0:0.0.0.0:44467, s1:0.0.0.0:44114, s2:0.0.0.0:33497] CLOSED
2019-09-26 09:46:55,749 INFO  impl.RaftServerTestUtil (RaftServerTestUtil.java:waitAndCheckNewConf(66)) - checking  FOLLOWER s3@group-C7C5FA74E7D2:t2, leader=s4, voted=s4, raftlog=s3@group-C7C5FA74E7D2-SegmentedRaftLog:OPENED:c50,f50,i50, conf=49: [s3:0.0.0.0:33948, s4:0.0.0.0:39947, s0:0.0.0.0:44467], old=null RUNNING
2019-09-26 09:46:55,750 INFO  impl.RaftServerTestUtil (RaftServerTestUtil.java:waitAndCheckNewConf(66)) - checking    LEADER s4@group-C7C5FA74E7D2:t2, leader=s4, voted=s4, raftlog=s4@group-C7C5FA74E7D2-SegmentedRaftLog:OPENED:c50,f50,i50, conf=49: [s3:0.0.0.0:33948, s4:0.0.0.0:39947, s0:0.0.0.0:44467], old=null RUNNING
2019-09-26 09:46:55,750 INFO  impl.RaftServerTestUtil (RaftServerTestUtil.java:waitAndCheckNewConf(66)) - checking CANDIDATE s0@group-C7C5FA74E7D2:t24, leader=null, voted=s0, raftlog=s0@group-C7C5FA74E7D2-SegmentedRaftLog:OPENED:c-1,f-1,i0, conf=-1: [s0:0.0.0.0:44467, s1:0.0.0.0:44114, s2:0.0.0.0:33497], old=null RUNNING
2019-09-26 09:46:55,750 WARN  impl.RaftServerTestUtil (JavaUtils.java:attempt(158)) - FAILED "waitAndCheckNewConf", attempt #5/10: java.lang.AssertionError, sleep 1200ms and then retry.
java.lang.AssertionError
	at org.junit.Assert.fail(Assert.java:86)
	at org.junit.Assert.assertTrue(Assert.java:41)
	at org.junit.Assert.assertTrue(Assert.java:52)
	at org.apache.ratis.server.impl.RaftServerTestUtil.waitAndCheckNewConf(RaftServerTestUtil.java:76)
	at org.apache.ratis.server.impl.RaftServerTestUtil.lambda$waitAndCheckNewConf$1(RaftServerTestUtil.java:53)
	at org.apache.ratis.util.function.CheckedRunnable.lambda$asCheckedSupplier$0(CheckedRunnable.java:32)
	at org.apache.ratis.util.JavaUtils.attempt(JavaUtils.java:152)
	at org.apache.ratis.util.JavaUtils.attempt(JavaUtils.java:172)
	at org.apache.ratis.server.impl.RaftServerTestUtil.waitAndCheckNewConf(RaftServerTestUtil.java:53)
	at org.apache.ratis.server.impl.RaftReconfigurationBaseTest.runTestReconfTwice(RaftReconfigurationBaseTest.java:187)
	at org.apache.ratis.MiniRaftCluster$Factory$Get.runWithNewCluster(MiniRaftCluster.java:125)
	at org.apache.ratis.MiniRaftCluster$Factory$Get.runWithNewCluster(MiniRaftCluster.java:113)
	at org.apache.ratis.server.impl.RaftReconfigurationBaseTest.testReconfTwice(RaftReconfigurationBaseTest.java:140)
	at sun.reflect.NativeMethodAccessorImpl.invoke0(Native Method)
	at sun.reflect.NativeMethodAccessorImpl.invoke(NativeMethodAccessorImpl.java:62)
	at sun.reflect.DelegatingMethodAccessorImpl.invoke(DelegatingMethodAccessorImpl.java:43)
	at java.lang.reflect.Method.invoke(Method.java:498)
	at org.junit.runners.model.FrameworkMethod$1.runReflectiveCall(FrameworkMethod.java:50)
	at org.junit.internal.runners.model.ReflectiveCallable.run(ReflectiveCallable.java:12)
	at org.junit.runners.model.FrameworkMethod.invokeExplosively(FrameworkMethod.java:47)
	at org.junit.internal.runners.statements.InvokeMethod.evaluate(InvokeMethod.java:17)
	at org.junit.internal.runners.statements.FailOnTimeout$CallableStatement.call(FailOnTimeout.java:298)
	at org.junit.internal.runners.statements.FailOnTimeout$CallableStatement.call(FailOnTimeout.java:292)
	at java.util.concurrent.FutureTask.run(FutureTask.java:266)
	at java.lang.Thread.run(Thread.java:748)
2019-09-26 09:46:55,776 INFO  impl.LeaderElection (LeaderElection.java:logAndReturn(56)) - s0@group-C7C5FA74E7D2-LeaderElection30: Election TIMEOUT; received 0 response(s) [] and 0 exception(s); s0@group-C7C5FA74E7D2:t24, leader=null, voted=s0, raftlog=s0@group-C7C5FA74E7D2-SegmentedRaftLog:OPENED:c-1,f-1,i0, conf=-1: [s0:0.0.0.0:44467, s1:0.0.0.0:44114, s2:0.0.0.0:33497], old=null
2019-09-26 09:46:55,790 INFO  impl.LeaderElection (LeaderElection.java:askForVotes(178)) - s0@group-C7C5FA74E7D2-LeaderElection30: begin an election at term 25 for -1: [s0:0.0.0.0:44467, s1:0.0.0.0:44114, s2:0.0.0.0:33497], old=null
2019-09-26 09:46:55,965 INFO  impl.LeaderElection (LeaderElection.java:logAndReturn(56)) - s0@group-C7C5FA74E7D2-LeaderElection30: Election TIMEOUT; received 0 response(s) [] and 0 exception(s); s0@group-C7C5FA74E7D2:t25, leader=null, voted=s0, raftlog=s0@group-C7C5FA74E7D2-SegmentedRaftLog:OPENED:c-1,f-1,i0, conf=-1: [s0:0.0.0.0:44467, s1:0.0.0.0:44114, s2:0.0.0.0:33497], old=null
2019-09-26 09:46:55,979 INFO  impl.LeaderElection (LeaderElection.java:askForVotes(178)) - s0@group-C7C5FA74E7D2-LeaderElection30: begin an election at term 26 for -1: [s0:0.0.0.0:44467, s1:0.0.0.0:44114, s2:0.0.0.0:33497], old=null
2019-09-26 09:46:56,180 INFO  impl.LeaderElection (LeaderElection.java:logAndReturn(56)) - s0@group-C7C5FA74E7D2-LeaderElection30: Election TIMEOUT; received 0 response(s) [] and 0 exception(s); s0@group-C7C5FA74E7D2:t26, leader=null, voted=s0, raftlog=s0@group-C7C5FA74E7D2-SegmentedRaftLog:OPENED:c-1,f-1,i0, conf=-1: [s0:0.0.0.0:44467, s1:0.0.0.0:44114, s2:0.0.0.0:33497], old=null
2019-09-26 09:46:56,205 INFO  impl.LeaderElection (LeaderElection.java:askForVotes(178)) - s0@group-C7C5FA74E7D2-LeaderElection30: begin an election at term 27 for -1: [s0:0.0.0.0:44467, s1:0.0.0.0:44114, s2:0.0.0.0:33497], old=null
2019-09-26 09:46:56,408 INFO  impl.LeaderElection (LeaderElection.java:logAndReturn(56)) - s0@group-C7C5FA74E7D2-LeaderElection30: Election TIMEOUT; received 0 response(s) [] and 0 exception(s); s0@group-C7C5FA74E7D2:t27, leader=null, voted=s0, raftlog=s0@group-C7C5FA74E7D2-SegmentedRaftLog:OPENED:c-1,f-1,i0, conf=-1: [s0:0.0.0.0:44467, s1:0.0.0.0:44114, s2:0.0.0.0:33497], old=null
2019-09-26 09:46:56,434 INFO  impl.LeaderElection (LeaderElection.java:askForVotes(178)) - s0@group-C7C5FA74E7D2-LeaderElection30: begin an election at term 28 for -1: [s0:0.0.0.0:44467, s1:0.0.0.0:44114, s2:0.0.0.0:33497], old=null
2019-09-26 09:46:56,613 INFO  impl.LeaderElection (LeaderElection.java:logAndReturn(56)) - s0@group-C7C5FA74E7D2-LeaderElection30: Election TIMEOUT; received 0 response(s) [] and 0 exception(s); s0@group-C7C5FA74E7D2:t28, leader=null, voted=s0, raftlog=s0@group-C7C5FA74E7D2-SegmentedRaftLog:OPENED:c-1,f-1,i0, conf=-1: [s0:0.0.0.0:44467, s1:0.0.0.0:44114, s2:0.0.0.0:33497], old=null
2019-09-26 09:46:56,626 INFO  impl.LeaderElection (LeaderElection.java:askForVotes(178)) - s0@group-C7C5FA74E7D2-LeaderElection30: begin an election at term 29 for -1: [s0:0.0.0.0:44467, s1:0.0.0.0:44114, s2:0.0.0.0:33497], old=null
2019-09-26 09:46:56,827 INFO  impl.LeaderElection (LeaderElection.java:logAndReturn(56)) - s0@group-C7C5FA74E7D2-LeaderElection30: Election TIMEOUT; received 0 response(s) [] and 0 exception(s); s0@group-C7C5FA74E7D2:t29, leader=null, voted=s0, raftlog=s0@group-C7C5FA74E7D2-SegmentedRaftLog:OPENED:c-1,f-1,i0, conf=-1: [s0:0.0.0.0:44467, s1:0.0.0.0:44114, s2:0.0.0.0:33497], old=null
2019-09-26 09:46:56,840 INFO  impl.LeaderElection (LeaderElection.java:askForVotes(178)) - s0@group-C7C5FA74E7D2-LeaderElection30: begin an election at term 30 for -1: [s0:0.0.0.0:44467, s1:0.0.0.0:44114, s2:0.0.0.0:33497], old=null
2019-09-26 09:46:56,951 INFO  impl.RaftServerTestUtil (RaftServerTestUtil.java:waitAndCheckNewConf(58)) - waitAndCheckNewConf: peers=[s3:0.0.0.0:33948, s4:0.0.0.0:39947, s0:0.0.0.0:44467], deadPeers=null, printing ALL groups
  s3:  RUNNING  FOLLOWER s3@group-C7C5FA74E7D2:t2, leader=s4, voted=s4, raftlog=s3@group-C7C5FA74E7D2-SegmentedRaftLog:OPENED:c50,f50,i50, conf=49: [s3:0.0.0.0:33948, s4:0.0.0.0:39947, s0:0.0.0.0:44467], old=null RUNNING
  s4:  RUNNING    LEADER s4@group-C7C5FA74E7D2:t2, leader=s4, voted=s4, raftlog=s4@group-C7C5FA74E7D2-SegmentedRaftLog:OPENED:c50,f50,i50, conf=49: [s3:0.0.0.0:33948, s4:0.0.0.0:39947, s0:0.0.0.0:44467], old=null RUNNING
  s0:  RUNNING CANDIDATE s0@group-C7C5FA74E7D2:t30, leader=null, voted=s0, raftlog=s0@group-C7C5FA74E7D2-SegmentedRaftLog:OPENED:c-1,f-1,i0, conf=-1: [s0:0.0.0.0:44467, s1:0.0.0.0:44114, s2:0.0.0.0:33497], old=null RUNNING
  s1:  RUNNING    LEADER s1@group-C7C5FA74E7D2:t1, leader=s1, voted=s1, raftlog=s1@group-C7C5FA74E7D2-SegmentedRaftLog:CLOSED:c47, conf=47: [s3:0.0.0.0:33948, s4:0.0.0.0:39947, s0:0.0.0.0:44467], old=null CLOSED
  s2:   CLOSED CANDIDATE s2@group-C7C5FA74E7D2:t4, leader=null, voted=s2, raftlog=s2@group-C7C5FA74E7D2-SegmentedRaftLog:CLOSED:c45, conf=45: [s3:0.0.0.0:33948, s4:0.0.0.0:39947, s0:0.0.0.0:44467], old=[s3:0.0.0.0:33948, s4:0.0.0.0:39947, s0:0.0.0.0:44467, s1:0.0.0.0:44114, s2:0.0.0.0:33497] CLOSED
2019-09-26 09:46:56,952 INFO  impl.RaftServerTestUtil (RaftServerTestUtil.java:waitAndCheckNewConf(66)) - checking  FOLLOWER s3@group-C7C5FA74E7D2:t2, leader=s4, voted=s4, raftlog=s3@group-C7C5FA74E7D2-SegmentedRaftLog:OPENED:c50,f50,i50, conf=49: [s3:0.0.0.0:33948, s4:0.0.0.0:39947, s0:0.0.0.0:44467], old=null RUNNING
2019-09-26 09:46:56,952 INFO  impl.RaftServerTestUtil (RaftServerTestUtil.java:waitAndCheckNewConf(66)) - checking    LEADER s4@group-C7C5FA74E7D2:t2, leader=s4, voted=s4, raftlog=s4@group-C7C5FA74E7D2-SegmentedRaftLog:OPENED:c50,f50,i50, conf=49: [s3:0.0.0.0:33948, s4:0.0.0.0:39947, s0:0.0.0.0:44467], old=null RUNNING
2019-09-26 09:46:56,952 INFO  impl.RaftServerTestUtil (RaftServerTestUtil.java:waitAndCheckNewConf(66)) - checking CANDIDATE s0@group-C7C5FA74E7D2:t30, leader=null, voted=s0, raftlog=s0@group-C7C5FA74E7D2-SegmentedRaftLog:OPENED:c-1,f-1,i0, conf=-1: [s0:0.0.0.0:44467, s1:0.0.0.0:44114, s2:0.0.0.0:33497], old=null RUNNING
2019-09-26 09:46:56,952 WARN  impl.RaftServerTestUtil (JavaUtils.java:attempt(158)) - FAILED "waitAndCheckNewConf", attempt #6/10: java.lang.AssertionError, sleep 1200ms and then retry.
java.lang.AssertionError
	at org.junit.Assert.fail(Assert.java:86)
	at org.junit.Assert.assertTrue(Assert.java:41)
	at org.junit.Assert.assertTrue(Assert.java:52)
	at org.apache.ratis.server.impl.RaftServerTestUtil.waitAndCheckNewConf(RaftServerTestUtil.java:76)
	at org.apache.ratis.server.impl.RaftServerTestUtil.lambda$waitAndCheckNewConf$1(RaftServerTestUtil.java:53)
	at org.apache.ratis.util.function.CheckedRunnable.lambda$asCheckedSupplier$0(CheckedRunnable.java:32)
	at org.apache.ratis.util.JavaUtils.attempt(JavaUtils.java:152)
	at org.apache.ratis.util.JavaUtils.attempt(JavaUtils.java:172)
	at org.apache.ratis.server.impl.RaftServerTestUtil.waitAndCheckNewConf(RaftServerTestUtil.java:53)
	at org.apache.ratis.server.impl.RaftReconfigurationBaseTest.runTestReconfTwice(RaftReconfigurationBaseTest.java:187)
	at org.apache.ratis.MiniRaftCluster$Factory$Get.runWithNewCluster(MiniRaftCluster.java:125)
	at org.apache.ratis.MiniRaftCluster$Factory$Get.runWithNewCluster(MiniRaftCluster.java:113)
	at org.apache.ratis.server.impl.RaftReconfigurationBaseTest.testReconfTwice(RaftReconfigurationBaseTest.java:140)
	at sun.reflect.NativeMethodAccessorImpl.invoke0(Native Method)
	at sun.reflect.NativeMethodAccessorImpl.invoke(NativeMethodAccessorImpl.java:62)
	at sun.reflect.DelegatingMethodAccessorImpl.invoke(DelegatingMethodAccessorImpl.java:43)
	at java.lang.reflect.Method.invoke(Method.java:498)
	at org.junit.runners.model.FrameworkMethod$1.runReflectiveCall(FrameworkMethod.java:50)
	at org.junit.internal.runners.model.ReflectiveCallable.run(ReflectiveCallable.java:12)
	at org.junit.runners.model.FrameworkMethod.invokeExplosively(FrameworkMethod.java:47)
	at org.junit.internal.runners.statements.InvokeMethod.evaluate(InvokeMethod.java:17)
	at org.junit.internal.runners.statements.FailOnTimeout$CallableStatement.call(FailOnTimeout.java:298)
	at org.junit.internal.runners.statements.FailOnTimeout$CallableStatement.call(FailOnTimeout.java:292)
	at java.util.concurrent.FutureTask.run(FutureTask.java:266)
	at java.lang.Thread.run(Thread.java:748)
2019-09-26 09:46:57,053 INFO  impl.LeaderElection (LeaderElection.java:logAndReturn(56)) - s0@group-C7C5FA74E7D2-LeaderElection30: Election TIMEOUT; received 0 response(s) [] and 0 exception(s); s0@group-C7C5FA74E7D2:t30, leader=null, voted=s0, raftlog=s0@group-C7C5FA74E7D2-SegmentedRaftLog:OPENED:c-1,f-1,i0, conf=-1: [s0:0.0.0.0:44467, s1:0.0.0.0:44114, s2:0.0.0.0:33497], old=null
2019-09-26 09:46:57,078 INFO  impl.LeaderElection (LeaderElection.java:askForVotes(178)) - s0@group-C7C5FA74E7D2-LeaderElection30: begin an election at term 31 for -1: [s0:0.0.0.0:44467, s1:0.0.0.0:44114, s2:0.0.0.0:33497], old=null
2019-09-26 09:46:57,304 INFO  impl.LeaderElection (LeaderElection.java:logAndReturn(56)) - s0@group-C7C5FA74E7D2-LeaderElection30: Election TIMEOUT; received 0 response(s) [] and 0 exception(s); s0@group-C7C5FA74E7D2:t31, leader=null, voted=s0, raftlog=s0@group-C7C5FA74E7D2-SegmentedRaftLog:OPENED:c-1,f-1,i0, conf=-1: [s0:0.0.0.0:44467, s1:0.0.0.0:44114, s2:0.0.0.0:33497], old=null
2019-09-26 09:46:57,319 INFO  impl.LeaderElection (LeaderElection.java:askForVotes(178)) - s0@group-C7C5FA74E7D2-LeaderElection30: begin an election at term 32 for -1: [s0:0.0.0.0:44467, s1:0.0.0.0:44114, s2:0.0.0.0:33497], old=null
2019-09-26 09:46:57,588 INFO  impl.LeaderElection (LeaderElection.java:logAndReturn(56)) - s0@group-C7C5FA74E7D2-LeaderElection30: Election TIMEOUT; received 0 response(s) [] and 0 exception(s); s0@group-C7C5FA74E7D2:t32, leader=null, voted=s0, raftlog=s0@group-C7C5FA74E7D2-SegmentedRaftLog:OPENED:c-1,f-1,i0, conf=-1: [s0:0.0.0.0:44467, s1:0.0.0.0:44114, s2:0.0.0.0:33497], old=null
2019-09-26 09:46:57,613 INFO  impl.LeaderElection (LeaderElection.java:askForVotes(178)) - s0@group-C7C5FA74E7D2-LeaderElection30: begin an election at term 33 for -1: [s0:0.0.0.0:44467, s1:0.0.0.0:44114, s2:0.0.0.0:33497], old=null
2019-09-26 09:46:57,783 INFO  impl.LeaderElection (LeaderElection.java:logAndReturn(56)) - s0@group-C7C5FA74E7D2-LeaderElection30: Election TIMEOUT; received 0 response(s) [] and 0 exception(s); s0@group-C7C5FA74E7D2:t33, leader=null, voted=s0, raftlog=s0@group-C7C5FA74E7D2-SegmentedRaftLog:OPENED:c-1,f-1,i0, conf=-1: [s0:0.0.0.0:44467, s1:0.0.0.0:44114, s2:0.0.0.0:33497], old=null
2019-09-26 09:46:57,804 INFO  impl.LeaderElection (LeaderElection.java:askForVotes(178)) - s0@group-C7C5FA74E7D2-LeaderElection30: begin an election at term 34 for -1: [s0:0.0.0.0:44467, s1:0.0.0.0:44114, s2:0.0.0.0:33497], old=null
2019-09-26 09:46:57,987 INFO  impl.LeaderElection (LeaderElection.java:logAndReturn(56)) - s0@group-C7C5FA74E7D2-LeaderElection30: Election TIMEOUT; received 0 response(s) [] and 0 exception(s); s0@group-C7C5FA74E7D2:t34, leader=null, voted=s0, raftlog=s0@group-C7C5FA74E7D2-SegmentedRaftLog:OPENED:c-1,f-1,i0, conf=-1: [s0:0.0.0.0:44467, s1:0.0.0.0:44114, s2:0.0.0.0:33497], old=null
2019-09-26 09:46:57,998 INFO  impl.LeaderElection (LeaderElection.java:askForVotes(178)) - s0@group-C7C5FA74E7D2-LeaderElection30: begin an election at term 35 for -1: [s0:0.0.0.0:44467, s1:0.0.0.0:44114, s2:0.0.0.0:33497], old=null
2019-09-26 09:46:58,153 INFO  impl.RaftServerTestUtil (RaftServerTestUtil.java:waitAndCheckNewConf(58)) - waitAndCheckNewConf: peers=[s3:0.0.0.0:33948, s4:0.0.0.0:39947, s0:0.0.0.0:44467], deadPeers=null, printing ALL groups
  s3:  RUNNING  FOLLOWER s3@group-C7C5FA74E7D2:t2, leader=s4, voted=s4, raftlog=s3@group-C7C5FA74E7D2-SegmentedRaftLog:OPENED:c50,f50,i50, conf=49: [s3:0.0.0.0:33948, s4:0.0.0.0:39947, s0:0.0.0.0:44467], old=null RUNNING
  s4:  RUNNING    LEADER s4@group-C7C5FA74E7D2:t2, leader=s4, voted=s4, raftlog=s4@group-C7C5FA74E7D2-SegmentedRaftLog:OPENED:c50,f50,i50, conf=49: [s3:0.0.0.0:33948, s4:0.0.0.0:39947, s0:0.0.0.0:44467], old=null RUNNING
  s0:  RUNNING CANDIDATE s0@group-C7C5FA74E7D2:t35, leader=null, voted=s0, raftlog=s0@group-C7C5FA74E7D2-SegmentedRaftLog:OPENED:c-1,f-1,i0, conf=-1: [s0:0.0.0.0:44467, s1:0.0.0.0:44114, s2:0.0.0.0:33497], old=null RUNNING
  s1:  RUNNING    LEADER s1@group-C7C5FA74E7D2:t1, leader=s1, voted=s1, raftlog=s1@group-C7C5FA74E7D2-SegmentedRaftLog:CLOSED:c47, conf=47: [s3:0.0.0.0:33948, s4:0.0.0.0:39947, s0:0.0.0.0:44467], old=null CLOSED
  s2:   CLOSED CANDIDATE s2@group-C7C5FA74E7D2:t4, leader=null, voted=s2, raftlog=s2@group-C7C5FA74E7D2-SegmentedRaftLog:CLOSED:c45, conf=45: [s3:0.0.0.0:33948, s4:0.0.0.0:39947, s0:0.0.0.0:44467], old=[s3:0.0.0.0:33948, s4:0.0.0.0:39947, s0:0.0.0.0:44467, s1:0.0.0.0:44114, s2:0.0.0.0:33497] CLOSED
2019-09-26 09:46:58,154 INFO  impl.RaftServerTestUtil (RaftServerTestUtil.java:waitAndCheckNewConf(66)) - checking  FOLLOWER s3@group-C7C5FA74E7D2:t2, leader=s4, voted=s4, raftlog=s3@group-C7C5FA74E7D2-SegmentedRaftLog:OPENED:c50,f50,i50, conf=49: [s3:0.0.0.0:33948, s4:0.0.0.0:39947, s0:0.0.0.0:44467], old=null RUNNING
2019-09-26 09:46:58,154 INFO  impl.RaftServerTestUtil (RaftServerTestUtil.java:waitAndCheckNewConf(66)) - checking    LEADER s4@group-C7C5FA74E7D2:t2, leader=s4, voted=s4, raftlog=s4@group-C7C5FA74E7D2-SegmentedRaftLog:OPENED:c50,f50,i50, conf=49: [s3:0.0.0.0:33948, s4:0.0.0.0:39947, s0:0.0.0.0:44467], old=null RUNNING
2019-09-26 09:46:58,154 INFO  impl.RaftServerTestUtil (RaftServerTestUtil.java:waitAndCheckNewConf(66)) - checking CANDIDATE s0@group-C7C5FA74E7D2:t35, leader=null, voted=s0, raftlog=s0@group-C7C5FA74E7D2-SegmentedRaftLog:OPENED:c-1,f-1,i0, conf=-1: [s0:0.0.0.0:44467, s1:0.0.0.0:44114, s2:0.0.0.0:33497], old=null RUNNING
2019-09-26 09:46:58,154 WARN  impl.RaftServerTestUtil (JavaUtils.java:attempt(158)) - FAILED "waitAndCheckNewConf", attempt #7/10: java.lang.AssertionError, sleep 1200ms and then retry.
java.lang.AssertionError
	at org.junit.Assert.fail(Assert.java:86)
	at org.junit.Assert.assertTrue(Assert.java:41)
	at org.junit.Assert.assertTrue(Assert.java:52)
	at org.apache.ratis.server.impl.RaftServerTestUtil.waitAndCheckNewConf(RaftServerTestUtil.java:76)
	at org.apache.ratis.server.impl.RaftServerTestUtil.lambda$waitAndCheckNewConf$1(RaftServerTestUtil.java:53)
	at org.apache.ratis.util.function.CheckedRunnable.lambda$asCheckedSupplier$0(CheckedRunnable.java:32)
	at org.apache.ratis.util.JavaUtils.attempt(JavaUtils.java:152)
	at org.apache.ratis.util.JavaUtils.attempt(JavaUtils.java:172)
	at org.apache.ratis.server.impl.RaftServerTestUtil.waitAndCheckNewConf(RaftServerTestUtil.java:53)
	at org.apache.ratis.server.impl.RaftReconfigurationBaseTest.runTestReconfTwice(RaftReconfigurationBaseTest.java:187)
	at org.apache.ratis.MiniRaftCluster$Factory$Get.runWithNewCluster(MiniRaftCluster.java:125)
	at org.apache.ratis.MiniRaftCluster$Factory$Get.runWithNewCluster(MiniRaftCluster.java:113)
	at org.apache.ratis.server.impl.RaftReconfigurationBaseTest.testReconfTwice(RaftReconfigurationBaseTest.java:140)
	at sun.reflect.NativeMethodAccessorImpl.invoke0(Native Method)
	at sun.reflect.NativeMethodAccessorImpl.invoke(NativeMethodAccessorImpl.java:62)
	at sun.reflect.DelegatingMethodAccessorImpl.invoke(DelegatingMethodAccessorImpl.java:43)
	at java.lang.reflect.Method.invoke(Method.java:498)
	at org.junit.runners.model.FrameworkMethod$1.runReflectiveCall(FrameworkMethod.java:50)
	at org.junit.internal.runners.model.ReflectiveCallable.run(ReflectiveCallable.java:12)
	at org.junit.runners.model.FrameworkMethod.invokeExplosively(FrameworkMethod.java:47)
	at org.junit.internal.runners.statements.InvokeMethod.evaluate(InvokeMethod.java:17)
	at org.junit.internal.runners.statements.FailOnTimeout$CallableStatement.call(FailOnTimeout.java:298)
	at org.junit.internal.runners.statements.FailOnTimeout$CallableStatement.call(FailOnTimeout.java:292)
	at java.util.concurrent.FutureTask.run(FutureTask.java:266)
	at java.lang.Thread.run(Thread.java:748)
2019-09-26 09:46:58,221 INFO  impl.LeaderElection (LeaderElection.java:logAndReturn(56)) - s0@group-C7C5FA74E7D2-LeaderElection30: Election TIMEOUT; received 0 response(s) [] and 0 exception(s); s0@group-C7C5FA74E7D2:t35, leader=null, voted=s0, raftlog=s0@group-C7C5FA74E7D2-SegmentedRaftLog:OPENED:c-1,f-1,i0, conf=-1: [s0:0.0.0.0:44467, s1:0.0.0.0:44114, s2:0.0.0.0:33497], old=null
2019-09-26 09:46:58,234 INFO  impl.LeaderElection (LeaderElection.java:askForVotes(178)) - s0@group-C7C5FA74E7D2-LeaderElection30: begin an election at term 36 for -1: [s0:0.0.0.0:44467, s1:0.0.0.0:44114, s2:0.0.0.0:33497], old=null
2019-09-26 09:46:58,404 INFO  impl.LeaderElection (LeaderElection.java:logAndReturn(56)) - s0@group-C7C5FA74E7D2-LeaderElection30: Election TIMEOUT; received 0 response(s) [] and 0 exception(s); s0@group-C7C5FA74E7D2:t36, leader=null, voted=s0, raftlog=s0@group-C7C5FA74E7D2-SegmentedRaftLog:OPENED:c-1,f-1,i0, conf=-1: [s0:0.0.0.0:44467, s1:0.0.0.0:44114, s2:0.0.0.0:33497], old=null
2019-09-26 09:46:58,418 INFO  impl.LeaderElection (LeaderElection.java:askForVotes(178)) - s0@group-C7C5FA74E7D2-LeaderElection30: begin an election at term 37 for -1: [s0:0.0.0.0:44467, s1:0.0.0.0:44114, s2:0.0.0.0:33497], old=null
2019-09-26 09:46:58,676 INFO  impl.LeaderElection (LeaderElection.java:logAndReturn(56)) - s0@group-C7C5FA74E7D2-LeaderElection30: Election TIMEOUT; received 0 response(s) [] and 0 exception(s); s0@group-C7C5FA74E7D2:t37, leader=null, voted=s0, raftlog=s0@group-C7C5FA74E7D2-SegmentedRaftLog:OPENED:c-1,f-1,i0, conf=-1: [s0:0.0.0.0:44467, s1:0.0.0.0:44114, s2:0.0.0.0:33497], old=null
2019-09-26 09:46:58,690 INFO  impl.LeaderElection (LeaderElection.java:askForVotes(178)) - s0@group-C7C5FA74E7D2-LeaderElection30: begin an election at term 38 for -1: [s0:0.0.0.0:44467, s1:0.0.0.0:44114, s2:0.0.0.0:33497], old=null
2019-09-26 09:46:58,879 INFO  impl.LeaderElection (LeaderElection.java:logAndReturn(56)) - s0@group-C7C5FA74E7D2-LeaderElection30: Election TIMEOUT; received 0 response(s) [] and 0 exception(s); s0@group-C7C5FA74E7D2:t38, leader=null, voted=s0, raftlog=s0@group-C7C5FA74E7D2-SegmentedRaftLog:OPENED:c-1,f-1,i0, conf=-1: [s0:0.0.0.0:44467, s1:0.0.0.0:44114, s2:0.0.0.0:33497], old=null
2019-09-26 09:46:58,893 INFO  impl.LeaderElection (LeaderElection.java:askForVotes(178)) - s0@group-C7C5FA74E7D2-LeaderElection30: begin an election at term 39 for -1: [s0:0.0.0.0:44467, s1:0.0.0.0:44114, s2:0.0.0.0:33497], old=null
2019-09-26 09:46:59,094 INFO  impl.LeaderElection (LeaderElection.java:logAndReturn(56)) - s0@group-C7C5FA74E7D2-LeaderElection30: Election TIMEOUT; received 0 response(s) [] and 0 exception(s); s0@group-C7C5FA74E7D2:t39, leader=null, voted=s0, raftlog=s0@group-C7C5FA74E7D2-SegmentedRaftLog:OPENED:c-1,f-1,i0, conf=-1: [s0:0.0.0.0:44467, s1:0.0.0.0:44114, s2:0.0.0.0:33497], old=null
2019-09-26 09:46:59,108 INFO  impl.LeaderElection (LeaderElection.java:askForVotes(178)) - s0@group-C7C5FA74E7D2-LeaderElection30: begin an election at term 40 for -1: [s0:0.0.0.0:44467, s1:0.0.0.0:44114, s2:0.0.0.0:33497], old=null
2019-09-26 09:46:59,355 INFO  impl.RaftServerTestUtil (RaftServerTestUtil.java:waitAndCheckNewConf(58)) - waitAndCheckNewConf: peers=[s3:0.0.0.0:33948, s4:0.0.0.0:39947, s0:0.0.0.0:44467], deadPeers=null, printing ALL groups
  s3:  RUNNING  FOLLOWER s3@group-C7C5FA74E7D2:t2, leader=s4, voted=s4, raftlog=s3@group-C7C5FA74E7D2-SegmentedRaftLog:OPENED:c50,f50,i50, conf=49: [s3:0.0.0.0:33948, s4:0.0.0.0:39947, s0:0.0.0.0:44467], old=null RUNNING
  s4:  RUNNING    LEADER s4@group-C7C5FA74E7D2:t2, leader=s4, voted=s4, raftlog=s4@group-C7C5FA74E7D2-SegmentedRaftLog:OPENED:c50,f50,i50, conf=49: [s3:0.0.0.0:33948, s4:0.0.0.0:39947, s0:0.0.0.0:44467], old=null RUNNING
  s0:  RUNNING CANDIDATE s0@group-C7C5FA74E7D2:t40, leader=null, voted=s0, raftlog=s0@group-C7C5FA74E7D2-SegmentedRaftLog:OPENED:c-1,f-1,i0, conf=-1: [s0:0.0.0.0:44467, s1:0.0.0.0:44114, s2:0.0.0.0:33497], old=null RUNNING
  s1:  RUNNING    LEADER s1@group-C7C5FA74E7D2:t1, leader=s1, voted=s1, raftlog=s1@group-C7C5FA74E7D2-SegmentedRaftLog:CLOSED:c47, conf=47: [s3:0.0.0.0:33948, s4:0.0.0.0:39947, s0:0.0.0.0:44467], old=null CLOSED
  s2:   CLOSED CANDIDATE s2@group-C7C5FA74E7D2:t4, leader=null, voted=s2, raftlog=s2@group-C7C5FA74E7D2-SegmentedRaftLog:CLOSED:c45, conf=45: [s3:0.0.0.0:33948, s4:0.0.0.0:39947, s0:0.0.0.0:44467], old=[s3:0.0.0.0:33948, s4:0.0.0.0:39947, s0:0.0.0.0:44467, s1:0.0.0.0:44114, s2:0.0.0.0:33497] CLOSED
2019-09-26 09:46:59,356 INFO  impl.RaftServerTestUtil (RaftServerTestUtil.java:waitAndCheckNewConf(66)) - checking  FOLLOWER s3@group-C7C5FA74E7D2:t2, leader=s4, voted=s4, raftlog=s3@group-C7C5FA74E7D2-SegmentedRaftLog:OPENED:c50,f50,i50, conf=49: [s3:0.0.0.0:33948, s4:0.0.0.0:39947, s0:0.0.0.0:44467], old=null RUNNING
2019-09-26 09:46:59,356 INFO  impl.RaftServerTestUtil (RaftServerTestUtil.java:waitAndCheckNewConf(66)) - checking    LEADER s4@group-C7C5FA74E7D2:t2, leader=s4, voted=s4, raftlog=s4@group-C7C5FA74E7D2-SegmentedRaftLog:OPENED:c50,f50,i50, conf=49: [s3:0.0.0.0:33948, s4:0.0.0.0:39947, s0:0.0.0.0:44467], old=null RUNNING
2019-09-26 09:46:59,356 INFO  impl.RaftServerTestUtil (RaftServerTestUtil.java:waitAndCheckNewConf(66)) - checking CANDIDATE s0@group-C7C5FA74E7D2:t40, leader=null, voted=s0, raftlog=s0@group-C7C5FA74E7D2-SegmentedRaftLog:OPENED:c-1,f-1,i0, conf=-1: [s0:0.0.0.0:44467, s1:0.0.0.0:44114, s2:0.0.0.0:33497], old=null RUNNING
2019-09-26 09:46:59,357 WARN  impl.RaftServerTestUtil (JavaUtils.java:attempt(158)) - FAILED "waitAndCheckNewConf", attempt #8/10: java.lang.AssertionError, sleep 1200ms and then retry.
java.lang.AssertionError
	at org.junit.Assert.fail(Assert.java:86)
	at org.junit.Assert.assertTrue(Assert.java:41)
	at org.junit.Assert.assertTrue(Assert.java:52)
	at org.apache.ratis.server.impl.RaftServerTestUtil.waitAndCheckNewConf(RaftServerTestUtil.java:76)
	at org.apache.ratis.server.impl.RaftServerTestUtil.lambda$waitAndCheckNewConf$1(RaftServerTestUtil.java:53)
	at org.apache.ratis.util.function.CheckedRunnable.lambda$asCheckedSupplier$0(CheckedRunnable.java:32)
	at org.apache.ratis.util.JavaUtils.attempt(JavaUtils.java:152)
	at org.apache.ratis.util.JavaUtils.attempt(JavaUtils.java:172)
	at org.apache.ratis.server.impl.RaftServerTestUtil.waitAndCheckNewConf(RaftServerTestUtil.java:53)
	at org.apache.ratis.server.impl.RaftReconfigurationBaseTest.runTestReconfTwice(RaftReconfigurationBaseTest.java:187)
	at org.apache.ratis.MiniRaftCluster$Factory$Get.runWithNewCluster(MiniRaftCluster.java:125)
	at org.apache.ratis.MiniRaftCluster$Factory$Get.runWithNewCluster(MiniRaftCluster.java:113)
	at org.apache.ratis.server.impl.RaftReconfigurationBaseTest.testReconfTwice(RaftReconfigurationBaseTest.java:140)
	at sun.reflect.NativeMethodAccessorImpl.invoke0(Native Method)
	at sun.reflect.NativeMethodAccessorImpl.invoke(NativeMethodAccessorImpl.java:62)
	at sun.reflect.DelegatingMethodAccessorImpl.invoke(DelegatingMethodAccessorImpl.java:43)
	at java.lang.reflect.Method.invoke(Method.java:498)
	at org.junit.runners.model.FrameworkMethod$1.runReflectiveCall(FrameworkMethod.java:50)
	at org.junit.internal.runners.model.ReflectiveCallable.run(ReflectiveCallable.java:12)
	at org.junit.runners.model.FrameworkMethod.invokeExplosively(FrameworkMethod.java:47)
	at org.junit.internal.runners.statements.InvokeMethod.evaluate(InvokeMethod.java:17)
	at org.junit.internal.runners.statements.FailOnTimeout$CallableStatement.call(FailOnTimeout.java:298)
	at org.junit.internal.runners.statements.FailOnTimeout$CallableStatement.call(FailOnTimeout.java:292)
	at java.util.concurrent.FutureTask.run(FutureTask.java:266)
	at java.lang.Thread.run(Thread.java:748)
2019-09-26 09:46:59,408 INFO  impl.LeaderElection (LeaderElection.java:logAndReturn(56)) - s0@group-C7C5FA74E7D2-LeaderElection30: Election TIMEOUT; received 0 response(s) [] and 0 exception(s); s0@group-C7C5FA74E7D2:t40, leader=null, voted=s0, raftlog=s0@group-C7C5FA74E7D2-SegmentedRaftLog:OPENED:c-1,f-1,i0, conf=-1: [s0:0.0.0.0:44467, s1:0.0.0.0:44114, s2:0.0.0.0:33497], old=null
2019-09-26 09:46:59,422 INFO  impl.LeaderElection (LeaderElection.java:askForVotes(178)) - s0@group-C7C5FA74E7D2-LeaderElection30: begin an election at term 41 for -1: [s0:0.0.0.0:44467, s1:0.0.0.0:44114, s2:0.0.0.0:33497], old=null
2019-09-26 09:46:59,606 INFO  impl.LeaderElection (LeaderElection.java:logAndReturn(56)) - s0@group-C7C5FA74E7D2-LeaderElection30: Election TIMEOUT; received 0 response(s) [] and 0 exception(s); s0@group-C7C5FA74E7D2:t41, leader=null, voted=s0, raftlog=s0@group-C7C5FA74E7D2-SegmentedRaftLog:OPENED:c-1,f-1,i0, conf=-1: [s0:0.0.0.0:44467, s1:0.0.0.0:44114, s2:0.0.0.0:33497], old=null
2019-09-26 09:46:59,620 INFO  impl.LeaderElection (LeaderElection.java:askForVotes(178)) - s0@group-C7C5FA74E7D2-LeaderElection30: begin an election at term 42 for -1: [s0:0.0.0.0:44467, s1:0.0.0.0:44114, s2:0.0.0.0:33497], old=null
2019-09-26 09:46:59,776 INFO  ratis.MiniRaftCluster (MiniRaftCluster.java:lambda$null$5(297)) - TIMED-PRINT: printing ALL groups
  s3:  RUNNING  FOLLOWER s3@group-C7C5FA74E7D2:t2, leader=s4, voted=s4, raftlog=s3@group-C7C5FA74E7D2-SegmentedRaftLog:OPENED:c50,f50,i50, conf=49: [s3:0.0.0.0:33948, s4:0.0.0.0:39947, s0:0.0.0.0:44467], old=null RUNNING
  s4:  RUNNING    LEADER s4@group-C7C5FA74E7D2:t2, leader=s4, voted=s4, raftlog=s4@group-C7C5FA74E7D2-SegmentedRaftLog:OPENED:c50,f50,i50, conf=49: [s3:0.0.0.0:33948, s4:0.0.0.0:39947, s0:0.0.0.0:44467], old=null RUNNING
  s0:  RUNNING CANDIDATE s0@group-C7C5FA74E7D2:t42, leader=null, voted=s0, raftlog=s0@group-C7C5FA74E7D2-SegmentedRaftLog:OPENED:c-1,f-1,i0, conf=-1: [s0:0.0.0.0:44467, s1:0.0.0.0:44114, s2:0.0.0.0:33497], old=null RUNNING
  s1:  RUNNING    LEADER s1@group-C7C5FA74E7D2:t1, leader=s1, voted=s1, raftlog=s1@group-C7C5FA74E7D2-SegmentedRaftLog:CLOSED:c47, conf=47: [s3:0.0.0.0:33948, s4:0.0.0.0:39947, s0:0.0.0.0:44467], old=null CLOSED
  s2:   CLOSED CANDIDATE s2@group-C7C5FA74E7D2:t4, leader=null, voted=s2, raftlog=s2@group-C7C5FA74E7D2-SegmentedRaftLog:CLOSED:c45, conf=45: [s3:0.0.0.0:33948, s4:0.0.0.0:39947, s0:0.0.0.0:44467], old=[s3:0.0.0.0:33948, s4:0.0.0.0:39947, s0:0.0.0.0:44467, s1:0.0.0.0:44114, s2:0.0.0.0:33497] CLOSED
2019-09-26 09:46:59,856 INFO  impl.LeaderElection (LeaderElection.java:logAndReturn(56)) - s0@group-C7C5FA74E7D2-LeaderElection30: Election TIMEOUT; received 0 response(s) [] and 0 exception(s); s0@group-C7C5FA74E7D2:t42, leader=null, voted=s0, raftlog=s0@group-C7C5FA74E7D2-SegmentedRaftLog:OPENED:c-1,f-1,i0, conf=-1: [s0:0.0.0.0:44467, s1:0.0.0.0:44114, s2:0.0.0.0:33497], old=null
2019-09-26 09:46:59,881 INFO  impl.LeaderElection (LeaderElection.java:askForVotes(178)) - s0@group-C7C5FA74E7D2-LeaderElection30: begin an election at term 43 for -1: [s0:0.0.0.0:44467, s1:0.0.0.0:44114, s2:0.0.0.0:33497], old=null
2019-09-26 09:47:00,065 INFO  impl.LeaderElection (LeaderElection.java:logAndReturn(56)) - s0@group-C7C5FA74E7D2-LeaderElection30: Election TIMEOUT; received 0 response(s) [] and 0 exception(s); s0@group-C7C5FA74E7D2:t43, leader=null, voted=s0, raftlog=s0@group-C7C5FA74E7D2-SegmentedRaftLog:OPENED:c-1,f-1,i0, conf=-1: [s0:0.0.0.0:44467, s1:0.0.0.0:44114, s2:0.0.0.0:33497], old=null
2019-09-26 09:47:00,079 INFO  impl.LeaderElection (LeaderElection.java:askForVotes(178)) - s0@group-C7C5FA74E7D2-LeaderElection30: begin an election at term 44 for -1: [s0:0.0.0.0:44467, s1:0.0.0.0:44114, s2:0.0.0.0:33497], old=null
2019-09-26 09:47:00,257 INFO  impl.LeaderElection (LeaderElection.java:logAndReturn(56)) - s0@group-C7C5FA74E7D2-LeaderElection30: Election TIMEOUT; received 0 response(s) [] and 0 exception(s); s0@group-C7C5FA74E7D2:t44, leader=null, voted=s0, raftlog=s0@group-C7C5FA74E7D2-SegmentedRaftLog:OPENED:c-1,f-1,i0, conf=-1: [s0:0.0.0.0:44467, s1:0.0.0.0:44114, s2:0.0.0.0:33497], old=null
2019-09-26 09:47:00,278 INFO  impl.LeaderElection (LeaderElection.java:askForVotes(178)) - s0@group-C7C5FA74E7D2-LeaderElection30: begin an election at term 45 for -1: [s0:0.0.0.0:44467, s1:0.0.0.0:44114, s2:0.0.0.0:33497], old=null
2019-09-26 09:47:00,490 INFO  impl.LeaderElection (LeaderElection.java:logAndReturn(56)) - s0@group-C7C5FA74E7D2-LeaderElection30: Election TIMEOUT; received 0 response(s) [] and 0 exception(s); s0@group-C7C5FA74E7D2:t45, leader=null, voted=s0, raftlog=s0@group-C7C5FA74E7D2-SegmentedRaftLog:OPENED:c-1,f-1,i0, conf=-1: [s0:0.0.0.0:44467, s1:0.0.0.0:44114, s2:0.0.0.0:33497], old=null
2019-09-26 09:47:00,503 INFO  impl.LeaderElection (LeaderElection.java:askForVotes(178)) - s0@group-C7C5FA74E7D2-LeaderElection30: begin an election at term 46 for -1: [s0:0.0.0.0:44467, s1:0.0.0.0:44114, s2:0.0.0.0:33497], old=null
2019-09-26 09:47:00,557 INFO  impl.RaftServerTestUtil (RaftServerTestUtil.java:waitAndCheckNewConf(58)) - waitAndCheckNewConf: peers=[s3:0.0.0.0:33948, s4:0.0.0.0:39947, s0:0.0.0.0:44467], deadPeers=null, printing ALL groups
  s3:  RUNNING  FOLLOWER s3@group-C7C5FA74E7D2:t2, leader=s4, voted=s4, raftlog=s3@group-C7C5FA74E7D2-SegmentedRaftLog:OPENED:c50,f50,i50, conf=49: [s3:0.0.0.0:33948, s4:0.0.0.0:39947, s0:0.0.0.0:44467], old=null RUNNING
  s4:  RUNNING    LEADER s4@group-C7C5FA74E7D2:t2, leader=s4, voted=s4, raftlog=s4@group-C7C5FA74E7D2-SegmentedRaftLog:OPENED:c50,f50,i50, conf=49: [s3:0.0.0.0:33948, s4:0.0.0.0:39947, s0:0.0.0.0:44467], old=null RUNNING
  s0:  RUNNING CANDIDATE s0@group-C7C5FA74E7D2:t46, leader=null, voted=s0, raftlog=s0@group-C7C5FA74E7D2-SegmentedRaftLog:OPENED:c-1,f-1,i0, conf=-1: [s0:0.0.0.0:44467, s1:0.0.0.0:44114, s2:0.0.0.0:33497], old=null RUNNING
  s1:  RUNNING    LEADER s1@group-C7C5FA74E7D2:t1, leader=s1, voted=s1, raftlog=s1@group-C7C5FA74E7D2-SegmentedRaftLog:CLOSED:c47, conf=47: [s3:0.0.0.0:33948, s4:0.0.0.0:39947, s0:0.0.0.0:44467], old=null CLOSED
  s2:   CLOSED CANDIDATE s2@group-C7C5FA74E7D2:t4, leader=null, voted=s2, raftlog=s2@group-C7C5FA74E7D2-SegmentedRaftLog:CLOSED:c45, conf=45: [s3:0.0.0.0:33948, s4:0.0.0.0:39947, s0:0.0.0.0:44467], old=[s3:0.0.0.0:33948, s4:0.0.0.0:39947, s0:0.0.0.0:44467, s1:0.0.0.0:44114, s2:0.0.0.0:33497] CLOSED
2019-09-26 09:47:00,558 INFO  impl.RaftServerTestUtil (RaftServerTestUtil.java:waitAndCheckNewConf(66)) - checking  FOLLOWER s3@group-C7C5FA74E7D2:t2, leader=s4, voted=s4, raftlog=s3@group-C7C5FA74E7D2-SegmentedRaftLog:OPENED:c50,f50,i50, conf=49: [s3:0.0.0.0:33948, s4:0.0.0.0:39947, s0:0.0.0.0:44467], old=null RUNNING
2019-09-26 09:47:00,558 INFO  impl.RaftServerTestUtil (RaftServerTestUtil.java:waitAndCheckNewConf(66)) - checking    LEADER s4@group-C7C5FA74E7D2:t2, leader=s4, voted=s4, raftlog=s4@group-C7C5FA74E7D2-SegmentedRaftLog:OPENED:c50,f50,i50, conf=49: [s3:0.0.0.0:33948, s4:0.0.0.0:39947, s0:0.0.0.0:44467], old=null RUNNING
2019-09-26 09:47:00,558 INFO  impl.RaftServerTestUtil (RaftServerTestUtil.java:waitAndCheckNewConf(66)) - checking CANDIDATE s0@group-C7C5FA74E7D2:t46, leader=null, voted=s0, raftlog=s0@group-C7C5FA74E7D2-SegmentedRaftLog:OPENED:c-1,f-1,i0, conf=-1: [s0:0.0.0.0:44467, s1:0.0.0.0:44114, s2:0.0.0.0:33497], old=null RUNNING
2019-09-26 09:47:00,558 WARN  impl.RaftServerTestUtil (JavaUtils.java:attempt(158)) - FAILED "waitAndCheckNewConf", attempt #9/10: java.lang.AssertionError, sleep 1200ms and then retry.
java.lang.AssertionError
	at org.junit.Assert.fail(Assert.java:86)
	at org.junit.Assert.assertTrue(Assert.java:41)
	at org.junit.Assert.assertTrue(Assert.java:52)
	at org.apache.ratis.server.impl.RaftServerTestUtil.waitAndCheckNewConf(RaftServerTestUtil.java:76)
	at org.apache.ratis.server.impl.RaftServerTestUtil.lambda$waitAndCheckNewConf$1(RaftServerTestUtil.java:53)
	at org.apache.ratis.util.function.CheckedRunnable.lambda$asCheckedSupplier$0(CheckedRunnable.java:32)
	at org.apache.ratis.util.JavaUtils.attempt(JavaUtils.java:152)
	at org.apache.ratis.util.JavaUtils.attempt(JavaUtils.java:172)
	at org.apache.ratis.server.impl.RaftServerTestUtil.waitAndCheckNewConf(RaftServerTestUtil.java:53)
	at org.apache.ratis.server.impl.RaftReconfigurationBaseTest.runTestReconfTwice(RaftReconfigurationBaseTest.java:187)
	at org.apache.ratis.MiniRaftCluster$Factory$Get.runWithNewCluster(MiniRaftCluster.java:125)
	at org.apache.ratis.MiniRaftCluster$Factory$Get.runWithNewCluster(MiniRaftCluster.java:113)
	at org.apache.ratis.server.impl.RaftReconfigurationBaseTest.testReconfTwice(RaftReconfigurationBaseTest.java:140)
	at sun.reflect.NativeMethodAccessorImpl.invoke0(Native Method)
	at sun.reflect.NativeMethodAccessorImpl.invoke(NativeMethodAccessorImpl.java:62)
	at sun.reflect.DelegatingMethodAccessorImpl.invoke(DelegatingMethodAccessorImpl.java:43)
	at java.lang.reflect.Method.invoke(Method.java:498)
	at org.junit.runners.model.FrameworkMethod$1.runReflectiveCall(FrameworkMethod.java:50)
	at org.junit.internal.runners.model.ReflectiveCallable.run(ReflectiveCallable.java:12)
	at org.junit.runners.model.FrameworkMethod.invokeExplosively(FrameworkMethod.java:47)
	at org.junit.internal.runners.statements.InvokeMethod.evaluate(InvokeMethod.java:17)
	at org.junit.internal.runners.statements.FailOnTimeout$CallableStatement.call(FailOnTimeout.java:298)
	at org.junit.internal.runners.statements.FailOnTimeout$CallableStatement.call(FailOnTimeout.java:292)
	at java.util.concurrent.FutureTask.run(FutureTask.java:266)
	at java.lang.Thread.run(Thread.java:748)
2019-09-26 09:47:00,659 INFO  impl.LeaderElection (LeaderElection.java:logAndReturn(56)) - s0@group-C7C5FA74E7D2-LeaderElection30: Election TIMEOUT; received 0 response(s) [] and 0 exception(s); s0@group-C7C5FA74E7D2:t46, leader=null, voted=s0, raftlog=s0@group-C7C5FA74E7D2-SegmentedRaftLog:OPENED:c-1,f-1,i0, conf=-1: [s0:0.0.0.0:44467, s1:0.0.0.0:44114, s2:0.0.0.0:33497], old=null
2019-09-26 09:47:00,698 INFO  impl.LeaderElection (LeaderElection.java:askForVotes(178)) - s0@group-C7C5FA74E7D2-LeaderElection30: begin an election at term 47 for -1: [s0:0.0.0.0:44467, s1:0.0.0.0:44114, s2:0.0.0.0:33497], old=null
2019-09-26 09:47:00,944 INFO  impl.LeaderElection (LeaderElection.java:logAndReturn(56)) - s0@group-C7C5FA74E7D2-LeaderElection30: Election TIMEOUT; received 0 response(s) [] and 0 exception(s); s0@group-C7C5FA74E7D2:t47, leader=null, voted=s0, raftlog=s0@group-C7C5FA74E7D2-SegmentedRaftLog:OPENED:c-1,f-1,i0, conf=-1: [s0:0.0.0.0:44467, s1:0.0.0.0:44114, s2:0.0.0.0:33497], old=null
2019-09-26 09:47:00,958 INFO  impl.LeaderElection (LeaderElection.java:askForVotes(178)) - s0@group-C7C5FA74E7D2-LeaderElection30: begin an election at term 48 for -1: [s0:0.0.0.0:44467, s1:0.0.0.0:44114, s2:0.0.0.0:33497], old=null
2019-09-26 09:47:01,118 INFO  impl.LeaderElection (LeaderElection.java:logAndReturn(56)) - s0@group-C7C5FA74E7D2-LeaderElection30: Election TIMEOUT; received 0 response(s) [] and 0 exception(s); s0@group-C7C5FA74E7D2:t48, leader=null, voted=s0, raftlog=s0@group-C7C5FA74E7D2-SegmentedRaftLog:OPENED:c-1,f-1,i0, conf=-1: [s0:0.0.0.0:44467, s1:0.0.0.0:44114, s2:0.0.0.0:33497], old=null
2019-09-26 09:47:01,132 INFO  impl.LeaderElection (LeaderElection.java:askForVotes(178)) - s0@group-C7C5FA74E7D2-LeaderElection30: begin an election at term 49 for -1: [s0:0.0.0.0:44467, s1:0.0.0.0:44114, s2:0.0.0.0:33497], old=null
2019-09-26 09:47:01,348 INFO  impl.LeaderElection (LeaderElection.java:logAndReturn(56)) - s0@group-C7C5FA74E7D2-LeaderElection30: Election TIMEOUT; received 0 response(s) [] and 0 exception(s); s0@group-C7C5FA74E7D2:t49, leader=null, voted=s0, raftlog=s0@group-C7C5FA74E7D2-SegmentedRaftLog:OPENED:c-1,f-1,i0, conf=-1: [s0:0.0.0.0:44467, s1:0.0.0.0:44114, s2:0.0.0.0:33497], old=null
2019-09-26 09:47:01,361 INFO  impl.LeaderElection (LeaderElection.java:askForVotes(178)) - s0@group-C7C5FA74E7D2-LeaderElection30: begin an election at term 50 for -1: [s0:0.0.0.0:44467, s1:0.0.0.0:44114, s2:0.0.0.0:33497], old=null
2019-09-26 09:47:01,571 INFO  impl.LeaderElection (LeaderElection.java:logAndReturn(56)) - s0@group-C7C5FA74E7D2-LeaderElection30: Election TIMEOUT; received 0 response(s) [] and 0 exception(s); s0@group-C7C5FA74E7D2:t50, leader=null, voted=s0, raftlog=s0@group-C7C5FA74E7D2-SegmentedRaftLog:OPENED:c-1,f-1,i0, conf=-1: [s0:0.0.0.0:44467, s1:0.0.0.0:44114, s2:0.0.0.0:33497], old=null
2019-09-26 09:47:01,586 INFO  impl.LeaderElection (LeaderElection.java:askForVotes(178)) - s0@group-C7C5FA74E7D2-LeaderElection30: begin an election at term 51 for -1: [s0:0.0.0.0:44467, s1:0.0.0.0:44114, s2:0.0.0.0:33497], old=null
2019-09-26 09:47:01,759 INFO  impl.RaftServerTestUtil (RaftServerTestUtil.java:waitAndCheckNewConf(58)) - waitAndCheckNewConf: peers=[s3:0.0.0.0:33948, s4:0.0.0.0:39947, s0:0.0.0.0:44467], deadPeers=null, printing ALL groups
  s3:  RUNNING  FOLLOWER s3@group-C7C5FA74E7D2:t2, leader=s4, voted=s4, raftlog=s3@group-C7C5FA74E7D2-SegmentedRaftLog:OPENED:c50,f50,i50, conf=49: [s3:0.0.0.0:33948, s4:0.0.0.0:39947, s0:0.0.0.0:44467], old=null RUNNING
  s4:  RUNNING    LEADER s4@group-C7C5FA74E7D2:t2, leader=s4, voted=s4, raftlog=s4@group-C7C5FA74E7D2-SegmentedRaftLog:OPENED:c50,f50,i50, conf=49: [s3:0.0.0.0:33948, s4:0.0.0.0:39947, s0:0.0.0.0:44467], old=null RUNNING
  s0:  RUNNING CANDIDATE s0@group-C7C5FA74E7D2:t51, leader=null, voted=s0, raftlog=s0@group-C7C5FA74E7D2-SegmentedRaftLog:OPENED:c-1,f-1,i0, conf=-1: [s0:0.0.0.0:44467, s1:0.0.0.0:44114, s2:0.0.0.0:33497], old=null RUNNING
  s1:  RUNNING    LEADER s1@group-C7C5FA74E7D2:t1, leader=s1, voted=s1, raftlog=s1@group-C7C5FA74E7D2-SegmentedRaftLog:CLOSED:c47, conf=47: [s3:0.0.0.0:33948, s4:0.0.0.0:39947, s0:0.0.0.0:44467], old=null CLOSED
  s2:   CLOSED CANDIDATE s2@group-C7C5FA74E7D2:t4, leader=null, voted=s2, raftlog=s2@group-C7C5FA74E7D2-SegmentedRaftLog:CLOSED:c45, conf=45: [s3:0.0.0.0:33948, s4:0.0.0.0:39947, s0:0.0.0.0:44467], old=[s3:0.0.0.0:33948, s4:0.0.0.0:39947, s0:0.0.0.0:44467, s1:0.0.0.0:44114, s2:0.0.0.0:33497] CLOSED
2019-09-26 09:47:01,760 INFO  impl.RaftServerTestUtil (RaftServerTestUtil.java:waitAndCheckNewConf(66)) - checking  FOLLOWER s3@group-C7C5FA74E7D2:t2, leader=s4, voted=s4, raftlog=s3@group-C7C5FA74E7D2-SegmentedRaftLog:OPENED:c50,f50,i50, conf=49: [s3:0.0.0.0:33948, s4:0.0.0.0:39947, s0:0.0.0.0:44467], old=null RUNNING
2019-09-26 09:47:01,760 INFO  impl.RaftServerTestUtil (RaftServerTestUtil.java:waitAndCheckNewConf(66)) - checking    LEADER s4@group-C7C5FA74E7D2:t2, leader=s4, voted=s4, raftlog=s4@group-C7C5FA74E7D2-SegmentedRaftLog:OPENED:c50,f50,i50, conf=49: [s3:0.0.0.0:33948, s4:0.0.0.0:39947, s0:0.0.0.0:44467], old=null RUNNING
2019-09-26 09:47:01,761 INFO  impl.RaftServerTestUtil (RaftServerTestUtil.java:waitAndCheckNewConf(66)) - checking CANDIDATE s0@group-C7C5FA74E7D2:t51, leader=null, voted=s0, raftlog=s0@group-C7C5FA74E7D2-SegmentedRaftLog:OPENED:c-1,f-1,i0, conf=-1: [s0:0.0.0.0:44467, s1:0.0.0.0:44114, s2:0.0.0.0:33497], old=null RUNNING
2019-09-26 09:47:01,761 INFO  ratis.MiniRaftCluster (MiniRaftCluster.java:runWithNewCluster(127)) - printing ALL groups
  s3:  RUNNING  FOLLOWER s3@group-C7C5FA74E7D2:t2, leader=s4, voted=s4, raftlog=s3@group-C7C5FA74E7D2-SegmentedRaftLog:OPENED:c50,f50,i50, conf=49: [s3:0.0.0.0:33948, s4:0.0.0.0:39947, s0:0.0.0.0:44467], old=null RUNNING
  s4:  RUNNING    LEADER s4@group-C7C5FA74E7D2:t2, leader=s4, voted=s4, raftlog=s4@group-C7C5FA74E7D2-SegmentedRaftLog:OPENED:c50,f50,i50, conf=49: [s3:0.0.0.0:33948, s4:0.0.0.0:39947, s0:0.0.0.0:44467], old=null RUNNING
  s0:  RUNNING CANDIDATE s0@group-C7C5FA74E7D2:t51, leader=null, voted=s0, raftlog=s0@group-C7C5FA74E7D2-SegmentedRaftLog:OPENED:c-1,f-1,i0, conf=-1: [s0:0.0.0.0:44467, s1:0.0.0.0:44114, s2:0.0.0.0:33497], old=null RUNNING
  s1:  RUNNING    LEADER s1@group-C7C5FA74E7D2:t1, leader=s1, voted=s1, raftlog=s1@group-C7C5FA74E7D2-SegmentedRaftLog:CLOSED:c47, conf=47: [s3:0.0.0.0:33948, s4:0.0.0.0:39947, s0:0.0.0.0:44467], old=null CLOSED
  s2:   CLOSED CANDIDATE s2@group-C7C5FA74E7D2:t4, leader=null, voted=s2, raftlog=s2@group-C7C5FA74E7D2-SegmentedRaftLog:CLOSED:c45, conf=45: [s3:0.0.0.0:33948, s4:0.0.0.0:39947, s0:0.0.0.0:44467], old=[s3:0.0.0.0:33948, s4:0.0.0.0:39947, s0:0.0.0.0:44467, s1:0.0.0.0:44114, s2:0.0.0.0:33497] CLOSED
2019-09-26 09:47:01,761 ERROR ratis.MiniRaftCluster (MiniRaftCluster.java:runWithNewCluster(128)) - Failed org.apache.ratis.MiniRaftCluster$Factory$Get.runWithNewCluster(MiniRaftCluster.java:113)
java.lang.AssertionError
	at org.junit.Assert.fail(Assert.java:86)
	at org.junit.Assert.assertTrue(Assert.java:41)
	at org.junit.Assert.assertTrue(Assert.java:52)
	at org.apache.ratis.server.impl.RaftServerTestUtil.waitAndCheckNewConf(RaftServerTestUtil.java:76)
	at org.apache.ratis.server.impl.RaftServerTestUtil.lambda$waitAndCheckNewConf$1(RaftServerTestUtil.java:53)
	at org.apache.ratis.util.function.CheckedRunnable.lambda$asCheckedSupplier$0(CheckedRunnable.java:32)
	at org.apache.ratis.util.JavaUtils.attempt(JavaUtils.java:152)
	at org.apache.ratis.util.JavaUtils.attempt(JavaUtils.java:172)
	at org.apache.ratis.server.impl.RaftServerTestUtil.waitAndCheckNewConf(RaftServerTestUtil.java:53)
	at org.apache.ratis.server.impl.RaftReconfigurationBaseTest.runTestReconfTwice(RaftReconfigurationBaseTest.java:187)
	at org.apache.ratis.MiniRaftCluster$Factory$Get.runWithNewCluster(MiniRaftCluster.java:125)
	at org.apache.ratis.MiniRaftCluster$Factory$Get.runWithNewCluster(MiniRaftCluster.java:113)
	at org.apache.ratis.server.impl.RaftReconfigurationBaseTest.testReconfTwice(RaftReconfigurationBaseTest.java:140)
	at sun.reflect.NativeMethodAccessorImpl.invoke0(Native Method)
	at sun.reflect.NativeMethodAccessorImpl.invoke(NativeMethodAccessorImpl.java:62)
	at sun.reflect.DelegatingMethodAccessorImpl.invoke(DelegatingMethodAccessorImpl.java:43)
	at java.lang.reflect.Method.invoke(Method.java:498)
	at org.junit.runners.model.FrameworkMethod$1.runReflectiveCall(FrameworkMethod.java:50)
	at org.junit.internal.runners.model.ReflectiveCallable.run(ReflectiveCallable.java:12)
	at org.junit.runners.model.FrameworkMethod.invokeExplosively(FrameworkMethod.java:47)
	at org.junit.internal.runners.statements.InvokeMethod.evaluate(InvokeMethod.java:17)
	at org.junit.internal.runners.statements.FailOnTimeout$CallableStatement.call(FailOnTimeout.java:298)
	at org.junit.internal.runners.statements.FailOnTimeout$CallableStatement.call(FailOnTimeout.java:292)
	at java.util.concurrent.FutureTask.run(FutureTask.java:266)
	at java.lang.Thread.run(Thread.java:748)
2019-09-26 09:47:01,762 INFO  ratis.MiniRaftCluster (MiniRaftCluster.java:shutdown(700)) - ************************************************************** 
2019-09-26 09:47:01,762 INFO  ratis.MiniRaftCluster (MiniRaftCluster.java:shutdown(701)) - *** 
2019-09-26 09:47:01,762 INFO  ratis.MiniRaftCluster (MiniRaftCluster.java:shutdown(702)) - ***     Stopping MiniRaftClusterWithNetty
2019-09-26 09:47:01,762 INFO  ratis.MiniRaftCluster (MiniRaftCluster.java:shutdown(703)) - *** 
2019-09-26 09:47:01,762 INFO  ratis.MiniRaftCluster (MiniRaftCluster.java:shutdown(704)) - ************************************************************** 
2019-09-26 09:47:01,763 INFO  ratis.MiniRaftCluster (MiniRaftCluster.java:shutdown(705)) - printing ALL groups
  s3:  RUNNING  FOLLOWER s3@group-C7C5FA74E7D2:t2, leader=s4, voted=s4, raftlog=s3@group-C7C5FA74E7D2-SegmentedRaftLog:OPENED:c50,f50,i50, conf=49: [s3:0.0.0.0:33948, s4:0.0.0.0:39947, s0:0.0.0.0:44467], old=null RUNNING
  s4:  RUNNING    LEADER s4@group-C7C5FA74E7D2:t2, leader=s4, voted=s4, raftlog=s4@group-C7C5FA74E7D2-SegmentedRaftLog:OPENED:c50,f50,i50, conf=49: [s3:0.0.0.0:33948, s4:0.0.0.0:39947, s0:0.0.0.0:44467], old=null RUNNING
  s0:  RUNNING CANDIDATE s0@group-C7C5FA74E7D2:t51, leader=null, voted=s0, raftlog=s0@group-C7C5FA74E7D2-SegmentedRaftLog:OPENED:c-1,f-1,i0, conf=-1: [s0:0.0.0.0:44467, s1:0.0.0.0:44114, s2:0.0.0.0:33497], old=null RUNNING
  s1:  RUNNING    LEADER s1@group-C7C5FA74E7D2:t1, leader=s1, voted=s1, raftlog=s1@group-C7C5FA74E7D2-SegmentedRaftLog:CLOSED:c47, conf=47: [s3:0.0.0.0:33948, s4:0.0.0.0:39947, s0:0.0.0.0:44467], old=null CLOSED
  s2:   CLOSED CANDIDATE s2@group-C7C5FA74E7D2:t4, leader=null, voted=s2, raftlog=s2@group-C7C5FA74E7D2-SegmentedRaftLog:CLOSED:c45, conf=45: [s3:0.0.0.0:33948, s4:0.0.0.0:39947, s0:0.0.0.0:44467], old=[s3:0.0.0.0:33948, s4:0.0.0.0:39947, s0:0.0.0.0:44467, s1:0.0.0.0:44114, s2:0.0.0.0:33497] CLOSED
2019-09-26 09:47:01,764 INFO  impl.RaftServerProxy (RaftServerProxy.java:lambda$close$4(314)) - s3: close
2019-09-26 09:47:01,764 INFO  impl.RaftServerProxy (RaftServerProxy.java:lambda$close$4(314)) - s4: close
2019-09-26 09:47:01,764 INFO  impl.RaftServerProxy (RaftServerProxy.java:lambda$close$4(314)) - s0: close
2019-09-26 09:47:01,764 INFO  impl.RaftServerImpl (RaftServerImpl.java:lambda$shutdown$3(247)) - s3@group-C7C5FA74E7D2: shutdown
2019-09-26 09:47:01,764 INFO  impl.RaftServerProxy (RaftServerProxy.java:lambda$close$4(314)) - s1: close
2019-09-26 09:47:01,765 INFO  util.JmxRegister (JmxRegister.java:unregister(73)) - Successfully un-registered JMX Bean with object name Ratis:service=RaftServer,group=group-C7C5FA74E7D2,id=s3
2019-09-26 09:47:01,764 INFO  impl.RaftServerImpl (RaftServerImpl.java:lambda$shutdown$3(247)) - s0@group-C7C5FA74E7D2: shutdown
2019-09-26 09:47:01,764 INFO  impl.RaftServerImpl (RaftServerImpl.java:lambda$shutdown$3(247)) - s4@group-C7C5FA74E7D2: shutdown
2019-09-26 09:47:01,765 INFO  util.JmxRegister (JmxRegister.java:unregister(73)) - Successfully un-registered JMX Bean with object name Ratis:service=RaftServer,group=group-C7C5FA74E7D2,id=s0
2019-09-26 09:47:01,765 INFO  logging.LoggingHandler (AbstractInternalLogger.java:log(150)) - [id: 0xe4199513, L:/0.0.0.0:44114] UNREGISTERED
2019-09-26 09:47:01,765 INFO  impl.RoleInfo (RoleInfo.java:shutdownFollowerState(121)) - s3: shutdown FollowerState
2019-09-26 09:47:01,766 INFO  impl.RoleInfo (RoleInfo.java:shutdownLeaderElection(134)) - s0: shutdown LeaderElection
2019-09-26 09:47:01,767 INFO  impl.StateMachineUpdater (StateMachineUpdater.java:stopAndJoin(136)) - s0@group-C7C5FA74E7D2-StateMachineUpdater: set stopIndex = -1
2019-09-26 09:47:01,766 INFO  util.JmxRegister (JmxRegister.java:unregister(73)) - Successfully un-registered JMX Bean with object name Ratis:service=RaftServer,group=group-C7C5FA74E7D2,id=s4
2019-09-26 09:47:01,767 INFO  impl.RaftServerImpl (ServerState.java:close(386)) - s0@group-C7C5FA74E7D2: closes. applyIndex: -1
2019-09-26 09:47:01,767 INFO  impl.FollowerState (FollowerState.java:run(117)) - s3@group-C7C5FA74E7D2-FollowerState was interrupted: java.lang.InterruptedException: sleep interrupted
2019-09-26 09:47:01,766 INFO  impl.StateMachineUpdater (StateMachineUpdater.java:stopAndJoin(136)) - s3@group-C7C5FA74E7D2-StateMachineUpdater: set stopIndex = 50
2019-09-26 09:47:01,768 INFO  impl.RaftServerImpl (ServerState.java:close(386)) - s3@group-C7C5FA74E7D2: closes. applyIndex: 50
2019-09-26 09:47:01,767 INFO  segmented.SegmentedRaftLogWorker (SegmentedRaftLogWorker.java:run(313)) - s0@group-C7C5FA74E7D2-SegmentedRaftLogWorker was interrupted, exiting. There are 0 tasks remaining in the queue.
2019-09-26 09:47:01,767 INFO  impl.RoleInfo (RoleInfo.java:shutdownLeaderState(104)) - s4: shutdown LeaderState
2019-09-26 09:47:01,768 INFO  segmented.SegmentedRaftLogWorker (SegmentedRaftLogWorker.java:close(228)) - s0@group-C7C5FA74E7D2-SegmentedRaftLogWorker close()
2019-09-26 09:47:01,768 INFO  segmented.SegmentedRaftLogWorker (SegmentedRaftLogWorker.java:run(313)) - s3@group-C7C5FA74E7D2-SegmentedRaftLogWorker was interrupted, exiting. There are 0 tasks remaining in the queue.
2019-09-26 09:47:01,772 INFO  impl.LogAppender (LogAppender.java:run(78)) - s4@group-C7C5FA74E7D2->s0-LogAppender-AppenderDaemon was interrupted: java.io.InterruptedIOException: s4->s0#0 sending from s0:0.0.0.0:44467 is interrupted.
2019-09-26 09:47:01,772 INFO  impl.PendingRequests (PendingRequests.java:sendNotLeaderResponses(202)) - s4@group-C7C5FA74E7D2-PendingRequests: sendNotLeaderResponses
2019-09-26 09:47:01,772 INFO  impl.LogAppender (LogAppender.java:run(78)) - s4@group-C7C5FA74E7D2->s3-LogAppender-AppenderDaemon was interrupted: java.lang.InterruptedException
2019-09-26 09:47:01,774 INFO  logging.LoggingHandler (AbstractInternalLogger.java:log(150)) - [id: 0x6bb8b8e1, L:/0.0.0.0:44467] UNREGISTERED
2019-09-26 09:47:01,776 INFO  impl.StateMachineUpdater (StateMachineUpdater.java:stopAndJoin(136)) - s4@group-C7C5FA74E7D2-StateMachineUpdater: set stopIndex = 50
2019-09-26 09:47:01,776 INFO  segmented.SegmentedRaftLogWorker (SegmentedRaftLogWorker.java:close(228)) - s3@group-C7C5FA74E7D2-SegmentedRaftLogWorker close()
2019-09-26 09:47:01,778 INFO  impl.LeaderElection (LogUtils.java:infoOrTrace(149)) - s0@group-C7C5FA74E7D2-LeaderElection30 got exception when requesting votes: java.util.concurrent.ExecutionException: java.io.IOException: Connection to s1:0.0.0.0:44114 is closed.
2019-09-26 09:47:01,777 INFO  impl.RaftServerImpl (ServerState.java:close(386)) - s4@group-C7C5FA74E7D2: closes. applyIndex: 50
2019-09-26 09:47:01,781 INFO  impl.LeaderElection (LeaderElection.java:logAndReturn(56)) - s0@group-C7C5FA74E7D2-LeaderElection30: Election REJECTED; received 0 response(s) [] and 1 exception(s); s0@group-C7C5FA74E7D2:t51, leader=null, voted=s0, raftlog=s0@group-C7C5FA74E7D2-SegmentedRaftLog:CLOSED:c-1, conf=-1: [s0:0.0.0.0:44467, s1:0.0.0.0:44114, s2:0.0.0.0:33497], old=null
2019-09-26 09:47:01,780 INFO  logging.LoggingHandler (AbstractInternalLogger.java:log(150)) - [id: 0x4ef62f12, L:/0.0.0.0:33948] UNREGISTERED
2019-09-26 09:47:01,781 INFO  impl.LeaderElection (LogUtils.java:infoOrTrace(149)) -   Exception 0: java.util.concurrent.ExecutionException: java.io.IOException: Connection to s1:0.0.0.0:44114 is closed.
2019-09-26 09:47:01,781 INFO  segmented.SegmentedRaftLogWorker (SegmentedRaftLogWorker.java:run(313)) - s4@group-C7C5FA74E7D2-SegmentedRaftLogWorker was interrupted, exiting. There are 0 tasks remaining in the queue.
2019-09-26 09:47:01,784 INFO  segmented.SegmentedRaftLogWorker (SegmentedRaftLogWorker.java:close(228)) - s4@group-C7C5FA74E7D2-SegmentedRaftLogWorker close()
2019-09-26 09:47:01,786 INFO  logging.LoggingHandler (AbstractInternalLogger.java:log(150)) - [id: 0x9afe21cc, L:/0.0.0.0:39947] UNREGISTERED
2019-09-26 09:47:01,787 INFO  ratis.MiniRaftCluster (MiniRaftCluster.java:shutdown(722)) - MiniRaftClusterWithNetty shutdown completed
]]></system-out>
  </testcase>
  <testcase name="testReconfTimeout" classname="org.apache.ratis.netty.TestRaftReconfigurationWithNetty" time="2.572"/>
</testsuite>