<?xml version="1.0" encoding="UTF-8"?>
<testsuite xmlns:xsi="http://www.w3.org/2001/XMLSchema-instance" xsi:noNamespaceSchemaLocation="https://maven.apache.org/surefire/maven-surefire-plugin/xsd/surefire-test-report.xsd" name="org.apache.ratis.server.simulation.TestLeaderElectionWithSimulatedRpc" time="113.453" tests="5" errors="1" skipped="0" failures="0">
  <properties>
    <property name="awt.toolkit" value="sun.awt.X11.XToolkit"/>
    <property name="file.encoding.pkg" value="sun.io"/>
    <property name="java.specification.version" value="1.8"/>
    <property name="sun.cpu.isalist" value=""/>
    <property name="sun.jnu.encoding" value="UTF-8"/>
    <property name="java.class.path" value="/workdir/ratis-test/target/test-classes:/workdir/ratis-test/target/classes:/workdir/ratis-common/target/classes:/home/user/.m2/repository/org/apache/ratis/ratis-thirdparty-misc/0.2.0/ratis-thirdparty-misc-0.2.0.jar:/workdir/ratis-proto/target/ratis-proto-0.5.0-SNAPSHOT.jar:/home/user/.m2/repository/org/slf4j/slf4j-log4j12/1.7.10/slf4j-log4j12-1.7.10.jar:/home/user/.m2/repository/log4j/log4j/1.2.17/log4j-1.2.17.jar:/workdir/ratis-common/target/test-classes:/workdir/ratis-client/target/classes:/workdir/ratis-server/target/classes:/workdir/ratis-metrics/target/classes:/home/user/.m2/repository/io/dropwizard/metrics/metrics-core/3.2.5/metrics-core-3.2.5.jar:/home/user/.m2/repository/com/github/joshelser/dropwizard-metrics-hadoop-metrics2-reporter/0.1.2/dropwizard-metrics-hadoop-metrics2-reporter-0.1.2.jar:/home/user/.m2/repository/org/apache/hadoop/hadoop-common/2.6.0/hadoop-common-2.6.0.jar:/home/user/.m2/repository/org/apache/hadoop/hadoop-annotations/2.6.0/hadoop-annotations-2.6.0.jar:/usr/lib/jvm/java-1.8-openjdk/jre/../lib/tools.jar:/home/user/.m2/repository/com/google/guava/guava/11.0.2/guava-11.0.2.jar:/home/user/.m2/repository/commons-cli/commons-cli/1.2/commons-cli-1.2.jar:/home/user/.m2/repository/org/apache/commons/commons-math3/3.1.1/commons-math3-3.1.1.jar:/home/user/.m2/repository/xmlenc/xmlenc/0.52/xmlenc-0.52.jar:/home/user/.m2/repository/commons-httpclient/commons-httpclient/3.1/commons-httpclient-3.1.jar:/home/user/.m2/repository/commons-codec/commons-codec/1.4/commons-codec-1.4.jar:/home/user/.m2/repository/commons-io/commons-io/2.4/commons-io-2.4.jar:/home/user/.m2/repository/commons-net/commons-net/3.1/commons-net-3.1.jar:/home/user/.m2/repository/commons-collections/commons-collections/3.2.1/commons-collections-3.2.1.jar:/home/user/.m2/repository/javax/servlet/servlet-api/2.5/servlet-api-2.5.jar:/home/user/.m2/repository/org/mortbay/jetty/jetty/6.1.26/jetty-6.1.26.jar:/home/user/.m2/repository/org/mortbay/jetty/jetty-util/6.1.26/jetty-util-6.1.26.jar:/home/user/.m2/repository/com/sun/jersey/jersey-core/1.9/jersey-core-1.9.jar:/home/user/.m2/repository/com/sun/jersey/jersey-json/1.9/jersey-json-1.9.jar:/home/user/.m2/repository/org/codehaus/jettison/jettison/1.1/jettison-1.1.jar:/home/user/.m2/repository/com/sun/xml/bind/jaxb-impl/2.2.3-1/jaxb-impl-2.2.3-1.jar:/home/user/.m2/repository/javax/xml/bind/jaxb-api/2.2.2/jaxb-api-2.2.2.jar:/home/user/.m2/repository/javax/xml/stream/stax-api/1.0-2/stax-api-1.0-2.jar:/home/user/.m2/repository/javax/activation/activation/1.1/activation-1.1.jar:/home/user/.m2/repository/org/codehaus/jackson/jackson-jaxrs/1.8.3/jackson-jaxrs-1.8.3.jar:/home/user/.m2/repository/org/codehaus/jackson/jackson-xc/1.8.3/jackson-xc-1.8.3.jar:/home/user/.m2/repository/com/sun/jersey/jersey-server/1.9/jersey-server-1.9.jar:/home/user/.m2/repository/asm/asm/3.1/asm-3.1.jar:/home/user/.m2/repository/tomcat/jasper-compiler/5.5.23/jasper-compiler-5.5.23.jar:/home/user/.m2/repository/tomcat/jasper-runtime/5.5.23/jasper-runtime-5.5.23.jar:/home/user/.m2/repository/javax/servlet/jsp/jsp-api/2.1/jsp-api-2.1.jar:/home/user/.m2/repository/commons-el/commons-el/1.0/commons-el-1.0.jar:/home/user/.m2/repository/commons-logging/commons-logging/1.1.3/commons-logging-1.1.3.jar:/home/user/.m2/repository/net/java/dev/jets3t/jets3t/0.9.0/jets3t-0.9.0.jar:/home/user/.m2/repository/org/apache/httpcomponents/httpclient/4.1.2/httpclient-4.1.2.jar:/home/user/.m2/repository/org/apache/httpcomponents/httpcore/4.1.2/httpcore-4.1.2.jar:/home/user/.m2/repository/com/jamesmurty/utils/java-xmlbuilder/0.4/java-xmlbuilder-0.4.jar:/home/user/.m2/repository/commons-lang/commons-lang/2.6/commons-lang-2.6.jar:/home/user/.m2/repository/commons-configuration/commons-configuration/1.6/commons-configuration-1.6.jar:/home/user/.m2/repository/commons-digester/commons-digester/1.8/commons-digester-1.8.jar:/home/user/.m2/repository/commons-beanutils/commons-beanutils/1.7.0/commons-beanutils-1.7.0.jar:/home/user/.m2/repository/commons-beanutils/commons-beanutils-core/1.8.0/commons-beanutils-core-1.8.0.jar:/home/user/.m2/repository/org/codehaus/jackson/jackson-core-asl/1.9.13/jackson-core-asl-1.9.13.jar:/home/user/.m2/repository/org/codehaus/jackson/jackson-mapper-asl/1.9.13/jackson-mapper-asl-1.9.13.jar:/home/user/.m2/repository/org/apache/avro/avro/1.7.4/avro-1.7.4.jar:/home/user/.m2/repository/com/thoughtworks/paranamer/paranamer/2.3/paranamer-2.3.jar:/home/user/.m2/repository/org/xerial/snappy/snappy-java/1.0.4.1/snappy-java-1.0.4.1.jar:/home/user/.m2/repository/com/google/protobuf/protobuf-java/2.5.0/protobuf-java-2.5.0.jar:/home/user/.m2/repository/com/google/code/gson/gson/2.2.4/gson-2.2.4.jar:/home/user/.m2/repository/org/apache/hadoop/hadoop-auth/2.6.0/hadoop-auth-2.6.0.jar:/home/user/.m2/repository/org/apache/directory/server/apacheds-kerberos-codec/2.0.0-M15/apacheds-kerberos-codec-2.0.0-M15.jar:/home/user/.m2/repository/org/apache/directory/server/apacheds-i18n/2.0.0-M15/apacheds-i18n-2.0.0-M15.jar:/home/user/.m2/repository/org/apache/directory/api/api-asn1-api/1.0.0-M20/api-asn1-api-1.0.0-M20.jar:/home/user/.m2/repository/org/apache/directory/api/api-util/1.0.0-M20/api-util-1.0.0-M20.jar:/home/user/.m2/repository/org/apache/curator/curator-framework/2.6.0/curator-framework-2.6.0.jar:/home/user/.m2/repository/com/jcraft/jsch/0.1.42/jsch-0.1.42.jar:/home/user/.m2/repository/org/apache/curator/curator-client/2.6.0/curator-client-2.6.0.jar:/home/user/.m2/repository/org/apache/curator/curator-recipes/2.6.0/curator-recipes-2.6.0.jar:/home/user/.m2/repository/com/google/code/findbugs/jsr305/1.3.9/jsr305-1.3.9.jar:/home/user/.m2/repository/org/htrace/htrace-core/3.0.4/htrace-core-3.0.4.jar:/home/user/.m2/repository/org/apache/zookeeper/zookeeper/3.4.6/zookeeper-3.4.6.jar:/home/user/.m2/repository/io/netty/netty/3.7.0.Final/netty-3.7.0.Final.jar:/home/user/.m2/repository/org/apache/commons/commons-compress/1.4.1/commons-compress-1.4.1.jar:/home/user/.m2/repository/org/tukaani/xz/1.0/xz-1.0.jar:/home/user/.m2/repository/io/dropwizard/metrics/metrics-jvm/3.2.5/metrics-jvm-3.2.5.jar:/home/user/.m2/repository/io/dropwizard/metrics/metrics-ganglia/3.2.5/metrics-ganglia-3.2.5.jar:/home/user/.m2/repository/info/ganglia/gmetric4j/gmetric4j/1.0.7/gmetric4j-1.0.7.jar:/workdir/ratis-server/target/test-classes:/workdir/ratis-netty/target/classes:/workdir/ratis-netty/target/test-classes:/workdir/ratis-grpc/target/classes:/workdir/ratis-grpc/target/test-classes:/home/user/.m2/repository/org/slf4j/slf4j-api/1.7.10/slf4j-api-1.7.10.jar:/home/user/.m2/repository/junit/junit/4.12/junit-4.12.jar:/home/user/.m2/repository/org/hamcrest/hamcrest-core/1.3/hamcrest-core-1.3.jar:/home/user/.m2/repository/org/mockito/mockito-all/1.8.5/mockito-all-1.8.5.jar:"/>
    <property name="java.vm.vendor" value="IcedTea"/>
    <property name="sun.arch.data.model" value="64"/>
    <property name="java.vendor.url" value="https://icedtea.classpath.org"/>
    <property name="user.timezone" value=""/>
    <property name="java.vm.specification.version" value="1.8"/>
    <property name="os.name" value="Linux"/>
    <property name="user.country" value="US"/>
    <property name="sun.java.launcher" value="SUN_STANDARD"/>
    <property name="sun.boot.library.path" value="/usr/lib/jvm/java-1.8-openjdk/jre/lib/amd64"/>
    <property name="sun.java.command" value="/workdir/ratis-test/target/surefire/surefirebooter7551586194080939146.jar /workdir/ratis-test/target/surefire 2019-09-26T09-43-41_827-jvmRun1 surefire304679394627502158tmp surefire_265504375374468408988tmp"/>
    <property name="surefire.test.class.path" value="/workdir/ratis-test/target/test-classes:/workdir/ratis-test/target/classes:/workdir/ratis-common/target/classes:/home/user/.m2/repository/org/apache/ratis/ratis-thirdparty-misc/0.2.0/ratis-thirdparty-misc-0.2.0.jar:/workdir/ratis-proto/target/ratis-proto-0.5.0-SNAPSHOT.jar:/home/user/.m2/repository/org/slf4j/slf4j-log4j12/1.7.10/slf4j-log4j12-1.7.10.jar:/home/user/.m2/repository/log4j/log4j/1.2.17/log4j-1.2.17.jar:/workdir/ratis-common/target/test-classes:/workdir/ratis-client/target/classes:/workdir/ratis-server/target/classes:/workdir/ratis-metrics/target/classes:/home/user/.m2/repository/io/dropwizard/metrics/metrics-core/3.2.5/metrics-core-3.2.5.jar:/home/user/.m2/repository/com/github/joshelser/dropwizard-metrics-hadoop-metrics2-reporter/0.1.2/dropwizard-metrics-hadoop-metrics2-reporter-0.1.2.jar:/home/user/.m2/repository/org/apache/hadoop/hadoop-common/2.6.0/hadoop-common-2.6.0.jar:/home/user/.m2/repository/org/apache/hadoop/hadoop-annotations/2.6.0/hadoop-annotations-2.6.0.jar:/usr/lib/jvm/java-1.8-openjdk/jre/../lib/tools.jar:/home/user/.m2/repository/com/google/guava/guava/11.0.2/guava-11.0.2.jar:/home/user/.m2/repository/commons-cli/commons-cli/1.2/commons-cli-1.2.jar:/home/user/.m2/repository/org/apache/commons/commons-math3/3.1.1/commons-math3-3.1.1.jar:/home/user/.m2/repository/xmlenc/xmlenc/0.52/xmlenc-0.52.jar:/home/user/.m2/repository/commons-httpclient/commons-httpclient/3.1/commons-httpclient-3.1.jar:/home/user/.m2/repository/commons-codec/commons-codec/1.4/commons-codec-1.4.jar:/home/user/.m2/repository/commons-io/commons-io/2.4/commons-io-2.4.jar:/home/user/.m2/repository/commons-net/commons-net/3.1/commons-net-3.1.jar:/home/user/.m2/repository/commons-collections/commons-collections/3.2.1/commons-collections-3.2.1.jar:/home/user/.m2/repository/javax/servlet/servlet-api/2.5/servlet-api-2.5.jar:/home/user/.m2/repository/org/mortbay/jetty/jetty/6.1.26/jetty-6.1.26.jar:/home/user/.m2/repository/org/mortbay/jetty/jetty-util/6.1.26/jetty-util-6.1.26.jar:/home/user/.m2/repository/com/sun/jersey/jersey-core/1.9/jersey-core-1.9.jar:/home/user/.m2/repository/com/sun/jersey/jersey-json/1.9/jersey-json-1.9.jar:/home/user/.m2/repository/org/codehaus/jettison/jettison/1.1/jettison-1.1.jar:/home/user/.m2/repository/com/sun/xml/bind/jaxb-impl/2.2.3-1/jaxb-impl-2.2.3-1.jar:/home/user/.m2/repository/javax/xml/bind/jaxb-api/2.2.2/jaxb-api-2.2.2.jar:/home/user/.m2/repository/javax/xml/stream/stax-api/1.0-2/stax-api-1.0-2.jar:/home/user/.m2/repository/javax/activation/activation/1.1/activation-1.1.jar:/home/user/.m2/repository/org/codehaus/jackson/jackson-jaxrs/1.8.3/jackson-jaxrs-1.8.3.jar:/home/user/.m2/repository/org/codehaus/jackson/jackson-xc/1.8.3/jackson-xc-1.8.3.jar:/home/user/.m2/repository/com/sun/jersey/jersey-server/1.9/jersey-server-1.9.jar:/home/user/.m2/repository/asm/asm/3.1/asm-3.1.jar:/home/user/.m2/repository/tomcat/jasper-compiler/5.5.23/jasper-compiler-5.5.23.jar:/home/user/.m2/repository/tomcat/jasper-runtime/5.5.23/jasper-runtime-5.5.23.jar:/home/user/.m2/repository/javax/servlet/jsp/jsp-api/2.1/jsp-api-2.1.jar:/home/user/.m2/repository/commons-el/commons-el/1.0/commons-el-1.0.jar:/home/user/.m2/repository/commons-logging/commons-logging/1.1.3/commons-logging-1.1.3.jar:/home/user/.m2/repository/net/java/dev/jets3t/jets3t/0.9.0/jets3t-0.9.0.jar:/home/user/.m2/repository/org/apache/httpcomponents/httpclient/4.1.2/httpclient-4.1.2.jar:/home/user/.m2/repository/org/apache/httpcomponents/httpcore/4.1.2/httpcore-4.1.2.jar:/home/user/.m2/repository/com/jamesmurty/utils/java-xmlbuilder/0.4/java-xmlbuilder-0.4.jar:/home/user/.m2/repository/commons-lang/commons-lang/2.6/commons-lang-2.6.jar:/home/user/.m2/repository/commons-configuration/commons-configuration/1.6/commons-configuration-1.6.jar:/home/user/.m2/repository/commons-digester/commons-digester/1.8/commons-digester-1.8.jar:/home/user/.m2/repository/commons-beanutils/commons-beanutils/1.7.0/commons-beanutils-1.7.0.jar:/home/user/.m2/repository/commons-beanutils/commons-beanutils-core/1.8.0/commons-beanutils-core-1.8.0.jar:/home/user/.m2/repository/org/codehaus/jackson/jackson-core-asl/1.9.13/jackson-core-asl-1.9.13.jar:/home/user/.m2/repository/org/codehaus/jackson/jackson-mapper-asl/1.9.13/jackson-mapper-asl-1.9.13.jar:/home/user/.m2/repository/org/apache/avro/avro/1.7.4/avro-1.7.4.jar:/home/user/.m2/repository/com/thoughtworks/paranamer/paranamer/2.3/paranamer-2.3.jar:/home/user/.m2/repository/org/xerial/snappy/snappy-java/1.0.4.1/snappy-java-1.0.4.1.jar:/home/user/.m2/repository/com/google/protobuf/protobuf-java/2.5.0/protobuf-java-2.5.0.jar:/home/user/.m2/repository/com/google/code/gson/gson/2.2.4/gson-2.2.4.jar:/home/user/.m2/repository/org/apache/hadoop/hadoop-auth/2.6.0/hadoop-auth-2.6.0.jar:/home/user/.m2/repository/org/apache/directory/server/apacheds-kerberos-codec/2.0.0-M15/apacheds-kerberos-codec-2.0.0-M15.jar:/home/user/.m2/repository/org/apache/directory/server/apacheds-i18n/2.0.0-M15/apacheds-i18n-2.0.0-M15.jar:/home/user/.m2/repository/org/apache/directory/api/api-asn1-api/1.0.0-M20/api-asn1-api-1.0.0-M20.jar:/home/user/.m2/repository/org/apache/directory/api/api-util/1.0.0-M20/api-util-1.0.0-M20.jar:/home/user/.m2/repository/org/apache/curator/curator-framework/2.6.0/curator-framework-2.6.0.jar:/home/user/.m2/repository/com/jcraft/jsch/0.1.42/jsch-0.1.42.jar:/home/user/.m2/repository/org/apache/curator/curator-client/2.6.0/curator-client-2.6.0.jar:/home/user/.m2/repository/org/apache/curator/curator-recipes/2.6.0/curator-recipes-2.6.0.jar:/home/user/.m2/repository/com/google/code/findbugs/jsr305/1.3.9/jsr305-1.3.9.jar:/home/user/.m2/repository/org/htrace/htrace-core/3.0.4/htrace-core-3.0.4.jar:/home/user/.m2/repository/org/apache/zookeeper/zookeeper/3.4.6/zookeeper-3.4.6.jar:/home/user/.m2/repository/io/netty/netty/3.7.0.Final/netty-3.7.0.Final.jar:/home/user/.m2/repository/org/apache/commons/commons-compress/1.4.1/commons-compress-1.4.1.jar:/home/user/.m2/repository/org/tukaani/xz/1.0/xz-1.0.jar:/home/user/.m2/repository/io/dropwizard/metrics/metrics-jvm/3.2.5/metrics-jvm-3.2.5.jar:/home/user/.m2/repository/io/dropwizard/metrics/metrics-ganglia/3.2.5/metrics-ganglia-3.2.5.jar:/home/user/.m2/repository/info/ganglia/gmetric4j/gmetric4j/1.0.7/gmetric4j-1.0.7.jar:/workdir/ratis-server/target/test-classes:/workdir/ratis-netty/target/classes:/workdir/ratis-netty/target/test-classes:/workdir/ratis-grpc/target/classes:/workdir/ratis-grpc/target/test-classes:/home/user/.m2/repository/org/slf4j/slf4j-api/1.7.10/slf4j-api-1.7.10.jar:/home/user/.m2/repository/junit/junit/4.12/junit-4.12.jar:/home/user/.m2/repository/org/hamcrest/hamcrest-core/1.3/hamcrest-core-1.3.jar:/home/user/.m2/repository/org/mockito/mockito-all/1.8.5/mockito-all-1.8.5.jar:"/>
    <property name="sun.cpu.endian" value="little"/>
    <property name="user.home" value="/home/user"/>
    <property name="user.language" value="en"/>
    <property name="java.specification.vendor" value="Oracle Corporation"/>
    <property name="java.home" value="/usr/lib/jvm/java-1.8-openjdk/jre"/>
    <property name="basedir" value="/workdir/ratis-test"/>
    <property name="file.separator" value="/"/>
    <property name="line.separator" value="&#10;"/>
    <property name="java.vm.specification.vendor" value="Oracle Corporation"/>
    <property name="java.specification.name" value="Java Platform API Specification"/>
    <property name="java.awt.graphicsenv" value="sun.awt.X11GraphicsEnvironment"/>
    <property name="surefire.real.class.path" value="/workdir/ratis-test/target/surefire/surefirebooter7551586194080939146.jar"/>
    <property name="sun.boot.class.path" value="/usr/lib/jvm/java-1.8-openjdk/jre/lib/resources.jar:/usr/lib/jvm/java-1.8-openjdk/jre/lib/rt.jar:/usr/lib/jvm/java-1.8-openjdk/jre/lib/sunrsasign.jar:/usr/lib/jvm/java-1.8-openjdk/jre/lib/jsse.jar:/usr/lib/jvm/java-1.8-openjdk/jre/lib/jce.jar:/usr/lib/jvm/java-1.8-openjdk/jre/lib/charsets.jar:/usr/lib/jvm/java-1.8-openjdk/jre/lib/jfr.jar:/usr/lib/jvm/java-1.8-openjdk/jre/classes"/>
    <property name="sun.management.compiler" value="HotSpot 64-Bit Tiered Compilers"/>
    <property name="java.runtime.version" value="1.8.0_212-b04"/>
    <property name="java.net.preferIPv4Stack" value="true"/>
    <property name="user.name" value="jenkins1000"/>
    <property name="path.separator" value=":"/>
    <property name="os.version" value="3.10.0-957.12.2.el7.x86_64"/>
    <property name="java.endorsed.dirs" value="/usr/lib/jvm/java-1.8-openjdk/jre/lib/endorsed"/>
    <property name="java.runtime.name" value="OpenJDK Runtime Environment"/>
    <property name="file.encoding" value="UTF-8"/>
    <property name="java.vm.name" value="OpenJDK 64-Bit Server VM"/>
    <property name="localRepository" value="/home/user/.m2/repository"/>
    <property name="java.vendor.url.bug" value="https://icedtea.classpath.org/bugzilla"/>
    <property name="java.io.tmpdir" value="/tmp"/>
    <property name="java.version" value="1.8.0_212"/>
    <property name="user.dir" value="/workdir/ratis-test"/>
    <property name="os.arch" value="amd64"/>
    <property name="ratis.tmp.dir" value="/workdir/ratis-test/target/tmp"/>
    <property name="java.vm.specification.name" value="Java Virtual Machine Specification"/>
    <property name="java.awt.printerjob" value="sun.print.PSPrinterJob"/>
    <property name="ratis.log.dir" value="/workdir/ratis-test/target/log"/>
    <property name="sun.os.patch.level" value="unknown"/>
    <property name="java.library.path" value="/usr/lib/jvm/java-1.8-openjdk/jre/lib/amd64/server:/usr/lib/jvm/java-1.8-openjdk/jre/lib/amd64:/usr/lib/jvm/java-1.8-openjdk/jre/../lib/amd64:/usr/java/packages/lib/amd64:/usr/lib64:/lib64:/lib:/usr/lib"/>
    <property name="java.vm.info" value="mixed mode"/>
    <property name="java.vendor" value="IcedTea"/>
    <property name="java.vm.version" value="25.212-b04"/>
    <property name="java.ext.dirs" value="/usr/lib/jvm/java-1.8-openjdk/jre/lib/ext:/usr/java/packages/lib/ext"/>
    <property name="sun.io.unicode.encoding" value="UnicodeLittle"/>
    <property name="java.class.version" value="52.0"/>
  </properties>
  <testcase name="testEnforceLeader" classname="org.apache.ratis.server.simulation.TestLeaderElectionWithSimulatedRpc" time="2.426"/>
  <testcase name="testLateServerStart" classname="org.apache.ratis.server.simulation.TestLeaderElectionWithSimulatedRpc" time="4.506"/>
  <testcase name="testBasicLeaderElection" classname="org.apache.ratis.server.simulation.TestLeaderElectionWithSimulatedRpc" time="5.724"/>
  <testcase name="testChangeLeader" classname="org.apache.ratis.server.simulation.TestLeaderElectionWithSimulatedRpc" time="100.015">
    <error message="test timed out after 100 seconds" type="org.junit.runners.model.TestTimedOutException">org.junit.runners.model.TestTimedOutException: test timed out after 100 seconds
</error>
    <system-out><![CDATA[2019-09-26 09:48:51,122 INFO  util.LogUtils (LogUtils.java:setLogLevel(41)) - Set org.apache.ratis.conf.ConfUtils log level to WARN
2019-09-26 09:48:51,122 INFO  util.LogUtils (LogUtils.java:setLogLevel(41)) - Set org.apache.ratis.util.FileUtils log level to TRACE
2019-09-26 09:48:51,123 INFO  util.LogUtils (LogUtils.java:setLogLevel(41)) - Set org.apache.ratis.server.impl.RaftServerImpl log level to DEBUG
2019-09-26 09:48:51,123 INFO  util.LogUtils (LogUtils.java:setLogLevel(41)) - Set org.apache.ratis.client.RaftClient log level to DEBUG
2019-09-26 09:48:51,124 INFO  util.LogUtils (LogUtils.java:setLogLevel(41)) - Set org.apache.ratis.server.raftlog.segmented.SegmentedRaftLogWorker log level to TRACE
2019-09-26 09:48:51,124 INFO  simulation.TestLeaderElectionWithSimulatedRpc (LeaderElectionTests.java:testChangeLeader(75)) - Running testChangeLeader
2019-09-26 09:48:51,125 INFO  simulation.MiniRaftClusterWithSimulatedRpc (ConfUtils.java:logGet(43)) - org.apache.ratis.server.simulation.SimulatedRequestReply.simulateLatencyMs = 0 (custom)
2019-09-26 09:48:51,126 INFO  ratis.MiniRaftCluster (MiniRaftCluster.java:<init>(253)) - new MiniRaftClusterWithSimulatedRpc with group-5BD3E7F27A57:[s0:0.0.0.0:41468, s1:0.0.0.0:41619, s2:0.0.0.0:44382]
2019-09-26 09:48:51,126 INFO  ratis.MiniRaftCluster (MiniRaftCluster.java:start(287)) - .............................................................. 
2019-09-26 09:48:51,126 INFO  ratis.MiniRaftCluster (MiniRaftCluster.java:start(288)) - ... 
2019-09-26 09:48:51,126 INFO  ratis.MiniRaftCluster (MiniRaftCluster.java:start(289)) - ...     Starting MiniRaftClusterWithSimulatedRpc
2019-09-26 09:48:51,126 INFO  ratis.MiniRaftCluster (MiniRaftCluster.java:start(290)) - ... 
2019-09-26 09:48:51,127 INFO  ratis.MiniRaftCluster (MiniRaftCluster.java:start(291)) - .............................................................. 
2019-09-26 09:48:51,127 INFO  ratis.MiniRaftCluster (MiniRaftCluster.java:initServers(265)) - servers = {}
2019-09-26 09:48:51,127 INFO  ratis.MiniRaftCluster (MiniRaftCluster.java:newRaftServer(330)) - newRaftServer: s0, group-5BD3E7F27A57:[s0:0.0.0.0:41468, s1:0.0.0.0:41619, s2:0.0.0.0:44382], format? true
2019-09-26 09:48:51,127 TRACE util.FileUtils (FileUtils.java:deleteFully(88)) - deleteFully target/test/data/96b32e81/MiniRaftClusterWithSimulatedRpc85eff19e/s0
2019-09-26 09:48:51,128 TRACE util.FileUtils (FileUtils.java:deleteFully(104)) - deleteFully: target/test/data/96b32e81/MiniRaftClusterWithSimulatedRpc85eff19e/s0 does not exist.
2019-09-26 09:48:51,128 INFO  ratis.MiniRaftCluster (MiniRaftCluster.java:newRaftServer(335)) - Formatted directory target/test/data/96b32e81/MiniRaftClusterWithSimulatedRpc85eff19e/s0
2019-09-26 09:48:51,128 INFO  impl.RaftServerProxy (ConfUtils.java:logGet(43)) - raft.rpc.type = org.apache.ratis.server.simulation.SimulatedRpc (custom)
2019-09-26 09:48:51,129 INFO  server.RaftServerConfigKeys (ConfUtils.java:logGet(43)) - raft.server.storage.dir = [/workdir/ratis-test/target/test/data/96b32e81/MiniRaftClusterWithSimulatedRpc85eff19e/s0] (custom)
2019-09-26 09:48:51,130 INFO  impl.RaftServerProxy (RaftServerProxy.java:addNew(89)) - s0: addNew group-5BD3E7F27A57:[s0:0.0.0.0:41468, s1:0.0.0.0:41619, s2:0.0.0.0:44382] returns group-5BD3E7F27A57:java.util.concurrent.CompletableFuture@6086f959[Not completed]
2019-09-26 09:48:51,130 INFO  impl.RaftServerImpl (RaftServerImpl.java:<init>(95)) - s0: new RaftServerImpl for group-5BD3E7F27A57:[s0:0.0.0.0:41468, s1:0.0.0.0:41619, s2:0.0.0.0:44382] with BaseStateMachine:uninitialized
2019-09-26 09:48:51,130 INFO  ratis.MiniRaftCluster (MiniRaftCluster.java:newRaftServer(330)) - newRaftServer: s1, group-5BD3E7F27A57:[s0:0.0.0.0:41468, s1:0.0.0.0:41619, s2:0.0.0.0:44382], format? true
2019-09-26 09:48:51,131 INFO  server.RaftServerConfigKeys (ConfUtils.java:logGet(43)) - raft.server.rpc.timeout.min = 150ms (default)
2019-09-26 09:48:51,131 TRACE util.FileUtils (FileUtils.java:deleteFully(88)) - deleteFully target/test/data/96b32e81/MiniRaftClusterWithSimulatedRpc85eff19e/s1
2019-09-26 09:48:51,131 INFO  server.RaftServerConfigKeys (ConfUtils.java:logGet(43)) - raft.server.rpc.timeout.max = 300ms (default)
2019-09-26 09:48:51,131 INFO  server.RaftServerConfigKeys (ConfUtils.java:logGet(43)) - raft.server.rpcslowness.timeout = 60s (default)
2019-09-26 09:48:51,131 TRACE util.FileUtils (FileUtils.java:deleteFully(104)) - deleteFully: target/test/data/96b32e81/MiniRaftClusterWithSimulatedRpc85eff19e/s1 does not exist.
2019-09-26 09:48:51,131 INFO  server.RaftServerConfigKeys (ConfUtils.java:logGet(43)) - raft.server.sleep.deviation.threshold = 300 (default)
2019-09-26 09:48:51,132 INFO  ratis.MiniRaftCluster (MiniRaftCluster.java:newRaftServer(335)) - Formatted directory target/test/data/96b32e81/MiniRaftClusterWithSimulatedRpc85eff19e/s1
2019-09-26 09:48:51,132 INFO  server.RaftServerConfigKeys (ConfUtils.java:logGet(43)) - raft.server.log.appender.install.snapshot.enabled = true (default)
2019-09-26 09:48:51,132 INFO  impl.RaftServerProxy (ConfUtils.java:logGet(43)) - raft.rpc.type = org.apache.ratis.server.simulation.SimulatedRpc (custom)
2019-09-26 09:48:51,132 INFO  impl.RaftServerImpl (ServerState.java:<init>(103)) - s0@group-5BD3E7F27A57: ConfigurationManager, init=-1: [s0:0.0.0.0:41468, s1:0.0.0.0:41619, s2:0.0.0.0:44382], old=null, confs=<EMPTY_MAP>
2019-09-26 09:48:51,133 INFO  server.RaftServerConfigKeys (ConfUtils.java:logGet(43)) - raft.server.storage.dir = [/workdir/ratis-test/target/test/data/96b32e81/MiniRaftClusterWithSimulatedRpc85eff19e/s0] (custom)
2019-09-26 09:48:51,133 INFO  server.RaftServerConfigKeys (ConfUtils.java:logGet(43)) - raft.server.storage.dir = [/workdir/ratis-test/target/test/data/96b32e81/MiniRaftClusterWithSimulatedRpc85eff19e/s1] (custom)
2019-09-26 09:48:51,133 INFO  server.RaftServerConfigKeys (ConfUtils.java:logGet(43)) - raft.server.log.corruption.policy = EXCEPTION (default)
2019-09-26 09:48:51,133 INFO  impl.RaftServerProxy (RaftServerProxy.java:addNew(89)) - s1: addNew group-5BD3E7F27A57:[s0:0.0.0.0:41468, s1:0.0.0.0:41619, s2:0.0.0.0:44382] returns group-5BD3E7F27A57:java.util.concurrent.CompletableFuture@57b26188[Not completed]
2019-09-26 09:48:51,133 INFO  impl.RaftServerImpl (RaftServerImpl.java:<init>(95)) - s1: new RaftServerImpl for group-5BD3E7F27A57:[s0:0.0.0.0:41468, s1:0.0.0.0:41619, s2:0.0.0.0:44382] with BaseStateMachine:uninitialized
2019-09-26 09:48:51,133 INFO  storage.RaftStorageDirectory (RaftStorageDirectory.java:analyzeStorage(246)) - The storage directory /workdir/ratis-test/target/test/data/96b32e81/MiniRaftClusterWithSimulatedRpc85eff19e/s0/84e7e082-e8c2-43dc-92a2-5bd3e7f27a57 does not exist. Creating ...
2019-09-26 09:48:51,134 INFO  server.RaftServerConfigKeys (ConfUtils.java:logGet(43)) - raft.server.rpc.timeout.min = 150ms (default)
2019-09-26 09:48:51,133 INFO  ratis.MiniRaftCluster (MiniRaftCluster.java:newRaftServer(330)) - newRaftServer: s2, group-5BD3E7F27A57:[s0:0.0.0.0:41468, s1:0.0.0.0:41619, s2:0.0.0.0:44382], format? true
2019-09-26 09:48:51,134 INFO  server.RaftServerConfigKeys (ConfUtils.java:logGet(43)) - raft.server.rpc.timeout.max = 300ms (default)
2019-09-26 09:48:51,134 TRACE util.FileUtils (FileUtils.java:deleteFully(88)) - deleteFully target/test/data/96b32e81/MiniRaftClusterWithSimulatedRpc85eff19e/s2
2019-09-26 09:48:51,134 INFO  server.RaftServerConfigKeys (ConfUtils.java:logGet(43)) - raft.server.rpcslowness.timeout = 60s (default)
2019-09-26 09:48:51,135 TRACE util.FileUtils (LogUtils.java:runAndLog(61)) - Successfully ran Files.createDirectories /workdir/ratis-test/target/test/data/96b32e81/MiniRaftClusterWithSimulatedRpc85eff19e/s0/84e7e082-e8c2-43dc-92a2-5bd3e7f27a57
2019-09-26 09:48:51,135 TRACE util.FileUtils (FileUtils.java:deleteFully(104)) - deleteFully: target/test/data/96b32e81/MiniRaftClusterWithSimulatedRpc85eff19e/s2 does not exist.
2019-09-26 09:48:51,135 INFO  server.RaftServerConfigKeys (ConfUtils.java:logGet(43)) - raft.server.sleep.deviation.threshold = 300 (default)
2019-09-26 09:48:51,135 INFO  ratis.MiniRaftCluster (MiniRaftCluster.java:newRaftServer(335)) - Formatted directory target/test/data/96b32e81/MiniRaftClusterWithSimulatedRpc85eff19e/s2
2019-09-26 09:48:51,135 INFO  server.RaftServerConfigKeys (ConfUtils.java:logGet(43)) - raft.server.log.appender.install.snapshot.enabled = true (default)
2019-09-26 09:48:51,136 INFO  impl.RaftServerImpl (ServerState.java:<init>(103)) - s1@group-5BD3E7F27A57: ConfigurationManager, init=-1: [s0:0.0.0.0:41468, s1:0.0.0.0:41619, s2:0.0.0.0:44382], old=null, confs=<EMPTY_MAP>
2019-09-26 09:48:51,136 INFO  impl.RaftServerProxy (ConfUtils.java:logGet(43)) - raft.rpc.type = org.apache.ratis.server.simulation.SimulatedRpc (custom)
2019-09-26 09:48:51,136 INFO  server.RaftServerConfigKeys (ConfUtils.java:logGet(43)) - raft.server.storage.dir = [/workdir/ratis-test/target/test/data/96b32e81/MiniRaftClusterWithSimulatedRpc85eff19e/s1] (custom)
2019-09-26 09:48:51,136 INFO  server.RaftServerConfigKeys (ConfUtils.java:logGet(43)) - raft.server.log.corruption.policy = EXCEPTION (default)
2019-09-26 09:48:51,136 INFO  storage.RaftStorageDirectory (RaftStorageDirectory.java:analyzeStorage(246)) - The storage directory /workdir/ratis-test/target/test/data/96b32e81/MiniRaftClusterWithSimulatedRpc85eff19e/s1/84e7e082-e8c2-43dc-92a2-5bd3e7f27a57 does not exist. Creating ...
2019-09-26 09:48:51,137 INFO  server.RaftServerConfigKeys (ConfUtils.java:logGet(43)) - raft.server.storage.dir = [/workdir/ratis-test/target/test/data/96b32e81/MiniRaftClusterWithSimulatedRpc85eff19e/s2] (custom)
2019-09-26 09:48:51,137 TRACE util.FileUtils (LogUtils.java:runAndLog(61)) - Successfully ran Files.createDirectories /workdir/ratis-test/target/test/data/96b32e81/MiniRaftClusterWithSimulatedRpc85eff19e/s1/84e7e082-e8c2-43dc-92a2-5bd3e7f27a57
2019-09-26 09:48:51,137 INFO  impl.RaftServerProxy (RaftServerProxy.java:addNew(89)) - s2: addNew group-5BD3E7F27A57:[s0:0.0.0.0:41468, s1:0.0.0.0:41619, s2:0.0.0.0:44382] returns group-5BD3E7F27A57:java.util.concurrent.CompletableFuture@4cb6cc20[Not completed]
2019-09-26 09:48:51,137 INFO  impl.RaftServerImpl (RaftServerImpl.java:<init>(95)) - s2: new RaftServerImpl for group-5BD3E7F27A57:[s0:0.0.0.0:41468, s1:0.0.0.0:41619, s2:0.0.0.0:44382] with BaseStateMachine:uninitialized
2019-09-26 09:48:51,138 INFO  server.RaftServerConfigKeys (ConfUtils.java:logGet(43)) - raft.server.rpc.timeout.min = 150ms (default)
2019-09-26 09:48:51,138 INFO  server.RaftServerConfigKeys (ConfUtils.java:logGet(43)) - raft.server.rpc.timeout.max = 300ms (default)
2019-09-26 09:48:51,138 INFO  server.RaftServerConfigKeys (ConfUtils.java:logGet(43)) - raft.server.rpcslowness.timeout = 60s (default)
2019-09-26 09:48:51,138 INFO  server.RaftServerConfigKeys (ConfUtils.java:logGet(43)) - raft.server.sleep.deviation.threshold = 300 (default)
2019-09-26 09:48:51,138 INFO  server.RaftServerConfigKeys (ConfUtils.java:logGet(43)) - raft.server.log.appender.install.snapshot.enabled = true (default)
2019-09-26 09:48:51,139 INFO  impl.RaftServerImpl (ServerState.java:<init>(103)) - s2@group-5BD3E7F27A57: ConfigurationManager, init=-1: [s0:0.0.0.0:41468, s1:0.0.0.0:41619, s2:0.0.0.0:44382], old=null, confs=<EMPTY_MAP>
2019-09-26 09:48:51,139 INFO  server.RaftServerConfigKeys (ConfUtils.java:logGet(43)) - raft.server.storage.dir = [/workdir/ratis-test/target/test/data/96b32e81/MiniRaftClusterWithSimulatedRpc85eff19e/s2] (custom)
2019-09-26 09:48:51,139 INFO  server.RaftServerConfigKeys (ConfUtils.java:logGet(43)) - raft.server.log.corruption.policy = EXCEPTION (default)
2019-09-26 09:48:51,139 INFO  storage.RaftStorageDirectory (RaftStorageDirectory.java:analyzeStorage(246)) - The storage directory /workdir/ratis-test/target/test/data/96b32e81/MiniRaftClusterWithSimulatedRpc85eff19e/s2/84e7e082-e8c2-43dc-92a2-5bd3e7f27a57 does not exist. Creating ...
2019-09-26 09:48:51,140 TRACE util.FileUtils (LogUtils.java:runAndLog(61)) - Successfully ran Files.createDirectories /workdir/ratis-test/target/test/data/96b32e81/MiniRaftClusterWithSimulatedRpc85eff19e/s2/84e7e082-e8c2-43dc-92a2-5bd3e7f27a57
2019-09-26 09:48:51,149 INFO  storage.RaftStorageDirectory (RaftStorageDirectory.java:tryLock(328)) - Lock on /workdir/ratis-test/target/test/data/96b32e81/MiniRaftClusterWithSimulatedRpc85eff19e/s1/84e7e082-e8c2-43dc-92a2-5bd3e7f27a57/in_use.lock acquired by nodename 21377@ratis-test-kn96w-682825239
2019-09-26 09:48:51,149 INFO  storage.RaftStorageDirectory (RaftStorageDirectory.java:tryLock(328)) - Lock on /workdir/ratis-test/target/test/data/96b32e81/MiniRaftClusterWithSimulatedRpc85eff19e/s2/84e7e082-e8c2-43dc-92a2-5bd3e7f27a57/in_use.lock acquired by nodename 21377@ratis-test-kn96w-682825239
2019-09-26 09:48:51,149 TRACE util.FileUtils (LogUtils.java:runAndLog(61)) - Successfully ran Files.createDirectories /workdir/ratis-test/target/test/data/96b32e81/MiniRaftClusterWithSimulatedRpc85eff19e/s1/84e7e082-e8c2-43dc-92a2-5bd3e7f27a57/current
2019-09-26 09:48:51,149 INFO  storage.RaftStorageDirectory (RaftStorageDirectory.java:tryLock(328)) - Lock on /workdir/ratis-test/target/test/data/96b32e81/MiniRaftClusterWithSimulatedRpc85eff19e/s0/84e7e082-e8c2-43dc-92a2-5bd3e7f27a57/in_use.lock acquired by nodename 21377@ratis-test-kn96w-682825239
2019-09-26 09:48:51,149 TRACE util.FileUtils (LogUtils.java:runAndLog(61)) - Successfully ran Files.createDirectories /workdir/ratis-test/target/test/data/96b32e81/MiniRaftClusterWithSimulatedRpc85eff19e/s2/84e7e082-e8c2-43dc-92a2-5bd3e7f27a57/current
2019-09-26 09:48:51,149 TRACE util.FileUtils (LogUtils.java:runAndLog(61)) - Successfully ran Files.createDirectories /workdir/ratis-test/target/test/data/96b32e81/MiniRaftClusterWithSimulatedRpc85eff19e/s1/84e7e082-e8c2-43dc-92a2-5bd3e7f27a57/sm
2019-09-26 09:48:51,149 TRACE util.FileUtils (LogUtils.java:runAndLog(61)) - Successfully ran Files.createDirectories /workdir/ratis-test/target/test/data/96b32e81/MiniRaftClusterWithSimulatedRpc85eff19e/s0/84e7e082-e8c2-43dc-92a2-5bd3e7f27a57/current
2019-09-26 09:48:51,149 TRACE util.FileUtils (LogUtils.java:runAndLog(61)) - Successfully ran Files.createDirectories /workdir/ratis-test/target/test/data/96b32e81/MiniRaftClusterWithSimulatedRpc85eff19e/s2/84e7e082-e8c2-43dc-92a2-5bd3e7f27a57/sm
2019-09-26 09:48:51,150 TRACE util.FileUtils (LogUtils.java:runAndLog(61)) - Successfully ran Files.createDirectories /workdir/ratis-test/target/test/data/96b32e81/MiniRaftClusterWithSimulatedRpc85eff19e/s0/84e7e082-e8c2-43dc-92a2-5bd3e7f27a57/sm
2019-09-26 09:48:51,163 INFO  storage.RaftStorage (RaftStorage.java:format(84)) - Storage directory /workdir/ratis-test/target/test/data/96b32e81/MiniRaftClusterWithSimulatedRpc85eff19e/s0/84e7e082-e8c2-43dc-92a2-5bd3e7f27a57 has been successfully formatted.
2019-09-26 09:48:51,163 INFO  storage.RaftStorage (RaftStorage.java:format(84)) - Storage directory /workdir/ratis-test/target/test/data/96b32e81/MiniRaftClusterWithSimulatedRpc85eff19e/s2/84e7e082-e8c2-43dc-92a2-5bd3e7f27a57 has been successfully formatted.
2019-09-26 09:48:51,163 INFO  storage.RaftStorage (RaftStorage.java:format(84)) - Storage directory /workdir/ratis-test/target/test/data/96b32e81/MiniRaftClusterWithSimulatedRpc85eff19e/s1/84e7e082-e8c2-43dc-92a2-5bd3e7f27a57 has been successfully formatted.
2019-09-26 09:48:51,164 INFO  server.RaftServerConfigKeys (ConfUtils.java:logGet(43)) - raft.server.notification.no-leader.timeout = 60s (default)
2019-09-26 09:48:51,164 INFO  server.RaftServerConfigKeys (ConfUtils.java:logGet(43)) - raft.server.notification.no-leader.timeout = 60s (default)
2019-09-26 09:48:51,164 INFO  server.RaftServerConfigKeys (ConfUtils.java:logGet(43)) - raft.server.log.use.memory = false (default)
2019-09-26 09:48:51,164 INFO  server.RaftServerConfigKeys (ConfUtils.java:logGet(43)) - raft.server.notification.no-leader.timeout = 60s (default)
2019-09-26 09:48:51,164 INFO  server.RaftServerConfigKeys (ConfUtils.java:logGet(43)) - raft.server.log.purge.gap = 1024 (default)
2019-09-26 09:48:51,164 INFO  server.RaftServerConfigKeys (ConfUtils.java:logGet(43)) - raft.server.log.use.memory = false (default)
2019-09-26 09:48:51,165 INFO  server.RaftServerConfigKeys (ConfUtils.java:logGet(43)) - raft.server.log.appender.buffer.byte-limit = 4MB (=4194304) (default)
2019-09-26 09:48:51,164 INFO  server.RaftServerConfigKeys (ConfUtils.java:logGet(43)) - raft.server.log.use.memory = false (default)
2019-09-26 09:48:51,165 INFO  server.RaftServerConfigKeys (ConfUtils.java:logGet(43)) - raft.server.log.segment.size.max = 8MB (=8388608) (default)
2019-09-26 09:48:51,165 INFO  server.RaftServerConfigKeys (ConfUtils.java:logGet(43)) - raft.server.log.purge.gap = 1024 (default)
2019-09-26 09:48:51,165 INFO  server.RaftServerConfigKeys (ConfUtils.java:logGet(43)) - raft.server.log.segment.cache.num.max = 6 (default)
2019-09-26 09:48:51,165 INFO  server.RaftServerConfigKeys (ConfUtils.java:logGet(43)) - raft.server.log.purge.gap = 1024 (default)
2019-09-26 09:48:51,166 INFO  segmented.SegmentedRaftLogWorker (SegmentedRaftLogWorker.java:<init>(172)) - new s2@group-5BD3E7F27A57-SegmentedRaftLogWorker for RaftStorage:Storage Directory /workdir/ratis-test/target/test/data/96b32e81/MiniRaftClusterWithSimulatedRpc85eff19e/s2/84e7e082-e8c2-43dc-92a2-5bd3e7f27a57
2019-09-26 09:48:51,165 INFO  server.RaftServerConfigKeys (ConfUtils.java:logGet(43)) - raft.server.log.appender.buffer.byte-limit = 4MB (=4194304) (default)
2019-09-26 09:48:51,166 INFO  server.RaftServerConfigKeys (ConfUtils.java:logGet(43)) - raft.server.log.queue.byte-limit = 64MB (=67108864) (default)
2019-09-26 09:48:51,166 INFO  server.RaftServerConfigKeys (ConfUtils.java:logGet(43)) - raft.server.log.appender.buffer.byte-limit = 4MB (=4194304) (default)
2019-09-26 09:48:51,166 INFO  server.RaftServerConfigKeys (ConfUtils.java:logGet(43)) - raft.server.log.queue.element-limit = 4096 (default)
2019-09-26 09:48:51,166 INFO  server.RaftServerConfigKeys (ConfUtils.java:logGet(43)) - raft.server.log.segment.size.max = 8MB (=8388608) (default)
2019-09-26 09:48:51,167 INFO  server.RaftServerConfigKeys (ConfUtils.java:logGet(43)) - raft.server.log.segment.size.max = 8MB (=8388608) (default)
2019-09-26 09:48:51,166 INFO  server.RaftServerConfigKeys (ConfUtils.java:logGet(43)) - raft.server.log.segment.size.max = 8MB (=8388608) (default)
2019-09-26 09:48:51,167 INFO  server.RaftServerConfigKeys (ConfUtils.java:logGet(43)) - raft.server.log.preallocated.size = 4MB (=4194304) (default)
2019-09-26 09:48:51,167 INFO  server.RaftServerConfigKeys (ConfUtils.java:logGet(43)) - raft.server.log.segment.cache.num.max = 6 (default)
2019-09-26 09:48:51,167 INFO  server.RaftServerConfigKeys (ConfUtils.java:logGet(43)) - raft.server.log.write.buffer.size = 64KB (=65536) (default)
2019-09-26 09:48:51,167 INFO  server.RaftServerConfigKeys (ConfUtils.java:logGet(43)) - raft.server.log.segment.cache.num.max = 6 (default)
2019-09-26 09:48:51,168 INFO  server.RaftServerConfigKeys (ConfUtils.java:logGet(43)) - raft.server.log.force.sync.num = 128 (default)
2019-09-26 09:48:51,167 INFO  segmented.SegmentedRaftLogWorker (SegmentedRaftLogWorker.java:<init>(172)) - new s0@group-5BD3E7F27A57-SegmentedRaftLogWorker for RaftStorage:Storage Directory /workdir/ratis-test/target/test/data/96b32e81/MiniRaftClusterWithSimulatedRpc85eff19e/s0/84e7e082-e8c2-43dc-92a2-5bd3e7f27a57
2019-09-26 09:48:51,168 INFO  server.RaftServerConfigKeys (ConfUtils.java:logGet(43)) - raft.server.log.statemachine.data.sync = true (default)
2019-09-26 09:48:51,168 INFO  segmented.SegmentedRaftLogWorker (SegmentedRaftLogWorker.java:<init>(172)) - new s1@group-5BD3E7F27A57-SegmentedRaftLogWorker for RaftStorage:Storage Directory /workdir/ratis-test/target/test/data/96b32e81/MiniRaftClusterWithSimulatedRpc85eff19e/s1/84e7e082-e8c2-43dc-92a2-5bd3e7f27a57
2019-09-26 09:48:51,168 INFO  server.RaftServerConfigKeys (ConfUtils.java:logGet(43)) - raft.server.log.statemachine.data.sync.timeout = 10s (default)
2019-09-26 09:48:51,168 INFO  server.RaftServerConfigKeys (ConfUtils.java:logGet(43)) - raft.server.log.queue.byte-limit = 64MB (=67108864) (default)
2019-09-26 09:48:51,169 INFO  server.RaftServerConfigKeys (ConfUtils.java:logGet(43)) - raft.server.log.statemachine.data.sync.timeout.retry = -1 (default)
2019-09-26 09:48:51,168 INFO  server.RaftServerConfigKeys (ConfUtils.java:logGet(43)) - raft.server.log.queue.byte-limit = 64MB (=67108864) (default)
2019-09-26 09:48:51,169 INFO  server.RaftServerConfigKeys (ConfUtils.java:logGet(43)) - raft.server.log.statemachine.data.caching.enabled = false (default)
2019-09-26 09:48:51,169 INFO  server.RaftServerConfigKeys (ConfUtils.java:logGet(43)) - raft.server.log.queue.element-limit = 4096 (default)
2019-09-26 09:48:51,169 INFO  server.RaftServerConfigKeys (ConfUtils.java:logGet(43)) - raft.server.log.queue.element-limit = 4096 (default)
2019-09-26 09:48:51,169 INFO  server.RaftServerConfigKeys (ConfUtils.java:logGet(43)) - raft.server.log.segment.size.max = 8MB (=8388608) (default)
2019-09-26 09:48:51,170 TRACE segmented.SegmentedRaftLogWorker (SegmentedRaftLogWorker.java:start(209)) - s2@group-5BD3E7F27A57-SegmentedRaftLogWorker start(latestIndex=-1, openSegmentFile=null)
2019-09-26 09:48:51,170 INFO  server.RaftServerConfigKeys (ConfUtils.java:logGet(43)) - raft.server.log.segment.size.max = 8MB (=8388608) (default)
2019-09-26 09:48:51,170 INFO  segmented.SegmentedRaftLogWorker (SegmentedRaftLogWorker.java:lambda$new$0(132)) - s2@group-5BD3E7F27A57-SegmentedRaftLogWorker: flushIndex: setUnconditionally 0 -> -1
2019-09-26 09:48:51,170 INFO  server.RaftServerConfigKeys (ConfUtils.java:logGet(43)) - raft.server.log.preallocated.size = 4MB (=4194304) (default)
2019-09-26 09:48:51,170 INFO  server.RaftServerConfigKeys (ConfUtils.java:logGet(43)) - raft.server.log.preallocated.size = 4MB (=4194304) (default)
2019-09-26 09:48:51,170 INFO  server.RaftServerConfigKeys (ConfUtils.java:logGet(43)) - raft.server.log.write.buffer.size = 64KB (=65536) (default)
2019-09-26 09:48:51,170 INFO  server.RaftServerConfigKeys (ConfUtils.java:logGet(43)) - raft.server.snapshot.auto.trigger.enabled = false (default)
2019-09-26 09:48:51,170 INFO  server.RaftServerConfigKeys (ConfUtils.java:logGet(43)) - raft.server.log.write.buffer.size = 64KB (=65536) (default)
2019-09-26 09:48:51,171 INFO  server.RaftServerConfigKeys (ConfUtils.java:logGet(43)) - raft.server.snapshot.retention.file.num = -1 (default)
2019-09-26 09:48:51,171 INFO  server.RaftServerConfigKeys (ConfUtils.java:logGet(43)) - raft.server.log.force.sync.num = 128 (default)
2019-09-26 09:48:51,171 INFO  server.RaftServerConfigKeys (ConfUtils.java:logGet(43)) - raft.server.retrycache.expirytime = 60s (default)
2019-09-26 09:48:51,171 INFO  server.RaftServerConfigKeys (ConfUtils.java:logGet(43)) - raft.server.log.force.sync.num = 128 (default)
2019-09-26 09:48:51,171 INFO  server.RaftServerConfigKeys (ConfUtils.java:logGet(43)) - raft.server.log.statemachine.data.sync = true (default)
2019-09-26 09:48:51,171 INFO  server.RaftServerConfigKeys (ConfUtils.java:logGet(43)) - raft.server.log.statemachine.data.sync = true (default)
2019-09-26 09:48:51,172 INFO  server.RaftServerConfigKeys (ConfUtils.java:logGet(43)) - raft.server.log.statemachine.data.sync.timeout = 10s (default)
2019-09-26 09:48:51,172 INFO  server.RaftServerConfigKeys (ConfUtils.java:logGet(43)) - raft.server.log.statemachine.data.sync.timeout = 10s (default)
2019-09-26 09:48:51,172 INFO  server.RaftServerConfigKeys (ConfUtils.java:logGet(43)) - raft.server.log.statemachine.data.sync.timeout.retry = -1 (default)
2019-09-26 09:48:51,172 INFO  server.RaftServerConfigKeys (ConfUtils.java:logGet(43)) - raft.server.log.statemachine.data.sync.timeout.retry = -1 (default)
2019-09-26 09:48:51,172 INFO  server.RaftServerConfigKeys (ConfUtils.java:logGet(43)) - raft.server.log.statemachine.data.caching.enabled = false (default)
2019-09-26 09:48:51,172 INFO  server.RaftServerConfigKeys (ConfUtils.java:logGet(43)) - raft.server.log.statemachine.data.caching.enabled = false (default)
2019-09-26 09:48:51,172 TRACE segmented.SegmentedRaftLogWorker (SegmentedRaftLogWorker.java:start(209)) - s0@group-5BD3E7F27A57-SegmentedRaftLogWorker start(latestIndex=-1, openSegmentFile=null)
2019-09-26 09:48:51,172 INFO  segmented.SegmentedRaftLogWorker (SegmentedRaftLogWorker.java:lambda$new$0(132)) - s0@group-5BD3E7F27A57-SegmentedRaftLogWorker: flushIndex: setUnconditionally 0 -> -1
2019-09-26 09:48:51,172 TRACE segmented.SegmentedRaftLogWorker (SegmentedRaftLogWorker.java:start(209)) - s1@group-5BD3E7F27A57-SegmentedRaftLogWorker start(latestIndex=-1, openSegmentFile=null)
2019-09-26 09:48:51,173 INFO  server.RaftServerConfigKeys (ConfUtils.java:logGet(43)) - raft.server.snapshot.auto.trigger.enabled = false (default)
2019-09-26 09:48:51,173 INFO  segmented.SegmentedRaftLogWorker (SegmentedRaftLogWorker.java:lambda$new$0(132)) - s1@group-5BD3E7F27A57-SegmentedRaftLogWorker: flushIndex: setUnconditionally 0 -> -1
2019-09-26 09:48:51,173 INFO  server.RaftServerConfigKeys (ConfUtils.java:logGet(43)) - raft.server.snapshot.retention.file.num = -1 (default)
2019-09-26 09:48:51,173 INFO  server.RaftServerConfigKeys (ConfUtils.java:logGet(43)) - raft.server.retrycache.expirytime = 60s (default)
2019-09-26 09:48:51,173 INFO  server.RaftServerConfigKeys (ConfUtils.java:logGet(43)) - raft.server.snapshot.auto.trigger.enabled = false (default)
2019-09-26 09:48:51,173 INFO  server.RaftServerConfigKeys (ConfUtils.java:logGet(43)) - raft.server.snapshot.retention.file.num = -1 (default)
2019-09-26 09:48:51,173 INFO  server.RaftServerConfigKeys (ConfUtils.java:logGet(43)) - raft.server.retrycache.expirytime = 60s (default)
2019-09-26 09:48:51,177 INFO  impl.RaftServerImpl (RaftServerImpl.java:start(181)) - s0@group-5BD3E7F27A57: start as a follower, conf=-1: [s0:0.0.0.0:41468, s1:0.0.0.0:41619, s2:0.0.0.0:44382], old=null
2019-09-26 09:48:51,177 INFO  impl.RaftServerImpl (RaftServerImpl.java:setRole(170)) - s0@group-5BD3E7F27A57: changes role from      null to FOLLOWER at term 0 for startAsFollower
2019-09-26 09:48:51,178 INFO  impl.RoleInfo (RoleInfo.java:updateAndGet(143)) - s0: start FollowerState
2019-09-26 09:48:51,178 INFO  util.JmxRegister (JmxRegister.java:tryRegister(44)) - Successfully registered JMX Bean with object name Ratis:service=RaftServer,group=group-5BD3E7F27A57,id=s0
2019-09-26 09:48:51,182 INFO  impl.RaftServerProxy (RaftServerProxy.java:lambda$start$3(299)) - s0: start RPC server
2019-09-26 09:48:51,183 INFO  impl.RaftServerImpl (RaftServerImpl.java:start(181)) - s1@group-5BD3E7F27A57: start as a follower, conf=-1: [s0:0.0.0.0:41468, s1:0.0.0.0:41619, s2:0.0.0.0:44382], old=null
2019-09-26 09:48:51,183 INFO  impl.RaftServerImpl (RaftServerImpl.java:setRole(170)) - s1@group-5BD3E7F27A57: changes role from      null to FOLLOWER at term 0 for startAsFollower
2019-09-26 09:48:51,183 INFO  impl.RoleInfo (RoleInfo.java:updateAndGet(143)) - s1: start FollowerState
2019-09-26 09:48:51,184 INFO  util.JmxRegister (JmxRegister.java:tryRegister(44)) - Successfully registered JMX Bean with object name Ratis:service=RaftServer,group=group-5BD3E7F27A57,id=s1
2019-09-26 09:48:51,188 INFO  impl.RaftServerProxy (RaftServerProxy.java:lambda$start$3(299)) - s1: start RPC server
2019-09-26 09:48:51,189 INFO  impl.RaftServerImpl (RaftServerImpl.java:start(181)) - s2@group-5BD3E7F27A57: start as a follower, conf=-1: [s0:0.0.0.0:41468, s1:0.0.0.0:41619, s2:0.0.0.0:44382], old=null
2019-09-26 09:48:51,189 INFO  impl.RaftServerImpl (RaftServerImpl.java:setRole(170)) - s2@group-5BD3E7F27A57: changes role from      null to FOLLOWER at term 0 for startAsFollower
2019-09-26 09:48:51,190 INFO  impl.RoleInfo (RoleInfo.java:updateAndGet(143)) - s2: start FollowerState
2019-09-26 09:48:51,190 INFO  util.JmxRegister (JmxRegister.java:tryRegister(44)) - Successfully registered JMX Bean with object name Ratis:service=RaftServer,group=group-5BD3E7F27A57,id=s2
2019-09-26 09:48:51,194 INFO  impl.RaftServerProxy (RaftServerProxy.java:lambda$start$3(299)) - s2: start RPC server
2019-09-26 09:48:51,195 INFO  server.RaftServerConfigKeys (ConfUtils.java:logGet(43)) - raft.server.rpc.timeout.max = 300ms (default)
2019-09-26 09:48:51,195 INFO  ratis.RaftTestUtil (RaftTestUtil.java:waitForLeader(86)) - printing ALL groups
  s0:  RUNNING  FOLLOWER s0@group-5BD3E7F27A57:t0, leader=null, voted=null, raftlog=s0@group-5BD3E7F27A57-SegmentedRaftLog:OPENED:c-1,f-1,i0, conf=-1: [s0:0.0.0.0:41468, s1:0.0.0.0:41619, s2:0.0.0.0:44382], old=null RUNNING
  s1:  RUNNING  FOLLOWER s1@group-5BD3E7F27A57:t0, leader=null, voted=null, raftlog=s1@group-5BD3E7F27A57-SegmentedRaftLog:OPENED:c-1,f-1,i0, conf=-1: [s0:0.0.0.0:41468, s1:0.0.0.0:41619, s2:0.0.0.0:44382], old=null RUNNING
  s2:  RUNNING  FOLLOWER s2@group-5BD3E7F27A57:t0, leader=null, voted=null, raftlog=s2@group-5BD3E7F27A57-SegmentedRaftLog:OPENED:c-1,f-1,i0, conf=-1: [s0:0.0.0.0:41468, s1:0.0.0.0:41619, s2:0.0.0.0:44382], old=null RUNNING
2019-09-26 09:48:51,196 WARN  ratis.RaftTestUtil (JavaUtils.java:attempt(158)) - FAILED "waitForLeader-null-(expectLeader? true)", attempt #1/100: java.lang.IllegalStateException: No leader yet : printing ALL groups
  s0:  RUNNING  FOLLOWER s0@group-5BD3E7F27A57:t0, leader=null, voted=null, raftlog=s0@group-5BD3E7F27A57-SegmentedRaftLog:OPENED:c-1,f-1,i0, conf=-1: [s0:0.0.0.0:41468, s1:0.0.0.0:41619, s2:0.0.0.0:44382], old=null RUNNING
  s1:  RUNNING  FOLLOWER s1@group-5BD3E7F27A57:t0, leader=null, voted=null, raftlog=s1@group-5BD3E7F27A57-SegmentedRaftLog:OPENED:c-1,f-1,i0, conf=-1: [s0:0.0.0.0:41468, s1:0.0.0.0:41619, s2:0.0.0.0:44382], old=null RUNNING
  s2:  RUNNING  FOLLOWER s2@group-5BD3E7F27A57:t0, leader=null, voted=null, raftlog=s2@group-5BD3E7F27A57-SegmentedRaftLog:OPENED:c-1,f-1,i0, conf=-1: [s0:0.0.0.0:41468, s1:0.0.0.0:41619, s2:0.0.0.0:44382], old=null RUNNING, sleep 450ms and then retry.
java.lang.IllegalStateException: No leader yet : printing ALL groups
  s0:  RUNNING  FOLLOWER s0@group-5BD3E7F27A57:t0, leader=null, voted=null, raftlog=s0@group-5BD3E7F27A57-SegmentedRaftLog:OPENED:c-1,f-1,i0, conf=-1: [s0:0.0.0.0:41468, s1:0.0.0.0:41619, s2:0.0.0.0:44382], old=null RUNNING
  s1:  RUNNING  FOLLOWER s1@group-5BD3E7F27A57:t0, leader=null, voted=null, raftlog=s1@group-5BD3E7F27A57-SegmentedRaftLog:OPENED:c-1,f-1,i0, conf=-1: [s0:0.0.0.0:41468, s1:0.0.0.0:41619, s2:0.0.0.0:44382], old=null RUNNING
  s2:  RUNNING  FOLLOWER s2@group-5BD3E7F27A57:t0, leader=null, voted=null, raftlog=s2@group-5BD3E7F27A57-SegmentedRaftLog:OPENED:c-1,f-1,i0, conf=-1: [s0:0.0.0.0:41468, s1:0.0.0.0:41619, s2:0.0.0.0:44382], old=null RUNNING
	at org.apache.ratis.MiniRaftCluster.newIllegalStateExceptionForNoLeaders(MiniRaftCluster.java:506)
	at org.apache.ratis.RaftTestUtil.lambda$waitForLeader$1(RaftTestUtil.java:90)
	at org.apache.ratis.MiniRaftCluster.getLeader(MiniRaftCluster.java:539)
	at org.apache.ratis.MiniRaftCluster.getLeader(MiniRaftCluster.java:532)
	at org.apache.ratis.RaftTestUtil.lambda$waitForLeader$3(RaftTestUtil.java:98)
	at org.apache.ratis.util.JavaUtils.attempt(JavaUtils.java:152)
	at org.apache.ratis.RaftTestUtil.waitForLeader(RaftTestUtil.java:97)
	at org.apache.ratis.RaftTestUtil.waitForLeader(RaftTestUtil.java:77)
	at org.apache.ratis.RaftTestUtil.waitForLeader(RaftTestUtil.java:72)
	at org.apache.ratis.server.impl.LeaderElectionTests.testChangeLeader(LeaderElectionTests.java:79)
	at sun.reflect.NativeMethodAccessorImpl.invoke0(Native Method)
	at sun.reflect.NativeMethodAccessorImpl.invoke(NativeMethodAccessorImpl.java:62)
	at sun.reflect.DelegatingMethodAccessorImpl.invoke(DelegatingMethodAccessorImpl.java:43)
	at java.lang.reflect.Method.invoke(Method.java:498)
	at org.junit.runners.model.FrameworkMethod$1.runReflectiveCall(FrameworkMethod.java:50)
	at org.junit.internal.runners.model.ReflectiveCallable.run(ReflectiveCallable.java:12)
	at org.junit.runners.model.FrameworkMethod.invokeExplosively(FrameworkMethod.java:47)
	at org.junit.internal.runners.statements.InvokeMethod.evaluate(InvokeMethod.java:17)
	at org.junit.internal.runners.statements.RunAfters.evaluate(RunAfters.java:27)
	at org.junit.internal.runners.statements.FailOnTimeout$CallableStatement.call(FailOnTimeout.java:298)
	at org.junit.internal.runners.statements.FailOnTimeout$CallableStatement.call(FailOnTimeout.java:292)
	at java.util.concurrent.FutureTask.run(FutureTask.java:266)
	at java.lang.Thread.run(Thread.java:748)
2019-09-26 09:48:51,376 INFO  impl.FollowerState (FollowerState.java:run(108)) - s1@group-5BD3E7F27A57-FollowerState: change to CANDIDATE, lastRpcTime:192ms, electionTimeout:192ms
2019-09-26 09:48:51,376 INFO  impl.RoleInfo (RoleInfo.java:shutdownFollowerState(121)) - s1: shutdown FollowerState
2019-09-26 09:48:51,377 INFO  impl.RaftServerImpl (RaftServerImpl.java:setRole(170)) - s1@group-5BD3E7F27A57: changes role from  FOLLOWER to CANDIDATE at term 0 for changeToCandidate
2019-09-26 09:48:51,377 INFO  impl.RoleInfo (RoleInfo.java:updateAndGet(143)) - s1: start LeaderElection
2019-09-26 09:48:51,391 INFO  impl.LeaderElection (LeaderElection.java:askForVotes(178)) - s1@group-5BD3E7F27A57-LeaderElection32: begin an election at term 1 for -1: [s0:0.0.0.0:41468, s1:0.0.0.0:41619, s2:0.0.0.0:44382], old=null
2019-09-26 09:48:51,392 DEBUG impl.RaftServerImpl (RaftServerImpl.java:requestVote(743)) - s0@group-5BD3E7F27A57: receive requestVote(s1, group-5BD3E7F27A57, 1, (t:0, i:0))
2019-09-26 09:48:51,392 DEBUG impl.RaftServerImpl (RaftServerImpl.java:requestVote(743)) - s2@group-5BD3E7F27A57: receive requestVote(s1, group-5BD3E7F27A57, 1, (t:0, i:0))
2019-09-26 09:48:51,392 INFO  impl.RaftServerImpl (RaftServerImpl.java:setRole(170)) - s0@group-5BD3E7F27A57: changes role from  FOLLOWER to FOLLOWER at term 1 for recognizeCandidate:s1
2019-09-26 09:48:51,393 INFO  impl.RaftServerImpl (RaftServerImpl.java:setRole(170)) - s2@group-5BD3E7F27A57: changes role from  FOLLOWER to FOLLOWER at term 1 for recognizeCandidate:s1
2019-09-26 09:48:51,393 INFO  impl.RoleInfo (RoleInfo.java:shutdownFollowerState(121)) - s0: shutdown FollowerState
2019-09-26 09:48:51,393 INFO  impl.RoleInfo (RoleInfo.java:shutdownFollowerState(121)) - s2: shutdown FollowerState
2019-09-26 09:48:51,393 INFO  impl.RoleInfo (RoleInfo.java:updateAndGet(143)) - s0: start FollowerState
2019-09-26 09:48:51,393 INFO  impl.FollowerState (FollowerState.java:run(117)) - s2@group-5BD3E7F27A57-FollowerState was interrupted: java.lang.InterruptedException: sleep interrupted
2019-09-26 09:48:51,393 INFO  impl.RoleInfo (RoleInfo.java:updateAndGet(143)) - s2: start FollowerState
2019-09-26 09:48:51,393 INFO  impl.FollowerState (FollowerState.java:run(117)) - s0@group-5BD3E7F27A57-FollowerState was interrupted: java.lang.InterruptedException: sleep interrupted
2019-09-26 09:48:51,407 DEBUG impl.RaftServerImpl (RaftServerImpl.java:requestVote(775)) - s0@group-5BD3E7F27A57 replies to vote request: s1<-s0#0:OK-t1. Peer's state: s0@group-5BD3E7F27A57:t1, leader=null, voted=s1, raftlog=s0@group-5BD3E7F27A57-SegmentedRaftLog:OPENED:c-1,f-1,i0, conf=-1: [s0:0.0.0.0:41468, s1:0.0.0.0:41619, s2:0.0.0.0:44382], old=null
2019-09-26 09:48:51,407 DEBUG impl.RaftServerImpl (RaftServerImpl.java:requestVote(775)) - s2@group-5BD3E7F27A57 replies to vote request: s1<-s2#0:OK-t1. Peer's state: s2@group-5BD3E7F27A57:t1, leader=null, voted=s1, raftlog=s2@group-5BD3E7F27A57-SegmentedRaftLog:OPENED:c-1,f-1,i0, conf=-1: [s0:0.0.0.0:41468, s1:0.0.0.0:41619, s2:0.0.0.0:44382], old=null
2019-09-26 09:48:51,408 INFO  impl.LeaderElection (LeaderElection.java:logAndReturn(56)) - s1@group-5BD3E7F27A57-LeaderElection32: Election PASSED; received 1 response(s) [s1<-s0#0:OK-t1] and 0 exception(s); s1@group-5BD3E7F27A57:t1, leader=null, voted=s1, raftlog=s1@group-5BD3E7F27A57-SegmentedRaftLog:OPENED:c-1,f-1,i0, conf=-1: [s0:0.0.0.0:41468, s1:0.0.0.0:41619, s2:0.0.0.0:44382], old=null
2019-09-26 09:48:51,408 INFO  impl.RoleInfo (RoleInfo.java:shutdownLeaderElection(134)) - s1: shutdown LeaderElection
2019-09-26 09:48:51,408 INFO  impl.RaftServerImpl (RaftServerImpl.java:setRole(170)) - s1@group-5BD3E7F27A57: changes role from CANDIDATE to LEADER at term 1 for changeToLeader
2019-09-26 09:48:51,408 INFO  impl.RaftServerImpl (ServerState.java:setLeader(254)) - s1@group-5BD3E7F27A57: change Leader from null to s1 at term 1 for becomeLeader, leader elected after 244ms
2019-09-26 09:48:51,409 INFO  server.RaftServerConfigKeys (ConfUtils.java:logGet(43)) - raft.server.staging.catchup.gap = 1000 (default)
2019-09-26 09:48:51,409 INFO  server.RaftServerConfigKeys (ConfUtils.java:logGet(43)) - raft.server.rpc.sleep.time = 25ms (default)
2019-09-26 09:48:51,409 INFO  server.RaftServerConfigKeys (ConfUtils.java:logGet(43)) - raft.server.write.element-limit = 4096 (default)
2019-09-26 09:48:51,409 INFO  server.RaftServerConfigKeys (ConfUtils.java:logGet(43)) - raft.server.watch.timeout = 10s (default)
2019-09-26 09:48:51,409 INFO  server.RaftServerConfigKeys (ConfUtils.java:logGet(43)) - raft.server.watch.timeout.denomination = 1s (default)
2019-09-26 09:48:51,409 INFO  server.RaftServerConfigKeys (ConfUtils.java:logGet(43)) - raft.server.watch.element-limit = 65536 (default)
2019-09-26 09:48:51,412 INFO  server.RaftServerConfigKeys (ConfUtils.java:logGet(43)) - raft.server.log.appender.snapshot.chunk.size.max = 16MB (=16777216) (default)
2019-09-26 09:48:51,412 INFO  server.RaftServerConfigKeys (ConfUtils.java:logGet(43)) - raft.server.log.appender.buffer.byte-limit = 4MB (=4194304) (default)
2019-09-26 09:48:51,412 INFO  server.RaftServerConfigKeys (ConfUtils.java:logGet(43)) - raft.server.log.appender.buffer.element-limit = 0 (default)
2019-09-26 09:48:51,413 INFO  server.RaftServerConfigKeys (ConfUtils.java:logGet(43)) - raft.server.log.appender.snapshot.chunk.size.max = 16MB (=16777216) (default)
2019-09-26 09:48:51,413 INFO  server.RaftServerConfigKeys (ConfUtils.java:logGet(43)) - raft.server.log.appender.buffer.byte-limit = 4MB (=4194304) (default)
2019-09-26 09:48:51,413 INFO  server.RaftServerConfigKeys (ConfUtils.java:logGet(43)) - raft.server.log.appender.buffer.element-limit = 0 (default)
2019-09-26 09:48:51,414 INFO  impl.RoleInfo (RoleInfo.java:updateAndGet(143)) - s1: start LeaderState
2019-09-26 09:48:51,414 INFO  segmented.SegmentedRaftLogWorker (SegmentedRaftLogWorker.java:startLogSegment(380)) - s1@group-5BD3E7F27A57-SegmentedRaftLogWorker: Starting segment from index:0
2019-09-26 09:48:51,414 DEBUG segmented.SegmentedRaftLogWorker (SegmentedRaftLogWorker.java:addIOTask(251)) - s1@group-5BD3E7F27A57-SegmentedRaftLogWorker adds IO task StartLogSegment:0
2019-09-26 09:48:51,414 DEBUG segmented.SegmentedRaftLogWorker (SegmentedRaftLogWorker.java:addIOTask(251)) - s1@group-5BD3E7F27A57-SegmentedRaftLogWorker adds IO task WriteLog:0: (t:1, i:0), CONFIGURATIONENTRY
2019-09-26 09:48:51,415 INFO  impl.RaftServerImpl (ServerState.java:setRaftConf(355)) - s1@group-5BD3E7F27A57: set configuration 0: [s0:0.0.0.0:41468, s1:0.0.0.0:41619, s2:0.0.0.0:44382], old=null at 0
2019-09-26 09:48:51,416 INFO  impl.RaftServerImpl (ServerState.java:setLeader(254)) - s0@group-5BD3E7F27A57: change Leader from null to s1 at term 1 for appendEntries, leader elected after 252ms
2019-09-26 09:48:51,416 INFO  impl.RaftServerImpl (ServerState.java:setLeader(254)) - s2@group-5BD3E7F27A57: change Leader from null to s1 at term 1 for appendEntries, leader elected after 252ms
2019-09-26 09:48:51,418 DEBUG impl.RaftServerImpl (RaftServerImpl.java:logAppendEntries(850)) - s0@group-5BD3E7F27A57: receive appendEntries(s1, 1, null, -1, false, commits[s1:c-1, s0:c-1, s2:c-1], entries: (t:1, i:0), CONFIGURATIONENTRY
2019-09-26 09:48:51,419 DEBUG impl.RaftServerImpl (RaftServerImpl.java:logAppendEntries(850)) - s2@group-5BD3E7F27A57: receive appendEntries(s1, 1, null, -1, false, commits[s1:c-1, s0:c-1, s2:c-1], entries: (t:1, i:0), CONFIGURATIONENTRY
2019-09-26 09:48:51,419 INFO  impl.RaftServerImpl (ServerState.java:setRaftConf(355)) - s0@group-5BD3E7F27A57: set configuration 0: [s0:0.0.0.0:41468, s1:0.0.0.0:41619, s2:0.0.0.0:44382], old=null at 0
2019-09-26 09:48:51,419 INFO  segmented.SegmentedRaftLogWorker (SegmentedRaftLogWorker.java:startLogSegment(380)) - s0@group-5BD3E7F27A57-SegmentedRaftLogWorker: Starting segment from index:0
2019-09-26 09:48:51,419 INFO  impl.RaftServerImpl (ServerState.java:setRaftConf(355)) - s2@group-5BD3E7F27A57: set configuration 0: [s0:0.0.0.0:41468, s1:0.0.0.0:41619, s2:0.0.0.0:44382], old=null at 0
2019-09-26 09:48:51,419 DEBUG segmented.SegmentedRaftLogWorker (SegmentedRaftLogWorker.java:addIOTask(251)) - s0@group-5BD3E7F27A57-SegmentedRaftLogWorker adds IO task StartLogSegment:0
2019-09-26 09:48:51,419 INFO  segmented.SegmentedRaftLogWorker (SegmentedRaftLogWorker.java:startLogSegment(380)) - s2@group-5BD3E7F27A57-SegmentedRaftLogWorker: Starting segment from index:0
2019-09-26 09:48:51,419 DEBUG segmented.SegmentedRaftLogWorker (SegmentedRaftLogWorker.java:addIOTask(251)) - s0@group-5BD3E7F27A57-SegmentedRaftLogWorker adds IO task WriteLog:0: (t:1, i:0), CONFIGURATIONENTRY
2019-09-26 09:48:51,419 DEBUG segmented.SegmentedRaftLogWorker (SegmentedRaftLogWorker.java:addIOTask(251)) - s2@group-5BD3E7F27A57-SegmentedRaftLogWorker adds IO task StartLogSegment:0
2019-09-26 09:48:51,420 DEBUG segmented.SegmentedRaftLogWorker (SegmentedRaftLogWorker.java:addIOTask(251)) - s2@group-5BD3E7F27A57-SegmentedRaftLogWorker adds IO task WriteLog:0: (t:1, i:0), CONFIGURATIONENTRY
2019-09-26 09:48:51,563 INFO  segmented.SegmentedRaftLogWorker (SegmentedRaftLogWorker.java:execute(569)) - s1@group-5BD3E7F27A57-SegmentedRaftLogWorker: created new log segment /workdir/ratis-test/target/test/data/96b32e81/MiniRaftClusterWithSimulatedRpc85eff19e/s1/84e7e082-e8c2-43dc-92a2-5bd3e7f27a57/current/log_inprogress_0
2019-09-26 09:48:51,563 INFO  segmented.SegmentedRaftLogWorker (SegmentedRaftLogWorker.java:execute(569)) - s0@group-5BD3E7F27A57-SegmentedRaftLogWorker: created new log segment /workdir/ratis-test/target/test/data/96b32e81/MiniRaftClusterWithSimulatedRpc85eff19e/s0/84e7e082-e8c2-43dc-92a2-5bd3e7f27a57/current/log_inprogress_0
2019-09-26 09:48:51,563 INFO  segmented.SegmentedRaftLogWorker (SegmentedRaftLogWorker.java:execute(569)) - s2@group-5BD3E7F27A57-SegmentedRaftLogWorker: created new log segment /workdir/ratis-test/target/test/data/96b32e81/MiniRaftClusterWithSimulatedRpc85eff19e/s2/84e7e082-e8c2-43dc-92a2-5bd3e7f27a57/current/log_inprogress_0
2019-09-26 09:48:51,563 DEBUG segmented.SegmentedRaftLogWorker (SegmentedRaftLogWorker.java:flushWrites(340)) - s0@group-5BD3E7F27A57-SegmentedRaftLogWorker: flush SegmentedRaftLogOutputStream(/workdir/ratis-test/target/test/data/96b32e81/MiniRaftClusterWithSimulatedRpc85eff19e/s0/84e7e082-e8c2-43dc-92a2-5bd3e7f27a57/current/log_inprogress_0)
2019-09-26 09:48:51,563 DEBUG segmented.SegmentedRaftLogWorker (SegmentedRaftLogWorker.java:flushWrites(340)) - s2@group-5BD3E7F27A57-SegmentedRaftLogWorker: flush SegmentedRaftLogOutputStream(/workdir/ratis-test/target/test/data/96b32e81/MiniRaftClusterWithSimulatedRpc85eff19e/s2/84e7e082-e8c2-43dc-92a2-5bd3e7f27a57/current/log_inprogress_0)
2019-09-26 09:48:51,563 DEBUG segmented.SegmentedRaftLogWorker (SegmentedRaftLogWorker.java:flushWrites(340)) - s1@group-5BD3E7F27A57-SegmentedRaftLogWorker: flush SegmentedRaftLogOutputStream(/workdir/ratis-test/target/test/data/96b32e81/MiniRaftClusterWithSimulatedRpc85eff19e/s1/84e7e082-e8c2-43dc-92a2-5bd3e7f27a57/current/log_inprogress_0)
2019-09-26 09:48:51,574 TRACE segmented.SegmentedRaftLogWorker (SegmentedRaftLogWorker.java:lambda$new$1(133)) - s0@group-5BD3E7F27A57-SegmentedRaftLogWorker: flushIndex: updateIncreasingly -1 -> 0
2019-09-26 09:48:51,575 DEBUG impl.RaftServerImpl (RaftServerImpl.java:logAppendEntries(850)) - s0@group-5BD3E7F27A57: succeeded to handle AppendEntries. Reply: s1<-s0#0:OK,SUCCESS,nextIndex:1,term:1,followerCommit:-1
2019-09-26 09:48:51,575 TRACE segmented.SegmentedRaftLogWorker (SegmentedRaftLogWorker.java:lambda$new$1(133)) - s2@group-5BD3E7F27A57-SegmentedRaftLogWorker: flushIndex: updateIncreasingly -1 -> 0
2019-09-26 09:48:51,575 TRACE segmented.SegmentedRaftLogWorker (SegmentedRaftLogWorker.java:lambda$new$1(133)) - s1@group-5BD3E7F27A57-SegmentedRaftLogWorker: flushIndex: updateIncreasingly -1 -> 0
2019-09-26 09:48:51,575 DEBUG impl.RaftServerImpl (RaftServerImpl.java:logAppendEntries(850)) - s2@group-5BD3E7F27A57: succeeded to handle AppendEntries. Reply: s1<-s2#0:OK,SUCCESS,nextIndex:1,term:1,followerCommit:-1
2019-09-26 09:48:51,647 INFO  ratis.RaftTestUtil (RaftTestUtil.java:waitForLeader(101)) - printing ALL groups
  s0:  RUNNING  FOLLOWER s0@group-5BD3E7F27A57:t1, leader=s1, voted=s1, raftlog=s0@group-5BD3E7F27A57-SegmentedRaftLog:OPENED:c-1,f0,i0, conf=0: [s0:0.0.0.0:41468, s1:0.0.0.0:41619, s2:0.0.0.0:44382], old=null RUNNING
  s1:  RUNNING    LEADER s1@group-5BD3E7F27A57:t1, leader=s1, voted=s1, raftlog=s1@group-5BD3E7F27A57-SegmentedRaftLog:OPENED:c0,f0,i0, conf=0: [s0:0.0.0.0:41468, s1:0.0.0.0:41619, s2:0.0.0.0:44382], old=null RUNNING
  s2:  RUNNING  FOLLOWER s2@group-5BD3E7F27A57:t1, leader=s1, voted=s1, raftlog=s2@group-5BD3E7F27A57-SegmentedRaftLog:OPENED:c-1,f0,i0, conf=0: [s0:0.0.0.0:41468, s1:0.0.0.0:41619, s2:0.0.0.0:44382], old=null RUNNING
2019-09-26 09:48:51,650 INFO  server.RaftServerConfigKeys (ConfUtils.java:logGet(43)) - raft.server.rpc.timeout.max = 300ms (default)
2019-09-26 09:48:51,650 INFO  ratis.RaftTestUtil (RaftTestUtil.java:waitForLeader(86)) - printing ALL groups
  s0:  RUNNING  FOLLOWER s0@group-5BD3E7F27A57:t1, leader=s1, voted=s1, raftlog=s0@group-5BD3E7F27A57-SegmentedRaftLog:OPENED:c-1,f0,i0, conf=0: [s0:0.0.0.0:41468, s1:0.0.0.0:41619, s2:0.0.0.0:44382], old=null RUNNING
  s1:  RUNNING    LEADER s1@group-5BD3E7F27A57:t1, leader=s1, voted=s1, raftlog=s1@group-5BD3E7F27A57-SegmentedRaftLog:OPENED:c0,f0,i0, conf=0: [s0:0.0.0.0:41468, s1:0.0.0.0:41619, s2:0.0.0.0:44382], old=null RUNNING
  s2:  RUNNING  FOLLOWER s2@group-5BD3E7F27A57:t1, leader=s1, voted=s1, raftlog=s2@group-5BD3E7F27A57-SegmentedRaftLog:OPENED:c-1,f0,i0, conf=0: [s0:0.0.0.0:41468, s1:0.0.0.0:41619, s2:0.0.0.0:44382], old=null RUNNING
2019-09-26 09:48:51,651 INFO  ratis.RaftTestUtil (RaftTestUtil.java:waitForLeader(101)) - printing ALL groups
  s0:  RUNNING  FOLLOWER s0@group-5BD3E7F27A57:t1, leader=s1, voted=s1, raftlog=s0@group-5BD3E7F27A57-SegmentedRaftLog:OPENED:c-1,f0,i0, conf=0: [s0:0.0.0.0:41468, s1:0.0.0.0:41619, s2:0.0.0.0:44382], old=null RUNNING
  s1:  RUNNING    LEADER s1@group-5BD3E7F27A57:t1, leader=s1, voted=s1, raftlog=s1@group-5BD3E7F27A57-SegmentedRaftLog:OPENED:c0,f0,i0, conf=0: [s0:0.0.0.0:41468, s1:0.0.0.0:41619, s2:0.0.0.0:44382], old=null RUNNING
  s2:  RUNNING  FOLLOWER s2@group-5BD3E7F27A57:t1, leader=s1, voted=s1, raftlog=s2@group-5BD3E7F27A57-SegmentedRaftLog:OPENED:c-1,f0,i0, conf=0: [s0:0.0.0.0:41468, s1:0.0.0.0:41619, s2:0.0.0.0:44382], old=null RUNNING
2019-09-26 09:48:51,652 WARN  ratis.RaftTestUtil (JavaUtils.java:attempt(158)) - FAILED "testChangeLeader-changeLeader", attempt #1/20: java.lang.IllegalStateException: Failed to change leader: newLeader == oldLeader == s1, sleep 100ms and then retry.
java.lang.IllegalStateException: Failed to change leader: newLeader == oldLeader == s1
	at org.apache.ratis.RaftTestUtil.lambda$changeLeader$7(RaftTestUtil.java:365)
	at org.apache.ratis.util.JavaUtils.attempt(JavaUtils.java:152)
	at org.apache.ratis.RaftTestUtil.changeLeader(RaftTestUtil.java:362)
	at org.apache.ratis.server.impl.LeaderElectionTests.testChangeLeader(LeaderElectionTests.java:81)
	at sun.reflect.NativeMethodAccessorImpl.invoke0(Native Method)
	at sun.reflect.NativeMethodAccessorImpl.invoke(NativeMethodAccessorImpl.java:62)
	at sun.reflect.DelegatingMethodAccessorImpl.invoke(DelegatingMethodAccessorImpl.java:43)
	at java.lang.reflect.Method.invoke(Method.java:498)
	at org.junit.runners.model.FrameworkMethod$1.runReflectiveCall(FrameworkMethod.java:50)
	at org.junit.internal.runners.model.ReflectiveCallable.run(ReflectiveCallable.java:12)
	at org.junit.runners.model.FrameworkMethod.invokeExplosively(FrameworkMethod.java:47)
	at org.junit.internal.runners.statements.InvokeMethod.evaluate(InvokeMethod.java:17)
	at org.junit.internal.runners.statements.RunAfters.evaluate(RunAfters.java:27)
	at org.junit.internal.runners.statements.FailOnTimeout$CallableStatement.call(FailOnTimeout.java:298)
	at org.junit.internal.runners.statements.FailOnTimeout$CallableStatement.call(FailOnTimeout.java:292)
	at java.util.concurrent.FutureTask.run(FutureTask.java:266)
	at java.lang.Thread.run(Thread.java:748)
2019-09-26 09:48:51,752 INFO  server.RaftServerConfigKeys (ConfUtils.java:logGet(43)) - raft.server.rpc.timeout.max = 300ms (default)
2019-09-26 09:48:51,753 INFO  ratis.RaftTestUtil (RaftTestUtil.java:waitForLeader(86)) - printing ALL groups
  s0:  RUNNING  FOLLOWER s0@group-5BD3E7F27A57:t1, leader=s1, voted=s1, raftlog=s0@group-5BD3E7F27A57-SegmentedRaftLog:OPENED:c-1,f0,i0, conf=0: [s0:0.0.0.0:41468, s1:0.0.0.0:41619, s2:0.0.0.0:44382], old=null RUNNING
  s1:  RUNNING    LEADER s1@group-5BD3E7F27A57:t1, leader=s1, voted=s1, raftlog=s1@group-5BD3E7F27A57-SegmentedRaftLog:OPENED:c0,f0,i0, conf=0: [s0:0.0.0.0:41468, s1:0.0.0.0:41619, s2:0.0.0.0:44382], old=null RUNNING
  s2:  RUNNING  FOLLOWER s2@group-5BD3E7F27A57:t1, leader=s1, voted=s1, raftlog=s2@group-5BD3E7F27A57-SegmentedRaftLog:OPENED:c-1,f0,i0, conf=0: [s0:0.0.0.0:41468, s1:0.0.0.0:41619, s2:0.0.0.0:44382], old=null RUNNING
2019-09-26 09:48:51,753 INFO  ratis.RaftTestUtil (RaftTestUtil.java:waitForLeader(101)) - printing ALL groups
  s0:  RUNNING  FOLLOWER s0@group-5BD3E7F27A57:t1, leader=s1, voted=s1, raftlog=s0@group-5BD3E7F27A57-SegmentedRaftLog:OPENED:c-1,f0,i0, conf=0: [s0:0.0.0.0:41468, s1:0.0.0.0:41619, s2:0.0.0.0:44382], old=null RUNNING
  s1:  RUNNING    LEADER s1@group-5BD3E7F27A57:t1, leader=s1, voted=s1, raftlog=s1@group-5BD3E7F27A57-SegmentedRaftLog:OPENED:c0,f0,i0, conf=0: [s0:0.0.0.0:41468, s1:0.0.0.0:41619, s2:0.0.0.0:44382], old=null RUNNING
  s2:  RUNNING  FOLLOWER s2@group-5BD3E7F27A57:t1, leader=s1, voted=s1, raftlog=s2@group-5BD3E7F27A57-SegmentedRaftLog:OPENED:c-1,f0,i0, conf=0: [s0:0.0.0.0:41468, s1:0.0.0.0:41619, s2:0.0.0.0:44382], old=null RUNNING
2019-09-26 09:48:51,754 WARN  ratis.RaftTestUtil (JavaUtils.java:attempt(158)) - FAILED "testChangeLeader-changeLeader", attempt #2/20: java.lang.IllegalStateException: Failed to change leader: newLeader == oldLeader == s1, sleep 100ms and then retry.
java.lang.IllegalStateException: Failed to change leader: newLeader == oldLeader == s1
	at org.apache.ratis.RaftTestUtil.lambda$changeLeader$7(RaftTestUtil.java:365)
	at org.apache.ratis.util.JavaUtils.attempt(JavaUtils.java:152)
	at org.apache.ratis.RaftTestUtil.changeLeader(RaftTestUtil.java:362)
	at org.apache.ratis.server.impl.LeaderElectionTests.testChangeLeader(LeaderElectionTests.java:81)
	at sun.reflect.NativeMethodAccessorImpl.invoke0(Native Method)
	at sun.reflect.NativeMethodAccessorImpl.invoke(NativeMethodAccessorImpl.java:62)
	at sun.reflect.DelegatingMethodAccessorImpl.invoke(DelegatingMethodAccessorImpl.java:43)
	at java.lang.reflect.Method.invoke(Method.java:498)
	at org.junit.runners.model.FrameworkMethod$1.runReflectiveCall(FrameworkMethod.java:50)
	at org.junit.internal.runners.model.ReflectiveCallable.run(ReflectiveCallable.java:12)
	at org.junit.runners.model.FrameworkMethod.invokeExplosively(FrameworkMethod.java:47)
	at org.junit.internal.runners.statements.InvokeMethod.evaluate(InvokeMethod.java:17)
	at org.junit.internal.runners.statements.RunAfters.evaluate(RunAfters.java:27)
	at org.junit.internal.runners.statements.FailOnTimeout$CallableStatement.call(FailOnTimeout.java:298)
	at org.junit.internal.runners.statements.FailOnTimeout$CallableStatement.call(FailOnTimeout.java:292)
	at java.util.concurrent.FutureTask.run(FutureTask.java:266)
	at java.lang.Thread.run(Thread.java:748)
2019-09-26 09:48:51,854 INFO  server.RaftServerConfigKeys (ConfUtils.java:logGet(43)) - raft.server.rpc.timeout.max = 300ms (default)
2019-09-26 09:48:51,855 INFO  ratis.RaftTestUtil (RaftTestUtil.java:waitForLeader(86)) - printing ALL groups
  s0:  RUNNING  FOLLOWER s0@group-5BD3E7F27A57:t1, leader=s1, voted=s1, raftlog=s0@group-5BD3E7F27A57-SegmentedRaftLog:OPENED:c-1,f0,i0, conf=0: [s0:0.0.0.0:41468, s1:0.0.0.0:41619, s2:0.0.0.0:44382], old=null RUNNING
  s1:  RUNNING    LEADER s1@group-5BD3E7F27A57:t1, leader=s1, voted=s1, raftlog=s1@group-5BD3E7F27A57-SegmentedRaftLog:OPENED:c0,f0,i0, conf=0: [s0:0.0.0.0:41468, s1:0.0.0.0:41619, s2:0.0.0.0:44382], old=null RUNNING
  s2:  RUNNING  FOLLOWER s2@group-5BD3E7F27A57:t1, leader=s1, voted=s1, raftlog=s2@group-5BD3E7F27A57-SegmentedRaftLog:OPENED:c-1,f0,i0, conf=0: [s0:0.0.0.0:41468, s1:0.0.0.0:41619, s2:0.0.0.0:44382], old=null RUNNING
2019-09-26 09:48:51,855 INFO  ratis.RaftTestUtil (RaftTestUtil.java:waitForLeader(101)) - printing ALL groups
  s0:  RUNNING  FOLLOWER s0@group-5BD3E7F27A57:t1, leader=s1, voted=s1, raftlog=s0@group-5BD3E7F27A57-SegmentedRaftLog:OPENED:c-1,f0,i0, conf=0: [s0:0.0.0.0:41468, s1:0.0.0.0:41619, s2:0.0.0.0:44382], old=null RUNNING
  s1:  RUNNING    LEADER s1@group-5BD3E7F27A57:t1, leader=s1, voted=s1, raftlog=s1@group-5BD3E7F27A57-SegmentedRaftLog:OPENED:c0,f0,i0, conf=0: [s0:0.0.0.0:41468, s1:0.0.0.0:41619, s2:0.0.0.0:44382], old=null RUNNING
  s2:  RUNNING  FOLLOWER s2@group-5BD3E7F27A57:t1, leader=s1, voted=s1, raftlog=s2@group-5BD3E7F27A57-SegmentedRaftLog:OPENED:c-1,f0,i0, conf=0: [s0:0.0.0.0:41468, s1:0.0.0.0:41619, s2:0.0.0.0:44382], old=null RUNNING
2019-09-26 09:48:51,856 WARN  ratis.RaftTestUtil (JavaUtils.java:attempt(158)) - FAILED "testChangeLeader-changeLeader", attempt #3/20: java.lang.IllegalStateException: Failed to change leader: newLeader == oldLeader == s1, sleep 100ms and then retry.
java.lang.IllegalStateException: Failed to change leader: newLeader == oldLeader == s1
	at org.apache.ratis.RaftTestUtil.lambda$changeLeader$7(RaftTestUtil.java:365)
	at org.apache.ratis.util.JavaUtils.attempt(JavaUtils.java:152)
	at org.apache.ratis.RaftTestUtil.changeLeader(RaftTestUtil.java:362)
	at org.apache.ratis.server.impl.LeaderElectionTests.testChangeLeader(LeaderElectionTests.java:81)
	at sun.reflect.NativeMethodAccessorImpl.invoke0(Native Method)
	at sun.reflect.NativeMethodAccessorImpl.invoke(NativeMethodAccessorImpl.java:62)
	at sun.reflect.DelegatingMethodAccessorImpl.invoke(DelegatingMethodAccessorImpl.java:43)
	at java.lang.reflect.Method.invoke(Method.java:498)
	at org.junit.runners.model.FrameworkMethod$1.runReflectiveCall(FrameworkMethod.java:50)
	at org.junit.internal.runners.model.ReflectiveCallable.run(ReflectiveCallable.java:12)
	at org.junit.runners.model.FrameworkMethod.invokeExplosively(FrameworkMethod.java:47)
	at org.junit.internal.runners.statements.InvokeMethod.evaluate(InvokeMethod.java:17)
	at org.junit.internal.runners.statements.RunAfters.evaluate(RunAfters.java:27)
	at org.junit.internal.runners.statements.FailOnTimeout$CallableStatement.call(FailOnTimeout.java:298)
	at org.junit.internal.runners.statements.FailOnTimeout$CallableStatement.call(FailOnTimeout.java:292)
	at java.util.concurrent.FutureTask.run(FutureTask.java:266)
	at java.lang.Thread.run(Thread.java:748)
2019-09-26 09:48:51,956 INFO  server.RaftServerConfigKeys (ConfUtils.java:logGet(43)) - raft.server.rpc.timeout.max = 300ms (default)
2019-09-26 09:48:51,956 INFO  ratis.RaftTestUtil (RaftTestUtil.java:waitForLeader(86)) - printing ALL groups
  s0:  RUNNING  FOLLOWER s0@group-5BD3E7F27A57:t1, leader=s1, voted=s1, raftlog=s0@group-5BD3E7F27A57-SegmentedRaftLog:OPENED:c-1,f0,i0, conf=0: [s0:0.0.0.0:41468, s1:0.0.0.0:41619, s2:0.0.0.0:44382], old=null RUNNING
  s1:  RUNNING    LEADER s1@group-5BD3E7F27A57:t1, leader=s1, voted=s1, raftlog=s1@group-5BD3E7F27A57-SegmentedRaftLog:OPENED:c0,f0,i0, conf=0: [s0:0.0.0.0:41468, s1:0.0.0.0:41619, s2:0.0.0.0:44382], old=null RUNNING
  s2:  RUNNING  FOLLOWER s2@group-5BD3E7F27A57:t1, leader=s1, voted=s1, raftlog=s2@group-5BD3E7F27A57-SegmentedRaftLog:OPENED:c-1,f0,i0, conf=0: [s0:0.0.0.0:41468, s1:0.0.0.0:41619, s2:0.0.0.0:44382], old=null RUNNING
2019-09-26 09:48:51,957 INFO  ratis.RaftTestUtil (RaftTestUtil.java:waitForLeader(101)) - printing ALL groups
  s0:  RUNNING  FOLLOWER s0@group-5BD3E7F27A57:t1, leader=s1, voted=s1, raftlog=s0@group-5BD3E7F27A57-SegmentedRaftLog:OPENED:c-1,f0,i0, conf=0: [s0:0.0.0.0:41468, s1:0.0.0.0:41619, s2:0.0.0.0:44382], old=null RUNNING
  s1:  RUNNING    LEADER s1@group-5BD3E7F27A57:t1, leader=s1, voted=s1, raftlog=s1@group-5BD3E7F27A57-SegmentedRaftLog:OPENED:c0,f0,i0, conf=0: [s0:0.0.0.0:41468, s1:0.0.0.0:41619, s2:0.0.0.0:44382], old=null RUNNING
  s2:  RUNNING  FOLLOWER s2@group-5BD3E7F27A57:t1, leader=s1, voted=s1, raftlog=s2@group-5BD3E7F27A57-SegmentedRaftLog:OPENED:c-1,f0,i0, conf=0: [s0:0.0.0.0:41468, s1:0.0.0.0:41619, s2:0.0.0.0:44382], old=null RUNNING
2019-09-26 09:48:51,957 WARN  ratis.RaftTestUtil (JavaUtils.java:attempt(158)) - FAILED "testChangeLeader-changeLeader", attempt #4/20: java.lang.IllegalStateException: Failed to change leader: newLeader == oldLeader == s1, sleep 100ms and then retry.
java.lang.IllegalStateException: Failed to change leader: newLeader == oldLeader == s1
	at org.apache.ratis.RaftTestUtil.lambda$changeLeader$7(RaftTestUtil.java:365)
	at org.apache.ratis.util.JavaUtils.attempt(JavaUtils.java:152)
	at org.apache.ratis.RaftTestUtil.changeLeader(RaftTestUtil.java:362)
	at org.apache.ratis.server.impl.LeaderElectionTests.testChangeLeader(LeaderElectionTests.java:81)
	at sun.reflect.NativeMethodAccessorImpl.invoke0(Native Method)
	at sun.reflect.NativeMethodAccessorImpl.invoke(NativeMethodAccessorImpl.java:62)
	at sun.reflect.DelegatingMethodAccessorImpl.invoke(DelegatingMethodAccessorImpl.java:43)
	at java.lang.reflect.Method.invoke(Method.java:498)
	at org.junit.runners.model.FrameworkMethod$1.runReflectiveCall(FrameworkMethod.java:50)
	at org.junit.internal.runners.model.ReflectiveCallable.run(ReflectiveCallable.java:12)
	at org.junit.runners.model.FrameworkMethod.invokeExplosively(FrameworkMethod.java:47)
	at org.junit.internal.runners.statements.InvokeMethod.evaluate(InvokeMethod.java:17)
	at org.junit.internal.runners.statements.RunAfters.evaluate(RunAfters.java:27)
	at org.junit.internal.runners.statements.FailOnTimeout$CallableStatement.call(FailOnTimeout.java:298)
	at org.junit.internal.runners.statements.FailOnTimeout$CallableStatement.call(FailOnTimeout.java:292)
	at java.util.concurrent.FutureTask.run(FutureTask.java:266)
	at java.lang.Thread.run(Thread.java:748)
2019-09-26 09:48:51,997 INFO  impl.FollowerState (FollowerState.java:run(108)) - s2@group-5BD3E7F27A57-FollowerState: change to CANDIDATE, lastRpcTime:422ms, electionTimeout:187ms
2019-09-26 09:48:51,998 INFO  impl.RoleInfo (RoleInfo.java:shutdownFollowerState(121)) - s2: shutdown FollowerState
2019-09-26 09:48:51,998 INFO  impl.FollowerState (FollowerState.java:run(108)) - s0@group-5BD3E7F27A57-FollowerState: change to CANDIDATE, lastRpcTime:423ms, electionTimeout:224ms
2019-09-26 09:48:51,998 INFO  impl.RaftServerImpl (RaftServerImpl.java:setRole(170)) - s2@group-5BD3E7F27A57: changes role from  FOLLOWER to CANDIDATE at term 1 for changeToCandidate
2019-09-26 09:48:51,999 INFO  impl.RoleInfo (RoleInfo.java:shutdownFollowerState(121)) - s0: shutdown FollowerState
2019-09-26 09:48:51,999 INFO  impl.RoleInfo (RoleInfo.java:updateAndGet(143)) - s2: start LeaderElection
2019-09-26 09:48:51,999 INFO  impl.RaftServerImpl (RaftServerImpl.java:setRole(170)) - s0@group-5BD3E7F27A57: changes role from  FOLLOWER to CANDIDATE at term 1 for changeToCandidate
2019-09-26 09:48:51,999 INFO  impl.RoleInfo (RoleInfo.java:updateAndGet(143)) - s0: start LeaderElection
2019-09-26 09:48:51,999 INFO  impl.RaftServerImpl (ServerState.java:setLeader(254)) - s2@group-5BD3E7F27A57: change Leader from s1 to null at term 1 for initElection
2019-09-26 09:48:52,000 INFO  impl.RaftServerImpl (ServerState.java:setLeader(254)) - s0@group-5BD3E7F27A57: change Leader from s1 to null at term 1 for initElection
2019-09-26 09:48:52,021 INFO  impl.LeaderElection (LeaderElection.java:askForVotes(178)) - s0@group-5BD3E7F27A57-LeaderElection34: begin an election at term 2 for 0: [s0:0.0.0.0:41468, s1:0.0.0.0:41619, s2:0.0.0.0:44382], old=null
2019-09-26 09:48:52,021 INFO  impl.LeaderElection (LeaderElection.java:askForVotes(178)) - s2@group-5BD3E7F27A57-LeaderElection33: begin an election at term 2 for 0: [s0:0.0.0.0:41468, s1:0.0.0.0:41619, s2:0.0.0.0:44382], old=null
2019-09-26 09:48:52,022 DEBUG impl.RaftServerImpl (RaftServerImpl.java:requestVote(743)) - s1@group-5BD3E7F27A57: receive requestVote(s0, group-5BD3E7F27A57, 2, (t:1, i:0))
2019-09-26 09:48:52,022 DEBUG impl.RaftServerImpl (RaftServerImpl.java:requestVote(743)) - s0@group-5BD3E7F27A57: receive requestVote(s2, group-5BD3E7F27A57, 2, (t:1, i:0))
2019-09-26 09:48:52,022 DEBUG impl.RaftServerImpl (RaftServerImpl.java:requestVote(743)) - s2@group-5BD3E7F27A57: receive requestVote(s0, group-5BD3E7F27A57, 2, (t:1, i:0))
2019-09-26 09:48:52,022 INFO  impl.RaftServerImpl (ServerState.java:setLeader(254)) - s1@group-5BD3E7F27A57: change Leader from s1 to null at term 2 for updateCurrentTerm
2019-09-26 09:48:52,022 INFO  impl.RaftServerImpl (RaftServerImpl.java:setRole(170)) - s1@group-5BD3E7F27A57: changes role from    LEADER to FOLLOWER at term 2 for recognizeCandidate:s0
2019-09-26 09:48:52,022 DEBUG impl.RaftServerImpl (RaftServerImpl.java:requestVote(743)) - s1@group-5BD3E7F27A57: receive requestVote(s2, group-5BD3E7F27A57, 2, (t:1, i:0))
2019-09-26 09:48:52,023 INFO  impl.RoleInfo (RoleInfo.java:shutdownLeaderState(104)) - s1: shutdown LeaderState
2019-09-26 09:48:52,022 DEBUG impl.RaftServerImpl (RaftServerImpl.java:requestVote(775)) - s2@group-5BD3E7F27A57 replies to vote request: s0<-s2#0:FAIL-t2. Peer's state: s2@group-5BD3E7F27A57:t2, leader=null, voted=s2, raftlog=s2@group-5BD3E7F27A57-SegmentedRaftLog:OPENED:c-1,f0,i0, conf=0: [s0:0.0.0.0:41468, s1:0.0.0.0:41619, s2:0.0.0.0:44382], old=null
2019-09-26 09:48:52,022 DEBUG impl.RaftServerImpl (RaftServerImpl.java:requestVote(775)) - s0@group-5BD3E7F27A57 replies to vote request: s2<-s0#0:FAIL-t2. Peer's state: s0@group-5BD3E7F27A57:t2, leader=null, voted=s0, raftlog=s0@group-5BD3E7F27A57-SegmentedRaftLog:OPENED:c-1,f0,i0, conf=0: [s0:0.0.0.0:41468, s1:0.0.0.0:41619, s2:0.0.0.0:44382], old=null
2019-09-26 09:48:52,024 INFO  impl.PendingRequests (PendingRequests.java:sendNotLeaderResponses(202)) - s1@group-5BD3E7F27A57-PendingRequests: sendNotLeaderResponses
2019-09-26 09:48:52,024 INFO  impl.LogAppender (LogAppender.java:run(78)) - s1@group-5BD3E7F27A57->s0-LogAppender-AppenderDaemon was interrupted: java.io.InterruptedIOException: 
2019-09-26 09:48:52,024 INFO  impl.LogAppender (LogAppender.java:run(78)) - s1@group-5BD3E7F27A57->s2-LogAppender-AppenderDaemon was interrupted: java.io.InterruptedIOException: 
2019-09-26 09:48:52,024 INFO  impl.RoleInfo (RoleInfo.java:updateAndGet(143)) - s1: start FollowerState
2019-09-26 09:48:52,033 DEBUG impl.RaftServerImpl (RaftServerImpl.java:requestVote(775)) - s1@group-5BD3E7F27A57 replies to vote request: s0<-s1#0:FAIL-t2. Peer's state: s1@group-5BD3E7F27A57:t2, leader=null, voted=null, raftlog=s1@group-5BD3E7F27A57-SegmentedRaftLog:OPENED:c0,f0,i0, conf=0: [s0:0.0.0.0:41468, s1:0.0.0.0:41619, s2:0.0.0.0:44382], old=null
2019-09-26 09:48:52,034 INFO  impl.RaftServerImpl (RaftServerImpl.java:setRole(170)) - s1@group-5BD3E7F27A57: changes role from  FOLLOWER to FOLLOWER at term 2 for recognizeCandidate:s2
2019-09-26 09:48:52,034 INFO  impl.RoleInfo (RoleInfo.java:shutdownFollowerState(121)) - s1: shutdown FollowerState
2019-09-26 09:48:52,034 INFO  impl.LeaderElection (LeaderElection.java:logAndReturn(56)) - s0@group-5BD3E7F27A57-LeaderElection34: Election REJECTED; received 2 response(s) [s0<-s1#0:FAIL-t2, s0<-s2#0:FAIL-t2] and 0 exception(s); s0@group-5BD3E7F27A57:t2, leader=null, voted=s0, raftlog=s0@group-5BD3E7F27A57-SegmentedRaftLog:OPENED:c-1,f0,i0, conf=0: [s0:0.0.0.0:41468, s1:0.0.0.0:41619, s2:0.0.0.0:44382], old=null
2019-09-26 09:48:52,034 INFO  impl.FollowerState (FollowerState.java:run(117)) - s1@group-5BD3E7F27A57-FollowerState was interrupted: java.lang.InterruptedException: sleep interrupted
2019-09-26 09:48:52,034 INFO  impl.RoleInfo (RoleInfo.java:updateAndGet(143)) - s1: start FollowerState
2019-09-26 09:48:52,034 INFO  impl.RaftServerImpl (RaftServerImpl.java:setRole(170)) - s0@group-5BD3E7F27A57: changes role from CANDIDATE to FOLLOWER at term 2 for DISCOVERED_A_NEW_TERM
2019-09-26 09:48:52,035 INFO  impl.RoleInfo (RoleInfo.java:shutdownLeaderElection(134)) - s0: shutdown LeaderElection
2019-09-26 09:48:52,035 INFO  impl.RoleInfo (RoleInfo.java:updateAndGet(143)) - s0: start FollowerState
2019-09-26 09:48:52,042 DEBUG impl.RaftServerImpl (RaftServerImpl.java:requestVote(775)) - s1@group-5BD3E7F27A57 replies to vote request: s2<-s1#0:OK-t2. Peer's state: s1@group-5BD3E7F27A57:t2, leader=null, voted=s2, raftlog=s1@group-5BD3E7F27A57-SegmentedRaftLog:OPENED:c0,f0,i0, conf=0: [s0:0.0.0.0:41468, s1:0.0.0.0:41619, s2:0.0.0.0:44382], old=null
2019-09-26 09:48:52,042 INFO  impl.LeaderElection (LeaderElection.java:logAndReturn(56)) - s2@group-5BD3E7F27A57-LeaderElection33: Election PASSED; received 2 response(s) [s2<-s0#0:FAIL-t2, s2<-s1#0:OK-t2] and 0 exception(s); s2@group-5BD3E7F27A57:t2, leader=null, voted=s2, raftlog=s2@group-5BD3E7F27A57-SegmentedRaftLog:OPENED:c-1,f0,i0, conf=0: [s0:0.0.0.0:41468, s1:0.0.0.0:41619, s2:0.0.0.0:44382], old=null
2019-09-26 09:48:52,042 INFO  impl.RoleInfo (RoleInfo.java:shutdownLeaderElection(134)) - s2: shutdown LeaderElection
2019-09-26 09:48:52,043 INFO  impl.RaftServerImpl (RaftServerImpl.java:setRole(170)) - s2@group-5BD3E7F27A57: changes role from CANDIDATE to LEADER at term 2 for changeToLeader
2019-09-26 09:48:52,043 INFO  impl.RaftServerImpl (ServerState.java:setLeader(254)) - s2@group-5BD3E7F27A57: change Leader from null to s2 at term 2 for becomeLeader, leader elected after 43ms
2019-09-26 09:48:52,043 INFO  server.RaftServerConfigKeys (ConfUtils.java:logGet(43)) - raft.server.staging.catchup.gap = 1000 (default)
2019-09-26 09:48:52,043 INFO  server.RaftServerConfigKeys (ConfUtils.java:logGet(43)) - raft.server.rpc.sleep.time = 25ms (default)
2019-09-26 09:48:52,043 INFO  server.RaftServerConfigKeys (ConfUtils.java:logGet(43)) - raft.server.write.element-limit = 4096 (default)
2019-09-26 09:48:52,043 INFO  server.RaftServerConfigKeys (ConfUtils.java:logGet(43)) - raft.server.watch.timeout = 10s (default)
2019-09-26 09:48:52,044 INFO  server.RaftServerConfigKeys (ConfUtils.java:logGet(43)) - raft.server.watch.timeout.denomination = 1s (default)
2019-09-26 09:48:52,044 INFO  server.RaftServerConfigKeys (ConfUtils.java:logGet(43)) - raft.server.watch.element-limit = 65536 (default)
2019-09-26 09:48:52,048 INFO  server.RaftServerConfigKeys (ConfUtils.java:logGet(43)) - raft.server.log.appender.snapshot.chunk.size.max = 16MB (=16777216) (default)
2019-09-26 09:48:52,049 INFO  server.RaftServerConfigKeys (ConfUtils.java:logGet(43)) - raft.server.log.appender.buffer.byte-limit = 4MB (=4194304) (default)
2019-09-26 09:48:52,049 INFO  server.RaftServerConfigKeys (ConfUtils.java:logGet(43)) - raft.server.log.appender.buffer.element-limit = 0 (default)
2019-09-26 09:48:52,049 INFO  server.RaftServerConfigKeys (ConfUtils.java:logGet(43)) - raft.server.log.appender.snapshot.chunk.size.max = 16MB (=16777216) (default)
2019-09-26 09:48:52,050 INFO  server.RaftServerConfigKeys (ConfUtils.java:logGet(43)) - raft.server.log.appender.buffer.byte-limit = 4MB (=4194304) (default)
2019-09-26 09:48:52,050 INFO  server.RaftServerConfigKeys (ConfUtils.java:logGet(43)) - raft.server.log.appender.buffer.element-limit = 0 (default)
2019-09-26 09:48:52,051 INFO  impl.RoleInfo (RoleInfo.java:updateAndGet(143)) - s2: start LeaderState
2019-09-26 09:48:52,051 INFO  segmented.SegmentedRaftLogWorker (SegmentedRaftLogWorker.java:rollLogSegment(385)) - s2@group-5BD3E7F27A57-SegmentedRaftLogWorker: Rolling segment log-0_0 to index:0
2019-09-26 09:48:52,051 DEBUG segmented.SegmentedRaftLogWorker (SegmentedRaftLogWorker.java:addIOTask(251)) - s2@group-5BD3E7F27A57-SegmentedRaftLogWorker adds IO task FinalizeLogSegment:0: startIndex=0 endIndex=0
2019-09-26 09:48:52,052 DEBUG segmented.SegmentedRaftLogWorker (SegmentedRaftLogWorker.java:addIOTask(251)) - s2@group-5BD3E7F27A57-SegmentedRaftLogWorker adds IO task StartLogSegment:1
2019-09-26 09:48:52,052 DEBUG segmented.SegmentedRaftLogWorker (SegmentedRaftLogWorker.java:addIOTask(251)) - s2@group-5BD3E7F27A57-SegmentedRaftLogWorker adds IO task WriteLog:1: (t:2, i:1), CONFIGURATIONENTRY
2019-09-26 09:48:52,053 INFO  impl.RaftServerImpl (ServerState.java:setRaftConf(355)) - s2@group-5BD3E7F27A57: set configuration 1: [s0:0.0.0.0:41468, s1:0.0.0.0:41619, s2:0.0.0.0:44382], old=null at 1
2019-09-26 09:48:52,053 INFO  impl.RaftServerImpl (ServerState.java:setLeader(254)) - s0@group-5BD3E7F27A57: change Leader from null to s2 at term 2 for appendEntries, leader elected after 53ms
2019-09-26 09:48:52,053 INFO  impl.RaftServerImpl (ServerState.java:setLeader(254)) - s1@group-5BD3E7F27A57: change Leader from null to s2 at term 2 for appendEntries, leader elected after 31ms
2019-09-26 09:48:52,053 TRACE util.FileUtils (LogUtils.java:runAndLog(61)) - Successfully ran Files.move /workdir/ratis-test/target/test/data/96b32e81/MiniRaftClusterWithSimulatedRpc85eff19e/s2/84e7e082-e8c2-43dc-92a2-5bd3e7f27a57/current/log_inprogress_0 to /workdir/ratis-test/target/test/data/96b32e81/MiniRaftClusterWithSimulatedRpc85eff19e/s2/84e7e082-e8c2-43dc-92a2-5bd3e7f27a57/current/log_0-0
2019-09-26 09:48:52,054 INFO  segmented.SegmentedRaftLogWorker (SegmentedRaftLogWorker.java:execute(526)) - s2@group-5BD3E7F27A57-SegmentedRaftLogWorker: Rolled log segment from /workdir/ratis-test/target/test/data/96b32e81/MiniRaftClusterWithSimulatedRpc85eff19e/s2/84e7e082-e8c2-43dc-92a2-5bd3e7f27a57/current/log_inprogress_0 to /workdir/ratis-test/target/test/data/96b32e81/MiniRaftClusterWithSimulatedRpc85eff19e/s2/84e7e082-e8c2-43dc-92a2-5bd3e7f27a57/current/log_0-0
2019-09-26 09:48:52,054 TRACE segmented.SegmentedRaftLogWorker (SegmentedRaftLogWorker.java:lambda$new$1(133)) - s2@group-5BD3E7F27A57-SegmentedRaftLogWorker: flushIndex: updateIncreasingly 0 -> 0
2019-09-26 09:48:52,054 DEBUG impl.RaftServerImpl (RaftServerImpl.java:logAppendEntries(850)) - s0@group-5BD3E7F27A57: receive appendEntries(s2, 2, (t:1, i:0), -1, false, commits[s2:c-1, s0:c-1, s1:c-1], entries: (t:2, i:1), CONFIGURATIONENTRY
2019-09-26 09:48:52,054 DEBUG impl.RaftServerImpl (RaftServerImpl.java:logAppendEntries(850)) - s1@group-5BD3E7F27A57: receive appendEntries(s2, 2, (t:1, i:0), -1, false, commits[s2:c-1, s0:c-1, s1:c0], entries: (t:2, i:1), CONFIGURATIONENTRY
2019-09-26 09:48:52,054 INFO  impl.RaftServerImpl (ServerState.java:setRaftConf(355)) - s0@group-5BD3E7F27A57: set configuration 1: [s0:0.0.0.0:41468, s1:0.0.0.0:41619, s2:0.0.0.0:44382], old=null at 1
2019-09-26 09:48:52,055 INFO  impl.RaftServerImpl (ServerState.java:setRaftConf(355)) - s1@group-5BD3E7F27A57: set configuration 1: [s0:0.0.0.0:41468, s1:0.0.0.0:41619, s2:0.0.0.0:44382], old=null at 1
2019-09-26 09:48:52,055 INFO  segmented.SegmentedRaftLogWorker (SegmentedRaftLogWorker.java:rollLogSegment(385)) - s0@group-5BD3E7F27A57-SegmentedRaftLogWorker: Rolling segment log-0_0 to index:0
2019-09-26 09:48:52,055 INFO  segmented.SegmentedRaftLogWorker (SegmentedRaftLogWorker.java:rollLogSegment(385)) - s1@group-5BD3E7F27A57-SegmentedRaftLogWorker: Rolling segment log-0_0 to index:0
2019-09-26 09:48:52,055 DEBUG segmented.SegmentedRaftLogWorker (SegmentedRaftLogWorker.java:addIOTask(251)) - s0@group-5BD3E7F27A57-SegmentedRaftLogWorker adds IO task FinalizeLogSegment:0: startIndex=0 endIndex=0
2019-09-26 09:48:52,055 DEBUG segmented.SegmentedRaftLogWorker (SegmentedRaftLogWorker.java:addIOTask(251)) - s1@group-5BD3E7F27A57-SegmentedRaftLogWorker adds IO task FinalizeLogSegment:0: startIndex=0 endIndex=0
2019-09-26 09:48:52,055 DEBUG segmented.SegmentedRaftLogWorker (SegmentedRaftLogWorker.java:addIOTask(251)) - s0@group-5BD3E7F27A57-SegmentedRaftLogWorker adds IO task StartLogSegment:1
2019-09-26 09:48:52,055 DEBUG segmented.SegmentedRaftLogWorker (SegmentedRaftLogWorker.java:addIOTask(251)) - s1@group-5BD3E7F27A57-SegmentedRaftLogWorker adds IO task StartLogSegment:1
2019-09-26 09:48:52,056 DEBUG segmented.SegmentedRaftLogWorker (SegmentedRaftLogWorker.java:addIOTask(251)) - s0@group-5BD3E7F27A57-SegmentedRaftLogWorker adds IO task WriteLog:1: (t:2, i:1), CONFIGURATIONENTRY
2019-09-26 09:48:52,056 DEBUG segmented.SegmentedRaftLogWorker (SegmentedRaftLogWorker.java:addIOTask(251)) - s1@group-5BD3E7F27A57-SegmentedRaftLogWorker adds IO task WriteLog:1: (t:2, i:1), CONFIGURATIONENTRY
2019-09-26 09:48:52,057 INFO  server.RaftServerConfigKeys (ConfUtils.java:logGet(43)) - raft.server.rpc.timeout.max = 300ms (default)
2019-09-26 09:48:52,057 TRACE util.FileUtils (LogUtils.java:runAndLog(61)) - Successfully ran Files.move /workdir/ratis-test/target/test/data/96b32e81/MiniRaftClusterWithSimulatedRpc85eff19e/s1/84e7e082-e8c2-43dc-92a2-5bd3e7f27a57/current/log_inprogress_0 to /workdir/ratis-test/target/test/data/96b32e81/MiniRaftClusterWithSimulatedRpc85eff19e/s1/84e7e082-e8c2-43dc-92a2-5bd3e7f27a57/current/log_0-0
2019-09-26 09:48:52,058 INFO  segmented.SegmentedRaftLogWorker (SegmentedRaftLogWorker.java:execute(526)) - s1@group-5BD3E7F27A57-SegmentedRaftLogWorker: Rolled log segment from /workdir/ratis-test/target/test/data/96b32e81/MiniRaftClusterWithSimulatedRpc85eff19e/s1/84e7e082-e8c2-43dc-92a2-5bd3e7f27a57/current/log_inprogress_0 to /workdir/ratis-test/target/test/data/96b32e81/MiniRaftClusterWithSimulatedRpc85eff19e/s1/84e7e082-e8c2-43dc-92a2-5bd3e7f27a57/current/log_0-0
2019-09-26 09:48:52,058 INFO  ratis.RaftTestUtil (RaftTestUtil.java:waitForLeader(86)) - printing ALL groups
  s0:  RUNNING  FOLLOWER s0@group-5BD3E7F27A57:t2, leader=s2, voted=s0, raftlog=s0@group-5BD3E7F27A57-SegmentedRaftLog:OPENED:c-1,f0,i1, conf=1: [s0:0.0.0.0:41468, s1:0.0.0.0:41619, s2:0.0.0.0:44382], old=null RUNNING
  s1:  RUNNING  FOLLOWER s1@group-5BD3E7F27A57:t2, leader=s2, voted=s2, raftlog=s1@group-5BD3E7F27A57-SegmentedRaftLog:OPENED:c0,f0,i1, conf=1: [s0:0.0.0.0:41468, s1:0.0.0.0:41619, s2:0.0.0.0:44382], old=null RUNNING
  s2:  RUNNING    LEADER s2@group-5BD3E7F27A57:t2, leader=s2, voted=s2, raftlog=s2@group-5BD3E7F27A57-SegmentedRaftLog:OPENED:c-1,f0,i1, conf=1: [s0:0.0.0.0:41468, s1:0.0.0.0:41619, s2:0.0.0.0:44382], old=null RUNNING
2019-09-26 09:48:52,058 TRACE util.FileUtils (LogUtils.java:runAndLog(61)) - Successfully ran Files.move /workdir/ratis-test/target/test/data/96b32e81/MiniRaftClusterWithSimulatedRpc85eff19e/s0/84e7e082-e8c2-43dc-92a2-5bd3e7f27a57/current/log_inprogress_0 to /workdir/ratis-test/target/test/data/96b32e81/MiniRaftClusterWithSimulatedRpc85eff19e/s0/84e7e082-e8c2-43dc-92a2-5bd3e7f27a57/current/log_0-0
2019-09-26 09:48:52,058 TRACE segmented.SegmentedRaftLogWorker (SegmentedRaftLogWorker.java:lambda$new$1(133)) - s1@group-5BD3E7F27A57-SegmentedRaftLogWorker: flushIndex: updateIncreasingly 0 -> 0
2019-09-26 09:48:52,058 INFO  ratis.RaftTestUtil (RaftTestUtil.java:waitForLeader(101)) - printing ALL groups
  s0:  RUNNING  FOLLOWER s0@group-5BD3E7F27A57:t2, leader=s2, voted=s0, raftlog=s0@group-5BD3E7F27A57-SegmentedRaftLog:OPENED:c-1,f0,i1, conf=1: [s0:0.0.0.0:41468, s1:0.0.0.0:41619, s2:0.0.0.0:44382], old=null RUNNING
  s1:  RUNNING  FOLLOWER s1@group-5BD3E7F27A57:t2, leader=s2, voted=s2, raftlog=s1@group-5BD3E7F27A57-SegmentedRaftLog:OPENED:c0,f0,i1, conf=1: [s0:0.0.0.0:41468, s1:0.0.0.0:41619, s2:0.0.0.0:44382], old=null RUNNING
  s2:  RUNNING    LEADER s2@group-5BD3E7F27A57:t2, leader=s2, voted=s2, raftlog=s2@group-5BD3E7F27A57-SegmentedRaftLog:OPENED:c-1,f0,i1, conf=1: [s0:0.0.0.0:41468, s1:0.0.0.0:41619, s2:0.0.0.0:44382], old=null RUNNING
2019-09-26 09:48:52,058 INFO  segmented.SegmentedRaftLogWorker (SegmentedRaftLogWorker.java:execute(526)) - s0@group-5BD3E7F27A57-SegmentedRaftLogWorker: Rolled log segment from /workdir/ratis-test/target/test/data/96b32e81/MiniRaftClusterWithSimulatedRpc85eff19e/s0/84e7e082-e8c2-43dc-92a2-5bd3e7f27a57/current/log_inprogress_0 to /workdir/ratis-test/target/test/data/96b32e81/MiniRaftClusterWithSimulatedRpc85eff19e/s0/84e7e082-e8c2-43dc-92a2-5bd3e7f27a57/current/log_0-0
2019-09-26 09:48:52,059 INFO  ratis.RaftTestUtil (RaftTestUtil.java:lambda$changeLeader$7(367)) - Changed leader from s1 to s2
2019-09-26 09:48:52,059 TRACE segmented.SegmentedRaftLogWorker (SegmentedRaftLogWorker.java:lambda$new$1(133)) - s0@group-5BD3E7F27A57-SegmentedRaftLogWorker: flushIndex: updateIncreasingly 0 -> 0
2019-09-26 09:48:52,060 INFO  server.RaftServerConfigKeys (ConfUtils.java:logGet(43)) - raft.server.rpc.timeout.max = 300ms (default)
2019-09-26 09:48:52,060 INFO  ratis.RaftTestUtil (RaftTestUtil.java:waitForLeader(86)) - printing ALL groups
  s0:  RUNNING  FOLLOWER s0@group-5BD3E7F27A57:t2, leader=s2, voted=s0, raftlog=s0@group-5BD3E7F27A57-SegmentedRaftLog:OPENED:c-1,f0,i1, conf=1: [s0:0.0.0.0:41468, s1:0.0.0.0:41619, s2:0.0.0.0:44382], old=null RUNNING
  s1:  RUNNING  FOLLOWER s1@group-5BD3E7F27A57:t2, leader=s2, voted=s2, raftlog=s1@group-5BD3E7F27A57-SegmentedRaftLog:OPENED:c0,f0,i1, conf=1: [s0:0.0.0.0:41468, s1:0.0.0.0:41619, s2:0.0.0.0:44382], old=null RUNNING
  s2:  RUNNING    LEADER s2@group-5BD3E7F27A57:t2, leader=s2, voted=s2, raftlog=s2@group-5BD3E7F27A57-SegmentedRaftLog:OPENED:c-1,f0,i1, conf=1: [s0:0.0.0.0:41468, s1:0.0.0.0:41619, s2:0.0.0.0:44382], old=null RUNNING
2019-09-26 09:48:52,060 INFO  ratis.RaftTestUtil (RaftTestUtil.java:waitForLeader(101)) - printing ALL groups
  s0:  RUNNING  FOLLOWER s0@group-5BD3E7F27A57:t2, leader=s2, voted=s0, raftlog=s0@group-5BD3E7F27A57-SegmentedRaftLog:OPENED:c-1,f0,i1, conf=1: [s0:0.0.0.0:41468, s1:0.0.0.0:41619, s2:0.0.0.0:44382], old=null RUNNING
  s1:  RUNNING  FOLLOWER s1@group-5BD3E7F27A57:t2, leader=s2, voted=s2, raftlog=s1@group-5BD3E7F27A57-SegmentedRaftLog:OPENED:c0,f0,i1, conf=1: [s0:0.0.0.0:41468, s1:0.0.0.0:41619, s2:0.0.0.0:44382], old=null RUNNING
  s2:  RUNNING    LEADER s2@group-5BD3E7F27A57:t2, leader=s2, voted=s2, raftlog=s2@group-5BD3E7F27A57-SegmentedRaftLog:OPENED:c-1,f0,i1, conf=1: [s0:0.0.0.0:41468, s1:0.0.0.0:41619, s2:0.0.0.0:44382], old=null RUNNING
2019-09-26 09:48:52,060 WARN  ratis.RaftTestUtil (JavaUtils.java:attempt(158)) - FAILED "testChangeLeader-changeLeader", attempt #1/20: java.lang.IllegalStateException: Failed to change leader: newLeader == oldLeader == s2, sleep 100ms and then retry.
java.lang.IllegalStateException: Failed to change leader: newLeader == oldLeader == s2
	at org.apache.ratis.RaftTestUtil.lambda$changeLeader$7(RaftTestUtil.java:365)
	at org.apache.ratis.util.JavaUtils.attempt(JavaUtils.java:152)
	at org.apache.ratis.RaftTestUtil.changeLeader(RaftTestUtil.java:362)
	at org.apache.ratis.server.impl.LeaderElectionTests.testChangeLeader(LeaderElectionTests.java:81)
	at sun.reflect.NativeMethodAccessorImpl.invoke0(Native Method)
	at sun.reflect.NativeMethodAccessorImpl.invoke(NativeMethodAccessorImpl.java:62)
	at sun.reflect.DelegatingMethodAccessorImpl.invoke(DelegatingMethodAccessorImpl.java:43)
	at java.lang.reflect.Method.invoke(Method.java:498)
	at org.junit.runners.model.FrameworkMethod$1.runReflectiveCall(FrameworkMethod.java:50)
	at org.junit.internal.runners.model.ReflectiveCallable.run(ReflectiveCallable.java:12)
	at org.junit.runners.model.FrameworkMethod.invokeExplosively(FrameworkMethod.java:47)
	at org.junit.internal.runners.statements.InvokeMethod.evaluate(InvokeMethod.java:17)
	at org.junit.internal.runners.statements.RunAfters.evaluate(RunAfters.java:27)
	at org.junit.internal.runners.statements.FailOnTimeout$CallableStatement.call(FailOnTimeout.java:298)
	at org.junit.internal.runners.statements.FailOnTimeout$CallableStatement.call(FailOnTimeout.java:292)
	at java.util.concurrent.FutureTask.run(FutureTask.java:266)
	at java.lang.Thread.run(Thread.java:748)
2019-09-26 09:48:52,162 INFO  server.RaftServerConfigKeys (ConfUtils.java:logGet(43)) - raft.server.rpc.timeout.max = 300ms (default)
2019-09-26 09:48:52,163 INFO  ratis.RaftTestUtil (RaftTestUtil.java:waitForLeader(86)) - printing ALL groups
  s0:  RUNNING  FOLLOWER s0@group-5BD3E7F27A57:t2, leader=s2, voted=s0, raftlog=s0@group-5BD3E7F27A57-SegmentedRaftLog:OPENED:c-1,f0,i1, conf=1: [s0:0.0.0.0:41468, s1:0.0.0.0:41619, s2:0.0.0.0:44382], old=null RUNNING
  s1:  RUNNING  FOLLOWER s1@group-5BD3E7F27A57:t2, leader=s2, voted=s2, raftlog=s1@group-5BD3E7F27A57-SegmentedRaftLog:OPENED:c0,f0,i1, conf=1: [s0:0.0.0.0:41468, s1:0.0.0.0:41619, s2:0.0.0.0:44382], old=null RUNNING
  s2:  RUNNING    LEADER s2@group-5BD3E7F27A57:t2, leader=s2, voted=s2, raftlog=s2@group-5BD3E7F27A57-SegmentedRaftLog:OPENED:c-1,f0,i1, conf=1: [s0:0.0.0.0:41468, s1:0.0.0.0:41619, s2:0.0.0.0:44382], old=null RUNNING
2019-09-26 09:48:52,163 INFO  ratis.RaftTestUtil (RaftTestUtil.java:waitForLeader(101)) - printing ALL groups
  s0:  RUNNING  FOLLOWER s0@group-5BD3E7F27A57:t2, leader=s2, voted=s0, raftlog=s0@group-5BD3E7F27A57-SegmentedRaftLog:OPENED:c-1,f0,i1, conf=1: [s0:0.0.0.0:41468, s1:0.0.0.0:41619, s2:0.0.0.0:44382], old=null RUNNING
  s1:  RUNNING  FOLLOWER s1@group-5BD3E7F27A57:t2, leader=s2, voted=s2, raftlog=s1@group-5BD3E7F27A57-SegmentedRaftLog:OPENED:c0,f0,i1, conf=1: [s0:0.0.0.0:41468, s1:0.0.0.0:41619, s2:0.0.0.0:44382], old=null RUNNING
  s2:  RUNNING    LEADER s2@group-5BD3E7F27A57:t2, leader=s2, voted=s2, raftlog=s2@group-5BD3E7F27A57-SegmentedRaftLog:OPENED:c-1,f0,i1, conf=1: [s0:0.0.0.0:41468, s1:0.0.0.0:41619, s2:0.0.0.0:44382], old=null RUNNING
2019-09-26 09:48:52,164 WARN  ratis.RaftTestUtil (JavaUtils.java:attempt(158)) - FAILED "testChangeLeader-changeLeader", attempt #2/20: java.lang.IllegalStateException: Failed to change leader: newLeader == oldLeader == s2, sleep 100ms and then retry.
java.lang.IllegalStateException: Failed to change leader: newLeader == oldLeader == s2
	at org.apache.ratis.RaftTestUtil.lambda$changeLeader$7(RaftTestUtil.java:365)
	at org.apache.ratis.util.JavaUtils.attempt(JavaUtils.java:152)
	at org.apache.ratis.RaftTestUtil.changeLeader(RaftTestUtil.java:362)
	at org.apache.ratis.server.impl.LeaderElectionTests.testChangeLeader(LeaderElectionTests.java:81)
	at sun.reflect.NativeMethodAccessorImpl.invoke0(Native Method)
	at sun.reflect.NativeMethodAccessorImpl.invoke(NativeMethodAccessorImpl.java:62)
	at sun.reflect.DelegatingMethodAccessorImpl.invoke(DelegatingMethodAccessorImpl.java:43)
	at java.lang.reflect.Method.invoke(Method.java:498)
	at org.junit.runners.model.FrameworkMethod$1.runReflectiveCall(FrameworkMethod.java:50)
	at org.junit.internal.runners.model.ReflectiveCallable.run(ReflectiveCallable.java:12)
	at org.junit.runners.model.FrameworkMethod.invokeExplosively(FrameworkMethod.java:47)
	at org.junit.internal.runners.statements.InvokeMethod.evaluate(InvokeMethod.java:17)
	at org.junit.internal.runners.statements.RunAfters.evaluate(RunAfters.java:27)
	at org.junit.internal.runners.statements.FailOnTimeout$CallableStatement.call(FailOnTimeout.java:298)
	at org.junit.internal.runners.statements.FailOnTimeout$CallableStatement.call(FailOnTimeout.java:292)
	at java.util.concurrent.FutureTask.run(FutureTask.java:266)
	at java.lang.Thread.run(Thread.java:748)
2019-09-26 09:48:52,210 INFO  segmented.SegmentedRaftLogWorker (SegmentedRaftLogWorker.java:execute(569)) - s1@group-5BD3E7F27A57-SegmentedRaftLogWorker: created new log segment /workdir/ratis-test/target/test/data/96b32e81/MiniRaftClusterWithSimulatedRpc85eff19e/s1/84e7e082-e8c2-43dc-92a2-5bd3e7f27a57/current/log_inprogress_1
2019-09-26 09:48:52,210 INFO  segmented.SegmentedRaftLogWorker (SegmentedRaftLogWorker.java:execute(569)) - s2@group-5BD3E7F27A57-SegmentedRaftLogWorker: created new log segment /workdir/ratis-test/target/test/data/96b32e81/MiniRaftClusterWithSimulatedRpc85eff19e/s2/84e7e082-e8c2-43dc-92a2-5bd3e7f27a57/current/log_inprogress_1
2019-09-26 09:48:52,210 INFO  segmented.SegmentedRaftLogWorker (SegmentedRaftLogWorker.java:execute(569)) - s0@group-5BD3E7F27A57-SegmentedRaftLogWorker: created new log segment /workdir/ratis-test/target/test/data/96b32e81/MiniRaftClusterWithSimulatedRpc85eff19e/s0/84e7e082-e8c2-43dc-92a2-5bd3e7f27a57/current/log_inprogress_1
2019-09-26 09:48:52,211 DEBUG segmented.SegmentedRaftLogWorker (SegmentedRaftLogWorker.java:flushWrites(340)) - s2@group-5BD3E7F27A57-SegmentedRaftLogWorker: flush SegmentedRaftLogOutputStream(/workdir/ratis-test/target/test/data/96b32e81/MiniRaftClusterWithSimulatedRpc85eff19e/s2/84e7e082-e8c2-43dc-92a2-5bd3e7f27a57/current/log_inprogress_1)
2019-09-26 09:48:52,211 DEBUG segmented.SegmentedRaftLogWorker (SegmentedRaftLogWorker.java:flushWrites(340)) - s1@group-5BD3E7F27A57-SegmentedRaftLogWorker: flush SegmentedRaftLogOutputStream(/workdir/ratis-test/target/test/data/96b32e81/MiniRaftClusterWithSimulatedRpc85eff19e/s1/84e7e082-e8c2-43dc-92a2-5bd3e7f27a57/current/log_inprogress_1)
2019-09-26 09:48:52,211 DEBUG segmented.SegmentedRaftLogWorker (SegmentedRaftLogWorker.java:flushWrites(340)) - s0@group-5BD3E7F27A57-SegmentedRaftLogWorker: flush SegmentedRaftLogOutputStream(/workdir/ratis-test/target/test/data/96b32e81/MiniRaftClusterWithSimulatedRpc85eff19e/s0/84e7e082-e8c2-43dc-92a2-5bd3e7f27a57/current/log_inprogress_1)
2019-09-26 09:48:52,303 TRACE segmented.SegmentedRaftLogWorker (SegmentedRaftLogWorker.java:lambda$new$1(133)) - s2@group-5BD3E7F27A57-SegmentedRaftLogWorker: flushIndex: updateIncreasingly 0 -> 1
2019-09-26 09:48:52,303 DEBUG impl.RaftServerImpl (RaftServerImpl.java:appendEntriesAsync(906)) - s2@group-5BD3E7F27A57: Not recognize s1 (term=1) as leader, state: s2@group-5BD3E7F27A57:t2, leader=s2, voted=s2, raftlog=s2@group-5BD3E7F27A57-SegmentedRaftLog:OPENED:c-1,f1,i1, conf=1: [s0:0.0.0.0:41468, s1:0.0.0.0:41619, s2:0.0.0.0:44382], old=null reply: s1<-s2#0:FAIL,NOT_LEADER,nextIndex:2,term:2,followerCommit:-1
2019-09-26 09:48:52,303 DEBUG impl.RaftServerImpl (RaftServerImpl.java:appendEntriesAsync(906)) - s0@group-5BD3E7F27A57: Not recognize s1 (term=1) as leader, state: s0@group-5BD3E7F27A57:t2, leader=s2, voted=s0, raftlog=s0@group-5BD3E7F27A57-SegmentedRaftLog:OPENED:c-1,f0,i1, conf=1: [s0:0.0.0.0:41468, s1:0.0.0.0:41619, s2:0.0.0.0:44382], old=null reply: s1<-s0#0:FAIL,NOT_LEADER,nextIndex:2,term:2,followerCommit:-1
2019-09-26 09:48:52,303 INFO  server.RaftServerConfigKeys (ConfUtils.java:logGet(43)) - raft.server.rpc.timeout.max = 300ms (default)
2019-09-26 09:48:52,304 INFO  ratis.RaftTestUtil (RaftTestUtil.java:waitForLeader(86)) - printing ALL groups
  s0:  RUNNING  FOLLOWER s0@group-5BD3E7F27A57:t2, leader=s2, voted=s0, raftlog=s0@group-5BD3E7F27A57-SegmentedRaftLog:OPENED:c-1,f0,i1, conf=1: [s0:0.0.0.0:41468, s1:0.0.0.0:41619, s2:0.0.0.0:44382], old=null RUNNING
  s1:  RUNNING  FOLLOWER s1@group-5BD3E7F27A57:t2, leader=s2, voted=s2, raftlog=s1@group-5BD3E7F27A57-SegmentedRaftLog:OPENED:c0,f0,i1, conf=1: [s0:0.0.0.0:41468, s1:0.0.0.0:41619, s2:0.0.0.0:44382], old=null RUNNING
  s2:  RUNNING    LEADER s2@group-5BD3E7F27A57:t2, leader=s2, voted=s2, raftlog=s2@group-5BD3E7F27A57-SegmentedRaftLog:OPENED:c-1,f1,i1, conf=1: [s0:0.0.0.0:41468, s1:0.0.0.0:41619, s2:0.0.0.0:44382], old=null RUNNING
2019-09-26 09:48:52,304 INFO  ratis.RaftTestUtil (RaftTestUtil.java:waitForLeader(101)) - printing ALL groups
  s0:  RUNNING  FOLLOWER s0@group-5BD3E7F27A57:t2, leader=s2, voted=s0, raftlog=s0@group-5BD3E7F27A57-SegmentedRaftLog:OPENED:c-1,f0,i1, conf=1: [s0:0.0.0.0:41468, s1:0.0.0.0:41619, s2:0.0.0.0:44382], old=null RUNNING
  s1:  RUNNING  FOLLOWER s1@group-5BD3E7F27A57:t2, leader=s2, voted=s2, raftlog=s1@group-5BD3E7F27A57-SegmentedRaftLog:OPENED:c0,f0,i1, conf=1: [s0:0.0.0.0:41468, s1:0.0.0.0:41619, s2:0.0.0.0:44382], old=null RUNNING
  s2:  RUNNING    LEADER s2@group-5BD3E7F27A57:t2, leader=s2, voted=s2, raftlog=s2@group-5BD3E7F27A57-SegmentedRaftLog:OPENED:c-1,f1,i1, conf=1: [s0:0.0.0.0:41468, s1:0.0.0.0:41619, s2:0.0.0.0:44382], old=null RUNNING
2019-09-26 09:48:52,305 WARN  ratis.RaftTestUtil (JavaUtils.java:attempt(158)) - FAILED "testChangeLeader-changeLeader", attempt #3/20: java.lang.IllegalStateException: Failed to change leader: newLeader == oldLeader == s2, sleep 100ms and then retry.
java.lang.IllegalStateException: Failed to change leader: newLeader == oldLeader == s2
	at org.apache.ratis.RaftTestUtil.lambda$changeLeader$7(RaftTestUtil.java:365)
	at org.apache.ratis.util.JavaUtils.attempt(JavaUtils.java:152)
	at org.apache.ratis.RaftTestUtil.changeLeader(RaftTestUtil.java:362)
	at org.apache.ratis.server.impl.LeaderElectionTests.testChangeLeader(LeaderElectionTests.java:81)
	at sun.reflect.NativeMethodAccessorImpl.invoke0(Native Method)
	at sun.reflect.NativeMethodAccessorImpl.invoke(NativeMethodAccessorImpl.java:62)
	at sun.reflect.DelegatingMethodAccessorImpl.invoke(DelegatingMethodAccessorImpl.java:43)
	at java.lang.reflect.Method.invoke(Method.java:498)
	at org.junit.runners.model.FrameworkMethod$1.runReflectiveCall(FrameworkMethod.java:50)
	at org.junit.internal.runners.model.ReflectiveCallable.run(ReflectiveCallable.java:12)
	at org.junit.runners.model.FrameworkMethod.invokeExplosively(FrameworkMethod.java:47)
	at org.junit.internal.runners.statements.InvokeMethod.evaluate(InvokeMethod.java:17)
	at org.junit.internal.runners.statements.RunAfters.evaluate(RunAfters.java:27)
	at org.junit.internal.runners.statements.FailOnTimeout$CallableStatement.call(FailOnTimeout.java:298)
	at org.junit.internal.runners.statements.FailOnTimeout$CallableStatement.call(FailOnTimeout.java:292)
	at java.util.concurrent.FutureTask.run(FutureTask.java:266)
	at java.lang.Thread.run(Thread.java:748)
2019-09-26 09:48:52,306 TRACE segmented.SegmentedRaftLogWorker (SegmentedRaftLogWorker.java:lambda$new$1(133)) - s1@group-5BD3E7F27A57-SegmentedRaftLogWorker: flushIndex: updateIncreasingly 0 -> 1
2019-09-26 09:48:52,306 TRACE segmented.SegmentedRaftLogWorker (SegmentedRaftLogWorker.java:lambda$new$1(133)) - s0@group-5BD3E7F27A57-SegmentedRaftLogWorker: flushIndex: updateIncreasingly 0 -> 1
2019-09-26 09:48:52,307 DEBUG impl.RaftServerImpl (RaftServerImpl.java:logAppendEntries(850)) - s1@group-5BD3E7F27A57: succeeded to handle AppendEntries. Reply: s2<-s1#0:OK,SUCCESS,nextIndex:2,term:2,followerCommit:0
2019-09-26 09:48:52,307 DEBUG impl.RaftServerImpl (RaftServerImpl.java:logAppendEntries(850)) - s0@group-5BD3E7F27A57: succeeded to handle AppendEntries. Reply: s2<-s0#0:OK,SUCCESS,nextIndex:2,term:2,followerCommit:-1
2019-09-26 09:48:52,307 DEBUG segmented.SegmentedRaftLogWorker (SegmentedRaftLogWorker.java:addIOTask(251)) - s2@group-5BD3E7F27A57-SegmentedRaftLogWorker adds IO task WriteLog:2: (t:2, i:2), METADATAENTRY(c1)
2019-09-26 09:48:52,308 DEBUG segmented.SegmentedRaftLogWorker (SegmentedRaftLogWorker.java:flushWrites(340)) - s2@group-5BD3E7F27A57-SegmentedRaftLogWorker: flush SegmentedRaftLogOutputStream(/workdir/ratis-test/target/test/data/96b32e81/MiniRaftClusterWithSimulatedRpc85eff19e/s2/84e7e082-e8c2-43dc-92a2-5bd3e7f27a57/current/log_inprogress_1)
2019-09-26 09:48:52,312 TRACE segmented.SegmentedRaftLogWorker (SegmentedRaftLogWorker.java:lambda$new$1(133)) - s2@group-5BD3E7F27A57-SegmentedRaftLogWorker: flushIndex: updateIncreasingly 1 -> 2
2019-09-26 09:48:52,405 INFO  server.RaftServerConfigKeys (ConfUtils.java:logGet(43)) - raft.server.rpc.timeout.max = 300ms (default)
2019-09-26 09:48:52,406 INFO  ratis.RaftTestUtil (RaftTestUtil.java:waitForLeader(86)) - printing ALL groups
  s0:  RUNNING  FOLLOWER s0@group-5BD3E7F27A57:t2, leader=s2, voted=s0, raftlog=s0@group-5BD3E7F27A57-SegmentedRaftLog:OPENED:c-1,f1,i1, conf=1: [s0:0.0.0.0:41468, s1:0.0.0.0:41619, s2:0.0.0.0:44382], old=null RUNNING
  s1:  RUNNING  FOLLOWER s1@group-5BD3E7F27A57:t2, leader=s2, voted=s2, raftlog=s1@group-5BD3E7F27A57-SegmentedRaftLog:OPENED:c0,f1,i1, conf=1: [s0:0.0.0.0:41468, s1:0.0.0.0:41619, s2:0.0.0.0:44382], old=null RUNNING
  s2:  RUNNING    LEADER s2@group-5BD3E7F27A57:t2, leader=s2, voted=s2, raftlog=s2@group-5BD3E7F27A57-SegmentedRaftLog:OPENED:c1,f2,i2, conf=1: [s0:0.0.0.0:41468, s1:0.0.0.0:41619, s2:0.0.0.0:44382], old=null RUNNING
2019-09-26 09:48:52,406 INFO  ratis.RaftTestUtil (RaftTestUtil.java:waitForLeader(101)) - printing ALL groups
  s0:  RUNNING  FOLLOWER s0@group-5BD3E7F27A57:t2, leader=s2, voted=s0, raftlog=s0@group-5BD3E7F27A57-SegmentedRaftLog:OPENED:c-1,f1,i1, conf=1: [s0:0.0.0.0:41468, s1:0.0.0.0:41619, s2:0.0.0.0:44382], old=null RUNNING
  s1:  RUNNING  FOLLOWER s1@group-5BD3E7F27A57:t2, leader=s2, voted=s2, raftlog=s1@group-5BD3E7F27A57-SegmentedRaftLog:OPENED:c0,f1,i1, conf=1: [s0:0.0.0.0:41468, s1:0.0.0.0:41619, s2:0.0.0.0:44382], old=null RUNNING
  s2:  RUNNING    LEADER s2@group-5BD3E7F27A57:t2, leader=s2, voted=s2, raftlog=s2@group-5BD3E7F27A57-SegmentedRaftLog:OPENED:c1,f2,i2, conf=1: [s0:0.0.0.0:41468, s1:0.0.0.0:41619, s2:0.0.0.0:44382], old=null RUNNING
2019-09-26 09:48:52,407 WARN  ratis.RaftTestUtil (JavaUtils.java:attempt(158)) - FAILED "testChangeLeader-changeLeader", attempt #4/20: java.lang.IllegalStateException: Failed to change leader: newLeader == oldLeader == s2, sleep 100ms and then retry.
java.lang.IllegalStateException: Failed to change leader: newLeader == oldLeader == s2
	at org.apache.ratis.RaftTestUtil.lambda$changeLeader$7(RaftTestUtil.java:365)
	at org.apache.ratis.util.JavaUtils.attempt(JavaUtils.java:152)
	at org.apache.ratis.RaftTestUtil.changeLeader(RaftTestUtil.java:362)
	at org.apache.ratis.server.impl.LeaderElectionTests.testChangeLeader(LeaderElectionTests.java:81)
	at sun.reflect.NativeMethodAccessorImpl.invoke0(Native Method)
	at sun.reflect.NativeMethodAccessorImpl.invoke(NativeMethodAccessorImpl.java:62)
	at sun.reflect.DelegatingMethodAccessorImpl.invoke(DelegatingMethodAccessorImpl.java:43)
	at java.lang.reflect.Method.invoke(Method.java:498)
	at org.junit.runners.model.FrameworkMethod$1.runReflectiveCall(FrameworkMethod.java:50)
	at org.junit.internal.runners.model.ReflectiveCallable.run(ReflectiveCallable.java:12)
	at org.junit.runners.model.FrameworkMethod.invokeExplosively(FrameworkMethod.java:47)
	at org.junit.internal.runners.statements.InvokeMethod.evaluate(InvokeMethod.java:17)
	at org.junit.internal.runners.statements.RunAfters.evaluate(RunAfters.java:27)
	at org.junit.internal.runners.statements.FailOnTimeout$CallableStatement.call(FailOnTimeout.java:298)
	at org.junit.internal.runners.statements.FailOnTimeout$CallableStatement.call(FailOnTimeout.java:292)
	at java.util.concurrent.FutureTask.run(FutureTask.java:266)
	at java.lang.Thread.run(Thread.java:748)
2019-09-26 09:48:52,507 INFO  server.RaftServerConfigKeys (ConfUtils.java:logGet(43)) - raft.server.rpc.timeout.max = 300ms (default)
2019-09-26 09:48:52,508 INFO  ratis.RaftTestUtil (RaftTestUtil.java:waitForLeader(86)) - printing ALL groups
  s0:  RUNNING  FOLLOWER s0@group-5BD3E7F27A57:t2, leader=s2, voted=s0, raftlog=s0@group-5BD3E7F27A57-SegmentedRaftLog:OPENED:c-1,f1,i1, conf=1: [s0:0.0.0.0:41468, s1:0.0.0.0:41619, s2:0.0.0.0:44382], old=null RUNNING
  s1:  RUNNING  FOLLOWER s1@group-5BD3E7F27A57:t2, leader=s2, voted=s2, raftlog=s1@group-5BD3E7F27A57-SegmentedRaftLog:OPENED:c0,f1,i1, conf=1: [s0:0.0.0.0:41468, s1:0.0.0.0:41619, s2:0.0.0.0:44382], old=null RUNNING
  s2:  RUNNING    LEADER s2@group-5BD3E7F27A57:t2, leader=s2, voted=s2, raftlog=s2@group-5BD3E7F27A57-SegmentedRaftLog:OPENED:c1,f2,i2, conf=1: [s0:0.0.0.0:41468, s1:0.0.0.0:41619, s2:0.0.0.0:44382], old=null RUNNING
2019-09-26 09:48:52,508 INFO  ratis.RaftTestUtil (RaftTestUtil.java:waitForLeader(101)) - printing ALL groups
  s0:  RUNNING  FOLLOWER s0@group-5BD3E7F27A57:t2, leader=s2, voted=s0, raftlog=s0@group-5BD3E7F27A57-SegmentedRaftLog:OPENED:c-1,f1,i1, conf=1: [s0:0.0.0.0:41468, s1:0.0.0.0:41619, s2:0.0.0.0:44382], old=null RUNNING
  s1:  RUNNING  FOLLOWER s1@group-5BD3E7F27A57:t2, leader=s2, voted=s2, raftlog=s1@group-5BD3E7F27A57-SegmentedRaftLog:OPENED:c0,f1,i1, conf=1: [s0:0.0.0.0:41468, s1:0.0.0.0:41619, s2:0.0.0.0:44382], old=null RUNNING
  s2:  RUNNING    LEADER s2@group-5BD3E7F27A57:t2, leader=s2, voted=s2, raftlog=s2@group-5BD3E7F27A57-SegmentedRaftLog:OPENED:c1,f2,i2, conf=1: [s0:0.0.0.0:41468, s1:0.0.0.0:41619, s2:0.0.0.0:44382], old=null RUNNING
2019-09-26 09:48:52,508 WARN  ratis.RaftTestUtil (JavaUtils.java:attempt(158)) - FAILED "testChangeLeader-changeLeader", attempt #5/20: java.lang.IllegalStateException: Failed to change leader: newLeader == oldLeader == s2, sleep 100ms and then retry.
java.lang.IllegalStateException: Failed to change leader: newLeader == oldLeader == s2
	at org.apache.ratis.RaftTestUtil.lambda$changeLeader$7(RaftTestUtil.java:365)
	at org.apache.ratis.util.JavaUtils.attempt(JavaUtils.java:152)
	at org.apache.ratis.RaftTestUtil.changeLeader(RaftTestUtil.java:362)
	at org.apache.ratis.server.impl.LeaderElectionTests.testChangeLeader(LeaderElectionTests.java:81)
	at sun.reflect.NativeMethodAccessorImpl.invoke0(Native Method)
	at sun.reflect.NativeMethodAccessorImpl.invoke(NativeMethodAccessorImpl.java:62)
	at sun.reflect.DelegatingMethodAccessorImpl.invoke(DelegatingMethodAccessorImpl.java:43)
	at java.lang.reflect.Method.invoke(Method.java:498)
	at org.junit.runners.model.FrameworkMethod$1.runReflectiveCall(FrameworkMethod.java:50)
	at org.junit.internal.runners.model.ReflectiveCallable.run(ReflectiveCallable.java:12)
	at org.junit.runners.model.FrameworkMethod.invokeExplosively(FrameworkMethod.java:47)
	at org.junit.internal.runners.statements.InvokeMethod.evaluate(InvokeMethod.java:17)
	at org.junit.internal.runners.statements.RunAfters.evaluate(RunAfters.java:27)
	at org.junit.internal.runners.statements.FailOnTimeout$CallableStatement.call(FailOnTimeout.java:298)
	at org.junit.internal.runners.statements.FailOnTimeout$CallableStatement.call(FailOnTimeout.java:292)
	at java.util.concurrent.FutureTask.run(FutureTask.java:266)
	at java.lang.Thread.run(Thread.java:748)
2019-09-26 09:48:52,609 INFO  server.RaftServerConfigKeys (ConfUtils.java:logGet(43)) - raft.server.rpc.timeout.max = 300ms (default)
2019-09-26 09:48:52,609 INFO  ratis.RaftTestUtil (RaftTestUtil.java:waitForLeader(86)) - printing ALL groups
  s0:  RUNNING  FOLLOWER s0@group-5BD3E7F27A57:t2, leader=s2, voted=s0, raftlog=s0@group-5BD3E7F27A57-SegmentedRaftLog:OPENED:c-1,f1,i1, conf=1: [s0:0.0.0.0:41468, s1:0.0.0.0:41619, s2:0.0.0.0:44382], old=null RUNNING
  s1:  RUNNING  FOLLOWER s1@group-5BD3E7F27A57:t2, leader=s2, voted=s2, raftlog=s1@group-5BD3E7F27A57-SegmentedRaftLog:OPENED:c0,f1,i1, conf=1: [s0:0.0.0.0:41468, s1:0.0.0.0:41619, s2:0.0.0.0:44382], old=null RUNNING
  s2:  RUNNING    LEADER s2@group-5BD3E7F27A57:t2, leader=s2, voted=s2, raftlog=s2@group-5BD3E7F27A57-SegmentedRaftLog:OPENED:c1,f2,i2, conf=1: [s0:0.0.0.0:41468, s1:0.0.0.0:41619, s2:0.0.0.0:44382], old=null RUNNING
2019-09-26 09:48:52,610 INFO  ratis.RaftTestUtil (RaftTestUtil.java:waitForLeader(101)) - printing ALL groups
  s0:  RUNNING  FOLLOWER s0@group-5BD3E7F27A57:t2, leader=s2, voted=s0, raftlog=s0@group-5BD3E7F27A57-SegmentedRaftLog:OPENED:c-1,f1,i1, conf=1: [s0:0.0.0.0:41468, s1:0.0.0.0:41619, s2:0.0.0.0:44382], old=null RUNNING
  s1:  RUNNING  FOLLOWER s1@group-5BD3E7F27A57:t2, leader=s2, voted=s2, raftlog=s1@group-5BD3E7F27A57-SegmentedRaftLog:OPENED:c0,f1,i1, conf=1: [s0:0.0.0.0:41468, s1:0.0.0.0:41619, s2:0.0.0.0:44382], old=null RUNNING
  s2:  RUNNING    LEADER s2@group-5BD3E7F27A57:t2, leader=s2, voted=s2, raftlog=s2@group-5BD3E7F27A57-SegmentedRaftLog:OPENED:c1,f2,i2, conf=1: [s0:0.0.0.0:41468, s1:0.0.0.0:41619, s2:0.0.0.0:44382], old=null RUNNING
2019-09-26 09:48:52,610 WARN  ratis.RaftTestUtil (JavaUtils.java:attempt(158)) - FAILED "testChangeLeader-changeLeader", attempt #6/20: java.lang.IllegalStateException: Failed to change leader: newLeader == oldLeader == s2, sleep 100ms and then retry.
java.lang.IllegalStateException: Failed to change leader: newLeader == oldLeader == s2
	at org.apache.ratis.RaftTestUtil.lambda$changeLeader$7(RaftTestUtil.java:365)
	at org.apache.ratis.util.JavaUtils.attempt(JavaUtils.java:152)
	at org.apache.ratis.RaftTestUtil.changeLeader(RaftTestUtil.java:362)
	at org.apache.ratis.server.impl.LeaderElectionTests.testChangeLeader(LeaderElectionTests.java:81)
	at sun.reflect.NativeMethodAccessorImpl.invoke0(Native Method)
	at sun.reflect.NativeMethodAccessorImpl.invoke(NativeMethodAccessorImpl.java:62)
	at sun.reflect.DelegatingMethodAccessorImpl.invoke(DelegatingMethodAccessorImpl.java:43)
	at java.lang.reflect.Method.invoke(Method.java:498)
	at org.junit.runners.model.FrameworkMethod$1.runReflectiveCall(FrameworkMethod.java:50)
	at org.junit.internal.runners.model.ReflectiveCallable.run(ReflectiveCallable.java:12)
	at org.junit.runners.model.FrameworkMethod.invokeExplosively(FrameworkMethod.java:47)
	at org.junit.internal.runners.statements.InvokeMethod.evaluate(InvokeMethod.java:17)
	at org.junit.internal.runners.statements.RunAfters.evaluate(RunAfters.java:27)
	at org.junit.internal.runners.statements.FailOnTimeout$CallableStatement.call(FailOnTimeout.java:298)
	at org.junit.internal.runners.statements.FailOnTimeout$CallableStatement.call(FailOnTimeout.java:292)
	at java.util.concurrent.FutureTask.run(FutureTask.java:266)
	at java.lang.Thread.run(Thread.java:748)
2019-09-26 09:48:52,624 INFO  impl.FollowerState (FollowerState.java:run(108)) - s1@group-5BD3E7F27A57-FollowerState: change to CANDIDATE, lastRpcTime:317ms, electionTimeout:274ms
2019-09-26 09:48:52,625 INFO  impl.RoleInfo (RoleInfo.java:shutdownFollowerState(121)) - s1: shutdown FollowerState
2019-09-26 09:48:52,625 INFO  impl.RaftServerImpl (RaftServerImpl.java:setRole(170)) - s1@group-5BD3E7F27A57: changes role from  FOLLOWER to CANDIDATE at term 2 for changeToCandidate
2019-09-26 09:48:52,625 INFO  impl.RoleInfo (RoleInfo.java:updateAndGet(143)) - s1: start LeaderElection
2019-09-26 09:48:52,626 INFO  impl.RaftServerImpl (ServerState.java:setLeader(254)) - s1@group-5BD3E7F27A57: change Leader from s2 to null at term 2 for initElection
2019-09-26 09:48:52,639 INFO  impl.LeaderElection (LeaderElection.java:askForVotes(178)) - s1@group-5BD3E7F27A57-LeaderElection35: begin an election at term 3 for 1: [s0:0.0.0.0:41468, s1:0.0.0.0:41619, s2:0.0.0.0:44382], old=null
2019-09-26 09:48:52,640 DEBUG impl.RaftServerImpl (RaftServerImpl.java:requestVote(743)) - s0@group-5BD3E7F27A57: receive requestVote(s1, group-5BD3E7F27A57, 3, (t:2, i:1))
2019-09-26 09:48:52,640 DEBUG impl.RaftServerImpl (RaftServerImpl.java:requestVote(743)) - s2@group-5BD3E7F27A57: receive requestVote(s1, group-5BD3E7F27A57, 3, (t:2, i:1))
2019-09-26 09:48:52,640 INFO  impl.RaftServerImpl (ServerState.java:setLeader(254)) - s0@group-5BD3E7F27A57: change Leader from s2 to null at term 3 for updateCurrentTerm
2019-09-26 09:48:52,640 INFO  impl.RaftServerImpl (ServerState.java:setLeader(254)) - s2@group-5BD3E7F27A57: change Leader from s2 to null at term 3 for updateCurrentTerm
2019-09-26 09:48:52,640 INFO  impl.RaftServerImpl (RaftServerImpl.java:setRole(170)) - s0@group-5BD3E7F27A57: changes role from  FOLLOWER to FOLLOWER at term 3 for recognizeCandidate:s1
2019-09-26 09:48:52,640 INFO  impl.RaftServerImpl (RaftServerImpl.java:setRole(170)) - s2@group-5BD3E7F27A57: changes role from    LEADER to FOLLOWER at term 3 for recognizeCandidate:s1
2019-09-26 09:48:52,640 INFO  impl.RoleInfo (RoleInfo.java:shutdownFollowerState(121)) - s0: shutdown FollowerState
2019-09-26 09:48:52,641 INFO  impl.RoleInfo (RoleInfo.java:shutdownLeaderState(104)) - s2: shutdown LeaderState
2019-09-26 09:48:52,641 INFO  impl.RoleInfo (RoleInfo.java:updateAndGet(143)) - s0: start FollowerState
2019-09-26 09:48:52,641 INFO  impl.FollowerState (FollowerState.java:run(117)) - s0@group-5BD3E7F27A57-FollowerState was interrupted: java.lang.InterruptedException: sleep interrupted
2019-09-26 09:48:52,642 INFO  impl.PendingRequests (PendingRequests.java:sendNotLeaderResponses(202)) - s2@group-5BD3E7F27A57-PendingRequests: sendNotLeaderResponses
2019-09-26 09:48:52,642 INFO  impl.LogAppender (LogAppender.java:run(78)) - s2@group-5BD3E7F27A57->s0-LogAppender-AppenderDaemon was interrupted: java.io.InterruptedIOException: 
2019-09-26 09:48:52,642 INFO  impl.LogAppender (LogAppender.java:run(78)) - s2@group-5BD3E7F27A57->s1-LogAppender-AppenderDaemon was interrupted: java.io.InterruptedIOException: 
2019-09-26 09:48:52,643 INFO  impl.RoleInfo (RoleInfo.java:updateAndGet(143)) - s2: start FollowerState
2019-09-26 09:48:52,657 DEBUG impl.RaftServerImpl (RaftServerImpl.java:requestVote(775)) - s0@group-5BD3E7F27A57 replies to vote request: s1<-s0#0:OK-t3. Peer's state: s0@group-5BD3E7F27A57:t3, leader=null, voted=s1, raftlog=s0@group-5BD3E7F27A57-SegmentedRaftLog:OPENED:c-1,f1,i1, conf=1: [s0:0.0.0.0:41468, s1:0.0.0.0:41619, s2:0.0.0.0:44382], old=null
2019-09-26 09:48:52,657 DEBUG impl.RaftServerImpl (RaftServerImpl.java:requestVote(775)) - s2@group-5BD3E7F27A57 replies to vote request: s1<-s2#0:FAIL-t3. Peer's state: s2@group-5BD3E7F27A57:t3, leader=null, voted=null, raftlog=s2@group-5BD3E7F27A57-SegmentedRaftLog:OPENED:c1,f2,i2, conf=1: [s0:0.0.0.0:41468, s1:0.0.0.0:41619, s2:0.0.0.0:44382], old=null
2019-09-26 09:48:52,657 INFO  impl.LeaderElection (LeaderElection.java:logAndReturn(56)) - s1@group-5BD3E7F27A57-LeaderElection35: Election PASSED; received 1 response(s) [s1<-s0#0:OK-t3] and 0 exception(s); s1@group-5BD3E7F27A57:t3, leader=null, voted=s1, raftlog=s1@group-5BD3E7F27A57-SegmentedRaftLog:OPENED:c0,f1,i1, conf=1: [s0:0.0.0.0:41468, s1:0.0.0.0:41619, s2:0.0.0.0:44382], old=null
2019-09-26 09:48:52,657 INFO  impl.RoleInfo (RoleInfo.java:shutdownLeaderElection(134)) - s1: shutdown LeaderElection
2019-09-26 09:48:52,657 INFO  impl.RaftServerImpl (RaftServerImpl.java:setRole(170)) - s1@group-5BD3E7F27A57: changes role from CANDIDATE to LEADER at term 3 for changeToLeader
2019-09-26 09:48:52,658 INFO  impl.RaftServerImpl (ServerState.java:setLeader(254)) - s1@group-5BD3E7F27A57: change Leader from null to s1 at term 3 for becomeLeader, leader elected after 31ms
2019-09-26 09:48:52,658 INFO  server.RaftServerConfigKeys (ConfUtils.java:logGet(43)) - raft.server.staging.catchup.gap = 1000 (default)
2019-09-26 09:48:52,658 INFO  server.RaftServerConfigKeys (ConfUtils.java:logGet(43)) - raft.server.rpc.sleep.time = 25ms (default)
2019-09-26 09:48:52,658 INFO  server.RaftServerConfigKeys (ConfUtils.java:logGet(43)) - raft.server.write.element-limit = 4096 (default)
2019-09-26 09:48:52,658 INFO  server.RaftServerConfigKeys (ConfUtils.java:logGet(43)) - raft.server.watch.timeout = 10s (default)
2019-09-26 09:48:52,658 INFO  server.RaftServerConfigKeys (ConfUtils.java:logGet(43)) - raft.server.watch.timeout.denomination = 1s (default)
2019-09-26 09:48:52,658 INFO  server.RaftServerConfigKeys (ConfUtils.java:logGet(43)) - raft.server.watch.element-limit = 65536 (default)
2019-09-26 09:48:52,659 INFO  server.RaftServerConfigKeys (ConfUtils.java:logGet(43)) - raft.server.log.appender.snapshot.chunk.size.max = 16MB (=16777216) (default)
2019-09-26 09:48:52,659 INFO  server.RaftServerConfigKeys (ConfUtils.java:logGet(43)) - raft.server.log.appender.buffer.byte-limit = 4MB (=4194304) (default)
2019-09-26 09:48:52,659 INFO  server.RaftServerConfigKeys (ConfUtils.java:logGet(43)) - raft.server.log.appender.buffer.element-limit = 0 (default)
2019-09-26 09:48:52,659 INFO  server.RaftServerConfigKeys (ConfUtils.java:logGet(43)) - raft.server.log.appender.snapshot.chunk.size.max = 16MB (=16777216) (default)
2019-09-26 09:48:52,659 INFO  server.RaftServerConfigKeys (ConfUtils.java:logGet(43)) - raft.server.log.appender.buffer.byte-limit = 4MB (=4194304) (default)
2019-09-26 09:48:52,659 INFO  server.RaftServerConfigKeys (ConfUtils.java:logGet(43)) - raft.server.log.appender.buffer.element-limit = 0 (default)
2019-09-26 09:48:52,660 INFO  impl.RoleInfo (RoleInfo.java:updateAndGet(143)) - s1: start LeaderState
2019-09-26 09:48:52,660 INFO  segmented.SegmentedRaftLogWorker (SegmentedRaftLogWorker.java:rollLogSegment(385)) - s1@group-5BD3E7F27A57-SegmentedRaftLogWorker: Rolling segment log-1_1 to index:1
2019-09-26 09:48:52,660 DEBUG segmented.SegmentedRaftLogWorker (SegmentedRaftLogWorker.java:addIOTask(251)) - s1@group-5BD3E7F27A57-SegmentedRaftLogWorker adds IO task FinalizeLogSegment:1: startIndex=1 endIndex=1
2019-09-26 09:48:52,660 DEBUG segmented.SegmentedRaftLogWorker (SegmentedRaftLogWorker.java:addIOTask(251)) - s1@group-5BD3E7F27A57-SegmentedRaftLogWorker adds IO task StartLogSegment:2
2019-09-26 09:48:52,660 DEBUG segmented.SegmentedRaftLogWorker (SegmentedRaftLogWorker.java:addIOTask(251)) - s1@group-5BD3E7F27A57-SegmentedRaftLogWorker adds IO task WriteLog:2: (t:3, i:2), CONFIGURATIONENTRY
2019-09-26 09:48:52,661 INFO  impl.RaftServerImpl (ServerState.java:setRaftConf(355)) - s1@group-5BD3E7F27A57: set configuration 2: [s0:0.0.0.0:41468, s1:0.0.0.0:41619, s2:0.0.0.0:44382], old=null at 2
2019-09-26 09:48:52,661 INFO  impl.RaftServerImpl (ServerState.java:setLeader(254)) - s0@group-5BD3E7F27A57: change Leader from null to s1 at term 3 for appendEntries, leader elected after 21ms
2019-09-26 09:48:52,661 INFO  impl.RaftServerImpl (ServerState.java:setLeader(254)) - s2@group-5BD3E7F27A57: change Leader from null to s1 at term 3 for appendEntries, leader elected after 21ms
2019-09-26 09:48:52,662 DEBUG impl.RaftServerImpl (RaftServerImpl.java:logAppendEntries(850)) - s0@group-5BD3E7F27A57: receive appendEntries(s1, 3, (t:2, i:1), 0, false, commits[s1:c0, s0:c-1, s2:c-1], entries: (t:3, i:2), CONFIGURATIONENTRY
2019-09-26 09:48:52,662 TRACE util.FileUtils (LogUtils.java:runAndLog(61)) - Successfully ran Files.move /workdir/ratis-test/target/test/data/96b32e81/MiniRaftClusterWithSimulatedRpc85eff19e/s1/84e7e082-e8c2-43dc-92a2-5bd3e7f27a57/current/log_inprogress_1 to /workdir/ratis-test/target/test/data/96b32e81/MiniRaftClusterWithSimulatedRpc85eff19e/s1/84e7e082-e8c2-43dc-92a2-5bd3e7f27a57/current/log_1-1
2019-09-26 09:48:52,662 INFO  segmented.SegmentedRaftLogWorker (SegmentedRaftLogWorker.java:execute(526)) - s1@group-5BD3E7F27A57-SegmentedRaftLogWorker: Rolled log segment from /workdir/ratis-test/target/test/data/96b32e81/MiniRaftClusterWithSimulatedRpc85eff19e/s1/84e7e082-e8c2-43dc-92a2-5bd3e7f27a57/current/log_inprogress_1 to /workdir/ratis-test/target/test/data/96b32e81/MiniRaftClusterWithSimulatedRpc85eff19e/s1/84e7e082-e8c2-43dc-92a2-5bd3e7f27a57/current/log_1-1
2019-09-26 09:48:52,662 INFO  impl.RaftServerImpl (ServerState.java:setRaftConf(355)) - s0@group-5BD3E7F27A57: set configuration 2: [s0:0.0.0.0:41468, s1:0.0.0.0:41619, s2:0.0.0.0:44382], old=null at 2
2019-09-26 09:48:52,663 TRACE segmented.SegmentedRaftLogWorker (SegmentedRaftLogWorker.java:lambda$new$1(133)) - s1@group-5BD3E7F27A57-SegmentedRaftLogWorker: flushIndex: updateIncreasingly 1 -> 1
2019-09-26 09:48:52,663 INFO  segmented.SegmentedRaftLogWorker (SegmentedRaftLogWorker.java:rollLogSegment(385)) - s0@group-5BD3E7F27A57-SegmentedRaftLogWorker: Rolling segment log-1_1 to index:1
2019-09-26 09:48:52,663 DEBUG segmented.SegmentedRaftLogWorker (SegmentedRaftLogWorker.java:addIOTask(251)) - s0@group-5BD3E7F27A57-SegmentedRaftLogWorker adds IO task FinalizeLogSegment:1: startIndex=1 endIndex=1
2019-09-26 09:48:52,663 DEBUG segmented.SegmentedRaftLogWorker (SegmentedRaftLogWorker.java:addIOTask(251)) - s0@group-5BD3E7F27A57-SegmentedRaftLogWorker adds IO task StartLogSegment:2
2019-09-26 09:48:52,663 DEBUG segmented.SegmentedRaftLogWorker (SegmentedRaftLogWorker.java:addIOTask(251)) - s0@group-5BD3E7F27A57-SegmentedRaftLogWorker adds IO task WriteLog:2: (t:3, i:2), CONFIGURATIONENTRY
2019-09-26 09:48:52,665 TRACE util.FileUtils (LogUtils.java:runAndLog(61)) - Successfully ran Files.move /workdir/ratis-test/target/test/data/96b32e81/MiniRaftClusterWithSimulatedRpc85eff19e/s0/84e7e082-e8c2-43dc-92a2-5bd3e7f27a57/current/log_inprogress_1 to /workdir/ratis-test/target/test/data/96b32e81/MiniRaftClusterWithSimulatedRpc85eff19e/s0/84e7e082-e8c2-43dc-92a2-5bd3e7f27a57/current/log_1-1
2019-09-26 09:48:52,665 INFO  segmented.SegmentedRaftLogWorker (SegmentedRaftLogWorker.java:execute(526)) - s0@group-5BD3E7F27A57-SegmentedRaftLogWorker: Rolled log segment from /workdir/ratis-test/target/test/data/96b32e81/MiniRaftClusterWithSimulatedRpc85eff19e/s0/84e7e082-e8c2-43dc-92a2-5bd3e7f27a57/current/log_inprogress_1 to /workdir/ratis-test/target/test/data/96b32e81/MiniRaftClusterWithSimulatedRpc85eff19e/s0/84e7e082-e8c2-43dc-92a2-5bd3e7f27a57/current/log_1-1
2019-09-26 09:48:52,665 TRACE segmented.SegmentedRaftLogWorker (SegmentedRaftLogWorker.java:lambda$new$1(133)) - s0@group-5BD3E7F27A57-SegmentedRaftLogWorker: flushIndex: updateIncreasingly 1 -> 1
2019-09-26 09:48:52,711 INFO  server.RaftServerConfigKeys (ConfUtils.java:logGet(43)) - raft.server.rpc.timeout.max = 300ms (default)
2019-09-26 09:48:52,711 INFO  ratis.RaftTestUtil (RaftTestUtil.java:waitForLeader(86)) - printing ALL groups
  s0:  RUNNING  FOLLOWER s0@group-5BD3E7F27A57:t3, leader=s1, voted=s1, raftlog=s0@group-5BD3E7F27A57-SegmentedRaftLog:OPENED:c-1,f1,i2, conf=2: [s0:0.0.0.0:41468, s1:0.0.0.0:41619, s2:0.0.0.0:44382], old=null RUNNING
  s1:  RUNNING    LEADER s1@group-5BD3E7F27A57:t3, leader=s1, voted=s1, raftlog=s1@group-5BD3E7F27A57-SegmentedRaftLog:OPENED:c0,f1,i2, conf=2: [s0:0.0.0.0:41468, s1:0.0.0.0:41619, s2:0.0.0.0:44382], old=null RUNNING
  s2:  RUNNING  FOLLOWER s2@group-5BD3E7F27A57:t3, leader=s1, voted=null, raftlog=s2@group-5BD3E7F27A57-SegmentedRaftLog:OPENED:c1,f2,i2, conf=1: [s0:0.0.0.0:41468, s1:0.0.0.0:41619, s2:0.0.0.0:44382], old=null RUNNING
2019-09-26 09:48:52,712 INFO  ratis.RaftTestUtil (RaftTestUtil.java:waitForLeader(101)) - printing ALL groups
  s0:  RUNNING  FOLLOWER s0@group-5BD3E7F27A57:t3, leader=s1, voted=s1, raftlog=s0@group-5BD3E7F27A57-SegmentedRaftLog:OPENED:c-1,f1,i2, conf=2: [s0:0.0.0.0:41468, s1:0.0.0.0:41619, s2:0.0.0.0:44382], old=null RUNNING
  s1:  RUNNING    LEADER s1@group-5BD3E7F27A57:t3, leader=s1, voted=s1, raftlog=s1@group-5BD3E7F27A57-SegmentedRaftLog:OPENED:c0,f1,i2, conf=2: [s0:0.0.0.0:41468, s1:0.0.0.0:41619, s2:0.0.0.0:44382], old=null RUNNING
  s2:  RUNNING  FOLLOWER s2@group-5BD3E7F27A57:t3, leader=s1, voted=null, raftlog=s2@group-5BD3E7F27A57-SegmentedRaftLog:OPENED:c1,f2,i2, conf=1: [s0:0.0.0.0:41468, s1:0.0.0.0:41619, s2:0.0.0.0:44382], old=null RUNNING
2019-09-26 09:48:52,712 INFO  ratis.RaftTestUtil (RaftTestUtil.java:lambda$changeLeader$7(367)) - Changed leader from s2 to s1
2019-09-26 09:48:52,712 INFO  server.RaftServerConfigKeys (ConfUtils.java:logGet(43)) - raft.server.rpc.timeout.max = 300ms (default)
2019-09-26 09:48:52,713 INFO  ratis.RaftTestUtil (RaftTestUtil.java:waitForLeader(86)) - printing ALL groups
  s0:  RUNNING  FOLLOWER s0@group-5BD3E7F27A57:t3, leader=s1, voted=s1, raftlog=s0@group-5BD3E7F27A57-SegmentedRaftLog:OPENED:c-1,f1,i2, conf=2: [s0:0.0.0.0:41468, s1:0.0.0.0:41619, s2:0.0.0.0:44382], old=null RUNNING
  s1:  RUNNING    LEADER s1@group-5BD3E7F27A57:t3, leader=s1, voted=s1, raftlog=s1@group-5BD3E7F27A57-SegmentedRaftLog:OPENED:c0,f1,i2, conf=2: [s0:0.0.0.0:41468, s1:0.0.0.0:41619, s2:0.0.0.0:44382], old=null RUNNING
  s2:  RUNNING  FOLLOWER s2@group-5BD3E7F27A57:t3, leader=s1, voted=null, raftlog=s2@group-5BD3E7F27A57-SegmentedRaftLog:OPENED:c1,f2,i2, conf=1: [s0:0.0.0.0:41468, s1:0.0.0.0:41619, s2:0.0.0.0:44382], old=null RUNNING
2019-09-26 09:48:52,713 INFO  ratis.RaftTestUtil (RaftTestUtil.java:waitForLeader(101)) - printing ALL groups
  s0:  RUNNING  FOLLOWER s0@group-5BD3E7F27A57:t3, leader=s1, voted=s1, raftlog=s0@group-5BD3E7F27A57-SegmentedRaftLog:OPENED:c-1,f1,i2, conf=2: [s0:0.0.0.0:41468, s1:0.0.0.0:41619, s2:0.0.0.0:44382], old=null RUNNING
  s1:  RUNNING    LEADER s1@group-5BD3E7F27A57:t3, leader=s1, voted=s1, raftlog=s1@group-5BD3E7F27A57-SegmentedRaftLog:OPENED:c0,f1,i2, conf=2: [s0:0.0.0.0:41468, s1:0.0.0.0:41619, s2:0.0.0.0:44382], old=null RUNNING
  s2:  RUNNING  FOLLOWER s2@group-5BD3E7F27A57:t3, leader=s1, voted=null, raftlog=s2@group-5BD3E7F27A57-SegmentedRaftLog:OPENED:c1,f2,i2, conf=1: [s0:0.0.0.0:41468, s1:0.0.0.0:41619, s2:0.0.0.0:44382], old=null RUNNING
2019-09-26 09:48:52,713 WARN  ratis.RaftTestUtil (JavaUtils.java:attempt(158)) - FAILED "testChangeLeader-changeLeader", attempt #1/20: java.lang.IllegalStateException: Failed to change leader: newLeader == oldLeader == s1, sleep 100ms and then retry.
java.lang.IllegalStateException: Failed to change leader: newLeader == oldLeader == s1
	at org.apache.ratis.RaftTestUtil.lambda$changeLeader$7(RaftTestUtil.java:365)
	at org.apache.ratis.util.JavaUtils.attempt(JavaUtils.java:152)
	at org.apache.ratis.RaftTestUtil.changeLeader(RaftTestUtil.java:362)
	at org.apache.ratis.server.impl.LeaderElectionTests.testChangeLeader(LeaderElectionTests.java:81)
	at sun.reflect.NativeMethodAccessorImpl.invoke0(Native Method)
	at sun.reflect.NativeMethodAccessorImpl.invoke(NativeMethodAccessorImpl.java:62)
	at sun.reflect.DelegatingMethodAccessorImpl.invoke(DelegatingMethodAccessorImpl.java:43)
	at java.lang.reflect.Method.invoke(Method.java:498)
	at org.junit.runners.model.FrameworkMethod$1.runReflectiveCall(FrameworkMethod.java:50)
	at org.junit.internal.runners.model.ReflectiveCallable.run(ReflectiveCallable.java:12)
	at org.junit.runners.model.FrameworkMethod.invokeExplosively(FrameworkMethod.java:47)
	at org.junit.internal.runners.statements.InvokeMethod.evaluate(InvokeMethod.java:17)
	at org.junit.internal.runners.statements.RunAfters.evaluate(RunAfters.java:27)
	at org.junit.internal.runners.statements.FailOnTimeout$CallableStatement.call(FailOnTimeout.java:298)
	at org.junit.internal.runners.statements.FailOnTimeout$CallableStatement.call(FailOnTimeout.java:292)
	at java.util.concurrent.FutureTask.run(FutureTask.java:266)
	at java.lang.Thread.run(Thread.java:748)
2019-09-26 09:48:52,808 INFO  segmented.SegmentedRaftLogWorker (SegmentedRaftLogWorker.java:execute(569)) - s0@group-5BD3E7F27A57-SegmentedRaftLogWorker: created new log segment /workdir/ratis-test/target/test/data/96b32e81/MiniRaftClusterWithSimulatedRpc85eff19e/s0/84e7e082-e8c2-43dc-92a2-5bd3e7f27a57/current/log_inprogress_2
2019-09-26 09:48:52,808 INFO  segmented.SegmentedRaftLogWorker (SegmentedRaftLogWorker.java:execute(569)) - s1@group-5BD3E7F27A57-SegmentedRaftLogWorker: created new log segment /workdir/ratis-test/target/test/data/96b32e81/MiniRaftClusterWithSimulatedRpc85eff19e/s1/84e7e082-e8c2-43dc-92a2-5bd3e7f27a57/current/log_inprogress_2
2019-09-26 09:48:52,809 DEBUG segmented.SegmentedRaftLogWorker (SegmentedRaftLogWorker.java:flushWrites(340)) - s0@group-5BD3E7F27A57-SegmentedRaftLogWorker: flush SegmentedRaftLogOutputStream(/workdir/ratis-test/target/test/data/96b32e81/MiniRaftClusterWithSimulatedRpc85eff19e/s0/84e7e082-e8c2-43dc-92a2-5bd3e7f27a57/current/log_inprogress_2)
2019-09-26 09:48:52,809 DEBUG segmented.SegmentedRaftLogWorker (SegmentedRaftLogWorker.java:flushWrites(340)) - s1@group-5BD3E7F27A57-SegmentedRaftLogWorker: flush SegmentedRaftLogOutputStream(/workdir/ratis-test/target/test/data/96b32e81/MiniRaftClusterWithSimulatedRpc85eff19e/s1/84e7e082-e8c2-43dc-92a2-5bd3e7f27a57/current/log_inprogress_2)
2019-09-26 09:48:52,814 INFO  server.RaftServerConfigKeys (ConfUtils.java:logGet(43)) - raft.server.rpc.timeout.max = 300ms (default)
2019-09-26 09:48:52,814 INFO  ratis.RaftTestUtil (RaftTestUtil.java:waitForLeader(86)) - printing ALL groups
  s0:  RUNNING  FOLLOWER s0@group-5BD3E7F27A57:t3, leader=s1, voted=s1, raftlog=s0@group-5BD3E7F27A57-SegmentedRaftLog:OPENED:c-1,f1,i2, conf=2: [s0:0.0.0.0:41468, s1:0.0.0.0:41619, s2:0.0.0.0:44382], old=null RUNNING
  s1:  RUNNING    LEADER s1@group-5BD3E7F27A57:t3, leader=s1, voted=s1, raftlog=s1@group-5BD3E7F27A57-SegmentedRaftLog:OPENED:c0,f1,i2, conf=2: [s0:0.0.0.0:41468, s1:0.0.0.0:41619, s2:0.0.0.0:44382], old=null RUNNING
  s2:  RUNNING  FOLLOWER s2@group-5BD3E7F27A57:t3, leader=s1, voted=null, raftlog=s2@group-5BD3E7F27A57-SegmentedRaftLog:OPENED:c1,f2,i2, conf=1: [s0:0.0.0.0:41468, s1:0.0.0.0:41619, s2:0.0.0.0:44382], old=null RUNNING
2019-09-26 09:48:52,815 INFO  ratis.RaftTestUtil (RaftTestUtil.java:waitForLeader(101)) - printing ALL groups
  s0:  RUNNING  FOLLOWER s0@group-5BD3E7F27A57:t3, leader=s1, voted=s1, raftlog=s0@group-5BD3E7F27A57-SegmentedRaftLog:OPENED:c-1,f1,i2, conf=2: [s0:0.0.0.0:41468, s1:0.0.0.0:41619, s2:0.0.0.0:44382], old=null RUNNING
  s1:  RUNNING    LEADER s1@group-5BD3E7F27A57:t3, leader=s1, voted=s1, raftlog=s1@group-5BD3E7F27A57-SegmentedRaftLog:OPENED:c0,f1,i2, conf=2: [s0:0.0.0.0:41468, s1:0.0.0.0:41619, s2:0.0.0.0:44382], old=null RUNNING
  s2:  RUNNING  FOLLOWER s2@group-5BD3E7F27A57:t3, leader=s1, voted=null, raftlog=s2@group-5BD3E7F27A57-SegmentedRaftLog:OPENED:c1,f2,i2, conf=1: [s0:0.0.0.0:41468, s1:0.0.0.0:41619, s2:0.0.0.0:44382], old=null RUNNING
2019-09-26 09:48:52,815 WARN  ratis.RaftTestUtil (JavaUtils.java:attempt(158)) - FAILED "testChangeLeader-changeLeader", attempt #2/20: java.lang.IllegalStateException: Failed to change leader: newLeader == oldLeader == s1, sleep 100ms and then retry.
java.lang.IllegalStateException: Failed to change leader: newLeader == oldLeader == s1
	at org.apache.ratis.RaftTestUtil.lambda$changeLeader$7(RaftTestUtil.java:365)
	at org.apache.ratis.util.JavaUtils.attempt(JavaUtils.java:152)
	at org.apache.ratis.RaftTestUtil.changeLeader(RaftTestUtil.java:362)
	at org.apache.ratis.server.impl.LeaderElectionTests.testChangeLeader(LeaderElectionTests.java:81)
	at sun.reflect.NativeMethodAccessorImpl.invoke0(Native Method)
	at sun.reflect.NativeMethodAccessorImpl.invoke(NativeMethodAccessorImpl.java:62)
	at sun.reflect.DelegatingMethodAccessorImpl.invoke(DelegatingMethodAccessorImpl.java:43)
	at java.lang.reflect.Method.invoke(Method.java:498)
	at org.junit.runners.model.FrameworkMethod$1.runReflectiveCall(FrameworkMethod.java:50)
	at org.junit.internal.runners.model.ReflectiveCallable.run(ReflectiveCallable.java:12)
	at org.junit.runners.model.FrameworkMethod.invokeExplosively(FrameworkMethod.java:47)
	at org.junit.internal.runners.statements.InvokeMethod.evaluate(InvokeMethod.java:17)
	at org.junit.internal.runners.statements.RunAfters.evaluate(RunAfters.java:27)
	at org.junit.internal.runners.statements.FailOnTimeout$CallableStatement.call(FailOnTimeout.java:298)
	at org.junit.internal.runners.statements.FailOnTimeout$CallableStatement.call(FailOnTimeout.java:292)
	at java.util.concurrent.FutureTask.run(FutureTask.java:266)
	at java.lang.Thread.run(Thread.java:748)
2019-09-26 09:48:52,820 TRACE segmented.SegmentedRaftLogWorker (SegmentedRaftLogWorker.java:lambda$new$1(133)) - s0@group-5BD3E7F27A57-SegmentedRaftLogWorker: flushIndex: updateIncreasingly 1 -> 2
2019-09-26 09:48:52,820 TRACE segmented.SegmentedRaftLogWorker (SegmentedRaftLogWorker.java:lambda$new$1(133)) - s1@group-5BD3E7F27A57-SegmentedRaftLogWorker: flushIndex: updateIncreasingly 1 -> 2
2019-09-26 09:48:52,821 DEBUG impl.RaftServerImpl (RaftServerImpl.java:logAppendEntries(850)) - s0@group-5BD3E7F27A57: succeeded to handle AppendEntries. Reply: s1<-s0#0:OK,SUCCESS,nextIndex:3,term:3,followerCommit:-1
2019-09-26 09:48:52,821 DEBUG segmented.SegmentedRaftLogWorker (SegmentedRaftLogWorker.java:addIOTask(251)) - s1@group-5BD3E7F27A57-SegmentedRaftLogWorker adds IO task WriteLog:3: (t:3, i:3), METADATAENTRY(c2)
2019-09-26 09:48:52,822 DEBUG segmented.SegmentedRaftLogWorker (SegmentedRaftLogWorker.java:flushWrites(340)) - s1@group-5BD3E7F27A57-SegmentedRaftLogWorker: flush SegmentedRaftLogOutputStream(/workdir/ratis-test/target/test/data/96b32e81/MiniRaftClusterWithSimulatedRpc85eff19e/s1/84e7e082-e8c2-43dc-92a2-5bd3e7f27a57/current/log_inprogress_2)
2019-09-26 09:48:52,833 TRACE segmented.SegmentedRaftLogWorker (SegmentedRaftLogWorker.java:lambda$new$1(133)) - s1@group-5BD3E7F27A57-SegmentedRaftLogWorker: flushIndex: updateIncreasingly 2 -> 3
2019-09-26 09:48:52,908 DEBUG impl.RaftServerImpl (RaftServerImpl.java:logAppendEntries(850)) - s0@group-5BD3E7F27A57: receive appendEntries(s2, 2, (t:2, i:1), 1, false, commits[s2:c1, s0:c-1, s1:c0], entries: (t:2, i:2), METADATAENTRY(c1)
2019-09-26 09:48:52,908 DEBUG impl.RaftServerImpl (RaftServerImpl.java:logAppendEntries(850)) - s1@group-5BD3E7F27A57: receive appendEntries(s2, 2, (t:2, i:1), 1, false, commits[s2:c1, s0:c-1, s1:c0], entries: (t:2, i:2), METADATAENTRY(c1)
2019-09-26 09:48:52,909 DEBUG impl.RaftServerImpl (RaftServerImpl.java:appendEntriesAsync(906)) - s0@group-5BD3E7F27A57: Not recognize s2 (term=2) as leader, state: s0@group-5BD3E7F27A57:t3, leader=s1, voted=s1, raftlog=s0@group-5BD3E7F27A57-SegmentedRaftLog:OPENED:c-1,f2,i2, conf=2: [s0:0.0.0.0:41468, s1:0.0.0.0:41619, s2:0.0.0.0:44382], old=null reply: s2<-s0#0:FAIL,NOT_LEADER,nextIndex:3,term:3,followerCommit:-1
2019-09-26 09:48:52,909 DEBUG impl.RaftServerImpl (RaftServerImpl.java:appendEntriesAsync(906)) - s1@group-5BD3E7F27A57: Not recognize s2 (term=2) as leader, state: s1@group-5BD3E7F27A57:t3, leader=s1, voted=s1, raftlog=s1@group-5BD3E7F27A57-SegmentedRaftLog:OPENED:c2,f3,i3, conf=2: [s0:0.0.0.0:41468, s1:0.0.0.0:41619, s2:0.0.0.0:44382], old=null reply: s2<-s1#0:FAIL,NOT_LEADER,nextIndex:4,term:3,followerCommit:2
2019-09-26 09:48:52,916 INFO  server.RaftServerConfigKeys (ConfUtils.java:logGet(43)) - raft.server.rpc.timeout.max = 300ms (default)
2019-09-26 09:48:52,916 INFO  ratis.RaftTestUtil (RaftTestUtil.java:waitForLeader(86)) - printing ALL groups
  s0:  RUNNING  FOLLOWER s0@group-5BD3E7F27A57:t3, leader=s1, voted=s1, raftlog=s0@group-5BD3E7F27A57-SegmentedRaftLog:OPENED:c-1,f2,i2, conf=2: [s0:0.0.0.0:41468, s1:0.0.0.0:41619, s2:0.0.0.0:44382], old=null RUNNING
  s1:  RUNNING    LEADER s1@group-5BD3E7F27A57:t3, leader=s1, voted=s1, raftlog=s1@group-5BD3E7F27A57-SegmentedRaftLog:OPENED:c2,f3,i3, conf=2: [s0:0.0.0.0:41468, s1:0.0.0.0:41619, s2:0.0.0.0:44382], old=null RUNNING
  s2:  RUNNING  FOLLOWER s2@group-5BD3E7F27A57:t3, leader=s1, voted=null, raftlog=s2@group-5BD3E7F27A57-SegmentedRaftLog:OPENED:c1,f2,i2, conf=1: [s0:0.0.0.0:41468, s1:0.0.0.0:41619, s2:0.0.0.0:44382], old=null RUNNING
2019-09-26 09:48:52,917 INFO  ratis.RaftTestUtil (RaftTestUtil.java:waitForLeader(101)) - printing ALL groups
  s0:  RUNNING  FOLLOWER s0@group-5BD3E7F27A57:t3, leader=s1, voted=s1, raftlog=s0@group-5BD3E7F27A57-SegmentedRaftLog:OPENED:c-1,f2,i2, conf=2: [s0:0.0.0.0:41468, s1:0.0.0.0:41619, s2:0.0.0.0:44382], old=null RUNNING
  s1:  RUNNING    LEADER s1@group-5BD3E7F27A57:t3, leader=s1, voted=s1, raftlog=s1@group-5BD3E7F27A57-SegmentedRaftLog:OPENED:c2,f3,i3, conf=2: [s0:0.0.0.0:41468, s1:0.0.0.0:41619, s2:0.0.0.0:44382], old=null RUNNING
  s2:  RUNNING  FOLLOWER s2@group-5BD3E7F27A57:t3, leader=s1, voted=null, raftlog=s2@group-5BD3E7F27A57-SegmentedRaftLog:OPENED:c1,f2,i2, conf=1: [s0:0.0.0.0:41468, s1:0.0.0.0:41619, s2:0.0.0.0:44382], old=null RUNNING
2019-09-26 09:48:52,917 WARN  ratis.RaftTestUtil (JavaUtils.java:attempt(158)) - FAILED "testChangeLeader-changeLeader", attempt #3/20: java.lang.IllegalStateException: Failed to change leader: newLeader == oldLeader == s1, sleep 100ms and then retry.
java.lang.IllegalStateException: Failed to change leader: newLeader == oldLeader == s1
	at org.apache.ratis.RaftTestUtil.lambda$changeLeader$7(RaftTestUtil.java:365)
	at org.apache.ratis.util.JavaUtils.attempt(JavaUtils.java:152)
	at org.apache.ratis.RaftTestUtil.changeLeader(RaftTestUtil.java:362)
	at org.apache.ratis.server.impl.LeaderElectionTests.testChangeLeader(LeaderElectionTests.java:81)
	at sun.reflect.NativeMethodAccessorImpl.invoke0(Native Method)
	at sun.reflect.NativeMethodAccessorImpl.invoke(NativeMethodAccessorImpl.java:62)
	at sun.reflect.DelegatingMethodAccessorImpl.invoke(DelegatingMethodAccessorImpl.java:43)
	at java.lang.reflect.Method.invoke(Method.java:498)
	at org.junit.runners.model.FrameworkMethod$1.runReflectiveCall(FrameworkMethod.java:50)
	at org.junit.internal.runners.model.ReflectiveCallable.run(ReflectiveCallable.java:12)
	at org.junit.runners.model.FrameworkMethod.invokeExplosively(FrameworkMethod.java:47)
	at org.junit.internal.runners.statements.InvokeMethod.evaluate(InvokeMethod.java:17)
	at org.junit.internal.runners.statements.RunAfters.evaluate(RunAfters.java:27)
	at org.junit.internal.runners.statements.FailOnTimeout$CallableStatement.call(FailOnTimeout.java:298)
	at org.junit.internal.runners.statements.FailOnTimeout$CallableStatement.call(FailOnTimeout.java:292)
	at java.util.concurrent.FutureTask.run(FutureTask.java:266)
	at java.lang.Thread.run(Thread.java:748)
2019-09-26 09:48:53,017 INFO  server.RaftServerConfigKeys (ConfUtils.java:logGet(43)) - raft.server.rpc.timeout.max = 300ms (default)
2019-09-26 09:48:53,018 INFO  ratis.RaftTestUtil (RaftTestUtil.java:waitForLeader(86)) - printing ALL groups
  s0:  RUNNING  FOLLOWER s0@group-5BD3E7F27A57:t3, leader=s1, voted=s1, raftlog=s0@group-5BD3E7F27A57-SegmentedRaftLog:OPENED:c-1,f2,i2, conf=2: [s0:0.0.0.0:41468, s1:0.0.0.0:41619, s2:0.0.0.0:44382], old=null RUNNING
  s1:  RUNNING    LEADER s1@group-5BD3E7F27A57:t3, leader=s1, voted=s1, raftlog=s1@group-5BD3E7F27A57-SegmentedRaftLog:OPENED:c2,f3,i3, conf=2: [s0:0.0.0.0:41468, s1:0.0.0.0:41619, s2:0.0.0.0:44382], old=null RUNNING
  s2:  RUNNING  FOLLOWER s2@group-5BD3E7F27A57:t3, leader=s1, voted=null, raftlog=s2@group-5BD3E7F27A57-SegmentedRaftLog:OPENED:c1,f2,i2, conf=1: [s0:0.0.0.0:41468, s1:0.0.0.0:41619, s2:0.0.0.0:44382], old=null RUNNING
2019-09-26 09:48:53,018 INFO  ratis.RaftTestUtil (RaftTestUtil.java:waitForLeader(101)) - printing ALL groups
  s0:  RUNNING  FOLLOWER s0@group-5BD3E7F27A57:t3, leader=s1, voted=s1, raftlog=s0@group-5BD3E7F27A57-SegmentedRaftLog:OPENED:c-1,f2,i2, conf=2: [s0:0.0.0.0:41468, s1:0.0.0.0:41619, s2:0.0.0.0:44382], old=null RUNNING
  s1:  RUNNING    LEADER s1@group-5BD3E7F27A57:t3, leader=s1, voted=s1, raftlog=s1@group-5BD3E7F27A57-SegmentedRaftLog:OPENED:c2,f3,i3, conf=2: [s0:0.0.0.0:41468, s1:0.0.0.0:41619, s2:0.0.0.0:44382], old=null RUNNING
  s2:  RUNNING  FOLLOWER s2@group-5BD3E7F27A57:t3, leader=s1, voted=null, raftlog=s2@group-5BD3E7F27A57-SegmentedRaftLog:OPENED:c1,f2,i2, conf=1: [s0:0.0.0.0:41468, s1:0.0.0.0:41619, s2:0.0.0.0:44382], old=null RUNNING
2019-09-26 09:48:53,019 WARN  ratis.RaftTestUtil (JavaUtils.java:attempt(158)) - FAILED "testChangeLeader-changeLeader", attempt #4/20: java.lang.IllegalStateException: Failed to change leader: newLeader == oldLeader == s1, sleep 100ms and then retry.
java.lang.IllegalStateException: Failed to change leader: newLeader == oldLeader == s1
	at org.apache.ratis.RaftTestUtil.lambda$changeLeader$7(RaftTestUtil.java:365)
	at org.apache.ratis.util.JavaUtils.attempt(JavaUtils.java:152)
	at org.apache.ratis.RaftTestUtil.changeLeader(RaftTestUtil.java:362)
	at org.apache.ratis.server.impl.LeaderElectionTests.testChangeLeader(LeaderElectionTests.java:81)
	at sun.reflect.NativeMethodAccessorImpl.invoke0(Native Method)
	at sun.reflect.NativeMethodAccessorImpl.invoke(NativeMethodAccessorImpl.java:62)
	at sun.reflect.DelegatingMethodAccessorImpl.invoke(DelegatingMethodAccessorImpl.java:43)
	at java.lang.reflect.Method.invoke(Method.java:498)
	at org.junit.runners.model.FrameworkMethod$1.runReflectiveCall(FrameworkMethod.java:50)
	at org.junit.internal.runners.model.ReflectiveCallable.run(ReflectiveCallable.java:12)
	at org.junit.runners.model.FrameworkMethod.invokeExplosively(FrameworkMethod.java:47)
	at org.junit.internal.runners.statements.InvokeMethod.evaluate(InvokeMethod.java:17)
	at org.junit.internal.runners.statements.RunAfters.evaluate(RunAfters.java:27)
	at org.junit.internal.runners.statements.FailOnTimeout$CallableStatement.call(FailOnTimeout.java:298)
	at org.junit.internal.runners.statements.FailOnTimeout$CallableStatement.call(FailOnTimeout.java:292)
	at java.util.concurrent.FutureTask.run(FutureTask.java:266)
	at java.lang.Thread.run(Thread.java:748)
2019-09-26 09:48:53,080 INFO  impl.FollowerState (FollowerState.java:run(108)) - s0@group-5BD3E7F27A57-FollowerState: change to CANDIDATE, lastRpcTime:259ms, electionTimeout:217ms
2019-09-26 09:48:53,081 INFO  impl.RoleInfo (RoleInfo.java:shutdownFollowerState(121)) - s0: shutdown FollowerState
2019-09-26 09:48:53,081 INFO  impl.RaftServerImpl (RaftServerImpl.java:setRole(170)) - s0@group-5BD3E7F27A57: changes role from  FOLLOWER to CANDIDATE at term 3 for changeToCandidate
2019-09-26 09:48:53,081 INFO  impl.RoleInfo (RoleInfo.java:updateAndGet(143)) - s0: start LeaderElection
2019-09-26 09:48:53,082 INFO  impl.RaftServerImpl (ServerState.java:setLeader(254)) - s0@group-5BD3E7F27A57: change Leader from s1 to null at term 3 for initElection
2019-09-26 09:48:53,094 INFO  impl.LeaderElection (LeaderElection.java:askForVotes(178)) - s0@group-5BD3E7F27A57-LeaderElection36: begin an election at term 4 for 2: [s0:0.0.0.0:41468, s1:0.0.0.0:41619, s2:0.0.0.0:44382], old=null
2019-09-26 09:48:53,095 DEBUG impl.RaftServerImpl (RaftServerImpl.java:requestVote(743)) - s1@group-5BD3E7F27A57: receive requestVote(s0, group-5BD3E7F27A57, 4, (t:3, i:2))
2019-09-26 09:48:53,095 DEBUG impl.RaftServerImpl (RaftServerImpl.java:requestVote(743)) - s2@group-5BD3E7F27A57: receive requestVote(s0, group-5BD3E7F27A57, 4, (t:3, i:2))
2019-09-26 09:48:53,095 INFO  impl.RaftServerImpl (ServerState.java:setLeader(254)) - s1@group-5BD3E7F27A57: change Leader from s1 to null at term 4 for updateCurrentTerm
2019-09-26 09:48:53,095 INFO  impl.RaftServerImpl (ServerState.java:setLeader(254)) - s2@group-5BD3E7F27A57: change Leader from s1 to null at term 4 for updateCurrentTerm
2019-09-26 09:48:53,096 INFO  impl.RaftServerImpl (RaftServerImpl.java:setRole(170)) - s1@group-5BD3E7F27A57: changes role from    LEADER to FOLLOWER at term 4 for recognizeCandidate:s0
2019-09-26 09:48:53,096 INFO  impl.RaftServerImpl (RaftServerImpl.java:setRole(170)) - s2@group-5BD3E7F27A57: changes role from  FOLLOWER to FOLLOWER at term 4 for recognizeCandidate:s0
2019-09-26 09:48:53,096 INFO  impl.RoleInfo (RoleInfo.java:shutdownLeaderState(104)) - s1: shutdown LeaderState
2019-09-26 09:48:53,096 INFO  impl.RoleInfo (RoleInfo.java:shutdownFollowerState(121)) - s2: shutdown FollowerState
2019-09-26 09:48:53,097 INFO  impl.PendingRequests (PendingRequests.java:sendNotLeaderResponses(202)) - s1@group-5BD3E7F27A57-PendingRequests: sendNotLeaderResponses
2019-09-26 09:48:53,097 INFO  impl.LogAppender (LogAppender.java:run(78)) - s1@group-5BD3E7F27A57->s2-LogAppender-AppenderDaemon was interrupted: java.io.InterruptedIOException: 
2019-09-26 09:48:53,097 INFO  impl.RoleInfo (RoleInfo.java:updateAndGet(143)) - s2: start FollowerState
2019-09-26 09:48:53,097 INFO  impl.LogAppender (LogAppender.java:run(78)) - s1@group-5BD3E7F27A57->s0-LogAppender-AppenderDaemon was interrupted: java.io.InterruptedIOException: 
2019-09-26 09:48:53,097 INFO  impl.FollowerState (FollowerState.java:run(117)) - s2@group-5BD3E7F27A57-FollowerState was interrupted: java.lang.InterruptedException: sleep interrupted
2019-09-26 09:48:53,098 INFO  impl.RoleInfo (RoleInfo.java:updateAndGet(143)) - s1: start FollowerState
2019-09-26 09:48:53,106 DEBUG impl.RaftServerImpl (RaftServerImpl.java:requestVote(775)) - s1@group-5BD3E7F27A57 replies to vote request: s0<-s1#0:FAIL-t4. Peer's state: s1@group-5BD3E7F27A57:t4, leader=null, voted=null, raftlog=s1@group-5BD3E7F27A57-SegmentedRaftLog:OPENED:c2,f3,i3, conf=2: [s0:0.0.0.0:41468, s1:0.0.0.0:41619, s2:0.0.0.0:44382], old=null
2019-09-26 09:48:53,106 DEBUG impl.RaftServerImpl (RaftServerImpl.java:requestVote(775)) - s2@group-5BD3E7F27A57 replies to vote request: s0<-s2#0:OK-t4. Peer's state: s2@group-5BD3E7F27A57:t4, leader=null, voted=s0, raftlog=s2@group-5BD3E7F27A57-SegmentedRaftLog:OPENED:c1,f2,i2, conf=1: [s0:0.0.0.0:41468, s1:0.0.0.0:41619, s2:0.0.0.0:44382], old=null
2019-09-26 09:48:53,107 INFO  impl.LeaderElection (LeaderElection.java:logAndReturn(56)) - s0@group-5BD3E7F27A57-LeaderElection36: Election PASSED; received 2 response(s) [s0<-s1#0:FAIL-t4, s0<-s2#0:OK-t4] and 0 exception(s); s0@group-5BD3E7F27A57:t4, leader=null, voted=s0, raftlog=s0@group-5BD3E7F27A57-SegmentedRaftLog:OPENED:c-1,f2,i2, conf=2: [s0:0.0.0.0:41468, s1:0.0.0.0:41619, s2:0.0.0.0:44382], old=null
2019-09-26 09:48:53,107 INFO  impl.RoleInfo (RoleInfo.java:shutdownLeaderElection(134)) - s0: shutdown LeaderElection
2019-09-26 09:48:53,107 INFO  impl.RaftServerImpl (RaftServerImpl.java:setRole(170)) - s0@group-5BD3E7F27A57: changes role from CANDIDATE to LEADER at term 4 for changeToLeader
2019-09-26 09:48:53,107 INFO  impl.RaftServerImpl (ServerState.java:setLeader(254)) - s0@group-5BD3E7F27A57: change Leader from null to s0 at term 4 for becomeLeader, leader elected after 25ms
2019-09-26 09:48:53,107 INFO  server.RaftServerConfigKeys (ConfUtils.java:logGet(43)) - raft.server.staging.catchup.gap = 1000 (default)
2019-09-26 09:48:53,107 INFO  server.RaftServerConfigKeys (ConfUtils.java:logGet(43)) - raft.server.rpc.sleep.time = 25ms (default)
2019-09-26 09:48:53,107 INFO  server.RaftServerConfigKeys (ConfUtils.java:logGet(43)) - raft.server.write.element-limit = 4096 (default)
2019-09-26 09:48:53,107 INFO  server.RaftServerConfigKeys (ConfUtils.java:logGet(43)) - raft.server.watch.timeout = 10s (default)
2019-09-26 09:48:53,108 INFO  server.RaftServerConfigKeys (ConfUtils.java:logGet(43)) - raft.server.watch.timeout.denomination = 1s (default)
2019-09-26 09:48:53,108 INFO  server.RaftServerConfigKeys (ConfUtils.java:logGet(43)) - raft.server.watch.element-limit = 65536 (default)
2019-09-26 09:48:53,110 INFO  server.RaftServerConfigKeys (ConfUtils.java:logGet(43)) - raft.server.log.appender.snapshot.chunk.size.max = 16MB (=16777216) (default)
2019-09-26 09:48:53,111 INFO  server.RaftServerConfigKeys (ConfUtils.java:logGet(43)) - raft.server.log.appender.buffer.byte-limit = 4MB (=4194304) (default)
2019-09-26 09:48:53,111 INFO  server.RaftServerConfigKeys (ConfUtils.java:logGet(43)) - raft.server.log.appender.buffer.element-limit = 0 (default)
2019-09-26 09:48:53,111 INFO  server.RaftServerConfigKeys (ConfUtils.java:logGet(43)) - raft.server.log.appender.snapshot.chunk.size.max = 16MB (=16777216) (default)
2019-09-26 09:48:53,111 INFO  server.RaftServerConfigKeys (ConfUtils.java:logGet(43)) - raft.server.log.appender.buffer.byte-limit = 4MB (=4194304) (default)
2019-09-26 09:48:53,111 INFO  server.RaftServerConfigKeys (ConfUtils.java:logGet(43)) - raft.server.log.appender.buffer.element-limit = 0 (default)
2019-09-26 09:48:53,112 INFO  impl.RoleInfo (RoleInfo.java:updateAndGet(143)) - s0: start LeaderState
2019-09-26 09:48:53,112 INFO  segmented.SegmentedRaftLogWorker (SegmentedRaftLogWorker.java:rollLogSegment(385)) - s0@group-5BD3E7F27A57-SegmentedRaftLogWorker: Rolling segment log-2_2 to index:2
2019-09-26 09:48:53,112 DEBUG segmented.SegmentedRaftLogWorker (SegmentedRaftLogWorker.java:addIOTask(251)) - s0@group-5BD3E7F27A57-SegmentedRaftLogWorker adds IO task FinalizeLogSegment:2: startIndex=2 endIndex=2
2019-09-26 09:48:53,113 DEBUG segmented.SegmentedRaftLogWorker (SegmentedRaftLogWorker.java:addIOTask(251)) - s0@group-5BD3E7F27A57-SegmentedRaftLogWorker adds IO task StartLogSegment:3
2019-09-26 09:48:53,113 DEBUG segmented.SegmentedRaftLogWorker (SegmentedRaftLogWorker.java:addIOTask(251)) - s0@group-5BD3E7F27A57-SegmentedRaftLogWorker adds IO task WriteLog:3: (t:4, i:3), CONFIGURATIONENTRY
2019-09-26 09:48:53,114 INFO  impl.RaftServerImpl (ServerState.java:setRaftConf(355)) - s0@group-5BD3E7F27A57: set configuration 3: [s0:0.0.0.0:41468, s1:0.0.0.0:41619, s2:0.0.0.0:44382], old=null at 3
2019-09-26 09:48:53,114 INFO  impl.RaftServerImpl (ServerState.java:setLeader(254)) - s1@group-5BD3E7F27A57: change Leader from null to s0 at term 4 for appendEntries, leader elected after 18ms
2019-09-26 09:48:53,114 INFO  impl.RaftServerImpl (ServerState.java:setLeader(254)) - s2@group-5BD3E7F27A57: change Leader from null to s0 at term 4 for appendEntries, leader elected after 18ms
2019-09-26 09:48:53,114 INFO  impl.RaftServerImpl (RaftServerImpl.java:checkInconsistentAppendEntries(999)) - s2@group-5BD3E7F27A57: Failed appendEntries as previous log entry ((t:3, i:2)) is not found
2019-09-26 09:48:53,114 INFO  impl.RaftServerImpl (RaftServerImpl.java:checkInconsistentAppendEntries(972)) - s2@group-5BD3E7F27A57: inconsistency entries. Reply:s0<-s2#0:FAIL,INCONSISTENCY,nextIndex:2,term:4,followerCommit:1
2019-09-26 09:48:53,115 TRACE util.FileUtils (LogUtils.java:runAndLog(61)) - Successfully ran Files.move /workdir/ratis-test/target/test/data/96b32e81/MiniRaftClusterWithSimulatedRpc85eff19e/s0/84e7e082-e8c2-43dc-92a2-5bd3e7f27a57/current/log_inprogress_2 to /workdir/ratis-test/target/test/data/96b32e81/MiniRaftClusterWithSimulatedRpc85eff19e/s0/84e7e082-e8c2-43dc-92a2-5bd3e7f27a57/current/log_2-2
2019-09-26 09:48:53,115 INFO  segmented.SegmentedRaftLogWorker (SegmentedRaftLogWorker.java:execute(526)) - s0@group-5BD3E7F27A57-SegmentedRaftLogWorker: Rolled log segment from /workdir/ratis-test/target/test/data/96b32e81/MiniRaftClusterWithSimulatedRpc85eff19e/s0/84e7e082-e8c2-43dc-92a2-5bd3e7f27a57/current/log_inprogress_2 to /workdir/ratis-test/target/test/data/96b32e81/MiniRaftClusterWithSimulatedRpc85eff19e/s0/84e7e082-e8c2-43dc-92a2-5bd3e7f27a57/current/log_2-2
2019-09-26 09:48:53,116 TRACE segmented.SegmentedRaftLogWorker (SegmentedRaftLogWorker.java:lambda$new$1(133)) - s0@group-5BD3E7F27A57-SegmentedRaftLogWorker: flushIndex: updateIncreasingly 2 -> 2
2019-09-26 09:48:53,117 INFO  impl.FollowerInfo (FollowerInfo.java:lambda$new$0(51)) - s0@group-5BD3E7F27A57->s2: nextIndex: updateUnconditionally 3 -> 2
2019-09-26 09:48:53,118 DEBUG impl.RaftServerImpl (RaftServerImpl.java:logAppendEntries(850)) - s2@group-5BD3E7F27A57: receive appendEntries(s0, 4, (t:2, i:1), -1, false, commits[s0:c-1, s1:c2, s2:c1], entries: [(t:3, i:2), CONFIGURATIONENTRY, (t:4, i:3), CONFIGURATIONENTRY]
2019-09-26 09:48:53,118 INFO  impl.RaftServerImpl (ServerState.java:setRaftConf(355)) - s2@group-5BD3E7F27A57: set configuration 2: [s0:0.0.0.0:41468, s1:0.0.0.0:41619, s2:0.0.0.0:44382], old=null at 2
2019-09-26 09:48:53,118 INFO  impl.RaftServerImpl (ServerState.java:setRaftConf(355)) - s2@group-5BD3E7F27A57: set configuration 3: [s0:0.0.0.0:41468, s1:0.0.0.0:41619, s2:0.0.0.0:44382], old=null at 3
2019-09-26 09:48:53,119 INFO  server.RaftServerConfigKeys (ConfUtils.java:logGet(43)) - raft.server.rpc.timeout.max = 300ms (default)
2019-09-26 09:48:53,122 INFO  segmented.SegmentedRaftLogWorker (SegmentedRaftLogWorker.java:truncate(396)) - s2@group-5BD3E7F27A57-SegmentedRaftLogWorker: Truncating segments toTruncate: (1, 2) isOpen? true, length=82, newEndIndex=1
  toDelete: [], start index 2
2019-09-26 09:48:53,122 DEBUG segmented.SegmentedRaftLogWorker (SegmentedRaftLogWorker.java:addIOTask(251)) - s2@group-5BD3E7F27A57-SegmentedRaftLogWorker adds IO task TruncateLog:1: toTruncate: (1, 2) isOpen? true, length=82, newEndIndex=1
  toDelete: []
2019-09-26 09:48:53,123 INFO  segmented.SegmentedRaftLogWorker (SegmentedRaftLogWorker.java:startLogSegment(380)) - s2@group-5BD3E7F27A57-SegmentedRaftLogWorker: Starting segment from index:2
2019-09-26 09:48:53,123 DEBUG segmented.SegmentedRaftLogWorker (SegmentedRaftLogWorker.java:addIOTask(251)) - s2@group-5BD3E7F27A57-SegmentedRaftLogWorker adds IO task StartLogSegment:2
2019-09-26 09:48:53,123 DEBUG segmented.SegmentedRaftLogWorker (SegmentedRaftLogWorker.java:addIOTask(251)) - s2@group-5BD3E7F27A57-SegmentedRaftLogWorker adds IO task WriteLog:2: (t:3, i:2), CONFIGURATIONENTRY
2019-09-26 09:48:53,123 INFO  segmented.SegmentedRaftLogWorker (SegmentedRaftLogWorker.java:rollLogSegment(385)) - s2@group-5BD3E7F27A57-SegmentedRaftLogWorker: Rolling segment log-2_2 to index:2
2019-09-26 09:48:53,123 DEBUG segmented.SegmentedRaftLogWorker (SegmentedRaftLogWorker.java:addIOTask(251)) - s2@group-5BD3E7F27A57-SegmentedRaftLogWorker adds IO task FinalizeLogSegment:2: startIndex=2 endIndex=2
2019-09-26 09:48:53,124 DEBUG segmented.SegmentedRaftLogWorker (SegmentedRaftLogWorker.java:addIOTask(251)) - s2@group-5BD3E7F27A57-SegmentedRaftLogWorker adds IO task StartLogSegment:3
2019-09-26 09:48:53,124 DEBUG segmented.SegmentedRaftLogWorker (SegmentedRaftLogWorker.java:addIOTask(251)) - s2@group-5BD3E7F27A57-SegmentedRaftLogWorker adds IO task WriteLog:3: (t:4, i:3), CONFIGURATIONENTRY
2019-09-26 09:48:53,124 INFO  ratis.RaftTestUtil (RaftTestUtil.java:waitForLeader(86)) - printing ALL groups
  s0:  RUNNING    LEADER s0@group-5BD3E7F27A57:t4, leader=s0, voted=s0, raftlog=s0@group-5BD3E7F27A57-SegmentedRaftLog:OPENED:c-1,f2,i3, conf=3: [s0:0.0.0.0:41468, s1:0.0.0.0:41619, s2:0.0.0.0:44382], old=null RUNNING
  s1:  RUNNING  FOLLOWER s1@group-5BD3E7F27A57:t4, leader=s0, voted=null, raftlog=s1@group-5BD3E7F27A57-SegmentedRaftLog:OPENED:c2,f3,i3, conf=2: [s0:0.0.0.0:41468, s1:0.0.0.0:41619, s2:0.0.0.0:44382], old=null RUNNING
  s2:  RUNNING  FOLLOWER s2@group-5BD3E7F27A57:t4, leader=s0, voted=s0, raftlog=s2@group-5BD3E7F27A57-SegmentedRaftLog:OPENED:c1,f2,i3, conf=3: [s0:0.0.0.0:41468, s1:0.0.0.0:41619, s2:0.0.0.0:44382], old=null RUNNING
2019-09-26 09:48:53,124 INFO  ratis.RaftTestUtil (RaftTestUtil.java:waitForLeader(101)) - printing ALL groups
  s0:  RUNNING    LEADER s0@group-5BD3E7F27A57:t4, leader=s0, voted=s0, raftlog=s0@group-5BD3E7F27A57-SegmentedRaftLog:OPENED:c-1,f2,i3, conf=3: [s0:0.0.0.0:41468, s1:0.0.0.0:41619, s2:0.0.0.0:44382], old=null RUNNING
  s1:  RUNNING  FOLLOWER s1@group-5BD3E7F27A57:t4, leader=s0, voted=null, raftlog=s1@group-5BD3E7F27A57-SegmentedRaftLog:OPENED:c2,f3,i3, conf=2: [s0:0.0.0.0:41468, s1:0.0.0.0:41619, s2:0.0.0.0:44382], old=null RUNNING
  s2:  RUNNING  FOLLOWER s2@group-5BD3E7F27A57:t4, leader=s0, voted=s0, raftlog=s2@group-5BD3E7F27A57-SegmentedRaftLog:OPENED:c1,f2,i3, conf=3: [s0:0.0.0.0:41468, s1:0.0.0.0:41619, s2:0.0.0.0:44382], old=null RUNNING
2019-09-26 09:48:53,125 INFO  ratis.RaftTestUtil (RaftTestUtil.java:lambda$changeLeader$7(367)) - Changed leader from s1 to s0
2019-09-26 09:48:53,125 INFO  server.RaftServerConfigKeys (ConfUtils.java:logGet(43)) - raft.server.rpc.timeout.max = 300ms (default)
2019-09-26 09:48:53,125 INFO  ratis.RaftTestUtil (RaftTestUtil.java:waitForLeader(86)) - printing ALL groups
  s0:  RUNNING    LEADER s0@group-5BD3E7F27A57:t4, leader=s0, voted=s0, raftlog=s0@group-5BD3E7F27A57-SegmentedRaftLog:OPENED:c-1,f2,i3, conf=3: [s0:0.0.0.0:41468, s1:0.0.0.0:41619, s2:0.0.0.0:44382], old=null RUNNING
  s1:  RUNNING  FOLLOWER s1@group-5BD3E7F27A57:t4, leader=s0, voted=null, raftlog=s1@group-5BD3E7F27A57-SegmentedRaftLog:OPENED:c2,f3,i3, conf=2: [s0:0.0.0.0:41468, s1:0.0.0.0:41619, s2:0.0.0.0:44382], old=null RUNNING
  s2:  RUNNING  FOLLOWER s2@group-5BD3E7F27A57:t4, leader=s0, voted=s0, raftlog=s2@group-5BD3E7F27A57-SegmentedRaftLog:OPENED:c1,f2,i3, conf=3: [s0:0.0.0.0:41468, s1:0.0.0.0:41619, s2:0.0.0.0:44382], old=null RUNNING
2019-09-26 09:48:53,125 INFO  ratis.RaftTestUtil (RaftTestUtil.java:waitForLeader(101)) - printing ALL groups
  s0:  RUNNING    LEADER s0@group-5BD3E7F27A57:t4, leader=s0, voted=s0, raftlog=s0@group-5BD3E7F27A57-SegmentedRaftLog:OPENED:c-1,f2,i3, conf=3: [s0:0.0.0.0:41468, s1:0.0.0.0:41619, s2:0.0.0.0:44382], old=null RUNNING
  s1:  RUNNING  FOLLOWER s1@group-5BD3E7F27A57:t4, leader=s0, voted=null, raftlog=s1@group-5BD3E7F27A57-SegmentedRaftLog:OPENED:c2,f3,i3, conf=2: [s0:0.0.0.0:41468, s1:0.0.0.0:41619, s2:0.0.0.0:44382], old=null RUNNING
  s2:  RUNNING  FOLLOWER s2@group-5BD3E7F27A57:t4, leader=s0, voted=s0, raftlog=s2@group-5BD3E7F27A57-SegmentedRaftLog:OPENED:c1,f2,i3, conf=3: [s0:0.0.0.0:41468, s1:0.0.0.0:41619, s2:0.0.0.0:44382], old=null RUNNING
2019-09-26 09:48:53,126 WARN  ratis.RaftTestUtil (JavaUtils.java:attempt(158)) - FAILED "testChangeLeader-changeLeader", attempt #1/20: java.lang.IllegalStateException: Failed to change leader: newLeader == oldLeader == s0, sleep 100ms and then retry.
java.lang.IllegalStateException: Failed to change leader: newLeader == oldLeader == s0
	at org.apache.ratis.RaftTestUtil.lambda$changeLeader$7(RaftTestUtil.java:365)
	at org.apache.ratis.util.JavaUtils.attempt(JavaUtils.java:152)
	at org.apache.ratis.RaftTestUtil.changeLeader(RaftTestUtil.java:362)
	at org.apache.ratis.server.impl.LeaderElectionTests.testChangeLeader(LeaderElectionTests.java:81)
	at sun.reflect.NativeMethodAccessorImpl.invoke0(Native Method)
	at sun.reflect.NativeMethodAccessorImpl.invoke(NativeMethodAccessorImpl.java:62)
	at sun.reflect.DelegatingMethodAccessorImpl.invoke(DelegatingMethodAccessorImpl.java:43)
	at java.lang.reflect.Method.invoke(Method.java:498)
	at org.junit.runners.model.FrameworkMethod$1.runReflectiveCall(FrameworkMethod.java:50)
	at org.junit.internal.runners.model.ReflectiveCallable.run(ReflectiveCallable.java:12)
	at org.junit.runners.model.FrameworkMethod.invokeExplosively(FrameworkMethod.java:47)
	at org.junit.internal.runners.statements.InvokeMethod.evaluate(InvokeMethod.java:17)
	at org.junit.internal.runners.statements.RunAfters.evaluate(RunAfters.java:27)
	at org.junit.internal.runners.statements.FailOnTimeout$CallableStatement.call(FailOnTimeout.java:298)
	at org.junit.internal.runners.statements.FailOnTimeout$CallableStatement.call(FailOnTimeout.java:292)
	at java.util.concurrent.FutureTask.run(FutureTask.java:266)
	at java.lang.Thread.run(Thread.java:748)
2019-09-26 09:48:53,126 TRACE util.FileUtils (LogUtils.java:runAndLog(61)) - Successfully ran FileOutputStream.getChannel().truncate /workdir/ratis-test/target/test/data/96b32e81/MiniRaftClusterWithSimulatedRpc85eff19e/s2/84e7e082-e8c2-43dc-92a2-5bd3e7f27a57/current/log_inprogress_1 length: 95 -> 82
2019-09-26 09:48:53,127 TRACE util.FileUtils (LogUtils.java:runAndLog(61)) - Successfully ran Files.move /workdir/ratis-test/target/test/data/96b32e81/MiniRaftClusterWithSimulatedRpc85eff19e/s2/84e7e082-e8c2-43dc-92a2-5bd3e7f27a57/current/log_inprogress_1 to /workdir/ratis-test/target/test/data/96b32e81/MiniRaftClusterWithSimulatedRpc85eff19e/s2/84e7e082-e8c2-43dc-92a2-5bd3e7f27a57/current/log_1-1
2019-09-26 09:48:53,127 INFO  segmented.SegmentedRaftLogWorker (SegmentedRaftLogWorker.java:execute(614)) - s2@group-5BD3E7F27A57-SegmentedRaftLogWorker: Truncated log file /workdir/ratis-test/target/test/data/96b32e81/MiniRaftClusterWithSimulatedRpc85eff19e/s2/84e7e082-e8c2-43dc-92a2-5bd3e7f27a57/current/log_inprogress_1 to length 82 and moved it to /workdir/ratis-test/target/test/data/96b32e81/MiniRaftClusterWithSimulatedRpc85eff19e/s2/84e7e082-e8c2-43dc-92a2-5bd3e7f27a57/current/log_1-1
2019-09-26 09:48:53,127 INFO  segmented.SegmentedRaftLogWorker (SegmentedRaftLogWorker.java:lambda$new$0(132)) - s2@group-5BD3E7F27A57-SegmentedRaftLogWorker: flushIndex: setUnconditionally 2 -> 1
2019-09-26 09:48:53,226 INFO  server.RaftServerConfigKeys (ConfUtils.java:logGet(43)) - raft.server.rpc.timeout.max = 300ms (default)
2019-09-26 09:48:53,227 INFO  ratis.RaftTestUtil (RaftTestUtil.java:waitForLeader(86)) - printing ALL groups
  s0:  RUNNING    LEADER s0@group-5BD3E7F27A57:t4, leader=s0, voted=s0, raftlog=s0@group-5BD3E7F27A57-SegmentedRaftLog:OPENED:c-1,f2,i3, conf=3: [s0:0.0.0.0:41468, s1:0.0.0.0:41619, s2:0.0.0.0:44382], old=null RUNNING
  s1:  RUNNING  FOLLOWER s1@group-5BD3E7F27A57:t4, leader=s0, voted=null, raftlog=s1@group-5BD3E7F27A57-SegmentedRaftLog:OPENED:c2,f3,i3, conf=2: [s0:0.0.0.0:41468, s1:0.0.0.0:41619, s2:0.0.0.0:44382], old=null RUNNING
  s2:  RUNNING  FOLLOWER s2@group-5BD3E7F27A57:t4, leader=s0, voted=s0, raftlog=s2@group-5BD3E7F27A57-SegmentedRaftLog:OPENED:c1,f1,i3, conf=3: [s0:0.0.0.0:41468, s1:0.0.0.0:41619, s2:0.0.0.0:44382], old=null RUNNING
2019-09-26 09:48:53,227 INFO  ratis.RaftTestUtil (RaftTestUtil.java:waitForLeader(101)) - printing ALL groups
  s0:  RUNNING    LEADER s0@group-5BD3E7F27A57:t4, leader=s0, voted=s0, raftlog=s0@group-5BD3E7F27A57-SegmentedRaftLog:OPENED:c-1,f2,i3, conf=3: [s0:0.0.0.0:41468, s1:0.0.0.0:41619, s2:0.0.0.0:44382], old=null RUNNING
  s1:  RUNNING  FOLLOWER s1@group-5BD3E7F27A57:t4, leader=s0, voted=null, raftlog=s1@group-5BD3E7F27A57-SegmentedRaftLog:OPENED:c2,f3,i3, conf=2: [s0:0.0.0.0:41468, s1:0.0.0.0:41619, s2:0.0.0.0:44382], old=null RUNNING
  s2:  RUNNING  FOLLOWER s2@group-5BD3E7F27A57:t4, leader=s0, voted=s0, raftlog=s2@group-5BD3E7F27A57-SegmentedRaftLog:OPENED:c1,f1,i3, conf=3: [s0:0.0.0.0:41468, s1:0.0.0.0:41619, s2:0.0.0.0:44382], old=null RUNNING
2019-09-26 09:48:53,227 WARN  ratis.RaftTestUtil (JavaUtils.java:attempt(158)) - FAILED "testChangeLeader-changeLeader", attempt #2/20: java.lang.IllegalStateException: Failed to change leader: newLeader == oldLeader == s0, sleep 100ms and then retry.
java.lang.IllegalStateException: Failed to change leader: newLeader == oldLeader == s0
	at org.apache.ratis.RaftTestUtil.lambda$changeLeader$7(RaftTestUtil.java:365)
	at org.apache.ratis.util.JavaUtils.attempt(JavaUtils.java:152)
	at org.apache.ratis.RaftTestUtil.changeLeader(RaftTestUtil.java:362)
	at org.apache.ratis.server.impl.LeaderElectionTests.testChangeLeader(LeaderElectionTests.java:81)
	at sun.reflect.NativeMethodAccessorImpl.invoke0(Native Method)
	at sun.reflect.NativeMethodAccessorImpl.invoke(NativeMethodAccessorImpl.java:62)
	at sun.reflect.DelegatingMethodAccessorImpl.invoke(DelegatingMethodAccessorImpl.java:43)
	at java.lang.reflect.Method.invoke(Method.java:498)
	at org.junit.runners.model.FrameworkMethod$1.runReflectiveCall(FrameworkMethod.java:50)
	at org.junit.internal.runners.model.ReflectiveCallable.run(ReflectiveCallable.java:12)
	at org.junit.runners.model.FrameworkMethod.invokeExplosively(FrameworkMethod.java:47)
	at org.junit.internal.runners.statements.InvokeMethod.evaluate(InvokeMethod.java:17)
	at org.junit.internal.runners.statements.RunAfters.evaluate(RunAfters.java:27)
	at org.junit.internal.runners.statements.FailOnTimeout$CallableStatement.call(FailOnTimeout.java:298)
	at org.junit.internal.runners.statements.FailOnTimeout$CallableStatement.call(FailOnTimeout.java:292)
	at java.util.concurrent.FutureTask.run(FutureTask.java:266)
	at java.lang.Thread.run(Thread.java:748)
2019-09-26 09:48:53,236 INFO  segmented.SegmentedRaftLogWorker (SegmentedRaftLogWorker.java:execute(569)) - s2@group-5BD3E7F27A57-SegmentedRaftLogWorker: created new log segment /workdir/ratis-test/target/test/data/96b32e81/MiniRaftClusterWithSimulatedRpc85eff19e/s2/84e7e082-e8c2-43dc-92a2-5bd3e7f27a57/current/log_inprogress_2
2019-09-26 09:48:53,236 INFO  segmented.SegmentedRaftLogWorker (SegmentedRaftLogWorker.java:execute(569)) - s0@group-5BD3E7F27A57-SegmentedRaftLogWorker: created new log segment /workdir/ratis-test/target/test/data/96b32e81/MiniRaftClusterWithSimulatedRpc85eff19e/s0/84e7e082-e8c2-43dc-92a2-5bd3e7f27a57/current/log_inprogress_3
2019-09-26 09:48:53,237 DEBUG segmented.SegmentedRaftLogWorker (SegmentedRaftLogWorker.java:flushWrites(340)) - s0@group-5BD3E7F27A57-SegmentedRaftLogWorker: flush SegmentedRaftLogOutputStream(/workdir/ratis-test/target/test/data/96b32e81/MiniRaftClusterWithSimulatedRpc85eff19e/s0/84e7e082-e8c2-43dc-92a2-5bd3e7f27a57/current/log_inprogress_3)
2019-09-26 09:48:53,258 TRACE segmented.SegmentedRaftLogWorker (SegmentedRaftLogWorker.java:lambda$new$1(133)) - s0@group-5BD3E7F27A57-SegmentedRaftLogWorker: flushIndex: updateIncreasingly 2 -> 3
2019-09-26 09:48:53,259 DEBUG segmented.SegmentedRaftLogWorker (SegmentedRaftLogWorker.java:addIOTask(251)) - s0@group-5BD3E7F27A57-SegmentedRaftLogWorker adds IO task WriteLog:4: (t:4, i:4), METADATAENTRY(c3)
2019-09-26 09:48:53,259 TRACE util.FileUtils (LogUtils.java:runAndLog(61)) - Successfully ran Files.move /workdir/ratis-test/target/test/data/96b32e81/MiniRaftClusterWithSimulatedRpc85eff19e/s2/84e7e082-e8c2-43dc-92a2-5bd3e7f27a57/current/log_inprogress_2 to /workdir/ratis-test/target/test/data/96b32e81/MiniRaftClusterWithSimulatedRpc85eff19e/s2/84e7e082-e8c2-43dc-92a2-5bd3e7f27a57/current/log_2-2
2019-09-26 09:48:53,259 DEBUG segmented.SegmentedRaftLogWorker (SegmentedRaftLogWorker.java:flushWrites(340)) - s0@group-5BD3E7F27A57-SegmentedRaftLogWorker: flush SegmentedRaftLogOutputStream(/workdir/ratis-test/target/test/data/96b32e81/MiniRaftClusterWithSimulatedRpc85eff19e/s0/84e7e082-e8c2-43dc-92a2-5bd3e7f27a57/current/log_inprogress_3)
2019-09-26 09:48:53,260 INFO  segmented.SegmentedRaftLogWorker (SegmentedRaftLogWorker.java:execute(526)) - s2@group-5BD3E7F27A57-SegmentedRaftLogWorker: Rolled log segment from /workdir/ratis-test/target/test/data/96b32e81/MiniRaftClusterWithSimulatedRpc85eff19e/s2/84e7e082-e8c2-43dc-92a2-5bd3e7f27a57/current/log_inprogress_2 to /workdir/ratis-test/target/test/data/96b32e81/MiniRaftClusterWithSimulatedRpc85eff19e/s2/84e7e082-e8c2-43dc-92a2-5bd3e7f27a57/current/log_2-2
2019-09-26 09:48:53,260 TRACE segmented.SegmentedRaftLogWorker (SegmentedRaftLogWorker.java:lambda$new$1(133)) - s2@group-5BD3E7F27A57-SegmentedRaftLogWorker: flushIndex: updateIncreasingly 1 -> 2
2019-09-26 09:48:53,272 TRACE segmented.SegmentedRaftLogWorker (SegmentedRaftLogWorker.java:lambda$new$1(133)) - s0@group-5BD3E7F27A57-SegmentedRaftLogWorker: flushIndex: updateIncreasingly 3 -> 4
2019-09-26 09:48:53,328 INFO  server.RaftServerConfigKeys (ConfUtils.java:logGet(43)) - raft.server.rpc.timeout.max = 300ms (default)
2019-09-26 09:48:53,328 INFO  ratis.RaftTestUtil (RaftTestUtil.java:waitForLeader(86)) - printing ALL groups
  s0:  RUNNING    LEADER s0@group-5BD3E7F27A57:t4, leader=s0, voted=s0, raftlog=s0@group-5BD3E7F27A57-SegmentedRaftLog:OPENED:c3,f4,i4, conf=3: [s0:0.0.0.0:41468, s1:0.0.0.0:41619, s2:0.0.0.0:44382], old=null RUNNING
  s1:  RUNNING  FOLLOWER s1@group-5BD3E7F27A57:t4, leader=s0, voted=null, raftlog=s1@group-5BD3E7F27A57-SegmentedRaftLog:OPENED:c2,f3,i3, conf=2: [s0:0.0.0.0:41468, s1:0.0.0.0:41619, s2:0.0.0.0:44382], old=null RUNNING
  s2:  RUNNING  FOLLOWER s2@group-5BD3E7F27A57:t4, leader=s0, voted=s0, raftlog=s2@group-5BD3E7F27A57-SegmentedRaftLog:OPENED:c1,f2,i3, conf=3: [s0:0.0.0.0:41468, s1:0.0.0.0:41619, s2:0.0.0.0:44382], old=null RUNNING
2019-09-26 09:48:53,329 INFO  ratis.RaftTestUtil (RaftTestUtil.java:waitForLeader(101)) - printing ALL groups
  s0:  RUNNING    LEADER s0@group-5BD3E7F27A57:t4, leader=s0, voted=s0, raftlog=s0@group-5BD3E7F27A57-SegmentedRaftLog:OPENED:c3,f4,i4, conf=3: [s0:0.0.0.0:41468, s1:0.0.0.0:41619, s2:0.0.0.0:44382], old=null RUNNING
  s1:  RUNNING  FOLLOWER s1@group-5BD3E7F27A57:t4, leader=s0, voted=null, raftlog=s1@group-5BD3E7F27A57-SegmentedRaftLog:OPENED:c2,f3,i3, conf=2: [s0:0.0.0.0:41468, s1:0.0.0.0:41619, s2:0.0.0.0:44382], old=null RUNNING
  s2:  RUNNING  FOLLOWER s2@group-5BD3E7F27A57:t4, leader=s0, voted=s0, raftlog=s2@group-5BD3E7F27A57-SegmentedRaftLog:OPENED:c1,f2,i3, conf=3: [s0:0.0.0.0:41468, s1:0.0.0.0:41619, s2:0.0.0.0:44382], old=null RUNNING
2019-09-26 09:48:53,329 WARN  ratis.RaftTestUtil (JavaUtils.java:attempt(158)) - FAILED "testChangeLeader-changeLeader", attempt #3/20: java.lang.IllegalStateException: Failed to change leader: newLeader == oldLeader == s0, sleep 100ms and then retry.
java.lang.IllegalStateException: Failed to change leader: newLeader == oldLeader == s0
	at org.apache.ratis.RaftTestUtil.lambda$changeLeader$7(RaftTestUtil.java:365)
	at org.apache.ratis.util.JavaUtils.attempt(JavaUtils.java:152)
	at org.apache.ratis.RaftTestUtil.changeLeader(RaftTestUtil.java:362)
	at org.apache.ratis.server.impl.LeaderElectionTests.testChangeLeader(LeaderElectionTests.java:81)
	at sun.reflect.NativeMethodAccessorImpl.invoke0(Native Method)
	at sun.reflect.NativeMethodAccessorImpl.invoke(NativeMethodAccessorImpl.java:62)
	at sun.reflect.DelegatingMethodAccessorImpl.invoke(DelegatingMethodAccessorImpl.java:43)
	at java.lang.reflect.Method.invoke(Method.java:498)
	at org.junit.runners.model.FrameworkMethod$1.runReflectiveCall(FrameworkMethod.java:50)
	at org.junit.internal.runners.model.ReflectiveCallable.run(ReflectiveCallable.java:12)
	at org.junit.runners.model.FrameworkMethod.invokeExplosively(FrameworkMethod.java:47)
	at org.junit.internal.runners.statements.InvokeMethod.evaluate(InvokeMethod.java:17)
	at org.junit.internal.runners.statements.RunAfters.evaluate(RunAfters.java:27)
	at org.junit.internal.runners.statements.FailOnTimeout$CallableStatement.call(FailOnTimeout.java:298)
	at org.junit.internal.runners.statements.FailOnTimeout$CallableStatement.call(FailOnTimeout.java:292)
	at java.util.concurrent.FutureTask.run(FutureTask.java:266)
	at java.lang.Thread.run(Thread.java:748)
2019-09-26 09:48:53,338 DEBUG impl.RaftServerImpl (RaftServerImpl.java:appendEntriesAsync(906)) - s2@group-5BD3E7F27A57: Not recognize s1 (term=3) as leader, state: s2@group-5BD3E7F27A57:t4, leader=s0, voted=s0, raftlog=s2@group-5BD3E7F27A57-SegmentedRaftLog:OPENED:c1,f2,i3, conf=3: [s0:0.0.0.0:41468, s1:0.0.0.0:41619, s2:0.0.0.0:44382], old=null reply: s1<-s2#0:FAIL,NOT_LEADER,nextIndex:4,term:4,followerCommit:1
2019-09-26 09:48:53,351 INFO  segmented.SegmentedRaftLogWorker (SegmentedRaftLogWorker.java:execute(569)) - s2@group-5BD3E7F27A57-SegmentedRaftLogWorker: created new log segment /workdir/ratis-test/target/test/data/96b32e81/MiniRaftClusterWithSimulatedRpc85eff19e/s2/84e7e082-e8c2-43dc-92a2-5bd3e7f27a57/current/log_inprogress_3
2019-09-26 09:48:53,352 DEBUG segmented.SegmentedRaftLogWorker (SegmentedRaftLogWorker.java:flushWrites(340)) - s2@group-5BD3E7F27A57-SegmentedRaftLogWorker: flush SegmentedRaftLogOutputStream(/workdir/ratis-test/target/test/data/96b32e81/MiniRaftClusterWithSimulatedRpc85eff19e/s2/84e7e082-e8c2-43dc-92a2-5bd3e7f27a57/current/log_inprogress_3)
2019-09-26 09:48:53,362 TRACE segmented.SegmentedRaftLogWorker (SegmentedRaftLogWorker.java:lambda$new$1(133)) - s2@group-5BD3E7F27A57-SegmentedRaftLogWorker: flushIndex: updateIncreasingly 2 -> 3
2019-09-26 09:48:53,363 DEBUG impl.RaftServerImpl (RaftServerImpl.java:logAppendEntries(850)) - s2@group-5BD3E7F27A57: succeeded to handle AppendEntries. Reply: s0<-s2#0:OK,SUCCESS,nextIndex:4,term:4,followerCommit:1
2019-09-26 09:48:53,422 DEBUG impl.RaftServerImpl (RaftServerImpl.java:logAppendEntries(850)) - s0@group-5BD3E7F27A57: receive appendEntries(s1, 3, (t:3, i:2), 2, false, commits[s1:c2, s0:c-1, s2:c1], entries: (t:3, i:3), METADATAENTRY(c2)
2019-09-26 09:48:53,422 DEBUG impl.RaftServerImpl (RaftServerImpl.java:appendEntriesAsync(906)) - s0@group-5BD3E7F27A57: Not recognize s1 (term=3) as leader, state: s0@group-5BD3E7F27A57:t4, leader=s0, voted=s0, raftlog=s0@group-5BD3E7F27A57-SegmentedRaftLog:OPENED:c3,f4,i4, conf=3: [s0:0.0.0.0:41468, s1:0.0.0.0:41619, s2:0.0.0.0:44382], old=null reply: s1<-s0#0:FAIL,NOT_LEADER,nextIndex:5,term:4,followerCommit:3
2019-09-26 09:48:53,430 INFO  server.RaftServerConfigKeys (ConfUtils.java:logGet(43)) - raft.server.rpc.timeout.max = 300ms (default)
2019-09-26 09:48:53,430 INFO  ratis.RaftTestUtil (RaftTestUtil.java:waitForLeader(86)) - printing ALL groups
  s0:  RUNNING    LEADER s0@group-5BD3E7F27A57:t4, leader=s0, voted=s0, raftlog=s0@group-5BD3E7F27A57-SegmentedRaftLog:OPENED:c3,f4,i4, conf=3: [s0:0.0.0.0:41468, s1:0.0.0.0:41619, s2:0.0.0.0:44382], old=null RUNNING
  s1:  RUNNING  FOLLOWER s1@group-5BD3E7F27A57:t4, leader=s0, voted=null, raftlog=s1@group-5BD3E7F27A57-SegmentedRaftLog:OPENED:c2,f3,i3, conf=2: [s0:0.0.0.0:41468, s1:0.0.0.0:41619, s2:0.0.0.0:44382], old=null RUNNING
  s2:  RUNNING  FOLLOWER s2@group-5BD3E7F27A57:t4, leader=s0, voted=s0, raftlog=s2@group-5BD3E7F27A57-SegmentedRaftLog:OPENED:c1,f3,i3, conf=3: [s0:0.0.0.0:41468, s1:0.0.0.0:41619, s2:0.0.0.0:44382], old=null RUNNING
2019-09-26 09:48:53,431 INFO  ratis.RaftTestUtil (RaftTestUtil.java:waitForLeader(101)) - printing ALL groups
  s0:  RUNNING    LEADER s0@group-5BD3E7F27A57:t4, leader=s0, voted=s0, raftlog=s0@group-5BD3E7F27A57-SegmentedRaftLog:OPENED:c3,f4,i4, conf=3: [s0:0.0.0.0:41468, s1:0.0.0.0:41619, s2:0.0.0.0:44382], old=null RUNNING
  s1:  RUNNING  FOLLOWER s1@group-5BD3E7F27A57:t4, leader=s0, voted=null, raftlog=s1@group-5BD3E7F27A57-SegmentedRaftLog:OPENED:c2,f3,i3, conf=2: [s0:0.0.0.0:41468, s1:0.0.0.0:41619, s2:0.0.0.0:44382], old=null RUNNING
  s2:  RUNNING  FOLLOWER s2@group-5BD3E7F27A57:t4, leader=s0, voted=s0, raftlog=s2@group-5BD3E7F27A57-SegmentedRaftLog:OPENED:c1,f3,i3, conf=3: [s0:0.0.0.0:41468, s1:0.0.0.0:41619, s2:0.0.0.0:44382], old=null RUNNING
2019-09-26 09:48:53,431 WARN  ratis.RaftTestUtil (JavaUtils.java:attempt(158)) - FAILED "testChangeLeader-changeLeader", attempt #4/20: java.lang.IllegalStateException: Failed to change leader: newLeader == oldLeader == s0, sleep 100ms and then retry.
java.lang.IllegalStateException: Failed to change leader: newLeader == oldLeader == s0
	at org.apache.ratis.RaftTestUtil.lambda$changeLeader$7(RaftTestUtil.java:365)
	at org.apache.ratis.util.JavaUtils.attempt(JavaUtils.java:152)
	at org.apache.ratis.RaftTestUtil.changeLeader(RaftTestUtil.java:362)
	at org.apache.ratis.server.impl.LeaderElectionTests.testChangeLeader(LeaderElectionTests.java:81)
	at sun.reflect.NativeMethodAccessorImpl.invoke0(Native Method)
	at sun.reflect.NativeMethodAccessorImpl.invoke(NativeMethodAccessorImpl.java:62)
	at sun.reflect.DelegatingMethodAccessorImpl.invoke(DelegatingMethodAccessorImpl.java:43)
	at java.lang.reflect.Method.invoke(Method.java:498)
	at org.junit.runners.model.FrameworkMethod$1.runReflectiveCall(FrameworkMethod.java:50)
	at org.junit.internal.runners.model.ReflectiveCallable.run(ReflectiveCallable.java:12)
	at org.junit.runners.model.FrameworkMethod.invokeExplosively(FrameworkMethod.java:47)
	at org.junit.internal.runners.statements.InvokeMethod.evaluate(InvokeMethod.java:17)
	at org.junit.internal.runners.statements.RunAfters.evaluate(RunAfters.java:27)
	at org.junit.internal.runners.statements.FailOnTimeout$CallableStatement.call(FailOnTimeout.java:298)
	at org.junit.internal.runners.statements.FailOnTimeout$CallableStatement.call(FailOnTimeout.java:292)
	at java.util.concurrent.FutureTask.run(FutureTask.java:266)
	at java.lang.Thread.run(Thread.java:748)
2019-09-26 09:48:53,512 INFO  impl.FollowerState (FollowerState.java:run(108)) - s1@group-5BD3E7F27A57-FollowerState: change to CANDIDATE, lastRpcTime:397ms, electionTimeout:251ms
2019-09-26 09:48:53,512 INFO  impl.RoleInfo (RoleInfo.java:shutdownFollowerState(121)) - s1: shutdown FollowerState
2019-09-26 09:48:53,513 INFO  impl.RaftServerImpl (RaftServerImpl.java:setRole(170)) - s1@group-5BD3E7F27A57: changes role from  FOLLOWER to CANDIDATE at term 4 for changeToCandidate
2019-09-26 09:48:53,513 INFO  impl.RoleInfo (RoleInfo.java:updateAndGet(143)) - s1: start LeaderElection
2019-09-26 09:48:53,513 INFO  impl.RaftServerImpl (ServerState.java:setLeader(254)) - s1@group-5BD3E7F27A57: change Leader from s0 to null at term 4 for initElection
2019-09-26 09:48:53,527 INFO  impl.LeaderElection (LeaderElection.java:askForVotes(178)) - s1@group-5BD3E7F27A57-LeaderElection37: begin an election at term 5 for 2: [s0:0.0.0.0:41468, s1:0.0.0.0:41619, s2:0.0.0.0:44382], old=null
2019-09-26 09:48:53,528 DEBUG impl.RaftServerImpl (RaftServerImpl.java:requestVote(743)) - s0@group-5BD3E7F27A57: receive requestVote(s1, group-5BD3E7F27A57, 5, (t:3, i:3))
2019-09-26 09:48:53,528 DEBUG impl.RaftServerImpl (RaftServerImpl.java:requestVote(743)) - s2@group-5BD3E7F27A57: receive requestVote(s1, group-5BD3E7F27A57, 5, (t:3, i:3))
2019-09-26 09:48:53,528 INFO  impl.RaftServerImpl (ServerState.java:setLeader(254)) - s0@group-5BD3E7F27A57: change Leader from s0 to null at term 5 for updateCurrentTerm
2019-09-26 09:48:53,528 INFO  impl.RaftServerImpl (ServerState.java:setLeader(254)) - s2@group-5BD3E7F27A57: change Leader from s0 to null at term 5 for updateCurrentTerm
2019-09-26 09:48:53,528 INFO  impl.RaftServerImpl (RaftServerImpl.java:setRole(170)) - s0@group-5BD3E7F27A57: changes role from    LEADER to FOLLOWER at term 5 for recognizeCandidate:s1
2019-09-26 09:48:53,528 INFO  impl.RaftServerImpl (RaftServerImpl.java:setRole(170)) - s2@group-5BD3E7F27A57: changes role from  FOLLOWER to FOLLOWER at term 5 for recognizeCandidate:s1
2019-09-26 09:48:53,528 INFO  impl.RoleInfo (RoleInfo.java:shutdownLeaderState(104)) - s0: shutdown LeaderState
2019-09-26 09:48:53,528 INFO  impl.RoleInfo (RoleInfo.java:shutdownFollowerState(121)) - s2: shutdown FollowerState
2019-09-26 09:48:53,529 INFO  impl.RoleInfo (RoleInfo.java:updateAndGet(143)) - s2: start FollowerState
2019-09-26 09:48:53,532 INFO  impl.FollowerState (FollowerState.java:run(117)) - s2@group-5BD3E7F27A57-FollowerState was interrupted: java.lang.InterruptedException: sleep interrupted
2019-09-26 09:48:53,532 INFO  impl.LogAppender (LogAppender.java:run(78)) - s0@group-5BD3E7F27A57->s2-LogAppender-AppenderDaemon was interrupted: java.io.InterruptedIOException: 
2019-09-26 09:48:53,532 INFO  impl.PendingRequests (PendingRequests.java:sendNotLeaderResponses(202)) - s0@group-5BD3E7F27A57-PendingRequests: sendNotLeaderResponses
2019-09-26 09:48:53,532 INFO  impl.LogAppender (LogAppender.java:run(78)) - s0@group-5BD3E7F27A57->s1-LogAppender-AppenderDaemon was interrupted: java.io.InterruptedIOException: 
2019-09-26 09:48:53,533 INFO  impl.RoleInfo (RoleInfo.java:updateAndGet(143)) - s0: start FollowerState
2019-09-26 09:48:53,532 INFO  server.RaftServerConfigKeys (ConfUtils.java:logGet(43)) - raft.server.rpc.timeout.max = 300ms (default)
2019-09-26 09:48:53,534 INFO  ratis.RaftTestUtil (RaftTestUtil.java:waitForLeader(86)) - printing ALL groups
  s0:  RUNNING  FOLLOWER s0@group-5BD3E7F27A57:t5, leader=null, voted=null, raftlog=s0@group-5BD3E7F27A57-SegmentedRaftLog:OPENED:c3,f4,i4, conf=3: [s0:0.0.0.0:41468, s1:0.0.0.0:41619, s2:0.0.0.0:44382], old=null RUNNING
  s1:  RUNNING CANDIDATE s1@group-5BD3E7F27A57:t5, leader=null, voted=s1, raftlog=s1@group-5BD3E7F27A57-SegmentedRaftLog:OPENED:c2,f3,i3, conf=2: [s0:0.0.0.0:41468, s1:0.0.0.0:41619, s2:0.0.0.0:44382], old=null RUNNING
  s2:  RUNNING  FOLLOWER s2@group-5BD3E7F27A57:t5, leader=null, voted=null, raftlog=s2@group-5BD3E7F27A57-SegmentedRaftLog:OPENED:c1,f3,i3, conf=3: [s0:0.0.0.0:41468, s1:0.0.0.0:41619, s2:0.0.0.0:44382], old=null RUNNING
2019-09-26 09:48:53,534 WARN  ratis.RaftTestUtil (JavaUtils.java:attempt(158)) - FAILED "waitForLeader-null-(expectLeader? true)", attempt #1/100: java.lang.IllegalStateException: No leader yet : printing ALL groups
  s0:  RUNNING  FOLLOWER s0@group-5BD3E7F27A57:t5, leader=null, voted=null, raftlog=s0@group-5BD3E7F27A57-SegmentedRaftLog:OPENED:c3,f4,i4, conf=3: [s0:0.0.0.0:41468, s1:0.0.0.0:41619, s2:0.0.0.0:44382], old=null RUNNING
  s1:  RUNNING CANDIDATE s1@group-5BD3E7F27A57:t5, leader=null, voted=s1, raftlog=s1@group-5BD3E7F27A57-SegmentedRaftLog:OPENED:c2,f3,i3, conf=2: [s0:0.0.0.0:41468, s1:0.0.0.0:41619, s2:0.0.0.0:44382], old=null RUNNING
  s2:  RUNNING  FOLLOWER s2@group-5BD3E7F27A57:t5, leader=null, voted=null, raftlog=s2@group-5BD3E7F27A57-SegmentedRaftLog:OPENED:c1,f3,i3, conf=3: [s0:0.0.0.0:41468, s1:0.0.0.0:41619, s2:0.0.0.0:44382], old=null RUNNING, sleep 450ms and then retry.
java.lang.IllegalStateException: No leader yet : printing ALL groups
  s0:  RUNNING  FOLLOWER s0@group-5BD3E7F27A57:t5, leader=null, voted=null, raftlog=s0@group-5BD3E7F27A57-SegmentedRaftLog:OPENED:c3,f4,i4, conf=3: [s0:0.0.0.0:41468, s1:0.0.0.0:41619, s2:0.0.0.0:44382], old=null RUNNING
  s1:  RUNNING CANDIDATE s1@group-5BD3E7F27A57:t5, leader=null, voted=s1, raftlog=s1@group-5BD3E7F27A57-SegmentedRaftLog:OPENED:c2,f3,i3, conf=2: [s0:0.0.0.0:41468, s1:0.0.0.0:41619, s2:0.0.0.0:44382], old=null RUNNING
  s2:  RUNNING  FOLLOWER s2@group-5BD3E7F27A57:t5, leader=null, voted=null, raftlog=s2@group-5BD3E7F27A57-SegmentedRaftLog:OPENED:c1,f3,i3, conf=3: [s0:0.0.0.0:41468, s1:0.0.0.0:41619, s2:0.0.0.0:44382], old=null RUNNING
	at org.apache.ratis.MiniRaftCluster.newIllegalStateExceptionForNoLeaders(MiniRaftCluster.java:506)
	at org.apache.ratis.RaftTestUtil.lambda$waitForLeader$1(RaftTestUtil.java:90)
	at org.apache.ratis.MiniRaftCluster.getLeader(MiniRaftCluster.java:539)
	at org.apache.ratis.MiniRaftCluster.getLeader(MiniRaftCluster.java:532)
	at org.apache.ratis.RaftTestUtil.lambda$waitForLeader$3(RaftTestUtil.java:98)
	at org.apache.ratis.util.JavaUtils.attempt(JavaUtils.java:152)
	at org.apache.ratis.RaftTestUtil.waitForLeader(RaftTestUtil.java:97)
	at org.apache.ratis.RaftTestUtil.waitForLeader(RaftTestUtil.java:77)
	at org.apache.ratis.RaftTestUtil.waitForLeader(RaftTestUtil.java:72)
	at org.apache.ratis.RaftTestUtil.lambda$changeLeader$7(RaftTestUtil.java:363)
	at org.apache.ratis.util.JavaUtils.attempt(JavaUtils.java:152)
	at org.apache.ratis.RaftTestUtil.changeLeader(RaftTestUtil.java:362)
	at org.apache.ratis.server.impl.LeaderElectionTests.testChangeLeader(LeaderElectionTests.java:81)
	at sun.reflect.NativeMethodAccessorImpl.invoke0(Native Method)
	at sun.reflect.NativeMethodAccessorImpl.invoke(NativeMethodAccessorImpl.java:62)
	at sun.reflect.DelegatingMethodAccessorImpl.invoke(DelegatingMethodAccessorImpl.java:43)
	at java.lang.reflect.Method.invoke(Method.java:498)
	at org.junit.runners.model.FrameworkMethod$1.runReflectiveCall(FrameworkMethod.java:50)
	at org.junit.internal.runners.model.ReflectiveCallable.run(ReflectiveCallable.java:12)
	at org.junit.runners.model.FrameworkMethod.invokeExplosively(FrameworkMethod.java:47)
	at org.junit.internal.runners.statements.InvokeMethod.evaluate(InvokeMethod.java:17)
	at org.junit.internal.runners.statements.RunAfters.evaluate(RunAfters.java:27)
	at org.junit.internal.runners.statements.FailOnTimeout$CallableStatement.call(FailOnTimeout.java:298)
	at org.junit.internal.runners.statements.FailOnTimeout$CallableStatement.call(FailOnTimeout.java:292)
	at java.util.concurrent.FutureTask.run(FutureTask.java:266)
	at java.lang.Thread.run(Thread.java:748)
2019-09-26 09:48:53,546 DEBUG impl.RaftServerImpl (RaftServerImpl.java:requestVote(775)) - s2@group-5BD3E7F27A57 replies to vote request: s1<-s2#0:FAIL-t5. Peer's state: s2@group-5BD3E7F27A57:t5, leader=null, voted=null, raftlog=s2@group-5BD3E7F27A57-SegmentedRaftLog:OPENED:c1,f3,i3, conf=3: [s0:0.0.0.0:41468, s1:0.0.0.0:41619, s2:0.0.0.0:44382], old=null
2019-09-26 09:48:53,546 DEBUG impl.RaftServerImpl (RaftServerImpl.java:requestVote(775)) - s0@group-5BD3E7F27A57 replies to vote request: s1<-s0#0:FAIL-t5. Peer's state: s0@group-5BD3E7F27A57:t5, leader=null, voted=null, raftlog=s0@group-5BD3E7F27A57-SegmentedRaftLog:OPENED:c3,f4,i4, conf=3: [s0:0.0.0.0:41468, s1:0.0.0.0:41619, s2:0.0.0.0:44382], old=null
2019-09-26 09:48:53,547 INFO  impl.LeaderElection (LeaderElection.java:logAndReturn(56)) - s1@group-5BD3E7F27A57-LeaderElection37: Election REJECTED; received 2 response(s) [s1<-s0#0:FAIL-t5, s1<-s2#0:FAIL-t5] and 0 exception(s); s1@group-5BD3E7F27A57:t5, leader=null, voted=s1, raftlog=s1@group-5BD3E7F27A57-SegmentedRaftLog:OPENED:c2,f3,i3, conf=2: [s0:0.0.0.0:41468, s1:0.0.0.0:41619, s2:0.0.0.0:44382], old=null
2019-09-26 09:48:53,548 INFO  impl.RaftServerImpl (RaftServerImpl.java:setRole(170)) - s1@group-5BD3E7F27A57: changes role from CANDIDATE to FOLLOWER at term 5 for DISCOVERED_A_NEW_TERM
2019-09-26 09:48:53,548 INFO  impl.RoleInfo (RoleInfo.java:shutdownLeaderElection(134)) - s1: shutdown LeaderElection
2019-09-26 09:48:53,548 INFO  impl.RoleInfo (RoleInfo.java:updateAndGet(143)) - s1: start FollowerState
2019-09-26 09:48:53,748 INFO  impl.FollowerState (FollowerState.java:run(108)) - s0@group-5BD3E7F27A57-FollowerState: change to CANDIDATE, lastRpcTime:214ms, electionTimeout:214ms
2019-09-26 09:48:53,748 INFO  impl.RoleInfo (RoleInfo.java:shutdownFollowerState(121)) - s0: shutdown FollowerState
2019-09-26 09:48:53,748 INFO  impl.RaftServerImpl (RaftServerImpl.java:setRole(170)) - s0@group-5BD3E7F27A57: changes role from  FOLLOWER to CANDIDATE at term 5 for changeToCandidate
2019-09-26 09:48:53,748 INFO  impl.RoleInfo (RoleInfo.java:updateAndGet(143)) - s0: start LeaderElection
2019-09-26 09:48:53,760 INFO  impl.FollowerState (FollowerState.java:run(108)) - s1@group-5BD3E7F27A57-FollowerState: change to CANDIDATE, lastRpcTime:211ms, electionTimeout:211ms
2019-09-26 09:48:53,760 INFO  impl.RoleInfo (RoleInfo.java:shutdownFollowerState(121)) - s1: shutdown FollowerState
2019-09-26 09:48:53,760 INFO  impl.RaftServerImpl (RaftServerImpl.java:setRole(170)) - s1@group-5BD3E7F27A57: changes role from  FOLLOWER to CANDIDATE at term 5 for changeToCandidate
2019-09-26 09:48:53,760 INFO  impl.RoleInfo (RoleInfo.java:updateAndGet(143)) - s1: start LeaderElection
2019-09-26 09:48:53,761 INFO  impl.LeaderElection (LeaderElection.java:askForVotes(178)) - s0@group-5BD3E7F27A57-LeaderElection38: begin an election at term 6 for 3: [s0:0.0.0.0:41468, s1:0.0.0.0:41619, s2:0.0.0.0:44382], old=null
2019-09-26 09:48:53,764 INFO  impl.LeaderElection (LeaderElection.java:askForVotes(178)) - s1@group-5BD3E7F27A57-LeaderElection39: begin an election at term 6 for 2: [s0:0.0.0.0:41468, s1:0.0.0.0:41619, s2:0.0.0.0:44382], old=null
2019-09-26 09:48:53,764 DEBUG impl.RaftServerImpl (RaftServerImpl.java:requestVote(743)) - s0@group-5BD3E7F27A57: receive requestVote(s1, group-5BD3E7F27A57, 6, (t:3, i:3))
2019-09-26 09:48:53,764 DEBUG impl.RaftServerImpl (RaftServerImpl.java:requestVote(743)) - s2@group-5BD3E7F27A57: receive requestVote(s1, group-5BD3E7F27A57, 6, (t:3, i:3))
2019-09-26 09:48:53,765 DEBUG impl.RaftServerImpl (RaftServerImpl.java:requestVote(775)) - s0@group-5BD3E7F27A57 replies to vote request: s1<-s0#0:FAIL-t6. Peer's state: s0@group-5BD3E7F27A57:t6, leader=null, voted=s0, raftlog=s0@group-5BD3E7F27A57-SegmentedRaftLog:OPENED:c3,f4,i4, conf=3: [s0:0.0.0.0:41468, s1:0.0.0.0:41619, s2:0.0.0.0:44382], old=null
2019-09-26 09:48:53,765 INFO  impl.RaftServerImpl (RaftServerImpl.java:setRole(170)) - s2@group-5BD3E7F27A57: changes role from  FOLLOWER to FOLLOWER at term 6 for recognizeCandidate:s1
2019-09-26 09:48:53,765 INFO  impl.RoleInfo (RoleInfo.java:shutdownFollowerState(121)) - s2: shutdown FollowerState
2019-09-26 09:48:53,765 INFO  impl.RoleInfo (RoleInfo.java:updateAndGet(143)) - s2: start FollowerState
2019-09-26 09:48:53,765 INFO  impl.FollowerState (FollowerState.java:run(117)) - s2@group-5BD3E7F27A57-FollowerState was interrupted: java.lang.InterruptedException: sleep interrupted
2019-09-26 09:48:53,778 DEBUG impl.RaftServerImpl (RaftServerImpl.java:requestVote(775)) - s2@group-5BD3E7F27A57 replies to vote request: s1<-s2#0:FAIL-t6. Peer's state: s2@group-5BD3E7F27A57:t6, leader=null, voted=null, raftlog=s2@group-5BD3E7F27A57-SegmentedRaftLog:OPENED:c1,f3,i3, conf=3: [s0:0.0.0.0:41468, s1:0.0.0.0:41619, s2:0.0.0.0:44382], old=null
2019-09-26 09:48:53,778 INFO  impl.LeaderElection (LeaderElection.java:logAndReturn(56)) - s1@group-5BD3E7F27A57-LeaderElection39: Election REJECTED; received 2 response(s) [s1<-s0#0:FAIL-t6, s1<-s2#0:FAIL-t6] and 0 exception(s); s1@group-5BD3E7F27A57:t6, leader=null, voted=s1, raftlog=s1@group-5BD3E7F27A57-SegmentedRaftLog:OPENED:c2,f3,i3, conf=2: [s0:0.0.0.0:41468, s1:0.0.0.0:41619, s2:0.0.0.0:44382], old=null
2019-09-26 09:48:53,779 INFO  impl.RaftServerImpl (RaftServerImpl.java:setRole(170)) - s1@group-5BD3E7F27A57: changes role from CANDIDATE to FOLLOWER at term 6 for DISCOVERED_A_NEW_TERM
2019-09-26 09:48:53,779 INFO  impl.RoleInfo (RoleInfo.java:shutdownLeaderElection(134)) - s1: shutdown LeaderElection
2019-09-26 09:48:53,779 INFO  impl.RoleInfo (RoleInfo.java:updateAndGet(143)) - s1: start FollowerState
2019-09-26 09:48:53,931 INFO  impl.FollowerState (FollowerState.java:run(108)) - s1@group-5BD3E7F27A57-FollowerState: change to CANDIDATE, lastRpcTime:152ms, electionTimeout:152ms
2019-09-26 09:48:53,932 INFO  impl.RoleInfo (RoleInfo.java:shutdownFollowerState(121)) - s1: shutdown FollowerState
2019-09-26 09:48:53,932 INFO  impl.RaftServerImpl (RaftServerImpl.java:setRole(170)) - s1@group-5BD3E7F27A57: changes role from  FOLLOWER to CANDIDATE at term 6 for changeToCandidate
2019-09-26 09:48:53,932 INFO  impl.RoleInfo (RoleInfo.java:updateAndGet(143)) - s1: start LeaderElection
2019-09-26 09:48:53,946 INFO  impl.LeaderElection (LeaderElection.java:askForVotes(178)) - s1@group-5BD3E7F27A57-LeaderElection40: begin an election at term 7 for 2: [s0:0.0.0.0:41468, s1:0.0.0.0:41619, s2:0.0.0.0:44382], old=null
2019-09-26 09:48:53,946 DEBUG impl.RaftServerImpl (RaftServerImpl.java:requestVote(743)) - s0@group-5BD3E7F27A57: receive requestVote(s1, group-5BD3E7F27A57, 7, (t:3, i:3))
2019-09-26 09:48:53,946 DEBUG impl.RaftServerImpl (RaftServerImpl.java:requestVote(743)) - s2@group-5BD3E7F27A57: receive requestVote(s1, group-5BD3E7F27A57, 7, (t:3, i:3))
2019-09-26 09:48:53,946 INFO  impl.RaftServerImpl (RaftServerImpl.java:setRole(170)) - s0@group-5BD3E7F27A57: changes role from CANDIDATE to FOLLOWER at term 7 for recognizeCandidate:s1
2019-09-26 09:48:53,947 INFO  impl.RaftServerImpl (RaftServerImpl.java:setRole(170)) - s2@group-5BD3E7F27A57: changes role from  FOLLOWER to FOLLOWER at term 7 for recognizeCandidate:s1
2019-09-26 09:48:53,947 INFO  impl.RoleInfo (RoleInfo.java:shutdownLeaderElection(134)) - s0: shutdown LeaderElection
2019-09-26 09:48:53,947 INFO  impl.RoleInfo (RoleInfo.java:shutdownFollowerState(121)) - s2: shutdown FollowerState
2019-09-26 09:48:53,947 INFO  impl.RoleInfo (RoleInfo.java:updateAndGet(143)) - s0: start FollowerState
2019-09-26 09:48:53,947 INFO  impl.FollowerState (FollowerState.java:run(117)) - s2@group-5BD3E7F27A57-FollowerState was interrupted: java.lang.InterruptedException: sleep interrupted
2019-09-26 09:48:53,947 INFO  impl.RoleInfo (RoleInfo.java:updateAndGet(143)) - s2: start FollowerState
2019-09-26 09:48:53,948 INFO  impl.LeaderElection (LeaderElection.java:logAndReturn(56)) - s0@group-5BD3E7F27A57-LeaderElection38: Election REJECTED; received 0 response(s) [] and 0 exception(s); s0@group-5BD3E7F27A57:t7, leader=null, voted=null, raftlog=s0@group-5BD3E7F27A57-SegmentedRaftLog:OPENED:c3,f4,i4, conf=3: [s0:0.0.0.0:41468, s1:0.0.0.0:41619, s2:0.0.0.0:44382], old=null
2019-09-26 09:48:53,961 DEBUG impl.RaftServerImpl (RaftServerImpl.java:requestVote(775)) - s2@group-5BD3E7F27A57 replies to vote request: s1<-s2#0:FAIL-t7. Peer's state: s2@group-5BD3E7F27A57:t7, leader=null, voted=null, raftlog=s2@group-5BD3E7F27A57-SegmentedRaftLog:OPENED:c1,f3,i3, conf=3: [s0:0.0.0.0:41468, s1:0.0.0.0:41619, s2:0.0.0.0:44382], old=null
2019-09-26 09:48:53,961 DEBUG impl.RaftServerImpl (RaftServerImpl.java:requestVote(775)) - s0@group-5BD3E7F27A57 replies to vote request: s1<-s0#0:FAIL-t7. Peer's state: s0@group-5BD3E7F27A57:t7, leader=null, voted=null, raftlog=s0@group-5BD3E7F27A57-SegmentedRaftLog:OPENED:c3,f4,i4, conf=3: [s0:0.0.0.0:41468, s1:0.0.0.0:41619, s2:0.0.0.0:44382], old=null
2019-09-26 09:48:53,961 INFO  impl.LeaderElection (LeaderElection.java:logAndReturn(56)) - s1@group-5BD3E7F27A57-LeaderElection40: Election REJECTED; received 2 response(s) [s1<-s0#0:FAIL-t7, s1<-s2#0:FAIL-t7] and 0 exception(s); s1@group-5BD3E7F27A57:t7, leader=null, voted=s1, raftlog=s1@group-5BD3E7F27A57-SegmentedRaftLog:OPENED:c2,f3,i3, conf=2: [s0:0.0.0.0:41468, s1:0.0.0.0:41619, s2:0.0.0.0:44382], old=null
2019-09-26 09:48:53,961 INFO  impl.RaftServerImpl (RaftServerImpl.java:setRole(170)) - s1@group-5BD3E7F27A57: changes role from CANDIDATE to FOLLOWER at term 7 for DISCOVERED_A_NEW_TERM
2019-09-26 09:48:53,961 INFO  impl.RoleInfo (RoleInfo.java:shutdownLeaderElection(134)) - s1: shutdown LeaderElection
2019-09-26 09:48:53,961 INFO  impl.RoleInfo (RoleInfo.java:updateAndGet(143)) - s1: start FollowerState
2019-09-26 09:48:53,986 WARN  ratis.RaftTestUtil (JavaUtils.java:attempt(158)) - FAILED "waitForLeader-null-(expectLeader? true)", attempt #2/100: java.lang.IllegalStateException: No leader yet : printing ALL groups
  s0:  RUNNING  FOLLOWER s0@group-5BD3E7F27A57:t7, leader=null, voted=null, raftlog=s0@group-5BD3E7F27A57-SegmentedRaftLog:OPENED:c3,f4,i4, conf=3: [s0:0.0.0.0:41468, s1:0.0.0.0:41619, s2:0.0.0.0:44382], old=null RUNNING
  s1:  RUNNING  FOLLOWER s1@group-5BD3E7F27A57:t7, leader=null, voted=s1, raftlog=s1@group-5BD3E7F27A57-SegmentedRaftLog:OPENED:c2,f3,i3, conf=2: [s0:0.0.0.0:41468, s1:0.0.0.0:41619, s2:0.0.0.0:44382], old=null RUNNING
  s2:  RUNNING  FOLLOWER s2@group-5BD3E7F27A57:t7, leader=null, voted=null, raftlog=s2@group-5BD3E7F27A57-SegmentedRaftLog:OPENED:c1,f3,i3, conf=3: [s0:0.0.0.0:41468, s1:0.0.0.0:41619, s2:0.0.0.0:44382], old=null RUNNING, sleep 450ms and then retry.
java.lang.IllegalStateException: No leader yet : printing ALL groups
  s0:  RUNNING  FOLLOWER s0@group-5BD3E7F27A57:t7, leader=null, voted=null, raftlog=s0@group-5BD3E7F27A57-SegmentedRaftLog:OPENED:c3,f4,i4, conf=3: [s0:0.0.0.0:41468, s1:0.0.0.0:41619, s2:0.0.0.0:44382], old=null RUNNING
  s1:  RUNNING  FOLLOWER s1@group-5BD3E7F27A57:t7, leader=null, voted=s1, raftlog=s1@group-5BD3E7F27A57-SegmentedRaftLog:OPENED:c2,f3,i3, conf=2: [s0:0.0.0.0:41468, s1:0.0.0.0:41619, s2:0.0.0.0:44382], old=null RUNNING
  s2:  RUNNING  FOLLOWER s2@group-5BD3E7F27A57:t7, leader=null, voted=null, raftlog=s2@group-5BD3E7F27A57-SegmentedRaftLog:OPENED:c1,f3,i3, conf=3: [s0:0.0.0.0:41468, s1:0.0.0.0:41619, s2:0.0.0.0:44382], old=null RUNNING
	at org.apache.ratis.MiniRaftCluster.newIllegalStateExceptionForNoLeaders(MiniRaftCluster.java:506)
	at org.apache.ratis.RaftTestUtil.lambda$waitForLeader$1(RaftTestUtil.java:90)
	at org.apache.ratis.MiniRaftCluster.getLeader(MiniRaftCluster.java:539)
	at org.apache.ratis.MiniRaftCluster.getLeader(MiniRaftCluster.java:532)
	at org.apache.ratis.RaftTestUtil.lambda$waitForLeader$3(RaftTestUtil.java:98)
	at org.apache.ratis.util.JavaUtils.attempt(JavaUtils.java:152)
	at org.apache.ratis.RaftTestUtil.waitForLeader(RaftTestUtil.java:97)
	at org.apache.ratis.RaftTestUtil.waitForLeader(RaftTestUtil.java:77)
	at org.apache.ratis.RaftTestUtil.waitForLeader(RaftTestUtil.java:72)
	at org.apache.ratis.RaftTestUtil.lambda$changeLeader$7(RaftTestUtil.java:363)
	at org.apache.ratis.util.JavaUtils.attempt(JavaUtils.java:152)
	at org.apache.ratis.RaftTestUtil.changeLeader(RaftTestUtil.java:362)
	at org.apache.ratis.server.impl.LeaderElectionTests.testChangeLeader(LeaderElectionTests.java:81)
	at sun.reflect.NativeMethodAccessorImpl.invoke0(Native Method)
	at sun.reflect.NativeMethodAccessorImpl.invoke(NativeMethodAccessorImpl.java:62)
	at sun.reflect.DelegatingMethodAccessorImpl.invoke(DelegatingMethodAccessorImpl.java:43)
	at java.lang.reflect.Method.invoke(Method.java:498)
	at org.junit.runners.model.FrameworkMethod$1.runReflectiveCall(FrameworkMethod.java:50)
	at org.junit.internal.runners.model.ReflectiveCallable.run(ReflectiveCallable.java:12)
	at org.junit.runners.model.FrameworkMethod.invokeExplosively(FrameworkMethod.java:47)
	at org.junit.internal.runners.statements.InvokeMethod.evaluate(InvokeMethod.java:17)
	at org.junit.internal.runners.statements.RunAfters.evaluate(RunAfters.java:27)
	at org.junit.internal.runners.statements.FailOnTimeout$CallableStatement.call(FailOnTimeout.java:298)
	at org.junit.internal.runners.statements.FailOnTimeout$CallableStatement.call(FailOnTimeout.java:292)
	at java.util.concurrent.FutureTask.run(FutureTask.java:266)
	at java.lang.Thread.run(Thread.java:748)
2019-09-26 09:48:54,113 INFO  impl.FollowerState (FollowerState.java:run(108)) - s1@group-5BD3E7F27A57-FollowerState: change to CANDIDATE, lastRpcTime:151ms, electionTimeout:151ms
2019-09-26 09:48:54,113 INFO  impl.RoleInfo (RoleInfo.java:shutdownFollowerState(121)) - s1: shutdown FollowerState
2019-09-26 09:48:54,113 INFO  impl.RaftServerImpl (RaftServerImpl.java:setRole(170)) - s1@group-5BD3E7F27A57: changes role from  FOLLOWER to CANDIDATE at term 7 for changeToCandidate
2019-09-26 09:48:54,113 INFO  impl.RoleInfo (RoleInfo.java:updateAndGet(143)) - s1: start LeaderElection
2019-09-26 09:48:54,127 INFO  impl.LeaderElection (LeaderElection.java:askForVotes(178)) - s1@group-5BD3E7F27A57-LeaderElection41: begin an election at term 8 for 2: [s0:0.0.0.0:41468, s1:0.0.0.0:41619, s2:0.0.0.0:44382], old=null
2019-09-26 09:48:54,129 DEBUG impl.RaftServerImpl (RaftServerImpl.java:requestVote(743)) - s0@group-5BD3E7F27A57: receive requestVote(s1, group-5BD3E7F27A57, 8, (t:3, i:3))
2019-09-26 09:48:54,129 DEBUG impl.RaftServerImpl (RaftServerImpl.java:requestVote(743)) - s2@group-5BD3E7F27A57: receive requestVote(s1, group-5BD3E7F27A57, 8, (t:3, i:3))
2019-09-26 09:48:54,129 INFO  impl.RaftServerImpl (RaftServerImpl.java:setRole(170)) - s0@group-5BD3E7F27A57: changes role from  FOLLOWER to FOLLOWER at term 8 for recognizeCandidate:s1
2019-09-26 09:48:54,130 INFO  impl.RoleInfo (RoleInfo.java:shutdownFollowerState(121)) - s0: shutdown FollowerState
2019-09-26 09:48:54,129 INFO  impl.RaftServerImpl (RaftServerImpl.java:setRole(170)) - s2@group-5BD3E7F27A57: changes role from  FOLLOWER to FOLLOWER at term 8 for recognizeCandidate:s1
2019-09-26 09:48:54,130 INFO  impl.FollowerState (FollowerState.java:run(117)) - s0@group-5BD3E7F27A57-FollowerState was interrupted: java.lang.InterruptedException: sleep interrupted
2019-09-26 09:48:54,130 INFO  impl.RoleInfo (RoleInfo.java:updateAndGet(143)) - s0: start FollowerState
2019-09-26 09:48:54,130 INFO  impl.RoleInfo (RoleInfo.java:shutdownFollowerState(121)) - s2: shutdown FollowerState
2019-09-26 09:48:54,130 INFO  impl.RoleInfo (RoleInfo.java:updateAndGet(143)) - s2: start FollowerState
2019-09-26 09:48:54,130 INFO  impl.FollowerState (FollowerState.java:run(117)) - s2@group-5BD3E7F27A57-FollowerState was interrupted: java.lang.InterruptedException: sleep interrupted
2019-09-26 09:48:54,144 DEBUG impl.RaftServerImpl (RaftServerImpl.java:requestVote(775)) - s2@group-5BD3E7F27A57 replies to vote request: s1<-s2#0:FAIL-t8. Peer's state: s2@group-5BD3E7F27A57:t8, leader=null, voted=null, raftlog=s2@group-5BD3E7F27A57-SegmentedRaftLog:OPENED:c1,f3,i3, conf=3: [s0:0.0.0.0:41468, s1:0.0.0.0:41619, s2:0.0.0.0:44382], old=null
2019-09-26 09:48:54,144 DEBUG impl.RaftServerImpl (RaftServerImpl.java:requestVote(775)) - s0@group-5BD3E7F27A57 replies to vote request: s1<-s0#0:FAIL-t8. Peer's state: s0@group-5BD3E7F27A57:t8, leader=null, voted=null, raftlog=s0@group-5BD3E7F27A57-SegmentedRaftLog:OPENED:c3,f4,i4, conf=3: [s0:0.0.0.0:41468, s1:0.0.0.0:41619, s2:0.0.0.0:44382], old=null
2019-09-26 09:48:54,144 INFO  impl.LeaderElection (LeaderElection.java:logAndReturn(56)) - s1@group-5BD3E7F27A57-LeaderElection41: Election REJECTED; received 2 response(s) [s1<-s0#0:FAIL-t8, s1<-s2#0:FAIL-t8] and 0 exception(s); s1@group-5BD3E7F27A57:t8, leader=null, voted=s1, raftlog=s1@group-5BD3E7F27A57-SegmentedRaftLog:OPENED:c2,f3,i3, conf=2: [s0:0.0.0.0:41468, s1:0.0.0.0:41619, s2:0.0.0.0:44382], old=null
2019-09-26 09:48:54,144 INFO  impl.RaftServerImpl (RaftServerImpl.java:setRole(170)) - s1@group-5BD3E7F27A57: changes role from CANDIDATE to FOLLOWER at term 8 for DISCOVERED_A_NEW_TERM
2019-09-26 09:48:54,145 INFO  impl.RoleInfo (RoleInfo.java:shutdownLeaderElection(134)) - s1: shutdown LeaderElection
2019-09-26 09:48:54,145 INFO  impl.RoleInfo (RoleInfo.java:updateAndGet(143)) - s1: start FollowerState
2019-09-26 09:48:54,295 INFO  impl.FollowerState (FollowerState.java:run(108)) - s0@group-5BD3E7F27A57-FollowerState: change to CANDIDATE, lastRpcTime:165ms, electionTimeout:165ms
2019-09-26 09:48:54,296 INFO  impl.RoleInfo (RoleInfo.java:shutdownFollowerState(121)) - s0: shutdown FollowerState
2019-09-26 09:48:54,296 INFO  impl.RaftServerImpl (RaftServerImpl.java:setRole(170)) - s0@group-5BD3E7F27A57: changes role from  FOLLOWER to CANDIDATE at term 8 for changeToCandidate
2019-09-26 09:48:54,296 INFO  impl.RoleInfo (RoleInfo.java:updateAndGet(143)) - s0: start LeaderElection
2019-09-26 09:48:54,310 INFO  impl.LeaderElection (LeaderElection.java:askForVotes(178)) - s0@group-5BD3E7F27A57-LeaderElection42: begin an election at term 9 for 3: [s0:0.0.0.0:41468, s1:0.0.0.0:41619, s2:0.0.0.0:44382], old=null
2019-09-26 09:48:54,315 INFO  impl.FollowerState (FollowerState.java:run(108)) - s2@group-5BD3E7F27A57-FollowerState: change to CANDIDATE, lastRpcTime:184ms, electionTimeout:184ms
2019-09-26 09:48:54,315 INFO  impl.RoleInfo (RoleInfo.java:shutdownFollowerState(121)) - s2: shutdown FollowerState
2019-09-26 09:48:54,315 INFO  impl.RaftServerImpl (RaftServerImpl.java:setRole(170)) - s2@group-5BD3E7F27A57: changes role from  FOLLOWER to CANDIDATE at term 8 for changeToCandidate
2019-09-26 09:48:54,315 INFO  impl.RoleInfo (RoleInfo.java:updateAndGet(143)) - s2: start LeaderElection
2019-09-26 09:48:54,329 INFO  impl.LeaderElection (LeaderElection.java:askForVotes(178)) - s2@group-5BD3E7F27A57-LeaderElection43: begin an election at term 9 for 3: [s0:0.0.0.0:41468, s1:0.0.0.0:41619, s2:0.0.0.0:44382], old=null
2019-09-26 09:48:54,330 DEBUG impl.RaftServerImpl (RaftServerImpl.java:requestVote(743)) - s0@group-5BD3E7F27A57: receive requestVote(s2, group-5BD3E7F27A57, 9, (t:4, i:3))
2019-09-26 09:48:54,330 DEBUG impl.RaftServerImpl (RaftServerImpl.java:requestVote(775)) - s0@group-5BD3E7F27A57 replies to vote request: s2<-s0#0:FAIL-t9. Peer's state: s0@group-5BD3E7F27A57:t9, leader=null, voted=s0, raftlog=s0@group-5BD3E7F27A57-SegmentedRaftLog:OPENED:c3,f4,i4, conf=3: [s0:0.0.0.0:41468, s1:0.0.0.0:41619, s2:0.0.0.0:44382], old=null
2019-09-26 09:48:54,346 INFO  impl.FollowerState (FollowerState.java:run(108)) - s1@group-5BD3E7F27A57-FollowerState: change to CANDIDATE, lastRpcTime:201ms, electionTimeout:201ms
2019-09-26 09:48:54,346 INFO  impl.RoleInfo (RoleInfo.java:shutdownFollowerState(121)) - s1: shutdown FollowerState
2019-09-26 09:48:54,346 INFO  impl.RaftServerImpl (RaftServerImpl.java:setRole(170)) - s1@group-5BD3E7F27A57: changes role from  FOLLOWER to CANDIDATE at term 8 for changeToCandidate
2019-09-26 09:48:54,347 INFO  impl.RoleInfo (RoleInfo.java:updateAndGet(143)) - s1: start LeaderElection
2019-09-26 09:48:54,360 INFO  impl.LeaderElection (LeaderElection.java:askForVotes(178)) - s1@group-5BD3E7F27A57-LeaderElection44: begin an election at term 9 for 2: [s0:0.0.0.0:41468, s1:0.0.0.0:41619, s2:0.0.0.0:44382], old=null
2019-09-26 09:48:54,360 DEBUG impl.RaftServerImpl (RaftServerImpl.java:requestVote(743)) - s0@group-5BD3E7F27A57: receive requestVote(s1, group-5BD3E7F27A57, 9, (t:3, i:3))
2019-09-26 09:48:54,360 DEBUG impl.RaftServerImpl (RaftServerImpl.java:requestVote(775)) - s0@group-5BD3E7F27A57 replies to vote request: s1<-s0#0:FAIL-t9. Peer's state: s0@group-5BD3E7F27A57:t9, leader=null, voted=s0, raftlog=s0@group-5BD3E7F27A57-SegmentedRaftLog:OPENED:c3,f4,i4, conf=3: [s0:0.0.0.0:41468, s1:0.0.0.0:41619, s2:0.0.0.0:44382], old=null
2019-09-26 09:48:54,436 WARN  ratis.RaftTestUtil (JavaUtils.java:attempt(158)) - FAILED "waitForLeader-null-(expectLeader? true)", attempt #3/100: java.lang.IllegalStateException: No leader yet : printing ALL groups
  s0:  RUNNING CANDIDATE s0@group-5BD3E7F27A57:t9, leader=null, voted=s0, raftlog=s0@group-5BD3E7F27A57-SegmentedRaftLog:OPENED:c3,f4,i4, conf=3: [s0:0.0.0.0:41468, s1:0.0.0.0:41619, s2:0.0.0.0:44382], old=null RUNNING
  s1:  RUNNING CANDIDATE s1@group-5BD3E7F27A57:t9, leader=null, voted=s1, raftlog=s1@group-5BD3E7F27A57-SegmentedRaftLog:OPENED:c2,f3,i3, conf=2: [s0:0.0.0.0:41468, s1:0.0.0.0:41619, s2:0.0.0.0:44382], old=null RUNNING
  s2:  RUNNING CANDIDATE s2@group-5BD3E7F27A57:t9, leader=null, voted=s2, raftlog=s2@group-5BD3E7F27A57-SegmentedRaftLog:OPENED:c1,f3,i3, conf=3: [s0:0.0.0.0:41468, s1:0.0.0.0:41619, s2:0.0.0.0:44382], old=null RUNNING, sleep 450ms and then retry.
java.lang.IllegalStateException: No leader yet : printing ALL groups
  s0:  RUNNING CANDIDATE s0@group-5BD3E7F27A57:t9, leader=null, voted=s0, raftlog=s0@group-5BD3E7F27A57-SegmentedRaftLog:OPENED:c3,f4,i4, conf=3: [s0:0.0.0.0:41468, s1:0.0.0.0:41619, s2:0.0.0.0:44382], old=null RUNNING
  s1:  RUNNING CANDIDATE s1@group-5BD3E7F27A57:t9, leader=null, voted=s1, raftlog=s1@group-5BD3E7F27A57-SegmentedRaftLog:OPENED:c2,f3,i3, conf=2: [s0:0.0.0.0:41468, s1:0.0.0.0:41619, s2:0.0.0.0:44382], old=null RUNNING
  s2:  RUNNING CANDIDATE s2@group-5BD3E7F27A57:t9, leader=null, voted=s2, raftlog=s2@group-5BD3E7F27A57-SegmentedRaftLog:OPENED:c1,f3,i3, conf=3: [s0:0.0.0.0:41468, s1:0.0.0.0:41619, s2:0.0.0.0:44382], old=null RUNNING
	at org.apache.ratis.MiniRaftCluster.newIllegalStateExceptionForNoLeaders(MiniRaftCluster.java:506)
	at org.apache.ratis.RaftTestUtil.lambda$waitForLeader$1(RaftTestUtil.java:90)
	at org.apache.ratis.MiniRaftCluster.getLeader(MiniRaftCluster.java:539)
	at org.apache.ratis.MiniRaftCluster.getLeader(MiniRaftCluster.java:532)
	at org.apache.ratis.RaftTestUtil.lambda$waitForLeader$3(RaftTestUtil.java:98)
	at org.apache.ratis.util.JavaUtils.attempt(JavaUtils.java:152)
	at org.apache.ratis.RaftTestUtil.waitForLeader(RaftTestUtil.java:97)
	at org.apache.ratis.RaftTestUtil.waitForLeader(RaftTestUtil.java:77)
	at org.apache.ratis.RaftTestUtil.waitForLeader(RaftTestUtil.java:72)
	at org.apache.ratis.RaftTestUtil.lambda$changeLeader$7(RaftTestUtil.java:363)
	at org.apache.ratis.util.JavaUtils.attempt(JavaUtils.java:152)
	at org.apache.ratis.RaftTestUtil.changeLeader(RaftTestUtil.java:362)
	at org.apache.ratis.server.impl.LeaderElectionTests.testChangeLeader(LeaderElectionTests.java:81)
	at sun.reflect.NativeMethodAccessorImpl.invoke0(Native Method)
	at sun.reflect.NativeMethodAccessorImpl.invoke(NativeMethodAccessorImpl.java:62)
	at sun.reflect.DelegatingMethodAccessorImpl.invoke(DelegatingMethodAccessorImpl.java:43)
	at java.lang.reflect.Method.invoke(Method.java:498)
	at org.junit.runners.model.FrameworkMethod$1.runReflectiveCall(FrameworkMethod.java:50)
	at org.junit.internal.runners.model.ReflectiveCallable.run(ReflectiveCallable.java:12)
	at org.junit.runners.model.FrameworkMethod.invokeExplosively(FrameworkMethod.java:47)
	at org.junit.internal.runners.statements.InvokeMethod.evaluate(InvokeMethod.java:17)
	at org.junit.internal.runners.statements.RunAfters.evaluate(RunAfters.java:27)
	at org.junit.internal.runners.statements.FailOnTimeout$CallableStatement.call(FailOnTimeout.java:298)
	at org.junit.internal.runners.statements.FailOnTimeout$CallableStatement.call(FailOnTimeout.java:292)
	at java.util.concurrent.FutureTask.run(FutureTask.java:266)
	at java.lang.Thread.run(Thread.java:748)
2019-09-26 09:48:54,467 INFO  impl.LeaderElection (LeaderElection.java:logAndReturn(56)) - s0@group-5BD3E7F27A57-LeaderElection42: Election TIMEOUT; received 0 response(s) [] and 0 exception(s); s0@group-5BD3E7F27A57:t9, leader=null, voted=s0, raftlog=s0@group-5BD3E7F27A57-SegmentedRaftLog:OPENED:c3,f4,i4, conf=3: [s0:0.0.0.0:41468, s1:0.0.0.0:41619, s2:0.0.0.0:44382], old=null
2019-09-26 09:48:54,480 INFO  impl.LeaderElection (LeaderElection.java:askForVotes(178)) - s0@group-5BD3E7F27A57-LeaderElection42: begin an election at term 10 for 3: [s0:0.0.0.0:41468, s1:0.0.0.0:41619, s2:0.0.0.0:44382], old=null
2019-09-26 09:48:54,609 INFO  impl.LeaderElection (LeaderElection.java:logAndReturn(56)) - s2@group-5BD3E7F27A57-LeaderElection43: Election TIMEOUT; received 1 response(s) [s2<-s0#0:FAIL-t9] and 0 exception(s); s2@group-5BD3E7F27A57:t9, leader=null, voted=s2, raftlog=s2@group-5BD3E7F27A57-SegmentedRaftLog:OPENED:c1,f3,i3, conf=3: [s0:0.0.0.0:41468, s1:0.0.0.0:41619, s2:0.0.0.0:44382], old=null
2019-09-26 09:48:54,623 INFO  impl.LeaderElection (LeaderElection.java:askForVotes(178)) - s2@group-5BD3E7F27A57-LeaderElection43: begin an election at term 10 for 3: [s0:0.0.0.0:41468, s1:0.0.0.0:41619, s2:0.0.0.0:44382], old=null
2019-09-26 09:48:54,624 DEBUG impl.RaftServerImpl (RaftServerImpl.java:requestVote(743)) - s0@group-5BD3E7F27A57: receive requestVote(s2, group-5BD3E7F27A57, 10, (t:4, i:3))
2019-09-26 09:48:54,624 DEBUG impl.RaftServerImpl (RaftServerImpl.java:requestVote(775)) - s0@group-5BD3E7F27A57 replies to vote request: s2<-s0#0:FAIL-t10. Peer's state: s0@group-5BD3E7F27A57:t10, leader=null, voted=s0, raftlog=s0@group-5BD3E7F27A57-SegmentedRaftLog:OPENED:c3,f4,i4, conf=3: [s0:0.0.0.0:41468, s1:0.0.0.0:41619, s2:0.0.0.0:44382], old=null
2019-09-26 09:48:54,657 INFO  impl.LeaderElection (LeaderElection.java:logAndReturn(56)) - s1@group-5BD3E7F27A57-LeaderElection44: Election TIMEOUT; received 1 response(s) [s1<-s0#0:FAIL-t9] and 0 exception(s); s1@group-5BD3E7F27A57:t9, leader=null, voted=s1, raftlog=s1@group-5BD3E7F27A57-SegmentedRaftLog:OPENED:c2,f3,i3, conf=2: [s0:0.0.0.0:41468, s1:0.0.0.0:41619, s2:0.0.0.0:44382], old=null
2019-09-26 09:48:54,671 INFO  impl.LeaderElection (LeaderElection.java:askForVotes(178)) - s1@group-5BD3E7F27A57-LeaderElection44: begin an election at term 10 for 2: [s0:0.0.0.0:41468, s1:0.0.0.0:41619, s2:0.0.0.0:44382], old=null
2019-09-26 09:48:54,672 DEBUG impl.RaftServerImpl (RaftServerImpl.java:requestVote(743)) - s0@group-5BD3E7F27A57: receive requestVote(s1, group-5BD3E7F27A57, 10, (t:3, i:3))
2019-09-26 09:48:54,672 DEBUG impl.RaftServerImpl (RaftServerImpl.java:requestVote(775)) - s0@group-5BD3E7F27A57 replies to vote request: s1<-s0#0:FAIL-t10. Peer's state: s0@group-5BD3E7F27A57:t10, leader=null, voted=s0, raftlog=s0@group-5BD3E7F27A57-SegmentedRaftLog:OPENED:c3,f4,i4, conf=3: [s0:0.0.0.0:41468, s1:0.0.0.0:41619, s2:0.0.0.0:44382], old=null
2019-09-26 09:48:54,727 INFO  impl.LeaderElection (LeaderElection.java:logAndReturn(56)) - s0@group-5BD3E7F27A57-LeaderElection42: Election TIMEOUT; received 0 response(s) [] and 0 exception(s); s0@group-5BD3E7F27A57:t10, leader=null, voted=s0, raftlog=s0@group-5BD3E7F27A57-SegmentedRaftLog:OPENED:c3,f4,i4, conf=3: [s0:0.0.0.0:41468, s1:0.0.0.0:41619, s2:0.0.0.0:44382], old=null
2019-09-26 09:48:54,740 INFO  impl.LeaderElection (LeaderElection.java:askForVotes(178)) - s0@group-5BD3E7F27A57-LeaderElection42: begin an election at term 11 for 3: [s0:0.0.0.0:41468, s1:0.0.0.0:41619, s2:0.0.0.0:44382], old=null
2019-09-26 09:48:54,830 INFO  impl.LeaderElection (LeaderElection.java:logAndReturn(56)) - s2@group-5BD3E7F27A57-LeaderElection43: Election TIMEOUT; received 1 response(s) [s2<-s0#0:FAIL-t10] and 0 exception(s); s2@group-5BD3E7F27A57:t10, leader=null, voted=s2, raftlog=s2@group-5BD3E7F27A57-SegmentedRaftLog:OPENED:c1,f3,i3, conf=3: [s0:0.0.0.0:41468, s1:0.0.0.0:41619, s2:0.0.0.0:44382], old=null
2019-09-26 09:48:54,844 INFO  impl.LeaderElection (LeaderElection.java:askForVotes(178)) - s2@group-5BD3E7F27A57-LeaderElection43: begin an election at term 11 for 3: [s0:0.0.0.0:41468, s1:0.0.0.0:41619, s2:0.0.0.0:44382], old=null
2019-09-26 09:48:54,844 DEBUG impl.RaftServerImpl (RaftServerImpl.java:requestVote(743)) - s0@group-5BD3E7F27A57: receive requestVote(s2, group-5BD3E7F27A57, 11, (t:4, i:3))
2019-09-26 09:48:54,845 DEBUG impl.RaftServerImpl (RaftServerImpl.java:requestVote(775)) - s0@group-5BD3E7F27A57 replies to vote request: s2<-s0#0:FAIL-t11. Peer's state: s0@group-5BD3E7F27A57:t11, leader=null, voted=s0, raftlog=s0@group-5BD3E7F27A57-SegmentedRaftLog:OPENED:c3,f4,i4, conf=3: [s0:0.0.0.0:41468, s1:0.0.0.0:41619, s2:0.0.0.0:44382], old=null
2019-09-26 09:48:54,886 INFO  impl.LeaderElection (LeaderElection.java:logAndReturn(56)) - s1@group-5BD3E7F27A57-LeaderElection44: Election TIMEOUT; received 1 response(s) [s1<-s0#0:FAIL-t10] and 0 exception(s); s1@group-5BD3E7F27A57:t10, leader=null, voted=s1, raftlog=s1@group-5BD3E7F27A57-SegmentedRaftLog:OPENED:c2,f3,i3, conf=2: [s0:0.0.0.0:41468, s1:0.0.0.0:41619, s2:0.0.0.0:44382], old=null
2019-09-26 09:48:54,888 WARN  ratis.RaftTestUtil (JavaUtils.java:attempt(158)) - FAILED "waitForLeader-null-(expectLeader? true)", attempt #4/100: java.lang.IllegalStateException: No leader yet : printing ALL groups
  s0:  RUNNING CANDIDATE s0@group-5BD3E7F27A57:t11, leader=null, voted=s0, raftlog=s0@group-5BD3E7F27A57-SegmentedRaftLog:OPENED:c3,f4,i4, conf=3: [s0:0.0.0.0:41468, s1:0.0.0.0:41619, s2:0.0.0.0:44382], old=null RUNNING
  s1:  RUNNING CANDIDATE s1@group-5BD3E7F27A57:t11, leader=null, voted=s1, raftlog=s1@group-5BD3E7F27A57-SegmentedRaftLog:OPENED:c2,f3,i3, conf=2: [s0:0.0.0.0:41468, s1:0.0.0.0:41619, s2:0.0.0.0:44382], old=null RUNNING
  s2:  RUNNING CANDIDATE s2@group-5BD3E7F27A57:t11, leader=null, voted=s2, raftlog=s2@group-5BD3E7F27A57-SegmentedRaftLog:OPENED:c1,f3,i3, conf=3: [s0:0.0.0.0:41468, s1:0.0.0.0:41619, s2:0.0.0.0:44382], old=null RUNNING, sleep 450ms and then retry.
java.lang.IllegalStateException: No leader yet : printing ALL groups
  s0:  RUNNING CANDIDATE s0@group-5BD3E7F27A57:t11, leader=null, voted=s0, raftlog=s0@group-5BD3E7F27A57-SegmentedRaftLog:OPENED:c3,f4,i4, conf=3: [s0:0.0.0.0:41468, s1:0.0.0.0:41619, s2:0.0.0.0:44382], old=null RUNNING
  s1:  RUNNING CANDIDATE s1@group-5BD3E7F27A57:t11, leader=null, voted=s1, raftlog=s1@group-5BD3E7F27A57-SegmentedRaftLog:OPENED:c2,f3,i3, conf=2: [s0:0.0.0.0:41468, s1:0.0.0.0:41619, s2:0.0.0.0:44382], old=null RUNNING
  s2:  RUNNING CANDIDATE s2@group-5BD3E7F27A57:t11, leader=null, voted=s2, raftlog=s2@group-5BD3E7F27A57-SegmentedRaftLog:OPENED:c1,f3,i3, conf=3: [s0:0.0.0.0:41468, s1:0.0.0.0:41619, s2:0.0.0.0:44382], old=null RUNNING
	at org.apache.ratis.MiniRaftCluster.newIllegalStateExceptionForNoLeaders(MiniRaftCluster.java:506)
	at org.apache.ratis.RaftTestUtil.lambda$waitForLeader$1(RaftTestUtil.java:90)
	at org.apache.ratis.MiniRaftCluster.getLeader(MiniRaftCluster.java:539)
	at org.apache.ratis.MiniRaftCluster.getLeader(MiniRaftCluster.java:532)
	at org.apache.ratis.RaftTestUtil.lambda$waitForLeader$3(RaftTestUtil.java:98)
	at org.apache.ratis.util.JavaUtils.attempt(JavaUtils.java:152)
	at org.apache.ratis.RaftTestUtil.waitForLeader(RaftTestUtil.java:97)
	at org.apache.ratis.RaftTestUtil.waitForLeader(RaftTestUtil.java:77)
	at org.apache.ratis.RaftTestUtil.waitForLeader(RaftTestUtil.java:72)
	at org.apache.ratis.RaftTestUtil.lambda$changeLeader$7(RaftTestUtil.java:363)
	at org.apache.ratis.util.JavaUtils.attempt(JavaUtils.java:152)
	at org.apache.ratis.RaftTestUtil.changeLeader(RaftTestUtil.java:362)
	at org.apache.ratis.server.impl.LeaderElectionTests.testChangeLeader(LeaderElectionTests.java:81)
	at sun.reflect.NativeMethodAccessorImpl.invoke0(Native Method)
	at sun.reflect.NativeMethodAccessorImpl.invoke(NativeMethodAccessorImpl.java:62)
	at sun.reflect.DelegatingMethodAccessorImpl.invoke(DelegatingMethodAccessorImpl.java:43)
	at java.lang.reflect.Method.invoke(Method.java:498)
	at org.junit.runners.model.FrameworkMethod$1.runReflectiveCall(FrameworkMethod.java:50)
	at org.junit.internal.runners.model.ReflectiveCallable.run(ReflectiveCallable.java:12)
	at org.junit.runners.model.FrameworkMethod.invokeExplosively(FrameworkMethod.java:47)
	at org.junit.internal.runners.statements.InvokeMethod.evaluate(InvokeMethod.java:17)
	at org.junit.internal.runners.statements.RunAfters.evaluate(RunAfters.java:27)
	at org.junit.internal.runners.statements.FailOnTimeout$CallableStatement.call(FailOnTimeout.java:298)
	at org.junit.internal.runners.statements.FailOnTimeout$CallableStatement.call(FailOnTimeout.java:292)
	at java.util.concurrent.FutureTask.run(FutureTask.java:266)
	at java.lang.Thread.run(Thread.java:748)
2019-09-26 09:48:54,899 INFO  impl.LeaderElection (LeaderElection.java:askForVotes(178)) - s1@group-5BD3E7F27A57-LeaderElection44: begin an election at term 11 for 2: [s0:0.0.0.0:41468, s1:0.0.0.0:41619, s2:0.0.0.0:44382], old=null
2019-09-26 09:48:54,900 DEBUG impl.RaftServerImpl (RaftServerImpl.java:requestVote(743)) - s0@group-5BD3E7F27A57: receive requestVote(s1, group-5BD3E7F27A57, 11, (t:3, i:3))
2019-09-26 09:48:54,900 DEBUG impl.RaftServerImpl (RaftServerImpl.java:requestVote(775)) - s0@group-5BD3E7F27A57 replies to vote request: s1<-s0#0:FAIL-t11. Peer's state: s0@group-5BD3E7F27A57:t11, leader=null, voted=s0, raftlog=s0@group-5BD3E7F27A57-SegmentedRaftLog:OPENED:c3,f4,i4, conf=3: [s0:0.0.0.0:41468, s1:0.0.0.0:41619, s2:0.0.0.0:44382], old=null
2019-09-26 09:48:55,031 INFO  impl.LeaderElection (LeaderElection.java:logAndReturn(56)) - s0@group-5BD3E7F27A57-LeaderElection42: Election TIMEOUT; received 0 response(s) [] and 0 exception(s); s0@group-5BD3E7F27A57:t11, leader=null, voted=s0, raftlog=s0@group-5BD3E7F27A57-SegmentedRaftLog:OPENED:c3,f4,i4, conf=3: [s0:0.0.0.0:41468, s1:0.0.0.0:41619, s2:0.0.0.0:44382], old=null
2019-09-26 09:48:55,044 INFO  impl.LeaderElection (LeaderElection.java:askForVotes(178)) - s0@group-5BD3E7F27A57-LeaderElection42: begin an election at term 12 for 3: [s0:0.0.0.0:41468, s1:0.0.0.0:41619, s2:0.0.0.0:44382], old=null
2019-09-26 09:48:55,058 INFO  impl.LeaderElection (LeaderElection.java:logAndReturn(56)) - s2@group-5BD3E7F27A57-LeaderElection43: Election TIMEOUT; received 1 response(s) [s2<-s0#0:FAIL-t11] and 0 exception(s); s2@group-5BD3E7F27A57:t11, leader=null, voted=s2, raftlog=s2@group-5BD3E7F27A57-SegmentedRaftLog:OPENED:c1,f3,i3, conf=3: [s0:0.0.0.0:41468, s1:0.0.0.0:41619, s2:0.0.0.0:44382], old=null
2019-09-26 09:48:55,072 INFO  impl.LeaderElection (LeaderElection.java:askForVotes(178)) - s2@group-5BD3E7F27A57-LeaderElection43: begin an election at term 12 for 3: [s0:0.0.0.0:41468, s1:0.0.0.0:41619, s2:0.0.0.0:44382], old=null
2019-09-26 09:48:55,072 DEBUG impl.RaftServerImpl (RaftServerImpl.java:requestVote(743)) - s0@group-5BD3E7F27A57: receive requestVote(s2, group-5BD3E7F27A57, 12, (t:4, i:3))
2019-09-26 09:48:55,073 DEBUG impl.RaftServerImpl (RaftServerImpl.java:requestVote(775)) - s0@group-5BD3E7F27A57 replies to vote request: s2<-s0#0:FAIL-t12. Peer's state: s0@group-5BD3E7F27A57:t12, leader=null, voted=s0, raftlog=s0@group-5BD3E7F27A57-SegmentedRaftLog:OPENED:c3,f4,i4, conf=3: [s0:0.0.0.0:41468, s1:0.0.0.0:41619, s2:0.0.0.0:44382], old=null
2019-09-26 09:48:55,130 INFO  impl.LeaderElection (LeaderElection.java:logAndReturn(56)) - s1@group-5BD3E7F27A57-LeaderElection44: Election TIMEOUT; received 1 response(s) [s1<-s0#0:FAIL-t11] and 0 exception(s); s1@group-5BD3E7F27A57:t11, leader=null, voted=s1, raftlog=s1@group-5BD3E7F27A57-SegmentedRaftLog:OPENED:c2,f3,i3, conf=2: [s0:0.0.0.0:41468, s1:0.0.0.0:41619, s2:0.0.0.0:44382], old=null
2019-09-26 09:48:55,143 INFO  impl.LeaderElection (LeaderElection.java:askForVotes(178)) - s1@group-5BD3E7F27A57-LeaderElection44: begin an election at term 12 for 2: [s0:0.0.0.0:41468, s1:0.0.0.0:41619, s2:0.0.0.0:44382], old=null
2019-09-26 09:48:55,144 DEBUG impl.RaftServerImpl (RaftServerImpl.java:requestVote(743)) - s0@group-5BD3E7F27A57: receive requestVote(s1, group-5BD3E7F27A57, 12, (t:3, i:3))
2019-09-26 09:48:55,144 DEBUG impl.RaftServerImpl (RaftServerImpl.java:requestVote(775)) - s0@group-5BD3E7F27A57 replies to vote request: s1<-s0#0:FAIL-t12. Peer's state: s0@group-5BD3E7F27A57:t12, leader=null, voted=s0, raftlog=s0@group-5BD3E7F27A57-SegmentedRaftLog:OPENED:c3,f4,i4, conf=3: [s0:0.0.0.0:41468, s1:0.0.0.0:41619, s2:0.0.0.0:44382], old=null
2019-09-26 09:48:55,209 INFO  impl.LeaderElection (LeaderElection.java:logAndReturn(56)) - s0@group-5BD3E7F27A57-LeaderElection42: Election TIMEOUT; received 0 response(s) [] and 0 exception(s); s0@group-5BD3E7F27A57:t12, leader=null, voted=s0, raftlog=s0@group-5BD3E7F27A57-SegmentedRaftLog:OPENED:c3,f4,i4, conf=3: [s0:0.0.0.0:41468, s1:0.0.0.0:41619, s2:0.0.0.0:44382], old=null
2019-09-26 09:48:55,222 INFO  impl.LeaderElection (LeaderElection.java:askForVotes(178)) - s0@group-5BD3E7F27A57-LeaderElection42: begin an election at term 13 for 3: [s0:0.0.0.0:41468, s1:0.0.0.0:41619, s2:0.0.0.0:44382], old=null
2019-09-26 09:48:55,299 INFO  impl.LeaderElection (LeaderElection.java:logAndReturn(56)) - s1@group-5BD3E7F27A57-LeaderElection44: Election TIMEOUT; received 1 response(s) [s1<-s0#0:FAIL-t12] and 0 exception(s); s1@group-5BD3E7F27A57:t12, leader=null, voted=s1, raftlog=s1@group-5BD3E7F27A57-SegmentedRaftLog:OPENED:c2,f3,i3, conf=2: [s0:0.0.0.0:41468, s1:0.0.0.0:41619, s2:0.0.0.0:44382], old=null
2019-09-26 09:48:55,312 INFO  impl.LeaderElection (LeaderElection.java:askForVotes(178)) - s1@group-5BD3E7F27A57-LeaderElection44: begin an election at term 13 for 2: [s0:0.0.0.0:41468, s1:0.0.0.0:41619, s2:0.0.0.0:44382], old=null
2019-09-26 09:48:55,313 DEBUG impl.RaftServerImpl (RaftServerImpl.java:requestVote(743)) - s0@group-5BD3E7F27A57: receive requestVote(s1, group-5BD3E7F27A57, 13, (t:3, i:3))
2019-09-26 09:48:55,313 DEBUG impl.RaftServerImpl (RaftServerImpl.java:requestVote(775)) - s0@group-5BD3E7F27A57 replies to vote request: s1<-s0#0:FAIL-t13. Peer's state: s0@group-5BD3E7F27A57:t13, leader=null, voted=s0, raftlog=s0@group-5BD3E7F27A57-SegmentedRaftLog:OPENED:c3,f4,i4, conf=3: [s0:0.0.0.0:41468, s1:0.0.0.0:41619, s2:0.0.0.0:44382], old=null
2019-09-26 09:48:55,339 WARN  ratis.RaftTestUtil (JavaUtils.java:attempt(158)) - FAILED "waitForLeader-null-(expectLeader? true)", attempt #5/100: java.lang.IllegalStateException: No leader yet : printing ALL groups
  s0:  RUNNING CANDIDATE s0@group-5BD3E7F27A57:t13, leader=null, voted=s0, raftlog=s0@group-5BD3E7F27A57-SegmentedRaftLog:OPENED:c3,f4,i4, conf=3: [s0:0.0.0.0:41468, s1:0.0.0.0:41619, s2:0.0.0.0:44382], old=null RUNNING
  s1:  RUNNING CANDIDATE s1@group-5BD3E7F27A57:t13, leader=null, voted=s1, raftlog=s1@group-5BD3E7F27A57-SegmentedRaftLog:OPENED:c2,f3,i3, conf=2: [s0:0.0.0.0:41468, s1:0.0.0.0:41619, s2:0.0.0.0:44382], old=null RUNNING
  s2:  RUNNING CANDIDATE s2@group-5BD3E7F27A57:t12, leader=null, voted=s2, raftlog=s2@group-5BD3E7F27A57-SegmentedRaftLog:OPENED:c1,f3,i3, conf=3: [s0:0.0.0.0:41468, s1:0.0.0.0:41619, s2:0.0.0.0:44382], old=null RUNNING, sleep 450ms and then retry.
java.lang.IllegalStateException: No leader yet : printing ALL groups
  s0:  RUNNING CANDIDATE s0@group-5BD3E7F27A57:t13, leader=null, voted=s0, raftlog=s0@group-5BD3E7F27A57-SegmentedRaftLog:OPENED:c3,f4,i4, conf=3: [s0:0.0.0.0:41468, s1:0.0.0.0:41619, s2:0.0.0.0:44382], old=null RUNNING
  s1:  RUNNING CANDIDATE s1@group-5BD3E7F27A57:t13, leader=null, voted=s1, raftlog=s1@group-5BD3E7F27A57-SegmentedRaftLog:OPENED:c2,f3,i3, conf=2: [s0:0.0.0.0:41468, s1:0.0.0.0:41619, s2:0.0.0.0:44382], old=null RUNNING
  s2:  RUNNING CANDIDATE s2@group-5BD3E7F27A57:t12, leader=null, voted=s2, raftlog=s2@group-5BD3E7F27A57-SegmentedRaftLog:OPENED:c1,f3,i3, conf=3: [s0:0.0.0.0:41468, s1:0.0.0.0:41619, s2:0.0.0.0:44382], old=null RUNNING
	at org.apache.ratis.MiniRaftCluster.newIllegalStateExceptionForNoLeaders(MiniRaftCluster.java:506)
	at org.apache.ratis.RaftTestUtil.lambda$waitForLeader$1(RaftTestUtil.java:90)
	at org.apache.ratis.MiniRaftCluster.getLeader(MiniRaftCluster.java:539)
	at org.apache.ratis.MiniRaftCluster.getLeader(MiniRaftCluster.java:532)
	at org.apache.ratis.RaftTestUtil.lambda$waitForLeader$3(RaftTestUtil.java:98)
	at org.apache.ratis.util.JavaUtils.attempt(JavaUtils.java:152)
	at org.apache.ratis.RaftTestUtil.waitForLeader(RaftTestUtil.java:97)
	at org.apache.ratis.RaftTestUtil.waitForLeader(RaftTestUtil.java:77)
	at org.apache.ratis.RaftTestUtil.waitForLeader(RaftTestUtil.java:72)
	at org.apache.ratis.RaftTestUtil.lambda$changeLeader$7(RaftTestUtil.java:363)
	at org.apache.ratis.util.JavaUtils.attempt(JavaUtils.java:152)
	at org.apache.ratis.RaftTestUtil.changeLeader(RaftTestUtil.java:362)
	at org.apache.ratis.server.impl.LeaderElectionTests.testChangeLeader(LeaderElectionTests.java:81)
	at sun.reflect.NativeMethodAccessorImpl.invoke0(Native Method)
	at sun.reflect.NativeMethodAccessorImpl.invoke(NativeMethodAccessorImpl.java:62)
	at sun.reflect.DelegatingMethodAccessorImpl.invoke(DelegatingMethodAccessorImpl.java:43)
	at java.lang.reflect.Method.invoke(Method.java:498)
	at org.junit.runners.model.FrameworkMethod$1.runReflectiveCall(FrameworkMethod.java:50)
	at org.junit.internal.runners.model.ReflectiveCallable.run(ReflectiveCallable.java:12)
	at org.junit.runners.model.FrameworkMethod.invokeExplosively(FrameworkMethod.java:47)
	at org.junit.internal.runners.statements.InvokeMethod.evaluate(InvokeMethod.java:17)
	at org.junit.internal.runners.statements.RunAfters.evaluate(RunAfters.java:27)
	at org.junit.internal.runners.statements.FailOnTimeout$CallableStatement.call(FailOnTimeout.java:298)
	at org.junit.internal.runners.statements.FailOnTimeout$CallableStatement.call(FailOnTimeout.java:292)
	at java.util.concurrent.FutureTask.run(FutureTask.java:266)
	at java.lang.Thread.run(Thread.java:748)
2019-09-26 09:48:55,353 INFO  impl.LeaderElection (LeaderElection.java:logAndReturn(56)) - s2@group-5BD3E7F27A57-LeaderElection43: Election TIMEOUT; received 1 response(s) [s2<-s0#0:FAIL-t12] and 0 exception(s); s2@group-5BD3E7F27A57:t12, leader=null, voted=s2, raftlog=s2@group-5BD3E7F27A57-SegmentedRaftLog:OPENED:c1,f3,i3, conf=3: [s0:0.0.0.0:41468, s1:0.0.0.0:41619, s2:0.0.0.0:44382], old=null
2019-09-26 09:48:55,366 INFO  impl.LeaderElection (LeaderElection.java:askForVotes(178)) - s2@group-5BD3E7F27A57-LeaderElection43: begin an election at term 13 for 3: [s0:0.0.0.0:41468, s1:0.0.0.0:41619, s2:0.0.0.0:44382], old=null
2019-09-26 09:48:55,367 DEBUG impl.RaftServerImpl (RaftServerImpl.java:requestVote(743)) - s0@group-5BD3E7F27A57: receive requestVote(s2, group-5BD3E7F27A57, 13, (t:4, i:3))
2019-09-26 09:48:55,367 DEBUG impl.RaftServerImpl (RaftServerImpl.java:requestVote(775)) - s0@group-5BD3E7F27A57 replies to vote request: s2<-s0#0:FAIL-t13. Peer's state: s0@group-5BD3E7F27A57:t13, leader=null, voted=s0, raftlog=s0@group-5BD3E7F27A57-SegmentedRaftLog:OPENED:c3,f4,i4, conf=3: [s0:0.0.0.0:41468, s1:0.0.0.0:41619, s2:0.0.0.0:44382], old=null
2019-09-26 09:48:55,506 INFO  impl.LeaderElection (LeaderElection.java:logAndReturn(56)) - s0@group-5BD3E7F27A57-LeaderElection42: Election TIMEOUT; received 0 response(s) [] and 0 exception(s); s0@group-5BD3E7F27A57:t13, leader=null, voted=s0, raftlog=s0@group-5BD3E7F27A57-SegmentedRaftLog:OPENED:c3,f4,i4, conf=3: [s0:0.0.0.0:41468, s1:0.0.0.0:41619, s2:0.0.0.0:44382], old=null
2019-09-26 09:48:55,521 INFO  impl.LeaderElection (LeaderElection.java:logAndReturn(56)) - s1@group-5BD3E7F27A57-LeaderElection44: Election TIMEOUT; received 1 response(s) [s1<-s0#0:FAIL-t13] and 0 exception(s); s1@group-5BD3E7F27A57:t13, leader=null, voted=s1, raftlog=s1@group-5BD3E7F27A57-SegmentedRaftLog:OPENED:c2,f3,i3, conf=2: [s0:0.0.0.0:41468, s1:0.0.0.0:41619, s2:0.0.0.0:44382], old=null
2019-09-26 09:48:55,535 INFO  impl.LeaderElection (LeaderElection.java:askForVotes(178)) - s1@group-5BD3E7F27A57-LeaderElection44: begin an election at term 14 for 2: [s0:0.0.0.0:41468, s1:0.0.0.0:41619, s2:0.0.0.0:44382], old=null
2019-09-26 09:48:55,535 INFO  impl.LeaderElection (LeaderElection.java:askForVotes(178)) - s0@group-5BD3E7F27A57-LeaderElection42: begin an election at term 14 for 3: [s0:0.0.0.0:41468, s1:0.0.0.0:41619, s2:0.0.0.0:44382], old=null
2019-09-26 09:48:55,535 DEBUG impl.RaftServerImpl (RaftServerImpl.java:requestVote(743)) - s0@group-5BD3E7F27A57: receive requestVote(s1, group-5BD3E7F27A57, 14, (t:3, i:3))
2019-09-26 09:48:55,536 DEBUG impl.RaftServerImpl (RaftServerImpl.java:requestVote(775)) - s0@group-5BD3E7F27A57 replies to vote request: s1<-s0#0:FAIL-t14. Peer's state: s0@group-5BD3E7F27A57:t14, leader=null, voted=s0, raftlog=s0@group-5BD3E7F27A57-SegmentedRaftLog:OPENED:c3,f4,i4, conf=3: [s0:0.0.0.0:41468, s1:0.0.0.0:41619, s2:0.0.0.0:44382], old=null
2019-09-26 09:48:55,562 INFO  impl.LeaderElection (LeaderElection.java:logAndReturn(56)) - s2@group-5BD3E7F27A57-LeaderElection43: Election TIMEOUT; received 1 response(s) [s2<-s0#0:FAIL-t13] and 0 exception(s); s2@group-5BD3E7F27A57:t13, leader=null, voted=s2, raftlog=s2@group-5BD3E7F27A57-SegmentedRaftLog:OPENED:c1,f3,i3, conf=3: [s0:0.0.0.0:41468, s1:0.0.0.0:41619, s2:0.0.0.0:44382], old=null
2019-09-26 09:48:55,575 INFO  impl.LeaderElection (LeaderElection.java:askForVotes(178)) - s2@group-5BD3E7F27A57-LeaderElection43: begin an election at term 14 for 3: [s0:0.0.0.0:41468, s1:0.0.0.0:41619, s2:0.0.0.0:44382], old=null
2019-09-26 09:48:55,576 DEBUG impl.RaftServerImpl (RaftServerImpl.java:requestVote(743)) - s0@group-5BD3E7F27A57: receive requestVote(s2, group-5BD3E7F27A57, 14, (t:4, i:3))
2019-09-26 09:48:55,576 DEBUG impl.RaftServerImpl (RaftServerImpl.java:requestVote(775)) - s0@group-5BD3E7F27A57 replies to vote request: s2<-s0#0:FAIL-t14. Peer's state: s0@group-5BD3E7F27A57:t14, leader=null, voted=s0, raftlog=s0@group-5BD3E7F27A57-SegmentedRaftLog:OPENED:c3,f4,i4, conf=3: [s0:0.0.0.0:41468, s1:0.0.0.0:41619, s2:0.0.0.0:44382], old=null
2019-09-26 09:48:55,706 INFO  impl.LeaderElection (LeaderElection.java:logAndReturn(56)) - s1@group-5BD3E7F27A57-LeaderElection44: Election TIMEOUT; received 1 response(s) [s1<-s0#0:FAIL-t14] and 0 exception(s); s1@group-5BD3E7F27A57:t14, leader=null, voted=s1, raftlog=s1@group-5BD3E7F27A57-SegmentedRaftLog:OPENED:c2,f3,i3, conf=2: [s0:0.0.0.0:41468, s1:0.0.0.0:41619, s2:0.0.0.0:44382], old=null
2019-09-26 09:48:55,727 INFO  impl.LeaderElection (LeaderElection.java:askForVotes(178)) - s1@group-5BD3E7F27A57-LeaderElection44: begin an election at term 15 for 2: [s0:0.0.0.0:41468, s1:0.0.0.0:41619, s2:0.0.0.0:44382], old=null
2019-09-26 09:48:55,728 DEBUG impl.RaftServerImpl (RaftServerImpl.java:requestVote(743)) - s0@group-5BD3E7F27A57: receive requestVote(s1, group-5BD3E7F27A57, 15, (t:3, i:3))
2019-09-26 09:48:55,728 INFO  impl.RaftServerImpl (RaftServerImpl.java:setRole(170)) - s0@group-5BD3E7F27A57: changes role from CANDIDATE to FOLLOWER at term 15 for recognizeCandidate:s1
2019-09-26 09:48:55,728 INFO  impl.RoleInfo (RoleInfo.java:shutdownLeaderElection(134)) - s0: shutdown LeaderElection
2019-09-26 09:48:55,728 INFO  impl.RoleInfo (RoleInfo.java:updateAndGet(143)) - s0: start FollowerState
2019-09-26 09:48:55,742 DEBUG impl.RaftServerImpl (RaftServerImpl.java:requestVote(775)) - s0@group-5BD3E7F27A57 replies to vote request: s1<-s0#0:FAIL-t15. Peer's state: s0@group-5BD3E7F27A57:t15, leader=null, voted=null, raftlog=s0@group-5BD3E7F27A57-SegmentedRaftLog:OPENED:c3,f4,i4, conf=3: [s0:0.0.0.0:41468, s1:0.0.0.0:41619, s2:0.0.0.0:44382], old=null
2019-09-26 09:48:55,787 INFO  impl.LeaderElection (LeaderElection.java:logAndReturn(56)) - s0@group-5BD3E7F27A57-LeaderElection42: Election REJECTED; received 0 response(s) [] and 0 exception(s); s0@group-5BD3E7F27A57:t15, leader=null, voted=null, raftlog=s0@group-5BD3E7F27A57-SegmentedRaftLog:OPENED:c3,f4,i4, conf=3: [s0:0.0.0.0:41468, s1:0.0.0.0:41619, s2:0.0.0.0:44382], old=null
2019-09-26 09:48:55,790 WARN  ratis.RaftTestUtil (JavaUtils.java:attempt(158)) - FAILED "waitForLeader-null-(expectLeader? true)", attempt #6/100: java.lang.IllegalStateException: No leader yet : printing ALL groups
  s0:  RUNNING  FOLLOWER s0@group-5BD3E7F27A57:t15, leader=null, voted=null, raftlog=s0@group-5BD3E7F27A57-SegmentedRaftLog:OPENED:c3,f4,i4, conf=3: [s0:0.0.0.0:41468, s1:0.0.0.0:41619, s2:0.0.0.0:44382], old=null RUNNING
  s1:  RUNNING CANDIDATE s1@group-5BD3E7F27A57:t15, leader=null, voted=s1, raftlog=s1@group-5BD3E7F27A57-SegmentedRaftLog:OPENED:c2,f3,i3, conf=2: [s0:0.0.0.0:41468, s1:0.0.0.0:41619, s2:0.0.0.0:44382], old=null RUNNING
  s2:  RUNNING CANDIDATE s2@group-5BD3E7F27A57:t14, leader=null, voted=s2, raftlog=s2@group-5BD3E7F27A57-SegmentedRaftLog:OPENED:c1,f3,i3, conf=3: [s0:0.0.0.0:41468, s1:0.0.0.0:41619, s2:0.0.0.0:44382], old=null RUNNING, sleep 450ms and then retry.
java.lang.IllegalStateException: No leader yet : printing ALL groups
  s0:  RUNNING  FOLLOWER s0@group-5BD3E7F27A57:t15, leader=null, voted=null, raftlog=s0@group-5BD3E7F27A57-SegmentedRaftLog:OPENED:c3,f4,i4, conf=3: [s0:0.0.0.0:41468, s1:0.0.0.0:41619, s2:0.0.0.0:44382], old=null RUNNING
  s1:  RUNNING CANDIDATE s1@group-5BD3E7F27A57:t15, leader=null, voted=s1, raftlog=s1@group-5BD3E7F27A57-SegmentedRaftLog:OPENED:c2,f3,i3, conf=2: [s0:0.0.0.0:41468, s1:0.0.0.0:41619, s2:0.0.0.0:44382], old=null RUNNING
  s2:  RUNNING CANDIDATE s2@group-5BD3E7F27A57:t14, leader=null, voted=s2, raftlog=s2@group-5BD3E7F27A57-SegmentedRaftLog:OPENED:c1,f3,i3, conf=3: [s0:0.0.0.0:41468, s1:0.0.0.0:41619, s2:0.0.0.0:44382], old=null RUNNING
	at org.apache.ratis.MiniRaftCluster.newIllegalStateExceptionForNoLeaders(MiniRaftCluster.java:506)
	at org.apache.ratis.RaftTestUtil.lambda$waitForLeader$1(RaftTestUtil.java:90)
	at org.apache.ratis.MiniRaftCluster.getLeader(MiniRaftCluster.java:539)
	at org.apache.ratis.MiniRaftCluster.getLeader(MiniRaftCluster.java:532)
	at org.apache.ratis.RaftTestUtil.lambda$waitForLeader$3(RaftTestUtil.java:98)
	at org.apache.ratis.util.JavaUtils.attempt(JavaUtils.java:152)
	at org.apache.ratis.RaftTestUtil.waitForLeader(RaftTestUtil.java:97)
	at org.apache.ratis.RaftTestUtil.waitForLeader(RaftTestUtil.java:77)
	at org.apache.ratis.RaftTestUtil.waitForLeader(RaftTestUtil.java:72)
	at org.apache.ratis.RaftTestUtil.lambda$changeLeader$7(RaftTestUtil.java:363)
	at org.apache.ratis.util.JavaUtils.attempt(JavaUtils.java:152)
	at org.apache.ratis.RaftTestUtil.changeLeader(RaftTestUtil.java:362)
	at org.apache.ratis.server.impl.LeaderElectionTests.testChangeLeader(LeaderElectionTests.java:81)
	at sun.reflect.NativeMethodAccessorImpl.invoke0(Native Method)
	at sun.reflect.NativeMethodAccessorImpl.invoke(NativeMethodAccessorImpl.java:62)
	at sun.reflect.DelegatingMethodAccessorImpl.invoke(DelegatingMethodAccessorImpl.java:43)
	at java.lang.reflect.Method.invoke(Method.java:498)
	at org.junit.runners.model.FrameworkMethod$1.runReflectiveCall(FrameworkMethod.java:50)
	at org.junit.internal.runners.model.ReflectiveCallable.run(ReflectiveCallable.java:12)
	at org.junit.runners.model.FrameworkMethod.invokeExplosively(FrameworkMethod.java:47)
	at org.junit.internal.runners.statements.InvokeMethod.evaluate(InvokeMethod.java:17)
	at org.junit.internal.runners.statements.RunAfters.evaluate(RunAfters.java:27)
	at org.junit.internal.runners.statements.FailOnTimeout$CallableStatement.call(FailOnTimeout.java:298)
	at org.junit.internal.runners.statements.FailOnTimeout$CallableStatement.call(FailOnTimeout.java:292)
	at java.util.concurrent.FutureTask.run(FutureTask.java:266)
	at java.lang.Thread.run(Thread.java:748)
2019-09-26 09:48:55,832 INFO  impl.LeaderElection (LeaderElection.java:logAndReturn(56)) - s2@group-5BD3E7F27A57-LeaderElection43: Election TIMEOUT; received 1 response(s) [s2<-s0#0:FAIL-t14] and 0 exception(s); s2@group-5BD3E7F27A57:t14, leader=null, voted=s2, raftlog=s2@group-5BD3E7F27A57-SegmentedRaftLog:OPENED:c1,f3,i3, conf=3: [s0:0.0.0.0:41468, s1:0.0.0.0:41619, s2:0.0.0.0:44382], old=null
2019-09-26 09:48:55,846 INFO  impl.LeaderElection (LeaderElection.java:askForVotes(178)) - s2@group-5BD3E7F27A57-LeaderElection43: begin an election at term 15 for 3: [s0:0.0.0.0:41468, s1:0.0.0.0:41619, s2:0.0.0.0:44382], old=null
2019-09-26 09:48:55,847 DEBUG impl.RaftServerImpl (RaftServerImpl.java:requestVote(743)) - s0@group-5BD3E7F27A57: receive requestVote(s2, group-5BD3E7F27A57, 15, (t:4, i:3))
2019-09-26 09:48:55,847 INFO  impl.RaftServerImpl (RaftServerImpl.java:setRole(170)) - s0@group-5BD3E7F27A57: changes role from  FOLLOWER to FOLLOWER at term 15 for recognizeCandidate:s2
2019-09-26 09:48:55,847 INFO  impl.RoleInfo (RoleInfo.java:shutdownFollowerState(121)) - s0: shutdown FollowerState
2019-09-26 09:48:55,847 INFO  impl.RoleInfo (RoleInfo.java:updateAndGet(143)) - s0: start FollowerState
2019-09-26 09:48:55,847 INFO  impl.FollowerState (FollowerState.java:run(117)) - s0@group-5BD3E7F27A57-FollowerState was interrupted: java.lang.InterruptedException: sleep interrupted
2019-09-26 09:48:55,847 DEBUG impl.RaftServerImpl (RaftServerImpl.java:requestVote(775)) - s0@group-5BD3E7F27A57 replies to vote request: s2<-s0#0:FAIL-t15. Peer's state: s0@group-5BD3E7F27A57:t15, leader=null, voted=null, raftlog=s0@group-5BD3E7F27A57-SegmentedRaftLog:OPENED:c3,f4,i4, conf=3: [s0:0.0.0.0:41468, s1:0.0.0.0:41619, s2:0.0.0.0:44382], old=null
2019-09-26 09:48:56,011 INFO  impl.FollowerState (FollowerState.java:run(108)) - s0@group-5BD3E7F27A57-FollowerState: change to CANDIDATE, lastRpcTime:163ms, electionTimeout:163ms
2019-09-26 09:48:56,011 INFO  impl.RoleInfo (RoleInfo.java:shutdownFollowerState(121)) - s0: shutdown FollowerState
2019-09-26 09:48:56,011 INFO  impl.RaftServerImpl (RaftServerImpl.java:setRole(170)) - s0@group-5BD3E7F27A57: changes role from  FOLLOWER to CANDIDATE at term 15 for changeToCandidate
2019-09-26 09:48:56,011 INFO  impl.RoleInfo (RoleInfo.java:updateAndGet(143)) - s0: start LeaderElection
2019-09-26 09:48:56,019 INFO  impl.LeaderElection (LeaderElection.java:logAndReturn(56)) - s1@group-5BD3E7F27A57-LeaderElection44: Election TIMEOUT; received 1 response(s) [s1<-s0#0:FAIL-t15] and 0 exception(s); s1@group-5BD3E7F27A57:t15, leader=null, voted=s1, raftlog=s1@group-5BD3E7F27A57-SegmentedRaftLog:OPENED:c2,f3,i3, conf=2: [s0:0.0.0.0:41468, s1:0.0.0.0:41619, s2:0.0.0.0:44382], old=null
2019-09-26 09:48:56,026 INFO  impl.LeaderElection (LeaderElection.java:askForVotes(178)) - s1@group-5BD3E7F27A57-LeaderElection44: begin an election at term 16 for 2: [s0:0.0.0.0:41468, s1:0.0.0.0:41619, s2:0.0.0.0:44382], old=null
2019-09-26 09:48:56,026 INFO  impl.LeaderElection (LeaderElection.java:askForVotes(178)) - s0@group-5BD3E7F27A57-LeaderElection45: begin an election at term 16 for 3: [s0:0.0.0.0:41468, s1:0.0.0.0:41619, s2:0.0.0.0:44382], old=null
2019-09-26 09:48:56,027 DEBUG impl.RaftServerImpl (RaftServerImpl.java:requestVote(743)) - s0@group-5BD3E7F27A57: receive requestVote(s1, group-5BD3E7F27A57, 16, (t:3, i:3))
2019-09-26 09:48:56,027 DEBUG impl.RaftServerImpl (RaftServerImpl.java:requestVote(775)) - s0@group-5BD3E7F27A57 replies to vote request: s1<-s0#0:FAIL-t16. Peer's state: s0@group-5BD3E7F27A57:t16, leader=null, voted=s0, raftlog=s0@group-5BD3E7F27A57-SegmentedRaftLog:OPENED:c3,f4,i4, conf=3: [s0:0.0.0.0:41468, s1:0.0.0.0:41619, s2:0.0.0.0:44382], old=null
2019-09-26 09:48:56,146 INFO  impl.LeaderElection (LeaderElection.java:logAndReturn(56)) - s2@group-5BD3E7F27A57-LeaderElection43: Election TIMEOUT; received 1 response(s) [s2<-s0#0:FAIL-t15] and 0 exception(s); s2@group-5BD3E7F27A57:t15, leader=null, voted=s2, raftlog=s2@group-5BD3E7F27A57-SegmentedRaftLog:OPENED:c1,f3,i3, conf=3: [s0:0.0.0.0:41468, s1:0.0.0.0:41619, s2:0.0.0.0:44382], old=null
2019-09-26 09:48:56,158 INFO  impl.LeaderElection (LeaderElection.java:askForVotes(178)) - s2@group-5BD3E7F27A57-LeaderElection43: begin an election at term 16 for 3: [s0:0.0.0.0:41468, s1:0.0.0.0:41619, s2:0.0.0.0:44382], old=null
2019-09-26 09:48:56,159 DEBUG impl.RaftServerImpl (RaftServerImpl.java:requestVote(743)) - s0@group-5BD3E7F27A57: receive requestVote(s2, group-5BD3E7F27A57, 16, (t:4, i:3))
2019-09-26 09:48:56,159 DEBUG impl.RaftServerImpl (RaftServerImpl.java:requestVote(775)) - s0@group-5BD3E7F27A57 replies to vote request: s2<-s0#0:FAIL-t16. Peer's state: s0@group-5BD3E7F27A57:t16, leader=null, voted=s0, raftlog=s0@group-5BD3E7F27A57-SegmentedRaftLog:OPENED:c3,f4,i4, conf=3: [s0:0.0.0.0:41468, s1:0.0.0.0:41619, s2:0.0.0.0:44382], old=null
2019-09-26 09:48:56,213 INFO  impl.LeaderElection (LeaderElection.java:logAndReturn(56)) - s0@group-5BD3E7F27A57-LeaderElection45: Election TIMEOUT; received 0 response(s) [] and 0 exception(s); s0@group-5BD3E7F27A57:t16, leader=null, voted=s0, raftlog=s0@group-5BD3E7F27A57-SegmentedRaftLog:OPENED:c3,f4,i4, conf=3: [s0:0.0.0.0:41468, s1:0.0.0.0:41619, s2:0.0.0.0:44382], old=null
2019-09-26 09:48:56,225 INFO  impl.LeaderElection (LeaderElection.java:logAndReturn(56)) - s1@group-5BD3E7F27A57-LeaderElection44: Election TIMEOUT; received 1 response(s) [s1<-s0#0:FAIL-t16] and 0 exception(s); s1@group-5BD3E7F27A57:t16, leader=null, voted=s1, raftlog=s1@group-5BD3E7F27A57-SegmentedRaftLog:OPENED:c2,f3,i3, conf=2: [s0:0.0.0.0:41468, s1:0.0.0.0:41619, s2:0.0.0.0:44382], old=null
2019-09-26 09:48:56,226 INFO  impl.LeaderElection (LeaderElection.java:askForVotes(178)) - s0@group-5BD3E7F27A57-LeaderElection45: begin an election at term 17 for 3: [s0:0.0.0.0:41468, s1:0.0.0.0:41619, s2:0.0.0.0:44382], old=null
2019-09-26 09:48:56,228 INFO  impl.LeaderElection (LeaderElection.java:askForVotes(178)) - s1@group-5BD3E7F27A57-LeaderElection44: begin an election at term 17 for 2: [s0:0.0.0.0:41468, s1:0.0.0.0:41619, s2:0.0.0.0:44382], old=null
2019-09-26 09:48:56,229 DEBUG impl.RaftServerImpl (RaftServerImpl.java:requestVote(743)) - s0@group-5BD3E7F27A57: receive requestVote(s1, group-5BD3E7F27A57, 17, (t:3, i:3))
2019-09-26 09:48:56,229 DEBUG impl.RaftServerImpl (RaftServerImpl.java:requestVote(775)) - s0@group-5BD3E7F27A57 replies to vote request: s1<-s0#0:FAIL-t17. Peer's state: s0@group-5BD3E7F27A57:t17, leader=null, voted=s0, raftlog=s0@group-5BD3E7F27A57-SegmentedRaftLog:OPENED:c3,f4,i4, conf=3: [s0:0.0.0.0:41468, s1:0.0.0.0:41619, s2:0.0.0.0:44382], old=null
2019-09-26 09:48:56,241 WARN  ratis.RaftTestUtil (JavaUtils.java:attempt(158)) - FAILED "waitForLeader-null-(expectLeader? true)", attempt #7/100: java.lang.IllegalStateException: No leader yet : printing ALL groups
  s0:  RUNNING CANDIDATE s0@group-5BD3E7F27A57:t17, leader=null, voted=s0, raftlog=s0@group-5BD3E7F27A57-SegmentedRaftLog:OPENED:c3,f4,i4, conf=3: [s0:0.0.0.0:41468, s1:0.0.0.0:41619, s2:0.0.0.0:44382], old=null RUNNING
  s1:  RUNNING CANDIDATE s1@group-5BD3E7F27A57:t17, leader=null, voted=s1, raftlog=s1@group-5BD3E7F27A57-SegmentedRaftLog:OPENED:c2,f3,i3, conf=2: [s0:0.0.0.0:41468, s1:0.0.0.0:41619, s2:0.0.0.0:44382], old=null RUNNING
  s2:  RUNNING CANDIDATE s2@group-5BD3E7F27A57:t16, leader=null, voted=s2, raftlog=s2@group-5BD3E7F27A57-SegmentedRaftLog:OPENED:c1,f3,i3, conf=3: [s0:0.0.0.0:41468, s1:0.0.0.0:41619, s2:0.0.0.0:44382], old=null RUNNING, sleep 450ms and then retry.
java.lang.IllegalStateException: No leader yet : printing ALL groups
  s0:  RUNNING CANDIDATE s0@group-5BD3E7F27A57:t17, leader=null, voted=s0, raftlog=s0@group-5BD3E7F27A57-SegmentedRaftLog:OPENED:c3,f4,i4, conf=3: [s0:0.0.0.0:41468, s1:0.0.0.0:41619, s2:0.0.0.0:44382], old=null RUNNING
  s1:  RUNNING CANDIDATE s1@group-5BD3E7F27A57:t17, leader=null, voted=s1, raftlog=s1@group-5BD3E7F27A57-SegmentedRaftLog:OPENED:c2,f3,i3, conf=2: [s0:0.0.0.0:41468, s1:0.0.0.0:41619, s2:0.0.0.0:44382], old=null RUNNING
  s2:  RUNNING CANDIDATE s2@group-5BD3E7F27A57:t16, leader=null, voted=s2, raftlog=s2@group-5BD3E7F27A57-SegmentedRaftLog:OPENED:c1,f3,i3, conf=3: [s0:0.0.0.0:41468, s1:0.0.0.0:41619, s2:0.0.0.0:44382], old=null RUNNING
	at org.apache.ratis.MiniRaftCluster.newIllegalStateExceptionForNoLeaders(MiniRaftCluster.java:506)
	at org.apache.ratis.RaftTestUtil.lambda$waitForLeader$1(RaftTestUtil.java:90)
	at org.apache.ratis.MiniRaftCluster.getLeader(MiniRaftCluster.java:539)
	at org.apache.ratis.MiniRaftCluster.getLeader(MiniRaftCluster.java:532)
	at org.apache.ratis.RaftTestUtil.lambda$waitForLeader$3(RaftTestUtil.java:98)
	at org.apache.ratis.util.JavaUtils.attempt(JavaUtils.java:152)
	at org.apache.ratis.RaftTestUtil.waitForLeader(RaftTestUtil.java:97)
	at org.apache.ratis.RaftTestUtil.waitForLeader(RaftTestUtil.java:77)
	at org.apache.ratis.RaftTestUtil.waitForLeader(RaftTestUtil.java:72)
	at org.apache.ratis.RaftTestUtil.lambda$changeLeader$7(RaftTestUtil.java:363)
	at org.apache.ratis.util.JavaUtils.attempt(JavaUtils.java:152)
	at org.apache.ratis.RaftTestUtil.changeLeader(RaftTestUtil.java:362)
	at org.apache.ratis.server.impl.LeaderElectionTests.testChangeLeader(LeaderElectionTests.java:81)
	at sun.reflect.NativeMethodAccessorImpl.invoke0(Native Method)
	at sun.reflect.NativeMethodAccessorImpl.invoke(NativeMethodAccessorImpl.java:62)
	at sun.reflect.DelegatingMethodAccessorImpl.invoke(DelegatingMethodAccessorImpl.java:43)
	at java.lang.reflect.Method.invoke(Method.java:498)
	at org.junit.runners.model.FrameworkMethod$1.runReflectiveCall(FrameworkMethod.java:50)
	at org.junit.internal.runners.model.ReflectiveCallable.run(ReflectiveCallable.java:12)
	at org.junit.runners.model.FrameworkMethod.invokeExplosively(FrameworkMethod.java:47)
	at org.junit.internal.runners.statements.InvokeMethod.evaluate(InvokeMethod.java:17)
	at org.junit.internal.runners.statements.RunAfters.evaluate(RunAfters.java:27)
	at org.junit.internal.runners.statements.FailOnTimeout$CallableStatement.call(FailOnTimeout.java:298)
	at org.junit.internal.runners.statements.FailOnTimeout$CallableStatement.call(FailOnTimeout.java:292)
	at java.util.concurrent.FutureTask.run(FutureTask.java:266)
	at java.lang.Thread.run(Thread.java:748)
2019-09-26 09:48:56,430 INFO  impl.LeaderElection (LeaderElection.java:logAndReturn(56)) - s2@group-5BD3E7F27A57-LeaderElection43: Election TIMEOUT; received 1 response(s) [s2<-s0#0:FAIL-t16] and 0 exception(s); s2@group-5BD3E7F27A57:t16, leader=null, voted=s2, raftlog=s2@group-5BD3E7F27A57-SegmentedRaftLog:OPENED:c1,f3,i3, conf=3: [s0:0.0.0.0:41468, s1:0.0.0.0:41619, s2:0.0.0.0:44382], old=null
2019-09-26 09:48:56,433 INFO  impl.LeaderElection (LeaderElection.java:logAndReturn(56)) - s1@group-5BD3E7F27A57-LeaderElection44: Election TIMEOUT; received 1 response(s) [s1<-s0#0:FAIL-t17] and 0 exception(s); s1@group-5BD3E7F27A57:t17, leader=null, voted=s1, raftlog=s1@group-5BD3E7F27A57-SegmentedRaftLog:OPENED:c2,f3,i3, conf=2: [s0:0.0.0.0:41468, s1:0.0.0.0:41619, s2:0.0.0.0:44382], old=null
2019-09-26 09:48:56,444 INFO  impl.LeaderElection (LeaderElection.java:askForVotes(178)) - s2@group-5BD3E7F27A57-LeaderElection43: begin an election at term 17 for 3: [s0:0.0.0.0:41468, s1:0.0.0.0:41619, s2:0.0.0.0:44382], old=null
2019-09-26 09:48:56,444 INFO  impl.LeaderElection (LeaderElection.java:askForVotes(178)) - s1@group-5BD3E7F27A57-LeaderElection44: begin an election at term 18 for 2: [s0:0.0.0.0:41468, s1:0.0.0.0:41619, s2:0.0.0.0:44382], old=null
2019-09-26 09:48:56,444 DEBUG impl.RaftServerImpl (RaftServerImpl.java:requestVote(743)) - s0@group-5BD3E7F27A57: receive requestVote(s2, group-5BD3E7F27A57, 17, (t:4, i:3))
2019-09-26 09:48:56,445 DEBUG impl.RaftServerImpl (RaftServerImpl.java:requestVote(775)) - s0@group-5BD3E7F27A57 replies to vote request: s2<-s0#0:FAIL-t17. Peer's state: s0@group-5BD3E7F27A57:t17, leader=null, voted=s0, raftlog=s0@group-5BD3E7F27A57-SegmentedRaftLog:OPENED:c3,f4,i4, conf=3: [s0:0.0.0.0:41468, s1:0.0.0.0:41619, s2:0.0.0.0:44382], old=null
2019-09-26 09:48:56,445 DEBUG impl.RaftServerImpl (RaftServerImpl.java:requestVote(743)) - s0@group-5BD3E7F27A57: receive requestVote(s1, group-5BD3E7F27A57, 18, (t:3, i:3))
2019-09-26 09:48:56,445 INFO  impl.RaftServerImpl (RaftServerImpl.java:setRole(170)) - s0@group-5BD3E7F27A57: changes role from CANDIDATE to FOLLOWER at term 18 for recognizeCandidate:s1
2019-09-26 09:48:56,445 INFO  impl.RoleInfo (RoleInfo.java:shutdownLeaderElection(134)) - s0: shutdown LeaderElection
2019-09-26 09:48:56,445 INFO  impl.RoleInfo (RoleInfo.java:updateAndGet(143)) - s0: start FollowerState
2019-09-26 09:48:56,459 DEBUG impl.RaftServerImpl (RaftServerImpl.java:requestVote(775)) - s0@group-5BD3E7F27A57 replies to vote request: s1<-s0#0:FAIL-t18. Peer's state: s0@group-5BD3E7F27A57:t18, leader=null, voted=null, raftlog=s0@group-5BD3E7F27A57-SegmentedRaftLog:OPENED:c3,f4,i4, conf=3: [s0:0.0.0.0:41468, s1:0.0.0.0:41619, s2:0.0.0.0:44382], old=null
2019-09-26 09:48:56,476 INFO  impl.LeaderElection (LeaderElection.java:logAndReturn(56)) - s0@group-5BD3E7F27A57-LeaderElection45: Election REJECTED; received 0 response(s) [] and 0 exception(s); s0@group-5BD3E7F27A57:t18, leader=null, voted=null, raftlog=s0@group-5BD3E7F27A57-SegmentedRaftLog:OPENED:c3,f4,i4, conf=3: [s0:0.0.0.0:41468, s1:0.0.0.0:41619, s2:0.0.0.0:44382], old=null
2019-09-26 09:48:56,618 INFO  impl.LeaderElection (LeaderElection.java:logAndReturn(56)) - s2@group-5BD3E7F27A57-LeaderElection43: Election TIMEOUT; received 1 response(s) [s2<-s0#0:FAIL-t17] and 0 exception(s); s2@group-5BD3E7F27A57:t17, leader=null, voted=s2, raftlog=s2@group-5BD3E7F27A57-SegmentedRaftLog:OPENED:c1,f3,i3, conf=3: [s0:0.0.0.0:41468, s1:0.0.0.0:41619, s2:0.0.0.0:44382], old=null
2019-09-26 09:48:56,631 INFO  impl.LeaderElection (LeaderElection.java:askForVotes(178)) - s2@group-5BD3E7F27A57-LeaderElection43: begin an election at term 18 for 3: [s0:0.0.0.0:41468, s1:0.0.0.0:41619, s2:0.0.0.0:44382], old=null
2019-09-26 09:48:56,631 DEBUG impl.RaftServerImpl (RaftServerImpl.java:requestVote(743)) - s0@group-5BD3E7F27A57: receive requestVote(s2, group-5BD3E7F27A57, 18, (t:4, i:3))
2019-09-26 09:48:56,631 INFO  impl.RaftServerImpl (RaftServerImpl.java:setRole(170)) - s0@group-5BD3E7F27A57: changes role from  FOLLOWER to FOLLOWER at term 18 for recognizeCandidate:s2
2019-09-26 09:48:56,632 INFO  impl.RoleInfo (RoleInfo.java:shutdownFollowerState(121)) - s0: shutdown FollowerState
2019-09-26 09:48:56,632 INFO  impl.RoleInfo (RoleInfo.java:updateAndGet(143)) - s0: start FollowerState
2019-09-26 09:48:56,632 INFO  impl.FollowerState (FollowerState.java:run(117)) - s0@group-5BD3E7F27A57-FollowerState was interrupted: java.lang.InterruptedException: sleep interrupted
2019-09-26 09:48:56,632 DEBUG impl.RaftServerImpl (RaftServerImpl.java:requestVote(775)) - s0@group-5BD3E7F27A57 replies to vote request: s2<-s0#0:FAIL-t18. Peer's state: s0@group-5BD3E7F27A57:t18, leader=null, voted=null, raftlog=s0@group-5BD3E7F27A57-SegmentedRaftLog:OPENED:c3,f4,i4, conf=3: [s0:0.0.0.0:41468, s1:0.0.0.0:41619, s2:0.0.0.0:44382], old=null
2019-09-26 09:48:56,638 INFO  impl.LeaderElection (LeaderElection.java:logAndReturn(56)) - s1@group-5BD3E7F27A57-LeaderElection44: Election TIMEOUT; received 1 response(s) [s1<-s0#0:FAIL-t18] and 0 exception(s); s1@group-5BD3E7F27A57:t18, leader=null, voted=s1, raftlog=s1@group-5BD3E7F27A57-SegmentedRaftLog:OPENED:c2,f3,i3, conf=2: [s0:0.0.0.0:41468, s1:0.0.0.0:41619, s2:0.0.0.0:44382], old=null
2019-09-26 09:48:56,651 INFO  impl.LeaderElection (LeaderElection.java:askForVotes(178)) - s1@group-5BD3E7F27A57-LeaderElection44: begin an election at term 19 for 2: [s0:0.0.0.0:41468, s1:0.0.0.0:41619, s2:0.0.0.0:44382], old=null
2019-09-26 09:48:56,652 DEBUG impl.RaftServerImpl (RaftServerImpl.java:requestVote(743)) - s0@group-5BD3E7F27A57: receive requestVote(s1, group-5BD3E7F27A57, 19, (t:3, i:3))
2019-09-26 09:48:56,652 INFO  impl.RaftServerImpl (RaftServerImpl.java:setRole(170)) - s0@group-5BD3E7F27A57: changes role from  FOLLOWER to FOLLOWER at term 19 for recognizeCandidate:s1
2019-09-26 09:48:56,652 INFO  impl.RoleInfo (RoleInfo.java:shutdownFollowerState(121)) - s0: shutdown FollowerState
2019-09-26 09:48:56,652 INFO  impl.RoleInfo (RoleInfo.java:updateAndGet(143)) - s0: start FollowerState
2019-09-26 09:48:56,652 INFO  impl.FollowerState (FollowerState.java:run(117)) - s0@group-5BD3E7F27A57-FollowerState was interrupted: java.lang.InterruptedException: sleep interrupted
2019-09-26 09:48:56,671 DEBUG impl.RaftServerImpl (RaftServerImpl.java:requestVote(775)) - s0@group-5BD3E7F27A57 replies to vote request: s1<-s0#0:FAIL-t19. Peer's state: s0@group-5BD3E7F27A57:t19, leader=null, voted=null, raftlog=s0@group-5BD3E7F27A57-SegmentedRaftLog:OPENED:c3,f4,i4, conf=3: [s0:0.0.0.0:41468, s1:0.0.0.0:41619, s2:0.0.0.0:44382], old=null
2019-09-26 09:48:56,695 WARN  ratis.RaftTestUtil (JavaUtils.java:attempt(158)) - FAILED "waitForLeader-null-(expectLeader? true)", attempt #8/100: java.lang.IllegalStateException: No leader yet : printing ALL groups
  s0:  RUNNING  FOLLOWER s0@group-5BD3E7F27A57:t19, leader=null, voted=null, raftlog=s0@group-5BD3E7F27A57-SegmentedRaftLog:OPENED:c3,f4,i4, conf=3: [s0:0.0.0.0:41468, s1:0.0.0.0:41619, s2:0.0.0.0:44382], old=null RUNNING
  s1:  RUNNING CANDIDATE s1@group-5BD3E7F27A57:t19, leader=null, voted=s1, raftlog=s1@group-5BD3E7F27A57-SegmentedRaftLog:OPENED:c2,f3,i3, conf=2: [s0:0.0.0.0:41468, s1:0.0.0.0:41619, s2:0.0.0.0:44382], old=null RUNNING
  s2:  RUNNING CANDIDATE s2@group-5BD3E7F27A57:t18, leader=null, voted=s2, raftlog=s2@group-5BD3E7F27A57-SegmentedRaftLog:OPENED:c1,f3,i3, conf=3: [s0:0.0.0.0:41468, s1:0.0.0.0:41619, s2:0.0.0.0:44382], old=null RUNNING, sleep 450ms and then retry.
java.lang.IllegalStateException: No leader yet : printing ALL groups
  s0:  RUNNING  FOLLOWER s0@group-5BD3E7F27A57:t19, leader=null, voted=null, raftlog=s0@group-5BD3E7F27A57-SegmentedRaftLog:OPENED:c3,f4,i4, conf=3: [s0:0.0.0.0:41468, s1:0.0.0.0:41619, s2:0.0.0.0:44382], old=null RUNNING
  s1:  RUNNING CANDIDATE s1@group-5BD3E7F27A57:t19, leader=null, voted=s1, raftlog=s1@group-5BD3E7F27A57-SegmentedRaftLog:OPENED:c2,f3,i3, conf=2: [s0:0.0.0.0:41468, s1:0.0.0.0:41619, s2:0.0.0.0:44382], old=null RUNNING
  s2:  RUNNING CANDIDATE s2@group-5BD3E7F27A57:t18, leader=null, voted=s2, raftlog=s2@group-5BD3E7F27A57-SegmentedRaftLog:OPENED:c1,f3,i3, conf=3: [s0:0.0.0.0:41468, s1:0.0.0.0:41619, s2:0.0.0.0:44382], old=null RUNNING
	at org.apache.ratis.MiniRaftCluster.newIllegalStateExceptionForNoLeaders(MiniRaftCluster.java:506)
	at org.apache.ratis.RaftTestUtil.lambda$waitForLeader$1(RaftTestUtil.java:90)
	at org.apache.ratis.MiniRaftCluster.getLeader(MiniRaftCluster.java:539)
	at org.apache.ratis.MiniRaftCluster.getLeader(MiniRaftCluster.java:532)
	at org.apache.ratis.RaftTestUtil.lambda$waitForLeader$3(RaftTestUtil.java:98)
	at org.apache.ratis.util.JavaUtils.attempt(JavaUtils.java:152)
	at org.apache.ratis.RaftTestUtil.waitForLeader(RaftTestUtil.java:97)
	at org.apache.ratis.RaftTestUtil.waitForLeader(RaftTestUtil.java:77)
	at org.apache.ratis.RaftTestUtil.waitForLeader(RaftTestUtil.java:72)
	at org.apache.ratis.RaftTestUtil.lambda$changeLeader$7(RaftTestUtil.java:363)
	at org.apache.ratis.util.JavaUtils.attempt(JavaUtils.java:152)
	at org.apache.ratis.RaftTestUtil.changeLeader(RaftTestUtil.java:362)
	at org.apache.ratis.server.impl.LeaderElectionTests.testChangeLeader(LeaderElectionTests.java:81)
	at sun.reflect.NativeMethodAccessorImpl.invoke0(Native Method)
	at sun.reflect.NativeMethodAccessorImpl.invoke(NativeMethodAccessorImpl.java:62)
	at sun.reflect.DelegatingMethodAccessorImpl.invoke(DelegatingMethodAccessorImpl.java:43)
	at java.lang.reflect.Method.invoke(Method.java:498)
	at org.junit.runners.model.FrameworkMethod$1.runReflectiveCall(FrameworkMethod.java:50)
	at org.junit.internal.runners.model.ReflectiveCallable.run(ReflectiveCallable.java:12)
	at org.junit.runners.model.FrameworkMethod.invokeExplosively(FrameworkMethod.java:47)
	at org.junit.internal.runners.statements.InvokeMethod.evaluate(InvokeMethod.java:17)
	at org.junit.internal.runners.statements.RunAfters.evaluate(RunAfters.java:27)
	at org.junit.internal.runners.statements.FailOnTimeout$CallableStatement.call(FailOnTimeout.java:298)
	at org.junit.internal.runners.statements.FailOnTimeout$CallableStatement.call(FailOnTimeout.java:292)
	at java.util.concurrent.FutureTask.run(FutureTask.java:266)
	at java.lang.Thread.run(Thread.java:748)
2019-09-26 09:48:56,804 INFO  impl.LeaderElection (LeaderElection.java:logAndReturn(56)) - s2@group-5BD3E7F27A57-LeaderElection43: Election TIMEOUT; received 1 response(s) [s2<-s0#0:FAIL-t18] and 0 exception(s); s2@group-5BD3E7F27A57:t18, leader=null, voted=s2, raftlog=s2@group-5BD3E7F27A57-SegmentedRaftLog:OPENED:c1,f3,i3, conf=3: [s0:0.0.0.0:41468, s1:0.0.0.0:41619, s2:0.0.0.0:44382], old=null
2019-09-26 09:48:56,818 INFO  impl.LeaderElection (LeaderElection.java:askForVotes(178)) - s2@group-5BD3E7F27A57-LeaderElection43: begin an election at term 19 for 3: [s0:0.0.0.0:41468, s1:0.0.0.0:41619, s2:0.0.0.0:44382], old=null
2019-09-26 09:48:56,819 DEBUG impl.RaftServerImpl (RaftServerImpl.java:requestVote(743)) - s0@group-5BD3E7F27A57: receive requestVote(s2, group-5BD3E7F27A57, 19, (t:4, i:3))
2019-09-26 09:48:56,819 INFO  impl.RaftServerImpl (RaftServerImpl.java:setRole(170)) - s0@group-5BD3E7F27A57: changes role from  FOLLOWER to FOLLOWER at term 19 for recognizeCandidate:s2
2019-09-26 09:48:56,819 INFO  impl.RoleInfo (RoleInfo.java:shutdownFollowerState(121)) - s0: shutdown FollowerState
2019-09-26 09:48:56,819 INFO  impl.RoleInfo (RoleInfo.java:updateAndGet(143)) - s0: start FollowerState
2019-09-26 09:48:56,819 INFO  impl.FollowerState (FollowerState.java:run(117)) - s0@group-5BD3E7F27A57-FollowerState was interrupted: java.lang.InterruptedException: sleep interrupted
2019-09-26 09:48:56,819 DEBUG impl.RaftServerImpl (RaftServerImpl.java:requestVote(775)) - s0@group-5BD3E7F27A57 replies to vote request: s2<-s0#0:FAIL-t19. Peer's state: s0@group-5BD3E7F27A57:t19, leader=null, voted=null, raftlog=s0@group-5BD3E7F27A57-SegmentedRaftLog:OPENED:c3,f4,i4, conf=3: [s0:0.0.0.0:41468, s1:0.0.0.0:41619, s2:0.0.0.0:44382], old=null
2019-09-26 09:48:56,877 INFO  impl.LeaderElection (LeaderElection.java:logAndReturn(56)) - s1@group-5BD3E7F27A57-LeaderElection44: Election TIMEOUT; received 1 response(s) [s1<-s0#0:FAIL-t19] and 0 exception(s); s1@group-5BD3E7F27A57:t19, leader=null, voted=s1, raftlog=s1@group-5BD3E7F27A57-SegmentedRaftLog:OPENED:c2,f3,i3, conf=2: [s0:0.0.0.0:41468, s1:0.0.0.0:41619, s2:0.0.0.0:44382], old=null
2019-09-26 09:48:56,890 INFO  impl.LeaderElection (LeaderElection.java:askForVotes(178)) - s1@group-5BD3E7F27A57-LeaderElection44: begin an election at term 20 for 2: [s0:0.0.0.0:41468, s1:0.0.0.0:41619, s2:0.0.0.0:44382], old=null
2019-09-26 09:48:56,891 DEBUG impl.RaftServerImpl (RaftServerImpl.java:requestVote(743)) - s0@group-5BD3E7F27A57: receive requestVote(s1, group-5BD3E7F27A57, 20, (t:3, i:3))
2019-09-26 09:48:56,891 INFO  impl.RaftServerImpl (RaftServerImpl.java:setRole(170)) - s0@group-5BD3E7F27A57: changes role from  FOLLOWER to FOLLOWER at term 20 for recognizeCandidate:s1
2019-09-26 09:48:56,891 INFO  impl.RoleInfo (RoleInfo.java:shutdownFollowerState(121)) - s0: shutdown FollowerState
2019-09-26 09:48:56,891 INFO  impl.RoleInfo (RoleInfo.java:updateAndGet(143)) - s0: start FollowerState
2019-09-26 09:48:56,891 INFO  impl.FollowerState (FollowerState.java:run(117)) - s0@group-5BD3E7F27A57-FollowerState was interrupted: java.lang.InterruptedException: sleep interrupted
2019-09-26 09:48:56,907 DEBUG impl.RaftServerImpl (RaftServerImpl.java:requestVote(775)) - s0@group-5BD3E7F27A57 replies to vote request: s1<-s0#0:FAIL-t20. Peer's state: s0@group-5BD3E7F27A57:t20, leader=null, voted=null, raftlog=s0@group-5BD3E7F27A57-SegmentedRaftLog:OPENED:c3,f4,i4, conf=3: [s0:0.0.0.0:41468, s1:0.0.0.0:41619, s2:0.0.0.0:44382], old=null
2019-09-26 09:48:57,094 INFO  impl.LeaderElection (LeaderElection.java:logAndReturn(56)) - s2@group-5BD3E7F27A57-LeaderElection43: Election TIMEOUT; received 1 response(s) [s2<-s0#0:FAIL-t19] and 0 exception(s); s2@group-5BD3E7F27A57:t19, leader=null, voted=s2, raftlog=s2@group-5BD3E7F27A57-SegmentedRaftLog:OPENED:c1,f3,i3, conf=3: [s0:0.0.0.0:41468, s1:0.0.0.0:41619, s2:0.0.0.0:44382], old=null
2019-09-26 09:48:57,108 INFO  impl.LeaderElection (LeaderElection.java:askForVotes(178)) - s2@group-5BD3E7F27A57-LeaderElection43: begin an election at term 20 for 3: [s0:0.0.0.0:41468, s1:0.0.0.0:41619, s2:0.0.0.0:44382], old=null
2019-09-26 09:48:57,108 DEBUG impl.RaftServerImpl (RaftServerImpl.java:requestVote(743)) - s0@group-5BD3E7F27A57: receive requestVote(s2, group-5BD3E7F27A57, 20, (t:4, i:3))
2019-09-26 09:48:57,109 INFO  impl.RaftServerImpl (RaftServerImpl.java:setRole(170)) - s0@group-5BD3E7F27A57: changes role from  FOLLOWER to FOLLOWER at term 20 for recognizeCandidate:s2
2019-09-26 09:48:57,109 INFO  impl.RoleInfo (RoleInfo.java:shutdownFollowerState(121)) - s0: shutdown FollowerState
2019-09-26 09:48:57,109 INFO  impl.RoleInfo (RoleInfo.java:updateAndGet(143)) - s0: start FollowerState
2019-09-26 09:48:57,109 INFO  impl.FollowerState (FollowerState.java:run(117)) - s0@group-5BD3E7F27A57-FollowerState was interrupted: java.lang.InterruptedException: sleep interrupted
2019-09-26 09:48:57,109 DEBUG impl.RaftServerImpl (RaftServerImpl.java:requestVote(775)) - s0@group-5BD3E7F27A57 replies to vote request: s2<-s0#0:FAIL-t20. Peer's state: s0@group-5BD3E7F27A57:t20, leader=null, voted=null, raftlog=s0@group-5BD3E7F27A57-SegmentedRaftLog:OPENED:c3,f4,i4, conf=3: [s0:0.0.0.0:41468, s1:0.0.0.0:41619, s2:0.0.0.0:44382], old=null
2019-09-26 09:48:57,130 INFO  impl.LeaderElection (LeaderElection.java:logAndReturn(56)) - s1@group-5BD3E7F27A57-LeaderElection44: Election TIMEOUT; received 1 response(s) [s1<-s0#0:FAIL-t20] and 0 exception(s); s1@group-5BD3E7F27A57:t20, leader=null, voted=s1, raftlog=s1@group-5BD3E7F27A57-SegmentedRaftLog:OPENED:c2,f3,i3, conf=2: [s0:0.0.0.0:41468, s1:0.0.0.0:41619, s2:0.0.0.0:44382], old=null
2019-09-26 09:48:57,143 INFO  impl.LeaderElection (LeaderElection.java:askForVotes(178)) - s1@group-5BD3E7F27A57-LeaderElection44: begin an election at term 21 for 2: [s0:0.0.0.0:41468, s1:0.0.0.0:41619, s2:0.0.0.0:44382], old=null
2019-09-26 09:48:57,144 DEBUG impl.RaftServerImpl (RaftServerImpl.java:requestVote(743)) - s0@group-5BD3E7F27A57: receive requestVote(s1, group-5BD3E7F27A57, 21, (t:3, i:3))
2019-09-26 09:48:57,144 INFO  impl.RaftServerImpl (RaftServerImpl.java:setRole(170)) - s0@group-5BD3E7F27A57: changes role from  FOLLOWER to FOLLOWER at term 21 for recognizeCandidate:s1
2019-09-26 09:48:57,144 INFO  impl.RoleInfo (RoleInfo.java:shutdownFollowerState(121)) - s0: shutdown FollowerState
2019-09-26 09:48:57,144 INFO  impl.RoleInfo (RoleInfo.java:updateAndGet(143)) - s0: start FollowerState
2019-09-26 09:48:57,145 INFO  impl.FollowerState (FollowerState.java:run(117)) - s0@group-5BD3E7F27A57-FollowerState was interrupted: java.lang.InterruptedException: sleep interrupted
2019-09-26 09:48:57,146 WARN  ratis.RaftTestUtil (JavaUtils.java:attempt(158)) - FAILED "waitForLeader-null-(expectLeader? true)", attempt #9/100: java.lang.IllegalStateException: No leader yet : printing ALL groups
  s0:  RUNNING  FOLLOWER s0@group-5BD3E7F27A57:t21, leader=null, voted=null, raftlog=s0@group-5BD3E7F27A57-SegmentedRaftLog:OPENED:c3,f4,i4, conf=3: [s0:0.0.0.0:41468, s1:0.0.0.0:41619, s2:0.0.0.0:44382], old=null RUNNING
  s1:  RUNNING CANDIDATE s1@group-5BD3E7F27A57:t21, leader=null, voted=s1, raftlog=s1@group-5BD3E7F27A57-SegmentedRaftLog:OPENED:c2,f3,i3, conf=2: [s0:0.0.0.0:41468, s1:0.0.0.0:41619, s2:0.0.0.0:44382], old=null RUNNING
  s2:  RUNNING CANDIDATE s2@group-5BD3E7F27A57:t20, leader=null, voted=s2, raftlog=s2@group-5BD3E7F27A57-SegmentedRaftLog:OPENED:c1,f3,i3, conf=3: [s0:0.0.0.0:41468, s1:0.0.0.0:41619, s2:0.0.0.0:44382], old=null RUNNING, sleep 450ms and then retry.
java.lang.IllegalStateException: No leader yet : printing ALL groups
  s0:  RUNNING  FOLLOWER s0@group-5BD3E7F27A57:t21, leader=null, voted=null, raftlog=s0@group-5BD3E7F27A57-SegmentedRaftLog:OPENED:c3,f4,i4, conf=3: [s0:0.0.0.0:41468, s1:0.0.0.0:41619, s2:0.0.0.0:44382], old=null RUNNING
  s1:  RUNNING CANDIDATE s1@group-5BD3E7F27A57:t21, leader=null, voted=s1, raftlog=s1@group-5BD3E7F27A57-SegmentedRaftLog:OPENED:c2,f3,i3, conf=2: [s0:0.0.0.0:41468, s1:0.0.0.0:41619, s2:0.0.0.0:44382], old=null RUNNING
  s2:  RUNNING CANDIDATE s2@group-5BD3E7F27A57:t20, leader=null, voted=s2, raftlog=s2@group-5BD3E7F27A57-SegmentedRaftLog:OPENED:c1,f3,i3, conf=3: [s0:0.0.0.0:41468, s1:0.0.0.0:41619, s2:0.0.0.0:44382], old=null RUNNING
	at org.apache.ratis.MiniRaftCluster.newIllegalStateExceptionForNoLeaders(MiniRaftCluster.java:506)
	at org.apache.ratis.RaftTestUtil.lambda$waitForLeader$1(RaftTestUtil.java:90)
	at org.apache.ratis.MiniRaftCluster.getLeader(MiniRaftCluster.java:539)
	at org.apache.ratis.MiniRaftCluster.getLeader(MiniRaftCluster.java:532)
	at org.apache.ratis.RaftTestUtil.lambda$waitForLeader$3(RaftTestUtil.java:98)
	at org.apache.ratis.util.JavaUtils.attempt(JavaUtils.java:152)
	at org.apache.ratis.RaftTestUtil.waitForLeader(RaftTestUtil.java:97)
	at org.apache.ratis.RaftTestUtil.waitForLeader(RaftTestUtil.java:77)
	at org.apache.ratis.RaftTestUtil.waitForLeader(RaftTestUtil.java:72)
	at org.apache.ratis.RaftTestUtil.lambda$changeLeader$7(RaftTestUtil.java:363)
	at org.apache.ratis.util.JavaUtils.attempt(JavaUtils.java:152)
	at org.apache.ratis.RaftTestUtil.changeLeader(RaftTestUtil.java:362)
	at org.apache.ratis.server.impl.LeaderElectionTests.testChangeLeader(LeaderElectionTests.java:81)
	at sun.reflect.NativeMethodAccessorImpl.invoke0(Native Method)
	at sun.reflect.NativeMethodAccessorImpl.invoke(NativeMethodAccessorImpl.java:62)
	at sun.reflect.DelegatingMethodAccessorImpl.invoke(DelegatingMethodAccessorImpl.java:43)
	at java.lang.reflect.Method.invoke(Method.java:498)
	at org.junit.runners.model.FrameworkMethod$1.runReflectiveCall(FrameworkMethod.java:50)
	at org.junit.internal.runners.model.ReflectiveCallable.run(ReflectiveCallable.java:12)
	at org.junit.runners.model.FrameworkMethod.invokeExplosively(FrameworkMethod.java:47)
	at org.junit.internal.runners.statements.InvokeMethod.evaluate(InvokeMethod.java:17)
	at org.junit.internal.runners.statements.RunAfters.evaluate(RunAfters.java:27)
	at org.junit.internal.runners.statements.FailOnTimeout$CallableStatement.call(FailOnTimeout.java:298)
	at org.junit.internal.runners.statements.FailOnTimeout$CallableStatement.call(FailOnTimeout.java:292)
	at java.util.concurrent.FutureTask.run(FutureTask.java:266)
	at java.lang.Thread.run(Thread.java:748)
2019-09-26 09:48:57,165 DEBUG impl.RaftServerImpl (RaftServerImpl.java:requestVote(775)) - s0@group-5BD3E7F27A57 replies to vote request: s1<-s0#0:FAIL-t21. Peer's state: s0@group-5BD3E7F27A57:t21, leader=null, voted=null, raftlog=s0@group-5BD3E7F27A57-SegmentedRaftLog:OPENED:c3,f4,i4, conf=3: [s0:0.0.0.0:41468, s1:0.0.0.0:41619, s2:0.0.0.0:44382], old=null
2019-09-26 09:48:57,292 INFO  impl.LeaderElection (LeaderElection.java:logAndReturn(56)) - s2@group-5BD3E7F27A57-LeaderElection43: Election TIMEOUT; received 1 response(s) [s2<-s0#0:FAIL-t20] and 0 exception(s); s2@group-5BD3E7F27A57:t20, leader=null, voted=s2, raftlog=s2@group-5BD3E7F27A57-SegmentedRaftLog:OPENED:c1,f3,i3, conf=3: [s0:0.0.0.0:41468, s1:0.0.0.0:41619, s2:0.0.0.0:44382], old=null
2019-09-26 09:48:57,305 INFO  impl.LeaderElection (LeaderElection.java:askForVotes(178)) - s2@group-5BD3E7F27A57-LeaderElection43: begin an election at term 21 for 3: [s0:0.0.0.0:41468, s1:0.0.0.0:41619, s2:0.0.0.0:44382], old=null
2019-09-26 09:48:57,306 DEBUG impl.RaftServerImpl (RaftServerImpl.java:requestVote(743)) - s0@group-5BD3E7F27A57: receive requestVote(s2, group-5BD3E7F27A57, 21, (t:4, i:3))
2019-09-26 09:48:57,306 INFO  impl.RaftServerImpl (RaftServerImpl.java:setRole(170)) - s0@group-5BD3E7F27A57: changes role from  FOLLOWER to FOLLOWER at term 21 for recognizeCandidate:s2
2019-09-26 09:48:57,307 INFO  impl.RoleInfo (RoleInfo.java:shutdownFollowerState(121)) - s0: shutdown FollowerState
2019-09-26 09:48:57,307 INFO  impl.RoleInfo (RoleInfo.java:updateAndGet(143)) - s0: start FollowerState
2019-09-26 09:48:57,307 INFO  impl.FollowerState (FollowerState.java:run(117)) - s0@group-5BD3E7F27A57-FollowerState was interrupted: java.lang.InterruptedException: sleep interrupted
2019-09-26 09:48:57,307 DEBUG impl.RaftServerImpl (RaftServerImpl.java:requestVote(775)) - s0@group-5BD3E7F27A57 replies to vote request: s2<-s0#0:FAIL-t21. Peer's state: s0@group-5BD3E7F27A57:t21, leader=null, voted=null, raftlog=s0@group-5BD3E7F27A57-SegmentedRaftLog:OPENED:c3,f4,i4, conf=3: [s0:0.0.0.0:41468, s1:0.0.0.0:41619, s2:0.0.0.0:44382], old=null
2019-09-26 09:48:57,313 INFO  impl.LeaderElection (LeaderElection.java:logAndReturn(56)) - s1@group-5BD3E7F27A57-LeaderElection44: Election TIMEOUT; received 1 response(s) [s1<-s0#0:FAIL-t21] and 0 exception(s); s1@group-5BD3E7F27A57:t21, leader=null, voted=s1, raftlog=s1@group-5BD3E7F27A57-SegmentedRaftLog:OPENED:c2,f3,i3, conf=2: [s0:0.0.0.0:41468, s1:0.0.0.0:41619, s2:0.0.0.0:44382], old=null
2019-09-26 09:48:57,327 INFO  impl.LeaderElection (LeaderElection.java:askForVotes(178)) - s1@group-5BD3E7F27A57-LeaderElection44: begin an election at term 22 for 2: [s0:0.0.0.0:41468, s1:0.0.0.0:41619, s2:0.0.0.0:44382], old=null
2019-09-26 09:48:57,327 DEBUG impl.RaftServerImpl (RaftServerImpl.java:requestVote(743)) - s0@group-5BD3E7F27A57: receive requestVote(s1, group-5BD3E7F27A57, 22, (t:3, i:3))
2019-09-26 09:48:57,327 INFO  impl.RaftServerImpl (RaftServerImpl.java:setRole(170)) - s0@group-5BD3E7F27A57: changes role from  FOLLOWER to FOLLOWER at term 22 for recognizeCandidate:s1
2019-09-26 09:48:57,328 INFO  impl.RoleInfo (RoleInfo.java:shutdownFollowerState(121)) - s0: shutdown FollowerState
2019-09-26 09:48:57,328 INFO  impl.RoleInfo (RoleInfo.java:updateAndGet(143)) - s0: start FollowerState
2019-09-26 09:48:57,328 INFO  impl.FollowerState (FollowerState.java:run(117)) - s0@group-5BD3E7F27A57-FollowerState was interrupted: java.lang.InterruptedException: sleep interrupted
2019-09-26 09:48:57,341 DEBUG impl.RaftServerImpl (RaftServerImpl.java:requestVote(775)) - s0@group-5BD3E7F27A57 replies to vote request: s1<-s0#0:FAIL-t22. Peer's state: s0@group-5BD3E7F27A57:t22, leader=null, voted=null, raftlog=s0@group-5BD3E7F27A57-SegmentedRaftLog:OPENED:c3,f4,i4, conf=3: [s0:0.0.0.0:41468, s1:0.0.0.0:41619, s2:0.0.0.0:44382], old=null
2019-09-26 09:48:57,491 INFO  impl.FollowerState (FollowerState.java:run(108)) - s0@group-5BD3E7F27A57-FollowerState: change to CANDIDATE, lastRpcTime:163ms, electionTimeout:163ms
2019-09-26 09:48:57,491 INFO  impl.RoleInfo (RoleInfo.java:shutdownFollowerState(121)) - s0: shutdown FollowerState
2019-09-26 09:48:57,491 INFO  impl.RaftServerImpl (RaftServerImpl.java:setRole(170)) - s0@group-5BD3E7F27A57: changes role from  FOLLOWER to CANDIDATE at term 22 for changeToCandidate
2019-09-26 09:48:57,492 INFO  impl.RoleInfo (RoleInfo.java:updateAndGet(143)) - s0: start LeaderElection
2019-09-26 09:48:57,505 INFO  impl.LeaderElection (LeaderElection.java:askForVotes(178)) - s0@group-5BD3E7F27A57-LeaderElection46: begin an election at term 23 for 3: [s0:0.0.0.0:41468, s1:0.0.0.0:41619, s2:0.0.0.0:44382], old=null
2019-09-26 09:48:57,552 INFO  impl.LeaderElection (LeaderElection.java:logAndReturn(56)) - s1@group-5BD3E7F27A57-LeaderElection44: Election TIMEOUT; received 1 response(s) [s1<-s0#0:FAIL-t22] and 0 exception(s); s1@group-5BD3E7F27A57:t22, leader=null, voted=s1, raftlog=s1@group-5BD3E7F27A57-SegmentedRaftLog:OPENED:c2,f3,i3, conf=2: [s0:0.0.0.0:41468, s1:0.0.0.0:41619, s2:0.0.0.0:44382], old=null
2019-09-26 09:48:57,563 INFO  impl.LeaderElection (LeaderElection.java:logAndReturn(56)) - s2@group-5BD3E7F27A57-LeaderElection43: Election TIMEOUT; received 1 response(s) [s2<-s0#0:FAIL-t21] and 0 exception(s); s2@group-5BD3E7F27A57:t21, leader=null, voted=s2, raftlog=s2@group-5BD3E7F27A57-SegmentedRaftLog:OPENED:c1,f3,i3, conf=3: [s0:0.0.0.0:41468, s1:0.0.0.0:41619, s2:0.0.0.0:44382], old=null
2019-09-26 09:48:57,566 INFO  impl.LeaderElection (LeaderElection.java:askForVotes(178)) - s2@group-5BD3E7F27A57-LeaderElection43: begin an election at term 22 for 3: [s0:0.0.0.0:41468, s1:0.0.0.0:41619, s2:0.0.0.0:44382], old=null
2019-09-26 09:48:57,566 INFO  impl.LeaderElection (LeaderElection.java:askForVotes(178)) - s1@group-5BD3E7F27A57-LeaderElection44: begin an election at term 23 for 2: [s0:0.0.0.0:41468, s1:0.0.0.0:41619, s2:0.0.0.0:44382], old=null
2019-09-26 09:48:57,566 DEBUG impl.RaftServerImpl (RaftServerImpl.java:requestVote(743)) - s0@group-5BD3E7F27A57: receive requestVote(s2, group-5BD3E7F27A57, 22, (t:4, i:3))
2019-09-26 09:48:57,567 DEBUG impl.RaftServerImpl (RaftServerImpl.java:requestVote(775)) - s0@group-5BD3E7F27A57 replies to vote request: s2<-s0#0:FAIL-t23. Peer's state: s0@group-5BD3E7F27A57:t23, leader=null, voted=s0, raftlog=s0@group-5BD3E7F27A57-SegmentedRaftLog:OPENED:c3,f4,i4, conf=3: [s0:0.0.0.0:41468, s1:0.0.0.0:41619, s2:0.0.0.0:44382], old=null
2019-09-26 09:48:57,567 DEBUG impl.RaftServerImpl (RaftServerImpl.java:requestVote(743)) - s0@group-5BD3E7F27A57: receive requestVote(s1, group-5BD3E7F27A57, 23, (t:3, i:3))
2019-09-26 09:48:57,567 INFO  impl.LeaderElection (LeaderElection.java:logAndReturn(56)) - s2@group-5BD3E7F27A57-LeaderElection43: Election DISCOVERED_A_NEW_TERM; received 1 response(s) [s2<-s0#0:FAIL-t23] and 0 exception(s); s2@group-5BD3E7F27A57:t22, leader=null, voted=s2, raftlog=s2@group-5BD3E7F27A57-SegmentedRaftLog:OPENED:c1,f3,i3, conf=3: [s0:0.0.0.0:41468, s1:0.0.0.0:41619, s2:0.0.0.0:44382], old=null
2019-09-26 09:48:57,567 DEBUG impl.RaftServerImpl (RaftServerImpl.java:requestVote(775)) - s0@group-5BD3E7F27A57 replies to vote request: s1<-s0#0:FAIL-t23. Peer's state: s0@group-5BD3E7F27A57:t23, leader=null, voted=s0, raftlog=s0@group-5BD3E7F27A57-SegmentedRaftLog:OPENED:c3,f4,i4, conf=3: [s0:0.0.0.0:41468, s1:0.0.0.0:41619, s2:0.0.0.0:44382], old=null
2019-09-26 09:48:57,567 INFO  impl.RaftServerImpl (RaftServerImpl.java:setRole(170)) - s2@group-5BD3E7F27A57: changes role from CANDIDATE to FOLLOWER at term 23 for DISCOVERED_A_NEW_TERM
2019-09-26 09:48:57,567 INFO  impl.RoleInfo (RoleInfo.java:shutdownLeaderElection(134)) - s2: shutdown LeaderElection
2019-09-26 09:48:57,568 INFO  impl.RoleInfo (RoleInfo.java:updateAndGet(143)) - s2: start FollowerState
2019-09-26 09:48:57,597 WARN  ratis.RaftTestUtil (JavaUtils.java:attempt(158)) - FAILED "waitForLeader-null-(expectLeader? true)", attempt #10/100: java.lang.IllegalStateException: No leader yet : printing ALL groups
  s0:  RUNNING CANDIDATE s0@group-5BD3E7F27A57:t23, leader=null, voted=s0, raftlog=s0@group-5BD3E7F27A57-SegmentedRaftLog:OPENED:c3,f4,i4, conf=3: [s0:0.0.0.0:41468, s1:0.0.0.0:41619, s2:0.0.0.0:44382], old=null RUNNING
  s1:  RUNNING CANDIDATE s1@group-5BD3E7F27A57:t23, leader=null, voted=s1, raftlog=s1@group-5BD3E7F27A57-SegmentedRaftLog:OPENED:c2,f3,i3, conf=2: [s0:0.0.0.0:41468, s1:0.0.0.0:41619, s2:0.0.0.0:44382], old=null RUNNING
  s2:  RUNNING  FOLLOWER s2@group-5BD3E7F27A57:t23, leader=null, voted=null, raftlog=s2@group-5BD3E7F27A57-SegmentedRaftLog:OPENED:c1,f3,i3, conf=3: [s0:0.0.0.0:41468, s1:0.0.0.0:41619, s2:0.0.0.0:44382], old=null RUNNING, sleep 450ms and then retry.
java.lang.IllegalStateException: No leader yet : printing ALL groups
  s0:  RUNNING CANDIDATE s0@group-5BD3E7F27A57:t23, leader=null, voted=s0, raftlog=s0@group-5BD3E7F27A57-SegmentedRaftLog:OPENED:c3,f4,i4, conf=3: [s0:0.0.0.0:41468, s1:0.0.0.0:41619, s2:0.0.0.0:44382], old=null RUNNING
  s1:  RUNNING CANDIDATE s1@group-5BD3E7F27A57:t23, leader=null, voted=s1, raftlog=s1@group-5BD3E7F27A57-SegmentedRaftLog:OPENED:c2,f3,i3, conf=2: [s0:0.0.0.0:41468, s1:0.0.0.0:41619, s2:0.0.0.0:44382], old=null RUNNING
  s2:  RUNNING  FOLLOWER s2@group-5BD3E7F27A57:t23, leader=null, voted=null, raftlog=s2@group-5BD3E7F27A57-SegmentedRaftLog:OPENED:c1,f3,i3, conf=3: [s0:0.0.0.0:41468, s1:0.0.0.0:41619, s2:0.0.0.0:44382], old=null RUNNING
	at org.apache.ratis.MiniRaftCluster.newIllegalStateExceptionForNoLeaders(MiniRaftCluster.java:506)
	at org.apache.ratis.RaftTestUtil.lambda$waitForLeader$1(RaftTestUtil.java:90)
	at org.apache.ratis.MiniRaftCluster.getLeader(MiniRaftCluster.java:539)
	at org.apache.ratis.MiniRaftCluster.getLeader(MiniRaftCluster.java:532)
	at org.apache.ratis.RaftTestUtil.lambda$waitForLeader$3(RaftTestUtil.java:98)
	at org.apache.ratis.util.JavaUtils.attempt(JavaUtils.java:152)
	at org.apache.ratis.RaftTestUtil.waitForLeader(RaftTestUtil.java:97)
	at org.apache.ratis.RaftTestUtil.waitForLeader(RaftTestUtil.java:77)
	at org.apache.ratis.RaftTestUtil.waitForLeader(RaftTestUtil.java:72)
	at org.apache.ratis.RaftTestUtil.lambda$changeLeader$7(RaftTestUtil.java:363)
	at org.apache.ratis.util.JavaUtils.attempt(JavaUtils.java:152)
	at org.apache.ratis.RaftTestUtil.changeLeader(RaftTestUtil.java:362)
	at org.apache.ratis.server.impl.LeaderElectionTests.testChangeLeader(LeaderElectionTests.java:81)
	at sun.reflect.NativeMethodAccessorImpl.invoke0(Native Method)
	at sun.reflect.NativeMethodAccessorImpl.invoke(NativeMethodAccessorImpl.java:62)
	at sun.reflect.DelegatingMethodAccessorImpl.invoke(DelegatingMethodAccessorImpl.java:43)
	at java.lang.reflect.Method.invoke(Method.java:498)
	at org.junit.runners.model.FrameworkMethod$1.runReflectiveCall(FrameworkMethod.java:50)
	at org.junit.internal.runners.model.ReflectiveCallable.run(ReflectiveCallable.java:12)
	at org.junit.runners.model.FrameworkMethod.invokeExplosively(FrameworkMethod.java:47)
	at org.junit.internal.runners.statements.InvokeMethod.evaluate(InvokeMethod.java:17)
	at org.junit.internal.runners.statements.RunAfters.evaluate(RunAfters.java:27)
	at org.junit.internal.runners.statements.FailOnTimeout$CallableStatement.call(FailOnTimeout.java:298)
	at org.junit.internal.runners.statements.FailOnTimeout$CallableStatement.call(FailOnTimeout.java:292)
	at java.util.concurrent.FutureTask.run(FutureTask.java:266)
	at java.lang.Thread.run(Thread.java:748)
2019-09-26 09:48:57,684 INFO  impl.LeaderElection (LeaderElection.java:logAndReturn(56)) - s0@group-5BD3E7F27A57-LeaderElection46: Election TIMEOUT; received 0 response(s) [] and 0 exception(s); s0@group-5BD3E7F27A57:t23, leader=null, voted=s0, raftlog=s0@group-5BD3E7F27A57-SegmentedRaftLog:OPENED:c3,f4,i4, conf=3: [s0:0.0.0.0:41468, s1:0.0.0.0:41619, s2:0.0.0.0:44382], old=null
2019-09-26 09:48:57,697 INFO  impl.LeaderElection (LeaderElection.java:askForVotes(178)) - s0@group-5BD3E7F27A57-LeaderElection46: begin an election at term 24 for 3: [s0:0.0.0.0:41468, s1:0.0.0.0:41619, s2:0.0.0.0:44382], old=null
2019-09-26 09:48:57,788 INFO  impl.LeaderElection (LeaderElection.java:logAndReturn(56)) - s1@group-5BD3E7F27A57-LeaderElection44: Election TIMEOUT; received 1 response(s) [s1<-s0#0:FAIL-t23] and 0 exception(s); s1@group-5BD3E7F27A57:t23, leader=null, voted=s1, raftlog=s1@group-5BD3E7F27A57-SegmentedRaftLog:OPENED:c2,f3,i3, conf=2: [s0:0.0.0.0:41468, s1:0.0.0.0:41619, s2:0.0.0.0:44382], old=null
2019-09-26 09:48:57,802 INFO  impl.LeaderElection (LeaderElection.java:askForVotes(178)) - s1@group-5BD3E7F27A57-LeaderElection44: begin an election at term 24 for 2: [s0:0.0.0.0:41468, s1:0.0.0.0:41619, s2:0.0.0.0:44382], old=null
2019-09-26 09:48:57,802 DEBUG impl.RaftServerImpl (RaftServerImpl.java:requestVote(743)) - s0@group-5BD3E7F27A57: receive requestVote(s1, group-5BD3E7F27A57, 24, (t:3, i:3))
2019-09-26 09:48:57,803 DEBUG impl.RaftServerImpl (RaftServerImpl.java:requestVote(775)) - s0@group-5BD3E7F27A57 replies to vote request: s1<-s0#0:FAIL-t24. Peer's state: s0@group-5BD3E7F27A57:t24, leader=null, voted=s0, raftlog=s0@group-5BD3E7F27A57-SegmentedRaftLog:OPENED:c3,f4,i4, conf=3: [s0:0.0.0.0:41468, s1:0.0.0.0:41619, s2:0.0.0.0:44382], old=null
2019-09-26 09:48:57,846 INFO  impl.FollowerState (FollowerState.java:run(108)) - s2@group-5BD3E7F27A57-FollowerState: change to CANDIDATE, lastRpcTime:278ms, electionTimeout:278ms
2019-09-26 09:48:57,846 INFO  impl.RoleInfo (RoleInfo.java:shutdownFollowerState(121)) - s2: shutdown FollowerState
2019-09-26 09:48:57,846 INFO  impl.RaftServerImpl (RaftServerImpl.java:setRole(170)) - s2@group-5BD3E7F27A57: changes role from  FOLLOWER to CANDIDATE at term 23 for changeToCandidate
2019-09-26 09:48:57,846 INFO  impl.RoleInfo (RoleInfo.java:updateAndGet(143)) - s2: start LeaderElection
2019-09-26 09:48:57,867 INFO  impl.LeaderElection (LeaderElection.java:askForVotes(178)) - s2@group-5BD3E7F27A57-LeaderElection47: begin an election at term 24 for 3: [s0:0.0.0.0:41468, s1:0.0.0.0:41619, s2:0.0.0.0:44382], old=null
2019-09-26 09:48:57,868 INFO  impl.LeaderElection (LeaderElection.java:logAndReturn(56)) - s0@group-5BD3E7F27A57-LeaderElection46: Election TIMEOUT; received 0 response(s) [] and 0 exception(s); s0@group-5BD3E7F27A57:t24, leader=null, voted=s0, raftlog=s0@group-5BD3E7F27A57-SegmentedRaftLog:OPENED:c3,f4,i4, conf=3: [s0:0.0.0.0:41468, s1:0.0.0.0:41619, s2:0.0.0.0:44382], old=null
2019-09-26 09:48:57,868 DEBUG impl.RaftServerImpl (RaftServerImpl.java:requestVote(743)) - s0@group-5BD3E7F27A57: receive requestVote(s2, group-5BD3E7F27A57, 24, (t:4, i:3))
2019-09-26 09:48:57,871 INFO  impl.LeaderElection (LeaderElection.java:askForVotes(178)) - s0@group-5BD3E7F27A57-LeaderElection46: begin an election at term 25 for 3: [s0:0.0.0.0:41468, s1:0.0.0.0:41619, s2:0.0.0.0:44382], old=null
2019-09-26 09:48:57,871 DEBUG impl.RaftServerImpl (RaftServerImpl.java:requestVote(775)) - s0@group-5BD3E7F27A57 replies to vote request: s2<-s0#0:FAIL-t25. Peer's state: s0@group-5BD3E7F27A57:t25, leader=null, voted=s0, raftlog=s0@group-5BD3E7F27A57-SegmentedRaftLog:OPENED:c3,f4,i4, conf=3: [s0:0.0.0.0:41468, s1:0.0.0.0:41619, s2:0.0.0.0:44382], old=null
2019-09-26 09:48:57,871 INFO  impl.LeaderElection (LeaderElection.java:logAndReturn(56)) - s2@group-5BD3E7F27A57-LeaderElection47: Election DISCOVERED_A_NEW_TERM; received 1 response(s) [s2<-s0#0:FAIL-t25] and 0 exception(s); s2@group-5BD3E7F27A57:t24, leader=null, voted=s2, raftlog=s2@group-5BD3E7F27A57-SegmentedRaftLog:OPENED:c1,f3,i3, conf=3: [s0:0.0.0.0:41468, s1:0.0.0.0:41619, s2:0.0.0.0:44382], old=null
2019-09-26 09:48:57,871 INFO  impl.RaftServerImpl (RaftServerImpl.java:setRole(170)) - s2@group-5BD3E7F27A57: changes role from CANDIDATE to FOLLOWER at term 25 for DISCOVERED_A_NEW_TERM
2019-09-26 09:48:57,871 INFO  impl.RoleInfo (RoleInfo.java:shutdownLeaderElection(134)) - s2: shutdown LeaderElection
2019-09-26 09:48:57,872 INFO  impl.RoleInfo (RoleInfo.java:updateAndGet(143)) - s2: start FollowerState
2019-09-26 09:48:57,979 INFO  impl.LeaderElection (LeaderElection.java:logAndReturn(56)) - s1@group-5BD3E7F27A57-LeaderElection44: Election TIMEOUT; received 1 response(s) [s1<-s0#0:FAIL-t24] and 0 exception(s); s1@group-5BD3E7F27A57:t24, leader=null, voted=s1, raftlog=s1@group-5BD3E7F27A57-SegmentedRaftLog:OPENED:c2,f3,i3, conf=2: [s0:0.0.0.0:41468, s1:0.0.0.0:41619, s2:0.0.0.0:44382], old=null
2019-09-26 09:48:57,992 INFO  impl.LeaderElection (LeaderElection.java:askForVotes(178)) - s1@group-5BD3E7F27A57-LeaderElection44: begin an election at term 25 for 2: [s0:0.0.0.0:41468, s1:0.0.0.0:41619, s2:0.0.0.0:44382], old=null
2019-09-26 09:48:57,993 DEBUG impl.RaftServerImpl (RaftServerImpl.java:requestVote(743)) - s0@group-5BD3E7F27A57: receive requestVote(s1, group-5BD3E7F27A57, 25, (t:3, i:3))
2019-09-26 09:48:57,993 DEBUG impl.RaftServerImpl (RaftServerImpl.java:requestVote(775)) - s0@group-5BD3E7F27A57 replies to vote request: s1<-s0#0:FAIL-t25. Peer's state: s0@group-5BD3E7F27A57:t25, leader=null, voted=s0, raftlog=s0@group-5BD3E7F27A57-SegmentedRaftLog:OPENED:c3,f4,i4, conf=3: [s0:0.0.0.0:41468, s1:0.0.0.0:41619, s2:0.0.0.0:44382], old=null
2019-09-26 09:48:58,048 WARN  ratis.RaftTestUtil (JavaUtils.java:attempt(158)) - FAILED "waitForLeader-null-(expectLeader? true)", attempt #11/100: java.lang.IllegalStateException: No leader yet : printing ALL groups
  s0:  RUNNING CANDIDATE s0@group-5BD3E7F27A57:t25, leader=null, voted=s0, raftlog=s0@group-5BD3E7F27A57-SegmentedRaftLog:OPENED:c3,f4,i4, conf=3: [s0:0.0.0.0:41468, s1:0.0.0.0:41619, s2:0.0.0.0:44382], old=null RUNNING
  s1:  RUNNING CANDIDATE s1@group-5BD3E7F27A57:t25, leader=null, voted=s1, raftlog=s1@group-5BD3E7F27A57-SegmentedRaftLog:OPENED:c2,f3,i3, conf=2: [s0:0.0.0.0:41468, s1:0.0.0.0:41619, s2:0.0.0.0:44382], old=null RUNNING
  s2:  RUNNING  FOLLOWER s2@group-5BD3E7F27A57:t25, leader=null, voted=null, raftlog=s2@group-5BD3E7F27A57-SegmentedRaftLog:OPENED:c1,f3,i3, conf=3: [s0:0.0.0.0:41468, s1:0.0.0.0:41619, s2:0.0.0.0:44382], old=null RUNNING, sleep 450ms and then retry.
java.lang.IllegalStateException: No leader yet : printing ALL groups
  s0:  RUNNING CANDIDATE s0@group-5BD3E7F27A57:t25, leader=null, voted=s0, raftlog=s0@group-5BD3E7F27A57-SegmentedRaftLog:OPENED:c3,f4,i4, conf=3: [s0:0.0.0.0:41468, s1:0.0.0.0:41619, s2:0.0.0.0:44382], old=null RUNNING
  s1:  RUNNING CANDIDATE s1@group-5BD3E7F27A57:t25, leader=null, voted=s1, raftlog=s1@group-5BD3E7F27A57-SegmentedRaftLog:OPENED:c2,f3,i3, conf=2: [s0:0.0.0.0:41468, s1:0.0.0.0:41619, s2:0.0.0.0:44382], old=null RUNNING
  s2:  RUNNING  FOLLOWER s2@group-5BD3E7F27A57:t25, leader=null, voted=null, raftlog=s2@group-5BD3E7F27A57-SegmentedRaftLog:OPENED:c1,f3,i3, conf=3: [s0:0.0.0.0:41468, s1:0.0.0.0:41619, s2:0.0.0.0:44382], old=null RUNNING
	at org.apache.ratis.MiniRaftCluster.newIllegalStateExceptionForNoLeaders(MiniRaftCluster.java:506)
	at org.apache.ratis.RaftTestUtil.lambda$waitForLeader$1(RaftTestUtil.java:90)
	at org.apache.ratis.MiniRaftCluster.getLeader(MiniRaftCluster.java:539)
	at org.apache.ratis.MiniRaftCluster.getLeader(MiniRaftCluster.java:532)
	at org.apache.ratis.RaftTestUtil.lambda$waitForLeader$3(RaftTestUtil.java:98)
	at org.apache.ratis.util.JavaUtils.attempt(JavaUtils.java:152)
	at org.apache.ratis.RaftTestUtil.waitForLeader(RaftTestUtil.java:97)
	at org.apache.ratis.RaftTestUtil.waitForLeader(RaftTestUtil.java:77)
	at org.apache.ratis.RaftTestUtil.waitForLeader(RaftTestUtil.java:72)
	at org.apache.ratis.RaftTestUtil.lambda$changeLeader$7(RaftTestUtil.java:363)
	at org.apache.ratis.util.JavaUtils.attempt(JavaUtils.java:152)
	at org.apache.ratis.RaftTestUtil.changeLeader(RaftTestUtil.java:362)
	at org.apache.ratis.server.impl.LeaderElectionTests.testChangeLeader(LeaderElectionTests.java:81)
	at sun.reflect.NativeMethodAccessorImpl.invoke0(Native Method)
	at sun.reflect.NativeMethodAccessorImpl.invoke(NativeMethodAccessorImpl.java:62)
	at sun.reflect.DelegatingMethodAccessorImpl.invoke(DelegatingMethodAccessorImpl.java:43)
	at java.lang.reflect.Method.invoke(Method.java:498)
	at org.junit.runners.model.FrameworkMethod$1.runReflectiveCall(FrameworkMethod.java:50)
	at org.junit.internal.runners.model.ReflectiveCallable.run(ReflectiveCallable.java:12)
	at org.junit.runners.model.FrameworkMethod.invokeExplosively(FrameworkMethod.java:47)
	at org.junit.internal.runners.statements.InvokeMethod.evaluate(InvokeMethod.java:17)
	at org.junit.internal.runners.statements.RunAfters.evaluate(RunAfters.java:27)
	at org.junit.internal.runners.statements.FailOnTimeout$CallableStatement.call(FailOnTimeout.java:298)
	at org.junit.internal.runners.statements.FailOnTimeout$CallableStatement.call(FailOnTimeout.java:292)
	at java.util.concurrent.FutureTask.run(FutureTask.java:266)
	at java.lang.Thread.run(Thread.java:748)
2019-09-26 09:48:58,089 INFO  impl.FollowerState (FollowerState.java:run(108)) - s2@group-5BD3E7F27A57-FollowerState: change to CANDIDATE, lastRpcTime:217ms, electionTimeout:217ms
2019-09-26 09:48:58,089 INFO  impl.RoleInfo (RoleInfo.java:shutdownFollowerState(121)) - s2: shutdown FollowerState
2019-09-26 09:48:58,089 INFO  impl.RaftServerImpl (RaftServerImpl.java:setRole(170)) - s2@group-5BD3E7F27A57: changes role from  FOLLOWER to CANDIDATE at term 25 for changeToCandidate
2019-09-26 09:48:58,089 INFO  impl.RoleInfo (RoleInfo.java:updateAndGet(143)) - s2: start LeaderElection
2019-09-26 09:48:58,103 INFO  impl.LeaderElection (LeaderElection.java:askForVotes(178)) - s2@group-5BD3E7F27A57-LeaderElection48: begin an election at term 26 for 3: [s0:0.0.0.0:41468, s1:0.0.0.0:41619, s2:0.0.0.0:44382], old=null
2019-09-26 09:48:58,103 DEBUG impl.RaftServerImpl (RaftServerImpl.java:requestVote(743)) - s0@group-5BD3E7F27A57: receive requestVote(s2, group-5BD3E7F27A57, 26, (t:4, i:3))
2019-09-26 09:48:58,104 INFO  impl.RaftServerImpl (RaftServerImpl.java:setRole(170)) - s0@group-5BD3E7F27A57: changes role from CANDIDATE to FOLLOWER at term 26 for recognizeCandidate:s2
2019-09-26 09:48:58,104 INFO  impl.RoleInfo (RoleInfo.java:shutdownLeaderElection(134)) - s0: shutdown LeaderElection
2019-09-26 09:48:58,104 INFO  impl.RoleInfo (RoleInfo.java:updateAndGet(143)) - s0: start FollowerState
2019-09-26 09:48:58,117 DEBUG impl.RaftServerImpl (RaftServerImpl.java:requestVote(775)) - s0@group-5BD3E7F27A57 replies to vote request: s2<-s0#0:FAIL-t26. Peer's state: s0@group-5BD3E7F27A57:t26, leader=null, voted=null, raftlog=s0@group-5BD3E7F27A57-SegmentedRaftLog:OPENED:c3,f4,i4, conf=3: [s0:0.0.0.0:41468, s1:0.0.0.0:41619, s2:0.0.0.0:44382], old=null
2019-09-26 09:48:58,137 INFO  impl.LeaderElection (LeaderElection.java:logAndReturn(56)) - s0@group-5BD3E7F27A57-LeaderElection46: Election REJECTED; received 0 response(s) [] and 0 exception(s); s0@group-5BD3E7F27A57:t26, leader=null, voted=null, raftlog=s0@group-5BD3E7F27A57-SegmentedRaftLog:OPENED:c3,f4,i4, conf=3: [s0:0.0.0.0:41468, s1:0.0.0.0:41619, s2:0.0.0.0:44382], old=null
2019-09-26 09:48:58,273 INFO  impl.LeaderElection (LeaderElection.java:logAndReturn(56)) - s1@group-5BD3E7F27A57-LeaderElection44: Election TIMEOUT; received 1 response(s) [s1<-s0#0:FAIL-t25] and 0 exception(s); s1@group-5BD3E7F27A57:t25, leader=null, voted=s1, raftlog=s1@group-5BD3E7F27A57-SegmentedRaftLog:OPENED:c2,f3,i3, conf=2: [s0:0.0.0.0:41468, s1:0.0.0.0:41619, s2:0.0.0.0:44382], old=null
2019-09-26 09:48:58,286 INFO  impl.LeaderElection (LeaderElection.java:askForVotes(178)) - s1@group-5BD3E7F27A57-LeaderElection44: begin an election at term 26 for 2: [s0:0.0.0.0:41468, s1:0.0.0.0:41619, s2:0.0.0.0:44382], old=null
2019-09-26 09:48:58,287 DEBUG impl.RaftServerImpl (RaftServerImpl.java:requestVote(743)) - s0@group-5BD3E7F27A57: receive requestVote(s1, group-5BD3E7F27A57, 26, (t:3, i:3))
2019-09-26 09:48:58,287 INFO  impl.RaftServerImpl (RaftServerImpl.java:setRole(170)) - s0@group-5BD3E7F27A57: changes role from  FOLLOWER to FOLLOWER at term 26 for recognizeCandidate:s1
2019-09-26 09:48:58,287 INFO  impl.RoleInfo (RoleInfo.java:shutdownFollowerState(121)) - s0: shutdown FollowerState
2019-09-26 09:48:58,288 INFO  impl.RoleInfo (RoleInfo.java:updateAndGet(143)) - s0: start FollowerState
2019-09-26 09:48:58,288 INFO  impl.FollowerState (FollowerState.java:run(117)) - s0@group-5BD3E7F27A57-FollowerState was interrupted: java.lang.InterruptedException: sleep interrupted
2019-09-26 09:48:58,288 DEBUG impl.RaftServerImpl (RaftServerImpl.java:requestVote(775)) - s0@group-5BD3E7F27A57 replies to vote request: s1<-s0#0:FAIL-t26. Peer's state: s0@group-5BD3E7F27A57:t26, leader=null, voted=null, raftlog=s0@group-5BD3E7F27A57-SegmentedRaftLog:OPENED:c3,f4,i4, conf=3: [s0:0.0.0.0:41468, s1:0.0.0.0:41619, s2:0.0.0.0:44382], old=null
2019-09-26 09:48:58,350 INFO  impl.LeaderElection (LeaderElection.java:logAndReturn(56)) - s2@group-5BD3E7F27A57-LeaderElection48: Election TIMEOUT; received 1 response(s) [s2<-s0#0:FAIL-t26] and 0 exception(s); s2@group-5BD3E7F27A57:t26, leader=null, voted=s2, raftlog=s2@group-5BD3E7F27A57-SegmentedRaftLog:OPENED:c1,f3,i3, conf=3: [s0:0.0.0.0:41468, s1:0.0.0.0:41619, s2:0.0.0.0:44382], old=null
2019-09-26 09:48:58,363 INFO  impl.LeaderElection (LeaderElection.java:askForVotes(178)) - s2@group-5BD3E7F27A57-LeaderElection48: begin an election at term 27 for 3: [s0:0.0.0.0:41468, s1:0.0.0.0:41619, s2:0.0.0.0:44382], old=null
2019-09-26 09:48:58,364 DEBUG impl.RaftServerImpl (RaftServerImpl.java:requestVote(743)) - s0@group-5BD3E7F27A57: receive requestVote(s2, group-5BD3E7F27A57, 27, (t:4, i:3))
2019-09-26 09:48:58,364 INFO  impl.RaftServerImpl (RaftServerImpl.java:setRole(170)) - s0@group-5BD3E7F27A57: changes role from  FOLLOWER to FOLLOWER at term 27 for recognizeCandidate:s2
2019-09-26 09:48:58,365 INFO  impl.RoleInfo (RoleInfo.java:shutdownFollowerState(121)) - s0: shutdown FollowerState
2019-09-26 09:48:58,365 INFO  impl.RoleInfo (RoleInfo.java:updateAndGet(143)) - s0: start FollowerState
2019-09-26 09:48:58,365 INFO  impl.FollowerState (FollowerState.java:run(117)) - s0@group-5BD3E7F27A57-FollowerState was interrupted: java.lang.InterruptedException: sleep interrupted
2019-09-26 09:48:58,378 DEBUG impl.RaftServerImpl (RaftServerImpl.java:requestVote(775)) - s0@group-5BD3E7F27A57 replies to vote request: s2<-s0#0:FAIL-t27. Peer's state: s0@group-5BD3E7F27A57:t27, leader=null, voted=null, raftlog=s0@group-5BD3E7F27A57-SegmentedRaftLog:OPENED:c3,f4,i4, conf=3: [s0:0.0.0.0:41468, s1:0.0.0.0:41619, s2:0.0.0.0:44382], old=null
2019-09-26 09:48:58,500 WARN  ratis.RaftTestUtil (JavaUtils.java:attempt(158)) - FAILED "waitForLeader-null-(expectLeader? true)", attempt #12/100: java.lang.IllegalStateException: No leader yet : printing ALL groups
  s0:  RUNNING  FOLLOWER s0@group-5BD3E7F27A57:t27, leader=null, voted=null, raftlog=s0@group-5BD3E7F27A57-SegmentedRaftLog:OPENED:c3,f4,i4, conf=3: [s0:0.0.0.0:41468, s1:0.0.0.0:41619, s2:0.0.0.0:44382], old=null RUNNING
  s1:  RUNNING CANDIDATE s1@group-5BD3E7F27A57:t26, leader=null, voted=s1, raftlog=s1@group-5BD3E7F27A57-SegmentedRaftLog:OPENED:c2,f3,i3, conf=2: [s0:0.0.0.0:41468, s1:0.0.0.0:41619, s2:0.0.0.0:44382], old=null RUNNING
  s2:  RUNNING CANDIDATE s2@group-5BD3E7F27A57:t27, leader=null, voted=s2, raftlog=s2@group-5BD3E7F27A57-SegmentedRaftLog:OPENED:c1,f3,i3, conf=3: [s0:0.0.0.0:41468, s1:0.0.0.0:41619, s2:0.0.0.0:44382], old=null RUNNING, sleep 450ms and then retry.
java.lang.IllegalStateException: No leader yet : printing ALL groups
  s0:  RUNNING  FOLLOWER s0@group-5BD3E7F27A57:t27, leader=null, voted=null, raftlog=s0@group-5BD3E7F27A57-SegmentedRaftLog:OPENED:c3,f4,i4, conf=3: [s0:0.0.0.0:41468, s1:0.0.0.0:41619, s2:0.0.0.0:44382], old=null RUNNING
  s1:  RUNNING CANDIDATE s1@group-5BD3E7F27A57:t26, leader=null, voted=s1, raftlog=s1@group-5BD3E7F27A57-SegmentedRaftLog:OPENED:c2,f3,i3, conf=2: [s0:0.0.0.0:41468, s1:0.0.0.0:41619, s2:0.0.0.0:44382], old=null RUNNING
  s2:  RUNNING CANDIDATE s2@group-5BD3E7F27A57:t27, leader=null, voted=s2, raftlog=s2@group-5BD3E7F27A57-SegmentedRaftLog:OPENED:c1,f3,i3, conf=3: [s0:0.0.0.0:41468, s1:0.0.0.0:41619, s2:0.0.0.0:44382], old=null RUNNING
	at org.apache.ratis.MiniRaftCluster.newIllegalStateExceptionForNoLeaders(MiniRaftCluster.java:506)
	at org.apache.ratis.RaftTestUtil.lambda$waitForLeader$1(RaftTestUtil.java:90)
	at org.apache.ratis.MiniRaftCluster.getLeader(MiniRaftCluster.java:539)
	at org.apache.ratis.MiniRaftCluster.getLeader(MiniRaftCluster.java:532)
	at org.apache.ratis.RaftTestUtil.lambda$waitForLeader$3(RaftTestUtil.java:98)
	at org.apache.ratis.util.JavaUtils.attempt(JavaUtils.java:152)
	at org.apache.ratis.RaftTestUtil.waitForLeader(RaftTestUtil.java:97)
	at org.apache.ratis.RaftTestUtil.waitForLeader(RaftTestUtil.java:77)
	at org.apache.ratis.RaftTestUtil.waitForLeader(RaftTestUtil.java:72)
	at org.apache.ratis.RaftTestUtil.lambda$changeLeader$7(RaftTestUtil.java:363)
	at org.apache.ratis.util.JavaUtils.attempt(JavaUtils.java:152)
	at org.apache.ratis.RaftTestUtil.changeLeader(RaftTestUtil.java:362)
	at org.apache.ratis.server.impl.LeaderElectionTests.testChangeLeader(LeaderElectionTests.java:81)
	at sun.reflect.NativeMethodAccessorImpl.invoke0(Native Method)
	at sun.reflect.NativeMethodAccessorImpl.invoke(NativeMethodAccessorImpl.java:62)
	at sun.reflect.DelegatingMethodAccessorImpl.invoke(DelegatingMethodAccessorImpl.java:43)
	at java.lang.reflect.Method.invoke(Method.java:498)
	at org.junit.runners.model.FrameworkMethod$1.runReflectiveCall(FrameworkMethod.java:50)
	at org.junit.internal.runners.model.ReflectiveCallable.run(ReflectiveCallable.java:12)
	at org.junit.runners.model.FrameworkMethod.invokeExplosively(FrameworkMethod.java:47)
	at org.junit.internal.runners.statements.InvokeMethod.evaluate(InvokeMethod.java:17)
	at org.junit.internal.runners.statements.RunAfters.evaluate(RunAfters.java:27)
	at org.junit.internal.runners.statements.FailOnTimeout$CallableStatement.call(FailOnTimeout.java:298)
	at org.junit.internal.runners.statements.FailOnTimeout$CallableStatement.call(FailOnTimeout.java:292)
	at java.util.concurrent.FutureTask.run(FutureTask.java:266)
	at java.lang.Thread.run(Thread.java:748)
2019-09-26 09:48:58,568 INFO  impl.LeaderElection (LeaderElection.java:logAndReturn(56)) - s1@group-5BD3E7F27A57-LeaderElection44: Election TIMEOUT; received 1 response(s) [s1<-s0#0:FAIL-t26] and 0 exception(s); s1@group-5BD3E7F27A57:t26, leader=null, voted=s1, raftlog=s1@group-5BD3E7F27A57-SegmentedRaftLog:OPENED:c2,f3,i3, conf=2: [s0:0.0.0.0:41468, s1:0.0.0.0:41619, s2:0.0.0.0:44382], old=null
2019-09-26 09:48:58,582 INFO  impl.LeaderElection (LeaderElection.java:askForVotes(178)) - s1@group-5BD3E7F27A57-LeaderElection44: begin an election at term 27 for 2: [s0:0.0.0.0:41468, s1:0.0.0.0:41619, s2:0.0.0.0:44382], old=null
2019-09-26 09:48:58,583 DEBUG impl.RaftServerImpl (RaftServerImpl.java:requestVote(743)) - s0@group-5BD3E7F27A57: receive requestVote(s1, group-5BD3E7F27A57, 27, (t:3, i:3))
2019-09-26 09:48:58,583 INFO  impl.RaftServerImpl (RaftServerImpl.java:setRole(170)) - s0@group-5BD3E7F27A57: changes role from  FOLLOWER to FOLLOWER at term 27 for recognizeCandidate:s1
2019-09-26 09:48:58,583 INFO  impl.RoleInfo (RoleInfo.java:shutdownFollowerState(121)) - s0: shutdown FollowerState
2019-09-26 09:48:58,583 INFO  impl.RoleInfo (RoleInfo.java:updateAndGet(143)) - s0: start FollowerState
2019-09-26 09:48:58,583 INFO  impl.FollowerState (FollowerState.java:run(117)) - s0@group-5BD3E7F27A57-FollowerState was interrupted: java.lang.InterruptedException: sleep interrupted
2019-09-26 09:48:58,584 DEBUG impl.RaftServerImpl (RaftServerImpl.java:requestVote(775)) - s0@group-5BD3E7F27A57 replies to vote request: s1<-s0#0:FAIL-t27. Peer's state: s0@group-5BD3E7F27A57:t27, leader=null, voted=null, raftlog=s0@group-5BD3E7F27A57-SegmentedRaftLog:OPENED:c3,f4,i4, conf=3: [s0:0.0.0.0:41468, s1:0.0.0.0:41619, s2:0.0.0.0:44382], old=null
2019-09-26 09:48:58,663 INFO  impl.LeaderElection (LeaderElection.java:logAndReturn(56)) - s2@group-5BD3E7F27A57-LeaderElection48: Election TIMEOUT; received 1 response(s) [s2<-s0#0:FAIL-t27] and 0 exception(s); s2@group-5BD3E7F27A57:t27, leader=null, voted=s2, raftlog=s2@group-5BD3E7F27A57-SegmentedRaftLog:OPENED:c1,f3,i3, conf=3: [s0:0.0.0.0:41468, s1:0.0.0.0:41619, s2:0.0.0.0:44382], old=null
2019-09-26 09:48:58,676 INFO  impl.LeaderElection (LeaderElection.java:askForVotes(178)) - s2@group-5BD3E7F27A57-LeaderElection48: begin an election at term 28 for 3: [s0:0.0.0.0:41468, s1:0.0.0.0:41619, s2:0.0.0.0:44382], old=null
2019-09-26 09:48:58,677 DEBUG impl.RaftServerImpl (RaftServerImpl.java:requestVote(743)) - s0@group-5BD3E7F27A57: receive requestVote(s2, group-5BD3E7F27A57, 28, (t:4, i:3))
2019-09-26 09:48:58,677 INFO  impl.RaftServerImpl (RaftServerImpl.java:setRole(170)) - s0@group-5BD3E7F27A57: changes role from  FOLLOWER to FOLLOWER at term 28 for recognizeCandidate:s2
2019-09-26 09:48:58,677 INFO  impl.RoleInfo (RoleInfo.java:shutdownFollowerState(121)) - s0: shutdown FollowerState
2019-09-26 09:48:58,677 INFO  impl.RoleInfo (RoleInfo.java:updateAndGet(143)) - s0: start FollowerState
2019-09-26 09:48:58,677 INFO  impl.FollowerState (FollowerState.java:run(117)) - s0@group-5BD3E7F27A57-FollowerState was interrupted: java.lang.InterruptedException: sleep interrupted
2019-09-26 09:48:58,690 DEBUG impl.RaftServerImpl (RaftServerImpl.java:requestVote(775)) - s0@group-5BD3E7F27A57 replies to vote request: s2<-s0#0:FAIL-t28. Peer's state: s0@group-5BD3E7F27A57:t28, leader=null, voted=null, raftlog=s0@group-5BD3E7F27A57-SegmentedRaftLog:OPENED:c3,f4,i4, conf=3: [s0:0.0.0.0:41468, s1:0.0.0.0:41619, s2:0.0.0.0:44382], old=null
2019-09-26 09:48:58,761 INFO  impl.LeaderElection (LeaderElection.java:logAndReturn(56)) - s1@group-5BD3E7F27A57-LeaderElection44: Election TIMEOUT; received 1 response(s) [s1<-s0#0:FAIL-t27] and 0 exception(s); s1@group-5BD3E7F27A57:t27, leader=null, voted=s1, raftlog=s1@group-5BD3E7F27A57-SegmentedRaftLog:OPENED:c2,f3,i3, conf=2: [s0:0.0.0.0:41468, s1:0.0.0.0:41619, s2:0.0.0.0:44382], old=null
2019-09-26 09:48:58,774 INFO  impl.LeaderElection (LeaderElection.java:askForVotes(178)) - s1@group-5BD3E7F27A57-LeaderElection44: begin an election at term 28 for 2: [s0:0.0.0.0:41468, s1:0.0.0.0:41619, s2:0.0.0.0:44382], old=null
2019-09-26 09:48:58,774 DEBUG impl.RaftServerImpl (RaftServerImpl.java:requestVote(743)) - s0@group-5BD3E7F27A57: receive requestVote(s1, group-5BD3E7F27A57, 28, (t:3, i:3))
2019-09-26 09:48:58,775 INFO  impl.RaftServerImpl (RaftServerImpl.java:setRole(170)) - s0@group-5BD3E7F27A57: changes role from  FOLLOWER to FOLLOWER at term 28 for recognizeCandidate:s1
2019-09-26 09:48:58,775 INFO  impl.RoleInfo (RoleInfo.java:shutdownFollowerState(121)) - s0: shutdown FollowerState
2019-09-26 09:48:58,775 INFO  impl.RoleInfo (RoleInfo.java:updateAndGet(143)) - s0: start FollowerState
2019-09-26 09:48:58,775 INFO  impl.FollowerState (FollowerState.java:run(117)) - s0@group-5BD3E7F27A57-FollowerState was interrupted: java.lang.InterruptedException: sleep interrupted
2019-09-26 09:48:58,775 DEBUG impl.RaftServerImpl (RaftServerImpl.java:requestVote(775)) - s0@group-5BD3E7F27A57 replies to vote request: s1<-s0#0:FAIL-t28. Peer's state: s0@group-5BD3E7F27A57:t28, leader=null, voted=null, raftlog=s0@group-5BD3E7F27A57-SegmentedRaftLog:OPENED:c3,f4,i4, conf=3: [s0:0.0.0.0:41468, s1:0.0.0.0:41619, s2:0.0.0.0:44382], old=null
2019-09-26 09:48:58,838 INFO  impl.LeaderElection (LeaderElection.java:logAndReturn(56)) - s2@group-5BD3E7F27A57-LeaderElection48: Election TIMEOUT; received 1 response(s) [s2<-s0#0:FAIL-t28] and 0 exception(s); s2@group-5BD3E7F27A57:t28, leader=null, voted=s2, raftlog=s2@group-5BD3E7F27A57-SegmentedRaftLog:OPENED:c1,f3,i3, conf=3: [s0:0.0.0.0:41468, s1:0.0.0.0:41619, s2:0.0.0.0:44382], old=null
2019-09-26 09:48:58,851 INFO  impl.LeaderElection (LeaderElection.java:askForVotes(178)) - s2@group-5BD3E7F27A57-LeaderElection48: begin an election at term 29 for 3: [s0:0.0.0.0:41468, s1:0.0.0.0:41619, s2:0.0.0.0:44382], old=null
2019-09-26 09:48:58,851 DEBUG impl.RaftServerImpl (RaftServerImpl.java:requestVote(743)) - s0@group-5BD3E7F27A57: receive requestVote(s2, group-5BD3E7F27A57, 29, (t:4, i:3))
2019-09-26 09:48:58,852 INFO  impl.RaftServerImpl (RaftServerImpl.java:setRole(170)) - s0@group-5BD3E7F27A57: changes role from  FOLLOWER to FOLLOWER at term 29 for recognizeCandidate:s2
2019-09-26 09:48:58,852 INFO  impl.RoleInfo (RoleInfo.java:shutdownFollowerState(121)) - s0: shutdown FollowerState
2019-09-26 09:48:58,852 INFO  impl.RoleInfo (RoleInfo.java:updateAndGet(143)) - s0: start FollowerState
2019-09-26 09:48:58,852 INFO  impl.FollowerState (FollowerState.java:run(117)) - s0@group-5BD3E7F27A57-FollowerState was interrupted: java.lang.InterruptedException: sleep interrupted
2019-09-26 09:48:58,867 DEBUG impl.RaftServerImpl (RaftServerImpl.java:requestVote(775)) - s0@group-5BD3E7F27A57 replies to vote request: s2<-s0#0:FAIL-t29. Peer's state: s0@group-5BD3E7F27A57:t29, leader=null, voted=null, raftlog=s0@group-5BD3E7F27A57-SegmentedRaftLog:OPENED:c3,f4,i4, conf=3: [s0:0.0.0.0:41468, s1:0.0.0.0:41619, s2:0.0.0.0:44382], old=null
2019-09-26 09:48:58,951 WARN  ratis.RaftTestUtil (JavaUtils.java:attempt(158)) - FAILED "waitForLeader-null-(expectLeader? true)", attempt #13/100: java.lang.IllegalStateException: No leader yet : printing ALL groups
  s0:  RUNNING  FOLLOWER s0@group-5BD3E7F27A57:t29, leader=null, voted=null, raftlog=s0@group-5BD3E7F27A57-SegmentedRaftLog:OPENED:c3,f4,i4, conf=3: [s0:0.0.0.0:41468, s1:0.0.0.0:41619, s2:0.0.0.0:44382], old=null RUNNING
  s1:  RUNNING CANDIDATE s1@group-5BD3E7F27A57:t28, leader=null, voted=s1, raftlog=s1@group-5BD3E7F27A57-SegmentedRaftLog:OPENED:c2,f3,i3, conf=2: [s0:0.0.0.0:41468, s1:0.0.0.0:41619, s2:0.0.0.0:44382], old=null RUNNING
  s2:  RUNNING CANDIDATE s2@group-5BD3E7F27A57:t29, leader=null, voted=s2, raftlog=s2@group-5BD3E7F27A57-SegmentedRaftLog:OPENED:c1,f3,i3, conf=3: [s0:0.0.0.0:41468, s1:0.0.0.0:41619, s2:0.0.0.0:44382], old=null RUNNING, sleep 450ms and then retry.
java.lang.IllegalStateException: No leader yet : printing ALL groups
  s0:  RUNNING  FOLLOWER s0@group-5BD3E7F27A57:t29, leader=null, voted=null, raftlog=s0@group-5BD3E7F27A57-SegmentedRaftLog:OPENED:c3,f4,i4, conf=3: [s0:0.0.0.0:41468, s1:0.0.0.0:41619, s2:0.0.0.0:44382], old=null RUNNING
  s1:  RUNNING CANDIDATE s1@group-5BD3E7F27A57:t28, leader=null, voted=s1, raftlog=s1@group-5BD3E7F27A57-SegmentedRaftLog:OPENED:c2,f3,i3, conf=2: [s0:0.0.0.0:41468, s1:0.0.0.0:41619, s2:0.0.0.0:44382], old=null RUNNING
  s2:  RUNNING CANDIDATE s2@group-5BD3E7F27A57:t29, leader=null, voted=s2, raftlog=s2@group-5BD3E7F27A57-SegmentedRaftLog:OPENED:c1,f3,i3, conf=3: [s0:0.0.0.0:41468, s1:0.0.0.0:41619, s2:0.0.0.0:44382], old=null RUNNING
	at org.apache.ratis.MiniRaftCluster.newIllegalStateExceptionForNoLeaders(MiniRaftCluster.java:506)
	at org.apache.ratis.RaftTestUtil.lambda$waitForLeader$1(RaftTestUtil.java:90)
	at org.apache.ratis.MiniRaftCluster.getLeader(MiniRaftCluster.java:539)
	at org.apache.ratis.MiniRaftCluster.getLeader(MiniRaftCluster.java:532)
	at org.apache.ratis.RaftTestUtil.lambda$waitForLeader$3(RaftTestUtil.java:98)
	at org.apache.ratis.util.JavaUtils.attempt(JavaUtils.java:152)
	at org.apache.ratis.RaftTestUtil.waitForLeader(RaftTestUtil.java:97)
	at org.apache.ratis.RaftTestUtil.waitForLeader(RaftTestUtil.java:77)
	at org.apache.ratis.RaftTestUtil.waitForLeader(RaftTestUtil.java:72)
	at org.apache.ratis.RaftTestUtil.lambda$changeLeader$7(RaftTestUtil.java:363)
	at org.apache.ratis.util.JavaUtils.attempt(JavaUtils.java:152)
	at org.apache.ratis.RaftTestUtil.changeLeader(RaftTestUtil.java:362)
	at org.apache.ratis.server.impl.LeaderElectionTests.testChangeLeader(LeaderElectionTests.java:81)
	at sun.reflect.NativeMethodAccessorImpl.invoke0(Native Method)
	at sun.reflect.NativeMethodAccessorImpl.invoke(NativeMethodAccessorImpl.java:62)
	at sun.reflect.DelegatingMethodAccessorImpl.invoke(DelegatingMethodAccessorImpl.java:43)
	at java.lang.reflect.Method.invoke(Method.java:498)
	at org.junit.runners.model.FrameworkMethod$1.runReflectiveCall(FrameworkMethod.java:50)
	at org.junit.internal.runners.model.ReflectiveCallable.run(ReflectiveCallable.java:12)
	at org.junit.runners.model.FrameworkMethod.invokeExplosively(FrameworkMethod.java:47)
	at org.junit.internal.runners.statements.InvokeMethod.evaluate(InvokeMethod.java:17)
	at org.junit.internal.runners.statements.RunAfters.evaluate(RunAfters.java:27)
	at org.junit.internal.runners.statements.FailOnTimeout$CallableStatement.call(FailOnTimeout.java:298)
	at org.junit.internal.runners.statements.FailOnTimeout$CallableStatement.call(FailOnTimeout.java:292)
	at java.util.concurrent.FutureTask.run(FutureTask.java:266)
	at java.lang.Thread.run(Thread.java:748)
2019-09-26 09:48:59,030 INFO  impl.LeaderElection (LeaderElection.java:logAndReturn(56)) - s1@group-5BD3E7F27A57-LeaderElection44: Election TIMEOUT; received 1 response(s) [s1<-s0#0:FAIL-t28] and 0 exception(s); s1@group-5BD3E7F27A57:t28, leader=null, voted=s1, raftlog=s1@group-5BD3E7F27A57-SegmentedRaftLog:OPENED:c2,f3,i3, conf=2: [s0:0.0.0.0:41468, s1:0.0.0.0:41619, s2:0.0.0.0:44382], old=null
2019-09-26 09:48:59,043 INFO  impl.LeaderElection (LeaderElection.java:askForVotes(178)) - s1@group-5BD3E7F27A57-LeaderElection44: begin an election at term 29 for 2: [s0:0.0.0.0:41468, s1:0.0.0.0:41619, s2:0.0.0.0:44382], old=null
2019-09-26 09:48:59,044 DEBUG impl.RaftServerImpl (RaftServerImpl.java:requestVote(743)) - s0@group-5BD3E7F27A57: receive requestVote(s1, group-5BD3E7F27A57, 29, (t:3, i:3))
2019-09-26 09:48:59,044 INFO  impl.RaftServerImpl (RaftServerImpl.java:setRole(170)) - s0@group-5BD3E7F27A57: changes role from  FOLLOWER to FOLLOWER at term 29 for recognizeCandidate:s1
2019-09-26 09:48:59,044 INFO  impl.RoleInfo (RoleInfo.java:shutdownFollowerState(121)) - s0: shutdown FollowerState
2019-09-26 09:48:59,045 INFO  impl.RoleInfo (RoleInfo.java:updateAndGet(143)) - s0: start FollowerState
2019-09-26 09:48:59,045 INFO  impl.FollowerState (FollowerState.java:run(117)) - s0@group-5BD3E7F27A57-FollowerState was interrupted: java.lang.InterruptedException: sleep interrupted
2019-09-26 09:48:59,045 DEBUG impl.RaftServerImpl (RaftServerImpl.java:requestVote(775)) - s0@group-5BD3E7F27A57 replies to vote request: s1<-s0#0:FAIL-t29. Peer's state: s0@group-5BD3E7F27A57:t29, leader=null, voted=null, raftlog=s0@group-5BD3E7F27A57-SegmentedRaftLog:OPENED:c3,f4,i4, conf=3: [s0:0.0.0.0:41468, s1:0.0.0.0:41619, s2:0.0.0.0:44382], old=null
2019-09-26 09:48:59,099 INFO  impl.LeaderElection (LeaderElection.java:logAndReturn(56)) - s2@group-5BD3E7F27A57-LeaderElection48: Election TIMEOUT; received 1 response(s) [s2<-s0#0:FAIL-t29] and 0 exception(s); s2@group-5BD3E7F27A57:t29, leader=null, voted=s2, raftlog=s2@group-5BD3E7F27A57-SegmentedRaftLog:OPENED:c1,f3,i3, conf=3: [s0:0.0.0.0:41468, s1:0.0.0.0:41619, s2:0.0.0.0:44382], old=null
2019-09-26 09:48:59,112 INFO  impl.LeaderElection (LeaderElection.java:askForVotes(178)) - s2@group-5BD3E7F27A57-LeaderElection48: begin an election at term 30 for 3: [s0:0.0.0.0:41468, s1:0.0.0.0:41619, s2:0.0.0.0:44382], old=null
2019-09-26 09:48:59,113 DEBUG impl.RaftServerImpl (RaftServerImpl.java:requestVote(743)) - s0@group-5BD3E7F27A57: receive requestVote(s2, group-5BD3E7F27A57, 30, (t:4, i:3))
2019-09-26 09:48:59,113 INFO  impl.RaftServerImpl (RaftServerImpl.java:setRole(170)) - s0@group-5BD3E7F27A57: changes role from  FOLLOWER to FOLLOWER at term 30 for recognizeCandidate:s2
2019-09-26 09:48:59,113 INFO  impl.RoleInfo (RoleInfo.java:shutdownFollowerState(121)) - s0: shutdown FollowerState
2019-09-26 09:48:59,113 INFO  impl.RoleInfo (RoleInfo.java:updateAndGet(143)) - s0: start FollowerState
2019-09-26 09:48:59,113 INFO  impl.FollowerState (FollowerState.java:run(117)) - s0@group-5BD3E7F27A57-FollowerState was interrupted: java.lang.InterruptedException: sleep interrupted
2019-09-26 09:48:59,126 DEBUG impl.RaftServerImpl (RaftServerImpl.java:requestVote(775)) - s0@group-5BD3E7F27A57 replies to vote request: s2<-s0#0:FAIL-t30. Peer's state: s0@group-5BD3E7F27A57:t30, leader=null, voted=null, raftlog=s0@group-5BD3E7F27A57-SegmentedRaftLog:OPENED:c3,f4,i4, conf=3: [s0:0.0.0.0:41468, s1:0.0.0.0:41619, s2:0.0.0.0:44382], old=null
2019-09-26 09:48:59,263 INFO  impl.LeaderElection (LeaderElection.java:logAndReturn(56)) - s2@group-5BD3E7F27A57-LeaderElection48: Election TIMEOUT; received 1 response(s) [s2<-s0#0:FAIL-t30] and 0 exception(s); s2@group-5BD3E7F27A57:t30, leader=null, voted=s2, raftlog=s2@group-5BD3E7F27A57-SegmentedRaftLog:OPENED:c1,f3,i3, conf=3: [s0:0.0.0.0:41468, s1:0.0.0.0:41619, s2:0.0.0.0:44382], old=null
2019-09-26 09:48:59,277 INFO  impl.LeaderElection (LeaderElection.java:askForVotes(178)) - s2@group-5BD3E7F27A57-LeaderElection48: begin an election at term 31 for 3: [s0:0.0.0.0:41468, s1:0.0.0.0:41619, s2:0.0.0.0:44382], old=null
2019-09-26 09:48:59,278 DEBUG impl.RaftServerImpl (RaftServerImpl.java:requestVote(743)) - s0@group-5BD3E7F27A57: receive requestVote(s2, group-5BD3E7F27A57, 31, (t:4, i:3))
2019-09-26 09:48:59,278 INFO  impl.RaftServerImpl (RaftServerImpl.java:setRole(170)) - s0@group-5BD3E7F27A57: changes role from  FOLLOWER to FOLLOWER at term 31 for recognizeCandidate:s2
2019-09-26 09:48:59,278 INFO  impl.RoleInfo (RoleInfo.java:shutdownFollowerState(121)) - s0: shutdown FollowerState
2019-09-26 09:48:59,278 INFO  impl.RoleInfo (RoleInfo.java:updateAndGet(143)) - s0: start FollowerState
2019-09-26 09:48:59,279 INFO  impl.FollowerState (FollowerState.java:run(117)) - s0@group-5BD3E7F27A57-FollowerState was interrupted: java.lang.InterruptedException: sleep interrupted
2019-09-26 09:48:59,283 INFO  impl.LeaderElection (LeaderElection.java:logAndReturn(56)) - s1@group-5BD3E7F27A57-LeaderElection44: Election TIMEOUT; received 1 response(s) [s1<-s0#0:FAIL-t29] and 0 exception(s); s1@group-5BD3E7F27A57:t29, leader=null, voted=s1, raftlog=s1@group-5BD3E7F27A57-SegmentedRaftLog:OPENED:c2,f3,i3, conf=2: [s0:0.0.0.0:41468, s1:0.0.0.0:41619, s2:0.0.0.0:44382], old=null
2019-09-26 09:48:59,291 INFO  impl.LeaderElection (LeaderElection.java:askForVotes(178)) - s1@group-5BD3E7F27A57-LeaderElection44: begin an election at term 30 for 2: [s0:0.0.0.0:41468, s1:0.0.0.0:41619, s2:0.0.0.0:44382], old=null
2019-09-26 09:48:59,291 DEBUG impl.RaftServerImpl (RaftServerImpl.java:requestVote(775)) - s0@group-5BD3E7F27A57 replies to vote request: s2<-s0#0:FAIL-t31. Peer's state: s0@group-5BD3E7F27A57:t31, leader=null, voted=null, raftlog=s0@group-5BD3E7F27A57-SegmentedRaftLog:OPENED:c3,f4,i4, conf=3: [s0:0.0.0.0:41468, s1:0.0.0.0:41619, s2:0.0.0.0:44382], old=null
2019-09-26 09:48:59,292 DEBUG impl.RaftServerImpl (RaftServerImpl.java:requestVote(743)) - s0@group-5BD3E7F27A57: receive requestVote(s1, group-5BD3E7F27A57, 30, (t:3, i:3))
2019-09-26 09:48:59,292 DEBUG impl.RaftServerImpl (RaftServerImpl.java:requestVote(775)) - s0@group-5BD3E7F27A57 replies to vote request: s1<-s0#0:FAIL-t31. Peer's state: s0@group-5BD3E7F27A57:t31, leader=null, voted=null, raftlog=s0@group-5BD3E7F27A57-SegmentedRaftLog:OPENED:c3,f4,i4, conf=3: [s0:0.0.0.0:41468, s1:0.0.0.0:41619, s2:0.0.0.0:44382], old=null
2019-09-26 09:48:59,292 INFO  impl.LeaderElection (LeaderElection.java:logAndReturn(56)) - s1@group-5BD3E7F27A57-LeaderElection44: Election DISCOVERED_A_NEW_TERM; received 1 response(s) [s1<-s0#0:FAIL-t31] and 0 exception(s); s1@group-5BD3E7F27A57:t30, leader=null, voted=s1, raftlog=s1@group-5BD3E7F27A57-SegmentedRaftLog:OPENED:c2,f3,i3, conf=2: [s0:0.0.0.0:41468, s1:0.0.0.0:41619, s2:0.0.0.0:44382], old=null
2019-09-26 09:48:59,292 INFO  impl.RaftServerImpl (RaftServerImpl.java:setRole(170)) - s1@group-5BD3E7F27A57: changes role from CANDIDATE to FOLLOWER at term 31 for DISCOVERED_A_NEW_TERM
2019-09-26 09:48:59,293 INFO  impl.RoleInfo (RoleInfo.java:shutdownLeaderElection(134)) - s1: shutdown LeaderElection
2019-09-26 09:48:59,293 INFO  impl.RoleInfo (RoleInfo.java:updateAndGet(143)) - s1: start FollowerState
2019-09-26 09:48:59,403 WARN  ratis.RaftTestUtil (JavaUtils.java:attempt(158)) - FAILED "waitForLeader-null-(expectLeader? true)", attempt #14/100: java.lang.IllegalStateException: No leader yet : printing ALL groups
  s0:  RUNNING  FOLLOWER s0@group-5BD3E7F27A57:t31, leader=null, voted=null, raftlog=s0@group-5BD3E7F27A57-SegmentedRaftLog:OPENED:c3,f4,i4, conf=3: [s0:0.0.0.0:41468, s1:0.0.0.0:41619, s2:0.0.0.0:44382], old=null RUNNING
  s1:  RUNNING  FOLLOWER s1@group-5BD3E7F27A57:t31, leader=null, voted=null, raftlog=s1@group-5BD3E7F27A57-SegmentedRaftLog:OPENED:c2,f3,i3, conf=2: [s0:0.0.0.0:41468, s1:0.0.0.0:41619, s2:0.0.0.0:44382], old=null RUNNING
  s2:  RUNNING CANDIDATE s2@group-5BD3E7F27A57:t31, leader=null, voted=s2, raftlog=s2@group-5BD3E7F27A57-SegmentedRaftLog:OPENED:c1,f3,i3, conf=3: [s0:0.0.0.0:41468, s1:0.0.0.0:41619, s2:0.0.0.0:44382], old=null RUNNING, sleep 450ms and then retry.
java.lang.IllegalStateException: No leader yet : printing ALL groups
  s0:  RUNNING  FOLLOWER s0@group-5BD3E7F27A57:t31, leader=null, voted=null, raftlog=s0@group-5BD3E7F27A57-SegmentedRaftLog:OPENED:c3,f4,i4, conf=3: [s0:0.0.0.0:41468, s1:0.0.0.0:41619, s2:0.0.0.0:44382], old=null RUNNING
  s1:  RUNNING  FOLLOWER s1@group-5BD3E7F27A57:t31, leader=null, voted=null, raftlog=s1@group-5BD3E7F27A57-SegmentedRaftLog:OPENED:c2,f3,i3, conf=2: [s0:0.0.0.0:41468, s1:0.0.0.0:41619, s2:0.0.0.0:44382], old=null RUNNING
  s2:  RUNNING CANDIDATE s2@group-5BD3E7F27A57:t31, leader=null, voted=s2, raftlog=s2@group-5BD3E7F27A57-SegmentedRaftLog:OPENED:c1,f3,i3, conf=3: [s0:0.0.0.0:41468, s1:0.0.0.0:41619, s2:0.0.0.0:44382], old=null RUNNING
	at org.apache.ratis.MiniRaftCluster.newIllegalStateExceptionForNoLeaders(MiniRaftCluster.java:506)
	at org.apache.ratis.RaftTestUtil.lambda$waitForLeader$1(RaftTestUtil.java:90)
	at org.apache.ratis.MiniRaftCluster.getLeader(MiniRaftCluster.java:539)
	at org.apache.ratis.MiniRaftCluster.getLeader(MiniRaftCluster.java:532)
	at org.apache.ratis.RaftTestUtil.lambda$waitForLeader$3(RaftTestUtil.java:98)
	at org.apache.ratis.util.JavaUtils.attempt(JavaUtils.java:152)
	at org.apache.ratis.RaftTestUtil.waitForLeader(RaftTestUtil.java:97)
	at org.apache.ratis.RaftTestUtil.waitForLeader(RaftTestUtil.java:77)
	at org.apache.ratis.RaftTestUtil.waitForLeader(RaftTestUtil.java:72)
	at org.apache.ratis.RaftTestUtil.lambda$changeLeader$7(RaftTestUtil.java:363)
	at org.apache.ratis.util.JavaUtils.attempt(JavaUtils.java:152)
	at org.apache.ratis.RaftTestUtil.changeLeader(RaftTestUtil.java:362)
	at org.apache.ratis.server.impl.LeaderElectionTests.testChangeLeader(LeaderElectionTests.java:81)
	at sun.reflect.NativeMethodAccessorImpl.invoke0(Native Method)
	at sun.reflect.NativeMethodAccessorImpl.invoke(NativeMethodAccessorImpl.java:62)
	at sun.reflect.DelegatingMethodAccessorImpl.invoke(DelegatingMethodAccessorImpl.java:43)
	at java.lang.reflect.Method.invoke(Method.java:498)
	at org.junit.runners.model.FrameworkMethod$1.runReflectiveCall(FrameworkMethod.java:50)
	at org.junit.internal.runners.model.ReflectiveCallable.run(ReflectiveCallable.java:12)
	at org.junit.runners.model.FrameworkMethod.invokeExplosively(FrameworkMethod.java:47)
	at org.junit.internal.runners.statements.InvokeMethod.evaluate(InvokeMethod.java:17)
	at org.junit.internal.runners.statements.RunAfters.evaluate(RunAfters.java:27)
	at org.junit.internal.runners.statements.FailOnTimeout$CallableStatement.call(FailOnTimeout.java:298)
	at org.junit.internal.runners.statements.FailOnTimeout$CallableStatement.call(FailOnTimeout.java:292)
	at java.util.concurrent.FutureTask.run(FutureTask.java:266)
	at java.lang.Thread.run(Thread.java:748)
2019-09-26 09:48:59,451 INFO  impl.FollowerState (FollowerState.java:run(108)) - s1@group-5BD3E7F27A57-FollowerState: change to CANDIDATE, lastRpcTime:158ms, electionTimeout:158ms
2019-09-26 09:48:59,451 INFO  impl.RoleInfo (RoleInfo.java:shutdownFollowerState(121)) - s1: shutdown FollowerState
2019-09-26 09:48:59,451 INFO  impl.RaftServerImpl (RaftServerImpl.java:setRole(170)) - s1@group-5BD3E7F27A57: changes role from  FOLLOWER to CANDIDATE at term 31 for changeToCandidate
2019-09-26 09:48:59,452 INFO  impl.RoleInfo (RoleInfo.java:updateAndGet(143)) - s1: start LeaderElection
2019-09-26 09:48:59,454 INFO  impl.FollowerState (FollowerState.java:run(108)) - s0@group-5BD3E7F27A57-FollowerState: change to CANDIDATE, lastRpcTime:175ms, electionTimeout:175ms
2019-09-26 09:48:59,454 INFO  impl.RoleInfo (RoleInfo.java:shutdownFollowerState(121)) - s0: shutdown FollowerState
2019-09-26 09:48:59,454 INFO  impl.RaftServerImpl (RaftServerImpl.java:setRole(170)) - s0@group-5BD3E7F27A57: changes role from  FOLLOWER to CANDIDATE at term 31 for changeToCandidate
2019-09-26 09:48:59,454 INFO  impl.RoleInfo (RoleInfo.java:updateAndGet(143)) - s0: start LeaderElection
2019-09-26 09:48:59,467 INFO  impl.LeaderElection (LeaderElection.java:askForVotes(178)) - s1@group-5BD3E7F27A57-LeaderElection49: begin an election at term 32 for 2: [s0:0.0.0.0:41468, s1:0.0.0.0:41619, s2:0.0.0.0:44382], old=null
2019-09-26 09:48:59,467 INFO  impl.LeaderElection (LeaderElection.java:askForVotes(178)) - s0@group-5BD3E7F27A57-LeaderElection50: begin an election at term 32 for 3: [s0:0.0.0.0:41468, s1:0.0.0.0:41619, s2:0.0.0.0:44382], old=null
2019-09-26 09:48:59,468 DEBUG impl.RaftServerImpl (RaftServerImpl.java:requestVote(743)) - s0@group-5BD3E7F27A57: receive requestVote(s1, group-5BD3E7F27A57, 32, (t:3, i:3))
2019-09-26 09:48:59,468 DEBUG impl.RaftServerImpl (RaftServerImpl.java:requestVote(775)) - s0@group-5BD3E7F27A57 replies to vote request: s1<-s0#0:FAIL-t32. Peer's state: s0@group-5BD3E7F27A57:t32, leader=null, voted=s0, raftlog=s0@group-5BD3E7F27A57-SegmentedRaftLog:OPENED:c3,f4,i4, conf=3: [s0:0.0.0.0:41468, s1:0.0.0.0:41619, s2:0.0.0.0:44382], old=null
2019-09-26 09:48:59,565 INFO  impl.LeaderElection (LeaderElection.java:logAndReturn(56)) - s2@group-5BD3E7F27A57-LeaderElection48: Election TIMEOUT; received 1 response(s) [s2<-s0#0:FAIL-t31] and 0 exception(s); s2@group-5BD3E7F27A57:t31, leader=null, voted=s2, raftlog=s2@group-5BD3E7F27A57-SegmentedRaftLog:OPENED:c1,f3,i3, conf=3: [s0:0.0.0.0:41468, s1:0.0.0.0:41619, s2:0.0.0.0:44382], old=null
2019-09-26 09:48:59,578 INFO  impl.LeaderElection (LeaderElection.java:askForVotes(178)) - s2@group-5BD3E7F27A57-LeaderElection48: begin an election at term 32 for 3: [s0:0.0.0.0:41468, s1:0.0.0.0:41619, s2:0.0.0.0:44382], old=null
2019-09-26 09:48:59,579 DEBUG impl.RaftServerImpl (RaftServerImpl.java:requestVote(743)) - s0@group-5BD3E7F27A57: receive requestVote(s2, group-5BD3E7F27A57, 32, (t:4, i:3))
2019-09-26 09:48:59,579 DEBUG impl.RaftServerImpl (RaftServerImpl.java:requestVote(775)) - s0@group-5BD3E7F27A57 replies to vote request: s2<-s0#0:FAIL-t32. Peer's state: s0@group-5BD3E7F27A57:t32, leader=null, voted=s0, raftlog=s0@group-5BD3E7F27A57-SegmentedRaftLog:OPENED:c3,f4,i4, conf=3: [s0:0.0.0.0:41468, s1:0.0.0.0:41619, s2:0.0.0.0:44382], old=null
2019-09-26 09:48:59,631 INFO  impl.LeaderElection (LeaderElection.java:logAndReturn(56)) - s1@group-5BD3E7F27A57-LeaderElection49: Election TIMEOUT; received 1 response(s) [s1<-s0#0:FAIL-t32] and 0 exception(s); s1@group-5BD3E7F27A57:t32, leader=null, voted=s1, raftlog=s1@group-5BD3E7F27A57-SegmentedRaftLog:OPENED:c2,f3,i3, conf=2: [s0:0.0.0.0:41468, s1:0.0.0.0:41619, s2:0.0.0.0:44382], old=null
2019-09-26 09:48:59,638 INFO  impl.LeaderElection (LeaderElection.java:logAndReturn(56)) - s0@group-5BD3E7F27A57-LeaderElection50: Election TIMEOUT; received 0 response(s) [] and 0 exception(s); s0@group-5BD3E7F27A57:t32, leader=null, voted=s0, raftlog=s0@group-5BD3E7F27A57-SegmentedRaftLog:OPENED:c3,f4,i4, conf=3: [s0:0.0.0.0:41468, s1:0.0.0.0:41619, s2:0.0.0.0:44382], old=null
2019-09-26 09:48:59,645 INFO  impl.LeaderElection (LeaderElection.java:askForVotes(178)) - s1@group-5BD3E7F27A57-LeaderElection49: begin an election at term 33 for 2: [s0:0.0.0.0:41468, s1:0.0.0.0:41619, s2:0.0.0.0:44382], old=null
2019-09-26 09:48:59,645 INFO  impl.LeaderElection (LeaderElection.java:askForVotes(178)) - s0@group-5BD3E7F27A57-LeaderElection50: begin an election at term 33 for 3: [s0:0.0.0.0:41468, s1:0.0.0.0:41619, s2:0.0.0.0:44382], old=null
2019-09-26 09:48:59,646 DEBUG impl.RaftServerImpl (RaftServerImpl.java:requestVote(743)) - s0@group-5BD3E7F27A57: receive requestVote(s1, group-5BD3E7F27A57, 33, (t:3, i:3))
2019-09-26 09:48:59,646 DEBUG impl.RaftServerImpl (RaftServerImpl.java:requestVote(775)) - s0@group-5BD3E7F27A57 replies to vote request: s1<-s0#0:FAIL-t33. Peer's state: s0@group-5BD3E7F27A57:t33, leader=null, voted=s0, raftlog=s0@group-5BD3E7F27A57-SegmentedRaftLog:OPENED:c3,f4,i4, conf=3: [s0:0.0.0.0:41468, s1:0.0.0.0:41619, s2:0.0.0.0:44382], old=null
2019-09-26 09:48:59,786 INFO  impl.LeaderElection (LeaderElection.java:logAndReturn(56)) - s2@group-5BD3E7F27A57-LeaderElection48: Election TIMEOUT; received 1 response(s) [s2<-s0#0:FAIL-t32] and 0 exception(s); s2@group-5BD3E7F27A57:t32, leader=null, voted=s2, raftlog=s2@group-5BD3E7F27A57-SegmentedRaftLog:OPENED:c1,f3,i3, conf=3: [s0:0.0.0.0:41468, s1:0.0.0.0:41619, s2:0.0.0.0:44382], old=null
2019-09-26 09:48:59,799 INFO  impl.LeaderElection (LeaderElection.java:askForVotes(178)) - s2@group-5BD3E7F27A57-LeaderElection48: begin an election at term 33 for 3: [s0:0.0.0.0:41468, s1:0.0.0.0:41619, s2:0.0.0.0:44382], old=null
2019-09-26 09:48:59,800 DEBUG impl.RaftServerImpl (RaftServerImpl.java:requestVote(743)) - s0@group-5BD3E7F27A57: receive requestVote(s2, group-5BD3E7F27A57, 33, (t:4, i:3))
2019-09-26 09:48:59,800 DEBUG impl.RaftServerImpl (RaftServerImpl.java:requestVote(775)) - s0@group-5BD3E7F27A57 replies to vote request: s2<-s0#0:FAIL-t33. Peer's state: s0@group-5BD3E7F27A57:t33, leader=null, voted=s0, raftlog=s0@group-5BD3E7F27A57-SegmentedRaftLog:OPENED:c3,f4,i4, conf=3: [s0:0.0.0.0:41468, s1:0.0.0.0:41619, s2:0.0.0.0:44382], old=null
2019-09-26 09:48:59,854 WARN  ratis.RaftTestUtil (JavaUtils.java:attempt(158)) - FAILED "waitForLeader-null-(expectLeader? true)", attempt #15/100: java.lang.IllegalStateException: No leader yet : printing ALL groups
  s0:  RUNNING CANDIDATE s0@group-5BD3E7F27A57:t33, leader=null, voted=s0, raftlog=s0@group-5BD3E7F27A57-SegmentedRaftLog:OPENED:c3,f4,i4, conf=3: [s0:0.0.0.0:41468, s1:0.0.0.0:41619, s2:0.0.0.0:44382], old=null RUNNING
  s1:  RUNNING CANDIDATE s1@group-5BD3E7F27A57:t33, leader=null, voted=s1, raftlog=s1@group-5BD3E7F27A57-SegmentedRaftLog:OPENED:c2,f3,i3, conf=2: [s0:0.0.0.0:41468, s1:0.0.0.0:41619, s2:0.0.0.0:44382], old=null RUNNING
  s2:  RUNNING CANDIDATE s2@group-5BD3E7F27A57:t33, leader=null, voted=s2, raftlog=s2@group-5BD3E7F27A57-SegmentedRaftLog:OPENED:c1,f3,i3, conf=3: [s0:0.0.0.0:41468, s1:0.0.0.0:41619, s2:0.0.0.0:44382], old=null RUNNING, sleep 450ms and then retry.
java.lang.IllegalStateException: No leader yet : printing ALL groups
  s0:  RUNNING CANDIDATE s0@group-5BD3E7F27A57:t33, leader=null, voted=s0, raftlog=s0@group-5BD3E7F27A57-SegmentedRaftLog:OPENED:c3,f4,i4, conf=3: [s0:0.0.0.0:41468, s1:0.0.0.0:41619, s2:0.0.0.0:44382], old=null RUNNING
  s1:  RUNNING CANDIDATE s1@group-5BD3E7F27A57:t33, leader=null, voted=s1, raftlog=s1@group-5BD3E7F27A57-SegmentedRaftLog:OPENED:c2,f3,i3, conf=2: [s0:0.0.0.0:41468, s1:0.0.0.0:41619, s2:0.0.0.0:44382], old=null RUNNING
  s2:  RUNNING CANDIDATE s2@group-5BD3E7F27A57:t33, leader=null, voted=s2, raftlog=s2@group-5BD3E7F27A57-SegmentedRaftLog:OPENED:c1,f3,i3, conf=3: [s0:0.0.0.0:41468, s1:0.0.0.0:41619, s2:0.0.0.0:44382], old=null RUNNING
	at org.apache.ratis.MiniRaftCluster.newIllegalStateExceptionForNoLeaders(MiniRaftCluster.java:506)
	at org.apache.ratis.RaftTestUtil.lambda$waitForLeader$1(RaftTestUtil.java:90)
	at org.apache.ratis.MiniRaftCluster.getLeader(MiniRaftCluster.java:539)
	at org.apache.ratis.MiniRaftCluster.getLeader(MiniRaftCluster.java:532)
	at org.apache.ratis.RaftTestUtil.lambda$waitForLeader$3(RaftTestUtil.java:98)
	at org.apache.ratis.util.JavaUtils.attempt(JavaUtils.java:152)
	at org.apache.ratis.RaftTestUtil.waitForLeader(RaftTestUtil.java:97)
	at org.apache.ratis.RaftTestUtil.waitForLeader(RaftTestUtil.java:77)
	at org.apache.ratis.RaftTestUtil.waitForLeader(RaftTestUtil.java:72)
	at org.apache.ratis.RaftTestUtil.lambda$changeLeader$7(RaftTestUtil.java:363)
	at org.apache.ratis.util.JavaUtils.attempt(JavaUtils.java:152)
	at org.apache.ratis.RaftTestUtil.changeLeader(RaftTestUtil.java:362)
	at org.apache.ratis.server.impl.LeaderElectionTests.testChangeLeader(LeaderElectionTests.java:81)
	at sun.reflect.NativeMethodAccessorImpl.invoke0(Native Method)
	at sun.reflect.NativeMethodAccessorImpl.invoke(NativeMethodAccessorImpl.java:62)
	at sun.reflect.DelegatingMethodAccessorImpl.invoke(DelegatingMethodAccessorImpl.java:43)
	at java.lang.reflect.Method.invoke(Method.java:498)
	at org.junit.runners.model.FrameworkMethod$1.runReflectiveCall(FrameworkMethod.java:50)
	at org.junit.internal.runners.model.ReflectiveCallable.run(ReflectiveCallable.java:12)
	at org.junit.runners.model.FrameworkMethod.invokeExplosively(FrameworkMethod.java:47)
	at org.junit.internal.runners.statements.InvokeMethod.evaluate(InvokeMethod.java:17)
	at org.junit.internal.runners.statements.RunAfters.evaluate(RunAfters.java:27)
	at org.junit.internal.runners.statements.FailOnTimeout$CallableStatement.call(FailOnTimeout.java:298)
	at org.junit.internal.runners.statements.FailOnTimeout$CallableStatement.call(FailOnTimeout.java:292)
	at java.util.concurrent.FutureTask.run(FutureTask.java:266)
	at java.lang.Thread.run(Thread.java:748)
2019-09-26 09:48:59,862 INFO  impl.LeaderElection (LeaderElection.java:logAndReturn(56)) - s1@group-5BD3E7F27A57-LeaderElection49: Election TIMEOUT; received 1 response(s) [s1<-s0#0:FAIL-t33] and 0 exception(s); s1@group-5BD3E7F27A57:t33, leader=null, voted=s1, raftlog=s1@group-5BD3E7F27A57-SegmentedRaftLog:OPENED:c2,f3,i3, conf=2: [s0:0.0.0.0:41468, s1:0.0.0.0:41619, s2:0.0.0.0:44382], old=null
2019-09-26 09:48:59,874 INFO  impl.LeaderElection (LeaderElection.java:logAndReturn(56)) - s0@group-5BD3E7F27A57-LeaderElection50: Election TIMEOUT; received 0 response(s) [] and 0 exception(s); s0@group-5BD3E7F27A57:t33, leader=null, voted=s0, raftlog=s0@group-5BD3E7F27A57-SegmentedRaftLog:OPENED:c3,f4,i4, conf=3: [s0:0.0.0.0:41468, s1:0.0.0.0:41619, s2:0.0.0.0:44382], old=null
2019-09-26 09:48:59,875 INFO  impl.LeaderElection (LeaderElection.java:askForVotes(178)) - s1@group-5BD3E7F27A57-LeaderElection49: begin an election at term 34 for 2: [s0:0.0.0.0:41468, s1:0.0.0.0:41619, s2:0.0.0.0:44382], old=null
2019-09-26 09:48:59,876 DEBUG impl.RaftServerImpl (RaftServerImpl.java:requestVote(743)) - s0@group-5BD3E7F27A57: receive requestVote(s1, group-5BD3E7F27A57, 34, (t:3, i:3))
2019-09-26 09:48:59,878 INFO  impl.LeaderElection (LeaderElection.java:askForVotes(178)) - s0@group-5BD3E7F27A57-LeaderElection50: begin an election at term 34 for 3: [s0:0.0.0.0:41468, s1:0.0.0.0:41619, s2:0.0.0.0:44382], old=null
2019-09-26 09:48:59,878 DEBUG impl.RaftServerImpl (RaftServerImpl.java:requestVote(775)) - s0@group-5BD3E7F27A57 replies to vote request: s1<-s0#0:FAIL-t34. Peer's state: s0@group-5BD3E7F27A57:t34, leader=null, voted=s0, raftlog=s0@group-5BD3E7F27A57-SegmentedRaftLog:OPENED:c3,f4,i4, conf=3: [s0:0.0.0.0:41468, s1:0.0.0.0:41619, s2:0.0.0.0:44382], old=null
2019-09-26 09:49:00,052 INFO  impl.LeaderElection (LeaderElection.java:logAndReturn(56)) - s2@group-5BD3E7F27A57-LeaderElection48: Election TIMEOUT; received 1 response(s) [s2<-s0#0:FAIL-t33] and 0 exception(s); s2@group-5BD3E7F27A57:t33, leader=null, voted=s2, raftlog=s2@group-5BD3E7F27A57-SegmentedRaftLog:OPENED:c1,f3,i3, conf=3: [s0:0.0.0.0:41468, s1:0.0.0.0:41619, s2:0.0.0.0:44382], old=null
2019-09-26 09:49:00,065 INFO  impl.LeaderElection (LeaderElection.java:askForVotes(178)) - s2@group-5BD3E7F27A57-LeaderElection48: begin an election at term 34 for 3: [s0:0.0.0.0:41468, s1:0.0.0.0:41619, s2:0.0.0.0:44382], old=null
2019-09-26 09:49:00,066 DEBUG impl.RaftServerImpl (RaftServerImpl.java:requestVote(743)) - s0@group-5BD3E7F27A57: receive requestVote(s2, group-5BD3E7F27A57, 34, (t:4, i:3))
2019-09-26 09:49:00,066 DEBUG impl.RaftServerImpl (RaftServerImpl.java:requestVote(775)) - s0@group-5BD3E7F27A57 replies to vote request: s2<-s0#0:FAIL-t34. Peer's state: s0@group-5BD3E7F27A57:t34, leader=null, voted=s0, raftlog=s0@group-5BD3E7F27A57-SegmentedRaftLog:OPENED:c3,f4,i4, conf=3: [s0:0.0.0.0:41468, s1:0.0.0.0:41619, s2:0.0.0.0:44382], old=null
2019-09-26 09:49:00,073 INFO  impl.LeaderElection (LeaderElection.java:logAndReturn(56)) - s1@group-5BD3E7F27A57-LeaderElection49: Election TIMEOUT; received 1 response(s) [s1<-s0#0:FAIL-t34] and 0 exception(s); s1@group-5BD3E7F27A57:t34, leader=null, voted=s1, raftlog=s1@group-5BD3E7F27A57-SegmentedRaftLog:OPENED:c2,f3,i3, conf=2: [s0:0.0.0.0:41468, s1:0.0.0.0:41619, s2:0.0.0.0:44382], old=null
2019-09-26 09:49:00,086 INFO  impl.LeaderElection (LeaderElection.java:askForVotes(178)) - s1@group-5BD3E7F27A57-LeaderElection49: begin an election at term 35 for 2: [s0:0.0.0.0:41468, s1:0.0.0.0:41619, s2:0.0.0.0:44382], old=null
2019-09-26 09:49:00,086 DEBUG impl.RaftServerImpl (RaftServerImpl.java:requestVote(743)) - s0@group-5BD3E7F27A57: receive requestVote(s1, group-5BD3E7F27A57, 35, (t:3, i:3))
2019-09-26 09:49:00,087 INFO  impl.RaftServerImpl (RaftServerImpl.java:setRole(170)) - s0@group-5BD3E7F27A57: changes role from CANDIDATE to FOLLOWER at term 35 for recognizeCandidate:s1
2019-09-26 09:49:00,087 INFO  impl.RoleInfo (RoleInfo.java:shutdownLeaderElection(134)) - s0: shutdown LeaderElection
2019-09-26 09:49:00,087 INFO  impl.RoleInfo (RoleInfo.java:updateAndGet(143)) - s0: start FollowerState
2019-09-26 09:49:00,100 DEBUG impl.RaftServerImpl (RaftServerImpl.java:requestVote(775)) - s0@group-5BD3E7F27A57 replies to vote request: s1<-s0#0:FAIL-t35. Peer's state: s0@group-5BD3E7F27A57:t35, leader=null, voted=null, raftlog=s0@group-5BD3E7F27A57-SegmentedRaftLog:OPENED:c3,f4,i4, conf=3: [s0:0.0.0.0:41468, s1:0.0.0.0:41619, s2:0.0.0.0:44382], old=null
2019-09-26 09:49:00,134 INFO  impl.LeaderElection (LeaderElection.java:logAndReturn(56)) - s0@group-5BD3E7F27A57-LeaderElection50: Election REJECTED; received 0 response(s) [] and 0 exception(s); s0@group-5BD3E7F27A57:t35, leader=null, voted=null, raftlog=s0@group-5BD3E7F27A57-SegmentedRaftLog:OPENED:c3,f4,i4, conf=3: [s0:0.0.0.0:41468, s1:0.0.0.0:41619, s2:0.0.0.0:44382], old=null
2019-09-26 09:49:00,255 INFO  impl.LeaderElection (LeaderElection.java:logAndReturn(56)) - s1@group-5BD3E7F27A57-LeaderElection49: Election TIMEOUT; received 1 response(s) [s1<-s0#0:FAIL-t35] and 0 exception(s); s1@group-5BD3E7F27A57:t35, leader=null, voted=s1, raftlog=s1@group-5BD3E7F27A57-SegmentedRaftLog:OPENED:c2,f3,i3, conf=2: [s0:0.0.0.0:41468, s1:0.0.0.0:41619, s2:0.0.0.0:44382], old=null
2019-09-26 09:49:00,269 INFO  impl.LeaderElection (LeaderElection.java:askForVotes(178)) - s1@group-5BD3E7F27A57-LeaderElection49: begin an election at term 36 for 2: [s0:0.0.0.0:41468, s1:0.0.0.0:41619, s2:0.0.0.0:44382], old=null
2019-09-26 09:49:00,270 DEBUG impl.RaftServerImpl (RaftServerImpl.java:requestVote(743)) - s0@group-5BD3E7F27A57: receive requestVote(s1, group-5BD3E7F27A57, 36, (t:3, i:3))
2019-09-26 09:49:00,270 INFO  impl.RaftServerImpl (RaftServerImpl.java:setRole(170)) - s0@group-5BD3E7F27A57: changes role from  FOLLOWER to FOLLOWER at term 36 for recognizeCandidate:s1
2019-09-26 09:49:00,270 INFO  impl.RoleInfo (RoleInfo.java:shutdownFollowerState(121)) - s0: shutdown FollowerState
2019-09-26 09:49:00,270 INFO  impl.RoleInfo (RoleInfo.java:updateAndGet(143)) - s0: start FollowerState
2019-09-26 09:49:00,270 INFO  impl.FollowerState (FollowerState.java:run(117)) - s0@group-5BD3E7F27A57-FollowerState was interrupted: java.lang.InterruptedException: sleep interrupted
2019-09-26 09:49:00,284 DEBUG impl.RaftServerImpl (RaftServerImpl.java:requestVote(775)) - s0@group-5BD3E7F27A57 replies to vote request: s1<-s0#0:FAIL-t36. Peer's state: s0@group-5BD3E7F27A57:t36, leader=null, voted=null, raftlog=s0@group-5BD3E7F27A57-SegmentedRaftLog:OPENED:c3,f4,i4, conf=3: [s0:0.0.0.0:41468, s1:0.0.0.0:41619, s2:0.0.0.0:44382], old=null
2019-09-26 09:49:00,306 WARN  ratis.RaftTestUtil (JavaUtils.java:attempt(158)) - FAILED "waitForLeader-null-(expectLeader? true)", attempt #16/100: java.lang.IllegalStateException: No leader yet : printing ALL groups
  s0:  RUNNING  FOLLOWER s0@group-5BD3E7F27A57:t36, leader=null, voted=null, raftlog=s0@group-5BD3E7F27A57-SegmentedRaftLog:OPENED:c3,f4,i4, conf=3: [s0:0.0.0.0:41468, s1:0.0.0.0:41619, s2:0.0.0.0:44382], old=null RUNNING
  s1:  RUNNING CANDIDATE s1@group-5BD3E7F27A57:t36, leader=null, voted=s1, raftlog=s1@group-5BD3E7F27A57-SegmentedRaftLog:OPENED:c2,f3,i3, conf=2: [s0:0.0.0.0:41468, s1:0.0.0.0:41619, s2:0.0.0.0:44382], old=null RUNNING
  s2:  RUNNING CANDIDATE s2@group-5BD3E7F27A57:t34, leader=null, voted=s2, raftlog=s2@group-5BD3E7F27A57-SegmentedRaftLog:OPENED:c1,f3,i3, conf=3: [s0:0.0.0.0:41468, s1:0.0.0.0:41619, s2:0.0.0.0:44382], old=null RUNNING, sleep 450ms and then retry.
java.lang.IllegalStateException: No leader yet : printing ALL groups
  s0:  RUNNING  FOLLOWER s0@group-5BD3E7F27A57:t36, leader=null, voted=null, raftlog=s0@group-5BD3E7F27A57-SegmentedRaftLog:OPENED:c3,f4,i4, conf=3: [s0:0.0.0.0:41468, s1:0.0.0.0:41619, s2:0.0.0.0:44382], old=null RUNNING
  s1:  RUNNING CANDIDATE s1@group-5BD3E7F27A57:t36, leader=null, voted=s1, raftlog=s1@group-5BD3E7F27A57-SegmentedRaftLog:OPENED:c2,f3,i3, conf=2: [s0:0.0.0.0:41468, s1:0.0.0.0:41619, s2:0.0.0.0:44382], old=null RUNNING
  s2:  RUNNING CANDIDATE s2@group-5BD3E7F27A57:t34, leader=null, voted=s2, raftlog=s2@group-5BD3E7F27A57-SegmentedRaftLog:OPENED:c1,f3,i3, conf=3: [s0:0.0.0.0:41468, s1:0.0.0.0:41619, s2:0.0.0.0:44382], old=null RUNNING
	at org.apache.ratis.MiniRaftCluster.newIllegalStateExceptionForNoLeaders(MiniRaftCluster.java:506)
	at org.apache.ratis.RaftTestUtil.lambda$waitForLeader$1(RaftTestUtil.java:90)
	at org.apache.ratis.MiniRaftCluster.getLeader(MiniRaftCluster.java:539)
	at org.apache.ratis.MiniRaftCluster.getLeader(MiniRaftCluster.java:532)
	at org.apache.ratis.RaftTestUtil.lambda$waitForLeader$3(RaftTestUtil.java:98)
	at org.apache.ratis.util.JavaUtils.attempt(JavaUtils.java:152)
	at org.apache.ratis.RaftTestUtil.waitForLeader(RaftTestUtil.java:97)
	at org.apache.ratis.RaftTestUtil.waitForLeader(RaftTestUtil.java:77)
	at org.apache.ratis.RaftTestUtil.waitForLeader(RaftTestUtil.java:72)
	at org.apache.ratis.RaftTestUtil.lambda$changeLeader$7(RaftTestUtil.java:363)
	at org.apache.ratis.util.JavaUtils.attempt(JavaUtils.java:152)
	at org.apache.ratis.RaftTestUtil.changeLeader(RaftTestUtil.java:362)
	at org.apache.ratis.server.impl.LeaderElectionTests.testChangeLeader(LeaderElectionTests.java:81)
	at sun.reflect.NativeMethodAccessorImpl.invoke0(Native Method)
	at sun.reflect.NativeMethodAccessorImpl.invoke(NativeMethodAccessorImpl.java:62)
	at sun.reflect.DelegatingMethodAccessorImpl.invoke(DelegatingMethodAccessorImpl.java:43)
	at java.lang.reflect.Method.invoke(Method.java:498)
	at org.junit.runners.model.FrameworkMethod$1.runReflectiveCall(FrameworkMethod.java:50)
	at org.junit.internal.runners.model.ReflectiveCallable.run(ReflectiveCallable.java:12)
	at org.junit.runners.model.FrameworkMethod.invokeExplosively(FrameworkMethod.java:47)
	at org.junit.internal.runners.statements.InvokeMethod.evaluate(InvokeMethod.java:17)
	at org.junit.internal.runners.statements.RunAfters.evaluate(RunAfters.java:27)
	at org.junit.internal.runners.statements.FailOnTimeout$CallableStatement.call(FailOnTimeout.java:298)
	at org.junit.internal.runners.statements.FailOnTimeout$CallableStatement.call(FailOnTimeout.java:292)
	at java.util.concurrent.FutureTask.run(FutureTask.java:266)
	at java.lang.Thread.run(Thread.java:748)
2019-09-26 09:49:00,306 INFO  impl.LeaderElection (LeaderElection.java:logAndReturn(56)) - s2@group-5BD3E7F27A57-LeaderElection48: Election TIMEOUT; received 1 response(s) [s2<-s0#0:FAIL-t34] and 0 exception(s); s2@group-5BD3E7F27A57:t34, leader=null, voted=s2, raftlog=s2@group-5BD3E7F27A57-SegmentedRaftLog:OPENED:c1,f3,i3, conf=3: [s0:0.0.0.0:41468, s1:0.0.0.0:41619, s2:0.0.0.0:44382], old=null
2019-09-26 09:49:00,320 INFO  impl.LeaderElection (LeaderElection.java:askForVotes(178)) - s2@group-5BD3E7F27A57-LeaderElection48: begin an election at term 35 for 3: [s0:0.0.0.0:41468, s1:0.0.0.0:41619, s2:0.0.0.0:44382], old=null
2019-09-26 09:49:00,320 DEBUG impl.RaftServerImpl (RaftServerImpl.java:requestVote(743)) - s0@group-5BD3E7F27A57: receive requestVote(s2, group-5BD3E7F27A57, 35, (t:4, i:3))
2019-09-26 09:49:00,321 DEBUG impl.RaftServerImpl (RaftServerImpl.java:requestVote(775)) - s0@group-5BD3E7F27A57 replies to vote request: s2<-s0#0:FAIL-t36. Peer's state: s0@group-5BD3E7F27A57:t36, leader=null, voted=null, raftlog=s0@group-5BD3E7F27A57-SegmentedRaftLog:OPENED:c3,f4,i4, conf=3: [s0:0.0.0.0:41468, s1:0.0.0.0:41619, s2:0.0.0.0:44382], old=null
2019-09-26 09:49:00,321 INFO  impl.LeaderElection (LeaderElection.java:logAndReturn(56)) - s2@group-5BD3E7F27A57-LeaderElection48: Election DISCOVERED_A_NEW_TERM; received 1 response(s) [s2<-s0#0:FAIL-t36] and 0 exception(s); s2@group-5BD3E7F27A57:t35, leader=null, voted=s2, raftlog=s2@group-5BD3E7F27A57-SegmentedRaftLog:OPENED:c1,f3,i3, conf=3: [s0:0.0.0.0:41468, s1:0.0.0.0:41619, s2:0.0.0.0:44382], old=null
2019-09-26 09:49:00,321 INFO  impl.RaftServerImpl (RaftServerImpl.java:setRole(170)) - s2@group-5BD3E7F27A57: changes role from CANDIDATE to FOLLOWER at term 36 for DISCOVERED_A_NEW_TERM
2019-09-26 09:49:00,321 INFO  impl.RoleInfo (RoleInfo.java:shutdownLeaderElection(134)) - s2: shutdown LeaderElection
2019-09-26 09:49:00,321 INFO  impl.RoleInfo (RoleInfo.java:updateAndGet(143)) - s2: start FollowerState
2019-09-26 09:49:00,430 INFO  impl.FollowerState (FollowerState.java:run(108)) - s0@group-5BD3E7F27A57-FollowerState: change to CANDIDATE, lastRpcTime:159ms, electionTimeout:159ms
2019-09-26 09:49:00,430 INFO  impl.RoleInfo (RoleInfo.java:shutdownFollowerState(121)) - s0: shutdown FollowerState
2019-09-26 09:49:00,430 INFO  impl.RaftServerImpl (RaftServerImpl.java:setRole(170)) - s0@group-5BD3E7F27A57: changes role from  FOLLOWER to CANDIDATE at term 36 for changeToCandidate
2019-09-26 09:49:00,430 INFO  impl.RoleInfo (RoleInfo.java:updateAndGet(143)) - s0: start LeaderElection
2019-09-26 09:49:00,444 INFO  impl.LeaderElection (LeaderElection.java:askForVotes(178)) - s0@group-5BD3E7F27A57-LeaderElection51: begin an election at term 37 for 3: [s0:0.0.0.0:41468, s1:0.0.0.0:41619, s2:0.0.0.0:44382], old=null
2019-09-26 09:49:00,512 INFO  impl.FollowerState (FollowerState.java:run(108)) - s2@group-5BD3E7F27A57-FollowerState: change to CANDIDATE, lastRpcTime:190ms, electionTimeout:190ms
2019-09-26 09:49:00,512 INFO  impl.RoleInfo (RoleInfo.java:shutdownFollowerState(121)) - s2: shutdown FollowerState
2019-09-26 09:49:00,512 INFO  impl.RaftServerImpl (RaftServerImpl.java:setRole(170)) - s2@group-5BD3E7F27A57: changes role from  FOLLOWER to CANDIDATE at term 36 for changeToCandidate
2019-09-26 09:49:00,512 INFO  impl.RoleInfo (RoleInfo.java:updateAndGet(143)) - s2: start LeaderElection
2019-09-26 09:49:00,525 INFO  impl.LeaderElection (LeaderElection.java:askForVotes(178)) - s2@group-5BD3E7F27A57-LeaderElection52: begin an election at term 37 for 3: [s0:0.0.0.0:41468, s1:0.0.0.0:41619, s2:0.0.0.0:44382], old=null
2019-09-26 09:49:00,526 DEBUG impl.RaftServerImpl (RaftServerImpl.java:requestVote(743)) - s0@group-5BD3E7F27A57: receive requestVote(s2, group-5BD3E7F27A57, 37, (t:4, i:3))
2019-09-26 09:49:00,526 DEBUG impl.RaftServerImpl (RaftServerImpl.java:requestVote(775)) - s0@group-5BD3E7F27A57 replies to vote request: s2<-s0#0:FAIL-t37. Peer's state: s0@group-5BD3E7F27A57:t37, leader=null, voted=s0, raftlog=s0@group-5BD3E7F27A57-SegmentedRaftLog:OPENED:c3,f4,i4, conf=3: [s0:0.0.0.0:41468, s1:0.0.0.0:41619, s2:0.0.0.0:44382], old=null
2019-09-26 09:49:00,532 INFO  impl.LeaderElection (LeaderElection.java:logAndReturn(56)) - s1@group-5BD3E7F27A57-LeaderElection49: Election TIMEOUT; received 1 response(s) [s1<-s0#0:FAIL-t36] and 0 exception(s); s1@group-5BD3E7F27A57:t36, leader=null, voted=s1, raftlog=s1@group-5BD3E7F27A57-SegmentedRaftLog:OPENED:c2,f3,i3, conf=2: [s0:0.0.0.0:41468, s1:0.0.0.0:41619, s2:0.0.0.0:44382], old=null
2019-09-26 09:49:00,544 INFO  impl.LeaderElection (LeaderElection.java:askForVotes(178)) - s1@group-5BD3E7F27A57-LeaderElection49: begin an election at term 37 for 2: [s0:0.0.0.0:41468, s1:0.0.0.0:41619, s2:0.0.0.0:44382], old=null
2019-09-26 09:49:00,545 DEBUG impl.RaftServerImpl (RaftServerImpl.java:requestVote(743)) - s0@group-5BD3E7F27A57: receive requestVote(s1, group-5BD3E7F27A57, 37, (t:3, i:3))
2019-09-26 09:49:00,545 DEBUG impl.RaftServerImpl (RaftServerImpl.java:requestVote(775)) - s0@group-5BD3E7F27A57 replies to vote request: s1<-s0#0:FAIL-t37. Peer's state: s0@group-5BD3E7F27A57:t37, leader=null, voted=s0, raftlog=s0@group-5BD3E7F27A57-SegmentedRaftLog:OPENED:c3,f4,i4, conf=3: [s0:0.0.0.0:41468, s1:0.0.0.0:41619, s2:0.0.0.0:44382], old=null
2019-09-26 09:49:00,704 INFO  impl.LeaderElection (LeaderElection.java:logAndReturn(56)) - s2@group-5BD3E7F27A57-LeaderElection52: Election TIMEOUT; received 1 response(s) [s2<-s0#0:FAIL-t37] and 0 exception(s); s2@group-5BD3E7F27A57:t37, leader=null, voted=s2, raftlog=s2@group-5BD3E7F27A57-SegmentedRaftLog:OPENED:c1,f3,i3, conf=3: [s0:0.0.0.0:41468, s1:0.0.0.0:41619, s2:0.0.0.0:44382], old=null
2019-09-26 09:49:00,717 INFO  impl.LeaderElection (LeaderElection.java:askForVotes(178)) - s2@group-5BD3E7F27A57-LeaderElection52: begin an election at term 38 for 3: [s0:0.0.0.0:41468, s1:0.0.0.0:41619, s2:0.0.0.0:44382], old=null
2019-09-26 09:49:00,718 DEBUG impl.RaftServerImpl (RaftServerImpl.java:requestVote(743)) - s0@group-5BD3E7F27A57: receive requestVote(s2, group-5BD3E7F27A57, 38, (t:4, i:3))
2019-09-26 09:49:00,718 INFO  impl.RaftServerImpl (RaftServerImpl.java:setRole(170)) - s0@group-5BD3E7F27A57: changes role from CANDIDATE to FOLLOWER at term 38 for recognizeCandidate:s2
2019-09-26 09:49:00,718 INFO  impl.RoleInfo (RoleInfo.java:shutdownLeaderElection(134)) - s0: shutdown LeaderElection
2019-09-26 09:49:00,718 INFO  impl.RoleInfo (RoleInfo.java:updateAndGet(143)) - s0: start FollowerState
2019-09-26 09:49:00,721 INFO  impl.LeaderElection (LeaderElection.java:logAndReturn(56)) - s0@group-5BD3E7F27A57-LeaderElection51: Election REJECTED; received 0 response(s) [] and 0 exception(s); s0@group-5BD3E7F27A57:t38, leader=null, voted=null, raftlog=s0@group-5BD3E7F27A57-SegmentedRaftLog:OPENED:c3,f4,i4, conf=3: [s0:0.0.0.0:41468, s1:0.0.0.0:41619, s2:0.0.0.0:44382], old=null
2019-09-26 09:49:00,739 DEBUG impl.RaftServerImpl (RaftServerImpl.java:requestVote(775)) - s0@group-5BD3E7F27A57 replies to vote request: s2<-s0#0:FAIL-t38. Peer's state: s0@group-5BD3E7F27A57:t38, leader=null, voted=null, raftlog=s0@group-5BD3E7F27A57-SegmentedRaftLog:OPENED:c3,f4,i4, conf=3: [s0:0.0.0.0:41468, s1:0.0.0.0:41619, s2:0.0.0.0:44382], old=null
2019-09-26 09:49:00,757 WARN  ratis.RaftTestUtil (JavaUtils.java:attempt(158)) - FAILED "waitForLeader-null-(expectLeader? true)", attempt #17/100: java.lang.IllegalStateException: No leader yet : printing ALL groups
  s0:  RUNNING  FOLLOWER s0@group-5BD3E7F27A57:t38, leader=null, voted=null, raftlog=s0@group-5BD3E7F27A57-SegmentedRaftLog:OPENED:c3,f4,i4, conf=3: [s0:0.0.0.0:41468, s1:0.0.0.0:41619, s2:0.0.0.0:44382], old=null RUNNING
  s1:  RUNNING CANDIDATE s1@group-5BD3E7F27A57:t37, leader=null, voted=s1, raftlog=s1@group-5BD3E7F27A57-SegmentedRaftLog:OPENED:c2,f3,i3, conf=2: [s0:0.0.0.0:41468, s1:0.0.0.0:41619, s2:0.0.0.0:44382], old=null RUNNING
  s2:  RUNNING CANDIDATE s2@group-5BD3E7F27A57:t38, leader=null, voted=s2, raftlog=s2@group-5BD3E7F27A57-SegmentedRaftLog:OPENED:c1,f3,i3, conf=3: [s0:0.0.0.0:41468, s1:0.0.0.0:41619, s2:0.0.0.0:44382], old=null RUNNING, sleep 450ms and then retry.
java.lang.IllegalStateException: No leader yet : printing ALL groups
  s0:  RUNNING  FOLLOWER s0@group-5BD3E7F27A57:t38, leader=null, voted=null, raftlog=s0@group-5BD3E7F27A57-SegmentedRaftLog:OPENED:c3,f4,i4, conf=3: [s0:0.0.0.0:41468, s1:0.0.0.0:41619, s2:0.0.0.0:44382], old=null RUNNING
  s1:  RUNNING CANDIDATE s1@group-5BD3E7F27A57:t37, leader=null, voted=s1, raftlog=s1@group-5BD3E7F27A57-SegmentedRaftLog:OPENED:c2,f3,i3, conf=2: [s0:0.0.0.0:41468, s1:0.0.0.0:41619, s2:0.0.0.0:44382], old=null RUNNING
  s2:  RUNNING CANDIDATE s2@group-5BD3E7F27A57:t38, leader=null, voted=s2, raftlog=s2@group-5BD3E7F27A57-SegmentedRaftLog:OPENED:c1,f3,i3, conf=3: [s0:0.0.0.0:41468, s1:0.0.0.0:41619, s2:0.0.0.0:44382], old=null RUNNING
	at org.apache.ratis.MiniRaftCluster.newIllegalStateExceptionForNoLeaders(MiniRaftCluster.java:506)
	at org.apache.ratis.RaftTestUtil.lambda$waitForLeader$1(RaftTestUtil.java:90)
	at org.apache.ratis.MiniRaftCluster.getLeader(MiniRaftCluster.java:539)
	at org.apache.ratis.MiniRaftCluster.getLeader(MiniRaftCluster.java:532)
	at org.apache.ratis.RaftTestUtil.lambda$waitForLeader$3(RaftTestUtil.java:98)
	at org.apache.ratis.util.JavaUtils.attempt(JavaUtils.java:152)
	at org.apache.ratis.RaftTestUtil.waitForLeader(RaftTestUtil.java:97)
	at org.apache.ratis.RaftTestUtil.waitForLeader(RaftTestUtil.java:77)
	at org.apache.ratis.RaftTestUtil.waitForLeader(RaftTestUtil.java:72)
	at org.apache.ratis.RaftTestUtil.lambda$changeLeader$7(RaftTestUtil.java:363)
	at org.apache.ratis.util.JavaUtils.attempt(JavaUtils.java:152)
	at org.apache.ratis.RaftTestUtil.changeLeader(RaftTestUtil.java:362)
	at org.apache.ratis.server.impl.LeaderElectionTests.testChangeLeader(LeaderElectionTests.java:81)
	at sun.reflect.NativeMethodAccessorImpl.invoke0(Native Method)
	at sun.reflect.NativeMethodAccessorImpl.invoke(NativeMethodAccessorImpl.java:62)
	at sun.reflect.DelegatingMethodAccessorImpl.invoke(DelegatingMethodAccessorImpl.java:43)
	at java.lang.reflect.Method.invoke(Method.java:498)
	at org.junit.runners.model.FrameworkMethod$1.runReflectiveCall(FrameworkMethod.java:50)
	at org.junit.internal.runners.model.ReflectiveCallable.run(ReflectiveCallable.java:12)
	at org.junit.runners.model.FrameworkMethod.invokeExplosively(FrameworkMethod.java:47)
	at org.junit.internal.runners.statements.InvokeMethod.evaluate(InvokeMethod.java:17)
	at org.junit.internal.runners.statements.RunAfters.evaluate(RunAfters.java:27)
	at org.junit.internal.runners.statements.FailOnTimeout$CallableStatement.call(FailOnTimeout.java:298)
	at org.junit.internal.runners.statements.FailOnTimeout$CallableStatement.call(FailOnTimeout.java:292)
	at java.util.concurrent.FutureTask.run(FutureTask.java:266)
	at java.lang.Thread.run(Thread.java:748)
2019-09-26 09:49:00,790 INFO  impl.LeaderElection (LeaderElection.java:logAndReturn(56)) - s1@group-5BD3E7F27A57-LeaderElection49: Election TIMEOUT; received 1 response(s) [s1<-s0#0:FAIL-t37] and 0 exception(s); s1@group-5BD3E7F27A57:t37, leader=null, voted=s1, raftlog=s1@group-5BD3E7F27A57-SegmentedRaftLog:OPENED:c2,f3,i3, conf=2: [s0:0.0.0.0:41468, s1:0.0.0.0:41619, s2:0.0.0.0:44382], old=null
2019-09-26 09:49:00,803 INFO  impl.LeaderElection (LeaderElection.java:askForVotes(178)) - s1@group-5BD3E7F27A57-LeaderElection49: begin an election at term 38 for 2: [s0:0.0.0.0:41468, s1:0.0.0.0:41619, s2:0.0.0.0:44382], old=null
2019-09-26 09:49:00,804 DEBUG impl.RaftServerImpl (RaftServerImpl.java:requestVote(743)) - s0@group-5BD3E7F27A57: receive requestVote(s1, group-5BD3E7F27A57, 38, (t:3, i:3))
2019-09-26 09:49:00,804 INFO  impl.RaftServerImpl (RaftServerImpl.java:setRole(170)) - s0@group-5BD3E7F27A57: changes role from  FOLLOWER to FOLLOWER at term 38 for recognizeCandidate:s1
2019-09-26 09:49:00,804 INFO  impl.RoleInfo (RoleInfo.java:shutdownFollowerState(121)) - s0: shutdown FollowerState
2019-09-26 09:49:00,804 INFO  impl.RoleInfo (RoleInfo.java:updateAndGet(143)) - s0: start FollowerState
2019-09-26 09:49:00,804 INFO  impl.FollowerState (FollowerState.java:run(117)) - s0@group-5BD3E7F27A57-FollowerState was interrupted: java.lang.InterruptedException: sleep interrupted
2019-09-26 09:49:00,805 DEBUG impl.RaftServerImpl (RaftServerImpl.java:requestVote(775)) - s0@group-5BD3E7F27A57 replies to vote request: s1<-s0#0:FAIL-t38. Peer's state: s0@group-5BD3E7F27A57:t38, leader=null, voted=null, raftlog=s0@group-5BD3E7F27A57-SegmentedRaftLog:OPENED:c3,f4,i4, conf=3: [s0:0.0.0.0:41468, s1:0.0.0.0:41619, s2:0.0.0.0:44382], old=null
2019-09-26 09:49:00,931 INFO  impl.LeaderElection (LeaderElection.java:logAndReturn(56)) - s2@group-5BD3E7F27A57-LeaderElection52: Election TIMEOUT; received 1 response(s) [s2<-s0#0:FAIL-t38] and 0 exception(s); s2@group-5BD3E7F27A57:t38, leader=null, voted=s2, raftlog=s2@group-5BD3E7F27A57-SegmentedRaftLog:OPENED:c1,f3,i3, conf=3: [s0:0.0.0.0:41468, s1:0.0.0.0:41619, s2:0.0.0.0:44382], old=null
2019-09-26 09:49:00,944 INFO  impl.LeaderElection (LeaderElection.java:askForVotes(178)) - s2@group-5BD3E7F27A57-LeaderElection52: begin an election at term 39 for 3: [s0:0.0.0.0:41468, s1:0.0.0.0:41619, s2:0.0.0.0:44382], old=null
2019-09-26 09:49:00,945 DEBUG impl.RaftServerImpl (RaftServerImpl.java:requestVote(743)) - s0@group-5BD3E7F27A57: receive requestVote(s2, group-5BD3E7F27A57, 39, (t:4, i:3))
2019-09-26 09:49:00,945 INFO  impl.RaftServerImpl (RaftServerImpl.java:setRole(170)) - s0@group-5BD3E7F27A57: changes role from  FOLLOWER to FOLLOWER at term 39 for recognizeCandidate:s2
2019-09-26 09:49:00,945 INFO  impl.RoleInfo (RoleInfo.java:shutdownFollowerState(121)) - s0: shutdown FollowerState
2019-09-26 09:49:00,945 INFO  impl.RoleInfo (RoleInfo.java:updateAndGet(143)) - s0: start FollowerState
2019-09-26 09:49:00,945 INFO  impl.FollowerState (FollowerState.java:run(117)) - s0@group-5BD3E7F27A57-FollowerState was interrupted: java.lang.InterruptedException: sleep interrupted
2019-09-26 09:49:00,958 DEBUG impl.RaftServerImpl (RaftServerImpl.java:requestVote(775)) - s0@group-5BD3E7F27A57 replies to vote request: s2<-s0#0:FAIL-t39. Peer's state: s0@group-5BD3E7F27A57:t39, leader=null, voted=null, raftlog=s0@group-5BD3E7F27A57-SegmentedRaftLog:OPENED:c3,f4,i4, conf=3: [s0:0.0.0.0:41468, s1:0.0.0.0:41619, s2:0.0.0.0:44382], old=null
2019-09-26 09:49:01,024 INFO  impl.LeaderElection (LeaderElection.java:logAndReturn(56)) - s1@group-5BD3E7F27A57-LeaderElection49: Election TIMEOUT; received 1 response(s) [s1<-s0#0:FAIL-t38] and 0 exception(s); s1@group-5BD3E7F27A57:t38, leader=null, voted=s1, raftlog=s1@group-5BD3E7F27A57-SegmentedRaftLog:OPENED:c2,f3,i3, conf=2: [s0:0.0.0.0:41468, s1:0.0.0.0:41619, s2:0.0.0.0:44382], old=null
2019-09-26 09:49:01,037 INFO  impl.LeaderElection (LeaderElection.java:askForVotes(178)) - s1@group-5BD3E7F27A57-LeaderElection49: begin an election at term 39 for 2: [s0:0.0.0.0:41468, s1:0.0.0.0:41619, s2:0.0.0.0:44382], old=null
2019-09-26 09:49:01,038 DEBUG impl.RaftServerImpl (RaftServerImpl.java:requestVote(743)) - s0@group-5BD3E7F27A57: receive requestVote(s1, group-5BD3E7F27A57, 39, (t:3, i:3))
2019-09-26 09:49:01,038 INFO  impl.RaftServerImpl (RaftServerImpl.java:setRole(170)) - s0@group-5BD3E7F27A57: changes role from  FOLLOWER to FOLLOWER at term 39 for recognizeCandidate:s1
2019-09-26 09:49:01,038 INFO  impl.RoleInfo (RoleInfo.java:shutdownFollowerState(121)) - s0: shutdown FollowerState
2019-09-26 09:49:01,038 INFO  impl.RoleInfo (RoleInfo.java:updateAndGet(143)) - s0: start FollowerState
2019-09-26 09:49:01,038 INFO  impl.FollowerState (FollowerState.java:run(117)) - s0@group-5BD3E7F27A57-FollowerState was interrupted: java.lang.InterruptedException: sleep interrupted
2019-09-26 09:49:01,038 DEBUG impl.RaftServerImpl (RaftServerImpl.java:requestVote(775)) - s0@group-5BD3E7F27A57 replies to vote request: s1<-s0#0:FAIL-t39. Peer's state: s0@group-5BD3E7F27A57:t39, leader=null, voted=null, raftlog=s0@group-5BD3E7F27A57-SegmentedRaftLog:OPENED:c3,f4,i4, conf=3: [s0:0.0.0.0:41468, s1:0.0.0.0:41619, s2:0.0.0.0:44382], old=null
2019-09-26 09:49:01,161 INFO  impl.LeaderElection (LeaderElection.java:logAndReturn(56)) - s2@group-5BD3E7F27A57-LeaderElection52: Election TIMEOUT; received 1 response(s) [s2<-s0#0:FAIL-t39] and 0 exception(s); s2@group-5BD3E7F27A57:t39, leader=null, voted=s2, raftlog=s2@group-5BD3E7F27A57-SegmentedRaftLog:OPENED:c1,f3,i3, conf=3: [s0:0.0.0.0:41468, s1:0.0.0.0:41619, s2:0.0.0.0:44382], old=null
2019-09-26 09:49:01,174 INFO  impl.LeaderElection (LeaderElection.java:askForVotes(178)) - s2@group-5BD3E7F27A57-LeaderElection52: begin an election at term 40 for 3: [s0:0.0.0.0:41468, s1:0.0.0.0:41619, s2:0.0.0.0:44382], old=null
2019-09-26 09:49:01,175 DEBUG impl.RaftServerImpl (RaftServerImpl.java:requestVote(743)) - s0@group-5BD3E7F27A57: receive requestVote(s2, group-5BD3E7F27A57, 40, (t:4, i:3))
2019-09-26 09:49:01,175 INFO  impl.RaftServerImpl (RaftServerImpl.java:setRole(170)) - s0@group-5BD3E7F27A57: changes role from  FOLLOWER to FOLLOWER at term 40 for recognizeCandidate:s2
2019-09-26 09:49:01,175 INFO  impl.RoleInfo (RoleInfo.java:shutdownFollowerState(121)) - s0: shutdown FollowerState
2019-09-26 09:49:01,175 INFO  impl.RoleInfo (RoleInfo.java:updateAndGet(143)) - s0: start FollowerState
2019-09-26 09:49:01,175 INFO  impl.FollowerState (FollowerState.java:run(117)) - s0@group-5BD3E7F27A57-FollowerState was interrupted: java.lang.InterruptedException: sleep interrupted
2019-09-26 09:49:01,188 DEBUG impl.RaftServerImpl (RaftServerImpl.java:requestVote(775)) - s0@group-5BD3E7F27A57 replies to vote request: s2<-s0#0:FAIL-t40. Peer's state: s0@group-5BD3E7F27A57:t40, leader=null, voted=null, raftlog=s0@group-5BD3E7F27A57-SegmentedRaftLog:OPENED:c3,f4,i4, conf=3: [s0:0.0.0.0:41468, s1:0.0.0.0:41619, s2:0.0.0.0:44382], old=null
2019-09-26 09:49:01,197 INFO  ratis.MiniRaftCluster (MiniRaftCluster.java:lambda$null$5(297)) - TIMED-PRINT: printing ALL groups
  s0:  RUNNING  FOLLOWER s0@group-5BD3E7F27A57:t40, leader=null, voted=null, raftlog=s0@group-5BD3E7F27A57-SegmentedRaftLog:OPENED:c3,f4,i4, conf=3: [s0:0.0.0.0:41468, s1:0.0.0.0:41619, s2:0.0.0.0:44382], old=null RUNNING
  s1:  RUNNING CANDIDATE s1@group-5BD3E7F27A57:t39, leader=null, voted=s1, raftlog=s1@group-5BD3E7F27A57-SegmentedRaftLog:OPENED:c2,f3,i3, conf=2: [s0:0.0.0.0:41468, s1:0.0.0.0:41619, s2:0.0.0.0:44382], old=null RUNNING
  s2:  RUNNING CANDIDATE s2@group-5BD3E7F27A57:t40, leader=null, voted=s2, raftlog=s2@group-5BD3E7F27A57-SegmentedRaftLog:OPENED:c1,f3,i3, conf=3: [s0:0.0.0.0:41468, s1:0.0.0.0:41619, s2:0.0.0.0:44382], old=null RUNNING
2019-09-26 09:49:01,208 WARN  ratis.RaftTestUtil (JavaUtils.java:attempt(158)) - FAILED "waitForLeader-null-(expectLeader? true)", attempt #18/100: java.lang.IllegalStateException: No leader yet : printing ALL groups
  s0:  RUNNING  FOLLOWER s0@group-5BD3E7F27A57:t40, leader=null, voted=null, raftlog=s0@group-5BD3E7F27A57-SegmentedRaftLog:OPENED:c3,f4,i4, conf=3: [s0:0.0.0.0:41468, s1:0.0.0.0:41619, s2:0.0.0.0:44382], old=null RUNNING
  s1:  RUNNING CANDIDATE s1@group-5BD3E7F27A57:t39, leader=null, voted=s1, raftlog=s1@group-5BD3E7F27A57-SegmentedRaftLog:OPENED:c2,f3,i3, conf=2: [s0:0.0.0.0:41468, s1:0.0.0.0:41619, s2:0.0.0.0:44382], old=null RUNNING
  s2:  RUNNING CANDIDATE s2@group-5BD3E7F27A57:t40, leader=null, voted=s2, raftlog=s2@group-5BD3E7F27A57-SegmentedRaftLog:OPENED:c1,f3,i3, conf=3: [s0:0.0.0.0:41468, s1:0.0.0.0:41619, s2:0.0.0.0:44382], old=null RUNNING, sleep 450ms and then retry.
java.lang.IllegalStateException: No leader yet : printing ALL groups
  s0:  RUNNING  FOLLOWER s0@group-5BD3E7F27A57:t40, leader=null, voted=null, raftlog=s0@group-5BD3E7F27A57-SegmentedRaftLog:OPENED:c3,f4,i4, conf=3: [s0:0.0.0.0:41468, s1:0.0.0.0:41619, s2:0.0.0.0:44382], old=null RUNNING
  s1:  RUNNING CANDIDATE s1@group-5BD3E7F27A57:t39, leader=null, voted=s1, raftlog=s1@group-5BD3E7F27A57-SegmentedRaftLog:OPENED:c2,f3,i3, conf=2: [s0:0.0.0.0:41468, s1:0.0.0.0:41619, s2:0.0.0.0:44382], old=null RUNNING
  s2:  RUNNING CANDIDATE s2@group-5BD3E7F27A57:t40, leader=null, voted=s2, raftlog=s2@group-5BD3E7F27A57-SegmentedRaftLog:OPENED:c1,f3,i3, conf=3: [s0:0.0.0.0:41468, s1:0.0.0.0:41619, s2:0.0.0.0:44382], old=null RUNNING
	at org.apache.ratis.MiniRaftCluster.newIllegalStateExceptionForNoLeaders(MiniRaftCluster.java:506)
	at org.apache.ratis.RaftTestUtil.lambda$waitForLeader$1(RaftTestUtil.java:90)
	at org.apache.ratis.MiniRaftCluster.getLeader(MiniRaftCluster.java:539)
	at org.apache.ratis.MiniRaftCluster.getLeader(MiniRaftCluster.java:532)
	at org.apache.ratis.RaftTestUtil.lambda$waitForLeader$3(RaftTestUtil.java:98)
	at org.apache.ratis.util.JavaUtils.attempt(JavaUtils.java:152)
	at org.apache.ratis.RaftTestUtil.waitForLeader(RaftTestUtil.java:97)
	at org.apache.ratis.RaftTestUtil.waitForLeader(RaftTestUtil.java:77)
	at org.apache.ratis.RaftTestUtil.waitForLeader(RaftTestUtil.java:72)
	at org.apache.ratis.RaftTestUtil.lambda$changeLeader$7(RaftTestUtil.java:363)
	at org.apache.ratis.util.JavaUtils.attempt(JavaUtils.java:152)
	at org.apache.ratis.RaftTestUtil.changeLeader(RaftTestUtil.java:362)
	at org.apache.ratis.server.impl.LeaderElectionTests.testChangeLeader(LeaderElectionTests.java:81)
	at sun.reflect.NativeMethodAccessorImpl.invoke0(Native Method)
	at sun.reflect.NativeMethodAccessorImpl.invoke(NativeMethodAccessorImpl.java:62)
	at sun.reflect.DelegatingMethodAccessorImpl.invoke(DelegatingMethodAccessorImpl.java:43)
	at java.lang.reflect.Method.invoke(Method.java:498)
	at org.junit.runners.model.FrameworkMethod$1.runReflectiveCall(FrameworkMethod.java:50)
	at org.junit.internal.runners.model.ReflectiveCallable.run(ReflectiveCallable.java:12)
	at org.junit.runners.model.FrameworkMethod.invokeExplosively(FrameworkMethod.java:47)
	at org.junit.internal.runners.statements.InvokeMethod.evaluate(InvokeMethod.java:17)
	at org.junit.internal.runners.statements.RunAfters.evaluate(RunAfters.java:27)
	at org.junit.internal.runners.statements.FailOnTimeout$CallableStatement.call(FailOnTimeout.java:298)
	at org.junit.internal.runners.statements.FailOnTimeout$CallableStatement.call(FailOnTimeout.java:292)
	at java.util.concurrent.FutureTask.run(FutureTask.java:266)
	at java.lang.Thread.run(Thread.java:748)
2019-09-26 09:49:01,242 INFO  impl.LeaderElection (LeaderElection.java:logAndReturn(56)) - s1@group-5BD3E7F27A57-LeaderElection49: Election TIMEOUT; received 1 response(s) [s1<-s0#0:FAIL-t39] and 0 exception(s); s1@group-5BD3E7F27A57:t39, leader=null, voted=s1, raftlog=s1@group-5BD3E7F27A57-SegmentedRaftLog:OPENED:c2,f3,i3, conf=2: [s0:0.0.0.0:41468, s1:0.0.0.0:41619, s2:0.0.0.0:44382], old=null
2019-09-26 09:49:01,255 INFO  impl.LeaderElection (LeaderElection.java:askForVotes(178)) - s1@group-5BD3E7F27A57-LeaderElection49: begin an election at term 40 for 2: [s0:0.0.0.0:41468, s1:0.0.0.0:41619, s2:0.0.0.0:44382], old=null
2019-09-26 09:49:01,259 DEBUG impl.RaftServerImpl (RaftServerImpl.java:requestVote(743)) - s0@group-5BD3E7F27A57: receive requestVote(s1, group-5BD3E7F27A57, 40, (t:3, i:3))
2019-09-26 09:49:01,259 INFO  impl.RaftServerImpl (RaftServerImpl.java:setRole(170)) - s0@group-5BD3E7F27A57: changes role from  FOLLOWER to FOLLOWER at term 40 for recognizeCandidate:s1
2019-09-26 09:49:01,259 INFO  impl.RoleInfo (RoleInfo.java:shutdownFollowerState(121)) - s0: shutdown FollowerState
2019-09-26 09:49:01,259 INFO  impl.RoleInfo (RoleInfo.java:updateAndGet(143)) - s0: start FollowerState
2019-09-26 09:49:01,259 INFO  impl.FollowerState (FollowerState.java:run(117)) - s0@group-5BD3E7F27A57-FollowerState was interrupted: java.lang.InterruptedException: sleep interrupted
2019-09-26 09:49:01,260 DEBUG impl.RaftServerImpl (RaftServerImpl.java:requestVote(775)) - s0@group-5BD3E7F27A57 replies to vote request: s1<-s0#0:FAIL-t40. Peer's state: s0@group-5BD3E7F27A57:t40, leader=null, voted=null, raftlog=s0@group-5BD3E7F27A57-SegmentedRaftLog:OPENED:c3,f4,i4, conf=3: [s0:0.0.0.0:41468, s1:0.0.0.0:41619, s2:0.0.0.0:44382], old=null
2019-09-26 09:49:01,342 INFO  impl.LeaderElection (LeaderElection.java:logAndReturn(56)) - s2@group-5BD3E7F27A57-LeaderElection52: Election TIMEOUT; received 1 response(s) [s2<-s0#0:FAIL-t40] and 0 exception(s); s2@group-5BD3E7F27A57:t40, leader=null, voted=s2, raftlog=s2@group-5BD3E7F27A57-SegmentedRaftLog:OPENED:c1,f3,i3, conf=3: [s0:0.0.0.0:41468, s1:0.0.0.0:41619, s2:0.0.0.0:44382], old=null
2019-09-26 09:49:01,355 INFO  impl.LeaderElection (LeaderElection.java:askForVotes(178)) - s2@group-5BD3E7F27A57-LeaderElection52: begin an election at term 41 for 3: [s0:0.0.0.0:41468, s1:0.0.0.0:41619, s2:0.0.0.0:44382], old=null
2019-09-26 09:49:01,356 DEBUG impl.RaftServerImpl (RaftServerImpl.java:requestVote(743)) - s0@group-5BD3E7F27A57: receive requestVote(s2, group-5BD3E7F27A57, 41, (t:4, i:3))
2019-09-26 09:49:01,356 INFO  impl.RaftServerImpl (RaftServerImpl.java:setRole(170)) - s0@group-5BD3E7F27A57: changes role from  FOLLOWER to FOLLOWER at term 41 for recognizeCandidate:s2
2019-09-26 09:49:01,356 INFO  impl.RoleInfo (RoleInfo.java:shutdownFollowerState(121)) - s0: shutdown FollowerState
2019-09-26 09:49:01,356 INFO  impl.RoleInfo (RoleInfo.java:updateAndGet(143)) - s0: start FollowerState
2019-09-26 09:49:01,356 INFO  impl.FollowerState (FollowerState.java:run(117)) - s0@group-5BD3E7F27A57-FollowerState was interrupted: java.lang.InterruptedException: sleep interrupted
2019-09-26 09:49:01,375 DEBUG impl.RaftServerImpl (RaftServerImpl.java:requestVote(775)) - s0@group-5BD3E7F27A57 replies to vote request: s2<-s0#0:FAIL-t41. Peer's state: s0@group-5BD3E7F27A57:t41, leader=null, voted=null, raftlog=s0@group-5BD3E7F27A57-SegmentedRaftLog:OPENED:c3,f4,i4, conf=3: [s0:0.0.0.0:41468, s1:0.0.0.0:41619, s2:0.0.0.0:44382], old=null
2019-09-26 09:49:01,538 INFO  impl.LeaderElection (LeaderElection.java:logAndReturn(56)) - s1@group-5BD3E7F27A57-LeaderElection49: Election TIMEOUT; received 1 response(s) [s1<-s0#0:FAIL-t40] and 0 exception(s); s1@group-5BD3E7F27A57:t40, leader=null, voted=s1, raftlog=s1@group-5BD3E7F27A57-SegmentedRaftLog:OPENED:c2,f3,i3, conf=2: [s0:0.0.0.0:41468, s1:0.0.0.0:41619, s2:0.0.0.0:44382], old=null
2019-09-26 09:49:01,541 INFO  impl.LeaderElection (LeaderElection.java:logAndReturn(56)) - s2@group-5BD3E7F27A57-LeaderElection52: Election TIMEOUT; received 1 response(s) [s2<-s0#0:FAIL-t41] and 0 exception(s); s2@group-5BD3E7F27A57:t41, leader=null, voted=s2, raftlog=s2@group-5BD3E7F27A57-SegmentedRaftLog:OPENED:c1,f3,i3, conf=3: [s0:0.0.0.0:41468, s1:0.0.0.0:41619, s2:0.0.0.0:44382], old=null
2019-09-26 09:49:01,552 INFO  impl.LeaderElection (LeaderElection.java:askForVotes(178)) - s1@group-5BD3E7F27A57-LeaderElection49: begin an election at term 41 for 2: [s0:0.0.0.0:41468, s1:0.0.0.0:41619, s2:0.0.0.0:44382], old=null
2019-09-26 09:49:01,552 INFO  impl.LeaderElection (LeaderElection.java:askForVotes(178)) - s2@group-5BD3E7F27A57-LeaderElection52: begin an election at term 42 for 3: [s0:0.0.0.0:41468, s1:0.0.0.0:41619, s2:0.0.0.0:44382], old=null
2019-09-26 09:49:01,552 DEBUG impl.RaftServerImpl (RaftServerImpl.java:requestVote(743)) - s0@group-5BD3E7F27A57: receive requestVote(s1, group-5BD3E7F27A57, 41, (t:3, i:3))
2019-09-26 09:49:01,553 DEBUG impl.RaftServerImpl (RaftServerImpl.java:requestVote(743)) - s0@group-5BD3E7F27A57: receive requestVote(s2, group-5BD3E7F27A57, 42, (t:4, i:3))
2019-09-26 09:49:01,553 INFO  impl.RaftServerImpl (RaftServerImpl.java:setRole(170)) - s0@group-5BD3E7F27A57: changes role from  FOLLOWER to FOLLOWER at term 41 for recognizeCandidate:s1
2019-09-26 09:49:01,553 INFO  impl.RoleInfo (RoleInfo.java:shutdownFollowerState(121)) - s0: shutdown FollowerState
2019-09-26 09:49:01,553 INFO  impl.RoleInfo (RoleInfo.java:updateAndGet(143)) - s0: start FollowerState
2019-09-26 09:49:01,553 INFO  impl.FollowerState (FollowerState.java:run(117)) - s0@group-5BD3E7F27A57-FollowerState was interrupted: java.lang.InterruptedException: sleep interrupted
2019-09-26 09:49:01,553 DEBUG impl.RaftServerImpl (RaftServerImpl.java:requestVote(775)) - s0@group-5BD3E7F27A57 replies to vote request: s1<-s0#0:FAIL-t41. Peer's state: s0@group-5BD3E7F27A57:t41, leader=null, voted=null, raftlog=s0@group-5BD3E7F27A57-SegmentedRaftLog:OPENED:c3,f4,i4, conf=3: [s0:0.0.0.0:41468, s1:0.0.0.0:41619, s2:0.0.0.0:44382], old=null
2019-09-26 09:49:01,554 INFO  impl.RaftServerImpl (RaftServerImpl.java:setRole(170)) - s0@group-5BD3E7F27A57: changes role from  FOLLOWER to FOLLOWER at term 42 for recognizeCandidate:s2
2019-09-26 09:49:01,554 INFO  impl.RoleInfo (RoleInfo.java:shutdownFollowerState(121)) - s0: shutdown FollowerState
2019-09-26 09:49:01,554 INFO  impl.RoleInfo (RoleInfo.java:updateAndGet(143)) - s0: start FollowerState
2019-09-26 09:49:01,554 INFO  impl.FollowerState (FollowerState.java:run(117)) - s0@group-5BD3E7F27A57-FollowerState was interrupted: java.lang.InterruptedException: sleep interrupted
2019-09-26 09:49:01,567 DEBUG impl.RaftServerImpl (RaftServerImpl.java:requestVote(775)) - s0@group-5BD3E7F27A57 replies to vote request: s2<-s0#0:FAIL-t42. Peer's state: s0@group-5BD3E7F27A57:t42, leader=null, voted=null, raftlog=s0@group-5BD3E7F27A57-SegmentedRaftLog:OPENED:c3,f4,i4, conf=3: [s0:0.0.0.0:41468, s1:0.0.0.0:41619, s2:0.0.0.0:44382], old=null
2019-09-26 09:49:01,659 WARN  ratis.RaftTestUtil (JavaUtils.java:attempt(158)) - FAILED "waitForLeader-null-(expectLeader? true)", attempt #19/100: java.lang.IllegalStateException: No leader yet : printing ALL groups
  s0:  RUNNING  FOLLOWER s0@group-5BD3E7F27A57:t42, leader=null, voted=null, raftlog=s0@group-5BD3E7F27A57-SegmentedRaftLog:OPENED:c3,f4,i4, conf=3: [s0:0.0.0.0:41468, s1:0.0.0.0:41619, s2:0.0.0.0:44382], old=null RUNNING
  s1:  RUNNING CANDIDATE s1@group-5BD3E7F27A57:t41, leader=null, voted=s1, raftlog=s1@group-5BD3E7F27A57-SegmentedRaftLog:OPENED:c2,f3,i3, conf=2: [s0:0.0.0.0:41468, s1:0.0.0.0:41619, s2:0.0.0.0:44382], old=null RUNNING
  s2:  RUNNING CANDIDATE s2@group-5BD3E7F27A57:t42, leader=null, voted=s2, raftlog=s2@group-5BD3E7F27A57-SegmentedRaftLog:OPENED:c1,f3,i3, conf=3: [s0:0.0.0.0:41468, s1:0.0.0.0:41619, s2:0.0.0.0:44382], old=null RUNNING, sleep 450ms and then retry.
java.lang.IllegalStateException: No leader yet : printing ALL groups
  s0:  RUNNING  FOLLOWER s0@group-5BD3E7F27A57:t42, leader=null, voted=null, raftlog=s0@group-5BD3E7F27A57-SegmentedRaftLog:OPENED:c3,f4,i4, conf=3: [s0:0.0.0.0:41468, s1:0.0.0.0:41619, s2:0.0.0.0:44382], old=null RUNNING
  s1:  RUNNING CANDIDATE s1@group-5BD3E7F27A57:t41, leader=null, voted=s1, raftlog=s1@group-5BD3E7F27A57-SegmentedRaftLog:OPENED:c2,f3,i3, conf=2: [s0:0.0.0.0:41468, s1:0.0.0.0:41619, s2:0.0.0.0:44382], old=null RUNNING
  s2:  RUNNING CANDIDATE s2@group-5BD3E7F27A57:t42, leader=null, voted=s2, raftlog=s2@group-5BD3E7F27A57-SegmentedRaftLog:OPENED:c1,f3,i3, conf=3: [s0:0.0.0.0:41468, s1:0.0.0.0:41619, s2:0.0.0.0:44382], old=null RUNNING
	at org.apache.ratis.MiniRaftCluster.newIllegalStateExceptionForNoLeaders(MiniRaftCluster.java:506)
	at org.apache.ratis.RaftTestUtil.lambda$waitForLeader$1(RaftTestUtil.java:90)
	at org.apache.ratis.MiniRaftCluster.getLeader(MiniRaftCluster.java:539)
	at org.apache.ratis.MiniRaftCluster.getLeader(MiniRaftCluster.java:532)
	at org.apache.ratis.RaftTestUtil.lambda$waitForLeader$3(RaftTestUtil.java:98)
	at org.apache.ratis.util.JavaUtils.attempt(JavaUtils.java:152)
	at org.apache.ratis.RaftTestUtil.waitForLeader(RaftTestUtil.java:97)
	at org.apache.ratis.RaftTestUtil.waitForLeader(RaftTestUtil.java:77)
	at org.apache.ratis.RaftTestUtil.waitForLeader(RaftTestUtil.java:72)
	at org.apache.ratis.RaftTestUtil.lambda$changeLeader$7(RaftTestUtil.java:363)
	at org.apache.ratis.util.JavaUtils.attempt(JavaUtils.java:152)
	at org.apache.ratis.RaftTestUtil.changeLeader(RaftTestUtil.java:362)
	at org.apache.ratis.server.impl.LeaderElectionTests.testChangeLeader(LeaderElectionTests.java:81)
	at sun.reflect.NativeMethodAccessorImpl.invoke0(Native Method)
	at sun.reflect.NativeMethodAccessorImpl.invoke(NativeMethodAccessorImpl.java:62)
	at sun.reflect.DelegatingMethodAccessorImpl.invoke(DelegatingMethodAccessorImpl.java:43)
	at java.lang.reflect.Method.invoke(Method.java:498)
	at org.junit.runners.model.FrameworkMethod$1.runReflectiveCall(FrameworkMethod.java:50)
	at org.junit.internal.runners.model.ReflectiveCallable.run(ReflectiveCallable.java:12)
	at org.junit.runners.model.FrameworkMethod.invokeExplosively(FrameworkMethod.java:47)
	at org.junit.internal.runners.statements.InvokeMethod.evaluate(InvokeMethod.java:17)
	at org.junit.internal.runners.statements.RunAfters.evaluate(RunAfters.java:27)
	at org.junit.internal.runners.statements.FailOnTimeout$CallableStatement.call(FailOnTimeout.java:298)
	at org.junit.internal.runners.statements.FailOnTimeout$CallableStatement.call(FailOnTimeout.java:292)
	at java.util.concurrent.FutureTask.run(FutureTask.java:266)
	at java.lang.Thread.run(Thread.java:748)
2019-09-26 09:49:01,737 INFO  impl.LeaderElection (LeaderElection.java:logAndReturn(56)) - s1@group-5BD3E7F27A57-LeaderElection49: Election TIMEOUT; received 1 response(s) [s1<-s0#0:FAIL-t41] and 0 exception(s); s1@group-5BD3E7F27A57:t41, leader=null, voted=s1, raftlog=s1@group-5BD3E7F27A57-SegmentedRaftLog:OPENED:c2,f3,i3, conf=2: [s0:0.0.0.0:41468, s1:0.0.0.0:41619, s2:0.0.0.0:44382], old=null
2019-09-26 09:49:01,750 INFO  impl.LeaderElection (LeaderElection.java:askForVotes(178)) - s1@group-5BD3E7F27A57-LeaderElection49: begin an election at term 42 for 2: [s0:0.0.0.0:41468, s1:0.0.0.0:41619, s2:0.0.0.0:44382], old=null
2019-09-26 09:49:01,750 DEBUG impl.RaftServerImpl (RaftServerImpl.java:requestVote(743)) - s0@group-5BD3E7F27A57: receive requestVote(s1, group-5BD3E7F27A57, 42, (t:3, i:3))
2019-09-26 09:49:01,751 INFO  impl.RaftServerImpl (RaftServerImpl.java:setRole(170)) - s0@group-5BD3E7F27A57: changes role from  FOLLOWER to FOLLOWER at term 42 for recognizeCandidate:s1
2019-09-26 09:49:01,751 INFO  impl.RoleInfo (RoleInfo.java:shutdownFollowerState(121)) - s0: shutdown FollowerState
2019-09-26 09:49:01,751 INFO  impl.RoleInfo (RoleInfo.java:updateAndGet(143)) - s0: start FollowerState
2019-09-26 09:49:01,751 INFO  impl.FollowerState (FollowerState.java:run(117)) - s0@group-5BD3E7F27A57-FollowerState was interrupted: java.lang.InterruptedException: sleep interrupted
2019-09-26 09:49:01,751 DEBUG impl.RaftServerImpl (RaftServerImpl.java:requestVote(775)) - s0@group-5BD3E7F27A57 replies to vote request: s1<-s0#0:FAIL-t42. Peer's state: s0@group-5BD3E7F27A57:t42, leader=null, voted=null, raftlog=s0@group-5BD3E7F27A57-SegmentedRaftLog:OPENED:c3,f4,i4, conf=3: [s0:0.0.0.0:41468, s1:0.0.0.0:41619, s2:0.0.0.0:44382], old=null
2019-09-26 09:49:01,785 INFO  impl.LeaderElection (LeaderElection.java:logAndReturn(56)) - s2@group-5BD3E7F27A57-LeaderElection52: Election TIMEOUT; received 1 response(s) [s2<-s0#0:FAIL-t42] and 0 exception(s); s2@group-5BD3E7F27A57:t42, leader=null, voted=s2, raftlog=s2@group-5BD3E7F27A57-SegmentedRaftLog:OPENED:c1,f3,i3, conf=3: [s0:0.0.0.0:41468, s1:0.0.0.0:41619, s2:0.0.0.0:44382], old=null
2019-09-26 09:49:01,797 INFO  impl.LeaderElection (LeaderElection.java:askForVotes(178)) - s2@group-5BD3E7F27A57-LeaderElection52: begin an election at term 43 for 3: [s0:0.0.0.0:41468, s1:0.0.0.0:41619, s2:0.0.0.0:44382], old=null
2019-09-26 09:49:01,798 DEBUG impl.RaftServerImpl (RaftServerImpl.java:requestVote(743)) - s0@group-5BD3E7F27A57: receive requestVote(s2, group-5BD3E7F27A57, 43, (t:4, i:3))
2019-09-26 09:49:01,798 INFO  impl.RaftServerImpl (RaftServerImpl.java:setRole(170)) - s0@group-5BD3E7F27A57: changes role from  FOLLOWER to FOLLOWER at term 43 for recognizeCandidate:s2
2019-09-26 09:49:01,798 INFO  impl.RoleInfo (RoleInfo.java:shutdownFollowerState(121)) - s0: shutdown FollowerState
2019-09-26 09:49:01,798 INFO  impl.RoleInfo (RoleInfo.java:updateAndGet(143)) - s0: start FollowerState
2019-09-26 09:49:01,798 INFO  impl.FollowerState (FollowerState.java:run(117)) - s0@group-5BD3E7F27A57-FollowerState was interrupted: java.lang.InterruptedException: sleep interrupted
2019-09-26 09:49:01,811 DEBUG impl.RaftServerImpl (RaftServerImpl.java:requestVote(775)) - s0@group-5BD3E7F27A57 replies to vote request: s2<-s0#0:FAIL-t43. Peer's state: s0@group-5BD3E7F27A57:t43, leader=null, voted=null, raftlog=s0@group-5BD3E7F27A57-SegmentedRaftLog:OPENED:c3,f4,i4, conf=3: [s0:0.0.0.0:41468, s1:0.0.0.0:41619, s2:0.0.0.0:44382], old=null
2019-09-26 09:49:02,024 INFO  impl.LeaderElection (LeaderElection.java:logAndReturn(56)) - s1@group-5BD3E7F27A57-LeaderElection49: Election TIMEOUT; received 1 response(s) [s1<-s0#0:FAIL-t42] and 0 exception(s); s1@group-5BD3E7F27A57:t42, leader=null, voted=s1, raftlog=s1@group-5BD3E7F27A57-SegmentedRaftLog:OPENED:c2,f3,i3, conf=2: [s0:0.0.0.0:41468, s1:0.0.0.0:41619, s2:0.0.0.0:44382], old=null
2019-09-26 09:49:02,038 INFO  impl.LeaderElection (LeaderElection.java:askForVotes(178)) - s1@group-5BD3E7F27A57-LeaderElection49: begin an election at term 43 for 2: [s0:0.0.0.0:41468, s1:0.0.0.0:41619, s2:0.0.0.0:44382], old=null
2019-09-26 09:49:02,039 DEBUG impl.RaftServerImpl (RaftServerImpl.java:requestVote(743)) - s0@group-5BD3E7F27A57: receive requestVote(s1, group-5BD3E7F27A57, 43, (t:3, i:3))
2019-09-26 09:49:02,039 INFO  impl.RaftServerImpl (RaftServerImpl.java:setRole(170)) - s0@group-5BD3E7F27A57: changes role from  FOLLOWER to FOLLOWER at term 43 for recognizeCandidate:s1
2019-09-26 09:49:02,039 INFO  impl.RoleInfo (RoleInfo.java:shutdownFollowerState(121)) - s0: shutdown FollowerState
2019-09-26 09:49:02,039 INFO  impl.RoleInfo (RoleInfo.java:updateAndGet(143)) - s0: start FollowerState
2019-09-26 09:49:02,039 INFO  impl.FollowerState (FollowerState.java:run(117)) - s0@group-5BD3E7F27A57-FollowerState was interrupted: java.lang.InterruptedException: sleep interrupted
2019-09-26 09:49:02,040 DEBUG impl.RaftServerImpl (RaftServerImpl.java:requestVote(775)) - s0@group-5BD3E7F27A57 replies to vote request: s1<-s0#0:FAIL-t43. Peer's state: s0@group-5BD3E7F27A57:t43, leader=null, voted=null, raftlog=s0@group-5BD3E7F27A57-SegmentedRaftLog:OPENED:c3,f4,i4, conf=3: [s0:0.0.0.0:41468, s1:0.0.0.0:41619, s2:0.0.0.0:44382], old=null
2019-09-26 09:49:02,045 INFO  impl.LeaderElection (LeaderElection.java:logAndReturn(56)) - s2@group-5BD3E7F27A57-LeaderElection52: Election TIMEOUT; received 1 response(s) [s2<-s0#0:FAIL-t43] and 0 exception(s); s2@group-5BD3E7F27A57:t43, leader=null, voted=s2, raftlog=s2@group-5BD3E7F27A57-SegmentedRaftLog:OPENED:c1,f3,i3, conf=3: [s0:0.0.0.0:41468, s1:0.0.0.0:41619, s2:0.0.0.0:44382], old=null
2019-09-26 09:49:02,058 INFO  impl.LeaderElection (LeaderElection.java:askForVotes(178)) - s2@group-5BD3E7F27A57-LeaderElection52: begin an election at term 44 for 3: [s0:0.0.0.0:41468, s1:0.0.0.0:41619, s2:0.0.0.0:44382], old=null
2019-09-26 09:49:02,059 DEBUG impl.RaftServerImpl (RaftServerImpl.java:requestVote(743)) - s0@group-5BD3E7F27A57: receive requestVote(s2, group-5BD3E7F27A57, 44, (t:4, i:3))
2019-09-26 09:49:02,059 INFO  impl.RaftServerImpl (RaftServerImpl.java:setRole(170)) - s0@group-5BD3E7F27A57: changes role from  FOLLOWER to FOLLOWER at term 44 for recognizeCandidate:s2
2019-09-26 09:49:02,059 INFO  impl.RoleInfo (RoleInfo.java:shutdownFollowerState(121)) - s0: shutdown FollowerState
2019-09-26 09:49:02,059 INFO  impl.RoleInfo (RoleInfo.java:updateAndGet(143)) - s0: start FollowerState
2019-09-26 09:49:02,059 INFO  impl.FollowerState (FollowerState.java:run(117)) - s0@group-5BD3E7F27A57-FollowerState was interrupted: java.lang.InterruptedException: sleep interrupted
2019-09-26 09:49:02,072 DEBUG impl.RaftServerImpl (RaftServerImpl.java:requestVote(775)) - s0@group-5BD3E7F27A57 replies to vote request: s2<-s0#0:FAIL-t44. Peer's state: s0@group-5BD3E7F27A57:t44, leader=null, voted=null, raftlog=s0@group-5BD3E7F27A57-SegmentedRaftLog:OPENED:c3,f4,i4, conf=3: [s0:0.0.0.0:41468, s1:0.0.0.0:41619, s2:0.0.0.0:44382], old=null
2019-09-26 09:49:02,110 WARN  ratis.RaftTestUtil (JavaUtils.java:attempt(158)) - FAILED "waitForLeader-null-(expectLeader? true)", attempt #20/100: java.lang.IllegalStateException: No leader yet : printing ALL groups
  s0:  RUNNING  FOLLOWER s0@group-5BD3E7F27A57:t44, leader=null, voted=null, raftlog=s0@group-5BD3E7F27A57-SegmentedRaftLog:OPENED:c3,f4,i4, conf=3: [s0:0.0.0.0:41468, s1:0.0.0.0:41619, s2:0.0.0.0:44382], old=null RUNNING
  s1:  RUNNING CANDIDATE s1@group-5BD3E7F27A57:t43, leader=null, voted=s1, raftlog=s1@group-5BD3E7F27A57-SegmentedRaftLog:OPENED:c2,f3,i3, conf=2: [s0:0.0.0.0:41468, s1:0.0.0.0:41619, s2:0.0.0.0:44382], old=null RUNNING
  s2:  RUNNING CANDIDATE s2@group-5BD3E7F27A57:t44, leader=null, voted=s2, raftlog=s2@group-5BD3E7F27A57-SegmentedRaftLog:OPENED:c1,f3,i3, conf=3: [s0:0.0.0.0:41468, s1:0.0.0.0:41619, s2:0.0.0.0:44382], old=null RUNNING, sleep 450ms and then retry.
java.lang.IllegalStateException: No leader yet : printing ALL groups
  s0:  RUNNING  FOLLOWER s0@group-5BD3E7F27A57:t44, leader=null, voted=null, raftlog=s0@group-5BD3E7F27A57-SegmentedRaftLog:OPENED:c3,f4,i4, conf=3: [s0:0.0.0.0:41468, s1:0.0.0.0:41619, s2:0.0.0.0:44382], old=null RUNNING
  s1:  RUNNING CANDIDATE s1@group-5BD3E7F27A57:t43, leader=null, voted=s1, raftlog=s1@group-5BD3E7F27A57-SegmentedRaftLog:OPENED:c2,f3,i3, conf=2: [s0:0.0.0.0:41468, s1:0.0.0.0:41619, s2:0.0.0.0:44382], old=null RUNNING
  s2:  RUNNING CANDIDATE s2@group-5BD3E7F27A57:t44, leader=null, voted=s2, raftlog=s2@group-5BD3E7F27A57-SegmentedRaftLog:OPENED:c1,f3,i3, conf=3: [s0:0.0.0.0:41468, s1:0.0.0.0:41619, s2:0.0.0.0:44382], old=null RUNNING
	at org.apache.ratis.MiniRaftCluster.newIllegalStateExceptionForNoLeaders(MiniRaftCluster.java:506)
	at org.apache.ratis.RaftTestUtil.lambda$waitForLeader$1(RaftTestUtil.java:90)
	at org.apache.ratis.MiniRaftCluster.getLeader(MiniRaftCluster.java:539)
	at org.apache.ratis.MiniRaftCluster.getLeader(MiniRaftCluster.java:532)
	at org.apache.ratis.RaftTestUtil.lambda$waitForLeader$3(RaftTestUtil.java:98)
	at org.apache.ratis.util.JavaUtils.attempt(JavaUtils.java:152)
	at org.apache.ratis.RaftTestUtil.waitForLeader(RaftTestUtil.java:97)
	at org.apache.ratis.RaftTestUtil.waitForLeader(RaftTestUtil.java:77)
	at org.apache.ratis.RaftTestUtil.waitForLeader(RaftTestUtil.java:72)
	at org.apache.ratis.RaftTestUtil.lambda$changeLeader$7(RaftTestUtil.java:363)
	at org.apache.ratis.util.JavaUtils.attempt(JavaUtils.java:152)
	at org.apache.ratis.RaftTestUtil.changeLeader(RaftTestUtil.java:362)
	at org.apache.ratis.server.impl.LeaderElectionTests.testChangeLeader(LeaderElectionTests.java:81)
	at sun.reflect.NativeMethodAccessorImpl.invoke0(Native Method)
	at sun.reflect.NativeMethodAccessorImpl.invoke(NativeMethodAccessorImpl.java:62)
	at sun.reflect.DelegatingMethodAccessorImpl.invoke(DelegatingMethodAccessorImpl.java:43)
	at java.lang.reflect.Method.invoke(Method.java:498)
	at org.junit.runners.model.FrameworkMethod$1.runReflectiveCall(FrameworkMethod.java:50)
	at org.junit.internal.runners.model.ReflectiveCallable.run(ReflectiveCallable.java:12)
	at org.junit.runners.model.FrameworkMethod.invokeExplosively(FrameworkMethod.java:47)
	at org.junit.internal.runners.statements.InvokeMethod.evaluate(InvokeMethod.java:17)
	at org.junit.internal.runners.statements.RunAfters.evaluate(RunAfters.java:27)
	at org.junit.internal.runners.statements.FailOnTimeout$CallableStatement.call(FailOnTimeout.java:298)
	at org.junit.internal.runners.statements.FailOnTimeout$CallableStatement.call(FailOnTimeout.java:292)
	at java.util.concurrent.FutureTask.run(FutureTask.java:266)
	at java.lang.Thread.run(Thread.java:748)
2019-09-26 09:49:02,221 INFO  impl.LeaderElection (LeaderElection.java:logAndReturn(56)) - s2@group-5BD3E7F27A57-LeaderElection52: Election TIMEOUT; received 1 response(s) [s2<-s0#0:FAIL-t44] and 0 exception(s); s2@group-5BD3E7F27A57:t44, leader=null, voted=s2, raftlog=s2@group-5BD3E7F27A57-SegmentedRaftLog:OPENED:c1,f3,i3, conf=3: [s0:0.0.0.0:41468, s1:0.0.0.0:41619, s2:0.0.0.0:44382], old=null
2019-09-26 09:49:02,237 INFO  impl.LeaderElection (LeaderElection.java:askForVotes(178)) - s2@group-5BD3E7F27A57-LeaderElection52: begin an election at term 45 for 3: [s0:0.0.0.0:41468, s1:0.0.0.0:41619, s2:0.0.0.0:44382], old=null
2019-09-26 09:49:02,238 DEBUG impl.RaftServerImpl (RaftServerImpl.java:requestVote(743)) - s0@group-5BD3E7F27A57: receive requestVote(s2, group-5BD3E7F27A57, 45, (t:4, i:3))
2019-09-26 09:49:02,238 INFO  impl.RaftServerImpl (RaftServerImpl.java:setRole(170)) - s0@group-5BD3E7F27A57: changes role from  FOLLOWER to FOLLOWER at term 45 for recognizeCandidate:s2
2019-09-26 09:49:02,238 INFO  impl.RoleInfo (RoleInfo.java:shutdownFollowerState(121)) - s0: shutdown FollowerState
2019-09-26 09:49:02,238 INFO  impl.RoleInfo (RoleInfo.java:updateAndGet(143)) - s0: start FollowerState
2019-09-26 09:49:02,238 INFO  impl.FollowerState (FollowerState.java:run(117)) - s0@group-5BD3E7F27A57-FollowerState was interrupted: java.lang.InterruptedException: sleep interrupted
2019-09-26 09:49:02,243 INFO  impl.LeaderElection (LeaderElection.java:logAndReturn(56)) - s1@group-5BD3E7F27A57-LeaderElection49: Election TIMEOUT; received 1 response(s) [s1<-s0#0:FAIL-t43] and 0 exception(s); s1@group-5BD3E7F27A57:t43, leader=null, voted=s1, raftlog=s1@group-5BD3E7F27A57-SegmentedRaftLog:OPENED:c2,f3,i3, conf=2: [s0:0.0.0.0:41468, s1:0.0.0.0:41619, s2:0.0.0.0:44382], old=null
2019-09-26 09:49:02,252 INFO  impl.LeaderElection (LeaderElection.java:askForVotes(178)) - s1@group-5BD3E7F27A57-LeaderElection49: begin an election at term 44 for 2: [s0:0.0.0.0:41468, s1:0.0.0.0:41619, s2:0.0.0.0:44382], old=null
2019-09-26 09:49:02,252 DEBUG impl.RaftServerImpl (RaftServerImpl.java:requestVote(775)) - s0@group-5BD3E7F27A57 replies to vote request: s2<-s0#0:FAIL-t45. Peer's state: s0@group-5BD3E7F27A57:t45, leader=null, voted=null, raftlog=s0@group-5BD3E7F27A57-SegmentedRaftLog:OPENED:c3,f4,i4, conf=3: [s0:0.0.0.0:41468, s1:0.0.0.0:41619, s2:0.0.0.0:44382], old=null
2019-09-26 09:49:02,253 DEBUG impl.RaftServerImpl (RaftServerImpl.java:requestVote(743)) - s0@group-5BD3E7F27A57: receive requestVote(s1, group-5BD3E7F27A57, 44, (t:3, i:3))
2019-09-26 09:49:02,253 DEBUG impl.RaftServerImpl (RaftServerImpl.java:requestVote(775)) - s0@group-5BD3E7F27A57 replies to vote request: s1<-s0#0:FAIL-t45. Peer's state: s0@group-5BD3E7F27A57:t45, leader=null, voted=null, raftlog=s0@group-5BD3E7F27A57-SegmentedRaftLog:OPENED:c3,f4,i4, conf=3: [s0:0.0.0.0:41468, s1:0.0.0.0:41619, s2:0.0.0.0:44382], old=null
2019-09-26 09:49:02,253 INFO  impl.LeaderElection (LeaderElection.java:logAndReturn(56)) - s1@group-5BD3E7F27A57-LeaderElection49: Election DISCOVERED_A_NEW_TERM; received 1 response(s) [s1<-s0#0:FAIL-t45] and 0 exception(s); s1@group-5BD3E7F27A57:t44, leader=null, voted=s1, raftlog=s1@group-5BD3E7F27A57-SegmentedRaftLog:OPENED:c2,f3,i3, conf=2: [s0:0.0.0.0:41468, s1:0.0.0.0:41619, s2:0.0.0.0:44382], old=null
2019-09-26 09:49:02,254 INFO  impl.RaftServerImpl (RaftServerImpl.java:setRole(170)) - s1@group-5BD3E7F27A57: changes role from CANDIDATE to FOLLOWER at term 45 for DISCOVERED_A_NEW_TERM
2019-09-26 09:49:02,254 INFO  impl.RoleInfo (RoleInfo.java:shutdownLeaderElection(134)) - s1: shutdown LeaderElection
2019-09-26 09:49:02,254 INFO  impl.RoleInfo (RoleInfo.java:updateAndGet(143)) - s1: start FollowerState
2019-09-26 09:49:02,465 INFO  impl.LeaderElection (LeaderElection.java:logAndReturn(56)) - s2@group-5BD3E7F27A57-LeaderElection52: Election TIMEOUT; received 1 response(s) [s2<-s0#0:FAIL-t45] and 0 exception(s); s2@group-5BD3E7F27A57:t45, leader=null, voted=s2, raftlog=s2@group-5BD3E7F27A57-SegmentedRaftLog:OPENED:c1,f3,i3, conf=3: [s0:0.0.0.0:41468, s1:0.0.0.0:41619, s2:0.0.0.0:44382], old=null
2019-09-26 09:49:02,478 INFO  impl.LeaderElection (LeaderElection.java:askForVotes(178)) - s2@group-5BD3E7F27A57-LeaderElection52: begin an election at term 46 for 3: [s0:0.0.0.0:41468, s1:0.0.0.0:41619, s2:0.0.0.0:44382], old=null
2019-09-26 09:49:02,479 DEBUG impl.RaftServerImpl (RaftServerImpl.java:requestVote(743)) - s0@group-5BD3E7F27A57: receive requestVote(s2, group-5BD3E7F27A57, 46, (t:4, i:3))
2019-09-26 09:49:02,479 INFO  impl.RaftServerImpl (RaftServerImpl.java:setRole(170)) - s0@group-5BD3E7F27A57: changes role from  FOLLOWER to FOLLOWER at term 46 for recognizeCandidate:s2
2019-09-26 09:49:02,479 INFO  impl.RoleInfo (RoleInfo.java:shutdownFollowerState(121)) - s0: shutdown FollowerState
2019-09-26 09:49:02,479 INFO  impl.RoleInfo (RoleInfo.java:updateAndGet(143)) - s0: start FollowerState
2019-09-26 09:49:02,479 INFO  impl.FollowerState (FollowerState.java:run(117)) - s0@group-5BD3E7F27A57-FollowerState was interrupted: java.lang.InterruptedException: sleep interrupted
2019-09-26 09:49:02,491 DEBUG impl.RaftServerImpl (RaftServerImpl.java:requestVote(775)) - s0@group-5BD3E7F27A57 replies to vote request: s2<-s0#0:FAIL-t46. Peer's state: s0@group-5BD3E7F27A57:t46, leader=null, voted=null, raftlog=s0@group-5BD3E7F27A57-SegmentedRaftLog:OPENED:c3,f4,i4, conf=3: [s0:0.0.0.0:41468, s1:0.0.0.0:41619, s2:0.0.0.0:44382], old=null
2019-09-26 09:49:02,528 INFO  impl.FollowerState (FollowerState.java:run(108)) - s1@group-5BD3E7F27A57-FollowerState: change to CANDIDATE, lastRpcTime:274ms, electionTimeout:274ms
2019-09-26 09:49:02,528 INFO  impl.RoleInfo (RoleInfo.java:shutdownFollowerState(121)) - s1: shutdown FollowerState
2019-09-26 09:49:02,529 INFO  impl.RaftServerImpl (RaftServerImpl.java:setRole(170)) - s1@group-5BD3E7F27A57: changes role from  FOLLOWER to CANDIDATE at term 45 for changeToCandidate
2019-09-26 09:49:02,529 INFO  impl.RoleInfo (RoleInfo.java:updateAndGet(143)) - s1: start LeaderElection
2019-09-26 09:49:02,543 INFO  impl.LeaderElection (LeaderElection.java:askForVotes(178)) - s1@group-5BD3E7F27A57-LeaderElection53: begin an election at term 46 for 2: [s0:0.0.0.0:41468, s1:0.0.0.0:41619, s2:0.0.0.0:44382], old=null
2019-09-26 09:49:02,543 DEBUG impl.RaftServerImpl (RaftServerImpl.java:requestVote(743)) - s0@group-5BD3E7F27A57: receive requestVote(s1, group-5BD3E7F27A57, 46, (t:3, i:3))
2019-09-26 09:49:02,543 INFO  impl.RaftServerImpl (RaftServerImpl.java:setRole(170)) - s0@group-5BD3E7F27A57: changes role from  FOLLOWER to FOLLOWER at term 46 for recognizeCandidate:s1
2019-09-26 09:49:02,543 INFO  impl.RoleInfo (RoleInfo.java:shutdownFollowerState(121)) - s0: shutdown FollowerState
2019-09-26 09:49:02,544 INFO  impl.RoleInfo (RoleInfo.java:updateAndGet(143)) - s0: start FollowerState
2019-09-26 09:49:02,544 INFO  impl.FollowerState (FollowerState.java:run(117)) - s0@group-5BD3E7F27A57-FollowerState was interrupted: java.lang.InterruptedException: sleep interrupted
2019-09-26 09:49:02,544 DEBUG impl.RaftServerImpl (RaftServerImpl.java:requestVote(775)) - s0@group-5BD3E7F27A57 replies to vote request: s1<-s0#0:FAIL-t46. Peer's state: s0@group-5BD3E7F27A57:t46, leader=null, voted=null, raftlog=s0@group-5BD3E7F27A57-SegmentedRaftLog:OPENED:c3,f4,i4, conf=3: [s0:0.0.0.0:41468, s1:0.0.0.0:41619, s2:0.0.0.0:44382], old=null
2019-09-26 09:49:02,561 WARN  ratis.RaftTestUtil (JavaUtils.java:attempt(158)) - FAILED "waitForLeader-null-(expectLeader? true)", attempt #21/100: java.lang.IllegalStateException: No leader yet : printing ALL groups
  s0:  RUNNING  FOLLOWER s0@group-5BD3E7F27A57:t46, leader=null, voted=null, raftlog=s0@group-5BD3E7F27A57-SegmentedRaftLog:OPENED:c3,f4,i4, conf=3: [s0:0.0.0.0:41468, s1:0.0.0.0:41619, s2:0.0.0.0:44382], old=null RUNNING
  s1:  RUNNING CANDIDATE s1@group-5BD3E7F27A57:t46, leader=null, voted=s1, raftlog=s1@group-5BD3E7F27A57-SegmentedRaftLog:OPENED:c2,f3,i3, conf=2: [s0:0.0.0.0:41468, s1:0.0.0.0:41619, s2:0.0.0.0:44382], old=null RUNNING
  s2:  RUNNING CANDIDATE s2@group-5BD3E7F27A57:t46, leader=null, voted=s2, raftlog=s2@group-5BD3E7F27A57-SegmentedRaftLog:OPENED:c1,f3,i3, conf=3: [s0:0.0.0.0:41468, s1:0.0.0.0:41619, s2:0.0.0.0:44382], old=null RUNNING, sleep 450ms and then retry.
java.lang.IllegalStateException: No leader yet : printing ALL groups
  s0:  RUNNING  FOLLOWER s0@group-5BD3E7F27A57:t46, leader=null, voted=null, raftlog=s0@group-5BD3E7F27A57-SegmentedRaftLog:OPENED:c3,f4,i4, conf=3: [s0:0.0.0.0:41468, s1:0.0.0.0:41619, s2:0.0.0.0:44382], old=null RUNNING
  s1:  RUNNING CANDIDATE s1@group-5BD3E7F27A57:t46, leader=null, voted=s1, raftlog=s1@group-5BD3E7F27A57-SegmentedRaftLog:OPENED:c2,f3,i3, conf=2: [s0:0.0.0.0:41468, s1:0.0.0.0:41619, s2:0.0.0.0:44382], old=null RUNNING
  s2:  RUNNING CANDIDATE s2@group-5BD3E7F27A57:t46, leader=null, voted=s2, raftlog=s2@group-5BD3E7F27A57-SegmentedRaftLog:OPENED:c1,f3,i3, conf=3: [s0:0.0.0.0:41468, s1:0.0.0.0:41619, s2:0.0.0.0:44382], old=null RUNNING
	at org.apache.ratis.MiniRaftCluster.newIllegalStateExceptionForNoLeaders(MiniRaftCluster.java:506)
	at org.apache.ratis.RaftTestUtil.lambda$waitForLeader$1(RaftTestUtil.java:90)
	at org.apache.ratis.MiniRaftCluster.getLeader(MiniRaftCluster.java:539)
	at org.apache.ratis.MiniRaftCluster.getLeader(MiniRaftCluster.java:532)
	at org.apache.ratis.RaftTestUtil.lambda$waitForLeader$3(RaftTestUtil.java:98)
	at org.apache.ratis.util.JavaUtils.attempt(JavaUtils.java:152)
	at org.apache.ratis.RaftTestUtil.waitForLeader(RaftTestUtil.java:97)
	at org.apache.ratis.RaftTestUtil.waitForLeader(RaftTestUtil.java:77)
	at org.apache.ratis.RaftTestUtil.waitForLeader(RaftTestUtil.java:72)
	at org.apache.ratis.RaftTestUtil.lambda$changeLeader$7(RaftTestUtil.java:363)
	at org.apache.ratis.util.JavaUtils.attempt(JavaUtils.java:152)
	at org.apache.ratis.RaftTestUtil.changeLeader(RaftTestUtil.java:362)
	at org.apache.ratis.server.impl.LeaderElectionTests.testChangeLeader(LeaderElectionTests.java:81)
	at sun.reflect.NativeMethodAccessorImpl.invoke0(Native Method)
	at sun.reflect.NativeMethodAccessorImpl.invoke(NativeMethodAccessorImpl.java:62)
	at sun.reflect.DelegatingMethodAccessorImpl.invoke(DelegatingMethodAccessorImpl.java:43)
	at java.lang.reflect.Method.invoke(Method.java:498)
	at org.junit.runners.model.FrameworkMethod$1.runReflectiveCall(FrameworkMethod.java:50)
	at org.junit.internal.runners.model.ReflectiveCallable.run(ReflectiveCallable.java:12)
	at org.junit.runners.model.FrameworkMethod.invokeExplosively(FrameworkMethod.java:47)
	at org.junit.internal.runners.statements.InvokeMethod.evaluate(InvokeMethod.java:17)
	at org.junit.internal.runners.statements.RunAfters.evaluate(RunAfters.java:27)
	at org.junit.internal.runners.statements.FailOnTimeout$CallableStatement.call(FailOnTimeout.java:298)
	at org.junit.internal.runners.statements.FailOnTimeout$CallableStatement.call(FailOnTimeout.java:292)
	at java.util.concurrent.FutureTask.run(FutureTask.java:266)
	at java.lang.Thread.run(Thread.java:748)
2019-09-26 09:49:02,713 INFO  impl.LeaderElection (LeaderElection.java:logAndReturn(56)) - s2@group-5BD3E7F27A57-LeaderElection52: Election TIMEOUT; received 1 response(s) [s2<-s0#0:FAIL-t46] and 0 exception(s); s2@group-5BD3E7F27A57:t46, leader=null, voted=s2, raftlog=s2@group-5BD3E7F27A57-SegmentedRaftLog:OPENED:c1,f3,i3, conf=3: [s0:0.0.0.0:41468, s1:0.0.0.0:41619, s2:0.0.0.0:44382], old=null
2019-09-26 09:49:02,722 INFO  impl.LeaderElection (LeaderElection.java:logAndReturn(56)) - s1@group-5BD3E7F27A57-LeaderElection53: Election TIMEOUT; received 1 response(s) [s1<-s0#0:FAIL-t46] and 0 exception(s); s1@group-5BD3E7F27A57:t46, leader=null, voted=s1, raftlog=s1@group-5BD3E7F27A57-SegmentedRaftLog:OPENED:c2,f3,i3, conf=2: [s0:0.0.0.0:41468, s1:0.0.0.0:41619, s2:0.0.0.0:44382], old=null
2019-09-26 09:49:02,726 INFO  impl.LeaderElection (LeaderElection.java:askForVotes(178)) - s1@group-5BD3E7F27A57-LeaderElection53: begin an election at term 47 for 2: [s0:0.0.0.0:41468, s1:0.0.0.0:41619, s2:0.0.0.0:44382], old=null
2019-09-26 09:49:02,726 INFO  impl.LeaderElection (LeaderElection.java:askForVotes(178)) - s2@group-5BD3E7F27A57-LeaderElection52: begin an election at term 47 for 3: [s0:0.0.0.0:41468, s1:0.0.0.0:41619, s2:0.0.0.0:44382], old=null
2019-09-26 09:49:02,727 DEBUG impl.RaftServerImpl (RaftServerImpl.java:requestVote(743)) - s0@group-5BD3E7F27A57: receive requestVote(s1, group-5BD3E7F27A57, 47, (t:3, i:3))
2019-09-26 09:49:02,727 DEBUG impl.RaftServerImpl (RaftServerImpl.java:requestVote(743)) - s0@group-5BD3E7F27A57: receive requestVote(s2, group-5BD3E7F27A57, 47, (t:4, i:3))
2019-09-26 09:49:02,727 INFO  impl.RaftServerImpl (RaftServerImpl.java:setRole(170)) - s0@group-5BD3E7F27A57: changes role from  FOLLOWER to FOLLOWER at term 47 for recognizeCandidate:s1
2019-09-26 09:49:02,728 INFO  impl.RoleInfo (RoleInfo.java:shutdownFollowerState(121)) - s0: shutdown FollowerState
2019-09-26 09:49:02,728 INFO  impl.RoleInfo (RoleInfo.java:updateAndGet(143)) - s0: start FollowerState
2019-09-26 09:49:02,728 INFO  impl.FollowerState (FollowerState.java:run(117)) - s0@group-5BD3E7F27A57-FollowerState was interrupted: java.lang.InterruptedException: sleep interrupted
2019-09-26 09:49:02,746 DEBUG impl.RaftServerImpl (RaftServerImpl.java:requestVote(775)) - s0@group-5BD3E7F27A57 replies to vote request: s1<-s0#0:FAIL-t47. Peer's state: s0@group-5BD3E7F27A57:t47, leader=null, voted=null, raftlog=s0@group-5BD3E7F27A57-SegmentedRaftLog:OPENED:c3,f4,i4, conf=3: [s0:0.0.0.0:41468, s1:0.0.0.0:41619, s2:0.0.0.0:44382], old=null
2019-09-26 09:49:02,747 INFO  impl.RaftServerImpl (RaftServerImpl.java:setRole(170)) - s0@group-5BD3E7F27A57: changes role from  FOLLOWER to FOLLOWER at term 47 for recognizeCandidate:s2
2019-09-26 09:49:02,747 INFO  impl.RoleInfo (RoleInfo.java:shutdownFollowerState(121)) - s0: shutdown FollowerState
2019-09-26 09:49:02,747 INFO  impl.RoleInfo (RoleInfo.java:updateAndGet(143)) - s0: start FollowerState
2019-09-26 09:49:02,747 INFO  impl.FollowerState (FollowerState.java:run(117)) - s0@group-5BD3E7F27A57-FollowerState was interrupted: java.lang.InterruptedException: sleep interrupted
2019-09-26 09:49:02,747 DEBUG impl.RaftServerImpl (RaftServerImpl.java:requestVote(775)) - s0@group-5BD3E7F27A57 replies to vote request: s2<-s0#0:FAIL-t47. Peer's state: s0@group-5BD3E7F27A57:t47, leader=null, voted=null, raftlog=s0@group-5BD3E7F27A57-SegmentedRaftLog:OPENED:c3,f4,i4, conf=3: [s0:0.0.0.0:41468, s1:0.0.0.0:41619, s2:0.0.0.0:44382], old=null
2019-09-26 09:49:02,924 INFO  impl.FollowerState (FollowerState.java:run(108)) - s0@group-5BD3E7F27A57-FollowerState: change to CANDIDATE, lastRpcTime:177ms, electionTimeout:177ms
2019-09-26 09:49:02,925 INFO  impl.RoleInfo (RoleInfo.java:shutdownFollowerState(121)) - s0: shutdown FollowerState
2019-09-26 09:49:02,925 INFO  impl.RaftServerImpl (RaftServerImpl.java:setRole(170)) - s0@group-5BD3E7F27A57: changes role from  FOLLOWER to CANDIDATE at term 47 for changeToCandidate
2019-09-26 09:49:02,925 INFO  impl.RoleInfo (RoleInfo.java:updateAndGet(143)) - s0: start LeaderElection
2019-09-26 09:49:02,938 INFO  impl.LeaderElection (LeaderElection.java:askForVotes(178)) - s0@group-5BD3E7F27A57-LeaderElection54: begin an election at term 48 for 3: [s0:0.0.0.0:41468, s1:0.0.0.0:41619, s2:0.0.0.0:44382], old=null
2019-09-26 09:49:02,979 INFO  impl.LeaderElection (LeaderElection.java:logAndReturn(56)) - s2@group-5BD3E7F27A57-LeaderElection52: Election TIMEOUT; received 1 response(s) [s2<-s0#0:FAIL-t47] and 0 exception(s); s2@group-5BD3E7F27A57:t47, leader=null, voted=s2, raftlog=s2@group-5BD3E7F27A57-SegmentedRaftLog:OPENED:c1,f3,i3, conf=3: [s0:0.0.0.0:41468, s1:0.0.0.0:41619, s2:0.0.0.0:44382], old=null
2019-09-26 09:49:02,992 INFO  impl.LeaderElection (LeaderElection.java:askForVotes(178)) - s2@group-5BD3E7F27A57-LeaderElection52: begin an election at term 48 for 3: [s0:0.0.0.0:41468, s1:0.0.0.0:41619, s2:0.0.0.0:44382], old=null
2019-09-26 09:49:02,993 DEBUG impl.RaftServerImpl (RaftServerImpl.java:requestVote(743)) - s0@group-5BD3E7F27A57: receive requestVote(s2, group-5BD3E7F27A57, 48, (t:4, i:3))
2019-09-26 09:49:02,993 DEBUG impl.RaftServerImpl (RaftServerImpl.java:requestVote(775)) - s0@group-5BD3E7F27A57 replies to vote request: s2<-s0#0:FAIL-t48. Peer's state: s0@group-5BD3E7F27A57:t48, leader=null, voted=s0, raftlog=s0@group-5BD3E7F27A57-SegmentedRaftLog:OPENED:c3,f4,i4, conf=3: [s0:0.0.0.0:41468, s1:0.0.0.0:41619, s2:0.0.0.0:44382], old=null
2019-09-26 09:49:03,012 WARN  ratis.RaftTestUtil (JavaUtils.java:attempt(158)) - FAILED "waitForLeader-null-(expectLeader? true)", attempt #22/100: java.lang.IllegalStateException: No leader yet : printing ALL groups
  s0:  RUNNING CANDIDATE s0@group-5BD3E7F27A57:t48, leader=null, voted=s0, raftlog=s0@group-5BD3E7F27A57-SegmentedRaftLog:OPENED:c3,f4,i4, conf=3: [s0:0.0.0.0:41468, s1:0.0.0.0:41619, s2:0.0.0.0:44382], old=null RUNNING
  s1:  RUNNING CANDIDATE s1@group-5BD3E7F27A57:t47, leader=null, voted=s1, raftlog=s1@group-5BD3E7F27A57-SegmentedRaftLog:OPENED:c2,f3,i3, conf=2: [s0:0.0.0.0:41468, s1:0.0.0.0:41619, s2:0.0.0.0:44382], old=null RUNNING
  s2:  RUNNING CANDIDATE s2@group-5BD3E7F27A57:t48, leader=null, voted=s2, raftlog=s2@group-5BD3E7F27A57-SegmentedRaftLog:OPENED:c1,f3,i3, conf=3: [s0:0.0.0.0:41468, s1:0.0.0.0:41619, s2:0.0.0.0:44382], old=null RUNNING, sleep 450ms and then retry.
java.lang.IllegalStateException: No leader yet : printing ALL groups
  s0:  RUNNING CANDIDATE s0@group-5BD3E7F27A57:t48, leader=null, voted=s0, raftlog=s0@group-5BD3E7F27A57-SegmentedRaftLog:OPENED:c3,f4,i4, conf=3: [s0:0.0.0.0:41468, s1:0.0.0.0:41619, s2:0.0.0.0:44382], old=null RUNNING
  s1:  RUNNING CANDIDATE s1@group-5BD3E7F27A57:t47, leader=null, voted=s1, raftlog=s1@group-5BD3E7F27A57-SegmentedRaftLog:OPENED:c2,f3,i3, conf=2: [s0:0.0.0.0:41468, s1:0.0.0.0:41619, s2:0.0.0.0:44382], old=null RUNNING
  s2:  RUNNING CANDIDATE s2@group-5BD3E7F27A57:t48, leader=null, voted=s2, raftlog=s2@group-5BD3E7F27A57-SegmentedRaftLog:OPENED:c1,f3,i3, conf=3: [s0:0.0.0.0:41468, s1:0.0.0.0:41619, s2:0.0.0.0:44382], old=null RUNNING
	at org.apache.ratis.MiniRaftCluster.newIllegalStateExceptionForNoLeaders(MiniRaftCluster.java:506)
	at org.apache.ratis.RaftTestUtil.lambda$waitForLeader$1(RaftTestUtil.java:90)
	at org.apache.ratis.MiniRaftCluster.getLeader(MiniRaftCluster.java:539)
	at org.apache.ratis.MiniRaftCluster.getLeader(MiniRaftCluster.java:532)
	at org.apache.ratis.RaftTestUtil.lambda$waitForLeader$3(RaftTestUtil.java:98)
	at org.apache.ratis.util.JavaUtils.attempt(JavaUtils.java:152)
	at org.apache.ratis.RaftTestUtil.waitForLeader(RaftTestUtil.java:97)
	at org.apache.ratis.RaftTestUtil.waitForLeader(RaftTestUtil.java:77)
	at org.apache.ratis.RaftTestUtil.waitForLeader(RaftTestUtil.java:72)
	at org.apache.ratis.RaftTestUtil.lambda$changeLeader$7(RaftTestUtil.java:363)
	at org.apache.ratis.util.JavaUtils.attempt(JavaUtils.java:152)
	at org.apache.ratis.RaftTestUtil.changeLeader(RaftTestUtil.java:362)
	at org.apache.ratis.server.impl.LeaderElectionTests.testChangeLeader(LeaderElectionTests.java:81)
	at sun.reflect.NativeMethodAccessorImpl.invoke0(Native Method)
	at sun.reflect.NativeMethodAccessorImpl.invoke(NativeMethodAccessorImpl.java:62)
	at sun.reflect.DelegatingMethodAccessorImpl.invoke(DelegatingMethodAccessorImpl.java:43)
	at java.lang.reflect.Method.invoke(Method.java:498)
	at org.junit.runners.model.FrameworkMethod$1.runReflectiveCall(FrameworkMethod.java:50)
	at org.junit.internal.runners.model.ReflectiveCallable.run(ReflectiveCallable.java:12)
	at org.junit.runners.model.FrameworkMethod.invokeExplosively(FrameworkMethod.java:47)
	at org.junit.internal.runners.statements.InvokeMethod.evaluate(InvokeMethod.java:17)
	at org.junit.internal.runners.statements.RunAfters.evaluate(RunAfters.java:27)
	at org.junit.internal.runners.statements.FailOnTimeout$CallableStatement.call(FailOnTimeout.java:298)
	at org.junit.internal.runners.statements.FailOnTimeout$CallableStatement.call(FailOnTimeout.java:292)
	at java.util.concurrent.FutureTask.run(FutureTask.java:266)
	at java.lang.Thread.run(Thread.java:748)
2019-09-26 09:49:03,023 INFO  impl.LeaderElection (LeaderElection.java:logAndReturn(56)) - s1@group-5BD3E7F27A57-LeaderElection53: Election TIMEOUT; received 1 response(s) [s1<-s0#0:FAIL-t47] and 0 exception(s); s1@group-5BD3E7F27A57:t47, leader=null, voted=s1, raftlog=s1@group-5BD3E7F27A57-SegmentedRaftLog:OPENED:c2,f3,i3, conf=2: [s0:0.0.0.0:41468, s1:0.0.0.0:41619, s2:0.0.0.0:44382], old=null
2019-09-26 09:49:03,036 INFO  impl.LeaderElection (LeaderElection.java:askForVotes(178)) - s1@group-5BD3E7F27A57-LeaderElection53: begin an election at term 48 for 2: [s0:0.0.0.0:41468, s1:0.0.0.0:41619, s2:0.0.0.0:44382], old=null
2019-09-26 09:49:03,037 DEBUG impl.RaftServerImpl (RaftServerImpl.java:requestVote(743)) - s0@group-5BD3E7F27A57: receive requestVote(s1, group-5BD3E7F27A57, 48, (t:3, i:3))
2019-09-26 09:49:03,038 DEBUG impl.RaftServerImpl (RaftServerImpl.java:requestVote(775)) - s0@group-5BD3E7F27A57 replies to vote request: s1<-s0#0:FAIL-t48. Peer's state: s0@group-5BD3E7F27A57:t48, leader=null, voted=s0, raftlog=s0@group-5BD3E7F27A57-SegmentedRaftLog:OPENED:c3,f4,i4, conf=3: [s0:0.0.0.0:41468, s1:0.0.0.0:41619, s2:0.0.0.0:44382], old=null
2019-09-26 09:49:03,176 INFO  impl.LeaderElection (LeaderElection.java:logAndReturn(56)) - s0@group-5BD3E7F27A57-LeaderElection54: Election TIMEOUT; received 0 response(s) [] and 0 exception(s); s0@group-5BD3E7F27A57:t48, leader=null, voted=s0, raftlog=s0@group-5BD3E7F27A57-SegmentedRaftLog:OPENED:c3,f4,i4, conf=3: [s0:0.0.0.0:41468, s1:0.0.0.0:41619, s2:0.0.0.0:44382], old=null
2019-09-26 09:49:03,190 INFO  impl.LeaderElection (LeaderElection.java:askForVotes(178)) - s0@group-5BD3E7F27A57-LeaderElection54: begin an election at term 49 for 3: [s0:0.0.0.0:41468, s1:0.0.0.0:41619, s2:0.0.0.0:44382], old=null
2019-09-26 09:49:03,214 INFO  impl.LeaderElection (LeaderElection.java:logAndReturn(56)) - s1@group-5BD3E7F27A57-LeaderElection53: Election TIMEOUT; received 1 response(s) [s1<-s0#0:FAIL-t48] and 0 exception(s); s1@group-5BD3E7F27A57:t48, leader=null, voted=s1, raftlog=s1@group-5BD3E7F27A57-SegmentedRaftLog:OPENED:c2,f3,i3, conf=2: [s0:0.0.0.0:41468, s1:0.0.0.0:41619, s2:0.0.0.0:44382], old=null
2019-09-26 09:49:03,228 INFO  impl.LeaderElection (LeaderElection.java:askForVotes(178)) - s1@group-5BD3E7F27A57-LeaderElection53: begin an election at term 49 for 2: [s0:0.0.0.0:41468, s1:0.0.0.0:41619, s2:0.0.0.0:44382], old=null
2019-09-26 09:49:03,228 DEBUG impl.RaftServerImpl (RaftServerImpl.java:requestVote(743)) - s0@group-5BD3E7F27A57: receive requestVote(s1, group-5BD3E7F27A57, 49, (t:3, i:3))
2019-09-26 09:49:03,228 DEBUG impl.RaftServerImpl (RaftServerImpl.java:requestVote(775)) - s0@group-5BD3E7F27A57 replies to vote request: s1<-s0#0:FAIL-t49. Peer's state: s0@group-5BD3E7F27A57:t49, leader=null, voted=s0, raftlog=s0@group-5BD3E7F27A57-SegmentedRaftLog:OPENED:c3,f4,i4, conf=3: [s0:0.0.0.0:41468, s1:0.0.0.0:41619, s2:0.0.0.0:44382], old=null
2019-09-26 09:49:03,235 INFO  impl.LeaderElection (LeaderElection.java:logAndReturn(56)) - s2@group-5BD3E7F27A57-LeaderElection52: Election TIMEOUT; received 1 response(s) [s2<-s0#0:FAIL-t48] and 0 exception(s); s2@group-5BD3E7F27A57:t48, leader=null, voted=s2, raftlog=s2@group-5BD3E7F27A57-SegmentedRaftLog:OPENED:c1,f3,i3, conf=3: [s0:0.0.0.0:41468, s1:0.0.0.0:41619, s2:0.0.0.0:44382], old=null
2019-09-26 09:49:03,248 INFO  impl.LeaderElection (LeaderElection.java:askForVotes(178)) - s2@group-5BD3E7F27A57-LeaderElection52: begin an election at term 49 for 3: [s0:0.0.0.0:41468, s1:0.0.0.0:41619, s2:0.0.0.0:44382], old=null
2019-09-26 09:49:03,249 DEBUG impl.RaftServerImpl (RaftServerImpl.java:requestVote(743)) - s0@group-5BD3E7F27A57: receive requestVote(s2, group-5BD3E7F27A57, 49, (t:4, i:3))
2019-09-26 09:49:03,249 DEBUG impl.RaftServerImpl (RaftServerImpl.java:requestVote(775)) - s0@group-5BD3E7F27A57 replies to vote request: s2<-s0#0:FAIL-t49. Peer's state: s0@group-5BD3E7F27A57:t49, leader=null, voted=s0, raftlog=s0@group-5BD3E7F27A57-SegmentedRaftLog:OPENED:c3,f4,i4, conf=3: [s0:0.0.0.0:41468, s1:0.0.0.0:41619, s2:0.0.0.0:44382], old=null
2019-09-26 09:49:03,430 INFO  impl.LeaderElection (LeaderElection.java:logAndReturn(56)) - s0@group-5BD3E7F27A57-LeaderElection54: Election TIMEOUT; received 0 response(s) [] and 0 exception(s); s0@group-5BD3E7F27A57:t49, leader=null, voted=s0, raftlog=s0@group-5BD3E7F27A57-SegmentedRaftLog:OPENED:c3,f4,i4, conf=3: [s0:0.0.0.0:41468, s1:0.0.0.0:41619, s2:0.0.0.0:44382], old=null
2019-09-26 09:49:03,443 INFO  impl.LeaderElection (LeaderElection.java:askForVotes(178)) - s0@group-5BD3E7F27A57-LeaderElection54: begin an election at term 50 for 3: [s0:0.0.0.0:41468, s1:0.0.0.0:41619, s2:0.0.0.0:44382], old=null
2019-09-26 09:49:03,464 WARN  ratis.RaftTestUtil (JavaUtils.java:attempt(158)) - FAILED "waitForLeader-null-(expectLeader? true)", attempt #23/100: java.lang.IllegalStateException: No leader yet : printing ALL groups
  s0:  RUNNING CANDIDATE s0@group-5BD3E7F27A57:t50, leader=null, voted=s0, raftlog=s0@group-5BD3E7F27A57-SegmentedRaftLog:OPENED:c3,f4,i4, conf=3: [s0:0.0.0.0:41468, s1:0.0.0.0:41619, s2:0.0.0.0:44382], old=null RUNNING
  s1:  RUNNING CANDIDATE s1@group-5BD3E7F27A57:t49, leader=null, voted=s1, raftlog=s1@group-5BD3E7F27A57-SegmentedRaftLog:OPENED:c2,f3,i3, conf=2: [s0:0.0.0.0:41468, s1:0.0.0.0:41619, s2:0.0.0.0:44382], old=null RUNNING
  s2:  RUNNING CANDIDATE s2@group-5BD3E7F27A57:t49, leader=null, voted=s2, raftlog=s2@group-5BD3E7F27A57-SegmentedRaftLog:OPENED:c1,f3,i3, conf=3: [s0:0.0.0.0:41468, s1:0.0.0.0:41619, s2:0.0.0.0:44382], old=null RUNNING, sleep 450ms and then retry.
java.lang.IllegalStateException: No leader yet : printing ALL groups
  s0:  RUNNING CANDIDATE s0@group-5BD3E7F27A57:t50, leader=null, voted=s0, raftlog=s0@group-5BD3E7F27A57-SegmentedRaftLog:OPENED:c3,f4,i4, conf=3: [s0:0.0.0.0:41468, s1:0.0.0.0:41619, s2:0.0.0.0:44382], old=null RUNNING
  s1:  RUNNING CANDIDATE s1@group-5BD3E7F27A57:t49, leader=null, voted=s1, raftlog=s1@group-5BD3E7F27A57-SegmentedRaftLog:OPENED:c2,f3,i3, conf=2: [s0:0.0.0.0:41468, s1:0.0.0.0:41619, s2:0.0.0.0:44382], old=null RUNNING
  s2:  RUNNING CANDIDATE s2@group-5BD3E7F27A57:t49, leader=null, voted=s2, raftlog=s2@group-5BD3E7F27A57-SegmentedRaftLog:OPENED:c1,f3,i3, conf=3: [s0:0.0.0.0:41468, s1:0.0.0.0:41619, s2:0.0.0.0:44382], old=null RUNNING
	at org.apache.ratis.MiniRaftCluster.newIllegalStateExceptionForNoLeaders(MiniRaftCluster.java:506)
	at org.apache.ratis.RaftTestUtil.lambda$waitForLeader$1(RaftTestUtil.java:90)
	at org.apache.ratis.MiniRaftCluster.getLeader(MiniRaftCluster.java:539)
	at org.apache.ratis.MiniRaftCluster.getLeader(MiniRaftCluster.java:532)
	at org.apache.ratis.RaftTestUtil.lambda$waitForLeader$3(RaftTestUtil.java:98)
	at org.apache.ratis.util.JavaUtils.attempt(JavaUtils.java:152)
	at org.apache.ratis.RaftTestUtil.waitForLeader(RaftTestUtil.java:97)
	at org.apache.ratis.RaftTestUtil.waitForLeader(RaftTestUtil.java:77)
	at org.apache.ratis.RaftTestUtil.waitForLeader(RaftTestUtil.java:72)
	at org.apache.ratis.RaftTestUtil.lambda$changeLeader$7(RaftTestUtil.java:363)
	at org.apache.ratis.util.JavaUtils.attempt(JavaUtils.java:152)
	at org.apache.ratis.RaftTestUtil.changeLeader(RaftTestUtil.java:362)
	at org.apache.ratis.server.impl.LeaderElectionTests.testChangeLeader(LeaderElectionTests.java:81)
	at sun.reflect.NativeMethodAccessorImpl.invoke0(Native Method)
	at sun.reflect.NativeMethodAccessorImpl.invoke(NativeMethodAccessorImpl.java:62)
	at sun.reflect.DelegatingMethodAccessorImpl.invoke(DelegatingMethodAccessorImpl.java:43)
	at java.lang.reflect.Method.invoke(Method.java:498)
	at org.junit.runners.model.FrameworkMethod$1.runReflectiveCall(FrameworkMethod.java:50)
	at org.junit.internal.runners.model.ReflectiveCallable.run(ReflectiveCallable.java:12)
	at org.junit.runners.model.FrameworkMethod.invokeExplosively(FrameworkMethod.java:47)
	at org.junit.internal.runners.statements.InvokeMethod.evaluate(InvokeMethod.java:17)
	at org.junit.internal.runners.statements.RunAfters.evaluate(RunAfters.java:27)
	at org.junit.internal.runners.statements.FailOnTimeout$CallableStatement.call(FailOnTimeout.java:298)
	at org.junit.internal.runners.statements.FailOnTimeout$CallableStatement.call(FailOnTimeout.java:292)
	at java.util.concurrent.FutureTask.run(FutureTask.java:266)
	at java.lang.Thread.run(Thread.java:748)
2019-09-26 09:49:03,488 INFO  impl.LeaderElection (LeaderElection.java:logAndReturn(56)) - s1@group-5BD3E7F27A57-LeaderElection53: Election TIMEOUT; received 1 response(s) [s1<-s0#0:FAIL-t49] and 0 exception(s); s1@group-5BD3E7F27A57:t49, leader=null, voted=s1, raftlog=s1@group-5BD3E7F27A57-SegmentedRaftLog:OPENED:c2,f3,i3, conf=2: [s0:0.0.0.0:41468, s1:0.0.0.0:41619, s2:0.0.0.0:44382], old=null
2019-09-26 09:49:03,501 INFO  impl.LeaderElection (LeaderElection.java:askForVotes(178)) - s1@group-5BD3E7F27A57-LeaderElection53: begin an election at term 50 for 2: [s0:0.0.0.0:41468, s1:0.0.0.0:41619, s2:0.0.0.0:44382], old=null
2019-09-26 09:49:03,502 DEBUG impl.RaftServerImpl (RaftServerImpl.java:requestVote(743)) - s0@group-5BD3E7F27A57: receive requestVote(s1, group-5BD3E7F27A57, 50, (t:3, i:3))
2019-09-26 09:49:03,502 DEBUG impl.RaftServerImpl (RaftServerImpl.java:requestVote(775)) - s0@group-5BD3E7F27A57 replies to vote request: s1<-s0#0:FAIL-t50. Peer's state: s0@group-5BD3E7F27A57:t50, leader=null, voted=s0, raftlog=s0@group-5BD3E7F27A57-SegmentedRaftLog:OPENED:c3,f4,i4, conf=3: [s0:0.0.0.0:41468, s1:0.0.0.0:41619, s2:0.0.0.0:44382], old=null
2019-09-26 09:49:03,533 INFO  impl.LeaderElection (LeaderElection.java:logAndReturn(56)) - s2@group-5BD3E7F27A57-LeaderElection52: Election TIMEOUT; received 1 response(s) [s2<-s0#0:FAIL-t49] and 0 exception(s); s2@group-5BD3E7F27A57:t49, leader=null, voted=s2, raftlog=s2@group-5BD3E7F27A57-SegmentedRaftLog:OPENED:c1,f3,i3, conf=3: [s0:0.0.0.0:41468, s1:0.0.0.0:41619, s2:0.0.0.0:44382], old=null
2019-09-26 09:49:03,546 INFO  impl.LeaderElection (LeaderElection.java:askForVotes(178)) - s2@group-5BD3E7F27A57-LeaderElection52: begin an election at term 50 for 3: [s0:0.0.0.0:41468, s1:0.0.0.0:41619, s2:0.0.0.0:44382], old=null
2019-09-26 09:49:03,546 DEBUG impl.RaftServerImpl (RaftServerImpl.java:requestVote(743)) - s0@group-5BD3E7F27A57: receive requestVote(s2, group-5BD3E7F27A57, 50, (t:4, i:3))
2019-09-26 09:49:03,546 DEBUG impl.RaftServerImpl (RaftServerImpl.java:requestVote(775)) - s0@group-5BD3E7F27A57 replies to vote request: s2<-s0#0:FAIL-t50. Peer's state: s0@group-5BD3E7F27A57:t50, leader=null, voted=s0, raftlog=s0@group-5BD3E7F27A57-SegmentedRaftLog:OPENED:c3,f4,i4, conf=3: [s0:0.0.0.0:41468, s1:0.0.0.0:41619, s2:0.0.0.0:44382], old=null
2019-09-26 09:49:03,638 INFO  impl.LeaderElection (LeaderElection.java:logAndReturn(56)) - s0@group-5BD3E7F27A57-LeaderElection54: Election TIMEOUT; received 0 response(s) [] and 0 exception(s); s0@group-5BD3E7F27A57:t50, leader=null, voted=s0, raftlog=s0@group-5BD3E7F27A57-SegmentedRaftLog:OPENED:c3,f4,i4, conf=3: [s0:0.0.0.0:41468, s1:0.0.0.0:41619, s2:0.0.0.0:44382], old=null
2019-09-26 09:49:03,651 INFO  impl.LeaderElection (LeaderElection.java:askForVotes(178)) - s0@group-5BD3E7F27A57-LeaderElection54: begin an election at term 51 for 3: [s0:0.0.0.0:41468, s1:0.0.0.0:41619, s2:0.0.0.0:44382], old=null
2019-09-26 09:49:03,764 INFO  impl.LeaderElection (LeaderElection.java:logAndReturn(56)) - s1@group-5BD3E7F27A57-LeaderElection53: Election TIMEOUT; received 1 response(s) [s1<-s0#0:FAIL-t50] and 0 exception(s); s1@group-5BD3E7F27A57:t50, leader=null, voted=s1, raftlog=s1@group-5BD3E7F27A57-SegmentedRaftLog:OPENED:c2,f3,i3, conf=2: [s0:0.0.0.0:41468, s1:0.0.0.0:41619, s2:0.0.0.0:44382], old=null
2019-09-26 09:49:03,783 INFO  impl.LeaderElection (LeaderElection.java:askForVotes(178)) - s1@group-5BD3E7F27A57-LeaderElection53: begin an election at term 51 for 2: [s0:0.0.0.0:41468, s1:0.0.0.0:41619, s2:0.0.0.0:44382], old=null
2019-09-26 09:49:03,783 DEBUG impl.RaftServerImpl (RaftServerImpl.java:requestVote(743)) - s0@group-5BD3E7F27A57: receive requestVote(s1, group-5BD3E7F27A57, 51, (t:3, i:3))
2019-09-26 09:49:03,784 DEBUG impl.RaftServerImpl (RaftServerImpl.java:requestVote(775)) - s0@group-5BD3E7F27A57 replies to vote request: s1<-s0#0:FAIL-t51. Peer's state: s0@group-5BD3E7F27A57:t51, leader=null, voted=s0, raftlog=s0@group-5BD3E7F27A57-SegmentedRaftLog:OPENED:c3,f4,i4, conf=3: [s0:0.0.0.0:41468, s1:0.0.0.0:41619, s2:0.0.0.0:44382], old=null
2019-09-26 09:49:03,809 INFO  impl.LeaderElection (LeaderElection.java:logAndReturn(56)) - s2@group-5BD3E7F27A57-LeaderElection52: Election TIMEOUT; received 1 response(s) [s2<-s0#0:FAIL-t50] and 0 exception(s); s2@group-5BD3E7F27A57:t50, leader=null, voted=s2, raftlog=s2@group-5BD3E7F27A57-SegmentedRaftLog:OPENED:c1,f3,i3, conf=3: [s0:0.0.0.0:41468, s1:0.0.0.0:41619, s2:0.0.0.0:44382], old=null
2019-09-26 09:49:03,823 INFO  impl.LeaderElection (LeaderElection.java:askForVotes(178)) - s2@group-5BD3E7F27A57-LeaderElection52: begin an election at term 51 for 3: [s0:0.0.0.0:41468, s1:0.0.0.0:41619, s2:0.0.0.0:44382], old=null
2019-09-26 09:49:03,824 DEBUG impl.RaftServerImpl (RaftServerImpl.java:requestVote(743)) - s0@group-5BD3E7F27A57: receive requestVote(s2, group-5BD3E7F27A57, 51, (t:4, i:3))
2019-09-26 09:49:03,824 DEBUG impl.RaftServerImpl (RaftServerImpl.java:requestVote(775)) - s0@group-5BD3E7F27A57 replies to vote request: s2<-s0#0:FAIL-t51. Peer's state: s0@group-5BD3E7F27A57:t51, leader=null, voted=s0, raftlog=s0@group-5BD3E7F27A57-SegmentedRaftLog:OPENED:c3,f4,i4, conf=3: [s0:0.0.0.0:41468, s1:0.0.0.0:41619, s2:0.0.0.0:44382], old=null
2019-09-26 09:49:03,915 WARN  ratis.RaftTestUtil (JavaUtils.java:attempt(158)) - FAILED "waitForLeader-null-(expectLeader? true)", attempt #24/100: java.lang.IllegalStateException: No leader yet : printing ALL groups
  s0:  RUNNING CANDIDATE s0@group-5BD3E7F27A57:t51, leader=null, voted=s0, raftlog=s0@group-5BD3E7F27A57-SegmentedRaftLog:OPENED:c3,f4,i4, conf=3: [s0:0.0.0.0:41468, s1:0.0.0.0:41619, s2:0.0.0.0:44382], old=null RUNNING
  s1:  RUNNING CANDIDATE s1@group-5BD3E7F27A57:t51, leader=null, voted=s1, raftlog=s1@group-5BD3E7F27A57-SegmentedRaftLog:OPENED:c2,f3,i3, conf=2: [s0:0.0.0.0:41468, s1:0.0.0.0:41619, s2:0.0.0.0:44382], old=null RUNNING
  s2:  RUNNING CANDIDATE s2@group-5BD3E7F27A57:t51, leader=null, voted=s2, raftlog=s2@group-5BD3E7F27A57-SegmentedRaftLog:OPENED:c1,f3,i3, conf=3: [s0:0.0.0.0:41468, s1:0.0.0.0:41619, s2:0.0.0.0:44382], old=null RUNNING, sleep 450ms and then retry.
java.lang.IllegalStateException: No leader yet : printing ALL groups
  s0:  RUNNING CANDIDATE s0@group-5BD3E7F27A57:t51, leader=null, voted=s0, raftlog=s0@group-5BD3E7F27A57-SegmentedRaftLog:OPENED:c3,f4,i4, conf=3: [s0:0.0.0.0:41468, s1:0.0.0.0:41619, s2:0.0.0.0:44382], old=null RUNNING
  s1:  RUNNING CANDIDATE s1@group-5BD3E7F27A57:t51, leader=null, voted=s1, raftlog=s1@group-5BD3E7F27A57-SegmentedRaftLog:OPENED:c2,f3,i3, conf=2: [s0:0.0.0.0:41468, s1:0.0.0.0:41619, s2:0.0.0.0:44382], old=null RUNNING
  s2:  RUNNING CANDIDATE s2@group-5BD3E7F27A57:t51, leader=null, voted=s2, raftlog=s2@group-5BD3E7F27A57-SegmentedRaftLog:OPENED:c1,f3,i3, conf=3: [s0:0.0.0.0:41468, s1:0.0.0.0:41619, s2:0.0.0.0:44382], old=null RUNNING
	at org.apache.ratis.MiniRaftCluster.newIllegalStateExceptionForNoLeaders(MiniRaftCluster.java:506)
	at org.apache.ratis.RaftTestUtil.lambda$waitForLeader$1(RaftTestUtil.java:90)
	at org.apache.ratis.MiniRaftCluster.getLeader(MiniRaftCluster.java:539)
	at org.apache.ratis.MiniRaftCluster.getLeader(MiniRaftCluster.java:532)
	at org.apache.ratis.RaftTestUtil.lambda$waitForLeader$3(RaftTestUtil.java:98)
	at org.apache.ratis.util.JavaUtils.attempt(JavaUtils.java:152)
	at org.apache.ratis.RaftTestUtil.waitForLeader(RaftTestUtil.java:97)
	at org.apache.ratis.RaftTestUtil.waitForLeader(RaftTestUtil.java:77)
	at org.apache.ratis.RaftTestUtil.waitForLeader(RaftTestUtil.java:72)
	at org.apache.ratis.RaftTestUtil.lambda$changeLeader$7(RaftTestUtil.java:363)
	at org.apache.ratis.util.JavaUtils.attempt(JavaUtils.java:152)
	at org.apache.ratis.RaftTestUtil.changeLeader(RaftTestUtil.java:362)
	at org.apache.ratis.server.impl.LeaderElectionTests.testChangeLeader(LeaderElectionTests.java:81)
	at sun.reflect.NativeMethodAccessorImpl.invoke0(Native Method)
	at sun.reflect.NativeMethodAccessorImpl.invoke(NativeMethodAccessorImpl.java:62)
	at sun.reflect.DelegatingMethodAccessorImpl.invoke(DelegatingMethodAccessorImpl.java:43)
	at java.lang.reflect.Method.invoke(Method.java:498)
	at org.junit.runners.model.FrameworkMethod$1.runReflectiveCall(FrameworkMethod.java:50)
	at org.junit.internal.runners.model.ReflectiveCallable.run(ReflectiveCallable.java:12)
	at org.junit.runners.model.FrameworkMethod.invokeExplosively(FrameworkMethod.java:47)
	at org.junit.internal.runners.statements.InvokeMethod.evaluate(InvokeMethod.java:17)
	at org.junit.internal.runners.statements.RunAfters.evaluate(RunAfters.java:27)
	at org.junit.internal.runners.statements.FailOnTimeout$CallableStatement.call(FailOnTimeout.java:298)
	at org.junit.internal.runners.statements.FailOnTimeout$CallableStatement.call(FailOnTimeout.java:292)
	at java.util.concurrent.FutureTask.run(FutureTask.java:266)
	at java.lang.Thread.run(Thread.java:748)
2019-09-26 09:49:03,925 INFO  impl.LeaderElection (LeaderElection.java:logAndReturn(56)) - s0@group-5BD3E7F27A57-LeaderElection54: Election TIMEOUT; received 0 response(s) [] and 0 exception(s); s0@group-5BD3E7F27A57:t51, leader=null, voted=s0, raftlog=s0@group-5BD3E7F27A57-SegmentedRaftLog:OPENED:c3,f4,i4, conf=3: [s0:0.0.0.0:41468, s1:0.0.0.0:41619, s2:0.0.0.0:44382], old=null
2019-09-26 09:49:03,938 INFO  impl.LeaderElection (LeaderElection.java:askForVotes(178)) - s0@group-5BD3E7F27A57-LeaderElection54: begin an election at term 52 for 3: [s0:0.0.0.0:41468, s1:0.0.0.0:41619, s2:0.0.0.0:44382], old=null
2019-09-26 09:49:03,946 INFO  impl.LeaderElection (LeaderElection.java:logAndReturn(56)) - s1@group-5BD3E7F27A57-LeaderElection53: Election TIMEOUT; received 1 response(s) [s1<-s0#0:FAIL-t51] and 0 exception(s); s1@group-5BD3E7F27A57:t51, leader=null, voted=s1, raftlog=s1@group-5BD3E7F27A57-SegmentedRaftLog:OPENED:c2,f3,i3, conf=2: [s0:0.0.0.0:41468, s1:0.0.0.0:41619, s2:0.0.0.0:44382], old=null
2019-09-26 09:49:03,960 INFO  impl.LeaderElection (LeaderElection.java:askForVotes(178)) - s1@group-5BD3E7F27A57-LeaderElection53: begin an election at term 52 for 2: [s0:0.0.0.0:41468, s1:0.0.0.0:41619, s2:0.0.0.0:44382], old=null
2019-09-26 09:49:03,960 DEBUG impl.RaftServerImpl (RaftServerImpl.java:requestVote(743)) - s0@group-5BD3E7F27A57: receive requestVote(s1, group-5BD3E7F27A57, 52, (t:3, i:3))
2019-09-26 09:49:03,961 DEBUG impl.RaftServerImpl (RaftServerImpl.java:requestVote(775)) - s0@group-5BD3E7F27A57 replies to vote request: s1<-s0#0:FAIL-t52. Peer's state: s0@group-5BD3E7F27A57:t52, leader=null, voted=s0, raftlog=s0@group-5BD3E7F27A57-SegmentedRaftLog:OPENED:c3,f4,i4, conf=3: [s0:0.0.0.0:41468, s1:0.0.0.0:41619, s2:0.0.0.0:44382], old=null
2019-09-26 09:49:03,999 INFO  impl.LeaderElection (LeaderElection.java:logAndReturn(56)) - s2@group-5BD3E7F27A57-LeaderElection52: Election TIMEOUT; received 1 response(s) [s2<-s0#0:FAIL-t51] and 0 exception(s); s2@group-5BD3E7F27A57:t51, leader=null, voted=s2, raftlog=s2@group-5BD3E7F27A57-SegmentedRaftLog:OPENED:c1,f3,i3, conf=3: [s0:0.0.0.0:41468, s1:0.0.0.0:41619, s2:0.0.0.0:44382], old=null
2019-09-26 09:49:04,012 INFO  impl.LeaderElection (LeaderElection.java:askForVotes(178)) - s2@group-5BD3E7F27A57-LeaderElection52: begin an election at term 52 for 3: [s0:0.0.0.0:41468, s1:0.0.0.0:41619, s2:0.0.0.0:44382], old=null
2019-09-26 09:49:04,013 DEBUG impl.RaftServerImpl (RaftServerImpl.java:requestVote(743)) - s0@group-5BD3E7F27A57: receive requestVote(s2, group-5BD3E7F27A57, 52, (t:4, i:3))
2019-09-26 09:49:04,013 DEBUG impl.RaftServerImpl (RaftServerImpl.java:requestVote(775)) - s0@group-5BD3E7F27A57 replies to vote request: s2<-s0#0:FAIL-t52. Peer's state: s0@group-5BD3E7F27A57:t52, leader=null, voted=s0, raftlog=s0@group-5BD3E7F27A57-SegmentedRaftLog:OPENED:c3,f4,i4, conf=3: [s0:0.0.0.0:41468, s1:0.0.0.0:41619, s2:0.0.0.0:44382], old=null
2019-09-26 09:49:04,192 INFO  impl.LeaderElection (LeaderElection.java:logAndReturn(56)) - s1@group-5BD3E7F27A57-LeaderElection53: Election TIMEOUT; received 1 response(s) [s1<-s0#0:FAIL-t52] and 0 exception(s); s1@group-5BD3E7F27A57:t52, leader=null, voted=s1, raftlog=s1@group-5BD3E7F27A57-SegmentedRaftLog:OPENED:c2,f3,i3, conf=2: [s0:0.0.0.0:41468, s1:0.0.0.0:41619, s2:0.0.0.0:44382], old=null
2019-09-26 09:49:04,205 INFO  impl.LeaderElection (LeaderElection.java:askForVotes(178)) - s1@group-5BD3E7F27A57-LeaderElection53: begin an election at term 53 for 2: [s0:0.0.0.0:41468, s1:0.0.0.0:41619, s2:0.0.0.0:44382], old=null
2019-09-26 09:49:04,206 DEBUG impl.RaftServerImpl (RaftServerImpl.java:requestVote(743)) - s0@group-5BD3E7F27A57: receive requestVote(s1, group-5BD3E7F27A57, 53, (t:3, i:3))
2019-09-26 09:49:04,206 INFO  impl.RaftServerImpl (RaftServerImpl.java:setRole(170)) - s0@group-5BD3E7F27A57: changes role from CANDIDATE to FOLLOWER at term 53 for recognizeCandidate:s1
2019-09-26 09:49:04,206 INFO  impl.RoleInfo (RoleInfo.java:shutdownLeaderElection(134)) - s0: shutdown LeaderElection
2019-09-26 09:49:04,206 INFO  impl.RoleInfo (RoleInfo.java:updateAndGet(143)) - s0: start FollowerState
2019-09-26 09:49:04,220 DEBUG impl.RaftServerImpl (RaftServerImpl.java:requestVote(775)) - s0@group-5BD3E7F27A57 replies to vote request: s1<-s0#0:FAIL-t53. Peer's state: s0@group-5BD3E7F27A57:t53, leader=null, voted=null, raftlog=s0@group-5BD3E7F27A57-SegmentedRaftLog:OPENED:c3,f4,i4, conf=3: [s0:0.0.0.0:41468, s1:0.0.0.0:41619, s2:0.0.0.0:44382], old=null
2019-09-26 09:49:04,222 INFO  impl.LeaderElection (LeaderElection.java:logAndReturn(56)) - s2@group-5BD3E7F27A57-LeaderElection52: Election TIMEOUT; received 1 response(s) [s2<-s0#0:FAIL-t52] and 0 exception(s); s2@group-5BD3E7F27A57:t52, leader=null, voted=s2, raftlog=s2@group-5BD3E7F27A57-SegmentedRaftLog:OPENED:c1,f3,i3, conf=3: [s0:0.0.0.0:41468, s1:0.0.0.0:41619, s2:0.0.0.0:44382], old=null
2019-09-26 09:49:04,226 INFO  impl.LeaderElection (LeaderElection.java:logAndReturn(56)) - s0@group-5BD3E7F27A57-LeaderElection54: Election REJECTED; received 0 response(s) [] and 0 exception(s); s0@group-5BD3E7F27A57:t53, leader=null, voted=null, raftlog=s0@group-5BD3E7F27A57-SegmentedRaftLog:OPENED:c3,f4,i4, conf=3: [s0:0.0.0.0:41468, s1:0.0.0.0:41619, s2:0.0.0.0:44382], old=null
2019-09-26 09:49:04,235 INFO  impl.LeaderElection (LeaderElection.java:askForVotes(178)) - s2@group-5BD3E7F27A57-LeaderElection52: begin an election at term 53 for 3: [s0:0.0.0.0:41468, s1:0.0.0.0:41619, s2:0.0.0.0:44382], old=null
2019-09-26 09:49:04,236 DEBUG impl.RaftServerImpl (RaftServerImpl.java:requestVote(743)) - s0@group-5BD3E7F27A57: receive requestVote(s2, group-5BD3E7F27A57, 53, (t:4, i:3))
2019-09-26 09:49:04,236 INFO  impl.RaftServerImpl (RaftServerImpl.java:setRole(170)) - s0@group-5BD3E7F27A57: changes role from  FOLLOWER to FOLLOWER at term 53 for recognizeCandidate:s2
2019-09-26 09:49:04,236 INFO  impl.RoleInfo (RoleInfo.java:shutdownFollowerState(121)) - s0: shutdown FollowerState
2019-09-26 09:49:04,236 INFO  impl.RoleInfo (RoleInfo.java:updateAndGet(143)) - s0: start FollowerState
2019-09-26 09:49:04,236 INFO  impl.FollowerState (FollowerState.java:run(117)) - s0@group-5BD3E7F27A57-FollowerState was interrupted: java.lang.InterruptedException: sleep interrupted
2019-09-26 09:49:04,236 DEBUG impl.RaftServerImpl (RaftServerImpl.java:requestVote(775)) - s0@group-5BD3E7F27A57 replies to vote request: s2<-s0#0:FAIL-t53. Peer's state: s0@group-5BD3E7F27A57:t53, leader=null, voted=null, raftlog=s0@group-5BD3E7F27A57-SegmentedRaftLog:OPENED:c3,f4,i4, conf=3: [s0:0.0.0.0:41468, s1:0.0.0.0:41619, s2:0.0.0.0:44382], old=null
2019-09-26 09:49:04,359 INFO  impl.LeaderElection (LeaderElection.java:logAndReturn(56)) - s1@group-5BD3E7F27A57-LeaderElection53: Election TIMEOUT; received 1 response(s) [s1<-s0#0:FAIL-t53] and 0 exception(s); s1@group-5BD3E7F27A57:t53, leader=null, voted=s1, raftlog=s1@group-5BD3E7F27A57-SegmentedRaftLog:OPENED:c2,f3,i3, conf=2: [s0:0.0.0.0:41468, s1:0.0.0.0:41619, s2:0.0.0.0:44382], old=null
2019-09-26 09:49:04,366 WARN  ratis.RaftTestUtil (JavaUtils.java:attempt(158)) - FAILED "waitForLeader-null-(expectLeader? true)", attempt #25/100: java.lang.IllegalStateException: No leader yet : printing ALL groups
  s0:  RUNNING  FOLLOWER s0@group-5BD3E7F27A57:t53, leader=null, voted=null, raftlog=s0@group-5BD3E7F27A57-SegmentedRaftLog:OPENED:c3,f4,i4, conf=3: [s0:0.0.0.0:41468, s1:0.0.0.0:41619, s2:0.0.0.0:44382], old=null RUNNING
  s1:  RUNNING CANDIDATE s1@group-5BD3E7F27A57:t54, leader=null, voted=s1, raftlog=s1@group-5BD3E7F27A57-SegmentedRaftLog:OPENED:c2,f3,i3, conf=2: [s0:0.0.0.0:41468, s1:0.0.0.0:41619, s2:0.0.0.0:44382], old=null RUNNING
  s2:  RUNNING CANDIDATE s2@group-5BD3E7F27A57:t53, leader=null, voted=s2, raftlog=s2@group-5BD3E7F27A57-SegmentedRaftLog:OPENED:c1,f3,i3, conf=3: [s0:0.0.0.0:41468, s1:0.0.0.0:41619, s2:0.0.0.0:44382], old=null RUNNING, sleep 450ms and then retry.
java.lang.IllegalStateException: No leader yet : printing ALL groups
  s0:  RUNNING  FOLLOWER s0@group-5BD3E7F27A57:t53, leader=null, voted=null, raftlog=s0@group-5BD3E7F27A57-SegmentedRaftLog:OPENED:c3,f4,i4, conf=3: [s0:0.0.0.0:41468, s1:0.0.0.0:41619, s2:0.0.0.0:44382], old=null RUNNING
  s1:  RUNNING CANDIDATE s1@group-5BD3E7F27A57:t54, leader=null, voted=s1, raftlog=s1@group-5BD3E7F27A57-SegmentedRaftLog:OPENED:c2,f3,i3, conf=2: [s0:0.0.0.0:41468, s1:0.0.0.0:41619, s2:0.0.0.0:44382], old=null RUNNING
  s2:  RUNNING CANDIDATE s2@group-5BD3E7F27A57:t53, leader=null, voted=s2, raftlog=s2@group-5BD3E7F27A57-SegmentedRaftLog:OPENED:c1,f3,i3, conf=3: [s0:0.0.0.0:41468, s1:0.0.0.0:41619, s2:0.0.0.0:44382], old=null RUNNING
	at org.apache.ratis.MiniRaftCluster.newIllegalStateExceptionForNoLeaders(MiniRaftCluster.java:506)
	at org.apache.ratis.RaftTestUtil.lambda$waitForLeader$1(RaftTestUtil.java:90)
	at org.apache.ratis.MiniRaftCluster.getLeader(MiniRaftCluster.java:539)
	at org.apache.ratis.MiniRaftCluster.getLeader(MiniRaftCluster.java:532)
	at org.apache.ratis.RaftTestUtil.lambda$waitForLeader$3(RaftTestUtil.java:98)
	at org.apache.ratis.util.JavaUtils.attempt(JavaUtils.java:152)
	at org.apache.ratis.RaftTestUtil.waitForLeader(RaftTestUtil.java:97)
	at org.apache.ratis.RaftTestUtil.waitForLeader(RaftTestUtil.java:77)
	at org.apache.ratis.RaftTestUtil.waitForLeader(RaftTestUtil.java:72)
	at org.apache.ratis.RaftTestUtil.lambda$changeLeader$7(RaftTestUtil.java:363)
	at org.apache.ratis.util.JavaUtils.attempt(JavaUtils.java:152)
	at org.apache.ratis.RaftTestUtil.changeLeader(RaftTestUtil.java:362)
	at org.apache.ratis.server.impl.LeaderElectionTests.testChangeLeader(LeaderElectionTests.java:81)
	at sun.reflect.NativeMethodAccessorImpl.invoke0(Native Method)
	at sun.reflect.NativeMethodAccessorImpl.invoke(NativeMethodAccessorImpl.java:62)
	at sun.reflect.DelegatingMethodAccessorImpl.invoke(DelegatingMethodAccessorImpl.java:43)
	at java.lang.reflect.Method.invoke(Method.java:498)
	at org.junit.runners.model.FrameworkMethod$1.runReflectiveCall(FrameworkMethod.java:50)
	at org.junit.internal.runners.model.ReflectiveCallable.run(ReflectiveCallable.java:12)
	at org.junit.runners.model.FrameworkMethod.invokeExplosively(FrameworkMethod.java:47)
	at org.junit.internal.runners.statements.InvokeMethod.evaluate(InvokeMethod.java:17)
	at org.junit.internal.runners.statements.RunAfters.evaluate(RunAfters.java:27)
	at org.junit.internal.runners.statements.FailOnTimeout$CallableStatement.call(FailOnTimeout.java:298)
	at org.junit.internal.runners.statements.FailOnTimeout$CallableStatement.call(FailOnTimeout.java:292)
	at java.util.concurrent.FutureTask.run(FutureTask.java:266)
	at java.lang.Thread.run(Thread.java:748)
2019-09-26 09:49:04,372 INFO  impl.LeaderElection (LeaderElection.java:askForVotes(178)) - s1@group-5BD3E7F27A57-LeaderElection53: begin an election at term 54 for 2: [s0:0.0.0.0:41468, s1:0.0.0.0:41619, s2:0.0.0.0:44382], old=null
2019-09-26 09:49:04,372 DEBUG impl.RaftServerImpl (RaftServerImpl.java:requestVote(743)) - s0@group-5BD3E7F27A57: receive requestVote(s1, group-5BD3E7F27A57, 54, (t:3, i:3))
2019-09-26 09:49:04,373 INFO  impl.RaftServerImpl (RaftServerImpl.java:setRole(170)) - s0@group-5BD3E7F27A57: changes role from  FOLLOWER to FOLLOWER at term 54 for recognizeCandidate:s1
2019-09-26 09:49:04,373 INFO  impl.RoleInfo (RoleInfo.java:shutdownFollowerState(121)) - s0: shutdown FollowerState
2019-09-26 09:49:04,373 INFO  impl.RoleInfo (RoleInfo.java:updateAndGet(143)) - s0: start FollowerState
2019-09-26 09:49:04,373 INFO  impl.FollowerState (FollowerState.java:run(117)) - s0@group-5BD3E7F27A57-FollowerState was interrupted: java.lang.InterruptedException: sleep interrupted
2019-09-26 09:49:04,387 DEBUG impl.RaftServerImpl (RaftServerImpl.java:requestVote(775)) - s0@group-5BD3E7F27A57 replies to vote request: s1<-s0#0:FAIL-t54. Peer's state: s0@group-5BD3E7F27A57:t54, leader=null, voted=null, raftlog=s0@group-5BD3E7F27A57-SegmentedRaftLog:OPENED:c3,f4,i4, conf=3: [s0:0.0.0.0:41468, s1:0.0.0.0:41619, s2:0.0.0.0:44382], old=null
2019-09-26 09:49:04,399 INFO  impl.LeaderElection (LeaderElection.java:logAndReturn(56)) - s2@group-5BD3E7F27A57-LeaderElection52: Election TIMEOUT; received 1 response(s) [s2<-s0#0:FAIL-t53] and 0 exception(s); s2@group-5BD3E7F27A57:t53, leader=null, voted=s2, raftlog=s2@group-5BD3E7F27A57-SegmentedRaftLog:OPENED:c1,f3,i3, conf=3: [s0:0.0.0.0:41468, s1:0.0.0.0:41619, s2:0.0.0.0:44382], old=null
2019-09-26 09:49:04,412 INFO  impl.LeaderElection (LeaderElection.java:askForVotes(178)) - s2@group-5BD3E7F27A57-LeaderElection52: begin an election at term 54 for 3: [s0:0.0.0.0:41468, s1:0.0.0.0:41619, s2:0.0.0.0:44382], old=null
2019-09-26 09:49:04,413 DEBUG impl.RaftServerImpl (RaftServerImpl.java:requestVote(743)) - s0@group-5BD3E7F27A57: receive requestVote(s2, group-5BD3E7F27A57, 54, (t:4, i:3))
2019-09-26 09:49:04,413 INFO  impl.RaftServerImpl (RaftServerImpl.java:setRole(170)) - s0@group-5BD3E7F27A57: changes role from  FOLLOWER to FOLLOWER at term 54 for recognizeCandidate:s2
2019-09-26 09:49:04,413 INFO  impl.RoleInfo (RoleInfo.java:shutdownFollowerState(121)) - s0: shutdown FollowerState
2019-09-26 09:49:04,413 INFO  impl.RoleInfo (RoleInfo.java:updateAndGet(143)) - s0: start FollowerState
2019-09-26 09:49:04,413 INFO  impl.FollowerState (FollowerState.java:run(117)) - s0@group-5BD3E7F27A57-FollowerState was interrupted: java.lang.InterruptedException: sleep interrupted
2019-09-26 09:49:04,413 DEBUG impl.RaftServerImpl (RaftServerImpl.java:requestVote(775)) - s0@group-5BD3E7F27A57 replies to vote request: s2<-s0#0:FAIL-t54. Peer's state: s0@group-5BD3E7F27A57:t54, leader=null, voted=null, raftlog=s0@group-5BD3E7F27A57-SegmentedRaftLog:OPENED:c3,f4,i4, conf=3: [s0:0.0.0.0:41468, s1:0.0.0.0:41619, s2:0.0.0.0:44382], old=null
2019-09-26 09:49:04,638 INFO  impl.LeaderElection (LeaderElection.java:logAndReturn(56)) - s1@group-5BD3E7F27A57-LeaderElection53: Election TIMEOUT; received 1 response(s) [s1<-s0#0:FAIL-t54] and 0 exception(s); s1@group-5BD3E7F27A57:t54, leader=null, voted=s1, raftlog=s1@group-5BD3E7F27A57-SegmentedRaftLog:OPENED:c2,f3,i3, conf=2: [s0:0.0.0.0:41468, s1:0.0.0.0:41619, s2:0.0.0.0:44382], old=null
2019-09-26 09:49:04,654 INFO  impl.FollowerState (FollowerState.java:run(108)) - s0@group-5BD3E7F27A57-FollowerState: change to CANDIDATE, lastRpcTime:240ms, electionTimeout:240ms
2019-09-26 09:49:04,654 INFO  impl.RoleInfo (RoleInfo.java:shutdownFollowerState(121)) - s0: shutdown FollowerState
2019-09-26 09:49:04,654 INFO  impl.RaftServerImpl (RaftServerImpl.java:setRole(170)) - s0@group-5BD3E7F27A57: changes role from  FOLLOWER to CANDIDATE at term 54 for changeToCandidate
2019-09-26 09:49:04,654 INFO  impl.RoleInfo (RoleInfo.java:updateAndGet(143)) - s0: start LeaderElection
2019-09-26 09:49:04,656 INFO  impl.LeaderElection (LeaderElection.java:askForVotes(178)) - s1@group-5BD3E7F27A57-LeaderElection53: begin an election at term 55 for 2: [s0:0.0.0.0:41468, s1:0.0.0.0:41619, s2:0.0.0.0:44382], old=null
2019-09-26 09:49:04,657 DEBUG impl.RaftServerImpl (RaftServerImpl.java:requestVote(743)) - s0@group-5BD3E7F27A57: receive requestVote(s1, group-5BD3E7F27A57, 55, (t:3, i:3))
2019-09-26 09:49:04,658 INFO  impl.LeaderElection (LeaderElection.java:askForVotes(178)) - s0@group-5BD3E7F27A57-LeaderElection55: begin an election at term 55 for 3: [s0:0.0.0.0:41468, s1:0.0.0.0:41619, s2:0.0.0.0:44382], old=null
2019-09-26 09:49:04,658 DEBUG impl.RaftServerImpl (RaftServerImpl.java:requestVote(775)) - s0@group-5BD3E7F27A57 replies to vote request: s1<-s0#0:FAIL-t55. Peer's state: s0@group-5BD3E7F27A57:t55, leader=null, voted=s0, raftlog=s0@group-5BD3E7F27A57-SegmentedRaftLog:OPENED:c3,f4,i4, conf=3: [s0:0.0.0.0:41468, s1:0.0.0.0:41619, s2:0.0.0.0:44382], old=null
2019-09-26 09:49:04,703 INFO  impl.LeaderElection (LeaderElection.java:logAndReturn(56)) - s2@group-5BD3E7F27A57-LeaderElection52: Election TIMEOUT; received 1 response(s) [s2<-s0#0:FAIL-t54] and 0 exception(s); s2@group-5BD3E7F27A57:t54, leader=null, voted=s2, raftlog=s2@group-5BD3E7F27A57-SegmentedRaftLog:OPENED:c1,f3,i3, conf=3: [s0:0.0.0.0:41468, s1:0.0.0.0:41619, s2:0.0.0.0:44382], old=null
2019-09-26 09:49:04,716 INFO  impl.LeaderElection (LeaderElection.java:askForVotes(178)) - s2@group-5BD3E7F27A57-LeaderElection52: begin an election at term 55 for 3: [s0:0.0.0.0:41468, s1:0.0.0.0:41619, s2:0.0.0.0:44382], old=null
2019-09-26 09:49:04,717 DEBUG impl.RaftServerImpl (RaftServerImpl.java:requestVote(743)) - s0@group-5BD3E7F27A57: receive requestVote(s2, group-5BD3E7F27A57, 55, (t:4, i:3))
2019-09-26 09:49:04,717 DEBUG impl.RaftServerImpl (RaftServerImpl.java:requestVote(775)) - s0@group-5BD3E7F27A57 replies to vote request: s2<-s0#0:FAIL-t55. Peer's state: s0@group-5BD3E7F27A57:t55, leader=null, voted=s0, raftlog=s0@group-5BD3E7F27A57-SegmentedRaftLog:OPENED:c3,f4,i4, conf=3: [s0:0.0.0.0:41468, s1:0.0.0.0:41619, s2:0.0.0.0:44382], old=null
2019-09-26 09:49:04,817 WARN  ratis.RaftTestUtil (JavaUtils.java:attempt(158)) - FAILED "waitForLeader-null-(expectLeader? true)", attempt #26/100: java.lang.IllegalStateException: No leader yet : printing ALL groups
  s0:  RUNNING CANDIDATE s0@group-5BD3E7F27A57:t55, leader=null, voted=s0, raftlog=s0@group-5BD3E7F27A57-SegmentedRaftLog:OPENED:c3,f4,i4, conf=3: [s0:0.0.0.0:41468, s1:0.0.0.0:41619, s2:0.0.0.0:44382], old=null RUNNING
  s1:  RUNNING CANDIDATE s1@group-5BD3E7F27A57:t55, leader=null, voted=s1, raftlog=s1@group-5BD3E7F27A57-SegmentedRaftLog:OPENED:c2,f3,i3, conf=2: [s0:0.0.0.0:41468, s1:0.0.0.0:41619, s2:0.0.0.0:44382], old=null RUNNING
  s2:  RUNNING CANDIDATE s2@group-5BD3E7F27A57:t55, leader=null, voted=s2, raftlog=s2@group-5BD3E7F27A57-SegmentedRaftLog:OPENED:c1,f3,i3, conf=3: [s0:0.0.0.0:41468, s1:0.0.0.0:41619, s2:0.0.0.0:44382], old=null RUNNING, sleep 450ms and then retry.
java.lang.IllegalStateException: No leader yet : printing ALL groups
  s0:  RUNNING CANDIDATE s0@group-5BD3E7F27A57:t55, leader=null, voted=s0, raftlog=s0@group-5BD3E7F27A57-SegmentedRaftLog:OPENED:c3,f4,i4, conf=3: [s0:0.0.0.0:41468, s1:0.0.0.0:41619, s2:0.0.0.0:44382], old=null RUNNING
  s1:  RUNNING CANDIDATE s1@group-5BD3E7F27A57:t55, leader=null, voted=s1, raftlog=s1@group-5BD3E7F27A57-SegmentedRaftLog:OPENED:c2,f3,i3, conf=2: [s0:0.0.0.0:41468, s1:0.0.0.0:41619, s2:0.0.0.0:44382], old=null RUNNING
  s2:  RUNNING CANDIDATE s2@group-5BD3E7F27A57:t55, leader=null, voted=s2, raftlog=s2@group-5BD3E7F27A57-SegmentedRaftLog:OPENED:c1,f3,i3, conf=3: [s0:0.0.0.0:41468, s1:0.0.0.0:41619, s2:0.0.0.0:44382], old=null RUNNING
	at org.apache.ratis.MiniRaftCluster.newIllegalStateExceptionForNoLeaders(MiniRaftCluster.java:506)
	at org.apache.ratis.RaftTestUtil.lambda$waitForLeader$1(RaftTestUtil.java:90)
	at org.apache.ratis.MiniRaftCluster.getLeader(MiniRaftCluster.java:539)
	at org.apache.ratis.MiniRaftCluster.getLeader(MiniRaftCluster.java:532)
	at org.apache.ratis.RaftTestUtil.lambda$waitForLeader$3(RaftTestUtil.java:98)
	at org.apache.ratis.util.JavaUtils.attempt(JavaUtils.java:152)
	at org.apache.ratis.RaftTestUtil.waitForLeader(RaftTestUtil.java:97)
	at org.apache.ratis.RaftTestUtil.waitForLeader(RaftTestUtil.java:77)
	at org.apache.ratis.RaftTestUtil.waitForLeader(RaftTestUtil.java:72)
	at org.apache.ratis.RaftTestUtil.lambda$changeLeader$7(RaftTestUtil.java:363)
	at org.apache.ratis.util.JavaUtils.attempt(JavaUtils.java:152)
	at org.apache.ratis.RaftTestUtil.changeLeader(RaftTestUtil.java:362)
	at org.apache.ratis.server.impl.LeaderElectionTests.testChangeLeader(LeaderElectionTests.java:81)
	at sun.reflect.NativeMethodAccessorImpl.invoke0(Native Method)
	at sun.reflect.NativeMethodAccessorImpl.invoke(NativeMethodAccessorImpl.java:62)
	at sun.reflect.DelegatingMethodAccessorImpl.invoke(DelegatingMethodAccessorImpl.java:43)
	at java.lang.reflect.Method.invoke(Method.java:498)
	at org.junit.runners.model.FrameworkMethod$1.runReflectiveCall(FrameworkMethod.java:50)
	at org.junit.internal.runners.model.ReflectiveCallable.run(ReflectiveCallable.java:12)
	at org.junit.runners.model.FrameworkMethod.invokeExplosively(FrameworkMethod.java:47)
	at org.junit.internal.runners.statements.InvokeMethod.evaluate(InvokeMethod.java:17)
	at org.junit.internal.runners.statements.RunAfters.evaluate(RunAfters.java:27)
	at org.junit.internal.runners.statements.FailOnTimeout$CallableStatement.call(FailOnTimeout.java:298)
	at org.junit.internal.runners.statements.FailOnTimeout$CallableStatement.call(FailOnTimeout.java:292)
	at java.util.concurrent.FutureTask.run(FutureTask.java:266)
	at java.lang.Thread.run(Thread.java:748)
2019-09-26 09:49:04,923 INFO  impl.LeaderElection (LeaderElection.java:logAndReturn(56)) - s2@group-5BD3E7F27A57-LeaderElection52: Election TIMEOUT; received 1 response(s) [s2<-s0#0:FAIL-t55] and 0 exception(s); s2@group-5BD3E7F27A57:t55, leader=null, voted=s2, raftlog=s2@group-5BD3E7F27A57-SegmentedRaftLog:OPENED:c1,f3,i3, conf=3: [s0:0.0.0.0:41468, s1:0.0.0.0:41619, s2:0.0.0.0:44382], old=null
2019-09-26 09:49:04,927 INFO  impl.LeaderElection (LeaderElection.java:logAndReturn(56)) - s0@group-5BD3E7F27A57-LeaderElection55: Election TIMEOUT; received 0 response(s) [] and 0 exception(s); s0@group-5BD3E7F27A57:t55, leader=null, voted=s0, raftlog=s0@group-5BD3E7F27A57-SegmentedRaftLog:OPENED:c3,f4,i4, conf=3: [s0:0.0.0.0:41468, s1:0.0.0.0:41619, s2:0.0.0.0:44382], old=null
2019-09-26 09:49:04,932 INFO  impl.LeaderElection (LeaderElection.java:askForVotes(178)) - s0@group-5BD3E7F27A57-LeaderElection55: begin an election at term 56 for 3: [s0:0.0.0.0:41468, s1:0.0.0.0:41619, s2:0.0.0.0:44382], old=null
2019-09-26 09:49:04,932 INFO  impl.LeaderElection (LeaderElection.java:askForVotes(178)) - s2@group-5BD3E7F27A57-LeaderElection52: begin an election at term 56 for 3: [s0:0.0.0.0:41468, s1:0.0.0.0:41619, s2:0.0.0.0:44382], old=null
2019-09-26 09:49:04,933 DEBUG impl.RaftServerImpl (RaftServerImpl.java:requestVote(743)) - s0@group-5BD3E7F27A57: receive requestVote(s2, group-5BD3E7F27A57, 56, (t:4, i:3))
2019-09-26 09:49:04,933 DEBUG impl.RaftServerImpl (RaftServerImpl.java:requestVote(775)) - s0@group-5BD3E7F27A57 replies to vote request: s2<-s0#0:FAIL-t56. Peer's state: s0@group-5BD3E7F27A57:t56, leader=null, voted=s0, raftlog=s0@group-5BD3E7F27A57-SegmentedRaftLog:OPENED:c3,f4,i4, conf=3: [s0:0.0.0.0:41468, s1:0.0.0.0:41619, s2:0.0.0.0:44382], old=null
2019-09-26 09:49:04,945 INFO  impl.LeaderElection (LeaderElection.java:logAndReturn(56)) - s1@group-5BD3E7F27A57-LeaderElection53: Election TIMEOUT; received 1 response(s) [s1<-s0#0:FAIL-t55] and 0 exception(s); s1@group-5BD3E7F27A57:t55, leader=null, voted=s1, raftlog=s1@group-5BD3E7F27A57-SegmentedRaftLog:OPENED:c2,f3,i3, conf=2: [s0:0.0.0.0:41468, s1:0.0.0.0:41619, s2:0.0.0.0:44382], old=null
2019-09-26 09:49:04,958 INFO  impl.LeaderElection (LeaderElection.java:askForVotes(178)) - s1@group-5BD3E7F27A57-LeaderElection53: begin an election at term 56 for 2: [s0:0.0.0.0:41468, s1:0.0.0.0:41619, s2:0.0.0.0:44382], old=null
2019-09-26 09:49:04,958 DEBUG impl.RaftServerImpl (RaftServerImpl.java:requestVote(743)) - s0@group-5BD3E7F27A57: receive requestVote(s1, group-5BD3E7F27A57, 56, (t:3, i:3))
2019-09-26 09:49:04,959 DEBUG impl.RaftServerImpl (RaftServerImpl.java:requestVote(775)) - s0@group-5BD3E7F27A57 replies to vote request: s1<-s0#0:FAIL-t56. Peer's state: s0@group-5BD3E7F27A57:t56, leader=null, voted=s0, raftlog=s0@group-5BD3E7F27A57-SegmentedRaftLog:OPENED:c3,f4,i4, conf=3: [s0:0.0.0.0:41468, s1:0.0.0.0:41619, s2:0.0.0.0:44382], old=null
2019-09-26 09:49:05,083 INFO  impl.LeaderElection (LeaderElection.java:logAndReturn(56)) - s0@group-5BD3E7F27A57-LeaderElection55: Election TIMEOUT; received 0 response(s) [] and 0 exception(s); s0@group-5BD3E7F27A57:t56, leader=null, voted=s0, raftlog=s0@group-5BD3E7F27A57-SegmentedRaftLog:OPENED:c3,f4,i4, conf=3: [s0:0.0.0.0:41468, s1:0.0.0.0:41619, s2:0.0.0.0:44382], old=null
2019-09-26 09:49:05,096 INFO  impl.LeaderElection (LeaderElection.java:askForVotes(178)) - s0@group-5BD3E7F27A57-LeaderElection55: begin an election at term 57 for 3: [s0:0.0.0.0:41468, s1:0.0.0.0:41619, s2:0.0.0.0:44382], old=null
2019-09-26 09:49:05,108 INFO  impl.LeaderElection (LeaderElection.java:logAndReturn(56)) - s1@group-5BD3E7F27A57-LeaderElection53: Election TIMEOUT; received 1 response(s) [s1<-s0#0:FAIL-t56] and 0 exception(s); s1@group-5BD3E7F27A57:t56, leader=null, voted=s1, raftlog=s1@group-5BD3E7F27A57-SegmentedRaftLog:OPENED:c2,f3,i3, conf=2: [s0:0.0.0.0:41468, s1:0.0.0.0:41619, s2:0.0.0.0:44382], old=null
2019-09-26 09:49:05,122 INFO  impl.LeaderElection (LeaderElection.java:askForVotes(178)) - s1@group-5BD3E7F27A57-LeaderElection53: begin an election at term 57 for 2: [s0:0.0.0.0:41468, s1:0.0.0.0:41619, s2:0.0.0.0:44382], old=null
2019-09-26 09:49:05,122 DEBUG impl.RaftServerImpl (RaftServerImpl.java:requestVote(743)) - s0@group-5BD3E7F27A57: receive requestVote(s1, group-5BD3E7F27A57, 57, (t:3, i:3))
2019-09-26 09:49:05,123 DEBUG impl.RaftServerImpl (RaftServerImpl.java:requestVote(775)) - s0@group-5BD3E7F27A57 replies to vote request: s1<-s0#0:FAIL-t57. Peer's state: s0@group-5BD3E7F27A57:t57, leader=null, voted=s0, raftlog=s0@group-5BD3E7F27A57-SegmentedRaftLog:OPENED:c3,f4,i4, conf=3: [s0:0.0.0.0:41468, s1:0.0.0.0:41619, s2:0.0.0.0:44382], old=null
2019-09-26 09:49:05,161 INFO  impl.LeaderElection (LeaderElection.java:logAndReturn(56)) - s2@group-5BD3E7F27A57-LeaderElection52: Election TIMEOUT; received 1 response(s) [s2<-s0#0:FAIL-t56] and 0 exception(s); s2@group-5BD3E7F27A57:t56, leader=null, voted=s2, raftlog=s2@group-5BD3E7F27A57-SegmentedRaftLog:OPENED:c1,f3,i3, conf=3: [s0:0.0.0.0:41468, s1:0.0.0.0:41619, s2:0.0.0.0:44382], old=null
2019-09-26 09:49:05,174 INFO  impl.LeaderElection (LeaderElection.java:askForVotes(178)) - s2@group-5BD3E7F27A57-LeaderElection52: begin an election at term 57 for 3: [s0:0.0.0.0:41468, s1:0.0.0.0:41619, s2:0.0.0.0:44382], old=null
2019-09-26 09:49:05,175 DEBUG impl.RaftServerImpl (RaftServerImpl.java:requestVote(743)) - s0@group-5BD3E7F27A57: receive requestVote(s2, group-5BD3E7F27A57, 57, (t:4, i:3))
2019-09-26 09:49:05,175 DEBUG impl.RaftServerImpl (RaftServerImpl.java:requestVote(775)) - s0@group-5BD3E7F27A57 replies to vote request: s2<-s0#0:FAIL-t57. Peer's state: s0@group-5BD3E7F27A57:t57, leader=null, voted=s0, raftlog=s0@group-5BD3E7F27A57-SegmentedRaftLog:OPENED:c3,f4,i4, conf=3: [s0:0.0.0.0:41468, s1:0.0.0.0:41619, s2:0.0.0.0:44382], old=null
2019-09-26 09:49:05,268 WARN  ratis.RaftTestUtil (JavaUtils.java:attempt(158)) - FAILED "waitForLeader-null-(expectLeader? true)", attempt #27/100: java.lang.IllegalStateException: No leader yet : printing ALL groups
  s0:  RUNNING CANDIDATE s0@group-5BD3E7F27A57:t57, leader=null, voted=s0, raftlog=s0@group-5BD3E7F27A57-SegmentedRaftLog:OPENED:c3,f4,i4, conf=3: [s0:0.0.0.0:41468, s1:0.0.0.0:41619, s2:0.0.0.0:44382], old=null RUNNING
  s1:  RUNNING CANDIDATE s1@group-5BD3E7F27A57:t57, leader=null, voted=s1, raftlog=s1@group-5BD3E7F27A57-SegmentedRaftLog:OPENED:c2,f3,i3, conf=2: [s0:0.0.0.0:41468, s1:0.0.0.0:41619, s2:0.0.0.0:44382], old=null RUNNING
  s2:  RUNNING CANDIDATE s2@group-5BD3E7F27A57:t57, leader=null, voted=s2, raftlog=s2@group-5BD3E7F27A57-SegmentedRaftLog:OPENED:c1,f3,i3, conf=3: [s0:0.0.0.0:41468, s1:0.0.0.0:41619, s2:0.0.0.0:44382], old=null RUNNING, sleep 450ms and then retry.
java.lang.IllegalStateException: No leader yet : printing ALL groups
  s0:  RUNNING CANDIDATE s0@group-5BD3E7F27A57:t57, leader=null, voted=s0, raftlog=s0@group-5BD3E7F27A57-SegmentedRaftLog:OPENED:c3,f4,i4, conf=3: [s0:0.0.0.0:41468, s1:0.0.0.0:41619, s2:0.0.0.0:44382], old=null RUNNING
  s1:  RUNNING CANDIDATE s1@group-5BD3E7F27A57:t57, leader=null, voted=s1, raftlog=s1@group-5BD3E7F27A57-SegmentedRaftLog:OPENED:c2,f3,i3, conf=2: [s0:0.0.0.0:41468, s1:0.0.0.0:41619, s2:0.0.0.0:44382], old=null RUNNING
  s2:  RUNNING CANDIDATE s2@group-5BD3E7F27A57:t57, leader=null, voted=s2, raftlog=s2@group-5BD3E7F27A57-SegmentedRaftLog:OPENED:c1,f3,i3, conf=3: [s0:0.0.0.0:41468, s1:0.0.0.0:41619, s2:0.0.0.0:44382], old=null RUNNING
	at org.apache.ratis.MiniRaftCluster.newIllegalStateExceptionForNoLeaders(MiniRaftCluster.java:506)
	at org.apache.ratis.RaftTestUtil.lambda$waitForLeader$1(RaftTestUtil.java:90)
	at org.apache.ratis.MiniRaftCluster.getLeader(MiniRaftCluster.java:539)
	at org.apache.ratis.MiniRaftCluster.getLeader(MiniRaftCluster.java:532)
	at org.apache.ratis.RaftTestUtil.lambda$waitForLeader$3(RaftTestUtil.java:98)
	at org.apache.ratis.util.JavaUtils.attempt(JavaUtils.java:152)
	at org.apache.ratis.RaftTestUtil.waitForLeader(RaftTestUtil.java:97)
	at org.apache.ratis.RaftTestUtil.waitForLeader(RaftTestUtil.java:77)
	at org.apache.ratis.RaftTestUtil.waitForLeader(RaftTestUtil.java:72)
	at org.apache.ratis.RaftTestUtil.lambda$changeLeader$7(RaftTestUtil.java:363)
	at org.apache.ratis.util.JavaUtils.attempt(JavaUtils.java:152)
	at org.apache.ratis.RaftTestUtil.changeLeader(RaftTestUtil.java:362)
	at org.apache.ratis.server.impl.LeaderElectionTests.testChangeLeader(LeaderElectionTests.java:81)
	at sun.reflect.NativeMethodAccessorImpl.invoke0(Native Method)
	at sun.reflect.NativeMethodAccessorImpl.invoke(NativeMethodAccessorImpl.java:62)
	at sun.reflect.DelegatingMethodAccessorImpl.invoke(DelegatingMethodAccessorImpl.java:43)
	at java.lang.reflect.Method.invoke(Method.java:498)
	at org.junit.runners.model.FrameworkMethod$1.runReflectiveCall(FrameworkMethod.java:50)
	at org.junit.internal.runners.model.ReflectiveCallable.run(ReflectiveCallable.java:12)
	at org.junit.runners.model.FrameworkMethod.invokeExplosively(FrameworkMethod.java:47)
	at org.junit.internal.runners.statements.InvokeMethod.evaluate(InvokeMethod.java:17)
	at org.junit.internal.runners.statements.RunAfters.evaluate(RunAfters.java:27)
	at org.junit.internal.runners.statements.FailOnTimeout$CallableStatement.call(FailOnTimeout.java:298)
	at org.junit.internal.runners.statements.FailOnTimeout$CallableStatement.call(FailOnTimeout.java:292)
	at java.util.concurrent.FutureTask.run(FutureTask.java:266)
	at java.lang.Thread.run(Thread.java:748)
2019-09-26 09:49:05,276 INFO  impl.LeaderElection (LeaderElection.java:logAndReturn(56)) - s1@group-5BD3E7F27A57-LeaderElection53: Election TIMEOUT; received 1 response(s) [s1<-s0#0:FAIL-t57] and 0 exception(s); s1@group-5BD3E7F27A57:t57, leader=null, voted=s1, raftlog=s1@group-5BD3E7F27A57-SegmentedRaftLog:OPENED:c2,f3,i3, conf=2: [s0:0.0.0.0:41468, s1:0.0.0.0:41619, s2:0.0.0.0:44382], old=null
2019-09-26 09:49:05,278 INFO  impl.LeaderElection (LeaderElection.java:logAndReturn(56)) - s0@group-5BD3E7F27A57-LeaderElection55: Election TIMEOUT; received 0 response(s) [] and 0 exception(s); s0@group-5BD3E7F27A57:t57, leader=null, voted=s0, raftlog=s0@group-5BD3E7F27A57-SegmentedRaftLog:OPENED:c3,f4,i4, conf=3: [s0:0.0.0.0:41468, s1:0.0.0.0:41619, s2:0.0.0.0:44382], old=null
2019-09-26 09:49:05,289 INFO  impl.LeaderElection (LeaderElection.java:askForVotes(178)) - s0@group-5BD3E7F27A57-LeaderElection55: begin an election at term 58 for 3: [s0:0.0.0.0:41468, s1:0.0.0.0:41619, s2:0.0.0.0:44382], old=null
2019-09-26 09:49:05,289 INFO  impl.LeaderElection (LeaderElection.java:askForVotes(178)) - s1@group-5BD3E7F27A57-LeaderElection53: begin an election at term 58 for 2: [s0:0.0.0.0:41468, s1:0.0.0.0:41619, s2:0.0.0.0:44382], old=null
2019-09-26 09:49:05,290 DEBUG impl.RaftServerImpl (RaftServerImpl.java:requestVote(743)) - s0@group-5BD3E7F27A57: receive requestVote(s1, group-5BD3E7F27A57, 58, (t:3, i:3))
2019-09-26 09:49:05,290 DEBUG impl.RaftServerImpl (RaftServerImpl.java:requestVote(775)) - s0@group-5BD3E7F27A57 replies to vote request: s1<-s0#0:FAIL-t58. Peer's state: s0@group-5BD3E7F27A57:t58, leader=null, voted=s0, raftlog=s0@group-5BD3E7F27A57-SegmentedRaftLog:OPENED:c3,f4,i4, conf=3: [s0:0.0.0.0:41468, s1:0.0.0.0:41619, s2:0.0.0.0:44382], old=null
2019-09-26 09:49:05,365 INFO  impl.LeaderElection (LeaderElection.java:logAndReturn(56)) - s2@group-5BD3E7F27A57-LeaderElection52: Election TIMEOUT; received 1 response(s) [s2<-s0#0:FAIL-t57] and 0 exception(s); s2@group-5BD3E7F27A57:t57, leader=null, voted=s2, raftlog=s2@group-5BD3E7F27A57-SegmentedRaftLog:OPENED:c1,f3,i3, conf=3: [s0:0.0.0.0:41468, s1:0.0.0.0:41619, s2:0.0.0.0:44382], old=null
2019-09-26 09:49:05,378 INFO  impl.LeaderElection (LeaderElection.java:askForVotes(178)) - s2@group-5BD3E7F27A57-LeaderElection52: begin an election at term 58 for 3: [s0:0.0.0.0:41468, s1:0.0.0.0:41619, s2:0.0.0.0:44382], old=null
2019-09-26 09:49:05,378 DEBUG impl.RaftServerImpl (RaftServerImpl.java:requestVote(743)) - s0@group-5BD3E7F27A57: receive requestVote(s2, group-5BD3E7F27A57, 58, (t:4, i:3))
2019-09-26 09:49:05,379 DEBUG impl.RaftServerImpl (RaftServerImpl.java:requestVote(775)) - s0@group-5BD3E7F27A57 replies to vote request: s2<-s0#0:FAIL-t58. Peer's state: s0@group-5BD3E7F27A57:t58, leader=null, voted=s0, raftlog=s0@group-5BD3E7F27A57-SegmentedRaftLog:OPENED:c3,f4,i4, conf=3: [s0:0.0.0.0:41468, s1:0.0.0.0:41619, s2:0.0.0.0:44382], old=null
2019-09-26 09:49:05,509 INFO  impl.LeaderElection (LeaderElection.java:logAndReturn(56)) - s0@group-5BD3E7F27A57-LeaderElection55: Election TIMEOUT; received 0 response(s) [] and 0 exception(s); s0@group-5BD3E7F27A57:t58, leader=null, voted=s0, raftlog=s0@group-5BD3E7F27A57-SegmentedRaftLog:OPENED:c3,f4,i4, conf=3: [s0:0.0.0.0:41468, s1:0.0.0.0:41619, s2:0.0.0.0:44382], old=null
2019-09-26 09:49:05,523 INFO  impl.LeaderElection (LeaderElection.java:askForVotes(178)) - s0@group-5BD3E7F27A57-LeaderElection55: begin an election at term 59 for 3: [s0:0.0.0.0:41468, s1:0.0.0.0:41619, s2:0.0.0.0:44382], old=null
2019-09-26 09:49:05,558 INFO  impl.LeaderElection (LeaderElection.java:logAndReturn(56)) - s1@group-5BD3E7F27A57-LeaderElection53: Election TIMEOUT; received 1 response(s) [s1<-s0#0:FAIL-t58] and 0 exception(s); s1@group-5BD3E7F27A57:t58, leader=null, voted=s1, raftlog=s1@group-5BD3E7F27A57-SegmentedRaftLog:OPENED:c2,f3,i3, conf=2: [s0:0.0.0.0:41468, s1:0.0.0.0:41619, s2:0.0.0.0:44382], old=null
2019-09-26 09:49:05,571 INFO  impl.LeaderElection (LeaderElection.java:askForVotes(178)) - s1@group-5BD3E7F27A57-LeaderElection53: begin an election at term 59 for 2: [s0:0.0.0.0:41468, s1:0.0.0.0:41619, s2:0.0.0.0:44382], old=null
2019-09-26 09:49:05,572 DEBUG impl.RaftServerImpl (RaftServerImpl.java:requestVote(743)) - s0@group-5BD3E7F27A57: receive requestVote(s1, group-5BD3E7F27A57, 59, (t:3, i:3))
2019-09-26 09:49:05,572 DEBUG impl.RaftServerImpl (RaftServerImpl.java:requestVote(775)) - s0@group-5BD3E7F27A57 replies to vote request: s1<-s0#0:FAIL-t59. Peer's state: s0@group-5BD3E7F27A57:t59, leader=null, voted=s0, raftlog=s0@group-5BD3E7F27A57-SegmentedRaftLog:OPENED:c3,f4,i4, conf=3: [s0:0.0.0.0:41468, s1:0.0.0.0:41619, s2:0.0.0.0:44382], old=null
2019-09-26 09:49:05,648 INFO  impl.LeaderElection (LeaderElection.java:logAndReturn(56)) - s2@group-5BD3E7F27A57-LeaderElection52: Election TIMEOUT; received 1 response(s) [s2<-s0#0:FAIL-t58] and 0 exception(s); s2@group-5BD3E7F27A57:t58, leader=null, voted=s2, raftlog=s2@group-5BD3E7F27A57-SegmentedRaftLog:OPENED:c1,f3,i3, conf=3: [s0:0.0.0.0:41468, s1:0.0.0.0:41619, s2:0.0.0.0:44382], old=null
2019-09-26 09:49:05,662 INFO  impl.LeaderElection (LeaderElection.java:askForVotes(178)) - s2@group-5BD3E7F27A57-LeaderElection52: begin an election at term 59 for 3: [s0:0.0.0.0:41468, s1:0.0.0.0:41619, s2:0.0.0.0:44382], old=null
2019-09-26 09:49:05,663 DEBUG impl.RaftServerImpl (RaftServerImpl.java:requestVote(743)) - s0@group-5BD3E7F27A57: receive requestVote(s2, group-5BD3E7F27A57, 59, (t:4, i:3))
2019-09-26 09:49:05,663 DEBUG impl.RaftServerImpl (RaftServerImpl.java:requestVote(775)) - s0@group-5BD3E7F27A57 replies to vote request: s2<-s0#0:FAIL-t59. Peer's state: s0@group-5BD3E7F27A57:t59, leader=null, voted=s0, raftlog=s0@group-5BD3E7F27A57-SegmentedRaftLog:OPENED:c3,f4,i4, conf=3: [s0:0.0.0.0:41468, s1:0.0.0.0:41619, s2:0.0.0.0:44382], old=null
2019-09-26 09:49:05,719 WARN  ratis.RaftTestUtil (JavaUtils.java:attempt(158)) - FAILED "waitForLeader-null-(expectLeader? true)", attempt #28/100: java.lang.IllegalStateException: No leader yet : printing ALL groups
  s0:  RUNNING CANDIDATE s0@group-5BD3E7F27A57:t59, leader=null, voted=s0, raftlog=s0@group-5BD3E7F27A57-SegmentedRaftLog:OPENED:c3,f4,i4, conf=3: [s0:0.0.0.0:41468, s1:0.0.0.0:41619, s2:0.0.0.0:44382], old=null RUNNING
  s1:  RUNNING CANDIDATE s1@group-5BD3E7F27A57:t59, leader=null, voted=s1, raftlog=s1@group-5BD3E7F27A57-SegmentedRaftLog:OPENED:c2,f3,i3, conf=2: [s0:0.0.0.0:41468, s1:0.0.0.0:41619, s2:0.0.0.0:44382], old=null RUNNING
  s2:  RUNNING CANDIDATE s2@group-5BD3E7F27A57:t59, leader=null, voted=s2, raftlog=s2@group-5BD3E7F27A57-SegmentedRaftLog:OPENED:c1,f3,i3, conf=3: [s0:0.0.0.0:41468, s1:0.0.0.0:41619, s2:0.0.0.0:44382], old=null RUNNING, sleep 450ms and then retry.
java.lang.IllegalStateException: No leader yet : printing ALL groups
  s0:  RUNNING CANDIDATE s0@group-5BD3E7F27A57:t59, leader=null, voted=s0, raftlog=s0@group-5BD3E7F27A57-SegmentedRaftLog:OPENED:c3,f4,i4, conf=3: [s0:0.0.0.0:41468, s1:0.0.0.0:41619, s2:0.0.0.0:44382], old=null RUNNING
  s1:  RUNNING CANDIDATE s1@group-5BD3E7F27A57:t59, leader=null, voted=s1, raftlog=s1@group-5BD3E7F27A57-SegmentedRaftLog:OPENED:c2,f3,i3, conf=2: [s0:0.0.0.0:41468, s1:0.0.0.0:41619, s2:0.0.0.0:44382], old=null RUNNING
  s2:  RUNNING CANDIDATE s2@group-5BD3E7F27A57:t59, leader=null, voted=s2, raftlog=s2@group-5BD3E7F27A57-SegmentedRaftLog:OPENED:c1,f3,i3, conf=3: [s0:0.0.0.0:41468, s1:0.0.0.0:41619, s2:0.0.0.0:44382], old=null RUNNING
	at org.apache.ratis.MiniRaftCluster.newIllegalStateExceptionForNoLeaders(MiniRaftCluster.java:506)
	at org.apache.ratis.RaftTestUtil.lambda$waitForLeader$1(RaftTestUtil.java:90)
	at org.apache.ratis.MiniRaftCluster.getLeader(MiniRaftCluster.java:539)
	at org.apache.ratis.MiniRaftCluster.getLeader(MiniRaftCluster.java:532)
	at org.apache.ratis.RaftTestUtil.lambda$waitForLeader$3(RaftTestUtil.java:98)
	at org.apache.ratis.util.JavaUtils.attempt(JavaUtils.java:152)
	at org.apache.ratis.RaftTestUtil.waitForLeader(RaftTestUtil.java:97)
	at org.apache.ratis.RaftTestUtil.waitForLeader(RaftTestUtil.java:77)
	at org.apache.ratis.RaftTestUtil.waitForLeader(RaftTestUtil.java:72)
	at org.apache.ratis.RaftTestUtil.lambda$changeLeader$7(RaftTestUtil.java:363)
	at org.apache.ratis.util.JavaUtils.attempt(JavaUtils.java:152)
	at org.apache.ratis.RaftTestUtil.changeLeader(RaftTestUtil.java:362)
	at org.apache.ratis.server.impl.LeaderElectionTests.testChangeLeader(LeaderElectionTests.java:81)
	at sun.reflect.NativeMethodAccessorImpl.invoke0(Native Method)
	at sun.reflect.NativeMethodAccessorImpl.invoke(NativeMethodAccessorImpl.java:62)
	at sun.reflect.DelegatingMethodAccessorImpl.invoke(DelegatingMethodAccessorImpl.java:43)
	at java.lang.reflect.Method.invoke(Method.java:498)
	at org.junit.runners.model.FrameworkMethod$1.runReflectiveCall(FrameworkMethod.java:50)
	at org.junit.internal.runners.model.ReflectiveCallable.run(ReflectiveCallable.java:12)
	at org.junit.runners.model.FrameworkMethod.invokeExplosively(FrameworkMethod.java:47)
	at org.junit.internal.runners.statements.InvokeMethod.evaluate(InvokeMethod.java:17)
	at org.junit.internal.runners.statements.RunAfters.evaluate(RunAfters.java:27)
	at org.junit.internal.runners.statements.FailOnTimeout$CallableStatement.call(FailOnTimeout.java:298)
	at org.junit.internal.runners.statements.FailOnTimeout$CallableStatement.call(FailOnTimeout.java:292)
	at java.util.concurrent.FutureTask.run(FutureTask.java:266)
	at java.lang.Thread.run(Thread.java:748)
2019-09-26 09:49:05,736 INFO  impl.LeaderElection (LeaderElection.java:logAndReturn(56)) - s0@group-5BD3E7F27A57-LeaderElection55: Election TIMEOUT; received 0 response(s) [] and 0 exception(s); s0@group-5BD3E7F27A57:t59, leader=null, voted=s0, raftlog=s0@group-5BD3E7F27A57-SegmentedRaftLog:OPENED:c3,f4,i4, conf=3: [s0:0.0.0.0:41468, s1:0.0.0.0:41619, s2:0.0.0.0:44382], old=null
2019-09-26 09:49:05,750 INFO  impl.LeaderElection (LeaderElection.java:askForVotes(178)) - s0@group-5BD3E7F27A57-LeaderElection55: begin an election at term 60 for 3: [s0:0.0.0.0:41468, s1:0.0.0.0:41619, s2:0.0.0.0:44382], old=null
2019-09-26 09:49:05,755 INFO  impl.LeaderElection (LeaderElection.java:logAndReturn(56)) - s1@group-5BD3E7F27A57-LeaderElection53: Election TIMEOUT; received 1 response(s) [s1<-s0#0:FAIL-t59] and 0 exception(s); s1@group-5BD3E7F27A57:t59, leader=null, voted=s1, raftlog=s1@group-5BD3E7F27A57-SegmentedRaftLog:OPENED:c2,f3,i3, conf=2: [s0:0.0.0.0:41468, s1:0.0.0.0:41619, s2:0.0.0.0:44382], old=null
2019-09-26 09:49:05,765 INFO  impl.LeaderElection (LeaderElection.java:askForVotes(178)) - s1@group-5BD3E7F27A57-LeaderElection53: begin an election at term 60 for 2: [s0:0.0.0.0:41468, s1:0.0.0.0:41619, s2:0.0.0.0:44382], old=null
2019-09-26 09:49:05,765 DEBUG impl.RaftServerImpl (RaftServerImpl.java:requestVote(743)) - s0@group-5BD3E7F27A57: receive requestVote(s1, group-5BD3E7F27A57, 60, (t:3, i:3))
2019-09-26 09:49:05,766 DEBUG impl.RaftServerImpl (RaftServerImpl.java:requestVote(775)) - s0@group-5BD3E7F27A57 replies to vote request: s1<-s0#0:FAIL-t60. Peer's state: s0@group-5BD3E7F27A57:t60, leader=null, voted=s0, raftlog=s0@group-5BD3E7F27A57-SegmentedRaftLog:OPENED:c3,f4,i4, conf=3: [s0:0.0.0.0:41468, s1:0.0.0.0:41619, s2:0.0.0.0:44382], old=null
2019-09-26 09:49:05,939 INFO  impl.LeaderElection (LeaderElection.java:logAndReturn(56)) - s2@group-5BD3E7F27A57-LeaderElection52: Election TIMEOUT; received 1 response(s) [s2<-s0#0:FAIL-t59] and 0 exception(s); s2@group-5BD3E7F27A57:t59, leader=null, voted=s2, raftlog=s2@group-5BD3E7F27A57-SegmentedRaftLog:OPENED:c1,f3,i3, conf=3: [s0:0.0.0.0:41468, s1:0.0.0.0:41619, s2:0.0.0.0:44382], old=null
2019-09-26 09:49:05,951 INFO  impl.LeaderElection (LeaderElection.java:askForVotes(178)) - s2@group-5BD3E7F27A57-LeaderElection52: begin an election at term 60 for 3: [s0:0.0.0.0:41468, s1:0.0.0.0:41619, s2:0.0.0.0:44382], old=null
2019-09-26 09:49:05,952 DEBUG impl.RaftServerImpl (RaftServerImpl.java:requestVote(743)) - s0@group-5BD3E7F27A57: receive requestVote(s2, group-5BD3E7F27A57, 60, (t:4, i:3))
2019-09-26 09:49:05,952 DEBUG impl.RaftServerImpl (RaftServerImpl.java:requestVote(775)) - s0@group-5BD3E7F27A57 replies to vote request: s2<-s0#0:FAIL-t60. Peer's state: s0@group-5BD3E7F27A57:t60, leader=null, voted=s0, raftlog=s0@group-5BD3E7F27A57-SegmentedRaftLog:OPENED:c3,f4,i4, conf=3: [s0:0.0.0.0:41468, s1:0.0.0.0:41619, s2:0.0.0.0:44382], old=null
2019-09-26 09:49:05,958 INFO  impl.LeaderElection (LeaderElection.java:logAndReturn(56)) - s0@group-5BD3E7F27A57-LeaderElection55: Election TIMEOUT; received 0 response(s) [] and 0 exception(s); s0@group-5BD3E7F27A57:t60, leader=null, voted=s0, raftlog=s0@group-5BD3E7F27A57-SegmentedRaftLog:OPENED:c3,f4,i4, conf=3: [s0:0.0.0.0:41468, s1:0.0.0.0:41619, s2:0.0.0.0:44382], old=null
2019-09-26 09:49:05,971 INFO  impl.LeaderElection (LeaderElection.java:askForVotes(178)) - s0@group-5BD3E7F27A57-LeaderElection55: begin an election at term 61 for 3: [s0:0.0.0.0:41468, s1:0.0.0.0:41619, s2:0.0.0.0:44382], old=null
2019-09-26 09:49:05,987 INFO  impl.LeaderElection (LeaderElection.java:logAndReturn(56)) - s1@group-5BD3E7F27A57-LeaderElection53: Election TIMEOUT; received 1 response(s) [s1<-s0#0:FAIL-t60] and 0 exception(s); s1@group-5BD3E7F27A57:t60, leader=null, voted=s1, raftlog=s1@group-5BD3E7F27A57-SegmentedRaftLog:OPENED:c2,f3,i3, conf=2: [s0:0.0.0.0:41468, s1:0.0.0.0:41619, s2:0.0.0.0:44382], old=null
2019-09-26 09:49:05,999 INFO  impl.LeaderElection (LeaderElection.java:askForVotes(178)) - s1@group-5BD3E7F27A57-LeaderElection53: begin an election at term 61 for 2: [s0:0.0.0.0:41468, s1:0.0.0.0:41619, s2:0.0.0.0:44382], old=null
2019-09-26 09:49:06,000 DEBUG impl.RaftServerImpl (RaftServerImpl.java:requestVote(743)) - s0@group-5BD3E7F27A57: receive requestVote(s1, group-5BD3E7F27A57, 61, (t:3, i:3))
2019-09-26 09:49:06,000 DEBUG impl.RaftServerImpl (RaftServerImpl.java:requestVote(775)) - s0@group-5BD3E7F27A57 replies to vote request: s1<-s0#0:FAIL-t61. Peer's state: s0@group-5BD3E7F27A57:t61, leader=null, voted=s0, raftlog=s0@group-5BD3E7F27A57-SegmentedRaftLog:OPENED:c3,f4,i4, conf=3: [s0:0.0.0.0:41468, s1:0.0.0.0:41619, s2:0.0.0.0:44382], old=null
2019-09-26 09:49:06,171 WARN  ratis.RaftTestUtil (JavaUtils.java:attempt(158)) - FAILED "waitForLeader-null-(expectLeader? true)", attempt #29/100: java.lang.IllegalStateException: No leader yet : printing ALL groups
  s0:  RUNNING CANDIDATE s0@group-5BD3E7F27A57:t61, leader=null, voted=s0, raftlog=s0@group-5BD3E7F27A57-SegmentedRaftLog:OPENED:c3,f4,i4, conf=3: [s0:0.0.0.0:41468, s1:0.0.0.0:41619, s2:0.0.0.0:44382], old=null RUNNING
  s1:  RUNNING CANDIDATE s1@group-5BD3E7F27A57:t61, leader=null, voted=s1, raftlog=s1@group-5BD3E7F27A57-SegmentedRaftLog:OPENED:c2,f3,i3, conf=2: [s0:0.0.0.0:41468, s1:0.0.0.0:41619, s2:0.0.0.0:44382], old=null RUNNING
  s2:  RUNNING CANDIDATE s2@group-5BD3E7F27A57:t60, leader=null, voted=s2, raftlog=s2@group-5BD3E7F27A57-SegmentedRaftLog:OPENED:c1,f3,i3, conf=3: [s0:0.0.0.0:41468, s1:0.0.0.0:41619, s2:0.0.0.0:44382], old=null RUNNING, sleep 450ms and then retry.
java.lang.IllegalStateException: No leader yet : printing ALL groups
  s0:  RUNNING CANDIDATE s0@group-5BD3E7F27A57:t61, leader=null, voted=s0, raftlog=s0@group-5BD3E7F27A57-SegmentedRaftLog:OPENED:c3,f4,i4, conf=3: [s0:0.0.0.0:41468, s1:0.0.0.0:41619, s2:0.0.0.0:44382], old=null RUNNING
  s1:  RUNNING CANDIDATE s1@group-5BD3E7F27A57:t61, leader=null, voted=s1, raftlog=s1@group-5BD3E7F27A57-SegmentedRaftLog:OPENED:c2,f3,i3, conf=2: [s0:0.0.0.0:41468, s1:0.0.0.0:41619, s2:0.0.0.0:44382], old=null RUNNING
  s2:  RUNNING CANDIDATE s2@group-5BD3E7F27A57:t60, leader=null, voted=s2, raftlog=s2@group-5BD3E7F27A57-SegmentedRaftLog:OPENED:c1,f3,i3, conf=3: [s0:0.0.0.0:41468, s1:0.0.0.0:41619, s2:0.0.0.0:44382], old=null RUNNING
	at org.apache.ratis.MiniRaftCluster.newIllegalStateExceptionForNoLeaders(MiniRaftCluster.java:506)
	at org.apache.ratis.RaftTestUtil.lambda$waitForLeader$1(RaftTestUtil.java:90)
	at org.apache.ratis.MiniRaftCluster.getLeader(MiniRaftCluster.java:539)
	at org.apache.ratis.MiniRaftCluster.getLeader(MiniRaftCluster.java:532)
	at org.apache.ratis.RaftTestUtil.lambda$waitForLeader$3(RaftTestUtil.java:98)
	at org.apache.ratis.util.JavaUtils.attempt(JavaUtils.java:152)
	at org.apache.ratis.RaftTestUtil.waitForLeader(RaftTestUtil.java:97)
	at org.apache.ratis.RaftTestUtil.waitForLeader(RaftTestUtil.java:77)
	at org.apache.ratis.RaftTestUtil.waitForLeader(RaftTestUtil.java:72)
	at org.apache.ratis.RaftTestUtil.lambda$changeLeader$7(RaftTestUtil.java:363)
	at org.apache.ratis.util.JavaUtils.attempt(JavaUtils.java:152)
	at org.apache.ratis.RaftTestUtil.changeLeader(RaftTestUtil.java:362)
	at org.apache.ratis.server.impl.LeaderElectionTests.testChangeLeader(LeaderElectionTests.java:81)
	at sun.reflect.NativeMethodAccessorImpl.invoke0(Native Method)
	at sun.reflect.NativeMethodAccessorImpl.invoke(NativeMethodAccessorImpl.java:62)
	at sun.reflect.DelegatingMethodAccessorImpl.invoke(DelegatingMethodAccessorImpl.java:43)
	at java.lang.reflect.Method.invoke(Method.java:498)
	at org.junit.runners.model.FrameworkMethod$1.runReflectiveCall(FrameworkMethod.java:50)
	at org.junit.internal.runners.model.ReflectiveCallable.run(ReflectiveCallable.java:12)
	at org.junit.runners.model.FrameworkMethod.invokeExplosively(FrameworkMethod.java:47)
	at org.junit.internal.runners.statements.InvokeMethod.evaluate(InvokeMethod.java:17)
	at org.junit.internal.runners.statements.RunAfters.evaluate(RunAfters.java:27)
	at org.junit.internal.runners.statements.FailOnTimeout$CallableStatement.call(FailOnTimeout.java:298)
	at org.junit.internal.runners.statements.FailOnTimeout$CallableStatement.call(FailOnTimeout.java:292)
	at java.util.concurrent.FutureTask.run(FutureTask.java:266)
	at java.lang.Thread.run(Thread.java:748)
2019-09-26 09:49:06,185 INFO  impl.LeaderElection (LeaderElection.java:logAndReturn(56)) - s1@group-5BD3E7F27A57-LeaderElection53: Election TIMEOUT; received 1 response(s) [s1<-s0#0:FAIL-t61] and 0 exception(s); s1@group-5BD3E7F27A57:t61, leader=null, voted=s1, raftlog=s1@group-5BD3E7F27A57-SegmentedRaftLog:OPENED:c2,f3,i3, conf=2: [s0:0.0.0.0:41468, s1:0.0.0.0:41619, s2:0.0.0.0:44382], old=null
2019-09-26 09:49:06,185 INFO  impl.LeaderElection (LeaderElection.java:logAndReturn(56)) - s2@group-5BD3E7F27A57-LeaderElection52: Election TIMEOUT; received 1 response(s) [s2<-s0#0:FAIL-t60] and 0 exception(s); s2@group-5BD3E7F27A57:t60, leader=null, voted=s2, raftlog=s2@group-5BD3E7F27A57-SegmentedRaftLog:OPENED:c1,f3,i3, conf=3: [s0:0.0.0.0:41468, s1:0.0.0.0:41619, s2:0.0.0.0:44382], old=null
2019-09-26 09:49:06,199 INFO  impl.LeaderElection (LeaderElection.java:askForVotes(178)) - s2@group-5BD3E7F27A57-LeaderElection52: begin an election at term 61 for 3: [s0:0.0.0.0:41468, s1:0.0.0.0:41619, s2:0.0.0.0:44382], old=null
2019-09-26 09:49:06,199 INFO  impl.LeaderElection (LeaderElection.java:askForVotes(178)) - s1@group-5BD3E7F27A57-LeaderElection53: begin an election at term 62 for 2: [s0:0.0.0.0:41468, s1:0.0.0.0:41619, s2:0.0.0.0:44382], old=null
2019-09-26 09:49:06,199 DEBUG impl.RaftServerImpl (RaftServerImpl.java:requestVote(743)) - s0@group-5BD3E7F27A57: receive requestVote(s2, group-5BD3E7F27A57, 61, (t:4, i:3))
2019-09-26 09:49:06,199 DEBUG impl.RaftServerImpl (RaftServerImpl.java:requestVote(775)) - s0@group-5BD3E7F27A57 replies to vote request: s2<-s0#0:FAIL-t61. Peer's state: s0@group-5BD3E7F27A57:t61, leader=null, voted=s0, raftlog=s0@group-5BD3E7F27A57-SegmentedRaftLog:OPENED:c3,f4,i4, conf=3: [s0:0.0.0.0:41468, s1:0.0.0.0:41619, s2:0.0.0.0:44382], old=null
2019-09-26 09:49:06,199 DEBUG impl.RaftServerImpl (RaftServerImpl.java:requestVote(743)) - s0@group-5BD3E7F27A57: receive requestVote(s1, group-5BD3E7F27A57, 62, (t:3, i:3))
2019-09-26 09:49:06,199 INFO  impl.RaftServerImpl (RaftServerImpl.java:setRole(170)) - s0@group-5BD3E7F27A57: changes role from CANDIDATE to FOLLOWER at term 62 for recognizeCandidate:s1
2019-09-26 09:49:06,200 INFO  impl.RoleInfo (RoleInfo.java:shutdownLeaderElection(134)) - s0: shutdown LeaderElection
2019-09-26 09:49:06,200 INFO  impl.RoleInfo (RoleInfo.java:updateAndGet(143)) - s0: start FollowerState
2019-09-26 09:49:06,213 DEBUG impl.RaftServerImpl (RaftServerImpl.java:requestVote(775)) - s0@group-5BD3E7F27A57 replies to vote request: s1<-s0#0:FAIL-t62. Peer's state: s0@group-5BD3E7F27A57:t62, leader=null, voted=null, raftlog=s0@group-5BD3E7F27A57-SegmentedRaftLog:OPENED:c3,f4,i4, conf=3: [s0:0.0.0.0:41468, s1:0.0.0.0:41619, s2:0.0.0.0:44382], old=null
2019-09-26 09:49:06,265 INFO  impl.LeaderElection (LeaderElection.java:logAndReturn(56)) - s0@group-5BD3E7F27A57-LeaderElection55: Election REJECTED; received 0 response(s) [] and 0 exception(s); s0@group-5BD3E7F27A57:t62, leader=null, voted=null, raftlog=s0@group-5BD3E7F27A57-SegmentedRaftLog:OPENED:c3,f4,i4, conf=3: [s0:0.0.0.0:41468, s1:0.0.0.0:41619, s2:0.0.0.0:44382], old=null
2019-09-26 09:49:06,361 INFO  impl.LeaderElection (LeaderElection.java:logAndReturn(56)) - s1@group-5BD3E7F27A57-LeaderElection53: Election TIMEOUT; received 1 response(s) [s1<-s0#0:FAIL-t62] and 0 exception(s); s1@group-5BD3E7F27A57:t62, leader=null, voted=s1, raftlog=s1@group-5BD3E7F27A57-SegmentedRaftLog:OPENED:c2,f3,i3, conf=2: [s0:0.0.0.0:41468, s1:0.0.0.0:41619, s2:0.0.0.0:44382], old=null
2019-09-26 09:49:06,374 INFO  impl.LeaderElection (LeaderElection.java:askForVotes(178)) - s1@group-5BD3E7F27A57-LeaderElection53: begin an election at term 63 for 2: [s0:0.0.0.0:41468, s1:0.0.0.0:41619, s2:0.0.0.0:44382], old=null
2019-09-26 09:49:06,375 DEBUG impl.RaftServerImpl (RaftServerImpl.java:requestVote(743)) - s0@group-5BD3E7F27A57: receive requestVote(s1, group-5BD3E7F27A57, 63, (t:3, i:3))
2019-09-26 09:49:06,375 INFO  impl.RaftServerImpl (RaftServerImpl.java:setRole(170)) - s0@group-5BD3E7F27A57: changes role from  FOLLOWER to FOLLOWER at term 63 for recognizeCandidate:s1
2019-09-26 09:49:06,375 INFO  impl.RoleInfo (RoleInfo.java:shutdownFollowerState(121)) - s0: shutdown FollowerState
2019-09-26 09:49:06,375 INFO  impl.RoleInfo (RoleInfo.java:updateAndGet(143)) - s0: start FollowerState
2019-09-26 09:49:06,375 INFO  impl.FollowerState (FollowerState.java:run(117)) - s0@group-5BD3E7F27A57-FollowerState was interrupted: java.lang.InterruptedException: sleep interrupted
2019-09-26 09:49:06,388 DEBUG impl.RaftServerImpl (RaftServerImpl.java:requestVote(775)) - s0@group-5BD3E7F27A57 replies to vote request: s1<-s0#0:FAIL-t63. Peer's state: s0@group-5BD3E7F27A57:t63, leader=null, voted=null, raftlog=s0@group-5BD3E7F27A57-SegmentedRaftLog:OPENED:c3,f4,i4, conf=3: [s0:0.0.0.0:41468, s1:0.0.0.0:41619, s2:0.0.0.0:44382], old=null
2019-09-26 09:49:06,497 INFO  impl.LeaderElection (LeaderElection.java:logAndReturn(56)) - s2@group-5BD3E7F27A57-LeaderElection52: Election TIMEOUT; received 1 response(s) [s2<-s0#0:FAIL-t61] and 0 exception(s); s2@group-5BD3E7F27A57:t61, leader=null, voted=s2, raftlog=s2@group-5BD3E7F27A57-SegmentedRaftLog:OPENED:c1,f3,i3, conf=3: [s0:0.0.0.0:41468, s1:0.0.0.0:41619, s2:0.0.0.0:44382], old=null
2019-09-26 09:49:06,511 INFO  impl.LeaderElection (LeaderElection.java:askForVotes(178)) - s2@group-5BD3E7F27A57-LeaderElection52: begin an election at term 62 for 3: [s0:0.0.0.0:41468, s1:0.0.0.0:41619, s2:0.0.0.0:44382], old=null
2019-09-26 09:49:06,512 DEBUG impl.RaftServerImpl (RaftServerImpl.java:requestVote(743)) - s0@group-5BD3E7F27A57: receive requestVote(s2, group-5BD3E7F27A57, 62, (t:4, i:3))
2019-09-26 09:49:06,512 DEBUG impl.RaftServerImpl (RaftServerImpl.java:requestVote(775)) - s0@group-5BD3E7F27A57 replies to vote request: s2<-s0#0:FAIL-t63. Peer's state: s0@group-5BD3E7F27A57:t63, leader=null, voted=null, raftlog=s0@group-5BD3E7F27A57-SegmentedRaftLog:OPENED:c3,f4,i4, conf=3: [s0:0.0.0.0:41468, s1:0.0.0.0:41619, s2:0.0.0.0:44382], old=null
2019-09-26 09:49:06,512 INFO  impl.LeaderElection (LeaderElection.java:logAndReturn(56)) - s2@group-5BD3E7F27A57-LeaderElection52: Election DISCOVERED_A_NEW_TERM; received 1 response(s) [s2<-s0#0:FAIL-t63] and 0 exception(s); s2@group-5BD3E7F27A57:t62, leader=null, voted=s2, raftlog=s2@group-5BD3E7F27A57-SegmentedRaftLog:OPENED:c1,f3,i3, conf=3: [s0:0.0.0.0:41468, s1:0.0.0.0:41619, s2:0.0.0.0:44382], old=null
2019-09-26 09:49:06,512 INFO  impl.RaftServerImpl (RaftServerImpl.java:setRole(170)) - s2@group-5BD3E7F27A57: changes role from CANDIDATE to FOLLOWER at term 63 for DISCOVERED_A_NEW_TERM
2019-09-26 09:49:06,512 INFO  impl.RoleInfo (RoleInfo.java:shutdownLeaderElection(134)) - s2: shutdown LeaderElection
2019-09-26 09:49:06,512 INFO  impl.RoleInfo (RoleInfo.java:updateAndGet(143)) - s2: start FollowerState
2019-09-26 09:49:06,529 INFO  impl.FollowerState (FollowerState.java:run(108)) - s0@group-5BD3E7F27A57-FollowerState: change to CANDIDATE, lastRpcTime:153ms, electionTimeout:153ms
2019-09-26 09:49:06,529 INFO  impl.RoleInfo (RoleInfo.java:shutdownFollowerState(121)) - s0: shutdown FollowerState
2019-09-26 09:49:06,529 INFO  impl.RaftServerImpl (RaftServerImpl.java:setRole(170)) - s0@group-5BD3E7F27A57: changes role from  FOLLOWER to CANDIDATE at term 63 for changeToCandidate
2019-09-26 09:49:06,529 INFO  impl.RoleInfo (RoleInfo.java:updateAndGet(143)) - s0: start LeaderElection
2019-09-26 09:49:06,542 INFO  impl.LeaderElection (LeaderElection.java:askForVotes(178)) - s0@group-5BD3E7F27A57-LeaderElection56: begin an election at term 64 for 3: [s0:0.0.0.0:41468, s1:0.0.0.0:41619, s2:0.0.0.0:44382], old=null
2019-09-26 09:49:06,619 INFO  impl.LeaderElection (LeaderElection.java:logAndReturn(56)) - s1@group-5BD3E7F27A57-LeaderElection53: Election TIMEOUT; received 1 response(s) [s1<-s0#0:FAIL-t63] and 0 exception(s); s1@group-5BD3E7F27A57:t63, leader=null, voted=s1, raftlog=s1@group-5BD3E7F27A57-SegmentedRaftLog:OPENED:c2,f3,i3, conf=2: [s0:0.0.0.0:41468, s1:0.0.0.0:41619, s2:0.0.0.0:44382], old=null
2019-09-26 09:49:06,622 WARN  ratis.RaftTestUtil (JavaUtils.java:attempt(158)) - FAILED "waitForLeader-null-(expectLeader? true)", attempt #30/100: java.lang.IllegalStateException: No leader yet : printing ALL groups
  s0:  RUNNING CANDIDATE s0@group-5BD3E7F27A57:t64, leader=null, voted=s0, raftlog=s0@group-5BD3E7F27A57-SegmentedRaftLog:OPENED:c3,f4,i4, conf=3: [s0:0.0.0.0:41468, s1:0.0.0.0:41619, s2:0.0.0.0:44382], old=null RUNNING
  s1:  RUNNING CANDIDATE s1@group-5BD3E7F27A57:t64, leader=null, voted=s1, raftlog=s1@group-5BD3E7F27A57-SegmentedRaftLog:OPENED:c2,f3,i3, conf=2: [s0:0.0.0.0:41468, s1:0.0.0.0:41619, s2:0.0.0.0:44382], old=null RUNNING
  s2:  RUNNING  FOLLOWER s2@group-5BD3E7F27A57:t63, leader=null, voted=null, raftlog=s2@group-5BD3E7F27A57-SegmentedRaftLog:OPENED:c1,f3,i3, conf=3: [s0:0.0.0.0:41468, s1:0.0.0.0:41619, s2:0.0.0.0:44382], old=null RUNNING, sleep 450ms and then retry.
java.lang.IllegalStateException: No leader yet : printing ALL groups
  s0:  RUNNING CANDIDATE s0@group-5BD3E7F27A57:t64, leader=null, voted=s0, raftlog=s0@group-5BD3E7F27A57-SegmentedRaftLog:OPENED:c3,f4,i4, conf=3: [s0:0.0.0.0:41468, s1:0.0.0.0:41619, s2:0.0.0.0:44382], old=null RUNNING
  s1:  RUNNING CANDIDATE s1@group-5BD3E7F27A57:t64, leader=null, voted=s1, raftlog=s1@group-5BD3E7F27A57-SegmentedRaftLog:OPENED:c2,f3,i3, conf=2: [s0:0.0.0.0:41468, s1:0.0.0.0:41619, s2:0.0.0.0:44382], old=null RUNNING
  s2:  RUNNING  FOLLOWER s2@group-5BD3E7F27A57:t63, leader=null, voted=null, raftlog=s2@group-5BD3E7F27A57-SegmentedRaftLog:OPENED:c1,f3,i3, conf=3: [s0:0.0.0.0:41468, s1:0.0.0.0:41619, s2:0.0.0.0:44382], old=null RUNNING
	at org.apache.ratis.MiniRaftCluster.newIllegalStateExceptionForNoLeaders(MiniRaftCluster.java:506)
	at org.apache.ratis.RaftTestUtil.lambda$waitForLeader$1(RaftTestUtil.java:90)
	at org.apache.ratis.MiniRaftCluster.getLeader(MiniRaftCluster.java:539)
	at org.apache.ratis.MiniRaftCluster.getLeader(MiniRaftCluster.java:532)
	at org.apache.ratis.RaftTestUtil.lambda$waitForLeader$3(RaftTestUtil.java:98)
	at org.apache.ratis.util.JavaUtils.attempt(JavaUtils.java:152)
	at org.apache.ratis.RaftTestUtil.waitForLeader(RaftTestUtil.java:97)
	at org.apache.ratis.RaftTestUtil.waitForLeader(RaftTestUtil.java:77)
	at org.apache.ratis.RaftTestUtil.waitForLeader(RaftTestUtil.java:72)
	at org.apache.ratis.RaftTestUtil.lambda$changeLeader$7(RaftTestUtil.java:363)
	at org.apache.ratis.util.JavaUtils.attempt(JavaUtils.java:152)
	at org.apache.ratis.RaftTestUtil.changeLeader(RaftTestUtil.java:362)
	at org.apache.ratis.server.impl.LeaderElectionTests.testChangeLeader(LeaderElectionTests.java:81)
	at sun.reflect.NativeMethodAccessorImpl.invoke0(Native Method)
	at sun.reflect.NativeMethodAccessorImpl.invoke(NativeMethodAccessorImpl.java:62)
	at sun.reflect.DelegatingMethodAccessorImpl.invoke(DelegatingMethodAccessorImpl.java:43)
	at java.lang.reflect.Method.invoke(Method.java:498)
	at org.junit.runners.model.FrameworkMethod$1.runReflectiveCall(FrameworkMethod.java:50)
	at org.junit.internal.runners.model.ReflectiveCallable.run(ReflectiveCallable.java:12)
	at org.junit.runners.model.FrameworkMethod.invokeExplosively(FrameworkMethod.java:47)
	at org.junit.internal.runners.statements.InvokeMethod.evaluate(InvokeMethod.java:17)
	at org.junit.internal.runners.statements.RunAfters.evaluate(RunAfters.java:27)
	at org.junit.internal.runners.statements.FailOnTimeout$CallableStatement.call(FailOnTimeout.java:298)
	at org.junit.internal.runners.statements.FailOnTimeout$CallableStatement.call(FailOnTimeout.java:292)
	at java.util.concurrent.FutureTask.run(FutureTask.java:266)
	at java.lang.Thread.run(Thread.java:748)
2019-09-26 09:49:06,633 INFO  impl.LeaderElection (LeaderElection.java:askForVotes(178)) - s1@group-5BD3E7F27A57-LeaderElection53: begin an election at term 64 for 2: [s0:0.0.0.0:41468, s1:0.0.0.0:41619, s2:0.0.0.0:44382], old=null
2019-09-26 09:49:06,633 DEBUG impl.RaftServerImpl (RaftServerImpl.java:requestVote(743)) - s0@group-5BD3E7F27A57: receive requestVote(s1, group-5BD3E7F27A57, 64, (t:3, i:3))
2019-09-26 09:49:06,633 DEBUG impl.RaftServerImpl (RaftServerImpl.java:requestVote(775)) - s0@group-5BD3E7F27A57 replies to vote request: s1<-s0#0:FAIL-t64. Peer's state: s0@group-5BD3E7F27A57:t64, leader=null, voted=s0, raftlog=s0@group-5BD3E7F27A57-SegmentedRaftLog:OPENED:c3,f4,i4, conf=3: [s0:0.0.0.0:41468, s1:0.0.0.0:41619, s2:0.0.0.0:44382], old=null
2019-09-26 09:49:06,667 INFO  impl.FollowerState (FollowerState.java:run(108)) - s2@group-5BD3E7F27A57-FollowerState: change to CANDIDATE, lastRpcTime:154ms, electionTimeout:154ms
2019-09-26 09:49:06,667 INFO  impl.RoleInfo (RoleInfo.java:shutdownFollowerState(121)) - s2: shutdown FollowerState
2019-09-26 09:49:06,667 INFO  impl.RaftServerImpl (RaftServerImpl.java:setRole(170)) - s2@group-5BD3E7F27A57: changes role from  FOLLOWER to CANDIDATE at term 63 for changeToCandidate
2019-09-26 09:49:06,667 INFO  impl.RoleInfo (RoleInfo.java:updateAndGet(143)) - s2: start LeaderElection
2019-09-26 09:49:06,681 INFO  impl.LeaderElection (LeaderElection.java:askForVotes(178)) - s2@group-5BD3E7F27A57-LeaderElection57: begin an election at term 64 for 3: [s0:0.0.0.0:41468, s1:0.0.0.0:41619, s2:0.0.0.0:44382], old=null
2019-09-26 09:49:06,682 DEBUG impl.RaftServerImpl (RaftServerImpl.java:requestVote(743)) - s0@group-5BD3E7F27A57: receive requestVote(s2, group-5BD3E7F27A57, 64, (t:4, i:3))
2019-09-26 09:49:06,682 DEBUG impl.RaftServerImpl (RaftServerImpl.java:requestVote(775)) - s0@group-5BD3E7F27A57 replies to vote request: s2<-s0#0:FAIL-t64. Peer's state: s0@group-5BD3E7F27A57:t64, leader=null, voted=s0, raftlog=s0@group-5BD3E7F27A57-SegmentedRaftLog:OPENED:c3,f4,i4, conf=3: [s0:0.0.0.0:41468, s1:0.0.0.0:41619, s2:0.0.0.0:44382], old=null
2019-09-26 09:49:06,719 INFO  impl.LeaderElection (LeaderElection.java:logAndReturn(56)) - s0@group-5BD3E7F27A57-LeaderElection56: Election TIMEOUT; received 0 response(s) [] and 0 exception(s); s0@group-5BD3E7F27A57:t64, leader=null, voted=s0, raftlog=s0@group-5BD3E7F27A57-SegmentedRaftLog:OPENED:c3,f4,i4, conf=3: [s0:0.0.0.0:41468, s1:0.0.0.0:41619, s2:0.0.0.0:44382], old=null
2019-09-26 09:49:06,732 INFO  impl.LeaderElection (LeaderElection.java:askForVotes(178)) - s0@group-5BD3E7F27A57-LeaderElection56: begin an election at term 65 for 3: [s0:0.0.0.0:41468, s1:0.0.0.0:41619, s2:0.0.0.0:44382], old=null
2019-09-26 09:49:06,839 INFO  impl.LeaderElection (LeaderElection.java:logAndReturn(56)) - s1@group-5BD3E7F27A57-LeaderElection53: Election TIMEOUT; received 1 response(s) [s1<-s0#0:FAIL-t64] and 0 exception(s); s1@group-5BD3E7F27A57:t64, leader=null, voted=s1, raftlog=s1@group-5BD3E7F27A57-SegmentedRaftLog:OPENED:c2,f3,i3, conf=2: [s0:0.0.0.0:41468, s1:0.0.0.0:41619, s2:0.0.0.0:44382], old=null
2019-09-26 09:49:06,853 INFO  impl.LeaderElection (LeaderElection.java:askForVotes(178)) - s1@group-5BD3E7F27A57-LeaderElection53: begin an election at term 65 for 2: [s0:0.0.0.0:41468, s1:0.0.0.0:41619, s2:0.0.0.0:44382], old=null
2019-09-26 09:49:06,853 DEBUG impl.RaftServerImpl (RaftServerImpl.java:requestVote(743)) - s0@group-5BD3E7F27A57: receive requestVote(s1, group-5BD3E7F27A57, 65, (t:3, i:3))
2019-09-26 09:49:06,854 DEBUG impl.RaftServerImpl (RaftServerImpl.java:requestVote(775)) - s0@group-5BD3E7F27A57 replies to vote request: s1<-s0#0:FAIL-t65. Peer's state: s0@group-5BD3E7F27A57:t65, leader=null, voted=s0, raftlog=s0@group-5BD3E7F27A57-SegmentedRaftLog:OPENED:c3,f4,i4, conf=3: [s0:0.0.0.0:41468, s1:0.0.0.0:41619, s2:0.0.0.0:44382], old=null
2019-09-26 09:49:06,892 INFO  impl.LeaderElection (LeaderElection.java:logAndReturn(56)) - s2@group-5BD3E7F27A57-LeaderElection57: Election TIMEOUT; received 1 response(s) [s2<-s0#0:FAIL-t64] and 0 exception(s); s2@group-5BD3E7F27A57:t64, leader=null, voted=s2, raftlog=s2@group-5BD3E7F27A57-SegmentedRaftLog:OPENED:c1,f3,i3, conf=3: [s0:0.0.0.0:41468, s1:0.0.0.0:41619, s2:0.0.0.0:44382], old=null
2019-09-26 09:49:06,905 INFO  impl.LeaderElection (LeaderElection.java:askForVotes(178)) - s2@group-5BD3E7F27A57-LeaderElection57: begin an election at term 65 for 3: [s0:0.0.0.0:41468, s1:0.0.0.0:41619, s2:0.0.0.0:44382], old=null
2019-09-26 09:49:06,906 DEBUG impl.RaftServerImpl (RaftServerImpl.java:requestVote(743)) - s0@group-5BD3E7F27A57: receive requestVote(s2, group-5BD3E7F27A57, 65, (t:4, i:3))
2019-09-26 09:49:06,906 DEBUG impl.RaftServerImpl (RaftServerImpl.java:requestVote(775)) - s0@group-5BD3E7F27A57 replies to vote request: s2<-s0#0:FAIL-t65. Peer's state: s0@group-5BD3E7F27A57:t65, leader=null, voted=s0, raftlog=s0@group-5BD3E7F27A57-SegmentedRaftLog:OPENED:c3,f4,i4, conf=3: [s0:0.0.0.0:41468, s1:0.0.0.0:41619, s2:0.0.0.0:44382], old=null
2019-09-26 09:49:06,935 INFO  impl.LeaderElection (LeaderElection.java:logAndReturn(56)) - s0@group-5BD3E7F27A57-LeaderElection56: Election TIMEOUT; received 0 response(s) [] and 0 exception(s); s0@group-5BD3E7F27A57:t65, leader=null, voted=s0, raftlog=s0@group-5BD3E7F27A57-SegmentedRaftLog:OPENED:c3,f4,i4, conf=3: [s0:0.0.0.0:41468, s1:0.0.0.0:41619, s2:0.0.0.0:44382], old=null
2019-09-26 09:49:06,950 INFO  impl.LeaderElection (LeaderElection.java:askForVotes(178)) - s0@group-5BD3E7F27A57-LeaderElection56: begin an election at term 66 for 3: [s0:0.0.0.0:41468, s1:0.0.0.0:41619, s2:0.0.0.0:44382], old=null
2019-09-26 09:49:07,073 WARN  ratis.RaftTestUtil (JavaUtils.java:attempt(158)) - FAILED "waitForLeader-null-(expectLeader? true)", attempt #31/100: java.lang.IllegalStateException: No leader yet : printing ALL groups
  s0:  RUNNING CANDIDATE s0@group-5BD3E7F27A57:t66, leader=null, voted=s0, raftlog=s0@group-5BD3E7F27A57-SegmentedRaftLog:OPENED:c3,f4,i4, conf=3: [s0:0.0.0.0:41468, s1:0.0.0.0:41619, s2:0.0.0.0:44382], old=null RUNNING
  s1:  RUNNING CANDIDATE s1@group-5BD3E7F27A57:t65, leader=null, voted=s1, raftlog=s1@group-5BD3E7F27A57-SegmentedRaftLog:OPENED:c2,f3,i3, conf=2: [s0:0.0.0.0:41468, s1:0.0.0.0:41619, s2:0.0.0.0:44382], old=null RUNNING
  s2:  RUNNING CANDIDATE s2@group-5BD3E7F27A57:t65, leader=null, voted=s2, raftlog=s2@group-5BD3E7F27A57-SegmentedRaftLog:OPENED:c1,f3,i3, conf=3: [s0:0.0.0.0:41468, s1:0.0.0.0:41619, s2:0.0.0.0:44382], old=null RUNNING, sleep 450ms and then retry.
java.lang.IllegalStateException: No leader yet : printing ALL groups
  s0:  RUNNING CANDIDATE s0@group-5BD3E7F27A57:t66, leader=null, voted=s0, raftlog=s0@group-5BD3E7F27A57-SegmentedRaftLog:OPENED:c3,f4,i4, conf=3: [s0:0.0.0.0:41468, s1:0.0.0.0:41619, s2:0.0.0.0:44382], old=null RUNNING
  s1:  RUNNING CANDIDATE s1@group-5BD3E7F27A57:t65, leader=null, voted=s1, raftlog=s1@group-5BD3E7F27A57-SegmentedRaftLog:OPENED:c2,f3,i3, conf=2: [s0:0.0.0.0:41468, s1:0.0.0.0:41619, s2:0.0.0.0:44382], old=null RUNNING
  s2:  RUNNING CANDIDATE s2@group-5BD3E7F27A57:t65, leader=null, voted=s2, raftlog=s2@group-5BD3E7F27A57-SegmentedRaftLog:OPENED:c1,f3,i3, conf=3: [s0:0.0.0.0:41468, s1:0.0.0.0:41619, s2:0.0.0.0:44382], old=null RUNNING
	at org.apache.ratis.MiniRaftCluster.newIllegalStateExceptionForNoLeaders(MiniRaftCluster.java:506)
	at org.apache.ratis.RaftTestUtil.lambda$waitForLeader$1(RaftTestUtil.java:90)
	at org.apache.ratis.MiniRaftCluster.getLeader(MiniRaftCluster.java:539)
	at org.apache.ratis.MiniRaftCluster.getLeader(MiniRaftCluster.java:532)
	at org.apache.ratis.RaftTestUtil.lambda$waitForLeader$3(RaftTestUtil.java:98)
	at org.apache.ratis.util.JavaUtils.attempt(JavaUtils.java:152)
	at org.apache.ratis.RaftTestUtil.waitForLeader(RaftTestUtil.java:97)
	at org.apache.ratis.RaftTestUtil.waitForLeader(RaftTestUtil.java:77)
	at org.apache.ratis.RaftTestUtil.waitForLeader(RaftTestUtil.java:72)
	at org.apache.ratis.RaftTestUtil.lambda$changeLeader$7(RaftTestUtil.java:363)
	at org.apache.ratis.util.JavaUtils.attempt(JavaUtils.java:152)
	at org.apache.ratis.RaftTestUtil.changeLeader(RaftTestUtil.java:362)
	at org.apache.ratis.server.impl.LeaderElectionTests.testChangeLeader(LeaderElectionTests.java:81)
	at sun.reflect.NativeMethodAccessorImpl.invoke0(Native Method)
	at sun.reflect.NativeMethodAccessorImpl.invoke(NativeMethodAccessorImpl.java:62)
	at sun.reflect.DelegatingMethodAccessorImpl.invoke(DelegatingMethodAccessorImpl.java:43)
	at java.lang.reflect.Method.invoke(Method.java:498)
	at org.junit.runners.model.FrameworkMethod$1.runReflectiveCall(FrameworkMethod.java:50)
	at org.junit.internal.runners.model.ReflectiveCallable.run(ReflectiveCallable.java:12)
	at org.junit.runners.model.FrameworkMethod.invokeExplosively(FrameworkMethod.java:47)
	at org.junit.internal.runners.statements.InvokeMethod.evaluate(InvokeMethod.java:17)
	at org.junit.internal.runners.statements.RunAfters.evaluate(RunAfters.java:27)
	at org.junit.internal.runners.statements.FailOnTimeout$CallableStatement.call(FailOnTimeout.java:298)
	at org.junit.internal.runners.statements.FailOnTimeout$CallableStatement.call(FailOnTimeout.java:292)
	at java.util.concurrent.FutureTask.run(FutureTask.java:266)
	at java.lang.Thread.run(Thread.java:748)
2019-09-26 09:49:07,076 INFO  impl.LeaderElection (LeaderElection.java:logAndReturn(56)) - s1@group-5BD3E7F27A57-LeaderElection53: Election TIMEOUT; received 1 response(s) [s1<-s0#0:FAIL-t65] and 0 exception(s); s1@group-5BD3E7F27A57:t65, leader=null, voted=s1, raftlog=s1@group-5BD3E7F27A57-SegmentedRaftLog:OPENED:c2,f3,i3, conf=2: [s0:0.0.0.0:41468, s1:0.0.0.0:41619, s2:0.0.0.0:44382], old=null
2019-09-26 09:49:07,088 INFO  impl.LeaderElection (LeaderElection.java:askForVotes(178)) - s1@group-5BD3E7F27A57-LeaderElection53: begin an election at term 66 for 2: [s0:0.0.0.0:41468, s1:0.0.0.0:41619, s2:0.0.0.0:44382], old=null
2019-09-26 09:49:07,089 DEBUG impl.RaftServerImpl (RaftServerImpl.java:requestVote(743)) - s0@group-5BD3E7F27A57: receive requestVote(s1, group-5BD3E7F27A57, 66, (t:3, i:3))
2019-09-26 09:49:07,089 DEBUG impl.RaftServerImpl (RaftServerImpl.java:requestVote(775)) - s0@group-5BD3E7F27A57 replies to vote request: s1<-s0#0:FAIL-t66. Peer's state: s0@group-5BD3E7F27A57:t66, leader=null, voted=s0, raftlog=s0@group-5BD3E7F27A57-SegmentedRaftLog:OPENED:c3,f4,i4, conf=3: [s0:0.0.0.0:41468, s1:0.0.0.0:41619, s2:0.0.0.0:44382], old=null
2019-09-26 09:49:07,095 INFO  impl.LeaderElection (LeaderElection.java:logAndReturn(56)) - s2@group-5BD3E7F27A57-LeaderElection57: Election TIMEOUT; received 1 response(s) [s2<-s0#0:FAIL-t65] and 0 exception(s); s2@group-5BD3E7F27A57:t65, leader=null, voted=s2, raftlog=s2@group-5BD3E7F27A57-SegmentedRaftLog:OPENED:c1,f3,i3, conf=3: [s0:0.0.0.0:41468, s1:0.0.0.0:41619, s2:0.0.0.0:44382], old=null
2019-09-26 09:49:07,110 INFO  impl.LeaderElection (LeaderElection.java:askForVotes(178)) - s2@group-5BD3E7F27A57-LeaderElection57: begin an election at term 66 for 3: [s0:0.0.0.0:41468, s1:0.0.0.0:41619, s2:0.0.0.0:44382], old=null
2019-09-26 09:49:07,110 DEBUG impl.RaftServerImpl (RaftServerImpl.java:requestVote(743)) - s0@group-5BD3E7F27A57: receive requestVote(s2, group-5BD3E7F27A57, 66, (t:4, i:3))
2019-09-26 09:49:07,110 DEBUG impl.RaftServerImpl (RaftServerImpl.java:requestVote(775)) - s0@group-5BD3E7F27A57 replies to vote request: s2<-s0#0:FAIL-t66. Peer's state: s0@group-5BD3E7F27A57:t66, leader=null, voted=s0, raftlog=s0@group-5BD3E7F27A57-SegmentedRaftLog:OPENED:c3,f4,i4, conf=3: [s0:0.0.0.0:41468, s1:0.0.0.0:41619, s2:0.0.0.0:44382], old=null
2019-09-26 09:49:07,238 INFO  impl.LeaderElection (LeaderElection.java:logAndReturn(56)) - s0@group-5BD3E7F27A57-LeaderElection56: Election TIMEOUT; received 0 response(s) [] and 0 exception(s); s0@group-5BD3E7F27A57:t66, leader=null, voted=s0, raftlog=s0@group-5BD3E7F27A57-SegmentedRaftLog:OPENED:c3,f4,i4, conf=3: [s0:0.0.0.0:41468, s1:0.0.0.0:41619, s2:0.0.0.0:44382], old=null
2019-09-26 09:49:07,251 INFO  impl.LeaderElection (LeaderElection.java:askForVotes(178)) - s0@group-5BD3E7F27A57-LeaderElection56: begin an election at term 67 for 3: [s0:0.0.0.0:41468, s1:0.0.0.0:41619, s2:0.0.0.0:44382], old=null
2019-09-26 09:49:07,331 INFO  impl.LeaderElection (LeaderElection.java:logAndReturn(56)) - s1@group-5BD3E7F27A57-LeaderElection53: Election TIMEOUT; received 1 response(s) [s1<-s0#0:FAIL-t66] and 0 exception(s); s1@group-5BD3E7F27A57:t66, leader=null, voted=s1, raftlog=s1@group-5BD3E7F27A57-SegmentedRaftLog:OPENED:c2,f3,i3, conf=2: [s0:0.0.0.0:41468, s1:0.0.0.0:41619, s2:0.0.0.0:44382], old=null
2019-09-26 09:49:07,344 INFO  impl.LeaderElection (LeaderElection.java:askForVotes(178)) - s1@group-5BD3E7F27A57-LeaderElection53: begin an election at term 67 for 2: [s0:0.0.0.0:41468, s1:0.0.0.0:41619, s2:0.0.0.0:44382], old=null
2019-09-26 09:49:07,345 DEBUG impl.RaftServerImpl (RaftServerImpl.java:requestVote(743)) - s0@group-5BD3E7F27A57: receive requestVote(s1, group-5BD3E7F27A57, 67, (t:3, i:3))
2019-09-26 09:49:07,345 DEBUG impl.RaftServerImpl (RaftServerImpl.java:requestVote(775)) - s0@group-5BD3E7F27A57 replies to vote request: s1<-s0#0:FAIL-t67. Peer's state: s0@group-5BD3E7F27A57:t67, leader=null, voted=s0, raftlog=s0@group-5BD3E7F27A57-SegmentedRaftLog:OPENED:c3,f4,i4, conf=3: [s0:0.0.0.0:41468, s1:0.0.0.0:41619, s2:0.0.0.0:44382], old=null
2019-09-26 09:49:07,369 INFO  impl.LeaderElection (LeaderElection.java:logAndReturn(56)) - s2@group-5BD3E7F27A57-LeaderElection57: Election TIMEOUT; received 1 response(s) [s2<-s0#0:FAIL-t66] and 0 exception(s); s2@group-5BD3E7F27A57:t66, leader=null, voted=s2, raftlog=s2@group-5BD3E7F27A57-SegmentedRaftLog:OPENED:c1,f3,i3, conf=3: [s0:0.0.0.0:41468, s1:0.0.0.0:41619, s2:0.0.0.0:44382], old=null
2019-09-26 09:49:07,384 INFO  impl.LeaderElection (LeaderElection.java:askForVotes(178)) - s2@group-5BD3E7F27A57-LeaderElection57: begin an election at term 67 for 3: [s0:0.0.0.0:41468, s1:0.0.0.0:41619, s2:0.0.0.0:44382], old=null
2019-09-26 09:49:07,384 DEBUG impl.RaftServerImpl (RaftServerImpl.java:requestVote(743)) - s0@group-5BD3E7F27A57: receive requestVote(s2, group-5BD3E7F27A57, 67, (t:4, i:3))
2019-09-26 09:49:07,384 DEBUG impl.RaftServerImpl (RaftServerImpl.java:requestVote(775)) - s0@group-5BD3E7F27A57 replies to vote request: s2<-s0#0:FAIL-t67. Peer's state: s0@group-5BD3E7F27A57:t67, leader=null, voted=s0, raftlog=s0@group-5BD3E7F27A57-SegmentedRaftLog:OPENED:c3,f4,i4, conf=3: [s0:0.0.0.0:41468, s1:0.0.0.0:41619, s2:0.0.0.0:44382], old=null
2019-09-26 09:49:07,429 INFO  impl.LeaderElection (LeaderElection.java:logAndReturn(56)) - s0@group-5BD3E7F27A57-LeaderElection56: Election TIMEOUT; received 0 response(s) [] and 0 exception(s); s0@group-5BD3E7F27A57:t67, leader=null, voted=s0, raftlog=s0@group-5BD3E7F27A57-SegmentedRaftLog:OPENED:c3,f4,i4, conf=3: [s0:0.0.0.0:41468, s1:0.0.0.0:41619, s2:0.0.0.0:44382], old=null
2019-09-26 09:49:07,441 INFO  impl.LeaderElection (LeaderElection.java:askForVotes(178)) - s0@group-5BD3E7F27A57-LeaderElection56: begin an election at term 68 for 3: [s0:0.0.0.0:41468, s1:0.0.0.0:41619, s2:0.0.0.0:44382], old=null
2019-09-26 09:49:07,524 WARN  ratis.RaftTestUtil (JavaUtils.java:attempt(158)) - FAILED "waitForLeader-null-(expectLeader? true)", attempt #32/100: java.lang.IllegalStateException: No leader yet : printing ALL groups
  s0:  RUNNING CANDIDATE s0@group-5BD3E7F27A57:t68, leader=null, voted=s0, raftlog=s0@group-5BD3E7F27A57-SegmentedRaftLog:OPENED:c3,f4,i4, conf=3: [s0:0.0.0.0:41468, s1:0.0.0.0:41619, s2:0.0.0.0:44382], old=null RUNNING
  s1:  RUNNING CANDIDATE s1@group-5BD3E7F27A57:t67, leader=null, voted=s1, raftlog=s1@group-5BD3E7F27A57-SegmentedRaftLog:OPENED:c2,f3,i3, conf=2: [s0:0.0.0.0:41468, s1:0.0.0.0:41619, s2:0.0.0.0:44382], old=null RUNNING
  s2:  RUNNING CANDIDATE s2@group-5BD3E7F27A57:t67, leader=null, voted=s2, raftlog=s2@group-5BD3E7F27A57-SegmentedRaftLog:OPENED:c1,f3,i3, conf=3: [s0:0.0.0.0:41468, s1:0.0.0.0:41619, s2:0.0.0.0:44382], old=null RUNNING, sleep 450ms and then retry.
java.lang.IllegalStateException: No leader yet : printing ALL groups
  s0:  RUNNING CANDIDATE s0@group-5BD3E7F27A57:t68, leader=null, voted=s0, raftlog=s0@group-5BD3E7F27A57-SegmentedRaftLog:OPENED:c3,f4,i4, conf=3: [s0:0.0.0.0:41468, s1:0.0.0.0:41619, s2:0.0.0.0:44382], old=null RUNNING
  s1:  RUNNING CANDIDATE s1@group-5BD3E7F27A57:t67, leader=null, voted=s1, raftlog=s1@group-5BD3E7F27A57-SegmentedRaftLog:OPENED:c2,f3,i3, conf=2: [s0:0.0.0.0:41468, s1:0.0.0.0:41619, s2:0.0.0.0:44382], old=null RUNNING
  s2:  RUNNING CANDIDATE s2@group-5BD3E7F27A57:t67, leader=null, voted=s2, raftlog=s2@group-5BD3E7F27A57-SegmentedRaftLog:OPENED:c1,f3,i3, conf=3: [s0:0.0.0.0:41468, s1:0.0.0.0:41619, s2:0.0.0.0:44382], old=null RUNNING
	at org.apache.ratis.MiniRaftCluster.newIllegalStateExceptionForNoLeaders(MiniRaftCluster.java:506)
	at org.apache.ratis.RaftTestUtil.lambda$waitForLeader$1(RaftTestUtil.java:90)
	at org.apache.ratis.MiniRaftCluster.getLeader(MiniRaftCluster.java:539)
	at org.apache.ratis.MiniRaftCluster.getLeader(MiniRaftCluster.java:532)
	at org.apache.ratis.RaftTestUtil.lambda$waitForLeader$3(RaftTestUtil.java:98)
	at org.apache.ratis.util.JavaUtils.attempt(JavaUtils.java:152)
	at org.apache.ratis.RaftTestUtil.waitForLeader(RaftTestUtil.java:97)
	at org.apache.ratis.RaftTestUtil.waitForLeader(RaftTestUtil.java:77)
	at org.apache.ratis.RaftTestUtil.waitForLeader(RaftTestUtil.java:72)
	at org.apache.ratis.RaftTestUtil.lambda$changeLeader$7(RaftTestUtil.java:363)
	at org.apache.ratis.util.JavaUtils.attempt(JavaUtils.java:152)
	at org.apache.ratis.RaftTestUtil.changeLeader(RaftTestUtil.java:362)
	at org.apache.ratis.server.impl.LeaderElectionTests.testChangeLeader(LeaderElectionTests.java:81)
	at sun.reflect.NativeMethodAccessorImpl.invoke0(Native Method)
	at sun.reflect.NativeMethodAccessorImpl.invoke(NativeMethodAccessorImpl.java:62)
	at sun.reflect.DelegatingMethodAccessorImpl.invoke(DelegatingMethodAccessorImpl.java:43)
	at java.lang.reflect.Method.invoke(Method.java:498)
	at org.junit.runners.model.FrameworkMethod$1.runReflectiveCall(FrameworkMethod.java:50)
	at org.junit.internal.runners.model.ReflectiveCallable.run(ReflectiveCallable.java:12)
	at org.junit.runners.model.FrameworkMethod.invokeExplosively(FrameworkMethod.java:47)
	at org.junit.internal.runners.statements.InvokeMethod.evaluate(InvokeMethod.java:17)
	at org.junit.internal.runners.statements.RunAfters.evaluate(RunAfters.java:27)
	at org.junit.internal.runners.statements.FailOnTimeout$CallableStatement.call(FailOnTimeout.java:298)
	at org.junit.internal.runners.statements.FailOnTimeout$CallableStatement.call(FailOnTimeout.java:292)
	at java.util.concurrent.FutureTask.run(FutureTask.java:266)
	at java.lang.Thread.run(Thread.java:748)
2019-09-26 09:49:07,575 INFO  impl.LeaderElection (LeaderElection.java:logAndReturn(56)) - s1@group-5BD3E7F27A57-LeaderElection53: Election TIMEOUT; received 1 response(s) [s1<-s0#0:FAIL-t67] and 0 exception(s); s1@group-5BD3E7F27A57:t67, leader=null, voted=s1, raftlog=s1@group-5BD3E7F27A57-SegmentedRaftLog:OPENED:c2,f3,i3, conf=2: [s0:0.0.0.0:41468, s1:0.0.0.0:41619, s2:0.0.0.0:44382], old=null
2019-09-26 09:49:07,588 INFO  impl.LeaderElection (LeaderElection.java:askForVotes(178)) - s1@group-5BD3E7F27A57-LeaderElection53: begin an election at term 68 for 2: [s0:0.0.0.0:41468, s1:0.0.0.0:41619, s2:0.0.0.0:44382], old=null
2019-09-26 09:49:07,589 DEBUG impl.RaftServerImpl (RaftServerImpl.java:requestVote(743)) - s0@group-5BD3E7F27A57: receive requestVote(s1, group-5BD3E7F27A57, 68, (t:3, i:3))
2019-09-26 09:49:07,589 DEBUG impl.RaftServerImpl (RaftServerImpl.java:requestVote(775)) - s0@group-5BD3E7F27A57 replies to vote request: s1<-s0#0:FAIL-t68. Peer's state: s0@group-5BD3E7F27A57:t68, leader=null, voted=s0, raftlog=s0@group-5BD3E7F27A57-SegmentedRaftLog:OPENED:c3,f4,i4, conf=3: [s0:0.0.0.0:41468, s1:0.0.0.0:41619, s2:0.0.0.0:44382], old=null
2019-09-26 09:49:07,611 INFO  impl.LeaderElection (LeaderElection.java:logAndReturn(56)) - s0@group-5BD3E7F27A57-LeaderElection56: Election TIMEOUT; received 0 response(s) [] and 0 exception(s); s0@group-5BD3E7F27A57:t68, leader=null, voted=s0, raftlog=s0@group-5BD3E7F27A57-SegmentedRaftLog:OPENED:c3,f4,i4, conf=3: [s0:0.0.0.0:41468, s1:0.0.0.0:41619, s2:0.0.0.0:44382], old=null
2019-09-26 09:49:07,625 INFO  impl.LeaderElection (LeaderElection.java:askForVotes(178)) - s0@group-5BD3E7F27A57-LeaderElection56: begin an election at term 69 for 3: [s0:0.0.0.0:41468, s1:0.0.0.0:41619, s2:0.0.0.0:44382], old=null
2019-09-26 09:49:07,629 INFO  impl.LeaderElection (LeaderElection.java:logAndReturn(56)) - s2@group-5BD3E7F27A57-LeaderElection57: Election TIMEOUT; received 1 response(s) [s2<-s0#0:FAIL-t67] and 0 exception(s); s2@group-5BD3E7F27A57:t67, leader=null, voted=s2, raftlog=s2@group-5BD3E7F27A57-SegmentedRaftLog:OPENED:c1,f3,i3, conf=3: [s0:0.0.0.0:41468, s1:0.0.0.0:41619, s2:0.0.0.0:44382], old=null
2019-09-26 09:49:07,644 INFO  impl.LeaderElection (LeaderElection.java:askForVotes(178)) - s2@group-5BD3E7F27A57-LeaderElection57: begin an election at term 68 for 3: [s0:0.0.0.0:41468, s1:0.0.0.0:41619, s2:0.0.0.0:44382], old=null
2019-09-26 09:49:07,645 DEBUG impl.RaftServerImpl (RaftServerImpl.java:requestVote(743)) - s0@group-5BD3E7F27A57: receive requestVote(s2, group-5BD3E7F27A57, 68, (t:4, i:3))
2019-09-26 09:49:07,645 DEBUG impl.RaftServerImpl (RaftServerImpl.java:requestVote(775)) - s0@group-5BD3E7F27A57 replies to vote request: s2<-s0#0:FAIL-t69. Peer's state: s0@group-5BD3E7F27A57:t69, leader=null, voted=s0, raftlog=s0@group-5BD3E7F27A57-SegmentedRaftLog:OPENED:c3,f4,i4, conf=3: [s0:0.0.0.0:41468, s1:0.0.0.0:41619, s2:0.0.0.0:44382], old=null
2019-09-26 09:49:07,645 INFO  impl.LeaderElection (LeaderElection.java:logAndReturn(56)) - s2@group-5BD3E7F27A57-LeaderElection57: Election DISCOVERED_A_NEW_TERM; received 1 response(s) [s2<-s0#0:FAIL-t69] and 0 exception(s); s2@group-5BD3E7F27A57:t68, leader=null, voted=s2, raftlog=s2@group-5BD3E7F27A57-SegmentedRaftLog:OPENED:c1,f3,i3, conf=3: [s0:0.0.0.0:41468, s1:0.0.0.0:41619, s2:0.0.0.0:44382], old=null
2019-09-26 09:49:07,645 INFO  impl.RaftServerImpl (RaftServerImpl.java:setRole(170)) - s2@group-5BD3E7F27A57: changes role from CANDIDATE to FOLLOWER at term 69 for DISCOVERED_A_NEW_TERM
2019-09-26 09:49:07,645 INFO  impl.RoleInfo (RoleInfo.java:shutdownLeaderElection(134)) - s2: shutdown LeaderElection
2019-09-26 09:49:07,645 INFO  impl.RoleInfo (RoleInfo.java:updateAndGet(143)) - s2: start FollowerState
2019-09-26 09:49:07,831 INFO  impl.FollowerState (FollowerState.java:run(108)) - s2@group-5BD3E7F27A57-FollowerState: change to CANDIDATE, lastRpcTime:185ms, electionTimeout:185ms
2019-09-26 09:49:07,831 INFO  impl.RoleInfo (RoleInfo.java:shutdownFollowerState(121)) - s2: shutdown FollowerState
2019-09-26 09:49:07,831 INFO  impl.RaftServerImpl (RaftServerImpl.java:setRole(170)) - s2@group-5BD3E7F27A57: changes role from  FOLLOWER to CANDIDATE at term 69 for changeToCandidate
2019-09-26 09:49:07,831 INFO  impl.RoleInfo (RoleInfo.java:updateAndGet(143)) - s2: start LeaderElection
2019-09-26 09:49:07,844 INFO  impl.LeaderElection (LeaderElection.java:askForVotes(178)) - s2@group-5BD3E7F27A57-LeaderElection58: begin an election at term 70 for 3: [s0:0.0.0.0:41468, s1:0.0.0.0:41619, s2:0.0.0.0:44382], old=null
2019-09-26 09:49:07,845 DEBUG impl.RaftServerImpl (RaftServerImpl.java:requestVote(743)) - s0@group-5BD3E7F27A57: receive requestVote(s2, group-5BD3E7F27A57, 70, (t:4, i:3))
2019-09-26 09:49:07,845 INFO  impl.RaftServerImpl (RaftServerImpl.java:setRole(170)) - s0@group-5BD3E7F27A57: changes role from CANDIDATE to FOLLOWER at term 70 for recognizeCandidate:s2
2019-09-26 09:49:07,845 INFO  impl.RoleInfo (RoleInfo.java:shutdownLeaderElection(134)) - s0: shutdown LeaderElection
2019-09-26 09:49:07,845 INFO  impl.RoleInfo (RoleInfo.java:updateAndGet(143)) - s0: start FollowerState
2019-09-26 09:49:07,859 INFO  impl.LeaderElection (LeaderElection.java:logAndReturn(56)) - s1@group-5BD3E7F27A57-LeaderElection53: Election TIMEOUT; received 1 response(s) [s1<-s0#0:FAIL-t68] and 0 exception(s); s1@group-5BD3E7F27A57:t68, leader=null, voted=s1, raftlog=s1@group-5BD3E7F27A57-SegmentedRaftLog:OPENED:c2,f3,i3, conf=2: [s0:0.0.0.0:41468, s1:0.0.0.0:41619, s2:0.0.0.0:44382], old=null
2019-09-26 09:49:07,869 DEBUG impl.RaftServerImpl (RaftServerImpl.java:requestVote(775)) - s0@group-5BD3E7F27A57 replies to vote request: s2<-s0#0:FAIL-t70. Peer's state: s0@group-5BD3E7F27A57:t70, leader=null, voted=null, raftlog=s0@group-5BD3E7F27A57-SegmentedRaftLog:OPENED:c3,f4,i4, conf=3: [s0:0.0.0.0:41468, s1:0.0.0.0:41619, s2:0.0.0.0:44382], old=null
2019-09-26 09:49:07,869 INFO  impl.LeaderElection (LeaderElection.java:askForVotes(178)) - s1@group-5BD3E7F27A57-LeaderElection53: begin an election at term 69 for 2: [s0:0.0.0.0:41468, s1:0.0.0.0:41619, s2:0.0.0.0:44382], old=null
2019-09-26 09:49:07,870 DEBUG impl.RaftServerImpl (RaftServerImpl.java:requestVote(743)) - s0@group-5BD3E7F27A57: receive requestVote(s1, group-5BD3E7F27A57, 69, (t:3, i:3))
2019-09-26 09:49:07,870 DEBUG impl.RaftServerImpl (RaftServerImpl.java:requestVote(775)) - s0@group-5BD3E7F27A57 replies to vote request: s1<-s0#0:FAIL-t70. Peer's state: s0@group-5BD3E7F27A57:t70, leader=null, voted=null, raftlog=s0@group-5BD3E7F27A57-SegmentedRaftLog:OPENED:c3,f4,i4, conf=3: [s0:0.0.0.0:41468, s1:0.0.0.0:41619, s2:0.0.0.0:44382], old=null
2019-09-26 09:49:07,870 INFO  impl.LeaderElection (LeaderElection.java:logAndReturn(56)) - s1@group-5BD3E7F27A57-LeaderElection53: Election DISCOVERED_A_NEW_TERM; received 1 response(s) [s1<-s0#0:FAIL-t70] and 0 exception(s); s1@group-5BD3E7F27A57:t69, leader=null, voted=s1, raftlog=s1@group-5BD3E7F27A57-SegmentedRaftLog:OPENED:c2,f3,i3, conf=2: [s0:0.0.0.0:41468, s1:0.0.0.0:41619, s2:0.0.0.0:44382], old=null
2019-09-26 09:49:07,870 INFO  impl.RaftServerImpl (RaftServerImpl.java:setRole(170)) - s1@group-5BD3E7F27A57: changes role from CANDIDATE to FOLLOWER at term 70 for DISCOVERED_A_NEW_TERM
2019-09-26 09:49:07,870 INFO  impl.RoleInfo (RoleInfo.java:shutdownLeaderElection(134)) - s1: shutdown LeaderElection
2019-09-26 09:49:07,871 INFO  impl.RoleInfo (RoleInfo.java:updateAndGet(143)) - s1: start FollowerState
2019-09-26 09:49:07,886 INFO  impl.LeaderElection (LeaderElection.java:logAndReturn(56)) - s0@group-5BD3E7F27A57-LeaderElection56: Election REJECTED; received 0 response(s) [] and 0 exception(s); s0@group-5BD3E7F27A57:t70, leader=null, voted=null, raftlog=s0@group-5BD3E7F27A57-SegmentedRaftLog:OPENED:c3,f4,i4, conf=3: [s0:0.0.0.0:41468, s1:0.0.0.0:41619, s2:0.0.0.0:44382], old=null
2019-09-26 09:49:07,976 WARN  ratis.RaftTestUtil (JavaUtils.java:attempt(158)) - FAILED "waitForLeader-null-(expectLeader? true)", attempt #33/100: java.lang.IllegalStateException: No leader yet : printing ALL groups
  s0:  RUNNING  FOLLOWER s0@group-5BD3E7F27A57:t70, leader=null, voted=null, raftlog=s0@group-5BD3E7F27A57-SegmentedRaftLog:OPENED:c3,f4,i4, conf=3: [s0:0.0.0.0:41468, s1:0.0.0.0:41619, s2:0.0.0.0:44382], old=null RUNNING
  s1:  RUNNING  FOLLOWER s1@group-5BD3E7F27A57:t70, leader=null, voted=null, raftlog=s1@group-5BD3E7F27A57-SegmentedRaftLog:OPENED:c2,f3,i3, conf=2: [s0:0.0.0.0:41468, s1:0.0.0.0:41619, s2:0.0.0.0:44382], old=null RUNNING
  s2:  RUNNING CANDIDATE s2@group-5BD3E7F27A57:t70, leader=null, voted=s2, raftlog=s2@group-5BD3E7F27A57-SegmentedRaftLog:OPENED:c1,f3,i3, conf=3: [s0:0.0.0.0:41468, s1:0.0.0.0:41619, s2:0.0.0.0:44382], old=null RUNNING, sleep 450ms and then retry.
java.lang.IllegalStateException: No leader yet : printing ALL groups
  s0:  RUNNING  FOLLOWER s0@group-5BD3E7F27A57:t70, leader=null, voted=null, raftlog=s0@group-5BD3E7F27A57-SegmentedRaftLog:OPENED:c3,f4,i4, conf=3: [s0:0.0.0.0:41468, s1:0.0.0.0:41619, s2:0.0.0.0:44382], old=null RUNNING
  s1:  RUNNING  FOLLOWER s1@group-5BD3E7F27A57:t70, leader=null, voted=null, raftlog=s1@group-5BD3E7F27A57-SegmentedRaftLog:OPENED:c2,f3,i3, conf=2: [s0:0.0.0.0:41468, s1:0.0.0.0:41619, s2:0.0.0.0:44382], old=null RUNNING
  s2:  RUNNING CANDIDATE s2@group-5BD3E7F27A57:t70, leader=null, voted=s2, raftlog=s2@group-5BD3E7F27A57-SegmentedRaftLog:OPENED:c1,f3,i3, conf=3: [s0:0.0.0.0:41468, s1:0.0.0.0:41619, s2:0.0.0.0:44382], old=null RUNNING
	at org.apache.ratis.MiniRaftCluster.newIllegalStateExceptionForNoLeaders(MiniRaftCluster.java:506)
	at org.apache.ratis.RaftTestUtil.lambda$waitForLeader$1(RaftTestUtil.java:90)
	at org.apache.ratis.MiniRaftCluster.getLeader(MiniRaftCluster.java:539)
	at org.apache.ratis.MiniRaftCluster.getLeader(MiniRaftCluster.java:532)
	at org.apache.ratis.RaftTestUtil.lambda$waitForLeader$3(RaftTestUtil.java:98)
	at org.apache.ratis.util.JavaUtils.attempt(JavaUtils.java:152)
	at org.apache.ratis.RaftTestUtil.waitForLeader(RaftTestUtil.java:97)
	at org.apache.ratis.RaftTestUtil.waitForLeader(RaftTestUtil.java:77)
	at org.apache.ratis.RaftTestUtil.waitForLeader(RaftTestUtil.java:72)
	at org.apache.ratis.RaftTestUtil.lambda$changeLeader$7(RaftTestUtil.java:363)
	at org.apache.ratis.util.JavaUtils.attempt(JavaUtils.java:152)
	at org.apache.ratis.RaftTestUtil.changeLeader(RaftTestUtil.java:362)
	at org.apache.ratis.server.impl.LeaderElectionTests.testChangeLeader(LeaderElectionTests.java:81)
	at sun.reflect.NativeMethodAccessorImpl.invoke0(Native Method)
	at sun.reflect.NativeMethodAccessorImpl.invoke(NativeMethodAccessorImpl.java:62)
	at sun.reflect.DelegatingMethodAccessorImpl.invoke(DelegatingMethodAccessorImpl.java:43)
	at java.lang.reflect.Method.invoke(Method.java:498)
	at org.junit.runners.model.FrameworkMethod$1.runReflectiveCall(FrameworkMethod.java:50)
	at org.junit.internal.runners.model.ReflectiveCallable.run(ReflectiveCallable.java:12)
	at org.junit.runners.model.FrameworkMethod.invokeExplosively(FrameworkMethod.java:47)
	at org.junit.internal.runners.statements.InvokeMethod.evaluate(InvokeMethod.java:17)
	at org.junit.internal.runners.statements.RunAfters.evaluate(RunAfters.java:27)
	at org.junit.internal.runners.statements.FailOnTimeout$CallableStatement.call(FailOnTimeout.java:298)
	at org.junit.internal.runners.statements.FailOnTimeout$CallableStatement.call(FailOnTimeout.java:292)
	at java.util.concurrent.FutureTask.run(FutureTask.java:266)
	at java.lang.Thread.run(Thread.java:748)
2019-09-26 09:49:08,030 INFO  impl.LeaderElection (LeaderElection.java:logAndReturn(56)) - s2@group-5BD3E7F27A57-LeaderElection58: Election TIMEOUT; received 1 response(s) [s2<-s0#0:FAIL-t70] and 0 exception(s); s2@group-5BD3E7F27A57:t70, leader=null, voted=s2, raftlog=s2@group-5BD3E7F27A57-SegmentedRaftLog:OPENED:c1,f3,i3, conf=3: [s0:0.0.0.0:41468, s1:0.0.0.0:41619, s2:0.0.0.0:44382], old=null
2019-09-26 09:49:08,044 INFO  impl.LeaderElection (LeaderElection.java:askForVotes(178)) - s2@group-5BD3E7F27A57-LeaderElection58: begin an election at term 71 for 3: [s0:0.0.0.0:41468, s1:0.0.0.0:41619, s2:0.0.0.0:44382], old=null
2019-09-26 09:49:08,044 DEBUG impl.RaftServerImpl (RaftServerImpl.java:requestVote(743)) - s0@group-5BD3E7F27A57: receive requestVote(s2, group-5BD3E7F27A57, 71, (t:4, i:3))
2019-09-26 09:49:08,045 INFO  impl.RaftServerImpl (RaftServerImpl.java:setRole(170)) - s0@group-5BD3E7F27A57: changes role from  FOLLOWER to FOLLOWER at term 71 for recognizeCandidate:s2
2019-09-26 09:49:08,045 INFO  impl.RoleInfo (RoleInfo.java:shutdownFollowerState(121)) - s0: shutdown FollowerState
2019-09-26 09:49:08,045 INFO  impl.RoleInfo (RoleInfo.java:updateAndGet(143)) - s0: start FollowerState
2019-09-26 09:49:08,045 INFO  impl.FollowerState (FollowerState.java:run(117)) - s0@group-5BD3E7F27A57-FollowerState was interrupted: java.lang.InterruptedException: sleep interrupted
2019-09-26 09:49:08,058 DEBUG impl.RaftServerImpl (RaftServerImpl.java:requestVote(775)) - s0@group-5BD3E7F27A57 replies to vote request: s2<-s0#0:FAIL-t71. Peer's state: s0@group-5BD3E7F27A57:t71, leader=null, voted=null, raftlog=s0@group-5BD3E7F27A57-SegmentedRaftLog:OPENED:c3,f4,i4, conf=3: [s0:0.0.0.0:41468, s1:0.0.0.0:41619, s2:0.0.0.0:44382], old=null
2019-09-26 09:49:08,136 INFO  impl.FollowerState (FollowerState.java:run(108)) - s1@group-5BD3E7F27A57-FollowerState: change to CANDIDATE, lastRpcTime:265ms, electionTimeout:265ms
2019-09-26 09:49:08,136 INFO  impl.RoleInfo (RoleInfo.java:shutdownFollowerState(121)) - s1: shutdown FollowerState
2019-09-26 09:49:08,136 INFO  impl.RaftServerImpl (RaftServerImpl.java:setRole(170)) - s1@group-5BD3E7F27A57: changes role from  FOLLOWER to CANDIDATE at term 70 for changeToCandidate
2019-09-26 09:49:08,136 INFO  impl.RoleInfo (RoleInfo.java:updateAndGet(143)) - s1: start LeaderElection
2019-09-26 09:49:08,150 INFO  impl.LeaderElection (LeaderElection.java:askForVotes(178)) - s1@group-5BD3E7F27A57-LeaderElection59: begin an election at term 71 for 2: [s0:0.0.0.0:41468, s1:0.0.0.0:41619, s2:0.0.0.0:44382], old=null
2019-09-26 09:49:08,151 DEBUG impl.RaftServerImpl (RaftServerImpl.java:requestVote(743)) - s0@group-5BD3E7F27A57: receive requestVote(s1, group-5BD3E7F27A57, 71, (t:3, i:3))
2019-09-26 09:49:08,151 INFO  impl.RaftServerImpl (RaftServerImpl.java:setRole(170)) - s0@group-5BD3E7F27A57: changes role from  FOLLOWER to FOLLOWER at term 71 for recognizeCandidate:s1
2019-09-26 09:49:08,151 INFO  impl.RoleInfo (RoleInfo.java:shutdownFollowerState(121)) - s0: shutdown FollowerState
2019-09-26 09:49:08,151 INFO  impl.RoleInfo (RoleInfo.java:updateAndGet(143)) - s0: start FollowerState
2019-09-26 09:49:08,151 INFO  impl.FollowerState (FollowerState.java:run(117)) - s0@group-5BD3E7F27A57-FollowerState was interrupted: java.lang.InterruptedException: sleep interrupted
2019-09-26 09:49:08,151 DEBUG impl.RaftServerImpl (RaftServerImpl.java:requestVote(775)) - s0@group-5BD3E7F27A57 replies to vote request: s1<-s0#0:FAIL-t71. Peer's state: s0@group-5BD3E7F27A57:t71, leader=null, voted=null, raftlog=s0@group-5BD3E7F27A57-SegmentedRaftLog:OPENED:c3,f4,i4, conf=3: [s0:0.0.0.0:41468, s1:0.0.0.0:41619, s2:0.0.0.0:44382], old=null
2019-09-26 09:49:08,324 INFO  impl.LeaderElection (LeaderElection.java:logAndReturn(56)) - s2@group-5BD3E7F27A57-LeaderElection58: Election TIMEOUT; received 1 response(s) [s2<-s0#0:FAIL-t71] and 0 exception(s); s2@group-5BD3E7F27A57:t71, leader=null, voted=s2, raftlog=s2@group-5BD3E7F27A57-SegmentedRaftLog:OPENED:c1,f3,i3, conf=3: [s0:0.0.0.0:41468, s1:0.0.0.0:41619, s2:0.0.0.0:44382], old=null
2019-09-26 09:49:08,338 INFO  impl.LeaderElection (LeaderElection.java:askForVotes(178)) - s2@group-5BD3E7F27A57-LeaderElection58: begin an election at term 72 for 3: [s0:0.0.0.0:41468, s1:0.0.0.0:41619, s2:0.0.0.0:44382], old=null
2019-09-26 09:49:08,339 DEBUG impl.RaftServerImpl (RaftServerImpl.java:requestVote(743)) - s0@group-5BD3E7F27A57: receive requestVote(s2, group-5BD3E7F27A57, 72, (t:4, i:3))
2019-09-26 09:49:08,339 INFO  impl.RaftServerImpl (RaftServerImpl.java:setRole(170)) - s0@group-5BD3E7F27A57: changes role from  FOLLOWER to FOLLOWER at term 72 for recognizeCandidate:s2
2019-09-26 09:49:08,339 INFO  impl.RoleInfo (RoleInfo.java:shutdownFollowerState(121)) - s0: shutdown FollowerState
2019-09-26 09:49:08,339 INFO  impl.RoleInfo (RoleInfo.java:updateAndGet(143)) - s0: start FollowerState
2019-09-26 09:49:08,339 INFO  impl.FollowerState (FollowerState.java:run(117)) - s0@group-5BD3E7F27A57-FollowerState was interrupted: java.lang.InterruptedException: sleep interrupted
2019-09-26 09:49:08,352 DEBUG impl.RaftServerImpl (RaftServerImpl.java:requestVote(775)) - s0@group-5BD3E7F27A57 replies to vote request: s2<-s0#0:FAIL-t72. Peer's state: s0@group-5BD3E7F27A57:t72, leader=null, voted=null, raftlog=s0@group-5BD3E7F27A57-SegmentedRaftLog:OPENED:c3,f4,i4, conf=3: [s0:0.0.0.0:41468, s1:0.0.0.0:41619, s2:0.0.0.0:44382], old=null
2019-09-26 09:49:08,394 INFO  impl.LeaderElection (LeaderElection.java:logAndReturn(56)) - s1@group-5BD3E7F27A57-LeaderElection59: Election TIMEOUT; received 1 response(s) [s1<-s0#0:FAIL-t71] and 0 exception(s); s1@group-5BD3E7F27A57:t71, leader=null, voted=s1, raftlog=s1@group-5BD3E7F27A57-SegmentedRaftLog:OPENED:c2,f3,i3, conf=2: [s0:0.0.0.0:41468, s1:0.0.0.0:41619, s2:0.0.0.0:44382], old=null
2019-09-26 09:49:08,407 INFO  impl.LeaderElection (LeaderElection.java:askForVotes(178)) - s1@group-5BD3E7F27A57-LeaderElection59: begin an election at term 72 for 2: [s0:0.0.0.0:41468, s1:0.0.0.0:41619, s2:0.0.0.0:44382], old=null
2019-09-26 09:49:08,408 DEBUG impl.RaftServerImpl (RaftServerImpl.java:requestVote(743)) - s0@group-5BD3E7F27A57: receive requestVote(s1, group-5BD3E7F27A57, 72, (t:3, i:3))
2019-09-26 09:49:08,408 INFO  impl.RaftServerImpl (RaftServerImpl.java:setRole(170)) - s0@group-5BD3E7F27A57: changes role from  FOLLOWER to FOLLOWER at term 72 for recognizeCandidate:s1
2019-09-26 09:49:08,408 INFO  impl.RoleInfo (RoleInfo.java:shutdownFollowerState(121)) - s0: shutdown FollowerState
2019-09-26 09:49:08,408 INFO  impl.RoleInfo (RoleInfo.java:updateAndGet(143)) - s0: start FollowerState
2019-09-26 09:49:08,408 INFO  impl.FollowerState (FollowerState.java:run(117)) - s0@group-5BD3E7F27A57-FollowerState was interrupted: java.lang.InterruptedException: sleep interrupted
2019-09-26 09:49:08,408 DEBUG impl.RaftServerImpl (RaftServerImpl.java:requestVote(775)) - s0@group-5BD3E7F27A57 replies to vote request: s1<-s0#0:FAIL-t72. Peer's state: s0@group-5BD3E7F27A57:t72, leader=null, voted=null, raftlog=s0@group-5BD3E7F27A57-SegmentedRaftLog:OPENED:c3,f4,i4, conf=3: [s0:0.0.0.0:41468, s1:0.0.0.0:41619, s2:0.0.0.0:44382], old=null
2019-09-26 09:49:08,427 WARN  ratis.RaftTestUtil (JavaUtils.java:attempt(158)) - FAILED "waitForLeader-null-(expectLeader? true)", attempt #34/100: java.lang.IllegalStateException: No leader yet : printing ALL groups
  s0:  RUNNING  FOLLOWER s0@group-5BD3E7F27A57:t72, leader=null, voted=null, raftlog=s0@group-5BD3E7F27A57-SegmentedRaftLog:OPENED:c3,f4,i4, conf=3: [s0:0.0.0.0:41468, s1:0.0.0.0:41619, s2:0.0.0.0:44382], old=null RUNNING
  s1:  RUNNING CANDIDATE s1@group-5BD3E7F27A57:t72, leader=null, voted=s1, raftlog=s1@group-5BD3E7F27A57-SegmentedRaftLog:OPENED:c2,f3,i3, conf=2: [s0:0.0.0.0:41468, s1:0.0.0.0:41619, s2:0.0.0.0:44382], old=null RUNNING
  s2:  RUNNING CANDIDATE s2@group-5BD3E7F27A57:t72, leader=null, voted=s2, raftlog=s2@group-5BD3E7F27A57-SegmentedRaftLog:OPENED:c1,f3,i3, conf=3: [s0:0.0.0.0:41468, s1:0.0.0.0:41619, s2:0.0.0.0:44382], old=null RUNNING, sleep 450ms and then retry.
java.lang.IllegalStateException: No leader yet : printing ALL groups
  s0:  RUNNING  FOLLOWER s0@group-5BD3E7F27A57:t72, leader=null, voted=null, raftlog=s0@group-5BD3E7F27A57-SegmentedRaftLog:OPENED:c3,f4,i4, conf=3: [s0:0.0.0.0:41468, s1:0.0.0.0:41619, s2:0.0.0.0:44382], old=null RUNNING
  s1:  RUNNING CANDIDATE s1@group-5BD3E7F27A57:t72, leader=null, voted=s1, raftlog=s1@group-5BD3E7F27A57-SegmentedRaftLog:OPENED:c2,f3,i3, conf=2: [s0:0.0.0.0:41468, s1:0.0.0.0:41619, s2:0.0.0.0:44382], old=null RUNNING
  s2:  RUNNING CANDIDATE s2@group-5BD3E7F27A57:t72, leader=null, voted=s2, raftlog=s2@group-5BD3E7F27A57-SegmentedRaftLog:OPENED:c1,f3,i3, conf=3: [s0:0.0.0.0:41468, s1:0.0.0.0:41619, s2:0.0.0.0:44382], old=null RUNNING
	at org.apache.ratis.MiniRaftCluster.newIllegalStateExceptionForNoLeaders(MiniRaftCluster.java:506)
	at org.apache.ratis.RaftTestUtil.lambda$waitForLeader$1(RaftTestUtil.java:90)
	at org.apache.ratis.MiniRaftCluster.getLeader(MiniRaftCluster.java:539)
	at org.apache.ratis.MiniRaftCluster.getLeader(MiniRaftCluster.java:532)
	at org.apache.ratis.RaftTestUtil.lambda$waitForLeader$3(RaftTestUtil.java:98)
	at org.apache.ratis.util.JavaUtils.attempt(JavaUtils.java:152)
	at org.apache.ratis.RaftTestUtil.waitForLeader(RaftTestUtil.java:97)
	at org.apache.ratis.RaftTestUtil.waitForLeader(RaftTestUtil.java:77)
	at org.apache.ratis.RaftTestUtil.waitForLeader(RaftTestUtil.java:72)
	at org.apache.ratis.RaftTestUtil.lambda$changeLeader$7(RaftTestUtil.java:363)
	at org.apache.ratis.util.JavaUtils.attempt(JavaUtils.java:152)
	at org.apache.ratis.RaftTestUtil.changeLeader(RaftTestUtil.java:362)
	at org.apache.ratis.server.impl.LeaderElectionTests.testChangeLeader(LeaderElectionTests.java:81)
	at sun.reflect.NativeMethodAccessorImpl.invoke0(Native Method)
	at sun.reflect.NativeMethodAccessorImpl.invoke(NativeMethodAccessorImpl.java:62)
	at sun.reflect.DelegatingMethodAccessorImpl.invoke(DelegatingMethodAccessorImpl.java:43)
	at java.lang.reflect.Method.invoke(Method.java:498)
	at org.junit.runners.model.FrameworkMethod$1.runReflectiveCall(FrameworkMethod.java:50)
	at org.junit.internal.runners.model.ReflectiveCallable.run(ReflectiveCallable.java:12)
	at org.junit.runners.model.FrameworkMethod.invokeExplosively(FrameworkMethod.java:47)
	at org.junit.internal.runners.statements.InvokeMethod.evaluate(InvokeMethod.java:17)
	at org.junit.internal.runners.statements.RunAfters.evaluate(RunAfters.java:27)
	at org.junit.internal.runners.statements.FailOnTimeout$CallableStatement.call(FailOnTimeout.java:298)
	at org.junit.internal.runners.statements.FailOnTimeout$CallableStatement.call(FailOnTimeout.java:292)
	at java.util.concurrent.FutureTask.run(FutureTask.java:266)
	at java.lang.Thread.run(Thread.java:748)
2019-09-26 09:49:08,557 INFO  impl.LeaderElection (LeaderElection.java:logAndReturn(56)) - s2@group-5BD3E7F27A57-LeaderElection58: Election TIMEOUT; received 1 response(s) [s2<-s0#0:FAIL-t72] and 0 exception(s); s2@group-5BD3E7F27A57:t72, leader=null, voted=s2, raftlog=s2@group-5BD3E7F27A57-SegmentedRaftLog:OPENED:c1,f3,i3, conf=3: [s0:0.0.0.0:41468, s1:0.0.0.0:41619, s2:0.0.0.0:44382], old=null
2019-09-26 09:49:08,570 INFO  impl.LeaderElection (LeaderElection.java:askForVotes(178)) - s2@group-5BD3E7F27A57-LeaderElection58: begin an election at term 73 for 3: [s0:0.0.0.0:41468, s1:0.0.0.0:41619, s2:0.0.0.0:44382], old=null
2019-09-26 09:49:08,571 DEBUG impl.RaftServerImpl (RaftServerImpl.java:requestVote(743)) - s0@group-5BD3E7F27A57: receive requestVote(s2, group-5BD3E7F27A57, 73, (t:4, i:3))
2019-09-26 09:49:08,571 INFO  impl.RaftServerImpl (RaftServerImpl.java:setRole(170)) - s0@group-5BD3E7F27A57: changes role from  FOLLOWER to FOLLOWER at term 73 for recognizeCandidate:s2
2019-09-26 09:49:08,571 INFO  impl.RoleInfo (RoleInfo.java:shutdownFollowerState(121)) - s0: shutdown FollowerState
2019-09-26 09:49:08,571 INFO  impl.RoleInfo (RoleInfo.java:updateAndGet(143)) - s0: start FollowerState
2019-09-26 09:49:08,571 INFO  impl.FollowerState (FollowerState.java:run(117)) - s0@group-5BD3E7F27A57-FollowerState was interrupted: java.lang.InterruptedException: sleep interrupted
2019-09-26 09:49:08,583 INFO  impl.LeaderElection (LeaderElection.java:logAndReturn(56)) - s1@group-5BD3E7F27A57-LeaderElection59: Election TIMEOUT; received 1 response(s) [s1<-s0#0:FAIL-t72] and 0 exception(s); s1@group-5BD3E7F27A57:t72, leader=null, voted=s1, raftlog=s1@group-5BD3E7F27A57-SegmentedRaftLog:OPENED:c2,f3,i3, conf=2: [s0:0.0.0.0:41468, s1:0.0.0.0:41619, s2:0.0.0.0:44382], old=null
2019-09-26 09:49:08,584 DEBUG impl.RaftServerImpl (RaftServerImpl.java:requestVote(775)) - s0@group-5BD3E7F27A57 replies to vote request: s2<-s0#0:FAIL-t73. Peer's state: s0@group-5BD3E7F27A57:t73, leader=null, voted=null, raftlog=s0@group-5BD3E7F27A57-SegmentedRaftLog:OPENED:c3,f4,i4, conf=3: [s0:0.0.0.0:41468, s1:0.0.0.0:41619, s2:0.0.0.0:44382], old=null
2019-09-26 09:49:08,586 INFO  impl.LeaderElection (LeaderElection.java:askForVotes(178)) - s1@group-5BD3E7F27A57-LeaderElection59: begin an election at term 73 for 2: [s0:0.0.0.0:41468, s1:0.0.0.0:41619, s2:0.0.0.0:44382], old=null
2019-09-26 09:49:08,587 DEBUG impl.RaftServerImpl (RaftServerImpl.java:requestVote(743)) - s0@group-5BD3E7F27A57: receive requestVote(s1, group-5BD3E7F27A57, 73, (t:3, i:3))
2019-09-26 09:49:08,587 INFO  impl.RaftServerImpl (RaftServerImpl.java:setRole(170)) - s0@group-5BD3E7F27A57: changes role from  FOLLOWER to FOLLOWER at term 73 for recognizeCandidate:s1
2019-09-26 09:49:08,587 INFO  impl.RoleInfo (RoleInfo.java:shutdownFollowerState(121)) - s0: shutdown FollowerState
2019-09-26 09:49:08,587 INFO  impl.RoleInfo (RoleInfo.java:updateAndGet(143)) - s0: start FollowerState
2019-09-26 09:49:08,587 INFO  impl.FollowerState (FollowerState.java:run(117)) - s0@group-5BD3E7F27A57-FollowerState was interrupted: java.lang.InterruptedException: sleep interrupted
2019-09-26 09:49:08,587 DEBUG impl.RaftServerImpl (RaftServerImpl.java:requestVote(775)) - s0@group-5BD3E7F27A57 replies to vote request: s1<-s0#0:FAIL-t73. Peer's state: s0@group-5BD3E7F27A57:t73, leader=null, voted=null, raftlog=s0@group-5BD3E7F27A57-SegmentedRaftLog:OPENED:c3,f4,i4, conf=3: [s0:0.0.0.0:41468, s1:0.0.0.0:41619, s2:0.0.0.0:44382], old=null
2019-09-26 09:49:08,745 INFO  impl.LeaderElection (LeaderElection.java:logAndReturn(56)) - s2@group-5BD3E7F27A57-LeaderElection58: Election TIMEOUT; received 1 response(s) [s2<-s0#0:FAIL-t73] and 0 exception(s); s2@group-5BD3E7F27A57:t73, leader=null, voted=s2, raftlog=s2@group-5BD3E7F27A57-SegmentedRaftLog:OPENED:c1,f3,i3, conf=3: [s0:0.0.0.0:41468, s1:0.0.0.0:41619, s2:0.0.0.0:44382], old=null
2019-09-26 09:49:08,758 INFO  impl.LeaderElection (LeaderElection.java:askForVotes(178)) - s2@group-5BD3E7F27A57-LeaderElection58: begin an election at term 74 for 3: [s0:0.0.0.0:41468, s1:0.0.0.0:41619, s2:0.0.0.0:44382], old=null
2019-09-26 09:49:08,759 DEBUG impl.RaftServerImpl (RaftServerImpl.java:requestVote(743)) - s0@group-5BD3E7F27A57: receive requestVote(s2, group-5BD3E7F27A57, 74, (t:4, i:3))
2019-09-26 09:49:08,759 INFO  impl.RaftServerImpl (RaftServerImpl.java:setRole(170)) - s0@group-5BD3E7F27A57: changes role from  FOLLOWER to FOLLOWER at term 74 for recognizeCandidate:s2
2019-09-26 09:49:08,759 INFO  impl.RoleInfo (RoleInfo.java:shutdownFollowerState(121)) - s0: shutdown FollowerState
2019-09-26 09:49:08,759 INFO  impl.RoleInfo (RoleInfo.java:updateAndGet(143)) - s0: start FollowerState
2019-09-26 09:49:08,759 INFO  impl.FollowerState (FollowerState.java:run(117)) - s0@group-5BD3E7F27A57-FollowerState was interrupted: java.lang.InterruptedException: sleep interrupted
2019-09-26 09:49:08,773 DEBUG impl.RaftServerImpl (RaftServerImpl.java:requestVote(775)) - s0@group-5BD3E7F27A57 replies to vote request: s2<-s0#0:FAIL-t74. Peer's state: s0@group-5BD3E7F27A57:t74, leader=null, voted=null, raftlog=s0@group-5BD3E7F27A57-SegmentedRaftLog:OPENED:c3,f4,i4, conf=3: [s0:0.0.0.0:41468, s1:0.0.0.0:41619, s2:0.0.0.0:44382], old=null
2019-09-26 09:49:08,797 INFO  impl.LeaderElection (LeaderElection.java:logAndReturn(56)) - s1@group-5BD3E7F27A57-LeaderElection59: Election TIMEOUT; received 1 response(s) [s1<-s0#0:FAIL-t73] and 0 exception(s); s1@group-5BD3E7F27A57:t73, leader=null, voted=s1, raftlog=s1@group-5BD3E7F27A57-SegmentedRaftLog:OPENED:c2,f3,i3, conf=2: [s0:0.0.0.0:41468, s1:0.0.0.0:41619, s2:0.0.0.0:44382], old=null
2019-09-26 09:49:08,810 INFO  impl.LeaderElection (LeaderElection.java:askForVotes(178)) - s1@group-5BD3E7F27A57-LeaderElection59: begin an election at term 74 for 2: [s0:0.0.0.0:41468, s1:0.0.0.0:41619, s2:0.0.0.0:44382], old=null
2019-09-26 09:49:08,810 DEBUG impl.RaftServerImpl (RaftServerImpl.java:requestVote(743)) - s0@group-5BD3E7F27A57: receive requestVote(s1, group-5BD3E7F27A57, 74, (t:3, i:3))
2019-09-26 09:49:08,810 INFO  impl.RaftServerImpl (RaftServerImpl.java:setRole(170)) - s0@group-5BD3E7F27A57: changes role from  FOLLOWER to FOLLOWER at term 74 for recognizeCandidate:s1
2019-09-26 09:49:08,810 INFO  impl.RoleInfo (RoleInfo.java:shutdownFollowerState(121)) - s0: shutdown FollowerState
2019-09-26 09:49:08,811 INFO  impl.RoleInfo (RoleInfo.java:updateAndGet(143)) - s0: start FollowerState
2019-09-26 09:49:08,811 INFO  impl.FollowerState (FollowerState.java:run(117)) - s0@group-5BD3E7F27A57-FollowerState was interrupted: java.lang.InterruptedException: sleep interrupted
2019-09-26 09:49:08,811 DEBUG impl.RaftServerImpl (RaftServerImpl.java:requestVote(775)) - s0@group-5BD3E7F27A57 replies to vote request: s1<-s0#0:FAIL-t74. Peer's state: s0@group-5BD3E7F27A57:t74, leader=null, voted=null, raftlog=s0@group-5BD3E7F27A57-SegmentedRaftLog:OPENED:c3,f4,i4, conf=3: [s0:0.0.0.0:41468, s1:0.0.0.0:41619, s2:0.0.0.0:44382], old=null
2019-09-26 09:49:08,878 WARN  ratis.RaftTestUtil (JavaUtils.java:attempt(158)) - FAILED "waitForLeader-null-(expectLeader? true)", attempt #35/100: java.lang.IllegalStateException: No leader yet : printing ALL groups
  s0:  RUNNING  FOLLOWER s0@group-5BD3E7F27A57:t74, leader=null, voted=null, raftlog=s0@group-5BD3E7F27A57-SegmentedRaftLog:OPENED:c3,f4,i4, conf=3: [s0:0.0.0.0:41468, s1:0.0.0.0:41619, s2:0.0.0.0:44382], old=null RUNNING
  s1:  RUNNING CANDIDATE s1@group-5BD3E7F27A57:t74, leader=null, voted=s1, raftlog=s1@group-5BD3E7F27A57-SegmentedRaftLog:OPENED:c2,f3,i3, conf=2: [s0:0.0.0.0:41468, s1:0.0.0.0:41619, s2:0.0.0.0:44382], old=null RUNNING
  s2:  RUNNING CANDIDATE s2@group-5BD3E7F27A57:t74, leader=null, voted=s2, raftlog=s2@group-5BD3E7F27A57-SegmentedRaftLog:OPENED:c1,f3,i3, conf=3: [s0:0.0.0.0:41468, s1:0.0.0.0:41619, s2:0.0.0.0:44382], old=null RUNNING, sleep 450ms and then retry.
java.lang.IllegalStateException: No leader yet : printing ALL groups
  s0:  RUNNING  FOLLOWER s0@group-5BD3E7F27A57:t74, leader=null, voted=null, raftlog=s0@group-5BD3E7F27A57-SegmentedRaftLog:OPENED:c3,f4,i4, conf=3: [s0:0.0.0.0:41468, s1:0.0.0.0:41619, s2:0.0.0.0:44382], old=null RUNNING
  s1:  RUNNING CANDIDATE s1@group-5BD3E7F27A57:t74, leader=null, voted=s1, raftlog=s1@group-5BD3E7F27A57-SegmentedRaftLog:OPENED:c2,f3,i3, conf=2: [s0:0.0.0.0:41468, s1:0.0.0.0:41619, s2:0.0.0.0:44382], old=null RUNNING
  s2:  RUNNING CANDIDATE s2@group-5BD3E7F27A57:t74, leader=null, voted=s2, raftlog=s2@group-5BD3E7F27A57-SegmentedRaftLog:OPENED:c1,f3,i3, conf=3: [s0:0.0.0.0:41468, s1:0.0.0.0:41619, s2:0.0.0.0:44382], old=null RUNNING
	at org.apache.ratis.MiniRaftCluster.newIllegalStateExceptionForNoLeaders(MiniRaftCluster.java:506)
	at org.apache.ratis.RaftTestUtil.lambda$waitForLeader$1(RaftTestUtil.java:90)
	at org.apache.ratis.MiniRaftCluster.getLeader(MiniRaftCluster.java:539)
	at org.apache.ratis.MiniRaftCluster.getLeader(MiniRaftCluster.java:532)
	at org.apache.ratis.RaftTestUtil.lambda$waitForLeader$3(RaftTestUtil.java:98)
	at org.apache.ratis.util.JavaUtils.attempt(JavaUtils.java:152)
	at org.apache.ratis.RaftTestUtil.waitForLeader(RaftTestUtil.java:97)
	at org.apache.ratis.RaftTestUtil.waitForLeader(RaftTestUtil.java:77)
	at org.apache.ratis.RaftTestUtil.waitForLeader(RaftTestUtil.java:72)
	at org.apache.ratis.RaftTestUtil.lambda$changeLeader$7(RaftTestUtil.java:363)
	at org.apache.ratis.util.JavaUtils.attempt(JavaUtils.java:152)
	at org.apache.ratis.RaftTestUtil.changeLeader(RaftTestUtil.java:362)
	at org.apache.ratis.server.impl.LeaderElectionTests.testChangeLeader(LeaderElectionTests.java:81)
	at sun.reflect.NativeMethodAccessorImpl.invoke0(Native Method)
	at sun.reflect.NativeMethodAccessorImpl.invoke(NativeMethodAccessorImpl.java:62)
	at sun.reflect.DelegatingMethodAccessorImpl.invoke(DelegatingMethodAccessorImpl.java:43)
	at java.lang.reflect.Method.invoke(Method.java:498)
	at org.junit.runners.model.FrameworkMethod$1.runReflectiveCall(FrameworkMethod.java:50)
	at org.junit.internal.runners.model.ReflectiveCallable.run(ReflectiveCallable.java:12)
	at org.junit.runners.model.FrameworkMethod.invokeExplosively(FrameworkMethod.java:47)
	at org.junit.internal.runners.statements.InvokeMethod.evaluate(InvokeMethod.java:17)
	at org.junit.internal.runners.statements.RunAfters.evaluate(RunAfters.java:27)
	at org.junit.internal.runners.statements.FailOnTimeout$CallableStatement.call(FailOnTimeout.java:298)
	at org.junit.internal.runners.statements.FailOnTimeout$CallableStatement.call(FailOnTimeout.java:292)
	at java.util.concurrent.FutureTask.run(FutureTask.java:266)
	at java.lang.Thread.run(Thread.java:748)
2019-09-26 09:49:08,948 INFO  impl.LeaderElection (LeaderElection.java:logAndReturn(56)) - s2@group-5BD3E7F27A57-LeaderElection58: Election TIMEOUT; received 1 response(s) [s2<-s0#0:FAIL-t74] and 0 exception(s); s2@group-5BD3E7F27A57:t74, leader=null, voted=s2, raftlog=s2@group-5BD3E7F27A57-SegmentedRaftLog:OPENED:c1,f3,i3, conf=3: [s0:0.0.0.0:41468, s1:0.0.0.0:41619, s2:0.0.0.0:44382], old=null
2019-09-26 09:49:08,961 INFO  impl.LeaderElection (LeaderElection.java:askForVotes(178)) - s2@group-5BD3E7F27A57-LeaderElection58: begin an election at term 75 for 3: [s0:0.0.0.0:41468, s1:0.0.0.0:41619, s2:0.0.0.0:44382], old=null
2019-09-26 09:49:08,962 DEBUG impl.RaftServerImpl (RaftServerImpl.java:requestVote(743)) - s0@group-5BD3E7F27A57: receive requestVote(s2, group-5BD3E7F27A57, 75, (t:4, i:3))
2019-09-26 09:49:08,962 INFO  impl.RaftServerImpl (RaftServerImpl.java:setRole(170)) - s0@group-5BD3E7F27A57: changes role from  FOLLOWER to FOLLOWER at term 75 for recognizeCandidate:s2
2019-09-26 09:49:08,962 INFO  impl.RoleInfo (RoleInfo.java:shutdownFollowerState(121)) - s0: shutdown FollowerState
2019-09-26 09:49:08,962 INFO  impl.RoleInfo (RoleInfo.java:updateAndGet(143)) - s0: start FollowerState
2019-09-26 09:49:08,962 INFO  impl.FollowerState (FollowerState.java:run(117)) - s0@group-5BD3E7F27A57-FollowerState was interrupted: java.lang.InterruptedException: sleep interrupted
2019-09-26 09:49:08,965 INFO  impl.LeaderElection (LeaderElection.java:logAndReturn(56)) - s1@group-5BD3E7F27A57-LeaderElection59: Election TIMEOUT; received 1 response(s) [s1<-s0#0:FAIL-t74] and 0 exception(s); s1@group-5BD3E7F27A57:t74, leader=null, voted=s1, raftlog=s1@group-5BD3E7F27A57-SegmentedRaftLog:OPENED:c2,f3,i3, conf=2: [s0:0.0.0.0:41468, s1:0.0.0.0:41619, s2:0.0.0.0:44382], old=null
2019-09-26 09:49:08,979 INFO  impl.LeaderElection (LeaderElection.java:askForVotes(178)) - s1@group-5BD3E7F27A57-LeaderElection59: begin an election at term 75 for 2: [s0:0.0.0.0:41468, s1:0.0.0.0:41619, s2:0.0.0.0:44382], old=null
2019-09-26 09:49:08,979 DEBUG impl.RaftServerImpl (RaftServerImpl.java:requestVote(775)) - s0@group-5BD3E7F27A57 replies to vote request: s2<-s0#0:FAIL-t75. Peer's state: s0@group-5BD3E7F27A57:t75, leader=null, voted=null, raftlog=s0@group-5BD3E7F27A57-SegmentedRaftLog:OPENED:c3,f4,i4, conf=3: [s0:0.0.0.0:41468, s1:0.0.0.0:41619, s2:0.0.0.0:44382], old=null
2019-09-26 09:49:08,979 DEBUG impl.RaftServerImpl (RaftServerImpl.java:requestVote(743)) - s0@group-5BD3E7F27A57: receive requestVote(s1, group-5BD3E7F27A57, 75, (t:3, i:3))
2019-09-26 09:49:08,980 INFO  impl.RaftServerImpl (RaftServerImpl.java:setRole(170)) - s0@group-5BD3E7F27A57: changes role from  FOLLOWER to FOLLOWER at term 75 for recognizeCandidate:s1
2019-09-26 09:49:08,980 INFO  impl.RoleInfo (RoleInfo.java:shutdownFollowerState(121)) - s0: shutdown FollowerState
2019-09-26 09:49:08,980 INFO  impl.RoleInfo (RoleInfo.java:updateAndGet(143)) - s0: start FollowerState
2019-09-26 09:49:08,980 INFO  impl.FollowerState (FollowerState.java:run(117)) - s0@group-5BD3E7F27A57-FollowerState was interrupted: java.lang.InterruptedException: sleep interrupted
2019-09-26 09:49:08,980 DEBUG impl.RaftServerImpl (RaftServerImpl.java:requestVote(775)) - s0@group-5BD3E7F27A57 replies to vote request: s1<-s0#0:FAIL-t75. Peer's state: s0@group-5BD3E7F27A57:t75, leader=null, voted=null, raftlog=s0@group-5BD3E7F27A57-SegmentedRaftLog:OPENED:c3,f4,i4, conf=3: [s0:0.0.0.0:41468, s1:0.0.0.0:41619, s2:0.0.0.0:44382], old=null
2019-09-26 09:49:09,142 INFO  impl.FollowerState (FollowerState.java:run(108)) - s0@group-5BD3E7F27A57-FollowerState: change to CANDIDATE, lastRpcTime:162ms, electionTimeout:162ms
2019-09-26 09:49:09,143 INFO  impl.RoleInfo (RoleInfo.java:shutdownFollowerState(121)) - s0: shutdown FollowerState
2019-09-26 09:49:09,143 INFO  impl.RaftServerImpl (RaftServerImpl.java:setRole(170)) - s0@group-5BD3E7F27A57: changes role from  FOLLOWER to CANDIDATE at term 75 for changeToCandidate
2019-09-26 09:49:09,143 INFO  impl.RoleInfo (RoleInfo.java:updateAndGet(143)) - s0: start LeaderElection
2019-09-26 09:49:09,157 INFO  impl.LeaderElection (LeaderElection.java:askForVotes(178)) - s0@group-5BD3E7F27A57-LeaderElection60: begin an election at term 76 for 3: [s0:0.0.0.0:41468, s1:0.0.0.0:41619, s2:0.0.0.0:44382], old=null
2019-09-26 09:49:09,173 INFO  impl.LeaderElection (LeaderElection.java:logAndReturn(56)) - s2@group-5BD3E7F27A57-LeaderElection58: Election TIMEOUT; received 1 response(s) [s2<-s0#0:FAIL-t75] and 0 exception(s); s2@group-5BD3E7F27A57:t75, leader=null, voted=s2, raftlog=s2@group-5BD3E7F27A57-SegmentedRaftLog:OPENED:c1,f3,i3, conf=3: [s0:0.0.0.0:41468, s1:0.0.0.0:41619, s2:0.0.0.0:44382], old=null
2019-09-26 09:49:09,186 INFO  impl.LeaderElection (LeaderElection.java:askForVotes(178)) - s2@group-5BD3E7F27A57-LeaderElection58: begin an election at term 76 for 3: [s0:0.0.0.0:41468, s1:0.0.0.0:41619, s2:0.0.0.0:44382], old=null
2019-09-26 09:49:09,186 DEBUG impl.RaftServerImpl (RaftServerImpl.java:requestVote(743)) - s0@group-5BD3E7F27A57: receive requestVote(s2, group-5BD3E7F27A57, 76, (t:4, i:3))
2019-09-26 09:49:09,187 DEBUG impl.RaftServerImpl (RaftServerImpl.java:requestVote(775)) - s0@group-5BD3E7F27A57 replies to vote request: s2<-s0#0:FAIL-t76. Peer's state: s0@group-5BD3E7F27A57:t76, leader=null, voted=s0, raftlog=s0@group-5BD3E7F27A57-SegmentedRaftLog:OPENED:c3,f4,i4, conf=3: [s0:0.0.0.0:41468, s1:0.0.0.0:41619, s2:0.0.0.0:44382], old=null
2019-09-26 09:49:09,230 INFO  impl.LeaderElection (LeaderElection.java:logAndReturn(56)) - s1@group-5BD3E7F27A57-LeaderElection59: Election TIMEOUT; received 1 response(s) [s1<-s0#0:FAIL-t75] and 0 exception(s); s1@group-5BD3E7F27A57:t75, leader=null, voted=s1, raftlog=s1@group-5BD3E7F27A57-SegmentedRaftLog:OPENED:c2,f3,i3, conf=2: [s0:0.0.0.0:41468, s1:0.0.0.0:41619, s2:0.0.0.0:44382], old=null
2019-09-26 09:49:09,243 INFO  impl.LeaderElection (LeaderElection.java:askForVotes(178)) - s1@group-5BD3E7F27A57-LeaderElection59: begin an election at term 76 for 2: [s0:0.0.0.0:41468, s1:0.0.0.0:41619, s2:0.0.0.0:44382], old=null
2019-09-26 09:49:09,244 DEBUG impl.RaftServerImpl (RaftServerImpl.java:requestVote(743)) - s0@group-5BD3E7F27A57: receive requestVote(s1, group-5BD3E7F27A57, 76, (t:3, i:3))
2019-09-26 09:49:09,244 DEBUG impl.RaftServerImpl (RaftServerImpl.java:requestVote(775)) - s0@group-5BD3E7F27A57 replies to vote request: s1<-s0#0:FAIL-t76. Peer's state: s0@group-5BD3E7F27A57:t76, leader=null, voted=s0, raftlog=s0@group-5BD3E7F27A57-SegmentedRaftLog:OPENED:c3,f4,i4, conf=3: [s0:0.0.0.0:41468, s1:0.0.0.0:41619, s2:0.0.0.0:44382], old=null
2019-09-26 09:49:09,329 WARN  ratis.RaftTestUtil (JavaUtils.java:attempt(158)) - FAILED "waitForLeader-null-(expectLeader? true)", attempt #36/100: java.lang.IllegalStateException: No leader yet : printing ALL groups
  s0:  RUNNING CANDIDATE s0@group-5BD3E7F27A57:t76, leader=null, voted=s0, raftlog=s0@group-5BD3E7F27A57-SegmentedRaftLog:OPENED:c3,f4,i4, conf=3: [s0:0.0.0.0:41468, s1:0.0.0.0:41619, s2:0.0.0.0:44382], old=null RUNNING
  s1:  RUNNING CANDIDATE s1@group-5BD3E7F27A57:t76, leader=null, voted=s1, raftlog=s1@group-5BD3E7F27A57-SegmentedRaftLog:OPENED:c2,f3,i3, conf=2: [s0:0.0.0.0:41468, s1:0.0.0.0:41619, s2:0.0.0.0:44382], old=null RUNNING
  s2:  RUNNING CANDIDATE s2@group-5BD3E7F27A57:t76, leader=null, voted=s2, raftlog=s2@group-5BD3E7F27A57-SegmentedRaftLog:OPENED:c1,f3,i3, conf=3: [s0:0.0.0.0:41468, s1:0.0.0.0:41619, s2:0.0.0.0:44382], old=null RUNNING, sleep 450ms and then retry.
java.lang.IllegalStateException: No leader yet : printing ALL groups
  s0:  RUNNING CANDIDATE s0@group-5BD3E7F27A57:t76, leader=null, voted=s0, raftlog=s0@group-5BD3E7F27A57-SegmentedRaftLog:OPENED:c3,f4,i4, conf=3: [s0:0.0.0.0:41468, s1:0.0.0.0:41619, s2:0.0.0.0:44382], old=null RUNNING
  s1:  RUNNING CANDIDATE s1@group-5BD3E7F27A57:t76, leader=null, voted=s1, raftlog=s1@group-5BD3E7F27A57-SegmentedRaftLog:OPENED:c2,f3,i3, conf=2: [s0:0.0.0.0:41468, s1:0.0.0.0:41619, s2:0.0.0.0:44382], old=null RUNNING
  s2:  RUNNING CANDIDATE s2@group-5BD3E7F27A57:t76, leader=null, voted=s2, raftlog=s2@group-5BD3E7F27A57-SegmentedRaftLog:OPENED:c1,f3,i3, conf=3: [s0:0.0.0.0:41468, s1:0.0.0.0:41619, s2:0.0.0.0:44382], old=null RUNNING
	at org.apache.ratis.MiniRaftCluster.newIllegalStateExceptionForNoLeaders(MiniRaftCluster.java:506)
	at org.apache.ratis.RaftTestUtil.lambda$waitForLeader$1(RaftTestUtil.java:90)
	at org.apache.ratis.MiniRaftCluster.getLeader(MiniRaftCluster.java:539)
	at org.apache.ratis.MiniRaftCluster.getLeader(MiniRaftCluster.java:532)
	at org.apache.ratis.RaftTestUtil.lambda$waitForLeader$3(RaftTestUtil.java:98)
	at org.apache.ratis.util.JavaUtils.attempt(JavaUtils.java:152)
	at org.apache.ratis.RaftTestUtil.waitForLeader(RaftTestUtil.java:97)
	at org.apache.ratis.RaftTestUtil.waitForLeader(RaftTestUtil.java:77)
	at org.apache.ratis.RaftTestUtil.waitForLeader(RaftTestUtil.java:72)
	at org.apache.ratis.RaftTestUtil.lambda$changeLeader$7(RaftTestUtil.java:363)
	at org.apache.ratis.util.JavaUtils.attempt(JavaUtils.java:152)
	at org.apache.ratis.RaftTestUtil.changeLeader(RaftTestUtil.java:362)
	at org.apache.ratis.server.impl.LeaderElectionTests.testChangeLeader(LeaderElectionTests.java:81)
	at sun.reflect.NativeMethodAccessorImpl.invoke0(Native Method)
	at sun.reflect.NativeMethodAccessorImpl.invoke(NativeMethodAccessorImpl.java:62)
	at sun.reflect.DelegatingMethodAccessorImpl.invoke(DelegatingMethodAccessorImpl.java:43)
	at java.lang.reflect.Method.invoke(Method.java:498)
	at org.junit.runners.model.FrameworkMethod$1.runReflectiveCall(FrameworkMethod.java:50)
	at org.junit.internal.runners.model.ReflectiveCallable.run(ReflectiveCallable.java:12)
	at org.junit.runners.model.FrameworkMethod.invokeExplosively(FrameworkMethod.java:47)
	at org.junit.internal.runners.statements.InvokeMethod.evaluate(InvokeMethod.java:17)
	at org.junit.internal.runners.statements.RunAfters.evaluate(RunAfters.java:27)
	at org.junit.internal.runners.statements.FailOnTimeout$CallableStatement.call(FailOnTimeout.java:298)
	at org.junit.internal.runners.statements.FailOnTimeout$CallableStatement.call(FailOnTimeout.java:292)
	at java.util.concurrent.FutureTask.run(FutureTask.java:266)
	at java.lang.Thread.run(Thread.java:748)
2019-09-26 09:49:09,393 INFO  impl.LeaderElection (LeaderElection.java:logAndReturn(56)) - s0@group-5BD3E7F27A57-LeaderElection60: Election TIMEOUT; received 0 response(s) [] and 0 exception(s); s0@group-5BD3E7F27A57:t76, leader=null, voted=s0, raftlog=s0@group-5BD3E7F27A57-SegmentedRaftLog:OPENED:c3,f4,i4, conf=3: [s0:0.0.0.0:41468, s1:0.0.0.0:41619, s2:0.0.0.0:44382], old=null
2019-09-26 09:49:09,407 INFO  impl.LeaderElection (LeaderElection.java:askForVotes(178)) - s0@group-5BD3E7F27A57-LeaderElection60: begin an election at term 77 for 3: [s0:0.0.0.0:41468, s1:0.0.0.0:41619, s2:0.0.0.0:44382], old=null
2019-09-26 09:49:09,431 INFO  impl.LeaderElection (LeaderElection.java:logAndReturn(56)) - s2@group-5BD3E7F27A57-LeaderElection58: Election TIMEOUT; received 1 response(s) [s2<-s0#0:FAIL-t76] and 0 exception(s); s2@group-5BD3E7F27A57:t76, leader=null, voted=s2, raftlog=s2@group-5BD3E7F27A57-SegmentedRaftLog:OPENED:c1,f3,i3, conf=3: [s0:0.0.0.0:41468, s1:0.0.0.0:41619, s2:0.0.0.0:44382], old=null
2019-09-26 09:49:09,444 INFO  impl.LeaderElection (LeaderElection.java:askForVotes(178)) - s2@group-5BD3E7F27A57-LeaderElection58: begin an election at term 77 for 3: [s0:0.0.0.0:41468, s1:0.0.0.0:41619, s2:0.0.0.0:44382], old=null
2019-09-26 09:49:09,445 DEBUG impl.RaftServerImpl (RaftServerImpl.java:requestVote(743)) - s0@group-5BD3E7F27A57: receive requestVote(s2, group-5BD3E7F27A57, 77, (t:4, i:3))
2019-09-26 09:49:09,445 DEBUG impl.RaftServerImpl (RaftServerImpl.java:requestVote(775)) - s0@group-5BD3E7F27A57 replies to vote request: s2<-s0#0:FAIL-t77. Peer's state: s0@group-5BD3E7F27A57:t77, leader=null, voted=s0, raftlog=s0@group-5BD3E7F27A57-SegmentedRaftLog:OPENED:c3,f4,i4, conf=3: [s0:0.0.0.0:41468, s1:0.0.0.0:41619, s2:0.0.0.0:44382], old=null
2019-09-26 09:49:09,507 INFO  impl.LeaderElection (LeaderElection.java:logAndReturn(56)) - s1@group-5BD3E7F27A57-LeaderElection59: Election TIMEOUT; received 1 response(s) [s1<-s0#0:FAIL-t76] and 0 exception(s); s1@group-5BD3E7F27A57:t76, leader=null, voted=s1, raftlog=s1@group-5BD3E7F27A57-SegmentedRaftLog:OPENED:c2,f3,i3, conf=2: [s0:0.0.0.0:41468, s1:0.0.0.0:41619, s2:0.0.0.0:44382], old=null
2019-09-26 09:49:09,533 INFO  impl.LeaderElection (LeaderElection.java:askForVotes(178)) - s1@group-5BD3E7F27A57-LeaderElection59: begin an election at term 77 for 2: [s0:0.0.0.0:41468, s1:0.0.0.0:41619, s2:0.0.0.0:44382], old=null
2019-09-26 09:49:09,533 DEBUG impl.RaftServerImpl (RaftServerImpl.java:requestVote(743)) - s0@group-5BD3E7F27A57: receive requestVote(s1, group-5BD3E7F27A57, 77, (t:3, i:3))
2019-09-26 09:49:09,534 DEBUG impl.RaftServerImpl (RaftServerImpl.java:requestVote(775)) - s0@group-5BD3E7F27A57 replies to vote request: s1<-s0#0:FAIL-t77. Peer's state: s0@group-5BD3E7F27A57:t77, leader=null, voted=s0, raftlog=s0@group-5BD3E7F27A57-SegmentedRaftLog:OPENED:c3,f4,i4, conf=3: [s0:0.0.0.0:41468, s1:0.0.0.0:41619, s2:0.0.0.0:44382], old=null
2019-09-26 09:49:09,636 INFO  impl.LeaderElection (LeaderElection.java:logAndReturn(56)) - s2@group-5BD3E7F27A57-LeaderElection58: Election TIMEOUT; received 1 response(s) [s2<-s0#0:FAIL-t77] and 0 exception(s); s2@group-5BD3E7F27A57:t77, leader=null, voted=s2, raftlog=s2@group-5BD3E7F27A57-SegmentedRaftLog:OPENED:c1,f3,i3, conf=3: [s0:0.0.0.0:41468, s1:0.0.0.0:41619, s2:0.0.0.0:44382], old=null
2019-09-26 09:49:09,649 INFO  impl.LeaderElection (LeaderElection.java:askForVotes(178)) - s2@group-5BD3E7F27A57-LeaderElection58: begin an election at term 78 for 3: [s0:0.0.0.0:41468, s1:0.0.0.0:41619, s2:0.0.0.0:44382], old=null
2019-09-26 09:49:09,649 DEBUG impl.RaftServerImpl (RaftServerImpl.java:requestVote(743)) - s0@group-5BD3E7F27A57: receive requestVote(s2, group-5BD3E7F27A57, 78, (t:4, i:3))
2019-09-26 09:49:09,649 INFO  impl.RaftServerImpl (RaftServerImpl.java:setRole(170)) - s0@group-5BD3E7F27A57: changes role from CANDIDATE to FOLLOWER at term 78 for recognizeCandidate:s2
2019-09-26 09:49:09,650 INFO  impl.RoleInfo (RoleInfo.java:shutdownLeaderElection(134)) - s0: shutdown LeaderElection
2019-09-26 09:49:09,650 INFO  impl.RoleInfo (RoleInfo.java:updateAndGet(143)) - s0: start FollowerState
2019-09-26 09:49:09,663 DEBUG impl.RaftServerImpl (RaftServerImpl.java:requestVote(775)) - s0@group-5BD3E7F27A57 replies to vote request: s2<-s0#0:FAIL-t78. Peer's state: s0@group-5BD3E7F27A57:t78, leader=null, voted=null, raftlog=s0@group-5BD3E7F27A57-SegmentedRaftLog:OPENED:c3,f4,i4, conf=3: [s0:0.0.0.0:41468, s1:0.0.0.0:41619, s2:0.0.0.0:44382], old=null
2019-09-26 09:49:09,689 INFO  impl.LeaderElection (LeaderElection.java:logAndReturn(56)) - s0@group-5BD3E7F27A57-LeaderElection60: Election REJECTED; received 0 response(s) [] and 0 exception(s); s0@group-5BD3E7F27A57:t78, leader=null, voted=null, raftlog=s0@group-5BD3E7F27A57-SegmentedRaftLog:OPENED:c3,f4,i4, conf=3: [s0:0.0.0.0:41468, s1:0.0.0.0:41619, s2:0.0.0.0:44382], old=null
2019-09-26 09:49:09,780 WARN  ratis.RaftTestUtil (JavaUtils.java:attempt(158)) - FAILED "waitForLeader-null-(expectLeader? true)", attempt #37/100: java.lang.IllegalStateException: No leader yet : printing ALL groups
  s0:  RUNNING  FOLLOWER s0@group-5BD3E7F27A57:t78, leader=null, voted=null, raftlog=s0@group-5BD3E7F27A57-SegmentedRaftLog:OPENED:c3,f4,i4, conf=3: [s0:0.0.0.0:41468, s1:0.0.0.0:41619, s2:0.0.0.0:44382], old=null RUNNING
  s1:  RUNNING CANDIDATE s1@group-5BD3E7F27A57:t77, leader=null, voted=s1, raftlog=s1@group-5BD3E7F27A57-SegmentedRaftLog:OPENED:c2,f3,i3, conf=2: [s0:0.0.0.0:41468, s1:0.0.0.0:41619, s2:0.0.0.0:44382], old=null RUNNING
  s2:  RUNNING CANDIDATE s2@group-5BD3E7F27A57:t78, leader=null, voted=s2, raftlog=s2@group-5BD3E7F27A57-SegmentedRaftLog:OPENED:c1,f3,i3, conf=3: [s0:0.0.0.0:41468, s1:0.0.0.0:41619, s2:0.0.0.0:44382], old=null RUNNING, sleep 450ms and then retry.
java.lang.IllegalStateException: No leader yet : printing ALL groups
  s0:  RUNNING  FOLLOWER s0@group-5BD3E7F27A57:t78, leader=null, voted=null, raftlog=s0@group-5BD3E7F27A57-SegmentedRaftLog:OPENED:c3,f4,i4, conf=3: [s0:0.0.0.0:41468, s1:0.0.0.0:41619, s2:0.0.0.0:44382], old=null RUNNING
  s1:  RUNNING CANDIDATE s1@group-5BD3E7F27A57:t77, leader=null, voted=s1, raftlog=s1@group-5BD3E7F27A57-SegmentedRaftLog:OPENED:c2,f3,i3, conf=2: [s0:0.0.0.0:41468, s1:0.0.0.0:41619, s2:0.0.0.0:44382], old=null RUNNING
  s2:  RUNNING CANDIDATE s2@group-5BD3E7F27A57:t78, leader=null, voted=s2, raftlog=s2@group-5BD3E7F27A57-SegmentedRaftLog:OPENED:c1,f3,i3, conf=3: [s0:0.0.0.0:41468, s1:0.0.0.0:41619, s2:0.0.0.0:44382], old=null RUNNING
	at org.apache.ratis.MiniRaftCluster.newIllegalStateExceptionForNoLeaders(MiniRaftCluster.java:506)
	at org.apache.ratis.RaftTestUtil.lambda$waitForLeader$1(RaftTestUtil.java:90)
	at org.apache.ratis.MiniRaftCluster.getLeader(MiniRaftCluster.java:539)
	at org.apache.ratis.MiniRaftCluster.getLeader(MiniRaftCluster.java:532)
	at org.apache.ratis.RaftTestUtil.lambda$waitForLeader$3(RaftTestUtil.java:98)
	at org.apache.ratis.util.JavaUtils.attempt(JavaUtils.java:152)
	at org.apache.ratis.RaftTestUtil.waitForLeader(RaftTestUtil.java:97)
	at org.apache.ratis.RaftTestUtil.waitForLeader(RaftTestUtil.java:77)
	at org.apache.ratis.RaftTestUtil.waitForLeader(RaftTestUtil.java:72)
	at org.apache.ratis.RaftTestUtil.lambda$changeLeader$7(RaftTestUtil.java:363)
	at org.apache.ratis.util.JavaUtils.attempt(JavaUtils.java:152)
	at org.apache.ratis.RaftTestUtil.changeLeader(RaftTestUtil.java:362)
	at org.apache.ratis.server.impl.LeaderElectionTests.testChangeLeader(LeaderElectionTests.java:81)
	at sun.reflect.NativeMethodAccessorImpl.invoke0(Native Method)
	at sun.reflect.NativeMethodAccessorImpl.invoke(NativeMethodAccessorImpl.java:62)
	at sun.reflect.DelegatingMethodAccessorImpl.invoke(DelegatingMethodAccessorImpl.java:43)
	at java.lang.reflect.Method.invoke(Method.java:498)
	at org.junit.runners.model.FrameworkMethod$1.runReflectiveCall(FrameworkMethod.java:50)
	at org.junit.internal.runners.model.ReflectiveCallable.run(ReflectiveCallable.java:12)
	at org.junit.runners.model.FrameworkMethod.invokeExplosively(FrameworkMethod.java:47)
	at org.junit.internal.runners.statements.InvokeMethod.evaluate(InvokeMethod.java:17)
	at org.junit.internal.runners.statements.RunAfters.evaluate(RunAfters.java:27)
	at org.junit.internal.runners.statements.FailOnTimeout$CallableStatement.call(FailOnTimeout.java:298)
	at org.junit.internal.runners.statements.FailOnTimeout$CallableStatement.call(FailOnTimeout.java:292)
	at java.util.concurrent.FutureTask.run(FutureTask.java:266)
	at java.lang.Thread.run(Thread.java:748)
2019-09-26 09:49:09,801 INFO  impl.LeaderElection (LeaderElection.java:logAndReturn(56)) - s1@group-5BD3E7F27A57-LeaderElection59: Election TIMEOUT; received 1 response(s) [s1<-s0#0:FAIL-t77] and 0 exception(s); s1@group-5BD3E7F27A57:t77, leader=null, voted=s1, raftlog=s1@group-5BD3E7F27A57-SegmentedRaftLog:OPENED:c2,f3,i3, conf=2: [s0:0.0.0.0:41468, s1:0.0.0.0:41619, s2:0.0.0.0:44382], old=null
2019-09-26 09:49:09,814 INFO  impl.LeaderElection (LeaderElection.java:askForVotes(178)) - s1@group-5BD3E7F27A57-LeaderElection59: begin an election at term 78 for 2: [s0:0.0.0.0:41468, s1:0.0.0.0:41619, s2:0.0.0.0:44382], old=null
2019-09-26 09:49:09,815 DEBUG impl.RaftServerImpl (RaftServerImpl.java:requestVote(743)) - s0@group-5BD3E7F27A57: receive requestVote(s1, group-5BD3E7F27A57, 78, (t:3, i:3))
2019-09-26 09:49:09,815 INFO  impl.RaftServerImpl (RaftServerImpl.java:setRole(170)) - s0@group-5BD3E7F27A57: changes role from  FOLLOWER to FOLLOWER at term 78 for recognizeCandidate:s1
2019-09-26 09:49:09,815 INFO  impl.RoleInfo (RoleInfo.java:shutdownFollowerState(121)) - s0: shutdown FollowerState
2019-09-26 09:49:09,815 INFO  impl.RoleInfo (RoleInfo.java:updateAndGet(143)) - s0: start FollowerState
2019-09-26 09:49:09,816 INFO  impl.FollowerState (FollowerState.java:run(117)) - s0@group-5BD3E7F27A57-FollowerState was interrupted: java.lang.InterruptedException: sleep interrupted
2019-09-26 09:49:09,816 DEBUG impl.RaftServerImpl (RaftServerImpl.java:requestVote(775)) - s0@group-5BD3E7F27A57 replies to vote request: s1<-s0#0:FAIL-t78. Peer's state: s0@group-5BD3E7F27A57:t78, leader=null, voted=null, raftlog=s0@group-5BD3E7F27A57-SegmentedRaftLog:OPENED:c3,f4,i4, conf=3: [s0:0.0.0.0:41468, s1:0.0.0.0:41619, s2:0.0.0.0:44382], old=null
2019-09-26 09:49:09,857 INFO  impl.LeaderElection (LeaderElection.java:logAndReturn(56)) - s2@group-5BD3E7F27A57-LeaderElection58: Election TIMEOUT; received 1 response(s) [s2<-s0#0:FAIL-t78] and 0 exception(s); s2@group-5BD3E7F27A57:t78, leader=null, voted=s2, raftlog=s2@group-5BD3E7F27A57-SegmentedRaftLog:OPENED:c1,f3,i3, conf=3: [s0:0.0.0.0:41468, s1:0.0.0.0:41619, s2:0.0.0.0:44382], old=null
2019-09-26 09:49:09,870 INFO  impl.LeaderElection (LeaderElection.java:askForVotes(178)) - s2@group-5BD3E7F27A57-LeaderElection58: begin an election at term 79 for 3: [s0:0.0.0.0:41468, s1:0.0.0.0:41619, s2:0.0.0.0:44382], old=null
2019-09-26 09:49:09,871 DEBUG impl.RaftServerImpl (RaftServerImpl.java:requestVote(743)) - s0@group-5BD3E7F27A57: receive requestVote(s2, group-5BD3E7F27A57, 79, (t:4, i:3))
2019-09-26 09:49:09,871 INFO  impl.RaftServerImpl (RaftServerImpl.java:setRole(170)) - s0@group-5BD3E7F27A57: changes role from  FOLLOWER to FOLLOWER at term 79 for recognizeCandidate:s2
2019-09-26 09:49:09,871 INFO  impl.RoleInfo (RoleInfo.java:shutdownFollowerState(121)) - s0: shutdown FollowerState
2019-09-26 09:49:09,871 INFO  impl.RoleInfo (RoleInfo.java:updateAndGet(143)) - s0: start FollowerState
2019-09-26 09:49:09,871 INFO  impl.FollowerState (FollowerState.java:run(117)) - s0@group-5BD3E7F27A57-FollowerState was interrupted: java.lang.InterruptedException: sleep interrupted
2019-09-26 09:49:09,885 DEBUG impl.RaftServerImpl (RaftServerImpl.java:requestVote(775)) - s0@group-5BD3E7F27A57 replies to vote request: s2<-s0#0:FAIL-t79. Peer's state: s0@group-5BD3E7F27A57:t79, leader=null, voted=null, raftlog=s0@group-5BD3E7F27A57-SegmentedRaftLog:OPENED:c3,f4,i4, conf=3: [s0:0.0.0.0:41468, s1:0.0.0.0:41619, s2:0.0.0.0:44382], old=null
2019-09-26 09:49:10,030 INFO  impl.FollowerState (FollowerState.java:run(108)) - s0@group-5BD3E7F27A57-FollowerState: change to CANDIDATE, lastRpcTime:158ms, electionTimeout:158ms
2019-09-26 09:49:10,030 INFO  impl.RoleInfo (RoleInfo.java:shutdownFollowerState(121)) - s0: shutdown FollowerState
2019-09-26 09:49:10,030 INFO  impl.RaftServerImpl (RaftServerImpl.java:setRole(170)) - s0@group-5BD3E7F27A57: changes role from  FOLLOWER to CANDIDATE at term 79 for changeToCandidate
2019-09-26 09:49:10,030 INFO  impl.RoleInfo (RoleInfo.java:updateAndGet(143)) - s0: start LeaderElection
2019-09-26 09:49:10,043 INFO  impl.LeaderElection (LeaderElection.java:askForVotes(178)) - s0@group-5BD3E7F27A57-LeaderElection61: begin an election at term 80 for 3: [s0:0.0.0.0:41468, s1:0.0.0.0:41619, s2:0.0.0.0:44382], old=null
2019-09-26 09:49:10,061 INFO  impl.LeaderElection (LeaderElection.java:logAndReturn(56)) - s1@group-5BD3E7F27A57-LeaderElection59: Election TIMEOUT; received 1 response(s) [s1<-s0#0:FAIL-t78] and 0 exception(s); s1@group-5BD3E7F27A57:t78, leader=null, voted=s1, raftlog=s1@group-5BD3E7F27A57-SegmentedRaftLog:OPENED:c2,f3,i3, conf=2: [s0:0.0.0.0:41468, s1:0.0.0.0:41619, s2:0.0.0.0:44382], old=null
2019-09-26 09:49:10,075 INFO  impl.LeaderElection (LeaderElection.java:askForVotes(178)) - s1@group-5BD3E7F27A57-LeaderElection59: begin an election at term 79 for 2: [s0:0.0.0.0:41468, s1:0.0.0.0:41619, s2:0.0.0.0:44382], old=null
2019-09-26 09:49:10,076 DEBUG impl.RaftServerImpl (RaftServerImpl.java:requestVote(743)) - s0@group-5BD3E7F27A57: receive requestVote(s1, group-5BD3E7F27A57, 79, (t:3, i:3))
2019-09-26 09:49:10,076 DEBUG impl.RaftServerImpl (RaftServerImpl.java:requestVote(775)) - s0@group-5BD3E7F27A57 replies to vote request: s1<-s0#0:FAIL-t80. Peer's state: s0@group-5BD3E7F27A57:t80, leader=null, voted=s0, raftlog=s0@group-5BD3E7F27A57-SegmentedRaftLog:OPENED:c3,f4,i4, conf=3: [s0:0.0.0.0:41468, s1:0.0.0.0:41619, s2:0.0.0.0:44382], old=null
2019-09-26 09:49:10,077 INFO  impl.LeaderElection (LeaderElection.java:logAndReturn(56)) - s1@group-5BD3E7F27A57-LeaderElection59: Election DISCOVERED_A_NEW_TERM; received 1 response(s) [s1<-s0#0:FAIL-t80] and 0 exception(s); s1@group-5BD3E7F27A57:t79, leader=null, voted=s1, raftlog=s1@group-5BD3E7F27A57-SegmentedRaftLog:OPENED:c2,f3,i3, conf=2: [s0:0.0.0.0:41468, s1:0.0.0.0:41619, s2:0.0.0.0:44382], old=null
2019-09-26 09:49:10,077 INFO  impl.RaftServerImpl (RaftServerImpl.java:setRole(170)) - s1@group-5BD3E7F27A57: changes role from CANDIDATE to FOLLOWER at term 80 for DISCOVERED_A_NEW_TERM
2019-09-26 09:49:10,077 INFO  impl.RoleInfo (RoleInfo.java:shutdownLeaderElection(134)) - s1: shutdown LeaderElection
2019-09-26 09:49:10,077 INFO  impl.RoleInfo (RoleInfo.java:updateAndGet(143)) - s1: start FollowerState
2019-09-26 09:49:10,078 INFO  impl.LeaderElection (LeaderElection.java:logAndReturn(56)) - s2@group-5BD3E7F27A57-LeaderElection58: Election TIMEOUT; received 1 response(s) [s2<-s0#0:FAIL-t79] and 0 exception(s); s2@group-5BD3E7F27A57:t79, leader=null, voted=s2, raftlog=s2@group-5BD3E7F27A57-SegmentedRaftLog:OPENED:c1,f3,i3, conf=3: [s0:0.0.0.0:41468, s1:0.0.0.0:41619, s2:0.0.0.0:44382], old=null
2019-09-26 09:49:10,092 INFO  impl.LeaderElection (LeaderElection.java:askForVotes(178)) - s2@group-5BD3E7F27A57-LeaderElection58: begin an election at term 80 for 3: [s0:0.0.0.0:41468, s1:0.0.0.0:41619, s2:0.0.0.0:44382], old=null
2019-09-26 09:49:10,092 DEBUG impl.RaftServerImpl (RaftServerImpl.java:requestVote(743)) - s0@group-5BD3E7F27A57: receive requestVote(s2, group-5BD3E7F27A57, 80, (t:4, i:3))
2019-09-26 09:49:10,092 DEBUG impl.RaftServerImpl (RaftServerImpl.java:requestVote(775)) - s0@group-5BD3E7F27A57 replies to vote request: s2<-s0#0:FAIL-t80. Peer's state: s0@group-5BD3E7F27A57:t80, leader=null, voted=s0, raftlog=s0@group-5BD3E7F27A57-SegmentedRaftLog:OPENED:c3,f4,i4, conf=3: [s0:0.0.0.0:41468, s1:0.0.0.0:41619, s2:0.0.0.0:44382], old=null
2019-09-26 09:49:10,231 WARN  ratis.RaftTestUtil (JavaUtils.java:attempt(158)) - FAILED "waitForLeader-null-(expectLeader? true)", attempt #38/100: java.lang.IllegalStateException: No leader yet : printing ALL groups
  s0:  RUNNING CANDIDATE s0@group-5BD3E7F27A57:t80, leader=null, voted=s0, raftlog=s0@group-5BD3E7F27A57-SegmentedRaftLog:OPENED:c3,f4,i4, conf=3: [s0:0.0.0.0:41468, s1:0.0.0.0:41619, s2:0.0.0.0:44382], old=null RUNNING
  s1:  RUNNING  FOLLOWER s1@group-5BD3E7F27A57:t80, leader=null, voted=null, raftlog=s1@group-5BD3E7F27A57-SegmentedRaftLog:OPENED:c2,f3,i3, conf=2: [s0:0.0.0.0:41468, s1:0.0.0.0:41619, s2:0.0.0.0:44382], old=null RUNNING
  s2:  RUNNING CANDIDATE s2@group-5BD3E7F27A57:t80, leader=null, voted=s2, raftlog=s2@group-5BD3E7F27A57-SegmentedRaftLog:OPENED:c1,f3,i3, conf=3: [s0:0.0.0.0:41468, s1:0.0.0.0:41619, s2:0.0.0.0:44382], old=null RUNNING, sleep 450ms and then retry.
java.lang.IllegalStateException: No leader yet : printing ALL groups
  s0:  RUNNING CANDIDATE s0@group-5BD3E7F27A57:t80, leader=null, voted=s0, raftlog=s0@group-5BD3E7F27A57-SegmentedRaftLog:OPENED:c3,f4,i4, conf=3: [s0:0.0.0.0:41468, s1:0.0.0.0:41619, s2:0.0.0.0:44382], old=null RUNNING
  s1:  RUNNING  FOLLOWER s1@group-5BD3E7F27A57:t80, leader=null, voted=null, raftlog=s1@group-5BD3E7F27A57-SegmentedRaftLog:OPENED:c2,f3,i3, conf=2: [s0:0.0.0.0:41468, s1:0.0.0.0:41619, s2:0.0.0.0:44382], old=null RUNNING
  s2:  RUNNING CANDIDATE s2@group-5BD3E7F27A57:t80, leader=null, voted=s2, raftlog=s2@group-5BD3E7F27A57-SegmentedRaftLog:OPENED:c1,f3,i3, conf=3: [s0:0.0.0.0:41468, s1:0.0.0.0:41619, s2:0.0.0.0:44382], old=null RUNNING
	at org.apache.ratis.MiniRaftCluster.newIllegalStateExceptionForNoLeaders(MiniRaftCluster.java:506)
	at org.apache.ratis.RaftTestUtil.lambda$waitForLeader$1(RaftTestUtil.java:90)
	at org.apache.ratis.MiniRaftCluster.getLeader(MiniRaftCluster.java:539)
	at org.apache.ratis.MiniRaftCluster.getLeader(MiniRaftCluster.java:532)
	at org.apache.ratis.RaftTestUtil.lambda$waitForLeader$3(RaftTestUtil.java:98)
	at org.apache.ratis.util.JavaUtils.attempt(JavaUtils.java:152)
	at org.apache.ratis.RaftTestUtil.waitForLeader(RaftTestUtil.java:97)
	at org.apache.ratis.RaftTestUtil.waitForLeader(RaftTestUtil.java:77)
	at org.apache.ratis.RaftTestUtil.waitForLeader(RaftTestUtil.java:72)
	at org.apache.ratis.RaftTestUtil.lambda$changeLeader$7(RaftTestUtil.java:363)
	at org.apache.ratis.util.JavaUtils.attempt(JavaUtils.java:152)
	at org.apache.ratis.RaftTestUtil.changeLeader(RaftTestUtil.java:362)
	at org.apache.ratis.server.impl.LeaderElectionTests.testChangeLeader(LeaderElectionTests.java:81)
	at sun.reflect.NativeMethodAccessorImpl.invoke0(Native Method)
	at sun.reflect.NativeMethodAccessorImpl.invoke(NativeMethodAccessorImpl.java:62)
	at sun.reflect.DelegatingMethodAccessorImpl.invoke(DelegatingMethodAccessorImpl.java:43)
	at java.lang.reflect.Method.invoke(Method.java:498)
	at org.junit.runners.model.FrameworkMethod$1.runReflectiveCall(FrameworkMethod.java:50)
	at org.junit.internal.runners.model.ReflectiveCallable.run(ReflectiveCallable.java:12)
	at org.junit.runners.model.FrameworkMethod.invokeExplosively(FrameworkMethod.java:47)
	at org.junit.internal.runners.statements.InvokeMethod.evaluate(InvokeMethod.java:17)
	at org.junit.internal.runners.statements.RunAfters.evaluate(RunAfters.java:27)
	at org.junit.internal.runners.statements.FailOnTimeout$CallableStatement.call(FailOnTimeout.java:298)
	at org.junit.internal.runners.statements.FailOnTimeout$CallableStatement.call(FailOnTimeout.java:292)
	at java.util.concurrent.FutureTask.run(FutureTask.java:266)
	at java.lang.Thread.run(Thread.java:748)
2019-09-26 09:49:10,240 INFO  impl.LeaderElection (LeaderElection.java:logAndReturn(56)) - s0@group-5BD3E7F27A57-LeaderElection61: Election TIMEOUT; received 0 response(s) [] and 0 exception(s); s0@group-5BD3E7F27A57:t80, leader=null, voted=s0, raftlog=s0@group-5BD3E7F27A57-SegmentedRaftLog:OPENED:c3,f4,i4, conf=3: [s0:0.0.0.0:41468, s1:0.0.0.0:41619, s2:0.0.0.0:44382], old=null
2019-09-26 09:49:10,253 INFO  impl.LeaderElection (LeaderElection.java:askForVotes(178)) - s0@group-5BD3E7F27A57-LeaderElection61: begin an election at term 81 for 3: [s0:0.0.0.0:41468, s1:0.0.0.0:41619, s2:0.0.0.0:44382], old=null
2019-09-26 09:49:10,285 INFO  impl.FollowerState (FollowerState.java:run(108)) - s1@group-5BD3E7F27A57-FollowerState: change to CANDIDATE, lastRpcTime:208ms, electionTimeout:208ms
2019-09-26 09:49:10,286 INFO  impl.RoleInfo (RoleInfo.java:shutdownFollowerState(121)) - s1: shutdown FollowerState
2019-09-26 09:49:10,286 INFO  impl.RaftServerImpl (RaftServerImpl.java:setRole(170)) - s1@group-5BD3E7F27A57: changes role from  FOLLOWER to CANDIDATE at term 80 for changeToCandidate
2019-09-26 09:49:10,286 INFO  impl.RoleInfo (RoleInfo.java:updateAndGet(143)) - s1: start LeaderElection
2019-09-26 09:49:10,299 INFO  impl.LeaderElection (LeaderElection.java:askForVotes(178)) - s1@group-5BD3E7F27A57-LeaderElection62: begin an election at term 81 for 2: [s0:0.0.0.0:41468, s1:0.0.0.0:41619, s2:0.0.0.0:44382], old=null
2019-09-26 09:49:10,300 DEBUG impl.RaftServerImpl (RaftServerImpl.java:requestVote(743)) - s0@group-5BD3E7F27A57: receive requestVote(s1, group-5BD3E7F27A57, 81, (t:3, i:3))
2019-09-26 09:49:10,300 DEBUG impl.RaftServerImpl (RaftServerImpl.java:requestVote(775)) - s0@group-5BD3E7F27A57 replies to vote request: s1<-s0#0:FAIL-t81. Peer's state: s0@group-5BD3E7F27A57:t81, leader=null, voted=s0, raftlog=s0@group-5BD3E7F27A57-SegmentedRaftLog:OPENED:c3,f4,i4, conf=3: [s0:0.0.0.0:41468, s1:0.0.0.0:41619, s2:0.0.0.0:44382], old=null
2019-09-26 09:49:10,391 INFO  impl.LeaderElection (LeaderElection.java:logAndReturn(56)) - s2@group-5BD3E7F27A57-LeaderElection58: Election TIMEOUT; received 1 response(s) [s2<-s0#0:FAIL-t80] and 0 exception(s); s2@group-5BD3E7F27A57:t80, leader=null, voted=s2, raftlog=s2@group-5BD3E7F27A57-SegmentedRaftLog:OPENED:c1,f3,i3, conf=3: [s0:0.0.0.0:41468, s1:0.0.0.0:41619, s2:0.0.0.0:44382], old=null
2019-09-26 09:49:10,405 INFO  impl.LeaderElection (LeaderElection.java:askForVotes(178)) - s2@group-5BD3E7F27A57-LeaderElection58: begin an election at term 81 for 3: [s0:0.0.0.0:41468, s1:0.0.0.0:41619, s2:0.0.0.0:44382], old=null
2019-09-26 09:49:10,405 DEBUG impl.RaftServerImpl (RaftServerImpl.java:requestVote(743)) - s0@group-5BD3E7F27A57: receive requestVote(s2, group-5BD3E7F27A57, 81, (t:4, i:3))
2019-09-26 09:49:10,405 DEBUG impl.RaftServerImpl (RaftServerImpl.java:requestVote(775)) - s0@group-5BD3E7F27A57 replies to vote request: s2<-s0#0:FAIL-t81. Peer's state: s0@group-5BD3E7F27A57:t81, leader=null, voted=s0, raftlog=s0@group-5BD3E7F27A57-SegmentedRaftLog:OPENED:c3,f4,i4, conf=3: [s0:0.0.0.0:41468, s1:0.0.0.0:41619, s2:0.0.0.0:44382], old=null
2019-09-26 09:49:10,411 INFO  impl.LeaderElection (LeaderElection.java:logAndReturn(56)) - s0@group-5BD3E7F27A57-LeaderElection61: Election TIMEOUT; received 0 response(s) [] and 0 exception(s); s0@group-5BD3E7F27A57:t81, leader=null, voted=s0, raftlog=s0@group-5BD3E7F27A57-SegmentedRaftLog:OPENED:c3,f4,i4, conf=3: [s0:0.0.0.0:41468, s1:0.0.0.0:41619, s2:0.0.0.0:44382], old=null
2019-09-26 09:49:10,424 INFO  impl.LeaderElection (LeaderElection.java:askForVotes(178)) - s0@group-5BD3E7F27A57-LeaderElection61: begin an election at term 82 for 3: [s0:0.0.0.0:41468, s1:0.0.0.0:41619, s2:0.0.0.0:44382], old=null
2019-09-26 09:49:10,534 INFO  impl.LeaderElection (LeaderElection.java:logAndReturn(56)) - s1@group-5BD3E7F27A57-LeaderElection62: Election TIMEOUT; received 1 response(s) [s1<-s0#0:FAIL-t81] and 0 exception(s); s1@group-5BD3E7F27A57:t81, leader=null, voted=s1, raftlog=s1@group-5BD3E7F27A57-SegmentedRaftLog:OPENED:c2,f3,i3, conf=2: [s0:0.0.0.0:41468, s1:0.0.0.0:41619, s2:0.0.0.0:44382], old=null
2019-09-26 09:49:10,547 INFO  impl.LeaderElection (LeaderElection.java:askForVotes(178)) - s1@group-5BD3E7F27A57-LeaderElection62: begin an election at term 82 for 2: [s0:0.0.0.0:41468, s1:0.0.0.0:41619, s2:0.0.0.0:44382], old=null
2019-09-26 09:49:10,548 DEBUG impl.RaftServerImpl (RaftServerImpl.java:requestVote(743)) - s0@group-5BD3E7F27A57: receive requestVote(s1, group-5BD3E7F27A57, 82, (t:3, i:3))
2019-09-26 09:49:10,548 DEBUG impl.RaftServerImpl (RaftServerImpl.java:requestVote(775)) - s0@group-5BD3E7F27A57 replies to vote request: s1<-s0#0:FAIL-t82. Peer's state: s0@group-5BD3E7F27A57:t82, leader=null, voted=s0, raftlog=s0@group-5BD3E7F27A57-SegmentedRaftLog:OPENED:c3,f4,i4, conf=3: [s0:0.0.0.0:41468, s1:0.0.0.0:41619, s2:0.0.0.0:44382], old=null
2019-09-26 09:49:10,603 INFO  impl.LeaderElection (LeaderElection.java:logAndReturn(56)) - s0@group-5BD3E7F27A57-LeaderElection61: Election TIMEOUT; received 0 response(s) [] and 0 exception(s); s0@group-5BD3E7F27A57:t82, leader=null, voted=s0, raftlog=s0@group-5BD3E7F27A57-SegmentedRaftLog:OPENED:c3,f4,i4, conf=3: [s0:0.0.0.0:41468, s1:0.0.0.0:41619, s2:0.0.0.0:44382], old=null
2019-09-26 09:49:10,615 INFO  impl.LeaderElection (LeaderElection.java:askForVotes(178)) - s0@group-5BD3E7F27A57-LeaderElection61: begin an election at term 83 for 3: [s0:0.0.0.0:41468, s1:0.0.0.0:41619, s2:0.0.0.0:44382], old=null
2019-09-26 09:49:10,682 WARN  ratis.RaftTestUtil (JavaUtils.java:attempt(158)) - FAILED "waitForLeader-null-(expectLeader? true)", attempt #39/100: java.lang.IllegalStateException: No leader yet : printing ALL groups
  s0:  RUNNING CANDIDATE s0@group-5BD3E7F27A57:t83, leader=null, voted=s0, raftlog=s0@group-5BD3E7F27A57-SegmentedRaftLog:OPENED:c3,f4,i4, conf=3: [s0:0.0.0.0:41468, s1:0.0.0.0:41619, s2:0.0.0.0:44382], old=null RUNNING
  s1:  RUNNING CANDIDATE s1@group-5BD3E7F27A57:t82, leader=null, voted=s1, raftlog=s1@group-5BD3E7F27A57-SegmentedRaftLog:OPENED:c2,f3,i3, conf=2: [s0:0.0.0.0:41468, s1:0.0.0.0:41619, s2:0.0.0.0:44382], old=null RUNNING
  s2:  RUNNING CANDIDATE s2@group-5BD3E7F27A57:t81, leader=null, voted=s2, raftlog=s2@group-5BD3E7F27A57-SegmentedRaftLog:OPENED:c1,f3,i3, conf=3: [s0:0.0.0.0:41468, s1:0.0.0.0:41619, s2:0.0.0.0:44382], old=null RUNNING, sleep 450ms and then retry.
java.lang.IllegalStateException: No leader yet : printing ALL groups
  s0:  RUNNING CANDIDATE s0@group-5BD3E7F27A57:t83, leader=null, voted=s0, raftlog=s0@group-5BD3E7F27A57-SegmentedRaftLog:OPENED:c3,f4,i4, conf=3: [s0:0.0.0.0:41468, s1:0.0.0.0:41619, s2:0.0.0.0:44382], old=null RUNNING
  s1:  RUNNING CANDIDATE s1@group-5BD3E7F27A57:t82, leader=null, voted=s1, raftlog=s1@group-5BD3E7F27A57-SegmentedRaftLog:OPENED:c2,f3,i3, conf=2: [s0:0.0.0.0:41468, s1:0.0.0.0:41619, s2:0.0.0.0:44382], old=null RUNNING
  s2:  RUNNING CANDIDATE s2@group-5BD3E7F27A57:t81, leader=null, voted=s2, raftlog=s2@group-5BD3E7F27A57-SegmentedRaftLog:OPENED:c1,f3,i3, conf=3: [s0:0.0.0.0:41468, s1:0.0.0.0:41619, s2:0.0.0.0:44382], old=null RUNNING
	at org.apache.ratis.MiniRaftCluster.newIllegalStateExceptionForNoLeaders(MiniRaftCluster.java:506)
	at org.apache.ratis.RaftTestUtil.lambda$waitForLeader$1(RaftTestUtil.java:90)
	at org.apache.ratis.MiniRaftCluster.getLeader(MiniRaftCluster.java:539)
	at org.apache.ratis.MiniRaftCluster.getLeader(MiniRaftCluster.java:532)
	at org.apache.ratis.RaftTestUtil.lambda$waitForLeader$3(RaftTestUtil.java:98)
	at org.apache.ratis.util.JavaUtils.attempt(JavaUtils.java:152)
	at org.apache.ratis.RaftTestUtil.waitForLeader(RaftTestUtil.java:97)
	at org.apache.ratis.RaftTestUtil.waitForLeader(RaftTestUtil.java:77)
	at org.apache.ratis.RaftTestUtil.waitForLeader(RaftTestUtil.java:72)
	at org.apache.ratis.RaftTestUtil.lambda$changeLeader$7(RaftTestUtil.java:363)
	at org.apache.ratis.util.JavaUtils.attempt(JavaUtils.java:152)
	at org.apache.ratis.RaftTestUtil.changeLeader(RaftTestUtil.java:362)
	at org.apache.ratis.server.impl.LeaderElectionTests.testChangeLeader(LeaderElectionTests.java:81)
	at sun.reflect.NativeMethodAccessorImpl.invoke0(Native Method)
	at sun.reflect.NativeMethodAccessorImpl.invoke(NativeMethodAccessorImpl.java:62)
	at sun.reflect.DelegatingMethodAccessorImpl.invoke(DelegatingMethodAccessorImpl.java:43)
	at java.lang.reflect.Method.invoke(Method.java:498)
	at org.junit.runners.model.FrameworkMethod$1.runReflectiveCall(FrameworkMethod.java:50)
	at org.junit.internal.runners.model.ReflectiveCallable.run(ReflectiveCallable.java:12)
	at org.junit.runners.model.FrameworkMethod.invokeExplosively(FrameworkMethod.java:47)
	at org.junit.internal.runners.statements.InvokeMethod.evaluate(InvokeMethod.java:17)
	at org.junit.internal.runners.statements.RunAfters.evaluate(RunAfters.java:27)
	at org.junit.internal.runners.statements.FailOnTimeout$CallableStatement.call(FailOnTimeout.java:298)
	at org.junit.internal.runners.statements.FailOnTimeout$CallableStatement.call(FailOnTimeout.java:292)
	at java.util.concurrent.FutureTask.run(FutureTask.java:266)
	at java.lang.Thread.run(Thread.java:748)
2019-09-26 09:49:10,684 INFO  impl.LeaderElection (LeaderElection.java:logAndReturn(56)) - s2@group-5BD3E7F27A57-LeaderElection58: Election TIMEOUT; received 1 response(s) [s2<-s0#0:FAIL-t81] and 0 exception(s); s2@group-5BD3E7F27A57:t81, leader=null, voted=s2, raftlog=s2@group-5BD3E7F27A57-SegmentedRaftLog:OPENED:c1,f3,i3, conf=3: [s0:0.0.0.0:41468, s1:0.0.0.0:41619, s2:0.0.0.0:44382], old=null
2019-09-26 09:49:10,697 INFO  impl.LeaderElection (LeaderElection.java:askForVotes(178)) - s2@group-5BD3E7F27A57-LeaderElection58: begin an election at term 82 for 3: [s0:0.0.0.0:41468, s1:0.0.0.0:41619, s2:0.0.0.0:44382], old=null
2019-09-26 09:49:10,697 DEBUG impl.RaftServerImpl (RaftServerImpl.java:requestVote(743)) - s0@group-5BD3E7F27A57: receive requestVote(s2, group-5BD3E7F27A57, 82, (t:4, i:3))
2019-09-26 09:49:10,698 DEBUG impl.RaftServerImpl (RaftServerImpl.java:requestVote(775)) - s0@group-5BD3E7F27A57 replies to vote request: s2<-s0#0:FAIL-t83. Peer's state: s0@group-5BD3E7F27A57:t83, leader=null, voted=s0, raftlog=s0@group-5BD3E7F27A57-SegmentedRaftLog:OPENED:c3,f4,i4, conf=3: [s0:0.0.0.0:41468, s1:0.0.0.0:41619, s2:0.0.0.0:44382], old=null
2019-09-26 09:49:10,698 INFO  impl.LeaderElection (LeaderElection.java:logAndReturn(56)) - s2@group-5BD3E7F27A57-LeaderElection58: Election DISCOVERED_A_NEW_TERM; received 1 response(s) [s2<-s0#0:FAIL-t83] and 0 exception(s); s2@group-5BD3E7F27A57:t82, leader=null, voted=s2, raftlog=s2@group-5BD3E7F27A57-SegmentedRaftLog:OPENED:c1,f3,i3, conf=3: [s0:0.0.0.0:41468, s1:0.0.0.0:41619, s2:0.0.0.0:44382], old=null
2019-09-26 09:49:10,698 INFO  impl.RaftServerImpl (RaftServerImpl.java:setRole(170)) - s2@group-5BD3E7F27A57: changes role from CANDIDATE to FOLLOWER at term 83 for DISCOVERED_A_NEW_TERM
2019-09-26 09:49:10,698 INFO  impl.RoleInfo (RoleInfo.java:shutdownLeaderElection(134)) - s2: shutdown LeaderElection
2019-09-26 09:49:10,698 INFO  impl.RoleInfo (RoleInfo.java:updateAndGet(143)) - s2: start FollowerState
2019-09-26 09:49:10,784 INFO  impl.LeaderElection (LeaderElection.java:logAndReturn(56)) - s1@group-5BD3E7F27A57-LeaderElection62: Election TIMEOUT; received 1 response(s) [s1<-s0#0:FAIL-t82] and 0 exception(s); s1@group-5BD3E7F27A57:t82, leader=null, voted=s1, raftlog=s1@group-5BD3E7F27A57-SegmentedRaftLog:OPENED:c2,f3,i3, conf=2: [s0:0.0.0.0:41468, s1:0.0.0.0:41619, s2:0.0.0.0:44382], old=null
2019-09-26 09:49:10,796 INFO  impl.LeaderElection (LeaderElection.java:askForVotes(178)) - s1@group-5BD3E7F27A57-LeaderElection62: begin an election at term 83 for 2: [s0:0.0.0.0:41468, s1:0.0.0.0:41619, s2:0.0.0.0:44382], old=null
2019-09-26 09:49:10,797 DEBUG impl.RaftServerImpl (RaftServerImpl.java:requestVote(743)) - s0@group-5BD3E7F27A57: receive requestVote(s1, group-5BD3E7F27A57, 83, (t:3, i:3))
2019-09-26 09:49:10,797 DEBUG impl.RaftServerImpl (RaftServerImpl.java:requestVote(775)) - s0@group-5BD3E7F27A57 replies to vote request: s1<-s0#0:FAIL-t83. Peer's state: s0@group-5BD3E7F27A57:t83, leader=null, voted=s0, raftlog=s0@group-5BD3E7F27A57-SegmentedRaftLog:OPENED:c3,f4,i4, conf=3: [s0:0.0.0.0:41468, s1:0.0.0.0:41619, s2:0.0.0.0:44382], old=null
2019-09-26 09:49:10,886 INFO  impl.LeaderElection (LeaderElection.java:logAndReturn(56)) - s0@group-5BD3E7F27A57-LeaderElection61: Election TIMEOUT; received 0 response(s) [] and 0 exception(s); s0@group-5BD3E7F27A57:t83, leader=null, voted=s0, raftlog=s0@group-5BD3E7F27A57-SegmentedRaftLog:OPENED:c3,f4,i4, conf=3: [s0:0.0.0.0:41468, s1:0.0.0.0:41619, s2:0.0.0.0:44382], old=null
2019-09-26 09:49:10,899 INFO  impl.LeaderElection (LeaderElection.java:askForVotes(178)) - s0@group-5BD3E7F27A57-LeaderElection61: begin an election at term 84 for 3: [s0:0.0.0.0:41468, s1:0.0.0.0:41619, s2:0.0.0.0:44382], old=null
2019-09-26 09:49:10,942 INFO  impl.FollowerState (FollowerState.java:run(108)) - s2@group-5BD3E7F27A57-FollowerState: change to CANDIDATE, lastRpcTime:244ms, electionTimeout:244ms
2019-09-26 09:49:10,942 INFO  impl.RoleInfo (RoleInfo.java:shutdownFollowerState(121)) - s2: shutdown FollowerState
2019-09-26 09:49:10,943 INFO  impl.RaftServerImpl (RaftServerImpl.java:setRole(170)) - s2@group-5BD3E7F27A57: changes role from  FOLLOWER to CANDIDATE at term 83 for changeToCandidate
2019-09-26 09:49:10,943 INFO  impl.RoleInfo (RoleInfo.java:updateAndGet(143)) - s2: start LeaderElection
2019-09-26 09:49:10,956 INFO  impl.LeaderElection (LeaderElection.java:askForVotes(178)) - s2@group-5BD3E7F27A57-LeaderElection63: begin an election at term 84 for 3: [s0:0.0.0.0:41468, s1:0.0.0.0:41619, s2:0.0.0.0:44382], old=null
2019-09-26 09:49:10,957 DEBUG impl.RaftServerImpl (RaftServerImpl.java:requestVote(743)) - s0@group-5BD3E7F27A57: receive requestVote(s2, group-5BD3E7F27A57, 84, (t:4, i:3))
2019-09-26 09:49:10,957 DEBUG impl.RaftServerImpl (RaftServerImpl.java:requestVote(775)) - s0@group-5BD3E7F27A57 replies to vote request: s2<-s0#0:FAIL-t84. Peer's state: s0@group-5BD3E7F27A57:t84, leader=null, voted=s0, raftlog=s0@group-5BD3E7F27A57-SegmentedRaftLog:OPENED:c3,f4,i4, conf=3: [s0:0.0.0.0:41468, s1:0.0.0.0:41619, s2:0.0.0.0:44382], old=null
2019-09-26 09:49:11,081 INFO  impl.LeaderElection (LeaderElection.java:logAndReturn(56)) - s1@group-5BD3E7F27A57-LeaderElection62: Election TIMEOUT; received 1 response(s) [s1<-s0#0:FAIL-t83] and 0 exception(s); s1@group-5BD3E7F27A57:t83, leader=null, voted=s1, raftlog=s1@group-5BD3E7F27A57-SegmentedRaftLog:OPENED:c2,f3,i3, conf=2: [s0:0.0.0.0:41468, s1:0.0.0.0:41619, s2:0.0.0.0:44382], old=null
2019-09-26 09:49:11,094 INFO  impl.LeaderElection (LeaderElection.java:askForVotes(178)) - s1@group-5BD3E7F27A57-LeaderElection62: begin an election at term 84 for 2: [s0:0.0.0.0:41468, s1:0.0.0.0:41619, s2:0.0.0.0:44382], old=null
2019-09-26 09:49:11,094 DEBUG impl.RaftServerImpl (RaftServerImpl.java:requestVote(743)) - s0@group-5BD3E7F27A57: receive requestVote(s1, group-5BD3E7F27A57, 84, (t:3, i:3))
2019-09-26 09:49:11,095 DEBUG impl.RaftServerImpl (RaftServerImpl.java:requestVote(775)) - s0@group-5BD3E7F27A57 replies to vote request: s1<-s0#0:FAIL-t84. Peer's state: s0@group-5BD3E7F27A57:t84, leader=null, voted=s0, raftlog=s0@group-5BD3E7F27A57-SegmentedRaftLog:OPENED:c3,f4,i4, conf=3: [s0:0.0.0.0:41468, s1:0.0.0.0:41619, s2:0.0.0.0:44382], old=null
2019-09-26 09:49:11,134 WARN  ratis.RaftTestUtil (JavaUtils.java:attempt(158)) - FAILED "waitForLeader-null-(expectLeader? true)", attempt #40/100: java.lang.IllegalStateException: No leader yet : printing ALL groups
  s0:  RUNNING CANDIDATE s0@group-5BD3E7F27A57:t84, leader=null, voted=s0, raftlog=s0@group-5BD3E7F27A57-SegmentedRaftLog:OPENED:c3,f4,i4, conf=3: [s0:0.0.0.0:41468, s1:0.0.0.0:41619, s2:0.0.0.0:44382], old=null RUNNING
  s1:  RUNNING CANDIDATE s1@group-5BD3E7F27A57:t84, leader=null, voted=s1, raftlog=s1@group-5BD3E7F27A57-SegmentedRaftLog:OPENED:c2,f3,i3, conf=2: [s0:0.0.0.0:41468, s1:0.0.0.0:41619, s2:0.0.0.0:44382], old=null RUNNING
  s2:  RUNNING CANDIDATE s2@group-5BD3E7F27A57:t84, leader=null, voted=s2, raftlog=s2@group-5BD3E7F27A57-SegmentedRaftLog:OPENED:c1,f3,i3, conf=3: [s0:0.0.0.0:41468, s1:0.0.0.0:41619, s2:0.0.0.0:44382], old=null RUNNING, sleep 450ms and then retry.
java.lang.IllegalStateException: No leader yet : printing ALL groups
  s0:  RUNNING CANDIDATE s0@group-5BD3E7F27A57:t84, leader=null, voted=s0, raftlog=s0@group-5BD3E7F27A57-SegmentedRaftLog:OPENED:c3,f4,i4, conf=3: [s0:0.0.0.0:41468, s1:0.0.0.0:41619, s2:0.0.0.0:44382], old=null RUNNING
  s1:  RUNNING CANDIDATE s1@group-5BD3E7F27A57:t84, leader=null, voted=s1, raftlog=s1@group-5BD3E7F27A57-SegmentedRaftLog:OPENED:c2,f3,i3, conf=2: [s0:0.0.0.0:41468, s1:0.0.0.0:41619, s2:0.0.0.0:44382], old=null RUNNING
  s2:  RUNNING CANDIDATE s2@group-5BD3E7F27A57:t84, leader=null, voted=s2, raftlog=s2@group-5BD3E7F27A57-SegmentedRaftLog:OPENED:c1,f3,i3, conf=3: [s0:0.0.0.0:41468, s1:0.0.0.0:41619, s2:0.0.0.0:44382], old=null RUNNING
	at org.apache.ratis.MiniRaftCluster.newIllegalStateExceptionForNoLeaders(MiniRaftCluster.java:506)
	at org.apache.ratis.RaftTestUtil.lambda$waitForLeader$1(RaftTestUtil.java:90)
	at org.apache.ratis.MiniRaftCluster.getLeader(MiniRaftCluster.java:539)
	at org.apache.ratis.MiniRaftCluster.getLeader(MiniRaftCluster.java:532)
	at org.apache.ratis.RaftTestUtil.lambda$waitForLeader$3(RaftTestUtil.java:98)
	at org.apache.ratis.util.JavaUtils.attempt(JavaUtils.java:152)
	at org.apache.ratis.RaftTestUtil.waitForLeader(RaftTestUtil.java:97)
	at org.apache.ratis.RaftTestUtil.waitForLeader(RaftTestUtil.java:77)
	at org.apache.ratis.RaftTestUtil.waitForLeader(RaftTestUtil.java:72)
	at org.apache.ratis.RaftTestUtil.lambda$changeLeader$7(RaftTestUtil.java:363)
	at org.apache.ratis.util.JavaUtils.attempt(JavaUtils.java:152)
	at org.apache.ratis.RaftTestUtil.changeLeader(RaftTestUtil.java:362)
	at org.apache.ratis.server.impl.LeaderElectionTests.testChangeLeader(LeaderElectionTests.java:81)
	at sun.reflect.NativeMethodAccessorImpl.invoke0(Native Method)
	at sun.reflect.NativeMethodAccessorImpl.invoke(NativeMethodAccessorImpl.java:62)
	at sun.reflect.DelegatingMethodAccessorImpl.invoke(DelegatingMethodAccessorImpl.java:43)
	at java.lang.reflect.Method.invoke(Method.java:498)
	at org.junit.runners.model.FrameworkMethod$1.runReflectiveCall(FrameworkMethod.java:50)
	at org.junit.internal.runners.model.ReflectiveCallable.run(ReflectiveCallable.java:12)
	at org.junit.runners.model.FrameworkMethod.invokeExplosively(FrameworkMethod.java:47)
	at org.junit.internal.runners.statements.InvokeMethod.evaluate(InvokeMethod.java:17)
	at org.junit.internal.runners.statements.RunAfters.evaluate(RunAfters.java:27)
	at org.junit.internal.runners.statements.FailOnTimeout$CallableStatement.call(FailOnTimeout.java:298)
	at org.junit.internal.runners.statements.FailOnTimeout$CallableStatement.call(FailOnTimeout.java:292)
	at java.util.concurrent.FutureTask.run(FutureTask.java:266)
	at java.lang.Thread.run(Thread.java:748)
2019-09-26 09:49:11,182 INFO  impl.LeaderElection (LeaderElection.java:logAndReturn(56)) - s0@group-5BD3E7F27A57-LeaderElection61: Election TIMEOUT; received 0 response(s) [] and 0 exception(s); s0@group-5BD3E7F27A57:t84, leader=null, voted=s0, raftlog=s0@group-5BD3E7F27A57-SegmentedRaftLog:OPENED:c3,f4,i4, conf=3: [s0:0.0.0.0:41468, s1:0.0.0.0:41619, s2:0.0.0.0:44382], old=null
2019-09-26 09:49:11,191 INFO  impl.LeaderElection (LeaderElection.java:askForVotes(178)) - s0@group-5BD3E7F27A57-LeaderElection61: begin an election at term 85 for 3: [s0:0.0.0.0:41468, s1:0.0.0.0:41619, s2:0.0.0.0:44382], old=null
2019-09-26 09:49:11,195 INFO  ratis.MiniRaftCluster (MiniRaftCluster.java:lambda$null$5(297)) - TIMED-PRINT: printing ALL groups
  s0:  RUNNING CANDIDATE s0@group-5BD3E7F27A57:t85, leader=null, voted=s0, raftlog=s0@group-5BD3E7F27A57-SegmentedRaftLog:OPENED:c3,f4,i4, conf=3: [s0:0.0.0.0:41468, s1:0.0.0.0:41619, s2:0.0.0.0:44382], old=null RUNNING
  s1:  RUNNING CANDIDATE s1@group-5BD3E7F27A57:t84, leader=null, voted=s1, raftlog=s1@group-5BD3E7F27A57-SegmentedRaftLog:OPENED:c2,f3,i3, conf=2: [s0:0.0.0.0:41468, s1:0.0.0.0:41619, s2:0.0.0.0:44382], old=null RUNNING
  s2:  RUNNING CANDIDATE s2@group-5BD3E7F27A57:t84, leader=null, voted=s2, raftlog=s2@group-5BD3E7F27A57-SegmentedRaftLog:OPENED:c1,f3,i3, conf=3: [s0:0.0.0.0:41468, s1:0.0.0.0:41619, s2:0.0.0.0:44382], old=null RUNNING
2019-09-26 09:49:11,235 INFO  impl.LeaderElection (LeaderElection.java:logAndReturn(56)) - s2@group-5BD3E7F27A57-LeaderElection63: Election TIMEOUT; received 1 response(s) [s2<-s0#0:FAIL-t84] and 0 exception(s); s2@group-5BD3E7F27A57:t84, leader=null, voted=s2, raftlog=s2@group-5BD3E7F27A57-SegmentedRaftLog:OPENED:c1,f3,i3, conf=3: [s0:0.0.0.0:41468, s1:0.0.0.0:41619, s2:0.0.0.0:44382], old=null
2019-09-26 09:49:11,244 INFO  impl.LeaderElection (LeaderElection.java:logAndReturn(56)) - s1@group-5BD3E7F27A57-LeaderElection62: Election TIMEOUT; received 1 response(s) [s1<-s0#0:FAIL-t84] and 0 exception(s); s1@group-5BD3E7F27A57:t84, leader=null, voted=s1, raftlog=s1@group-5BD3E7F27A57-SegmentedRaftLog:OPENED:c2,f3,i3, conf=2: [s0:0.0.0.0:41468, s1:0.0.0.0:41619, s2:0.0.0.0:44382], old=null
2019-09-26 09:49:11,249 INFO  impl.LeaderElection (LeaderElection.java:askForVotes(178)) - s2@group-5BD3E7F27A57-LeaderElection63: begin an election at term 85 for 3: [s0:0.0.0.0:41468, s1:0.0.0.0:41619, s2:0.0.0.0:44382], old=null
2019-09-26 09:49:11,250 INFO  impl.LeaderElection (LeaderElection.java:askForVotes(178)) - s1@group-5BD3E7F27A57-LeaderElection62: begin an election at term 85 for 2: [s0:0.0.0.0:41468, s1:0.0.0.0:41619, s2:0.0.0.0:44382], old=null
2019-09-26 09:49:11,250 DEBUG impl.RaftServerImpl (RaftServerImpl.java:requestVote(743)) - s0@group-5BD3E7F27A57: receive requestVote(s2, group-5BD3E7F27A57, 85, (t:4, i:3))
2019-09-26 09:49:11,250 DEBUG impl.RaftServerImpl (RaftServerImpl.java:requestVote(775)) - s0@group-5BD3E7F27A57 replies to vote request: s2<-s0#0:FAIL-t85. Peer's state: s0@group-5BD3E7F27A57:t85, leader=null, voted=s0, raftlog=s0@group-5BD3E7F27A57-SegmentedRaftLog:OPENED:c3,f4,i4, conf=3: [s0:0.0.0.0:41468, s1:0.0.0.0:41619, s2:0.0.0.0:44382], old=null
2019-09-26 09:49:11,250 DEBUG impl.RaftServerImpl (RaftServerImpl.java:requestVote(743)) - s0@group-5BD3E7F27A57: receive requestVote(s1, group-5BD3E7F27A57, 85, (t:3, i:3))
2019-09-26 09:49:11,251 DEBUG impl.RaftServerImpl (RaftServerImpl.java:requestVote(775)) - s0@group-5BD3E7F27A57 replies to vote request: s1<-s0#0:FAIL-t85. Peer's state: s0@group-5BD3E7F27A57:t85, leader=null, voted=s0, raftlog=s0@group-5BD3E7F27A57-SegmentedRaftLog:OPENED:c3,f4,i4, conf=3: [s0:0.0.0.0:41468, s1:0.0.0.0:41619, s2:0.0.0.0:44382], old=null
2019-09-26 09:49:11,412 INFO  impl.LeaderElection (LeaderElection.java:logAndReturn(56)) - s1@group-5BD3E7F27A57-LeaderElection62: Election TIMEOUT; received 1 response(s) [s1<-s0#0:FAIL-t85] and 0 exception(s); s1@group-5BD3E7F27A57:t85, leader=null, voted=s1, raftlog=s1@group-5BD3E7F27A57-SegmentedRaftLog:OPENED:c2,f3,i3, conf=2: [s0:0.0.0.0:41468, s1:0.0.0.0:41619, s2:0.0.0.0:44382], old=null
2019-09-26 09:49:11,425 INFO  impl.LeaderElection (LeaderElection.java:askForVotes(178)) - s1@group-5BD3E7F27A57-LeaderElection62: begin an election at term 86 for 2: [s0:0.0.0.0:41468, s1:0.0.0.0:41619, s2:0.0.0.0:44382], old=null
2019-09-26 09:49:11,426 DEBUG impl.RaftServerImpl (RaftServerImpl.java:requestVote(743)) - s0@group-5BD3E7F27A57: receive requestVote(s1, group-5BD3E7F27A57, 86, (t:3, i:3))
2019-09-26 09:49:11,426 INFO  impl.RaftServerImpl (RaftServerImpl.java:setRole(170)) - s0@group-5BD3E7F27A57: changes role from CANDIDATE to FOLLOWER at term 86 for recognizeCandidate:s1
2019-09-26 09:49:11,426 INFO  impl.RoleInfo (RoleInfo.java:shutdownLeaderElection(134)) - s0: shutdown LeaderElection
2019-09-26 09:49:11,427 INFO  impl.RoleInfo (RoleInfo.java:updateAndGet(143)) - s0: start FollowerState
2019-09-26 09:49:11,444 INFO  impl.LeaderElection (LeaderElection.java:logAndReturn(56)) - s2@group-5BD3E7F27A57-LeaderElection63: Election TIMEOUT; received 1 response(s) [s2<-s0#0:FAIL-t85] and 0 exception(s); s2@group-5BD3E7F27A57:t85, leader=null, voted=s2, raftlog=s2@group-5BD3E7F27A57-SegmentedRaftLog:OPENED:c1,f3,i3, conf=3: [s0:0.0.0.0:41468, s1:0.0.0.0:41619, s2:0.0.0.0:44382], old=null
2019-09-26 09:49:11,451 DEBUG impl.RaftServerImpl (RaftServerImpl.java:requestVote(775)) - s0@group-5BD3E7F27A57 replies to vote request: s1<-s0#0:FAIL-t86. Peer's state: s0@group-5BD3E7F27A57:t86, leader=null, voted=null, raftlog=s0@group-5BD3E7F27A57-SegmentedRaftLog:OPENED:c3,f4,i4, conf=3: [s0:0.0.0.0:41468, s1:0.0.0.0:41619, s2:0.0.0.0:44382], old=null
2019-09-26 09:49:11,453 INFO  impl.LeaderElection (LeaderElection.java:askForVotes(178)) - s2@group-5BD3E7F27A57-LeaderElection63: begin an election at term 86 for 3: [s0:0.0.0.0:41468, s1:0.0.0.0:41619, s2:0.0.0.0:44382], old=null
2019-09-26 09:49:11,454 DEBUG impl.RaftServerImpl (RaftServerImpl.java:requestVote(743)) - s0@group-5BD3E7F27A57: receive requestVote(s2, group-5BD3E7F27A57, 86, (t:4, i:3))
2019-09-26 09:49:11,454 INFO  impl.RaftServerImpl (RaftServerImpl.java:setRole(170)) - s0@group-5BD3E7F27A57: changes role from  FOLLOWER to FOLLOWER at term 86 for recognizeCandidate:s2
2019-09-26 09:49:11,454 INFO  impl.RoleInfo (RoleInfo.java:shutdownFollowerState(121)) - s0: shutdown FollowerState
2019-09-26 09:49:11,454 INFO  impl.RoleInfo (RoleInfo.java:updateAndGet(143)) - s0: start FollowerState
2019-09-26 09:49:11,454 INFO  impl.FollowerState (FollowerState.java:run(117)) - s0@group-5BD3E7F27A57-FollowerState was interrupted: java.lang.InterruptedException: sleep interrupted
2019-09-26 09:49:11,455 DEBUG impl.RaftServerImpl (RaftServerImpl.java:requestVote(775)) - s0@group-5BD3E7F27A57 replies to vote request: s2<-s0#0:FAIL-t86. Peer's state: s0@group-5BD3E7F27A57:t86, leader=null, voted=null, raftlog=s0@group-5BD3E7F27A57-SegmentedRaftLog:OPENED:c3,f4,i4, conf=3: [s0:0.0.0.0:41468, s1:0.0.0.0:41619, s2:0.0.0.0:44382], old=null
2019-09-26 09:49:11,464 INFO  impl.LeaderElection (LeaderElection.java:logAndReturn(56)) - s0@group-5BD3E7F27A57-LeaderElection61: Election REJECTED; received 0 response(s) [] and 0 exception(s); s0@group-5BD3E7F27A57:t86, leader=null, voted=null, raftlog=s0@group-5BD3E7F27A57-SegmentedRaftLog:OPENED:c3,f4,i4, conf=3: [s0:0.0.0.0:41468, s1:0.0.0.0:41619, s2:0.0.0.0:44382], old=null
2019-09-26 09:49:11,585 WARN  ratis.RaftTestUtil (JavaUtils.java:attempt(158)) - FAILED "waitForLeader-null-(expectLeader? true)", attempt #41/100: java.lang.IllegalStateException: No leader yet : printing ALL groups
  s0:  RUNNING  FOLLOWER s0@group-5BD3E7F27A57:t86, leader=null, voted=null, raftlog=s0@group-5BD3E7F27A57-SegmentedRaftLog:OPENED:c3,f4,i4, conf=3: [s0:0.0.0.0:41468, s1:0.0.0.0:41619, s2:0.0.0.0:44382], old=null RUNNING
  s1:  RUNNING CANDIDATE s1@group-5BD3E7F27A57:t86, leader=null, voted=s1, raftlog=s1@group-5BD3E7F27A57-SegmentedRaftLog:OPENED:c2,f3,i3, conf=2: [s0:0.0.0.0:41468, s1:0.0.0.0:41619, s2:0.0.0.0:44382], old=null RUNNING
  s2:  RUNNING CANDIDATE s2@group-5BD3E7F27A57:t86, leader=null, voted=s2, raftlog=s2@group-5BD3E7F27A57-SegmentedRaftLog:OPENED:c1,f3,i3, conf=3: [s0:0.0.0.0:41468, s1:0.0.0.0:41619, s2:0.0.0.0:44382], old=null RUNNING, sleep 450ms and then retry.
java.lang.IllegalStateException: No leader yet : printing ALL groups
  s0:  RUNNING  FOLLOWER s0@group-5BD3E7F27A57:t86, leader=null, voted=null, raftlog=s0@group-5BD3E7F27A57-SegmentedRaftLog:OPENED:c3,f4,i4, conf=3: [s0:0.0.0.0:41468, s1:0.0.0.0:41619, s2:0.0.0.0:44382], old=null RUNNING
  s1:  RUNNING CANDIDATE s1@group-5BD3E7F27A57:t86, leader=null, voted=s1, raftlog=s1@group-5BD3E7F27A57-SegmentedRaftLog:OPENED:c2,f3,i3, conf=2: [s0:0.0.0.0:41468, s1:0.0.0.0:41619, s2:0.0.0.0:44382], old=null RUNNING
  s2:  RUNNING CANDIDATE s2@group-5BD3E7F27A57:t86, leader=null, voted=s2, raftlog=s2@group-5BD3E7F27A57-SegmentedRaftLog:OPENED:c1,f3,i3, conf=3: [s0:0.0.0.0:41468, s1:0.0.0.0:41619, s2:0.0.0.0:44382], old=null RUNNING
	at org.apache.ratis.MiniRaftCluster.newIllegalStateExceptionForNoLeaders(MiniRaftCluster.java:506)
	at org.apache.ratis.RaftTestUtil.lambda$waitForLeader$1(RaftTestUtil.java:90)
	at org.apache.ratis.MiniRaftCluster.getLeader(MiniRaftCluster.java:539)
	at org.apache.ratis.MiniRaftCluster.getLeader(MiniRaftCluster.java:532)
	at org.apache.ratis.RaftTestUtil.lambda$waitForLeader$3(RaftTestUtil.java:98)
	at org.apache.ratis.util.JavaUtils.attempt(JavaUtils.java:152)
	at org.apache.ratis.RaftTestUtil.waitForLeader(RaftTestUtil.java:97)
	at org.apache.ratis.RaftTestUtil.waitForLeader(RaftTestUtil.java:77)
	at org.apache.ratis.RaftTestUtil.waitForLeader(RaftTestUtil.java:72)
	at org.apache.ratis.RaftTestUtil.lambda$changeLeader$7(RaftTestUtil.java:363)
	at org.apache.ratis.util.JavaUtils.attempt(JavaUtils.java:152)
	at org.apache.ratis.RaftTestUtil.changeLeader(RaftTestUtil.java:362)
	at org.apache.ratis.server.impl.LeaderElectionTests.testChangeLeader(LeaderElectionTests.java:81)
	at sun.reflect.NativeMethodAccessorImpl.invoke0(Native Method)
	at sun.reflect.NativeMethodAccessorImpl.invoke(NativeMethodAccessorImpl.java:62)
	at sun.reflect.DelegatingMethodAccessorImpl.invoke(DelegatingMethodAccessorImpl.java:43)
	at java.lang.reflect.Method.invoke(Method.java:498)
	at org.junit.runners.model.FrameworkMethod$1.runReflectiveCall(FrameworkMethod.java:50)
	at org.junit.internal.runners.model.ReflectiveCallable.run(ReflectiveCallable.java:12)
	at org.junit.runners.model.FrameworkMethod.invokeExplosively(FrameworkMethod.java:47)
	at org.junit.internal.runners.statements.InvokeMethod.evaluate(InvokeMethod.java:17)
	at org.junit.internal.runners.statements.RunAfters.evaluate(RunAfters.java:27)
	at org.junit.internal.runners.statements.FailOnTimeout$CallableStatement.call(FailOnTimeout.java:298)
	at org.junit.internal.runners.statements.FailOnTimeout$CallableStatement.call(FailOnTimeout.java:292)
	at java.util.concurrent.FutureTask.run(FutureTask.java:266)
	at java.lang.Thread.run(Thread.java:748)
2019-09-26 09:49:11,628 INFO  impl.FollowerState (FollowerState.java:run(108)) - s0@group-5BD3E7F27A57-FollowerState: change to CANDIDATE, lastRpcTime:173ms, electionTimeout:173ms
2019-09-26 09:49:11,628 INFO  impl.RoleInfo (RoleInfo.java:shutdownFollowerState(121)) - s0: shutdown FollowerState
2019-09-26 09:49:11,628 INFO  impl.RaftServerImpl (RaftServerImpl.java:setRole(170)) - s0@group-5BD3E7F27A57: changes role from  FOLLOWER to CANDIDATE at term 86 for changeToCandidate
2019-09-26 09:49:11,628 INFO  impl.RoleInfo (RoleInfo.java:updateAndGet(143)) - s0: start LeaderElection
2019-09-26 09:49:11,641 INFO  impl.LeaderElection (LeaderElection.java:askForVotes(178)) - s0@group-5BD3E7F27A57-LeaderElection64: begin an election at term 87 for 3: [s0:0.0.0.0:41468, s1:0.0.0.0:41619, s2:0.0.0.0:44382], old=null
2019-09-26 09:49:11,677 INFO  impl.LeaderElection (LeaderElection.java:logAndReturn(56)) - s1@group-5BD3E7F27A57-LeaderElection62: Election TIMEOUT; received 1 response(s) [s1<-s0#0:FAIL-t86] and 0 exception(s); s1@group-5BD3E7F27A57:t86, leader=null, voted=s1, raftlog=s1@group-5BD3E7F27A57-SegmentedRaftLog:OPENED:c2,f3,i3, conf=2: [s0:0.0.0.0:41468, s1:0.0.0.0:41619, s2:0.0.0.0:44382], old=null
2019-09-26 09:49:11,684 INFO  impl.LeaderElection (LeaderElection.java:logAndReturn(56)) - s2@group-5BD3E7F27A57-LeaderElection63: Election TIMEOUT; received 1 response(s) [s2<-s0#0:FAIL-t86] and 0 exception(s); s2@group-5BD3E7F27A57:t86, leader=null, voted=s2, raftlog=s2@group-5BD3E7F27A57-SegmentedRaftLog:OPENED:c1,f3,i3, conf=3: [s0:0.0.0.0:41468, s1:0.0.0.0:41619, s2:0.0.0.0:44382], old=null
2019-09-26 09:49:11,691 INFO  impl.LeaderElection (LeaderElection.java:askForVotes(178)) - s1@group-5BD3E7F27A57-LeaderElection62: begin an election at term 87 for 2: [s0:0.0.0.0:41468, s1:0.0.0.0:41619, s2:0.0.0.0:44382], old=null
2019-09-26 09:49:11,691 INFO  impl.LeaderElection (LeaderElection.java:askForVotes(178)) - s2@group-5BD3E7F27A57-LeaderElection63: begin an election at term 87 for 3: [s0:0.0.0.0:41468, s1:0.0.0.0:41619, s2:0.0.0.0:44382], old=null
2019-09-26 09:49:11,692 DEBUG impl.RaftServerImpl (RaftServerImpl.java:requestVote(743)) - s0@group-5BD3E7F27A57: receive requestVote(s1, group-5BD3E7F27A57, 87, (t:3, i:3))
2019-09-26 09:49:11,692 DEBUG impl.RaftServerImpl (RaftServerImpl.java:requestVote(743)) - s0@group-5BD3E7F27A57: receive requestVote(s2, group-5BD3E7F27A57, 87, (t:4, i:3))
2019-09-26 09:49:11,692 DEBUG impl.RaftServerImpl (RaftServerImpl.java:requestVote(775)) - s0@group-5BD3E7F27A57 replies to vote request: s1<-s0#0:FAIL-t87. Peer's state: s0@group-5BD3E7F27A57:t87, leader=null, voted=s0, raftlog=s0@group-5BD3E7F27A57-SegmentedRaftLog:OPENED:c3,f4,i4, conf=3: [s0:0.0.0.0:41468, s1:0.0.0.0:41619, s2:0.0.0.0:44382], old=null
2019-09-26 09:49:11,692 DEBUG impl.RaftServerImpl (RaftServerImpl.java:requestVote(775)) - s0@group-5BD3E7F27A57 replies to vote request: s2<-s0#0:FAIL-t87. Peer's state: s0@group-5BD3E7F27A57:t87, leader=null, voted=s0, raftlog=s0@group-5BD3E7F27A57-SegmentedRaftLog:OPENED:c3,f4,i4, conf=3: [s0:0.0.0.0:41468, s1:0.0.0.0:41619, s2:0.0.0.0:44382], old=null
2019-09-26 09:49:11,879 INFO  impl.LeaderElection (LeaderElection.java:logAndReturn(56)) - s2@group-5BD3E7F27A57-LeaderElection63: Election TIMEOUT; received 1 response(s) [s2<-s0#0:FAIL-t87] and 0 exception(s); s2@group-5BD3E7F27A57:t87, leader=null, voted=s2, raftlog=s2@group-5BD3E7F27A57-SegmentedRaftLog:OPENED:c1,f3,i3, conf=3: [s0:0.0.0.0:41468, s1:0.0.0.0:41619, s2:0.0.0.0:44382], old=null
2019-09-26 09:49:11,904 INFO  impl.LeaderElection (LeaderElection.java:askForVotes(178)) - s2@group-5BD3E7F27A57-LeaderElection63: begin an election at term 88 for 3: [s0:0.0.0.0:41468, s1:0.0.0.0:41619, s2:0.0.0.0:44382], old=null
2019-09-26 09:49:11,904 INFO  impl.LeaderElection (LeaderElection.java:logAndReturn(56)) - s1@group-5BD3E7F27A57-LeaderElection62: Election TIMEOUT; received 1 response(s) [s1<-s0#0:FAIL-t87] and 0 exception(s); s1@group-5BD3E7F27A57:t87, leader=null, voted=s1, raftlog=s1@group-5BD3E7F27A57-SegmentedRaftLog:OPENED:c2,f3,i3, conf=2: [s0:0.0.0.0:41468, s1:0.0.0.0:41619, s2:0.0.0.0:44382], old=null
2019-09-26 09:49:11,904 DEBUG impl.RaftServerImpl (RaftServerImpl.java:requestVote(743)) - s0@group-5BD3E7F27A57: receive requestVote(s2, group-5BD3E7F27A57, 88, (t:4, i:3))
2019-09-26 09:49:11,904 INFO  impl.RaftServerImpl (RaftServerImpl.java:setRole(170)) - s0@group-5BD3E7F27A57: changes role from CANDIDATE to FOLLOWER at term 88 for recognizeCandidate:s2
2019-09-26 09:49:11,905 INFO  impl.RoleInfo (RoleInfo.java:shutdownLeaderElection(134)) - s0: shutdown LeaderElection
2019-09-26 09:49:11,905 INFO  impl.RoleInfo (RoleInfo.java:updateAndGet(143)) - s0: start FollowerState
2019-09-26 09:49:11,918 INFO  impl.LeaderElection (LeaderElection.java:askForVotes(178)) - s1@group-5BD3E7F27A57-LeaderElection62: begin an election at term 88 for 2: [s0:0.0.0.0:41468, s1:0.0.0.0:41619, s2:0.0.0.0:44382], old=null
2019-09-26 09:49:11,918 DEBUG impl.RaftServerImpl (RaftServerImpl.java:requestVote(775)) - s0@group-5BD3E7F27A57 replies to vote request: s2<-s0#0:FAIL-t88. Peer's state: s0@group-5BD3E7F27A57:t88, leader=null, voted=null, raftlog=s0@group-5BD3E7F27A57-SegmentedRaftLog:OPENED:c3,f4,i4, conf=3: [s0:0.0.0.0:41468, s1:0.0.0.0:41619, s2:0.0.0.0:44382], old=null
2019-09-26 09:49:11,918 DEBUG impl.RaftServerImpl (RaftServerImpl.java:requestVote(743)) - s0@group-5BD3E7F27A57: receive requestVote(s1, group-5BD3E7F27A57, 88, (t:3, i:3))
2019-09-26 09:49:11,919 INFO  impl.RaftServerImpl (RaftServerImpl.java:setRole(170)) - s0@group-5BD3E7F27A57: changes role from  FOLLOWER to FOLLOWER at term 88 for recognizeCandidate:s1
2019-09-26 09:49:11,919 INFO  impl.RoleInfo (RoleInfo.java:shutdownFollowerState(121)) - s0: shutdown FollowerState
2019-09-26 09:49:11,919 INFO  impl.RoleInfo (RoleInfo.java:updateAndGet(143)) - s0: start FollowerState
2019-09-26 09:49:11,919 INFO  impl.FollowerState (FollowerState.java:run(117)) - s0@group-5BD3E7F27A57-FollowerState was interrupted: java.lang.InterruptedException: sleep interrupted
2019-09-26 09:49:11,919 DEBUG impl.RaftServerImpl (RaftServerImpl.java:requestVote(775)) - s0@group-5BD3E7F27A57 replies to vote request: s1<-s0#0:FAIL-t88. Peer's state: s0@group-5BD3E7F27A57:t88, leader=null, voted=null, raftlog=s0@group-5BD3E7F27A57-SegmentedRaftLog:OPENED:c3,f4,i4, conf=3: [s0:0.0.0.0:41468, s1:0.0.0.0:41619, s2:0.0.0.0:44382], old=null
2019-09-26 09:49:11,936 INFO  impl.LeaderElection (LeaderElection.java:logAndReturn(56)) - s0@group-5BD3E7F27A57-LeaderElection64: Election REJECTED; received 0 response(s) [] and 0 exception(s); s0@group-5BD3E7F27A57:t88, leader=null, voted=null, raftlog=s0@group-5BD3E7F27A57-SegmentedRaftLog:OPENED:c3,f4,i4, conf=3: [s0:0.0.0.0:41468, s1:0.0.0.0:41619, s2:0.0.0.0:44382], old=null
2019-09-26 09:49:12,036 WARN  ratis.RaftTestUtil (JavaUtils.java:attempt(158)) - FAILED "waitForLeader-null-(expectLeader? true)", attempt #42/100: java.lang.IllegalStateException: No leader yet : printing ALL groups
  s0:  RUNNING  FOLLOWER s0@group-5BD3E7F27A57:t88, leader=null, voted=null, raftlog=s0@group-5BD3E7F27A57-SegmentedRaftLog:OPENED:c3,f4,i4, conf=3: [s0:0.0.0.0:41468, s1:0.0.0.0:41619, s2:0.0.0.0:44382], old=null RUNNING
  s1:  RUNNING CANDIDATE s1@group-5BD3E7F27A57:t88, leader=null, voted=s1, raftlog=s1@group-5BD3E7F27A57-SegmentedRaftLog:OPENED:c2,f3,i3, conf=2: [s0:0.0.0.0:41468, s1:0.0.0.0:41619, s2:0.0.0.0:44382], old=null RUNNING
  s2:  RUNNING CANDIDATE s2@group-5BD3E7F27A57:t88, leader=null, voted=s2, raftlog=s2@group-5BD3E7F27A57-SegmentedRaftLog:OPENED:c1,f3,i3, conf=3: [s0:0.0.0.0:41468, s1:0.0.0.0:41619, s2:0.0.0.0:44382], old=null RUNNING, sleep 450ms and then retry.
java.lang.IllegalStateException: No leader yet : printing ALL groups
  s0:  RUNNING  FOLLOWER s0@group-5BD3E7F27A57:t88, leader=null, voted=null, raftlog=s0@group-5BD3E7F27A57-SegmentedRaftLog:OPENED:c3,f4,i4, conf=3: [s0:0.0.0.0:41468, s1:0.0.0.0:41619, s2:0.0.0.0:44382], old=null RUNNING
  s1:  RUNNING CANDIDATE s1@group-5BD3E7F27A57:t88, leader=null, voted=s1, raftlog=s1@group-5BD3E7F27A57-SegmentedRaftLog:OPENED:c2,f3,i3, conf=2: [s0:0.0.0.0:41468, s1:0.0.0.0:41619, s2:0.0.0.0:44382], old=null RUNNING
  s2:  RUNNING CANDIDATE s2@group-5BD3E7F27A57:t88, leader=null, voted=s2, raftlog=s2@group-5BD3E7F27A57-SegmentedRaftLog:OPENED:c1,f3,i3, conf=3: [s0:0.0.0.0:41468, s1:0.0.0.0:41619, s2:0.0.0.0:44382], old=null RUNNING
	at org.apache.ratis.MiniRaftCluster.newIllegalStateExceptionForNoLeaders(MiniRaftCluster.java:506)
	at org.apache.ratis.RaftTestUtil.lambda$waitForLeader$1(RaftTestUtil.java:90)
	at org.apache.ratis.MiniRaftCluster.getLeader(MiniRaftCluster.java:539)
	at org.apache.ratis.MiniRaftCluster.getLeader(MiniRaftCluster.java:532)
	at org.apache.ratis.RaftTestUtil.lambda$waitForLeader$3(RaftTestUtil.java:98)
	at org.apache.ratis.util.JavaUtils.attempt(JavaUtils.java:152)
	at org.apache.ratis.RaftTestUtil.waitForLeader(RaftTestUtil.java:97)
	at org.apache.ratis.RaftTestUtil.waitForLeader(RaftTestUtil.java:77)
	at org.apache.ratis.RaftTestUtil.waitForLeader(RaftTestUtil.java:72)
	at org.apache.ratis.RaftTestUtil.lambda$changeLeader$7(RaftTestUtil.java:363)
	at org.apache.ratis.util.JavaUtils.attempt(JavaUtils.java:152)
	at org.apache.ratis.RaftTestUtil.changeLeader(RaftTestUtil.java:362)
	at org.apache.ratis.server.impl.LeaderElectionTests.testChangeLeader(LeaderElectionTests.java:81)
	at sun.reflect.NativeMethodAccessorImpl.invoke0(Native Method)
	at sun.reflect.NativeMethodAccessorImpl.invoke(NativeMethodAccessorImpl.java:62)
	at sun.reflect.DelegatingMethodAccessorImpl.invoke(DelegatingMethodAccessorImpl.java:43)
	at java.lang.reflect.Method.invoke(Method.java:498)
	at org.junit.runners.model.FrameworkMethod$1.runReflectiveCall(FrameworkMethod.java:50)
	at org.junit.internal.runners.model.ReflectiveCallable.run(ReflectiveCallable.java:12)
	at org.junit.runners.model.FrameworkMethod.invokeExplosively(FrameworkMethod.java:47)
	at org.junit.internal.runners.statements.InvokeMethod.evaluate(InvokeMethod.java:17)
	at org.junit.internal.runners.statements.RunAfters.evaluate(RunAfters.java:27)
	at org.junit.internal.runners.statements.FailOnTimeout$CallableStatement.call(FailOnTimeout.java:298)
	at org.junit.internal.runners.statements.FailOnTimeout$CallableStatement.call(FailOnTimeout.java:292)
	at java.util.concurrent.FutureTask.run(FutureTask.java:266)
	at java.lang.Thread.run(Thread.java:748)
2019-09-26 09:49:12,120 INFO  impl.LeaderElection (LeaderElection.java:logAndReturn(56)) - s2@group-5BD3E7F27A57-LeaderElection63: Election TIMEOUT; received 1 response(s) [s2<-s0#0:FAIL-t88] and 0 exception(s); s2@group-5BD3E7F27A57:t88, leader=null, voted=s2, raftlog=s2@group-5BD3E7F27A57-SegmentedRaftLog:OPENED:c1,f3,i3, conf=3: [s0:0.0.0.0:41468, s1:0.0.0.0:41619, s2:0.0.0.0:44382], old=null
2019-09-26 09:49:12,124 INFO  impl.FollowerState (FollowerState.java:run(108)) - s0@group-5BD3E7F27A57-FollowerState: change to CANDIDATE, lastRpcTime:205ms, electionTimeout:205ms
2019-09-26 09:49:12,125 INFO  impl.RoleInfo (RoleInfo.java:shutdownFollowerState(121)) - s0: shutdown FollowerState
2019-09-26 09:49:12,125 INFO  impl.RaftServerImpl (RaftServerImpl.java:setRole(170)) - s0@group-5BD3E7F27A57: changes role from  FOLLOWER to CANDIDATE at term 88 for changeToCandidate
2019-09-26 09:49:12,125 INFO  impl.RoleInfo (RoleInfo.java:updateAndGet(143)) - s0: start LeaderElection
2019-09-26 09:49:12,134 INFO  impl.LeaderElection (LeaderElection.java:askForVotes(178)) - s0@group-5BD3E7F27A57-LeaderElection65: begin an election at term 89 for 3: [s0:0.0.0.0:41468, s1:0.0.0.0:41619, s2:0.0.0.0:44382], old=null
2019-09-26 09:49:12,134 INFO  impl.LeaderElection (LeaderElection.java:askForVotes(178)) - s2@group-5BD3E7F27A57-LeaderElection63: begin an election at term 89 for 3: [s0:0.0.0.0:41468, s1:0.0.0.0:41619, s2:0.0.0.0:44382], old=null
2019-09-26 09:49:12,135 DEBUG impl.RaftServerImpl (RaftServerImpl.java:requestVote(743)) - s0@group-5BD3E7F27A57: receive requestVote(s2, group-5BD3E7F27A57, 89, (t:4, i:3))
2019-09-26 09:49:12,135 DEBUG impl.RaftServerImpl (RaftServerImpl.java:requestVote(775)) - s0@group-5BD3E7F27A57 replies to vote request: s2<-s0#0:FAIL-t89. Peer's state: s0@group-5BD3E7F27A57:t89, leader=null, voted=s0, raftlog=s0@group-5BD3E7F27A57-SegmentedRaftLog:OPENED:c3,f4,i4, conf=3: [s0:0.0.0.0:41468, s1:0.0.0.0:41619, s2:0.0.0.0:44382], old=null
2019-09-26 09:49:12,149 INFO  impl.LeaderElection (LeaderElection.java:logAndReturn(56)) - s1@group-5BD3E7F27A57-LeaderElection62: Election TIMEOUT; received 1 response(s) [s1<-s0#0:FAIL-t88] and 0 exception(s); s1@group-5BD3E7F27A57:t88, leader=null, voted=s1, raftlog=s1@group-5BD3E7F27A57-SegmentedRaftLog:OPENED:c2,f3,i3, conf=2: [s0:0.0.0.0:41468, s1:0.0.0.0:41619, s2:0.0.0.0:44382], old=null
2019-09-26 09:49:12,161 INFO  impl.LeaderElection (LeaderElection.java:askForVotes(178)) - s1@group-5BD3E7F27A57-LeaderElection62: begin an election at term 89 for 2: [s0:0.0.0.0:41468, s1:0.0.0.0:41619, s2:0.0.0.0:44382], old=null
2019-09-26 09:49:12,162 DEBUG impl.RaftServerImpl (RaftServerImpl.java:requestVote(743)) - s0@group-5BD3E7F27A57: receive requestVote(s1, group-5BD3E7F27A57, 89, (t:3, i:3))
2019-09-26 09:49:12,162 DEBUG impl.RaftServerImpl (RaftServerImpl.java:requestVote(775)) - s0@group-5BD3E7F27A57 replies to vote request: s1<-s0#0:FAIL-t89. Peer's state: s0@group-5BD3E7F27A57:t89, leader=null, voted=s0, raftlog=s0@group-5BD3E7F27A57-SegmentedRaftLog:OPENED:c3,f4,i4, conf=3: [s0:0.0.0.0:41468, s1:0.0.0.0:41619, s2:0.0.0.0:44382], old=null
2019-09-26 09:49:12,308 INFO  impl.LeaderElection (LeaderElection.java:logAndReturn(56)) - s2@group-5BD3E7F27A57-LeaderElection63: Election TIMEOUT; received 1 response(s) [s2<-s0#0:FAIL-t89] and 0 exception(s); s2@group-5BD3E7F27A57:t89, leader=null, voted=s2, raftlog=s2@group-5BD3E7F27A57-SegmentedRaftLog:OPENED:c1,f3,i3, conf=3: [s0:0.0.0.0:41468, s1:0.0.0.0:41619, s2:0.0.0.0:44382], old=null
2019-09-26 09:49:12,321 INFO  impl.LeaderElection (LeaderElection.java:askForVotes(178)) - s2@group-5BD3E7F27A57-LeaderElection63: begin an election at term 90 for 3: [s0:0.0.0.0:41468, s1:0.0.0.0:41619, s2:0.0.0.0:44382], old=null
2019-09-26 09:49:12,322 DEBUG impl.RaftServerImpl (RaftServerImpl.java:requestVote(743)) - s0@group-5BD3E7F27A57: receive requestVote(s2, group-5BD3E7F27A57, 90, (t:4, i:3))
2019-09-26 09:49:12,322 INFO  impl.RaftServerImpl (RaftServerImpl.java:setRole(170)) - s0@group-5BD3E7F27A57: changes role from CANDIDATE to FOLLOWER at term 90 for recognizeCandidate:s2
2019-09-26 09:49:12,322 INFO  impl.RoleInfo (RoleInfo.java:shutdownLeaderElection(134)) - s0: shutdown LeaderElection
2019-09-26 09:49:12,322 INFO  impl.RoleInfo (RoleInfo.java:updateAndGet(143)) - s0: start FollowerState
2019-09-26 09:49:12,335 DEBUG impl.RaftServerImpl (RaftServerImpl.java:requestVote(775)) - s0@group-5BD3E7F27A57 replies to vote request: s2<-s0#0:FAIL-t90. Peer's state: s0@group-5BD3E7F27A57:t90, leader=null, voted=null, raftlog=s0@group-5BD3E7F27A57-SegmentedRaftLog:OPENED:c3,f4,i4, conf=3: [s0:0.0.0.0:41468, s1:0.0.0.0:41619, s2:0.0.0.0:44382], old=null
2019-09-26 09:49:12,376 INFO  impl.LeaderElection (LeaderElection.java:logAndReturn(56)) - s1@group-5BD3E7F27A57-LeaderElection62: Election TIMEOUT; received 1 response(s) [s1<-s0#0:FAIL-t89] and 0 exception(s); s1@group-5BD3E7F27A57:t89, leader=null, voted=s1, raftlog=s1@group-5BD3E7F27A57-SegmentedRaftLog:OPENED:c2,f3,i3, conf=2: [s0:0.0.0.0:41468, s1:0.0.0.0:41619, s2:0.0.0.0:44382], old=null
2019-09-26 09:49:12,389 INFO  impl.LeaderElection (LeaderElection.java:askForVotes(178)) - s1@group-5BD3E7F27A57-LeaderElection62: begin an election at term 90 for 2: [s0:0.0.0.0:41468, s1:0.0.0.0:41619, s2:0.0.0.0:44382], old=null
2019-09-26 09:49:12,389 DEBUG impl.RaftServerImpl (RaftServerImpl.java:requestVote(743)) - s0@group-5BD3E7F27A57: receive requestVote(s1, group-5BD3E7F27A57, 90, (t:3, i:3))
2019-09-26 09:49:12,390 INFO  impl.RaftServerImpl (RaftServerImpl.java:setRole(170)) - s0@group-5BD3E7F27A57: changes role from  FOLLOWER to FOLLOWER at term 90 for recognizeCandidate:s1
2019-09-26 09:49:12,390 INFO  impl.RoleInfo (RoleInfo.java:shutdownFollowerState(121)) - s0: shutdown FollowerState
2019-09-26 09:49:12,390 INFO  impl.RoleInfo (RoleInfo.java:updateAndGet(143)) - s0: start FollowerState
2019-09-26 09:49:12,390 INFO  impl.FollowerState (FollowerState.java:run(117)) - s0@group-5BD3E7F27A57-FollowerState was interrupted: java.lang.InterruptedException: sleep interrupted
2019-09-26 09:49:12,390 DEBUG impl.RaftServerImpl (RaftServerImpl.java:requestVote(775)) - s0@group-5BD3E7F27A57 replies to vote request: s1<-s0#0:FAIL-t90. Peer's state: s0@group-5BD3E7F27A57:t90, leader=null, voted=null, raftlog=s0@group-5BD3E7F27A57-SegmentedRaftLog:OPENED:c3,f4,i4, conf=3: [s0:0.0.0.0:41468, s1:0.0.0.0:41619, s2:0.0.0.0:44382], old=null
2019-09-26 09:49:12,409 INFO  impl.LeaderElection (LeaderElection.java:logAndReturn(56)) - s0@group-5BD3E7F27A57-LeaderElection65: Election REJECTED; received 0 response(s) [] and 0 exception(s); s0@group-5BD3E7F27A57:t90, leader=null, voted=null, raftlog=s0@group-5BD3E7F27A57-SegmentedRaftLog:OPENED:c3,f4,i4, conf=3: [s0:0.0.0.0:41468, s1:0.0.0.0:41619, s2:0.0.0.0:44382], old=null
2019-09-26 09:49:12,487 WARN  ratis.RaftTestUtil (JavaUtils.java:attempt(158)) - FAILED "waitForLeader-null-(expectLeader? true)", attempt #43/100: java.lang.IllegalStateException: No leader yet : printing ALL groups
  s0:  RUNNING  FOLLOWER s0@group-5BD3E7F27A57:t90, leader=null, voted=null, raftlog=s0@group-5BD3E7F27A57-SegmentedRaftLog:OPENED:c3,f4,i4, conf=3: [s0:0.0.0.0:41468, s1:0.0.0.0:41619, s2:0.0.0.0:44382], old=null RUNNING
  s1:  RUNNING CANDIDATE s1@group-5BD3E7F27A57:t90, leader=null, voted=s1, raftlog=s1@group-5BD3E7F27A57-SegmentedRaftLog:OPENED:c2,f3,i3, conf=2: [s0:0.0.0.0:41468, s1:0.0.0.0:41619, s2:0.0.0.0:44382], old=null RUNNING
  s2:  RUNNING CANDIDATE s2@group-5BD3E7F27A57:t90, leader=null, voted=s2, raftlog=s2@group-5BD3E7F27A57-SegmentedRaftLog:OPENED:c1,f3,i3, conf=3: [s0:0.0.0.0:41468, s1:0.0.0.0:41619, s2:0.0.0.0:44382], old=null RUNNING, sleep 450ms and then retry.
java.lang.IllegalStateException: No leader yet : printing ALL groups
  s0:  RUNNING  FOLLOWER s0@group-5BD3E7F27A57:t90, leader=null, voted=null, raftlog=s0@group-5BD3E7F27A57-SegmentedRaftLog:OPENED:c3,f4,i4, conf=3: [s0:0.0.0.0:41468, s1:0.0.0.0:41619, s2:0.0.0.0:44382], old=null RUNNING
  s1:  RUNNING CANDIDATE s1@group-5BD3E7F27A57:t90, leader=null, voted=s1, raftlog=s1@group-5BD3E7F27A57-SegmentedRaftLog:OPENED:c2,f3,i3, conf=2: [s0:0.0.0.0:41468, s1:0.0.0.0:41619, s2:0.0.0.0:44382], old=null RUNNING
  s2:  RUNNING CANDIDATE s2@group-5BD3E7F27A57:t90, leader=null, voted=s2, raftlog=s2@group-5BD3E7F27A57-SegmentedRaftLog:OPENED:c1,f3,i3, conf=3: [s0:0.0.0.0:41468, s1:0.0.0.0:41619, s2:0.0.0.0:44382], old=null RUNNING
	at org.apache.ratis.MiniRaftCluster.newIllegalStateExceptionForNoLeaders(MiniRaftCluster.java:506)
	at org.apache.ratis.RaftTestUtil.lambda$waitForLeader$1(RaftTestUtil.java:90)
	at org.apache.ratis.MiniRaftCluster.getLeader(MiniRaftCluster.java:539)
	at org.apache.ratis.MiniRaftCluster.getLeader(MiniRaftCluster.java:532)
	at org.apache.ratis.RaftTestUtil.lambda$waitForLeader$3(RaftTestUtil.java:98)
	at org.apache.ratis.util.JavaUtils.attempt(JavaUtils.java:152)
	at org.apache.ratis.RaftTestUtil.waitForLeader(RaftTestUtil.java:97)
	at org.apache.ratis.RaftTestUtil.waitForLeader(RaftTestUtil.java:77)
	at org.apache.ratis.RaftTestUtil.waitForLeader(RaftTestUtil.java:72)
	at org.apache.ratis.RaftTestUtil.lambda$changeLeader$7(RaftTestUtil.java:363)
	at org.apache.ratis.util.JavaUtils.attempt(JavaUtils.java:152)
	at org.apache.ratis.RaftTestUtil.changeLeader(RaftTestUtil.java:362)
	at org.apache.ratis.server.impl.LeaderElectionTests.testChangeLeader(LeaderElectionTests.java:81)
	at sun.reflect.NativeMethodAccessorImpl.invoke0(Native Method)
	at sun.reflect.NativeMethodAccessorImpl.invoke(NativeMethodAccessorImpl.java:62)
	at sun.reflect.DelegatingMethodAccessorImpl.invoke(DelegatingMethodAccessorImpl.java:43)
	at java.lang.reflect.Method.invoke(Method.java:498)
	at org.junit.runners.model.FrameworkMethod$1.runReflectiveCall(FrameworkMethod.java:50)
	at org.junit.internal.runners.model.ReflectiveCallable.run(ReflectiveCallable.java:12)
	at org.junit.runners.model.FrameworkMethod.invokeExplosively(FrameworkMethod.java:47)
	at org.junit.internal.runners.statements.InvokeMethod.evaluate(InvokeMethod.java:17)
	at org.junit.internal.runners.statements.RunAfters.evaluate(RunAfters.java:27)
	at org.junit.internal.runners.statements.FailOnTimeout$CallableStatement.call(FailOnTimeout.java:298)
	at org.junit.internal.runners.statements.FailOnTimeout$CallableStatement.call(FailOnTimeout.java:292)
	at java.util.concurrent.FutureTask.run(FutureTask.java:266)
	at java.lang.Thread.run(Thread.java:748)
2019-09-26 09:49:12,544 INFO  impl.LeaderElection (LeaderElection.java:logAndReturn(56)) - s1@group-5BD3E7F27A57-LeaderElection62: Election TIMEOUT; received 1 response(s) [s1<-s0#0:FAIL-t90] and 0 exception(s); s1@group-5BD3E7F27A57:t90, leader=null, voted=s1, raftlog=s1@group-5BD3E7F27A57-SegmentedRaftLog:OPENED:c2,f3,i3, conf=2: [s0:0.0.0.0:41468, s1:0.0.0.0:41619, s2:0.0.0.0:44382], old=null
2019-09-26 09:49:12,558 INFO  impl.LeaderElection (LeaderElection.java:askForVotes(178)) - s1@group-5BD3E7F27A57-LeaderElection62: begin an election at term 91 for 2: [s0:0.0.0.0:41468, s1:0.0.0.0:41619, s2:0.0.0.0:44382], old=null
2019-09-26 09:49:12,559 DEBUG impl.RaftServerImpl (RaftServerImpl.java:requestVote(743)) - s0@group-5BD3E7F27A57: receive requestVote(s1, group-5BD3E7F27A57, 91, (t:3, i:3))
2019-09-26 09:49:12,559 INFO  impl.RaftServerImpl (RaftServerImpl.java:setRole(170)) - s0@group-5BD3E7F27A57: changes role from  FOLLOWER to FOLLOWER at term 91 for recognizeCandidate:s1
2019-09-26 09:49:12,559 INFO  impl.RoleInfo (RoleInfo.java:shutdownFollowerState(121)) - s0: shutdown FollowerState
2019-09-26 09:49:12,559 INFO  impl.RoleInfo (RoleInfo.java:updateAndGet(143)) - s0: start FollowerState
2019-09-26 09:49:12,559 INFO  impl.FollowerState (FollowerState.java:run(117)) - s0@group-5BD3E7F27A57-FollowerState was interrupted: java.lang.InterruptedException: sleep interrupted
2019-09-26 09:49:12,573 DEBUG impl.RaftServerImpl (RaftServerImpl.java:requestVote(775)) - s0@group-5BD3E7F27A57 replies to vote request: s1<-s0#0:FAIL-t91. Peer's state: s0@group-5BD3E7F27A57:t91, leader=null, voted=null, raftlog=s0@group-5BD3E7F27A57-SegmentedRaftLog:OPENED:c3,f4,i4, conf=3: [s0:0.0.0.0:41468, s1:0.0.0.0:41619, s2:0.0.0.0:44382], old=null
2019-09-26 09:49:12,615 INFO  impl.LeaderElection (LeaderElection.java:logAndReturn(56)) - s2@group-5BD3E7F27A57-LeaderElection63: Election TIMEOUT; received 1 response(s) [s2<-s0#0:FAIL-t90] and 0 exception(s); s2@group-5BD3E7F27A57:t90, leader=null, voted=s2, raftlog=s2@group-5BD3E7F27A57-SegmentedRaftLog:OPENED:c1,f3,i3, conf=3: [s0:0.0.0.0:41468, s1:0.0.0.0:41619, s2:0.0.0.0:44382], old=null
2019-09-26 09:49:12,627 INFO  impl.LeaderElection (LeaderElection.java:askForVotes(178)) - s2@group-5BD3E7F27A57-LeaderElection63: begin an election at term 91 for 3: [s0:0.0.0.0:41468, s1:0.0.0.0:41619, s2:0.0.0.0:44382], old=null
2019-09-26 09:49:12,628 DEBUG impl.RaftServerImpl (RaftServerImpl.java:requestVote(743)) - s0@group-5BD3E7F27A57: receive requestVote(s2, group-5BD3E7F27A57, 91, (t:4, i:3))
2019-09-26 09:49:12,628 INFO  impl.RaftServerImpl (RaftServerImpl.java:setRole(170)) - s0@group-5BD3E7F27A57: changes role from  FOLLOWER to FOLLOWER at term 91 for recognizeCandidate:s2
2019-09-26 09:49:12,628 INFO  impl.RoleInfo (RoleInfo.java:shutdownFollowerState(121)) - s0: shutdown FollowerState
2019-09-26 09:49:12,628 INFO  impl.RoleInfo (RoleInfo.java:updateAndGet(143)) - s0: start FollowerState
2019-09-26 09:49:12,628 INFO  impl.FollowerState (FollowerState.java:run(117)) - s0@group-5BD3E7F27A57-FollowerState was interrupted: java.lang.InterruptedException: sleep interrupted
2019-09-26 09:49:12,629 DEBUG impl.RaftServerImpl (RaftServerImpl.java:requestVote(775)) - s0@group-5BD3E7F27A57 replies to vote request: s2<-s0#0:FAIL-t91. Peer's state: s0@group-5BD3E7F27A57:t91, leader=null, voted=null, raftlog=s0@group-5BD3E7F27A57-SegmentedRaftLog:OPENED:c3,f4,i4, conf=3: [s0:0.0.0.0:41468, s1:0.0.0.0:41619, s2:0.0.0.0:44382], old=null
2019-09-26 09:49:12,855 INFO  impl.LeaderElection (LeaderElection.java:logAndReturn(56)) - s2@group-5BD3E7F27A57-LeaderElection63: Election TIMEOUT; received 1 response(s) [s2<-s0#0:FAIL-t91] and 0 exception(s); s2@group-5BD3E7F27A57:t91, leader=null, voted=s2, raftlog=s2@group-5BD3E7F27A57-SegmentedRaftLog:OPENED:c1,f3,i3, conf=3: [s0:0.0.0.0:41468, s1:0.0.0.0:41619, s2:0.0.0.0:44382], old=null
2019-09-26 09:49:12,858 INFO  impl.LeaderElection (LeaderElection.java:logAndReturn(56)) - s1@group-5BD3E7F27A57-LeaderElection62: Election TIMEOUT; received 1 response(s) [s1<-s0#0:FAIL-t91] and 0 exception(s); s1@group-5BD3E7F27A57:t91, leader=null, voted=s1, raftlog=s1@group-5BD3E7F27A57-SegmentedRaftLog:OPENED:c2,f3,i3, conf=2: [s0:0.0.0.0:41468, s1:0.0.0.0:41619, s2:0.0.0.0:44382], old=null
2019-09-26 09:49:12,869 INFO  impl.LeaderElection (LeaderElection.java:askForVotes(178)) - s2@group-5BD3E7F27A57-LeaderElection63: begin an election at term 92 for 3: [s0:0.0.0.0:41468, s1:0.0.0.0:41619, s2:0.0.0.0:44382], old=null
2019-09-26 09:49:12,869 INFO  impl.LeaderElection (LeaderElection.java:askForVotes(178)) - s1@group-5BD3E7F27A57-LeaderElection62: begin an election at term 92 for 2: [s0:0.0.0.0:41468, s1:0.0.0.0:41619, s2:0.0.0.0:44382], old=null
2019-09-26 09:49:12,869 DEBUG impl.RaftServerImpl (RaftServerImpl.java:requestVote(743)) - s0@group-5BD3E7F27A57: receive requestVote(s2, group-5BD3E7F27A57, 92, (t:4, i:3))
2019-09-26 09:49:12,869 DEBUG impl.RaftServerImpl (RaftServerImpl.java:requestVote(743)) - s0@group-5BD3E7F27A57: receive requestVote(s1, group-5BD3E7F27A57, 92, (t:3, i:3))
2019-09-26 09:49:12,870 INFO  impl.RaftServerImpl (RaftServerImpl.java:setRole(170)) - s0@group-5BD3E7F27A57: changes role from  FOLLOWER to FOLLOWER at term 92 for recognizeCandidate:s2
2019-09-26 09:49:12,870 INFO  impl.RoleInfo (RoleInfo.java:shutdownFollowerState(121)) - s0: shutdown FollowerState
2019-09-26 09:49:12,870 INFO  impl.RoleInfo (RoleInfo.java:updateAndGet(143)) - s0: start FollowerState
2019-09-26 09:49:12,870 INFO  impl.FollowerState (FollowerState.java:run(117)) - s0@group-5BD3E7F27A57-FollowerState was interrupted: java.lang.InterruptedException: sleep interrupted
2019-09-26 09:49:12,884 DEBUG impl.RaftServerImpl (RaftServerImpl.java:requestVote(775)) - s0@group-5BD3E7F27A57 replies to vote request: s2<-s0#0:FAIL-t92. Peer's state: s0@group-5BD3E7F27A57:t92, leader=null, voted=null, raftlog=s0@group-5BD3E7F27A57-SegmentedRaftLog:OPENED:c3,f4,i4, conf=3: [s0:0.0.0.0:41468, s1:0.0.0.0:41619, s2:0.0.0.0:44382], old=null
2019-09-26 09:49:12,884 INFO  impl.RaftServerImpl (RaftServerImpl.java:setRole(170)) - s0@group-5BD3E7F27A57: changes role from  FOLLOWER to FOLLOWER at term 92 for recognizeCandidate:s1
2019-09-26 09:49:12,884 INFO  impl.RoleInfo (RoleInfo.java:shutdownFollowerState(121)) - s0: shutdown FollowerState
2019-09-26 09:49:12,884 INFO  impl.RoleInfo (RoleInfo.java:updateAndGet(143)) - s0: start FollowerState
2019-09-26 09:49:12,884 INFO  impl.FollowerState (FollowerState.java:run(117)) - s0@group-5BD3E7F27A57-FollowerState was interrupted: java.lang.InterruptedException: sleep interrupted
2019-09-26 09:49:12,884 DEBUG impl.RaftServerImpl (RaftServerImpl.java:requestVote(775)) - s0@group-5BD3E7F27A57 replies to vote request: s1<-s0#0:FAIL-t92. Peer's state: s0@group-5BD3E7F27A57:t92, leader=null, voted=null, raftlog=s0@group-5BD3E7F27A57-SegmentedRaftLog:OPENED:c3,f4,i4, conf=3: [s0:0.0.0.0:41468, s1:0.0.0.0:41619, s2:0.0.0.0:44382], old=null
2019-09-26 09:49:12,938 WARN  ratis.RaftTestUtil (JavaUtils.java:attempt(158)) - FAILED "waitForLeader-null-(expectLeader? true)", attempt #44/100: java.lang.IllegalStateException: No leader yet : printing ALL groups
  s0:  RUNNING  FOLLOWER s0@group-5BD3E7F27A57:t92, leader=null, voted=null, raftlog=s0@group-5BD3E7F27A57-SegmentedRaftLog:OPENED:c3,f4,i4, conf=3: [s0:0.0.0.0:41468, s1:0.0.0.0:41619, s2:0.0.0.0:44382], old=null RUNNING
  s1:  RUNNING CANDIDATE s1@group-5BD3E7F27A57:t92, leader=null, voted=s1, raftlog=s1@group-5BD3E7F27A57-SegmentedRaftLog:OPENED:c2,f3,i3, conf=2: [s0:0.0.0.0:41468, s1:0.0.0.0:41619, s2:0.0.0.0:44382], old=null RUNNING
  s2:  RUNNING CANDIDATE s2@group-5BD3E7F27A57:t92, leader=null, voted=s2, raftlog=s2@group-5BD3E7F27A57-SegmentedRaftLog:OPENED:c1,f3,i3, conf=3: [s0:0.0.0.0:41468, s1:0.0.0.0:41619, s2:0.0.0.0:44382], old=null RUNNING, sleep 450ms and then retry.
java.lang.IllegalStateException: No leader yet : printing ALL groups
  s0:  RUNNING  FOLLOWER s0@group-5BD3E7F27A57:t92, leader=null, voted=null, raftlog=s0@group-5BD3E7F27A57-SegmentedRaftLog:OPENED:c3,f4,i4, conf=3: [s0:0.0.0.0:41468, s1:0.0.0.0:41619, s2:0.0.0.0:44382], old=null RUNNING
  s1:  RUNNING CANDIDATE s1@group-5BD3E7F27A57:t92, leader=null, voted=s1, raftlog=s1@group-5BD3E7F27A57-SegmentedRaftLog:OPENED:c2,f3,i3, conf=2: [s0:0.0.0.0:41468, s1:0.0.0.0:41619, s2:0.0.0.0:44382], old=null RUNNING
  s2:  RUNNING CANDIDATE s2@group-5BD3E7F27A57:t92, leader=null, voted=s2, raftlog=s2@group-5BD3E7F27A57-SegmentedRaftLog:OPENED:c1,f3,i3, conf=3: [s0:0.0.0.0:41468, s1:0.0.0.0:41619, s2:0.0.0.0:44382], old=null RUNNING
	at org.apache.ratis.MiniRaftCluster.newIllegalStateExceptionForNoLeaders(MiniRaftCluster.java:506)
	at org.apache.ratis.RaftTestUtil.lambda$waitForLeader$1(RaftTestUtil.java:90)
	at org.apache.ratis.MiniRaftCluster.getLeader(MiniRaftCluster.java:539)
	at org.apache.ratis.MiniRaftCluster.getLeader(MiniRaftCluster.java:532)
	at org.apache.ratis.RaftTestUtil.lambda$waitForLeader$3(RaftTestUtil.java:98)
	at org.apache.ratis.util.JavaUtils.attempt(JavaUtils.java:152)
	at org.apache.ratis.RaftTestUtil.waitForLeader(RaftTestUtil.java:97)
	at org.apache.ratis.RaftTestUtil.waitForLeader(RaftTestUtil.java:77)
	at org.apache.ratis.RaftTestUtil.waitForLeader(RaftTestUtil.java:72)
	at org.apache.ratis.RaftTestUtil.lambda$changeLeader$7(RaftTestUtil.java:363)
	at org.apache.ratis.util.JavaUtils.attempt(JavaUtils.java:152)
	at org.apache.ratis.RaftTestUtil.changeLeader(RaftTestUtil.java:362)
	at org.apache.ratis.server.impl.LeaderElectionTests.testChangeLeader(LeaderElectionTests.java:81)
	at sun.reflect.NativeMethodAccessorImpl.invoke0(Native Method)
	at sun.reflect.NativeMethodAccessorImpl.invoke(NativeMethodAccessorImpl.java:62)
	at sun.reflect.DelegatingMethodAccessorImpl.invoke(DelegatingMethodAccessorImpl.java:43)
	at java.lang.reflect.Method.invoke(Method.java:498)
	at org.junit.runners.model.FrameworkMethod$1.runReflectiveCall(FrameworkMethod.java:50)
	at org.junit.internal.runners.model.ReflectiveCallable.run(ReflectiveCallable.java:12)
	at org.junit.runners.model.FrameworkMethod.invokeExplosively(FrameworkMethod.java:47)
	at org.junit.internal.runners.statements.InvokeMethod.evaluate(InvokeMethod.java:17)
	at org.junit.internal.runners.statements.RunAfters.evaluate(RunAfters.java:27)
	at org.junit.internal.runners.statements.FailOnTimeout$CallableStatement.call(FailOnTimeout.java:298)
	at org.junit.internal.runners.statements.FailOnTimeout$CallableStatement.call(FailOnTimeout.java:292)
	at java.util.concurrent.FutureTask.run(FutureTask.java:266)
	at java.lang.Thread.run(Thread.java:748)
2019-09-26 09:49:13,099 INFO  impl.LeaderElection (LeaderElection.java:logAndReturn(56)) - s2@group-5BD3E7F27A57-LeaderElection63: Election TIMEOUT; received 1 response(s) [s2<-s0#0:FAIL-t92] and 0 exception(s); s2@group-5BD3E7F27A57:t92, leader=null, voted=s2, raftlog=s2@group-5BD3E7F27A57-SegmentedRaftLog:OPENED:c1,f3,i3, conf=3: [s0:0.0.0.0:41468, s1:0.0.0.0:41619, s2:0.0.0.0:44382], old=null
2019-09-26 09:49:13,110 INFO  impl.LeaderElection (LeaderElection.java:logAndReturn(56)) - s1@group-5BD3E7F27A57-LeaderElection62: Election TIMEOUT; received 1 response(s) [s1<-s0#0:FAIL-t92] and 0 exception(s); s1@group-5BD3E7F27A57:t92, leader=null, voted=s1, raftlog=s1@group-5BD3E7F27A57-SegmentedRaftLog:OPENED:c2,f3,i3, conf=2: [s0:0.0.0.0:41468, s1:0.0.0.0:41619, s2:0.0.0.0:44382], old=null
2019-09-26 09:49:13,113 INFO  impl.LeaderElection (LeaderElection.java:askForVotes(178)) - s2@group-5BD3E7F27A57-LeaderElection63: begin an election at term 93 for 3: [s0:0.0.0.0:41468, s1:0.0.0.0:41619, s2:0.0.0.0:44382], old=null
2019-09-26 09:49:13,113 INFO  impl.LeaderElection (LeaderElection.java:askForVotes(178)) - s1@group-5BD3E7F27A57-LeaderElection62: begin an election at term 93 for 2: [s0:0.0.0.0:41468, s1:0.0.0.0:41619, s2:0.0.0.0:44382], old=null
2019-09-26 09:49:13,113 DEBUG impl.RaftServerImpl (RaftServerImpl.java:requestVote(743)) - s0@group-5BD3E7F27A57: receive requestVote(s2, group-5BD3E7F27A57, 93, (t:4, i:3))
2019-09-26 09:49:13,114 INFO  impl.RaftServerImpl (RaftServerImpl.java:setRole(170)) - s0@group-5BD3E7F27A57: changes role from  FOLLOWER to FOLLOWER at term 93 for recognizeCandidate:s2
2019-09-26 09:49:13,114 INFO  impl.RoleInfo (RoleInfo.java:shutdownFollowerState(121)) - s0: shutdown FollowerState
2019-09-26 09:49:13,114 DEBUG impl.RaftServerImpl (RaftServerImpl.java:requestVote(743)) - s0@group-5BD3E7F27A57: receive requestVote(s1, group-5BD3E7F27A57, 93, (t:3, i:3))
2019-09-26 09:49:13,114 INFO  impl.FollowerState (FollowerState.java:run(117)) - s0@group-5BD3E7F27A57-FollowerState was interrupted: java.lang.InterruptedException: sleep interrupted
2019-09-26 09:49:13,114 INFO  impl.RoleInfo (RoleInfo.java:updateAndGet(143)) - s0: start FollowerState
2019-09-26 09:49:13,140 DEBUG impl.RaftServerImpl (RaftServerImpl.java:requestVote(775)) - s0@group-5BD3E7F27A57 replies to vote request: s2<-s0#0:FAIL-t93. Peer's state: s0@group-5BD3E7F27A57:t93, leader=null, voted=null, raftlog=s0@group-5BD3E7F27A57-SegmentedRaftLog:OPENED:c3,f4,i4, conf=3: [s0:0.0.0.0:41468, s1:0.0.0.0:41619, s2:0.0.0.0:44382], old=null
2019-09-26 09:49:13,140 INFO  impl.RaftServerImpl (RaftServerImpl.java:setRole(170)) - s0@group-5BD3E7F27A57: changes role from  FOLLOWER to FOLLOWER at term 93 for recognizeCandidate:s1
2019-09-26 09:49:13,140 INFO  impl.RoleInfo (RoleInfo.java:shutdownFollowerState(121)) - s0: shutdown FollowerState
2019-09-26 09:49:13,140 INFO  impl.RoleInfo (RoleInfo.java:updateAndGet(143)) - s0: start FollowerState
2019-09-26 09:49:13,141 INFO  impl.FollowerState (FollowerState.java:run(117)) - s0@group-5BD3E7F27A57-FollowerState was interrupted: java.lang.InterruptedException: sleep interrupted
2019-09-26 09:49:13,141 DEBUG impl.RaftServerImpl (RaftServerImpl.java:requestVote(775)) - s0@group-5BD3E7F27A57 replies to vote request: s1<-s0#0:FAIL-t93. Peer's state: s0@group-5BD3E7F27A57:t93, leader=null, voted=null, raftlog=s0@group-5BD3E7F27A57-SegmentedRaftLog:OPENED:c3,f4,i4, conf=3: [s0:0.0.0.0:41468, s1:0.0.0.0:41619, s2:0.0.0.0:44382], old=null
2019-09-26 09:49:13,310 INFO  impl.LeaderElection (LeaderElection.java:logAndReturn(56)) - s2@group-5BD3E7F27A57-LeaderElection63: Election TIMEOUT; received 1 response(s) [s2<-s0#0:FAIL-t93] and 0 exception(s); s2@group-5BD3E7F27A57:t93, leader=null, voted=s2, raftlog=s2@group-5BD3E7F27A57-SegmentedRaftLog:OPENED:c1,f3,i3, conf=3: [s0:0.0.0.0:41468, s1:0.0.0.0:41619, s2:0.0.0.0:44382], old=null
2019-09-26 09:49:13,323 INFO  impl.LeaderElection (LeaderElection.java:askForVotes(178)) - s2@group-5BD3E7F27A57-LeaderElection63: begin an election at term 94 for 3: [s0:0.0.0.0:41468, s1:0.0.0.0:41619, s2:0.0.0.0:44382], old=null
2019-09-26 09:49:13,323 DEBUG impl.RaftServerImpl (RaftServerImpl.java:requestVote(743)) - s0@group-5BD3E7F27A57: receive requestVote(s2, group-5BD3E7F27A57, 94, (t:4, i:3))
2019-09-26 09:49:13,323 INFO  impl.RaftServerImpl (RaftServerImpl.java:setRole(170)) - s0@group-5BD3E7F27A57: changes role from  FOLLOWER to FOLLOWER at term 94 for recognizeCandidate:s2
2019-09-26 09:49:13,324 INFO  impl.RoleInfo (RoleInfo.java:shutdownFollowerState(121)) - s0: shutdown FollowerState
2019-09-26 09:49:13,324 INFO  impl.RoleInfo (RoleInfo.java:updateAndGet(143)) - s0: start FollowerState
2019-09-26 09:49:13,324 INFO  impl.FollowerState (FollowerState.java:run(117)) - s0@group-5BD3E7F27A57-FollowerState was interrupted: java.lang.InterruptedException: sleep interrupted
2019-09-26 09:49:13,336 DEBUG impl.RaftServerImpl (RaftServerImpl.java:requestVote(775)) - s0@group-5BD3E7F27A57 replies to vote request: s2<-s0#0:FAIL-t94. Peer's state: s0@group-5BD3E7F27A57:t94, leader=null, voted=null, raftlog=s0@group-5BD3E7F27A57-SegmentedRaftLog:OPENED:c3,f4,i4, conf=3: [s0:0.0.0.0:41468, s1:0.0.0.0:41619, s2:0.0.0.0:44382], old=null
2019-09-26 09:49:13,386 INFO  impl.LeaderElection (LeaderElection.java:logAndReturn(56)) - s1@group-5BD3E7F27A57-LeaderElection62: Election TIMEOUT; received 1 response(s) [s1<-s0#0:FAIL-t93] and 0 exception(s); s1@group-5BD3E7F27A57:t93, leader=null, voted=s1, raftlog=s1@group-5BD3E7F27A57-SegmentedRaftLog:OPENED:c2,f3,i3, conf=2: [s0:0.0.0.0:41468, s1:0.0.0.0:41619, s2:0.0.0.0:44382], old=null
2019-09-26 09:49:13,389 WARN  ratis.RaftTestUtil (JavaUtils.java:attempt(158)) - FAILED "waitForLeader-null-(expectLeader? true)", attempt #45/100: java.lang.IllegalStateException: No leader yet : printing ALL groups
  s0:  RUNNING  FOLLOWER s0@group-5BD3E7F27A57:t94, leader=null, voted=null, raftlog=s0@group-5BD3E7F27A57-SegmentedRaftLog:OPENED:c3,f4,i4, conf=3: [s0:0.0.0.0:41468, s1:0.0.0.0:41619, s2:0.0.0.0:44382], old=null RUNNING
  s1:  RUNNING CANDIDATE s1@group-5BD3E7F27A57:t94, leader=null, voted=s1, raftlog=s1@group-5BD3E7F27A57-SegmentedRaftLog:OPENED:c2,f3,i3, conf=2: [s0:0.0.0.0:41468, s1:0.0.0.0:41619, s2:0.0.0.0:44382], old=null RUNNING
  s2:  RUNNING CANDIDATE s2@group-5BD3E7F27A57:t94, leader=null, voted=s2, raftlog=s2@group-5BD3E7F27A57-SegmentedRaftLog:OPENED:c1,f3,i3, conf=3: [s0:0.0.0.0:41468, s1:0.0.0.0:41619, s2:0.0.0.0:44382], old=null RUNNING, sleep 450ms and then retry.
java.lang.IllegalStateException: No leader yet : printing ALL groups
  s0:  RUNNING  FOLLOWER s0@group-5BD3E7F27A57:t94, leader=null, voted=null, raftlog=s0@group-5BD3E7F27A57-SegmentedRaftLog:OPENED:c3,f4,i4, conf=3: [s0:0.0.0.0:41468, s1:0.0.0.0:41619, s2:0.0.0.0:44382], old=null RUNNING
  s1:  RUNNING CANDIDATE s1@group-5BD3E7F27A57:t94, leader=null, voted=s1, raftlog=s1@group-5BD3E7F27A57-SegmentedRaftLog:OPENED:c2,f3,i3, conf=2: [s0:0.0.0.0:41468, s1:0.0.0.0:41619, s2:0.0.0.0:44382], old=null RUNNING
  s2:  RUNNING CANDIDATE s2@group-5BD3E7F27A57:t94, leader=null, voted=s2, raftlog=s2@group-5BD3E7F27A57-SegmentedRaftLog:OPENED:c1,f3,i3, conf=3: [s0:0.0.0.0:41468, s1:0.0.0.0:41619, s2:0.0.0.0:44382], old=null RUNNING
	at org.apache.ratis.MiniRaftCluster.newIllegalStateExceptionForNoLeaders(MiniRaftCluster.java:506)
	at org.apache.ratis.RaftTestUtil.lambda$waitForLeader$1(RaftTestUtil.java:90)
	at org.apache.ratis.MiniRaftCluster.getLeader(MiniRaftCluster.java:539)
	at org.apache.ratis.MiniRaftCluster.getLeader(MiniRaftCluster.java:532)
	at org.apache.ratis.RaftTestUtil.lambda$waitForLeader$3(RaftTestUtil.java:98)
	at org.apache.ratis.util.JavaUtils.attempt(JavaUtils.java:152)
	at org.apache.ratis.RaftTestUtil.waitForLeader(RaftTestUtil.java:97)
	at org.apache.ratis.RaftTestUtil.waitForLeader(RaftTestUtil.java:77)
	at org.apache.ratis.RaftTestUtil.waitForLeader(RaftTestUtil.java:72)
	at org.apache.ratis.RaftTestUtil.lambda$changeLeader$7(RaftTestUtil.java:363)
	at org.apache.ratis.util.JavaUtils.attempt(JavaUtils.java:152)
	at org.apache.ratis.RaftTestUtil.changeLeader(RaftTestUtil.java:362)
	at org.apache.ratis.server.impl.LeaderElectionTests.testChangeLeader(LeaderElectionTests.java:81)
	at sun.reflect.NativeMethodAccessorImpl.invoke0(Native Method)
	at sun.reflect.NativeMethodAccessorImpl.invoke(NativeMethodAccessorImpl.java:62)
	at sun.reflect.DelegatingMethodAccessorImpl.invoke(DelegatingMethodAccessorImpl.java:43)
	at java.lang.reflect.Method.invoke(Method.java:498)
	at org.junit.runners.model.FrameworkMethod$1.runReflectiveCall(FrameworkMethod.java:50)
	at org.junit.internal.runners.model.ReflectiveCallable.run(ReflectiveCallable.java:12)
	at org.junit.runners.model.FrameworkMethod.invokeExplosively(FrameworkMethod.java:47)
	at org.junit.internal.runners.statements.InvokeMethod.evaluate(InvokeMethod.java:17)
	at org.junit.internal.runners.statements.RunAfters.evaluate(RunAfters.java:27)
	at org.junit.internal.runners.statements.FailOnTimeout$CallableStatement.call(FailOnTimeout.java:298)
	at org.junit.internal.runners.statements.FailOnTimeout$CallableStatement.call(FailOnTimeout.java:292)
	at java.util.concurrent.FutureTask.run(FutureTask.java:266)
	at java.lang.Thread.run(Thread.java:748)
2019-09-26 09:49:13,399 INFO  impl.LeaderElection (LeaderElection.java:askForVotes(178)) - s1@group-5BD3E7F27A57-LeaderElection62: begin an election at term 94 for 2: [s0:0.0.0.0:41468, s1:0.0.0.0:41619, s2:0.0.0.0:44382], old=null
2019-09-26 09:49:13,399 DEBUG impl.RaftServerImpl (RaftServerImpl.java:requestVote(743)) - s0@group-5BD3E7F27A57: receive requestVote(s1, group-5BD3E7F27A57, 94, (t:3, i:3))
2019-09-26 09:49:13,399 INFO  impl.RaftServerImpl (RaftServerImpl.java:setRole(170)) - s0@group-5BD3E7F27A57: changes role from  FOLLOWER to FOLLOWER at term 94 for recognizeCandidate:s1
2019-09-26 09:49:13,400 INFO  impl.RoleInfo (RoleInfo.java:shutdownFollowerState(121)) - s0: shutdown FollowerState
2019-09-26 09:49:13,400 INFO  impl.RoleInfo (RoleInfo.java:updateAndGet(143)) - s0: start FollowerState
2019-09-26 09:49:13,400 INFO  impl.FollowerState (FollowerState.java:run(117)) - s0@group-5BD3E7F27A57-FollowerState was interrupted: java.lang.InterruptedException: sleep interrupted
2019-09-26 09:49:13,400 DEBUG impl.RaftServerImpl (RaftServerImpl.java:requestVote(775)) - s0@group-5BD3E7F27A57 replies to vote request: s1<-s0#0:FAIL-t94. Peer's state: s0@group-5BD3E7F27A57:t94, leader=null, voted=null, raftlog=s0@group-5BD3E7F27A57-SegmentedRaftLog:OPENED:c3,f4,i4, conf=3: [s0:0.0.0.0:41468, s1:0.0.0.0:41619, s2:0.0.0.0:44382], old=null
2019-09-26 09:49:13,549 INFO  impl.LeaderElection (LeaderElection.java:logAndReturn(56)) - s2@group-5BD3E7F27A57-LeaderElection63: Election TIMEOUT; received 1 response(s) [s2<-s0#0:FAIL-t94] and 0 exception(s); s2@group-5BD3E7F27A57:t94, leader=null, voted=s2, raftlog=s2@group-5BD3E7F27A57-SegmentedRaftLog:OPENED:c1,f3,i3, conf=3: [s0:0.0.0.0:41468, s1:0.0.0.0:41619, s2:0.0.0.0:44382], old=null
2019-09-26 09:49:13,563 INFO  impl.LeaderElection (LeaderElection.java:askForVotes(178)) - s2@group-5BD3E7F27A57-LeaderElection63: begin an election at term 95 for 3: [s0:0.0.0.0:41468, s1:0.0.0.0:41619, s2:0.0.0.0:44382], old=null
2019-09-26 09:49:13,564 DEBUG impl.RaftServerImpl (RaftServerImpl.java:requestVote(743)) - s0@group-5BD3E7F27A57: receive requestVote(s2, group-5BD3E7F27A57, 95, (t:4, i:3))
2019-09-26 09:49:13,564 INFO  impl.RaftServerImpl (RaftServerImpl.java:setRole(170)) - s0@group-5BD3E7F27A57: changes role from  FOLLOWER to FOLLOWER at term 95 for recognizeCandidate:s2
2019-09-26 09:49:13,564 INFO  impl.RoleInfo (RoleInfo.java:shutdownFollowerState(121)) - s0: shutdown FollowerState
2019-09-26 09:49:13,564 INFO  impl.RoleInfo (RoleInfo.java:updateAndGet(143)) - s0: start FollowerState
2019-09-26 09:49:13,564 INFO  impl.FollowerState (FollowerState.java:run(117)) - s0@group-5BD3E7F27A57-FollowerState was interrupted: java.lang.InterruptedException: sleep interrupted
2019-09-26 09:49:13,577 DEBUG impl.RaftServerImpl (RaftServerImpl.java:requestVote(775)) - s0@group-5BD3E7F27A57 replies to vote request: s2<-s0#0:FAIL-t95. Peer's state: s0@group-5BD3E7F27A57:t95, leader=null, voted=null, raftlog=s0@group-5BD3E7F27A57-SegmentedRaftLog:OPENED:c3,f4,i4, conf=3: [s0:0.0.0.0:41468, s1:0.0.0.0:41619, s2:0.0.0.0:44382], old=null
2019-09-26 09:49:13,617 INFO  impl.LeaderElection (LeaderElection.java:logAndReturn(56)) - s1@group-5BD3E7F27A57-LeaderElection62: Election TIMEOUT; received 1 response(s) [s1<-s0#0:FAIL-t94] and 0 exception(s); s1@group-5BD3E7F27A57:t94, leader=null, voted=s1, raftlog=s1@group-5BD3E7F27A57-SegmentedRaftLog:OPENED:c2,f3,i3, conf=2: [s0:0.0.0.0:41468, s1:0.0.0.0:41619, s2:0.0.0.0:44382], old=null
2019-09-26 09:49:13,630 INFO  impl.LeaderElection (LeaderElection.java:askForVotes(178)) - s1@group-5BD3E7F27A57-LeaderElection62: begin an election at term 95 for 2: [s0:0.0.0.0:41468, s1:0.0.0.0:41619, s2:0.0.0.0:44382], old=null
2019-09-26 09:49:13,631 DEBUG impl.RaftServerImpl (RaftServerImpl.java:requestVote(743)) - s0@group-5BD3E7F27A57: receive requestVote(s1, group-5BD3E7F27A57, 95, (t:3, i:3))
2019-09-26 09:49:13,631 INFO  impl.RaftServerImpl (RaftServerImpl.java:setRole(170)) - s0@group-5BD3E7F27A57: changes role from  FOLLOWER to FOLLOWER at term 95 for recognizeCandidate:s1
2019-09-26 09:49:13,631 INFO  impl.RoleInfo (RoleInfo.java:shutdownFollowerState(121)) - s0: shutdown FollowerState
2019-09-26 09:49:13,631 INFO  impl.RoleInfo (RoleInfo.java:updateAndGet(143)) - s0: start FollowerState
2019-09-26 09:49:13,631 INFO  impl.FollowerState (FollowerState.java:run(117)) - s0@group-5BD3E7F27A57-FollowerState was interrupted: java.lang.InterruptedException: sleep interrupted
2019-09-26 09:49:13,632 DEBUG impl.RaftServerImpl (RaftServerImpl.java:requestVote(775)) - s0@group-5BD3E7F27A57 replies to vote request: s1<-s0#0:FAIL-t95. Peer's state: s0@group-5BD3E7F27A57:t95, leader=null, voted=null, raftlog=s0@group-5BD3E7F27A57-SegmentedRaftLog:OPENED:c3,f4,i4, conf=3: [s0:0.0.0.0:41468, s1:0.0.0.0:41619, s2:0.0.0.0:44382], old=null
2019-09-26 09:49:13,791 INFO  impl.FollowerState (FollowerState.java:run(108)) - s0@group-5BD3E7F27A57-FollowerState: change to CANDIDATE, lastRpcTime:159ms, electionTimeout:159ms
2019-09-26 09:49:13,791 INFO  impl.RoleInfo (RoleInfo.java:shutdownFollowerState(121)) - s0: shutdown FollowerState
2019-09-26 09:49:13,791 INFO  impl.RaftServerImpl (RaftServerImpl.java:setRole(170)) - s0@group-5BD3E7F27A57: changes role from  FOLLOWER to CANDIDATE at term 95 for changeToCandidate
2019-09-26 09:49:13,791 INFO  impl.RoleInfo (RoleInfo.java:updateAndGet(143)) - s0: start LeaderElection
2019-09-26 09:49:13,805 INFO  impl.LeaderElection (LeaderElection.java:askForVotes(178)) - s0@group-5BD3E7F27A57-LeaderElection66: begin an election at term 96 for 3: [s0:0.0.0.0:41468, s1:0.0.0.0:41619, s2:0.0.0.0:44382], old=null
2019-09-26 09:49:13,840 WARN  ratis.RaftTestUtil (JavaUtils.java:attempt(158)) - FAILED "waitForLeader-null-(expectLeader? true)", attempt #46/100: java.lang.IllegalStateException: No leader yet : printing ALL groups
  s0:  RUNNING CANDIDATE s0@group-5BD3E7F27A57:t96, leader=null, voted=s0, raftlog=s0@group-5BD3E7F27A57-SegmentedRaftLog:OPENED:c3,f4,i4, conf=3: [s0:0.0.0.0:41468, s1:0.0.0.0:41619, s2:0.0.0.0:44382], old=null RUNNING
  s1:  RUNNING CANDIDATE s1@group-5BD3E7F27A57:t95, leader=null, voted=s1, raftlog=s1@group-5BD3E7F27A57-SegmentedRaftLog:OPENED:c2,f3,i3, conf=2: [s0:0.0.0.0:41468, s1:0.0.0.0:41619, s2:0.0.0.0:44382], old=null RUNNING
  s2:  RUNNING CANDIDATE s2@group-5BD3E7F27A57:t95, leader=null, voted=s2, raftlog=s2@group-5BD3E7F27A57-SegmentedRaftLog:OPENED:c1,f3,i3, conf=3: [s0:0.0.0.0:41468, s1:0.0.0.0:41619, s2:0.0.0.0:44382], old=null RUNNING, sleep 450ms and then retry.
java.lang.IllegalStateException: No leader yet : printing ALL groups
  s0:  RUNNING CANDIDATE s0@group-5BD3E7F27A57:t96, leader=null, voted=s0, raftlog=s0@group-5BD3E7F27A57-SegmentedRaftLog:OPENED:c3,f4,i4, conf=3: [s0:0.0.0.0:41468, s1:0.0.0.0:41619, s2:0.0.0.0:44382], old=null RUNNING
  s1:  RUNNING CANDIDATE s1@group-5BD3E7F27A57:t95, leader=null, voted=s1, raftlog=s1@group-5BD3E7F27A57-SegmentedRaftLog:OPENED:c2,f3,i3, conf=2: [s0:0.0.0.0:41468, s1:0.0.0.0:41619, s2:0.0.0.0:44382], old=null RUNNING
  s2:  RUNNING CANDIDATE s2@group-5BD3E7F27A57:t95, leader=null, voted=s2, raftlog=s2@group-5BD3E7F27A57-SegmentedRaftLog:OPENED:c1,f3,i3, conf=3: [s0:0.0.0.0:41468, s1:0.0.0.0:41619, s2:0.0.0.0:44382], old=null RUNNING
	at org.apache.ratis.MiniRaftCluster.newIllegalStateExceptionForNoLeaders(MiniRaftCluster.java:506)
	at org.apache.ratis.RaftTestUtil.lambda$waitForLeader$1(RaftTestUtil.java:90)
	at org.apache.ratis.MiniRaftCluster.getLeader(MiniRaftCluster.java:539)
	at org.apache.ratis.MiniRaftCluster.getLeader(MiniRaftCluster.java:532)
	at org.apache.ratis.RaftTestUtil.lambda$waitForLeader$3(RaftTestUtil.java:98)
	at org.apache.ratis.util.JavaUtils.attempt(JavaUtils.java:152)
	at org.apache.ratis.RaftTestUtil.waitForLeader(RaftTestUtil.java:97)
	at org.apache.ratis.RaftTestUtil.waitForLeader(RaftTestUtil.java:77)
	at org.apache.ratis.RaftTestUtil.waitForLeader(RaftTestUtil.java:72)
	at org.apache.ratis.RaftTestUtil.lambda$changeLeader$7(RaftTestUtil.java:363)
	at org.apache.ratis.util.JavaUtils.attempt(JavaUtils.java:152)
	at org.apache.ratis.RaftTestUtil.changeLeader(RaftTestUtil.java:362)
	at org.apache.ratis.server.impl.LeaderElectionTests.testChangeLeader(LeaderElectionTests.java:81)
	at sun.reflect.NativeMethodAccessorImpl.invoke0(Native Method)
	at sun.reflect.NativeMethodAccessorImpl.invoke(NativeMethodAccessorImpl.java:62)
	at sun.reflect.DelegatingMethodAccessorImpl.invoke(DelegatingMethodAccessorImpl.java:43)
	at java.lang.reflect.Method.invoke(Method.java:498)
	at org.junit.runners.model.FrameworkMethod$1.runReflectiveCall(FrameworkMethod.java:50)
	at org.junit.internal.runners.model.ReflectiveCallable.run(ReflectiveCallable.java:12)
	at org.junit.runners.model.FrameworkMethod.invokeExplosively(FrameworkMethod.java:47)
	at org.junit.internal.runners.statements.InvokeMethod.evaluate(InvokeMethod.java:17)
	at org.junit.internal.runners.statements.RunAfters.evaluate(RunAfters.java:27)
	at org.junit.internal.runners.statements.FailOnTimeout$CallableStatement.call(FailOnTimeout.java:298)
	at org.junit.internal.runners.statements.FailOnTimeout$CallableStatement.call(FailOnTimeout.java:292)
	at java.util.concurrent.FutureTask.run(FutureTask.java:266)
	at java.lang.Thread.run(Thread.java:748)
2019-09-26 09:49:13,860 INFO  impl.LeaderElection (LeaderElection.java:logAndReturn(56)) - s2@group-5BD3E7F27A57-LeaderElection63: Election TIMEOUT; received 1 response(s) [s2<-s0#0:FAIL-t95] and 0 exception(s); s2@group-5BD3E7F27A57:t95, leader=null, voted=s2, raftlog=s2@group-5BD3E7F27A57-SegmentedRaftLog:OPENED:c1,f3,i3, conf=3: [s0:0.0.0.0:41468, s1:0.0.0.0:41619, s2:0.0.0.0:44382], old=null
2019-09-26 09:49:13,873 INFO  impl.LeaderElection (LeaderElection.java:askForVotes(178)) - s2@group-5BD3E7F27A57-LeaderElection63: begin an election at term 96 for 3: [s0:0.0.0.0:41468, s1:0.0.0.0:41619, s2:0.0.0.0:44382], old=null
2019-09-26 09:49:13,873 DEBUG impl.RaftServerImpl (RaftServerImpl.java:requestVote(743)) - s0@group-5BD3E7F27A57: receive requestVote(s2, group-5BD3E7F27A57, 96, (t:4, i:3))
2019-09-26 09:49:13,874 DEBUG impl.RaftServerImpl (RaftServerImpl.java:requestVote(775)) - s0@group-5BD3E7F27A57 replies to vote request: s2<-s0#0:FAIL-t96. Peer's state: s0@group-5BD3E7F27A57:t96, leader=null, voted=s0, raftlog=s0@group-5BD3E7F27A57-SegmentedRaftLog:OPENED:c3,f4,i4, conf=3: [s0:0.0.0.0:41468, s1:0.0.0.0:41619, s2:0.0.0.0:44382], old=null
2019-09-26 09:49:13,897 INFO  impl.LeaderElection (LeaderElection.java:logAndReturn(56)) - s1@group-5BD3E7F27A57-LeaderElection62: Election TIMEOUT; received 1 response(s) [s1<-s0#0:FAIL-t95] and 0 exception(s); s1@group-5BD3E7F27A57:t95, leader=null, voted=s1, raftlog=s1@group-5BD3E7F27A57-SegmentedRaftLog:OPENED:c2,f3,i3, conf=2: [s0:0.0.0.0:41468, s1:0.0.0.0:41619, s2:0.0.0.0:44382], old=null
2019-09-26 09:49:13,909 INFO  impl.LeaderElection (LeaderElection.java:askForVotes(178)) - s1@group-5BD3E7F27A57-LeaderElection62: begin an election at term 96 for 2: [s0:0.0.0.0:41468, s1:0.0.0.0:41619, s2:0.0.0.0:44382], old=null
2019-09-26 09:49:13,910 DEBUG impl.RaftServerImpl (RaftServerImpl.java:requestVote(743)) - s0@group-5BD3E7F27A57: receive requestVote(s1, group-5BD3E7F27A57, 96, (t:3, i:3))
2019-09-26 09:49:13,910 DEBUG impl.RaftServerImpl (RaftServerImpl.java:requestVote(775)) - s0@group-5BD3E7F27A57 replies to vote request: s1<-s0#0:FAIL-t96. Peer's state: s0@group-5BD3E7F27A57:t96, leader=null, voted=s0, raftlog=s0@group-5BD3E7F27A57-SegmentedRaftLog:OPENED:c3,f4,i4, conf=3: [s0:0.0.0.0:41468, s1:0.0.0.0:41619, s2:0.0.0.0:44382], old=null
2019-09-26 09:49:14,054 INFO  impl.LeaderElection (LeaderElection.java:logAndReturn(56)) - s0@group-5BD3E7F27A57-LeaderElection66: Election TIMEOUT; received 0 response(s) [] and 0 exception(s); s0@group-5BD3E7F27A57:t96, leader=null, voted=s0, raftlog=s0@group-5BD3E7F27A57-SegmentedRaftLog:OPENED:c3,f4,i4, conf=3: [s0:0.0.0.0:41468, s1:0.0.0.0:41619, s2:0.0.0.0:44382], old=null
2019-09-26 09:49:14,067 INFO  impl.LeaderElection (LeaderElection.java:askForVotes(178)) - s0@group-5BD3E7F27A57-LeaderElection66: begin an election at term 97 for 3: [s0:0.0.0.0:41468, s1:0.0.0.0:41619, s2:0.0.0.0:44382], old=null
2019-09-26 09:49:14,102 INFO  impl.LeaderElection (LeaderElection.java:logAndReturn(56)) - s2@group-5BD3E7F27A57-LeaderElection63: Election TIMEOUT; received 1 response(s) [s2<-s0#0:FAIL-t96] and 0 exception(s); s2@group-5BD3E7F27A57:t96, leader=null, voted=s2, raftlog=s2@group-5BD3E7F27A57-SegmentedRaftLog:OPENED:c1,f3,i3, conf=3: [s0:0.0.0.0:41468, s1:0.0.0.0:41619, s2:0.0.0.0:44382], old=null
2019-09-26 09:49:14,113 INFO  impl.LeaderElection (LeaderElection.java:logAndReturn(56)) - s1@group-5BD3E7F27A57-LeaderElection62: Election TIMEOUT; received 1 response(s) [s1<-s0#0:FAIL-t96] and 0 exception(s); s1@group-5BD3E7F27A57:t96, leader=null, voted=s1, raftlog=s1@group-5BD3E7F27A57-SegmentedRaftLog:OPENED:c2,f3,i3, conf=2: [s0:0.0.0.0:41468, s1:0.0.0.0:41619, s2:0.0.0.0:44382], old=null
2019-09-26 09:49:14,116 INFO  impl.LeaderElection (LeaderElection.java:askForVotes(178)) - s1@group-5BD3E7F27A57-LeaderElection62: begin an election at term 97 for 2: [s0:0.0.0.0:41468, s1:0.0.0.0:41619, s2:0.0.0.0:44382], old=null
2019-09-26 09:49:14,116 INFO  impl.LeaderElection (LeaderElection.java:askForVotes(178)) - s2@group-5BD3E7F27A57-LeaderElection63: begin an election at term 97 for 3: [s0:0.0.0.0:41468, s1:0.0.0.0:41619, s2:0.0.0.0:44382], old=null
2019-09-26 09:49:14,116 DEBUG impl.RaftServerImpl (RaftServerImpl.java:requestVote(743)) - s0@group-5BD3E7F27A57: receive requestVote(s1, group-5BD3E7F27A57, 97, (t:3, i:3))
2019-09-26 09:49:14,116 DEBUG impl.RaftServerImpl (RaftServerImpl.java:requestVote(743)) - s0@group-5BD3E7F27A57: receive requestVote(s2, group-5BD3E7F27A57, 97, (t:4, i:3))
2019-09-26 09:49:14,116 DEBUG impl.RaftServerImpl (RaftServerImpl.java:requestVote(775)) - s0@group-5BD3E7F27A57 replies to vote request: s1<-s0#0:FAIL-t97. Peer's state: s0@group-5BD3E7F27A57:t97, leader=null, voted=s0, raftlog=s0@group-5BD3E7F27A57-SegmentedRaftLog:OPENED:c3,f4,i4, conf=3: [s0:0.0.0.0:41468, s1:0.0.0.0:41619, s2:0.0.0.0:44382], old=null
2019-09-26 09:49:14,117 DEBUG impl.RaftServerImpl (RaftServerImpl.java:requestVote(775)) - s0@group-5BD3E7F27A57 replies to vote request: s2<-s0#0:FAIL-t97. Peer's state: s0@group-5BD3E7F27A57:t97, leader=null, voted=s0, raftlog=s0@group-5BD3E7F27A57-SegmentedRaftLog:OPENED:c3,f4,i4, conf=3: [s0:0.0.0.0:41468, s1:0.0.0.0:41619, s2:0.0.0.0:44382], old=null
2019-09-26 09:49:14,291 WARN  ratis.RaftTestUtil (JavaUtils.java:attempt(158)) - FAILED "waitForLeader-null-(expectLeader? true)", attempt #47/100: java.lang.IllegalStateException: No leader yet : printing ALL groups
  s0:  RUNNING CANDIDATE s0@group-5BD3E7F27A57:t97, leader=null, voted=s0, raftlog=s0@group-5BD3E7F27A57-SegmentedRaftLog:OPENED:c3,f4,i4, conf=3: [s0:0.0.0.0:41468, s1:0.0.0.0:41619, s2:0.0.0.0:44382], old=null RUNNING
  s1:  RUNNING CANDIDATE s1@group-5BD3E7F27A57:t97, leader=null, voted=s1, raftlog=s1@group-5BD3E7F27A57-SegmentedRaftLog:OPENED:c2,f3,i3, conf=2: [s0:0.0.0.0:41468, s1:0.0.0.0:41619, s2:0.0.0.0:44382], old=null RUNNING
  s2:  RUNNING CANDIDATE s2@group-5BD3E7F27A57:t97, leader=null, voted=s2, raftlog=s2@group-5BD3E7F27A57-SegmentedRaftLog:OPENED:c1,f3,i3, conf=3: [s0:0.0.0.0:41468, s1:0.0.0.0:41619, s2:0.0.0.0:44382], old=null RUNNING, sleep 450ms and then retry.
java.lang.IllegalStateException: No leader yet : printing ALL groups
  s0:  RUNNING CANDIDATE s0@group-5BD3E7F27A57:t97, leader=null, voted=s0, raftlog=s0@group-5BD3E7F27A57-SegmentedRaftLog:OPENED:c3,f4,i4, conf=3: [s0:0.0.0.0:41468, s1:0.0.0.0:41619, s2:0.0.0.0:44382], old=null RUNNING
  s1:  RUNNING CANDIDATE s1@group-5BD3E7F27A57:t97, leader=null, voted=s1, raftlog=s1@group-5BD3E7F27A57-SegmentedRaftLog:OPENED:c2,f3,i3, conf=2: [s0:0.0.0.0:41468, s1:0.0.0.0:41619, s2:0.0.0.0:44382], old=null RUNNING
  s2:  RUNNING CANDIDATE s2@group-5BD3E7F27A57:t97, leader=null, voted=s2, raftlog=s2@group-5BD3E7F27A57-SegmentedRaftLog:OPENED:c1,f3,i3, conf=3: [s0:0.0.0.0:41468, s1:0.0.0.0:41619, s2:0.0.0.0:44382], old=null RUNNING
	at org.apache.ratis.MiniRaftCluster.newIllegalStateExceptionForNoLeaders(MiniRaftCluster.java:506)
	at org.apache.ratis.RaftTestUtil.lambda$waitForLeader$1(RaftTestUtil.java:90)
	at org.apache.ratis.MiniRaftCluster.getLeader(MiniRaftCluster.java:539)
	at org.apache.ratis.MiniRaftCluster.getLeader(MiniRaftCluster.java:532)
	at org.apache.ratis.RaftTestUtil.lambda$waitForLeader$3(RaftTestUtil.java:98)
	at org.apache.ratis.util.JavaUtils.attempt(JavaUtils.java:152)
	at org.apache.ratis.RaftTestUtil.waitForLeader(RaftTestUtil.java:97)
	at org.apache.ratis.RaftTestUtil.waitForLeader(RaftTestUtil.java:77)
	at org.apache.ratis.RaftTestUtil.waitForLeader(RaftTestUtil.java:72)
	at org.apache.ratis.RaftTestUtil.lambda$changeLeader$7(RaftTestUtil.java:363)
	at org.apache.ratis.util.JavaUtils.attempt(JavaUtils.java:152)
	at org.apache.ratis.RaftTestUtil.changeLeader(RaftTestUtil.java:362)
	at org.apache.ratis.server.impl.LeaderElectionTests.testChangeLeader(LeaderElectionTests.java:81)
	at sun.reflect.NativeMethodAccessorImpl.invoke0(Native Method)
	at sun.reflect.NativeMethodAccessorImpl.invoke(NativeMethodAccessorImpl.java:62)
	at sun.reflect.DelegatingMethodAccessorImpl.invoke(DelegatingMethodAccessorImpl.java:43)
	at java.lang.reflect.Method.invoke(Method.java:498)
	at org.junit.runners.model.FrameworkMethod$1.runReflectiveCall(FrameworkMethod.java:50)
	at org.junit.internal.runners.model.ReflectiveCallable.run(ReflectiveCallable.java:12)
	at org.junit.runners.model.FrameworkMethod.invokeExplosively(FrameworkMethod.java:47)
	at org.junit.internal.runners.statements.InvokeMethod.evaluate(InvokeMethod.java:17)
	at org.junit.internal.runners.statements.RunAfters.evaluate(RunAfters.java:27)
	at org.junit.internal.runners.statements.FailOnTimeout$CallableStatement.call(FailOnTimeout.java:298)
	at org.junit.internal.runners.statements.FailOnTimeout$CallableStatement.call(FailOnTimeout.java:292)
	at java.util.concurrent.FutureTask.run(FutureTask.java:266)
	at java.lang.Thread.run(Thread.java:748)
2019-09-26 09:49:14,315 INFO  impl.LeaderElection (LeaderElection.java:logAndReturn(56)) - s1@group-5BD3E7F27A57-LeaderElection62: Election TIMEOUT; received 1 response(s) [s1<-s0#0:FAIL-t97] and 0 exception(s); s1@group-5BD3E7F27A57:t97, leader=null, voted=s1, raftlog=s1@group-5BD3E7F27A57-SegmentedRaftLog:OPENED:c2,f3,i3, conf=2: [s0:0.0.0.0:41468, s1:0.0.0.0:41619, s2:0.0.0.0:44382], old=null
2019-09-26 09:49:14,329 INFO  impl.LeaderElection (LeaderElection.java:askForVotes(178)) - s1@group-5BD3E7F27A57-LeaderElection62: begin an election at term 98 for 2: [s0:0.0.0.0:41468, s1:0.0.0.0:41619, s2:0.0.0.0:44382], old=null
2019-09-26 09:49:14,329 DEBUG impl.RaftServerImpl (RaftServerImpl.java:requestVote(743)) - s0@group-5BD3E7F27A57: receive requestVote(s1, group-5BD3E7F27A57, 98, (t:3, i:3))
2019-09-26 09:49:14,329 INFO  impl.RaftServerImpl (RaftServerImpl.java:setRole(170)) - s0@group-5BD3E7F27A57: changes role from CANDIDATE to FOLLOWER at term 98 for recognizeCandidate:s1
2019-09-26 09:49:14,329 INFO  impl.RoleInfo (RoleInfo.java:shutdownLeaderElection(134)) - s0: shutdown LeaderElection
2019-09-26 09:49:14,329 INFO  impl.RoleInfo (RoleInfo.java:updateAndGet(143)) - s0: start FollowerState
2019-09-26 09:49:14,337 INFO  impl.LeaderElection (LeaderElection.java:logAndReturn(56)) - s2@group-5BD3E7F27A57-LeaderElection63: Election TIMEOUT; received 1 response(s) [s2<-s0#0:FAIL-t97] and 0 exception(s); s2@group-5BD3E7F27A57:t97, leader=null, voted=s2, raftlog=s2@group-5BD3E7F27A57-SegmentedRaftLog:OPENED:c1,f3,i3, conf=3: [s0:0.0.0.0:41468, s1:0.0.0.0:41619, s2:0.0.0.0:44382], old=null
2019-09-26 09:49:14,343 DEBUG impl.RaftServerImpl (RaftServerImpl.java:requestVote(775)) - s0@group-5BD3E7F27A57 replies to vote request: s1<-s0#0:FAIL-t98. Peer's state: s0@group-5BD3E7F27A57:t98, leader=null, voted=null, raftlog=s0@group-5BD3E7F27A57-SegmentedRaftLog:OPENED:c3,f4,i4, conf=3: [s0:0.0.0.0:41468, s1:0.0.0.0:41619, s2:0.0.0.0:44382], old=null
2019-09-26 09:49:14,343 INFO  impl.LeaderElection (LeaderElection.java:askForVotes(178)) - s2@group-5BD3E7F27A57-LeaderElection63: begin an election at term 98 for 3: [s0:0.0.0.0:41468, s1:0.0.0.0:41619, s2:0.0.0.0:44382], old=null
2019-09-26 09:49:14,344 DEBUG impl.RaftServerImpl (RaftServerImpl.java:requestVote(743)) - s0@group-5BD3E7F27A57: receive requestVote(s2, group-5BD3E7F27A57, 98, (t:4, i:3))
2019-09-26 09:49:14,344 INFO  impl.RaftServerImpl (RaftServerImpl.java:setRole(170)) - s0@group-5BD3E7F27A57: changes role from  FOLLOWER to FOLLOWER at term 98 for recognizeCandidate:s2
2019-09-26 09:49:14,344 INFO  impl.RoleInfo (RoleInfo.java:shutdownFollowerState(121)) - s0: shutdown FollowerState
2019-09-26 09:49:14,344 INFO  impl.RoleInfo (RoleInfo.java:updateAndGet(143)) - s0: start FollowerState
2019-09-26 09:49:14,344 INFO  impl.FollowerState (FollowerState.java:run(117)) - s0@group-5BD3E7F27A57-FollowerState was interrupted: java.lang.InterruptedException: sleep interrupted
2019-09-26 09:49:14,344 DEBUG impl.RaftServerImpl (RaftServerImpl.java:requestVote(775)) - s0@group-5BD3E7F27A57 replies to vote request: s2<-s0#0:FAIL-t98. Peer's state: s0@group-5BD3E7F27A57:t98, leader=null, voted=null, raftlog=s0@group-5BD3E7F27A57-SegmentedRaftLog:OPENED:c3,f4,i4, conf=3: [s0:0.0.0.0:41468, s1:0.0.0.0:41619, s2:0.0.0.0:44382], old=null
2019-09-26 09:49:14,349 INFO  impl.LeaderElection (LeaderElection.java:logAndReturn(56)) - s0@group-5BD3E7F27A57-LeaderElection66: Election REJECTED; received 0 response(s) [] and 0 exception(s); s0@group-5BD3E7F27A57:t98, leader=null, voted=null, raftlog=s0@group-5BD3E7F27A57-SegmentedRaftLog:OPENED:c3,f4,i4, conf=3: [s0:0.0.0.0:41468, s1:0.0.0.0:41619, s2:0.0.0.0:44382], old=null
2019-09-26 09:49:14,560 INFO  impl.LeaderElection (LeaderElection.java:logAndReturn(56)) - s1@group-5BD3E7F27A57-LeaderElection62: Election TIMEOUT; received 1 response(s) [s1<-s0#0:FAIL-t98] and 0 exception(s); s1@group-5BD3E7F27A57:t98, leader=null, voted=s1, raftlog=s1@group-5BD3E7F27A57-SegmentedRaftLog:OPENED:c2,f3,i3, conf=2: [s0:0.0.0.0:41468, s1:0.0.0.0:41619, s2:0.0.0.0:44382], old=null
2019-09-26 09:49:14,582 INFO  impl.LeaderElection (LeaderElection.java:askForVotes(178)) - s1@group-5BD3E7F27A57-LeaderElection62: begin an election at term 99 for 2: [s0:0.0.0.0:41468, s1:0.0.0.0:41619, s2:0.0.0.0:44382], old=null
2019-09-26 09:49:14,583 DEBUG impl.RaftServerImpl (RaftServerImpl.java:requestVote(743)) - s0@group-5BD3E7F27A57: receive requestVote(s1, group-5BD3E7F27A57, 99, (t:3, i:3))
2019-09-26 09:49:14,583 INFO  impl.RaftServerImpl (RaftServerImpl.java:setRole(170)) - s0@group-5BD3E7F27A57: changes role from  FOLLOWER to FOLLOWER at term 99 for recognizeCandidate:s1
2019-09-26 09:49:14,583 INFO  impl.RoleInfo (RoleInfo.java:shutdownFollowerState(121)) - s0: shutdown FollowerState
2019-09-26 09:49:14,583 INFO  impl.RoleInfo (RoleInfo.java:updateAndGet(143)) - s0: start FollowerState
2019-09-26 09:49:14,583 INFO  impl.FollowerState (FollowerState.java:run(117)) - s0@group-5BD3E7F27A57-FollowerState was interrupted: java.lang.InterruptedException: sleep interrupted
2019-09-26 09:49:14,596 DEBUG impl.RaftServerImpl (RaftServerImpl.java:requestVote(775)) - s0@group-5BD3E7F27A57 replies to vote request: s1<-s0#0:FAIL-t99. Peer's state: s0@group-5BD3E7F27A57:t99, leader=null, voted=null, raftlog=s0@group-5BD3E7F27A57-SegmentedRaftLog:OPENED:c3,f4,i4, conf=3: [s0:0.0.0.0:41468, s1:0.0.0.0:41619, s2:0.0.0.0:44382], old=null
2019-09-26 09:49:14,604 INFO  impl.LeaderElection (LeaderElection.java:logAndReturn(56)) - s2@group-5BD3E7F27A57-LeaderElection63: Election TIMEOUT; received 1 response(s) [s2<-s0#0:FAIL-t98] and 0 exception(s); s2@group-5BD3E7F27A57:t98, leader=null, voted=s2, raftlog=s2@group-5BD3E7F27A57-SegmentedRaftLog:OPENED:c1,f3,i3, conf=3: [s0:0.0.0.0:41468, s1:0.0.0.0:41619, s2:0.0.0.0:44382], old=null
2019-09-26 09:49:14,617 INFO  impl.LeaderElection (LeaderElection.java:askForVotes(178)) - s2@group-5BD3E7F27A57-LeaderElection63: begin an election at term 99 for 3: [s0:0.0.0.0:41468, s1:0.0.0.0:41619, s2:0.0.0.0:44382], old=null
2019-09-26 09:49:14,617 DEBUG impl.RaftServerImpl (RaftServerImpl.java:requestVote(743)) - s0@group-5BD3E7F27A57: receive requestVote(s2, group-5BD3E7F27A57, 99, (t:4, i:3))
2019-09-26 09:49:14,617 INFO  impl.RaftServerImpl (RaftServerImpl.java:setRole(170)) - s0@group-5BD3E7F27A57: changes role from  FOLLOWER to FOLLOWER at term 99 for recognizeCandidate:s2
2019-09-26 09:49:14,617 INFO  impl.RoleInfo (RoleInfo.java:shutdownFollowerState(121)) - s0: shutdown FollowerState
2019-09-26 09:49:14,618 INFO  impl.RoleInfo (RoleInfo.java:updateAndGet(143)) - s0: start FollowerState
2019-09-26 09:49:14,618 INFO  impl.FollowerState (FollowerState.java:run(117)) - s0@group-5BD3E7F27A57-FollowerState was interrupted: java.lang.InterruptedException: sleep interrupted
2019-09-26 09:49:14,618 DEBUG impl.RaftServerImpl (RaftServerImpl.java:requestVote(775)) - s0@group-5BD3E7F27A57 replies to vote request: s2<-s0#0:FAIL-t99. Peer's state: s0@group-5BD3E7F27A57:t99, leader=null, voted=null, raftlog=s0@group-5BD3E7F27A57-SegmentedRaftLog:OPENED:c3,f4,i4, conf=3: [s0:0.0.0.0:41468, s1:0.0.0.0:41619, s2:0.0.0.0:44382], old=null
2019-09-26 09:49:14,742 WARN  ratis.RaftTestUtil (JavaUtils.java:attempt(158)) - FAILED "waitForLeader-null-(expectLeader? true)", attempt #48/100: java.lang.IllegalStateException: No leader yet : printing ALL groups
  s0:  RUNNING  FOLLOWER s0@group-5BD3E7F27A57:t99, leader=null, voted=null, raftlog=s0@group-5BD3E7F27A57-SegmentedRaftLog:OPENED:c3,f4,i4, conf=3: [s0:0.0.0.0:41468, s1:0.0.0.0:41619, s2:0.0.0.0:44382], old=null RUNNING
  s1:  RUNNING CANDIDATE s1@group-5BD3E7F27A57:t99, leader=null, voted=s1, raftlog=s1@group-5BD3E7F27A57-SegmentedRaftLog:OPENED:c2,f3,i3, conf=2: [s0:0.0.0.0:41468, s1:0.0.0.0:41619, s2:0.0.0.0:44382], old=null RUNNING
  s2:  RUNNING CANDIDATE s2@group-5BD3E7F27A57:t99, leader=null, voted=s2, raftlog=s2@group-5BD3E7F27A57-SegmentedRaftLog:OPENED:c1,f3,i3, conf=3: [s0:0.0.0.0:41468, s1:0.0.0.0:41619, s2:0.0.0.0:44382], old=null RUNNING, sleep 450ms and then retry.
java.lang.IllegalStateException: No leader yet : printing ALL groups
  s0:  RUNNING  FOLLOWER s0@group-5BD3E7F27A57:t99, leader=null, voted=null, raftlog=s0@group-5BD3E7F27A57-SegmentedRaftLog:OPENED:c3,f4,i4, conf=3: [s0:0.0.0.0:41468, s1:0.0.0.0:41619, s2:0.0.0.0:44382], old=null RUNNING
  s1:  RUNNING CANDIDATE s1@group-5BD3E7F27A57:t99, leader=null, voted=s1, raftlog=s1@group-5BD3E7F27A57-SegmentedRaftLog:OPENED:c2,f3,i3, conf=2: [s0:0.0.0.0:41468, s1:0.0.0.0:41619, s2:0.0.0.0:44382], old=null RUNNING
  s2:  RUNNING CANDIDATE s2@group-5BD3E7F27A57:t99, leader=null, voted=s2, raftlog=s2@group-5BD3E7F27A57-SegmentedRaftLog:OPENED:c1,f3,i3, conf=3: [s0:0.0.0.0:41468, s1:0.0.0.0:41619, s2:0.0.0.0:44382], old=null RUNNING
	at org.apache.ratis.MiniRaftCluster.newIllegalStateExceptionForNoLeaders(MiniRaftCluster.java:506)
	at org.apache.ratis.RaftTestUtil.lambda$waitForLeader$1(RaftTestUtil.java:90)
	at org.apache.ratis.MiniRaftCluster.getLeader(MiniRaftCluster.java:539)
	at org.apache.ratis.MiniRaftCluster.getLeader(MiniRaftCluster.java:532)
	at org.apache.ratis.RaftTestUtil.lambda$waitForLeader$3(RaftTestUtil.java:98)
	at org.apache.ratis.util.JavaUtils.attempt(JavaUtils.java:152)
	at org.apache.ratis.RaftTestUtil.waitForLeader(RaftTestUtil.java:97)
	at org.apache.ratis.RaftTestUtil.waitForLeader(RaftTestUtil.java:77)
	at org.apache.ratis.RaftTestUtil.waitForLeader(RaftTestUtil.java:72)
	at org.apache.ratis.RaftTestUtil.lambda$changeLeader$7(RaftTestUtil.java:363)
	at org.apache.ratis.util.JavaUtils.attempt(JavaUtils.java:152)
	at org.apache.ratis.RaftTestUtil.changeLeader(RaftTestUtil.java:362)
	at org.apache.ratis.server.impl.LeaderElectionTests.testChangeLeader(LeaderElectionTests.java:81)
	at sun.reflect.NativeMethodAccessorImpl.invoke0(Native Method)
	at sun.reflect.NativeMethodAccessorImpl.invoke(NativeMethodAccessorImpl.java:62)
	at sun.reflect.DelegatingMethodAccessorImpl.invoke(DelegatingMethodAccessorImpl.java:43)
	at java.lang.reflect.Method.invoke(Method.java:498)
	at org.junit.runners.model.FrameworkMethod$1.runReflectiveCall(FrameworkMethod.java:50)
	at org.junit.internal.runners.model.ReflectiveCallable.run(ReflectiveCallable.java:12)
	at org.junit.runners.model.FrameworkMethod.invokeExplosively(FrameworkMethod.java:47)
	at org.junit.internal.runners.statements.InvokeMethod.evaluate(InvokeMethod.java:17)
	at org.junit.internal.runners.statements.RunAfters.evaluate(RunAfters.java:27)
	at org.junit.internal.runners.statements.FailOnTimeout$CallableStatement.call(FailOnTimeout.java:298)
	at org.junit.internal.runners.statements.FailOnTimeout$CallableStatement.call(FailOnTimeout.java:292)
	at java.util.concurrent.FutureTask.run(FutureTask.java:266)
	at java.lang.Thread.run(Thread.java:748)
2019-09-26 09:49:14,855 INFO  impl.LeaderElection (LeaderElection.java:logAndReturn(56)) - s2@group-5BD3E7F27A57-LeaderElection63: Election TIMEOUT; received 1 response(s) [s2<-s0#0:FAIL-t99] and 0 exception(s); s2@group-5BD3E7F27A57:t99, leader=null, voted=s2, raftlog=s2@group-5BD3E7F27A57-SegmentedRaftLog:OPENED:c1,f3,i3, conf=3: [s0:0.0.0.0:41468, s1:0.0.0.0:41619, s2:0.0.0.0:44382], old=null
2019-09-26 09:49:14,864 INFO  impl.LeaderElection (LeaderElection.java:logAndReturn(56)) - s1@group-5BD3E7F27A57-LeaderElection62: Election TIMEOUT; received 1 response(s) [s1<-s0#0:FAIL-t99] and 0 exception(s); s1@group-5BD3E7F27A57:t99, leader=null, voted=s1, raftlog=s1@group-5BD3E7F27A57-SegmentedRaftLog:OPENED:c2,f3,i3, conf=2: [s0:0.0.0.0:41468, s1:0.0.0.0:41619, s2:0.0.0.0:44382], old=null
2019-09-26 09:49:14,869 INFO  impl.LeaderElection (LeaderElection.java:askForVotes(178)) - s1@group-5BD3E7F27A57-LeaderElection62: begin an election at term 100 for 2: [s0:0.0.0.0:41468, s1:0.0.0.0:41619, s2:0.0.0.0:44382], old=null
2019-09-26 09:49:14,869 INFO  impl.LeaderElection (LeaderElection.java:askForVotes(178)) - s2@group-5BD3E7F27A57-LeaderElection63: begin an election at term 100 for 3: [s0:0.0.0.0:41468, s1:0.0.0.0:41619, s2:0.0.0.0:44382], old=null
2019-09-26 09:49:14,870 DEBUG impl.RaftServerImpl (RaftServerImpl.java:requestVote(743)) - s0@group-5BD3E7F27A57: receive requestVote(s1, group-5BD3E7F27A57, 100, (t:3, i:3))
2019-09-26 09:49:14,870 INFO  impl.RaftServerImpl (RaftServerImpl.java:setRole(170)) - s0@group-5BD3E7F27A57: changes role from  FOLLOWER to FOLLOWER at term 100 for recognizeCandidate:s1
2019-09-26 09:49:14,870 INFO  impl.RoleInfo (RoleInfo.java:shutdownFollowerState(121)) - s0: shutdown FollowerState
2019-09-26 09:49:14,870 DEBUG impl.RaftServerImpl (RaftServerImpl.java:requestVote(743)) - s0@group-5BD3E7F27A57: receive requestVote(s2, group-5BD3E7F27A57, 100, (t:4, i:3))
2019-09-26 09:49:14,870 INFO  impl.FollowerState (FollowerState.java:run(117)) - s0@group-5BD3E7F27A57-FollowerState was interrupted: java.lang.InterruptedException: sleep interrupted
2019-09-26 09:49:14,870 INFO  impl.RoleInfo (RoleInfo.java:updateAndGet(143)) - s0: start FollowerState
2019-09-26 09:49:14,883 DEBUG impl.RaftServerImpl (RaftServerImpl.java:requestVote(775)) - s0@group-5BD3E7F27A57 replies to vote request: s1<-s0#0:FAIL-t100. Peer's state: s0@group-5BD3E7F27A57:t100, leader=null, voted=null, raftlog=s0@group-5BD3E7F27A57-SegmentedRaftLog:OPENED:c3,f4,i4, conf=3: [s0:0.0.0.0:41468, s1:0.0.0.0:41619, s2:0.0.0.0:44382], old=null
2019-09-26 09:49:14,884 INFO  impl.RaftServerImpl (RaftServerImpl.java:setRole(170)) - s0@group-5BD3E7F27A57: changes role from  FOLLOWER to FOLLOWER at term 100 for recognizeCandidate:s2
2019-09-26 09:49:14,884 INFO  impl.RoleInfo (RoleInfo.java:shutdownFollowerState(121)) - s0: shutdown FollowerState
2019-09-26 09:49:14,884 INFO  impl.RoleInfo (RoleInfo.java:updateAndGet(143)) - s0: start FollowerState
2019-09-26 09:49:14,884 INFO  impl.FollowerState (FollowerState.java:run(117)) - s0@group-5BD3E7F27A57-FollowerState was interrupted: java.lang.InterruptedException: sleep interrupted
2019-09-26 09:49:14,884 DEBUG impl.RaftServerImpl (RaftServerImpl.java:requestVote(775)) - s0@group-5BD3E7F27A57 replies to vote request: s2<-s0#0:FAIL-t100. Peer's state: s0@group-5BD3E7F27A57:t100, leader=null, voted=null, raftlog=s0@group-5BD3E7F27A57-SegmentedRaftLog:OPENED:c3,f4,i4, conf=3: [s0:0.0.0.0:41468, s1:0.0.0.0:41619, s2:0.0.0.0:44382], old=null
2019-09-26 09:49:15,044 INFO  impl.LeaderElection (LeaderElection.java:logAndReturn(56)) - s2@group-5BD3E7F27A57-LeaderElection63: Election TIMEOUT; received 1 response(s) [s2<-s0#0:FAIL-t100] and 0 exception(s); s2@group-5BD3E7F27A57:t100, leader=null, voted=s2, raftlog=s2@group-5BD3E7F27A57-SegmentedRaftLog:OPENED:c1,f3,i3, conf=3: [s0:0.0.0.0:41468, s1:0.0.0.0:41619, s2:0.0.0.0:44382], old=null
2019-09-26 09:49:15,057 INFO  impl.LeaderElection (LeaderElection.java:askForVotes(178)) - s2@group-5BD3E7F27A57-LeaderElection63: begin an election at term 101 for 3: [s0:0.0.0.0:41468, s1:0.0.0.0:41619, s2:0.0.0.0:44382], old=null
2019-09-26 09:49:15,057 DEBUG impl.RaftServerImpl (RaftServerImpl.java:requestVote(743)) - s0@group-5BD3E7F27A57: receive requestVote(s2, group-5BD3E7F27A57, 101, (t:4, i:3))
2019-09-26 09:49:15,058 INFO  impl.RaftServerImpl (RaftServerImpl.java:setRole(170)) - s0@group-5BD3E7F27A57: changes role from  FOLLOWER to FOLLOWER at term 101 for recognizeCandidate:s2
2019-09-26 09:49:15,058 INFO  impl.RoleInfo (RoleInfo.java:shutdownFollowerState(121)) - s0: shutdown FollowerState
2019-09-26 09:49:15,058 INFO  impl.RoleInfo (RoleInfo.java:updateAndGet(143)) - s0: start FollowerState
2019-09-26 09:49:15,058 INFO  impl.FollowerState (FollowerState.java:run(117)) - s0@group-5BD3E7F27A57-FollowerState was interrupted: java.lang.InterruptedException: sleep interrupted
2019-09-26 09:49:15,074 DEBUG impl.RaftServerImpl (RaftServerImpl.java:requestVote(775)) - s0@group-5BD3E7F27A57 replies to vote request: s2<-s0#0:FAIL-t101. Peer's state: s0@group-5BD3E7F27A57:t101, leader=null, voted=null, raftlog=s0@group-5BD3E7F27A57-SegmentedRaftLog:OPENED:c3,f4,i4, conf=3: [s0:0.0.0.0:41468, s1:0.0.0.0:41619, s2:0.0.0.0:44382], old=null
2019-09-26 09:49:15,115 INFO  impl.LeaderElection (LeaderElection.java:logAndReturn(56)) - s1@group-5BD3E7F27A57-LeaderElection62: Election TIMEOUT; received 1 response(s) [s1<-s0#0:FAIL-t100] and 0 exception(s); s1@group-5BD3E7F27A57:t100, leader=null, voted=s1, raftlog=s1@group-5BD3E7F27A57-SegmentedRaftLog:OPENED:c2,f3,i3, conf=2: [s0:0.0.0.0:41468, s1:0.0.0.0:41619, s2:0.0.0.0:44382], old=null
2019-09-26 09:49:15,128 INFO  impl.LeaderElection (LeaderElection.java:askForVotes(178)) - s1@group-5BD3E7F27A57-LeaderElection62: begin an election at term 101 for 2: [s0:0.0.0.0:41468, s1:0.0.0.0:41619, s2:0.0.0.0:44382], old=null
2019-09-26 09:49:15,129 DEBUG impl.RaftServerImpl (RaftServerImpl.java:requestVote(743)) - s0@group-5BD3E7F27A57: receive requestVote(s1, group-5BD3E7F27A57, 101, (t:3, i:3))
2019-09-26 09:49:15,129 INFO  impl.RaftServerImpl (RaftServerImpl.java:setRole(170)) - s0@group-5BD3E7F27A57: changes role from  FOLLOWER to FOLLOWER at term 101 for recognizeCandidate:s1
2019-09-26 09:49:15,129 INFO  impl.RoleInfo (RoleInfo.java:shutdownFollowerState(121)) - s0: shutdown FollowerState
2019-09-26 09:49:15,129 INFO  impl.RoleInfo (RoleInfo.java:updateAndGet(143)) - s0: start FollowerState
2019-09-26 09:49:15,129 INFO  impl.FollowerState (FollowerState.java:run(117)) - s0@group-5BD3E7F27A57-FollowerState was interrupted: java.lang.InterruptedException: sleep interrupted
2019-09-26 09:49:15,130 DEBUG impl.RaftServerImpl (RaftServerImpl.java:requestVote(775)) - s0@group-5BD3E7F27A57 replies to vote request: s1<-s0#0:FAIL-t101. Peer's state: s0@group-5BD3E7F27A57:t101, leader=null, voted=null, raftlog=s0@group-5BD3E7F27A57-SegmentedRaftLog:OPENED:c3,f4,i4, conf=3: [s0:0.0.0.0:41468, s1:0.0.0.0:41619, s2:0.0.0.0:44382], old=null
2019-09-26 09:49:15,193 WARN  ratis.RaftTestUtil (JavaUtils.java:attempt(158)) - FAILED "waitForLeader-null-(expectLeader? true)", attempt #49/100: java.lang.IllegalStateException: No leader yet : printing ALL groups
  s0:  RUNNING  FOLLOWER s0@group-5BD3E7F27A57:t101, leader=null, voted=null, raftlog=s0@group-5BD3E7F27A57-SegmentedRaftLog:OPENED:c3,f4,i4, conf=3: [s0:0.0.0.0:41468, s1:0.0.0.0:41619, s2:0.0.0.0:44382], old=null RUNNING
  s1:  RUNNING CANDIDATE s1@group-5BD3E7F27A57:t101, leader=null, voted=s1, raftlog=s1@group-5BD3E7F27A57-SegmentedRaftLog:OPENED:c2,f3,i3, conf=2: [s0:0.0.0.0:41468, s1:0.0.0.0:41619, s2:0.0.0.0:44382], old=null RUNNING
  s2:  RUNNING CANDIDATE s2@group-5BD3E7F27A57:t101, leader=null, voted=s2, raftlog=s2@group-5BD3E7F27A57-SegmentedRaftLog:OPENED:c1,f3,i3, conf=3: [s0:0.0.0.0:41468, s1:0.0.0.0:41619, s2:0.0.0.0:44382], old=null RUNNING, sleep 450ms and then retry.
java.lang.IllegalStateException: No leader yet : printing ALL groups
  s0:  RUNNING  FOLLOWER s0@group-5BD3E7F27A57:t101, leader=null, voted=null, raftlog=s0@group-5BD3E7F27A57-SegmentedRaftLog:OPENED:c3,f4,i4, conf=3: [s0:0.0.0.0:41468, s1:0.0.0.0:41619, s2:0.0.0.0:44382], old=null RUNNING
  s1:  RUNNING CANDIDATE s1@group-5BD3E7F27A57:t101, leader=null, voted=s1, raftlog=s1@group-5BD3E7F27A57-SegmentedRaftLog:OPENED:c2,f3,i3, conf=2: [s0:0.0.0.0:41468, s1:0.0.0.0:41619, s2:0.0.0.0:44382], old=null RUNNING
  s2:  RUNNING CANDIDATE s2@group-5BD3E7F27A57:t101, leader=null, voted=s2, raftlog=s2@group-5BD3E7F27A57-SegmentedRaftLog:OPENED:c1,f3,i3, conf=3: [s0:0.0.0.0:41468, s1:0.0.0.0:41619, s2:0.0.0.0:44382], old=null RUNNING
	at org.apache.ratis.MiniRaftCluster.newIllegalStateExceptionForNoLeaders(MiniRaftCluster.java:506)
	at org.apache.ratis.RaftTestUtil.lambda$waitForLeader$1(RaftTestUtil.java:90)
	at org.apache.ratis.MiniRaftCluster.getLeader(MiniRaftCluster.java:539)
	at org.apache.ratis.MiniRaftCluster.getLeader(MiniRaftCluster.java:532)
	at org.apache.ratis.RaftTestUtil.lambda$waitForLeader$3(RaftTestUtil.java:98)
	at org.apache.ratis.util.JavaUtils.attempt(JavaUtils.java:152)
	at org.apache.ratis.RaftTestUtil.waitForLeader(RaftTestUtil.java:97)
	at org.apache.ratis.RaftTestUtil.waitForLeader(RaftTestUtil.java:77)
	at org.apache.ratis.RaftTestUtil.waitForLeader(RaftTestUtil.java:72)
	at org.apache.ratis.RaftTestUtil.lambda$changeLeader$7(RaftTestUtil.java:363)
	at org.apache.ratis.util.JavaUtils.attempt(JavaUtils.java:152)
	at org.apache.ratis.RaftTestUtil.changeLeader(RaftTestUtil.java:362)
	at org.apache.ratis.server.impl.LeaderElectionTests.testChangeLeader(LeaderElectionTests.java:81)
	at sun.reflect.NativeMethodAccessorImpl.invoke0(Native Method)
	at sun.reflect.NativeMethodAccessorImpl.invoke(NativeMethodAccessorImpl.java:62)
	at sun.reflect.DelegatingMethodAccessorImpl.invoke(DelegatingMethodAccessorImpl.java:43)
	at java.lang.reflect.Method.invoke(Method.java:498)
	at org.junit.runners.model.FrameworkMethod$1.runReflectiveCall(FrameworkMethod.java:50)
	at org.junit.internal.runners.model.ReflectiveCallable.run(ReflectiveCallable.java:12)
	at org.junit.runners.model.FrameworkMethod.invokeExplosively(FrameworkMethod.java:47)
	at org.junit.internal.runners.statements.InvokeMethod.evaluate(InvokeMethod.java:17)
	at org.junit.internal.runners.statements.RunAfters.evaluate(RunAfters.java:27)
	at org.junit.internal.runners.statements.FailOnTimeout$CallableStatement.call(FailOnTimeout.java:298)
	at org.junit.internal.runners.statements.FailOnTimeout$CallableStatement.call(FailOnTimeout.java:292)
	at java.util.concurrent.FutureTask.run(FutureTask.java:266)
	at java.lang.Thread.run(Thread.java:748)
2019-09-26 09:49:15,225 INFO  impl.LeaderElection (LeaderElection.java:logAndReturn(56)) - s2@group-5BD3E7F27A57-LeaderElection63: Election TIMEOUT; received 1 response(s) [s2<-s0#0:FAIL-t101] and 0 exception(s); s2@group-5BD3E7F27A57:t101, leader=null, voted=s2, raftlog=s2@group-5BD3E7F27A57-SegmentedRaftLog:OPENED:c1,f3,i3, conf=3: [s0:0.0.0.0:41468, s1:0.0.0.0:41619, s2:0.0.0.0:44382], old=null
2019-09-26 09:49:15,238 INFO  impl.LeaderElection (LeaderElection.java:askForVotes(178)) - s2@group-5BD3E7F27A57-LeaderElection63: begin an election at term 102 for 3: [s0:0.0.0.0:41468, s1:0.0.0.0:41619, s2:0.0.0.0:44382], old=null
2019-09-26 09:49:15,239 DEBUG impl.RaftServerImpl (RaftServerImpl.java:requestVote(743)) - s0@group-5BD3E7F27A57: receive requestVote(s2, group-5BD3E7F27A57, 102, (t:4, i:3))
2019-09-26 09:49:15,239 INFO  impl.RaftServerImpl (RaftServerImpl.java:setRole(170)) - s0@group-5BD3E7F27A57: changes role from  FOLLOWER to FOLLOWER at term 102 for recognizeCandidate:s2
2019-09-26 09:49:15,239 INFO  impl.RoleInfo (RoleInfo.java:shutdownFollowerState(121)) - s0: shutdown FollowerState
2019-09-26 09:49:15,239 INFO  impl.RoleInfo (RoleInfo.java:updateAndGet(143)) - s0: start FollowerState
2019-09-26 09:49:15,239 INFO  impl.FollowerState (FollowerState.java:run(117)) - s0@group-5BD3E7F27A57-FollowerState was interrupted: java.lang.InterruptedException: sleep interrupted
2019-09-26 09:49:15,253 DEBUG impl.RaftServerImpl (RaftServerImpl.java:requestVote(775)) - s0@group-5BD3E7F27A57 replies to vote request: s2<-s0#0:FAIL-t102. Peer's state: s0@group-5BD3E7F27A57:t102, leader=null, voted=null, raftlog=s0@group-5BD3E7F27A57-SegmentedRaftLog:OPENED:c3,f4,i4, conf=3: [s0:0.0.0.0:41468, s1:0.0.0.0:41619, s2:0.0.0.0:44382], old=null
2019-09-26 09:49:15,425 INFO  impl.FollowerState (FollowerState.java:run(108)) - s0@group-5BD3E7F27A57-FollowerState: change to CANDIDATE, lastRpcTime:185ms, electionTimeout:185ms
2019-09-26 09:49:15,425 INFO  impl.RoleInfo (RoleInfo.java:shutdownFollowerState(121)) - s0: shutdown FollowerState
2019-09-26 09:49:15,425 INFO  impl.RaftServerImpl (RaftServerImpl.java:setRole(170)) - s0@group-5BD3E7F27A57: changes role from  FOLLOWER to CANDIDATE at term 102 for changeToCandidate
2019-09-26 09:49:15,425 INFO  impl.RoleInfo (RoleInfo.java:updateAndGet(143)) - s0: start LeaderElection
2019-09-26 09:49:15,426 INFO  impl.LeaderElection (LeaderElection.java:logAndReturn(56)) - s1@group-5BD3E7F27A57-LeaderElection62: Election TIMEOUT; received 1 response(s) [s1<-s0#0:FAIL-t101] and 0 exception(s); s1@group-5BD3E7F27A57:t101, leader=null, voted=s1, raftlog=s1@group-5BD3E7F27A57-SegmentedRaftLog:OPENED:c2,f3,i3, conf=2: [s0:0.0.0.0:41468, s1:0.0.0.0:41619, s2:0.0.0.0:44382], old=null
2019-09-26 09:49:15,448 INFO  impl.LeaderElection (LeaderElection.java:askForVotes(178)) - s0@group-5BD3E7F27A57-LeaderElection67: begin an election at term 103 for 3: [s0:0.0.0.0:41468, s1:0.0.0.0:41619, s2:0.0.0.0:44382], old=null
2019-09-26 09:49:15,448 INFO  impl.LeaderElection (LeaderElection.java:askForVotes(178)) - s1@group-5BD3E7F27A57-LeaderElection62: begin an election at term 102 for 2: [s0:0.0.0.0:41468, s1:0.0.0.0:41619, s2:0.0.0.0:44382], old=null
2019-09-26 09:49:15,449 DEBUG impl.RaftServerImpl (RaftServerImpl.java:requestVote(743)) - s0@group-5BD3E7F27A57: receive requestVote(s1, group-5BD3E7F27A57, 102, (t:3, i:3))
2019-09-26 09:49:15,449 DEBUG impl.RaftServerImpl (RaftServerImpl.java:requestVote(775)) - s0@group-5BD3E7F27A57 replies to vote request: s1<-s0#0:FAIL-t103. Peer's state: s0@group-5BD3E7F27A57:t103, leader=null, voted=s0, raftlog=s0@group-5BD3E7F27A57-SegmentedRaftLog:OPENED:c3,f4,i4, conf=3: [s0:0.0.0.0:41468, s1:0.0.0.0:41619, s2:0.0.0.0:44382], old=null
2019-09-26 09:49:15,449 INFO  impl.LeaderElection (LeaderElection.java:logAndReturn(56)) - s1@group-5BD3E7F27A57-LeaderElection62: Election DISCOVERED_A_NEW_TERM; received 1 response(s) [s1<-s0#0:FAIL-t103] and 0 exception(s); s1@group-5BD3E7F27A57:t102, leader=null, voted=s1, raftlog=s1@group-5BD3E7F27A57-SegmentedRaftLog:OPENED:c2,f3,i3, conf=2: [s0:0.0.0.0:41468, s1:0.0.0.0:41619, s2:0.0.0.0:44382], old=null
2019-09-26 09:49:15,449 INFO  impl.RaftServerImpl (RaftServerImpl.java:setRole(170)) - s1@group-5BD3E7F27A57: changes role from CANDIDATE to FOLLOWER at term 103 for DISCOVERED_A_NEW_TERM
2019-09-26 09:49:15,449 INFO  impl.RoleInfo (RoleInfo.java:shutdownLeaderElection(134)) - s1: shutdown LeaderElection
2019-09-26 09:49:15,450 INFO  impl.RoleInfo (RoleInfo.java:updateAndGet(143)) - s1: start FollowerState
2019-09-26 09:49:15,483 INFO  impl.LeaderElection (LeaderElection.java:logAndReturn(56)) - s2@group-5BD3E7F27A57-LeaderElection63: Election TIMEOUT; received 1 response(s) [s2<-s0#0:FAIL-t102] and 0 exception(s); s2@group-5BD3E7F27A57:t102, leader=null, voted=s2, raftlog=s2@group-5BD3E7F27A57-SegmentedRaftLog:OPENED:c1,f3,i3, conf=3: [s0:0.0.0.0:41468, s1:0.0.0.0:41619, s2:0.0.0.0:44382], old=null
2019-09-26 09:49:15,495 INFO  impl.LeaderElection (LeaderElection.java:askForVotes(178)) - s2@group-5BD3E7F27A57-LeaderElection63: begin an election at term 103 for 3: [s0:0.0.0.0:41468, s1:0.0.0.0:41619, s2:0.0.0.0:44382], old=null
2019-09-26 09:49:15,496 DEBUG impl.RaftServerImpl (RaftServerImpl.java:requestVote(743)) - s0@group-5BD3E7F27A57: receive requestVote(s2, group-5BD3E7F27A57, 103, (t:4, i:3))
2019-09-26 09:49:15,496 DEBUG impl.RaftServerImpl (RaftServerImpl.java:requestVote(775)) - s0@group-5BD3E7F27A57 replies to vote request: s2<-s0#0:FAIL-t103. Peer's state: s0@group-5BD3E7F27A57:t103, leader=null, voted=s0, raftlog=s0@group-5BD3E7F27A57-SegmentedRaftLog:OPENED:c3,f4,i4, conf=3: [s0:0.0.0.0:41468, s1:0.0.0.0:41619, s2:0.0.0.0:44382], old=null
2019-09-26 09:49:15,609 INFO  impl.FollowerState (FollowerState.java:run(108)) - s1@group-5BD3E7F27A57-FollowerState: change to CANDIDATE, lastRpcTime:159ms, electionTimeout:159ms
2019-09-26 09:49:15,609 INFO  impl.RoleInfo (RoleInfo.java:shutdownFollowerState(121)) - s1: shutdown FollowerState
2019-09-26 09:49:15,609 INFO  impl.RaftServerImpl (RaftServerImpl.java:setRole(170)) - s1@group-5BD3E7F27A57: changes role from  FOLLOWER to CANDIDATE at term 103 for changeToCandidate
2019-09-26 09:49:15,609 INFO  impl.RoleInfo (RoleInfo.java:updateAndGet(143)) - s1: start LeaderElection
2019-09-26 09:49:15,625 INFO  impl.LeaderElection (LeaderElection.java:askForVotes(178)) - s1@group-5BD3E7F27A57-LeaderElection68: begin an election at term 104 for 2: [s0:0.0.0.0:41468, s1:0.0.0.0:41619, s2:0.0.0.0:44382], old=null
2019-09-26 09:49:15,625 DEBUG impl.RaftServerImpl (RaftServerImpl.java:requestVote(743)) - s0@group-5BD3E7F27A57: receive requestVote(s1, group-5BD3E7F27A57, 104, (t:3, i:3))
2019-09-26 09:49:15,625 INFO  impl.RaftServerImpl (RaftServerImpl.java:setRole(170)) - s0@group-5BD3E7F27A57: changes role from CANDIDATE to FOLLOWER at term 104 for recognizeCandidate:s1
2019-09-26 09:49:15,625 INFO  impl.RoleInfo (RoleInfo.java:shutdownLeaderElection(134)) - s0: shutdown LeaderElection
2019-09-26 09:49:15,626 INFO  impl.RoleInfo (RoleInfo.java:updateAndGet(143)) - s0: start FollowerState
2019-09-26 09:49:15,639 DEBUG impl.RaftServerImpl (RaftServerImpl.java:requestVote(775)) - s0@group-5BD3E7F27A57 replies to vote request: s1<-s0#0:FAIL-t104. Peer's state: s0@group-5BD3E7F27A57:t104, leader=null, voted=null, raftlog=s0@group-5BD3E7F27A57-SegmentedRaftLog:OPENED:c3,f4,i4, conf=3: [s0:0.0.0.0:41468, s1:0.0.0.0:41619, s2:0.0.0.0:44382], old=null
2019-09-26 09:49:15,644 WARN  ratis.RaftTestUtil (JavaUtils.java:attempt(158)) - FAILED "waitForLeader-null-(expectLeader? true)", attempt #50/100: java.lang.IllegalStateException: No leader yet : printing ALL groups
  s0:  RUNNING  FOLLOWER s0@group-5BD3E7F27A57:t104, leader=null, voted=null, raftlog=s0@group-5BD3E7F27A57-SegmentedRaftLog:OPENED:c3,f4,i4, conf=3: [s0:0.0.0.0:41468, s1:0.0.0.0:41619, s2:0.0.0.0:44382], old=null RUNNING
  s1:  RUNNING CANDIDATE s1@group-5BD3E7F27A57:t104, leader=null, voted=s1, raftlog=s1@group-5BD3E7F27A57-SegmentedRaftLog:OPENED:c2,f3,i3, conf=2: [s0:0.0.0.0:41468, s1:0.0.0.0:41619, s2:0.0.0.0:44382], old=null RUNNING
  s2:  RUNNING CANDIDATE s2@group-5BD3E7F27A57:t103, leader=null, voted=s2, raftlog=s2@group-5BD3E7F27A57-SegmentedRaftLog:OPENED:c1,f3,i3, conf=3: [s0:0.0.0.0:41468, s1:0.0.0.0:41619, s2:0.0.0.0:44382], old=null RUNNING, sleep 450ms and then retry.
java.lang.IllegalStateException: No leader yet : printing ALL groups
  s0:  RUNNING  FOLLOWER s0@group-5BD3E7F27A57:t104, leader=null, voted=null, raftlog=s0@group-5BD3E7F27A57-SegmentedRaftLog:OPENED:c3,f4,i4, conf=3: [s0:0.0.0.0:41468, s1:0.0.0.0:41619, s2:0.0.0.0:44382], old=null RUNNING
  s1:  RUNNING CANDIDATE s1@group-5BD3E7F27A57:t104, leader=null, voted=s1, raftlog=s1@group-5BD3E7F27A57-SegmentedRaftLog:OPENED:c2,f3,i3, conf=2: [s0:0.0.0.0:41468, s1:0.0.0.0:41619, s2:0.0.0.0:44382], old=null RUNNING
  s2:  RUNNING CANDIDATE s2@group-5BD3E7F27A57:t103, leader=null, voted=s2, raftlog=s2@group-5BD3E7F27A57-SegmentedRaftLog:OPENED:c1,f3,i3, conf=3: [s0:0.0.0.0:41468, s1:0.0.0.0:41619, s2:0.0.0.0:44382], old=null RUNNING
	at org.apache.ratis.MiniRaftCluster.newIllegalStateExceptionForNoLeaders(MiniRaftCluster.java:506)
	at org.apache.ratis.RaftTestUtil.lambda$waitForLeader$1(RaftTestUtil.java:90)
	at org.apache.ratis.MiniRaftCluster.getLeader(MiniRaftCluster.java:539)
	at org.apache.ratis.MiniRaftCluster.getLeader(MiniRaftCluster.java:532)
	at org.apache.ratis.RaftTestUtil.lambda$waitForLeader$3(RaftTestUtil.java:98)
	at org.apache.ratis.util.JavaUtils.attempt(JavaUtils.java:152)
	at org.apache.ratis.RaftTestUtil.waitForLeader(RaftTestUtil.java:97)
	at org.apache.ratis.RaftTestUtil.waitForLeader(RaftTestUtil.java:77)
	at org.apache.ratis.RaftTestUtil.waitForLeader(RaftTestUtil.java:72)
	at org.apache.ratis.RaftTestUtil.lambda$changeLeader$7(RaftTestUtil.java:363)
	at org.apache.ratis.util.JavaUtils.attempt(JavaUtils.java:152)
	at org.apache.ratis.RaftTestUtil.changeLeader(RaftTestUtil.java:362)
	at org.apache.ratis.server.impl.LeaderElectionTests.testChangeLeader(LeaderElectionTests.java:81)
	at sun.reflect.NativeMethodAccessorImpl.invoke0(Native Method)
	at sun.reflect.NativeMethodAccessorImpl.invoke(NativeMethodAccessorImpl.java:62)
	at sun.reflect.DelegatingMethodAccessorImpl.invoke(DelegatingMethodAccessorImpl.java:43)
	at java.lang.reflect.Method.invoke(Method.java:498)
	at org.junit.runners.model.FrameworkMethod$1.runReflectiveCall(FrameworkMethod.java:50)
	at org.junit.internal.runners.model.ReflectiveCallable.run(ReflectiveCallable.java:12)
	at org.junit.runners.model.FrameworkMethod.invokeExplosively(FrameworkMethod.java:47)
	at org.junit.internal.runners.statements.InvokeMethod.evaluate(InvokeMethod.java:17)
	at org.junit.internal.runners.statements.RunAfters.evaluate(RunAfters.java:27)
	at org.junit.internal.runners.statements.FailOnTimeout$CallableStatement.call(FailOnTimeout.java:298)
	at org.junit.internal.runners.statements.FailOnTimeout$CallableStatement.call(FailOnTimeout.java:292)
	at java.util.concurrent.FutureTask.run(FutureTask.java:266)
	at java.lang.Thread.run(Thread.java:748)
2019-09-26 09:49:15,715 INFO  impl.LeaderElection (LeaderElection.java:logAndReturn(56)) - s0@group-5BD3E7F27A57-LeaderElection67: Election REJECTED; received 0 response(s) [] and 0 exception(s); s0@group-5BD3E7F27A57:t104, leader=null, voted=null, raftlog=s0@group-5BD3E7F27A57-SegmentedRaftLog:OPENED:c3,f4,i4, conf=3: [s0:0.0.0.0:41468, s1:0.0.0.0:41619, s2:0.0.0.0:44382], old=null
2019-09-26 09:49:15,749 INFO  impl.LeaderElection (LeaderElection.java:logAndReturn(56)) - s2@group-5BD3E7F27A57-LeaderElection63: Election TIMEOUT; received 1 response(s) [s2<-s0#0:FAIL-t103] and 0 exception(s); s2@group-5BD3E7F27A57:t103, leader=null, voted=s2, raftlog=s2@group-5BD3E7F27A57-SegmentedRaftLog:OPENED:c1,f3,i3, conf=3: [s0:0.0.0.0:41468, s1:0.0.0.0:41619, s2:0.0.0.0:44382], old=null
2019-09-26 09:49:15,762 INFO  impl.LeaderElection (LeaderElection.java:askForVotes(178)) - s2@group-5BD3E7F27A57-LeaderElection63: begin an election at term 104 for 3: [s0:0.0.0.0:41468, s1:0.0.0.0:41619, s2:0.0.0.0:44382], old=null
2019-09-26 09:49:15,763 DEBUG impl.RaftServerImpl (RaftServerImpl.java:requestVote(743)) - s0@group-5BD3E7F27A57: receive requestVote(s2, group-5BD3E7F27A57, 104, (t:4, i:3))
2019-09-26 09:49:15,763 INFO  impl.RaftServerImpl (RaftServerImpl.java:setRole(170)) - s0@group-5BD3E7F27A57: changes role from  FOLLOWER to FOLLOWER at term 104 for recognizeCandidate:s2
2019-09-26 09:49:15,763 INFO  impl.RoleInfo (RoleInfo.java:shutdownFollowerState(121)) - s0: shutdown FollowerState
2019-09-26 09:49:15,763 INFO  impl.RoleInfo (RoleInfo.java:updateAndGet(143)) - s0: start FollowerState
2019-09-26 09:49:15,763 INFO  impl.FollowerState (FollowerState.java:run(117)) - s0@group-5BD3E7F27A57-FollowerState was interrupted: java.lang.InterruptedException: sleep interrupted
2019-09-26 09:49:15,763 DEBUG impl.RaftServerImpl (RaftServerImpl.java:requestVote(775)) - s0@group-5BD3E7F27A57 replies to vote request: s2<-s0#0:FAIL-t104. Peer's state: s0@group-5BD3E7F27A57:t104, leader=null, voted=null, raftlog=s0@group-5BD3E7F27A57-SegmentedRaftLog:OPENED:c3,f4,i4, conf=3: [s0:0.0.0.0:41468, s1:0.0.0.0:41619, s2:0.0.0.0:44382], old=null
2019-09-26 09:49:15,893 INFO  impl.LeaderElection (LeaderElection.java:logAndReturn(56)) - s1@group-5BD3E7F27A57-LeaderElection68: Election TIMEOUT; received 1 response(s) [s1<-s0#0:FAIL-t104] and 0 exception(s); s1@group-5BD3E7F27A57:t104, leader=null, voted=s1, raftlog=s1@group-5BD3E7F27A57-SegmentedRaftLog:OPENED:c2,f3,i3, conf=2: [s0:0.0.0.0:41468, s1:0.0.0.0:41619, s2:0.0.0.0:44382], old=null
2019-09-26 09:49:15,906 INFO  impl.LeaderElection (LeaderElection.java:askForVotes(178)) - s1@group-5BD3E7F27A57-LeaderElection68: begin an election at term 105 for 2: [s0:0.0.0.0:41468, s1:0.0.0.0:41619, s2:0.0.0.0:44382], old=null
2019-09-26 09:49:15,906 DEBUG impl.RaftServerImpl (RaftServerImpl.java:requestVote(743)) - s0@group-5BD3E7F27A57: receive requestVote(s1, group-5BD3E7F27A57, 105, (t:3, i:3))
2019-09-26 09:49:15,907 INFO  impl.RaftServerImpl (RaftServerImpl.java:setRole(170)) - s0@group-5BD3E7F27A57: changes role from  FOLLOWER to FOLLOWER at term 105 for recognizeCandidate:s1
2019-09-26 09:49:15,907 INFO  impl.RoleInfo (RoleInfo.java:shutdownFollowerState(121)) - s0: shutdown FollowerState
2019-09-26 09:49:15,907 INFO  impl.RoleInfo (RoleInfo.java:updateAndGet(143)) - s0: start FollowerState
2019-09-26 09:49:15,907 INFO  impl.FollowerState (FollowerState.java:run(117)) - s0@group-5BD3E7F27A57-FollowerState was interrupted: java.lang.InterruptedException: sleep interrupted
2019-09-26 09:49:15,921 DEBUG impl.RaftServerImpl (RaftServerImpl.java:requestVote(775)) - s0@group-5BD3E7F27A57 replies to vote request: s1<-s0#0:FAIL-t105. Peer's state: s0@group-5BD3E7F27A57:t105, leader=null, voted=null, raftlog=s0@group-5BD3E7F27A57-SegmentedRaftLog:OPENED:c3,f4,i4, conf=3: [s0:0.0.0.0:41468, s1:0.0.0.0:41619, s2:0.0.0.0:44382], old=null
2019-09-26 09:49:16,003 INFO  impl.LeaderElection (LeaderElection.java:logAndReturn(56)) - s2@group-5BD3E7F27A57-LeaderElection63: Election TIMEOUT; received 1 response(s) [s2<-s0#0:FAIL-t104] and 0 exception(s); s2@group-5BD3E7F27A57:t104, leader=null, voted=s2, raftlog=s2@group-5BD3E7F27A57-SegmentedRaftLog:OPENED:c1,f3,i3, conf=3: [s0:0.0.0.0:41468, s1:0.0.0.0:41619, s2:0.0.0.0:44382], old=null
2019-09-26 09:49:16,016 INFO  impl.LeaderElection (LeaderElection.java:askForVotes(178)) - s2@group-5BD3E7F27A57-LeaderElection63: begin an election at term 105 for 3: [s0:0.0.0.0:41468, s1:0.0.0.0:41619, s2:0.0.0.0:44382], old=null
2019-09-26 09:49:16,017 DEBUG impl.RaftServerImpl (RaftServerImpl.java:requestVote(743)) - s0@group-5BD3E7F27A57: receive requestVote(s2, group-5BD3E7F27A57, 105, (t:4, i:3))
2019-09-26 09:49:16,017 INFO  impl.RaftServerImpl (RaftServerImpl.java:setRole(170)) - s0@group-5BD3E7F27A57: changes role from  FOLLOWER to FOLLOWER at term 105 for recognizeCandidate:s2
2019-09-26 09:49:16,017 INFO  impl.RoleInfo (RoleInfo.java:shutdownFollowerState(121)) - s0: shutdown FollowerState
2019-09-26 09:49:16,017 INFO  impl.RoleInfo (RoleInfo.java:updateAndGet(143)) - s0: start FollowerState
2019-09-26 09:49:16,017 INFO  impl.FollowerState (FollowerState.java:run(117)) - s0@group-5BD3E7F27A57-FollowerState was interrupted: java.lang.InterruptedException: sleep interrupted
2019-09-26 09:49:16,017 DEBUG impl.RaftServerImpl (RaftServerImpl.java:requestVote(775)) - s0@group-5BD3E7F27A57 replies to vote request: s2<-s0#0:FAIL-t105. Peer's state: s0@group-5BD3E7F27A57:t105, leader=null, voted=null, raftlog=s0@group-5BD3E7F27A57-SegmentedRaftLog:OPENED:c3,f4,i4, conf=3: [s0:0.0.0.0:41468, s1:0.0.0.0:41619, s2:0.0.0.0:44382], old=null
2019-09-26 09:49:16,095 WARN  ratis.RaftTestUtil (JavaUtils.java:attempt(158)) - FAILED "waitForLeader-null-(expectLeader? true)", attempt #51/100: java.lang.IllegalStateException: No leader yet : printing ALL groups
  s0:  RUNNING  FOLLOWER s0@group-5BD3E7F27A57:t105, leader=null, voted=null, raftlog=s0@group-5BD3E7F27A57-SegmentedRaftLog:OPENED:c3,f4,i4, conf=3: [s0:0.0.0.0:41468, s1:0.0.0.0:41619, s2:0.0.0.0:44382], old=null RUNNING
  s1:  RUNNING CANDIDATE s1@group-5BD3E7F27A57:t105, leader=null, voted=s1, raftlog=s1@group-5BD3E7F27A57-SegmentedRaftLog:OPENED:c2,f3,i3, conf=2: [s0:0.0.0.0:41468, s1:0.0.0.0:41619, s2:0.0.0.0:44382], old=null RUNNING
  s2:  RUNNING CANDIDATE s2@group-5BD3E7F27A57:t105, leader=null, voted=s2, raftlog=s2@group-5BD3E7F27A57-SegmentedRaftLog:OPENED:c1,f3,i3, conf=3: [s0:0.0.0.0:41468, s1:0.0.0.0:41619, s2:0.0.0.0:44382], old=null RUNNING, sleep 450ms and then retry.
java.lang.IllegalStateException: No leader yet : printing ALL groups
  s0:  RUNNING  FOLLOWER s0@group-5BD3E7F27A57:t105, leader=null, voted=null, raftlog=s0@group-5BD3E7F27A57-SegmentedRaftLog:OPENED:c3,f4,i4, conf=3: [s0:0.0.0.0:41468, s1:0.0.0.0:41619, s2:0.0.0.0:44382], old=null RUNNING
  s1:  RUNNING CANDIDATE s1@group-5BD3E7F27A57:t105, leader=null, voted=s1, raftlog=s1@group-5BD3E7F27A57-SegmentedRaftLog:OPENED:c2,f3,i3, conf=2: [s0:0.0.0.0:41468, s1:0.0.0.0:41619, s2:0.0.0.0:44382], old=null RUNNING
  s2:  RUNNING CANDIDATE s2@group-5BD3E7F27A57:t105, leader=null, voted=s2, raftlog=s2@group-5BD3E7F27A57-SegmentedRaftLog:OPENED:c1,f3,i3, conf=3: [s0:0.0.0.0:41468, s1:0.0.0.0:41619, s2:0.0.0.0:44382], old=null RUNNING
	at org.apache.ratis.MiniRaftCluster.newIllegalStateExceptionForNoLeaders(MiniRaftCluster.java:506)
	at org.apache.ratis.RaftTestUtil.lambda$waitForLeader$1(RaftTestUtil.java:90)
	at org.apache.ratis.MiniRaftCluster.getLeader(MiniRaftCluster.java:539)
	at org.apache.ratis.MiniRaftCluster.getLeader(MiniRaftCluster.java:532)
	at org.apache.ratis.RaftTestUtil.lambda$waitForLeader$3(RaftTestUtil.java:98)
	at org.apache.ratis.util.JavaUtils.attempt(JavaUtils.java:152)
	at org.apache.ratis.RaftTestUtil.waitForLeader(RaftTestUtil.java:97)
	at org.apache.ratis.RaftTestUtil.waitForLeader(RaftTestUtil.java:77)
	at org.apache.ratis.RaftTestUtil.waitForLeader(RaftTestUtil.java:72)
	at org.apache.ratis.RaftTestUtil.lambda$changeLeader$7(RaftTestUtil.java:363)
	at org.apache.ratis.util.JavaUtils.attempt(JavaUtils.java:152)
	at org.apache.ratis.RaftTestUtil.changeLeader(RaftTestUtil.java:362)
	at org.apache.ratis.server.impl.LeaderElectionTests.testChangeLeader(LeaderElectionTests.java:81)
	at sun.reflect.NativeMethodAccessorImpl.invoke0(Native Method)
	at sun.reflect.NativeMethodAccessorImpl.invoke(NativeMethodAccessorImpl.java:62)
	at sun.reflect.DelegatingMethodAccessorImpl.invoke(DelegatingMethodAccessorImpl.java:43)
	at java.lang.reflect.Method.invoke(Method.java:498)
	at org.junit.runners.model.FrameworkMethod$1.runReflectiveCall(FrameworkMethod.java:50)
	at org.junit.internal.runners.model.ReflectiveCallable.run(ReflectiveCallable.java:12)
	at org.junit.runners.model.FrameworkMethod.invokeExplosively(FrameworkMethod.java:47)
	at org.junit.internal.runners.statements.InvokeMethod.evaluate(InvokeMethod.java:17)
	at org.junit.internal.runners.statements.RunAfters.evaluate(RunAfters.java:27)
	at org.junit.internal.runners.statements.FailOnTimeout$CallableStatement.call(FailOnTimeout.java:298)
	at org.junit.internal.runners.statements.FailOnTimeout$CallableStatement.call(FailOnTimeout.java:292)
	at java.util.concurrent.FutureTask.run(FutureTask.java:266)
	at java.lang.Thread.run(Thread.java:748)
2019-09-26 09:49:16,099 INFO  impl.LeaderElection (LeaderElection.java:logAndReturn(56)) - s1@group-5BD3E7F27A57-LeaderElection68: Election TIMEOUT; received 1 response(s) [s1<-s0#0:FAIL-t105] and 0 exception(s); s1@group-5BD3E7F27A57:t105, leader=null, voted=s1, raftlog=s1@group-5BD3E7F27A57-SegmentedRaftLog:OPENED:c2,f3,i3, conf=2: [s0:0.0.0.0:41468, s1:0.0.0.0:41619, s2:0.0.0.0:44382], old=null
2019-09-26 09:49:16,113 INFO  impl.LeaderElection (LeaderElection.java:askForVotes(178)) - s1@group-5BD3E7F27A57-LeaderElection68: begin an election at term 106 for 2: [s0:0.0.0.0:41468, s1:0.0.0.0:41619, s2:0.0.0.0:44382], old=null
2019-09-26 09:49:16,113 DEBUG impl.RaftServerImpl (RaftServerImpl.java:requestVote(743)) - s0@group-5BD3E7F27A57: receive requestVote(s1, group-5BD3E7F27A57, 106, (t:3, i:3))
2019-09-26 09:49:16,113 INFO  impl.RaftServerImpl (RaftServerImpl.java:setRole(170)) - s0@group-5BD3E7F27A57: changes role from  FOLLOWER to FOLLOWER at term 106 for recognizeCandidate:s1
2019-09-26 09:49:16,113 INFO  impl.RoleInfo (RoleInfo.java:shutdownFollowerState(121)) - s0: shutdown FollowerState
2019-09-26 09:49:16,113 INFO  impl.RoleInfo (RoleInfo.java:updateAndGet(143)) - s0: start FollowerState
2019-09-26 09:49:16,113 INFO  impl.FollowerState (FollowerState.java:run(117)) - s0@group-5BD3E7F27A57-FollowerState was interrupted: java.lang.InterruptedException: sleep interrupted
2019-09-26 09:49:16,126 DEBUG impl.RaftServerImpl (RaftServerImpl.java:requestVote(775)) - s0@group-5BD3E7F27A57 replies to vote request: s1<-s0#0:FAIL-t106. Peer's state: s0@group-5BD3E7F27A57:t106, leader=null, voted=null, raftlog=s0@group-5BD3E7F27A57-SegmentedRaftLog:OPENED:c3,f4,i4, conf=3: [s0:0.0.0.0:41468, s1:0.0.0.0:41619, s2:0.0.0.0:44382], old=null
2019-09-26 09:49:16,220 INFO  impl.LeaderElection (LeaderElection.java:logAndReturn(56)) - s2@group-5BD3E7F27A57-LeaderElection63: Election TIMEOUT; received 1 response(s) [s2<-s0#0:FAIL-t105] and 0 exception(s); s2@group-5BD3E7F27A57:t105, leader=null, voted=s2, raftlog=s2@group-5BD3E7F27A57-SegmentedRaftLog:OPENED:c1,f3,i3, conf=3: [s0:0.0.0.0:41468, s1:0.0.0.0:41619, s2:0.0.0.0:44382], old=null
2019-09-26 09:49:16,241 INFO  impl.LeaderElection (LeaderElection.java:askForVotes(178)) - s2@group-5BD3E7F27A57-LeaderElection63: begin an election at term 106 for 3: [s0:0.0.0.0:41468, s1:0.0.0.0:41619, s2:0.0.0.0:44382], old=null
2019-09-26 09:49:16,242 DEBUG impl.RaftServerImpl (RaftServerImpl.java:requestVote(743)) - s0@group-5BD3E7F27A57: receive requestVote(s2, group-5BD3E7F27A57, 106, (t:4, i:3))
2019-09-26 09:49:16,242 INFO  impl.RaftServerImpl (RaftServerImpl.java:setRole(170)) - s0@group-5BD3E7F27A57: changes role from  FOLLOWER to FOLLOWER at term 106 for recognizeCandidate:s2
2019-09-26 09:49:16,242 INFO  impl.RoleInfo (RoleInfo.java:shutdownFollowerState(121)) - s0: shutdown FollowerState
2019-09-26 09:49:16,242 INFO  impl.RoleInfo (RoleInfo.java:updateAndGet(143)) - s0: start FollowerState
2019-09-26 09:49:16,242 INFO  impl.FollowerState (FollowerState.java:run(117)) - s0@group-5BD3E7F27A57-FollowerState was interrupted: java.lang.InterruptedException: sleep interrupted
2019-09-26 09:49:16,243 DEBUG impl.RaftServerImpl (RaftServerImpl.java:requestVote(775)) - s0@group-5BD3E7F27A57 replies to vote request: s2<-s0#0:FAIL-t106. Peer's state: s0@group-5BD3E7F27A57:t106, leader=null, voted=null, raftlog=s0@group-5BD3E7F27A57-SegmentedRaftLog:OPENED:c3,f4,i4, conf=3: [s0:0.0.0.0:41468, s1:0.0.0.0:41619, s2:0.0.0.0:44382], old=null
2019-09-26 09:49:16,351 INFO  impl.LeaderElection (LeaderElection.java:logAndReturn(56)) - s1@group-5BD3E7F27A57-LeaderElection68: Election TIMEOUT; received 1 response(s) [s1<-s0#0:FAIL-t106] and 0 exception(s); s1@group-5BD3E7F27A57:t106, leader=null, voted=s1, raftlog=s1@group-5BD3E7F27A57-SegmentedRaftLog:OPENED:c2,f3,i3, conf=2: [s0:0.0.0.0:41468, s1:0.0.0.0:41619, s2:0.0.0.0:44382], old=null
2019-09-26 09:49:16,364 INFO  impl.LeaderElection (LeaderElection.java:askForVotes(178)) - s1@group-5BD3E7F27A57-LeaderElection68: begin an election at term 107 for 2: [s0:0.0.0.0:41468, s1:0.0.0.0:41619, s2:0.0.0.0:44382], old=null
2019-09-26 09:49:16,365 DEBUG impl.RaftServerImpl (RaftServerImpl.java:requestVote(743)) - s0@group-5BD3E7F27A57: receive requestVote(s1, group-5BD3E7F27A57, 107, (t:3, i:3))
2019-09-26 09:49:16,365 INFO  impl.RaftServerImpl (RaftServerImpl.java:setRole(170)) - s0@group-5BD3E7F27A57: changes role from  FOLLOWER to FOLLOWER at term 107 for recognizeCandidate:s1
2019-09-26 09:49:16,365 INFO  impl.RoleInfo (RoleInfo.java:shutdownFollowerState(121)) - s0: shutdown FollowerState
2019-09-26 09:49:16,365 INFO  impl.RoleInfo (RoleInfo.java:updateAndGet(143)) - s0: start FollowerState
2019-09-26 09:49:16,365 INFO  impl.FollowerState (FollowerState.java:run(117)) - s0@group-5BD3E7F27A57-FollowerState was interrupted: java.lang.InterruptedException: sleep interrupted
2019-09-26 09:49:16,379 DEBUG impl.RaftServerImpl (RaftServerImpl.java:requestVote(775)) - s0@group-5BD3E7F27A57 replies to vote request: s1<-s0#0:FAIL-t107. Peer's state: s0@group-5BD3E7F27A57:t107, leader=null, voted=null, raftlog=s0@group-5BD3E7F27A57-SegmentedRaftLog:OPENED:c3,f4,i4, conf=3: [s0:0.0.0.0:41468, s1:0.0.0.0:41619, s2:0.0.0.0:44382], old=null
2019-09-26 09:49:16,533 INFO  impl.LeaderElection (LeaderElection.java:logAndReturn(56)) - s2@group-5BD3E7F27A57-LeaderElection63: Election TIMEOUT; received 1 response(s) [s2<-s0#0:FAIL-t106] and 0 exception(s); s2@group-5BD3E7F27A57:t106, leader=null, voted=s2, raftlog=s2@group-5BD3E7F27A57-SegmentedRaftLog:OPENED:c1,f3,i3, conf=3: [s0:0.0.0.0:41468, s1:0.0.0.0:41619, s2:0.0.0.0:44382], old=null
2019-09-26 09:49:16,546 WARN  ratis.RaftTestUtil (JavaUtils.java:attempt(158)) - FAILED "waitForLeader-null-(expectLeader? true)", attempt #52/100: java.lang.IllegalStateException: No leader yet : printing ALL groups
  s0:  RUNNING  FOLLOWER s0@group-5BD3E7F27A57:t107, leader=null, voted=null, raftlog=s0@group-5BD3E7F27A57-SegmentedRaftLog:OPENED:c3,f4,i4, conf=3: [s0:0.0.0.0:41468, s1:0.0.0.0:41619, s2:0.0.0.0:44382], old=null RUNNING
  s1:  RUNNING CANDIDATE s1@group-5BD3E7F27A57:t107, leader=null, voted=s1, raftlog=s1@group-5BD3E7F27A57-SegmentedRaftLog:OPENED:c2,f3,i3, conf=2: [s0:0.0.0.0:41468, s1:0.0.0.0:41619, s2:0.0.0.0:44382], old=null RUNNING
  s2:  RUNNING CANDIDATE s2@group-5BD3E7F27A57:t107, leader=null, voted=s2, raftlog=s2@group-5BD3E7F27A57-SegmentedRaftLog:OPENED:c1,f3,i3, conf=3: [s0:0.0.0.0:41468, s1:0.0.0.0:41619, s2:0.0.0.0:44382], old=null RUNNING, sleep 450ms and then retry.
java.lang.IllegalStateException: No leader yet : printing ALL groups
  s0:  RUNNING  FOLLOWER s0@group-5BD3E7F27A57:t107, leader=null, voted=null, raftlog=s0@group-5BD3E7F27A57-SegmentedRaftLog:OPENED:c3,f4,i4, conf=3: [s0:0.0.0.0:41468, s1:0.0.0.0:41619, s2:0.0.0.0:44382], old=null RUNNING
  s1:  RUNNING CANDIDATE s1@group-5BD3E7F27A57:t107, leader=null, voted=s1, raftlog=s1@group-5BD3E7F27A57-SegmentedRaftLog:OPENED:c2,f3,i3, conf=2: [s0:0.0.0.0:41468, s1:0.0.0.0:41619, s2:0.0.0.0:44382], old=null RUNNING
  s2:  RUNNING CANDIDATE s2@group-5BD3E7F27A57:t107, leader=null, voted=s2, raftlog=s2@group-5BD3E7F27A57-SegmentedRaftLog:OPENED:c1,f3,i3, conf=3: [s0:0.0.0.0:41468, s1:0.0.0.0:41619, s2:0.0.0.0:44382], old=null RUNNING
	at org.apache.ratis.MiniRaftCluster.newIllegalStateExceptionForNoLeaders(MiniRaftCluster.java:506)
	at org.apache.ratis.RaftTestUtil.lambda$waitForLeader$1(RaftTestUtil.java:90)
	at org.apache.ratis.MiniRaftCluster.getLeader(MiniRaftCluster.java:539)
	at org.apache.ratis.MiniRaftCluster.getLeader(MiniRaftCluster.java:532)
	at org.apache.ratis.RaftTestUtil.lambda$waitForLeader$3(RaftTestUtil.java:98)
	at org.apache.ratis.util.JavaUtils.attempt(JavaUtils.java:152)
	at org.apache.ratis.RaftTestUtil.waitForLeader(RaftTestUtil.java:97)
	at org.apache.ratis.RaftTestUtil.waitForLeader(RaftTestUtil.java:77)
	at org.apache.ratis.RaftTestUtil.waitForLeader(RaftTestUtil.java:72)
	at org.apache.ratis.RaftTestUtil.lambda$changeLeader$7(RaftTestUtil.java:363)
	at org.apache.ratis.util.JavaUtils.attempt(JavaUtils.java:152)
	at org.apache.ratis.RaftTestUtil.changeLeader(RaftTestUtil.java:362)
	at org.apache.ratis.server.impl.LeaderElectionTests.testChangeLeader(LeaderElectionTests.java:81)
	at sun.reflect.NativeMethodAccessorImpl.invoke0(Native Method)
	at sun.reflect.NativeMethodAccessorImpl.invoke(NativeMethodAccessorImpl.java:62)
	at sun.reflect.DelegatingMethodAccessorImpl.invoke(DelegatingMethodAccessorImpl.java:43)
	at java.lang.reflect.Method.invoke(Method.java:498)
	at org.junit.runners.model.FrameworkMethod$1.runReflectiveCall(FrameworkMethod.java:50)
	at org.junit.internal.runners.model.ReflectiveCallable.run(ReflectiveCallable.java:12)
	at org.junit.runners.model.FrameworkMethod.invokeExplosively(FrameworkMethod.java:47)
	at org.junit.internal.runners.statements.InvokeMethod.evaluate(InvokeMethod.java:17)
	at org.junit.internal.runners.statements.RunAfters.evaluate(RunAfters.java:27)
	at org.junit.internal.runners.statements.FailOnTimeout$CallableStatement.call(FailOnTimeout.java:298)
	at org.junit.internal.runners.statements.FailOnTimeout$CallableStatement.call(FailOnTimeout.java:292)
	at java.util.concurrent.FutureTask.run(FutureTask.java:266)
	at java.lang.Thread.run(Thread.java:748)
2019-09-26 09:49:16,554 INFO  impl.LeaderElection (LeaderElection.java:askForVotes(178)) - s2@group-5BD3E7F27A57-LeaderElection63: begin an election at term 107 for 3: [s0:0.0.0.0:41468, s1:0.0.0.0:41619, s2:0.0.0.0:44382], old=null
2019-09-26 09:49:16,555 DEBUG impl.RaftServerImpl (RaftServerImpl.java:requestVote(743)) - s0@group-5BD3E7F27A57: receive requestVote(s2, group-5BD3E7F27A57, 107, (t:4, i:3))
2019-09-26 09:49:16,555 INFO  impl.RaftServerImpl (RaftServerImpl.java:setRole(170)) - s0@group-5BD3E7F27A57: changes role from  FOLLOWER to FOLLOWER at term 107 for recognizeCandidate:s2
2019-09-26 09:49:16,555 INFO  impl.RoleInfo (RoleInfo.java:shutdownFollowerState(121)) - s0: shutdown FollowerState
2019-09-26 09:49:16,555 INFO  impl.RoleInfo (RoleInfo.java:updateAndGet(143)) - s0: start FollowerState
2019-09-26 09:49:16,555 INFO  impl.FollowerState (FollowerState.java:run(117)) - s0@group-5BD3E7F27A57-FollowerState was interrupted: java.lang.InterruptedException: sleep interrupted
2019-09-26 09:49:16,555 DEBUG impl.RaftServerImpl (RaftServerImpl.java:requestVote(775)) - s0@group-5BD3E7F27A57 replies to vote request: s2<-s0#0:FAIL-t107. Peer's state: s0@group-5BD3E7F27A57:t107, leader=null, voted=null, raftlog=s0@group-5BD3E7F27A57-SegmentedRaftLog:OPENED:c3,f4,i4, conf=3: [s0:0.0.0.0:41468, s1:0.0.0.0:41619, s2:0.0.0.0:44382], old=null
2019-09-26 09:49:16,633 INFO  impl.LeaderElection (LeaderElection.java:logAndReturn(56)) - s1@group-5BD3E7F27A57-LeaderElection68: Election TIMEOUT; received 1 response(s) [s1<-s0#0:FAIL-t107] and 0 exception(s); s1@group-5BD3E7F27A57:t107, leader=null, voted=s1, raftlog=s1@group-5BD3E7F27A57-SegmentedRaftLog:OPENED:c2,f3,i3, conf=2: [s0:0.0.0.0:41468, s1:0.0.0.0:41619, s2:0.0.0.0:44382], old=null
2019-09-26 09:49:16,646 INFO  impl.LeaderElection (LeaderElection.java:askForVotes(178)) - s1@group-5BD3E7F27A57-LeaderElection68: begin an election at term 108 for 2: [s0:0.0.0.0:41468, s1:0.0.0.0:41619, s2:0.0.0.0:44382], old=null
2019-09-26 09:49:16,646 DEBUG impl.RaftServerImpl (RaftServerImpl.java:requestVote(743)) - s0@group-5BD3E7F27A57: receive requestVote(s1, group-5BD3E7F27A57, 108, (t:3, i:3))
2019-09-26 09:49:16,646 INFO  impl.RaftServerImpl (RaftServerImpl.java:setRole(170)) - s0@group-5BD3E7F27A57: changes role from  FOLLOWER to FOLLOWER at term 108 for recognizeCandidate:s1
2019-09-26 09:49:16,647 INFO  impl.RoleInfo (RoleInfo.java:shutdownFollowerState(121)) - s0: shutdown FollowerState
2019-09-26 09:49:16,647 INFO  impl.RoleInfo (RoleInfo.java:updateAndGet(143)) - s0: start FollowerState
2019-09-26 09:49:16,647 INFO  impl.FollowerState (FollowerState.java:run(117)) - s0@group-5BD3E7F27A57-FollowerState was interrupted: java.lang.InterruptedException: sleep interrupted
2019-09-26 09:49:16,660 DEBUG impl.RaftServerImpl (RaftServerImpl.java:requestVote(775)) - s0@group-5BD3E7F27A57 replies to vote request: s1<-s0#0:FAIL-t108. Peer's state: s0@group-5BD3E7F27A57:t108, leader=null, voted=null, raftlog=s0@group-5BD3E7F27A57-SegmentedRaftLog:OPENED:c3,f4,i4, conf=3: [s0:0.0.0.0:41468, s1:0.0.0.0:41619, s2:0.0.0.0:44382], old=null
2019-09-26 09:49:16,769 INFO  impl.LeaderElection (LeaderElection.java:logAndReturn(56)) - s2@group-5BD3E7F27A57-LeaderElection63: Election TIMEOUT; received 1 response(s) [s2<-s0#0:FAIL-t107] and 0 exception(s); s2@group-5BD3E7F27A57:t107, leader=null, voted=s2, raftlog=s2@group-5BD3E7F27A57-SegmentedRaftLog:OPENED:c1,f3,i3, conf=3: [s0:0.0.0.0:41468, s1:0.0.0.0:41619, s2:0.0.0.0:44382], old=null
2019-09-26 09:49:16,790 INFO  impl.LeaderElection (LeaderElection.java:askForVotes(178)) - s2@group-5BD3E7F27A57-LeaderElection63: begin an election at term 108 for 3: [s0:0.0.0.0:41468, s1:0.0.0.0:41619, s2:0.0.0.0:44382], old=null
2019-09-26 09:49:16,791 DEBUG impl.RaftServerImpl (RaftServerImpl.java:requestVote(743)) - s0@group-5BD3E7F27A57: receive requestVote(s2, group-5BD3E7F27A57, 108, (t:4, i:3))
2019-09-26 09:49:16,791 INFO  impl.RaftServerImpl (RaftServerImpl.java:setRole(170)) - s0@group-5BD3E7F27A57: changes role from  FOLLOWER to FOLLOWER at term 108 for recognizeCandidate:s2
2019-09-26 09:49:16,791 INFO  impl.RoleInfo (RoleInfo.java:shutdownFollowerState(121)) - s0: shutdown FollowerState
2019-09-26 09:49:16,791 INFO  impl.RoleInfo (RoleInfo.java:updateAndGet(143)) - s0: start FollowerState
2019-09-26 09:49:16,791 INFO  impl.FollowerState (FollowerState.java:run(117)) - s0@group-5BD3E7F27A57-FollowerState was interrupted: java.lang.InterruptedException: sleep interrupted
2019-09-26 09:49:16,791 DEBUG impl.RaftServerImpl (RaftServerImpl.java:requestVote(775)) - s0@group-5BD3E7F27A57 replies to vote request: s2<-s0#0:FAIL-t108. Peer's state: s0@group-5BD3E7F27A57:t108, leader=null, voted=null, raftlog=s0@group-5BD3E7F27A57-SegmentedRaftLog:OPENED:c3,f4,i4, conf=3: [s0:0.0.0.0:41468, s1:0.0.0.0:41619, s2:0.0.0.0:44382], old=null
2019-09-26 09:49:16,874 INFO  impl.LeaderElection (LeaderElection.java:logAndReturn(56)) - s1@group-5BD3E7F27A57-LeaderElection68: Election TIMEOUT; received 1 response(s) [s1<-s0#0:FAIL-t108] and 0 exception(s); s1@group-5BD3E7F27A57:t108, leader=null, voted=s1, raftlog=s1@group-5BD3E7F27A57-SegmentedRaftLog:OPENED:c2,f3,i3, conf=2: [s0:0.0.0.0:41468, s1:0.0.0.0:41619, s2:0.0.0.0:44382], old=null
2019-09-26 09:49:16,886 INFO  impl.LeaderElection (LeaderElection.java:askForVotes(178)) - s1@group-5BD3E7F27A57-LeaderElection68: begin an election at term 109 for 2: [s0:0.0.0.0:41468, s1:0.0.0.0:41619, s2:0.0.0.0:44382], old=null
2019-09-26 09:49:16,886 DEBUG impl.RaftServerImpl (RaftServerImpl.java:requestVote(743)) - s0@group-5BD3E7F27A57: receive requestVote(s1, group-5BD3E7F27A57, 109, (t:3, i:3))
2019-09-26 09:49:16,886 INFO  impl.RaftServerImpl (RaftServerImpl.java:setRole(170)) - s0@group-5BD3E7F27A57: changes role from  FOLLOWER to FOLLOWER at term 109 for recognizeCandidate:s1
2019-09-26 09:49:16,887 INFO  impl.RoleInfo (RoleInfo.java:shutdownFollowerState(121)) - s0: shutdown FollowerState
2019-09-26 09:49:16,887 INFO  impl.RoleInfo (RoleInfo.java:updateAndGet(143)) - s0: start FollowerState
2019-09-26 09:49:16,887 INFO  impl.FollowerState (FollowerState.java:run(117)) - s0@group-5BD3E7F27A57-FollowerState was interrupted: java.lang.InterruptedException: sleep interrupted
2019-09-26 09:49:16,890 DEBUG impl.RaftServerImpl (RaftServerImpl.java:requestVote(775)) - s0@group-5BD3E7F27A57 replies to vote request: s1<-s0#0:FAIL-t109. Peer's state: s0@group-5BD3E7F27A57:t109, leader=null, voted=null, raftlog=s0@group-5BD3E7F27A57-SegmentedRaftLog:OPENED:c3,f4,i4, conf=3: [s0:0.0.0.0:41468, s1:0.0.0.0:41619, s2:0.0.0.0:44382], old=null
2019-09-26 09:49:16,997 WARN  ratis.RaftTestUtil (JavaUtils.java:attempt(158)) - FAILED "waitForLeader-null-(expectLeader? true)", attempt #53/100: java.lang.IllegalStateException: No leader yet : printing ALL groups
  s0:  RUNNING  FOLLOWER s0@group-5BD3E7F27A57:t109, leader=null, voted=null, raftlog=s0@group-5BD3E7F27A57-SegmentedRaftLog:OPENED:c3,f4,i4, conf=3: [s0:0.0.0.0:41468, s1:0.0.0.0:41619, s2:0.0.0.0:44382], old=null RUNNING
  s1:  RUNNING CANDIDATE s1@group-5BD3E7F27A57:t109, leader=null, voted=s1, raftlog=s1@group-5BD3E7F27A57-SegmentedRaftLog:OPENED:c2,f3,i3, conf=2: [s0:0.0.0.0:41468, s1:0.0.0.0:41619, s2:0.0.0.0:44382], old=null RUNNING
  s2:  RUNNING CANDIDATE s2@group-5BD3E7F27A57:t108, leader=null, voted=s2, raftlog=s2@group-5BD3E7F27A57-SegmentedRaftLog:OPENED:c1,f3,i3, conf=3: [s0:0.0.0.0:41468, s1:0.0.0.0:41619, s2:0.0.0.0:44382], old=null RUNNING, sleep 450ms and then retry.
java.lang.IllegalStateException: No leader yet : printing ALL groups
  s0:  RUNNING  FOLLOWER s0@group-5BD3E7F27A57:t109, leader=null, voted=null, raftlog=s0@group-5BD3E7F27A57-SegmentedRaftLog:OPENED:c3,f4,i4, conf=3: [s0:0.0.0.0:41468, s1:0.0.0.0:41619, s2:0.0.0.0:44382], old=null RUNNING
  s1:  RUNNING CANDIDATE s1@group-5BD3E7F27A57:t109, leader=null, voted=s1, raftlog=s1@group-5BD3E7F27A57-SegmentedRaftLog:OPENED:c2,f3,i3, conf=2: [s0:0.0.0.0:41468, s1:0.0.0.0:41619, s2:0.0.0.0:44382], old=null RUNNING
  s2:  RUNNING CANDIDATE s2@group-5BD3E7F27A57:t108, leader=null, voted=s2, raftlog=s2@group-5BD3E7F27A57-SegmentedRaftLog:OPENED:c1,f3,i3, conf=3: [s0:0.0.0.0:41468, s1:0.0.0.0:41619, s2:0.0.0.0:44382], old=null RUNNING
	at org.apache.ratis.MiniRaftCluster.newIllegalStateExceptionForNoLeaders(MiniRaftCluster.java:506)
	at org.apache.ratis.RaftTestUtil.lambda$waitForLeader$1(RaftTestUtil.java:90)
	at org.apache.ratis.MiniRaftCluster.getLeader(MiniRaftCluster.java:539)
	at org.apache.ratis.MiniRaftCluster.getLeader(MiniRaftCluster.java:532)
	at org.apache.ratis.RaftTestUtil.lambda$waitForLeader$3(RaftTestUtil.java:98)
	at org.apache.ratis.util.JavaUtils.attempt(JavaUtils.java:152)
	at org.apache.ratis.RaftTestUtil.waitForLeader(RaftTestUtil.java:97)
	at org.apache.ratis.RaftTestUtil.waitForLeader(RaftTestUtil.java:77)
	at org.apache.ratis.RaftTestUtil.waitForLeader(RaftTestUtil.java:72)
	at org.apache.ratis.RaftTestUtil.lambda$changeLeader$7(RaftTestUtil.java:363)
	at org.apache.ratis.util.JavaUtils.attempt(JavaUtils.java:152)
	at org.apache.ratis.RaftTestUtil.changeLeader(RaftTestUtil.java:362)
	at org.apache.ratis.server.impl.LeaderElectionTests.testChangeLeader(LeaderElectionTests.java:81)
	at sun.reflect.NativeMethodAccessorImpl.invoke0(Native Method)
	at sun.reflect.NativeMethodAccessorImpl.invoke(NativeMethodAccessorImpl.java:62)
	at sun.reflect.DelegatingMethodAccessorImpl.invoke(DelegatingMethodAccessorImpl.java:43)
	at java.lang.reflect.Method.invoke(Method.java:498)
	at org.junit.runners.model.FrameworkMethod$1.runReflectiveCall(FrameworkMethod.java:50)
	at org.junit.internal.runners.model.ReflectiveCallable.run(ReflectiveCallable.java:12)
	at org.junit.runners.model.FrameworkMethod.invokeExplosively(FrameworkMethod.java:47)
	at org.junit.internal.runners.statements.InvokeMethod.evaluate(InvokeMethod.java:17)
	at org.junit.internal.runners.statements.RunAfters.evaluate(RunAfters.java:27)
	at org.junit.internal.runners.statements.FailOnTimeout$CallableStatement.call(FailOnTimeout.java:298)
	at org.junit.internal.runners.statements.FailOnTimeout$CallableStatement.call(FailOnTimeout.java:292)
	at java.util.concurrent.FutureTask.run(FutureTask.java:266)
	at java.lang.Thread.run(Thread.java:748)
2019-09-26 09:49:17,089 INFO  impl.LeaderElection (LeaderElection.java:logAndReturn(56)) - s2@group-5BD3E7F27A57-LeaderElection63: Election TIMEOUT; received 1 response(s) [s2<-s0#0:FAIL-t108] and 0 exception(s); s2@group-5BD3E7F27A57:t108, leader=null, voted=s2, raftlog=s2@group-5BD3E7F27A57-SegmentedRaftLog:OPENED:c1,f3,i3, conf=3: [s0:0.0.0.0:41468, s1:0.0.0.0:41619, s2:0.0.0.0:44382], old=null
2019-09-26 09:49:17,101 INFO  impl.FollowerState (FollowerState.java:run(108)) - s0@group-5BD3E7F27A57-FollowerState: change to CANDIDATE, lastRpcTime:214ms, electionTimeout:214ms
2019-09-26 09:49:17,101 INFO  impl.RoleInfo (RoleInfo.java:shutdownFollowerState(121)) - s0: shutdown FollowerState
2019-09-26 09:49:17,101 INFO  impl.RaftServerImpl (RaftServerImpl.java:setRole(170)) - s0@group-5BD3E7F27A57: changes role from  FOLLOWER to CANDIDATE at term 109 for changeToCandidate
2019-09-26 09:49:17,102 INFO  impl.RoleInfo (RoleInfo.java:updateAndGet(143)) - s0: start LeaderElection
2019-09-26 09:49:17,102 INFO  impl.LeaderElection (LeaderElection.java:askForVotes(178)) - s2@group-5BD3E7F27A57-LeaderElection63: begin an election at term 109 for 3: [s0:0.0.0.0:41468, s1:0.0.0.0:41619, s2:0.0.0.0:44382], old=null
2019-09-26 09:49:17,102 DEBUG impl.RaftServerImpl (RaftServerImpl.java:requestVote(743)) - s0@group-5BD3E7F27A57: receive requestVote(s2, group-5BD3E7F27A57, 109, (t:4, i:3))
2019-09-26 09:49:17,115 INFO  impl.LeaderElection (LeaderElection.java:askForVotes(178)) - s0@group-5BD3E7F27A57-LeaderElection69: begin an election at term 110 for 3: [s0:0.0.0.0:41468, s1:0.0.0.0:41619, s2:0.0.0.0:44382], old=null
2019-09-26 09:49:17,115 DEBUG impl.RaftServerImpl (RaftServerImpl.java:requestVote(775)) - s0@group-5BD3E7F27A57 replies to vote request: s2<-s0#0:FAIL-t110. Peer's state: s0@group-5BD3E7F27A57:t110, leader=null, voted=s0, raftlog=s0@group-5BD3E7F27A57-SegmentedRaftLog:OPENED:c3,f4,i4, conf=3: [s0:0.0.0.0:41468, s1:0.0.0.0:41619, s2:0.0.0.0:44382], old=null
2019-09-26 09:49:17,115 INFO  impl.LeaderElection (LeaderElection.java:logAndReturn(56)) - s2@group-5BD3E7F27A57-LeaderElection63: Election DISCOVERED_A_NEW_TERM; received 1 response(s) [s2<-s0#0:FAIL-t110] and 0 exception(s); s2@group-5BD3E7F27A57:t109, leader=null, voted=s2, raftlog=s2@group-5BD3E7F27A57-SegmentedRaftLog:OPENED:c1,f3,i3, conf=3: [s0:0.0.0.0:41468, s1:0.0.0.0:41619, s2:0.0.0.0:44382], old=null
2019-09-26 09:49:17,115 INFO  impl.RaftServerImpl (RaftServerImpl.java:setRole(170)) - s2@group-5BD3E7F27A57: changes role from CANDIDATE to FOLLOWER at term 110 for DISCOVERED_A_NEW_TERM
2019-09-26 09:49:17,115 INFO  impl.RoleInfo (RoleInfo.java:shutdownLeaderElection(134)) - s2: shutdown LeaderElection
2019-09-26 09:49:17,116 INFO  impl.RoleInfo (RoleInfo.java:updateAndGet(143)) - s2: start FollowerState
2019-09-26 09:49:17,128 INFO  impl.LeaderElection (LeaderElection.java:logAndReturn(56)) - s1@group-5BD3E7F27A57-LeaderElection68: Election TIMEOUT; received 1 response(s) [s1<-s0#0:FAIL-t109] and 0 exception(s); s1@group-5BD3E7F27A57:t109, leader=null, voted=s1, raftlog=s1@group-5BD3E7F27A57-SegmentedRaftLog:OPENED:c2,f3,i3, conf=2: [s0:0.0.0.0:41468, s1:0.0.0.0:41619, s2:0.0.0.0:44382], old=null
2019-09-26 09:49:17,144 INFO  impl.LeaderElection (LeaderElection.java:askForVotes(178)) - s1@group-5BD3E7F27A57-LeaderElection68: begin an election at term 110 for 2: [s0:0.0.0.0:41468, s1:0.0.0.0:41619, s2:0.0.0.0:44382], old=null
2019-09-26 09:49:17,145 DEBUG impl.RaftServerImpl (RaftServerImpl.java:requestVote(743)) - s0@group-5BD3E7F27A57: receive requestVote(s1, group-5BD3E7F27A57, 110, (t:3, i:3))
2019-09-26 09:49:17,145 DEBUG impl.RaftServerImpl (RaftServerImpl.java:requestVote(775)) - s0@group-5BD3E7F27A57 replies to vote request: s1<-s0#0:FAIL-t110. Peer's state: s0@group-5BD3E7F27A57:t110, leader=null, voted=s0, raftlog=s0@group-5BD3E7F27A57-SegmentedRaftLog:OPENED:c3,f4,i4, conf=3: [s0:0.0.0.0:41468, s1:0.0.0.0:41619, s2:0.0.0.0:44382], old=null
2019-09-26 09:49:17,338 INFO  impl.LeaderElection (LeaderElection.java:logAndReturn(56)) - s0@group-5BD3E7F27A57-LeaderElection69: Election TIMEOUT; received 0 response(s) [] and 0 exception(s); s0@group-5BD3E7F27A57:t110, leader=null, voted=s0, raftlog=s0@group-5BD3E7F27A57-SegmentedRaftLog:OPENED:c3,f4,i4, conf=3: [s0:0.0.0.0:41468, s1:0.0.0.0:41619, s2:0.0.0.0:44382], old=null
2019-09-26 09:49:17,339 INFO  impl.LeaderElection (LeaderElection.java:logAndReturn(56)) - s1@group-5BD3E7F27A57-LeaderElection68: Election TIMEOUT; received 1 response(s) [s1<-s0#0:FAIL-t110] and 0 exception(s); s1@group-5BD3E7F27A57:t110, leader=null, voted=s1, raftlog=s1@group-5BD3E7F27A57-SegmentedRaftLog:OPENED:c2,f3,i3, conf=2: [s0:0.0.0.0:41468, s1:0.0.0.0:41619, s2:0.0.0.0:44382], old=null
2019-09-26 09:49:17,352 INFO  impl.LeaderElection (LeaderElection.java:askForVotes(178)) - s1@group-5BD3E7F27A57-LeaderElection68: begin an election at term 111 for 2: [s0:0.0.0.0:41468, s1:0.0.0.0:41619, s2:0.0.0.0:44382], old=null
2019-09-26 09:49:17,352 INFO  impl.LeaderElection (LeaderElection.java:askForVotes(178)) - s0@group-5BD3E7F27A57-LeaderElection69: begin an election at term 111 for 3: [s0:0.0.0.0:41468, s1:0.0.0.0:41619, s2:0.0.0.0:44382], old=null
2019-09-26 09:49:17,353 DEBUG impl.RaftServerImpl (RaftServerImpl.java:requestVote(743)) - s0@group-5BD3E7F27A57: receive requestVote(s1, group-5BD3E7F27A57, 111, (t:3, i:3))
2019-09-26 09:49:17,353 DEBUG impl.RaftServerImpl (RaftServerImpl.java:requestVote(775)) - s0@group-5BD3E7F27A57 replies to vote request: s1<-s0#0:FAIL-t111. Peer's state: s0@group-5BD3E7F27A57:t111, leader=null, voted=s0, raftlog=s0@group-5BD3E7F27A57-SegmentedRaftLog:OPENED:c3,f4,i4, conf=3: [s0:0.0.0.0:41468, s1:0.0.0.0:41619, s2:0.0.0.0:44382], old=null
2019-09-26 09:49:17,364 INFO  impl.FollowerState (FollowerState.java:run(108)) - s2@group-5BD3E7F27A57-FollowerState: change to CANDIDATE, lastRpcTime:248ms, electionTimeout:248ms
2019-09-26 09:49:17,364 INFO  impl.RoleInfo (RoleInfo.java:shutdownFollowerState(121)) - s2: shutdown FollowerState
2019-09-26 09:49:17,364 INFO  impl.RaftServerImpl (RaftServerImpl.java:setRole(170)) - s2@group-5BD3E7F27A57: changes role from  FOLLOWER to CANDIDATE at term 110 for changeToCandidate
2019-09-26 09:49:17,364 INFO  impl.RoleInfo (RoleInfo.java:updateAndGet(143)) - s2: start LeaderElection
2019-09-26 09:49:17,372 INFO  impl.LeaderElection (LeaderElection.java:askForVotes(178)) - s2@group-5BD3E7F27A57-LeaderElection70: begin an election at term 111 for 3: [s0:0.0.0.0:41468, s1:0.0.0.0:41619, s2:0.0.0.0:44382], old=null
2019-09-26 09:49:17,372 DEBUG impl.RaftServerImpl (RaftServerImpl.java:requestVote(743)) - s0@group-5BD3E7F27A57: receive requestVote(s2, group-5BD3E7F27A57, 111, (t:4, i:3))
2019-09-26 09:49:17,372 DEBUG impl.RaftServerImpl (RaftServerImpl.java:requestVote(775)) - s0@group-5BD3E7F27A57 replies to vote request: s2<-s0#0:FAIL-t111. Peer's state: s0@group-5BD3E7F27A57:t111, leader=null, voted=s0, raftlog=s0@group-5BD3E7F27A57-SegmentedRaftLog:OPENED:c3,f4,i4, conf=3: [s0:0.0.0.0:41468, s1:0.0.0.0:41619, s2:0.0.0.0:44382], old=null
2019-09-26 09:49:17,448 WARN  ratis.RaftTestUtil (JavaUtils.java:attempt(158)) - FAILED "waitForLeader-null-(expectLeader? true)", attempt #54/100: java.lang.IllegalStateException: No leader yet : printing ALL groups
  s0:  RUNNING CANDIDATE s0@group-5BD3E7F27A57:t111, leader=null, voted=s0, raftlog=s0@group-5BD3E7F27A57-SegmentedRaftLog:OPENED:c3,f4,i4, conf=3: [s0:0.0.0.0:41468, s1:0.0.0.0:41619, s2:0.0.0.0:44382], old=null RUNNING
  s1:  RUNNING CANDIDATE s1@group-5BD3E7F27A57:t111, leader=null, voted=s1, raftlog=s1@group-5BD3E7F27A57-SegmentedRaftLog:OPENED:c2,f3,i3, conf=2: [s0:0.0.0.0:41468, s1:0.0.0.0:41619, s2:0.0.0.0:44382], old=null RUNNING
  s2:  RUNNING CANDIDATE s2@group-5BD3E7F27A57:t111, leader=null, voted=s2, raftlog=s2@group-5BD3E7F27A57-SegmentedRaftLog:OPENED:c1,f3,i3, conf=3: [s0:0.0.0.0:41468, s1:0.0.0.0:41619, s2:0.0.0.0:44382], old=null RUNNING, sleep 450ms and then retry.
java.lang.IllegalStateException: No leader yet : printing ALL groups
  s0:  RUNNING CANDIDATE s0@group-5BD3E7F27A57:t111, leader=null, voted=s0, raftlog=s0@group-5BD3E7F27A57-SegmentedRaftLog:OPENED:c3,f4,i4, conf=3: [s0:0.0.0.0:41468, s1:0.0.0.0:41619, s2:0.0.0.0:44382], old=null RUNNING
  s1:  RUNNING CANDIDATE s1@group-5BD3E7F27A57:t111, leader=null, voted=s1, raftlog=s1@group-5BD3E7F27A57-SegmentedRaftLog:OPENED:c2,f3,i3, conf=2: [s0:0.0.0.0:41468, s1:0.0.0.0:41619, s2:0.0.0.0:44382], old=null RUNNING
  s2:  RUNNING CANDIDATE s2@group-5BD3E7F27A57:t111, leader=null, voted=s2, raftlog=s2@group-5BD3E7F27A57-SegmentedRaftLog:OPENED:c1,f3,i3, conf=3: [s0:0.0.0.0:41468, s1:0.0.0.0:41619, s2:0.0.0.0:44382], old=null RUNNING
	at org.apache.ratis.MiniRaftCluster.newIllegalStateExceptionForNoLeaders(MiniRaftCluster.java:506)
	at org.apache.ratis.RaftTestUtil.lambda$waitForLeader$1(RaftTestUtil.java:90)
	at org.apache.ratis.MiniRaftCluster.getLeader(MiniRaftCluster.java:539)
	at org.apache.ratis.MiniRaftCluster.getLeader(MiniRaftCluster.java:532)
	at org.apache.ratis.RaftTestUtil.lambda$waitForLeader$3(RaftTestUtil.java:98)
	at org.apache.ratis.util.JavaUtils.attempt(JavaUtils.java:152)
	at org.apache.ratis.RaftTestUtil.waitForLeader(RaftTestUtil.java:97)
	at org.apache.ratis.RaftTestUtil.waitForLeader(RaftTestUtil.java:77)
	at org.apache.ratis.RaftTestUtil.waitForLeader(RaftTestUtil.java:72)
	at org.apache.ratis.RaftTestUtil.lambda$changeLeader$7(RaftTestUtil.java:363)
	at org.apache.ratis.util.JavaUtils.attempt(JavaUtils.java:152)
	at org.apache.ratis.RaftTestUtil.changeLeader(RaftTestUtil.java:362)
	at org.apache.ratis.server.impl.LeaderElectionTests.testChangeLeader(LeaderElectionTests.java:81)
	at sun.reflect.NativeMethodAccessorImpl.invoke0(Native Method)
	at sun.reflect.NativeMethodAccessorImpl.invoke(NativeMethodAccessorImpl.java:62)
	at sun.reflect.DelegatingMethodAccessorImpl.invoke(DelegatingMethodAccessorImpl.java:43)
	at java.lang.reflect.Method.invoke(Method.java:498)
	at org.junit.runners.model.FrameworkMethod$1.runReflectiveCall(FrameworkMethod.java:50)
	at org.junit.internal.runners.model.ReflectiveCallable.run(ReflectiveCallable.java:12)
	at org.junit.runners.model.FrameworkMethod.invokeExplosively(FrameworkMethod.java:47)
	at org.junit.internal.runners.statements.InvokeMethod.evaluate(InvokeMethod.java:17)
	at org.junit.internal.runners.statements.RunAfters.evaluate(RunAfters.java:27)
	at org.junit.internal.runners.statements.FailOnTimeout$CallableStatement.call(FailOnTimeout.java:298)
	at org.junit.internal.runners.statements.FailOnTimeout$CallableStatement.call(FailOnTimeout.java:292)
	at java.util.concurrent.FutureTask.run(FutureTask.java:266)
	at java.lang.Thread.run(Thread.java:748)
2019-09-26 09:49:17,541 INFO  impl.LeaderElection (LeaderElection.java:logAndReturn(56)) - s1@group-5BD3E7F27A57-LeaderElection68: Election TIMEOUT; received 1 response(s) [s1<-s0#0:FAIL-t111] and 0 exception(s); s1@group-5BD3E7F27A57:t111, leader=null, voted=s1, raftlog=s1@group-5BD3E7F27A57-SegmentedRaftLog:OPENED:c2,f3,i3, conf=2: [s0:0.0.0.0:41468, s1:0.0.0.0:41619, s2:0.0.0.0:44382], old=null
2019-09-26 09:49:17,554 INFO  impl.LeaderElection (LeaderElection.java:askForVotes(178)) - s1@group-5BD3E7F27A57-LeaderElection68: begin an election at term 112 for 2: [s0:0.0.0.0:41468, s1:0.0.0.0:41619, s2:0.0.0.0:44382], old=null
2019-09-26 09:49:17,555 DEBUG impl.RaftServerImpl (RaftServerImpl.java:requestVote(743)) - s0@group-5BD3E7F27A57: receive requestVote(s1, group-5BD3E7F27A57, 112, (t:3, i:3))
2019-09-26 09:49:17,555 INFO  impl.RaftServerImpl (RaftServerImpl.java:setRole(170)) - s0@group-5BD3E7F27A57: changes role from CANDIDATE to FOLLOWER at term 112 for recognizeCandidate:s1
2019-09-26 09:49:17,555 INFO  impl.RoleInfo (RoleInfo.java:shutdownLeaderElection(134)) - s0: shutdown LeaderElection
2019-09-26 09:49:17,555 INFO  impl.RoleInfo (RoleInfo.java:updateAndGet(143)) - s0: start FollowerState
2019-09-26 09:49:17,558 INFO  impl.LeaderElection (LeaderElection.java:logAndReturn(56)) - s0@group-5BD3E7F27A57-LeaderElection69: Election REJECTED; received 0 response(s) [] and 0 exception(s); s0@group-5BD3E7F27A57:t112, leader=null, voted=null, raftlog=s0@group-5BD3E7F27A57-SegmentedRaftLog:OPENED:c3,f4,i4, conf=3: [s0:0.0.0.0:41468, s1:0.0.0.0:41619, s2:0.0.0.0:44382], old=null
2019-09-26 09:49:17,568 DEBUG impl.RaftServerImpl (RaftServerImpl.java:requestVote(775)) - s0@group-5BD3E7F27A57 replies to vote request: s1<-s0#0:FAIL-t112. Peer's state: s0@group-5BD3E7F27A57:t112, leader=null, voted=null, raftlog=s0@group-5BD3E7F27A57-SegmentedRaftLog:OPENED:c3,f4,i4, conf=3: [s0:0.0.0.0:41468, s1:0.0.0.0:41619, s2:0.0.0.0:44382], old=null
2019-09-26 09:49:17,664 INFO  impl.LeaderElection (LeaderElection.java:logAndReturn(56)) - s2@group-5BD3E7F27A57-LeaderElection70: Election TIMEOUT; received 1 response(s) [s2<-s0#0:FAIL-t111] and 0 exception(s); s2@group-5BD3E7F27A57:t111, leader=null, voted=s2, raftlog=s2@group-5BD3E7F27A57-SegmentedRaftLog:OPENED:c1,f3,i3, conf=3: [s0:0.0.0.0:41468, s1:0.0.0.0:41619, s2:0.0.0.0:44382], old=null
2019-09-26 09:49:17,677 INFO  impl.LeaderElection (LeaderElection.java:askForVotes(178)) - s2@group-5BD3E7F27A57-LeaderElection70: begin an election at term 112 for 3: [s0:0.0.0.0:41468, s1:0.0.0.0:41619, s2:0.0.0.0:44382], old=null
2019-09-26 09:49:17,678 DEBUG impl.RaftServerImpl (RaftServerImpl.java:requestVote(743)) - s0@group-5BD3E7F27A57: receive requestVote(s2, group-5BD3E7F27A57, 112, (t:4, i:3))
2019-09-26 09:49:17,678 INFO  impl.RaftServerImpl (RaftServerImpl.java:setRole(170)) - s0@group-5BD3E7F27A57: changes role from  FOLLOWER to FOLLOWER at term 112 for recognizeCandidate:s2
2019-09-26 09:49:17,678 INFO  impl.RoleInfo (RoleInfo.java:shutdownFollowerState(121)) - s0: shutdown FollowerState
2019-09-26 09:49:17,678 INFO  impl.RoleInfo (RoleInfo.java:updateAndGet(143)) - s0: start FollowerState
2019-09-26 09:49:17,678 INFO  impl.FollowerState (FollowerState.java:run(117)) - s0@group-5BD3E7F27A57-FollowerState was interrupted: java.lang.InterruptedException: sleep interrupted
2019-09-26 09:49:17,678 DEBUG impl.RaftServerImpl (RaftServerImpl.java:requestVote(775)) - s0@group-5BD3E7F27A57 replies to vote request: s2<-s0#0:FAIL-t112. Peer's state: s0@group-5BD3E7F27A57:t112, leader=null, voted=null, raftlog=s0@group-5BD3E7F27A57-SegmentedRaftLog:OPENED:c3,f4,i4, conf=3: [s0:0.0.0.0:41468, s1:0.0.0.0:41619, s2:0.0.0.0:44382], old=null
2019-09-26 09:49:17,765 INFO  impl.LeaderElection (LeaderElection.java:logAndReturn(56)) - s1@group-5BD3E7F27A57-LeaderElection68: Election TIMEOUT; received 1 response(s) [s1<-s0#0:FAIL-t112] and 0 exception(s); s1@group-5BD3E7F27A57:t112, leader=null, voted=s1, raftlog=s1@group-5BD3E7F27A57-SegmentedRaftLog:OPENED:c2,f3,i3, conf=2: [s0:0.0.0.0:41468, s1:0.0.0.0:41619, s2:0.0.0.0:44382], old=null
2019-09-26 09:49:17,778 INFO  impl.LeaderElection (LeaderElection.java:askForVotes(178)) - s1@group-5BD3E7F27A57-LeaderElection68: begin an election at term 113 for 2: [s0:0.0.0.0:41468, s1:0.0.0.0:41619, s2:0.0.0.0:44382], old=null
2019-09-26 09:49:17,778 DEBUG impl.RaftServerImpl (RaftServerImpl.java:requestVote(743)) - s0@group-5BD3E7F27A57: receive requestVote(s1, group-5BD3E7F27A57, 113, (t:3, i:3))
2019-09-26 09:49:17,779 INFO  impl.RaftServerImpl (RaftServerImpl.java:setRole(170)) - s0@group-5BD3E7F27A57: changes role from  FOLLOWER to FOLLOWER at term 113 for recognizeCandidate:s1
2019-09-26 09:49:17,779 INFO  impl.RoleInfo (RoleInfo.java:shutdownFollowerState(121)) - s0: shutdown FollowerState
2019-09-26 09:49:17,779 INFO  impl.RoleInfo (RoleInfo.java:updateAndGet(143)) - s0: start FollowerState
2019-09-26 09:49:17,779 INFO  impl.FollowerState (FollowerState.java:run(117)) - s0@group-5BD3E7F27A57-FollowerState was interrupted: java.lang.InterruptedException: sleep interrupted
2019-09-26 09:49:17,792 DEBUG impl.RaftServerImpl (RaftServerImpl.java:requestVote(775)) - s0@group-5BD3E7F27A57 replies to vote request: s1<-s0#0:FAIL-t113. Peer's state: s0@group-5BD3E7F27A57:t113, leader=null, voted=null, raftlog=s0@group-5BD3E7F27A57-SegmentedRaftLog:OPENED:c3,f4,i4, conf=3: [s0:0.0.0.0:41468, s1:0.0.0.0:41619, s2:0.0.0.0:44382], old=null
2019-09-26 09:49:17,899 WARN  ratis.RaftTestUtil (JavaUtils.java:attempt(158)) - FAILED "waitForLeader-null-(expectLeader? true)", attempt #55/100: java.lang.IllegalStateException: No leader yet : printing ALL groups
  s0:  RUNNING  FOLLOWER s0@group-5BD3E7F27A57:t113, leader=null, voted=null, raftlog=s0@group-5BD3E7F27A57-SegmentedRaftLog:OPENED:c3,f4,i4, conf=3: [s0:0.0.0.0:41468, s1:0.0.0.0:41619, s2:0.0.0.0:44382], old=null RUNNING
  s1:  RUNNING CANDIDATE s1@group-5BD3E7F27A57:t113, leader=null, voted=s1, raftlog=s1@group-5BD3E7F27A57-SegmentedRaftLog:OPENED:c2,f3,i3, conf=2: [s0:0.0.0.0:41468, s1:0.0.0.0:41619, s2:0.0.0.0:44382], old=null RUNNING
  s2:  RUNNING CANDIDATE s2@group-5BD3E7F27A57:t112, leader=null, voted=s2, raftlog=s2@group-5BD3E7F27A57-SegmentedRaftLog:OPENED:c1,f3,i3, conf=3: [s0:0.0.0.0:41468, s1:0.0.0.0:41619, s2:0.0.0.0:44382], old=null RUNNING, sleep 450ms and then retry.
java.lang.IllegalStateException: No leader yet : printing ALL groups
  s0:  RUNNING  FOLLOWER s0@group-5BD3E7F27A57:t113, leader=null, voted=null, raftlog=s0@group-5BD3E7F27A57-SegmentedRaftLog:OPENED:c3,f4,i4, conf=3: [s0:0.0.0.0:41468, s1:0.0.0.0:41619, s2:0.0.0.0:44382], old=null RUNNING
  s1:  RUNNING CANDIDATE s1@group-5BD3E7F27A57:t113, leader=null, voted=s1, raftlog=s1@group-5BD3E7F27A57-SegmentedRaftLog:OPENED:c2,f3,i3, conf=2: [s0:0.0.0.0:41468, s1:0.0.0.0:41619, s2:0.0.0.0:44382], old=null RUNNING
  s2:  RUNNING CANDIDATE s2@group-5BD3E7F27A57:t112, leader=null, voted=s2, raftlog=s2@group-5BD3E7F27A57-SegmentedRaftLog:OPENED:c1,f3,i3, conf=3: [s0:0.0.0.0:41468, s1:0.0.0.0:41619, s2:0.0.0.0:44382], old=null RUNNING
	at org.apache.ratis.MiniRaftCluster.newIllegalStateExceptionForNoLeaders(MiniRaftCluster.java:506)
	at org.apache.ratis.RaftTestUtil.lambda$waitForLeader$1(RaftTestUtil.java:90)
	at org.apache.ratis.MiniRaftCluster.getLeader(MiniRaftCluster.java:539)
	at org.apache.ratis.MiniRaftCluster.getLeader(MiniRaftCluster.java:532)
	at org.apache.ratis.RaftTestUtil.lambda$waitForLeader$3(RaftTestUtil.java:98)
	at org.apache.ratis.util.JavaUtils.attempt(JavaUtils.java:152)
	at org.apache.ratis.RaftTestUtil.waitForLeader(RaftTestUtil.java:97)
	at org.apache.ratis.RaftTestUtil.waitForLeader(RaftTestUtil.java:77)
	at org.apache.ratis.RaftTestUtil.waitForLeader(RaftTestUtil.java:72)
	at org.apache.ratis.RaftTestUtil.lambda$changeLeader$7(RaftTestUtil.java:363)
	at org.apache.ratis.util.JavaUtils.attempt(JavaUtils.java:152)
	at org.apache.ratis.RaftTestUtil.changeLeader(RaftTestUtil.java:362)
	at org.apache.ratis.server.impl.LeaderElectionTests.testChangeLeader(LeaderElectionTests.java:81)
	at sun.reflect.NativeMethodAccessorImpl.invoke0(Native Method)
	at sun.reflect.NativeMethodAccessorImpl.invoke(NativeMethodAccessorImpl.java:62)
	at sun.reflect.DelegatingMethodAccessorImpl.invoke(DelegatingMethodAccessorImpl.java:43)
	at java.lang.reflect.Method.invoke(Method.java:498)
	at org.junit.runners.model.FrameworkMethod$1.runReflectiveCall(FrameworkMethod.java:50)
	at org.junit.internal.runners.model.ReflectiveCallable.run(ReflectiveCallable.java:12)
	at org.junit.runners.model.FrameworkMethod.invokeExplosively(FrameworkMethod.java:47)
	at org.junit.internal.runners.statements.InvokeMethod.evaluate(InvokeMethod.java:17)
	at org.junit.internal.runners.statements.RunAfters.evaluate(RunAfters.java:27)
	at org.junit.internal.runners.statements.FailOnTimeout$CallableStatement.call(FailOnTimeout.java:298)
	at org.junit.internal.runners.statements.FailOnTimeout$CallableStatement.call(FailOnTimeout.java:292)
	at java.util.concurrent.FutureTask.run(FutureTask.java:266)
	at java.lang.Thread.run(Thread.java:748)
2019-09-26 09:49:17,923 INFO  impl.LeaderElection (LeaderElection.java:logAndReturn(56)) - s2@group-5BD3E7F27A57-LeaderElection70: Election TIMEOUT; received 1 response(s) [s2<-s0#0:FAIL-t112] and 0 exception(s); s2@group-5BD3E7F27A57:t112, leader=null, voted=s2, raftlog=s2@group-5BD3E7F27A57-SegmentedRaftLog:OPENED:c1,f3,i3, conf=3: [s0:0.0.0.0:41468, s1:0.0.0.0:41619, s2:0.0.0.0:44382], old=null
2019-09-26 09:49:17,938 INFO  impl.FollowerState (FollowerState.java:run(108)) - s0@group-5BD3E7F27A57-FollowerState: change to CANDIDATE, lastRpcTime:158ms, electionTimeout:158ms
2019-09-26 09:49:17,938 INFO  impl.RoleInfo (RoleInfo.java:shutdownFollowerState(121)) - s0: shutdown FollowerState
2019-09-26 09:49:17,938 INFO  impl.RaftServerImpl (RaftServerImpl.java:setRole(170)) - s0@group-5BD3E7F27A57: changes role from  FOLLOWER to CANDIDATE at term 113 for changeToCandidate
2019-09-26 09:49:17,938 INFO  impl.RoleInfo (RoleInfo.java:updateAndGet(143)) - s0: start LeaderElection
2019-09-26 09:49:17,945 INFO  impl.LeaderElection (LeaderElection.java:logAndReturn(56)) - s1@group-5BD3E7F27A57-LeaderElection68: Election TIMEOUT; received 1 response(s) [s1<-s0#0:FAIL-t113] and 0 exception(s); s1@group-5BD3E7F27A57:t113, leader=null, voted=s1, raftlog=s1@group-5BD3E7F27A57-SegmentedRaftLog:OPENED:c2,f3,i3, conf=2: [s0:0.0.0.0:41468, s1:0.0.0.0:41619, s2:0.0.0.0:44382], old=null
2019-09-26 09:49:17,957 INFO  impl.LeaderElection (LeaderElection.java:askForVotes(178)) - s2@group-5BD3E7F27A57-LeaderElection70: begin an election at term 113 for 3: [s0:0.0.0.0:41468, s1:0.0.0.0:41619, s2:0.0.0.0:44382], old=null
2019-09-26 09:49:17,957 INFO  impl.LeaderElection (LeaderElection.java:askForVotes(178)) - s0@group-5BD3E7F27A57-LeaderElection71: begin an election at term 114 for 3: [s0:0.0.0.0:41468, s1:0.0.0.0:41619, s2:0.0.0.0:44382], old=null
2019-09-26 09:49:17,957 INFO  impl.LeaderElection (LeaderElection.java:askForVotes(178)) - s1@group-5BD3E7F27A57-LeaderElection68: begin an election at term 114 for 2: [s0:0.0.0.0:41468, s1:0.0.0.0:41619, s2:0.0.0.0:44382], old=null
2019-09-26 09:49:17,958 DEBUG impl.RaftServerImpl (RaftServerImpl.java:requestVote(743)) - s0@group-5BD3E7F27A57: receive requestVote(s2, group-5BD3E7F27A57, 113, (t:4, i:3))
2019-09-26 09:49:17,958 DEBUG impl.RaftServerImpl (RaftServerImpl.java:requestVote(775)) - s0@group-5BD3E7F27A57 replies to vote request: s2<-s0#0:FAIL-t114. Peer's state: s0@group-5BD3E7F27A57:t114, leader=null, voted=s0, raftlog=s0@group-5BD3E7F27A57-SegmentedRaftLog:OPENED:c3,f4,i4, conf=3: [s0:0.0.0.0:41468, s1:0.0.0.0:41619, s2:0.0.0.0:44382], old=null
2019-09-26 09:49:17,958 DEBUG impl.RaftServerImpl (RaftServerImpl.java:requestVote(743)) - s0@group-5BD3E7F27A57: receive requestVote(s1, group-5BD3E7F27A57, 114, (t:3, i:3))
2019-09-26 09:49:17,958 INFO  impl.LeaderElection (LeaderElection.java:logAndReturn(56)) - s2@group-5BD3E7F27A57-LeaderElection70: Election DISCOVERED_A_NEW_TERM; received 1 response(s) [s2<-s0#0:FAIL-t114] and 0 exception(s); s2@group-5BD3E7F27A57:t113, leader=null, voted=s2, raftlog=s2@group-5BD3E7F27A57-SegmentedRaftLog:OPENED:c1,f3,i3, conf=3: [s0:0.0.0.0:41468, s1:0.0.0.0:41619, s2:0.0.0.0:44382], old=null
2019-09-26 09:49:17,958 DEBUG impl.RaftServerImpl (RaftServerImpl.java:requestVote(775)) - s0@group-5BD3E7F27A57 replies to vote request: s1<-s0#0:FAIL-t114. Peer's state: s0@group-5BD3E7F27A57:t114, leader=null, voted=s0, raftlog=s0@group-5BD3E7F27A57-SegmentedRaftLog:OPENED:c3,f4,i4, conf=3: [s0:0.0.0.0:41468, s1:0.0.0.0:41619, s2:0.0.0.0:44382], old=null
2019-09-26 09:49:17,958 INFO  impl.RaftServerImpl (RaftServerImpl.java:setRole(170)) - s2@group-5BD3E7F27A57: changes role from CANDIDATE to FOLLOWER at term 114 for DISCOVERED_A_NEW_TERM
2019-09-26 09:49:17,959 INFO  impl.RoleInfo (RoleInfo.java:shutdownLeaderElection(134)) - s2: shutdown LeaderElection
2019-09-26 09:49:17,959 INFO  impl.RoleInfo (RoleInfo.java:updateAndGet(143)) - s2: start FollowerState
2019-09-26 09:49:18,177 INFO  impl.LeaderElection (LeaderElection.java:logAndReturn(56)) - s1@group-5BD3E7F27A57-LeaderElection68: Election TIMEOUT; received 1 response(s) [s1<-s0#0:FAIL-t114] and 0 exception(s); s1@group-5BD3E7F27A57:t114, leader=null, voted=s1, raftlog=s1@group-5BD3E7F27A57-SegmentedRaftLog:OPENED:c2,f3,i3, conf=2: [s0:0.0.0.0:41468, s1:0.0.0.0:41619, s2:0.0.0.0:44382], old=null
2019-09-26 09:49:18,178 INFO  impl.FollowerState (FollowerState.java:run(108)) - s2@group-5BD3E7F27A57-FollowerState: change to CANDIDATE, lastRpcTime:219ms, electionTimeout:219ms
2019-09-26 09:49:18,178 INFO  impl.RoleInfo (RoleInfo.java:shutdownFollowerState(121)) - s2: shutdown FollowerState
2019-09-26 09:49:18,178 INFO  impl.RaftServerImpl (RaftServerImpl.java:setRole(170)) - s2@group-5BD3E7F27A57: changes role from  FOLLOWER to CANDIDATE at term 114 for changeToCandidate
2019-09-26 09:49:18,179 INFO  impl.RoleInfo (RoleInfo.java:updateAndGet(143)) - s2: start LeaderElection
2019-09-26 09:49:18,191 INFO  impl.LeaderElection (LeaderElection.java:askForVotes(178)) - s2@group-5BD3E7F27A57-LeaderElection72: begin an election at term 115 for 3: [s0:0.0.0.0:41468, s1:0.0.0.0:41619, s2:0.0.0.0:44382], old=null
2019-09-26 09:49:18,191 INFO  impl.LeaderElection (LeaderElection.java:askForVotes(178)) - s1@group-5BD3E7F27A57-LeaderElection68: begin an election at term 115 for 2: [s0:0.0.0.0:41468, s1:0.0.0.0:41619, s2:0.0.0.0:44382], old=null
2019-09-26 09:49:18,192 DEBUG impl.RaftServerImpl (RaftServerImpl.java:requestVote(743)) - s0@group-5BD3E7F27A57: receive requestVote(s2, group-5BD3E7F27A57, 115, (t:4, i:3))
2019-09-26 09:49:18,192 INFO  impl.RaftServerImpl (RaftServerImpl.java:setRole(170)) - s0@group-5BD3E7F27A57: changes role from CANDIDATE to FOLLOWER at term 115 for recognizeCandidate:s2
2019-09-26 09:49:18,192 INFO  impl.RoleInfo (RoleInfo.java:shutdownLeaderElection(134)) - s0: shutdown LeaderElection
2019-09-26 09:49:18,192 DEBUG impl.RaftServerImpl (RaftServerImpl.java:requestVote(743)) - s0@group-5BD3E7F27A57: receive requestVote(s1, group-5BD3E7F27A57, 115, (t:3, i:3))
2019-09-26 09:49:18,192 INFO  impl.RoleInfo (RoleInfo.java:updateAndGet(143)) - s0: start FollowerState
2019-09-26 09:49:18,207 DEBUG impl.RaftServerImpl (RaftServerImpl.java:requestVote(775)) - s0@group-5BD3E7F27A57 replies to vote request: s2<-s0#0:FAIL-t115. Peer's state: s0@group-5BD3E7F27A57:t115, leader=null, voted=null, raftlog=s0@group-5BD3E7F27A57-SegmentedRaftLog:OPENED:c3,f4,i4, conf=3: [s0:0.0.0.0:41468, s1:0.0.0.0:41619, s2:0.0.0.0:44382], old=null
2019-09-26 09:49:18,208 INFO  impl.RaftServerImpl (RaftServerImpl.java:setRole(170)) - s0@group-5BD3E7F27A57: changes role from  FOLLOWER to FOLLOWER at term 115 for recognizeCandidate:s1
2019-09-26 09:49:18,208 INFO  impl.RoleInfo (RoleInfo.java:shutdownFollowerState(121)) - s0: shutdown FollowerState
2019-09-26 09:49:18,208 INFO  impl.RoleInfo (RoleInfo.java:updateAndGet(143)) - s0: start FollowerState
2019-09-26 09:49:18,208 INFO  impl.FollowerState (FollowerState.java:run(117)) - s0@group-5BD3E7F27A57-FollowerState was interrupted: java.lang.InterruptedException: sleep interrupted
2019-09-26 09:49:18,208 DEBUG impl.RaftServerImpl (RaftServerImpl.java:requestVote(775)) - s0@group-5BD3E7F27A57 replies to vote request: s1<-s0#0:FAIL-t115. Peer's state: s0@group-5BD3E7F27A57:t115, leader=null, voted=null, raftlog=s0@group-5BD3E7F27A57-SegmentedRaftLog:OPENED:c3,f4,i4, conf=3: [s0:0.0.0.0:41468, s1:0.0.0.0:41619, s2:0.0.0.0:44382], old=null
2019-09-26 09:49:18,221 INFO  impl.LeaderElection (LeaderElection.java:logAndReturn(56)) - s0@group-5BD3E7F27A57-LeaderElection71: Election REJECTED; received 0 response(s) [] and 0 exception(s); s0@group-5BD3E7F27A57:t115, leader=null, voted=null, raftlog=s0@group-5BD3E7F27A57-SegmentedRaftLog:OPENED:c3,f4,i4, conf=3: [s0:0.0.0.0:41468, s1:0.0.0.0:41619, s2:0.0.0.0:44382], old=null
2019-09-26 09:49:18,350 WARN  ratis.RaftTestUtil (JavaUtils.java:attempt(158)) - FAILED "waitForLeader-null-(expectLeader? true)", attempt #56/100: java.lang.IllegalStateException: No leader yet : printing ALL groups
  s0:  RUNNING  FOLLOWER s0@group-5BD3E7F27A57:t115, leader=null, voted=null, raftlog=s0@group-5BD3E7F27A57-SegmentedRaftLog:OPENED:c3,f4,i4, conf=3: [s0:0.0.0.0:41468, s1:0.0.0.0:41619, s2:0.0.0.0:44382], old=null RUNNING
  s1:  RUNNING CANDIDATE s1@group-5BD3E7F27A57:t115, leader=null, voted=s1, raftlog=s1@group-5BD3E7F27A57-SegmentedRaftLog:OPENED:c2,f3,i3, conf=2: [s0:0.0.0.0:41468, s1:0.0.0.0:41619, s2:0.0.0.0:44382], old=null RUNNING
  s2:  RUNNING CANDIDATE s2@group-5BD3E7F27A57:t115, leader=null, voted=s2, raftlog=s2@group-5BD3E7F27A57-SegmentedRaftLog:OPENED:c1,f3,i3, conf=3: [s0:0.0.0.0:41468, s1:0.0.0.0:41619, s2:0.0.0.0:44382], old=null RUNNING, sleep 450ms and then retry.
java.lang.IllegalStateException: No leader yet : printing ALL groups
  s0:  RUNNING  FOLLOWER s0@group-5BD3E7F27A57:t115, leader=null, voted=null, raftlog=s0@group-5BD3E7F27A57-SegmentedRaftLog:OPENED:c3,f4,i4, conf=3: [s0:0.0.0.0:41468, s1:0.0.0.0:41619, s2:0.0.0.0:44382], old=null RUNNING
  s1:  RUNNING CANDIDATE s1@group-5BD3E7F27A57:t115, leader=null, voted=s1, raftlog=s1@group-5BD3E7F27A57-SegmentedRaftLog:OPENED:c2,f3,i3, conf=2: [s0:0.0.0.0:41468, s1:0.0.0.0:41619, s2:0.0.0.0:44382], old=null RUNNING
  s2:  RUNNING CANDIDATE s2@group-5BD3E7F27A57:t115, leader=null, voted=s2, raftlog=s2@group-5BD3E7F27A57-SegmentedRaftLog:OPENED:c1,f3,i3, conf=3: [s0:0.0.0.0:41468, s1:0.0.0.0:41619, s2:0.0.0.0:44382], old=null RUNNING
	at org.apache.ratis.MiniRaftCluster.newIllegalStateExceptionForNoLeaders(MiniRaftCluster.java:506)
	at org.apache.ratis.RaftTestUtil.lambda$waitForLeader$1(RaftTestUtil.java:90)
	at org.apache.ratis.MiniRaftCluster.getLeader(MiniRaftCluster.java:539)
	at org.apache.ratis.MiniRaftCluster.getLeader(MiniRaftCluster.java:532)
	at org.apache.ratis.RaftTestUtil.lambda$waitForLeader$3(RaftTestUtil.java:98)
	at org.apache.ratis.util.JavaUtils.attempt(JavaUtils.java:152)
	at org.apache.ratis.RaftTestUtil.waitForLeader(RaftTestUtil.java:97)
	at org.apache.ratis.RaftTestUtil.waitForLeader(RaftTestUtil.java:77)
	at org.apache.ratis.RaftTestUtil.waitForLeader(RaftTestUtil.java:72)
	at org.apache.ratis.RaftTestUtil.lambda$changeLeader$7(RaftTestUtil.java:363)
	at org.apache.ratis.util.JavaUtils.attempt(JavaUtils.java:152)
	at org.apache.ratis.RaftTestUtil.changeLeader(RaftTestUtil.java:362)
	at org.apache.ratis.server.impl.LeaderElectionTests.testChangeLeader(LeaderElectionTests.java:81)
	at sun.reflect.NativeMethodAccessorImpl.invoke0(Native Method)
	at sun.reflect.NativeMethodAccessorImpl.invoke(NativeMethodAccessorImpl.java:62)
	at sun.reflect.DelegatingMethodAccessorImpl.invoke(DelegatingMethodAccessorImpl.java:43)
	at java.lang.reflect.Method.invoke(Method.java:498)
	at org.junit.runners.model.FrameworkMethod$1.runReflectiveCall(FrameworkMethod.java:50)
	at org.junit.internal.runners.model.ReflectiveCallable.run(ReflectiveCallable.java:12)
	at org.junit.runners.model.FrameworkMethod.invokeExplosively(FrameworkMethod.java:47)
	at org.junit.internal.runners.statements.InvokeMethod.evaluate(InvokeMethod.java:17)
	at org.junit.internal.runners.statements.RunAfters.evaluate(RunAfters.java:27)
	at org.junit.internal.runners.statements.FailOnTimeout$CallableStatement.call(FailOnTimeout.java:298)
	at org.junit.internal.runners.statements.FailOnTimeout$CallableStatement.call(FailOnTimeout.java:292)
	at java.util.concurrent.FutureTask.run(FutureTask.java:266)
	at java.lang.Thread.run(Thread.java:748)
2019-09-26 09:49:18,393 INFO  impl.LeaderElection (LeaderElection.java:logAndReturn(56)) - s1@group-5BD3E7F27A57-LeaderElection68: Election TIMEOUT; received 1 response(s) [s1<-s0#0:FAIL-t115] and 0 exception(s); s1@group-5BD3E7F27A57:t115, leader=null, voted=s1, raftlog=s1@group-5BD3E7F27A57-SegmentedRaftLog:OPENED:c2,f3,i3, conf=2: [s0:0.0.0.0:41468, s1:0.0.0.0:41619, s2:0.0.0.0:44382], old=null
2019-09-26 09:49:18,406 INFO  impl.LeaderElection (LeaderElection.java:askForVotes(178)) - s1@group-5BD3E7F27A57-LeaderElection68: begin an election at term 116 for 2: [s0:0.0.0.0:41468, s1:0.0.0.0:41619, s2:0.0.0.0:44382], old=null
2019-09-26 09:49:18,407 DEBUG impl.RaftServerImpl (RaftServerImpl.java:requestVote(743)) - s0@group-5BD3E7F27A57: receive requestVote(s1, group-5BD3E7F27A57, 116, (t:3, i:3))
2019-09-26 09:49:18,407 INFO  impl.RaftServerImpl (RaftServerImpl.java:setRole(170)) - s0@group-5BD3E7F27A57: changes role from  FOLLOWER to FOLLOWER at term 116 for recognizeCandidate:s1
2019-09-26 09:49:18,407 INFO  impl.RoleInfo (RoleInfo.java:shutdownFollowerState(121)) - s0: shutdown FollowerState
2019-09-26 09:49:18,407 INFO  impl.RoleInfo (RoleInfo.java:updateAndGet(143)) - s0: start FollowerState
2019-09-26 09:49:18,407 INFO  impl.FollowerState (FollowerState.java:run(117)) - s0@group-5BD3E7F27A57-FollowerState was interrupted: java.lang.InterruptedException: sleep interrupted
2019-09-26 09:49:18,420 DEBUG impl.RaftServerImpl (RaftServerImpl.java:requestVote(775)) - s0@group-5BD3E7F27A57 replies to vote request: s1<-s0#0:FAIL-t116. Peer's state: s0@group-5BD3E7F27A57:t116, leader=null, voted=null, raftlog=s0@group-5BD3E7F27A57-SegmentedRaftLog:OPENED:c3,f4,i4, conf=3: [s0:0.0.0.0:41468, s1:0.0.0.0:41619, s2:0.0.0.0:44382], old=null
2019-09-26 09:49:18,460 INFO  impl.LeaderElection (LeaderElection.java:logAndReturn(56)) - s2@group-5BD3E7F27A57-LeaderElection72: Election TIMEOUT; received 1 response(s) [s2<-s0#0:FAIL-t115] and 0 exception(s); s2@group-5BD3E7F27A57:t115, leader=null, voted=s2, raftlog=s2@group-5BD3E7F27A57-SegmentedRaftLog:OPENED:c1,f3,i3, conf=3: [s0:0.0.0.0:41468, s1:0.0.0.0:41619, s2:0.0.0.0:44382], old=null
2019-09-26 09:49:18,482 INFO  impl.LeaderElection (LeaderElection.java:askForVotes(178)) - s2@group-5BD3E7F27A57-LeaderElection72: begin an election at term 116 for 3: [s0:0.0.0.0:41468, s1:0.0.0.0:41619, s2:0.0.0.0:44382], old=null
2019-09-26 09:49:18,483 DEBUG impl.RaftServerImpl (RaftServerImpl.java:requestVote(743)) - s0@group-5BD3E7F27A57: receive requestVote(s2, group-5BD3E7F27A57, 116, (t:4, i:3))
2019-09-26 09:49:18,483 INFO  impl.RaftServerImpl (RaftServerImpl.java:setRole(170)) - s0@group-5BD3E7F27A57: changes role from  FOLLOWER to FOLLOWER at term 116 for recognizeCandidate:s2
2019-09-26 09:49:18,483 INFO  impl.RoleInfo (RoleInfo.java:shutdownFollowerState(121)) - s0: shutdown FollowerState
2019-09-26 09:49:18,483 INFO  impl.RoleInfo (RoleInfo.java:updateAndGet(143)) - s0: start FollowerState
2019-09-26 09:49:18,483 INFO  impl.FollowerState (FollowerState.java:run(117)) - s0@group-5BD3E7F27A57-FollowerState was interrupted: java.lang.InterruptedException: sleep interrupted
2019-09-26 09:49:18,483 DEBUG impl.RaftServerImpl (RaftServerImpl.java:requestVote(775)) - s0@group-5BD3E7F27A57 replies to vote request: s2<-s0#0:FAIL-t116. Peer's state: s0@group-5BD3E7F27A57:t116, leader=null, voted=null, raftlog=s0@group-5BD3E7F27A57-SegmentedRaftLog:OPENED:c3,f4,i4, conf=3: [s0:0.0.0.0:41468, s1:0.0.0.0:41619, s2:0.0.0.0:44382], old=null
2019-09-26 09:49:18,660 INFO  impl.LeaderElection (LeaderElection.java:logAndReturn(56)) - s1@group-5BD3E7F27A57-LeaderElection68: Election TIMEOUT; received 1 response(s) [s1<-s0#0:FAIL-t116] and 0 exception(s); s1@group-5BD3E7F27A57:t116, leader=null, voted=s1, raftlog=s1@group-5BD3E7F27A57-SegmentedRaftLog:OPENED:c2,f3,i3, conf=2: [s0:0.0.0.0:41468, s1:0.0.0.0:41619, s2:0.0.0.0:44382], old=null
2019-09-26 09:49:18,673 INFO  impl.LeaderElection (LeaderElection.java:askForVotes(178)) - s1@group-5BD3E7F27A57-LeaderElection68: begin an election at term 117 for 2: [s0:0.0.0.0:41468, s1:0.0.0.0:41619, s2:0.0.0.0:44382], old=null
2019-09-26 09:49:18,673 DEBUG impl.RaftServerImpl (RaftServerImpl.java:requestVote(743)) - s0@group-5BD3E7F27A57: receive requestVote(s1, group-5BD3E7F27A57, 117, (t:3, i:3))
2019-09-26 09:49:18,674 INFO  impl.RaftServerImpl (RaftServerImpl.java:setRole(170)) - s0@group-5BD3E7F27A57: changes role from  FOLLOWER to FOLLOWER at term 117 for recognizeCandidate:s1
2019-09-26 09:49:18,674 INFO  impl.RoleInfo (RoleInfo.java:shutdownFollowerState(121)) - s0: shutdown FollowerState
2019-09-26 09:49:18,674 INFO  impl.RoleInfo (RoleInfo.java:updateAndGet(143)) - s0: start FollowerState
2019-09-26 09:49:18,674 INFO  impl.FollowerState (FollowerState.java:run(117)) - s0@group-5BD3E7F27A57-FollowerState was interrupted: java.lang.InterruptedException: sleep interrupted
2019-09-26 09:49:18,687 DEBUG impl.RaftServerImpl (RaftServerImpl.java:requestVote(775)) - s0@group-5BD3E7F27A57 replies to vote request: s1<-s0#0:FAIL-t117. Peer's state: s0@group-5BD3E7F27A57:t117, leader=null, voted=null, raftlog=s0@group-5BD3E7F27A57-SegmentedRaftLog:OPENED:c3,f4,i4, conf=3: [s0:0.0.0.0:41468, s1:0.0.0.0:41619, s2:0.0.0.0:44382], old=null
2019-09-26 09:49:18,767 INFO  impl.LeaderElection (LeaderElection.java:logAndReturn(56)) - s2@group-5BD3E7F27A57-LeaderElection72: Election TIMEOUT; received 1 response(s) [s2<-s0#0:FAIL-t116] and 0 exception(s); s2@group-5BD3E7F27A57:t116, leader=null, voted=s2, raftlog=s2@group-5BD3E7F27A57-SegmentedRaftLog:OPENED:c1,f3,i3, conf=3: [s0:0.0.0.0:41468, s1:0.0.0.0:41619, s2:0.0.0.0:44382], old=null
2019-09-26 09:49:18,786 INFO  impl.LeaderElection (LeaderElection.java:askForVotes(178)) - s2@group-5BD3E7F27A57-LeaderElection72: begin an election at term 117 for 3: [s0:0.0.0.0:41468, s1:0.0.0.0:41619, s2:0.0.0.0:44382], old=null
2019-09-26 09:49:18,787 DEBUG impl.RaftServerImpl (RaftServerImpl.java:requestVote(743)) - s0@group-5BD3E7F27A57: receive requestVote(s2, group-5BD3E7F27A57, 117, (t:4, i:3))
2019-09-26 09:49:18,787 INFO  impl.RaftServerImpl (RaftServerImpl.java:setRole(170)) - s0@group-5BD3E7F27A57: changes role from  FOLLOWER to FOLLOWER at term 117 for recognizeCandidate:s2
2019-09-26 09:49:18,787 INFO  impl.RoleInfo (RoleInfo.java:shutdownFollowerState(121)) - s0: shutdown FollowerState
2019-09-26 09:49:18,787 INFO  impl.RoleInfo (RoleInfo.java:updateAndGet(143)) - s0: start FollowerState
2019-09-26 09:49:18,787 INFO  impl.FollowerState (FollowerState.java:run(117)) - s0@group-5BD3E7F27A57-FollowerState was interrupted: java.lang.InterruptedException: sleep interrupted
2019-09-26 09:49:18,787 DEBUG impl.RaftServerImpl (RaftServerImpl.java:requestVote(775)) - s0@group-5BD3E7F27A57 replies to vote request: s2<-s0#0:FAIL-t117. Peer's state: s0@group-5BD3E7F27A57:t117, leader=null, voted=null, raftlog=s0@group-5BD3E7F27A57-SegmentedRaftLog:OPENED:c3,f4,i4, conf=3: [s0:0.0.0.0:41468, s1:0.0.0.0:41619, s2:0.0.0.0:44382], old=null
2019-09-26 09:49:18,801 WARN  ratis.RaftTestUtil (JavaUtils.java:attempt(158)) - FAILED "waitForLeader-null-(expectLeader? true)", attempt #57/100: java.lang.IllegalStateException: No leader yet : printing ALL groups
  s0:  RUNNING  FOLLOWER s0@group-5BD3E7F27A57:t117, leader=null, voted=null, raftlog=s0@group-5BD3E7F27A57-SegmentedRaftLog:OPENED:c3,f4,i4, conf=3: [s0:0.0.0.0:41468, s1:0.0.0.0:41619, s2:0.0.0.0:44382], old=null RUNNING
  s1:  RUNNING CANDIDATE s1@group-5BD3E7F27A57:t117, leader=null, voted=s1, raftlog=s1@group-5BD3E7F27A57-SegmentedRaftLog:OPENED:c2,f3,i3, conf=2: [s0:0.0.0.0:41468, s1:0.0.0.0:41619, s2:0.0.0.0:44382], old=null RUNNING
  s2:  RUNNING CANDIDATE s2@group-5BD3E7F27A57:t117, leader=null, voted=s2, raftlog=s2@group-5BD3E7F27A57-SegmentedRaftLog:OPENED:c1,f3,i3, conf=3: [s0:0.0.0.0:41468, s1:0.0.0.0:41619, s2:0.0.0.0:44382], old=null RUNNING, sleep 450ms and then retry.
java.lang.IllegalStateException: No leader yet : printing ALL groups
  s0:  RUNNING  FOLLOWER s0@group-5BD3E7F27A57:t117, leader=null, voted=null, raftlog=s0@group-5BD3E7F27A57-SegmentedRaftLog:OPENED:c3,f4,i4, conf=3: [s0:0.0.0.0:41468, s1:0.0.0.0:41619, s2:0.0.0.0:44382], old=null RUNNING
  s1:  RUNNING CANDIDATE s1@group-5BD3E7F27A57:t117, leader=null, voted=s1, raftlog=s1@group-5BD3E7F27A57-SegmentedRaftLog:OPENED:c2,f3,i3, conf=2: [s0:0.0.0.0:41468, s1:0.0.0.0:41619, s2:0.0.0.0:44382], old=null RUNNING
  s2:  RUNNING CANDIDATE s2@group-5BD3E7F27A57:t117, leader=null, voted=s2, raftlog=s2@group-5BD3E7F27A57-SegmentedRaftLog:OPENED:c1,f3,i3, conf=3: [s0:0.0.0.0:41468, s1:0.0.0.0:41619, s2:0.0.0.0:44382], old=null RUNNING
	at org.apache.ratis.MiniRaftCluster.newIllegalStateExceptionForNoLeaders(MiniRaftCluster.java:506)
	at org.apache.ratis.RaftTestUtil.lambda$waitForLeader$1(RaftTestUtil.java:90)
	at org.apache.ratis.MiniRaftCluster.getLeader(MiniRaftCluster.java:539)
	at org.apache.ratis.MiniRaftCluster.getLeader(MiniRaftCluster.java:532)
	at org.apache.ratis.RaftTestUtil.lambda$waitForLeader$3(RaftTestUtil.java:98)
	at org.apache.ratis.util.JavaUtils.attempt(JavaUtils.java:152)
	at org.apache.ratis.RaftTestUtil.waitForLeader(RaftTestUtil.java:97)
	at org.apache.ratis.RaftTestUtil.waitForLeader(RaftTestUtil.java:77)
	at org.apache.ratis.RaftTestUtil.waitForLeader(RaftTestUtil.java:72)
	at org.apache.ratis.RaftTestUtil.lambda$changeLeader$7(RaftTestUtil.java:363)
	at org.apache.ratis.util.JavaUtils.attempt(JavaUtils.java:152)
	at org.apache.ratis.RaftTestUtil.changeLeader(RaftTestUtil.java:362)
	at org.apache.ratis.server.impl.LeaderElectionTests.testChangeLeader(LeaderElectionTests.java:81)
	at sun.reflect.NativeMethodAccessorImpl.invoke0(Native Method)
	at sun.reflect.NativeMethodAccessorImpl.invoke(NativeMethodAccessorImpl.java:62)
	at sun.reflect.DelegatingMethodAccessorImpl.invoke(DelegatingMethodAccessorImpl.java:43)
	at java.lang.reflect.Method.invoke(Method.java:498)
	at org.junit.runners.model.FrameworkMethod$1.runReflectiveCall(FrameworkMethod.java:50)
	at org.junit.internal.runners.model.ReflectiveCallable.run(ReflectiveCallable.java:12)
	at org.junit.runners.model.FrameworkMethod.invokeExplosively(FrameworkMethod.java:47)
	at org.junit.internal.runners.statements.InvokeMethod.evaluate(InvokeMethod.java:17)
	at org.junit.internal.runners.statements.RunAfters.evaluate(RunAfters.java:27)
	at org.junit.internal.runners.statements.FailOnTimeout$CallableStatement.call(FailOnTimeout.java:298)
	at org.junit.internal.runners.statements.FailOnTimeout$CallableStatement.call(FailOnTimeout.java:292)
	at java.util.concurrent.FutureTask.run(FutureTask.java:266)
	at java.lang.Thread.run(Thread.java:748)
2019-09-26 09:49:18,901 INFO  impl.LeaderElection (LeaderElection.java:logAndReturn(56)) - s1@group-5BD3E7F27A57-LeaderElection68: Election TIMEOUT; received 1 response(s) [s1<-s0#0:FAIL-t117] and 0 exception(s); s1@group-5BD3E7F27A57:t117, leader=null, voted=s1, raftlog=s1@group-5BD3E7F27A57-SegmentedRaftLog:OPENED:c2,f3,i3, conf=2: [s0:0.0.0.0:41468, s1:0.0.0.0:41619, s2:0.0.0.0:44382], old=null
2019-09-26 09:49:18,914 INFO  impl.LeaderElection (LeaderElection.java:askForVotes(178)) - s1@group-5BD3E7F27A57-LeaderElection68: begin an election at term 118 for 2: [s0:0.0.0.0:41468, s1:0.0.0.0:41619, s2:0.0.0.0:44382], old=null
2019-09-26 09:49:18,915 DEBUG impl.RaftServerImpl (RaftServerImpl.java:requestVote(743)) - s0@group-5BD3E7F27A57: receive requestVote(s1, group-5BD3E7F27A57, 118, (t:3, i:3))
2019-09-26 09:49:18,915 INFO  impl.RaftServerImpl (RaftServerImpl.java:setRole(170)) - s0@group-5BD3E7F27A57: changes role from  FOLLOWER to FOLLOWER at term 118 for recognizeCandidate:s1
2019-09-26 09:49:18,915 INFO  impl.RoleInfo (RoleInfo.java:shutdownFollowerState(121)) - s0: shutdown FollowerState
2019-09-26 09:49:18,915 INFO  impl.RoleInfo (RoleInfo.java:updateAndGet(143)) - s0: start FollowerState
2019-09-26 09:49:18,915 INFO  impl.FollowerState (FollowerState.java:run(117)) - s0@group-5BD3E7F27A57-FollowerState was interrupted: java.lang.InterruptedException: sleep interrupted
2019-09-26 09:49:18,929 DEBUG impl.RaftServerImpl (RaftServerImpl.java:requestVote(775)) - s0@group-5BD3E7F27A57 replies to vote request: s1<-s0#0:FAIL-t118. Peer's state: s0@group-5BD3E7F27A57:t118, leader=null, voted=null, raftlog=s0@group-5BD3E7F27A57-SegmentedRaftLog:OPENED:c3,f4,i4, conf=3: [s0:0.0.0.0:41468, s1:0.0.0.0:41619, s2:0.0.0.0:44382], old=null
2019-09-26 09:49:18,943 INFO  impl.LeaderElection (LeaderElection.java:logAndReturn(56)) - s2@group-5BD3E7F27A57-LeaderElection72: Election TIMEOUT; received 1 response(s) [s2<-s0#0:FAIL-t117] and 0 exception(s); s2@group-5BD3E7F27A57:t117, leader=null, voted=s2, raftlog=s2@group-5BD3E7F27A57-SegmentedRaftLog:OPENED:c1,f3,i3, conf=3: [s0:0.0.0.0:41468, s1:0.0.0.0:41619, s2:0.0.0.0:44382], old=null
2019-09-26 09:49:18,956 INFO  impl.LeaderElection (LeaderElection.java:askForVotes(178)) - s2@group-5BD3E7F27A57-LeaderElection72: begin an election at term 118 for 3: [s0:0.0.0.0:41468, s1:0.0.0.0:41619, s2:0.0.0.0:44382], old=null
2019-09-26 09:49:18,956 DEBUG impl.RaftServerImpl (RaftServerImpl.java:requestVote(743)) - s0@group-5BD3E7F27A57: receive requestVote(s2, group-5BD3E7F27A57, 118, (t:4, i:3))
2019-09-26 09:49:18,956 INFO  impl.RaftServerImpl (RaftServerImpl.java:setRole(170)) - s0@group-5BD3E7F27A57: changes role from  FOLLOWER to FOLLOWER at term 118 for recognizeCandidate:s2
2019-09-26 09:49:18,957 INFO  impl.RoleInfo (RoleInfo.java:shutdownFollowerState(121)) - s0: shutdown FollowerState
2019-09-26 09:49:18,957 INFO  impl.RoleInfo (RoleInfo.java:updateAndGet(143)) - s0: start FollowerState
2019-09-26 09:49:18,957 INFO  impl.FollowerState (FollowerState.java:run(117)) - s0@group-5BD3E7F27A57-FollowerState was interrupted: java.lang.InterruptedException: sleep interrupted
2019-09-26 09:49:18,957 DEBUG impl.RaftServerImpl (RaftServerImpl.java:requestVote(775)) - s0@group-5BD3E7F27A57 replies to vote request: s2<-s0#0:FAIL-t118. Peer's state: s0@group-5BD3E7F27A57:t118, leader=null, voted=null, raftlog=s0@group-5BD3E7F27A57-SegmentedRaftLog:OPENED:c3,f4,i4, conf=3: [s0:0.0.0.0:41468, s1:0.0.0.0:41619, s2:0.0.0.0:44382], old=null
2019-09-26 09:49:19,113 INFO  impl.LeaderElection (LeaderElection.java:logAndReturn(56)) - s1@group-5BD3E7F27A57-LeaderElection68: Election TIMEOUT; received 1 response(s) [s1<-s0#0:FAIL-t118] and 0 exception(s); s1@group-5BD3E7F27A57:t118, leader=null, voted=s1, raftlog=s1@group-5BD3E7F27A57-SegmentedRaftLog:OPENED:c2,f3,i3, conf=2: [s0:0.0.0.0:41468, s1:0.0.0.0:41619, s2:0.0.0.0:44382], old=null
2019-09-26 09:49:19,127 INFO  impl.LeaderElection (LeaderElection.java:askForVotes(178)) - s1@group-5BD3E7F27A57-LeaderElection68: begin an election at term 119 for 2: [s0:0.0.0.0:41468, s1:0.0.0.0:41619, s2:0.0.0.0:44382], old=null
2019-09-26 09:49:19,127 DEBUG impl.RaftServerImpl (RaftServerImpl.java:requestVote(743)) - s0@group-5BD3E7F27A57: receive requestVote(s1, group-5BD3E7F27A57, 119, (t:3, i:3))
2019-09-26 09:49:19,127 INFO  impl.RaftServerImpl (RaftServerImpl.java:setRole(170)) - s0@group-5BD3E7F27A57: changes role from  FOLLOWER to FOLLOWER at term 119 for recognizeCandidate:s1
2019-09-26 09:49:19,127 INFO  impl.RoleInfo (RoleInfo.java:shutdownFollowerState(121)) - s0: shutdown FollowerState
2019-09-26 09:49:19,128 INFO  impl.RoleInfo (RoleInfo.java:updateAndGet(143)) - s0: start FollowerState
2019-09-26 09:49:19,128 INFO  impl.FollowerState (FollowerState.java:run(117)) - s0@group-5BD3E7F27A57-FollowerState was interrupted: java.lang.InterruptedException: sleep interrupted
2019-09-26 09:49:19,141 DEBUG impl.RaftServerImpl (RaftServerImpl.java:requestVote(775)) - s0@group-5BD3E7F27A57 replies to vote request: s1<-s0#0:FAIL-t119. Peer's state: s0@group-5BD3E7F27A57:t119, leader=null, voted=null, raftlog=s0@group-5BD3E7F27A57-SegmentedRaftLog:OPENED:c3,f4,i4, conf=3: [s0:0.0.0.0:41468, s1:0.0.0.0:41619, s2:0.0.0.0:44382], old=null
2019-09-26 09:49:19,252 WARN  ratis.RaftTestUtil (JavaUtils.java:attempt(158)) - FAILED "waitForLeader-null-(expectLeader? true)", attempt #58/100: java.lang.IllegalStateException: No leader yet : printing ALL groups
  s0:  RUNNING  FOLLOWER s0@group-5BD3E7F27A57:t119, leader=null, voted=null, raftlog=s0@group-5BD3E7F27A57-SegmentedRaftLog:OPENED:c3,f4,i4, conf=3: [s0:0.0.0.0:41468, s1:0.0.0.0:41619, s2:0.0.0.0:44382], old=null RUNNING
  s1:  RUNNING CANDIDATE s1@group-5BD3E7F27A57:t119, leader=null, voted=s1, raftlog=s1@group-5BD3E7F27A57-SegmentedRaftLog:OPENED:c2,f3,i3, conf=2: [s0:0.0.0.0:41468, s1:0.0.0.0:41619, s2:0.0.0.0:44382], old=null RUNNING
  s2:  RUNNING CANDIDATE s2@group-5BD3E7F27A57:t118, leader=null, voted=s2, raftlog=s2@group-5BD3E7F27A57-SegmentedRaftLog:OPENED:c1,f3,i3, conf=3: [s0:0.0.0.0:41468, s1:0.0.0.0:41619, s2:0.0.0.0:44382], old=null RUNNING, sleep 450ms and then retry.
java.lang.IllegalStateException: No leader yet : printing ALL groups
  s0:  RUNNING  FOLLOWER s0@group-5BD3E7F27A57:t119, leader=null, voted=null, raftlog=s0@group-5BD3E7F27A57-SegmentedRaftLog:OPENED:c3,f4,i4, conf=3: [s0:0.0.0.0:41468, s1:0.0.0.0:41619, s2:0.0.0.0:44382], old=null RUNNING
  s1:  RUNNING CANDIDATE s1@group-5BD3E7F27A57:t119, leader=null, voted=s1, raftlog=s1@group-5BD3E7F27A57-SegmentedRaftLog:OPENED:c2,f3,i3, conf=2: [s0:0.0.0.0:41468, s1:0.0.0.0:41619, s2:0.0.0.0:44382], old=null RUNNING
  s2:  RUNNING CANDIDATE s2@group-5BD3E7F27A57:t118, leader=null, voted=s2, raftlog=s2@group-5BD3E7F27A57-SegmentedRaftLog:OPENED:c1,f3,i3, conf=3: [s0:0.0.0.0:41468, s1:0.0.0.0:41619, s2:0.0.0.0:44382], old=null RUNNING
	at org.apache.ratis.MiniRaftCluster.newIllegalStateExceptionForNoLeaders(MiniRaftCluster.java:506)
	at org.apache.ratis.RaftTestUtil.lambda$waitForLeader$1(RaftTestUtil.java:90)
	at org.apache.ratis.MiniRaftCluster.getLeader(MiniRaftCluster.java:539)
	at org.apache.ratis.MiniRaftCluster.getLeader(MiniRaftCluster.java:532)
	at org.apache.ratis.RaftTestUtil.lambda$waitForLeader$3(RaftTestUtil.java:98)
	at org.apache.ratis.util.JavaUtils.attempt(JavaUtils.java:152)
	at org.apache.ratis.RaftTestUtil.waitForLeader(RaftTestUtil.java:97)
	at org.apache.ratis.RaftTestUtil.waitForLeader(RaftTestUtil.java:77)
	at org.apache.ratis.RaftTestUtil.waitForLeader(RaftTestUtil.java:72)
	at org.apache.ratis.RaftTestUtil.lambda$changeLeader$7(RaftTestUtil.java:363)
	at org.apache.ratis.util.JavaUtils.attempt(JavaUtils.java:152)
	at org.apache.ratis.RaftTestUtil.changeLeader(RaftTestUtil.java:362)
	at org.apache.ratis.server.impl.LeaderElectionTests.testChangeLeader(LeaderElectionTests.java:81)
	at sun.reflect.NativeMethodAccessorImpl.invoke0(Native Method)
	at sun.reflect.NativeMethodAccessorImpl.invoke(NativeMethodAccessorImpl.java:62)
	at sun.reflect.DelegatingMethodAccessorImpl.invoke(DelegatingMethodAccessorImpl.java:43)
	at java.lang.reflect.Method.invoke(Method.java:498)
	at org.junit.runners.model.FrameworkMethod$1.runReflectiveCall(FrameworkMethod.java:50)
	at org.junit.internal.runners.model.ReflectiveCallable.run(ReflectiveCallable.java:12)
	at org.junit.runners.model.FrameworkMethod.invokeExplosively(FrameworkMethod.java:47)
	at org.junit.internal.runners.statements.InvokeMethod.evaluate(InvokeMethod.java:17)
	at org.junit.internal.runners.statements.RunAfters.evaluate(RunAfters.java:27)
	at org.junit.internal.runners.statements.FailOnTimeout$CallableStatement.call(FailOnTimeout.java:298)
	at org.junit.internal.runners.statements.FailOnTimeout$CallableStatement.call(FailOnTimeout.java:292)
	at java.util.concurrent.FutureTask.run(FutureTask.java:266)
	at java.lang.Thread.run(Thread.java:748)
2019-09-26 09:49:19,253 INFO  impl.LeaderElection (LeaderElection.java:logAndReturn(56)) - s2@group-5BD3E7F27A57-LeaderElection72: Election TIMEOUT; received 1 response(s) [s2<-s0#0:FAIL-t118] and 0 exception(s); s2@group-5BD3E7F27A57:t118, leader=null, voted=s2, raftlog=s2@group-5BD3E7F27A57-SegmentedRaftLog:OPENED:c1,f3,i3, conf=3: [s0:0.0.0.0:41468, s1:0.0.0.0:41619, s2:0.0.0.0:44382], old=null
2019-09-26 09:49:19,267 INFO  impl.LeaderElection (LeaderElection.java:askForVotes(178)) - s2@group-5BD3E7F27A57-LeaderElection72: begin an election at term 119 for 3: [s0:0.0.0.0:41468, s1:0.0.0.0:41619, s2:0.0.0.0:44382], old=null
2019-09-26 09:49:19,268 DEBUG impl.RaftServerImpl (RaftServerImpl.java:requestVote(743)) - s0@group-5BD3E7F27A57: receive requestVote(s2, group-5BD3E7F27A57, 119, (t:4, i:3))
2019-09-26 09:49:19,268 INFO  impl.RaftServerImpl (RaftServerImpl.java:setRole(170)) - s0@group-5BD3E7F27A57: changes role from  FOLLOWER to FOLLOWER at term 119 for recognizeCandidate:s2
2019-09-26 09:49:19,268 INFO  impl.RoleInfo (RoleInfo.java:shutdownFollowerState(121)) - s0: shutdown FollowerState
2019-09-26 09:49:19,268 INFO  impl.RoleInfo (RoleInfo.java:updateAndGet(143)) - s0: start FollowerState
2019-09-26 09:49:19,268 INFO  impl.FollowerState (FollowerState.java:run(117)) - s0@group-5BD3E7F27A57-FollowerState was interrupted: java.lang.InterruptedException: sleep interrupted
2019-09-26 09:49:19,268 DEBUG impl.RaftServerImpl (RaftServerImpl.java:requestVote(775)) - s0@group-5BD3E7F27A57 replies to vote request: s2<-s0#0:FAIL-t119. Peer's state: s0@group-5BD3E7F27A57:t119, leader=null, voted=null, raftlog=s0@group-5BD3E7F27A57-SegmentedRaftLog:OPENED:c3,f4,i4, conf=3: [s0:0.0.0.0:41468, s1:0.0.0.0:41619, s2:0.0.0.0:44382], old=null
2019-09-26 09:49:19,365 INFO  impl.LeaderElection (LeaderElection.java:logAndReturn(56)) - s1@group-5BD3E7F27A57-LeaderElection68: Election TIMEOUT; received 1 response(s) [s1<-s0#0:FAIL-t119] and 0 exception(s); s1@group-5BD3E7F27A57:t119, leader=null, voted=s1, raftlog=s1@group-5BD3E7F27A57-SegmentedRaftLog:OPENED:c2,f3,i3, conf=2: [s0:0.0.0.0:41468, s1:0.0.0.0:41619, s2:0.0.0.0:44382], old=null
2019-09-26 09:49:19,381 INFO  impl.LeaderElection (LeaderElection.java:askForVotes(178)) - s1@group-5BD3E7F27A57-LeaderElection68: begin an election at term 120 for 2: [s0:0.0.0.0:41468, s1:0.0.0.0:41619, s2:0.0.0.0:44382], old=null
2019-09-26 09:49:19,381 DEBUG impl.RaftServerImpl (RaftServerImpl.java:requestVote(743)) - s0@group-5BD3E7F27A57: receive requestVote(s1, group-5BD3E7F27A57, 120, (t:3, i:3))
2019-09-26 09:49:19,382 INFO  impl.RaftServerImpl (RaftServerImpl.java:setRole(170)) - s0@group-5BD3E7F27A57: changes role from  FOLLOWER to FOLLOWER at term 120 for recognizeCandidate:s1
2019-09-26 09:49:19,382 INFO  impl.RoleInfo (RoleInfo.java:shutdownFollowerState(121)) - s0: shutdown FollowerState
2019-09-26 09:49:19,382 INFO  impl.RoleInfo (RoleInfo.java:updateAndGet(143)) - s0: start FollowerState
2019-09-26 09:49:19,382 INFO  impl.FollowerState (FollowerState.java:run(117)) - s0@group-5BD3E7F27A57-FollowerState was interrupted: java.lang.InterruptedException: sleep interrupted
2019-09-26 09:49:19,396 DEBUG impl.RaftServerImpl (RaftServerImpl.java:requestVote(775)) - s0@group-5BD3E7F27A57 replies to vote request: s1<-s0#0:FAIL-t120. Peer's state: s0@group-5BD3E7F27A57:t120, leader=null, voted=null, raftlog=s0@group-5BD3E7F27A57-SegmentedRaftLog:OPENED:c3,f4,i4, conf=3: [s0:0.0.0.0:41468, s1:0.0.0.0:41619, s2:0.0.0.0:44382], old=null
2019-09-26 09:49:19,552 INFO  impl.FollowerState (FollowerState.java:run(108)) - s0@group-5BD3E7F27A57-FollowerState: change to CANDIDATE, lastRpcTime:169ms, electionTimeout:169ms
2019-09-26 09:49:19,552 INFO  impl.RoleInfo (RoleInfo.java:shutdownFollowerState(121)) - s0: shutdown FollowerState
2019-09-26 09:49:19,552 INFO  impl.RaftServerImpl (RaftServerImpl.java:setRole(170)) - s0@group-5BD3E7F27A57: changes role from  FOLLOWER to CANDIDATE at term 120 for changeToCandidate
2019-09-26 09:49:19,552 INFO  impl.RoleInfo (RoleInfo.java:updateAndGet(143)) - s0: start LeaderElection
2019-09-26 09:49:19,555 INFO  impl.LeaderElection (LeaderElection.java:logAndReturn(56)) - s2@group-5BD3E7F27A57-LeaderElection72: Election TIMEOUT; received 1 response(s) [s2<-s0#0:FAIL-t119] and 0 exception(s); s2@group-5BD3E7F27A57:t119, leader=null, voted=s2, raftlog=s2@group-5BD3E7F27A57-SegmentedRaftLog:OPENED:c1,f3,i3, conf=3: [s0:0.0.0.0:41468, s1:0.0.0.0:41619, s2:0.0.0.0:44382], old=null
2019-09-26 09:49:19,566 INFO  impl.LeaderElection (LeaderElection.java:askForVotes(178)) - s2@group-5BD3E7F27A57-LeaderElection72: begin an election at term 120 for 3: [s0:0.0.0.0:41468, s1:0.0.0.0:41619, s2:0.0.0.0:44382], old=null
2019-09-26 09:49:19,566 INFO  impl.LeaderElection (LeaderElection.java:askForVotes(178)) - s0@group-5BD3E7F27A57-LeaderElection73: begin an election at term 121 for 3: [s0:0.0.0.0:41468, s1:0.0.0.0:41619, s2:0.0.0.0:44382], old=null
2019-09-26 09:49:19,566 DEBUG impl.RaftServerImpl (RaftServerImpl.java:requestVote(743)) - s0@group-5BD3E7F27A57: receive requestVote(s2, group-5BD3E7F27A57, 120, (t:4, i:3))
2019-09-26 09:49:19,567 DEBUG impl.RaftServerImpl (RaftServerImpl.java:requestVote(775)) - s0@group-5BD3E7F27A57 replies to vote request: s2<-s0#0:FAIL-t121. Peer's state: s0@group-5BD3E7F27A57:t121, leader=null, voted=s0, raftlog=s0@group-5BD3E7F27A57-SegmentedRaftLog:OPENED:c3,f4,i4, conf=3: [s0:0.0.0.0:41468, s1:0.0.0.0:41619, s2:0.0.0.0:44382], old=null
2019-09-26 09:49:19,567 INFO  impl.LeaderElection (LeaderElection.java:logAndReturn(56)) - s2@group-5BD3E7F27A57-LeaderElection72: Election DISCOVERED_A_NEW_TERM; received 1 response(s) [s2<-s0#0:FAIL-t121] and 0 exception(s); s2@group-5BD3E7F27A57:t120, leader=null, voted=s2, raftlog=s2@group-5BD3E7F27A57-SegmentedRaftLog:OPENED:c1,f3,i3, conf=3: [s0:0.0.0.0:41468, s1:0.0.0.0:41619, s2:0.0.0.0:44382], old=null
2019-09-26 09:49:19,567 INFO  impl.RaftServerImpl (RaftServerImpl.java:setRole(170)) - s2@group-5BD3E7F27A57: changes role from CANDIDATE to FOLLOWER at term 121 for DISCOVERED_A_NEW_TERM
2019-09-26 09:49:19,567 INFO  impl.RoleInfo (RoleInfo.java:shutdownLeaderElection(134)) - s2: shutdown LeaderElection
2019-09-26 09:49:19,567 INFO  impl.RoleInfo (RoleInfo.java:updateAndGet(143)) - s2: start FollowerState
2019-09-26 09:49:19,658 INFO  impl.LeaderElection (LeaderElection.java:logAndReturn(56)) - s1@group-5BD3E7F27A57-LeaderElection68: Election TIMEOUT; received 1 response(s) [s1<-s0#0:FAIL-t120] and 0 exception(s); s1@group-5BD3E7F27A57:t120, leader=null, voted=s1, raftlog=s1@group-5BD3E7F27A57-SegmentedRaftLog:OPENED:c2,f3,i3, conf=2: [s0:0.0.0.0:41468, s1:0.0.0.0:41619, s2:0.0.0.0:44382], old=null
2019-09-26 09:49:19,681 INFO  impl.LeaderElection (LeaderElection.java:askForVotes(178)) - s1@group-5BD3E7F27A57-LeaderElection68: begin an election at term 121 for 2: [s0:0.0.0.0:41468, s1:0.0.0.0:41619, s2:0.0.0.0:44382], old=null
2019-09-26 09:49:19,681 DEBUG impl.RaftServerImpl (RaftServerImpl.java:requestVote(743)) - s0@group-5BD3E7F27A57: receive requestVote(s1, group-5BD3E7F27A57, 121, (t:3, i:3))
2019-09-26 09:49:19,682 DEBUG impl.RaftServerImpl (RaftServerImpl.java:requestVote(775)) - s0@group-5BD3E7F27A57 replies to vote request: s1<-s0#0:FAIL-t121. Peer's state: s0@group-5BD3E7F27A57:t121, leader=null, voted=s0, raftlog=s0@group-5BD3E7F27A57-SegmentedRaftLog:OPENED:c3,f4,i4, conf=3: [s0:0.0.0.0:41468, s1:0.0.0.0:41619, s2:0.0.0.0:44382], old=null
2019-09-26 09:49:19,703 WARN  ratis.RaftTestUtil (JavaUtils.java:attempt(158)) - FAILED "waitForLeader-null-(expectLeader? true)", attempt #59/100: java.lang.IllegalStateException: No leader yet : printing ALL groups
  s0:  RUNNING CANDIDATE s0@group-5BD3E7F27A57:t121, leader=null, voted=s0, raftlog=s0@group-5BD3E7F27A57-SegmentedRaftLog:OPENED:c3,f4,i4, conf=3: [s0:0.0.0.0:41468, s1:0.0.0.0:41619, s2:0.0.0.0:44382], old=null RUNNING
  s1:  RUNNING CANDIDATE s1@group-5BD3E7F27A57:t121, leader=null, voted=s1, raftlog=s1@group-5BD3E7F27A57-SegmentedRaftLog:OPENED:c2,f3,i3, conf=2: [s0:0.0.0.0:41468, s1:0.0.0.0:41619, s2:0.0.0.0:44382], old=null RUNNING
  s2:  RUNNING  FOLLOWER s2@group-5BD3E7F27A57:t121, leader=null, voted=null, raftlog=s2@group-5BD3E7F27A57-SegmentedRaftLog:OPENED:c1,f3,i3, conf=3: [s0:0.0.0.0:41468, s1:0.0.0.0:41619, s2:0.0.0.0:44382], old=null RUNNING, sleep 450ms and then retry.
java.lang.IllegalStateException: No leader yet : printing ALL groups
  s0:  RUNNING CANDIDATE s0@group-5BD3E7F27A57:t121, leader=null, voted=s0, raftlog=s0@group-5BD3E7F27A57-SegmentedRaftLog:OPENED:c3,f4,i4, conf=3: [s0:0.0.0.0:41468, s1:0.0.0.0:41619, s2:0.0.0.0:44382], old=null RUNNING
  s1:  RUNNING CANDIDATE s1@group-5BD3E7F27A57:t121, leader=null, voted=s1, raftlog=s1@group-5BD3E7F27A57-SegmentedRaftLog:OPENED:c2,f3,i3, conf=2: [s0:0.0.0.0:41468, s1:0.0.0.0:41619, s2:0.0.0.0:44382], old=null RUNNING
  s2:  RUNNING  FOLLOWER s2@group-5BD3E7F27A57:t121, leader=null, voted=null, raftlog=s2@group-5BD3E7F27A57-SegmentedRaftLog:OPENED:c1,f3,i3, conf=3: [s0:0.0.0.0:41468, s1:0.0.0.0:41619, s2:0.0.0.0:44382], old=null RUNNING
	at org.apache.ratis.MiniRaftCluster.newIllegalStateExceptionForNoLeaders(MiniRaftCluster.java:506)
	at org.apache.ratis.RaftTestUtil.lambda$waitForLeader$1(RaftTestUtil.java:90)
	at org.apache.ratis.MiniRaftCluster.getLeader(MiniRaftCluster.java:539)
	at org.apache.ratis.MiniRaftCluster.getLeader(MiniRaftCluster.java:532)
	at org.apache.ratis.RaftTestUtil.lambda$waitForLeader$3(RaftTestUtil.java:98)
	at org.apache.ratis.util.JavaUtils.attempt(JavaUtils.java:152)
	at org.apache.ratis.RaftTestUtil.waitForLeader(RaftTestUtil.java:97)
	at org.apache.ratis.RaftTestUtil.waitForLeader(RaftTestUtil.java:77)
	at org.apache.ratis.RaftTestUtil.waitForLeader(RaftTestUtil.java:72)
	at org.apache.ratis.RaftTestUtil.lambda$changeLeader$7(RaftTestUtil.java:363)
	at org.apache.ratis.util.JavaUtils.attempt(JavaUtils.java:152)
	at org.apache.ratis.RaftTestUtil.changeLeader(RaftTestUtil.java:362)
	at org.apache.ratis.server.impl.LeaderElectionTests.testChangeLeader(LeaderElectionTests.java:81)
	at sun.reflect.NativeMethodAccessorImpl.invoke0(Native Method)
	at sun.reflect.NativeMethodAccessorImpl.invoke(NativeMethodAccessorImpl.java:62)
	at sun.reflect.DelegatingMethodAccessorImpl.invoke(DelegatingMethodAccessorImpl.java:43)
	at java.lang.reflect.Method.invoke(Method.java:498)
	at org.junit.runners.model.FrameworkMethod$1.runReflectiveCall(FrameworkMethod.java:50)
	at org.junit.internal.runners.model.ReflectiveCallable.run(ReflectiveCallable.java:12)
	at org.junit.runners.model.FrameworkMethod.invokeExplosively(FrameworkMethod.java:47)
	at org.junit.internal.runners.statements.InvokeMethod.evaluate(InvokeMethod.java:17)
	at org.junit.internal.runners.statements.RunAfters.evaluate(RunAfters.java:27)
	at org.junit.internal.runners.statements.FailOnTimeout$CallableStatement.call(FailOnTimeout.java:298)
	at org.junit.internal.runners.statements.FailOnTimeout$CallableStatement.call(FailOnTimeout.java:292)
	at java.util.concurrent.FutureTask.run(FutureTask.java:266)
	at java.lang.Thread.run(Thread.java:748)
2019-09-26 09:49:19,781 INFO  impl.FollowerState (FollowerState.java:run(108)) - s2@group-5BD3E7F27A57-FollowerState: change to CANDIDATE, lastRpcTime:213ms, electionTimeout:213ms
2019-09-26 09:49:19,781 INFO  impl.RoleInfo (RoleInfo.java:shutdownFollowerState(121)) - s2: shutdown FollowerState
2019-09-26 09:49:19,781 INFO  impl.RaftServerImpl (RaftServerImpl.java:setRole(170)) - s2@group-5BD3E7F27A57: changes role from  FOLLOWER to CANDIDATE at term 121 for changeToCandidate
2019-09-26 09:49:19,781 INFO  impl.RoleInfo (RoleInfo.java:updateAndGet(143)) - s2: start LeaderElection
2019-09-26 09:49:19,794 INFO  impl.LeaderElection (LeaderElection.java:askForVotes(178)) - s2@group-5BD3E7F27A57-LeaderElection74: begin an election at term 122 for 3: [s0:0.0.0.0:41468, s1:0.0.0.0:41619, s2:0.0.0.0:44382], old=null
2019-09-26 09:49:19,795 DEBUG impl.RaftServerImpl (RaftServerImpl.java:requestVote(743)) - s0@group-5BD3E7F27A57: receive requestVote(s2, group-5BD3E7F27A57, 122, (t:4, i:3))
2019-09-26 09:49:19,795 INFO  impl.RaftServerImpl (RaftServerImpl.java:setRole(170)) - s0@group-5BD3E7F27A57: changes role from CANDIDATE to FOLLOWER at term 122 for recognizeCandidate:s2
2019-09-26 09:49:19,795 INFO  impl.RoleInfo (RoleInfo.java:shutdownLeaderElection(134)) - s0: shutdown LeaderElection
2019-09-26 09:49:19,795 INFO  impl.RoleInfo (RoleInfo.java:updateAndGet(143)) - s0: start FollowerState
2019-09-26 09:49:19,808 DEBUG impl.RaftServerImpl (RaftServerImpl.java:requestVote(775)) - s0@group-5BD3E7F27A57 replies to vote request: s2<-s0#0:FAIL-t122. Peer's state: s0@group-5BD3E7F27A57:t122, leader=null, voted=null, raftlog=s0@group-5BD3E7F27A57-SegmentedRaftLog:OPENED:c3,f4,i4, conf=3: [s0:0.0.0.0:41468, s1:0.0.0.0:41619, s2:0.0.0.0:44382], old=null
2019-09-26 09:49:19,840 INFO  impl.LeaderElection (LeaderElection.java:logAndReturn(56)) - s0@group-5BD3E7F27A57-LeaderElection73: Election REJECTED; received 0 response(s) [] and 0 exception(s); s0@group-5BD3E7F27A57:t122, leader=null, voted=null, raftlog=s0@group-5BD3E7F27A57-SegmentedRaftLog:OPENED:c3,f4,i4, conf=3: [s0:0.0.0.0:41468, s1:0.0.0.0:41619, s2:0.0.0.0:44382], old=null
2019-09-26 09:49:19,948 INFO  impl.LeaderElection (LeaderElection.java:logAndReturn(56)) - s2@group-5BD3E7F27A57-LeaderElection74: Election TIMEOUT; received 1 response(s) [s2<-s0#0:FAIL-t122] and 0 exception(s); s2@group-5BD3E7F27A57:t122, leader=null, voted=s2, raftlog=s2@group-5BD3E7F27A57-SegmentedRaftLog:OPENED:c1,f3,i3, conf=3: [s0:0.0.0.0:41468, s1:0.0.0.0:41619, s2:0.0.0.0:44382], old=null
2019-09-26 09:49:19,954 INFO  impl.FollowerState (FollowerState.java:run(108)) - s0@group-5BD3E7F27A57-FollowerState: change to CANDIDATE, lastRpcTime:158ms, electionTimeout:158ms
2019-09-26 09:49:19,954 INFO  impl.RoleInfo (RoleInfo.java:shutdownFollowerState(121)) - s0: shutdown FollowerState
2019-09-26 09:49:19,954 INFO  impl.RaftServerImpl (RaftServerImpl.java:setRole(170)) - s0@group-5BD3E7F27A57: changes role from  FOLLOWER to CANDIDATE at term 122 for changeToCandidate
2019-09-26 09:49:19,954 INFO  impl.RoleInfo (RoleInfo.java:updateAndGet(143)) - s0: start LeaderElection
2019-09-26 09:49:19,955 INFO  impl.LeaderElection (LeaderElection.java:logAndReturn(56)) - s1@group-5BD3E7F27A57-LeaderElection68: Election TIMEOUT; received 1 response(s) [s1<-s0#0:FAIL-t121] and 0 exception(s); s1@group-5BD3E7F27A57:t121, leader=null, voted=s1, raftlog=s1@group-5BD3E7F27A57-SegmentedRaftLog:OPENED:c2,f3,i3, conf=2: [s0:0.0.0.0:41468, s1:0.0.0.0:41619, s2:0.0.0.0:44382], old=null
2019-09-26 09:49:19,962 INFO  impl.LeaderElection (LeaderElection.java:askForVotes(178)) - s2@group-5BD3E7F27A57-LeaderElection74: begin an election at term 123 for 3: [s0:0.0.0.0:41468, s1:0.0.0.0:41619, s2:0.0.0.0:44382], old=null
2019-09-26 09:49:19,962 INFO  impl.LeaderElection (LeaderElection.java:askForVotes(178)) - s0@group-5BD3E7F27A57-LeaderElection75: begin an election at term 123 for 3: [s0:0.0.0.0:41468, s1:0.0.0.0:41619, s2:0.0.0.0:44382], old=null
2019-09-26 09:49:19,962 INFO  impl.LeaderElection (LeaderElection.java:askForVotes(178)) - s1@group-5BD3E7F27A57-LeaderElection68: begin an election at term 122 for 2: [s0:0.0.0.0:41468, s1:0.0.0.0:41619, s2:0.0.0.0:44382], old=null
2019-09-26 09:49:19,962 DEBUG impl.RaftServerImpl (RaftServerImpl.java:requestVote(743)) - s0@group-5BD3E7F27A57: receive requestVote(s2, group-5BD3E7F27A57, 123, (t:4, i:3))
2019-09-26 09:49:19,962 DEBUG impl.RaftServerImpl (RaftServerImpl.java:requestVote(775)) - s0@group-5BD3E7F27A57 replies to vote request: s2<-s0#0:FAIL-t123. Peer's state: s0@group-5BD3E7F27A57:t123, leader=null, voted=s0, raftlog=s0@group-5BD3E7F27A57-SegmentedRaftLog:OPENED:c3,f4,i4, conf=3: [s0:0.0.0.0:41468, s1:0.0.0.0:41619, s2:0.0.0.0:44382], old=null
2019-09-26 09:49:19,962 DEBUG impl.RaftServerImpl (RaftServerImpl.java:requestVote(743)) - s0@group-5BD3E7F27A57: receive requestVote(s1, group-5BD3E7F27A57, 122, (t:3, i:3))
2019-09-26 09:49:19,963 DEBUG impl.RaftServerImpl (RaftServerImpl.java:requestVote(775)) - s0@group-5BD3E7F27A57 replies to vote request: s1<-s0#0:FAIL-t123. Peer's state: s0@group-5BD3E7F27A57:t123, leader=null, voted=s0, raftlog=s0@group-5BD3E7F27A57-SegmentedRaftLog:OPENED:c3,f4,i4, conf=3: [s0:0.0.0.0:41468, s1:0.0.0.0:41619, s2:0.0.0.0:44382], old=null
2019-09-26 09:49:19,963 INFO  impl.LeaderElection (LeaderElection.java:logAndReturn(56)) - s1@group-5BD3E7F27A57-LeaderElection68: Election DISCOVERED_A_NEW_TERM; received 1 response(s) [s1<-s0#0:FAIL-t123] and 0 exception(s); s1@group-5BD3E7F27A57:t122, leader=null, voted=s1, raftlog=s1@group-5BD3E7F27A57-SegmentedRaftLog:OPENED:c2,f3,i3, conf=2: [s0:0.0.0.0:41468, s1:0.0.0.0:41619, s2:0.0.0.0:44382], old=null
2019-09-26 09:49:19,963 INFO  impl.RaftServerImpl (RaftServerImpl.java:setRole(170)) - s1@group-5BD3E7F27A57: changes role from CANDIDATE to FOLLOWER at term 123 for DISCOVERED_A_NEW_TERM
2019-09-26 09:49:19,963 INFO  impl.RoleInfo (RoleInfo.java:shutdownLeaderElection(134)) - s1: shutdown LeaderElection
2019-09-26 09:49:19,963 INFO  impl.RoleInfo (RoleInfo.java:updateAndGet(143)) - s1: start FollowerState
2019-09-26 09:49:20,114 INFO  impl.LeaderElection (LeaderElection.java:logAndReturn(56)) - s0@group-5BD3E7F27A57-LeaderElection75: Election TIMEOUT; received 0 response(s) [] and 0 exception(s); s0@group-5BD3E7F27A57:t123, leader=null, voted=s0, raftlog=s0@group-5BD3E7F27A57-SegmentedRaftLog:OPENED:c3,f4,i4, conf=3: [s0:0.0.0.0:41468, s1:0.0.0.0:41619, s2:0.0.0.0:44382], old=null
2019-09-26 09:49:20,126 INFO  impl.LeaderElection (LeaderElection.java:askForVotes(178)) - s0@group-5BD3E7F27A57-LeaderElection75: begin an election at term 124 for 3: [s0:0.0.0.0:41468, s1:0.0.0.0:41619, s2:0.0.0.0:44382], old=null
2019-09-26 09:49:20,154 WARN  ratis.RaftTestUtil (JavaUtils.java:attempt(158)) - FAILED "waitForLeader-null-(expectLeader? true)", attempt #60/100: java.lang.IllegalStateException: No leader yet : printing ALL groups
  s0:  RUNNING CANDIDATE s0@group-5BD3E7F27A57:t124, leader=null, voted=s0, raftlog=s0@group-5BD3E7F27A57-SegmentedRaftLog:OPENED:c3,f4,i4, conf=3: [s0:0.0.0.0:41468, s1:0.0.0.0:41619, s2:0.0.0.0:44382], old=null RUNNING
  s1:  RUNNING  FOLLOWER s1@group-5BD3E7F27A57:t123, leader=null, voted=null, raftlog=s1@group-5BD3E7F27A57-SegmentedRaftLog:OPENED:c2,f3,i3, conf=2: [s0:0.0.0.0:41468, s1:0.0.0.0:41619, s2:0.0.0.0:44382], old=null RUNNING
  s2:  RUNNING CANDIDATE s2@group-5BD3E7F27A57:t123, leader=null, voted=s2, raftlog=s2@group-5BD3E7F27A57-SegmentedRaftLog:OPENED:c1,f3,i3, conf=3: [s0:0.0.0.0:41468, s1:0.0.0.0:41619, s2:0.0.0.0:44382], old=null RUNNING, sleep 450ms and then retry.
java.lang.IllegalStateException: No leader yet : printing ALL groups
  s0:  RUNNING CANDIDATE s0@group-5BD3E7F27A57:t124, leader=null, voted=s0, raftlog=s0@group-5BD3E7F27A57-SegmentedRaftLog:OPENED:c3,f4,i4, conf=3: [s0:0.0.0.0:41468, s1:0.0.0.0:41619, s2:0.0.0.0:44382], old=null RUNNING
  s1:  RUNNING  FOLLOWER s1@group-5BD3E7F27A57:t123, leader=null, voted=null, raftlog=s1@group-5BD3E7F27A57-SegmentedRaftLog:OPENED:c2,f3,i3, conf=2: [s0:0.0.0.0:41468, s1:0.0.0.0:41619, s2:0.0.0.0:44382], old=null RUNNING
  s2:  RUNNING CANDIDATE s2@group-5BD3E7F27A57:t123, leader=null, voted=s2, raftlog=s2@group-5BD3E7F27A57-SegmentedRaftLog:OPENED:c1,f3,i3, conf=3: [s0:0.0.0.0:41468, s1:0.0.0.0:41619, s2:0.0.0.0:44382], old=null RUNNING
	at org.apache.ratis.MiniRaftCluster.newIllegalStateExceptionForNoLeaders(MiniRaftCluster.java:506)
	at org.apache.ratis.RaftTestUtil.lambda$waitForLeader$1(RaftTestUtil.java:90)
	at org.apache.ratis.MiniRaftCluster.getLeader(MiniRaftCluster.java:539)
	at org.apache.ratis.MiniRaftCluster.getLeader(MiniRaftCluster.java:532)
	at org.apache.ratis.RaftTestUtil.lambda$waitForLeader$3(RaftTestUtil.java:98)
	at org.apache.ratis.util.JavaUtils.attempt(JavaUtils.java:152)
	at org.apache.ratis.RaftTestUtil.waitForLeader(RaftTestUtil.java:97)
	at org.apache.ratis.RaftTestUtil.waitForLeader(RaftTestUtil.java:77)
	at org.apache.ratis.RaftTestUtil.waitForLeader(RaftTestUtil.java:72)
	at org.apache.ratis.RaftTestUtil.lambda$changeLeader$7(RaftTestUtil.java:363)
	at org.apache.ratis.util.JavaUtils.attempt(JavaUtils.java:152)
	at org.apache.ratis.RaftTestUtil.changeLeader(RaftTestUtil.java:362)
	at org.apache.ratis.server.impl.LeaderElectionTests.testChangeLeader(LeaderElectionTests.java:81)
	at sun.reflect.NativeMethodAccessorImpl.invoke0(Native Method)
	at sun.reflect.NativeMethodAccessorImpl.invoke(NativeMethodAccessorImpl.java:62)
	at sun.reflect.DelegatingMethodAccessorImpl.invoke(DelegatingMethodAccessorImpl.java:43)
	at java.lang.reflect.Method.invoke(Method.java:498)
	at org.junit.runners.model.FrameworkMethod$1.runReflectiveCall(FrameworkMethod.java:50)
	at org.junit.internal.runners.model.ReflectiveCallable.run(ReflectiveCallable.java:12)
	at org.junit.runners.model.FrameworkMethod.invokeExplosively(FrameworkMethod.java:47)
	at org.junit.internal.runners.statements.InvokeMethod.evaluate(InvokeMethod.java:17)
	at org.junit.internal.runners.statements.RunAfters.evaluate(RunAfters.java:27)
	at org.junit.internal.runners.statements.FailOnTimeout$CallableStatement.call(FailOnTimeout.java:298)
	at org.junit.internal.runners.statements.FailOnTimeout$CallableStatement.call(FailOnTimeout.java:292)
	at java.util.concurrent.FutureTask.run(FutureTask.java:266)
	at java.lang.Thread.run(Thread.java:748)
2019-09-26 09:49:20,172 INFO  impl.LeaderElection (LeaderElection.java:logAndReturn(56)) - s2@group-5BD3E7F27A57-LeaderElection74: Election TIMEOUT; received 1 response(s) [s2<-s0#0:FAIL-t123] and 0 exception(s); s2@group-5BD3E7F27A57:t123, leader=null, voted=s2, raftlog=s2@group-5BD3E7F27A57-SegmentedRaftLog:OPENED:c1,f3,i3, conf=3: [s0:0.0.0.0:41468, s1:0.0.0.0:41619, s2:0.0.0.0:44382], old=null
2019-09-26 09:49:20,185 INFO  impl.LeaderElection (LeaderElection.java:askForVotes(178)) - s2@group-5BD3E7F27A57-LeaderElection74: begin an election at term 124 for 3: [s0:0.0.0.0:41468, s1:0.0.0.0:41619, s2:0.0.0.0:44382], old=null
2019-09-26 09:49:20,185 DEBUG impl.RaftServerImpl (RaftServerImpl.java:requestVote(743)) - s0@group-5BD3E7F27A57: receive requestVote(s2, group-5BD3E7F27A57, 124, (t:4, i:3))
2019-09-26 09:49:20,186 DEBUG impl.RaftServerImpl (RaftServerImpl.java:requestVote(775)) - s0@group-5BD3E7F27A57 replies to vote request: s2<-s0#0:FAIL-t124. Peer's state: s0@group-5BD3E7F27A57:t124, leader=null, voted=s0, raftlog=s0@group-5BD3E7F27A57-SegmentedRaftLog:OPENED:c3,f4,i4, conf=3: [s0:0.0.0.0:41468, s1:0.0.0.0:41619, s2:0.0.0.0:44382], old=null
2019-09-26 09:49:20,244 INFO  impl.FollowerState (FollowerState.java:run(108)) - s1@group-5BD3E7F27A57-FollowerState: change to CANDIDATE, lastRpcTime:280ms, electionTimeout:280ms
2019-09-26 09:49:20,244 INFO  impl.RoleInfo (RoleInfo.java:shutdownFollowerState(121)) - s1: shutdown FollowerState
2019-09-26 09:49:20,244 INFO  impl.RaftServerImpl (RaftServerImpl.java:setRole(170)) - s1@group-5BD3E7F27A57: changes role from  FOLLOWER to CANDIDATE at term 123 for changeToCandidate
2019-09-26 09:49:20,244 INFO  impl.RoleInfo (RoleInfo.java:updateAndGet(143)) - s1: start LeaderElection
2019-09-26 09:49:20,258 INFO  impl.LeaderElection (LeaderElection.java:askForVotes(178)) - s1@group-5BD3E7F27A57-LeaderElection76: begin an election at term 124 for 2: [s0:0.0.0.0:41468, s1:0.0.0.0:41619, s2:0.0.0.0:44382], old=null
2019-09-26 09:49:20,258 DEBUG impl.RaftServerImpl (RaftServerImpl.java:requestVote(743)) - s0@group-5BD3E7F27A57: receive requestVote(s1, group-5BD3E7F27A57, 124, (t:3, i:3))
2019-09-26 09:49:20,258 DEBUG impl.RaftServerImpl (RaftServerImpl.java:requestVote(775)) - s0@group-5BD3E7F27A57 replies to vote request: s1<-s0#0:FAIL-t124. Peer's state: s0@group-5BD3E7F27A57:t124, leader=null, voted=s0, raftlog=s0@group-5BD3E7F27A57-SegmentedRaftLog:OPENED:c3,f4,i4, conf=3: [s0:0.0.0.0:41468, s1:0.0.0.0:41619, s2:0.0.0.0:44382], old=null
2019-09-26 09:49:20,392 INFO  impl.LeaderElection (LeaderElection.java:logAndReturn(56)) - s0@group-5BD3E7F27A57-LeaderElection75: Election TIMEOUT; received 0 response(s) [] and 0 exception(s); s0@group-5BD3E7F27A57:t124, leader=null, voted=s0, raftlog=s0@group-5BD3E7F27A57-SegmentedRaftLog:OPENED:c3,f4,i4, conf=3: [s0:0.0.0.0:41468, s1:0.0.0.0:41619, s2:0.0.0.0:44382], old=null
2019-09-26 09:49:20,406 INFO  impl.LeaderElection (LeaderElection.java:askForVotes(178)) - s0@group-5BD3E7F27A57-LeaderElection75: begin an election at term 125 for 3: [s0:0.0.0.0:41468, s1:0.0.0.0:41619, s2:0.0.0.0:44382], old=null
2019-09-26 09:49:20,410 INFO  impl.LeaderElection (LeaderElection.java:logAndReturn(56)) - s1@group-5BD3E7F27A57-LeaderElection76: Election TIMEOUT; received 1 response(s) [s1<-s0#0:FAIL-t124] and 0 exception(s); s1@group-5BD3E7F27A57:t124, leader=null, voted=s1, raftlog=s1@group-5BD3E7F27A57-SegmentedRaftLog:OPENED:c2,f3,i3, conf=2: [s0:0.0.0.0:41468, s1:0.0.0.0:41619, s2:0.0.0.0:44382], old=null
2019-09-26 09:49:20,423 INFO  impl.LeaderElection (LeaderElection.java:askForVotes(178)) - s1@group-5BD3E7F27A57-LeaderElection76: begin an election at term 125 for 2: [s0:0.0.0.0:41468, s1:0.0.0.0:41619, s2:0.0.0.0:44382], old=null
2019-09-26 09:49:20,424 DEBUG impl.RaftServerImpl (RaftServerImpl.java:requestVote(743)) - s0@group-5BD3E7F27A57: receive requestVote(s1, group-5BD3E7F27A57, 125, (t:3, i:3))
2019-09-26 09:49:20,424 DEBUG impl.RaftServerImpl (RaftServerImpl.java:requestVote(775)) - s0@group-5BD3E7F27A57 replies to vote request: s1<-s0#0:FAIL-t125. Peer's state: s0@group-5BD3E7F27A57:t125, leader=null, voted=s0, raftlog=s0@group-5BD3E7F27A57-SegmentedRaftLog:OPENED:c3,f4,i4, conf=3: [s0:0.0.0.0:41468, s1:0.0.0.0:41619, s2:0.0.0.0:44382], old=null
2019-09-26 09:49:20,452 INFO  impl.LeaderElection (LeaderElection.java:logAndReturn(56)) - s2@group-5BD3E7F27A57-LeaderElection74: Election TIMEOUT; received 1 response(s) [s2<-s0#0:FAIL-t124] and 0 exception(s); s2@group-5BD3E7F27A57:t124, leader=null, voted=s2, raftlog=s2@group-5BD3E7F27A57-SegmentedRaftLog:OPENED:c1,f3,i3, conf=3: [s0:0.0.0.0:41468, s1:0.0.0.0:41619, s2:0.0.0.0:44382], old=null
2019-09-26 09:49:20,466 INFO  impl.LeaderElection (LeaderElection.java:askForVotes(178)) - s2@group-5BD3E7F27A57-LeaderElection74: begin an election at term 125 for 3: [s0:0.0.0.0:41468, s1:0.0.0.0:41619, s2:0.0.0.0:44382], old=null
2019-09-26 09:49:20,466 DEBUG impl.RaftServerImpl (RaftServerImpl.java:requestVote(743)) - s0@group-5BD3E7F27A57: receive requestVote(s2, group-5BD3E7F27A57, 125, (t:4, i:3))
2019-09-26 09:49:20,467 DEBUG impl.RaftServerImpl (RaftServerImpl.java:requestVote(775)) - s0@group-5BD3E7F27A57 replies to vote request: s2<-s0#0:FAIL-t125. Peer's state: s0@group-5BD3E7F27A57:t125, leader=null, voted=s0, raftlog=s0@group-5BD3E7F27A57-SegmentedRaftLog:OPENED:c3,f4,i4, conf=3: [s0:0.0.0.0:41468, s1:0.0.0.0:41619, s2:0.0.0.0:44382], old=null
2019-09-26 09:49:20,587 INFO  impl.LeaderElection (LeaderElection.java:logAndReturn(56)) - s1@group-5BD3E7F27A57-LeaderElection76: Election TIMEOUT; received 1 response(s) [s1<-s0#0:FAIL-t125] and 0 exception(s); s1@group-5BD3E7F27A57:t125, leader=null, voted=s1, raftlog=s1@group-5BD3E7F27A57-SegmentedRaftLog:OPENED:c2,f3,i3, conf=2: [s0:0.0.0.0:41468, s1:0.0.0.0:41619, s2:0.0.0.0:44382], old=null
2019-09-26 09:49:20,600 INFO  impl.LeaderElection (LeaderElection.java:askForVotes(178)) - s1@group-5BD3E7F27A57-LeaderElection76: begin an election at term 126 for 2: [s0:0.0.0.0:41468, s1:0.0.0.0:41619, s2:0.0.0.0:44382], old=null
2019-09-26 09:49:20,601 DEBUG impl.RaftServerImpl (RaftServerImpl.java:requestVote(743)) - s0@group-5BD3E7F27A57: receive requestVote(s1, group-5BD3E7F27A57, 126, (t:3, i:3))
2019-09-26 09:49:20,601 INFO  impl.RaftServerImpl (RaftServerImpl.java:setRole(170)) - s0@group-5BD3E7F27A57: changes role from CANDIDATE to FOLLOWER at term 126 for recognizeCandidate:s1
2019-09-26 09:49:20,601 INFO  impl.RoleInfo (RoleInfo.java:shutdownLeaderElection(134)) - s0: shutdown LeaderElection
2019-09-26 09:49:20,601 INFO  impl.RoleInfo (RoleInfo.java:updateAndGet(143)) - s0: start FollowerState
2019-09-26 09:49:20,605 WARN  ratis.RaftTestUtil (JavaUtils.java:attempt(158)) - FAILED "waitForLeader-null-(expectLeader? true)", attempt #61/100: java.lang.IllegalStateException: No leader yet : printing ALL groups
  s0:  RUNNING  FOLLOWER s0@group-5BD3E7F27A57:t126, leader=null, voted=null, raftlog=s0@group-5BD3E7F27A57-SegmentedRaftLog:OPENED:c3,f4,i4, conf=3: [s0:0.0.0.0:41468, s1:0.0.0.0:41619, s2:0.0.0.0:44382], old=null RUNNING
  s1:  RUNNING CANDIDATE s1@group-5BD3E7F27A57:t126, leader=null, voted=s1, raftlog=s1@group-5BD3E7F27A57-SegmentedRaftLog:OPENED:c2,f3,i3, conf=2: [s0:0.0.0.0:41468, s1:0.0.0.0:41619, s2:0.0.0.0:44382], old=null RUNNING
  s2:  RUNNING CANDIDATE s2@group-5BD3E7F27A57:t125, leader=null, voted=s2, raftlog=s2@group-5BD3E7F27A57-SegmentedRaftLog:OPENED:c1,f3,i3, conf=3: [s0:0.0.0.0:41468, s1:0.0.0.0:41619, s2:0.0.0.0:44382], old=null RUNNING, sleep 450ms and then retry.
java.lang.IllegalStateException: No leader yet : printing ALL groups
  s0:  RUNNING  FOLLOWER s0@group-5BD3E7F27A57:t126, leader=null, voted=null, raftlog=s0@group-5BD3E7F27A57-SegmentedRaftLog:OPENED:c3,f4,i4, conf=3: [s0:0.0.0.0:41468, s1:0.0.0.0:41619, s2:0.0.0.0:44382], old=null RUNNING
  s1:  RUNNING CANDIDATE s1@group-5BD3E7F27A57:t126, leader=null, voted=s1, raftlog=s1@group-5BD3E7F27A57-SegmentedRaftLog:OPENED:c2,f3,i3, conf=2: [s0:0.0.0.0:41468, s1:0.0.0.0:41619, s2:0.0.0.0:44382], old=null RUNNING
  s2:  RUNNING CANDIDATE s2@group-5BD3E7F27A57:t125, leader=null, voted=s2, raftlog=s2@group-5BD3E7F27A57-SegmentedRaftLog:OPENED:c1,f3,i3, conf=3: [s0:0.0.0.0:41468, s1:0.0.0.0:41619, s2:0.0.0.0:44382], old=null RUNNING
	at org.apache.ratis.MiniRaftCluster.newIllegalStateExceptionForNoLeaders(MiniRaftCluster.java:506)
	at org.apache.ratis.RaftTestUtil.lambda$waitForLeader$1(RaftTestUtil.java:90)
	at org.apache.ratis.MiniRaftCluster.getLeader(MiniRaftCluster.java:539)
	at org.apache.ratis.MiniRaftCluster.getLeader(MiniRaftCluster.java:532)
	at org.apache.ratis.RaftTestUtil.lambda$waitForLeader$3(RaftTestUtil.java:98)
	at org.apache.ratis.util.JavaUtils.attempt(JavaUtils.java:152)
	at org.apache.ratis.RaftTestUtil.waitForLeader(RaftTestUtil.java:97)
	at org.apache.ratis.RaftTestUtil.waitForLeader(RaftTestUtil.java:77)
	at org.apache.ratis.RaftTestUtil.waitForLeader(RaftTestUtil.java:72)
	at org.apache.ratis.RaftTestUtil.lambda$changeLeader$7(RaftTestUtil.java:363)
	at org.apache.ratis.util.JavaUtils.attempt(JavaUtils.java:152)
	at org.apache.ratis.RaftTestUtil.changeLeader(RaftTestUtil.java:362)
	at org.apache.ratis.server.impl.LeaderElectionTests.testChangeLeader(LeaderElectionTests.java:81)
	at sun.reflect.NativeMethodAccessorImpl.invoke0(Native Method)
	at sun.reflect.NativeMethodAccessorImpl.invoke(NativeMethodAccessorImpl.java:62)
	at sun.reflect.DelegatingMethodAccessorImpl.invoke(DelegatingMethodAccessorImpl.java:43)
	at java.lang.reflect.Method.invoke(Method.java:498)
	at org.junit.runners.model.FrameworkMethod$1.runReflectiveCall(FrameworkMethod.java:50)
	at org.junit.internal.runners.model.ReflectiveCallable.run(ReflectiveCallable.java:12)
	at org.junit.runners.model.FrameworkMethod.invokeExplosively(FrameworkMethod.java:47)
	at org.junit.internal.runners.statements.InvokeMethod.evaluate(InvokeMethod.java:17)
	at org.junit.internal.runners.statements.RunAfters.evaluate(RunAfters.java:27)
	at org.junit.internal.runners.statements.FailOnTimeout$CallableStatement.call(FailOnTimeout.java:298)
	at org.junit.internal.runners.statements.FailOnTimeout$CallableStatement.call(FailOnTimeout.java:292)
	at java.util.concurrent.FutureTask.run(FutureTask.java:266)
	at java.lang.Thread.run(Thread.java:748)
2019-09-26 09:49:20,614 DEBUG impl.RaftServerImpl (RaftServerImpl.java:requestVote(775)) - s0@group-5BD3E7F27A57 replies to vote request: s1<-s0#0:FAIL-t126. Peer's state: s0@group-5BD3E7F27A57:t126, leader=null, voted=null, raftlog=s0@group-5BD3E7F27A57-SegmentedRaftLog:OPENED:c3,f4,i4, conf=3: [s0:0.0.0.0:41468, s1:0.0.0.0:41619, s2:0.0.0.0:44382], old=null
2019-09-26 09:49:20,648 INFO  impl.LeaderElection (LeaderElection.java:logAndReturn(56)) - s2@group-5BD3E7F27A57-LeaderElection74: Election TIMEOUT; received 1 response(s) [s2<-s0#0:FAIL-t125] and 0 exception(s); s2@group-5BD3E7F27A57:t125, leader=null, voted=s2, raftlog=s2@group-5BD3E7F27A57-SegmentedRaftLog:OPENED:c1,f3,i3, conf=3: [s0:0.0.0.0:41468, s1:0.0.0.0:41619, s2:0.0.0.0:44382], old=null
2019-09-26 09:49:20,654 INFO  impl.LeaderElection (LeaderElection.java:logAndReturn(56)) - s0@group-5BD3E7F27A57-LeaderElection75: Election REJECTED; received 0 response(s) [] and 0 exception(s); s0@group-5BD3E7F27A57:t126, leader=null, voted=null, raftlog=s0@group-5BD3E7F27A57-SegmentedRaftLog:OPENED:c3,f4,i4, conf=3: [s0:0.0.0.0:41468, s1:0.0.0.0:41619, s2:0.0.0.0:44382], old=null
2019-09-26 09:49:20,661 INFO  impl.LeaderElection (LeaderElection.java:askForVotes(178)) - s2@group-5BD3E7F27A57-LeaderElection74: begin an election at term 126 for 3: [s0:0.0.0.0:41468, s1:0.0.0.0:41619, s2:0.0.0.0:44382], old=null
2019-09-26 09:49:20,661 DEBUG impl.RaftServerImpl (RaftServerImpl.java:requestVote(743)) - s0@group-5BD3E7F27A57: receive requestVote(s2, group-5BD3E7F27A57, 126, (t:4, i:3))
2019-09-26 09:49:20,662 INFO  impl.RaftServerImpl (RaftServerImpl.java:setRole(170)) - s0@group-5BD3E7F27A57: changes role from  FOLLOWER to FOLLOWER at term 126 for recognizeCandidate:s2
2019-09-26 09:49:20,662 INFO  impl.RoleInfo (RoleInfo.java:shutdownFollowerState(121)) - s0: shutdown FollowerState
2019-09-26 09:49:20,662 INFO  impl.RoleInfo (RoleInfo.java:updateAndGet(143)) - s0: start FollowerState
2019-09-26 09:49:20,662 INFO  impl.FollowerState (FollowerState.java:run(117)) - s0@group-5BD3E7F27A57-FollowerState was interrupted: java.lang.InterruptedException: sleep interrupted
2019-09-26 09:49:20,662 DEBUG impl.RaftServerImpl (RaftServerImpl.java:requestVote(775)) - s0@group-5BD3E7F27A57 replies to vote request: s2<-s0#0:FAIL-t126. Peer's state: s0@group-5BD3E7F27A57:t126, leader=null, voted=null, raftlog=s0@group-5BD3E7F27A57-SegmentedRaftLog:OPENED:c3,f4,i4, conf=3: [s0:0.0.0.0:41468, s1:0.0.0.0:41619, s2:0.0.0.0:44382], old=null
2019-09-26 09:49:20,815 INFO  impl.LeaderElection (LeaderElection.java:logAndReturn(56)) - s1@group-5BD3E7F27A57-LeaderElection76: Election TIMEOUT; received 1 response(s) [s1<-s0#0:FAIL-t126] and 0 exception(s); s1@group-5BD3E7F27A57:t126, leader=null, voted=s1, raftlog=s1@group-5BD3E7F27A57-SegmentedRaftLog:OPENED:c2,f3,i3, conf=2: [s0:0.0.0.0:41468, s1:0.0.0.0:41619, s2:0.0.0.0:44382], old=null
2019-09-26 09:49:20,828 INFO  impl.LeaderElection (LeaderElection.java:askForVotes(178)) - s1@group-5BD3E7F27A57-LeaderElection76: begin an election at term 127 for 2: [s0:0.0.0.0:41468, s1:0.0.0.0:41619, s2:0.0.0.0:44382], old=null
2019-09-26 09:49:20,828 DEBUG impl.RaftServerImpl (RaftServerImpl.java:requestVote(743)) - s0@group-5BD3E7F27A57: receive requestVote(s1, group-5BD3E7F27A57, 127, (t:3, i:3))
2019-09-26 09:49:20,829 INFO  impl.RaftServerImpl (RaftServerImpl.java:setRole(170)) - s0@group-5BD3E7F27A57: changes role from  FOLLOWER to FOLLOWER at term 127 for recognizeCandidate:s1
2019-09-26 09:49:20,829 INFO  impl.RoleInfo (RoleInfo.java:shutdownFollowerState(121)) - s0: shutdown FollowerState
2019-09-26 09:49:20,829 INFO  impl.RoleInfo (RoleInfo.java:updateAndGet(143)) - s0: start FollowerState
2019-09-26 09:49:20,829 INFO  impl.FollowerState (FollowerState.java:run(117)) - s0@group-5BD3E7F27A57-FollowerState was interrupted: java.lang.InterruptedException: sleep interrupted
2019-09-26 09:49:20,842 DEBUG impl.RaftServerImpl (RaftServerImpl.java:requestVote(775)) - s0@group-5BD3E7F27A57 replies to vote request: s1<-s0#0:FAIL-t127. Peer's state: s0@group-5BD3E7F27A57:t127, leader=null, voted=null, raftlog=s0@group-5BD3E7F27A57-SegmentedRaftLog:OPENED:c3,f4,i4, conf=3: [s0:0.0.0.0:41468, s1:0.0.0.0:41619, s2:0.0.0.0:44382], old=null
2019-09-26 09:49:20,890 INFO  impl.LeaderElection (LeaderElection.java:logAndReturn(56)) - s2@group-5BD3E7F27A57-LeaderElection74: Election TIMEOUT; received 1 response(s) [s2<-s0#0:FAIL-t126] and 0 exception(s); s2@group-5BD3E7F27A57:t126, leader=null, voted=s2, raftlog=s2@group-5BD3E7F27A57-SegmentedRaftLog:OPENED:c1,f3,i3, conf=3: [s0:0.0.0.0:41468, s1:0.0.0.0:41619, s2:0.0.0.0:44382], old=null
2019-09-26 09:49:20,903 INFO  impl.LeaderElection (LeaderElection.java:askForVotes(178)) - s2@group-5BD3E7F27A57-LeaderElection74: begin an election at term 127 for 3: [s0:0.0.0.0:41468, s1:0.0.0.0:41619, s2:0.0.0.0:44382], old=null
2019-09-26 09:49:20,903 DEBUG impl.RaftServerImpl (RaftServerImpl.java:requestVote(743)) - s0@group-5BD3E7F27A57: receive requestVote(s2, group-5BD3E7F27A57, 127, (t:4, i:3))
2019-09-26 09:49:20,903 INFO  impl.RaftServerImpl (RaftServerImpl.java:setRole(170)) - s0@group-5BD3E7F27A57: changes role from  FOLLOWER to FOLLOWER at term 127 for recognizeCandidate:s2
2019-09-26 09:49:20,903 INFO  impl.RoleInfo (RoleInfo.java:shutdownFollowerState(121)) - s0: shutdown FollowerState
2019-09-26 09:49:20,903 INFO  impl.RoleInfo (RoleInfo.java:updateAndGet(143)) - s0: start FollowerState
2019-09-26 09:49:20,903 INFO  impl.FollowerState (FollowerState.java:run(117)) - s0@group-5BD3E7F27A57-FollowerState was interrupted: java.lang.InterruptedException: sleep interrupted
2019-09-26 09:49:20,904 DEBUG impl.RaftServerImpl (RaftServerImpl.java:requestVote(775)) - s0@group-5BD3E7F27A57 replies to vote request: s2<-s0#0:FAIL-t127. Peer's state: s0@group-5BD3E7F27A57:t127, leader=null, voted=null, raftlog=s0@group-5BD3E7F27A57-SegmentedRaftLog:OPENED:c3,f4,i4, conf=3: [s0:0.0.0.0:41468, s1:0.0.0.0:41619, s2:0.0.0.0:44382], old=null
2019-09-26 09:49:21,056 WARN  ratis.RaftTestUtil (JavaUtils.java:attempt(158)) - FAILED "waitForLeader-null-(expectLeader? true)", attempt #62/100: java.lang.IllegalStateException: No leader yet : printing ALL groups
  s0:  RUNNING  FOLLOWER s0@group-5BD3E7F27A57:t127, leader=null, voted=null, raftlog=s0@group-5BD3E7F27A57-SegmentedRaftLog:OPENED:c3,f4,i4, conf=3: [s0:0.0.0.0:41468, s1:0.0.0.0:41619, s2:0.0.0.0:44382], old=null RUNNING
  s1:  RUNNING CANDIDATE s1@group-5BD3E7F27A57:t127, leader=null, voted=s1, raftlog=s1@group-5BD3E7F27A57-SegmentedRaftLog:OPENED:c2,f3,i3, conf=2: [s0:0.0.0.0:41468, s1:0.0.0.0:41619, s2:0.0.0.0:44382], old=null RUNNING
  s2:  RUNNING CANDIDATE s2@group-5BD3E7F27A57:t127, leader=null, voted=s2, raftlog=s2@group-5BD3E7F27A57-SegmentedRaftLog:OPENED:c1,f3,i3, conf=3: [s0:0.0.0.0:41468, s1:0.0.0.0:41619, s2:0.0.0.0:44382], old=null RUNNING, sleep 450ms and then retry.
java.lang.IllegalStateException: No leader yet : printing ALL groups
  s0:  RUNNING  FOLLOWER s0@group-5BD3E7F27A57:t127, leader=null, voted=null, raftlog=s0@group-5BD3E7F27A57-SegmentedRaftLog:OPENED:c3,f4,i4, conf=3: [s0:0.0.0.0:41468, s1:0.0.0.0:41619, s2:0.0.0.0:44382], old=null RUNNING
  s1:  RUNNING CANDIDATE s1@group-5BD3E7F27A57:t127, leader=null, voted=s1, raftlog=s1@group-5BD3E7F27A57-SegmentedRaftLog:OPENED:c2,f3,i3, conf=2: [s0:0.0.0.0:41468, s1:0.0.0.0:41619, s2:0.0.0.0:44382], old=null RUNNING
  s2:  RUNNING CANDIDATE s2@group-5BD3E7F27A57:t127, leader=null, voted=s2, raftlog=s2@group-5BD3E7F27A57-SegmentedRaftLog:OPENED:c1,f3,i3, conf=3: [s0:0.0.0.0:41468, s1:0.0.0.0:41619, s2:0.0.0.0:44382], old=null RUNNING
	at org.apache.ratis.MiniRaftCluster.newIllegalStateExceptionForNoLeaders(MiniRaftCluster.java:506)
	at org.apache.ratis.RaftTestUtil.lambda$waitForLeader$1(RaftTestUtil.java:90)
	at org.apache.ratis.MiniRaftCluster.getLeader(MiniRaftCluster.java:539)
	at org.apache.ratis.MiniRaftCluster.getLeader(MiniRaftCluster.java:532)
	at org.apache.ratis.RaftTestUtil.lambda$waitForLeader$3(RaftTestUtil.java:98)
	at org.apache.ratis.util.JavaUtils.attempt(JavaUtils.java:152)
	at org.apache.ratis.RaftTestUtil.waitForLeader(RaftTestUtil.java:97)
	at org.apache.ratis.RaftTestUtil.waitForLeader(RaftTestUtil.java:77)
	at org.apache.ratis.RaftTestUtil.waitForLeader(RaftTestUtil.java:72)
	at org.apache.ratis.RaftTestUtil.lambda$changeLeader$7(RaftTestUtil.java:363)
	at org.apache.ratis.util.JavaUtils.attempt(JavaUtils.java:152)
	at org.apache.ratis.RaftTestUtil.changeLeader(RaftTestUtil.java:362)
	at org.apache.ratis.server.impl.LeaderElectionTests.testChangeLeader(LeaderElectionTests.java:81)
	at sun.reflect.NativeMethodAccessorImpl.invoke0(Native Method)
	at sun.reflect.NativeMethodAccessorImpl.invoke(NativeMethodAccessorImpl.java:62)
	at sun.reflect.DelegatingMethodAccessorImpl.invoke(DelegatingMethodAccessorImpl.java:43)
	at java.lang.reflect.Method.invoke(Method.java:498)
	at org.junit.runners.model.FrameworkMethod$1.runReflectiveCall(FrameworkMethod.java:50)
	at org.junit.internal.runners.model.ReflectiveCallable.run(ReflectiveCallable.java:12)
	at org.junit.runners.model.FrameworkMethod.invokeExplosively(FrameworkMethod.java:47)
	at org.junit.internal.runners.statements.InvokeMethod.evaluate(InvokeMethod.java:17)
	at org.junit.internal.runners.statements.RunAfters.evaluate(RunAfters.java:27)
	at org.junit.internal.runners.statements.FailOnTimeout$CallableStatement.call(FailOnTimeout.java:298)
	at org.junit.internal.runners.statements.FailOnTimeout$CallableStatement.call(FailOnTimeout.java:292)
	at java.util.concurrent.FutureTask.run(FutureTask.java:266)
	at java.lang.Thread.run(Thread.java:748)
2019-09-26 09:49:21,072 INFO  impl.LeaderElection (LeaderElection.java:logAndReturn(56)) - s2@group-5BD3E7F27A57-LeaderElection74: Election TIMEOUT; received 1 response(s) [s2<-s0#0:FAIL-t127] and 0 exception(s); s2@group-5BD3E7F27A57:t127, leader=null, voted=s2, raftlog=s2@group-5BD3E7F27A57-SegmentedRaftLog:OPENED:c1,f3,i3, conf=3: [s0:0.0.0.0:41468, s1:0.0.0.0:41619, s2:0.0.0.0:44382], old=null
2019-09-26 09:49:21,085 INFO  impl.LeaderElection (LeaderElection.java:askForVotes(178)) - s2@group-5BD3E7F27A57-LeaderElection74: begin an election at term 128 for 3: [s0:0.0.0.0:41468, s1:0.0.0.0:41619, s2:0.0.0.0:44382], old=null
2019-09-26 09:49:21,085 DEBUG impl.RaftServerImpl (RaftServerImpl.java:requestVote(743)) - s0@group-5BD3E7F27A57: receive requestVote(s2, group-5BD3E7F27A57, 128, (t:4, i:3))
2019-09-26 09:49:21,085 INFO  impl.RaftServerImpl (RaftServerImpl.java:setRole(170)) - s0@group-5BD3E7F27A57: changes role from  FOLLOWER to FOLLOWER at term 128 for recognizeCandidate:s2
2019-09-26 09:49:21,086 INFO  impl.RoleInfo (RoleInfo.java:shutdownFollowerState(121)) - s0: shutdown FollowerState
2019-09-26 09:49:21,086 INFO  impl.RoleInfo (RoleInfo.java:updateAndGet(143)) - s0: start FollowerState
2019-09-26 09:49:21,086 INFO  impl.FollowerState (FollowerState.java:run(117)) - s0@group-5BD3E7F27A57-FollowerState was interrupted: java.lang.InterruptedException: sleep interrupted
2019-09-26 09:49:21,099 DEBUG impl.RaftServerImpl (RaftServerImpl.java:requestVote(775)) - s0@group-5BD3E7F27A57 replies to vote request: s2<-s0#0:FAIL-t128. Peer's state: s0@group-5BD3E7F27A57:t128, leader=null, voted=null, raftlog=s0@group-5BD3E7F27A57-SegmentedRaftLog:OPENED:c3,f4,i4, conf=3: [s0:0.0.0.0:41468, s1:0.0.0.0:41619, s2:0.0.0.0:44382], old=null
2019-09-26 09:49:21,126 INFO  impl.LeaderElection (LeaderElection.java:logAndReturn(56)) - s1@group-5BD3E7F27A57-LeaderElection76: Election TIMEOUT; received 1 response(s) [s1<-s0#0:FAIL-t127] and 0 exception(s); s1@group-5BD3E7F27A57:t127, leader=null, voted=s1, raftlog=s1@group-5BD3E7F27A57-SegmentedRaftLog:OPENED:c2,f3,i3, conf=2: [s0:0.0.0.0:41468, s1:0.0.0.0:41619, s2:0.0.0.0:44382], old=null
2019-09-26 09:49:21,140 INFO  impl.LeaderElection (LeaderElection.java:askForVotes(178)) - s1@group-5BD3E7F27A57-LeaderElection76: begin an election at term 128 for 2: [s0:0.0.0.0:41468, s1:0.0.0.0:41619, s2:0.0.0.0:44382], old=null
2019-09-26 09:49:21,140 DEBUG impl.RaftServerImpl (RaftServerImpl.java:requestVote(743)) - s0@group-5BD3E7F27A57: receive requestVote(s1, group-5BD3E7F27A57, 128, (t:3, i:3))
2019-09-26 09:49:21,140 INFO  impl.RaftServerImpl (RaftServerImpl.java:setRole(170)) - s0@group-5BD3E7F27A57: changes role from  FOLLOWER to FOLLOWER at term 128 for recognizeCandidate:s1
2019-09-26 09:49:21,141 INFO  impl.RoleInfo (RoleInfo.java:shutdownFollowerState(121)) - s0: shutdown FollowerState
2019-09-26 09:49:21,141 INFO  impl.RoleInfo (RoleInfo.java:updateAndGet(143)) - s0: start FollowerState
2019-09-26 09:49:21,141 INFO  impl.FollowerState (FollowerState.java:run(117)) - s0@group-5BD3E7F27A57-FollowerState was interrupted: java.lang.InterruptedException: sleep interrupted
2019-09-26 09:49:21,141 DEBUG impl.RaftServerImpl (RaftServerImpl.java:requestVote(775)) - s0@group-5BD3E7F27A57 replies to vote request: s1<-s0#0:FAIL-t128. Peer's state: s0@group-5BD3E7F27A57:t128, leader=null, voted=null, raftlog=s0@group-5BD3E7F27A57-SegmentedRaftLog:OPENED:c3,f4,i4, conf=3: [s0:0.0.0.0:41468, s1:0.0.0.0:41619, s2:0.0.0.0:44382], old=null
2019-09-26 09:49:21,195 INFO  ratis.MiniRaftCluster (MiniRaftCluster.java:lambda$null$5(297)) - TIMED-PRINT: printing ALL groups
  s0:  RUNNING  FOLLOWER s0@group-5BD3E7F27A57:t128, leader=null, voted=null, raftlog=s0@group-5BD3E7F27A57-SegmentedRaftLog:OPENED:c3,f4,i4, conf=3: [s0:0.0.0.0:41468, s1:0.0.0.0:41619, s2:0.0.0.0:44382], old=null RUNNING
  s1:  RUNNING CANDIDATE s1@group-5BD3E7F27A57:t128, leader=null, voted=s1, raftlog=s1@group-5BD3E7F27A57-SegmentedRaftLog:OPENED:c2,f3,i3, conf=2: [s0:0.0.0.0:41468, s1:0.0.0.0:41619, s2:0.0.0.0:44382], old=null RUNNING
  s2:  RUNNING CANDIDATE s2@group-5BD3E7F27A57:t128, leader=null, voted=s2, raftlog=s2@group-5BD3E7F27A57-SegmentedRaftLog:OPENED:c1,f3,i3, conf=3: [s0:0.0.0.0:41468, s1:0.0.0.0:41619, s2:0.0.0.0:44382], old=null RUNNING
2019-09-26 09:49:21,249 INFO  impl.LeaderElection (LeaderElection.java:logAndReturn(56)) - s2@group-5BD3E7F27A57-LeaderElection74: Election TIMEOUT; received 1 response(s) [s2<-s0#0:FAIL-t128] and 0 exception(s); s2@group-5BD3E7F27A57:t128, leader=null, voted=s2, raftlog=s2@group-5BD3E7F27A57-SegmentedRaftLog:OPENED:c1,f3,i3, conf=3: [s0:0.0.0.0:41468, s1:0.0.0.0:41619, s2:0.0.0.0:44382], old=null
2019-09-26 09:49:21,262 INFO  impl.LeaderElection (LeaderElection.java:askForVotes(178)) - s2@group-5BD3E7F27A57-LeaderElection74: begin an election at term 129 for 3: [s0:0.0.0.0:41468, s1:0.0.0.0:41619, s2:0.0.0.0:44382], old=null
2019-09-26 09:49:21,263 DEBUG impl.RaftServerImpl (RaftServerImpl.java:requestVote(743)) - s0@group-5BD3E7F27A57: receive requestVote(s2, group-5BD3E7F27A57, 129, (t:4, i:3))
2019-09-26 09:49:21,263 INFO  impl.RaftServerImpl (RaftServerImpl.java:setRole(170)) - s0@group-5BD3E7F27A57: changes role from  FOLLOWER to FOLLOWER at term 129 for recognizeCandidate:s2
2019-09-26 09:49:21,263 INFO  impl.RoleInfo (RoleInfo.java:shutdownFollowerState(121)) - s0: shutdown FollowerState
2019-09-26 09:49:21,264 INFO  impl.RoleInfo (RoleInfo.java:updateAndGet(143)) - s0: start FollowerState
2019-09-26 09:49:21,264 INFO  impl.FollowerState (FollowerState.java:run(117)) - s0@group-5BD3E7F27A57-FollowerState was interrupted: java.lang.InterruptedException: sleep interrupted
2019-09-26 09:49:21,277 DEBUG impl.RaftServerImpl (RaftServerImpl.java:requestVote(775)) - s0@group-5BD3E7F27A57 replies to vote request: s2<-s0#0:FAIL-t129. Peer's state: s0@group-5BD3E7F27A57:t129, leader=null, voted=null, raftlog=s0@group-5BD3E7F27A57-SegmentedRaftLog:OPENED:c3,f4,i4, conf=3: [s0:0.0.0.0:41468, s1:0.0.0.0:41619, s2:0.0.0.0:44382], old=null
2019-09-26 09:49:21,407 INFO  impl.LeaderElection (LeaderElection.java:logAndReturn(56)) - s1@group-5BD3E7F27A57-LeaderElection76: Election TIMEOUT; received 1 response(s) [s1<-s0#0:FAIL-t128] and 0 exception(s); s1@group-5BD3E7F27A57:t128, leader=null, voted=s1, raftlog=s1@group-5BD3E7F27A57-SegmentedRaftLog:OPENED:c2,f3,i3, conf=2: [s0:0.0.0.0:41468, s1:0.0.0.0:41619, s2:0.0.0.0:44382], old=null
2019-09-26 09:49:21,421 INFO  impl.LeaderElection (LeaderElection.java:askForVotes(178)) - s1@group-5BD3E7F27A57-LeaderElection76: begin an election at term 129 for 2: [s0:0.0.0.0:41468, s1:0.0.0.0:41619, s2:0.0.0.0:44382], old=null
2019-09-26 09:49:21,421 DEBUG impl.RaftServerImpl (RaftServerImpl.java:requestVote(743)) - s0@group-5BD3E7F27A57: receive requestVote(s1, group-5BD3E7F27A57, 129, (t:3, i:3))
2019-09-26 09:49:21,421 INFO  impl.RaftServerImpl (RaftServerImpl.java:setRole(170)) - s0@group-5BD3E7F27A57: changes role from  FOLLOWER to FOLLOWER at term 129 for recognizeCandidate:s1
2019-09-26 09:49:21,421 INFO  impl.RoleInfo (RoleInfo.java:shutdownFollowerState(121)) - s0: shutdown FollowerState
2019-09-26 09:49:21,422 INFO  impl.RoleInfo (RoleInfo.java:updateAndGet(143)) - s0: start FollowerState
2019-09-26 09:49:21,422 INFO  impl.FollowerState (FollowerState.java:run(117)) - s0@group-5BD3E7F27A57-FollowerState was interrupted: java.lang.InterruptedException: sleep interrupted
2019-09-26 09:49:21,422 DEBUG impl.RaftServerImpl (RaftServerImpl.java:requestVote(775)) - s0@group-5BD3E7F27A57 replies to vote request: s1<-s0#0:FAIL-t129. Peer's state: s0@group-5BD3E7F27A57:t129, leader=null, voted=null, raftlog=s0@group-5BD3E7F27A57-SegmentedRaftLog:OPENED:c3,f4,i4, conf=3: [s0:0.0.0.0:41468, s1:0.0.0.0:41619, s2:0.0.0.0:44382], old=null
2019-09-26 09:49:21,508 WARN  ratis.RaftTestUtil (JavaUtils.java:attempt(158)) - FAILED "waitForLeader-null-(expectLeader? true)", attempt #63/100: java.lang.IllegalStateException: No leader yet : printing ALL groups
  s0:  RUNNING  FOLLOWER s0@group-5BD3E7F27A57:t129, leader=null, voted=null, raftlog=s0@group-5BD3E7F27A57-SegmentedRaftLog:OPENED:c3,f4,i4, conf=3: [s0:0.0.0.0:41468, s1:0.0.0.0:41619, s2:0.0.0.0:44382], old=null RUNNING
  s1:  RUNNING CANDIDATE s1@group-5BD3E7F27A57:t129, leader=null, voted=s1, raftlog=s1@group-5BD3E7F27A57-SegmentedRaftLog:OPENED:c2,f3,i3, conf=2: [s0:0.0.0.0:41468, s1:0.0.0.0:41619, s2:0.0.0.0:44382], old=null RUNNING
  s2:  RUNNING CANDIDATE s2@group-5BD3E7F27A57:t129, leader=null, voted=s2, raftlog=s2@group-5BD3E7F27A57-SegmentedRaftLog:OPENED:c1,f3,i3, conf=3: [s0:0.0.0.0:41468, s1:0.0.0.0:41619, s2:0.0.0.0:44382], old=null RUNNING, sleep 450ms and then retry.
java.lang.IllegalStateException: No leader yet : printing ALL groups
  s0:  RUNNING  FOLLOWER s0@group-5BD3E7F27A57:t129, leader=null, voted=null, raftlog=s0@group-5BD3E7F27A57-SegmentedRaftLog:OPENED:c3,f4,i4, conf=3: [s0:0.0.0.0:41468, s1:0.0.0.0:41619, s2:0.0.0.0:44382], old=null RUNNING
  s1:  RUNNING CANDIDATE s1@group-5BD3E7F27A57:t129, leader=null, voted=s1, raftlog=s1@group-5BD3E7F27A57-SegmentedRaftLog:OPENED:c2,f3,i3, conf=2: [s0:0.0.0.0:41468, s1:0.0.0.0:41619, s2:0.0.0.0:44382], old=null RUNNING
  s2:  RUNNING CANDIDATE s2@group-5BD3E7F27A57:t129, leader=null, voted=s2, raftlog=s2@group-5BD3E7F27A57-SegmentedRaftLog:OPENED:c1,f3,i3, conf=3: [s0:0.0.0.0:41468, s1:0.0.0.0:41619, s2:0.0.0.0:44382], old=null RUNNING
	at org.apache.ratis.MiniRaftCluster.newIllegalStateExceptionForNoLeaders(MiniRaftCluster.java:506)
	at org.apache.ratis.RaftTestUtil.lambda$waitForLeader$1(RaftTestUtil.java:90)
	at org.apache.ratis.MiniRaftCluster.getLeader(MiniRaftCluster.java:539)
	at org.apache.ratis.MiniRaftCluster.getLeader(MiniRaftCluster.java:532)
	at org.apache.ratis.RaftTestUtil.lambda$waitForLeader$3(RaftTestUtil.java:98)
	at org.apache.ratis.util.JavaUtils.attempt(JavaUtils.java:152)
	at org.apache.ratis.RaftTestUtil.waitForLeader(RaftTestUtil.java:97)
	at org.apache.ratis.RaftTestUtil.waitForLeader(RaftTestUtil.java:77)
	at org.apache.ratis.RaftTestUtil.waitForLeader(RaftTestUtil.java:72)
	at org.apache.ratis.RaftTestUtil.lambda$changeLeader$7(RaftTestUtil.java:363)
	at org.apache.ratis.util.JavaUtils.attempt(JavaUtils.java:152)
	at org.apache.ratis.RaftTestUtil.changeLeader(RaftTestUtil.java:362)
	at org.apache.ratis.server.impl.LeaderElectionTests.testChangeLeader(LeaderElectionTests.java:81)
	at sun.reflect.NativeMethodAccessorImpl.invoke0(Native Method)
	at sun.reflect.NativeMethodAccessorImpl.invoke(NativeMethodAccessorImpl.java:62)
	at sun.reflect.DelegatingMethodAccessorImpl.invoke(DelegatingMethodAccessorImpl.java:43)
	at java.lang.reflect.Method.invoke(Method.java:498)
	at org.junit.runners.model.FrameworkMethod$1.runReflectiveCall(FrameworkMethod.java:50)
	at org.junit.internal.runners.model.ReflectiveCallable.run(ReflectiveCallable.java:12)
	at org.junit.runners.model.FrameworkMethod.invokeExplosively(FrameworkMethod.java:47)
	at org.junit.internal.runners.statements.InvokeMethod.evaluate(InvokeMethod.java:17)
	at org.junit.internal.runners.statements.RunAfters.evaluate(RunAfters.java:27)
	at org.junit.internal.runners.statements.FailOnTimeout$CallableStatement.call(FailOnTimeout.java:298)
	at org.junit.internal.runners.statements.FailOnTimeout$CallableStatement.call(FailOnTimeout.java:292)
	at java.util.concurrent.FutureTask.run(FutureTask.java:266)
	at java.lang.Thread.run(Thread.java:748)
2019-09-26 09:49:21,523 INFO  impl.LeaderElection (LeaderElection.java:logAndReturn(56)) - s2@group-5BD3E7F27A57-LeaderElection74: Election TIMEOUT; received 1 response(s) [s2<-s0#0:FAIL-t129] and 0 exception(s); s2@group-5BD3E7F27A57:t129, leader=null, voted=s2, raftlog=s2@group-5BD3E7F27A57-SegmentedRaftLog:OPENED:c1,f3,i3, conf=3: [s0:0.0.0.0:41468, s1:0.0.0.0:41619, s2:0.0.0.0:44382], old=null
2019-09-26 09:49:21,536 INFO  impl.LeaderElection (LeaderElection.java:askForVotes(178)) - s2@group-5BD3E7F27A57-LeaderElection74: begin an election at term 130 for 3: [s0:0.0.0.0:41468, s1:0.0.0.0:41619, s2:0.0.0.0:44382], old=null
2019-09-26 09:49:21,536 DEBUG impl.RaftServerImpl (RaftServerImpl.java:requestVote(743)) - s0@group-5BD3E7F27A57: receive requestVote(s2, group-5BD3E7F27A57, 130, (t:4, i:3))
2019-09-26 09:49:21,536 INFO  impl.RaftServerImpl (RaftServerImpl.java:setRole(170)) - s0@group-5BD3E7F27A57: changes role from  FOLLOWER to FOLLOWER at term 130 for recognizeCandidate:s2
2019-09-26 09:49:21,537 INFO  impl.RoleInfo (RoleInfo.java:shutdownFollowerState(121)) - s0: shutdown FollowerState
2019-09-26 09:49:21,537 INFO  impl.RoleInfo (RoleInfo.java:updateAndGet(143)) - s0: start FollowerState
2019-09-26 09:49:21,537 INFO  impl.FollowerState (FollowerState.java:run(117)) - s0@group-5BD3E7F27A57-FollowerState was interrupted: java.lang.InterruptedException: sleep interrupted
2019-09-26 09:49:21,550 DEBUG impl.RaftServerImpl (RaftServerImpl.java:requestVote(775)) - s0@group-5BD3E7F27A57 replies to vote request: s2<-s0#0:FAIL-t130. Peer's state: s0@group-5BD3E7F27A57:t130, leader=null, voted=null, raftlog=s0@group-5BD3E7F27A57-SegmentedRaftLog:OPENED:c3,f4,i4, conf=3: [s0:0.0.0.0:41468, s1:0.0.0.0:41619, s2:0.0.0.0:44382], old=null
2019-09-26 09:49:21,667 INFO  impl.LeaderElection (LeaderElection.java:logAndReturn(56)) - s1@group-5BD3E7F27A57-LeaderElection76: Election TIMEOUT; received 1 response(s) [s1<-s0#0:FAIL-t129] and 0 exception(s); s1@group-5BD3E7F27A57:t129, leader=null, voted=s1, raftlog=s1@group-5BD3E7F27A57-SegmentedRaftLog:OPENED:c2,f3,i3, conf=2: [s0:0.0.0.0:41468, s1:0.0.0.0:41619, s2:0.0.0.0:44382], old=null
2019-09-26 09:49:21,684 INFO  impl.LeaderElection (LeaderElection.java:askForVotes(178)) - s1@group-5BD3E7F27A57-LeaderElection76: begin an election at term 130 for 2: [s0:0.0.0.0:41468, s1:0.0.0.0:41619, s2:0.0.0.0:44382], old=null
2019-09-26 09:49:21,685 DEBUG impl.RaftServerImpl (RaftServerImpl.java:requestVote(743)) - s0@group-5BD3E7F27A57: receive requestVote(s1, group-5BD3E7F27A57, 130, (t:3, i:3))
2019-09-26 09:49:21,685 INFO  impl.RaftServerImpl (RaftServerImpl.java:setRole(170)) - s0@group-5BD3E7F27A57: changes role from  FOLLOWER to FOLLOWER at term 130 for recognizeCandidate:s1
2019-09-26 09:49:21,685 INFO  impl.RoleInfo (RoleInfo.java:shutdownFollowerState(121)) - s0: shutdown FollowerState
2019-09-26 09:49:21,685 INFO  impl.RoleInfo (RoleInfo.java:updateAndGet(143)) - s0: start FollowerState
2019-09-26 09:49:21,685 INFO  impl.FollowerState (FollowerState.java:run(117)) - s0@group-5BD3E7F27A57-FollowerState was interrupted: java.lang.InterruptedException: sleep interrupted
2019-09-26 09:49:21,686 DEBUG impl.RaftServerImpl (RaftServerImpl.java:requestVote(775)) - s0@group-5BD3E7F27A57 replies to vote request: s1<-s0#0:FAIL-t130. Peer's state: s0@group-5BD3E7F27A57:t130, leader=null, voted=null, raftlog=s0@group-5BD3E7F27A57-SegmentedRaftLog:OPENED:c3,f4,i4, conf=3: [s0:0.0.0.0:41468, s1:0.0.0.0:41619, s2:0.0.0.0:44382], old=null
2019-09-26 09:49:21,784 INFO  impl.LeaderElection (LeaderElection.java:logAndReturn(56)) - s2@group-5BD3E7F27A57-LeaderElection74: Election TIMEOUT; received 1 response(s) [s2<-s0#0:FAIL-t130] and 0 exception(s); s2@group-5BD3E7F27A57:t130, leader=null, voted=s2, raftlog=s2@group-5BD3E7F27A57-SegmentedRaftLog:OPENED:c1,f3,i3, conf=3: [s0:0.0.0.0:41468, s1:0.0.0.0:41619, s2:0.0.0.0:44382], old=null
2019-09-26 09:49:21,798 INFO  impl.LeaderElection (LeaderElection.java:askForVotes(178)) - s2@group-5BD3E7F27A57-LeaderElection74: begin an election at term 131 for 3: [s0:0.0.0.0:41468, s1:0.0.0.0:41619, s2:0.0.0.0:44382], old=null
2019-09-26 09:49:21,798 DEBUG impl.RaftServerImpl (RaftServerImpl.java:requestVote(743)) - s0@group-5BD3E7F27A57: receive requestVote(s2, group-5BD3E7F27A57, 131, (t:4, i:3))
2019-09-26 09:49:21,798 INFO  impl.RaftServerImpl (RaftServerImpl.java:setRole(170)) - s0@group-5BD3E7F27A57: changes role from  FOLLOWER to FOLLOWER at term 131 for recognizeCandidate:s2
2019-09-26 09:49:21,798 INFO  impl.RoleInfo (RoleInfo.java:shutdownFollowerState(121)) - s0: shutdown FollowerState
2019-09-26 09:49:21,799 INFO  impl.RoleInfo (RoleInfo.java:updateAndGet(143)) - s0: start FollowerState
2019-09-26 09:49:21,799 INFO  impl.FollowerState (FollowerState.java:run(117)) - s0@group-5BD3E7F27A57-FollowerState was interrupted: java.lang.InterruptedException: sleep interrupted
2019-09-26 09:49:21,812 DEBUG impl.RaftServerImpl (RaftServerImpl.java:requestVote(775)) - s0@group-5BD3E7F27A57 replies to vote request: s2<-s0#0:FAIL-t131. Peer's state: s0@group-5BD3E7F27A57:t131, leader=null, voted=null, raftlog=s0@group-5BD3E7F27A57-SegmentedRaftLog:OPENED:c3,f4,i4, conf=3: [s0:0.0.0.0:41468, s1:0.0.0.0:41619, s2:0.0.0.0:44382], old=null
2019-09-26 09:49:21,882 INFO  impl.LeaderElection (LeaderElection.java:logAndReturn(56)) - s1@group-5BD3E7F27A57-LeaderElection76: Election TIMEOUT; received 1 response(s) [s1<-s0#0:FAIL-t130] and 0 exception(s); s1@group-5BD3E7F27A57:t130, leader=null, voted=s1, raftlog=s1@group-5BD3E7F27A57-SegmentedRaftLog:OPENED:c2,f3,i3, conf=2: [s0:0.0.0.0:41468, s1:0.0.0.0:41619, s2:0.0.0.0:44382], old=null
2019-09-26 09:49:21,896 INFO  impl.LeaderElection (LeaderElection.java:askForVotes(178)) - s1@group-5BD3E7F27A57-LeaderElection76: begin an election at term 131 for 2: [s0:0.0.0.0:41468, s1:0.0.0.0:41619, s2:0.0.0.0:44382], old=null
2019-09-26 09:49:21,896 DEBUG impl.RaftServerImpl (RaftServerImpl.java:requestVote(743)) - s0@group-5BD3E7F27A57: receive requestVote(s1, group-5BD3E7F27A57, 131, (t:3, i:3))
2019-09-26 09:49:21,896 INFO  impl.RaftServerImpl (RaftServerImpl.java:setRole(170)) - s0@group-5BD3E7F27A57: changes role from  FOLLOWER to FOLLOWER at term 131 for recognizeCandidate:s1
2019-09-26 09:49:21,896 INFO  impl.RoleInfo (RoleInfo.java:shutdownFollowerState(121)) - s0: shutdown FollowerState
2019-09-26 09:49:21,896 INFO  impl.RoleInfo (RoleInfo.java:updateAndGet(143)) - s0: start FollowerState
2019-09-26 09:49:21,897 INFO  impl.FollowerState (FollowerState.java:run(117)) - s0@group-5BD3E7F27A57-FollowerState was interrupted: java.lang.InterruptedException: sleep interrupted
2019-09-26 09:49:21,897 DEBUG impl.RaftServerImpl (RaftServerImpl.java:requestVote(775)) - s0@group-5BD3E7F27A57 replies to vote request: s1<-s0#0:FAIL-t131. Peer's state: s0@group-5BD3E7F27A57:t131, leader=null, voted=null, raftlog=s0@group-5BD3E7F27A57-SegmentedRaftLog:OPENED:c3,f4,i4, conf=3: [s0:0.0.0.0:41468, s1:0.0.0.0:41619, s2:0.0.0.0:44382], old=null
2019-09-26 09:49:21,959 WARN  ratis.RaftTestUtil (JavaUtils.java:attempt(158)) - FAILED "waitForLeader-null-(expectLeader? true)", attempt #64/100: java.lang.IllegalStateException: No leader yet : printing ALL groups
  s0:  RUNNING  FOLLOWER s0@group-5BD3E7F27A57:t131, leader=null, voted=null, raftlog=s0@group-5BD3E7F27A57-SegmentedRaftLog:OPENED:c3,f4,i4, conf=3: [s0:0.0.0.0:41468, s1:0.0.0.0:41619, s2:0.0.0.0:44382], old=null RUNNING
  s1:  RUNNING CANDIDATE s1@group-5BD3E7F27A57:t131, leader=null, voted=s1, raftlog=s1@group-5BD3E7F27A57-SegmentedRaftLog:OPENED:c2,f3,i3, conf=2: [s0:0.0.0.0:41468, s1:0.0.0.0:41619, s2:0.0.0.0:44382], old=null RUNNING
  s2:  RUNNING CANDIDATE s2@group-5BD3E7F27A57:t131, leader=null, voted=s2, raftlog=s2@group-5BD3E7F27A57-SegmentedRaftLog:OPENED:c1,f3,i3, conf=3: [s0:0.0.0.0:41468, s1:0.0.0.0:41619, s2:0.0.0.0:44382], old=null RUNNING, sleep 450ms and then retry.
java.lang.IllegalStateException: No leader yet : printing ALL groups
  s0:  RUNNING  FOLLOWER s0@group-5BD3E7F27A57:t131, leader=null, voted=null, raftlog=s0@group-5BD3E7F27A57-SegmentedRaftLog:OPENED:c3,f4,i4, conf=3: [s0:0.0.0.0:41468, s1:0.0.0.0:41619, s2:0.0.0.0:44382], old=null RUNNING
  s1:  RUNNING CANDIDATE s1@group-5BD3E7F27A57:t131, leader=null, voted=s1, raftlog=s1@group-5BD3E7F27A57-SegmentedRaftLog:OPENED:c2,f3,i3, conf=2: [s0:0.0.0.0:41468, s1:0.0.0.0:41619, s2:0.0.0.0:44382], old=null RUNNING
  s2:  RUNNING CANDIDATE s2@group-5BD3E7F27A57:t131, leader=null, voted=s2, raftlog=s2@group-5BD3E7F27A57-SegmentedRaftLog:OPENED:c1,f3,i3, conf=3: [s0:0.0.0.0:41468, s1:0.0.0.0:41619, s2:0.0.0.0:44382], old=null RUNNING
	at org.apache.ratis.MiniRaftCluster.newIllegalStateExceptionForNoLeaders(MiniRaftCluster.java:506)
	at org.apache.ratis.RaftTestUtil.lambda$waitForLeader$1(RaftTestUtil.java:90)
	at org.apache.ratis.MiniRaftCluster.getLeader(MiniRaftCluster.java:539)
	at org.apache.ratis.MiniRaftCluster.getLeader(MiniRaftCluster.java:532)
	at org.apache.ratis.RaftTestUtil.lambda$waitForLeader$3(RaftTestUtil.java:98)
	at org.apache.ratis.util.JavaUtils.attempt(JavaUtils.java:152)
	at org.apache.ratis.RaftTestUtil.waitForLeader(RaftTestUtil.java:97)
	at org.apache.ratis.RaftTestUtil.waitForLeader(RaftTestUtil.java:77)
	at org.apache.ratis.RaftTestUtil.waitForLeader(RaftTestUtil.java:72)
	at org.apache.ratis.RaftTestUtil.lambda$changeLeader$7(RaftTestUtil.java:363)
	at org.apache.ratis.util.JavaUtils.attempt(JavaUtils.java:152)
	at org.apache.ratis.RaftTestUtil.changeLeader(RaftTestUtil.java:362)
	at org.apache.ratis.server.impl.LeaderElectionTests.testChangeLeader(LeaderElectionTests.java:81)
	at sun.reflect.NativeMethodAccessorImpl.invoke0(Native Method)
	at sun.reflect.NativeMethodAccessorImpl.invoke(NativeMethodAccessorImpl.java:62)
	at sun.reflect.DelegatingMethodAccessorImpl.invoke(DelegatingMethodAccessorImpl.java:43)
	at java.lang.reflect.Method.invoke(Method.java:498)
	at org.junit.runners.model.FrameworkMethod$1.runReflectiveCall(FrameworkMethod.java:50)
	at org.junit.internal.runners.model.ReflectiveCallable.run(ReflectiveCallable.java:12)
	at org.junit.runners.model.FrameworkMethod.invokeExplosively(FrameworkMethod.java:47)
	at org.junit.internal.runners.statements.InvokeMethod.evaluate(InvokeMethod.java:17)
	at org.junit.internal.runners.statements.RunAfters.evaluate(RunAfters.java:27)
	at org.junit.internal.runners.statements.FailOnTimeout$CallableStatement.call(FailOnTimeout.java:298)
	at org.junit.internal.runners.statements.FailOnTimeout$CallableStatement.call(FailOnTimeout.java:292)
	at java.util.concurrent.FutureTask.run(FutureTask.java:266)
	at java.lang.Thread.run(Thread.java:748)
2019-09-26 09:49:21,959 INFO  impl.LeaderElection (LeaderElection.java:logAndReturn(56)) - s2@group-5BD3E7F27A57-LeaderElection74: Election TIMEOUT; received 1 response(s) [s2<-s0#0:FAIL-t131] and 0 exception(s); s2@group-5BD3E7F27A57:t131, leader=null, voted=s2, raftlog=s2@group-5BD3E7F27A57-SegmentedRaftLog:OPENED:c1,f3,i3, conf=3: [s0:0.0.0.0:41468, s1:0.0.0.0:41619, s2:0.0.0.0:44382], old=null
2019-09-26 09:49:21,976 INFO  impl.LeaderElection (LeaderElection.java:askForVotes(178)) - s2@group-5BD3E7F27A57-LeaderElection74: begin an election at term 132 for 3: [s0:0.0.0.0:41468, s1:0.0.0.0:41619, s2:0.0.0.0:44382], old=null
2019-09-26 09:49:21,976 DEBUG impl.RaftServerImpl (RaftServerImpl.java:requestVote(743)) - s0@group-5BD3E7F27A57: receive requestVote(s2, group-5BD3E7F27A57, 132, (t:4, i:3))
2019-09-26 09:49:21,977 INFO  impl.RaftServerImpl (RaftServerImpl.java:setRole(170)) - s0@group-5BD3E7F27A57: changes role from  FOLLOWER to FOLLOWER at term 132 for recognizeCandidate:s2
2019-09-26 09:49:21,977 INFO  impl.RoleInfo (RoleInfo.java:shutdownFollowerState(121)) - s0: shutdown FollowerState
2019-09-26 09:49:21,977 INFO  impl.RoleInfo (RoleInfo.java:updateAndGet(143)) - s0: start FollowerState
2019-09-26 09:49:21,977 INFO  impl.FollowerState (FollowerState.java:run(117)) - s0@group-5BD3E7F27A57-FollowerState was interrupted: java.lang.InterruptedException: sleep interrupted
2019-09-26 09:49:21,989 DEBUG impl.RaftServerImpl (RaftServerImpl.java:requestVote(775)) - s0@group-5BD3E7F27A57 replies to vote request: s2<-s0#0:FAIL-t132. Peer's state: s0@group-5BD3E7F27A57:t132, leader=null, voted=null, raftlog=s0@group-5BD3E7F27A57-SegmentedRaftLog:OPENED:c3,f4,i4, conf=3: [s0:0.0.0.0:41468, s1:0.0.0.0:41619, s2:0.0.0.0:44382], old=null
2019-09-26 09:49:22,090 INFO  impl.LeaderElection (LeaderElection.java:logAndReturn(56)) - s1@group-5BD3E7F27A57-LeaderElection76: Election TIMEOUT; received 1 response(s) [s1<-s0#0:FAIL-t131] and 0 exception(s); s1@group-5BD3E7F27A57:t131, leader=null, voted=s1, raftlog=s1@group-5BD3E7F27A57-SegmentedRaftLog:OPENED:c2,f3,i3, conf=2: [s0:0.0.0.0:41468, s1:0.0.0.0:41619, s2:0.0.0.0:44382], old=null
2019-09-26 09:49:22,103 INFO  impl.LeaderElection (LeaderElection.java:askForVotes(178)) - s1@group-5BD3E7F27A57-LeaderElection76: begin an election at term 132 for 2: [s0:0.0.0.0:41468, s1:0.0.0.0:41619, s2:0.0.0.0:44382], old=null
2019-09-26 09:49:22,104 DEBUG impl.RaftServerImpl (RaftServerImpl.java:requestVote(743)) - s0@group-5BD3E7F27A57: receive requestVote(s1, group-5BD3E7F27A57, 132, (t:3, i:3))
2019-09-26 09:49:22,104 INFO  impl.RaftServerImpl (RaftServerImpl.java:setRole(170)) - s0@group-5BD3E7F27A57: changes role from  FOLLOWER to FOLLOWER at term 132 for recognizeCandidate:s1
2019-09-26 09:49:22,104 INFO  impl.RoleInfo (RoleInfo.java:shutdownFollowerState(121)) - s0: shutdown FollowerState
2019-09-26 09:49:22,104 INFO  impl.RoleInfo (RoleInfo.java:updateAndGet(143)) - s0: start FollowerState
2019-09-26 09:49:22,105 INFO  impl.FollowerState (FollowerState.java:run(117)) - s0@group-5BD3E7F27A57-FollowerState was interrupted: java.lang.InterruptedException: sleep interrupted
2019-09-26 09:49:22,105 DEBUG impl.RaftServerImpl (RaftServerImpl.java:requestVote(775)) - s0@group-5BD3E7F27A57 replies to vote request: s1<-s0#0:FAIL-t132. Peer's state: s0@group-5BD3E7F27A57:t132, leader=null, voted=null, raftlog=s0@group-5BD3E7F27A57-SegmentedRaftLog:OPENED:c3,f4,i4, conf=3: [s0:0.0.0.0:41468, s1:0.0.0.0:41619, s2:0.0.0.0:44382], old=null
2019-09-26 09:49:22,225 INFO  impl.LeaderElection (LeaderElection.java:logAndReturn(56)) - s2@group-5BD3E7F27A57-LeaderElection74: Election TIMEOUT; received 1 response(s) [s2<-s0#0:FAIL-t132] and 0 exception(s); s2@group-5BD3E7F27A57:t132, leader=null, voted=s2, raftlog=s2@group-5BD3E7F27A57-SegmentedRaftLog:OPENED:c1,f3,i3, conf=3: [s0:0.0.0.0:41468, s1:0.0.0.0:41619, s2:0.0.0.0:44382], old=null
2019-09-26 09:49:22,238 INFO  impl.LeaderElection (LeaderElection.java:askForVotes(178)) - s2@group-5BD3E7F27A57-LeaderElection74: begin an election at term 133 for 3: [s0:0.0.0.0:41468, s1:0.0.0.0:41619, s2:0.0.0.0:44382], old=null
2019-09-26 09:49:22,239 DEBUG impl.RaftServerImpl (RaftServerImpl.java:requestVote(743)) - s0@group-5BD3E7F27A57: receive requestVote(s2, group-5BD3E7F27A57, 133, (t:4, i:3))
2019-09-26 09:49:22,239 INFO  impl.RaftServerImpl (RaftServerImpl.java:setRole(170)) - s0@group-5BD3E7F27A57: changes role from  FOLLOWER to FOLLOWER at term 133 for recognizeCandidate:s2
2019-09-26 09:49:22,239 INFO  impl.RoleInfo (RoleInfo.java:shutdownFollowerState(121)) - s0: shutdown FollowerState
2019-09-26 09:49:22,239 INFO  impl.RoleInfo (RoleInfo.java:updateAndGet(143)) - s0: start FollowerState
2019-09-26 09:49:22,239 INFO  impl.FollowerState (FollowerState.java:run(117)) - s0@group-5BD3E7F27A57-FollowerState was interrupted: java.lang.InterruptedException: sleep interrupted
2019-09-26 09:49:22,267 DEBUG impl.RaftServerImpl (RaftServerImpl.java:requestVote(775)) - s0@group-5BD3E7F27A57 replies to vote request: s2<-s0#0:FAIL-t133. Peer's state: s0@group-5BD3E7F27A57:t133, leader=null, voted=null, raftlog=s0@group-5BD3E7F27A57-SegmentedRaftLog:OPENED:c3,f4,i4, conf=3: [s0:0.0.0.0:41468, s1:0.0.0.0:41619, s2:0.0.0.0:44382], old=null
2019-09-26 09:49:22,291 INFO  impl.LeaderElection (LeaderElection.java:logAndReturn(56)) - s1@group-5BD3E7F27A57-LeaderElection76: Election TIMEOUT; received 1 response(s) [s1<-s0#0:FAIL-t132] and 0 exception(s); s1@group-5BD3E7F27A57:t132, leader=null, voted=s1, raftlog=s1@group-5BD3E7F27A57-SegmentedRaftLog:OPENED:c2,f3,i3, conf=2: [s0:0.0.0.0:41468, s1:0.0.0.0:41619, s2:0.0.0.0:44382], old=null
2019-09-26 09:49:22,304 INFO  impl.LeaderElection (LeaderElection.java:askForVotes(178)) - s1@group-5BD3E7F27A57-LeaderElection76: begin an election at term 133 for 2: [s0:0.0.0.0:41468, s1:0.0.0.0:41619, s2:0.0.0.0:44382], old=null
2019-09-26 09:49:22,305 DEBUG impl.RaftServerImpl (RaftServerImpl.java:requestVote(743)) - s0@group-5BD3E7F27A57: receive requestVote(s1, group-5BD3E7F27A57, 133, (t:3, i:3))
2019-09-26 09:49:22,305 INFO  impl.RaftServerImpl (RaftServerImpl.java:setRole(170)) - s0@group-5BD3E7F27A57: changes role from  FOLLOWER to FOLLOWER at term 133 for recognizeCandidate:s1
2019-09-26 09:49:22,305 INFO  impl.RoleInfo (RoleInfo.java:shutdownFollowerState(121)) - s0: shutdown FollowerState
2019-09-26 09:49:22,305 INFO  impl.RoleInfo (RoleInfo.java:updateAndGet(143)) - s0: start FollowerState
2019-09-26 09:49:22,305 INFO  impl.FollowerState (FollowerState.java:run(117)) - s0@group-5BD3E7F27A57-FollowerState was interrupted: java.lang.InterruptedException: sleep interrupted
2019-09-26 09:49:22,305 DEBUG impl.RaftServerImpl (RaftServerImpl.java:requestVote(775)) - s0@group-5BD3E7F27A57 replies to vote request: s1<-s0#0:FAIL-t133. Peer's state: s0@group-5BD3E7F27A57:t133, leader=null, voted=null, raftlog=s0@group-5BD3E7F27A57-SegmentedRaftLog:OPENED:c3,f4,i4, conf=3: [s0:0.0.0.0:41468, s1:0.0.0.0:41619, s2:0.0.0.0:44382], old=null
2019-09-26 09:49:22,410 WARN  ratis.RaftTestUtil (JavaUtils.java:attempt(158)) - FAILED "waitForLeader-null-(expectLeader? true)", attempt #65/100: java.lang.IllegalStateException: No leader yet : printing ALL groups
  s0:  RUNNING  FOLLOWER s0@group-5BD3E7F27A57:t133, leader=null, voted=null, raftlog=s0@group-5BD3E7F27A57-SegmentedRaftLog:OPENED:c3,f4,i4, conf=3: [s0:0.0.0.0:41468, s1:0.0.0.0:41619, s2:0.0.0.0:44382], old=null RUNNING
  s1:  RUNNING CANDIDATE s1@group-5BD3E7F27A57:t133, leader=null, voted=s1, raftlog=s1@group-5BD3E7F27A57-SegmentedRaftLog:OPENED:c2,f3,i3, conf=2: [s0:0.0.0.0:41468, s1:0.0.0.0:41619, s2:0.0.0.0:44382], old=null RUNNING
  s2:  RUNNING CANDIDATE s2@group-5BD3E7F27A57:t133, leader=null, voted=s2, raftlog=s2@group-5BD3E7F27A57-SegmentedRaftLog:OPENED:c1,f3,i3, conf=3: [s0:0.0.0.0:41468, s1:0.0.0.0:41619, s2:0.0.0.0:44382], old=null RUNNING, sleep 450ms and then retry.
java.lang.IllegalStateException: No leader yet : printing ALL groups
  s0:  RUNNING  FOLLOWER s0@group-5BD3E7F27A57:t133, leader=null, voted=null, raftlog=s0@group-5BD3E7F27A57-SegmentedRaftLog:OPENED:c3,f4,i4, conf=3: [s0:0.0.0.0:41468, s1:0.0.0.0:41619, s2:0.0.0.0:44382], old=null RUNNING
  s1:  RUNNING CANDIDATE s1@group-5BD3E7F27A57:t133, leader=null, voted=s1, raftlog=s1@group-5BD3E7F27A57-SegmentedRaftLog:OPENED:c2,f3,i3, conf=2: [s0:0.0.0.0:41468, s1:0.0.0.0:41619, s2:0.0.0.0:44382], old=null RUNNING
  s2:  RUNNING CANDIDATE s2@group-5BD3E7F27A57:t133, leader=null, voted=s2, raftlog=s2@group-5BD3E7F27A57-SegmentedRaftLog:OPENED:c1,f3,i3, conf=3: [s0:0.0.0.0:41468, s1:0.0.0.0:41619, s2:0.0.0.0:44382], old=null RUNNING
	at org.apache.ratis.MiniRaftCluster.newIllegalStateExceptionForNoLeaders(MiniRaftCluster.java:506)
	at org.apache.ratis.RaftTestUtil.lambda$waitForLeader$1(RaftTestUtil.java:90)
	at org.apache.ratis.MiniRaftCluster.getLeader(MiniRaftCluster.java:539)
	at org.apache.ratis.MiniRaftCluster.getLeader(MiniRaftCluster.java:532)
	at org.apache.ratis.RaftTestUtil.lambda$waitForLeader$3(RaftTestUtil.java:98)
	at org.apache.ratis.util.JavaUtils.attempt(JavaUtils.java:152)
	at org.apache.ratis.RaftTestUtil.waitForLeader(RaftTestUtil.java:97)
	at org.apache.ratis.RaftTestUtil.waitForLeader(RaftTestUtil.java:77)
	at org.apache.ratis.RaftTestUtil.waitForLeader(RaftTestUtil.java:72)
	at org.apache.ratis.RaftTestUtil.lambda$changeLeader$7(RaftTestUtil.java:363)
	at org.apache.ratis.util.JavaUtils.attempt(JavaUtils.java:152)
	at org.apache.ratis.RaftTestUtil.changeLeader(RaftTestUtil.java:362)
	at org.apache.ratis.server.impl.LeaderElectionTests.testChangeLeader(LeaderElectionTests.java:81)
	at sun.reflect.NativeMethodAccessorImpl.invoke0(Native Method)
	at sun.reflect.NativeMethodAccessorImpl.invoke(NativeMethodAccessorImpl.java:62)
	at sun.reflect.DelegatingMethodAccessorImpl.invoke(DelegatingMethodAccessorImpl.java:43)
	at java.lang.reflect.Method.invoke(Method.java:498)
	at org.junit.runners.model.FrameworkMethod$1.runReflectiveCall(FrameworkMethod.java:50)
	at org.junit.internal.runners.model.ReflectiveCallable.run(ReflectiveCallable.java:12)
	at org.junit.runners.model.FrameworkMethod.invokeExplosively(FrameworkMethod.java:47)
	at org.junit.internal.runners.statements.InvokeMethod.evaluate(InvokeMethod.java:17)
	at org.junit.internal.runners.statements.RunAfters.evaluate(RunAfters.java:27)
	at org.junit.internal.runners.statements.FailOnTimeout$CallableStatement.call(FailOnTimeout.java:298)
	at org.junit.internal.runners.statements.FailOnTimeout$CallableStatement.call(FailOnTimeout.java:292)
	at java.util.concurrent.FutureTask.run(FutureTask.java:266)
	at java.lang.Thread.run(Thread.java:748)
2019-09-26 09:49:22,450 INFO  impl.LeaderElection (LeaderElection.java:logAndReturn(56)) - s2@group-5BD3E7F27A57-LeaderElection74: Election TIMEOUT; received 1 response(s) [s2<-s0#0:FAIL-t133] and 0 exception(s); s2@group-5BD3E7F27A57:t133, leader=null, voted=s2, raftlog=s2@group-5BD3E7F27A57-SegmentedRaftLog:OPENED:c1,f3,i3, conf=3: [s0:0.0.0.0:41468, s1:0.0.0.0:41619, s2:0.0.0.0:44382], old=null
2019-09-26 09:49:22,463 INFO  impl.LeaderElection (LeaderElection.java:askForVotes(178)) - s2@group-5BD3E7F27A57-LeaderElection74: begin an election at term 134 for 3: [s0:0.0.0.0:41468, s1:0.0.0.0:41619, s2:0.0.0.0:44382], old=null
2019-09-26 09:49:22,464 DEBUG impl.RaftServerImpl (RaftServerImpl.java:requestVote(743)) - s0@group-5BD3E7F27A57: receive requestVote(s2, group-5BD3E7F27A57, 134, (t:4, i:3))
2019-09-26 09:49:22,464 INFO  impl.RaftServerImpl (RaftServerImpl.java:setRole(170)) - s0@group-5BD3E7F27A57: changes role from  FOLLOWER to FOLLOWER at term 134 for recognizeCandidate:s2
2019-09-26 09:49:22,464 INFO  impl.RoleInfo (RoleInfo.java:shutdownFollowerState(121)) - s0: shutdown FollowerState
2019-09-26 09:49:22,464 INFO  impl.RoleInfo (RoleInfo.java:updateAndGet(143)) - s0: start FollowerState
2019-09-26 09:49:22,464 INFO  impl.FollowerState (FollowerState.java:run(117)) - s0@group-5BD3E7F27A57-FollowerState was interrupted: java.lang.InterruptedException: sleep interrupted
2019-09-26 09:49:22,477 DEBUG impl.RaftServerImpl (RaftServerImpl.java:requestVote(775)) - s0@group-5BD3E7F27A57 replies to vote request: s2<-s0#0:FAIL-t134. Peer's state: s0@group-5BD3E7F27A57:t134, leader=null, voted=null, raftlog=s0@group-5BD3E7F27A57-SegmentedRaftLog:OPENED:c3,f4,i4, conf=3: [s0:0.0.0.0:41468, s1:0.0.0.0:41619, s2:0.0.0.0:44382], old=null
2019-09-26 09:49:22,538 INFO  impl.LeaderElection (LeaderElection.java:logAndReturn(56)) - s1@group-5BD3E7F27A57-LeaderElection76: Election TIMEOUT; received 1 response(s) [s1<-s0#0:FAIL-t133] and 0 exception(s); s1@group-5BD3E7F27A57:t133, leader=null, voted=s1, raftlog=s1@group-5BD3E7F27A57-SegmentedRaftLog:OPENED:c2,f3,i3, conf=2: [s0:0.0.0.0:41468, s1:0.0.0.0:41619, s2:0.0.0.0:44382], old=null
2019-09-26 09:49:22,551 INFO  impl.LeaderElection (LeaderElection.java:askForVotes(178)) - s1@group-5BD3E7F27A57-LeaderElection76: begin an election at term 134 for 2: [s0:0.0.0.0:41468, s1:0.0.0.0:41619, s2:0.0.0.0:44382], old=null
2019-09-26 09:49:22,552 DEBUG impl.RaftServerImpl (RaftServerImpl.java:requestVote(743)) - s0@group-5BD3E7F27A57: receive requestVote(s1, group-5BD3E7F27A57, 134, (t:3, i:3))
2019-09-26 09:49:22,552 INFO  impl.RaftServerImpl (RaftServerImpl.java:setRole(170)) - s0@group-5BD3E7F27A57: changes role from  FOLLOWER to FOLLOWER at term 134 for recognizeCandidate:s1
2019-09-26 09:49:22,552 INFO  impl.RoleInfo (RoleInfo.java:shutdownFollowerState(121)) - s0: shutdown FollowerState
2019-09-26 09:49:22,552 INFO  impl.RoleInfo (RoleInfo.java:updateAndGet(143)) - s0: start FollowerState
2019-09-26 09:49:22,552 INFO  impl.FollowerState (FollowerState.java:run(117)) - s0@group-5BD3E7F27A57-FollowerState was interrupted: java.lang.InterruptedException: sleep interrupted
2019-09-26 09:49:22,553 DEBUG impl.RaftServerImpl (RaftServerImpl.java:requestVote(775)) - s0@group-5BD3E7F27A57 replies to vote request: s1<-s0#0:FAIL-t134. Peer's state: s0@group-5BD3E7F27A57:t134, leader=null, voted=null, raftlog=s0@group-5BD3E7F27A57-SegmentedRaftLog:OPENED:c3,f4,i4, conf=3: [s0:0.0.0.0:41468, s1:0.0.0.0:41619, s2:0.0.0.0:44382], old=null
2019-09-26 09:49:22,726 INFO  impl.FollowerState (FollowerState.java:run(108)) - s0@group-5BD3E7F27A57-FollowerState: change to CANDIDATE, lastRpcTime:173ms, electionTimeout:173ms
2019-09-26 09:49:22,726 INFO  impl.RoleInfo (RoleInfo.java:shutdownFollowerState(121)) - s0: shutdown FollowerState
2019-09-26 09:49:22,726 INFO  impl.RaftServerImpl (RaftServerImpl.java:setRole(170)) - s0@group-5BD3E7F27A57: changes role from  FOLLOWER to CANDIDATE at term 134 for changeToCandidate
2019-09-26 09:49:22,726 INFO  impl.RoleInfo (RoleInfo.java:updateAndGet(143)) - s0: start LeaderElection
2019-09-26 09:49:22,739 INFO  impl.LeaderElection (LeaderElection.java:askForVotes(178)) - s0@group-5BD3E7F27A57-LeaderElection77: begin an election at term 135 for 3: [s0:0.0.0.0:41468, s1:0.0.0.0:41619, s2:0.0.0.0:44382], old=null
2019-09-26 09:49:22,745 INFO  impl.LeaderElection (LeaderElection.java:logAndReturn(56)) - s2@group-5BD3E7F27A57-LeaderElection74: Election TIMEOUT; received 1 response(s) [s2<-s0#0:FAIL-t134] and 0 exception(s); s2@group-5BD3E7F27A57:t134, leader=null, voted=s2, raftlog=s2@group-5BD3E7F27A57-SegmentedRaftLog:OPENED:c1,f3,i3, conf=3: [s0:0.0.0.0:41468, s1:0.0.0.0:41619, s2:0.0.0.0:44382], old=null
2019-09-26 09:49:22,752 INFO  impl.LeaderElection (LeaderElection.java:askForVotes(178)) - s2@group-5BD3E7F27A57-LeaderElection74: begin an election at term 135 for 3: [s0:0.0.0.0:41468, s1:0.0.0.0:41619, s2:0.0.0.0:44382], old=null
2019-09-26 09:49:22,753 DEBUG impl.RaftServerImpl (RaftServerImpl.java:requestVote(743)) - s0@group-5BD3E7F27A57: receive requestVote(s2, group-5BD3E7F27A57, 135, (t:4, i:3))
2019-09-26 09:49:22,753 DEBUG impl.RaftServerImpl (RaftServerImpl.java:requestVote(775)) - s0@group-5BD3E7F27A57 replies to vote request: s2<-s0#0:FAIL-t135. Peer's state: s0@group-5BD3E7F27A57:t135, leader=null, voted=s0, raftlog=s0@group-5BD3E7F27A57-SegmentedRaftLog:OPENED:c3,f4,i4, conf=3: [s0:0.0.0.0:41468, s1:0.0.0.0:41619, s2:0.0.0.0:44382], old=null
2019-09-26 09:49:22,818 INFO  impl.LeaderElection (LeaderElection.java:logAndReturn(56)) - s1@group-5BD3E7F27A57-LeaderElection76: Election TIMEOUT; received 1 response(s) [s1<-s0#0:FAIL-t134] and 0 exception(s); s1@group-5BD3E7F27A57:t134, leader=null, voted=s1, raftlog=s1@group-5BD3E7F27A57-SegmentedRaftLog:OPENED:c2,f3,i3, conf=2: [s0:0.0.0.0:41468, s1:0.0.0.0:41619, s2:0.0.0.0:44382], old=null
2019-09-26 09:49:22,831 INFO  impl.LeaderElection (LeaderElection.java:askForVotes(178)) - s1@group-5BD3E7F27A57-LeaderElection76: begin an election at term 135 for 2: [s0:0.0.0.0:41468, s1:0.0.0.0:41619, s2:0.0.0.0:44382], old=null
2019-09-26 09:49:22,832 DEBUG impl.RaftServerImpl (RaftServerImpl.java:requestVote(743)) - s0@group-5BD3E7F27A57: receive requestVote(s1, group-5BD3E7F27A57, 135, (t:3, i:3))
2019-09-26 09:49:22,832 DEBUG impl.RaftServerImpl (RaftServerImpl.java:requestVote(775)) - s0@group-5BD3E7F27A57 replies to vote request: s1<-s0#0:FAIL-t135. Peer's state: s0@group-5BD3E7F27A57:t135, leader=null, voted=s0, raftlog=s0@group-5BD3E7F27A57-SegmentedRaftLog:OPENED:c3,f4,i4, conf=3: [s0:0.0.0.0:41468, s1:0.0.0.0:41619, s2:0.0.0.0:44382], old=null
2019-09-26 09:49:22,861 WARN  ratis.RaftTestUtil (JavaUtils.java:attempt(158)) - FAILED "waitForLeader-null-(expectLeader? true)", attempt #66/100: java.lang.IllegalStateException: No leader yet : printing ALL groups
  s0:  RUNNING CANDIDATE s0@group-5BD3E7F27A57:t135, leader=null, voted=s0, raftlog=s0@group-5BD3E7F27A57-SegmentedRaftLog:OPENED:c3,f4,i4, conf=3: [s0:0.0.0.0:41468, s1:0.0.0.0:41619, s2:0.0.0.0:44382], old=null RUNNING
  s1:  RUNNING CANDIDATE s1@group-5BD3E7F27A57:t135, leader=null, voted=s1, raftlog=s1@group-5BD3E7F27A57-SegmentedRaftLog:OPENED:c2,f3,i3, conf=2: [s0:0.0.0.0:41468, s1:0.0.0.0:41619, s2:0.0.0.0:44382], old=null RUNNING
  s2:  RUNNING CANDIDATE s2@group-5BD3E7F27A57:t135, leader=null, voted=s2, raftlog=s2@group-5BD3E7F27A57-SegmentedRaftLog:OPENED:c1,f3,i3, conf=3: [s0:0.0.0.0:41468, s1:0.0.0.0:41619, s2:0.0.0.0:44382], old=null RUNNING, sleep 450ms and then retry.
java.lang.IllegalStateException: No leader yet : printing ALL groups
  s0:  RUNNING CANDIDATE s0@group-5BD3E7F27A57:t135, leader=null, voted=s0, raftlog=s0@group-5BD3E7F27A57-SegmentedRaftLog:OPENED:c3,f4,i4, conf=3: [s0:0.0.0.0:41468, s1:0.0.0.0:41619, s2:0.0.0.0:44382], old=null RUNNING
  s1:  RUNNING CANDIDATE s1@group-5BD3E7F27A57:t135, leader=null, voted=s1, raftlog=s1@group-5BD3E7F27A57-SegmentedRaftLog:OPENED:c2,f3,i3, conf=2: [s0:0.0.0.0:41468, s1:0.0.0.0:41619, s2:0.0.0.0:44382], old=null RUNNING
  s2:  RUNNING CANDIDATE s2@group-5BD3E7F27A57:t135, leader=null, voted=s2, raftlog=s2@group-5BD3E7F27A57-SegmentedRaftLog:OPENED:c1,f3,i3, conf=3: [s0:0.0.0.0:41468, s1:0.0.0.0:41619, s2:0.0.0.0:44382], old=null RUNNING
	at org.apache.ratis.MiniRaftCluster.newIllegalStateExceptionForNoLeaders(MiniRaftCluster.java:506)
	at org.apache.ratis.RaftTestUtil.lambda$waitForLeader$1(RaftTestUtil.java:90)
	at org.apache.ratis.MiniRaftCluster.getLeader(MiniRaftCluster.java:539)
	at org.apache.ratis.MiniRaftCluster.getLeader(MiniRaftCluster.java:532)
	at org.apache.ratis.RaftTestUtil.lambda$waitForLeader$3(RaftTestUtil.java:98)
	at org.apache.ratis.util.JavaUtils.attempt(JavaUtils.java:152)
	at org.apache.ratis.RaftTestUtil.waitForLeader(RaftTestUtil.java:97)
	at org.apache.ratis.RaftTestUtil.waitForLeader(RaftTestUtil.java:77)
	at org.apache.ratis.RaftTestUtil.waitForLeader(RaftTestUtil.java:72)
	at org.apache.ratis.RaftTestUtil.lambda$changeLeader$7(RaftTestUtil.java:363)
	at org.apache.ratis.util.JavaUtils.attempt(JavaUtils.java:152)
	at org.apache.ratis.RaftTestUtil.changeLeader(RaftTestUtil.java:362)
	at org.apache.ratis.server.impl.LeaderElectionTests.testChangeLeader(LeaderElectionTests.java:81)
	at sun.reflect.NativeMethodAccessorImpl.invoke0(Native Method)
	at sun.reflect.NativeMethodAccessorImpl.invoke(NativeMethodAccessorImpl.java:62)
	at sun.reflect.DelegatingMethodAccessorImpl.invoke(DelegatingMethodAccessorImpl.java:43)
	at java.lang.reflect.Method.invoke(Method.java:498)
	at org.junit.runners.model.FrameworkMethod$1.runReflectiveCall(FrameworkMethod.java:50)
	at org.junit.internal.runners.model.ReflectiveCallable.run(ReflectiveCallable.java:12)
	at org.junit.runners.model.FrameworkMethod.invokeExplosively(FrameworkMethod.java:47)
	at org.junit.internal.runners.statements.InvokeMethod.evaluate(InvokeMethod.java:17)
	at org.junit.internal.runners.statements.RunAfters.evaluate(RunAfters.java:27)
	at org.junit.internal.runners.statements.FailOnTimeout$CallableStatement.call(FailOnTimeout.java:298)
	at org.junit.internal.runners.statements.FailOnTimeout$CallableStatement.call(FailOnTimeout.java:292)
	at java.util.concurrent.FutureTask.run(FutureTask.java:266)
	at java.lang.Thread.run(Thread.java:748)
2019-09-26 09:49:22,932 INFO  impl.LeaderElection (LeaderElection.java:logAndReturn(56)) - s0@group-5BD3E7F27A57-LeaderElection77: Election TIMEOUT; received 0 response(s) [] and 0 exception(s); s0@group-5BD3E7F27A57:t135, leader=null, voted=s0, raftlog=s0@group-5BD3E7F27A57-SegmentedRaftLog:OPENED:c3,f4,i4, conf=3: [s0:0.0.0.0:41468, s1:0.0.0.0:41619, s2:0.0.0.0:44382], old=null
2019-09-26 09:49:22,945 INFO  impl.LeaderElection (LeaderElection.java:askForVotes(178)) - s0@group-5BD3E7F27A57-LeaderElection77: begin an election at term 136 for 3: [s0:0.0.0.0:41468, s1:0.0.0.0:41619, s2:0.0.0.0:44382], old=null
2019-09-26 09:49:23,016 INFO  impl.LeaderElection (LeaderElection.java:logAndReturn(56)) - s2@group-5BD3E7F27A57-LeaderElection74: Election TIMEOUT; received 1 response(s) [s2<-s0#0:FAIL-t135] and 0 exception(s); s2@group-5BD3E7F27A57:t135, leader=null, voted=s2, raftlog=s2@group-5BD3E7F27A57-SegmentedRaftLog:OPENED:c1,f3,i3, conf=3: [s0:0.0.0.0:41468, s1:0.0.0.0:41619, s2:0.0.0.0:44382], old=null
2019-09-26 09:49:23,035 INFO  impl.LeaderElection (LeaderElection.java:askForVotes(178)) - s2@group-5BD3E7F27A57-LeaderElection74: begin an election at term 136 for 3: [s0:0.0.0.0:41468, s1:0.0.0.0:41619, s2:0.0.0.0:44382], old=null
2019-09-26 09:49:23,035 DEBUG impl.RaftServerImpl (RaftServerImpl.java:requestVote(743)) - s0@group-5BD3E7F27A57: receive requestVote(s2, group-5BD3E7F27A57, 136, (t:4, i:3))
2019-09-26 09:49:23,035 DEBUG impl.RaftServerImpl (RaftServerImpl.java:requestVote(775)) - s0@group-5BD3E7F27A57 replies to vote request: s2<-s0#0:FAIL-t136. Peer's state: s0@group-5BD3E7F27A57:t136, leader=null, voted=s0, raftlog=s0@group-5BD3E7F27A57-SegmentedRaftLog:OPENED:c3,f4,i4, conf=3: [s0:0.0.0.0:41468, s1:0.0.0.0:41619, s2:0.0.0.0:44382], old=null
2019-09-26 09:49:23,114 INFO  impl.LeaderElection (LeaderElection.java:logAndReturn(56)) - s1@group-5BD3E7F27A57-LeaderElection76: Election TIMEOUT; received 1 response(s) [s1<-s0#0:FAIL-t135] and 0 exception(s); s1@group-5BD3E7F27A57:t135, leader=null, voted=s1, raftlog=s1@group-5BD3E7F27A57-SegmentedRaftLog:OPENED:c2,f3,i3, conf=2: [s0:0.0.0.0:41468, s1:0.0.0.0:41619, s2:0.0.0.0:44382], old=null
2019-09-26 09:49:23,127 INFO  impl.LeaderElection (LeaderElection.java:askForVotes(178)) - s1@group-5BD3E7F27A57-LeaderElection76: begin an election at term 136 for 2: [s0:0.0.0.0:41468, s1:0.0.0.0:41619, s2:0.0.0.0:44382], old=null
2019-09-26 09:49:23,128 DEBUG impl.RaftServerImpl (RaftServerImpl.java:requestVote(743)) - s0@group-5BD3E7F27A57: receive requestVote(s1, group-5BD3E7F27A57, 136, (t:3, i:3))
2019-09-26 09:49:23,128 DEBUG impl.RaftServerImpl (RaftServerImpl.java:requestVote(775)) - s0@group-5BD3E7F27A57 replies to vote request: s1<-s0#0:FAIL-t136. Peer's state: s0@group-5BD3E7F27A57:t136, leader=null, voted=s0, raftlog=s0@group-5BD3E7F27A57-SegmentedRaftLog:OPENED:c3,f4,i4, conf=3: [s0:0.0.0.0:41468, s1:0.0.0.0:41619, s2:0.0.0.0:44382], old=null
2019-09-26 09:49:23,203 INFO  impl.LeaderElection (LeaderElection.java:logAndReturn(56)) - s0@group-5BD3E7F27A57-LeaderElection77: Election TIMEOUT; received 0 response(s) [] and 0 exception(s); s0@group-5BD3E7F27A57:t136, leader=null, voted=s0, raftlog=s0@group-5BD3E7F27A57-SegmentedRaftLog:OPENED:c3,f4,i4, conf=3: [s0:0.0.0.0:41468, s1:0.0.0.0:41619, s2:0.0.0.0:44382], old=null
2019-09-26 09:49:23,216 INFO  impl.LeaderElection (LeaderElection.java:askForVotes(178)) - s0@group-5BD3E7F27A57-LeaderElection77: begin an election at term 137 for 3: [s0:0.0.0.0:41468, s1:0.0.0.0:41619, s2:0.0.0.0:44382], old=null
2019-09-26 09:49:23,269 INFO  impl.LeaderElection (LeaderElection.java:logAndReturn(56)) - s2@group-5BD3E7F27A57-LeaderElection74: Election TIMEOUT; received 1 response(s) [s2<-s0#0:FAIL-t136] and 0 exception(s); s2@group-5BD3E7F27A57:t136, leader=null, voted=s2, raftlog=s2@group-5BD3E7F27A57-SegmentedRaftLog:OPENED:c1,f3,i3, conf=3: [s0:0.0.0.0:41468, s1:0.0.0.0:41619, s2:0.0.0.0:44382], old=null
2019-09-26 09:49:23,282 INFO  impl.LeaderElection (LeaderElection.java:askForVotes(178)) - s2@group-5BD3E7F27A57-LeaderElection74: begin an election at term 137 for 3: [s0:0.0.0.0:41468, s1:0.0.0.0:41619, s2:0.0.0.0:44382], old=null
2019-09-26 09:49:23,283 DEBUG impl.RaftServerImpl (RaftServerImpl.java:requestVote(743)) - s0@group-5BD3E7F27A57: receive requestVote(s2, group-5BD3E7F27A57, 137, (t:4, i:3))
2019-09-26 09:49:23,283 DEBUG impl.RaftServerImpl (RaftServerImpl.java:requestVote(775)) - s0@group-5BD3E7F27A57 replies to vote request: s2<-s0#0:FAIL-t137. Peer's state: s0@group-5BD3E7F27A57:t137, leader=null, voted=s0, raftlog=s0@group-5BD3E7F27A57-SegmentedRaftLog:OPENED:c3,f4,i4, conf=3: [s0:0.0.0.0:41468, s1:0.0.0.0:41619, s2:0.0.0.0:44382], old=null
2019-09-26 09:49:23,312 WARN  ratis.RaftTestUtil (JavaUtils.java:attempt(158)) - FAILED "waitForLeader-null-(expectLeader? true)", attempt #67/100: java.lang.IllegalStateException: No leader yet : printing ALL groups
  s0:  RUNNING CANDIDATE s0@group-5BD3E7F27A57:t137, leader=null, voted=s0, raftlog=s0@group-5BD3E7F27A57-SegmentedRaftLog:OPENED:c3,f4,i4, conf=3: [s0:0.0.0.0:41468, s1:0.0.0.0:41619, s2:0.0.0.0:44382], old=null RUNNING
  s1:  RUNNING CANDIDATE s1@group-5BD3E7F27A57:t136, leader=null, voted=s1, raftlog=s1@group-5BD3E7F27A57-SegmentedRaftLog:OPENED:c2,f3,i3, conf=2: [s0:0.0.0.0:41468, s1:0.0.0.0:41619, s2:0.0.0.0:44382], old=null RUNNING
  s2:  RUNNING CANDIDATE s2@group-5BD3E7F27A57:t137, leader=null, voted=s2, raftlog=s2@group-5BD3E7F27A57-SegmentedRaftLog:OPENED:c1,f3,i3, conf=3: [s0:0.0.0.0:41468, s1:0.0.0.0:41619, s2:0.0.0.0:44382], old=null RUNNING, sleep 450ms and then retry.
java.lang.IllegalStateException: No leader yet : printing ALL groups
  s0:  RUNNING CANDIDATE s0@group-5BD3E7F27A57:t137, leader=null, voted=s0, raftlog=s0@group-5BD3E7F27A57-SegmentedRaftLog:OPENED:c3,f4,i4, conf=3: [s0:0.0.0.0:41468, s1:0.0.0.0:41619, s2:0.0.0.0:44382], old=null RUNNING
  s1:  RUNNING CANDIDATE s1@group-5BD3E7F27A57:t136, leader=null, voted=s1, raftlog=s1@group-5BD3E7F27A57-SegmentedRaftLog:OPENED:c2,f3,i3, conf=2: [s0:0.0.0.0:41468, s1:0.0.0.0:41619, s2:0.0.0.0:44382], old=null RUNNING
  s2:  RUNNING CANDIDATE s2@group-5BD3E7F27A57:t137, leader=null, voted=s2, raftlog=s2@group-5BD3E7F27A57-SegmentedRaftLog:OPENED:c1,f3,i3, conf=3: [s0:0.0.0.0:41468, s1:0.0.0.0:41619, s2:0.0.0.0:44382], old=null RUNNING
	at org.apache.ratis.MiniRaftCluster.newIllegalStateExceptionForNoLeaders(MiniRaftCluster.java:506)
	at org.apache.ratis.RaftTestUtil.lambda$waitForLeader$1(RaftTestUtil.java:90)
	at org.apache.ratis.MiniRaftCluster.getLeader(MiniRaftCluster.java:539)
	at org.apache.ratis.MiniRaftCluster.getLeader(MiniRaftCluster.java:532)
	at org.apache.ratis.RaftTestUtil.lambda$waitForLeader$3(RaftTestUtil.java:98)
	at org.apache.ratis.util.JavaUtils.attempt(JavaUtils.java:152)
	at org.apache.ratis.RaftTestUtil.waitForLeader(RaftTestUtil.java:97)
	at org.apache.ratis.RaftTestUtil.waitForLeader(RaftTestUtil.java:77)
	at org.apache.ratis.RaftTestUtil.waitForLeader(RaftTestUtil.java:72)
	at org.apache.ratis.RaftTestUtil.lambda$changeLeader$7(RaftTestUtil.java:363)
	at org.apache.ratis.util.JavaUtils.attempt(JavaUtils.java:152)
	at org.apache.ratis.RaftTestUtil.changeLeader(RaftTestUtil.java:362)
	at org.apache.ratis.server.impl.LeaderElectionTests.testChangeLeader(LeaderElectionTests.java:81)
	at sun.reflect.NativeMethodAccessorImpl.invoke0(Native Method)
	at sun.reflect.NativeMethodAccessorImpl.invoke(NativeMethodAccessorImpl.java:62)
	at sun.reflect.DelegatingMethodAccessorImpl.invoke(DelegatingMethodAccessorImpl.java:43)
	at java.lang.reflect.Method.invoke(Method.java:498)
	at org.junit.runners.model.FrameworkMethod$1.runReflectiveCall(FrameworkMethod.java:50)
	at org.junit.internal.runners.model.ReflectiveCallable.run(ReflectiveCallable.java:12)
	at org.junit.runners.model.FrameworkMethod.invokeExplosively(FrameworkMethod.java:47)
	at org.junit.internal.runners.statements.InvokeMethod.evaluate(InvokeMethod.java:17)
	at org.junit.internal.runners.statements.RunAfters.evaluate(RunAfters.java:27)
	at org.junit.internal.runners.statements.FailOnTimeout$CallableStatement.call(FailOnTimeout.java:298)
	at org.junit.internal.runners.statements.FailOnTimeout$CallableStatement.call(FailOnTimeout.java:292)
	at java.util.concurrent.FutureTask.run(FutureTask.java:266)
	at java.lang.Thread.run(Thread.java:748)
2019-09-26 09:49:23,421 INFO  impl.LeaderElection (LeaderElection.java:logAndReturn(56)) - s1@group-5BD3E7F27A57-LeaderElection76: Election TIMEOUT; received 1 response(s) [s1<-s0#0:FAIL-t136] and 0 exception(s); s1@group-5BD3E7F27A57:t136, leader=null, voted=s1, raftlog=s1@group-5BD3E7F27A57-SegmentedRaftLog:OPENED:c2,f3,i3, conf=2: [s0:0.0.0.0:41468, s1:0.0.0.0:41619, s2:0.0.0.0:44382], old=null
2019-09-26 09:49:23,434 INFO  impl.LeaderElection (LeaderElection.java:askForVotes(178)) - s1@group-5BD3E7F27A57-LeaderElection76: begin an election at term 137 for 2: [s0:0.0.0.0:41468, s1:0.0.0.0:41619, s2:0.0.0.0:44382], old=null
2019-09-26 09:49:23,435 DEBUG impl.RaftServerImpl (RaftServerImpl.java:requestVote(743)) - s0@group-5BD3E7F27A57: receive requestVote(s1, group-5BD3E7F27A57, 137, (t:3, i:3))
2019-09-26 09:49:23,435 DEBUG impl.RaftServerImpl (RaftServerImpl.java:requestVote(775)) - s0@group-5BD3E7F27A57 replies to vote request: s1<-s0#0:FAIL-t137. Peer's state: s0@group-5BD3E7F27A57:t137, leader=null, voted=s0, raftlog=s0@group-5BD3E7F27A57-SegmentedRaftLog:OPENED:c3,f4,i4, conf=3: [s0:0.0.0.0:41468, s1:0.0.0.0:41619, s2:0.0.0.0:44382], old=null
2019-09-26 09:49:23,466 INFO  impl.LeaderElection (LeaderElection.java:logAndReturn(56)) - s2@group-5BD3E7F27A57-LeaderElection74: Election TIMEOUT; received 1 response(s) [s2<-s0#0:FAIL-t137] and 0 exception(s); s2@group-5BD3E7F27A57:t137, leader=null, voted=s2, raftlog=s2@group-5BD3E7F27A57-SegmentedRaftLog:OPENED:c1,f3,i3, conf=3: [s0:0.0.0.0:41468, s1:0.0.0.0:41619, s2:0.0.0.0:44382], old=null
2019-09-26 09:49:23,479 INFO  impl.LeaderElection (LeaderElection.java:askForVotes(178)) - s2@group-5BD3E7F27A57-LeaderElection74: begin an election at term 138 for 3: [s0:0.0.0.0:41468, s1:0.0.0.0:41619, s2:0.0.0.0:44382], old=null
2019-09-26 09:49:23,480 DEBUG impl.RaftServerImpl (RaftServerImpl.java:requestVote(743)) - s0@group-5BD3E7F27A57: receive requestVote(s2, group-5BD3E7F27A57, 138, (t:4, i:3))
2019-09-26 09:49:23,480 INFO  impl.RaftServerImpl (RaftServerImpl.java:setRole(170)) - s0@group-5BD3E7F27A57: changes role from CANDIDATE to FOLLOWER at term 138 for recognizeCandidate:s2
2019-09-26 09:49:23,480 INFO  impl.RoleInfo (RoleInfo.java:shutdownLeaderElection(134)) - s0: shutdown LeaderElection
2019-09-26 09:49:23,480 INFO  impl.RoleInfo (RoleInfo.java:updateAndGet(143)) - s0: start FollowerState
2019-09-26 09:49:23,493 DEBUG impl.RaftServerImpl (RaftServerImpl.java:requestVote(775)) - s0@group-5BD3E7F27A57 replies to vote request: s2<-s0#0:FAIL-t138. Peer's state: s0@group-5BD3E7F27A57:t138, leader=null, voted=null, raftlog=s0@group-5BD3E7F27A57-SegmentedRaftLog:OPENED:c3,f4,i4, conf=3: [s0:0.0.0.0:41468, s1:0.0.0.0:41619, s2:0.0.0.0:44382], old=null
2019-09-26 09:49:23,497 INFO  impl.LeaderElection (LeaderElection.java:logAndReturn(56)) - s0@group-5BD3E7F27A57-LeaderElection77: Election REJECTED; received 0 response(s) [] and 0 exception(s); s0@group-5BD3E7F27A57:t138, leader=null, voted=null, raftlog=s0@group-5BD3E7F27A57-SegmentedRaftLog:OPENED:c3,f4,i4, conf=3: [s0:0.0.0.0:41468, s1:0.0.0.0:41619, s2:0.0.0.0:44382], old=null
2019-09-26 09:49:23,661 INFO  impl.LeaderElection (LeaderElection.java:logAndReturn(56)) - s2@group-5BD3E7F27A57-LeaderElection74: Election TIMEOUT; received 1 response(s) [s2<-s0#0:FAIL-t138] and 0 exception(s); s2@group-5BD3E7F27A57:t138, leader=null, voted=s2, raftlog=s2@group-5BD3E7F27A57-SegmentedRaftLog:OPENED:c1,f3,i3, conf=3: [s0:0.0.0.0:41468, s1:0.0.0.0:41619, s2:0.0.0.0:44382], old=null
2019-09-26 09:49:23,673 INFO  impl.FollowerState (FollowerState.java:run(108)) - s0@group-5BD3E7F27A57-FollowerState: change to CANDIDATE, lastRpcTime:192ms, electionTimeout:192ms
2019-09-26 09:49:23,673 INFO  impl.RoleInfo (RoleInfo.java:shutdownFollowerState(121)) - s0: shutdown FollowerState
2019-09-26 09:49:23,673 INFO  impl.RaftServerImpl (RaftServerImpl.java:setRole(170)) - s0@group-5BD3E7F27A57: changes role from  FOLLOWER to CANDIDATE at term 138 for changeToCandidate
2019-09-26 09:49:23,673 INFO  impl.RoleInfo (RoleInfo.java:updateAndGet(143)) - s0: start LeaderElection
2019-09-26 09:49:23,674 INFO  impl.LeaderElection (LeaderElection.java:askForVotes(178)) - s2@group-5BD3E7F27A57-LeaderElection74: begin an election at term 139 for 3: [s0:0.0.0.0:41468, s1:0.0.0.0:41619, s2:0.0.0.0:44382], old=null
2019-09-26 09:49:23,674 DEBUG impl.RaftServerImpl (RaftServerImpl.java:requestVote(743)) - s0@group-5BD3E7F27A57: receive requestVote(s2, group-5BD3E7F27A57, 139, (t:4, i:3))
2019-09-26 09:49:23,687 INFO  impl.LeaderElection (LeaderElection.java:askForVotes(178)) - s0@group-5BD3E7F27A57-LeaderElection78: begin an election at term 139 for 3: [s0:0.0.0.0:41468, s1:0.0.0.0:41619, s2:0.0.0.0:44382], old=null
2019-09-26 09:49:23,687 DEBUG impl.RaftServerImpl (RaftServerImpl.java:requestVote(775)) - s0@group-5BD3E7F27A57 replies to vote request: s2<-s0#0:FAIL-t139. Peer's state: s0@group-5BD3E7F27A57:t139, leader=null, voted=s0, raftlog=s0@group-5BD3E7F27A57-SegmentedRaftLog:OPENED:c3,f4,i4, conf=3: [s0:0.0.0.0:41468, s1:0.0.0.0:41619, s2:0.0.0.0:44382], old=null
2019-09-26 09:49:23,725 INFO  impl.LeaderElection (LeaderElection.java:logAndReturn(56)) - s1@group-5BD3E7F27A57-LeaderElection76: Election TIMEOUT; received 1 response(s) [s1<-s0#0:FAIL-t137] and 0 exception(s); s1@group-5BD3E7F27A57:t137, leader=null, voted=s1, raftlog=s1@group-5BD3E7F27A57-SegmentedRaftLog:OPENED:c2,f3,i3, conf=2: [s0:0.0.0.0:41468, s1:0.0.0.0:41619, s2:0.0.0.0:44382], old=null
2019-09-26 09:49:23,738 INFO  impl.LeaderElection (LeaderElection.java:askForVotes(178)) - s1@group-5BD3E7F27A57-LeaderElection76: begin an election at term 138 for 2: [s0:0.0.0.0:41468, s1:0.0.0.0:41619, s2:0.0.0.0:44382], old=null
2019-09-26 09:49:23,739 DEBUG impl.RaftServerImpl (RaftServerImpl.java:requestVote(743)) - s0@group-5BD3E7F27A57: receive requestVote(s1, group-5BD3E7F27A57, 138, (t:3, i:3))
2019-09-26 09:49:23,739 DEBUG impl.RaftServerImpl (RaftServerImpl.java:requestVote(775)) - s0@group-5BD3E7F27A57 replies to vote request: s1<-s0#0:FAIL-t139. Peer's state: s0@group-5BD3E7F27A57:t139, leader=null, voted=s0, raftlog=s0@group-5BD3E7F27A57-SegmentedRaftLog:OPENED:c3,f4,i4, conf=3: [s0:0.0.0.0:41468, s1:0.0.0.0:41619, s2:0.0.0.0:44382], old=null
2019-09-26 09:49:23,739 INFO  impl.LeaderElection (LeaderElection.java:logAndReturn(56)) - s1@group-5BD3E7F27A57-LeaderElection76: Election DISCOVERED_A_NEW_TERM; received 1 response(s) [s1<-s0#0:FAIL-t139] and 0 exception(s); s1@group-5BD3E7F27A57:t138, leader=null, voted=s1, raftlog=s1@group-5BD3E7F27A57-SegmentedRaftLog:OPENED:c2,f3,i3, conf=2: [s0:0.0.0.0:41468, s1:0.0.0.0:41619, s2:0.0.0.0:44382], old=null
2019-09-26 09:49:23,740 INFO  impl.RaftServerImpl (RaftServerImpl.java:setRole(170)) - s1@group-5BD3E7F27A57: changes role from CANDIDATE to FOLLOWER at term 139 for DISCOVERED_A_NEW_TERM
2019-09-26 09:49:23,740 INFO  impl.RoleInfo (RoleInfo.java:shutdownLeaderElection(134)) - s1: shutdown LeaderElection
2019-09-26 09:49:23,740 INFO  impl.RoleInfo (RoleInfo.java:updateAndGet(143)) - s1: start FollowerState
2019-09-26 09:49:23,763 WARN  ratis.RaftTestUtil (JavaUtils.java:attempt(158)) - FAILED "waitForLeader-null-(expectLeader? true)", attempt #68/100: java.lang.IllegalStateException: No leader yet : printing ALL groups
  s0:  RUNNING CANDIDATE s0@group-5BD3E7F27A57:t139, leader=null, voted=s0, raftlog=s0@group-5BD3E7F27A57-SegmentedRaftLog:OPENED:c3,f4,i4, conf=3: [s0:0.0.0.0:41468, s1:0.0.0.0:41619, s2:0.0.0.0:44382], old=null RUNNING
  s1:  RUNNING  FOLLOWER s1@group-5BD3E7F27A57:t139, leader=null, voted=null, raftlog=s1@group-5BD3E7F27A57-SegmentedRaftLog:OPENED:c2,f3,i3, conf=2: [s0:0.0.0.0:41468, s1:0.0.0.0:41619, s2:0.0.0.0:44382], old=null RUNNING
  s2:  RUNNING CANDIDATE s2@group-5BD3E7F27A57:t139, leader=null, voted=s2, raftlog=s2@group-5BD3E7F27A57-SegmentedRaftLog:OPENED:c1,f3,i3, conf=3: [s0:0.0.0.0:41468, s1:0.0.0.0:41619, s2:0.0.0.0:44382], old=null RUNNING, sleep 450ms and then retry.
java.lang.IllegalStateException: No leader yet : printing ALL groups
  s0:  RUNNING CANDIDATE s0@group-5BD3E7F27A57:t139, leader=null, voted=s0, raftlog=s0@group-5BD3E7F27A57-SegmentedRaftLog:OPENED:c3,f4,i4, conf=3: [s0:0.0.0.0:41468, s1:0.0.0.0:41619, s2:0.0.0.0:44382], old=null RUNNING
  s1:  RUNNING  FOLLOWER s1@group-5BD3E7F27A57:t139, leader=null, voted=null, raftlog=s1@group-5BD3E7F27A57-SegmentedRaftLog:OPENED:c2,f3,i3, conf=2: [s0:0.0.0.0:41468, s1:0.0.0.0:41619, s2:0.0.0.0:44382], old=null RUNNING
  s2:  RUNNING CANDIDATE s2@group-5BD3E7F27A57:t139, leader=null, voted=s2, raftlog=s2@group-5BD3E7F27A57-SegmentedRaftLog:OPENED:c1,f3,i3, conf=3: [s0:0.0.0.0:41468, s1:0.0.0.0:41619, s2:0.0.0.0:44382], old=null RUNNING
	at org.apache.ratis.MiniRaftCluster.newIllegalStateExceptionForNoLeaders(MiniRaftCluster.java:506)
	at org.apache.ratis.RaftTestUtil.lambda$waitForLeader$1(RaftTestUtil.java:90)
	at org.apache.ratis.MiniRaftCluster.getLeader(MiniRaftCluster.java:539)
	at org.apache.ratis.MiniRaftCluster.getLeader(MiniRaftCluster.java:532)
	at org.apache.ratis.RaftTestUtil.lambda$waitForLeader$3(RaftTestUtil.java:98)
	at org.apache.ratis.util.JavaUtils.attempt(JavaUtils.java:152)
	at org.apache.ratis.RaftTestUtil.waitForLeader(RaftTestUtil.java:97)
	at org.apache.ratis.RaftTestUtil.waitForLeader(RaftTestUtil.java:77)
	at org.apache.ratis.RaftTestUtil.waitForLeader(RaftTestUtil.java:72)
	at org.apache.ratis.RaftTestUtil.lambda$changeLeader$7(RaftTestUtil.java:363)
	at org.apache.ratis.util.JavaUtils.attempt(JavaUtils.java:152)
	at org.apache.ratis.RaftTestUtil.changeLeader(RaftTestUtil.java:362)
	at org.apache.ratis.server.impl.LeaderElectionTests.testChangeLeader(LeaderElectionTests.java:81)
	at sun.reflect.NativeMethodAccessorImpl.invoke0(Native Method)
	at sun.reflect.NativeMethodAccessorImpl.invoke(NativeMethodAccessorImpl.java:62)
	at sun.reflect.DelegatingMethodAccessorImpl.invoke(DelegatingMethodAccessorImpl.java:43)
	at java.lang.reflect.Method.invoke(Method.java:498)
	at org.junit.runners.model.FrameworkMethod$1.runReflectiveCall(FrameworkMethod.java:50)
	at org.junit.internal.runners.model.ReflectiveCallable.run(ReflectiveCallable.java:12)
	at org.junit.runners.model.FrameworkMethod.invokeExplosively(FrameworkMethod.java:47)
	at org.junit.internal.runners.statements.InvokeMethod.evaluate(InvokeMethod.java:17)
	at org.junit.internal.runners.statements.RunAfters.evaluate(RunAfters.java:27)
	at org.junit.internal.runners.statements.FailOnTimeout$CallableStatement.call(FailOnTimeout.java:298)
	at org.junit.internal.runners.statements.FailOnTimeout$CallableStatement.call(FailOnTimeout.java:292)
	at java.util.concurrent.FutureTask.run(FutureTask.java:266)
	at java.lang.Thread.run(Thread.java:748)
2019-09-26 09:49:23,868 INFO  impl.LeaderElection (LeaderElection.java:logAndReturn(56)) - s2@group-5BD3E7F27A57-LeaderElection74: Election TIMEOUT; received 1 response(s) [s2<-s0#0:FAIL-t139] and 0 exception(s); s2@group-5BD3E7F27A57:t139, leader=null, voted=s2, raftlog=s2@group-5BD3E7F27A57-SegmentedRaftLog:OPENED:c1,f3,i3, conf=3: [s0:0.0.0.0:41468, s1:0.0.0.0:41619, s2:0.0.0.0:44382], old=null
2019-09-26 09:49:23,879 INFO  impl.LeaderElection (LeaderElection.java:logAndReturn(56)) - s0@group-5BD3E7F27A57-LeaderElection78: Election TIMEOUT; received 0 response(s) [] and 0 exception(s); s0@group-5BD3E7F27A57:t139, leader=null, voted=s0, raftlog=s0@group-5BD3E7F27A57-SegmentedRaftLog:OPENED:c3,f4,i4, conf=3: [s0:0.0.0.0:41468, s1:0.0.0.0:41619, s2:0.0.0.0:44382], old=null
2019-09-26 09:49:23,884 INFO  impl.LeaderElection (LeaderElection.java:askForVotes(178)) - s0@group-5BD3E7F27A57-LeaderElection78: begin an election at term 140 for 3: [s0:0.0.0.0:41468, s1:0.0.0.0:41619, s2:0.0.0.0:44382], old=null
2019-09-26 09:49:23,884 INFO  impl.LeaderElection (LeaderElection.java:askForVotes(178)) - s2@group-5BD3E7F27A57-LeaderElection74: begin an election at term 140 for 3: [s0:0.0.0.0:41468, s1:0.0.0.0:41619, s2:0.0.0.0:44382], old=null
2019-09-26 09:49:23,885 DEBUG impl.RaftServerImpl (RaftServerImpl.java:requestVote(743)) - s0@group-5BD3E7F27A57: receive requestVote(s2, group-5BD3E7F27A57, 140, (t:4, i:3))
2019-09-26 09:49:23,885 DEBUG impl.RaftServerImpl (RaftServerImpl.java:requestVote(775)) - s0@group-5BD3E7F27A57 replies to vote request: s2<-s0#0:FAIL-t140. Peer's state: s0@group-5BD3E7F27A57:t140, leader=null, voted=s0, raftlog=s0@group-5BD3E7F27A57-SegmentedRaftLog:OPENED:c3,f4,i4, conf=3: [s0:0.0.0.0:41468, s1:0.0.0.0:41619, s2:0.0.0.0:44382], old=null
2019-09-26 09:49:24,007 INFO  impl.FollowerState (FollowerState.java:run(108)) - s1@group-5BD3E7F27A57-FollowerState: change to CANDIDATE, lastRpcTime:267ms, electionTimeout:267ms
2019-09-26 09:49:24,008 INFO  impl.RoleInfo (RoleInfo.java:shutdownFollowerState(121)) - s1: shutdown FollowerState
2019-09-26 09:49:24,008 INFO  impl.RaftServerImpl (RaftServerImpl.java:setRole(170)) - s1@group-5BD3E7F27A57: changes role from  FOLLOWER to CANDIDATE at term 139 for changeToCandidate
2019-09-26 09:49:24,008 INFO  impl.RoleInfo (RoleInfo.java:updateAndGet(143)) - s1: start LeaderElection
2019-09-26 09:49:24,022 INFO  impl.LeaderElection (LeaderElection.java:askForVotes(178)) - s1@group-5BD3E7F27A57-LeaderElection79: begin an election at term 140 for 2: [s0:0.0.0.0:41468, s1:0.0.0.0:41619, s2:0.0.0.0:44382], old=null
2019-09-26 09:49:24,022 DEBUG impl.RaftServerImpl (RaftServerImpl.java:requestVote(743)) - s0@group-5BD3E7F27A57: receive requestVote(s1, group-5BD3E7F27A57, 140, (t:3, i:3))
2019-09-26 09:49:24,022 DEBUG impl.RaftServerImpl (RaftServerImpl.java:requestVote(775)) - s0@group-5BD3E7F27A57 replies to vote request: s1<-s0#0:FAIL-t140. Peer's state: s0@group-5BD3E7F27A57:t140, leader=null, voted=s0, raftlog=s0@group-5BD3E7F27A57-SegmentedRaftLog:OPENED:c3,f4,i4, conf=3: [s0:0.0.0.0:41468, s1:0.0.0.0:41619, s2:0.0.0.0:44382], old=null
2019-09-26 09:49:24,093 INFO  impl.LeaderElection (LeaderElection.java:logAndReturn(56)) - s0@group-5BD3E7F27A57-LeaderElection78: Election TIMEOUT; received 0 response(s) [] and 0 exception(s); s0@group-5BD3E7F27A57:t140, leader=null, voted=s0, raftlog=s0@group-5BD3E7F27A57-SegmentedRaftLog:OPENED:c3,f4,i4, conf=3: [s0:0.0.0.0:41468, s1:0.0.0.0:41619, s2:0.0.0.0:44382], old=null
2019-09-26 09:49:24,106 INFO  impl.LeaderElection (LeaderElection.java:askForVotes(178)) - s0@group-5BD3E7F27A57-LeaderElection78: begin an election at term 141 for 3: [s0:0.0.0.0:41468, s1:0.0.0.0:41619, s2:0.0.0.0:44382], old=null
2019-09-26 09:49:24,179 INFO  impl.LeaderElection (LeaderElection.java:logAndReturn(56)) - s2@group-5BD3E7F27A57-LeaderElection74: Election TIMEOUT; received 1 response(s) [s2<-s0#0:FAIL-t140] and 0 exception(s); s2@group-5BD3E7F27A57:t140, leader=null, voted=s2, raftlog=s2@group-5BD3E7F27A57-SegmentedRaftLog:OPENED:c1,f3,i3, conf=3: [s0:0.0.0.0:41468, s1:0.0.0.0:41619, s2:0.0.0.0:44382], old=null
2019-09-26 09:49:24,182 INFO  impl.LeaderElection (LeaderElection.java:logAndReturn(56)) - s1@group-5BD3E7F27A57-LeaderElection79: Election TIMEOUT; received 1 response(s) [s1<-s0#0:FAIL-t140] and 0 exception(s); s1@group-5BD3E7F27A57:t140, leader=null, voted=s1, raftlog=s1@group-5BD3E7F27A57-SegmentedRaftLog:OPENED:c2,f3,i3, conf=2: [s0:0.0.0.0:41468, s1:0.0.0.0:41619, s2:0.0.0.0:44382], old=null
2019-09-26 09:49:24,193 INFO  impl.LeaderElection (LeaderElection.java:askForVotes(178)) - s1@group-5BD3E7F27A57-LeaderElection79: begin an election at term 141 for 2: [s0:0.0.0.0:41468, s1:0.0.0.0:41619, s2:0.0.0.0:44382], old=null
2019-09-26 09:49:24,193 INFO  impl.LeaderElection (LeaderElection.java:askForVotes(178)) - s2@group-5BD3E7F27A57-LeaderElection74: begin an election at term 141 for 3: [s0:0.0.0.0:41468, s1:0.0.0.0:41619, s2:0.0.0.0:44382], old=null
2019-09-26 09:49:24,194 DEBUG impl.RaftServerImpl (RaftServerImpl.java:requestVote(743)) - s0@group-5BD3E7F27A57: receive requestVote(s1, group-5BD3E7F27A57, 141, (t:3, i:3))
2019-09-26 09:49:24,194 DEBUG impl.RaftServerImpl (RaftServerImpl.java:requestVote(743)) - s0@group-5BD3E7F27A57: receive requestVote(s2, group-5BD3E7F27A57, 141, (t:4, i:3))
2019-09-26 09:49:24,194 DEBUG impl.RaftServerImpl (RaftServerImpl.java:requestVote(775)) - s0@group-5BD3E7F27A57 replies to vote request: s1<-s0#0:FAIL-t141. Peer's state: s0@group-5BD3E7F27A57:t141, leader=null, voted=s0, raftlog=s0@group-5BD3E7F27A57-SegmentedRaftLog:OPENED:c3,f4,i4, conf=3: [s0:0.0.0.0:41468, s1:0.0.0.0:41619, s2:0.0.0.0:44382], old=null
2019-09-26 09:49:24,194 DEBUG impl.RaftServerImpl (RaftServerImpl.java:requestVote(775)) - s0@group-5BD3E7F27A57 replies to vote request: s2<-s0#0:FAIL-t141. Peer's state: s0@group-5BD3E7F27A57:t141, leader=null, voted=s0, raftlog=s0@group-5BD3E7F27A57-SegmentedRaftLog:OPENED:c3,f4,i4, conf=3: [s0:0.0.0.0:41468, s1:0.0.0.0:41619, s2:0.0.0.0:44382], old=null
2019-09-26 09:49:24,214 WARN  ratis.RaftTestUtil (JavaUtils.java:attempt(158)) - FAILED "waitForLeader-null-(expectLeader? true)", attempt #69/100: java.lang.IllegalStateException: No leader yet : printing ALL groups
  s0:  RUNNING CANDIDATE s0@group-5BD3E7F27A57:t141, leader=null, voted=s0, raftlog=s0@group-5BD3E7F27A57-SegmentedRaftLog:OPENED:c3,f4,i4, conf=3: [s0:0.0.0.0:41468, s1:0.0.0.0:41619, s2:0.0.0.0:44382], old=null RUNNING
  s1:  RUNNING CANDIDATE s1@group-5BD3E7F27A57:t141, leader=null, voted=s1, raftlog=s1@group-5BD3E7F27A57-SegmentedRaftLog:OPENED:c2,f3,i3, conf=2: [s0:0.0.0.0:41468, s1:0.0.0.0:41619, s2:0.0.0.0:44382], old=null RUNNING
  s2:  RUNNING CANDIDATE s2@group-5BD3E7F27A57:t141, leader=null, voted=s2, raftlog=s2@group-5BD3E7F27A57-SegmentedRaftLog:OPENED:c1,f3,i3, conf=3: [s0:0.0.0.0:41468, s1:0.0.0.0:41619, s2:0.0.0.0:44382], old=null RUNNING, sleep 450ms and then retry.
java.lang.IllegalStateException: No leader yet : printing ALL groups
  s0:  RUNNING CANDIDATE s0@group-5BD3E7F27A57:t141, leader=null, voted=s0, raftlog=s0@group-5BD3E7F27A57-SegmentedRaftLog:OPENED:c3,f4,i4, conf=3: [s0:0.0.0.0:41468, s1:0.0.0.0:41619, s2:0.0.0.0:44382], old=null RUNNING
  s1:  RUNNING CANDIDATE s1@group-5BD3E7F27A57:t141, leader=null, voted=s1, raftlog=s1@group-5BD3E7F27A57-SegmentedRaftLog:OPENED:c2,f3,i3, conf=2: [s0:0.0.0.0:41468, s1:0.0.0.0:41619, s2:0.0.0.0:44382], old=null RUNNING
  s2:  RUNNING CANDIDATE s2@group-5BD3E7F27A57:t141, leader=null, voted=s2, raftlog=s2@group-5BD3E7F27A57-SegmentedRaftLog:OPENED:c1,f3,i3, conf=3: [s0:0.0.0.0:41468, s1:0.0.0.0:41619, s2:0.0.0.0:44382], old=null RUNNING
	at org.apache.ratis.MiniRaftCluster.newIllegalStateExceptionForNoLeaders(MiniRaftCluster.java:506)
	at org.apache.ratis.RaftTestUtil.lambda$waitForLeader$1(RaftTestUtil.java:90)
	at org.apache.ratis.MiniRaftCluster.getLeader(MiniRaftCluster.java:539)
	at org.apache.ratis.MiniRaftCluster.getLeader(MiniRaftCluster.java:532)
	at org.apache.ratis.RaftTestUtil.lambda$waitForLeader$3(RaftTestUtil.java:98)
	at org.apache.ratis.util.JavaUtils.attempt(JavaUtils.java:152)
	at org.apache.ratis.RaftTestUtil.waitForLeader(RaftTestUtil.java:97)
	at org.apache.ratis.RaftTestUtil.waitForLeader(RaftTestUtil.java:77)
	at org.apache.ratis.RaftTestUtil.waitForLeader(RaftTestUtil.java:72)
	at org.apache.ratis.RaftTestUtil.lambda$changeLeader$7(RaftTestUtil.java:363)
	at org.apache.ratis.util.JavaUtils.attempt(JavaUtils.java:152)
	at org.apache.ratis.RaftTestUtil.changeLeader(RaftTestUtil.java:362)
	at org.apache.ratis.server.impl.LeaderElectionTests.testChangeLeader(LeaderElectionTests.java:81)
	at sun.reflect.NativeMethodAccessorImpl.invoke0(Native Method)
	at sun.reflect.NativeMethodAccessorImpl.invoke(NativeMethodAccessorImpl.java:62)
	at sun.reflect.DelegatingMethodAccessorImpl.invoke(DelegatingMethodAccessorImpl.java:43)
	at java.lang.reflect.Method.invoke(Method.java:498)
	at org.junit.runners.model.FrameworkMethod$1.runReflectiveCall(FrameworkMethod.java:50)
	at org.junit.internal.runners.model.ReflectiveCallable.run(ReflectiveCallable.java:12)
	at org.junit.runners.model.FrameworkMethod.invokeExplosively(FrameworkMethod.java:47)
	at org.junit.internal.runners.statements.InvokeMethod.evaluate(InvokeMethod.java:17)
	at org.junit.internal.runners.statements.RunAfters.evaluate(RunAfters.java:27)
	at org.junit.internal.runners.statements.FailOnTimeout$CallableStatement.call(FailOnTimeout.java:298)
	at org.junit.internal.runners.statements.FailOnTimeout$CallableStatement.call(FailOnTimeout.java:292)
	at java.util.concurrent.FutureTask.run(FutureTask.java:266)
	at java.lang.Thread.run(Thread.java:748)
2019-09-26 09:49:24,272 INFO  impl.LeaderElection (LeaderElection.java:logAndReturn(56)) - s0@group-5BD3E7F27A57-LeaderElection78: Election TIMEOUT; received 0 response(s) [] and 0 exception(s); s0@group-5BD3E7F27A57:t141, leader=null, voted=s0, raftlog=s0@group-5BD3E7F27A57-SegmentedRaftLog:OPENED:c3,f4,i4, conf=3: [s0:0.0.0.0:41468, s1:0.0.0.0:41619, s2:0.0.0.0:44382], old=null
2019-09-26 09:49:24,285 INFO  impl.LeaderElection (LeaderElection.java:askForVotes(178)) - s0@group-5BD3E7F27A57-LeaderElection78: begin an election at term 142 for 3: [s0:0.0.0.0:41468, s1:0.0.0.0:41619, s2:0.0.0.0:44382], old=null
2019-09-26 09:49:24,382 INFO  impl.LeaderElection (LeaderElection.java:logAndReturn(56)) - s1@group-5BD3E7F27A57-LeaderElection79: Election TIMEOUT; received 1 response(s) [s1<-s0#0:FAIL-t141] and 0 exception(s); s1@group-5BD3E7F27A57:t141, leader=null, voted=s1, raftlog=s1@group-5BD3E7F27A57-SegmentedRaftLog:OPENED:c2,f3,i3, conf=2: [s0:0.0.0.0:41468, s1:0.0.0.0:41619, s2:0.0.0.0:44382], old=null
2019-09-26 09:49:24,395 INFO  impl.LeaderElection (LeaderElection.java:askForVotes(178)) - s1@group-5BD3E7F27A57-LeaderElection79: begin an election at term 142 for 2: [s0:0.0.0.0:41468, s1:0.0.0.0:41619, s2:0.0.0.0:44382], old=null
2019-09-26 09:49:24,396 DEBUG impl.RaftServerImpl (RaftServerImpl.java:requestVote(743)) - s0@group-5BD3E7F27A57: receive requestVote(s1, group-5BD3E7F27A57, 142, (t:3, i:3))
2019-09-26 09:49:24,396 DEBUG impl.RaftServerImpl (RaftServerImpl.java:requestVote(775)) - s0@group-5BD3E7F27A57 replies to vote request: s1<-s0#0:FAIL-t142. Peer's state: s0@group-5BD3E7F27A57:t142, leader=null, voted=s0, raftlog=s0@group-5BD3E7F27A57-SegmentedRaftLog:OPENED:c3,f4,i4, conf=3: [s0:0.0.0.0:41468, s1:0.0.0.0:41619, s2:0.0.0.0:44382], old=null
2019-09-26 09:49:24,463 INFO  impl.LeaderElection (LeaderElection.java:logAndReturn(56)) - s2@group-5BD3E7F27A57-LeaderElection74: Election TIMEOUT; received 1 response(s) [s2<-s0#0:FAIL-t141] and 0 exception(s); s2@group-5BD3E7F27A57:t141, leader=null, voted=s2, raftlog=s2@group-5BD3E7F27A57-SegmentedRaftLog:OPENED:c1,f3,i3, conf=3: [s0:0.0.0.0:41468, s1:0.0.0.0:41619, s2:0.0.0.0:44382], old=null
2019-09-26 09:49:24,476 INFO  impl.LeaderElection (LeaderElection.java:askForVotes(178)) - s2@group-5BD3E7F27A57-LeaderElection74: begin an election at term 142 for 3: [s0:0.0.0.0:41468, s1:0.0.0.0:41619, s2:0.0.0.0:44382], old=null
2019-09-26 09:49:24,476 DEBUG impl.RaftServerImpl (RaftServerImpl.java:requestVote(743)) - s0@group-5BD3E7F27A57: receive requestVote(s2, group-5BD3E7F27A57, 142, (t:4, i:3))
2019-09-26 09:49:24,476 DEBUG impl.RaftServerImpl (RaftServerImpl.java:requestVote(775)) - s0@group-5BD3E7F27A57 replies to vote request: s2<-s0#0:FAIL-t142. Peer's state: s0@group-5BD3E7F27A57:t142, leader=null, voted=s0, raftlog=s0@group-5BD3E7F27A57-SegmentedRaftLog:OPENED:c3,f4,i4, conf=3: [s0:0.0.0.0:41468, s1:0.0.0.0:41619, s2:0.0.0.0:44382], old=null
2019-09-26 09:49:24,543 INFO  impl.LeaderElection (LeaderElection.java:logAndReturn(56)) - s0@group-5BD3E7F27A57-LeaderElection78: Election TIMEOUT; received 0 response(s) [] and 0 exception(s); s0@group-5BD3E7F27A57:t142, leader=null, voted=s0, raftlog=s0@group-5BD3E7F27A57-SegmentedRaftLog:OPENED:c3,f4,i4, conf=3: [s0:0.0.0.0:41468, s1:0.0.0.0:41619, s2:0.0.0.0:44382], old=null
2019-09-26 09:49:24,556 INFO  impl.LeaderElection (LeaderElection.java:askForVotes(178)) - s0@group-5BD3E7F27A57-LeaderElection78: begin an election at term 143 for 3: [s0:0.0.0.0:41468, s1:0.0.0.0:41619, s2:0.0.0.0:44382], old=null
2019-09-26 09:49:24,563 INFO  impl.LeaderElection (LeaderElection.java:logAndReturn(56)) - s1@group-5BD3E7F27A57-LeaderElection79: Election TIMEOUT; received 1 response(s) [s1<-s0#0:FAIL-t142] and 0 exception(s); s1@group-5BD3E7F27A57:t142, leader=null, voted=s1, raftlog=s1@group-5BD3E7F27A57-SegmentedRaftLog:OPENED:c2,f3,i3, conf=2: [s0:0.0.0.0:41468, s1:0.0.0.0:41619, s2:0.0.0.0:44382], old=null
2019-09-26 09:49:24,576 INFO  impl.LeaderElection (LeaderElection.java:askForVotes(178)) - s1@group-5BD3E7F27A57-LeaderElection79: begin an election at term 143 for 2: [s0:0.0.0.0:41468, s1:0.0.0.0:41619, s2:0.0.0.0:44382], old=null
2019-09-26 09:49:24,577 DEBUG impl.RaftServerImpl (RaftServerImpl.java:requestVote(743)) - s0@group-5BD3E7F27A57: receive requestVote(s1, group-5BD3E7F27A57, 143, (t:3, i:3))
2019-09-26 09:49:24,577 DEBUG impl.RaftServerImpl (RaftServerImpl.java:requestVote(775)) - s0@group-5BD3E7F27A57 replies to vote request: s1<-s0#0:FAIL-t143. Peer's state: s0@group-5BD3E7F27A57:t143, leader=null, voted=s0, raftlog=s0@group-5BD3E7F27A57-SegmentedRaftLog:OPENED:c3,f4,i4, conf=3: [s0:0.0.0.0:41468, s1:0.0.0.0:41619, s2:0.0.0.0:44382], old=null
2019-09-26 09:49:24,665 WARN  ratis.RaftTestUtil (JavaUtils.java:attempt(158)) - FAILED "waitForLeader-null-(expectLeader? true)", attempt #70/100: java.lang.IllegalStateException: No leader yet : printing ALL groups
  s0:  RUNNING CANDIDATE s0@group-5BD3E7F27A57:t143, leader=null, voted=s0, raftlog=s0@group-5BD3E7F27A57-SegmentedRaftLog:OPENED:c3,f4,i4, conf=3: [s0:0.0.0.0:41468, s1:0.0.0.0:41619, s2:0.0.0.0:44382], old=null RUNNING
  s1:  RUNNING CANDIDATE s1@group-5BD3E7F27A57:t143, leader=null, voted=s1, raftlog=s1@group-5BD3E7F27A57-SegmentedRaftLog:OPENED:c2,f3,i3, conf=2: [s0:0.0.0.0:41468, s1:0.0.0.0:41619, s2:0.0.0.0:44382], old=null RUNNING
  s2:  RUNNING CANDIDATE s2@group-5BD3E7F27A57:t142, leader=null, voted=s2, raftlog=s2@group-5BD3E7F27A57-SegmentedRaftLog:OPENED:c1,f3,i3, conf=3: [s0:0.0.0.0:41468, s1:0.0.0.0:41619, s2:0.0.0.0:44382], old=null RUNNING, sleep 450ms and then retry.
java.lang.IllegalStateException: No leader yet : printing ALL groups
  s0:  RUNNING CANDIDATE s0@group-5BD3E7F27A57:t143, leader=null, voted=s0, raftlog=s0@group-5BD3E7F27A57-SegmentedRaftLog:OPENED:c3,f4,i4, conf=3: [s0:0.0.0.0:41468, s1:0.0.0.0:41619, s2:0.0.0.0:44382], old=null RUNNING
  s1:  RUNNING CANDIDATE s1@group-5BD3E7F27A57:t143, leader=null, voted=s1, raftlog=s1@group-5BD3E7F27A57-SegmentedRaftLog:OPENED:c2,f3,i3, conf=2: [s0:0.0.0.0:41468, s1:0.0.0.0:41619, s2:0.0.0.0:44382], old=null RUNNING
  s2:  RUNNING CANDIDATE s2@group-5BD3E7F27A57:t142, leader=null, voted=s2, raftlog=s2@group-5BD3E7F27A57-SegmentedRaftLog:OPENED:c1,f3,i3, conf=3: [s0:0.0.0.0:41468, s1:0.0.0.0:41619, s2:0.0.0.0:44382], old=null RUNNING
	at org.apache.ratis.MiniRaftCluster.newIllegalStateExceptionForNoLeaders(MiniRaftCluster.java:506)
	at org.apache.ratis.RaftTestUtil.lambda$waitForLeader$1(RaftTestUtil.java:90)
	at org.apache.ratis.MiniRaftCluster.getLeader(MiniRaftCluster.java:539)
	at org.apache.ratis.MiniRaftCluster.getLeader(MiniRaftCluster.java:532)
	at org.apache.ratis.RaftTestUtil.lambda$waitForLeader$3(RaftTestUtil.java:98)
	at org.apache.ratis.util.JavaUtils.attempt(JavaUtils.java:152)
	at org.apache.ratis.RaftTestUtil.waitForLeader(RaftTestUtil.java:97)
	at org.apache.ratis.RaftTestUtil.waitForLeader(RaftTestUtil.java:77)
	at org.apache.ratis.RaftTestUtil.waitForLeader(RaftTestUtil.java:72)
	at org.apache.ratis.RaftTestUtil.lambda$changeLeader$7(RaftTestUtil.java:363)
	at org.apache.ratis.util.JavaUtils.attempt(JavaUtils.java:152)
	at org.apache.ratis.RaftTestUtil.changeLeader(RaftTestUtil.java:362)
	at org.apache.ratis.server.impl.LeaderElectionTests.testChangeLeader(LeaderElectionTests.java:81)
	at sun.reflect.NativeMethodAccessorImpl.invoke0(Native Method)
	at sun.reflect.NativeMethodAccessorImpl.invoke(NativeMethodAccessorImpl.java:62)
	at sun.reflect.DelegatingMethodAccessorImpl.invoke(DelegatingMethodAccessorImpl.java:43)
	at java.lang.reflect.Method.invoke(Method.java:498)
	at org.junit.runners.model.FrameworkMethod$1.runReflectiveCall(FrameworkMethod.java:50)
	at org.junit.internal.runners.model.ReflectiveCallable.run(ReflectiveCallable.java:12)
	at org.junit.runners.model.FrameworkMethod.invokeExplosively(FrameworkMethod.java:47)
	at org.junit.internal.runners.statements.InvokeMethod.evaluate(InvokeMethod.java:17)
	at org.junit.internal.runners.statements.RunAfters.evaluate(RunAfters.java:27)
	at org.junit.internal.runners.statements.FailOnTimeout$CallableStatement.call(FailOnTimeout.java:298)
	at org.junit.internal.runners.statements.FailOnTimeout$CallableStatement.call(FailOnTimeout.java:292)
	at java.util.concurrent.FutureTask.run(FutureTask.java:266)
	at java.lang.Thread.run(Thread.java:748)
2019-09-26 09:49:24,712 INFO  impl.LeaderElection (LeaderElection.java:logAndReturn(56)) - s0@group-5BD3E7F27A57-LeaderElection78: Election TIMEOUT; received 0 response(s) [] and 0 exception(s); s0@group-5BD3E7F27A57:t143, leader=null, voted=s0, raftlog=s0@group-5BD3E7F27A57-SegmentedRaftLog:OPENED:c3,f4,i4, conf=3: [s0:0.0.0.0:41468, s1:0.0.0.0:41619, s2:0.0.0.0:44382], old=null
2019-09-26 09:49:24,725 INFO  impl.LeaderElection (LeaderElection.java:askForVotes(178)) - s0@group-5BD3E7F27A57-LeaderElection78: begin an election at term 144 for 3: [s0:0.0.0.0:41468, s1:0.0.0.0:41619, s2:0.0.0.0:44382], old=null
2019-09-26 09:49:24,737 INFO  impl.LeaderElection (LeaderElection.java:logAndReturn(56)) - s2@group-5BD3E7F27A57-LeaderElection74: Election TIMEOUT; received 1 response(s) [s2<-s0#0:FAIL-t142] and 0 exception(s); s2@group-5BD3E7F27A57:t142, leader=null, voted=s2, raftlog=s2@group-5BD3E7F27A57-SegmentedRaftLog:OPENED:c1,f3,i3, conf=3: [s0:0.0.0.0:41468, s1:0.0.0.0:41619, s2:0.0.0.0:44382], old=null
2019-09-26 09:49:24,751 INFO  impl.LeaderElection (LeaderElection.java:askForVotes(178)) - s2@group-5BD3E7F27A57-LeaderElection74: begin an election at term 143 for 3: [s0:0.0.0.0:41468, s1:0.0.0.0:41619, s2:0.0.0.0:44382], old=null
2019-09-26 09:49:24,752 DEBUG impl.RaftServerImpl (RaftServerImpl.java:requestVote(743)) - s0@group-5BD3E7F27A57: receive requestVote(s2, group-5BD3E7F27A57, 143, (t:4, i:3))
2019-09-26 09:49:24,752 DEBUG impl.RaftServerImpl (RaftServerImpl.java:requestVote(775)) - s0@group-5BD3E7F27A57 replies to vote request: s2<-s0#0:FAIL-t144. Peer's state: s0@group-5BD3E7F27A57:t144, leader=null, voted=s0, raftlog=s0@group-5BD3E7F27A57-SegmentedRaftLog:OPENED:c3,f4,i4, conf=3: [s0:0.0.0.0:41468, s1:0.0.0.0:41619, s2:0.0.0.0:44382], old=null
2019-09-26 09:49:24,752 INFO  impl.LeaderElection (LeaderElection.java:logAndReturn(56)) - s2@group-5BD3E7F27A57-LeaderElection74: Election DISCOVERED_A_NEW_TERM; received 1 response(s) [s2<-s0#0:FAIL-t144] and 0 exception(s); s2@group-5BD3E7F27A57:t143, leader=null, voted=s2, raftlog=s2@group-5BD3E7F27A57-SegmentedRaftLog:OPENED:c1,f3,i3, conf=3: [s0:0.0.0.0:41468, s1:0.0.0.0:41619, s2:0.0.0.0:44382], old=null
2019-09-26 09:49:24,752 INFO  impl.RaftServerImpl (RaftServerImpl.java:setRole(170)) - s2@group-5BD3E7F27A57: changes role from CANDIDATE to FOLLOWER at term 144 for DISCOVERED_A_NEW_TERM
2019-09-26 09:49:24,752 INFO  impl.RoleInfo (RoleInfo.java:shutdownLeaderElection(134)) - s2: shutdown LeaderElection
2019-09-26 09:49:24,752 INFO  impl.RoleInfo (RoleInfo.java:updateAndGet(143)) - s2: start FollowerState
2019-09-26 09:49:24,787 INFO  impl.LeaderElection (LeaderElection.java:logAndReturn(56)) - s1@group-5BD3E7F27A57-LeaderElection79: Election TIMEOUT; received 1 response(s) [s1<-s0#0:FAIL-t143] and 0 exception(s); s1@group-5BD3E7F27A57:t143, leader=null, voted=s1, raftlog=s1@group-5BD3E7F27A57-SegmentedRaftLog:OPENED:c2,f3,i3, conf=2: [s0:0.0.0.0:41468, s1:0.0.0.0:41619, s2:0.0.0.0:44382], old=null
2019-09-26 09:49:24,800 INFO  impl.LeaderElection (LeaderElection.java:askForVotes(178)) - s1@group-5BD3E7F27A57-LeaderElection79: begin an election at term 144 for 2: [s0:0.0.0.0:41468, s1:0.0.0.0:41619, s2:0.0.0.0:44382], old=null
2019-09-26 09:49:24,801 DEBUG impl.RaftServerImpl (RaftServerImpl.java:requestVote(743)) - s0@group-5BD3E7F27A57: receive requestVote(s1, group-5BD3E7F27A57, 144, (t:3, i:3))
2019-09-26 09:49:24,801 DEBUG impl.RaftServerImpl (RaftServerImpl.java:requestVote(775)) - s0@group-5BD3E7F27A57 replies to vote request: s1<-s0#0:FAIL-t144. Peer's state: s0@group-5BD3E7F27A57:t144, leader=null, voted=s0, raftlog=s0@group-5BD3E7F27A57-SegmentedRaftLog:OPENED:c3,f4,i4, conf=3: [s0:0.0.0.0:41468, s1:0.0.0.0:41619, s2:0.0.0.0:44382], old=null
2019-09-26 09:49:24,918 INFO  impl.LeaderElection (LeaderElection.java:logAndReturn(56)) - s0@group-5BD3E7F27A57-LeaderElection78: Election TIMEOUT; received 0 response(s) [] and 0 exception(s); s0@group-5BD3E7F27A57:t144, leader=null, voted=s0, raftlog=s0@group-5BD3E7F27A57-SegmentedRaftLog:OPENED:c3,f4,i4, conf=3: [s0:0.0.0.0:41468, s1:0.0.0.0:41619, s2:0.0.0.0:44382], old=null
2019-09-26 09:49:24,932 INFO  impl.LeaderElection (LeaderElection.java:askForVotes(178)) - s0@group-5BD3E7F27A57-LeaderElection78: begin an election at term 145 for 3: [s0:0.0.0.0:41468, s1:0.0.0.0:41619, s2:0.0.0.0:44382], old=null
2019-09-26 09:49:25,000 INFO  impl.FollowerState (FollowerState.java:run(108)) - s2@group-5BD3E7F27A57-FollowerState: change to CANDIDATE, lastRpcTime:247ms, electionTimeout:247ms
2019-09-26 09:49:25,000 INFO  impl.RoleInfo (RoleInfo.java:shutdownFollowerState(121)) - s2: shutdown FollowerState
2019-09-26 09:49:25,000 INFO  impl.RaftServerImpl (RaftServerImpl.java:setRole(170)) - s2@group-5BD3E7F27A57: changes role from  FOLLOWER to CANDIDATE at term 144 for changeToCandidate
2019-09-26 09:49:25,000 INFO  impl.RoleInfo (RoleInfo.java:updateAndGet(143)) - s2: start LeaderElection
2019-09-26 09:49:25,014 INFO  impl.LeaderElection (LeaderElection.java:askForVotes(178)) - s2@group-5BD3E7F27A57-LeaderElection80: begin an election at term 145 for 3: [s0:0.0.0.0:41468, s1:0.0.0.0:41619, s2:0.0.0.0:44382], old=null
2019-09-26 09:49:25,015 DEBUG impl.RaftServerImpl (RaftServerImpl.java:requestVote(743)) - s0@group-5BD3E7F27A57: receive requestVote(s2, group-5BD3E7F27A57, 145, (t:4, i:3))
2019-09-26 09:49:25,015 DEBUG impl.RaftServerImpl (RaftServerImpl.java:requestVote(775)) - s0@group-5BD3E7F27A57 replies to vote request: s2<-s0#0:FAIL-t145. Peer's state: s0@group-5BD3E7F27A57:t145, leader=null, voted=s0, raftlog=s0@group-5BD3E7F27A57-SegmentedRaftLog:OPENED:c3,f4,i4, conf=3: [s0:0.0.0.0:41468, s1:0.0.0.0:41619, s2:0.0.0.0:44382], old=null
2019-09-26 09:49:25,017 INFO  impl.LeaderElection (LeaderElection.java:logAndReturn(56)) - s1@group-5BD3E7F27A57-LeaderElection79: Election TIMEOUT; received 1 response(s) [s1<-s0#0:FAIL-t144] and 0 exception(s); s1@group-5BD3E7F27A57:t144, leader=null, voted=s1, raftlog=s1@group-5BD3E7F27A57-SegmentedRaftLog:OPENED:c2,f3,i3, conf=2: [s0:0.0.0.0:41468, s1:0.0.0.0:41619, s2:0.0.0.0:44382], old=null
2019-09-26 09:49:25,030 INFO  impl.LeaderElection (LeaderElection.java:askForVotes(178)) - s1@group-5BD3E7F27A57-LeaderElection79: begin an election at term 145 for 2: [s0:0.0.0.0:41468, s1:0.0.0.0:41619, s2:0.0.0.0:44382], old=null
2019-09-26 09:49:25,031 DEBUG impl.RaftServerImpl (RaftServerImpl.java:requestVote(743)) - s0@group-5BD3E7F27A57: receive requestVote(s1, group-5BD3E7F27A57, 145, (t:3, i:3))
2019-09-26 09:49:25,031 DEBUG impl.RaftServerImpl (RaftServerImpl.java:requestVote(775)) - s0@group-5BD3E7F27A57 replies to vote request: s1<-s0#0:FAIL-t145. Peer's state: s0@group-5BD3E7F27A57:t145, leader=null, voted=s0, raftlog=s0@group-5BD3E7F27A57-SegmentedRaftLog:OPENED:c3,f4,i4, conf=3: [s0:0.0.0.0:41468, s1:0.0.0.0:41619, s2:0.0.0.0:44382], old=null
2019-09-26 09:49:25,116 WARN  ratis.RaftTestUtil (JavaUtils.java:attempt(158)) - FAILED "waitForLeader-null-(expectLeader? true)", attempt #71/100: java.lang.IllegalStateException: No leader yet : printing ALL groups
  s0:  RUNNING CANDIDATE s0@group-5BD3E7F27A57:t145, leader=null, voted=s0, raftlog=s0@group-5BD3E7F27A57-SegmentedRaftLog:OPENED:c3,f4,i4, conf=3: [s0:0.0.0.0:41468, s1:0.0.0.0:41619, s2:0.0.0.0:44382], old=null RUNNING
  s1:  RUNNING CANDIDATE s1@group-5BD3E7F27A57:t145, leader=null, voted=s1, raftlog=s1@group-5BD3E7F27A57-SegmentedRaftLog:OPENED:c2,f3,i3, conf=2: [s0:0.0.0.0:41468, s1:0.0.0.0:41619, s2:0.0.0.0:44382], old=null RUNNING
  s2:  RUNNING CANDIDATE s2@group-5BD3E7F27A57:t145, leader=null, voted=s2, raftlog=s2@group-5BD3E7F27A57-SegmentedRaftLog:OPENED:c1,f3,i3, conf=3: [s0:0.0.0.0:41468, s1:0.0.0.0:41619, s2:0.0.0.0:44382], old=null RUNNING, sleep 450ms and then retry.
java.lang.IllegalStateException: No leader yet : printing ALL groups
  s0:  RUNNING CANDIDATE s0@group-5BD3E7F27A57:t145, leader=null, voted=s0, raftlog=s0@group-5BD3E7F27A57-SegmentedRaftLog:OPENED:c3,f4,i4, conf=3: [s0:0.0.0.0:41468, s1:0.0.0.0:41619, s2:0.0.0.0:44382], old=null RUNNING
  s1:  RUNNING CANDIDATE s1@group-5BD3E7F27A57:t145, leader=null, voted=s1, raftlog=s1@group-5BD3E7F27A57-SegmentedRaftLog:OPENED:c2,f3,i3, conf=2: [s0:0.0.0.0:41468, s1:0.0.0.0:41619, s2:0.0.0.0:44382], old=null RUNNING
  s2:  RUNNING CANDIDATE s2@group-5BD3E7F27A57:t145, leader=null, voted=s2, raftlog=s2@group-5BD3E7F27A57-SegmentedRaftLog:OPENED:c1,f3,i3, conf=3: [s0:0.0.0.0:41468, s1:0.0.0.0:41619, s2:0.0.0.0:44382], old=null RUNNING
	at org.apache.ratis.MiniRaftCluster.newIllegalStateExceptionForNoLeaders(MiniRaftCluster.java:506)
	at org.apache.ratis.RaftTestUtil.lambda$waitForLeader$1(RaftTestUtil.java:90)
	at org.apache.ratis.MiniRaftCluster.getLeader(MiniRaftCluster.java:539)
	at org.apache.ratis.MiniRaftCluster.getLeader(MiniRaftCluster.java:532)
	at org.apache.ratis.RaftTestUtil.lambda$waitForLeader$3(RaftTestUtil.java:98)
	at org.apache.ratis.util.JavaUtils.attempt(JavaUtils.java:152)
	at org.apache.ratis.RaftTestUtil.waitForLeader(RaftTestUtil.java:97)
	at org.apache.ratis.RaftTestUtil.waitForLeader(RaftTestUtil.java:77)
	at org.apache.ratis.RaftTestUtil.waitForLeader(RaftTestUtil.java:72)
	at org.apache.ratis.RaftTestUtil.lambda$changeLeader$7(RaftTestUtil.java:363)
	at org.apache.ratis.util.JavaUtils.attempt(JavaUtils.java:152)
	at org.apache.ratis.RaftTestUtil.changeLeader(RaftTestUtil.java:362)
	at org.apache.ratis.server.impl.LeaderElectionTests.testChangeLeader(LeaderElectionTests.java:81)
	at sun.reflect.NativeMethodAccessorImpl.invoke0(Native Method)
	at sun.reflect.NativeMethodAccessorImpl.invoke(NativeMethodAccessorImpl.java:62)
	at sun.reflect.DelegatingMethodAccessorImpl.invoke(DelegatingMethodAccessorImpl.java:43)
	at java.lang.reflect.Method.invoke(Method.java:498)
	at org.junit.runners.model.FrameworkMethod$1.runReflectiveCall(FrameworkMethod.java:50)
	at org.junit.internal.runners.model.ReflectiveCallable.run(ReflectiveCallable.java:12)
	at org.junit.runners.model.FrameworkMethod.invokeExplosively(FrameworkMethod.java:47)
	at org.junit.internal.runners.statements.InvokeMethod.evaluate(InvokeMethod.java:17)
	at org.junit.internal.runners.statements.RunAfters.evaluate(RunAfters.java:27)
	at org.junit.internal.runners.statements.FailOnTimeout$CallableStatement.call(FailOnTimeout.java:298)
	at org.junit.internal.runners.statements.FailOnTimeout$CallableStatement.call(FailOnTimeout.java:292)
	at java.util.concurrent.FutureTask.run(FutureTask.java:266)
	at java.lang.Thread.run(Thread.java:748)
2019-09-26 09:49:25,225 INFO  impl.LeaderElection (LeaderElection.java:logAndReturn(56)) - s0@group-5BD3E7F27A57-LeaderElection78: Election TIMEOUT; received 0 response(s) [] and 0 exception(s); s0@group-5BD3E7F27A57:t145, leader=null, voted=s0, raftlog=s0@group-5BD3E7F27A57-SegmentedRaftLog:OPENED:c3,f4,i4, conf=3: [s0:0.0.0.0:41468, s1:0.0.0.0:41619, s2:0.0.0.0:44382], old=null
2019-09-26 09:49:25,242 INFO  impl.LeaderElection (LeaderElection.java:logAndReturn(56)) - s2@group-5BD3E7F27A57-LeaderElection80: Election TIMEOUT; received 1 response(s) [s2<-s0#0:FAIL-t145] and 0 exception(s); s2@group-5BD3E7F27A57:t145, leader=null, voted=s2, raftlog=s2@group-5BD3E7F27A57-SegmentedRaftLog:OPENED:c1,f3,i3, conf=3: [s0:0.0.0.0:41468, s1:0.0.0.0:41619, s2:0.0.0.0:44382], old=null
2019-09-26 09:49:25,252 INFO  impl.LeaderElection (LeaderElection.java:askForVotes(178)) - s0@group-5BD3E7F27A57-LeaderElection78: begin an election at term 146 for 3: [s0:0.0.0.0:41468, s1:0.0.0.0:41619, s2:0.0.0.0:44382], old=null
2019-09-26 09:49:25,252 INFO  impl.LeaderElection (LeaderElection.java:askForVotes(178)) - s2@group-5BD3E7F27A57-LeaderElection80: begin an election at term 146 for 3: [s0:0.0.0.0:41468, s1:0.0.0.0:41619, s2:0.0.0.0:44382], old=null
2019-09-26 09:49:25,253 DEBUG impl.RaftServerImpl (RaftServerImpl.java:requestVote(743)) - s0@group-5BD3E7F27A57: receive requestVote(s2, group-5BD3E7F27A57, 146, (t:4, i:3))
2019-09-26 09:49:25,253 DEBUG impl.RaftServerImpl (RaftServerImpl.java:requestVote(775)) - s0@group-5BD3E7F27A57 replies to vote request: s2<-s0#0:FAIL-t146. Peer's state: s0@group-5BD3E7F27A57:t146, leader=null, voted=s0, raftlog=s0@group-5BD3E7F27A57-SegmentedRaftLog:OPENED:c3,f4,i4, conf=3: [s0:0.0.0.0:41468, s1:0.0.0.0:41619, s2:0.0.0.0:44382], old=null
2019-09-26 09:49:25,268 INFO  impl.LeaderElection (LeaderElection.java:logAndReturn(56)) - s1@group-5BD3E7F27A57-LeaderElection79: Election TIMEOUT; received 1 response(s) [s1<-s0#0:FAIL-t145] and 0 exception(s); s1@group-5BD3E7F27A57:t145, leader=null, voted=s1, raftlog=s1@group-5BD3E7F27A57-SegmentedRaftLog:OPENED:c2,f3,i3, conf=2: [s0:0.0.0.0:41468, s1:0.0.0.0:41619, s2:0.0.0.0:44382], old=null
2019-09-26 09:49:25,281 INFO  impl.LeaderElection (LeaderElection.java:askForVotes(178)) - s1@group-5BD3E7F27A57-LeaderElection79: begin an election at term 146 for 2: [s0:0.0.0.0:41468, s1:0.0.0.0:41619, s2:0.0.0.0:44382], old=null
2019-09-26 09:49:25,281 DEBUG impl.RaftServerImpl (RaftServerImpl.java:requestVote(743)) - s0@group-5BD3E7F27A57: receive requestVote(s1, group-5BD3E7F27A57, 146, (t:3, i:3))
2019-09-26 09:49:25,281 DEBUG impl.RaftServerImpl (RaftServerImpl.java:requestVote(775)) - s0@group-5BD3E7F27A57 replies to vote request: s1<-s0#0:FAIL-t146. Peer's state: s0@group-5BD3E7F27A57:t146, leader=null, voted=s0, raftlog=s0@group-5BD3E7F27A57-SegmentedRaftLog:OPENED:c3,f4,i4, conf=3: [s0:0.0.0.0:41468, s1:0.0.0.0:41619, s2:0.0.0.0:44382], old=null
2019-09-26 09:49:25,427 INFO  impl.LeaderElection (LeaderElection.java:logAndReturn(56)) - s2@group-5BD3E7F27A57-LeaderElection80: Election TIMEOUT; received 1 response(s) [s2<-s0#0:FAIL-t146] and 0 exception(s); s2@group-5BD3E7F27A57:t146, leader=null, voted=s2, raftlog=s2@group-5BD3E7F27A57-SegmentedRaftLog:OPENED:c1,f3,i3, conf=3: [s0:0.0.0.0:41468, s1:0.0.0.0:41619, s2:0.0.0.0:44382], old=null
2019-09-26 09:49:25,436 INFO  impl.LeaderElection (LeaderElection.java:logAndReturn(56)) - s0@group-5BD3E7F27A57-LeaderElection78: Election TIMEOUT; received 0 response(s) [] and 0 exception(s); s0@group-5BD3E7F27A57:t146, leader=null, voted=s0, raftlog=s0@group-5BD3E7F27A57-SegmentedRaftLog:OPENED:c3,f4,i4, conf=3: [s0:0.0.0.0:41468, s1:0.0.0.0:41619, s2:0.0.0.0:44382], old=null
2019-09-26 09:49:25,441 INFO  impl.LeaderElection (LeaderElection.java:askForVotes(178)) - s0@group-5BD3E7F27A57-LeaderElection78: begin an election at term 147 for 3: [s0:0.0.0.0:41468, s1:0.0.0.0:41619, s2:0.0.0.0:44382], old=null
2019-09-26 09:49:25,441 INFO  impl.LeaderElection (LeaderElection.java:askForVotes(178)) - s2@group-5BD3E7F27A57-LeaderElection80: begin an election at term 147 for 3: [s0:0.0.0.0:41468, s1:0.0.0.0:41619, s2:0.0.0.0:44382], old=null
2019-09-26 09:49:25,442 DEBUG impl.RaftServerImpl (RaftServerImpl.java:requestVote(743)) - s0@group-5BD3E7F27A57: receive requestVote(s2, group-5BD3E7F27A57, 147, (t:4, i:3))
2019-09-26 09:49:25,442 DEBUG impl.RaftServerImpl (RaftServerImpl.java:requestVote(775)) - s0@group-5BD3E7F27A57 replies to vote request: s2<-s0#0:FAIL-t147. Peer's state: s0@group-5BD3E7F27A57:t147, leader=null, voted=s0, raftlog=s0@group-5BD3E7F27A57-SegmentedRaftLog:OPENED:c3,f4,i4, conf=3: [s0:0.0.0.0:41468, s1:0.0.0.0:41619, s2:0.0.0.0:44382], old=null
2019-09-26 09:49:25,567 WARN  ratis.RaftTestUtil (JavaUtils.java:attempt(158)) - FAILED "waitForLeader-null-(expectLeader? true)", attempt #72/100: java.lang.IllegalStateException: No leader yet : printing ALL groups
  s0:  RUNNING CANDIDATE s0@group-5BD3E7F27A57:t147, leader=null, voted=s0, raftlog=s0@group-5BD3E7F27A57-SegmentedRaftLog:OPENED:c3,f4,i4, conf=3: [s0:0.0.0.0:41468, s1:0.0.0.0:41619, s2:0.0.0.0:44382], old=null RUNNING
  s1:  RUNNING CANDIDATE s1@group-5BD3E7F27A57:t146, leader=null, voted=s1, raftlog=s1@group-5BD3E7F27A57-SegmentedRaftLog:OPENED:c2,f3,i3, conf=2: [s0:0.0.0.0:41468, s1:0.0.0.0:41619, s2:0.0.0.0:44382], old=null RUNNING
  s2:  RUNNING CANDIDATE s2@group-5BD3E7F27A57:t147, leader=null, voted=s2, raftlog=s2@group-5BD3E7F27A57-SegmentedRaftLog:OPENED:c1,f3,i3, conf=3: [s0:0.0.0.0:41468, s1:0.0.0.0:41619, s2:0.0.0.0:44382], old=null RUNNING, sleep 450ms and then retry.
java.lang.IllegalStateException: No leader yet : printing ALL groups
  s0:  RUNNING CANDIDATE s0@group-5BD3E7F27A57:t147, leader=null, voted=s0, raftlog=s0@group-5BD3E7F27A57-SegmentedRaftLog:OPENED:c3,f4,i4, conf=3: [s0:0.0.0.0:41468, s1:0.0.0.0:41619, s2:0.0.0.0:44382], old=null RUNNING
  s1:  RUNNING CANDIDATE s1@group-5BD3E7F27A57:t146, leader=null, voted=s1, raftlog=s1@group-5BD3E7F27A57-SegmentedRaftLog:OPENED:c2,f3,i3, conf=2: [s0:0.0.0.0:41468, s1:0.0.0.0:41619, s2:0.0.0.0:44382], old=null RUNNING
  s2:  RUNNING CANDIDATE s2@group-5BD3E7F27A57:t147, leader=null, voted=s2, raftlog=s2@group-5BD3E7F27A57-SegmentedRaftLog:OPENED:c1,f3,i3, conf=3: [s0:0.0.0.0:41468, s1:0.0.0.0:41619, s2:0.0.0.0:44382], old=null RUNNING
	at org.apache.ratis.MiniRaftCluster.newIllegalStateExceptionForNoLeaders(MiniRaftCluster.java:506)
	at org.apache.ratis.RaftTestUtil.lambda$waitForLeader$1(RaftTestUtil.java:90)
	at org.apache.ratis.MiniRaftCluster.getLeader(MiniRaftCluster.java:539)
	at org.apache.ratis.MiniRaftCluster.getLeader(MiniRaftCluster.java:532)
	at org.apache.ratis.RaftTestUtil.lambda$waitForLeader$3(RaftTestUtil.java:98)
	at org.apache.ratis.util.JavaUtils.attempt(JavaUtils.java:152)
	at org.apache.ratis.RaftTestUtil.waitForLeader(RaftTestUtil.java:97)
	at org.apache.ratis.RaftTestUtil.waitForLeader(RaftTestUtil.java:77)
	at org.apache.ratis.RaftTestUtil.waitForLeader(RaftTestUtil.java:72)
	at org.apache.ratis.RaftTestUtil.lambda$changeLeader$7(RaftTestUtil.java:363)
	at org.apache.ratis.util.JavaUtils.attempt(JavaUtils.java:152)
	at org.apache.ratis.RaftTestUtil.changeLeader(RaftTestUtil.java:362)
	at org.apache.ratis.server.impl.LeaderElectionTests.testChangeLeader(LeaderElectionTests.java:81)
	at sun.reflect.NativeMethodAccessorImpl.invoke0(Native Method)
	at sun.reflect.NativeMethodAccessorImpl.invoke(NativeMethodAccessorImpl.java:62)
	at sun.reflect.DelegatingMethodAccessorImpl.invoke(DelegatingMethodAccessorImpl.java:43)
	at java.lang.reflect.Method.invoke(Method.java:498)
	at org.junit.runners.model.FrameworkMethod$1.runReflectiveCall(FrameworkMethod.java:50)
	at org.junit.internal.runners.model.ReflectiveCallable.run(ReflectiveCallable.java:12)
	at org.junit.runners.model.FrameworkMethod.invokeExplosively(FrameworkMethod.java:47)
	at org.junit.internal.runners.statements.InvokeMethod.evaluate(InvokeMethod.java:17)
	at org.junit.internal.runners.statements.RunAfters.evaluate(RunAfters.java:27)
	at org.junit.internal.runners.statements.FailOnTimeout$CallableStatement.call(FailOnTimeout.java:298)
	at org.junit.internal.runners.statements.FailOnTimeout$CallableStatement.call(FailOnTimeout.java:292)
	at java.util.concurrent.FutureTask.run(FutureTask.java:266)
	at java.lang.Thread.run(Thread.java:748)
2019-09-26 09:49:25,580 INFO  impl.LeaderElection (LeaderElection.java:logAndReturn(56)) - s1@group-5BD3E7F27A57-LeaderElection79: Election TIMEOUT; received 1 response(s) [s1<-s0#0:FAIL-t146] and 0 exception(s); s1@group-5BD3E7F27A57:t146, leader=null, voted=s1, raftlog=s1@group-5BD3E7F27A57-SegmentedRaftLog:OPENED:c2,f3,i3, conf=2: [s0:0.0.0.0:41468, s1:0.0.0.0:41619, s2:0.0.0.0:44382], old=null
2019-09-26 09:49:25,594 INFO  impl.LeaderElection (LeaderElection.java:askForVotes(178)) - s1@group-5BD3E7F27A57-LeaderElection79: begin an election at term 147 for 2: [s0:0.0.0.0:41468, s1:0.0.0.0:41619, s2:0.0.0.0:44382], old=null
2019-09-26 09:49:25,594 DEBUG impl.RaftServerImpl (RaftServerImpl.java:requestVote(743)) - s0@group-5BD3E7F27A57: receive requestVote(s1, group-5BD3E7F27A57, 147, (t:3, i:3))
2019-09-26 09:49:25,594 DEBUG impl.RaftServerImpl (RaftServerImpl.java:requestVote(775)) - s0@group-5BD3E7F27A57 replies to vote request: s1<-s0#0:FAIL-t147. Peer's state: s0@group-5BD3E7F27A57:t147, leader=null, voted=s0, raftlog=s0@group-5BD3E7F27A57-SegmentedRaftLog:OPENED:c3,f4,i4, conf=3: [s0:0.0.0.0:41468, s1:0.0.0.0:41619, s2:0.0.0.0:44382], old=null
2019-09-26 09:49:25,638 INFO  impl.LeaderElection (LeaderElection.java:logAndReturn(56)) - s0@group-5BD3E7F27A57-LeaderElection78: Election TIMEOUT; received 0 response(s) [] and 0 exception(s); s0@group-5BD3E7F27A57:t147, leader=null, voted=s0, raftlog=s0@group-5BD3E7F27A57-SegmentedRaftLog:OPENED:c3,f4,i4, conf=3: [s0:0.0.0.0:41468, s1:0.0.0.0:41619, s2:0.0.0.0:44382], old=null
2019-09-26 09:49:25,650 INFO  impl.LeaderElection (LeaderElection.java:askForVotes(178)) - s0@group-5BD3E7F27A57-LeaderElection78: begin an election at term 148 for 3: [s0:0.0.0.0:41468, s1:0.0.0.0:41619, s2:0.0.0.0:44382], old=null
2019-09-26 09:49:25,715 INFO  impl.LeaderElection (LeaderElection.java:logAndReturn(56)) - s2@group-5BD3E7F27A57-LeaderElection80: Election TIMEOUT; received 1 response(s) [s2<-s0#0:FAIL-t147] and 0 exception(s); s2@group-5BD3E7F27A57:t147, leader=null, voted=s2, raftlog=s2@group-5BD3E7F27A57-SegmentedRaftLog:OPENED:c1,f3,i3, conf=3: [s0:0.0.0.0:41468, s1:0.0.0.0:41619, s2:0.0.0.0:44382], old=null
2019-09-26 09:49:25,728 INFO  impl.LeaderElection (LeaderElection.java:askForVotes(178)) - s2@group-5BD3E7F27A57-LeaderElection80: begin an election at term 148 for 3: [s0:0.0.0.0:41468, s1:0.0.0.0:41619, s2:0.0.0.0:44382], old=null
2019-09-26 09:49:25,728 DEBUG impl.RaftServerImpl (RaftServerImpl.java:requestVote(743)) - s0@group-5BD3E7F27A57: receive requestVote(s2, group-5BD3E7F27A57, 148, (t:4, i:3))
2019-09-26 09:49:25,728 DEBUG impl.RaftServerImpl (RaftServerImpl.java:requestVote(775)) - s0@group-5BD3E7F27A57 replies to vote request: s2<-s0#0:FAIL-t148. Peer's state: s0@group-5BD3E7F27A57:t148, leader=null, voted=s0, raftlog=s0@group-5BD3E7F27A57-SegmentedRaftLog:OPENED:c3,f4,i4, conf=3: [s0:0.0.0.0:41468, s1:0.0.0.0:41619, s2:0.0.0.0:44382], old=null
2019-09-26 09:49:25,813 INFO  impl.LeaderElection (LeaderElection.java:logAndReturn(56)) - s1@group-5BD3E7F27A57-LeaderElection79: Election TIMEOUT; received 1 response(s) [s1<-s0#0:FAIL-t147] and 0 exception(s); s1@group-5BD3E7F27A57:t147, leader=null, voted=s1, raftlog=s1@group-5BD3E7F27A57-SegmentedRaftLog:OPENED:c2,f3,i3, conf=2: [s0:0.0.0.0:41468, s1:0.0.0.0:41619, s2:0.0.0.0:44382], old=null
2019-09-26 09:49:25,828 INFO  impl.LeaderElection (LeaderElection.java:askForVotes(178)) - s1@group-5BD3E7F27A57-LeaderElection79: begin an election at term 148 for 2: [s0:0.0.0.0:41468, s1:0.0.0.0:41619, s2:0.0.0.0:44382], old=null
2019-09-26 09:49:25,829 DEBUG impl.RaftServerImpl (RaftServerImpl.java:requestVote(743)) - s0@group-5BD3E7F27A57: receive requestVote(s1, group-5BD3E7F27A57, 148, (t:3, i:3))
2019-09-26 09:49:25,829 DEBUG impl.RaftServerImpl (RaftServerImpl.java:requestVote(775)) - s0@group-5BD3E7F27A57 replies to vote request: s1<-s0#0:FAIL-t148. Peer's state: s0@group-5BD3E7F27A57:t148, leader=null, voted=s0, raftlog=s0@group-5BD3E7F27A57-SegmentedRaftLog:OPENED:c3,f4,i4, conf=3: [s0:0.0.0.0:41468, s1:0.0.0.0:41619, s2:0.0.0.0:44382], old=null
2019-09-26 09:49:25,951 INFO  impl.LeaderElection (LeaderElection.java:logAndReturn(56)) - s0@group-5BD3E7F27A57-LeaderElection78: Election TIMEOUT; received 0 response(s) [] and 0 exception(s); s0@group-5BD3E7F27A57:t148, leader=null, voted=s0, raftlog=s0@group-5BD3E7F27A57-SegmentedRaftLog:OPENED:c3,f4,i4, conf=3: [s0:0.0.0.0:41468, s1:0.0.0.0:41619, s2:0.0.0.0:44382], old=null
2019-09-26 09:49:25,964 INFO  impl.LeaderElection (LeaderElection.java:askForVotes(178)) - s0@group-5BD3E7F27A57-LeaderElection78: begin an election at term 149 for 3: [s0:0.0.0.0:41468, s1:0.0.0.0:41619, s2:0.0.0.0:44382], old=null
2019-09-26 09:49:25,976 INFO  impl.LeaderElection (LeaderElection.java:logAndReturn(56)) - s2@group-5BD3E7F27A57-LeaderElection80: Election TIMEOUT; received 1 response(s) [s2<-s0#0:FAIL-t148] and 0 exception(s); s2@group-5BD3E7F27A57:t148, leader=null, voted=s2, raftlog=s2@group-5BD3E7F27A57-SegmentedRaftLog:OPENED:c1,f3,i3, conf=3: [s0:0.0.0.0:41468, s1:0.0.0.0:41619, s2:0.0.0.0:44382], old=null
2019-09-26 09:49:25,990 INFO  impl.LeaderElection (LeaderElection.java:askForVotes(178)) - s2@group-5BD3E7F27A57-LeaderElection80: begin an election at term 149 for 3: [s0:0.0.0.0:41468, s1:0.0.0.0:41619, s2:0.0.0.0:44382], old=null
2019-09-26 09:49:25,990 DEBUG impl.RaftServerImpl (RaftServerImpl.java:requestVote(743)) - s0@group-5BD3E7F27A57: receive requestVote(s2, group-5BD3E7F27A57, 149, (t:4, i:3))
2019-09-26 09:49:25,991 DEBUG impl.RaftServerImpl (RaftServerImpl.java:requestVote(775)) - s0@group-5BD3E7F27A57 replies to vote request: s2<-s0#0:FAIL-t149. Peer's state: s0@group-5BD3E7F27A57:t149, leader=null, voted=s0, raftlog=s0@group-5BD3E7F27A57-SegmentedRaftLog:OPENED:c3,f4,i4, conf=3: [s0:0.0.0.0:41468, s1:0.0.0.0:41619, s2:0.0.0.0:44382], old=null
2019-09-26 09:49:26,018 WARN  ratis.RaftTestUtil (JavaUtils.java:attempt(158)) - FAILED "waitForLeader-null-(expectLeader? true)", attempt #73/100: java.lang.IllegalStateException: No leader yet : printing ALL groups
  s0:  RUNNING CANDIDATE s0@group-5BD3E7F27A57:t149, leader=null, voted=s0, raftlog=s0@group-5BD3E7F27A57-SegmentedRaftLog:OPENED:c3,f4,i4, conf=3: [s0:0.0.0.0:41468, s1:0.0.0.0:41619, s2:0.0.0.0:44382], old=null RUNNING
  s1:  RUNNING CANDIDATE s1@group-5BD3E7F27A57:t148, leader=null, voted=s1, raftlog=s1@group-5BD3E7F27A57-SegmentedRaftLog:OPENED:c2,f3,i3, conf=2: [s0:0.0.0.0:41468, s1:0.0.0.0:41619, s2:0.0.0.0:44382], old=null RUNNING
  s2:  RUNNING CANDIDATE s2@group-5BD3E7F27A57:t149, leader=null, voted=s2, raftlog=s2@group-5BD3E7F27A57-SegmentedRaftLog:OPENED:c1,f3,i3, conf=3: [s0:0.0.0.0:41468, s1:0.0.0.0:41619, s2:0.0.0.0:44382], old=null RUNNING, sleep 450ms and then retry.
java.lang.IllegalStateException: No leader yet : printing ALL groups
  s0:  RUNNING CANDIDATE s0@group-5BD3E7F27A57:t149, leader=null, voted=s0, raftlog=s0@group-5BD3E7F27A57-SegmentedRaftLog:OPENED:c3,f4,i4, conf=3: [s0:0.0.0.0:41468, s1:0.0.0.0:41619, s2:0.0.0.0:44382], old=null RUNNING
  s1:  RUNNING CANDIDATE s1@group-5BD3E7F27A57:t148, leader=null, voted=s1, raftlog=s1@group-5BD3E7F27A57-SegmentedRaftLog:OPENED:c2,f3,i3, conf=2: [s0:0.0.0.0:41468, s1:0.0.0.0:41619, s2:0.0.0.0:44382], old=null RUNNING
  s2:  RUNNING CANDIDATE s2@group-5BD3E7F27A57:t149, leader=null, voted=s2, raftlog=s2@group-5BD3E7F27A57-SegmentedRaftLog:OPENED:c1,f3,i3, conf=3: [s0:0.0.0.0:41468, s1:0.0.0.0:41619, s2:0.0.0.0:44382], old=null RUNNING
	at org.apache.ratis.MiniRaftCluster.newIllegalStateExceptionForNoLeaders(MiniRaftCluster.java:506)
	at org.apache.ratis.RaftTestUtil.lambda$waitForLeader$1(RaftTestUtil.java:90)
	at org.apache.ratis.MiniRaftCluster.getLeader(MiniRaftCluster.java:539)
	at org.apache.ratis.MiniRaftCluster.getLeader(MiniRaftCluster.java:532)
	at org.apache.ratis.RaftTestUtil.lambda$waitForLeader$3(RaftTestUtil.java:98)
	at org.apache.ratis.util.JavaUtils.attempt(JavaUtils.java:152)
	at org.apache.ratis.RaftTestUtil.waitForLeader(RaftTestUtil.java:97)
	at org.apache.ratis.RaftTestUtil.waitForLeader(RaftTestUtil.java:77)
	at org.apache.ratis.RaftTestUtil.waitForLeader(RaftTestUtil.java:72)
	at org.apache.ratis.RaftTestUtil.lambda$changeLeader$7(RaftTestUtil.java:363)
	at org.apache.ratis.util.JavaUtils.attempt(JavaUtils.java:152)
	at org.apache.ratis.RaftTestUtil.changeLeader(RaftTestUtil.java:362)
	at org.apache.ratis.server.impl.LeaderElectionTests.testChangeLeader(LeaderElectionTests.java:81)
	at sun.reflect.NativeMethodAccessorImpl.invoke0(Native Method)
	at sun.reflect.NativeMethodAccessorImpl.invoke(NativeMethodAccessorImpl.java:62)
	at sun.reflect.DelegatingMethodAccessorImpl.invoke(DelegatingMethodAccessorImpl.java:43)
	at java.lang.reflect.Method.invoke(Method.java:498)
	at org.junit.runners.model.FrameworkMethod$1.runReflectiveCall(FrameworkMethod.java:50)
	at org.junit.internal.runners.model.ReflectiveCallable.run(ReflectiveCallable.java:12)
	at org.junit.runners.model.FrameworkMethod.invokeExplosively(FrameworkMethod.java:47)
	at org.junit.internal.runners.statements.InvokeMethod.evaluate(InvokeMethod.java:17)
	at org.junit.internal.runners.statements.RunAfters.evaluate(RunAfters.java:27)
	at org.junit.internal.runners.statements.FailOnTimeout$CallableStatement.call(FailOnTimeout.java:298)
	at org.junit.internal.runners.statements.FailOnTimeout$CallableStatement.call(FailOnTimeout.java:292)
	at java.util.concurrent.FutureTask.run(FutureTask.java:266)
	at java.lang.Thread.run(Thread.java:748)
2019-09-26 09:49:26,069 INFO  impl.LeaderElection (LeaderElection.java:logAndReturn(56)) - s1@group-5BD3E7F27A57-LeaderElection79: Election TIMEOUT; received 1 response(s) [s1<-s0#0:FAIL-t148] and 0 exception(s); s1@group-5BD3E7F27A57:t148, leader=null, voted=s1, raftlog=s1@group-5BD3E7F27A57-SegmentedRaftLog:OPENED:c2,f3,i3, conf=2: [s0:0.0.0.0:41468, s1:0.0.0.0:41619, s2:0.0.0.0:44382], old=null
2019-09-26 09:49:26,082 INFO  impl.LeaderElection (LeaderElection.java:askForVotes(178)) - s1@group-5BD3E7F27A57-LeaderElection79: begin an election at term 149 for 2: [s0:0.0.0.0:41468, s1:0.0.0.0:41619, s2:0.0.0.0:44382], old=null
2019-09-26 09:49:26,083 DEBUG impl.RaftServerImpl (RaftServerImpl.java:requestVote(743)) - s0@group-5BD3E7F27A57: receive requestVote(s1, group-5BD3E7F27A57, 149, (t:3, i:3))
2019-09-26 09:49:26,083 DEBUG impl.RaftServerImpl (RaftServerImpl.java:requestVote(775)) - s0@group-5BD3E7F27A57 replies to vote request: s1<-s0#0:FAIL-t149. Peer's state: s0@group-5BD3E7F27A57:t149, leader=null, voted=s0, raftlog=s0@group-5BD3E7F27A57-SegmentedRaftLog:OPENED:c3,f4,i4, conf=3: [s0:0.0.0.0:41468, s1:0.0.0.0:41619, s2:0.0.0.0:44382], old=null
2019-09-26 09:49:26,187 INFO  impl.LeaderElection (LeaderElection.java:logAndReturn(56)) - s0@group-5BD3E7F27A57-LeaderElection78: Election TIMEOUT; received 0 response(s) [] and 0 exception(s); s0@group-5BD3E7F27A57:t149, leader=null, voted=s0, raftlog=s0@group-5BD3E7F27A57-SegmentedRaftLog:OPENED:c3,f4,i4, conf=3: [s0:0.0.0.0:41468, s1:0.0.0.0:41619, s2:0.0.0.0:44382], old=null
2019-09-26 09:49:26,200 INFO  impl.LeaderElection (LeaderElection.java:askForVotes(178)) - s0@group-5BD3E7F27A57-LeaderElection78: begin an election at term 150 for 3: [s0:0.0.0.0:41468, s1:0.0.0.0:41619, s2:0.0.0.0:44382], old=null
2019-09-26 09:49:26,219 INFO  impl.LeaderElection (LeaderElection.java:logAndReturn(56)) - s2@group-5BD3E7F27A57-LeaderElection80: Election TIMEOUT; received 1 response(s) [s2<-s0#0:FAIL-t149] and 0 exception(s); s2@group-5BD3E7F27A57:t149, leader=null, voted=s2, raftlog=s2@group-5BD3E7F27A57-SegmentedRaftLog:OPENED:c1,f3,i3, conf=3: [s0:0.0.0.0:41468, s1:0.0.0.0:41619, s2:0.0.0.0:44382], old=null
2019-09-26 09:49:26,233 INFO  impl.LeaderElection (LeaderElection.java:askForVotes(178)) - s2@group-5BD3E7F27A57-LeaderElection80: begin an election at term 150 for 3: [s0:0.0.0.0:41468, s1:0.0.0.0:41619, s2:0.0.0.0:44382], old=null
2019-09-26 09:49:26,233 DEBUG impl.RaftServerImpl (RaftServerImpl.java:requestVote(743)) - s0@group-5BD3E7F27A57: receive requestVote(s2, group-5BD3E7F27A57, 150, (t:4, i:3))
2019-09-26 09:49:26,234 DEBUG impl.RaftServerImpl (RaftServerImpl.java:requestVote(775)) - s0@group-5BD3E7F27A57 replies to vote request: s2<-s0#0:FAIL-t150. Peer's state: s0@group-5BD3E7F27A57:t150, leader=null, voted=s0, raftlog=s0@group-5BD3E7F27A57-SegmentedRaftLog:OPENED:c3,f4,i4, conf=3: [s0:0.0.0.0:41468, s1:0.0.0.0:41619, s2:0.0.0.0:44382], old=null
2019-09-26 09:49:26,320 INFO  impl.LeaderElection (LeaderElection.java:logAndReturn(56)) - s1@group-5BD3E7F27A57-LeaderElection79: Election TIMEOUT; received 1 response(s) [s1<-s0#0:FAIL-t149] and 0 exception(s); s1@group-5BD3E7F27A57:t149, leader=null, voted=s1, raftlog=s1@group-5BD3E7F27A57-SegmentedRaftLog:OPENED:c2,f3,i3, conf=2: [s0:0.0.0.0:41468, s1:0.0.0.0:41619, s2:0.0.0.0:44382], old=null
2019-09-26 09:49:26,333 INFO  impl.LeaderElection (LeaderElection.java:askForVotes(178)) - s1@group-5BD3E7F27A57-LeaderElection79: begin an election at term 150 for 2: [s0:0.0.0.0:41468, s1:0.0.0.0:41619, s2:0.0.0.0:44382], old=null
2019-09-26 09:49:26,334 DEBUG impl.RaftServerImpl (RaftServerImpl.java:requestVote(743)) - s0@group-5BD3E7F27A57: receive requestVote(s1, group-5BD3E7F27A57, 150, (t:3, i:3))
2019-09-26 09:49:26,334 DEBUG impl.RaftServerImpl (RaftServerImpl.java:requestVote(775)) - s0@group-5BD3E7F27A57 replies to vote request: s1<-s0#0:FAIL-t150. Peer's state: s0@group-5BD3E7F27A57:t150, leader=null, voted=s0, raftlog=s0@group-5BD3E7F27A57-SegmentedRaftLog:OPENED:c3,f4,i4, conf=3: [s0:0.0.0.0:41468, s1:0.0.0.0:41619, s2:0.0.0.0:44382], old=null
2019-09-26 09:49:26,459 INFO  impl.LeaderElection (LeaderElection.java:logAndReturn(56)) - s0@group-5BD3E7F27A57-LeaderElection78: Election TIMEOUT; received 0 response(s) [] and 0 exception(s); s0@group-5BD3E7F27A57:t150, leader=null, voted=s0, raftlog=s0@group-5BD3E7F27A57-SegmentedRaftLog:OPENED:c3,f4,i4, conf=3: [s0:0.0.0.0:41468, s1:0.0.0.0:41619, s2:0.0.0.0:44382], old=null
2019-09-26 09:49:26,460 INFO  impl.LeaderElection (LeaderElection.java:logAndReturn(56)) - s2@group-5BD3E7F27A57-LeaderElection80: Election TIMEOUT; received 1 response(s) [s2<-s0#0:FAIL-t150] and 0 exception(s); s2@group-5BD3E7F27A57:t150, leader=null, voted=s2, raftlog=s2@group-5BD3E7F27A57-SegmentedRaftLog:OPENED:c1,f3,i3, conf=3: [s0:0.0.0.0:41468, s1:0.0.0.0:41619, s2:0.0.0.0:44382], old=null
2019-09-26 09:49:26,469 WARN  ratis.RaftTestUtil (JavaUtils.java:attempt(158)) - FAILED "waitForLeader-null-(expectLeader? true)", attempt #74/100: java.lang.IllegalStateException: No leader yet : printing ALL groups
  s0:  RUNNING CANDIDATE s0@group-5BD3E7F27A57:t151, leader=null, voted=s0, raftlog=s0@group-5BD3E7F27A57-SegmentedRaftLog:OPENED:c3,f4,i4, conf=3: [s0:0.0.0.0:41468, s1:0.0.0.0:41619, s2:0.0.0.0:44382], old=null RUNNING
  s1:  RUNNING CANDIDATE s1@group-5BD3E7F27A57:t150, leader=null, voted=s1, raftlog=s1@group-5BD3E7F27A57-SegmentedRaftLog:OPENED:c2,f3,i3, conf=2: [s0:0.0.0.0:41468, s1:0.0.0.0:41619, s2:0.0.0.0:44382], old=null RUNNING
  s2:  RUNNING CANDIDATE s2@group-5BD3E7F27A57:t151, leader=null, voted=s2, raftlog=s2@group-5BD3E7F27A57-SegmentedRaftLog:OPENED:c1,f3,i3, conf=3: [s0:0.0.0.0:41468, s1:0.0.0.0:41619, s2:0.0.0.0:44382], old=null RUNNING, sleep 450ms and then retry.
java.lang.IllegalStateException: No leader yet : printing ALL groups
  s0:  RUNNING CANDIDATE s0@group-5BD3E7F27A57:t151, leader=null, voted=s0, raftlog=s0@group-5BD3E7F27A57-SegmentedRaftLog:OPENED:c3,f4,i4, conf=3: [s0:0.0.0.0:41468, s1:0.0.0.0:41619, s2:0.0.0.0:44382], old=null RUNNING
  s1:  RUNNING CANDIDATE s1@group-5BD3E7F27A57:t150, leader=null, voted=s1, raftlog=s1@group-5BD3E7F27A57-SegmentedRaftLog:OPENED:c2,f3,i3, conf=2: [s0:0.0.0.0:41468, s1:0.0.0.0:41619, s2:0.0.0.0:44382], old=null RUNNING
  s2:  RUNNING CANDIDATE s2@group-5BD3E7F27A57:t151, leader=null, voted=s2, raftlog=s2@group-5BD3E7F27A57-SegmentedRaftLog:OPENED:c1,f3,i3, conf=3: [s0:0.0.0.0:41468, s1:0.0.0.0:41619, s2:0.0.0.0:44382], old=null RUNNING
	at org.apache.ratis.MiniRaftCluster.newIllegalStateExceptionForNoLeaders(MiniRaftCluster.java:506)
	at org.apache.ratis.RaftTestUtil.lambda$waitForLeader$1(RaftTestUtil.java:90)
	at org.apache.ratis.MiniRaftCluster.getLeader(MiniRaftCluster.java:539)
	at org.apache.ratis.MiniRaftCluster.getLeader(MiniRaftCluster.java:532)
	at org.apache.ratis.RaftTestUtil.lambda$waitForLeader$3(RaftTestUtil.java:98)
	at org.apache.ratis.util.JavaUtils.attempt(JavaUtils.java:152)
	at org.apache.ratis.RaftTestUtil.waitForLeader(RaftTestUtil.java:97)
	at org.apache.ratis.RaftTestUtil.waitForLeader(RaftTestUtil.java:77)
	at org.apache.ratis.RaftTestUtil.waitForLeader(RaftTestUtil.java:72)
	at org.apache.ratis.RaftTestUtil.lambda$changeLeader$7(RaftTestUtil.java:363)
	at org.apache.ratis.util.JavaUtils.attempt(JavaUtils.java:152)
	at org.apache.ratis.RaftTestUtil.changeLeader(RaftTestUtil.java:362)
	at org.apache.ratis.server.impl.LeaderElectionTests.testChangeLeader(LeaderElectionTests.java:81)
	at sun.reflect.NativeMethodAccessorImpl.invoke0(Native Method)
	at sun.reflect.NativeMethodAccessorImpl.invoke(NativeMethodAccessorImpl.java:62)
	at sun.reflect.DelegatingMethodAccessorImpl.invoke(DelegatingMethodAccessorImpl.java:43)
	at java.lang.reflect.Method.invoke(Method.java:498)
	at org.junit.runners.model.FrameworkMethod$1.runReflectiveCall(FrameworkMethod.java:50)
	at org.junit.internal.runners.model.ReflectiveCallable.run(ReflectiveCallable.java:12)
	at org.junit.runners.model.FrameworkMethod.invokeExplosively(FrameworkMethod.java:47)
	at org.junit.internal.runners.statements.InvokeMethod.evaluate(InvokeMethod.java:17)
	at org.junit.internal.runners.statements.RunAfters.evaluate(RunAfters.java:27)
	at org.junit.internal.runners.statements.FailOnTimeout$CallableStatement.call(FailOnTimeout.java:298)
	at org.junit.internal.runners.statements.FailOnTimeout$CallableStatement.call(FailOnTimeout.java:292)
	at java.util.concurrent.FutureTask.run(FutureTask.java:266)
	at java.lang.Thread.run(Thread.java:748)
2019-09-26 09:49:26,473 INFO  impl.LeaderElection (LeaderElection.java:askForVotes(178)) - s0@group-5BD3E7F27A57-LeaderElection78: begin an election at term 151 for 3: [s0:0.0.0.0:41468, s1:0.0.0.0:41619, s2:0.0.0.0:44382], old=null
2019-09-26 09:49:26,473 INFO  impl.LeaderElection (LeaderElection.java:askForVotes(178)) - s2@group-5BD3E7F27A57-LeaderElection80: begin an election at term 151 for 3: [s0:0.0.0.0:41468, s1:0.0.0.0:41619, s2:0.0.0.0:44382], old=null
2019-09-26 09:49:26,473 DEBUG impl.RaftServerImpl (RaftServerImpl.java:requestVote(743)) - s0@group-5BD3E7F27A57: receive requestVote(s2, group-5BD3E7F27A57, 151, (t:4, i:3))
2019-09-26 09:49:26,474 DEBUG impl.RaftServerImpl (RaftServerImpl.java:requestVote(775)) - s0@group-5BD3E7F27A57 replies to vote request: s2<-s0#0:FAIL-t151. Peer's state: s0@group-5BD3E7F27A57:t151, leader=null, voted=s0, raftlog=s0@group-5BD3E7F27A57-SegmentedRaftLog:OPENED:c3,f4,i4, conf=3: [s0:0.0.0.0:41468, s1:0.0.0.0:41619, s2:0.0.0.0:44382], old=null
2019-09-26 09:49:26,562 INFO  impl.LeaderElection (LeaderElection.java:logAndReturn(56)) - s1@group-5BD3E7F27A57-LeaderElection79: Election TIMEOUT; received 1 response(s) [s1<-s0#0:FAIL-t150] and 0 exception(s); s1@group-5BD3E7F27A57:t150, leader=null, voted=s1, raftlog=s1@group-5BD3E7F27A57-SegmentedRaftLog:OPENED:c2,f3,i3, conf=2: [s0:0.0.0.0:41468, s1:0.0.0.0:41619, s2:0.0.0.0:44382], old=null
2019-09-26 09:49:26,574 INFO  impl.LeaderElection (LeaderElection.java:askForVotes(178)) - s1@group-5BD3E7F27A57-LeaderElection79: begin an election at term 151 for 2: [s0:0.0.0.0:41468, s1:0.0.0.0:41619, s2:0.0.0.0:44382], old=null
2019-09-26 09:49:26,575 DEBUG impl.RaftServerImpl (RaftServerImpl.java:requestVote(743)) - s0@group-5BD3E7F27A57: receive requestVote(s1, group-5BD3E7F27A57, 151, (t:3, i:3))
2019-09-26 09:49:26,575 DEBUG impl.RaftServerImpl (RaftServerImpl.java:requestVote(775)) - s0@group-5BD3E7F27A57 replies to vote request: s1<-s0#0:FAIL-t151. Peer's state: s0@group-5BD3E7F27A57:t151, leader=null, voted=s0, raftlog=s0@group-5BD3E7F27A57-SegmentedRaftLog:OPENED:c3,f4,i4, conf=3: [s0:0.0.0.0:41468, s1:0.0.0.0:41619, s2:0.0.0.0:44382], old=null
2019-09-26 09:49:26,643 INFO  impl.LeaderElection (LeaderElection.java:logAndReturn(56)) - s0@group-5BD3E7F27A57-LeaderElection78: Election TIMEOUT; received 0 response(s) [] and 0 exception(s); s0@group-5BD3E7F27A57:t151, leader=null, voted=s0, raftlog=s0@group-5BD3E7F27A57-SegmentedRaftLog:OPENED:c3,f4,i4, conf=3: [s0:0.0.0.0:41468, s1:0.0.0.0:41619, s2:0.0.0.0:44382], old=null
2019-09-26 09:49:26,655 INFO  impl.LeaderElection (LeaderElection.java:askForVotes(178)) - s0@group-5BD3E7F27A57-LeaderElection78: begin an election at term 152 for 3: [s0:0.0.0.0:41468, s1:0.0.0.0:41619, s2:0.0.0.0:44382], old=null
2019-09-26 09:49:26,743 INFO  impl.LeaderElection (LeaderElection.java:logAndReturn(56)) - s2@group-5BD3E7F27A57-LeaderElection80: Election TIMEOUT; received 1 response(s) [s2<-s0#0:FAIL-t151] and 0 exception(s); s2@group-5BD3E7F27A57:t151, leader=null, voted=s2, raftlog=s2@group-5BD3E7F27A57-SegmentedRaftLog:OPENED:c1,f3,i3, conf=3: [s0:0.0.0.0:41468, s1:0.0.0.0:41619, s2:0.0.0.0:44382], old=null
2019-09-26 09:49:26,756 INFO  impl.LeaderElection (LeaderElection.java:askForVotes(178)) - s2@group-5BD3E7F27A57-LeaderElection80: begin an election at term 152 for 3: [s0:0.0.0.0:41468, s1:0.0.0.0:41619, s2:0.0.0.0:44382], old=null
2019-09-26 09:49:26,756 DEBUG impl.RaftServerImpl (RaftServerImpl.java:requestVote(743)) - s0@group-5BD3E7F27A57: receive requestVote(s2, group-5BD3E7F27A57, 152, (t:4, i:3))
2019-09-26 09:49:26,756 DEBUG impl.RaftServerImpl (RaftServerImpl.java:requestVote(775)) - s0@group-5BD3E7F27A57 replies to vote request: s2<-s0#0:FAIL-t152. Peer's state: s0@group-5BD3E7F27A57:t152, leader=null, voted=s0, raftlog=s0@group-5BD3E7F27A57-SegmentedRaftLog:OPENED:c3,f4,i4, conf=3: [s0:0.0.0.0:41468, s1:0.0.0.0:41619, s2:0.0.0.0:44382], old=null
2019-09-26 09:49:26,832 INFO  impl.LeaderElection (LeaderElection.java:logAndReturn(56)) - s1@group-5BD3E7F27A57-LeaderElection79: Election TIMEOUT; received 1 response(s) [s1<-s0#0:FAIL-t151] and 0 exception(s); s1@group-5BD3E7F27A57:t151, leader=null, voted=s1, raftlog=s1@group-5BD3E7F27A57-SegmentedRaftLog:OPENED:c2,f3,i3, conf=2: [s0:0.0.0.0:41468, s1:0.0.0.0:41619, s2:0.0.0.0:44382], old=null
2019-09-26 09:49:26,845 INFO  impl.LeaderElection (LeaderElection.java:askForVotes(178)) - s1@group-5BD3E7F27A57-LeaderElection79: begin an election at term 152 for 2: [s0:0.0.0.0:41468, s1:0.0.0.0:41619, s2:0.0.0.0:44382], old=null
2019-09-26 09:49:26,845 DEBUG impl.RaftServerImpl (RaftServerImpl.java:requestVote(743)) - s0@group-5BD3E7F27A57: receive requestVote(s1, group-5BD3E7F27A57, 152, (t:3, i:3))
2019-09-26 09:49:26,846 DEBUG impl.RaftServerImpl (RaftServerImpl.java:requestVote(775)) - s0@group-5BD3E7F27A57 replies to vote request: s1<-s0#0:FAIL-t152. Peer's state: s0@group-5BD3E7F27A57:t152, leader=null, voted=s0, raftlog=s0@group-5BD3E7F27A57-SegmentedRaftLog:OPENED:c3,f4,i4, conf=3: [s0:0.0.0.0:41468, s1:0.0.0.0:41619, s2:0.0.0.0:44382], old=null
2019-09-26 09:49:26,868 INFO  impl.LeaderElection (LeaderElection.java:logAndReturn(56)) - s0@group-5BD3E7F27A57-LeaderElection78: Election TIMEOUT; received 0 response(s) [] and 0 exception(s); s0@group-5BD3E7F27A57:t152, leader=null, voted=s0, raftlog=s0@group-5BD3E7F27A57-SegmentedRaftLog:OPENED:c3,f4,i4, conf=3: [s0:0.0.0.0:41468, s1:0.0.0.0:41619, s2:0.0.0.0:44382], old=null
2019-09-26 09:49:26,882 INFO  impl.LeaderElection (LeaderElection.java:askForVotes(178)) - s0@group-5BD3E7F27A57-LeaderElection78: begin an election at term 153 for 3: [s0:0.0.0.0:41468, s1:0.0.0.0:41619, s2:0.0.0.0:44382], old=null
2019-09-26 09:49:26,920 WARN  ratis.RaftTestUtil (JavaUtils.java:attempt(158)) - FAILED "waitForLeader-null-(expectLeader? true)", attempt #75/100: java.lang.IllegalStateException: No leader yet : printing ALL groups
  s0:  RUNNING CANDIDATE s0@group-5BD3E7F27A57:t153, leader=null, voted=s0, raftlog=s0@group-5BD3E7F27A57-SegmentedRaftLog:OPENED:c3,f4,i4, conf=3: [s0:0.0.0.0:41468, s1:0.0.0.0:41619, s2:0.0.0.0:44382], old=null RUNNING
  s1:  RUNNING CANDIDATE s1@group-5BD3E7F27A57:t152, leader=null, voted=s1, raftlog=s1@group-5BD3E7F27A57-SegmentedRaftLog:OPENED:c2,f3,i3, conf=2: [s0:0.0.0.0:41468, s1:0.0.0.0:41619, s2:0.0.0.0:44382], old=null RUNNING
  s2:  RUNNING CANDIDATE s2@group-5BD3E7F27A57:t152, leader=null, voted=s2, raftlog=s2@group-5BD3E7F27A57-SegmentedRaftLog:OPENED:c1,f3,i3, conf=3: [s0:0.0.0.0:41468, s1:0.0.0.0:41619, s2:0.0.0.0:44382], old=null RUNNING, sleep 450ms and then retry.
java.lang.IllegalStateException: No leader yet : printing ALL groups
  s0:  RUNNING CANDIDATE s0@group-5BD3E7F27A57:t153, leader=null, voted=s0, raftlog=s0@group-5BD3E7F27A57-SegmentedRaftLog:OPENED:c3,f4,i4, conf=3: [s0:0.0.0.0:41468, s1:0.0.0.0:41619, s2:0.0.0.0:44382], old=null RUNNING
  s1:  RUNNING CANDIDATE s1@group-5BD3E7F27A57:t152, leader=null, voted=s1, raftlog=s1@group-5BD3E7F27A57-SegmentedRaftLog:OPENED:c2,f3,i3, conf=2: [s0:0.0.0.0:41468, s1:0.0.0.0:41619, s2:0.0.0.0:44382], old=null RUNNING
  s2:  RUNNING CANDIDATE s2@group-5BD3E7F27A57:t152, leader=null, voted=s2, raftlog=s2@group-5BD3E7F27A57-SegmentedRaftLog:OPENED:c1,f3,i3, conf=3: [s0:0.0.0.0:41468, s1:0.0.0.0:41619, s2:0.0.0.0:44382], old=null RUNNING
	at org.apache.ratis.MiniRaftCluster.newIllegalStateExceptionForNoLeaders(MiniRaftCluster.java:506)
	at org.apache.ratis.RaftTestUtil.lambda$waitForLeader$1(RaftTestUtil.java:90)
	at org.apache.ratis.MiniRaftCluster.getLeader(MiniRaftCluster.java:539)
	at org.apache.ratis.MiniRaftCluster.getLeader(MiniRaftCluster.java:532)
	at org.apache.ratis.RaftTestUtil.lambda$waitForLeader$3(RaftTestUtil.java:98)
	at org.apache.ratis.util.JavaUtils.attempt(JavaUtils.java:152)
	at org.apache.ratis.RaftTestUtil.waitForLeader(RaftTestUtil.java:97)
	at org.apache.ratis.RaftTestUtil.waitForLeader(RaftTestUtil.java:77)
	at org.apache.ratis.RaftTestUtil.waitForLeader(RaftTestUtil.java:72)
	at org.apache.ratis.RaftTestUtil.lambda$changeLeader$7(RaftTestUtil.java:363)
	at org.apache.ratis.util.JavaUtils.attempt(JavaUtils.java:152)
	at org.apache.ratis.RaftTestUtil.changeLeader(RaftTestUtil.java:362)
	at org.apache.ratis.server.impl.LeaderElectionTests.testChangeLeader(LeaderElectionTests.java:81)
	at sun.reflect.NativeMethodAccessorImpl.invoke0(Native Method)
	at sun.reflect.NativeMethodAccessorImpl.invoke(NativeMethodAccessorImpl.java:62)
	at sun.reflect.DelegatingMethodAccessorImpl.invoke(DelegatingMethodAccessorImpl.java:43)
	at java.lang.reflect.Method.invoke(Method.java:498)
	at org.junit.runners.model.FrameworkMethod$1.runReflectiveCall(FrameworkMethod.java:50)
	at org.junit.internal.runners.model.ReflectiveCallable.run(ReflectiveCallable.java:12)
	at org.junit.runners.model.FrameworkMethod.invokeExplosively(FrameworkMethod.java:47)
	at org.junit.internal.runners.statements.InvokeMethod.evaluate(InvokeMethod.java:17)
	at org.junit.internal.runners.statements.RunAfters.evaluate(RunAfters.java:27)
	at org.junit.internal.runners.statements.FailOnTimeout$CallableStatement.call(FailOnTimeout.java:298)
	at org.junit.internal.runners.statements.FailOnTimeout$CallableStatement.call(FailOnTimeout.java:292)
	at java.util.concurrent.FutureTask.run(FutureTask.java:266)
	at java.lang.Thread.run(Thread.java:748)
2019-09-26 09:49:27,031 INFO  impl.LeaderElection (LeaderElection.java:logAndReturn(56)) - s2@group-5BD3E7F27A57-LeaderElection80: Election TIMEOUT; received 1 response(s) [s2<-s0#0:FAIL-t152] and 0 exception(s); s2@group-5BD3E7F27A57:t152, leader=null, voted=s2, raftlog=s2@group-5BD3E7F27A57-SegmentedRaftLog:OPENED:c1,f3,i3, conf=3: [s0:0.0.0.0:41468, s1:0.0.0.0:41619, s2:0.0.0.0:44382], old=null
2019-09-26 09:49:27,045 INFO  impl.LeaderElection (LeaderElection.java:askForVotes(178)) - s2@group-5BD3E7F27A57-LeaderElection80: begin an election at term 153 for 3: [s0:0.0.0.0:41468, s1:0.0.0.0:41619, s2:0.0.0.0:44382], old=null
2019-09-26 09:49:27,045 DEBUG impl.RaftServerImpl (RaftServerImpl.java:requestVote(743)) - s0@group-5BD3E7F27A57: receive requestVote(s2, group-5BD3E7F27A57, 153, (t:4, i:3))
2019-09-26 09:49:27,045 DEBUG impl.RaftServerImpl (RaftServerImpl.java:requestVote(775)) - s0@group-5BD3E7F27A57 replies to vote request: s2<-s0#0:FAIL-t153. Peer's state: s0@group-5BD3E7F27A57:t153, leader=null, voted=s0, raftlog=s0@group-5BD3E7F27A57-SegmentedRaftLog:OPENED:c3,f4,i4, conf=3: [s0:0.0.0.0:41468, s1:0.0.0.0:41619, s2:0.0.0.0:44382], old=null
2019-09-26 09:49:27,102 INFO  impl.LeaderElection (LeaderElection.java:logAndReturn(56)) - s0@group-5BD3E7F27A57-LeaderElection78: Election TIMEOUT; received 0 response(s) [] and 0 exception(s); s0@group-5BD3E7F27A57:t153, leader=null, voted=s0, raftlog=s0@group-5BD3E7F27A57-SegmentedRaftLog:OPENED:c3,f4,i4, conf=3: [s0:0.0.0.0:41468, s1:0.0.0.0:41619, s2:0.0.0.0:44382], old=null
2019-09-26 09:49:27,107 INFO  impl.LeaderElection (LeaderElection.java:logAndReturn(56)) - s1@group-5BD3E7F27A57-LeaderElection79: Election TIMEOUT; received 1 response(s) [s1<-s0#0:FAIL-t152] and 0 exception(s); s1@group-5BD3E7F27A57:t152, leader=null, voted=s1, raftlog=s1@group-5BD3E7F27A57-SegmentedRaftLog:OPENED:c2,f3,i3, conf=2: [s0:0.0.0.0:41468, s1:0.0.0.0:41619, s2:0.0.0.0:44382], old=null
2019-09-26 09:49:27,115 INFO  impl.LeaderElection (LeaderElection.java:askForVotes(178)) - s1@group-5BD3E7F27A57-LeaderElection79: begin an election at term 153 for 2: [s0:0.0.0.0:41468, s1:0.0.0.0:41619, s2:0.0.0.0:44382], old=null
2019-09-26 09:49:27,115 INFO  impl.LeaderElection (LeaderElection.java:askForVotes(178)) - s0@group-5BD3E7F27A57-LeaderElection78: begin an election at term 154 for 3: [s0:0.0.0.0:41468, s1:0.0.0.0:41619, s2:0.0.0.0:44382], old=null
2019-09-26 09:49:27,116 DEBUG impl.RaftServerImpl (RaftServerImpl.java:requestVote(743)) - s0@group-5BD3E7F27A57: receive requestVote(s1, group-5BD3E7F27A57, 153, (t:3, i:3))
2019-09-26 09:49:27,116 DEBUG impl.RaftServerImpl (RaftServerImpl.java:requestVote(775)) - s0@group-5BD3E7F27A57 replies to vote request: s1<-s0#0:FAIL-t154. Peer's state: s0@group-5BD3E7F27A57:t154, leader=null, voted=s0, raftlog=s0@group-5BD3E7F27A57-SegmentedRaftLog:OPENED:c3,f4,i4, conf=3: [s0:0.0.0.0:41468, s1:0.0.0.0:41619, s2:0.0.0.0:44382], old=null
2019-09-26 09:49:27,116 INFO  impl.LeaderElection (LeaderElection.java:logAndReturn(56)) - s1@group-5BD3E7F27A57-LeaderElection79: Election DISCOVERED_A_NEW_TERM; received 1 response(s) [s1<-s0#0:FAIL-t154] and 0 exception(s); s1@group-5BD3E7F27A57:t153, leader=null, voted=s1, raftlog=s1@group-5BD3E7F27A57-SegmentedRaftLog:OPENED:c2,f3,i3, conf=2: [s0:0.0.0.0:41468, s1:0.0.0.0:41619, s2:0.0.0.0:44382], old=null
2019-09-26 09:49:27,116 INFO  impl.RaftServerImpl (RaftServerImpl.java:setRole(170)) - s1@group-5BD3E7F27A57: changes role from CANDIDATE to FOLLOWER at term 154 for DISCOVERED_A_NEW_TERM
2019-09-26 09:49:27,116 INFO  impl.RoleInfo (RoleInfo.java:shutdownLeaderElection(134)) - s1: shutdown LeaderElection
2019-09-26 09:49:27,117 INFO  impl.RoleInfo (RoleInfo.java:updateAndGet(143)) - s1: start FollowerState
2019-09-26 09:49:27,251 INFO  impl.LeaderElection (LeaderElection.java:logAndReturn(56)) - s2@group-5BD3E7F27A57-LeaderElection80: Election TIMEOUT; received 1 response(s) [s2<-s0#0:FAIL-t153] and 0 exception(s); s2@group-5BD3E7F27A57:t153, leader=null, voted=s2, raftlog=s2@group-5BD3E7F27A57-SegmentedRaftLog:OPENED:c1,f3,i3, conf=3: [s0:0.0.0.0:41468, s1:0.0.0.0:41619, s2:0.0.0.0:44382], old=null
2019-09-26 09:49:27,268 INFO  impl.LeaderElection (LeaderElection.java:askForVotes(178)) - s2@group-5BD3E7F27A57-LeaderElection80: begin an election at term 154 for 3: [s0:0.0.0.0:41468, s1:0.0.0.0:41619, s2:0.0.0.0:44382], old=null
2019-09-26 09:49:27,268 DEBUG impl.RaftServerImpl (RaftServerImpl.java:requestVote(743)) - s0@group-5BD3E7F27A57: receive requestVote(s2, group-5BD3E7F27A57, 154, (t:4, i:3))
2019-09-26 09:49:27,268 DEBUG impl.RaftServerImpl (RaftServerImpl.java:requestVote(775)) - s0@group-5BD3E7F27A57 replies to vote request: s2<-s0#0:FAIL-t154. Peer's state: s0@group-5BD3E7F27A57:t154, leader=null, voted=s0, raftlog=s0@group-5BD3E7F27A57-SegmentedRaftLog:OPENED:c3,f4,i4, conf=3: [s0:0.0.0.0:41468, s1:0.0.0.0:41619, s2:0.0.0.0:44382], old=null
2019-09-26 09:49:27,341 INFO  impl.FollowerState (FollowerState.java:run(108)) - s1@group-5BD3E7F27A57-FollowerState: change to CANDIDATE, lastRpcTime:224ms, electionTimeout:224ms
2019-09-26 09:49:27,341 INFO  impl.RoleInfo (RoleInfo.java:shutdownFollowerState(121)) - s1: shutdown FollowerState
2019-09-26 09:49:27,341 INFO  impl.RaftServerImpl (RaftServerImpl.java:setRole(170)) - s1@group-5BD3E7F27A57: changes role from  FOLLOWER to CANDIDATE at term 154 for changeToCandidate
2019-09-26 09:49:27,342 INFO  impl.RoleInfo (RoleInfo.java:updateAndGet(143)) - s1: start LeaderElection
2019-09-26 09:49:27,356 INFO  impl.LeaderElection (LeaderElection.java:askForVotes(178)) - s1@group-5BD3E7F27A57-LeaderElection81: begin an election at term 155 for 2: [s0:0.0.0.0:41468, s1:0.0.0.0:41619, s2:0.0.0.0:44382], old=null
2019-09-26 09:49:27,356 DEBUG impl.RaftServerImpl (RaftServerImpl.java:requestVote(743)) - s0@group-5BD3E7F27A57: receive requestVote(s1, group-5BD3E7F27A57, 155, (t:3, i:3))
2019-09-26 09:49:27,356 INFO  impl.RaftServerImpl (RaftServerImpl.java:setRole(170)) - s0@group-5BD3E7F27A57: changes role from CANDIDATE to FOLLOWER at term 155 for recognizeCandidate:s1
2019-09-26 09:49:27,356 INFO  impl.RoleInfo (RoleInfo.java:shutdownLeaderElection(134)) - s0: shutdown LeaderElection
2019-09-26 09:49:27,357 INFO  impl.RoleInfo (RoleInfo.java:updateAndGet(143)) - s0: start FollowerState
2019-09-26 09:49:27,363 INFO  impl.LeaderElection (LeaderElection.java:logAndReturn(56)) - s0@group-5BD3E7F27A57-LeaderElection78: Election REJECTED; received 0 response(s) [] and 0 exception(s); s0@group-5BD3E7F27A57:t155, leader=null, voted=null, raftlog=s0@group-5BD3E7F27A57-SegmentedRaftLog:OPENED:c3,f4,i4, conf=3: [s0:0.0.0.0:41468, s1:0.0.0.0:41619, s2:0.0.0.0:44382], old=null
2019-09-26 09:49:27,371 WARN  ratis.RaftTestUtil (JavaUtils.java:attempt(158)) - FAILED "waitForLeader-null-(expectLeader? true)", attempt #76/100: java.lang.IllegalStateException: No leader yet : printing ALL groups
  s0:  RUNNING  FOLLOWER s0@group-5BD3E7F27A57:t155, leader=null, voted=null, raftlog=s0@group-5BD3E7F27A57-SegmentedRaftLog:OPENED:c3,f4,i4, conf=3: [s0:0.0.0.0:41468, s1:0.0.0.0:41619, s2:0.0.0.0:44382], old=null RUNNING
  s1:  RUNNING CANDIDATE s1@group-5BD3E7F27A57:t155, leader=null, voted=s1, raftlog=s1@group-5BD3E7F27A57-SegmentedRaftLog:OPENED:c2,f3,i3, conf=2: [s0:0.0.0.0:41468, s1:0.0.0.0:41619, s2:0.0.0.0:44382], old=null RUNNING
  s2:  RUNNING CANDIDATE s2@group-5BD3E7F27A57:t154, leader=null, voted=s2, raftlog=s2@group-5BD3E7F27A57-SegmentedRaftLog:OPENED:c1,f3,i3, conf=3: [s0:0.0.0.0:41468, s1:0.0.0.0:41619, s2:0.0.0.0:44382], old=null RUNNING, sleep 450ms and then retry.
java.lang.IllegalStateException: No leader yet : printing ALL groups
  s0:  RUNNING  FOLLOWER s0@group-5BD3E7F27A57:t155, leader=null, voted=null, raftlog=s0@group-5BD3E7F27A57-SegmentedRaftLog:OPENED:c3,f4,i4, conf=3: [s0:0.0.0.0:41468, s1:0.0.0.0:41619, s2:0.0.0.0:44382], old=null RUNNING
  s1:  RUNNING CANDIDATE s1@group-5BD3E7F27A57:t155, leader=null, voted=s1, raftlog=s1@group-5BD3E7F27A57-SegmentedRaftLog:OPENED:c2,f3,i3, conf=2: [s0:0.0.0.0:41468, s1:0.0.0.0:41619, s2:0.0.0.0:44382], old=null RUNNING
  s2:  RUNNING CANDIDATE s2@group-5BD3E7F27A57:t154, leader=null, voted=s2, raftlog=s2@group-5BD3E7F27A57-SegmentedRaftLog:OPENED:c1,f3,i3, conf=3: [s0:0.0.0.0:41468, s1:0.0.0.0:41619, s2:0.0.0.0:44382], old=null RUNNING
	at org.apache.ratis.MiniRaftCluster.newIllegalStateExceptionForNoLeaders(MiniRaftCluster.java:506)
	at org.apache.ratis.RaftTestUtil.lambda$waitForLeader$1(RaftTestUtil.java:90)
	at org.apache.ratis.MiniRaftCluster.getLeader(MiniRaftCluster.java:539)
	at org.apache.ratis.MiniRaftCluster.getLeader(MiniRaftCluster.java:532)
	at org.apache.ratis.RaftTestUtil.lambda$waitForLeader$3(RaftTestUtil.java:98)
	at org.apache.ratis.util.JavaUtils.attempt(JavaUtils.java:152)
	at org.apache.ratis.RaftTestUtil.waitForLeader(RaftTestUtil.java:97)
	at org.apache.ratis.RaftTestUtil.waitForLeader(RaftTestUtil.java:77)
	at org.apache.ratis.RaftTestUtil.waitForLeader(RaftTestUtil.java:72)
	at org.apache.ratis.RaftTestUtil.lambda$changeLeader$7(RaftTestUtil.java:363)
	at org.apache.ratis.util.JavaUtils.attempt(JavaUtils.java:152)
	at org.apache.ratis.RaftTestUtil.changeLeader(RaftTestUtil.java:362)
	at org.apache.ratis.server.impl.LeaderElectionTests.testChangeLeader(LeaderElectionTests.java:81)
	at sun.reflect.NativeMethodAccessorImpl.invoke0(Native Method)
	at sun.reflect.NativeMethodAccessorImpl.invoke(NativeMethodAccessorImpl.java:62)
	at sun.reflect.DelegatingMethodAccessorImpl.invoke(DelegatingMethodAccessorImpl.java:43)
	at java.lang.reflect.Method.invoke(Method.java:498)
	at org.junit.runners.model.FrameworkMethod$1.runReflectiveCall(FrameworkMethod.java:50)
	at org.junit.internal.runners.model.ReflectiveCallable.run(ReflectiveCallable.java:12)
	at org.junit.runners.model.FrameworkMethod.invokeExplosively(FrameworkMethod.java:47)
	at org.junit.internal.runners.statements.InvokeMethod.evaluate(InvokeMethod.java:17)
	at org.junit.internal.runners.statements.RunAfters.evaluate(RunAfters.java:27)
	at org.junit.internal.runners.statements.FailOnTimeout$CallableStatement.call(FailOnTimeout.java:298)
	at org.junit.internal.runners.statements.FailOnTimeout$CallableStatement.call(FailOnTimeout.java:292)
	at java.util.concurrent.FutureTask.run(FutureTask.java:266)
	at java.lang.Thread.run(Thread.java:748)
2019-09-26 09:49:27,376 DEBUG impl.RaftServerImpl (RaftServerImpl.java:requestVote(775)) - s0@group-5BD3E7F27A57 replies to vote request: s1<-s0#0:FAIL-t155. Peer's state: s0@group-5BD3E7F27A57:t155, leader=null, voted=null, raftlog=s0@group-5BD3E7F27A57-SegmentedRaftLog:OPENED:c3,f4,i4, conf=3: [s0:0.0.0.0:41468, s1:0.0.0.0:41619, s2:0.0.0.0:44382], old=null
2019-09-26 09:49:27,518 INFO  impl.FollowerState (FollowerState.java:run(108)) - s0@group-5BD3E7F27A57-FollowerState: change to CANDIDATE, lastRpcTime:161ms, electionTimeout:161ms
2019-09-26 09:49:27,518 INFO  impl.RoleInfo (RoleInfo.java:shutdownFollowerState(121)) - s0: shutdown FollowerState
2019-09-26 09:49:27,518 INFO  impl.RaftServerImpl (RaftServerImpl.java:setRole(170)) - s0@group-5BD3E7F27A57: changes role from  FOLLOWER to CANDIDATE at term 155 for changeToCandidate
2019-09-26 09:49:27,519 INFO  impl.RoleInfo (RoleInfo.java:updateAndGet(143)) - s0: start LeaderElection
2019-09-26 09:49:27,523 INFO  impl.LeaderElection (LeaderElection.java:askForVotes(178)) - s0@group-5BD3E7F27A57-LeaderElection82: begin an election at term 156 for 3: [s0:0.0.0.0:41468, s1:0.0.0.0:41619, s2:0.0.0.0:44382], old=null
2019-09-26 09:49:27,560 INFO  impl.LeaderElection (LeaderElection.java:logAndReturn(56)) - s2@group-5BD3E7F27A57-LeaderElection80: Election TIMEOUT; received 1 response(s) [s2<-s0#0:FAIL-t154] and 0 exception(s); s2@group-5BD3E7F27A57:t154, leader=null, voted=s2, raftlog=s2@group-5BD3E7F27A57-SegmentedRaftLog:OPENED:c1,f3,i3, conf=3: [s0:0.0.0.0:41468, s1:0.0.0.0:41619, s2:0.0.0.0:44382], old=null
2019-09-26 09:49:27,573 INFO  impl.LeaderElection (LeaderElection.java:askForVotes(178)) - s2@group-5BD3E7F27A57-LeaderElection80: begin an election at term 155 for 3: [s0:0.0.0.0:41468, s1:0.0.0.0:41619, s2:0.0.0.0:44382], old=null
2019-09-26 09:49:27,574 DEBUG impl.RaftServerImpl (RaftServerImpl.java:requestVote(743)) - s0@group-5BD3E7F27A57: receive requestVote(s2, group-5BD3E7F27A57, 155, (t:4, i:3))
2019-09-26 09:49:27,574 DEBUG impl.RaftServerImpl (RaftServerImpl.java:requestVote(775)) - s0@group-5BD3E7F27A57 replies to vote request: s2<-s0#0:FAIL-t156. Peer's state: s0@group-5BD3E7F27A57:t156, leader=null, voted=s0, raftlog=s0@group-5BD3E7F27A57-SegmentedRaftLog:OPENED:c3,f4,i4, conf=3: [s0:0.0.0.0:41468, s1:0.0.0.0:41619, s2:0.0.0.0:44382], old=null
2019-09-26 09:49:27,574 INFO  impl.LeaderElection (LeaderElection.java:logAndReturn(56)) - s2@group-5BD3E7F27A57-LeaderElection80: Election DISCOVERED_A_NEW_TERM; received 1 response(s) [s2<-s0#0:FAIL-t156] and 0 exception(s); s2@group-5BD3E7F27A57:t155, leader=null, voted=s2, raftlog=s2@group-5BD3E7F27A57-SegmentedRaftLog:OPENED:c1,f3,i3, conf=3: [s0:0.0.0.0:41468, s1:0.0.0.0:41619, s2:0.0.0.0:44382], old=null
2019-09-26 09:49:27,574 INFO  impl.RaftServerImpl (RaftServerImpl.java:setRole(170)) - s2@group-5BD3E7F27A57: changes role from CANDIDATE to FOLLOWER at term 156 for DISCOVERED_A_NEW_TERM
2019-09-26 09:49:27,574 INFO  impl.RoleInfo (RoleInfo.java:shutdownLeaderElection(134)) - s2: shutdown LeaderElection
2019-09-26 09:49:27,575 INFO  impl.RoleInfo (RoleInfo.java:updateAndGet(143)) - s2: start FollowerState
2019-09-26 09:49:27,602 INFO  impl.LeaderElection (LeaderElection.java:logAndReturn(56)) - s1@group-5BD3E7F27A57-LeaderElection81: Election TIMEOUT; received 1 response(s) [s1<-s0#0:FAIL-t155] and 0 exception(s); s1@group-5BD3E7F27A57:t155, leader=null, voted=s1, raftlog=s1@group-5BD3E7F27A57-SegmentedRaftLog:OPENED:c2,f3,i3, conf=2: [s0:0.0.0.0:41468, s1:0.0.0.0:41619, s2:0.0.0.0:44382], old=null
2019-09-26 09:49:27,606 INFO  impl.LeaderElection (LeaderElection.java:askForVotes(178)) - s1@group-5BD3E7F27A57-LeaderElection81: begin an election at term 156 for 2: [s0:0.0.0.0:41468, s1:0.0.0.0:41619, s2:0.0.0.0:44382], old=null
2019-09-26 09:49:27,607 DEBUG impl.RaftServerImpl (RaftServerImpl.java:requestVote(743)) - s0@group-5BD3E7F27A57: receive requestVote(s1, group-5BD3E7F27A57, 156, (t:3, i:3))
2019-09-26 09:49:27,607 DEBUG impl.RaftServerImpl (RaftServerImpl.java:requestVote(775)) - s0@group-5BD3E7F27A57 replies to vote request: s1<-s0#0:FAIL-t156. Peer's state: s0@group-5BD3E7F27A57:t156, leader=null, voted=s0, raftlog=s0@group-5BD3E7F27A57-SegmentedRaftLog:OPENED:c3,f4,i4, conf=3: [s0:0.0.0.0:41468, s1:0.0.0.0:41619, s2:0.0.0.0:44382], old=null
2019-09-26 09:49:27,699 INFO  impl.LeaderElection (LeaderElection.java:logAndReturn(56)) - s0@group-5BD3E7F27A57-LeaderElection82: Election TIMEOUT; received 0 response(s) [] and 0 exception(s); s0@group-5BD3E7F27A57:t156, leader=null, voted=s0, raftlog=s0@group-5BD3E7F27A57-SegmentedRaftLog:OPENED:c3,f4,i4, conf=3: [s0:0.0.0.0:41468, s1:0.0.0.0:41619, s2:0.0.0.0:44382], old=null
2019-09-26 09:49:27,713 INFO  impl.LeaderElection (LeaderElection.java:askForVotes(178)) - s0@group-5BD3E7F27A57-LeaderElection82: begin an election at term 157 for 3: [s0:0.0.0.0:41468, s1:0.0.0.0:41619, s2:0.0.0.0:44382], old=null
2019-09-26 09:49:27,732 INFO  impl.FollowerState (FollowerState.java:run(108)) - s2@group-5BD3E7F27A57-FollowerState: change to CANDIDATE, lastRpcTime:157ms, electionTimeout:157ms
2019-09-26 09:49:27,732 INFO  impl.RoleInfo (RoleInfo.java:shutdownFollowerState(121)) - s2: shutdown FollowerState
2019-09-26 09:49:27,732 INFO  impl.RaftServerImpl (RaftServerImpl.java:setRole(170)) - s2@group-5BD3E7F27A57: changes role from  FOLLOWER to CANDIDATE at term 156 for changeToCandidate
2019-09-26 09:49:27,732 INFO  impl.RoleInfo (RoleInfo.java:updateAndGet(143)) - s2: start LeaderElection
2019-09-26 09:49:27,745 INFO  impl.LeaderElection (LeaderElection.java:askForVotes(178)) - s2@group-5BD3E7F27A57-LeaderElection83: begin an election at term 157 for 3: [s0:0.0.0.0:41468, s1:0.0.0.0:41619, s2:0.0.0.0:44382], old=null
2019-09-26 09:49:27,746 DEBUG impl.RaftServerImpl (RaftServerImpl.java:requestVote(743)) - s0@group-5BD3E7F27A57: receive requestVote(s2, group-5BD3E7F27A57, 157, (t:4, i:3))
2019-09-26 09:49:27,746 DEBUG impl.RaftServerImpl (RaftServerImpl.java:requestVote(775)) - s0@group-5BD3E7F27A57 replies to vote request: s2<-s0#0:FAIL-t157. Peer's state: s0@group-5BD3E7F27A57:t157, leader=null, voted=s0, raftlog=s0@group-5BD3E7F27A57-SegmentedRaftLog:OPENED:c3,f4,i4, conf=3: [s0:0.0.0.0:41468, s1:0.0.0.0:41619, s2:0.0.0.0:44382], old=null
2019-09-26 09:49:27,823 WARN  ratis.RaftTestUtil (JavaUtils.java:attempt(158)) - FAILED "waitForLeader-null-(expectLeader? true)", attempt #77/100: java.lang.IllegalStateException: No leader yet : printing ALL groups
  s0:  RUNNING CANDIDATE s0@group-5BD3E7F27A57:t157, leader=null, voted=s0, raftlog=s0@group-5BD3E7F27A57-SegmentedRaftLog:OPENED:c3,f4,i4, conf=3: [s0:0.0.0.0:41468, s1:0.0.0.0:41619, s2:0.0.0.0:44382], old=null RUNNING
  s1:  RUNNING CANDIDATE s1@group-5BD3E7F27A57:t156, leader=null, voted=s1, raftlog=s1@group-5BD3E7F27A57-SegmentedRaftLog:OPENED:c2,f3,i3, conf=2: [s0:0.0.0.0:41468, s1:0.0.0.0:41619, s2:0.0.0.0:44382], old=null RUNNING
  s2:  RUNNING CANDIDATE s2@group-5BD3E7F27A57:t157, leader=null, voted=s2, raftlog=s2@group-5BD3E7F27A57-SegmentedRaftLog:OPENED:c1,f3,i3, conf=3: [s0:0.0.0.0:41468, s1:0.0.0.0:41619, s2:0.0.0.0:44382], old=null RUNNING, sleep 450ms and then retry.
java.lang.IllegalStateException: No leader yet : printing ALL groups
  s0:  RUNNING CANDIDATE s0@group-5BD3E7F27A57:t157, leader=null, voted=s0, raftlog=s0@group-5BD3E7F27A57-SegmentedRaftLog:OPENED:c3,f4,i4, conf=3: [s0:0.0.0.0:41468, s1:0.0.0.0:41619, s2:0.0.0.0:44382], old=null RUNNING
  s1:  RUNNING CANDIDATE s1@group-5BD3E7F27A57:t156, leader=null, voted=s1, raftlog=s1@group-5BD3E7F27A57-SegmentedRaftLog:OPENED:c2,f3,i3, conf=2: [s0:0.0.0.0:41468, s1:0.0.0.0:41619, s2:0.0.0.0:44382], old=null RUNNING
  s2:  RUNNING CANDIDATE s2@group-5BD3E7F27A57:t157, leader=null, voted=s2, raftlog=s2@group-5BD3E7F27A57-SegmentedRaftLog:OPENED:c1,f3,i3, conf=3: [s0:0.0.0.0:41468, s1:0.0.0.0:41619, s2:0.0.0.0:44382], old=null RUNNING
	at org.apache.ratis.MiniRaftCluster.newIllegalStateExceptionForNoLeaders(MiniRaftCluster.java:506)
	at org.apache.ratis.RaftTestUtil.lambda$waitForLeader$1(RaftTestUtil.java:90)
	at org.apache.ratis.MiniRaftCluster.getLeader(MiniRaftCluster.java:539)
	at org.apache.ratis.MiniRaftCluster.getLeader(MiniRaftCluster.java:532)
	at org.apache.ratis.RaftTestUtil.lambda$waitForLeader$3(RaftTestUtil.java:98)
	at org.apache.ratis.util.JavaUtils.attempt(JavaUtils.java:152)
	at org.apache.ratis.RaftTestUtil.waitForLeader(RaftTestUtil.java:97)
	at org.apache.ratis.RaftTestUtil.waitForLeader(RaftTestUtil.java:77)
	at org.apache.ratis.RaftTestUtil.waitForLeader(RaftTestUtil.java:72)
	at org.apache.ratis.RaftTestUtil.lambda$changeLeader$7(RaftTestUtil.java:363)
	at org.apache.ratis.util.JavaUtils.attempt(JavaUtils.java:152)
	at org.apache.ratis.RaftTestUtil.changeLeader(RaftTestUtil.java:362)
	at org.apache.ratis.server.impl.LeaderElectionTests.testChangeLeader(LeaderElectionTests.java:81)
	at sun.reflect.NativeMethodAccessorImpl.invoke0(Native Method)
	at sun.reflect.NativeMethodAccessorImpl.invoke(NativeMethodAccessorImpl.java:62)
	at sun.reflect.DelegatingMethodAccessorImpl.invoke(DelegatingMethodAccessorImpl.java:43)
	at java.lang.reflect.Method.invoke(Method.java:498)
	at org.junit.runners.model.FrameworkMethod$1.runReflectiveCall(FrameworkMethod.java:50)
	at org.junit.internal.runners.model.ReflectiveCallable.run(ReflectiveCallable.java:12)
	at org.junit.runners.model.FrameworkMethod.invokeExplosively(FrameworkMethod.java:47)
	at org.junit.internal.runners.statements.InvokeMethod.evaluate(InvokeMethod.java:17)
	at org.junit.internal.runners.statements.RunAfters.evaluate(RunAfters.java:27)
	at org.junit.internal.runners.statements.FailOnTimeout$CallableStatement.call(FailOnTimeout.java:298)
	at org.junit.internal.runners.statements.FailOnTimeout$CallableStatement.call(FailOnTimeout.java:292)
	at java.util.concurrent.FutureTask.run(FutureTask.java:266)
	at java.lang.Thread.run(Thread.java:748)
2019-09-26 09:49:27,846 INFO  impl.LeaderElection (LeaderElection.java:logAndReturn(56)) - s1@group-5BD3E7F27A57-LeaderElection81: Election TIMEOUT; received 1 response(s) [s1<-s0#0:FAIL-t156] and 0 exception(s); s1@group-5BD3E7F27A57:t156, leader=null, voted=s1, raftlog=s1@group-5BD3E7F27A57-SegmentedRaftLog:OPENED:c2,f3,i3, conf=2: [s0:0.0.0.0:41468, s1:0.0.0.0:41619, s2:0.0.0.0:44382], old=null
2019-09-26 09:49:27,867 INFO  impl.LeaderElection (LeaderElection.java:askForVotes(178)) - s1@group-5BD3E7F27A57-LeaderElection81: begin an election at term 157 for 2: [s0:0.0.0.0:41468, s1:0.0.0.0:41619, s2:0.0.0.0:44382], old=null
2019-09-26 09:49:27,868 DEBUG impl.RaftServerImpl (RaftServerImpl.java:requestVote(743)) - s0@group-5BD3E7F27A57: receive requestVote(s1, group-5BD3E7F27A57, 157, (t:3, i:3))
2019-09-26 09:49:27,868 DEBUG impl.RaftServerImpl (RaftServerImpl.java:requestVote(775)) - s0@group-5BD3E7F27A57 replies to vote request: s1<-s0#0:FAIL-t157. Peer's state: s0@group-5BD3E7F27A57:t157, leader=null, voted=s0, raftlog=s0@group-5BD3E7F27A57-SegmentedRaftLog:OPENED:c3,f4,i4, conf=3: [s0:0.0.0.0:41468, s1:0.0.0.0:41619, s2:0.0.0.0:44382], old=null
2019-09-26 09:49:27,913 INFO  impl.LeaderElection (LeaderElection.java:logAndReturn(56)) - s0@group-5BD3E7F27A57-LeaderElection82: Election TIMEOUT; received 0 response(s) [] and 0 exception(s); s0@group-5BD3E7F27A57:t157, leader=null, voted=s0, raftlog=s0@group-5BD3E7F27A57-SegmentedRaftLog:OPENED:c3,f4,i4, conf=3: [s0:0.0.0.0:41468, s1:0.0.0.0:41619, s2:0.0.0.0:44382], old=null
2019-09-26 09:49:27,926 INFO  impl.LeaderElection (LeaderElection.java:askForVotes(178)) - s0@group-5BD3E7F27A57-LeaderElection82: begin an election at term 158 for 3: [s0:0.0.0.0:41468, s1:0.0.0.0:41619, s2:0.0.0.0:44382], old=null
2019-09-26 09:49:27,935 INFO  impl.LeaderElection (LeaderElection.java:logAndReturn(56)) - s2@group-5BD3E7F27A57-LeaderElection83: Election TIMEOUT; received 1 response(s) [s2<-s0#0:FAIL-t157] and 0 exception(s); s2@group-5BD3E7F27A57:t157, leader=null, voted=s2, raftlog=s2@group-5BD3E7F27A57-SegmentedRaftLog:OPENED:c1,f3,i3, conf=3: [s0:0.0.0.0:41468, s1:0.0.0.0:41619, s2:0.0.0.0:44382], old=null
2019-09-26 09:49:27,948 INFO  impl.LeaderElection (LeaderElection.java:askForVotes(178)) - s2@group-5BD3E7F27A57-LeaderElection83: begin an election at term 158 for 3: [s0:0.0.0.0:41468, s1:0.0.0.0:41619, s2:0.0.0.0:44382], old=null
2019-09-26 09:49:27,948 DEBUG impl.RaftServerImpl (RaftServerImpl.java:requestVote(743)) - s0@group-5BD3E7F27A57: receive requestVote(s2, group-5BD3E7F27A57, 158, (t:4, i:3))
2019-09-26 09:49:27,948 DEBUG impl.RaftServerImpl (RaftServerImpl.java:requestVote(775)) - s0@group-5BD3E7F27A57 replies to vote request: s2<-s0#0:FAIL-t158. Peer's state: s0@group-5BD3E7F27A57:t158, leader=null, voted=s0, raftlog=s0@group-5BD3E7F27A57-SegmentedRaftLog:OPENED:c3,f4,i4, conf=3: [s0:0.0.0.0:41468, s1:0.0.0.0:41619, s2:0.0.0.0:44382], old=null
2019-09-26 09:49:28,071 INFO  impl.LeaderElection (LeaderElection.java:logAndReturn(56)) - s1@group-5BD3E7F27A57-LeaderElection81: Election TIMEOUT; received 1 response(s) [s1<-s0#0:FAIL-t157] and 0 exception(s); s1@group-5BD3E7F27A57:t157, leader=null, voted=s1, raftlog=s1@group-5BD3E7F27A57-SegmentedRaftLog:OPENED:c2,f3,i3, conf=2: [s0:0.0.0.0:41468, s1:0.0.0.0:41619, s2:0.0.0.0:44382], old=null
2019-09-26 09:49:28,084 INFO  impl.LeaderElection (LeaderElection.java:askForVotes(178)) - s1@group-5BD3E7F27A57-LeaderElection81: begin an election at term 158 for 2: [s0:0.0.0.0:41468, s1:0.0.0.0:41619, s2:0.0.0.0:44382], old=null
2019-09-26 09:49:28,085 DEBUG impl.RaftServerImpl (RaftServerImpl.java:requestVote(743)) - s0@group-5BD3E7F27A57: receive requestVote(s1, group-5BD3E7F27A57, 158, (t:3, i:3))
2019-09-26 09:49:28,085 DEBUG impl.RaftServerImpl (RaftServerImpl.java:requestVote(775)) - s0@group-5BD3E7F27A57 replies to vote request: s1<-s0#0:FAIL-t158. Peer's state: s0@group-5BD3E7F27A57:t158, leader=null, voted=s0, raftlog=s0@group-5BD3E7F27A57-SegmentedRaftLog:OPENED:c3,f4,i4, conf=3: [s0:0.0.0.0:41468, s1:0.0.0.0:41619, s2:0.0.0.0:44382], old=null
2019-09-26 09:49:28,100 INFO  impl.LeaderElection (LeaderElection.java:logAndReturn(56)) - s0@group-5BD3E7F27A57-LeaderElection82: Election TIMEOUT; received 0 response(s) [] and 0 exception(s); s0@group-5BD3E7F27A57:t158, leader=null, voted=s0, raftlog=s0@group-5BD3E7F27A57-SegmentedRaftLog:OPENED:c3,f4,i4, conf=3: [s0:0.0.0.0:41468, s1:0.0.0.0:41619, s2:0.0.0.0:44382], old=null
2019-09-26 09:49:28,113 INFO  impl.LeaderElection (LeaderElection.java:askForVotes(178)) - s0@group-5BD3E7F27A57-LeaderElection82: begin an election at term 159 for 3: [s0:0.0.0.0:41468, s1:0.0.0.0:41619, s2:0.0.0.0:44382], old=null
2019-09-26 09:49:28,213 INFO  impl.LeaderElection (LeaderElection.java:logAndReturn(56)) - s2@group-5BD3E7F27A57-LeaderElection83: Election TIMEOUT; received 1 response(s) [s2<-s0#0:FAIL-t158] and 0 exception(s); s2@group-5BD3E7F27A57:t158, leader=null, voted=s2, raftlog=s2@group-5BD3E7F27A57-SegmentedRaftLog:OPENED:c1,f3,i3, conf=3: [s0:0.0.0.0:41468, s1:0.0.0.0:41619, s2:0.0.0.0:44382], old=null
2019-09-26 09:49:28,227 INFO  impl.LeaderElection (LeaderElection.java:askForVotes(178)) - s2@group-5BD3E7F27A57-LeaderElection83: begin an election at term 159 for 3: [s0:0.0.0.0:41468, s1:0.0.0.0:41619, s2:0.0.0.0:44382], old=null
2019-09-26 09:49:28,228 DEBUG impl.RaftServerImpl (RaftServerImpl.java:requestVote(743)) - s0@group-5BD3E7F27A57: receive requestVote(s2, group-5BD3E7F27A57, 159, (t:4, i:3))
2019-09-26 09:49:28,228 DEBUG impl.RaftServerImpl (RaftServerImpl.java:requestVote(775)) - s0@group-5BD3E7F27A57 replies to vote request: s2<-s0#0:FAIL-t159. Peer's state: s0@group-5BD3E7F27A57:t159, leader=null, voted=s0, raftlog=s0@group-5BD3E7F27A57-SegmentedRaftLog:OPENED:c3,f4,i4, conf=3: [s0:0.0.0.0:41468, s1:0.0.0.0:41619, s2:0.0.0.0:44382], old=null
2019-09-26 09:49:28,260 INFO  impl.LeaderElection (LeaderElection.java:logAndReturn(56)) - s1@group-5BD3E7F27A57-LeaderElection81: Election TIMEOUT; received 1 response(s) [s1<-s0#0:FAIL-t158] and 0 exception(s); s1@group-5BD3E7F27A57:t158, leader=null, voted=s1, raftlog=s1@group-5BD3E7F27A57-SegmentedRaftLog:OPENED:c2,f3,i3, conf=2: [s0:0.0.0.0:41468, s1:0.0.0.0:41619, s2:0.0.0.0:44382], old=null
2019-09-26 09:49:28,273 INFO  impl.LeaderElection (LeaderElection.java:askForVotes(178)) - s1@group-5BD3E7F27A57-LeaderElection81: begin an election at term 159 for 2: [s0:0.0.0.0:41468, s1:0.0.0.0:41619, s2:0.0.0.0:44382], old=null
2019-09-26 09:49:28,274 DEBUG impl.RaftServerImpl (RaftServerImpl.java:requestVote(743)) - s0@group-5BD3E7F27A57: receive requestVote(s1, group-5BD3E7F27A57, 159, (t:3, i:3))
2019-09-26 09:49:28,274 DEBUG impl.RaftServerImpl (RaftServerImpl.java:requestVote(775)) - s0@group-5BD3E7F27A57 replies to vote request: s1<-s0#0:FAIL-t159. Peer's state: s0@group-5BD3E7F27A57:t159, leader=null, voted=s0, raftlog=s0@group-5BD3E7F27A57-SegmentedRaftLog:OPENED:c3,f4,i4, conf=3: [s0:0.0.0.0:41468, s1:0.0.0.0:41619, s2:0.0.0.0:44382], old=null
2019-09-26 09:49:28,274 WARN  ratis.RaftTestUtil (JavaUtils.java:attempt(158)) - FAILED "waitForLeader-null-(expectLeader? true)", attempt #78/100: java.lang.IllegalStateException: No leader yet : printing ALL groups
  s0:  RUNNING CANDIDATE s0@group-5BD3E7F27A57:t159, leader=null, voted=s0, raftlog=s0@group-5BD3E7F27A57-SegmentedRaftLog:OPENED:c3,f4,i4, conf=3: [s0:0.0.0.0:41468, s1:0.0.0.0:41619, s2:0.0.0.0:44382], old=null RUNNING
  s1:  RUNNING CANDIDATE s1@group-5BD3E7F27A57:t159, leader=null, voted=s1, raftlog=s1@group-5BD3E7F27A57-SegmentedRaftLog:OPENED:c2,f3,i3, conf=2: [s0:0.0.0.0:41468, s1:0.0.0.0:41619, s2:0.0.0.0:44382], old=null RUNNING
  s2:  RUNNING CANDIDATE s2@group-5BD3E7F27A57:t159, leader=null, voted=s2, raftlog=s2@group-5BD3E7F27A57-SegmentedRaftLog:OPENED:c1,f3,i3, conf=3: [s0:0.0.0.0:41468, s1:0.0.0.0:41619, s2:0.0.0.0:44382], old=null RUNNING, sleep 450ms and then retry.
java.lang.IllegalStateException: No leader yet : printing ALL groups
  s0:  RUNNING CANDIDATE s0@group-5BD3E7F27A57:t159, leader=null, voted=s0, raftlog=s0@group-5BD3E7F27A57-SegmentedRaftLog:OPENED:c3,f4,i4, conf=3: [s0:0.0.0.0:41468, s1:0.0.0.0:41619, s2:0.0.0.0:44382], old=null RUNNING
  s1:  RUNNING CANDIDATE s1@group-5BD3E7F27A57:t159, leader=null, voted=s1, raftlog=s1@group-5BD3E7F27A57-SegmentedRaftLog:OPENED:c2,f3,i3, conf=2: [s0:0.0.0.0:41468, s1:0.0.0.0:41619, s2:0.0.0.0:44382], old=null RUNNING
  s2:  RUNNING CANDIDATE s2@group-5BD3E7F27A57:t159, leader=null, voted=s2, raftlog=s2@group-5BD3E7F27A57-SegmentedRaftLog:OPENED:c1,f3,i3, conf=3: [s0:0.0.0.0:41468, s1:0.0.0.0:41619, s2:0.0.0.0:44382], old=null RUNNING
	at org.apache.ratis.MiniRaftCluster.newIllegalStateExceptionForNoLeaders(MiniRaftCluster.java:506)
	at org.apache.ratis.RaftTestUtil.lambda$waitForLeader$1(RaftTestUtil.java:90)
	at org.apache.ratis.MiniRaftCluster.getLeader(MiniRaftCluster.java:539)
	at org.apache.ratis.MiniRaftCluster.getLeader(MiniRaftCluster.java:532)
	at org.apache.ratis.RaftTestUtil.lambda$waitForLeader$3(RaftTestUtil.java:98)
	at org.apache.ratis.util.JavaUtils.attempt(JavaUtils.java:152)
	at org.apache.ratis.RaftTestUtil.waitForLeader(RaftTestUtil.java:97)
	at org.apache.ratis.RaftTestUtil.waitForLeader(RaftTestUtil.java:77)
	at org.apache.ratis.RaftTestUtil.waitForLeader(RaftTestUtil.java:72)
	at org.apache.ratis.RaftTestUtil.lambda$changeLeader$7(RaftTestUtil.java:363)
	at org.apache.ratis.util.JavaUtils.attempt(JavaUtils.java:152)
	at org.apache.ratis.RaftTestUtil.changeLeader(RaftTestUtil.java:362)
	at org.apache.ratis.server.impl.LeaderElectionTests.testChangeLeader(LeaderElectionTests.java:81)
	at sun.reflect.NativeMethodAccessorImpl.invoke0(Native Method)
	at sun.reflect.NativeMethodAccessorImpl.invoke(NativeMethodAccessorImpl.java:62)
	at sun.reflect.DelegatingMethodAccessorImpl.invoke(DelegatingMethodAccessorImpl.java:43)
	at java.lang.reflect.Method.invoke(Method.java:498)
	at org.junit.runners.model.FrameworkMethod$1.runReflectiveCall(FrameworkMethod.java:50)
	at org.junit.internal.runners.model.ReflectiveCallable.run(ReflectiveCallable.java:12)
	at org.junit.runners.model.FrameworkMethod.invokeExplosively(FrameworkMethod.java:47)
	at org.junit.internal.runners.statements.InvokeMethod.evaluate(InvokeMethod.java:17)
	at org.junit.internal.runners.statements.RunAfters.evaluate(RunAfters.java:27)
	at org.junit.internal.runners.statements.FailOnTimeout$CallableStatement.call(FailOnTimeout.java:298)
	at org.junit.internal.runners.statements.FailOnTimeout$CallableStatement.call(FailOnTimeout.java:292)
	at java.util.concurrent.FutureTask.run(FutureTask.java:266)
	at java.lang.Thread.run(Thread.java:748)
2019-09-26 09:49:28,340 INFO  impl.LeaderElection (LeaderElection.java:logAndReturn(56)) - s0@group-5BD3E7F27A57-LeaderElection82: Election TIMEOUT; received 0 response(s) [] and 0 exception(s); s0@group-5BD3E7F27A57:t159, leader=null, voted=s0, raftlog=s0@group-5BD3E7F27A57-SegmentedRaftLog:OPENED:c3,f4,i4, conf=3: [s0:0.0.0.0:41468, s1:0.0.0.0:41619, s2:0.0.0.0:44382], old=null
2019-09-26 09:49:28,353 INFO  impl.LeaderElection (LeaderElection.java:askForVotes(178)) - s0@group-5BD3E7F27A57-LeaderElection82: begin an election at term 160 for 3: [s0:0.0.0.0:41468, s1:0.0.0.0:41619, s2:0.0.0.0:44382], old=null
2019-09-26 09:49:28,499 INFO  impl.LeaderElection (LeaderElection.java:logAndReturn(56)) - s1@group-5BD3E7F27A57-LeaderElection81: Election TIMEOUT; received 1 response(s) [s1<-s0#0:FAIL-t159] and 0 exception(s); s1@group-5BD3E7F27A57:t159, leader=null, voted=s1, raftlog=s1@group-5BD3E7F27A57-SegmentedRaftLog:OPENED:c2,f3,i3, conf=2: [s0:0.0.0.0:41468, s1:0.0.0.0:41619, s2:0.0.0.0:44382], old=null
2019-09-26 09:49:28,505 INFO  impl.LeaderElection (LeaderElection.java:logAndReturn(56)) - s2@group-5BD3E7F27A57-LeaderElection83: Election TIMEOUT; received 1 response(s) [s2<-s0#0:FAIL-t159] and 0 exception(s); s2@group-5BD3E7F27A57:t159, leader=null, voted=s2, raftlog=s2@group-5BD3E7F27A57-SegmentedRaftLog:OPENED:c1,f3,i3, conf=3: [s0:0.0.0.0:41468, s1:0.0.0.0:41619, s2:0.0.0.0:44382], old=null
2019-09-26 09:49:28,513 INFO  impl.LeaderElection (LeaderElection.java:askForVotes(178)) - s1@group-5BD3E7F27A57-LeaderElection81: begin an election at term 160 for 2: [s0:0.0.0.0:41468, s1:0.0.0.0:41619, s2:0.0.0.0:44382], old=null
2019-09-26 09:49:28,513 INFO  impl.LeaderElection (LeaderElection.java:askForVotes(178)) - s2@group-5BD3E7F27A57-LeaderElection83: begin an election at term 160 for 3: [s0:0.0.0.0:41468, s1:0.0.0.0:41619, s2:0.0.0.0:44382], old=null
2019-09-26 09:49:28,514 DEBUG impl.RaftServerImpl (RaftServerImpl.java:requestVote(743)) - s0@group-5BD3E7F27A57: receive requestVote(s1, group-5BD3E7F27A57, 160, (t:3, i:3))
2019-09-26 09:49:28,514 DEBUG impl.RaftServerImpl (RaftServerImpl.java:requestVote(743)) - s0@group-5BD3E7F27A57: receive requestVote(s2, group-5BD3E7F27A57, 160, (t:4, i:3))
2019-09-26 09:49:28,514 DEBUG impl.RaftServerImpl (RaftServerImpl.java:requestVote(775)) - s0@group-5BD3E7F27A57 replies to vote request: s1<-s0#0:FAIL-t160. Peer's state: s0@group-5BD3E7F27A57:t160, leader=null, voted=s0, raftlog=s0@group-5BD3E7F27A57-SegmentedRaftLog:OPENED:c3,f4,i4, conf=3: [s0:0.0.0.0:41468, s1:0.0.0.0:41619, s2:0.0.0.0:44382], old=null
2019-09-26 09:49:28,514 DEBUG impl.RaftServerImpl (RaftServerImpl.java:requestVote(775)) - s0@group-5BD3E7F27A57 replies to vote request: s2<-s0#0:FAIL-t160. Peer's state: s0@group-5BD3E7F27A57:t160, leader=null, voted=s0, raftlog=s0@group-5BD3E7F27A57-SegmentedRaftLog:OPENED:c3,f4,i4, conf=3: [s0:0.0.0.0:41468, s1:0.0.0.0:41619, s2:0.0.0.0:44382], old=null
2019-09-26 09:49:28,598 INFO  impl.LeaderElection (LeaderElection.java:logAndReturn(56)) - s0@group-5BD3E7F27A57-LeaderElection82: Election TIMEOUT; received 0 response(s) [] and 0 exception(s); s0@group-5BD3E7F27A57:t160, leader=null, voted=s0, raftlog=s0@group-5BD3E7F27A57-SegmentedRaftLog:OPENED:c3,f4,i4, conf=3: [s0:0.0.0.0:41468, s1:0.0.0.0:41619, s2:0.0.0.0:44382], old=null
2019-09-26 09:49:28,612 INFO  impl.LeaderElection (LeaderElection.java:askForVotes(178)) - s0@group-5BD3E7F27A57-LeaderElection82: begin an election at term 161 for 3: [s0:0.0.0.0:41468, s1:0.0.0.0:41619, s2:0.0.0.0:44382], old=null
2019-09-26 09:49:28,725 WARN  ratis.RaftTestUtil (JavaUtils.java:attempt(158)) - FAILED "waitForLeader-null-(expectLeader? true)", attempt #79/100: java.lang.IllegalStateException: No leader yet : printing ALL groups
  s0:  RUNNING CANDIDATE s0@group-5BD3E7F27A57:t161, leader=null, voted=s0, raftlog=s0@group-5BD3E7F27A57-SegmentedRaftLog:OPENED:c3,f4,i4, conf=3: [s0:0.0.0.0:41468, s1:0.0.0.0:41619, s2:0.0.0.0:44382], old=null RUNNING
  s1:  RUNNING CANDIDATE s1@group-5BD3E7F27A57:t160, leader=null, voted=s1, raftlog=s1@group-5BD3E7F27A57-SegmentedRaftLog:OPENED:c2,f3,i3, conf=2: [s0:0.0.0.0:41468, s1:0.0.0.0:41619, s2:0.0.0.0:44382], old=null RUNNING
  s2:  RUNNING CANDIDATE s2@group-5BD3E7F27A57:t160, leader=null, voted=s2, raftlog=s2@group-5BD3E7F27A57-SegmentedRaftLog:OPENED:c1,f3,i3, conf=3: [s0:0.0.0.0:41468, s1:0.0.0.0:41619, s2:0.0.0.0:44382], old=null RUNNING, sleep 450ms and then retry.
java.lang.IllegalStateException: No leader yet : printing ALL groups
  s0:  RUNNING CANDIDATE s0@group-5BD3E7F27A57:t161, leader=null, voted=s0, raftlog=s0@group-5BD3E7F27A57-SegmentedRaftLog:OPENED:c3,f4,i4, conf=3: [s0:0.0.0.0:41468, s1:0.0.0.0:41619, s2:0.0.0.0:44382], old=null RUNNING
  s1:  RUNNING CANDIDATE s1@group-5BD3E7F27A57:t160, leader=null, voted=s1, raftlog=s1@group-5BD3E7F27A57-SegmentedRaftLog:OPENED:c2,f3,i3, conf=2: [s0:0.0.0.0:41468, s1:0.0.0.0:41619, s2:0.0.0.0:44382], old=null RUNNING
  s2:  RUNNING CANDIDATE s2@group-5BD3E7F27A57:t160, leader=null, voted=s2, raftlog=s2@group-5BD3E7F27A57-SegmentedRaftLog:OPENED:c1,f3,i3, conf=3: [s0:0.0.0.0:41468, s1:0.0.0.0:41619, s2:0.0.0.0:44382], old=null RUNNING
	at org.apache.ratis.MiniRaftCluster.newIllegalStateExceptionForNoLeaders(MiniRaftCluster.java:506)
	at org.apache.ratis.RaftTestUtil.lambda$waitForLeader$1(RaftTestUtil.java:90)
	at org.apache.ratis.MiniRaftCluster.getLeader(MiniRaftCluster.java:539)
	at org.apache.ratis.MiniRaftCluster.getLeader(MiniRaftCluster.java:532)
	at org.apache.ratis.RaftTestUtil.lambda$waitForLeader$3(RaftTestUtil.java:98)
	at org.apache.ratis.util.JavaUtils.attempt(JavaUtils.java:152)
	at org.apache.ratis.RaftTestUtil.waitForLeader(RaftTestUtil.java:97)
	at org.apache.ratis.RaftTestUtil.waitForLeader(RaftTestUtil.java:77)
	at org.apache.ratis.RaftTestUtil.waitForLeader(RaftTestUtil.java:72)
	at org.apache.ratis.RaftTestUtil.lambda$changeLeader$7(RaftTestUtil.java:363)
	at org.apache.ratis.util.JavaUtils.attempt(JavaUtils.java:152)
	at org.apache.ratis.RaftTestUtil.changeLeader(RaftTestUtil.java:362)
	at org.apache.ratis.server.impl.LeaderElectionTests.testChangeLeader(LeaderElectionTests.java:81)
	at sun.reflect.NativeMethodAccessorImpl.invoke0(Native Method)
	at sun.reflect.NativeMethodAccessorImpl.invoke(NativeMethodAccessorImpl.java:62)
	at sun.reflect.DelegatingMethodAccessorImpl.invoke(DelegatingMethodAccessorImpl.java:43)
	at java.lang.reflect.Method.invoke(Method.java:498)
	at org.junit.runners.model.FrameworkMethod$1.runReflectiveCall(FrameworkMethod.java:50)
	at org.junit.internal.runners.model.ReflectiveCallable.run(ReflectiveCallable.java:12)
	at org.junit.runners.model.FrameworkMethod.invokeExplosively(FrameworkMethod.java:47)
	at org.junit.internal.runners.statements.InvokeMethod.evaluate(InvokeMethod.java:17)
	at org.junit.internal.runners.statements.RunAfters.evaluate(RunAfters.java:27)
	at org.junit.internal.runners.statements.FailOnTimeout$CallableStatement.call(FailOnTimeout.java:298)
	at org.junit.internal.runners.statements.FailOnTimeout$CallableStatement.call(FailOnTimeout.java:292)
	at java.util.concurrent.FutureTask.run(FutureTask.java:266)
	at java.lang.Thread.run(Thread.java:748)
2019-09-26 09:49:28,729 INFO  impl.LeaderElection (LeaderElection.java:logAndReturn(56)) - s1@group-5BD3E7F27A57-LeaderElection81: Election TIMEOUT; received 1 response(s) [s1<-s0#0:FAIL-t160] and 0 exception(s); s1@group-5BD3E7F27A57:t160, leader=null, voted=s1, raftlog=s1@group-5BD3E7F27A57-SegmentedRaftLog:OPENED:c2,f3,i3, conf=2: [s0:0.0.0.0:41468, s1:0.0.0.0:41619, s2:0.0.0.0:44382], old=null
2019-09-26 09:49:28,742 INFO  impl.LeaderElection (LeaderElection.java:askForVotes(178)) - s1@group-5BD3E7F27A57-LeaderElection81: begin an election at term 161 for 2: [s0:0.0.0.0:41468, s1:0.0.0.0:41619, s2:0.0.0.0:44382], old=null
2019-09-26 09:49:28,743 DEBUG impl.RaftServerImpl (RaftServerImpl.java:requestVote(743)) - s0@group-5BD3E7F27A57: receive requestVote(s1, group-5BD3E7F27A57, 161, (t:3, i:3))
2019-09-26 09:49:28,743 DEBUG impl.RaftServerImpl (RaftServerImpl.java:requestVote(775)) - s0@group-5BD3E7F27A57 replies to vote request: s1<-s0#0:FAIL-t161. Peer's state: s0@group-5BD3E7F27A57:t161, leader=null, voted=s0, raftlog=s0@group-5BD3E7F27A57-SegmentedRaftLog:OPENED:c3,f4,i4, conf=3: [s0:0.0.0.0:41468, s1:0.0.0.0:41619, s2:0.0.0.0:44382], old=null
2019-09-26 09:49:28,774 INFO  impl.LeaderElection (LeaderElection.java:logAndReturn(56)) - s2@group-5BD3E7F27A57-LeaderElection83: Election TIMEOUT; received 1 response(s) [s2<-s0#0:FAIL-t160] and 0 exception(s); s2@group-5BD3E7F27A57:t160, leader=null, voted=s2, raftlog=s2@group-5BD3E7F27A57-SegmentedRaftLog:OPENED:c1,f3,i3, conf=3: [s0:0.0.0.0:41468, s1:0.0.0.0:41619, s2:0.0.0.0:44382], old=null
2019-09-26 09:49:28,785 INFO  impl.LeaderElection (LeaderElection.java:logAndReturn(56)) - s0@group-5BD3E7F27A57-LeaderElection82: Election TIMEOUT; received 0 response(s) [] and 0 exception(s); s0@group-5BD3E7F27A57:t161, leader=null, voted=s0, raftlog=s0@group-5BD3E7F27A57-SegmentedRaftLog:OPENED:c3,f4,i4, conf=3: [s0:0.0.0.0:41468, s1:0.0.0.0:41619, s2:0.0.0.0:44382], old=null
2019-09-26 09:49:28,787 INFO  impl.LeaderElection (LeaderElection.java:askForVotes(178)) - s2@group-5BD3E7F27A57-LeaderElection83: begin an election at term 161 for 3: [s0:0.0.0.0:41468, s1:0.0.0.0:41619, s2:0.0.0.0:44382], old=null
2019-09-26 09:49:28,788 DEBUG impl.RaftServerImpl (RaftServerImpl.java:requestVote(743)) - s0@group-5BD3E7F27A57: receive requestVote(s2, group-5BD3E7F27A57, 161, (t:4, i:3))
2019-09-26 09:49:28,789 INFO  impl.LeaderElection (LeaderElection.java:askForVotes(178)) - s0@group-5BD3E7F27A57-LeaderElection82: begin an election at term 162 for 3: [s0:0.0.0.0:41468, s1:0.0.0.0:41619, s2:0.0.0.0:44382], old=null
2019-09-26 09:49:28,790 DEBUG impl.RaftServerImpl (RaftServerImpl.java:requestVote(775)) - s0@group-5BD3E7F27A57 replies to vote request: s2<-s0#0:FAIL-t162. Peer's state: s0@group-5BD3E7F27A57:t162, leader=null, voted=s0, raftlog=s0@group-5BD3E7F27A57-SegmentedRaftLog:OPENED:c3,f4,i4, conf=3: [s0:0.0.0.0:41468, s1:0.0.0.0:41619, s2:0.0.0.0:44382], old=null
2019-09-26 09:49:28,790 INFO  impl.LeaderElection (LeaderElection.java:logAndReturn(56)) - s2@group-5BD3E7F27A57-LeaderElection83: Election DISCOVERED_A_NEW_TERM; received 1 response(s) [s2<-s0#0:FAIL-t162] and 0 exception(s); s2@group-5BD3E7F27A57:t161, leader=null, voted=s2, raftlog=s2@group-5BD3E7F27A57-SegmentedRaftLog:OPENED:c1,f3,i3, conf=3: [s0:0.0.0.0:41468, s1:0.0.0.0:41619, s2:0.0.0.0:44382], old=null
2019-09-26 09:49:28,790 INFO  impl.RaftServerImpl (RaftServerImpl.java:setRole(170)) - s2@group-5BD3E7F27A57: changes role from CANDIDATE to FOLLOWER at term 162 for DISCOVERED_A_NEW_TERM
2019-09-26 09:49:28,790 INFO  impl.RoleInfo (RoleInfo.java:shutdownLeaderElection(134)) - s2: shutdown LeaderElection
2019-09-26 09:49:28,790 INFO  impl.RoleInfo (RoleInfo.java:updateAndGet(143)) - s2: start FollowerState
2019-09-26 09:49:28,956 INFO  impl.LeaderElection (LeaderElection.java:logAndReturn(56)) - s1@group-5BD3E7F27A57-LeaderElection81: Election TIMEOUT; received 1 response(s) [s1<-s0#0:FAIL-t161] and 0 exception(s); s1@group-5BD3E7F27A57:t161, leader=null, voted=s1, raftlog=s1@group-5BD3E7F27A57-SegmentedRaftLog:OPENED:c2,f3,i3, conf=2: [s0:0.0.0.0:41468, s1:0.0.0.0:41619, s2:0.0.0.0:44382], old=null
2019-09-26 09:49:28,969 INFO  impl.LeaderElection (LeaderElection.java:askForVotes(178)) - s1@group-5BD3E7F27A57-LeaderElection81: begin an election at term 162 for 2: [s0:0.0.0.0:41468, s1:0.0.0.0:41619, s2:0.0.0.0:44382], old=null
2019-09-26 09:49:28,969 DEBUG impl.RaftServerImpl (RaftServerImpl.java:requestVote(743)) - s0@group-5BD3E7F27A57: receive requestVote(s1, group-5BD3E7F27A57, 162, (t:3, i:3))
2019-09-26 09:49:28,969 DEBUG impl.RaftServerImpl (RaftServerImpl.java:requestVote(775)) - s0@group-5BD3E7F27A57 replies to vote request: s1<-s0#0:FAIL-t162. Peer's state: s0@group-5BD3E7F27A57:t162, leader=null, voted=s0, raftlog=s0@group-5BD3E7F27A57-SegmentedRaftLog:OPENED:c3,f4,i4, conf=3: [s0:0.0.0.0:41468, s1:0.0.0.0:41619, s2:0.0.0.0:44382], old=null
2019-09-26 09:49:29,052 INFO  impl.LeaderElection (LeaderElection.java:logAndReturn(56)) - s0@group-5BD3E7F27A57-LeaderElection82: Election TIMEOUT; received 0 response(s) [] and 0 exception(s); s0@group-5BD3E7F27A57:t162, leader=null, voted=s0, raftlog=s0@group-5BD3E7F27A57-SegmentedRaftLog:OPENED:c3,f4,i4, conf=3: [s0:0.0.0.0:41468, s1:0.0.0.0:41619, s2:0.0.0.0:44382], old=null
2019-09-26 09:49:29,055 INFO  impl.FollowerState (FollowerState.java:run(108)) - s2@group-5BD3E7F27A57-FollowerState: change to CANDIDATE, lastRpcTime:264ms, electionTimeout:264ms
2019-09-26 09:49:29,055 INFO  impl.RoleInfo (RoleInfo.java:shutdownFollowerState(121)) - s2: shutdown FollowerState
2019-09-26 09:49:29,055 INFO  impl.RaftServerImpl (RaftServerImpl.java:setRole(170)) - s2@group-5BD3E7F27A57: changes role from  FOLLOWER to CANDIDATE at term 162 for changeToCandidate
2019-09-26 09:49:29,055 INFO  impl.RoleInfo (RoleInfo.java:updateAndGet(143)) - s2: start LeaderElection
2019-09-26 09:49:29,067 INFO  impl.LeaderElection (LeaderElection.java:askForVotes(178)) - s2@group-5BD3E7F27A57-LeaderElection84: begin an election at term 163 for 3: [s0:0.0.0.0:41468, s1:0.0.0.0:41619, s2:0.0.0.0:44382], old=null
2019-09-26 09:49:29,067 INFO  impl.LeaderElection (LeaderElection.java:askForVotes(178)) - s0@group-5BD3E7F27A57-LeaderElection82: begin an election at term 163 for 3: [s0:0.0.0.0:41468, s1:0.0.0.0:41619, s2:0.0.0.0:44382], old=null
2019-09-26 09:49:29,067 DEBUG impl.RaftServerImpl (RaftServerImpl.java:requestVote(743)) - s0@group-5BD3E7F27A57: receive requestVote(s2, group-5BD3E7F27A57, 163, (t:4, i:3))
2019-09-26 09:49:29,067 DEBUG impl.RaftServerImpl (RaftServerImpl.java:requestVote(775)) - s0@group-5BD3E7F27A57 replies to vote request: s2<-s0#0:FAIL-t163. Peer's state: s0@group-5BD3E7F27A57:t163, leader=null, voted=s0, raftlog=s0@group-5BD3E7F27A57-SegmentedRaftLog:OPENED:c3,f4,i4, conf=3: [s0:0.0.0.0:41468, s1:0.0.0.0:41619, s2:0.0.0.0:44382], old=null
2019-09-26 09:49:29,159 INFO  impl.LeaderElection (LeaderElection.java:logAndReturn(56)) - s1@group-5BD3E7F27A57-LeaderElection81: Election TIMEOUT; received 1 response(s) [s1<-s0#0:FAIL-t162] and 0 exception(s); s1@group-5BD3E7F27A57:t162, leader=null, voted=s1, raftlog=s1@group-5BD3E7F27A57-SegmentedRaftLog:OPENED:c2,f3,i3, conf=2: [s0:0.0.0.0:41468, s1:0.0.0.0:41619, s2:0.0.0.0:44382], old=null
2019-09-26 09:49:29,172 INFO  impl.LeaderElection (LeaderElection.java:askForVotes(178)) - s1@group-5BD3E7F27A57-LeaderElection81: begin an election at term 163 for 2: [s0:0.0.0.0:41468, s1:0.0.0.0:41619, s2:0.0.0.0:44382], old=null
2019-09-26 09:49:29,173 DEBUG impl.RaftServerImpl (RaftServerImpl.java:requestVote(743)) - s0@group-5BD3E7F27A57: receive requestVote(s1, group-5BD3E7F27A57, 163, (t:3, i:3))
2019-09-26 09:49:29,173 DEBUG impl.RaftServerImpl (RaftServerImpl.java:requestVote(775)) - s0@group-5BD3E7F27A57 replies to vote request: s1<-s0#0:FAIL-t163. Peer's state: s0@group-5BD3E7F27A57:t163, leader=null, voted=s0, raftlog=s0@group-5BD3E7F27A57-SegmentedRaftLog:OPENED:c3,f4,i4, conf=3: [s0:0.0.0.0:41468, s1:0.0.0.0:41619, s2:0.0.0.0:44382], old=null
2019-09-26 09:49:29,176 WARN  ratis.RaftTestUtil (JavaUtils.java:attempt(158)) - FAILED "waitForLeader-null-(expectLeader? true)", attempt #80/100: java.lang.IllegalStateException: No leader yet : printing ALL groups
  s0:  RUNNING CANDIDATE s0@group-5BD3E7F27A57:t163, leader=null, voted=s0, raftlog=s0@group-5BD3E7F27A57-SegmentedRaftLog:OPENED:c3,f4,i4, conf=3: [s0:0.0.0.0:41468, s1:0.0.0.0:41619, s2:0.0.0.0:44382], old=null RUNNING
  s1:  RUNNING CANDIDATE s1@group-5BD3E7F27A57:t163, leader=null, voted=s1, raftlog=s1@group-5BD3E7F27A57-SegmentedRaftLog:OPENED:c2,f3,i3, conf=2: [s0:0.0.0.0:41468, s1:0.0.0.0:41619, s2:0.0.0.0:44382], old=null RUNNING
  s2:  RUNNING CANDIDATE s2@group-5BD3E7F27A57:t163, leader=null, voted=s2, raftlog=s2@group-5BD3E7F27A57-SegmentedRaftLog:OPENED:c1,f3,i3, conf=3: [s0:0.0.0.0:41468, s1:0.0.0.0:41619, s2:0.0.0.0:44382], old=null RUNNING, sleep 450ms and then retry.
java.lang.IllegalStateException: No leader yet : printing ALL groups
  s0:  RUNNING CANDIDATE s0@group-5BD3E7F27A57:t163, leader=null, voted=s0, raftlog=s0@group-5BD3E7F27A57-SegmentedRaftLog:OPENED:c3,f4,i4, conf=3: [s0:0.0.0.0:41468, s1:0.0.0.0:41619, s2:0.0.0.0:44382], old=null RUNNING
  s1:  RUNNING CANDIDATE s1@group-5BD3E7F27A57:t163, leader=null, voted=s1, raftlog=s1@group-5BD3E7F27A57-SegmentedRaftLog:OPENED:c2,f3,i3, conf=2: [s0:0.0.0.0:41468, s1:0.0.0.0:41619, s2:0.0.0.0:44382], old=null RUNNING
  s2:  RUNNING CANDIDATE s2@group-5BD3E7F27A57:t163, leader=null, voted=s2, raftlog=s2@group-5BD3E7F27A57-SegmentedRaftLog:OPENED:c1,f3,i3, conf=3: [s0:0.0.0.0:41468, s1:0.0.0.0:41619, s2:0.0.0.0:44382], old=null RUNNING
	at org.apache.ratis.MiniRaftCluster.newIllegalStateExceptionForNoLeaders(MiniRaftCluster.java:506)
	at org.apache.ratis.RaftTestUtil.lambda$waitForLeader$1(RaftTestUtil.java:90)
	at org.apache.ratis.MiniRaftCluster.getLeader(MiniRaftCluster.java:539)
	at org.apache.ratis.MiniRaftCluster.getLeader(MiniRaftCluster.java:532)
	at org.apache.ratis.RaftTestUtil.lambda$waitForLeader$3(RaftTestUtil.java:98)
	at org.apache.ratis.util.JavaUtils.attempt(JavaUtils.java:152)
	at org.apache.ratis.RaftTestUtil.waitForLeader(RaftTestUtil.java:97)
	at org.apache.ratis.RaftTestUtil.waitForLeader(RaftTestUtil.java:77)
	at org.apache.ratis.RaftTestUtil.waitForLeader(RaftTestUtil.java:72)
	at org.apache.ratis.RaftTestUtil.lambda$changeLeader$7(RaftTestUtil.java:363)
	at org.apache.ratis.util.JavaUtils.attempt(JavaUtils.java:152)
	at org.apache.ratis.RaftTestUtil.changeLeader(RaftTestUtil.java:362)
	at org.apache.ratis.server.impl.LeaderElectionTests.testChangeLeader(LeaderElectionTests.java:81)
	at sun.reflect.NativeMethodAccessorImpl.invoke0(Native Method)
	at sun.reflect.NativeMethodAccessorImpl.invoke(NativeMethodAccessorImpl.java:62)
	at sun.reflect.DelegatingMethodAccessorImpl.invoke(DelegatingMethodAccessorImpl.java:43)
	at java.lang.reflect.Method.invoke(Method.java:498)
	at org.junit.runners.model.FrameworkMethod$1.runReflectiveCall(FrameworkMethod.java:50)
	at org.junit.internal.runners.model.ReflectiveCallable.run(ReflectiveCallable.java:12)
	at org.junit.runners.model.FrameworkMethod.invokeExplosively(FrameworkMethod.java:47)
	at org.junit.internal.runners.statements.InvokeMethod.evaluate(InvokeMethod.java:17)
	at org.junit.internal.runners.statements.RunAfters.evaluate(RunAfters.java:27)
	at org.junit.internal.runners.statements.FailOnTimeout$CallableStatement.call(FailOnTimeout.java:298)
	at org.junit.internal.runners.statements.FailOnTimeout$CallableStatement.call(FailOnTimeout.java:292)
	at java.util.concurrent.FutureTask.run(FutureTask.java:266)
	at java.lang.Thread.run(Thread.java:748)
2019-09-26 09:49:29,237 INFO  impl.LeaderElection (LeaderElection.java:logAndReturn(56)) - s2@group-5BD3E7F27A57-LeaderElection84: Election TIMEOUT; received 1 response(s) [s2<-s0#0:FAIL-t163] and 0 exception(s); s2@group-5BD3E7F27A57:t163, leader=null, voted=s2, raftlog=s2@group-5BD3E7F27A57-SegmentedRaftLog:OPENED:c1,f3,i3, conf=3: [s0:0.0.0.0:41468, s1:0.0.0.0:41619, s2:0.0.0.0:44382], old=null
2019-09-26 09:49:29,250 INFO  impl.LeaderElection (LeaderElection.java:askForVotes(178)) - s2@group-5BD3E7F27A57-LeaderElection84: begin an election at term 164 for 3: [s0:0.0.0.0:41468, s1:0.0.0.0:41619, s2:0.0.0.0:44382], old=null
2019-09-26 09:49:29,250 DEBUG impl.RaftServerImpl (RaftServerImpl.java:requestVote(743)) - s0@group-5BD3E7F27A57: receive requestVote(s2, group-5BD3E7F27A57, 164, (t:4, i:3))
2019-09-26 09:49:29,250 INFO  impl.RaftServerImpl (RaftServerImpl.java:setRole(170)) - s0@group-5BD3E7F27A57: changes role from CANDIDATE to FOLLOWER at term 164 for recognizeCandidate:s2
2019-09-26 09:49:29,250 INFO  impl.RoleInfo (RoleInfo.java:shutdownLeaderElection(134)) - s0: shutdown LeaderElection
2019-09-26 09:49:29,251 INFO  impl.RoleInfo (RoleInfo.java:updateAndGet(143)) - s0: start FollowerState
2019-09-26 09:49:29,251 INFO  impl.LeaderElection (LeaderElection.java:logAndReturn(56)) - s0@group-5BD3E7F27A57-LeaderElection82: Election REJECTED; received 0 response(s) [] and 0 exception(s); s0@group-5BD3E7F27A57:t164, leader=null, voted=null, raftlog=s0@group-5BD3E7F27A57-SegmentedRaftLog:OPENED:c3,f4,i4, conf=3: [s0:0.0.0.0:41468, s1:0.0.0.0:41619, s2:0.0.0.0:44382], old=null
2019-09-26 09:49:29,264 DEBUG impl.RaftServerImpl (RaftServerImpl.java:requestVote(775)) - s0@group-5BD3E7F27A57 replies to vote request: s2<-s0#0:FAIL-t164. Peer's state: s0@group-5BD3E7F27A57:t164, leader=null, voted=null, raftlog=s0@group-5BD3E7F27A57-SegmentedRaftLog:OPENED:c3,f4,i4, conf=3: [s0:0.0.0.0:41468, s1:0.0.0.0:41619, s2:0.0.0.0:44382], old=null
2019-09-26 09:49:29,324 INFO  impl.LeaderElection (LeaderElection.java:logAndReturn(56)) - s1@group-5BD3E7F27A57-LeaderElection81: Election TIMEOUT; received 1 response(s) [s1<-s0#0:FAIL-t163] and 0 exception(s); s1@group-5BD3E7F27A57:t163, leader=null, voted=s1, raftlog=s1@group-5BD3E7F27A57-SegmentedRaftLog:OPENED:c2,f3,i3, conf=2: [s0:0.0.0.0:41468, s1:0.0.0.0:41619, s2:0.0.0.0:44382], old=null
2019-09-26 09:49:29,337 INFO  impl.LeaderElection (LeaderElection.java:askForVotes(178)) - s1@group-5BD3E7F27A57-LeaderElection81: begin an election at term 164 for 2: [s0:0.0.0.0:41468, s1:0.0.0.0:41619, s2:0.0.0.0:44382], old=null
2019-09-26 09:49:29,338 DEBUG impl.RaftServerImpl (RaftServerImpl.java:requestVote(743)) - s0@group-5BD3E7F27A57: receive requestVote(s1, group-5BD3E7F27A57, 164, (t:3, i:3))
2019-09-26 09:49:29,338 INFO  impl.RaftServerImpl (RaftServerImpl.java:setRole(170)) - s0@group-5BD3E7F27A57: changes role from  FOLLOWER to FOLLOWER at term 164 for recognizeCandidate:s1
2019-09-26 09:49:29,338 INFO  impl.RoleInfo (RoleInfo.java:shutdownFollowerState(121)) - s0: shutdown FollowerState
2019-09-26 09:49:29,338 INFO  impl.RoleInfo (RoleInfo.java:updateAndGet(143)) - s0: start FollowerState
2019-09-26 09:49:29,338 INFO  impl.FollowerState (FollowerState.java:run(117)) - s0@group-5BD3E7F27A57-FollowerState was interrupted: java.lang.InterruptedException: sleep interrupted
2019-09-26 09:49:29,339 DEBUG impl.RaftServerImpl (RaftServerImpl.java:requestVote(775)) - s0@group-5BD3E7F27A57 replies to vote request: s1<-s0#0:FAIL-t164. Peer's state: s0@group-5BD3E7F27A57:t164, leader=null, voted=null, raftlog=s0@group-5BD3E7F27A57-SegmentedRaftLog:OPENED:c3,f4,i4, conf=3: [s0:0.0.0.0:41468, s1:0.0.0.0:41619, s2:0.0.0.0:44382], old=null
2019-09-26 09:49:29,478 INFO  impl.LeaderElection (LeaderElection.java:logAndReturn(56)) - s2@group-5BD3E7F27A57-LeaderElection84: Election TIMEOUT; received 1 response(s) [s2<-s0#0:FAIL-t164] and 0 exception(s); s2@group-5BD3E7F27A57:t164, leader=null, voted=s2, raftlog=s2@group-5BD3E7F27A57-SegmentedRaftLog:OPENED:c1,f3,i3, conf=3: [s0:0.0.0.0:41468, s1:0.0.0.0:41619, s2:0.0.0.0:44382], old=null
2019-09-26 09:49:29,491 INFO  impl.LeaderElection (LeaderElection.java:askForVotes(178)) - s2@group-5BD3E7F27A57-LeaderElection84: begin an election at term 165 for 3: [s0:0.0.0.0:41468, s1:0.0.0.0:41619, s2:0.0.0.0:44382], old=null
2019-09-26 09:49:29,492 DEBUG impl.RaftServerImpl (RaftServerImpl.java:requestVote(743)) - s0@group-5BD3E7F27A57: receive requestVote(s2, group-5BD3E7F27A57, 165, (t:4, i:3))
2019-09-26 09:49:29,492 INFO  impl.RaftServerImpl (RaftServerImpl.java:setRole(170)) - s0@group-5BD3E7F27A57: changes role from  FOLLOWER to FOLLOWER at term 165 for recognizeCandidate:s2
2019-09-26 09:49:29,492 INFO  impl.RoleInfo (RoleInfo.java:shutdownFollowerState(121)) - s0: shutdown FollowerState
2019-09-26 09:49:29,492 INFO  impl.RoleInfo (RoleInfo.java:updateAndGet(143)) - s0: start FollowerState
2019-09-26 09:49:29,492 INFO  impl.FollowerState (FollowerState.java:run(117)) - s0@group-5BD3E7F27A57-FollowerState was interrupted: java.lang.InterruptedException: sleep interrupted
2019-09-26 09:49:29,506 DEBUG impl.RaftServerImpl (RaftServerImpl.java:requestVote(775)) - s0@group-5BD3E7F27A57 replies to vote request: s2<-s0#0:FAIL-t165. Peer's state: s0@group-5BD3E7F27A57:t165, leader=null, voted=null, raftlog=s0@group-5BD3E7F27A57-SegmentedRaftLog:OPENED:c3,f4,i4, conf=3: [s0:0.0.0.0:41468, s1:0.0.0.0:41619, s2:0.0.0.0:44382], old=null
2019-09-26 09:49:29,524 INFO  impl.LeaderElection (LeaderElection.java:logAndReturn(56)) - s1@group-5BD3E7F27A57-LeaderElection81: Election TIMEOUT; received 1 response(s) [s1<-s0#0:FAIL-t164] and 0 exception(s); s1@group-5BD3E7F27A57:t164, leader=null, voted=s1, raftlog=s1@group-5BD3E7F27A57-SegmentedRaftLog:OPENED:c2,f3,i3, conf=2: [s0:0.0.0.0:41468, s1:0.0.0.0:41619, s2:0.0.0.0:44382], old=null
2019-09-26 09:49:29,536 INFO  impl.LeaderElection (LeaderElection.java:askForVotes(178)) - s1@group-5BD3E7F27A57-LeaderElection81: begin an election at term 165 for 2: [s0:0.0.0.0:41468, s1:0.0.0.0:41619, s2:0.0.0.0:44382], old=null
2019-09-26 09:49:29,537 DEBUG impl.RaftServerImpl (RaftServerImpl.java:requestVote(743)) - s0@group-5BD3E7F27A57: receive requestVote(s1, group-5BD3E7F27A57, 165, (t:3, i:3))
2019-09-26 09:49:29,537 INFO  impl.RaftServerImpl (RaftServerImpl.java:setRole(170)) - s0@group-5BD3E7F27A57: changes role from  FOLLOWER to FOLLOWER at term 165 for recognizeCandidate:s1
2019-09-26 09:49:29,537 INFO  impl.RoleInfo (RoleInfo.java:shutdownFollowerState(121)) - s0: shutdown FollowerState
2019-09-26 09:49:29,537 INFO  impl.RoleInfo (RoleInfo.java:updateAndGet(143)) - s0: start FollowerState
2019-09-26 09:49:29,538 INFO  impl.FollowerState (FollowerState.java:run(117)) - s0@group-5BD3E7F27A57-FollowerState was interrupted: java.lang.InterruptedException: sleep interrupted
2019-09-26 09:49:29,538 DEBUG impl.RaftServerImpl (RaftServerImpl.java:requestVote(775)) - s0@group-5BD3E7F27A57 replies to vote request: s1<-s0#0:FAIL-t165. Peer's state: s0@group-5BD3E7F27A57:t165, leader=null, voted=null, raftlog=s0@group-5BD3E7F27A57-SegmentedRaftLog:OPENED:c3,f4,i4, conf=3: [s0:0.0.0.0:41468, s1:0.0.0.0:41619, s2:0.0.0.0:44382], old=null
2019-09-26 09:49:29,627 WARN  ratis.RaftTestUtil (JavaUtils.java:attempt(158)) - FAILED "waitForLeader-null-(expectLeader? true)", attempt #81/100: java.lang.IllegalStateException: No leader yet : printing ALL groups
  s0:  RUNNING  FOLLOWER s0@group-5BD3E7F27A57:t165, leader=null, voted=null, raftlog=s0@group-5BD3E7F27A57-SegmentedRaftLog:OPENED:c3,f4,i4, conf=3: [s0:0.0.0.0:41468, s1:0.0.0.0:41619, s2:0.0.0.0:44382], old=null RUNNING
  s1:  RUNNING CANDIDATE s1@group-5BD3E7F27A57:t165, leader=null, voted=s1, raftlog=s1@group-5BD3E7F27A57-SegmentedRaftLog:OPENED:c2,f3,i3, conf=2: [s0:0.0.0.0:41468, s1:0.0.0.0:41619, s2:0.0.0.0:44382], old=null RUNNING
  s2:  RUNNING CANDIDATE s2@group-5BD3E7F27A57:t165, leader=null, voted=s2, raftlog=s2@group-5BD3E7F27A57-SegmentedRaftLog:OPENED:c1,f3,i3, conf=3: [s0:0.0.0.0:41468, s1:0.0.0.0:41619, s2:0.0.0.0:44382], old=null RUNNING, sleep 450ms and then retry.
java.lang.IllegalStateException: No leader yet : printing ALL groups
  s0:  RUNNING  FOLLOWER s0@group-5BD3E7F27A57:t165, leader=null, voted=null, raftlog=s0@group-5BD3E7F27A57-SegmentedRaftLog:OPENED:c3,f4,i4, conf=3: [s0:0.0.0.0:41468, s1:0.0.0.0:41619, s2:0.0.0.0:44382], old=null RUNNING
  s1:  RUNNING CANDIDATE s1@group-5BD3E7F27A57:t165, leader=null, voted=s1, raftlog=s1@group-5BD3E7F27A57-SegmentedRaftLog:OPENED:c2,f3,i3, conf=2: [s0:0.0.0.0:41468, s1:0.0.0.0:41619, s2:0.0.0.0:44382], old=null RUNNING
  s2:  RUNNING CANDIDATE s2@group-5BD3E7F27A57:t165, leader=null, voted=s2, raftlog=s2@group-5BD3E7F27A57-SegmentedRaftLog:OPENED:c1,f3,i3, conf=3: [s0:0.0.0.0:41468, s1:0.0.0.0:41619, s2:0.0.0.0:44382], old=null RUNNING
	at org.apache.ratis.MiniRaftCluster.newIllegalStateExceptionForNoLeaders(MiniRaftCluster.java:506)
	at org.apache.ratis.RaftTestUtil.lambda$waitForLeader$1(RaftTestUtil.java:90)
	at org.apache.ratis.MiniRaftCluster.getLeader(MiniRaftCluster.java:539)
	at org.apache.ratis.MiniRaftCluster.getLeader(MiniRaftCluster.java:532)
	at org.apache.ratis.RaftTestUtil.lambda$waitForLeader$3(RaftTestUtil.java:98)
	at org.apache.ratis.util.JavaUtils.attempt(JavaUtils.java:152)
	at org.apache.ratis.RaftTestUtil.waitForLeader(RaftTestUtil.java:97)
	at org.apache.ratis.RaftTestUtil.waitForLeader(RaftTestUtil.java:77)
	at org.apache.ratis.RaftTestUtil.waitForLeader(RaftTestUtil.java:72)
	at org.apache.ratis.RaftTestUtil.lambda$changeLeader$7(RaftTestUtil.java:363)
	at org.apache.ratis.util.JavaUtils.attempt(JavaUtils.java:152)
	at org.apache.ratis.RaftTestUtil.changeLeader(RaftTestUtil.java:362)
	at org.apache.ratis.server.impl.LeaderElectionTests.testChangeLeader(LeaderElectionTests.java:81)
	at sun.reflect.NativeMethodAccessorImpl.invoke0(Native Method)
	at sun.reflect.NativeMethodAccessorImpl.invoke(NativeMethodAccessorImpl.java:62)
	at sun.reflect.DelegatingMethodAccessorImpl.invoke(DelegatingMethodAccessorImpl.java:43)
	at java.lang.reflect.Method.invoke(Method.java:498)
	at org.junit.runners.model.FrameworkMethod$1.runReflectiveCall(FrameworkMethod.java:50)
	at org.junit.internal.runners.model.ReflectiveCallable.run(ReflectiveCallable.java:12)
	at org.junit.runners.model.FrameworkMethod.invokeExplosively(FrameworkMethod.java:47)
	at org.junit.internal.runners.statements.InvokeMethod.evaluate(InvokeMethod.java:17)
	at org.junit.internal.runners.statements.RunAfters.evaluate(RunAfters.java:27)
	at org.junit.internal.runners.statements.FailOnTimeout$CallableStatement.call(FailOnTimeout.java:298)
	at org.junit.internal.runners.statements.FailOnTimeout$CallableStatement.call(FailOnTimeout.java:292)
	at java.util.concurrent.FutureTask.run(FutureTask.java:266)
	at java.lang.Thread.run(Thread.java:748)
2019-09-26 09:49:29,751 INFO  impl.LeaderElection (LeaderElection.java:logAndReturn(56)) - s2@group-5BD3E7F27A57-LeaderElection84: Election TIMEOUT; received 1 response(s) [s2<-s0#0:FAIL-t165] and 0 exception(s); s2@group-5BD3E7F27A57:t165, leader=null, voted=s2, raftlog=s2@group-5BD3E7F27A57-SegmentedRaftLog:OPENED:c1,f3,i3, conf=3: [s0:0.0.0.0:41468, s1:0.0.0.0:41619, s2:0.0.0.0:44382], old=null
2019-09-26 09:49:29,765 INFO  impl.LeaderElection (LeaderElection.java:askForVotes(178)) - s2@group-5BD3E7F27A57-LeaderElection84: begin an election at term 166 for 3: [s0:0.0.0.0:41468, s1:0.0.0.0:41619, s2:0.0.0.0:44382], old=null
2019-09-26 09:49:29,765 DEBUG impl.RaftServerImpl (RaftServerImpl.java:requestVote(743)) - s0@group-5BD3E7F27A57: receive requestVote(s2, group-5BD3E7F27A57, 166, (t:4, i:3))
2019-09-26 09:49:29,765 INFO  impl.RaftServerImpl (RaftServerImpl.java:setRole(170)) - s0@group-5BD3E7F27A57: changes role from  FOLLOWER to FOLLOWER at term 166 for recognizeCandidate:s2
2019-09-26 09:49:29,766 INFO  impl.RoleInfo (RoleInfo.java:shutdownFollowerState(121)) - s0: shutdown FollowerState
2019-09-26 09:49:29,766 INFO  impl.RoleInfo (RoleInfo.java:updateAndGet(143)) - s0: start FollowerState
2019-09-26 09:49:29,766 INFO  impl.FollowerState (FollowerState.java:run(117)) - s0@group-5BD3E7F27A57-FollowerState was interrupted: java.lang.InterruptedException: sleep interrupted
2019-09-26 09:49:29,777 INFO  impl.LeaderElection (LeaderElection.java:logAndReturn(56)) - s1@group-5BD3E7F27A57-LeaderElection81: Election TIMEOUT; received 1 response(s) [s1<-s0#0:FAIL-t165] and 0 exception(s); s1@group-5BD3E7F27A57:t165, leader=null, voted=s1, raftlog=s1@group-5BD3E7F27A57-SegmentedRaftLog:OPENED:c2,f3,i3, conf=2: [s0:0.0.0.0:41468, s1:0.0.0.0:41619, s2:0.0.0.0:44382], old=null
2019-09-26 09:49:29,780 INFO  impl.LeaderElection (LeaderElection.java:askForVotes(178)) - s1@group-5BD3E7F27A57-LeaderElection81: begin an election at term 166 for 2: [s0:0.0.0.0:41468, s1:0.0.0.0:41619, s2:0.0.0.0:44382], old=null
2019-09-26 09:49:29,780 DEBUG impl.RaftServerImpl (RaftServerImpl.java:requestVote(775)) - s0@group-5BD3E7F27A57 replies to vote request: s2<-s0#0:FAIL-t166. Peer's state: s0@group-5BD3E7F27A57:t166, leader=null, voted=null, raftlog=s0@group-5BD3E7F27A57-SegmentedRaftLog:OPENED:c3,f4,i4, conf=3: [s0:0.0.0.0:41468, s1:0.0.0.0:41619, s2:0.0.0.0:44382], old=null
2019-09-26 09:49:29,781 DEBUG impl.RaftServerImpl (RaftServerImpl.java:requestVote(743)) - s0@group-5BD3E7F27A57: receive requestVote(s1, group-5BD3E7F27A57, 166, (t:3, i:3))
2019-09-26 09:49:29,781 INFO  impl.RaftServerImpl (RaftServerImpl.java:setRole(170)) - s0@group-5BD3E7F27A57: changes role from  FOLLOWER to FOLLOWER at term 166 for recognizeCandidate:s1
2019-09-26 09:49:29,781 INFO  impl.RoleInfo (RoleInfo.java:shutdownFollowerState(121)) - s0: shutdown FollowerState
2019-09-26 09:49:29,781 INFO  impl.RoleInfo (RoleInfo.java:updateAndGet(143)) - s0: start FollowerState
2019-09-26 09:49:29,781 INFO  impl.FollowerState (FollowerState.java:run(117)) - s0@group-5BD3E7F27A57-FollowerState was interrupted: java.lang.InterruptedException: sleep interrupted
2019-09-26 09:49:29,781 DEBUG impl.RaftServerImpl (RaftServerImpl.java:requestVote(775)) - s0@group-5BD3E7F27A57 replies to vote request: s1<-s0#0:FAIL-t166. Peer's state: s0@group-5BD3E7F27A57:t166, leader=null, voted=null, raftlog=s0@group-5BD3E7F27A57-SegmentedRaftLog:OPENED:c3,f4,i4, conf=3: [s0:0.0.0.0:41468, s1:0.0.0.0:41619, s2:0.0.0.0:44382], old=null
2019-09-26 09:49:29,985 INFO  impl.LeaderElection (LeaderElection.java:logAndReturn(56)) - s2@group-5BD3E7F27A57-LeaderElection84: Election TIMEOUT; received 1 response(s) [s2<-s0#0:FAIL-t166] and 0 exception(s); s2@group-5BD3E7F27A57:t166, leader=null, voted=s2, raftlog=s2@group-5BD3E7F27A57-SegmentedRaftLog:OPENED:c1,f3,i3, conf=3: [s0:0.0.0.0:41468, s1:0.0.0.0:41619, s2:0.0.0.0:44382], old=null
2019-09-26 09:49:29,998 INFO  impl.LeaderElection (LeaderElection.java:askForVotes(178)) - s2@group-5BD3E7F27A57-LeaderElection84: begin an election at term 167 for 3: [s0:0.0.0.0:41468, s1:0.0.0.0:41619, s2:0.0.0.0:44382], old=null
2019-09-26 09:49:29,999 DEBUG impl.RaftServerImpl (RaftServerImpl.java:requestVote(743)) - s0@group-5BD3E7F27A57: receive requestVote(s2, group-5BD3E7F27A57, 167, (t:4, i:3))
2019-09-26 09:49:29,999 INFO  impl.RaftServerImpl (RaftServerImpl.java:setRole(170)) - s0@group-5BD3E7F27A57: changes role from  FOLLOWER to FOLLOWER at term 167 for recognizeCandidate:s2
2019-09-26 09:49:29,999 INFO  impl.RoleInfo (RoleInfo.java:shutdownFollowerState(121)) - s0: shutdown FollowerState
2019-09-26 09:49:29,999 INFO  impl.RoleInfo (RoleInfo.java:updateAndGet(143)) - s0: start FollowerState
2019-09-26 09:49:29,999 INFO  impl.FollowerState (FollowerState.java:run(117)) - s0@group-5BD3E7F27A57-FollowerState was interrupted: java.lang.InterruptedException: sleep interrupted
2019-09-26 09:49:30,013 DEBUG impl.RaftServerImpl (RaftServerImpl.java:requestVote(775)) - s0@group-5BD3E7F27A57 replies to vote request: s2<-s0#0:FAIL-t167. Peer's state: s0@group-5BD3E7F27A57:t167, leader=null, voted=null, raftlog=s0@group-5BD3E7F27A57-SegmentedRaftLog:OPENED:c3,f4,i4, conf=3: [s0:0.0.0.0:41468, s1:0.0.0.0:41619, s2:0.0.0.0:44382], old=null
2019-09-26 09:49:30,053 INFO  impl.LeaderElection (LeaderElection.java:logAndReturn(56)) - s1@group-5BD3E7F27A57-LeaderElection81: Election TIMEOUT; received 1 response(s) [s1<-s0#0:FAIL-t166] and 0 exception(s); s1@group-5BD3E7F27A57:t166, leader=null, voted=s1, raftlog=s1@group-5BD3E7F27A57-SegmentedRaftLog:OPENED:c2,f3,i3, conf=2: [s0:0.0.0.0:41468, s1:0.0.0.0:41619, s2:0.0.0.0:44382], old=null
2019-09-26 09:49:30,067 INFO  impl.LeaderElection (LeaderElection.java:askForVotes(178)) - s1@group-5BD3E7F27A57-LeaderElection81: begin an election at term 167 for 2: [s0:0.0.0.0:41468, s1:0.0.0.0:41619, s2:0.0.0.0:44382], old=null
2019-09-26 09:49:30,067 DEBUG impl.RaftServerImpl (RaftServerImpl.java:requestVote(743)) - s0@group-5BD3E7F27A57: receive requestVote(s1, group-5BD3E7F27A57, 167, (t:3, i:3))
2019-09-26 09:49:30,067 INFO  impl.RaftServerImpl (RaftServerImpl.java:setRole(170)) - s0@group-5BD3E7F27A57: changes role from  FOLLOWER to FOLLOWER at term 167 for recognizeCandidate:s1
2019-09-26 09:49:30,068 INFO  impl.RoleInfo (RoleInfo.java:shutdownFollowerState(121)) - s0: shutdown FollowerState
2019-09-26 09:49:30,068 INFO  impl.RoleInfo (RoleInfo.java:updateAndGet(143)) - s0: start FollowerState
2019-09-26 09:49:30,068 INFO  impl.FollowerState (FollowerState.java:run(117)) - s0@group-5BD3E7F27A57-FollowerState was interrupted: java.lang.InterruptedException: sleep interrupted
2019-09-26 09:49:30,068 DEBUG impl.RaftServerImpl (RaftServerImpl.java:requestVote(775)) - s0@group-5BD3E7F27A57 replies to vote request: s1<-s0#0:FAIL-t167. Peer's state: s0@group-5BD3E7F27A57:t167, leader=null, voted=null, raftlog=s0@group-5BD3E7F27A57-SegmentedRaftLog:OPENED:c3,f4,i4, conf=3: [s0:0.0.0.0:41468, s1:0.0.0.0:41619, s2:0.0.0.0:44382], old=null
2019-09-26 09:49:30,078 WARN  ratis.RaftTestUtil (JavaUtils.java:attempt(158)) - FAILED "waitForLeader-null-(expectLeader? true)", attempt #82/100: java.lang.IllegalStateException: No leader yet : printing ALL groups
  s0:  RUNNING  FOLLOWER s0@group-5BD3E7F27A57:t167, leader=null, voted=null, raftlog=s0@group-5BD3E7F27A57-SegmentedRaftLog:OPENED:c3,f4,i4, conf=3: [s0:0.0.0.0:41468, s1:0.0.0.0:41619, s2:0.0.0.0:44382], old=null RUNNING
  s1:  RUNNING CANDIDATE s1@group-5BD3E7F27A57:t167, leader=null, voted=s1, raftlog=s1@group-5BD3E7F27A57-SegmentedRaftLog:OPENED:c2,f3,i3, conf=2: [s0:0.0.0.0:41468, s1:0.0.0.0:41619, s2:0.0.0.0:44382], old=null RUNNING
  s2:  RUNNING CANDIDATE s2@group-5BD3E7F27A57:t167, leader=null, voted=s2, raftlog=s2@group-5BD3E7F27A57-SegmentedRaftLog:OPENED:c1,f3,i3, conf=3: [s0:0.0.0.0:41468, s1:0.0.0.0:41619, s2:0.0.0.0:44382], old=null RUNNING, sleep 450ms and then retry.
java.lang.IllegalStateException: No leader yet : printing ALL groups
  s0:  RUNNING  FOLLOWER s0@group-5BD3E7F27A57:t167, leader=null, voted=null, raftlog=s0@group-5BD3E7F27A57-SegmentedRaftLog:OPENED:c3,f4,i4, conf=3: [s0:0.0.0.0:41468, s1:0.0.0.0:41619, s2:0.0.0.0:44382], old=null RUNNING
  s1:  RUNNING CANDIDATE s1@group-5BD3E7F27A57:t167, leader=null, voted=s1, raftlog=s1@group-5BD3E7F27A57-SegmentedRaftLog:OPENED:c2,f3,i3, conf=2: [s0:0.0.0.0:41468, s1:0.0.0.0:41619, s2:0.0.0.0:44382], old=null RUNNING
  s2:  RUNNING CANDIDATE s2@group-5BD3E7F27A57:t167, leader=null, voted=s2, raftlog=s2@group-5BD3E7F27A57-SegmentedRaftLog:OPENED:c1,f3,i3, conf=3: [s0:0.0.0.0:41468, s1:0.0.0.0:41619, s2:0.0.0.0:44382], old=null RUNNING
	at org.apache.ratis.MiniRaftCluster.newIllegalStateExceptionForNoLeaders(MiniRaftCluster.java:506)
	at org.apache.ratis.RaftTestUtil.lambda$waitForLeader$1(RaftTestUtil.java:90)
	at org.apache.ratis.MiniRaftCluster.getLeader(MiniRaftCluster.java:539)
	at org.apache.ratis.MiniRaftCluster.getLeader(MiniRaftCluster.java:532)
	at org.apache.ratis.RaftTestUtil.lambda$waitForLeader$3(RaftTestUtil.java:98)
	at org.apache.ratis.util.JavaUtils.attempt(JavaUtils.java:152)
	at org.apache.ratis.RaftTestUtil.waitForLeader(RaftTestUtil.java:97)
	at org.apache.ratis.RaftTestUtil.waitForLeader(RaftTestUtil.java:77)
	at org.apache.ratis.RaftTestUtil.waitForLeader(RaftTestUtil.java:72)
	at org.apache.ratis.RaftTestUtil.lambda$changeLeader$7(RaftTestUtil.java:363)
	at org.apache.ratis.util.JavaUtils.attempt(JavaUtils.java:152)
	at org.apache.ratis.RaftTestUtil.changeLeader(RaftTestUtil.java:362)
	at org.apache.ratis.server.impl.LeaderElectionTests.testChangeLeader(LeaderElectionTests.java:81)
	at sun.reflect.NativeMethodAccessorImpl.invoke0(Native Method)
	at sun.reflect.NativeMethodAccessorImpl.invoke(NativeMethodAccessorImpl.java:62)
	at sun.reflect.DelegatingMethodAccessorImpl.invoke(DelegatingMethodAccessorImpl.java:43)
	at java.lang.reflect.Method.invoke(Method.java:498)
	at org.junit.runners.model.FrameworkMethod$1.runReflectiveCall(FrameworkMethod.java:50)
	at org.junit.internal.runners.model.ReflectiveCallable.run(ReflectiveCallable.java:12)
	at org.junit.runners.model.FrameworkMethod.invokeExplosively(FrameworkMethod.java:47)
	at org.junit.internal.runners.statements.InvokeMethod.evaluate(InvokeMethod.java:17)
	at org.junit.internal.runners.statements.RunAfters.evaluate(RunAfters.java:27)
	at org.junit.internal.runners.statements.FailOnTimeout$CallableStatement.call(FailOnTimeout.java:298)
	at org.junit.internal.runners.statements.FailOnTimeout$CallableStatement.call(FailOnTimeout.java:292)
	at java.util.concurrent.FutureTask.run(FutureTask.java:266)
	at java.lang.Thread.run(Thread.java:748)
2019-09-26 09:49:30,221 INFO  impl.LeaderElection (LeaderElection.java:logAndReturn(56)) - s2@group-5BD3E7F27A57-LeaderElection84: Election TIMEOUT; received 1 response(s) [s2<-s0#0:FAIL-t167] and 0 exception(s); s2@group-5BD3E7F27A57:t167, leader=null, voted=s2, raftlog=s2@group-5BD3E7F27A57-SegmentedRaftLog:OPENED:c1,f3,i3, conf=3: [s0:0.0.0.0:41468, s1:0.0.0.0:41619, s2:0.0.0.0:44382], old=null
2019-09-26 09:49:30,234 INFO  impl.LeaderElection (LeaderElection.java:askForVotes(178)) - s2@group-5BD3E7F27A57-LeaderElection84: begin an election at term 168 for 3: [s0:0.0.0.0:41468, s1:0.0.0.0:41619, s2:0.0.0.0:44382], old=null
2019-09-26 09:49:30,235 DEBUG impl.RaftServerImpl (RaftServerImpl.java:requestVote(743)) - s0@group-5BD3E7F27A57: receive requestVote(s2, group-5BD3E7F27A57, 168, (t:4, i:3))
2019-09-26 09:49:30,235 INFO  impl.RaftServerImpl (RaftServerImpl.java:setRole(170)) - s0@group-5BD3E7F27A57: changes role from  FOLLOWER to FOLLOWER at term 168 for recognizeCandidate:s2
2019-09-26 09:49:30,235 INFO  impl.RoleInfo (RoleInfo.java:shutdownFollowerState(121)) - s0: shutdown FollowerState
2019-09-26 09:49:30,235 INFO  impl.RoleInfo (RoleInfo.java:updateAndGet(143)) - s0: start FollowerState
2019-09-26 09:49:30,236 INFO  impl.FollowerState (FollowerState.java:run(117)) - s0@group-5BD3E7F27A57-FollowerState was interrupted: java.lang.InterruptedException: sleep interrupted
2019-09-26 09:49:30,248 DEBUG impl.RaftServerImpl (RaftServerImpl.java:requestVote(775)) - s0@group-5BD3E7F27A57 replies to vote request: s2<-s0#0:FAIL-t168. Peer's state: s0@group-5BD3E7F27A57:t168, leader=null, voted=null, raftlog=s0@group-5BD3E7F27A57-SegmentedRaftLog:OPENED:c3,f4,i4, conf=3: [s0:0.0.0.0:41468, s1:0.0.0.0:41619, s2:0.0.0.0:44382], old=null
2019-09-26 09:49:30,341 INFO  impl.LeaderElection (LeaderElection.java:logAndReturn(56)) - s1@group-5BD3E7F27A57-LeaderElection81: Election TIMEOUT; received 1 response(s) [s1<-s0#0:FAIL-t167] and 0 exception(s); s1@group-5BD3E7F27A57:t167, leader=null, voted=s1, raftlog=s1@group-5BD3E7F27A57-SegmentedRaftLog:OPENED:c2,f3,i3, conf=2: [s0:0.0.0.0:41468, s1:0.0.0.0:41619, s2:0.0.0.0:44382], old=null
2019-09-26 09:49:30,354 INFO  impl.LeaderElection (LeaderElection.java:askForVotes(178)) - s1@group-5BD3E7F27A57-LeaderElection81: begin an election at term 168 for 2: [s0:0.0.0.0:41468, s1:0.0.0.0:41619, s2:0.0.0.0:44382], old=null
2019-09-26 09:49:30,355 DEBUG impl.RaftServerImpl (RaftServerImpl.java:requestVote(743)) - s0@group-5BD3E7F27A57: receive requestVote(s1, group-5BD3E7F27A57, 168, (t:3, i:3))
2019-09-26 09:49:30,355 INFO  impl.RaftServerImpl (RaftServerImpl.java:setRole(170)) - s0@group-5BD3E7F27A57: changes role from  FOLLOWER to FOLLOWER at term 168 for recognizeCandidate:s1
2019-09-26 09:49:30,355 INFO  impl.RoleInfo (RoleInfo.java:shutdownFollowerState(121)) - s0: shutdown FollowerState
2019-09-26 09:49:30,355 INFO  impl.RoleInfo (RoleInfo.java:updateAndGet(143)) - s0: start FollowerState
2019-09-26 09:49:30,356 INFO  impl.FollowerState (FollowerState.java:run(117)) - s0@group-5BD3E7F27A57-FollowerState was interrupted: java.lang.InterruptedException: sleep interrupted
2019-09-26 09:49:30,356 DEBUG impl.RaftServerImpl (RaftServerImpl.java:requestVote(775)) - s0@group-5BD3E7F27A57 replies to vote request: s1<-s0#0:FAIL-t168. Peer's state: s0@group-5BD3E7F27A57:t168, leader=null, voted=null, raftlog=s0@group-5BD3E7F27A57-SegmentedRaftLog:OPENED:c3,f4,i4, conf=3: [s0:0.0.0.0:41468, s1:0.0.0.0:41619, s2:0.0.0.0:44382], old=null
2019-09-26 09:49:30,396 INFO  impl.LeaderElection (LeaderElection.java:logAndReturn(56)) - s2@group-5BD3E7F27A57-LeaderElection84: Election TIMEOUT; received 1 response(s) [s2<-s0#0:FAIL-t168] and 0 exception(s); s2@group-5BD3E7F27A57:t168, leader=null, voted=s2, raftlog=s2@group-5BD3E7F27A57-SegmentedRaftLog:OPENED:c1,f3,i3, conf=3: [s0:0.0.0.0:41468, s1:0.0.0.0:41619, s2:0.0.0.0:44382], old=null
2019-09-26 09:49:30,409 INFO  impl.LeaderElection (LeaderElection.java:askForVotes(178)) - s2@group-5BD3E7F27A57-LeaderElection84: begin an election at term 169 for 3: [s0:0.0.0.0:41468, s1:0.0.0.0:41619, s2:0.0.0.0:44382], old=null
2019-09-26 09:49:30,410 DEBUG impl.RaftServerImpl (RaftServerImpl.java:requestVote(743)) - s0@group-5BD3E7F27A57: receive requestVote(s2, group-5BD3E7F27A57, 169, (t:4, i:3))
2019-09-26 09:49:30,410 INFO  impl.RaftServerImpl (RaftServerImpl.java:setRole(170)) - s0@group-5BD3E7F27A57: changes role from  FOLLOWER to FOLLOWER at term 169 for recognizeCandidate:s2
2019-09-26 09:49:30,410 INFO  impl.RoleInfo (RoleInfo.java:shutdownFollowerState(121)) - s0: shutdown FollowerState
2019-09-26 09:49:30,410 INFO  impl.RoleInfo (RoleInfo.java:updateAndGet(143)) - s0: start FollowerState
2019-09-26 09:49:30,410 INFO  impl.FollowerState (FollowerState.java:run(117)) - s0@group-5BD3E7F27A57-FollowerState was interrupted: java.lang.InterruptedException: sleep interrupted
2019-09-26 09:49:30,424 DEBUG impl.RaftServerImpl (RaftServerImpl.java:requestVote(775)) - s0@group-5BD3E7F27A57 replies to vote request: s2<-s0#0:FAIL-t169. Peer's state: s0@group-5BD3E7F27A57:t169, leader=null, voted=null, raftlog=s0@group-5BD3E7F27A57-SegmentedRaftLog:OPENED:c3,f4,i4, conf=3: [s0:0.0.0.0:41468, s1:0.0.0.0:41619, s2:0.0.0.0:44382], old=null
2019-09-26 09:49:30,529 WARN  ratis.RaftTestUtil (JavaUtils.java:attempt(158)) - FAILED "waitForLeader-null-(expectLeader? true)", attempt #83/100: java.lang.IllegalStateException: No leader yet : printing ALL groups
  s0:  RUNNING  FOLLOWER s0@group-5BD3E7F27A57:t169, leader=null, voted=null, raftlog=s0@group-5BD3E7F27A57-SegmentedRaftLog:OPENED:c3,f4,i4, conf=3: [s0:0.0.0.0:41468, s1:0.0.0.0:41619, s2:0.0.0.0:44382], old=null RUNNING
  s1:  RUNNING CANDIDATE s1@group-5BD3E7F27A57:t168, leader=null, voted=s1, raftlog=s1@group-5BD3E7F27A57-SegmentedRaftLog:OPENED:c2,f3,i3, conf=2: [s0:0.0.0.0:41468, s1:0.0.0.0:41619, s2:0.0.0.0:44382], old=null RUNNING
  s2:  RUNNING CANDIDATE s2@group-5BD3E7F27A57:t169, leader=null, voted=s2, raftlog=s2@group-5BD3E7F27A57-SegmentedRaftLog:OPENED:c1,f3,i3, conf=3: [s0:0.0.0.0:41468, s1:0.0.0.0:41619, s2:0.0.0.0:44382], old=null RUNNING, sleep 450ms and then retry.
java.lang.IllegalStateException: No leader yet : printing ALL groups
  s0:  RUNNING  FOLLOWER s0@group-5BD3E7F27A57:t169, leader=null, voted=null, raftlog=s0@group-5BD3E7F27A57-SegmentedRaftLog:OPENED:c3,f4,i4, conf=3: [s0:0.0.0.0:41468, s1:0.0.0.0:41619, s2:0.0.0.0:44382], old=null RUNNING
  s1:  RUNNING CANDIDATE s1@group-5BD3E7F27A57:t168, leader=null, voted=s1, raftlog=s1@group-5BD3E7F27A57-SegmentedRaftLog:OPENED:c2,f3,i3, conf=2: [s0:0.0.0.0:41468, s1:0.0.0.0:41619, s2:0.0.0.0:44382], old=null RUNNING
  s2:  RUNNING CANDIDATE s2@group-5BD3E7F27A57:t169, leader=null, voted=s2, raftlog=s2@group-5BD3E7F27A57-SegmentedRaftLog:OPENED:c1,f3,i3, conf=3: [s0:0.0.0.0:41468, s1:0.0.0.0:41619, s2:0.0.0.0:44382], old=null RUNNING
	at org.apache.ratis.MiniRaftCluster.newIllegalStateExceptionForNoLeaders(MiniRaftCluster.java:506)
	at org.apache.ratis.RaftTestUtil.lambda$waitForLeader$1(RaftTestUtil.java:90)
	at org.apache.ratis.MiniRaftCluster.getLeader(MiniRaftCluster.java:539)
	at org.apache.ratis.MiniRaftCluster.getLeader(MiniRaftCluster.java:532)
	at org.apache.ratis.RaftTestUtil.lambda$waitForLeader$3(RaftTestUtil.java:98)
	at org.apache.ratis.util.JavaUtils.attempt(JavaUtils.java:152)
	at org.apache.ratis.RaftTestUtil.waitForLeader(RaftTestUtil.java:97)
	at org.apache.ratis.RaftTestUtil.waitForLeader(RaftTestUtil.java:77)
	at org.apache.ratis.RaftTestUtil.waitForLeader(RaftTestUtil.java:72)
	at org.apache.ratis.RaftTestUtil.lambda$changeLeader$7(RaftTestUtil.java:363)
	at org.apache.ratis.util.JavaUtils.attempt(JavaUtils.java:152)
	at org.apache.ratis.RaftTestUtil.changeLeader(RaftTestUtil.java:362)
	at org.apache.ratis.server.impl.LeaderElectionTests.testChangeLeader(LeaderElectionTests.java:81)
	at sun.reflect.NativeMethodAccessorImpl.invoke0(Native Method)
	at sun.reflect.NativeMethodAccessorImpl.invoke(NativeMethodAccessorImpl.java:62)
	at sun.reflect.DelegatingMethodAccessorImpl.invoke(DelegatingMethodAccessorImpl.java:43)
	at java.lang.reflect.Method.invoke(Method.java:498)
	at org.junit.runners.model.FrameworkMethod$1.runReflectiveCall(FrameworkMethod.java:50)
	at org.junit.internal.runners.model.ReflectiveCallable.run(ReflectiveCallable.java:12)
	at org.junit.runners.model.FrameworkMethod.invokeExplosively(FrameworkMethod.java:47)
	at org.junit.internal.runners.statements.InvokeMethod.evaluate(InvokeMethod.java:17)
	at org.junit.internal.runners.statements.RunAfters.evaluate(RunAfters.java:27)
	at org.junit.internal.runners.statements.FailOnTimeout$CallableStatement.call(FailOnTimeout.java:298)
	at org.junit.internal.runners.statements.FailOnTimeout$CallableStatement.call(FailOnTimeout.java:292)
	at java.util.concurrent.FutureTask.run(FutureTask.java:266)
	at java.lang.Thread.run(Thread.java:748)
2019-09-26 09:49:30,545 INFO  impl.LeaderElection (LeaderElection.java:logAndReturn(56)) - s1@group-5BD3E7F27A57-LeaderElection81: Election TIMEOUT; received 1 response(s) [s1<-s0#0:FAIL-t168] and 0 exception(s); s1@group-5BD3E7F27A57:t168, leader=null, voted=s1, raftlog=s1@group-5BD3E7F27A57-SegmentedRaftLog:OPENED:c2,f3,i3, conf=2: [s0:0.0.0.0:41468, s1:0.0.0.0:41619, s2:0.0.0.0:44382], old=null
2019-09-26 09:49:30,558 INFO  impl.LeaderElection (LeaderElection.java:askForVotes(178)) - s1@group-5BD3E7F27A57-LeaderElection81: begin an election at term 169 for 2: [s0:0.0.0.0:41468, s1:0.0.0.0:41619, s2:0.0.0.0:44382], old=null
2019-09-26 09:49:30,559 DEBUG impl.RaftServerImpl (RaftServerImpl.java:requestVote(743)) - s0@group-5BD3E7F27A57: receive requestVote(s1, group-5BD3E7F27A57, 169, (t:3, i:3))
2019-09-26 09:49:30,559 INFO  impl.RaftServerImpl (RaftServerImpl.java:setRole(170)) - s0@group-5BD3E7F27A57: changes role from  FOLLOWER to FOLLOWER at term 169 for recognizeCandidate:s1
2019-09-26 09:49:30,559 INFO  impl.RoleInfo (RoleInfo.java:shutdownFollowerState(121)) - s0: shutdown FollowerState
2019-09-26 09:49:30,559 INFO  impl.RoleInfo (RoleInfo.java:updateAndGet(143)) - s0: start FollowerState
2019-09-26 09:49:30,559 INFO  impl.FollowerState (FollowerState.java:run(117)) - s0@group-5BD3E7F27A57-FollowerState was interrupted: java.lang.InterruptedException: sleep interrupted
2019-09-26 09:49:30,559 DEBUG impl.RaftServerImpl (RaftServerImpl.java:requestVote(775)) - s0@group-5BD3E7F27A57 replies to vote request: s1<-s0#0:FAIL-t169. Peer's state: s0@group-5BD3E7F27A57:t169, leader=null, voted=null, raftlog=s0@group-5BD3E7F27A57-SegmentedRaftLog:OPENED:c3,f4,i4, conf=3: [s0:0.0.0.0:41468, s1:0.0.0.0:41619, s2:0.0.0.0:44382], old=null
2019-09-26 09:49:30,680 INFO  impl.LeaderElection (LeaderElection.java:logAndReturn(56)) - s2@group-5BD3E7F27A57-LeaderElection84: Election TIMEOUT; received 1 response(s) [s2<-s0#0:FAIL-t169] and 0 exception(s); s2@group-5BD3E7F27A57:t169, leader=null, voted=s2, raftlog=s2@group-5BD3E7F27A57-SegmentedRaftLog:OPENED:c1,f3,i3, conf=3: [s0:0.0.0.0:41468, s1:0.0.0.0:41619, s2:0.0.0.0:44382], old=null
2019-09-26 09:49:30,694 INFO  impl.LeaderElection (LeaderElection.java:askForVotes(178)) - s2@group-5BD3E7F27A57-LeaderElection84: begin an election at term 170 for 3: [s0:0.0.0.0:41468, s1:0.0.0.0:41619, s2:0.0.0.0:44382], old=null
2019-09-26 09:49:30,694 DEBUG impl.RaftServerImpl (RaftServerImpl.java:requestVote(743)) - s0@group-5BD3E7F27A57: receive requestVote(s2, group-5BD3E7F27A57, 170, (t:4, i:3))
2019-09-26 09:49:30,694 INFO  impl.RaftServerImpl (RaftServerImpl.java:setRole(170)) - s0@group-5BD3E7F27A57: changes role from  FOLLOWER to FOLLOWER at term 170 for recognizeCandidate:s2
2019-09-26 09:49:30,694 INFO  impl.RoleInfo (RoleInfo.java:shutdownFollowerState(121)) - s0: shutdown FollowerState
2019-09-26 09:49:30,695 INFO  impl.RoleInfo (RoleInfo.java:updateAndGet(143)) - s0: start FollowerState
2019-09-26 09:49:30,695 INFO  impl.FollowerState (FollowerState.java:run(117)) - s0@group-5BD3E7F27A57-FollowerState was interrupted: java.lang.InterruptedException: sleep interrupted
2019-09-26 09:49:30,708 DEBUG impl.RaftServerImpl (RaftServerImpl.java:requestVote(775)) - s0@group-5BD3E7F27A57 replies to vote request: s2<-s0#0:FAIL-t170. Peer's state: s0@group-5BD3E7F27A57:t170, leader=null, voted=null, raftlog=s0@group-5BD3E7F27A57-SegmentedRaftLog:OPENED:c3,f4,i4, conf=3: [s0:0.0.0.0:41468, s1:0.0.0.0:41619, s2:0.0.0.0:44382], old=null
2019-09-26 09:49:30,837 INFO  impl.LeaderElection (LeaderElection.java:logAndReturn(56)) - s1@group-5BD3E7F27A57-LeaderElection81: Election TIMEOUT; received 1 response(s) [s1<-s0#0:FAIL-t169] and 0 exception(s); s1@group-5BD3E7F27A57:t169, leader=null, voted=s1, raftlog=s1@group-5BD3E7F27A57-SegmentedRaftLog:OPENED:c2,f3,i3, conf=2: [s0:0.0.0.0:41468, s1:0.0.0.0:41619, s2:0.0.0.0:44382], old=null
2019-09-26 09:49:30,849 INFO  impl.LeaderElection (LeaderElection.java:askForVotes(178)) - s1@group-5BD3E7F27A57-LeaderElection81: begin an election at term 170 for 2: [s0:0.0.0.0:41468, s1:0.0.0.0:41619, s2:0.0.0.0:44382], old=null
2019-09-26 09:49:30,850 DEBUG impl.RaftServerImpl (RaftServerImpl.java:requestVote(743)) - s0@group-5BD3E7F27A57: receive requestVote(s1, group-5BD3E7F27A57, 170, (t:3, i:3))
2019-09-26 09:49:30,850 INFO  impl.RaftServerImpl (RaftServerImpl.java:setRole(170)) - s0@group-5BD3E7F27A57: changes role from  FOLLOWER to FOLLOWER at term 170 for recognizeCandidate:s1
2019-09-26 09:49:30,851 INFO  impl.RoleInfo (RoleInfo.java:shutdownFollowerState(121)) - s0: shutdown FollowerState
2019-09-26 09:49:30,851 INFO  impl.RoleInfo (RoleInfo.java:updateAndGet(143)) - s0: start FollowerState
2019-09-26 09:49:30,851 INFO  impl.FollowerState (FollowerState.java:run(117)) - s0@group-5BD3E7F27A57-FollowerState was interrupted: java.lang.InterruptedException: sleep interrupted
2019-09-26 09:49:30,851 DEBUG impl.RaftServerImpl (RaftServerImpl.java:requestVote(775)) - s0@group-5BD3E7F27A57 replies to vote request: s1<-s0#0:FAIL-t170. Peer's state: s0@group-5BD3E7F27A57:t170, leader=null, voted=null, raftlog=s0@group-5BD3E7F27A57-SegmentedRaftLog:OPENED:c3,f4,i4, conf=3: [s0:0.0.0.0:41468, s1:0.0.0.0:41619, s2:0.0.0.0:44382], old=null
2019-09-26 09:49:30,980 WARN  ratis.RaftTestUtil (JavaUtils.java:attempt(158)) - FAILED "waitForLeader-null-(expectLeader? true)", attempt #84/100: java.lang.IllegalStateException: No leader yet : printing ALL groups
  s0:  RUNNING  FOLLOWER s0@group-5BD3E7F27A57:t170, leader=null, voted=null, raftlog=s0@group-5BD3E7F27A57-SegmentedRaftLog:OPENED:c3,f4,i4, conf=3: [s0:0.0.0.0:41468, s1:0.0.0.0:41619, s2:0.0.0.0:44382], old=null RUNNING
  s1:  RUNNING CANDIDATE s1@group-5BD3E7F27A57:t170, leader=null, voted=s1, raftlog=s1@group-5BD3E7F27A57-SegmentedRaftLog:OPENED:c2,f3,i3, conf=2: [s0:0.0.0.0:41468, s1:0.0.0.0:41619, s2:0.0.0.0:44382], old=null RUNNING
  s2:  RUNNING CANDIDATE s2@group-5BD3E7F27A57:t170, leader=null, voted=s2, raftlog=s2@group-5BD3E7F27A57-SegmentedRaftLog:OPENED:c1,f3,i3, conf=3: [s0:0.0.0.0:41468, s1:0.0.0.0:41619, s2:0.0.0.0:44382], old=null RUNNING, sleep 450ms and then retry.
java.lang.IllegalStateException: No leader yet : printing ALL groups
  s0:  RUNNING  FOLLOWER s0@group-5BD3E7F27A57:t170, leader=null, voted=null, raftlog=s0@group-5BD3E7F27A57-SegmentedRaftLog:OPENED:c3,f4,i4, conf=3: [s0:0.0.0.0:41468, s1:0.0.0.0:41619, s2:0.0.0.0:44382], old=null RUNNING
  s1:  RUNNING CANDIDATE s1@group-5BD3E7F27A57:t170, leader=null, voted=s1, raftlog=s1@group-5BD3E7F27A57-SegmentedRaftLog:OPENED:c2,f3,i3, conf=2: [s0:0.0.0.0:41468, s1:0.0.0.0:41619, s2:0.0.0.0:44382], old=null RUNNING
  s2:  RUNNING CANDIDATE s2@group-5BD3E7F27A57:t170, leader=null, voted=s2, raftlog=s2@group-5BD3E7F27A57-SegmentedRaftLog:OPENED:c1,f3,i3, conf=3: [s0:0.0.0.0:41468, s1:0.0.0.0:41619, s2:0.0.0.0:44382], old=null RUNNING
	at org.apache.ratis.MiniRaftCluster.newIllegalStateExceptionForNoLeaders(MiniRaftCluster.java:506)
	at org.apache.ratis.RaftTestUtil.lambda$waitForLeader$1(RaftTestUtil.java:90)
	at org.apache.ratis.MiniRaftCluster.getLeader(MiniRaftCluster.java:539)
	at org.apache.ratis.MiniRaftCluster.getLeader(MiniRaftCluster.java:532)
	at org.apache.ratis.RaftTestUtil.lambda$waitForLeader$3(RaftTestUtil.java:98)
	at org.apache.ratis.util.JavaUtils.attempt(JavaUtils.java:152)
	at org.apache.ratis.RaftTestUtil.waitForLeader(RaftTestUtil.java:97)
	at org.apache.ratis.RaftTestUtil.waitForLeader(RaftTestUtil.java:77)
	at org.apache.ratis.RaftTestUtil.waitForLeader(RaftTestUtil.java:72)
	at org.apache.ratis.RaftTestUtil.lambda$changeLeader$7(RaftTestUtil.java:363)
	at org.apache.ratis.util.JavaUtils.attempt(JavaUtils.java:152)
	at org.apache.ratis.RaftTestUtil.changeLeader(RaftTestUtil.java:362)
	at org.apache.ratis.server.impl.LeaderElectionTests.testChangeLeader(LeaderElectionTests.java:81)
	at sun.reflect.NativeMethodAccessorImpl.invoke0(Native Method)
	at sun.reflect.NativeMethodAccessorImpl.invoke(NativeMethodAccessorImpl.java:62)
	at sun.reflect.DelegatingMethodAccessorImpl.invoke(DelegatingMethodAccessorImpl.java:43)
	at java.lang.reflect.Method.invoke(Method.java:498)
	at org.junit.runners.model.FrameworkMethod$1.runReflectiveCall(FrameworkMethod.java:50)
	at org.junit.internal.runners.model.ReflectiveCallable.run(ReflectiveCallable.java:12)
	at org.junit.runners.model.FrameworkMethod.invokeExplosively(FrameworkMethod.java:47)
	at org.junit.internal.runners.statements.InvokeMethod.evaluate(InvokeMethod.java:17)
	at org.junit.internal.runners.statements.RunAfters.evaluate(RunAfters.java:27)
	at org.junit.internal.runners.statements.FailOnTimeout$CallableStatement.call(FailOnTimeout.java:298)
	at org.junit.internal.runners.statements.FailOnTimeout$CallableStatement.call(FailOnTimeout.java:292)
	at java.util.concurrent.FutureTask.run(FutureTask.java:266)
	at java.lang.Thread.run(Thread.java:748)
2019-09-26 09:49:30,992 INFO  impl.LeaderElection (LeaderElection.java:logAndReturn(56)) - s2@group-5BD3E7F27A57-LeaderElection84: Election TIMEOUT; received 1 response(s) [s2<-s0#0:FAIL-t170] and 0 exception(s); s2@group-5BD3E7F27A57:t170, leader=null, voted=s2, raftlog=s2@group-5BD3E7F27A57-SegmentedRaftLog:OPENED:c1,f3,i3, conf=3: [s0:0.0.0.0:41468, s1:0.0.0.0:41619, s2:0.0.0.0:44382], old=null
2019-09-26 09:49:31,005 INFO  impl.LeaderElection (LeaderElection.java:askForVotes(178)) - s2@group-5BD3E7F27A57-LeaderElection84: begin an election at term 171 for 3: [s0:0.0.0.0:41468, s1:0.0.0.0:41619, s2:0.0.0.0:44382], old=null
2019-09-26 09:49:31,006 DEBUG impl.RaftServerImpl (RaftServerImpl.java:requestVote(743)) - s0@group-5BD3E7F27A57: receive requestVote(s2, group-5BD3E7F27A57, 171, (t:4, i:3))
2019-09-26 09:49:31,006 INFO  impl.RaftServerImpl (RaftServerImpl.java:setRole(170)) - s0@group-5BD3E7F27A57: changes role from  FOLLOWER to FOLLOWER at term 171 for recognizeCandidate:s2
2019-09-26 09:49:31,006 INFO  impl.RoleInfo (RoleInfo.java:shutdownFollowerState(121)) - s0: shutdown FollowerState
2019-09-26 09:49:31,006 INFO  impl.RoleInfo (RoleInfo.java:updateAndGet(143)) - s0: start FollowerState
2019-09-26 09:49:31,006 INFO  impl.FollowerState (FollowerState.java:run(117)) - s0@group-5BD3E7F27A57-FollowerState was interrupted: java.lang.InterruptedException: sleep interrupted
2019-09-26 09:49:31,019 DEBUG impl.RaftServerImpl (RaftServerImpl.java:requestVote(775)) - s0@group-5BD3E7F27A57 replies to vote request: s2<-s0#0:FAIL-t171. Peer's state: s0@group-5BD3E7F27A57:t171, leader=null, voted=null, raftlog=s0@group-5BD3E7F27A57-SegmentedRaftLog:OPENED:c3,f4,i4, conf=3: [s0:0.0.0.0:41468, s1:0.0.0.0:41619, s2:0.0.0.0:44382], old=null
2019-09-26 09:49:31,031 INFO  impl.LeaderElection (LeaderElection.java:logAndReturn(56)) - s1@group-5BD3E7F27A57-LeaderElection81: Election TIMEOUT; received 1 response(s) [s1<-s0#0:FAIL-t170] and 0 exception(s); s1@group-5BD3E7F27A57:t170, leader=null, voted=s1, raftlog=s1@group-5BD3E7F27A57-SegmentedRaftLog:OPENED:c2,f3,i3, conf=2: [s0:0.0.0.0:41468, s1:0.0.0.0:41619, s2:0.0.0.0:44382], old=null
2019-09-26 09:49:31,044 INFO  impl.LeaderElection (LeaderElection.java:askForVotes(178)) - s1@group-5BD3E7F27A57-LeaderElection81: begin an election at term 171 for 2: [s0:0.0.0.0:41468, s1:0.0.0.0:41619, s2:0.0.0.0:44382], old=null
2019-09-26 09:49:31,045 DEBUG impl.RaftServerImpl (RaftServerImpl.java:requestVote(743)) - s0@group-5BD3E7F27A57: receive requestVote(s1, group-5BD3E7F27A57, 171, (t:3, i:3))
2019-09-26 09:49:31,045 INFO  impl.RaftServerImpl (RaftServerImpl.java:setRole(170)) - s0@group-5BD3E7F27A57: changes role from  FOLLOWER to FOLLOWER at term 171 for recognizeCandidate:s1
2019-09-26 09:49:31,045 INFO  impl.RoleInfo (RoleInfo.java:shutdownFollowerState(121)) - s0: shutdown FollowerState
2019-09-26 09:49:31,045 INFO  impl.RoleInfo (RoleInfo.java:updateAndGet(143)) - s0: start FollowerState
2019-09-26 09:49:31,045 INFO  impl.FollowerState (FollowerState.java:run(117)) - s0@group-5BD3E7F27A57-FollowerState was interrupted: java.lang.InterruptedException: sleep interrupted
2019-09-26 09:49:31,046 DEBUG impl.RaftServerImpl (RaftServerImpl.java:requestVote(775)) - s0@group-5BD3E7F27A57 replies to vote request: s1<-s0#0:FAIL-t171. Peer's state: s0@group-5BD3E7F27A57:t171, leader=null, voted=null, raftlog=s0@group-5BD3E7F27A57-SegmentedRaftLog:OPENED:c3,f4,i4, conf=3: [s0:0.0.0.0:41468, s1:0.0.0.0:41619, s2:0.0.0.0:44382], old=null
2019-09-26 09:49:31,158 INFO  impl.LeaderElection (LeaderElection.java:logAndReturn(56)) - s2@group-5BD3E7F27A57-LeaderElection84: Election TIMEOUT; received 1 response(s) [s2<-s0#0:FAIL-t171] and 0 exception(s); s2@group-5BD3E7F27A57:t171, leader=null, voted=s2, raftlog=s2@group-5BD3E7F27A57-SegmentedRaftLog:OPENED:c1,f3,i3, conf=3: [s0:0.0.0.0:41468, s1:0.0.0.0:41619, s2:0.0.0.0:44382], old=null
2019-09-26 09:49:31,171 INFO  impl.LeaderElection (LeaderElection.java:askForVotes(178)) - s2@group-5BD3E7F27A57-LeaderElection84: begin an election at term 172 for 3: [s0:0.0.0.0:41468, s1:0.0.0.0:41619, s2:0.0.0.0:44382], old=null
2019-09-26 09:49:31,171 DEBUG impl.RaftServerImpl (RaftServerImpl.java:requestVote(743)) - s0@group-5BD3E7F27A57: receive requestVote(s2, group-5BD3E7F27A57, 172, (t:4, i:3))
2019-09-26 09:49:31,171 INFO  impl.RaftServerImpl (RaftServerImpl.java:setRole(170)) - s0@group-5BD3E7F27A57: changes role from  FOLLOWER to FOLLOWER at term 172 for recognizeCandidate:s2
2019-09-26 09:49:31,172 INFO  impl.RoleInfo (RoleInfo.java:shutdownFollowerState(121)) - s0: shutdown FollowerState
2019-09-26 09:49:31,172 INFO  impl.RoleInfo (RoleInfo.java:updateAndGet(143)) - s0: start FollowerState
2019-09-26 09:49:31,172 INFO  impl.FollowerState (FollowerState.java:run(117)) - s0@group-5BD3E7F27A57-FollowerState was interrupted: java.lang.InterruptedException: sleep interrupted
2019-09-26 09:49:31,185 DEBUG impl.RaftServerImpl (RaftServerImpl.java:requestVote(775)) - s0@group-5BD3E7F27A57 replies to vote request: s2<-s0#0:FAIL-t172. Peer's state: s0@group-5BD3E7F27A57:t172, leader=null, voted=null, raftlog=s0@group-5BD3E7F27A57-SegmentedRaftLog:OPENED:c3,f4,i4, conf=3: [s0:0.0.0.0:41468, s1:0.0.0.0:41619, s2:0.0.0.0:44382], old=null
2019-09-26 09:49:31,195 INFO  ratis.MiniRaftCluster (MiniRaftCluster.java:lambda$null$5(297)) - TIMED-PRINT: printing ALL groups
  s0:  RUNNING  FOLLOWER s0@group-5BD3E7F27A57:t172, leader=null, voted=null, raftlog=s0@group-5BD3E7F27A57-SegmentedRaftLog:OPENED:c3,f4,i4, conf=3: [s0:0.0.0.0:41468, s1:0.0.0.0:41619, s2:0.0.0.0:44382], old=null RUNNING
  s1:  RUNNING CANDIDATE s1@group-5BD3E7F27A57:t171, leader=null, voted=s1, raftlog=s1@group-5BD3E7F27A57-SegmentedRaftLog:OPENED:c2,f3,i3, conf=2: [s0:0.0.0.0:41468, s1:0.0.0.0:41619, s2:0.0.0.0:44382], old=null RUNNING
  s2:  RUNNING CANDIDATE s2@group-5BD3E7F27A57:t172, leader=null, voted=s2, raftlog=s2@group-5BD3E7F27A57-SegmentedRaftLog:OPENED:c1,f3,i3, conf=3: [s0:0.0.0.0:41468, s1:0.0.0.0:41619, s2:0.0.0.0:44382], old=null RUNNING
2019-09-26 09:49:31,231 INFO  impl.LeaderElection (LeaderElection.java:logAndReturn(56)) - s1@group-5BD3E7F27A57-LeaderElection81: Election TIMEOUT; received 1 response(s) [s1<-s0#0:FAIL-t171] and 0 exception(s); s1@group-5BD3E7F27A57:t171, leader=null, voted=s1, raftlog=s1@group-5BD3E7F27A57-SegmentedRaftLog:OPENED:c2,f3,i3, conf=2: [s0:0.0.0.0:41468, s1:0.0.0.0:41619, s2:0.0.0.0:44382], old=null
2019-09-26 09:49:31,244 INFO  impl.LeaderElection (LeaderElection.java:askForVotes(178)) - s1@group-5BD3E7F27A57-LeaderElection81: begin an election at term 172 for 2: [s0:0.0.0.0:41468, s1:0.0.0.0:41619, s2:0.0.0.0:44382], old=null
2019-09-26 09:49:31,245 DEBUG impl.RaftServerImpl (RaftServerImpl.java:requestVote(743)) - s0@group-5BD3E7F27A57: receive requestVote(s1, group-5BD3E7F27A57, 172, (t:3, i:3))
2019-09-26 09:49:31,245 INFO  impl.RaftServerImpl (RaftServerImpl.java:setRole(170)) - s0@group-5BD3E7F27A57: changes role from  FOLLOWER to FOLLOWER at term 172 for recognizeCandidate:s1
2019-09-26 09:49:31,245 INFO  impl.RoleInfo (RoleInfo.java:shutdownFollowerState(121)) - s0: shutdown FollowerState
2019-09-26 09:49:31,245 INFO  impl.RoleInfo (RoleInfo.java:updateAndGet(143)) - s0: start FollowerState
2019-09-26 09:49:31,245 INFO  impl.FollowerState (FollowerState.java:run(117)) - s0@group-5BD3E7F27A57-FollowerState was interrupted: java.lang.InterruptedException: sleep interrupted
2019-09-26 09:49:31,246 DEBUG impl.RaftServerImpl (RaftServerImpl.java:requestVote(775)) - s0@group-5BD3E7F27A57 replies to vote request: s1<-s0#0:FAIL-t172. Peer's state: s0@group-5BD3E7F27A57:t172, leader=null, voted=null, raftlog=s0@group-5BD3E7F27A57-SegmentedRaftLog:OPENED:c3,f4,i4, conf=3: [s0:0.0.0.0:41468, s1:0.0.0.0:41619, s2:0.0.0.0:44382], old=null
2019-09-26 09:49:31,415 INFO  impl.FollowerState (FollowerState.java:run(108)) - s0@group-5BD3E7F27A57-FollowerState: change to CANDIDATE, lastRpcTime:169ms, electionTimeout:169ms
2019-09-26 09:49:31,415 INFO  impl.RoleInfo (RoleInfo.java:shutdownFollowerState(121)) - s0: shutdown FollowerState
2019-09-26 09:49:31,415 INFO  impl.RaftServerImpl (RaftServerImpl.java:setRole(170)) - s0@group-5BD3E7F27A57: changes role from  FOLLOWER to CANDIDATE at term 172 for changeToCandidate
2019-09-26 09:49:31,415 INFO  impl.RoleInfo (RoleInfo.java:updateAndGet(143)) - s0: start LeaderElection
2019-09-26 09:49:31,428 INFO  impl.LeaderElection (LeaderElection.java:askForVotes(178)) - s0@group-5BD3E7F27A57-LeaderElection85: begin an election at term 173 for 3: [s0:0.0.0.0:41468, s1:0.0.0.0:41619, s2:0.0.0.0:44382], old=null
2019-09-26 09:49:31,431 WARN  ratis.RaftTestUtil (JavaUtils.java:attempt(158)) - FAILED "waitForLeader-null-(expectLeader? true)", attempt #85/100: java.lang.IllegalStateException: No leader yet : printing ALL groups
  s0:  RUNNING CANDIDATE s0@group-5BD3E7F27A57:t173, leader=null, voted=s0, raftlog=s0@group-5BD3E7F27A57-SegmentedRaftLog:OPENED:c3,f4,i4, conf=3: [s0:0.0.0.0:41468, s1:0.0.0.0:41619, s2:0.0.0.0:44382], old=null RUNNING
  s1:  RUNNING CANDIDATE s1@group-5BD3E7F27A57:t172, leader=null, voted=s1, raftlog=s1@group-5BD3E7F27A57-SegmentedRaftLog:OPENED:c2,f3,i3, conf=2: [s0:0.0.0.0:41468, s1:0.0.0.0:41619, s2:0.0.0.0:44382], old=null RUNNING
  s2:  RUNNING CANDIDATE s2@group-5BD3E7F27A57:t172, leader=null, voted=s2, raftlog=s2@group-5BD3E7F27A57-SegmentedRaftLog:OPENED:c1,f3,i3, conf=3: [s0:0.0.0.0:41468, s1:0.0.0.0:41619, s2:0.0.0.0:44382], old=null RUNNING, sleep 450ms and then retry.
java.lang.IllegalStateException: No leader yet : printing ALL groups
  s0:  RUNNING CANDIDATE s0@group-5BD3E7F27A57:t173, leader=null, voted=s0, raftlog=s0@group-5BD3E7F27A57-SegmentedRaftLog:OPENED:c3,f4,i4, conf=3: [s0:0.0.0.0:41468, s1:0.0.0.0:41619, s2:0.0.0.0:44382], old=null RUNNING
  s1:  RUNNING CANDIDATE s1@group-5BD3E7F27A57:t172, leader=null, voted=s1, raftlog=s1@group-5BD3E7F27A57-SegmentedRaftLog:OPENED:c2,f3,i3, conf=2: [s0:0.0.0.0:41468, s1:0.0.0.0:41619, s2:0.0.0.0:44382], old=null RUNNING
  s2:  RUNNING CANDIDATE s2@group-5BD3E7F27A57:t172, leader=null, voted=s2, raftlog=s2@group-5BD3E7F27A57-SegmentedRaftLog:OPENED:c1,f3,i3, conf=3: [s0:0.0.0.0:41468, s1:0.0.0.0:41619, s2:0.0.0.0:44382], old=null RUNNING
	at org.apache.ratis.MiniRaftCluster.newIllegalStateExceptionForNoLeaders(MiniRaftCluster.java:506)
	at org.apache.ratis.RaftTestUtil.lambda$waitForLeader$1(RaftTestUtil.java:90)
	at org.apache.ratis.MiniRaftCluster.getLeader(MiniRaftCluster.java:539)
	at org.apache.ratis.MiniRaftCluster.getLeader(MiniRaftCluster.java:532)
	at org.apache.ratis.RaftTestUtil.lambda$waitForLeader$3(RaftTestUtil.java:98)
	at org.apache.ratis.util.JavaUtils.attempt(JavaUtils.java:152)
	at org.apache.ratis.RaftTestUtil.waitForLeader(RaftTestUtil.java:97)
	at org.apache.ratis.RaftTestUtil.waitForLeader(RaftTestUtil.java:77)
	at org.apache.ratis.RaftTestUtil.waitForLeader(RaftTestUtil.java:72)
	at org.apache.ratis.RaftTestUtil.lambda$changeLeader$7(RaftTestUtil.java:363)
	at org.apache.ratis.util.JavaUtils.attempt(JavaUtils.java:152)
	at org.apache.ratis.RaftTestUtil.changeLeader(RaftTestUtil.java:362)
	at org.apache.ratis.server.impl.LeaderElectionTests.testChangeLeader(LeaderElectionTests.java:81)
	at sun.reflect.NativeMethodAccessorImpl.invoke0(Native Method)
	at sun.reflect.NativeMethodAccessorImpl.invoke(NativeMethodAccessorImpl.java:62)
	at sun.reflect.DelegatingMethodAccessorImpl.invoke(DelegatingMethodAccessorImpl.java:43)
	at java.lang.reflect.Method.invoke(Method.java:498)
	at org.junit.runners.model.FrameworkMethod$1.runReflectiveCall(FrameworkMethod.java:50)
	at org.junit.internal.runners.model.ReflectiveCallable.run(ReflectiveCallable.java:12)
	at org.junit.runners.model.FrameworkMethod.invokeExplosively(FrameworkMethod.java:47)
	at org.junit.internal.runners.statements.InvokeMethod.evaluate(InvokeMethod.java:17)
	at org.junit.internal.runners.statements.RunAfters.evaluate(RunAfters.java:27)
	at org.junit.internal.runners.statements.FailOnTimeout$CallableStatement.call(FailOnTimeout.java:298)
	at org.junit.internal.runners.statements.FailOnTimeout$CallableStatement.call(FailOnTimeout.java:292)
	at java.util.concurrent.FutureTask.run(FutureTask.java:266)
	at java.lang.Thread.run(Thread.java:748)
2019-09-26 09:49:31,432 INFO  impl.LeaderElection (LeaderElection.java:logAndReturn(56)) - s2@group-5BD3E7F27A57-LeaderElection84: Election TIMEOUT; received 1 response(s) [s2<-s0#0:FAIL-t172] and 0 exception(s); s2@group-5BD3E7F27A57:t172, leader=null, voted=s2, raftlog=s2@group-5BD3E7F27A57-SegmentedRaftLog:OPENED:c1,f3,i3, conf=3: [s0:0.0.0.0:41468, s1:0.0.0.0:41619, s2:0.0.0.0:44382], old=null
2019-09-26 09:49:31,446 INFO  impl.LeaderElection (LeaderElection.java:askForVotes(178)) - s2@group-5BD3E7F27A57-LeaderElection84: begin an election at term 173 for 3: [s0:0.0.0.0:41468, s1:0.0.0.0:41619, s2:0.0.0.0:44382], old=null
2019-09-26 09:49:31,446 DEBUG impl.RaftServerImpl (RaftServerImpl.java:requestVote(743)) - s0@group-5BD3E7F27A57: receive requestVote(s2, group-5BD3E7F27A57, 173, (t:4, i:3))
2019-09-26 09:49:31,446 DEBUG impl.RaftServerImpl (RaftServerImpl.java:requestVote(775)) - s0@group-5BD3E7F27A57 replies to vote request: s2<-s0#0:FAIL-t173. Peer's state: s0@group-5BD3E7F27A57:t173, leader=null, voted=s0, raftlog=s0@group-5BD3E7F27A57-SegmentedRaftLog:OPENED:c3,f4,i4, conf=3: [s0:0.0.0.0:41468, s1:0.0.0.0:41619, s2:0.0.0.0:44382], old=null
2019-09-26 09:49:31,452 INFO  impl.LeaderElection (LeaderElection.java:logAndReturn(56)) - s1@group-5BD3E7F27A57-LeaderElection81: Election TIMEOUT; received 1 response(s) [s1<-s0#0:FAIL-t172] and 0 exception(s); s1@group-5BD3E7F27A57:t172, leader=null, voted=s1, raftlog=s1@group-5BD3E7F27A57-SegmentedRaftLog:OPENED:c2,f3,i3, conf=2: [s0:0.0.0.0:41468, s1:0.0.0.0:41619, s2:0.0.0.0:44382], old=null
2019-09-26 09:49:31,464 INFO  impl.LeaderElection (LeaderElection.java:askForVotes(178)) - s1@group-5BD3E7F27A57-LeaderElection81: begin an election at term 173 for 2: [s0:0.0.0.0:41468, s1:0.0.0.0:41619, s2:0.0.0.0:44382], old=null
2019-09-26 09:49:31,465 DEBUG impl.RaftServerImpl (RaftServerImpl.java:requestVote(743)) - s0@group-5BD3E7F27A57: receive requestVote(s1, group-5BD3E7F27A57, 173, (t:3, i:3))
2019-09-26 09:49:31,465 DEBUG impl.RaftServerImpl (RaftServerImpl.java:requestVote(775)) - s0@group-5BD3E7F27A57 replies to vote request: s1<-s0#0:FAIL-t173. Peer's state: s0@group-5BD3E7F27A57:t173, leader=null, voted=s0, raftlog=s0@group-5BD3E7F27A57-SegmentedRaftLog:OPENED:c3,f4,i4, conf=3: [s0:0.0.0.0:41468, s1:0.0.0.0:41619, s2:0.0.0.0:44382], old=null
2019-09-26 09:49:31,657 INFO  impl.LeaderElection (LeaderElection.java:logAndReturn(56)) - s0@group-5BD3E7F27A57-LeaderElection85: Election TIMEOUT; received 0 response(s) [] and 0 exception(s); s0@group-5BD3E7F27A57:t173, leader=null, voted=s0, raftlog=s0@group-5BD3E7F27A57-SegmentedRaftLog:OPENED:c3,f4,i4, conf=3: [s0:0.0.0.0:41468, s1:0.0.0.0:41619, s2:0.0.0.0:44382], old=null
2019-09-26 09:49:31,670 INFO  impl.LeaderElection (LeaderElection.java:askForVotes(178)) - s0@group-5BD3E7F27A57-LeaderElection85: begin an election at term 174 for 3: [s0:0.0.0.0:41468, s1:0.0.0.0:41619, s2:0.0.0.0:44382], old=null
2019-09-26 09:49:31,672 INFO  impl.LeaderElection (LeaderElection.java:logAndReturn(56)) - s2@group-5BD3E7F27A57-LeaderElection84: Election TIMEOUT; received 1 response(s) [s2<-s0#0:FAIL-t173] and 0 exception(s); s2@group-5BD3E7F27A57:t173, leader=null, voted=s2, raftlog=s2@group-5BD3E7F27A57-SegmentedRaftLog:OPENED:c1,f3,i3, conf=3: [s0:0.0.0.0:41468, s1:0.0.0.0:41619, s2:0.0.0.0:44382], old=null
2019-09-26 09:49:31,707 INFO  impl.LeaderElection (LeaderElection.java:askForVotes(178)) - s2@group-5BD3E7F27A57-LeaderElection84: begin an election at term 174 for 3: [s0:0.0.0.0:41468, s1:0.0.0.0:41619, s2:0.0.0.0:44382], old=null
2019-09-26 09:49:31,708 DEBUG impl.RaftServerImpl (RaftServerImpl.java:requestVote(743)) - s0@group-5BD3E7F27A57: receive requestVote(s2, group-5BD3E7F27A57, 174, (t:4, i:3))
2019-09-26 09:49:31,708 DEBUG impl.RaftServerImpl (RaftServerImpl.java:requestVote(775)) - s0@group-5BD3E7F27A57 replies to vote request: s2<-s0#0:FAIL-t174. Peer's state: s0@group-5BD3E7F27A57:t174, leader=null, voted=s0, raftlog=s0@group-5BD3E7F27A57-SegmentedRaftLog:OPENED:c3,f4,i4, conf=3: [s0:0.0.0.0:41468, s1:0.0.0.0:41619, s2:0.0.0.0:44382], old=null
2019-09-26 09:49:31,730 INFO  impl.LeaderElection (LeaderElection.java:logAndReturn(56)) - s1@group-5BD3E7F27A57-LeaderElection81: Election TIMEOUT; received 1 response(s) [s1<-s0#0:FAIL-t173] and 0 exception(s); s1@group-5BD3E7F27A57:t173, leader=null, voted=s1, raftlog=s1@group-5BD3E7F27A57-SegmentedRaftLog:OPENED:c2,f3,i3, conf=2: [s0:0.0.0.0:41468, s1:0.0.0.0:41619, s2:0.0.0.0:44382], old=null
2019-09-26 09:49:31,743 INFO  impl.LeaderElection (LeaderElection.java:askForVotes(178)) - s1@group-5BD3E7F27A57-LeaderElection81: begin an election at term 174 for 2: [s0:0.0.0.0:41468, s1:0.0.0.0:41619, s2:0.0.0.0:44382], old=null
2019-09-26 09:49:31,743 DEBUG impl.RaftServerImpl (RaftServerImpl.java:requestVote(743)) - s0@group-5BD3E7F27A57: receive requestVote(s1, group-5BD3E7F27A57, 174, (t:3, i:3))
2019-09-26 09:49:31,744 DEBUG impl.RaftServerImpl (RaftServerImpl.java:requestVote(775)) - s0@group-5BD3E7F27A57 replies to vote request: s1<-s0#0:FAIL-t174. Peer's state: s0@group-5BD3E7F27A57:t174, leader=null, voted=s0, raftlog=s0@group-5BD3E7F27A57-SegmentedRaftLog:OPENED:c3,f4,i4, conf=3: [s0:0.0.0.0:41468, s1:0.0.0.0:41619, s2:0.0.0.0:44382], old=null
2019-09-26 09:49:31,882 WARN  ratis.RaftTestUtil (JavaUtils.java:attempt(158)) - FAILED "waitForLeader-null-(expectLeader? true)", attempt #86/100: java.lang.IllegalStateException: No leader yet : printing ALL groups
  s0:  RUNNING CANDIDATE s0@group-5BD3E7F27A57:t174, leader=null, voted=s0, raftlog=s0@group-5BD3E7F27A57-SegmentedRaftLog:OPENED:c3,f4,i4, conf=3: [s0:0.0.0.0:41468, s1:0.0.0.0:41619, s2:0.0.0.0:44382], old=null RUNNING
  s1:  RUNNING CANDIDATE s1@group-5BD3E7F27A57:t174, leader=null, voted=s1, raftlog=s1@group-5BD3E7F27A57-SegmentedRaftLog:OPENED:c2,f3,i3, conf=2: [s0:0.0.0.0:41468, s1:0.0.0.0:41619, s2:0.0.0.0:44382], old=null RUNNING
  s2:  RUNNING CANDIDATE s2@group-5BD3E7F27A57:t174, leader=null, voted=s2, raftlog=s2@group-5BD3E7F27A57-SegmentedRaftLog:OPENED:c1,f3,i3, conf=3: [s0:0.0.0.0:41468, s1:0.0.0.0:41619, s2:0.0.0.0:44382], old=null RUNNING, sleep 450ms and then retry.
java.lang.IllegalStateException: No leader yet : printing ALL groups
  s0:  RUNNING CANDIDATE s0@group-5BD3E7F27A57:t174, leader=null, voted=s0, raftlog=s0@group-5BD3E7F27A57-SegmentedRaftLog:OPENED:c3,f4,i4, conf=3: [s0:0.0.0.0:41468, s1:0.0.0.0:41619, s2:0.0.0.0:44382], old=null RUNNING
  s1:  RUNNING CANDIDATE s1@group-5BD3E7F27A57:t174, leader=null, voted=s1, raftlog=s1@group-5BD3E7F27A57-SegmentedRaftLog:OPENED:c2,f3,i3, conf=2: [s0:0.0.0.0:41468, s1:0.0.0.0:41619, s2:0.0.0.0:44382], old=null RUNNING
  s2:  RUNNING CANDIDATE s2@group-5BD3E7F27A57:t174, leader=null, voted=s2, raftlog=s2@group-5BD3E7F27A57-SegmentedRaftLog:OPENED:c1,f3,i3, conf=3: [s0:0.0.0.0:41468, s1:0.0.0.0:41619, s2:0.0.0.0:44382], old=null RUNNING
	at org.apache.ratis.MiniRaftCluster.newIllegalStateExceptionForNoLeaders(MiniRaftCluster.java:506)
	at org.apache.ratis.RaftTestUtil.lambda$waitForLeader$1(RaftTestUtil.java:90)
	at org.apache.ratis.MiniRaftCluster.getLeader(MiniRaftCluster.java:539)
	at org.apache.ratis.MiniRaftCluster.getLeader(MiniRaftCluster.java:532)
	at org.apache.ratis.RaftTestUtil.lambda$waitForLeader$3(RaftTestUtil.java:98)
	at org.apache.ratis.util.JavaUtils.attempt(JavaUtils.java:152)
	at org.apache.ratis.RaftTestUtil.waitForLeader(RaftTestUtil.java:97)
	at org.apache.ratis.RaftTestUtil.waitForLeader(RaftTestUtil.java:77)
	at org.apache.ratis.RaftTestUtil.waitForLeader(RaftTestUtil.java:72)
	at org.apache.ratis.RaftTestUtil.lambda$changeLeader$7(RaftTestUtil.java:363)
	at org.apache.ratis.util.JavaUtils.attempt(JavaUtils.java:152)
	at org.apache.ratis.RaftTestUtil.changeLeader(RaftTestUtil.java:362)
	at org.apache.ratis.server.impl.LeaderElectionTests.testChangeLeader(LeaderElectionTests.java:81)
	at sun.reflect.NativeMethodAccessorImpl.invoke0(Native Method)
	at sun.reflect.NativeMethodAccessorImpl.invoke(NativeMethodAccessorImpl.java:62)
	at sun.reflect.DelegatingMethodAccessorImpl.invoke(DelegatingMethodAccessorImpl.java:43)
	at java.lang.reflect.Method.invoke(Method.java:498)
	at org.junit.runners.model.FrameworkMethod$1.runReflectiveCall(FrameworkMethod.java:50)
	at org.junit.internal.runners.model.ReflectiveCallable.run(ReflectiveCallable.java:12)
	at org.junit.runners.model.FrameworkMethod.invokeExplosively(FrameworkMethod.java:47)
	at org.junit.internal.runners.statements.InvokeMethod.evaluate(InvokeMethod.java:17)
	at org.junit.internal.runners.statements.RunAfters.evaluate(RunAfters.java:27)
	at org.junit.internal.runners.statements.FailOnTimeout$CallableStatement.call(FailOnTimeout.java:298)
	at org.junit.internal.runners.statements.FailOnTimeout$CallableStatement.call(FailOnTimeout.java:292)
	at java.util.concurrent.FutureTask.run(FutureTask.java:266)
	at java.lang.Thread.run(Thread.java:748)
2019-09-26 09:49:31,926 INFO  impl.LeaderElection (LeaderElection.java:logAndReturn(56)) - s0@group-5BD3E7F27A57-LeaderElection85: Election TIMEOUT; received 0 response(s) [] and 0 exception(s); s0@group-5BD3E7F27A57:t174, leader=null, voted=s0, raftlog=s0@group-5BD3E7F27A57-SegmentedRaftLog:OPENED:c3,f4,i4, conf=3: [s0:0.0.0.0:41468, s1:0.0.0.0:41619, s2:0.0.0.0:44382], old=null
2019-09-26 09:49:31,939 INFO  impl.LeaderElection (LeaderElection.java:askForVotes(178)) - s0@group-5BD3E7F27A57-LeaderElection85: begin an election at term 175 for 3: [s0:0.0.0.0:41468, s1:0.0.0.0:41619, s2:0.0.0.0:44382], old=null
2019-09-26 09:49:31,965 INFO  impl.LeaderElection (LeaderElection.java:logAndReturn(56)) - s1@group-5BD3E7F27A57-LeaderElection81: Election TIMEOUT; received 1 response(s) [s1<-s0#0:FAIL-t174] and 0 exception(s); s1@group-5BD3E7F27A57:t174, leader=null, voted=s1, raftlog=s1@group-5BD3E7F27A57-SegmentedRaftLog:OPENED:c2,f3,i3, conf=2: [s0:0.0.0.0:41468, s1:0.0.0.0:41619, s2:0.0.0.0:44382], old=null
2019-09-26 09:49:31,973 INFO  impl.LeaderElection (LeaderElection.java:logAndReturn(56)) - s2@group-5BD3E7F27A57-LeaderElection84: Election TIMEOUT; received 1 response(s) [s2<-s0#0:FAIL-t174] and 0 exception(s); s2@group-5BD3E7F27A57:t174, leader=null, voted=s2, raftlog=s2@group-5BD3E7F27A57-SegmentedRaftLog:OPENED:c1,f3,i3, conf=3: [s0:0.0.0.0:41468, s1:0.0.0.0:41619, s2:0.0.0.0:44382], old=null
2019-09-26 09:49:31,978 INFO  impl.LeaderElection (LeaderElection.java:askForVotes(178)) - s2@group-5BD3E7F27A57-LeaderElection84: begin an election at term 175 for 3: [s0:0.0.0.0:41468, s1:0.0.0.0:41619, s2:0.0.0.0:44382], old=null
2019-09-26 09:49:31,978 INFO  impl.LeaderElection (LeaderElection.java:askForVotes(178)) - s1@group-5BD3E7F27A57-LeaderElection81: begin an election at term 175 for 2: [s0:0.0.0.0:41468, s1:0.0.0.0:41619, s2:0.0.0.0:44382], old=null
2019-09-26 09:49:31,979 DEBUG impl.RaftServerImpl (RaftServerImpl.java:requestVote(743)) - s0@group-5BD3E7F27A57: receive requestVote(s2, group-5BD3E7F27A57, 175, (t:4, i:3))
2019-09-26 09:49:31,979 DEBUG impl.RaftServerImpl (RaftServerImpl.java:requestVote(775)) - s0@group-5BD3E7F27A57 replies to vote request: s2<-s0#0:FAIL-t175. Peer's state: s0@group-5BD3E7F27A57:t175, leader=null, voted=s0, raftlog=s0@group-5BD3E7F27A57-SegmentedRaftLog:OPENED:c3,f4,i4, conf=3: [s0:0.0.0.0:41468, s1:0.0.0.0:41619, s2:0.0.0.0:44382], old=null
2019-09-26 09:49:31,979 DEBUG impl.RaftServerImpl (RaftServerImpl.java:requestVote(743)) - s0@group-5BD3E7F27A57: receive requestVote(s1, group-5BD3E7F27A57, 175, (t:3, i:3))
2019-09-26 09:49:31,979 DEBUG impl.RaftServerImpl (RaftServerImpl.java:requestVote(775)) - s0@group-5BD3E7F27A57 replies to vote request: s1<-s0#0:FAIL-t175. Peer's state: s0@group-5BD3E7F27A57:t175, leader=null, voted=s0, raftlog=s0@group-5BD3E7F27A57-SegmentedRaftLog:OPENED:c3,f4,i4, conf=3: [s0:0.0.0.0:41468, s1:0.0.0.0:41619, s2:0.0.0.0:44382], old=null
2019-09-26 09:49:32,106 INFO  impl.LeaderElection (LeaderElection.java:logAndReturn(56)) - s0@group-5BD3E7F27A57-LeaderElection85: Election TIMEOUT; received 0 response(s) [] and 0 exception(s); s0@group-5BD3E7F27A57:t175, leader=null, voted=s0, raftlog=s0@group-5BD3E7F27A57-SegmentedRaftLog:OPENED:c3,f4,i4, conf=3: [s0:0.0.0.0:41468, s1:0.0.0.0:41619, s2:0.0.0.0:44382], old=null
2019-09-26 09:49:32,120 INFO  impl.LeaderElection (LeaderElection.java:askForVotes(178)) - s0@group-5BD3E7F27A57-LeaderElection85: begin an election at term 176 for 3: [s0:0.0.0.0:41468, s1:0.0.0.0:41619, s2:0.0.0.0:44382], old=null
2019-09-26 09:49:32,129 INFO  impl.LeaderElection (LeaderElection.java:logAndReturn(56)) - s2@group-5BD3E7F27A57-LeaderElection84: Election TIMEOUT; received 1 response(s) [s2<-s0#0:FAIL-t175] and 0 exception(s); s2@group-5BD3E7F27A57:t175, leader=null, voted=s2, raftlog=s2@group-5BD3E7F27A57-SegmentedRaftLog:OPENED:c1,f3,i3, conf=3: [s0:0.0.0.0:41468, s1:0.0.0.0:41619, s2:0.0.0.0:44382], old=null
2019-09-26 09:49:32,142 INFO  impl.LeaderElection (LeaderElection.java:askForVotes(178)) - s2@group-5BD3E7F27A57-LeaderElection84: begin an election at term 176 for 3: [s0:0.0.0.0:41468, s1:0.0.0.0:41619, s2:0.0.0.0:44382], old=null
2019-09-26 09:49:32,142 DEBUG impl.RaftServerImpl (RaftServerImpl.java:requestVote(743)) - s0@group-5BD3E7F27A57: receive requestVote(s2, group-5BD3E7F27A57, 176, (t:4, i:3))
2019-09-26 09:49:32,142 DEBUG impl.RaftServerImpl (RaftServerImpl.java:requestVote(775)) - s0@group-5BD3E7F27A57 replies to vote request: s2<-s0#0:FAIL-t176. Peer's state: s0@group-5BD3E7F27A57:t176, leader=null, voted=s0, raftlog=s0@group-5BD3E7F27A57-SegmentedRaftLog:OPENED:c3,f4,i4, conf=3: [s0:0.0.0.0:41468, s1:0.0.0.0:41619, s2:0.0.0.0:44382], old=null
2019-09-26 09:49:32,264 INFO  impl.LeaderElection (LeaderElection.java:logAndReturn(56)) - s1@group-5BD3E7F27A57-LeaderElection81: Election TIMEOUT; received 1 response(s) [s1<-s0#0:FAIL-t175] and 0 exception(s); s1@group-5BD3E7F27A57:t175, leader=null, voted=s1, raftlog=s1@group-5BD3E7F27A57-SegmentedRaftLog:OPENED:c2,f3,i3, conf=2: [s0:0.0.0.0:41468, s1:0.0.0.0:41619, s2:0.0.0.0:44382], old=null
2019-09-26 09:49:32,295 INFO  impl.LeaderElection (LeaderElection.java:askForVotes(178)) - s1@group-5BD3E7F27A57-LeaderElection81: begin an election at term 176 for 2: [s0:0.0.0.0:41468, s1:0.0.0.0:41619, s2:0.0.0.0:44382], old=null
2019-09-26 09:49:32,296 DEBUG impl.RaftServerImpl (RaftServerImpl.java:requestVote(743)) - s0@group-5BD3E7F27A57: receive requestVote(s1, group-5BD3E7F27A57, 176, (t:3, i:3))
2019-09-26 09:49:32,296 DEBUG impl.RaftServerImpl (RaftServerImpl.java:requestVote(775)) - s0@group-5BD3E7F27A57 replies to vote request: s1<-s0#0:FAIL-t176. Peer's state: s0@group-5BD3E7F27A57:t176, leader=null, voted=s0, raftlog=s0@group-5BD3E7F27A57-SegmentedRaftLog:OPENED:c3,f4,i4, conf=3: [s0:0.0.0.0:41468, s1:0.0.0.0:41619, s2:0.0.0.0:44382], old=null
2019-09-26 09:49:32,314 INFO  impl.LeaderElection (LeaderElection.java:logAndReturn(56)) - s2@group-5BD3E7F27A57-LeaderElection84: Election TIMEOUT; received 1 response(s) [s2<-s0#0:FAIL-t176] and 0 exception(s); s2@group-5BD3E7F27A57:t176, leader=null, voted=s2, raftlog=s2@group-5BD3E7F27A57-SegmentedRaftLog:OPENED:c1,f3,i3, conf=3: [s0:0.0.0.0:41468, s1:0.0.0.0:41619, s2:0.0.0.0:44382], old=null
2019-09-26 09:49:32,329 INFO  impl.LeaderElection (LeaderElection.java:askForVotes(178)) - s2@group-5BD3E7F27A57-LeaderElection84: begin an election at term 177 for 3: [s0:0.0.0.0:41468, s1:0.0.0.0:41619, s2:0.0.0.0:44382], old=null
2019-09-26 09:49:32,330 DEBUG impl.RaftServerImpl (RaftServerImpl.java:requestVote(743)) - s0@group-5BD3E7F27A57: receive requestVote(s2, group-5BD3E7F27A57, 177, (t:4, i:3))
2019-09-26 09:49:32,330 INFO  impl.RaftServerImpl (RaftServerImpl.java:setRole(170)) - s0@group-5BD3E7F27A57: changes role from CANDIDATE to FOLLOWER at term 177 for recognizeCandidate:s2
2019-09-26 09:49:32,330 INFO  impl.RoleInfo (RoleInfo.java:shutdownLeaderElection(134)) - s0: shutdown LeaderElection
2019-09-26 09:49:32,330 INFO  impl.RoleInfo (RoleInfo.java:updateAndGet(143)) - s0: start FollowerState
2019-09-26 09:49:32,333 WARN  ratis.RaftTestUtil (JavaUtils.java:attempt(158)) - FAILED "waitForLeader-null-(expectLeader? true)", attempt #87/100: java.lang.IllegalStateException: No leader yet : printing ALL groups
  s0:  RUNNING  FOLLOWER s0@group-5BD3E7F27A57:t177, leader=null, voted=null, raftlog=s0@group-5BD3E7F27A57-SegmentedRaftLog:OPENED:c3,f4,i4, conf=3: [s0:0.0.0.0:41468, s1:0.0.0.0:41619, s2:0.0.0.0:44382], old=null RUNNING
  s1:  RUNNING CANDIDATE s1@group-5BD3E7F27A57:t176, leader=null, voted=s1, raftlog=s1@group-5BD3E7F27A57-SegmentedRaftLog:OPENED:c2,f3,i3, conf=2: [s0:0.0.0.0:41468, s1:0.0.0.0:41619, s2:0.0.0.0:44382], old=null RUNNING
  s2:  RUNNING CANDIDATE s2@group-5BD3E7F27A57:t177, leader=null, voted=s2, raftlog=s2@group-5BD3E7F27A57-SegmentedRaftLog:OPENED:c1,f3,i3, conf=3: [s0:0.0.0.0:41468, s1:0.0.0.0:41619, s2:0.0.0.0:44382], old=null RUNNING, sleep 450ms and then retry.
java.lang.IllegalStateException: No leader yet : printing ALL groups
  s0:  RUNNING  FOLLOWER s0@group-5BD3E7F27A57:t177, leader=null, voted=null, raftlog=s0@group-5BD3E7F27A57-SegmentedRaftLog:OPENED:c3,f4,i4, conf=3: [s0:0.0.0.0:41468, s1:0.0.0.0:41619, s2:0.0.0.0:44382], old=null RUNNING
  s1:  RUNNING CANDIDATE s1@group-5BD3E7F27A57:t176, leader=null, voted=s1, raftlog=s1@group-5BD3E7F27A57-SegmentedRaftLog:OPENED:c2,f3,i3, conf=2: [s0:0.0.0.0:41468, s1:0.0.0.0:41619, s2:0.0.0.0:44382], old=null RUNNING
  s2:  RUNNING CANDIDATE s2@group-5BD3E7F27A57:t177, leader=null, voted=s2, raftlog=s2@group-5BD3E7F27A57-SegmentedRaftLog:OPENED:c1,f3,i3, conf=3: [s0:0.0.0.0:41468, s1:0.0.0.0:41619, s2:0.0.0.0:44382], old=null RUNNING
	at org.apache.ratis.MiniRaftCluster.newIllegalStateExceptionForNoLeaders(MiniRaftCluster.java:506)
	at org.apache.ratis.RaftTestUtil.lambda$waitForLeader$1(RaftTestUtil.java:90)
	at org.apache.ratis.MiniRaftCluster.getLeader(MiniRaftCluster.java:539)
	at org.apache.ratis.MiniRaftCluster.getLeader(MiniRaftCluster.java:532)
	at org.apache.ratis.RaftTestUtil.lambda$waitForLeader$3(RaftTestUtil.java:98)
	at org.apache.ratis.util.JavaUtils.attempt(JavaUtils.java:152)
	at org.apache.ratis.RaftTestUtil.waitForLeader(RaftTestUtil.java:97)
	at org.apache.ratis.RaftTestUtil.waitForLeader(RaftTestUtil.java:77)
	at org.apache.ratis.RaftTestUtil.waitForLeader(RaftTestUtil.java:72)
	at org.apache.ratis.RaftTestUtil.lambda$changeLeader$7(RaftTestUtil.java:363)
	at org.apache.ratis.util.JavaUtils.attempt(JavaUtils.java:152)
	at org.apache.ratis.RaftTestUtil.changeLeader(RaftTestUtil.java:362)
	at org.apache.ratis.server.impl.LeaderElectionTests.testChangeLeader(LeaderElectionTests.java:81)
	at sun.reflect.NativeMethodAccessorImpl.invoke0(Native Method)
	at sun.reflect.NativeMethodAccessorImpl.invoke(NativeMethodAccessorImpl.java:62)
	at sun.reflect.DelegatingMethodAccessorImpl.invoke(DelegatingMethodAccessorImpl.java:43)
	at java.lang.reflect.Method.invoke(Method.java:498)
	at org.junit.runners.model.FrameworkMethod$1.runReflectiveCall(FrameworkMethod.java:50)
	at org.junit.internal.runners.model.ReflectiveCallable.run(ReflectiveCallable.java:12)
	at org.junit.runners.model.FrameworkMethod.invokeExplosively(FrameworkMethod.java:47)
	at org.junit.internal.runners.statements.InvokeMethod.evaluate(InvokeMethod.java:17)
	at org.junit.internal.runners.statements.RunAfters.evaluate(RunAfters.java:27)
	at org.junit.internal.runners.statements.FailOnTimeout$CallableStatement.call(FailOnTimeout.java:298)
	at org.junit.internal.runners.statements.FailOnTimeout$CallableStatement.call(FailOnTimeout.java:292)
	at java.util.concurrent.FutureTask.run(FutureTask.java:266)
	at java.lang.Thread.run(Thread.java:748)
2019-09-26 09:49:32,343 DEBUG impl.RaftServerImpl (RaftServerImpl.java:requestVote(775)) - s0@group-5BD3E7F27A57 replies to vote request: s2<-s0#0:FAIL-t177. Peer's state: s0@group-5BD3E7F27A57:t177, leader=null, voted=null, raftlog=s0@group-5BD3E7F27A57-SegmentedRaftLog:OPENED:c3,f4,i4, conf=3: [s0:0.0.0.0:41468, s1:0.0.0.0:41619, s2:0.0.0.0:44382], old=null
2019-09-26 09:49:32,345 INFO  impl.LeaderElection (LeaderElection.java:logAndReturn(56)) - s0@group-5BD3E7F27A57-LeaderElection85: Election REJECTED; received 0 response(s) [] and 0 exception(s); s0@group-5BD3E7F27A57:t177, leader=null, voted=null, raftlog=s0@group-5BD3E7F27A57-SegmentedRaftLog:OPENED:c3,f4,i4, conf=3: [s0:0.0.0.0:41468, s1:0.0.0.0:41619, s2:0.0.0.0:44382], old=null
2019-09-26 09:49:32,467 INFO  impl.LeaderElection (LeaderElection.java:logAndReturn(56)) - s1@group-5BD3E7F27A57-LeaderElection81: Election TIMEOUT; received 1 response(s) [s1<-s0#0:FAIL-t176] and 0 exception(s); s1@group-5BD3E7F27A57:t176, leader=null, voted=s1, raftlog=s1@group-5BD3E7F27A57-SegmentedRaftLog:OPENED:c2,f3,i3, conf=2: [s0:0.0.0.0:41468, s1:0.0.0.0:41619, s2:0.0.0.0:44382], old=null
2019-09-26 09:49:32,480 INFO  impl.LeaderElection (LeaderElection.java:askForVotes(178)) - s1@group-5BD3E7F27A57-LeaderElection81: begin an election at term 177 for 2: [s0:0.0.0.0:41468, s1:0.0.0.0:41619, s2:0.0.0.0:44382], old=null
2019-09-26 09:49:32,481 DEBUG impl.RaftServerImpl (RaftServerImpl.java:requestVote(743)) - s0@group-5BD3E7F27A57: receive requestVote(s1, group-5BD3E7F27A57, 177, (t:3, i:3))
2019-09-26 09:49:32,481 INFO  impl.RaftServerImpl (RaftServerImpl.java:setRole(170)) - s0@group-5BD3E7F27A57: changes role from  FOLLOWER to FOLLOWER at term 177 for recognizeCandidate:s1
2019-09-26 09:49:32,481 INFO  impl.RoleInfo (RoleInfo.java:shutdownFollowerState(121)) - s0: shutdown FollowerState
2019-09-26 09:49:32,481 INFO  impl.RoleInfo (RoleInfo.java:updateAndGet(143)) - s0: start FollowerState
2019-09-26 09:49:32,481 INFO  impl.FollowerState (FollowerState.java:run(117)) - s0@group-5BD3E7F27A57-FollowerState was interrupted: java.lang.InterruptedException: sleep interrupted
2019-09-26 09:49:32,482 DEBUG impl.RaftServerImpl (RaftServerImpl.java:requestVote(775)) - s0@group-5BD3E7F27A57 replies to vote request: s1<-s0#0:FAIL-t177. Peer's state: s0@group-5BD3E7F27A57:t177, leader=null, voted=null, raftlog=s0@group-5BD3E7F27A57-SegmentedRaftLog:OPENED:c3,f4,i4, conf=3: [s0:0.0.0.0:41468, s1:0.0.0.0:41619, s2:0.0.0.0:44382], old=null
2019-09-26 09:49:32,617 INFO  impl.LeaderElection (LeaderElection.java:logAndReturn(56)) - s2@group-5BD3E7F27A57-LeaderElection84: Election TIMEOUT; received 1 response(s) [s2<-s0#0:FAIL-t177] and 0 exception(s); s2@group-5BD3E7F27A57:t177, leader=null, voted=s2, raftlog=s2@group-5BD3E7F27A57-SegmentedRaftLog:OPENED:c1,f3,i3, conf=3: [s0:0.0.0.0:41468, s1:0.0.0.0:41619, s2:0.0.0.0:44382], old=null
2019-09-26 09:49:32,631 INFO  impl.LeaderElection (LeaderElection.java:askForVotes(178)) - s2@group-5BD3E7F27A57-LeaderElection84: begin an election at term 178 for 3: [s0:0.0.0.0:41468, s1:0.0.0.0:41619, s2:0.0.0.0:44382], old=null
2019-09-26 09:49:32,631 DEBUG impl.RaftServerImpl (RaftServerImpl.java:requestVote(743)) - s0@group-5BD3E7F27A57: receive requestVote(s2, group-5BD3E7F27A57, 178, (t:4, i:3))
2019-09-26 09:49:32,632 INFO  impl.RaftServerImpl (RaftServerImpl.java:setRole(170)) - s0@group-5BD3E7F27A57: changes role from  FOLLOWER to FOLLOWER at term 178 for recognizeCandidate:s2
2019-09-26 09:49:32,632 INFO  impl.RoleInfo (RoleInfo.java:shutdownFollowerState(121)) - s0: shutdown FollowerState
2019-09-26 09:49:32,632 INFO  impl.RoleInfo (RoleInfo.java:updateAndGet(143)) - s0: start FollowerState
2019-09-26 09:49:32,632 INFO  impl.FollowerState (FollowerState.java:run(117)) - s0@group-5BD3E7F27A57-FollowerState was interrupted: java.lang.InterruptedException: sleep interrupted
2019-09-26 09:49:32,649 DEBUG impl.RaftServerImpl (RaftServerImpl.java:requestVote(775)) - s0@group-5BD3E7F27A57 replies to vote request: s2<-s0#0:FAIL-t178. Peer's state: s0@group-5BD3E7F27A57:t178, leader=null, voted=null, raftlog=s0@group-5BD3E7F27A57-SegmentedRaftLog:OPENED:c3,f4,i4, conf=3: [s0:0.0.0.0:41468, s1:0.0.0.0:41619, s2:0.0.0.0:44382], old=null
2019-09-26 09:49:32,767 INFO  impl.LeaderElection (LeaderElection.java:logAndReturn(56)) - s1@group-5BD3E7F27A57-LeaderElection81: Election TIMEOUT; received 1 response(s) [s1<-s0#0:FAIL-t177] and 0 exception(s); s1@group-5BD3E7F27A57:t177, leader=null, voted=s1, raftlog=s1@group-5BD3E7F27A57-SegmentedRaftLog:OPENED:c2,f3,i3, conf=2: [s0:0.0.0.0:41468, s1:0.0.0.0:41619, s2:0.0.0.0:44382], old=null
2019-09-26 09:49:32,781 INFO  impl.LeaderElection (LeaderElection.java:askForVotes(178)) - s1@group-5BD3E7F27A57-LeaderElection81: begin an election at term 178 for 2: [s0:0.0.0.0:41468, s1:0.0.0.0:41619, s2:0.0.0.0:44382], old=null
2019-09-26 09:49:32,781 DEBUG impl.RaftServerImpl (RaftServerImpl.java:requestVote(743)) - s0@group-5BD3E7F27A57: receive requestVote(s1, group-5BD3E7F27A57, 178, (t:3, i:3))
2019-09-26 09:49:32,782 INFO  impl.RaftServerImpl (RaftServerImpl.java:setRole(170)) - s0@group-5BD3E7F27A57: changes role from  FOLLOWER to FOLLOWER at term 178 for recognizeCandidate:s1
2019-09-26 09:49:32,782 INFO  impl.RoleInfo (RoleInfo.java:shutdownFollowerState(121)) - s0: shutdown FollowerState
2019-09-26 09:49:32,782 INFO  impl.RoleInfo (RoleInfo.java:updateAndGet(143)) - s0: start FollowerState
2019-09-26 09:49:32,782 INFO  impl.FollowerState (FollowerState.java:run(117)) - s0@group-5BD3E7F27A57-FollowerState was interrupted: java.lang.InterruptedException: sleep interrupted
2019-09-26 09:49:32,782 DEBUG impl.RaftServerImpl (RaftServerImpl.java:requestVote(775)) - s0@group-5BD3E7F27A57 replies to vote request: s1<-s0#0:FAIL-t178. Peer's state: s0@group-5BD3E7F27A57:t178, leader=null, voted=null, raftlog=s0@group-5BD3E7F27A57-SegmentedRaftLog:OPENED:c3,f4,i4, conf=3: [s0:0.0.0.0:41468, s1:0.0.0.0:41619, s2:0.0.0.0:44382], old=null
2019-09-26 09:49:32,784 WARN  ratis.RaftTestUtil (JavaUtils.java:attempt(158)) - FAILED "waitForLeader-null-(expectLeader? true)", attempt #88/100: java.lang.IllegalStateException: No leader yet : printing ALL groups
  s0:  RUNNING  FOLLOWER s0@group-5BD3E7F27A57:t178, leader=null, voted=null, raftlog=s0@group-5BD3E7F27A57-SegmentedRaftLog:OPENED:c3,f4,i4, conf=3: [s0:0.0.0.0:41468, s1:0.0.0.0:41619, s2:0.0.0.0:44382], old=null RUNNING
  s1:  RUNNING CANDIDATE s1@group-5BD3E7F27A57:t178, leader=null, voted=s1, raftlog=s1@group-5BD3E7F27A57-SegmentedRaftLog:OPENED:c2,f3,i3, conf=2: [s0:0.0.0.0:41468, s1:0.0.0.0:41619, s2:0.0.0.0:44382], old=null RUNNING
  s2:  RUNNING CANDIDATE s2@group-5BD3E7F27A57:t178, leader=null, voted=s2, raftlog=s2@group-5BD3E7F27A57-SegmentedRaftLog:OPENED:c1,f3,i3, conf=3: [s0:0.0.0.0:41468, s1:0.0.0.0:41619, s2:0.0.0.0:44382], old=null RUNNING, sleep 450ms and then retry.
java.lang.IllegalStateException: No leader yet : printing ALL groups
  s0:  RUNNING  FOLLOWER s0@group-5BD3E7F27A57:t178, leader=null, voted=null, raftlog=s0@group-5BD3E7F27A57-SegmentedRaftLog:OPENED:c3,f4,i4, conf=3: [s0:0.0.0.0:41468, s1:0.0.0.0:41619, s2:0.0.0.0:44382], old=null RUNNING
  s1:  RUNNING CANDIDATE s1@group-5BD3E7F27A57:t178, leader=null, voted=s1, raftlog=s1@group-5BD3E7F27A57-SegmentedRaftLog:OPENED:c2,f3,i3, conf=2: [s0:0.0.0.0:41468, s1:0.0.0.0:41619, s2:0.0.0.0:44382], old=null RUNNING
  s2:  RUNNING CANDIDATE s2@group-5BD3E7F27A57:t178, leader=null, voted=s2, raftlog=s2@group-5BD3E7F27A57-SegmentedRaftLog:OPENED:c1,f3,i3, conf=3: [s0:0.0.0.0:41468, s1:0.0.0.0:41619, s2:0.0.0.0:44382], old=null RUNNING
	at org.apache.ratis.MiniRaftCluster.newIllegalStateExceptionForNoLeaders(MiniRaftCluster.java:506)
	at org.apache.ratis.RaftTestUtil.lambda$waitForLeader$1(RaftTestUtil.java:90)
	at org.apache.ratis.MiniRaftCluster.getLeader(MiniRaftCluster.java:539)
	at org.apache.ratis.MiniRaftCluster.getLeader(MiniRaftCluster.java:532)
	at org.apache.ratis.RaftTestUtil.lambda$waitForLeader$3(RaftTestUtil.java:98)
	at org.apache.ratis.util.JavaUtils.attempt(JavaUtils.java:152)
	at org.apache.ratis.RaftTestUtil.waitForLeader(RaftTestUtil.java:97)
	at org.apache.ratis.RaftTestUtil.waitForLeader(RaftTestUtil.java:77)
	at org.apache.ratis.RaftTestUtil.waitForLeader(RaftTestUtil.java:72)
	at org.apache.ratis.RaftTestUtil.lambda$changeLeader$7(RaftTestUtil.java:363)
	at org.apache.ratis.util.JavaUtils.attempt(JavaUtils.java:152)
	at org.apache.ratis.RaftTestUtil.changeLeader(RaftTestUtil.java:362)
	at org.apache.ratis.server.impl.LeaderElectionTests.testChangeLeader(LeaderElectionTests.java:81)
	at sun.reflect.NativeMethodAccessorImpl.invoke0(Native Method)
	at sun.reflect.NativeMethodAccessorImpl.invoke(NativeMethodAccessorImpl.java:62)
	at sun.reflect.DelegatingMethodAccessorImpl.invoke(DelegatingMethodAccessorImpl.java:43)
	at java.lang.reflect.Method.invoke(Method.java:498)
	at org.junit.runners.model.FrameworkMethod$1.runReflectiveCall(FrameworkMethod.java:50)
	at org.junit.internal.runners.model.ReflectiveCallable.run(ReflectiveCallable.java:12)
	at org.junit.runners.model.FrameworkMethod.invokeExplosively(FrameworkMethod.java:47)
	at org.junit.internal.runners.statements.InvokeMethod.evaluate(InvokeMethod.java:17)
	at org.junit.internal.runners.statements.RunAfters.evaluate(RunAfters.java:27)
	at org.junit.internal.runners.statements.FailOnTimeout$CallableStatement.call(FailOnTimeout.java:298)
	at org.junit.internal.runners.statements.FailOnTimeout$CallableStatement.call(FailOnTimeout.java:292)
	at java.util.concurrent.FutureTask.run(FutureTask.java:266)
	at java.lang.Thread.run(Thread.java:748)
2019-09-26 09:49:32,830 INFO  impl.LeaderElection (LeaderElection.java:logAndReturn(56)) - s2@group-5BD3E7F27A57-LeaderElection84: Election TIMEOUT; received 1 response(s) [s2<-s0#0:FAIL-t178] and 0 exception(s); s2@group-5BD3E7F27A57:t178, leader=null, voted=s2, raftlog=s2@group-5BD3E7F27A57-SegmentedRaftLog:OPENED:c1,f3,i3, conf=3: [s0:0.0.0.0:41468, s1:0.0.0.0:41619, s2:0.0.0.0:44382], old=null
2019-09-26 09:49:32,844 INFO  impl.LeaderElection (LeaderElection.java:askForVotes(178)) - s2@group-5BD3E7F27A57-LeaderElection84: begin an election at term 179 for 3: [s0:0.0.0.0:41468, s1:0.0.0.0:41619, s2:0.0.0.0:44382], old=null
2019-09-26 09:49:32,844 DEBUG impl.RaftServerImpl (RaftServerImpl.java:requestVote(743)) - s0@group-5BD3E7F27A57: receive requestVote(s2, group-5BD3E7F27A57, 179, (t:4, i:3))
2019-09-26 09:49:32,844 INFO  impl.RaftServerImpl (RaftServerImpl.java:setRole(170)) - s0@group-5BD3E7F27A57: changes role from  FOLLOWER to FOLLOWER at term 179 for recognizeCandidate:s2
2019-09-26 09:49:32,844 INFO  impl.RoleInfo (RoleInfo.java:shutdownFollowerState(121)) - s0: shutdown FollowerState
2019-09-26 09:49:32,844 INFO  impl.RoleInfo (RoleInfo.java:updateAndGet(143)) - s0: start FollowerState
2019-09-26 09:49:32,845 INFO  impl.FollowerState (FollowerState.java:run(117)) - s0@group-5BD3E7F27A57-FollowerState was interrupted: java.lang.InterruptedException: sleep interrupted
2019-09-26 09:49:32,857 DEBUG impl.RaftServerImpl (RaftServerImpl.java:requestVote(775)) - s0@group-5BD3E7F27A57 replies to vote request: s2<-s0#0:FAIL-t179. Peer's state: s0@group-5BD3E7F27A57:t179, leader=null, voted=null, raftlog=s0@group-5BD3E7F27A57-SegmentedRaftLog:OPENED:c3,f4,i4, conf=3: [s0:0.0.0.0:41468, s1:0.0.0.0:41619, s2:0.0.0.0:44382], old=null
2019-09-26 09:49:32,972 INFO  impl.LeaderElection (LeaderElection.java:logAndReturn(56)) - s1@group-5BD3E7F27A57-LeaderElection81: Election TIMEOUT; received 1 response(s) [s1<-s0#0:FAIL-t178] and 0 exception(s); s1@group-5BD3E7F27A57:t178, leader=null, voted=s1, raftlog=s1@group-5BD3E7F27A57-SegmentedRaftLog:OPENED:c2,f3,i3, conf=2: [s0:0.0.0.0:41468, s1:0.0.0.0:41619, s2:0.0.0.0:44382], old=null
2019-09-26 09:49:32,997 INFO  impl.LeaderElection (LeaderElection.java:askForVotes(178)) - s1@group-5BD3E7F27A57-LeaderElection81: begin an election at term 179 for 2: [s0:0.0.0.0:41468, s1:0.0.0.0:41619, s2:0.0.0.0:44382], old=null
2019-09-26 09:49:32,998 DEBUG impl.RaftServerImpl (RaftServerImpl.java:requestVote(743)) - s0@group-5BD3E7F27A57: receive requestVote(s1, group-5BD3E7F27A57, 179, (t:3, i:3))
2019-09-26 09:49:32,998 INFO  impl.RaftServerImpl (RaftServerImpl.java:setRole(170)) - s0@group-5BD3E7F27A57: changes role from  FOLLOWER to FOLLOWER at term 179 for recognizeCandidate:s1
2019-09-26 09:49:32,998 INFO  impl.RoleInfo (RoleInfo.java:shutdownFollowerState(121)) - s0: shutdown FollowerState
2019-09-26 09:49:32,998 INFO  impl.RoleInfo (RoleInfo.java:updateAndGet(143)) - s0: start FollowerState
2019-09-26 09:49:32,998 INFO  impl.FollowerState (FollowerState.java:run(117)) - s0@group-5BD3E7F27A57-FollowerState was interrupted: java.lang.InterruptedException: sleep interrupted
2019-09-26 09:49:32,998 DEBUG impl.RaftServerImpl (RaftServerImpl.java:requestVote(775)) - s0@group-5BD3E7F27A57 replies to vote request: s1<-s0#0:FAIL-t179. Peer's state: s0@group-5BD3E7F27A57:t179, leader=null, voted=null, raftlog=s0@group-5BD3E7F27A57-SegmentedRaftLog:OPENED:c3,f4,i4, conf=3: [s0:0.0.0.0:41468, s1:0.0.0.0:41619, s2:0.0.0.0:44382], old=null
2019-09-26 09:49:33,098 INFO  impl.LeaderElection (LeaderElection.java:logAndReturn(56)) - s2@group-5BD3E7F27A57-LeaderElection84: Election TIMEOUT; received 1 response(s) [s2<-s0#0:FAIL-t179] and 0 exception(s); s2@group-5BD3E7F27A57:t179, leader=null, voted=s2, raftlog=s2@group-5BD3E7F27A57-SegmentedRaftLog:OPENED:c1,f3,i3, conf=3: [s0:0.0.0.0:41468, s1:0.0.0.0:41619, s2:0.0.0.0:44382], old=null
2019-09-26 09:49:33,112 INFO  impl.LeaderElection (LeaderElection.java:askForVotes(178)) - s2@group-5BD3E7F27A57-LeaderElection84: begin an election at term 180 for 3: [s0:0.0.0.0:41468, s1:0.0.0.0:41619, s2:0.0.0.0:44382], old=null
2019-09-26 09:49:33,112 DEBUG impl.RaftServerImpl (RaftServerImpl.java:requestVote(743)) - s0@group-5BD3E7F27A57: receive requestVote(s2, group-5BD3E7F27A57, 180, (t:4, i:3))
2019-09-26 09:49:33,113 INFO  impl.RaftServerImpl (RaftServerImpl.java:setRole(170)) - s0@group-5BD3E7F27A57: changes role from  FOLLOWER to FOLLOWER at term 180 for recognizeCandidate:s2
2019-09-26 09:49:33,113 INFO  impl.RoleInfo (RoleInfo.java:shutdownFollowerState(121)) - s0: shutdown FollowerState
2019-09-26 09:49:33,113 INFO  impl.RoleInfo (RoleInfo.java:updateAndGet(143)) - s0: start FollowerState
2019-09-26 09:49:33,113 INFO  impl.FollowerState (FollowerState.java:run(117)) - s0@group-5BD3E7F27A57-FollowerState was interrupted: java.lang.InterruptedException: sleep interrupted
2019-09-26 09:49:33,126 DEBUG impl.RaftServerImpl (RaftServerImpl.java:requestVote(775)) - s0@group-5BD3E7F27A57 replies to vote request: s2<-s0#0:FAIL-t180. Peer's state: s0@group-5BD3E7F27A57:t180, leader=null, voted=null, raftlog=s0@group-5BD3E7F27A57-SegmentedRaftLog:OPENED:c3,f4,i4, conf=3: [s0:0.0.0.0:41468, s1:0.0.0.0:41619, s2:0.0.0.0:44382], old=null
2019-09-26 09:49:33,235 WARN  ratis.RaftTestUtil (JavaUtils.java:attempt(158)) - FAILED "waitForLeader-null-(expectLeader? true)", attempt #89/100: java.lang.IllegalStateException: No leader yet : printing ALL groups
  s0:  RUNNING  FOLLOWER s0@group-5BD3E7F27A57:t180, leader=null, voted=null, raftlog=s0@group-5BD3E7F27A57-SegmentedRaftLog:OPENED:c3,f4,i4, conf=3: [s0:0.0.0.0:41468, s1:0.0.0.0:41619, s2:0.0.0.0:44382], old=null RUNNING
  s1:  RUNNING CANDIDATE s1@group-5BD3E7F27A57:t179, leader=null, voted=s1, raftlog=s1@group-5BD3E7F27A57-SegmentedRaftLog:OPENED:c2,f3,i3, conf=2: [s0:0.0.0.0:41468, s1:0.0.0.0:41619, s2:0.0.0.0:44382], old=null RUNNING
  s2:  RUNNING CANDIDATE s2@group-5BD3E7F27A57:t180, leader=null, voted=s2, raftlog=s2@group-5BD3E7F27A57-SegmentedRaftLog:OPENED:c1,f3,i3, conf=3: [s0:0.0.0.0:41468, s1:0.0.0.0:41619, s2:0.0.0.0:44382], old=null RUNNING, sleep 450ms and then retry.
java.lang.IllegalStateException: No leader yet : printing ALL groups
  s0:  RUNNING  FOLLOWER s0@group-5BD3E7F27A57:t180, leader=null, voted=null, raftlog=s0@group-5BD3E7F27A57-SegmentedRaftLog:OPENED:c3,f4,i4, conf=3: [s0:0.0.0.0:41468, s1:0.0.0.0:41619, s2:0.0.0.0:44382], old=null RUNNING
  s1:  RUNNING CANDIDATE s1@group-5BD3E7F27A57:t179, leader=null, voted=s1, raftlog=s1@group-5BD3E7F27A57-SegmentedRaftLog:OPENED:c2,f3,i3, conf=2: [s0:0.0.0.0:41468, s1:0.0.0.0:41619, s2:0.0.0.0:44382], old=null RUNNING
  s2:  RUNNING CANDIDATE s2@group-5BD3E7F27A57:t180, leader=null, voted=s2, raftlog=s2@group-5BD3E7F27A57-SegmentedRaftLog:OPENED:c1,f3,i3, conf=3: [s0:0.0.0.0:41468, s1:0.0.0.0:41619, s2:0.0.0.0:44382], old=null RUNNING
	at org.apache.ratis.MiniRaftCluster.newIllegalStateExceptionForNoLeaders(MiniRaftCluster.java:506)
	at org.apache.ratis.RaftTestUtil.lambda$waitForLeader$1(RaftTestUtil.java:90)
	at org.apache.ratis.MiniRaftCluster.getLeader(MiniRaftCluster.java:539)
	at org.apache.ratis.MiniRaftCluster.getLeader(MiniRaftCluster.java:532)
	at org.apache.ratis.RaftTestUtil.lambda$waitForLeader$3(RaftTestUtil.java:98)
	at org.apache.ratis.util.JavaUtils.attempt(JavaUtils.java:152)
	at org.apache.ratis.RaftTestUtil.waitForLeader(RaftTestUtil.java:97)
	at org.apache.ratis.RaftTestUtil.waitForLeader(RaftTestUtil.java:77)
	at org.apache.ratis.RaftTestUtil.waitForLeader(RaftTestUtil.java:72)
	at org.apache.ratis.RaftTestUtil.lambda$changeLeader$7(RaftTestUtil.java:363)
	at org.apache.ratis.util.JavaUtils.attempt(JavaUtils.java:152)
	at org.apache.ratis.RaftTestUtil.changeLeader(RaftTestUtil.java:362)
	at org.apache.ratis.server.impl.LeaderElectionTests.testChangeLeader(LeaderElectionTests.java:81)
	at sun.reflect.NativeMethodAccessorImpl.invoke0(Native Method)
	at sun.reflect.NativeMethodAccessorImpl.invoke(NativeMethodAccessorImpl.java:62)
	at sun.reflect.DelegatingMethodAccessorImpl.invoke(DelegatingMethodAccessorImpl.java:43)
	at java.lang.reflect.Method.invoke(Method.java:498)
	at org.junit.runners.model.FrameworkMethod$1.runReflectiveCall(FrameworkMethod.java:50)
	at org.junit.internal.runners.model.ReflectiveCallable.run(ReflectiveCallable.java:12)
	at org.junit.runners.model.FrameworkMethod.invokeExplosively(FrameworkMethod.java:47)
	at org.junit.internal.runners.statements.InvokeMethod.evaluate(InvokeMethod.java:17)
	at org.junit.internal.runners.statements.RunAfters.evaluate(RunAfters.java:27)
	at org.junit.internal.runners.statements.FailOnTimeout$CallableStatement.call(FailOnTimeout.java:298)
	at org.junit.internal.runners.statements.FailOnTimeout$CallableStatement.call(FailOnTimeout.java:292)
	at java.util.concurrent.FutureTask.run(FutureTask.java:266)
	at java.lang.Thread.run(Thread.java:748)
2019-09-26 09:49:33,250 INFO  impl.LeaderElection (LeaderElection.java:logAndReturn(56)) - s1@group-5BD3E7F27A57-LeaderElection81: Election TIMEOUT; received 1 response(s) [s1<-s0#0:FAIL-t179] and 0 exception(s); s1@group-5BD3E7F27A57:t179, leader=null, voted=s1, raftlog=s1@group-5BD3E7F27A57-SegmentedRaftLog:OPENED:c2,f3,i3, conf=2: [s0:0.0.0.0:41468, s1:0.0.0.0:41619, s2:0.0.0.0:44382], old=null
2019-09-26 09:49:33,263 INFO  impl.LeaderElection (LeaderElection.java:askForVotes(178)) - s1@group-5BD3E7F27A57-LeaderElection81: begin an election at term 180 for 2: [s0:0.0.0.0:41468, s1:0.0.0.0:41619, s2:0.0.0.0:44382], old=null
2019-09-26 09:49:33,264 DEBUG impl.RaftServerImpl (RaftServerImpl.java:requestVote(743)) - s0@group-5BD3E7F27A57: receive requestVote(s1, group-5BD3E7F27A57, 180, (t:3, i:3))
2019-09-26 09:49:33,264 INFO  impl.RaftServerImpl (RaftServerImpl.java:setRole(170)) - s0@group-5BD3E7F27A57: changes role from  FOLLOWER to FOLLOWER at term 180 for recognizeCandidate:s1
2019-09-26 09:49:33,264 INFO  impl.RoleInfo (RoleInfo.java:shutdownFollowerState(121)) - s0: shutdown FollowerState
2019-09-26 09:49:33,265 INFO  impl.RoleInfo (RoleInfo.java:updateAndGet(143)) - s0: start FollowerState
2019-09-26 09:49:33,265 INFO  impl.FollowerState (FollowerState.java:run(117)) - s0@group-5BD3E7F27A57-FollowerState was interrupted: java.lang.InterruptedException: sleep interrupted
2019-09-26 09:49:33,265 DEBUG impl.RaftServerImpl (RaftServerImpl.java:requestVote(775)) - s0@group-5BD3E7F27A57 replies to vote request: s1<-s0#0:FAIL-t180. Peer's state: s0@group-5BD3E7F27A57:t180, leader=null, voted=null, raftlog=s0@group-5BD3E7F27A57-SegmentedRaftLog:OPENED:c3,f4,i4, conf=3: [s0:0.0.0.0:41468, s1:0.0.0.0:41619, s2:0.0.0.0:44382], old=null
2019-09-26 09:49:33,345 INFO  impl.LeaderElection (LeaderElection.java:logAndReturn(56)) - s2@group-5BD3E7F27A57-LeaderElection84: Election TIMEOUT; received 1 response(s) [s2<-s0#0:FAIL-t180] and 0 exception(s); s2@group-5BD3E7F27A57:t180, leader=null, voted=s2, raftlog=s2@group-5BD3E7F27A57-SegmentedRaftLog:OPENED:c1,f3,i3, conf=3: [s0:0.0.0.0:41468, s1:0.0.0.0:41619, s2:0.0.0.0:44382], old=null
2019-09-26 09:49:33,358 INFO  impl.LeaderElection (LeaderElection.java:askForVotes(178)) - s2@group-5BD3E7F27A57-LeaderElection84: begin an election at term 181 for 3: [s0:0.0.0.0:41468, s1:0.0.0.0:41619, s2:0.0.0.0:44382], old=null
2019-09-26 09:49:33,359 DEBUG impl.RaftServerImpl (RaftServerImpl.java:requestVote(743)) - s0@group-5BD3E7F27A57: receive requestVote(s2, group-5BD3E7F27A57, 181, (t:4, i:3))
2019-09-26 09:49:33,359 INFO  impl.RaftServerImpl (RaftServerImpl.java:setRole(170)) - s0@group-5BD3E7F27A57: changes role from  FOLLOWER to FOLLOWER at term 181 for recognizeCandidate:s2
2019-09-26 09:49:33,359 INFO  impl.RoleInfo (RoleInfo.java:shutdownFollowerState(121)) - s0: shutdown FollowerState
2019-09-26 09:49:33,359 INFO  impl.RoleInfo (RoleInfo.java:updateAndGet(143)) - s0: start FollowerState
2019-09-26 09:49:33,360 INFO  impl.FollowerState (FollowerState.java:run(117)) - s0@group-5BD3E7F27A57-FollowerState was interrupted: java.lang.InterruptedException: sleep interrupted
2019-09-26 09:49:33,373 DEBUG impl.RaftServerImpl (RaftServerImpl.java:requestVote(775)) - s0@group-5BD3E7F27A57 replies to vote request: s2<-s0#0:FAIL-t181. Peer's state: s0@group-5BD3E7F27A57:t181, leader=null, voted=null, raftlog=s0@group-5BD3E7F27A57-SegmentedRaftLog:OPENED:c3,f4,i4, conf=3: [s0:0.0.0.0:41468, s1:0.0.0.0:41619, s2:0.0.0.0:44382], old=null
2019-09-26 09:49:33,507 INFO  impl.LeaderElection (LeaderElection.java:logAndReturn(56)) - s1@group-5BD3E7F27A57-LeaderElection81: Election TIMEOUT; received 1 response(s) [s1<-s0#0:FAIL-t180] and 0 exception(s); s1@group-5BD3E7F27A57:t180, leader=null, voted=s1, raftlog=s1@group-5BD3E7F27A57-SegmentedRaftLog:OPENED:c2,f3,i3, conf=2: [s0:0.0.0.0:41468, s1:0.0.0.0:41619, s2:0.0.0.0:44382], old=null
2019-09-26 09:49:33,516 INFO  impl.FollowerState (FollowerState.java:run(108)) - s0@group-5BD3E7F27A57-FollowerState: change to CANDIDATE, lastRpcTime:156ms, electionTimeout:156ms
2019-09-26 09:49:33,516 INFO  impl.RoleInfo (RoleInfo.java:shutdownFollowerState(121)) - s0: shutdown FollowerState
2019-09-26 09:49:33,516 INFO  impl.RaftServerImpl (RaftServerImpl.java:setRole(170)) - s0@group-5BD3E7F27A57: changes role from  FOLLOWER to CANDIDATE at term 181 for changeToCandidate
2019-09-26 09:49:33,516 INFO  impl.RoleInfo (RoleInfo.java:updateAndGet(143)) - s0: start LeaderElection
2019-09-26 09:49:33,522 INFO  impl.LeaderElection (LeaderElection.java:askForVotes(178)) - s1@group-5BD3E7F27A57-LeaderElection81: begin an election at term 181 for 2: [s0:0.0.0.0:41468, s1:0.0.0.0:41619, s2:0.0.0.0:44382], old=null
2019-09-26 09:49:33,522 INFO  impl.LeaderElection (LeaderElection.java:askForVotes(178)) - s0@group-5BD3E7F27A57-LeaderElection86: begin an election at term 182 for 3: [s0:0.0.0.0:41468, s1:0.0.0.0:41619, s2:0.0.0.0:44382], old=null
2019-09-26 09:49:33,522 DEBUG impl.RaftServerImpl (RaftServerImpl.java:requestVote(743)) - s0@group-5BD3E7F27A57: receive requestVote(s1, group-5BD3E7F27A57, 181, (t:3, i:3))
2019-09-26 09:49:33,523 DEBUG impl.RaftServerImpl (RaftServerImpl.java:requestVote(775)) - s0@group-5BD3E7F27A57 replies to vote request: s1<-s0#0:FAIL-t182. Peer's state: s0@group-5BD3E7F27A57:t182, leader=null, voted=s0, raftlog=s0@group-5BD3E7F27A57-SegmentedRaftLog:OPENED:c3,f4,i4, conf=3: [s0:0.0.0.0:41468, s1:0.0.0.0:41619, s2:0.0.0.0:44382], old=null
2019-09-26 09:49:33,523 INFO  impl.LeaderElection (LeaderElection.java:logAndReturn(56)) - s1@group-5BD3E7F27A57-LeaderElection81: Election DISCOVERED_A_NEW_TERM; received 1 response(s) [s1<-s0#0:FAIL-t182] and 0 exception(s); s1@group-5BD3E7F27A57:t181, leader=null, voted=s1, raftlog=s1@group-5BD3E7F27A57-SegmentedRaftLog:OPENED:c2,f3,i3, conf=2: [s0:0.0.0.0:41468, s1:0.0.0.0:41619, s2:0.0.0.0:44382], old=null
2019-09-26 09:49:33,523 INFO  impl.RaftServerImpl (RaftServerImpl.java:setRole(170)) - s1@group-5BD3E7F27A57: changes role from CANDIDATE to FOLLOWER at term 182 for DISCOVERED_A_NEW_TERM
2019-09-26 09:49:33,523 INFO  impl.RoleInfo (RoleInfo.java:shutdownLeaderElection(134)) - s1: shutdown LeaderElection
2019-09-26 09:49:33,523 INFO  impl.RoleInfo (RoleInfo.java:updateAndGet(143)) - s1: start FollowerState
2019-09-26 09:49:33,581 INFO  impl.LeaderElection (LeaderElection.java:logAndReturn(56)) - s2@group-5BD3E7F27A57-LeaderElection84: Election TIMEOUT; received 1 response(s) [s2<-s0#0:FAIL-t181] and 0 exception(s); s2@group-5BD3E7F27A57:t181, leader=null, voted=s2, raftlog=s2@group-5BD3E7F27A57-SegmentedRaftLog:OPENED:c1,f3,i3, conf=3: [s0:0.0.0.0:41468, s1:0.0.0.0:41619, s2:0.0.0.0:44382], old=null
2019-09-26 09:49:33,594 INFO  impl.LeaderElection (LeaderElection.java:askForVotes(178)) - s2@group-5BD3E7F27A57-LeaderElection84: begin an election at term 182 for 3: [s0:0.0.0.0:41468, s1:0.0.0.0:41619, s2:0.0.0.0:44382], old=null
2019-09-26 09:49:33,595 DEBUG impl.RaftServerImpl (RaftServerImpl.java:requestVote(743)) - s0@group-5BD3E7F27A57: receive requestVote(s2, group-5BD3E7F27A57, 182, (t:4, i:3))
2019-09-26 09:49:33,595 DEBUG impl.RaftServerImpl (RaftServerImpl.java:requestVote(775)) - s0@group-5BD3E7F27A57 replies to vote request: s2<-s0#0:FAIL-t182. Peer's state: s0@group-5BD3E7F27A57:t182, leader=null, voted=s0, raftlog=s0@group-5BD3E7F27A57-SegmentedRaftLog:OPENED:c3,f4,i4, conf=3: [s0:0.0.0.0:41468, s1:0.0.0.0:41619, s2:0.0.0.0:44382], old=null
2019-09-26 09:49:33,676 INFO  impl.FollowerState (FollowerState.java:run(108)) - s1@group-5BD3E7F27A57-FollowerState: change to CANDIDATE, lastRpcTime:152ms, electionTimeout:152ms
2019-09-26 09:49:33,676 INFO  impl.RoleInfo (RoleInfo.java:shutdownFollowerState(121)) - s1: shutdown FollowerState
2019-09-26 09:49:33,676 INFO  impl.RaftServerImpl (RaftServerImpl.java:setRole(170)) - s1@group-5BD3E7F27A57: changes role from  FOLLOWER to CANDIDATE at term 182 for changeToCandidate
2019-09-26 09:49:33,676 INFO  impl.RoleInfo (RoleInfo.java:updateAndGet(143)) - s1: start LeaderElection
2019-09-26 09:49:33,687 WARN  ratis.RaftTestUtil (JavaUtils.java:attempt(158)) - FAILED "waitForLeader-null-(expectLeader? true)", attempt #90/100: java.lang.IllegalStateException: No leader yet : printing ALL groups
  s0:  RUNNING CANDIDATE s0@group-5BD3E7F27A57:t182, leader=null, voted=s0, raftlog=s0@group-5BD3E7F27A57-SegmentedRaftLog:OPENED:c3,f4,i4, conf=3: [s0:0.0.0.0:41468, s1:0.0.0.0:41619, s2:0.0.0.0:44382], old=null RUNNING
  s1:  RUNNING CANDIDATE s1@group-5BD3E7F27A57:t183, leader=null, voted=s1, raftlog=s1@group-5BD3E7F27A57-SegmentedRaftLog:OPENED:c2,f3,i3, conf=2: [s0:0.0.0.0:41468, s1:0.0.0.0:41619, s2:0.0.0.0:44382], old=null RUNNING
  s2:  RUNNING CANDIDATE s2@group-5BD3E7F27A57:t182, leader=null, voted=s2, raftlog=s2@group-5BD3E7F27A57-SegmentedRaftLog:OPENED:c1,f3,i3, conf=3: [s0:0.0.0.0:41468, s1:0.0.0.0:41619, s2:0.0.0.0:44382], old=null RUNNING, sleep 450ms and then retry.
java.lang.IllegalStateException: No leader yet : printing ALL groups
  s0:  RUNNING CANDIDATE s0@group-5BD3E7F27A57:t182, leader=null, voted=s0, raftlog=s0@group-5BD3E7F27A57-SegmentedRaftLog:OPENED:c3,f4,i4, conf=3: [s0:0.0.0.0:41468, s1:0.0.0.0:41619, s2:0.0.0.0:44382], old=null RUNNING
  s1:  RUNNING CANDIDATE s1@group-5BD3E7F27A57:t183, leader=null, voted=s1, raftlog=s1@group-5BD3E7F27A57-SegmentedRaftLog:OPENED:c2,f3,i3, conf=2: [s0:0.0.0.0:41468, s1:0.0.0.0:41619, s2:0.0.0.0:44382], old=null RUNNING
  s2:  RUNNING CANDIDATE s2@group-5BD3E7F27A57:t182, leader=null, voted=s2, raftlog=s2@group-5BD3E7F27A57-SegmentedRaftLog:OPENED:c1,f3,i3, conf=3: [s0:0.0.0.0:41468, s1:0.0.0.0:41619, s2:0.0.0.0:44382], old=null RUNNING
	at org.apache.ratis.MiniRaftCluster.newIllegalStateExceptionForNoLeaders(MiniRaftCluster.java:506)
	at org.apache.ratis.RaftTestUtil.lambda$waitForLeader$1(RaftTestUtil.java:90)
	at org.apache.ratis.MiniRaftCluster.getLeader(MiniRaftCluster.java:539)
	at org.apache.ratis.MiniRaftCluster.getLeader(MiniRaftCluster.java:532)
	at org.apache.ratis.RaftTestUtil.lambda$waitForLeader$3(RaftTestUtil.java:98)
	at org.apache.ratis.util.JavaUtils.attempt(JavaUtils.java:152)
	at org.apache.ratis.RaftTestUtil.waitForLeader(RaftTestUtil.java:97)
	at org.apache.ratis.RaftTestUtil.waitForLeader(RaftTestUtil.java:77)
	at org.apache.ratis.RaftTestUtil.waitForLeader(RaftTestUtil.java:72)
	at org.apache.ratis.RaftTestUtil.lambda$changeLeader$7(RaftTestUtil.java:363)
	at org.apache.ratis.util.JavaUtils.attempt(JavaUtils.java:152)
	at org.apache.ratis.RaftTestUtil.changeLeader(RaftTestUtil.java:362)
	at org.apache.ratis.server.impl.LeaderElectionTests.testChangeLeader(LeaderElectionTests.java:81)
	at sun.reflect.NativeMethodAccessorImpl.invoke0(Native Method)
	at sun.reflect.NativeMethodAccessorImpl.invoke(NativeMethodAccessorImpl.java:62)
	at sun.reflect.DelegatingMethodAccessorImpl.invoke(DelegatingMethodAccessorImpl.java:43)
	at java.lang.reflect.Method.invoke(Method.java:498)
	at org.junit.runners.model.FrameworkMethod$1.runReflectiveCall(FrameworkMethod.java:50)
	at org.junit.internal.runners.model.ReflectiveCallable.run(ReflectiveCallable.java:12)
	at org.junit.runners.model.FrameworkMethod.invokeExplosively(FrameworkMethod.java:47)
	at org.junit.internal.runners.statements.InvokeMethod.evaluate(InvokeMethod.java:17)
	at org.junit.internal.runners.statements.RunAfters.evaluate(RunAfters.java:27)
	at org.junit.internal.runners.statements.FailOnTimeout$CallableStatement.call(FailOnTimeout.java:298)
	at org.junit.internal.runners.statements.FailOnTimeout$CallableStatement.call(FailOnTimeout.java:292)
	at java.util.concurrent.FutureTask.run(FutureTask.java:266)
	at java.lang.Thread.run(Thread.java:748)
2019-09-26 09:49:33,690 INFO  impl.LeaderElection (LeaderElection.java:askForVotes(178)) - s1@group-5BD3E7F27A57-LeaderElection87: begin an election at term 183 for 2: [s0:0.0.0.0:41468, s1:0.0.0.0:41619, s2:0.0.0.0:44382], old=null
2019-09-26 09:49:33,690 DEBUG impl.RaftServerImpl (RaftServerImpl.java:requestVote(743)) - s0@group-5BD3E7F27A57: receive requestVote(s1, group-5BD3E7F27A57, 183, (t:3, i:3))
2019-09-26 09:49:33,690 INFO  impl.RaftServerImpl (RaftServerImpl.java:setRole(170)) - s0@group-5BD3E7F27A57: changes role from CANDIDATE to FOLLOWER at term 183 for recognizeCandidate:s1
2019-09-26 09:49:33,690 INFO  impl.RoleInfo (RoleInfo.java:shutdownLeaderElection(134)) - s0: shutdown LeaderElection
2019-09-26 09:49:33,691 INFO  impl.RoleInfo (RoleInfo.java:updateAndGet(143)) - s0: start FollowerState
2019-09-26 09:49:33,704 DEBUG impl.RaftServerImpl (RaftServerImpl.java:requestVote(775)) - s0@group-5BD3E7F27A57 replies to vote request: s1<-s0#0:FAIL-t183. Peer's state: s0@group-5BD3E7F27A57:t183, leader=null, voted=null, raftlog=s0@group-5BD3E7F27A57-SegmentedRaftLog:OPENED:c3,f4,i4, conf=3: [s0:0.0.0.0:41468, s1:0.0.0.0:41619, s2:0.0.0.0:44382], old=null
2019-09-26 09:49:33,762 INFO  impl.LeaderElection (LeaderElection.java:logAndReturn(56)) - s0@group-5BD3E7F27A57-LeaderElection86: Election REJECTED; received 0 response(s) [] and 0 exception(s); s0@group-5BD3E7F27A57:t183, leader=null, voted=null, raftlog=s0@group-5BD3E7F27A57-SegmentedRaftLog:OPENED:c3,f4,i4, conf=3: [s0:0.0.0.0:41468, s1:0.0.0.0:41619, s2:0.0.0.0:44382], old=null
2019-09-26 09:49:33,785 INFO  impl.LeaderElection (LeaderElection.java:logAndReturn(56)) - s2@group-5BD3E7F27A57-LeaderElection84: Election TIMEOUT; received 1 response(s) [s2<-s0#0:FAIL-t182] and 0 exception(s); s2@group-5BD3E7F27A57:t182, leader=null, voted=s2, raftlog=s2@group-5BD3E7F27A57-SegmentedRaftLog:OPENED:c1,f3,i3, conf=3: [s0:0.0.0.0:41468, s1:0.0.0.0:41619, s2:0.0.0.0:44382], old=null
2019-09-26 09:49:33,798 INFO  impl.LeaderElection (LeaderElection.java:askForVotes(178)) - s2@group-5BD3E7F27A57-LeaderElection84: begin an election at term 183 for 3: [s0:0.0.0.0:41468, s1:0.0.0.0:41619, s2:0.0.0.0:44382], old=null
2019-09-26 09:49:33,799 DEBUG impl.RaftServerImpl (RaftServerImpl.java:requestVote(743)) - s0@group-5BD3E7F27A57: receive requestVote(s2, group-5BD3E7F27A57, 183, (t:4, i:3))
2019-09-26 09:49:33,799 INFO  impl.RaftServerImpl (RaftServerImpl.java:setRole(170)) - s0@group-5BD3E7F27A57: changes role from  FOLLOWER to FOLLOWER at term 183 for recognizeCandidate:s2
2019-09-26 09:49:33,799 INFO  impl.RoleInfo (RoleInfo.java:shutdownFollowerState(121)) - s0: shutdown FollowerState
2019-09-26 09:49:33,799 INFO  impl.RoleInfo (RoleInfo.java:updateAndGet(143)) - s0: start FollowerState
2019-09-26 09:49:33,800 INFO  impl.FollowerState (FollowerState.java:run(117)) - s0@group-5BD3E7F27A57-FollowerState was interrupted: java.lang.InterruptedException: sleep interrupted
2019-09-26 09:49:33,800 DEBUG impl.RaftServerImpl (RaftServerImpl.java:requestVote(775)) - s0@group-5BD3E7F27A57 replies to vote request: s2<-s0#0:FAIL-t183. Peer's state: s0@group-5BD3E7F27A57:t183, leader=null, voted=null, raftlog=s0@group-5BD3E7F27A57-SegmentedRaftLog:OPENED:c3,f4,i4, conf=3: [s0:0.0.0.0:41468, s1:0.0.0.0:41619, s2:0.0.0.0:44382], old=null
2019-09-26 09:49:33,914 INFO  impl.LeaderElection (LeaderElection.java:logAndReturn(56)) - s1@group-5BD3E7F27A57-LeaderElection87: Election TIMEOUT; received 1 response(s) [s1<-s0#0:FAIL-t183] and 0 exception(s); s1@group-5BD3E7F27A57:t183, leader=null, voted=s1, raftlog=s1@group-5BD3E7F27A57-SegmentedRaftLog:OPENED:c2,f3,i3, conf=2: [s0:0.0.0.0:41468, s1:0.0.0.0:41619, s2:0.0.0.0:44382], old=null
2019-09-26 09:49:33,927 INFO  impl.LeaderElection (LeaderElection.java:askForVotes(178)) - s1@group-5BD3E7F27A57-LeaderElection87: begin an election at term 184 for 2: [s0:0.0.0.0:41468, s1:0.0.0.0:41619, s2:0.0.0.0:44382], old=null
2019-09-26 09:49:33,927 DEBUG impl.RaftServerImpl (RaftServerImpl.java:requestVote(743)) - s0@group-5BD3E7F27A57: receive requestVote(s1, group-5BD3E7F27A57, 184, (t:3, i:3))
2019-09-26 09:49:33,927 INFO  impl.RaftServerImpl (RaftServerImpl.java:setRole(170)) - s0@group-5BD3E7F27A57: changes role from  FOLLOWER to FOLLOWER at term 184 for recognizeCandidate:s1
2019-09-26 09:49:33,927 INFO  impl.RoleInfo (RoleInfo.java:shutdownFollowerState(121)) - s0: shutdown FollowerState
2019-09-26 09:49:33,928 INFO  impl.RoleInfo (RoleInfo.java:updateAndGet(143)) - s0: start FollowerState
2019-09-26 09:49:33,928 INFO  impl.FollowerState (FollowerState.java:run(117)) - s0@group-5BD3E7F27A57-FollowerState was interrupted: java.lang.InterruptedException: sleep interrupted
2019-09-26 09:49:33,944 DEBUG impl.RaftServerImpl (RaftServerImpl.java:requestVote(775)) - s0@group-5BD3E7F27A57 replies to vote request: s1<-s0#0:FAIL-t184. Peer's state: s0@group-5BD3E7F27A57:t184, leader=null, voted=null, raftlog=s0@group-5BD3E7F27A57-SegmentedRaftLog:OPENED:c3,f4,i4, conf=3: [s0:0.0.0.0:41468, s1:0.0.0.0:41619, s2:0.0.0.0:44382], old=null
2019-09-26 09:49:34,086 INFO  impl.LeaderElection (LeaderElection.java:logAndReturn(56)) - s2@group-5BD3E7F27A57-LeaderElection84: Election TIMEOUT; received 1 response(s) [s2<-s0#0:FAIL-t183] and 0 exception(s); s2@group-5BD3E7F27A57:t183, leader=null, voted=s2, raftlog=s2@group-5BD3E7F27A57-SegmentedRaftLog:OPENED:c1,f3,i3, conf=3: [s0:0.0.0.0:41468, s1:0.0.0.0:41619, s2:0.0.0.0:44382], old=null
2019-09-26 09:49:34,099 INFO  impl.LeaderElection (LeaderElection.java:askForVotes(178)) - s2@group-5BD3E7F27A57-LeaderElection84: begin an election at term 184 for 3: [s0:0.0.0.0:41468, s1:0.0.0.0:41619, s2:0.0.0.0:44382], old=null
2019-09-26 09:49:34,100 DEBUG impl.RaftServerImpl (RaftServerImpl.java:requestVote(743)) - s0@group-5BD3E7F27A57: receive requestVote(s2, group-5BD3E7F27A57, 184, (t:4, i:3))
2019-09-26 09:49:34,100 INFO  impl.RaftServerImpl (RaftServerImpl.java:setRole(170)) - s0@group-5BD3E7F27A57: changes role from  FOLLOWER to FOLLOWER at term 184 for recognizeCandidate:s2
2019-09-26 09:49:34,100 INFO  impl.RoleInfo (RoleInfo.java:shutdownFollowerState(121)) - s0: shutdown FollowerState
2019-09-26 09:49:34,100 INFO  impl.RoleInfo (RoleInfo.java:updateAndGet(143)) - s0: start FollowerState
2019-09-26 09:49:34,101 INFO  impl.FollowerState (FollowerState.java:run(117)) - s0@group-5BD3E7F27A57-FollowerState was interrupted: java.lang.InterruptedException: sleep interrupted
2019-09-26 09:49:34,101 DEBUG impl.RaftServerImpl (RaftServerImpl.java:requestVote(775)) - s0@group-5BD3E7F27A57 replies to vote request: s2<-s0#0:FAIL-t184. Peer's state: s0@group-5BD3E7F27A57:t184, leader=null, voted=null, raftlog=s0@group-5BD3E7F27A57-SegmentedRaftLog:OPENED:c3,f4,i4, conf=3: [s0:0.0.0.0:41468, s1:0.0.0.0:41619, s2:0.0.0.0:44382], old=null
2019-09-26 09:49:34,108 INFO  impl.LeaderElection (LeaderElection.java:logAndReturn(56)) - s1@group-5BD3E7F27A57-LeaderElection87: Election TIMEOUT; received 1 response(s) [s1<-s0#0:FAIL-t184] and 0 exception(s); s1@group-5BD3E7F27A57:t184, leader=null, voted=s1, raftlog=s1@group-5BD3E7F27A57-SegmentedRaftLog:OPENED:c2,f3,i3, conf=2: [s0:0.0.0.0:41468, s1:0.0.0.0:41619, s2:0.0.0.0:44382], old=null
2019-09-26 09:49:34,122 INFO  impl.LeaderElection (LeaderElection.java:askForVotes(178)) - s1@group-5BD3E7F27A57-LeaderElection87: begin an election at term 185 for 2: [s0:0.0.0.0:41468, s1:0.0.0.0:41619, s2:0.0.0.0:44382], old=null
2019-09-26 09:49:34,122 DEBUG impl.RaftServerImpl (RaftServerImpl.java:requestVote(743)) - s0@group-5BD3E7F27A57: receive requestVote(s1, group-5BD3E7F27A57, 185, (t:3, i:3))
2019-09-26 09:49:34,122 INFO  impl.RaftServerImpl (RaftServerImpl.java:setRole(170)) - s0@group-5BD3E7F27A57: changes role from  FOLLOWER to FOLLOWER at term 185 for recognizeCandidate:s1
2019-09-26 09:49:34,122 INFO  impl.RoleInfo (RoleInfo.java:shutdownFollowerState(121)) - s0: shutdown FollowerState
2019-09-26 09:49:34,123 INFO  impl.RoleInfo (RoleInfo.java:updateAndGet(143)) - s0: start FollowerState
2019-09-26 09:49:34,123 INFO  impl.FollowerState (FollowerState.java:run(117)) - s0@group-5BD3E7F27A57-FollowerState was interrupted: java.lang.InterruptedException: sleep interrupted
2019-09-26 09:49:34,136 DEBUG impl.RaftServerImpl (RaftServerImpl.java:requestVote(775)) - s0@group-5BD3E7F27A57 replies to vote request: s1<-s0#0:FAIL-t185. Peer's state: s0@group-5BD3E7F27A57:t185, leader=null, voted=null, raftlog=s0@group-5BD3E7F27A57-SegmentedRaftLog:OPENED:c3,f4,i4, conf=3: [s0:0.0.0.0:41468, s1:0.0.0.0:41619, s2:0.0.0.0:44382], old=null
2019-09-26 09:49:34,138 WARN  ratis.RaftTestUtil (JavaUtils.java:attempt(158)) - FAILED "waitForLeader-null-(expectLeader? true)", attempt #91/100: java.lang.IllegalStateException: No leader yet : printing ALL groups
  s0:  RUNNING  FOLLOWER s0@group-5BD3E7F27A57:t185, leader=null, voted=null, raftlog=s0@group-5BD3E7F27A57-SegmentedRaftLog:OPENED:c3,f4,i4, conf=3: [s0:0.0.0.0:41468, s1:0.0.0.0:41619, s2:0.0.0.0:44382], old=null RUNNING
  s1:  RUNNING CANDIDATE s1@group-5BD3E7F27A57:t185, leader=null, voted=s1, raftlog=s1@group-5BD3E7F27A57-SegmentedRaftLog:OPENED:c2,f3,i3, conf=2: [s0:0.0.0.0:41468, s1:0.0.0.0:41619, s2:0.0.0.0:44382], old=null RUNNING
  s2:  RUNNING CANDIDATE s2@group-5BD3E7F27A57:t184, leader=null, voted=s2, raftlog=s2@group-5BD3E7F27A57-SegmentedRaftLog:OPENED:c1,f3,i3, conf=3: [s0:0.0.0.0:41468, s1:0.0.0.0:41619, s2:0.0.0.0:44382], old=null RUNNING, sleep 450ms and then retry.
java.lang.IllegalStateException: No leader yet : printing ALL groups
  s0:  RUNNING  FOLLOWER s0@group-5BD3E7F27A57:t185, leader=null, voted=null, raftlog=s0@group-5BD3E7F27A57-SegmentedRaftLog:OPENED:c3,f4,i4, conf=3: [s0:0.0.0.0:41468, s1:0.0.0.0:41619, s2:0.0.0.0:44382], old=null RUNNING
  s1:  RUNNING CANDIDATE s1@group-5BD3E7F27A57:t185, leader=null, voted=s1, raftlog=s1@group-5BD3E7F27A57-SegmentedRaftLog:OPENED:c2,f3,i3, conf=2: [s0:0.0.0.0:41468, s1:0.0.0.0:41619, s2:0.0.0.0:44382], old=null RUNNING
  s2:  RUNNING CANDIDATE s2@group-5BD3E7F27A57:t184, leader=null, voted=s2, raftlog=s2@group-5BD3E7F27A57-SegmentedRaftLog:OPENED:c1,f3,i3, conf=3: [s0:0.0.0.0:41468, s1:0.0.0.0:41619, s2:0.0.0.0:44382], old=null RUNNING
	at org.apache.ratis.MiniRaftCluster.newIllegalStateExceptionForNoLeaders(MiniRaftCluster.java:506)
	at org.apache.ratis.RaftTestUtil.lambda$waitForLeader$1(RaftTestUtil.java:90)
	at org.apache.ratis.MiniRaftCluster.getLeader(MiniRaftCluster.java:539)
	at org.apache.ratis.MiniRaftCluster.getLeader(MiniRaftCluster.java:532)
	at org.apache.ratis.RaftTestUtil.lambda$waitForLeader$3(RaftTestUtil.java:98)
	at org.apache.ratis.util.JavaUtils.attempt(JavaUtils.java:152)
	at org.apache.ratis.RaftTestUtil.waitForLeader(RaftTestUtil.java:97)
	at org.apache.ratis.RaftTestUtil.waitForLeader(RaftTestUtil.java:77)
	at org.apache.ratis.RaftTestUtil.waitForLeader(RaftTestUtil.java:72)
	at org.apache.ratis.RaftTestUtil.lambda$changeLeader$7(RaftTestUtil.java:363)
	at org.apache.ratis.util.JavaUtils.attempt(JavaUtils.java:152)
	at org.apache.ratis.RaftTestUtil.changeLeader(RaftTestUtil.java:362)
	at org.apache.ratis.server.impl.LeaderElectionTests.testChangeLeader(LeaderElectionTests.java:81)
	at sun.reflect.NativeMethodAccessorImpl.invoke0(Native Method)
	at sun.reflect.NativeMethodAccessorImpl.invoke(NativeMethodAccessorImpl.java:62)
	at sun.reflect.DelegatingMethodAccessorImpl.invoke(DelegatingMethodAccessorImpl.java:43)
	at java.lang.reflect.Method.invoke(Method.java:498)
	at org.junit.runners.model.FrameworkMethod$1.runReflectiveCall(FrameworkMethod.java:50)
	at org.junit.internal.runners.model.ReflectiveCallable.run(ReflectiveCallable.java:12)
	at org.junit.runners.model.FrameworkMethod.invokeExplosively(FrameworkMethod.java:47)
	at org.junit.internal.runners.statements.InvokeMethod.evaluate(InvokeMethod.java:17)
	at org.junit.internal.runners.statements.RunAfters.evaluate(RunAfters.java:27)
	at org.junit.internal.runners.statements.FailOnTimeout$CallableStatement.call(FailOnTimeout.java:298)
	at org.junit.internal.runners.statements.FailOnTimeout$CallableStatement.call(FailOnTimeout.java:292)
	at java.util.concurrent.FutureTask.run(FutureTask.java:266)
	at java.lang.Thread.run(Thread.java:748)
2019-09-26 09:49:34,334 INFO  impl.LeaderElection (LeaderElection.java:logAndReturn(56)) - s2@group-5BD3E7F27A57-LeaderElection84: Election TIMEOUT; received 1 response(s) [s2<-s0#0:FAIL-t184] and 0 exception(s); s2@group-5BD3E7F27A57:t184, leader=null, voted=s2, raftlog=s2@group-5BD3E7F27A57-SegmentedRaftLog:OPENED:c1,f3,i3, conf=3: [s0:0.0.0.0:41468, s1:0.0.0.0:41619, s2:0.0.0.0:44382], old=null
2019-09-26 09:49:34,348 INFO  impl.LeaderElection (LeaderElection.java:askForVotes(178)) - s2@group-5BD3E7F27A57-LeaderElection84: begin an election at term 185 for 3: [s0:0.0.0.0:41468, s1:0.0.0.0:41619, s2:0.0.0.0:44382], old=null
2019-09-26 09:49:34,348 DEBUG impl.RaftServerImpl (RaftServerImpl.java:requestVote(743)) - s0@group-5BD3E7F27A57: receive requestVote(s2, group-5BD3E7F27A57, 185, (t:4, i:3))
2019-09-26 09:49:34,348 INFO  impl.RaftServerImpl (RaftServerImpl.java:setRole(170)) - s0@group-5BD3E7F27A57: changes role from  FOLLOWER to FOLLOWER at term 185 for recognizeCandidate:s2
2019-09-26 09:49:34,348 INFO  impl.RoleInfo (RoleInfo.java:shutdownFollowerState(121)) - s0: shutdown FollowerState
2019-09-26 09:49:34,349 INFO  impl.RoleInfo (RoleInfo.java:updateAndGet(143)) - s0: start FollowerState
2019-09-26 09:49:34,349 INFO  impl.FollowerState (FollowerState.java:run(117)) - s0@group-5BD3E7F27A57-FollowerState was interrupted: java.lang.InterruptedException: sleep interrupted
2019-09-26 09:49:34,349 DEBUG impl.RaftServerImpl (RaftServerImpl.java:requestVote(775)) - s0@group-5BD3E7F27A57 replies to vote request: s2<-s0#0:FAIL-t185. Peer's state: s0@group-5BD3E7F27A57:t185, leader=null, voted=null, raftlog=s0@group-5BD3E7F27A57-SegmentedRaftLog:OPENED:c3,f4,i4, conf=3: [s0:0.0.0.0:41468, s1:0.0.0.0:41619, s2:0.0.0.0:44382], old=null
2019-09-26 09:49:34,361 INFO  impl.LeaderElection (LeaderElection.java:logAndReturn(56)) - s1@group-5BD3E7F27A57-LeaderElection87: Election TIMEOUT; received 1 response(s) [s1<-s0#0:FAIL-t185] and 0 exception(s); s1@group-5BD3E7F27A57:t185, leader=null, voted=s1, raftlog=s1@group-5BD3E7F27A57-SegmentedRaftLog:OPENED:c2,f3,i3, conf=2: [s0:0.0.0.0:41468, s1:0.0.0.0:41619, s2:0.0.0.0:44382], old=null
2019-09-26 09:49:34,374 INFO  impl.LeaderElection (LeaderElection.java:askForVotes(178)) - s1@group-5BD3E7F27A57-LeaderElection87: begin an election at term 186 for 2: [s0:0.0.0.0:41468, s1:0.0.0.0:41619, s2:0.0.0.0:44382], old=null
2019-09-26 09:49:34,375 DEBUG impl.RaftServerImpl (RaftServerImpl.java:requestVote(743)) - s0@group-5BD3E7F27A57: receive requestVote(s1, group-5BD3E7F27A57, 186, (t:3, i:3))
2019-09-26 09:49:34,375 INFO  impl.RaftServerImpl (RaftServerImpl.java:setRole(170)) - s0@group-5BD3E7F27A57: changes role from  FOLLOWER to FOLLOWER at term 186 for recognizeCandidate:s1
2019-09-26 09:49:34,375 INFO  impl.RoleInfo (RoleInfo.java:shutdownFollowerState(121)) - s0: shutdown FollowerState
2019-09-26 09:49:34,375 INFO  impl.RoleInfo (RoleInfo.java:updateAndGet(143)) - s0: start FollowerState
2019-09-26 09:49:34,376 INFO  impl.FollowerState (FollowerState.java:run(117)) - s0@group-5BD3E7F27A57-FollowerState was interrupted: java.lang.InterruptedException: sleep interrupted
2019-09-26 09:49:34,389 DEBUG impl.RaftServerImpl (RaftServerImpl.java:requestVote(775)) - s0@group-5BD3E7F27A57 replies to vote request: s1<-s0#0:FAIL-t186. Peer's state: s0@group-5BD3E7F27A57:t186, leader=null, voted=null, raftlog=s0@group-5BD3E7F27A57-SegmentedRaftLog:OPENED:c3,f4,i4, conf=3: [s0:0.0.0.0:41468, s1:0.0.0.0:41619, s2:0.0.0.0:44382], old=null
2019-09-26 09:49:34,564 INFO  impl.LeaderElection (LeaderElection.java:logAndReturn(56)) - s2@group-5BD3E7F27A57-LeaderElection84: Election TIMEOUT; received 1 response(s) [s2<-s0#0:FAIL-t185] and 0 exception(s); s2@group-5BD3E7F27A57:t185, leader=null, voted=s2, raftlog=s2@group-5BD3E7F27A57-SegmentedRaftLog:OPENED:c1,f3,i3, conf=3: [s0:0.0.0.0:41468, s1:0.0.0.0:41619, s2:0.0.0.0:44382], old=null
2019-09-26 09:49:34,578 INFO  impl.LeaderElection (LeaderElection.java:askForVotes(178)) - s2@group-5BD3E7F27A57-LeaderElection84: begin an election at term 186 for 3: [s0:0.0.0.0:41468, s1:0.0.0.0:41619, s2:0.0.0.0:44382], old=null
2019-09-26 09:49:34,579 DEBUG impl.RaftServerImpl (RaftServerImpl.java:requestVote(743)) - s0@group-5BD3E7F27A57: receive requestVote(s2, group-5BD3E7F27A57, 186, (t:4, i:3))
2019-09-26 09:49:34,579 INFO  impl.RaftServerImpl (RaftServerImpl.java:setRole(170)) - s0@group-5BD3E7F27A57: changes role from  FOLLOWER to FOLLOWER at term 186 for recognizeCandidate:s2
2019-09-26 09:49:34,579 INFO  impl.RoleInfo (RoleInfo.java:shutdownFollowerState(121)) - s0: shutdown FollowerState
2019-09-26 09:49:34,580 INFO  impl.RoleInfo (RoleInfo.java:updateAndGet(143)) - s0: start FollowerState
2019-09-26 09:49:34,580 INFO  impl.FollowerState (FollowerState.java:run(117)) - s0@group-5BD3E7F27A57-FollowerState was interrupted: java.lang.InterruptedException: sleep interrupted
2019-09-26 09:49:34,580 DEBUG impl.RaftServerImpl (RaftServerImpl.java:requestVote(775)) - s0@group-5BD3E7F27A57 replies to vote request: s2<-s0#0:FAIL-t186. Peer's state: s0@group-5BD3E7F27A57:t186, leader=null, voted=null, raftlog=s0@group-5BD3E7F27A57-SegmentedRaftLog:OPENED:c3,f4,i4, conf=3: [s0:0.0.0.0:41468, s1:0.0.0.0:41619, s2:0.0.0.0:44382], old=null
2019-09-26 09:49:34,584 INFO  impl.LeaderElection (LeaderElection.java:logAndReturn(56)) - s1@group-5BD3E7F27A57-LeaderElection87: Election TIMEOUT; received 1 response(s) [s1<-s0#0:FAIL-t186] and 0 exception(s); s1@group-5BD3E7F27A57:t186, leader=null, voted=s1, raftlog=s1@group-5BD3E7F27A57-SegmentedRaftLog:OPENED:c2,f3,i3, conf=2: [s0:0.0.0.0:41468, s1:0.0.0.0:41619, s2:0.0.0.0:44382], old=null
2019-09-26 09:49:34,588 WARN  ratis.RaftTestUtil (JavaUtils.java:attempt(158)) - FAILED "waitForLeader-null-(expectLeader? true)", attempt #92/100: java.lang.IllegalStateException: No leader yet : printing ALL groups
  s0:  RUNNING  FOLLOWER s0@group-5BD3E7F27A57:t186, leader=null, voted=null, raftlog=s0@group-5BD3E7F27A57-SegmentedRaftLog:OPENED:c3,f4,i4, conf=3: [s0:0.0.0.0:41468, s1:0.0.0.0:41619, s2:0.0.0.0:44382], old=null RUNNING
  s1:  RUNNING CANDIDATE s1@group-5BD3E7F27A57:t187, leader=null, voted=s1, raftlog=s1@group-5BD3E7F27A57-SegmentedRaftLog:OPENED:c2,f3,i3, conf=2: [s0:0.0.0.0:41468, s1:0.0.0.0:41619, s2:0.0.0.0:44382], old=null RUNNING
  s2:  RUNNING CANDIDATE s2@group-5BD3E7F27A57:t186, leader=null, voted=s2, raftlog=s2@group-5BD3E7F27A57-SegmentedRaftLog:OPENED:c1,f3,i3, conf=3: [s0:0.0.0.0:41468, s1:0.0.0.0:41619, s2:0.0.0.0:44382], old=null RUNNING, sleep 450ms and then retry.
java.lang.IllegalStateException: No leader yet : printing ALL groups
  s0:  RUNNING  FOLLOWER s0@group-5BD3E7F27A57:t186, leader=null, voted=null, raftlog=s0@group-5BD3E7F27A57-SegmentedRaftLog:OPENED:c3,f4,i4, conf=3: [s0:0.0.0.0:41468, s1:0.0.0.0:41619, s2:0.0.0.0:44382], old=null RUNNING
  s1:  RUNNING CANDIDATE s1@group-5BD3E7F27A57:t187, leader=null, voted=s1, raftlog=s1@group-5BD3E7F27A57-SegmentedRaftLog:OPENED:c2,f3,i3, conf=2: [s0:0.0.0.0:41468, s1:0.0.0.0:41619, s2:0.0.0.0:44382], old=null RUNNING
  s2:  RUNNING CANDIDATE s2@group-5BD3E7F27A57:t186, leader=null, voted=s2, raftlog=s2@group-5BD3E7F27A57-SegmentedRaftLog:OPENED:c1,f3,i3, conf=3: [s0:0.0.0.0:41468, s1:0.0.0.0:41619, s2:0.0.0.0:44382], old=null RUNNING
	at org.apache.ratis.MiniRaftCluster.newIllegalStateExceptionForNoLeaders(MiniRaftCluster.java:506)
	at org.apache.ratis.RaftTestUtil.lambda$waitForLeader$1(RaftTestUtil.java:90)
	at org.apache.ratis.MiniRaftCluster.getLeader(MiniRaftCluster.java:539)
	at org.apache.ratis.MiniRaftCluster.getLeader(MiniRaftCluster.java:532)
	at org.apache.ratis.RaftTestUtil.lambda$waitForLeader$3(RaftTestUtil.java:98)
	at org.apache.ratis.util.JavaUtils.attempt(JavaUtils.java:152)
	at org.apache.ratis.RaftTestUtil.waitForLeader(RaftTestUtil.java:97)
	at org.apache.ratis.RaftTestUtil.waitForLeader(RaftTestUtil.java:77)
	at org.apache.ratis.RaftTestUtil.waitForLeader(RaftTestUtil.java:72)
	at org.apache.ratis.RaftTestUtil.lambda$changeLeader$7(RaftTestUtil.java:363)
	at org.apache.ratis.util.JavaUtils.attempt(JavaUtils.java:152)
	at org.apache.ratis.RaftTestUtil.changeLeader(RaftTestUtil.java:362)
	at org.apache.ratis.server.impl.LeaderElectionTests.testChangeLeader(LeaderElectionTests.java:81)
	at sun.reflect.NativeMethodAccessorImpl.invoke0(Native Method)
	at sun.reflect.NativeMethodAccessorImpl.invoke(NativeMethodAccessorImpl.java:62)
	at sun.reflect.DelegatingMethodAccessorImpl.invoke(DelegatingMethodAccessorImpl.java:43)
	at java.lang.reflect.Method.invoke(Method.java:498)
	at org.junit.runners.model.FrameworkMethod$1.runReflectiveCall(FrameworkMethod.java:50)
	at org.junit.internal.runners.model.ReflectiveCallable.run(ReflectiveCallable.java:12)
	at org.junit.runners.model.FrameworkMethod.invokeExplosively(FrameworkMethod.java:47)
	at org.junit.internal.runners.statements.InvokeMethod.evaluate(InvokeMethod.java:17)
	at org.junit.internal.runners.statements.RunAfters.evaluate(RunAfters.java:27)
	at org.junit.internal.runners.statements.FailOnTimeout$CallableStatement.call(FailOnTimeout.java:298)
	at org.junit.internal.runners.statements.FailOnTimeout$CallableStatement.call(FailOnTimeout.java:292)
	at java.util.concurrent.FutureTask.run(FutureTask.java:266)
	at java.lang.Thread.run(Thread.java:748)
2019-09-26 09:49:34,596 INFO  impl.LeaderElection (LeaderElection.java:askForVotes(178)) - s1@group-5BD3E7F27A57-LeaderElection87: begin an election at term 187 for 2: [s0:0.0.0.0:41468, s1:0.0.0.0:41619, s2:0.0.0.0:44382], old=null
2019-09-26 09:49:34,596 DEBUG impl.RaftServerImpl (RaftServerImpl.java:requestVote(743)) - s0@group-5BD3E7F27A57: receive requestVote(s1, group-5BD3E7F27A57, 187, (t:3, i:3))
2019-09-26 09:49:34,596 INFO  impl.RaftServerImpl (RaftServerImpl.java:setRole(170)) - s0@group-5BD3E7F27A57: changes role from  FOLLOWER to FOLLOWER at term 187 for recognizeCandidate:s1
2019-09-26 09:49:34,597 INFO  impl.RoleInfo (RoleInfo.java:shutdownFollowerState(121)) - s0: shutdown FollowerState
2019-09-26 09:49:34,597 INFO  impl.RoleInfo (RoleInfo.java:updateAndGet(143)) - s0: start FollowerState
2019-09-26 09:49:34,597 INFO  impl.FollowerState (FollowerState.java:run(117)) - s0@group-5BD3E7F27A57-FollowerState was interrupted: java.lang.InterruptedException: sleep interrupted
2019-09-26 09:49:34,610 DEBUG impl.RaftServerImpl (RaftServerImpl.java:requestVote(775)) - s0@group-5BD3E7F27A57 replies to vote request: s1<-s0#0:FAIL-t187. Peer's state: s0@group-5BD3E7F27A57:t187, leader=null, voted=null, raftlog=s0@group-5BD3E7F27A57-SegmentedRaftLog:OPENED:c3,f4,i4, conf=3: [s0:0.0.0.0:41468, s1:0.0.0.0:41619, s2:0.0.0.0:44382], old=null
2019-09-26 09:49:34,762 INFO  impl.LeaderElection (LeaderElection.java:logAndReturn(56)) - s2@group-5BD3E7F27A57-LeaderElection84: Election TIMEOUT; received 1 response(s) [s2<-s0#0:FAIL-t186] and 0 exception(s); s2@group-5BD3E7F27A57:t186, leader=null, voted=s2, raftlog=s2@group-5BD3E7F27A57-SegmentedRaftLog:OPENED:c1,f3,i3, conf=3: [s0:0.0.0.0:41468, s1:0.0.0.0:41619, s2:0.0.0.0:44382], old=null
2019-09-26 09:49:34,771 INFO  impl.LeaderElection (LeaderElection.java:logAndReturn(56)) - s1@group-5BD3E7F27A57-LeaderElection87: Election TIMEOUT; received 1 response(s) [s1<-s0#0:FAIL-t187] and 0 exception(s); s1@group-5BD3E7F27A57:t187, leader=null, voted=s1, raftlog=s1@group-5BD3E7F27A57-SegmentedRaftLog:OPENED:c2,f3,i3, conf=2: [s0:0.0.0.0:41468, s1:0.0.0.0:41619, s2:0.0.0.0:44382], old=null
2019-09-26 09:49:34,783 INFO  impl.LeaderElection (LeaderElection.java:askForVotes(178)) - s1@group-5BD3E7F27A57-LeaderElection87: begin an election at term 188 for 2: [s0:0.0.0.0:41468, s1:0.0.0.0:41619, s2:0.0.0.0:44382], old=null
2019-09-26 09:49:34,783 INFO  impl.LeaderElection (LeaderElection.java:askForVotes(178)) - s2@group-5BD3E7F27A57-LeaderElection84: begin an election at term 187 for 3: [s0:0.0.0.0:41468, s1:0.0.0.0:41619, s2:0.0.0.0:44382], old=null
2019-09-26 09:49:34,783 DEBUG impl.RaftServerImpl (RaftServerImpl.java:requestVote(743)) - s0@group-5BD3E7F27A57: receive requestVote(s1, group-5BD3E7F27A57, 188, (t:3, i:3))
2019-09-26 09:49:34,783 INFO  impl.RaftServerImpl (RaftServerImpl.java:setRole(170)) - s0@group-5BD3E7F27A57: changes role from  FOLLOWER to FOLLOWER at term 188 for recognizeCandidate:s1
2019-09-26 09:49:34,783 DEBUG impl.RaftServerImpl (RaftServerImpl.java:requestVote(743)) - s0@group-5BD3E7F27A57: receive requestVote(s2, group-5BD3E7F27A57, 187, (t:4, i:3))
2019-09-26 09:49:34,783 INFO  impl.RoleInfo (RoleInfo.java:shutdownFollowerState(121)) - s0: shutdown FollowerState
2019-09-26 09:49:34,784 INFO  impl.RoleInfo (RoleInfo.java:updateAndGet(143)) - s0: start FollowerState
2019-09-26 09:49:34,784 INFO  impl.FollowerState (FollowerState.java:run(117)) - s0@group-5BD3E7F27A57-FollowerState was interrupted: java.lang.InterruptedException: sleep interrupted
2019-09-26 09:49:34,797 DEBUG impl.RaftServerImpl (RaftServerImpl.java:requestVote(775)) - s0@group-5BD3E7F27A57 replies to vote request: s1<-s0#0:FAIL-t188. Peer's state: s0@group-5BD3E7F27A57:t188, leader=null, voted=null, raftlog=s0@group-5BD3E7F27A57-SegmentedRaftLog:OPENED:c3,f4,i4, conf=3: [s0:0.0.0.0:41468, s1:0.0.0.0:41619, s2:0.0.0.0:44382], old=null
2019-09-26 09:49:34,798 DEBUG impl.RaftServerImpl (RaftServerImpl.java:requestVote(775)) - s0@group-5BD3E7F27A57 replies to vote request: s2<-s0#0:FAIL-t188. Peer's state: s0@group-5BD3E7F27A57:t188, leader=null, voted=null, raftlog=s0@group-5BD3E7F27A57-SegmentedRaftLog:OPENED:c3,f4,i4, conf=3: [s0:0.0.0.0:41468, s1:0.0.0.0:41619, s2:0.0.0.0:44382], old=null
2019-09-26 09:49:34,798 INFO  impl.LeaderElection (LeaderElection.java:logAndReturn(56)) - s2@group-5BD3E7F27A57-LeaderElection84: Election DISCOVERED_A_NEW_TERM; received 1 response(s) [s2<-s0#0:FAIL-t188] and 0 exception(s); s2@group-5BD3E7F27A57:t187, leader=null, voted=s2, raftlog=s2@group-5BD3E7F27A57-SegmentedRaftLog:OPENED:c1,f3,i3, conf=3: [s0:0.0.0.0:41468, s1:0.0.0.0:41619, s2:0.0.0.0:44382], old=null
2019-09-26 09:49:34,798 INFO  impl.RaftServerImpl (RaftServerImpl.java:setRole(170)) - s2@group-5BD3E7F27A57: changes role from CANDIDATE to FOLLOWER at term 188 for DISCOVERED_A_NEW_TERM
2019-09-26 09:49:34,798 INFO  impl.RoleInfo (RoleInfo.java:shutdownLeaderElection(134)) - s2: shutdown LeaderElection
2019-09-26 09:49:34,798 INFO  impl.RoleInfo (RoleInfo.java:updateAndGet(143)) - s2: start FollowerState
2019-09-26 09:49:35,040 WARN  ratis.RaftTestUtil (JavaUtils.java:attempt(158)) - FAILED "waitForLeader-null-(expectLeader? true)", attempt #93/100: java.lang.IllegalStateException: No leader yet : printing ALL groups
  s0:  RUNNING  FOLLOWER s0@group-5BD3E7F27A57:t188, leader=null, voted=null, raftlog=s0@group-5BD3E7F27A57-SegmentedRaftLog:OPENED:c3,f4,i4, conf=3: [s0:0.0.0.0:41468, s1:0.0.0.0:41619, s2:0.0.0.0:44382], old=null RUNNING
  s1:  RUNNING CANDIDATE s1@group-5BD3E7F27A57:t188, leader=null, voted=s1, raftlog=s1@group-5BD3E7F27A57-SegmentedRaftLog:OPENED:c2,f3,i3, conf=2: [s0:0.0.0.0:41468, s1:0.0.0.0:41619, s2:0.0.0.0:44382], old=null RUNNING
  s2:  RUNNING  FOLLOWER s2@group-5BD3E7F27A57:t188, leader=null, voted=null, raftlog=s2@group-5BD3E7F27A57-SegmentedRaftLog:OPENED:c1,f3,i3, conf=3: [s0:0.0.0.0:41468, s1:0.0.0.0:41619, s2:0.0.0.0:44382], old=null RUNNING, sleep 450ms and then retry.
java.lang.IllegalStateException: No leader yet : printing ALL groups
  s0:  RUNNING  FOLLOWER s0@group-5BD3E7F27A57:t188, leader=null, voted=null, raftlog=s0@group-5BD3E7F27A57-SegmentedRaftLog:OPENED:c3,f4,i4, conf=3: [s0:0.0.0.0:41468, s1:0.0.0.0:41619, s2:0.0.0.0:44382], old=null RUNNING
  s1:  RUNNING CANDIDATE s1@group-5BD3E7F27A57:t188, leader=null, voted=s1, raftlog=s1@group-5BD3E7F27A57-SegmentedRaftLog:OPENED:c2,f3,i3, conf=2: [s0:0.0.0.0:41468, s1:0.0.0.0:41619, s2:0.0.0.0:44382], old=null RUNNING
  s2:  RUNNING  FOLLOWER s2@group-5BD3E7F27A57:t188, leader=null, voted=null, raftlog=s2@group-5BD3E7F27A57-SegmentedRaftLog:OPENED:c1,f3,i3, conf=3: [s0:0.0.0.0:41468, s1:0.0.0.0:41619, s2:0.0.0.0:44382], old=null RUNNING
	at org.apache.ratis.MiniRaftCluster.newIllegalStateExceptionForNoLeaders(MiniRaftCluster.java:506)
	at org.apache.ratis.RaftTestUtil.lambda$waitForLeader$1(RaftTestUtil.java:90)
	at org.apache.ratis.MiniRaftCluster.getLeader(MiniRaftCluster.java:539)
	at org.apache.ratis.MiniRaftCluster.getLeader(MiniRaftCluster.java:532)
	at org.apache.ratis.RaftTestUtil.lambda$waitForLeader$3(RaftTestUtil.java:98)
	at org.apache.ratis.util.JavaUtils.attempt(JavaUtils.java:152)
	at org.apache.ratis.RaftTestUtil.waitForLeader(RaftTestUtil.java:97)
	at org.apache.ratis.RaftTestUtil.waitForLeader(RaftTestUtil.java:77)
	at org.apache.ratis.RaftTestUtil.waitForLeader(RaftTestUtil.java:72)
	at org.apache.ratis.RaftTestUtil.lambda$changeLeader$7(RaftTestUtil.java:363)
	at org.apache.ratis.util.JavaUtils.attempt(JavaUtils.java:152)
	at org.apache.ratis.RaftTestUtil.changeLeader(RaftTestUtil.java:362)
	at org.apache.ratis.server.impl.LeaderElectionTests.testChangeLeader(LeaderElectionTests.java:81)
	at sun.reflect.NativeMethodAccessorImpl.invoke0(Native Method)
	at sun.reflect.NativeMethodAccessorImpl.invoke(NativeMethodAccessorImpl.java:62)
	at sun.reflect.DelegatingMethodAccessorImpl.invoke(DelegatingMethodAccessorImpl.java:43)
	at java.lang.reflect.Method.invoke(Method.java:498)
	at org.junit.runners.model.FrameworkMethod$1.runReflectiveCall(FrameworkMethod.java:50)
	at org.junit.internal.runners.model.ReflectiveCallable.run(ReflectiveCallable.java:12)
	at org.junit.runners.model.FrameworkMethod.invokeExplosively(FrameworkMethod.java:47)
	at org.junit.internal.runners.statements.InvokeMethod.evaluate(InvokeMethod.java:17)
	at org.junit.internal.runners.statements.RunAfters.evaluate(RunAfters.java:27)
	at org.junit.internal.runners.statements.FailOnTimeout$CallableStatement.call(FailOnTimeout.java:298)
	at org.junit.internal.runners.statements.FailOnTimeout$CallableStatement.call(FailOnTimeout.java:292)
	at java.util.concurrent.FutureTask.run(FutureTask.java:266)
	at java.lang.Thread.run(Thread.java:748)
2019-09-26 09:49:35,044 INFO  impl.FollowerState (FollowerState.java:run(108)) - s0@group-5BD3E7F27A57-FollowerState: change to CANDIDATE, lastRpcTime:260ms, electionTimeout:260ms
2019-09-26 09:49:35,045 INFO  impl.RoleInfo (RoleInfo.java:shutdownFollowerState(121)) - s0: shutdown FollowerState
2019-09-26 09:49:35,045 INFO  impl.RaftServerImpl (RaftServerImpl.java:setRole(170)) - s0@group-5BD3E7F27A57: changes role from  FOLLOWER to CANDIDATE at term 188 for changeToCandidate
2019-09-26 09:49:35,045 INFO  impl.RoleInfo (RoleInfo.java:updateAndGet(143)) - s0: start LeaderElection
2019-09-26 09:49:35,058 INFO  impl.LeaderElection (LeaderElection.java:askForVotes(178)) - s0@group-5BD3E7F27A57-LeaderElection88: begin an election at term 189 for 3: [s0:0.0.0.0:41468, s1:0.0.0.0:41619, s2:0.0.0.0:44382], old=null
2019-09-26 09:49:35,073 INFO  impl.LeaderElection (LeaderElection.java:logAndReturn(56)) - s1@group-5BD3E7F27A57-LeaderElection87: Election TIMEOUT; received 1 response(s) [s1<-s0#0:FAIL-t188] and 0 exception(s); s1@group-5BD3E7F27A57:t188, leader=null, voted=s1, raftlog=s1@group-5BD3E7F27A57-SegmentedRaftLog:OPENED:c2,f3,i3, conf=2: [s0:0.0.0.0:41468, s1:0.0.0.0:41619, s2:0.0.0.0:44382], old=null
2019-09-26 09:49:35,081 INFO  impl.FollowerState (FollowerState.java:run(108)) - s2@group-5BD3E7F27A57-FollowerState: change to CANDIDATE, lastRpcTime:282ms, electionTimeout:282ms
2019-09-26 09:49:35,081 INFO  impl.RoleInfo (RoleInfo.java:shutdownFollowerState(121)) - s2: shutdown FollowerState
2019-09-26 09:49:35,081 INFO  impl.RaftServerImpl (RaftServerImpl.java:setRole(170)) - s2@group-5BD3E7F27A57: changes role from  FOLLOWER to CANDIDATE at term 188 for changeToCandidate
2019-09-26 09:49:35,081 INFO  impl.RoleInfo (RoleInfo.java:updateAndGet(143)) - s2: start LeaderElection
2019-09-26 09:49:35,082 INFO  impl.LeaderElection (LeaderElection.java:askForVotes(178)) - s1@group-5BD3E7F27A57-LeaderElection87: begin an election at term 189 for 2: [s0:0.0.0.0:41468, s1:0.0.0.0:41619, s2:0.0.0.0:44382], old=null
2019-09-26 09:49:35,082 DEBUG impl.RaftServerImpl (RaftServerImpl.java:requestVote(743)) - s0@group-5BD3E7F27A57: receive requestVote(s1, group-5BD3E7F27A57, 189, (t:3, i:3))
2019-09-26 09:49:35,082 DEBUG impl.RaftServerImpl (RaftServerImpl.java:requestVote(775)) - s0@group-5BD3E7F27A57 replies to vote request: s1<-s0#0:FAIL-t189. Peer's state: s0@group-5BD3E7F27A57:t189, leader=null, voted=s0, raftlog=s0@group-5BD3E7F27A57-SegmentedRaftLog:OPENED:c3,f4,i4, conf=3: [s0:0.0.0.0:41468, s1:0.0.0.0:41619, s2:0.0.0.0:44382], old=null
2019-09-26 09:49:35,095 INFO  impl.LeaderElection (LeaderElection.java:askForVotes(178)) - s2@group-5BD3E7F27A57-LeaderElection89: begin an election at term 189 for 3: [s0:0.0.0.0:41468, s1:0.0.0.0:41619, s2:0.0.0.0:44382], old=null
2019-09-26 09:49:35,095 DEBUG impl.RaftServerImpl (RaftServerImpl.java:requestVote(743)) - s0@group-5BD3E7F27A57: receive requestVote(s2, group-5BD3E7F27A57, 189, (t:4, i:3))
2019-09-26 09:49:35,096 DEBUG impl.RaftServerImpl (RaftServerImpl.java:requestVote(775)) - s0@group-5BD3E7F27A57 replies to vote request: s2<-s0#0:FAIL-t189. Peer's state: s0@group-5BD3E7F27A57:t189, leader=null, voted=s0, raftlog=s0@group-5BD3E7F27A57-SegmentedRaftLog:OPENED:c3,f4,i4, conf=3: [s0:0.0.0.0:41468, s1:0.0.0.0:41619, s2:0.0.0.0:44382], old=null
2019-09-26 09:49:35,237 INFO  impl.LeaderElection (LeaderElection.java:logAndReturn(56)) - s1@group-5BD3E7F27A57-LeaderElection87: Election TIMEOUT; received 1 response(s) [s1<-s0#0:FAIL-t189] and 0 exception(s); s1@group-5BD3E7F27A57:t189, leader=null, voted=s1, raftlog=s1@group-5BD3E7F27A57-SegmentedRaftLog:OPENED:c2,f3,i3, conf=2: [s0:0.0.0.0:41468, s1:0.0.0.0:41619, s2:0.0.0.0:44382], old=null
2019-09-26 09:49:35,250 INFO  impl.LeaderElection (LeaderElection.java:askForVotes(178)) - s1@group-5BD3E7F27A57-LeaderElection87: begin an election at term 190 for 2: [s0:0.0.0.0:41468, s1:0.0.0.0:41619, s2:0.0.0.0:44382], old=null
2019-09-26 09:49:35,250 DEBUG impl.RaftServerImpl (RaftServerImpl.java:requestVote(743)) - s0@group-5BD3E7F27A57: receive requestVote(s1, group-5BD3E7F27A57, 190, (t:3, i:3))
2019-09-26 09:49:35,251 INFO  impl.RaftServerImpl (RaftServerImpl.java:setRole(170)) - s0@group-5BD3E7F27A57: changes role from CANDIDATE to FOLLOWER at term 190 for recognizeCandidate:s1
2019-09-26 09:49:35,251 INFO  impl.RoleInfo (RoleInfo.java:shutdownLeaderElection(134)) - s0: shutdown LeaderElection
2019-09-26 09:49:35,251 INFO  impl.RoleInfo (RoleInfo.java:updateAndGet(143)) - s0: start FollowerState
2019-09-26 09:49:35,253 INFO  impl.LeaderElection (LeaderElection.java:logAndReturn(56)) - s0@group-5BD3E7F27A57-LeaderElection88: Election REJECTED; received 0 response(s) [] and 0 exception(s); s0@group-5BD3E7F27A57:t190, leader=null, voted=null, raftlog=s0@group-5BD3E7F27A57-SegmentedRaftLog:OPENED:c3,f4,i4, conf=3: [s0:0.0.0.0:41468, s1:0.0.0.0:41619, s2:0.0.0.0:44382], old=null
2019-09-26 09:49:35,277 DEBUG impl.RaftServerImpl (RaftServerImpl.java:requestVote(775)) - s0@group-5BD3E7F27A57 replies to vote request: s1<-s0#0:FAIL-t190. Peer's state: s0@group-5BD3E7F27A57:t190, leader=null, voted=null, raftlog=s0@group-5BD3E7F27A57-SegmentedRaftLog:OPENED:c3,f4,i4, conf=3: [s0:0.0.0.0:41468, s1:0.0.0.0:41619, s2:0.0.0.0:44382], old=null
2019-09-26 09:49:35,395 INFO  impl.LeaderElection (LeaderElection.java:logAndReturn(56)) - s2@group-5BD3E7F27A57-LeaderElection89: Election TIMEOUT; received 1 response(s) [s2<-s0#0:FAIL-t189] and 0 exception(s); s2@group-5BD3E7F27A57:t189, leader=null, voted=s2, raftlog=s2@group-5BD3E7F27A57-SegmentedRaftLog:OPENED:c1,f3,i3, conf=3: [s0:0.0.0.0:41468, s1:0.0.0.0:41619, s2:0.0.0.0:44382], old=null
2019-09-26 09:49:35,408 INFO  impl.LeaderElection (LeaderElection.java:askForVotes(178)) - s2@group-5BD3E7F27A57-LeaderElection89: begin an election at term 190 for 3: [s0:0.0.0.0:41468, s1:0.0.0.0:41619, s2:0.0.0.0:44382], old=null
2019-09-26 09:49:35,409 DEBUG impl.RaftServerImpl (RaftServerImpl.java:requestVote(743)) - s0@group-5BD3E7F27A57: receive requestVote(s2, group-5BD3E7F27A57, 190, (t:4, i:3))
2019-09-26 09:49:35,409 INFO  impl.RaftServerImpl (RaftServerImpl.java:setRole(170)) - s0@group-5BD3E7F27A57: changes role from  FOLLOWER to FOLLOWER at term 190 for recognizeCandidate:s2
2019-09-26 09:49:35,409 INFO  impl.RoleInfo (RoleInfo.java:shutdownFollowerState(121)) - s0: shutdown FollowerState
2019-09-26 09:49:35,409 INFO  impl.RoleInfo (RoleInfo.java:updateAndGet(143)) - s0: start FollowerState
2019-09-26 09:49:35,409 INFO  impl.FollowerState (FollowerState.java:run(117)) - s0@group-5BD3E7F27A57-FollowerState was interrupted: java.lang.InterruptedException: sleep interrupted
2019-09-26 09:49:35,409 DEBUG impl.RaftServerImpl (RaftServerImpl.java:requestVote(775)) - s0@group-5BD3E7F27A57 replies to vote request: s2<-s0#0:FAIL-t190. Peer's state: s0@group-5BD3E7F27A57:t190, leader=null, voted=null, raftlog=s0@group-5BD3E7F27A57-SegmentedRaftLog:OPENED:c3,f4,i4, conf=3: [s0:0.0.0.0:41468, s1:0.0.0.0:41619, s2:0.0.0.0:44382], old=null
2019-09-26 09:49:35,491 WARN  ratis.RaftTestUtil (JavaUtils.java:attempt(158)) - FAILED "waitForLeader-null-(expectLeader? true)", attempt #94/100: java.lang.IllegalStateException: No leader yet : printing ALL groups
  s0:  RUNNING  FOLLOWER s0@group-5BD3E7F27A57:t190, leader=null, voted=null, raftlog=s0@group-5BD3E7F27A57-SegmentedRaftLog:OPENED:c3,f4,i4, conf=3: [s0:0.0.0.0:41468, s1:0.0.0.0:41619, s2:0.0.0.0:44382], old=null RUNNING
  s1:  RUNNING CANDIDATE s1@group-5BD3E7F27A57:t190, leader=null, voted=s1, raftlog=s1@group-5BD3E7F27A57-SegmentedRaftLog:OPENED:c2,f3,i3, conf=2: [s0:0.0.0.0:41468, s1:0.0.0.0:41619, s2:0.0.0.0:44382], old=null RUNNING
  s2:  RUNNING CANDIDATE s2@group-5BD3E7F27A57:t190, leader=null, voted=s2, raftlog=s2@group-5BD3E7F27A57-SegmentedRaftLog:OPENED:c1,f3,i3, conf=3: [s0:0.0.0.0:41468, s1:0.0.0.0:41619, s2:0.0.0.0:44382], old=null RUNNING, sleep 450ms and then retry.
java.lang.IllegalStateException: No leader yet : printing ALL groups
  s0:  RUNNING  FOLLOWER s0@group-5BD3E7F27A57:t190, leader=null, voted=null, raftlog=s0@group-5BD3E7F27A57-SegmentedRaftLog:OPENED:c3,f4,i4, conf=3: [s0:0.0.0.0:41468, s1:0.0.0.0:41619, s2:0.0.0.0:44382], old=null RUNNING
  s1:  RUNNING CANDIDATE s1@group-5BD3E7F27A57:t190, leader=null, voted=s1, raftlog=s1@group-5BD3E7F27A57-SegmentedRaftLog:OPENED:c2,f3,i3, conf=2: [s0:0.0.0.0:41468, s1:0.0.0.0:41619, s2:0.0.0.0:44382], old=null RUNNING
  s2:  RUNNING CANDIDATE s2@group-5BD3E7F27A57:t190, leader=null, voted=s2, raftlog=s2@group-5BD3E7F27A57-SegmentedRaftLog:OPENED:c1,f3,i3, conf=3: [s0:0.0.0.0:41468, s1:0.0.0.0:41619, s2:0.0.0.0:44382], old=null RUNNING
	at org.apache.ratis.MiniRaftCluster.newIllegalStateExceptionForNoLeaders(MiniRaftCluster.java:506)
	at org.apache.ratis.RaftTestUtil.lambda$waitForLeader$1(RaftTestUtil.java:90)
	at org.apache.ratis.MiniRaftCluster.getLeader(MiniRaftCluster.java:539)
	at org.apache.ratis.MiniRaftCluster.getLeader(MiniRaftCluster.java:532)
	at org.apache.ratis.RaftTestUtil.lambda$waitForLeader$3(RaftTestUtil.java:98)
	at org.apache.ratis.util.JavaUtils.attempt(JavaUtils.java:152)
	at org.apache.ratis.RaftTestUtil.waitForLeader(RaftTestUtil.java:97)
	at org.apache.ratis.RaftTestUtil.waitForLeader(RaftTestUtil.java:77)
	at org.apache.ratis.RaftTestUtil.waitForLeader(RaftTestUtil.java:72)
	at org.apache.ratis.RaftTestUtil.lambda$changeLeader$7(RaftTestUtil.java:363)
	at org.apache.ratis.util.JavaUtils.attempt(JavaUtils.java:152)
	at org.apache.ratis.RaftTestUtil.changeLeader(RaftTestUtil.java:362)
	at org.apache.ratis.server.impl.LeaderElectionTests.testChangeLeader(LeaderElectionTests.java:81)
	at sun.reflect.NativeMethodAccessorImpl.invoke0(Native Method)
	at sun.reflect.NativeMethodAccessorImpl.invoke(NativeMethodAccessorImpl.java:62)
	at sun.reflect.DelegatingMethodAccessorImpl.invoke(DelegatingMethodAccessorImpl.java:43)
	at java.lang.reflect.Method.invoke(Method.java:498)
	at org.junit.runners.model.FrameworkMethod$1.runReflectiveCall(FrameworkMethod.java:50)
	at org.junit.internal.runners.model.ReflectiveCallable.run(ReflectiveCallable.java:12)
	at org.junit.runners.model.FrameworkMethod.invokeExplosively(FrameworkMethod.java:47)
	at org.junit.internal.runners.statements.InvokeMethod.evaluate(InvokeMethod.java:17)
	at org.junit.internal.runners.statements.RunAfters.evaluate(RunAfters.java:27)
	at org.junit.internal.runners.statements.FailOnTimeout$CallableStatement.call(FailOnTimeout.java:298)
	at org.junit.internal.runners.statements.FailOnTimeout$CallableStatement.call(FailOnTimeout.java:292)
	at java.util.concurrent.FutureTask.run(FutureTask.java:266)
	at java.lang.Thread.run(Thread.java:748)
2019-09-26 09:49:35,551 INFO  impl.LeaderElection (LeaderElection.java:logAndReturn(56)) - s1@group-5BD3E7F27A57-LeaderElection87: Election TIMEOUT; received 1 response(s) [s1<-s0#0:FAIL-t190] and 0 exception(s); s1@group-5BD3E7F27A57:t190, leader=null, voted=s1, raftlog=s1@group-5BD3E7F27A57-SegmentedRaftLog:OPENED:c2,f3,i3, conf=2: [s0:0.0.0.0:41468, s1:0.0.0.0:41619, s2:0.0.0.0:44382], old=null
2019-09-26 09:49:35,564 INFO  impl.LeaderElection (LeaderElection.java:askForVotes(178)) - s1@group-5BD3E7F27A57-LeaderElection87: begin an election at term 191 for 2: [s0:0.0.0.0:41468, s1:0.0.0.0:41619, s2:0.0.0.0:44382], old=null
2019-09-26 09:49:35,564 DEBUG impl.RaftServerImpl (RaftServerImpl.java:requestVote(743)) - s0@group-5BD3E7F27A57: receive requestVote(s1, group-5BD3E7F27A57, 191, (t:3, i:3))
2019-09-26 09:49:35,565 INFO  impl.RaftServerImpl (RaftServerImpl.java:setRole(170)) - s0@group-5BD3E7F27A57: changes role from  FOLLOWER to FOLLOWER at term 191 for recognizeCandidate:s1
2019-09-26 09:49:35,565 INFO  impl.RoleInfo (RoleInfo.java:shutdownFollowerState(121)) - s0: shutdown FollowerState
2019-09-26 09:49:35,565 INFO  impl.RoleInfo (RoleInfo.java:updateAndGet(143)) - s0: start FollowerState
2019-09-26 09:49:35,565 INFO  impl.FollowerState (FollowerState.java:run(117)) - s0@group-5BD3E7F27A57-FollowerState was interrupted: java.lang.InterruptedException: sleep interrupted
2019-09-26 09:49:35,583 DEBUG impl.RaftServerImpl (RaftServerImpl.java:requestVote(775)) - s0@group-5BD3E7F27A57 replies to vote request: s1<-s0#0:FAIL-t191. Peer's state: s0@group-5BD3E7F27A57:t191, leader=null, voted=null, raftlog=s0@group-5BD3E7F27A57-SegmentedRaftLog:OPENED:c3,f4,i4, conf=3: [s0:0.0.0.0:41468, s1:0.0.0.0:41619, s2:0.0.0.0:44382], old=null
2019-09-26 09:49:35,682 INFO  impl.LeaderElection (LeaderElection.java:logAndReturn(56)) - s2@group-5BD3E7F27A57-LeaderElection89: Election TIMEOUT; received 1 response(s) [s2<-s0#0:FAIL-t190] and 0 exception(s); s2@group-5BD3E7F27A57:t190, leader=null, voted=s2, raftlog=s2@group-5BD3E7F27A57-SegmentedRaftLog:OPENED:c1,f3,i3, conf=3: [s0:0.0.0.0:41468, s1:0.0.0.0:41619, s2:0.0.0.0:44382], old=null
2019-09-26 09:49:35,696 INFO  impl.LeaderElection (LeaderElection.java:askForVotes(178)) - s2@group-5BD3E7F27A57-LeaderElection89: begin an election at term 191 for 3: [s0:0.0.0.0:41468, s1:0.0.0.0:41619, s2:0.0.0.0:44382], old=null
2019-09-26 09:49:35,696 DEBUG impl.RaftServerImpl (RaftServerImpl.java:requestVote(743)) - s0@group-5BD3E7F27A57: receive requestVote(s2, group-5BD3E7F27A57, 191, (t:4, i:3))
2019-09-26 09:49:35,696 INFO  impl.RaftServerImpl (RaftServerImpl.java:setRole(170)) - s0@group-5BD3E7F27A57: changes role from  FOLLOWER to FOLLOWER at term 191 for recognizeCandidate:s2
2019-09-26 09:49:35,696 INFO  impl.RoleInfo (RoleInfo.java:shutdownFollowerState(121)) - s0: shutdown FollowerState
2019-09-26 09:49:35,697 INFO  impl.RoleInfo (RoleInfo.java:updateAndGet(143)) - s0: start FollowerState
2019-09-26 09:49:35,697 INFO  impl.FollowerState (FollowerState.java:run(117)) - s0@group-5BD3E7F27A57-FollowerState was interrupted: java.lang.InterruptedException: sleep interrupted
2019-09-26 09:49:35,697 DEBUG impl.RaftServerImpl (RaftServerImpl.java:requestVote(775)) - s0@group-5BD3E7F27A57 replies to vote request: s2<-s0#0:FAIL-t191. Peer's state: s0@group-5BD3E7F27A57:t191, leader=null, voted=null, raftlog=s0@group-5BD3E7F27A57-SegmentedRaftLog:OPENED:c3,f4,i4, conf=3: [s0:0.0.0.0:41468, s1:0.0.0.0:41619, s2:0.0.0.0:44382], old=null
2019-09-26 09:49:35,723 INFO  impl.LeaderElection (LeaderElection.java:logAndReturn(56)) - s1@group-5BD3E7F27A57-LeaderElection87: Election TIMEOUT; received 1 response(s) [s1<-s0#0:FAIL-t191] and 0 exception(s); s1@group-5BD3E7F27A57:t191, leader=null, voted=s1, raftlog=s1@group-5BD3E7F27A57-SegmentedRaftLog:OPENED:c2,f3,i3, conf=2: [s0:0.0.0.0:41468, s1:0.0.0.0:41619, s2:0.0.0.0:44382], old=null
2019-09-26 09:49:35,736 INFO  impl.LeaderElection (LeaderElection.java:askForVotes(178)) - s1@group-5BD3E7F27A57-LeaderElection87: begin an election at term 192 for 2: [s0:0.0.0.0:41468, s1:0.0.0.0:41619, s2:0.0.0.0:44382], old=null
2019-09-26 09:49:35,737 DEBUG impl.RaftServerImpl (RaftServerImpl.java:requestVote(743)) - s0@group-5BD3E7F27A57: receive requestVote(s1, group-5BD3E7F27A57, 192, (t:3, i:3))
2019-09-26 09:49:35,737 INFO  impl.RaftServerImpl (RaftServerImpl.java:setRole(170)) - s0@group-5BD3E7F27A57: changes role from  FOLLOWER to FOLLOWER at term 192 for recognizeCandidate:s1
2019-09-26 09:49:35,737 INFO  impl.RoleInfo (RoleInfo.java:shutdownFollowerState(121)) - s0: shutdown FollowerState
2019-09-26 09:49:35,737 INFO  impl.RoleInfo (RoleInfo.java:updateAndGet(143)) - s0: start FollowerState
2019-09-26 09:49:35,738 INFO  impl.FollowerState (FollowerState.java:run(117)) - s0@group-5BD3E7F27A57-FollowerState was interrupted: java.lang.InterruptedException: sleep interrupted
2019-09-26 09:49:35,751 DEBUG impl.RaftServerImpl (RaftServerImpl.java:requestVote(775)) - s0@group-5BD3E7F27A57 replies to vote request: s1<-s0#0:FAIL-t192. Peer's state: s0@group-5BD3E7F27A57:t192, leader=null, voted=null, raftlog=s0@group-5BD3E7F27A57-SegmentedRaftLog:OPENED:c3,f4,i4, conf=3: [s0:0.0.0.0:41468, s1:0.0.0.0:41619, s2:0.0.0.0:44382], old=null
2019-09-26 09:49:35,869 INFO  impl.LeaderElection (LeaderElection.java:logAndReturn(56)) - s2@group-5BD3E7F27A57-LeaderElection89: Election TIMEOUT; received 1 response(s) [s2<-s0#0:FAIL-t191] and 0 exception(s); s2@group-5BD3E7F27A57:t191, leader=null, voted=s2, raftlog=s2@group-5BD3E7F27A57-SegmentedRaftLog:OPENED:c1,f3,i3, conf=3: [s0:0.0.0.0:41468, s1:0.0.0.0:41619, s2:0.0.0.0:44382], old=null
2019-09-26 09:49:35,879 INFO  impl.LeaderElection (LeaderElection.java:askForVotes(178)) - s2@group-5BD3E7F27A57-LeaderElection89: begin an election at term 192 for 3: [s0:0.0.0.0:41468, s1:0.0.0.0:41619, s2:0.0.0.0:44382], old=null
2019-09-26 09:49:35,880 DEBUG impl.RaftServerImpl (RaftServerImpl.java:requestVote(743)) - s0@group-5BD3E7F27A57: receive requestVote(s2, group-5BD3E7F27A57, 192, (t:4, i:3))
2019-09-26 09:49:35,880 INFO  impl.RaftServerImpl (RaftServerImpl.java:setRole(170)) - s0@group-5BD3E7F27A57: changes role from  FOLLOWER to FOLLOWER at term 192 for recognizeCandidate:s2
2019-09-26 09:49:35,880 INFO  impl.RoleInfo (RoleInfo.java:shutdownFollowerState(121)) - s0: shutdown FollowerState
2019-09-26 09:49:35,880 INFO  impl.RoleInfo (RoleInfo.java:updateAndGet(143)) - s0: start FollowerState
2019-09-26 09:49:35,880 INFO  impl.FollowerState (FollowerState.java:run(117)) - s0@group-5BD3E7F27A57-FollowerState was interrupted: java.lang.InterruptedException: sleep interrupted
2019-09-26 09:49:35,881 DEBUG impl.RaftServerImpl (RaftServerImpl.java:requestVote(775)) - s0@group-5BD3E7F27A57 replies to vote request: s2<-s0#0:FAIL-t192. Peer's state: s0@group-5BD3E7F27A57:t192, leader=null, voted=null, raftlog=s0@group-5BD3E7F27A57-SegmentedRaftLog:OPENED:c3,f4,i4, conf=3: [s0:0.0.0.0:41468, s1:0.0.0.0:41619, s2:0.0.0.0:44382], old=null
2019-09-26 09:49:35,943 WARN  ratis.RaftTestUtil (JavaUtils.java:attempt(158)) - FAILED "waitForLeader-null-(expectLeader? true)", attempt #95/100: java.lang.IllegalStateException: No leader yet : printing ALL groups
  s0:  RUNNING  FOLLOWER s0@group-5BD3E7F27A57:t192, leader=null, voted=null, raftlog=s0@group-5BD3E7F27A57-SegmentedRaftLog:OPENED:c3,f4,i4, conf=3: [s0:0.0.0.0:41468, s1:0.0.0.0:41619, s2:0.0.0.0:44382], old=null RUNNING
  s1:  RUNNING CANDIDATE s1@group-5BD3E7F27A57:t192, leader=null, voted=s1, raftlog=s1@group-5BD3E7F27A57-SegmentedRaftLog:OPENED:c2,f3,i3, conf=2: [s0:0.0.0.0:41468, s1:0.0.0.0:41619, s2:0.0.0.0:44382], old=null RUNNING
  s2:  RUNNING CANDIDATE s2@group-5BD3E7F27A57:t192, leader=null, voted=s2, raftlog=s2@group-5BD3E7F27A57-SegmentedRaftLog:OPENED:c1,f3,i3, conf=3: [s0:0.0.0.0:41468, s1:0.0.0.0:41619, s2:0.0.0.0:44382], old=null RUNNING, sleep 450ms and then retry.
java.lang.IllegalStateException: No leader yet : printing ALL groups
  s0:  RUNNING  FOLLOWER s0@group-5BD3E7F27A57:t192, leader=null, voted=null, raftlog=s0@group-5BD3E7F27A57-SegmentedRaftLog:OPENED:c3,f4,i4, conf=3: [s0:0.0.0.0:41468, s1:0.0.0.0:41619, s2:0.0.0.0:44382], old=null RUNNING
  s1:  RUNNING CANDIDATE s1@group-5BD3E7F27A57:t192, leader=null, voted=s1, raftlog=s1@group-5BD3E7F27A57-SegmentedRaftLog:OPENED:c2,f3,i3, conf=2: [s0:0.0.0.0:41468, s1:0.0.0.0:41619, s2:0.0.0.0:44382], old=null RUNNING
  s2:  RUNNING CANDIDATE s2@group-5BD3E7F27A57:t192, leader=null, voted=s2, raftlog=s2@group-5BD3E7F27A57-SegmentedRaftLog:OPENED:c1,f3,i3, conf=3: [s0:0.0.0.0:41468, s1:0.0.0.0:41619, s2:0.0.0.0:44382], old=null RUNNING
	at org.apache.ratis.MiniRaftCluster.newIllegalStateExceptionForNoLeaders(MiniRaftCluster.java:506)
	at org.apache.ratis.RaftTestUtil.lambda$waitForLeader$1(RaftTestUtil.java:90)
	at org.apache.ratis.MiniRaftCluster.getLeader(MiniRaftCluster.java:539)
	at org.apache.ratis.MiniRaftCluster.getLeader(MiniRaftCluster.java:532)
	at org.apache.ratis.RaftTestUtil.lambda$waitForLeader$3(RaftTestUtil.java:98)
	at org.apache.ratis.util.JavaUtils.attempt(JavaUtils.java:152)
	at org.apache.ratis.RaftTestUtil.waitForLeader(RaftTestUtil.java:97)
	at org.apache.ratis.RaftTestUtil.waitForLeader(RaftTestUtil.java:77)
	at org.apache.ratis.RaftTestUtil.waitForLeader(RaftTestUtil.java:72)
	at org.apache.ratis.RaftTestUtil.lambda$changeLeader$7(RaftTestUtil.java:363)
	at org.apache.ratis.util.JavaUtils.attempt(JavaUtils.java:152)
	at org.apache.ratis.RaftTestUtil.changeLeader(RaftTestUtil.java:362)
	at org.apache.ratis.server.impl.LeaderElectionTests.testChangeLeader(LeaderElectionTests.java:81)
	at sun.reflect.NativeMethodAccessorImpl.invoke0(Native Method)
	at sun.reflect.NativeMethodAccessorImpl.invoke(NativeMethodAccessorImpl.java:62)
	at sun.reflect.DelegatingMethodAccessorImpl.invoke(DelegatingMethodAccessorImpl.java:43)
	at java.lang.reflect.Method.invoke(Method.java:498)
	at org.junit.runners.model.FrameworkMethod$1.runReflectiveCall(FrameworkMethod.java:50)
	at org.junit.internal.runners.model.ReflectiveCallable.run(ReflectiveCallable.java:12)
	at org.junit.runners.model.FrameworkMethod.invokeExplosively(FrameworkMethod.java:47)
	at org.junit.internal.runners.statements.InvokeMethod.evaluate(InvokeMethod.java:17)
	at org.junit.internal.runners.statements.RunAfters.evaluate(RunAfters.java:27)
	at org.junit.internal.runners.statements.FailOnTimeout$CallableStatement.call(FailOnTimeout.java:298)
	at org.junit.internal.runners.statements.FailOnTimeout$CallableStatement.call(FailOnTimeout.java:292)
	at java.util.concurrent.FutureTask.run(FutureTask.java:266)
	at java.lang.Thread.run(Thread.java:748)
2019-09-26 09:49:35,973 INFO  impl.LeaderElection (LeaderElection.java:logAndReturn(56)) - s1@group-5BD3E7F27A57-LeaderElection87: Election TIMEOUT; received 1 response(s) [s1<-s0#0:FAIL-t192] and 0 exception(s); s1@group-5BD3E7F27A57:t192, leader=null, voted=s1, raftlog=s1@group-5BD3E7F27A57-SegmentedRaftLog:OPENED:c2,f3,i3, conf=2: [s0:0.0.0.0:41468, s1:0.0.0.0:41619, s2:0.0.0.0:44382], old=null
2019-09-26 09:49:36,039 INFO  impl.LeaderElection (LeaderElection.java:askForVotes(178)) - s1@group-5BD3E7F27A57-LeaderElection87: begin an election at term 193 for 2: [s0:0.0.0.0:41468, s1:0.0.0.0:41619, s2:0.0.0.0:44382], old=null
2019-09-26 09:49:36,039 DEBUG impl.RaftServerImpl (RaftServerImpl.java:requestVote(743)) - s0@group-5BD3E7F27A57: receive requestVote(s1, group-5BD3E7F27A57, 193, (t:3, i:3))
2019-09-26 09:49:36,039 INFO  impl.RaftServerImpl (RaftServerImpl.java:setRole(170)) - s0@group-5BD3E7F27A57: changes role from  FOLLOWER to FOLLOWER at term 193 for recognizeCandidate:s1
2019-09-26 09:49:36,040 INFO  impl.RoleInfo (RoleInfo.java:shutdownFollowerState(121)) - s0: shutdown FollowerState
2019-09-26 09:49:36,040 INFO  impl.RoleInfo (RoleInfo.java:updateAndGet(143)) - s0: start FollowerState
2019-09-26 09:49:36,040 INFO  impl.FollowerState (FollowerState.java:run(117)) - s0@group-5BD3E7F27A57-FollowerState was interrupted: java.lang.InterruptedException: sleep interrupted
2019-09-26 09:49:36,056 DEBUG impl.RaftServerImpl (RaftServerImpl.java:requestVote(775)) - s0@group-5BD3E7F27A57 replies to vote request: s1<-s0#0:FAIL-t193. Peer's state: s0@group-5BD3E7F27A57:t193, leader=null, voted=null, raftlog=s0@group-5BD3E7F27A57-SegmentedRaftLog:OPENED:c3,f4,i4, conf=3: [s0:0.0.0.0:41468, s1:0.0.0.0:41619, s2:0.0.0.0:44382], old=null
2019-09-26 09:49:36,107 INFO  impl.LeaderElection (LeaderElection.java:logAndReturn(56)) - s2@group-5BD3E7F27A57-LeaderElection89: Election TIMEOUT; received 1 response(s) [s2<-s0#0:FAIL-t192] and 0 exception(s); s2@group-5BD3E7F27A57:t192, leader=null, voted=s2, raftlog=s2@group-5BD3E7F27A57-SegmentedRaftLog:OPENED:c1,f3,i3, conf=3: [s0:0.0.0.0:41468, s1:0.0.0.0:41619, s2:0.0.0.0:44382], old=null
2019-09-26 09:49:36,121 INFO  impl.LeaderElection (LeaderElection.java:askForVotes(178)) - s2@group-5BD3E7F27A57-LeaderElection89: begin an election at term 193 for 3: [s0:0.0.0.0:41468, s1:0.0.0.0:41619, s2:0.0.0.0:44382], old=null
2019-09-26 09:49:36,121 DEBUG impl.RaftServerImpl (RaftServerImpl.java:requestVote(743)) - s0@group-5BD3E7F27A57: receive requestVote(s2, group-5BD3E7F27A57, 193, (t:4, i:3))
2019-09-26 09:49:36,121 INFO  impl.RaftServerImpl (RaftServerImpl.java:setRole(170)) - s0@group-5BD3E7F27A57: changes role from  FOLLOWER to FOLLOWER at term 193 for recognizeCandidate:s2
2019-09-26 09:49:36,122 INFO  impl.RoleInfo (RoleInfo.java:shutdownFollowerState(121)) - s0: shutdown FollowerState
2019-09-26 09:49:36,122 INFO  impl.RoleInfo (RoleInfo.java:updateAndGet(143)) - s0: start FollowerState
2019-09-26 09:49:36,122 INFO  impl.FollowerState (FollowerState.java:run(117)) - s0@group-5BD3E7F27A57-FollowerState was interrupted: java.lang.InterruptedException: sleep interrupted
2019-09-26 09:49:36,122 DEBUG impl.RaftServerImpl (RaftServerImpl.java:requestVote(775)) - s0@group-5BD3E7F27A57 replies to vote request: s2<-s0#0:FAIL-t193. Peer's state: s0@group-5BD3E7F27A57:t193, leader=null, voted=null, raftlog=s0@group-5BD3E7F27A57-SegmentedRaftLog:OPENED:c3,f4,i4, conf=3: [s0:0.0.0.0:41468, s1:0.0.0.0:41619, s2:0.0.0.0:44382], old=null
2019-09-26 09:49:36,271 INFO  impl.LeaderElection (LeaderElection.java:logAndReturn(56)) - s2@group-5BD3E7F27A57-LeaderElection89: Election TIMEOUT; received 1 response(s) [s2<-s0#0:FAIL-t193] and 0 exception(s); s2@group-5BD3E7F27A57:t193, leader=null, voted=s2, raftlog=s2@group-5BD3E7F27A57-SegmentedRaftLog:OPENED:c1,f3,i3, conf=3: [s0:0.0.0.0:41468, s1:0.0.0.0:41619, s2:0.0.0.0:44382], old=null
2019-09-26 09:49:36,284 INFO  impl.LeaderElection (LeaderElection.java:askForVotes(178)) - s2@group-5BD3E7F27A57-LeaderElection89: begin an election at term 194 for 3: [s0:0.0.0.0:41468, s1:0.0.0.0:41619, s2:0.0.0.0:44382], old=null
2019-09-26 09:49:36,285 DEBUG impl.RaftServerImpl (RaftServerImpl.java:requestVote(743)) - s0@group-5BD3E7F27A57: receive requestVote(s2, group-5BD3E7F27A57, 194, (t:4, i:3))
2019-09-26 09:49:36,285 INFO  impl.RaftServerImpl (RaftServerImpl.java:setRole(170)) - s0@group-5BD3E7F27A57: changes role from  FOLLOWER to FOLLOWER at term 194 for recognizeCandidate:s2
2019-09-26 09:49:36,285 INFO  impl.RoleInfo (RoleInfo.java:shutdownFollowerState(121)) - s0: shutdown FollowerState
2019-09-26 09:49:36,285 INFO  impl.RoleInfo (RoleInfo.java:updateAndGet(143)) - s0: start FollowerState
2019-09-26 09:49:36,286 INFO  impl.FollowerState (FollowerState.java:run(117)) - s0@group-5BD3E7F27A57-FollowerState was interrupted: java.lang.InterruptedException: sleep interrupted
2019-09-26 09:49:36,293 DEBUG impl.RaftServerImpl (RaftServerImpl.java:requestVote(775)) - s0@group-5BD3E7F27A57 replies to vote request: s2<-s0#0:FAIL-t194. Peer's state: s0@group-5BD3E7F27A57:t194, leader=null, voted=null, raftlog=s0@group-5BD3E7F27A57-SegmentedRaftLog:OPENED:c3,f4,i4, conf=3: [s0:0.0.0.0:41468, s1:0.0.0.0:41619, s2:0.0.0.0:44382], old=null
2019-09-26 09:49:36,312 INFO  impl.LeaderElection (LeaderElection.java:logAndReturn(56)) - s1@group-5BD3E7F27A57-LeaderElection87: Election TIMEOUT; received 1 response(s) [s1<-s0#0:FAIL-t193] and 0 exception(s); s1@group-5BD3E7F27A57:t193, leader=null, voted=s1, raftlog=s1@group-5BD3E7F27A57-SegmentedRaftLog:OPENED:c2,f3,i3, conf=2: [s0:0.0.0.0:41468, s1:0.0.0.0:41619, s2:0.0.0.0:44382], old=null
2019-09-26 09:49:36,326 INFO  impl.LeaderElection (LeaderElection.java:askForVotes(178)) - s1@group-5BD3E7F27A57-LeaderElection87: begin an election at term 194 for 2: [s0:0.0.0.0:41468, s1:0.0.0.0:41619, s2:0.0.0.0:44382], old=null
2019-09-26 09:49:36,327 DEBUG impl.RaftServerImpl (RaftServerImpl.java:requestVote(743)) - s0@group-5BD3E7F27A57: receive requestVote(s1, group-5BD3E7F27A57, 194, (t:3, i:3))
2019-09-26 09:49:36,327 INFO  impl.RaftServerImpl (RaftServerImpl.java:setRole(170)) - s0@group-5BD3E7F27A57: changes role from  FOLLOWER to FOLLOWER at term 194 for recognizeCandidate:s1
2019-09-26 09:49:36,327 INFO  impl.RoleInfo (RoleInfo.java:shutdownFollowerState(121)) - s0: shutdown FollowerState
2019-09-26 09:49:36,327 INFO  impl.RoleInfo (RoleInfo.java:updateAndGet(143)) - s0: start FollowerState
2019-09-26 09:49:36,327 INFO  impl.FollowerState (FollowerState.java:run(117)) - s0@group-5BD3E7F27A57-FollowerState was interrupted: java.lang.InterruptedException: sleep interrupted
2019-09-26 09:49:36,327 DEBUG impl.RaftServerImpl (RaftServerImpl.java:requestVote(775)) - s0@group-5BD3E7F27A57 replies to vote request: s1<-s0#0:FAIL-t194. Peer's state: s0@group-5BD3E7F27A57:t194, leader=null, voted=null, raftlog=s0@group-5BD3E7F27A57-SegmentedRaftLog:OPENED:c3,f4,i4, conf=3: [s0:0.0.0.0:41468, s1:0.0.0.0:41619, s2:0.0.0.0:44382], old=null
2019-09-26 09:49:36,394 WARN  ratis.RaftTestUtil (JavaUtils.java:attempt(158)) - FAILED "waitForLeader-null-(expectLeader? true)", attempt #96/100: java.lang.IllegalStateException: No leader yet : printing ALL groups
  s0:  RUNNING  FOLLOWER s0@group-5BD3E7F27A57:t194, leader=null, voted=null, raftlog=s0@group-5BD3E7F27A57-SegmentedRaftLog:OPENED:c3,f4,i4, conf=3: [s0:0.0.0.0:41468, s1:0.0.0.0:41619, s2:0.0.0.0:44382], old=null RUNNING
  s1:  RUNNING CANDIDATE s1@group-5BD3E7F27A57:t194, leader=null, voted=s1, raftlog=s1@group-5BD3E7F27A57-SegmentedRaftLog:OPENED:c2,f3,i3, conf=2: [s0:0.0.0.0:41468, s1:0.0.0.0:41619, s2:0.0.0.0:44382], old=null RUNNING
  s2:  RUNNING CANDIDATE s2@group-5BD3E7F27A57:t194, leader=null, voted=s2, raftlog=s2@group-5BD3E7F27A57-SegmentedRaftLog:OPENED:c1,f3,i3, conf=3: [s0:0.0.0.0:41468, s1:0.0.0.0:41619, s2:0.0.0.0:44382], old=null RUNNING, sleep 450ms and then retry.
java.lang.IllegalStateException: No leader yet : printing ALL groups
  s0:  RUNNING  FOLLOWER s0@group-5BD3E7F27A57:t194, leader=null, voted=null, raftlog=s0@group-5BD3E7F27A57-SegmentedRaftLog:OPENED:c3,f4,i4, conf=3: [s0:0.0.0.0:41468, s1:0.0.0.0:41619, s2:0.0.0.0:44382], old=null RUNNING
  s1:  RUNNING CANDIDATE s1@group-5BD3E7F27A57:t194, leader=null, voted=s1, raftlog=s1@group-5BD3E7F27A57-SegmentedRaftLog:OPENED:c2,f3,i3, conf=2: [s0:0.0.0.0:41468, s1:0.0.0.0:41619, s2:0.0.0.0:44382], old=null RUNNING
  s2:  RUNNING CANDIDATE s2@group-5BD3E7F27A57:t194, leader=null, voted=s2, raftlog=s2@group-5BD3E7F27A57-SegmentedRaftLog:OPENED:c1,f3,i3, conf=3: [s0:0.0.0.0:41468, s1:0.0.0.0:41619, s2:0.0.0.0:44382], old=null RUNNING
	at org.apache.ratis.MiniRaftCluster.newIllegalStateExceptionForNoLeaders(MiniRaftCluster.java:506)
	at org.apache.ratis.RaftTestUtil.lambda$waitForLeader$1(RaftTestUtil.java:90)
	at org.apache.ratis.MiniRaftCluster.getLeader(MiniRaftCluster.java:539)
	at org.apache.ratis.MiniRaftCluster.getLeader(MiniRaftCluster.java:532)
	at org.apache.ratis.RaftTestUtil.lambda$waitForLeader$3(RaftTestUtil.java:98)
	at org.apache.ratis.util.JavaUtils.attempt(JavaUtils.java:152)
	at org.apache.ratis.RaftTestUtil.waitForLeader(RaftTestUtil.java:97)
	at org.apache.ratis.RaftTestUtil.waitForLeader(RaftTestUtil.java:77)
	at org.apache.ratis.RaftTestUtil.waitForLeader(RaftTestUtil.java:72)
	at org.apache.ratis.RaftTestUtil.lambda$changeLeader$7(RaftTestUtil.java:363)
	at org.apache.ratis.util.JavaUtils.attempt(JavaUtils.java:152)
	at org.apache.ratis.RaftTestUtil.changeLeader(RaftTestUtil.java:362)
	at org.apache.ratis.server.impl.LeaderElectionTests.testChangeLeader(LeaderElectionTests.java:81)
	at sun.reflect.NativeMethodAccessorImpl.invoke0(Native Method)
	at sun.reflect.NativeMethodAccessorImpl.invoke(NativeMethodAccessorImpl.java:62)
	at sun.reflect.DelegatingMethodAccessorImpl.invoke(DelegatingMethodAccessorImpl.java:43)
	at java.lang.reflect.Method.invoke(Method.java:498)
	at org.junit.runners.model.FrameworkMethod$1.runReflectiveCall(FrameworkMethod.java:50)
	at org.junit.internal.runners.model.ReflectiveCallable.run(ReflectiveCallable.java:12)
	at org.junit.runners.model.FrameworkMethod.invokeExplosively(FrameworkMethod.java:47)
	at org.junit.internal.runners.statements.InvokeMethod.evaluate(InvokeMethod.java:17)
	at org.junit.internal.runners.statements.RunAfters.evaluate(RunAfters.java:27)
	at org.junit.internal.runners.statements.FailOnTimeout$CallableStatement.call(FailOnTimeout.java:298)
	at org.junit.internal.runners.statements.FailOnTimeout$CallableStatement.call(FailOnTimeout.java:292)
	at java.util.concurrent.FutureTask.run(FutureTask.java:266)
	at java.lang.Thread.run(Thread.java:748)
2019-09-26 09:49:36,487 INFO  impl.LeaderElection (LeaderElection.java:logAndReturn(56)) - s1@group-5BD3E7F27A57-LeaderElection87: Election TIMEOUT; received 1 response(s) [s1<-s0#0:FAIL-t194] and 0 exception(s); s1@group-5BD3E7F27A57:t194, leader=null, voted=s1, raftlog=s1@group-5BD3E7F27A57-SegmentedRaftLog:OPENED:c2,f3,i3, conf=2: [s0:0.0.0.0:41468, s1:0.0.0.0:41619, s2:0.0.0.0:44382], old=null
2019-09-26 09:49:36,500 INFO  impl.LeaderElection (LeaderElection.java:askForVotes(178)) - s1@group-5BD3E7F27A57-LeaderElection87: begin an election at term 195 for 2: [s0:0.0.0.0:41468, s1:0.0.0.0:41619, s2:0.0.0.0:44382], old=null
2019-09-26 09:49:36,501 DEBUG impl.RaftServerImpl (RaftServerImpl.java:requestVote(743)) - s0@group-5BD3E7F27A57: receive requestVote(s1, group-5BD3E7F27A57, 195, (t:3, i:3))
2019-09-26 09:49:36,501 INFO  impl.RaftServerImpl (RaftServerImpl.java:setRole(170)) - s0@group-5BD3E7F27A57: changes role from  FOLLOWER to FOLLOWER at term 195 for recognizeCandidate:s1
2019-09-26 09:49:36,501 INFO  impl.RoleInfo (RoleInfo.java:shutdownFollowerState(121)) - s0: shutdown FollowerState
2019-09-26 09:49:36,501 INFO  impl.RoleInfo (RoleInfo.java:updateAndGet(143)) - s0: start FollowerState
2019-09-26 09:49:36,501 INFO  impl.FollowerState (FollowerState.java:run(117)) - s0@group-5BD3E7F27A57-FollowerState was interrupted: java.lang.InterruptedException: sleep interrupted
2019-09-26 09:49:36,514 DEBUG impl.RaftServerImpl (RaftServerImpl.java:requestVote(775)) - s0@group-5BD3E7F27A57 replies to vote request: s1<-s0#0:FAIL-t195. Peer's state: s0@group-5BD3E7F27A57:t195, leader=null, voted=null, raftlog=s0@group-5BD3E7F27A57-SegmentedRaftLog:OPENED:c3,f4,i4, conf=3: [s0:0.0.0.0:41468, s1:0.0.0.0:41619, s2:0.0.0.0:44382], old=null
2019-09-26 09:49:36,526 INFO  impl.LeaderElection (LeaderElection.java:logAndReturn(56)) - s2@group-5BD3E7F27A57-LeaderElection89: Election TIMEOUT; received 1 response(s) [s2<-s0#0:FAIL-t194] and 0 exception(s); s2@group-5BD3E7F27A57:t194, leader=null, voted=s2, raftlog=s2@group-5BD3E7F27A57-SegmentedRaftLog:OPENED:c1,f3,i3, conf=3: [s0:0.0.0.0:41468, s1:0.0.0.0:41619, s2:0.0.0.0:44382], old=null
2019-09-26 09:49:36,540 INFO  impl.LeaderElection (LeaderElection.java:askForVotes(178)) - s2@group-5BD3E7F27A57-LeaderElection89: begin an election at term 195 for 3: [s0:0.0.0.0:41468, s1:0.0.0.0:41619, s2:0.0.0.0:44382], old=null
2019-09-26 09:49:36,540 DEBUG impl.RaftServerImpl (RaftServerImpl.java:requestVote(743)) - s0@group-5BD3E7F27A57: receive requestVote(s2, group-5BD3E7F27A57, 195, (t:4, i:3))
2019-09-26 09:49:36,541 INFO  impl.RaftServerImpl (RaftServerImpl.java:setRole(170)) - s0@group-5BD3E7F27A57: changes role from  FOLLOWER to FOLLOWER at term 195 for recognizeCandidate:s2
2019-09-26 09:49:36,541 INFO  impl.RoleInfo (RoleInfo.java:shutdownFollowerState(121)) - s0: shutdown FollowerState
2019-09-26 09:49:36,541 INFO  impl.RoleInfo (RoleInfo.java:updateAndGet(143)) - s0: start FollowerState
2019-09-26 09:49:36,541 INFO  impl.FollowerState (FollowerState.java:run(117)) - s0@group-5BD3E7F27A57-FollowerState was interrupted: java.lang.InterruptedException: sleep interrupted
2019-09-26 09:49:36,541 DEBUG impl.RaftServerImpl (RaftServerImpl.java:requestVote(775)) - s0@group-5BD3E7F27A57 replies to vote request: s2<-s0#0:FAIL-t195. Peer's state: s0@group-5BD3E7F27A57:t195, leader=null, voted=null, raftlog=s0@group-5BD3E7F27A57-SegmentedRaftLog:OPENED:c3,f4,i4, conf=3: [s0:0.0.0.0:41468, s1:0.0.0.0:41619, s2:0.0.0.0:44382], old=null
2019-09-26 09:49:36,698 INFO  impl.LeaderElection (LeaderElection.java:logAndReturn(56)) - s1@group-5BD3E7F27A57-LeaderElection87: Election TIMEOUT; received 1 response(s) [s1<-s0#0:FAIL-t195] and 0 exception(s); s1@group-5BD3E7F27A57:t195, leader=null, voted=s1, raftlog=s1@group-5BD3E7F27A57-SegmentedRaftLog:OPENED:c2,f3,i3, conf=2: [s0:0.0.0.0:41468, s1:0.0.0.0:41619, s2:0.0.0.0:44382], old=null
2019-09-26 09:49:36,698 INFO  impl.LeaderElection (LeaderElection.java:logAndReturn(56)) - s2@group-5BD3E7F27A57-LeaderElection89: Election TIMEOUT; received 1 response(s) [s2<-s0#0:FAIL-t195] and 0 exception(s); s2@group-5BD3E7F27A57:t195, leader=null, voted=s2, raftlog=s2@group-5BD3E7F27A57-SegmentedRaftLog:OPENED:c1,f3,i3, conf=3: [s0:0.0.0.0:41468, s1:0.0.0.0:41619, s2:0.0.0.0:44382], old=null
2019-09-26 09:49:36,712 INFO  impl.LeaderElection (LeaderElection.java:askForVotes(178)) - s1@group-5BD3E7F27A57-LeaderElection87: begin an election at term 196 for 2: [s0:0.0.0.0:41468, s1:0.0.0.0:41619, s2:0.0.0.0:44382], old=null
2019-09-26 09:49:36,712 INFO  impl.LeaderElection (LeaderElection.java:askForVotes(178)) - s2@group-5BD3E7F27A57-LeaderElection89: begin an election at term 196 for 3: [s0:0.0.0.0:41468, s1:0.0.0.0:41619, s2:0.0.0.0:44382], old=null
2019-09-26 09:49:36,712 DEBUG impl.RaftServerImpl (RaftServerImpl.java:requestVote(743)) - s0@group-5BD3E7F27A57: receive requestVote(s1, group-5BD3E7F27A57, 196, (t:3, i:3))
2019-09-26 09:49:36,712 DEBUG impl.RaftServerImpl (RaftServerImpl.java:requestVote(743)) - s0@group-5BD3E7F27A57: receive requestVote(s2, group-5BD3E7F27A57, 196, (t:4, i:3))
2019-09-26 09:49:36,712 INFO  impl.RaftServerImpl (RaftServerImpl.java:setRole(170)) - s0@group-5BD3E7F27A57: changes role from  FOLLOWER to FOLLOWER at term 196 for recognizeCandidate:s1
2019-09-26 09:49:36,713 INFO  impl.RoleInfo (RoleInfo.java:shutdownFollowerState(121)) - s0: shutdown FollowerState
2019-09-26 09:49:36,713 INFO  impl.RoleInfo (RoleInfo.java:updateAndGet(143)) - s0: start FollowerState
2019-09-26 09:49:36,713 INFO  impl.FollowerState (FollowerState.java:run(117)) - s0@group-5BD3E7F27A57-FollowerState was interrupted: java.lang.InterruptedException: sleep interrupted
2019-09-26 09:49:36,726 DEBUG impl.RaftServerImpl (RaftServerImpl.java:requestVote(775)) - s0@group-5BD3E7F27A57 replies to vote request: s1<-s0#0:FAIL-t196. Peer's state: s0@group-5BD3E7F27A57:t196, leader=null, voted=null, raftlog=s0@group-5BD3E7F27A57-SegmentedRaftLog:OPENED:c3,f4,i4, conf=3: [s0:0.0.0.0:41468, s1:0.0.0.0:41619, s2:0.0.0.0:44382], old=null
2019-09-26 09:49:36,726 INFO  impl.RaftServerImpl (RaftServerImpl.java:setRole(170)) - s0@group-5BD3E7F27A57: changes role from  FOLLOWER to FOLLOWER at term 196 for recognizeCandidate:s2
2019-09-26 09:49:36,726 INFO  impl.RoleInfo (RoleInfo.java:shutdownFollowerState(121)) - s0: shutdown FollowerState
2019-09-26 09:49:36,726 INFO  impl.RoleInfo (RoleInfo.java:updateAndGet(143)) - s0: start FollowerState
2019-09-26 09:49:36,727 INFO  impl.FollowerState (FollowerState.java:run(117)) - s0@group-5BD3E7F27A57-FollowerState was interrupted: java.lang.InterruptedException: sleep interrupted
2019-09-26 09:49:36,727 DEBUG impl.RaftServerImpl (RaftServerImpl.java:requestVote(775)) - s0@group-5BD3E7F27A57 replies to vote request: s2<-s0#0:FAIL-t196. Peer's state: s0@group-5BD3E7F27A57:t196, leader=null, voted=null, raftlog=s0@group-5BD3E7F27A57-SegmentedRaftLog:OPENED:c3,f4,i4, conf=3: [s0:0.0.0.0:41468, s1:0.0.0.0:41619, s2:0.0.0.0:44382], old=null
2019-09-26 09:49:36,845 WARN  ratis.RaftTestUtil (JavaUtils.java:attempt(158)) - FAILED "waitForLeader-null-(expectLeader? true)", attempt #97/100: java.lang.IllegalStateException: No leader yet : printing ALL groups
  s0:  RUNNING  FOLLOWER s0@group-5BD3E7F27A57:t196, leader=null, voted=null, raftlog=s0@group-5BD3E7F27A57-SegmentedRaftLog:OPENED:c3,f4,i4, conf=3: [s0:0.0.0.0:41468, s1:0.0.0.0:41619, s2:0.0.0.0:44382], old=null RUNNING
  s1:  RUNNING CANDIDATE s1@group-5BD3E7F27A57:t196, leader=null, voted=s1, raftlog=s1@group-5BD3E7F27A57-SegmentedRaftLog:OPENED:c2,f3,i3, conf=2: [s0:0.0.0.0:41468, s1:0.0.0.0:41619, s2:0.0.0.0:44382], old=null RUNNING
  s2:  RUNNING CANDIDATE s2@group-5BD3E7F27A57:t196, leader=null, voted=s2, raftlog=s2@group-5BD3E7F27A57-SegmentedRaftLog:OPENED:c1,f3,i3, conf=3: [s0:0.0.0.0:41468, s1:0.0.0.0:41619, s2:0.0.0.0:44382], old=null RUNNING, sleep 450ms and then retry.
java.lang.IllegalStateException: No leader yet : printing ALL groups
  s0:  RUNNING  FOLLOWER s0@group-5BD3E7F27A57:t196, leader=null, voted=null, raftlog=s0@group-5BD3E7F27A57-SegmentedRaftLog:OPENED:c3,f4,i4, conf=3: [s0:0.0.0.0:41468, s1:0.0.0.0:41619, s2:0.0.0.0:44382], old=null RUNNING
  s1:  RUNNING CANDIDATE s1@group-5BD3E7F27A57:t196, leader=null, voted=s1, raftlog=s1@group-5BD3E7F27A57-SegmentedRaftLog:OPENED:c2,f3,i3, conf=2: [s0:0.0.0.0:41468, s1:0.0.0.0:41619, s2:0.0.0.0:44382], old=null RUNNING
  s2:  RUNNING CANDIDATE s2@group-5BD3E7F27A57:t196, leader=null, voted=s2, raftlog=s2@group-5BD3E7F27A57-SegmentedRaftLog:OPENED:c1,f3,i3, conf=3: [s0:0.0.0.0:41468, s1:0.0.0.0:41619, s2:0.0.0.0:44382], old=null RUNNING
	at org.apache.ratis.MiniRaftCluster.newIllegalStateExceptionForNoLeaders(MiniRaftCluster.java:506)
	at org.apache.ratis.RaftTestUtil.lambda$waitForLeader$1(RaftTestUtil.java:90)
	at org.apache.ratis.MiniRaftCluster.getLeader(MiniRaftCluster.java:539)
	at org.apache.ratis.MiniRaftCluster.getLeader(MiniRaftCluster.java:532)
	at org.apache.ratis.RaftTestUtil.lambda$waitForLeader$3(RaftTestUtil.java:98)
	at org.apache.ratis.util.JavaUtils.attempt(JavaUtils.java:152)
	at org.apache.ratis.RaftTestUtil.waitForLeader(RaftTestUtil.java:97)
	at org.apache.ratis.RaftTestUtil.waitForLeader(RaftTestUtil.java:77)
	at org.apache.ratis.RaftTestUtil.waitForLeader(RaftTestUtil.java:72)
	at org.apache.ratis.RaftTestUtil.lambda$changeLeader$7(RaftTestUtil.java:363)
	at org.apache.ratis.util.JavaUtils.attempt(JavaUtils.java:152)
	at org.apache.ratis.RaftTestUtil.changeLeader(RaftTestUtil.java:362)
	at org.apache.ratis.server.impl.LeaderElectionTests.testChangeLeader(LeaderElectionTests.java:81)
	at sun.reflect.NativeMethodAccessorImpl.invoke0(Native Method)
	at sun.reflect.NativeMethodAccessorImpl.invoke(NativeMethodAccessorImpl.java:62)
	at sun.reflect.DelegatingMethodAccessorImpl.invoke(DelegatingMethodAccessorImpl.java:43)
	at java.lang.reflect.Method.invoke(Method.java:498)
	at org.junit.runners.model.FrameworkMethod$1.runReflectiveCall(FrameworkMethod.java:50)
	at org.junit.internal.runners.model.ReflectiveCallable.run(ReflectiveCallable.java:12)
	at org.junit.runners.model.FrameworkMethod.invokeExplosively(FrameworkMethod.java:47)
	at org.junit.internal.runners.statements.InvokeMethod.evaluate(InvokeMethod.java:17)
	at org.junit.internal.runners.statements.RunAfters.evaluate(RunAfters.java:27)
	at org.junit.internal.runners.statements.FailOnTimeout$CallableStatement.call(FailOnTimeout.java:298)
	at org.junit.internal.runners.statements.FailOnTimeout$CallableStatement.call(FailOnTimeout.java:292)
	at java.util.concurrent.FutureTask.run(FutureTask.java:266)
	at java.lang.Thread.run(Thread.java:748)
2019-09-26 09:49:36,971 INFO  impl.LeaderElection (LeaderElection.java:logAndReturn(56)) - s2@group-5BD3E7F27A57-LeaderElection89: Election TIMEOUT; received 1 response(s) [s2<-s0#0:FAIL-t196] and 0 exception(s); s2@group-5BD3E7F27A57:t196, leader=null, voted=s2, raftlog=s2@group-5BD3E7F27A57-SegmentedRaftLog:OPENED:c1,f3,i3, conf=3: [s0:0.0.0.0:41468, s1:0.0.0.0:41619, s2:0.0.0.0:44382], old=null
2019-09-26 09:49:36,984 INFO  impl.LeaderElection (LeaderElection.java:askForVotes(178)) - s2@group-5BD3E7F27A57-LeaderElection89: begin an election at term 197 for 3: [s0:0.0.0.0:41468, s1:0.0.0.0:41619, s2:0.0.0.0:44382], old=null
2019-09-26 09:49:36,984 DEBUG impl.RaftServerImpl (RaftServerImpl.java:requestVote(743)) - s0@group-5BD3E7F27A57: receive requestVote(s2, group-5BD3E7F27A57, 197, (t:4, i:3))
2019-09-26 09:49:36,984 INFO  impl.RaftServerImpl (RaftServerImpl.java:setRole(170)) - s0@group-5BD3E7F27A57: changes role from  FOLLOWER to FOLLOWER at term 197 for recognizeCandidate:s2
2019-09-26 09:49:36,985 INFO  impl.RoleInfo (RoleInfo.java:shutdownFollowerState(121)) - s0: shutdown FollowerState
2019-09-26 09:49:36,985 INFO  impl.RoleInfo (RoleInfo.java:updateAndGet(143)) - s0: start FollowerState
2019-09-26 09:49:36,985 INFO  impl.FollowerState (FollowerState.java:run(117)) - s0@group-5BD3E7F27A57-FollowerState was interrupted: java.lang.InterruptedException: sleep interrupted
2019-09-26 09:49:36,992 INFO  impl.LeaderElection (LeaderElection.java:logAndReturn(56)) - s1@group-5BD3E7F27A57-LeaderElection87: Election TIMEOUT; received 1 response(s) [s1<-s0#0:FAIL-t196] and 0 exception(s); s1@group-5BD3E7F27A57:t196, leader=null, voted=s1, raftlog=s1@group-5BD3E7F27A57-SegmentedRaftLog:OPENED:c2,f3,i3, conf=2: [s0:0.0.0.0:41468, s1:0.0.0.0:41619, s2:0.0.0.0:44382], old=null
2019-09-26 09:49:36,999 INFO  impl.LeaderElection (LeaderElection.java:askForVotes(178)) - s1@group-5BD3E7F27A57-LeaderElection87: begin an election at term 197 for 2: [s0:0.0.0.0:41468, s1:0.0.0.0:41619, s2:0.0.0.0:44382], old=null
2019-09-26 09:49:36,999 DEBUG impl.RaftServerImpl (RaftServerImpl.java:requestVote(775)) - s0@group-5BD3E7F27A57 replies to vote request: s2<-s0#0:FAIL-t197. Peer's state: s0@group-5BD3E7F27A57:t197, leader=null, voted=null, raftlog=s0@group-5BD3E7F27A57-SegmentedRaftLog:OPENED:c3,f4,i4, conf=3: [s0:0.0.0.0:41468, s1:0.0.0.0:41619, s2:0.0.0.0:44382], old=null
2019-09-26 09:49:37,000 DEBUG impl.RaftServerImpl (RaftServerImpl.java:requestVote(743)) - s0@group-5BD3E7F27A57: receive requestVote(s1, group-5BD3E7F27A57, 197, (t:3, i:3))
2019-09-26 09:49:37,000 INFO  impl.RaftServerImpl (RaftServerImpl.java:setRole(170)) - s0@group-5BD3E7F27A57: changes role from  FOLLOWER to FOLLOWER at term 197 for recognizeCandidate:s1
2019-09-26 09:49:37,000 INFO  impl.RoleInfo (RoleInfo.java:shutdownFollowerState(121)) - s0: shutdown FollowerState
2019-09-26 09:49:37,000 INFO  impl.RoleInfo (RoleInfo.java:updateAndGet(143)) - s0: start FollowerState
2019-09-26 09:49:37,000 INFO  impl.FollowerState (FollowerState.java:run(117)) - s0@group-5BD3E7F27A57-FollowerState was interrupted: java.lang.InterruptedException: sleep interrupted
2019-09-26 09:49:37,000 DEBUG impl.RaftServerImpl (RaftServerImpl.java:requestVote(775)) - s0@group-5BD3E7F27A57 replies to vote request: s1<-s0#0:FAIL-t197. Peer's state: s0@group-5BD3E7F27A57:t197, leader=null, voted=null, raftlog=s0@group-5BD3E7F27A57-SegmentedRaftLog:OPENED:c3,f4,i4, conf=3: [s0:0.0.0.0:41468, s1:0.0.0.0:41619, s2:0.0.0.0:44382], old=null
2019-09-26 09:49:37,160 INFO  impl.LeaderElection (LeaderElection.java:logAndReturn(56)) - s2@group-5BD3E7F27A57-LeaderElection89: Election TIMEOUT; received 1 response(s) [s2<-s0#0:FAIL-t197] and 0 exception(s); s2@group-5BD3E7F27A57:t197, leader=null, voted=s2, raftlog=s2@group-5BD3E7F27A57-SegmentedRaftLog:OPENED:c1,f3,i3, conf=3: [s0:0.0.0.0:41468, s1:0.0.0.0:41619, s2:0.0.0.0:44382], old=null
2019-09-26 09:49:37,169 INFO  impl.LeaderElection (LeaderElection.java:askForVotes(178)) - s2@group-5BD3E7F27A57-LeaderElection89: begin an election at term 198 for 3: [s0:0.0.0.0:41468, s1:0.0.0.0:41619, s2:0.0.0.0:44382], old=null
2019-09-26 09:49:37,169 DEBUG impl.RaftServerImpl (RaftServerImpl.java:requestVote(743)) - s0@group-5BD3E7F27A57: receive requestVote(s2, group-5BD3E7F27A57, 198, (t:4, i:3))
2019-09-26 09:49:37,169 INFO  impl.RaftServerImpl (RaftServerImpl.java:setRole(170)) - s0@group-5BD3E7F27A57: changes role from  FOLLOWER to FOLLOWER at term 198 for recognizeCandidate:s2
2019-09-26 09:49:37,170 INFO  impl.RoleInfo (RoleInfo.java:shutdownFollowerState(121)) - s0: shutdown FollowerState
2019-09-26 09:49:37,170 INFO  impl.RoleInfo (RoleInfo.java:updateAndGet(143)) - s0: start FollowerState
2019-09-26 09:49:37,170 INFO  impl.FollowerState (FollowerState.java:run(117)) - s0@group-5BD3E7F27A57-FollowerState was interrupted: java.lang.InterruptedException: sleep interrupted
2019-09-26 09:49:37,183 DEBUG impl.RaftServerImpl (RaftServerImpl.java:requestVote(775)) - s0@group-5BD3E7F27A57 replies to vote request: s2<-s0#0:FAIL-t198. Peer's state: s0@group-5BD3E7F27A57:t198, leader=null, voted=null, raftlog=s0@group-5BD3E7F27A57-SegmentedRaftLog:OPENED:c3,f4,i4, conf=3: [s0:0.0.0.0:41468, s1:0.0.0.0:41619, s2:0.0.0.0:44382], old=null
2019-09-26 09:49:37,227 INFO  impl.LeaderElection (LeaderElection.java:logAndReturn(56)) - s1@group-5BD3E7F27A57-LeaderElection87: Election TIMEOUT; received 1 response(s) [s1<-s0#0:FAIL-t197] and 0 exception(s); s1@group-5BD3E7F27A57:t197, leader=null, voted=s1, raftlog=s1@group-5BD3E7F27A57-SegmentedRaftLog:OPENED:c2,f3,i3, conf=2: [s0:0.0.0.0:41468, s1:0.0.0.0:41619, s2:0.0.0.0:44382], old=null
2019-09-26 09:49:37,234 INFO  impl.LeaderElection (LeaderElection.java:askForVotes(178)) - s1@group-5BD3E7F27A57-LeaderElection87: begin an election at term 198 for 2: [s0:0.0.0.0:41468, s1:0.0.0.0:41619, s2:0.0.0.0:44382], old=null
2019-09-26 09:49:37,234 DEBUG impl.RaftServerImpl (RaftServerImpl.java:requestVote(743)) - s0@group-5BD3E7F27A57: receive requestVote(s1, group-5BD3E7F27A57, 198, (t:3, i:3))
2019-09-26 09:49:37,234 INFO  impl.RaftServerImpl (RaftServerImpl.java:setRole(170)) - s0@group-5BD3E7F27A57: changes role from  FOLLOWER to FOLLOWER at term 198 for recognizeCandidate:s1
2019-09-26 09:49:37,235 INFO  impl.RoleInfo (RoleInfo.java:shutdownFollowerState(121)) - s0: shutdown FollowerState
2019-09-26 09:49:37,235 INFO  impl.RoleInfo (RoleInfo.java:updateAndGet(143)) - s0: start FollowerState
2019-09-26 09:49:37,235 INFO  impl.FollowerState (FollowerState.java:run(117)) - s0@group-5BD3E7F27A57-FollowerState was interrupted: java.lang.InterruptedException: sleep interrupted
2019-09-26 09:49:37,235 DEBUG impl.RaftServerImpl (RaftServerImpl.java:requestVote(775)) - s0@group-5BD3E7F27A57 replies to vote request: s1<-s0#0:FAIL-t198. Peer's state: s0@group-5BD3E7F27A57:t198, leader=null, voted=null, raftlog=s0@group-5BD3E7F27A57-SegmentedRaftLog:OPENED:c3,f4,i4, conf=3: [s0:0.0.0.0:41468, s1:0.0.0.0:41619, s2:0.0.0.0:44382], old=null
2019-09-26 09:49:37,296 WARN  ratis.RaftTestUtil (JavaUtils.java:attempt(158)) - FAILED "waitForLeader-null-(expectLeader? true)", attempt #98/100: java.lang.IllegalStateException: No leader yet : printing ALL groups
  s0:  RUNNING  FOLLOWER s0@group-5BD3E7F27A57:t198, leader=null, voted=null, raftlog=s0@group-5BD3E7F27A57-SegmentedRaftLog:OPENED:c3,f4,i4, conf=3: [s0:0.0.0.0:41468, s1:0.0.0.0:41619, s2:0.0.0.0:44382], old=null RUNNING
  s1:  RUNNING CANDIDATE s1@group-5BD3E7F27A57:t198, leader=null, voted=s1, raftlog=s1@group-5BD3E7F27A57-SegmentedRaftLog:OPENED:c2,f3,i3, conf=2: [s0:0.0.0.0:41468, s1:0.0.0.0:41619, s2:0.0.0.0:44382], old=null RUNNING
  s2:  RUNNING CANDIDATE s2@group-5BD3E7F27A57:t198, leader=null, voted=s2, raftlog=s2@group-5BD3E7F27A57-SegmentedRaftLog:OPENED:c1,f3,i3, conf=3: [s0:0.0.0.0:41468, s1:0.0.0.0:41619, s2:0.0.0.0:44382], old=null RUNNING, sleep 450ms and then retry.
java.lang.IllegalStateException: No leader yet : printing ALL groups
  s0:  RUNNING  FOLLOWER s0@group-5BD3E7F27A57:t198, leader=null, voted=null, raftlog=s0@group-5BD3E7F27A57-SegmentedRaftLog:OPENED:c3,f4,i4, conf=3: [s0:0.0.0.0:41468, s1:0.0.0.0:41619, s2:0.0.0.0:44382], old=null RUNNING
  s1:  RUNNING CANDIDATE s1@group-5BD3E7F27A57:t198, leader=null, voted=s1, raftlog=s1@group-5BD3E7F27A57-SegmentedRaftLog:OPENED:c2,f3,i3, conf=2: [s0:0.0.0.0:41468, s1:0.0.0.0:41619, s2:0.0.0.0:44382], old=null RUNNING
  s2:  RUNNING CANDIDATE s2@group-5BD3E7F27A57:t198, leader=null, voted=s2, raftlog=s2@group-5BD3E7F27A57-SegmentedRaftLog:OPENED:c1,f3,i3, conf=3: [s0:0.0.0.0:41468, s1:0.0.0.0:41619, s2:0.0.0.0:44382], old=null RUNNING
	at org.apache.ratis.MiniRaftCluster.newIllegalStateExceptionForNoLeaders(MiniRaftCluster.java:506)
	at org.apache.ratis.RaftTestUtil.lambda$waitForLeader$1(RaftTestUtil.java:90)
	at org.apache.ratis.MiniRaftCluster.getLeader(MiniRaftCluster.java:539)
	at org.apache.ratis.MiniRaftCluster.getLeader(MiniRaftCluster.java:532)
	at org.apache.ratis.RaftTestUtil.lambda$waitForLeader$3(RaftTestUtil.java:98)
	at org.apache.ratis.util.JavaUtils.attempt(JavaUtils.java:152)
	at org.apache.ratis.RaftTestUtil.waitForLeader(RaftTestUtil.java:97)
	at org.apache.ratis.RaftTestUtil.waitForLeader(RaftTestUtil.java:77)
	at org.apache.ratis.RaftTestUtil.waitForLeader(RaftTestUtil.java:72)
	at org.apache.ratis.RaftTestUtil.lambda$changeLeader$7(RaftTestUtil.java:363)
	at org.apache.ratis.util.JavaUtils.attempt(JavaUtils.java:152)
	at org.apache.ratis.RaftTestUtil.changeLeader(RaftTestUtil.java:362)
	at org.apache.ratis.server.impl.LeaderElectionTests.testChangeLeader(LeaderElectionTests.java:81)
	at sun.reflect.NativeMethodAccessorImpl.invoke0(Native Method)
	at sun.reflect.NativeMethodAccessorImpl.invoke(NativeMethodAccessorImpl.java:62)
	at sun.reflect.DelegatingMethodAccessorImpl.invoke(DelegatingMethodAccessorImpl.java:43)
	at java.lang.reflect.Method.invoke(Method.java:498)
	at org.junit.runners.model.FrameworkMethod$1.runReflectiveCall(FrameworkMethod.java:50)
	at org.junit.internal.runners.model.ReflectiveCallable.run(ReflectiveCallable.java:12)
	at org.junit.runners.model.FrameworkMethod.invokeExplosively(FrameworkMethod.java:47)
	at org.junit.internal.runners.statements.InvokeMethod.evaluate(InvokeMethod.java:17)
	at org.junit.internal.runners.statements.RunAfters.evaluate(RunAfters.java:27)
	at org.junit.internal.runners.statements.FailOnTimeout$CallableStatement.call(FailOnTimeout.java:298)
	at org.junit.internal.runners.statements.FailOnTimeout$CallableStatement.call(FailOnTimeout.java:292)
	at java.util.concurrent.FutureTask.run(FutureTask.java:266)
	at java.lang.Thread.run(Thread.java:748)
2019-09-26 09:49:37,427 INFO  impl.LeaderElection (LeaderElection.java:logAndReturn(56)) - s1@group-5BD3E7F27A57-LeaderElection87: Election TIMEOUT; received 1 response(s) [s1<-s0#0:FAIL-t198] and 0 exception(s); s1@group-5BD3E7F27A57:t198, leader=null, voted=s1, raftlog=s1@group-5BD3E7F27A57-SegmentedRaftLog:OPENED:c2,f3,i3, conf=2: [s0:0.0.0.0:41468, s1:0.0.0.0:41619, s2:0.0.0.0:44382], old=null
2019-09-26 09:49:37,429 INFO  impl.FollowerState (FollowerState.java:run(108)) - s0@group-5BD3E7F27A57-FollowerState: change to CANDIDATE, lastRpcTime:194ms, electionTimeout:194ms
2019-09-26 09:49:37,430 INFO  impl.RoleInfo (RoleInfo.java:shutdownFollowerState(121)) - s0: shutdown FollowerState
2019-09-26 09:49:37,430 INFO  impl.RaftServerImpl (RaftServerImpl.java:setRole(170)) - s0@group-5BD3E7F27A57: changes role from  FOLLOWER to CANDIDATE at term 198 for changeToCandidate
2019-09-26 09:49:37,430 INFO  impl.RoleInfo (RoleInfo.java:updateAndGet(143)) - s0: start LeaderElection
2019-09-26 09:49:37,442 INFO  impl.LeaderElection (LeaderElection.java:logAndReturn(56)) - s2@group-5BD3E7F27A57-LeaderElection89: Election TIMEOUT; received 1 response(s) [s2<-s0#0:FAIL-t198] and 0 exception(s); s2@group-5BD3E7F27A57:t198, leader=null, voted=s2, raftlog=s2@group-5BD3E7F27A57-SegmentedRaftLog:OPENED:c1,f3,i3, conf=3: [s0:0.0.0.0:41468, s1:0.0.0.0:41619, s2:0.0.0.0:44382], old=null
2019-09-26 09:49:37,452 INFO  impl.LeaderElection (LeaderElection.java:askForVotes(178)) - s1@group-5BD3E7F27A57-LeaderElection87: begin an election at term 199 for 2: [s0:0.0.0.0:41468, s1:0.0.0.0:41619, s2:0.0.0.0:44382], old=null
2019-09-26 09:49:37,453 INFO  impl.LeaderElection (LeaderElection.java:askForVotes(178)) - s0@group-5BD3E7F27A57-LeaderElection90: begin an election at term 199 for 3: [s0:0.0.0.0:41468, s1:0.0.0.0:41619, s2:0.0.0.0:44382], old=null
2019-09-26 09:49:37,453 DEBUG impl.RaftServerImpl (RaftServerImpl.java:requestVote(743)) - s0@group-5BD3E7F27A57: receive requestVote(s1, group-5BD3E7F27A57, 199, (t:3, i:3))
2019-09-26 09:49:37,453 DEBUG impl.RaftServerImpl (RaftServerImpl.java:requestVote(775)) - s0@group-5BD3E7F27A57 replies to vote request: s1<-s0#0:FAIL-t199. Peer's state: s0@group-5BD3E7F27A57:t199, leader=null, voted=s0, raftlog=s0@group-5BD3E7F27A57-SegmentedRaftLog:OPENED:c3,f4,i4, conf=3: [s0:0.0.0.0:41468, s1:0.0.0.0:41619, s2:0.0.0.0:44382], old=null
2019-09-26 09:49:37,456 INFO  impl.LeaderElection (LeaderElection.java:askForVotes(178)) - s2@group-5BD3E7F27A57-LeaderElection89: begin an election at term 199 for 3: [s0:0.0.0.0:41468, s1:0.0.0.0:41619, s2:0.0.0.0:44382], old=null
2019-09-26 09:49:37,457 DEBUG impl.RaftServerImpl (RaftServerImpl.java:requestVote(743)) - s0@group-5BD3E7F27A57: receive requestVote(s2, group-5BD3E7F27A57, 199, (t:4, i:3))
2019-09-26 09:49:37,457 DEBUG impl.RaftServerImpl (RaftServerImpl.java:requestVote(775)) - s0@group-5BD3E7F27A57 replies to vote request: s2<-s0#0:FAIL-t199. Peer's state: s0@group-5BD3E7F27A57:t199, leader=null, voted=s0, raftlog=s0@group-5BD3E7F27A57-SegmentedRaftLog:OPENED:c3,f4,i4, conf=3: [s0:0.0.0.0:41468, s1:0.0.0.0:41619, s2:0.0.0.0:44382], old=null
2019-09-26 09:49:37,641 INFO  impl.LeaderElection (LeaderElection.java:logAndReturn(56)) - s2@group-5BD3E7F27A57-LeaderElection89: Election TIMEOUT; received 1 response(s) [s2<-s0#0:FAIL-t199] and 0 exception(s); s2@group-5BD3E7F27A57:t199, leader=null, voted=s2, raftlog=s2@group-5BD3E7F27A57-SegmentedRaftLog:OPENED:c1,f3,i3, conf=3: [s0:0.0.0.0:41468, s1:0.0.0.0:41619, s2:0.0.0.0:44382], old=null
2019-09-26 09:49:37,645 INFO  impl.LeaderElection (LeaderElection.java:askForVotes(178)) - s2@group-5BD3E7F27A57-LeaderElection89: begin an election at term 200 for 3: [s0:0.0.0.0:41468, s1:0.0.0.0:41619, s2:0.0.0.0:44382], old=null
2019-09-26 09:49:37,645 DEBUG impl.RaftServerImpl (RaftServerImpl.java:requestVote(743)) - s0@group-5BD3E7F27A57: receive requestVote(s2, group-5BD3E7F27A57, 200, (t:4, i:3))
2019-09-26 09:49:37,645 INFO  impl.RaftServerImpl (RaftServerImpl.java:setRole(170)) - s0@group-5BD3E7F27A57: changes role from CANDIDATE to FOLLOWER at term 200 for recognizeCandidate:s2
2019-09-26 09:49:37,646 INFO  impl.RoleInfo (RoleInfo.java:shutdownLeaderElection(134)) - s0: shutdown LeaderElection
2019-09-26 09:49:37,646 INFO  impl.RoleInfo (RoleInfo.java:updateAndGet(143)) - s0: start FollowerState
2019-09-26 09:49:37,653 DEBUG impl.RaftServerImpl (RaftServerImpl.java:requestVote(775)) - s0@group-5BD3E7F27A57 replies to vote request: s2<-s0#0:FAIL-t200. Peer's state: s0@group-5BD3E7F27A57:t200, leader=null, voted=null, raftlog=s0@group-5BD3E7F27A57-SegmentedRaftLog:OPENED:c3,f4,i4, conf=3: [s0:0.0.0.0:41468, s1:0.0.0.0:41619, s2:0.0.0.0:44382], old=null
2019-09-26 09:49:37,706 INFO  impl.LeaderElection (LeaderElection.java:logAndReturn(56)) - s0@group-5BD3E7F27A57-LeaderElection90: Election REJECTED; received 0 response(s) [] and 0 exception(s); s0@group-5BD3E7F27A57:t200, leader=null, voted=null, raftlog=s0@group-5BD3E7F27A57-SegmentedRaftLog:OPENED:c3,f4,i4, conf=3: [s0:0.0.0.0:41468, s1:0.0.0.0:41619, s2:0.0.0.0:44382], old=null
2019-09-26 09:49:37,748 WARN  ratis.RaftTestUtil (JavaUtils.java:attempt(158)) - FAILED "waitForLeader-null-(expectLeader? true)", attempt #99/100: java.lang.IllegalStateException: No leader yet : printing ALL groups
  s0:  RUNNING  FOLLOWER s0@group-5BD3E7F27A57:t200, leader=null, voted=null, raftlog=s0@group-5BD3E7F27A57-SegmentedRaftLog:OPENED:c3,f4,i4, conf=3: [s0:0.0.0.0:41468, s1:0.0.0.0:41619, s2:0.0.0.0:44382], old=null RUNNING
  s1:  RUNNING CANDIDATE s1@group-5BD3E7F27A57:t199, leader=null, voted=s1, raftlog=s1@group-5BD3E7F27A57-SegmentedRaftLog:OPENED:c2,f3,i3, conf=2: [s0:0.0.0.0:41468, s1:0.0.0.0:41619, s2:0.0.0.0:44382], old=null RUNNING
  s2:  RUNNING CANDIDATE s2@group-5BD3E7F27A57:t200, leader=null, voted=s2, raftlog=s2@group-5BD3E7F27A57-SegmentedRaftLog:OPENED:c1,f3,i3, conf=3: [s0:0.0.0.0:41468, s1:0.0.0.0:41619, s2:0.0.0.0:44382], old=null RUNNING, sleep 450ms and then retry.
java.lang.IllegalStateException: No leader yet : printing ALL groups
  s0:  RUNNING  FOLLOWER s0@group-5BD3E7F27A57:t200, leader=null, voted=null, raftlog=s0@group-5BD3E7F27A57-SegmentedRaftLog:OPENED:c3,f4,i4, conf=3: [s0:0.0.0.0:41468, s1:0.0.0.0:41619, s2:0.0.0.0:44382], old=null RUNNING
  s1:  RUNNING CANDIDATE s1@group-5BD3E7F27A57:t199, leader=null, voted=s1, raftlog=s1@group-5BD3E7F27A57-SegmentedRaftLog:OPENED:c2,f3,i3, conf=2: [s0:0.0.0.0:41468, s1:0.0.0.0:41619, s2:0.0.0.0:44382], old=null RUNNING
  s2:  RUNNING CANDIDATE s2@group-5BD3E7F27A57:t200, leader=null, voted=s2, raftlog=s2@group-5BD3E7F27A57-SegmentedRaftLog:OPENED:c1,f3,i3, conf=3: [s0:0.0.0.0:41468, s1:0.0.0.0:41619, s2:0.0.0.0:44382], old=null RUNNING
	at org.apache.ratis.MiniRaftCluster.newIllegalStateExceptionForNoLeaders(MiniRaftCluster.java:506)
	at org.apache.ratis.RaftTestUtil.lambda$waitForLeader$1(RaftTestUtil.java:90)
	at org.apache.ratis.MiniRaftCluster.getLeader(MiniRaftCluster.java:539)
	at org.apache.ratis.MiniRaftCluster.getLeader(MiniRaftCluster.java:532)
	at org.apache.ratis.RaftTestUtil.lambda$waitForLeader$3(RaftTestUtil.java:98)
	at org.apache.ratis.util.JavaUtils.attempt(JavaUtils.java:152)
	at org.apache.ratis.RaftTestUtil.waitForLeader(RaftTestUtil.java:97)
	at org.apache.ratis.RaftTestUtil.waitForLeader(RaftTestUtil.java:77)
	at org.apache.ratis.RaftTestUtil.waitForLeader(RaftTestUtil.java:72)
	at org.apache.ratis.RaftTestUtil.lambda$changeLeader$7(RaftTestUtil.java:363)
	at org.apache.ratis.util.JavaUtils.attempt(JavaUtils.java:152)
	at org.apache.ratis.RaftTestUtil.changeLeader(RaftTestUtil.java:362)
	at org.apache.ratis.server.impl.LeaderElectionTests.testChangeLeader(LeaderElectionTests.java:81)
	at sun.reflect.NativeMethodAccessorImpl.invoke0(Native Method)
	at sun.reflect.NativeMethodAccessorImpl.invoke(NativeMethodAccessorImpl.java:62)
	at sun.reflect.DelegatingMethodAccessorImpl.invoke(DelegatingMethodAccessorImpl.java:43)
	at java.lang.reflect.Method.invoke(Method.java:498)
	at org.junit.runners.model.FrameworkMethod$1.runReflectiveCall(FrameworkMethod.java:50)
	at org.junit.internal.runners.model.ReflectiveCallable.run(ReflectiveCallable.java:12)
	at org.junit.runners.model.FrameworkMethod.invokeExplosively(FrameworkMethod.java:47)
	at org.junit.internal.runners.statements.InvokeMethod.evaluate(InvokeMethod.java:17)
	at org.junit.internal.runners.statements.RunAfters.evaluate(RunAfters.java:27)
	at org.junit.internal.runners.statements.FailOnTimeout$CallableStatement.call(FailOnTimeout.java:298)
	at org.junit.internal.runners.statements.FailOnTimeout$CallableStatement.call(FailOnTimeout.java:292)
	at java.util.concurrent.FutureTask.run(FutureTask.java:266)
	at java.lang.Thread.run(Thread.java:748)
2019-09-26 09:49:37,752 INFO  impl.LeaderElection (LeaderElection.java:logAndReturn(56)) - s1@group-5BD3E7F27A57-LeaderElection87: Election TIMEOUT; received 1 response(s) [s1<-s0#0:FAIL-t199] and 0 exception(s); s1@group-5BD3E7F27A57:t199, leader=null, voted=s1, raftlog=s1@group-5BD3E7F27A57-SegmentedRaftLog:OPENED:c2,f3,i3, conf=2: [s0:0.0.0.0:41468, s1:0.0.0.0:41619, s2:0.0.0.0:44382], old=null
2019-09-26 09:49:37,774 INFO  impl.LeaderElection (LeaderElection.java:askForVotes(178)) - s1@group-5BD3E7F27A57-LeaderElection87: begin an election at term 200 for 2: [s0:0.0.0.0:41468, s1:0.0.0.0:41619, s2:0.0.0.0:44382], old=null
2019-09-26 09:49:37,774 DEBUG impl.RaftServerImpl (RaftServerImpl.java:requestVote(743)) - s0@group-5BD3E7F27A57: receive requestVote(s1, group-5BD3E7F27A57, 200, (t:3, i:3))
2019-09-26 09:49:37,775 INFO  impl.RaftServerImpl (RaftServerImpl.java:setRole(170)) - s0@group-5BD3E7F27A57: changes role from  FOLLOWER to FOLLOWER at term 200 for recognizeCandidate:s1
2019-09-26 09:49:37,775 INFO  impl.RoleInfo (RoleInfo.java:shutdownFollowerState(121)) - s0: shutdown FollowerState
2019-09-26 09:49:37,775 INFO  impl.RoleInfo (RoleInfo.java:updateAndGet(143)) - s0: start FollowerState
2019-09-26 09:49:37,775 INFO  impl.FollowerState (FollowerState.java:run(117)) - s0@group-5BD3E7F27A57-FollowerState was interrupted: java.lang.InterruptedException: sleep interrupted
2019-09-26 09:49:37,775 DEBUG impl.RaftServerImpl (RaftServerImpl.java:requestVote(775)) - s0@group-5BD3E7F27A57 replies to vote request: s1<-s0#0:FAIL-t200. Peer's state: s0@group-5BD3E7F27A57:t200, leader=null, voted=null, raftlog=s0@group-5BD3E7F27A57-SegmentedRaftLog:OPENED:c3,f4,i4, conf=3: [s0:0.0.0.0:41468, s1:0.0.0.0:41619, s2:0.0.0.0:44382], old=null
2019-09-26 09:49:37,945 INFO  impl.LeaderElection (LeaderElection.java:logAndReturn(56)) - s2@group-5BD3E7F27A57-LeaderElection89: Election TIMEOUT; received 1 response(s) [s2<-s0#0:FAIL-t200] and 0 exception(s); s2@group-5BD3E7F27A57:t200, leader=null, voted=s2, raftlog=s2@group-5BD3E7F27A57-SegmentedRaftLog:OPENED:c1,f3,i3, conf=3: [s0:0.0.0.0:41468, s1:0.0.0.0:41619, s2:0.0.0.0:44382], old=null
2019-09-26 09:49:37,971 INFO  impl.LeaderElection (LeaderElection.java:askForVotes(178)) - s2@group-5BD3E7F27A57-LeaderElection89: begin an election at term 201 for 3: [s0:0.0.0.0:41468, s1:0.0.0.0:41619, s2:0.0.0.0:44382], old=null
2019-09-26 09:49:37,971 DEBUG impl.RaftServerImpl (RaftServerImpl.java:requestVote(743)) - s0@group-5BD3E7F27A57: receive requestVote(s2, group-5BD3E7F27A57, 201, (t:4, i:3))
2019-09-26 09:49:37,971 INFO  impl.RaftServerImpl (RaftServerImpl.java:setRole(170)) - s0@group-5BD3E7F27A57: changes role from  FOLLOWER to FOLLOWER at term 201 for recognizeCandidate:s2
2019-09-26 09:49:37,972 INFO  impl.RoleInfo (RoleInfo.java:shutdownFollowerState(121)) - s0: shutdown FollowerState
2019-09-26 09:49:37,972 INFO  impl.RoleInfo (RoleInfo.java:updateAndGet(143)) - s0: start FollowerState
2019-09-26 09:49:37,972 INFO  impl.FollowerState (FollowerState.java:run(117)) - s0@group-5BD3E7F27A57-FollowerState was interrupted: java.lang.InterruptedException: sleep interrupted
2019-09-26 09:49:37,985 DEBUG impl.RaftServerImpl (RaftServerImpl.java:requestVote(775)) - s0@group-5BD3E7F27A57 replies to vote request: s2<-s0#0:FAIL-t201. Peer's state: s0@group-5BD3E7F27A57:t201, leader=null, voted=null, raftlog=s0@group-5BD3E7F27A57-SegmentedRaftLog:OPENED:c3,f4,i4, conf=3: [s0:0.0.0.0:41468, s1:0.0.0.0:41619, s2:0.0.0.0:44382], old=null
2019-09-26 09:49:38,073 INFO  impl.LeaderElection (LeaderElection.java:logAndReturn(56)) - s1@group-5BD3E7F27A57-LeaderElection87: Election TIMEOUT; received 1 response(s) [s1<-s0#0:FAIL-t200] and 0 exception(s); s1@group-5BD3E7F27A57:t200, leader=null, voted=s1, raftlog=s1@group-5BD3E7F27A57-SegmentedRaftLog:OPENED:c2,f3,i3, conf=2: [s0:0.0.0.0:41468, s1:0.0.0.0:41619, s2:0.0.0.0:44382], old=null
2019-09-26 09:49:38,086 INFO  impl.LeaderElection (LeaderElection.java:askForVotes(178)) - s1@group-5BD3E7F27A57-LeaderElection87: begin an election at term 201 for 2: [s0:0.0.0.0:41468, s1:0.0.0.0:41619, s2:0.0.0.0:44382], old=null
2019-09-26 09:49:38,087 DEBUG impl.RaftServerImpl (RaftServerImpl.java:requestVote(743)) - s0@group-5BD3E7F27A57: receive requestVote(s1, group-5BD3E7F27A57, 201, (t:3, i:3))
2019-09-26 09:49:38,087 INFO  impl.RaftServerImpl (RaftServerImpl.java:setRole(170)) - s0@group-5BD3E7F27A57: changes role from  FOLLOWER to FOLLOWER at term 201 for recognizeCandidate:s1
2019-09-26 09:49:38,087 INFO  impl.RoleInfo (RoleInfo.java:shutdownFollowerState(121)) - s0: shutdown FollowerState
2019-09-26 09:49:38,088 INFO  impl.RoleInfo (RoleInfo.java:updateAndGet(143)) - s0: start FollowerState
2019-09-26 09:49:38,088 INFO  impl.FollowerState (FollowerState.java:run(117)) - s0@group-5BD3E7F27A57-FollowerState was interrupted: java.lang.InterruptedException: sleep interrupted
2019-09-26 09:49:38,088 DEBUG impl.RaftServerImpl (RaftServerImpl.java:requestVote(775)) - s0@group-5BD3E7F27A57 replies to vote request: s1<-s0#0:FAIL-t201. Peer's state: s0@group-5BD3E7F27A57:t201, leader=null, voted=null, raftlog=s0@group-5BD3E7F27A57-SegmentedRaftLog:OPENED:c3,f4,i4, conf=3: [s0:0.0.0.0:41468, s1:0.0.0.0:41619, s2:0.0.0.0:44382], old=null
2019-09-26 09:49:38,134 INFO  impl.LeaderElection (LeaderElection.java:logAndReturn(56)) - s2@group-5BD3E7F27A57-LeaderElection89: Election TIMEOUT; received 1 response(s) [s2<-s0#0:FAIL-t201] and 0 exception(s); s2@group-5BD3E7F27A57:t201, leader=null, voted=s2, raftlog=s2@group-5BD3E7F27A57-SegmentedRaftLog:OPENED:c1,f3,i3, conf=3: [s0:0.0.0.0:41468, s1:0.0.0.0:41619, s2:0.0.0.0:44382], old=null
2019-09-26 09:49:38,148 INFO  impl.LeaderElection (LeaderElection.java:askForVotes(178)) - s2@group-5BD3E7F27A57-LeaderElection89: begin an election at term 202 for 3: [s0:0.0.0.0:41468, s1:0.0.0.0:41619, s2:0.0.0.0:44382], old=null
2019-09-26 09:49:38,148 DEBUG impl.RaftServerImpl (RaftServerImpl.java:requestVote(743)) - s0@group-5BD3E7F27A57: receive requestVote(s2, group-5BD3E7F27A57, 202, (t:4, i:3))
2019-09-26 09:49:38,149 INFO  impl.RaftServerImpl (RaftServerImpl.java:setRole(170)) - s0@group-5BD3E7F27A57: changes role from  FOLLOWER to FOLLOWER at term 202 for recognizeCandidate:s2
2019-09-26 09:49:38,149 INFO  impl.RoleInfo (RoleInfo.java:shutdownFollowerState(121)) - s0: shutdown FollowerState
2019-09-26 09:49:38,149 INFO  impl.RoleInfo (RoleInfo.java:updateAndGet(143)) - s0: start FollowerState
2019-09-26 09:49:38,150 INFO  impl.FollowerState (FollowerState.java:run(117)) - s0@group-5BD3E7F27A57-FollowerState was interrupted: java.lang.InterruptedException: sleep interrupted
2019-09-26 09:49:38,162 DEBUG impl.RaftServerImpl (RaftServerImpl.java:requestVote(775)) - s0@group-5BD3E7F27A57 replies to vote request: s2<-s0#0:FAIL-t202. Peer's state: s0@group-5BD3E7F27A57:t202, leader=null, voted=null, raftlog=s0@group-5BD3E7F27A57-SegmentedRaftLog:OPENED:c3,f4,i4, conf=3: [s0:0.0.0.0:41468, s1:0.0.0.0:41619, s2:0.0.0.0:44382], old=null
2019-09-26 09:49:38,199 WARN  ratis.RaftTestUtil (JavaUtils.java:attempt(158)) - FAILED "testChangeLeader-changeLeader", attempt #5/20: java.lang.IllegalStateException: No leader yet : printing ALL groups
  s0:  RUNNING  FOLLOWER s0@group-5BD3E7F27A57:t202, leader=null, voted=null, raftlog=s0@group-5BD3E7F27A57-SegmentedRaftLog:OPENED:c3,f4,i4, conf=3: [s0:0.0.0.0:41468, s1:0.0.0.0:41619, s2:0.0.0.0:44382], old=null RUNNING
  s1:  RUNNING CANDIDATE s1@group-5BD3E7F27A57:t201, leader=null, voted=s1, raftlog=s1@group-5BD3E7F27A57-SegmentedRaftLog:OPENED:c2,f3,i3, conf=2: [s0:0.0.0.0:41468, s1:0.0.0.0:41619, s2:0.0.0.0:44382], old=null RUNNING
  s2:  RUNNING CANDIDATE s2@group-5BD3E7F27A57:t202, leader=null, voted=s2, raftlog=s2@group-5BD3E7F27A57-SegmentedRaftLog:OPENED:c1,f3,i3, conf=3: [s0:0.0.0.0:41468, s1:0.0.0.0:41619, s2:0.0.0.0:44382], old=null RUNNING, sleep 100ms and then retry.
java.lang.IllegalStateException: No leader yet : printing ALL groups
  s0:  RUNNING  FOLLOWER s0@group-5BD3E7F27A57:t202, leader=null, voted=null, raftlog=s0@group-5BD3E7F27A57-SegmentedRaftLog:OPENED:c3,f4,i4, conf=3: [s0:0.0.0.0:41468, s1:0.0.0.0:41619, s2:0.0.0.0:44382], old=null RUNNING
  s1:  RUNNING CANDIDATE s1@group-5BD3E7F27A57:t201, leader=null, voted=s1, raftlog=s1@group-5BD3E7F27A57-SegmentedRaftLog:OPENED:c2,f3,i3, conf=2: [s0:0.0.0.0:41468, s1:0.0.0.0:41619, s2:0.0.0.0:44382], old=null RUNNING
  s2:  RUNNING CANDIDATE s2@group-5BD3E7F27A57:t202, leader=null, voted=s2, raftlog=s2@group-5BD3E7F27A57-SegmentedRaftLog:OPENED:c1,f3,i3, conf=3: [s0:0.0.0.0:41468, s1:0.0.0.0:41619, s2:0.0.0.0:44382], old=null RUNNING
	at org.apache.ratis.MiniRaftCluster.newIllegalStateExceptionForNoLeaders(MiniRaftCluster.java:506)
	at org.apache.ratis.RaftTestUtil.lambda$waitForLeader$1(RaftTestUtil.java:90)
	at org.apache.ratis.MiniRaftCluster.getLeader(MiniRaftCluster.java:539)
	at org.apache.ratis.MiniRaftCluster.getLeader(MiniRaftCluster.java:532)
	at org.apache.ratis.RaftTestUtil.lambda$waitForLeader$3(RaftTestUtil.java:98)
	at org.apache.ratis.util.JavaUtils.attempt(JavaUtils.java:152)
	at org.apache.ratis.RaftTestUtil.waitForLeader(RaftTestUtil.java:97)
	at org.apache.ratis.RaftTestUtil.waitForLeader(RaftTestUtil.java:77)
	at org.apache.ratis.RaftTestUtil.waitForLeader(RaftTestUtil.java:72)
	at org.apache.ratis.RaftTestUtil.lambda$changeLeader$7(RaftTestUtil.java:363)
	at org.apache.ratis.util.JavaUtils.attempt(JavaUtils.java:152)
	at org.apache.ratis.RaftTestUtil.changeLeader(RaftTestUtil.java:362)
	at org.apache.ratis.server.impl.LeaderElectionTests.testChangeLeader(LeaderElectionTests.java:81)
	at sun.reflect.NativeMethodAccessorImpl.invoke0(Native Method)
	at sun.reflect.NativeMethodAccessorImpl.invoke(NativeMethodAccessorImpl.java:62)
	at sun.reflect.DelegatingMethodAccessorImpl.invoke(DelegatingMethodAccessorImpl.java:43)
	at java.lang.reflect.Method.invoke(Method.java:498)
	at org.junit.runners.model.FrameworkMethod$1.runReflectiveCall(FrameworkMethod.java:50)
	at org.junit.internal.runners.model.ReflectiveCallable.run(ReflectiveCallable.java:12)
	at org.junit.runners.model.FrameworkMethod.invokeExplosively(FrameworkMethod.java:47)
	at org.junit.internal.runners.statements.InvokeMethod.evaluate(InvokeMethod.java:17)
	at org.junit.internal.runners.statements.RunAfters.evaluate(RunAfters.java:27)
	at org.junit.internal.runners.statements.FailOnTimeout$CallableStatement.call(FailOnTimeout.java:298)
	at org.junit.internal.runners.statements.FailOnTimeout$CallableStatement.call(FailOnTimeout.java:292)
	at java.util.concurrent.FutureTask.run(FutureTask.java:266)
	at java.lang.Thread.run(Thread.java:748)
2019-09-26 09:49:38,288 INFO  impl.LeaderElection (LeaderElection.java:logAndReturn(56)) - s1@group-5BD3E7F27A57-LeaderElection87: Election TIMEOUT; received 1 response(s) [s1<-s0#0:FAIL-t201] and 0 exception(s); s1@group-5BD3E7F27A57:t201, leader=null, voted=s1, raftlog=s1@group-5BD3E7F27A57-SegmentedRaftLog:OPENED:c2,f3,i3, conf=2: [s0:0.0.0.0:41468, s1:0.0.0.0:41619, s2:0.0.0.0:44382], old=null
2019-09-26 09:49:38,299 INFO  server.RaftServerConfigKeys (ConfUtils.java:logGet(43)) - raft.server.rpc.timeout.max = 300ms (default)
2019-09-26 09:49:38,300 INFO  ratis.RaftTestUtil (RaftTestUtil.java:waitForLeader(86)) - printing ALL groups
  s0:  RUNNING  FOLLOWER s0@group-5BD3E7F27A57:t202, leader=null, voted=null, raftlog=s0@group-5BD3E7F27A57-SegmentedRaftLog:OPENED:c3,f4,i4, conf=3: [s0:0.0.0.0:41468, s1:0.0.0.0:41619, s2:0.0.0.0:44382], old=null RUNNING
  s1:  RUNNING CANDIDATE s1@group-5BD3E7F27A57:t202, leader=null, voted=s1, raftlog=s1@group-5BD3E7F27A57-SegmentedRaftLog:OPENED:c2,f3,i3, conf=2: [s0:0.0.0.0:41468, s1:0.0.0.0:41619, s2:0.0.0.0:44382], old=null RUNNING
  s2:  RUNNING CANDIDATE s2@group-5BD3E7F27A57:t202, leader=null, voted=s2, raftlog=s2@group-5BD3E7F27A57-SegmentedRaftLog:OPENED:c1,f3,i3, conf=3: [s0:0.0.0.0:41468, s1:0.0.0.0:41619, s2:0.0.0.0:44382], old=null RUNNING
2019-09-26 09:49:38,300 WARN  ratis.RaftTestUtil (JavaUtils.java:attempt(158)) - FAILED "waitForLeader-null-(expectLeader? true)", attempt #1/100: java.lang.IllegalStateException: No leader yet : printing ALL groups
  s0:  RUNNING  FOLLOWER s0@group-5BD3E7F27A57:t202, leader=null, voted=null, raftlog=s0@group-5BD3E7F27A57-SegmentedRaftLog:OPENED:c3,f4,i4, conf=3: [s0:0.0.0.0:41468, s1:0.0.0.0:41619, s2:0.0.0.0:44382], old=null RUNNING
  s1:  RUNNING CANDIDATE s1@group-5BD3E7F27A57:t202, leader=null, voted=s1, raftlog=s1@group-5BD3E7F27A57-SegmentedRaftLog:OPENED:c2,f3,i3, conf=2: [s0:0.0.0.0:41468, s1:0.0.0.0:41619, s2:0.0.0.0:44382], old=null RUNNING
  s2:  RUNNING CANDIDATE s2@group-5BD3E7F27A57:t202, leader=null, voted=s2, raftlog=s2@group-5BD3E7F27A57-SegmentedRaftLog:OPENED:c1,f3,i3, conf=3: [s0:0.0.0.0:41468, s1:0.0.0.0:41619, s2:0.0.0.0:44382], old=null RUNNING, sleep 450ms and then retry.
java.lang.IllegalStateException: No leader yet : printing ALL groups
  s0:  RUNNING  FOLLOWER s0@group-5BD3E7F27A57:t202, leader=null, voted=null, raftlog=s0@group-5BD3E7F27A57-SegmentedRaftLog:OPENED:c3,f4,i4, conf=3: [s0:0.0.0.0:41468, s1:0.0.0.0:41619, s2:0.0.0.0:44382], old=null RUNNING
  s1:  RUNNING CANDIDATE s1@group-5BD3E7F27A57:t202, leader=null, voted=s1, raftlog=s1@group-5BD3E7F27A57-SegmentedRaftLog:OPENED:c2,f3,i3, conf=2: [s0:0.0.0.0:41468, s1:0.0.0.0:41619, s2:0.0.0.0:44382], old=null RUNNING
  s2:  RUNNING CANDIDATE s2@group-5BD3E7F27A57:t202, leader=null, voted=s2, raftlog=s2@group-5BD3E7F27A57-SegmentedRaftLog:OPENED:c1,f3,i3, conf=3: [s0:0.0.0.0:41468, s1:0.0.0.0:41619, s2:0.0.0.0:44382], old=null RUNNING
	at org.apache.ratis.MiniRaftCluster.newIllegalStateExceptionForNoLeaders(MiniRaftCluster.java:506)
	at org.apache.ratis.RaftTestUtil.lambda$waitForLeader$1(RaftTestUtil.java:90)
	at org.apache.ratis.MiniRaftCluster.getLeader(MiniRaftCluster.java:539)
	at org.apache.ratis.MiniRaftCluster.getLeader(MiniRaftCluster.java:532)
	at org.apache.ratis.RaftTestUtil.lambda$waitForLeader$3(RaftTestUtil.java:98)
	at org.apache.ratis.util.JavaUtils.attempt(JavaUtils.java:152)
	at org.apache.ratis.RaftTestUtil.waitForLeader(RaftTestUtil.java:97)
	at org.apache.ratis.RaftTestUtil.waitForLeader(RaftTestUtil.java:77)
	at org.apache.ratis.RaftTestUtil.waitForLeader(RaftTestUtil.java:72)
	at org.apache.ratis.RaftTestUtil.lambda$changeLeader$7(RaftTestUtil.java:363)
	at org.apache.ratis.util.JavaUtils.attempt(JavaUtils.java:152)
	at org.apache.ratis.RaftTestUtil.changeLeader(RaftTestUtil.java:362)
	at org.apache.ratis.server.impl.LeaderElectionTests.testChangeLeader(LeaderElectionTests.java:81)
	at sun.reflect.NativeMethodAccessorImpl.invoke0(Native Method)
	at sun.reflect.NativeMethodAccessorImpl.invoke(NativeMethodAccessorImpl.java:62)
	at sun.reflect.DelegatingMethodAccessorImpl.invoke(DelegatingMethodAccessorImpl.java:43)
	at java.lang.reflect.Method.invoke(Method.java:498)
	at org.junit.runners.model.FrameworkMethod$1.runReflectiveCall(FrameworkMethod.java:50)
	at org.junit.internal.runners.model.ReflectiveCallable.run(ReflectiveCallable.java:12)
	at org.junit.runners.model.FrameworkMethod.invokeExplosively(FrameworkMethod.java:47)
	at org.junit.internal.runners.statements.InvokeMethod.evaluate(InvokeMethod.java:17)
	at org.junit.internal.runners.statements.RunAfters.evaluate(RunAfters.java:27)
	at org.junit.internal.runners.statements.FailOnTimeout$CallableStatement.call(FailOnTimeout.java:298)
	at org.junit.internal.runners.statements.FailOnTimeout$CallableStatement.call(FailOnTimeout.java:292)
	at java.util.concurrent.FutureTask.run(FutureTask.java:266)
	at java.lang.Thread.run(Thread.java:748)
2019-09-26 09:49:38,301 INFO  impl.LeaderElection (LeaderElection.java:askForVotes(178)) - s1@group-5BD3E7F27A57-LeaderElection87: begin an election at term 202 for 2: [s0:0.0.0.0:41468, s1:0.0.0.0:41619, s2:0.0.0.0:44382], old=null
2019-09-26 09:49:38,301 DEBUG impl.RaftServerImpl (RaftServerImpl.java:requestVote(743)) - s0@group-5BD3E7F27A57: receive requestVote(s1, group-5BD3E7F27A57, 202, (t:3, i:3))
2019-09-26 09:49:38,302 INFO  impl.RaftServerImpl (RaftServerImpl.java:setRole(170)) - s0@group-5BD3E7F27A57: changes role from  FOLLOWER to FOLLOWER at term 202 for recognizeCandidate:s1
2019-09-26 09:49:38,302 INFO  impl.RoleInfo (RoleInfo.java:shutdownFollowerState(121)) - s0: shutdown FollowerState
2019-09-26 09:49:38,302 INFO  impl.RoleInfo (RoleInfo.java:updateAndGet(143)) - s0: start FollowerState
2019-09-26 09:49:38,302 INFO  impl.FollowerState (FollowerState.java:run(117)) - s0@group-5BD3E7F27A57-FollowerState was interrupted: java.lang.InterruptedException: sleep interrupted
2019-09-26 09:49:38,302 DEBUG impl.RaftServerImpl (RaftServerImpl.java:requestVote(775)) - s0@group-5BD3E7F27A57 replies to vote request: s1<-s0#0:FAIL-t202. Peer's state: s0@group-5BD3E7F27A57:t202, leader=null, voted=null, raftlog=s0@group-5BD3E7F27A57-SegmentedRaftLog:OPENED:c3,f4,i4, conf=3: [s0:0.0.0.0:41468, s1:0.0.0.0:41619, s2:0.0.0.0:44382], old=null
2019-09-26 09:49:38,364 INFO  impl.LeaderElection (LeaderElection.java:logAndReturn(56)) - s2@group-5BD3E7F27A57-LeaderElection89: Election TIMEOUT; received 1 response(s) [s2<-s0#0:FAIL-t202] and 0 exception(s); s2@group-5BD3E7F27A57:t202, leader=null, voted=s2, raftlog=s2@group-5BD3E7F27A57-SegmentedRaftLog:OPENED:c1,f3,i3, conf=3: [s0:0.0.0.0:41468, s1:0.0.0.0:41619, s2:0.0.0.0:44382], old=null
2019-09-26 09:49:38,377 INFO  impl.LeaderElection (LeaderElection.java:askForVotes(178)) - s2@group-5BD3E7F27A57-LeaderElection89: begin an election at term 203 for 3: [s0:0.0.0.0:41468, s1:0.0.0.0:41619, s2:0.0.0.0:44382], old=null
2019-09-26 09:49:38,377 DEBUG impl.RaftServerImpl (RaftServerImpl.java:requestVote(743)) - s0@group-5BD3E7F27A57: receive requestVote(s2, group-5BD3E7F27A57, 203, (t:4, i:3))
2019-09-26 09:49:38,378 INFO  impl.RaftServerImpl (RaftServerImpl.java:setRole(170)) - s0@group-5BD3E7F27A57: changes role from  FOLLOWER to FOLLOWER at term 203 for recognizeCandidate:s2
2019-09-26 09:49:38,378 INFO  impl.RoleInfo (RoleInfo.java:shutdownFollowerState(121)) - s0: shutdown FollowerState
2019-09-26 09:49:38,378 INFO  impl.RoleInfo (RoleInfo.java:updateAndGet(143)) - s0: start FollowerState
2019-09-26 09:49:38,378 INFO  impl.FollowerState (FollowerState.java:run(117)) - s0@group-5BD3E7F27A57-FollowerState was interrupted: java.lang.InterruptedException: sleep interrupted
2019-09-26 09:49:38,391 DEBUG impl.RaftServerImpl (RaftServerImpl.java:requestVote(775)) - s0@group-5BD3E7F27A57 replies to vote request: s2<-s0#0:FAIL-t203. Peer's state: s0@group-5BD3E7F27A57:t203, leader=null, voted=null, raftlog=s0@group-5BD3E7F27A57-SegmentedRaftLog:OPENED:c3,f4,i4, conf=3: [s0:0.0.0.0:41468, s1:0.0.0.0:41619, s2:0.0.0.0:44382], old=null
2019-09-26 09:49:38,472 INFO  impl.LeaderElection (LeaderElection.java:logAndReturn(56)) - s1@group-5BD3E7F27A57-LeaderElection87: Election TIMEOUT; received 1 response(s) [s1<-s0#0:FAIL-t202] and 0 exception(s); s1@group-5BD3E7F27A57:t202, leader=null, voted=s1, raftlog=s1@group-5BD3E7F27A57-SegmentedRaftLog:OPENED:c2,f3,i3, conf=2: [s0:0.0.0.0:41468, s1:0.0.0.0:41619, s2:0.0.0.0:44382], old=null
2019-09-26 09:49:38,491 INFO  impl.LeaderElection (LeaderElection.java:askForVotes(178)) - s1@group-5BD3E7F27A57-LeaderElection87: begin an election at term 203 for 2: [s0:0.0.0.0:41468, s1:0.0.0.0:41619, s2:0.0.0.0:44382], old=null
2019-09-26 09:49:38,491 DEBUG impl.RaftServerImpl (RaftServerImpl.java:requestVote(743)) - s0@group-5BD3E7F27A57: receive requestVote(s1, group-5BD3E7F27A57, 203, (t:3, i:3))
2019-09-26 09:49:38,492 INFO  impl.RaftServerImpl (RaftServerImpl.java:setRole(170)) - s0@group-5BD3E7F27A57: changes role from  FOLLOWER to FOLLOWER at term 203 for recognizeCandidate:s1
2019-09-26 09:49:38,492 INFO  impl.RoleInfo (RoleInfo.java:shutdownFollowerState(121)) - s0: shutdown FollowerState
2019-09-26 09:49:38,492 INFO  impl.RoleInfo (RoleInfo.java:updateAndGet(143)) - s0: start FollowerState
2019-09-26 09:49:38,492 INFO  impl.FollowerState (FollowerState.java:run(117)) - s0@group-5BD3E7F27A57-FollowerState was interrupted: java.lang.InterruptedException: sleep interrupted
2019-09-26 09:49:38,492 DEBUG impl.RaftServerImpl (RaftServerImpl.java:requestVote(775)) - s0@group-5BD3E7F27A57 replies to vote request: s1<-s0#0:FAIL-t203. Peer's state: s0@group-5BD3E7F27A57:t203, leader=null, voted=null, raftlog=s0@group-5BD3E7F27A57-SegmentedRaftLog:OPENED:c3,f4,i4, conf=3: [s0:0.0.0.0:41468, s1:0.0.0.0:41619, s2:0.0.0.0:44382], old=null
2019-09-26 09:49:38,633 INFO  impl.LeaderElection (LeaderElection.java:logAndReturn(56)) - s2@group-5BD3E7F27A57-LeaderElection89: Election TIMEOUT; received 1 response(s) [s2<-s0#0:FAIL-t203] and 0 exception(s); s2@group-5BD3E7F27A57:t203, leader=null, voted=s2, raftlog=s2@group-5BD3E7F27A57-SegmentedRaftLog:OPENED:c1,f3,i3, conf=3: [s0:0.0.0.0:41468, s1:0.0.0.0:41619, s2:0.0.0.0:44382], old=null
2019-09-26 09:49:38,647 INFO  impl.LeaderElection (LeaderElection.java:askForVotes(178)) - s2@group-5BD3E7F27A57-LeaderElection89: begin an election at term 204 for 3: [s0:0.0.0.0:41468, s1:0.0.0.0:41619, s2:0.0.0.0:44382], old=null
2019-09-26 09:49:38,648 DEBUG impl.RaftServerImpl (RaftServerImpl.java:requestVote(743)) - s0@group-5BD3E7F27A57: receive requestVote(s2, group-5BD3E7F27A57, 204, (t:4, i:3))
2019-09-26 09:49:38,648 INFO  impl.RaftServerImpl (RaftServerImpl.java:setRole(170)) - s0@group-5BD3E7F27A57: changes role from  FOLLOWER to FOLLOWER at term 204 for recognizeCandidate:s2
2019-09-26 09:49:38,648 INFO  impl.RoleInfo (RoleInfo.java:shutdownFollowerState(121)) - s0: shutdown FollowerState
2019-09-26 09:49:38,648 INFO  impl.RoleInfo (RoleInfo.java:updateAndGet(143)) - s0: start FollowerState
2019-09-26 09:49:38,648 INFO  impl.FollowerState (FollowerState.java:run(117)) - s0@group-5BD3E7F27A57-FollowerState was interrupted: java.lang.InterruptedException: sleep interrupted
2019-09-26 09:49:38,661 DEBUG impl.RaftServerImpl (RaftServerImpl.java:requestVote(775)) - s0@group-5BD3E7F27A57 replies to vote request: s2<-s0#0:FAIL-t204. Peer's state: s0@group-5BD3E7F27A57:t204, leader=null, voted=null, raftlog=s0@group-5BD3E7F27A57-SegmentedRaftLog:OPENED:c3,f4,i4, conf=3: [s0:0.0.0.0:41468, s1:0.0.0.0:41619, s2:0.0.0.0:44382], old=null
2019-09-26 09:49:38,730 INFO  impl.LeaderElection (LeaderElection.java:logAndReturn(56)) - s1@group-5BD3E7F27A57-LeaderElection87: Election TIMEOUT; received 1 response(s) [s1<-s0#0:FAIL-t203] and 0 exception(s); s1@group-5BD3E7F27A57:t203, leader=null, voted=s1, raftlog=s1@group-5BD3E7F27A57-SegmentedRaftLog:OPENED:c2,f3,i3, conf=2: [s0:0.0.0.0:41468, s1:0.0.0.0:41619, s2:0.0.0.0:44382], old=null
2019-09-26 09:49:38,743 INFO  impl.LeaderElection (LeaderElection.java:askForVotes(178)) - s1@group-5BD3E7F27A57-LeaderElection87: begin an election at term 204 for 2: [s0:0.0.0.0:41468, s1:0.0.0.0:41619, s2:0.0.0.0:44382], old=null
2019-09-26 09:49:38,743 DEBUG impl.RaftServerImpl (RaftServerImpl.java:requestVote(743)) - s0@group-5BD3E7F27A57: receive requestVote(s1, group-5BD3E7F27A57, 204, (t:3, i:3))
2019-09-26 09:49:38,743 INFO  impl.RaftServerImpl (RaftServerImpl.java:setRole(170)) - s0@group-5BD3E7F27A57: changes role from  FOLLOWER to FOLLOWER at term 204 for recognizeCandidate:s1
2019-09-26 09:49:38,743 INFO  impl.RoleInfo (RoleInfo.java:shutdownFollowerState(121)) - s0: shutdown FollowerState
2019-09-26 09:49:38,744 INFO  impl.RoleInfo (RoleInfo.java:updateAndGet(143)) - s0: start FollowerState
2019-09-26 09:49:38,744 INFO  impl.FollowerState (FollowerState.java:run(117)) - s0@group-5BD3E7F27A57-FollowerState was interrupted: java.lang.InterruptedException: sleep interrupted
2019-09-26 09:49:38,744 DEBUG impl.RaftServerImpl (RaftServerImpl.java:requestVote(775)) - s0@group-5BD3E7F27A57 replies to vote request: s1<-s0#0:FAIL-t204. Peer's state: s0@group-5BD3E7F27A57:t204, leader=null, voted=null, raftlog=s0@group-5BD3E7F27A57-SegmentedRaftLog:OPENED:c3,f4,i4, conf=3: [s0:0.0.0.0:41468, s1:0.0.0.0:41619, s2:0.0.0.0:44382], old=null
2019-09-26 09:49:38,751 WARN  ratis.RaftTestUtil (JavaUtils.java:attempt(158)) - FAILED "waitForLeader-null-(expectLeader? true)", attempt #2/100: java.lang.IllegalStateException: No leader yet : printing ALL groups
  s0:  RUNNING  FOLLOWER s0@group-5BD3E7F27A57:t204, leader=null, voted=null, raftlog=s0@group-5BD3E7F27A57-SegmentedRaftLog:OPENED:c3,f4,i4, conf=3: [s0:0.0.0.0:41468, s1:0.0.0.0:41619, s2:0.0.0.0:44382], old=null RUNNING
  s1:  RUNNING CANDIDATE s1@group-5BD3E7F27A57:t204, leader=null, voted=s1, raftlog=s1@group-5BD3E7F27A57-SegmentedRaftLog:OPENED:c2,f3,i3, conf=2: [s0:0.0.0.0:41468, s1:0.0.0.0:41619, s2:0.0.0.0:44382], old=null RUNNING
  s2:  RUNNING CANDIDATE s2@group-5BD3E7F27A57:t204, leader=null, voted=s2, raftlog=s2@group-5BD3E7F27A57-SegmentedRaftLog:OPENED:c1,f3,i3, conf=3: [s0:0.0.0.0:41468, s1:0.0.0.0:41619, s2:0.0.0.0:44382], old=null RUNNING, sleep 450ms and then retry.
java.lang.IllegalStateException: No leader yet : printing ALL groups
  s0:  RUNNING  FOLLOWER s0@group-5BD3E7F27A57:t204, leader=null, voted=null, raftlog=s0@group-5BD3E7F27A57-SegmentedRaftLog:OPENED:c3,f4,i4, conf=3: [s0:0.0.0.0:41468, s1:0.0.0.0:41619, s2:0.0.0.0:44382], old=null RUNNING
  s1:  RUNNING CANDIDATE s1@group-5BD3E7F27A57:t204, leader=null, voted=s1, raftlog=s1@group-5BD3E7F27A57-SegmentedRaftLog:OPENED:c2,f3,i3, conf=2: [s0:0.0.0.0:41468, s1:0.0.0.0:41619, s2:0.0.0.0:44382], old=null RUNNING
  s2:  RUNNING CANDIDATE s2@group-5BD3E7F27A57:t204, leader=null, voted=s2, raftlog=s2@group-5BD3E7F27A57-SegmentedRaftLog:OPENED:c1,f3,i3, conf=3: [s0:0.0.0.0:41468, s1:0.0.0.0:41619, s2:0.0.0.0:44382], old=null RUNNING
	at org.apache.ratis.MiniRaftCluster.newIllegalStateExceptionForNoLeaders(MiniRaftCluster.java:506)
	at org.apache.ratis.RaftTestUtil.lambda$waitForLeader$1(RaftTestUtil.java:90)
	at org.apache.ratis.MiniRaftCluster.getLeader(MiniRaftCluster.java:539)
	at org.apache.ratis.MiniRaftCluster.getLeader(MiniRaftCluster.java:532)
	at org.apache.ratis.RaftTestUtil.lambda$waitForLeader$3(RaftTestUtil.java:98)
	at org.apache.ratis.util.JavaUtils.attempt(JavaUtils.java:152)
	at org.apache.ratis.RaftTestUtil.waitForLeader(RaftTestUtil.java:97)
	at org.apache.ratis.RaftTestUtil.waitForLeader(RaftTestUtil.java:77)
	at org.apache.ratis.RaftTestUtil.waitForLeader(RaftTestUtil.java:72)
	at org.apache.ratis.RaftTestUtil.lambda$changeLeader$7(RaftTestUtil.java:363)
	at org.apache.ratis.util.JavaUtils.attempt(JavaUtils.java:152)
	at org.apache.ratis.RaftTestUtil.changeLeader(RaftTestUtil.java:362)
	at org.apache.ratis.server.impl.LeaderElectionTests.testChangeLeader(LeaderElectionTests.java:81)
	at sun.reflect.NativeMethodAccessorImpl.invoke0(Native Method)
	at sun.reflect.NativeMethodAccessorImpl.invoke(NativeMethodAccessorImpl.java:62)
	at sun.reflect.DelegatingMethodAccessorImpl.invoke(DelegatingMethodAccessorImpl.java:43)
	at java.lang.reflect.Method.invoke(Method.java:498)
	at org.junit.runners.model.FrameworkMethod$1.runReflectiveCall(FrameworkMethod.java:50)
	at org.junit.internal.runners.model.ReflectiveCallable.run(ReflectiveCallable.java:12)
	at org.junit.runners.model.FrameworkMethod.invokeExplosively(FrameworkMethod.java:47)
	at org.junit.internal.runners.statements.InvokeMethod.evaluate(InvokeMethod.java:17)
	at org.junit.internal.runners.statements.RunAfters.evaluate(RunAfters.java:27)
	at org.junit.internal.runners.statements.FailOnTimeout$CallableStatement.call(FailOnTimeout.java:298)
	at org.junit.internal.runners.statements.FailOnTimeout$CallableStatement.call(FailOnTimeout.java:292)
	at java.util.concurrent.FutureTask.run(FutureTask.java:266)
	at java.lang.Thread.run(Thread.java:748)
2019-09-26 09:49:38,882 INFO  impl.LeaderElection (LeaderElection.java:logAndReturn(56)) - s2@group-5BD3E7F27A57-LeaderElection89: Election TIMEOUT; received 1 response(s) [s2<-s0#0:FAIL-t204] and 0 exception(s); s2@group-5BD3E7F27A57:t204, leader=null, voted=s2, raftlog=s2@group-5BD3E7F27A57-SegmentedRaftLog:OPENED:c1,f3,i3, conf=3: [s0:0.0.0.0:41468, s1:0.0.0.0:41619, s2:0.0.0.0:44382], old=null
2019-09-26 09:49:38,894 INFO  impl.LeaderElection (LeaderElection.java:logAndReturn(56)) - s1@group-5BD3E7F27A57-LeaderElection87: Election TIMEOUT; received 1 response(s) [s1<-s0#0:FAIL-t204] and 0 exception(s); s1@group-5BD3E7F27A57:t204, leader=null, voted=s1, raftlog=s1@group-5BD3E7F27A57-SegmentedRaftLog:OPENED:c2,f3,i3, conf=2: [s0:0.0.0.0:41468, s1:0.0.0.0:41619, s2:0.0.0.0:44382], old=null
2019-09-26 09:49:38,896 INFO  impl.LeaderElection (LeaderElection.java:askForVotes(178)) - s2@group-5BD3E7F27A57-LeaderElection89: begin an election at term 205 for 3: [s0:0.0.0.0:41468, s1:0.0.0.0:41619, s2:0.0.0.0:44382], old=null
2019-09-26 09:49:38,896 DEBUG impl.RaftServerImpl (RaftServerImpl.java:requestVote(743)) - s0@group-5BD3E7F27A57: receive requestVote(s2, group-5BD3E7F27A57, 205, (t:4, i:3))
2019-09-26 09:49:38,897 INFO  impl.RaftServerImpl (RaftServerImpl.java:setRole(170)) - s0@group-5BD3E7F27A57: changes role from  FOLLOWER to FOLLOWER at term 205 for recognizeCandidate:s2
2019-09-26 09:49:38,897 INFO  impl.RoleInfo (RoleInfo.java:shutdownFollowerState(121)) - s0: shutdown FollowerState
2019-09-26 09:49:38,897 INFO  impl.RoleInfo (RoleInfo.java:updateAndGet(143)) - s0: start FollowerState
2019-09-26 09:49:38,897 INFO  impl.FollowerState (FollowerState.java:run(117)) - s0@group-5BD3E7F27A57-FollowerState was interrupted: java.lang.InterruptedException: sleep interrupted
2019-09-26 09:49:38,898 INFO  impl.LeaderElection (LeaderElection.java:askForVotes(178)) - s1@group-5BD3E7F27A57-LeaderElection87: begin an election at term 205 for 2: [s0:0.0.0.0:41468, s1:0.0.0.0:41619, s2:0.0.0.0:44382], old=null
2019-09-26 09:49:38,899 DEBUG impl.RaftServerImpl (RaftServerImpl.java:requestVote(743)) - s0@group-5BD3E7F27A57: receive requestVote(s1, group-5BD3E7F27A57, 205, (t:3, i:3))
2019-09-26 09:49:38,901 DEBUG impl.RaftServerImpl (RaftServerImpl.java:requestVote(775)) - s0@group-5BD3E7F27A57 replies to vote request: s2<-s0#0:FAIL-t205. Peer's state: s0@group-5BD3E7F27A57:t205, leader=null, voted=null, raftlog=s0@group-5BD3E7F27A57-SegmentedRaftLog:OPENED:c3,f4,i4, conf=3: [s0:0.0.0.0:41468, s1:0.0.0.0:41619, s2:0.0.0.0:44382], old=null
2019-09-26 09:49:38,902 INFO  impl.RaftServerImpl (RaftServerImpl.java:setRole(170)) - s0@group-5BD3E7F27A57: changes role from  FOLLOWER to FOLLOWER at term 205 for recognizeCandidate:s1
2019-09-26 09:49:38,902 INFO  impl.RoleInfo (RoleInfo.java:shutdownFollowerState(121)) - s0: shutdown FollowerState
2019-09-26 09:49:38,902 INFO  impl.RoleInfo (RoleInfo.java:updateAndGet(143)) - s0: start FollowerState
2019-09-26 09:49:38,902 INFO  impl.FollowerState (FollowerState.java:run(117)) - s0@group-5BD3E7F27A57-FollowerState was interrupted: java.lang.InterruptedException: sleep interrupted
2019-09-26 09:49:38,902 DEBUG impl.RaftServerImpl (RaftServerImpl.java:requestVote(775)) - s0@group-5BD3E7F27A57 replies to vote request: s1<-s0#0:FAIL-t205. Peer's state: s0@group-5BD3E7F27A57:t205, leader=null, voted=null, raftlog=s0@group-5BD3E7F27A57-SegmentedRaftLog:OPENED:c3,f4,i4, conf=3: [s0:0.0.0.0:41468, s1:0.0.0.0:41619, s2:0.0.0.0:44382], old=null
2019-09-26 09:49:39,079 INFO  impl.LeaderElection (LeaderElection.java:logAndReturn(56)) - s1@group-5BD3E7F27A57-LeaderElection87: Election TIMEOUT; received 1 response(s) [s1<-s0#0:FAIL-t205] and 0 exception(s); s1@group-5BD3E7F27A57:t205, leader=null, voted=s1, raftlog=s1@group-5BD3E7F27A57-SegmentedRaftLog:OPENED:c2,f3,i3, conf=2: [s0:0.0.0.0:41468, s1:0.0.0.0:41619, s2:0.0.0.0:44382], old=null
2019-09-26 09:49:39,104 INFO  impl.LeaderElection (LeaderElection.java:askForVotes(178)) - s1@group-5BD3E7F27A57-LeaderElection87: begin an election at term 206 for 2: [s0:0.0.0.0:41468, s1:0.0.0.0:41619, s2:0.0.0.0:44382], old=null
2019-09-26 09:49:39,105 DEBUG impl.RaftServerImpl (RaftServerImpl.java:requestVote(743)) - s0@group-5BD3E7F27A57: receive requestVote(s1, group-5BD3E7F27A57, 206, (t:3, i:3))
2019-09-26 09:49:39,105 INFO  impl.RaftServerImpl (RaftServerImpl.java:setRole(170)) - s0@group-5BD3E7F27A57: changes role from  FOLLOWER to FOLLOWER at term 206 for recognizeCandidate:s1
2019-09-26 09:49:39,105 INFO  impl.RoleInfo (RoleInfo.java:shutdownFollowerState(121)) - s0: shutdown FollowerState
2019-09-26 09:49:39,105 INFO  impl.RoleInfo (RoleInfo.java:updateAndGet(143)) - s0: start FollowerState
2019-09-26 09:49:39,105 INFO  impl.FollowerState (FollowerState.java:run(117)) - s0@group-5BD3E7F27A57-FollowerState was interrupted: java.lang.InterruptedException: sleep interrupted
2019-09-26 09:49:39,118 DEBUG impl.RaftServerImpl (RaftServerImpl.java:requestVote(775)) - s0@group-5BD3E7F27A57 replies to vote request: s1<-s0#0:FAIL-t206. Peer's state: s0@group-5BD3E7F27A57:t206, leader=null, voted=null, raftlog=s0@group-5BD3E7F27A57-SegmentedRaftLog:OPENED:c3,f4,i4, conf=3: [s0:0.0.0.0:41468, s1:0.0.0.0:41619, s2:0.0.0.0:44382], old=null
2019-09-26 09:49:39,135 INFO  impl.LeaderElection (LeaderElection.java:logAndReturn(56)) - s2@group-5BD3E7F27A57-LeaderElection89: Election TIMEOUT; received 1 response(s) [s2<-s0#0:FAIL-t205] and 0 exception(s); s2@group-5BD3E7F27A57:t205, leader=null, voted=s2, raftlog=s2@group-5BD3E7F27A57-SegmentedRaftLog:OPENED:c1,f3,i3, conf=3: [s0:0.0.0.0:41468, s1:0.0.0.0:41619, s2:0.0.0.0:44382], old=null
2019-09-26 09:49:39,148 INFO  impl.LeaderElection (LeaderElection.java:askForVotes(178)) - s2@group-5BD3E7F27A57-LeaderElection89: begin an election at term 206 for 3: [s0:0.0.0.0:41468, s1:0.0.0.0:41619, s2:0.0.0.0:44382], old=null
2019-09-26 09:49:39,149 DEBUG impl.RaftServerImpl (RaftServerImpl.java:requestVote(743)) - s0@group-5BD3E7F27A57: receive requestVote(s2, group-5BD3E7F27A57, 206, (t:4, i:3))
2019-09-26 09:49:39,149 INFO  impl.RaftServerImpl (RaftServerImpl.java:setRole(170)) - s0@group-5BD3E7F27A57: changes role from  FOLLOWER to FOLLOWER at term 206 for recognizeCandidate:s2
2019-09-26 09:49:39,149 INFO  impl.RoleInfo (RoleInfo.java:shutdownFollowerState(121)) - s0: shutdown FollowerState
2019-09-26 09:49:39,149 INFO  impl.RoleInfo (RoleInfo.java:updateAndGet(143)) - s0: start FollowerState
2019-09-26 09:49:39,149 INFO  impl.FollowerState (FollowerState.java:run(117)) - s0@group-5BD3E7F27A57-FollowerState was interrupted: java.lang.InterruptedException: sleep interrupted
2019-09-26 09:49:39,149 DEBUG impl.RaftServerImpl (RaftServerImpl.java:requestVote(775)) - s0@group-5BD3E7F27A57 replies to vote request: s2<-s0#0:FAIL-t206. Peer's state: s0@group-5BD3E7F27A57:t206, leader=null, voted=null, raftlog=s0@group-5BD3E7F27A57-SegmentedRaftLog:OPENED:c3,f4,i4, conf=3: [s0:0.0.0.0:41468, s1:0.0.0.0:41619, s2:0.0.0.0:44382], old=null
2019-09-26 09:49:39,202 WARN  ratis.RaftTestUtil (JavaUtils.java:attempt(158)) - FAILED "waitForLeader-null-(expectLeader? true)", attempt #3/100: java.lang.IllegalStateException: No leader yet : printing ALL groups
  s0:  RUNNING  FOLLOWER s0@group-5BD3E7F27A57:t206, leader=null, voted=null, raftlog=s0@group-5BD3E7F27A57-SegmentedRaftLog:OPENED:c3,f4,i4, conf=3: [s0:0.0.0.0:41468, s1:0.0.0.0:41619, s2:0.0.0.0:44382], old=null RUNNING
  s1:  RUNNING CANDIDATE s1@group-5BD3E7F27A57:t206, leader=null, voted=s1, raftlog=s1@group-5BD3E7F27A57-SegmentedRaftLog:OPENED:c2,f3,i3, conf=2: [s0:0.0.0.0:41468, s1:0.0.0.0:41619, s2:0.0.0.0:44382], old=null RUNNING
  s2:  RUNNING CANDIDATE s2@group-5BD3E7F27A57:t206, leader=null, voted=s2, raftlog=s2@group-5BD3E7F27A57-SegmentedRaftLog:OPENED:c1,f3,i3, conf=3: [s0:0.0.0.0:41468, s1:0.0.0.0:41619, s2:0.0.0.0:44382], old=null RUNNING, sleep 450ms and then retry.
java.lang.IllegalStateException: No leader yet : printing ALL groups
  s0:  RUNNING  FOLLOWER s0@group-5BD3E7F27A57:t206, leader=null, voted=null, raftlog=s0@group-5BD3E7F27A57-SegmentedRaftLog:OPENED:c3,f4,i4, conf=3: [s0:0.0.0.0:41468, s1:0.0.0.0:41619, s2:0.0.0.0:44382], old=null RUNNING
  s1:  RUNNING CANDIDATE s1@group-5BD3E7F27A57:t206, leader=null, voted=s1, raftlog=s1@group-5BD3E7F27A57-SegmentedRaftLog:OPENED:c2,f3,i3, conf=2: [s0:0.0.0.0:41468, s1:0.0.0.0:41619, s2:0.0.0.0:44382], old=null RUNNING
  s2:  RUNNING CANDIDATE s2@group-5BD3E7F27A57:t206, leader=null, voted=s2, raftlog=s2@group-5BD3E7F27A57-SegmentedRaftLog:OPENED:c1,f3,i3, conf=3: [s0:0.0.0.0:41468, s1:0.0.0.0:41619, s2:0.0.0.0:44382], old=null RUNNING
	at org.apache.ratis.MiniRaftCluster.newIllegalStateExceptionForNoLeaders(MiniRaftCluster.java:506)
	at org.apache.ratis.RaftTestUtil.lambda$waitForLeader$1(RaftTestUtil.java:90)
	at org.apache.ratis.MiniRaftCluster.getLeader(MiniRaftCluster.java:539)
	at org.apache.ratis.MiniRaftCluster.getLeader(MiniRaftCluster.java:532)
	at org.apache.ratis.RaftTestUtil.lambda$waitForLeader$3(RaftTestUtil.java:98)
	at org.apache.ratis.util.JavaUtils.attempt(JavaUtils.java:152)
	at org.apache.ratis.RaftTestUtil.waitForLeader(RaftTestUtil.java:97)
	at org.apache.ratis.RaftTestUtil.waitForLeader(RaftTestUtil.java:77)
	at org.apache.ratis.RaftTestUtil.waitForLeader(RaftTestUtil.java:72)
	at org.apache.ratis.RaftTestUtil.lambda$changeLeader$7(RaftTestUtil.java:363)
	at org.apache.ratis.util.JavaUtils.attempt(JavaUtils.java:152)
	at org.apache.ratis.RaftTestUtil.changeLeader(RaftTestUtil.java:362)
	at org.apache.ratis.server.impl.LeaderElectionTests.testChangeLeader(LeaderElectionTests.java:81)
	at sun.reflect.NativeMethodAccessorImpl.invoke0(Native Method)
	at sun.reflect.NativeMethodAccessorImpl.invoke(NativeMethodAccessorImpl.java:62)
	at sun.reflect.DelegatingMethodAccessorImpl.invoke(DelegatingMethodAccessorImpl.java:43)
	at java.lang.reflect.Method.invoke(Method.java:498)
	at org.junit.runners.model.FrameworkMethod$1.runReflectiveCall(FrameworkMethod.java:50)
	at org.junit.internal.runners.model.ReflectiveCallable.run(ReflectiveCallable.java:12)
	at org.junit.runners.model.FrameworkMethod.invokeExplosively(FrameworkMethod.java:47)
	at org.junit.internal.runners.statements.InvokeMethod.evaluate(InvokeMethod.java:17)
	at org.junit.internal.runners.statements.RunAfters.evaluate(RunAfters.java:27)
	at org.junit.internal.runners.statements.FailOnTimeout$CallableStatement.call(FailOnTimeout.java:298)
	at org.junit.internal.runners.statements.FailOnTimeout$CallableStatement.call(FailOnTimeout.java:292)
	at java.util.concurrent.FutureTask.run(FutureTask.java:266)
	at java.lang.Thread.run(Thread.java:748)
2019-09-26 09:49:39,293 INFO  impl.LeaderElection (LeaderElection.java:logAndReturn(56)) - s1@group-5BD3E7F27A57-LeaderElection87: Election TIMEOUT; received 1 response(s) [s1<-s0#0:FAIL-t206] and 0 exception(s); s1@group-5BD3E7F27A57:t206, leader=null, voted=s1, raftlog=s1@group-5BD3E7F27A57-SegmentedRaftLog:OPENED:c2,f3,i3, conf=2: [s0:0.0.0.0:41468, s1:0.0.0.0:41619, s2:0.0.0.0:44382], old=null
2019-09-26 09:49:39,318 INFO  impl.LeaderElection (LeaderElection.java:askForVotes(178)) - s1@group-5BD3E7F27A57-LeaderElection87: begin an election at term 207 for 2: [s0:0.0.0.0:41468, s1:0.0.0.0:41619, s2:0.0.0.0:44382], old=null
2019-09-26 09:49:39,318 DEBUG impl.RaftServerImpl (RaftServerImpl.java:requestVote(743)) - s0@group-5BD3E7F27A57: receive requestVote(s1, group-5BD3E7F27A57, 207, (t:3, i:3))
2019-09-26 09:49:39,319 INFO  impl.RaftServerImpl (RaftServerImpl.java:setRole(170)) - s0@group-5BD3E7F27A57: changes role from  FOLLOWER to FOLLOWER at term 207 for recognizeCandidate:s1
2019-09-26 09:49:39,319 INFO  impl.RoleInfo (RoleInfo.java:shutdownFollowerState(121)) - s0: shutdown FollowerState
2019-09-26 09:49:39,319 INFO  impl.RoleInfo (RoleInfo.java:updateAndGet(143)) - s0: start FollowerState
2019-09-26 09:49:39,319 INFO  impl.FollowerState (FollowerState.java:run(117)) - s0@group-5BD3E7F27A57-FollowerState was interrupted: java.lang.InterruptedException: sleep interrupted
2019-09-26 09:49:39,341 DEBUG impl.RaftServerImpl (RaftServerImpl.java:requestVote(775)) - s0@group-5BD3E7F27A57 replies to vote request: s1<-s0#0:FAIL-t207. Peer's state: s0@group-5BD3E7F27A57:t207, leader=null, voted=null, raftlog=s0@group-5BD3E7F27A57-SegmentedRaftLog:OPENED:c3,f4,i4, conf=3: [s0:0.0.0.0:41468, s1:0.0.0.0:41619, s2:0.0.0.0:44382], old=null
2019-09-26 09:49:39,430 INFO  impl.LeaderElection (LeaderElection.java:logAndReturn(56)) - s2@group-5BD3E7F27A57-LeaderElection89: Election TIMEOUT; received 1 response(s) [s2<-s0#0:FAIL-t206] and 0 exception(s); s2@group-5BD3E7F27A57:t206, leader=null, voted=s2, raftlog=s2@group-5BD3E7F27A57-SegmentedRaftLog:OPENED:c1,f3,i3, conf=3: [s0:0.0.0.0:41468, s1:0.0.0.0:41619, s2:0.0.0.0:44382], old=null
2019-09-26 09:49:39,455 INFO  impl.LeaderElection (LeaderElection.java:askForVotes(178)) - s2@group-5BD3E7F27A57-LeaderElection89: begin an election at term 207 for 3: [s0:0.0.0.0:41468, s1:0.0.0.0:41619, s2:0.0.0.0:44382], old=null
2019-09-26 09:49:39,456 DEBUG impl.RaftServerImpl (RaftServerImpl.java:requestVote(743)) - s0@group-5BD3E7F27A57: receive requestVote(s2, group-5BD3E7F27A57, 207, (t:4, i:3))
2019-09-26 09:49:39,456 INFO  impl.RaftServerImpl (RaftServerImpl.java:setRole(170)) - s0@group-5BD3E7F27A57: changes role from  FOLLOWER to FOLLOWER at term 207 for recognizeCandidate:s2
2019-09-26 09:49:39,456 INFO  impl.RoleInfo (RoleInfo.java:shutdownFollowerState(121)) - s0: shutdown FollowerState
2019-09-26 09:49:39,456 INFO  impl.RoleInfo (RoleInfo.java:updateAndGet(143)) - s0: start FollowerState
2019-09-26 09:49:39,456 INFO  impl.FollowerState (FollowerState.java:run(117)) - s0@group-5BD3E7F27A57-FollowerState was interrupted: java.lang.InterruptedException: sleep interrupted
2019-09-26 09:49:39,457 DEBUG impl.RaftServerImpl (RaftServerImpl.java:requestVote(775)) - s0@group-5BD3E7F27A57 replies to vote request: s2<-s0#0:FAIL-t207. Peer's state: s0@group-5BD3E7F27A57:t207, leader=null, voted=null, raftlog=s0@group-5BD3E7F27A57-SegmentedRaftLog:OPENED:c3,f4,i4, conf=3: [s0:0.0.0.0:41468, s1:0.0.0.0:41619, s2:0.0.0.0:44382], old=null
2019-09-26 09:49:39,611 INFO  impl.FollowerState (FollowerState.java:run(108)) - s0@group-5BD3E7F27A57-FollowerState: change to CANDIDATE, lastRpcTime:154ms, electionTimeout:154ms
2019-09-26 09:49:39,611 INFO  impl.RoleInfo (RoleInfo.java:shutdownFollowerState(121)) - s0: shutdown FollowerState
2019-09-26 09:49:39,611 INFO  impl.RaftServerImpl (RaftServerImpl.java:setRole(170)) - s0@group-5BD3E7F27A57: changes role from  FOLLOWER to CANDIDATE at term 207 for changeToCandidate
2019-09-26 09:49:39,611 INFO  impl.RoleInfo (RoleInfo.java:updateAndGet(143)) - s0: start LeaderElection
2019-09-26 09:49:39,618 INFO  impl.LeaderElection (LeaderElection.java:logAndReturn(56)) - s1@group-5BD3E7F27A57-LeaderElection87: Election TIMEOUT; received 1 response(s) [s1<-s0#0:FAIL-t207] and 0 exception(s); s1@group-5BD3E7F27A57:t207, leader=null, voted=s1, raftlog=s1@group-5BD3E7F27A57-SegmentedRaftLog:OPENED:c2,f3,i3, conf=2: [s0:0.0.0.0:41468, s1:0.0.0.0:41619, s2:0.0.0.0:44382], old=null
2019-09-26 09:49:39,638 INFO  impl.LeaderElection (LeaderElection.java:askForVotes(178)) - s0@group-5BD3E7F27A57-LeaderElection91: begin an election at term 208 for 3: [s0:0.0.0.0:41468, s1:0.0.0.0:41619, s2:0.0.0.0:44382], old=null
2019-09-26 09:49:39,638 INFO  impl.LeaderElection (LeaderElection.java:askForVotes(178)) - s1@group-5BD3E7F27A57-LeaderElection87: begin an election at term 208 for 2: [s0:0.0.0.0:41468, s1:0.0.0.0:41619, s2:0.0.0.0:44382], old=null
2019-09-26 09:49:39,639 DEBUG impl.RaftServerImpl (RaftServerImpl.java:requestVote(743)) - s0@group-5BD3E7F27A57: receive requestVote(s1, group-5BD3E7F27A57, 208, (t:3, i:3))
2019-09-26 09:49:39,639 DEBUG impl.RaftServerImpl (RaftServerImpl.java:requestVote(775)) - s0@group-5BD3E7F27A57 replies to vote request: s1<-s0#0:FAIL-t208. Peer's state: s0@group-5BD3E7F27A57:t208, leader=null, voted=s0, raftlog=s0@group-5BD3E7F27A57-SegmentedRaftLog:OPENED:c3,f4,i4, conf=3: [s0:0.0.0.0:41468, s1:0.0.0.0:41619, s2:0.0.0.0:44382], old=null
2019-09-26 09:49:39,653 WARN  ratis.RaftTestUtil (JavaUtils.java:attempt(158)) - FAILED "waitForLeader-null-(expectLeader? true)", attempt #4/100: java.lang.IllegalStateException: No leader yet : printing ALL groups
  s0:  RUNNING CANDIDATE s0@group-5BD3E7F27A57:t208, leader=null, voted=s0, raftlog=s0@group-5BD3E7F27A57-SegmentedRaftLog:OPENED:c3,f4,i4, conf=3: [s0:0.0.0.0:41468, s1:0.0.0.0:41619, s2:0.0.0.0:44382], old=null RUNNING
  s1:  RUNNING CANDIDATE s1@group-5BD3E7F27A57:t208, leader=null, voted=s1, raftlog=s1@group-5BD3E7F27A57-SegmentedRaftLog:OPENED:c2,f3,i3, conf=2: [s0:0.0.0.0:41468, s1:0.0.0.0:41619, s2:0.0.0.0:44382], old=null RUNNING
  s2:  RUNNING CANDIDATE s2@group-5BD3E7F27A57:t207, leader=null, voted=s2, raftlog=s2@group-5BD3E7F27A57-SegmentedRaftLog:OPENED:c1,f3,i3, conf=3: [s0:0.0.0.0:41468, s1:0.0.0.0:41619, s2:0.0.0.0:44382], old=null RUNNING, sleep 450ms and then retry.
java.lang.IllegalStateException: No leader yet : printing ALL groups
  s0:  RUNNING CANDIDATE s0@group-5BD3E7F27A57:t208, leader=null, voted=s0, raftlog=s0@group-5BD3E7F27A57-SegmentedRaftLog:OPENED:c3,f4,i4, conf=3: [s0:0.0.0.0:41468, s1:0.0.0.0:41619, s2:0.0.0.0:44382], old=null RUNNING
  s1:  RUNNING CANDIDATE s1@group-5BD3E7F27A57:t208, leader=null, voted=s1, raftlog=s1@group-5BD3E7F27A57-SegmentedRaftLog:OPENED:c2,f3,i3, conf=2: [s0:0.0.0.0:41468, s1:0.0.0.0:41619, s2:0.0.0.0:44382], old=null RUNNING
  s2:  RUNNING CANDIDATE s2@group-5BD3E7F27A57:t207, leader=null, voted=s2, raftlog=s2@group-5BD3E7F27A57-SegmentedRaftLog:OPENED:c1,f3,i3, conf=3: [s0:0.0.0.0:41468, s1:0.0.0.0:41619, s2:0.0.0.0:44382], old=null RUNNING
	at org.apache.ratis.MiniRaftCluster.newIllegalStateExceptionForNoLeaders(MiniRaftCluster.java:506)
	at org.apache.ratis.RaftTestUtil.lambda$waitForLeader$1(RaftTestUtil.java:90)
	at org.apache.ratis.MiniRaftCluster.getLeader(MiniRaftCluster.java:539)
	at org.apache.ratis.MiniRaftCluster.getLeader(MiniRaftCluster.java:532)
	at org.apache.ratis.RaftTestUtil.lambda$waitForLeader$3(RaftTestUtil.java:98)
	at org.apache.ratis.util.JavaUtils.attempt(JavaUtils.java:152)
	at org.apache.ratis.RaftTestUtil.waitForLeader(RaftTestUtil.java:97)
	at org.apache.ratis.RaftTestUtil.waitForLeader(RaftTestUtil.java:77)
	at org.apache.ratis.RaftTestUtil.waitForLeader(RaftTestUtil.java:72)
	at org.apache.ratis.RaftTestUtil.lambda$changeLeader$7(RaftTestUtil.java:363)
	at org.apache.ratis.util.JavaUtils.attempt(JavaUtils.java:152)
	at org.apache.ratis.RaftTestUtil.changeLeader(RaftTestUtil.java:362)
	at org.apache.ratis.server.impl.LeaderElectionTests.testChangeLeader(LeaderElectionTests.java:81)
	at sun.reflect.NativeMethodAccessorImpl.invoke0(Native Method)
	at sun.reflect.NativeMethodAccessorImpl.invoke(NativeMethodAccessorImpl.java:62)
	at sun.reflect.DelegatingMethodAccessorImpl.invoke(DelegatingMethodAccessorImpl.java:43)
	at java.lang.reflect.Method.invoke(Method.java:498)
	at org.junit.runners.model.FrameworkMethod$1.runReflectiveCall(FrameworkMethod.java:50)
	at org.junit.internal.runners.model.ReflectiveCallable.run(ReflectiveCallable.java:12)
	at org.junit.runners.model.FrameworkMethod.invokeExplosively(FrameworkMethod.java:47)
	at org.junit.internal.runners.statements.InvokeMethod.evaluate(InvokeMethod.java:17)
	at org.junit.internal.runners.statements.RunAfters.evaluate(RunAfters.java:27)
	at org.junit.internal.runners.statements.FailOnTimeout$CallableStatement.call(FailOnTimeout.java:298)
	at org.junit.internal.runners.statements.FailOnTimeout$CallableStatement.call(FailOnTimeout.java:292)
	at java.util.concurrent.FutureTask.run(FutureTask.java:266)
	at java.lang.Thread.run(Thread.java:748)
2019-09-26 09:49:39,663 INFO  impl.LeaderElection (LeaderElection.java:logAndReturn(56)) - s2@group-5BD3E7F27A57-LeaderElection89: Election TIMEOUT; received 1 response(s) [s2<-s0#0:FAIL-t207] and 0 exception(s); s2@group-5BD3E7F27A57:t207, leader=null, voted=s2, raftlog=s2@group-5BD3E7F27A57-SegmentedRaftLog:OPENED:c1,f3,i3, conf=3: [s0:0.0.0.0:41468, s1:0.0.0.0:41619, s2:0.0.0.0:44382], old=null
2019-09-26 09:49:39,676 INFO  impl.LeaderElection (LeaderElection.java:askForVotes(178)) - s2@group-5BD3E7F27A57-LeaderElection89: begin an election at term 208 for 3: [s0:0.0.0.0:41468, s1:0.0.0.0:41619, s2:0.0.0.0:44382], old=null
2019-09-26 09:49:39,676 DEBUG impl.RaftServerImpl (RaftServerImpl.java:requestVote(743)) - s0@group-5BD3E7F27A57: receive requestVote(s2, group-5BD3E7F27A57, 208, (t:4, i:3))
2019-09-26 09:49:39,677 DEBUG impl.RaftServerImpl (RaftServerImpl.java:requestVote(775)) - s0@group-5BD3E7F27A57 replies to vote request: s2<-s0#0:FAIL-t208. Peer's state: s0@group-5BD3E7F27A57:t208, leader=null, voted=s0, raftlog=s0@group-5BD3E7F27A57-SegmentedRaftLog:OPENED:c3,f4,i4, conf=3: [s0:0.0.0.0:41468, s1:0.0.0.0:41619, s2:0.0.0.0:44382], old=null
2019-09-26 09:49:39,822 INFO  impl.LeaderElection (LeaderElection.java:logAndReturn(56)) - s1@group-5BD3E7F27A57-LeaderElection87: Election TIMEOUT; received 1 response(s) [s1<-s0#0:FAIL-t208] and 0 exception(s); s1@group-5BD3E7F27A57:t208, leader=null, voted=s1, raftlog=s1@group-5BD3E7F27A57-SegmentedRaftLog:OPENED:c2,f3,i3, conf=2: [s0:0.0.0.0:41468, s1:0.0.0.0:41619, s2:0.0.0.0:44382], old=null
2019-09-26 09:49:39,836 INFO  impl.LeaderElection (LeaderElection.java:askForVotes(178)) - s1@group-5BD3E7F27A57-LeaderElection87: begin an election at term 209 for 2: [s0:0.0.0.0:41468, s1:0.0.0.0:41619, s2:0.0.0.0:44382], old=null
2019-09-26 09:49:39,836 DEBUG impl.RaftServerImpl (RaftServerImpl.java:requestVote(743)) - s0@group-5BD3E7F27A57: receive requestVote(s1, group-5BD3E7F27A57, 209, (t:3, i:3))
2019-09-26 09:49:39,836 INFO  impl.RaftServerImpl (RaftServerImpl.java:setRole(170)) - s0@group-5BD3E7F27A57: changes role from CANDIDATE to FOLLOWER at term 209 for recognizeCandidate:s1
2019-09-26 09:49:39,837 INFO  impl.RoleInfo (RoleInfo.java:shutdownLeaderElection(134)) - s0: shutdown LeaderElection
2019-09-26 09:49:39,837 INFO  impl.RoleInfo (RoleInfo.java:updateAndGet(143)) - s0: start FollowerState
2019-09-26 09:49:39,837 INFO  impl.LeaderElection (LeaderElection.java:logAndReturn(56)) - s0@group-5BD3E7F27A57-LeaderElection91: Election REJECTED; received 0 response(s) [] and 0 exception(s); s0@group-5BD3E7F27A57:t209, leader=null, voted=null, raftlog=s0@group-5BD3E7F27A57-SegmentedRaftLog:OPENED:c3,f4,i4, conf=3: [s0:0.0.0.0:41468, s1:0.0.0.0:41619, s2:0.0.0.0:44382], old=null
2019-09-26 09:49:39,840 INFO  impl.LeaderElection (LeaderElection.java:logAndReturn(56)) - s2@group-5BD3E7F27A57-LeaderElection89: Election TIMEOUT; received 1 response(s) [s2<-s0#0:FAIL-t208] and 0 exception(s); s2@group-5BD3E7F27A57:t208, leader=null, voted=s2, raftlog=s2@group-5BD3E7F27A57-SegmentedRaftLog:OPENED:c1,f3,i3, conf=3: [s0:0.0.0.0:41468, s1:0.0.0.0:41619, s2:0.0.0.0:44382], old=null
2019-09-26 09:49:39,849 INFO  impl.LeaderElection (LeaderElection.java:askForVotes(178)) - s2@group-5BD3E7F27A57-LeaderElection89: begin an election at term 209 for 3: [s0:0.0.0.0:41468, s1:0.0.0.0:41619, s2:0.0.0.0:44382], old=null
2019-09-26 09:49:39,849 DEBUG impl.RaftServerImpl (RaftServerImpl.java:requestVote(775)) - s0@group-5BD3E7F27A57 replies to vote request: s1<-s0#0:FAIL-t209. Peer's state: s0@group-5BD3E7F27A57:t209, leader=null, voted=null, raftlog=s0@group-5BD3E7F27A57-SegmentedRaftLog:OPENED:c3,f4,i4, conf=3: [s0:0.0.0.0:41468, s1:0.0.0.0:41619, s2:0.0.0.0:44382], old=null
2019-09-26 09:49:39,849 DEBUG impl.RaftServerImpl (RaftServerImpl.java:requestVote(743)) - s0@group-5BD3E7F27A57: receive requestVote(s2, group-5BD3E7F27A57, 209, (t:4, i:3))
2019-09-26 09:49:39,849 INFO  impl.RaftServerImpl (RaftServerImpl.java:setRole(170)) - s0@group-5BD3E7F27A57: changes role from  FOLLOWER to FOLLOWER at term 209 for recognizeCandidate:s2
2019-09-26 09:49:39,849 INFO  impl.RoleInfo (RoleInfo.java:shutdownFollowerState(121)) - s0: shutdown FollowerState
2019-09-26 09:49:39,850 INFO  impl.RoleInfo (RoleInfo.java:updateAndGet(143)) - s0: start FollowerState
2019-09-26 09:49:39,850 INFO  impl.FollowerState (FollowerState.java:run(117)) - s0@group-5BD3E7F27A57-FollowerState was interrupted: java.lang.InterruptedException: sleep interrupted
2019-09-26 09:49:39,850 DEBUG impl.RaftServerImpl (RaftServerImpl.java:requestVote(775)) - s0@group-5BD3E7F27A57 replies to vote request: s2<-s0#0:FAIL-t209. Peer's state: s0@group-5BD3E7F27A57:t209, leader=null, voted=null, raftlog=s0@group-5BD3E7F27A57-SegmentedRaftLog:OPENED:c3,f4,i4, conf=3: [s0:0.0.0.0:41468, s1:0.0.0.0:41619, s2:0.0.0.0:44382], old=null
2019-09-26 09:49:40,059 INFO  impl.LeaderElection (LeaderElection.java:logAndReturn(56)) - s1@group-5BD3E7F27A57-LeaderElection87: Election TIMEOUT; received 1 response(s) [s1<-s0#0:FAIL-t209] and 0 exception(s); s1@group-5BD3E7F27A57:t209, leader=null, voted=s1, raftlog=s1@group-5BD3E7F27A57-SegmentedRaftLog:OPENED:c2,f3,i3, conf=2: [s0:0.0.0.0:41468, s1:0.0.0.0:41619, s2:0.0.0.0:44382], old=null
2019-09-26 09:49:40,073 INFO  impl.LeaderElection (LeaderElection.java:askForVotes(178)) - s1@group-5BD3E7F27A57-LeaderElection87: begin an election at term 210 for 2: [s0:0.0.0.0:41468, s1:0.0.0.0:41619, s2:0.0.0.0:44382], old=null
2019-09-26 09:49:40,074 DEBUG impl.RaftServerImpl (RaftServerImpl.java:requestVote(743)) - s0@group-5BD3E7F27A57: receive requestVote(s1, group-5BD3E7F27A57, 210, (t:3, i:3))
2019-09-26 09:49:40,074 INFO  impl.RaftServerImpl (RaftServerImpl.java:setRole(170)) - s0@group-5BD3E7F27A57: changes role from  FOLLOWER to FOLLOWER at term 210 for recognizeCandidate:s1
2019-09-26 09:49:40,074 INFO  impl.RoleInfo (RoleInfo.java:shutdownFollowerState(121)) - s0: shutdown FollowerState
2019-09-26 09:49:40,074 INFO  impl.RoleInfo (RoleInfo.java:updateAndGet(143)) - s0: start FollowerState
2019-09-26 09:49:40,075 INFO  impl.FollowerState (FollowerState.java:run(117)) - s0@group-5BD3E7F27A57-FollowerState was interrupted: java.lang.InterruptedException: sleep interrupted
2019-09-26 09:49:40,088 DEBUG impl.RaftServerImpl (RaftServerImpl.java:requestVote(775)) - s0@group-5BD3E7F27A57 replies to vote request: s1<-s0#0:FAIL-t210. Peer's state: s0@group-5BD3E7F27A57:t210, leader=null, voted=null, raftlog=s0@group-5BD3E7F27A57-SegmentedRaftLog:OPENED:c3,f4,i4, conf=3: [s0:0.0.0.0:41468, s1:0.0.0.0:41619, s2:0.0.0.0:44382], old=null
2019-09-26 09:49:40,104 WARN  ratis.RaftTestUtil (JavaUtils.java:attempt(158)) - FAILED "waitForLeader-null-(expectLeader? true)", attempt #5/100: java.lang.IllegalStateException: No leader yet : printing ALL groups
  s0:  RUNNING  FOLLOWER s0@group-5BD3E7F27A57:t210, leader=null, voted=null, raftlog=s0@group-5BD3E7F27A57-SegmentedRaftLog:OPENED:c3,f4,i4, conf=3: [s0:0.0.0.0:41468, s1:0.0.0.0:41619, s2:0.0.0.0:44382], old=null RUNNING
  s1:  RUNNING CANDIDATE s1@group-5BD3E7F27A57:t210, leader=null, voted=s1, raftlog=s1@group-5BD3E7F27A57-SegmentedRaftLog:OPENED:c2,f3,i3, conf=2: [s0:0.0.0.0:41468, s1:0.0.0.0:41619, s2:0.0.0.0:44382], old=null RUNNING
  s2:  RUNNING CANDIDATE s2@group-5BD3E7F27A57:t209, leader=null, voted=s2, raftlog=s2@group-5BD3E7F27A57-SegmentedRaftLog:OPENED:c1,f3,i3, conf=3: [s0:0.0.0.0:41468, s1:0.0.0.0:41619, s2:0.0.0.0:44382], old=null RUNNING, sleep 450ms and then retry.
java.lang.IllegalStateException: No leader yet : printing ALL groups
  s0:  RUNNING  FOLLOWER s0@group-5BD3E7F27A57:t210, leader=null, voted=null, raftlog=s0@group-5BD3E7F27A57-SegmentedRaftLog:OPENED:c3,f4,i4, conf=3: [s0:0.0.0.0:41468, s1:0.0.0.0:41619, s2:0.0.0.0:44382], old=null RUNNING
  s1:  RUNNING CANDIDATE s1@group-5BD3E7F27A57:t210, leader=null, voted=s1, raftlog=s1@group-5BD3E7F27A57-SegmentedRaftLog:OPENED:c2,f3,i3, conf=2: [s0:0.0.0.0:41468, s1:0.0.0.0:41619, s2:0.0.0.0:44382], old=null RUNNING
  s2:  RUNNING CANDIDATE s2@group-5BD3E7F27A57:t209, leader=null, voted=s2, raftlog=s2@group-5BD3E7F27A57-SegmentedRaftLog:OPENED:c1,f3,i3, conf=3: [s0:0.0.0.0:41468, s1:0.0.0.0:41619, s2:0.0.0.0:44382], old=null RUNNING
	at org.apache.ratis.MiniRaftCluster.newIllegalStateExceptionForNoLeaders(MiniRaftCluster.java:506)
	at org.apache.ratis.RaftTestUtil.lambda$waitForLeader$1(RaftTestUtil.java:90)
	at org.apache.ratis.MiniRaftCluster.getLeader(MiniRaftCluster.java:539)
	at org.apache.ratis.MiniRaftCluster.getLeader(MiniRaftCluster.java:532)
	at org.apache.ratis.RaftTestUtil.lambda$waitForLeader$3(RaftTestUtil.java:98)
	at org.apache.ratis.util.JavaUtils.attempt(JavaUtils.java:152)
	at org.apache.ratis.RaftTestUtil.waitForLeader(RaftTestUtil.java:97)
	at org.apache.ratis.RaftTestUtil.waitForLeader(RaftTestUtil.java:77)
	at org.apache.ratis.RaftTestUtil.waitForLeader(RaftTestUtil.java:72)
	at org.apache.ratis.RaftTestUtil.lambda$changeLeader$7(RaftTestUtil.java:363)
	at org.apache.ratis.util.JavaUtils.attempt(JavaUtils.java:152)
	at org.apache.ratis.RaftTestUtil.changeLeader(RaftTestUtil.java:362)
	at org.apache.ratis.server.impl.LeaderElectionTests.testChangeLeader(LeaderElectionTests.java:81)
	at sun.reflect.NativeMethodAccessorImpl.invoke0(Native Method)
	at sun.reflect.NativeMethodAccessorImpl.invoke(NativeMethodAccessorImpl.java:62)
	at sun.reflect.DelegatingMethodAccessorImpl.invoke(DelegatingMethodAccessorImpl.java:43)
	at java.lang.reflect.Method.invoke(Method.java:498)
	at org.junit.runners.model.FrameworkMethod$1.runReflectiveCall(FrameworkMethod.java:50)
	at org.junit.internal.runners.model.ReflectiveCallable.run(ReflectiveCallable.java:12)
	at org.junit.runners.model.FrameworkMethod.invokeExplosively(FrameworkMethod.java:47)
	at org.junit.internal.runners.statements.InvokeMethod.evaluate(InvokeMethod.java:17)
	at org.junit.internal.runners.statements.RunAfters.evaluate(RunAfters.java:27)
	at org.junit.internal.runners.statements.FailOnTimeout$CallableStatement.call(FailOnTimeout.java:298)
	at org.junit.internal.runners.statements.FailOnTimeout$CallableStatement.call(FailOnTimeout.java:292)
	at java.util.concurrent.FutureTask.run(FutureTask.java:266)
	at java.lang.Thread.run(Thread.java:748)
2019-09-26 09:49:40,147 INFO  impl.LeaderElection (LeaderElection.java:logAndReturn(56)) - s2@group-5BD3E7F27A57-LeaderElection89: Election TIMEOUT; received 1 response(s) [s2<-s0#0:FAIL-t209] and 0 exception(s); s2@group-5BD3E7F27A57:t209, leader=null, voted=s2, raftlog=s2@group-5BD3E7F27A57-SegmentedRaftLog:OPENED:c1,f3,i3, conf=3: [s0:0.0.0.0:41468, s1:0.0.0.0:41619, s2:0.0.0.0:44382], old=null
2019-09-26 09:49:40,172 INFO  impl.LeaderElection (LeaderElection.java:askForVotes(178)) - s2@group-5BD3E7F27A57-LeaderElection89: begin an election at term 210 for 3: [s0:0.0.0.0:41468, s1:0.0.0.0:41619, s2:0.0.0.0:44382], old=null
2019-09-26 09:49:40,173 DEBUG impl.RaftServerImpl (RaftServerImpl.java:requestVote(743)) - s0@group-5BD3E7F27A57: receive requestVote(s2, group-5BD3E7F27A57, 210, (t:4, i:3))
2019-09-26 09:49:40,173 INFO  impl.RaftServerImpl (RaftServerImpl.java:setRole(170)) - s0@group-5BD3E7F27A57: changes role from  FOLLOWER to FOLLOWER at term 210 for recognizeCandidate:s2
2019-09-26 09:49:40,173 INFO  impl.RoleInfo (RoleInfo.java:shutdownFollowerState(121)) - s0: shutdown FollowerState
2019-09-26 09:49:40,173 INFO  impl.RoleInfo (RoleInfo.java:updateAndGet(143)) - s0: start FollowerState
2019-09-26 09:49:40,173 INFO  impl.FollowerState (FollowerState.java:run(117)) - s0@group-5BD3E7F27A57-FollowerState was interrupted: java.lang.InterruptedException: sleep interrupted
2019-09-26 09:49:40,173 DEBUG impl.RaftServerImpl (RaftServerImpl.java:requestVote(775)) - s0@group-5BD3E7F27A57 replies to vote request: s2<-s0#0:FAIL-t210. Peer's state: s0@group-5BD3E7F27A57:t210, leader=null, voted=null, raftlog=s0@group-5BD3E7F27A57-SegmentedRaftLog:OPENED:c3,f4,i4, conf=3: [s0:0.0.0.0:41468, s1:0.0.0.0:41619, s2:0.0.0.0:44382], old=null
2019-09-26 09:49:40,327 INFO  impl.LeaderElection (LeaderElection.java:logAndReturn(56)) - s1@group-5BD3E7F27A57-LeaderElection87: Election TIMEOUT; received 1 response(s) [s1<-s0#0:FAIL-t210] and 0 exception(s); s1@group-5BD3E7F27A57:t210, leader=null, voted=s1, raftlog=s1@group-5BD3E7F27A57-SegmentedRaftLog:OPENED:c2,f3,i3, conf=2: [s0:0.0.0.0:41468, s1:0.0.0.0:41619, s2:0.0.0.0:44382], old=null
2019-09-26 09:49:40,340 INFO  impl.LeaderElection (LeaderElection.java:askForVotes(178)) - s1@group-5BD3E7F27A57-LeaderElection87: begin an election at term 211 for 2: [s0:0.0.0.0:41468, s1:0.0.0.0:41619, s2:0.0.0.0:44382], old=null
2019-09-26 09:49:40,340 DEBUG impl.RaftServerImpl (RaftServerImpl.java:requestVote(743)) - s0@group-5BD3E7F27A57: receive requestVote(s1, group-5BD3E7F27A57, 211, (t:3, i:3))
2019-09-26 09:49:40,341 INFO  impl.RaftServerImpl (RaftServerImpl.java:setRole(170)) - s0@group-5BD3E7F27A57: changes role from  FOLLOWER to FOLLOWER at term 211 for recognizeCandidate:s1
2019-09-26 09:49:40,341 INFO  impl.RoleInfo (RoleInfo.java:shutdownFollowerState(121)) - s0: shutdown FollowerState
2019-09-26 09:49:40,341 INFO  impl.RoleInfo (RoleInfo.java:updateAndGet(143)) - s0: start FollowerState
2019-09-26 09:49:40,341 INFO  impl.FollowerState (FollowerState.java:run(117)) - s0@group-5BD3E7F27A57-FollowerState was interrupted: java.lang.InterruptedException: sleep interrupted
2019-09-26 09:49:40,371 DEBUG impl.RaftServerImpl (RaftServerImpl.java:requestVote(775)) - s0@group-5BD3E7F27A57 replies to vote request: s1<-s0#0:FAIL-t211. Peer's state: s0@group-5BD3E7F27A57:t211, leader=null, voted=null, raftlog=s0@group-5BD3E7F27A57-SegmentedRaftLog:OPENED:c3,f4,i4, conf=3: [s0:0.0.0.0:41468, s1:0.0.0.0:41619, s2:0.0.0.0:44382], old=null
2019-09-26 09:49:40,455 INFO  impl.LeaderElection (LeaderElection.java:logAndReturn(56)) - s2@group-5BD3E7F27A57-LeaderElection89: Election TIMEOUT; received 1 response(s) [s2<-s0#0:FAIL-t210] and 0 exception(s); s2@group-5BD3E7F27A57:t210, leader=null, voted=s2, raftlog=s2@group-5BD3E7F27A57-SegmentedRaftLog:OPENED:c1,f3,i3, conf=3: [s0:0.0.0.0:41468, s1:0.0.0.0:41619, s2:0.0.0.0:44382], old=null
2019-09-26 09:49:40,468 INFO  impl.LeaderElection (LeaderElection.java:askForVotes(178)) - s2@group-5BD3E7F27A57-LeaderElection89: begin an election at term 211 for 3: [s0:0.0.0.0:41468, s1:0.0.0.0:41619, s2:0.0.0.0:44382], old=null
2019-09-26 09:49:40,469 DEBUG impl.RaftServerImpl (RaftServerImpl.java:requestVote(743)) - s0@group-5BD3E7F27A57: receive requestVote(s2, group-5BD3E7F27A57, 211, (t:4, i:3))
2019-09-26 09:49:40,469 INFO  impl.RaftServerImpl (RaftServerImpl.java:setRole(170)) - s0@group-5BD3E7F27A57: changes role from  FOLLOWER to FOLLOWER at term 211 for recognizeCandidate:s2
2019-09-26 09:49:40,469 INFO  impl.RoleInfo (RoleInfo.java:shutdownFollowerState(121)) - s0: shutdown FollowerState
2019-09-26 09:49:40,469 INFO  impl.RoleInfo (RoleInfo.java:updateAndGet(143)) - s0: start FollowerState
2019-09-26 09:49:40,470 INFO  impl.FollowerState (FollowerState.java:run(117)) - s0@group-5BD3E7F27A57-FollowerState was interrupted: java.lang.InterruptedException: sleep interrupted
2019-09-26 09:49:40,470 DEBUG impl.RaftServerImpl (RaftServerImpl.java:requestVote(775)) - s0@group-5BD3E7F27A57 replies to vote request: s2<-s0#0:FAIL-t211. Peer's state: s0@group-5BD3E7F27A57:t211, leader=null, voted=null, raftlog=s0@group-5BD3E7F27A57-SegmentedRaftLog:OPENED:c3,f4,i4, conf=3: [s0:0.0.0.0:41468, s1:0.0.0.0:41619, s2:0.0.0.0:44382], old=null
2019-09-26 09:49:40,555 WARN  ratis.RaftTestUtil (JavaUtils.java:attempt(158)) - FAILED "waitForLeader-null-(expectLeader? true)", attempt #6/100: java.lang.IllegalStateException: No leader yet : printing ALL groups
  s0:  RUNNING  FOLLOWER s0@group-5BD3E7F27A57:t211, leader=null, voted=null, raftlog=s0@group-5BD3E7F27A57-SegmentedRaftLog:OPENED:c3,f4,i4, conf=3: [s0:0.0.0.0:41468, s1:0.0.0.0:41619, s2:0.0.0.0:44382], old=null RUNNING
  s1:  RUNNING CANDIDATE s1@group-5BD3E7F27A57:t211, leader=null, voted=s1, raftlog=s1@group-5BD3E7F27A57-SegmentedRaftLog:OPENED:c2,f3,i3, conf=2: [s0:0.0.0.0:41468, s1:0.0.0.0:41619, s2:0.0.0.0:44382], old=null RUNNING
  s2:  RUNNING CANDIDATE s2@group-5BD3E7F27A57:t211, leader=null, voted=s2, raftlog=s2@group-5BD3E7F27A57-SegmentedRaftLog:OPENED:c1,f3,i3, conf=3: [s0:0.0.0.0:41468, s1:0.0.0.0:41619, s2:0.0.0.0:44382], old=null RUNNING, sleep 450ms and then retry.
java.lang.IllegalStateException: No leader yet : printing ALL groups
  s0:  RUNNING  FOLLOWER s0@group-5BD3E7F27A57:t211, leader=null, voted=null, raftlog=s0@group-5BD3E7F27A57-SegmentedRaftLog:OPENED:c3,f4,i4, conf=3: [s0:0.0.0.0:41468, s1:0.0.0.0:41619, s2:0.0.0.0:44382], old=null RUNNING
  s1:  RUNNING CANDIDATE s1@group-5BD3E7F27A57:t211, leader=null, voted=s1, raftlog=s1@group-5BD3E7F27A57-SegmentedRaftLog:OPENED:c2,f3,i3, conf=2: [s0:0.0.0.0:41468, s1:0.0.0.0:41619, s2:0.0.0.0:44382], old=null RUNNING
  s2:  RUNNING CANDIDATE s2@group-5BD3E7F27A57:t211, leader=null, voted=s2, raftlog=s2@group-5BD3E7F27A57-SegmentedRaftLog:OPENED:c1,f3,i3, conf=3: [s0:0.0.0.0:41468, s1:0.0.0.0:41619, s2:0.0.0.0:44382], old=null RUNNING
	at org.apache.ratis.MiniRaftCluster.newIllegalStateExceptionForNoLeaders(MiniRaftCluster.java:506)
	at org.apache.ratis.RaftTestUtil.lambda$waitForLeader$1(RaftTestUtil.java:90)
	at org.apache.ratis.MiniRaftCluster.getLeader(MiniRaftCluster.java:539)
	at org.apache.ratis.MiniRaftCluster.getLeader(MiniRaftCluster.java:532)
	at org.apache.ratis.RaftTestUtil.lambda$waitForLeader$3(RaftTestUtil.java:98)
	at org.apache.ratis.util.JavaUtils.attempt(JavaUtils.java:152)
	at org.apache.ratis.RaftTestUtil.waitForLeader(RaftTestUtil.java:97)
	at org.apache.ratis.RaftTestUtil.waitForLeader(RaftTestUtil.java:77)
	at org.apache.ratis.RaftTestUtil.waitForLeader(RaftTestUtil.java:72)
	at org.apache.ratis.RaftTestUtil.lambda$changeLeader$7(RaftTestUtil.java:363)
	at org.apache.ratis.util.JavaUtils.attempt(JavaUtils.java:152)
	at org.apache.ratis.RaftTestUtil.changeLeader(RaftTestUtil.java:362)
	at org.apache.ratis.server.impl.LeaderElectionTests.testChangeLeader(LeaderElectionTests.java:81)
	at sun.reflect.NativeMethodAccessorImpl.invoke0(Native Method)
	at sun.reflect.NativeMethodAccessorImpl.invoke(NativeMethodAccessorImpl.java:62)
	at sun.reflect.DelegatingMethodAccessorImpl.invoke(DelegatingMethodAccessorImpl.java:43)
	at java.lang.reflect.Method.invoke(Method.java:498)
	at org.junit.runners.model.FrameworkMethod$1.runReflectiveCall(FrameworkMethod.java:50)
	at org.junit.internal.runners.model.ReflectiveCallable.run(ReflectiveCallable.java:12)
	at org.junit.runners.model.FrameworkMethod.invokeExplosively(FrameworkMethod.java:47)
	at org.junit.internal.runners.statements.InvokeMethod.evaluate(InvokeMethod.java:17)
	at org.junit.internal.runners.statements.RunAfters.evaluate(RunAfters.java:27)
	at org.junit.internal.runners.statements.FailOnTimeout$CallableStatement.call(FailOnTimeout.java:298)
	at org.junit.internal.runners.statements.FailOnTimeout$CallableStatement.call(FailOnTimeout.java:292)
	at java.util.concurrent.FutureTask.run(FutureTask.java:266)
	at java.lang.Thread.run(Thread.java:748)
2019-09-26 09:49:40,600 INFO  impl.LeaderElection (LeaderElection.java:logAndReturn(56)) - s1@group-5BD3E7F27A57-LeaderElection87: Election TIMEOUT; received 1 response(s) [s1<-s0#0:FAIL-t211] and 0 exception(s); s1@group-5BD3E7F27A57:t211, leader=null, voted=s1, raftlog=s1@group-5BD3E7F27A57-SegmentedRaftLog:OPENED:c2,f3,i3, conf=2: [s0:0.0.0.0:41468, s1:0.0.0.0:41619, s2:0.0.0.0:44382], old=null
2019-09-26 09:49:40,614 INFO  impl.LeaderElection (LeaderElection.java:askForVotes(178)) - s1@group-5BD3E7F27A57-LeaderElection87: begin an election at term 212 for 2: [s0:0.0.0.0:41468, s1:0.0.0.0:41619, s2:0.0.0.0:44382], old=null
2019-09-26 09:49:40,614 DEBUG impl.RaftServerImpl (RaftServerImpl.java:requestVote(743)) - s0@group-5BD3E7F27A57: receive requestVote(s1, group-5BD3E7F27A57, 212, (t:3, i:3))
2019-09-26 09:49:40,614 INFO  impl.RaftServerImpl (RaftServerImpl.java:setRole(170)) - s0@group-5BD3E7F27A57: changes role from  FOLLOWER to FOLLOWER at term 212 for recognizeCandidate:s1
2019-09-26 09:49:40,615 INFO  impl.RoleInfo (RoleInfo.java:shutdownFollowerState(121)) - s0: shutdown FollowerState
2019-09-26 09:49:40,615 INFO  impl.RoleInfo (RoleInfo.java:updateAndGet(143)) - s0: start FollowerState
2019-09-26 09:49:40,615 INFO  impl.FollowerState (FollowerState.java:run(117)) - s0@group-5BD3E7F27A57-FollowerState was interrupted: java.lang.InterruptedException: sleep interrupted
2019-09-26 09:49:40,635 DEBUG impl.RaftServerImpl (RaftServerImpl.java:requestVote(775)) - s0@group-5BD3E7F27A57 replies to vote request: s1<-s0#0:FAIL-t212. Peer's state: s0@group-5BD3E7F27A57:t212, leader=null, voted=null, raftlog=s0@group-5BD3E7F27A57-SegmentedRaftLog:OPENED:c3,f4,i4, conf=3: [s0:0.0.0.0:41468, s1:0.0.0.0:41619, s2:0.0.0.0:44382], old=null
2019-09-26 09:49:40,685 INFO  impl.LeaderElection (LeaderElection.java:logAndReturn(56)) - s2@group-5BD3E7F27A57-LeaderElection89: Election TIMEOUT; received 1 response(s) [s2<-s0#0:FAIL-t211] and 0 exception(s); s2@group-5BD3E7F27A57:t211, leader=null, voted=s2, raftlog=s2@group-5BD3E7F27A57-SegmentedRaftLog:OPENED:c1,f3,i3, conf=3: [s0:0.0.0.0:41468, s1:0.0.0.0:41619, s2:0.0.0.0:44382], old=null
2019-09-26 09:49:40,698 INFO  impl.LeaderElection (LeaderElection.java:askForVotes(178)) - s2@group-5BD3E7F27A57-LeaderElection89: begin an election at term 212 for 3: [s0:0.0.0.0:41468, s1:0.0.0.0:41619, s2:0.0.0.0:44382], old=null
2019-09-26 09:49:40,699 DEBUG impl.RaftServerImpl (RaftServerImpl.java:requestVote(743)) - s0@group-5BD3E7F27A57: receive requestVote(s2, group-5BD3E7F27A57, 212, (t:4, i:3))
2019-09-26 09:49:40,699 INFO  impl.RaftServerImpl (RaftServerImpl.java:setRole(170)) - s0@group-5BD3E7F27A57: changes role from  FOLLOWER to FOLLOWER at term 212 for recognizeCandidate:s2
2019-09-26 09:49:40,699 INFO  impl.RoleInfo (RoleInfo.java:shutdownFollowerState(121)) - s0: shutdown FollowerState
2019-09-26 09:49:40,699 INFO  impl.RoleInfo (RoleInfo.java:updateAndGet(143)) - s0: start FollowerState
2019-09-26 09:49:40,699 INFO  impl.FollowerState (FollowerState.java:run(117)) - s0@group-5BD3E7F27A57-FollowerState was interrupted: java.lang.InterruptedException: sleep interrupted
2019-09-26 09:49:40,700 DEBUG impl.RaftServerImpl (RaftServerImpl.java:requestVote(775)) - s0@group-5BD3E7F27A57 replies to vote request: s2<-s0#0:FAIL-t212. Peer's state: s0@group-5BD3E7F27A57:t212, leader=null, voted=null, raftlog=s0@group-5BD3E7F27A57-SegmentedRaftLog:OPENED:c3,f4,i4, conf=3: [s0:0.0.0.0:41468, s1:0.0.0.0:41619, s2:0.0.0.0:44382], old=null
2019-09-26 09:49:40,846 INFO  impl.LeaderElection (LeaderElection.java:logAndReturn(56)) - s1@group-5BD3E7F27A57-LeaderElection87: Election TIMEOUT; received 1 response(s) [s1<-s0#0:FAIL-t212] and 0 exception(s); s1@group-5BD3E7F27A57:t212, leader=null, voted=s1, raftlog=s1@group-5BD3E7F27A57-SegmentedRaftLog:OPENED:c2,f3,i3, conf=2: [s0:0.0.0.0:41468, s1:0.0.0.0:41619, s2:0.0.0.0:44382], old=null
2019-09-26 09:49:40,868 INFO  impl.LeaderElection (LeaderElection.java:askForVotes(178)) - s1@group-5BD3E7F27A57-LeaderElection87: begin an election at term 213 for 2: [s0:0.0.0.0:41468, s1:0.0.0.0:41619, s2:0.0.0.0:44382], old=null
2019-09-26 09:49:40,868 DEBUG impl.RaftServerImpl (RaftServerImpl.java:requestVote(743)) - s0@group-5BD3E7F27A57: receive requestVote(s1, group-5BD3E7F27A57, 213, (t:3, i:3))
2019-09-26 09:49:40,869 INFO  impl.RaftServerImpl (RaftServerImpl.java:setRole(170)) - s0@group-5BD3E7F27A57: changes role from  FOLLOWER to FOLLOWER at term 213 for recognizeCandidate:s1
2019-09-26 09:49:40,869 INFO  impl.RoleInfo (RoleInfo.java:shutdownFollowerState(121)) - s0: shutdown FollowerState
2019-09-26 09:49:40,869 INFO  impl.RoleInfo (RoleInfo.java:updateAndGet(143)) - s0: start FollowerState
2019-09-26 09:49:40,869 INFO  impl.FollowerState (FollowerState.java:run(117)) - s0@group-5BD3E7F27A57-FollowerState was interrupted: java.lang.InterruptedException: sleep interrupted
2019-09-26 09:49:40,907 INFO  impl.LeaderElection (LeaderElection.java:logAndReturn(56)) - s2@group-5BD3E7F27A57-LeaderElection89: Election TIMEOUT; received 1 response(s) [s2<-s0#0:FAIL-t212] and 0 exception(s); s2@group-5BD3E7F27A57:t212, leader=null, voted=s2, raftlog=s2@group-5BD3E7F27A57-SegmentedRaftLog:OPENED:c1,f3,i3, conf=3: [s0:0.0.0.0:41468, s1:0.0.0.0:41619, s2:0.0.0.0:44382], old=null
2019-09-26 09:49:40,909 DEBUG impl.RaftServerImpl (RaftServerImpl.java:requestVote(775)) - s0@group-5BD3E7F27A57 replies to vote request: s1<-s0#0:FAIL-t213. Peer's state: s0@group-5BD3E7F27A57:t213, leader=null, voted=null, raftlog=s0@group-5BD3E7F27A57-SegmentedRaftLog:OPENED:c3,f4,i4, conf=3: [s0:0.0.0.0:41468, s1:0.0.0.0:41619, s2:0.0.0.0:44382], old=null
2019-09-26 09:49:40,920 INFO  impl.LeaderElection (LeaderElection.java:askForVotes(178)) - s2@group-5BD3E7F27A57-LeaderElection89: begin an election at term 213 for 3: [s0:0.0.0.0:41468, s1:0.0.0.0:41619, s2:0.0.0.0:44382], old=null
2019-09-26 09:49:40,921 DEBUG impl.RaftServerImpl (RaftServerImpl.java:requestVote(743)) - s0@group-5BD3E7F27A57: receive requestVote(s2, group-5BD3E7F27A57, 213, (t:4, i:3))
2019-09-26 09:49:40,921 INFO  impl.RaftServerImpl (RaftServerImpl.java:setRole(170)) - s0@group-5BD3E7F27A57: changes role from  FOLLOWER to FOLLOWER at term 213 for recognizeCandidate:s2
2019-09-26 09:49:40,921 INFO  impl.RoleInfo (RoleInfo.java:shutdownFollowerState(121)) - s0: shutdown FollowerState
2019-09-26 09:49:40,921 INFO  impl.RoleInfo (RoleInfo.java:updateAndGet(143)) - s0: start FollowerState
2019-09-26 09:49:40,922 INFO  impl.FollowerState (FollowerState.java:run(117)) - s0@group-5BD3E7F27A57-FollowerState was interrupted: java.lang.InterruptedException: sleep interrupted
2019-09-26 09:49:40,922 DEBUG impl.RaftServerImpl (RaftServerImpl.java:requestVote(775)) - s0@group-5BD3E7F27A57 replies to vote request: s2<-s0#0:FAIL-t213. Peer's state: s0@group-5BD3E7F27A57:t213, leader=null, voted=null, raftlog=s0@group-5BD3E7F27A57-SegmentedRaftLog:OPENED:c3,f4,i4, conf=3: [s0:0.0.0.0:41468, s1:0.0.0.0:41619, s2:0.0.0.0:44382], old=null
2019-09-26 09:49:41,006 WARN  ratis.RaftTestUtil (JavaUtils.java:attempt(158)) - FAILED "waitForLeader-null-(expectLeader? true)", attempt #7/100: java.lang.IllegalStateException: No leader yet : printing ALL groups
  s0:  RUNNING  FOLLOWER s0@group-5BD3E7F27A57:t213, leader=null, voted=null, raftlog=s0@group-5BD3E7F27A57-SegmentedRaftLog:OPENED:c3,f4,i4, conf=3: [s0:0.0.0.0:41468, s1:0.0.0.0:41619, s2:0.0.0.0:44382], old=null RUNNING
  s1:  RUNNING CANDIDATE s1@group-5BD3E7F27A57:t213, leader=null, voted=s1, raftlog=s1@group-5BD3E7F27A57-SegmentedRaftLog:OPENED:c2,f3,i3, conf=2: [s0:0.0.0.0:41468, s1:0.0.0.0:41619, s2:0.0.0.0:44382], old=null RUNNING
  s2:  RUNNING CANDIDATE s2@group-5BD3E7F27A57:t213, leader=null, voted=s2, raftlog=s2@group-5BD3E7F27A57-SegmentedRaftLog:OPENED:c1,f3,i3, conf=3: [s0:0.0.0.0:41468, s1:0.0.0.0:41619, s2:0.0.0.0:44382], old=null RUNNING, sleep 450ms and then retry.
java.lang.IllegalStateException: No leader yet : printing ALL groups
  s0:  RUNNING  FOLLOWER s0@group-5BD3E7F27A57:t213, leader=null, voted=null, raftlog=s0@group-5BD3E7F27A57-SegmentedRaftLog:OPENED:c3,f4,i4, conf=3: [s0:0.0.0.0:41468, s1:0.0.0.0:41619, s2:0.0.0.0:44382], old=null RUNNING
  s1:  RUNNING CANDIDATE s1@group-5BD3E7F27A57:t213, leader=null, voted=s1, raftlog=s1@group-5BD3E7F27A57-SegmentedRaftLog:OPENED:c2,f3,i3, conf=2: [s0:0.0.0.0:41468, s1:0.0.0.0:41619, s2:0.0.0.0:44382], old=null RUNNING
  s2:  RUNNING CANDIDATE s2@group-5BD3E7F27A57:t213, leader=null, voted=s2, raftlog=s2@group-5BD3E7F27A57-SegmentedRaftLog:OPENED:c1,f3,i3, conf=3: [s0:0.0.0.0:41468, s1:0.0.0.0:41619, s2:0.0.0.0:44382], old=null RUNNING
	at org.apache.ratis.MiniRaftCluster.newIllegalStateExceptionForNoLeaders(MiniRaftCluster.java:506)
	at org.apache.ratis.RaftTestUtil.lambda$waitForLeader$1(RaftTestUtil.java:90)
	at org.apache.ratis.MiniRaftCluster.getLeader(MiniRaftCluster.java:539)
	at org.apache.ratis.MiniRaftCluster.getLeader(MiniRaftCluster.java:532)
	at org.apache.ratis.RaftTestUtil.lambda$waitForLeader$3(RaftTestUtil.java:98)
	at org.apache.ratis.util.JavaUtils.attempt(JavaUtils.java:152)
	at org.apache.ratis.RaftTestUtil.waitForLeader(RaftTestUtil.java:97)
	at org.apache.ratis.RaftTestUtil.waitForLeader(RaftTestUtil.java:77)
	at org.apache.ratis.RaftTestUtil.waitForLeader(RaftTestUtil.java:72)
	at org.apache.ratis.RaftTestUtil.lambda$changeLeader$7(RaftTestUtil.java:363)
	at org.apache.ratis.util.JavaUtils.attempt(JavaUtils.java:152)
	at org.apache.ratis.RaftTestUtil.changeLeader(RaftTestUtil.java:362)
	at org.apache.ratis.server.impl.LeaderElectionTests.testChangeLeader(LeaderElectionTests.java:81)
	at sun.reflect.NativeMethodAccessorImpl.invoke0(Native Method)
	at sun.reflect.NativeMethodAccessorImpl.invoke(NativeMethodAccessorImpl.java:62)
	at sun.reflect.DelegatingMethodAccessorImpl.invoke(DelegatingMethodAccessorImpl.java:43)
	at java.lang.reflect.Method.invoke(Method.java:498)
	at org.junit.runners.model.FrameworkMethod$1.runReflectiveCall(FrameworkMethod.java:50)
	at org.junit.internal.runners.model.ReflectiveCallable.run(ReflectiveCallable.java:12)
	at org.junit.runners.model.FrameworkMethod.invokeExplosively(FrameworkMethod.java:47)
	at org.junit.internal.runners.statements.InvokeMethod.evaluate(InvokeMethod.java:17)
	at org.junit.internal.runners.statements.RunAfters.evaluate(RunAfters.java:27)
	at org.junit.internal.runners.statements.FailOnTimeout$CallableStatement.call(FailOnTimeout.java:298)
	at org.junit.internal.runners.statements.FailOnTimeout$CallableStatement.call(FailOnTimeout.java:292)
	at java.util.concurrent.FutureTask.run(FutureTask.java:266)
	at java.lang.Thread.run(Thread.java:748)
2019-09-26 09:49:41,089 INFO  impl.LeaderElection (LeaderElection.java:logAndReturn(56)) - s1@group-5BD3E7F27A57-LeaderElection87: Election TIMEOUT; received 1 response(s) [s1<-s0#0:FAIL-t213] and 0 exception(s); s1@group-5BD3E7F27A57:t213, leader=null, voted=s1, raftlog=s1@group-5BD3E7F27A57-SegmentedRaftLog:OPENED:c2,f3,i3, conf=2: [s0:0.0.0.0:41468, s1:0.0.0.0:41619, s2:0.0.0.0:44382], old=null
2019-09-26 09:49:41,104 INFO  impl.LeaderElection (LeaderElection.java:askForVotes(178)) - s1@group-5BD3E7F27A57-LeaderElection87: begin an election at term 214 for 2: [s0:0.0.0.0:41468, s1:0.0.0.0:41619, s2:0.0.0.0:44382], old=null
2019-09-26 09:49:41,104 DEBUG impl.RaftServerImpl (RaftServerImpl.java:requestVote(743)) - s0@group-5BD3E7F27A57: receive requestVote(s1, group-5BD3E7F27A57, 214, (t:3, i:3))
2019-09-26 09:49:41,104 INFO  impl.RaftServerImpl (RaftServerImpl.java:setRole(170)) - s0@group-5BD3E7F27A57: changes role from  FOLLOWER to FOLLOWER at term 214 for recognizeCandidate:s1
2019-09-26 09:49:41,105 INFO  impl.RoleInfo (RoleInfo.java:shutdownFollowerState(121)) - s0: shutdown FollowerState
2019-09-26 09:49:41,105 INFO  impl.RoleInfo (RoleInfo.java:updateAndGet(143)) - s0: start FollowerState
2019-09-26 09:49:41,105 INFO  impl.FollowerState (FollowerState.java:run(117)) - s0@group-5BD3E7F27A57-FollowerState was interrupted: java.lang.InterruptedException: sleep interrupted
2019-09-26 09:49:41,129 INFO  impl.LeaderElection (LeaderElection.java:logAndReturn(56)) - s2@group-5BD3E7F27A57-LeaderElection89: Election TIMEOUT; received 1 response(s) [s2<-s0#0:FAIL-t213] and 0 exception(s); s2@group-5BD3E7F27A57:t213, leader=null, voted=s2, raftlog=s2@group-5BD3E7F27A57-SegmentedRaftLog:OPENED:c1,f3,i3, conf=3: [s0:0.0.0.0:41468, s1:0.0.0.0:41619, s2:0.0.0.0:44382], old=null
2019-09-26 09:49:41,130 DEBUG impl.RaftServerImpl (RaftServerImpl.java:requestVote(775)) - s0@group-5BD3E7F27A57 replies to vote request: s1<-s0#0:FAIL-t214. Peer's state: s0@group-5BD3E7F27A57:t214, leader=null, voted=null, raftlog=s0@group-5BD3E7F27A57-SegmentedRaftLog:OPENED:c3,f4,i4, conf=3: [s0:0.0.0.0:41468, s1:0.0.0.0:41619, s2:0.0.0.0:44382], old=null
2019-09-26 09:49:41,132 INFO  impl.LeaderElection (LeaderElection.java:askForVotes(178)) - s2@group-5BD3E7F27A57-LeaderElection89: begin an election at term 214 for 3: [s0:0.0.0.0:41468, s1:0.0.0.0:41619, s2:0.0.0.0:44382], old=null
2019-09-26 09:49:41,132 DEBUG impl.RaftServerImpl (RaftServerImpl.java:requestVote(743)) - s0@group-5BD3E7F27A57: receive requestVote(s2, group-5BD3E7F27A57, 214, (t:4, i:3))
2019-09-26 09:49:41,132 INFO  impl.RaftServerImpl (RaftServerImpl.java:setRole(170)) - s0@group-5BD3E7F27A57: changes role from  FOLLOWER to FOLLOWER at term 214 for recognizeCandidate:s2
2019-09-26 09:49:41,132 INFO  impl.RoleInfo (RoleInfo.java:shutdownFollowerState(121)) - s0: shutdown FollowerState
2019-09-26 09:49:41,133 INFO  impl.RoleInfo (RoleInfo.java:updateAndGet(143)) - s0: start FollowerState
2019-09-26 09:49:41,133 INFO  impl.FollowerState (FollowerState.java:run(117)) - s0@group-5BD3E7F27A57-FollowerState was interrupted: java.lang.InterruptedException: sleep interrupted
2019-09-26 09:49:41,133 DEBUG impl.RaftServerImpl (RaftServerImpl.java:requestVote(775)) - s0@group-5BD3E7F27A57 replies to vote request: s2<-s0#0:FAIL-t214. Peer's state: s0@group-5BD3E7F27A57:t214, leader=null, voted=null, raftlog=s0@group-5BD3E7F27A57-SegmentedRaftLog:OPENED:c3,f4,i4, conf=3: [s0:0.0.0.0:41468, s1:0.0.0.0:41619, s2:0.0.0.0:44382], old=null
2019-09-26 09:49:41,196 INFO  ratis.MiniRaftCluster (MiniRaftCluster.java:lambda$null$5(297)) - TIMED-PRINT: printing ALL groups
  s0:  RUNNING  FOLLOWER s0@group-5BD3E7F27A57:t214, leader=null, voted=null, raftlog=s0@group-5BD3E7F27A57-SegmentedRaftLog:OPENED:c3,f4,i4, conf=3: [s0:0.0.0.0:41468, s1:0.0.0.0:41619, s2:0.0.0.0:44382], old=null RUNNING
  s1:  RUNNING CANDIDATE s1@group-5BD3E7F27A57:t214, leader=null, voted=s1, raftlog=s1@group-5BD3E7F27A57-SegmentedRaftLog:OPENED:c2,f3,i3, conf=2: [s0:0.0.0.0:41468, s1:0.0.0.0:41619, s2:0.0.0.0:44382], old=null RUNNING
  s2:  RUNNING CANDIDATE s2@group-5BD3E7F27A57:t214, leader=null, voted=s2, raftlog=s2@group-5BD3E7F27A57-SegmentedRaftLog:OPENED:c1,f3,i3, conf=3: [s0:0.0.0.0:41468, s1:0.0.0.0:41619, s2:0.0.0.0:44382], old=null RUNNING
2019-09-26 09:49:41,260 INFO  impl.LeaderElection (LeaderElection.java:logAndReturn(56)) - s1@group-5BD3E7F27A57-LeaderElection87: Election TIMEOUT; received 1 response(s) [s1<-s0#0:FAIL-t214] and 0 exception(s); s1@group-5BD3E7F27A57:t214, leader=null, voted=s1, raftlog=s1@group-5BD3E7F27A57-SegmentedRaftLog:OPENED:c2,f3,i3, conf=2: [s0:0.0.0.0:41468, s1:0.0.0.0:41619, s2:0.0.0.0:44382], old=null
2019-09-26 09:49:41,286 INFO  impl.LeaderElection (LeaderElection.java:askForVotes(178)) - s1@group-5BD3E7F27A57-LeaderElection87: begin an election at term 215 for 2: [s0:0.0.0.0:41468, s1:0.0.0.0:41619, s2:0.0.0.0:44382], old=null
2019-09-26 09:49:41,286 DEBUG impl.RaftServerImpl (RaftServerImpl.java:requestVote(743)) - s0@group-5BD3E7F27A57: receive requestVote(s1, group-5BD3E7F27A57, 215, (t:3, i:3))
2019-09-26 09:49:41,287 INFO  impl.RaftServerImpl (RaftServerImpl.java:setRole(170)) - s0@group-5BD3E7F27A57: changes role from  FOLLOWER to FOLLOWER at term 215 for recognizeCandidate:s1
2019-09-26 09:49:41,287 INFO  impl.RoleInfo (RoleInfo.java:shutdownFollowerState(121)) - s0: shutdown FollowerState
2019-09-26 09:49:41,287 INFO  impl.RoleInfo (RoleInfo.java:updateAndGet(143)) - s0: start FollowerState
2019-09-26 09:49:41,287 INFO  impl.FollowerState (FollowerState.java:run(117)) - s0@group-5BD3E7F27A57-FollowerState was interrupted: java.lang.InterruptedException: sleep interrupted
2019-09-26 09:49:41,290 DEBUG impl.RaftServerImpl (RaftServerImpl.java:requestVote(775)) - s0@group-5BD3E7F27A57 replies to vote request: s1<-s0#0:FAIL-t215. Peer's state: s0@group-5BD3E7F27A57:t215, leader=null, voted=null, raftlog=s0@group-5BD3E7F27A57-SegmentedRaftLog:OPENED:c3,f4,i4, conf=3: [s0:0.0.0.0:41468, s1:0.0.0.0:41619, s2:0.0.0.0:44382], old=null
2019-09-26 09:49:41,386 INFO  impl.LeaderElection (LeaderElection.java:logAndReturn(56)) - s2@group-5BD3E7F27A57-LeaderElection89: Election TIMEOUT; received 1 response(s) [s2<-s0#0:FAIL-t214] and 0 exception(s); s2@group-5BD3E7F27A57:t214, leader=null, voted=s2, raftlog=s2@group-5BD3E7F27A57-SegmentedRaftLog:OPENED:c1,f3,i3, conf=3: [s0:0.0.0.0:41468, s1:0.0.0.0:41619, s2:0.0.0.0:44382], old=null
2019-09-26 09:49:41,399 INFO  impl.LeaderElection (LeaderElection.java:askForVotes(178)) - s2@group-5BD3E7F27A57-LeaderElection89: begin an election at term 215 for 3: [s0:0.0.0.0:41468, s1:0.0.0.0:41619, s2:0.0.0.0:44382], old=null
2019-09-26 09:49:41,400 DEBUG impl.RaftServerImpl (RaftServerImpl.java:requestVote(743)) - s0@group-5BD3E7F27A57: receive requestVote(s2, group-5BD3E7F27A57, 215, (t:4, i:3))
2019-09-26 09:49:41,400 INFO  impl.RaftServerImpl (RaftServerImpl.java:setRole(170)) - s0@group-5BD3E7F27A57: changes role from  FOLLOWER to FOLLOWER at term 215 for recognizeCandidate:s2
2019-09-26 09:49:41,400 INFO  impl.RoleInfo (RoleInfo.java:shutdownFollowerState(121)) - s0: shutdown FollowerState
2019-09-26 09:49:41,401 INFO  impl.RoleInfo (RoleInfo.java:updateAndGet(143)) - s0: start FollowerState
2019-09-26 09:49:41,401 INFO  impl.FollowerState (FollowerState.java:run(117)) - s0@group-5BD3E7F27A57-FollowerState was interrupted: java.lang.InterruptedException: sleep interrupted
2019-09-26 09:49:41,401 DEBUG impl.RaftServerImpl (RaftServerImpl.java:requestVote(775)) - s0@group-5BD3E7F27A57 replies to vote request: s2<-s0#0:FAIL-t215. Peer's state: s0@group-5BD3E7F27A57:t215, leader=null, voted=null, raftlog=s0@group-5BD3E7F27A57-SegmentedRaftLog:OPENED:c3,f4,i4, conf=3: [s0:0.0.0.0:41468, s1:0.0.0.0:41619, s2:0.0.0.0:44382], old=null
2019-09-26 09:49:41,457 WARN  ratis.RaftTestUtil (JavaUtils.java:attempt(158)) - FAILED "waitForLeader-null-(expectLeader? true)", attempt #8/100: java.lang.IllegalStateException: No leader yet : printing ALL groups
  s0:  RUNNING  FOLLOWER s0@group-5BD3E7F27A57:t215, leader=null, voted=null, raftlog=s0@group-5BD3E7F27A57-SegmentedRaftLog:OPENED:c3,f4,i4, conf=3: [s0:0.0.0.0:41468, s1:0.0.0.0:41619, s2:0.0.0.0:44382], old=null RUNNING
  s1:  RUNNING CANDIDATE s1@group-5BD3E7F27A57:t215, leader=null, voted=s1, raftlog=s1@group-5BD3E7F27A57-SegmentedRaftLog:OPENED:c2,f3,i3, conf=2: [s0:0.0.0.0:41468, s1:0.0.0.0:41619, s2:0.0.0.0:44382], old=null RUNNING
  s2:  RUNNING CANDIDATE s2@group-5BD3E7F27A57:t215, leader=null, voted=s2, raftlog=s2@group-5BD3E7F27A57-SegmentedRaftLog:OPENED:c1,f3,i3, conf=3: [s0:0.0.0.0:41468, s1:0.0.0.0:41619, s2:0.0.0.0:44382], old=null RUNNING, sleep 450ms and then retry.
java.lang.IllegalStateException: No leader yet : printing ALL groups
  s0:  RUNNING  FOLLOWER s0@group-5BD3E7F27A57:t215, leader=null, voted=null, raftlog=s0@group-5BD3E7F27A57-SegmentedRaftLog:OPENED:c3,f4,i4, conf=3: [s0:0.0.0.0:41468, s1:0.0.0.0:41619, s2:0.0.0.0:44382], old=null RUNNING
  s1:  RUNNING CANDIDATE s1@group-5BD3E7F27A57:t215, leader=null, voted=s1, raftlog=s1@group-5BD3E7F27A57-SegmentedRaftLog:OPENED:c2,f3,i3, conf=2: [s0:0.0.0.0:41468, s1:0.0.0.0:41619, s2:0.0.0.0:44382], old=null RUNNING
  s2:  RUNNING CANDIDATE s2@group-5BD3E7F27A57:t215, leader=null, voted=s2, raftlog=s2@group-5BD3E7F27A57-SegmentedRaftLog:OPENED:c1,f3,i3, conf=3: [s0:0.0.0.0:41468, s1:0.0.0.0:41619, s2:0.0.0.0:44382], old=null RUNNING
	at org.apache.ratis.MiniRaftCluster.newIllegalStateExceptionForNoLeaders(MiniRaftCluster.java:506)
	at org.apache.ratis.RaftTestUtil.lambda$waitForLeader$1(RaftTestUtil.java:90)
	at org.apache.ratis.MiniRaftCluster.getLeader(MiniRaftCluster.java:539)
	at org.apache.ratis.MiniRaftCluster.getLeader(MiniRaftCluster.java:532)
	at org.apache.ratis.RaftTestUtil.lambda$waitForLeader$3(RaftTestUtil.java:98)
	at org.apache.ratis.util.JavaUtils.attempt(JavaUtils.java:152)
	at org.apache.ratis.RaftTestUtil.waitForLeader(RaftTestUtil.java:97)
	at org.apache.ratis.RaftTestUtil.waitForLeader(RaftTestUtil.java:77)
	at org.apache.ratis.RaftTestUtil.waitForLeader(RaftTestUtil.java:72)
	at org.apache.ratis.RaftTestUtil.lambda$changeLeader$7(RaftTestUtil.java:363)
	at org.apache.ratis.util.JavaUtils.attempt(JavaUtils.java:152)
	at org.apache.ratis.RaftTestUtil.changeLeader(RaftTestUtil.java:362)
	at org.apache.ratis.server.impl.LeaderElectionTests.testChangeLeader(LeaderElectionTests.java:81)
	at sun.reflect.NativeMethodAccessorImpl.invoke0(Native Method)
	at sun.reflect.NativeMethodAccessorImpl.invoke(NativeMethodAccessorImpl.java:62)
	at sun.reflect.DelegatingMethodAccessorImpl.invoke(DelegatingMethodAccessorImpl.java:43)
	at java.lang.reflect.Method.invoke(Method.java:498)
	at org.junit.runners.model.FrameworkMethod$1.runReflectiveCall(FrameworkMethod.java:50)
	at org.junit.internal.runners.model.ReflectiveCallable.run(ReflectiveCallable.java:12)
	at org.junit.runners.model.FrameworkMethod.invokeExplosively(FrameworkMethod.java:47)
	at org.junit.internal.runners.statements.InvokeMethod.evaluate(InvokeMethod.java:17)
	at org.junit.internal.runners.statements.RunAfters.evaluate(RunAfters.java:27)
	at org.junit.internal.runners.statements.FailOnTimeout$CallableStatement.call(FailOnTimeout.java:298)
	at org.junit.internal.runners.statements.FailOnTimeout$CallableStatement.call(FailOnTimeout.java:292)
	at java.util.concurrent.FutureTask.run(FutureTask.java:266)
	at java.lang.Thread.run(Thread.java:748)
2019-09-26 09:49:41,479 INFO  impl.LeaderElection (LeaderElection.java:logAndReturn(56)) - s1@group-5BD3E7F27A57-LeaderElection87: Election TIMEOUT; received 1 response(s) [s1<-s0#0:FAIL-t215] and 0 exception(s); s1@group-5BD3E7F27A57:t215, leader=null, voted=s1, raftlog=s1@group-5BD3E7F27A57-SegmentedRaftLog:OPENED:c2,f3,i3, conf=2: [s0:0.0.0.0:41468, s1:0.0.0.0:41619, s2:0.0.0.0:44382], old=null
2019-09-26 09:49:41,504 INFO  impl.LeaderElection (LeaderElection.java:askForVotes(178)) - s1@group-5BD3E7F27A57-LeaderElection87: begin an election at term 216 for 2: [s0:0.0.0.0:41468, s1:0.0.0.0:41619, s2:0.0.0.0:44382], old=null
2019-09-26 09:49:41,504 DEBUG impl.RaftServerImpl (RaftServerImpl.java:requestVote(743)) - s0@group-5BD3E7F27A57: receive requestVote(s1, group-5BD3E7F27A57, 216, (t:3, i:3))
2019-09-26 09:49:41,504 INFO  impl.RaftServerImpl (RaftServerImpl.java:setRole(170)) - s0@group-5BD3E7F27A57: changes role from  FOLLOWER to FOLLOWER at term 216 for recognizeCandidate:s1
2019-09-26 09:49:41,505 INFO  impl.RoleInfo (RoleInfo.java:shutdownFollowerState(121)) - s0: shutdown FollowerState
2019-09-26 09:49:41,505 INFO  impl.RoleInfo (RoleInfo.java:updateAndGet(143)) - s0: start FollowerState
2019-09-26 09:49:41,505 INFO  impl.FollowerState (FollowerState.java:run(117)) - s0@group-5BD3E7F27A57-FollowerState was interrupted: java.lang.InterruptedException: sleep interrupted
2019-09-26 09:49:41,520 DEBUG impl.RaftServerImpl (RaftServerImpl.java:requestVote(775)) - s0@group-5BD3E7F27A57 replies to vote request: s1<-s0#0:FAIL-t216. Peer's state: s0@group-5BD3E7F27A57:t216, leader=null, voted=null, raftlog=s0@group-5BD3E7F27A57-SegmentedRaftLog:OPENED:c3,f4,i4, conf=3: [s0:0.0.0.0:41468, s1:0.0.0.0:41619, s2:0.0.0.0:44382], old=null
2019-09-26 09:49:41,599 INFO  impl.LeaderElection (LeaderElection.java:logAndReturn(56)) - s2@group-5BD3E7F27A57-LeaderElection89: Election TIMEOUT; received 1 response(s) [s2<-s0#0:FAIL-t215] and 0 exception(s); s2@group-5BD3E7F27A57:t215, leader=null, voted=s2, raftlog=s2@group-5BD3E7F27A57-SegmentedRaftLog:OPENED:c1,f3,i3, conf=3: [s0:0.0.0.0:41468, s1:0.0.0.0:41619, s2:0.0.0.0:44382], old=null
2019-09-26 09:49:41,623 INFO  impl.LeaderElection (LeaderElection.java:askForVotes(178)) - s2@group-5BD3E7F27A57-LeaderElection89: begin an election at term 216 for 3: [s0:0.0.0.0:41468, s1:0.0.0.0:41619, s2:0.0.0.0:44382], old=null
2019-09-26 09:49:41,624 DEBUG impl.RaftServerImpl (RaftServerImpl.java:requestVote(743)) - s0@group-5BD3E7F27A57: receive requestVote(s2, group-5BD3E7F27A57, 216, (t:4, i:3))
2019-09-26 09:49:41,624 INFO  impl.RaftServerImpl (RaftServerImpl.java:setRole(170)) - s0@group-5BD3E7F27A57: changes role from  FOLLOWER to FOLLOWER at term 216 for recognizeCandidate:s2
2019-09-26 09:49:41,624 INFO  impl.RoleInfo (RoleInfo.java:shutdownFollowerState(121)) - s0: shutdown FollowerState
2019-09-26 09:49:41,624 INFO  impl.RoleInfo (RoleInfo.java:updateAndGet(143)) - s0: start FollowerState
2019-09-26 09:49:41,624 INFO  impl.FollowerState (FollowerState.java:run(117)) - s0@group-5BD3E7F27A57-FollowerState was interrupted: java.lang.InterruptedException: sleep interrupted
2019-09-26 09:49:41,624 DEBUG impl.RaftServerImpl (RaftServerImpl.java:requestVote(775)) - s0@group-5BD3E7F27A57 replies to vote request: s2<-s0#0:FAIL-t216. Peer's state: s0@group-5BD3E7F27A57:t216, leader=null, voted=null, raftlog=s0@group-5BD3E7F27A57-SegmentedRaftLog:OPENED:c3,f4,i4, conf=3: [s0:0.0.0.0:41468, s1:0.0.0.0:41619, s2:0.0.0.0:44382], old=null
2019-09-26 09:49:41,670 INFO  impl.LeaderElection (LeaderElection.java:logAndReturn(56)) - s1@group-5BD3E7F27A57-LeaderElection87: Election TIMEOUT; received 1 response(s) [s1<-s0#0:FAIL-t216] and 0 exception(s); s1@group-5BD3E7F27A57:t216, leader=null, voted=s1, raftlog=s1@group-5BD3E7F27A57-SegmentedRaftLog:OPENED:c2,f3,i3, conf=2: [s0:0.0.0.0:41468, s1:0.0.0.0:41619, s2:0.0.0.0:44382], old=null
2019-09-26 09:49:41,701 INFO  impl.LeaderElection (LeaderElection.java:askForVotes(178)) - s1@group-5BD3E7F27A57-LeaderElection87: begin an election at term 217 for 2: [s0:0.0.0.0:41468, s1:0.0.0.0:41619, s2:0.0.0.0:44382], old=null
2019-09-26 09:49:41,702 DEBUG impl.RaftServerImpl (RaftServerImpl.java:requestVote(743)) - s0@group-5BD3E7F27A57: receive requestVote(s1, group-5BD3E7F27A57, 217, (t:3, i:3))
2019-09-26 09:49:41,702 INFO  impl.RaftServerImpl (RaftServerImpl.java:setRole(170)) - s0@group-5BD3E7F27A57: changes role from  FOLLOWER to FOLLOWER at term 217 for recognizeCandidate:s1
2019-09-26 09:49:41,702 INFO  impl.RoleInfo (RoleInfo.java:shutdownFollowerState(121)) - s0: shutdown FollowerState
2019-09-26 09:49:41,702 INFO  impl.RoleInfo (RoleInfo.java:updateAndGet(143)) - s0: start FollowerState
2019-09-26 09:49:41,702 INFO  impl.FollowerState (FollowerState.java:run(117)) - s0@group-5BD3E7F27A57-FollowerState was interrupted: java.lang.InterruptedException: sleep interrupted
2019-09-26 09:49:41,723 DEBUG impl.RaftServerImpl (RaftServerImpl.java:requestVote(775)) - s0@group-5BD3E7F27A57 replies to vote request: s1<-s0#0:FAIL-t217. Peer's state: s0@group-5BD3E7F27A57:t217, leader=null, voted=null, raftlog=s0@group-5BD3E7F27A57-SegmentedRaftLog:OPENED:c3,f4,i4, conf=3: [s0:0.0.0.0:41468, s1:0.0.0.0:41619, s2:0.0.0.0:44382], old=null
2019-09-26 09:49:41,906 INFO  impl.LeaderElection (LeaderElection.java:logAndReturn(56)) - s2@group-5BD3E7F27A57-LeaderElection89: Election TIMEOUT; received 1 response(s) [s2<-s0#0:FAIL-t216] and 0 exception(s); s2@group-5BD3E7F27A57:t216, leader=null, voted=s2, raftlog=s2@group-5BD3E7F27A57-SegmentedRaftLog:OPENED:c1,f3,i3, conf=3: [s0:0.0.0.0:41468, s1:0.0.0.0:41619, s2:0.0.0.0:44382], old=null
2019-09-26 09:49:41,909 WARN  ratis.RaftTestUtil (JavaUtils.java:attempt(158)) - FAILED "waitForLeader-null-(expectLeader? true)", attempt #9/100: java.lang.IllegalStateException: No leader yet : printing ALL groups
  s0:  RUNNING  FOLLOWER s0@group-5BD3E7F27A57:t217, leader=null, voted=null, raftlog=s0@group-5BD3E7F27A57-SegmentedRaftLog:OPENED:c3,f4,i4, conf=3: [s0:0.0.0.0:41468, s1:0.0.0.0:41619, s2:0.0.0.0:44382], old=null RUNNING
  s1:  RUNNING CANDIDATE s1@group-5BD3E7F27A57:t217, leader=null, voted=s1, raftlog=s1@group-5BD3E7F27A57-SegmentedRaftLog:OPENED:c2,f3,i3, conf=2: [s0:0.0.0.0:41468, s1:0.0.0.0:41619, s2:0.0.0.0:44382], old=null RUNNING
  s2:  RUNNING CANDIDATE s2@group-5BD3E7F27A57:t217, leader=null, voted=s2, raftlog=s2@group-5BD3E7F27A57-SegmentedRaftLog:OPENED:c1,f3,i3, conf=3: [s0:0.0.0.0:41468, s1:0.0.0.0:41619, s2:0.0.0.0:44382], old=null RUNNING, sleep 450ms and then retry.
java.lang.IllegalStateException: No leader yet : printing ALL groups
  s0:  RUNNING  FOLLOWER s0@group-5BD3E7F27A57:t217, leader=null, voted=null, raftlog=s0@group-5BD3E7F27A57-SegmentedRaftLog:OPENED:c3,f4,i4, conf=3: [s0:0.0.0.0:41468, s1:0.0.0.0:41619, s2:0.0.0.0:44382], old=null RUNNING
  s1:  RUNNING CANDIDATE s1@group-5BD3E7F27A57:t217, leader=null, voted=s1, raftlog=s1@group-5BD3E7F27A57-SegmentedRaftLog:OPENED:c2,f3,i3, conf=2: [s0:0.0.0.0:41468, s1:0.0.0.0:41619, s2:0.0.0.0:44382], old=null RUNNING
  s2:  RUNNING CANDIDATE s2@group-5BD3E7F27A57:t217, leader=null, voted=s2, raftlog=s2@group-5BD3E7F27A57-SegmentedRaftLog:OPENED:c1,f3,i3, conf=3: [s0:0.0.0.0:41468, s1:0.0.0.0:41619, s2:0.0.0.0:44382], old=null RUNNING
	at org.apache.ratis.MiniRaftCluster.newIllegalStateExceptionForNoLeaders(MiniRaftCluster.java:506)
	at org.apache.ratis.RaftTestUtil.lambda$waitForLeader$1(RaftTestUtil.java:90)
	at org.apache.ratis.MiniRaftCluster.getLeader(MiniRaftCluster.java:539)
	at org.apache.ratis.MiniRaftCluster.getLeader(MiniRaftCluster.java:532)
	at org.apache.ratis.RaftTestUtil.lambda$waitForLeader$3(RaftTestUtil.java:98)
	at org.apache.ratis.util.JavaUtils.attempt(JavaUtils.java:152)
	at org.apache.ratis.RaftTestUtil.waitForLeader(RaftTestUtil.java:97)
	at org.apache.ratis.RaftTestUtil.waitForLeader(RaftTestUtil.java:77)
	at org.apache.ratis.RaftTestUtil.waitForLeader(RaftTestUtil.java:72)
	at org.apache.ratis.RaftTestUtil.lambda$changeLeader$7(RaftTestUtil.java:363)
	at org.apache.ratis.util.JavaUtils.attempt(JavaUtils.java:152)
	at org.apache.ratis.RaftTestUtil.changeLeader(RaftTestUtil.java:362)
	at org.apache.ratis.server.impl.LeaderElectionTests.testChangeLeader(LeaderElectionTests.java:81)
	at sun.reflect.NativeMethodAccessorImpl.invoke0(Native Method)
	at sun.reflect.NativeMethodAccessorImpl.invoke(NativeMethodAccessorImpl.java:62)
	at sun.reflect.DelegatingMethodAccessorImpl.invoke(DelegatingMethodAccessorImpl.java:43)
	at java.lang.reflect.Method.invoke(Method.java:498)
	at org.junit.runners.model.FrameworkMethod$1.runReflectiveCall(FrameworkMethod.java:50)
	at org.junit.internal.runners.model.ReflectiveCallable.run(ReflectiveCallable.java:12)
	at org.junit.runners.model.FrameworkMethod.invokeExplosively(FrameworkMethod.java:47)
	at org.junit.internal.runners.statements.InvokeMethod.evaluate(InvokeMethod.java:17)
	at org.junit.internal.runners.statements.RunAfters.evaluate(RunAfters.java:27)
	at org.junit.internal.runners.statements.FailOnTimeout$CallableStatement.call(FailOnTimeout.java:298)
	at org.junit.internal.runners.statements.FailOnTimeout$CallableStatement.call(FailOnTimeout.java:292)
	at java.util.concurrent.FutureTask.run(FutureTask.java:266)
	at java.lang.Thread.run(Thread.java:748)
2019-09-26 09:49:41,920 INFO  impl.LeaderElection (LeaderElection.java:askForVotes(178)) - s2@group-5BD3E7F27A57-LeaderElection89: begin an election at term 217 for 3: [s0:0.0.0.0:41468, s1:0.0.0.0:41619, s2:0.0.0.0:44382], old=null
2019-09-26 09:49:41,921 DEBUG impl.RaftServerImpl (RaftServerImpl.java:requestVote(743)) - s0@group-5BD3E7F27A57: receive requestVote(s2, group-5BD3E7F27A57, 217, (t:4, i:3))
2019-09-26 09:49:41,921 INFO  impl.RaftServerImpl (RaftServerImpl.java:setRole(170)) - s0@group-5BD3E7F27A57: changes role from  FOLLOWER to FOLLOWER at term 217 for recognizeCandidate:s2
2019-09-26 09:49:41,921 INFO  impl.RoleInfo (RoleInfo.java:shutdownFollowerState(121)) - s0: shutdown FollowerState
2019-09-26 09:49:41,921 INFO  impl.RoleInfo (RoleInfo.java:updateAndGet(143)) - s0: start FollowerState
2019-09-26 09:49:41,922 INFO  impl.FollowerState (FollowerState.java:run(117)) - s0@group-5BD3E7F27A57-FollowerState was interrupted: java.lang.InterruptedException: sleep interrupted
2019-09-26 09:49:41,922 DEBUG impl.RaftServerImpl (RaftServerImpl.java:requestVote(775)) - s0@group-5BD3E7F27A57 replies to vote request: s2<-s0#0:FAIL-t217. Peer's state: s0@group-5BD3E7F27A57:t217, leader=null, voted=null, raftlog=s0@group-5BD3E7F27A57-SegmentedRaftLog:OPENED:c3,f4,i4, conf=3: [s0:0.0.0.0:41468, s1:0.0.0.0:41619, s2:0.0.0.0:44382], old=null
2019-09-26 09:49:41,923 INFO  impl.LeaderElection (LeaderElection.java:logAndReturn(56)) - s1@group-5BD3E7F27A57-LeaderElection87: Election TIMEOUT; received 1 response(s) [s1<-s0#0:FAIL-t217] and 0 exception(s); s1@group-5BD3E7F27A57:t217, leader=null, voted=s1, raftlog=s1@group-5BD3E7F27A57-SegmentedRaftLog:OPENED:c2,f3,i3, conf=2: [s0:0.0.0.0:41468, s1:0.0.0.0:41619, s2:0.0.0.0:44382], old=null
2019-09-26 09:49:41,949 INFO  impl.LeaderElection (LeaderElection.java:askForVotes(178)) - s1@group-5BD3E7F27A57-LeaderElection87: begin an election at term 218 for 2: [s0:0.0.0.0:41468, s1:0.0.0.0:41619, s2:0.0.0.0:44382], old=null
2019-09-26 09:49:41,949 DEBUG impl.RaftServerImpl (RaftServerImpl.java:requestVote(743)) - s0@group-5BD3E7F27A57: receive requestVote(s1, group-5BD3E7F27A57, 218, (t:3, i:3))
2019-09-26 09:49:41,949 INFO  impl.RaftServerImpl (RaftServerImpl.java:setRole(170)) - s0@group-5BD3E7F27A57: changes role from  FOLLOWER to FOLLOWER at term 218 for recognizeCandidate:s1
2019-09-26 09:49:41,950 INFO  impl.RoleInfo (RoleInfo.java:shutdownFollowerState(121)) - s0: shutdown FollowerState
2019-09-26 09:49:41,950 INFO  impl.RoleInfo (RoleInfo.java:updateAndGet(143)) - s0: start FollowerState
2019-09-26 09:49:41,950 INFO  impl.FollowerState (FollowerState.java:run(117)) - s0@group-5BD3E7F27A57-FollowerState was interrupted: java.lang.InterruptedException: sleep interrupted
2019-09-26 09:49:41,975 DEBUG impl.RaftServerImpl (RaftServerImpl.java:requestVote(775)) - s0@group-5BD3E7F27A57 replies to vote request: s1<-s0#0:FAIL-t218. Peer's state: s0@group-5BD3E7F27A57:t218, leader=null, voted=null, raftlog=s0@group-5BD3E7F27A57-SegmentedRaftLog:OPENED:c3,f4,i4, conf=3: [s0:0.0.0.0:41468, s1:0.0.0.0:41619, s2:0.0.0.0:44382], old=null
2019-09-26 09:49:42,129 INFO  impl.LeaderElection (LeaderElection.java:logAndReturn(56)) - s2@group-5BD3E7F27A57-LeaderElection89: Election TIMEOUT; received 1 response(s) [s2<-s0#0:FAIL-t217] and 0 exception(s); s2@group-5BD3E7F27A57:t217, leader=null, voted=s2, raftlog=s2@group-5BD3E7F27A57-SegmentedRaftLog:OPENED:c1,f3,i3, conf=3: [s0:0.0.0.0:41468, s1:0.0.0.0:41619, s2:0.0.0.0:44382], old=null
2019-09-26 09:49:42,143 INFO  impl.LeaderElection (LeaderElection.java:logAndReturn(56)) - s1@group-5BD3E7F27A57-LeaderElection87: Election TIMEOUT; received 1 response(s) [s1<-s0#0:FAIL-t218] and 0 exception(s); s1@group-5BD3E7F27A57:t218, leader=null, voted=s1, raftlog=s1@group-5BD3E7F27A57-SegmentedRaftLog:OPENED:c2,f3,i3, conf=2: [s0:0.0.0.0:41468, s1:0.0.0.0:41619, s2:0.0.0.0:44382], old=null
2019-09-26 09:49:42,144 INFO  impl.LeaderElection (LeaderElection.java:askForVotes(178)) - s2@group-5BD3E7F27A57-LeaderElection89: begin an election at term 218 for 3: [s0:0.0.0.0:41468, s1:0.0.0.0:41619, s2:0.0.0.0:44382], old=null
2019-09-26 09:49:42,144 DEBUG impl.RaftServerImpl (RaftServerImpl.java:requestVote(743)) - s0@group-5BD3E7F27A57: receive requestVote(s2, group-5BD3E7F27A57, 218, (t:4, i:3))
2019-09-26 09:49:42,144 INFO  impl.RaftServerImpl (RaftServerImpl.java:setRole(170)) - s0@group-5BD3E7F27A57: changes role from  FOLLOWER to FOLLOWER at term 218 for recognizeCandidate:s2
2019-09-26 09:49:42,145 INFO  impl.RoleInfo (RoleInfo.java:shutdownFollowerState(121)) - s0: shutdown FollowerState
2019-09-26 09:49:42,145 INFO  impl.RoleInfo (RoleInfo.java:updateAndGet(143)) - s0: start FollowerState
2019-09-26 09:49:42,145 INFO  impl.FollowerState (FollowerState.java:run(117)) - s0@group-5BD3E7F27A57-FollowerState was interrupted: java.lang.InterruptedException: sleep interrupted
2019-09-26 09:49:42,145 DEBUG impl.RaftServerImpl (RaftServerImpl.java:requestVote(775)) - s0@group-5BD3E7F27A57 replies to vote request: s2<-s0#0:FAIL-t218. Peer's state: s0@group-5BD3E7F27A57:t218, leader=null, voted=null, raftlog=s0@group-5BD3E7F27A57-SegmentedRaftLog:OPENED:c3,f4,i4, conf=3: [s0:0.0.0.0:41468, s1:0.0.0.0:41619, s2:0.0.0.0:44382], old=null
2019-09-26 09:49:42,158 INFO  impl.LeaderElection (LeaderElection.java:askForVotes(178)) - s1@group-5BD3E7F27A57-LeaderElection87: begin an election at term 219 for 2: [s0:0.0.0.0:41468, s1:0.0.0.0:41619, s2:0.0.0.0:44382], old=null
2019-09-26 09:49:42,158 DEBUG impl.RaftServerImpl (RaftServerImpl.java:requestVote(743)) - s0@group-5BD3E7F27A57: receive requestVote(s1, group-5BD3E7F27A57, 219, (t:3, i:3))
2019-09-26 09:49:42,159 INFO  impl.RaftServerImpl (RaftServerImpl.java:setRole(170)) - s0@group-5BD3E7F27A57: changes role from  FOLLOWER to FOLLOWER at term 219 for recognizeCandidate:s1
2019-09-26 09:49:42,159 INFO  impl.RoleInfo (RoleInfo.java:shutdownFollowerState(121)) - s0: shutdown FollowerState
2019-09-26 09:49:42,159 INFO  impl.RoleInfo (RoleInfo.java:updateAndGet(143)) - s0: start FollowerState
2019-09-26 09:49:42,159 INFO  impl.FollowerState (FollowerState.java:run(117)) - s0@group-5BD3E7F27A57-FollowerState was interrupted: java.lang.InterruptedException: sleep interrupted
2019-09-26 09:49:42,179 DEBUG impl.RaftServerImpl (RaftServerImpl.java:requestVote(775)) - s0@group-5BD3E7F27A57 replies to vote request: s1<-s0#0:FAIL-t219. Peer's state: s0@group-5BD3E7F27A57:t219, leader=null, voted=null, raftlog=s0@group-5BD3E7F27A57-SegmentedRaftLog:OPENED:c3,f4,i4, conf=3: [s0:0.0.0.0:41468, s1:0.0.0.0:41619, s2:0.0.0.0:44382], old=null
2019-09-26 09:49:42,314 INFO  impl.FollowerState (FollowerState.java:run(108)) - s0@group-5BD3E7F27A57-FollowerState: change to CANDIDATE, lastRpcTime:155ms, electionTimeout:155ms
2019-09-26 09:49:42,315 INFO  impl.RoleInfo (RoleInfo.java:shutdownFollowerState(121)) - s0: shutdown FollowerState
2019-09-26 09:49:42,315 INFO  impl.RaftServerImpl (RaftServerImpl.java:setRole(170)) - s0@group-5BD3E7F27A57: changes role from  FOLLOWER to CANDIDATE at term 219 for changeToCandidate
2019-09-26 09:49:42,315 INFO  impl.RoleInfo (RoleInfo.java:updateAndGet(143)) - s0: start LeaderElection
2019-09-26 09:49:42,339 INFO  impl.LeaderElection (LeaderElection.java:askForVotes(178)) - s0@group-5BD3E7F27A57-LeaderElection92: begin an election at term 220 for 3: [s0:0.0.0.0:41468, s1:0.0.0.0:41619, s2:0.0.0.0:44382], old=null
2019-09-26 09:49:42,360 WARN  ratis.RaftTestUtil (JavaUtils.java:attempt(158)) - FAILED "waitForLeader-null-(expectLeader? true)", attempt #10/100: java.lang.IllegalStateException: No leader yet : printing ALL groups
  s0:  RUNNING CANDIDATE s0@group-5BD3E7F27A57:t220, leader=null, voted=s0, raftlog=s0@group-5BD3E7F27A57-SegmentedRaftLog:OPENED:c3,f4,i4, conf=3: [s0:0.0.0.0:41468, s1:0.0.0.0:41619, s2:0.0.0.0:44382], old=null RUNNING
  s1:  RUNNING CANDIDATE s1@group-5BD3E7F27A57:t219, leader=null, voted=s1, raftlog=s1@group-5BD3E7F27A57-SegmentedRaftLog:OPENED:c2,f3,i3, conf=2: [s0:0.0.0.0:41468, s1:0.0.0.0:41619, s2:0.0.0.0:44382], old=null RUNNING
  s2:  RUNNING CANDIDATE s2@group-5BD3E7F27A57:t218, leader=null, voted=s2, raftlog=s2@group-5BD3E7F27A57-SegmentedRaftLog:OPENED:c1,f3,i3, conf=3: [s0:0.0.0.0:41468, s1:0.0.0.0:41619, s2:0.0.0.0:44382], old=null RUNNING, sleep 450ms and then retry.
java.lang.IllegalStateException: No leader yet : printing ALL groups
  s0:  RUNNING CANDIDATE s0@group-5BD3E7F27A57:t220, leader=null, voted=s0, raftlog=s0@group-5BD3E7F27A57-SegmentedRaftLog:OPENED:c3,f4,i4, conf=3: [s0:0.0.0.0:41468, s1:0.0.0.0:41619, s2:0.0.0.0:44382], old=null RUNNING
  s1:  RUNNING CANDIDATE s1@group-5BD3E7F27A57:t219, leader=null, voted=s1, raftlog=s1@group-5BD3E7F27A57-SegmentedRaftLog:OPENED:c2,f3,i3, conf=2: [s0:0.0.0.0:41468, s1:0.0.0.0:41619, s2:0.0.0.0:44382], old=null RUNNING
  s2:  RUNNING CANDIDATE s2@group-5BD3E7F27A57:t218, leader=null, voted=s2, raftlog=s2@group-5BD3E7F27A57-SegmentedRaftLog:OPENED:c1,f3,i3, conf=3: [s0:0.0.0.0:41468, s1:0.0.0.0:41619, s2:0.0.0.0:44382], old=null RUNNING
	at org.apache.ratis.MiniRaftCluster.newIllegalStateExceptionForNoLeaders(MiniRaftCluster.java:506)
	at org.apache.ratis.RaftTestUtil.lambda$waitForLeader$1(RaftTestUtil.java:90)
	at org.apache.ratis.MiniRaftCluster.getLeader(MiniRaftCluster.java:539)
	at org.apache.ratis.MiniRaftCluster.getLeader(MiniRaftCluster.java:532)
	at org.apache.ratis.RaftTestUtil.lambda$waitForLeader$3(RaftTestUtil.java:98)
	at org.apache.ratis.util.JavaUtils.attempt(JavaUtils.java:152)
	at org.apache.ratis.RaftTestUtil.waitForLeader(RaftTestUtil.java:97)
	at org.apache.ratis.RaftTestUtil.waitForLeader(RaftTestUtil.java:77)
	at org.apache.ratis.RaftTestUtil.waitForLeader(RaftTestUtil.java:72)
	at org.apache.ratis.RaftTestUtil.lambda$changeLeader$7(RaftTestUtil.java:363)
	at org.apache.ratis.util.JavaUtils.attempt(JavaUtils.java:152)
	at org.apache.ratis.RaftTestUtil.changeLeader(RaftTestUtil.java:362)
	at org.apache.ratis.server.impl.LeaderElectionTests.testChangeLeader(LeaderElectionTests.java:81)
	at sun.reflect.NativeMethodAccessorImpl.invoke0(Native Method)
	at sun.reflect.NativeMethodAccessorImpl.invoke(NativeMethodAccessorImpl.java:62)
	at sun.reflect.DelegatingMethodAccessorImpl.invoke(DelegatingMethodAccessorImpl.java:43)
	at java.lang.reflect.Method.invoke(Method.java:498)
	at org.junit.runners.model.FrameworkMethod$1.runReflectiveCall(FrameworkMethod.java:50)
	at org.junit.internal.runners.model.ReflectiveCallable.run(ReflectiveCallable.java:12)
	at org.junit.runners.model.FrameworkMethod.invokeExplosively(FrameworkMethod.java:47)
	at org.junit.internal.runners.statements.InvokeMethod.evaluate(InvokeMethod.java:17)
	at org.junit.internal.runners.statements.RunAfters.evaluate(RunAfters.java:27)
	at org.junit.internal.runners.statements.FailOnTimeout$CallableStatement.call(FailOnTimeout.java:298)
	at org.junit.internal.runners.statements.FailOnTimeout$CallableStatement.call(FailOnTimeout.java:292)
	at java.util.concurrent.FutureTask.run(FutureTask.java:266)
	at java.lang.Thread.run(Thread.java:748)
2019-09-26 09:49:42,406 INFO  impl.LeaderElection (LeaderElection.java:logAndReturn(56)) - s2@group-5BD3E7F27A57-LeaderElection89: Election TIMEOUT; received 1 response(s) [s2<-s0#0:FAIL-t218] and 0 exception(s); s2@group-5BD3E7F27A57:t218, leader=null, voted=s2, raftlog=s2@group-5BD3E7F27A57-SegmentedRaftLog:OPENED:c1,f3,i3, conf=3: [s0:0.0.0.0:41468, s1:0.0.0.0:41619, s2:0.0.0.0:44382], old=null
2019-09-26 09:49:42,423 INFO  impl.LeaderElection (LeaderElection.java:logAndReturn(56)) - s1@group-5BD3E7F27A57-LeaderElection87: Election TIMEOUT; received 1 response(s) [s1<-s0#0:FAIL-t219] and 0 exception(s); s1@group-5BD3E7F27A57:t219, leader=null, voted=s1, raftlog=s1@group-5BD3E7F27A57-SegmentedRaftLog:OPENED:c2,f3,i3, conf=2: [s0:0.0.0.0:41468, s1:0.0.0.0:41619, s2:0.0.0.0:44382], old=null
2019-09-26 09:49:42,432 INFO  impl.LeaderElection (LeaderElection.java:askForVotes(178)) - s2@group-5BD3E7F27A57-LeaderElection89: begin an election at term 219 for 3: [s0:0.0.0.0:41468, s1:0.0.0.0:41619, s2:0.0.0.0:44382], old=null
2019-09-26 09:49:42,432 DEBUG impl.RaftServerImpl (RaftServerImpl.java:requestVote(743)) - s0@group-5BD3E7F27A57: receive requestVote(s2, group-5BD3E7F27A57, 219, (t:4, i:3))
2019-09-26 09:49:42,432 DEBUG impl.RaftServerImpl (RaftServerImpl.java:requestVote(775)) - s0@group-5BD3E7F27A57 replies to vote request: s2<-s0#0:FAIL-t220. Peer's state: s0@group-5BD3E7F27A57:t220, leader=null, voted=s0, raftlog=s0@group-5BD3E7F27A57-SegmentedRaftLog:OPENED:c3,f4,i4, conf=3: [s0:0.0.0.0:41468, s1:0.0.0.0:41619, s2:0.0.0.0:44382], old=null
2019-09-26 09:49:42,433 INFO  impl.LeaderElection (LeaderElection.java:logAndReturn(56)) - s2@group-5BD3E7F27A57-LeaderElection89: Election DISCOVERED_A_NEW_TERM; received 1 response(s) [s2<-s0#0:FAIL-t220] and 0 exception(s); s2@group-5BD3E7F27A57:t219, leader=null, voted=s2, raftlog=s2@group-5BD3E7F27A57-SegmentedRaftLog:OPENED:c1,f3,i3, conf=3: [s0:0.0.0.0:41468, s1:0.0.0.0:41619, s2:0.0.0.0:44382], old=null
2019-09-26 09:49:42,433 INFO  impl.RaftServerImpl (RaftServerImpl.java:setRole(170)) - s2@group-5BD3E7F27A57: changes role from CANDIDATE to FOLLOWER at term 220 for DISCOVERED_A_NEW_TERM
2019-09-26 09:49:42,433 INFO  impl.RoleInfo (RoleInfo.java:shutdownLeaderElection(134)) - s2: shutdown LeaderElection
2019-09-26 09:49:42,433 INFO  impl.RoleInfo (RoleInfo.java:updateAndGet(143)) - s2: start FollowerState
2019-09-26 09:49:42,434 INFO  impl.LeaderElection (LeaderElection.java:askForVotes(178)) - s1@group-5BD3E7F27A57-LeaderElection87: begin an election at term 220 for 2: [s0:0.0.0.0:41468, s1:0.0.0.0:41619, s2:0.0.0.0:44382], old=null
2019-09-26 09:49:42,435 DEBUG impl.RaftServerImpl (RaftServerImpl.java:requestVote(743)) - s0@group-5BD3E7F27A57: receive requestVote(s1, group-5BD3E7F27A57, 220, (t:3, i:3))
2019-09-26 09:49:42,435 DEBUG impl.RaftServerImpl (RaftServerImpl.java:requestVote(775)) - s0@group-5BD3E7F27A57 replies to vote request: s1<-s0#0:FAIL-t220. Peer's state: s0@group-5BD3E7F27A57:t220, leader=null, voted=s0, raftlog=s0@group-5BD3E7F27A57-SegmentedRaftLog:OPENED:c3,f4,i4, conf=3: [s0:0.0.0.0:41468, s1:0.0.0.0:41619, s2:0.0.0.0:44382], old=null
2019-09-26 09:49:42,533 INFO  impl.LeaderElection (LeaderElection.java:logAndReturn(56)) - s0@group-5BD3E7F27A57-LeaderElection92: Election TIMEOUT; received 0 response(s) [] and 0 exception(s); s0@group-5BD3E7F27A57:t220, leader=null, voted=s0, raftlog=s0@group-5BD3E7F27A57-SegmentedRaftLog:OPENED:c3,f4,i4, conf=3: [s0:0.0.0.0:41468, s1:0.0.0.0:41619, s2:0.0.0.0:44382], old=null
2019-09-26 09:49:42,547 INFO  impl.LeaderElection (LeaderElection.java:askForVotes(178)) - s0@group-5BD3E7F27A57-LeaderElection92: begin an election at term 221 for 3: [s0:0.0.0.0:41468, s1:0.0.0.0:41619, s2:0.0.0.0:44382], old=null
2019-09-26 09:49:42,663 INFO  impl.FollowerState (FollowerState.java:run(108)) - s2@group-5BD3E7F27A57-FollowerState: change to CANDIDATE, lastRpcTime:229ms, electionTimeout:229ms
2019-09-26 09:49:42,663 INFO  impl.RoleInfo (RoleInfo.java:shutdownFollowerState(121)) - s2: shutdown FollowerState
2019-09-26 09:49:42,663 INFO  impl.RaftServerImpl (RaftServerImpl.java:setRole(170)) - s2@group-5BD3E7F27A57: changes role from  FOLLOWER to CANDIDATE at term 220 for changeToCandidate
2019-09-26 09:49:42,663 INFO  impl.RoleInfo (RoleInfo.java:updateAndGet(143)) - s2: start LeaderElection
2019-09-26 09:49:42,689 INFO  impl.LeaderElection (LeaderElection.java:askForVotes(178)) - s2@group-5BD3E7F27A57-LeaderElection93: begin an election at term 221 for 3: [s0:0.0.0.0:41468, s1:0.0.0.0:41619, s2:0.0.0.0:44382], old=null
2019-09-26 09:49:42,689 DEBUG impl.RaftServerImpl (RaftServerImpl.java:requestVote(743)) - s0@group-5BD3E7F27A57: receive requestVote(s2, group-5BD3E7F27A57, 221, (t:4, i:3))
2019-09-26 09:49:42,689 DEBUG impl.RaftServerImpl (RaftServerImpl.java:requestVote(775)) - s0@group-5BD3E7F27A57 replies to vote request: s2<-s0#0:FAIL-t221. Peer's state: s0@group-5BD3E7F27A57:t221, leader=null, voted=s0, raftlog=s0@group-5BD3E7F27A57-SegmentedRaftLog:OPENED:c3,f4,i4, conf=3: [s0:0.0.0.0:41468, s1:0.0.0.0:41619, s2:0.0.0.0:44382], old=null
2019-09-26 09:49:42,694 INFO  impl.LeaderElection (LeaderElection.java:logAndReturn(56)) - s1@group-5BD3E7F27A57-LeaderElection87: Election TIMEOUT; received 1 response(s) [s1<-s0#0:FAIL-t220] and 0 exception(s); s1@group-5BD3E7F27A57:t220, leader=null, voted=s1, raftlog=s1@group-5BD3E7F27A57-SegmentedRaftLog:OPENED:c2,f3,i3, conf=2: [s0:0.0.0.0:41468, s1:0.0.0.0:41619, s2:0.0.0.0:44382], old=null
2019-09-26 09:49:42,707 INFO  impl.LeaderElection (LeaderElection.java:askForVotes(178)) - s1@group-5BD3E7F27A57-LeaderElection87: begin an election at term 221 for 2: [s0:0.0.0.0:41468, s1:0.0.0.0:41619, s2:0.0.0.0:44382], old=null
2019-09-26 09:49:42,707 DEBUG impl.RaftServerImpl (RaftServerImpl.java:requestVote(743)) - s0@group-5BD3E7F27A57: receive requestVote(s1, group-5BD3E7F27A57, 221, (t:3, i:3))
2019-09-26 09:49:42,708 DEBUG impl.RaftServerImpl (RaftServerImpl.java:requestVote(775)) - s0@group-5BD3E7F27A57 replies to vote request: s1<-s0#0:FAIL-t221. Peer's state: s0@group-5BD3E7F27A57:t221, leader=null, voted=s0, raftlog=s0@group-5BD3E7F27A57-SegmentedRaftLog:OPENED:c3,f4,i4, conf=3: [s0:0.0.0.0:41468, s1:0.0.0.0:41619, s2:0.0.0.0:44382], old=null
2019-09-26 09:49:42,768 INFO  impl.LeaderElection (LeaderElection.java:logAndReturn(56)) - s0@group-5BD3E7F27A57-LeaderElection92: Election TIMEOUT; received 0 response(s) [] and 0 exception(s); s0@group-5BD3E7F27A57:t221, leader=null, voted=s0, raftlog=s0@group-5BD3E7F27A57-SegmentedRaftLog:OPENED:c3,f4,i4, conf=3: [s0:0.0.0.0:41468, s1:0.0.0.0:41619, s2:0.0.0.0:44382], old=null
2019-09-26 09:49:42,782 INFO  impl.LeaderElection (LeaderElection.java:askForVotes(178)) - s0@group-5BD3E7F27A57-LeaderElection92: begin an election at term 222 for 3: [s0:0.0.0.0:41468, s1:0.0.0.0:41619, s2:0.0.0.0:44382], old=null
2019-09-26 09:49:42,811 WARN  ratis.RaftTestUtil (JavaUtils.java:attempt(158)) - FAILED "waitForLeader-null-(expectLeader? true)", attempt #11/100: java.lang.IllegalStateException: No leader yet : printing ALL groups
  s0:  RUNNING CANDIDATE s0@group-5BD3E7F27A57:t222, leader=null, voted=s0, raftlog=s0@group-5BD3E7F27A57-SegmentedRaftLog:OPENED:c3,f4,i4, conf=3: [s0:0.0.0.0:41468, s1:0.0.0.0:41619, s2:0.0.0.0:44382], old=null RUNNING
  s1:  RUNNING CANDIDATE s1@group-5BD3E7F27A57:t221, leader=null, voted=s1, raftlog=s1@group-5BD3E7F27A57-SegmentedRaftLog:OPENED:c2,f3,i3, conf=2: [s0:0.0.0.0:41468, s1:0.0.0.0:41619, s2:0.0.0.0:44382], old=null RUNNING
  s2:  RUNNING CANDIDATE s2@group-5BD3E7F27A57:t221, leader=null, voted=s2, raftlog=s2@group-5BD3E7F27A57-SegmentedRaftLog:OPENED:c1,f3,i3, conf=3: [s0:0.0.0.0:41468, s1:0.0.0.0:41619, s2:0.0.0.0:44382], old=null RUNNING, sleep 450ms and then retry.
java.lang.IllegalStateException: No leader yet : printing ALL groups
  s0:  RUNNING CANDIDATE s0@group-5BD3E7F27A57:t222, leader=null, voted=s0, raftlog=s0@group-5BD3E7F27A57-SegmentedRaftLog:OPENED:c3,f4,i4, conf=3: [s0:0.0.0.0:41468, s1:0.0.0.0:41619, s2:0.0.0.0:44382], old=null RUNNING
  s1:  RUNNING CANDIDATE s1@group-5BD3E7F27A57:t221, leader=null, voted=s1, raftlog=s1@group-5BD3E7F27A57-SegmentedRaftLog:OPENED:c2,f3,i3, conf=2: [s0:0.0.0.0:41468, s1:0.0.0.0:41619, s2:0.0.0.0:44382], old=null RUNNING
  s2:  RUNNING CANDIDATE s2@group-5BD3E7F27A57:t221, leader=null, voted=s2, raftlog=s2@group-5BD3E7F27A57-SegmentedRaftLog:OPENED:c1,f3,i3, conf=3: [s0:0.0.0.0:41468, s1:0.0.0.0:41619, s2:0.0.0.0:44382], old=null RUNNING
	at org.apache.ratis.MiniRaftCluster.newIllegalStateExceptionForNoLeaders(MiniRaftCluster.java:506)
	at org.apache.ratis.RaftTestUtil.lambda$waitForLeader$1(RaftTestUtil.java:90)
	at org.apache.ratis.MiniRaftCluster.getLeader(MiniRaftCluster.java:539)
	at org.apache.ratis.MiniRaftCluster.getLeader(MiniRaftCluster.java:532)
	at org.apache.ratis.RaftTestUtil.lambda$waitForLeader$3(RaftTestUtil.java:98)
	at org.apache.ratis.util.JavaUtils.attempt(JavaUtils.java:152)
	at org.apache.ratis.RaftTestUtil.waitForLeader(RaftTestUtil.java:97)
	at org.apache.ratis.RaftTestUtil.waitForLeader(RaftTestUtil.java:77)
	at org.apache.ratis.RaftTestUtil.waitForLeader(RaftTestUtil.java:72)
	at org.apache.ratis.RaftTestUtil.lambda$changeLeader$7(RaftTestUtil.java:363)
	at org.apache.ratis.util.JavaUtils.attempt(JavaUtils.java:152)
	at org.apache.ratis.RaftTestUtil.changeLeader(RaftTestUtil.java:362)
	at org.apache.ratis.server.impl.LeaderElectionTests.testChangeLeader(LeaderElectionTests.java:81)
	at sun.reflect.NativeMethodAccessorImpl.invoke0(Native Method)
	at sun.reflect.NativeMethodAccessorImpl.invoke(NativeMethodAccessorImpl.java:62)
	at sun.reflect.DelegatingMethodAccessorImpl.invoke(DelegatingMethodAccessorImpl.java:43)
	at java.lang.reflect.Method.invoke(Method.java:498)
	at org.junit.runners.model.FrameworkMethod$1.runReflectiveCall(FrameworkMethod.java:50)
	at org.junit.internal.runners.model.ReflectiveCallable.run(ReflectiveCallable.java:12)
	at org.junit.runners.model.FrameworkMethod.invokeExplosively(FrameworkMethod.java:47)
	at org.junit.internal.runners.statements.InvokeMethod.evaluate(InvokeMethod.java:17)
	at org.junit.internal.runners.statements.RunAfters.evaluate(RunAfters.java:27)
	at org.junit.internal.runners.statements.FailOnTimeout$CallableStatement.call(FailOnTimeout.java:298)
	at org.junit.internal.runners.statements.FailOnTimeout$CallableStatement.call(FailOnTimeout.java:292)
	at java.util.concurrent.FutureTask.run(FutureTask.java:266)
	at java.lang.Thread.run(Thread.java:748)
2019-09-26 09:49:42,884 INFO  impl.LeaderElection (LeaderElection.java:logAndReturn(56)) - s2@group-5BD3E7F27A57-LeaderElection93: Election TIMEOUT; received 1 response(s) [s2<-s0#0:FAIL-t221] and 0 exception(s); s2@group-5BD3E7F27A57:t221, leader=null, voted=s2, raftlog=s2@group-5BD3E7F27A57-SegmentedRaftLog:OPENED:c1,f3,i3, conf=3: [s0:0.0.0.0:41468, s1:0.0.0.0:41619, s2:0.0.0.0:44382], old=null
2019-09-26 09:49:42,909 INFO  impl.LeaderElection (LeaderElection.java:askForVotes(178)) - s2@group-5BD3E7F27A57-LeaderElection93: begin an election at term 222 for 3: [s0:0.0.0.0:41468, s1:0.0.0.0:41619, s2:0.0.0.0:44382], old=null
2019-09-26 09:49:42,909 DEBUG impl.RaftServerImpl (RaftServerImpl.java:requestVote(743)) - s0@group-5BD3E7F27A57: receive requestVote(s2, group-5BD3E7F27A57, 222, (t:4, i:3))
2019-09-26 09:49:42,910 DEBUG impl.RaftServerImpl (RaftServerImpl.java:requestVote(775)) - s0@group-5BD3E7F27A57 replies to vote request: s2<-s0#0:FAIL-t222. Peer's state: s0@group-5BD3E7F27A57:t222, leader=null, voted=s0, raftlog=s0@group-5BD3E7F27A57-SegmentedRaftLog:OPENED:c3,f4,i4, conf=3: [s0:0.0.0.0:41468, s1:0.0.0.0:41619, s2:0.0.0.0:44382], old=null
2019-09-26 09:49:42,947 INFO  impl.LeaderElection (LeaderElection.java:logAndReturn(56)) - s0@group-5BD3E7F27A57-LeaderElection92: Election TIMEOUT; received 0 response(s) [] and 0 exception(s); s0@group-5BD3E7F27A57:t222, leader=null, voted=s0, raftlog=s0@group-5BD3E7F27A57-SegmentedRaftLog:OPENED:c3,f4,i4, conf=3: [s0:0.0.0.0:41468, s1:0.0.0.0:41619, s2:0.0.0.0:44382], old=null
2019-09-26 09:49:42,961 INFO  impl.LeaderElection (LeaderElection.java:askForVotes(178)) - s0@group-5BD3E7F27A57-LeaderElection92: begin an election at term 223 for 3: [s0:0.0.0.0:41468, s1:0.0.0.0:41619, s2:0.0.0.0:44382], old=null
2019-09-26 09:49:42,963 INFO  impl.LeaderElection (LeaderElection.java:logAndReturn(56)) - s1@group-5BD3E7F27A57-LeaderElection87: Election TIMEOUT; received 1 response(s) [s1<-s0#0:FAIL-t221] and 0 exception(s); s1@group-5BD3E7F27A57:t221, leader=null, voted=s1, raftlog=s1@group-5BD3E7F27A57-SegmentedRaftLog:OPENED:c2,f3,i3, conf=2: [s0:0.0.0.0:41468, s1:0.0.0.0:41619, s2:0.0.0.0:44382], old=null
2019-09-26 09:49:42,988 INFO  impl.LeaderElection (LeaderElection.java:askForVotes(178)) - s1@group-5BD3E7F27A57-LeaderElection87: begin an election at term 222 for 2: [s0:0.0.0.0:41468, s1:0.0.0.0:41619, s2:0.0.0.0:44382], old=null
2019-09-26 09:49:42,988 DEBUG impl.RaftServerImpl (RaftServerImpl.java:requestVote(743)) - s0@group-5BD3E7F27A57: receive requestVote(s1, group-5BD3E7F27A57, 222, (t:3, i:3))
2019-09-26 09:49:42,988 DEBUG impl.RaftServerImpl (RaftServerImpl.java:requestVote(775)) - s0@group-5BD3E7F27A57 replies to vote request: s1<-s0#0:FAIL-t223. Peer's state: s0@group-5BD3E7F27A57:t223, leader=null, voted=s0, raftlog=s0@group-5BD3E7F27A57-SegmentedRaftLog:OPENED:c3,f4,i4, conf=3: [s0:0.0.0.0:41468, s1:0.0.0.0:41619, s2:0.0.0.0:44382], old=null
2019-09-26 09:49:42,989 INFO  impl.LeaderElection (LeaderElection.java:logAndReturn(56)) - s1@group-5BD3E7F27A57-LeaderElection87: Election DISCOVERED_A_NEW_TERM; received 1 response(s) [s1<-s0#0:FAIL-t223] and 0 exception(s); s1@group-5BD3E7F27A57:t222, leader=null, voted=s1, raftlog=s1@group-5BD3E7F27A57-SegmentedRaftLog:OPENED:c2,f3,i3, conf=2: [s0:0.0.0.0:41468, s1:0.0.0.0:41619, s2:0.0.0.0:44382], old=null
2019-09-26 09:49:42,989 INFO  impl.RaftServerImpl (RaftServerImpl.java:setRole(170)) - s1@group-5BD3E7F27A57: changes role from CANDIDATE to FOLLOWER at term 223 for DISCOVERED_A_NEW_TERM
2019-09-26 09:49:42,989 INFO  impl.RoleInfo (RoleInfo.java:shutdownLeaderElection(134)) - s1: shutdown LeaderElection
2019-09-26 09:49:42,989 INFO  impl.RoleInfo (RoleInfo.java:updateAndGet(143)) - s1: start FollowerState
2019-09-26 09:49:43,100 INFO  impl.LeaderElection (LeaderElection.java:logAndReturn(56)) - s2@group-5BD3E7F27A57-LeaderElection93: Election TIMEOUT; received 1 response(s) [s2<-s0#0:FAIL-t222] and 0 exception(s); s2@group-5BD3E7F27A57:t222, leader=null, voted=s2, raftlog=s2@group-5BD3E7F27A57-SegmentedRaftLog:OPENED:c1,f3,i3, conf=3: [s0:0.0.0.0:41468, s1:0.0.0.0:41619, s2:0.0.0.0:44382], old=null
2019-09-26 09:49:43,113 INFO  impl.LeaderElection (LeaderElection.java:askForVotes(178)) - s2@group-5BD3E7F27A57-LeaderElection93: begin an election at term 223 for 3: [s0:0.0.0.0:41468, s1:0.0.0.0:41619, s2:0.0.0.0:44382], old=null
2019-09-26 09:49:43,114 DEBUG impl.RaftServerImpl (RaftServerImpl.java:requestVote(743)) - s0@group-5BD3E7F27A57: receive requestVote(s2, group-5BD3E7F27A57, 223, (t:4, i:3))
2019-09-26 09:49:43,114 DEBUG impl.RaftServerImpl (RaftServerImpl.java:requestVote(775)) - s0@group-5BD3E7F27A57 replies to vote request: s2<-s0#0:FAIL-t223. Peer's state: s0@group-5BD3E7F27A57:t223, leader=null, voted=s0, raftlog=s0@group-5BD3E7F27A57-SegmentedRaftLog:OPENED:c3,f4,i4, conf=3: [s0:0.0.0.0:41468, s1:0.0.0.0:41619, s2:0.0.0.0:44382], old=null
2019-09-26 09:49:43,157 INFO  impl.LeaderElection (LeaderElection.java:logAndReturn(56)) - s0@group-5BD3E7F27A57-LeaderElection92: Election TIMEOUT; received 0 response(s) [] and 0 exception(s); s0@group-5BD3E7F27A57:t223, leader=null, voted=s0, raftlog=s0@group-5BD3E7F27A57-SegmentedRaftLog:OPENED:c3,f4,i4, conf=3: [s0:0.0.0.0:41468, s1:0.0.0.0:41619, s2:0.0.0.0:44382], old=null
2019-09-26 09:49:43,170 INFO  impl.LeaderElection (LeaderElection.java:askForVotes(178)) - s0@group-5BD3E7F27A57-LeaderElection92: begin an election at term 224 for 3: [s0:0.0.0.0:41468, s1:0.0.0.0:41619, s2:0.0.0.0:44382], old=null
2019-09-26 09:49:43,250 INFO  impl.FollowerState (FollowerState.java:run(108)) - s1@group-5BD3E7F27A57-FollowerState: change to CANDIDATE, lastRpcTime:261ms, electionTimeout:261ms
2019-09-26 09:49:43,251 INFO  impl.RoleInfo (RoleInfo.java:shutdownFollowerState(121)) - s1: shutdown FollowerState
2019-09-26 09:49:43,251 INFO  impl.RaftServerImpl (RaftServerImpl.java:setRole(170)) - s1@group-5BD3E7F27A57: changes role from  FOLLOWER to CANDIDATE at term 223 for changeToCandidate
2019-09-26 09:49:43,251 INFO  impl.RoleInfo (RoleInfo.java:updateAndGet(143)) - s1: start LeaderElection
2019-09-26 09:49:43,262 WARN  ratis.RaftTestUtil (JavaUtils.java:attempt(158)) - FAILED "waitForLeader-null-(expectLeader? true)", attempt #12/100: java.lang.IllegalStateException: No leader yet : printing ALL groups
  s0:  RUNNING CANDIDATE s0@group-5BD3E7F27A57:t224, leader=null, voted=s0, raftlog=s0@group-5BD3E7F27A57-SegmentedRaftLog:OPENED:c3,f4,i4, conf=3: [s0:0.0.0.0:41468, s1:0.0.0.0:41619, s2:0.0.0.0:44382], old=null RUNNING
  s1:  RUNNING CANDIDATE s1@group-5BD3E7F27A57:t224, leader=null, voted=s1, raftlog=s1@group-5BD3E7F27A57-SegmentedRaftLog:OPENED:c2,f3,i3, conf=2: [s0:0.0.0.0:41468, s1:0.0.0.0:41619, s2:0.0.0.0:44382], old=null RUNNING
  s2:  RUNNING CANDIDATE s2@group-5BD3E7F27A57:t223, leader=null, voted=s2, raftlog=s2@group-5BD3E7F27A57-SegmentedRaftLog:OPENED:c1,f3,i3, conf=3: [s0:0.0.0.0:41468, s1:0.0.0.0:41619, s2:0.0.0.0:44382], old=null RUNNING, sleep 450ms and then retry.
java.lang.IllegalStateException: No leader yet : printing ALL groups
  s0:  RUNNING CANDIDATE s0@group-5BD3E7F27A57:t224, leader=null, voted=s0, raftlog=s0@group-5BD3E7F27A57-SegmentedRaftLog:OPENED:c3,f4,i4, conf=3: [s0:0.0.0.0:41468, s1:0.0.0.0:41619, s2:0.0.0.0:44382], old=null RUNNING
  s1:  RUNNING CANDIDATE s1@group-5BD3E7F27A57:t224, leader=null, voted=s1, raftlog=s1@group-5BD3E7F27A57-SegmentedRaftLog:OPENED:c2,f3,i3, conf=2: [s0:0.0.0.0:41468, s1:0.0.0.0:41619, s2:0.0.0.0:44382], old=null RUNNING
  s2:  RUNNING CANDIDATE s2@group-5BD3E7F27A57:t223, leader=null, voted=s2, raftlog=s2@group-5BD3E7F27A57-SegmentedRaftLog:OPENED:c1,f3,i3, conf=3: [s0:0.0.0.0:41468, s1:0.0.0.0:41619, s2:0.0.0.0:44382], old=null RUNNING
	at org.apache.ratis.MiniRaftCluster.newIllegalStateExceptionForNoLeaders(MiniRaftCluster.java:506)
	at org.apache.ratis.RaftTestUtil.lambda$waitForLeader$1(RaftTestUtil.java:90)
	at org.apache.ratis.MiniRaftCluster.getLeader(MiniRaftCluster.java:539)
	at org.apache.ratis.MiniRaftCluster.getLeader(MiniRaftCluster.java:532)
	at org.apache.ratis.RaftTestUtil.lambda$waitForLeader$3(RaftTestUtil.java:98)
	at org.apache.ratis.util.JavaUtils.attempt(JavaUtils.java:152)
	at org.apache.ratis.RaftTestUtil.waitForLeader(RaftTestUtil.java:97)
	at org.apache.ratis.RaftTestUtil.waitForLeader(RaftTestUtil.java:77)
	at org.apache.ratis.RaftTestUtil.waitForLeader(RaftTestUtil.java:72)
	at org.apache.ratis.RaftTestUtil.lambda$changeLeader$7(RaftTestUtil.java:363)
	at org.apache.ratis.util.JavaUtils.attempt(JavaUtils.java:152)
	at org.apache.ratis.RaftTestUtil.changeLeader(RaftTestUtil.java:362)
	at org.apache.ratis.server.impl.LeaderElectionTests.testChangeLeader(LeaderElectionTests.java:81)
	at sun.reflect.NativeMethodAccessorImpl.invoke0(Native Method)
	at sun.reflect.NativeMethodAccessorImpl.invoke(NativeMethodAccessorImpl.java:62)
	at sun.reflect.DelegatingMethodAccessorImpl.invoke(DelegatingMethodAccessorImpl.java:43)
	at java.lang.reflect.Method.invoke(Method.java:498)
	at org.junit.runners.model.FrameworkMethod$1.runReflectiveCall(FrameworkMethod.java:50)
	at org.junit.internal.runners.model.ReflectiveCallable.run(ReflectiveCallable.java:12)
	at org.junit.runners.model.FrameworkMethod.invokeExplosively(FrameworkMethod.java:47)
	at org.junit.internal.runners.statements.InvokeMethod.evaluate(InvokeMethod.java:17)
	at org.junit.internal.runners.statements.RunAfters.evaluate(RunAfters.java:27)
	at org.junit.internal.runners.statements.FailOnTimeout$CallableStatement.call(FailOnTimeout.java:298)
	at org.junit.internal.runners.statements.FailOnTimeout$CallableStatement.call(FailOnTimeout.java:292)
	at java.util.concurrent.FutureTask.run(FutureTask.java:266)
	at java.lang.Thread.run(Thread.java:748)
2019-09-26 09:49:43,277 INFO  impl.LeaderElection (LeaderElection.java:askForVotes(178)) - s1@group-5BD3E7F27A57-LeaderElection94: begin an election at term 224 for 2: [s0:0.0.0.0:41468, s1:0.0.0.0:41619, s2:0.0.0.0:44382], old=null
2019-09-26 09:49:43,278 DEBUG impl.RaftServerImpl (RaftServerImpl.java:requestVote(743)) - s0@group-5BD3E7F27A57: receive requestVote(s1, group-5BD3E7F27A57, 224, (t:3, i:3))
2019-09-26 09:49:43,278 DEBUG impl.RaftServerImpl (RaftServerImpl.java:requestVote(775)) - s0@group-5BD3E7F27A57 replies to vote request: s1<-s0#0:FAIL-t224. Peer's state: s0@group-5BD3E7F27A57:t224, leader=null, voted=s0, raftlog=s0@group-5BD3E7F27A57-SegmentedRaftLog:OPENED:c3,f4,i4, conf=3: [s0:0.0.0.0:41468, s1:0.0.0.0:41619, s2:0.0.0.0:44382], old=null
2019-09-26 09:49:43,304 INFO  impl.LeaderElection (LeaderElection.java:logAndReturn(56)) - s2@group-5BD3E7F27A57-LeaderElection93: Election TIMEOUT; received 1 response(s) [s2<-s0#0:FAIL-t223] and 0 exception(s); s2@group-5BD3E7F27A57:t223, leader=null, voted=s2, raftlog=s2@group-5BD3E7F27A57-SegmentedRaftLog:OPENED:c1,f3,i3, conf=3: [s0:0.0.0.0:41468, s1:0.0.0.0:41619, s2:0.0.0.0:44382], old=null
2019-09-26 09:49:43,326 INFO  impl.LeaderElection (LeaderElection.java:askForVotes(178)) - s2@group-5BD3E7F27A57-LeaderElection93: begin an election at term 224 for 3: [s0:0.0.0.0:41468, s1:0.0.0.0:41619, s2:0.0.0.0:44382], old=null
2019-09-26 09:49:43,327 DEBUG impl.RaftServerImpl (RaftServerImpl.java:requestVote(743)) - s0@group-5BD3E7F27A57: receive requestVote(s2, group-5BD3E7F27A57, 224, (t:4, i:3))
2019-09-26 09:49:43,327 DEBUG impl.RaftServerImpl (RaftServerImpl.java:requestVote(775)) - s0@group-5BD3E7F27A57 replies to vote request: s2<-s0#0:FAIL-t224. Peer's state: s0@group-5BD3E7F27A57:t224, leader=null, voted=s0, raftlog=s0@group-5BD3E7F27A57-SegmentedRaftLog:OPENED:c3,f4,i4, conf=3: [s0:0.0.0.0:41468, s1:0.0.0.0:41619, s2:0.0.0.0:44382], old=null
2019-09-26 09:49:43,392 INFO  impl.LeaderElection (LeaderElection.java:logAndReturn(56)) - s0@group-5BD3E7F27A57-LeaderElection92: Election TIMEOUT; received 0 response(s) [] and 0 exception(s); s0@group-5BD3E7F27A57:t224, leader=null, voted=s0, raftlog=s0@group-5BD3E7F27A57-SegmentedRaftLog:OPENED:c3,f4,i4, conf=3: [s0:0.0.0.0:41468, s1:0.0.0.0:41619, s2:0.0.0.0:44382], old=null
2019-09-26 09:49:43,405 INFO  impl.LeaderElection (LeaderElection.java:askForVotes(178)) - s0@group-5BD3E7F27A57-LeaderElection92: begin an election at term 225 for 3: [s0:0.0.0.0:41468, s1:0.0.0.0:41619, s2:0.0.0.0:44382], old=null
2019-09-26 09:49:43,534 INFO  impl.LeaderElection (LeaderElection.java:logAndReturn(56)) - s2@group-5BD3E7F27A57-LeaderElection93: Election TIMEOUT; received 1 response(s) [s2<-s0#0:FAIL-t224] and 0 exception(s); s2@group-5BD3E7F27A57:t224, leader=null, voted=s2, raftlog=s2@group-5BD3E7F27A57-SegmentedRaftLog:OPENED:c1,f3,i3, conf=3: [s0:0.0.0.0:41468, s1:0.0.0.0:41619, s2:0.0.0.0:44382], old=null
2019-09-26 09:49:43,537 INFO  impl.LeaderElection (LeaderElection.java:logAndReturn(56)) - s1@group-5BD3E7F27A57-LeaderElection94: Election TIMEOUT; received 1 response(s) [s1<-s0#0:FAIL-t224] and 0 exception(s); s1@group-5BD3E7F27A57:t224, leader=null, voted=s1, raftlog=s1@group-5BD3E7F27A57-SegmentedRaftLog:OPENED:c2,f3,i3, conf=2: [s0:0.0.0.0:41468, s1:0.0.0.0:41619, s2:0.0.0.0:44382], old=null
2019-09-26 09:49:43,548 INFO  impl.LeaderElection (LeaderElection.java:askForVotes(178)) - s1@group-5BD3E7F27A57-LeaderElection94: begin an election at term 225 for 2: [s0:0.0.0.0:41468, s1:0.0.0.0:41619, s2:0.0.0.0:44382], old=null
2019-09-26 09:49:43,548 INFO  impl.LeaderElection (LeaderElection.java:askForVotes(178)) - s2@group-5BD3E7F27A57-LeaderElection93: begin an election at term 225 for 3: [s0:0.0.0.0:41468, s1:0.0.0.0:41619, s2:0.0.0.0:44382], old=null
2019-09-26 09:49:43,548 DEBUG impl.RaftServerImpl (RaftServerImpl.java:requestVote(743)) - s0@group-5BD3E7F27A57: receive requestVote(s1, group-5BD3E7F27A57, 225, (t:3, i:3))
2019-09-26 09:49:43,549 DEBUG impl.RaftServerImpl (RaftServerImpl.java:requestVote(743)) - s0@group-5BD3E7F27A57: receive requestVote(s2, group-5BD3E7F27A57, 225, (t:4, i:3))
2019-09-26 09:49:43,549 DEBUG impl.RaftServerImpl (RaftServerImpl.java:requestVote(775)) - s0@group-5BD3E7F27A57 replies to vote request: s1<-s0#0:FAIL-t225. Peer's state: s0@group-5BD3E7F27A57:t225, leader=null, voted=s0, raftlog=s0@group-5BD3E7F27A57-SegmentedRaftLog:OPENED:c3,f4,i4, conf=3: [s0:0.0.0.0:41468, s1:0.0.0.0:41619, s2:0.0.0.0:44382], old=null
2019-09-26 09:49:43,549 DEBUG impl.RaftServerImpl (RaftServerImpl.java:requestVote(775)) - s0@group-5BD3E7F27A57 replies to vote request: s2<-s0#0:FAIL-t225. Peer's state: s0@group-5BD3E7F27A57:t225, leader=null, voted=s0, raftlog=s0@group-5BD3E7F27A57-SegmentedRaftLog:OPENED:c3,f4,i4, conf=3: [s0:0.0.0.0:41468, s1:0.0.0.0:41619, s2:0.0.0.0:44382], old=null
2019-09-26 09:49:43,571 INFO  impl.LeaderElection (LeaderElection.java:logAndReturn(56)) - s0@group-5BD3E7F27A57-LeaderElection92: Election TIMEOUT; received 0 response(s) [] and 0 exception(s); s0@group-5BD3E7F27A57:t225, leader=null, voted=s0, raftlog=s0@group-5BD3E7F27A57-SegmentedRaftLog:OPENED:c3,f4,i4, conf=3: [s0:0.0.0.0:41468, s1:0.0.0.0:41619, s2:0.0.0.0:44382], old=null
2019-09-26 09:49:43,583 INFO  impl.LeaderElection (LeaderElection.java:askForVotes(178)) - s0@group-5BD3E7F27A57-LeaderElection92: begin an election at term 226 for 3: [s0:0.0.0.0:41468, s1:0.0.0.0:41619, s2:0.0.0.0:44382], old=null
2019-09-26 09:49:43,706 INFO  impl.LeaderElection (LeaderElection.java:logAndReturn(56)) - s2@group-5BD3E7F27A57-LeaderElection93: Election TIMEOUT; received 1 response(s) [s2<-s0#0:FAIL-t225] and 0 exception(s); s2@group-5BD3E7F27A57:t225, leader=null, voted=s2, raftlog=s2@group-5BD3E7F27A57-SegmentedRaftLog:OPENED:c1,f3,i3, conf=3: [s0:0.0.0.0:41468, s1:0.0.0.0:41619, s2:0.0.0.0:44382], old=null
2019-09-26 09:49:43,713 WARN  ratis.RaftTestUtil (JavaUtils.java:attempt(158)) - FAILED "waitForLeader-null-(expectLeader? true)", attempt #13/100: java.lang.IllegalStateException: No leader yet : printing ALL groups
  s0:  RUNNING CANDIDATE s0@group-5BD3E7F27A57:t226, leader=null, voted=s0, raftlog=s0@group-5BD3E7F27A57-SegmentedRaftLog:OPENED:c3,f4,i4, conf=3: [s0:0.0.0.0:41468, s1:0.0.0.0:41619, s2:0.0.0.0:44382], old=null RUNNING
  s1:  RUNNING CANDIDATE s1@group-5BD3E7F27A57:t225, leader=null, voted=s1, raftlog=s1@group-5BD3E7F27A57-SegmentedRaftLog:OPENED:c2,f3,i3, conf=2: [s0:0.0.0.0:41468, s1:0.0.0.0:41619, s2:0.0.0.0:44382], old=null RUNNING
  s2:  RUNNING CANDIDATE s2@group-5BD3E7F27A57:t226, leader=null, voted=s2, raftlog=s2@group-5BD3E7F27A57-SegmentedRaftLog:OPENED:c1,f3,i3, conf=3: [s0:0.0.0.0:41468, s1:0.0.0.0:41619, s2:0.0.0.0:44382], old=null RUNNING, sleep 450ms and then retry.
java.lang.IllegalStateException: No leader yet : printing ALL groups
  s0:  RUNNING CANDIDATE s0@group-5BD3E7F27A57:t226, leader=null, voted=s0, raftlog=s0@group-5BD3E7F27A57-SegmentedRaftLog:OPENED:c3,f4,i4, conf=3: [s0:0.0.0.0:41468, s1:0.0.0.0:41619, s2:0.0.0.0:44382], old=null RUNNING
  s1:  RUNNING CANDIDATE s1@group-5BD3E7F27A57:t225, leader=null, voted=s1, raftlog=s1@group-5BD3E7F27A57-SegmentedRaftLog:OPENED:c2,f3,i3, conf=2: [s0:0.0.0.0:41468, s1:0.0.0.0:41619, s2:0.0.0.0:44382], old=null RUNNING
  s2:  RUNNING CANDIDATE s2@group-5BD3E7F27A57:t226, leader=null, voted=s2, raftlog=s2@group-5BD3E7F27A57-SegmentedRaftLog:OPENED:c1,f3,i3, conf=3: [s0:0.0.0.0:41468, s1:0.0.0.0:41619, s2:0.0.0.0:44382], old=null RUNNING
	at org.apache.ratis.MiniRaftCluster.newIllegalStateExceptionForNoLeaders(MiniRaftCluster.java:506)
	at org.apache.ratis.RaftTestUtil.lambda$waitForLeader$1(RaftTestUtil.java:90)
	at org.apache.ratis.MiniRaftCluster.getLeader(MiniRaftCluster.java:539)
	at org.apache.ratis.MiniRaftCluster.getLeader(MiniRaftCluster.java:532)
	at org.apache.ratis.RaftTestUtil.lambda$waitForLeader$3(RaftTestUtil.java:98)
	at org.apache.ratis.util.JavaUtils.attempt(JavaUtils.java:152)
	at org.apache.ratis.RaftTestUtil.waitForLeader(RaftTestUtil.java:97)
	at org.apache.ratis.RaftTestUtil.waitForLeader(RaftTestUtil.java:77)
	at org.apache.ratis.RaftTestUtil.waitForLeader(RaftTestUtil.java:72)
	at org.apache.ratis.RaftTestUtil.lambda$changeLeader$7(RaftTestUtil.java:363)
	at org.apache.ratis.util.JavaUtils.attempt(JavaUtils.java:152)
	at org.apache.ratis.RaftTestUtil.changeLeader(RaftTestUtil.java:362)
	at org.apache.ratis.server.impl.LeaderElectionTests.testChangeLeader(LeaderElectionTests.java:81)
	at sun.reflect.NativeMethodAccessorImpl.invoke0(Native Method)
	at sun.reflect.NativeMethodAccessorImpl.invoke(NativeMethodAccessorImpl.java:62)
	at sun.reflect.DelegatingMethodAccessorImpl.invoke(DelegatingMethodAccessorImpl.java:43)
	at java.lang.reflect.Method.invoke(Method.java:498)
	at org.junit.runners.model.FrameworkMethod$1.runReflectiveCall(FrameworkMethod.java:50)
	at org.junit.internal.runners.model.ReflectiveCallable.run(ReflectiveCallable.java:12)
	at org.junit.runners.model.FrameworkMethod.invokeExplosively(FrameworkMethod.java:47)
	at org.junit.internal.runners.statements.InvokeMethod.evaluate(InvokeMethod.java:17)
	at org.junit.internal.runners.statements.RunAfters.evaluate(RunAfters.java:27)
	at org.junit.internal.runners.statements.FailOnTimeout$CallableStatement.call(FailOnTimeout.java:298)
	at org.junit.internal.runners.statements.FailOnTimeout$CallableStatement.call(FailOnTimeout.java:292)
	at java.util.concurrent.FutureTask.run(FutureTask.java:266)
	at java.lang.Thread.run(Thread.java:748)
2019-09-26 09:49:43,719 INFO  impl.LeaderElection (LeaderElection.java:askForVotes(178)) - s2@group-5BD3E7F27A57-LeaderElection93: begin an election at term 226 for 3: [s0:0.0.0.0:41468, s1:0.0.0.0:41619, s2:0.0.0.0:44382], old=null
2019-09-26 09:49:43,720 DEBUG impl.RaftServerImpl (RaftServerImpl.java:requestVote(743)) - s0@group-5BD3E7F27A57: receive requestVote(s2, group-5BD3E7F27A57, 226, (t:4, i:3))
2019-09-26 09:49:43,720 DEBUG impl.RaftServerImpl (RaftServerImpl.java:requestVote(775)) - s0@group-5BD3E7F27A57 replies to vote request: s2<-s0#0:FAIL-t226. Peer's state: s0@group-5BD3E7F27A57:t226, leader=null, voted=s0, raftlog=s0@group-5BD3E7F27A57-SegmentedRaftLog:OPENED:c3,f4,i4, conf=3: [s0:0.0.0.0:41468, s1:0.0.0.0:41619, s2:0.0.0.0:44382], old=null
2019-09-26 09:49:43,767 INFO  impl.LeaderElection (LeaderElection.java:logAndReturn(56)) - s1@group-5BD3E7F27A57-LeaderElection94: Election TIMEOUT; received 1 response(s) [s1<-s0#0:FAIL-t225] and 0 exception(s); s1@group-5BD3E7F27A57:t225, leader=null, voted=s1, raftlog=s1@group-5BD3E7F27A57-SegmentedRaftLog:OPENED:c2,f3,i3, conf=2: [s0:0.0.0.0:41468, s1:0.0.0.0:41619, s2:0.0.0.0:44382], old=null
2019-09-26 09:49:43,780 INFO  impl.LeaderElection (LeaderElection.java:askForVotes(178)) - s1@group-5BD3E7F27A57-LeaderElection94: begin an election at term 226 for 2: [s0:0.0.0.0:41468, s1:0.0.0.0:41619, s2:0.0.0.0:44382], old=null
2019-09-26 09:49:43,781 DEBUG impl.RaftServerImpl (RaftServerImpl.java:requestVote(743)) - s0@group-5BD3E7F27A57: receive requestVote(s1, group-5BD3E7F27A57, 226, (t:3, i:3))
2019-09-26 09:49:43,781 DEBUG impl.RaftServerImpl (RaftServerImpl.java:requestVote(775)) - s0@group-5BD3E7F27A57 replies to vote request: s1<-s0#0:FAIL-t226. Peer's state: s0@group-5BD3E7F27A57:t226, leader=null, voted=s0, raftlog=s0@group-5BD3E7F27A57-SegmentedRaftLog:OPENED:c3,f4,i4, conf=3: [s0:0.0.0.0:41468, s1:0.0.0.0:41619, s2:0.0.0.0:44382], old=null
2019-09-26 09:49:43,813 INFO  impl.LeaderElection (LeaderElection.java:logAndReturn(56)) - s0@group-5BD3E7F27A57-LeaderElection92: Election TIMEOUT; received 0 response(s) [] and 0 exception(s); s0@group-5BD3E7F27A57:t226, leader=null, voted=s0, raftlog=s0@group-5BD3E7F27A57-SegmentedRaftLog:OPENED:c3,f4,i4, conf=3: [s0:0.0.0.0:41468, s1:0.0.0.0:41619, s2:0.0.0.0:44382], old=null
2019-09-26 09:49:43,820 INFO  impl.LeaderElection (LeaderElection.java:askForVotes(178)) - s0@group-5BD3E7F27A57-LeaderElection92: begin an election at term 227 for 3: [s0:0.0.0.0:41468, s1:0.0.0.0:41619, s2:0.0.0.0:44382], old=null
2019-09-26 09:49:43,972 INFO  impl.LeaderElection (LeaderElection.java:logAndReturn(56)) - s2@group-5BD3E7F27A57-LeaderElection93: Election TIMEOUT; received 1 response(s) [s2<-s0#0:FAIL-t226] and 0 exception(s); s2@group-5BD3E7F27A57:t226, leader=null, voted=s2, raftlog=s2@group-5BD3E7F27A57-SegmentedRaftLog:OPENED:c1,f3,i3, conf=3: [s0:0.0.0.0:41468, s1:0.0.0.0:41619, s2:0.0.0.0:44382], old=null
2019-09-26 09:49:43,983 INFO  impl.LeaderElection (LeaderElection.java:askForVotes(178)) - s2@group-5BD3E7F27A57-LeaderElection93: begin an election at term 227 for 3: [s0:0.0.0.0:41468, s1:0.0.0.0:41619, s2:0.0.0.0:44382], old=null
2019-09-26 09:49:43,984 DEBUG impl.RaftServerImpl (RaftServerImpl.java:requestVote(743)) - s0@group-5BD3E7F27A57: receive requestVote(s2, group-5BD3E7F27A57, 227, (t:4, i:3))
2019-09-26 09:49:43,984 DEBUG impl.RaftServerImpl (RaftServerImpl.java:requestVote(775)) - s0@group-5BD3E7F27A57 replies to vote request: s2<-s0#0:FAIL-t227. Peer's state: s0@group-5BD3E7F27A57:t227, leader=null, voted=s0, raftlog=s0@group-5BD3E7F27A57-SegmentedRaftLog:OPENED:c3,f4,i4, conf=3: [s0:0.0.0.0:41468, s1:0.0.0.0:41619, s2:0.0.0.0:44382], old=null
2019-09-26 09:49:43,988 INFO  impl.LeaderElection (LeaderElection.java:logAndReturn(56)) - s1@group-5BD3E7F27A57-LeaderElection94: Election TIMEOUT; received 1 response(s) [s1<-s0#0:FAIL-t226] and 0 exception(s); s1@group-5BD3E7F27A57:t226, leader=null, voted=s1, raftlog=s1@group-5BD3E7F27A57-SegmentedRaftLog:OPENED:c2,f3,i3, conf=2: [s0:0.0.0.0:41468, s1:0.0.0.0:41619, s2:0.0.0.0:44382], old=null
2019-09-26 09:49:43,998 INFO  impl.LeaderElection (LeaderElection.java:askForVotes(178)) - s1@group-5BD3E7F27A57-LeaderElection94: begin an election at term 227 for 2: [s0:0.0.0.0:41468, s1:0.0.0.0:41619, s2:0.0.0.0:44382], old=null
2019-09-26 09:49:43,998 DEBUG impl.RaftServerImpl (RaftServerImpl.java:requestVote(743)) - s0@group-5BD3E7F27A57: receive requestVote(s1, group-5BD3E7F27A57, 227, (t:3, i:3))
2019-09-26 09:49:43,999 DEBUG impl.RaftServerImpl (RaftServerImpl.java:requestVote(775)) - s0@group-5BD3E7F27A57 replies to vote request: s1<-s0#0:FAIL-t227. Peer's state: s0@group-5BD3E7F27A57:t227, leader=null, voted=s0, raftlog=s0@group-5BD3E7F27A57-SegmentedRaftLog:OPENED:c3,f4,i4, conf=3: [s0:0.0.0.0:41468, s1:0.0.0.0:41619, s2:0.0.0.0:44382], old=null
2019-09-26 09:49:44,119 INFO  impl.LeaderElection (LeaderElection.java:logAndReturn(56)) - s0@group-5BD3E7F27A57-LeaderElection92: Election TIMEOUT; received 0 response(s) [] and 0 exception(s); s0@group-5BD3E7F27A57:t227, leader=null, voted=s0, raftlog=s0@group-5BD3E7F27A57-SegmentedRaftLog:OPENED:c3,f4,i4, conf=3: [s0:0.0.0.0:41468, s1:0.0.0.0:41619, s2:0.0.0.0:44382], old=null
2019-09-26 09:49:44,144 INFO  impl.LeaderElection (LeaderElection.java:askForVotes(178)) - s0@group-5BD3E7F27A57-LeaderElection92: begin an election at term 228 for 3: [s0:0.0.0.0:41468, s1:0.0.0.0:41619, s2:0.0.0.0:44382], old=null
2019-09-26 09:49:44,152 INFO  impl.LeaderElection (LeaderElection.java:logAndReturn(56)) - s1@group-5BD3E7F27A57-LeaderElection94: Election TIMEOUT; received 1 response(s) [s1<-s0#0:FAIL-t227] and 0 exception(s); s1@group-5BD3E7F27A57:t227, leader=null, voted=s1, raftlog=s1@group-5BD3E7F27A57-SegmentedRaftLog:OPENED:c2,f3,i3, conf=2: [s0:0.0.0.0:41468, s1:0.0.0.0:41619, s2:0.0.0.0:44382], old=null
2019-09-26 09:49:44,164 WARN  ratis.RaftTestUtil (JavaUtils.java:attempt(158)) - FAILED "waitForLeader-null-(expectLeader? true)", attempt #14/100: java.lang.IllegalStateException: No leader yet : printing ALL groups
  s0:  RUNNING CANDIDATE s0@group-5BD3E7F27A57:t228, leader=null, voted=s0, raftlog=s0@group-5BD3E7F27A57-SegmentedRaftLog:OPENED:c3,f4,i4, conf=3: [s0:0.0.0.0:41468, s1:0.0.0.0:41619, s2:0.0.0.0:44382], old=null RUNNING
  s1:  RUNNING CANDIDATE s1@group-5BD3E7F27A57:t228, leader=null, voted=s1, raftlog=s1@group-5BD3E7F27A57-SegmentedRaftLog:OPENED:c2,f3,i3, conf=2: [s0:0.0.0.0:41468, s1:0.0.0.0:41619, s2:0.0.0.0:44382], old=null RUNNING
  s2:  RUNNING CANDIDATE s2@group-5BD3E7F27A57:t227, leader=null, voted=s2, raftlog=s2@group-5BD3E7F27A57-SegmentedRaftLog:OPENED:c1,f3,i3, conf=3: [s0:0.0.0.0:41468, s1:0.0.0.0:41619, s2:0.0.0.0:44382], old=null RUNNING, sleep 450ms and then retry.
java.lang.IllegalStateException: No leader yet : printing ALL groups
  s0:  RUNNING CANDIDATE s0@group-5BD3E7F27A57:t228, leader=null, voted=s0, raftlog=s0@group-5BD3E7F27A57-SegmentedRaftLog:OPENED:c3,f4,i4, conf=3: [s0:0.0.0.0:41468, s1:0.0.0.0:41619, s2:0.0.0.0:44382], old=null RUNNING
  s1:  RUNNING CANDIDATE s1@group-5BD3E7F27A57:t228, leader=null, voted=s1, raftlog=s1@group-5BD3E7F27A57-SegmentedRaftLog:OPENED:c2,f3,i3, conf=2: [s0:0.0.0.0:41468, s1:0.0.0.0:41619, s2:0.0.0.0:44382], old=null RUNNING
  s2:  RUNNING CANDIDATE s2@group-5BD3E7F27A57:t227, leader=null, voted=s2, raftlog=s2@group-5BD3E7F27A57-SegmentedRaftLog:OPENED:c1,f3,i3, conf=3: [s0:0.0.0.0:41468, s1:0.0.0.0:41619, s2:0.0.0.0:44382], old=null RUNNING
	at org.apache.ratis.MiniRaftCluster.newIllegalStateExceptionForNoLeaders(MiniRaftCluster.java:506)
	at org.apache.ratis.RaftTestUtil.lambda$waitForLeader$1(RaftTestUtil.java:90)
	at org.apache.ratis.MiniRaftCluster.getLeader(MiniRaftCluster.java:539)
	at org.apache.ratis.MiniRaftCluster.getLeader(MiniRaftCluster.java:532)
	at org.apache.ratis.RaftTestUtil.lambda$waitForLeader$3(RaftTestUtil.java:98)
	at org.apache.ratis.util.JavaUtils.attempt(JavaUtils.java:152)
	at org.apache.ratis.RaftTestUtil.waitForLeader(RaftTestUtil.java:97)
	at org.apache.ratis.RaftTestUtil.waitForLeader(RaftTestUtil.java:77)
	at org.apache.ratis.RaftTestUtil.waitForLeader(RaftTestUtil.java:72)
	at org.apache.ratis.RaftTestUtil.lambda$changeLeader$7(RaftTestUtil.java:363)
	at org.apache.ratis.util.JavaUtils.attempt(JavaUtils.java:152)
	at org.apache.ratis.RaftTestUtil.changeLeader(RaftTestUtil.java:362)
	at org.apache.ratis.server.impl.LeaderElectionTests.testChangeLeader(LeaderElectionTests.java:81)
	at sun.reflect.NativeMethodAccessorImpl.invoke0(Native Method)
	at sun.reflect.NativeMethodAccessorImpl.invoke(NativeMethodAccessorImpl.java:62)
	at sun.reflect.DelegatingMethodAccessorImpl.invoke(DelegatingMethodAccessorImpl.java:43)
	at java.lang.reflect.Method.invoke(Method.java:498)
	at org.junit.runners.model.FrameworkMethod$1.runReflectiveCall(FrameworkMethod.java:50)
	at org.junit.internal.runners.model.ReflectiveCallable.run(ReflectiveCallable.java:12)
	at org.junit.runners.model.FrameworkMethod.invokeExplosively(FrameworkMethod.java:47)
	at org.junit.internal.runners.statements.InvokeMethod.evaluate(InvokeMethod.java:17)
	at org.junit.internal.runners.statements.RunAfters.evaluate(RunAfters.java:27)
	at org.junit.internal.runners.statements.FailOnTimeout$CallableStatement.call(FailOnTimeout.java:298)
	at org.junit.internal.runners.statements.FailOnTimeout$CallableStatement.call(FailOnTimeout.java:292)
	at java.util.concurrent.FutureTask.run(FutureTask.java:266)
	at java.lang.Thread.run(Thread.java:748)
2019-09-26 09:49:44,173 INFO  impl.LeaderElection (LeaderElection.java:logAndReturn(56)) - s2@group-5BD3E7F27A57-LeaderElection93: Election TIMEOUT; received 1 response(s) [s2<-s0#0:FAIL-t227] and 0 exception(s); s2@group-5BD3E7F27A57:t227, leader=null, voted=s2, raftlog=s2@group-5BD3E7F27A57-SegmentedRaftLog:OPENED:c1,f3,i3, conf=3: [s0:0.0.0.0:41468, s1:0.0.0.0:41619, s2:0.0.0.0:44382], old=null
2019-09-26 09:49:44,174 INFO  impl.LeaderElection (LeaderElection.java:askForVotes(178)) - s1@group-5BD3E7F27A57-LeaderElection94: begin an election at term 228 for 2: [s0:0.0.0.0:41468, s1:0.0.0.0:41619, s2:0.0.0.0:44382], old=null
2019-09-26 09:49:44,174 DEBUG impl.RaftServerImpl (RaftServerImpl.java:requestVote(743)) - s0@group-5BD3E7F27A57: receive requestVote(s1, group-5BD3E7F27A57, 228, (t:3, i:3))
2019-09-26 09:49:44,175 DEBUG impl.RaftServerImpl (RaftServerImpl.java:requestVote(775)) - s0@group-5BD3E7F27A57 replies to vote request: s1<-s0#0:FAIL-t228. Peer's state: s0@group-5BD3E7F27A57:t228, leader=null, voted=s0, raftlog=s0@group-5BD3E7F27A57-SegmentedRaftLog:OPENED:c3,f4,i4, conf=3: [s0:0.0.0.0:41468, s1:0.0.0.0:41619, s2:0.0.0.0:44382], old=null
2019-09-26 09:49:44,176 INFO  impl.LeaderElection (LeaderElection.java:askForVotes(178)) - s2@group-5BD3E7F27A57-LeaderElection93: begin an election at term 228 for 3: [s0:0.0.0.0:41468, s1:0.0.0.0:41619, s2:0.0.0.0:44382], old=null
2019-09-26 09:49:44,176 DEBUG impl.RaftServerImpl (RaftServerImpl.java:requestVote(743)) - s0@group-5BD3E7F27A57: receive requestVote(s2, group-5BD3E7F27A57, 228, (t:4, i:3))
2019-09-26 09:49:44,176 DEBUG impl.RaftServerImpl (RaftServerImpl.java:requestVote(775)) - s0@group-5BD3E7F27A57 replies to vote request: s2<-s0#0:FAIL-t228. Peer's state: s0@group-5BD3E7F27A57:t228, leader=null, voted=s0, raftlog=s0@group-5BD3E7F27A57-SegmentedRaftLog:OPENED:c3,f4,i4, conf=3: [s0:0.0.0.0:41468, s1:0.0.0.0:41619, s2:0.0.0.0:44382], old=null
2019-09-26 09:49:44,312 INFO  impl.LeaderElection (LeaderElection.java:logAndReturn(56)) - s0@group-5BD3E7F27A57-LeaderElection92: Election TIMEOUT; received 0 response(s) [] and 0 exception(s); s0@group-5BD3E7F27A57:t228, leader=null, voted=s0, raftlog=s0@group-5BD3E7F27A57-SegmentedRaftLog:OPENED:c3,f4,i4, conf=3: [s0:0.0.0.0:41468, s1:0.0.0.0:41619, s2:0.0.0.0:44382], old=null
2019-09-26 09:49:44,338 INFO  impl.LeaderElection (LeaderElection.java:askForVotes(178)) - s0@group-5BD3E7F27A57-LeaderElection92: begin an election at term 229 for 3: [s0:0.0.0.0:41468, s1:0.0.0.0:41619, s2:0.0.0.0:44382], old=null
2019-09-26 09:49:44,398 INFO  impl.LeaderElection (LeaderElection.java:logAndReturn(56)) - s2@group-5BD3E7F27A57-LeaderElection93: Election TIMEOUT; received 1 response(s) [s2<-s0#0:FAIL-t228] and 0 exception(s); s2@group-5BD3E7F27A57:t228, leader=null, voted=s2, raftlog=s2@group-5BD3E7F27A57-SegmentedRaftLog:OPENED:c1,f3,i3, conf=3: [s0:0.0.0.0:41468, s1:0.0.0.0:41619, s2:0.0.0.0:44382], old=null
2019-09-26 09:49:44,409 INFO  impl.LeaderElection (LeaderElection.java:askForVotes(178)) - s2@group-5BD3E7F27A57-LeaderElection93: begin an election at term 229 for 3: [s0:0.0.0.0:41468, s1:0.0.0.0:41619, s2:0.0.0.0:44382], old=null
2019-09-26 09:49:44,409 DEBUG impl.RaftServerImpl (RaftServerImpl.java:requestVote(743)) - s0@group-5BD3E7F27A57: receive requestVote(s2, group-5BD3E7F27A57, 229, (t:4, i:3))
2019-09-26 09:49:44,409 DEBUG impl.RaftServerImpl (RaftServerImpl.java:requestVote(775)) - s0@group-5BD3E7F27A57 replies to vote request: s2<-s0#0:FAIL-t229. Peer's state: s0@group-5BD3E7F27A57:t229, leader=null, voted=s0, raftlog=s0@group-5BD3E7F27A57-SegmentedRaftLog:OPENED:c3,f4,i4, conf=3: [s0:0.0.0.0:41468, s1:0.0.0.0:41619, s2:0.0.0.0:44382], old=null
2019-09-26 09:49:44,411 INFO  impl.LeaderElection (LeaderElection.java:logAndReturn(56)) - s1@group-5BD3E7F27A57-LeaderElection94: Election TIMEOUT; received 1 response(s) [s1<-s0#0:FAIL-t228] and 0 exception(s); s1@group-5BD3E7F27A57:t228, leader=null, voted=s1, raftlog=s1@group-5BD3E7F27A57-SegmentedRaftLog:OPENED:c2,f3,i3, conf=2: [s0:0.0.0.0:41468, s1:0.0.0.0:41619, s2:0.0.0.0:44382], old=null
2019-09-26 09:49:44,430 INFO  impl.LeaderElection (LeaderElection.java:askForVotes(178)) - s1@group-5BD3E7F27A57-LeaderElection94: begin an election at term 229 for 2: [s0:0.0.0.0:41468, s1:0.0.0.0:41619, s2:0.0.0.0:44382], old=null
2019-09-26 09:49:44,431 DEBUG impl.RaftServerImpl (RaftServerImpl.java:requestVote(743)) - s0@group-5BD3E7F27A57: receive requestVote(s1, group-5BD3E7F27A57, 229, (t:3, i:3))
2019-09-26 09:49:44,431 DEBUG impl.RaftServerImpl (RaftServerImpl.java:requestVote(775)) - s0@group-5BD3E7F27A57 replies to vote request: s1<-s0#0:FAIL-t229. Peer's state: s0@group-5BD3E7F27A57:t229, leader=null, voted=s0, raftlog=s0@group-5BD3E7F27A57-SegmentedRaftLog:OPENED:c3,f4,i4, conf=3: [s0:0.0.0.0:41468, s1:0.0.0.0:41619, s2:0.0.0.0:44382], old=null
2019-09-26 09:49:44,564 INFO  impl.LeaderElection (LeaderElection.java:logAndReturn(56)) - s0@group-5BD3E7F27A57-LeaderElection92: Election TIMEOUT; received 0 response(s) [] and 0 exception(s); s0@group-5BD3E7F27A57:t229, leader=null, voted=s0, raftlog=s0@group-5BD3E7F27A57-SegmentedRaftLog:OPENED:c3,f4,i4, conf=3: [s0:0.0.0.0:41468, s1:0.0.0.0:41619, s2:0.0.0.0:44382], old=null
2019-09-26 09:49:44,576 INFO  impl.LeaderElection (LeaderElection.java:askForVotes(178)) - s0@group-5BD3E7F27A57-LeaderElection92: begin an election at term 230 for 3: [s0:0.0.0.0:41468, s1:0.0.0.0:41619, s2:0.0.0.0:44382], old=null
2019-09-26 09:49:44,582 INFO  impl.LeaderElection (LeaderElection.java:logAndReturn(56)) - s1@group-5BD3E7F27A57-LeaderElection94: Election TIMEOUT; received 1 response(s) [s1<-s0#0:FAIL-t229] and 0 exception(s); s1@group-5BD3E7F27A57:t229, leader=null, voted=s1, raftlog=s1@group-5BD3E7F27A57-SegmentedRaftLog:OPENED:c2,f3,i3, conf=2: [s0:0.0.0.0:41468, s1:0.0.0.0:41619, s2:0.0.0.0:44382], old=null
2019-09-26 09:49:44,587 INFO  impl.LeaderElection (LeaderElection.java:logAndReturn(56)) - s2@group-5BD3E7F27A57-LeaderElection93: Election TIMEOUT; received 1 response(s) [s2<-s0#0:FAIL-t229] and 0 exception(s); s2@group-5BD3E7F27A57:t229, leader=null, voted=s2, raftlog=s2@group-5BD3E7F27A57-SegmentedRaftLog:OPENED:c1,f3,i3, conf=3: [s0:0.0.0.0:41468, s1:0.0.0.0:41619, s2:0.0.0.0:44382], old=null
2019-09-26 09:49:44,595 INFO  impl.LeaderElection (LeaderElection.java:askForVotes(178)) - s1@group-5BD3E7F27A57-LeaderElection94: begin an election at term 230 for 2: [s0:0.0.0.0:41468, s1:0.0.0.0:41619, s2:0.0.0.0:44382], old=null
2019-09-26 09:49:44,595 INFO  impl.LeaderElection (LeaderElection.java:askForVotes(178)) - s2@group-5BD3E7F27A57-LeaderElection93: begin an election at term 230 for 3: [s0:0.0.0.0:41468, s1:0.0.0.0:41619, s2:0.0.0.0:44382], old=null
2019-09-26 09:49:44,596 DEBUG impl.RaftServerImpl (RaftServerImpl.java:requestVote(743)) - s0@group-5BD3E7F27A57: receive requestVote(s1, group-5BD3E7F27A57, 230, (t:3, i:3))
2019-09-26 09:49:44,596 DEBUG impl.RaftServerImpl (RaftServerImpl.java:requestVote(743)) - s0@group-5BD3E7F27A57: receive requestVote(s2, group-5BD3E7F27A57, 230, (t:4, i:3))
2019-09-26 09:49:44,596 DEBUG impl.RaftServerImpl (RaftServerImpl.java:requestVote(775)) - s0@group-5BD3E7F27A57 replies to vote request: s1<-s0#0:FAIL-t230. Peer's state: s0@group-5BD3E7F27A57:t230, leader=null, voted=s0, raftlog=s0@group-5BD3E7F27A57-SegmentedRaftLog:OPENED:c3,f4,i4, conf=3: [s0:0.0.0.0:41468, s1:0.0.0.0:41619, s2:0.0.0.0:44382], old=null
2019-09-26 09:49:44,596 DEBUG impl.RaftServerImpl (RaftServerImpl.java:requestVote(775)) - s0@group-5BD3E7F27A57 replies to vote request: s2<-s0#0:FAIL-t230. Peer's state: s0@group-5BD3E7F27A57:t230, leader=null, voted=s0, raftlog=s0@group-5BD3E7F27A57-SegmentedRaftLog:OPENED:c3,f4,i4, conf=3: [s0:0.0.0.0:41468, s1:0.0.0.0:41619, s2:0.0.0.0:44382], old=null
2019-09-26 09:49:44,616 WARN  ratis.RaftTestUtil (JavaUtils.java:attempt(158)) - FAILED "waitForLeader-null-(expectLeader? true)", attempt #15/100: java.lang.IllegalStateException: No leader yet : printing ALL groups
  s0:  RUNNING CANDIDATE s0@group-5BD3E7F27A57:t230, leader=null, voted=s0, raftlog=s0@group-5BD3E7F27A57-SegmentedRaftLog:OPENED:c3,f4,i4, conf=3: [s0:0.0.0.0:41468, s1:0.0.0.0:41619, s2:0.0.0.0:44382], old=null RUNNING
  s1:  RUNNING CANDIDATE s1@group-5BD3E7F27A57:t230, leader=null, voted=s1, raftlog=s1@group-5BD3E7F27A57-SegmentedRaftLog:OPENED:c2,f3,i3, conf=2: [s0:0.0.0.0:41468, s1:0.0.0.0:41619, s2:0.0.0.0:44382], old=null RUNNING
  s2:  RUNNING CANDIDATE s2@group-5BD3E7F27A57:t230, leader=null, voted=s2, raftlog=s2@group-5BD3E7F27A57-SegmentedRaftLog:OPENED:c1,f3,i3, conf=3: [s0:0.0.0.0:41468, s1:0.0.0.0:41619, s2:0.0.0.0:44382], old=null RUNNING, sleep 450ms and then retry.
java.lang.IllegalStateException: No leader yet : printing ALL groups
  s0:  RUNNING CANDIDATE s0@group-5BD3E7F27A57:t230, leader=null, voted=s0, raftlog=s0@group-5BD3E7F27A57-SegmentedRaftLog:OPENED:c3,f4,i4, conf=3: [s0:0.0.0.0:41468, s1:0.0.0.0:41619, s2:0.0.0.0:44382], old=null RUNNING
  s1:  RUNNING CANDIDATE s1@group-5BD3E7F27A57:t230, leader=null, voted=s1, raftlog=s1@group-5BD3E7F27A57-SegmentedRaftLog:OPENED:c2,f3,i3, conf=2: [s0:0.0.0.0:41468, s1:0.0.0.0:41619, s2:0.0.0.0:44382], old=null RUNNING
  s2:  RUNNING CANDIDATE s2@group-5BD3E7F27A57:t230, leader=null, voted=s2, raftlog=s2@group-5BD3E7F27A57-SegmentedRaftLog:OPENED:c1,f3,i3, conf=3: [s0:0.0.0.0:41468, s1:0.0.0.0:41619, s2:0.0.0.0:44382], old=null RUNNING
	at org.apache.ratis.MiniRaftCluster.newIllegalStateExceptionForNoLeaders(MiniRaftCluster.java:506)
	at org.apache.ratis.RaftTestUtil.lambda$waitForLeader$1(RaftTestUtil.java:90)
	at org.apache.ratis.MiniRaftCluster.getLeader(MiniRaftCluster.java:539)
	at org.apache.ratis.MiniRaftCluster.getLeader(MiniRaftCluster.java:532)
	at org.apache.ratis.RaftTestUtil.lambda$waitForLeader$3(RaftTestUtil.java:98)
	at org.apache.ratis.util.JavaUtils.attempt(JavaUtils.java:152)
	at org.apache.ratis.RaftTestUtil.waitForLeader(RaftTestUtil.java:97)
	at org.apache.ratis.RaftTestUtil.waitForLeader(RaftTestUtil.java:77)
	at org.apache.ratis.RaftTestUtil.waitForLeader(RaftTestUtil.java:72)
	at org.apache.ratis.RaftTestUtil.lambda$changeLeader$7(RaftTestUtil.java:363)
	at org.apache.ratis.util.JavaUtils.attempt(JavaUtils.java:152)
	at org.apache.ratis.RaftTestUtil.changeLeader(RaftTestUtil.java:362)
	at org.apache.ratis.server.impl.LeaderElectionTests.testChangeLeader(LeaderElectionTests.java:81)
	at sun.reflect.NativeMethodAccessorImpl.invoke0(Native Method)
	at sun.reflect.NativeMethodAccessorImpl.invoke(NativeMethodAccessorImpl.java:62)
	at sun.reflect.DelegatingMethodAccessorImpl.invoke(DelegatingMethodAccessorImpl.java:43)
	at java.lang.reflect.Method.invoke(Method.java:498)
	at org.junit.runners.model.FrameworkMethod$1.runReflectiveCall(FrameworkMethod.java:50)
	at org.junit.internal.runners.model.ReflectiveCallable.run(ReflectiveCallable.java:12)
	at org.junit.runners.model.FrameworkMethod.invokeExplosively(FrameworkMethod.java:47)
	at org.junit.internal.runners.statements.InvokeMethod.evaluate(InvokeMethod.java:17)
	at org.junit.internal.runners.statements.RunAfters.evaluate(RunAfters.java:27)
	at org.junit.internal.runners.statements.FailOnTimeout$CallableStatement.call(FailOnTimeout.java:298)
	at org.junit.internal.runners.statements.FailOnTimeout$CallableStatement.call(FailOnTimeout.java:292)
	at java.util.concurrent.FutureTask.run(FutureTask.java:266)
	at java.lang.Thread.run(Thread.java:748)
2019-09-26 09:49:44,754 INFO  impl.LeaderElection (LeaderElection.java:logAndReturn(56)) - s2@group-5BD3E7F27A57-LeaderElection93: Election TIMEOUT; received 1 response(s) [s2<-s0#0:FAIL-t230] and 0 exception(s); s2@group-5BD3E7F27A57:t230, leader=null, voted=s2, raftlog=s2@group-5BD3E7F27A57-SegmentedRaftLog:OPENED:c1,f3,i3, conf=3: [s0:0.0.0.0:41468, s1:0.0.0.0:41619, s2:0.0.0.0:44382], old=null
2019-09-26 09:49:44,757 INFO  impl.LeaderElection (LeaderElection.java:askForVotes(178)) - s2@group-5BD3E7F27A57-LeaderElection93: begin an election at term 231 for 3: [s0:0.0.0.0:41468, s1:0.0.0.0:41619, s2:0.0.0.0:44382], old=null
2019-09-26 09:49:44,758 DEBUG impl.RaftServerImpl (RaftServerImpl.java:requestVote(743)) - s0@group-5BD3E7F27A57: receive requestVote(s2, group-5BD3E7F27A57, 231, (t:4, i:3))
2019-09-26 09:49:44,758 INFO  impl.RaftServerImpl (RaftServerImpl.java:setRole(170)) - s0@group-5BD3E7F27A57: changes role from CANDIDATE to FOLLOWER at term 231 for recognizeCandidate:s2
2019-09-26 09:49:44,758 INFO  impl.RoleInfo (RoleInfo.java:shutdownLeaderElection(134)) - s0: shutdown LeaderElection
2019-09-26 09:49:44,758 INFO  impl.RoleInfo (RoleInfo.java:updateAndGet(143)) - s0: start FollowerState
2019-09-26 09:49:44,771 DEBUG impl.RaftServerImpl (RaftServerImpl.java:requestVote(775)) - s0@group-5BD3E7F27A57 replies to vote request: s2<-s0#0:FAIL-t231. Peer's state: s0@group-5BD3E7F27A57:t231, leader=null, voted=null, raftlog=s0@group-5BD3E7F27A57-SegmentedRaftLog:OPENED:c3,f4,i4, conf=3: [s0:0.0.0.0:41468, s1:0.0.0.0:41619, s2:0.0.0.0:44382], old=null
2019-09-26 09:49:44,861 INFO  impl.LeaderElection (LeaderElection.java:logAndReturn(56)) - s0@group-5BD3E7F27A57-LeaderElection92: Election REJECTED; received 0 response(s) [] and 0 exception(s); s0@group-5BD3E7F27A57:t231, leader=null, voted=null, raftlog=s0@group-5BD3E7F27A57-SegmentedRaftLog:OPENED:c3,f4,i4, conf=3: [s0:0.0.0.0:41468, s1:0.0.0.0:41619, s2:0.0.0.0:44382], old=null
2019-09-26 09:49:44,889 INFO  impl.LeaderElection (LeaderElection.java:logAndReturn(56)) - s1@group-5BD3E7F27A57-LeaderElection94: Election TIMEOUT; received 1 response(s) [s1<-s0#0:FAIL-t230] and 0 exception(s); s1@group-5BD3E7F27A57:t230, leader=null, voted=s1, raftlog=s1@group-5BD3E7F27A57-SegmentedRaftLog:OPENED:c2,f3,i3, conf=2: [s0:0.0.0.0:41468, s1:0.0.0.0:41619, s2:0.0.0.0:44382], old=null
2019-09-26 09:49:44,902 INFO  impl.LeaderElection (LeaderElection.java:askForVotes(178)) - s1@group-5BD3E7F27A57-LeaderElection94: begin an election at term 231 for 2: [s0:0.0.0.0:41468, s1:0.0.0.0:41619, s2:0.0.0.0:44382], old=null
2019-09-26 09:49:44,902 DEBUG impl.RaftServerImpl (RaftServerImpl.java:requestVote(743)) - s0@group-5BD3E7F27A57: receive requestVote(s1, group-5BD3E7F27A57, 231, (t:3, i:3))
2019-09-26 09:49:44,902 INFO  impl.RaftServerImpl (RaftServerImpl.java:setRole(170)) - s0@group-5BD3E7F27A57: changes role from  FOLLOWER to FOLLOWER at term 231 for recognizeCandidate:s1
2019-09-26 09:49:44,902 INFO  impl.RoleInfo (RoleInfo.java:shutdownFollowerState(121)) - s0: shutdown FollowerState
2019-09-26 09:49:44,903 INFO  impl.RoleInfo (RoleInfo.java:updateAndGet(143)) - s0: start FollowerState
2019-09-26 09:49:44,903 INFO  impl.FollowerState (FollowerState.java:run(117)) - s0@group-5BD3E7F27A57-FollowerState was interrupted: java.lang.InterruptedException: sleep interrupted
2019-09-26 09:49:44,903 DEBUG impl.RaftServerImpl (RaftServerImpl.java:requestVote(775)) - s0@group-5BD3E7F27A57 replies to vote request: s1<-s0#0:FAIL-t231. Peer's state: s0@group-5BD3E7F27A57:t231, leader=null, voted=null, raftlog=s0@group-5BD3E7F27A57-SegmentedRaftLog:OPENED:c3,f4,i4, conf=3: [s0:0.0.0.0:41468, s1:0.0.0.0:41619, s2:0.0.0.0:44382], old=null
2019-09-26 09:49:45,056 INFO  impl.LeaderElection (LeaderElection.java:logAndReturn(56)) - s2@group-5BD3E7F27A57-LeaderElection93: Election TIMEOUT; received 1 response(s) [s2<-s0#0:FAIL-t231] and 0 exception(s); s2@group-5BD3E7F27A57:t231, leader=null, voted=s2, raftlog=s2@group-5BD3E7F27A57-SegmentedRaftLog:OPENED:c1,f3,i3, conf=3: [s0:0.0.0.0:41468, s1:0.0.0.0:41619, s2:0.0.0.0:44382], old=null
2019-09-26 09:49:45,067 WARN  ratis.RaftTestUtil (JavaUtils.java:attempt(158)) - FAILED "waitForLeader-null-(expectLeader? true)", attempt #16/100: java.lang.IllegalStateException: No leader yet : printing ALL groups
  s0:  RUNNING  FOLLOWER s0@group-5BD3E7F27A57:t231, leader=null, voted=null, raftlog=s0@group-5BD3E7F27A57-SegmentedRaftLog:OPENED:c3,f4,i4, conf=3: [s0:0.0.0.0:41468, s1:0.0.0.0:41619, s2:0.0.0.0:44382], old=null RUNNING
  s1:  RUNNING CANDIDATE s1@group-5BD3E7F27A57:t231, leader=null, voted=s1, raftlog=s1@group-5BD3E7F27A57-SegmentedRaftLog:OPENED:c2,f3,i3, conf=2: [s0:0.0.0.0:41468, s1:0.0.0.0:41619, s2:0.0.0.0:44382], old=null RUNNING
  s2:  RUNNING CANDIDATE s2@group-5BD3E7F27A57:t232, leader=null, voted=s2, raftlog=s2@group-5BD3E7F27A57-SegmentedRaftLog:OPENED:c1,f3,i3, conf=3: [s0:0.0.0.0:41468, s1:0.0.0.0:41619, s2:0.0.0.0:44382], old=null RUNNING, sleep 450ms and then retry.
java.lang.IllegalStateException: No leader yet : printing ALL groups
  s0:  RUNNING  FOLLOWER s0@group-5BD3E7F27A57:t231, leader=null, voted=null, raftlog=s0@group-5BD3E7F27A57-SegmentedRaftLog:OPENED:c3,f4,i4, conf=3: [s0:0.0.0.0:41468, s1:0.0.0.0:41619, s2:0.0.0.0:44382], old=null RUNNING
  s1:  RUNNING CANDIDATE s1@group-5BD3E7F27A57:t231, leader=null, voted=s1, raftlog=s1@group-5BD3E7F27A57-SegmentedRaftLog:OPENED:c2,f3,i3, conf=2: [s0:0.0.0.0:41468, s1:0.0.0.0:41619, s2:0.0.0.0:44382], old=null RUNNING
  s2:  RUNNING CANDIDATE s2@group-5BD3E7F27A57:t232, leader=null, voted=s2, raftlog=s2@group-5BD3E7F27A57-SegmentedRaftLog:OPENED:c1,f3,i3, conf=3: [s0:0.0.0.0:41468, s1:0.0.0.0:41619, s2:0.0.0.0:44382], old=null RUNNING
	at org.apache.ratis.MiniRaftCluster.newIllegalStateExceptionForNoLeaders(MiniRaftCluster.java:506)
	at org.apache.ratis.RaftTestUtil.lambda$waitForLeader$1(RaftTestUtil.java:90)
	at org.apache.ratis.MiniRaftCluster.getLeader(MiniRaftCluster.java:539)
	at org.apache.ratis.MiniRaftCluster.getLeader(MiniRaftCluster.java:532)
	at org.apache.ratis.RaftTestUtil.lambda$waitForLeader$3(RaftTestUtil.java:98)
	at org.apache.ratis.util.JavaUtils.attempt(JavaUtils.java:152)
	at org.apache.ratis.RaftTestUtil.waitForLeader(RaftTestUtil.java:97)
	at org.apache.ratis.RaftTestUtil.waitForLeader(RaftTestUtil.java:77)
	at org.apache.ratis.RaftTestUtil.waitForLeader(RaftTestUtil.java:72)
	at org.apache.ratis.RaftTestUtil.lambda$changeLeader$7(RaftTestUtil.java:363)
	at org.apache.ratis.util.JavaUtils.attempt(JavaUtils.java:152)
	at org.apache.ratis.RaftTestUtil.changeLeader(RaftTestUtil.java:362)
	at org.apache.ratis.server.impl.LeaderElectionTests.testChangeLeader(LeaderElectionTests.java:81)
	at sun.reflect.NativeMethodAccessorImpl.invoke0(Native Method)
	at sun.reflect.NativeMethodAccessorImpl.invoke(NativeMethodAccessorImpl.java:62)
	at sun.reflect.DelegatingMethodAccessorImpl.invoke(DelegatingMethodAccessorImpl.java:43)
	at java.lang.reflect.Method.invoke(Method.java:498)
	at org.junit.runners.model.FrameworkMethod$1.runReflectiveCall(FrameworkMethod.java:50)
	at org.junit.internal.runners.model.ReflectiveCallable.run(ReflectiveCallable.java:12)
	at org.junit.runners.model.FrameworkMethod.invokeExplosively(FrameworkMethod.java:47)
	at org.junit.internal.runners.statements.InvokeMethod.evaluate(InvokeMethod.java:17)
	at org.junit.internal.runners.statements.RunAfters.evaluate(RunAfters.java:27)
	at org.junit.internal.runners.statements.FailOnTimeout$CallableStatement.call(FailOnTimeout.java:298)
	at org.junit.internal.runners.statements.FailOnTimeout$CallableStatement.call(FailOnTimeout.java:292)
	at java.util.concurrent.FutureTask.run(FutureTask.java:266)
	at java.lang.Thread.run(Thread.java:748)
2019-09-26 09:49:45,069 INFO  impl.LeaderElection (LeaderElection.java:askForVotes(178)) - s2@group-5BD3E7F27A57-LeaderElection93: begin an election at term 232 for 3: [s0:0.0.0.0:41468, s1:0.0.0.0:41619, s2:0.0.0.0:44382], old=null
2019-09-26 09:49:45,070 DEBUG impl.RaftServerImpl (RaftServerImpl.java:requestVote(743)) - s0@group-5BD3E7F27A57: receive requestVote(s2, group-5BD3E7F27A57, 232, (t:4, i:3))
2019-09-26 09:49:45,070 INFO  impl.RaftServerImpl (RaftServerImpl.java:setRole(170)) - s0@group-5BD3E7F27A57: changes role from  FOLLOWER to FOLLOWER at term 232 for recognizeCandidate:s2
2019-09-26 09:49:45,070 INFO  impl.RoleInfo (RoleInfo.java:shutdownFollowerState(121)) - s0: shutdown FollowerState
2019-09-26 09:49:45,070 INFO  impl.RoleInfo (RoleInfo.java:updateAndGet(143)) - s0: start FollowerState
2019-09-26 09:49:45,071 INFO  impl.FollowerState (FollowerState.java:run(117)) - s0@group-5BD3E7F27A57-FollowerState was interrupted: java.lang.InterruptedException: sleep interrupted
2019-09-26 09:49:45,071 INFO  impl.LeaderElection (LeaderElection.java:logAndReturn(56)) - s1@group-5BD3E7F27A57-LeaderElection94: Election TIMEOUT; received 1 response(s) [s1<-s0#0:FAIL-t231] and 0 exception(s); s1@group-5BD3E7F27A57:t231, leader=null, voted=s1, raftlog=s1@group-5BD3E7F27A57-SegmentedRaftLog:OPENED:c2,f3,i3, conf=2: [s0:0.0.0.0:41468, s1:0.0.0.0:41619, s2:0.0.0.0:44382], old=null
2019-09-26 09:49:45,085 INFO  impl.LeaderElection (LeaderElection.java:askForVotes(178)) - s1@group-5BD3E7F27A57-LeaderElection94: begin an election at term 232 for 2: [s0:0.0.0.0:41468, s1:0.0.0.0:41619, s2:0.0.0.0:44382], old=null
2019-09-26 09:49:45,085 DEBUG impl.RaftServerImpl (RaftServerImpl.java:requestVote(775)) - s0@group-5BD3E7F27A57 replies to vote request: s2<-s0#0:FAIL-t232. Peer's state: s0@group-5BD3E7F27A57:t232, leader=null, voted=null, raftlog=s0@group-5BD3E7F27A57-SegmentedRaftLog:OPENED:c3,f4,i4, conf=3: [s0:0.0.0.0:41468, s1:0.0.0.0:41619, s2:0.0.0.0:44382], old=null
2019-09-26 09:49:45,086 DEBUG impl.RaftServerImpl (RaftServerImpl.java:requestVote(743)) - s0@group-5BD3E7F27A57: receive requestVote(s1, group-5BD3E7F27A57, 232, (t:3, i:3))
2019-09-26 09:49:45,086 INFO  impl.RaftServerImpl (RaftServerImpl.java:setRole(170)) - s0@group-5BD3E7F27A57: changes role from  FOLLOWER to FOLLOWER at term 232 for recognizeCandidate:s1
2019-09-26 09:49:45,086 INFO  impl.RoleInfo (RoleInfo.java:shutdownFollowerState(121)) - s0: shutdown FollowerState
2019-09-26 09:49:45,086 INFO  impl.RoleInfo (RoleInfo.java:updateAndGet(143)) - s0: start FollowerState
2019-09-26 09:49:45,086 INFO  impl.FollowerState (FollowerState.java:run(117)) - s0@group-5BD3E7F27A57-FollowerState was interrupted: java.lang.InterruptedException: sleep interrupted
2019-09-26 09:49:45,087 DEBUG impl.RaftServerImpl (RaftServerImpl.java:requestVote(775)) - s0@group-5BD3E7F27A57 replies to vote request: s1<-s0#0:FAIL-t232. Peer's state: s0@group-5BD3E7F27A57:t232, leader=null, voted=null, raftlog=s0@group-5BD3E7F27A57-SegmentedRaftLog:OPENED:c3,f4,i4, conf=3: [s0:0.0.0.0:41468, s1:0.0.0.0:41619, s2:0.0.0.0:44382], old=null
2019-09-26 09:49:45,264 INFO  impl.LeaderElection (LeaderElection.java:logAndReturn(56)) - s1@group-5BD3E7F27A57-LeaderElection94: Election TIMEOUT; received 1 response(s) [s1<-s0#0:FAIL-t232] and 0 exception(s); s1@group-5BD3E7F27A57:t232, leader=null, voted=s1, raftlog=s1@group-5BD3E7F27A57-SegmentedRaftLog:OPENED:c2,f3,i3, conf=2: [s0:0.0.0.0:41468, s1:0.0.0.0:41619, s2:0.0.0.0:44382], old=null
2019-09-26 09:49:45,285 INFO  impl.LeaderElection (LeaderElection.java:askForVotes(178)) - s1@group-5BD3E7F27A57-LeaderElection94: begin an election at term 233 for 2: [s0:0.0.0.0:41468, s1:0.0.0.0:41619, s2:0.0.0.0:44382], old=null
2019-09-26 09:49:45,285 DEBUG impl.RaftServerImpl (RaftServerImpl.java:requestVote(743)) - s0@group-5BD3E7F27A57: receive requestVote(s1, group-5BD3E7F27A57, 233, (t:3, i:3))
2019-09-26 09:49:45,286 INFO  impl.RaftServerImpl (RaftServerImpl.java:setRole(170)) - s0@group-5BD3E7F27A57: changes role from  FOLLOWER to FOLLOWER at term 233 for recognizeCandidate:s1
2019-09-26 09:49:45,286 INFO  impl.RoleInfo (RoleInfo.java:shutdownFollowerState(121)) - s0: shutdown FollowerState
2019-09-26 09:49:45,286 INFO  impl.RoleInfo (RoleInfo.java:updateAndGet(143)) - s0: start FollowerState
2019-09-26 09:49:45,286 INFO  impl.FollowerState (FollowerState.java:run(117)) - s0@group-5BD3E7F27A57-FollowerState was interrupted: java.lang.InterruptedException: sleep interrupted
2019-09-26 09:49:45,300 DEBUG impl.RaftServerImpl (RaftServerImpl.java:requestVote(775)) - s0@group-5BD3E7F27A57 replies to vote request: s1<-s0#0:FAIL-t233. Peer's state: s0@group-5BD3E7F27A57:t233, leader=null, voted=null, raftlog=s0@group-5BD3E7F27A57-SegmentedRaftLog:OPENED:c3,f4,i4, conf=3: [s0:0.0.0.0:41468, s1:0.0.0.0:41619, s2:0.0.0.0:44382], old=null
2019-09-26 09:49:45,307 INFO  impl.LeaderElection (LeaderElection.java:logAndReturn(56)) - s2@group-5BD3E7F27A57-LeaderElection93: Election TIMEOUT; received 1 response(s) [s2<-s0#0:FAIL-t232] and 0 exception(s); s2@group-5BD3E7F27A57:t232, leader=null, voted=s2, raftlog=s2@group-5BD3E7F27A57-SegmentedRaftLog:OPENED:c1,f3,i3, conf=3: [s0:0.0.0.0:41468, s1:0.0.0.0:41619, s2:0.0.0.0:44382], old=null
2019-09-26 09:49:45,314 INFO  impl.LeaderElection (LeaderElection.java:askForVotes(178)) - s2@group-5BD3E7F27A57-LeaderElection93: begin an election at term 233 for 3: [s0:0.0.0.0:41468, s1:0.0.0.0:41619, s2:0.0.0.0:44382], old=null
2019-09-26 09:49:45,314 DEBUG impl.RaftServerImpl (RaftServerImpl.java:requestVote(743)) - s0@group-5BD3E7F27A57: receive requestVote(s2, group-5BD3E7F27A57, 233, (t:4, i:3))
2019-09-26 09:49:45,314 INFO  impl.RaftServerImpl (RaftServerImpl.java:setRole(170)) - s0@group-5BD3E7F27A57: changes role from  FOLLOWER to FOLLOWER at term 233 for recognizeCandidate:s2
2019-09-26 09:49:45,314 INFO  impl.RoleInfo (RoleInfo.java:shutdownFollowerState(121)) - s0: shutdown FollowerState
2019-09-26 09:49:45,315 INFO  impl.RoleInfo (RoleInfo.java:updateAndGet(143)) - s0: start FollowerState
2019-09-26 09:49:45,315 INFO  impl.FollowerState (FollowerState.java:run(117)) - s0@group-5BD3E7F27A57-FollowerState was interrupted: java.lang.InterruptedException: sleep interrupted
2019-09-26 09:49:45,315 DEBUG impl.RaftServerImpl (RaftServerImpl.java:requestVote(775)) - s0@group-5BD3E7F27A57 replies to vote request: s2<-s0#0:FAIL-t233. Peer's state: s0@group-5BD3E7F27A57:t233, leader=null, voted=null, raftlog=s0@group-5BD3E7F27A57-SegmentedRaftLog:OPENED:c3,f4,i4, conf=3: [s0:0.0.0.0:41468, s1:0.0.0.0:41619, s2:0.0.0.0:44382], old=null
2019-09-26 09:49:45,488 INFO  impl.LeaderElection (LeaderElection.java:logAndReturn(56)) - s2@group-5BD3E7F27A57-LeaderElection93: Election TIMEOUT; received 1 response(s) [s2<-s0#0:FAIL-t233] and 0 exception(s); s2@group-5BD3E7F27A57:t233, leader=null, voted=s2, raftlog=s2@group-5BD3E7F27A57-SegmentedRaftLog:OPENED:c1,f3,i3, conf=3: [s0:0.0.0.0:41468, s1:0.0.0.0:41619, s2:0.0.0.0:44382], old=null
2019-09-26 09:49:45,502 INFO  impl.LeaderElection (LeaderElection.java:askForVotes(178)) - s2@group-5BD3E7F27A57-LeaderElection93: begin an election at term 234 for 3: [s0:0.0.0.0:41468, s1:0.0.0.0:41619, s2:0.0.0.0:44382], old=null
2019-09-26 09:49:45,503 DEBUG impl.RaftServerImpl (RaftServerImpl.java:requestVote(743)) - s0@group-5BD3E7F27A57: receive requestVote(s2, group-5BD3E7F27A57, 234, (t:4, i:3))
2019-09-26 09:49:45,503 INFO  impl.RaftServerImpl (RaftServerImpl.java:setRole(170)) - s0@group-5BD3E7F27A57: changes role from  FOLLOWER to FOLLOWER at term 234 for recognizeCandidate:s2
2019-09-26 09:49:45,503 INFO  impl.RoleInfo (RoleInfo.java:shutdownFollowerState(121)) - s0: shutdown FollowerState
2019-09-26 09:49:45,503 INFO  impl.RoleInfo (RoleInfo.java:updateAndGet(143)) - s0: start FollowerState
2019-09-26 09:49:45,504 INFO  impl.FollowerState (FollowerState.java:run(117)) - s0@group-5BD3E7F27A57-FollowerState was interrupted: java.lang.InterruptedException: sleep interrupted
2019-09-26 09:49:45,517 DEBUG impl.RaftServerImpl (RaftServerImpl.java:requestVote(775)) - s0@group-5BD3E7F27A57 replies to vote request: s2<-s0#0:FAIL-t234. Peer's state: s0@group-5BD3E7F27A57:t234, leader=null, voted=null, raftlog=s0@group-5BD3E7F27A57-SegmentedRaftLog:OPENED:c3,f4,i4, conf=3: [s0:0.0.0.0:41468, s1:0.0.0.0:41619, s2:0.0.0.0:44382], old=null
2019-09-26 09:49:45,518 WARN  ratis.RaftTestUtil (JavaUtils.java:attempt(158)) - FAILED "waitForLeader-null-(expectLeader? true)", attempt #17/100: java.lang.IllegalStateException: No leader yet : printing ALL groups
  s0:  RUNNING  FOLLOWER s0@group-5BD3E7F27A57:t234, leader=null, voted=null, raftlog=s0@group-5BD3E7F27A57-SegmentedRaftLog:OPENED:c3,f4,i4, conf=3: [s0:0.0.0.0:41468, s1:0.0.0.0:41619, s2:0.0.0.0:44382], old=null RUNNING
  s1:  RUNNING CANDIDATE s1@group-5BD3E7F27A57:t233, leader=null, voted=s1, raftlog=s1@group-5BD3E7F27A57-SegmentedRaftLog:OPENED:c2,f3,i3, conf=2: [s0:0.0.0.0:41468, s1:0.0.0.0:41619, s2:0.0.0.0:44382], old=null RUNNING
  s2:  RUNNING CANDIDATE s2@group-5BD3E7F27A57:t234, leader=null, voted=s2, raftlog=s2@group-5BD3E7F27A57-SegmentedRaftLog:OPENED:c1,f3,i3, conf=3: [s0:0.0.0.0:41468, s1:0.0.0.0:41619, s2:0.0.0.0:44382], old=null RUNNING, sleep 450ms and then retry.
java.lang.IllegalStateException: No leader yet : printing ALL groups
  s0:  RUNNING  FOLLOWER s0@group-5BD3E7F27A57:t234, leader=null, voted=null, raftlog=s0@group-5BD3E7F27A57-SegmentedRaftLog:OPENED:c3,f4,i4, conf=3: [s0:0.0.0.0:41468, s1:0.0.0.0:41619, s2:0.0.0.0:44382], old=null RUNNING
  s1:  RUNNING CANDIDATE s1@group-5BD3E7F27A57:t233, leader=null, voted=s1, raftlog=s1@group-5BD3E7F27A57-SegmentedRaftLog:OPENED:c2,f3,i3, conf=2: [s0:0.0.0.0:41468, s1:0.0.0.0:41619, s2:0.0.0.0:44382], old=null RUNNING
  s2:  RUNNING CANDIDATE s2@group-5BD3E7F27A57:t234, leader=null, voted=s2, raftlog=s2@group-5BD3E7F27A57-SegmentedRaftLog:OPENED:c1,f3,i3, conf=3: [s0:0.0.0.0:41468, s1:0.0.0.0:41619, s2:0.0.0.0:44382], old=null RUNNING
	at org.apache.ratis.MiniRaftCluster.newIllegalStateExceptionForNoLeaders(MiniRaftCluster.java:506)
	at org.apache.ratis.RaftTestUtil.lambda$waitForLeader$1(RaftTestUtil.java:90)
	at org.apache.ratis.MiniRaftCluster.getLeader(MiniRaftCluster.java:539)
	at org.apache.ratis.MiniRaftCluster.getLeader(MiniRaftCluster.java:532)
	at org.apache.ratis.RaftTestUtil.lambda$waitForLeader$3(RaftTestUtil.java:98)
	at org.apache.ratis.util.JavaUtils.attempt(JavaUtils.java:152)
	at org.apache.ratis.RaftTestUtil.waitForLeader(RaftTestUtil.java:97)
	at org.apache.ratis.RaftTestUtil.waitForLeader(RaftTestUtil.java:77)
	at org.apache.ratis.RaftTestUtil.waitForLeader(RaftTestUtil.java:72)
	at org.apache.ratis.RaftTestUtil.lambda$changeLeader$7(RaftTestUtil.java:363)
	at org.apache.ratis.util.JavaUtils.attempt(JavaUtils.java:152)
	at org.apache.ratis.RaftTestUtil.changeLeader(RaftTestUtil.java:362)
	at org.apache.ratis.server.impl.LeaderElectionTests.testChangeLeader(LeaderElectionTests.java:81)
	at sun.reflect.NativeMethodAccessorImpl.invoke0(Native Method)
	at sun.reflect.NativeMethodAccessorImpl.invoke(NativeMethodAccessorImpl.java:62)
	at sun.reflect.DelegatingMethodAccessorImpl.invoke(DelegatingMethodAccessorImpl.java:43)
	at java.lang.reflect.Method.invoke(Method.java:498)
	at org.junit.runners.model.FrameworkMethod$1.runReflectiveCall(FrameworkMethod.java:50)
	at org.junit.internal.runners.model.ReflectiveCallable.run(ReflectiveCallable.java:12)
	at org.junit.runners.model.FrameworkMethod.invokeExplosively(FrameworkMethod.java:47)
	at org.junit.internal.runners.statements.InvokeMethod.evaluate(InvokeMethod.java:17)
	at org.junit.internal.runners.statements.RunAfters.evaluate(RunAfters.java:27)
	at org.junit.internal.runners.statements.FailOnTimeout$CallableStatement.call(FailOnTimeout.java:298)
	at org.junit.internal.runners.statements.FailOnTimeout$CallableStatement.call(FailOnTimeout.java:292)
	at java.util.concurrent.FutureTask.run(FutureTask.java:266)
	at java.lang.Thread.run(Thread.java:748)
2019-09-26 09:49:45,582 INFO  impl.LeaderElection (LeaderElection.java:logAndReturn(56)) - s1@group-5BD3E7F27A57-LeaderElection94: Election TIMEOUT; received 1 response(s) [s1<-s0#0:FAIL-t233] and 0 exception(s); s1@group-5BD3E7F27A57:t233, leader=null, voted=s1, raftlog=s1@group-5BD3E7F27A57-SegmentedRaftLog:OPENED:c2,f3,i3, conf=2: [s0:0.0.0.0:41468, s1:0.0.0.0:41619, s2:0.0.0.0:44382], old=null
2019-09-26 09:49:45,588 INFO  impl.LeaderElection (LeaderElection.java:askForVotes(178)) - s1@group-5BD3E7F27A57-LeaderElection94: begin an election at term 234 for 2: [s0:0.0.0.0:41468, s1:0.0.0.0:41619, s2:0.0.0.0:44382], old=null
2019-09-26 09:49:45,588 DEBUG impl.RaftServerImpl (RaftServerImpl.java:requestVote(743)) - s0@group-5BD3E7F27A57: receive requestVote(s1, group-5BD3E7F27A57, 234, (t:3, i:3))
2019-09-26 09:49:45,589 INFO  impl.RaftServerImpl (RaftServerImpl.java:setRole(170)) - s0@group-5BD3E7F27A57: changes role from  FOLLOWER to FOLLOWER at term 234 for recognizeCandidate:s1
2019-09-26 09:49:45,589 INFO  impl.RoleInfo (RoleInfo.java:shutdownFollowerState(121)) - s0: shutdown FollowerState
2019-09-26 09:49:45,589 INFO  impl.RoleInfo (RoleInfo.java:updateAndGet(143)) - s0: start FollowerState
2019-09-26 09:49:45,589 INFO  impl.FollowerState (FollowerState.java:run(117)) - s0@group-5BD3E7F27A57-FollowerState was interrupted: java.lang.InterruptedException: sleep interrupted
2019-09-26 09:49:45,589 DEBUG impl.RaftServerImpl (RaftServerImpl.java:requestVote(775)) - s0@group-5BD3E7F27A57 replies to vote request: s1<-s0#0:FAIL-t234. Peer's state: s0@group-5BD3E7F27A57:t234, leader=null, voted=null, raftlog=s0@group-5BD3E7F27A57-SegmentedRaftLog:OPENED:c3,f4,i4, conf=3: [s0:0.0.0.0:41468, s1:0.0.0.0:41619, s2:0.0.0.0:44382], old=null
2019-09-26 09:49:45,766 INFO  impl.LeaderElection (LeaderElection.java:logAndReturn(56)) - s1@group-5BD3E7F27A57-LeaderElection94: Election TIMEOUT; received 1 response(s) [s1<-s0#0:FAIL-t234] and 0 exception(s); s1@group-5BD3E7F27A57:t234, leader=null, voted=s1, raftlog=s1@group-5BD3E7F27A57-SegmentedRaftLog:OPENED:c2,f3,i3, conf=2: [s0:0.0.0.0:41468, s1:0.0.0.0:41619, s2:0.0.0.0:44382], old=null
2019-09-26 09:49:45,779 INFO  impl.LeaderElection (LeaderElection.java:askForVotes(178)) - s1@group-5BD3E7F27A57-LeaderElection94: begin an election at term 235 for 2: [s0:0.0.0.0:41468, s1:0.0.0.0:41619, s2:0.0.0.0:44382], old=null
2019-09-26 09:49:45,780 DEBUG impl.RaftServerImpl (RaftServerImpl.java:requestVote(743)) - s0@group-5BD3E7F27A57: receive requestVote(s1, group-5BD3E7F27A57, 235, (t:3, i:3))
2019-09-26 09:49:45,780 INFO  impl.RaftServerImpl (RaftServerImpl.java:setRole(170)) - s0@group-5BD3E7F27A57: changes role from  FOLLOWER to FOLLOWER at term 235 for recognizeCandidate:s1
2019-09-26 09:49:45,780 INFO  impl.RoleInfo (RoleInfo.java:shutdownFollowerState(121)) - s0: shutdown FollowerState
2019-09-26 09:49:45,780 INFO  impl.RoleInfo (RoleInfo.java:updateAndGet(143)) - s0: start FollowerState
2019-09-26 09:49:45,781 INFO  impl.FollowerState (FollowerState.java:run(117)) - s0@group-5BD3E7F27A57-FollowerState was interrupted: java.lang.InterruptedException: sleep interrupted
2019-09-26 09:49:45,782 INFO  impl.LeaderElection (LeaderElection.java:logAndReturn(56)) - s2@group-5BD3E7F27A57-LeaderElection93: Election TIMEOUT; received 1 response(s) [s2<-s0#0:FAIL-t234] and 0 exception(s); s2@group-5BD3E7F27A57:t234, leader=null, voted=s2, raftlog=s2@group-5BD3E7F27A57-SegmentedRaftLog:OPENED:c1,f3,i3, conf=3: [s0:0.0.0.0:41468, s1:0.0.0.0:41619, s2:0.0.0.0:44382], old=null
2019-09-26 09:49:45,786 DEBUG impl.RaftServerImpl (RaftServerImpl.java:requestVote(775)) - s0@group-5BD3E7F27A57 replies to vote request: s1<-s0#0:FAIL-t235. Peer's state: s0@group-5BD3E7F27A57:t235, leader=null, voted=null, raftlog=s0@group-5BD3E7F27A57-SegmentedRaftLog:OPENED:c3,f4,i4, conf=3: [s0:0.0.0.0:41468, s1:0.0.0.0:41619, s2:0.0.0.0:44382], old=null
2019-09-26 09:49:45,788 INFO  impl.LeaderElection (LeaderElection.java:askForVotes(178)) - s2@group-5BD3E7F27A57-LeaderElection93: begin an election at term 235 for 3: [s0:0.0.0.0:41468, s1:0.0.0.0:41619, s2:0.0.0.0:44382], old=null
2019-09-26 09:49:45,788 DEBUG impl.RaftServerImpl (RaftServerImpl.java:requestVote(743)) - s0@group-5BD3E7F27A57: receive requestVote(s2, group-5BD3E7F27A57, 235, (t:4, i:3))
2019-09-26 09:49:45,788 INFO  impl.RaftServerImpl (RaftServerImpl.java:setRole(170)) - s0@group-5BD3E7F27A57: changes role from  FOLLOWER to FOLLOWER at term 235 for recognizeCandidate:s2
2019-09-26 09:49:45,789 INFO  impl.RoleInfo (RoleInfo.java:shutdownFollowerState(121)) - s0: shutdown FollowerState
2019-09-26 09:49:45,789 INFO  impl.RoleInfo (RoleInfo.java:updateAndGet(143)) - s0: start FollowerState
2019-09-26 09:49:45,789 INFO  impl.FollowerState (FollowerState.java:run(117)) - s0@group-5BD3E7F27A57-FollowerState was interrupted: java.lang.InterruptedException: sleep interrupted
2019-09-26 09:49:45,789 DEBUG impl.RaftServerImpl (RaftServerImpl.java:requestVote(775)) - s0@group-5BD3E7F27A57 replies to vote request: s2<-s0#0:FAIL-t235. Peer's state: s0@group-5BD3E7F27A57:t235, leader=null, voted=null, raftlog=s0@group-5BD3E7F27A57-SegmentedRaftLog:OPENED:c3,f4,i4, conf=3: [s0:0.0.0.0:41468, s1:0.0.0.0:41619, s2:0.0.0.0:44382], old=null
2019-09-26 09:49:45,939 INFO  impl.LeaderElection (LeaderElection.java:logAndReturn(56)) - s1@group-5BD3E7F27A57-LeaderElection94: Election TIMEOUT; received 1 response(s) [s1<-s0#0:FAIL-t235] and 0 exception(s); s1@group-5BD3E7F27A57:t235, leader=null, voted=s1, raftlog=s1@group-5BD3E7F27A57-SegmentedRaftLog:OPENED:c2,f3,i3, conf=2: [s0:0.0.0.0:41468, s1:0.0.0.0:41619, s2:0.0.0.0:44382], old=null
2019-09-26 09:49:45,942 INFO  impl.LeaderElection (LeaderElection.java:askForVotes(178)) - s1@group-5BD3E7F27A57-LeaderElection94: begin an election at term 236 for 2: [s0:0.0.0.0:41468, s1:0.0.0.0:41619, s2:0.0.0.0:44382], old=null
2019-09-26 09:49:45,943 DEBUG impl.RaftServerImpl (RaftServerImpl.java:requestVote(743)) - s0@group-5BD3E7F27A57: receive requestVote(s1, group-5BD3E7F27A57, 236, (t:3, i:3))
2019-09-26 09:49:45,943 INFO  impl.RaftServerImpl (RaftServerImpl.java:setRole(170)) - s0@group-5BD3E7F27A57: changes role from  FOLLOWER to FOLLOWER at term 236 for recognizeCandidate:s1
2019-09-26 09:49:45,943 INFO  impl.RoleInfo (RoleInfo.java:shutdownFollowerState(121)) - s0: shutdown FollowerState
2019-09-26 09:49:45,943 INFO  impl.RoleInfo (RoleInfo.java:updateAndGet(143)) - s0: start FollowerState
2019-09-26 09:49:45,943 INFO  impl.FollowerState (FollowerState.java:run(117)) - s0@group-5BD3E7F27A57-FollowerState was interrupted: java.lang.InterruptedException: sleep interrupted
2019-09-26 09:49:45,947 DEBUG impl.RaftServerImpl (RaftServerImpl.java:requestVote(775)) - s0@group-5BD3E7F27A57 replies to vote request: s1<-s0#0:FAIL-t236. Peer's state: s0@group-5BD3E7F27A57:t236, leader=null, voted=null, raftlog=s0@group-5BD3E7F27A57-SegmentedRaftLog:OPENED:c3,f4,i4, conf=3: [s0:0.0.0.0:41468, s1:0.0.0.0:41619, s2:0.0.0.0:44382], old=null
2019-09-26 09:49:45,965 INFO  impl.LeaderElection (LeaderElection.java:logAndReturn(56)) - s2@group-5BD3E7F27A57-LeaderElection93: Election TIMEOUT; received 1 response(s) [s2<-s0#0:FAIL-t235] and 0 exception(s); s2@group-5BD3E7F27A57:t235, leader=null, voted=s2, raftlog=s2@group-5BD3E7F27A57-SegmentedRaftLog:OPENED:c1,f3,i3, conf=3: [s0:0.0.0.0:41468, s1:0.0.0.0:41619, s2:0.0.0.0:44382], old=null
2019-09-26 09:49:45,968 INFO  impl.LeaderElection (LeaderElection.java:askForVotes(178)) - s2@group-5BD3E7F27A57-LeaderElection93: begin an election at term 236 for 3: [s0:0.0.0.0:41468, s1:0.0.0.0:41619, s2:0.0.0.0:44382], old=null
2019-09-26 09:49:45,969 DEBUG impl.RaftServerImpl (RaftServerImpl.java:requestVote(743)) - s0@group-5BD3E7F27A57: receive requestVote(s2, group-5BD3E7F27A57, 236, (t:4, i:3))
2019-09-26 09:49:45,969 INFO  impl.RaftServerImpl (RaftServerImpl.java:setRole(170)) - s0@group-5BD3E7F27A57: changes role from  FOLLOWER to FOLLOWER at term 236 for recognizeCandidate:s2
2019-09-26 09:49:45,969 INFO  impl.RoleInfo (RoleInfo.java:shutdownFollowerState(121)) - s0: shutdown FollowerState
2019-09-26 09:49:45,969 INFO  impl.RoleInfo (RoleInfo.java:updateAndGet(143)) - s0: start FollowerState
2019-09-26 09:49:45,969 INFO  impl.FollowerState (FollowerState.java:run(117)) - s0@group-5BD3E7F27A57-FollowerState was interrupted: java.lang.InterruptedException: sleep interrupted
2019-09-26 09:49:45,969 WARN  ratis.RaftTestUtil (JavaUtils.java:attempt(158)) - FAILED "waitForLeader-null-(expectLeader? true)", attempt #18/100: java.lang.IllegalStateException: No leader yet : printing ALL groups
  s0:  RUNNING  FOLLOWER s0@group-5BD3E7F27A57:t236, leader=null, voted=null, raftlog=s0@group-5BD3E7F27A57-SegmentedRaftLog:OPENED:c3,f4,i4, conf=3: [s0:0.0.0.0:41468, s1:0.0.0.0:41619, s2:0.0.0.0:44382], old=null RUNNING
  s1:  RUNNING CANDIDATE s1@group-5BD3E7F27A57:t236, leader=null, voted=s1, raftlog=s1@group-5BD3E7F27A57-SegmentedRaftLog:OPENED:c2,f3,i3, conf=2: [s0:0.0.0.0:41468, s1:0.0.0.0:41619, s2:0.0.0.0:44382], old=null RUNNING
  s2:  RUNNING CANDIDATE s2@group-5BD3E7F27A57:t236, leader=null, voted=s2, raftlog=s2@group-5BD3E7F27A57-SegmentedRaftLog:OPENED:c1,f3,i3, conf=3: [s0:0.0.0.0:41468, s1:0.0.0.0:41619, s2:0.0.0.0:44382], old=null RUNNING, sleep 450ms and then retry.
java.lang.IllegalStateException: No leader yet : printing ALL groups
  s0:  RUNNING  FOLLOWER s0@group-5BD3E7F27A57:t236, leader=null, voted=null, raftlog=s0@group-5BD3E7F27A57-SegmentedRaftLog:OPENED:c3,f4,i4, conf=3: [s0:0.0.0.0:41468, s1:0.0.0.0:41619, s2:0.0.0.0:44382], old=null RUNNING
  s1:  RUNNING CANDIDATE s1@group-5BD3E7F27A57:t236, leader=null, voted=s1, raftlog=s1@group-5BD3E7F27A57-SegmentedRaftLog:OPENED:c2,f3,i3, conf=2: [s0:0.0.0.0:41468, s1:0.0.0.0:41619, s2:0.0.0.0:44382], old=null RUNNING
  s2:  RUNNING CANDIDATE s2@group-5BD3E7F27A57:t236, leader=null, voted=s2, raftlog=s2@group-5BD3E7F27A57-SegmentedRaftLog:OPENED:c1,f3,i3, conf=3: [s0:0.0.0.0:41468, s1:0.0.0.0:41619, s2:0.0.0.0:44382], old=null RUNNING
	at org.apache.ratis.MiniRaftCluster.newIllegalStateExceptionForNoLeaders(MiniRaftCluster.java:506)
	at org.apache.ratis.RaftTestUtil.lambda$waitForLeader$1(RaftTestUtil.java:90)
	at org.apache.ratis.MiniRaftCluster.getLeader(MiniRaftCluster.java:539)
	at org.apache.ratis.MiniRaftCluster.getLeader(MiniRaftCluster.java:532)
	at org.apache.ratis.RaftTestUtil.lambda$waitForLeader$3(RaftTestUtil.java:98)
	at org.apache.ratis.util.JavaUtils.attempt(JavaUtils.java:152)
	at org.apache.ratis.RaftTestUtil.waitForLeader(RaftTestUtil.java:97)
	at org.apache.ratis.RaftTestUtil.waitForLeader(RaftTestUtil.java:77)
	at org.apache.ratis.RaftTestUtil.waitForLeader(RaftTestUtil.java:72)
	at org.apache.ratis.RaftTestUtil.lambda$changeLeader$7(RaftTestUtil.java:363)
	at org.apache.ratis.util.JavaUtils.attempt(JavaUtils.java:152)
	at org.apache.ratis.RaftTestUtil.changeLeader(RaftTestUtil.java:362)
	at org.apache.ratis.server.impl.LeaderElectionTests.testChangeLeader(LeaderElectionTests.java:81)
	at sun.reflect.NativeMethodAccessorImpl.invoke0(Native Method)
	at sun.reflect.NativeMethodAccessorImpl.invoke(NativeMethodAccessorImpl.java:62)
	at sun.reflect.DelegatingMethodAccessorImpl.invoke(DelegatingMethodAccessorImpl.java:43)
	at java.lang.reflect.Method.invoke(Method.java:498)
	at org.junit.runners.model.FrameworkMethod$1.runReflectiveCall(FrameworkMethod.java:50)
	at org.junit.internal.runners.model.ReflectiveCallable.run(ReflectiveCallable.java:12)
	at org.junit.runners.model.FrameworkMethod.invokeExplosively(FrameworkMethod.java:47)
	at org.junit.internal.runners.statements.InvokeMethod.evaluate(InvokeMethod.java:17)
	at org.junit.internal.runners.statements.RunAfters.evaluate(RunAfters.java:27)
	at org.junit.internal.runners.statements.FailOnTimeout$CallableStatement.call(FailOnTimeout.java:298)
	at org.junit.internal.runners.statements.FailOnTimeout$CallableStatement.call(FailOnTimeout.java:292)
	at java.util.concurrent.FutureTask.run(FutureTask.java:266)
	at java.lang.Thread.run(Thread.java:748)
2019-09-26 09:49:45,970 DEBUG impl.RaftServerImpl (RaftServerImpl.java:requestVote(775)) - s0@group-5BD3E7F27A57 replies to vote request: s2<-s0#0:FAIL-t236. Peer's state: s0@group-5BD3E7F27A57:t236, leader=null, voted=null, raftlog=s0@group-5BD3E7F27A57-SegmentedRaftLog:OPENED:c3,f4,i4, conf=3: [s0:0.0.0.0:41468, s1:0.0.0.0:41619, s2:0.0.0.0:44382], old=null
2019-09-26 09:49:46,224 INFO  impl.LeaderElection (LeaderElection.java:logAndReturn(56)) - s1@group-5BD3E7F27A57-LeaderElection94: Election TIMEOUT; received 1 response(s) [s1<-s0#0:FAIL-t236] and 0 exception(s); s1@group-5BD3E7F27A57:t236, leader=null, voted=s1, raftlog=s1@group-5BD3E7F27A57-SegmentedRaftLog:OPENED:c2,f3,i3, conf=2: [s0:0.0.0.0:41468, s1:0.0.0.0:41619, s2:0.0.0.0:44382], old=null
2019-09-26 09:49:46,240 INFO  impl.FollowerState (FollowerState.java:run(108)) - s0@group-5BD3E7F27A57-FollowerState: change to CANDIDATE, lastRpcTime:270ms, electionTimeout:270ms
2019-09-26 09:49:46,240 INFO  impl.RoleInfo (RoleInfo.java:shutdownFollowerState(121)) - s0: shutdown FollowerState
2019-09-26 09:49:46,240 INFO  impl.RaftServerImpl (RaftServerImpl.java:setRole(170)) - s0@group-5BD3E7F27A57: changes role from  FOLLOWER to CANDIDATE at term 236 for changeToCandidate
2019-09-26 09:49:46,240 INFO  impl.RoleInfo (RoleInfo.java:updateAndGet(143)) - s0: start LeaderElection
2019-09-26 09:49:46,244 INFO  impl.LeaderElection (LeaderElection.java:askForVotes(178)) - s0@group-5BD3E7F27A57-LeaderElection95: begin an election at term 237 for 3: [s0:0.0.0.0:41468, s1:0.0.0.0:41619, s2:0.0.0.0:44382], old=null
2019-09-26 09:49:46,244 INFO  impl.LeaderElection (LeaderElection.java:askForVotes(178)) - s1@group-5BD3E7F27A57-LeaderElection94: begin an election at term 237 for 2: [s0:0.0.0.0:41468, s1:0.0.0.0:41619, s2:0.0.0.0:44382], old=null
2019-09-26 09:49:46,245 DEBUG impl.RaftServerImpl (RaftServerImpl.java:requestVote(743)) - s0@group-5BD3E7F27A57: receive requestVote(s1, group-5BD3E7F27A57, 237, (t:3, i:3))
2019-09-26 09:49:46,245 DEBUG impl.RaftServerImpl (RaftServerImpl.java:requestVote(775)) - s0@group-5BD3E7F27A57 replies to vote request: s1<-s0#0:FAIL-t237. Peer's state: s0@group-5BD3E7F27A57:t237, leader=null, voted=s0, raftlog=s0@group-5BD3E7F27A57-SegmentedRaftLog:OPENED:c3,f4,i4, conf=3: [s0:0.0.0.0:41468, s1:0.0.0.0:41619, s2:0.0.0.0:44382], old=null
2019-09-26 09:49:46,253 INFO  impl.LeaderElection (LeaderElection.java:logAndReturn(56)) - s2@group-5BD3E7F27A57-LeaderElection93: Election TIMEOUT; received 1 response(s) [s2<-s0#0:FAIL-t236] and 0 exception(s); s2@group-5BD3E7F27A57:t236, leader=null, voted=s2, raftlog=s2@group-5BD3E7F27A57-SegmentedRaftLog:OPENED:c1,f3,i3, conf=3: [s0:0.0.0.0:41468, s1:0.0.0.0:41619, s2:0.0.0.0:44382], old=null
2019-09-26 09:49:46,264 INFO  impl.LeaderElection (LeaderElection.java:askForVotes(178)) - s2@group-5BD3E7F27A57-LeaderElection93: begin an election at term 237 for 3: [s0:0.0.0.0:41468, s1:0.0.0.0:41619, s2:0.0.0.0:44382], old=null
2019-09-26 09:49:46,264 DEBUG impl.RaftServerImpl (RaftServerImpl.java:requestVote(743)) - s0@group-5BD3E7F27A57: receive requestVote(s2, group-5BD3E7F27A57, 237, (t:4, i:3))
2019-09-26 09:49:46,264 DEBUG impl.RaftServerImpl (RaftServerImpl.java:requestVote(775)) - s0@group-5BD3E7F27A57 replies to vote request: s2<-s0#0:FAIL-t237. Peer's state: s0@group-5BD3E7F27A57:t237, leader=null, voted=s0, raftlog=s0@group-5BD3E7F27A57-SegmentedRaftLog:OPENED:c3,f4,i4, conf=3: [s0:0.0.0.0:41468, s1:0.0.0.0:41619, s2:0.0.0.0:44382], old=null
2019-09-26 09:49:46,421 WARN  ratis.RaftTestUtil (JavaUtils.java:attempt(158)) - FAILED "waitForLeader-null-(expectLeader? true)", attempt #19/100: java.lang.IllegalStateException: No leader yet : printing ALL groups
  s0:  RUNNING CANDIDATE s0@group-5BD3E7F27A57:t237, leader=null, voted=s0, raftlog=s0@group-5BD3E7F27A57-SegmentedRaftLog:OPENED:c3,f4,i4, conf=3: [s0:0.0.0.0:41468, s1:0.0.0.0:41619, s2:0.0.0.0:44382], old=null RUNNING
  s1:  RUNNING CANDIDATE s1@group-5BD3E7F27A57:t237, leader=null, voted=s1, raftlog=s1@group-5BD3E7F27A57-SegmentedRaftLog:OPENED:c2,f3,i3, conf=2: [s0:0.0.0.0:41468, s1:0.0.0.0:41619, s2:0.0.0.0:44382], old=null RUNNING
  s2:  RUNNING CANDIDATE s2@group-5BD3E7F27A57:t237, leader=null, voted=s2, raftlog=s2@group-5BD3E7F27A57-SegmentedRaftLog:OPENED:c1,f3,i3, conf=3: [s0:0.0.0.0:41468, s1:0.0.0.0:41619, s2:0.0.0.0:44382], old=null RUNNING, sleep 450ms and then retry.
java.lang.IllegalStateException: No leader yet : printing ALL groups
  s0:  RUNNING CANDIDATE s0@group-5BD3E7F27A57:t237, leader=null, voted=s0, raftlog=s0@group-5BD3E7F27A57-SegmentedRaftLog:OPENED:c3,f4,i4, conf=3: [s0:0.0.0.0:41468, s1:0.0.0.0:41619, s2:0.0.0.0:44382], old=null RUNNING
  s1:  RUNNING CANDIDATE s1@group-5BD3E7F27A57:t237, leader=null, voted=s1, raftlog=s1@group-5BD3E7F27A57-SegmentedRaftLog:OPENED:c2,f3,i3, conf=2: [s0:0.0.0.0:41468, s1:0.0.0.0:41619, s2:0.0.0.0:44382], old=null RUNNING
  s2:  RUNNING CANDIDATE s2@group-5BD3E7F27A57:t237, leader=null, voted=s2, raftlog=s2@group-5BD3E7F27A57-SegmentedRaftLog:OPENED:c1,f3,i3, conf=3: [s0:0.0.0.0:41468, s1:0.0.0.0:41619, s2:0.0.0.0:44382], old=null RUNNING
	at org.apache.ratis.MiniRaftCluster.newIllegalStateExceptionForNoLeaders(MiniRaftCluster.java:506)
	at org.apache.ratis.RaftTestUtil.lambda$waitForLeader$1(RaftTestUtil.java:90)
	at org.apache.ratis.MiniRaftCluster.getLeader(MiniRaftCluster.java:539)
	at org.apache.ratis.MiniRaftCluster.getLeader(MiniRaftCluster.java:532)
	at org.apache.ratis.RaftTestUtil.lambda$waitForLeader$3(RaftTestUtil.java:98)
	at org.apache.ratis.util.JavaUtils.attempt(JavaUtils.java:152)
	at org.apache.ratis.RaftTestUtil.waitForLeader(RaftTestUtil.java:97)
	at org.apache.ratis.RaftTestUtil.waitForLeader(RaftTestUtil.java:77)
	at org.apache.ratis.RaftTestUtil.waitForLeader(RaftTestUtil.java:72)
	at org.apache.ratis.RaftTestUtil.lambda$changeLeader$7(RaftTestUtil.java:363)
	at org.apache.ratis.util.JavaUtils.attempt(JavaUtils.java:152)
	at org.apache.ratis.RaftTestUtil.changeLeader(RaftTestUtil.java:362)
	at org.apache.ratis.server.impl.LeaderElectionTests.testChangeLeader(LeaderElectionTests.java:81)
	at sun.reflect.NativeMethodAccessorImpl.invoke0(Native Method)
	at sun.reflect.NativeMethodAccessorImpl.invoke(NativeMethodAccessorImpl.java:62)
	at sun.reflect.DelegatingMethodAccessorImpl.invoke(DelegatingMethodAccessorImpl.java:43)
	at java.lang.reflect.Method.invoke(Method.java:498)
	at org.junit.runners.model.FrameworkMethod$1.runReflectiveCall(FrameworkMethod.java:50)
	at org.junit.internal.runners.model.ReflectiveCallable.run(ReflectiveCallable.java:12)
	at org.junit.runners.model.FrameworkMethod.invokeExplosively(FrameworkMethod.java:47)
	at org.junit.internal.runners.statements.InvokeMethod.evaluate(InvokeMethod.java:17)
	at org.junit.internal.runners.statements.RunAfters.evaluate(RunAfters.java:27)
	at org.junit.internal.runners.statements.FailOnTimeout$CallableStatement.call(FailOnTimeout.java:298)
	at org.junit.internal.runners.statements.FailOnTimeout$CallableStatement.call(FailOnTimeout.java:292)
	at java.util.concurrent.FutureTask.run(FutureTask.java:266)
	at java.lang.Thread.run(Thread.java:748)
2019-09-26 09:49:46,452 INFO  impl.LeaderElection (LeaderElection.java:logAndReturn(56)) - s0@group-5BD3E7F27A57-LeaderElection95: Election TIMEOUT; received 0 response(s) [] and 0 exception(s); s0@group-5BD3E7F27A57:t237, leader=null, voted=s0, raftlog=s0@group-5BD3E7F27A57-SegmentedRaftLog:OPENED:c3,f4,i4, conf=3: [s0:0.0.0.0:41468, s1:0.0.0.0:41619, s2:0.0.0.0:44382], old=null
2019-09-26 09:49:46,457 INFO  impl.LeaderElection (LeaderElection.java:askForVotes(178)) - s0@group-5BD3E7F27A57-LeaderElection95: begin an election at term 238 for 3: [s0:0.0.0.0:41468, s1:0.0.0.0:41619, s2:0.0.0.0:44382], old=null
2019-09-26 09:49:46,538 INFO  impl.LeaderElection (LeaderElection.java:logAndReturn(56)) - s1@group-5BD3E7F27A57-LeaderElection94: Election TIMEOUT; received 1 response(s) [s1<-s0#0:FAIL-t237] and 0 exception(s); s1@group-5BD3E7F27A57:t237, leader=null, voted=s1, raftlog=s1@group-5BD3E7F27A57-SegmentedRaftLog:OPENED:c2,f3,i3, conf=2: [s0:0.0.0.0:41468, s1:0.0.0.0:41619, s2:0.0.0.0:44382], old=null
2019-09-26 09:49:46,542 INFO  impl.LeaderElection (LeaderElection.java:askForVotes(178)) - s1@group-5BD3E7F27A57-LeaderElection94: begin an election at term 238 for 2: [s0:0.0.0.0:41468, s1:0.0.0.0:41619, s2:0.0.0.0:44382], old=null
2019-09-26 09:49:46,542 DEBUG impl.RaftServerImpl (RaftServerImpl.java:requestVote(743)) - s0@group-5BD3E7F27A57: receive requestVote(s1, group-5BD3E7F27A57, 238, (t:3, i:3))
2019-09-26 09:49:46,543 DEBUG impl.RaftServerImpl (RaftServerImpl.java:requestVote(775)) - s0@group-5BD3E7F27A57 replies to vote request: s1<-s0#0:FAIL-t238. Peer's state: s0@group-5BD3E7F27A57:t238, leader=null, voted=s0, raftlog=s0@group-5BD3E7F27A57-SegmentedRaftLog:OPENED:c3,f4,i4, conf=3: [s0:0.0.0.0:41468, s1:0.0.0.0:41619, s2:0.0.0.0:44382], old=null
2019-09-26 09:49:46,550 INFO  impl.LeaderElection (LeaderElection.java:logAndReturn(56)) - s2@group-5BD3E7F27A57-LeaderElection93: Election TIMEOUT; received 1 response(s) [s2<-s0#0:FAIL-t237] and 0 exception(s); s2@group-5BD3E7F27A57:t237, leader=null, voted=s2, raftlog=s2@group-5BD3E7F27A57-SegmentedRaftLog:OPENED:c1,f3,i3, conf=3: [s0:0.0.0.0:41468, s1:0.0.0.0:41619, s2:0.0.0.0:44382], old=null
2019-09-26 09:49:46,563 INFO  impl.LeaderElection (LeaderElection.java:askForVotes(178)) - s2@group-5BD3E7F27A57-LeaderElection93: begin an election at term 238 for 3: [s0:0.0.0.0:41468, s1:0.0.0.0:41619, s2:0.0.0.0:44382], old=null
2019-09-26 09:49:46,563 DEBUG impl.RaftServerImpl (RaftServerImpl.java:requestVote(743)) - s0@group-5BD3E7F27A57: receive requestVote(s2, group-5BD3E7F27A57, 238, (t:4, i:3))
2019-09-26 09:49:46,564 DEBUG impl.RaftServerImpl (RaftServerImpl.java:requestVote(775)) - s0@group-5BD3E7F27A57 replies to vote request: s2<-s0#0:FAIL-t238. Peer's state: s0@group-5BD3E7F27A57:t238, leader=null, voted=s0, raftlog=s0@group-5BD3E7F27A57-SegmentedRaftLog:OPENED:c3,f4,i4, conf=3: [s0:0.0.0.0:41468, s1:0.0.0.0:41619, s2:0.0.0.0:44382], old=null
2019-09-26 09:49:46,667 INFO  impl.LeaderElection (LeaderElection.java:logAndReturn(56)) - s0@group-5BD3E7F27A57-LeaderElection95: Election TIMEOUT; received 0 response(s) [] and 0 exception(s); s0@group-5BD3E7F27A57:t238, leader=null, voted=s0, raftlog=s0@group-5BD3E7F27A57-SegmentedRaftLog:OPENED:c3,f4,i4, conf=3: [s0:0.0.0.0:41468, s1:0.0.0.0:41619, s2:0.0.0.0:44382], old=null
2019-09-26 09:49:46,670 INFO  impl.LeaderElection (LeaderElection.java:askForVotes(178)) - s0@group-5BD3E7F27A57-LeaderElection95: begin an election at term 239 for 3: [s0:0.0.0.0:41468, s1:0.0.0.0:41619, s2:0.0.0.0:44382], old=null
2019-09-26 09:49:46,709 INFO  impl.LeaderElection (LeaderElection.java:logAndReturn(56)) - s1@group-5BD3E7F27A57-LeaderElection94: Election TIMEOUT; received 1 response(s) [s1<-s0#0:FAIL-t238] and 0 exception(s); s1@group-5BD3E7F27A57:t238, leader=null, voted=s1, raftlog=s1@group-5BD3E7F27A57-SegmentedRaftLog:OPENED:c2,f3,i3, conf=2: [s0:0.0.0.0:41468, s1:0.0.0.0:41619, s2:0.0.0.0:44382], old=null
2019-09-26 09:49:46,714 INFO  impl.LeaderElection (LeaderElection.java:askForVotes(178)) - s1@group-5BD3E7F27A57-LeaderElection94: begin an election at term 239 for 2: [s0:0.0.0.0:41468, s1:0.0.0.0:41619, s2:0.0.0.0:44382], old=null
2019-09-26 09:49:46,714 DEBUG impl.RaftServerImpl (RaftServerImpl.java:requestVote(743)) - s0@group-5BD3E7F27A57: receive requestVote(s1, group-5BD3E7F27A57, 239, (t:3, i:3))
2019-09-26 09:49:46,714 DEBUG impl.RaftServerImpl (RaftServerImpl.java:requestVote(775)) - s0@group-5BD3E7F27A57 replies to vote request: s1<-s0#0:FAIL-t239. Peer's state: s0@group-5BD3E7F27A57:t239, leader=null, voted=s0, raftlog=s0@group-5BD3E7F27A57-SegmentedRaftLog:OPENED:c3,f4,i4, conf=3: [s0:0.0.0.0:41468, s1:0.0.0.0:41619, s2:0.0.0.0:44382], old=null
2019-09-26 09:49:46,727 INFO  impl.LeaderElection (LeaderElection.java:logAndReturn(56)) - s2@group-5BD3E7F27A57-LeaderElection93: Election TIMEOUT; received 1 response(s) [s2<-s0#0:FAIL-t238] and 0 exception(s); s2@group-5BD3E7F27A57:t238, leader=null, voted=s2, raftlog=s2@group-5BD3E7F27A57-SegmentedRaftLog:OPENED:c1,f3,i3, conf=3: [s0:0.0.0.0:41468, s1:0.0.0.0:41619, s2:0.0.0.0:44382], old=null
2019-09-26 09:49:46,731 INFO  impl.LeaderElection (LeaderElection.java:askForVotes(178)) - s2@group-5BD3E7F27A57-LeaderElection93: begin an election at term 239 for 3: [s0:0.0.0.0:41468, s1:0.0.0.0:41619, s2:0.0.0.0:44382], old=null
2019-09-26 09:49:46,732 DEBUG impl.RaftServerImpl (RaftServerImpl.java:requestVote(743)) - s0@group-5BD3E7F27A57: receive requestVote(s2, group-5BD3E7F27A57, 239, (t:4, i:3))
2019-09-26 09:49:46,732 DEBUG impl.RaftServerImpl (RaftServerImpl.java:requestVote(775)) - s0@group-5BD3E7F27A57 replies to vote request: s2<-s0#0:FAIL-t239. Peer's state: s0@group-5BD3E7F27A57:t239, leader=null, voted=s0, raftlog=s0@group-5BD3E7F27A57-SegmentedRaftLog:OPENED:c3,f4,i4, conf=3: [s0:0.0.0.0:41468, s1:0.0.0.0:41619, s2:0.0.0.0:44382], old=null
2019-09-26 09:49:46,872 WARN  ratis.RaftTestUtil (JavaUtils.java:attempt(158)) - FAILED "waitForLeader-null-(expectLeader? true)", attempt #20/100: java.lang.IllegalStateException: No leader yet : printing ALL groups
  s0:  RUNNING CANDIDATE s0@group-5BD3E7F27A57:t239, leader=null, voted=s0, raftlog=s0@group-5BD3E7F27A57-SegmentedRaftLog:OPENED:c3,f4,i4, conf=3: [s0:0.0.0.0:41468, s1:0.0.0.0:41619, s2:0.0.0.0:44382], old=null RUNNING
  s1:  RUNNING CANDIDATE s1@group-5BD3E7F27A57:t239, leader=null, voted=s1, raftlog=s1@group-5BD3E7F27A57-SegmentedRaftLog:OPENED:c2,f3,i3, conf=2: [s0:0.0.0.0:41468, s1:0.0.0.0:41619, s2:0.0.0.0:44382], old=null RUNNING
  s2:  RUNNING CANDIDATE s2@group-5BD3E7F27A57:t239, leader=null, voted=s2, raftlog=s2@group-5BD3E7F27A57-SegmentedRaftLog:OPENED:c1,f3,i3, conf=3: [s0:0.0.0.0:41468, s1:0.0.0.0:41619, s2:0.0.0.0:44382], old=null RUNNING, sleep 450ms and then retry.
java.lang.IllegalStateException: No leader yet : printing ALL groups
  s0:  RUNNING CANDIDATE s0@group-5BD3E7F27A57:t239, leader=null, voted=s0, raftlog=s0@group-5BD3E7F27A57-SegmentedRaftLog:OPENED:c3,f4,i4, conf=3: [s0:0.0.0.0:41468, s1:0.0.0.0:41619, s2:0.0.0.0:44382], old=null RUNNING
  s1:  RUNNING CANDIDATE s1@group-5BD3E7F27A57:t239, leader=null, voted=s1, raftlog=s1@group-5BD3E7F27A57-SegmentedRaftLog:OPENED:c2,f3,i3, conf=2: [s0:0.0.0.0:41468, s1:0.0.0.0:41619, s2:0.0.0.0:44382], old=null RUNNING
  s2:  RUNNING CANDIDATE s2@group-5BD3E7F27A57:t239, leader=null, voted=s2, raftlog=s2@group-5BD3E7F27A57-SegmentedRaftLog:OPENED:c1,f3,i3, conf=3: [s0:0.0.0.0:41468, s1:0.0.0.0:41619, s2:0.0.0.0:44382], old=null RUNNING
	at org.apache.ratis.MiniRaftCluster.newIllegalStateExceptionForNoLeaders(MiniRaftCluster.java:506)
	at org.apache.ratis.RaftTestUtil.lambda$waitForLeader$1(RaftTestUtil.java:90)
	at org.apache.ratis.MiniRaftCluster.getLeader(MiniRaftCluster.java:539)
	at org.apache.ratis.MiniRaftCluster.getLeader(MiniRaftCluster.java:532)
	at org.apache.ratis.RaftTestUtil.lambda$waitForLeader$3(RaftTestUtil.java:98)
	at org.apache.ratis.util.JavaUtils.attempt(JavaUtils.java:152)
	at org.apache.ratis.RaftTestUtil.waitForLeader(RaftTestUtil.java:97)
	at org.apache.ratis.RaftTestUtil.waitForLeader(RaftTestUtil.java:77)
	at org.apache.ratis.RaftTestUtil.waitForLeader(RaftTestUtil.java:72)
	at org.apache.ratis.RaftTestUtil.lambda$changeLeader$7(RaftTestUtil.java:363)
	at org.apache.ratis.util.JavaUtils.attempt(JavaUtils.java:152)
	at org.apache.ratis.RaftTestUtil.changeLeader(RaftTestUtil.java:362)
	at org.apache.ratis.server.impl.LeaderElectionTests.testChangeLeader(LeaderElectionTests.java:81)
	at sun.reflect.NativeMethodAccessorImpl.invoke0(Native Method)
	at sun.reflect.NativeMethodAccessorImpl.invoke(NativeMethodAccessorImpl.java:62)
	at sun.reflect.DelegatingMethodAccessorImpl.invoke(DelegatingMethodAccessorImpl.java:43)
	at java.lang.reflect.Method.invoke(Method.java:498)
	at org.junit.runners.model.FrameworkMethod$1.runReflectiveCall(FrameworkMethod.java:50)
	at org.junit.internal.runners.model.ReflectiveCallable.run(ReflectiveCallable.java:12)
	at org.junit.runners.model.FrameworkMethod.invokeExplosively(FrameworkMethod.java:47)
	at org.junit.internal.runners.statements.InvokeMethod.evaluate(InvokeMethod.java:17)
	at org.junit.internal.runners.statements.RunAfters.evaluate(RunAfters.java:27)
	at org.junit.internal.runners.statements.FailOnTimeout$CallableStatement.call(FailOnTimeout.java:298)
	at org.junit.internal.runners.statements.FailOnTimeout$CallableStatement.call(FailOnTimeout.java:292)
	at java.util.concurrent.FutureTask.run(FutureTask.java:266)
	at java.lang.Thread.run(Thread.java:748)
2019-09-26 09:49:46,922 INFO  impl.LeaderElection (LeaderElection.java:logAndReturn(56)) - s1@group-5BD3E7F27A57-LeaderElection94: Election TIMEOUT; received 1 response(s) [s1<-s0#0:FAIL-t239] and 0 exception(s); s1@group-5BD3E7F27A57:t239, leader=null, voted=s1, raftlog=s1@group-5BD3E7F27A57-SegmentedRaftLog:OPENED:c2,f3,i3, conf=2: [s0:0.0.0.0:41468, s1:0.0.0.0:41619, s2:0.0.0.0:44382], old=null
2019-09-26 09:49:46,935 INFO  impl.LeaderElection (LeaderElection.java:askForVotes(178)) - s1@group-5BD3E7F27A57-LeaderElection94: begin an election at term 240 for 2: [s0:0.0.0.0:41468, s1:0.0.0.0:41619, s2:0.0.0.0:44382], old=null
2019-09-26 09:49:46,936 DEBUG impl.RaftServerImpl (RaftServerImpl.java:requestVote(743)) - s0@group-5BD3E7F27A57: receive requestVote(s1, group-5BD3E7F27A57, 240, (t:3, i:3))
2019-09-26 09:49:46,936 INFO  impl.RaftServerImpl (RaftServerImpl.java:setRole(170)) - s0@group-5BD3E7F27A57: changes role from CANDIDATE to FOLLOWER at term 240 for recognizeCandidate:s1
2019-09-26 09:49:46,936 INFO  impl.RoleInfo (RoleInfo.java:shutdownLeaderElection(134)) - s0: shutdown LeaderElection
2019-09-26 09:49:46,936 INFO  impl.RoleInfo (RoleInfo.java:updateAndGet(143)) - s0: start FollowerState
2019-09-26 09:49:46,951 DEBUG impl.RaftServerImpl (RaftServerImpl.java:requestVote(775)) - s0@group-5BD3E7F27A57 replies to vote request: s1<-s0#0:FAIL-t240. Peer's state: s0@group-5BD3E7F27A57:t240, leader=null, voted=null, raftlog=s0@group-5BD3E7F27A57-SegmentedRaftLog:OPENED:c3,f4,i4, conf=3: [s0:0.0.0.0:41468, s1:0.0.0.0:41619, s2:0.0.0.0:44382], old=null
2019-09-26 09:49:46,952 INFO  impl.LeaderElection (LeaderElection.java:logAndReturn(56)) - s2@group-5BD3E7F27A57-LeaderElection93: Election TIMEOUT; received 1 response(s) [s2<-s0#0:FAIL-t239] and 0 exception(s); s2@group-5BD3E7F27A57:t239, leader=null, voted=s2, raftlog=s2@group-5BD3E7F27A57-SegmentedRaftLog:OPENED:c1,f3,i3, conf=3: [s0:0.0.0.0:41468, s1:0.0.0.0:41619, s2:0.0.0.0:44382], old=null
2019-09-26 09:49:46,962 INFO  impl.LeaderElection (LeaderElection.java:logAndReturn(56)) - s0@group-5BD3E7F27A57-LeaderElection95: Election REJECTED; received 0 response(s) [] and 0 exception(s); s0@group-5BD3E7F27A57:t240, leader=null, voted=null, raftlog=s0@group-5BD3E7F27A57-SegmentedRaftLog:OPENED:c3,f4,i4, conf=3: [s0:0.0.0.0:41468, s1:0.0.0.0:41619, s2:0.0.0.0:44382], old=null
2019-09-26 09:49:46,967 INFO  impl.LeaderElection (LeaderElection.java:askForVotes(178)) - s2@group-5BD3E7F27A57-LeaderElection93: begin an election at term 240 for 3: [s0:0.0.0.0:41468, s1:0.0.0.0:41619, s2:0.0.0.0:44382], old=null
2019-09-26 09:49:46,967 DEBUG impl.RaftServerImpl (RaftServerImpl.java:requestVote(743)) - s0@group-5BD3E7F27A57: receive requestVote(s2, group-5BD3E7F27A57, 240, (t:4, i:3))
2019-09-26 09:49:46,967 INFO  impl.RaftServerImpl (RaftServerImpl.java:setRole(170)) - s0@group-5BD3E7F27A57: changes role from  FOLLOWER to FOLLOWER at term 240 for recognizeCandidate:s2
2019-09-26 09:49:46,967 INFO  impl.RoleInfo (RoleInfo.java:shutdownFollowerState(121)) - s0: shutdown FollowerState
2019-09-26 09:49:46,967 INFO  impl.RoleInfo (RoleInfo.java:updateAndGet(143)) - s0: start FollowerState
2019-09-26 09:49:46,968 INFO  impl.FollowerState (FollowerState.java:run(117)) - s0@group-5BD3E7F27A57-FollowerState was interrupted: java.lang.InterruptedException: sleep interrupted
2019-09-26 09:49:46,968 DEBUG impl.RaftServerImpl (RaftServerImpl.java:requestVote(775)) - s0@group-5BD3E7F27A57 replies to vote request: s2<-s0#0:FAIL-t240. Peer's state: s0@group-5BD3E7F27A57:t240, leader=null, voted=null, raftlog=s0@group-5BD3E7F27A57-SegmentedRaftLog:OPENED:c3,f4,i4, conf=3: [s0:0.0.0.0:41468, s1:0.0.0.0:41619, s2:0.0.0.0:44382], old=null
2019-09-26 09:49:47,142 INFO  impl.FollowerState (FollowerState.java:run(108)) - s0@group-5BD3E7F27A57-FollowerState: change to CANDIDATE, lastRpcTime:174ms, electionTimeout:174ms
2019-09-26 09:49:47,142 INFO  impl.RoleInfo (RoleInfo.java:shutdownFollowerState(121)) - s0: shutdown FollowerState
2019-09-26 09:49:47,143 INFO  impl.RaftServerImpl (RaftServerImpl.java:setRole(170)) - s0@group-5BD3E7F27A57: changes role from  FOLLOWER to CANDIDATE at term 240 for changeToCandidate
2019-09-26 09:49:47,143 INFO  impl.RoleInfo (RoleInfo.java:updateAndGet(143)) - s0: start LeaderElection
2019-09-26 09:49:47,147 INFO  impl.LeaderElection (LeaderElection.java:logAndReturn(56)) - s1@group-5BD3E7F27A57-LeaderElection94: Election TIMEOUT; received 1 response(s) [s1<-s0#0:FAIL-t240] and 0 exception(s); s1@group-5BD3E7F27A57:t240, leader=null, voted=s1, raftlog=s1@group-5BD3E7F27A57-SegmentedRaftLog:OPENED:c2,f3,i3, conf=2: [s0:0.0.0.0:41468, s1:0.0.0.0:41619, s2:0.0.0.0:44382], old=null
2019-09-26 09:49:47,157 INFO  impl.LeaderElection (LeaderElection.java:askForVotes(178)) - s1@group-5BD3E7F27A57-LeaderElection94: begin an election at term 241 for 2: [s0:0.0.0.0:41468, s1:0.0.0.0:41619, s2:0.0.0.0:44382], old=null
2019-09-26 09:49:47,157 INFO  impl.LeaderElection (LeaderElection.java:askForVotes(178)) - s0@group-5BD3E7F27A57-LeaderElection96: begin an election at term 241 for 3: [s0:0.0.0.0:41468, s1:0.0.0.0:41619, s2:0.0.0.0:44382], old=null
2019-09-26 09:49:47,158 DEBUG impl.RaftServerImpl (RaftServerImpl.java:requestVote(743)) - s0@group-5BD3E7F27A57: receive requestVote(s1, group-5BD3E7F27A57, 241, (t:3, i:3))
2019-09-26 09:49:47,158 DEBUG impl.RaftServerImpl (RaftServerImpl.java:requestVote(775)) - s0@group-5BD3E7F27A57 replies to vote request: s1<-s0#0:FAIL-t241. Peer's state: s0@group-5BD3E7F27A57:t241, leader=null, voted=s0, raftlog=s0@group-5BD3E7F27A57-SegmentedRaftLog:OPENED:c3,f4,i4, conf=3: [s0:0.0.0.0:41468, s1:0.0.0.0:41619, s2:0.0.0.0:44382], old=null
2019-09-26 09:49:47,186 INFO  impl.LeaderElection (LeaderElection.java:logAndReturn(56)) - s2@group-5BD3E7F27A57-LeaderElection93: Election TIMEOUT; received 1 response(s) [s2<-s0#0:FAIL-t240] and 0 exception(s); s2@group-5BD3E7F27A57:t240, leader=null, voted=s2, raftlog=s2@group-5BD3E7F27A57-SegmentedRaftLog:OPENED:c1,f3,i3, conf=3: [s0:0.0.0.0:41468, s1:0.0.0.0:41619, s2:0.0.0.0:44382], old=null
2019-09-26 09:49:47,199 INFO  impl.LeaderElection (LeaderElection.java:askForVotes(178)) - s2@group-5BD3E7F27A57-LeaderElection93: begin an election at term 241 for 3: [s0:0.0.0.0:41468, s1:0.0.0.0:41619, s2:0.0.0.0:44382], old=null
2019-09-26 09:49:47,200 DEBUG impl.RaftServerImpl (RaftServerImpl.java:requestVote(743)) - s0@group-5BD3E7F27A57: receive requestVote(s2, group-5BD3E7F27A57, 241, (t:4, i:3))
2019-09-26 09:49:47,200 DEBUG impl.RaftServerImpl (RaftServerImpl.java:requestVote(775)) - s0@group-5BD3E7F27A57 replies to vote request: s2<-s0#0:FAIL-t241. Peer's state: s0@group-5BD3E7F27A57:t241, leader=null, voted=s0, raftlog=s0@group-5BD3E7F27A57-SegmentedRaftLog:OPENED:c3,f4,i4, conf=3: [s0:0.0.0.0:41468, s1:0.0.0.0:41619, s2:0.0.0.0:44382], old=null
2019-09-26 09:49:47,323 WARN  ratis.RaftTestUtil (JavaUtils.java:attempt(158)) - FAILED "waitForLeader-null-(expectLeader? true)", attempt #21/100: java.lang.IllegalStateException: No leader yet : printing ALL groups
  s0:  RUNNING CANDIDATE s0@group-5BD3E7F27A57:t241, leader=null, voted=s0, raftlog=s0@group-5BD3E7F27A57-SegmentedRaftLog:OPENED:c3,f4,i4, conf=3: [s0:0.0.0.0:41468, s1:0.0.0.0:41619, s2:0.0.0.0:44382], old=null RUNNING
  s1:  RUNNING CANDIDATE s1@group-5BD3E7F27A57:t241, leader=null, voted=s1, raftlog=s1@group-5BD3E7F27A57-SegmentedRaftLog:OPENED:c2,f3,i3, conf=2: [s0:0.0.0.0:41468, s1:0.0.0.0:41619, s2:0.0.0.0:44382], old=null RUNNING
  s2:  RUNNING CANDIDATE s2@group-5BD3E7F27A57:t241, leader=null, voted=s2, raftlog=s2@group-5BD3E7F27A57-SegmentedRaftLog:OPENED:c1,f3,i3, conf=3: [s0:0.0.0.0:41468, s1:0.0.0.0:41619, s2:0.0.0.0:44382], old=null RUNNING, sleep 450ms and then retry.
java.lang.IllegalStateException: No leader yet : printing ALL groups
  s0:  RUNNING CANDIDATE s0@group-5BD3E7F27A57:t241, leader=null, voted=s0, raftlog=s0@group-5BD3E7F27A57-SegmentedRaftLog:OPENED:c3,f4,i4, conf=3: [s0:0.0.0.0:41468, s1:0.0.0.0:41619, s2:0.0.0.0:44382], old=null RUNNING
  s1:  RUNNING CANDIDATE s1@group-5BD3E7F27A57:t241, leader=null, voted=s1, raftlog=s1@group-5BD3E7F27A57-SegmentedRaftLog:OPENED:c2,f3,i3, conf=2: [s0:0.0.0.0:41468, s1:0.0.0.0:41619, s2:0.0.0.0:44382], old=null RUNNING
  s2:  RUNNING CANDIDATE s2@group-5BD3E7F27A57:t241, leader=null, voted=s2, raftlog=s2@group-5BD3E7F27A57-SegmentedRaftLog:OPENED:c1,f3,i3, conf=3: [s0:0.0.0.0:41468, s1:0.0.0.0:41619, s2:0.0.0.0:44382], old=null RUNNING
	at org.apache.ratis.MiniRaftCluster.newIllegalStateExceptionForNoLeaders(MiniRaftCluster.java:506)
	at org.apache.ratis.RaftTestUtil.lambda$waitForLeader$1(RaftTestUtil.java:90)
	at org.apache.ratis.MiniRaftCluster.getLeader(MiniRaftCluster.java:539)
	at org.apache.ratis.MiniRaftCluster.getLeader(MiniRaftCluster.java:532)
	at org.apache.ratis.RaftTestUtil.lambda$waitForLeader$3(RaftTestUtil.java:98)
	at org.apache.ratis.util.JavaUtils.attempt(JavaUtils.java:152)
	at org.apache.ratis.RaftTestUtil.waitForLeader(RaftTestUtil.java:97)
	at org.apache.ratis.RaftTestUtil.waitForLeader(RaftTestUtil.java:77)
	at org.apache.ratis.RaftTestUtil.waitForLeader(RaftTestUtil.java:72)
	at org.apache.ratis.RaftTestUtil.lambda$changeLeader$7(RaftTestUtil.java:363)
	at org.apache.ratis.util.JavaUtils.attempt(JavaUtils.java:152)
	at org.apache.ratis.RaftTestUtil.changeLeader(RaftTestUtil.java:362)
	at org.apache.ratis.server.impl.LeaderElectionTests.testChangeLeader(LeaderElectionTests.java:81)
	at sun.reflect.NativeMethodAccessorImpl.invoke0(Native Method)
	at sun.reflect.NativeMethodAccessorImpl.invoke(NativeMethodAccessorImpl.java:62)
	at sun.reflect.DelegatingMethodAccessorImpl.invoke(DelegatingMethodAccessorImpl.java:43)
	at java.lang.reflect.Method.invoke(Method.java:498)
	at org.junit.runners.model.FrameworkMethod$1.runReflectiveCall(FrameworkMethod.java:50)
	at org.junit.internal.runners.model.ReflectiveCallable.run(ReflectiveCallable.java:12)
	at org.junit.runners.model.FrameworkMethod.invokeExplosively(FrameworkMethod.java:47)
	at org.junit.internal.runners.statements.InvokeMethod.evaluate(InvokeMethod.java:17)
	at org.junit.internal.runners.statements.RunAfters.evaluate(RunAfters.java:27)
	at org.junit.internal.runners.statements.FailOnTimeout$CallableStatement.call(FailOnTimeout.java:298)
	at org.junit.internal.runners.statements.FailOnTimeout$CallableStatement.call(FailOnTimeout.java:292)
	at java.util.concurrent.FutureTask.run(FutureTask.java:266)
	at java.lang.Thread.run(Thread.java:748)
2019-09-26 09:49:47,419 INFO  impl.LeaderElection (LeaderElection.java:logAndReturn(56)) - s0@group-5BD3E7F27A57-LeaderElection96: Election TIMEOUT; received 0 response(s) [] and 0 exception(s); s0@group-5BD3E7F27A57:t241, leader=null, voted=s0, raftlog=s0@group-5BD3E7F27A57-SegmentedRaftLog:OPENED:c3,f4,i4, conf=3: [s0:0.0.0.0:41468, s1:0.0.0.0:41619, s2:0.0.0.0:44382], old=null
2019-09-26 09:49:47,433 INFO  impl.LeaderElection (LeaderElection.java:askForVotes(178)) - s0@group-5BD3E7F27A57-LeaderElection96: begin an election at term 242 for 3: [s0:0.0.0.0:41468, s1:0.0.0.0:41619, s2:0.0.0.0:44382], old=null
2019-09-26 09:49:47,437 INFO  impl.LeaderElection (LeaderElection.java:logAndReturn(56)) - s1@group-5BD3E7F27A57-LeaderElection94: Election TIMEOUT; received 1 response(s) [s1<-s0#0:FAIL-t241] and 0 exception(s); s1@group-5BD3E7F27A57:t241, leader=null, voted=s1, raftlog=s1@group-5BD3E7F27A57-SegmentedRaftLog:OPENED:c2,f3,i3, conf=2: [s0:0.0.0.0:41468, s1:0.0.0.0:41619, s2:0.0.0.0:44382], old=null
2019-09-26 09:49:47,450 INFO  impl.LeaderElection (LeaderElection.java:askForVotes(178)) - s1@group-5BD3E7F27A57-LeaderElection94: begin an election at term 242 for 2: [s0:0.0.0.0:41468, s1:0.0.0.0:41619, s2:0.0.0.0:44382], old=null
2019-09-26 09:49:47,450 DEBUG impl.RaftServerImpl (RaftServerImpl.java:requestVote(743)) - s0@group-5BD3E7F27A57: receive requestVote(s1, group-5BD3E7F27A57, 242, (t:3, i:3))
2019-09-26 09:49:47,451 DEBUG impl.RaftServerImpl (RaftServerImpl.java:requestVote(775)) - s0@group-5BD3E7F27A57 replies to vote request: s1<-s0#0:FAIL-t242. Peer's state: s0@group-5BD3E7F27A57:t242, leader=null, voted=s0, raftlog=s0@group-5BD3E7F27A57-SegmentedRaftLog:OPENED:c3,f4,i4, conf=3: [s0:0.0.0.0:41468, s1:0.0.0.0:41619, s2:0.0.0.0:44382], old=null
2019-09-26 09:49:47,466 INFO  impl.LeaderElection (LeaderElection.java:logAndReturn(56)) - s2@group-5BD3E7F27A57-LeaderElection93: Election TIMEOUT; received 1 response(s) [s2<-s0#0:FAIL-t241] and 0 exception(s); s2@group-5BD3E7F27A57:t241, leader=null, voted=s2, raftlog=s2@group-5BD3E7F27A57-SegmentedRaftLog:OPENED:c1,f3,i3, conf=3: [s0:0.0.0.0:41468, s1:0.0.0.0:41619, s2:0.0.0.0:44382], old=null
2019-09-26 09:49:47,479 INFO  impl.LeaderElection (LeaderElection.java:askForVotes(178)) - s2@group-5BD3E7F27A57-LeaderElection93: begin an election at term 242 for 3: [s0:0.0.0.0:41468, s1:0.0.0.0:41619, s2:0.0.0.0:44382], old=null
2019-09-26 09:49:47,479 DEBUG impl.RaftServerImpl (RaftServerImpl.java:requestVote(743)) - s0@group-5BD3E7F27A57: receive requestVote(s2, group-5BD3E7F27A57, 242, (t:4, i:3))
2019-09-26 09:49:47,479 DEBUG impl.RaftServerImpl (RaftServerImpl.java:requestVote(775)) - s0@group-5BD3E7F27A57 replies to vote request: s2<-s0#0:FAIL-t242. Peer's state: s0@group-5BD3E7F27A57:t242, leader=null, voted=s0, raftlog=s0@group-5BD3E7F27A57-SegmentedRaftLog:OPENED:c3,f4,i4, conf=3: [s0:0.0.0.0:41468, s1:0.0.0.0:41619, s2:0.0.0.0:44382], old=null
2019-09-26 09:49:47,616 INFO  impl.LeaderElection (LeaderElection.java:logAndReturn(56)) - s0@group-5BD3E7F27A57-LeaderElection96: Election TIMEOUT; received 0 response(s) [] and 0 exception(s); s0@group-5BD3E7F27A57:t242, leader=null, voted=s0, raftlog=s0@group-5BD3E7F27A57-SegmentedRaftLog:OPENED:c3,f4,i4, conf=3: [s0:0.0.0.0:41468, s1:0.0.0.0:41619, s2:0.0.0.0:44382], old=null
2019-09-26 09:49:47,640 INFO  impl.LeaderElection (LeaderElection.java:askForVotes(178)) - s0@group-5BD3E7F27A57-LeaderElection96: begin an election at term 243 for 3: [s0:0.0.0.0:41468, s1:0.0.0.0:41619, s2:0.0.0.0:44382], old=null
2019-09-26 09:49:47,647 INFO  impl.LeaderElection (LeaderElection.java:logAndReturn(56)) - s1@group-5BD3E7F27A57-LeaderElection94: Election TIMEOUT; received 1 response(s) [s1<-s0#0:FAIL-t242] and 0 exception(s); s1@group-5BD3E7F27A57:t242, leader=null, voted=s1, raftlog=s1@group-5BD3E7F27A57-SegmentedRaftLog:OPENED:c2,f3,i3, conf=2: [s0:0.0.0.0:41468, s1:0.0.0.0:41619, s2:0.0.0.0:44382], old=null
2019-09-26 09:49:47,667 INFO  impl.LeaderElection (LeaderElection.java:askForVotes(178)) - s1@group-5BD3E7F27A57-LeaderElection94: begin an election at term 243 for 2: [s0:0.0.0.0:41468, s1:0.0.0.0:41619, s2:0.0.0.0:44382], old=null
2019-09-26 09:49:47,668 DEBUG impl.RaftServerImpl (RaftServerImpl.java:requestVote(743)) - s0@group-5BD3E7F27A57: receive requestVote(s1, group-5BD3E7F27A57, 243, (t:3, i:3))
2019-09-26 09:49:47,668 DEBUG impl.RaftServerImpl (RaftServerImpl.java:requestVote(775)) - s0@group-5BD3E7F27A57 replies to vote request: s1<-s0#0:FAIL-t243. Peer's state: s0@group-5BD3E7F27A57:t243, leader=null, voted=s0, raftlog=s0@group-5BD3E7F27A57-SegmentedRaftLog:OPENED:c3,f4,i4, conf=3: [s0:0.0.0.0:41468, s1:0.0.0.0:41619, s2:0.0.0.0:44382], old=null
2019-09-26 09:49:47,703 INFO  impl.LeaderElection (LeaderElection.java:logAndReturn(56)) - s2@group-5BD3E7F27A57-LeaderElection93: Election TIMEOUT; received 1 response(s) [s2<-s0#0:FAIL-t242] and 0 exception(s); s2@group-5BD3E7F27A57:t242, leader=null, voted=s2, raftlog=s2@group-5BD3E7F27A57-SegmentedRaftLog:OPENED:c1,f3,i3, conf=3: [s0:0.0.0.0:41468, s1:0.0.0.0:41619, s2:0.0.0.0:44382], old=null
2019-09-26 09:49:47,717 INFO  impl.LeaderElection (LeaderElection.java:askForVotes(178)) - s2@group-5BD3E7F27A57-LeaderElection93: begin an election at term 243 for 3: [s0:0.0.0.0:41468, s1:0.0.0.0:41619, s2:0.0.0.0:44382], old=null
2019-09-26 09:49:47,717 DEBUG impl.RaftServerImpl (RaftServerImpl.java:requestVote(743)) - s0@group-5BD3E7F27A57: receive requestVote(s2, group-5BD3E7F27A57, 243, (t:4, i:3))
2019-09-26 09:49:47,718 DEBUG impl.RaftServerImpl (RaftServerImpl.java:requestVote(775)) - s0@group-5BD3E7F27A57 replies to vote request: s2<-s0#0:FAIL-t243. Peer's state: s0@group-5BD3E7F27A57:t243, leader=null, voted=s0, raftlog=s0@group-5BD3E7F27A57-SegmentedRaftLog:OPENED:c3,f4,i4, conf=3: [s0:0.0.0.0:41468, s1:0.0.0.0:41619, s2:0.0.0.0:44382], old=null
2019-09-26 09:49:47,774 WARN  ratis.RaftTestUtil (JavaUtils.java:attempt(158)) - FAILED "waitForLeader-null-(expectLeader? true)", attempt #22/100: java.lang.IllegalStateException: No leader yet : printing ALL groups
  s0:  RUNNING CANDIDATE s0@group-5BD3E7F27A57:t243, leader=null, voted=s0, raftlog=s0@group-5BD3E7F27A57-SegmentedRaftLog:OPENED:c3,f4,i4, conf=3: [s0:0.0.0.0:41468, s1:0.0.0.0:41619, s2:0.0.0.0:44382], old=null RUNNING
  s1:  RUNNING CANDIDATE s1@group-5BD3E7F27A57:t243, leader=null, voted=s1, raftlog=s1@group-5BD3E7F27A57-SegmentedRaftLog:OPENED:c2,f3,i3, conf=2: [s0:0.0.0.0:41468, s1:0.0.0.0:41619, s2:0.0.0.0:44382], old=null RUNNING
  s2:  RUNNING CANDIDATE s2@group-5BD3E7F27A57:t243, leader=null, voted=s2, raftlog=s2@group-5BD3E7F27A57-SegmentedRaftLog:OPENED:c1,f3,i3, conf=3: [s0:0.0.0.0:41468, s1:0.0.0.0:41619, s2:0.0.0.0:44382], old=null RUNNING, sleep 450ms and then retry.
java.lang.IllegalStateException: No leader yet : printing ALL groups
  s0:  RUNNING CANDIDATE s0@group-5BD3E7F27A57:t243, leader=null, voted=s0, raftlog=s0@group-5BD3E7F27A57-SegmentedRaftLog:OPENED:c3,f4,i4, conf=3: [s0:0.0.0.0:41468, s1:0.0.0.0:41619, s2:0.0.0.0:44382], old=null RUNNING
  s1:  RUNNING CANDIDATE s1@group-5BD3E7F27A57:t243, leader=null, voted=s1, raftlog=s1@group-5BD3E7F27A57-SegmentedRaftLog:OPENED:c2,f3,i3, conf=2: [s0:0.0.0.0:41468, s1:0.0.0.0:41619, s2:0.0.0.0:44382], old=null RUNNING
  s2:  RUNNING CANDIDATE s2@group-5BD3E7F27A57:t243, leader=null, voted=s2, raftlog=s2@group-5BD3E7F27A57-SegmentedRaftLog:OPENED:c1,f3,i3, conf=3: [s0:0.0.0.0:41468, s1:0.0.0.0:41619, s2:0.0.0.0:44382], old=null RUNNING
	at org.apache.ratis.MiniRaftCluster.newIllegalStateExceptionForNoLeaders(MiniRaftCluster.java:506)
	at org.apache.ratis.RaftTestUtil.lambda$waitForLeader$1(RaftTestUtil.java:90)
	at org.apache.ratis.MiniRaftCluster.getLeader(MiniRaftCluster.java:539)
	at org.apache.ratis.MiniRaftCluster.getLeader(MiniRaftCluster.java:532)
	at org.apache.ratis.RaftTestUtil.lambda$waitForLeader$3(RaftTestUtil.java:98)
	at org.apache.ratis.util.JavaUtils.attempt(JavaUtils.java:152)
	at org.apache.ratis.RaftTestUtil.waitForLeader(RaftTestUtil.java:97)
	at org.apache.ratis.RaftTestUtil.waitForLeader(RaftTestUtil.java:77)
	at org.apache.ratis.RaftTestUtil.waitForLeader(RaftTestUtil.java:72)
	at org.apache.ratis.RaftTestUtil.lambda$changeLeader$7(RaftTestUtil.java:363)
	at org.apache.ratis.util.JavaUtils.attempt(JavaUtils.java:152)
	at org.apache.ratis.RaftTestUtil.changeLeader(RaftTestUtil.java:362)
	at org.apache.ratis.server.impl.LeaderElectionTests.testChangeLeader(LeaderElectionTests.java:81)
	at sun.reflect.NativeMethodAccessorImpl.invoke0(Native Method)
	at sun.reflect.NativeMethodAccessorImpl.invoke(NativeMethodAccessorImpl.java:62)
	at sun.reflect.DelegatingMethodAccessorImpl.invoke(DelegatingMethodAccessorImpl.java:43)
	at java.lang.reflect.Method.invoke(Method.java:498)
	at org.junit.runners.model.FrameworkMethod$1.runReflectiveCall(FrameworkMethod.java:50)
	at org.junit.internal.runners.model.ReflectiveCallable.run(ReflectiveCallable.java:12)
	at org.junit.runners.model.FrameworkMethod.invokeExplosively(FrameworkMethod.java:47)
	at org.junit.internal.runners.statements.InvokeMethod.evaluate(InvokeMethod.java:17)
	at org.junit.internal.runners.statements.RunAfters.evaluate(RunAfters.java:27)
	at org.junit.internal.runners.statements.FailOnTimeout$CallableStatement.call(FailOnTimeout.java:298)
	at org.junit.internal.runners.statements.FailOnTimeout$CallableStatement.call(FailOnTimeout.java:292)
	at java.util.concurrent.FutureTask.run(FutureTask.java:266)
	at java.lang.Thread.run(Thread.java:748)
2019-09-26 09:49:47,822 INFO  impl.LeaderElection (LeaderElection.java:logAndReturn(56)) - s1@group-5BD3E7F27A57-LeaderElection94: Election TIMEOUT; received 1 response(s) [s1<-s0#0:FAIL-t243] and 0 exception(s); s1@group-5BD3E7F27A57:t243, leader=null, voted=s1, raftlog=s1@group-5BD3E7F27A57-SegmentedRaftLog:OPENED:c2,f3,i3, conf=2: [s0:0.0.0.0:41468, s1:0.0.0.0:41619, s2:0.0.0.0:44382], old=null
2019-09-26 09:49:47,835 INFO  impl.LeaderElection (LeaderElection.java:askForVotes(178)) - s1@group-5BD3E7F27A57-LeaderElection94: begin an election at term 244 for 2: [s0:0.0.0.0:41468, s1:0.0.0.0:41619, s2:0.0.0.0:44382], old=null
2019-09-26 09:49:47,835 DEBUG impl.RaftServerImpl (RaftServerImpl.java:requestVote(743)) - s0@group-5BD3E7F27A57: receive requestVote(s1, group-5BD3E7F27A57, 244, (t:3, i:3))
2019-09-26 09:49:47,835 INFO  impl.RaftServerImpl (RaftServerImpl.java:setRole(170)) - s0@group-5BD3E7F27A57: changes role from CANDIDATE to FOLLOWER at term 244 for recognizeCandidate:s1
2019-09-26 09:49:47,835 INFO  impl.RoleInfo (RoleInfo.java:shutdownLeaderElection(134)) - s0: shutdown LeaderElection
2019-09-26 09:49:47,836 INFO  impl.RoleInfo (RoleInfo.java:updateAndGet(143)) - s0: start FollowerState
2019-09-26 09:49:47,850 DEBUG impl.RaftServerImpl (RaftServerImpl.java:requestVote(775)) - s0@group-5BD3E7F27A57 replies to vote request: s1<-s0#0:FAIL-t244. Peer's state: s0@group-5BD3E7F27A57:t244, leader=null, voted=null, raftlog=s0@group-5BD3E7F27A57-SegmentedRaftLog:OPENED:c3,f4,i4, conf=3: [s0:0.0.0.0:41468, s1:0.0.0.0:41619, s2:0.0.0.0:44382], old=null
2019-09-26 09:49:47,885 INFO  impl.LeaderElection (LeaderElection.java:logAndReturn(56)) - s0@group-5BD3E7F27A57-LeaderElection96: Election REJECTED; received 0 response(s) [] and 0 exception(s); s0@group-5BD3E7F27A57:t244, leader=null, voted=null, raftlog=s0@group-5BD3E7F27A57-SegmentedRaftLog:OPENED:c3,f4,i4, conf=3: [s0:0.0.0.0:41468, s1:0.0.0.0:41619, s2:0.0.0.0:44382], old=null
2019-09-26 09:49:47,896 INFO  impl.LeaderElection (LeaderElection.java:logAndReturn(56)) - s2@group-5BD3E7F27A57-LeaderElection93: Election TIMEOUT; received 1 response(s) [s2<-s0#0:FAIL-t243] and 0 exception(s); s2@group-5BD3E7F27A57:t243, leader=null, voted=s2, raftlog=s2@group-5BD3E7F27A57-SegmentedRaftLog:OPENED:c1,f3,i3, conf=3: [s0:0.0.0.0:41468, s1:0.0.0.0:41619, s2:0.0.0.0:44382], old=null
2019-09-26 09:49:47,920 INFO  impl.LeaderElection (LeaderElection.java:askForVotes(178)) - s2@group-5BD3E7F27A57-LeaderElection93: begin an election at term 244 for 3: [s0:0.0.0.0:41468, s1:0.0.0.0:41619, s2:0.0.0.0:44382], old=null
2019-09-26 09:49:47,920 DEBUG impl.RaftServerImpl (RaftServerImpl.java:requestVote(743)) - s0@group-5BD3E7F27A57: receive requestVote(s2, group-5BD3E7F27A57, 244, (t:4, i:3))
2019-09-26 09:49:47,920 INFO  impl.RaftServerImpl (RaftServerImpl.java:setRole(170)) - s0@group-5BD3E7F27A57: changes role from  FOLLOWER to FOLLOWER at term 244 for recognizeCandidate:s2
2019-09-26 09:49:47,921 INFO  impl.RoleInfo (RoleInfo.java:shutdownFollowerState(121)) - s0: shutdown FollowerState
2019-09-26 09:49:47,921 INFO  impl.RoleInfo (RoleInfo.java:updateAndGet(143)) - s0: start FollowerState
2019-09-26 09:49:47,921 INFO  impl.FollowerState (FollowerState.java:run(117)) - s0@group-5BD3E7F27A57-FollowerState was interrupted: java.lang.InterruptedException: sleep interrupted
2019-09-26 09:49:47,921 DEBUG impl.RaftServerImpl (RaftServerImpl.java:requestVote(775)) - s0@group-5BD3E7F27A57 replies to vote request: s2<-s0#0:FAIL-t244. Peer's state: s0@group-5BD3E7F27A57:t244, leader=null, voted=null, raftlog=s0@group-5BD3E7F27A57-SegmentedRaftLog:OPENED:c3,f4,i4, conf=3: [s0:0.0.0.0:41468, s1:0.0.0.0:41619, s2:0.0.0.0:44382], old=null
2019-09-26 09:49:48,084 INFO  impl.FollowerState (FollowerState.java:run(108)) - s0@group-5BD3E7F27A57-FollowerState: change to CANDIDATE, lastRpcTime:163ms, electionTimeout:163ms
2019-09-26 09:49:48,085 INFO  impl.RoleInfo (RoleInfo.java:shutdownFollowerState(121)) - s0: shutdown FollowerState
2019-09-26 09:49:48,085 INFO  impl.RaftServerImpl (RaftServerImpl.java:setRole(170)) - s0@group-5BD3E7F27A57: changes role from  FOLLOWER to CANDIDATE at term 244 for changeToCandidate
2019-09-26 09:49:48,085 INFO  impl.RoleInfo (RoleInfo.java:updateAndGet(143)) - s0: start LeaderElection
2019-09-26 09:49:48,098 INFO  impl.LeaderElection (LeaderElection.java:askForVotes(178)) - s0@group-5BD3E7F27A57-LeaderElection97: begin an election at term 245 for 3: [s0:0.0.0.0:41468, s1:0.0.0.0:41619, s2:0.0.0.0:44382], old=null
2019-09-26 09:49:48,109 INFO  impl.LeaderElection (LeaderElection.java:logAndReturn(56)) - s1@group-5BD3E7F27A57-LeaderElection94: Election TIMEOUT; received 1 response(s) [s1<-s0#0:FAIL-t244] and 0 exception(s); s1@group-5BD3E7F27A57:t244, leader=null, voted=s1, raftlog=s1@group-5BD3E7F27A57-SegmentedRaftLog:OPENED:c2,f3,i3, conf=2: [s0:0.0.0.0:41468, s1:0.0.0.0:41619, s2:0.0.0.0:44382], old=null
2019-09-26 09:49:48,140 INFO  impl.LeaderElection (LeaderElection.java:askForVotes(178)) - s1@group-5BD3E7F27A57-LeaderElection94: begin an election at term 245 for 2: [s0:0.0.0.0:41468, s1:0.0.0.0:41619, s2:0.0.0.0:44382], old=null
2019-09-26 09:49:48,141 DEBUG impl.RaftServerImpl (RaftServerImpl.java:requestVote(743)) - s0@group-5BD3E7F27A57: receive requestVote(s1, group-5BD3E7F27A57, 245, (t:3, i:3))
2019-09-26 09:49:48,141 DEBUG impl.RaftServerImpl (RaftServerImpl.java:requestVote(775)) - s0@group-5BD3E7F27A57 replies to vote request: s1<-s0#0:FAIL-t245. Peer's state: s0@group-5BD3E7F27A57:t245, leader=null, voted=s0, raftlog=s0@group-5BD3E7F27A57-SegmentedRaftLog:OPENED:c3,f4,i4, conf=3: [s0:0.0.0.0:41468, s1:0.0.0.0:41619, s2:0.0.0.0:44382], old=null
2019-09-26 09:49:48,189 INFO  impl.LeaderElection (LeaderElection.java:logAndReturn(56)) - s2@group-5BD3E7F27A57-LeaderElection93: Election TIMEOUT; received 1 response(s) [s2<-s0#0:FAIL-t244] and 0 exception(s); s2@group-5BD3E7F27A57:t244, leader=null, voted=s2, raftlog=s2@group-5BD3E7F27A57-SegmentedRaftLog:OPENED:c1,f3,i3, conf=3: [s0:0.0.0.0:41468, s1:0.0.0.0:41619, s2:0.0.0.0:44382], old=null
2019-09-26 09:49:48,203 INFO  impl.LeaderElection (LeaderElection.java:askForVotes(178)) - s2@group-5BD3E7F27A57-LeaderElection93: begin an election at term 245 for 3: [s0:0.0.0.0:41468, s1:0.0.0.0:41619, s2:0.0.0.0:44382], old=null
2019-09-26 09:49:48,203 DEBUG impl.RaftServerImpl (RaftServerImpl.java:requestVote(743)) - s0@group-5BD3E7F27A57: receive requestVote(s2, group-5BD3E7F27A57, 245, (t:4, i:3))
2019-09-26 09:49:48,203 DEBUG impl.RaftServerImpl (RaftServerImpl.java:requestVote(775)) - s0@group-5BD3E7F27A57 replies to vote request: s2<-s0#0:FAIL-t245. Peer's state: s0@group-5BD3E7F27A57:t245, leader=null, voted=s0, raftlog=s0@group-5BD3E7F27A57-SegmentedRaftLog:OPENED:c3,f4,i4, conf=3: [s0:0.0.0.0:41468, s1:0.0.0.0:41619, s2:0.0.0.0:44382], old=null
2019-09-26 09:49:48,225 WARN  ratis.RaftTestUtil (JavaUtils.java:attempt(158)) - FAILED "waitForLeader-null-(expectLeader? true)", attempt #23/100: java.lang.IllegalStateException: No leader yet : printing ALL groups
  s0:  RUNNING CANDIDATE s0@group-5BD3E7F27A57:t245, leader=null, voted=s0, raftlog=s0@group-5BD3E7F27A57-SegmentedRaftLog:OPENED:c3,f4,i4, conf=3: [s0:0.0.0.0:41468, s1:0.0.0.0:41619, s2:0.0.0.0:44382], old=null RUNNING
  s1:  RUNNING CANDIDATE s1@group-5BD3E7F27A57:t245, leader=null, voted=s1, raftlog=s1@group-5BD3E7F27A57-SegmentedRaftLog:OPENED:c2,f3,i3, conf=2: [s0:0.0.0.0:41468, s1:0.0.0.0:41619, s2:0.0.0.0:44382], old=null RUNNING
  s2:  RUNNING CANDIDATE s2@group-5BD3E7F27A57:t245, leader=null, voted=s2, raftlog=s2@group-5BD3E7F27A57-SegmentedRaftLog:OPENED:c1,f3,i3, conf=3: [s0:0.0.0.0:41468, s1:0.0.0.0:41619, s2:0.0.0.0:44382], old=null RUNNING, sleep 450ms and then retry.
java.lang.IllegalStateException: No leader yet : printing ALL groups
  s0:  RUNNING CANDIDATE s0@group-5BD3E7F27A57:t245, leader=null, voted=s0, raftlog=s0@group-5BD3E7F27A57-SegmentedRaftLog:OPENED:c3,f4,i4, conf=3: [s0:0.0.0.0:41468, s1:0.0.0.0:41619, s2:0.0.0.0:44382], old=null RUNNING
  s1:  RUNNING CANDIDATE s1@group-5BD3E7F27A57:t245, leader=null, voted=s1, raftlog=s1@group-5BD3E7F27A57-SegmentedRaftLog:OPENED:c2,f3,i3, conf=2: [s0:0.0.0.0:41468, s1:0.0.0.0:41619, s2:0.0.0.0:44382], old=null RUNNING
  s2:  RUNNING CANDIDATE s2@group-5BD3E7F27A57:t245, leader=null, voted=s2, raftlog=s2@group-5BD3E7F27A57-SegmentedRaftLog:OPENED:c1,f3,i3, conf=3: [s0:0.0.0.0:41468, s1:0.0.0.0:41619, s2:0.0.0.0:44382], old=null RUNNING
	at org.apache.ratis.MiniRaftCluster.newIllegalStateExceptionForNoLeaders(MiniRaftCluster.java:506)
	at org.apache.ratis.RaftTestUtil.lambda$waitForLeader$1(RaftTestUtil.java:90)
	at org.apache.ratis.MiniRaftCluster.getLeader(MiniRaftCluster.java:539)
	at org.apache.ratis.MiniRaftCluster.getLeader(MiniRaftCluster.java:532)
	at org.apache.ratis.RaftTestUtil.lambda$waitForLeader$3(RaftTestUtil.java:98)
	at org.apache.ratis.util.JavaUtils.attempt(JavaUtils.java:152)
	at org.apache.ratis.RaftTestUtil.waitForLeader(RaftTestUtil.java:97)
	at org.apache.ratis.RaftTestUtil.waitForLeader(RaftTestUtil.java:77)
	at org.apache.ratis.RaftTestUtil.waitForLeader(RaftTestUtil.java:72)
	at org.apache.ratis.RaftTestUtil.lambda$changeLeader$7(RaftTestUtil.java:363)
	at org.apache.ratis.util.JavaUtils.attempt(JavaUtils.java:152)
	at org.apache.ratis.RaftTestUtil.changeLeader(RaftTestUtil.java:362)
	at org.apache.ratis.server.impl.LeaderElectionTests.testChangeLeader(LeaderElectionTests.java:81)
	at sun.reflect.NativeMethodAccessorImpl.invoke0(Native Method)
	at sun.reflect.NativeMethodAccessorImpl.invoke(NativeMethodAccessorImpl.java:62)
	at sun.reflect.DelegatingMethodAccessorImpl.invoke(DelegatingMethodAccessorImpl.java:43)
	at java.lang.reflect.Method.invoke(Method.java:498)
	at org.junit.runners.model.FrameworkMethod$1.runReflectiveCall(FrameworkMethod.java:50)
	at org.junit.internal.runners.model.ReflectiveCallable.run(ReflectiveCallable.java:12)
	at org.junit.runners.model.FrameworkMethod.invokeExplosively(FrameworkMethod.java:47)
	at org.junit.internal.runners.statements.InvokeMethod.evaluate(InvokeMethod.java:17)
	at org.junit.internal.runners.statements.RunAfters.evaluate(RunAfters.java:27)
	at org.junit.internal.runners.statements.FailOnTimeout$CallableStatement.call(FailOnTimeout.java:298)
	at org.junit.internal.runners.statements.FailOnTimeout$CallableStatement.call(FailOnTimeout.java:292)
	at java.util.concurrent.FutureTask.run(FutureTask.java:266)
	at java.lang.Thread.run(Thread.java:748)
2019-09-26 09:49:48,288 INFO  impl.LeaderElection (LeaderElection.java:logAndReturn(56)) - s0@group-5BD3E7F27A57-LeaderElection97: Election TIMEOUT; received 0 response(s) [] and 0 exception(s); s0@group-5BD3E7F27A57:t245, leader=null, voted=s0, raftlog=s0@group-5BD3E7F27A57-SegmentedRaftLog:OPENED:c3,f4,i4, conf=3: [s0:0.0.0.0:41468, s1:0.0.0.0:41619, s2:0.0.0.0:44382], old=null
2019-09-26 09:49:48,301 INFO  impl.LeaderElection (LeaderElection.java:askForVotes(178)) - s0@group-5BD3E7F27A57-LeaderElection97: begin an election at term 246 for 3: [s0:0.0.0.0:41468, s1:0.0.0.0:41619, s2:0.0.0.0:44382], old=null
2019-09-26 09:49:48,436 INFO  impl.LeaderElection (LeaderElection.java:logAndReturn(56)) - s1@group-5BD3E7F27A57-LeaderElection94: Election TIMEOUT; received 1 response(s) [s1<-s0#0:FAIL-t245] and 0 exception(s); s1@group-5BD3E7F27A57:t245, leader=null, voted=s1, raftlog=s1@group-5BD3E7F27A57-SegmentedRaftLog:OPENED:c2,f3,i3, conf=2: [s0:0.0.0.0:41468, s1:0.0.0.0:41619, s2:0.0.0.0:44382], old=null
2019-09-26 09:49:48,449 INFO  impl.LeaderElection (LeaderElection.java:askForVotes(178)) - s1@group-5BD3E7F27A57-LeaderElection94: begin an election at term 246 for 2: [s0:0.0.0.0:41468, s1:0.0.0.0:41619, s2:0.0.0.0:44382], old=null
2019-09-26 09:49:48,450 DEBUG impl.RaftServerImpl (RaftServerImpl.java:requestVote(743)) - s0@group-5BD3E7F27A57: receive requestVote(s1, group-5BD3E7F27A57, 246, (t:3, i:3))
2019-09-26 09:49:48,450 DEBUG impl.RaftServerImpl (RaftServerImpl.java:requestVote(775)) - s0@group-5BD3E7F27A57 replies to vote request: s1<-s0#0:FAIL-t246. Peer's state: s0@group-5BD3E7F27A57:t246, leader=null, voted=s0, raftlog=s0@group-5BD3E7F27A57-SegmentedRaftLog:OPENED:c3,f4,i4, conf=3: [s0:0.0.0.0:41468, s1:0.0.0.0:41619, s2:0.0.0.0:44382], old=null
2019-09-26 09:49:48,469 INFO  impl.LeaderElection (LeaderElection.java:logAndReturn(56)) - s2@group-5BD3E7F27A57-LeaderElection93: Election TIMEOUT; received 1 response(s) [s2<-s0#0:FAIL-t245] and 0 exception(s); s2@group-5BD3E7F27A57:t245, leader=null, voted=s2, raftlog=s2@group-5BD3E7F27A57-SegmentedRaftLog:OPENED:c1,f3,i3, conf=3: [s0:0.0.0.0:41468, s1:0.0.0.0:41619, s2:0.0.0.0:44382], old=null
2019-09-26 09:49:48,483 INFO  impl.LeaderElection (LeaderElection.java:askForVotes(178)) - s2@group-5BD3E7F27A57-LeaderElection93: begin an election at term 246 for 3: [s0:0.0.0.0:41468, s1:0.0.0.0:41619, s2:0.0.0.0:44382], old=null
2019-09-26 09:49:48,484 DEBUG impl.RaftServerImpl (RaftServerImpl.java:requestVote(743)) - s0@group-5BD3E7F27A57: receive requestVote(s2, group-5BD3E7F27A57, 246, (t:4, i:3))
2019-09-26 09:49:48,484 DEBUG impl.RaftServerImpl (RaftServerImpl.java:requestVote(775)) - s0@group-5BD3E7F27A57 replies to vote request: s2<-s0#0:FAIL-t246. Peer's state: s0@group-5BD3E7F27A57:t246, leader=null, voted=s0, raftlog=s0@group-5BD3E7F27A57-SegmentedRaftLog:OPENED:c3,f4,i4, conf=3: [s0:0.0.0.0:41468, s1:0.0.0.0:41619, s2:0.0.0.0:44382], old=null
2019-09-26 09:49:48,558 INFO  impl.LeaderElection (LeaderElection.java:logAndReturn(56)) - s0@group-5BD3E7F27A57-LeaderElection97: Election TIMEOUT; received 0 response(s) [] and 0 exception(s); s0@group-5BD3E7F27A57:t246, leader=null, voted=s0, raftlog=s0@group-5BD3E7F27A57-SegmentedRaftLog:OPENED:c3,f4,i4, conf=3: [s0:0.0.0.0:41468, s1:0.0.0.0:41619, s2:0.0.0.0:44382], old=null
2019-09-26 09:49:48,571 INFO  impl.LeaderElection (LeaderElection.java:askForVotes(178)) - s0@group-5BD3E7F27A57-LeaderElection97: begin an election at term 247 for 3: [s0:0.0.0.0:41468, s1:0.0.0.0:41619, s2:0.0.0.0:44382], old=null
2019-09-26 09:49:48,650 INFO  impl.LeaderElection (LeaderElection.java:logAndReturn(56)) - s1@group-5BD3E7F27A57-LeaderElection94: Election TIMEOUT; received 1 response(s) [s1<-s0#0:FAIL-t246] and 0 exception(s); s1@group-5BD3E7F27A57:t246, leader=null, voted=s1, raftlog=s1@group-5BD3E7F27A57-SegmentedRaftLog:OPENED:c2,f3,i3, conf=2: [s0:0.0.0.0:41468, s1:0.0.0.0:41619, s2:0.0.0.0:44382], old=null
2019-09-26 09:49:48,663 INFO  impl.LeaderElection (LeaderElection.java:askForVotes(178)) - s1@group-5BD3E7F27A57-LeaderElection94: begin an election at term 247 for 2: [s0:0.0.0.0:41468, s1:0.0.0.0:41619, s2:0.0.0.0:44382], old=null
2019-09-26 09:49:48,663 DEBUG impl.RaftServerImpl (RaftServerImpl.java:requestVote(743)) - s0@group-5BD3E7F27A57: receive requestVote(s1, group-5BD3E7F27A57, 247, (t:3, i:3))
2019-09-26 09:49:48,664 DEBUG impl.RaftServerImpl (RaftServerImpl.java:requestVote(775)) - s0@group-5BD3E7F27A57 replies to vote request: s1<-s0#0:FAIL-t247. Peer's state: s0@group-5BD3E7F27A57:t247, leader=null, voted=s0, raftlog=s0@group-5BD3E7F27A57-SegmentedRaftLog:OPENED:c3,f4,i4, conf=3: [s0:0.0.0.0:41468, s1:0.0.0.0:41619, s2:0.0.0.0:44382], old=null
2019-09-26 09:49:48,664 INFO  impl.LeaderElection (LeaderElection.java:logAndReturn(56)) - s2@group-5BD3E7F27A57-LeaderElection93: Election TIMEOUT; received 1 response(s) [s2<-s0#0:FAIL-t246] and 0 exception(s); s2@group-5BD3E7F27A57:t246, leader=null, voted=s2, raftlog=s2@group-5BD3E7F27A57-SegmentedRaftLog:OPENED:c1,f3,i3, conf=3: [s0:0.0.0.0:41468, s1:0.0.0.0:41619, s2:0.0.0.0:44382], old=null
2019-09-26 09:49:48,676 WARN  ratis.RaftTestUtil (JavaUtils.java:attempt(158)) - FAILED "waitForLeader-null-(expectLeader? true)", attempt #24/100: java.lang.IllegalStateException: No leader yet : printing ALL groups
  s0:  RUNNING CANDIDATE s0@group-5BD3E7F27A57:t247, leader=null, voted=s0, raftlog=s0@group-5BD3E7F27A57-SegmentedRaftLog:OPENED:c3,f4,i4, conf=3: [s0:0.0.0.0:41468, s1:0.0.0.0:41619, s2:0.0.0.0:44382], old=null RUNNING
  s1:  RUNNING CANDIDATE s1@group-5BD3E7F27A57:t247, leader=null, voted=s1, raftlog=s1@group-5BD3E7F27A57-SegmentedRaftLog:OPENED:c2,f3,i3, conf=2: [s0:0.0.0.0:41468, s1:0.0.0.0:41619, s2:0.0.0.0:44382], old=null RUNNING
  s2:  RUNNING CANDIDATE s2@group-5BD3E7F27A57:t247, leader=null, voted=s2, raftlog=s2@group-5BD3E7F27A57-SegmentedRaftLog:OPENED:c1,f3,i3, conf=3: [s0:0.0.0.0:41468, s1:0.0.0.0:41619, s2:0.0.0.0:44382], old=null RUNNING, sleep 450ms and then retry.
java.lang.IllegalStateException: No leader yet : printing ALL groups
  s0:  RUNNING CANDIDATE s0@group-5BD3E7F27A57:t247, leader=null, voted=s0, raftlog=s0@group-5BD3E7F27A57-SegmentedRaftLog:OPENED:c3,f4,i4, conf=3: [s0:0.0.0.0:41468, s1:0.0.0.0:41619, s2:0.0.0.0:44382], old=null RUNNING
  s1:  RUNNING CANDIDATE s1@group-5BD3E7F27A57:t247, leader=null, voted=s1, raftlog=s1@group-5BD3E7F27A57-SegmentedRaftLog:OPENED:c2,f3,i3, conf=2: [s0:0.0.0.0:41468, s1:0.0.0.0:41619, s2:0.0.0.0:44382], old=null RUNNING
  s2:  RUNNING CANDIDATE s2@group-5BD3E7F27A57:t247, leader=null, voted=s2, raftlog=s2@group-5BD3E7F27A57-SegmentedRaftLog:OPENED:c1,f3,i3, conf=3: [s0:0.0.0.0:41468, s1:0.0.0.0:41619, s2:0.0.0.0:44382], old=null RUNNING
	at org.apache.ratis.MiniRaftCluster.newIllegalStateExceptionForNoLeaders(MiniRaftCluster.java:506)
	at org.apache.ratis.RaftTestUtil.lambda$waitForLeader$1(RaftTestUtil.java:90)
	at org.apache.ratis.MiniRaftCluster.getLeader(MiniRaftCluster.java:539)
	at org.apache.ratis.MiniRaftCluster.getLeader(MiniRaftCluster.java:532)
	at org.apache.ratis.RaftTestUtil.lambda$waitForLeader$3(RaftTestUtil.java:98)
	at org.apache.ratis.util.JavaUtils.attempt(JavaUtils.java:152)
	at org.apache.ratis.RaftTestUtil.waitForLeader(RaftTestUtil.java:97)
	at org.apache.ratis.RaftTestUtil.waitForLeader(RaftTestUtil.java:77)
	at org.apache.ratis.RaftTestUtil.waitForLeader(RaftTestUtil.java:72)
	at org.apache.ratis.RaftTestUtil.lambda$changeLeader$7(RaftTestUtil.java:363)
	at org.apache.ratis.util.JavaUtils.attempt(JavaUtils.java:152)
	at org.apache.ratis.RaftTestUtil.changeLeader(RaftTestUtil.java:362)
	at org.apache.ratis.server.impl.LeaderElectionTests.testChangeLeader(LeaderElectionTests.java:81)
	at sun.reflect.NativeMethodAccessorImpl.invoke0(Native Method)
	at sun.reflect.NativeMethodAccessorImpl.invoke(NativeMethodAccessorImpl.java:62)
	at sun.reflect.DelegatingMethodAccessorImpl.invoke(DelegatingMethodAccessorImpl.java:43)
	at java.lang.reflect.Method.invoke(Method.java:498)
	at org.junit.runners.model.FrameworkMethod$1.runReflectiveCall(FrameworkMethod.java:50)
	at org.junit.internal.runners.model.ReflectiveCallable.run(ReflectiveCallable.java:12)
	at org.junit.runners.model.FrameworkMethod.invokeExplosively(FrameworkMethod.java:47)
	at org.junit.internal.runners.statements.InvokeMethod.evaluate(InvokeMethod.java:17)
	at org.junit.internal.runners.statements.RunAfters.evaluate(RunAfters.java:27)
	at org.junit.internal.runners.statements.FailOnTimeout$CallableStatement.call(FailOnTimeout.java:298)
	at org.junit.internal.runners.statements.FailOnTimeout$CallableStatement.call(FailOnTimeout.java:292)
	at java.util.concurrent.FutureTask.run(FutureTask.java:266)
	at java.lang.Thread.run(Thread.java:748)
2019-09-26 09:49:48,696 INFO  impl.LeaderElection (LeaderElection.java:askForVotes(178)) - s2@group-5BD3E7F27A57-LeaderElection93: begin an election at term 247 for 3: [s0:0.0.0.0:41468, s1:0.0.0.0:41619, s2:0.0.0.0:44382], old=null
2019-09-26 09:49:48,697 DEBUG impl.RaftServerImpl (RaftServerImpl.java:requestVote(743)) - s0@group-5BD3E7F27A57: receive requestVote(s2, group-5BD3E7F27A57, 247, (t:4, i:3))
2019-09-26 09:49:48,697 DEBUG impl.RaftServerImpl (RaftServerImpl.java:requestVote(775)) - s0@group-5BD3E7F27A57 replies to vote request: s2<-s0#0:FAIL-t247. Peer's state: s0@group-5BD3E7F27A57:t247, leader=null, voted=s0, raftlog=s0@group-5BD3E7F27A57-SegmentedRaftLog:OPENED:c3,f4,i4, conf=3: [s0:0.0.0.0:41468, s1:0.0.0.0:41619, s2:0.0.0.0:44382], old=null
2019-09-26 09:49:48,727 INFO  impl.LeaderElection (LeaderElection.java:logAndReturn(56)) - s0@group-5BD3E7F27A57-LeaderElection97: Election TIMEOUT; received 0 response(s) [] and 0 exception(s); s0@group-5BD3E7F27A57:t247, leader=null, voted=s0, raftlog=s0@group-5BD3E7F27A57-SegmentedRaftLog:OPENED:c3,f4,i4, conf=3: [s0:0.0.0.0:41468, s1:0.0.0.0:41619, s2:0.0.0.0:44382], old=null
2019-09-26 09:49:48,731 INFO  impl.LeaderElection (LeaderElection.java:askForVotes(178)) - s0@group-5BD3E7F27A57-LeaderElection97: begin an election at term 248 for 3: [s0:0.0.0.0:41468, s1:0.0.0.0:41619, s2:0.0.0.0:44382], old=null
2019-09-26 09:49:48,863 INFO  impl.LeaderElection (LeaderElection.java:logAndReturn(56)) - s2@group-5BD3E7F27A57-LeaderElection93: Election TIMEOUT; received 1 response(s) [s2<-s0#0:FAIL-t247] and 0 exception(s); s2@group-5BD3E7F27A57:t247, leader=null, voted=s2, raftlog=s2@group-5BD3E7F27A57-SegmentedRaftLog:OPENED:c1,f3,i3, conf=3: [s0:0.0.0.0:41468, s1:0.0.0.0:41619, s2:0.0.0.0:44382], old=null
2019-09-26 09:49:48,876 INFO  impl.LeaderElection (LeaderElection.java:askForVotes(178)) - s2@group-5BD3E7F27A57-LeaderElection93: begin an election at term 248 for 3: [s0:0.0.0.0:41468, s1:0.0.0.0:41619, s2:0.0.0.0:44382], old=null
2019-09-26 09:49:48,876 DEBUG impl.RaftServerImpl (RaftServerImpl.java:requestVote(743)) - s0@group-5BD3E7F27A57: receive requestVote(s2, group-5BD3E7F27A57, 248, (t:4, i:3))
2019-09-26 09:49:48,876 DEBUG impl.RaftServerImpl (RaftServerImpl.java:requestVote(775)) - s0@group-5BD3E7F27A57 replies to vote request: s2<-s0#0:FAIL-t248. Peer's state: s0@group-5BD3E7F27A57:t248, leader=null, voted=s0, raftlog=s0@group-5BD3E7F27A57-SegmentedRaftLog:OPENED:c3,f4,i4, conf=3: [s0:0.0.0.0:41468, s1:0.0.0.0:41619, s2:0.0.0.0:44382], old=null
2019-09-26 09:49:48,916 INFO  impl.LeaderElection (LeaderElection.java:logAndReturn(56)) - s0@group-5BD3E7F27A57-LeaderElection97: Election TIMEOUT; received 0 response(s) [] and 0 exception(s); s0@group-5BD3E7F27A57:t248, leader=null, voted=s0, raftlog=s0@group-5BD3E7F27A57-SegmentedRaftLog:OPENED:c3,f4,i4, conf=3: [s0:0.0.0.0:41468, s1:0.0.0.0:41619, s2:0.0.0.0:44382], old=null
2019-09-26 09:49:48,931 INFO  impl.LeaderElection (LeaderElection.java:logAndReturn(56)) - s1@group-5BD3E7F27A57-LeaderElection94: Election TIMEOUT; received 1 response(s) [s1<-s0#0:FAIL-t247] and 0 exception(s); s1@group-5BD3E7F27A57:t247, leader=null, voted=s1, raftlog=s1@group-5BD3E7F27A57-SegmentedRaftLog:OPENED:c2,f3,i3, conf=2: [s0:0.0.0.0:41468, s1:0.0.0.0:41619, s2:0.0.0.0:44382], old=null
2019-09-26 09:49:48,950 INFO  impl.LeaderElection (LeaderElection.java:askForVotes(178)) - s0@group-5BD3E7F27A57-LeaderElection97: begin an election at term 249 for 3: [s0:0.0.0.0:41468, s1:0.0.0.0:41619, s2:0.0.0.0:44382], old=null
2019-09-26 09:49:48,950 INFO  impl.LeaderElection (LeaderElection.java:askForVotes(178)) - s1@group-5BD3E7F27A57-LeaderElection94: begin an election at term 248 for 2: [s0:0.0.0.0:41468, s1:0.0.0.0:41619, s2:0.0.0.0:44382], old=null
2019-09-26 09:49:48,950 DEBUG impl.RaftServerImpl (RaftServerImpl.java:requestVote(743)) - s0@group-5BD3E7F27A57: receive requestVote(s1, group-5BD3E7F27A57, 248, (t:3, i:3))
2019-09-26 09:49:48,951 DEBUG impl.RaftServerImpl (RaftServerImpl.java:requestVote(775)) - s0@group-5BD3E7F27A57 replies to vote request: s1<-s0#0:FAIL-t249. Peer's state: s0@group-5BD3E7F27A57:t249, leader=null, voted=s0, raftlog=s0@group-5BD3E7F27A57-SegmentedRaftLog:OPENED:c3,f4,i4, conf=3: [s0:0.0.0.0:41468, s1:0.0.0.0:41619, s2:0.0.0.0:44382], old=null
2019-09-26 09:49:48,951 INFO  impl.LeaderElection (LeaderElection.java:logAndReturn(56)) - s1@group-5BD3E7F27A57-LeaderElection94: Election DISCOVERED_A_NEW_TERM; received 1 response(s) [s1<-s0#0:FAIL-t249] and 0 exception(s); s1@group-5BD3E7F27A57:t248, leader=null, voted=s1, raftlog=s1@group-5BD3E7F27A57-SegmentedRaftLog:OPENED:c2,f3,i3, conf=2: [s0:0.0.0.0:41468, s1:0.0.0.0:41619, s2:0.0.0.0:44382], old=null
2019-09-26 09:49:48,951 INFO  impl.RaftServerImpl (RaftServerImpl.java:setRole(170)) - s1@group-5BD3E7F27A57: changes role from CANDIDATE to FOLLOWER at term 249 for DISCOVERED_A_NEW_TERM
2019-09-26 09:49:48,951 INFO  impl.RoleInfo (RoleInfo.java:shutdownLeaderElection(134)) - s1: shutdown LeaderElection
2019-09-26 09:49:48,951 INFO  impl.RoleInfo (RoleInfo.java:updateAndGet(143)) - s1: start FollowerState
2019-09-26 09:49:49,103 INFO  impl.FollowerState (FollowerState.java:run(108)) - s1@group-5BD3E7F27A57-FollowerState: change to CANDIDATE, lastRpcTime:151ms, electionTimeout:151ms
2019-09-26 09:49:49,103 INFO  impl.RoleInfo (RoleInfo.java:shutdownFollowerState(121)) - s1: shutdown FollowerState
2019-09-26 09:49:49,103 INFO  impl.RaftServerImpl (RaftServerImpl.java:setRole(170)) - s1@group-5BD3E7F27A57: changes role from  FOLLOWER to CANDIDATE at term 249 for changeToCandidate
2019-09-26 09:49:49,103 INFO  impl.RoleInfo (RoleInfo.java:updateAndGet(143)) - s1: start LeaderElection
2019-09-26 09:49:49,117 INFO  impl.LeaderElection (LeaderElection.java:askForVotes(178)) - s1@group-5BD3E7F27A57-LeaderElection98: begin an election at term 250 for 2: [s0:0.0.0.0:41468, s1:0.0.0.0:41619, s2:0.0.0.0:44382], old=null
2019-09-26 09:49:49,117 DEBUG impl.RaftServerImpl (RaftServerImpl.java:requestVote(743)) - s0@group-5BD3E7F27A57: receive requestVote(s1, group-5BD3E7F27A57, 250, (t:3, i:3))
2019-09-26 09:49:49,117 INFO  impl.RaftServerImpl (RaftServerImpl.java:setRole(170)) - s0@group-5BD3E7F27A57: changes role from CANDIDATE to FOLLOWER at term 250 for recognizeCandidate:s1
2019-09-26 09:49:49,118 INFO  impl.RoleInfo (RoleInfo.java:shutdownLeaderElection(134)) - s0: shutdown LeaderElection
2019-09-26 09:49:49,118 INFO  impl.RoleInfo (RoleInfo.java:updateAndGet(143)) - s0: start FollowerState
2019-09-26 09:49:49,127 WARN  ratis.RaftTestUtil (JavaUtils.java:attempt(158)) - FAILED "waitForLeader-null-(expectLeader? true)", attempt #25/100: java.lang.IllegalStateException: No leader yet : printing ALL groups
  s0:  RUNNING  FOLLOWER s0@group-5BD3E7F27A57:t250, leader=null, voted=null, raftlog=s0@group-5BD3E7F27A57-SegmentedRaftLog:OPENED:c3,f4,i4, conf=3: [s0:0.0.0.0:41468, s1:0.0.0.0:41619, s2:0.0.0.0:44382], old=null RUNNING
  s1:  RUNNING CANDIDATE s1@group-5BD3E7F27A57:t250, leader=null, voted=s1, raftlog=s1@group-5BD3E7F27A57-SegmentedRaftLog:OPENED:c2,f3,i3, conf=2: [s0:0.0.0.0:41468, s1:0.0.0.0:41619, s2:0.0.0.0:44382], old=null RUNNING
  s2:  RUNNING CANDIDATE s2@group-5BD3E7F27A57:t248, leader=null, voted=s2, raftlog=s2@group-5BD3E7F27A57-SegmentedRaftLog:OPENED:c1,f3,i3, conf=3: [s0:0.0.0.0:41468, s1:0.0.0.0:41619, s2:0.0.0.0:44382], old=null RUNNING, sleep 450ms and then retry.
java.lang.IllegalStateException: No leader yet : printing ALL groups
  s0:  RUNNING  FOLLOWER s0@group-5BD3E7F27A57:t250, leader=null, voted=null, raftlog=s0@group-5BD3E7F27A57-SegmentedRaftLog:OPENED:c3,f4,i4, conf=3: [s0:0.0.0.0:41468, s1:0.0.0.0:41619, s2:0.0.0.0:44382], old=null RUNNING
  s1:  RUNNING CANDIDATE s1@group-5BD3E7F27A57:t250, leader=null, voted=s1, raftlog=s1@group-5BD3E7F27A57-SegmentedRaftLog:OPENED:c2,f3,i3, conf=2: [s0:0.0.0.0:41468, s1:0.0.0.0:41619, s2:0.0.0.0:44382], old=null RUNNING
  s2:  RUNNING CANDIDATE s2@group-5BD3E7F27A57:t248, leader=null, voted=s2, raftlog=s2@group-5BD3E7F27A57-SegmentedRaftLog:OPENED:c1,f3,i3, conf=3: [s0:0.0.0.0:41468, s1:0.0.0.0:41619, s2:0.0.0.0:44382], old=null RUNNING
	at org.apache.ratis.MiniRaftCluster.newIllegalStateExceptionForNoLeaders(MiniRaftCluster.java:506)
	at org.apache.ratis.RaftTestUtil.lambda$waitForLeader$1(RaftTestUtil.java:90)
	at org.apache.ratis.MiniRaftCluster.getLeader(MiniRaftCluster.java:539)
	at org.apache.ratis.MiniRaftCluster.getLeader(MiniRaftCluster.java:532)
	at org.apache.ratis.RaftTestUtil.lambda$waitForLeader$3(RaftTestUtil.java:98)
	at org.apache.ratis.util.JavaUtils.attempt(JavaUtils.java:152)
	at org.apache.ratis.RaftTestUtil.waitForLeader(RaftTestUtil.java:97)
	at org.apache.ratis.RaftTestUtil.waitForLeader(RaftTestUtil.java:77)
	at org.apache.ratis.RaftTestUtil.waitForLeader(RaftTestUtil.java:72)
	at org.apache.ratis.RaftTestUtil.lambda$changeLeader$7(RaftTestUtil.java:363)
	at org.apache.ratis.util.JavaUtils.attempt(JavaUtils.java:152)
	at org.apache.ratis.RaftTestUtil.changeLeader(RaftTestUtil.java:362)
	at org.apache.ratis.server.impl.LeaderElectionTests.testChangeLeader(LeaderElectionTests.java:81)
	at sun.reflect.NativeMethodAccessorImpl.invoke0(Native Method)
	at sun.reflect.NativeMethodAccessorImpl.invoke(NativeMethodAccessorImpl.java:62)
	at sun.reflect.DelegatingMethodAccessorImpl.invoke(DelegatingMethodAccessorImpl.java:43)
	at java.lang.reflect.Method.invoke(Method.java:498)
	at org.junit.runners.model.FrameworkMethod$1.runReflectiveCall(FrameworkMethod.java:50)
	at org.junit.internal.runners.model.ReflectiveCallable.run(ReflectiveCallable.java:12)
	at org.junit.runners.model.FrameworkMethod.invokeExplosively(FrameworkMethod.java:47)
	at org.junit.internal.runners.statements.InvokeMethod.evaluate(InvokeMethod.java:17)
	at org.junit.internal.runners.statements.RunAfters.evaluate(RunAfters.java:27)
	at org.junit.internal.runners.statements.FailOnTimeout$CallableStatement.call(FailOnTimeout.java:298)
	at org.junit.internal.runners.statements.FailOnTimeout$CallableStatement.call(FailOnTimeout.java:292)
	at java.util.concurrent.FutureTask.run(FutureTask.java:266)
	at java.lang.Thread.run(Thread.java:748)
2019-09-26 09:49:49,131 DEBUG impl.RaftServerImpl (RaftServerImpl.java:requestVote(775)) - s0@group-5BD3E7F27A57 replies to vote request: s1<-s0#0:FAIL-t250. Peer's state: s0@group-5BD3E7F27A57:t250, leader=null, voted=null, raftlog=s0@group-5BD3E7F27A57-SegmentedRaftLog:OPENED:c3,f4,i4, conf=3: [s0:0.0.0.0:41468, s1:0.0.0.0:41619, s2:0.0.0.0:44382], old=null
2019-09-26 09:49:49,142 INFO  impl.LeaderElection (LeaderElection.java:logAndReturn(56)) - s0@group-5BD3E7F27A57-LeaderElection97: Election REJECTED; received 0 response(s) [] and 0 exception(s); s0@group-5BD3E7F27A57:t250, leader=null, voted=null, raftlog=s0@group-5BD3E7F27A57-SegmentedRaftLog:OPENED:c3,f4,i4, conf=3: [s0:0.0.0.0:41468, s1:0.0.0.0:41619, s2:0.0.0.0:44382], old=null
2019-09-26 09:49:49,165 INFO  impl.LeaderElection (LeaderElection.java:logAndReturn(56)) - s2@group-5BD3E7F27A57-LeaderElection93: Election TIMEOUT; received 1 response(s) [s2<-s0#0:FAIL-t248] and 0 exception(s); s2@group-5BD3E7F27A57:t248, leader=null, voted=s2, raftlog=s2@group-5BD3E7F27A57-SegmentedRaftLog:OPENED:c1,f3,i3, conf=3: [s0:0.0.0.0:41468, s1:0.0.0.0:41619, s2:0.0.0.0:44382], old=null
2019-09-26 09:49:49,178 INFO  impl.LeaderElection (LeaderElection.java:askForVotes(178)) - s2@group-5BD3E7F27A57-LeaderElection93: begin an election at term 249 for 3: [s0:0.0.0.0:41468, s1:0.0.0.0:41619, s2:0.0.0.0:44382], old=null
2019-09-26 09:49:49,178 DEBUG impl.RaftServerImpl (RaftServerImpl.java:requestVote(743)) - s0@group-5BD3E7F27A57: receive requestVote(s2, group-5BD3E7F27A57, 249, (t:4, i:3))
2019-09-26 09:49:49,178 DEBUG impl.RaftServerImpl (RaftServerImpl.java:requestVote(775)) - s0@group-5BD3E7F27A57 replies to vote request: s2<-s0#0:FAIL-t250. Peer's state: s0@group-5BD3E7F27A57:t250, leader=null, voted=null, raftlog=s0@group-5BD3E7F27A57-SegmentedRaftLog:OPENED:c3,f4,i4, conf=3: [s0:0.0.0.0:41468, s1:0.0.0.0:41619, s2:0.0.0.0:44382], old=null
2019-09-26 09:49:49,179 INFO  impl.LeaderElection (LeaderElection.java:logAndReturn(56)) - s2@group-5BD3E7F27A57-LeaderElection93: Election DISCOVERED_A_NEW_TERM; received 1 response(s) [s2<-s0#0:FAIL-t250] and 0 exception(s); s2@group-5BD3E7F27A57:t249, leader=null, voted=s2, raftlog=s2@group-5BD3E7F27A57-SegmentedRaftLog:OPENED:c1,f3,i3, conf=3: [s0:0.0.0.0:41468, s1:0.0.0.0:41619, s2:0.0.0.0:44382], old=null
2019-09-26 09:49:49,179 INFO  impl.RaftServerImpl (RaftServerImpl.java:setRole(170)) - s2@group-5BD3E7F27A57: changes role from CANDIDATE to FOLLOWER at term 250 for DISCOVERED_A_NEW_TERM
2019-09-26 09:49:49,179 INFO  impl.RoleInfo (RoleInfo.java:shutdownLeaderElection(134)) - s2: shutdown LeaderElection
2019-09-26 09:49:49,179 INFO  impl.RoleInfo (RoleInfo.java:updateAndGet(143)) - s2: start FollowerState
2019-09-26 09:49:49,312 INFO  impl.LeaderElection (LeaderElection.java:logAndReturn(56)) - s1@group-5BD3E7F27A57-LeaderElection98: Election TIMEOUT; received 1 response(s) [s1<-s0#0:FAIL-t250] and 0 exception(s); s1@group-5BD3E7F27A57:t250, leader=null, voted=s1, raftlog=s1@group-5BD3E7F27A57-SegmentedRaftLog:OPENED:c2,f3,i3, conf=2: [s0:0.0.0.0:41468, s1:0.0.0.0:41619, s2:0.0.0.0:44382], old=null
2019-09-26 09:49:49,337 INFO  impl.LeaderElection (LeaderElection.java:askForVotes(178)) - s1@group-5BD3E7F27A57-LeaderElection98: begin an election at term 251 for 2: [s0:0.0.0.0:41468, s1:0.0.0.0:41619, s2:0.0.0.0:44382], old=null
2019-09-26 09:49:49,338 DEBUG impl.RaftServerImpl (RaftServerImpl.java:requestVote(743)) - s0@group-5BD3E7F27A57: receive requestVote(s1, group-5BD3E7F27A57, 251, (t:3, i:3))
2019-09-26 09:49:49,338 INFO  impl.RaftServerImpl (RaftServerImpl.java:setRole(170)) - s0@group-5BD3E7F27A57: changes role from  FOLLOWER to FOLLOWER at term 251 for recognizeCandidate:s1
2019-09-26 09:49:49,338 INFO  impl.RoleInfo (RoleInfo.java:shutdownFollowerState(121)) - s0: shutdown FollowerState
2019-09-26 09:49:49,338 INFO  impl.RoleInfo (RoleInfo.java:updateAndGet(143)) - s0: start FollowerState
2019-09-26 09:49:49,338 INFO  impl.FollowerState (FollowerState.java:run(117)) - s0@group-5BD3E7F27A57-FollowerState was interrupted: java.lang.InterruptedException: sleep interrupted
2019-09-26 09:49:49,351 DEBUG impl.RaftServerImpl (RaftServerImpl.java:requestVote(775)) - s0@group-5BD3E7F27A57 replies to vote request: s1<-s0#0:FAIL-t251. Peer's state: s0@group-5BD3E7F27A57:t251, leader=null, voted=null, raftlog=s0@group-5BD3E7F27A57-SegmentedRaftLog:OPENED:c3,f4,i4, conf=3: [s0:0.0.0.0:41468, s1:0.0.0.0:41619, s2:0.0.0.0:44382], old=null
2019-09-26 09:49:49,430 INFO  impl.FollowerState (FollowerState.java:run(108)) - s2@group-5BD3E7F27A57-FollowerState: change to CANDIDATE, lastRpcTime:250ms, electionTimeout:250ms
2019-09-26 09:49:49,430 INFO  impl.RoleInfo (RoleInfo.java:shutdownFollowerState(121)) - s2: shutdown FollowerState
2019-09-26 09:49:49,430 INFO  impl.RaftServerImpl (RaftServerImpl.java:setRole(170)) - s2@group-5BD3E7F27A57: changes role from  FOLLOWER to CANDIDATE at term 250 for changeToCandidate
2019-09-26 09:49:49,430 INFO  impl.RoleInfo (RoleInfo.java:updateAndGet(143)) - s2: start LeaderElection
2019-09-26 09:49:49,443 INFO  impl.LeaderElection (LeaderElection.java:askForVotes(178)) - s2@group-5BD3E7F27A57-LeaderElection99: begin an election at term 251 for 3: [s0:0.0.0.0:41468, s1:0.0.0.0:41619, s2:0.0.0.0:44382], old=null
2019-09-26 09:49:49,443 DEBUG impl.RaftServerImpl (RaftServerImpl.java:requestVote(743)) - s0@group-5BD3E7F27A57: receive requestVote(s2, group-5BD3E7F27A57, 251, (t:4, i:3))
2019-09-26 09:49:49,443 INFO  impl.RaftServerImpl (RaftServerImpl.java:setRole(170)) - s0@group-5BD3E7F27A57: changes role from  FOLLOWER to FOLLOWER at term 251 for recognizeCandidate:s2
2019-09-26 09:49:49,444 INFO  impl.RoleInfo (RoleInfo.java:shutdownFollowerState(121)) - s0: shutdown FollowerState
2019-09-26 09:49:49,444 INFO  impl.RoleInfo (RoleInfo.java:updateAndGet(143)) - s0: start FollowerState
2019-09-26 09:49:49,444 INFO  impl.FollowerState (FollowerState.java:run(117)) - s0@group-5BD3E7F27A57-FollowerState was interrupted: java.lang.InterruptedException: sleep interrupted
2019-09-26 09:49:49,444 DEBUG impl.RaftServerImpl (RaftServerImpl.java:requestVote(775)) - s0@group-5BD3E7F27A57 replies to vote request: s2<-s0#0:FAIL-t251. Peer's state: s0@group-5BD3E7F27A57:t251, leader=null, voted=null, raftlog=s0@group-5BD3E7F27A57-SegmentedRaftLog:OPENED:c3,f4,i4, conf=3: [s0:0.0.0.0:41468, s1:0.0.0.0:41619, s2:0.0.0.0:44382], old=null
2019-09-26 09:49:49,512 INFO  impl.LeaderElection (LeaderElection.java:logAndReturn(56)) - s1@group-5BD3E7F27A57-LeaderElection98: Election TIMEOUT; received 1 response(s) [s1<-s0#0:FAIL-t251] and 0 exception(s); s1@group-5BD3E7F27A57:t251, leader=null, voted=s1, raftlog=s1@group-5BD3E7F27A57-SegmentedRaftLog:OPENED:c2,f3,i3, conf=2: [s0:0.0.0.0:41468, s1:0.0.0.0:41619, s2:0.0.0.0:44382], old=null
2019-09-26 09:49:49,526 INFO  impl.LeaderElection (LeaderElection.java:askForVotes(178)) - s1@group-5BD3E7F27A57-LeaderElection98: begin an election at term 252 for 2: [s0:0.0.0.0:41468, s1:0.0.0.0:41619, s2:0.0.0.0:44382], old=null
2019-09-26 09:49:49,526 DEBUG impl.RaftServerImpl (RaftServerImpl.java:requestVote(743)) - s0@group-5BD3E7F27A57: receive requestVote(s1, group-5BD3E7F27A57, 252, (t:3, i:3))
2019-09-26 09:49:49,527 INFO  impl.RaftServerImpl (RaftServerImpl.java:setRole(170)) - s0@group-5BD3E7F27A57: changes role from  FOLLOWER to FOLLOWER at term 252 for recognizeCandidate:s1
2019-09-26 09:49:49,527 INFO  impl.RoleInfo (RoleInfo.java:shutdownFollowerState(121)) - s0: shutdown FollowerState
2019-09-26 09:49:49,527 INFO  impl.RoleInfo (RoleInfo.java:updateAndGet(143)) - s0: start FollowerState
2019-09-26 09:49:49,527 INFO  impl.FollowerState (FollowerState.java:run(117)) - s0@group-5BD3E7F27A57-FollowerState was interrupted: java.lang.InterruptedException: sleep interrupted
2019-09-26 09:49:49,540 DEBUG impl.RaftServerImpl (RaftServerImpl.java:requestVote(775)) - s0@group-5BD3E7F27A57 replies to vote request: s1<-s0#0:FAIL-t252. Peer's state: s0@group-5BD3E7F27A57:t252, leader=null, voted=null, raftlog=s0@group-5BD3E7F27A57-SegmentedRaftLog:OPENED:c3,f4,i4, conf=3: [s0:0.0.0.0:41468, s1:0.0.0.0:41619, s2:0.0.0.0:44382], old=null
2019-09-26 09:49:49,578 WARN  ratis.RaftTestUtil (JavaUtils.java:attempt(158)) - FAILED "waitForLeader-null-(expectLeader? true)", attempt #26/100: java.lang.IllegalStateException: No leader yet : printing ALL groups
  s0:  RUNNING  FOLLOWER s0@group-5BD3E7F27A57:t252, leader=null, voted=null, raftlog=s0@group-5BD3E7F27A57-SegmentedRaftLog:OPENED:c3,f4,i4, conf=3: [s0:0.0.0.0:41468, s1:0.0.0.0:41619, s2:0.0.0.0:44382], old=null RUNNING
  s1:  RUNNING CANDIDATE s1@group-5BD3E7F27A57:t252, leader=null, voted=s1, raftlog=s1@group-5BD3E7F27A57-SegmentedRaftLog:OPENED:c2,f3,i3, conf=2: [s0:0.0.0.0:41468, s1:0.0.0.0:41619, s2:0.0.0.0:44382], old=null RUNNING
  s2:  RUNNING CANDIDATE s2@group-5BD3E7F27A57:t251, leader=null, voted=s2, raftlog=s2@group-5BD3E7F27A57-SegmentedRaftLog:OPENED:c1,f3,i3, conf=3: [s0:0.0.0.0:41468, s1:0.0.0.0:41619, s2:0.0.0.0:44382], old=null RUNNING, sleep 450ms and then retry.
java.lang.IllegalStateException: No leader yet : printing ALL groups
  s0:  RUNNING  FOLLOWER s0@group-5BD3E7F27A57:t252, leader=null, voted=null, raftlog=s0@group-5BD3E7F27A57-SegmentedRaftLog:OPENED:c3,f4,i4, conf=3: [s0:0.0.0.0:41468, s1:0.0.0.0:41619, s2:0.0.0.0:44382], old=null RUNNING
  s1:  RUNNING CANDIDATE s1@group-5BD3E7F27A57:t252, leader=null, voted=s1, raftlog=s1@group-5BD3E7F27A57-SegmentedRaftLog:OPENED:c2,f3,i3, conf=2: [s0:0.0.0.0:41468, s1:0.0.0.0:41619, s2:0.0.0.0:44382], old=null RUNNING
  s2:  RUNNING CANDIDATE s2@group-5BD3E7F27A57:t251, leader=null, voted=s2, raftlog=s2@group-5BD3E7F27A57-SegmentedRaftLog:OPENED:c1,f3,i3, conf=3: [s0:0.0.0.0:41468, s1:0.0.0.0:41619, s2:0.0.0.0:44382], old=null RUNNING
	at org.apache.ratis.MiniRaftCluster.newIllegalStateExceptionForNoLeaders(MiniRaftCluster.java:506)
	at org.apache.ratis.RaftTestUtil.lambda$waitForLeader$1(RaftTestUtil.java:90)
	at org.apache.ratis.MiniRaftCluster.getLeader(MiniRaftCluster.java:539)
	at org.apache.ratis.MiniRaftCluster.getLeader(MiniRaftCluster.java:532)
	at org.apache.ratis.RaftTestUtil.lambda$waitForLeader$3(RaftTestUtil.java:98)
	at org.apache.ratis.util.JavaUtils.attempt(JavaUtils.java:152)
	at org.apache.ratis.RaftTestUtil.waitForLeader(RaftTestUtil.java:97)
	at org.apache.ratis.RaftTestUtil.waitForLeader(RaftTestUtil.java:77)
	at org.apache.ratis.RaftTestUtil.waitForLeader(RaftTestUtil.java:72)
	at org.apache.ratis.RaftTestUtil.lambda$changeLeader$7(RaftTestUtil.java:363)
	at org.apache.ratis.util.JavaUtils.attempt(JavaUtils.java:152)
	at org.apache.ratis.RaftTestUtil.changeLeader(RaftTestUtil.java:362)
	at org.apache.ratis.server.impl.LeaderElectionTests.testChangeLeader(LeaderElectionTests.java:81)
	at sun.reflect.NativeMethodAccessorImpl.invoke0(Native Method)
	at sun.reflect.NativeMethodAccessorImpl.invoke(NativeMethodAccessorImpl.java:62)
	at sun.reflect.DelegatingMethodAccessorImpl.invoke(DelegatingMethodAccessorImpl.java:43)
	at java.lang.reflect.Method.invoke(Method.java:498)
	at org.junit.runners.model.FrameworkMethod$1.runReflectiveCall(FrameworkMethod.java:50)
	at org.junit.internal.runners.model.ReflectiveCallable.run(ReflectiveCallable.java:12)
	at org.junit.runners.model.FrameworkMethod.invokeExplosively(FrameworkMethod.java:47)
	at org.junit.internal.runners.statements.InvokeMethod.evaluate(InvokeMethod.java:17)
	at org.junit.internal.runners.statements.RunAfters.evaluate(RunAfters.java:27)
	at org.junit.internal.runners.statements.FailOnTimeout$CallableStatement.call(FailOnTimeout.java:298)
	at org.junit.internal.runners.statements.FailOnTimeout$CallableStatement.call(FailOnTimeout.java:292)
	at java.util.concurrent.FutureTask.run(FutureTask.java:266)
	at java.lang.Thread.run(Thread.java:748)
2019-09-26 09:49:49,660 INFO  impl.LeaderElection (LeaderElection.java:logAndReturn(56)) - s2@group-5BD3E7F27A57-LeaderElection99: Election TIMEOUT; received 1 response(s) [s2<-s0#0:FAIL-t251] and 0 exception(s); s2@group-5BD3E7F27A57:t251, leader=null, voted=s2, raftlog=s2@group-5BD3E7F27A57-SegmentedRaftLog:OPENED:c1,f3,i3, conf=3: [s0:0.0.0.0:41468, s1:0.0.0.0:41619, s2:0.0.0.0:44382], old=null
2019-09-26 09:49:49,674 INFO  impl.LeaderElection (LeaderElection.java:askForVotes(178)) - s2@group-5BD3E7F27A57-LeaderElection99: begin an election at term 252 for 3: [s0:0.0.0.0:41468, s1:0.0.0.0:41619, s2:0.0.0.0:44382], old=null
2019-09-26 09:49:49,675 DEBUG impl.RaftServerImpl (RaftServerImpl.java:requestVote(743)) - s0@group-5BD3E7F27A57: receive requestVote(s2, group-5BD3E7F27A57, 252, (t:4, i:3))
2019-09-26 09:49:49,675 INFO  impl.RaftServerImpl (RaftServerImpl.java:setRole(170)) - s0@group-5BD3E7F27A57: changes role from  FOLLOWER to FOLLOWER at term 252 for recognizeCandidate:s2
2019-09-26 09:49:49,675 INFO  impl.RoleInfo (RoleInfo.java:shutdownFollowerState(121)) - s0: shutdown FollowerState
2019-09-26 09:49:49,675 INFO  impl.RoleInfo (RoleInfo.java:updateAndGet(143)) - s0: start FollowerState
2019-09-26 09:49:49,675 INFO  impl.FollowerState (FollowerState.java:run(117)) - s0@group-5BD3E7F27A57-FollowerState was interrupted: java.lang.InterruptedException: sleep interrupted
2019-09-26 09:49:49,676 DEBUG impl.RaftServerImpl (RaftServerImpl.java:requestVote(775)) - s0@group-5BD3E7F27A57 replies to vote request: s2<-s0#0:FAIL-t252. Peer's state: s0@group-5BD3E7F27A57:t252, leader=null, voted=null, raftlog=s0@group-5BD3E7F27A57-SegmentedRaftLog:OPENED:c3,f4,i4, conf=3: [s0:0.0.0.0:41468, s1:0.0.0.0:41619, s2:0.0.0.0:44382], old=null
2019-09-26 09:49:49,750 INFO  impl.LeaderElection (LeaderElection.java:logAndReturn(56)) - s1@group-5BD3E7F27A57-LeaderElection98: Election TIMEOUT; received 1 response(s) [s1<-s0#0:FAIL-t252] and 0 exception(s); s1@group-5BD3E7F27A57:t252, leader=null, voted=s1, raftlog=s1@group-5BD3E7F27A57-SegmentedRaftLog:OPENED:c2,f3,i3, conf=2: [s0:0.0.0.0:41468, s1:0.0.0.0:41619, s2:0.0.0.0:44382], old=null
2019-09-26 09:49:49,756 INFO  impl.LeaderElection (LeaderElection.java:askForVotes(178)) - s1@group-5BD3E7F27A57-LeaderElection98: begin an election at term 253 for 2: [s0:0.0.0.0:41468, s1:0.0.0.0:41619, s2:0.0.0.0:44382], old=null
2019-09-26 09:49:49,756 DEBUG impl.RaftServerImpl (RaftServerImpl.java:requestVote(743)) - s0@group-5BD3E7F27A57: receive requestVote(s1, group-5BD3E7F27A57, 253, (t:3, i:3))
2019-09-26 09:49:49,756 INFO  impl.RaftServerImpl (RaftServerImpl.java:setRole(170)) - s0@group-5BD3E7F27A57: changes role from  FOLLOWER to FOLLOWER at term 253 for recognizeCandidate:s1
2019-09-26 09:49:49,757 INFO  impl.RoleInfo (RoleInfo.java:shutdownFollowerState(121)) - s0: shutdown FollowerState
2019-09-26 09:49:49,757 INFO  impl.RoleInfo (RoleInfo.java:updateAndGet(143)) - s0: start FollowerState
2019-09-26 09:49:49,757 INFO  impl.FollowerState (FollowerState.java:run(117)) - s0@group-5BD3E7F27A57-FollowerState was interrupted: java.lang.InterruptedException: sleep interrupted
2019-09-26 09:49:49,770 DEBUG impl.RaftServerImpl (RaftServerImpl.java:requestVote(775)) - s0@group-5BD3E7F27A57 replies to vote request: s1<-s0#0:FAIL-t253. Peer's state: s0@group-5BD3E7F27A57:t253, leader=null, voted=null, raftlog=s0@group-5BD3E7F27A57-SegmentedRaftLog:OPENED:c3,f4,i4, conf=3: [s0:0.0.0.0:41468, s1:0.0.0.0:41619, s2:0.0.0.0:44382], old=null
2019-09-26 09:49:49,925 INFO  impl.LeaderElection (LeaderElection.java:logAndReturn(56)) - s2@group-5BD3E7F27A57-LeaderElection99: Election TIMEOUT; received 1 response(s) [s2<-s0#0:FAIL-t252] and 0 exception(s); s2@group-5BD3E7F27A57:t252, leader=null, voted=s2, raftlog=s2@group-5BD3E7F27A57-SegmentedRaftLog:OPENED:c1,f3,i3, conf=3: [s0:0.0.0.0:41468, s1:0.0.0.0:41619, s2:0.0.0.0:44382], old=null
2019-09-26 09:49:49,937 INFO  impl.LeaderElection (LeaderElection.java:askForVotes(178)) - s2@group-5BD3E7F27A57-LeaderElection99: begin an election at term 253 for 3: [s0:0.0.0.0:41468, s1:0.0.0.0:41619, s2:0.0.0.0:44382], old=null
2019-09-26 09:49:49,938 DEBUG impl.RaftServerImpl (RaftServerImpl.java:requestVote(743)) - s0@group-5BD3E7F27A57: receive requestVote(s2, group-5BD3E7F27A57, 253, (t:4, i:3))
2019-09-26 09:49:49,938 INFO  impl.RaftServerImpl (RaftServerImpl.java:setRole(170)) - s0@group-5BD3E7F27A57: changes role from  FOLLOWER to FOLLOWER at term 253 for recognizeCandidate:s2
2019-09-26 09:49:49,938 INFO  impl.RoleInfo (RoleInfo.java:shutdownFollowerState(121)) - s0: shutdown FollowerState
2019-09-26 09:49:49,939 INFO  impl.RoleInfo (RoleInfo.java:updateAndGet(143)) - s0: start FollowerState
2019-09-26 09:49:49,939 INFO  impl.FollowerState (FollowerState.java:run(117)) - s0@group-5BD3E7F27A57-FollowerState was interrupted: java.lang.InterruptedException: sleep interrupted
2019-09-26 09:49:49,939 DEBUG impl.RaftServerImpl (RaftServerImpl.java:requestVote(775)) - s0@group-5BD3E7F27A57 replies to vote request: s2<-s0#0:FAIL-t253. Peer's state: s0@group-5BD3E7F27A57:t253, leader=null, voted=null, raftlog=s0@group-5BD3E7F27A57-SegmentedRaftLog:OPENED:c3,f4,i4, conf=3: [s0:0.0.0.0:41468, s1:0.0.0.0:41619, s2:0.0.0.0:44382], old=null
2019-09-26 09:49:50,029 WARN  ratis.RaftTestUtil (JavaUtils.java:attempt(158)) - FAILED "waitForLeader-null-(expectLeader? true)", attempt #27/100: java.lang.IllegalStateException: No leader yet : printing ALL groups
  s0:  RUNNING  FOLLOWER s0@group-5BD3E7F27A57:t253, leader=null, voted=null, raftlog=s0@group-5BD3E7F27A57-SegmentedRaftLog:OPENED:c3,f4,i4, conf=3: [s0:0.0.0.0:41468, s1:0.0.0.0:41619, s2:0.0.0.0:44382], old=null RUNNING
  s1:  RUNNING CANDIDATE s1@group-5BD3E7F27A57:t253, leader=null, voted=s1, raftlog=s1@group-5BD3E7F27A57-SegmentedRaftLog:OPENED:c2,f3,i3, conf=2: [s0:0.0.0.0:41468, s1:0.0.0.0:41619, s2:0.0.0.0:44382], old=null RUNNING
  s2:  RUNNING CANDIDATE s2@group-5BD3E7F27A57:t253, leader=null, voted=s2, raftlog=s2@group-5BD3E7F27A57-SegmentedRaftLog:OPENED:c1,f3,i3, conf=3: [s0:0.0.0.0:41468, s1:0.0.0.0:41619, s2:0.0.0.0:44382], old=null RUNNING, sleep 450ms and then retry.
java.lang.IllegalStateException: No leader yet : printing ALL groups
  s0:  RUNNING  FOLLOWER s0@group-5BD3E7F27A57:t253, leader=null, voted=null, raftlog=s0@group-5BD3E7F27A57-SegmentedRaftLog:OPENED:c3,f4,i4, conf=3: [s0:0.0.0.0:41468, s1:0.0.0.0:41619, s2:0.0.0.0:44382], old=null RUNNING
  s1:  RUNNING CANDIDATE s1@group-5BD3E7F27A57:t253, leader=null, voted=s1, raftlog=s1@group-5BD3E7F27A57-SegmentedRaftLog:OPENED:c2,f3,i3, conf=2: [s0:0.0.0.0:41468, s1:0.0.0.0:41619, s2:0.0.0.0:44382], old=null RUNNING
  s2:  RUNNING CANDIDATE s2@group-5BD3E7F27A57:t253, leader=null, voted=s2, raftlog=s2@group-5BD3E7F27A57-SegmentedRaftLog:OPENED:c1,f3,i3, conf=3: [s0:0.0.0.0:41468, s1:0.0.0.0:41619, s2:0.0.0.0:44382], old=null RUNNING
	at org.apache.ratis.MiniRaftCluster.newIllegalStateExceptionForNoLeaders(MiniRaftCluster.java:506)
	at org.apache.ratis.RaftTestUtil.lambda$waitForLeader$1(RaftTestUtil.java:90)
	at org.apache.ratis.MiniRaftCluster.getLeader(MiniRaftCluster.java:539)
	at org.apache.ratis.MiniRaftCluster.getLeader(MiniRaftCluster.java:532)
	at org.apache.ratis.RaftTestUtil.lambda$waitForLeader$3(RaftTestUtil.java:98)
	at org.apache.ratis.util.JavaUtils.attempt(JavaUtils.java:152)
	at org.apache.ratis.RaftTestUtil.waitForLeader(RaftTestUtil.java:97)
	at org.apache.ratis.RaftTestUtil.waitForLeader(RaftTestUtil.java:77)
	at org.apache.ratis.RaftTestUtil.waitForLeader(RaftTestUtil.java:72)
	at org.apache.ratis.RaftTestUtil.lambda$changeLeader$7(RaftTestUtil.java:363)
	at org.apache.ratis.util.JavaUtils.attempt(JavaUtils.java:152)
	at org.apache.ratis.RaftTestUtil.changeLeader(RaftTestUtil.java:362)
	at org.apache.ratis.server.impl.LeaderElectionTests.testChangeLeader(LeaderElectionTests.java:81)
	at sun.reflect.NativeMethodAccessorImpl.invoke0(Native Method)
	at sun.reflect.NativeMethodAccessorImpl.invoke(NativeMethodAccessorImpl.java:62)
	at sun.reflect.DelegatingMethodAccessorImpl.invoke(DelegatingMethodAccessorImpl.java:43)
	at java.lang.reflect.Method.invoke(Method.java:498)
	at org.junit.runners.model.FrameworkMethod$1.runReflectiveCall(FrameworkMethod.java:50)
	at org.junit.internal.runners.model.ReflectiveCallable.run(ReflectiveCallable.java:12)
	at org.junit.runners.model.FrameworkMethod.invokeExplosively(FrameworkMethod.java:47)
	at org.junit.internal.runners.statements.InvokeMethod.evaluate(InvokeMethod.java:17)
	at org.junit.internal.runners.statements.RunAfters.evaluate(RunAfters.java:27)
	at org.junit.internal.runners.statements.FailOnTimeout$CallableStatement.call(FailOnTimeout.java:298)
	at org.junit.internal.runners.statements.FailOnTimeout$CallableStatement.call(FailOnTimeout.java:292)
	at java.util.concurrent.FutureTask.run(FutureTask.java:266)
	at java.lang.Thread.run(Thread.java:748)
2019-09-26 09:49:50,052 INFO  impl.LeaderElection (LeaderElection.java:logAndReturn(56)) - s1@group-5BD3E7F27A57-LeaderElection98: Election TIMEOUT; received 1 response(s) [s1<-s0#0:FAIL-t253] and 0 exception(s); s1@group-5BD3E7F27A57:t253, leader=null, voted=s1, raftlog=s1@group-5BD3E7F27A57-SegmentedRaftLog:OPENED:c2,f3,i3, conf=2: [s0:0.0.0.0:41468, s1:0.0.0.0:41619, s2:0.0.0.0:44382], old=null
2019-09-26 09:49:50,064 INFO  impl.LeaderElection (LeaderElection.java:askForVotes(178)) - s1@group-5BD3E7F27A57-LeaderElection98: begin an election at term 254 for 2: [s0:0.0.0.0:41468, s1:0.0.0.0:41619, s2:0.0.0.0:44382], old=null
2019-09-26 09:49:50,065 DEBUG impl.RaftServerImpl (RaftServerImpl.java:requestVote(743)) - s0@group-5BD3E7F27A57: receive requestVote(s1, group-5BD3E7F27A57, 254, (t:3, i:3))
2019-09-26 09:49:50,065 INFO  impl.RaftServerImpl (RaftServerImpl.java:setRole(170)) - s0@group-5BD3E7F27A57: changes role from  FOLLOWER to FOLLOWER at term 254 for recognizeCandidate:s1
2019-09-26 09:49:50,065 INFO  impl.RoleInfo (RoleInfo.java:shutdownFollowerState(121)) - s0: shutdown FollowerState
2019-09-26 09:49:50,065 INFO  impl.RoleInfo (RoleInfo.java:updateAndGet(143)) - s0: start FollowerState
2019-09-26 09:49:50,065 INFO  impl.FollowerState (FollowerState.java:run(117)) - s0@group-5BD3E7F27A57-FollowerState was interrupted: java.lang.InterruptedException: sleep interrupted
2019-09-26 09:49:50,079 DEBUG impl.RaftServerImpl (RaftServerImpl.java:requestVote(775)) - s0@group-5BD3E7F27A57 replies to vote request: s1<-s0#0:FAIL-t254. Peer's state: s0@group-5BD3E7F27A57:t254, leader=null, voted=null, raftlog=s0@group-5BD3E7F27A57-SegmentedRaftLog:OPENED:c3,f4,i4, conf=3: [s0:0.0.0.0:41468, s1:0.0.0.0:41619, s2:0.0.0.0:44382], old=null
2019-09-26 09:49:50,233 INFO  impl.LeaderElection (LeaderElection.java:logAndReturn(56)) - s2@group-5BD3E7F27A57-LeaderElection99: Election TIMEOUT; received 1 response(s) [s2<-s0#0:FAIL-t253] and 0 exception(s); s2@group-5BD3E7F27A57:t253, leader=null, voted=s2, raftlog=s2@group-5BD3E7F27A57-SegmentedRaftLog:OPENED:c1,f3,i3, conf=3: [s0:0.0.0.0:41468, s1:0.0.0.0:41619, s2:0.0.0.0:44382], old=null
2019-09-26 09:49:50,241 INFO  impl.LeaderElection (LeaderElection.java:askForVotes(178)) - s2@group-5BD3E7F27A57-LeaderElection99: begin an election at term 254 for 3: [s0:0.0.0.0:41468, s1:0.0.0.0:41619, s2:0.0.0.0:44382], old=null
2019-09-26 09:49:50,242 DEBUG impl.RaftServerImpl (RaftServerImpl.java:requestVote(743)) - s0@group-5BD3E7F27A57: receive requestVote(s2, group-5BD3E7F27A57, 254, (t:4, i:3))
2019-09-26 09:49:50,242 INFO  impl.RaftServerImpl (RaftServerImpl.java:setRole(170)) - s0@group-5BD3E7F27A57: changes role from  FOLLOWER to FOLLOWER at term 254 for recognizeCandidate:s2
2019-09-26 09:49:50,242 INFO  impl.RoleInfo (RoleInfo.java:shutdownFollowerState(121)) - s0: shutdown FollowerState
2019-09-26 09:49:50,243 INFO  impl.RoleInfo (RoleInfo.java:updateAndGet(143)) - s0: start FollowerState
2019-09-26 09:49:50,243 INFO  impl.FollowerState (FollowerState.java:run(117)) - s0@group-5BD3E7F27A57-FollowerState was interrupted: java.lang.InterruptedException: sleep interrupted
2019-09-26 09:49:50,243 DEBUG impl.RaftServerImpl (RaftServerImpl.java:requestVote(775)) - s0@group-5BD3E7F27A57 replies to vote request: s2<-s0#0:FAIL-t254. Peer's state: s0@group-5BD3E7F27A57:t254, leader=null, voted=null, raftlog=s0@group-5BD3E7F27A57-SegmentedRaftLog:OPENED:c3,f4,i4, conf=3: [s0:0.0.0.0:41468, s1:0.0.0.0:41619, s2:0.0.0.0:44382], old=null
2019-09-26 09:49:50,259 INFO  impl.LeaderElection (LeaderElection.java:logAndReturn(56)) - s1@group-5BD3E7F27A57-LeaderElection98: Election TIMEOUT; received 1 response(s) [s1<-s0#0:FAIL-t254] and 0 exception(s); s1@group-5BD3E7F27A57:t254, leader=null, voted=s1, raftlog=s1@group-5BD3E7F27A57-SegmentedRaftLog:OPENED:c2,f3,i3, conf=2: [s0:0.0.0.0:41468, s1:0.0.0.0:41619, s2:0.0.0.0:44382], old=null
2019-09-26 09:49:50,273 INFO  impl.LeaderElection (LeaderElection.java:askForVotes(178)) - s1@group-5BD3E7F27A57-LeaderElection98: begin an election at term 255 for 2: [s0:0.0.0.0:41468, s1:0.0.0.0:41619, s2:0.0.0.0:44382], old=null
2019-09-26 09:49:50,274 DEBUG impl.RaftServerImpl (RaftServerImpl.java:requestVote(743)) - s0@group-5BD3E7F27A57: receive requestVote(s1, group-5BD3E7F27A57, 255, (t:3, i:3))
2019-09-26 09:49:50,274 INFO  impl.RaftServerImpl (RaftServerImpl.java:setRole(170)) - s0@group-5BD3E7F27A57: changes role from  FOLLOWER to FOLLOWER at term 255 for recognizeCandidate:s1
2019-09-26 09:49:50,274 INFO  impl.RoleInfo (RoleInfo.java:shutdownFollowerState(121)) - s0: shutdown FollowerState
2019-09-26 09:49:50,274 INFO  impl.RoleInfo (RoleInfo.java:updateAndGet(143)) - s0: start FollowerState
2019-09-26 09:49:50,274 INFO  impl.FollowerState (FollowerState.java:run(117)) - s0@group-5BD3E7F27A57-FollowerState was interrupted: java.lang.InterruptedException: sleep interrupted
2019-09-26 09:49:50,288 DEBUG impl.RaftServerImpl (RaftServerImpl.java:requestVote(775)) - s0@group-5BD3E7F27A57 replies to vote request: s1<-s0#0:FAIL-t255. Peer's state: s0@group-5BD3E7F27A57:t255, leader=null, voted=null, raftlog=s0@group-5BD3E7F27A57-SegmentedRaftLog:OPENED:c3,f4,i4, conf=3: [s0:0.0.0.0:41468, s1:0.0.0.0:41619, s2:0.0.0.0:44382], old=null
2019-09-26 09:49:50,419 INFO  impl.LeaderElection (LeaderElection.java:logAndReturn(56)) - s2@group-5BD3E7F27A57-LeaderElection99: Election TIMEOUT; received 1 response(s) [s2<-s0#0:FAIL-t254] and 0 exception(s); s2@group-5BD3E7F27A57:t254, leader=null, voted=s2, raftlog=s2@group-5BD3E7F27A57-SegmentedRaftLog:OPENED:c1,f3,i3, conf=3: [s0:0.0.0.0:41468, s1:0.0.0.0:41619, s2:0.0.0.0:44382], old=null
2019-09-26 09:49:50,422 INFO  impl.LeaderElection (LeaderElection.java:askForVotes(178)) - s2@group-5BD3E7F27A57-LeaderElection99: begin an election at term 255 for 3: [s0:0.0.0.0:41468, s1:0.0.0.0:41619, s2:0.0.0.0:44382], old=null
2019-09-26 09:49:50,423 DEBUG impl.RaftServerImpl (RaftServerImpl.java:requestVote(743)) - s0@group-5BD3E7F27A57: receive requestVote(s2, group-5BD3E7F27A57, 255, (t:4, i:3))
2019-09-26 09:49:50,423 INFO  impl.RaftServerImpl (RaftServerImpl.java:setRole(170)) - s0@group-5BD3E7F27A57: changes role from  FOLLOWER to FOLLOWER at term 255 for recognizeCandidate:s2
2019-09-26 09:49:50,423 INFO  impl.RoleInfo (RoleInfo.java:shutdownFollowerState(121)) - s0: shutdown FollowerState
2019-09-26 09:49:50,424 INFO  impl.RoleInfo (RoleInfo.java:updateAndGet(143)) - s0: start FollowerState
2019-09-26 09:49:50,424 INFO  impl.FollowerState (FollowerState.java:run(117)) - s0@group-5BD3E7F27A57-FollowerState was interrupted: java.lang.InterruptedException: sleep interrupted
2019-09-26 09:49:50,424 DEBUG impl.RaftServerImpl (RaftServerImpl.java:requestVote(775)) - s0@group-5BD3E7F27A57 replies to vote request: s2<-s0#0:FAIL-t255. Peer's state: s0@group-5BD3E7F27A57:t255, leader=null, voted=null, raftlog=s0@group-5BD3E7F27A57-SegmentedRaftLog:OPENED:c3,f4,i4, conf=3: [s0:0.0.0.0:41468, s1:0.0.0.0:41619, s2:0.0.0.0:44382], old=null
2019-09-26 09:49:50,458 INFO  impl.LeaderElection (LeaderElection.java:logAndReturn(56)) - s1@group-5BD3E7F27A57-LeaderElection98: Election TIMEOUT; received 1 response(s) [s1<-s0#0:FAIL-t255] and 0 exception(s); s1@group-5BD3E7F27A57:t255, leader=null, voted=s1, raftlog=s1@group-5BD3E7F27A57-SegmentedRaftLog:OPENED:c2,f3,i3, conf=2: [s0:0.0.0.0:41468, s1:0.0.0.0:41619, s2:0.0.0.0:44382], old=null
2019-09-26 09:49:50,472 INFO  impl.LeaderElection (LeaderElection.java:askForVotes(178)) - s1@group-5BD3E7F27A57-LeaderElection98: begin an election at term 256 for 2: [s0:0.0.0.0:41468, s1:0.0.0.0:41619, s2:0.0.0.0:44382], old=null
2019-09-26 09:49:50,473 DEBUG impl.RaftServerImpl (RaftServerImpl.java:requestVote(743)) - s0@group-5BD3E7F27A57: receive requestVote(s1, group-5BD3E7F27A57, 256, (t:3, i:3))
2019-09-26 09:49:50,473 INFO  impl.RaftServerImpl (RaftServerImpl.java:setRole(170)) - s0@group-5BD3E7F27A57: changes role from  FOLLOWER to FOLLOWER at term 256 for recognizeCandidate:s1
2019-09-26 09:49:50,473 INFO  impl.RoleInfo (RoleInfo.java:shutdownFollowerState(121)) - s0: shutdown FollowerState
2019-09-26 09:49:50,473 INFO  impl.RoleInfo (RoleInfo.java:updateAndGet(143)) - s0: start FollowerState
2019-09-26 09:49:50,473 INFO  impl.FollowerState (FollowerState.java:run(117)) - s0@group-5BD3E7F27A57-FollowerState was interrupted: java.lang.InterruptedException: sleep interrupted
2019-09-26 09:49:50,481 WARN  ratis.RaftTestUtil (JavaUtils.java:attempt(158)) - FAILED "waitForLeader-null-(expectLeader? true)", attempt #28/100: java.lang.IllegalStateException: No leader yet : printing ALL groups
  s0:  RUNNING  FOLLOWER s0@group-5BD3E7F27A57:t256, leader=null, voted=null, raftlog=s0@group-5BD3E7F27A57-SegmentedRaftLog:OPENED:c3,f4,i4, conf=3: [s0:0.0.0.0:41468, s1:0.0.0.0:41619, s2:0.0.0.0:44382], old=null RUNNING
  s1:  RUNNING CANDIDATE s1@group-5BD3E7F27A57:t256, leader=null, voted=s1, raftlog=s1@group-5BD3E7F27A57-SegmentedRaftLog:OPENED:c2,f3,i3, conf=2: [s0:0.0.0.0:41468, s1:0.0.0.0:41619, s2:0.0.0.0:44382], old=null RUNNING
  s2:  RUNNING CANDIDATE s2@group-5BD3E7F27A57:t255, leader=null, voted=s2, raftlog=s2@group-5BD3E7F27A57-SegmentedRaftLog:OPENED:c1,f3,i3, conf=3: [s0:0.0.0.0:41468, s1:0.0.0.0:41619, s2:0.0.0.0:44382], old=null RUNNING, sleep 450ms and then retry.
java.lang.IllegalStateException: No leader yet : printing ALL groups
  s0:  RUNNING  FOLLOWER s0@group-5BD3E7F27A57:t256, leader=null, voted=null, raftlog=s0@group-5BD3E7F27A57-SegmentedRaftLog:OPENED:c3,f4,i4, conf=3: [s0:0.0.0.0:41468, s1:0.0.0.0:41619, s2:0.0.0.0:44382], old=null RUNNING
  s1:  RUNNING CANDIDATE s1@group-5BD3E7F27A57:t256, leader=null, voted=s1, raftlog=s1@group-5BD3E7F27A57-SegmentedRaftLog:OPENED:c2,f3,i3, conf=2: [s0:0.0.0.0:41468, s1:0.0.0.0:41619, s2:0.0.0.0:44382], old=null RUNNING
  s2:  RUNNING CANDIDATE s2@group-5BD3E7F27A57:t255, leader=null, voted=s2, raftlog=s2@group-5BD3E7F27A57-SegmentedRaftLog:OPENED:c1,f3,i3, conf=3: [s0:0.0.0.0:41468, s1:0.0.0.0:41619, s2:0.0.0.0:44382], old=null RUNNING
	at org.apache.ratis.MiniRaftCluster.newIllegalStateExceptionForNoLeaders(MiniRaftCluster.java:506)
	at org.apache.ratis.RaftTestUtil.lambda$waitForLeader$1(RaftTestUtil.java:90)
	at org.apache.ratis.MiniRaftCluster.getLeader(MiniRaftCluster.java:539)
	at org.apache.ratis.MiniRaftCluster.getLeader(MiniRaftCluster.java:532)
	at org.apache.ratis.RaftTestUtil.lambda$waitForLeader$3(RaftTestUtil.java:98)
	at org.apache.ratis.util.JavaUtils.attempt(JavaUtils.java:152)
	at org.apache.ratis.RaftTestUtil.waitForLeader(RaftTestUtil.java:97)
	at org.apache.ratis.RaftTestUtil.waitForLeader(RaftTestUtil.java:77)
	at org.apache.ratis.RaftTestUtil.waitForLeader(RaftTestUtil.java:72)
	at org.apache.ratis.RaftTestUtil.lambda$changeLeader$7(RaftTestUtil.java:363)
	at org.apache.ratis.util.JavaUtils.attempt(JavaUtils.java:152)
	at org.apache.ratis.RaftTestUtil.changeLeader(RaftTestUtil.java:362)
	at org.apache.ratis.server.impl.LeaderElectionTests.testChangeLeader(LeaderElectionTests.java:81)
	at sun.reflect.NativeMethodAccessorImpl.invoke0(Native Method)
	at sun.reflect.NativeMethodAccessorImpl.invoke(NativeMethodAccessorImpl.java:62)
	at sun.reflect.DelegatingMethodAccessorImpl.invoke(DelegatingMethodAccessorImpl.java:43)
	at java.lang.reflect.Method.invoke(Method.java:498)
	at org.junit.runners.model.FrameworkMethod$1.runReflectiveCall(FrameworkMethod.java:50)
	at org.junit.internal.runners.model.ReflectiveCallable.run(ReflectiveCallable.java:12)
	at org.junit.runners.model.FrameworkMethod.invokeExplosively(FrameworkMethod.java:47)
	at org.junit.internal.runners.statements.InvokeMethod.evaluate(InvokeMethod.java:17)
	at org.junit.internal.runners.statements.RunAfters.evaluate(RunAfters.java:27)
	at org.junit.internal.runners.statements.FailOnTimeout$CallableStatement.call(FailOnTimeout.java:298)
	at org.junit.internal.runners.statements.FailOnTimeout$CallableStatement.call(FailOnTimeout.java:292)
	at java.util.concurrent.FutureTask.run(FutureTask.java:266)
	at java.lang.Thread.run(Thread.java:748)
2019-09-26 09:49:50,487 DEBUG impl.RaftServerImpl (RaftServerImpl.java:requestVote(775)) - s0@group-5BD3E7F27A57 replies to vote request: s1<-s0#0:FAIL-t256. Peer's state: s0@group-5BD3E7F27A57:t256, leader=null, voted=null, raftlog=s0@group-5BD3E7F27A57-SegmentedRaftLog:OPENED:c3,f4,i4, conf=3: [s0:0.0.0.0:41468, s1:0.0.0.0:41619, s2:0.0.0.0:44382], old=null
2019-09-26 09:49:50,640 INFO  impl.FollowerState (FollowerState.java:run(108)) - s0@group-5BD3E7F27A57-FollowerState: change to CANDIDATE, lastRpcTime:166ms, electionTimeout:166ms
2019-09-26 09:49:50,640 INFO  impl.RoleInfo (RoleInfo.java:shutdownFollowerState(121)) - s0: shutdown FollowerState
2019-09-26 09:49:50,640 INFO  impl.RaftServerImpl (RaftServerImpl.java:setRole(170)) - s0@group-5BD3E7F27A57: changes role from  FOLLOWER to CANDIDATE at term 256 for changeToCandidate
2019-09-26 09:49:50,641 INFO  impl.RoleInfo (RoleInfo.java:updateAndGet(143)) - s0: start LeaderElection
2019-09-26 09:49:50,644 INFO  impl.LeaderElection (LeaderElection.java:logAndReturn(56)) - s1@group-5BD3E7F27A57-LeaderElection98: Election TIMEOUT; received 1 response(s) [s1<-s0#0:FAIL-t256] and 0 exception(s); s1@group-5BD3E7F27A57:t256, leader=null, voted=s1, raftlog=s1@group-5BD3E7F27A57-SegmentedRaftLog:OPENED:c2,f3,i3, conf=2: [s0:0.0.0.0:41468, s1:0.0.0.0:41619, s2:0.0.0.0:44382], old=null
2019-09-26 09:49:50,645 INFO  impl.LeaderElection (LeaderElection.java:logAndReturn(56)) - s2@group-5BD3E7F27A57-LeaderElection99: Election TIMEOUT; received 1 response(s) [s2<-s0#0:FAIL-t255] and 0 exception(s); s2@group-5BD3E7F27A57:t255, leader=null, voted=s2, raftlog=s2@group-5BD3E7F27A57-SegmentedRaftLog:OPENED:c1,f3,i3, conf=3: [s0:0.0.0.0:41468, s1:0.0.0.0:41619, s2:0.0.0.0:44382], old=null
2019-09-26 09:49:50,655 INFO  impl.LeaderElection (LeaderElection.java:askForVotes(178)) - s2@group-5BD3E7F27A57-LeaderElection99: begin an election at term 256 for 3: [s0:0.0.0.0:41468, s1:0.0.0.0:41619, s2:0.0.0.0:44382], old=null
2019-09-26 09:49:50,655 INFO  impl.LeaderElection (LeaderElection.java:askForVotes(178)) - s0@group-5BD3E7F27A57-LeaderElection100: begin an election at term 257 for 3: [s0:0.0.0.0:41468, s1:0.0.0.0:41619, s2:0.0.0.0:44382], old=null
2019-09-26 09:49:50,655 INFO  impl.LeaderElection (LeaderElection.java:askForVotes(178)) - s1@group-5BD3E7F27A57-LeaderElection98: begin an election at term 257 for 2: [s0:0.0.0.0:41468, s1:0.0.0.0:41619, s2:0.0.0.0:44382], old=null
2019-09-26 09:49:50,656 DEBUG impl.RaftServerImpl (RaftServerImpl.java:requestVote(743)) - s0@group-5BD3E7F27A57: receive requestVote(s2, group-5BD3E7F27A57, 256, (t:4, i:3))
2019-09-26 09:49:50,656 DEBUG impl.RaftServerImpl (RaftServerImpl.java:requestVote(775)) - s0@group-5BD3E7F27A57 replies to vote request: s2<-s0#0:FAIL-t257. Peer's state: s0@group-5BD3E7F27A57:t257, leader=null, voted=s0, raftlog=s0@group-5BD3E7F27A57-SegmentedRaftLog:OPENED:c3,f4,i4, conf=3: [s0:0.0.0.0:41468, s1:0.0.0.0:41619, s2:0.0.0.0:44382], old=null
2019-09-26 09:49:50,656 DEBUG impl.RaftServerImpl (RaftServerImpl.java:requestVote(743)) - s0@group-5BD3E7F27A57: receive requestVote(s1, group-5BD3E7F27A57, 257, (t:3, i:3))
2019-09-26 09:49:50,656 INFO  impl.LeaderElection (LeaderElection.java:logAndReturn(56)) - s2@group-5BD3E7F27A57-LeaderElection99: Election DISCOVERED_A_NEW_TERM; received 1 response(s) [s2<-s0#0:FAIL-t257] and 0 exception(s); s2@group-5BD3E7F27A57:t256, leader=null, voted=s2, raftlog=s2@group-5BD3E7F27A57-SegmentedRaftLog:OPENED:c1,f3,i3, conf=3: [s0:0.0.0.0:41468, s1:0.0.0.0:41619, s2:0.0.0.0:44382], old=null
2019-09-26 09:49:50,656 DEBUG impl.RaftServerImpl (RaftServerImpl.java:requestVote(775)) - s0@group-5BD3E7F27A57 replies to vote request: s1<-s0#0:FAIL-t257. Peer's state: s0@group-5BD3E7F27A57:t257, leader=null, voted=s0, raftlog=s0@group-5BD3E7F27A57-SegmentedRaftLog:OPENED:c3,f4,i4, conf=3: [s0:0.0.0.0:41468, s1:0.0.0.0:41619, s2:0.0.0.0:44382], old=null
2019-09-26 09:49:50,656 INFO  impl.RaftServerImpl (RaftServerImpl.java:setRole(170)) - s2@group-5BD3E7F27A57: changes role from CANDIDATE to FOLLOWER at term 257 for DISCOVERED_A_NEW_TERM
2019-09-26 09:49:50,657 INFO  impl.RoleInfo (RoleInfo.java:shutdownLeaderElection(134)) - s2: shutdown LeaderElection
2019-09-26 09:49:50,657 INFO  impl.RoleInfo (RoleInfo.java:updateAndGet(143)) - s2: start FollowerState
2019-09-26 09:49:50,825 INFO  impl.LeaderElection (LeaderElection.java:logAndReturn(56)) - s1@group-5BD3E7F27A57-LeaderElection98: Election TIMEOUT; received 1 response(s) [s1<-s0#0:FAIL-t257] and 0 exception(s); s1@group-5BD3E7F27A57:t257, leader=null, voted=s1, raftlog=s1@group-5BD3E7F27A57-SegmentedRaftLog:OPENED:c2,f3,i3, conf=2: [s0:0.0.0.0:41468, s1:0.0.0.0:41619, s2:0.0.0.0:44382], old=null
2019-09-26 09:49:50,839 INFO  impl.LeaderElection (LeaderElection.java:askForVotes(178)) - s1@group-5BD3E7F27A57-LeaderElection98: begin an election at term 258 for 2: [s0:0.0.0.0:41468, s1:0.0.0.0:41619, s2:0.0.0.0:44382], old=null
2019-09-26 09:49:50,839 DEBUG impl.RaftServerImpl (RaftServerImpl.java:requestVote(743)) - s0@group-5BD3E7F27A57: receive requestVote(s1, group-5BD3E7F27A57, 258, (t:3, i:3))
2019-09-26 09:49:50,839 INFO  impl.RaftServerImpl (RaftServerImpl.java:setRole(170)) - s0@group-5BD3E7F27A57: changes role from CANDIDATE to FOLLOWER at term 258 for recognizeCandidate:s1
2019-09-26 09:49:50,839 INFO  impl.RoleInfo (RoleInfo.java:shutdownLeaderElection(134)) - s0: shutdown LeaderElection
2019-09-26 09:49:50,840 INFO  impl.RoleInfo (RoleInfo.java:updateAndGet(143)) - s0: start FollowerState
2019-09-26 09:49:50,852 INFO  impl.FollowerState (FollowerState.java:run(108)) - s2@group-5BD3E7F27A57-FollowerState: change to CANDIDATE, lastRpcTime:195ms, electionTimeout:195ms
2019-09-26 09:49:50,853 INFO  impl.RoleInfo (RoleInfo.java:shutdownFollowerState(121)) - s2: shutdown FollowerState
2019-09-26 09:49:50,853 INFO  impl.RaftServerImpl (RaftServerImpl.java:setRole(170)) - s2@group-5BD3E7F27A57: changes role from  FOLLOWER to CANDIDATE at term 257 for changeToCandidate
2019-09-26 09:49:50,853 INFO  impl.RoleInfo (RoleInfo.java:updateAndGet(143)) - s2: start LeaderElection
2019-09-26 09:49:50,854 DEBUG impl.RaftServerImpl (RaftServerImpl.java:requestVote(775)) - s0@group-5BD3E7F27A57 replies to vote request: s1<-s0#0:FAIL-t258. Peer's state: s0@group-5BD3E7F27A57:t258, leader=null, voted=null, raftlog=s0@group-5BD3E7F27A57-SegmentedRaftLog:OPENED:c3,f4,i4, conf=3: [s0:0.0.0.0:41468, s1:0.0.0.0:41619, s2:0.0.0.0:44382], old=null
2019-09-26 09:49:50,856 INFO  impl.LeaderElection (LeaderElection.java:askForVotes(178)) - s2@group-5BD3E7F27A57-LeaderElection101: begin an election at term 258 for 3: [s0:0.0.0.0:41468, s1:0.0.0.0:41619, s2:0.0.0.0:44382], old=null
2019-09-26 09:49:50,856 DEBUG impl.RaftServerImpl (RaftServerImpl.java:requestVote(743)) - s0@group-5BD3E7F27A57: receive requestVote(s2, group-5BD3E7F27A57, 258, (t:4, i:3))
2019-09-26 09:49:50,856 INFO  impl.RaftServerImpl (RaftServerImpl.java:setRole(170)) - s0@group-5BD3E7F27A57: changes role from  FOLLOWER to FOLLOWER at term 258 for recognizeCandidate:s2
2019-09-26 09:49:50,857 INFO  impl.RoleInfo (RoleInfo.java:shutdownFollowerState(121)) - s0: shutdown FollowerState
2019-09-26 09:49:50,857 INFO  impl.RoleInfo (RoleInfo.java:updateAndGet(143)) - s0: start FollowerState
2019-09-26 09:49:50,857 INFO  impl.FollowerState (FollowerState.java:run(117)) - s0@group-5BD3E7F27A57-FollowerState was interrupted: java.lang.InterruptedException: sleep interrupted
2019-09-26 09:49:50,857 DEBUG impl.RaftServerImpl (RaftServerImpl.java:requestVote(775)) - s0@group-5BD3E7F27A57 replies to vote request: s2<-s0#0:FAIL-t258. Peer's state: s0@group-5BD3E7F27A57:t258, leader=null, voted=null, raftlog=s0@group-5BD3E7F27A57-SegmentedRaftLog:OPENED:c3,f4,i4, conf=3: [s0:0.0.0.0:41468, s1:0.0.0.0:41619, s2:0.0.0.0:44382], old=null
2019-09-26 09:49:50,932 WARN  ratis.RaftTestUtil (JavaUtils.java:attempt(158)) - FAILED "waitForLeader-null-(expectLeader? true)", attempt #29/100: java.lang.IllegalStateException: No leader yet : printing ALL groups
  s0:  RUNNING  FOLLOWER s0@group-5BD3E7F27A57:t258, leader=null, voted=null, raftlog=s0@group-5BD3E7F27A57-SegmentedRaftLog:OPENED:c3,f4,i4, conf=3: [s0:0.0.0.0:41468, s1:0.0.0.0:41619, s2:0.0.0.0:44382], old=null RUNNING
  s1:  RUNNING CANDIDATE s1@group-5BD3E7F27A57:t258, leader=null, voted=s1, raftlog=s1@group-5BD3E7F27A57-SegmentedRaftLog:OPENED:c2,f3,i3, conf=2: [s0:0.0.0.0:41468, s1:0.0.0.0:41619, s2:0.0.0.0:44382], old=null RUNNING
  s2:  RUNNING CANDIDATE s2@group-5BD3E7F27A57:t258, leader=null, voted=s2, raftlog=s2@group-5BD3E7F27A57-SegmentedRaftLog:OPENED:c1,f3,i3, conf=3: [s0:0.0.0.0:41468, s1:0.0.0.0:41619, s2:0.0.0.0:44382], old=null RUNNING, sleep 450ms and then retry.
java.lang.IllegalStateException: No leader yet : printing ALL groups
  s0:  RUNNING  FOLLOWER s0@group-5BD3E7F27A57:t258, leader=null, voted=null, raftlog=s0@group-5BD3E7F27A57-SegmentedRaftLog:OPENED:c3,f4,i4, conf=3: [s0:0.0.0.0:41468, s1:0.0.0.0:41619, s2:0.0.0.0:44382], old=null RUNNING
  s1:  RUNNING CANDIDATE s1@group-5BD3E7F27A57:t258, leader=null, voted=s1, raftlog=s1@group-5BD3E7F27A57-SegmentedRaftLog:OPENED:c2,f3,i3, conf=2: [s0:0.0.0.0:41468, s1:0.0.0.0:41619, s2:0.0.0.0:44382], old=null RUNNING
  s2:  RUNNING CANDIDATE s2@group-5BD3E7F27A57:t258, leader=null, voted=s2, raftlog=s2@group-5BD3E7F27A57-SegmentedRaftLog:OPENED:c1,f3,i3, conf=3: [s0:0.0.0.0:41468, s1:0.0.0.0:41619, s2:0.0.0.0:44382], old=null RUNNING
	at org.apache.ratis.MiniRaftCluster.newIllegalStateExceptionForNoLeaders(MiniRaftCluster.java:506)
	at org.apache.ratis.RaftTestUtil.lambda$waitForLeader$1(RaftTestUtil.java:90)
	at org.apache.ratis.MiniRaftCluster.getLeader(MiniRaftCluster.java:539)
	at org.apache.ratis.MiniRaftCluster.getLeader(MiniRaftCluster.java:532)
	at org.apache.ratis.RaftTestUtil.lambda$waitForLeader$3(RaftTestUtil.java:98)
	at org.apache.ratis.util.JavaUtils.attempt(JavaUtils.java:152)
	at org.apache.ratis.RaftTestUtil.waitForLeader(RaftTestUtil.java:97)
	at org.apache.ratis.RaftTestUtil.waitForLeader(RaftTestUtil.java:77)
	at org.apache.ratis.RaftTestUtil.waitForLeader(RaftTestUtil.java:72)
	at org.apache.ratis.RaftTestUtil.lambda$changeLeader$7(RaftTestUtil.java:363)
	at org.apache.ratis.util.JavaUtils.attempt(JavaUtils.java:152)
	at org.apache.ratis.RaftTestUtil.changeLeader(RaftTestUtil.java:362)
	at org.apache.ratis.server.impl.LeaderElectionTests.testChangeLeader(LeaderElectionTests.java:81)
	at sun.reflect.NativeMethodAccessorImpl.invoke0(Native Method)
	at sun.reflect.NativeMethodAccessorImpl.invoke(NativeMethodAccessorImpl.java:62)
	at sun.reflect.DelegatingMethodAccessorImpl.invoke(DelegatingMethodAccessorImpl.java:43)
	at java.lang.reflect.Method.invoke(Method.java:498)
	at org.junit.runners.model.FrameworkMethod$1.runReflectiveCall(FrameworkMethod.java:50)
	at org.junit.internal.runners.model.ReflectiveCallable.run(ReflectiveCallable.java:12)
	at org.junit.runners.model.FrameworkMethod.invokeExplosively(FrameworkMethod.java:47)
	at org.junit.internal.runners.statements.InvokeMethod.evaluate(InvokeMethod.java:17)
	at org.junit.internal.runners.statements.RunAfters.evaluate(RunAfters.java:27)
	at org.junit.internal.runners.statements.FailOnTimeout$CallableStatement.call(FailOnTimeout.java:298)
	at org.junit.internal.runners.statements.FailOnTimeout$CallableStatement.call(FailOnTimeout.java:292)
	at java.util.concurrent.FutureTask.run(FutureTask.java:266)
	at java.lang.Thread.run(Thread.java:748)
2019-09-26 09:49:50,943 INFO  impl.LeaderElection (LeaderElection.java:logAndReturn(56)) - s0@group-5BD3E7F27A57-LeaderElection100: Election REJECTED; received 0 response(s) [] and 0 exception(s); s0@group-5BD3E7F27A57:t258, leader=null, voted=null, raftlog=s0@group-5BD3E7F27A57-SegmentedRaftLog:OPENED:c3,f4,i4, conf=3: [s0:0.0.0.0:41468, s1:0.0.0.0:41619, s2:0.0.0.0:44382], old=null
2019-09-26 09:49:51,001 INFO  impl.LeaderElection (LeaderElection.java:logAndReturn(56)) - s1@group-5BD3E7F27A57-LeaderElection98: Election TIMEOUT; received 1 response(s) [s1<-s0#0:FAIL-t258] and 0 exception(s); s1@group-5BD3E7F27A57:t258, leader=null, voted=s1, raftlog=s1@group-5BD3E7F27A57-SegmentedRaftLog:OPENED:c2,f3,i3, conf=2: [s0:0.0.0.0:41468, s1:0.0.0.0:41619, s2:0.0.0.0:44382], old=null
2019-09-26 09:49:51,014 INFO  impl.LeaderElection (LeaderElection.java:askForVotes(178)) - s1@group-5BD3E7F27A57-LeaderElection98: begin an election at term 259 for 2: [s0:0.0.0.0:41468, s1:0.0.0.0:41619, s2:0.0.0.0:44382], old=null
2019-09-26 09:49:51,015 DEBUG impl.RaftServerImpl (RaftServerImpl.java:requestVote(743)) - s0@group-5BD3E7F27A57: receive requestVote(s1, group-5BD3E7F27A57, 259, (t:3, i:3))
2019-09-26 09:49:51,015 INFO  impl.RaftServerImpl (RaftServerImpl.java:setRole(170)) - s0@group-5BD3E7F27A57: changes role from  FOLLOWER to FOLLOWER at term 259 for recognizeCandidate:s1
2019-09-26 09:49:51,015 INFO  impl.RoleInfo (RoleInfo.java:shutdownFollowerState(121)) - s0: shutdown FollowerState
2019-09-26 09:49:51,015 INFO  impl.RoleInfo (RoleInfo.java:updateAndGet(143)) - s0: start FollowerState
2019-09-26 09:49:51,015 INFO  impl.FollowerState (FollowerState.java:run(117)) - s0@group-5BD3E7F27A57-FollowerState was interrupted: java.lang.InterruptedException: sleep interrupted
2019-09-26 09:49:51,034 DEBUG impl.RaftServerImpl (RaftServerImpl.java:requestVote(775)) - s0@group-5BD3E7F27A57 replies to vote request: s1<-s0#0:FAIL-t259. Peer's state: s0@group-5BD3E7F27A57:t259, leader=null, voted=null, raftlog=s0@group-5BD3E7F27A57-SegmentedRaftLog:OPENED:c3,f4,i4, conf=3: [s0:0.0.0.0:41468, s1:0.0.0.0:41619, s2:0.0.0.0:44382], old=null
2019-09-26 09:49:51,134 INFO  impl.LeaderElection (LeaderElection.java:logAndReturn(56)) - s2@group-5BD3E7F27A57-LeaderElection101: Election TIMEOUT; received 1 response(s) [s2<-s0#0:FAIL-t258] and 0 exception(s); s2@group-5BD3E7F27A57:t258, leader=null, voted=s2, raftlog=s2@group-5BD3E7F27A57-SegmentedRaftLog:OPENED:c1,f3,i3, conf=3: [s0:0.0.0.0:41468, s1:0.0.0.0:41619, s2:0.0.0.0:44382], old=null
2019-09-26 09:49:51,148 INFO  impl.LeaderElection (LeaderElection.java:askForVotes(178)) - s2@group-5BD3E7F27A57-LeaderElection101: begin an election at term 259 for 3: [s0:0.0.0.0:41468, s1:0.0.0.0:41619, s2:0.0.0.0:44382], old=null
2019-09-26 09:49:51,149 DEBUG impl.RaftServerImpl (RaftServerImpl.java:requestVote(743)) - s0@group-5BD3E7F27A57: receive requestVote(s2, group-5BD3E7F27A57, 259, (t:4, i:3))
2019-09-26 09:49:51,149 INFO  impl.RaftServerImpl (RaftServerImpl.java:setRole(170)) - s0@group-5BD3E7F27A57: changes role from  FOLLOWER to FOLLOWER at term 259 for recognizeCandidate:s2
2019-09-26 09:49:51,149 INFO  impl.RoleInfo (RoleInfo.java:shutdownFollowerState(121)) - s0: shutdown FollowerState
2019-09-26 09:49:51,149 INFO  impl.RoleInfo (RoleInfo.java:updateAndGet(143)) - s0: start FollowerState
2019-09-26 09:49:51,149 INFO  impl.FollowerState (FollowerState.java:run(117)) - s0@group-5BD3E7F27A57-FollowerState was interrupted: java.lang.InterruptedException: sleep interrupted
2019-09-26 09:49:51,149 DEBUG impl.RaftServerImpl (RaftServerImpl.java:requestVote(775)) - s0@group-5BD3E7F27A57 replies to vote request: s2<-s0#0:FAIL-t259. Peer's state: s0@group-5BD3E7F27A57:t259, leader=null, voted=null, raftlog=s0@group-5BD3E7F27A57-SegmentedRaftLog:OPENED:c3,f4,i4, conf=3: [s0:0.0.0.0:41468, s1:0.0.0.0:41619, s2:0.0.0.0:44382], old=null
2019-09-26 09:49:51,195 INFO  ratis.MiniRaftCluster (MiniRaftCluster.java:lambda$null$5(297)) - TIMED-PRINT: printing ALL groups
  s0:  RUNNING  FOLLOWER s0@group-5BD3E7F27A57:t259, leader=null, voted=null, raftlog=s0@group-5BD3E7F27A57-SegmentedRaftLog:OPENED:c3,f4,i4, conf=3: [s0:0.0.0.0:41468, s1:0.0.0.0:41619, s2:0.0.0.0:44382], old=null RUNNING
  s1:  RUNNING CANDIDATE s1@group-5BD3E7F27A57:t259, leader=null, voted=s1, raftlog=s1@group-5BD3E7F27A57-SegmentedRaftLog:OPENED:c2,f3,i3, conf=2: [s0:0.0.0.0:41468, s1:0.0.0.0:41619, s2:0.0.0.0:44382], old=null RUNNING
  s2:  RUNNING CANDIDATE s2@group-5BD3E7F27A57:t259, leader=null, voted=s2, raftlog=s2@group-5BD3E7F27A57-SegmentedRaftLog:OPENED:c1,f3,i3, conf=3: [s0:0.0.0.0:41468, s1:0.0.0.0:41619, s2:0.0.0.0:44382], old=null RUNNING
2019-09-26 09:49:51,263 INFO  impl.LeaderElection (LeaderElection.java:logAndReturn(56)) - s1@group-5BD3E7F27A57-LeaderElection98: Election TIMEOUT; received 1 response(s) [s1<-s0#0:FAIL-t259] and 0 exception(s); s1@group-5BD3E7F27A57:t259, leader=null, voted=s1, raftlog=s1@group-5BD3E7F27A57-SegmentedRaftLog:OPENED:c2,f3,i3, conf=2: [s0:0.0.0.0:41468, s1:0.0.0.0:41619, s2:0.0.0.0:44382], old=null
2019-09-26 09:49:51,277 INFO  impl.LeaderElection (LeaderElection.java:askForVotes(178)) - s1@group-5BD3E7F27A57-LeaderElection98: begin an election at term 260 for 2: [s0:0.0.0.0:41468, s1:0.0.0.0:41619, s2:0.0.0.0:44382], old=null
2019-09-26 09:49:51,277 DEBUG impl.RaftServerImpl (RaftServerImpl.java:requestVote(743)) - s0@group-5BD3E7F27A57: receive requestVote(s1, group-5BD3E7F27A57, 260, (t:3, i:3))
2019-09-26 09:49:51,278 INFO  impl.RaftServerImpl (RaftServerImpl.java:setRole(170)) - s0@group-5BD3E7F27A57: changes role from  FOLLOWER to FOLLOWER at term 260 for recognizeCandidate:s1
2019-09-26 09:49:51,278 INFO  impl.RoleInfo (RoleInfo.java:shutdownFollowerState(121)) - s0: shutdown FollowerState
2019-09-26 09:49:51,278 INFO  impl.RoleInfo (RoleInfo.java:updateAndGet(143)) - s0: start FollowerState
2019-09-26 09:49:51,278 INFO  impl.FollowerState (FollowerState.java:run(117)) - s0@group-5BD3E7F27A57-FollowerState was interrupted: java.lang.InterruptedException: sleep interrupted
2019-09-26 09:49:51,294 DEBUG impl.RaftServerImpl (RaftServerImpl.java:requestVote(775)) - s0@group-5BD3E7F27A57 replies to vote request: s1<-s0#0:FAIL-t260. Peer's state: s0@group-5BD3E7F27A57:t260, leader=null, voted=null, raftlog=s0@group-5BD3E7F27A57-SegmentedRaftLog:OPENED:c3,f4,i4, conf=3: [s0:0.0.0.0:41468, s1:0.0.0.0:41619, s2:0.0.0.0:44382], old=null
2019-09-26 09:49:51,338 INFO  impl.LeaderElection (LeaderElection.java:logAndReturn(56)) - s2@group-5BD3E7F27A57-LeaderElection101: Election TIMEOUT; received 1 response(s) [s2<-s0#0:FAIL-t259] and 0 exception(s); s2@group-5BD3E7F27A57:t259, leader=null, voted=s2, raftlog=s2@group-5BD3E7F27A57-SegmentedRaftLog:OPENED:c1,f3,i3, conf=3: [s0:0.0.0.0:41468, s1:0.0.0.0:41619, s2:0.0.0.0:44382], old=null
2019-09-26 09:49:51,351 INFO  impl.LeaderElection (LeaderElection.java:askForVotes(178)) - s2@group-5BD3E7F27A57-LeaderElection101: begin an election at term 260 for 3: [s0:0.0.0.0:41468, s1:0.0.0.0:41619, s2:0.0.0.0:44382], old=null
2019-09-26 09:49:51,351 DEBUG impl.RaftServerImpl (RaftServerImpl.java:requestVote(743)) - s0@group-5BD3E7F27A57: receive requestVote(s2, group-5BD3E7F27A57, 260, (t:4, i:3))
2019-09-26 09:49:51,352 INFO  impl.RaftServerImpl (RaftServerImpl.java:setRole(170)) - s0@group-5BD3E7F27A57: changes role from  FOLLOWER to FOLLOWER at term 260 for recognizeCandidate:s2
2019-09-26 09:49:51,352 INFO  impl.RoleInfo (RoleInfo.java:shutdownFollowerState(121)) - s0: shutdown FollowerState
2019-09-26 09:49:51,352 INFO  impl.RoleInfo (RoleInfo.java:updateAndGet(143)) - s0: start FollowerState
2019-09-26 09:49:51,352 INFO  impl.FollowerState (FollowerState.java:run(117)) - s0@group-5BD3E7F27A57-FollowerState was interrupted: java.lang.InterruptedException: sleep interrupted
2019-09-26 09:49:51,352 DEBUG impl.RaftServerImpl (RaftServerImpl.java:requestVote(775)) - s0@group-5BD3E7F27A57 replies to vote request: s2<-s0#0:FAIL-t260. Peer's state: s0@group-5BD3E7F27A57:t260, leader=null, voted=null, raftlog=s0@group-5BD3E7F27A57-SegmentedRaftLog:OPENED:c3,f4,i4, conf=3: [s0:0.0.0.0:41468, s1:0.0.0.0:41619, s2:0.0.0.0:44382], old=null
2019-09-26 09:49:51,383 WARN  ratis.RaftTestUtil (JavaUtils.java:attempt(158)) - FAILED "waitForLeader-null-(expectLeader? true)", attempt #30/100: java.lang.IllegalStateException: No leader yet : printing ALL groups
  s0:  RUNNING  FOLLOWER s0@group-5BD3E7F27A57:t260, leader=null, voted=null, raftlog=s0@group-5BD3E7F27A57-SegmentedRaftLog:OPENED:c3,f4,i4, conf=3: [s0:0.0.0.0:41468, s1:0.0.0.0:41619, s2:0.0.0.0:44382], old=null RUNNING
  s1:  RUNNING CANDIDATE s1@group-5BD3E7F27A57:t260, leader=null, voted=s1, raftlog=s1@group-5BD3E7F27A57-SegmentedRaftLog:OPENED:c2,f3,i3, conf=2: [s0:0.0.0.0:41468, s1:0.0.0.0:41619, s2:0.0.0.0:44382], old=null RUNNING
  s2:  RUNNING CANDIDATE s2@group-5BD3E7F27A57:t260, leader=null, voted=s2, raftlog=s2@group-5BD3E7F27A57-SegmentedRaftLog:OPENED:c1,f3,i3, conf=3: [s0:0.0.0.0:41468, s1:0.0.0.0:41619, s2:0.0.0.0:44382], old=null RUNNING, sleep 450ms and then retry.
java.lang.IllegalStateException: No leader yet : printing ALL groups
  s0:  RUNNING  FOLLOWER s0@group-5BD3E7F27A57:t260, leader=null, voted=null, raftlog=s0@group-5BD3E7F27A57-SegmentedRaftLog:OPENED:c3,f4,i4, conf=3: [s0:0.0.0.0:41468, s1:0.0.0.0:41619, s2:0.0.0.0:44382], old=null RUNNING
  s1:  RUNNING CANDIDATE s1@group-5BD3E7F27A57:t260, leader=null, voted=s1, raftlog=s1@group-5BD3E7F27A57-SegmentedRaftLog:OPENED:c2,f3,i3, conf=2: [s0:0.0.0.0:41468, s1:0.0.0.0:41619, s2:0.0.0.0:44382], old=null RUNNING
  s2:  RUNNING CANDIDATE s2@group-5BD3E7F27A57:t260, leader=null, voted=s2, raftlog=s2@group-5BD3E7F27A57-SegmentedRaftLog:OPENED:c1,f3,i3, conf=3: [s0:0.0.0.0:41468, s1:0.0.0.0:41619, s2:0.0.0.0:44382], old=null RUNNING
	at org.apache.ratis.MiniRaftCluster.newIllegalStateExceptionForNoLeaders(MiniRaftCluster.java:506)
	at org.apache.ratis.RaftTestUtil.lambda$waitForLeader$1(RaftTestUtil.java:90)
	at org.apache.ratis.MiniRaftCluster.getLeader(MiniRaftCluster.java:539)
	at org.apache.ratis.MiniRaftCluster.getLeader(MiniRaftCluster.java:532)
	at org.apache.ratis.RaftTestUtil.lambda$waitForLeader$3(RaftTestUtil.java:98)
	at org.apache.ratis.util.JavaUtils.attempt(JavaUtils.java:152)
	at org.apache.ratis.RaftTestUtil.waitForLeader(RaftTestUtil.java:97)
	at org.apache.ratis.RaftTestUtil.waitForLeader(RaftTestUtil.java:77)
	at org.apache.ratis.RaftTestUtil.waitForLeader(RaftTestUtil.java:72)
	at org.apache.ratis.RaftTestUtil.lambda$changeLeader$7(RaftTestUtil.java:363)
	at org.apache.ratis.util.JavaUtils.attempt(JavaUtils.java:152)
	at org.apache.ratis.RaftTestUtil.changeLeader(RaftTestUtil.java:362)
	at org.apache.ratis.server.impl.LeaderElectionTests.testChangeLeader(LeaderElectionTests.java:81)
	at sun.reflect.NativeMethodAccessorImpl.invoke0(Native Method)
	at sun.reflect.NativeMethodAccessorImpl.invoke(NativeMethodAccessorImpl.java:62)
	at sun.reflect.DelegatingMethodAccessorImpl.invoke(DelegatingMethodAccessorImpl.java:43)
	at java.lang.reflect.Method.invoke(Method.java:498)
	at org.junit.runners.model.FrameworkMethod$1.runReflectiveCall(FrameworkMethod.java:50)
	at org.junit.internal.runners.model.ReflectiveCallable.run(ReflectiveCallable.java:12)
	at org.junit.runners.model.FrameworkMethod.invokeExplosively(FrameworkMethod.java:47)
	at org.junit.internal.runners.statements.InvokeMethod.evaluate(InvokeMethod.java:17)
	at org.junit.internal.runners.statements.RunAfters.evaluate(RunAfters.java:27)
	at org.junit.internal.runners.statements.FailOnTimeout$CallableStatement.call(FailOnTimeout.java:298)
	at org.junit.internal.runners.statements.FailOnTimeout$CallableStatement.call(FailOnTimeout.java:292)
	at java.util.concurrent.FutureTask.run(FutureTask.java:266)
	at java.lang.Thread.run(Thread.java:748)
2019-09-26 09:49:51,501 INFO  impl.LeaderElection (LeaderElection.java:logAndReturn(56)) - s1@group-5BD3E7F27A57-LeaderElection98: Election TIMEOUT; received 1 response(s) [s1<-s0#0:FAIL-t260] and 0 exception(s); s1@group-5BD3E7F27A57:t260, leader=null, voted=s1, raftlog=s1@group-5BD3E7F27A57-SegmentedRaftLog:OPENED:c2,f3,i3, conf=2: [s0:0.0.0.0:41468, s1:0.0.0.0:41619, s2:0.0.0.0:44382], old=null
2019-09-26 09:49:51,515 INFO  impl.LeaderElection (LeaderElection.java:askForVotes(178)) - s1@group-5BD3E7F27A57-LeaderElection98: begin an election at term 261 for 2: [s0:0.0.0.0:41468, s1:0.0.0.0:41619, s2:0.0.0.0:44382], old=null
2019-09-26 09:49:51,515 DEBUG impl.RaftServerImpl (RaftServerImpl.java:requestVote(743)) - s0@group-5BD3E7F27A57: receive requestVote(s1, group-5BD3E7F27A57, 261, (t:3, i:3))
2019-09-26 09:49:51,515 INFO  impl.RaftServerImpl (RaftServerImpl.java:setRole(170)) - s0@group-5BD3E7F27A57: changes role from  FOLLOWER to FOLLOWER at term 261 for recognizeCandidate:s1
2019-09-26 09:49:51,516 INFO  impl.RoleInfo (RoleInfo.java:shutdownFollowerState(121)) - s0: shutdown FollowerState
2019-09-26 09:49:51,516 INFO  impl.RoleInfo (RoleInfo.java:updateAndGet(143)) - s0: start FollowerState
2019-09-26 09:49:51,516 INFO  impl.FollowerState (FollowerState.java:run(117)) - s0@group-5BD3E7F27A57-FollowerState was interrupted: java.lang.InterruptedException: sleep interrupted
2019-09-26 09:49:51,521 INFO  impl.LeaderElection (LeaderElection.java:logAndReturn(56)) - s2@group-5BD3E7F27A57-LeaderElection101: Election TIMEOUT; received 1 response(s) [s2<-s0#0:FAIL-t260] and 0 exception(s); s2@group-5BD3E7F27A57:t260, leader=null, voted=s2, raftlog=s2@group-5BD3E7F27A57-SegmentedRaftLog:OPENED:c1,f3,i3, conf=3: [s0:0.0.0.0:41468, s1:0.0.0.0:41619, s2:0.0.0.0:44382], old=null
2019-09-26 09:49:51,533 INFO  impl.LeaderElection (LeaderElection.java:askForVotes(178)) - s2@group-5BD3E7F27A57-LeaderElection101: begin an election at term 261 for 3: [s0:0.0.0.0:41468, s1:0.0.0.0:41619, s2:0.0.0.0:44382], old=null
2019-09-26 09:49:51,533 DEBUG impl.RaftServerImpl (RaftServerImpl.java:requestVote(775)) - s0@group-5BD3E7F27A57 replies to vote request: s1<-s0#0:FAIL-t261. Peer's state: s0@group-5BD3E7F27A57:t261, leader=null, voted=null, raftlog=s0@group-5BD3E7F27A57-SegmentedRaftLog:OPENED:c3,f4,i4, conf=3: [s0:0.0.0.0:41468, s1:0.0.0.0:41619, s2:0.0.0.0:44382], old=null
2019-09-26 09:49:51,533 DEBUG impl.RaftServerImpl (RaftServerImpl.java:requestVote(743)) - s0@group-5BD3E7F27A57: receive requestVote(s2, group-5BD3E7F27A57, 261, (t:4, i:3))
2019-09-26 09:49:51,533 INFO  impl.RaftServerImpl (RaftServerImpl.java:setRole(170)) - s0@group-5BD3E7F27A57: changes role from  FOLLOWER to FOLLOWER at term 261 for recognizeCandidate:s2
2019-09-26 09:49:51,534 INFO  impl.RoleInfo (RoleInfo.java:shutdownFollowerState(121)) - s0: shutdown FollowerState
2019-09-26 09:49:51,534 INFO  impl.RoleInfo (RoleInfo.java:updateAndGet(143)) - s0: start FollowerState
2019-09-26 09:49:51,534 INFO  impl.FollowerState (FollowerState.java:run(117)) - s0@group-5BD3E7F27A57-FollowerState was interrupted: java.lang.InterruptedException: sleep interrupted
2019-09-26 09:49:51,534 DEBUG impl.RaftServerImpl (RaftServerImpl.java:requestVote(775)) - s0@group-5BD3E7F27A57 replies to vote request: s2<-s0#0:FAIL-t261. Peer's state: s0@group-5BD3E7F27A57:t261, leader=null, voted=null, raftlog=s0@group-5BD3E7F27A57-SegmentedRaftLog:OPENED:c3,f4,i4, conf=3: [s0:0.0.0.0:41468, s1:0.0.0.0:41619, s2:0.0.0.0:44382], old=null
2019-09-26 09:49:51,748 INFO  impl.LeaderElection (LeaderElection.java:logAndReturn(56)) - s1@group-5BD3E7F27A57-LeaderElection98: Election TIMEOUT; received 1 response(s) [s1<-s0#0:FAIL-t261] and 0 exception(s); s1@group-5BD3E7F27A57:t261, leader=null, voted=s1, raftlog=s1@group-5BD3E7F27A57-SegmentedRaftLog:OPENED:c2,f3,i3, conf=2: [s0:0.0.0.0:41468, s1:0.0.0.0:41619, s2:0.0.0.0:44382], old=null
2019-09-26 09:49:51,762 INFO  impl.LeaderElection (LeaderElection.java:askForVotes(178)) - s1@group-5BD3E7F27A57-LeaderElection98: begin an election at term 262 for 2: [s0:0.0.0.0:41468, s1:0.0.0.0:41619, s2:0.0.0.0:44382], old=null
2019-09-26 09:49:51,762 DEBUG impl.RaftServerImpl (RaftServerImpl.java:requestVote(743)) - s0@group-5BD3E7F27A57: receive requestVote(s1, group-5BD3E7F27A57, 262, (t:3, i:3))
2019-09-26 09:49:51,763 INFO  impl.RaftServerImpl (RaftServerImpl.java:setRole(170)) - s0@group-5BD3E7F27A57: changes role from  FOLLOWER to FOLLOWER at term 262 for recognizeCandidate:s1
2019-09-26 09:49:51,763 INFO  impl.RoleInfo (RoleInfo.java:shutdownFollowerState(121)) - s0: shutdown FollowerState
2019-09-26 09:49:51,763 INFO  impl.RoleInfo (RoleInfo.java:updateAndGet(143)) - s0: start FollowerState
2019-09-26 09:49:51,763 INFO  impl.FollowerState (FollowerState.java:run(117)) - s0@group-5BD3E7F27A57-FollowerState was interrupted: java.lang.InterruptedException: sleep interrupted
2019-09-26 09:49:51,776 DEBUG impl.RaftServerImpl (RaftServerImpl.java:requestVote(775)) - s0@group-5BD3E7F27A57 replies to vote request: s1<-s0#0:FAIL-t262. Peer's state: s0@group-5BD3E7F27A57:t262, leader=null, voted=null, raftlog=s0@group-5BD3E7F27A57-SegmentedRaftLog:OPENED:c3,f4,i4, conf=3: [s0:0.0.0.0:41468, s1:0.0.0.0:41619, s2:0.0.0.0:44382], old=null
2019-09-26 09:49:51,781 INFO  impl.LeaderElection (LeaderElection.java:logAndReturn(56)) - s2@group-5BD3E7F27A57-LeaderElection101: Election TIMEOUT; received 1 response(s) [s2<-s0#0:FAIL-t261] and 0 exception(s); s2@group-5BD3E7F27A57:t261, leader=null, voted=s2, raftlog=s2@group-5BD3E7F27A57-SegmentedRaftLog:OPENED:c1,f3,i3, conf=3: [s0:0.0.0.0:41468, s1:0.0.0.0:41619, s2:0.0.0.0:44382], old=null
2019-09-26 09:49:51,796 INFO  impl.LeaderElection (LeaderElection.java:askForVotes(178)) - s2@group-5BD3E7F27A57-LeaderElection101: begin an election at term 262 for 3: [s0:0.0.0.0:41468, s1:0.0.0.0:41619, s2:0.0.0.0:44382], old=null
2019-09-26 09:49:51,796 DEBUG impl.RaftServerImpl (RaftServerImpl.java:requestVote(743)) - s0@group-5BD3E7F27A57: receive requestVote(s2, group-5BD3E7F27A57, 262, (t:4, i:3))
2019-09-26 09:49:51,796 INFO  impl.RaftServerImpl (RaftServerImpl.java:setRole(170)) - s0@group-5BD3E7F27A57: changes role from  FOLLOWER to FOLLOWER at term 262 for recognizeCandidate:s2
2019-09-26 09:49:51,797 INFO  impl.RoleInfo (RoleInfo.java:shutdownFollowerState(121)) - s0: shutdown FollowerState
2019-09-26 09:49:51,797 INFO  impl.RoleInfo (RoleInfo.java:updateAndGet(143)) - s0: start FollowerState
2019-09-26 09:49:51,797 INFO  impl.FollowerState (FollowerState.java:run(117)) - s0@group-5BD3E7F27A57-FollowerState was interrupted: java.lang.InterruptedException: sleep interrupted
2019-09-26 09:49:51,797 DEBUG impl.RaftServerImpl (RaftServerImpl.java:requestVote(775)) - s0@group-5BD3E7F27A57 replies to vote request: s2<-s0#0:FAIL-t262. Peer's state: s0@group-5BD3E7F27A57:t262, leader=null, voted=null, raftlog=s0@group-5BD3E7F27A57-SegmentedRaftLog:OPENED:c3,f4,i4, conf=3: [s0:0.0.0.0:41468, s1:0.0.0.0:41619, s2:0.0.0.0:44382], old=null
2019-09-26 09:49:51,834 WARN  ratis.RaftTestUtil (JavaUtils.java:attempt(158)) - FAILED "waitForLeader-null-(expectLeader? true)", attempt #31/100: java.lang.IllegalStateException: No leader yet : printing ALL groups
  s0:  RUNNING  FOLLOWER s0@group-5BD3E7F27A57:t262, leader=null, voted=null, raftlog=s0@group-5BD3E7F27A57-SegmentedRaftLog:OPENED:c3,f4,i4, conf=3: [s0:0.0.0.0:41468, s1:0.0.0.0:41619, s2:0.0.0.0:44382], old=null RUNNING
  s1:  RUNNING CANDIDATE s1@group-5BD3E7F27A57:t262, leader=null, voted=s1, raftlog=s1@group-5BD3E7F27A57-SegmentedRaftLog:OPENED:c2,f3,i3, conf=2: [s0:0.0.0.0:41468, s1:0.0.0.0:41619, s2:0.0.0.0:44382], old=null RUNNING
  s2:  RUNNING CANDIDATE s2@group-5BD3E7F27A57:t262, leader=null, voted=s2, raftlog=s2@group-5BD3E7F27A57-SegmentedRaftLog:OPENED:c1,f3,i3, conf=3: [s0:0.0.0.0:41468, s1:0.0.0.0:41619, s2:0.0.0.0:44382], old=null RUNNING, sleep 450ms and then retry.
java.lang.IllegalStateException: No leader yet : printing ALL groups
  s0:  RUNNING  FOLLOWER s0@group-5BD3E7F27A57:t262, leader=null, voted=null, raftlog=s0@group-5BD3E7F27A57-SegmentedRaftLog:OPENED:c3,f4,i4, conf=3: [s0:0.0.0.0:41468, s1:0.0.0.0:41619, s2:0.0.0.0:44382], old=null RUNNING
  s1:  RUNNING CANDIDATE s1@group-5BD3E7F27A57:t262, leader=null, voted=s1, raftlog=s1@group-5BD3E7F27A57-SegmentedRaftLog:OPENED:c2,f3,i3, conf=2: [s0:0.0.0.0:41468, s1:0.0.0.0:41619, s2:0.0.0.0:44382], old=null RUNNING
  s2:  RUNNING CANDIDATE s2@group-5BD3E7F27A57:t262, leader=null, voted=s2, raftlog=s2@group-5BD3E7F27A57-SegmentedRaftLog:OPENED:c1,f3,i3, conf=3: [s0:0.0.0.0:41468, s1:0.0.0.0:41619, s2:0.0.0.0:44382], old=null RUNNING
	at org.apache.ratis.MiniRaftCluster.newIllegalStateExceptionForNoLeaders(MiniRaftCluster.java:506)
	at org.apache.ratis.RaftTestUtil.lambda$waitForLeader$1(RaftTestUtil.java:90)
	at org.apache.ratis.MiniRaftCluster.getLeader(MiniRaftCluster.java:539)
	at org.apache.ratis.MiniRaftCluster.getLeader(MiniRaftCluster.java:532)
	at org.apache.ratis.RaftTestUtil.lambda$waitForLeader$3(RaftTestUtil.java:98)
	at org.apache.ratis.util.JavaUtils.attempt(JavaUtils.java:152)
	at org.apache.ratis.RaftTestUtil.waitForLeader(RaftTestUtil.java:97)
	at org.apache.ratis.RaftTestUtil.waitForLeader(RaftTestUtil.java:77)
	at org.apache.ratis.RaftTestUtil.waitForLeader(RaftTestUtil.java:72)
	at org.apache.ratis.RaftTestUtil.lambda$changeLeader$7(RaftTestUtil.java:363)
	at org.apache.ratis.util.JavaUtils.attempt(JavaUtils.java:152)
	at org.apache.ratis.RaftTestUtil.changeLeader(RaftTestUtil.java:362)
	at org.apache.ratis.server.impl.LeaderElectionTests.testChangeLeader(LeaderElectionTests.java:81)
	at sun.reflect.NativeMethodAccessorImpl.invoke0(Native Method)
	at sun.reflect.NativeMethodAccessorImpl.invoke(NativeMethodAccessorImpl.java:62)
	at sun.reflect.DelegatingMethodAccessorImpl.invoke(DelegatingMethodAccessorImpl.java:43)
	at java.lang.reflect.Method.invoke(Method.java:498)
	at org.junit.runners.model.FrameworkMethod$1.runReflectiveCall(FrameworkMethod.java:50)
	at org.junit.internal.runners.model.ReflectiveCallable.run(ReflectiveCallable.java:12)
	at org.junit.runners.model.FrameworkMethod.invokeExplosively(FrameworkMethod.java:47)
	at org.junit.internal.runners.statements.InvokeMethod.evaluate(InvokeMethod.java:17)
	at org.junit.internal.runners.statements.RunAfters.evaluate(RunAfters.java:27)
	at org.junit.internal.runners.statements.FailOnTimeout$CallableStatement.call(FailOnTimeout.java:298)
	at org.junit.internal.runners.statements.FailOnTimeout$CallableStatement.call(FailOnTimeout.java:292)
	at java.util.concurrent.FutureTask.run(FutureTask.java:266)
	at java.lang.Thread.run(Thread.java:748)
2019-09-26 09:49:51,979 INFO  impl.LeaderElection (LeaderElection.java:logAndReturn(56)) - s1@group-5BD3E7F27A57-LeaderElection98: Election TIMEOUT; received 1 response(s) [s1<-s0#0:FAIL-t262] and 0 exception(s); s1@group-5BD3E7F27A57:t262, leader=null, voted=s1, raftlog=s1@group-5BD3E7F27A57-SegmentedRaftLog:OPENED:c2,f3,i3, conf=2: [s0:0.0.0.0:41468, s1:0.0.0.0:41619, s2:0.0.0.0:44382], old=null
2019-09-26 09:49:51,992 INFO  impl.LeaderElection (LeaderElection.java:askForVotes(178)) - s1@group-5BD3E7F27A57-LeaderElection98: begin an election at term 263 for 2: [s0:0.0.0.0:41468, s1:0.0.0.0:41619, s2:0.0.0.0:44382], old=null
2019-09-26 09:49:51,992 DEBUG impl.RaftServerImpl (RaftServerImpl.java:requestVote(743)) - s0@group-5BD3E7F27A57: receive requestVote(s1, group-5BD3E7F27A57, 263, (t:3, i:3))
2019-09-26 09:49:51,993 INFO  impl.RaftServerImpl (RaftServerImpl.java:setRole(170)) - s0@group-5BD3E7F27A57: changes role from  FOLLOWER to FOLLOWER at term 263 for recognizeCandidate:s1
2019-09-26 09:49:51,993 INFO  impl.RoleInfo (RoleInfo.java:shutdownFollowerState(121)) - s0: shutdown FollowerState
2019-09-26 09:49:51,993 INFO  impl.RoleInfo (RoleInfo.java:updateAndGet(143)) - s0: start FollowerState
2019-09-26 09:49:51,993 INFO  impl.FollowerState (FollowerState.java:run(117)) - s0@group-5BD3E7F27A57-FollowerState was interrupted: java.lang.InterruptedException: sleep interrupted
2019-09-26 09:49:52,007 DEBUG impl.RaftServerImpl (RaftServerImpl.java:requestVote(775)) - s0@group-5BD3E7F27A57 replies to vote request: s1<-s0#0:FAIL-t263. Peer's state: s0@group-5BD3E7F27A57:t263, leader=null, voted=null, raftlog=s0@group-5BD3E7F27A57-SegmentedRaftLog:OPENED:c3,f4,i4, conf=3: [s0:0.0.0.0:41468, s1:0.0.0.0:41619, s2:0.0.0.0:44382], old=null
2019-09-26 09:49:52,048 INFO  impl.LeaderElection (LeaderElection.java:logAndReturn(56)) - s2@group-5BD3E7F27A57-LeaderElection101: Election TIMEOUT; received 1 response(s) [s2<-s0#0:FAIL-t262] and 0 exception(s); s2@group-5BD3E7F27A57:t262, leader=null, voted=s2, raftlog=s2@group-5BD3E7F27A57-SegmentedRaftLog:OPENED:c1,f3,i3, conf=3: [s0:0.0.0.0:41468, s1:0.0.0.0:41619, s2:0.0.0.0:44382], old=null
2019-09-26 09:49:52,061 INFO  impl.LeaderElection (LeaderElection.java:askForVotes(178)) - s2@group-5BD3E7F27A57-LeaderElection101: begin an election at term 263 for 3: [s0:0.0.0.0:41468, s1:0.0.0.0:41619, s2:0.0.0.0:44382], old=null
2019-09-26 09:49:52,062 DEBUG impl.RaftServerImpl (RaftServerImpl.java:requestVote(743)) - s0@group-5BD3E7F27A57: receive requestVote(s2, group-5BD3E7F27A57, 263, (t:4, i:3))
2019-09-26 09:49:52,062 INFO  impl.RaftServerImpl (RaftServerImpl.java:setRole(170)) - s0@group-5BD3E7F27A57: changes role from  FOLLOWER to FOLLOWER at term 263 for recognizeCandidate:s2
2019-09-26 09:49:52,062 INFO  impl.RoleInfo (RoleInfo.java:shutdownFollowerState(121)) - s0: shutdown FollowerState
2019-09-26 09:49:52,062 INFO  impl.RoleInfo (RoleInfo.java:updateAndGet(143)) - s0: start FollowerState
2019-09-26 09:49:52,062 INFO  impl.FollowerState (FollowerState.java:run(117)) - s0@group-5BD3E7F27A57-FollowerState was interrupted: java.lang.InterruptedException: sleep interrupted
2019-09-26 09:49:52,063 DEBUG impl.RaftServerImpl (RaftServerImpl.java:requestVote(775)) - s0@group-5BD3E7F27A57 replies to vote request: s2<-s0#0:FAIL-t263. Peer's state: s0@group-5BD3E7F27A57:t263, leader=null, voted=null, raftlog=s0@group-5BD3E7F27A57-SegmentedRaftLog:OPENED:c3,f4,i4, conf=3: [s0:0.0.0.0:41468, s1:0.0.0.0:41619, s2:0.0.0.0:44382], old=null
2019-09-26 09:49:52,201 INFO  impl.LeaderElection (LeaderElection.java:logAndReturn(56)) - s1@group-5BD3E7F27A57-LeaderElection98: Election TIMEOUT; received 1 response(s) [s1<-s0#0:FAIL-t263] and 0 exception(s); s1@group-5BD3E7F27A57:t263, leader=null, voted=s1, raftlog=s1@group-5BD3E7F27A57-SegmentedRaftLog:OPENED:c2,f3,i3, conf=2: [s0:0.0.0.0:41468, s1:0.0.0.0:41619, s2:0.0.0.0:44382], old=null
2019-09-26 09:49:52,214 INFO  impl.LeaderElection (LeaderElection.java:askForVotes(178)) - s1@group-5BD3E7F27A57-LeaderElection98: begin an election at term 264 for 2: [s0:0.0.0.0:41468, s1:0.0.0.0:41619, s2:0.0.0.0:44382], old=null
2019-09-26 09:49:52,215 DEBUG impl.RaftServerImpl (RaftServerImpl.java:requestVote(743)) - s0@group-5BD3E7F27A57: receive requestVote(s1, group-5BD3E7F27A57, 264, (t:3, i:3))
2019-09-26 09:49:52,215 INFO  impl.RaftServerImpl (RaftServerImpl.java:setRole(170)) - s0@group-5BD3E7F27A57: changes role from  FOLLOWER to FOLLOWER at term 264 for recognizeCandidate:s1
2019-09-26 09:49:52,215 INFO  impl.RoleInfo (RoleInfo.java:shutdownFollowerState(121)) - s0: shutdown FollowerState
2019-09-26 09:49:52,215 INFO  impl.RoleInfo (RoleInfo.java:updateAndGet(143)) - s0: start FollowerState
2019-09-26 09:49:52,215 INFO  impl.FollowerState (FollowerState.java:run(117)) - s0@group-5BD3E7F27A57-FollowerState was interrupted: java.lang.InterruptedException: sleep interrupted
2019-09-26 09:49:52,229 DEBUG impl.RaftServerImpl (RaftServerImpl.java:requestVote(775)) - s0@group-5BD3E7F27A57 replies to vote request: s1<-s0#0:FAIL-t264. Peer's state: s0@group-5BD3E7F27A57:t264, leader=null, voted=null, raftlog=s0@group-5BD3E7F27A57-SegmentedRaftLog:OPENED:c3,f4,i4, conf=3: [s0:0.0.0.0:41468, s1:0.0.0.0:41619, s2:0.0.0.0:44382], old=null
2019-09-26 09:49:52,285 WARN  ratis.RaftTestUtil (JavaUtils.java:attempt(158)) - FAILED "waitForLeader-null-(expectLeader? true)", attempt #32/100: java.lang.IllegalStateException: No leader yet : printing ALL groups
  s0:  RUNNING  FOLLOWER s0@group-5BD3E7F27A57:t264, leader=null, voted=null, raftlog=s0@group-5BD3E7F27A57-SegmentedRaftLog:OPENED:c3,f4,i4, conf=3: [s0:0.0.0.0:41468, s1:0.0.0.0:41619, s2:0.0.0.0:44382], old=null RUNNING
  s1:  RUNNING CANDIDATE s1@group-5BD3E7F27A57:t264, leader=null, voted=s1, raftlog=s1@group-5BD3E7F27A57-SegmentedRaftLog:OPENED:c2,f3,i3, conf=2: [s0:0.0.0.0:41468, s1:0.0.0.0:41619, s2:0.0.0.0:44382], old=null RUNNING
  s2:  RUNNING CANDIDATE s2@group-5BD3E7F27A57:t263, leader=null, voted=s2, raftlog=s2@group-5BD3E7F27A57-SegmentedRaftLog:OPENED:c1,f3,i3, conf=3: [s0:0.0.0.0:41468, s1:0.0.0.0:41619, s2:0.0.0.0:44382], old=null RUNNING, sleep 450ms and then retry.
java.lang.IllegalStateException: No leader yet : printing ALL groups
  s0:  RUNNING  FOLLOWER s0@group-5BD3E7F27A57:t264, leader=null, voted=null, raftlog=s0@group-5BD3E7F27A57-SegmentedRaftLog:OPENED:c3,f4,i4, conf=3: [s0:0.0.0.0:41468, s1:0.0.0.0:41619, s2:0.0.0.0:44382], old=null RUNNING
  s1:  RUNNING CANDIDATE s1@group-5BD3E7F27A57:t264, leader=null, voted=s1, raftlog=s1@group-5BD3E7F27A57-SegmentedRaftLog:OPENED:c2,f3,i3, conf=2: [s0:0.0.0.0:41468, s1:0.0.0.0:41619, s2:0.0.0.0:44382], old=null RUNNING
  s2:  RUNNING CANDIDATE s2@group-5BD3E7F27A57:t263, leader=null, voted=s2, raftlog=s2@group-5BD3E7F27A57-SegmentedRaftLog:OPENED:c1,f3,i3, conf=3: [s0:0.0.0.0:41468, s1:0.0.0.0:41619, s2:0.0.0.0:44382], old=null RUNNING
	at org.apache.ratis.MiniRaftCluster.newIllegalStateExceptionForNoLeaders(MiniRaftCluster.java:506)
	at org.apache.ratis.RaftTestUtil.lambda$waitForLeader$1(RaftTestUtil.java:90)
	at org.apache.ratis.MiniRaftCluster.getLeader(MiniRaftCluster.java:539)
	at org.apache.ratis.MiniRaftCluster.getLeader(MiniRaftCluster.java:532)
	at org.apache.ratis.RaftTestUtil.lambda$waitForLeader$3(RaftTestUtil.java:98)
	at org.apache.ratis.util.JavaUtils.attempt(JavaUtils.java:152)
	at org.apache.ratis.RaftTestUtil.waitForLeader(RaftTestUtil.java:97)
	at org.apache.ratis.RaftTestUtil.waitForLeader(RaftTestUtil.java:77)
	at org.apache.ratis.RaftTestUtil.waitForLeader(RaftTestUtil.java:72)
	at org.apache.ratis.RaftTestUtil.lambda$changeLeader$7(RaftTestUtil.java:363)
	at org.apache.ratis.util.JavaUtils.attempt(JavaUtils.java:152)
	at org.apache.ratis.RaftTestUtil.changeLeader(RaftTestUtil.java:362)
	at org.apache.ratis.server.impl.LeaderElectionTests.testChangeLeader(LeaderElectionTests.java:81)
	at sun.reflect.NativeMethodAccessorImpl.invoke0(Native Method)
	at sun.reflect.NativeMethodAccessorImpl.invoke(NativeMethodAccessorImpl.java:62)
	at sun.reflect.DelegatingMethodAccessorImpl.invoke(DelegatingMethodAccessorImpl.java:43)
	at java.lang.reflect.Method.invoke(Method.java:498)
	at org.junit.runners.model.FrameworkMethod$1.runReflectiveCall(FrameworkMethod.java:50)
	at org.junit.internal.runners.model.ReflectiveCallable.run(ReflectiveCallable.java:12)
	at org.junit.runners.model.FrameworkMethod.invokeExplosively(FrameworkMethod.java:47)
	at org.junit.internal.runners.statements.InvokeMethod.evaluate(InvokeMethod.java:17)
	at org.junit.internal.runners.statements.RunAfters.evaluate(RunAfters.java:27)
	at org.junit.internal.runners.statements.FailOnTimeout$CallableStatement.call(FailOnTimeout.java:298)
	at org.junit.internal.runners.statements.FailOnTimeout$CallableStatement.call(FailOnTimeout.java:292)
	at java.util.concurrent.FutureTask.run(FutureTask.java:266)
	at java.lang.Thread.run(Thread.java:748)
2019-09-26 09:49:52,350 INFO  impl.LeaderElection (LeaderElection.java:logAndReturn(56)) - s2@group-5BD3E7F27A57-LeaderElection101: Election TIMEOUT; received 1 response(s) [s2<-s0#0:FAIL-t263] and 0 exception(s); s2@group-5BD3E7F27A57:t263, leader=null, voted=s2, raftlog=s2@group-5BD3E7F27A57-SegmentedRaftLog:OPENED:c1,f3,i3, conf=3: [s0:0.0.0.0:41468, s1:0.0.0.0:41619, s2:0.0.0.0:44382], old=null
2019-09-26 09:49:52,364 INFO  impl.LeaderElection (LeaderElection.java:askForVotes(178)) - s2@group-5BD3E7F27A57-LeaderElection101: begin an election at term 264 for 3: [s0:0.0.0.0:41468, s1:0.0.0.0:41619, s2:0.0.0.0:44382], old=null
2019-09-26 09:49:52,364 DEBUG impl.RaftServerImpl (RaftServerImpl.java:requestVote(743)) - s0@group-5BD3E7F27A57: receive requestVote(s2, group-5BD3E7F27A57, 264, (t:4, i:3))
2019-09-26 09:49:52,365 INFO  impl.RaftServerImpl (RaftServerImpl.java:setRole(170)) - s0@group-5BD3E7F27A57: changes role from  FOLLOWER to FOLLOWER at term 264 for recognizeCandidate:s2
2019-09-26 09:49:52,365 INFO  impl.RoleInfo (RoleInfo.java:shutdownFollowerState(121)) - s0: shutdown FollowerState
2019-09-26 09:49:52,365 INFO  impl.RoleInfo (RoleInfo.java:updateAndGet(143)) - s0: start FollowerState
2019-09-26 09:49:52,365 INFO  impl.FollowerState (FollowerState.java:run(117)) - s0@group-5BD3E7F27A57-FollowerState was interrupted: java.lang.InterruptedException: sleep interrupted
2019-09-26 09:49:52,365 DEBUG impl.RaftServerImpl (RaftServerImpl.java:requestVote(775)) - s0@group-5BD3E7F27A57 replies to vote request: s2<-s0#0:FAIL-t264. Peer's state: s0@group-5BD3E7F27A57:t264, leader=null, voted=null, raftlog=s0@group-5BD3E7F27A57-SegmentedRaftLog:OPENED:c3,f4,i4, conf=3: [s0:0.0.0.0:41468, s1:0.0.0.0:41619, s2:0.0.0.0:44382], old=null
2019-09-26 09:49:52,413 INFO  impl.LeaderElection (LeaderElection.java:logAndReturn(56)) - s1@group-5BD3E7F27A57-LeaderElection98: Election TIMEOUT; received 1 response(s) [s1<-s0#0:FAIL-t264] and 0 exception(s); s1@group-5BD3E7F27A57:t264, leader=null, voted=s1, raftlog=s1@group-5BD3E7F27A57-SegmentedRaftLog:OPENED:c2,f3,i3, conf=2: [s0:0.0.0.0:41468, s1:0.0.0.0:41619, s2:0.0.0.0:44382], old=null
2019-09-26 09:49:52,427 INFO  impl.LeaderElection (LeaderElection.java:askForVotes(178)) - s1@group-5BD3E7F27A57-LeaderElection98: begin an election at term 265 for 2: [s0:0.0.0.0:41468, s1:0.0.0.0:41619, s2:0.0.0.0:44382], old=null
2019-09-26 09:49:52,427 DEBUG impl.RaftServerImpl (RaftServerImpl.java:requestVote(743)) - s0@group-5BD3E7F27A57: receive requestVote(s1, group-5BD3E7F27A57, 265, (t:3, i:3))
2019-09-26 09:49:52,427 INFO  impl.RaftServerImpl (RaftServerImpl.java:setRole(170)) - s0@group-5BD3E7F27A57: changes role from  FOLLOWER to FOLLOWER at term 265 for recognizeCandidate:s1
2019-09-26 09:49:52,428 INFO  impl.RoleInfo (RoleInfo.java:shutdownFollowerState(121)) - s0: shutdown FollowerState
2019-09-26 09:49:52,428 INFO  impl.RoleInfo (RoleInfo.java:updateAndGet(143)) - s0: start FollowerState
2019-09-26 09:49:52,428 INFO  impl.FollowerState (FollowerState.java:run(117)) - s0@group-5BD3E7F27A57-FollowerState was interrupted: java.lang.InterruptedException: sleep interrupted
2019-09-26 09:49:52,515 INFO  impl.LeaderElection (LeaderElection.java:logAndReturn(56)) - s2@group-5BD3E7F27A57-LeaderElection101: Election TIMEOUT; received 1 response(s) [s2<-s0#0:FAIL-t264] and 0 exception(s); s2@group-5BD3E7F27A57:t264, leader=null, voted=s2, raftlog=s2@group-5BD3E7F27A57-SegmentedRaftLog:OPENED:c1,f3,i3, conf=3: [s0:0.0.0.0:41468, s1:0.0.0.0:41619, s2:0.0.0.0:44382], old=null
2019-09-26 09:49:52,685 INFO  impl.LeaderElection (LeaderElection.java:logAndReturn(56)) - s1@group-5BD3E7F27A57-LeaderElection98: Election TIMEOUT; received 0 response(s) [] and 0 exception(s); s1@group-5BD3E7F27A57:t265, leader=null, voted=s1, raftlog=s1@group-5BD3E7F27A57-SegmentedRaftLog:OPENED:c2,f3,i3, conf=2: [s0:0.0.0.0:41468, s1:0.0.0.0:41619, s2:0.0.0.0:44382], old=null
2019-09-26 09:49:52,736 WARN  ratis.RaftTestUtil (JavaUtils.java:attempt(158)) - FAILED "waitForLeader-null-(expectLeader? true)", attempt #33/100: java.lang.IllegalStateException: No leader yet : printing ALL groups
  s0:  RUNNING  FOLLOWER s0@group-5BD3E7F27A57:t265, leader=null, voted=null, raftlog=s0@group-5BD3E7F27A57-SegmentedRaftLog:OPENED:c3,f4,i4, conf=3: [s0:0.0.0.0:41468, s1:0.0.0.0:41619, s2:0.0.0.0:44382], old=null RUNNING
  s1:  RUNNING CANDIDATE s1@group-5BD3E7F27A57:t266, leader=null, voted=s1, raftlog=s1@group-5BD3E7F27A57-SegmentedRaftLog:OPENED:c2,f3,i3, conf=2: [s0:0.0.0.0:41468, s1:0.0.0.0:41619, s2:0.0.0.0:44382], old=null RUNNING
  s2:  RUNNING CANDIDATE s2@group-5BD3E7F27A57:t265, leader=null, voted=s2, raftlog=s2@group-5BD3E7F27A57-SegmentedRaftLog:OPENED:c1,f3,i3, conf=3: [s0:0.0.0.0:41468, s1:0.0.0.0:41619, s2:0.0.0.0:44382], old=null RUNNING, sleep 450ms and then retry.
java.lang.IllegalStateException: No leader yet : printing ALL groups
  s0:  RUNNING  FOLLOWER s0@group-5BD3E7F27A57:t265, leader=null, voted=null, raftlog=s0@group-5BD3E7F27A57-SegmentedRaftLog:OPENED:c3,f4,i4, conf=3: [s0:0.0.0.0:41468, s1:0.0.0.0:41619, s2:0.0.0.0:44382], old=null RUNNING
  s1:  RUNNING CANDIDATE s1@group-5BD3E7F27A57:t266, leader=null, voted=s1, raftlog=s1@group-5BD3E7F27A57-SegmentedRaftLog:OPENED:c2,f3,i3, conf=2: [s0:0.0.0.0:41468, s1:0.0.0.0:41619, s2:0.0.0.0:44382], old=null RUNNING
  s2:  RUNNING CANDIDATE s2@group-5BD3E7F27A57:t265, leader=null, voted=s2, raftlog=s2@group-5BD3E7F27A57-SegmentedRaftLog:OPENED:c1,f3,i3, conf=3: [s0:0.0.0.0:41468, s1:0.0.0.0:41619, s2:0.0.0.0:44382], old=null RUNNING
	at org.apache.ratis.MiniRaftCluster.newIllegalStateExceptionForNoLeaders(MiniRaftCluster.java:506)
	at org.apache.ratis.RaftTestUtil.lambda$waitForLeader$1(RaftTestUtil.java:90)
	at org.apache.ratis.MiniRaftCluster.getLeader(MiniRaftCluster.java:539)
	at org.apache.ratis.MiniRaftCluster.getLeader(MiniRaftCluster.java:532)
	at org.apache.ratis.RaftTestUtil.lambda$waitForLeader$3(RaftTestUtil.java:98)
	at org.apache.ratis.util.JavaUtils.attempt(JavaUtils.java:152)
	at org.apache.ratis.RaftTestUtil.waitForLeader(RaftTestUtil.java:97)
	at org.apache.ratis.RaftTestUtil.waitForLeader(RaftTestUtil.java:77)
	at org.apache.ratis.RaftTestUtil.waitForLeader(RaftTestUtil.java:72)
	at org.apache.ratis.RaftTestUtil.lambda$changeLeader$7(RaftTestUtil.java:363)
	at org.apache.ratis.util.JavaUtils.attempt(JavaUtils.java:152)
	at org.apache.ratis.RaftTestUtil.changeLeader(RaftTestUtil.java:362)
	at org.apache.ratis.server.impl.LeaderElectionTests.testChangeLeader(LeaderElectionTests.java:81)
	at sun.reflect.NativeMethodAccessorImpl.invoke0(Native Method)
	at sun.reflect.NativeMethodAccessorImpl.invoke(NativeMethodAccessorImpl.java:62)
	at sun.reflect.DelegatingMethodAccessorImpl.invoke(DelegatingMethodAccessorImpl.java:43)
	at java.lang.reflect.Method.invoke(Method.java:498)
	at org.junit.runners.model.FrameworkMethod$1.runReflectiveCall(FrameworkMethod.java:50)
	at org.junit.internal.runners.model.ReflectiveCallable.run(ReflectiveCallable.java:12)
	at org.junit.runners.model.FrameworkMethod.invokeExplosively(FrameworkMethod.java:47)
	at org.junit.internal.runners.statements.InvokeMethod.evaluate(InvokeMethod.java:17)
	at org.junit.internal.runners.statements.RunAfters.evaluate(RunAfters.java:27)
	at org.junit.internal.runners.statements.FailOnTimeout$CallableStatement.call(FailOnTimeout.java:298)
	at org.junit.internal.runners.statements.FailOnTimeout$CallableStatement.call(FailOnTimeout.java:292)
	at java.util.concurrent.FutureTask.run(FutureTask.java:266)
	at java.lang.Thread.run(Thread.java:748)
2019-09-26 09:49:52,853 DEBUG impl.RaftServerImpl (RaftServerImpl.java:requestVote(775)) - s0@group-5BD3E7F27A57 replies to vote request: s1<-s0#0:FAIL-t265. Peer's state: s0@group-5BD3E7F27A57:t265, leader=null, voted=null, raftlog=s0@group-5BD3E7F27A57-SegmentedRaftLog:OPENED:c3,f4,i4, conf=3: [s0:0.0.0.0:41468, s1:0.0.0.0:41619, s2:0.0.0.0:44382], old=null
2019-09-26 09:49:52,853 INFO  impl.FollowerState (FollowerState.java:run(108)) - s0@group-5BD3E7F27A57-FollowerState: change to CANDIDATE, lastRpcTime:425ms, electionTimeout:282ms
2019-09-26 09:49:52,853 INFO  impl.RoleInfo (RoleInfo.java:shutdownFollowerState(121)) - s0: shutdown FollowerState
2019-09-26 09:49:52,854 INFO  impl.RaftServerImpl (RaftServerImpl.java:setRole(170)) - s0@group-5BD3E7F27A57: changes role from  FOLLOWER to CANDIDATE at term 265 for changeToCandidate
2019-09-26 09:49:52,854 INFO  impl.RoleInfo (RoleInfo.java:updateAndGet(143)) - s0: start LeaderElection
2019-09-26 09:49:53,187 WARN  ratis.RaftTestUtil (JavaUtils.java:attempt(158)) - FAILED "waitForLeader-null-(expectLeader? true)", attempt #34/100: java.lang.IllegalStateException: No leader yet : printing ALL groups
  s0:  RUNNING CANDIDATE s0@group-5BD3E7F27A57:t266, leader=null, voted=s0, raftlog=s0@group-5BD3E7F27A57-SegmentedRaftLog:OPENED:c3,f4,i4, conf=3: [s0:0.0.0.0:41468, s1:0.0.0.0:41619, s2:0.0.0.0:44382], old=null RUNNING
  s1:  RUNNING CANDIDATE s1@group-5BD3E7F27A57:t266, leader=null, voted=s1, raftlog=s1@group-5BD3E7F27A57-SegmentedRaftLog:OPENED:c2,f3,i3, conf=2: [s0:0.0.0.0:41468, s1:0.0.0.0:41619, s2:0.0.0.0:44382], old=null RUNNING
  s2:  RUNNING CANDIDATE s2@group-5BD3E7F27A57:t265, leader=null, voted=s2, raftlog=s2@group-5BD3E7F27A57-SegmentedRaftLog:OPENED:c1,f3,i3, conf=3: [s0:0.0.0.0:41468, s1:0.0.0.0:41619, s2:0.0.0.0:44382], old=null RUNNING, sleep 450ms and then retry.
java.lang.IllegalStateException: No leader yet : printing ALL groups
  s0:  RUNNING CANDIDATE s0@group-5BD3E7F27A57:t266, leader=null, voted=s0, raftlog=s0@group-5BD3E7F27A57-SegmentedRaftLog:OPENED:c3,f4,i4, conf=3: [s0:0.0.0.0:41468, s1:0.0.0.0:41619, s2:0.0.0.0:44382], old=null RUNNING
  s1:  RUNNING CANDIDATE s1@group-5BD3E7F27A57:t266, leader=null, voted=s1, raftlog=s1@group-5BD3E7F27A57-SegmentedRaftLog:OPENED:c2,f3,i3, conf=2: [s0:0.0.0.0:41468, s1:0.0.0.0:41619, s2:0.0.0.0:44382], old=null RUNNING
  s2:  RUNNING CANDIDATE s2@group-5BD3E7F27A57:t265, leader=null, voted=s2, raftlog=s2@group-5BD3E7F27A57-SegmentedRaftLog:OPENED:c1,f3,i3, conf=3: [s0:0.0.0.0:41468, s1:0.0.0.0:41619, s2:0.0.0.0:44382], old=null RUNNING
	at org.apache.ratis.MiniRaftCluster.newIllegalStateExceptionForNoLeaders(MiniRaftCluster.java:506)
	at org.apache.ratis.RaftTestUtil.lambda$waitForLeader$1(RaftTestUtil.java:90)
	at org.apache.ratis.MiniRaftCluster.getLeader(MiniRaftCluster.java:539)
	at org.apache.ratis.MiniRaftCluster.getLeader(MiniRaftCluster.java:532)
	at org.apache.ratis.RaftTestUtil.lambda$waitForLeader$3(RaftTestUtil.java:98)
	at org.apache.ratis.util.JavaUtils.attempt(JavaUtils.java:152)
	at org.apache.ratis.RaftTestUtil.waitForLeader(RaftTestUtil.java:97)
	at org.apache.ratis.RaftTestUtil.waitForLeader(RaftTestUtil.java:77)
	at org.apache.ratis.RaftTestUtil.waitForLeader(RaftTestUtil.java:72)
	at org.apache.ratis.RaftTestUtil.lambda$changeLeader$7(RaftTestUtil.java:363)
	at org.apache.ratis.util.JavaUtils.attempt(JavaUtils.java:152)
	at org.apache.ratis.RaftTestUtil.changeLeader(RaftTestUtil.java:362)
	at org.apache.ratis.server.impl.LeaderElectionTests.testChangeLeader(LeaderElectionTests.java:81)
	at sun.reflect.NativeMethodAccessorImpl.invoke0(Native Method)
	at sun.reflect.NativeMethodAccessorImpl.invoke(NativeMethodAccessorImpl.java:62)
	at sun.reflect.DelegatingMethodAccessorImpl.invoke(DelegatingMethodAccessorImpl.java:43)
	at java.lang.reflect.Method.invoke(Method.java:498)
	at org.junit.runners.model.FrameworkMethod$1.runReflectiveCall(FrameworkMethod.java:50)
	at org.junit.internal.runners.model.ReflectiveCallable.run(ReflectiveCallable.java:12)
	at org.junit.runners.model.FrameworkMethod.invokeExplosively(FrameworkMethod.java:47)
	at org.junit.internal.runners.statements.InvokeMethod.evaluate(InvokeMethod.java:17)
	at org.junit.internal.runners.statements.RunAfters.evaluate(RunAfters.java:27)
	at org.junit.internal.runners.statements.FailOnTimeout$CallableStatement.call(FailOnTimeout.java:298)
	at org.junit.internal.runners.statements.FailOnTimeout$CallableStatement.call(FailOnTimeout.java:292)
	at java.util.concurrent.FutureTask.run(FutureTask.java:266)
	at java.lang.Thread.run(Thread.java:748)
2019-09-26 09:49:53,638 WARN  ratis.RaftTestUtil (JavaUtils.java:attempt(158)) - FAILED "waitForLeader-null-(expectLeader? true)", attempt #35/100: java.lang.IllegalStateException: No leader yet : printing ALL groups
  s0:  RUNNING CANDIDATE s0@group-5BD3E7F27A57:t266, leader=null, voted=s0, raftlog=s0@group-5BD3E7F27A57-SegmentedRaftLog:OPENED:c3,f4,i4, conf=3: [s0:0.0.0.0:41468, s1:0.0.0.0:41619, s2:0.0.0.0:44382], old=null RUNNING
  s1:  RUNNING CANDIDATE s1@group-5BD3E7F27A57:t266, leader=null, voted=s1, raftlog=s1@group-5BD3E7F27A57-SegmentedRaftLog:OPENED:c2,f3,i3, conf=2: [s0:0.0.0.0:41468, s1:0.0.0.0:41619, s2:0.0.0.0:44382], old=null RUNNING
  s2:  RUNNING CANDIDATE s2@group-5BD3E7F27A57:t265, leader=null, voted=s2, raftlog=s2@group-5BD3E7F27A57-SegmentedRaftLog:OPENED:c1,f3,i3, conf=3: [s0:0.0.0.0:41468, s1:0.0.0.0:41619, s2:0.0.0.0:44382], old=null RUNNING, sleep 450ms and then retry.
java.lang.IllegalStateException: No leader yet : printing ALL groups
  s0:  RUNNING CANDIDATE s0@group-5BD3E7F27A57:t266, leader=null, voted=s0, raftlog=s0@group-5BD3E7F27A57-SegmentedRaftLog:OPENED:c3,f4,i4, conf=3: [s0:0.0.0.0:41468, s1:0.0.0.0:41619, s2:0.0.0.0:44382], old=null RUNNING
  s1:  RUNNING CANDIDATE s1@group-5BD3E7F27A57:t266, leader=null, voted=s1, raftlog=s1@group-5BD3E7F27A57-SegmentedRaftLog:OPENED:c2,f3,i3, conf=2: [s0:0.0.0.0:41468, s1:0.0.0.0:41619, s2:0.0.0.0:44382], old=null RUNNING
  s2:  RUNNING CANDIDATE s2@group-5BD3E7F27A57:t265, leader=null, voted=s2, raftlog=s2@group-5BD3E7F27A57-SegmentedRaftLog:OPENED:c1,f3,i3, conf=3: [s0:0.0.0.0:41468, s1:0.0.0.0:41619, s2:0.0.0.0:44382], old=null RUNNING
	at org.apache.ratis.MiniRaftCluster.newIllegalStateExceptionForNoLeaders(MiniRaftCluster.java:506)
	at org.apache.ratis.RaftTestUtil.lambda$waitForLeader$1(RaftTestUtil.java:90)
	at org.apache.ratis.MiniRaftCluster.getLeader(MiniRaftCluster.java:539)
	at org.apache.ratis.MiniRaftCluster.getLeader(MiniRaftCluster.java:532)
	at org.apache.ratis.RaftTestUtil.lambda$waitForLeader$3(RaftTestUtil.java:98)
	at org.apache.ratis.util.JavaUtils.attempt(JavaUtils.java:152)
	at org.apache.ratis.RaftTestUtil.waitForLeader(RaftTestUtil.java:97)
	at org.apache.ratis.RaftTestUtil.waitForLeader(RaftTestUtil.java:77)
	at org.apache.ratis.RaftTestUtil.waitForLeader(RaftTestUtil.java:72)
	at org.apache.ratis.RaftTestUtil.lambda$changeLeader$7(RaftTestUtil.java:363)
	at org.apache.ratis.util.JavaUtils.attempt(JavaUtils.java:152)
	at org.apache.ratis.RaftTestUtil.changeLeader(RaftTestUtil.java:362)
	at org.apache.ratis.server.impl.LeaderElectionTests.testChangeLeader(LeaderElectionTests.java:81)
	at sun.reflect.NativeMethodAccessorImpl.invoke0(Native Method)
	at sun.reflect.NativeMethodAccessorImpl.invoke(NativeMethodAccessorImpl.java:62)
	at sun.reflect.DelegatingMethodAccessorImpl.invoke(DelegatingMethodAccessorImpl.java:43)
	at java.lang.reflect.Method.invoke(Method.java:498)
	at org.junit.runners.model.FrameworkMethod$1.runReflectiveCall(FrameworkMethod.java:50)
	at org.junit.internal.runners.model.ReflectiveCallable.run(ReflectiveCallable.java:12)
	at org.junit.runners.model.FrameworkMethod.invokeExplosively(FrameworkMethod.java:47)
	at org.junit.internal.runners.statements.InvokeMethod.evaluate(InvokeMethod.java:17)
	at org.junit.internal.runners.statements.RunAfters.evaluate(RunAfters.java:27)
	at org.junit.internal.runners.statements.FailOnTimeout$CallableStatement.call(FailOnTimeout.java:298)
	at org.junit.internal.runners.statements.FailOnTimeout$CallableStatement.call(FailOnTimeout.java:292)
	at java.util.concurrent.FutureTask.run(FutureTask.java:266)
	at java.lang.Thread.run(Thread.java:748)
2019-09-26 09:49:54,089 WARN  ratis.RaftTestUtil (JavaUtils.java:attempt(158)) - FAILED "waitForLeader-null-(expectLeader? true)", attempt #36/100: java.lang.IllegalStateException: No leader yet : printing ALL groups
  s0:  RUNNING CANDIDATE s0@group-5BD3E7F27A57:t266, leader=null, voted=s0, raftlog=s0@group-5BD3E7F27A57-SegmentedRaftLog:OPENED:c3,f4,i4, conf=3: [s0:0.0.0.0:41468, s1:0.0.0.0:41619, s2:0.0.0.0:44382], old=null RUNNING
  s1:  RUNNING CANDIDATE s1@group-5BD3E7F27A57:t266, leader=null, voted=s1, raftlog=s1@group-5BD3E7F27A57-SegmentedRaftLog:OPENED:c2,f3,i3, conf=2: [s0:0.0.0.0:41468, s1:0.0.0.0:41619, s2:0.0.0.0:44382], old=null RUNNING
  s2:  RUNNING CANDIDATE s2@group-5BD3E7F27A57:t265, leader=null, voted=s2, raftlog=s2@group-5BD3E7F27A57-SegmentedRaftLog:OPENED:c1,f3,i3, conf=3: [s0:0.0.0.0:41468, s1:0.0.0.0:41619, s2:0.0.0.0:44382], old=null RUNNING, sleep 450ms and then retry.
java.lang.IllegalStateException: No leader yet : printing ALL groups
  s0:  RUNNING CANDIDATE s0@group-5BD3E7F27A57:t266, leader=null, voted=s0, raftlog=s0@group-5BD3E7F27A57-SegmentedRaftLog:OPENED:c3,f4,i4, conf=3: [s0:0.0.0.0:41468, s1:0.0.0.0:41619, s2:0.0.0.0:44382], old=null RUNNING
  s1:  RUNNING CANDIDATE s1@group-5BD3E7F27A57:t266, leader=null, voted=s1, raftlog=s1@group-5BD3E7F27A57-SegmentedRaftLog:OPENED:c2,f3,i3, conf=2: [s0:0.0.0.0:41468, s1:0.0.0.0:41619, s2:0.0.0.0:44382], old=null RUNNING
  s2:  RUNNING CANDIDATE s2@group-5BD3E7F27A57:t265, leader=null, voted=s2, raftlog=s2@group-5BD3E7F27A57-SegmentedRaftLog:OPENED:c1,f3,i3, conf=3: [s0:0.0.0.0:41468, s1:0.0.0.0:41619, s2:0.0.0.0:44382], old=null RUNNING
	at org.apache.ratis.MiniRaftCluster.newIllegalStateExceptionForNoLeaders(MiniRaftCluster.java:506)
	at org.apache.ratis.RaftTestUtil.lambda$waitForLeader$1(RaftTestUtil.java:90)
	at org.apache.ratis.MiniRaftCluster.getLeader(MiniRaftCluster.java:539)
	at org.apache.ratis.MiniRaftCluster.getLeader(MiniRaftCluster.java:532)
	at org.apache.ratis.RaftTestUtil.lambda$waitForLeader$3(RaftTestUtil.java:98)
	at org.apache.ratis.util.JavaUtils.attempt(JavaUtils.java:152)
	at org.apache.ratis.RaftTestUtil.waitForLeader(RaftTestUtil.java:97)
	at org.apache.ratis.RaftTestUtil.waitForLeader(RaftTestUtil.java:77)
	at org.apache.ratis.RaftTestUtil.waitForLeader(RaftTestUtil.java:72)
	at org.apache.ratis.RaftTestUtil.lambda$changeLeader$7(RaftTestUtil.java:363)
	at org.apache.ratis.util.JavaUtils.attempt(JavaUtils.java:152)
	at org.apache.ratis.RaftTestUtil.changeLeader(RaftTestUtil.java:362)
	at org.apache.ratis.server.impl.LeaderElectionTests.testChangeLeader(LeaderElectionTests.java:81)
	at sun.reflect.NativeMethodAccessorImpl.invoke0(Native Method)
	at sun.reflect.NativeMethodAccessorImpl.invoke(NativeMethodAccessorImpl.java:62)
	at sun.reflect.DelegatingMethodAccessorImpl.invoke(DelegatingMethodAccessorImpl.java:43)
	at java.lang.reflect.Method.invoke(Method.java:498)
	at org.junit.runners.model.FrameworkMethod$1.runReflectiveCall(FrameworkMethod.java:50)
	at org.junit.internal.runners.model.ReflectiveCallable.run(ReflectiveCallable.java:12)
	at org.junit.runners.model.FrameworkMethod.invokeExplosively(FrameworkMethod.java:47)
	at org.junit.internal.runners.statements.InvokeMethod.evaluate(InvokeMethod.java:17)
	at org.junit.internal.runners.statements.RunAfters.evaluate(RunAfters.java:27)
	at org.junit.internal.runners.statements.FailOnTimeout$CallableStatement.call(FailOnTimeout.java:298)
	at org.junit.internal.runners.statements.FailOnTimeout$CallableStatement.call(FailOnTimeout.java:292)
	at java.util.concurrent.FutureTask.run(FutureTask.java:266)
	at java.lang.Thread.run(Thread.java:748)
2019-09-26 09:49:54,541 WARN  ratis.RaftTestUtil (JavaUtils.java:attempt(158)) - FAILED "waitForLeader-null-(expectLeader? true)", attempt #37/100: java.lang.IllegalStateException: No leader yet : printing ALL groups
  s0:  RUNNING CANDIDATE s0@group-5BD3E7F27A57:t266, leader=null, voted=s0, raftlog=s0@group-5BD3E7F27A57-SegmentedRaftLog:OPENED:c3,f4,i4, conf=3: [s0:0.0.0.0:41468, s1:0.0.0.0:41619, s2:0.0.0.0:44382], old=null RUNNING
  s1:  RUNNING CANDIDATE s1@group-5BD3E7F27A57:t266, leader=null, voted=s1, raftlog=s1@group-5BD3E7F27A57-SegmentedRaftLog:OPENED:c2,f3,i3, conf=2: [s0:0.0.0.0:41468, s1:0.0.0.0:41619, s2:0.0.0.0:44382], old=null RUNNING
  s2:  RUNNING CANDIDATE s2@group-5BD3E7F27A57:t265, leader=null, voted=s2, raftlog=s2@group-5BD3E7F27A57-SegmentedRaftLog:OPENED:c1,f3,i3, conf=3: [s0:0.0.0.0:41468, s1:0.0.0.0:41619, s2:0.0.0.0:44382], old=null RUNNING, sleep 450ms and then retry.
java.lang.IllegalStateException: No leader yet : printing ALL groups
  s0:  RUNNING CANDIDATE s0@group-5BD3E7F27A57:t266, leader=null, voted=s0, raftlog=s0@group-5BD3E7F27A57-SegmentedRaftLog:OPENED:c3,f4,i4, conf=3: [s0:0.0.0.0:41468, s1:0.0.0.0:41619, s2:0.0.0.0:44382], old=null RUNNING
  s1:  RUNNING CANDIDATE s1@group-5BD3E7F27A57:t266, leader=null, voted=s1, raftlog=s1@group-5BD3E7F27A57-SegmentedRaftLog:OPENED:c2,f3,i3, conf=2: [s0:0.0.0.0:41468, s1:0.0.0.0:41619, s2:0.0.0.0:44382], old=null RUNNING
  s2:  RUNNING CANDIDATE s2@group-5BD3E7F27A57:t265, leader=null, voted=s2, raftlog=s2@group-5BD3E7F27A57-SegmentedRaftLog:OPENED:c1,f3,i3, conf=3: [s0:0.0.0.0:41468, s1:0.0.0.0:41619, s2:0.0.0.0:44382], old=null RUNNING
	at org.apache.ratis.MiniRaftCluster.newIllegalStateExceptionForNoLeaders(MiniRaftCluster.java:506)
	at org.apache.ratis.RaftTestUtil.lambda$waitForLeader$1(RaftTestUtil.java:90)
	at org.apache.ratis.MiniRaftCluster.getLeader(MiniRaftCluster.java:539)
	at org.apache.ratis.MiniRaftCluster.getLeader(MiniRaftCluster.java:532)
	at org.apache.ratis.RaftTestUtil.lambda$waitForLeader$3(RaftTestUtil.java:98)
	at org.apache.ratis.util.JavaUtils.attempt(JavaUtils.java:152)
	at org.apache.ratis.RaftTestUtil.waitForLeader(RaftTestUtil.java:97)
	at org.apache.ratis.RaftTestUtil.waitForLeader(RaftTestUtil.java:77)
	at org.apache.ratis.RaftTestUtil.waitForLeader(RaftTestUtil.java:72)
	at org.apache.ratis.RaftTestUtil.lambda$changeLeader$7(RaftTestUtil.java:363)
	at org.apache.ratis.util.JavaUtils.attempt(JavaUtils.java:152)
	at org.apache.ratis.RaftTestUtil.changeLeader(RaftTestUtil.java:362)
	at org.apache.ratis.server.impl.LeaderElectionTests.testChangeLeader(LeaderElectionTests.java:81)
	at sun.reflect.NativeMethodAccessorImpl.invoke0(Native Method)
	at sun.reflect.NativeMethodAccessorImpl.invoke(NativeMethodAccessorImpl.java:62)
	at sun.reflect.DelegatingMethodAccessorImpl.invoke(DelegatingMethodAccessorImpl.java:43)
	at java.lang.reflect.Method.invoke(Method.java:498)
	at org.junit.runners.model.FrameworkMethod$1.runReflectiveCall(FrameworkMethod.java:50)
	at org.junit.internal.runners.model.ReflectiveCallable.run(ReflectiveCallable.java:12)
	at org.junit.runners.model.FrameworkMethod.invokeExplosively(FrameworkMethod.java:47)
	at org.junit.internal.runners.statements.InvokeMethod.evaluate(InvokeMethod.java:17)
	at org.junit.internal.runners.statements.RunAfters.evaluate(RunAfters.java:27)
	at org.junit.internal.runners.statements.FailOnTimeout$CallableStatement.call(FailOnTimeout.java:298)
	at org.junit.internal.runners.statements.FailOnTimeout$CallableStatement.call(FailOnTimeout.java:292)
	at java.util.concurrent.FutureTask.run(FutureTask.java:266)
	at java.lang.Thread.run(Thread.java:748)
2019-09-26 09:49:54,992 WARN  ratis.RaftTestUtil (JavaUtils.java:attempt(158)) - FAILED "waitForLeader-null-(expectLeader? true)", attempt #38/100: java.lang.IllegalStateException: No leader yet : printing ALL groups
  s0:  RUNNING CANDIDATE s0@group-5BD3E7F27A57:t266, leader=null, voted=s0, raftlog=s0@group-5BD3E7F27A57-SegmentedRaftLog:OPENED:c3,f4,i4, conf=3: [s0:0.0.0.0:41468, s1:0.0.0.0:41619, s2:0.0.0.0:44382], old=null RUNNING
  s1:  RUNNING CANDIDATE s1@group-5BD3E7F27A57:t266, leader=null, voted=s1, raftlog=s1@group-5BD3E7F27A57-SegmentedRaftLog:OPENED:c2,f3,i3, conf=2: [s0:0.0.0.0:41468, s1:0.0.0.0:41619, s2:0.0.0.0:44382], old=null RUNNING
  s2:  RUNNING CANDIDATE s2@group-5BD3E7F27A57:t265, leader=null, voted=s2, raftlog=s2@group-5BD3E7F27A57-SegmentedRaftLog:OPENED:c1,f3,i3, conf=3: [s0:0.0.0.0:41468, s1:0.0.0.0:41619, s2:0.0.0.0:44382], old=null RUNNING, sleep 450ms and then retry.
java.lang.IllegalStateException: No leader yet : printing ALL groups
  s0:  RUNNING CANDIDATE s0@group-5BD3E7F27A57:t266, leader=null, voted=s0, raftlog=s0@group-5BD3E7F27A57-SegmentedRaftLog:OPENED:c3,f4,i4, conf=3: [s0:0.0.0.0:41468, s1:0.0.0.0:41619, s2:0.0.0.0:44382], old=null RUNNING
  s1:  RUNNING CANDIDATE s1@group-5BD3E7F27A57:t266, leader=null, voted=s1, raftlog=s1@group-5BD3E7F27A57-SegmentedRaftLog:OPENED:c2,f3,i3, conf=2: [s0:0.0.0.0:41468, s1:0.0.0.0:41619, s2:0.0.0.0:44382], old=null RUNNING
  s2:  RUNNING CANDIDATE s2@group-5BD3E7F27A57:t265, leader=null, voted=s2, raftlog=s2@group-5BD3E7F27A57-SegmentedRaftLog:OPENED:c1,f3,i3, conf=3: [s0:0.0.0.0:41468, s1:0.0.0.0:41619, s2:0.0.0.0:44382], old=null RUNNING
	at org.apache.ratis.MiniRaftCluster.newIllegalStateExceptionForNoLeaders(MiniRaftCluster.java:506)
	at org.apache.ratis.RaftTestUtil.lambda$waitForLeader$1(RaftTestUtil.java:90)
	at org.apache.ratis.MiniRaftCluster.getLeader(MiniRaftCluster.java:539)
	at org.apache.ratis.MiniRaftCluster.getLeader(MiniRaftCluster.java:532)
	at org.apache.ratis.RaftTestUtil.lambda$waitForLeader$3(RaftTestUtil.java:98)
	at org.apache.ratis.util.JavaUtils.attempt(JavaUtils.java:152)
	at org.apache.ratis.RaftTestUtil.waitForLeader(RaftTestUtil.java:97)
	at org.apache.ratis.RaftTestUtil.waitForLeader(RaftTestUtil.java:77)
	at org.apache.ratis.RaftTestUtil.waitForLeader(RaftTestUtil.java:72)
	at org.apache.ratis.RaftTestUtil.lambda$changeLeader$7(RaftTestUtil.java:363)
	at org.apache.ratis.util.JavaUtils.attempt(JavaUtils.java:152)
	at org.apache.ratis.RaftTestUtil.changeLeader(RaftTestUtil.java:362)
	at org.apache.ratis.server.impl.LeaderElectionTests.testChangeLeader(LeaderElectionTests.java:81)
	at sun.reflect.NativeMethodAccessorImpl.invoke0(Native Method)
	at sun.reflect.NativeMethodAccessorImpl.invoke(NativeMethodAccessorImpl.java:62)
	at sun.reflect.DelegatingMethodAccessorImpl.invoke(DelegatingMethodAccessorImpl.java:43)
	at java.lang.reflect.Method.invoke(Method.java:498)
	at org.junit.runners.model.FrameworkMethod$1.runReflectiveCall(FrameworkMethod.java:50)
	at org.junit.internal.runners.model.ReflectiveCallable.run(ReflectiveCallable.java:12)
	at org.junit.runners.model.FrameworkMethod.invokeExplosively(FrameworkMethod.java:47)
	at org.junit.internal.runners.statements.InvokeMethod.evaluate(InvokeMethod.java:17)
	at org.junit.internal.runners.statements.RunAfters.evaluate(RunAfters.java:27)
	at org.junit.internal.runners.statements.FailOnTimeout$CallableStatement.call(FailOnTimeout.java:298)
	at org.junit.internal.runners.statements.FailOnTimeout$CallableStatement.call(FailOnTimeout.java:292)
	at java.util.concurrent.FutureTask.run(FutureTask.java:266)
	at java.lang.Thread.run(Thread.java:748)
2019-09-26 09:49:55,443 WARN  ratis.RaftTestUtil (JavaUtils.java:attempt(158)) - FAILED "waitForLeader-null-(expectLeader? true)", attempt #39/100: java.lang.IllegalStateException: No leader yet : printing ALL groups
  s0:  RUNNING CANDIDATE s0@group-5BD3E7F27A57:t266, leader=null, voted=s0, raftlog=s0@group-5BD3E7F27A57-SegmentedRaftLog:OPENED:c3,f4,i4, conf=3: [s0:0.0.0.0:41468, s1:0.0.0.0:41619, s2:0.0.0.0:44382], old=null RUNNING
  s1:  RUNNING CANDIDATE s1@group-5BD3E7F27A57:t266, leader=null, voted=s1, raftlog=s1@group-5BD3E7F27A57-SegmentedRaftLog:OPENED:c2,f3,i3, conf=2: [s0:0.0.0.0:41468, s1:0.0.0.0:41619, s2:0.0.0.0:44382], old=null RUNNING
  s2:  RUNNING CANDIDATE s2@group-5BD3E7F27A57:t265, leader=null, voted=s2, raftlog=s2@group-5BD3E7F27A57-SegmentedRaftLog:OPENED:c1,f3,i3, conf=3: [s0:0.0.0.0:41468, s1:0.0.0.0:41619, s2:0.0.0.0:44382], old=null RUNNING, sleep 450ms and then retry.
java.lang.IllegalStateException: No leader yet : printing ALL groups
  s0:  RUNNING CANDIDATE s0@group-5BD3E7F27A57:t266, leader=null, voted=s0, raftlog=s0@group-5BD3E7F27A57-SegmentedRaftLog:OPENED:c3,f4,i4, conf=3: [s0:0.0.0.0:41468, s1:0.0.0.0:41619, s2:0.0.0.0:44382], old=null RUNNING
  s1:  RUNNING CANDIDATE s1@group-5BD3E7F27A57:t266, leader=null, voted=s1, raftlog=s1@group-5BD3E7F27A57-SegmentedRaftLog:OPENED:c2,f3,i3, conf=2: [s0:0.0.0.0:41468, s1:0.0.0.0:41619, s2:0.0.0.0:44382], old=null RUNNING
  s2:  RUNNING CANDIDATE s2@group-5BD3E7F27A57:t265, leader=null, voted=s2, raftlog=s2@group-5BD3E7F27A57-SegmentedRaftLog:OPENED:c1,f3,i3, conf=3: [s0:0.0.0.0:41468, s1:0.0.0.0:41619, s2:0.0.0.0:44382], old=null RUNNING
	at org.apache.ratis.MiniRaftCluster.newIllegalStateExceptionForNoLeaders(MiniRaftCluster.java:506)
	at org.apache.ratis.RaftTestUtil.lambda$waitForLeader$1(RaftTestUtil.java:90)
	at org.apache.ratis.MiniRaftCluster.getLeader(MiniRaftCluster.java:539)
	at org.apache.ratis.MiniRaftCluster.getLeader(MiniRaftCluster.java:532)
	at org.apache.ratis.RaftTestUtil.lambda$waitForLeader$3(RaftTestUtil.java:98)
	at org.apache.ratis.util.JavaUtils.attempt(JavaUtils.java:152)
	at org.apache.ratis.RaftTestUtil.waitForLeader(RaftTestUtil.java:97)
	at org.apache.ratis.RaftTestUtil.waitForLeader(RaftTestUtil.java:77)
	at org.apache.ratis.RaftTestUtil.waitForLeader(RaftTestUtil.java:72)
	at org.apache.ratis.RaftTestUtil.lambda$changeLeader$7(RaftTestUtil.java:363)
	at org.apache.ratis.util.JavaUtils.attempt(JavaUtils.java:152)
	at org.apache.ratis.RaftTestUtil.changeLeader(RaftTestUtil.java:362)
	at org.apache.ratis.server.impl.LeaderElectionTests.testChangeLeader(LeaderElectionTests.java:81)
	at sun.reflect.NativeMethodAccessorImpl.invoke0(Native Method)
	at sun.reflect.NativeMethodAccessorImpl.invoke(NativeMethodAccessorImpl.java:62)
	at sun.reflect.DelegatingMethodAccessorImpl.invoke(DelegatingMethodAccessorImpl.java:43)
	at java.lang.reflect.Method.invoke(Method.java:498)
	at org.junit.runners.model.FrameworkMethod$1.runReflectiveCall(FrameworkMethod.java:50)
	at org.junit.internal.runners.model.ReflectiveCallable.run(ReflectiveCallable.java:12)
	at org.junit.runners.model.FrameworkMethod.invokeExplosively(FrameworkMethod.java:47)
	at org.junit.internal.runners.statements.InvokeMethod.evaluate(InvokeMethod.java:17)
	at org.junit.internal.runners.statements.RunAfters.evaluate(RunAfters.java:27)
	at org.junit.internal.runners.statements.FailOnTimeout$CallableStatement.call(FailOnTimeout.java:298)
	at org.junit.internal.runners.statements.FailOnTimeout$CallableStatement.call(FailOnTimeout.java:292)
	at java.util.concurrent.FutureTask.run(FutureTask.java:266)
	at java.lang.Thread.run(Thread.java:748)
2019-09-26 09:49:55,894 WARN  ratis.RaftTestUtil (JavaUtils.java:attempt(158)) - FAILED "waitForLeader-null-(expectLeader? true)", attempt #40/100: java.lang.IllegalStateException: No leader yet : printing ALL groups
  s0:  RUNNING CANDIDATE s0@group-5BD3E7F27A57:t266, leader=null, voted=s0, raftlog=s0@group-5BD3E7F27A57-SegmentedRaftLog:OPENED:c3,f4,i4, conf=3: [s0:0.0.0.0:41468, s1:0.0.0.0:41619, s2:0.0.0.0:44382], old=null RUNNING
  s1:  RUNNING CANDIDATE s1@group-5BD3E7F27A57:t266, leader=null, voted=s1, raftlog=s1@group-5BD3E7F27A57-SegmentedRaftLog:OPENED:c2,f3,i3, conf=2: [s0:0.0.0.0:41468, s1:0.0.0.0:41619, s2:0.0.0.0:44382], old=null RUNNING
  s2:  RUNNING CANDIDATE s2@group-5BD3E7F27A57:t265, leader=null, voted=s2, raftlog=s2@group-5BD3E7F27A57-SegmentedRaftLog:OPENED:c1,f3,i3, conf=3: [s0:0.0.0.0:41468, s1:0.0.0.0:41619, s2:0.0.0.0:44382], old=null RUNNING, sleep 450ms and then retry.
java.lang.IllegalStateException: No leader yet : printing ALL groups
  s0:  RUNNING CANDIDATE s0@group-5BD3E7F27A57:t266, leader=null, voted=s0, raftlog=s0@group-5BD3E7F27A57-SegmentedRaftLog:OPENED:c3,f4,i4, conf=3: [s0:0.0.0.0:41468, s1:0.0.0.0:41619, s2:0.0.0.0:44382], old=null RUNNING
  s1:  RUNNING CANDIDATE s1@group-5BD3E7F27A57:t266, leader=null, voted=s1, raftlog=s1@group-5BD3E7F27A57-SegmentedRaftLog:OPENED:c2,f3,i3, conf=2: [s0:0.0.0.0:41468, s1:0.0.0.0:41619, s2:0.0.0.0:44382], old=null RUNNING
  s2:  RUNNING CANDIDATE s2@group-5BD3E7F27A57:t265, leader=null, voted=s2, raftlog=s2@group-5BD3E7F27A57-SegmentedRaftLog:OPENED:c1,f3,i3, conf=3: [s0:0.0.0.0:41468, s1:0.0.0.0:41619, s2:0.0.0.0:44382], old=null RUNNING
	at org.apache.ratis.MiniRaftCluster.newIllegalStateExceptionForNoLeaders(MiniRaftCluster.java:506)
	at org.apache.ratis.RaftTestUtil.lambda$waitForLeader$1(RaftTestUtil.java:90)
	at org.apache.ratis.MiniRaftCluster.getLeader(MiniRaftCluster.java:539)
	at org.apache.ratis.MiniRaftCluster.getLeader(MiniRaftCluster.java:532)
	at org.apache.ratis.RaftTestUtil.lambda$waitForLeader$3(RaftTestUtil.java:98)
	at org.apache.ratis.util.JavaUtils.attempt(JavaUtils.java:152)
	at org.apache.ratis.RaftTestUtil.waitForLeader(RaftTestUtil.java:97)
	at org.apache.ratis.RaftTestUtil.waitForLeader(RaftTestUtil.java:77)
	at org.apache.ratis.RaftTestUtil.waitForLeader(RaftTestUtil.java:72)
	at org.apache.ratis.RaftTestUtil.lambda$changeLeader$7(RaftTestUtil.java:363)
	at org.apache.ratis.util.JavaUtils.attempt(JavaUtils.java:152)
	at org.apache.ratis.RaftTestUtil.changeLeader(RaftTestUtil.java:362)
	at org.apache.ratis.server.impl.LeaderElectionTests.testChangeLeader(LeaderElectionTests.java:81)
	at sun.reflect.NativeMethodAccessorImpl.invoke0(Native Method)
	at sun.reflect.NativeMethodAccessorImpl.invoke(NativeMethodAccessorImpl.java:62)
	at sun.reflect.DelegatingMethodAccessorImpl.invoke(DelegatingMethodAccessorImpl.java:43)
	at java.lang.reflect.Method.invoke(Method.java:498)
	at org.junit.runners.model.FrameworkMethod$1.runReflectiveCall(FrameworkMethod.java:50)
	at org.junit.internal.runners.model.ReflectiveCallable.run(ReflectiveCallable.java:12)
	at org.junit.runners.model.FrameworkMethod.invokeExplosively(FrameworkMethod.java:47)
	at org.junit.internal.runners.statements.InvokeMethod.evaluate(InvokeMethod.java:17)
	at org.junit.internal.runners.statements.RunAfters.evaluate(RunAfters.java:27)
	at org.junit.internal.runners.statements.FailOnTimeout$CallableStatement.call(FailOnTimeout.java:298)
	at org.junit.internal.runners.statements.FailOnTimeout$CallableStatement.call(FailOnTimeout.java:292)
	at java.util.concurrent.FutureTask.run(FutureTask.java:266)
	at java.lang.Thread.run(Thread.java:748)
2019-09-26 09:49:56,346 WARN  ratis.RaftTestUtil (JavaUtils.java:attempt(158)) - FAILED "waitForLeader-null-(expectLeader? true)", attempt #41/100: java.lang.IllegalStateException: No leader yet : printing ALL groups
  s0:  RUNNING CANDIDATE s0@group-5BD3E7F27A57:t266, leader=null, voted=s0, raftlog=s0@group-5BD3E7F27A57-SegmentedRaftLog:OPENED:c3,f4,i4, conf=3: [s0:0.0.0.0:41468, s1:0.0.0.0:41619, s2:0.0.0.0:44382], old=null RUNNING
  s1:  RUNNING CANDIDATE s1@group-5BD3E7F27A57:t266, leader=null, voted=s1, raftlog=s1@group-5BD3E7F27A57-SegmentedRaftLog:OPENED:c2,f3,i3, conf=2: [s0:0.0.0.0:41468, s1:0.0.0.0:41619, s2:0.0.0.0:44382], old=null RUNNING
  s2:  RUNNING CANDIDATE s2@group-5BD3E7F27A57:t265, leader=null, voted=s2, raftlog=s2@group-5BD3E7F27A57-SegmentedRaftLog:OPENED:c1,f3,i3, conf=3: [s0:0.0.0.0:41468, s1:0.0.0.0:41619, s2:0.0.0.0:44382], old=null RUNNING, sleep 450ms and then retry.
java.lang.IllegalStateException: No leader yet : printing ALL groups
  s0:  RUNNING CANDIDATE s0@group-5BD3E7F27A57:t266, leader=null, voted=s0, raftlog=s0@group-5BD3E7F27A57-SegmentedRaftLog:OPENED:c3,f4,i4, conf=3: [s0:0.0.0.0:41468, s1:0.0.0.0:41619, s2:0.0.0.0:44382], old=null RUNNING
  s1:  RUNNING CANDIDATE s1@group-5BD3E7F27A57:t266, leader=null, voted=s1, raftlog=s1@group-5BD3E7F27A57-SegmentedRaftLog:OPENED:c2,f3,i3, conf=2: [s0:0.0.0.0:41468, s1:0.0.0.0:41619, s2:0.0.0.0:44382], old=null RUNNING
  s2:  RUNNING CANDIDATE s2@group-5BD3E7F27A57:t265, leader=null, voted=s2, raftlog=s2@group-5BD3E7F27A57-SegmentedRaftLog:OPENED:c1,f3,i3, conf=3: [s0:0.0.0.0:41468, s1:0.0.0.0:41619, s2:0.0.0.0:44382], old=null RUNNING
	at org.apache.ratis.MiniRaftCluster.newIllegalStateExceptionForNoLeaders(MiniRaftCluster.java:506)
	at org.apache.ratis.RaftTestUtil.lambda$waitForLeader$1(RaftTestUtil.java:90)
	at org.apache.ratis.MiniRaftCluster.getLeader(MiniRaftCluster.java:539)
	at org.apache.ratis.MiniRaftCluster.getLeader(MiniRaftCluster.java:532)
	at org.apache.ratis.RaftTestUtil.lambda$waitForLeader$3(RaftTestUtil.java:98)
	at org.apache.ratis.util.JavaUtils.attempt(JavaUtils.java:152)
	at org.apache.ratis.RaftTestUtil.waitForLeader(RaftTestUtil.java:97)
	at org.apache.ratis.RaftTestUtil.waitForLeader(RaftTestUtil.java:77)
	at org.apache.ratis.RaftTestUtil.waitForLeader(RaftTestUtil.java:72)
	at org.apache.ratis.RaftTestUtil.lambda$changeLeader$7(RaftTestUtil.java:363)
	at org.apache.ratis.util.JavaUtils.attempt(JavaUtils.java:152)
	at org.apache.ratis.RaftTestUtil.changeLeader(RaftTestUtil.java:362)
	at org.apache.ratis.server.impl.LeaderElectionTests.testChangeLeader(LeaderElectionTests.java:81)
	at sun.reflect.NativeMethodAccessorImpl.invoke0(Native Method)
	at sun.reflect.NativeMethodAccessorImpl.invoke(NativeMethodAccessorImpl.java:62)
	at sun.reflect.DelegatingMethodAccessorImpl.invoke(DelegatingMethodAccessorImpl.java:43)
	at java.lang.reflect.Method.invoke(Method.java:498)
	at org.junit.runners.model.FrameworkMethod$1.runReflectiveCall(FrameworkMethod.java:50)
	at org.junit.internal.runners.model.ReflectiveCallable.run(ReflectiveCallable.java:12)
	at org.junit.runners.model.FrameworkMethod.invokeExplosively(FrameworkMethod.java:47)
	at org.junit.internal.runners.statements.InvokeMethod.evaluate(InvokeMethod.java:17)
	at org.junit.internal.runners.statements.RunAfters.evaluate(RunAfters.java:27)
	at org.junit.internal.runners.statements.FailOnTimeout$CallableStatement.call(FailOnTimeout.java:298)
	at org.junit.internal.runners.statements.FailOnTimeout$CallableStatement.call(FailOnTimeout.java:292)
	at java.util.concurrent.FutureTask.run(FutureTask.java:266)
	at java.lang.Thread.run(Thread.java:748)
2019-09-26 09:49:56,797 WARN  ratis.RaftTestUtil (JavaUtils.java:attempt(158)) - FAILED "waitForLeader-null-(expectLeader? true)", attempt #42/100: java.lang.IllegalStateException: No leader yet : printing ALL groups
  s0:  RUNNING CANDIDATE s0@group-5BD3E7F27A57:t266, leader=null, voted=s0, raftlog=s0@group-5BD3E7F27A57-SegmentedRaftLog:OPENED:c3,f4,i4, conf=3: [s0:0.0.0.0:41468, s1:0.0.0.0:41619, s2:0.0.0.0:44382], old=null RUNNING
  s1:  RUNNING CANDIDATE s1@group-5BD3E7F27A57:t266, leader=null, voted=s1, raftlog=s1@group-5BD3E7F27A57-SegmentedRaftLog:OPENED:c2,f3,i3, conf=2: [s0:0.0.0.0:41468, s1:0.0.0.0:41619, s2:0.0.0.0:44382], old=null RUNNING
  s2:  RUNNING CANDIDATE s2@group-5BD3E7F27A57:t265, leader=null, voted=s2, raftlog=s2@group-5BD3E7F27A57-SegmentedRaftLog:OPENED:c1,f3,i3, conf=3: [s0:0.0.0.0:41468, s1:0.0.0.0:41619, s2:0.0.0.0:44382], old=null RUNNING, sleep 450ms and then retry.
java.lang.IllegalStateException: No leader yet : printing ALL groups
  s0:  RUNNING CANDIDATE s0@group-5BD3E7F27A57:t266, leader=null, voted=s0, raftlog=s0@group-5BD3E7F27A57-SegmentedRaftLog:OPENED:c3,f4,i4, conf=3: [s0:0.0.0.0:41468, s1:0.0.0.0:41619, s2:0.0.0.0:44382], old=null RUNNING
  s1:  RUNNING CANDIDATE s1@group-5BD3E7F27A57:t266, leader=null, voted=s1, raftlog=s1@group-5BD3E7F27A57-SegmentedRaftLog:OPENED:c2,f3,i3, conf=2: [s0:0.0.0.0:41468, s1:0.0.0.0:41619, s2:0.0.0.0:44382], old=null RUNNING
  s2:  RUNNING CANDIDATE s2@group-5BD3E7F27A57:t265, leader=null, voted=s2, raftlog=s2@group-5BD3E7F27A57-SegmentedRaftLog:OPENED:c1,f3,i3, conf=3: [s0:0.0.0.0:41468, s1:0.0.0.0:41619, s2:0.0.0.0:44382], old=null RUNNING
	at org.apache.ratis.MiniRaftCluster.newIllegalStateExceptionForNoLeaders(MiniRaftCluster.java:506)
	at org.apache.ratis.RaftTestUtil.lambda$waitForLeader$1(RaftTestUtil.java:90)
	at org.apache.ratis.MiniRaftCluster.getLeader(MiniRaftCluster.java:539)
	at org.apache.ratis.MiniRaftCluster.getLeader(MiniRaftCluster.java:532)
	at org.apache.ratis.RaftTestUtil.lambda$waitForLeader$3(RaftTestUtil.java:98)
	at org.apache.ratis.util.JavaUtils.attempt(JavaUtils.java:152)
	at org.apache.ratis.RaftTestUtil.waitForLeader(RaftTestUtil.java:97)
	at org.apache.ratis.RaftTestUtil.waitForLeader(RaftTestUtil.java:77)
	at org.apache.ratis.RaftTestUtil.waitForLeader(RaftTestUtil.java:72)
	at org.apache.ratis.RaftTestUtil.lambda$changeLeader$7(RaftTestUtil.java:363)
	at org.apache.ratis.util.JavaUtils.attempt(JavaUtils.java:152)
	at org.apache.ratis.RaftTestUtil.changeLeader(RaftTestUtil.java:362)
	at org.apache.ratis.server.impl.LeaderElectionTests.testChangeLeader(LeaderElectionTests.java:81)
	at sun.reflect.NativeMethodAccessorImpl.invoke0(Native Method)
	at sun.reflect.NativeMethodAccessorImpl.invoke(NativeMethodAccessorImpl.java:62)
	at sun.reflect.DelegatingMethodAccessorImpl.invoke(DelegatingMethodAccessorImpl.java:43)
	at java.lang.reflect.Method.invoke(Method.java:498)
	at org.junit.runners.model.FrameworkMethod$1.runReflectiveCall(FrameworkMethod.java:50)
	at org.junit.internal.runners.model.ReflectiveCallable.run(ReflectiveCallable.java:12)
	at org.junit.runners.model.FrameworkMethod.invokeExplosively(FrameworkMethod.java:47)
	at org.junit.internal.runners.statements.InvokeMethod.evaluate(InvokeMethod.java:17)
	at org.junit.internal.runners.statements.RunAfters.evaluate(RunAfters.java:27)
	at org.junit.internal.runners.statements.FailOnTimeout$CallableStatement.call(FailOnTimeout.java:298)
	at org.junit.internal.runners.statements.FailOnTimeout$CallableStatement.call(FailOnTimeout.java:292)
	at java.util.concurrent.FutureTask.run(FutureTask.java:266)
	at java.lang.Thread.run(Thread.java:748)
2019-09-26 09:49:57,248 WARN  ratis.RaftTestUtil (JavaUtils.java:attempt(158)) - FAILED "waitForLeader-null-(expectLeader? true)", attempt #43/100: java.lang.IllegalStateException: No leader yet : printing ALL groups
  s0:  RUNNING CANDIDATE s0@group-5BD3E7F27A57:t266, leader=null, voted=s0, raftlog=s0@group-5BD3E7F27A57-SegmentedRaftLog:OPENED:c3,f4,i4, conf=3: [s0:0.0.0.0:41468, s1:0.0.0.0:41619, s2:0.0.0.0:44382], old=null RUNNING
  s1:  RUNNING CANDIDATE s1@group-5BD3E7F27A57:t266, leader=null, voted=s1, raftlog=s1@group-5BD3E7F27A57-SegmentedRaftLog:OPENED:c2,f3,i3, conf=2: [s0:0.0.0.0:41468, s1:0.0.0.0:41619, s2:0.0.0.0:44382], old=null RUNNING
  s2:  RUNNING CANDIDATE s2@group-5BD3E7F27A57:t265, leader=null, voted=s2, raftlog=s2@group-5BD3E7F27A57-SegmentedRaftLog:OPENED:c1,f3,i3, conf=3: [s0:0.0.0.0:41468, s1:0.0.0.0:41619, s2:0.0.0.0:44382], old=null RUNNING, sleep 450ms and then retry.
java.lang.IllegalStateException: No leader yet : printing ALL groups
  s0:  RUNNING CANDIDATE s0@group-5BD3E7F27A57:t266, leader=null, voted=s0, raftlog=s0@group-5BD3E7F27A57-SegmentedRaftLog:OPENED:c3,f4,i4, conf=3: [s0:0.0.0.0:41468, s1:0.0.0.0:41619, s2:0.0.0.0:44382], old=null RUNNING
  s1:  RUNNING CANDIDATE s1@group-5BD3E7F27A57:t266, leader=null, voted=s1, raftlog=s1@group-5BD3E7F27A57-SegmentedRaftLog:OPENED:c2,f3,i3, conf=2: [s0:0.0.0.0:41468, s1:0.0.0.0:41619, s2:0.0.0.0:44382], old=null RUNNING
  s2:  RUNNING CANDIDATE s2@group-5BD3E7F27A57:t265, leader=null, voted=s2, raftlog=s2@group-5BD3E7F27A57-SegmentedRaftLog:OPENED:c1,f3,i3, conf=3: [s0:0.0.0.0:41468, s1:0.0.0.0:41619, s2:0.0.0.0:44382], old=null RUNNING
	at org.apache.ratis.MiniRaftCluster.newIllegalStateExceptionForNoLeaders(MiniRaftCluster.java:506)
	at org.apache.ratis.RaftTestUtil.lambda$waitForLeader$1(RaftTestUtil.java:90)
	at org.apache.ratis.MiniRaftCluster.getLeader(MiniRaftCluster.java:539)
	at org.apache.ratis.MiniRaftCluster.getLeader(MiniRaftCluster.java:532)
	at org.apache.ratis.RaftTestUtil.lambda$waitForLeader$3(RaftTestUtil.java:98)
	at org.apache.ratis.util.JavaUtils.attempt(JavaUtils.java:152)
	at org.apache.ratis.RaftTestUtil.waitForLeader(RaftTestUtil.java:97)
	at org.apache.ratis.RaftTestUtil.waitForLeader(RaftTestUtil.java:77)
	at org.apache.ratis.RaftTestUtil.waitForLeader(RaftTestUtil.java:72)
	at org.apache.ratis.RaftTestUtil.lambda$changeLeader$7(RaftTestUtil.java:363)
	at org.apache.ratis.util.JavaUtils.attempt(JavaUtils.java:152)
	at org.apache.ratis.RaftTestUtil.changeLeader(RaftTestUtil.java:362)
	at org.apache.ratis.server.impl.LeaderElectionTests.testChangeLeader(LeaderElectionTests.java:81)
	at sun.reflect.NativeMethodAccessorImpl.invoke0(Native Method)
	at sun.reflect.NativeMethodAccessorImpl.invoke(NativeMethodAccessorImpl.java:62)
	at sun.reflect.DelegatingMethodAccessorImpl.invoke(DelegatingMethodAccessorImpl.java:43)
	at java.lang.reflect.Method.invoke(Method.java:498)
	at org.junit.runners.model.FrameworkMethod$1.runReflectiveCall(FrameworkMethod.java:50)
	at org.junit.internal.runners.model.ReflectiveCallable.run(ReflectiveCallable.java:12)
	at org.junit.runners.model.FrameworkMethod.invokeExplosively(FrameworkMethod.java:47)
	at org.junit.internal.runners.statements.InvokeMethod.evaluate(InvokeMethod.java:17)
	at org.junit.internal.runners.statements.RunAfters.evaluate(RunAfters.java:27)
	at org.junit.internal.runners.statements.FailOnTimeout$CallableStatement.call(FailOnTimeout.java:298)
	at org.junit.internal.runners.statements.FailOnTimeout$CallableStatement.call(FailOnTimeout.java:292)
	at java.util.concurrent.FutureTask.run(FutureTask.java:266)
	at java.lang.Thread.run(Thread.java:748)
2019-09-26 09:49:57,699 WARN  ratis.RaftTestUtil (JavaUtils.java:attempt(158)) - FAILED "waitForLeader-null-(expectLeader? true)", attempt #44/100: java.lang.IllegalStateException: No leader yet : printing ALL groups
  s0:  RUNNING CANDIDATE s0@group-5BD3E7F27A57:t266, leader=null, voted=s0, raftlog=s0@group-5BD3E7F27A57-SegmentedRaftLog:OPENED:c3,f4,i4, conf=3: [s0:0.0.0.0:41468, s1:0.0.0.0:41619, s2:0.0.0.0:44382], old=null RUNNING
  s1:  RUNNING CANDIDATE s1@group-5BD3E7F27A57:t266, leader=null, voted=s1, raftlog=s1@group-5BD3E7F27A57-SegmentedRaftLog:OPENED:c2,f3,i3, conf=2: [s0:0.0.0.0:41468, s1:0.0.0.0:41619, s2:0.0.0.0:44382], old=null RUNNING
  s2:  RUNNING CANDIDATE s2@group-5BD3E7F27A57:t265, leader=null, voted=s2, raftlog=s2@group-5BD3E7F27A57-SegmentedRaftLog:OPENED:c1,f3,i3, conf=3: [s0:0.0.0.0:41468, s1:0.0.0.0:41619, s2:0.0.0.0:44382], old=null RUNNING, sleep 450ms and then retry.
java.lang.IllegalStateException: No leader yet : printing ALL groups
  s0:  RUNNING CANDIDATE s0@group-5BD3E7F27A57:t266, leader=null, voted=s0, raftlog=s0@group-5BD3E7F27A57-SegmentedRaftLog:OPENED:c3,f4,i4, conf=3: [s0:0.0.0.0:41468, s1:0.0.0.0:41619, s2:0.0.0.0:44382], old=null RUNNING
  s1:  RUNNING CANDIDATE s1@group-5BD3E7F27A57:t266, leader=null, voted=s1, raftlog=s1@group-5BD3E7F27A57-SegmentedRaftLog:OPENED:c2,f3,i3, conf=2: [s0:0.0.0.0:41468, s1:0.0.0.0:41619, s2:0.0.0.0:44382], old=null RUNNING
  s2:  RUNNING CANDIDATE s2@group-5BD3E7F27A57:t265, leader=null, voted=s2, raftlog=s2@group-5BD3E7F27A57-SegmentedRaftLog:OPENED:c1,f3,i3, conf=3: [s0:0.0.0.0:41468, s1:0.0.0.0:41619, s2:0.0.0.0:44382], old=null RUNNING
	at org.apache.ratis.MiniRaftCluster.newIllegalStateExceptionForNoLeaders(MiniRaftCluster.java:506)
	at org.apache.ratis.RaftTestUtil.lambda$waitForLeader$1(RaftTestUtil.java:90)
	at org.apache.ratis.MiniRaftCluster.getLeader(MiniRaftCluster.java:539)
	at org.apache.ratis.MiniRaftCluster.getLeader(MiniRaftCluster.java:532)
	at org.apache.ratis.RaftTestUtil.lambda$waitForLeader$3(RaftTestUtil.java:98)
	at org.apache.ratis.util.JavaUtils.attempt(JavaUtils.java:152)
	at org.apache.ratis.RaftTestUtil.waitForLeader(RaftTestUtil.java:97)
	at org.apache.ratis.RaftTestUtil.waitForLeader(RaftTestUtil.java:77)
	at org.apache.ratis.RaftTestUtil.waitForLeader(RaftTestUtil.java:72)
	at org.apache.ratis.RaftTestUtil.lambda$changeLeader$7(RaftTestUtil.java:363)
	at org.apache.ratis.util.JavaUtils.attempt(JavaUtils.java:152)
	at org.apache.ratis.RaftTestUtil.changeLeader(RaftTestUtil.java:362)
	at org.apache.ratis.server.impl.LeaderElectionTests.testChangeLeader(LeaderElectionTests.java:81)
	at sun.reflect.NativeMethodAccessorImpl.invoke0(Native Method)
	at sun.reflect.NativeMethodAccessorImpl.invoke(NativeMethodAccessorImpl.java:62)
	at sun.reflect.DelegatingMethodAccessorImpl.invoke(DelegatingMethodAccessorImpl.java:43)
	at java.lang.reflect.Method.invoke(Method.java:498)
	at org.junit.runners.model.FrameworkMethod$1.runReflectiveCall(FrameworkMethod.java:50)
	at org.junit.internal.runners.model.ReflectiveCallable.run(ReflectiveCallable.java:12)
	at org.junit.runners.model.FrameworkMethod.invokeExplosively(FrameworkMethod.java:47)
	at org.junit.internal.runners.statements.InvokeMethod.evaluate(InvokeMethod.java:17)
	at org.junit.internal.runners.statements.RunAfters.evaluate(RunAfters.java:27)
	at org.junit.internal.runners.statements.FailOnTimeout$CallableStatement.call(FailOnTimeout.java:298)
	at org.junit.internal.runners.statements.FailOnTimeout$CallableStatement.call(FailOnTimeout.java:292)
	at java.util.concurrent.FutureTask.run(FutureTask.java:266)
	at java.lang.Thread.run(Thread.java:748)
2019-09-26 09:49:58,151 WARN  ratis.RaftTestUtil (JavaUtils.java:attempt(158)) - FAILED "waitForLeader-null-(expectLeader? true)", attempt #45/100: java.lang.IllegalStateException: No leader yet : printing ALL groups
  s0:  RUNNING CANDIDATE s0@group-5BD3E7F27A57:t266, leader=null, voted=s0, raftlog=s0@group-5BD3E7F27A57-SegmentedRaftLog:OPENED:c3,f4,i4, conf=3: [s0:0.0.0.0:41468, s1:0.0.0.0:41619, s2:0.0.0.0:44382], old=null RUNNING
  s1:  RUNNING CANDIDATE s1@group-5BD3E7F27A57:t266, leader=null, voted=s1, raftlog=s1@group-5BD3E7F27A57-SegmentedRaftLog:OPENED:c2,f3,i3, conf=2: [s0:0.0.0.0:41468, s1:0.0.0.0:41619, s2:0.0.0.0:44382], old=null RUNNING
  s2:  RUNNING CANDIDATE s2@group-5BD3E7F27A57:t265, leader=null, voted=s2, raftlog=s2@group-5BD3E7F27A57-SegmentedRaftLog:OPENED:c1,f3,i3, conf=3: [s0:0.0.0.0:41468, s1:0.0.0.0:41619, s2:0.0.0.0:44382], old=null RUNNING, sleep 450ms and then retry.
java.lang.IllegalStateException: No leader yet : printing ALL groups
  s0:  RUNNING CANDIDATE s0@group-5BD3E7F27A57:t266, leader=null, voted=s0, raftlog=s0@group-5BD3E7F27A57-SegmentedRaftLog:OPENED:c3,f4,i4, conf=3: [s0:0.0.0.0:41468, s1:0.0.0.0:41619, s2:0.0.0.0:44382], old=null RUNNING
  s1:  RUNNING CANDIDATE s1@group-5BD3E7F27A57:t266, leader=null, voted=s1, raftlog=s1@group-5BD3E7F27A57-SegmentedRaftLog:OPENED:c2,f3,i3, conf=2: [s0:0.0.0.0:41468, s1:0.0.0.0:41619, s2:0.0.0.0:44382], old=null RUNNING
  s2:  RUNNING CANDIDATE s2@group-5BD3E7F27A57:t265, leader=null, voted=s2, raftlog=s2@group-5BD3E7F27A57-SegmentedRaftLog:OPENED:c1,f3,i3, conf=3: [s0:0.0.0.0:41468, s1:0.0.0.0:41619, s2:0.0.0.0:44382], old=null RUNNING
	at org.apache.ratis.MiniRaftCluster.newIllegalStateExceptionForNoLeaders(MiniRaftCluster.java:506)
	at org.apache.ratis.RaftTestUtil.lambda$waitForLeader$1(RaftTestUtil.java:90)
	at org.apache.ratis.MiniRaftCluster.getLeader(MiniRaftCluster.java:539)
	at org.apache.ratis.MiniRaftCluster.getLeader(MiniRaftCluster.java:532)
	at org.apache.ratis.RaftTestUtil.lambda$waitForLeader$3(RaftTestUtil.java:98)
	at org.apache.ratis.util.JavaUtils.attempt(JavaUtils.java:152)
	at org.apache.ratis.RaftTestUtil.waitForLeader(RaftTestUtil.java:97)
	at org.apache.ratis.RaftTestUtil.waitForLeader(RaftTestUtil.java:77)
	at org.apache.ratis.RaftTestUtil.waitForLeader(RaftTestUtil.java:72)
	at org.apache.ratis.RaftTestUtil.lambda$changeLeader$7(RaftTestUtil.java:363)
	at org.apache.ratis.util.JavaUtils.attempt(JavaUtils.java:152)
	at org.apache.ratis.RaftTestUtil.changeLeader(RaftTestUtil.java:362)
	at org.apache.ratis.server.impl.LeaderElectionTests.testChangeLeader(LeaderElectionTests.java:81)
	at sun.reflect.NativeMethodAccessorImpl.invoke0(Native Method)
	at sun.reflect.NativeMethodAccessorImpl.invoke(NativeMethodAccessorImpl.java:62)
	at sun.reflect.DelegatingMethodAccessorImpl.invoke(DelegatingMethodAccessorImpl.java:43)
	at java.lang.reflect.Method.invoke(Method.java:498)
	at org.junit.runners.model.FrameworkMethod$1.runReflectiveCall(FrameworkMethod.java:50)
	at org.junit.internal.runners.model.ReflectiveCallable.run(ReflectiveCallable.java:12)
	at org.junit.runners.model.FrameworkMethod.invokeExplosively(FrameworkMethod.java:47)
	at org.junit.internal.runners.statements.InvokeMethod.evaluate(InvokeMethod.java:17)
	at org.junit.internal.runners.statements.RunAfters.evaluate(RunAfters.java:27)
	at org.junit.internal.runners.statements.FailOnTimeout$CallableStatement.call(FailOnTimeout.java:298)
	at org.junit.internal.runners.statements.FailOnTimeout$CallableStatement.call(FailOnTimeout.java:292)
	at java.util.concurrent.FutureTask.run(FutureTask.java:266)
	at java.lang.Thread.run(Thread.java:748)
2019-09-26 09:49:58,603 WARN  ratis.RaftTestUtil (JavaUtils.java:attempt(158)) - FAILED "waitForLeader-null-(expectLeader? true)", attempt #46/100: java.lang.IllegalStateException: No leader yet : printing ALL groups
  s0:  RUNNING CANDIDATE s0@group-5BD3E7F27A57:t266, leader=null, voted=s0, raftlog=s0@group-5BD3E7F27A57-SegmentedRaftLog:OPENED:c3,f4,i4, conf=3: [s0:0.0.0.0:41468, s1:0.0.0.0:41619, s2:0.0.0.0:44382], old=null RUNNING
  s1:  RUNNING CANDIDATE s1@group-5BD3E7F27A57:t266, leader=null, voted=s1, raftlog=s1@group-5BD3E7F27A57-SegmentedRaftLog:OPENED:c2,f3,i3, conf=2: [s0:0.0.0.0:41468, s1:0.0.0.0:41619, s2:0.0.0.0:44382], old=null RUNNING
  s2:  RUNNING CANDIDATE s2@group-5BD3E7F27A57:t265, leader=null, voted=s2, raftlog=s2@group-5BD3E7F27A57-SegmentedRaftLog:OPENED:c1,f3,i3, conf=3: [s0:0.0.0.0:41468, s1:0.0.0.0:41619, s2:0.0.0.0:44382], old=null RUNNING, sleep 450ms and then retry.
java.lang.IllegalStateException: No leader yet : printing ALL groups
  s0:  RUNNING CANDIDATE s0@group-5BD3E7F27A57:t266, leader=null, voted=s0, raftlog=s0@group-5BD3E7F27A57-SegmentedRaftLog:OPENED:c3,f4,i4, conf=3: [s0:0.0.0.0:41468, s1:0.0.0.0:41619, s2:0.0.0.0:44382], old=null RUNNING
  s1:  RUNNING CANDIDATE s1@group-5BD3E7F27A57:t266, leader=null, voted=s1, raftlog=s1@group-5BD3E7F27A57-SegmentedRaftLog:OPENED:c2,f3,i3, conf=2: [s0:0.0.0.0:41468, s1:0.0.0.0:41619, s2:0.0.0.0:44382], old=null RUNNING
  s2:  RUNNING CANDIDATE s2@group-5BD3E7F27A57:t265, leader=null, voted=s2, raftlog=s2@group-5BD3E7F27A57-SegmentedRaftLog:OPENED:c1,f3,i3, conf=3: [s0:0.0.0.0:41468, s1:0.0.0.0:41619, s2:0.0.0.0:44382], old=null RUNNING
	at org.apache.ratis.MiniRaftCluster.newIllegalStateExceptionForNoLeaders(MiniRaftCluster.java:506)
	at org.apache.ratis.RaftTestUtil.lambda$waitForLeader$1(RaftTestUtil.java:90)
	at org.apache.ratis.MiniRaftCluster.getLeader(MiniRaftCluster.java:539)
	at org.apache.ratis.MiniRaftCluster.getLeader(MiniRaftCluster.java:532)
	at org.apache.ratis.RaftTestUtil.lambda$waitForLeader$3(RaftTestUtil.java:98)
	at org.apache.ratis.util.JavaUtils.attempt(JavaUtils.java:152)
	at org.apache.ratis.RaftTestUtil.waitForLeader(RaftTestUtil.java:97)
	at org.apache.ratis.RaftTestUtil.waitForLeader(RaftTestUtil.java:77)
	at org.apache.ratis.RaftTestUtil.waitForLeader(RaftTestUtil.java:72)
	at org.apache.ratis.RaftTestUtil.lambda$changeLeader$7(RaftTestUtil.java:363)
	at org.apache.ratis.util.JavaUtils.attempt(JavaUtils.java:152)
	at org.apache.ratis.RaftTestUtil.changeLeader(RaftTestUtil.java:362)
	at org.apache.ratis.server.impl.LeaderElectionTests.testChangeLeader(LeaderElectionTests.java:81)
	at sun.reflect.NativeMethodAccessorImpl.invoke0(Native Method)
	at sun.reflect.NativeMethodAccessorImpl.invoke(NativeMethodAccessorImpl.java:62)
	at sun.reflect.DelegatingMethodAccessorImpl.invoke(DelegatingMethodAccessorImpl.java:43)
	at java.lang.reflect.Method.invoke(Method.java:498)
	at org.junit.runners.model.FrameworkMethod$1.runReflectiveCall(FrameworkMethod.java:50)
	at org.junit.internal.runners.model.ReflectiveCallable.run(ReflectiveCallable.java:12)
	at org.junit.runners.model.FrameworkMethod.invokeExplosively(FrameworkMethod.java:47)
	at org.junit.internal.runners.statements.InvokeMethod.evaluate(InvokeMethod.java:17)
	at org.junit.internal.runners.statements.RunAfters.evaluate(RunAfters.java:27)
	at org.junit.internal.runners.statements.FailOnTimeout$CallableStatement.call(FailOnTimeout.java:298)
	at org.junit.internal.runners.statements.FailOnTimeout$CallableStatement.call(FailOnTimeout.java:292)
	at java.util.concurrent.FutureTask.run(FutureTask.java:266)
	at java.lang.Thread.run(Thread.java:748)
2019-09-26 09:49:59,054 WARN  ratis.RaftTestUtil (JavaUtils.java:attempt(158)) - FAILED "waitForLeader-null-(expectLeader? true)", attempt #47/100: java.lang.IllegalStateException: No leader yet : printing ALL groups
  s0:  RUNNING CANDIDATE s0@group-5BD3E7F27A57:t266, leader=null, voted=s0, raftlog=s0@group-5BD3E7F27A57-SegmentedRaftLog:OPENED:c3,f4,i4, conf=3: [s0:0.0.0.0:41468, s1:0.0.0.0:41619, s2:0.0.0.0:44382], old=null RUNNING
  s1:  RUNNING CANDIDATE s1@group-5BD3E7F27A57:t266, leader=null, voted=s1, raftlog=s1@group-5BD3E7F27A57-SegmentedRaftLog:OPENED:c2,f3,i3, conf=2: [s0:0.0.0.0:41468, s1:0.0.0.0:41619, s2:0.0.0.0:44382], old=null RUNNING
  s2:  RUNNING CANDIDATE s2@group-5BD3E7F27A57:t265, leader=null, voted=s2, raftlog=s2@group-5BD3E7F27A57-SegmentedRaftLog:OPENED:c1,f3,i3, conf=3: [s0:0.0.0.0:41468, s1:0.0.0.0:41619, s2:0.0.0.0:44382], old=null RUNNING, sleep 450ms and then retry.
java.lang.IllegalStateException: No leader yet : printing ALL groups
  s0:  RUNNING CANDIDATE s0@group-5BD3E7F27A57:t266, leader=null, voted=s0, raftlog=s0@group-5BD3E7F27A57-SegmentedRaftLog:OPENED:c3,f4,i4, conf=3: [s0:0.0.0.0:41468, s1:0.0.0.0:41619, s2:0.0.0.0:44382], old=null RUNNING
  s1:  RUNNING CANDIDATE s1@group-5BD3E7F27A57:t266, leader=null, voted=s1, raftlog=s1@group-5BD3E7F27A57-SegmentedRaftLog:OPENED:c2,f3,i3, conf=2: [s0:0.0.0.0:41468, s1:0.0.0.0:41619, s2:0.0.0.0:44382], old=null RUNNING
  s2:  RUNNING CANDIDATE s2@group-5BD3E7F27A57:t265, leader=null, voted=s2, raftlog=s2@group-5BD3E7F27A57-SegmentedRaftLog:OPENED:c1,f3,i3, conf=3: [s0:0.0.0.0:41468, s1:0.0.0.0:41619, s2:0.0.0.0:44382], old=null RUNNING
	at org.apache.ratis.MiniRaftCluster.newIllegalStateExceptionForNoLeaders(MiniRaftCluster.java:506)
	at org.apache.ratis.RaftTestUtil.lambda$waitForLeader$1(RaftTestUtil.java:90)
	at org.apache.ratis.MiniRaftCluster.getLeader(MiniRaftCluster.java:539)
	at org.apache.ratis.MiniRaftCluster.getLeader(MiniRaftCluster.java:532)
	at org.apache.ratis.RaftTestUtil.lambda$waitForLeader$3(RaftTestUtil.java:98)
	at org.apache.ratis.util.JavaUtils.attempt(JavaUtils.java:152)
	at org.apache.ratis.RaftTestUtil.waitForLeader(RaftTestUtil.java:97)
	at org.apache.ratis.RaftTestUtil.waitForLeader(RaftTestUtil.java:77)
	at org.apache.ratis.RaftTestUtil.waitForLeader(RaftTestUtil.java:72)
	at org.apache.ratis.RaftTestUtil.lambda$changeLeader$7(RaftTestUtil.java:363)
	at org.apache.ratis.util.JavaUtils.attempt(JavaUtils.java:152)
	at org.apache.ratis.RaftTestUtil.changeLeader(RaftTestUtil.java:362)
	at org.apache.ratis.server.impl.LeaderElectionTests.testChangeLeader(LeaderElectionTests.java:81)
	at sun.reflect.NativeMethodAccessorImpl.invoke0(Native Method)
	at sun.reflect.NativeMethodAccessorImpl.invoke(NativeMethodAccessorImpl.java:62)
	at sun.reflect.DelegatingMethodAccessorImpl.invoke(DelegatingMethodAccessorImpl.java:43)
	at java.lang.reflect.Method.invoke(Method.java:498)
	at org.junit.runners.model.FrameworkMethod$1.runReflectiveCall(FrameworkMethod.java:50)
	at org.junit.internal.runners.model.ReflectiveCallable.run(ReflectiveCallable.java:12)
	at org.junit.runners.model.FrameworkMethod.invokeExplosively(FrameworkMethod.java:47)
	at org.junit.internal.runners.statements.InvokeMethod.evaluate(InvokeMethod.java:17)
	at org.junit.internal.runners.statements.RunAfters.evaluate(RunAfters.java:27)
	at org.junit.internal.runners.statements.FailOnTimeout$CallableStatement.call(FailOnTimeout.java:298)
	at org.junit.internal.runners.statements.FailOnTimeout$CallableStatement.call(FailOnTimeout.java:292)
	at java.util.concurrent.FutureTask.run(FutureTask.java:266)
	at java.lang.Thread.run(Thread.java:748)
2019-09-26 09:49:59,505 WARN  ratis.RaftTestUtil (JavaUtils.java:attempt(158)) - FAILED "waitForLeader-null-(expectLeader? true)", attempt #48/100: java.lang.IllegalStateException: No leader yet : printing ALL groups
  s0:  RUNNING CANDIDATE s0@group-5BD3E7F27A57:t266, leader=null, voted=s0, raftlog=s0@group-5BD3E7F27A57-SegmentedRaftLog:OPENED:c3,f4,i4, conf=3: [s0:0.0.0.0:41468, s1:0.0.0.0:41619, s2:0.0.0.0:44382], old=null RUNNING
  s1:  RUNNING CANDIDATE s1@group-5BD3E7F27A57:t266, leader=null, voted=s1, raftlog=s1@group-5BD3E7F27A57-SegmentedRaftLog:OPENED:c2,f3,i3, conf=2: [s0:0.0.0.0:41468, s1:0.0.0.0:41619, s2:0.0.0.0:44382], old=null RUNNING
  s2:  RUNNING CANDIDATE s2@group-5BD3E7F27A57:t265, leader=null, voted=s2, raftlog=s2@group-5BD3E7F27A57-SegmentedRaftLog:OPENED:c1,f3,i3, conf=3: [s0:0.0.0.0:41468, s1:0.0.0.0:41619, s2:0.0.0.0:44382], old=null RUNNING, sleep 450ms and then retry.
java.lang.IllegalStateException: No leader yet : printing ALL groups
  s0:  RUNNING CANDIDATE s0@group-5BD3E7F27A57:t266, leader=null, voted=s0, raftlog=s0@group-5BD3E7F27A57-SegmentedRaftLog:OPENED:c3,f4,i4, conf=3: [s0:0.0.0.0:41468, s1:0.0.0.0:41619, s2:0.0.0.0:44382], old=null RUNNING
  s1:  RUNNING CANDIDATE s1@group-5BD3E7F27A57:t266, leader=null, voted=s1, raftlog=s1@group-5BD3E7F27A57-SegmentedRaftLog:OPENED:c2,f3,i3, conf=2: [s0:0.0.0.0:41468, s1:0.0.0.0:41619, s2:0.0.0.0:44382], old=null RUNNING
  s2:  RUNNING CANDIDATE s2@group-5BD3E7F27A57:t265, leader=null, voted=s2, raftlog=s2@group-5BD3E7F27A57-SegmentedRaftLog:OPENED:c1,f3,i3, conf=3: [s0:0.0.0.0:41468, s1:0.0.0.0:41619, s2:0.0.0.0:44382], old=null RUNNING
	at org.apache.ratis.MiniRaftCluster.newIllegalStateExceptionForNoLeaders(MiniRaftCluster.java:506)
	at org.apache.ratis.RaftTestUtil.lambda$waitForLeader$1(RaftTestUtil.java:90)
	at org.apache.ratis.MiniRaftCluster.getLeader(MiniRaftCluster.java:539)
	at org.apache.ratis.MiniRaftCluster.getLeader(MiniRaftCluster.java:532)
	at org.apache.ratis.RaftTestUtil.lambda$waitForLeader$3(RaftTestUtil.java:98)
	at org.apache.ratis.util.JavaUtils.attempt(JavaUtils.java:152)
	at org.apache.ratis.RaftTestUtil.waitForLeader(RaftTestUtil.java:97)
	at org.apache.ratis.RaftTestUtil.waitForLeader(RaftTestUtil.java:77)
	at org.apache.ratis.RaftTestUtil.waitForLeader(RaftTestUtil.java:72)
	at org.apache.ratis.RaftTestUtil.lambda$changeLeader$7(RaftTestUtil.java:363)
	at org.apache.ratis.util.JavaUtils.attempt(JavaUtils.java:152)
	at org.apache.ratis.RaftTestUtil.changeLeader(RaftTestUtil.java:362)
	at org.apache.ratis.server.impl.LeaderElectionTests.testChangeLeader(LeaderElectionTests.java:81)
	at sun.reflect.NativeMethodAccessorImpl.invoke0(Native Method)
	at sun.reflect.NativeMethodAccessorImpl.invoke(NativeMethodAccessorImpl.java:62)
	at sun.reflect.DelegatingMethodAccessorImpl.invoke(DelegatingMethodAccessorImpl.java:43)
	at java.lang.reflect.Method.invoke(Method.java:498)
	at org.junit.runners.model.FrameworkMethod$1.runReflectiveCall(FrameworkMethod.java:50)
	at org.junit.internal.runners.model.ReflectiveCallable.run(ReflectiveCallable.java:12)
	at org.junit.runners.model.FrameworkMethod.invokeExplosively(FrameworkMethod.java:47)
	at org.junit.internal.runners.statements.InvokeMethod.evaluate(InvokeMethod.java:17)
	at org.junit.internal.runners.statements.RunAfters.evaluate(RunAfters.java:27)
	at org.junit.internal.runners.statements.FailOnTimeout$CallableStatement.call(FailOnTimeout.java:298)
	at org.junit.internal.runners.statements.FailOnTimeout$CallableStatement.call(FailOnTimeout.java:292)
	at java.util.concurrent.FutureTask.run(FutureTask.java:266)
	at java.lang.Thread.run(Thread.java:748)
2019-09-26 09:49:59,957 WARN  ratis.RaftTestUtil (JavaUtils.java:attempt(158)) - FAILED "waitForLeader-null-(expectLeader? true)", attempt #49/100: java.lang.IllegalStateException: No leader yet : printing ALL groups
  s0:  RUNNING CANDIDATE s0@group-5BD3E7F27A57:t266, leader=null, voted=s0, raftlog=s0@group-5BD3E7F27A57-SegmentedRaftLog:OPENED:c3,f4,i4, conf=3: [s0:0.0.0.0:41468, s1:0.0.0.0:41619, s2:0.0.0.0:44382], old=null RUNNING
  s1:  RUNNING CANDIDATE s1@group-5BD3E7F27A57:t266, leader=null, voted=s1, raftlog=s1@group-5BD3E7F27A57-SegmentedRaftLog:OPENED:c2,f3,i3, conf=2: [s0:0.0.0.0:41468, s1:0.0.0.0:41619, s2:0.0.0.0:44382], old=null RUNNING
  s2:  RUNNING CANDIDATE s2@group-5BD3E7F27A57:t265, leader=null, voted=s2, raftlog=s2@group-5BD3E7F27A57-SegmentedRaftLog:OPENED:c1,f3,i3, conf=3: [s0:0.0.0.0:41468, s1:0.0.0.0:41619, s2:0.0.0.0:44382], old=null RUNNING, sleep 450ms and then retry.
java.lang.IllegalStateException: No leader yet : printing ALL groups
  s0:  RUNNING CANDIDATE s0@group-5BD3E7F27A57:t266, leader=null, voted=s0, raftlog=s0@group-5BD3E7F27A57-SegmentedRaftLog:OPENED:c3,f4,i4, conf=3: [s0:0.0.0.0:41468, s1:0.0.0.0:41619, s2:0.0.0.0:44382], old=null RUNNING
  s1:  RUNNING CANDIDATE s1@group-5BD3E7F27A57:t266, leader=null, voted=s1, raftlog=s1@group-5BD3E7F27A57-SegmentedRaftLog:OPENED:c2,f3,i3, conf=2: [s0:0.0.0.0:41468, s1:0.0.0.0:41619, s2:0.0.0.0:44382], old=null RUNNING
  s2:  RUNNING CANDIDATE s2@group-5BD3E7F27A57:t265, leader=null, voted=s2, raftlog=s2@group-5BD3E7F27A57-SegmentedRaftLog:OPENED:c1,f3,i3, conf=3: [s0:0.0.0.0:41468, s1:0.0.0.0:41619, s2:0.0.0.0:44382], old=null RUNNING
	at org.apache.ratis.MiniRaftCluster.newIllegalStateExceptionForNoLeaders(MiniRaftCluster.java:506)
	at org.apache.ratis.RaftTestUtil.lambda$waitForLeader$1(RaftTestUtil.java:90)
	at org.apache.ratis.MiniRaftCluster.getLeader(MiniRaftCluster.java:539)
	at org.apache.ratis.MiniRaftCluster.getLeader(MiniRaftCluster.java:532)
	at org.apache.ratis.RaftTestUtil.lambda$waitForLeader$3(RaftTestUtil.java:98)
	at org.apache.ratis.util.JavaUtils.attempt(JavaUtils.java:152)
	at org.apache.ratis.RaftTestUtil.waitForLeader(RaftTestUtil.java:97)
	at org.apache.ratis.RaftTestUtil.waitForLeader(RaftTestUtil.java:77)
	at org.apache.ratis.RaftTestUtil.waitForLeader(RaftTestUtil.java:72)
	at org.apache.ratis.RaftTestUtil.lambda$changeLeader$7(RaftTestUtil.java:363)
	at org.apache.ratis.util.JavaUtils.attempt(JavaUtils.java:152)
	at org.apache.ratis.RaftTestUtil.changeLeader(RaftTestUtil.java:362)
	at org.apache.ratis.server.impl.LeaderElectionTests.testChangeLeader(LeaderElectionTests.java:81)
	at sun.reflect.NativeMethodAccessorImpl.invoke0(Native Method)
	at sun.reflect.NativeMethodAccessorImpl.invoke(NativeMethodAccessorImpl.java:62)
	at sun.reflect.DelegatingMethodAccessorImpl.invoke(DelegatingMethodAccessorImpl.java:43)
	at java.lang.reflect.Method.invoke(Method.java:498)
	at org.junit.runners.model.FrameworkMethod$1.runReflectiveCall(FrameworkMethod.java:50)
	at org.junit.internal.runners.model.ReflectiveCallable.run(ReflectiveCallable.java:12)
	at org.junit.runners.model.FrameworkMethod.invokeExplosively(FrameworkMethod.java:47)
	at org.junit.internal.runners.statements.InvokeMethod.evaluate(InvokeMethod.java:17)
	at org.junit.internal.runners.statements.RunAfters.evaluate(RunAfters.java:27)
	at org.junit.internal.runners.statements.FailOnTimeout$CallableStatement.call(FailOnTimeout.java:298)
	at org.junit.internal.runners.statements.FailOnTimeout$CallableStatement.call(FailOnTimeout.java:292)
	at java.util.concurrent.FutureTask.run(FutureTask.java:266)
	at java.lang.Thread.run(Thread.java:748)
2019-09-26 09:50:00,408 WARN  ratis.RaftTestUtil (JavaUtils.java:attempt(158)) - FAILED "waitForLeader-null-(expectLeader? true)", attempt #50/100: java.lang.IllegalStateException: No leader yet : printing ALL groups
  s0:  RUNNING CANDIDATE s0@group-5BD3E7F27A57:t266, leader=null, voted=s0, raftlog=s0@group-5BD3E7F27A57-SegmentedRaftLog:OPENED:c3,f4,i4, conf=3: [s0:0.0.0.0:41468, s1:0.0.0.0:41619, s2:0.0.0.0:44382], old=null RUNNING
  s1:  RUNNING CANDIDATE s1@group-5BD3E7F27A57:t266, leader=null, voted=s1, raftlog=s1@group-5BD3E7F27A57-SegmentedRaftLog:OPENED:c2,f3,i3, conf=2: [s0:0.0.0.0:41468, s1:0.0.0.0:41619, s2:0.0.0.0:44382], old=null RUNNING
  s2:  RUNNING CANDIDATE s2@group-5BD3E7F27A57:t265, leader=null, voted=s2, raftlog=s2@group-5BD3E7F27A57-SegmentedRaftLog:OPENED:c1,f3,i3, conf=3: [s0:0.0.0.0:41468, s1:0.0.0.0:41619, s2:0.0.0.0:44382], old=null RUNNING, sleep 450ms and then retry.
java.lang.IllegalStateException: No leader yet : printing ALL groups
  s0:  RUNNING CANDIDATE s0@group-5BD3E7F27A57:t266, leader=null, voted=s0, raftlog=s0@group-5BD3E7F27A57-SegmentedRaftLog:OPENED:c3,f4,i4, conf=3: [s0:0.0.0.0:41468, s1:0.0.0.0:41619, s2:0.0.0.0:44382], old=null RUNNING
  s1:  RUNNING CANDIDATE s1@group-5BD3E7F27A57:t266, leader=null, voted=s1, raftlog=s1@group-5BD3E7F27A57-SegmentedRaftLog:OPENED:c2,f3,i3, conf=2: [s0:0.0.0.0:41468, s1:0.0.0.0:41619, s2:0.0.0.0:44382], old=null RUNNING
  s2:  RUNNING CANDIDATE s2@group-5BD3E7F27A57:t265, leader=null, voted=s2, raftlog=s2@group-5BD3E7F27A57-SegmentedRaftLog:OPENED:c1,f3,i3, conf=3: [s0:0.0.0.0:41468, s1:0.0.0.0:41619, s2:0.0.0.0:44382], old=null RUNNING
	at org.apache.ratis.MiniRaftCluster.newIllegalStateExceptionForNoLeaders(MiniRaftCluster.java:506)
	at org.apache.ratis.RaftTestUtil.lambda$waitForLeader$1(RaftTestUtil.java:90)
	at org.apache.ratis.MiniRaftCluster.getLeader(MiniRaftCluster.java:539)
	at org.apache.ratis.MiniRaftCluster.getLeader(MiniRaftCluster.java:532)
	at org.apache.ratis.RaftTestUtil.lambda$waitForLeader$3(RaftTestUtil.java:98)
	at org.apache.ratis.util.JavaUtils.attempt(JavaUtils.java:152)
	at org.apache.ratis.RaftTestUtil.waitForLeader(RaftTestUtil.java:97)
	at org.apache.ratis.RaftTestUtil.waitForLeader(RaftTestUtil.java:77)
	at org.apache.ratis.RaftTestUtil.waitForLeader(RaftTestUtil.java:72)
	at org.apache.ratis.RaftTestUtil.lambda$changeLeader$7(RaftTestUtil.java:363)
	at org.apache.ratis.util.JavaUtils.attempt(JavaUtils.java:152)
	at org.apache.ratis.RaftTestUtil.changeLeader(RaftTestUtil.java:362)
	at org.apache.ratis.server.impl.LeaderElectionTests.testChangeLeader(LeaderElectionTests.java:81)
	at sun.reflect.NativeMethodAccessorImpl.invoke0(Native Method)
	at sun.reflect.NativeMethodAccessorImpl.invoke(NativeMethodAccessorImpl.java:62)
	at sun.reflect.DelegatingMethodAccessorImpl.invoke(DelegatingMethodAccessorImpl.java:43)
	at java.lang.reflect.Method.invoke(Method.java:498)
	at org.junit.runners.model.FrameworkMethod$1.runReflectiveCall(FrameworkMethod.java:50)
	at org.junit.internal.runners.model.ReflectiveCallable.run(ReflectiveCallable.java:12)
	at org.junit.runners.model.FrameworkMethod.invokeExplosively(FrameworkMethod.java:47)
	at org.junit.internal.runners.statements.InvokeMethod.evaluate(InvokeMethod.java:17)
	at org.junit.internal.runners.statements.RunAfters.evaluate(RunAfters.java:27)
	at org.junit.internal.runners.statements.FailOnTimeout$CallableStatement.call(FailOnTimeout.java:298)
	at org.junit.internal.runners.statements.FailOnTimeout$CallableStatement.call(FailOnTimeout.java:292)
	at java.util.concurrent.FutureTask.run(FutureTask.java:266)
	at java.lang.Thread.run(Thread.java:748)
2019-09-26 09:50:00,859 WARN  ratis.RaftTestUtil (JavaUtils.java:attempt(158)) - FAILED "waitForLeader-null-(expectLeader? true)", attempt #51/100: java.lang.IllegalStateException: No leader yet : printing ALL groups
  s0:  RUNNING CANDIDATE s0@group-5BD3E7F27A57:t266, leader=null, voted=s0, raftlog=s0@group-5BD3E7F27A57-SegmentedRaftLog:OPENED:c3,f4,i4, conf=3: [s0:0.0.0.0:41468, s1:0.0.0.0:41619, s2:0.0.0.0:44382], old=null RUNNING
  s1:  RUNNING CANDIDATE s1@group-5BD3E7F27A57:t266, leader=null, voted=s1, raftlog=s1@group-5BD3E7F27A57-SegmentedRaftLog:OPENED:c2,f3,i3, conf=2: [s0:0.0.0.0:41468, s1:0.0.0.0:41619, s2:0.0.0.0:44382], old=null RUNNING
  s2:  RUNNING CANDIDATE s2@group-5BD3E7F27A57:t265, leader=null, voted=s2, raftlog=s2@group-5BD3E7F27A57-SegmentedRaftLog:OPENED:c1,f3,i3, conf=3: [s0:0.0.0.0:41468, s1:0.0.0.0:41619, s2:0.0.0.0:44382], old=null RUNNING, sleep 450ms and then retry.
java.lang.IllegalStateException: No leader yet : printing ALL groups
  s0:  RUNNING CANDIDATE s0@group-5BD3E7F27A57:t266, leader=null, voted=s0, raftlog=s0@group-5BD3E7F27A57-SegmentedRaftLog:OPENED:c3,f4,i4, conf=3: [s0:0.0.0.0:41468, s1:0.0.0.0:41619, s2:0.0.0.0:44382], old=null RUNNING
  s1:  RUNNING CANDIDATE s1@group-5BD3E7F27A57:t266, leader=null, voted=s1, raftlog=s1@group-5BD3E7F27A57-SegmentedRaftLog:OPENED:c2,f3,i3, conf=2: [s0:0.0.0.0:41468, s1:0.0.0.0:41619, s2:0.0.0.0:44382], old=null RUNNING
  s2:  RUNNING CANDIDATE s2@group-5BD3E7F27A57:t265, leader=null, voted=s2, raftlog=s2@group-5BD3E7F27A57-SegmentedRaftLog:OPENED:c1,f3,i3, conf=3: [s0:0.0.0.0:41468, s1:0.0.0.0:41619, s2:0.0.0.0:44382], old=null RUNNING
	at org.apache.ratis.MiniRaftCluster.newIllegalStateExceptionForNoLeaders(MiniRaftCluster.java:506)
	at org.apache.ratis.RaftTestUtil.lambda$waitForLeader$1(RaftTestUtil.java:90)
	at org.apache.ratis.MiniRaftCluster.getLeader(MiniRaftCluster.java:539)
	at org.apache.ratis.MiniRaftCluster.getLeader(MiniRaftCluster.java:532)
	at org.apache.ratis.RaftTestUtil.lambda$waitForLeader$3(RaftTestUtil.java:98)
	at org.apache.ratis.util.JavaUtils.attempt(JavaUtils.java:152)
	at org.apache.ratis.RaftTestUtil.waitForLeader(RaftTestUtil.java:97)
	at org.apache.ratis.RaftTestUtil.waitForLeader(RaftTestUtil.java:77)
	at org.apache.ratis.RaftTestUtil.waitForLeader(RaftTestUtil.java:72)
	at org.apache.ratis.RaftTestUtil.lambda$changeLeader$7(RaftTestUtil.java:363)
	at org.apache.ratis.util.JavaUtils.attempt(JavaUtils.java:152)
	at org.apache.ratis.RaftTestUtil.changeLeader(RaftTestUtil.java:362)
	at org.apache.ratis.server.impl.LeaderElectionTests.testChangeLeader(LeaderElectionTests.java:81)
	at sun.reflect.NativeMethodAccessorImpl.invoke0(Native Method)
	at sun.reflect.NativeMethodAccessorImpl.invoke(NativeMethodAccessorImpl.java:62)
	at sun.reflect.DelegatingMethodAccessorImpl.invoke(DelegatingMethodAccessorImpl.java:43)
	at java.lang.reflect.Method.invoke(Method.java:498)
	at org.junit.runners.model.FrameworkMethod$1.runReflectiveCall(FrameworkMethod.java:50)
	at org.junit.internal.runners.model.ReflectiveCallable.run(ReflectiveCallable.java:12)
	at org.junit.runners.model.FrameworkMethod.invokeExplosively(FrameworkMethod.java:47)
	at org.junit.internal.runners.statements.InvokeMethod.evaluate(InvokeMethod.java:17)
	at org.junit.internal.runners.statements.RunAfters.evaluate(RunAfters.java:27)
	at org.junit.internal.runners.statements.FailOnTimeout$CallableStatement.call(FailOnTimeout.java:298)
	at org.junit.internal.runners.statements.FailOnTimeout$CallableStatement.call(FailOnTimeout.java:292)
	at java.util.concurrent.FutureTask.run(FutureTask.java:266)
	at java.lang.Thread.run(Thread.java:748)
2019-09-26 09:50:01,196 INFO  ratis.MiniRaftCluster (MiniRaftCluster.java:lambda$null$5(297)) - TIMED-PRINT: printing ALL groups
  s0:  RUNNING CANDIDATE s0@group-5BD3E7F27A57:t266, leader=null, voted=s0, raftlog=s0@group-5BD3E7F27A57-SegmentedRaftLog:OPENED:c3,f4,i4, conf=3: [s0:0.0.0.0:41468, s1:0.0.0.0:41619, s2:0.0.0.0:44382], old=null RUNNING
  s1:  RUNNING CANDIDATE s1@group-5BD3E7F27A57:t266, leader=null, voted=s1, raftlog=s1@group-5BD3E7F27A57-SegmentedRaftLog:OPENED:c2,f3,i3, conf=2: [s0:0.0.0.0:41468, s1:0.0.0.0:41619, s2:0.0.0.0:44382], old=null RUNNING
  s2:  RUNNING CANDIDATE s2@group-5BD3E7F27A57:t265, leader=null, voted=s2, raftlog=s2@group-5BD3E7F27A57-SegmentedRaftLog:OPENED:c1,f3,i3, conf=3: [s0:0.0.0.0:41468, s1:0.0.0.0:41619, s2:0.0.0.0:44382], old=null RUNNING
2019-09-26 09:50:01,310 WARN  ratis.RaftTestUtil (JavaUtils.java:attempt(158)) - FAILED "waitForLeader-null-(expectLeader? true)", attempt #52/100: java.lang.IllegalStateException: No leader yet : printing ALL groups
  s0:  RUNNING CANDIDATE s0@group-5BD3E7F27A57:t266, leader=null, voted=s0, raftlog=s0@group-5BD3E7F27A57-SegmentedRaftLog:OPENED:c3,f4,i4, conf=3: [s0:0.0.0.0:41468, s1:0.0.0.0:41619, s2:0.0.0.0:44382], old=null RUNNING
  s1:  RUNNING CANDIDATE s1@group-5BD3E7F27A57:t266, leader=null, voted=s1, raftlog=s1@group-5BD3E7F27A57-SegmentedRaftLog:OPENED:c2,f3,i3, conf=2: [s0:0.0.0.0:41468, s1:0.0.0.0:41619, s2:0.0.0.0:44382], old=null RUNNING
  s2:  RUNNING CANDIDATE s2@group-5BD3E7F27A57:t265, leader=null, voted=s2, raftlog=s2@group-5BD3E7F27A57-SegmentedRaftLog:OPENED:c1,f3,i3, conf=3: [s0:0.0.0.0:41468, s1:0.0.0.0:41619, s2:0.0.0.0:44382], old=null RUNNING, sleep 450ms and then retry.
java.lang.IllegalStateException: No leader yet : printing ALL groups
  s0:  RUNNING CANDIDATE s0@group-5BD3E7F27A57:t266, leader=null, voted=s0, raftlog=s0@group-5BD3E7F27A57-SegmentedRaftLog:OPENED:c3,f4,i4, conf=3: [s0:0.0.0.0:41468, s1:0.0.0.0:41619, s2:0.0.0.0:44382], old=null RUNNING
  s1:  RUNNING CANDIDATE s1@group-5BD3E7F27A57:t266, leader=null, voted=s1, raftlog=s1@group-5BD3E7F27A57-SegmentedRaftLog:OPENED:c2,f3,i3, conf=2: [s0:0.0.0.0:41468, s1:0.0.0.0:41619, s2:0.0.0.0:44382], old=null RUNNING
  s2:  RUNNING CANDIDATE s2@group-5BD3E7F27A57:t265, leader=null, voted=s2, raftlog=s2@group-5BD3E7F27A57-SegmentedRaftLog:OPENED:c1,f3,i3, conf=3: [s0:0.0.0.0:41468, s1:0.0.0.0:41619, s2:0.0.0.0:44382], old=null RUNNING
	at org.apache.ratis.MiniRaftCluster.newIllegalStateExceptionForNoLeaders(MiniRaftCluster.java:506)
	at org.apache.ratis.RaftTestUtil.lambda$waitForLeader$1(RaftTestUtil.java:90)
	at org.apache.ratis.MiniRaftCluster.getLeader(MiniRaftCluster.java:539)
	at org.apache.ratis.MiniRaftCluster.getLeader(MiniRaftCluster.java:532)
	at org.apache.ratis.RaftTestUtil.lambda$waitForLeader$3(RaftTestUtil.java:98)
	at org.apache.ratis.util.JavaUtils.attempt(JavaUtils.java:152)
	at org.apache.ratis.RaftTestUtil.waitForLeader(RaftTestUtil.java:97)
	at org.apache.ratis.RaftTestUtil.waitForLeader(RaftTestUtil.java:77)
	at org.apache.ratis.RaftTestUtil.waitForLeader(RaftTestUtil.java:72)
	at org.apache.ratis.RaftTestUtil.lambda$changeLeader$7(RaftTestUtil.java:363)
	at org.apache.ratis.util.JavaUtils.attempt(JavaUtils.java:152)
	at org.apache.ratis.RaftTestUtil.changeLeader(RaftTestUtil.java:362)
	at org.apache.ratis.server.impl.LeaderElectionTests.testChangeLeader(LeaderElectionTests.java:81)
	at sun.reflect.NativeMethodAccessorImpl.invoke0(Native Method)
	at sun.reflect.NativeMethodAccessorImpl.invoke(NativeMethodAccessorImpl.java:62)
	at sun.reflect.DelegatingMethodAccessorImpl.invoke(DelegatingMethodAccessorImpl.java:43)
	at java.lang.reflect.Method.invoke(Method.java:498)
	at org.junit.runners.model.FrameworkMethod$1.runReflectiveCall(FrameworkMethod.java:50)
	at org.junit.internal.runners.model.ReflectiveCallable.run(ReflectiveCallable.java:12)
	at org.junit.runners.model.FrameworkMethod.invokeExplosively(FrameworkMethod.java:47)
	at org.junit.internal.runners.statements.InvokeMethod.evaluate(InvokeMethod.java:17)
	at org.junit.internal.runners.statements.RunAfters.evaluate(RunAfters.java:27)
	at org.junit.internal.runners.statements.FailOnTimeout$CallableStatement.call(FailOnTimeout.java:298)
	at org.junit.internal.runners.statements.FailOnTimeout$CallableStatement.call(FailOnTimeout.java:292)
	at java.util.concurrent.FutureTask.run(FutureTask.java:266)
	at java.lang.Thread.run(Thread.java:748)
2019-09-26 09:50:01,761 WARN  ratis.RaftTestUtil (JavaUtils.java:attempt(158)) - FAILED "waitForLeader-null-(expectLeader? true)", attempt #53/100: java.lang.IllegalStateException: No leader yet : printing ALL groups
  s0:  RUNNING CANDIDATE s0@group-5BD3E7F27A57:t266, leader=null, voted=s0, raftlog=s0@group-5BD3E7F27A57-SegmentedRaftLog:OPENED:c3,f4,i4, conf=3: [s0:0.0.0.0:41468, s1:0.0.0.0:41619, s2:0.0.0.0:44382], old=null RUNNING
  s1:  RUNNING CANDIDATE s1@group-5BD3E7F27A57:t266, leader=null, voted=s1, raftlog=s1@group-5BD3E7F27A57-SegmentedRaftLog:OPENED:c2,f3,i3, conf=2: [s0:0.0.0.0:41468, s1:0.0.0.0:41619, s2:0.0.0.0:44382], old=null RUNNING
  s2:  RUNNING CANDIDATE s2@group-5BD3E7F27A57:t265, leader=null, voted=s2, raftlog=s2@group-5BD3E7F27A57-SegmentedRaftLog:OPENED:c1,f3,i3, conf=3: [s0:0.0.0.0:41468, s1:0.0.0.0:41619, s2:0.0.0.0:44382], old=null RUNNING, sleep 450ms and then retry.
java.lang.IllegalStateException: No leader yet : printing ALL groups
  s0:  RUNNING CANDIDATE s0@group-5BD3E7F27A57:t266, leader=null, voted=s0, raftlog=s0@group-5BD3E7F27A57-SegmentedRaftLog:OPENED:c3,f4,i4, conf=3: [s0:0.0.0.0:41468, s1:0.0.0.0:41619, s2:0.0.0.0:44382], old=null RUNNING
  s1:  RUNNING CANDIDATE s1@group-5BD3E7F27A57:t266, leader=null, voted=s1, raftlog=s1@group-5BD3E7F27A57-SegmentedRaftLog:OPENED:c2,f3,i3, conf=2: [s0:0.0.0.0:41468, s1:0.0.0.0:41619, s2:0.0.0.0:44382], old=null RUNNING
  s2:  RUNNING CANDIDATE s2@group-5BD3E7F27A57:t265, leader=null, voted=s2, raftlog=s2@group-5BD3E7F27A57-SegmentedRaftLog:OPENED:c1,f3,i3, conf=3: [s0:0.0.0.0:41468, s1:0.0.0.0:41619, s2:0.0.0.0:44382], old=null RUNNING
	at org.apache.ratis.MiniRaftCluster.newIllegalStateExceptionForNoLeaders(MiniRaftCluster.java:506)
	at org.apache.ratis.RaftTestUtil.lambda$waitForLeader$1(RaftTestUtil.java:90)
	at org.apache.ratis.MiniRaftCluster.getLeader(MiniRaftCluster.java:539)
	at org.apache.ratis.MiniRaftCluster.getLeader(MiniRaftCluster.java:532)
	at org.apache.ratis.RaftTestUtil.lambda$waitForLeader$3(RaftTestUtil.java:98)
	at org.apache.ratis.util.JavaUtils.attempt(JavaUtils.java:152)
	at org.apache.ratis.RaftTestUtil.waitForLeader(RaftTestUtil.java:97)
	at org.apache.ratis.RaftTestUtil.waitForLeader(RaftTestUtil.java:77)
	at org.apache.ratis.RaftTestUtil.waitForLeader(RaftTestUtil.java:72)
	at org.apache.ratis.RaftTestUtil.lambda$changeLeader$7(RaftTestUtil.java:363)
	at org.apache.ratis.util.JavaUtils.attempt(JavaUtils.java:152)
	at org.apache.ratis.RaftTestUtil.changeLeader(RaftTestUtil.java:362)
	at org.apache.ratis.server.impl.LeaderElectionTests.testChangeLeader(LeaderElectionTests.java:81)
	at sun.reflect.NativeMethodAccessorImpl.invoke0(Native Method)
	at sun.reflect.NativeMethodAccessorImpl.invoke(NativeMethodAccessorImpl.java:62)
	at sun.reflect.DelegatingMethodAccessorImpl.invoke(DelegatingMethodAccessorImpl.java:43)
	at java.lang.reflect.Method.invoke(Method.java:498)
	at org.junit.runners.model.FrameworkMethod$1.runReflectiveCall(FrameworkMethod.java:50)
	at org.junit.internal.runners.model.ReflectiveCallable.run(ReflectiveCallable.java:12)
	at org.junit.runners.model.FrameworkMethod.invokeExplosively(FrameworkMethod.java:47)
	at org.junit.internal.runners.statements.InvokeMethod.evaluate(InvokeMethod.java:17)
	at org.junit.internal.runners.statements.RunAfters.evaluate(RunAfters.java:27)
	at org.junit.internal.runners.statements.FailOnTimeout$CallableStatement.call(FailOnTimeout.java:298)
	at org.junit.internal.runners.statements.FailOnTimeout$CallableStatement.call(FailOnTimeout.java:292)
	at java.util.concurrent.FutureTask.run(FutureTask.java:266)
	at java.lang.Thread.run(Thread.java:748)
2019-09-26 09:50:02,212 WARN  ratis.RaftTestUtil (JavaUtils.java:attempt(158)) - FAILED "waitForLeader-null-(expectLeader? true)", attempt #54/100: java.lang.IllegalStateException: No leader yet : printing ALL groups
  s0:  RUNNING CANDIDATE s0@group-5BD3E7F27A57:t266, leader=null, voted=s0, raftlog=s0@group-5BD3E7F27A57-SegmentedRaftLog:OPENED:c3,f4,i4, conf=3: [s0:0.0.0.0:41468, s1:0.0.0.0:41619, s2:0.0.0.0:44382], old=null RUNNING
  s1:  RUNNING CANDIDATE s1@group-5BD3E7F27A57:t266, leader=null, voted=s1, raftlog=s1@group-5BD3E7F27A57-SegmentedRaftLog:OPENED:c2,f3,i3, conf=2: [s0:0.0.0.0:41468, s1:0.0.0.0:41619, s2:0.0.0.0:44382], old=null RUNNING
  s2:  RUNNING CANDIDATE s2@group-5BD3E7F27A57:t265, leader=null, voted=s2, raftlog=s2@group-5BD3E7F27A57-SegmentedRaftLog:OPENED:c1,f3,i3, conf=3: [s0:0.0.0.0:41468, s1:0.0.0.0:41619, s2:0.0.0.0:44382], old=null RUNNING, sleep 450ms and then retry.
java.lang.IllegalStateException: No leader yet : printing ALL groups
  s0:  RUNNING CANDIDATE s0@group-5BD3E7F27A57:t266, leader=null, voted=s0, raftlog=s0@group-5BD3E7F27A57-SegmentedRaftLog:OPENED:c3,f4,i4, conf=3: [s0:0.0.0.0:41468, s1:0.0.0.0:41619, s2:0.0.0.0:44382], old=null RUNNING
  s1:  RUNNING CANDIDATE s1@group-5BD3E7F27A57:t266, leader=null, voted=s1, raftlog=s1@group-5BD3E7F27A57-SegmentedRaftLog:OPENED:c2,f3,i3, conf=2: [s0:0.0.0.0:41468, s1:0.0.0.0:41619, s2:0.0.0.0:44382], old=null RUNNING
  s2:  RUNNING CANDIDATE s2@group-5BD3E7F27A57:t265, leader=null, voted=s2, raftlog=s2@group-5BD3E7F27A57-SegmentedRaftLog:OPENED:c1,f3,i3, conf=3: [s0:0.0.0.0:41468, s1:0.0.0.0:41619, s2:0.0.0.0:44382], old=null RUNNING
	at org.apache.ratis.MiniRaftCluster.newIllegalStateExceptionForNoLeaders(MiniRaftCluster.java:506)
	at org.apache.ratis.RaftTestUtil.lambda$waitForLeader$1(RaftTestUtil.java:90)
	at org.apache.ratis.MiniRaftCluster.getLeader(MiniRaftCluster.java:539)
	at org.apache.ratis.MiniRaftCluster.getLeader(MiniRaftCluster.java:532)
	at org.apache.ratis.RaftTestUtil.lambda$waitForLeader$3(RaftTestUtil.java:98)
	at org.apache.ratis.util.JavaUtils.attempt(JavaUtils.java:152)
	at org.apache.ratis.RaftTestUtil.waitForLeader(RaftTestUtil.java:97)
	at org.apache.ratis.RaftTestUtil.waitForLeader(RaftTestUtil.java:77)
	at org.apache.ratis.RaftTestUtil.waitForLeader(RaftTestUtil.java:72)
	at org.apache.ratis.RaftTestUtil.lambda$changeLeader$7(RaftTestUtil.java:363)
	at org.apache.ratis.util.JavaUtils.attempt(JavaUtils.java:152)
	at org.apache.ratis.RaftTestUtil.changeLeader(RaftTestUtil.java:362)
	at org.apache.ratis.server.impl.LeaderElectionTests.testChangeLeader(LeaderElectionTests.java:81)
	at sun.reflect.NativeMethodAccessorImpl.invoke0(Native Method)
	at sun.reflect.NativeMethodAccessorImpl.invoke(NativeMethodAccessorImpl.java:62)
	at sun.reflect.DelegatingMethodAccessorImpl.invoke(DelegatingMethodAccessorImpl.java:43)
	at java.lang.reflect.Method.invoke(Method.java:498)
	at org.junit.runners.model.FrameworkMethod$1.runReflectiveCall(FrameworkMethod.java:50)
	at org.junit.internal.runners.model.ReflectiveCallable.run(ReflectiveCallable.java:12)
	at org.junit.runners.model.FrameworkMethod.invokeExplosively(FrameworkMethod.java:47)
	at org.junit.internal.runners.statements.InvokeMethod.evaluate(InvokeMethod.java:17)
	at org.junit.internal.runners.statements.RunAfters.evaluate(RunAfters.java:27)
	at org.junit.internal.runners.statements.FailOnTimeout$CallableStatement.call(FailOnTimeout.java:298)
	at org.junit.internal.runners.statements.FailOnTimeout$CallableStatement.call(FailOnTimeout.java:292)
	at java.util.concurrent.FutureTask.run(FutureTask.java:266)
	at java.lang.Thread.run(Thread.java:748)
2019-09-26 09:50:02,664 WARN  ratis.RaftTestUtil (JavaUtils.java:attempt(158)) - FAILED "waitForLeader-null-(expectLeader? true)", attempt #55/100: java.lang.IllegalStateException: No leader yet : printing ALL groups
  s0:  RUNNING CANDIDATE s0@group-5BD3E7F27A57:t266, leader=null, voted=s0, raftlog=s0@group-5BD3E7F27A57-SegmentedRaftLog:OPENED:c3,f4,i4, conf=3: [s0:0.0.0.0:41468, s1:0.0.0.0:41619, s2:0.0.0.0:44382], old=null RUNNING
  s1:  RUNNING CANDIDATE s1@group-5BD3E7F27A57:t266, leader=null, voted=s1, raftlog=s1@group-5BD3E7F27A57-SegmentedRaftLog:OPENED:c2,f3,i3, conf=2: [s0:0.0.0.0:41468, s1:0.0.0.0:41619, s2:0.0.0.0:44382], old=null RUNNING
  s2:  RUNNING CANDIDATE s2@group-5BD3E7F27A57:t265, leader=null, voted=s2, raftlog=s2@group-5BD3E7F27A57-SegmentedRaftLog:OPENED:c1,f3,i3, conf=3: [s0:0.0.0.0:41468, s1:0.0.0.0:41619, s2:0.0.0.0:44382], old=null RUNNING, sleep 450ms and then retry.
java.lang.IllegalStateException: No leader yet : printing ALL groups
  s0:  RUNNING CANDIDATE s0@group-5BD3E7F27A57:t266, leader=null, voted=s0, raftlog=s0@group-5BD3E7F27A57-SegmentedRaftLog:OPENED:c3,f4,i4, conf=3: [s0:0.0.0.0:41468, s1:0.0.0.0:41619, s2:0.0.0.0:44382], old=null RUNNING
  s1:  RUNNING CANDIDATE s1@group-5BD3E7F27A57:t266, leader=null, voted=s1, raftlog=s1@group-5BD3E7F27A57-SegmentedRaftLog:OPENED:c2,f3,i3, conf=2: [s0:0.0.0.0:41468, s1:0.0.0.0:41619, s2:0.0.0.0:44382], old=null RUNNING
  s2:  RUNNING CANDIDATE s2@group-5BD3E7F27A57:t265, leader=null, voted=s2, raftlog=s2@group-5BD3E7F27A57-SegmentedRaftLog:OPENED:c1,f3,i3, conf=3: [s0:0.0.0.0:41468, s1:0.0.0.0:41619, s2:0.0.0.0:44382], old=null RUNNING
	at org.apache.ratis.MiniRaftCluster.newIllegalStateExceptionForNoLeaders(MiniRaftCluster.java:506)
	at org.apache.ratis.RaftTestUtil.lambda$waitForLeader$1(RaftTestUtil.java:90)
	at org.apache.ratis.MiniRaftCluster.getLeader(MiniRaftCluster.java:539)
	at org.apache.ratis.MiniRaftCluster.getLeader(MiniRaftCluster.java:532)
	at org.apache.ratis.RaftTestUtil.lambda$waitForLeader$3(RaftTestUtil.java:98)
	at org.apache.ratis.util.JavaUtils.attempt(JavaUtils.java:152)
	at org.apache.ratis.RaftTestUtil.waitForLeader(RaftTestUtil.java:97)
	at org.apache.ratis.RaftTestUtil.waitForLeader(RaftTestUtil.java:77)
	at org.apache.ratis.RaftTestUtil.waitForLeader(RaftTestUtil.java:72)
	at org.apache.ratis.RaftTestUtil.lambda$changeLeader$7(RaftTestUtil.java:363)
	at org.apache.ratis.util.JavaUtils.attempt(JavaUtils.java:152)
	at org.apache.ratis.RaftTestUtil.changeLeader(RaftTestUtil.java:362)
	at org.apache.ratis.server.impl.LeaderElectionTests.testChangeLeader(LeaderElectionTests.java:81)
	at sun.reflect.NativeMethodAccessorImpl.invoke0(Native Method)
	at sun.reflect.NativeMethodAccessorImpl.invoke(NativeMethodAccessorImpl.java:62)
	at sun.reflect.DelegatingMethodAccessorImpl.invoke(DelegatingMethodAccessorImpl.java:43)
	at java.lang.reflect.Method.invoke(Method.java:498)
	at org.junit.runners.model.FrameworkMethod$1.runReflectiveCall(FrameworkMethod.java:50)
	at org.junit.internal.runners.model.ReflectiveCallable.run(ReflectiveCallable.java:12)
	at org.junit.runners.model.FrameworkMethod.invokeExplosively(FrameworkMethod.java:47)
	at org.junit.internal.runners.statements.InvokeMethod.evaluate(InvokeMethod.java:17)
	at org.junit.internal.runners.statements.RunAfters.evaluate(RunAfters.java:27)
	at org.junit.internal.runners.statements.FailOnTimeout$CallableStatement.call(FailOnTimeout.java:298)
	at org.junit.internal.runners.statements.FailOnTimeout$CallableStatement.call(FailOnTimeout.java:292)
	at java.util.concurrent.FutureTask.run(FutureTask.java:266)
	at java.lang.Thread.run(Thread.java:748)
2019-09-26 09:50:03,116 WARN  ratis.RaftTestUtil (JavaUtils.java:attempt(158)) - FAILED "waitForLeader-null-(expectLeader? true)", attempt #56/100: java.lang.IllegalStateException: No leader yet : printing ALL groups
  s0:  RUNNING CANDIDATE s0@group-5BD3E7F27A57:t266, leader=null, voted=s0, raftlog=s0@group-5BD3E7F27A57-SegmentedRaftLog:OPENED:c3,f4,i4, conf=3: [s0:0.0.0.0:41468, s1:0.0.0.0:41619, s2:0.0.0.0:44382], old=null RUNNING
  s1:  RUNNING CANDIDATE s1@group-5BD3E7F27A57:t266, leader=null, voted=s1, raftlog=s1@group-5BD3E7F27A57-SegmentedRaftLog:OPENED:c2,f3,i3, conf=2: [s0:0.0.0.0:41468, s1:0.0.0.0:41619, s2:0.0.0.0:44382], old=null RUNNING
  s2:  RUNNING CANDIDATE s2@group-5BD3E7F27A57:t265, leader=null, voted=s2, raftlog=s2@group-5BD3E7F27A57-SegmentedRaftLog:OPENED:c1,f3,i3, conf=3: [s0:0.0.0.0:41468, s1:0.0.0.0:41619, s2:0.0.0.0:44382], old=null RUNNING, sleep 450ms and then retry.
java.lang.IllegalStateException: No leader yet : printing ALL groups
  s0:  RUNNING CANDIDATE s0@group-5BD3E7F27A57:t266, leader=null, voted=s0, raftlog=s0@group-5BD3E7F27A57-SegmentedRaftLog:OPENED:c3,f4,i4, conf=3: [s0:0.0.0.0:41468, s1:0.0.0.0:41619, s2:0.0.0.0:44382], old=null RUNNING
  s1:  RUNNING CANDIDATE s1@group-5BD3E7F27A57:t266, leader=null, voted=s1, raftlog=s1@group-5BD3E7F27A57-SegmentedRaftLog:OPENED:c2,f3,i3, conf=2: [s0:0.0.0.0:41468, s1:0.0.0.0:41619, s2:0.0.0.0:44382], old=null RUNNING
  s2:  RUNNING CANDIDATE s2@group-5BD3E7F27A57:t265, leader=null, voted=s2, raftlog=s2@group-5BD3E7F27A57-SegmentedRaftLog:OPENED:c1,f3,i3, conf=3: [s0:0.0.0.0:41468, s1:0.0.0.0:41619, s2:0.0.0.0:44382], old=null RUNNING
	at org.apache.ratis.MiniRaftCluster.newIllegalStateExceptionForNoLeaders(MiniRaftCluster.java:506)
	at org.apache.ratis.RaftTestUtil.lambda$waitForLeader$1(RaftTestUtil.java:90)
	at org.apache.ratis.MiniRaftCluster.getLeader(MiniRaftCluster.java:539)
	at org.apache.ratis.MiniRaftCluster.getLeader(MiniRaftCluster.java:532)
	at org.apache.ratis.RaftTestUtil.lambda$waitForLeader$3(RaftTestUtil.java:98)
	at org.apache.ratis.util.JavaUtils.attempt(JavaUtils.java:152)
	at org.apache.ratis.RaftTestUtil.waitForLeader(RaftTestUtil.java:97)
	at org.apache.ratis.RaftTestUtil.waitForLeader(RaftTestUtil.java:77)
	at org.apache.ratis.RaftTestUtil.waitForLeader(RaftTestUtil.java:72)
	at org.apache.ratis.RaftTestUtil.lambda$changeLeader$7(RaftTestUtil.java:363)
	at org.apache.ratis.util.JavaUtils.attempt(JavaUtils.java:152)
	at org.apache.ratis.RaftTestUtil.changeLeader(RaftTestUtil.java:362)
	at org.apache.ratis.server.impl.LeaderElectionTests.testChangeLeader(LeaderElectionTests.java:81)
	at sun.reflect.NativeMethodAccessorImpl.invoke0(Native Method)
	at sun.reflect.NativeMethodAccessorImpl.invoke(NativeMethodAccessorImpl.java:62)
	at sun.reflect.DelegatingMethodAccessorImpl.invoke(DelegatingMethodAccessorImpl.java:43)
	at java.lang.reflect.Method.invoke(Method.java:498)
	at org.junit.runners.model.FrameworkMethod$1.runReflectiveCall(FrameworkMethod.java:50)
	at org.junit.internal.runners.model.ReflectiveCallable.run(ReflectiveCallable.java:12)
	at org.junit.runners.model.FrameworkMethod.invokeExplosively(FrameworkMethod.java:47)
	at org.junit.internal.runners.statements.InvokeMethod.evaluate(InvokeMethod.java:17)
	at org.junit.internal.runners.statements.RunAfters.evaluate(RunAfters.java:27)
	at org.junit.internal.runners.statements.FailOnTimeout$CallableStatement.call(FailOnTimeout.java:298)
	at org.junit.internal.runners.statements.FailOnTimeout$CallableStatement.call(FailOnTimeout.java:292)
	at java.util.concurrent.FutureTask.run(FutureTask.java:266)
	at java.lang.Thread.run(Thread.java:748)
2019-09-26 09:50:03,569 WARN  ratis.RaftTestUtil (JavaUtils.java:attempt(158)) - FAILED "waitForLeader-null-(expectLeader? true)", attempt #57/100: java.lang.IllegalStateException: No leader yet : printing ALL groups
  s0:  RUNNING CANDIDATE s0@group-5BD3E7F27A57:t266, leader=null, voted=s0, raftlog=s0@group-5BD3E7F27A57-SegmentedRaftLog:OPENED:c3,f4,i4, conf=3: [s0:0.0.0.0:41468, s1:0.0.0.0:41619, s2:0.0.0.0:44382], old=null RUNNING
  s1:  RUNNING CANDIDATE s1@group-5BD3E7F27A57:t266, leader=null, voted=s1, raftlog=s1@group-5BD3E7F27A57-SegmentedRaftLog:OPENED:c2,f3,i3, conf=2: [s0:0.0.0.0:41468, s1:0.0.0.0:41619, s2:0.0.0.0:44382], old=null RUNNING
  s2:  RUNNING CANDIDATE s2@group-5BD3E7F27A57:t265, leader=null, voted=s2, raftlog=s2@group-5BD3E7F27A57-SegmentedRaftLog:OPENED:c1,f3,i3, conf=3: [s0:0.0.0.0:41468, s1:0.0.0.0:41619, s2:0.0.0.0:44382], old=null RUNNING, sleep 450ms and then retry.
java.lang.IllegalStateException: No leader yet : printing ALL groups
  s0:  RUNNING CANDIDATE s0@group-5BD3E7F27A57:t266, leader=null, voted=s0, raftlog=s0@group-5BD3E7F27A57-SegmentedRaftLog:OPENED:c3,f4,i4, conf=3: [s0:0.0.0.0:41468, s1:0.0.0.0:41619, s2:0.0.0.0:44382], old=null RUNNING
  s1:  RUNNING CANDIDATE s1@group-5BD3E7F27A57:t266, leader=null, voted=s1, raftlog=s1@group-5BD3E7F27A57-SegmentedRaftLog:OPENED:c2,f3,i3, conf=2: [s0:0.0.0.0:41468, s1:0.0.0.0:41619, s2:0.0.0.0:44382], old=null RUNNING
  s2:  RUNNING CANDIDATE s2@group-5BD3E7F27A57:t265, leader=null, voted=s2, raftlog=s2@group-5BD3E7F27A57-SegmentedRaftLog:OPENED:c1,f3,i3, conf=3: [s0:0.0.0.0:41468, s1:0.0.0.0:41619, s2:0.0.0.0:44382], old=null RUNNING
	at org.apache.ratis.MiniRaftCluster.newIllegalStateExceptionForNoLeaders(MiniRaftCluster.java:506)
	at org.apache.ratis.RaftTestUtil.lambda$waitForLeader$1(RaftTestUtil.java:90)
	at org.apache.ratis.MiniRaftCluster.getLeader(MiniRaftCluster.java:539)
	at org.apache.ratis.MiniRaftCluster.getLeader(MiniRaftCluster.java:532)
	at org.apache.ratis.RaftTestUtil.lambda$waitForLeader$3(RaftTestUtil.java:98)
	at org.apache.ratis.util.JavaUtils.attempt(JavaUtils.java:152)
	at org.apache.ratis.RaftTestUtil.waitForLeader(RaftTestUtil.java:97)
	at org.apache.ratis.RaftTestUtil.waitForLeader(RaftTestUtil.java:77)
	at org.apache.ratis.RaftTestUtil.waitForLeader(RaftTestUtil.java:72)
	at org.apache.ratis.RaftTestUtil.lambda$changeLeader$7(RaftTestUtil.java:363)
	at org.apache.ratis.util.JavaUtils.attempt(JavaUtils.java:152)
	at org.apache.ratis.RaftTestUtil.changeLeader(RaftTestUtil.java:362)
	at org.apache.ratis.server.impl.LeaderElectionTests.testChangeLeader(LeaderElectionTests.java:81)
	at sun.reflect.NativeMethodAccessorImpl.invoke0(Native Method)
	at sun.reflect.NativeMethodAccessorImpl.invoke(NativeMethodAccessorImpl.java:62)
	at sun.reflect.DelegatingMethodAccessorImpl.invoke(DelegatingMethodAccessorImpl.java:43)
	at java.lang.reflect.Method.invoke(Method.java:498)
	at org.junit.runners.model.FrameworkMethod$1.runReflectiveCall(FrameworkMethod.java:50)
	at org.junit.internal.runners.model.ReflectiveCallable.run(ReflectiveCallable.java:12)
	at org.junit.runners.model.FrameworkMethod.invokeExplosively(FrameworkMethod.java:47)
	at org.junit.internal.runners.statements.InvokeMethod.evaluate(InvokeMethod.java:17)
	at org.junit.internal.runners.statements.RunAfters.evaluate(RunAfters.java:27)
	at org.junit.internal.runners.statements.FailOnTimeout$CallableStatement.call(FailOnTimeout.java:298)
	at org.junit.internal.runners.statements.FailOnTimeout$CallableStatement.call(FailOnTimeout.java:292)
	at java.util.concurrent.FutureTask.run(FutureTask.java:266)
	at java.lang.Thread.run(Thread.java:748)
2019-09-26 09:50:04,020 WARN  ratis.RaftTestUtil (JavaUtils.java:attempt(158)) - FAILED "waitForLeader-null-(expectLeader? true)", attempt #58/100: java.lang.IllegalStateException: No leader yet : printing ALL groups
  s0:  RUNNING CANDIDATE s0@group-5BD3E7F27A57:t266, leader=null, voted=s0, raftlog=s0@group-5BD3E7F27A57-SegmentedRaftLog:OPENED:c3,f4,i4, conf=3: [s0:0.0.0.0:41468, s1:0.0.0.0:41619, s2:0.0.0.0:44382], old=null RUNNING
  s1:  RUNNING CANDIDATE s1@group-5BD3E7F27A57:t266, leader=null, voted=s1, raftlog=s1@group-5BD3E7F27A57-SegmentedRaftLog:OPENED:c2,f3,i3, conf=2: [s0:0.0.0.0:41468, s1:0.0.0.0:41619, s2:0.0.0.0:44382], old=null RUNNING
  s2:  RUNNING CANDIDATE s2@group-5BD3E7F27A57:t265, leader=null, voted=s2, raftlog=s2@group-5BD3E7F27A57-SegmentedRaftLog:OPENED:c1,f3,i3, conf=3: [s0:0.0.0.0:41468, s1:0.0.0.0:41619, s2:0.0.0.0:44382], old=null RUNNING, sleep 450ms and then retry.
java.lang.IllegalStateException: No leader yet : printing ALL groups
  s0:  RUNNING CANDIDATE s0@group-5BD3E7F27A57:t266, leader=null, voted=s0, raftlog=s0@group-5BD3E7F27A57-SegmentedRaftLog:OPENED:c3,f4,i4, conf=3: [s0:0.0.0.0:41468, s1:0.0.0.0:41619, s2:0.0.0.0:44382], old=null RUNNING
  s1:  RUNNING CANDIDATE s1@group-5BD3E7F27A57:t266, leader=null, voted=s1, raftlog=s1@group-5BD3E7F27A57-SegmentedRaftLog:OPENED:c2,f3,i3, conf=2: [s0:0.0.0.0:41468, s1:0.0.0.0:41619, s2:0.0.0.0:44382], old=null RUNNING
  s2:  RUNNING CANDIDATE s2@group-5BD3E7F27A57:t265, leader=null, voted=s2, raftlog=s2@group-5BD3E7F27A57-SegmentedRaftLog:OPENED:c1,f3,i3, conf=3: [s0:0.0.0.0:41468, s1:0.0.0.0:41619, s2:0.0.0.0:44382], old=null RUNNING
	at org.apache.ratis.MiniRaftCluster.newIllegalStateExceptionForNoLeaders(MiniRaftCluster.java:506)
	at org.apache.ratis.RaftTestUtil.lambda$waitForLeader$1(RaftTestUtil.java:90)
	at org.apache.ratis.MiniRaftCluster.getLeader(MiniRaftCluster.java:539)
	at org.apache.ratis.MiniRaftCluster.getLeader(MiniRaftCluster.java:532)
	at org.apache.ratis.RaftTestUtil.lambda$waitForLeader$3(RaftTestUtil.java:98)
	at org.apache.ratis.util.JavaUtils.attempt(JavaUtils.java:152)
	at org.apache.ratis.RaftTestUtil.waitForLeader(RaftTestUtil.java:97)
	at org.apache.ratis.RaftTestUtil.waitForLeader(RaftTestUtil.java:77)
	at org.apache.ratis.RaftTestUtil.waitForLeader(RaftTestUtil.java:72)
	at org.apache.ratis.RaftTestUtil.lambda$changeLeader$7(RaftTestUtil.java:363)
	at org.apache.ratis.util.JavaUtils.attempt(JavaUtils.java:152)
	at org.apache.ratis.RaftTestUtil.changeLeader(RaftTestUtil.java:362)
	at org.apache.ratis.server.impl.LeaderElectionTests.testChangeLeader(LeaderElectionTests.java:81)
	at sun.reflect.NativeMethodAccessorImpl.invoke0(Native Method)
	at sun.reflect.NativeMethodAccessorImpl.invoke(NativeMethodAccessorImpl.java:62)
	at sun.reflect.DelegatingMethodAccessorImpl.invoke(DelegatingMethodAccessorImpl.java:43)
	at java.lang.reflect.Method.invoke(Method.java:498)
	at org.junit.runners.model.FrameworkMethod$1.runReflectiveCall(FrameworkMethod.java:50)
	at org.junit.internal.runners.model.ReflectiveCallable.run(ReflectiveCallable.java:12)
	at org.junit.runners.model.FrameworkMethod.invokeExplosively(FrameworkMethod.java:47)
	at org.junit.internal.runners.statements.InvokeMethod.evaluate(InvokeMethod.java:17)
	at org.junit.internal.runners.statements.RunAfters.evaluate(RunAfters.java:27)
	at org.junit.internal.runners.statements.FailOnTimeout$CallableStatement.call(FailOnTimeout.java:298)
	at org.junit.internal.runners.statements.FailOnTimeout$CallableStatement.call(FailOnTimeout.java:292)
	at java.util.concurrent.FutureTask.run(FutureTask.java:266)
	at java.lang.Thread.run(Thread.java:748)
2019-09-26 09:50:04,471 WARN  ratis.RaftTestUtil (JavaUtils.java:attempt(158)) - FAILED "waitForLeader-null-(expectLeader? true)", attempt #59/100: java.lang.IllegalStateException: No leader yet : printing ALL groups
  s0:  RUNNING CANDIDATE s0@group-5BD3E7F27A57:t266, leader=null, voted=s0, raftlog=s0@group-5BD3E7F27A57-SegmentedRaftLog:OPENED:c3,f4,i4, conf=3: [s0:0.0.0.0:41468, s1:0.0.0.0:41619, s2:0.0.0.0:44382], old=null RUNNING
  s1:  RUNNING CANDIDATE s1@group-5BD3E7F27A57:t266, leader=null, voted=s1, raftlog=s1@group-5BD3E7F27A57-SegmentedRaftLog:OPENED:c2,f3,i3, conf=2: [s0:0.0.0.0:41468, s1:0.0.0.0:41619, s2:0.0.0.0:44382], old=null RUNNING
  s2:  RUNNING CANDIDATE s2@group-5BD3E7F27A57:t265, leader=null, voted=s2, raftlog=s2@group-5BD3E7F27A57-SegmentedRaftLog:OPENED:c1,f3,i3, conf=3: [s0:0.0.0.0:41468, s1:0.0.0.0:41619, s2:0.0.0.0:44382], old=null RUNNING, sleep 450ms and then retry.
java.lang.IllegalStateException: No leader yet : printing ALL groups
  s0:  RUNNING CANDIDATE s0@group-5BD3E7F27A57:t266, leader=null, voted=s0, raftlog=s0@group-5BD3E7F27A57-SegmentedRaftLog:OPENED:c3,f4,i4, conf=3: [s0:0.0.0.0:41468, s1:0.0.0.0:41619, s2:0.0.0.0:44382], old=null RUNNING
  s1:  RUNNING CANDIDATE s1@group-5BD3E7F27A57:t266, leader=null, voted=s1, raftlog=s1@group-5BD3E7F27A57-SegmentedRaftLog:OPENED:c2,f3,i3, conf=2: [s0:0.0.0.0:41468, s1:0.0.0.0:41619, s2:0.0.0.0:44382], old=null RUNNING
  s2:  RUNNING CANDIDATE s2@group-5BD3E7F27A57:t265, leader=null, voted=s2, raftlog=s2@group-5BD3E7F27A57-SegmentedRaftLog:OPENED:c1,f3,i3, conf=3: [s0:0.0.0.0:41468, s1:0.0.0.0:41619, s2:0.0.0.0:44382], old=null RUNNING
	at org.apache.ratis.MiniRaftCluster.newIllegalStateExceptionForNoLeaders(MiniRaftCluster.java:506)
	at org.apache.ratis.RaftTestUtil.lambda$waitForLeader$1(RaftTestUtil.java:90)
	at org.apache.ratis.MiniRaftCluster.getLeader(MiniRaftCluster.java:539)
	at org.apache.ratis.MiniRaftCluster.getLeader(MiniRaftCluster.java:532)
	at org.apache.ratis.RaftTestUtil.lambda$waitForLeader$3(RaftTestUtil.java:98)
	at org.apache.ratis.util.JavaUtils.attempt(JavaUtils.java:152)
	at org.apache.ratis.RaftTestUtil.waitForLeader(RaftTestUtil.java:97)
	at org.apache.ratis.RaftTestUtil.waitForLeader(RaftTestUtil.java:77)
	at org.apache.ratis.RaftTestUtil.waitForLeader(RaftTestUtil.java:72)
	at org.apache.ratis.RaftTestUtil.lambda$changeLeader$7(RaftTestUtil.java:363)
	at org.apache.ratis.util.JavaUtils.attempt(JavaUtils.java:152)
	at org.apache.ratis.RaftTestUtil.changeLeader(RaftTestUtil.java:362)
	at org.apache.ratis.server.impl.LeaderElectionTests.testChangeLeader(LeaderElectionTests.java:81)
	at sun.reflect.NativeMethodAccessorImpl.invoke0(Native Method)
	at sun.reflect.NativeMethodAccessorImpl.invoke(NativeMethodAccessorImpl.java:62)
	at sun.reflect.DelegatingMethodAccessorImpl.invoke(DelegatingMethodAccessorImpl.java:43)
	at java.lang.reflect.Method.invoke(Method.java:498)
	at org.junit.runners.model.FrameworkMethod$1.runReflectiveCall(FrameworkMethod.java:50)
	at org.junit.internal.runners.model.ReflectiveCallable.run(ReflectiveCallable.java:12)
	at org.junit.runners.model.FrameworkMethod.invokeExplosively(FrameworkMethod.java:47)
	at org.junit.internal.runners.statements.InvokeMethod.evaluate(InvokeMethod.java:17)
	at org.junit.internal.runners.statements.RunAfters.evaluate(RunAfters.java:27)
	at org.junit.internal.runners.statements.FailOnTimeout$CallableStatement.call(FailOnTimeout.java:298)
	at org.junit.internal.runners.statements.FailOnTimeout$CallableStatement.call(FailOnTimeout.java:292)
	at java.util.concurrent.FutureTask.run(FutureTask.java:266)
	at java.lang.Thread.run(Thread.java:748)
2019-09-26 09:50:04,923 WARN  ratis.RaftTestUtil (JavaUtils.java:attempt(158)) - FAILED "waitForLeader-null-(expectLeader? true)", attempt #60/100: java.lang.IllegalStateException: No leader yet : printing ALL groups
  s0:  RUNNING CANDIDATE s0@group-5BD3E7F27A57:t266, leader=null, voted=s0, raftlog=s0@group-5BD3E7F27A57-SegmentedRaftLog:OPENED:c3,f4,i4, conf=3: [s0:0.0.0.0:41468, s1:0.0.0.0:41619, s2:0.0.0.0:44382], old=null RUNNING
  s1:  RUNNING CANDIDATE s1@group-5BD3E7F27A57:t266, leader=null, voted=s1, raftlog=s1@group-5BD3E7F27A57-SegmentedRaftLog:OPENED:c2,f3,i3, conf=2: [s0:0.0.0.0:41468, s1:0.0.0.0:41619, s2:0.0.0.0:44382], old=null RUNNING
  s2:  RUNNING CANDIDATE s2@group-5BD3E7F27A57:t265, leader=null, voted=s2, raftlog=s2@group-5BD3E7F27A57-SegmentedRaftLog:OPENED:c1,f3,i3, conf=3: [s0:0.0.0.0:41468, s1:0.0.0.0:41619, s2:0.0.0.0:44382], old=null RUNNING, sleep 450ms and then retry.
java.lang.IllegalStateException: No leader yet : printing ALL groups
  s0:  RUNNING CANDIDATE s0@group-5BD3E7F27A57:t266, leader=null, voted=s0, raftlog=s0@group-5BD3E7F27A57-SegmentedRaftLog:OPENED:c3,f4,i4, conf=3: [s0:0.0.0.0:41468, s1:0.0.0.0:41619, s2:0.0.0.0:44382], old=null RUNNING
  s1:  RUNNING CANDIDATE s1@group-5BD3E7F27A57:t266, leader=null, voted=s1, raftlog=s1@group-5BD3E7F27A57-SegmentedRaftLog:OPENED:c2,f3,i3, conf=2: [s0:0.0.0.0:41468, s1:0.0.0.0:41619, s2:0.0.0.0:44382], old=null RUNNING
  s2:  RUNNING CANDIDATE s2@group-5BD3E7F27A57:t265, leader=null, voted=s2, raftlog=s2@group-5BD3E7F27A57-SegmentedRaftLog:OPENED:c1,f3,i3, conf=3: [s0:0.0.0.0:41468, s1:0.0.0.0:41619, s2:0.0.0.0:44382], old=null RUNNING
	at org.apache.ratis.MiniRaftCluster.newIllegalStateExceptionForNoLeaders(MiniRaftCluster.java:506)
	at org.apache.ratis.RaftTestUtil.lambda$waitForLeader$1(RaftTestUtil.java:90)
	at org.apache.ratis.MiniRaftCluster.getLeader(MiniRaftCluster.java:539)
	at org.apache.ratis.MiniRaftCluster.getLeader(MiniRaftCluster.java:532)
	at org.apache.ratis.RaftTestUtil.lambda$waitForLeader$3(RaftTestUtil.java:98)
	at org.apache.ratis.util.JavaUtils.attempt(JavaUtils.java:152)
	at org.apache.ratis.RaftTestUtil.waitForLeader(RaftTestUtil.java:97)
	at org.apache.ratis.RaftTestUtil.waitForLeader(RaftTestUtil.java:77)
	at org.apache.ratis.RaftTestUtil.waitForLeader(RaftTestUtil.java:72)
	at org.apache.ratis.RaftTestUtil.lambda$changeLeader$7(RaftTestUtil.java:363)
	at org.apache.ratis.util.JavaUtils.attempt(JavaUtils.java:152)
	at org.apache.ratis.RaftTestUtil.changeLeader(RaftTestUtil.java:362)
	at org.apache.ratis.server.impl.LeaderElectionTests.testChangeLeader(LeaderElectionTests.java:81)
	at sun.reflect.NativeMethodAccessorImpl.invoke0(Native Method)
	at sun.reflect.NativeMethodAccessorImpl.invoke(NativeMethodAccessorImpl.java:62)
	at sun.reflect.DelegatingMethodAccessorImpl.invoke(DelegatingMethodAccessorImpl.java:43)
	at java.lang.reflect.Method.invoke(Method.java:498)
	at org.junit.runners.model.FrameworkMethod$1.runReflectiveCall(FrameworkMethod.java:50)
	at org.junit.internal.runners.model.ReflectiveCallable.run(ReflectiveCallable.java:12)
	at org.junit.runners.model.FrameworkMethod.invokeExplosively(FrameworkMethod.java:47)
	at org.junit.internal.runners.statements.InvokeMethod.evaluate(InvokeMethod.java:17)
	at org.junit.internal.runners.statements.RunAfters.evaluate(RunAfters.java:27)
	at org.junit.internal.runners.statements.FailOnTimeout$CallableStatement.call(FailOnTimeout.java:298)
	at org.junit.internal.runners.statements.FailOnTimeout$CallableStatement.call(FailOnTimeout.java:292)
	at java.util.concurrent.FutureTask.run(FutureTask.java:266)
	at java.lang.Thread.run(Thread.java:748)
2019-09-26 09:50:05,374 WARN  ratis.RaftTestUtil (JavaUtils.java:attempt(158)) - FAILED "waitForLeader-null-(expectLeader? true)", attempt #61/100: java.lang.IllegalStateException: No leader yet : printing ALL groups
  s0:  RUNNING CANDIDATE s0@group-5BD3E7F27A57:t266, leader=null, voted=s0, raftlog=s0@group-5BD3E7F27A57-SegmentedRaftLog:OPENED:c3,f4,i4, conf=3: [s0:0.0.0.0:41468, s1:0.0.0.0:41619, s2:0.0.0.0:44382], old=null RUNNING
  s1:  RUNNING CANDIDATE s1@group-5BD3E7F27A57:t266, leader=null, voted=s1, raftlog=s1@group-5BD3E7F27A57-SegmentedRaftLog:OPENED:c2,f3,i3, conf=2: [s0:0.0.0.0:41468, s1:0.0.0.0:41619, s2:0.0.0.0:44382], old=null RUNNING
  s2:  RUNNING CANDIDATE s2@group-5BD3E7F27A57:t265, leader=null, voted=s2, raftlog=s2@group-5BD3E7F27A57-SegmentedRaftLog:OPENED:c1,f3,i3, conf=3: [s0:0.0.0.0:41468, s1:0.0.0.0:41619, s2:0.0.0.0:44382], old=null RUNNING, sleep 450ms and then retry.
java.lang.IllegalStateException: No leader yet : printing ALL groups
  s0:  RUNNING CANDIDATE s0@group-5BD3E7F27A57:t266, leader=null, voted=s0, raftlog=s0@group-5BD3E7F27A57-SegmentedRaftLog:OPENED:c3,f4,i4, conf=3: [s0:0.0.0.0:41468, s1:0.0.0.0:41619, s2:0.0.0.0:44382], old=null RUNNING
  s1:  RUNNING CANDIDATE s1@group-5BD3E7F27A57:t266, leader=null, voted=s1, raftlog=s1@group-5BD3E7F27A57-SegmentedRaftLog:OPENED:c2,f3,i3, conf=2: [s0:0.0.0.0:41468, s1:0.0.0.0:41619, s2:0.0.0.0:44382], old=null RUNNING
  s2:  RUNNING CANDIDATE s2@group-5BD3E7F27A57:t265, leader=null, voted=s2, raftlog=s2@group-5BD3E7F27A57-SegmentedRaftLog:OPENED:c1,f3,i3, conf=3: [s0:0.0.0.0:41468, s1:0.0.0.0:41619, s2:0.0.0.0:44382], old=null RUNNING
	at org.apache.ratis.MiniRaftCluster.newIllegalStateExceptionForNoLeaders(MiniRaftCluster.java:506)
	at org.apache.ratis.RaftTestUtil.lambda$waitForLeader$1(RaftTestUtil.java:90)
	at org.apache.ratis.MiniRaftCluster.getLeader(MiniRaftCluster.java:539)
	at org.apache.ratis.MiniRaftCluster.getLeader(MiniRaftCluster.java:532)
	at org.apache.ratis.RaftTestUtil.lambda$waitForLeader$3(RaftTestUtil.java:98)
	at org.apache.ratis.util.JavaUtils.attempt(JavaUtils.java:152)
	at org.apache.ratis.RaftTestUtil.waitForLeader(RaftTestUtil.java:97)
	at org.apache.ratis.RaftTestUtil.waitForLeader(RaftTestUtil.java:77)
	at org.apache.ratis.RaftTestUtil.waitForLeader(RaftTestUtil.java:72)
	at org.apache.ratis.RaftTestUtil.lambda$changeLeader$7(RaftTestUtil.java:363)
	at org.apache.ratis.util.JavaUtils.attempt(JavaUtils.java:152)
	at org.apache.ratis.RaftTestUtil.changeLeader(RaftTestUtil.java:362)
	at org.apache.ratis.server.impl.LeaderElectionTests.testChangeLeader(LeaderElectionTests.java:81)
	at sun.reflect.NativeMethodAccessorImpl.invoke0(Native Method)
	at sun.reflect.NativeMethodAccessorImpl.invoke(NativeMethodAccessorImpl.java:62)
	at sun.reflect.DelegatingMethodAccessorImpl.invoke(DelegatingMethodAccessorImpl.java:43)
	at java.lang.reflect.Method.invoke(Method.java:498)
	at org.junit.runners.model.FrameworkMethod$1.runReflectiveCall(FrameworkMethod.java:50)
	at org.junit.internal.runners.model.ReflectiveCallable.run(ReflectiveCallable.java:12)
	at org.junit.runners.model.FrameworkMethod.invokeExplosively(FrameworkMethod.java:47)
	at org.junit.internal.runners.statements.InvokeMethod.evaluate(InvokeMethod.java:17)
	at org.junit.internal.runners.statements.RunAfters.evaluate(RunAfters.java:27)
	at org.junit.internal.runners.statements.FailOnTimeout$CallableStatement.call(FailOnTimeout.java:298)
	at org.junit.internal.runners.statements.FailOnTimeout$CallableStatement.call(FailOnTimeout.java:292)
	at java.util.concurrent.FutureTask.run(FutureTask.java:266)
	at java.lang.Thread.run(Thread.java:748)
2019-09-26 09:50:05,825 WARN  ratis.RaftTestUtil (JavaUtils.java:attempt(158)) - FAILED "waitForLeader-null-(expectLeader? true)", attempt #62/100: java.lang.IllegalStateException: No leader yet : printing ALL groups
  s0:  RUNNING CANDIDATE s0@group-5BD3E7F27A57:t266, leader=null, voted=s0, raftlog=s0@group-5BD3E7F27A57-SegmentedRaftLog:OPENED:c3,f4,i4, conf=3: [s0:0.0.0.0:41468, s1:0.0.0.0:41619, s2:0.0.0.0:44382], old=null RUNNING
  s1:  RUNNING CANDIDATE s1@group-5BD3E7F27A57:t266, leader=null, voted=s1, raftlog=s1@group-5BD3E7F27A57-SegmentedRaftLog:OPENED:c2,f3,i3, conf=2: [s0:0.0.0.0:41468, s1:0.0.0.0:41619, s2:0.0.0.0:44382], old=null RUNNING
  s2:  RUNNING CANDIDATE s2@group-5BD3E7F27A57:t265, leader=null, voted=s2, raftlog=s2@group-5BD3E7F27A57-SegmentedRaftLog:OPENED:c1,f3,i3, conf=3: [s0:0.0.0.0:41468, s1:0.0.0.0:41619, s2:0.0.0.0:44382], old=null RUNNING, sleep 450ms and then retry.
java.lang.IllegalStateException: No leader yet : printing ALL groups
  s0:  RUNNING CANDIDATE s0@group-5BD3E7F27A57:t266, leader=null, voted=s0, raftlog=s0@group-5BD3E7F27A57-SegmentedRaftLog:OPENED:c3,f4,i4, conf=3: [s0:0.0.0.0:41468, s1:0.0.0.0:41619, s2:0.0.0.0:44382], old=null RUNNING
  s1:  RUNNING CANDIDATE s1@group-5BD3E7F27A57:t266, leader=null, voted=s1, raftlog=s1@group-5BD3E7F27A57-SegmentedRaftLog:OPENED:c2,f3,i3, conf=2: [s0:0.0.0.0:41468, s1:0.0.0.0:41619, s2:0.0.0.0:44382], old=null RUNNING
  s2:  RUNNING CANDIDATE s2@group-5BD3E7F27A57:t265, leader=null, voted=s2, raftlog=s2@group-5BD3E7F27A57-SegmentedRaftLog:OPENED:c1,f3,i3, conf=3: [s0:0.0.0.0:41468, s1:0.0.0.0:41619, s2:0.0.0.0:44382], old=null RUNNING
	at org.apache.ratis.MiniRaftCluster.newIllegalStateExceptionForNoLeaders(MiniRaftCluster.java:506)
	at org.apache.ratis.RaftTestUtil.lambda$waitForLeader$1(RaftTestUtil.java:90)
	at org.apache.ratis.MiniRaftCluster.getLeader(MiniRaftCluster.java:539)
	at org.apache.ratis.MiniRaftCluster.getLeader(MiniRaftCluster.java:532)
	at org.apache.ratis.RaftTestUtil.lambda$waitForLeader$3(RaftTestUtil.java:98)
	at org.apache.ratis.util.JavaUtils.attempt(JavaUtils.java:152)
	at org.apache.ratis.RaftTestUtil.waitForLeader(RaftTestUtil.java:97)
	at org.apache.ratis.RaftTestUtil.waitForLeader(RaftTestUtil.java:77)
	at org.apache.ratis.RaftTestUtil.waitForLeader(RaftTestUtil.java:72)
	at org.apache.ratis.RaftTestUtil.lambda$changeLeader$7(RaftTestUtil.java:363)
	at org.apache.ratis.util.JavaUtils.attempt(JavaUtils.java:152)
	at org.apache.ratis.RaftTestUtil.changeLeader(RaftTestUtil.java:362)
	at org.apache.ratis.server.impl.LeaderElectionTests.testChangeLeader(LeaderElectionTests.java:81)
	at sun.reflect.NativeMethodAccessorImpl.invoke0(Native Method)
	at sun.reflect.NativeMethodAccessorImpl.invoke(NativeMethodAccessorImpl.java:62)
	at sun.reflect.DelegatingMethodAccessorImpl.invoke(DelegatingMethodAccessorImpl.java:43)
	at java.lang.reflect.Method.invoke(Method.java:498)
	at org.junit.runners.model.FrameworkMethod$1.runReflectiveCall(FrameworkMethod.java:50)
	at org.junit.internal.runners.model.ReflectiveCallable.run(ReflectiveCallable.java:12)
	at org.junit.runners.model.FrameworkMethod.invokeExplosively(FrameworkMethod.java:47)
	at org.junit.internal.runners.statements.InvokeMethod.evaluate(InvokeMethod.java:17)
	at org.junit.internal.runners.statements.RunAfters.evaluate(RunAfters.java:27)
	at org.junit.internal.runners.statements.FailOnTimeout$CallableStatement.call(FailOnTimeout.java:298)
	at org.junit.internal.runners.statements.FailOnTimeout$CallableStatement.call(FailOnTimeout.java:292)
	at java.util.concurrent.FutureTask.run(FutureTask.java:266)
	at java.lang.Thread.run(Thread.java:748)
2019-09-26 09:50:06,277 WARN  ratis.RaftTestUtil (JavaUtils.java:attempt(158)) - FAILED "waitForLeader-null-(expectLeader? true)", attempt #63/100: java.lang.IllegalStateException: No leader yet : printing ALL groups
  s0:  RUNNING CANDIDATE s0@group-5BD3E7F27A57:t266, leader=null, voted=s0, raftlog=s0@group-5BD3E7F27A57-SegmentedRaftLog:OPENED:c3,f4,i4, conf=3: [s0:0.0.0.0:41468, s1:0.0.0.0:41619, s2:0.0.0.0:44382], old=null RUNNING
  s1:  RUNNING CANDIDATE s1@group-5BD3E7F27A57:t266, leader=null, voted=s1, raftlog=s1@group-5BD3E7F27A57-SegmentedRaftLog:OPENED:c2,f3,i3, conf=2: [s0:0.0.0.0:41468, s1:0.0.0.0:41619, s2:0.0.0.0:44382], old=null RUNNING
  s2:  RUNNING CANDIDATE s2@group-5BD3E7F27A57:t265, leader=null, voted=s2, raftlog=s2@group-5BD3E7F27A57-SegmentedRaftLog:OPENED:c1,f3,i3, conf=3: [s0:0.0.0.0:41468, s1:0.0.0.0:41619, s2:0.0.0.0:44382], old=null RUNNING, sleep 450ms and then retry.
java.lang.IllegalStateException: No leader yet : printing ALL groups
  s0:  RUNNING CANDIDATE s0@group-5BD3E7F27A57:t266, leader=null, voted=s0, raftlog=s0@group-5BD3E7F27A57-SegmentedRaftLog:OPENED:c3,f4,i4, conf=3: [s0:0.0.0.0:41468, s1:0.0.0.0:41619, s2:0.0.0.0:44382], old=null RUNNING
  s1:  RUNNING CANDIDATE s1@group-5BD3E7F27A57:t266, leader=null, voted=s1, raftlog=s1@group-5BD3E7F27A57-SegmentedRaftLog:OPENED:c2,f3,i3, conf=2: [s0:0.0.0.0:41468, s1:0.0.0.0:41619, s2:0.0.0.0:44382], old=null RUNNING
  s2:  RUNNING CANDIDATE s2@group-5BD3E7F27A57:t265, leader=null, voted=s2, raftlog=s2@group-5BD3E7F27A57-SegmentedRaftLog:OPENED:c1,f3,i3, conf=3: [s0:0.0.0.0:41468, s1:0.0.0.0:41619, s2:0.0.0.0:44382], old=null RUNNING
	at org.apache.ratis.MiniRaftCluster.newIllegalStateExceptionForNoLeaders(MiniRaftCluster.java:506)
	at org.apache.ratis.RaftTestUtil.lambda$waitForLeader$1(RaftTestUtil.java:90)
	at org.apache.ratis.MiniRaftCluster.getLeader(MiniRaftCluster.java:539)
	at org.apache.ratis.MiniRaftCluster.getLeader(MiniRaftCluster.java:532)
	at org.apache.ratis.RaftTestUtil.lambda$waitForLeader$3(RaftTestUtil.java:98)
	at org.apache.ratis.util.JavaUtils.attempt(JavaUtils.java:152)
	at org.apache.ratis.RaftTestUtil.waitForLeader(RaftTestUtil.java:97)
	at org.apache.ratis.RaftTestUtil.waitForLeader(RaftTestUtil.java:77)
	at org.apache.ratis.RaftTestUtil.waitForLeader(RaftTestUtil.java:72)
	at org.apache.ratis.RaftTestUtil.lambda$changeLeader$7(RaftTestUtil.java:363)
	at org.apache.ratis.util.JavaUtils.attempt(JavaUtils.java:152)
	at org.apache.ratis.RaftTestUtil.changeLeader(RaftTestUtil.java:362)
	at org.apache.ratis.server.impl.LeaderElectionTests.testChangeLeader(LeaderElectionTests.java:81)
	at sun.reflect.NativeMethodAccessorImpl.invoke0(Native Method)
	at sun.reflect.NativeMethodAccessorImpl.invoke(NativeMethodAccessorImpl.java:62)
	at sun.reflect.DelegatingMethodAccessorImpl.invoke(DelegatingMethodAccessorImpl.java:43)
	at java.lang.reflect.Method.invoke(Method.java:498)
	at org.junit.runners.model.FrameworkMethod$1.runReflectiveCall(FrameworkMethod.java:50)
	at org.junit.internal.runners.model.ReflectiveCallable.run(ReflectiveCallable.java:12)
	at org.junit.runners.model.FrameworkMethod.invokeExplosively(FrameworkMethod.java:47)
	at org.junit.internal.runners.statements.InvokeMethod.evaluate(InvokeMethod.java:17)
	at org.junit.internal.runners.statements.RunAfters.evaluate(RunAfters.java:27)
	at org.junit.internal.runners.statements.FailOnTimeout$CallableStatement.call(FailOnTimeout.java:298)
	at org.junit.internal.runners.statements.FailOnTimeout$CallableStatement.call(FailOnTimeout.java:292)
	at java.util.concurrent.FutureTask.run(FutureTask.java:266)
	at java.lang.Thread.run(Thread.java:748)
2019-09-26 09:50:06,728 WARN  ratis.RaftTestUtil (JavaUtils.java:attempt(158)) - FAILED "waitForLeader-null-(expectLeader? true)", attempt #64/100: java.lang.IllegalStateException: No leader yet : printing ALL groups
  s0:  RUNNING CANDIDATE s0@group-5BD3E7F27A57:t266, leader=null, voted=s0, raftlog=s0@group-5BD3E7F27A57-SegmentedRaftLog:OPENED:c3,f4,i4, conf=3: [s0:0.0.0.0:41468, s1:0.0.0.0:41619, s2:0.0.0.0:44382], old=null RUNNING
  s1:  RUNNING CANDIDATE s1@group-5BD3E7F27A57:t266, leader=null, voted=s1, raftlog=s1@group-5BD3E7F27A57-SegmentedRaftLog:OPENED:c2,f3,i3, conf=2: [s0:0.0.0.0:41468, s1:0.0.0.0:41619, s2:0.0.0.0:44382], old=null RUNNING
  s2:  RUNNING CANDIDATE s2@group-5BD3E7F27A57:t265, leader=null, voted=s2, raftlog=s2@group-5BD3E7F27A57-SegmentedRaftLog:OPENED:c1,f3,i3, conf=3: [s0:0.0.0.0:41468, s1:0.0.0.0:41619, s2:0.0.0.0:44382], old=null RUNNING, sleep 450ms and then retry.
java.lang.IllegalStateException: No leader yet : printing ALL groups
  s0:  RUNNING CANDIDATE s0@group-5BD3E7F27A57:t266, leader=null, voted=s0, raftlog=s0@group-5BD3E7F27A57-SegmentedRaftLog:OPENED:c3,f4,i4, conf=3: [s0:0.0.0.0:41468, s1:0.0.0.0:41619, s2:0.0.0.0:44382], old=null RUNNING
  s1:  RUNNING CANDIDATE s1@group-5BD3E7F27A57:t266, leader=null, voted=s1, raftlog=s1@group-5BD3E7F27A57-SegmentedRaftLog:OPENED:c2,f3,i3, conf=2: [s0:0.0.0.0:41468, s1:0.0.0.0:41619, s2:0.0.0.0:44382], old=null RUNNING
  s2:  RUNNING CANDIDATE s2@group-5BD3E7F27A57:t265, leader=null, voted=s2, raftlog=s2@group-5BD3E7F27A57-SegmentedRaftLog:OPENED:c1,f3,i3, conf=3: [s0:0.0.0.0:41468, s1:0.0.0.0:41619, s2:0.0.0.0:44382], old=null RUNNING
	at org.apache.ratis.MiniRaftCluster.newIllegalStateExceptionForNoLeaders(MiniRaftCluster.java:506)
	at org.apache.ratis.RaftTestUtil.lambda$waitForLeader$1(RaftTestUtil.java:90)
	at org.apache.ratis.MiniRaftCluster.getLeader(MiniRaftCluster.java:539)
	at org.apache.ratis.MiniRaftCluster.getLeader(MiniRaftCluster.java:532)
	at org.apache.ratis.RaftTestUtil.lambda$waitForLeader$3(RaftTestUtil.java:98)
	at org.apache.ratis.util.JavaUtils.attempt(JavaUtils.java:152)
	at org.apache.ratis.RaftTestUtil.waitForLeader(RaftTestUtil.java:97)
	at org.apache.ratis.RaftTestUtil.waitForLeader(RaftTestUtil.java:77)
	at org.apache.ratis.RaftTestUtil.waitForLeader(RaftTestUtil.java:72)
	at org.apache.ratis.RaftTestUtil.lambda$changeLeader$7(RaftTestUtil.java:363)
	at org.apache.ratis.util.JavaUtils.attempt(JavaUtils.java:152)
	at org.apache.ratis.RaftTestUtil.changeLeader(RaftTestUtil.java:362)
	at org.apache.ratis.server.impl.LeaderElectionTests.testChangeLeader(LeaderElectionTests.java:81)
	at sun.reflect.NativeMethodAccessorImpl.invoke0(Native Method)
	at sun.reflect.NativeMethodAccessorImpl.invoke(NativeMethodAccessorImpl.java:62)
	at sun.reflect.DelegatingMethodAccessorImpl.invoke(DelegatingMethodAccessorImpl.java:43)
	at java.lang.reflect.Method.invoke(Method.java:498)
	at org.junit.runners.model.FrameworkMethod$1.runReflectiveCall(FrameworkMethod.java:50)
	at org.junit.internal.runners.model.ReflectiveCallable.run(ReflectiveCallable.java:12)
	at org.junit.runners.model.FrameworkMethod.invokeExplosively(FrameworkMethod.java:47)
	at org.junit.internal.runners.statements.InvokeMethod.evaluate(InvokeMethod.java:17)
	at org.junit.internal.runners.statements.RunAfters.evaluate(RunAfters.java:27)
	at org.junit.internal.runners.statements.FailOnTimeout$CallableStatement.call(FailOnTimeout.java:298)
	at org.junit.internal.runners.statements.FailOnTimeout$CallableStatement.call(FailOnTimeout.java:292)
	at java.util.concurrent.FutureTask.run(FutureTask.java:266)
	at java.lang.Thread.run(Thread.java:748)
2019-09-26 09:50:07,179 WARN  ratis.RaftTestUtil (JavaUtils.java:attempt(158)) - FAILED "waitForLeader-null-(expectLeader? true)", attempt #65/100: java.lang.IllegalStateException: No leader yet : printing ALL groups
  s0:  RUNNING CANDIDATE s0@group-5BD3E7F27A57:t266, leader=null, voted=s0, raftlog=s0@group-5BD3E7F27A57-SegmentedRaftLog:OPENED:c3,f4,i4, conf=3: [s0:0.0.0.0:41468, s1:0.0.0.0:41619, s2:0.0.0.0:44382], old=null RUNNING
  s1:  RUNNING CANDIDATE s1@group-5BD3E7F27A57:t266, leader=null, voted=s1, raftlog=s1@group-5BD3E7F27A57-SegmentedRaftLog:OPENED:c2,f3,i3, conf=2: [s0:0.0.0.0:41468, s1:0.0.0.0:41619, s2:0.0.0.0:44382], old=null RUNNING
  s2:  RUNNING CANDIDATE s2@group-5BD3E7F27A57:t265, leader=null, voted=s2, raftlog=s2@group-5BD3E7F27A57-SegmentedRaftLog:OPENED:c1,f3,i3, conf=3: [s0:0.0.0.0:41468, s1:0.0.0.0:41619, s2:0.0.0.0:44382], old=null RUNNING, sleep 450ms and then retry.
java.lang.IllegalStateException: No leader yet : printing ALL groups
  s0:  RUNNING CANDIDATE s0@group-5BD3E7F27A57:t266, leader=null, voted=s0, raftlog=s0@group-5BD3E7F27A57-SegmentedRaftLog:OPENED:c3,f4,i4, conf=3: [s0:0.0.0.0:41468, s1:0.0.0.0:41619, s2:0.0.0.0:44382], old=null RUNNING
  s1:  RUNNING CANDIDATE s1@group-5BD3E7F27A57:t266, leader=null, voted=s1, raftlog=s1@group-5BD3E7F27A57-SegmentedRaftLog:OPENED:c2,f3,i3, conf=2: [s0:0.0.0.0:41468, s1:0.0.0.0:41619, s2:0.0.0.0:44382], old=null RUNNING
  s2:  RUNNING CANDIDATE s2@group-5BD3E7F27A57:t265, leader=null, voted=s2, raftlog=s2@group-5BD3E7F27A57-SegmentedRaftLog:OPENED:c1,f3,i3, conf=3: [s0:0.0.0.0:41468, s1:0.0.0.0:41619, s2:0.0.0.0:44382], old=null RUNNING
	at org.apache.ratis.MiniRaftCluster.newIllegalStateExceptionForNoLeaders(MiniRaftCluster.java:506)
	at org.apache.ratis.RaftTestUtil.lambda$waitForLeader$1(RaftTestUtil.java:90)
	at org.apache.ratis.MiniRaftCluster.getLeader(MiniRaftCluster.java:539)
	at org.apache.ratis.MiniRaftCluster.getLeader(MiniRaftCluster.java:532)
	at org.apache.ratis.RaftTestUtil.lambda$waitForLeader$3(RaftTestUtil.java:98)
	at org.apache.ratis.util.JavaUtils.attempt(JavaUtils.java:152)
	at org.apache.ratis.RaftTestUtil.waitForLeader(RaftTestUtil.java:97)
	at org.apache.ratis.RaftTestUtil.waitForLeader(RaftTestUtil.java:77)
	at org.apache.ratis.RaftTestUtil.waitForLeader(RaftTestUtil.java:72)
	at org.apache.ratis.RaftTestUtil.lambda$changeLeader$7(RaftTestUtil.java:363)
	at org.apache.ratis.util.JavaUtils.attempt(JavaUtils.java:152)
	at org.apache.ratis.RaftTestUtil.changeLeader(RaftTestUtil.java:362)
	at org.apache.ratis.server.impl.LeaderElectionTests.testChangeLeader(LeaderElectionTests.java:81)
	at sun.reflect.NativeMethodAccessorImpl.invoke0(Native Method)
	at sun.reflect.NativeMethodAccessorImpl.invoke(NativeMethodAccessorImpl.java:62)
	at sun.reflect.DelegatingMethodAccessorImpl.invoke(DelegatingMethodAccessorImpl.java:43)
	at java.lang.reflect.Method.invoke(Method.java:498)
	at org.junit.runners.model.FrameworkMethod$1.runReflectiveCall(FrameworkMethod.java:50)
	at org.junit.internal.runners.model.ReflectiveCallable.run(ReflectiveCallable.java:12)
	at org.junit.runners.model.FrameworkMethod.invokeExplosively(FrameworkMethod.java:47)
	at org.junit.internal.runners.statements.InvokeMethod.evaluate(InvokeMethod.java:17)
	at org.junit.internal.runners.statements.RunAfters.evaluate(RunAfters.java:27)
	at org.junit.internal.runners.statements.FailOnTimeout$CallableStatement.call(FailOnTimeout.java:298)
	at org.junit.internal.runners.statements.FailOnTimeout$CallableStatement.call(FailOnTimeout.java:292)
	at java.util.concurrent.FutureTask.run(FutureTask.java:266)
	at java.lang.Thread.run(Thread.java:748)
2019-09-26 09:50:07,630 WARN  ratis.RaftTestUtil (JavaUtils.java:attempt(158)) - FAILED "waitForLeader-null-(expectLeader? true)", attempt #66/100: java.lang.IllegalStateException: No leader yet : printing ALL groups
  s0:  RUNNING CANDIDATE s0@group-5BD3E7F27A57:t266, leader=null, voted=s0, raftlog=s0@group-5BD3E7F27A57-SegmentedRaftLog:OPENED:c3,f4,i4, conf=3: [s0:0.0.0.0:41468, s1:0.0.0.0:41619, s2:0.0.0.0:44382], old=null RUNNING
  s1:  RUNNING CANDIDATE s1@group-5BD3E7F27A57:t266, leader=null, voted=s1, raftlog=s1@group-5BD3E7F27A57-SegmentedRaftLog:OPENED:c2,f3,i3, conf=2: [s0:0.0.0.0:41468, s1:0.0.0.0:41619, s2:0.0.0.0:44382], old=null RUNNING
  s2:  RUNNING CANDIDATE s2@group-5BD3E7F27A57:t265, leader=null, voted=s2, raftlog=s2@group-5BD3E7F27A57-SegmentedRaftLog:OPENED:c1,f3,i3, conf=3: [s0:0.0.0.0:41468, s1:0.0.0.0:41619, s2:0.0.0.0:44382], old=null RUNNING, sleep 450ms and then retry.
java.lang.IllegalStateException: No leader yet : printing ALL groups
  s0:  RUNNING CANDIDATE s0@group-5BD3E7F27A57:t266, leader=null, voted=s0, raftlog=s0@group-5BD3E7F27A57-SegmentedRaftLog:OPENED:c3,f4,i4, conf=3: [s0:0.0.0.0:41468, s1:0.0.0.0:41619, s2:0.0.0.0:44382], old=null RUNNING
  s1:  RUNNING CANDIDATE s1@group-5BD3E7F27A57:t266, leader=null, voted=s1, raftlog=s1@group-5BD3E7F27A57-SegmentedRaftLog:OPENED:c2,f3,i3, conf=2: [s0:0.0.0.0:41468, s1:0.0.0.0:41619, s2:0.0.0.0:44382], old=null RUNNING
  s2:  RUNNING CANDIDATE s2@group-5BD3E7F27A57:t265, leader=null, voted=s2, raftlog=s2@group-5BD3E7F27A57-SegmentedRaftLog:OPENED:c1,f3,i3, conf=3: [s0:0.0.0.0:41468, s1:0.0.0.0:41619, s2:0.0.0.0:44382], old=null RUNNING
	at org.apache.ratis.MiniRaftCluster.newIllegalStateExceptionForNoLeaders(MiniRaftCluster.java:506)
	at org.apache.ratis.RaftTestUtil.lambda$waitForLeader$1(RaftTestUtil.java:90)
	at org.apache.ratis.MiniRaftCluster.getLeader(MiniRaftCluster.java:539)
	at org.apache.ratis.MiniRaftCluster.getLeader(MiniRaftCluster.java:532)
	at org.apache.ratis.RaftTestUtil.lambda$waitForLeader$3(RaftTestUtil.java:98)
	at org.apache.ratis.util.JavaUtils.attempt(JavaUtils.java:152)
	at org.apache.ratis.RaftTestUtil.waitForLeader(RaftTestUtil.java:97)
	at org.apache.ratis.RaftTestUtil.waitForLeader(RaftTestUtil.java:77)
	at org.apache.ratis.RaftTestUtil.waitForLeader(RaftTestUtil.java:72)
	at org.apache.ratis.RaftTestUtil.lambda$changeLeader$7(RaftTestUtil.java:363)
	at org.apache.ratis.util.JavaUtils.attempt(JavaUtils.java:152)
	at org.apache.ratis.RaftTestUtil.changeLeader(RaftTestUtil.java:362)
	at org.apache.ratis.server.impl.LeaderElectionTests.testChangeLeader(LeaderElectionTests.java:81)
	at sun.reflect.NativeMethodAccessorImpl.invoke0(Native Method)
	at sun.reflect.NativeMethodAccessorImpl.invoke(NativeMethodAccessorImpl.java:62)
	at sun.reflect.DelegatingMethodAccessorImpl.invoke(DelegatingMethodAccessorImpl.java:43)
	at java.lang.reflect.Method.invoke(Method.java:498)
	at org.junit.runners.model.FrameworkMethod$1.runReflectiveCall(FrameworkMethod.java:50)
	at org.junit.internal.runners.model.ReflectiveCallable.run(ReflectiveCallable.java:12)
	at org.junit.runners.model.FrameworkMethod.invokeExplosively(FrameworkMethod.java:47)
	at org.junit.internal.runners.statements.InvokeMethod.evaluate(InvokeMethod.java:17)
	at org.junit.internal.runners.statements.RunAfters.evaluate(RunAfters.java:27)
	at org.junit.internal.runners.statements.FailOnTimeout$CallableStatement.call(FailOnTimeout.java:298)
	at org.junit.internal.runners.statements.FailOnTimeout$CallableStatement.call(FailOnTimeout.java:292)
	at java.util.concurrent.FutureTask.run(FutureTask.java:266)
	at java.lang.Thread.run(Thread.java:748)
2019-09-26 09:50:08,082 WARN  ratis.RaftTestUtil (JavaUtils.java:attempt(158)) - FAILED "waitForLeader-null-(expectLeader? true)", attempt #67/100: java.lang.IllegalStateException: No leader yet : printing ALL groups
  s0:  RUNNING CANDIDATE s0@group-5BD3E7F27A57:t266, leader=null, voted=s0, raftlog=s0@group-5BD3E7F27A57-SegmentedRaftLog:OPENED:c3,f4,i4, conf=3: [s0:0.0.0.0:41468, s1:0.0.0.0:41619, s2:0.0.0.0:44382], old=null RUNNING
  s1:  RUNNING CANDIDATE s1@group-5BD3E7F27A57:t266, leader=null, voted=s1, raftlog=s1@group-5BD3E7F27A57-SegmentedRaftLog:OPENED:c2,f3,i3, conf=2: [s0:0.0.0.0:41468, s1:0.0.0.0:41619, s2:0.0.0.0:44382], old=null RUNNING
  s2:  RUNNING CANDIDATE s2@group-5BD3E7F27A57:t265, leader=null, voted=s2, raftlog=s2@group-5BD3E7F27A57-SegmentedRaftLog:OPENED:c1,f3,i3, conf=3: [s0:0.0.0.0:41468, s1:0.0.0.0:41619, s2:0.0.0.0:44382], old=null RUNNING, sleep 450ms and then retry.
java.lang.IllegalStateException: No leader yet : printing ALL groups
  s0:  RUNNING CANDIDATE s0@group-5BD3E7F27A57:t266, leader=null, voted=s0, raftlog=s0@group-5BD3E7F27A57-SegmentedRaftLog:OPENED:c3,f4,i4, conf=3: [s0:0.0.0.0:41468, s1:0.0.0.0:41619, s2:0.0.0.0:44382], old=null RUNNING
  s1:  RUNNING CANDIDATE s1@group-5BD3E7F27A57:t266, leader=null, voted=s1, raftlog=s1@group-5BD3E7F27A57-SegmentedRaftLog:OPENED:c2,f3,i3, conf=2: [s0:0.0.0.0:41468, s1:0.0.0.0:41619, s2:0.0.0.0:44382], old=null RUNNING
  s2:  RUNNING CANDIDATE s2@group-5BD3E7F27A57:t265, leader=null, voted=s2, raftlog=s2@group-5BD3E7F27A57-SegmentedRaftLog:OPENED:c1,f3,i3, conf=3: [s0:0.0.0.0:41468, s1:0.0.0.0:41619, s2:0.0.0.0:44382], old=null RUNNING
	at org.apache.ratis.MiniRaftCluster.newIllegalStateExceptionForNoLeaders(MiniRaftCluster.java:506)
	at org.apache.ratis.RaftTestUtil.lambda$waitForLeader$1(RaftTestUtil.java:90)
	at org.apache.ratis.MiniRaftCluster.getLeader(MiniRaftCluster.java:539)
	at org.apache.ratis.MiniRaftCluster.getLeader(MiniRaftCluster.java:532)
	at org.apache.ratis.RaftTestUtil.lambda$waitForLeader$3(RaftTestUtil.java:98)
	at org.apache.ratis.util.JavaUtils.attempt(JavaUtils.java:152)
	at org.apache.ratis.RaftTestUtil.waitForLeader(RaftTestUtil.java:97)
	at org.apache.ratis.RaftTestUtil.waitForLeader(RaftTestUtil.java:77)
	at org.apache.ratis.RaftTestUtil.waitForLeader(RaftTestUtil.java:72)
	at org.apache.ratis.RaftTestUtil.lambda$changeLeader$7(RaftTestUtil.java:363)
	at org.apache.ratis.util.JavaUtils.attempt(JavaUtils.java:152)
	at org.apache.ratis.RaftTestUtil.changeLeader(RaftTestUtil.java:362)
	at org.apache.ratis.server.impl.LeaderElectionTests.testChangeLeader(LeaderElectionTests.java:81)
	at sun.reflect.NativeMethodAccessorImpl.invoke0(Native Method)
	at sun.reflect.NativeMethodAccessorImpl.invoke(NativeMethodAccessorImpl.java:62)
	at sun.reflect.DelegatingMethodAccessorImpl.invoke(DelegatingMethodAccessorImpl.java:43)
	at java.lang.reflect.Method.invoke(Method.java:498)
	at org.junit.runners.model.FrameworkMethod$1.runReflectiveCall(FrameworkMethod.java:50)
	at org.junit.internal.runners.model.ReflectiveCallable.run(ReflectiveCallable.java:12)
	at org.junit.runners.model.FrameworkMethod.invokeExplosively(FrameworkMethod.java:47)
	at org.junit.internal.runners.statements.InvokeMethod.evaluate(InvokeMethod.java:17)
	at org.junit.internal.runners.statements.RunAfters.evaluate(RunAfters.java:27)
	at org.junit.internal.runners.statements.FailOnTimeout$CallableStatement.call(FailOnTimeout.java:298)
	at org.junit.internal.runners.statements.FailOnTimeout$CallableStatement.call(FailOnTimeout.java:292)
	at java.util.concurrent.FutureTask.run(FutureTask.java:266)
	at java.lang.Thread.run(Thread.java:748)
2019-09-26 09:50:08,533 WARN  ratis.RaftTestUtil (JavaUtils.java:attempt(158)) - FAILED "waitForLeader-null-(expectLeader? true)", attempt #68/100: java.lang.IllegalStateException: No leader yet : printing ALL groups
  s0:  RUNNING CANDIDATE s0@group-5BD3E7F27A57:t266, leader=null, voted=s0, raftlog=s0@group-5BD3E7F27A57-SegmentedRaftLog:OPENED:c3,f4,i4, conf=3: [s0:0.0.0.0:41468, s1:0.0.0.0:41619, s2:0.0.0.0:44382], old=null RUNNING
  s1:  RUNNING CANDIDATE s1@group-5BD3E7F27A57:t266, leader=null, voted=s1, raftlog=s1@group-5BD3E7F27A57-SegmentedRaftLog:OPENED:c2,f3,i3, conf=2: [s0:0.0.0.0:41468, s1:0.0.0.0:41619, s2:0.0.0.0:44382], old=null RUNNING
  s2:  RUNNING CANDIDATE s2@group-5BD3E7F27A57:t265, leader=null, voted=s2, raftlog=s2@group-5BD3E7F27A57-SegmentedRaftLog:OPENED:c1,f3,i3, conf=3: [s0:0.0.0.0:41468, s1:0.0.0.0:41619, s2:0.0.0.0:44382], old=null RUNNING, sleep 450ms and then retry.
java.lang.IllegalStateException: No leader yet : printing ALL groups
  s0:  RUNNING CANDIDATE s0@group-5BD3E7F27A57:t266, leader=null, voted=s0, raftlog=s0@group-5BD3E7F27A57-SegmentedRaftLog:OPENED:c3,f4,i4, conf=3: [s0:0.0.0.0:41468, s1:0.0.0.0:41619, s2:0.0.0.0:44382], old=null RUNNING
  s1:  RUNNING CANDIDATE s1@group-5BD3E7F27A57:t266, leader=null, voted=s1, raftlog=s1@group-5BD3E7F27A57-SegmentedRaftLog:OPENED:c2,f3,i3, conf=2: [s0:0.0.0.0:41468, s1:0.0.0.0:41619, s2:0.0.0.0:44382], old=null RUNNING
  s2:  RUNNING CANDIDATE s2@group-5BD3E7F27A57:t265, leader=null, voted=s2, raftlog=s2@group-5BD3E7F27A57-SegmentedRaftLog:OPENED:c1,f3,i3, conf=3: [s0:0.0.0.0:41468, s1:0.0.0.0:41619, s2:0.0.0.0:44382], old=null RUNNING
	at org.apache.ratis.MiniRaftCluster.newIllegalStateExceptionForNoLeaders(MiniRaftCluster.java:506)
	at org.apache.ratis.RaftTestUtil.lambda$waitForLeader$1(RaftTestUtil.java:90)
	at org.apache.ratis.MiniRaftCluster.getLeader(MiniRaftCluster.java:539)
	at org.apache.ratis.MiniRaftCluster.getLeader(MiniRaftCluster.java:532)
	at org.apache.ratis.RaftTestUtil.lambda$waitForLeader$3(RaftTestUtil.java:98)
	at org.apache.ratis.util.JavaUtils.attempt(JavaUtils.java:152)
	at org.apache.ratis.RaftTestUtil.waitForLeader(RaftTestUtil.java:97)
	at org.apache.ratis.RaftTestUtil.waitForLeader(RaftTestUtil.java:77)
	at org.apache.ratis.RaftTestUtil.waitForLeader(RaftTestUtil.java:72)
	at org.apache.ratis.RaftTestUtil.lambda$changeLeader$7(RaftTestUtil.java:363)
	at org.apache.ratis.util.JavaUtils.attempt(JavaUtils.java:152)
	at org.apache.ratis.RaftTestUtil.changeLeader(RaftTestUtil.java:362)
	at org.apache.ratis.server.impl.LeaderElectionTests.testChangeLeader(LeaderElectionTests.java:81)
	at sun.reflect.NativeMethodAccessorImpl.invoke0(Native Method)
	at sun.reflect.NativeMethodAccessorImpl.invoke(NativeMethodAccessorImpl.java:62)
	at sun.reflect.DelegatingMethodAccessorImpl.invoke(DelegatingMethodAccessorImpl.java:43)
	at java.lang.reflect.Method.invoke(Method.java:498)
	at org.junit.runners.model.FrameworkMethod$1.runReflectiveCall(FrameworkMethod.java:50)
	at org.junit.internal.runners.model.ReflectiveCallable.run(ReflectiveCallable.java:12)
	at org.junit.runners.model.FrameworkMethod.invokeExplosively(FrameworkMethod.java:47)
	at org.junit.internal.runners.statements.InvokeMethod.evaluate(InvokeMethod.java:17)
	at org.junit.internal.runners.statements.RunAfters.evaluate(RunAfters.java:27)
	at org.junit.internal.runners.statements.FailOnTimeout$CallableStatement.call(FailOnTimeout.java:298)
	at org.junit.internal.runners.statements.FailOnTimeout$CallableStatement.call(FailOnTimeout.java:292)
	at java.util.concurrent.FutureTask.run(FutureTask.java:266)
	at java.lang.Thread.run(Thread.java:748)
2019-09-26 09:50:08,650 INFO  impl.LeaderElection (LeaderElection.java:askForVotes(178)) - s2@group-5BD3E7F27A57-LeaderElection101: begin an election at term 265 for 3: [s0:0.0.0.0:41468, s1:0.0.0.0:41619, s2:0.0.0.0:44382], old=null
2019-09-26 09:50:08,650 INFO  impl.LeaderElection (LeaderElection.java:askForVotes(178)) - s1@group-5BD3E7F27A57-LeaderElection98: begin an election at term 266 for 2: [s0:0.0.0.0:41468, s1:0.0.0.0:41619, s2:0.0.0.0:44382], old=null
2019-09-26 09:50:08,651 INFO  impl.LeaderElection (LeaderElection.java:askForVotes(178)) - s0@group-5BD3E7F27A57-LeaderElection102: begin an election at term 266 for 3: [s0:0.0.0.0:41468, s1:0.0.0.0:41619, s2:0.0.0.0:44382], old=null
2019-09-26 09:50:08,652 DEBUG impl.RaftServerImpl (RaftServerImpl.java:requestVote(743)) - s0@group-5BD3E7F27A57: receive requestVote(s1, group-5BD3E7F27A57, 266, (t:3, i:3))
2019-09-26 09:50:08,652 DEBUG impl.RaftServerImpl (RaftServerImpl.java:requestVote(743)) - s0@group-5BD3E7F27A57: receive requestVote(s2, group-5BD3E7F27A57, 265, (t:4, i:3))
2019-09-26 09:50:08,653 DEBUG impl.RaftServerImpl (RaftServerImpl.java:requestVote(775)) - s0@group-5BD3E7F27A57 replies to vote request: s1<-s0#0:FAIL-t266. Peer's state: s0@group-5BD3E7F27A57:t266, leader=null, voted=s0, raftlog=s0@group-5BD3E7F27A57-SegmentedRaftLog:OPENED:c3,f4,i4, conf=3: [s0:0.0.0.0:41468, s1:0.0.0.0:41619, s2:0.0.0.0:44382], old=null
2019-09-26 09:50:08,653 DEBUG impl.RaftServerImpl (RaftServerImpl.java:requestVote(775)) - s0@group-5BD3E7F27A57 replies to vote request: s2<-s0#0:FAIL-t266. Peer's state: s0@group-5BD3E7F27A57:t266, leader=null, voted=s0, raftlog=s0@group-5BD3E7F27A57-SegmentedRaftLog:OPENED:c3,f4,i4, conf=3: [s0:0.0.0.0:41468, s1:0.0.0.0:41619, s2:0.0.0.0:44382], old=null
2019-09-26 09:50:08,653 INFO  impl.LeaderElection (LeaderElection.java:logAndReturn(56)) - s2@group-5BD3E7F27A57-LeaderElection101: Election DISCOVERED_A_NEW_TERM; received 1 response(s) [s2<-s0#0:FAIL-t266] and 0 exception(s); s2@group-5BD3E7F27A57:t265, leader=null, voted=s2, raftlog=s2@group-5BD3E7F27A57-SegmentedRaftLog:OPENED:c1,f3,i3, conf=3: [s0:0.0.0.0:41468, s1:0.0.0.0:41619, s2:0.0.0.0:44382], old=null
2019-09-26 09:50:08,654 INFO  impl.RaftServerImpl (RaftServerImpl.java:setRole(170)) - s2@group-5BD3E7F27A57: changes role from CANDIDATE to FOLLOWER at term 266 for DISCOVERED_A_NEW_TERM
2019-09-26 09:50:08,654 INFO  impl.RoleInfo (RoleInfo.java:shutdownLeaderElection(134)) - s2: shutdown LeaderElection
2019-09-26 09:50:08,654 INFO  impl.RoleInfo (RoleInfo.java:updateAndGet(143)) - s2: start FollowerState
2019-09-26 09:50:08,839 INFO  impl.FollowerState (FollowerState.java:run(108)) - s2@group-5BD3E7F27A57-FollowerState: change to CANDIDATE, lastRpcTime:184ms, electionTimeout:184ms
2019-09-26 09:50:08,839 INFO  impl.RoleInfo (RoleInfo.java:shutdownFollowerState(121)) - s2: shutdown FollowerState
2019-09-26 09:50:08,839 INFO  impl.RaftServerImpl (RaftServerImpl.java:setRole(170)) - s2@group-5BD3E7F27A57: changes role from  FOLLOWER to CANDIDATE at term 266 for changeToCandidate
2019-09-26 09:50:08,858 INFO  impl.RoleInfo (RoleInfo.java:updateAndGet(143)) - s2: start LeaderElection
2019-09-26 09:50:08,867 INFO  impl.LeaderElection (LeaderElection.java:askForVotes(178)) - s2@group-5BD3E7F27A57-LeaderElection103: begin an election at term 267 for 3: [s0:0.0.0.0:41468, s1:0.0.0.0:41619, s2:0.0.0.0:44382], old=null
2019-09-26 09:50:08,867 DEBUG impl.RaftServerImpl (RaftServerImpl.java:requestVote(743)) - s0@group-5BD3E7F27A57: receive requestVote(s2, group-5BD3E7F27A57, 267, (t:4, i:3))
2019-09-26 09:50:08,868 INFO  impl.RaftServerImpl (RaftServerImpl.java:setRole(170)) - s0@group-5BD3E7F27A57: changes role from CANDIDATE to FOLLOWER at term 267 for recognizeCandidate:s2
2019-09-26 09:50:08,868 INFO  impl.RoleInfo (RoleInfo.java:shutdownLeaderElection(134)) - s0: shutdown LeaderElection
2019-09-26 09:50:08,868 INFO  impl.RoleInfo (RoleInfo.java:updateAndGet(143)) - s0: start FollowerState
2019-09-26 09:50:08,870 INFO  impl.LeaderElection (LeaderElection.java:logAndReturn(56)) - s1@group-5BD3E7F27A57-LeaderElection98: Election TIMEOUT; received 1 response(s) [s1<-s0#0:FAIL-t266] and 0 exception(s); s1@group-5BD3E7F27A57:t266, leader=null, voted=s1, raftlog=s1@group-5BD3E7F27A57-SegmentedRaftLog:OPENED:c2,f3,i3, conf=2: [s0:0.0.0.0:41468, s1:0.0.0.0:41619, s2:0.0.0.0:44382], old=null
2019-09-26 09:50:08,879 INFO  impl.LeaderElection (LeaderElection.java:askForVotes(178)) - s1@group-5BD3E7F27A57-LeaderElection98: begin an election at term 267 for 2: [s0:0.0.0.0:41468, s1:0.0.0.0:41619, s2:0.0.0.0:44382], old=null
2019-09-26 09:50:08,879 DEBUG impl.RaftServerImpl (RaftServerImpl.java:requestVote(775)) - s0@group-5BD3E7F27A57 replies to vote request: s2<-s0#0:FAIL-t267. Peer's state: s0@group-5BD3E7F27A57:t267, leader=null, voted=null, raftlog=s0@group-5BD3E7F27A57-SegmentedRaftLog:OPENED:c3,f4,i4, conf=3: [s0:0.0.0.0:41468, s1:0.0.0.0:41619, s2:0.0.0.0:44382], old=null
2019-09-26 09:50:08,879 DEBUG impl.RaftServerImpl (RaftServerImpl.java:requestVote(743)) - s0@group-5BD3E7F27A57: receive requestVote(s1, group-5BD3E7F27A57, 267, (t:3, i:3))
2019-09-26 09:50:08,879 INFO  impl.RaftServerImpl (RaftServerImpl.java:setRole(170)) - s0@group-5BD3E7F27A57: changes role from  FOLLOWER to FOLLOWER at term 267 for recognizeCandidate:s1
2019-09-26 09:50:08,880 INFO  impl.RoleInfo (RoleInfo.java:shutdownFollowerState(121)) - s0: shutdown FollowerState
2019-09-26 09:50:08,880 INFO  impl.RoleInfo (RoleInfo.java:updateAndGet(143)) - s0: start FollowerState
2019-09-26 09:50:08,880 INFO  impl.FollowerState (FollowerState.java:run(117)) - s0@group-5BD3E7F27A57-FollowerState was interrupted: java.lang.InterruptedException: sleep interrupted
2019-09-26 09:50:08,880 DEBUG impl.RaftServerImpl (RaftServerImpl.java:requestVote(775)) - s0@group-5BD3E7F27A57 replies to vote request: s1<-s0#0:FAIL-t267. Peer's state: s0@group-5BD3E7F27A57:t267, leader=null, voted=null, raftlog=s0@group-5BD3E7F27A57-SegmentedRaftLog:OPENED:c3,f4,i4, conf=3: [s0:0.0.0.0:41468, s1:0.0.0.0:41619, s2:0.0.0.0:44382], old=null
2019-09-26 09:50:08,895 INFO  impl.LeaderElection (LeaderElection.java:logAndReturn(56)) - s0@group-5BD3E7F27A57-LeaderElection102: Election REJECTED; received 0 response(s) [] and 0 exception(s); s0@group-5BD3E7F27A57:t267, leader=null, voted=null, raftlog=s0@group-5BD3E7F27A57-SegmentedRaftLog:OPENED:c3,f4,i4, conf=3: [s0:0.0.0.0:41468, s1:0.0.0.0:41619, s2:0.0.0.0:44382], old=null
2019-09-26 09:50:08,984 WARN  ratis.RaftTestUtil (JavaUtils.java:attempt(158)) - FAILED "waitForLeader-null-(expectLeader? true)", attempt #69/100: java.lang.IllegalStateException: No leader yet : printing ALL groups
  s0:  RUNNING  FOLLOWER s0@group-5BD3E7F27A57:t267, leader=null, voted=null, raftlog=s0@group-5BD3E7F27A57-SegmentedRaftLog:OPENED:c3,f4,i4, conf=3: [s0:0.0.0.0:41468, s1:0.0.0.0:41619, s2:0.0.0.0:44382], old=null RUNNING
  s1:  RUNNING CANDIDATE s1@group-5BD3E7F27A57:t267, leader=null, voted=s1, raftlog=s1@group-5BD3E7F27A57-SegmentedRaftLog:OPENED:c2,f3,i3, conf=2: [s0:0.0.0.0:41468, s1:0.0.0.0:41619, s2:0.0.0.0:44382], old=null RUNNING
  s2:  RUNNING CANDIDATE s2@group-5BD3E7F27A57:t267, leader=null, voted=s2, raftlog=s2@group-5BD3E7F27A57-SegmentedRaftLog:OPENED:c1,f3,i3, conf=3: [s0:0.0.0.0:41468, s1:0.0.0.0:41619, s2:0.0.0.0:44382], old=null RUNNING, sleep 450ms and then retry.
java.lang.IllegalStateException: No leader yet : printing ALL groups
  s0:  RUNNING  FOLLOWER s0@group-5BD3E7F27A57:t267, leader=null, voted=null, raftlog=s0@group-5BD3E7F27A57-SegmentedRaftLog:OPENED:c3,f4,i4, conf=3: [s0:0.0.0.0:41468, s1:0.0.0.0:41619, s2:0.0.0.0:44382], old=null RUNNING
  s1:  RUNNING CANDIDATE s1@group-5BD3E7F27A57:t267, leader=null, voted=s1, raftlog=s1@group-5BD3E7F27A57-SegmentedRaftLog:OPENED:c2,f3,i3, conf=2: [s0:0.0.0.0:41468, s1:0.0.0.0:41619, s2:0.0.0.0:44382], old=null RUNNING
  s2:  RUNNING CANDIDATE s2@group-5BD3E7F27A57:t267, leader=null, voted=s2, raftlog=s2@group-5BD3E7F27A57-SegmentedRaftLog:OPENED:c1,f3,i3, conf=3: [s0:0.0.0.0:41468, s1:0.0.0.0:41619, s2:0.0.0.0:44382], old=null RUNNING
	at org.apache.ratis.MiniRaftCluster.newIllegalStateExceptionForNoLeaders(MiniRaftCluster.java:506)
	at org.apache.ratis.RaftTestUtil.lambda$waitForLeader$1(RaftTestUtil.java:90)
	at org.apache.ratis.MiniRaftCluster.getLeader(MiniRaftCluster.java:539)
	at org.apache.ratis.MiniRaftCluster.getLeader(MiniRaftCluster.java:532)
	at org.apache.ratis.RaftTestUtil.lambda$waitForLeader$3(RaftTestUtil.java:98)
	at org.apache.ratis.util.JavaUtils.attempt(JavaUtils.java:152)
	at org.apache.ratis.RaftTestUtil.waitForLeader(RaftTestUtil.java:97)
	at org.apache.ratis.RaftTestUtil.waitForLeader(RaftTestUtil.java:77)
	at org.apache.ratis.RaftTestUtil.waitForLeader(RaftTestUtil.java:72)
	at org.apache.ratis.RaftTestUtil.lambda$changeLeader$7(RaftTestUtil.java:363)
	at org.apache.ratis.util.JavaUtils.attempt(JavaUtils.java:152)
	at org.apache.ratis.RaftTestUtil.changeLeader(RaftTestUtil.java:362)
	at org.apache.ratis.server.impl.LeaderElectionTests.testChangeLeader(LeaderElectionTests.java:81)
	at sun.reflect.NativeMethodAccessorImpl.invoke0(Native Method)
	at sun.reflect.NativeMethodAccessorImpl.invoke(NativeMethodAccessorImpl.java:62)
	at sun.reflect.DelegatingMethodAccessorImpl.invoke(DelegatingMethodAccessorImpl.java:43)
	at java.lang.reflect.Method.invoke(Method.java:498)
	at org.junit.runners.model.FrameworkMethod$1.runReflectiveCall(FrameworkMethod.java:50)
	at org.junit.internal.runners.model.ReflectiveCallable.run(ReflectiveCallable.java:12)
	at org.junit.runners.model.FrameworkMethod.invokeExplosively(FrameworkMethod.java:47)
	at org.junit.internal.runners.statements.InvokeMethod.evaluate(InvokeMethod.java:17)
	at org.junit.internal.runners.statements.RunAfters.evaluate(RunAfters.java:27)
	at org.junit.internal.runners.statements.FailOnTimeout$CallableStatement.call(FailOnTimeout.java:298)
	at org.junit.internal.runners.statements.FailOnTimeout$CallableStatement.call(FailOnTimeout.java:292)
	at java.util.concurrent.FutureTask.run(FutureTask.java:266)
	at java.lang.Thread.run(Thread.java:748)
2019-09-26 09:50:09,041 INFO  impl.LeaderElection (LeaderElection.java:logAndReturn(56)) - s2@group-5BD3E7F27A57-LeaderElection103: Election TIMEOUT; received 1 response(s) [s2<-s0#0:FAIL-t267] and 0 exception(s); s2@group-5BD3E7F27A57:t267, leader=null, voted=s2, raftlog=s2@group-5BD3E7F27A57-SegmentedRaftLog:OPENED:c1,f3,i3, conf=3: [s0:0.0.0.0:41468, s1:0.0.0.0:41619, s2:0.0.0.0:44382], old=null
2019-09-26 09:50:09,047 INFO  impl.LeaderElection (LeaderElection.java:askForVotes(178)) - s2@group-5BD3E7F27A57-LeaderElection103: begin an election at term 268 for 3: [s0:0.0.0.0:41468, s1:0.0.0.0:41619, s2:0.0.0.0:44382], old=null
2019-09-26 09:50:09,048 DEBUG impl.RaftServerImpl (RaftServerImpl.java:requestVote(743)) - s0@group-5BD3E7F27A57: receive requestVote(s2, group-5BD3E7F27A57, 268, (t:4, i:3))
2019-09-26 09:50:09,048 INFO  impl.RaftServerImpl (RaftServerImpl.java:setRole(170)) - s0@group-5BD3E7F27A57: changes role from  FOLLOWER to FOLLOWER at term 268 for recognizeCandidate:s2
2019-09-26 09:50:09,048 INFO  impl.RoleInfo (RoleInfo.java:shutdownFollowerState(121)) - s0: shutdown FollowerState
2019-09-26 09:50:09,048 INFO  impl.RoleInfo (RoleInfo.java:updateAndGet(143)) - s0: start FollowerState
2019-09-26 09:50:09,048 INFO  impl.FollowerState (FollowerState.java:run(117)) - s0@group-5BD3E7F27A57-FollowerState was interrupted: java.lang.InterruptedException: sleep interrupted
2019-09-26 09:50:09,055 DEBUG impl.RaftServerImpl (RaftServerImpl.java:requestVote(775)) - s0@group-5BD3E7F27A57 replies to vote request: s2<-s0#0:FAIL-t268. Peer's state: s0@group-5BD3E7F27A57:t268, leader=null, voted=null, raftlog=s0@group-5BD3E7F27A57-SegmentedRaftLog:OPENED:c3,f4,i4, conf=3: [s0:0.0.0.0:41468, s1:0.0.0.0:41619, s2:0.0.0.0:44382], old=null
2019-09-26 09:50:09,178 INFO  impl.LeaderElection (LeaderElection.java:logAndReturn(56)) - s1@group-5BD3E7F27A57-LeaderElection98: Election TIMEOUT; received 1 response(s) [s1<-s0#0:FAIL-t267] and 0 exception(s); s1@group-5BD3E7F27A57:t267, leader=null, voted=s1, raftlog=s1@group-5BD3E7F27A57-SegmentedRaftLog:OPENED:c2,f3,i3, conf=2: [s0:0.0.0.0:41468, s1:0.0.0.0:41619, s2:0.0.0.0:44382], old=null
2019-09-26 09:50:09,185 INFO  impl.LeaderElection (LeaderElection.java:askForVotes(178)) - s1@group-5BD3E7F27A57-LeaderElection98: begin an election at term 268 for 2: [s0:0.0.0.0:41468, s1:0.0.0.0:41619, s2:0.0.0.0:44382], old=null
2019-09-26 09:50:09,185 DEBUG impl.RaftServerImpl (RaftServerImpl.java:requestVote(743)) - s0@group-5BD3E7F27A57: receive requestVote(s1, group-5BD3E7F27A57, 268, (t:3, i:3))
2019-09-26 09:50:09,186 INFO  impl.RaftServerImpl (RaftServerImpl.java:setRole(170)) - s0@group-5BD3E7F27A57: changes role from  FOLLOWER to FOLLOWER at term 268 for recognizeCandidate:s1
2019-09-26 09:50:09,186 INFO  impl.RoleInfo (RoleInfo.java:shutdownFollowerState(121)) - s0: shutdown FollowerState
2019-09-26 09:50:09,186 INFO  impl.RoleInfo (RoleInfo.java:updateAndGet(143)) - s0: start FollowerState
2019-09-26 09:50:09,186 INFO  impl.FollowerState (FollowerState.java:run(117)) - s0@group-5BD3E7F27A57-FollowerState was interrupted: java.lang.InterruptedException: sleep interrupted
2019-09-26 09:50:09,186 DEBUG impl.RaftServerImpl (RaftServerImpl.java:requestVote(775)) - s0@group-5BD3E7F27A57 replies to vote request: s1<-s0#0:FAIL-t268. Peer's state: s0@group-5BD3E7F27A57:t268, leader=null, voted=null, raftlog=s0@group-5BD3E7F27A57-SegmentedRaftLog:OPENED:c3,f4,i4, conf=3: [s0:0.0.0.0:41468, s1:0.0.0.0:41619, s2:0.0.0.0:44382], old=null
2019-09-26 09:50:09,247 INFO  impl.LeaderElection (LeaderElection.java:logAndReturn(56)) - s2@group-5BD3E7F27A57-LeaderElection103: Election TIMEOUT; received 1 response(s) [s2<-s0#0:FAIL-t268] and 0 exception(s); s2@group-5BD3E7F27A57:t268, leader=null, voted=s2, raftlog=s2@group-5BD3E7F27A57-SegmentedRaftLog:OPENED:c1,f3,i3, conf=3: [s0:0.0.0.0:41468, s1:0.0.0.0:41619, s2:0.0.0.0:44382], old=null
2019-09-26 09:50:09,273 INFO  impl.LeaderElection (LeaderElection.java:askForVotes(178)) - s2@group-5BD3E7F27A57-LeaderElection103: begin an election at term 269 for 3: [s0:0.0.0.0:41468, s1:0.0.0.0:41619, s2:0.0.0.0:44382], old=null
2019-09-26 09:50:09,274 DEBUG impl.RaftServerImpl (RaftServerImpl.java:requestVote(743)) - s0@group-5BD3E7F27A57: receive requestVote(s2, group-5BD3E7F27A57, 269, (t:4, i:3))
2019-09-26 09:50:09,275 INFO  impl.RaftServerImpl (RaftServerImpl.java:setRole(170)) - s0@group-5BD3E7F27A57: changes role from  FOLLOWER to FOLLOWER at term 269 for recognizeCandidate:s2
2019-09-26 09:50:09,275 INFO  impl.RoleInfo (RoleInfo.java:shutdownFollowerState(121)) - s0: shutdown FollowerState
2019-09-26 09:50:09,275 INFO  impl.RoleInfo (RoleInfo.java:updateAndGet(143)) - s0: start FollowerState
2019-09-26 09:50:09,275 INFO  impl.FollowerState (FollowerState.java:run(117)) - s0@group-5BD3E7F27A57-FollowerState was interrupted: java.lang.InterruptedException: sleep interrupted
2019-09-26 09:50:09,284 DEBUG impl.RaftServerImpl (RaftServerImpl.java:requestVote(775)) - s0@group-5BD3E7F27A57 replies to vote request: s2<-s0#0:FAIL-t269. Peer's state: s0@group-5BD3E7F27A57:t269, leader=null, voted=null, raftlog=s0@group-5BD3E7F27A57-SegmentedRaftLog:OPENED:c3,f4,i4, conf=3: [s0:0.0.0.0:41468, s1:0.0.0.0:41619, s2:0.0.0.0:44382], old=null
2019-09-26 09:50:09,429 INFO  impl.LeaderElection (LeaderElection.java:logAndReturn(56)) - s1@group-5BD3E7F27A57-LeaderElection98: Election TIMEOUT; received 1 response(s) [s1<-s0#0:FAIL-t268] and 0 exception(s); s1@group-5BD3E7F27A57:t268, leader=null, voted=s1, raftlog=s1@group-5BD3E7F27A57-SegmentedRaftLog:OPENED:c2,f3,i3, conf=2: [s0:0.0.0.0:41468, s1:0.0.0.0:41619, s2:0.0.0.0:44382], old=null
2019-09-26 09:50:09,433 INFO  impl.LeaderElection (LeaderElection.java:logAndReturn(56)) - s2@group-5BD3E7F27A57-LeaderElection103: Election TIMEOUT; received 1 response(s) [s2<-s0#0:FAIL-t269] and 0 exception(s); s2@group-5BD3E7F27A57:t269, leader=null, voted=s2, raftlog=s2@group-5BD3E7F27A57-SegmentedRaftLog:OPENED:c1,f3,i3, conf=3: [s0:0.0.0.0:41468, s1:0.0.0.0:41619, s2:0.0.0.0:44382], old=null
2019-09-26 09:50:09,435 WARN  ratis.RaftTestUtil (JavaUtils.java:attempt(158)) - FAILED "waitForLeader-null-(expectLeader? true)", attempt #70/100: java.lang.IllegalStateException: No leader yet : printing ALL groups
  s0:  RUNNING  FOLLOWER s0@group-5BD3E7F27A57:t269, leader=null, voted=null, raftlog=s0@group-5BD3E7F27A57-SegmentedRaftLog:OPENED:c3,f4,i4, conf=3: [s0:0.0.0.0:41468, s1:0.0.0.0:41619, s2:0.0.0.0:44382], old=null RUNNING
  s1:  RUNNING CANDIDATE s1@group-5BD3E7F27A57:t269, leader=null, voted=s1, raftlog=s1@group-5BD3E7F27A57-SegmentedRaftLog:OPENED:c2,f3,i3, conf=2: [s0:0.0.0.0:41468, s1:0.0.0.0:41619, s2:0.0.0.0:44382], old=null RUNNING
  s2:  RUNNING CANDIDATE s2@group-5BD3E7F27A57:t270, leader=null, voted=s2, raftlog=s2@group-5BD3E7F27A57-SegmentedRaftLog:OPENED:c1,f3,i3, conf=3: [s0:0.0.0.0:41468, s1:0.0.0.0:41619, s2:0.0.0.0:44382], old=null RUNNING, sleep 450ms and then retry.
java.lang.IllegalStateException: No leader yet : printing ALL groups
  s0:  RUNNING  FOLLOWER s0@group-5BD3E7F27A57:t269, leader=null, voted=null, raftlog=s0@group-5BD3E7F27A57-SegmentedRaftLog:OPENED:c3,f4,i4, conf=3: [s0:0.0.0.0:41468, s1:0.0.0.0:41619, s2:0.0.0.0:44382], old=null RUNNING
  s1:  RUNNING CANDIDATE s1@group-5BD3E7F27A57:t269, leader=null, voted=s1, raftlog=s1@group-5BD3E7F27A57-SegmentedRaftLog:OPENED:c2,f3,i3, conf=2: [s0:0.0.0.0:41468, s1:0.0.0.0:41619, s2:0.0.0.0:44382], old=null RUNNING
  s2:  RUNNING CANDIDATE s2@group-5BD3E7F27A57:t270, leader=null, voted=s2, raftlog=s2@group-5BD3E7F27A57-SegmentedRaftLog:OPENED:c1,f3,i3, conf=3: [s0:0.0.0.0:41468, s1:0.0.0.0:41619, s2:0.0.0.0:44382], old=null RUNNING
	at org.apache.ratis.MiniRaftCluster.newIllegalStateExceptionForNoLeaders(MiniRaftCluster.java:506)
	at org.apache.ratis.RaftTestUtil.lambda$waitForLeader$1(RaftTestUtil.java:90)
	at org.apache.ratis.MiniRaftCluster.getLeader(MiniRaftCluster.java:539)
	at org.apache.ratis.MiniRaftCluster.getLeader(MiniRaftCluster.java:532)
	at org.apache.ratis.RaftTestUtil.lambda$waitForLeader$3(RaftTestUtil.java:98)
	at org.apache.ratis.util.JavaUtils.attempt(JavaUtils.java:152)
	at org.apache.ratis.RaftTestUtil.waitForLeader(RaftTestUtil.java:97)
	at org.apache.ratis.RaftTestUtil.waitForLeader(RaftTestUtil.java:77)
	at org.apache.ratis.RaftTestUtil.waitForLeader(RaftTestUtil.java:72)
	at org.apache.ratis.RaftTestUtil.lambda$changeLeader$7(RaftTestUtil.java:363)
	at org.apache.ratis.util.JavaUtils.attempt(JavaUtils.java:152)
	at org.apache.ratis.RaftTestUtil.changeLeader(RaftTestUtil.java:362)
	at org.apache.ratis.server.impl.LeaderElectionTests.testChangeLeader(LeaderElectionTests.java:81)
	at sun.reflect.NativeMethodAccessorImpl.invoke0(Native Method)
	at sun.reflect.NativeMethodAccessorImpl.invoke(NativeMethodAccessorImpl.java:62)
	at sun.reflect.DelegatingMethodAccessorImpl.invoke(DelegatingMethodAccessorImpl.java:43)
	at java.lang.reflect.Method.invoke(Method.java:498)
	at org.junit.runners.model.FrameworkMethod$1.runReflectiveCall(FrameworkMethod.java:50)
	at org.junit.internal.runners.model.ReflectiveCallable.run(ReflectiveCallable.java:12)
	at org.junit.runners.model.FrameworkMethod.invokeExplosively(FrameworkMethod.java:47)
	at org.junit.internal.runners.statements.InvokeMethod.evaluate(InvokeMethod.java:17)
	at org.junit.internal.runners.statements.RunAfters.evaluate(RunAfters.java:27)
	at org.junit.internal.runners.statements.FailOnTimeout$CallableStatement.call(FailOnTimeout.java:298)
	at org.junit.internal.runners.statements.FailOnTimeout$CallableStatement.call(FailOnTimeout.java:292)
	at java.util.concurrent.FutureTask.run(FutureTask.java:266)
	at java.lang.Thread.run(Thread.java:748)
2019-09-26 09:50:09,439 INFO  impl.LeaderElection (LeaderElection.java:askForVotes(178)) - s1@group-5BD3E7F27A57-LeaderElection98: begin an election at term 269 for 2: [s0:0.0.0.0:41468, s1:0.0.0.0:41619, s2:0.0.0.0:44382], old=null
2019-09-26 09:50:09,439 INFO  impl.LeaderElection (LeaderElection.java:askForVotes(178)) - s2@group-5BD3E7F27A57-LeaderElection103: begin an election at term 270 for 3: [s0:0.0.0.0:41468, s1:0.0.0.0:41619, s2:0.0.0.0:44382], old=null
2019-09-26 09:50:09,440 DEBUG impl.RaftServerImpl (RaftServerImpl.java:requestVote(743)) - s0@group-5BD3E7F27A57: receive requestVote(s1, group-5BD3E7F27A57, 269, (t:3, i:3))
2019-09-26 09:50:09,440 INFO  impl.RaftServerImpl (RaftServerImpl.java:setRole(170)) - s0@group-5BD3E7F27A57: changes role from  FOLLOWER to FOLLOWER at term 269 for recognizeCandidate:s1
2019-09-26 09:50:09,440 DEBUG impl.RaftServerImpl (RaftServerImpl.java:requestVote(743)) - s0@group-5BD3E7F27A57: receive requestVote(s2, group-5BD3E7F27A57, 270, (t:4, i:3))
2019-09-26 09:50:09,440 INFO  impl.RoleInfo (RoleInfo.java:shutdownFollowerState(121)) - s0: shutdown FollowerState
2019-09-26 09:50:09,440 INFO  impl.RoleInfo (RoleInfo.java:updateAndGet(143)) - s0: start FollowerState
2019-09-26 09:50:09,440 INFO  impl.FollowerState (FollowerState.java:run(117)) - s0@group-5BD3E7F27A57-FollowerState was interrupted: java.lang.InterruptedException: sleep interrupted
2019-09-26 09:50:09,441 DEBUG impl.RaftServerImpl (RaftServerImpl.java:requestVote(775)) - s0@group-5BD3E7F27A57 replies to vote request: s1<-s0#0:FAIL-t269. Peer's state: s0@group-5BD3E7F27A57:t269, leader=null, voted=null, raftlog=s0@group-5BD3E7F27A57-SegmentedRaftLog:OPENED:c3,f4,i4, conf=3: [s0:0.0.0.0:41468, s1:0.0.0.0:41619, s2:0.0.0.0:44382], old=null
2019-09-26 09:50:09,441 INFO  impl.RaftServerImpl (RaftServerImpl.java:setRole(170)) - s0@group-5BD3E7F27A57: changes role from  FOLLOWER to FOLLOWER at term 270 for recognizeCandidate:s2
2019-09-26 09:50:09,441 INFO  impl.RoleInfo (RoleInfo.java:shutdownFollowerState(121)) - s0: shutdown FollowerState
2019-09-26 09:50:09,441 INFO  impl.RoleInfo (RoleInfo.java:updateAndGet(143)) - s0: start FollowerState
2019-09-26 09:50:09,441 INFO  impl.FollowerState (FollowerState.java:run(117)) - s0@group-5BD3E7F27A57-FollowerState was interrupted: java.lang.InterruptedException: sleep interrupted
2019-09-26 09:50:09,447 DEBUG impl.RaftServerImpl (RaftServerImpl.java:requestVote(775)) - s0@group-5BD3E7F27A57 replies to vote request: s2<-s0#0:FAIL-t270. Peer's state: s0@group-5BD3E7F27A57:t270, leader=null, voted=null, raftlog=s0@group-5BD3E7F27A57-SegmentedRaftLog:OPENED:c3,f4,i4, conf=3: [s0:0.0.0.0:41468, s1:0.0.0.0:41619, s2:0.0.0.0:44382], old=null
2019-09-26 09:50:09,654 INFO  impl.FollowerState (FollowerState.java:run(108)) - s0@group-5BD3E7F27A57-FollowerState: change to CANDIDATE, lastRpcTime:213ms, electionTimeout:213ms
2019-09-26 09:50:09,655 INFO  impl.RoleInfo (RoleInfo.java:shutdownFollowerState(121)) - s0: shutdown FollowerState
2019-09-26 09:50:09,655 INFO  impl.RaftServerImpl (RaftServerImpl.java:setRole(170)) - s0@group-5BD3E7F27A57: changes role from  FOLLOWER to CANDIDATE at term 270 for changeToCandidate
2019-09-26 09:50:09,655 INFO  impl.RoleInfo (RoleInfo.java:updateAndGet(143)) - s0: start LeaderElection
2019-09-26 09:50:09,669 INFO  impl.LeaderElection (LeaderElection.java:askForVotes(178)) - s0@group-5BD3E7F27A57-LeaderElection104: begin an election at term 271 for 3: [s0:0.0.0.0:41468, s1:0.0.0.0:41619, s2:0.0.0.0:44382], old=null
2019-09-26 09:50:09,689 INFO  impl.LeaderElection (LeaderElection.java:logAndReturn(56)) - s2@group-5BD3E7F27A57-LeaderElection103: Election TIMEOUT; received 1 response(s) [s2<-s0#0:FAIL-t270] and 0 exception(s); s2@group-5BD3E7F27A57:t270, leader=null, voted=s2, raftlog=s2@group-5BD3E7F27A57-SegmentedRaftLog:OPENED:c1,f3,i3, conf=3: [s0:0.0.0.0:41468, s1:0.0.0.0:41619, s2:0.0.0.0:44382], old=null
2019-09-26 09:50:09,702 INFO  impl.LeaderElection (LeaderElection.java:logAndReturn(56)) - s1@group-5BD3E7F27A57-LeaderElection98: Election TIMEOUT; received 1 response(s) [s1<-s0#0:FAIL-t269] and 0 exception(s); s1@group-5BD3E7F27A57:t269, leader=null, voted=s1, raftlog=s1@group-5BD3E7F27A57-SegmentedRaftLog:OPENED:c2,f3,i3, conf=2: [s0:0.0.0.0:41468, s1:0.0.0.0:41619, s2:0.0.0.0:44382], old=null
2019-09-26 09:50:09,702 INFO  impl.LeaderElection (LeaderElection.java:askForVotes(178)) - s2@group-5BD3E7F27A57-LeaderElection103: begin an election at term 271 for 3: [s0:0.0.0.0:41468, s1:0.0.0.0:41619, s2:0.0.0.0:44382], old=null
2019-09-26 09:50:09,703 DEBUG impl.RaftServerImpl (RaftServerImpl.java:requestVote(743)) - s0@group-5BD3E7F27A57: receive requestVote(s2, group-5BD3E7F27A57, 271, (t:4, i:3))
2019-09-26 09:50:09,703 DEBUG impl.RaftServerImpl (RaftServerImpl.java:requestVote(775)) - s0@group-5BD3E7F27A57 replies to vote request: s2<-s0#0:FAIL-t271. Peer's state: s0@group-5BD3E7F27A57:t271, leader=null, voted=s0, raftlog=s0@group-5BD3E7F27A57-SegmentedRaftLog:OPENED:c3,f4,i4, conf=3: [s0:0.0.0.0:41468, s1:0.0.0.0:41619, s2:0.0.0.0:44382], old=null
2019-09-26 09:50:09,715 INFO  impl.LeaderElection (LeaderElection.java:askForVotes(178)) - s1@group-5BD3E7F27A57-LeaderElection98: begin an election at term 270 for 2: [s0:0.0.0.0:41468, s1:0.0.0.0:41619, s2:0.0.0.0:44382], old=null
2019-09-26 09:50:09,716 DEBUG impl.RaftServerImpl (RaftServerImpl.java:requestVote(743)) - s0@group-5BD3E7F27A57: receive requestVote(s1, group-5BD3E7F27A57, 270, (t:3, i:3))
2019-09-26 09:50:09,716 DEBUG impl.RaftServerImpl (RaftServerImpl.java:requestVote(775)) - s0@group-5BD3E7F27A57 replies to vote request: s1<-s0#0:FAIL-t271. Peer's state: s0@group-5BD3E7F27A57:t271, leader=null, voted=s0, raftlog=s0@group-5BD3E7F27A57-SegmentedRaftLog:OPENED:c3,f4,i4, conf=3: [s0:0.0.0.0:41468, s1:0.0.0.0:41619, s2:0.0.0.0:44382], old=null
2019-09-26 09:50:09,716 INFO  impl.LeaderElection (LeaderElection.java:logAndReturn(56)) - s1@group-5BD3E7F27A57-LeaderElection98: Election DISCOVERED_A_NEW_TERM; received 1 response(s) [s1<-s0#0:FAIL-t271] and 0 exception(s); s1@group-5BD3E7F27A57:t270, leader=null, voted=s1, raftlog=s1@group-5BD3E7F27A57-SegmentedRaftLog:OPENED:c2,f3,i3, conf=2: [s0:0.0.0.0:41468, s1:0.0.0.0:41619, s2:0.0.0.0:44382], old=null
2019-09-26 09:50:09,716 INFO  impl.RaftServerImpl (RaftServerImpl.java:setRole(170)) - s1@group-5BD3E7F27A57: changes role from CANDIDATE to FOLLOWER at term 271 for DISCOVERED_A_NEW_TERM
2019-09-26 09:50:09,716 INFO  impl.RoleInfo (RoleInfo.java:shutdownLeaderElection(134)) - s1: shutdown LeaderElection
2019-09-26 09:50:09,716 INFO  impl.RoleInfo (RoleInfo.java:updateAndGet(143)) - s1: start FollowerState
2019-09-26 09:50:09,850 INFO  impl.LeaderElection (LeaderElection.java:logAndReturn(56)) - s0@group-5BD3E7F27A57-LeaderElection104: Election TIMEOUT; received 0 response(s) [] and 0 exception(s); s0@group-5BD3E7F27A57:t271, leader=null, voted=s0, raftlog=s0@group-5BD3E7F27A57-SegmentedRaftLog:OPENED:c3,f4,i4, conf=3: [s0:0.0.0.0:41468, s1:0.0.0.0:41619, s2:0.0.0.0:44382], old=null
2019-09-26 09:50:09,864 INFO  impl.LeaderElection (LeaderElection.java:askForVotes(178)) - s0@group-5BD3E7F27A57-LeaderElection104: begin an election at term 272 for 3: [s0:0.0.0.0:41468, s1:0.0.0.0:41619, s2:0.0.0.0:44382], old=null
2019-09-26 09:50:09,874 INFO  impl.LeaderElection (LeaderElection.java:logAndReturn(56)) - s2@group-5BD3E7F27A57-LeaderElection103: Election TIMEOUT; received 1 response(s) [s2<-s0#0:FAIL-t271] and 0 exception(s); s2@group-5BD3E7F27A57:t271, leader=null, voted=s2, raftlog=s2@group-5BD3E7F27A57-SegmentedRaftLog:OPENED:c1,f3,i3, conf=3: [s0:0.0.0.0:41468, s1:0.0.0.0:41619, s2:0.0.0.0:44382], old=null
2019-09-26 09:50:09,881 INFO  impl.LeaderElection (LeaderElection.java:askForVotes(178)) - s2@group-5BD3E7F27A57-LeaderElection103: begin an election at term 272 for 3: [s0:0.0.0.0:41468, s1:0.0.0.0:41619, s2:0.0.0.0:44382], old=null
2019-09-26 09:50:09,882 DEBUG impl.RaftServerImpl (RaftServerImpl.java:requestVote(743)) - s0@group-5BD3E7F27A57: receive requestVote(s2, group-5BD3E7F27A57, 272, (t:4, i:3))
2019-09-26 09:50:09,882 DEBUG impl.RaftServerImpl (RaftServerImpl.java:requestVote(775)) - s0@group-5BD3E7F27A57 replies to vote request: s2<-s0#0:FAIL-t272. Peer's state: s0@group-5BD3E7F27A57:t272, leader=null, voted=s0, raftlog=s0@group-5BD3E7F27A57-SegmentedRaftLog:OPENED:c3,f4,i4, conf=3: [s0:0.0.0.0:41468, s1:0.0.0.0:41619, s2:0.0.0.0:44382], old=null
2019-09-26 09:50:09,886 WARN  ratis.RaftTestUtil (JavaUtils.java:attempt(158)) - FAILED "waitForLeader-null-(expectLeader? true)", attempt #71/100: java.lang.IllegalStateException: No leader yet : printing ALL groups
  s0:  RUNNING CANDIDATE s0@group-5BD3E7F27A57:t272, leader=null, voted=s0, raftlog=s0@group-5BD3E7F27A57-SegmentedRaftLog:OPENED:c3,f4,i4, conf=3: [s0:0.0.0.0:41468, s1:0.0.0.0:41619, s2:0.0.0.0:44382], old=null RUNNING
  s1:  RUNNING  FOLLOWER s1@group-5BD3E7F27A57:t271, leader=null, voted=null, raftlog=s1@group-5BD3E7F27A57-SegmentedRaftLog:OPENED:c2,f3,i3, conf=2: [s0:0.0.0.0:41468, s1:0.0.0.0:41619, s2:0.0.0.0:44382], old=null RUNNING
  s2:  RUNNING CANDIDATE s2@group-5BD3E7F27A57:t272, leader=null, voted=s2, raftlog=s2@group-5BD3E7F27A57-SegmentedRaftLog:OPENED:c1,f3,i3, conf=3: [s0:0.0.0.0:41468, s1:0.0.0.0:41619, s2:0.0.0.0:44382], old=null RUNNING, sleep 450ms and then retry.
java.lang.IllegalStateException: No leader yet : printing ALL groups
  s0:  RUNNING CANDIDATE s0@group-5BD3E7F27A57:t272, leader=null, voted=s0, raftlog=s0@group-5BD3E7F27A57-SegmentedRaftLog:OPENED:c3,f4,i4, conf=3: [s0:0.0.0.0:41468, s1:0.0.0.0:41619, s2:0.0.0.0:44382], old=null RUNNING
  s1:  RUNNING  FOLLOWER s1@group-5BD3E7F27A57:t271, leader=null, voted=null, raftlog=s1@group-5BD3E7F27A57-SegmentedRaftLog:OPENED:c2,f3,i3, conf=2: [s0:0.0.0.0:41468, s1:0.0.0.0:41619, s2:0.0.0.0:44382], old=null RUNNING
  s2:  RUNNING CANDIDATE s2@group-5BD3E7F27A57:t272, leader=null, voted=s2, raftlog=s2@group-5BD3E7F27A57-SegmentedRaftLog:OPENED:c1,f3,i3, conf=3: [s0:0.0.0.0:41468, s1:0.0.0.0:41619, s2:0.0.0.0:44382], old=null RUNNING
	at org.apache.ratis.MiniRaftCluster.newIllegalStateExceptionForNoLeaders(MiniRaftCluster.java:506)
	at org.apache.ratis.RaftTestUtil.lambda$waitForLeader$1(RaftTestUtil.java:90)
	at org.apache.ratis.MiniRaftCluster.getLeader(MiniRaftCluster.java:539)
	at org.apache.ratis.MiniRaftCluster.getLeader(MiniRaftCluster.java:532)
	at org.apache.ratis.RaftTestUtil.lambda$waitForLeader$3(RaftTestUtil.java:98)
	at org.apache.ratis.util.JavaUtils.attempt(JavaUtils.java:152)
	at org.apache.ratis.RaftTestUtil.waitForLeader(RaftTestUtil.java:97)
	at org.apache.ratis.RaftTestUtil.waitForLeader(RaftTestUtil.java:77)
	at org.apache.ratis.RaftTestUtil.waitForLeader(RaftTestUtil.java:72)
	at org.apache.ratis.RaftTestUtil.lambda$changeLeader$7(RaftTestUtil.java:363)
	at org.apache.ratis.util.JavaUtils.attempt(JavaUtils.java:152)
	at org.apache.ratis.RaftTestUtil.changeLeader(RaftTestUtil.java:362)
	at org.apache.ratis.server.impl.LeaderElectionTests.testChangeLeader(LeaderElectionTests.java:81)
	at sun.reflect.NativeMethodAccessorImpl.invoke0(Native Method)
	at sun.reflect.NativeMethodAccessorImpl.invoke(NativeMethodAccessorImpl.java:62)
	at sun.reflect.DelegatingMethodAccessorImpl.invoke(DelegatingMethodAccessorImpl.java:43)
	at java.lang.reflect.Method.invoke(Method.java:498)
	at org.junit.runners.model.FrameworkMethod$1.runReflectiveCall(FrameworkMethod.java:50)
	at org.junit.internal.runners.model.ReflectiveCallable.run(ReflectiveCallable.java:12)
	at org.junit.runners.model.FrameworkMethod.invokeExplosively(FrameworkMethod.java:47)
	at org.junit.internal.runners.statements.InvokeMethod.evaluate(InvokeMethod.java:17)
	at org.junit.internal.runners.statements.RunAfters.evaluate(RunAfters.java:27)
	at org.junit.internal.runners.statements.FailOnTimeout$CallableStatement.call(FailOnTimeout.java:298)
	at org.junit.internal.runners.statements.FailOnTimeout$CallableStatement.call(FailOnTimeout.java:292)
	at java.util.concurrent.FutureTask.run(FutureTask.java:266)
	at java.lang.Thread.run(Thread.java:748)
2019-09-26 09:50:09,921 INFO  impl.FollowerState (FollowerState.java:run(108)) - s1@group-5BD3E7F27A57-FollowerState: change to CANDIDATE, lastRpcTime:204ms, electionTimeout:204ms
2019-09-26 09:50:09,921 INFO  impl.RoleInfo (RoleInfo.java:shutdownFollowerState(121)) - s1: shutdown FollowerState
2019-09-26 09:50:09,921 INFO  impl.RaftServerImpl (RaftServerImpl.java:setRole(170)) - s1@group-5BD3E7F27A57: changes role from  FOLLOWER to CANDIDATE at term 271 for changeToCandidate
2019-09-26 09:50:09,921 INFO  impl.RoleInfo (RoleInfo.java:updateAndGet(143)) - s1: start LeaderElection
2019-09-26 09:50:09,935 INFO  impl.LeaderElection (LeaderElection.java:askForVotes(178)) - s1@group-5BD3E7F27A57-LeaderElection105: begin an election at term 272 for 2: [s0:0.0.0.0:41468, s1:0.0.0.0:41619, s2:0.0.0.0:44382], old=null
2019-09-26 09:50:09,935 DEBUG impl.RaftServerImpl (RaftServerImpl.java:requestVote(743)) - s0@group-5BD3E7F27A57: receive requestVote(s1, group-5BD3E7F27A57, 272, (t:3, i:3))
2019-09-26 09:50:09,936 DEBUG impl.RaftServerImpl (RaftServerImpl.java:requestVote(775)) - s0@group-5BD3E7F27A57 replies to vote request: s1<-s0#0:FAIL-t272. Peer's state: s0@group-5BD3E7F27A57:t272, leader=null, voted=s0, raftlog=s0@group-5BD3E7F27A57-SegmentedRaftLog:OPENED:c3,f4,i4, conf=3: [s0:0.0.0.0:41468, s1:0.0.0.0:41619, s2:0.0.0.0:44382], old=null
2019-09-26 09:50:10,078 INFO  impl.LeaderElection (LeaderElection.java:logAndReturn(56)) - s2@group-5BD3E7F27A57-LeaderElection103: Election TIMEOUT; received 1 response(s) [s2<-s0#0:FAIL-t272] and 0 exception(s); s2@group-5BD3E7F27A57:t272, leader=null, voted=s2, raftlog=s2@group-5BD3E7F27A57-SegmentedRaftLog:OPENED:c1,f3,i3, conf=3: [s0:0.0.0.0:41468, s1:0.0.0.0:41619, s2:0.0.0.0:44382], old=null
2019-09-26 09:50:10,092 INFO  impl.LeaderElection (LeaderElection.java:askForVotes(178)) - s2@group-5BD3E7F27A57-LeaderElection103: begin an election at term 273 for 3: [s0:0.0.0.0:41468, s1:0.0.0.0:41619, s2:0.0.0.0:44382], old=null
2019-09-26 09:50:10,092 DEBUG impl.RaftServerImpl (RaftServerImpl.java:requestVote(743)) - s0@group-5BD3E7F27A57: receive requestVote(s2, group-5BD3E7F27A57, 273, (t:4, i:3))
2019-09-26 09:50:10,092 INFO  impl.RaftServerImpl (RaftServerImpl.java:setRole(170)) - s0@group-5BD3E7F27A57: changes role from CANDIDATE to FOLLOWER at term 273 for recognizeCandidate:s2
2019-09-26 09:50:10,092 INFO  impl.RoleInfo (RoleInfo.java:shutdownLeaderElection(134)) - s0: shutdown LeaderElection
2019-09-26 09:50:10,093 INFO  impl.RoleInfo (RoleInfo.java:updateAndGet(143)) - s0: start FollowerState
2019-09-26 09:50:10,106 DEBUG impl.RaftServerImpl (RaftServerImpl.java:requestVote(775)) - s0@group-5BD3E7F27A57 replies to vote request: s2<-s0#0:FAIL-t273. Peer's state: s0@group-5BD3E7F27A57:t273, leader=null, voted=null, raftlog=s0@group-5BD3E7F27A57-SegmentedRaftLog:OPENED:c3,f4,i4, conf=3: [s0:0.0.0.0:41468, s1:0.0.0.0:41619, s2:0.0.0.0:44382], old=null
2019-09-26 09:50:10,107 INFO  impl.LeaderElection (LeaderElection.java:logAndReturn(56)) - s1@group-5BD3E7F27A57-LeaderElection105: Election TIMEOUT; received 1 response(s) [s1<-s0#0:FAIL-t272] and 0 exception(s); s1@group-5BD3E7F27A57:t272, leader=null, voted=s1, raftlog=s1@group-5BD3E7F27A57-SegmentedRaftLog:OPENED:c2,f3,i3, conf=2: [s0:0.0.0.0:41468, s1:0.0.0.0:41619, s2:0.0.0.0:44382], old=null
2019-09-26 09:50:10,130 INFO  impl.LeaderElection (LeaderElection.java:askForVotes(178)) - s1@group-5BD3E7F27A57-LeaderElection105: begin an election at term 273 for 2: [s0:0.0.0.0:41468, s1:0.0.0.0:41619, s2:0.0.0.0:44382], old=null
2019-09-26 09:50:10,131 DEBUG impl.RaftServerImpl (RaftServerImpl.java:requestVote(743)) - s0@group-5BD3E7F27A57: receive requestVote(s1, group-5BD3E7F27A57, 273, (t:3, i:3))
2019-09-26 09:50:10,131 INFO  impl.RaftServerImpl (RaftServerImpl.java:setRole(170)) - s0@group-5BD3E7F27A57: changes role from  FOLLOWER to FOLLOWER at term 273 for recognizeCandidate:s1
2019-09-26 09:50:10,131 INFO  impl.RoleInfo (RoleInfo.java:shutdownFollowerState(121)) - s0: shutdown FollowerState
2019-09-26 09:50:10,131 INFO  impl.RoleInfo (RoleInfo.java:updateAndGet(143)) - s0: start FollowerState
2019-09-26 09:50:10,131 INFO  impl.FollowerState (FollowerState.java:run(117)) - s0@group-5BD3E7F27A57-FollowerState was interrupted: java.lang.InterruptedException: sleep interrupted
2019-09-26 09:50:10,131 DEBUG impl.RaftServerImpl (RaftServerImpl.java:requestVote(775)) - s0@group-5BD3E7F27A57 replies to vote request: s1<-s0#0:FAIL-t273. Peer's state: s0@group-5BD3E7F27A57:t273, leader=null, voted=null, raftlog=s0@group-5BD3E7F27A57-SegmentedRaftLog:OPENED:c3,f4,i4, conf=3: [s0:0.0.0.0:41468, s1:0.0.0.0:41619, s2:0.0.0.0:44382], old=null
2019-09-26 09:50:10,144 INFO  impl.LeaderElection (LeaderElection.java:logAndReturn(56)) - s0@group-5BD3E7F27A57-LeaderElection104: Election REJECTED; received 0 response(s) [] and 0 exception(s); s0@group-5BD3E7F27A57:t273, leader=null, voted=null, raftlog=s0@group-5BD3E7F27A57-SegmentedRaftLog:OPENED:c3,f4,i4, conf=3: [s0:0.0.0.0:41468, s1:0.0.0.0:41619, s2:0.0.0.0:44382], old=null
2019-09-26 09:50:10,337 WARN  ratis.RaftTestUtil (JavaUtils.java:attempt(158)) - FAILED "waitForLeader-null-(expectLeader? true)", attempt #72/100: java.lang.IllegalStateException: No leader yet : printing ALL groups
  s0:  RUNNING  FOLLOWER s0@group-5BD3E7F27A57:t273, leader=null, voted=null, raftlog=s0@group-5BD3E7F27A57-SegmentedRaftLog:OPENED:c3,f4,i4, conf=3: [s0:0.0.0.0:41468, s1:0.0.0.0:41619, s2:0.0.0.0:44382], old=null RUNNING
  s1:  RUNNING CANDIDATE s1@group-5BD3E7F27A57:t273, leader=null, voted=s1, raftlog=s1@group-5BD3E7F27A57-SegmentedRaftLog:OPENED:c2,f3,i3, conf=2: [s0:0.0.0.0:41468, s1:0.0.0.0:41619, s2:0.0.0.0:44382], old=null RUNNING
  s2:  RUNNING CANDIDATE s2@group-5BD3E7F27A57:t273, leader=null, voted=s2, raftlog=s2@group-5BD3E7F27A57-SegmentedRaftLog:OPENED:c1,f3,i3, conf=3: [s0:0.0.0.0:41468, s1:0.0.0.0:41619, s2:0.0.0.0:44382], old=null RUNNING, sleep 450ms and then retry.
java.lang.IllegalStateException: No leader yet : printing ALL groups
  s0:  RUNNING  FOLLOWER s0@group-5BD3E7F27A57:t273, leader=null, voted=null, raftlog=s0@group-5BD3E7F27A57-SegmentedRaftLog:OPENED:c3,f4,i4, conf=3: [s0:0.0.0.0:41468, s1:0.0.0.0:41619, s2:0.0.0.0:44382], old=null RUNNING
  s1:  RUNNING CANDIDATE s1@group-5BD3E7F27A57:t273, leader=null, voted=s1, raftlog=s1@group-5BD3E7F27A57-SegmentedRaftLog:OPENED:c2,f3,i3, conf=2: [s0:0.0.0.0:41468, s1:0.0.0.0:41619, s2:0.0.0.0:44382], old=null RUNNING
  s2:  RUNNING CANDIDATE s2@group-5BD3E7F27A57:t273, leader=null, voted=s2, raftlog=s2@group-5BD3E7F27A57-SegmentedRaftLog:OPENED:c1,f3,i3, conf=3: [s0:0.0.0.0:41468, s1:0.0.0.0:41619, s2:0.0.0.0:44382], old=null RUNNING
	at org.apache.ratis.MiniRaftCluster.newIllegalStateExceptionForNoLeaders(MiniRaftCluster.java:506)
	at org.apache.ratis.RaftTestUtil.lambda$waitForLeader$1(RaftTestUtil.java:90)
	at org.apache.ratis.MiniRaftCluster.getLeader(MiniRaftCluster.java:539)
	at org.apache.ratis.MiniRaftCluster.getLeader(MiniRaftCluster.java:532)
	at org.apache.ratis.RaftTestUtil.lambda$waitForLeader$3(RaftTestUtil.java:98)
	at org.apache.ratis.util.JavaUtils.attempt(JavaUtils.java:152)
	at org.apache.ratis.RaftTestUtil.waitForLeader(RaftTestUtil.java:97)
	at org.apache.ratis.RaftTestUtil.waitForLeader(RaftTestUtil.java:77)
	at org.apache.ratis.RaftTestUtil.waitForLeader(RaftTestUtil.java:72)
	at org.apache.ratis.RaftTestUtil.lambda$changeLeader$7(RaftTestUtil.java:363)
	at org.apache.ratis.util.JavaUtils.attempt(JavaUtils.java:152)
	at org.apache.ratis.RaftTestUtil.changeLeader(RaftTestUtil.java:362)
	at org.apache.ratis.server.impl.LeaderElectionTests.testChangeLeader(LeaderElectionTests.java:81)
	at sun.reflect.NativeMethodAccessorImpl.invoke0(Native Method)
	at sun.reflect.NativeMethodAccessorImpl.invoke(NativeMethodAccessorImpl.java:62)
	at sun.reflect.DelegatingMethodAccessorImpl.invoke(DelegatingMethodAccessorImpl.java:43)
	at java.lang.reflect.Method.invoke(Method.java:498)
	at org.junit.runners.model.FrameworkMethod$1.runReflectiveCall(FrameworkMethod.java:50)
	at org.junit.internal.runners.model.ReflectiveCallable.run(ReflectiveCallable.java:12)
	at org.junit.runners.model.FrameworkMethod.invokeExplosively(FrameworkMethod.java:47)
	at org.junit.internal.runners.statements.InvokeMethod.evaluate(InvokeMethod.java:17)
	at org.junit.internal.runners.statements.RunAfters.evaluate(RunAfters.java:27)
	at org.junit.internal.runners.statements.FailOnTimeout$CallableStatement.call(FailOnTimeout.java:298)
	at org.junit.internal.runners.statements.FailOnTimeout$CallableStatement.call(FailOnTimeout.java:292)
	at java.util.concurrent.FutureTask.run(FutureTask.java:266)
	at java.lang.Thread.run(Thread.java:748)
2019-09-26 09:50:10,348 INFO  impl.FollowerState (FollowerState.java:run(108)) - s0@group-5BD3E7F27A57-FollowerState: change to CANDIDATE, lastRpcTime:216ms, electionTimeout:216ms
2019-09-26 09:50:10,348 INFO  impl.RoleInfo (RoleInfo.java:shutdownFollowerState(121)) - s0: shutdown FollowerState
2019-09-26 09:50:10,348 INFO  impl.RaftServerImpl (RaftServerImpl.java:setRole(170)) - s0@group-5BD3E7F27A57: changes role from  FOLLOWER to CANDIDATE at term 273 for changeToCandidate
2019-09-26 09:50:10,348 INFO  impl.RoleInfo (RoleInfo.java:updateAndGet(143)) - s0: start LeaderElection
2019-09-26 09:50:10,360 INFO  impl.LeaderElection (LeaderElection.java:logAndReturn(56)) - s1@group-5BD3E7F27A57-LeaderElection105: Election TIMEOUT; received 1 response(s) [s1<-s0#0:FAIL-t273] and 0 exception(s); s1@group-5BD3E7F27A57:t273, leader=null, voted=s1, raftlog=s1@group-5BD3E7F27A57-SegmentedRaftLog:OPENED:c2,f3,i3, conf=2: [s0:0.0.0.0:41468, s1:0.0.0.0:41619, s2:0.0.0.0:44382], old=null
2019-09-26 09:50:10,362 INFO  impl.LeaderElection (LeaderElection.java:askForVotes(178)) - s0@group-5BD3E7F27A57-LeaderElection106: begin an election at term 274 for 3: [s0:0.0.0.0:41468, s1:0.0.0.0:41619, s2:0.0.0.0:44382], old=null
2019-09-26 09:50:10,364 INFO  impl.LeaderElection (LeaderElection.java:askForVotes(178)) - s1@group-5BD3E7F27A57-LeaderElection105: begin an election at term 274 for 2: [s0:0.0.0.0:41468, s1:0.0.0.0:41619, s2:0.0.0.0:44382], old=null
2019-09-26 09:50:10,364 DEBUG impl.RaftServerImpl (RaftServerImpl.java:requestVote(743)) - s0@group-5BD3E7F27A57: receive requestVote(s1, group-5BD3E7F27A57, 274, (t:3, i:3))
2019-09-26 09:50:10,365 DEBUG impl.RaftServerImpl (RaftServerImpl.java:requestVote(775)) - s0@group-5BD3E7F27A57 replies to vote request: s1<-s0#0:FAIL-t274. Peer's state: s0@group-5BD3E7F27A57:t274, leader=null, voted=s0, raftlog=s0@group-5BD3E7F27A57-SegmentedRaftLog:OPENED:c3,f4,i4, conf=3: [s0:0.0.0.0:41468, s1:0.0.0.0:41619, s2:0.0.0.0:44382], old=null
2019-09-26 09:50:10,376 INFO  impl.LeaderElection (LeaderElection.java:logAndReturn(56)) - s2@group-5BD3E7F27A57-LeaderElection103: Election TIMEOUT; received 1 response(s) [s2<-s0#0:FAIL-t273] and 0 exception(s); s2@group-5BD3E7F27A57:t273, leader=null, voted=s2, raftlog=s2@group-5BD3E7F27A57-SegmentedRaftLog:OPENED:c1,f3,i3, conf=3: [s0:0.0.0.0:41468, s1:0.0.0.0:41619, s2:0.0.0.0:44382], old=null
2019-09-26 09:50:10,382 INFO  impl.LeaderElection (LeaderElection.java:askForVotes(178)) - s2@group-5BD3E7F27A57-LeaderElection103: begin an election at term 274 for 3: [s0:0.0.0.0:41468, s1:0.0.0.0:41619, s2:0.0.0.0:44382], old=null
2019-09-26 09:50:10,382 DEBUG impl.RaftServerImpl (RaftServerImpl.java:requestVote(743)) - s0@group-5BD3E7F27A57: receive requestVote(s2, group-5BD3E7F27A57, 274, (t:4, i:3))
2019-09-26 09:50:10,383 DEBUG impl.RaftServerImpl (RaftServerImpl.java:requestVote(775)) - s0@group-5BD3E7F27A57 replies to vote request: s2<-s0#0:FAIL-t274. Peer's state: s0@group-5BD3E7F27A57:t274, leader=null, voted=s0, raftlog=s0@group-5BD3E7F27A57-SegmentedRaftLog:OPENED:c3,f4,i4, conf=3: [s0:0.0.0.0:41468, s1:0.0.0.0:41619, s2:0.0.0.0:44382], old=null
2019-09-26 09:50:10,593 INFO  impl.LeaderElection (LeaderElection.java:logAndReturn(56)) - s2@group-5BD3E7F27A57-LeaderElection103: Election TIMEOUT; received 1 response(s) [s2<-s0#0:FAIL-t274] and 0 exception(s); s2@group-5BD3E7F27A57:t274, leader=null, voted=s2, raftlog=s2@group-5BD3E7F27A57-SegmentedRaftLog:OPENED:c1,f3,i3, conf=3: [s0:0.0.0.0:41468, s1:0.0.0.0:41619, s2:0.0.0.0:44382], old=null
2019-09-26 09:50:10,595 INFO  impl.LeaderElection (LeaderElection.java:logAndReturn(56)) - s1@group-5BD3E7F27A57-LeaderElection105: Election TIMEOUT; received 1 response(s) [s1<-s0#0:FAIL-t274] and 0 exception(s); s1@group-5BD3E7F27A57:t274, leader=null, voted=s1, raftlog=s1@group-5BD3E7F27A57-SegmentedRaftLog:OPENED:c2,f3,i3, conf=2: [s0:0.0.0.0:41468, s1:0.0.0.0:41619, s2:0.0.0.0:44382], old=null
2019-09-26 09:50:10,598 INFO  impl.LeaderElection (LeaderElection.java:logAndReturn(56)) - s0@group-5BD3E7F27A57-LeaderElection106: Election TIMEOUT; received 0 response(s) [] and 0 exception(s); s0@group-5BD3E7F27A57:t274, leader=null, voted=s0, raftlog=s0@group-5BD3E7F27A57-SegmentedRaftLog:OPENED:c3,f4,i4, conf=3: [s0:0.0.0.0:41468, s1:0.0.0.0:41619, s2:0.0.0.0:44382], old=null
2019-09-26 09:50:10,607 INFO  impl.LeaderElection (LeaderElection.java:askForVotes(178)) - s1@group-5BD3E7F27A57-LeaderElection105: begin an election at term 275 for 2: [s0:0.0.0.0:41468, s1:0.0.0.0:41619, s2:0.0.0.0:44382], old=null
2019-09-26 09:50:10,608 INFO  impl.LeaderElection (LeaderElection.java:askForVotes(178)) - s2@group-5BD3E7F27A57-LeaderElection103: begin an election at term 275 for 3: [s0:0.0.0.0:41468, s1:0.0.0.0:41619, s2:0.0.0.0:44382], old=null
2019-09-26 09:50:10,607 INFO  impl.LeaderElection (LeaderElection.java:askForVotes(178)) - s0@group-5BD3E7F27A57-LeaderElection106: begin an election at term 275 for 3: [s0:0.0.0.0:41468, s1:0.0.0.0:41619, s2:0.0.0.0:44382], old=null
2019-09-26 09:50:10,609 DEBUG impl.RaftServerImpl (RaftServerImpl.java:requestVote(743)) - s0@group-5BD3E7F27A57: receive requestVote(s1, group-5BD3E7F27A57, 275, (t:3, i:3))
2019-09-26 09:50:10,609 DEBUG impl.RaftServerImpl (RaftServerImpl.java:requestVote(743)) - s0@group-5BD3E7F27A57: receive requestVote(s2, group-5BD3E7F27A57, 275, (t:4, i:3))
2019-09-26 09:50:10,609 DEBUG impl.RaftServerImpl (RaftServerImpl.java:requestVote(775)) - s0@group-5BD3E7F27A57 replies to vote request: s1<-s0#0:FAIL-t275. Peer's state: s0@group-5BD3E7F27A57:t275, leader=null, voted=s0, raftlog=s0@group-5BD3E7F27A57-SegmentedRaftLog:OPENED:c3,f4,i4, conf=3: [s0:0.0.0.0:41468, s1:0.0.0.0:41619, s2:0.0.0.0:44382], old=null
2019-09-26 09:50:10,609 DEBUG impl.RaftServerImpl (RaftServerImpl.java:requestVote(775)) - s0@group-5BD3E7F27A57 replies to vote request: s2<-s0#0:FAIL-t275. Peer's state: s0@group-5BD3E7F27A57:t275, leader=null, voted=s0, raftlog=s0@group-5BD3E7F27A57-SegmentedRaftLog:OPENED:c3,f4,i4, conf=3: [s0:0.0.0.0:41468, s1:0.0.0.0:41619, s2:0.0.0.0:44382], old=null
2019-09-26 09:50:10,777 INFO  impl.LeaderElection (LeaderElection.java:logAndReturn(56)) - s1@group-5BD3E7F27A57-LeaderElection105: Election TIMEOUT; received 1 response(s) [s1<-s0#0:FAIL-t275] and 0 exception(s); s1@group-5BD3E7F27A57:t275, leader=null, voted=s1, raftlog=s1@group-5BD3E7F27A57-SegmentedRaftLog:OPENED:c2,f3,i3, conf=2: [s0:0.0.0.0:41468, s1:0.0.0.0:41619, s2:0.0.0.0:44382], old=null
2019-09-26 09:50:10,788 WARN  ratis.RaftTestUtil (JavaUtils.java:attempt(158)) - FAILED "waitForLeader-null-(expectLeader? true)", attempt #73/100: java.lang.IllegalStateException: No leader yet : printing ALL groups
  s0:  RUNNING CANDIDATE s0@group-5BD3E7F27A57:t275, leader=null, voted=s0, raftlog=s0@group-5BD3E7F27A57-SegmentedRaftLog:OPENED:c3,f4,i4, conf=3: [s0:0.0.0.0:41468, s1:0.0.0.0:41619, s2:0.0.0.0:44382], old=null RUNNING
  s1:  RUNNING CANDIDATE s1@group-5BD3E7F27A57:t276, leader=null, voted=s1, raftlog=s1@group-5BD3E7F27A57-SegmentedRaftLog:OPENED:c2,f3,i3, conf=2: [s0:0.0.0.0:41468, s1:0.0.0.0:41619, s2:0.0.0.0:44382], old=null RUNNING
  s2:  RUNNING CANDIDATE s2@group-5BD3E7F27A57:t275, leader=null, voted=s2, raftlog=s2@group-5BD3E7F27A57-SegmentedRaftLog:OPENED:c1,f3,i3, conf=3: [s0:0.0.0.0:41468, s1:0.0.0.0:41619, s2:0.0.0.0:44382], old=null RUNNING, sleep 450ms and then retry.
java.lang.IllegalStateException: No leader yet : printing ALL groups
  s0:  RUNNING CANDIDATE s0@group-5BD3E7F27A57:t275, leader=null, voted=s0, raftlog=s0@group-5BD3E7F27A57-SegmentedRaftLog:OPENED:c3,f4,i4, conf=3: [s0:0.0.0.0:41468, s1:0.0.0.0:41619, s2:0.0.0.0:44382], old=null RUNNING
  s1:  RUNNING CANDIDATE s1@group-5BD3E7F27A57:t276, leader=null, voted=s1, raftlog=s1@group-5BD3E7F27A57-SegmentedRaftLog:OPENED:c2,f3,i3, conf=2: [s0:0.0.0.0:41468, s1:0.0.0.0:41619, s2:0.0.0.0:44382], old=null RUNNING
  s2:  RUNNING CANDIDATE s2@group-5BD3E7F27A57:t275, leader=null, voted=s2, raftlog=s2@group-5BD3E7F27A57-SegmentedRaftLog:OPENED:c1,f3,i3, conf=3: [s0:0.0.0.0:41468, s1:0.0.0.0:41619, s2:0.0.0.0:44382], old=null RUNNING
	at org.apache.ratis.MiniRaftCluster.newIllegalStateExceptionForNoLeaders(MiniRaftCluster.java:506)
	at org.apache.ratis.RaftTestUtil.lambda$waitForLeader$1(RaftTestUtil.java:90)
	at org.apache.ratis.MiniRaftCluster.getLeader(MiniRaftCluster.java:539)
	at org.apache.ratis.MiniRaftCluster.getLeader(MiniRaftCluster.java:532)
	at org.apache.ratis.RaftTestUtil.lambda$waitForLeader$3(RaftTestUtil.java:98)
	at org.apache.ratis.util.JavaUtils.attempt(JavaUtils.java:152)
	at org.apache.ratis.RaftTestUtil.waitForLeader(RaftTestUtil.java:97)
	at org.apache.ratis.RaftTestUtil.waitForLeader(RaftTestUtil.java:77)
	at org.apache.ratis.RaftTestUtil.waitForLeader(RaftTestUtil.java:72)
	at org.apache.ratis.RaftTestUtil.lambda$changeLeader$7(RaftTestUtil.java:363)
	at org.apache.ratis.util.JavaUtils.attempt(JavaUtils.java:152)
	at org.apache.ratis.RaftTestUtil.changeLeader(RaftTestUtil.java:362)
	at org.apache.ratis.server.impl.LeaderElectionTests.testChangeLeader(LeaderElectionTests.java:81)
	at sun.reflect.NativeMethodAccessorImpl.invoke0(Native Method)
	at sun.reflect.NativeMethodAccessorImpl.invoke(NativeMethodAccessorImpl.java:62)
	at sun.reflect.DelegatingMethodAccessorImpl.invoke(DelegatingMethodAccessorImpl.java:43)
	at java.lang.reflect.Method.invoke(Method.java:498)
	at org.junit.runners.model.FrameworkMethod$1.runReflectiveCall(FrameworkMethod.java:50)
	at org.junit.internal.runners.model.ReflectiveCallable.run(ReflectiveCallable.java:12)
	at org.junit.runners.model.FrameworkMethod.invokeExplosively(FrameworkMethod.java:47)
	at org.junit.internal.runners.statements.InvokeMethod.evaluate(InvokeMethod.java:17)
	at org.junit.internal.runners.statements.RunAfters.evaluate(RunAfters.java:27)
	at org.junit.internal.runners.statements.FailOnTimeout$CallableStatement.call(FailOnTimeout.java:298)
	at org.junit.internal.runners.statements.FailOnTimeout$CallableStatement.call(FailOnTimeout.java:292)
	at java.util.concurrent.FutureTask.run(FutureTask.java:266)
	at java.lang.Thread.run(Thread.java:748)
2019-09-26 09:50:10,791 INFO  impl.LeaderElection (LeaderElection.java:askForVotes(178)) - s1@group-5BD3E7F27A57-LeaderElection105: begin an election at term 276 for 2: [s0:0.0.0.0:41468, s1:0.0.0.0:41619, s2:0.0.0.0:44382], old=null
2019-09-26 09:50:10,791 DEBUG impl.RaftServerImpl (RaftServerImpl.java:requestVote(743)) - s0@group-5BD3E7F27A57: receive requestVote(s1, group-5BD3E7F27A57, 276, (t:3, i:3))
2019-09-26 09:50:10,791 INFO  impl.RaftServerImpl (RaftServerImpl.java:setRole(170)) - s0@group-5BD3E7F27A57: changes role from CANDIDATE to FOLLOWER at term 276 for recognizeCandidate:s1
2019-09-26 09:50:10,792 INFO  impl.RoleInfo (RoleInfo.java:shutdownLeaderElection(134)) - s0: shutdown LeaderElection
2019-09-26 09:50:10,792 INFO  impl.RoleInfo (RoleInfo.java:updateAndGet(143)) - s0: start FollowerState
2019-09-26 09:50:10,805 DEBUG impl.RaftServerImpl (RaftServerImpl.java:requestVote(775)) - s0@group-5BD3E7F27A57 replies to vote request: s1<-s0#0:FAIL-t276. Peer's state: s0@group-5BD3E7F27A57:t276, leader=null, voted=null, raftlog=s0@group-5BD3E7F27A57-SegmentedRaftLog:OPENED:c3,f4,i4, conf=3: [s0:0.0.0.0:41468, s1:0.0.0.0:41619, s2:0.0.0.0:44382], old=null
2019-09-26 09:50:10,827 INFO  impl.LeaderElection (LeaderElection.java:logAndReturn(56)) - s0@group-5BD3E7F27A57-LeaderElection106: Election REJECTED; received 0 response(s) [] and 0 exception(s); s0@group-5BD3E7F27A57:t276, leader=null, voted=null, raftlog=s0@group-5BD3E7F27A57-SegmentedRaftLog:OPENED:c3,f4,i4, conf=3: [s0:0.0.0.0:41468, s1:0.0.0.0:41619, s2:0.0.0.0:44382], old=null
2019-09-26 09:50:10,861 INFO  impl.LeaderElection (LeaderElection.java:logAndReturn(56)) - s2@group-5BD3E7F27A57-LeaderElection103: Election TIMEOUT; received 1 response(s) [s2<-s0#0:FAIL-t275] and 0 exception(s); s2@group-5BD3E7F27A57:t275, leader=null, voted=s2, raftlog=s2@group-5BD3E7F27A57-SegmentedRaftLog:OPENED:c1,f3,i3, conf=3: [s0:0.0.0.0:41468, s1:0.0.0.0:41619, s2:0.0.0.0:44382], old=null
2019-09-26 09:50:10,875 INFO  impl.LeaderElection (LeaderElection.java:askForVotes(178)) - s2@group-5BD3E7F27A57-LeaderElection103: begin an election at term 276 for 3: [s0:0.0.0.0:41468, s1:0.0.0.0:41619, s2:0.0.0.0:44382], old=null
2019-09-26 09:50:10,876 DEBUG impl.RaftServerImpl (RaftServerImpl.java:requestVote(743)) - s0@group-5BD3E7F27A57: receive requestVote(s2, group-5BD3E7F27A57, 276, (t:4, i:3))
2019-09-26 09:50:10,876 INFO  impl.RaftServerImpl (RaftServerImpl.java:setRole(170)) - s0@group-5BD3E7F27A57: changes role from  FOLLOWER to FOLLOWER at term 276 for recognizeCandidate:s2
2019-09-26 09:50:10,876 INFO  impl.RoleInfo (RoleInfo.java:shutdownFollowerState(121)) - s0: shutdown FollowerState
2019-09-26 09:50:10,876 INFO  impl.RoleInfo (RoleInfo.java:updateAndGet(143)) - s0: start FollowerState
2019-09-26 09:50:10,877 INFO  impl.FollowerState (FollowerState.java:run(117)) - s0@group-5BD3E7F27A57-FollowerState was interrupted: java.lang.InterruptedException: sleep interrupted
2019-09-26 09:50:10,877 DEBUG impl.RaftServerImpl (RaftServerImpl.java:requestVote(775)) - s0@group-5BD3E7F27A57 replies to vote request: s2<-s0#0:FAIL-t276. Peer's state: s0@group-5BD3E7F27A57:t276, leader=null, voted=null, raftlog=s0@group-5BD3E7F27A57-SegmentedRaftLog:OPENED:c3,f4,i4, conf=3: [s0:0.0.0.0:41468, s1:0.0.0.0:41619, s2:0.0.0.0:44382], old=null
2019-09-26 09:50:11,012 INFO  impl.LeaderElection (LeaderElection.java:logAndReturn(56)) - s1@group-5BD3E7F27A57-LeaderElection105: Election TIMEOUT; received 1 response(s) [s1<-s0#0:FAIL-t276] and 0 exception(s); s1@group-5BD3E7F27A57:t276, leader=null, voted=s1, raftlog=s1@group-5BD3E7F27A57-SegmentedRaftLog:OPENED:c2,f3,i3, conf=2: [s0:0.0.0.0:41468, s1:0.0.0.0:41619, s2:0.0.0.0:44382], old=null
2019-09-26 09:50:11,026 INFO  impl.LeaderElection (LeaderElection.java:askForVotes(178)) - s1@group-5BD3E7F27A57-LeaderElection105: begin an election at term 277 for 2: [s0:0.0.0.0:41468, s1:0.0.0.0:41619, s2:0.0.0.0:44382], old=null
2019-09-26 09:50:11,026 DEBUG impl.RaftServerImpl (RaftServerImpl.java:requestVote(743)) - s0@group-5BD3E7F27A57: receive requestVote(s1, group-5BD3E7F27A57, 277, (t:3, i:3))
2019-09-26 09:50:11,026 INFO  impl.RaftServerImpl (RaftServerImpl.java:setRole(170)) - s0@group-5BD3E7F27A57: changes role from  FOLLOWER to FOLLOWER at term 277 for recognizeCandidate:s1
2019-09-26 09:50:11,026 INFO  impl.RoleInfo (RoleInfo.java:shutdownFollowerState(121)) - s0: shutdown FollowerState
2019-09-26 09:50:11,027 INFO  impl.RoleInfo (RoleInfo.java:updateAndGet(143)) - s0: start FollowerState
2019-09-26 09:50:11,027 INFO  impl.FollowerState (FollowerState.java:run(117)) - s0@group-5BD3E7F27A57-FollowerState was interrupted: java.lang.InterruptedException: sleep interrupted
2019-09-26 09:50:11,040 DEBUG impl.RaftServerImpl (RaftServerImpl.java:requestVote(775)) - s0@group-5BD3E7F27A57 replies to vote request: s1<-s0#0:FAIL-t277. Peer's state: s0@group-5BD3E7F27A57:t277, leader=null, voted=null, raftlog=s0@group-5BD3E7F27A57-SegmentedRaftLog:OPENED:c3,f4,i4, conf=3: [s0:0.0.0.0:41468, s1:0.0.0.0:41619, s2:0.0.0.0:44382], old=null
2019-09-26 09:50:11,145 INFO  impl.LeaderElection (LeaderElection.java:logAndReturn(56)) - s2@group-5BD3E7F27A57-LeaderElection103: Election TIMEOUT; received 1 response(s) [s2<-s0#0:FAIL-t276] and 0 exception(s); s2@group-5BD3E7F27A57:t276, leader=null, voted=s2, raftlog=s2@group-5BD3E7F27A57-SegmentedRaftLog:OPENED:c1,f3,i3, conf=3: [s0:0.0.0.0:41468, s1:0.0.0.0:41619, s2:0.0.0.0:44382], old=null
2019-09-26 09:50:11,159 INFO  impl.LeaderElection (LeaderElection.java:askForVotes(178)) - s2@group-5BD3E7F27A57-LeaderElection103: begin an election at term 277 for 3: [s0:0.0.0.0:41468, s1:0.0.0.0:41619, s2:0.0.0.0:44382], old=null
2019-09-26 09:50:11,159 DEBUG impl.RaftServerImpl (RaftServerImpl.java:requestVote(743)) - s0@group-5BD3E7F27A57: receive requestVote(s2, group-5BD3E7F27A57, 277, (t:4, i:3))
2019-09-26 09:50:11,160 INFO  impl.RaftServerImpl (RaftServerImpl.java:setRole(170)) - s0@group-5BD3E7F27A57: changes role from  FOLLOWER to FOLLOWER at term 277 for recognizeCandidate:s2
2019-09-26 09:50:11,160 INFO  impl.RoleInfo (RoleInfo.java:shutdownFollowerState(121)) - s0: shutdown FollowerState
2019-09-26 09:50:11,160 INFO  impl.RoleInfo (RoleInfo.java:updateAndGet(143)) - s0: start FollowerState
2019-09-26 09:50:11,160 INFO  impl.FollowerState (FollowerState.java:run(117)) - s0@group-5BD3E7F27A57-FollowerState was interrupted: java.lang.InterruptedException: sleep interrupted
2019-09-26 09:50:11,160 DEBUG impl.RaftServerImpl (RaftServerImpl.java:requestVote(775)) - s0@group-5BD3E7F27A57 replies to vote request: s2<-s0#0:FAIL-t277. Peer's state: s0@group-5BD3E7F27A57:t277, leader=null, voted=null, raftlog=s0@group-5BD3E7F27A57-SegmentedRaftLog:OPENED:c3,f4,i4, conf=3: [s0:0.0.0.0:41468, s1:0.0.0.0:41619, s2:0.0.0.0:44382], old=null
2019-09-26 09:50:11,197 INFO  ratis.MiniRaftCluster (MiniRaftCluster.java:lambda$null$5(297)) - TIMED-PRINT: printing ALL groups
  s0:  RUNNING  FOLLOWER s0@group-5BD3E7F27A57:t277, leader=null, voted=null, raftlog=s0@group-5BD3E7F27A57-SegmentedRaftLog:OPENED:c3,f4,i4, conf=3: [s0:0.0.0.0:41468, s1:0.0.0.0:41619, s2:0.0.0.0:44382], old=null RUNNING
  s1:  RUNNING CANDIDATE s1@group-5BD3E7F27A57:t277, leader=null, voted=s1, raftlog=s1@group-5BD3E7F27A57-SegmentedRaftLog:OPENED:c2,f3,i3, conf=2: [s0:0.0.0.0:41468, s1:0.0.0.0:41619, s2:0.0.0.0:44382], old=null RUNNING
  s2:  RUNNING CANDIDATE s2@group-5BD3E7F27A57:t277, leader=null, voted=s2, raftlog=s2@group-5BD3E7F27A57-SegmentedRaftLog:OPENED:c1,f3,i3, conf=3: [s0:0.0.0.0:41468, s1:0.0.0.0:41619, s2:0.0.0.0:44382], old=null RUNNING
2019-09-26 09:50:11,239 WARN  ratis.RaftTestUtil (JavaUtils.java:attempt(158)) - FAILED "waitForLeader-null-(expectLeader? true)", attempt #74/100: java.lang.IllegalStateException: No leader yet : printing ALL groups
  s0:  RUNNING  FOLLOWER s0@group-5BD3E7F27A57:t277, leader=null, voted=null, raftlog=s0@group-5BD3E7F27A57-SegmentedRaftLog:OPENED:c3,f4,i4, conf=3: [s0:0.0.0.0:41468, s1:0.0.0.0:41619, s2:0.0.0.0:44382], old=null RUNNING
  s1:  RUNNING CANDIDATE s1@group-5BD3E7F27A57:t277, leader=null, voted=s1, raftlog=s1@group-5BD3E7F27A57-SegmentedRaftLog:OPENED:c2,f3,i3, conf=2: [s0:0.0.0.0:41468, s1:0.0.0.0:41619, s2:0.0.0.0:44382], old=null RUNNING
  s2:  RUNNING CANDIDATE s2@group-5BD3E7F27A57:t277, leader=null, voted=s2, raftlog=s2@group-5BD3E7F27A57-SegmentedRaftLog:OPENED:c1,f3,i3, conf=3: [s0:0.0.0.0:41468, s1:0.0.0.0:41619, s2:0.0.0.0:44382], old=null RUNNING, sleep 450ms and then retry.
java.lang.IllegalStateException: No leader yet : printing ALL groups
  s0:  RUNNING  FOLLOWER s0@group-5BD3E7F27A57:t277, leader=null, voted=null, raftlog=s0@group-5BD3E7F27A57-SegmentedRaftLog:OPENED:c3,f4,i4, conf=3: [s0:0.0.0.0:41468, s1:0.0.0.0:41619, s2:0.0.0.0:44382], old=null RUNNING
  s1:  RUNNING CANDIDATE s1@group-5BD3E7F27A57:t277, leader=null, voted=s1, raftlog=s1@group-5BD3E7F27A57-SegmentedRaftLog:OPENED:c2,f3,i3, conf=2: [s0:0.0.0.0:41468, s1:0.0.0.0:41619, s2:0.0.0.0:44382], old=null RUNNING
  s2:  RUNNING CANDIDATE s2@group-5BD3E7F27A57:t277, leader=null, voted=s2, raftlog=s2@group-5BD3E7F27A57-SegmentedRaftLog:OPENED:c1,f3,i3, conf=3: [s0:0.0.0.0:41468, s1:0.0.0.0:41619, s2:0.0.0.0:44382], old=null RUNNING
	at org.apache.ratis.MiniRaftCluster.newIllegalStateExceptionForNoLeaders(MiniRaftCluster.java:506)
	at org.apache.ratis.RaftTestUtil.lambda$waitForLeader$1(RaftTestUtil.java:90)
	at org.apache.ratis.MiniRaftCluster.getLeader(MiniRaftCluster.java:539)
	at org.apache.ratis.MiniRaftCluster.getLeader(MiniRaftCluster.java:532)
	at org.apache.ratis.RaftTestUtil.lambda$waitForLeader$3(RaftTestUtil.java:98)
	at org.apache.ratis.util.JavaUtils.attempt(JavaUtils.java:152)
	at org.apache.ratis.RaftTestUtil.waitForLeader(RaftTestUtil.java:97)
	at org.apache.ratis.RaftTestUtil.waitForLeader(RaftTestUtil.java:77)
	at org.apache.ratis.RaftTestUtil.waitForLeader(RaftTestUtil.java:72)
	at org.apache.ratis.RaftTestUtil.lambda$changeLeader$7(RaftTestUtil.java:363)
	at org.apache.ratis.util.JavaUtils.attempt(JavaUtils.java:152)
	at org.apache.ratis.RaftTestUtil.changeLeader(RaftTestUtil.java:362)
	at org.apache.ratis.server.impl.LeaderElectionTests.testChangeLeader(LeaderElectionTests.java:81)
	at sun.reflect.NativeMethodAccessorImpl.invoke0(Native Method)
	at sun.reflect.NativeMethodAccessorImpl.invoke(NativeMethodAccessorImpl.java:62)
	at sun.reflect.DelegatingMethodAccessorImpl.invoke(DelegatingMethodAccessorImpl.java:43)
	at java.lang.reflect.Method.invoke(Method.java:498)
	at org.junit.runners.model.FrameworkMethod$1.runReflectiveCall(FrameworkMethod.java:50)
	at org.junit.internal.runners.model.ReflectiveCallable.run(ReflectiveCallable.java:12)
	at org.junit.runners.model.FrameworkMethod.invokeExplosively(FrameworkMethod.java:47)
	at org.junit.internal.runners.statements.InvokeMethod.evaluate(InvokeMethod.java:17)
	at org.junit.internal.runners.statements.RunAfters.evaluate(RunAfters.java:27)
	at org.junit.internal.runners.statements.FailOnTimeout$CallableStatement.call(FailOnTimeout.java:298)
	at org.junit.internal.runners.statements.FailOnTimeout$CallableStatement.call(FailOnTimeout.java:292)
	at java.util.concurrent.FutureTask.run(FutureTask.java:266)
	at java.lang.Thread.run(Thread.java:748)
2019-09-26 09:50:11,265 INFO  impl.LeaderElection (LeaderElection.java:logAndReturn(56)) - s1@group-5BD3E7F27A57-LeaderElection105: Election TIMEOUT; received 1 response(s) [s1<-s0#0:FAIL-t277] and 0 exception(s); s1@group-5BD3E7F27A57:t277, leader=null, voted=s1, raftlog=s1@group-5BD3E7F27A57-SegmentedRaftLog:OPENED:c2,f3,i3, conf=2: [s0:0.0.0.0:41468, s1:0.0.0.0:41619, s2:0.0.0.0:44382], old=null
2019-09-26 09:50:11,273 INFO  impl.LeaderElection (LeaderElection.java:askForVotes(178)) - s1@group-5BD3E7F27A57-LeaderElection105: begin an election at term 278 for 2: [s0:0.0.0.0:41468, s1:0.0.0.0:41619, s2:0.0.0.0:44382], old=null
2019-09-26 09:50:11,274 DEBUG impl.RaftServerImpl (RaftServerImpl.java:requestVote(743)) - s0@group-5BD3E7F27A57: receive requestVote(s1, group-5BD3E7F27A57, 278, (t:3, i:3))
2019-09-26 09:50:11,274 INFO  impl.RaftServerImpl (RaftServerImpl.java:setRole(170)) - s0@group-5BD3E7F27A57: changes role from  FOLLOWER to FOLLOWER at term 278 for recognizeCandidate:s1
2019-09-26 09:50:11,274 INFO  impl.RoleInfo (RoleInfo.java:shutdownFollowerState(121)) - s0: shutdown FollowerState
2019-09-26 09:50:11,274 INFO  impl.RoleInfo (RoleInfo.java:updateAndGet(143)) - s0: start FollowerState
2019-09-26 09:50:11,274 INFO  impl.FollowerState (FollowerState.java:run(117)) - s0@group-5BD3E7F27A57-FollowerState was interrupted: java.lang.InterruptedException: sleep interrupted
2019-09-26 09:50:11,280 DEBUG impl.RaftServerImpl (RaftServerImpl.java:requestVote(775)) - s0@group-5BD3E7F27A57 replies to vote request: s1<-s0#0:FAIL-t278. Peer's state: s0@group-5BD3E7F27A57:t278, leader=null, voted=null, raftlog=s0@group-5BD3E7F27A57-SegmentedRaftLog:OPENED:c3,f4,i4, conf=3: [s0:0.0.0.0:41468, s1:0.0.0.0:41619, s2:0.0.0.0:44382], old=null
2019-09-26 09:50:11,426 INFO  impl.LeaderElection (LeaderElection.java:logAndReturn(56)) - s1@group-5BD3E7F27A57-LeaderElection105: Election TIMEOUT; received 1 response(s) [s1<-s0#0:FAIL-t278] and 0 exception(s); s1@group-5BD3E7F27A57:t278, leader=null, voted=s1, raftlog=s1@group-5BD3E7F27A57-SegmentedRaftLog:OPENED:c2,f3,i3, conf=2: [s0:0.0.0.0:41468, s1:0.0.0.0:41619, s2:0.0.0.0:44382], old=null
2019-09-26 09:50:11,430 INFO  impl.LeaderElection (LeaderElection.java:askForVotes(178)) - s1@group-5BD3E7F27A57-LeaderElection105: begin an election at term 279 for 2: [s0:0.0.0.0:41468, s1:0.0.0.0:41619, s2:0.0.0.0:44382], old=null
2019-09-26 09:50:11,430 DEBUG impl.RaftServerImpl (RaftServerImpl.java:requestVote(743)) - s0@group-5BD3E7F27A57: receive requestVote(s1, group-5BD3E7F27A57, 279, (t:3, i:3))
2019-09-26 09:50:11,431 INFO  impl.RaftServerImpl (RaftServerImpl.java:setRole(170)) - s0@group-5BD3E7F27A57: changes role from  FOLLOWER to FOLLOWER at term 279 for recognizeCandidate:s1
2019-09-26 09:50:11,431 INFO  impl.RoleInfo (RoleInfo.java:shutdownFollowerState(121)) - s0: shutdown FollowerState
2019-09-26 09:50:11,431 INFO  impl.RoleInfo (RoleInfo.java:updateAndGet(143)) - s0: start FollowerState
2019-09-26 09:50:11,431 INFO  impl.FollowerState (FollowerState.java:run(117)) - s0@group-5BD3E7F27A57-FollowerState was interrupted: java.lang.InterruptedException: sleep interrupted
2019-09-26 09:50:11,434 DEBUG impl.RaftServerImpl (RaftServerImpl.java:requestVote(775)) - s0@group-5BD3E7F27A57 replies to vote request: s1<-s0#0:FAIL-t279. Peer's state: s0@group-5BD3E7F27A57:t279, leader=null, voted=null, raftlog=s0@group-5BD3E7F27A57-SegmentedRaftLog:OPENED:c3,f4,i4, conf=3: [s0:0.0.0.0:41468, s1:0.0.0.0:41619, s2:0.0.0.0:44382], old=null
2019-09-26 09:50:11,454 INFO  impl.LeaderElection (LeaderElection.java:logAndReturn(56)) - s2@group-5BD3E7F27A57-LeaderElection103: Election TIMEOUT; received 1 response(s) [s2<-s0#0:FAIL-t277] and 0 exception(s); s2@group-5BD3E7F27A57:t277, leader=null, voted=s2, raftlog=s2@group-5BD3E7F27A57-SegmentedRaftLog:OPENED:c1,f3,i3, conf=3: [s0:0.0.0.0:41468, s1:0.0.0.0:41619, s2:0.0.0.0:44382], old=null
2019-09-26 09:50:11,465 INFO  impl.LeaderElection (LeaderElection.java:askForVotes(178)) - s2@group-5BD3E7F27A57-LeaderElection103: begin an election at term 278 for 3: [s0:0.0.0.0:41468, s1:0.0.0.0:41619, s2:0.0.0.0:44382], old=null
2019-09-26 09:50:11,466 DEBUG impl.RaftServerImpl (RaftServerImpl.java:requestVote(743)) - s0@group-5BD3E7F27A57: receive requestVote(s2, group-5BD3E7F27A57, 278, (t:4, i:3))
2019-09-26 09:50:11,466 DEBUG impl.RaftServerImpl (RaftServerImpl.java:requestVote(775)) - s0@group-5BD3E7F27A57 replies to vote request: s2<-s0#0:FAIL-t279. Peer's state: s0@group-5BD3E7F27A57:t279, leader=null, voted=null, raftlog=s0@group-5BD3E7F27A57-SegmentedRaftLog:OPENED:c3,f4,i4, conf=3: [s0:0.0.0.0:41468, s1:0.0.0.0:41619, s2:0.0.0.0:44382], old=null
2019-09-26 09:50:11,466 INFO  impl.LeaderElection (LeaderElection.java:logAndReturn(56)) - s2@group-5BD3E7F27A57-LeaderElection103: Election DISCOVERED_A_NEW_TERM; received 1 response(s) [s2<-s0#0:FAIL-t279] and 0 exception(s); s2@group-5BD3E7F27A57:t278, leader=null, voted=s2, raftlog=s2@group-5BD3E7F27A57-SegmentedRaftLog:OPENED:c1,f3,i3, conf=3: [s0:0.0.0.0:41468, s1:0.0.0.0:41619, s2:0.0.0.0:44382], old=null
2019-09-26 09:50:11,466 INFO  impl.RaftServerImpl (RaftServerImpl.java:setRole(170)) - s2@group-5BD3E7F27A57: changes role from CANDIDATE to FOLLOWER at term 279 for DISCOVERED_A_NEW_TERM
2019-09-26 09:50:11,466 INFO  impl.RoleInfo (RoleInfo.java:shutdownLeaderElection(134)) - s2: shutdown LeaderElection
2019-09-26 09:50:11,467 INFO  impl.RoleInfo (RoleInfo.java:updateAndGet(143)) - s2: start FollowerState
2019-09-26 09:50:11,606 INFO  impl.FollowerState (FollowerState.java:run(108)) - s0@group-5BD3E7F27A57-FollowerState: change to CANDIDATE, lastRpcTime:175ms, electionTimeout:175ms
2019-09-26 09:50:11,607 INFO  impl.RoleInfo (RoleInfo.java:shutdownFollowerState(121)) - s0: shutdown FollowerState
2019-09-26 09:50:11,607 INFO  impl.RaftServerImpl (RaftServerImpl.java:setRole(170)) - s0@group-5BD3E7F27A57: changes role from  FOLLOWER to CANDIDATE at term 279 for changeToCandidate
2019-09-26 09:50:11,607 INFO  impl.RoleInfo (RoleInfo.java:updateAndGet(143)) - s0: start LeaderElection
2019-09-26 09:50:11,620 INFO  impl.LeaderElection (LeaderElection.java:askForVotes(178)) - s0@group-5BD3E7F27A57-LeaderElection107: begin an election at term 280 for 3: [s0:0.0.0.0:41468, s1:0.0.0.0:41619, s2:0.0.0.0:44382], old=null
2019-09-26 09:50:11,649 INFO  impl.LeaderElection (LeaderElection.java:logAndReturn(56)) - s1@group-5BD3E7F27A57-LeaderElection105: Election TIMEOUT; received 1 response(s) [s1<-s0#0:FAIL-t279] and 0 exception(s); s1@group-5BD3E7F27A57:t279, leader=null, voted=s1, raftlog=s1@group-5BD3E7F27A57-SegmentedRaftLog:OPENED:c2,f3,i3, conf=2: [s0:0.0.0.0:41468, s1:0.0.0.0:41619, s2:0.0.0.0:44382], old=null
2019-09-26 09:50:11,662 INFO  impl.LeaderElection (LeaderElection.java:askForVotes(178)) - s1@group-5BD3E7F27A57-LeaderElection105: begin an election at term 280 for 2: [s0:0.0.0.0:41468, s1:0.0.0.0:41619, s2:0.0.0.0:44382], old=null
2019-09-26 09:50:11,662 DEBUG impl.RaftServerImpl (RaftServerImpl.java:requestVote(743)) - s0@group-5BD3E7F27A57: receive requestVote(s1, group-5BD3E7F27A57, 280, (t:3, i:3))
2019-09-26 09:50:11,663 DEBUG impl.RaftServerImpl (RaftServerImpl.java:requestVote(775)) - s0@group-5BD3E7F27A57 replies to vote request: s1<-s0#0:FAIL-t280. Peer's state: s0@group-5BD3E7F27A57:t280, leader=null, voted=s0, raftlog=s0@group-5BD3E7F27A57-SegmentedRaftLog:OPENED:c3,f4,i4, conf=3: [s0:0.0.0.0:41468, s1:0.0.0.0:41619, s2:0.0.0.0:44382], old=null
2019-09-26 09:50:11,690 WARN  ratis.RaftTestUtil (JavaUtils.java:attempt(158)) - FAILED "waitForLeader-null-(expectLeader? true)", attempt #75/100: java.lang.IllegalStateException: No leader yet : printing ALL groups
  s0:  RUNNING CANDIDATE s0@group-5BD3E7F27A57:t280, leader=null, voted=s0, raftlog=s0@group-5BD3E7F27A57-SegmentedRaftLog:OPENED:c3,f4,i4, conf=3: [s0:0.0.0.0:41468, s1:0.0.0.0:41619, s2:0.0.0.0:44382], old=null RUNNING
  s1:  RUNNING CANDIDATE s1@group-5BD3E7F27A57:t280, leader=null, voted=s1, raftlog=s1@group-5BD3E7F27A57-SegmentedRaftLog:OPENED:c2,f3,i3, conf=2: [s0:0.0.0.0:41468, s1:0.0.0.0:41619, s2:0.0.0.0:44382], old=null RUNNING
  s2:  RUNNING  FOLLOWER s2@group-5BD3E7F27A57:t279, leader=null, voted=null, raftlog=s2@group-5BD3E7F27A57-SegmentedRaftLog:OPENED:c1,f3,i3, conf=3: [s0:0.0.0.0:41468, s1:0.0.0.0:41619, s2:0.0.0.0:44382], old=null RUNNING, sleep 450ms and then retry.
java.lang.IllegalStateException: No leader yet : printing ALL groups
  s0:  RUNNING CANDIDATE s0@group-5BD3E7F27A57:t280, leader=null, voted=s0, raftlog=s0@group-5BD3E7F27A57-SegmentedRaftLog:OPENED:c3,f4,i4, conf=3: [s0:0.0.0.0:41468, s1:0.0.0.0:41619, s2:0.0.0.0:44382], old=null RUNNING
  s1:  RUNNING CANDIDATE s1@group-5BD3E7F27A57:t280, leader=null, voted=s1, raftlog=s1@group-5BD3E7F27A57-SegmentedRaftLog:OPENED:c2,f3,i3, conf=2: [s0:0.0.0.0:41468, s1:0.0.0.0:41619, s2:0.0.0.0:44382], old=null RUNNING
  s2:  RUNNING  FOLLOWER s2@group-5BD3E7F27A57:t279, leader=null, voted=null, raftlog=s2@group-5BD3E7F27A57-SegmentedRaftLog:OPENED:c1,f3,i3, conf=3: [s0:0.0.0.0:41468, s1:0.0.0.0:41619, s2:0.0.0.0:44382], old=null RUNNING
	at org.apache.ratis.MiniRaftCluster.newIllegalStateExceptionForNoLeaders(MiniRaftCluster.java:506)
	at org.apache.ratis.RaftTestUtil.lambda$waitForLeader$1(RaftTestUtil.java:90)
	at org.apache.ratis.MiniRaftCluster.getLeader(MiniRaftCluster.java:539)
	at org.apache.ratis.MiniRaftCluster.getLeader(MiniRaftCluster.java:532)
	at org.apache.ratis.RaftTestUtil.lambda$waitForLeader$3(RaftTestUtil.java:98)
	at org.apache.ratis.util.JavaUtils.attempt(JavaUtils.java:152)
	at org.apache.ratis.RaftTestUtil.waitForLeader(RaftTestUtil.java:97)
	at org.apache.ratis.RaftTestUtil.waitForLeader(RaftTestUtil.java:77)
	at org.apache.ratis.RaftTestUtil.waitForLeader(RaftTestUtil.java:72)
	at org.apache.ratis.RaftTestUtil.lambda$changeLeader$7(RaftTestUtil.java:363)
	at org.apache.ratis.util.JavaUtils.attempt(JavaUtils.java:152)
	at org.apache.ratis.RaftTestUtil.changeLeader(RaftTestUtil.java:362)
	at org.apache.ratis.server.impl.LeaderElectionTests.testChangeLeader(LeaderElectionTests.java:81)
	at sun.reflect.NativeMethodAccessorImpl.invoke0(Native Method)
	at sun.reflect.NativeMethodAccessorImpl.invoke(NativeMethodAccessorImpl.java:62)
	at sun.reflect.DelegatingMethodAccessorImpl.invoke(DelegatingMethodAccessorImpl.java:43)
	at java.lang.reflect.Method.invoke(Method.java:498)
	at org.junit.runners.model.FrameworkMethod$1.runReflectiveCall(FrameworkMethod.java:50)
	at org.junit.internal.runners.model.ReflectiveCallable.run(ReflectiveCallable.java:12)
	at org.junit.runners.model.FrameworkMethod.invokeExplosively(FrameworkMethod.java:47)
	at org.junit.internal.runners.statements.InvokeMethod.evaluate(InvokeMethod.java:17)
	at org.junit.internal.runners.statements.RunAfters.evaluate(RunAfters.java:27)
	at org.junit.internal.runners.statements.FailOnTimeout$CallableStatement.call(FailOnTimeout.java:298)
	at org.junit.internal.runners.statements.FailOnTimeout$CallableStatement.call(FailOnTimeout.java:292)
	at java.util.concurrent.FutureTask.run(FutureTask.java:266)
	at java.lang.Thread.run(Thread.java:748)
2019-09-26 09:50:11,735 INFO  impl.FollowerState (FollowerState.java:run(108)) - s2@group-5BD3E7F27A57-FollowerState: change to CANDIDATE, lastRpcTime:268ms, electionTimeout:268ms
2019-09-26 09:50:11,735 INFO  impl.RoleInfo (RoleInfo.java:shutdownFollowerState(121)) - s2: shutdown FollowerState
2019-09-26 09:50:11,735 INFO  impl.RaftServerImpl (RaftServerImpl.java:setRole(170)) - s2@group-5BD3E7F27A57: changes role from  FOLLOWER to CANDIDATE at term 279 for changeToCandidate
2019-09-26 09:50:11,735 INFO  impl.RoleInfo (RoleInfo.java:updateAndGet(143)) - s2: start LeaderElection
2019-09-26 09:50:11,749 INFO  impl.LeaderElection (LeaderElection.java:askForVotes(178)) - s2@group-5BD3E7F27A57-LeaderElection108: begin an election at term 280 for 3: [s0:0.0.0.0:41468, s1:0.0.0.0:41619, s2:0.0.0.0:44382], old=null
2019-09-26 09:50:11,750 DEBUG impl.RaftServerImpl (RaftServerImpl.java:requestVote(743)) - s0@group-5BD3E7F27A57: receive requestVote(s2, group-5BD3E7F27A57, 280, (t:4, i:3))
2019-09-26 09:50:11,750 DEBUG impl.RaftServerImpl (RaftServerImpl.java:requestVote(775)) - s0@group-5BD3E7F27A57 replies to vote request: s2<-s0#0:FAIL-t280. Peer's state: s0@group-5BD3E7F27A57:t280, leader=null, voted=s0, raftlog=s0@group-5BD3E7F27A57-SegmentedRaftLog:OPENED:c3,f4,i4, conf=3: [s0:0.0.0.0:41468, s1:0.0.0.0:41619, s2:0.0.0.0:44382], old=null
2019-09-26 09:50:11,794 INFO  impl.LeaderElection (LeaderElection.java:logAndReturn(56)) - s0@group-5BD3E7F27A57-LeaderElection107: Election TIMEOUT; received 0 response(s) [] and 0 exception(s); s0@group-5BD3E7F27A57:t280, leader=null, voted=s0, raftlog=s0@group-5BD3E7F27A57-SegmentedRaftLog:OPENED:c3,f4,i4, conf=3: [s0:0.0.0.0:41468, s1:0.0.0.0:41619, s2:0.0.0.0:44382], old=null
2019-09-26 09:50:11,808 INFO  impl.LeaderElection (LeaderElection.java:askForVotes(178)) - s0@group-5BD3E7F27A57-LeaderElection107: begin an election at term 281 for 3: [s0:0.0.0.0:41468, s1:0.0.0.0:41619, s2:0.0.0.0:44382], old=null
2019-09-26 09:50:11,832 INFO  impl.LeaderElection (LeaderElection.java:logAndReturn(56)) - s1@group-5BD3E7F27A57-LeaderElection105: Election TIMEOUT; received 1 response(s) [s1<-s0#0:FAIL-t280] and 0 exception(s); s1@group-5BD3E7F27A57:t280, leader=null, voted=s1, raftlog=s1@group-5BD3E7F27A57-SegmentedRaftLog:OPENED:c2,f3,i3, conf=2: [s0:0.0.0.0:41468, s1:0.0.0.0:41619, s2:0.0.0.0:44382], old=null
2019-09-26 09:50:11,846 INFO  impl.LeaderElection (LeaderElection.java:askForVotes(178)) - s1@group-5BD3E7F27A57-LeaderElection105: begin an election at term 281 for 2: [s0:0.0.0.0:41468, s1:0.0.0.0:41619, s2:0.0.0.0:44382], old=null
2019-09-26 09:50:11,846 DEBUG impl.RaftServerImpl (RaftServerImpl.java:requestVote(743)) - s0@group-5BD3E7F27A57: receive requestVote(s1, group-5BD3E7F27A57, 281, (t:3, i:3))
2019-09-26 09:50:11,846 DEBUG impl.RaftServerImpl (RaftServerImpl.java:requestVote(775)) - s0@group-5BD3E7F27A57 replies to vote request: s1<-s0#0:FAIL-t281. Peer's state: s0@group-5BD3E7F27A57:t281, leader=null, voted=s0, raftlog=s0@group-5BD3E7F27A57-SegmentedRaftLog:OPENED:c3,f4,i4, conf=3: [s0:0.0.0.0:41468, s1:0.0.0.0:41619, s2:0.0.0.0:44382], old=null
2019-09-26 09:50:12,029 INFO  impl.LeaderElection (LeaderElection.java:logAndReturn(56)) - s1@group-5BD3E7F27A57-LeaderElection105: Election TIMEOUT; received 1 response(s) [s1<-s0#0:FAIL-t281] and 0 exception(s); s1@group-5BD3E7F27A57:t281, leader=null, voted=s1, raftlog=s1@group-5BD3E7F27A57-SegmentedRaftLog:OPENED:c2,f3,i3, conf=2: [s0:0.0.0.0:41468, s1:0.0.0.0:41619, s2:0.0.0.0:44382], old=null
2019-09-26 09:50:12,043 INFO  impl.LeaderElection (LeaderElection.java:logAndReturn(56)) - s2@group-5BD3E7F27A57-LeaderElection108: Election TIMEOUT; received 1 response(s) [s2<-s0#0:FAIL-t280] and 0 exception(s); s2@group-5BD3E7F27A57:t280, leader=null, voted=s2, raftlog=s2@group-5BD3E7F27A57-SegmentedRaftLog:OPENED:c1,f3,i3, conf=3: [s0:0.0.0.0:41468, s1:0.0.0.0:41619, s2:0.0.0.0:44382], old=null
2019-09-26 09:50:12,043 INFO  impl.LeaderElection (LeaderElection.java:askForVotes(178)) - s1@group-5BD3E7F27A57-LeaderElection105: begin an election at term 282 for 2: [s0:0.0.0.0:41468, s1:0.0.0.0:41619, s2:0.0.0.0:44382], old=null
2019-09-26 09:50:12,044 DEBUG impl.RaftServerImpl (RaftServerImpl.java:requestVote(743)) - s0@group-5BD3E7F27A57: receive requestVote(s1, group-5BD3E7F27A57, 282, (t:3, i:3))
2019-09-26 09:50:12,044 INFO  impl.RaftServerImpl (RaftServerImpl.java:setRole(170)) - s0@group-5BD3E7F27A57: changes role from CANDIDATE to FOLLOWER at term 282 for recognizeCandidate:s1
2019-09-26 09:50:12,044 INFO  impl.RoleInfo (RoleInfo.java:shutdownLeaderElection(134)) - s0: shutdown LeaderElection
2019-09-26 09:50:12,044 INFO  impl.RoleInfo (RoleInfo.java:updateAndGet(143)) - s0: start FollowerState
2019-09-26 09:50:12,057 INFO  impl.LeaderElection (LeaderElection.java:askForVotes(178)) - s2@group-5BD3E7F27A57-LeaderElection108: begin an election at term 281 for 3: [s0:0.0.0.0:41468, s1:0.0.0.0:41619, s2:0.0.0.0:44382], old=null
2019-09-26 09:50:12,057 DEBUG impl.RaftServerImpl (RaftServerImpl.java:requestVote(775)) - s0@group-5BD3E7F27A57 replies to vote request: s1<-s0#0:FAIL-t282. Peer's state: s0@group-5BD3E7F27A57:t282, leader=null, voted=null, raftlog=s0@group-5BD3E7F27A57-SegmentedRaftLog:OPENED:c3,f4,i4, conf=3: [s0:0.0.0.0:41468, s1:0.0.0.0:41619, s2:0.0.0.0:44382], old=null
2019-09-26 09:50:12,058 DEBUG impl.RaftServerImpl (RaftServerImpl.java:requestVote(743)) - s0@group-5BD3E7F27A57: receive requestVote(s2, group-5BD3E7F27A57, 281, (t:4, i:3))
2019-09-26 09:50:12,058 DEBUG impl.RaftServerImpl (RaftServerImpl.java:requestVote(775)) - s0@group-5BD3E7F27A57 replies to vote request: s2<-s0#0:FAIL-t282. Peer's state: s0@group-5BD3E7F27A57:t282, leader=null, voted=null, raftlog=s0@group-5BD3E7F27A57-SegmentedRaftLog:OPENED:c3,f4,i4, conf=3: [s0:0.0.0.0:41468, s1:0.0.0.0:41619, s2:0.0.0.0:44382], old=null
2019-09-26 09:50:12,058 INFO  impl.LeaderElection (LeaderElection.java:logAndReturn(56)) - s2@group-5BD3E7F27A57-LeaderElection108: Election DISCOVERED_A_NEW_TERM; received 1 response(s) [s2<-s0#0:FAIL-t282] and 0 exception(s); s2@group-5BD3E7F27A57:t281, leader=null, voted=s2, raftlog=s2@group-5BD3E7F27A57-SegmentedRaftLog:OPENED:c1,f3,i3, conf=3: [s0:0.0.0.0:41468, s1:0.0.0.0:41619, s2:0.0.0.0:44382], old=null
2019-09-26 09:50:12,058 INFO  impl.RaftServerImpl (RaftServerImpl.java:setRole(170)) - s2@group-5BD3E7F27A57: changes role from CANDIDATE to FOLLOWER at term 282 for DISCOVERED_A_NEW_TERM
2019-09-26 09:50:12,058 INFO  impl.RoleInfo (RoleInfo.java:shutdownLeaderElection(134)) - s2: shutdown LeaderElection
2019-09-26 09:50:12,058 INFO  impl.RoleInfo (RoleInfo.java:updateAndGet(143)) - s2: start FollowerState
2019-09-26 09:50:12,101 INFO  impl.LeaderElection (LeaderElection.java:logAndReturn(56)) - s0@group-5BD3E7F27A57-LeaderElection107: Election REJECTED; received 0 response(s) [] and 0 exception(s); s0@group-5BD3E7F27A57:t282, leader=null, voted=null, raftlog=s0@group-5BD3E7F27A57-SegmentedRaftLog:OPENED:c3,f4,i4, conf=3: [s0:0.0.0.0:41468, s1:0.0.0.0:41619, s2:0.0.0.0:44382], old=null
2019-09-26 09:50:12,141 WARN  ratis.RaftTestUtil (JavaUtils.java:attempt(158)) - FAILED "waitForLeader-null-(expectLeader? true)", attempt #76/100: java.lang.IllegalStateException: No leader yet : printing ALL groups
  s0:  RUNNING  FOLLOWER s0@group-5BD3E7F27A57:t282, leader=null, voted=null, raftlog=s0@group-5BD3E7F27A57-SegmentedRaftLog:OPENED:c3,f4,i4, conf=3: [s0:0.0.0.0:41468, s1:0.0.0.0:41619, s2:0.0.0.0:44382], old=null RUNNING
  s1:  RUNNING CANDIDATE s1@group-5BD3E7F27A57:t282, leader=null, voted=s1, raftlog=s1@group-5BD3E7F27A57-SegmentedRaftLog:OPENED:c2,f3,i3, conf=2: [s0:0.0.0.0:41468, s1:0.0.0.0:41619, s2:0.0.0.0:44382], old=null RUNNING
  s2:  RUNNING  FOLLOWER s2@group-5BD3E7F27A57:t282, leader=null, voted=null, raftlog=s2@group-5BD3E7F27A57-SegmentedRaftLog:OPENED:c1,f3,i3, conf=3: [s0:0.0.0.0:41468, s1:0.0.0.0:41619, s2:0.0.0.0:44382], old=null RUNNING, sleep 450ms and then retry.
java.lang.IllegalStateException: No leader yet : printing ALL groups
  s0:  RUNNING  FOLLOWER s0@group-5BD3E7F27A57:t282, leader=null, voted=null, raftlog=s0@group-5BD3E7F27A57-SegmentedRaftLog:OPENED:c3,f4,i4, conf=3: [s0:0.0.0.0:41468, s1:0.0.0.0:41619, s2:0.0.0.0:44382], old=null RUNNING
  s1:  RUNNING CANDIDATE s1@group-5BD3E7F27A57:t282, leader=null, voted=s1, raftlog=s1@group-5BD3E7F27A57-SegmentedRaftLog:OPENED:c2,f3,i3, conf=2: [s0:0.0.0.0:41468, s1:0.0.0.0:41619, s2:0.0.0.0:44382], old=null RUNNING
  s2:  RUNNING  FOLLOWER s2@group-5BD3E7F27A57:t282, leader=null, voted=null, raftlog=s2@group-5BD3E7F27A57-SegmentedRaftLog:OPENED:c1,f3,i3, conf=3: [s0:0.0.0.0:41468, s1:0.0.0.0:41619, s2:0.0.0.0:44382], old=null RUNNING
	at org.apache.ratis.MiniRaftCluster.newIllegalStateExceptionForNoLeaders(MiniRaftCluster.java:506)
	at org.apache.ratis.RaftTestUtil.lambda$waitForLeader$1(RaftTestUtil.java:90)
	at org.apache.ratis.MiniRaftCluster.getLeader(MiniRaftCluster.java:539)
	at org.apache.ratis.MiniRaftCluster.getLeader(MiniRaftCluster.java:532)
	at org.apache.ratis.RaftTestUtil.lambda$waitForLeader$3(RaftTestUtil.java:98)
	at org.apache.ratis.util.JavaUtils.attempt(JavaUtils.java:152)
	at org.apache.ratis.RaftTestUtil.waitForLeader(RaftTestUtil.java:97)
	at org.apache.ratis.RaftTestUtil.waitForLeader(RaftTestUtil.java:77)
	at org.apache.ratis.RaftTestUtil.waitForLeader(RaftTestUtil.java:72)
	at org.apache.ratis.RaftTestUtil.lambda$changeLeader$7(RaftTestUtil.java:363)
	at org.apache.ratis.util.JavaUtils.attempt(JavaUtils.java:152)
	at org.apache.ratis.RaftTestUtil.changeLeader(RaftTestUtil.java:362)
	at org.apache.ratis.server.impl.LeaderElectionTests.testChangeLeader(LeaderElectionTests.java:81)
	at sun.reflect.NativeMethodAccessorImpl.invoke0(Native Method)
	at sun.reflect.NativeMethodAccessorImpl.invoke(NativeMethodAccessorImpl.java:62)
	at sun.reflect.DelegatingMethodAccessorImpl.invoke(DelegatingMethodAccessorImpl.java:43)
	at java.lang.reflect.Method.invoke(Method.java:498)
	at org.junit.runners.model.FrameworkMethod$1.runReflectiveCall(FrameworkMethod.java:50)
	at org.junit.internal.runners.model.ReflectiveCallable.run(ReflectiveCallable.java:12)
	at org.junit.runners.model.FrameworkMethod.invokeExplosively(FrameworkMethod.java:47)
	at org.junit.internal.runners.statements.InvokeMethod.evaluate(InvokeMethod.java:17)
	at org.junit.internal.runners.statements.RunAfters.evaluate(RunAfters.java:27)
	at org.junit.internal.runners.statements.FailOnTimeout$CallableStatement.call(FailOnTimeout.java:298)
	at org.junit.internal.runners.statements.FailOnTimeout$CallableStatement.call(FailOnTimeout.java:292)
	at java.util.concurrent.FutureTask.run(FutureTask.java:266)
	at java.lang.Thread.run(Thread.java:748)
2019-09-26 09:50:12,214 INFO  impl.FollowerState (FollowerState.java:run(108)) - s0@group-5BD3E7F27A57-FollowerState: change to CANDIDATE, lastRpcTime:169ms, electionTimeout:169ms
2019-09-26 09:50:12,214 INFO  impl.RoleInfo (RoleInfo.java:shutdownFollowerState(121)) - s0: shutdown FollowerState
2019-09-26 09:50:12,214 INFO  impl.RaftServerImpl (RaftServerImpl.java:setRole(170)) - s0@group-5BD3E7F27A57: changes role from  FOLLOWER to CANDIDATE at term 282 for changeToCandidate
2019-09-26 09:50:12,214 INFO  impl.RoleInfo (RoleInfo.java:updateAndGet(143)) - s0: start LeaderElection
2019-09-26 09:50:12,228 INFO  impl.LeaderElection (LeaderElection.java:askForVotes(178)) - s0@group-5BD3E7F27A57-LeaderElection109: begin an election at term 283 for 3: [s0:0.0.0.0:41468, s1:0.0.0.0:41619, s2:0.0.0.0:44382], old=null
2019-09-26 09:50:12,266 INFO  impl.FollowerState (FollowerState.java:run(108)) - s2@group-5BD3E7F27A57-FollowerState: change to CANDIDATE, lastRpcTime:207ms, electionTimeout:207ms
2019-09-26 09:50:12,266 INFO  impl.RoleInfo (RoleInfo.java:shutdownFollowerState(121)) - s2: shutdown FollowerState
2019-09-26 09:50:12,266 INFO  impl.RaftServerImpl (RaftServerImpl.java:setRole(170)) - s2@group-5BD3E7F27A57: changes role from  FOLLOWER to CANDIDATE at term 282 for changeToCandidate
2019-09-26 09:50:12,266 INFO  impl.RoleInfo (RoleInfo.java:updateAndGet(143)) - s2: start LeaderElection
2019-09-26 09:50:12,280 INFO  impl.LeaderElection (LeaderElection.java:askForVotes(178)) - s2@group-5BD3E7F27A57-LeaderElection110: begin an election at term 283 for 3: [s0:0.0.0.0:41468, s1:0.0.0.0:41619, s2:0.0.0.0:44382], old=null
2019-09-26 09:50:12,280 DEBUG impl.RaftServerImpl (RaftServerImpl.java:requestVote(743)) - s0@group-5BD3E7F27A57: receive requestVote(s2, group-5BD3E7F27A57, 283, (t:4, i:3))
2019-09-26 09:50:12,280 DEBUG impl.RaftServerImpl (RaftServerImpl.java:requestVote(775)) - s0@group-5BD3E7F27A57 replies to vote request: s2<-s0#0:FAIL-t283. Peer's state: s0@group-5BD3E7F27A57:t283, leader=null, voted=s0, raftlog=s0@group-5BD3E7F27A57-SegmentedRaftLog:OPENED:c3,f4,i4, conf=3: [s0:0.0.0.0:41468, s1:0.0.0.0:41619, s2:0.0.0.0:44382], old=null
2019-09-26 09:50:12,314 INFO  impl.LeaderElection (LeaderElection.java:logAndReturn(56)) - s1@group-5BD3E7F27A57-LeaderElection105: Election TIMEOUT; received 1 response(s) [s1<-s0#0:FAIL-t282] and 0 exception(s); s1@group-5BD3E7F27A57:t282, leader=null, voted=s1, raftlog=s1@group-5BD3E7F27A57-SegmentedRaftLog:OPENED:c2,f3,i3, conf=2: [s0:0.0.0.0:41468, s1:0.0.0.0:41619, s2:0.0.0.0:44382], old=null
2019-09-26 09:50:12,327 INFO  impl.LeaderElection (LeaderElection.java:askForVotes(178)) - s1@group-5BD3E7F27A57-LeaderElection105: begin an election at term 283 for 2: [s0:0.0.0.0:41468, s1:0.0.0.0:41619, s2:0.0.0.0:44382], old=null
2019-09-26 09:50:12,328 DEBUG impl.RaftServerImpl (RaftServerImpl.java:requestVote(743)) - s0@group-5BD3E7F27A57: receive requestVote(s1, group-5BD3E7F27A57, 283, (t:3, i:3))
2019-09-26 09:50:12,328 DEBUG impl.RaftServerImpl (RaftServerImpl.java:requestVote(775)) - s0@group-5BD3E7F27A57 replies to vote request: s1<-s0#0:FAIL-t283. Peer's state: s0@group-5BD3E7F27A57:t283, leader=null, voted=s0, raftlog=s0@group-5BD3E7F27A57-SegmentedRaftLog:OPENED:c3,f4,i4, conf=3: [s0:0.0.0.0:41468, s1:0.0.0.0:41619, s2:0.0.0.0:44382], old=null
2019-09-26 09:50:12,511 INFO  impl.LeaderElection (LeaderElection.java:logAndReturn(56)) - s0@group-5BD3E7F27A57-LeaderElection109: Election TIMEOUT; received 0 response(s) [] and 0 exception(s); s0@group-5BD3E7F27A57:t283, leader=null, voted=s0, raftlog=s0@group-5BD3E7F27A57-SegmentedRaftLog:OPENED:c3,f4,i4, conf=3: [s0:0.0.0.0:41468, s1:0.0.0.0:41619, s2:0.0.0.0:44382], old=null
2019-09-26 09:50:12,515 INFO  impl.LeaderElection (LeaderElection.java:askForVotes(178)) - s0@group-5BD3E7F27A57-LeaderElection109: begin an election at term 284 for 3: [s0:0.0.0.0:41468, s1:0.0.0.0:41619, s2:0.0.0.0:44382], old=null
2019-09-26 09:50:12,564 INFO  impl.LeaderElection (LeaderElection.java:logAndReturn(56)) - s2@group-5BD3E7F27A57-LeaderElection110: Election TIMEOUT; received 1 response(s) [s2<-s0#0:FAIL-t283] and 0 exception(s); s2@group-5BD3E7F27A57:t283, leader=null, voted=s2, raftlog=s2@group-5BD3E7F27A57-SegmentedRaftLog:OPENED:c1,f3,i3, conf=3: [s0:0.0.0.0:41468, s1:0.0.0.0:41619, s2:0.0.0.0:44382], old=null
2019-09-26 09:50:12,577 INFO  impl.LeaderElection (LeaderElection.java:askForVotes(178)) - s2@group-5BD3E7F27A57-LeaderElection110: begin an election at term 284 for 3: [s0:0.0.0.0:41468, s1:0.0.0.0:41619, s2:0.0.0.0:44382], old=null
2019-09-26 09:50:12,577 DEBUG impl.RaftServerImpl (RaftServerImpl.java:requestVote(743)) - s0@group-5BD3E7F27A57: receive requestVote(s2, group-5BD3E7F27A57, 284, (t:4, i:3))
2019-09-26 09:50:12,577 DEBUG impl.RaftServerImpl (RaftServerImpl.java:requestVote(775)) - s0@group-5BD3E7F27A57 replies to vote request: s2<-s0#0:FAIL-t284. Peer's state: s0@group-5BD3E7F27A57:t284, leader=null, voted=s0, raftlog=s0@group-5BD3E7F27A57-SegmentedRaftLog:OPENED:c3,f4,i4, conf=3: [s0:0.0.0.0:41468, s1:0.0.0.0:41619, s2:0.0.0.0:44382], old=null
2019-09-26 09:50:12,592 WARN  ratis.RaftTestUtil (JavaUtils.java:attempt(158)) - FAILED "waitForLeader-null-(expectLeader? true)", attempt #77/100: java.lang.IllegalStateException: No leader yet : printing ALL groups
  s0:  RUNNING CANDIDATE s0@group-5BD3E7F27A57:t284, leader=null, voted=s0, raftlog=s0@group-5BD3E7F27A57-SegmentedRaftLog:OPENED:c3,f4,i4, conf=3: [s0:0.0.0.0:41468, s1:0.0.0.0:41619, s2:0.0.0.0:44382], old=null RUNNING
  s1:  RUNNING CANDIDATE s1@group-5BD3E7F27A57:t283, leader=null, voted=s1, raftlog=s1@group-5BD3E7F27A57-SegmentedRaftLog:OPENED:c2,f3,i3, conf=2: [s0:0.0.0.0:41468, s1:0.0.0.0:41619, s2:0.0.0.0:44382], old=null RUNNING
  s2:  RUNNING CANDIDATE s2@group-5BD3E7F27A57:t284, leader=null, voted=s2, raftlog=s2@group-5BD3E7F27A57-SegmentedRaftLog:OPENED:c1,f3,i3, conf=3: [s0:0.0.0.0:41468, s1:0.0.0.0:41619, s2:0.0.0.0:44382], old=null RUNNING, sleep 450ms and then retry.
java.lang.IllegalStateException: No leader yet : printing ALL groups
  s0:  RUNNING CANDIDATE s0@group-5BD3E7F27A57:t284, leader=null, voted=s0, raftlog=s0@group-5BD3E7F27A57-SegmentedRaftLog:OPENED:c3,f4,i4, conf=3: [s0:0.0.0.0:41468, s1:0.0.0.0:41619, s2:0.0.0.0:44382], old=null RUNNING
  s1:  RUNNING CANDIDATE s1@group-5BD3E7F27A57:t283, leader=null, voted=s1, raftlog=s1@group-5BD3E7F27A57-SegmentedRaftLog:OPENED:c2,f3,i3, conf=2: [s0:0.0.0.0:41468, s1:0.0.0.0:41619, s2:0.0.0.0:44382], old=null RUNNING
  s2:  RUNNING CANDIDATE s2@group-5BD3E7F27A57:t284, leader=null, voted=s2, raftlog=s2@group-5BD3E7F27A57-SegmentedRaftLog:OPENED:c1,f3,i3, conf=3: [s0:0.0.0.0:41468, s1:0.0.0.0:41619, s2:0.0.0.0:44382], old=null RUNNING
	at org.apache.ratis.MiniRaftCluster.newIllegalStateExceptionForNoLeaders(MiniRaftCluster.java:506)
	at org.apache.ratis.RaftTestUtil.lambda$waitForLeader$1(RaftTestUtil.java:90)
	at org.apache.ratis.MiniRaftCluster.getLeader(MiniRaftCluster.java:539)
	at org.apache.ratis.MiniRaftCluster.getLeader(MiniRaftCluster.java:532)
	at org.apache.ratis.RaftTestUtil.lambda$waitForLeader$3(RaftTestUtil.java:98)
	at org.apache.ratis.util.JavaUtils.attempt(JavaUtils.java:152)
	at org.apache.ratis.RaftTestUtil.waitForLeader(RaftTestUtil.java:97)
	at org.apache.ratis.RaftTestUtil.waitForLeader(RaftTestUtil.java:77)
	at org.apache.ratis.RaftTestUtil.waitForLeader(RaftTestUtil.java:72)
	at org.apache.ratis.RaftTestUtil.lambda$changeLeader$7(RaftTestUtil.java:363)
	at org.apache.ratis.util.JavaUtils.attempt(JavaUtils.java:152)
	at org.apache.ratis.RaftTestUtil.changeLeader(RaftTestUtil.java:362)
	at org.apache.ratis.server.impl.LeaderElectionTests.testChangeLeader(LeaderElectionTests.java:81)
	at sun.reflect.NativeMethodAccessorImpl.invoke0(Native Method)
	at sun.reflect.NativeMethodAccessorImpl.invoke(NativeMethodAccessorImpl.java:62)
	at sun.reflect.DelegatingMethodAccessorImpl.invoke(DelegatingMethodAccessorImpl.java:43)
	at java.lang.reflect.Method.invoke(Method.java:498)
	at org.junit.runners.model.FrameworkMethod$1.runReflectiveCall(FrameworkMethod.java:50)
	at org.junit.internal.runners.model.ReflectiveCallable.run(ReflectiveCallable.java:12)
	at org.junit.runners.model.FrameworkMethod.invokeExplosively(FrameworkMethod.java:47)
	at org.junit.internal.runners.statements.InvokeMethod.evaluate(InvokeMethod.java:17)
	at org.junit.internal.runners.statements.RunAfters.evaluate(RunAfters.java:27)
	at org.junit.internal.runners.statements.FailOnTimeout$CallableStatement.call(FailOnTimeout.java:298)
	at org.junit.internal.runners.statements.FailOnTimeout$CallableStatement.call(FailOnTimeout.java:292)
	at java.util.concurrent.FutureTask.run(FutureTask.java:266)
	at java.lang.Thread.run(Thread.java:748)
2019-09-26 09:50:12,600 INFO  impl.LeaderElection (LeaderElection.java:logAndReturn(56)) - s1@group-5BD3E7F27A57-LeaderElection105: Election TIMEOUT; received 1 response(s) [s1<-s0#0:FAIL-t283] and 0 exception(s); s1@group-5BD3E7F27A57:t283, leader=null, voted=s1, raftlog=s1@group-5BD3E7F27A57-SegmentedRaftLog:OPENED:c2,f3,i3, conf=2: [s0:0.0.0.0:41468, s1:0.0.0.0:41619, s2:0.0.0.0:44382], old=null
2019-09-26 09:50:12,613 INFO  impl.LeaderElection (LeaderElection.java:askForVotes(178)) - s1@group-5BD3E7F27A57-LeaderElection105: begin an election at term 284 for 2: [s0:0.0.0.0:41468, s1:0.0.0.0:41619, s2:0.0.0.0:44382], old=null
2019-09-26 09:50:12,613 DEBUG impl.RaftServerImpl (RaftServerImpl.java:requestVote(743)) - s0@group-5BD3E7F27A57: receive requestVote(s1, group-5BD3E7F27A57, 284, (t:3, i:3))
2019-09-26 09:50:12,613 DEBUG impl.RaftServerImpl (RaftServerImpl.java:requestVote(775)) - s0@group-5BD3E7F27A57 replies to vote request: s1<-s0#0:FAIL-t284. Peer's state: s0@group-5BD3E7F27A57:t284, leader=null, voted=s0, raftlog=s0@group-5BD3E7F27A57-SegmentedRaftLog:OPENED:c3,f4,i4, conf=3: [s0:0.0.0.0:41468, s1:0.0.0.0:41619, s2:0.0.0.0:44382], old=null
2019-09-26 09:50:12,668 INFO  impl.LeaderElection (LeaderElection.java:logAndReturn(56)) - s0@group-5BD3E7F27A57-LeaderElection109: Election TIMEOUT; received 0 response(s) [] and 0 exception(s); s0@group-5BD3E7F27A57:t284, leader=null, voted=s0, raftlog=s0@group-5BD3E7F27A57-SegmentedRaftLog:OPENED:c3,f4,i4, conf=3: [s0:0.0.0.0:41468, s1:0.0.0.0:41619, s2:0.0.0.0:44382], old=null
2019-09-26 09:50:12,673 INFO  impl.LeaderElection (LeaderElection.java:askForVotes(178)) - s0@group-5BD3E7F27A57-LeaderElection109: begin an election at term 285 for 3: [s0:0.0.0.0:41468, s1:0.0.0.0:41619, s2:0.0.0.0:44382], old=null
2019-09-26 09:50:12,777 INFO  impl.LeaderElection (LeaderElection.java:logAndReturn(56)) - s2@group-5BD3E7F27A57-LeaderElection110: Election TIMEOUT; received 1 response(s) [s2<-s0#0:FAIL-t284] and 0 exception(s); s2@group-5BD3E7F27A57:t284, leader=null, voted=s2, raftlog=s2@group-5BD3E7F27A57-SegmentedRaftLog:OPENED:c1,f3,i3, conf=3: [s0:0.0.0.0:41468, s1:0.0.0.0:41619, s2:0.0.0.0:44382], old=null
2019-09-26 09:50:12,791 INFO  impl.LeaderElection (LeaderElection.java:askForVotes(178)) - s2@group-5BD3E7F27A57-LeaderElection110: begin an election at term 285 for 3: [s0:0.0.0.0:41468, s1:0.0.0.0:41619, s2:0.0.0.0:44382], old=null
2019-09-26 09:50:12,791 DEBUG impl.RaftServerImpl (RaftServerImpl.java:requestVote(743)) - s0@group-5BD3E7F27A57: receive requestVote(s2, group-5BD3E7F27A57, 285, (t:4, i:3))
2019-09-26 09:50:12,791 DEBUG impl.RaftServerImpl (RaftServerImpl.java:requestVote(775)) - s0@group-5BD3E7F27A57 replies to vote request: s2<-s0#0:FAIL-t285. Peer's state: s0@group-5BD3E7F27A57:t285, leader=null, voted=s0, raftlog=s0@group-5BD3E7F27A57-SegmentedRaftLog:OPENED:c3,f4,i4, conf=3: [s0:0.0.0.0:41468, s1:0.0.0.0:41619, s2:0.0.0.0:44382], old=null
2019-09-26 09:50:12,835 INFO  impl.LeaderElection (LeaderElection.java:logAndReturn(56)) - s0@group-5BD3E7F27A57-LeaderElection109: Election TIMEOUT; received 0 response(s) [] and 0 exception(s); s0@group-5BD3E7F27A57:t285, leader=null, voted=s0, raftlog=s0@group-5BD3E7F27A57-SegmentedRaftLog:OPENED:c3,f4,i4, conf=3: [s0:0.0.0.0:41468, s1:0.0.0.0:41619, s2:0.0.0.0:44382], old=null
2019-09-26 09:50:12,841 INFO  impl.LeaderElection (LeaderElection.java:logAndReturn(56)) - s1@group-5BD3E7F27A57-LeaderElection105: Election TIMEOUT; received 1 response(s) [s1<-s0#0:FAIL-t284] and 0 exception(s); s1@group-5BD3E7F27A57:t284, leader=null, voted=s1, raftlog=s1@group-5BD3E7F27A57-SegmentedRaftLog:OPENED:c2,f3,i3, conf=2: [s0:0.0.0.0:41468, s1:0.0.0.0:41619, s2:0.0.0.0:44382], old=null
2019-09-26 09:50:12,848 INFO  impl.LeaderElection (LeaderElection.java:askForVotes(178)) - s1@group-5BD3E7F27A57-LeaderElection105: begin an election at term 285 for 2: [s0:0.0.0.0:41468, s1:0.0.0.0:41619, s2:0.0.0.0:44382], old=null
2019-09-26 09:50:12,848 INFO  impl.LeaderElection (LeaderElection.java:askForVotes(178)) - s0@group-5BD3E7F27A57-LeaderElection109: begin an election at term 286 for 3: [s0:0.0.0.0:41468, s1:0.0.0.0:41619, s2:0.0.0.0:44382], old=null
2019-09-26 09:50:12,849 DEBUG impl.RaftServerImpl (RaftServerImpl.java:requestVote(743)) - s0@group-5BD3E7F27A57: receive requestVote(s1, group-5BD3E7F27A57, 285, (t:3, i:3))
2019-09-26 09:50:12,849 DEBUG impl.RaftServerImpl (RaftServerImpl.java:requestVote(775)) - s0@group-5BD3E7F27A57 replies to vote request: s1<-s0#0:FAIL-t286. Peer's state: s0@group-5BD3E7F27A57:t286, leader=null, voted=s0, raftlog=s0@group-5BD3E7F27A57-SegmentedRaftLog:OPENED:c3,f4,i4, conf=3: [s0:0.0.0.0:41468, s1:0.0.0.0:41619, s2:0.0.0.0:44382], old=null
2019-09-26 09:50:12,849 INFO  impl.LeaderElection (LeaderElection.java:logAndReturn(56)) - s1@group-5BD3E7F27A57-LeaderElection105: Election DISCOVERED_A_NEW_TERM; received 1 response(s) [s1<-s0#0:FAIL-t286] and 0 exception(s); s1@group-5BD3E7F27A57:t285, leader=null, voted=s1, raftlog=s1@group-5BD3E7F27A57-SegmentedRaftLog:OPENED:c2,f3,i3, conf=2: [s0:0.0.0.0:41468, s1:0.0.0.0:41619, s2:0.0.0.0:44382], old=null
2019-09-26 09:50:12,849 INFO  impl.RaftServerImpl (RaftServerImpl.java:setRole(170)) - s1@group-5BD3E7F27A57: changes role from CANDIDATE to FOLLOWER at term 286 for DISCOVERED_A_NEW_TERM
2019-09-26 09:50:12,849 INFO  impl.RoleInfo (RoleInfo.java:shutdownLeaderElection(134)) - s1: shutdown LeaderElection
2019-09-26 09:50:12,850 INFO  impl.RoleInfo (RoleInfo.java:updateAndGet(143)) - s1: start FollowerState
2019-09-26 09:50:13,003 INFO  impl.FollowerState (FollowerState.java:run(108)) - s1@group-5BD3E7F27A57-FollowerState: change to CANDIDATE, lastRpcTime:153ms, electionTimeout:153ms
2019-09-26 09:50:13,003 INFO  impl.RoleInfo (RoleInfo.java:shutdownFollowerState(121)) - s1: shutdown FollowerState
2019-09-26 09:50:13,003 INFO  impl.RaftServerImpl (RaftServerImpl.java:setRole(170)) - s1@group-5BD3E7F27A57: changes role from  FOLLOWER to CANDIDATE at term 286 for changeToCandidate
2019-09-26 09:50:13,004 INFO  impl.RoleInfo (RoleInfo.java:updateAndGet(143)) - s1: start LeaderElection
2019-09-26 09:50:13,017 INFO  impl.LeaderElection (LeaderElection.java:askForVotes(178)) - s1@group-5BD3E7F27A57-LeaderElection111: begin an election at term 287 for 2: [s0:0.0.0.0:41468, s1:0.0.0.0:41619, s2:0.0.0.0:44382], old=null
2019-09-26 09:50:13,018 DEBUG impl.RaftServerImpl (RaftServerImpl.java:requestVote(743)) - s0@group-5BD3E7F27A57: receive requestVote(s1, group-5BD3E7F27A57, 287, (t:3, i:3))
2019-09-26 09:50:13,018 INFO  impl.RaftServerImpl (RaftServerImpl.java:setRole(170)) - s0@group-5BD3E7F27A57: changes role from CANDIDATE to FOLLOWER at term 287 for recognizeCandidate:s1
2019-09-26 09:50:13,018 INFO  impl.RoleInfo (RoleInfo.java:shutdownLeaderElection(134)) - s0: shutdown LeaderElection
2019-09-26 09:50:13,018 INFO  impl.RoleInfo (RoleInfo.java:updateAndGet(143)) - s0: start FollowerState
2019-09-26 09:50:13,032 DEBUG impl.RaftServerImpl (RaftServerImpl.java:requestVote(775)) - s0@group-5BD3E7F27A57 replies to vote request: s1<-s0#0:FAIL-t287. Peer's state: s0@group-5BD3E7F27A57:t287, leader=null, voted=null, raftlog=s0@group-5BD3E7F27A57-SegmentedRaftLog:OPENED:c3,f4,i4, conf=3: [s0:0.0.0.0:41468, s1:0.0.0.0:41619, s2:0.0.0.0:44382], old=null
2019-09-26 09:50:13,044 WARN  ratis.RaftTestUtil (JavaUtils.java:attempt(158)) - FAILED "waitForLeader-null-(expectLeader? true)", attempt #78/100: java.lang.IllegalStateException: No leader yet : printing ALL groups
  s0:  RUNNING  FOLLOWER s0@group-5BD3E7F27A57:t287, leader=null, voted=null, raftlog=s0@group-5BD3E7F27A57-SegmentedRaftLog:OPENED:c3,f4,i4, conf=3: [s0:0.0.0.0:41468, s1:0.0.0.0:41619, s2:0.0.0.0:44382], old=null RUNNING
  s1:  RUNNING CANDIDATE s1@group-5BD3E7F27A57:t287, leader=null, voted=s1, raftlog=s1@group-5BD3E7F27A57-SegmentedRaftLog:OPENED:c2,f3,i3, conf=2: [s0:0.0.0.0:41468, s1:0.0.0.0:41619, s2:0.0.0.0:44382], old=null RUNNING
  s2:  RUNNING CANDIDATE s2@group-5BD3E7F27A57:t285, leader=null, voted=s2, raftlog=s2@group-5BD3E7F27A57-SegmentedRaftLog:OPENED:c1,f3,i3, conf=3: [s0:0.0.0.0:41468, s1:0.0.0.0:41619, s2:0.0.0.0:44382], old=null RUNNING, sleep 450ms and then retry.
java.lang.IllegalStateException: No leader yet : printing ALL groups
  s0:  RUNNING  FOLLOWER s0@group-5BD3E7F27A57:t287, leader=null, voted=null, raftlog=s0@group-5BD3E7F27A57-SegmentedRaftLog:OPENED:c3,f4,i4, conf=3: [s0:0.0.0.0:41468, s1:0.0.0.0:41619, s2:0.0.0.0:44382], old=null RUNNING
  s1:  RUNNING CANDIDATE s1@group-5BD3E7F27A57:t287, leader=null, voted=s1, raftlog=s1@group-5BD3E7F27A57-SegmentedRaftLog:OPENED:c2,f3,i3, conf=2: [s0:0.0.0.0:41468, s1:0.0.0.0:41619, s2:0.0.0.0:44382], old=null RUNNING
  s2:  RUNNING CANDIDATE s2@group-5BD3E7F27A57:t285, leader=null, voted=s2, raftlog=s2@group-5BD3E7F27A57-SegmentedRaftLog:OPENED:c1,f3,i3, conf=3: [s0:0.0.0.0:41468, s1:0.0.0.0:41619, s2:0.0.0.0:44382], old=null RUNNING
	at org.apache.ratis.MiniRaftCluster.newIllegalStateExceptionForNoLeaders(MiniRaftCluster.java:506)
	at org.apache.ratis.RaftTestUtil.lambda$waitForLeader$1(RaftTestUtil.java:90)
	at org.apache.ratis.MiniRaftCluster.getLeader(MiniRaftCluster.java:539)
	at org.apache.ratis.MiniRaftCluster.getLeader(MiniRaftCluster.java:532)
	at org.apache.ratis.RaftTestUtil.lambda$waitForLeader$3(RaftTestUtil.java:98)
	at org.apache.ratis.util.JavaUtils.attempt(JavaUtils.java:152)
	at org.apache.ratis.RaftTestUtil.waitForLeader(RaftTestUtil.java:97)
	at org.apache.ratis.RaftTestUtil.waitForLeader(RaftTestUtil.java:77)
	at org.apache.ratis.RaftTestUtil.waitForLeader(RaftTestUtil.java:72)
	at org.apache.ratis.RaftTestUtil.lambda$changeLeader$7(RaftTestUtil.java:363)
	at org.apache.ratis.util.JavaUtils.attempt(JavaUtils.java:152)
	at org.apache.ratis.RaftTestUtil.changeLeader(RaftTestUtil.java:362)
	at org.apache.ratis.server.impl.LeaderElectionTests.testChangeLeader(LeaderElectionTests.java:81)
	at sun.reflect.NativeMethodAccessorImpl.invoke0(Native Method)
	at sun.reflect.NativeMethodAccessorImpl.invoke(NativeMethodAccessorImpl.java:62)
	at sun.reflect.DelegatingMethodAccessorImpl.invoke(DelegatingMethodAccessorImpl.java:43)
	at java.lang.reflect.Method.invoke(Method.java:498)
	at org.junit.runners.model.FrameworkMethod$1.runReflectiveCall(FrameworkMethod.java:50)
	at org.junit.internal.runners.model.ReflectiveCallable.run(ReflectiveCallable.java:12)
	at org.junit.runners.model.FrameworkMethod.invokeExplosively(FrameworkMethod.java:47)
	at org.junit.internal.runners.statements.InvokeMethod.evaluate(InvokeMethod.java:17)
	at org.junit.internal.runners.statements.RunAfters.evaluate(RunAfters.java:27)
	at org.junit.internal.runners.statements.FailOnTimeout$CallableStatement.call(FailOnTimeout.java:298)
	at org.junit.internal.runners.statements.FailOnTimeout$CallableStatement.call(FailOnTimeout.java:292)
	at java.util.concurrent.FutureTask.run(FutureTask.java:266)
	at java.lang.Thread.run(Thread.java:748)
2019-09-26 09:50:13,081 INFO  impl.LeaderElection (LeaderElection.java:logAndReturn(56)) - s0@group-5BD3E7F27A57-LeaderElection109: Election REJECTED; received 0 response(s) [] and 0 exception(s); s0@group-5BD3E7F27A57:t287, leader=null, voted=null, raftlog=s0@group-5BD3E7F27A57-SegmentedRaftLog:OPENED:c3,f4,i4, conf=3: [s0:0.0.0.0:41468, s1:0.0.0.0:41619, s2:0.0.0.0:44382], old=null
2019-09-26 09:50:13,082 INFO  impl.LeaderElection (LeaderElection.java:logAndReturn(56)) - s2@group-5BD3E7F27A57-LeaderElection110: Election TIMEOUT; received 1 response(s) [s2<-s0#0:FAIL-t285] and 0 exception(s); s2@group-5BD3E7F27A57:t285, leader=null, voted=s2, raftlog=s2@group-5BD3E7F27A57-SegmentedRaftLog:OPENED:c1,f3,i3, conf=3: [s0:0.0.0.0:41468, s1:0.0.0.0:41619, s2:0.0.0.0:44382], old=null
2019-09-26 09:50:13,096 INFO  impl.LeaderElection (LeaderElection.java:askForVotes(178)) - s2@group-5BD3E7F27A57-LeaderElection110: begin an election at term 286 for 3: [s0:0.0.0.0:41468, s1:0.0.0.0:41619, s2:0.0.0.0:44382], old=null
2019-09-26 09:50:13,096 DEBUG impl.RaftServerImpl (RaftServerImpl.java:requestVote(743)) - s0@group-5BD3E7F27A57: receive requestVote(s2, group-5BD3E7F27A57, 286, (t:4, i:3))
2019-09-26 09:50:13,096 DEBUG impl.RaftServerImpl (RaftServerImpl.java:requestVote(775)) - s0@group-5BD3E7F27A57 replies to vote request: s2<-s0#0:FAIL-t287. Peer's state: s0@group-5BD3E7F27A57:t287, leader=null, voted=null, raftlog=s0@group-5BD3E7F27A57-SegmentedRaftLog:OPENED:c3,f4,i4, conf=3: [s0:0.0.0.0:41468, s1:0.0.0.0:41619, s2:0.0.0.0:44382], old=null
2019-09-26 09:50:13,097 INFO  impl.LeaderElection (LeaderElection.java:logAndReturn(56)) - s2@group-5BD3E7F27A57-LeaderElection110: Election DISCOVERED_A_NEW_TERM; received 1 response(s) [s2<-s0#0:FAIL-t287] and 0 exception(s); s2@group-5BD3E7F27A57:t286, leader=null, voted=s2, raftlog=s2@group-5BD3E7F27A57-SegmentedRaftLog:OPENED:c1,f3,i3, conf=3: [s0:0.0.0.0:41468, s1:0.0.0.0:41619, s2:0.0.0.0:44382], old=null
2019-09-26 09:50:13,097 INFO  impl.RaftServerImpl (RaftServerImpl.java:setRole(170)) - s2@group-5BD3E7F27A57: changes role from CANDIDATE to FOLLOWER at term 287 for DISCOVERED_A_NEW_TERM
2019-09-26 09:50:13,097 INFO  impl.RoleInfo (RoleInfo.java:shutdownLeaderElection(134)) - s2: shutdown LeaderElection
2019-09-26 09:50:13,097 INFO  impl.RoleInfo (RoleInfo.java:updateAndGet(143)) - s2: start FollowerState
2019-09-26 09:50:13,273 INFO  impl.LeaderElection (LeaderElection.java:logAndReturn(56)) - s1@group-5BD3E7F27A57-LeaderElection111: Election TIMEOUT; received 1 response(s) [s1<-s0#0:FAIL-t287] and 0 exception(s); s1@group-5BD3E7F27A57:t287, leader=null, voted=s1, raftlog=s1@group-5BD3E7F27A57-SegmentedRaftLog:OPENED:c2,f3,i3, conf=2: [s0:0.0.0.0:41468, s1:0.0.0.0:41619, s2:0.0.0.0:44382], old=null
2019-09-26 09:50:13,276 INFO  impl.LeaderElection (LeaderElection.java:askForVotes(178)) - s1@group-5BD3E7F27A57-LeaderElection111: begin an election at term 288 for 2: [s0:0.0.0.0:41468, s1:0.0.0.0:41619, s2:0.0.0.0:44382], old=null
2019-09-26 09:50:13,277 DEBUG impl.RaftServerImpl (RaftServerImpl.java:requestVote(743)) - s0@group-5BD3E7F27A57: receive requestVote(s1, group-5BD3E7F27A57, 288, (t:3, i:3))
2019-09-26 09:50:13,277 INFO  impl.RaftServerImpl (RaftServerImpl.java:setRole(170)) - s0@group-5BD3E7F27A57: changes role from  FOLLOWER to FOLLOWER at term 288 for recognizeCandidate:s1
2019-09-26 09:50:13,277 INFO  impl.RoleInfo (RoleInfo.java:shutdownFollowerState(121)) - s0: shutdown FollowerState
2019-09-26 09:50:13,278 INFO  impl.RoleInfo (RoleInfo.java:updateAndGet(143)) - s0: start FollowerState
2019-09-26 09:50:13,278 INFO  impl.FollowerState (FollowerState.java:run(117)) - s0@group-5BD3E7F27A57-FollowerState was interrupted: java.lang.InterruptedException: sleep interrupted
2019-09-26 09:50:13,292 DEBUG impl.RaftServerImpl (RaftServerImpl.java:requestVote(775)) - s0@group-5BD3E7F27A57 replies to vote request: s1<-s0#0:FAIL-t288. Peer's state: s0@group-5BD3E7F27A57:t288, leader=null, voted=null, raftlog=s0@group-5BD3E7F27A57-SegmentedRaftLog:OPENED:c3,f4,i4, conf=3: [s0:0.0.0.0:41468, s1:0.0.0.0:41619, s2:0.0.0.0:44382], old=null
2019-09-26 09:50:13,341 INFO  impl.FollowerState (FollowerState.java:run(108)) - s2@group-5BD3E7F27A57-FollowerState: change to CANDIDATE, lastRpcTime:244ms, electionTimeout:244ms
2019-09-26 09:50:13,341 INFO  impl.RoleInfo (RoleInfo.java:shutdownFollowerState(121)) - s2: shutdown FollowerState
2019-09-26 09:50:13,342 INFO  impl.RaftServerImpl (RaftServerImpl.java:setRole(170)) - s2@group-5BD3E7F27A57: changes role from  FOLLOWER to CANDIDATE at term 287 for changeToCandidate
2019-09-26 09:50:13,342 INFO  impl.RoleInfo (RoleInfo.java:updateAndGet(143)) - s2: start LeaderElection
2019-09-26 09:50:13,354 INFO  impl.LeaderElection (LeaderElection.java:askForVotes(178)) - s2@group-5BD3E7F27A57-LeaderElection112: begin an election at term 288 for 3: [s0:0.0.0.0:41468, s1:0.0.0.0:41619, s2:0.0.0.0:44382], old=null
2019-09-26 09:50:13,359 DEBUG impl.RaftServerImpl (RaftServerImpl.java:requestVote(743)) - s0@group-5BD3E7F27A57: receive requestVote(s2, group-5BD3E7F27A57, 288, (t:4, i:3))
2019-09-26 09:50:13,359 INFO  impl.RaftServerImpl (RaftServerImpl.java:setRole(170)) - s0@group-5BD3E7F27A57: changes role from  FOLLOWER to FOLLOWER at term 288 for recognizeCandidate:s2
2019-09-26 09:50:13,359 INFO  impl.RoleInfo (RoleInfo.java:shutdownFollowerState(121)) - s0: shutdown FollowerState
2019-09-26 09:50:13,359 INFO  impl.RoleInfo (RoleInfo.java:updateAndGet(143)) - s0: start FollowerState
2019-09-26 09:50:13,359 INFO  impl.FollowerState (FollowerState.java:run(117)) - s0@group-5BD3E7F27A57-FollowerState was interrupted: java.lang.InterruptedException: sleep interrupted
2019-09-26 09:50:13,360 DEBUG impl.RaftServerImpl (RaftServerImpl.java:requestVote(775)) - s0@group-5BD3E7F27A57 replies to vote request: s2<-s0#0:FAIL-t288. Peer's state: s0@group-5BD3E7F27A57:t288, leader=null, voted=null, raftlog=s0@group-5BD3E7F27A57-SegmentedRaftLog:OPENED:c3,f4,i4, conf=3: [s0:0.0.0.0:41468, s1:0.0.0.0:41619, s2:0.0.0.0:44382], old=null
2019-09-26 09:50:13,495 WARN  ratis.RaftTestUtil (JavaUtils.java:attempt(158)) - FAILED "waitForLeader-null-(expectLeader? true)", attempt #79/100: java.lang.IllegalStateException: No leader yet : printing ALL groups
  s0:  RUNNING  FOLLOWER s0@group-5BD3E7F27A57:t288, leader=null, voted=null, raftlog=s0@group-5BD3E7F27A57-SegmentedRaftLog:OPENED:c3,f4,i4, conf=3: [s0:0.0.0.0:41468, s1:0.0.0.0:41619, s2:0.0.0.0:44382], old=null RUNNING
  s1:  RUNNING CANDIDATE s1@group-5BD3E7F27A57:t288, leader=null, voted=s1, raftlog=s1@group-5BD3E7F27A57-SegmentedRaftLog:OPENED:c2,f3,i3, conf=2: [s0:0.0.0.0:41468, s1:0.0.0.0:41619, s2:0.0.0.0:44382], old=null RUNNING
  s2:  RUNNING CANDIDATE s2@group-5BD3E7F27A57:t288, leader=null, voted=s2, raftlog=s2@group-5BD3E7F27A57-SegmentedRaftLog:OPENED:c1,f3,i3, conf=3: [s0:0.0.0.0:41468, s1:0.0.0.0:41619, s2:0.0.0.0:44382], old=null RUNNING, sleep 450ms and then retry.
java.lang.IllegalStateException: No leader yet : printing ALL groups
  s0:  RUNNING  FOLLOWER s0@group-5BD3E7F27A57:t288, leader=null, voted=null, raftlog=s0@group-5BD3E7F27A57-SegmentedRaftLog:OPENED:c3,f4,i4, conf=3: [s0:0.0.0.0:41468, s1:0.0.0.0:41619, s2:0.0.0.0:44382], old=null RUNNING
  s1:  RUNNING CANDIDATE s1@group-5BD3E7F27A57:t288, leader=null, voted=s1, raftlog=s1@group-5BD3E7F27A57-SegmentedRaftLog:OPENED:c2,f3,i3, conf=2: [s0:0.0.0.0:41468, s1:0.0.0.0:41619, s2:0.0.0.0:44382], old=null RUNNING
  s2:  RUNNING CANDIDATE s2@group-5BD3E7F27A57:t288, leader=null, voted=s2, raftlog=s2@group-5BD3E7F27A57-SegmentedRaftLog:OPENED:c1,f3,i3, conf=3: [s0:0.0.0.0:41468, s1:0.0.0.0:41619, s2:0.0.0.0:44382], old=null RUNNING
	at org.apache.ratis.MiniRaftCluster.newIllegalStateExceptionForNoLeaders(MiniRaftCluster.java:506)
	at org.apache.ratis.RaftTestUtil.lambda$waitForLeader$1(RaftTestUtil.java:90)
	at org.apache.ratis.MiniRaftCluster.getLeader(MiniRaftCluster.java:539)
	at org.apache.ratis.MiniRaftCluster.getLeader(MiniRaftCluster.java:532)
	at org.apache.ratis.RaftTestUtil.lambda$waitForLeader$3(RaftTestUtil.java:98)
	at org.apache.ratis.util.JavaUtils.attempt(JavaUtils.java:152)
	at org.apache.ratis.RaftTestUtil.waitForLeader(RaftTestUtil.java:97)
	at org.apache.ratis.RaftTestUtil.waitForLeader(RaftTestUtil.java:77)
	at org.apache.ratis.RaftTestUtil.waitForLeader(RaftTestUtil.java:72)
	at org.apache.ratis.RaftTestUtil.lambda$changeLeader$7(RaftTestUtil.java:363)
	at org.apache.ratis.util.JavaUtils.attempt(JavaUtils.java:152)
	at org.apache.ratis.RaftTestUtil.changeLeader(RaftTestUtil.java:362)
	at org.apache.ratis.server.impl.LeaderElectionTests.testChangeLeader(LeaderElectionTests.java:81)
	at sun.reflect.NativeMethodAccessorImpl.invoke0(Native Method)
	at sun.reflect.NativeMethodAccessorImpl.invoke(NativeMethodAccessorImpl.java:62)
	at sun.reflect.DelegatingMethodAccessorImpl.invoke(DelegatingMethodAccessorImpl.java:43)
	at java.lang.reflect.Method.invoke(Method.java:498)
	at org.junit.runners.model.FrameworkMethod$1.runReflectiveCall(FrameworkMethod.java:50)
	at org.junit.internal.runners.model.ReflectiveCallable.run(ReflectiveCallable.java:12)
	at org.junit.runners.model.FrameworkMethod.invokeExplosively(FrameworkMethod.java:47)
	at org.junit.internal.runners.statements.InvokeMethod.evaluate(InvokeMethod.java:17)
	at org.junit.internal.runners.statements.RunAfters.evaluate(RunAfters.java:27)
	at org.junit.internal.runners.statements.FailOnTimeout$CallableStatement.call(FailOnTimeout.java:298)
	at org.junit.internal.runners.statements.FailOnTimeout$CallableStatement.call(FailOnTimeout.java:292)
	at java.util.concurrent.FutureTask.run(FutureTask.java:266)
	at java.lang.Thread.run(Thread.java:748)
2019-09-26 09:50:13,514 INFO  impl.LeaderElection (LeaderElection.java:logAndReturn(56)) - s1@group-5BD3E7F27A57-LeaderElection111: Election TIMEOUT; received 1 response(s) [s1<-s0#0:FAIL-t288] and 0 exception(s); s1@group-5BD3E7F27A57:t288, leader=null, voted=s1, raftlog=s1@group-5BD3E7F27A57-SegmentedRaftLog:OPENED:c2,f3,i3, conf=2: [s0:0.0.0.0:41468, s1:0.0.0.0:41619, s2:0.0.0.0:44382], old=null
2019-09-26 09:50:13,530 INFO  impl.LeaderElection (LeaderElection.java:askForVotes(178)) - s1@group-5BD3E7F27A57-LeaderElection111: begin an election at term 289 for 2: [s0:0.0.0.0:41468, s1:0.0.0.0:41619, s2:0.0.0.0:44382], old=null
2019-09-26 09:50:13,531 DEBUG impl.RaftServerImpl (RaftServerImpl.java:requestVote(743)) - s0@group-5BD3E7F27A57: receive requestVote(s1, group-5BD3E7F27A57, 289, (t:3, i:3))
2019-09-26 09:50:13,531 INFO  impl.RaftServerImpl (RaftServerImpl.java:setRole(170)) - s0@group-5BD3E7F27A57: changes role from  FOLLOWER to FOLLOWER at term 289 for recognizeCandidate:s1
2019-09-26 09:50:13,531 INFO  impl.RoleInfo (RoleInfo.java:shutdownFollowerState(121)) - s0: shutdown FollowerState
2019-09-26 09:50:13,531 INFO  impl.RoleInfo (RoleInfo.java:updateAndGet(143)) - s0: start FollowerState
2019-09-26 09:50:13,531 INFO  impl.FollowerState (FollowerState.java:run(117)) - s0@group-5BD3E7F27A57-FollowerState was interrupted: java.lang.InterruptedException: sleep interrupted
2019-09-26 09:50:13,545 DEBUG impl.RaftServerImpl (RaftServerImpl.java:requestVote(775)) - s0@group-5BD3E7F27A57 replies to vote request: s1<-s0#0:FAIL-t289. Peer's state: s0@group-5BD3E7F27A57:t289, leader=null, voted=null, raftlog=s0@group-5BD3E7F27A57-SegmentedRaftLog:OPENED:c3,f4,i4, conf=3: [s0:0.0.0.0:41468, s1:0.0.0.0:41619, s2:0.0.0.0:44382], old=null
2019-09-26 09:50:13,617 INFO  impl.LeaderElection (LeaderElection.java:logAndReturn(56)) - s2@group-5BD3E7F27A57-LeaderElection112: Election TIMEOUT; received 1 response(s) [s2<-s0#0:FAIL-t288] and 0 exception(s); s2@group-5BD3E7F27A57:t288, leader=null, voted=s2, raftlog=s2@group-5BD3E7F27A57-SegmentedRaftLog:OPENED:c1,f3,i3, conf=3: [s0:0.0.0.0:41468, s1:0.0.0.0:41619, s2:0.0.0.0:44382], old=null
2019-09-26 09:50:13,630 INFO  impl.LeaderElection (LeaderElection.java:askForVotes(178)) - s2@group-5BD3E7F27A57-LeaderElection112: begin an election at term 289 for 3: [s0:0.0.0.0:41468, s1:0.0.0.0:41619, s2:0.0.0.0:44382], old=null
2019-09-26 09:50:13,631 DEBUG impl.RaftServerImpl (RaftServerImpl.java:requestVote(743)) - s0@group-5BD3E7F27A57: receive requestVote(s2, group-5BD3E7F27A57, 289, (t:4, i:3))
2019-09-26 09:50:13,631 INFO  impl.RaftServerImpl (RaftServerImpl.java:setRole(170)) - s0@group-5BD3E7F27A57: changes role from  FOLLOWER to FOLLOWER at term 289 for recognizeCandidate:s2
2019-09-26 09:50:13,631 INFO  impl.RoleInfo (RoleInfo.java:shutdownFollowerState(121)) - s0: shutdown FollowerState
2019-09-26 09:50:13,631 INFO  impl.RoleInfo (RoleInfo.java:updateAndGet(143)) - s0: start FollowerState
2019-09-26 09:50:13,631 INFO  impl.FollowerState (FollowerState.java:run(117)) - s0@group-5BD3E7F27A57-FollowerState was interrupted: java.lang.InterruptedException: sleep interrupted
2019-09-26 09:50:13,631 DEBUG impl.RaftServerImpl (RaftServerImpl.java:requestVote(775)) - s0@group-5BD3E7F27A57 replies to vote request: s2<-s0#0:FAIL-t289. Peer's state: s0@group-5BD3E7F27A57:t289, leader=null, voted=null, raftlog=s0@group-5BD3E7F27A57-SegmentedRaftLog:OPENED:c3,f4,i4, conf=3: [s0:0.0.0.0:41468, s1:0.0.0.0:41619, s2:0.0.0.0:44382], old=null
2019-09-26 09:50:13,779 INFO  impl.LeaderElection (LeaderElection.java:logAndReturn(56)) - s1@group-5BD3E7F27A57-LeaderElection111: Election TIMEOUT; received 1 response(s) [s1<-s0#0:FAIL-t289] and 0 exception(s); s1@group-5BD3E7F27A57:t289, leader=null, voted=s1, raftlog=s1@group-5BD3E7F27A57-SegmentedRaftLog:OPENED:c2,f3,i3, conf=2: [s0:0.0.0.0:41468, s1:0.0.0.0:41619, s2:0.0.0.0:44382], old=null
2019-09-26 09:50:13,813 INFO  impl.LeaderElection (LeaderElection.java:askForVotes(178)) - s1@group-5BD3E7F27A57-LeaderElection111: begin an election at term 290 for 2: [s0:0.0.0.0:41468, s1:0.0.0.0:41619, s2:0.0.0.0:44382], old=null
2019-09-26 09:50:13,813 DEBUG impl.RaftServerImpl (RaftServerImpl.java:requestVote(743)) - s0@group-5BD3E7F27A57: receive requestVote(s1, group-5BD3E7F27A57, 290, (t:3, i:3))
2019-09-26 09:50:13,813 INFO  impl.RaftServerImpl (RaftServerImpl.java:setRole(170)) - s0@group-5BD3E7F27A57: changes role from  FOLLOWER to FOLLOWER at term 290 for recognizeCandidate:s1
2019-09-26 09:50:13,813 INFO  impl.RoleInfo (RoleInfo.java:shutdownFollowerState(121)) - s0: shutdown FollowerState
2019-09-26 09:50:13,814 INFO  impl.RoleInfo (RoleInfo.java:updateAndGet(143)) - s0: start FollowerState
2019-09-26 09:50:13,814 INFO  impl.FollowerState (FollowerState.java:run(117)) - s0@group-5BD3E7F27A57-FollowerState was interrupted: java.lang.InterruptedException: sleep interrupted
2019-09-26 09:50:13,828 DEBUG impl.RaftServerImpl (RaftServerImpl.java:requestVote(775)) - s0@group-5BD3E7F27A57 replies to vote request: s1<-s0#0:FAIL-t290. Peer's state: s0@group-5BD3E7F27A57:t290, leader=null, voted=null, raftlog=s0@group-5BD3E7F27A57-SegmentedRaftLog:OPENED:c3,f4,i4, conf=3: [s0:0.0.0.0:41468, s1:0.0.0.0:41619, s2:0.0.0.0:44382], old=null
2019-09-26 09:50:13,930 INFO  impl.LeaderElection (LeaderElection.java:logAndReturn(56)) - s2@group-5BD3E7F27A57-LeaderElection112: Election TIMEOUT; received 1 response(s) [s2<-s0#0:FAIL-t289] and 0 exception(s); s2@group-5BD3E7F27A57:t289, leader=null, voted=s2, raftlog=s2@group-5BD3E7F27A57-SegmentedRaftLog:OPENED:c1,f3,i3, conf=3: [s0:0.0.0.0:41468, s1:0.0.0.0:41619, s2:0.0.0.0:44382], old=null
2019-09-26 09:50:13,944 INFO  impl.LeaderElection (LeaderElection.java:askForVotes(178)) - s2@group-5BD3E7F27A57-LeaderElection112: begin an election at term 290 for 3: [s0:0.0.0.0:41468, s1:0.0.0.0:41619, s2:0.0.0.0:44382], old=null
2019-09-26 09:50:13,945 DEBUG impl.RaftServerImpl (RaftServerImpl.java:requestVote(743)) - s0@group-5BD3E7F27A57: receive requestVote(s2, group-5BD3E7F27A57, 290, (t:4, i:3))
2019-09-26 09:50:13,945 INFO  impl.RaftServerImpl (RaftServerImpl.java:setRole(170)) - s0@group-5BD3E7F27A57: changes role from  FOLLOWER to FOLLOWER at term 290 for recognizeCandidate:s2
2019-09-26 09:50:13,945 INFO  impl.RoleInfo (RoleInfo.java:shutdownFollowerState(121)) - s0: shutdown FollowerState
2019-09-26 09:50:13,945 INFO  impl.FollowerState (FollowerState.java:run(117)) - s0@group-5BD3E7F27A57-FollowerState was interrupted: java.lang.InterruptedException: sleep interrupted
2019-09-26 09:50:13,945 INFO  impl.RoleInfo (RoleInfo.java:updateAndGet(143)) - s0: start FollowerState
2019-09-26 09:50:13,946 DEBUG impl.RaftServerImpl (RaftServerImpl.java:requestVote(775)) - s0@group-5BD3E7F27A57 replies to vote request: s2<-s0#0:FAIL-t290. Peer's state: s0@group-5BD3E7F27A57:t290, leader=null, voted=null, raftlog=s0@group-5BD3E7F27A57-SegmentedRaftLog:OPENED:c3,f4,i4, conf=3: [s0:0.0.0.0:41468, s1:0.0.0.0:41619, s2:0.0.0.0:44382], old=null
2019-09-26 09:50:13,947 WARN  ratis.RaftTestUtil (JavaUtils.java:attempt(158)) - FAILED "waitForLeader-null-(expectLeader? true)", attempt #80/100: java.lang.IllegalStateException: No leader yet : printing ALL groups
  s0:  RUNNING  FOLLOWER s0@group-5BD3E7F27A57:t290, leader=null, voted=null, raftlog=s0@group-5BD3E7F27A57-SegmentedRaftLog:OPENED:c3,f4,i4, conf=3: [s0:0.0.0.0:41468, s1:0.0.0.0:41619, s2:0.0.0.0:44382], old=null RUNNING
  s1:  RUNNING CANDIDATE s1@group-5BD3E7F27A57:t290, leader=null, voted=s1, raftlog=s1@group-5BD3E7F27A57-SegmentedRaftLog:OPENED:c2,f3,i3, conf=2: [s0:0.0.0.0:41468, s1:0.0.0.0:41619, s2:0.0.0.0:44382], old=null RUNNING
  s2:  RUNNING CANDIDATE s2@group-5BD3E7F27A57:t290, leader=null, voted=s2, raftlog=s2@group-5BD3E7F27A57-SegmentedRaftLog:OPENED:c1,f3,i3, conf=3: [s0:0.0.0.0:41468, s1:0.0.0.0:41619, s2:0.0.0.0:44382], old=null RUNNING, sleep 450ms and then retry.
java.lang.IllegalStateException: No leader yet : printing ALL groups
  s0:  RUNNING  FOLLOWER s0@group-5BD3E7F27A57:t290, leader=null, voted=null, raftlog=s0@group-5BD3E7F27A57-SegmentedRaftLog:OPENED:c3,f4,i4, conf=3: [s0:0.0.0.0:41468, s1:0.0.0.0:41619, s2:0.0.0.0:44382], old=null RUNNING
  s1:  RUNNING CANDIDATE s1@group-5BD3E7F27A57:t290, leader=null, voted=s1, raftlog=s1@group-5BD3E7F27A57-SegmentedRaftLog:OPENED:c2,f3,i3, conf=2: [s0:0.0.0.0:41468, s1:0.0.0.0:41619, s2:0.0.0.0:44382], old=null RUNNING
  s2:  RUNNING CANDIDATE s2@group-5BD3E7F27A57:t290, leader=null, voted=s2, raftlog=s2@group-5BD3E7F27A57-SegmentedRaftLog:OPENED:c1,f3,i3, conf=3: [s0:0.0.0.0:41468, s1:0.0.0.0:41619, s2:0.0.0.0:44382], old=null RUNNING
	at org.apache.ratis.MiniRaftCluster.newIllegalStateExceptionForNoLeaders(MiniRaftCluster.java:506)
	at org.apache.ratis.RaftTestUtil.lambda$waitForLeader$1(RaftTestUtil.java:90)
	at org.apache.ratis.MiniRaftCluster.getLeader(MiniRaftCluster.java:539)
	at org.apache.ratis.MiniRaftCluster.getLeader(MiniRaftCluster.java:532)
	at org.apache.ratis.RaftTestUtil.lambda$waitForLeader$3(RaftTestUtil.java:98)
	at org.apache.ratis.util.JavaUtils.attempt(JavaUtils.java:152)
	at org.apache.ratis.RaftTestUtil.waitForLeader(RaftTestUtil.java:97)
	at org.apache.ratis.RaftTestUtil.waitForLeader(RaftTestUtil.java:77)
	at org.apache.ratis.RaftTestUtil.waitForLeader(RaftTestUtil.java:72)
	at org.apache.ratis.RaftTestUtil.lambda$changeLeader$7(RaftTestUtil.java:363)
	at org.apache.ratis.util.JavaUtils.attempt(JavaUtils.java:152)
	at org.apache.ratis.RaftTestUtil.changeLeader(RaftTestUtil.java:362)
	at org.apache.ratis.server.impl.LeaderElectionTests.testChangeLeader(LeaderElectionTests.java:81)
	at sun.reflect.NativeMethodAccessorImpl.invoke0(Native Method)
	at sun.reflect.NativeMethodAccessorImpl.invoke(NativeMethodAccessorImpl.java:62)
	at sun.reflect.DelegatingMethodAccessorImpl.invoke(DelegatingMethodAccessorImpl.java:43)
	at java.lang.reflect.Method.invoke(Method.java:498)
	at org.junit.runners.model.FrameworkMethod$1.runReflectiveCall(FrameworkMethod.java:50)
	at org.junit.internal.runners.model.ReflectiveCallable.run(ReflectiveCallable.java:12)
	at org.junit.runners.model.FrameworkMethod.invokeExplosively(FrameworkMethod.java:47)
	at org.junit.internal.runners.statements.InvokeMethod.evaluate(InvokeMethod.java:17)
	at org.junit.internal.runners.statements.RunAfters.evaluate(RunAfters.java:27)
	at org.junit.internal.runners.statements.FailOnTimeout$CallableStatement.call(FailOnTimeout.java:298)
	at org.junit.internal.runners.statements.FailOnTimeout$CallableStatement.call(FailOnTimeout.java:292)
	at java.util.concurrent.FutureTask.run(FutureTask.java:266)
	at java.lang.Thread.run(Thread.java:748)
2019-09-26 09:50:14,010 INFO  impl.LeaderElection (LeaderElection.java:logAndReturn(56)) - s1@group-5BD3E7F27A57-LeaderElection111: Election TIMEOUT; received 1 response(s) [s1<-s0#0:FAIL-t290] and 0 exception(s); s1@group-5BD3E7F27A57:t290, leader=null, voted=s1, raftlog=s1@group-5BD3E7F27A57-SegmentedRaftLog:OPENED:c2,f3,i3, conf=2: [s0:0.0.0.0:41468, s1:0.0.0.0:41619, s2:0.0.0.0:44382], old=null
2019-09-26 09:50:14,023 INFO  impl.LeaderElection (LeaderElection.java:askForVotes(178)) - s1@group-5BD3E7F27A57-LeaderElection111: begin an election at term 291 for 2: [s0:0.0.0.0:41468, s1:0.0.0.0:41619, s2:0.0.0.0:44382], old=null
2019-09-26 09:50:14,024 DEBUG impl.RaftServerImpl (RaftServerImpl.java:requestVote(743)) - s0@group-5BD3E7F27A57: receive requestVote(s1, group-5BD3E7F27A57, 291, (t:3, i:3))
2019-09-26 09:50:14,024 INFO  impl.RaftServerImpl (RaftServerImpl.java:setRole(170)) - s0@group-5BD3E7F27A57: changes role from  FOLLOWER to FOLLOWER at term 291 for recognizeCandidate:s1
2019-09-26 09:50:14,024 INFO  impl.RoleInfo (RoleInfo.java:shutdownFollowerState(121)) - s0: shutdown FollowerState
2019-09-26 09:50:14,024 INFO  impl.RoleInfo (RoleInfo.java:updateAndGet(143)) - s0: start FollowerState
2019-09-26 09:50:14,025 INFO  impl.FollowerState (FollowerState.java:run(117)) - s0@group-5BD3E7F27A57-FollowerState was interrupted: java.lang.InterruptedException: sleep interrupted
2019-09-26 09:50:14,061 DEBUG impl.RaftServerImpl (RaftServerImpl.java:requestVote(775)) - s0@group-5BD3E7F27A57 replies to vote request: s1<-s0#0:FAIL-t291. Peer's state: s0@group-5BD3E7F27A57:t291, leader=null, voted=null, raftlog=s0@group-5BD3E7F27A57-SegmentedRaftLog:OPENED:c3,f4,i4, conf=3: [s0:0.0.0.0:41468, s1:0.0.0.0:41619, s2:0.0.0.0:44382], old=null
2019-09-26 09:50:14,142 INFO  impl.LeaderElection (LeaderElection.java:logAndReturn(56)) - s2@group-5BD3E7F27A57-LeaderElection112: Election TIMEOUT; received 1 response(s) [s2<-s0#0:FAIL-t290] and 0 exception(s); s2@group-5BD3E7F27A57:t290, leader=null, voted=s2, raftlog=s2@group-5BD3E7F27A57-SegmentedRaftLog:OPENED:c1,f3,i3, conf=3: [s0:0.0.0.0:41468, s1:0.0.0.0:41619, s2:0.0.0.0:44382], old=null
2019-09-26 09:50:14,155 INFO  impl.LeaderElection (LeaderElection.java:askForVotes(178)) - s2@group-5BD3E7F27A57-LeaderElection112: begin an election at term 291 for 3: [s0:0.0.0.0:41468, s1:0.0.0.0:41619, s2:0.0.0.0:44382], old=null
2019-09-26 09:50:14,156 DEBUG impl.RaftServerImpl (RaftServerImpl.java:requestVote(743)) - s0@group-5BD3E7F27A57: receive requestVote(s2, group-5BD3E7F27A57, 291, (t:4, i:3))
2019-09-26 09:50:14,156 INFO  impl.RaftServerImpl (RaftServerImpl.java:setRole(170)) - s0@group-5BD3E7F27A57: changes role from  FOLLOWER to FOLLOWER at term 291 for recognizeCandidate:s2
2019-09-26 09:50:14,156 INFO  impl.RoleInfo (RoleInfo.java:shutdownFollowerState(121)) - s0: shutdown FollowerState
2019-09-26 09:50:14,156 INFO  impl.RoleInfo (RoleInfo.java:updateAndGet(143)) - s0: start FollowerState
2019-09-26 09:50:14,156 INFO  impl.FollowerState (FollowerState.java:run(117)) - s0@group-5BD3E7F27A57-FollowerState was interrupted: java.lang.InterruptedException: sleep interrupted
2019-09-26 09:50:14,157 DEBUG impl.RaftServerImpl (RaftServerImpl.java:requestVote(775)) - s0@group-5BD3E7F27A57 replies to vote request: s2<-s0#0:FAIL-t291. Peer's state: s0@group-5BD3E7F27A57:t291, leader=null, voted=null, raftlog=s0@group-5BD3E7F27A57-SegmentedRaftLog:OPENED:c3,f4,i4, conf=3: [s0:0.0.0.0:41468, s1:0.0.0.0:41619, s2:0.0.0.0:44382], old=null
2019-09-26 09:50:14,263 INFO  impl.LeaderElection (LeaderElection.java:logAndReturn(56)) - s1@group-5BD3E7F27A57-LeaderElection111: Election TIMEOUT; received 1 response(s) [s1<-s0#0:FAIL-t291] and 0 exception(s); s1@group-5BD3E7F27A57:t291, leader=null, voted=s1, raftlog=s1@group-5BD3E7F27A57-SegmentedRaftLog:OPENED:c2,f3,i3, conf=2: [s0:0.0.0.0:41468, s1:0.0.0.0:41619, s2:0.0.0.0:44382], old=null
2019-09-26 09:50:14,277 INFO  impl.LeaderElection (LeaderElection.java:askForVotes(178)) - s1@group-5BD3E7F27A57-LeaderElection111: begin an election at term 292 for 2: [s0:0.0.0.0:41468, s1:0.0.0.0:41619, s2:0.0.0.0:44382], old=null
2019-09-26 09:50:14,277 DEBUG impl.RaftServerImpl (RaftServerImpl.java:requestVote(743)) - s0@group-5BD3E7F27A57: receive requestVote(s1, group-5BD3E7F27A57, 292, (t:3, i:3))
2019-09-26 09:50:14,277 INFO  impl.RaftServerImpl (RaftServerImpl.java:setRole(170)) - s0@group-5BD3E7F27A57: changes role from  FOLLOWER to FOLLOWER at term 292 for recognizeCandidate:s1
2019-09-26 09:50:14,278 INFO  impl.RoleInfo (RoleInfo.java:shutdownFollowerState(121)) - s0: shutdown FollowerState
2019-09-26 09:50:14,278 INFO  impl.RoleInfo (RoleInfo.java:updateAndGet(143)) - s0: start FollowerState
2019-09-26 09:50:14,278 INFO  impl.FollowerState (FollowerState.java:run(117)) - s0@group-5BD3E7F27A57-FollowerState was interrupted: java.lang.InterruptedException: sleep interrupted
2019-09-26 09:50:14,293 DEBUG impl.RaftServerImpl (RaftServerImpl.java:requestVote(775)) - s0@group-5BD3E7F27A57 replies to vote request: s1<-s0#0:FAIL-t292. Peer's state: s0@group-5BD3E7F27A57:t292, leader=null, voted=null, raftlog=s0@group-5BD3E7F27A57-SegmentedRaftLog:OPENED:c3,f4,i4, conf=3: [s0:0.0.0.0:41468, s1:0.0.0.0:41619, s2:0.0.0.0:44382], old=null
2019-09-26 09:50:14,398 WARN  ratis.RaftTestUtil (JavaUtils.java:attempt(158)) - FAILED "waitForLeader-null-(expectLeader? true)", attempt #81/100: java.lang.IllegalStateException: No leader yet : printing ALL groups
  s0:  RUNNING  FOLLOWER s0@group-5BD3E7F27A57:t292, leader=null, voted=null, raftlog=s0@group-5BD3E7F27A57-SegmentedRaftLog:OPENED:c3,f4,i4, conf=3: [s0:0.0.0.0:41468, s1:0.0.0.0:41619, s2:0.0.0.0:44382], old=null RUNNING
  s1:  RUNNING CANDIDATE s1@group-5BD3E7F27A57:t292, leader=null, voted=s1, raftlog=s1@group-5BD3E7F27A57-SegmentedRaftLog:OPENED:c2,f3,i3, conf=2: [s0:0.0.0.0:41468, s1:0.0.0.0:41619, s2:0.0.0.0:44382], old=null RUNNING
  s2:  RUNNING CANDIDATE s2@group-5BD3E7F27A57:t291, leader=null, voted=s2, raftlog=s2@group-5BD3E7F27A57-SegmentedRaftLog:OPENED:c1,f3,i3, conf=3: [s0:0.0.0.0:41468, s1:0.0.0.0:41619, s2:0.0.0.0:44382], old=null RUNNING, sleep 450ms and then retry.
java.lang.IllegalStateException: No leader yet : printing ALL groups
  s0:  RUNNING  FOLLOWER s0@group-5BD3E7F27A57:t292, leader=null, voted=null, raftlog=s0@group-5BD3E7F27A57-SegmentedRaftLog:OPENED:c3,f4,i4, conf=3: [s0:0.0.0.0:41468, s1:0.0.0.0:41619, s2:0.0.0.0:44382], old=null RUNNING
  s1:  RUNNING CANDIDATE s1@group-5BD3E7F27A57:t292, leader=null, voted=s1, raftlog=s1@group-5BD3E7F27A57-SegmentedRaftLog:OPENED:c2,f3,i3, conf=2: [s0:0.0.0.0:41468, s1:0.0.0.0:41619, s2:0.0.0.0:44382], old=null RUNNING
  s2:  RUNNING CANDIDATE s2@group-5BD3E7F27A57:t291, leader=null, voted=s2, raftlog=s2@group-5BD3E7F27A57-SegmentedRaftLog:OPENED:c1,f3,i3, conf=3: [s0:0.0.0.0:41468, s1:0.0.0.0:41619, s2:0.0.0.0:44382], old=null RUNNING
	at org.apache.ratis.MiniRaftCluster.newIllegalStateExceptionForNoLeaders(MiniRaftCluster.java:506)
	at org.apache.ratis.RaftTestUtil.lambda$waitForLeader$1(RaftTestUtil.java:90)
	at org.apache.ratis.MiniRaftCluster.getLeader(MiniRaftCluster.java:539)
	at org.apache.ratis.MiniRaftCluster.getLeader(MiniRaftCluster.java:532)
	at org.apache.ratis.RaftTestUtil.lambda$waitForLeader$3(RaftTestUtil.java:98)
	at org.apache.ratis.util.JavaUtils.attempt(JavaUtils.java:152)
	at org.apache.ratis.RaftTestUtil.waitForLeader(RaftTestUtil.java:97)
	at org.apache.ratis.RaftTestUtil.waitForLeader(RaftTestUtil.java:77)
	at org.apache.ratis.RaftTestUtil.waitForLeader(RaftTestUtil.java:72)
	at org.apache.ratis.RaftTestUtil.lambda$changeLeader$7(RaftTestUtil.java:363)
	at org.apache.ratis.util.JavaUtils.attempt(JavaUtils.java:152)
	at org.apache.ratis.RaftTestUtil.changeLeader(RaftTestUtil.java:362)
	at org.apache.ratis.server.impl.LeaderElectionTests.testChangeLeader(LeaderElectionTests.java:81)
	at sun.reflect.NativeMethodAccessorImpl.invoke0(Native Method)
	at sun.reflect.NativeMethodAccessorImpl.invoke(NativeMethodAccessorImpl.java:62)
	at sun.reflect.DelegatingMethodAccessorImpl.invoke(DelegatingMethodAccessorImpl.java:43)
	at java.lang.reflect.Method.invoke(Method.java:498)
	at org.junit.runners.model.FrameworkMethod$1.runReflectiveCall(FrameworkMethod.java:50)
	at org.junit.internal.runners.model.ReflectiveCallable.run(ReflectiveCallable.java:12)
	at org.junit.runners.model.FrameworkMethod.invokeExplosively(FrameworkMethod.java:47)
	at org.junit.internal.runners.statements.InvokeMethod.evaluate(InvokeMethod.java:17)
	at org.junit.internal.runners.statements.RunAfters.evaluate(RunAfters.java:27)
	at org.junit.internal.runners.statements.FailOnTimeout$CallableStatement.call(FailOnTimeout.java:298)
	at org.junit.internal.runners.statements.FailOnTimeout$CallableStatement.call(FailOnTimeout.java:292)
	at java.util.concurrent.FutureTask.run(FutureTask.java:266)
	at java.lang.Thread.run(Thread.java:748)
2019-09-26 09:50:14,423 INFO  impl.LeaderElection (LeaderElection.java:logAndReturn(56)) - s2@group-5BD3E7F27A57-LeaderElection112: Election TIMEOUT; received 1 response(s) [s2<-s0#0:FAIL-t291] and 0 exception(s); s2@group-5BD3E7F27A57:t291, leader=null, voted=s2, raftlog=s2@group-5BD3E7F27A57-SegmentedRaftLog:OPENED:c1,f3,i3, conf=3: [s0:0.0.0.0:41468, s1:0.0.0.0:41619, s2:0.0.0.0:44382], old=null
2019-09-26 09:50:14,437 INFO  impl.LeaderElection (LeaderElection.java:askForVotes(178)) - s2@group-5BD3E7F27A57-LeaderElection112: begin an election at term 292 for 3: [s0:0.0.0.0:41468, s1:0.0.0.0:41619, s2:0.0.0.0:44382], old=null
2019-09-26 09:50:14,437 DEBUG impl.RaftServerImpl (RaftServerImpl.java:requestVote(743)) - s0@group-5BD3E7F27A57: receive requestVote(s2, group-5BD3E7F27A57, 292, (t:4, i:3))
2019-09-26 09:50:14,437 INFO  impl.RaftServerImpl (RaftServerImpl.java:setRole(170)) - s0@group-5BD3E7F27A57: changes role from  FOLLOWER to FOLLOWER at term 292 for recognizeCandidate:s2
2019-09-26 09:50:14,437 INFO  impl.RoleInfo (RoleInfo.java:shutdownFollowerState(121)) - s0: shutdown FollowerState
2019-09-26 09:50:14,438 INFO  impl.RoleInfo (RoleInfo.java:updateAndGet(143)) - s0: start FollowerState
2019-09-26 09:50:14,438 INFO  impl.FollowerState (FollowerState.java:run(117)) - s0@group-5BD3E7F27A57-FollowerState was interrupted: java.lang.InterruptedException: sleep interrupted
2019-09-26 09:50:14,438 DEBUG impl.RaftServerImpl (RaftServerImpl.java:requestVote(775)) - s0@group-5BD3E7F27A57 replies to vote request: s2<-s0#0:FAIL-t292. Peer's state: s0@group-5BD3E7F27A57:t292, leader=null, voted=null, raftlog=s0@group-5BD3E7F27A57-SegmentedRaftLog:OPENED:c3,f4,i4, conf=3: [s0:0.0.0.0:41468, s1:0.0.0.0:41619, s2:0.0.0.0:44382], old=null
2019-09-26 09:50:14,566 INFO  impl.LeaderElection (LeaderElection.java:logAndReturn(56)) - s1@group-5BD3E7F27A57-LeaderElection111: Election TIMEOUT; received 1 response(s) [s1<-s0#0:FAIL-t292] and 0 exception(s); s1@group-5BD3E7F27A57:t292, leader=null, voted=s1, raftlog=s1@group-5BD3E7F27A57-SegmentedRaftLog:OPENED:c2,f3,i3, conf=2: [s0:0.0.0.0:41468, s1:0.0.0.0:41619, s2:0.0.0.0:44382], old=null
2019-09-26 09:50:14,587 INFO  impl.LeaderElection (LeaderElection.java:askForVotes(178)) - s1@group-5BD3E7F27A57-LeaderElection111: begin an election at term 293 for 2: [s0:0.0.0.0:41468, s1:0.0.0.0:41619, s2:0.0.0.0:44382], old=null
2019-09-26 09:50:14,587 DEBUG impl.RaftServerImpl (RaftServerImpl.java:requestVote(743)) - s0@group-5BD3E7F27A57: receive requestVote(s1, group-5BD3E7F27A57, 293, (t:3, i:3))
2019-09-26 09:50:14,587 INFO  impl.RaftServerImpl (RaftServerImpl.java:setRole(170)) - s0@group-5BD3E7F27A57: changes role from  FOLLOWER to FOLLOWER at term 293 for recognizeCandidate:s1
2019-09-26 09:50:14,587 INFO  impl.RoleInfo (RoleInfo.java:shutdownFollowerState(121)) - s0: shutdown FollowerState
2019-09-26 09:50:14,587 INFO  impl.RoleInfo (RoleInfo.java:updateAndGet(143)) - s0: start FollowerState
2019-09-26 09:50:14,588 INFO  impl.FollowerState (FollowerState.java:run(117)) - s0@group-5BD3E7F27A57-FollowerState was interrupted: java.lang.InterruptedException: sleep interrupted
2019-09-26 09:50:14,600 DEBUG impl.RaftServerImpl (RaftServerImpl.java:requestVote(775)) - s0@group-5BD3E7F27A57 replies to vote request: s1<-s0#0:FAIL-t293. Peer's state: s0@group-5BD3E7F27A57:t293, leader=null, voted=null, raftlog=s0@group-5BD3E7F27A57-SegmentedRaftLog:OPENED:c3,f4,i4, conf=3: [s0:0.0.0.0:41468, s1:0.0.0.0:41619, s2:0.0.0.0:44382], old=null
2019-09-26 09:50:14,602 INFO  impl.LeaderElection (LeaderElection.java:logAndReturn(56)) - s2@group-5BD3E7F27A57-LeaderElection112: Election TIMEOUT; received 1 response(s) [s2<-s0#0:FAIL-t292] and 0 exception(s); s2@group-5BD3E7F27A57:t292, leader=null, voted=s2, raftlog=s2@group-5BD3E7F27A57-SegmentedRaftLog:OPENED:c1,f3,i3, conf=3: [s0:0.0.0.0:41468, s1:0.0.0.0:41619, s2:0.0.0.0:44382], old=null
2019-09-26 09:50:14,615 INFO  impl.LeaderElection (LeaderElection.java:askForVotes(178)) - s2@group-5BD3E7F27A57-LeaderElection112: begin an election at term 293 for 3: [s0:0.0.0.0:41468, s1:0.0.0.0:41619, s2:0.0.0.0:44382], old=null
2019-09-26 09:50:14,616 DEBUG impl.RaftServerImpl (RaftServerImpl.java:requestVote(743)) - s0@group-5BD3E7F27A57: receive requestVote(s2, group-5BD3E7F27A57, 293, (t:4, i:3))
2019-09-26 09:50:14,616 INFO  impl.RaftServerImpl (RaftServerImpl.java:setRole(170)) - s0@group-5BD3E7F27A57: changes role from  FOLLOWER to FOLLOWER at term 293 for recognizeCandidate:s2
2019-09-26 09:50:14,616 INFO  impl.RoleInfo (RoleInfo.java:shutdownFollowerState(121)) - s0: shutdown FollowerState
2019-09-26 09:50:14,616 INFO  impl.RoleInfo (RoleInfo.java:updateAndGet(143)) - s0: start FollowerState
2019-09-26 09:50:14,616 INFO  impl.FollowerState (FollowerState.java:run(117)) - s0@group-5BD3E7F27A57-FollowerState was interrupted: java.lang.InterruptedException: sleep interrupted
2019-09-26 09:50:14,617 DEBUG impl.RaftServerImpl (RaftServerImpl.java:requestVote(775)) - s0@group-5BD3E7F27A57 replies to vote request: s2<-s0#0:FAIL-t293. Peer's state: s0@group-5BD3E7F27A57:t293, leader=null, voted=null, raftlog=s0@group-5BD3E7F27A57-SegmentedRaftLog:OPENED:c3,f4,i4, conf=3: [s0:0.0.0.0:41468, s1:0.0.0.0:41619, s2:0.0.0.0:44382], old=null
2019-09-26 09:50:14,769 INFO  impl.LeaderElection (LeaderElection.java:logAndReturn(56)) - s2@group-5BD3E7F27A57-LeaderElection112: Election TIMEOUT; received 1 response(s) [s2<-s0#0:FAIL-t293] and 0 exception(s); s2@group-5BD3E7F27A57:t293, leader=null, voted=s2, raftlog=s2@group-5BD3E7F27A57-SegmentedRaftLog:OPENED:c1,f3,i3, conf=3: [s0:0.0.0.0:41468, s1:0.0.0.0:41619, s2:0.0.0.0:44382], old=null
2019-09-26 09:50:14,783 INFO  impl.LeaderElection (LeaderElection.java:askForVotes(178)) - s2@group-5BD3E7F27A57-LeaderElection112: begin an election at term 294 for 3: [s0:0.0.0.0:41468, s1:0.0.0.0:41619, s2:0.0.0.0:44382], old=null
2019-09-26 09:50:14,783 DEBUG impl.RaftServerImpl (RaftServerImpl.java:requestVote(743)) - s0@group-5BD3E7F27A57: receive requestVote(s2, group-5BD3E7F27A57, 294, (t:4, i:3))
2019-09-26 09:50:14,784 INFO  impl.RaftServerImpl (RaftServerImpl.java:setRole(170)) - s0@group-5BD3E7F27A57: changes role from  FOLLOWER to FOLLOWER at term 294 for recognizeCandidate:s2
2019-09-26 09:50:14,784 INFO  impl.RoleInfo (RoleInfo.java:shutdownFollowerState(121)) - s0: shutdown FollowerState
2019-09-26 09:50:14,784 INFO  impl.RoleInfo (RoleInfo.java:updateAndGet(143)) - s0: start FollowerState
2019-09-26 09:50:14,784 INFO  impl.FollowerState (FollowerState.java:run(117)) - s0@group-5BD3E7F27A57-FollowerState was interrupted: java.lang.InterruptedException: sleep interrupted
2019-09-26 09:50:14,797 DEBUG impl.RaftServerImpl (RaftServerImpl.java:requestVote(775)) - s0@group-5BD3E7F27A57 replies to vote request: s2<-s0#0:FAIL-t294. Peer's state: s0@group-5BD3E7F27A57:t294, leader=null, voted=null, raftlog=s0@group-5BD3E7F27A57-SegmentedRaftLog:OPENED:c3,f4,i4, conf=3: [s0:0.0.0.0:41468, s1:0.0.0.0:41619, s2:0.0.0.0:44382], old=null
2019-09-26 09:50:14,849 WARN  ratis.RaftTestUtil (JavaUtils.java:attempt(158)) - FAILED "waitForLeader-null-(expectLeader? true)", attempt #82/100: java.lang.IllegalStateException: No leader yet : printing ALL groups
  s0:  RUNNING  FOLLOWER s0@group-5BD3E7F27A57:t294, leader=null, voted=null, raftlog=s0@group-5BD3E7F27A57-SegmentedRaftLog:OPENED:c3,f4,i4, conf=3: [s0:0.0.0.0:41468, s1:0.0.0.0:41619, s2:0.0.0.0:44382], old=null RUNNING
  s1:  RUNNING CANDIDATE s1@group-5BD3E7F27A57:t293, leader=null, voted=s1, raftlog=s1@group-5BD3E7F27A57-SegmentedRaftLog:OPENED:c2,f3,i3, conf=2: [s0:0.0.0.0:41468, s1:0.0.0.0:41619, s2:0.0.0.0:44382], old=null RUNNING
  s2:  RUNNING CANDIDATE s2@group-5BD3E7F27A57:t294, leader=null, voted=s2, raftlog=s2@group-5BD3E7F27A57-SegmentedRaftLog:OPENED:c1,f3,i3, conf=3: [s0:0.0.0.0:41468, s1:0.0.0.0:41619, s2:0.0.0.0:44382], old=null RUNNING, sleep 450ms and then retry.
java.lang.IllegalStateException: No leader yet : printing ALL groups
  s0:  RUNNING  FOLLOWER s0@group-5BD3E7F27A57:t294, leader=null, voted=null, raftlog=s0@group-5BD3E7F27A57-SegmentedRaftLog:OPENED:c3,f4,i4, conf=3: [s0:0.0.0.0:41468, s1:0.0.0.0:41619, s2:0.0.0.0:44382], old=null RUNNING
  s1:  RUNNING CANDIDATE s1@group-5BD3E7F27A57:t293, leader=null, voted=s1, raftlog=s1@group-5BD3E7F27A57-SegmentedRaftLog:OPENED:c2,f3,i3, conf=2: [s0:0.0.0.0:41468, s1:0.0.0.0:41619, s2:0.0.0.0:44382], old=null RUNNING
  s2:  RUNNING CANDIDATE s2@group-5BD3E7F27A57:t294, leader=null, voted=s2, raftlog=s2@group-5BD3E7F27A57-SegmentedRaftLog:OPENED:c1,f3,i3, conf=3: [s0:0.0.0.0:41468, s1:0.0.0.0:41619, s2:0.0.0.0:44382], old=null RUNNING
	at org.apache.ratis.MiniRaftCluster.newIllegalStateExceptionForNoLeaders(MiniRaftCluster.java:506)
	at org.apache.ratis.RaftTestUtil.lambda$waitForLeader$1(RaftTestUtil.java:90)
	at org.apache.ratis.MiniRaftCluster.getLeader(MiniRaftCluster.java:539)
	at org.apache.ratis.MiniRaftCluster.getLeader(MiniRaftCluster.java:532)
	at org.apache.ratis.RaftTestUtil.lambda$waitForLeader$3(RaftTestUtil.java:98)
	at org.apache.ratis.util.JavaUtils.attempt(JavaUtils.java:152)
	at org.apache.ratis.RaftTestUtil.waitForLeader(RaftTestUtil.java:97)
	at org.apache.ratis.RaftTestUtil.waitForLeader(RaftTestUtil.java:77)
	at org.apache.ratis.RaftTestUtil.waitForLeader(RaftTestUtil.java:72)
	at org.apache.ratis.RaftTestUtil.lambda$changeLeader$7(RaftTestUtil.java:363)
	at org.apache.ratis.util.JavaUtils.attempt(JavaUtils.java:152)
	at org.apache.ratis.RaftTestUtil.changeLeader(RaftTestUtil.java:362)
	at org.apache.ratis.server.impl.LeaderElectionTests.testChangeLeader(LeaderElectionTests.java:81)
	at sun.reflect.NativeMethodAccessorImpl.invoke0(Native Method)
	at sun.reflect.NativeMethodAccessorImpl.invoke(NativeMethodAccessorImpl.java:62)
	at sun.reflect.DelegatingMethodAccessorImpl.invoke(DelegatingMethodAccessorImpl.java:43)
	at java.lang.reflect.Method.invoke(Method.java:498)
	at org.junit.runners.model.FrameworkMethod$1.runReflectiveCall(FrameworkMethod.java:50)
	at org.junit.internal.runners.model.ReflectiveCallable.run(ReflectiveCallable.java:12)
	at org.junit.runners.model.FrameworkMethod.invokeExplosively(FrameworkMethod.java:47)
	at org.junit.internal.runners.statements.InvokeMethod.evaluate(InvokeMethod.java:17)
	at org.junit.internal.runners.statements.RunAfters.evaluate(RunAfters.java:27)
	at org.junit.internal.runners.statements.FailOnTimeout$CallableStatement.call(FailOnTimeout.java:298)
	at org.junit.internal.runners.statements.FailOnTimeout$CallableStatement.call(FailOnTimeout.java:292)
	at java.util.concurrent.FutureTask.run(FutureTask.java:266)
	at java.lang.Thread.run(Thread.java:748)
2019-09-26 09:50:14,886 INFO  impl.LeaderElection (LeaderElection.java:logAndReturn(56)) - s1@group-5BD3E7F27A57-LeaderElection111: Election TIMEOUT; received 1 response(s) [s1<-s0#0:FAIL-t293] and 0 exception(s); s1@group-5BD3E7F27A57:t293, leader=null, voted=s1, raftlog=s1@group-5BD3E7F27A57-SegmentedRaftLog:OPENED:c2,f3,i3, conf=2: [s0:0.0.0.0:41468, s1:0.0.0.0:41619, s2:0.0.0.0:44382], old=null
2019-09-26 09:50:14,900 INFO  impl.LeaderElection (LeaderElection.java:askForVotes(178)) - s1@group-5BD3E7F27A57-LeaderElection111: begin an election at term 294 for 2: [s0:0.0.0.0:41468, s1:0.0.0.0:41619, s2:0.0.0.0:44382], old=null
2019-09-26 09:50:14,900 DEBUG impl.RaftServerImpl (RaftServerImpl.java:requestVote(743)) - s0@group-5BD3E7F27A57: receive requestVote(s1, group-5BD3E7F27A57, 294, (t:3, i:3))
2019-09-26 09:50:14,901 INFO  impl.RaftServerImpl (RaftServerImpl.java:setRole(170)) - s0@group-5BD3E7F27A57: changes role from  FOLLOWER to FOLLOWER at term 294 for recognizeCandidate:s1
2019-09-26 09:50:14,901 INFO  impl.RoleInfo (RoleInfo.java:shutdownFollowerState(121)) - s0: shutdown FollowerState
2019-09-26 09:50:14,901 INFO  impl.RoleInfo (RoleInfo.java:updateAndGet(143)) - s0: start FollowerState
2019-09-26 09:50:14,901 INFO  impl.FollowerState (FollowerState.java:run(117)) - s0@group-5BD3E7F27A57-FollowerState was interrupted: java.lang.InterruptedException: sleep interrupted
2019-09-26 09:50:14,901 DEBUG impl.RaftServerImpl (RaftServerImpl.java:requestVote(775)) - s0@group-5BD3E7F27A57 replies to vote request: s1<-s0#0:FAIL-t294. Peer's state: s0@group-5BD3E7F27A57:t294, leader=null, voted=null, raftlog=s0@group-5BD3E7F27A57-SegmentedRaftLog:OPENED:c3,f4,i4, conf=3: [s0:0.0.0.0:41468, s1:0.0.0.0:41619, s2:0.0.0.0:44382], old=null
2019-09-26 09:50:15,053 INFO  impl.LeaderElection (LeaderElection.java:logAndReturn(56)) - s2@group-5BD3E7F27A57-LeaderElection112: Election TIMEOUT; received 1 response(s) [s2<-s0#0:FAIL-t294] and 0 exception(s); s2@group-5BD3E7F27A57:t294, leader=null, voted=s2, raftlog=s2@group-5BD3E7F27A57-SegmentedRaftLog:OPENED:c1,f3,i3, conf=3: [s0:0.0.0.0:41468, s1:0.0.0.0:41619, s2:0.0.0.0:44382], old=null
2019-09-26 09:50:15,066 INFO  impl.LeaderElection (LeaderElection.java:askForVotes(178)) - s2@group-5BD3E7F27A57-LeaderElection112: begin an election at term 295 for 3: [s0:0.0.0.0:41468, s1:0.0.0.0:41619, s2:0.0.0.0:44382], old=null
2019-09-26 09:50:15,067 DEBUG impl.RaftServerImpl (RaftServerImpl.java:requestVote(743)) - s0@group-5BD3E7F27A57: receive requestVote(s2, group-5BD3E7F27A57, 295, (t:4, i:3))
2019-09-26 09:50:15,067 INFO  impl.RaftServerImpl (RaftServerImpl.java:setRole(170)) - s0@group-5BD3E7F27A57: changes role from  FOLLOWER to FOLLOWER at term 295 for recognizeCandidate:s2
2019-09-26 09:50:15,067 INFO  impl.RoleInfo (RoleInfo.java:shutdownFollowerState(121)) - s0: shutdown FollowerState
2019-09-26 09:50:15,067 INFO  impl.RoleInfo (RoleInfo.java:updateAndGet(143)) - s0: start FollowerState
2019-09-26 09:50:15,067 INFO  impl.FollowerState (FollowerState.java:run(117)) - s0@group-5BD3E7F27A57-FollowerState was interrupted: java.lang.InterruptedException: sleep interrupted
2019-09-26 09:50:15,081 DEBUG impl.RaftServerImpl (RaftServerImpl.java:requestVote(775)) - s0@group-5BD3E7F27A57 replies to vote request: s2<-s0#0:FAIL-t295. Peer's state: s0@group-5BD3E7F27A57:t295, leader=null, voted=null, raftlog=s0@group-5BD3E7F27A57-SegmentedRaftLog:OPENED:c3,f4,i4, conf=3: [s0:0.0.0.0:41468, s1:0.0.0.0:41619, s2:0.0.0.0:44382], old=null
2019-09-26 09:50:15,104 INFO  impl.LeaderElection (LeaderElection.java:logAndReturn(56)) - s1@group-5BD3E7F27A57-LeaderElection111: Election TIMEOUT; received 1 response(s) [s1<-s0#0:FAIL-t294] and 0 exception(s); s1@group-5BD3E7F27A57:t294, leader=null, voted=s1, raftlog=s1@group-5BD3E7F27A57-SegmentedRaftLog:OPENED:c2,f3,i3, conf=2: [s0:0.0.0.0:41468, s1:0.0.0.0:41619, s2:0.0.0.0:44382], old=null
2019-09-26 09:50:15,117 INFO  impl.LeaderElection (LeaderElection.java:askForVotes(178)) - s1@group-5BD3E7F27A57-LeaderElection111: begin an election at term 295 for 2: [s0:0.0.0.0:41468, s1:0.0.0.0:41619, s2:0.0.0.0:44382], old=null
2019-09-26 09:50:15,117 DEBUG impl.RaftServerImpl (RaftServerImpl.java:requestVote(743)) - s0@group-5BD3E7F27A57: receive requestVote(s1, group-5BD3E7F27A57, 295, (t:3, i:3))
2019-09-26 09:50:15,118 INFO  impl.RaftServerImpl (RaftServerImpl.java:setRole(170)) - s0@group-5BD3E7F27A57: changes role from  FOLLOWER to FOLLOWER at term 295 for recognizeCandidate:s1
2019-09-26 09:50:15,118 INFO  impl.RoleInfo (RoleInfo.java:shutdownFollowerState(121)) - s0: shutdown FollowerState
2019-09-26 09:50:15,118 INFO  impl.RoleInfo (RoleInfo.java:updateAndGet(143)) - s0: start FollowerState
2019-09-26 09:50:15,118 INFO  impl.FollowerState (FollowerState.java:run(117)) - s0@group-5BD3E7F27A57-FollowerState was interrupted: java.lang.InterruptedException: sleep interrupted
2019-09-26 09:50:15,118 DEBUG impl.RaftServerImpl (RaftServerImpl.java:requestVote(775)) - s0@group-5BD3E7F27A57 replies to vote request: s1<-s0#0:FAIL-t295. Peer's state: s0@group-5BD3E7F27A57:t295, leader=null, voted=null, raftlog=s0@group-5BD3E7F27A57-SegmentedRaftLog:OPENED:c3,f4,i4, conf=3: [s0:0.0.0.0:41468, s1:0.0.0.0:41619, s2:0.0.0.0:44382], old=null
2019-09-26 09:50:15,269 INFO  impl.LeaderElection (LeaderElection.java:logAndReturn(56)) - s2@group-5BD3E7F27A57-LeaderElection112: Election TIMEOUT; received 1 response(s) [s2<-s0#0:FAIL-t295] and 0 exception(s); s2@group-5BD3E7F27A57:t295, leader=null, voted=s2, raftlog=s2@group-5BD3E7F27A57-SegmentedRaftLog:OPENED:c1,f3,i3, conf=3: [s0:0.0.0.0:41468, s1:0.0.0.0:41619, s2:0.0.0.0:44382], old=null
2019-09-26 09:50:15,283 INFO  impl.LeaderElection (LeaderElection.java:askForVotes(178)) - s2@group-5BD3E7F27A57-LeaderElection112: begin an election at term 296 for 3: [s0:0.0.0.0:41468, s1:0.0.0.0:41619, s2:0.0.0.0:44382], old=null
2019-09-26 09:50:15,284 DEBUG impl.RaftServerImpl (RaftServerImpl.java:requestVote(743)) - s0@group-5BD3E7F27A57: receive requestVote(s2, group-5BD3E7F27A57, 296, (t:4, i:3))
2019-09-26 09:50:15,284 INFO  impl.RaftServerImpl (RaftServerImpl.java:setRole(170)) - s0@group-5BD3E7F27A57: changes role from  FOLLOWER to FOLLOWER at term 296 for recognizeCandidate:s2
2019-09-26 09:50:15,284 INFO  impl.RoleInfo (RoleInfo.java:shutdownFollowerState(121)) - s0: shutdown FollowerState
2019-09-26 09:50:15,284 INFO  impl.RoleInfo (RoleInfo.java:updateAndGet(143)) - s0: start FollowerState
2019-09-26 09:50:15,284 INFO  impl.FollowerState (FollowerState.java:run(117)) - s0@group-5BD3E7F27A57-FollowerState was interrupted: java.lang.InterruptedException: sleep interrupted
2019-09-26 09:50:15,297 DEBUG impl.RaftServerImpl (RaftServerImpl.java:requestVote(775)) - s0@group-5BD3E7F27A57 replies to vote request: s2<-s0#0:FAIL-t296. Peer's state: s0@group-5BD3E7F27A57:t296, leader=null, voted=null, raftlog=s0@group-5BD3E7F27A57-SegmentedRaftLog:OPENED:c3,f4,i4, conf=3: [s0:0.0.0.0:41468, s1:0.0.0.0:41619, s2:0.0.0.0:44382], old=null
2019-09-26 09:50:15,300 WARN  ratis.RaftTestUtil (JavaUtils.java:attempt(158)) - FAILED "waitForLeader-null-(expectLeader? true)", attempt #83/100: java.lang.IllegalStateException: No leader yet : printing ALL groups
  s0:  RUNNING  FOLLOWER s0@group-5BD3E7F27A57:t296, leader=null, voted=null, raftlog=s0@group-5BD3E7F27A57-SegmentedRaftLog:OPENED:c3,f4,i4, conf=3: [s0:0.0.0.0:41468, s1:0.0.0.0:41619, s2:0.0.0.0:44382], old=null RUNNING
  s1:  RUNNING CANDIDATE s1@group-5BD3E7F27A57:t295, leader=null, voted=s1, raftlog=s1@group-5BD3E7F27A57-SegmentedRaftLog:OPENED:c2,f3,i3, conf=2: [s0:0.0.0.0:41468, s1:0.0.0.0:41619, s2:0.0.0.0:44382], old=null RUNNING
  s2:  RUNNING CANDIDATE s2@group-5BD3E7F27A57:t296, leader=null, voted=s2, raftlog=s2@group-5BD3E7F27A57-SegmentedRaftLog:OPENED:c1,f3,i3, conf=3: [s0:0.0.0.0:41468, s1:0.0.0.0:41619, s2:0.0.0.0:44382], old=null RUNNING, sleep 450ms and then retry.
java.lang.IllegalStateException: No leader yet : printing ALL groups
  s0:  RUNNING  FOLLOWER s0@group-5BD3E7F27A57:t296, leader=null, voted=null, raftlog=s0@group-5BD3E7F27A57-SegmentedRaftLog:OPENED:c3,f4,i4, conf=3: [s0:0.0.0.0:41468, s1:0.0.0.0:41619, s2:0.0.0.0:44382], old=null RUNNING
  s1:  RUNNING CANDIDATE s1@group-5BD3E7F27A57:t295, leader=null, voted=s1, raftlog=s1@group-5BD3E7F27A57-SegmentedRaftLog:OPENED:c2,f3,i3, conf=2: [s0:0.0.0.0:41468, s1:0.0.0.0:41619, s2:0.0.0.0:44382], old=null RUNNING
  s2:  RUNNING CANDIDATE s2@group-5BD3E7F27A57:t296, leader=null, voted=s2, raftlog=s2@group-5BD3E7F27A57-SegmentedRaftLog:OPENED:c1,f3,i3, conf=3: [s0:0.0.0.0:41468, s1:0.0.0.0:41619, s2:0.0.0.0:44382], old=null RUNNING
	at org.apache.ratis.MiniRaftCluster.newIllegalStateExceptionForNoLeaders(MiniRaftCluster.java:506)
	at org.apache.ratis.RaftTestUtil.lambda$waitForLeader$1(RaftTestUtil.java:90)
	at org.apache.ratis.MiniRaftCluster.getLeader(MiniRaftCluster.java:539)
	at org.apache.ratis.MiniRaftCluster.getLeader(MiniRaftCluster.java:532)
	at org.apache.ratis.RaftTestUtil.lambda$waitForLeader$3(RaftTestUtil.java:98)
	at org.apache.ratis.util.JavaUtils.attempt(JavaUtils.java:152)
	at org.apache.ratis.RaftTestUtil.waitForLeader(RaftTestUtil.java:97)
	at org.apache.ratis.RaftTestUtil.waitForLeader(RaftTestUtil.java:77)
	at org.apache.ratis.RaftTestUtil.waitForLeader(RaftTestUtil.java:72)
	at org.apache.ratis.RaftTestUtil.lambda$changeLeader$7(RaftTestUtil.java:363)
	at org.apache.ratis.util.JavaUtils.attempt(JavaUtils.java:152)
	at org.apache.ratis.RaftTestUtil.changeLeader(RaftTestUtil.java:362)
	at org.apache.ratis.server.impl.LeaderElectionTests.testChangeLeader(LeaderElectionTests.java:81)
	at sun.reflect.NativeMethodAccessorImpl.invoke0(Native Method)
	at sun.reflect.NativeMethodAccessorImpl.invoke(NativeMethodAccessorImpl.java:62)
	at sun.reflect.DelegatingMethodAccessorImpl.invoke(DelegatingMethodAccessorImpl.java:43)
	at java.lang.reflect.Method.invoke(Method.java:498)
	at org.junit.runners.model.FrameworkMethod$1.runReflectiveCall(FrameworkMethod.java:50)
	at org.junit.internal.runners.model.ReflectiveCallable.run(ReflectiveCallable.java:12)
	at org.junit.runners.model.FrameworkMethod.invokeExplosively(FrameworkMethod.java:47)
	at org.junit.internal.runners.statements.InvokeMethod.evaluate(InvokeMethod.java:17)
	at org.junit.internal.runners.statements.RunAfters.evaluate(RunAfters.java:27)
	at org.junit.internal.runners.statements.FailOnTimeout$CallableStatement.call(FailOnTimeout.java:298)
	at org.junit.internal.runners.statements.FailOnTimeout$CallableStatement.call(FailOnTimeout.java:292)
	at java.util.concurrent.FutureTask.run(FutureTask.java:266)
	at java.lang.Thread.run(Thread.java:748)
2019-09-26 09:50:15,322 INFO  impl.LeaderElection (LeaderElection.java:logAndReturn(56)) - s1@group-5BD3E7F27A57-LeaderElection111: Election TIMEOUT; received 1 response(s) [s1<-s0#0:FAIL-t295] and 0 exception(s); s1@group-5BD3E7F27A57:t295, leader=null, voted=s1, raftlog=s1@group-5BD3E7F27A57-SegmentedRaftLog:OPENED:c2,f3,i3, conf=2: [s0:0.0.0.0:41468, s1:0.0.0.0:41619, s2:0.0.0.0:44382], old=null
2019-09-26 09:50:15,335 INFO  impl.LeaderElection (LeaderElection.java:askForVotes(178)) - s1@group-5BD3E7F27A57-LeaderElection111: begin an election at term 296 for 2: [s0:0.0.0.0:41468, s1:0.0.0.0:41619, s2:0.0.0.0:44382], old=null
2019-09-26 09:50:15,336 DEBUG impl.RaftServerImpl (RaftServerImpl.java:requestVote(743)) - s0@group-5BD3E7F27A57: receive requestVote(s1, group-5BD3E7F27A57, 296, (t:3, i:3))
2019-09-26 09:50:15,336 INFO  impl.RaftServerImpl (RaftServerImpl.java:setRole(170)) - s0@group-5BD3E7F27A57: changes role from  FOLLOWER to FOLLOWER at term 296 for recognizeCandidate:s1
2019-09-26 09:50:15,336 INFO  impl.RoleInfo (RoleInfo.java:shutdownFollowerState(121)) - s0: shutdown FollowerState
2019-09-26 09:50:15,336 INFO  impl.RoleInfo (RoleInfo.java:updateAndGet(143)) - s0: start FollowerState
2019-09-26 09:50:15,336 INFO  impl.FollowerState (FollowerState.java:run(117)) - s0@group-5BD3E7F27A57-FollowerState was interrupted: java.lang.InterruptedException: sleep interrupted
2019-09-26 09:50:15,336 DEBUG impl.RaftServerImpl (RaftServerImpl.java:requestVote(775)) - s0@group-5BD3E7F27A57 replies to vote request: s1<-s0#0:FAIL-t296. Peer's state: s0@group-5BD3E7F27A57:t296, leader=null, voted=null, raftlog=s0@group-5BD3E7F27A57-SegmentedRaftLog:OPENED:c3,f4,i4, conf=3: [s0:0.0.0.0:41468, s1:0.0.0.0:41619, s2:0.0.0.0:44382], old=null
2019-09-26 09:50:15,521 INFO  impl.FollowerState (FollowerState.java:run(108)) - s0@group-5BD3E7F27A57-FollowerState: change to CANDIDATE, lastRpcTime:185ms, electionTimeout:185ms
2019-09-26 09:50:15,522 INFO  impl.RoleInfo (RoleInfo.java:shutdownFollowerState(121)) - s0: shutdown FollowerState
2019-09-26 09:50:15,522 INFO  impl.RaftServerImpl (RaftServerImpl.java:setRole(170)) - s0@group-5BD3E7F27A57: changes role from  FOLLOWER to CANDIDATE at term 296 for changeToCandidate
2019-09-26 09:50:15,522 INFO  impl.RoleInfo (RoleInfo.java:updateAndGet(143)) - s0: start LeaderElection
2019-09-26 09:50:15,537 INFO  impl.LeaderElection (LeaderElection.java:askForVotes(178)) - s0@group-5BD3E7F27A57-LeaderElection113: begin an election at term 297 for 3: [s0:0.0.0.0:41468, s1:0.0.0.0:41619, s2:0.0.0.0:44382], old=null
2019-09-26 09:50:15,568 INFO  impl.LeaderElection (LeaderElection.java:logAndReturn(56)) - s2@group-5BD3E7F27A57-LeaderElection112: Election TIMEOUT; received 1 response(s) [s2<-s0#0:FAIL-t296] and 0 exception(s); s2@group-5BD3E7F27A57:t296, leader=null, voted=s2, raftlog=s2@group-5BD3E7F27A57-SegmentedRaftLog:OPENED:c1,f3,i3, conf=3: [s0:0.0.0.0:41468, s1:0.0.0.0:41619, s2:0.0.0.0:44382], old=null
2019-09-26 09:50:15,577 INFO  impl.LeaderElection (LeaderElection.java:logAndReturn(56)) - s1@group-5BD3E7F27A57-LeaderElection111: Election TIMEOUT; received 1 response(s) [s1<-s0#0:FAIL-t296] and 0 exception(s); s1@group-5BD3E7F27A57:t296, leader=null, voted=s1, raftlog=s1@group-5BD3E7F27A57-SegmentedRaftLog:OPENED:c2,f3,i3, conf=2: [s0:0.0.0.0:41468, s1:0.0.0.0:41619, s2:0.0.0.0:44382], old=null
2019-09-26 09:50:15,582 INFO  impl.LeaderElection (LeaderElection.java:askForVotes(178)) - s2@group-5BD3E7F27A57-LeaderElection112: begin an election at term 297 for 3: [s0:0.0.0.0:41468, s1:0.0.0.0:41619, s2:0.0.0.0:44382], old=null
2019-09-26 09:50:15,582 INFO  impl.LeaderElection (LeaderElection.java:askForVotes(178)) - s1@group-5BD3E7F27A57-LeaderElection111: begin an election at term 297 for 2: [s0:0.0.0.0:41468, s1:0.0.0.0:41619, s2:0.0.0.0:44382], old=null
2019-09-26 09:50:15,582 DEBUG impl.RaftServerImpl (RaftServerImpl.java:requestVote(743)) - s0@group-5BD3E7F27A57: receive requestVote(s2, group-5BD3E7F27A57, 297, (t:4, i:3))
2019-09-26 09:50:15,582 DEBUG impl.RaftServerImpl (RaftServerImpl.java:requestVote(775)) - s0@group-5BD3E7F27A57 replies to vote request: s2<-s0#0:FAIL-t297. Peer's state: s0@group-5BD3E7F27A57:t297, leader=null, voted=s0, raftlog=s0@group-5BD3E7F27A57-SegmentedRaftLog:OPENED:c3,f4,i4, conf=3: [s0:0.0.0.0:41468, s1:0.0.0.0:41619, s2:0.0.0.0:44382], old=null
2019-09-26 09:50:15,582 DEBUG impl.RaftServerImpl (RaftServerImpl.java:requestVote(743)) - s0@group-5BD3E7F27A57: receive requestVote(s1, group-5BD3E7F27A57, 297, (t:3, i:3))
2019-09-26 09:50:15,583 DEBUG impl.RaftServerImpl (RaftServerImpl.java:requestVote(775)) - s0@group-5BD3E7F27A57 replies to vote request: s1<-s0#0:FAIL-t297. Peer's state: s0@group-5BD3E7F27A57:t297, leader=null, voted=s0, raftlog=s0@group-5BD3E7F27A57-SegmentedRaftLog:OPENED:c3,f4,i4, conf=3: [s0:0.0.0.0:41468, s1:0.0.0.0:41619, s2:0.0.0.0:44382], old=null
2019-09-26 09:50:15,751 WARN  ratis.RaftTestUtil (JavaUtils.java:attempt(158)) - FAILED "waitForLeader-null-(expectLeader? true)", attempt #84/100: java.lang.IllegalStateException: No leader yet : printing ALL groups
  s0:  RUNNING CANDIDATE s0@group-5BD3E7F27A57:t297, leader=null, voted=s0, raftlog=s0@group-5BD3E7F27A57-SegmentedRaftLog:OPENED:c3,f4,i4, conf=3: [s0:0.0.0.0:41468, s1:0.0.0.0:41619, s2:0.0.0.0:44382], old=null RUNNING
  s1:  RUNNING CANDIDATE s1@group-5BD3E7F27A57:t297, leader=null, voted=s1, raftlog=s1@group-5BD3E7F27A57-SegmentedRaftLog:OPENED:c2,f3,i3, conf=2: [s0:0.0.0.0:41468, s1:0.0.0.0:41619, s2:0.0.0.0:44382], old=null RUNNING
  s2:  RUNNING CANDIDATE s2@group-5BD3E7F27A57:t297, leader=null, voted=s2, raftlog=s2@group-5BD3E7F27A57-SegmentedRaftLog:OPENED:c1,f3,i3, conf=3: [s0:0.0.0.0:41468, s1:0.0.0.0:41619, s2:0.0.0.0:44382], old=null RUNNING, sleep 450ms and then retry.
java.lang.IllegalStateException: No leader yet : printing ALL groups
  s0:  RUNNING CANDIDATE s0@group-5BD3E7F27A57:t297, leader=null, voted=s0, raftlog=s0@group-5BD3E7F27A57-SegmentedRaftLog:OPENED:c3,f4,i4, conf=3: [s0:0.0.0.0:41468, s1:0.0.0.0:41619, s2:0.0.0.0:44382], old=null RUNNING
  s1:  RUNNING CANDIDATE s1@group-5BD3E7F27A57:t297, leader=null, voted=s1, raftlog=s1@group-5BD3E7F27A57-SegmentedRaftLog:OPENED:c2,f3,i3, conf=2: [s0:0.0.0.0:41468, s1:0.0.0.0:41619, s2:0.0.0.0:44382], old=null RUNNING
  s2:  RUNNING CANDIDATE s2@group-5BD3E7F27A57:t297, leader=null, voted=s2, raftlog=s2@group-5BD3E7F27A57-SegmentedRaftLog:OPENED:c1,f3,i3, conf=3: [s0:0.0.0.0:41468, s1:0.0.0.0:41619, s2:0.0.0.0:44382], old=null RUNNING
	at org.apache.ratis.MiniRaftCluster.newIllegalStateExceptionForNoLeaders(MiniRaftCluster.java:506)
	at org.apache.ratis.RaftTestUtil.lambda$waitForLeader$1(RaftTestUtil.java:90)
	at org.apache.ratis.MiniRaftCluster.getLeader(MiniRaftCluster.java:539)
	at org.apache.ratis.MiniRaftCluster.getLeader(MiniRaftCluster.java:532)
	at org.apache.ratis.RaftTestUtil.lambda$waitForLeader$3(RaftTestUtil.java:98)
	at org.apache.ratis.util.JavaUtils.attempt(JavaUtils.java:152)
	at org.apache.ratis.RaftTestUtil.waitForLeader(RaftTestUtil.java:97)
	at org.apache.ratis.RaftTestUtil.waitForLeader(RaftTestUtil.java:77)
	at org.apache.ratis.RaftTestUtil.waitForLeader(RaftTestUtil.java:72)
	at org.apache.ratis.RaftTestUtil.lambda$changeLeader$7(RaftTestUtil.java:363)
	at org.apache.ratis.util.JavaUtils.attempt(JavaUtils.java:152)
	at org.apache.ratis.RaftTestUtil.changeLeader(RaftTestUtil.java:362)
	at org.apache.ratis.server.impl.LeaderElectionTests.testChangeLeader(LeaderElectionTests.java:81)
	at sun.reflect.NativeMethodAccessorImpl.invoke0(Native Method)
	at sun.reflect.NativeMethodAccessorImpl.invoke(NativeMethodAccessorImpl.java:62)
	at sun.reflect.DelegatingMethodAccessorImpl.invoke(DelegatingMethodAccessorImpl.java:43)
	at java.lang.reflect.Method.invoke(Method.java:498)
	at org.junit.runners.model.FrameworkMethod$1.runReflectiveCall(FrameworkMethod.java:50)
	at org.junit.internal.runners.model.ReflectiveCallable.run(ReflectiveCallable.java:12)
	at org.junit.runners.model.FrameworkMethod.invokeExplosively(FrameworkMethod.java:47)
	at org.junit.internal.runners.statements.InvokeMethod.evaluate(InvokeMethod.java:17)
	at org.junit.internal.runners.statements.RunAfters.evaluate(RunAfters.java:27)
	at org.junit.internal.runners.statements.FailOnTimeout$CallableStatement.call(FailOnTimeout.java:298)
	at org.junit.internal.runners.statements.FailOnTimeout$CallableStatement.call(FailOnTimeout.java:292)
	at java.util.concurrent.FutureTask.run(FutureTask.java:266)
	at java.lang.Thread.run(Thread.java:748)
2019-09-26 09:50:15,752 INFO  impl.LeaderElection (LeaderElection.java:logAndReturn(56)) - s1@group-5BD3E7F27A57-LeaderElection111: Election TIMEOUT; received 1 response(s) [s1<-s0#0:FAIL-t297] and 0 exception(s); s1@group-5BD3E7F27A57:t297, leader=null, voted=s1, raftlog=s1@group-5BD3E7F27A57-SegmentedRaftLog:OPENED:c2,f3,i3, conf=2: [s0:0.0.0.0:41468, s1:0.0.0.0:41619, s2:0.0.0.0:44382], old=null
2019-09-26 09:50:15,765 INFO  impl.LeaderElection (LeaderElection.java:askForVotes(178)) - s1@group-5BD3E7F27A57-LeaderElection111: begin an election at term 298 for 2: [s0:0.0.0.0:41468, s1:0.0.0.0:41619, s2:0.0.0.0:44382], old=null
2019-09-26 09:50:15,766 DEBUG impl.RaftServerImpl (RaftServerImpl.java:requestVote(743)) - s0@group-5BD3E7F27A57: receive requestVote(s1, group-5BD3E7F27A57, 298, (t:3, i:3))
2019-09-26 09:50:15,766 INFO  impl.RaftServerImpl (RaftServerImpl.java:setRole(170)) - s0@group-5BD3E7F27A57: changes role from CANDIDATE to FOLLOWER at term 298 for recognizeCandidate:s1
2019-09-26 09:50:15,766 INFO  impl.RoleInfo (RoleInfo.java:shutdownLeaderElection(134)) - s0: shutdown LeaderElection
2019-09-26 09:50:15,766 INFO  impl.RoleInfo (RoleInfo.java:updateAndGet(143)) - s0: start FollowerState
2019-09-26 09:50:15,796 DEBUG impl.RaftServerImpl (RaftServerImpl.java:requestVote(775)) - s0@group-5BD3E7F27A57 replies to vote request: s1<-s0#0:FAIL-t298. Peer's state: s0@group-5BD3E7F27A57:t298, leader=null, voted=null, raftlog=s0@group-5BD3E7F27A57-SegmentedRaftLog:OPENED:c3,f4,i4, conf=3: [s0:0.0.0.0:41468, s1:0.0.0.0:41619, s2:0.0.0.0:44382], old=null
2019-09-26 09:50:15,807 INFO  impl.LeaderElection (LeaderElection.java:logAndReturn(56)) - s0@group-5BD3E7F27A57-LeaderElection113: Election REJECTED; received 0 response(s) [] and 0 exception(s); s0@group-5BD3E7F27A57:t298, leader=null, voted=null, raftlog=s0@group-5BD3E7F27A57-SegmentedRaftLog:OPENED:c3,f4,i4, conf=3: [s0:0.0.0.0:41468, s1:0.0.0.0:41619, s2:0.0.0.0:44382], old=null
2019-09-26 09:50:15,816 INFO  impl.LeaderElection (LeaderElection.java:logAndReturn(56)) - s2@group-5BD3E7F27A57-LeaderElection112: Election TIMEOUT; received 1 response(s) [s2<-s0#0:FAIL-t297] and 0 exception(s); s2@group-5BD3E7F27A57:t297, leader=null, voted=s2, raftlog=s2@group-5BD3E7F27A57-SegmentedRaftLog:OPENED:c1,f3,i3, conf=3: [s0:0.0.0.0:41468, s1:0.0.0.0:41619, s2:0.0.0.0:44382], old=null
2019-09-26 09:50:15,830 INFO  impl.LeaderElection (LeaderElection.java:askForVotes(178)) - s2@group-5BD3E7F27A57-LeaderElection112: begin an election at term 298 for 3: [s0:0.0.0.0:41468, s1:0.0.0.0:41619, s2:0.0.0.0:44382], old=null
2019-09-26 09:50:15,830 DEBUG impl.RaftServerImpl (RaftServerImpl.java:requestVote(743)) - s0@group-5BD3E7F27A57: receive requestVote(s2, group-5BD3E7F27A57, 298, (t:4, i:3))
2019-09-26 09:50:15,831 INFO  impl.RaftServerImpl (RaftServerImpl.java:setRole(170)) - s0@group-5BD3E7F27A57: changes role from  FOLLOWER to FOLLOWER at term 298 for recognizeCandidate:s2
2019-09-26 09:50:15,831 INFO  impl.RoleInfo (RoleInfo.java:shutdownFollowerState(121)) - s0: shutdown FollowerState
2019-09-26 09:50:15,831 INFO  impl.RoleInfo (RoleInfo.java:updateAndGet(143)) - s0: start FollowerState
2019-09-26 09:50:15,831 INFO  impl.FollowerState (FollowerState.java:run(117)) - s0@group-5BD3E7F27A57-FollowerState was interrupted: java.lang.InterruptedException: sleep interrupted
2019-09-26 09:50:15,831 DEBUG impl.RaftServerImpl (RaftServerImpl.java:requestVote(775)) - s0@group-5BD3E7F27A57 replies to vote request: s2<-s0#0:FAIL-t298. Peer's state: s0@group-5BD3E7F27A57:t298, leader=null, voted=null, raftlog=s0@group-5BD3E7F27A57-SegmentedRaftLog:OPENED:c3,f4,i4, conf=3: [s0:0.0.0.0:41468, s1:0.0.0.0:41619, s2:0.0.0.0:44382], old=null
2019-09-26 09:50:16,021 INFO  impl.LeaderElection (LeaderElection.java:logAndReturn(56)) - s1@group-5BD3E7F27A57-LeaderElection111: Election TIMEOUT; received 1 response(s) [s1<-s0#0:FAIL-t298] and 0 exception(s); s1@group-5BD3E7F27A57:t298, leader=null, voted=s1, raftlog=s1@group-5BD3E7F27A57-SegmentedRaftLog:OPENED:c2,f3,i3, conf=2: [s0:0.0.0.0:41468, s1:0.0.0.0:41619, s2:0.0.0.0:44382], old=null
2019-09-26 09:50:16,030 INFO  impl.LeaderElection (LeaderElection.java:askForVotes(178)) - s1@group-5BD3E7F27A57-LeaderElection111: begin an election at term 299 for 2: [s0:0.0.0.0:41468, s1:0.0.0.0:41619, s2:0.0.0.0:44382], old=null
2019-09-26 09:50:16,030 DEBUG impl.RaftServerImpl (RaftServerImpl.java:requestVote(743)) - s0@group-5BD3E7F27A57: receive requestVote(s1, group-5BD3E7F27A57, 299, (t:3, i:3))
2019-09-26 09:50:16,031 INFO  impl.RaftServerImpl (RaftServerImpl.java:setRole(170)) - s0@group-5BD3E7F27A57: changes role from  FOLLOWER to FOLLOWER at term 299 for recognizeCandidate:s1
2019-09-26 09:50:16,031 INFO  impl.RoleInfo (RoleInfo.java:shutdownFollowerState(121)) - s0: shutdown FollowerState
2019-09-26 09:50:16,031 INFO  impl.RoleInfo (RoleInfo.java:updateAndGet(143)) - s0: start FollowerState
2019-09-26 09:50:16,031 INFO  impl.FollowerState (FollowerState.java:run(117)) - s0@group-5BD3E7F27A57-FollowerState was interrupted: java.lang.InterruptedException: sleep interrupted
2019-09-26 09:50:16,044 DEBUG impl.RaftServerImpl (RaftServerImpl.java:requestVote(775)) - s0@group-5BD3E7F27A57 replies to vote request: s1<-s0#0:FAIL-t299. Peer's state: s0@group-5BD3E7F27A57:t299, leader=null, voted=null, raftlog=s0@group-5BD3E7F27A57-SegmentedRaftLog:OPENED:c3,f4,i4, conf=3: [s0:0.0.0.0:41468, s1:0.0.0.0:41619, s2:0.0.0.0:44382], old=null
2019-09-26 09:50:16,073 INFO  impl.LeaderElection (LeaderElection.java:logAndReturn(56)) - s2@group-5BD3E7F27A57-LeaderElection112: Election TIMEOUT; received 1 response(s) [s2<-s0#0:FAIL-t298] and 0 exception(s); s2@group-5BD3E7F27A57:t298, leader=null, voted=s2, raftlog=s2@group-5BD3E7F27A57-SegmentedRaftLog:OPENED:c1,f3,i3, conf=3: [s0:0.0.0.0:41468, s1:0.0.0.0:41619, s2:0.0.0.0:44382], old=null
2019-09-26 09:50:16,144 INFO  impl.LeaderElection (LeaderElection.java:askForVotes(178)) - s2@group-5BD3E7F27A57-LeaderElection112: begin an election at term 299 for 3: [s0:0.0.0.0:41468, s1:0.0.0.0:41619, s2:0.0.0.0:44382], old=null
2019-09-26 09:50:16,145 DEBUG impl.RaftServerImpl (RaftServerImpl.java:requestVote(743)) - s0@group-5BD3E7F27A57: receive requestVote(s2, group-5BD3E7F27A57, 299, (t:4, i:3))
2019-09-26 09:50:16,145 INFO  impl.RaftServerImpl (RaftServerImpl.java:setRole(170)) - s0@group-5BD3E7F27A57: changes role from  FOLLOWER to FOLLOWER at term 299 for recognizeCandidate:s2
2019-09-26 09:50:16,145 INFO  impl.RoleInfo (RoleInfo.java:shutdownFollowerState(121)) - s0: shutdown FollowerState
2019-09-26 09:50:16,145 INFO  impl.RoleInfo (RoleInfo.java:updateAndGet(143)) - s0: start FollowerState
2019-09-26 09:50:16,145 INFO  impl.FollowerState (FollowerState.java:run(117)) - s0@group-5BD3E7F27A57-FollowerState was interrupted: java.lang.InterruptedException: sleep interrupted
2019-09-26 09:50:16,146 DEBUG impl.RaftServerImpl (RaftServerImpl.java:requestVote(775)) - s0@group-5BD3E7F27A57 replies to vote request: s2<-s0#0:FAIL-t299. Peer's state: s0@group-5BD3E7F27A57:t299, leader=null, voted=null, raftlog=s0@group-5BD3E7F27A57-SegmentedRaftLog:OPENED:c3,f4,i4, conf=3: [s0:0.0.0.0:41468, s1:0.0.0.0:41619, s2:0.0.0.0:44382], old=null
2019-09-26 09:50:16,202 WARN  ratis.RaftTestUtil (JavaUtils.java:attempt(158)) - FAILED "waitForLeader-null-(expectLeader? true)", attempt #85/100: java.lang.IllegalStateException: No leader yet : printing ALL groups
  s0:  RUNNING  FOLLOWER s0@group-5BD3E7F27A57:t299, leader=null, voted=null, raftlog=s0@group-5BD3E7F27A57-SegmentedRaftLog:OPENED:c3,f4,i4, conf=3: [s0:0.0.0.0:41468, s1:0.0.0.0:41619, s2:0.0.0.0:44382], old=null RUNNING
  s1:  RUNNING CANDIDATE s1@group-5BD3E7F27A57:t299, leader=null, voted=s1, raftlog=s1@group-5BD3E7F27A57-SegmentedRaftLog:OPENED:c2,f3,i3, conf=2: [s0:0.0.0.0:41468, s1:0.0.0.0:41619, s2:0.0.0.0:44382], old=null RUNNING
  s2:  RUNNING CANDIDATE s2@group-5BD3E7F27A57:t299, leader=null, voted=s2, raftlog=s2@group-5BD3E7F27A57-SegmentedRaftLog:OPENED:c1,f3,i3, conf=3: [s0:0.0.0.0:41468, s1:0.0.0.0:41619, s2:0.0.0.0:44382], old=null RUNNING, sleep 450ms and then retry.
java.lang.IllegalStateException: No leader yet : printing ALL groups
  s0:  RUNNING  FOLLOWER s0@group-5BD3E7F27A57:t299, leader=null, voted=null, raftlog=s0@group-5BD3E7F27A57-SegmentedRaftLog:OPENED:c3,f4,i4, conf=3: [s0:0.0.0.0:41468, s1:0.0.0.0:41619, s2:0.0.0.0:44382], old=null RUNNING
  s1:  RUNNING CANDIDATE s1@group-5BD3E7F27A57:t299, leader=null, voted=s1, raftlog=s1@group-5BD3E7F27A57-SegmentedRaftLog:OPENED:c2,f3,i3, conf=2: [s0:0.0.0.0:41468, s1:0.0.0.0:41619, s2:0.0.0.0:44382], old=null RUNNING
  s2:  RUNNING CANDIDATE s2@group-5BD3E7F27A57:t299, leader=null, voted=s2, raftlog=s2@group-5BD3E7F27A57-SegmentedRaftLog:OPENED:c1,f3,i3, conf=3: [s0:0.0.0.0:41468, s1:0.0.0.0:41619, s2:0.0.0.0:44382], old=null RUNNING
	at org.apache.ratis.MiniRaftCluster.newIllegalStateExceptionForNoLeaders(MiniRaftCluster.java:506)
	at org.apache.ratis.RaftTestUtil.lambda$waitForLeader$1(RaftTestUtil.java:90)
	at org.apache.ratis.MiniRaftCluster.getLeader(MiniRaftCluster.java:539)
	at org.apache.ratis.MiniRaftCluster.getLeader(MiniRaftCluster.java:532)
	at org.apache.ratis.RaftTestUtil.lambda$waitForLeader$3(RaftTestUtil.java:98)
	at org.apache.ratis.util.JavaUtils.attempt(JavaUtils.java:152)
	at org.apache.ratis.RaftTestUtil.waitForLeader(RaftTestUtil.java:97)
	at org.apache.ratis.RaftTestUtil.waitForLeader(RaftTestUtil.java:77)
	at org.apache.ratis.RaftTestUtil.waitForLeader(RaftTestUtil.java:72)
	at org.apache.ratis.RaftTestUtil.lambda$changeLeader$7(RaftTestUtil.java:363)
	at org.apache.ratis.util.JavaUtils.attempt(JavaUtils.java:152)
	at org.apache.ratis.RaftTestUtil.changeLeader(RaftTestUtil.java:362)
	at org.apache.ratis.server.impl.LeaderElectionTests.testChangeLeader(LeaderElectionTests.java:81)
	at sun.reflect.NativeMethodAccessorImpl.invoke0(Native Method)
	at sun.reflect.NativeMethodAccessorImpl.invoke(NativeMethodAccessorImpl.java:62)
	at sun.reflect.DelegatingMethodAccessorImpl.invoke(DelegatingMethodAccessorImpl.java:43)
	at java.lang.reflect.Method.invoke(Method.java:498)
	at org.junit.runners.model.FrameworkMethod$1.runReflectiveCall(FrameworkMethod.java:50)
	at org.junit.internal.runners.model.ReflectiveCallable.run(ReflectiveCallable.java:12)
	at org.junit.runners.model.FrameworkMethod.invokeExplosively(FrameworkMethod.java:47)
	at org.junit.internal.runners.statements.InvokeMethod.evaluate(InvokeMethod.java:17)
	at org.junit.internal.runners.statements.RunAfters.evaluate(RunAfters.java:27)
	at org.junit.internal.runners.statements.FailOnTimeout$CallableStatement.call(FailOnTimeout.java:298)
	at org.junit.internal.runners.statements.FailOnTimeout$CallableStatement.call(FailOnTimeout.java:292)
	at java.util.concurrent.FutureTask.run(FutureTask.java:266)
	at java.lang.Thread.run(Thread.java:748)
2019-09-26 09:50:16,239 INFO  impl.LeaderElection (LeaderElection.java:logAndReturn(56)) - s1@group-5BD3E7F27A57-LeaderElection111: Election TIMEOUT; received 1 response(s) [s1<-s0#0:FAIL-t299] and 0 exception(s); s1@group-5BD3E7F27A57:t299, leader=null, voted=s1, raftlog=s1@group-5BD3E7F27A57-SegmentedRaftLog:OPENED:c2,f3,i3, conf=2: [s0:0.0.0.0:41468, s1:0.0.0.0:41619, s2:0.0.0.0:44382], old=null
2019-09-26 09:50:16,252 INFO  impl.LeaderElection (LeaderElection.java:askForVotes(178)) - s1@group-5BD3E7F27A57-LeaderElection111: begin an election at term 300 for 2: [s0:0.0.0.0:41468, s1:0.0.0.0:41619, s2:0.0.0.0:44382], old=null
2019-09-26 09:50:16,253 DEBUG impl.RaftServerImpl (RaftServerImpl.java:requestVote(743)) - s0@group-5BD3E7F27A57: receive requestVote(s1, group-5BD3E7F27A57, 300, (t:3, i:3))
2019-09-26 09:50:16,253 INFO  impl.RaftServerImpl (RaftServerImpl.java:setRole(170)) - s0@group-5BD3E7F27A57: changes role from  FOLLOWER to FOLLOWER at term 300 for recognizeCandidate:s1
2019-09-26 09:50:16,253 INFO  impl.RoleInfo (RoleInfo.java:shutdownFollowerState(121)) - s0: shutdown FollowerState
2019-09-26 09:50:16,253 INFO  impl.RoleInfo (RoleInfo.java:updateAndGet(143)) - s0: start FollowerState
2019-09-26 09:50:16,253 INFO  impl.FollowerState (FollowerState.java:run(117)) - s0@group-5BD3E7F27A57-FollowerState was interrupted: java.lang.InterruptedException: sleep interrupted
2019-09-26 09:50:16,267 DEBUG impl.RaftServerImpl (RaftServerImpl.java:requestVote(775)) - s0@group-5BD3E7F27A57 replies to vote request: s1<-s0#0:FAIL-t300. Peer's state: s0@group-5BD3E7F27A57:t300, leader=null, voted=null, raftlog=s0@group-5BD3E7F27A57-SegmentedRaftLog:OPENED:c3,f4,i4, conf=3: [s0:0.0.0.0:41468, s1:0.0.0.0:41619, s2:0.0.0.0:44382], old=null
2019-09-26 09:50:16,432 INFO  impl.LeaderElection (LeaderElection.java:logAndReturn(56)) - s2@group-5BD3E7F27A57-LeaderElection112: Election TIMEOUT; received 1 response(s) [s2<-s0#0:FAIL-t299] and 0 exception(s); s2@group-5BD3E7F27A57:t299, leader=null, voted=s2, raftlog=s2@group-5BD3E7F27A57-SegmentedRaftLog:OPENED:c1,f3,i3, conf=3: [s0:0.0.0.0:41468, s1:0.0.0.0:41619, s2:0.0.0.0:44382], old=null
2019-09-26 09:50:16,445 INFO  impl.LeaderElection (LeaderElection.java:askForVotes(178)) - s2@group-5BD3E7F27A57-LeaderElection112: begin an election at term 300 for 3: [s0:0.0.0.0:41468, s1:0.0.0.0:41619, s2:0.0.0.0:44382], old=null
2019-09-26 09:50:16,446 DEBUG impl.RaftServerImpl (RaftServerImpl.java:requestVote(743)) - s0@group-5BD3E7F27A57: receive requestVote(s2, group-5BD3E7F27A57, 300, (t:4, i:3))
2019-09-26 09:50:16,446 INFO  impl.RaftServerImpl (RaftServerImpl.java:setRole(170)) - s0@group-5BD3E7F27A57: changes role from  FOLLOWER to FOLLOWER at term 300 for recognizeCandidate:s2
2019-09-26 09:50:16,446 INFO  impl.RoleInfo (RoleInfo.java:shutdownFollowerState(121)) - s0: shutdown FollowerState
2019-09-26 09:50:16,446 INFO  impl.RoleInfo (RoleInfo.java:updateAndGet(143)) - s0: start FollowerState
2019-09-26 09:50:16,446 DEBUG impl.RaftServerImpl (RaftServerImpl.java:requestVote(775)) - s0@group-5BD3E7F27A57 replies to vote request: s2<-s0#0:FAIL-t300. Peer's state: s0@group-5BD3E7F27A57:t300, leader=null, voted=null, raftlog=s0@group-5BD3E7F27A57-SegmentedRaftLog:OPENED:c3,f4,i4, conf=3: [s0:0.0.0.0:41468, s1:0.0.0.0:41619, s2:0.0.0.0:44382], old=null
2019-09-26 09:50:16,446 INFO  impl.FollowerState (FollowerState.java:run(108)) - s0@group-5BD3E7F27A57-FollowerState: change to CANDIDATE, lastRpcTime:193ms, electionTimeout:192ms
2019-09-26 09:50:16,447 INFO  impl.RoleInfo (RoleInfo.java:shutdownFollowerState(121)) - s0: shutdown FollowerState
2019-09-26 09:50:16,447 INFO  impl.RaftServerImpl (RaftServerImpl.java:setRole(170)) - s0@group-5BD3E7F27A57: changes role from  FOLLOWER to CANDIDATE at term 300 for changeToCandidate
2019-09-26 09:50:16,447 INFO  impl.FollowerState (FollowerState.java:run(117)) - s0@group-5BD3E7F27A57-FollowerState was interrupted: java.lang.InterruptedException: sleep interrupted
2019-09-26 09:50:16,447 INFO  impl.RoleInfo (RoleInfo.java:updateAndGet(143)) - s0: start LeaderElection
2019-09-26 09:50:16,461 INFO  impl.LeaderElection (LeaderElection.java:askForVotes(178)) - s0@group-5BD3E7F27A57-LeaderElection114: begin an election at term 301 for 3: [s0:0.0.0.0:41468, s1:0.0.0.0:41619, s2:0.0.0.0:44382], old=null
2019-09-26 09:50:16,537 INFO  impl.LeaderElection (LeaderElection.java:logAndReturn(56)) - s1@group-5BD3E7F27A57-LeaderElection111: Election TIMEOUT; received 1 response(s) [s1<-s0#0:FAIL-t300] and 0 exception(s); s1@group-5BD3E7F27A57:t300, leader=null, voted=s1, raftlog=s1@group-5BD3E7F27A57-SegmentedRaftLog:OPENED:c2,f3,i3, conf=2: [s0:0.0.0.0:41468, s1:0.0.0.0:41619, s2:0.0.0.0:44382], old=null
2019-09-26 09:50:16,551 INFO  impl.LeaderElection (LeaderElection.java:askForVotes(178)) - s1@group-5BD3E7F27A57-LeaderElection111: begin an election at term 301 for 2: [s0:0.0.0.0:41468, s1:0.0.0.0:41619, s2:0.0.0.0:44382], old=null
2019-09-26 09:50:16,551 DEBUG impl.RaftServerImpl (RaftServerImpl.java:requestVote(743)) - s0@group-5BD3E7F27A57: receive requestVote(s1, group-5BD3E7F27A57, 301, (t:3, i:3))
2019-09-26 09:50:16,552 DEBUG impl.RaftServerImpl (RaftServerImpl.java:requestVote(775)) - s0@group-5BD3E7F27A57 replies to vote request: s1<-s0#0:FAIL-t301. Peer's state: s0@group-5BD3E7F27A57:t301, leader=null, voted=s0, raftlog=s0@group-5BD3E7F27A57-SegmentedRaftLog:OPENED:c3,f4,i4, conf=3: [s0:0.0.0.0:41468, s1:0.0.0.0:41619, s2:0.0.0.0:44382], old=null
2019-09-26 09:50:16,653 WARN  ratis.RaftTestUtil (JavaUtils.java:attempt(158)) - FAILED "waitForLeader-null-(expectLeader? true)", attempt #86/100: java.lang.IllegalStateException: No leader yet : printing ALL groups
  s0:  RUNNING CANDIDATE s0@group-5BD3E7F27A57:t301, leader=null, voted=s0, raftlog=s0@group-5BD3E7F27A57-SegmentedRaftLog:OPENED:c3,f4,i4, conf=3: [s0:0.0.0.0:41468, s1:0.0.0.0:41619, s2:0.0.0.0:44382], old=null RUNNING
  s1:  RUNNING CANDIDATE s1@group-5BD3E7F27A57:t301, leader=null, voted=s1, raftlog=s1@group-5BD3E7F27A57-SegmentedRaftLog:OPENED:c2,f3,i3, conf=2: [s0:0.0.0.0:41468, s1:0.0.0.0:41619, s2:0.0.0.0:44382], old=null RUNNING
  s2:  RUNNING CANDIDATE s2@group-5BD3E7F27A57:t300, leader=null, voted=s2, raftlog=s2@group-5BD3E7F27A57-SegmentedRaftLog:OPENED:c1,f3,i3, conf=3: [s0:0.0.0.0:41468, s1:0.0.0.0:41619, s2:0.0.0.0:44382], old=null RUNNING, sleep 450ms and then retry.
java.lang.IllegalStateException: No leader yet : printing ALL groups
  s0:  RUNNING CANDIDATE s0@group-5BD3E7F27A57:t301, leader=null, voted=s0, raftlog=s0@group-5BD3E7F27A57-SegmentedRaftLog:OPENED:c3,f4,i4, conf=3: [s0:0.0.0.0:41468, s1:0.0.0.0:41619, s2:0.0.0.0:44382], old=null RUNNING
  s1:  RUNNING CANDIDATE s1@group-5BD3E7F27A57:t301, leader=null, voted=s1, raftlog=s1@group-5BD3E7F27A57-SegmentedRaftLog:OPENED:c2,f3,i3, conf=2: [s0:0.0.0.0:41468, s1:0.0.0.0:41619, s2:0.0.0.0:44382], old=null RUNNING
  s2:  RUNNING CANDIDATE s2@group-5BD3E7F27A57:t300, leader=null, voted=s2, raftlog=s2@group-5BD3E7F27A57-SegmentedRaftLog:OPENED:c1,f3,i3, conf=3: [s0:0.0.0.0:41468, s1:0.0.0.0:41619, s2:0.0.0.0:44382], old=null RUNNING
	at org.apache.ratis.MiniRaftCluster.newIllegalStateExceptionForNoLeaders(MiniRaftCluster.java:506)
	at org.apache.ratis.RaftTestUtil.lambda$waitForLeader$1(RaftTestUtil.java:90)
	at org.apache.ratis.MiniRaftCluster.getLeader(MiniRaftCluster.java:539)
	at org.apache.ratis.MiniRaftCluster.getLeader(MiniRaftCluster.java:532)
	at org.apache.ratis.RaftTestUtil.lambda$waitForLeader$3(RaftTestUtil.java:98)
	at org.apache.ratis.util.JavaUtils.attempt(JavaUtils.java:152)
	at org.apache.ratis.RaftTestUtil.waitForLeader(RaftTestUtil.java:97)
	at org.apache.ratis.RaftTestUtil.waitForLeader(RaftTestUtil.java:77)
	at org.apache.ratis.RaftTestUtil.waitForLeader(RaftTestUtil.java:72)
	at org.apache.ratis.RaftTestUtil.lambda$changeLeader$7(RaftTestUtil.java:363)
	at org.apache.ratis.util.JavaUtils.attempt(JavaUtils.java:152)
	at org.apache.ratis.RaftTestUtil.changeLeader(RaftTestUtil.java:362)
	at org.apache.ratis.server.impl.LeaderElectionTests.testChangeLeader(LeaderElectionTests.java:81)
	at sun.reflect.NativeMethodAccessorImpl.invoke0(Native Method)
	at sun.reflect.NativeMethodAccessorImpl.invoke(NativeMethodAccessorImpl.java:62)
	at sun.reflect.DelegatingMethodAccessorImpl.invoke(DelegatingMethodAccessorImpl.java:43)
	at java.lang.reflect.Method.invoke(Method.java:498)
	at org.junit.runners.model.FrameworkMethod$1.runReflectiveCall(FrameworkMethod.java:50)
	at org.junit.internal.runners.model.ReflectiveCallable.run(ReflectiveCallable.java:12)
	at org.junit.runners.model.FrameworkMethod.invokeExplosively(FrameworkMethod.java:47)
	at org.junit.internal.runners.statements.InvokeMethod.evaluate(InvokeMethod.java:17)
	at org.junit.internal.runners.statements.RunAfters.evaluate(RunAfters.java:27)
	at org.junit.internal.runners.statements.FailOnTimeout$CallableStatement.call(FailOnTimeout.java:298)
	at org.junit.internal.runners.statements.FailOnTimeout$CallableStatement.call(FailOnTimeout.java:292)
	at java.util.concurrent.FutureTask.run(FutureTask.java:266)
	at java.lang.Thread.run(Thread.java:748)
2019-09-26 09:50:16,709 INFO  impl.LeaderElection (LeaderElection.java:logAndReturn(56)) - s1@group-5BD3E7F27A57-LeaderElection111: Election TIMEOUT; received 1 response(s) [s1<-s0#0:FAIL-t301] and 0 exception(s); s1@group-5BD3E7F27A57:t301, leader=null, voted=s1, raftlog=s1@group-5BD3E7F27A57-SegmentedRaftLog:OPENED:c2,f3,i3, conf=2: [s0:0.0.0.0:41468, s1:0.0.0.0:41619, s2:0.0.0.0:44382], old=null
2019-09-26 09:50:16,730 INFO  impl.LeaderElection (LeaderElection.java:logAndReturn(56)) - s2@group-5BD3E7F27A57-LeaderElection112: Election TIMEOUT; received 1 response(s) [s2<-s0#0:FAIL-t300] and 0 exception(s); s2@group-5BD3E7F27A57:t300, leader=null, voted=s2, raftlog=s2@group-5BD3E7F27A57-SegmentedRaftLog:OPENED:c1,f3,i3, conf=3: [s0:0.0.0.0:41468, s1:0.0.0.0:41619, s2:0.0.0.0:44382], old=null
2019-09-26 09:50:16,733 INFO  impl.LeaderElection (LeaderElection.java:askForVotes(178)) - s2@group-5BD3E7F27A57-LeaderElection112: begin an election at term 301 for 3: [s0:0.0.0.0:41468, s1:0.0.0.0:41619, s2:0.0.0.0:44382], old=null
2019-09-26 09:50:16,733 INFO  impl.LeaderElection (LeaderElection.java:askForVotes(178)) - s1@group-5BD3E7F27A57-LeaderElection111: begin an election at term 302 for 2: [s0:0.0.0.0:41468, s1:0.0.0.0:41619, s2:0.0.0.0:44382], old=null
2019-09-26 09:50:16,733 DEBUG impl.RaftServerImpl (RaftServerImpl.java:requestVote(743)) - s0@group-5BD3E7F27A57: receive requestVote(s2, group-5BD3E7F27A57, 301, (t:4, i:3))
2019-09-26 09:50:16,734 DEBUG impl.RaftServerImpl (RaftServerImpl.java:requestVote(743)) - s0@group-5BD3E7F27A57: receive requestVote(s1, group-5BD3E7F27A57, 302, (t:3, i:3))
2019-09-26 09:50:16,734 DEBUG impl.RaftServerImpl (RaftServerImpl.java:requestVote(775)) - s0@group-5BD3E7F27A57 replies to vote request: s2<-s0#0:FAIL-t301. Peer's state: s0@group-5BD3E7F27A57:t301, leader=null, voted=s0, raftlog=s0@group-5BD3E7F27A57-SegmentedRaftLog:OPENED:c3,f4,i4, conf=3: [s0:0.0.0.0:41468, s1:0.0.0.0:41619, s2:0.0.0.0:44382], old=null
2019-09-26 09:50:16,734 INFO  impl.RaftServerImpl (RaftServerImpl.java:setRole(170)) - s0@group-5BD3E7F27A57: changes role from CANDIDATE to FOLLOWER at term 302 for recognizeCandidate:s1
2019-09-26 09:50:16,734 INFO  impl.RoleInfo (RoleInfo.java:shutdownLeaderElection(134)) - s0: shutdown LeaderElection
2019-09-26 09:50:16,734 INFO  impl.RoleInfo (RoleInfo.java:updateAndGet(143)) - s0: start FollowerState
2019-09-26 09:50:16,748 DEBUG impl.RaftServerImpl (RaftServerImpl.java:requestVote(775)) - s0@group-5BD3E7F27A57 replies to vote request: s1<-s0#0:FAIL-t302. Peer's state: s0@group-5BD3E7F27A57:t302, leader=null, voted=null, raftlog=s0@group-5BD3E7F27A57-SegmentedRaftLog:OPENED:c3,f4,i4, conf=3: [s0:0.0.0.0:41468, s1:0.0.0.0:41619, s2:0.0.0.0:44382], old=null
2019-09-26 09:50:16,750 INFO  impl.LeaderElection (LeaderElection.java:logAndReturn(56)) - s0@group-5BD3E7F27A57-LeaderElection114: Election REJECTED; received 0 response(s) [] and 0 exception(s); s0@group-5BD3E7F27A57:t302, leader=null, voted=null, raftlog=s0@group-5BD3E7F27A57-SegmentedRaftLog:OPENED:c3,f4,i4, conf=3: [s0:0.0.0.0:41468, s1:0.0.0.0:41619, s2:0.0.0.0:44382], old=null
2019-09-26 09:50:16,924 INFO  impl.LeaderElection (LeaderElection.java:logAndReturn(56)) - s1@group-5BD3E7F27A57-LeaderElection111: Election TIMEOUT; received 1 response(s) [s1<-s0#0:FAIL-t302] and 0 exception(s); s1@group-5BD3E7F27A57:t302, leader=null, voted=s1, raftlog=s1@group-5BD3E7F27A57-SegmentedRaftLog:OPENED:c2,f3,i3, conf=2: [s0:0.0.0.0:41468, s1:0.0.0.0:41619, s2:0.0.0.0:44382], old=null
2019-09-26 09:50:16,936 INFO  impl.LeaderElection (LeaderElection.java:askForVotes(178)) - s1@group-5BD3E7F27A57-LeaderElection111: begin an election at term 303 for 2: [s0:0.0.0.0:41468, s1:0.0.0.0:41619, s2:0.0.0.0:44382], old=null
2019-09-26 09:50:16,936 DEBUG impl.RaftServerImpl (RaftServerImpl.java:requestVote(743)) - s0@group-5BD3E7F27A57: receive requestVote(s1, group-5BD3E7F27A57, 303, (t:3, i:3))
2019-09-26 09:50:16,936 INFO  impl.RaftServerImpl (RaftServerImpl.java:setRole(170)) - s0@group-5BD3E7F27A57: changes role from  FOLLOWER to FOLLOWER at term 303 for recognizeCandidate:s1
2019-09-26 09:50:16,936 INFO  impl.RoleInfo (RoleInfo.java:shutdownFollowerState(121)) - s0: shutdown FollowerState
2019-09-26 09:50:16,937 INFO  impl.RoleInfo (RoleInfo.java:updateAndGet(143)) - s0: start FollowerState
2019-09-26 09:50:16,937 INFO  impl.FollowerState (FollowerState.java:run(117)) - s0@group-5BD3E7F27A57-FollowerState was interrupted: java.lang.InterruptedException: sleep interrupted
2019-09-26 09:50:16,941 DEBUG impl.RaftServerImpl (RaftServerImpl.java:requestVote(775)) - s0@group-5BD3E7F27A57 replies to vote request: s1<-s0#0:FAIL-t303. Peer's state: s0@group-5BD3E7F27A57:t303, leader=null, voted=null, raftlog=s0@group-5BD3E7F27A57-SegmentedRaftLog:OPENED:c3,f4,i4, conf=3: [s0:0.0.0.0:41468, s1:0.0.0.0:41619, s2:0.0.0.0:44382], old=null
2019-09-26 09:50:16,980 INFO  impl.LeaderElection (LeaderElection.java:logAndReturn(56)) - s2@group-5BD3E7F27A57-LeaderElection112: Election TIMEOUT; received 1 response(s) [s2<-s0#0:FAIL-t301] and 0 exception(s); s2@group-5BD3E7F27A57:t301, leader=null, voted=s2, raftlog=s2@group-5BD3E7F27A57-SegmentedRaftLog:OPENED:c1,f3,i3, conf=3: [s0:0.0.0.0:41468, s1:0.0.0.0:41619, s2:0.0.0.0:44382], old=null
2019-09-26 09:50:16,992 INFO  impl.LeaderElection (LeaderElection.java:askForVotes(178)) - s2@group-5BD3E7F27A57-LeaderElection112: begin an election at term 302 for 3: [s0:0.0.0.0:41468, s1:0.0.0.0:41619, s2:0.0.0.0:44382], old=null
2019-09-26 09:50:16,993 DEBUG impl.RaftServerImpl (RaftServerImpl.java:requestVote(743)) - s0@group-5BD3E7F27A57: receive requestVote(s2, group-5BD3E7F27A57, 302, (t:4, i:3))
2019-09-26 09:50:16,993 DEBUG impl.RaftServerImpl (RaftServerImpl.java:requestVote(775)) - s0@group-5BD3E7F27A57 replies to vote request: s2<-s0#0:FAIL-t303. Peer's state: s0@group-5BD3E7F27A57:t303, leader=null, voted=null, raftlog=s0@group-5BD3E7F27A57-SegmentedRaftLog:OPENED:c3,f4,i4, conf=3: [s0:0.0.0.0:41468, s1:0.0.0.0:41619, s2:0.0.0.0:44382], old=null
2019-09-26 09:50:16,993 INFO  impl.LeaderElection (LeaderElection.java:logAndReturn(56)) - s2@group-5BD3E7F27A57-LeaderElection112: Election DISCOVERED_A_NEW_TERM; received 1 response(s) [s2<-s0#0:FAIL-t303] and 0 exception(s); s2@group-5BD3E7F27A57:t302, leader=null, voted=s2, raftlog=s2@group-5BD3E7F27A57-SegmentedRaftLog:OPENED:c1,f3,i3, conf=3: [s0:0.0.0.0:41468, s1:0.0.0.0:41619, s2:0.0.0.0:44382], old=null
2019-09-26 09:50:16,993 INFO  impl.RaftServerImpl (RaftServerImpl.java:setRole(170)) - s2@group-5BD3E7F27A57: changes role from CANDIDATE to FOLLOWER at term 303 for DISCOVERED_A_NEW_TERM
2019-09-26 09:50:16,993 INFO  impl.RoleInfo (RoleInfo.java:shutdownLeaderElection(134)) - s2: shutdown LeaderElection
2019-09-26 09:50:16,993 INFO  impl.RoleInfo (RoleInfo.java:updateAndGet(143)) - s2: start FollowerState
2019-09-26 09:50:17,104 WARN  ratis.RaftTestUtil (JavaUtils.java:attempt(158)) - FAILED "waitForLeader-null-(expectLeader? true)", attempt #87/100: java.lang.IllegalStateException: No leader yet : printing ALL groups
  s0:  RUNNING  FOLLOWER s0@group-5BD3E7F27A57:t303, leader=null, voted=null, raftlog=s0@group-5BD3E7F27A57-SegmentedRaftLog:OPENED:c3,f4,i4, conf=3: [s0:0.0.0.0:41468, s1:0.0.0.0:41619, s2:0.0.0.0:44382], old=null RUNNING
  s1:  RUNNING CANDIDATE s1@group-5BD3E7F27A57:t303, leader=null, voted=s1, raftlog=s1@group-5BD3E7F27A57-SegmentedRaftLog:OPENED:c2,f3,i3, conf=2: [s0:0.0.0.0:41468, s1:0.0.0.0:41619, s2:0.0.0.0:44382], old=null RUNNING
  s2:  RUNNING  FOLLOWER s2@group-5BD3E7F27A57:t303, leader=null, voted=null, raftlog=s2@group-5BD3E7F27A57-SegmentedRaftLog:OPENED:c1,f3,i3, conf=3: [s0:0.0.0.0:41468, s1:0.0.0.0:41619, s2:0.0.0.0:44382], old=null RUNNING, sleep 450ms and then retry.
java.lang.IllegalStateException: No leader yet : printing ALL groups
  s0:  RUNNING  FOLLOWER s0@group-5BD3E7F27A57:t303, leader=null, voted=null, raftlog=s0@group-5BD3E7F27A57-SegmentedRaftLog:OPENED:c3,f4,i4, conf=3: [s0:0.0.0.0:41468, s1:0.0.0.0:41619, s2:0.0.0.0:44382], old=null RUNNING
  s1:  RUNNING CANDIDATE s1@group-5BD3E7F27A57:t303, leader=null, voted=s1, raftlog=s1@group-5BD3E7F27A57-SegmentedRaftLog:OPENED:c2,f3,i3, conf=2: [s0:0.0.0.0:41468, s1:0.0.0.0:41619, s2:0.0.0.0:44382], old=null RUNNING
  s2:  RUNNING  FOLLOWER s2@group-5BD3E7F27A57:t303, leader=null, voted=null, raftlog=s2@group-5BD3E7F27A57-SegmentedRaftLog:OPENED:c1,f3,i3, conf=3: [s0:0.0.0.0:41468, s1:0.0.0.0:41619, s2:0.0.0.0:44382], old=null RUNNING
	at org.apache.ratis.MiniRaftCluster.newIllegalStateExceptionForNoLeaders(MiniRaftCluster.java:506)
	at org.apache.ratis.RaftTestUtil.lambda$waitForLeader$1(RaftTestUtil.java:90)
	at org.apache.ratis.MiniRaftCluster.getLeader(MiniRaftCluster.java:539)
	at org.apache.ratis.MiniRaftCluster.getLeader(MiniRaftCluster.java:532)
	at org.apache.ratis.RaftTestUtil.lambda$waitForLeader$3(RaftTestUtil.java:98)
	at org.apache.ratis.util.JavaUtils.attempt(JavaUtils.java:152)
	at org.apache.ratis.RaftTestUtil.waitForLeader(RaftTestUtil.java:97)
	at org.apache.ratis.RaftTestUtil.waitForLeader(RaftTestUtil.java:77)
	at org.apache.ratis.RaftTestUtil.waitForLeader(RaftTestUtil.java:72)
	at org.apache.ratis.RaftTestUtil.lambda$changeLeader$7(RaftTestUtil.java:363)
	at org.apache.ratis.util.JavaUtils.attempt(JavaUtils.java:152)
	at org.apache.ratis.RaftTestUtil.changeLeader(RaftTestUtil.java:362)
	at org.apache.ratis.server.impl.LeaderElectionTests.testChangeLeader(LeaderElectionTests.java:81)
	at sun.reflect.NativeMethodAccessorImpl.invoke0(Native Method)
	at sun.reflect.NativeMethodAccessorImpl.invoke(NativeMethodAccessorImpl.java:62)
	at sun.reflect.DelegatingMethodAccessorImpl.invoke(DelegatingMethodAccessorImpl.java:43)
	at java.lang.reflect.Method.invoke(Method.java:498)
	at org.junit.runners.model.FrameworkMethod$1.runReflectiveCall(FrameworkMethod.java:50)
	at org.junit.internal.runners.model.ReflectiveCallable.run(ReflectiveCallable.java:12)
	at org.junit.runners.model.FrameworkMethod.invokeExplosively(FrameworkMethod.java:47)
	at org.junit.internal.runners.statements.InvokeMethod.evaluate(InvokeMethod.java:17)
	at org.junit.internal.runners.statements.RunAfters.evaluate(RunAfters.java:27)
	at org.junit.internal.runners.statements.FailOnTimeout$CallableStatement.call(FailOnTimeout.java:298)
	at org.junit.internal.runners.statements.FailOnTimeout$CallableStatement.call(FailOnTimeout.java:292)
	at java.util.concurrent.FutureTask.run(FutureTask.java:266)
	at java.lang.Thread.run(Thread.java:748)
2019-09-26 09:50:17,116 INFO  impl.FollowerState (FollowerState.java:run(108)) - s0@group-5BD3E7F27A57-FollowerState: change to CANDIDATE, lastRpcTime:179ms, electionTimeout:179ms
2019-09-26 09:50:17,116 INFO  impl.RoleInfo (RoleInfo.java:shutdownFollowerState(121)) - s0: shutdown FollowerState
2019-09-26 09:50:17,116 INFO  impl.RaftServerImpl (RaftServerImpl.java:setRole(170)) - s0@group-5BD3E7F27A57: changes role from  FOLLOWER to CANDIDATE at term 303 for changeToCandidate
2019-09-26 09:50:17,117 INFO  impl.RoleInfo (RoleInfo.java:updateAndGet(143)) - s0: start LeaderElection
2019-09-26 09:50:17,131 INFO  impl.LeaderElection (LeaderElection.java:askForVotes(178)) - s0@group-5BD3E7F27A57-LeaderElection115: begin an election at term 304 for 3: [s0:0.0.0.0:41468, s1:0.0.0.0:41619, s2:0.0.0.0:44382], old=null
2019-09-26 09:50:17,204 INFO  impl.FollowerState (FollowerState.java:run(108)) - s2@group-5BD3E7F27A57-FollowerState: change to CANDIDATE, lastRpcTime:210ms, electionTimeout:210ms
2019-09-26 09:50:17,204 INFO  impl.RoleInfo (RoleInfo.java:shutdownFollowerState(121)) - s2: shutdown FollowerState
2019-09-26 09:50:17,204 INFO  impl.RaftServerImpl (RaftServerImpl.java:setRole(170)) - s2@group-5BD3E7F27A57: changes role from  FOLLOWER to CANDIDATE at term 303 for changeToCandidate
2019-09-26 09:50:17,204 INFO  impl.RoleInfo (RoleInfo.java:updateAndGet(143)) - s2: start LeaderElection
2019-09-26 09:50:17,208 INFO  impl.LeaderElection (LeaderElection.java:askForVotes(178)) - s2@group-5BD3E7F27A57-LeaderElection116: begin an election at term 304 for 3: [s0:0.0.0.0:41468, s1:0.0.0.0:41619, s2:0.0.0.0:44382], old=null
2019-09-26 09:50:17,209 DEBUG impl.RaftServerImpl (RaftServerImpl.java:requestVote(743)) - s0@group-5BD3E7F27A57: receive requestVote(s2, group-5BD3E7F27A57, 304, (t:4, i:3))
2019-09-26 09:50:17,209 DEBUG impl.RaftServerImpl (RaftServerImpl.java:requestVote(775)) - s0@group-5BD3E7F27A57 replies to vote request: s2<-s0#0:FAIL-t304. Peer's state: s0@group-5BD3E7F27A57:t304, leader=null, voted=s0, raftlog=s0@group-5BD3E7F27A57-SegmentedRaftLog:OPENED:c3,f4,i4, conf=3: [s0:0.0.0.0:41468, s1:0.0.0.0:41619, s2:0.0.0.0:44382], old=null
2019-09-26 09:50:17,210 INFO  impl.LeaderElection (LeaderElection.java:logAndReturn(56)) - s1@group-5BD3E7F27A57-LeaderElection111: Election TIMEOUT; received 1 response(s) [s1<-s0#0:FAIL-t303] and 0 exception(s); s1@group-5BD3E7F27A57:t303, leader=null, voted=s1, raftlog=s1@group-5BD3E7F27A57-SegmentedRaftLog:OPENED:c2,f3,i3, conf=2: [s0:0.0.0.0:41468, s1:0.0.0.0:41619, s2:0.0.0.0:44382], old=null
2019-09-26 09:50:17,225 INFO  impl.LeaderElection (LeaderElection.java:askForVotes(178)) - s1@group-5BD3E7F27A57-LeaderElection111: begin an election at term 304 for 2: [s0:0.0.0.0:41468, s1:0.0.0.0:41619, s2:0.0.0.0:44382], old=null
2019-09-26 09:50:17,225 DEBUG impl.RaftServerImpl (RaftServerImpl.java:requestVote(743)) - s0@group-5BD3E7F27A57: receive requestVote(s1, group-5BD3E7F27A57, 304, (t:3, i:3))
2019-09-26 09:50:17,226 DEBUG impl.RaftServerImpl (RaftServerImpl.java:requestVote(775)) - s0@group-5BD3E7F27A57 replies to vote request: s1<-s0#0:FAIL-t304. Peer's state: s0@group-5BD3E7F27A57:t304, leader=null, voted=s0, raftlog=s0@group-5BD3E7F27A57-SegmentedRaftLog:OPENED:c3,f4,i4, conf=3: [s0:0.0.0.0:41468, s1:0.0.0.0:41619, s2:0.0.0.0:44382], old=null
2019-09-26 09:50:17,314 INFO  impl.LeaderElection (LeaderElection.java:logAndReturn(56)) - s0@group-5BD3E7F27A57-LeaderElection115: Election TIMEOUT; received 0 response(s) [] and 0 exception(s); s0@group-5BD3E7F27A57:t304, leader=null, voted=s0, raftlog=s0@group-5BD3E7F27A57-SegmentedRaftLog:OPENED:c3,f4,i4, conf=3: [s0:0.0.0.0:41468, s1:0.0.0.0:41619, s2:0.0.0.0:44382], old=null
2019-09-26 09:50:17,328 INFO  impl.LeaderElection (LeaderElection.java:askForVotes(178)) - s0@group-5BD3E7F27A57-LeaderElection115: begin an election at term 305 for 3: [s0:0.0.0.0:41468, s1:0.0.0.0:41619, s2:0.0.0.0:44382], old=null
2019-09-26 09:50:17,470 INFO  impl.LeaderElection (LeaderElection.java:logAndReturn(56)) - s1@group-5BD3E7F27A57-LeaderElection111: Election TIMEOUT; received 1 response(s) [s1<-s0#0:FAIL-t304] and 0 exception(s); s1@group-5BD3E7F27A57:t304, leader=null, voted=s1, raftlog=s1@group-5BD3E7F27A57-SegmentedRaftLog:OPENED:c2,f3,i3, conf=2: [s0:0.0.0.0:41468, s1:0.0.0.0:41619, s2:0.0.0.0:44382], old=null
2019-09-26 09:50:17,475 INFO  impl.LeaderElection (LeaderElection.java:logAndReturn(56)) - s2@group-5BD3E7F27A57-LeaderElection116: Election TIMEOUT; received 1 response(s) [s2<-s0#0:FAIL-t304] and 0 exception(s); s2@group-5BD3E7F27A57:t304, leader=null, voted=s2, raftlog=s2@group-5BD3E7F27A57-SegmentedRaftLog:OPENED:c1,f3,i3, conf=3: [s0:0.0.0.0:41468, s1:0.0.0.0:41619, s2:0.0.0.0:44382], old=null
2019-09-26 09:50:17,484 INFO  impl.LeaderElection (LeaderElection.java:askForVotes(178)) - s1@group-5BD3E7F27A57-LeaderElection111: begin an election at term 305 for 2: [s0:0.0.0.0:41468, s1:0.0.0.0:41619, s2:0.0.0.0:44382], old=null
2019-09-26 09:50:17,484 INFO  impl.LeaderElection (LeaderElection.java:askForVotes(178)) - s2@group-5BD3E7F27A57-LeaderElection116: begin an election at term 305 for 3: [s0:0.0.0.0:41468, s1:0.0.0.0:41619, s2:0.0.0.0:44382], old=null
2019-09-26 09:50:17,484 DEBUG impl.RaftServerImpl (RaftServerImpl.java:requestVote(743)) - s0@group-5BD3E7F27A57: receive requestVote(s1, group-5BD3E7F27A57, 305, (t:3, i:3))
2019-09-26 09:50:17,485 DEBUG impl.RaftServerImpl (RaftServerImpl.java:requestVote(775)) - s0@group-5BD3E7F27A57 replies to vote request: s1<-s0#0:FAIL-t305. Peer's state: s0@group-5BD3E7F27A57:t305, leader=null, voted=s0, raftlog=s0@group-5BD3E7F27A57-SegmentedRaftLog:OPENED:c3,f4,i4, conf=3: [s0:0.0.0.0:41468, s1:0.0.0.0:41619, s2:0.0.0.0:44382], old=null
2019-09-26 09:50:17,485 DEBUG impl.RaftServerImpl (RaftServerImpl.java:requestVote(743)) - s0@group-5BD3E7F27A57: receive requestVote(s2, group-5BD3E7F27A57, 305, (t:4, i:3))
2019-09-26 09:50:17,485 DEBUG impl.RaftServerImpl (RaftServerImpl.java:requestVote(775)) - s0@group-5BD3E7F27A57 replies to vote request: s2<-s0#0:FAIL-t305. Peer's state: s0@group-5BD3E7F27A57:t305, leader=null, voted=s0, raftlog=s0@group-5BD3E7F27A57-SegmentedRaftLog:OPENED:c3,f4,i4, conf=3: [s0:0.0.0.0:41468, s1:0.0.0.0:41619, s2:0.0.0.0:44382], old=null
2019-09-26 09:50:17,551 INFO  impl.LeaderElection (LeaderElection.java:logAndReturn(56)) - s0@group-5BD3E7F27A57-LeaderElection115: Election TIMEOUT; received 0 response(s) [] and 0 exception(s); s0@group-5BD3E7F27A57:t305, leader=null, voted=s0, raftlog=s0@group-5BD3E7F27A57-SegmentedRaftLog:OPENED:c3,f4,i4, conf=3: [s0:0.0.0.0:41468, s1:0.0.0.0:41619, s2:0.0.0.0:44382], old=null
2019-09-26 09:50:17,555 WARN  ratis.RaftTestUtil (JavaUtils.java:attempt(158)) - FAILED "waitForLeader-null-(expectLeader? true)", attempt #88/100: java.lang.IllegalStateException: No leader yet : printing ALL groups
  s0:  RUNNING CANDIDATE s0@group-5BD3E7F27A57:t306, leader=null, voted=s0, raftlog=s0@group-5BD3E7F27A57-SegmentedRaftLog:OPENED:c3,f4,i4, conf=3: [s0:0.0.0.0:41468, s1:0.0.0.0:41619, s2:0.0.0.0:44382], old=null RUNNING
  s1:  RUNNING CANDIDATE s1@group-5BD3E7F27A57:t305, leader=null, voted=s1, raftlog=s1@group-5BD3E7F27A57-SegmentedRaftLog:OPENED:c2,f3,i3, conf=2: [s0:0.0.0.0:41468, s1:0.0.0.0:41619, s2:0.0.0.0:44382], old=null RUNNING
  s2:  RUNNING CANDIDATE s2@group-5BD3E7F27A57:t305, leader=null, voted=s2, raftlog=s2@group-5BD3E7F27A57-SegmentedRaftLog:OPENED:c1,f3,i3, conf=3: [s0:0.0.0.0:41468, s1:0.0.0.0:41619, s2:0.0.0.0:44382], old=null RUNNING, sleep 450ms and then retry.
java.lang.IllegalStateException: No leader yet : printing ALL groups
  s0:  RUNNING CANDIDATE s0@group-5BD3E7F27A57:t306, leader=null, voted=s0, raftlog=s0@group-5BD3E7F27A57-SegmentedRaftLog:OPENED:c3,f4,i4, conf=3: [s0:0.0.0.0:41468, s1:0.0.0.0:41619, s2:0.0.0.0:44382], old=null RUNNING
  s1:  RUNNING CANDIDATE s1@group-5BD3E7F27A57:t305, leader=null, voted=s1, raftlog=s1@group-5BD3E7F27A57-SegmentedRaftLog:OPENED:c2,f3,i3, conf=2: [s0:0.0.0.0:41468, s1:0.0.0.0:41619, s2:0.0.0.0:44382], old=null RUNNING
  s2:  RUNNING CANDIDATE s2@group-5BD3E7F27A57:t305, leader=null, voted=s2, raftlog=s2@group-5BD3E7F27A57-SegmentedRaftLog:OPENED:c1,f3,i3, conf=3: [s0:0.0.0.0:41468, s1:0.0.0.0:41619, s2:0.0.0.0:44382], old=null RUNNING
	at org.apache.ratis.MiniRaftCluster.newIllegalStateExceptionForNoLeaders(MiniRaftCluster.java:506)
	at org.apache.ratis.RaftTestUtil.lambda$waitForLeader$1(RaftTestUtil.java:90)
	at org.apache.ratis.MiniRaftCluster.getLeader(MiniRaftCluster.java:539)
	at org.apache.ratis.MiniRaftCluster.getLeader(MiniRaftCluster.java:532)
	at org.apache.ratis.RaftTestUtil.lambda$waitForLeader$3(RaftTestUtil.java:98)
	at org.apache.ratis.util.JavaUtils.attempt(JavaUtils.java:152)
	at org.apache.ratis.RaftTestUtil.waitForLeader(RaftTestUtil.java:97)
	at org.apache.ratis.RaftTestUtil.waitForLeader(RaftTestUtil.java:77)
	at org.apache.ratis.RaftTestUtil.waitForLeader(RaftTestUtil.java:72)
	at org.apache.ratis.RaftTestUtil.lambda$changeLeader$7(RaftTestUtil.java:363)
	at org.apache.ratis.util.JavaUtils.attempt(JavaUtils.java:152)
	at org.apache.ratis.RaftTestUtil.changeLeader(RaftTestUtil.java:362)
	at org.apache.ratis.server.impl.LeaderElectionTests.testChangeLeader(LeaderElectionTests.java:81)
	at sun.reflect.NativeMethodAccessorImpl.invoke0(Native Method)
	at sun.reflect.NativeMethodAccessorImpl.invoke(NativeMethodAccessorImpl.java:62)
	at sun.reflect.DelegatingMethodAccessorImpl.invoke(DelegatingMethodAccessorImpl.java:43)
	at java.lang.reflect.Method.invoke(Method.java:498)
	at org.junit.runners.model.FrameworkMethod$1.runReflectiveCall(FrameworkMethod.java:50)
	at org.junit.internal.runners.model.ReflectiveCallable.run(ReflectiveCallable.java:12)
	at org.junit.runners.model.FrameworkMethod.invokeExplosively(FrameworkMethod.java:47)
	at org.junit.internal.runners.statements.InvokeMethod.evaluate(InvokeMethod.java:17)
	at org.junit.internal.runners.statements.RunAfters.evaluate(RunAfters.java:27)
	at org.junit.internal.runners.statements.FailOnTimeout$CallableStatement.call(FailOnTimeout.java:298)
	at org.junit.internal.runners.statements.FailOnTimeout$CallableStatement.call(FailOnTimeout.java:292)
	at java.util.concurrent.FutureTask.run(FutureTask.java:266)
	at java.lang.Thread.run(Thread.java:748)
2019-09-26 09:50:17,564 INFO  impl.LeaderElection (LeaderElection.java:askForVotes(178)) - s0@group-5BD3E7F27A57-LeaderElection115: begin an election at term 306 for 3: [s0:0.0.0.0:41468, s1:0.0.0.0:41619, s2:0.0.0.0:44382], old=null
2019-09-26 09:50:17,665 INFO  impl.LeaderElection (LeaderElection.java:logAndReturn(56)) - s1@group-5BD3E7F27A57-LeaderElection111: Election TIMEOUT; received 1 response(s) [s1<-s0#0:FAIL-t305] and 0 exception(s); s1@group-5BD3E7F27A57:t305, leader=null, voted=s1, raftlog=s1@group-5BD3E7F27A57-SegmentedRaftLog:OPENED:c2,f3,i3, conf=2: [s0:0.0.0.0:41468, s1:0.0.0.0:41619, s2:0.0.0.0:44382], old=null
2019-09-26 09:50:17,682 INFO  impl.LeaderElection (LeaderElection.java:askForVotes(178)) - s1@group-5BD3E7F27A57-LeaderElection111: begin an election at term 306 for 2: [s0:0.0.0.0:41468, s1:0.0.0.0:41619, s2:0.0.0.0:44382], old=null
2019-09-26 09:50:17,683 DEBUG impl.RaftServerImpl (RaftServerImpl.java:requestVote(743)) - s0@group-5BD3E7F27A57: receive requestVote(s1, group-5BD3E7F27A57, 306, (t:3, i:3))
2019-09-26 09:50:17,683 DEBUG impl.RaftServerImpl (RaftServerImpl.java:requestVote(775)) - s0@group-5BD3E7F27A57 replies to vote request: s1<-s0#0:FAIL-t306. Peer's state: s0@group-5BD3E7F27A57:t306, leader=null, voted=s0, raftlog=s0@group-5BD3E7F27A57-SegmentedRaftLog:OPENED:c3,f4,i4, conf=3: [s0:0.0.0.0:41468, s1:0.0.0.0:41619, s2:0.0.0.0:44382], old=null
2019-09-26 09:50:17,736 INFO  impl.LeaderElection (LeaderElection.java:logAndReturn(56)) - s2@group-5BD3E7F27A57-LeaderElection116: Election TIMEOUT; received 1 response(s) [s2<-s0#0:FAIL-t305] and 0 exception(s); s2@group-5BD3E7F27A57:t305, leader=null, voted=s2, raftlog=s2@group-5BD3E7F27A57-SegmentedRaftLog:OPENED:c1,f3,i3, conf=3: [s0:0.0.0.0:41468, s1:0.0.0.0:41619, s2:0.0.0.0:44382], old=null
2019-09-26 09:50:17,749 INFO  impl.LeaderElection (LeaderElection.java:askForVotes(178)) - s2@group-5BD3E7F27A57-LeaderElection116: begin an election at term 306 for 3: [s0:0.0.0.0:41468, s1:0.0.0.0:41619, s2:0.0.0.0:44382], old=null
2019-09-26 09:50:17,750 DEBUG impl.RaftServerImpl (RaftServerImpl.java:requestVote(743)) - s0@group-5BD3E7F27A57: receive requestVote(s2, group-5BD3E7F27A57, 306, (t:4, i:3))
2019-09-26 09:50:17,750 DEBUG impl.RaftServerImpl (RaftServerImpl.java:requestVote(775)) - s0@group-5BD3E7F27A57 replies to vote request: s2<-s0#0:FAIL-t306. Peer's state: s0@group-5BD3E7F27A57:t306, leader=null, voted=s0, raftlog=s0@group-5BD3E7F27A57-SegmentedRaftLog:OPENED:c3,f4,i4, conf=3: [s0:0.0.0.0:41468, s1:0.0.0.0:41619, s2:0.0.0.0:44382], old=null
2019-09-26 09:50:17,803 INFO  impl.LeaderElection (LeaderElection.java:logAndReturn(56)) - s0@group-5BD3E7F27A57-LeaderElection115: Election TIMEOUT; received 0 response(s) [] and 0 exception(s); s0@group-5BD3E7F27A57:t306, leader=null, voted=s0, raftlog=s0@group-5BD3E7F27A57-SegmentedRaftLog:OPENED:c3,f4,i4, conf=3: [s0:0.0.0.0:41468, s1:0.0.0.0:41619, s2:0.0.0.0:44382], old=null
2019-09-26 09:50:17,816 INFO  impl.LeaderElection (LeaderElection.java:askForVotes(178)) - s0@group-5BD3E7F27A57-LeaderElection115: begin an election at term 307 for 3: [s0:0.0.0.0:41468, s1:0.0.0.0:41619, s2:0.0.0.0:44382], old=null
2019-09-26 09:50:17,922 INFO  impl.LeaderElection (LeaderElection.java:logAndReturn(56)) - s2@group-5BD3E7F27A57-LeaderElection116: Election TIMEOUT; received 1 response(s) [s2<-s0#0:FAIL-t306] and 0 exception(s); s2@group-5BD3E7F27A57:t306, leader=null, voted=s2, raftlog=s2@group-5BD3E7F27A57-SegmentedRaftLog:OPENED:c1,f3,i3, conf=3: [s0:0.0.0.0:41468, s1:0.0.0.0:41619, s2:0.0.0.0:44382], old=null
2019-09-26 09:50:17,935 INFO  impl.LeaderElection (LeaderElection.java:askForVotes(178)) - s2@group-5BD3E7F27A57-LeaderElection116: begin an election at term 307 for 3: [s0:0.0.0.0:41468, s1:0.0.0.0:41619, s2:0.0.0.0:44382], old=null
2019-09-26 09:50:17,936 DEBUG impl.RaftServerImpl (RaftServerImpl.java:requestVote(743)) - s0@group-5BD3E7F27A57: receive requestVote(s2, group-5BD3E7F27A57, 307, (t:4, i:3))
2019-09-26 09:50:17,936 DEBUG impl.RaftServerImpl (RaftServerImpl.java:requestVote(775)) - s0@group-5BD3E7F27A57 replies to vote request: s2<-s0#0:FAIL-t307. Peer's state: s0@group-5BD3E7F27A57:t307, leader=null, voted=s0, raftlog=s0@group-5BD3E7F27A57-SegmentedRaftLog:OPENED:c3,f4,i4, conf=3: [s0:0.0.0.0:41468, s1:0.0.0.0:41619, s2:0.0.0.0:44382], old=null
2019-09-26 09:50:17,973 INFO  impl.LeaderElection (LeaderElection.java:logAndReturn(56)) - s1@group-5BD3E7F27A57-LeaderElection111: Election TIMEOUT; received 1 response(s) [s1<-s0#0:FAIL-t306] and 0 exception(s); s1@group-5BD3E7F27A57:t306, leader=null, voted=s1, raftlog=s1@group-5BD3E7F27A57-SegmentedRaftLog:OPENED:c2,f3,i3, conf=2: [s0:0.0.0.0:41468, s1:0.0.0.0:41619, s2:0.0.0.0:44382], old=null
2019-09-26 09:50:17,986 INFO  impl.LeaderElection (LeaderElection.java:askForVotes(178)) - s1@group-5BD3E7F27A57-LeaderElection111: begin an election at term 307 for 2: [s0:0.0.0.0:41468, s1:0.0.0.0:41619, s2:0.0.0.0:44382], old=null
2019-09-26 09:50:17,987 DEBUG impl.RaftServerImpl (RaftServerImpl.java:requestVote(743)) - s0@group-5BD3E7F27A57: receive requestVote(s1, group-5BD3E7F27A57, 307, (t:3, i:3))
2019-09-26 09:50:17,987 DEBUG impl.RaftServerImpl (RaftServerImpl.java:requestVote(775)) - s0@group-5BD3E7F27A57 replies to vote request: s1<-s0#0:FAIL-t307. Peer's state: s0@group-5BD3E7F27A57:t307, leader=null, voted=s0, raftlog=s0@group-5BD3E7F27A57-SegmentedRaftLog:OPENED:c3,f4,i4, conf=3: [s0:0.0.0.0:41468, s1:0.0.0.0:41619, s2:0.0.0.0:44382], old=null
2019-09-26 09:50:18,006 WARN  ratis.RaftTestUtil (JavaUtils.java:attempt(158)) - FAILED "waitForLeader-null-(expectLeader? true)", attempt #89/100: java.lang.IllegalStateException: No leader yet : printing ALL groups
  s0:  RUNNING CANDIDATE s0@group-5BD3E7F27A57:t307, leader=null, voted=s0, raftlog=s0@group-5BD3E7F27A57-SegmentedRaftLog:OPENED:c3,f4,i4, conf=3: [s0:0.0.0.0:41468, s1:0.0.0.0:41619, s2:0.0.0.0:44382], old=null RUNNING
  s1:  RUNNING CANDIDATE s1@group-5BD3E7F27A57:t307, leader=null, voted=s1, raftlog=s1@group-5BD3E7F27A57-SegmentedRaftLog:OPENED:c2,f3,i3, conf=2: [s0:0.0.0.0:41468, s1:0.0.0.0:41619, s2:0.0.0.0:44382], old=null RUNNING
  s2:  RUNNING CANDIDATE s2@group-5BD3E7F27A57:t307, leader=null, voted=s2, raftlog=s2@group-5BD3E7F27A57-SegmentedRaftLog:OPENED:c1,f3,i3, conf=3: [s0:0.0.0.0:41468, s1:0.0.0.0:41619, s2:0.0.0.0:44382], old=null RUNNING, sleep 450ms and then retry.
java.lang.IllegalStateException: No leader yet : printing ALL groups
  s0:  RUNNING CANDIDATE s0@group-5BD3E7F27A57:t307, leader=null, voted=s0, raftlog=s0@group-5BD3E7F27A57-SegmentedRaftLog:OPENED:c3,f4,i4, conf=3: [s0:0.0.0.0:41468, s1:0.0.0.0:41619, s2:0.0.0.0:44382], old=null RUNNING
  s1:  RUNNING CANDIDATE s1@group-5BD3E7F27A57:t307, leader=null, voted=s1, raftlog=s1@group-5BD3E7F27A57-SegmentedRaftLog:OPENED:c2,f3,i3, conf=2: [s0:0.0.0.0:41468, s1:0.0.0.0:41619, s2:0.0.0.0:44382], old=null RUNNING
  s2:  RUNNING CANDIDATE s2@group-5BD3E7F27A57:t307, leader=null, voted=s2, raftlog=s2@group-5BD3E7F27A57-SegmentedRaftLog:OPENED:c1,f3,i3, conf=3: [s0:0.0.0.0:41468, s1:0.0.0.0:41619, s2:0.0.0.0:44382], old=null RUNNING
	at org.apache.ratis.MiniRaftCluster.newIllegalStateExceptionForNoLeaders(MiniRaftCluster.java:506)
	at org.apache.ratis.RaftTestUtil.lambda$waitForLeader$1(RaftTestUtil.java:90)
	at org.apache.ratis.MiniRaftCluster.getLeader(MiniRaftCluster.java:539)
	at org.apache.ratis.MiniRaftCluster.getLeader(MiniRaftCluster.java:532)
	at org.apache.ratis.RaftTestUtil.lambda$waitForLeader$3(RaftTestUtil.java:98)
	at org.apache.ratis.util.JavaUtils.attempt(JavaUtils.java:152)
	at org.apache.ratis.RaftTestUtil.waitForLeader(RaftTestUtil.java:97)
	at org.apache.ratis.RaftTestUtil.waitForLeader(RaftTestUtil.java:77)
	at org.apache.ratis.RaftTestUtil.waitForLeader(RaftTestUtil.java:72)
	at org.apache.ratis.RaftTestUtil.lambda$changeLeader$7(RaftTestUtil.java:363)
	at org.apache.ratis.util.JavaUtils.attempt(JavaUtils.java:152)
	at org.apache.ratis.RaftTestUtil.changeLeader(RaftTestUtil.java:362)
	at org.apache.ratis.server.impl.LeaderElectionTests.testChangeLeader(LeaderElectionTests.java:81)
	at sun.reflect.NativeMethodAccessorImpl.invoke0(Native Method)
	at sun.reflect.NativeMethodAccessorImpl.invoke(NativeMethodAccessorImpl.java:62)
	at sun.reflect.DelegatingMethodAccessorImpl.invoke(DelegatingMethodAccessorImpl.java:43)
	at java.lang.reflect.Method.invoke(Method.java:498)
	at org.junit.runners.model.FrameworkMethod$1.runReflectiveCall(FrameworkMethod.java:50)
	at org.junit.internal.runners.model.ReflectiveCallable.run(ReflectiveCallable.java:12)
	at org.junit.runners.model.FrameworkMethod.invokeExplosively(FrameworkMethod.java:47)
	at org.junit.internal.runners.statements.InvokeMethod.evaluate(InvokeMethod.java:17)
	at org.junit.internal.runners.statements.RunAfters.evaluate(RunAfters.java:27)
	at org.junit.internal.runners.statements.FailOnTimeout$CallableStatement.call(FailOnTimeout.java:298)
	at org.junit.internal.runners.statements.FailOnTimeout$CallableStatement.call(FailOnTimeout.java:292)
	at java.util.concurrent.FutureTask.run(FutureTask.java:266)
	at java.lang.Thread.run(Thread.java:748)
2019-09-26 09:50:18,011 INFO  impl.LeaderElection (LeaderElection.java:logAndReturn(56)) - s0@group-5BD3E7F27A57-LeaderElection115: Election TIMEOUT; received 0 response(s) [] and 0 exception(s); s0@group-5BD3E7F27A57:t307, leader=null, voted=s0, raftlog=s0@group-5BD3E7F27A57-SegmentedRaftLog:OPENED:c3,f4,i4, conf=3: [s0:0.0.0.0:41468, s1:0.0.0.0:41619, s2:0.0.0.0:44382], old=null
2019-09-26 09:50:18,024 INFO  impl.LeaderElection (LeaderElection.java:askForVotes(178)) - s0@group-5BD3E7F27A57-LeaderElection115: begin an election at term 308 for 3: [s0:0.0.0.0:41468, s1:0.0.0.0:41619, s2:0.0.0.0:44382], old=null
2019-09-26 09:50:18,171 INFO  impl.LeaderElection (LeaderElection.java:logAndReturn(56)) - s1@group-5BD3E7F27A57-LeaderElection111: Election TIMEOUT; received 1 response(s) [s1<-s0#0:FAIL-t307] and 0 exception(s); s1@group-5BD3E7F27A57:t307, leader=null, voted=s1, raftlog=s1@group-5BD3E7F27A57-SegmentedRaftLog:OPENED:c2,f3,i3, conf=2: [s0:0.0.0.0:41468, s1:0.0.0.0:41619, s2:0.0.0.0:44382], old=null
2019-09-26 09:50:18,181 INFO  impl.LeaderElection (LeaderElection.java:logAndReturn(56)) - s2@group-5BD3E7F27A57-LeaderElection116: Election TIMEOUT; received 1 response(s) [s2<-s0#0:FAIL-t307] and 0 exception(s); s2@group-5BD3E7F27A57:t307, leader=null, voted=s2, raftlog=s2@group-5BD3E7F27A57-SegmentedRaftLog:OPENED:c1,f3,i3, conf=3: [s0:0.0.0.0:41468, s1:0.0.0.0:41619, s2:0.0.0.0:44382], old=null
2019-09-26 09:50:18,184 INFO  impl.LeaderElection (LeaderElection.java:askForVotes(178)) - s1@group-5BD3E7F27A57-LeaderElection111: begin an election at term 308 for 2: [s0:0.0.0.0:41468, s1:0.0.0.0:41619, s2:0.0.0.0:44382], old=null
2019-09-26 09:50:18,184 INFO  impl.LeaderElection (LeaderElection.java:askForVotes(178)) - s2@group-5BD3E7F27A57-LeaderElection116: begin an election at term 308 for 3: [s0:0.0.0.0:41468, s1:0.0.0.0:41619, s2:0.0.0.0:44382], old=null
2019-09-26 09:50:18,185 DEBUG impl.RaftServerImpl (RaftServerImpl.java:requestVote(743)) - s0@group-5BD3E7F27A57: receive requestVote(s1, group-5BD3E7F27A57, 308, (t:3, i:3))
2019-09-26 09:50:18,185 DEBUG impl.RaftServerImpl (RaftServerImpl.java:requestVote(743)) - s0@group-5BD3E7F27A57: receive requestVote(s2, group-5BD3E7F27A57, 308, (t:4, i:3))
2019-09-26 09:50:18,185 DEBUG impl.RaftServerImpl (RaftServerImpl.java:requestVote(775)) - s0@group-5BD3E7F27A57 replies to vote request: s1<-s0#0:FAIL-t308. Peer's state: s0@group-5BD3E7F27A57:t308, leader=null, voted=s0, raftlog=s0@group-5BD3E7F27A57-SegmentedRaftLog:OPENED:c3,f4,i4, conf=3: [s0:0.0.0.0:41468, s1:0.0.0.0:41619, s2:0.0.0.0:44382], old=null
2019-09-26 09:50:18,185 DEBUG impl.RaftServerImpl (RaftServerImpl.java:requestVote(775)) - s0@group-5BD3E7F27A57 replies to vote request: s2<-s0#0:FAIL-t308. Peer's state: s0@group-5BD3E7F27A57:t308, leader=null, voted=s0, raftlog=s0@group-5BD3E7F27A57-SegmentedRaftLog:OPENED:c3,f4,i4, conf=3: [s0:0.0.0.0:41468, s1:0.0.0.0:41619, s2:0.0.0.0:44382], old=null
2019-09-26 09:50:18,274 INFO  impl.LeaderElection (LeaderElection.java:logAndReturn(56)) - s0@group-5BD3E7F27A57-LeaderElection115: Election TIMEOUT; received 0 response(s) [] and 0 exception(s); s0@group-5BD3E7F27A57:t308, leader=null, voted=s0, raftlog=s0@group-5BD3E7F27A57-SegmentedRaftLog:OPENED:c3,f4,i4, conf=3: [s0:0.0.0.0:41468, s1:0.0.0.0:41619, s2:0.0.0.0:44382], old=null
2019-09-26 09:50:18,287 INFO  impl.LeaderElection (LeaderElection.java:askForVotes(178)) - s0@group-5BD3E7F27A57-LeaderElection115: begin an election at term 309 for 3: [s0:0.0.0.0:41468, s1:0.0.0.0:41619, s2:0.0.0.0:44382], old=null
2019-09-26 09:50:18,359 INFO  impl.LeaderElection (LeaderElection.java:logAndReturn(56)) - s2@group-5BD3E7F27A57-LeaderElection116: Election TIMEOUT; received 1 response(s) [s2<-s0#0:FAIL-t308] and 0 exception(s); s2@group-5BD3E7F27A57:t308, leader=null, voted=s2, raftlog=s2@group-5BD3E7F27A57-SegmentedRaftLog:OPENED:c1,f3,i3, conf=3: [s0:0.0.0.0:41468, s1:0.0.0.0:41619, s2:0.0.0.0:44382], old=null
2019-09-26 09:50:18,373 INFO  impl.LeaderElection (LeaderElection.java:askForVotes(178)) - s2@group-5BD3E7F27A57-LeaderElection116: begin an election at term 309 for 3: [s0:0.0.0.0:41468, s1:0.0.0.0:41619, s2:0.0.0.0:44382], old=null
2019-09-26 09:50:18,373 INFO  impl.LeaderElection (LeaderElection.java:logAndReturn(56)) - s1@group-5BD3E7F27A57-LeaderElection111: Election TIMEOUT; received 1 response(s) [s1<-s0#0:FAIL-t308] and 0 exception(s); s1@group-5BD3E7F27A57:t308, leader=null, voted=s1, raftlog=s1@group-5BD3E7F27A57-SegmentedRaftLog:OPENED:c2,f3,i3, conf=2: [s0:0.0.0.0:41468, s1:0.0.0.0:41619, s2:0.0.0.0:44382], old=null
2019-09-26 09:50:18,373 DEBUG impl.RaftServerImpl (RaftServerImpl.java:requestVote(743)) - s0@group-5BD3E7F27A57: receive requestVote(s2, group-5BD3E7F27A57, 309, (t:4, i:3))
2019-09-26 09:50:18,374 DEBUG impl.RaftServerImpl (RaftServerImpl.java:requestVote(775)) - s0@group-5BD3E7F27A57 replies to vote request: s2<-s0#0:FAIL-t309. Peer's state: s0@group-5BD3E7F27A57:t309, leader=null, voted=s0, raftlog=s0@group-5BD3E7F27A57-SegmentedRaftLog:OPENED:c3,f4,i4, conf=3: [s0:0.0.0.0:41468, s1:0.0.0.0:41619, s2:0.0.0.0:44382], old=null
2019-09-26 09:50:18,387 INFO  impl.LeaderElection (LeaderElection.java:askForVotes(178)) - s1@group-5BD3E7F27A57-LeaderElection111: begin an election at term 309 for 2: [s0:0.0.0.0:41468, s1:0.0.0.0:41619, s2:0.0.0.0:44382], old=null
2019-09-26 09:50:18,387 DEBUG impl.RaftServerImpl (RaftServerImpl.java:requestVote(743)) - s0@group-5BD3E7F27A57: receive requestVote(s1, group-5BD3E7F27A57, 309, (t:3, i:3))
2019-09-26 09:50:18,387 DEBUG impl.RaftServerImpl (RaftServerImpl.java:requestVote(775)) - s0@group-5BD3E7F27A57 replies to vote request: s1<-s0#0:FAIL-t309. Peer's state: s0@group-5BD3E7F27A57:t309, leader=null, voted=s0, raftlog=s0@group-5BD3E7F27A57-SegmentedRaftLog:OPENED:c3,f4,i4, conf=3: [s0:0.0.0.0:41468, s1:0.0.0.0:41619, s2:0.0.0.0:44382], old=null
2019-09-26 09:50:18,457 WARN  ratis.RaftTestUtil (JavaUtils.java:attempt(158)) - FAILED "waitForLeader-null-(expectLeader? true)", attempt #90/100: java.lang.IllegalStateException: No leader yet : printing ALL groups
  s0:  RUNNING CANDIDATE s0@group-5BD3E7F27A57:t309, leader=null, voted=s0, raftlog=s0@group-5BD3E7F27A57-SegmentedRaftLog:OPENED:c3,f4,i4, conf=3: [s0:0.0.0.0:41468, s1:0.0.0.0:41619, s2:0.0.0.0:44382], old=null RUNNING
  s1:  RUNNING CANDIDATE s1@group-5BD3E7F27A57:t309, leader=null, voted=s1, raftlog=s1@group-5BD3E7F27A57-SegmentedRaftLog:OPENED:c2,f3,i3, conf=2: [s0:0.0.0.0:41468, s1:0.0.0.0:41619, s2:0.0.0.0:44382], old=null RUNNING
  s2:  RUNNING CANDIDATE s2@group-5BD3E7F27A57:t309, leader=null, voted=s2, raftlog=s2@group-5BD3E7F27A57-SegmentedRaftLog:OPENED:c1,f3,i3, conf=3: [s0:0.0.0.0:41468, s1:0.0.0.0:41619, s2:0.0.0.0:44382], old=null RUNNING, sleep 450ms and then retry.
java.lang.IllegalStateException: No leader yet : printing ALL groups
  s0:  RUNNING CANDIDATE s0@group-5BD3E7F27A57:t309, leader=null, voted=s0, raftlog=s0@group-5BD3E7F27A57-SegmentedRaftLog:OPENED:c3,f4,i4, conf=3: [s0:0.0.0.0:41468, s1:0.0.0.0:41619, s2:0.0.0.0:44382], old=null RUNNING
  s1:  RUNNING CANDIDATE s1@group-5BD3E7F27A57:t309, leader=null, voted=s1, raftlog=s1@group-5BD3E7F27A57-SegmentedRaftLog:OPENED:c2,f3,i3, conf=2: [s0:0.0.0.0:41468, s1:0.0.0.0:41619, s2:0.0.0.0:44382], old=null RUNNING
  s2:  RUNNING CANDIDATE s2@group-5BD3E7F27A57:t309, leader=null, voted=s2, raftlog=s2@group-5BD3E7F27A57-SegmentedRaftLog:OPENED:c1,f3,i3, conf=3: [s0:0.0.0.0:41468, s1:0.0.0.0:41619, s2:0.0.0.0:44382], old=null RUNNING
	at org.apache.ratis.MiniRaftCluster.newIllegalStateExceptionForNoLeaders(MiniRaftCluster.java:506)
	at org.apache.ratis.RaftTestUtil.lambda$waitForLeader$1(RaftTestUtil.java:90)
	at org.apache.ratis.MiniRaftCluster.getLeader(MiniRaftCluster.java:539)
	at org.apache.ratis.MiniRaftCluster.getLeader(MiniRaftCluster.java:532)
	at org.apache.ratis.RaftTestUtil.lambda$waitForLeader$3(RaftTestUtil.java:98)
	at org.apache.ratis.util.JavaUtils.attempt(JavaUtils.java:152)
	at org.apache.ratis.RaftTestUtil.waitForLeader(RaftTestUtil.java:97)
	at org.apache.ratis.RaftTestUtil.waitForLeader(RaftTestUtil.java:77)
	at org.apache.ratis.RaftTestUtil.waitForLeader(RaftTestUtil.java:72)
	at org.apache.ratis.RaftTestUtil.lambda$changeLeader$7(RaftTestUtil.java:363)
	at org.apache.ratis.util.JavaUtils.attempt(JavaUtils.java:152)
	at org.apache.ratis.RaftTestUtil.changeLeader(RaftTestUtil.java:362)
	at org.apache.ratis.server.impl.LeaderElectionTests.testChangeLeader(LeaderElectionTests.java:81)
	at sun.reflect.NativeMethodAccessorImpl.invoke0(Native Method)
	at sun.reflect.NativeMethodAccessorImpl.invoke(NativeMethodAccessorImpl.java:62)
	at sun.reflect.DelegatingMethodAccessorImpl.invoke(DelegatingMethodAccessorImpl.java:43)
	at java.lang.reflect.Method.invoke(Method.java:498)
	at org.junit.runners.model.FrameworkMethod$1.runReflectiveCall(FrameworkMethod.java:50)
	at org.junit.internal.runners.model.ReflectiveCallable.run(ReflectiveCallable.java:12)
	at org.junit.runners.model.FrameworkMethod.invokeExplosively(FrameworkMethod.java:47)
	at org.junit.internal.runners.statements.InvokeMethod.evaluate(InvokeMethod.java:17)
	at org.junit.internal.runners.statements.RunAfters.evaluate(RunAfters.java:27)
	at org.junit.internal.runners.statements.FailOnTimeout$CallableStatement.call(FailOnTimeout.java:298)
	at org.junit.internal.runners.statements.FailOnTimeout$CallableStatement.call(FailOnTimeout.java:292)
	at java.util.concurrent.FutureTask.run(FutureTask.java:266)
	at java.lang.Thread.run(Thread.java:748)
2019-09-26 09:50:18,541 INFO  impl.LeaderElection (LeaderElection.java:logAndReturn(56)) - s2@group-5BD3E7F27A57-LeaderElection116: Election TIMEOUT; received 1 response(s) [s2<-s0#0:FAIL-t309] and 0 exception(s); s2@group-5BD3E7F27A57:t309, leader=null, voted=s2, raftlog=s2@group-5BD3E7F27A57-SegmentedRaftLog:OPENED:c1,f3,i3, conf=3: [s0:0.0.0.0:41468, s1:0.0.0.0:41619, s2:0.0.0.0:44382], old=null
2019-09-26 09:50:18,555 INFO  impl.LeaderElection (LeaderElection.java:askForVotes(178)) - s2@group-5BD3E7F27A57-LeaderElection116: begin an election at term 310 for 3: [s0:0.0.0.0:41468, s1:0.0.0.0:41619, s2:0.0.0.0:44382], old=null
2019-09-26 09:50:18,556 DEBUG impl.RaftServerImpl (RaftServerImpl.java:requestVote(743)) - s0@group-5BD3E7F27A57: receive requestVote(s2, group-5BD3E7F27A57, 310, (t:4, i:3))
2019-09-26 09:50:18,556 INFO  impl.RaftServerImpl (RaftServerImpl.java:setRole(170)) - s0@group-5BD3E7F27A57: changes role from CANDIDATE to FOLLOWER at term 310 for recognizeCandidate:s2
2019-09-26 09:50:18,556 INFO  impl.RoleInfo (RoleInfo.java:shutdownLeaderElection(134)) - s0: shutdown LeaderElection
2019-09-26 09:50:18,556 INFO  impl.RoleInfo (RoleInfo.java:updateAndGet(143)) - s0: start FollowerState
2019-09-26 09:50:18,563 INFO  impl.LeaderElection (LeaderElection.java:logAndReturn(56)) - s0@group-5BD3E7F27A57-LeaderElection115: Election REJECTED; received 0 response(s) [] and 0 exception(s); s0@group-5BD3E7F27A57:t310, leader=null, voted=null, raftlog=s0@group-5BD3E7F27A57-SegmentedRaftLog:OPENED:c3,f4,i4, conf=3: [s0:0.0.0.0:41468, s1:0.0.0.0:41619, s2:0.0.0.0:44382], old=null
2019-09-26 09:50:18,569 DEBUG impl.RaftServerImpl (RaftServerImpl.java:requestVote(775)) - s0@group-5BD3E7F27A57 replies to vote request: s2<-s0#0:FAIL-t310. Peer's state: s0@group-5BD3E7F27A57:t310, leader=null, voted=null, raftlog=s0@group-5BD3E7F27A57-SegmentedRaftLog:OPENED:c3,f4,i4, conf=3: [s0:0.0.0.0:41468, s1:0.0.0.0:41619, s2:0.0.0.0:44382], old=null
2019-09-26 09:50:18,685 INFO  impl.LeaderElection (LeaderElection.java:logAndReturn(56)) - s1@group-5BD3E7F27A57-LeaderElection111: Election TIMEOUT; received 1 response(s) [s1<-s0#0:FAIL-t309] and 0 exception(s); s1@group-5BD3E7F27A57:t309, leader=null, voted=s1, raftlog=s1@group-5BD3E7F27A57-SegmentedRaftLog:OPENED:c2,f3,i3, conf=2: [s0:0.0.0.0:41468, s1:0.0.0.0:41619, s2:0.0.0.0:44382], old=null
2019-09-26 09:50:18,698 INFO  impl.LeaderElection (LeaderElection.java:askForVotes(178)) - s1@group-5BD3E7F27A57-LeaderElection111: begin an election at term 310 for 2: [s0:0.0.0.0:41468, s1:0.0.0.0:41619, s2:0.0.0.0:44382], old=null
2019-09-26 09:50:18,699 DEBUG impl.RaftServerImpl (RaftServerImpl.java:requestVote(743)) - s0@group-5BD3E7F27A57: receive requestVote(s1, group-5BD3E7F27A57, 310, (t:3, i:3))
2019-09-26 09:50:18,699 INFO  impl.RaftServerImpl (RaftServerImpl.java:setRole(170)) - s0@group-5BD3E7F27A57: changes role from  FOLLOWER to FOLLOWER at term 310 for recognizeCandidate:s1
2019-09-26 09:50:18,699 INFO  impl.RoleInfo (RoleInfo.java:shutdownFollowerState(121)) - s0: shutdown FollowerState
2019-09-26 09:50:18,699 INFO  impl.RoleInfo (RoleInfo.java:updateAndGet(143)) - s0: start FollowerState
2019-09-26 09:50:18,699 INFO  impl.FollowerState (FollowerState.java:run(117)) - s0@group-5BD3E7F27A57-FollowerState was interrupted: java.lang.InterruptedException: sleep interrupted
2019-09-26 09:50:18,699 DEBUG impl.RaftServerImpl (RaftServerImpl.java:requestVote(775)) - s0@group-5BD3E7F27A57 replies to vote request: s1<-s0#0:FAIL-t310. Peer's state: s0@group-5BD3E7F27A57:t310, leader=null, voted=null, raftlog=s0@group-5BD3E7F27A57-SegmentedRaftLog:OPENED:c3,f4,i4, conf=3: [s0:0.0.0.0:41468, s1:0.0.0.0:41619, s2:0.0.0.0:44382], old=null
2019-09-26 09:50:18,706 INFO  impl.LeaderElection (LeaderElection.java:logAndReturn(56)) - s2@group-5BD3E7F27A57-LeaderElection116: Election TIMEOUT; received 1 response(s) [s2<-s0#0:FAIL-t310] and 0 exception(s); s2@group-5BD3E7F27A57:t310, leader=null, voted=s2, raftlog=s2@group-5BD3E7F27A57-SegmentedRaftLog:OPENED:c1,f3,i3, conf=3: [s0:0.0.0.0:41468, s1:0.0.0.0:41619, s2:0.0.0.0:44382], old=null
2019-09-26 09:50:18,719 INFO  impl.LeaderElection (LeaderElection.java:askForVotes(178)) - s2@group-5BD3E7F27A57-LeaderElection116: begin an election at term 311 for 3: [s0:0.0.0.0:41468, s1:0.0.0.0:41619, s2:0.0.0.0:44382], old=null
2019-09-26 09:50:18,719 DEBUG impl.RaftServerImpl (RaftServerImpl.java:requestVote(743)) - s0@group-5BD3E7F27A57: receive requestVote(s2, group-5BD3E7F27A57, 311, (t:4, i:3))
2019-09-26 09:50:18,719 INFO  impl.RaftServerImpl (RaftServerImpl.java:setRole(170)) - s0@group-5BD3E7F27A57: changes role from  FOLLOWER to FOLLOWER at term 311 for recognizeCandidate:s2
2019-09-26 09:50:18,719 INFO  impl.RoleInfo (RoleInfo.java:shutdownFollowerState(121)) - s0: shutdown FollowerState
2019-09-26 09:50:18,719 INFO  impl.RoleInfo (RoleInfo.java:updateAndGet(143)) - s0: start FollowerState
2019-09-26 09:50:18,719 INFO  impl.FollowerState (FollowerState.java:run(117)) - s0@group-5BD3E7F27A57-FollowerState was interrupted: java.lang.InterruptedException: sleep interrupted
2019-09-26 09:50:18,733 DEBUG impl.RaftServerImpl (RaftServerImpl.java:requestVote(775)) - s0@group-5BD3E7F27A57 replies to vote request: s2<-s0#0:FAIL-t311. Peer's state: s0@group-5BD3E7F27A57:t311, leader=null, voted=null, raftlog=s0@group-5BD3E7F27A57-SegmentedRaftLog:OPENED:c3,f4,i4, conf=3: [s0:0.0.0.0:41468, s1:0.0.0.0:41619, s2:0.0.0.0:44382], old=null
2019-09-26 09:50:18,909 WARN  ratis.RaftTestUtil (JavaUtils.java:attempt(158)) - FAILED "waitForLeader-null-(expectLeader? true)", attempt #91/100: java.lang.IllegalStateException: No leader yet : printing ALL groups
  s0:  RUNNING  FOLLOWER s0@group-5BD3E7F27A57:t311, leader=null, voted=null, raftlog=s0@group-5BD3E7F27A57-SegmentedRaftLog:OPENED:c3,f4,i4, conf=3: [s0:0.0.0.0:41468, s1:0.0.0.0:41619, s2:0.0.0.0:44382], old=null RUNNING
  s1:  RUNNING CANDIDATE s1@group-5BD3E7F27A57:t310, leader=null, voted=s1, raftlog=s1@group-5BD3E7F27A57-SegmentedRaftLog:OPENED:c2,f3,i3, conf=2: [s0:0.0.0.0:41468, s1:0.0.0.0:41619, s2:0.0.0.0:44382], old=null RUNNING
  s2:  RUNNING CANDIDATE s2@group-5BD3E7F27A57:t311, leader=null, voted=s2, raftlog=s2@group-5BD3E7F27A57-SegmentedRaftLog:OPENED:c1,f3,i3, conf=3: [s0:0.0.0.0:41468, s1:0.0.0.0:41619, s2:0.0.0.0:44382], old=null RUNNING, sleep 450ms and then retry.
java.lang.IllegalStateException: No leader yet : printing ALL groups
  s0:  RUNNING  FOLLOWER s0@group-5BD3E7F27A57:t311, leader=null, voted=null, raftlog=s0@group-5BD3E7F27A57-SegmentedRaftLog:OPENED:c3,f4,i4, conf=3: [s0:0.0.0.0:41468, s1:0.0.0.0:41619, s2:0.0.0.0:44382], old=null RUNNING
  s1:  RUNNING CANDIDATE s1@group-5BD3E7F27A57:t310, leader=null, voted=s1, raftlog=s1@group-5BD3E7F27A57-SegmentedRaftLog:OPENED:c2,f3,i3, conf=2: [s0:0.0.0.0:41468, s1:0.0.0.0:41619, s2:0.0.0.0:44382], old=null RUNNING
  s2:  RUNNING CANDIDATE s2@group-5BD3E7F27A57:t311, leader=null, voted=s2, raftlog=s2@group-5BD3E7F27A57-SegmentedRaftLog:OPENED:c1,f3,i3, conf=3: [s0:0.0.0.0:41468, s1:0.0.0.0:41619, s2:0.0.0.0:44382], old=null RUNNING
	at org.apache.ratis.MiniRaftCluster.newIllegalStateExceptionForNoLeaders(MiniRaftCluster.java:506)
	at org.apache.ratis.RaftTestUtil.lambda$waitForLeader$1(RaftTestUtil.java:90)
	at org.apache.ratis.MiniRaftCluster.getLeader(MiniRaftCluster.java:539)
	at org.apache.ratis.MiniRaftCluster.getLeader(MiniRaftCluster.java:532)
	at org.apache.ratis.RaftTestUtil.lambda$waitForLeader$3(RaftTestUtil.java:98)
	at org.apache.ratis.util.JavaUtils.attempt(JavaUtils.java:152)
	at org.apache.ratis.RaftTestUtil.waitForLeader(RaftTestUtil.java:97)
	at org.apache.ratis.RaftTestUtil.waitForLeader(RaftTestUtil.java:77)
	at org.apache.ratis.RaftTestUtil.waitForLeader(RaftTestUtil.java:72)
	at org.apache.ratis.RaftTestUtil.lambda$changeLeader$7(RaftTestUtil.java:363)
	at org.apache.ratis.util.JavaUtils.attempt(JavaUtils.java:152)
	at org.apache.ratis.RaftTestUtil.changeLeader(RaftTestUtil.java:362)
	at org.apache.ratis.server.impl.LeaderElectionTests.testChangeLeader(LeaderElectionTests.java:81)
	at sun.reflect.NativeMethodAccessorImpl.invoke0(Native Method)
	at sun.reflect.NativeMethodAccessorImpl.invoke(NativeMethodAccessorImpl.java:62)
	at sun.reflect.DelegatingMethodAccessorImpl.invoke(DelegatingMethodAccessorImpl.java:43)
	at java.lang.reflect.Method.invoke(Method.java:498)
	at org.junit.runners.model.FrameworkMethod$1.runReflectiveCall(FrameworkMethod.java:50)
	at org.junit.internal.runners.model.ReflectiveCallable.run(ReflectiveCallable.java:12)
	at org.junit.runners.model.FrameworkMethod.invokeExplosively(FrameworkMethod.java:47)
	at org.junit.internal.runners.statements.InvokeMethod.evaluate(InvokeMethod.java:17)
	at org.junit.internal.runners.statements.RunAfters.evaluate(RunAfters.java:27)
	at org.junit.internal.runners.statements.FailOnTimeout$CallableStatement.call(FailOnTimeout.java:298)
	at org.junit.internal.runners.statements.FailOnTimeout$CallableStatement.call(FailOnTimeout.java:292)
	at java.util.concurrent.FutureTask.run(FutureTask.java:266)
	at java.lang.Thread.run(Thread.java:748)
2019-09-26 09:50:18,941 INFO  impl.LeaderElection (LeaderElection.java:logAndReturn(56)) - s2@group-5BD3E7F27A57-LeaderElection116: Election TIMEOUT; received 1 response(s) [s2<-s0#0:FAIL-t311] and 0 exception(s); s2@group-5BD3E7F27A57:t311, leader=null, voted=s2, raftlog=s2@group-5BD3E7F27A57-SegmentedRaftLog:OPENED:c1,f3,i3, conf=3: [s0:0.0.0.0:41468, s1:0.0.0.0:41619, s2:0.0.0.0:44382], old=null
2019-09-26 09:50:18,953 INFO  impl.FollowerState (FollowerState.java:run(108)) - s0@group-5BD3E7F27A57-FollowerState: change to CANDIDATE, lastRpcTime:233ms, electionTimeout:233ms
2019-09-26 09:50:18,953 INFO  impl.RoleInfo (RoleInfo.java:shutdownFollowerState(121)) - s0: shutdown FollowerState
2019-09-26 09:50:18,953 INFO  impl.RaftServerImpl (RaftServerImpl.java:setRole(170)) - s0@group-5BD3E7F27A57: changes role from  FOLLOWER to CANDIDATE at term 311 for changeToCandidate
2019-09-26 09:50:18,954 INFO  impl.RoleInfo (RoleInfo.java:updateAndGet(143)) - s0: start LeaderElection
2019-09-26 09:50:18,954 INFO  impl.LeaderElection (LeaderElection.java:askForVotes(178)) - s2@group-5BD3E7F27A57-LeaderElection116: begin an election at term 312 for 3: [s0:0.0.0.0:41468, s1:0.0.0.0:41619, s2:0.0.0.0:44382], old=null
2019-09-26 09:50:18,954 DEBUG impl.RaftServerImpl (RaftServerImpl.java:requestVote(743)) - s0@group-5BD3E7F27A57: receive requestVote(s2, group-5BD3E7F27A57, 312, (t:4, i:3))
2019-09-26 09:50:18,967 INFO  impl.LeaderElection (LeaderElection.java:askForVotes(178)) - s0@group-5BD3E7F27A57-LeaderElection117: begin an election at term 312 for 3: [s0:0.0.0.0:41468, s1:0.0.0.0:41619, s2:0.0.0.0:44382], old=null
2019-09-26 09:50:18,967 DEBUG impl.RaftServerImpl (RaftServerImpl.java:requestVote(775)) - s0@group-5BD3E7F27A57 replies to vote request: s2<-s0#0:FAIL-t312. Peer's state: s0@group-5BD3E7F27A57:t312, leader=null, voted=s0, raftlog=s0@group-5BD3E7F27A57-SegmentedRaftLog:OPENED:c3,f4,i4, conf=3: [s0:0.0.0.0:41468, s1:0.0.0.0:41619, s2:0.0.0.0:44382], old=null
2019-09-26 09:50:18,993 INFO  impl.LeaderElection (LeaderElection.java:logAndReturn(56)) - s1@group-5BD3E7F27A57-LeaderElection111: Election TIMEOUT; received 1 response(s) [s1<-s0#0:FAIL-t310] and 0 exception(s); s1@group-5BD3E7F27A57:t310, leader=null, voted=s1, raftlog=s1@group-5BD3E7F27A57-SegmentedRaftLog:OPENED:c2,f3,i3, conf=2: [s0:0.0.0.0:41468, s1:0.0.0.0:41619, s2:0.0.0.0:44382], old=null
2019-09-26 09:50:19,006 INFO  impl.LeaderElection (LeaderElection.java:askForVotes(178)) - s1@group-5BD3E7F27A57-LeaderElection111: begin an election at term 311 for 2: [s0:0.0.0.0:41468, s1:0.0.0.0:41619, s2:0.0.0.0:44382], old=null
2019-09-26 09:50:19,006 DEBUG impl.RaftServerImpl (RaftServerImpl.java:requestVote(743)) - s0@group-5BD3E7F27A57: receive requestVote(s1, group-5BD3E7F27A57, 311, (t:3, i:3))
2019-09-26 09:50:19,006 DEBUG impl.RaftServerImpl (RaftServerImpl.java:requestVote(775)) - s0@group-5BD3E7F27A57 replies to vote request: s1<-s0#0:FAIL-t312. Peer's state: s0@group-5BD3E7F27A57:t312, leader=null, voted=s0, raftlog=s0@group-5BD3E7F27A57-SegmentedRaftLog:OPENED:c3,f4,i4, conf=3: [s0:0.0.0.0:41468, s1:0.0.0.0:41619, s2:0.0.0.0:44382], old=null
2019-09-26 09:50:19,007 INFO  impl.LeaderElection (LeaderElection.java:logAndReturn(56)) - s1@group-5BD3E7F27A57-LeaderElection111: Election DISCOVERED_A_NEW_TERM; received 1 response(s) [s1<-s0#0:FAIL-t312] and 0 exception(s); s1@group-5BD3E7F27A57:t311, leader=null, voted=s1, raftlog=s1@group-5BD3E7F27A57-SegmentedRaftLog:OPENED:c2,f3,i3, conf=2: [s0:0.0.0.0:41468, s1:0.0.0.0:41619, s2:0.0.0.0:44382], old=null
2019-09-26 09:50:19,007 INFO  impl.RaftServerImpl (RaftServerImpl.java:setRole(170)) - s1@group-5BD3E7F27A57: changes role from CANDIDATE to FOLLOWER at term 312 for DISCOVERED_A_NEW_TERM
2019-09-26 09:50:19,007 INFO  impl.RoleInfo (RoleInfo.java:shutdownLeaderElection(134)) - s1: shutdown LeaderElection
2019-09-26 09:50:19,007 INFO  impl.RoleInfo (RoleInfo.java:updateAndGet(143)) - s1: start FollowerState
2019-09-26 09:50:19,166 INFO  impl.LeaderElection (LeaderElection.java:logAndReturn(56)) - s2@group-5BD3E7F27A57-LeaderElection116: Election TIMEOUT; received 1 response(s) [s2<-s0#0:FAIL-t312] and 0 exception(s); s2@group-5BD3E7F27A57:t312, leader=null, voted=s2, raftlog=s2@group-5BD3E7F27A57-SegmentedRaftLog:OPENED:c1,f3,i3, conf=3: [s0:0.0.0.0:41468, s1:0.0.0.0:41619, s2:0.0.0.0:44382], old=null
2019-09-26 09:50:19,180 INFO  impl.LeaderElection (LeaderElection.java:askForVotes(178)) - s2@group-5BD3E7F27A57-LeaderElection116: begin an election at term 313 for 3: [s0:0.0.0.0:41468, s1:0.0.0.0:41619, s2:0.0.0.0:44382], old=null
2019-09-26 09:50:19,180 DEBUG impl.RaftServerImpl (RaftServerImpl.java:requestVote(743)) - s0@group-5BD3E7F27A57: receive requestVote(s2, group-5BD3E7F27A57, 313, (t:4, i:3))
2019-09-26 09:50:19,181 INFO  impl.RaftServerImpl (RaftServerImpl.java:setRole(170)) - s0@group-5BD3E7F27A57: changes role from CANDIDATE to FOLLOWER at term 313 for recognizeCandidate:s2
2019-09-26 09:50:19,181 INFO  impl.RoleInfo (RoleInfo.java:shutdownLeaderElection(134)) - s0: shutdown LeaderElection
2019-09-26 09:50:19,181 INFO  impl.RoleInfo (RoleInfo.java:updateAndGet(143)) - s0: start FollowerState
2019-09-26 09:50:19,195 DEBUG impl.RaftServerImpl (RaftServerImpl.java:requestVote(775)) - s0@group-5BD3E7F27A57 replies to vote request: s2<-s0#0:FAIL-t313. Peer's state: s0@group-5BD3E7F27A57:t313, leader=null, voted=null, raftlog=s0@group-5BD3E7F27A57-SegmentedRaftLog:OPENED:c3,f4,i4, conf=3: [s0:0.0.0.0:41468, s1:0.0.0.0:41619, s2:0.0.0.0:44382], old=null
2019-09-26 09:50:19,206 INFO  impl.LeaderElection (LeaderElection.java:logAndReturn(56)) - s0@group-5BD3E7F27A57-LeaderElection117: Election REJECTED; received 0 response(s) [] and 0 exception(s); s0@group-5BD3E7F27A57:t313, leader=null, voted=null, raftlog=s0@group-5BD3E7F27A57-SegmentedRaftLog:OPENED:c3,f4,i4, conf=3: [s0:0.0.0.0:41468, s1:0.0.0.0:41619, s2:0.0.0.0:44382], old=null
2019-09-26 09:50:19,307 INFO  impl.FollowerState (FollowerState.java:run(108)) - s1@group-5BD3E7F27A57-FollowerState: change to CANDIDATE, lastRpcTime:299ms, electionTimeout:299ms
2019-09-26 09:50:19,307 INFO  impl.RoleInfo (RoleInfo.java:shutdownFollowerState(121)) - s1: shutdown FollowerState
2019-09-26 09:50:19,307 INFO  impl.RaftServerImpl (RaftServerImpl.java:setRole(170)) - s1@group-5BD3E7F27A57: changes role from  FOLLOWER to CANDIDATE at term 312 for changeToCandidate
2019-09-26 09:50:19,307 INFO  impl.RoleInfo (RoleInfo.java:updateAndGet(143)) - s1: start LeaderElection
2019-09-26 09:50:19,310 INFO  impl.LeaderElection (LeaderElection.java:askForVotes(178)) - s1@group-5BD3E7F27A57-LeaderElection118: begin an election at term 313 for 2: [s0:0.0.0.0:41468, s1:0.0.0.0:41619, s2:0.0.0.0:44382], old=null
2019-09-26 09:50:19,311 DEBUG impl.RaftServerImpl (RaftServerImpl.java:requestVote(743)) - s0@group-5BD3E7F27A57: receive requestVote(s1, group-5BD3E7F27A57, 313, (t:3, i:3))
2019-09-26 09:50:19,311 INFO  impl.RaftServerImpl (RaftServerImpl.java:setRole(170)) - s0@group-5BD3E7F27A57: changes role from  FOLLOWER to FOLLOWER at term 313 for recognizeCandidate:s1
2019-09-26 09:50:19,311 INFO  impl.RoleInfo (RoleInfo.java:shutdownFollowerState(121)) - s0: shutdown FollowerState
2019-09-26 09:50:19,311 INFO  impl.RoleInfo (RoleInfo.java:updateAndGet(143)) - s0: start FollowerState
2019-09-26 09:50:19,312 INFO  impl.FollowerState (FollowerState.java:run(117)) - s0@group-5BD3E7F27A57-FollowerState was interrupted: java.lang.InterruptedException: sleep interrupted
2019-09-26 09:50:19,312 DEBUG impl.RaftServerImpl (RaftServerImpl.java:requestVote(775)) - s0@group-5BD3E7F27A57 replies to vote request: s1<-s0#0:FAIL-t313. Peer's state: s0@group-5BD3E7F27A57:t313, leader=null, voted=null, raftlog=s0@group-5BD3E7F27A57-SegmentedRaftLog:OPENED:c3,f4,i4, conf=3: [s0:0.0.0.0:41468, s1:0.0.0.0:41619, s2:0.0.0.0:44382], old=null
2019-09-26 09:50:19,360 WARN  ratis.RaftTestUtil (JavaUtils.java:attempt(158)) - FAILED "waitForLeader-null-(expectLeader? true)", attempt #92/100: java.lang.IllegalStateException: No leader yet : printing ALL groups
  s0:  RUNNING  FOLLOWER s0@group-5BD3E7F27A57:t313, leader=null, voted=null, raftlog=s0@group-5BD3E7F27A57-SegmentedRaftLog:OPENED:c3,f4,i4, conf=3: [s0:0.0.0.0:41468, s1:0.0.0.0:41619, s2:0.0.0.0:44382], old=null RUNNING
  s1:  RUNNING CANDIDATE s1@group-5BD3E7F27A57:t313, leader=null, voted=s1, raftlog=s1@group-5BD3E7F27A57-SegmentedRaftLog:OPENED:c2,f3,i3, conf=2: [s0:0.0.0.0:41468, s1:0.0.0.0:41619, s2:0.0.0.0:44382], old=null RUNNING
  s2:  RUNNING CANDIDATE s2@group-5BD3E7F27A57:t313, leader=null, voted=s2, raftlog=s2@group-5BD3E7F27A57-SegmentedRaftLog:OPENED:c1,f3,i3, conf=3: [s0:0.0.0.0:41468, s1:0.0.0.0:41619, s2:0.0.0.0:44382], old=null RUNNING, sleep 450ms and then retry.
java.lang.IllegalStateException: No leader yet : printing ALL groups
  s0:  RUNNING  FOLLOWER s0@group-5BD3E7F27A57:t313, leader=null, voted=null, raftlog=s0@group-5BD3E7F27A57-SegmentedRaftLog:OPENED:c3,f4,i4, conf=3: [s0:0.0.0.0:41468, s1:0.0.0.0:41619, s2:0.0.0.0:44382], old=null RUNNING
  s1:  RUNNING CANDIDATE s1@group-5BD3E7F27A57:t313, leader=null, voted=s1, raftlog=s1@group-5BD3E7F27A57-SegmentedRaftLog:OPENED:c2,f3,i3, conf=2: [s0:0.0.0.0:41468, s1:0.0.0.0:41619, s2:0.0.0.0:44382], old=null RUNNING
  s2:  RUNNING CANDIDATE s2@group-5BD3E7F27A57:t313, leader=null, voted=s2, raftlog=s2@group-5BD3E7F27A57-SegmentedRaftLog:OPENED:c1,f3,i3, conf=3: [s0:0.0.0.0:41468, s1:0.0.0.0:41619, s2:0.0.0.0:44382], old=null RUNNING
	at org.apache.ratis.MiniRaftCluster.newIllegalStateExceptionForNoLeaders(MiniRaftCluster.java:506)
	at org.apache.ratis.RaftTestUtil.lambda$waitForLeader$1(RaftTestUtil.java:90)
	at org.apache.ratis.MiniRaftCluster.getLeader(MiniRaftCluster.java:539)
	at org.apache.ratis.MiniRaftCluster.getLeader(MiniRaftCluster.java:532)
	at org.apache.ratis.RaftTestUtil.lambda$waitForLeader$3(RaftTestUtil.java:98)
	at org.apache.ratis.util.JavaUtils.attempt(JavaUtils.java:152)
	at org.apache.ratis.RaftTestUtil.waitForLeader(RaftTestUtil.java:97)
	at org.apache.ratis.RaftTestUtil.waitForLeader(RaftTestUtil.java:77)
	at org.apache.ratis.RaftTestUtil.waitForLeader(RaftTestUtil.java:72)
	at org.apache.ratis.RaftTestUtil.lambda$changeLeader$7(RaftTestUtil.java:363)
	at org.apache.ratis.util.JavaUtils.attempt(JavaUtils.java:152)
	at org.apache.ratis.RaftTestUtil.changeLeader(RaftTestUtil.java:362)
	at org.apache.ratis.server.impl.LeaderElectionTests.testChangeLeader(LeaderElectionTests.java:81)
	at sun.reflect.NativeMethodAccessorImpl.invoke0(Native Method)
	at sun.reflect.NativeMethodAccessorImpl.invoke(NativeMethodAccessorImpl.java:62)
	at sun.reflect.DelegatingMethodAccessorImpl.invoke(DelegatingMethodAccessorImpl.java:43)
	at java.lang.reflect.Method.invoke(Method.java:498)
	at org.junit.runners.model.FrameworkMethod$1.runReflectiveCall(FrameworkMethod.java:50)
	at org.junit.internal.runners.model.ReflectiveCallable.run(ReflectiveCallable.java:12)
	at org.junit.runners.model.FrameworkMethod.invokeExplosively(FrameworkMethod.java:47)
	at org.junit.internal.runners.statements.InvokeMethod.evaluate(InvokeMethod.java:17)
	at org.junit.internal.runners.statements.RunAfters.evaluate(RunAfters.java:27)
	at org.junit.internal.runners.statements.FailOnTimeout$CallableStatement.call(FailOnTimeout.java:298)
	at org.junit.internal.runners.statements.FailOnTimeout$CallableStatement.call(FailOnTimeout.java:292)
	at java.util.concurrent.FutureTask.run(FutureTask.java:266)
	at java.lang.Thread.run(Thread.java:748)
2019-09-26 09:50:19,443 INFO  impl.LeaderElection (LeaderElection.java:logAndReturn(56)) - s2@group-5BD3E7F27A57-LeaderElection116: Election TIMEOUT; received 1 response(s) [s2<-s0#0:FAIL-t313] and 0 exception(s); s2@group-5BD3E7F27A57:t313, leader=null, voted=s2, raftlog=s2@group-5BD3E7F27A57-SegmentedRaftLog:OPENED:c1,f3,i3, conf=3: [s0:0.0.0.0:41468, s1:0.0.0.0:41619, s2:0.0.0.0:44382], old=null
2019-09-26 09:50:19,456 INFO  impl.LeaderElection (LeaderElection.java:askForVotes(178)) - s2@group-5BD3E7F27A57-LeaderElection116: begin an election at term 314 for 3: [s0:0.0.0.0:41468, s1:0.0.0.0:41619, s2:0.0.0.0:44382], old=null
2019-09-26 09:50:19,457 DEBUG impl.RaftServerImpl (RaftServerImpl.java:requestVote(743)) - s0@group-5BD3E7F27A57: receive requestVote(s2, group-5BD3E7F27A57, 314, (t:4, i:3))
2019-09-26 09:50:19,457 INFO  impl.RaftServerImpl (RaftServerImpl.java:setRole(170)) - s0@group-5BD3E7F27A57: changes role from  FOLLOWER to FOLLOWER at term 314 for recognizeCandidate:s2
2019-09-26 09:50:19,457 INFO  impl.RoleInfo (RoleInfo.java:shutdownFollowerState(121)) - s0: shutdown FollowerState
2019-09-26 09:50:19,457 INFO  impl.RoleInfo (RoleInfo.java:updateAndGet(143)) - s0: start FollowerState
2019-09-26 09:50:19,457 INFO  impl.FollowerState (FollowerState.java:run(117)) - s0@group-5BD3E7F27A57-FollowerState was interrupted: java.lang.InterruptedException: sleep interrupted
2019-09-26 09:50:19,470 DEBUG impl.RaftServerImpl (RaftServerImpl.java:requestVote(775)) - s0@group-5BD3E7F27A57 replies to vote request: s2<-s0#0:FAIL-t314. Peer's state: s0@group-5BD3E7F27A57:t314, leader=null, voted=null, raftlog=s0@group-5BD3E7F27A57-SegmentedRaftLog:OPENED:c3,f4,i4, conf=3: [s0:0.0.0.0:41468, s1:0.0.0.0:41619, s2:0.0.0.0:44382], old=null
2019-09-26 09:50:19,502 INFO  impl.LeaderElection (LeaderElection.java:logAndReturn(56)) - s1@group-5BD3E7F27A57-LeaderElection118: Election TIMEOUT; received 1 response(s) [s1<-s0#0:FAIL-t313] and 0 exception(s); s1@group-5BD3E7F27A57:t313, leader=null, voted=s1, raftlog=s1@group-5BD3E7F27A57-SegmentedRaftLog:OPENED:c2,f3,i3, conf=2: [s0:0.0.0.0:41468, s1:0.0.0.0:41619, s2:0.0.0.0:44382], old=null
2019-09-26 09:50:19,516 INFO  impl.LeaderElection (LeaderElection.java:askForVotes(178)) - s1@group-5BD3E7F27A57-LeaderElection118: begin an election at term 314 for 2: [s0:0.0.0.0:41468, s1:0.0.0.0:41619, s2:0.0.0.0:44382], old=null
2019-09-26 09:50:19,516 DEBUG impl.RaftServerImpl (RaftServerImpl.java:requestVote(743)) - s0@group-5BD3E7F27A57: receive requestVote(s1, group-5BD3E7F27A57, 314, (t:3, i:3))
2019-09-26 09:50:19,516 INFO  impl.RaftServerImpl (RaftServerImpl.java:setRole(170)) - s0@group-5BD3E7F27A57: changes role from  FOLLOWER to FOLLOWER at term 314 for recognizeCandidate:s1
2019-09-26 09:50:19,517 INFO  impl.RoleInfo (RoleInfo.java:shutdownFollowerState(121)) - s0: shutdown FollowerState
2019-09-26 09:50:19,517 INFO  impl.RoleInfo (RoleInfo.java:updateAndGet(143)) - s0: start FollowerState
2019-09-26 09:50:19,517 INFO  impl.FollowerState (FollowerState.java:run(117)) - s0@group-5BD3E7F27A57-FollowerState was interrupted: java.lang.InterruptedException: sleep interrupted
2019-09-26 09:50:19,517 DEBUG impl.RaftServerImpl (RaftServerImpl.java:requestVote(775)) - s0@group-5BD3E7F27A57 replies to vote request: s1<-s0#0:FAIL-t314. Peer's state: s0@group-5BD3E7F27A57:t314, leader=null, voted=null, raftlog=s0@group-5BD3E7F27A57-SegmentedRaftLog:OPENED:c3,f4,i4, conf=3: [s0:0.0.0.0:41468, s1:0.0.0.0:41619, s2:0.0.0.0:44382], old=null
2019-09-26 09:50:19,638 INFO  impl.LeaderElection (LeaderElection.java:logAndReturn(56)) - s2@group-5BD3E7F27A57-LeaderElection116: Election TIMEOUT; received 1 response(s) [s2<-s0#0:FAIL-t314] and 0 exception(s); s2@group-5BD3E7F27A57:t314, leader=null, voted=s2, raftlog=s2@group-5BD3E7F27A57-SegmentedRaftLog:OPENED:c1,f3,i3, conf=3: [s0:0.0.0.0:41468, s1:0.0.0.0:41619, s2:0.0.0.0:44382], old=null
2019-09-26 09:50:19,651 INFO  impl.LeaderElection (LeaderElection.java:askForVotes(178)) - s2@group-5BD3E7F27A57-LeaderElection116: begin an election at term 315 for 3: [s0:0.0.0.0:41468, s1:0.0.0.0:41619, s2:0.0.0.0:44382], old=null
2019-09-26 09:50:19,652 DEBUG impl.RaftServerImpl (RaftServerImpl.java:requestVote(743)) - s0@group-5BD3E7F27A57: receive requestVote(s2, group-5BD3E7F27A57, 315, (t:4, i:3))
2019-09-26 09:50:19,652 INFO  impl.RaftServerImpl (RaftServerImpl.java:setRole(170)) - s0@group-5BD3E7F27A57: changes role from  FOLLOWER to FOLLOWER at term 315 for recognizeCandidate:s2
2019-09-26 09:50:19,652 INFO  impl.RoleInfo (RoleInfo.java:shutdownFollowerState(121)) - s0: shutdown FollowerState
2019-09-26 09:50:19,652 INFO  impl.RoleInfo (RoleInfo.java:updateAndGet(143)) - s0: start FollowerState
2019-09-26 09:50:19,652 INFO  impl.FollowerState (FollowerState.java:run(117)) - s0@group-5BD3E7F27A57-FollowerState was interrupted: java.lang.InterruptedException: sleep interrupted
2019-09-26 09:50:19,666 DEBUG impl.RaftServerImpl (RaftServerImpl.java:requestVote(775)) - s0@group-5BD3E7F27A57 replies to vote request: s2<-s0#0:FAIL-t315. Peer's state: s0@group-5BD3E7F27A57:t315, leader=null, voted=null, raftlog=s0@group-5BD3E7F27A57-SegmentedRaftLog:OPENED:c3,f4,i4, conf=3: [s0:0.0.0.0:41468, s1:0.0.0.0:41619, s2:0.0.0.0:44382], old=null
2019-09-26 09:50:19,679 INFO  impl.LeaderElection (LeaderElection.java:logAndReturn(56)) - s1@group-5BD3E7F27A57-LeaderElection118: Election TIMEOUT; received 1 response(s) [s1<-s0#0:FAIL-t314] and 0 exception(s); s1@group-5BD3E7F27A57:t314, leader=null, voted=s1, raftlog=s1@group-5BD3E7F27A57-SegmentedRaftLog:OPENED:c2,f3,i3, conf=2: [s0:0.0.0.0:41468, s1:0.0.0.0:41619, s2:0.0.0.0:44382], old=null
2019-09-26 09:50:19,693 INFO  impl.LeaderElection (LeaderElection.java:askForVotes(178)) - s1@group-5BD3E7F27A57-LeaderElection118: begin an election at term 315 for 2: [s0:0.0.0.0:41468, s1:0.0.0.0:41619, s2:0.0.0.0:44382], old=null
2019-09-26 09:50:19,693 DEBUG impl.RaftServerImpl (RaftServerImpl.java:requestVote(743)) - s0@group-5BD3E7F27A57: receive requestVote(s1, group-5BD3E7F27A57, 315, (t:3, i:3))
2019-09-26 09:50:19,694 INFO  impl.RaftServerImpl (RaftServerImpl.java:setRole(170)) - s0@group-5BD3E7F27A57: changes role from  FOLLOWER to FOLLOWER at term 315 for recognizeCandidate:s1
2019-09-26 09:50:19,694 INFO  impl.RoleInfo (RoleInfo.java:shutdownFollowerState(121)) - s0: shutdown FollowerState
2019-09-26 09:50:19,694 INFO  impl.RoleInfo (RoleInfo.java:updateAndGet(143)) - s0: start FollowerState
2019-09-26 09:50:19,694 INFO  impl.FollowerState (FollowerState.java:run(117)) - s0@group-5BD3E7F27A57-FollowerState was interrupted: java.lang.InterruptedException: sleep interrupted
2019-09-26 09:50:19,694 DEBUG impl.RaftServerImpl (RaftServerImpl.java:requestVote(775)) - s0@group-5BD3E7F27A57 replies to vote request: s1<-s0#0:FAIL-t315. Peer's state: s0@group-5BD3E7F27A57:t315, leader=null, voted=null, raftlog=s0@group-5BD3E7F27A57-SegmentedRaftLog:OPENED:c3,f4,i4, conf=3: [s0:0.0.0.0:41468, s1:0.0.0.0:41619, s2:0.0.0.0:44382], old=null
2019-09-26 09:50:19,811 WARN  ratis.RaftTestUtil (JavaUtils.java:attempt(158)) - FAILED "waitForLeader-null-(expectLeader? true)", attempt #93/100: java.lang.IllegalStateException: No leader yet : printing ALL groups
  s0:  RUNNING  FOLLOWER s0@group-5BD3E7F27A57:t315, leader=null, voted=null, raftlog=s0@group-5BD3E7F27A57-SegmentedRaftLog:OPENED:c3,f4,i4, conf=3: [s0:0.0.0.0:41468, s1:0.0.0.0:41619, s2:0.0.0.0:44382], old=null RUNNING
  s1:  RUNNING CANDIDATE s1@group-5BD3E7F27A57:t315, leader=null, voted=s1, raftlog=s1@group-5BD3E7F27A57-SegmentedRaftLog:OPENED:c2,f3,i3, conf=2: [s0:0.0.0.0:41468, s1:0.0.0.0:41619, s2:0.0.0.0:44382], old=null RUNNING
  s2:  RUNNING CANDIDATE s2@group-5BD3E7F27A57:t315, leader=null, voted=s2, raftlog=s2@group-5BD3E7F27A57-SegmentedRaftLog:OPENED:c1,f3,i3, conf=3: [s0:0.0.0.0:41468, s1:0.0.0.0:41619, s2:0.0.0.0:44382], old=null RUNNING, sleep 450ms and then retry.
java.lang.IllegalStateException: No leader yet : printing ALL groups
  s0:  RUNNING  FOLLOWER s0@group-5BD3E7F27A57:t315, leader=null, voted=null, raftlog=s0@group-5BD3E7F27A57-SegmentedRaftLog:OPENED:c3,f4,i4, conf=3: [s0:0.0.0.0:41468, s1:0.0.0.0:41619, s2:0.0.0.0:44382], old=null RUNNING
  s1:  RUNNING CANDIDATE s1@group-5BD3E7F27A57:t315, leader=null, voted=s1, raftlog=s1@group-5BD3E7F27A57-SegmentedRaftLog:OPENED:c2,f3,i3, conf=2: [s0:0.0.0.0:41468, s1:0.0.0.0:41619, s2:0.0.0.0:44382], old=null RUNNING
  s2:  RUNNING CANDIDATE s2@group-5BD3E7F27A57:t315, leader=null, voted=s2, raftlog=s2@group-5BD3E7F27A57-SegmentedRaftLog:OPENED:c1,f3,i3, conf=3: [s0:0.0.0.0:41468, s1:0.0.0.0:41619, s2:0.0.0.0:44382], old=null RUNNING
	at org.apache.ratis.MiniRaftCluster.newIllegalStateExceptionForNoLeaders(MiniRaftCluster.java:506)
	at org.apache.ratis.RaftTestUtil.lambda$waitForLeader$1(RaftTestUtil.java:90)
	at org.apache.ratis.MiniRaftCluster.getLeader(MiniRaftCluster.java:539)
	at org.apache.ratis.MiniRaftCluster.getLeader(MiniRaftCluster.java:532)
	at org.apache.ratis.RaftTestUtil.lambda$waitForLeader$3(RaftTestUtil.java:98)
	at org.apache.ratis.util.JavaUtils.attempt(JavaUtils.java:152)
	at org.apache.ratis.RaftTestUtil.waitForLeader(RaftTestUtil.java:97)
	at org.apache.ratis.RaftTestUtil.waitForLeader(RaftTestUtil.java:77)
	at org.apache.ratis.RaftTestUtil.waitForLeader(RaftTestUtil.java:72)
	at org.apache.ratis.RaftTestUtil.lambda$changeLeader$7(RaftTestUtil.java:363)
	at org.apache.ratis.util.JavaUtils.attempt(JavaUtils.java:152)
	at org.apache.ratis.RaftTestUtil.changeLeader(RaftTestUtil.java:362)
	at org.apache.ratis.server.impl.LeaderElectionTests.testChangeLeader(LeaderElectionTests.java:81)
	at sun.reflect.NativeMethodAccessorImpl.invoke0(Native Method)
	at sun.reflect.NativeMethodAccessorImpl.invoke(NativeMethodAccessorImpl.java:62)
	at sun.reflect.DelegatingMethodAccessorImpl.invoke(DelegatingMethodAccessorImpl.java:43)
	at java.lang.reflect.Method.invoke(Method.java:498)
	at org.junit.runners.model.FrameworkMethod$1.runReflectiveCall(FrameworkMethod.java:50)
	at org.junit.internal.runners.model.ReflectiveCallable.run(ReflectiveCallable.java:12)
	at org.junit.runners.model.FrameworkMethod.invokeExplosively(FrameworkMethod.java:47)
	at org.junit.internal.runners.statements.InvokeMethod.evaluate(InvokeMethod.java:17)
	at org.junit.internal.runners.statements.RunAfters.evaluate(RunAfters.java:27)
	at org.junit.internal.runners.statements.FailOnTimeout$CallableStatement.call(FailOnTimeout.java:298)
	at org.junit.internal.runners.statements.FailOnTimeout$CallableStatement.call(FailOnTimeout.java:292)
	at java.util.concurrent.FutureTask.run(FutureTask.java:266)
	at java.lang.Thread.run(Thread.java:748)
2019-09-26 09:50:19,910 INFO  impl.FollowerState (FollowerState.java:run(108)) - s0@group-5BD3E7F27A57-FollowerState: change to CANDIDATE, lastRpcTime:216ms, electionTimeout:216ms
2019-09-26 09:50:19,911 INFO  impl.RoleInfo (RoleInfo.java:shutdownFollowerState(121)) - s0: shutdown FollowerState
2019-09-26 09:50:19,911 INFO  impl.RaftServerImpl (RaftServerImpl.java:setRole(170)) - s0@group-5BD3E7F27A57: changes role from  FOLLOWER to CANDIDATE at term 315 for changeToCandidate
2019-09-26 09:50:19,911 INFO  impl.RoleInfo (RoleInfo.java:updateAndGet(143)) - s0: start LeaderElection
2019-09-26 09:50:19,925 INFO  impl.LeaderElection (LeaderElection.java:askForVotes(178)) - s0@group-5BD3E7F27A57-LeaderElection119: begin an election at term 316 for 3: [s0:0.0.0.0:41468, s1:0.0.0.0:41619, s2:0.0.0.0:44382], old=null
2019-09-26 09:50:19,943 INFO  impl.LeaderElection (LeaderElection.java:logAndReturn(56)) - s2@group-5BD3E7F27A57-LeaderElection116: Election TIMEOUT; received 1 response(s) [s2<-s0#0:FAIL-t315] and 0 exception(s); s2@group-5BD3E7F27A57:t315, leader=null, voted=s2, raftlog=s2@group-5BD3E7F27A57-SegmentedRaftLog:OPENED:c1,f3,i3, conf=3: [s0:0.0.0.0:41468, s1:0.0.0.0:41619, s2:0.0.0.0:44382], old=null
2019-09-26 09:50:19,951 INFO  impl.LeaderElection (LeaderElection.java:logAndReturn(56)) - s1@group-5BD3E7F27A57-LeaderElection118: Election TIMEOUT; received 1 response(s) [s1<-s0#0:FAIL-t315] and 0 exception(s); s1@group-5BD3E7F27A57:t315, leader=null, voted=s1, raftlog=s1@group-5BD3E7F27A57-SegmentedRaftLog:OPENED:c2,f3,i3, conf=2: [s0:0.0.0.0:41468, s1:0.0.0.0:41619, s2:0.0.0.0:44382], old=null
2019-09-26 09:50:19,957 INFO  impl.LeaderElection (LeaderElection.java:askForVotes(178)) - s1@group-5BD3E7F27A57-LeaderElection118: begin an election at term 316 for 2: [s0:0.0.0.0:41468, s1:0.0.0.0:41619, s2:0.0.0.0:44382], old=null
2019-09-26 09:50:19,957 INFO  impl.LeaderElection (LeaderElection.java:askForVotes(178)) - s2@group-5BD3E7F27A57-LeaderElection116: begin an election at term 316 for 3: [s0:0.0.0.0:41468, s1:0.0.0.0:41619, s2:0.0.0.0:44382], old=null
2019-09-26 09:50:19,957 DEBUG impl.RaftServerImpl (RaftServerImpl.java:requestVote(743)) - s0@group-5BD3E7F27A57: receive requestVote(s1, group-5BD3E7F27A57, 316, (t:3, i:3))
2019-09-26 09:50:19,957 DEBUG impl.RaftServerImpl (RaftServerImpl.java:requestVote(743)) - s0@group-5BD3E7F27A57: receive requestVote(s2, group-5BD3E7F27A57, 316, (t:4, i:3))
2019-09-26 09:50:19,957 DEBUG impl.RaftServerImpl (RaftServerImpl.java:requestVote(775)) - s0@group-5BD3E7F27A57 replies to vote request: s1<-s0#0:FAIL-t316. Peer's state: s0@group-5BD3E7F27A57:t316, leader=null, voted=s0, raftlog=s0@group-5BD3E7F27A57-SegmentedRaftLog:OPENED:c3,f4,i4, conf=3: [s0:0.0.0.0:41468, s1:0.0.0.0:41619, s2:0.0.0.0:44382], old=null
2019-09-26 09:50:19,958 DEBUG impl.RaftServerImpl (RaftServerImpl.java:requestVote(775)) - s0@group-5BD3E7F27A57 replies to vote request: s2<-s0#0:FAIL-t316. Peer's state: s0@group-5BD3E7F27A57:t316, leader=null, voted=s0, raftlog=s0@group-5BD3E7F27A57-SegmentedRaftLog:OPENED:c3,f4,i4, conf=3: [s0:0.0.0.0:41468, s1:0.0.0.0:41619, s2:0.0.0.0:44382], old=null
2019-09-26 09:50:20,113 INFO  impl.LeaderElection (LeaderElection.java:logAndReturn(56)) - s2@group-5BD3E7F27A57-LeaderElection116: Election TIMEOUT; received 1 response(s) [s2<-s0#0:FAIL-t316] and 0 exception(s); s2@group-5BD3E7F27A57:t316, leader=null, voted=s2, raftlog=s2@group-5BD3E7F27A57-SegmentedRaftLog:OPENED:c1,f3,i3, conf=3: [s0:0.0.0.0:41468, s1:0.0.0.0:41619, s2:0.0.0.0:44382], old=null
2019-09-26 09:50:20,147 INFO  impl.LeaderElection (LeaderElection.java:askForVotes(178)) - s2@group-5BD3E7F27A57-LeaderElection116: begin an election at term 317 for 3: [s0:0.0.0.0:41468, s1:0.0.0.0:41619, s2:0.0.0.0:44382], old=null
2019-09-26 09:50:20,147 DEBUG impl.RaftServerImpl (RaftServerImpl.java:requestVote(743)) - s0@group-5BD3E7F27A57: receive requestVote(s2, group-5BD3E7F27A57, 317, (t:4, i:3))
2019-09-26 09:50:20,148 INFO  impl.RaftServerImpl (RaftServerImpl.java:setRole(170)) - s0@group-5BD3E7F27A57: changes role from CANDIDATE to FOLLOWER at term 317 for recognizeCandidate:s2
2019-09-26 09:50:20,148 INFO  impl.RoleInfo (RoleInfo.java:shutdownLeaderElection(134)) - s0: shutdown LeaderElection
2019-09-26 09:50:20,148 INFO  impl.RoleInfo (RoleInfo.java:updateAndGet(143)) - s0: start FollowerState
2019-09-26 09:50:20,159 INFO  impl.LeaderElection (LeaderElection.java:logAndReturn(56)) - s0@group-5BD3E7F27A57-LeaderElection119: Election REJECTED; received 0 response(s) [] and 0 exception(s); s0@group-5BD3E7F27A57:t317, leader=null, voted=null, raftlog=s0@group-5BD3E7F27A57-SegmentedRaftLog:OPENED:c3,f4,i4, conf=3: [s0:0.0.0.0:41468, s1:0.0.0.0:41619, s2:0.0.0.0:44382], old=null
2019-09-26 09:50:20,163 DEBUG impl.RaftServerImpl (RaftServerImpl.java:requestVote(775)) - s0@group-5BD3E7F27A57 replies to vote request: s2<-s0#0:FAIL-t317. Peer's state: s0@group-5BD3E7F27A57:t317, leader=null, voted=null, raftlog=s0@group-5BD3E7F27A57-SegmentedRaftLog:OPENED:c3,f4,i4, conf=3: [s0:0.0.0.0:41468, s1:0.0.0.0:41619, s2:0.0.0.0:44382], old=null
2019-09-26 09:50:20,242 INFO  impl.LeaderElection (LeaderElection.java:logAndReturn(56)) - s1@group-5BD3E7F27A57-LeaderElection118: Election TIMEOUT; received 1 response(s) [s1<-s0#0:FAIL-t316] and 0 exception(s); s1@group-5BD3E7F27A57:t316, leader=null, voted=s1, raftlog=s1@group-5BD3E7F27A57-SegmentedRaftLog:OPENED:c2,f3,i3, conf=2: [s0:0.0.0.0:41468, s1:0.0.0.0:41619, s2:0.0.0.0:44382], old=null
2019-09-26 09:50:20,246 INFO  impl.LeaderElection (LeaderElection.java:askForVotes(178)) - s1@group-5BD3E7F27A57-LeaderElection118: begin an election at term 317 for 2: [s0:0.0.0.0:41468, s1:0.0.0.0:41619, s2:0.0.0.0:44382], old=null
2019-09-26 09:50:20,247 DEBUG impl.RaftServerImpl (RaftServerImpl.java:requestVote(743)) - s0@group-5BD3E7F27A57: receive requestVote(s1, group-5BD3E7F27A57, 317, (t:3, i:3))
2019-09-26 09:50:20,247 INFO  impl.RaftServerImpl (RaftServerImpl.java:setRole(170)) - s0@group-5BD3E7F27A57: changes role from  FOLLOWER to FOLLOWER at term 317 for recognizeCandidate:s1
2019-09-26 09:50:20,247 INFO  impl.RoleInfo (RoleInfo.java:shutdownFollowerState(121)) - s0: shutdown FollowerState
2019-09-26 09:50:20,247 INFO  impl.RoleInfo (RoleInfo.java:updateAndGet(143)) - s0: start FollowerState
2019-09-26 09:50:20,247 INFO  impl.FollowerState (FollowerState.java:run(117)) - s0@group-5BD3E7F27A57-FollowerState was interrupted: java.lang.InterruptedException: sleep interrupted
2019-09-26 09:50:20,248 DEBUG impl.RaftServerImpl (RaftServerImpl.java:requestVote(775)) - s0@group-5BD3E7F27A57 replies to vote request: s1<-s0#0:FAIL-t317. Peer's state: s0@group-5BD3E7F27A57:t317, leader=null, voted=null, raftlog=s0@group-5BD3E7F27A57-SegmentedRaftLog:OPENED:c3,f4,i4, conf=3: [s0:0.0.0.0:41468, s1:0.0.0.0:41619, s2:0.0.0.0:44382], old=null
2019-09-26 09:50:20,262 WARN  ratis.RaftTestUtil (JavaUtils.java:attempt(158)) - FAILED "waitForLeader-null-(expectLeader? true)", attempt #94/100: java.lang.IllegalStateException: No leader yet : printing ALL groups
  s0:  RUNNING  FOLLOWER s0@group-5BD3E7F27A57:t317, leader=null, voted=null, raftlog=s0@group-5BD3E7F27A57-SegmentedRaftLog:OPENED:c3,f4,i4, conf=3: [s0:0.0.0.0:41468, s1:0.0.0.0:41619, s2:0.0.0.0:44382], old=null RUNNING
  s1:  RUNNING CANDIDATE s1@group-5BD3E7F27A57:t317, leader=null, voted=s1, raftlog=s1@group-5BD3E7F27A57-SegmentedRaftLog:OPENED:c2,f3,i3, conf=2: [s0:0.0.0.0:41468, s1:0.0.0.0:41619, s2:0.0.0.0:44382], old=null RUNNING
  s2:  RUNNING CANDIDATE s2@group-5BD3E7F27A57:t317, leader=null, voted=s2, raftlog=s2@group-5BD3E7F27A57-SegmentedRaftLog:OPENED:c1,f3,i3, conf=3: [s0:0.0.0.0:41468, s1:0.0.0.0:41619, s2:0.0.0.0:44382], old=null RUNNING, sleep 450ms and then retry.
java.lang.IllegalStateException: No leader yet : printing ALL groups
  s0:  RUNNING  FOLLOWER s0@group-5BD3E7F27A57:t317, leader=null, voted=null, raftlog=s0@group-5BD3E7F27A57-SegmentedRaftLog:OPENED:c3,f4,i4, conf=3: [s0:0.0.0.0:41468, s1:0.0.0.0:41619, s2:0.0.0.0:44382], old=null RUNNING
  s1:  RUNNING CANDIDATE s1@group-5BD3E7F27A57:t317, leader=null, voted=s1, raftlog=s1@group-5BD3E7F27A57-SegmentedRaftLog:OPENED:c2,f3,i3, conf=2: [s0:0.0.0.0:41468, s1:0.0.0.0:41619, s2:0.0.0.0:44382], old=null RUNNING
  s2:  RUNNING CANDIDATE s2@group-5BD3E7F27A57:t317, leader=null, voted=s2, raftlog=s2@group-5BD3E7F27A57-SegmentedRaftLog:OPENED:c1,f3,i3, conf=3: [s0:0.0.0.0:41468, s1:0.0.0.0:41619, s2:0.0.0.0:44382], old=null RUNNING
	at org.apache.ratis.MiniRaftCluster.newIllegalStateExceptionForNoLeaders(MiniRaftCluster.java:506)
	at org.apache.ratis.RaftTestUtil.lambda$waitForLeader$1(RaftTestUtil.java:90)
	at org.apache.ratis.MiniRaftCluster.getLeader(MiniRaftCluster.java:539)
	at org.apache.ratis.MiniRaftCluster.getLeader(MiniRaftCluster.java:532)
	at org.apache.ratis.RaftTestUtil.lambda$waitForLeader$3(RaftTestUtil.java:98)
	at org.apache.ratis.util.JavaUtils.attempt(JavaUtils.java:152)
	at org.apache.ratis.RaftTestUtil.waitForLeader(RaftTestUtil.java:97)
	at org.apache.ratis.RaftTestUtil.waitForLeader(RaftTestUtil.java:77)
	at org.apache.ratis.RaftTestUtil.waitForLeader(RaftTestUtil.java:72)
	at org.apache.ratis.RaftTestUtil.lambda$changeLeader$7(RaftTestUtil.java:363)
	at org.apache.ratis.util.JavaUtils.attempt(JavaUtils.java:152)
	at org.apache.ratis.RaftTestUtil.changeLeader(RaftTestUtil.java:362)
	at org.apache.ratis.server.impl.LeaderElectionTests.testChangeLeader(LeaderElectionTests.java:81)
	at sun.reflect.NativeMethodAccessorImpl.invoke0(Native Method)
	at sun.reflect.NativeMethodAccessorImpl.invoke(NativeMethodAccessorImpl.java:62)
	at sun.reflect.DelegatingMethodAccessorImpl.invoke(DelegatingMethodAccessorImpl.java:43)
	at java.lang.reflect.Method.invoke(Method.java:498)
	at org.junit.runners.model.FrameworkMethod$1.runReflectiveCall(FrameworkMethod.java:50)
	at org.junit.internal.runners.model.ReflectiveCallable.run(ReflectiveCallable.java:12)
	at org.junit.runners.model.FrameworkMethod.invokeExplosively(FrameworkMethod.java:47)
	at org.junit.internal.runners.statements.InvokeMethod.evaluate(InvokeMethod.java:17)
	at org.junit.internal.runners.statements.RunAfters.evaluate(RunAfters.java:27)
	at org.junit.internal.runners.statements.FailOnTimeout$CallableStatement.call(FailOnTimeout.java:298)
	at org.junit.internal.runners.statements.FailOnTimeout$CallableStatement.call(FailOnTimeout.java:292)
	at java.util.concurrent.FutureTask.run(FutureTask.java:266)
	at java.lang.Thread.run(Thread.java:748)
2019-09-26 09:50:20,409 INFO  impl.LeaderElection (LeaderElection.java:logAndReturn(56)) - s2@group-5BD3E7F27A57-LeaderElection116: Election TIMEOUT; received 1 response(s) [s2<-s0#0:FAIL-t317] and 0 exception(s); s2@group-5BD3E7F27A57:t317, leader=null, voted=s2, raftlog=s2@group-5BD3E7F27A57-SegmentedRaftLog:OPENED:c1,f3,i3, conf=3: [s0:0.0.0.0:41468, s1:0.0.0.0:41619, s2:0.0.0.0:44382], old=null
2019-09-26 09:50:20,416 INFO  impl.LeaderElection (LeaderElection.java:askForVotes(178)) - s2@group-5BD3E7F27A57-LeaderElection116: begin an election at term 318 for 3: [s0:0.0.0.0:41468, s1:0.0.0.0:41619, s2:0.0.0.0:44382], old=null
2019-09-26 09:50:20,417 DEBUG impl.RaftServerImpl (RaftServerImpl.java:requestVote(743)) - s0@group-5BD3E7F27A57: receive requestVote(s2, group-5BD3E7F27A57, 318, (t:4, i:3))
2019-09-26 09:50:20,417 INFO  impl.RaftServerImpl (RaftServerImpl.java:setRole(170)) - s0@group-5BD3E7F27A57: changes role from  FOLLOWER to FOLLOWER at term 318 for recognizeCandidate:s2
2019-09-26 09:50:20,417 INFO  impl.RoleInfo (RoleInfo.java:shutdownFollowerState(121)) - s0: shutdown FollowerState
2019-09-26 09:50:20,417 INFO  impl.RoleInfo (RoleInfo.java:updateAndGet(143)) - s0: start FollowerState
2019-09-26 09:50:20,417 INFO  impl.FollowerState (FollowerState.java:run(117)) - s0@group-5BD3E7F27A57-FollowerState was interrupted: java.lang.InterruptedException: sleep interrupted
2019-09-26 09:50:20,431 DEBUG impl.RaftServerImpl (RaftServerImpl.java:requestVote(775)) - s0@group-5BD3E7F27A57 replies to vote request: s2<-s0#0:FAIL-t318. Peer's state: s0@group-5BD3E7F27A57:t318, leader=null, voted=null, raftlog=s0@group-5BD3E7F27A57-SegmentedRaftLog:OPENED:c3,f4,i4, conf=3: [s0:0.0.0.0:41468, s1:0.0.0.0:41619, s2:0.0.0.0:44382], old=null
2019-09-26 09:50:20,515 INFO  impl.LeaderElection (LeaderElection.java:logAndReturn(56)) - s1@group-5BD3E7F27A57-LeaderElection118: Election TIMEOUT; received 1 response(s) [s1<-s0#0:FAIL-t317] and 0 exception(s); s1@group-5BD3E7F27A57:t317, leader=null, voted=s1, raftlog=s1@group-5BD3E7F27A57-SegmentedRaftLog:OPENED:c2,f3,i3, conf=2: [s0:0.0.0.0:41468, s1:0.0.0.0:41619, s2:0.0.0.0:44382], old=null
2019-09-26 09:50:20,520 INFO  impl.LeaderElection (LeaderElection.java:askForVotes(178)) - s1@group-5BD3E7F27A57-LeaderElection118: begin an election at term 318 for 2: [s0:0.0.0.0:41468, s1:0.0.0.0:41619, s2:0.0.0.0:44382], old=null
2019-09-26 09:50:20,521 DEBUG impl.RaftServerImpl (RaftServerImpl.java:requestVote(743)) - s0@group-5BD3E7F27A57: receive requestVote(s1, group-5BD3E7F27A57, 318, (t:3, i:3))
2019-09-26 09:50:20,521 INFO  impl.RaftServerImpl (RaftServerImpl.java:setRole(170)) - s0@group-5BD3E7F27A57: changes role from  FOLLOWER to FOLLOWER at term 318 for recognizeCandidate:s1
2019-09-26 09:50:20,521 INFO  impl.RoleInfo (RoleInfo.java:shutdownFollowerState(121)) - s0: shutdown FollowerState
2019-09-26 09:50:20,521 INFO  impl.RoleInfo (RoleInfo.java:updateAndGet(143)) - s0: start FollowerState
2019-09-26 09:50:20,521 INFO  impl.FollowerState (FollowerState.java:run(117)) - s0@group-5BD3E7F27A57-FollowerState was interrupted: java.lang.InterruptedException: sleep interrupted
2019-09-26 09:50:20,521 DEBUG impl.RaftServerImpl (RaftServerImpl.java:requestVote(775)) - s0@group-5BD3E7F27A57 replies to vote request: s1<-s0#0:FAIL-t318. Peer's state: s0@group-5BD3E7F27A57:t318, leader=null, voted=null, raftlog=s0@group-5BD3E7F27A57-SegmentedRaftLog:OPENED:c3,f4,i4, conf=3: [s0:0.0.0.0:41468, s1:0.0.0.0:41619, s2:0.0.0.0:44382], old=null
2019-09-26 09:50:20,677 INFO  impl.LeaderElection (LeaderElection.java:logAndReturn(56)) - s2@group-5BD3E7F27A57-LeaderElection116: Election TIMEOUT; received 1 response(s) [s2<-s0#0:FAIL-t318] and 0 exception(s); s2@group-5BD3E7F27A57:t318, leader=null, voted=s2, raftlog=s2@group-5BD3E7F27A57-SegmentedRaftLog:OPENED:c1,f3,i3, conf=3: [s0:0.0.0.0:41468, s1:0.0.0.0:41619, s2:0.0.0.0:44382], old=null
2019-09-26 09:50:20,678 INFO  impl.FollowerState (FollowerState.java:run(108)) - s0@group-5BD3E7F27A57-FollowerState: change to CANDIDATE, lastRpcTime:156ms, electionTimeout:156ms
2019-09-26 09:50:20,678 INFO  impl.RoleInfo (RoleInfo.java:shutdownFollowerState(121)) - s0: shutdown FollowerState
2019-09-26 09:50:20,678 INFO  impl.RaftServerImpl (RaftServerImpl.java:setRole(170)) - s0@group-5BD3E7F27A57: changes role from  FOLLOWER to CANDIDATE at term 318 for changeToCandidate
2019-09-26 09:50:20,678 INFO  impl.RoleInfo (RoleInfo.java:updateAndGet(143)) - s0: start LeaderElection
2019-09-26 09:50:20,692 INFO  impl.LeaderElection (LeaderElection.java:askForVotes(178)) - s2@group-5BD3E7F27A57-LeaderElection116: begin an election at term 319 for 3: [s0:0.0.0.0:41468, s1:0.0.0.0:41619, s2:0.0.0.0:44382], old=null
2019-09-26 09:50:20,692 INFO  impl.LeaderElection (LeaderElection.java:askForVotes(178)) - s0@group-5BD3E7F27A57-LeaderElection120: begin an election at term 319 for 3: [s0:0.0.0.0:41468, s1:0.0.0.0:41619, s2:0.0.0.0:44382], old=null
2019-09-26 09:50:20,692 DEBUG impl.RaftServerImpl (RaftServerImpl.java:requestVote(743)) - s0@group-5BD3E7F27A57: receive requestVote(s2, group-5BD3E7F27A57, 319, (t:4, i:3))
2019-09-26 09:50:20,693 DEBUG impl.RaftServerImpl (RaftServerImpl.java:requestVote(775)) - s0@group-5BD3E7F27A57 replies to vote request: s2<-s0#0:FAIL-t319. Peer's state: s0@group-5BD3E7F27A57:t319, leader=null, voted=s0, raftlog=s0@group-5BD3E7F27A57-SegmentedRaftLog:OPENED:c3,f4,i4, conf=3: [s0:0.0.0.0:41468, s1:0.0.0.0:41619, s2:0.0.0.0:44382], old=null
2019-09-26 09:50:20,711 INFO  impl.LeaderElection (LeaderElection.java:logAndReturn(56)) - s1@group-5BD3E7F27A57-LeaderElection118: Election TIMEOUT; received 1 response(s) [s1<-s0#0:FAIL-t318] and 0 exception(s); s1@group-5BD3E7F27A57:t318, leader=null, voted=s1, raftlog=s1@group-5BD3E7F27A57-SegmentedRaftLog:OPENED:c2,f3,i3, conf=2: [s0:0.0.0.0:41468, s1:0.0.0.0:41619, s2:0.0.0.0:44382], old=null
2019-09-26 09:50:20,713 WARN  ratis.RaftTestUtil (JavaUtils.java:attempt(158)) - FAILED "waitForLeader-null-(expectLeader? true)", attempt #95/100: java.lang.IllegalStateException: No leader yet : printing ALL groups
  s0:  RUNNING CANDIDATE s0@group-5BD3E7F27A57:t319, leader=null, voted=s0, raftlog=s0@group-5BD3E7F27A57-SegmentedRaftLog:OPENED:c3,f4,i4, conf=3: [s0:0.0.0.0:41468, s1:0.0.0.0:41619, s2:0.0.0.0:44382], old=null RUNNING
  s1:  RUNNING CANDIDATE s1@group-5BD3E7F27A57:t319, leader=null, voted=s1, raftlog=s1@group-5BD3E7F27A57-SegmentedRaftLog:OPENED:c2,f3,i3, conf=2: [s0:0.0.0.0:41468, s1:0.0.0.0:41619, s2:0.0.0.0:44382], old=null RUNNING
  s2:  RUNNING CANDIDATE s2@group-5BD3E7F27A57:t319, leader=null, voted=s2, raftlog=s2@group-5BD3E7F27A57-SegmentedRaftLog:OPENED:c1,f3,i3, conf=3: [s0:0.0.0.0:41468, s1:0.0.0.0:41619, s2:0.0.0.0:44382], old=null RUNNING, sleep 450ms and then retry.
java.lang.IllegalStateException: No leader yet : printing ALL groups
  s0:  RUNNING CANDIDATE s0@group-5BD3E7F27A57:t319, leader=null, voted=s0, raftlog=s0@group-5BD3E7F27A57-SegmentedRaftLog:OPENED:c3,f4,i4, conf=3: [s0:0.0.0.0:41468, s1:0.0.0.0:41619, s2:0.0.0.0:44382], old=null RUNNING
  s1:  RUNNING CANDIDATE s1@group-5BD3E7F27A57:t319, leader=null, voted=s1, raftlog=s1@group-5BD3E7F27A57-SegmentedRaftLog:OPENED:c2,f3,i3, conf=2: [s0:0.0.0.0:41468, s1:0.0.0.0:41619, s2:0.0.0.0:44382], old=null RUNNING
  s2:  RUNNING CANDIDATE s2@group-5BD3E7F27A57:t319, leader=null, voted=s2, raftlog=s2@group-5BD3E7F27A57-SegmentedRaftLog:OPENED:c1,f3,i3, conf=3: [s0:0.0.0.0:41468, s1:0.0.0.0:41619, s2:0.0.0.0:44382], old=null RUNNING
	at org.apache.ratis.MiniRaftCluster.newIllegalStateExceptionForNoLeaders(MiniRaftCluster.java:506)
	at org.apache.ratis.RaftTestUtil.lambda$waitForLeader$1(RaftTestUtil.java:90)
	at org.apache.ratis.MiniRaftCluster.getLeader(MiniRaftCluster.java:539)
	at org.apache.ratis.MiniRaftCluster.getLeader(MiniRaftCluster.java:532)
	at org.apache.ratis.RaftTestUtil.lambda$waitForLeader$3(RaftTestUtil.java:98)
	at org.apache.ratis.util.JavaUtils.attempt(JavaUtils.java:152)
	at org.apache.ratis.RaftTestUtil.waitForLeader(RaftTestUtil.java:97)
	at org.apache.ratis.RaftTestUtil.waitForLeader(RaftTestUtil.java:77)
	at org.apache.ratis.RaftTestUtil.waitForLeader(RaftTestUtil.java:72)
	at org.apache.ratis.RaftTestUtil.lambda$changeLeader$7(RaftTestUtil.java:363)
	at org.apache.ratis.util.JavaUtils.attempt(JavaUtils.java:152)
	at org.apache.ratis.RaftTestUtil.changeLeader(RaftTestUtil.java:362)
	at org.apache.ratis.server.impl.LeaderElectionTests.testChangeLeader(LeaderElectionTests.java:81)
	at sun.reflect.NativeMethodAccessorImpl.invoke0(Native Method)
	at sun.reflect.NativeMethodAccessorImpl.invoke(NativeMethodAccessorImpl.java:62)
	at sun.reflect.DelegatingMethodAccessorImpl.invoke(DelegatingMethodAccessorImpl.java:43)
	at java.lang.reflect.Method.invoke(Method.java:498)
	at org.junit.runners.model.FrameworkMethod$1.runReflectiveCall(FrameworkMethod.java:50)
	at org.junit.internal.runners.model.ReflectiveCallable.run(ReflectiveCallable.java:12)
	at org.junit.runners.model.FrameworkMethod.invokeExplosively(FrameworkMethod.java:47)
	at org.junit.internal.runners.statements.InvokeMethod.evaluate(InvokeMethod.java:17)
	at org.junit.internal.runners.statements.RunAfters.evaluate(RunAfters.java:27)
	at org.junit.internal.runners.statements.FailOnTimeout$CallableStatement.call(FailOnTimeout.java:298)
	at org.junit.internal.runners.statements.FailOnTimeout$CallableStatement.call(FailOnTimeout.java:292)
	at java.util.concurrent.FutureTask.run(FutureTask.java:266)
	at java.lang.Thread.run(Thread.java:748)
2019-09-26 09:50:20,724 INFO  impl.LeaderElection (LeaderElection.java:askForVotes(178)) - s1@group-5BD3E7F27A57-LeaderElection118: begin an election at term 319 for 2: [s0:0.0.0.0:41468, s1:0.0.0.0:41619, s2:0.0.0.0:44382], old=null
2019-09-26 09:50:20,725 DEBUG impl.RaftServerImpl (RaftServerImpl.java:requestVote(743)) - s0@group-5BD3E7F27A57: receive requestVote(s1, group-5BD3E7F27A57, 319, (t:3, i:3))
2019-09-26 09:50:20,725 DEBUG impl.RaftServerImpl (RaftServerImpl.java:requestVote(775)) - s0@group-5BD3E7F27A57 replies to vote request: s1<-s0#0:FAIL-t319. Peer's state: s0@group-5BD3E7F27A57:t319, leader=null, voted=s0, raftlog=s0@group-5BD3E7F27A57-SegmentedRaftLog:OPENED:c3,f4,i4, conf=3: [s0:0.0.0.0:41468, s1:0.0.0.0:41619, s2:0.0.0.0:44382], old=null
2019-09-26 09:50:20,912 INFO  impl.LeaderElection (LeaderElection.java:logAndReturn(56)) - s2@group-5BD3E7F27A57-LeaderElection116: Election TIMEOUT; received 1 response(s) [s2<-s0#0:FAIL-t319] and 0 exception(s); s2@group-5BD3E7F27A57:t319, leader=null, voted=s2, raftlog=s2@group-5BD3E7F27A57-SegmentedRaftLog:OPENED:c1,f3,i3, conf=3: [s0:0.0.0.0:41468, s1:0.0.0.0:41619, s2:0.0.0.0:44382], old=null
2019-09-26 09:50:20,924 INFO  impl.LeaderElection (LeaderElection.java:askForVotes(178)) - s2@group-5BD3E7F27A57-LeaderElection116: begin an election at term 320 for 3: [s0:0.0.0.0:41468, s1:0.0.0.0:41619, s2:0.0.0.0:44382], old=null
2019-09-26 09:50:20,925 DEBUG impl.RaftServerImpl (RaftServerImpl.java:requestVote(743)) - s0@group-5BD3E7F27A57: receive requestVote(s2, group-5BD3E7F27A57, 320, (t:4, i:3))
2019-09-26 09:50:20,925 INFO  impl.RaftServerImpl (RaftServerImpl.java:setRole(170)) - s0@group-5BD3E7F27A57: changes role from CANDIDATE to FOLLOWER at term 320 for recognizeCandidate:s2
2019-09-26 09:50:20,925 INFO  impl.RoleInfo (RoleInfo.java:shutdownLeaderElection(134)) - s0: shutdown LeaderElection
2019-09-26 09:50:20,925 INFO  impl.RoleInfo (RoleInfo.java:updateAndGet(143)) - s0: start FollowerState
2019-09-26 09:50:20,947 DEBUG impl.RaftServerImpl (RaftServerImpl.java:requestVote(775)) - s0@group-5BD3E7F27A57 replies to vote request: s2<-s0#0:FAIL-t320. Peer's state: s0@group-5BD3E7F27A57:t320, leader=null, voted=null, raftlog=s0@group-5BD3E7F27A57-SegmentedRaftLog:OPENED:c3,f4,i4, conf=3: [s0:0.0.0.0:41468, s1:0.0.0.0:41619, s2:0.0.0.0:44382], old=null
2019-09-26 09:50:20,949 INFO  impl.LeaderElection (LeaderElection.java:logAndReturn(56)) - s0@group-5BD3E7F27A57-LeaderElection120: Election REJECTED; received 0 response(s) [] and 0 exception(s); s0@group-5BD3E7F27A57:t320, leader=null, voted=null, raftlog=s0@group-5BD3E7F27A57-SegmentedRaftLog:OPENED:c3,f4,i4, conf=3: [s0:0.0.0.0:41468, s1:0.0.0.0:41619, s2:0.0.0.0:44382], old=null
2019-09-26 09:50:21,007 INFO  impl.LeaderElection (LeaderElection.java:logAndReturn(56)) - s1@group-5BD3E7F27A57-LeaderElection118: Election TIMEOUT; received 1 response(s) [s1<-s0#0:FAIL-t319] and 0 exception(s); s1@group-5BD3E7F27A57:t319, leader=null, voted=s1, raftlog=s1@group-5BD3E7F27A57-SegmentedRaftLog:OPENED:c2,f3,i3, conf=2: [s0:0.0.0.0:41468, s1:0.0.0.0:41619, s2:0.0.0.0:44382], old=null
2019-09-26 09:50:21,020 INFO  impl.LeaderElection (LeaderElection.java:askForVotes(178)) - s1@group-5BD3E7F27A57-LeaderElection118: begin an election at term 320 for 2: [s0:0.0.0.0:41468, s1:0.0.0.0:41619, s2:0.0.0.0:44382], old=null
2019-09-26 09:50:21,021 DEBUG impl.RaftServerImpl (RaftServerImpl.java:requestVote(743)) - s0@group-5BD3E7F27A57: receive requestVote(s1, group-5BD3E7F27A57, 320, (t:3, i:3))
2019-09-26 09:50:21,021 INFO  impl.RaftServerImpl (RaftServerImpl.java:setRole(170)) - s0@group-5BD3E7F27A57: changes role from  FOLLOWER to FOLLOWER at term 320 for recognizeCandidate:s1
2019-09-26 09:50:21,021 INFO  impl.RoleInfo (RoleInfo.java:shutdownFollowerState(121)) - s0: shutdown FollowerState
2019-09-26 09:50:21,021 INFO  impl.RoleInfo (RoleInfo.java:updateAndGet(143)) - s0: start FollowerState
2019-09-26 09:50:21,021 INFO  impl.FollowerState (FollowerState.java:run(117)) - s0@group-5BD3E7F27A57-FollowerState was interrupted: java.lang.InterruptedException: sleep interrupted
2019-09-26 09:50:21,021 DEBUG impl.RaftServerImpl (RaftServerImpl.java:requestVote(775)) - s0@group-5BD3E7F27A57 replies to vote request: s1<-s0#0:FAIL-t320. Peer's state: s0@group-5BD3E7F27A57:t320, leader=null, voted=null, raftlog=s0@group-5BD3E7F27A57-SegmentedRaftLog:OPENED:c3,f4,i4, conf=3: [s0:0.0.0.0:41468, s1:0.0.0.0:41619, s2:0.0.0.0:44382], old=null
2019-09-26 09:50:21,164 WARN  ratis.RaftTestUtil (JavaUtils.java:attempt(158)) - FAILED "waitForLeader-null-(expectLeader? true)", attempt #96/100: java.lang.IllegalStateException: No leader yet : printing ALL groups
  s0:  RUNNING  FOLLOWER s0@group-5BD3E7F27A57:t320, leader=null, voted=null, raftlog=s0@group-5BD3E7F27A57-SegmentedRaftLog:OPENED:c3,f4,i4, conf=3: [s0:0.0.0.0:41468, s1:0.0.0.0:41619, s2:0.0.0.0:44382], old=null RUNNING
  s1:  RUNNING CANDIDATE s1@group-5BD3E7F27A57:t320, leader=null, voted=s1, raftlog=s1@group-5BD3E7F27A57-SegmentedRaftLog:OPENED:c2,f3,i3, conf=2: [s0:0.0.0.0:41468, s1:0.0.0.0:41619, s2:0.0.0.0:44382], old=null RUNNING
  s2:  RUNNING CANDIDATE s2@group-5BD3E7F27A57:t320, leader=null, voted=s2, raftlog=s2@group-5BD3E7F27A57-SegmentedRaftLog:OPENED:c1,f3,i3, conf=3: [s0:0.0.0.0:41468, s1:0.0.0.0:41619, s2:0.0.0.0:44382], old=null RUNNING, sleep 450ms and then retry.
java.lang.IllegalStateException: No leader yet : printing ALL groups
  s0:  RUNNING  FOLLOWER s0@group-5BD3E7F27A57:t320, leader=null, voted=null, raftlog=s0@group-5BD3E7F27A57-SegmentedRaftLog:OPENED:c3,f4,i4, conf=3: [s0:0.0.0.0:41468, s1:0.0.0.0:41619, s2:0.0.0.0:44382], old=null RUNNING
  s1:  RUNNING CANDIDATE s1@group-5BD3E7F27A57:t320, leader=null, voted=s1, raftlog=s1@group-5BD3E7F27A57-SegmentedRaftLog:OPENED:c2,f3,i3, conf=2: [s0:0.0.0.0:41468, s1:0.0.0.0:41619, s2:0.0.0.0:44382], old=null RUNNING
  s2:  RUNNING CANDIDATE s2@group-5BD3E7F27A57:t320, leader=null, voted=s2, raftlog=s2@group-5BD3E7F27A57-SegmentedRaftLog:OPENED:c1,f3,i3, conf=3: [s0:0.0.0.0:41468, s1:0.0.0.0:41619, s2:0.0.0.0:44382], old=null RUNNING
	at org.apache.ratis.MiniRaftCluster.newIllegalStateExceptionForNoLeaders(MiniRaftCluster.java:506)
	at org.apache.ratis.RaftTestUtil.lambda$waitForLeader$1(RaftTestUtil.java:90)
	at org.apache.ratis.MiniRaftCluster.getLeader(MiniRaftCluster.java:539)
	at org.apache.ratis.MiniRaftCluster.getLeader(MiniRaftCluster.java:532)
	at org.apache.ratis.RaftTestUtil.lambda$waitForLeader$3(RaftTestUtil.java:98)
	at org.apache.ratis.util.JavaUtils.attempt(JavaUtils.java:152)
	at org.apache.ratis.RaftTestUtil.waitForLeader(RaftTestUtil.java:97)
	at org.apache.ratis.RaftTestUtil.waitForLeader(RaftTestUtil.java:77)
	at org.apache.ratis.RaftTestUtil.waitForLeader(RaftTestUtil.java:72)
	at org.apache.ratis.RaftTestUtil.lambda$changeLeader$7(RaftTestUtil.java:363)
	at org.apache.ratis.util.JavaUtils.attempt(JavaUtils.java:152)
	at org.apache.ratis.RaftTestUtil.changeLeader(RaftTestUtil.java:362)
	at org.apache.ratis.server.impl.LeaderElectionTests.testChangeLeader(LeaderElectionTests.java:81)
	at sun.reflect.NativeMethodAccessorImpl.invoke0(Native Method)
	at sun.reflect.NativeMethodAccessorImpl.invoke(NativeMethodAccessorImpl.java:62)
	at sun.reflect.DelegatingMethodAccessorImpl.invoke(DelegatingMethodAccessorImpl.java:43)
	at java.lang.reflect.Method.invoke(Method.java:498)
	at org.junit.runners.model.FrameworkMethod$1.runReflectiveCall(FrameworkMethod.java:50)
	at org.junit.internal.runners.model.ReflectiveCallable.run(ReflectiveCallable.java:12)
	at org.junit.runners.model.FrameworkMethod.invokeExplosively(FrameworkMethod.java:47)
	at org.junit.internal.runners.statements.InvokeMethod.evaluate(InvokeMethod.java:17)
	at org.junit.internal.runners.statements.RunAfters.evaluate(RunAfters.java:27)
	at org.junit.internal.runners.statements.FailOnTimeout$CallableStatement.call(FailOnTimeout.java:298)
	at org.junit.internal.runners.statements.FailOnTimeout$CallableStatement.call(FailOnTimeout.java:292)
	at java.util.concurrent.FutureTask.run(FutureTask.java:266)
	at java.lang.Thread.run(Thread.java:748)
2019-09-26 09:50:21,166 INFO  impl.LeaderElection (LeaderElection.java:logAndReturn(56)) - s2@group-5BD3E7F27A57-LeaderElection116: Election TIMEOUT; received 1 response(s) [s2<-s0#0:FAIL-t320] and 0 exception(s); s2@group-5BD3E7F27A57:t320, leader=null, voted=s2, raftlog=s2@group-5BD3E7F27A57-SegmentedRaftLog:OPENED:c1,f3,i3, conf=3: [s0:0.0.0.0:41468, s1:0.0.0.0:41619, s2:0.0.0.0:44382], old=null
2019-09-26 09:50:21,179 INFO  impl.LeaderElection (LeaderElection.java:askForVotes(178)) - s2@group-5BD3E7F27A57-LeaderElection116: begin an election at term 321 for 3: [s0:0.0.0.0:41468, s1:0.0.0.0:41619, s2:0.0.0.0:44382], old=null
2019-09-26 09:50:21,180 DEBUG impl.RaftServerImpl (RaftServerImpl.java:requestVote(743)) - s0@group-5BD3E7F27A57: receive requestVote(s2, group-5BD3E7F27A57, 321, (t:4, i:3))
2019-09-26 09:50:21,180 INFO  impl.RaftServerImpl (RaftServerImpl.java:setRole(170)) - s0@group-5BD3E7F27A57: changes role from  FOLLOWER to FOLLOWER at term 321 for recognizeCandidate:s2
2019-09-26 09:50:21,180 INFO  impl.RoleInfo (RoleInfo.java:shutdownFollowerState(121)) - s0: shutdown FollowerState
2019-09-26 09:50:21,180 INFO  impl.RoleInfo (RoleInfo.java:updateAndGet(143)) - s0: start FollowerState
2019-09-26 09:50:21,180 INFO  impl.FollowerState (FollowerState.java:run(117)) - s0@group-5BD3E7F27A57-FollowerState was interrupted: java.lang.InterruptedException: sleep interrupted
2019-09-26 09:50:21,195 DEBUG impl.RaftServerImpl (RaftServerImpl.java:requestVote(775)) - s0@group-5BD3E7F27A57 replies to vote request: s2<-s0#0:FAIL-t321. Peer's state: s0@group-5BD3E7F27A57:t321, leader=null, voted=null, raftlog=s0@group-5BD3E7F27A57-SegmentedRaftLog:OPENED:c3,f4,i4, conf=3: [s0:0.0.0.0:41468, s1:0.0.0.0:41619, s2:0.0.0.0:44382], old=null
2019-09-26 09:50:21,196 INFO  ratis.MiniRaftCluster (MiniRaftCluster.java:lambda$null$5(297)) - TIMED-PRINT: printing ALL groups
  s0:  RUNNING  FOLLOWER s0@group-5BD3E7F27A57:t321, leader=null, voted=null, raftlog=s0@group-5BD3E7F27A57-SegmentedRaftLog:OPENED:c3,f4,i4, conf=3: [s0:0.0.0.0:41468, s1:0.0.0.0:41619, s2:0.0.0.0:44382], old=null RUNNING
  s1:  RUNNING CANDIDATE s1@group-5BD3E7F27A57:t320, leader=null, voted=s1, raftlog=s1@group-5BD3E7F27A57-SegmentedRaftLog:OPENED:c2,f3,i3, conf=2: [s0:0.0.0.0:41468, s1:0.0.0.0:41619, s2:0.0.0.0:44382], old=null RUNNING
  s2:  RUNNING CANDIDATE s2@group-5BD3E7F27A57:t321, leader=null, voted=s2, raftlog=s2@group-5BD3E7F27A57-SegmentedRaftLog:OPENED:c1,f3,i3, conf=3: [s0:0.0.0.0:41468, s1:0.0.0.0:41619, s2:0.0.0.0:44382], old=null RUNNING
2019-09-26 09:50:21,237 INFO  impl.LeaderElection (LeaderElection.java:logAndReturn(56)) - s1@group-5BD3E7F27A57-LeaderElection118: Election TIMEOUT; received 1 response(s) [s1<-s0#0:FAIL-t320] and 0 exception(s); s1@group-5BD3E7F27A57:t320, leader=null, voted=s1, raftlog=s1@group-5BD3E7F27A57-SegmentedRaftLog:OPENED:c2,f3,i3, conf=2: [s0:0.0.0.0:41468, s1:0.0.0.0:41619, s2:0.0.0.0:44382], old=null
2019-09-26 09:50:21,250 INFO  impl.LeaderElection (LeaderElection.java:askForVotes(178)) - s1@group-5BD3E7F27A57-LeaderElection118: begin an election at term 321 for 2: [s0:0.0.0.0:41468, s1:0.0.0.0:41619, s2:0.0.0.0:44382], old=null
2019-09-26 09:50:21,251 DEBUG impl.RaftServerImpl (RaftServerImpl.java:requestVote(743)) - s0@group-5BD3E7F27A57: receive requestVote(s1, group-5BD3E7F27A57, 321, (t:3, i:3))
2019-09-26 09:50:21,251 INFO  impl.RaftServerImpl (RaftServerImpl.java:setRole(170)) - s0@group-5BD3E7F27A57: changes role from  FOLLOWER to FOLLOWER at term 321 for recognizeCandidate:s1
2019-09-26 09:50:21,251 INFO  impl.RoleInfo (RoleInfo.java:shutdownFollowerState(121)) - s0: shutdown FollowerState
2019-09-26 09:50:21,251 INFO  impl.RoleInfo (RoleInfo.java:updateAndGet(143)) - s0: start FollowerState
2019-09-26 09:50:21,251 INFO  impl.FollowerState (FollowerState.java:run(117)) - s0@group-5BD3E7F27A57-FollowerState was interrupted: java.lang.InterruptedException: sleep interrupted
2019-09-26 09:50:21,251 DEBUG impl.RaftServerImpl (RaftServerImpl.java:requestVote(775)) - s0@group-5BD3E7F27A57 replies to vote request: s1<-s0#0:FAIL-t321. Peer's state: s0@group-5BD3E7F27A57:t321, leader=null, voted=null, raftlog=s0@group-5BD3E7F27A57-SegmentedRaftLog:OPENED:c3,f4,i4, conf=3: [s0:0.0.0.0:41468, s1:0.0.0.0:41619, s2:0.0.0.0:44382], old=null
2019-09-26 09:50:21,357 INFO  impl.LeaderElection (LeaderElection.java:logAndReturn(56)) - s2@group-5BD3E7F27A57-LeaderElection116: Election TIMEOUT; received 1 response(s) [s2<-s0#0:FAIL-t321] and 0 exception(s); s2@group-5BD3E7F27A57:t321, leader=null, voted=s2, raftlog=s2@group-5BD3E7F27A57-SegmentedRaftLog:OPENED:c1,f3,i3, conf=3: [s0:0.0.0.0:41468, s1:0.0.0.0:41619, s2:0.0.0.0:44382], old=null
2019-09-26 09:50:21,370 INFO  impl.LeaderElection (LeaderElection.java:askForVotes(178)) - s2@group-5BD3E7F27A57-LeaderElection116: begin an election at term 322 for 3: [s0:0.0.0.0:41468, s1:0.0.0.0:41619, s2:0.0.0.0:44382], old=null
2019-09-26 09:50:21,371 DEBUG impl.RaftServerImpl (RaftServerImpl.java:requestVote(743)) - s0@group-5BD3E7F27A57: receive requestVote(s2, group-5BD3E7F27A57, 322, (t:4, i:3))
2019-09-26 09:50:21,371 INFO  impl.RaftServerImpl (RaftServerImpl.java:setRole(170)) - s0@group-5BD3E7F27A57: changes role from  FOLLOWER to FOLLOWER at term 322 for recognizeCandidate:s2
2019-09-26 09:50:21,371 INFO  impl.RoleInfo (RoleInfo.java:shutdownFollowerState(121)) - s0: shutdown FollowerState
2019-09-26 09:50:21,371 INFO  impl.RoleInfo (RoleInfo.java:updateAndGet(143)) - s0: start FollowerState
2019-09-26 09:50:21,371 INFO  impl.FollowerState (FollowerState.java:run(117)) - s0@group-5BD3E7F27A57-FollowerState was interrupted: java.lang.InterruptedException: sleep interrupted
2019-09-26 09:50:21,384 DEBUG impl.RaftServerImpl (RaftServerImpl.java:requestVote(775)) - s0@group-5BD3E7F27A57 replies to vote request: s2<-s0#0:FAIL-t322. Peer's state: s0@group-5BD3E7F27A57:t322, leader=null, voted=null, raftlog=s0@group-5BD3E7F27A57-SegmentedRaftLog:OPENED:c3,f4,i4, conf=3: [s0:0.0.0.0:41468, s1:0.0.0.0:41619, s2:0.0.0.0:44382], old=null
2019-09-26 09:50:21,427 INFO  impl.LeaderElection (LeaderElection.java:logAndReturn(56)) - s1@group-5BD3E7F27A57-LeaderElection118: Election TIMEOUT; received 1 response(s) [s1<-s0#0:FAIL-t321] and 0 exception(s); s1@group-5BD3E7F27A57:t321, leader=null, voted=s1, raftlog=s1@group-5BD3E7F27A57-SegmentedRaftLog:OPENED:c2,f3,i3, conf=2: [s0:0.0.0.0:41468, s1:0.0.0.0:41619, s2:0.0.0.0:44382], old=null
2019-09-26 09:50:21,439 INFO  impl.LeaderElection (LeaderElection.java:askForVotes(178)) - s1@group-5BD3E7F27A57-LeaderElection118: begin an election at term 322 for 2: [s0:0.0.0.0:41468, s1:0.0.0.0:41619, s2:0.0.0.0:44382], old=null
2019-09-26 09:50:21,439 DEBUG impl.RaftServerImpl (RaftServerImpl.java:requestVote(743)) - s0@group-5BD3E7F27A57: receive requestVote(s1, group-5BD3E7F27A57, 322, (t:3, i:3))
2019-09-26 09:50:21,439 INFO  impl.RaftServerImpl (RaftServerImpl.java:setRole(170)) - s0@group-5BD3E7F27A57: changes role from  FOLLOWER to FOLLOWER at term 322 for recognizeCandidate:s1
2019-09-26 09:50:21,439 INFO  impl.RoleInfo (RoleInfo.java:shutdownFollowerState(121)) - s0: shutdown FollowerState
2019-09-26 09:50:21,439 INFO  impl.RoleInfo (RoleInfo.java:updateAndGet(143)) - s0: start FollowerState
2019-09-26 09:50:21,440 INFO  impl.FollowerState (FollowerState.java:run(117)) - s0@group-5BD3E7F27A57-FollowerState was interrupted: java.lang.InterruptedException: sleep interrupted
2019-09-26 09:50:21,440 DEBUG impl.RaftServerImpl (RaftServerImpl.java:requestVote(775)) - s0@group-5BD3E7F27A57 replies to vote request: s1<-s0#0:FAIL-t322. Peer's state: s0@group-5BD3E7F27A57:t322, leader=null, voted=null, raftlog=s0@group-5BD3E7F27A57-SegmentedRaftLog:OPENED:c3,f4,i4, conf=3: [s0:0.0.0.0:41468, s1:0.0.0.0:41619, s2:0.0.0.0:44382], old=null
2019-09-26 09:50:21,612 INFO  impl.LeaderElection (LeaderElection.java:logAndReturn(56)) - s2@group-5BD3E7F27A57-LeaderElection116: Election TIMEOUT; received 1 response(s) [s2<-s0#0:FAIL-t322] and 0 exception(s); s2@group-5BD3E7F27A57:t322, leader=null, voted=s2, raftlog=s2@group-5BD3E7F27A57-SegmentedRaftLog:OPENED:c1,f3,i3, conf=3: [s0:0.0.0.0:41468, s1:0.0.0.0:41619, s2:0.0.0.0:44382], old=null
2019-09-26 09:50:21,615 WARN  ratis.RaftTestUtil (JavaUtils.java:attempt(158)) - FAILED "waitForLeader-null-(expectLeader? true)", attempt #97/100: java.lang.IllegalStateException: No leader yet : printing ALL groups
  s0:  RUNNING  FOLLOWER s0@group-5BD3E7F27A57:t322, leader=null, voted=null, raftlog=s0@group-5BD3E7F27A57-SegmentedRaftLog:OPENED:c3,f4,i4, conf=3: [s0:0.0.0.0:41468, s1:0.0.0.0:41619, s2:0.0.0.0:44382], old=null RUNNING
  s1:  RUNNING CANDIDATE s1@group-5BD3E7F27A57:t322, leader=null, voted=s1, raftlog=s1@group-5BD3E7F27A57-SegmentedRaftLog:OPENED:c2,f3,i3, conf=2: [s0:0.0.0.0:41468, s1:0.0.0.0:41619, s2:0.0.0.0:44382], old=null RUNNING
  s2:  RUNNING CANDIDATE s2@group-5BD3E7F27A57:t323, leader=null, voted=s2, raftlog=s2@group-5BD3E7F27A57-SegmentedRaftLog:OPENED:c1,f3,i3, conf=3: [s0:0.0.0.0:41468, s1:0.0.0.0:41619, s2:0.0.0.0:44382], old=null RUNNING, sleep 450ms and then retry.
java.lang.IllegalStateException: No leader yet : printing ALL groups
  s0:  RUNNING  FOLLOWER s0@group-5BD3E7F27A57:t322, leader=null, voted=null, raftlog=s0@group-5BD3E7F27A57-SegmentedRaftLog:OPENED:c3,f4,i4, conf=3: [s0:0.0.0.0:41468, s1:0.0.0.0:41619, s2:0.0.0.0:44382], old=null RUNNING
  s1:  RUNNING CANDIDATE s1@group-5BD3E7F27A57:t322, leader=null, voted=s1, raftlog=s1@group-5BD3E7F27A57-SegmentedRaftLog:OPENED:c2,f3,i3, conf=2: [s0:0.0.0.0:41468, s1:0.0.0.0:41619, s2:0.0.0.0:44382], old=null RUNNING
  s2:  RUNNING CANDIDATE s2@group-5BD3E7F27A57:t323, leader=null, voted=s2, raftlog=s2@group-5BD3E7F27A57-SegmentedRaftLog:OPENED:c1,f3,i3, conf=3: [s0:0.0.0.0:41468, s1:0.0.0.0:41619, s2:0.0.0.0:44382], old=null RUNNING
	at org.apache.ratis.MiniRaftCluster.newIllegalStateExceptionForNoLeaders(MiniRaftCluster.java:506)
	at org.apache.ratis.RaftTestUtil.lambda$waitForLeader$1(RaftTestUtil.java:90)
	at org.apache.ratis.MiniRaftCluster.getLeader(MiniRaftCluster.java:539)
	at org.apache.ratis.MiniRaftCluster.getLeader(MiniRaftCluster.java:532)
	at org.apache.ratis.RaftTestUtil.lambda$waitForLeader$3(RaftTestUtil.java:98)
	at org.apache.ratis.util.JavaUtils.attempt(JavaUtils.java:152)
	at org.apache.ratis.RaftTestUtil.waitForLeader(RaftTestUtil.java:97)
	at org.apache.ratis.RaftTestUtil.waitForLeader(RaftTestUtil.java:77)
	at org.apache.ratis.RaftTestUtil.waitForLeader(RaftTestUtil.java:72)
	at org.apache.ratis.RaftTestUtil.lambda$changeLeader$7(RaftTestUtil.java:363)
	at org.apache.ratis.util.JavaUtils.attempt(JavaUtils.java:152)
	at org.apache.ratis.RaftTestUtil.changeLeader(RaftTestUtil.java:362)
	at org.apache.ratis.server.impl.LeaderElectionTests.testChangeLeader(LeaderElectionTests.java:81)
	at sun.reflect.NativeMethodAccessorImpl.invoke0(Native Method)
	at sun.reflect.NativeMethodAccessorImpl.invoke(NativeMethodAccessorImpl.java:62)
	at sun.reflect.DelegatingMethodAccessorImpl.invoke(DelegatingMethodAccessorImpl.java:43)
	at java.lang.reflect.Method.invoke(Method.java:498)
	at org.junit.runners.model.FrameworkMethod$1.runReflectiveCall(FrameworkMethod.java:50)
	at org.junit.internal.runners.model.ReflectiveCallable.run(ReflectiveCallable.java:12)
	at org.junit.runners.model.FrameworkMethod.invokeExplosively(FrameworkMethod.java:47)
	at org.junit.internal.runners.statements.InvokeMethod.evaluate(InvokeMethod.java:17)
	at org.junit.internal.runners.statements.RunAfters.evaluate(RunAfters.java:27)
	at org.junit.internal.runners.statements.FailOnTimeout$CallableStatement.call(FailOnTimeout.java:298)
	at org.junit.internal.runners.statements.FailOnTimeout$CallableStatement.call(FailOnTimeout.java:292)
	at java.util.concurrent.FutureTask.run(FutureTask.java:266)
	at java.lang.Thread.run(Thread.java:748)
2019-09-26 09:50:21,625 INFO  impl.LeaderElection (LeaderElection.java:askForVotes(178)) - s2@group-5BD3E7F27A57-LeaderElection116: begin an election at term 323 for 3: [s0:0.0.0.0:41468, s1:0.0.0.0:41619, s2:0.0.0.0:44382], old=null
2019-09-26 09:50:21,626 DEBUG impl.RaftServerImpl (RaftServerImpl.java:requestVote(743)) - s0@group-5BD3E7F27A57: receive requestVote(s2, group-5BD3E7F27A57, 323, (t:4, i:3))
2019-09-26 09:50:21,626 INFO  impl.RaftServerImpl (RaftServerImpl.java:setRole(170)) - s0@group-5BD3E7F27A57: changes role from  FOLLOWER to FOLLOWER at term 323 for recognizeCandidate:s2
2019-09-26 09:50:21,626 INFO  impl.RoleInfo (RoleInfo.java:shutdownFollowerState(121)) - s0: shutdown FollowerState
2019-09-26 09:50:21,626 INFO  impl.RoleInfo (RoleInfo.java:updateAndGet(143)) - s0: start FollowerState
2019-09-26 09:50:21,626 INFO  impl.FollowerState (FollowerState.java:run(117)) - s0@group-5BD3E7F27A57-FollowerState was interrupted: java.lang.InterruptedException: sleep interrupted
2019-09-26 09:50:21,639 DEBUG impl.RaftServerImpl (RaftServerImpl.java:requestVote(775)) - s0@group-5BD3E7F27A57 replies to vote request: s2<-s0#0:FAIL-t323. Peer's state: s0@group-5BD3E7F27A57:t323, leader=null, voted=null, raftlog=s0@group-5BD3E7F27A57-SegmentedRaftLog:OPENED:c3,f4,i4, conf=3: [s0:0.0.0.0:41468, s1:0.0.0.0:41619, s2:0.0.0.0:44382], old=null
2019-09-26 09:50:21,639 INFO  impl.LeaderElection (LeaderElection.java:logAndReturn(56)) - s1@group-5BD3E7F27A57-LeaderElection118: Election TIMEOUT; received 1 response(s) [s1<-s0#0:FAIL-t322] and 0 exception(s); s1@group-5BD3E7F27A57:t322, leader=null, voted=s1, raftlog=s1@group-5BD3E7F27A57-SegmentedRaftLog:OPENED:c2,f3,i3, conf=2: [s0:0.0.0.0:41468, s1:0.0.0.0:41619, s2:0.0.0.0:44382], old=null
2019-09-26 09:50:21,653 INFO  impl.LeaderElection (LeaderElection.java:askForVotes(178)) - s1@group-5BD3E7F27A57-LeaderElection118: begin an election at term 323 for 2: [s0:0.0.0.0:41468, s1:0.0.0.0:41619, s2:0.0.0.0:44382], old=null
2019-09-26 09:50:21,654 DEBUG impl.RaftServerImpl (RaftServerImpl.java:requestVote(743)) - s0@group-5BD3E7F27A57: receive requestVote(s1, group-5BD3E7F27A57, 323, (t:3, i:3))
2019-09-26 09:50:21,654 INFO  impl.RaftServerImpl (RaftServerImpl.java:setRole(170)) - s0@group-5BD3E7F27A57: changes role from  FOLLOWER to FOLLOWER at term 323 for recognizeCandidate:s1
2019-09-26 09:50:21,654 INFO  impl.RoleInfo (RoleInfo.java:shutdownFollowerState(121)) - s0: shutdown FollowerState
2019-09-26 09:50:21,654 INFO  impl.RoleInfo (RoleInfo.java:updateAndGet(143)) - s0: start FollowerState
2019-09-26 09:50:21,654 INFO  impl.FollowerState (FollowerState.java:run(117)) - s0@group-5BD3E7F27A57-FollowerState was interrupted: java.lang.InterruptedException: sleep interrupted
2019-09-26 09:50:21,655 DEBUG impl.RaftServerImpl (RaftServerImpl.java:requestVote(775)) - s0@group-5BD3E7F27A57 replies to vote request: s1<-s0#0:FAIL-t323. Peer's state: s0@group-5BD3E7F27A57:t323, leader=null, voted=null, raftlog=s0@group-5BD3E7F27A57-SegmentedRaftLog:OPENED:c3,f4,i4, conf=3: [s0:0.0.0.0:41468, s1:0.0.0.0:41619, s2:0.0.0.0:44382], old=null
2019-09-26 09:50:21,815 INFO  impl.LeaderElection (LeaderElection.java:logAndReturn(56)) - s2@group-5BD3E7F27A57-LeaderElection116: Election TIMEOUT; received 1 response(s) [s2<-s0#0:FAIL-t323] and 0 exception(s); s2@group-5BD3E7F27A57:t323, leader=null, voted=s2, raftlog=s2@group-5BD3E7F27A57-SegmentedRaftLog:OPENED:c1,f3,i3, conf=3: [s0:0.0.0.0:41468, s1:0.0.0.0:41619, s2:0.0.0.0:44382], old=null
2019-09-26 09:50:21,818 INFO  impl.LeaderElection (LeaderElection.java:askForVotes(178)) - s2@group-5BD3E7F27A57-LeaderElection116: begin an election at term 324 for 3: [s0:0.0.0.0:41468, s1:0.0.0.0:41619, s2:0.0.0.0:44382], old=null
2019-09-26 09:50:21,819 DEBUG impl.RaftServerImpl (RaftServerImpl.java:requestVote(743)) - s0@group-5BD3E7F27A57: receive requestVote(s2, group-5BD3E7F27A57, 324, (t:4, i:3))
2019-09-26 09:50:21,820 INFO  impl.RaftServerImpl (RaftServerImpl.java:setRole(170)) - s0@group-5BD3E7F27A57: changes role from  FOLLOWER to FOLLOWER at term 324 for recognizeCandidate:s2
2019-09-26 09:50:21,820 INFO  impl.RoleInfo (RoleInfo.java:shutdownFollowerState(121)) - s0: shutdown FollowerState
2019-09-26 09:50:21,820 INFO  impl.RoleInfo (RoleInfo.java:updateAndGet(143)) - s0: start FollowerState
2019-09-26 09:50:21,820 INFO  impl.FollowerState (FollowerState.java:run(117)) - s0@group-5BD3E7F27A57-FollowerState was interrupted: java.lang.InterruptedException: sleep interrupted
2019-09-26 09:50:21,843 DEBUG impl.RaftServerImpl (RaftServerImpl.java:requestVote(775)) - s0@group-5BD3E7F27A57 replies to vote request: s2<-s0#0:FAIL-t324. Peer's state: s0@group-5BD3E7F27A57:t324, leader=null, voted=null, raftlog=s0@group-5BD3E7F27A57-SegmentedRaftLog:OPENED:c3,f4,i4, conf=3: [s0:0.0.0.0:41468, s1:0.0.0.0:41619, s2:0.0.0.0:44382], old=null
2019-09-26 09:50:21,952 INFO  impl.LeaderElection (LeaderElection.java:logAndReturn(56)) - s1@group-5BD3E7F27A57-LeaderElection118: Election TIMEOUT; received 1 response(s) [s1<-s0#0:FAIL-t323] and 0 exception(s); s1@group-5BD3E7F27A57:t323, leader=null, voted=s1, raftlog=s1@group-5BD3E7F27A57-SegmentedRaftLog:OPENED:c2,f3,i3, conf=2: [s0:0.0.0.0:41468, s1:0.0.0.0:41619, s2:0.0.0.0:44382], old=null
2019-09-26 09:50:21,965 INFO  impl.LeaderElection (LeaderElection.java:askForVotes(178)) - s1@group-5BD3E7F27A57-LeaderElection118: begin an election at term 324 for 2: [s0:0.0.0.0:41468, s1:0.0.0.0:41619, s2:0.0.0.0:44382], old=null
2019-09-26 09:50:21,966 DEBUG impl.RaftServerImpl (RaftServerImpl.java:requestVote(743)) - s0@group-5BD3E7F27A57: receive requestVote(s1, group-5BD3E7F27A57, 324, (t:3, i:3))
2019-09-26 09:50:21,966 INFO  impl.RaftServerImpl (RaftServerImpl.java:setRole(170)) - s0@group-5BD3E7F27A57: changes role from  FOLLOWER to FOLLOWER at term 324 for recognizeCandidate:s1
2019-09-26 09:50:21,966 INFO  impl.RoleInfo (RoleInfo.java:shutdownFollowerState(121)) - s0: shutdown FollowerState
2019-09-26 09:50:21,966 INFO  impl.RoleInfo (RoleInfo.java:updateAndGet(143)) - s0: start FollowerState
2019-09-26 09:50:21,966 INFO  impl.FollowerState (FollowerState.java:run(117)) - s0@group-5BD3E7F27A57-FollowerState was interrupted: java.lang.InterruptedException: sleep interrupted
2019-09-26 09:50:21,967 DEBUG impl.RaftServerImpl (RaftServerImpl.java:requestVote(775)) - s0@group-5BD3E7F27A57 replies to vote request: s1<-s0#0:FAIL-t324. Peer's state: s0@group-5BD3E7F27A57:t324, leader=null, voted=null, raftlog=s0@group-5BD3E7F27A57-SegmentedRaftLog:OPENED:c3,f4,i4, conf=3: [s0:0.0.0.0:41468, s1:0.0.0.0:41619, s2:0.0.0.0:44382], old=null
2019-09-26 09:50:22,054 INFO  impl.LeaderElection (LeaderElection.java:logAndReturn(56)) - s2@group-5BD3E7F27A57-LeaderElection116: Election TIMEOUT; received 1 response(s) [s2<-s0#0:FAIL-t324] and 0 exception(s); s2@group-5BD3E7F27A57:t324, leader=null, voted=s2, raftlog=s2@group-5BD3E7F27A57-SegmentedRaftLog:OPENED:c1,f3,i3, conf=3: [s0:0.0.0.0:41468, s1:0.0.0.0:41619, s2:0.0.0.0:44382], old=null
2019-09-26 09:50:22,066 WARN  ratis.RaftTestUtil (JavaUtils.java:attempt(158)) - FAILED "waitForLeader-null-(expectLeader? true)", attempt #98/100: java.lang.IllegalStateException: No leader yet : printing ALL groups
  s0:  RUNNING  FOLLOWER s0@group-5BD3E7F27A57:t324, leader=null, voted=null, raftlog=s0@group-5BD3E7F27A57-SegmentedRaftLog:OPENED:c3,f4,i4, conf=3: [s0:0.0.0.0:41468, s1:0.0.0.0:41619, s2:0.0.0.0:44382], old=null RUNNING
  s1:  RUNNING CANDIDATE s1@group-5BD3E7F27A57:t324, leader=null, voted=s1, raftlog=s1@group-5BD3E7F27A57-SegmentedRaftLog:OPENED:c2,f3,i3, conf=2: [s0:0.0.0.0:41468, s1:0.0.0.0:41619, s2:0.0.0.0:44382], old=null RUNNING
  s2:  RUNNING CANDIDATE s2@group-5BD3E7F27A57:t325, leader=null, voted=s2, raftlog=s2@group-5BD3E7F27A57-SegmentedRaftLog:OPENED:c1,f3,i3, conf=3: [s0:0.0.0.0:41468, s1:0.0.0.0:41619, s2:0.0.0.0:44382], old=null RUNNING, sleep 450ms and then retry.
java.lang.IllegalStateException: No leader yet : printing ALL groups
  s0:  RUNNING  FOLLOWER s0@group-5BD3E7F27A57:t324, leader=null, voted=null, raftlog=s0@group-5BD3E7F27A57-SegmentedRaftLog:OPENED:c3,f4,i4, conf=3: [s0:0.0.0.0:41468, s1:0.0.0.0:41619, s2:0.0.0.0:44382], old=null RUNNING
  s1:  RUNNING CANDIDATE s1@group-5BD3E7F27A57:t324, leader=null, voted=s1, raftlog=s1@group-5BD3E7F27A57-SegmentedRaftLog:OPENED:c2,f3,i3, conf=2: [s0:0.0.0.0:41468, s1:0.0.0.0:41619, s2:0.0.0.0:44382], old=null RUNNING
  s2:  RUNNING CANDIDATE s2@group-5BD3E7F27A57:t325, leader=null, voted=s2, raftlog=s2@group-5BD3E7F27A57-SegmentedRaftLog:OPENED:c1,f3,i3, conf=3: [s0:0.0.0.0:41468, s1:0.0.0.0:41619, s2:0.0.0.0:44382], old=null RUNNING
	at org.apache.ratis.MiniRaftCluster.newIllegalStateExceptionForNoLeaders(MiniRaftCluster.java:506)
	at org.apache.ratis.RaftTestUtil.lambda$waitForLeader$1(RaftTestUtil.java:90)
	at org.apache.ratis.MiniRaftCluster.getLeader(MiniRaftCluster.java:539)
	at org.apache.ratis.MiniRaftCluster.getLeader(MiniRaftCluster.java:532)
	at org.apache.ratis.RaftTestUtil.lambda$waitForLeader$3(RaftTestUtil.java:98)
	at org.apache.ratis.util.JavaUtils.attempt(JavaUtils.java:152)
	at org.apache.ratis.RaftTestUtil.waitForLeader(RaftTestUtil.java:97)
	at org.apache.ratis.RaftTestUtil.waitForLeader(RaftTestUtil.java:77)
	at org.apache.ratis.RaftTestUtil.waitForLeader(RaftTestUtil.java:72)
	at org.apache.ratis.RaftTestUtil.lambda$changeLeader$7(RaftTestUtil.java:363)
	at org.apache.ratis.util.JavaUtils.attempt(JavaUtils.java:152)
	at org.apache.ratis.RaftTestUtil.changeLeader(RaftTestUtil.java:362)
	at org.apache.ratis.server.impl.LeaderElectionTests.testChangeLeader(LeaderElectionTests.java:81)
	at sun.reflect.NativeMethodAccessorImpl.invoke0(Native Method)
	at sun.reflect.NativeMethodAccessorImpl.invoke(NativeMethodAccessorImpl.java:62)
	at sun.reflect.DelegatingMethodAccessorImpl.invoke(DelegatingMethodAccessorImpl.java:43)
	at java.lang.reflect.Method.invoke(Method.java:498)
	at org.junit.runners.model.FrameworkMethod$1.runReflectiveCall(FrameworkMethod.java:50)
	at org.junit.internal.runners.model.ReflectiveCallable.run(ReflectiveCallable.java:12)
	at org.junit.runners.model.FrameworkMethod.invokeExplosively(FrameworkMethod.java:47)
	at org.junit.internal.runners.statements.InvokeMethod.evaluate(InvokeMethod.java:17)
	at org.junit.internal.runners.statements.RunAfters.evaluate(RunAfters.java:27)
	at org.junit.internal.runners.statements.FailOnTimeout$CallableStatement.call(FailOnTimeout.java:298)
	at org.junit.internal.runners.statements.FailOnTimeout$CallableStatement.call(FailOnTimeout.java:292)
	at java.util.concurrent.FutureTask.run(FutureTask.java:266)
	at java.lang.Thread.run(Thread.java:748)
2019-09-26 09:50:22,092 INFO  impl.LeaderElection (LeaderElection.java:askForVotes(178)) - s2@group-5BD3E7F27A57-LeaderElection116: begin an election at term 325 for 3: [s0:0.0.0.0:41468, s1:0.0.0.0:41619, s2:0.0.0.0:44382], old=null
2019-09-26 09:50:22,092 DEBUG impl.RaftServerImpl (RaftServerImpl.java:requestVote(743)) - s0@group-5BD3E7F27A57: receive requestVote(s2, group-5BD3E7F27A57, 325, (t:4, i:3))
2019-09-26 09:50:22,093 INFO  impl.RaftServerImpl (RaftServerImpl.java:setRole(170)) - s0@group-5BD3E7F27A57: changes role from  FOLLOWER to FOLLOWER at term 325 for recognizeCandidate:s2
2019-09-26 09:50:22,093 INFO  impl.RoleInfo (RoleInfo.java:shutdownFollowerState(121)) - s0: shutdown FollowerState
2019-09-26 09:50:22,093 INFO  impl.RoleInfo (RoleInfo.java:updateAndGet(143)) - s0: start FollowerState
2019-09-26 09:50:22,093 INFO  impl.FollowerState (FollowerState.java:run(117)) - s0@group-5BD3E7F27A57-FollowerState was interrupted: java.lang.InterruptedException: sleep interrupted
2019-09-26 09:50:22,106 DEBUG impl.RaftServerImpl (RaftServerImpl.java:requestVote(775)) - s0@group-5BD3E7F27A57 replies to vote request: s2<-s0#0:FAIL-t325. Peer's state: s0@group-5BD3E7F27A57:t325, leader=null, voted=null, raftlog=s0@group-5BD3E7F27A57-SegmentedRaftLog:OPENED:c3,f4,i4, conf=3: [s0:0.0.0.0:41468, s1:0.0.0.0:41619, s2:0.0.0.0:44382], old=null
2019-09-26 09:50:22,156 INFO  impl.LeaderElection (LeaderElection.java:logAndReturn(56)) - s1@group-5BD3E7F27A57-LeaderElection118: Election TIMEOUT; received 1 response(s) [s1<-s0#0:FAIL-t324] and 0 exception(s); s1@group-5BD3E7F27A57:t324, leader=null, voted=s1, raftlog=s1@group-5BD3E7F27A57-SegmentedRaftLog:OPENED:c2,f3,i3, conf=2: [s0:0.0.0.0:41468, s1:0.0.0.0:41619, s2:0.0.0.0:44382], old=null
2019-09-26 09:50:22,170 INFO  impl.LeaderElection (LeaderElection.java:askForVotes(178)) - s1@group-5BD3E7F27A57-LeaderElection118: begin an election at term 325 for 2: [s0:0.0.0.0:41468, s1:0.0.0.0:41619, s2:0.0.0.0:44382], old=null
2019-09-26 09:50:22,170 DEBUG impl.RaftServerImpl (RaftServerImpl.java:requestVote(743)) - s0@group-5BD3E7F27A57: receive requestVote(s1, group-5BD3E7F27A57, 325, (t:3, i:3))
2019-09-26 09:50:22,170 INFO  impl.RaftServerImpl (RaftServerImpl.java:setRole(170)) - s0@group-5BD3E7F27A57: changes role from  FOLLOWER to FOLLOWER at term 325 for recognizeCandidate:s1
2019-09-26 09:50:22,171 INFO  impl.RoleInfo (RoleInfo.java:shutdownFollowerState(121)) - s0: shutdown FollowerState
2019-09-26 09:50:22,171 INFO  impl.RoleInfo (RoleInfo.java:updateAndGet(143)) - s0: start FollowerState
2019-09-26 09:50:22,171 INFO  impl.FollowerState (FollowerState.java:run(117)) - s0@group-5BD3E7F27A57-FollowerState was interrupted: java.lang.InterruptedException: sleep interrupted
2019-09-26 09:50:22,171 DEBUG impl.RaftServerImpl (RaftServerImpl.java:requestVote(775)) - s0@group-5BD3E7F27A57 replies to vote request: s1<-s0#0:FAIL-t325. Peer's state: s0@group-5BD3E7F27A57:t325, leader=null, voted=null, raftlog=s0@group-5BD3E7F27A57-SegmentedRaftLog:OPENED:c3,f4,i4, conf=3: [s0:0.0.0.0:41468, s1:0.0.0.0:41619, s2:0.0.0.0:44382], old=null
2019-09-26 09:50:22,368 INFO  impl.LeaderElection (LeaderElection.java:logAndReturn(56)) - s2@group-5BD3E7F27A57-LeaderElection116: Election TIMEOUT; received 1 response(s) [s2<-s0#0:FAIL-t325] and 0 exception(s); s2@group-5BD3E7F27A57:t325, leader=null, voted=s2, raftlog=s2@group-5BD3E7F27A57-SegmentedRaftLog:OPENED:c1,f3,i3, conf=3: [s0:0.0.0.0:41468, s1:0.0.0.0:41619, s2:0.0.0.0:44382], old=null
2019-09-26 09:50:22,382 INFO  impl.LeaderElection (LeaderElection.java:askForVotes(178)) - s2@group-5BD3E7F27A57-LeaderElection116: begin an election at term 326 for 3: [s0:0.0.0.0:41468, s1:0.0.0.0:41619, s2:0.0.0.0:44382], old=null
2019-09-26 09:50:22,383 DEBUG impl.RaftServerImpl (RaftServerImpl.java:requestVote(743)) - s0@group-5BD3E7F27A57: receive requestVote(s2, group-5BD3E7F27A57, 326, (t:4, i:3))
2019-09-26 09:50:22,383 INFO  impl.RaftServerImpl (RaftServerImpl.java:setRole(170)) - s0@group-5BD3E7F27A57: changes role from  FOLLOWER to FOLLOWER at term 326 for recognizeCandidate:s2
2019-09-26 09:50:22,383 INFO  impl.RoleInfo (RoleInfo.java:shutdownFollowerState(121)) - s0: shutdown FollowerState
2019-09-26 09:50:22,383 INFO  impl.RoleInfo (RoleInfo.java:updateAndGet(143)) - s0: start FollowerState
2019-09-26 09:50:22,383 INFO  impl.FollowerState (FollowerState.java:run(117)) - s0@group-5BD3E7F27A57-FollowerState was interrupted: java.lang.InterruptedException: sleep interrupted
2019-09-26 09:50:22,397 DEBUG impl.RaftServerImpl (RaftServerImpl.java:requestVote(775)) - s0@group-5BD3E7F27A57 replies to vote request: s2<-s0#0:FAIL-t326. Peer's state: s0@group-5BD3E7F27A57:t326, leader=null, voted=null, raftlog=s0@group-5BD3E7F27A57-SegmentedRaftLog:OPENED:c3,f4,i4, conf=3: [s0:0.0.0.0:41468, s1:0.0.0.0:41619, s2:0.0.0.0:44382], old=null
2019-09-26 09:50:22,416 INFO  impl.LeaderElection (LeaderElection.java:logAndReturn(56)) - s1@group-5BD3E7F27A57-LeaderElection118: Election TIMEOUT; received 1 response(s) [s1<-s0#0:FAIL-t325] and 0 exception(s); s1@group-5BD3E7F27A57:t325, leader=null, voted=s1, raftlog=s1@group-5BD3E7F27A57-SegmentedRaftLog:OPENED:c2,f3,i3, conf=2: [s0:0.0.0.0:41468, s1:0.0.0.0:41619, s2:0.0.0.0:44382], old=null
2019-09-26 09:50:22,430 INFO  impl.LeaderElection (LeaderElection.java:askForVotes(178)) - s1@group-5BD3E7F27A57-LeaderElection118: begin an election at term 326 for 2: [s0:0.0.0.0:41468, s1:0.0.0.0:41619, s2:0.0.0.0:44382], old=null
2019-09-26 09:50:22,430 DEBUG impl.RaftServerImpl (RaftServerImpl.java:requestVote(743)) - s0@group-5BD3E7F27A57: receive requestVote(s1, group-5BD3E7F27A57, 326, (t:3, i:3))
2019-09-26 09:50:22,430 INFO  impl.RaftServerImpl (RaftServerImpl.java:setRole(170)) - s0@group-5BD3E7F27A57: changes role from  FOLLOWER to FOLLOWER at term 326 for recognizeCandidate:s1
2019-09-26 09:50:22,431 INFO  impl.RoleInfo (RoleInfo.java:shutdownFollowerState(121)) - s0: shutdown FollowerState
2019-09-26 09:50:22,431 INFO  impl.RoleInfo (RoleInfo.java:updateAndGet(143)) - s0: start FollowerState
2019-09-26 09:50:22,431 INFO  impl.FollowerState (FollowerState.java:run(117)) - s0@group-5BD3E7F27A57-FollowerState was interrupted: java.lang.InterruptedException: sleep interrupted
2019-09-26 09:50:22,431 DEBUG impl.RaftServerImpl (RaftServerImpl.java:requestVote(775)) - s0@group-5BD3E7F27A57 replies to vote request: s1<-s0#0:FAIL-t326. Peer's state: s0@group-5BD3E7F27A57:t326, leader=null, voted=null, raftlog=s0@group-5BD3E7F27A57-SegmentedRaftLog:OPENED:c3,f4,i4, conf=3: [s0:0.0.0.0:41468, s1:0.0.0.0:41619, s2:0.0.0.0:44382], old=null
2019-09-26 09:50:22,517 WARN  ratis.RaftTestUtil (JavaUtils.java:attempt(158)) - FAILED "waitForLeader-null-(expectLeader? true)", attempt #99/100: java.lang.IllegalStateException: No leader yet : printing ALL groups
  s0:  RUNNING  FOLLOWER s0@group-5BD3E7F27A57:t326, leader=null, voted=null, raftlog=s0@group-5BD3E7F27A57-SegmentedRaftLog:OPENED:c3,f4,i4, conf=3: [s0:0.0.0.0:41468, s1:0.0.0.0:41619, s2:0.0.0.0:44382], old=null RUNNING
  s1:  RUNNING CANDIDATE s1@group-5BD3E7F27A57:t326, leader=null, voted=s1, raftlog=s1@group-5BD3E7F27A57-SegmentedRaftLog:OPENED:c2,f3,i3, conf=2: [s0:0.0.0.0:41468, s1:0.0.0.0:41619, s2:0.0.0.0:44382], old=null RUNNING
  s2:  RUNNING CANDIDATE s2@group-5BD3E7F27A57:t326, leader=null, voted=s2, raftlog=s2@group-5BD3E7F27A57-SegmentedRaftLog:OPENED:c1,f3,i3, conf=3: [s0:0.0.0.0:41468, s1:0.0.0.0:41619, s2:0.0.0.0:44382], old=null RUNNING, sleep 450ms and then retry.
java.lang.IllegalStateException: No leader yet : printing ALL groups
  s0:  RUNNING  FOLLOWER s0@group-5BD3E7F27A57:t326, leader=null, voted=null, raftlog=s0@group-5BD3E7F27A57-SegmentedRaftLog:OPENED:c3,f4,i4, conf=3: [s0:0.0.0.0:41468, s1:0.0.0.0:41619, s2:0.0.0.0:44382], old=null RUNNING
  s1:  RUNNING CANDIDATE s1@group-5BD3E7F27A57:t326, leader=null, voted=s1, raftlog=s1@group-5BD3E7F27A57-SegmentedRaftLog:OPENED:c2,f3,i3, conf=2: [s0:0.0.0.0:41468, s1:0.0.0.0:41619, s2:0.0.0.0:44382], old=null RUNNING
  s2:  RUNNING CANDIDATE s2@group-5BD3E7F27A57:t326, leader=null, voted=s2, raftlog=s2@group-5BD3E7F27A57-SegmentedRaftLog:OPENED:c1,f3,i3, conf=3: [s0:0.0.0.0:41468, s1:0.0.0.0:41619, s2:0.0.0.0:44382], old=null RUNNING
	at org.apache.ratis.MiniRaftCluster.newIllegalStateExceptionForNoLeaders(MiniRaftCluster.java:506)
	at org.apache.ratis.RaftTestUtil.lambda$waitForLeader$1(RaftTestUtil.java:90)
	at org.apache.ratis.MiniRaftCluster.getLeader(MiniRaftCluster.java:539)
	at org.apache.ratis.MiniRaftCluster.getLeader(MiniRaftCluster.java:532)
	at org.apache.ratis.RaftTestUtil.lambda$waitForLeader$3(RaftTestUtil.java:98)
	at org.apache.ratis.util.JavaUtils.attempt(JavaUtils.java:152)
	at org.apache.ratis.RaftTestUtil.waitForLeader(RaftTestUtil.java:97)
	at org.apache.ratis.RaftTestUtil.waitForLeader(RaftTestUtil.java:77)
	at org.apache.ratis.RaftTestUtil.waitForLeader(RaftTestUtil.java:72)
	at org.apache.ratis.RaftTestUtil.lambda$changeLeader$7(RaftTestUtil.java:363)
	at org.apache.ratis.util.JavaUtils.attempt(JavaUtils.java:152)
	at org.apache.ratis.RaftTestUtil.changeLeader(RaftTestUtil.java:362)
	at org.apache.ratis.server.impl.LeaderElectionTests.testChangeLeader(LeaderElectionTests.java:81)
	at sun.reflect.NativeMethodAccessorImpl.invoke0(Native Method)
	at sun.reflect.NativeMethodAccessorImpl.invoke(NativeMethodAccessorImpl.java:62)
	at sun.reflect.DelegatingMethodAccessorImpl.invoke(DelegatingMethodAccessorImpl.java:43)
	at java.lang.reflect.Method.invoke(Method.java:498)
	at org.junit.runners.model.FrameworkMethod$1.runReflectiveCall(FrameworkMethod.java:50)
	at org.junit.internal.runners.model.ReflectiveCallable.run(ReflectiveCallable.java:12)
	at org.junit.runners.model.FrameworkMethod.invokeExplosively(FrameworkMethod.java:47)
	at org.junit.internal.runners.statements.InvokeMethod.evaluate(InvokeMethod.java:17)
	at org.junit.internal.runners.statements.RunAfters.evaluate(RunAfters.java:27)
	at org.junit.internal.runners.statements.FailOnTimeout$CallableStatement.call(FailOnTimeout.java:298)
	at org.junit.internal.runners.statements.FailOnTimeout$CallableStatement.call(FailOnTimeout.java:292)
	at java.util.concurrent.FutureTask.run(FutureTask.java:266)
	at java.lang.Thread.run(Thread.java:748)
2019-09-26 09:50:22,540 INFO  impl.LeaderElection (LeaderElection.java:logAndReturn(56)) - s2@group-5BD3E7F27A57-LeaderElection116: Election TIMEOUT; received 1 response(s) [s2<-s0#0:FAIL-t326] and 0 exception(s); s2@group-5BD3E7F27A57:t326, leader=null, voted=s2, raftlog=s2@group-5BD3E7F27A57-SegmentedRaftLog:OPENED:c1,f3,i3, conf=3: [s0:0.0.0.0:41468, s1:0.0.0.0:41619, s2:0.0.0.0:44382], old=null
2019-09-26 09:50:22,553 INFO  impl.LeaderElection (LeaderElection.java:askForVotes(178)) - s2@group-5BD3E7F27A57-LeaderElection116: begin an election at term 327 for 3: [s0:0.0.0.0:41468, s1:0.0.0.0:41619, s2:0.0.0.0:44382], old=null
2019-09-26 09:50:22,554 DEBUG impl.RaftServerImpl (RaftServerImpl.java:requestVote(743)) - s0@group-5BD3E7F27A57: receive requestVote(s2, group-5BD3E7F27A57, 327, (t:4, i:3))
2019-09-26 09:50:22,554 INFO  impl.RaftServerImpl (RaftServerImpl.java:setRole(170)) - s0@group-5BD3E7F27A57: changes role from  FOLLOWER to FOLLOWER at term 327 for recognizeCandidate:s2
2019-09-26 09:50:22,554 INFO  impl.RoleInfo (RoleInfo.java:shutdownFollowerState(121)) - s0: shutdown FollowerState
2019-09-26 09:50:22,554 INFO  impl.RoleInfo (RoleInfo.java:updateAndGet(143)) - s0: start FollowerState
2019-09-26 09:50:22,554 INFO  impl.FollowerState (FollowerState.java:run(117)) - s0@group-5BD3E7F27A57-FollowerState was interrupted: java.lang.InterruptedException: sleep interrupted
2019-09-26 09:50:22,568 DEBUG impl.RaftServerImpl (RaftServerImpl.java:requestVote(775)) - s0@group-5BD3E7F27A57 replies to vote request: s2<-s0#0:FAIL-t327. Peer's state: s0@group-5BD3E7F27A57:t327, leader=null, voted=null, raftlog=s0@group-5BD3E7F27A57-SegmentedRaftLog:OPENED:c3,f4,i4, conf=3: [s0:0.0.0.0:41468, s1:0.0.0.0:41619, s2:0.0.0.0:44382], old=null
2019-09-26 09:50:22,611 INFO  impl.LeaderElection (LeaderElection.java:logAndReturn(56)) - s1@group-5BD3E7F27A57-LeaderElection118: Election TIMEOUT; received 1 response(s) [s1<-s0#0:FAIL-t326] and 0 exception(s); s1@group-5BD3E7F27A57:t326, leader=null, voted=s1, raftlog=s1@group-5BD3E7F27A57-SegmentedRaftLog:OPENED:c2,f3,i3, conf=2: [s0:0.0.0.0:41468, s1:0.0.0.0:41619, s2:0.0.0.0:44382], old=null
2019-09-26 09:50:22,625 INFO  impl.LeaderElection (LeaderElection.java:askForVotes(178)) - s1@group-5BD3E7F27A57-LeaderElection118: begin an election at term 327 for 2: [s0:0.0.0.0:41468, s1:0.0.0.0:41619, s2:0.0.0.0:44382], old=null
2019-09-26 09:50:22,626 DEBUG impl.RaftServerImpl (RaftServerImpl.java:requestVote(743)) - s0@group-5BD3E7F27A57: receive requestVote(s1, group-5BD3E7F27A57, 327, (t:3, i:3))
2019-09-26 09:50:22,626 INFO  impl.RaftServerImpl (RaftServerImpl.java:setRole(170)) - s0@group-5BD3E7F27A57: changes role from  FOLLOWER to FOLLOWER at term 327 for recognizeCandidate:s1
2019-09-26 09:50:22,626 INFO  impl.RoleInfo (RoleInfo.java:shutdownFollowerState(121)) - s0: shutdown FollowerState
2019-09-26 09:50:22,626 INFO  impl.RoleInfo (RoleInfo.java:updateAndGet(143)) - s0: start FollowerState
2019-09-26 09:50:22,626 INFO  impl.FollowerState (FollowerState.java:run(117)) - s0@group-5BD3E7F27A57-FollowerState was interrupted: java.lang.InterruptedException: sleep interrupted
2019-09-26 09:50:22,627 DEBUG impl.RaftServerImpl (RaftServerImpl.java:requestVote(775)) - s0@group-5BD3E7F27A57 replies to vote request: s1<-s0#0:FAIL-t327. Peer's state: s0@group-5BD3E7F27A57:t327, leader=null, voted=null, raftlog=s0@group-5BD3E7F27A57-SegmentedRaftLog:OPENED:c3,f4,i4, conf=3: [s0:0.0.0.0:41468, s1:0.0.0.0:41619, s2:0.0.0.0:44382], old=null
2019-09-26 09:50:22,774 INFO  impl.LeaderElection (LeaderElection.java:logAndReturn(56)) - s2@group-5BD3E7F27A57-LeaderElection116: Election TIMEOUT; received 1 response(s) [s2<-s0#0:FAIL-t327] and 0 exception(s); s2@group-5BD3E7F27A57:t327, leader=null, voted=s2, raftlog=s2@group-5BD3E7F27A57-SegmentedRaftLog:OPENED:c1,f3,i3, conf=3: [s0:0.0.0.0:41468, s1:0.0.0.0:41619, s2:0.0.0.0:44382], old=null
2019-09-26 09:50:22,801 INFO  impl.LeaderElection (LeaderElection.java:askForVotes(178)) - s2@group-5BD3E7F27A57-LeaderElection116: begin an election at term 328 for 3: [s0:0.0.0.0:41468, s1:0.0.0.0:41619, s2:0.0.0.0:44382], old=null
2019-09-26 09:50:22,802 DEBUG impl.RaftServerImpl (RaftServerImpl.java:requestVote(743)) - s0@group-5BD3E7F27A57: receive requestVote(s2, group-5BD3E7F27A57, 328, (t:4, i:3))
2019-09-26 09:50:22,802 INFO  impl.RaftServerImpl (RaftServerImpl.java:setRole(170)) - s0@group-5BD3E7F27A57: changes role from  FOLLOWER to FOLLOWER at term 328 for recognizeCandidate:s2
2019-09-26 09:50:22,802 INFO  impl.RoleInfo (RoleInfo.java:shutdownFollowerState(121)) - s0: shutdown FollowerState
2019-09-26 09:50:22,803 INFO  impl.RoleInfo (RoleInfo.java:updateAndGet(143)) - s0: start FollowerState
2019-09-26 09:50:22,803 INFO  impl.FollowerState (FollowerState.java:run(117)) - s0@group-5BD3E7F27A57-FollowerState was interrupted: java.lang.InterruptedException: sleep interrupted
2019-09-26 09:50:22,818 DEBUG impl.RaftServerImpl (RaftServerImpl.java:requestVote(775)) - s0@group-5BD3E7F27A57 replies to vote request: s2<-s0#0:FAIL-t328. Peer's state: s0@group-5BD3E7F27A57:t328, leader=null, voted=null, raftlog=s0@group-5BD3E7F27A57-SegmentedRaftLog:OPENED:c3,f4,i4, conf=3: [s0:0.0.0.0:41468, s1:0.0.0.0:41619, s2:0.0.0.0:44382], old=null
2019-09-26 09:50:22,883 INFO  impl.LeaderElection (LeaderElection.java:logAndReturn(56)) - s1@group-5BD3E7F27A57-LeaderElection118: Election TIMEOUT; received 1 response(s) [s1<-s0#0:FAIL-t327] and 0 exception(s); s1@group-5BD3E7F27A57:t327, leader=null, voted=s1, raftlog=s1@group-5BD3E7F27A57-SegmentedRaftLog:OPENED:c2,f3,i3, conf=2: [s0:0.0.0.0:41468, s1:0.0.0.0:41619, s2:0.0.0.0:44382], old=null
2019-09-26 09:50:22,895 INFO  impl.LeaderElection (LeaderElection.java:askForVotes(178)) - s1@group-5BD3E7F27A57-LeaderElection118: begin an election at term 328 for 2: [s0:0.0.0.0:41468, s1:0.0.0.0:41619, s2:0.0.0.0:44382], old=null
2019-09-26 09:50:22,896 DEBUG impl.RaftServerImpl (RaftServerImpl.java:requestVote(743)) - s0@group-5BD3E7F27A57: receive requestVote(s1, group-5BD3E7F27A57, 328, (t:3, i:3))
2019-09-26 09:50:22,896 INFO  impl.RaftServerImpl (RaftServerImpl.java:setRole(170)) - s0@group-5BD3E7F27A57: changes role from  FOLLOWER to FOLLOWER at term 328 for recognizeCandidate:s1
2019-09-26 09:50:22,896 INFO  impl.RoleInfo (RoleInfo.java:shutdownFollowerState(121)) - s0: shutdown FollowerState
2019-09-26 09:50:22,897 INFO  impl.RoleInfo (RoleInfo.java:updateAndGet(143)) - s0: start FollowerState
2019-09-26 09:50:22,897 INFO  impl.FollowerState (FollowerState.java:run(117)) - s0@group-5BD3E7F27A57-FollowerState was interrupted: java.lang.InterruptedException: sleep interrupted
2019-09-26 09:50:22,897 DEBUG impl.RaftServerImpl (RaftServerImpl.java:requestVote(775)) - s0@group-5BD3E7F27A57 replies to vote request: s1<-s0#0:FAIL-t328. Peer's state: s0@group-5BD3E7F27A57:t328, leader=null, voted=null, raftlog=s0@group-5BD3E7F27A57-SegmentedRaftLog:OPENED:c3,f4,i4, conf=3: [s0:0.0.0.0:41468, s1:0.0.0.0:41619, s2:0.0.0.0:44382], old=null
2019-09-26 09:50:22,954 INFO  impl.LeaderElection (LeaderElection.java:logAndReturn(56)) - s2@group-5BD3E7F27A57-LeaderElection116: Election TIMEOUT; received 1 response(s) [s2<-s0#0:FAIL-t328] and 0 exception(s); s2@group-5BD3E7F27A57:t328, leader=null, voted=s2, raftlog=s2@group-5BD3E7F27A57-SegmentedRaftLog:OPENED:c1,f3,i3, conf=3: [s0:0.0.0.0:41468, s1:0.0.0.0:41619, s2:0.0.0.0:44382], old=null
2019-09-26 09:50:22,958 INFO  impl.LeaderElection (LeaderElection.java:askForVotes(178)) - s2@group-5BD3E7F27A57-LeaderElection116: begin an election at term 329 for 3: [s0:0.0.0.0:41468, s1:0.0.0.0:41619, s2:0.0.0.0:44382], old=null
2019-09-26 09:50:22,959 DEBUG impl.RaftServerImpl (RaftServerImpl.java:requestVote(743)) - s0@group-5BD3E7F27A57: receive requestVote(s2, group-5BD3E7F27A57, 329, (t:4, i:3))
2019-09-26 09:50:22,959 INFO  impl.RaftServerImpl (RaftServerImpl.java:setRole(170)) - s0@group-5BD3E7F27A57: changes role from  FOLLOWER to FOLLOWER at term 329 for recognizeCandidate:s2
2019-09-26 09:50:22,959 INFO  impl.RoleInfo (RoleInfo.java:shutdownFollowerState(121)) - s0: shutdown FollowerState
2019-09-26 09:50:22,959 INFO  impl.RoleInfo (RoleInfo.java:updateAndGet(143)) - s0: start FollowerState
2019-09-26 09:50:22,959 INFO  impl.FollowerState (FollowerState.java:run(117)) - s0@group-5BD3E7F27A57-FollowerState was interrupted: java.lang.InterruptedException: sleep interrupted
2019-09-26 09:50:22,963 DEBUG impl.RaftServerImpl (RaftServerImpl.java:requestVote(775)) - s0@group-5BD3E7F27A57 replies to vote request: s2<-s0#0:FAIL-t329. Peer's state: s0@group-5BD3E7F27A57:t329, leader=null, voted=null, raftlog=s0@group-5BD3E7F27A57-SegmentedRaftLog:OPENED:c3,f4,i4, conf=3: [s0:0.0.0.0:41468, s1:0.0.0.0:41619, s2:0.0.0.0:44382], old=null
2019-09-26 09:50:22,968 WARN  ratis.RaftTestUtil (JavaUtils.java:attempt(158)) - FAILED "testChangeLeader-changeLeader", attempt #6/20: java.lang.IllegalStateException: No leader yet : printing ALL groups
  s0:  RUNNING  FOLLOWER s0@group-5BD3E7F27A57:t329, leader=null, voted=null, raftlog=s0@group-5BD3E7F27A57-SegmentedRaftLog:OPENED:c3,f4,i4, conf=3: [s0:0.0.0.0:41468, s1:0.0.0.0:41619, s2:0.0.0.0:44382], old=null RUNNING
  s1:  RUNNING CANDIDATE s1@group-5BD3E7F27A57:t328, leader=null, voted=s1, raftlog=s1@group-5BD3E7F27A57-SegmentedRaftLog:OPENED:c2,f3,i3, conf=2: [s0:0.0.0.0:41468, s1:0.0.0.0:41619, s2:0.0.0.0:44382], old=null RUNNING
  s2:  RUNNING CANDIDATE s2@group-5BD3E7F27A57:t329, leader=null, voted=s2, raftlog=s2@group-5BD3E7F27A57-SegmentedRaftLog:OPENED:c1,f3,i3, conf=3: [s0:0.0.0.0:41468, s1:0.0.0.0:41619, s2:0.0.0.0:44382], old=null RUNNING, sleep 100ms and then retry.
java.lang.IllegalStateException: No leader yet : printing ALL groups
  s0:  RUNNING  FOLLOWER s0@group-5BD3E7F27A57:t329, leader=null, voted=null, raftlog=s0@group-5BD3E7F27A57-SegmentedRaftLog:OPENED:c3,f4,i4, conf=3: [s0:0.0.0.0:41468, s1:0.0.0.0:41619, s2:0.0.0.0:44382], old=null RUNNING
  s1:  RUNNING CANDIDATE s1@group-5BD3E7F27A57:t328, leader=null, voted=s1, raftlog=s1@group-5BD3E7F27A57-SegmentedRaftLog:OPENED:c2,f3,i3, conf=2: [s0:0.0.0.0:41468, s1:0.0.0.0:41619, s2:0.0.0.0:44382], old=null RUNNING
  s2:  RUNNING CANDIDATE s2@group-5BD3E7F27A57:t329, leader=null, voted=s2, raftlog=s2@group-5BD3E7F27A57-SegmentedRaftLog:OPENED:c1,f3,i3, conf=3: [s0:0.0.0.0:41468, s1:0.0.0.0:41619, s2:0.0.0.0:44382], old=null RUNNING
	at org.apache.ratis.MiniRaftCluster.newIllegalStateExceptionForNoLeaders(MiniRaftCluster.java:506)
	at org.apache.ratis.RaftTestUtil.lambda$waitForLeader$1(RaftTestUtil.java:90)
	at org.apache.ratis.MiniRaftCluster.getLeader(MiniRaftCluster.java:539)
	at org.apache.ratis.MiniRaftCluster.getLeader(MiniRaftCluster.java:532)
	at org.apache.ratis.RaftTestUtil.lambda$waitForLeader$3(RaftTestUtil.java:98)
	at org.apache.ratis.util.JavaUtils.attempt(JavaUtils.java:152)
	at org.apache.ratis.RaftTestUtil.waitForLeader(RaftTestUtil.java:97)
	at org.apache.ratis.RaftTestUtil.waitForLeader(RaftTestUtil.java:77)
	at org.apache.ratis.RaftTestUtil.waitForLeader(RaftTestUtil.java:72)
	at org.apache.ratis.RaftTestUtil.lambda$changeLeader$7(RaftTestUtil.java:363)
	at org.apache.ratis.util.JavaUtils.attempt(JavaUtils.java:152)
	at org.apache.ratis.RaftTestUtil.changeLeader(RaftTestUtil.java:362)
	at org.apache.ratis.server.impl.LeaderElectionTests.testChangeLeader(LeaderElectionTests.java:81)
	at sun.reflect.NativeMethodAccessorImpl.invoke0(Native Method)
	at sun.reflect.NativeMethodAccessorImpl.invoke(NativeMethodAccessorImpl.java:62)
	at sun.reflect.DelegatingMethodAccessorImpl.invoke(DelegatingMethodAccessorImpl.java:43)
	at java.lang.reflect.Method.invoke(Method.java:498)
	at org.junit.runners.model.FrameworkMethod$1.runReflectiveCall(FrameworkMethod.java:50)
	at org.junit.internal.runners.model.ReflectiveCallable.run(ReflectiveCallable.java:12)
	at org.junit.runners.model.FrameworkMethod.invokeExplosively(FrameworkMethod.java:47)
	at org.junit.internal.runners.statements.InvokeMethod.evaluate(InvokeMethod.java:17)
	at org.junit.internal.runners.statements.RunAfters.evaluate(RunAfters.java:27)
	at org.junit.internal.runners.statements.FailOnTimeout$CallableStatement.call(FailOnTimeout.java:298)
	at org.junit.internal.runners.statements.FailOnTimeout$CallableStatement.call(FailOnTimeout.java:292)
	at java.util.concurrent.FutureTask.run(FutureTask.java:266)
	at java.lang.Thread.run(Thread.java:748)
2019-09-26 09:50:23,069 INFO  server.RaftServerConfigKeys (ConfUtils.java:logGet(43)) - raft.server.rpc.timeout.max = 300ms (default)
2019-09-26 09:50:23,070 INFO  ratis.RaftTestUtil (RaftTestUtil.java:waitForLeader(86)) - printing ALL groups
  s0:  RUNNING  FOLLOWER s0@group-5BD3E7F27A57:t329, leader=null, voted=null, raftlog=s0@group-5BD3E7F27A57-SegmentedRaftLog:OPENED:c3,f4,i4, conf=3: [s0:0.0.0.0:41468, s1:0.0.0.0:41619, s2:0.0.0.0:44382], old=null RUNNING
  s1:  RUNNING CANDIDATE s1@group-5BD3E7F27A57:t328, leader=null, voted=s1, raftlog=s1@group-5BD3E7F27A57-SegmentedRaftLog:OPENED:c2,f3,i3, conf=2: [s0:0.0.0.0:41468, s1:0.0.0.0:41619, s2:0.0.0.0:44382], old=null RUNNING
  s2:  RUNNING CANDIDATE s2@group-5BD3E7F27A57:t329, leader=null, voted=s2, raftlog=s2@group-5BD3E7F27A57-SegmentedRaftLog:OPENED:c1,f3,i3, conf=3: [s0:0.0.0.0:41468, s1:0.0.0.0:41619, s2:0.0.0.0:44382], old=null RUNNING
2019-09-26 09:50:23,071 WARN  ratis.RaftTestUtil (JavaUtils.java:attempt(158)) - FAILED "waitForLeader-null-(expectLeader? true)", attempt #1/100: java.lang.IllegalStateException: No leader yet : printing ALL groups
  s0:  RUNNING  FOLLOWER s0@group-5BD3E7F27A57:t329, leader=null, voted=null, raftlog=s0@group-5BD3E7F27A57-SegmentedRaftLog:OPENED:c3,f4,i4, conf=3: [s0:0.0.0.0:41468, s1:0.0.0.0:41619, s2:0.0.0.0:44382], old=null RUNNING
  s1:  RUNNING CANDIDATE s1@group-5BD3E7F27A57:t328, leader=null, voted=s1, raftlog=s1@group-5BD3E7F27A57-SegmentedRaftLog:OPENED:c2,f3,i3, conf=2: [s0:0.0.0.0:41468, s1:0.0.0.0:41619, s2:0.0.0.0:44382], old=null RUNNING
  s2:  RUNNING CANDIDATE s2@group-5BD3E7F27A57:t329, leader=null, voted=s2, raftlog=s2@group-5BD3E7F27A57-SegmentedRaftLog:OPENED:c1,f3,i3, conf=3: [s0:0.0.0.0:41468, s1:0.0.0.0:41619, s2:0.0.0.0:44382], old=null RUNNING, sleep 450ms and then retry.
java.lang.IllegalStateException: No leader yet : printing ALL groups
  s0:  RUNNING  FOLLOWER s0@group-5BD3E7F27A57:t329, leader=null, voted=null, raftlog=s0@group-5BD3E7F27A57-SegmentedRaftLog:OPENED:c3,f4,i4, conf=3: [s0:0.0.0.0:41468, s1:0.0.0.0:41619, s2:0.0.0.0:44382], old=null RUNNING
  s1:  RUNNING CANDIDATE s1@group-5BD3E7F27A57:t328, leader=null, voted=s1, raftlog=s1@group-5BD3E7F27A57-SegmentedRaftLog:OPENED:c2,f3,i3, conf=2: [s0:0.0.0.0:41468, s1:0.0.0.0:41619, s2:0.0.0.0:44382], old=null RUNNING
  s2:  RUNNING CANDIDATE s2@group-5BD3E7F27A57:t329, leader=null, voted=s2, raftlog=s2@group-5BD3E7F27A57-SegmentedRaftLog:OPENED:c1,f3,i3, conf=3: [s0:0.0.0.0:41468, s1:0.0.0.0:41619, s2:0.0.0.0:44382], old=null RUNNING
	at org.apache.ratis.MiniRaftCluster.newIllegalStateExceptionForNoLeaders(MiniRaftCluster.java:506)
	at org.apache.ratis.RaftTestUtil.lambda$waitForLeader$1(RaftTestUtil.java:90)
	at org.apache.ratis.MiniRaftCluster.getLeader(MiniRaftCluster.java:539)
	at org.apache.ratis.MiniRaftCluster.getLeader(MiniRaftCluster.java:532)
	at org.apache.ratis.RaftTestUtil.lambda$waitForLeader$3(RaftTestUtil.java:98)
	at org.apache.ratis.util.JavaUtils.attempt(JavaUtils.java:152)
	at org.apache.ratis.RaftTestUtil.waitForLeader(RaftTestUtil.java:97)
	at org.apache.ratis.RaftTestUtil.waitForLeader(RaftTestUtil.java:77)
	at org.apache.ratis.RaftTestUtil.waitForLeader(RaftTestUtil.java:72)
	at org.apache.ratis.RaftTestUtil.lambda$changeLeader$7(RaftTestUtil.java:363)
	at org.apache.ratis.util.JavaUtils.attempt(JavaUtils.java:152)
	at org.apache.ratis.RaftTestUtil.changeLeader(RaftTestUtil.java:362)
	at org.apache.ratis.server.impl.LeaderElectionTests.testChangeLeader(LeaderElectionTests.java:81)
	at sun.reflect.NativeMethodAccessorImpl.invoke0(Native Method)
	at sun.reflect.NativeMethodAccessorImpl.invoke(NativeMethodAccessorImpl.java:62)
	at sun.reflect.DelegatingMethodAccessorImpl.invoke(DelegatingMethodAccessorImpl.java:43)
	at java.lang.reflect.Method.invoke(Method.java:498)
	at org.junit.runners.model.FrameworkMethod$1.runReflectiveCall(FrameworkMethod.java:50)
	at org.junit.internal.runners.model.ReflectiveCallable.run(ReflectiveCallable.java:12)
	at org.junit.runners.model.FrameworkMethod.invokeExplosively(FrameworkMethod.java:47)
	at org.junit.internal.runners.statements.InvokeMethod.evaluate(InvokeMethod.java:17)
	at org.junit.internal.runners.statements.RunAfters.evaluate(RunAfters.java:27)
	at org.junit.internal.runners.statements.FailOnTimeout$CallableStatement.call(FailOnTimeout.java:298)
	at org.junit.internal.runners.statements.FailOnTimeout$CallableStatement.call(FailOnTimeout.java:292)
	at java.util.concurrent.FutureTask.run(FutureTask.java:266)
	at java.lang.Thread.run(Thread.java:748)
2019-09-26 09:50:23,179 INFO  impl.LeaderElection (LeaderElection.java:logAndReturn(56)) - s2@group-5BD3E7F27A57-LeaderElection116: Election TIMEOUT; received 1 response(s) [s2<-s0#0:FAIL-t329] and 0 exception(s); s2@group-5BD3E7F27A57:t329, leader=null, voted=s2, raftlog=s2@group-5BD3E7F27A57-SegmentedRaftLog:OPENED:c1,f3,i3, conf=3: [s0:0.0.0.0:41468, s1:0.0.0.0:41619, s2:0.0.0.0:44382], old=null
2019-09-26 09:50:23,184 INFO  impl.FollowerState (FollowerState.java:run(108)) - s0@group-5BD3E7F27A57-FollowerState: change to CANDIDATE, lastRpcTime:224ms, electionTimeout:224ms
2019-09-26 09:50:23,184 INFO  impl.RoleInfo (RoleInfo.java:shutdownFollowerState(121)) - s0: shutdown FollowerState
2019-09-26 09:50:23,184 INFO  impl.RaftServerImpl (RaftServerImpl.java:setRole(170)) - s0@group-5BD3E7F27A57: changes role from  FOLLOWER to CANDIDATE at term 329 for changeToCandidate
2019-09-26 09:50:23,185 INFO  impl.RoleInfo (RoleInfo.java:updateAndGet(143)) - s0: start LeaderElection
2019-09-26 09:50:23,192 INFO  impl.LeaderElection (LeaderElection.java:logAndReturn(56)) - s1@group-5BD3E7F27A57-LeaderElection118: Election TIMEOUT; received 1 response(s) [s1<-s0#0:FAIL-t328] and 0 exception(s); s1@group-5BD3E7F27A57:t328, leader=null, voted=s1, raftlog=s1@group-5BD3E7F27A57-SegmentedRaftLog:OPENED:c2,f3,i3, conf=2: [s0:0.0.0.0:41468, s1:0.0.0.0:41619, s2:0.0.0.0:44382], old=null
2019-09-26 09:50:23,193 INFO  impl.LeaderElection (LeaderElection.java:askForVotes(178)) - s2@group-5BD3E7F27A57-LeaderElection116: begin an election at term 330 for 3: [s0:0.0.0.0:41468, s1:0.0.0.0:41619, s2:0.0.0.0:44382], old=null
2019-09-26 09:50:23,193 INFO  impl.LeaderElection (LeaderElection.java:askForVotes(178)) - s0@group-5BD3E7F27A57-LeaderElection121: begin an election at term 330 for 3: [s0:0.0.0.0:41468, s1:0.0.0.0:41619, s2:0.0.0.0:44382], old=null
2019-09-26 09:50:23,194 DEBUG impl.RaftServerImpl (RaftServerImpl.java:requestVote(743)) - s0@group-5BD3E7F27A57: receive requestVote(s2, group-5BD3E7F27A57, 330, (t:4, i:3))
2019-09-26 09:50:23,194 DEBUG impl.RaftServerImpl (RaftServerImpl.java:requestVote(775)) - s0@group-5BD3E7F27A57 replies to vote request: s2<-s0#0:FAIL-t330. Peer's state: s0@group-5BD3E7F27A57:t330, leader=null, voted=s0, raftlog=s0@group-5BD3E7F27A57-SegmentedRaftLog:OPENED:c3,f4,i4, conf=3: [s0:0.0.0.0:41468, s1:0.0.0.0:41619, s2:0.0.0.0:44382], old=null
2019-09-26 09:50:23,196 INFO  impl.LeaderElection (LeaderElection.java:askForVotes(178)) - s1@group-5BD3E7F27A57-LeaderElection118: begin an election at term 329 for 2: [s0:0.0.0.0:41468, s1:0.0.0.0:41619, s2:0.0.0.0:44382], old=null
2019-09-26 09:50:23,196 DEBUG impl.RaftServerImpl (RaftServerImpl.java:requestVote(743)) - s0@group-5BD3E7F27A57: receive requestVote(s1, group-5BD3E7F27A57, 329, (t:3, i:3))
2019-09-26 09:50:23,196 DEBUG impl.RaftServerImpl (RaftServerImpl.java:requestVote(775)) - s0@group-5BD3E7F27A57 replies to vote request: s1<-s0#0:FAIL-t330. Peer's state: s0@group-5BD3E7F27A57:t330, leader=null, voted=s0, raftlog=s0@group-5BD3E7F27A57-SegmentedRaftLog:OPENED:c3,f4,i4, conf=3: [s0:0.0.0.0:41468, s1:0.0.0.0:41619, s2:0.0.0.0:44382], old=null
2019-09-26 09:50:23,197 INFO  impl.LeaderElection (LeaderElection.java:logAndReturn(56)) - s1@group-5BD3E7F27A57-LeaderElection118: Election DISCOVERED_A_NEW_TERM; received 1 response(s) [s1<-s0#0:FAIL-t330] and 0 exception(s); s1@group-5BD3E7F27A57:t329, leader=null, voted=s1, raftlog=s1@group-5BD3E7F27A57-SegmentedRaftLog:OPENED:c2,f3,i3, conf=2: [s0:0.0.0.0:41468, s1:0.0.0.0:41619, s2:0.0.0.0:44382], old=null
2019-09-26 09:50:23,197 INFO  impl.RaftServerImpl (RaftServerImpl.java:setRole(170)) - s1@group-5BD3E7F27A57: changes role from CANDIDATE to FOLLOWER at term 330 for DISCOVERED_A_NEW_TERM
2019-09-26 09:50:23,197 INFO  impl.RoleInfo (RoleInfo.java:shutdownLeaderElection(134)) - s1: shutdown LeaderElection
2019-09-26 09:50:23,197 INFO  impl.RoleInfo (RoleInfo.java:updateAndGet(143)) - s1: start FollowerState
2019-09-26 09:50:23,352 INFO  impl.LeaderElection (LeaderElection.java:logAndReturn(56)) - s2@group-5BD3E7F27A57-LeaderElection116: Election TIMEOUT; received 1 response(s) [s2<-s0#0:FAIL-t330] and 0 exception(s); s2@group-5BD3E7F27A57:t330, leader=null, voted=s2, raftlog=s2@group-5BD3E7F27A57-SegmentedRaftLog:OPENED:c1,f3,i3, conf=3: [s0:0.0.0.0:41468, s1:0.0.0.0:41619, s2:0.0.0.0:44382], old=null
2019-09-26 09:50:23,358 INFO  impl.LeaderElection (LeaderElection.java:logAndReturn(56)) - s0@group-5BD3E7F27A57-LeaderElection121: Election TIMEOUT; received 0 response(s) [] and 0 exception(s); s0@group-5BD3E7F27A57:t330, leader=null, voted=s0, raftlog=s0@group-5BD3E7F27A57-SegmentedRaftLog:OPENED:c3,f4,i4, conf=3: [s0:0.0.0.0:41468, s1:0.0.0.0:41619, s2:0.0.0.0:44382], old=null
2019-09-26 09:50:23,361 INFO  impl.LeaderElection (LeaderElection.java:askForVotes(178)) - s0@group-5BD3E7F27A57-LeaderElection121: begin an election at term 331 for 3: [s0:0.0.0.0:41468, s1:0.0.0.0:41619, s2:0.0.0.0:44382], old=null
2019-09-26 09:50:23,361 INFO  impl.LeaderElection (LeaderElection.java:askForVotes(178)) - s2@group-5BD3E7F27A57-LeaderElection116: begin an election at term 331 for 3: [s0:0.0.0.0:41468, s1:0.0.0.0:41619, s2:0.0.0.0:44382], old=null
2019-09-26 09:50:23,362 DEBUG impl.RaftServerImpl (RaftServerImpl.java:requestVote(743)) - s0@group-5BD3E7F27A57: receive requestVote(s2, group-5BD3E7F27A57, 331, (t:4, i:3))
2019-09-26 09:50:23,362 DEBUG impl.RaftServerImpl (RaftServerImpl.java:requestVote(775)) - s0@group-5BD3E7F27A57 replies to vote request: s2<-s0#0:FAIL-t331. Peer's state: s0@group-5BD3E7F27A57:t331, leader=null, voted=s0, raftlog=s0@group-5BD3E7F27A57-SegmentedRaftLog:OPENED:c3,f4,i4, conf=3: [s0:0.0.0.0:41468, s1:0.0.0.0:41619, s2:0.0.0.0:44382], old=null
2019-09-26 09:50:23,390 INFO  impl.FollowerState (FollowerState.java:run(108)) - s1@group-5BD3E7F27A57-FollowerState: change to CANDIDATE, lastRpcTime:193ms, electionTimeout:193ms
2019-09-26 09:50:23,391 INFO  impl.RoleInfo (RoleInfo.java:shutdownFollowerState(121)) - s1: shutdown FollowerState
2019-09-26 09:50:23,391 INFO  impl.RaftServerImpl (RaftServerImpl.java:setRole(170)) - s1@group-5BD3E7F27A57: changes role from  FOLLOWER to CANDIDATE at term 330 for changeToCandidate
2019-09-26 09:50:23,391 INFO  impl.RoleInfo (RoleInfo.java:updateAndGet(143)) - s1: start LeaderElection
2019-09-26 09:50:23,404 INFO  impl.LeaderElection (LeaderElection.java:askForVotes(178)) - s1@group-5BD3E7F27A57-LeaderElection122: begin an election at term 331 for 2: [s0:0.0.0.0:41468, s1:0.0.0.0:41619, s2:0.0.0.0:44382], old=null
2019-09-26 09:50:23,405 DEBUG impl.RaftServerImpl (RaftServerImpl.java:requestVote(743)) - s0@group-5BD3E7F27A57: receive requestVote(s1, group-5BD3E7F27A57, 331, (t:3, i:3))
2019-09-26 09:50:23,405 DEBUG impl.RaftServerImpl (RaftServerImpl.java:requestVote(775)) - s0@group-5BD3E7F27A57 replies to vote request: s1<-s0#0:FAIL-t331. Peer's state: s0@group-5BD3E7F27A57:t331, leader=null, voted=s0, raftlog=s0@group-5BD3E7F27A57-SegmentedRaftLog:OPENED:c3,f4,i4, conf=3: [s0:0.0.0.0:41468, s1:0.0.0.0:41619, s2:0.0.0.0:44382], old=null
2019-09-26 09:50:23,522 WARN  ratis.RaftTestUtil (JavaUtils.java:attempt(158)) - FAILED "waitForLeader-null-(expectLeader? true)", attempt #2/100: java.lang.IllegalStateException: No leader yet : printing ALL groups
  s0:  RUNNING CANDIDATE s0@group-5BD3E7F27A57:t331, leader=null, voted=s0, raftlog=s0@group-5BD3E7F27A57-SegmentedRaftLog:OPENED:c3,f4,i4, conf=3: [s0:0.0.0.0:41468, s1:0.0.0.0:41619, s2:0.0.0.0:44382], old=null RUNNING
  s1:  RUNNING CANDIDATE s1@group-5BD3E7F27A57:t331, leader=null, voted=s1, raftlog=s1@group-5BD3E7F27A57-SegmentedRaftLog:OPENED:c2,f3,i3, conf=2: [s0:0.0.0.0:41468, s1:0.0.0.0:41619, s2:0.0.0.0:44382], old=null RUNNING
  s2:  RUNNING CANDIDATE s2@group-5BD3E7F27A57:t331, leader=null, voted=s2, raftlog=s2@group-5BD3E7F27A57-SegmentedRaftLog:OPENED:c1,f3,i3, conf=3: [s0:0.0.0.0:41468, s1:0.0.0.0:41619, s2:0.0.0.0:44382], old=null RUNNING, sleep 450ms and then retry.
java.lang.IllegalStateException: No leader yet : printing ALL groups
  s0:  RUNNING CANDIDATE s0@group-5BD3E7F27A57:t331, leader=null, voted=s0, raftlog=s0@group-5BD3E7F27A57-SegmentedRaftLog:OPENED:c3,f4,i4, conf=3: [s0:0.0.0.0:41468, s1:0.0.0.0:41619, s2:0.0.0.0:44382], old=null RUNNING
  s1:  RUNNING CANDIDATE s1@group-5BD3E7F27A57:t331, leader=null, voted=s1, raftlog=s1@group-5BD3E7F27A57-SegmentedRaftLog:OPENED:c2,f3,i3, conf=2: [s0:0.0.0.0:41468, s1:0.0.0.0:41619, s2:0.0.0.0:44382], old=null RUNNING
  s2:  RUNNING CANDIDATE s2@group-5BD3E7F27A57:t331, leader=null, voted=s2, raftlog=s2@group-5BD3E7F27A57-SegmentedRaftLog:OPENED:c1,f3,i3, conf=3: [s0:0.0.0.0:41468, s1:0.0.0.0:41619, s2:0.0.0.0:44382], old=null RUNNING
	at org.apache.ratis.MiniRaftCluster.newIllegalStateExceptionForNoLeaders(MiniRaftCluster.java:506)
	at org.apache.ratis.RaftTestUtil.lambda$waitForLeader$1(RaftTestUtil.java:90)
	at org.apache.ratis.MiniRaftCluster.getLeader(MiniRaftCluster.java:539)
	at org.apache.ratis.MiniRaftCluster.getLeader(MiniRaftCluster.java:532)
	at org.apache.ratis.RaftTestUtil.lambda$waitForLeader$3(RaftTestUtil.java:98)
	at org.apache.ratis.util.JavaUtils.attempt(JavaUtils.java:152)
	at org.apache.ratis.RaftTestUtil.waitForLeader(RaftTestUtil.java:97)
	at org.apache.ratis.RaftTestUtil.waitForLeader(RaftTestUtil.java:77)
	at org.apache.ratis.RaftTestUtil.waitForLeader(RaftTestUtil.java:72)
	at org.apache.ratis.RaftTestUtil.lambda$changeLeader$7(RaftTestUtil.java:363)
	at org.apache.ratis.util.JavaUtils.attempt(JavaUtils.java:152)
	at org.apache.ratis.RaftTestUtil.changeLeader(RaftTestUtil.java:362)
	at org.apache.ratis.server.impl.LeaderElectionTests.testChangeLeader(LeaderElectionTests.java:81)
	at sun.reflect.NativeMethodAccessorImpl.invoke0(Native Method)
	at sun.reflect.NativeMethodAccessorImpl.invoke(NativeMethodAccessorImpl.java:62)
	at sun.reflect.DelegatingMethodAccessorImpl.invoke(DelegatingMethodAccessorImpl.java:43)
	at java.lang.reflect.Method.invoke(Method.java:498)
	at org.junit.runners.model.FrameworkMethod$1.runReflectiveCall(FrameworkMethod.java:50)
	at org.junit.internal.runners.model.ReflectiveCallable.run(ReflectiveCallable.java:12)
	at org.junit.runners.model.FrameworkMethod.invokeExplosively(FrameworkMethod.java:47)
	at org.junit.internal.runners.statements.InvokeMethod.evaluate(InvokeMethod.java:17)
	at org.junit.internal.runners.statements.RunAfters.evaluate(RunAfters.java:27)
	at org.junit.internal.runners.statements.FailOnTimeout$CallableStatement.call(FailOnTimeout.java:298)
	at org.junit.internal.runners.statements.FailOnTimeout$CallableStatement.call(FailOnTimeout.java:292)
	at java.util.concurrent.FutureTask.run(FutureTask.java:266)
	at java.lang.Thread.run(Thread.java:748)
2019-09-26 09:50:23,561 INFO  impl.LeaderElection (LeaderElection.java:logAndReturn(56)) - s1@group-5BD3E7F27A57-LeaderElection122: Election TIMEOUT; received 1 response(s) [s1<-s0#0:FAIL-t331] and 0 exception(s); s1@group-5BD3E7F27A57:t331, leader=null, voted=s1, raftlog=s1@group-5BD3E7F27A57-SegmentedRaftLog:OPENED:c2,f3,i3, conf=2: [s0:0.0.0.0:41468, s1:0.0.0.0:41619, s2:0.0.0.0:44382], old=null
2019-09-26 09:50:23,588 INFO  impl.LeaderElection (LeaderElection.java:askForVotes(178)) - s1@group-5BD3E7F27A57-LeaderElection122: begin an election at term 332 for 2: [s0:0.0.0.0:41468, s1:0.0.0.0:41619, s2:0.0.0.0:44382], old=null
2019-09-26 09:50:23,589 DEBUG impl.RaftServerImpl (RaftServerImpl.java:requestVote(743)) - s0@group-5BD3E7F27A57: receive requestVote(s1, group-5BD3E7F27A57, 332, (t:3, i:3))
2019-09-26 09:50:23,589 INFO  impl.RaftServerImpl (RaftServerImpl.java:setRole(170)) - s0@group-5BD3E7F27A57: changes role from CANDIDATE to FOLLOWER at term 332 for recognizeCandidate:s1
2019-09-26 09:50:23,589 INFO  impl.RoleInfo (RoleInfo.java:shutdownLeaderElection(134)) - s0: shutdown LeaderElection
2019-09-26 09:50:23,589 INFO  impl.RoleInfo (RoleInfo.java:updateAndGet(143)) - s0: start FollowerState
2019-09-26 09:50:23,591 INFO  impl.LeaderElection (LeaderElection.java:logAndReturn(56)) - s0@group-5BD3E7F27A57-LeaderElection121: Election REJECTED; received 0 response(s) [] and 0 exception(s); s0@group-5BD3E7F27A57:t332, leader=null, voted=null, raftlog=s0@group-5BD3E7F27A57-SegmentedRaftLog:OPENED:c3,f4,i4, conf=3: [s0:0.0.0.0:41468, s1:0.0.0.0:41619, s2:0.0.0.0:44382], old=null
2019-09-26 09:50:23,602 DEBUG impl.RaftServerImpl (RaftServerImpl.java:requestVote(775)) - s0@group-5BD3E7F27A57 replies to vote request: s1<-s0#0:FAIL-t332. Peer's state: s0@group-5BD3E7F27A57:t332, leader=null, voted=null, raftlog=s0@group-5BD3E7F27A57-SegmentedRaftLog:OPENED:c3,f4,i4, conf=3: [s0:0.0.0.0:41468, s1:0.0.0.0:41619, s2:0.0.0.0:44382], old=null
2019-09-26 09:50:23,661 INFO  impl.LeaderElection (LeaderElection.java:logAndReturn(56)) - s2@group-5BD3E7F27A57-LeaderElection116: Election TIMEOUT; received 1 response(s) [s2<-s0#0:FAIL-t331] and 0 exception(s); s2@group-5BD3E7F27A57:t331, leader=null, voted=s2, raftlog=s2@group-5BD3E7F27A57-SegmentedRaftLog:OPENED:c1,f3,i3, conf=3: [s0:0.0.0.0:41468, s1:0.0.0.0:41619, s2:0.0.0.0:44382], old=null
2019-09-26 09:50:23,666 INFO  impl.LeaderElection (LeaderElection.java:askForVotes(178)) - s2@group-5BD3E7F27A57-LeaderElection116: begin an election at term 332 for 3: [s0:0.0.0.0:41468, s1:0.0.0.0:41619, s2:0.0.0.0:44382], old=null
2019-09-26 09:50:23,667 DEBUG impl.RaftServerImpl (RaftServerImpl.java:requestVote(743)) - s0@group-5BD3E7F27A57: receive requestVote(s2, group-5BD3E7F27A57, 332, (t:4, i:3))
2019-09-26 09:50:23,667 INFO  impl.RaftServerImpl (RaftServerImpl.java:setRole(170)) - s0@group-5BD3E7F27A57: changes role from  FOLLOWER to FOLLOWER at term 332 for recognizeCandidate:s2
2019-09-26 09:50:23,667 INFO  impl.RoleInfo (RoleInfo.java:shutdownFollowerState(121)) - s0: shutdown FollowerState
2019-09-26 09:50:23,667 INFO  impl.RoleInfo (RoleInfo.java:updateAndGet(143)) - s0: start FollowerState
2019-09-26 09:50:23,667 INFO  impl.FollowerState (FollowerState.java:run(117)) - s0@group-5BD3E7F27A57-FollowerState was interrupted: java.lang.InterruptedException: sleep interrupted
2019-09-26 09:50:23,668 DEBUG impl.RaftServerImpl (RaftServerImpl.java:requestVote(775)) - s0@group-5BD3E7F27A57 replies to vote request: s2<-s0#0:FAIL-t332. Peer's state: s0@group-5BD3E7F27A57:t332, leader=null, voted=null, raftlog=s0@group-5BD3E7F27A57-SegmentedRaftLog:OPENED:c3,f4,i4, conf=3: [s0:0.0.0.0:41468, s1:0.0.0.0:41619, s2:0.0.0.0:44382], old=null
2019-09-26 09:50:23,813 INFO  impl.LeaderElection (LeaderElection.java:logAndReturn(56)) - s1@group-5BD3E7F27A57-LeaderElection122: Election TIMEOUT; received 1 response(s) [s1<-s0#0:FAIL-t332] and 0 exception(s); s1@group-5BD3E7F27A57:t332, leader=null, voted=s1, raftlog=s1@group-5BD3E7F27A57-SegmentedRaftLog:OPENED:c2,f3,i3, conf=2: [s0:0.0.0.0:41468, s1:0.0.0.0:41619, s2:0.0.0.0:44382], old=null
2019-09-26 09:50:23,840 INFO  impl.LeaderElection (LeaderElection.java:askForVotes(178)) - s1@group-5BD3E7F27A57-LeaderElection122: begin an election at term 333 for 2: [s0:0.0.0.0:41468, s1:0.0.0.0:41619, s2:0.0.0.0:44382], old=null
2019-09-26 09:50:23,841 DEBUG impl.RaftServerImpl (RaftServerImpl.java:requestVote(743)) - s0@group-5BD3E7F27A57: receive requestVote(s1, group-5BD3E7F27A57, 333, (t:3, i:3))
2019-09-26 09:50:23,841 INFO  impl.RaftServerImpl (RaftServerImpl.java:setRole(170)) - s0@group-5BD3E7F27A57: changes role from  FOLLOWER to FOLLOWER at term 333 for recognizeCandidate:s1
2019-09-26 09:50:23,841 INFO  impl.RoleInfo (RoleInfo.java:shutdownFollowerState(121)) - s0: shutdown FollowerState
2019-09-26 09:50:23,841 INFO  impl.RoleInfo (RoleInfo.java:updateAndGet(143)) - s0: start FollowerState
2019-09-26 09:50:23,841 INFO  impl.FollowerState (FollowerState.java:run(117)) - s0@group-5BD3E7F27A57-FollowerState was interrupted: java.lang.InterruptedException: sleep interrupted
2019-09-26 09:50:23,854 DEBUG impl.RaftServerImpl (RaftServerImpl.java:requestVote(775)) - s0@group-5BD3E7F27A57 replies to vote request: s1<-s0#0:FAIL-t333. Peer's state: s0@group-5BD3E7F27A57:t333, leader=null, voted=null, raftlog=s0@group-5BD3E7F27A57-SegmentedRaftLog:OPENED:c3,f4,i4, conf=3: [s0:0.0.0.0:41468, s1:0.0.0.0:41619, s2:0.0.0.0:44382], old=null
2019-09-26 09:50:23,899 INFO  impl.LeaderElection (LeaderElection.java:logAndReturn(56)) - s2@group-5BD3E7F27A57-LeaderElection116: Election TIMEOUT; received 1 response(s) [s2<-s0#0:FAIL-t332] and 0 exception(s); s2@group-5BD3E7F27A57:t332, leader=null, voted=s2, raftlog=s2@group-5BD3E7F27A57-SegmentedRaftLog:OPENED:c1,f3,i3, conf=3: [s0:0.0.0.0:41468, s1:0.0.0.0:41619, s2:0.0.0.0:44382], old=null
2019-09-26 09:50:23,903 INFO  impl.LeaderElection (LeaderElection.java:askForVotes(178)) - s2@group-5BD3E7F27A57-LeaderElection116: begin an election at term 333 for 3: [s0:0.0.0.0:41468, s1:0.0.0.0:41619, s2:0.0.0.0:44382], old=null
2019-09-26 09:50:23,904 DEBUG impl.RaftServerImpl (RaftServerImpl.java:requestVote(743)) - s0@group-5BD3E7F27A57: receive requestVote(s2, group-5BD3E7F27A57, 333, (t:4, i:3))
2019-09-26 09:50:23,904 INFO  impl.RaftServerImpl (RaftServerImpl.java:setRole(170)) - s0@group-5BD3E7F27A57: changes role from  FOLLOWER to FOLLOWER at term 333 for recognizeCandidate:s2
2019-09-26 09:50:23,904 INFO  impl.RoleInfo (RoleInfo.java:shutdownFollowerState(121)) - s0: shutdown FollowerState
2019-09-26 09:50:23,904 INFO  impl.RoleInfo (RoleInfo.java:updateAndGet(143)) - s0: start FollowerState
2019-09-26 09:50:23,904 INFO  impl.FollowerState (FollowerState.java:run(117)) - s0@group-5BD3E7F27A57-FollowerState was interrupted: java.lang.InterruptedException: sleep interrupted
2019-09-26 09:50:23,904 DEBUG impl.RaftServerImpl (RaftServerImpl.java:requestVote(775)) - s0@group-5BD3E7F27A57 replies to vote request: s2<-s0#0:FAIL-t333. Peer's state: s0@group-5BD3E7F27A57:t333, leader=null, voted=null, raftlog=s0@group-5BD3E7F27A57-SegmentedRaftLog:OPENED:c3,f4,i4, conf=3: [s0:0.0.0.0:41468, s1:0.0.0.0:41619, s2:0.0.0.0:44382], old=null
2019-09-26 09:50:23,973 WARN  ratis.RaftTestUtil (JavaUtils.java:attempt(158)) - FAILED "waitForLeader-null-(expectLeader? true)", attempt #3/100: java.lang.IllegalStateException: No leader yet : printing ALL groups
  s0:  RUNNING  FOLLOWER s0@group-5BD3E7F27A57:t333, leader=null, voted=null, raftlog=s0@group-5BD3E7F27A57-SegmentedRaftLog:OPENED:c3,f4,i4, conf=3: [s0:0.0.0.0:41468, s1:0.0.0.0:41619, s2:0.0.0.0:44382], old=null RUNNING
  s1:  RUNNING CANDIDATE s1@group-5BD3E7F27A57:t333, leader=null, voted=s1, raftlog=s1@group-5BD3E7F27A57-SegmentedRaftLog:OPENED:c2,f3,i3, conf=2: [s0:0.0.0.0:41468, s1:0.0.0.0:41619, s2:0.0.0.0:44382], old=null RUNNING
  s2:  RUNNING CANDIDATE s2@group-5BD3E7F27A57:t333, leader=null, voted=s2, raftlog=s2@group-5BD3E7F27A57-SegmentedRaftLog:OPENED:c1,f3,i3, conf=3: [s0:0.0.0.0:41468, s1:0.0.0.0:41619, s2:0.0.0.0:44382], old=null RUNNING, sleep 450ms and then retry.
java.lang.IllegalStateException: No leader yet : printing ALL groups
  s0:  RUNNING  FOLLOWER s0@group-5BD3E7F27A57:t333, leader=null, voted=null, raftlog=s0@group-5BD3E7F27A57-SegmentedRaftLog:OPENED:c3,f4,i4, conf=3: [s0:0.0.0.0:41468, s1:0.0.0.0:41619, s2:0.0.0.0:44382], old=null RUNNING
  s1:  RUNNING CANDIDATE s1@group-5BD3E7F27A57:t333, leader=null, voted=s1, raftlog=s1@group-5BD3E7F27A57-SegmentedRaftLog:OPENED:c2,f3,i3, conf=2: [s0:0.0.0.0:41468, s1:0.0.0.0:41619, s2:0.0.0.0:44382], old=null RUNNING
  s2:  RUNNING CANDIDATE s2@group-5BD3E7F27A57:t333, leader=null, voted=s2, raftlog=s2@group-5BD3E7F27A57-SegmentedRaftLog:OPENED:c1,f3,i3, conf=3: [s0:0.0.0.0:41468, s1:0.0.0.0:41619, s2:0.0.0.0:44382], old=null RUNNING
	at org.apache.ratis.MiniRaftCluster.newIllegalStateExceptionForNoLeaders(MiniRaftCluster.java:506)
	at org.apache.ratis.RaftTestUtil.lambda$waitForLeader$1(RaftTestUtil.java:90)
	at org.apache.ratis.MiniRaftCluster.getLeader(MiniRaftCluster.java:539)
	at org.apache.ratis.MiniRaftCluster.getLeader(MiniRaftCluster.java:532)
	at org.apache.ratis.RaftTestUtil.lambda$waitForLeader$3(RaftTestUtil.java:98)
	at org.apache.ratis.util.JavaUtils.attempt(JavaUtils.java:152)
	at org.apache.ratis.RaftTestUtil.waitForLeader(RaftTestUtil.java:97)
	at org.apache.ratis.RaftTestUtil.waitForLeader(RaftTestUtil.java:77)
	at org.apache.ratis.RaftTestUtil.waitForLeader(RaftTestUtil.java:72)
	at org.apache.ratis.RaftTestUtil.lambda$changeLeader$7(RaftTestUtil.java:363)
	at org.apache.ratis.util.JavaUtils.attempt(JavaUtils.java:152)
	at org.apache.ratis.RaftTestUtil.changeLeader(RaftTestUtil.java:362)
	at org.apache.ratis.server.impl.LeaderElectionTests.testChangeLeader(LeaderElectionTests.java:81)
	at sun.reflect.NativeMethodAccessorImpl.invoke0(Native Method)
	at sun.reflect.NativeMethodAccessorImpl.invoke(NativeMethodAccessorImpl.java:62)
	at sun.reflect.DelegatingMethodAccessorImpl.invoke(DelegatingMethodAccessorImpl.java:43)
	at java.lang.reflect.Method.invoke(Method.java:498)
	at org.junit.runners.model.FrameworkMethod$1.runReflectiveCall(FrameworkMethod.java:50)
	at org.junit.internal.runners.model.ReflectiveCallable.run(ReflectiveCallable.java:12)
	at org.junit.runners.model.FrameworkMethod.invokeExplosively(FrameworkMethod.java:47)
	at org.junit.internal.runners.statements.InvokeMethod.evaluate(InvokeMethod.java:17)
	at org.junit.internal.runners.statements.RunAfters.evaluate(RunAfters.java:27)
	at org.junit.internal.runners.statements.FailOnTimeout$CallableStatement.call(FailOnTimeout.java:298)
	at org.junit.internal.runners.statements.FailOnTimeout$CallableStatement.call(FailOnTimeout.java:292)
	at java.util.concurrent.FutureTask.run(FutureTask.java:266)
	at java.lang.Thread.run(Thread.java:748)
2019-09-26 09:50:24,112 INFO  impl.LeaderElection (LeaderElection.java:logAndReturn(56)) - s1@group-5BD3E7F27A57-LeaderElection122: Election TIMEOUT; received 1 response(s) [s1<-s0#0:FAIL-t333] and 0 exception(s); s1@group-5BD3E7F27A57:t333, leader=null, voted=s1, raftlog=s1@group-5BD3E7F27A57-SegmentedRaftLog:OPENED:c2,f3,i3, conf=2: [s0:0.0.0.0:41468, s1:0.0.0.0:41619, s2:0.0.0.0:44382], old=null
2019-09-26 09:50:24,125 INFO  impl.LeaderElection (LeaderElection.java:askForVotes(178)) - s1@group-5BD3E7F27A57-LeaderElection122: begin an election at term 334 for 2: [s0:0.0.0.0:41468, s1:0.0.0.0:41619, s2:0.0.0.0:44382], old=null
2019-09-26 09:50:24,125 DEBUG impl.RaftServerImpl (RaftServerImpl.java:requestVote(743)) - s0@group-5BD3E7F27A57: receive requestVote(s1, group-5BD3E7F27A57, 334, (t:3, i:3))
2019-09-26 09:50:24,126 INFO  impl.RaftServerImpl (RaftServerImpl.java:setRole(170)) - s0@group-5BD3E7F27A57: changes role from  FOLLOWER to FOLLOWER at term 334 for recognizeCandidate:s1
2019-09-26 09:50:24,126 INFO  impl.RoleInfo (RoleInfo.java:shutdownFollowerState(121)) - s0: shutdown FollowerState
2019-09-26 09:50:24,126 INFO  impl.RoleInfo (RoleInfo.java:updateAndGet(143)) - s0: start FollowerState
2019-09-26 09:50:24,126 INFO  impl.FollowerState (FollowerState.java:run(117)) - s0@group-5BD3E7F27A57-FollowerState was interrupted: java.lang.InterruptedException: sleep interrupted
2019-09-26 09:50:24,139 DEBUG impl.RaftServerImpl (RaftServerImpl.java:requestVote(775)) - s0@group-5BD3E7F27A57 replies to vote request: s1<-s0#0:FAIL-t334. Peer's state: s0@group-5BD3E7F27A57:t334, leader=null, voted=null, raftlog=s0@group-5BD3E7F27A57-SegmentedRaftLog:OPENED:c3,f4,i4, conf=3: [s0:0.0.0.0:41468, s1:0.0.0.0:41619, s2:0.0.0.0:44382], old=null
2019-09-26 09:50:24,170 INFO  impl.LeaderElection (LeaderElection.java:logAndReturn(56)) - s2@group-5BD3E7F27A57-LeaderElection116: Election TIMEOUT; received 1 response(s) [s2<-s0#0:FAIL-t333] and 0 exception(s); s2@group-5BD3E7F27A57:t333, leader=null, voted=s2, raftlog=s2@group-5BD3E7F27A57-SegmentedRaftLog:OPENED:c1,f3,i3, conf=3: [s0:0.0.0.0:41468, s1:0.0.0.0:41619, s2:0.0.0.0:44382], old=null
2019-09-26 09:50:24,182 INFO  impl.LeaderElection (LeaderElection.java:askForVotes(178)) - s2@group-5BD3E7F27A57-LeaderElection116: begin an election at term 334 for 3: [s0:0.0.0.0:41468, s1:0.0.0.0:41619, s2:0.0.0.0:44382], old=null
2019-09-26 09:50:24,183 DEBUG impl.RaftServerImpl (RaftServerImpl.java:requestVote(743)) - s0@group-5BD3E7F27A57: receive requestVote(s2, group-5BD3E7F27A57, 334, (t:4, i:3))
2019-09-26 09:50:24,183 INFO  impl.RaftServerImpl (RaftServerImpl.java:setRole(170)) - s0@group-5BD3E7F27A57: changes role from  FOLLOWER to FOLLOWER at term 334 for recognizeCandidate:s2
2019-09-26 09:50:24,183 INFO  impl.RoleInfo (RoleInfo.java:shutdownFollowerState(121)) - s0: shutdown FollowerState
2019-09-26 09:50:24,183 INFO  impl.RoleInfo (RoleInfo.java:updateAndGet(143)) - s0: start FollowerState
2019-09-26 09:50:24,183 INFO  impl.FollowerState (FollowerState.java:run(117)) - s0@group-5BD3E7F27A57-FollowerState was interrupted: java.lang.InterruptedException: sleep interrupted
2019-09-26 09:50:24,183 DEBUG impl.RaftServerImpl (RaftServerImpl.java:requestVote(775)) - s0@group-5BD3E7F27A57 replies to vote request: s2<-s0#0:FAIL-t334. Peer's state: s0@group-5BD3E7F27A57:t334, leader=null, voted=null, raftlog=s0@group-5BD3E7F27A57-SegmentedRaftLog:OPENED:c3,f4,i4, conf=3: [s0:0.0.0.0:41468, s1:0.0.0.0:41619, s2:0.0.0.0:44382], old=null
2019-09-26 09:50:24,361 INFO  impl.FollowerState (FollowerState.java:run(108)) - s0@group-5BD3E7F27A57-FollowerState: change to CANDIDATE, lastRpcTime:177ms, electionTimeout:177ms
2019-09-26 09:50:24,361 INFO  impl.RoleInfo (RoleInfo.java:shutdownFollowerState(121)) - s0: shutdown FollowerState
2019-09-26 09:50:24,361 INFO  impl.RaftServerImpl (RaftServerImpl.java:setRole(170)) - s0@group-5BD3E7F27A57: changes role from  FOLLOWER to CANDIDATE at term 334 for changeToCandidate
2019-09-26 09:50:24,361 INFO  impl.RoleInfo (RoleInfo.java:updateAndGet(143)) - s0: start LeaderElection
2019-09-26 09:50:24,363 INFO  impl.LeaderElection (LeaderElection.java:logAndReturn(56)) - s1@group-5BD3E7F27A57-LeaderElection122: Election TIMEOUT; received 1 response(s) [s1<-s0#0:FAIL-t334] and 0 exception(s); s1@group-5BD3E7F27A57:t334, leader=null, voted=s1, raftlog=s1@group-5BD3E7F27A57-SegmentedRaftLog:OPENED:c2,f3,i3, conf=2: [s0:0.0.0.0:41468, s1:0.0.0.0:41619, s2:0.0.0.0:44382], old=null
2019-09-26 09:50:24,383 INFO  impl.LeaderElection (LeaderElection.java:askForVotes(178)) - s0@group-5BD3E7F27A57-LeaderElection123: begin an election at term 335 for 3: [s0:0.0.0.0:41468, s1:0.0.0.0:41619, s2:0.0.0.0:44382], old=null
2019-09-26 09:50:24,383 INFO  impl.LeaderElection (LeaderElection.java:askForVotes(178)) - s1@group-5BD3E7F27A57-LeaderElection122: begin an election at term 335 for 2: [s0:0.0.0.0:41468, s1:0.0.0.0:41619, s2:0.0.0.0:44382], old=null
2019-09-26 09:50:24,383 DEBUG impl.RaftServerImpl (RaftServerImpl.java:requestVote(743)) - s0@group-5BD3E7F27A57: receive requestVote(s1, group-5BD3E7F27A57, 335, (t:3, i:3))
2019-09-26 09:50:24,384 DEBUG impl.RaftServerImpl (RaftServerImpl.java:requestVote(775)) - s0@group-5BD3E7F27A57 replies to vote request: s1<-s0#0:FAIL-t335. Peer's state: s0@group-5BD3E7F27A57:t335, leader=null, voted=s0, raftlog=s0@group-5BD3E7F27A57-SegmentedRaftLog:OPENED:c3,f4,i4, conf=3: [s0:0.0.0.0:41468, s1:0.0.0.0:41619, s2:0.0.0.0:44382], old=null
2019-09-26 09:50:24,424 WARN  ratis.RaftTestUtil (JavaUtils.java:attempt(158)) - FAILED "waitForLeader-null-(expectLeader? true)", attempt #4/100: java.lang.IllegalStateException: No leader yet : printing ALL groups
  s0:  RUNNING CANDIDATE s0@group-5BD3E7F27A57:t335, leader=null, voted=s0, raftlog=s0@group-5BD3E7F27A57-SegmentedRaftLog:OPENED:c3,f4,i4, conf=3: [s0:0.0.0.0:41468, s1:0.0.0.0:41619, s2:0.0.0.0:44382], old=null RUNNING
  s1:  RUNNING CANDIDATE s1@group-5BD3E7F27A57:t335, leader=null, voted=s1, raftlog=s1@group-5BD3E7F27A57-SegmentedRaftLog:OPENED:c2,f3,i3, conf=2: [s0:0.0.0.0:41468, s1:0.0.0.0:41619, s2:0.0.0.0:44382], old=null RUNNING
  s2:  RUNNING CANDIDATE s2@group-5BD3E7F27A57:t334, leader=null, voted=s2, raftlog=s2@group-5BD3E7F27A57-SegmentedRaftLog:OPENED:c1,f3,i3, conf=3: [s0:0.0.0.0:41468, s1:0.0.0.0:41619, s2:0.0.0.0:44382], old=null RUNNING, sleep 450ms and then retry.
java.lang.IllegalStateException: No leader yet : printing ALL groups
  s0:  RUNNING CANDIDATE s0@group-5BD3E7F27A57:t335, leader=null, voted=s0, raftlog=s0@group-5BD3E7F27A57-SegmentedRaftLog:OPENED:c3,f4,i4, conf=3: [s0:0.0.0.0:41468, s1:0.0.0.0:41619, s2:0.0.0.0:44382], old=null RUNNING
  s1:  RUNNING CANDIDATE s1@group-5BD3E7F27A57:t335, leader=null, voted=s1, raftlog=s1@group-5BD3E7F27A57-SegmentedRaftLog:OPENED:c2,f3,i3, conf=2: [s0:0.0.0.0:41468, s1:0.0.0.0:41619, s2:0.0.0.0:44382], old=null RUNNING
  s2:  RUNNING CANDIDATE s2@group-5BD3E7F27A57:t334, leader=null, voted=s2, raftlog=s2@group-5BD3E7F27A57-SegmentedRaftLog:OPENED:c1,f3,i3, conf=3: [s0:0.0.0.0:41468, s1:0.0.0.0:41619, s2:0.0.0.0:44382], old=null RUNNING
	at org.apache.ratis.MiniRaftCluster.newIllegalStateExceptionForNoLeaders(MiniRaftCluster.java:506)
	at org.apache.ratis.RaftTestUtil.lambda$waitForLeader$1(RaftTestUtil.java:90)
	at org.apache.ratis.MiniRaftCluster.getLeader(MiniRaftCluster.java:539)
	at org.apache.ratis.MiniRaftCluster.getLeader(MiniRaftCluster.java:532)
	at org.apache.ratis.RaftTestUtil.lambda$waitForLeader$3(RaftTestUtil.java:98)
	at org.apache.ratis.util.JavaUtils.attempt(JavaUtils.java:152)
	at org.apache.ratis.RaftTestUtil.waitForLeader(RaftTestUtil.java:97)
	at org.apache.ratis.RaftTestUtil.waitForLeader(RaftTestUtil.java:77)
	at org.apache.ratis.RaftTestUtil.waitForLeader(RaftTestUtil.java:72)
	at org.apache.ratis.RaftTestUtil.lambda$changeLeader$7(RaftTestUtil.java:363)
	at org.apache.ratis.util.JavaUtils.attempt(JavaUtils.java:152)
	at org.apache.ratis.RaftTestUtil.changeLeader(RaftTestUtil.java:362)
	at org.apache.ratis.server.impl.LeaderElectionTests.testChangeLeader(LeaderElectionTests.java:81)
	at sun.reflect.NativeMethodAccessorImpl.invoke0(Native Method)
	at sun.reflect.NativeMethodAccessorImpl.invoke(NativeMethodAccessorImpl.java:62)
	at sun.reflect.DelegatingMethodAccessorImpl.invoke(DelegatingMethodAccessorImpl.java:43)
	at java.lang.reflect.Method.invoke(Method.java:498)
	at org.junit.runners.model.FrameworkMethod$1.runReflectiveCall(FrameworkMethod.java:50)
	at org.junit.internal.runners.model.ReflectiveCallable.run(ReflectiveCallable.java:12)
	at org.junit.runners.model.FrameworkMethod.invokeExplosively(FrameworkMethod.java:47)
	at org.junit.internal.runners.statements.InvokeMethod.evaluate(InvokeMethod.java:17)
	at org.junit.internal.runners.statements.RunAfters.evaluate(RunAfters.java:27)
	at org.junit.internal.runners.statements.FailOnTimeout$CallableStatement.call(FailOnTimeout.java:298)
	at org.junit.internal.runners.statements.FailOnTimeout$CallableStatement.call(FailOnTimeout.java:292)
	at java.util.concurrent.FutureTask.run(FutureTask.java:266)
	at java.lang.Thread.run(Thread.java:748)
2019-09-26 09:50:24,442 INFO  impl.LeaderElection (LeaderElection.java:logAndReturn(56)) - s2@group-5BD3E7F27A57-LeaderElection116: Election TIMEOUT; received 1 response(s) [s2<-s0#0:FAIL-t334] and 0 exception(s); s2@group-5BD3E7F27A57:t334, leader=null, voted=s2, raftlog=s2@group-5BD3E7F27A57-SegmentedRaftLog:OPENED:c1,f3,i3, conf=3: [s0:0.0.0.0:41468, s1:0.0.0.0:41619, s2:0.0.0.0:44382], old=null
2019-09-26 09:50:24,449 INFO  impl.LeaderElection (LeaderElection.java:askForVotes(178)) - s2@group-5BD3E7F27A57-LeaderElection116: begin an election at term 335 for 3: [s0:0.0.0.0:41468, s1:0.0.0.0:41619, s2:0.0.0.0:44382], old=null
2019-09-26 09:50:24,450 DEBUG impl.RaftServerImpl (RaftServerImpl.java:requestVote(743)) - s0@group-5BD3E7F27A57: receive requestVote(s2, group-5BD3E7F27A57, 335, (t:4, i:3))
2019-09-26 09:50:24,450 DEBUG impl.RaftServerImpl (RaftServerImpl.java:requestVote(775)) - s0@group-5BD3E7F27A57 replies to vote request: s2<-s0#0:FAIL-t335. Peer's state: s0@group-5BD3E7F27A57:t335, leader=null, voted=s0, raftlog=s0@group-5BD3E7F27A57-SegmentedRaftLog:OPENED:c3,f4,i4, conf=3: [s0:0.0.0.0:41468, s1:0.0.0.0:41619, s2:0.0.0.0:44382], old=null
2019-09-26 09:50:24,588 INFO  impl.LeaderElection (LeaderElection.java:logAndReturn(56)) - s0@group-5BD3E7F27A57-LeaderElection123: Election TIMEOUT; received 0 response(s) [] and 0 exception(s); s0@group-5BD3E7F27A57:t335, leader=null, voted=s0, raftlog=s0@group-5BD3E7F27A57-SegmentedRaftLog:OPENED:c3,f4,i4, conf=3: [s0:0.0.0.0:41468, s1:0.0.0.0:41619, s2:0.0.0.0:44382], old=null
2019-09-26 09:50:24,591 INFO  impl.LeaderElection (LeaderElection.java:askForVotes(178)) - s0@group-5BD3E7F27A57-LeaderElection123: begin an election at term 336 for 3: [s0:0.0.0.0:41468, s1:0.0.0.0:41619, s2:0.0.0.0:44382], old=null
2019-09-26 09:50:24,621 INFO  impl.LeaderElection (LeaderElection.java:logAndReturn(56)) - s1@group-5BD3E7F27A57-LeaderElection122: Election TIMEOUT; received 1 response(s) [s1<-s0#0:FAIL-t335] and 0 exception(s); s1@group-5BD3E7F27A57:t335, leader=null, voted=s1, raftlog=s1@group-5BD3E7F27A57-SegmentedRaftLog:OPENED:c2,f3,i3, conf=2: [s0:0.0.0.0:41468, s1:0.0.0.0:41619, s2:0.0.0.0:44382], old=null
2019-09-26 09:50:24,631 INFO  impl.LeaderElection (LeaderElection.java:askForVotes(178)) - s1@group-5BD3E7F27A57-LeaderElection122: begin an election at term 336 for 2: [s0:0.0.0.0:41468, s1:0.0.0.0:41619, s2:0.0.0.0:44382], old=null
2019-09-26 09:50:24,631 DEBUG impl.RaftServerImpl (RaftServerImpl.java:requestVote(743)) - s0@group-5BD3E7F27A57: receive requestVote(s1, group-5BD3E7F27A57, 336, (t:3, i:3))
2019-09-26 09:50:24,632 DEBUG impl.RaftServerImpl (RaftServerImpl.java:requestVote(775)) - s0@group-5BD3E7F27A57 replies to vote request: s1<-s0#0:FAIL-t336. Peer's state: s0@group-5BD3E7F27A57:t336, leader=null, voted=s0, raftlog=s0@group-5BD3E7F27A57-SegmentedRaftLog:OPENED:c3,f4,i4, conf=3: [s0:0.0.0.0:41468, s1:0.0.0.0:41619, s2:0.0.0.0:44382], old=null
2019-09-26 09:50:24,680 INFO  impl.LeaderElection (LeaderElection.java:logAndReturn(56)) - s2@group-5BD3E7F27A57-LeaderElection116: Election TIMEOUT; received 1 response(s) [s2<-s0#0:FAIL-t335] and 0 exception(s); s2@group-5BD3E7F27A57:t335, leader=null, voted=s2, raftlog=s2@group-5BD3E7F27A57-SegmentedRaftLog:OPENED:c1,f3,i3, conf=3: [s0:0.0.0.0:41468, s1:0.0.0.0:41619, s2:0.0.0.0:44382], old=null
2019-09-26 09:50:24,693 INFO  impl.LeaderElection (LeaderElection.java:askForVotes(178)) - s2@group-5BD3E7F27A57-LeaderElection116: begin an election at term 336 for 3: [s0:0.0.0.0:41468, s1:0.0.0.0:41619, s2:0.0.0.0:44382], old=null
2019-09-26 09:50:24,694 DEBUG impl.RaftServerImpl (RaftServerImpl.java:requestVote(743)) - s0@group-5BD3E7F27A57: receive requestVote(s2, group-5BD3E7F27A57, 336, (t:4, i:3))
2019-09-26 09:50:24,694 DEBUG impl.RaftServerImpl (RaftServerImpl.java:requestVote(775)) - s0@group-5BD3E7F27A57 replies to vote request: s2<-s0#0:FAIL-t336. Peer's state: s0@group-5BD3E7F27A57:t336, leader=null, voted=s0, raftlog=s0@group-5BD3E7F27A57-SegmentedRaftLog:OPENED:c3,f4,i4, conf=3: [s0:0.0.0.0:41468, s1:0.0.0.0:41619, s2:0.0.0.0:44382], old=null
2019-09-26 09:50:24,770 INFO  impl.LeaderElection (LeaderElection.java:logAndReturn(56)) - s0@group-5BD3E7F27A57-LeaderElection123: Election TIMEOUT; received 0 response(s) [] and 0 exception(s); s0@group-5BD3E7F27A57:t336, leader=null, voted=s0, raftlog=s0@group-5BD3E7F27A57-SegmentedRaftLog:OPENED:c3,f4,i4, conf=3: [s0:0.0.0.0:41468, s1:0.0.0.0:41619, s2:0.0.0.0:44382], old=null
2019-09-26 09:50:24,783 INFO  impl.LeaderElection (LeaderElection.java:askForVotes(178)) - s0@group-5BD3E7F27A57-LeaderElection123: begin an election at term 337 for 3: [s0:0.0.0.0:41468, s1:0.0.0.0:41619, s2:0.0.0.0:44382], old=null
2019-09-26 09:50:24,870 INFO  impl.LeaderElection (LeaderElection.java:logAndReturn(56)) - s2@group-5BD3E7F27A57-LeaderElection116: Election TIMEOUT; received 1 response(s) [s2<-s0#0:FAIL-t336] and 0 exception(s); s2@group-5BD3E7F27A57:t336, leader=null, voted=s2, raftlog=s2@group-5BD3E7F27A57-SegmentedRaftLog:OPENED:c1,f3,i3, conf=3: [s0:0.0.0.0:41468, s1:0.0.0.0:41619, s2:0.0.0.0:44382], old=null
2019-09-26 09:50:24,875 WARN  ratis.RaftTestUtil (JavaUtils.java:attempt(158)) - FAILED "waitForLeader-null-(expectLeader? true)", attempt #5/100: java.lang.IllegalStateException: No leader yet : printing ALL groups
  s0:  RUNNING CANDIDATE s0@group-5BD3E7F27A57:t337, leader=null, voted=s0, raftlog=s0@group-5BD3E7F27A57-SegmentedRaftLog:OPENED:c3,f4,i4, conf=3: [s0:0.0.0.0:41468, s1:0.0.0.0:41619, s2:0.0.0.0:44382], old=null RUNNING
  s1:  RUNNING CANDIDATE s1@group-5BD3E7F27A57:t336, leader=null, voted=s1, raftlog=s1@group-5BD3E7F27A57-SegmentedRaftLog:OPENED:c2,f3,i3, conf=2: [s0:0.0.0.0:41468, s1:0.0.0.0:41619, s2:0.0.0.0:44382], old=null RUNNING
  s2:  RUNNING CANDIDATE s2@group-5BD3E7F27A57:t337, leader=null, voted=s2, raftlog=s2@group-5BD3E7F27A57-SegmentedRaftLog:OPENED:c1,f3,i3, conf=3: [s0:0.0.0.0:41468, s1:0.0.0.0:41619, s2:0.0.0.0:44382], old=null RUNNING, sleep 450ms and then retry.
java.lang.IllegalStateException: No leader yet : printing ALL groups
  s0:  RUNNING CANDIDATE s0@group-5BD3E7F27A57:t337, leader=null, voted=s0, raftlog=s0@group-5BD3E7F27A57-SegmentedRaftLog:OPENED:c3,f4,i4, conf=3: [s0:0.0.0.0:41468, s1:0.0.0.0:41619, s2:0.0.0.0:44382], old=null RUNNING
  s1:  RUNNING CANDIDATE s1@group-5BD3E7F27A57:t336, leader=null, voted=s1, raftlog=s1@group-5BD3E7F27A57-SegmentedRaftLog:OPENED:c2,f3,i3, conf=2: [s0:0.0.0.0:41468, s1:0.0.0.0:41619, s2:0.0.0.0:44382], old=null RUNNING
  s2:  RUNNING CANDIDATE s2@group-5BD3E7F27A57:t337, leader=null, voted=s2, raftlog=s2@group-5BD3E7F27A57-SegmentedRaftLog:OPENED:c1,f3,i3, conf=3: [s0:0.0.0.0:41468, s1:0.0.0.0:41619, s2:0.0.0.0:44382], old=null RUNNING
	at org.apache.ratis.MiniRaftCluster.newIllegalStateExceptionForNoLeaders(MiniRaftCluster.java:506)
	at org.apache.ratis.RaftTestUtil.lambda$waitForLeader$1(RaftTestUtil.java:90)
	at org.apache.ratis.MiniRaftCluster.getLeader(MiniRaftCluster.java:539)
	at org.apache.ratis.MiniRaftCluster.getLeader(MiniRaftCluster.java:532)
	at org.apache.ratis.RaftTestUtil.lambda$waitForLeader$3(RaftTestUtil.java:98)
	at org.apache.ratis.util.JavaUtils.attempt(JavaUtils.java:152)
	at org.apache.ratis.RaftTestUtil.waitForLeader(RaftTestUtil.java:97)
	at org.apache.ratis.RaftTestUtil.waitForLeader(RaftTestUtil.java:77)
	at org.apache.ratis.RaftTestUtil.waitForLeader(RaftTestUtil.java:72)
	at org.apache.ratis.RaftTestUtil.lambda$changeLeader$7(RaftTestUtil.java:363)
	at org.apache.ratis.util.JavaUtils.attempt(JavaUtils.java:152)
	at org.apache.ratis.RaftTestUtil.changeLeader(RaftTestUtil.java:362)
	at org.apache.ratis.server.impl.LeaderElectionTests.testChangeLeader(LeaderElectionTests.java:81)
	at sun.reflect.NativeMethodAccessorImpl.invoke0(Native Method)
	at sun.reflect.NativeMethodAccessorImpl.invoke(NativeMethodAccessorImpl.java:62)
	at sun.reflect.DelegatingMethodAccessorImpl.invoke(DelegatingMethodAccessorImpl.java:43)
	at java.lang.reflect.Method.invoke(Method.java:498)
	at org.junit.runners.model.FrameworkMethod$1.runReflectiveCall(FrameworkMethod.java:50)
	at org.junit.internal.runners.model.ReflectiveCallable.run(ReflectiveCallable.java:12)
	at org.junit.runners.model.FrameworkMethod.invokeExplosively(FrameworkMethod.java:47)
	at org.junit.internal.runners.statements.InvokeMethod.evaluate(InvokeMethod.java:17)
	at org.junit.internal.runners.statements.RunAfters.evaluate(RunAfters.java:27)
	at org.junit.internal.runners.statements.FailOnTimeout$CallableStatement.call(FailOnTimeout.java:298)
	at org.junit.internal.runners.statements.FailOnTimeout$CallableStatement.call(FailOnTimeout.java:292)
	at java.util.concurrent.FutureTask.run(FutureTask.java:266)
	at java.lang.Thread.run(Thread.java:748)
2019-09-26 09:50:24,877 INFO  impl.LeaderElection (LeaderElection.java:askForVotes(178)) - s2@group-5BD3E7F27A57-LeaderElection116: begin an election at term 337 for 3: [s0:0.0.0.0:41468, s1:0.0.0.0:41619, s2:0.0.0.0:44382], old=null
2019-09-26 09:50:24,877 DEBUG impl.RaftServerImpl (RaftServerImpl.java:requestVote(743)) - s0@group-5BD3E7F27A57: receive requestVote(s2, group-5BD3E7F27A57, 337, (t:4, i:3))
2019-09-26 09:50:24,877 DEBUG impl.RaftServerImpl (RaftServerImpl.java:requestVote(775)) - s0@group-5BD3E7F27A57 replies to vote request: s2<-s0#0:FAIL-t337. Peer's state: s0@group-5BD3E7F27A57:t337, leader=null, voted=s0, raftlog=s0@group-5BD3E7F27A57-SegmentedRaftLog:OPENED:c3,f4,i4, conf=3: [s0:0.0.0.0:41468, s1:0.0.0.0:41619, s2:0.0.0.0:44382], old=null
2019-09-26 09:50:24,921 INFO  impl.LeaderElection (LeaderElection.java:logAndReturn(56)) - s1@group-5BD3E7F27A57-LeaderElection122: Election TIMEOUT; received 1 response(s) [s1<-s0#0:FAIL-t336] and 0 exception(s); s1@group-5BD3E7F27A57:t336, leader=null, voted=s1, raftlog=s1@group-5BD3E7F27A57-SegmentedRaftLog:OPENED:c2,f3,i3, conf=2: [s0:0.0.0.0:41468, s1:0.0.0.0:41619, s2:0.0.0.0:44382], old=null
2019-09-26 09:50:24,934 INFO  impl.LeaderElection (LeaderElection.java:askForVotes(178)) - s1@group-5BD3E7F27A57-LeaderElection122: begin an election at term 337 for 2: [s0:0.0.0.0:41468, s1:0.0.0.0:41619, s2:0.0.0.0:44382], old=null
2019-09-26 09:50:24,934 DEBUG impl.RaftServerImpl (RaftServerImpl.java:requestVote(743)) - s0@group-5BD3E7F27A57: receive requestVote(s1, group-5BD3E7F27A57, 337, (t:3, i:3))
2019-09-26 09:50:24,934 DEBUG impl.RaftServerImpl (RaftServerImpl.java:requestVote(775)) - s0@group-5BD3E7F27A57 replies to vote request: s1<-s0#0:FAIL-t337. Peer's state: s0@group-5BD3E7F27A57:t337, leader=null, voted=s0, raftlog=s0@group-5BD3E7F27A57-SegmentedRaftLog:OPENED:c3,f4,i4, conf=3: [s0:0.0.0.0:41468, s1:0.0.0.0:41619, s2:0.0.0.0:44382], old=null
2019-09-26 09:50:25,005 INFO  impl.LeaderElection (LeaderElection.java:logAndReturn(56)) - s0@group-5BD3E7F27A57-LeaderElection123: Election TIMEOUT; received 0 response(s) [] and 0 exception(s); s0@group-5BD3E7F27A57:t337, leader=null, voted=s0, raftlog=s0@group-5BD3E7F27A57-SegmentedRaftLog:OPENED:c3,f4,i4, conf=3: [s0:0.0.0.0:41468, s1:0.0.0.0:41619, s2:0.0.0.0:44382], old=null
2019-09-26 09:50:25,018 INFO  impl.LeaderElection (LeaderElection.java:askForVotes(178)) - s0@group-5BD3E7F27A57-LeaderElection123: begin an election at term 338 for 3: [s0:0.0.0.0:41468, s1:0.0.0.0:41619, s2:0.0.0.0:44382], old=null
2019-09-26 09:50:25,128 INFO  impl.LeaderElection (LeaderElection.java:logAndReturn(56)) - s2@group-5BD3E7F27A57-LeaderElection116: Election TIMEOUT; received 1 response(s) [s2<-s0#0:FAIL-t337] and 0 exception(s); s2@group-5BD3E7F27A57:t337, leader=null, voted=s2, raftlog=s2@group-5BD3E7F27A57-SegmentedRaftLog:OPENED:c1,f3,i3, conf=3: [s0:0.0.0.0:41468, s1:0.0.0.0:41619, s2:0.0.0.0:44382], old=null
2019-09-26 09:50:25,142 INFO  impl.LeaderElection (LeaderElection.java:askForVotes(178)) - s2@group-5BD3E7F27A57-LeaderElection116: begin an election at term 338 for 3: [s0:0.0.0.0:41468, s1:0.0.0.0:41619, s2:0.0.0.0:44382], old=null
2019-09-26 09:50:25,143 DEBUG impl.RaftServerImpl (RaftServerImpl.java:requestVote(743)) - s0@group-5BD3E7F27A57: receive requestVote(s2, group-5BD3E7F27A57, 338, (t:4, i:3))
2019-09-26 09:50:25,143 DEBUG impl.RaftServerImpl (RaftServerImpl.java:requestVote(775)) - s0@group-5BD3E7F27A57 replies to vote request: s2<-s0#0:FAIL-t338. Peer's state: s0@group-5BD3E7F27A57:t338, leader=null, voted=s0, raftlog=s0@group-5BD3E7F27A57-SegmentedRaftLog:OPENED:c3,f4,i4, conf=3: [s0:0.0.0.0:41468, s1:0.0.0.0:41619, s2:0.0.0.0:44382], old=null
2019-09-26 09:50:25,189 INFO  impl.LeaderElection (LeaderElection.java:logAndReturn(56)) - s1@group-5BD3E7F27A57-LeaderElection122: Election TIMEOUT; received 1 response(s) [s1<-s0#0:FAIL-t337] and 0 exception(s); s1@group-5BD3E7F27A57:t337, leader=null, voted=s1, raftlog=s1@group-5BD3E7F27A57-SegmentedRaftLog:OPENED:c2,f3,i3, conf=2: [s0:0.0.0.0:41468, s1:0.0.0.0:41619, s2:0.0.0.0:44382], old=null
2019-09-26 09:50:25,203 INFO  impl.LeaderElection (LeaderElection.java:askForVotes(178)) - s1@group-5BD3E7F27A57-LeaderElection122: begin an election at term 338 for 2: [s0:0.0.0.0:41468, s1:0.0.0.0:41619, s2:0.0.0.0:44382], old=null
2019-09-26 09:50:25,204 DEBUG impl.RaftServerImpl (RaftServerImpl.java:requestVote(743)) - s0@group-5BD3E7F27A57: receive requestVote(s1, group-5BD3E7F27A57, 338, (t:3, i:3))
2019-09-26 09:50:25,204 DEBUG impl.RaftServerImpl (RaftServerImpl.java:requestVote(775)) - s0@group-5BD3E7F27A57 replies to vote request: s1<-s0#0:FAIL-t338. Peer's state: s0@group-5BD3E7F27A57:t338, leader=null, voted=s0, raftlog=s0@group-5BD3E7F27A57-SegmentedRaftLog:OPENED:c3,f4,i4, conf=3: [s0:0.0.0.0:41468, s1:0.0.0.0:41619, s2:0.0.0.0:44382], old=null
2019-09-26 09:50:25,233 INFO  impl.LeaderElection (LeaderElection.java:logAndReturn(56)) - s0@group-5BD3E7F27A57-LeaderElection123: Election TIMEOUT; received 0 response(s) [] and 0 exception(s); s0@group-5BD3E7F27A57:t338, leader=null, voted=s0, raftlog=s0@group-5BD3E7F27A57-SegmentedRaftLog:OPENED:c3,f4,i4, conf=3: [s0:0.0.0.0:41468, s1:0.0.0.0:41619, s2:0.0.0.0:44382], old=null
2019-09-26 09:50:25,241 INFO  impl.LeaderElection (LeaderElection.java:askForVotes(178)) - s0@group-5BD3E7F27A57-LeaderElection123: begin an election at term 339 for 3: [s0:0.0.0.0:41468, s1:0.0.0.0:41619, s2:0.0.0.0:44382], old=null
2019-09-26 09:50:25,326 WARN  ratis.RaftTestUtil (JavaUtils.java:attempt(158)) - FAILED "waitForLeader-null-(expectLeader? true)", attempt #6/100: java.lang.IllegalStateException: No leader yet : printing ALL groups
  s0:  RUNNING CANDIDATE s0@group-5BD3E7F27A57:t339, leader=null, voted=s0, raftlog=s0@group-5BD3E7F27A57-SegmentedRaftLog:OPENED:c3,f4,i4, conf=3: [s0:0.0.0.0:41468, s1:0.0.0.0:41619, s2:0.0.0.0:44382], old=null RUNNING
  s1:  RUNNING CANDIDATE s1@group-5BD3E7F27A57:t338, leader=null, voted=s1, raftlog=s1@group-5BD3E7F27A57-SegmentedRaftLog:OPENED:c2,f3,i3, conf=2: [s0:0.0.0.0:41468, s1:0.0.0.0:41619, s2:0.0.0.0:44382], old=null RUNNING
  s2:  RUNNING CANDIDATE s2@group-5BD3E7F27A57:t338, leader=null, voted=s2, raftlog=s2@group-5BD3E7F27A57-SegmentedRaftLog:OPENED:c1,f3,i3, conf=3: [s0:0.0.0.0:41468, s1:0.0.0.0:41619, s2:0.0.0.0:44382], old=null RUNNING, sleep 450ms and then retry.
java.lang.IllegalStateException: No leader yet : printing ALL groups
  s0:  RUNNING CANDIDATE s0@group-5BD3E7F27A57:t339, leader=null, voted=s0, raftlog=s0@group-5BD3E7F27A57-SegmentedRaftLog:OPENED:c3,f4,i4, conf=3: [s0:0.0.0.0:41468, s1:0.0.0.0:41619, s2:0.0.0.0:44382], old=null RUNNING
  s1:  RUNNING CANDIDATE s1@group-5BD3E7F27A57:t338, leader=null, voted=s1, raftlog=s1@group-5BD3E7F27A57-SegmentedRaftLog:OPENED:c2,f3,i3, conf=2: [s0:0.0.0.0:41468, s1:0.0.0.0:41619, s2:0.0.0.0:44382], old=null RUNNING
  s2:  RUNNING CANDIDATE s2@group-5BD3E7F27A57:t338, leader=null, voted=s2, raftlog=s2@group-5BD3E7F27A57-SegmentedRaftLog:OPENED:c1,f3,i3, conf=3: [s0:0.0.0.0:41468, s1:0.0.0.0:41619, s2:0.0.0.0:44382], old=null RUNNING
	at org.apache.ratis.MiniRaftCluster.newIllegalStateExceptionForNoLeaders(MiniRaftCluster.java:506)
	at org.apache.ratis.RaftTestUtil.lambda$waitForLeader$1(RaftTestUtil.java:90)
	at org.apache.ratis.MiniRaftCluster.getLeader(MiniRaftCluster.java:539)
	at org.apache.ratis.MiniRaftCluster.getLeader(MiniRaftCluster.java:532)
	at org.apache.ratis.RaftTestUtil.lambda$waitForLeader$3(RaftTestUtil.java:98)
	at org.apache.ratis.util.JavaUtils.attempt(JavaUtils.java:152)
	at org.apache.ratis.RaftTestUtil.waitForLeader(RaftTestUtil.java:97)
	at org.apache.ratis.RaftTestUtil.waitForLeader(RaftTestUtil.java:77)
	at org.apache.ratis.RaftTestUtil.waitForLeader(RaftTestUtil.java:72)
	at org.apache.ratis.RaftTestUtil.lambda$changeLeader$7(RaftTestUtil.java:363)
	at org.apache.ratis.util.JavaUtils.attempt(JavaUtils.java:152)
	at org.apache.ratis.RaftTestUtil.changeLeader(RaftTestUtil.java:362)
	at org.apache.ratis.server.impl.LeaderElectionTests.testChangeLeader(LeaderElectionTests.java:81)
	at sun.reflect.NativeMethodAccessorImpl.invoke0(Native Method)
	at sun.reflect.NativeMethodAccessorImpl.invoke(NativeMethodAccessorImpl.java:62)
	at sun.reflect.DelegatingMethodAccessorImpl.invoke(DelegatingMethodAccessorImpl.java:43)
	at java.lang.reflect.Method.invoke(Method.java:498)
	at org.junit.runners.model.FrameworkMethod$1.runReflectiveCall(FrameworkMethod.java:50)
	at org.junit.internal.runners.model.ReflectiveCallable.run(ReflectiveCallable.java:12)
	at org.junit.runners.model.FrameworkMethod.invokeExplosively(FrameworkMethod.java:47)
	at org.junit.internal.runners.statements.InvokeMethod.evaluate(InvokeMethod.java:17)
	at org.junit.internal.runners.statements.RunAfters.evaluate(RunAfters.java:27)
	at org.junit.internal.runners.statements.FailOnTimeout$CallableStatement.call(FailOnTimeout.java:298)
	at org.junit.internal.runners.statements.FailOnTimeout$CallableStatement.call(FailOnTimeout.java:292)
	at java.util.concurrent.FutureTask.run(FutureTask.java:266)
	at java.lang.Thread.run(Thread.java:748)
2019-09-26 09:50:25,350 INFO  impl.LeaderElection (LeaderElection.java:logAndReturn(56)) - s2@group-5BD3E7F27A57-LeaderElection116: Election TIMEOUT; received 1 response(s) [s2<-s0#0:FAIL-t338] and 0 exception(s); s2@group-5BD3E7F27A57:t338, leader=null, voted=s2, raftlog=s2@group-5BD3E7F27A57-SegmentedRaftLog:OPENED:c1,f3,i3, conf=3: [s0:0.0.0.0:41468, s1:0.0.0.0:41619, s2:0.0.0.0:44382], old=null
2019-09-26 09:50:25,363 INFO  impl.LeaderElection (LeaderElection.java:askForVotes(178)) - s2@group-5BD3E7F27A57-LeaderElection116: begin an election at term 339 for 3: [s0:0.0.0.0:41468, s1:0.0.0.0:41619, s2:0.0.0.0:44382], old=null
2019-09-26 09:50:25,364 DEBUG impl.RaftServerImpl (RaftServerImpl.java:requestVote(743)) - s0@group-5BD3E7F27A57: receive requestVote(s2, group-5BD3E7F27A57, 339, (t:4, i:3))
2019-09-26 09:50:25,364 DEBUG impl.RaftServerImpl (RaftServerImpl.java:requestVote(775)) - s0@group-5BD3E7F27A57 replies to vote request: s2<-s0#0:FAIL-t339. Peer's state: s0@group-5BD3E7F27A57:t339, leader=null, voted=s0, raftlog=s0@group-5BD3E7F27A57-SegmentedRaftLog:OPENED:c3,f4,i4, conf=3: [s0:0.0.0.0:41468, s1:0.0.0.0:41619, s2:0.0.0.0:44382], old=null
2019-09-26 09:50:25,427 INFO  impl.LeaderElection (LeaderElection.java:logAndReturn(56)) - s0@group-5BD3E7F27A57-LeaderElection123: Election TIMEOUT; received 0 response(s) [] and 0 exception(s); s0@group-5BD3E7F27A57:t339, leader=null, voted=s0, raftlog=s0@group-5BD3E7F27A57-SegmentedRaftLog:OPENED:c3,f4,i4, conf=3: [s0:0.0.0.0:41468, s1:0.0.0.0:41619, s2:0.0.0.0:44382], old=null
2019-09-26 09:50:25,439 INFO  impl.LeaderElection (LeaderElection.java:askForVotes(178)) - s0@group-5BD3E7F27A57-LeaderElection123: begin an election at term 340 for 3: [s0:0.0.0.0:41468, s1:0.0.0.0:41619, s2:0.0.0.0:44382], old=null
2019-09-26 09:50:25,502 INFO  impl.LeaderElection (LeaderElection.java:logAndReturn(56)) - s1@group-5BD3E7F27A57-LeaderElection122: Election TIMEOUT; received 1 response(s) [s1<-s0#0:FAIL-t338] and 0 exception(s); s1@group-5BD3E7F27A57:t338, leader=null, voted=s1, raftlog=s1@group-5BD3E7F27A57-SegmentedRaftLog:OPENED:c2,f3,i3, conf=2: [s0:0.0.0.0:41468, s1:0.0.0.0:41619, s2:0.0.0.0:44382], old=null
2019-09-26 09:50:25,516 INFO  impl.LeaderElection (LeaderElection.java:askForVotes(178)) - s1@group-5BD3E7F27A57-LeaderElection122: begin an election at term 339 for 2: [s0:0.0.0.0:41468, s1:0.0.0.0:41619, s2:0.0.0.0:44382], old=null
2019-09-26 09:50:25,516 DEBUG impl.RaftServerImpl (RaftServerImpl.java:requestVote(743)) - s0@group-5BD3E7F27A57: receive requestVote(s1, group-5BD3E7F27A57, 339, (t:3, i:3))
2019-09-26 09:50:25,516 DEBUG impl.RaftServerImpl (RaftServerImpl.java:requestVote(775)) - s0@group-5BD3E7F27A57 replies to vote request: s1<-s0#0:FAIL-t340. Peer's state: s0@group-5BD3E7F27A57:t340, leader=null, voted=s0, raftlog=s0@group-5BD3E7F27A57-SegmentedRaftLog:OPENED:c3,f4,i4, conf=3: [s0:0.0.0.0:41468, s1:0.0.0.0:41619, s2:0.0.0.0:44382], old=null
2019-09-26 09:50:25,517 INFO  impl.LeaderElection (LeaderElection.java:logAndReturn(56)) - s1@group-5BD3E7F27A57-LeaderElection122: Election DISCOVERED_A_NEW_TERM; received 1 response(s) [s1<-s0#0:FAIL-t340] and 0 exception(s); s1@group-5BD3E7F27A57:t339, leader=null, voted=s1, raftlog=s1@group-5BD3E7F27A57-SegmentedRaftLog:OPENED:c2,f3,i3, conf=2: [s0:0.0.0.0:41468, s1:0.0.0.0:41619, s2:0.0.0.0:44382], old=null
2019-09-26 09:50:25,517 INFO  impl.RaftServerImpl (RaftServerImpl.java:setRole(170)) - s1@group-5BD3E7F27A57: changes role from CANDIDATE to FOLLOWER at term 340 for DISCOVERED_A_NEW_TERM
2019-09-26 09:50:25,517 INFO  impl.RoleInfo (RoleInfo.java:shutdownLeaderElection(134)) - s1: shutdown LeaderElection
2019-09-26 09:50:25,517 INFO  impl.RoleInfo (RoleInfo.java:updateAndGet(143)) - s1: start FollowerState
2019-09-26 09:50:25,618 INFO  impl.LeaderElection (LeaderElection.java:logAndReturn(56)) - s2@group-5BD3E7F27A57-LeaderElection116: Election TIMEOUT; received 1 response(s) [s2<-s0#0:FAIL-t339] and 0 exception(s); s2@group-5BD3E7F27A57:t339, leader=null, voted=s2, raftlog=s2@group-5BD3E7F27A57-SegmentedRaftLog:OPENED:c1,f3,i3, conf=3: [s0:0.0.0.0:41468, s1:0.0.0.0:41619, s2:0.0.0.0:44382], old=null
2019-09-26 09:50:25,632 INFO  impl.LeaderElection (LeaderElection.java:askForVotes(178)) - s2@group-5BD3E7F27A57-LeaderElection116: begin an election at term 340 for 3: [s0:0.0.0.0:41468, s1:0.0.0.0:41619, s2:0.0.0.0:44382], old=null
2019-09-26 09:50:25,633 DEBUG impl.RaftServerImpl (RaftServerImpl.java:requestVote(743)) - s0@group-5BD3E7F27A57: receive requestVote(s2, group-5BD3E7F27A57, 340, (t:4, i:3))
2019-09-26 09:50:25,633 DEBUG impl.RaftServerImpl (RaftServerImpl.java:requestVote(775)) - s0@group-5BD3E7F27A57 replies to vote request: s2<-s0#0:FAIL-t340. Peer's state: s0@group-5BD3E7F27A57:t340, leader=null, voted=s0, raftlog=s0@group-5BD3E7F27A57-SegmentedRaftLog:OPENED:c3,f4,i4, conf=3: [s0:0.0.0.0:41468, s1:0.0.0.0:41619, s2:0.0.0.0:44382], old=null
2019-09-26 09:50:25,676 INFO  impl.LeaderElection (LeaderElection.java:logAndReturn(56)) - s0@group-5BD3E7F27A57-LeaderElection123: Election TIMEOUT; received 0 response(s) [] and 0 exception(s); s0@group-5BD3E7F27A57:t340, leader=null, voted=s0, raftlog=s0@group-5BD3E7F27A57-SegmentedRaftLog:OPENED:c3,f4,i4, conf=3: [s0:0.0.0.0:41468, s1:0.0.0.0:41619, s2:0.0.0.0:44382], old=null
2019-09-26 09:50:25,685 INFO  impl.FollowerState (FollowerState.java:run(108)) - s1@group-5BD3E7F27A57-FollowerState: change to CANDIDATE, lastRpcTime:167ms, electionTimeout:167ms
2019-09-26 09:50:25,685 INFO  impl.RoleInfo (RoleInfo.java:shutdownFollowerState(121)) - s1: shutdown FollowerState
2019-09-26 09:50:25,685 INFO  impl.RaftServerImpl (RaftServerImpl.java:setRole(170)) - s1@group-5BD3E7F27A57: changes role from  FOLLOWER to CANDIDATE at term 340 for changeToCandidate
2019-09-26 09:50:25,685 INFO  impl.RoleInfo (RoleInfo.java:updateAndGet(143)) - s1: start LeaderElection
2019-09-26 09:50:25,688 INFO  impl.LeaderElection (LeaderElection.java:askForVotes(178)) - s0@group-5BD3E7F27A57-LeaderElection123: begin an election at term 341 for 3: [s0:0.0.0.0:41468, s1:0.0.0.0:41619, s2:0.0.0.0:44382], old=null
2019-09-26 09:50:25,690 INFO  impl.LeaderElection (LeaderElection.java:askForVotes(178)) - s1@group-5BD3E7F27A57-LeaderElection124: begin an election at term 341 for 2: [s0:0.0.0.0:41468, s1:0.0.0.0:41619, s2:0.0.0.0:44382], old=null
2019-09-26 09:50:25,690 DEBUG impl.RaftServerImpl (RaftServerImpl.java:requestVote(743)) - s0@group-5BD3E7F27A57: receive requestVote(s1, group-5BD3E7F27A57, 341, (t:3, i:3))
2019-09-26 09:50:25,691 DEBUG impl.RaftServerImpl (RaftServerImpl.java:requestVote(775)) - s0@group-5BD3E7F27A57 replies to vote request: s1<-s0#0:FAIL-t341. Peer's state: s0@group-5BD3E7F27A57:t341, leader=null, voted=s0, raftlog=s0@group-5BD3E7F27A57-SegmentedRaftLog:OPENED:c3,f4,i4, conf=3: [s0:0.0.0.0:41468, s1:0.0.0.0:41619, s2:0.0.0.0:44382], old=null
2019-09-26 09:50:25,777 WARN  ratis.RaftTestUtil (JavaUtils.java:attempt(158)) - FAILED "waitForLeader-null-(expectLeader? true)", attempt #7/100: java.lang.IllegalStateException: No leader yet : printing ALL groups
  s0:  RUNNING CANDIDATE s0@group-5BD3E7F27A57:t341, leader=null, voted=s0, raftlog=s0@group-5BD3E7F27A57-SegmentedRaftLog:OPENED:c3,f4,i4, conf=3: [s0:0.0.0.0:41468, s1:0.0.0.0:41619, s2:0.0.0.0:44382], old=null RUNNING
  s1:  RUNNING CANDIDATE s1@group-5BD3E7F27A57:t341, leader=null, voted=s1, raftlog=s1@group-5BD3E7F27A57-SegmentedRaftLog:OPENED:c2,f3,i3, conf=2: [s0:0.0.0.0:41468, s1:0.0.0.0:41619, s2:0.0.0.0:44382], old=null RUNNING
  s2:  RUNNING CANDIDATE s2@group-5BD3E7F27A57:t340, leader=null, voted=s2, raftlog=s2@group-5BD3E7F27A57-SegmentedRaftLog:OPENED:c1,f3,i3, conf=3: [s0:0.0.0.0:41468, s1:0.0.0.0:41619, s2:0.0.0.0:44382], old=null RUNNING, sleep 450ms and then retry.
java.lang.IllegalStateException: No leader yet : printing ALL groups
  s0:  RUNNING CANDIDATE s0@group-5BD3E7F27A57:t341, leader=null, voted=s0, raftlog=s0@group-5BD3E7F27A57-SegmentedRaftLog:OPENED:c3,f4,i4, conf=3: [s0:0.0.0.0:41468, s1:0.0.0.0:41619, s2:0.0.0.0:44382], old=null RUNNING
  s1:  RUNNING CANDIDATE s1@group-5BD3E7F27A57:t341, leader=null, voted=s1, raftlog=s1@group-5BD3E7F27A57-SegmentedRaftLog:OPENED:c2,f3,i3, conf=2: [s0:0.0.0.0:41468, s1:0.0.0.0:41619, s2:0.0.0.0:44382], old=null RUNNING
  s2:  RUNNING CANDIDATE s2@group-5BD3E7F27A57:t340, leader=null, voted=s2, raftlog=s2@group-5BD3E7F27A57-SegmentedRaftLog:OPENED:c1,f3,i3, conf=3: [s0:0.0.0.0:41468, s1:0.0.0.0:41619, s2:0.0.0.0:44382], old=null RUNNING
	at org.apache.ratis.MiniRaftCluster.newIllegalStateExceptionForNoLeaders(MiniRaftCluster.java:506)
	at org.apache.ratis.RaftTestUtil.lambda$waitForLeader$1(RaftTestUtil.java:90)
	at org.apache.ratis.MiniRaftCluster.getLeader(MiniRaftCluster.java:539)
	at org.apache.ratis.MiniRaftCluster.getLeader(MiniRaftCluster.java:532)
	at org.apache.ratis.RaftTestUtil.lambda$waitForLeader$3(RaftTestUtil.java:98)
	at org.apache.ratis.util.JavaUtils.attempt(JavaUtils.java:152)
	at org.apache.ratis.RaftTestUtil.waitForLeader(RaftTestUtil.java:97)
	at org.apache.ratis.RaftTestUtil.waitForLeader(RaftTestUtil.java:77)
	at org.apache.ratis.RaftTestUtil.waitForLeader(RaftTestUtil.java:72)
	at org.apache.ratis.RaftTestUtil.lambda$changeLeader$7(RaftTestUtil.java:363)
	at org.apache.ratis.util.JavaUtils.attempt(JavaUtils.java:152)
	at org.apache.ratis.RaftTestUtil.changeLeader(RaftTestUtil.java:362)
	at org.apache.ratis.server.impl.LeaderElectionTests.testChangeLeader(LeaderElectionTests.java:81)
	at sun.reflect.NativeMethodAccessorImpl.invoke0(Native Method)
	at sun.reflect.NativeMethodAccessorImpl.invoke(NativeMethodAccessorImpl.java:62)
	at sun.reflect.DelegatingMethodAccessorImpl.invoke(DelegatingMethodAccessorImpl.java:43)
	at java.lang.reflect.Method.invoke(Method.java:498)
	at org.junit.runners.model.FrameworkMethod$1.runReflectiveCall(FrameworkMethod.java:50)
	at org.junit.internal.runners.model.ReflectiveCallable.run(ReflectiveCallable.java:12)
	at org.junit.runners.model.FrameworkMethod.invokeExplosively(FrameworkMethod.java:47)
	at org.junit.internal.runners.statements.InvokeMethod.evaluate(InvokeMethod.java:17)
	at org.junit.internal.runners.statements.RunAfters.evaluate(RunAfters.java:27)
	at org.junit.internal.runners.statements.FailOnTimeout$CallableStatement.call(FailOnTimeout.java:298)
	at org.junit.internal.runners.statements.FailOnTimeout$CallableStatement.call(FailOnTimeout.java:292)
	at java.util.concurrent.FutureTask.run(FutureTask.java:266)
	at java.lang.Thread.run(Thread.java:748)
2019-09-26 09:50:25,863 INFO  impl.LeaderElection (LeaderElection.java:logAndReturn(56)) - s2@group-5BD3E7F27A57-LeaderElection116: Election TIMEOUT; received 1 response(s) [s2<-s0#0:FAIL-t340] and 0 exception(s); s2@group-5BD3E7F27A57:t340, leader=null, voted=s2, raftlog=s2@group-5BD3E7F27A57-SegmentedRaftLog:OPENED:c1,f3,i3, conf=3: [s0:0.0.0.0:41468, s1:0.0.0.0:41619, s2:0.0.0.0:44382], old=null
2019-09-26 09:50:25,873 INFO  impl.LeaderElection (LeaderElection.java:logAndReturn(56)) - s0@group-5BD3E7F27A57-LeaderElection123: Election TIMEOUT; received 0 response(s) [] and 0 exception(s); s0@group-5BD3E7F27A57:t341, leader=null, voted=s0, raftlog=s0@group-5BD3E7F27A57-SegmentedRaftLog:OPENED:c3,f4,i4, conf=3: [s0:0.0.0.0:41468, s1:0.0.0.0:41619, s2:0.0.0.0:44382], old=null
2019-09-26 09:50:25,877 INFO  impl.LeaderElection (LeaderElection.java:askForVotes(178)) - s2@group-5BD3E7F27A57-LeaderElection116: begin an election at term 341 for 3: [s0:0.0.0.0:41468, s1:0.0.0.0:41619, s2:0.0.0.0:44382], old=null
2019-09-26 09:50:25,877 INFO  impl.LeaderElection (LeaderElection.java:askForVotes(178)) - s0@group-5BD3E7F27A57-LeaderElection123: begin an election at term 342 for 3: [s0:0.0.0.0:41468, s1:0.0.0.0:41619, s2:0.0.0.0:44382], old=null
2019-09-26 09:50:25,878 DEBUG impl.RaftServerImpl (RaftServerImpl.java:requestVote(743)) - s0@group-5BD3E7F27A57: receive requestVote(s2, group-5BD3E7F27A57, 341, (t:4, i:3))
2019-09-26 09:50:25,878 DEBUG impl.RaftServerImpl (RaftServerImpl.java:requestVote(775)) - s0@group-5BD3E7F27A57 replies to vote request: s2<-s0#0:FAIL-t342. Peer's state: s0@group-5BD3E7F27A57:t342, leader=null, voted=s0, raftlog=s0@group-5BD3E7F27A57-SegmentedRaftLog:OPENED:c3,f4,i4, conf=3: [s0:0.0.0.0:41468, s1:0.0.0.0:41619, s2:0.0.0.0:44382], old=null
2019-09-26 09:50:25,878 INFO  impl.LeaderElection (LeaderElection.java:logAndReturn(56)) - s2@group-5BD3E7F27A57-LeaderElection116: Election DISCOVERED_A_NEW_TERM; received 1 response(s) [s2<-s0#0:FAIL-t342] and 0 exception(s); s2@group-5BD3E7F27A57:t341, leader=null, voted=s2, raftlog=s2@group-5BD3E7F27A57-SegmentedRaftLog:OPENED:c1,f3,i3, conf=3: [s0:0.0.0.0:41468, s1:0.0.0.0:41619, s2:0.0.0.0:44382], old=null
2019-09-26 09:50:25,878 INFO  impl.RaftServerImpl (RaftServerImpl.java:setRole(170)) - s2@group-5BD3E7F27A57: changes role from CANDIDATE to FOLLOWER at term 342 for DISCOVERED_A_NEW_TERM
2019-09-26 09:50:25,878 INFO  impl.RoleInfo (RoleInfo.java:shutdownLeaderElection(134)) - s2: shutdown LeaderElection
2019-09-26 09:50:25,878 INFO  impl.RoleInfo (RoleInfo.java:updateAndGet(143)) - s2: start FollowerState
2019-09-26 09:50:25,919 INFO  impl.LeaderElection (LeaderElection.java:logAndReturn(56)) - s1@group-5BD3E7F27A57-LeaderElection124: Election TIMEOUT; received 1 response(s) [s1<-s0#0:FAIL-t341] and 0 exception(s); s1@group-5BD3E7F27A57:t341, leader=null, voted=s1, raftlog=s1@group-5BD3E7F27A57-SegmentedRaftLog:OPENED:c2,f3,i3, conf=2: [s0:0.0.0.0:41468, s1:0.0.0.0:41619, s2:0.0.0.0:44382], old=null
2019-09-26 09:50:25,931 INFO  impl.LeaderElection (LeaderElection.java:askForVotes(178)) - s1@group-5BD3E7F27A57-LeaderElection124: begin an election at term 342 for 2: [s0:0.0.0.0:41468, s1:0.0.0.0:41619, s2:0.0.0.0:44382], old=null
2019-09-26 09:50:25,932 DEBUG impl.RaftServerImpl (RaftServerImpl.java:requestVote(743)) - s0@group-5BD3E7F27A57: receive requestVote(s1, group-5BD3E7F27A57, 342, (t:3, i:3))
2019-09-26 09:50:25,932 DEBUG impl.RaftServerImpl (RaftServerImpl.java:requestVote(775)) - s0@group-5BD3E7F27A57 replies to vote request: s1<-s0#0:FAIL-t342. Peer's state: s0@group-5BD3E7F27A57:t342, leader=null, voted=s0, raftlog=s0@group-5BD3E7F27A57-SegmentedRaftLog:OPENED:c3,f4,i4, conf=3: [s0:0.0.0.0:41468, s1:0.0.0.0:41619, s2:0.0.0.0:44382], old=null
2019-09-26 09:50:26,131 INFO  impl.LeaderElection (LeaderElection.java:logAndReturn(56)) - s0@group-5BD3E7F27A57-LeaderElection123: Election TIMEOUT; received 0 response(s) [] and 0 exception(s); s0@group-5BD3E7F27A57:t342, leader=null, voted=s0, raftlog=s0@group-5BD3E7F27A57-SegmentedRaftLog:OPENED:c3,f4,i4, conf=3: [s0:0.0.0.0:41468, s1:0.0.0.0:41619, s2:0.0.0.0:44382], old=null
2019-09-26 09:50:26,145 INFO  impl.LeaderElection (LeaderElection.java:askForVotes(178)) - s0@group-5BD3E7F27A57-LeaderElection123: begin an election at term 343 for 3: [s0:0.0.0.0:41468, s1:0.0.0.0:41619, s2:0.0.0.0:44382], old=null
2019-09-26 09:50:26,147 INFO  impl.FollowerState (FollowerState.java:run(108)) - s2@group-5BD3E7F27A57-FollowerState: change to CANDIDATE, lastRpcTime:268ms, electionTimeout:268ms
2019-09-26 09:50:26,147 INFO  impl.RoleInfo (RoleInfo.java:shutdownFollowerState(121)) - s2: shutdown FollowerState
2019-09-26 09:50:26,147 INFO  impl.RaftServerImpl (RaftServerImpl.java:setRole(170)) - s2@group-5BD3E7F27A57: changes role from  FOLLOWER to CANDIDATE at term 342 for changeToCandidate
2019-09-26 09:50:26,147 INFO  impl.RoleInfo (RoleInfo.java:updateAndGet(143)) - s2: start LeaderElection
2019-09-26 09:50:26,154 INFO  impl.LeaderElection (LeaderElection.java:logAndReturn(56)) - s1@group-5BD3E7F27A57-LeaderElection124: Election TIMEOUT; received 1 response(s) [s1<-s0#0:FAIL-t342] and 0 exception(s); s1@group-5BD3E7F27A57:t342, leader=null, voted=s1, raftlog=s1@group-5BD3E7F27A57-SegmentedRaftLog:OPENED:c2,f3,i3, conf=2: [s0:0.0.0.0:41468, s1:0.0.0.0:41619, s2:0.0.0.0:44382], old=null
2019-09-26 09:50:26,162 INFO  impl.LeaderElection (LeaderElection.java:askForVotes(178)) - s2@group-5BD3E7F27A57-LeaderElection125: begin an election at term 343 for 3: [s0:0.0.0.0:41468, s1:0.0.0.0:41619, s2:0.0.0.0:44382], old=null
2019-09-26 09:50:26,162 INFO  impl.LeaderElection (LeaderElection.java:askForVotes(178)) - s1@group-5BD3E7F27A57-LeaderElection124: begin an election at term 343 for 2: [s0:0.0.0.0:41468, s1:0.0.0.0:41619, s2:0.0.0.0:44382], old=null
2019-09-26 09:50:26,162 DEBUG impl.RaftServerImpl (RaftServerImpl.java:requestVote(743)) - s0@group-5BD3E7F27A57: receive requestVote(s2, group-5BD3E7F27A57, 343, (t:4, i:3))
2019-09-26 09:50:26,162 DEBUG impl.RaftServerImpl (RaftServerImpl.java:requestVote(775)) - s0@group-5BD3E7F27A57 replies to vote request: s2<-s0#0:FAIL-t343. Peer's state: s0@group-5BD3E7F27A57:t343, leader=null, voted=s0, raftlog=s0@group-5BD3E7F27A57-SegmentedRaftLog:OPENED:c3,f4,i4, conf=3: [s0:0.0.0.0:41468, s1:0.0.0.0:41619, s2:0.0.0.0:44382], old=null
2019-09-26 09:50:26,163 DEBUG impl.RaftServerImpl (RaftServerImpl.java:requestVote(743)) - s0@group-5BD3E7F27A57: receive requestVote(s1, group-5BD3E7F27A57, 343, (t:3, i:3))
2019-09-26 09:50:26,163 DEBUG impl.RaftServerImpl (RaftServerImpl.java:requestVote(775)) - s0@group-5BD3E7F27A57 replies to vote request: s1<-s0#0:FAIL-t343. Peer's state: s0@group-5BD3E7F27A57:t343, leader=null, voted=s0, raftlog=s0@group-5BD3E7F27A57-SegmentedRaftLog:OPENED:c3,f4,i4, conf=3: [s0:0.0.0.0:41468, s1:0.0.0.0:41619, s2:0.0.0.0:44382], old=null
2019-09-26 09:50:26,228 WARN  ratis.RaftTestUtil (JavaUtils.java:attempt(158)) - FAILED "waitForLeader-null-(expectLeader? true)", attempt #8/100: java.lang.IllegalStateException: No leader yet : printing ALL groups
  s0:  RUNNING CANDIDATE s0@group-5BD3E7F27A57:t343, leader=null, voted=s0, raftlog=s0@group-5BD3E7F27A57-SegmentedRaftLog:OPENED:c3,f4,i4, conf=3: [s0:0.0.0.0:41468, s1:0.0.0.0:41619, s2:0.0.0.0:44382], old=null RUNNING
  s1:  RUNNING CANDIDATE s1@group-5BD3E7F27A57:t343, leader=null, voted=s1, raftlog=s1@group-5BD3E7F27A57-SegmentedRaftLog:OPENED:c2,f3,i3, conf=2: [s0:0.0.0.0:41468, s1:0.0.0.0:41619, s2:0.0.0.0:44382], old=null RUNNING
  s2:  RUNNING CANDIDATE s2@group-5BD3E7F27A57:t343, leader=null, voted=s2, raftlog=s2@group-5BD3E7F27A57-SegmentedRaftLog:OPENED:c1,f3,i3, conf=3: [s0:0.0.0.0:41468, s1:0.0.0.0:41619, s2:0.0.0.0:44382], old=null RUNNING, sleep 450ms and then retry.
java.lang.IllegalStateException: No leader yet : printing ALL groups
  s0:  RUNNING CANDIDATE s0@group-5BD3E7F27A57:t343, leader=null, voted=s0, raftlog=s0@group-5BD3E7F27A57-SegmentedRaftLog:OPENED:c3,f4,i4, conf=3: [s0:0.0.0.0:41468, s1:0.0.0.0:41619, s2:0.0.0.0:44382], old=null RUNNING
  s1:  RUNNING CANDIDATE s1@group-5BD3E7F27A57:t343, leader=null, voted=s1, raftlog=s1@group-5BD3E7F27A57-SegmentedRaftLog:OPENED:c2,f3,i3, conf=2: [s0:0.0.0.0:41468, s1:0.0.0.0:41619, s2:0.0.0.0:44382], old=null RUNNING
  s2:  RUNNING CANDIDATE s2@group-5BD3E7F27A57:t343, leader=null, voted=s2, raftlog=s2@group-5BD3E7F27A57-SegmentedRaftLog:OPENED:c1,f3,i3, conf=3: [s0:0.0.0.0:41468, s1:0.0.0.0:41619, s2:0.0.0.0:44382], old=null RUNNING
	at org.apache.ratis.MiniRaftCluster.newIllegalStateExceptionForNoLeaders(MiniRaftCluster.java:506)
	at org.apache.ratis.RaftTestUtil.lambda$waitForLeader$1(RaftTestUtil.java:90)
	at org.apache.ratis.MiniRaftCluster.getLeader(MiniRaftCluster.java:539)
	at org.apache.ratis.MiniRaftCluster.getLeader(MiniRaftCluster.java:532)
	at org.apache.ratis.RaftTestUtil.lambda$waitForLeader$3(RaftTestUtil.java:98)
	at org.apache.ratis.util.JavaUtils.attempt(JavaUtils.java:152)
	at org.apache.ratis.RaftTestUtil.waitForLeader(RaftTestUtil.java:97)
	at org.apache.ratis.RaftTestUtil.waitForLeader(RaftTestUtil.java:77)
	at org.apache.ratis.RaftTestUtil.waitForLeader(RaftTestUtil.java:72)
	at org.apache.ratis.RaftTestUtil.lambda$changeLeader$7(RaftTestUtil.java:363)
	at org.apache.ratis.util.JavaUtils.attempt(JavaUtils.java:152)
	at org.apache.ratis.RaftTestUtil.changeLeader(RaftTestUtil.java:362)
	at org.apache.ratis.server.impl.LeaderElectionTests.testChangeLeader(LeaderElectionTests.java:81)
	at sun.reflect.NativeMethodAccessorImpl.invoke0(Native Method)
	at sun.reflect.NativeMethodAccessorImpl.invoke(NativeMethodAccessorImpl.java:62)
	at sun.reflect.DelegatingMethodAccessorImpl.invoke(DelegatingMethodAccessorImpl.java:43)
	at java.lang.reflect.Method.invoke(Method.java:498)
	at org.junit.runners.model.FrameworkMethod$1.runReflectiveCall(FrameworkMethod.java:50)
	at org.junit.internal.runners.model.ReflectiveCallable.run(ReflectiveCallable.java:12)
	at org.junit.runners.model.FrameworkMethod.invokeExplosively(FrameworkMethod.java:47)
	at org.junit.internal.runners.statements.InvokeMethod.evaluate(InvokeMethod.java:17)
	at org.junit.internal.runners.statements.RunAfters.evaluate(RunAfters.java:27)
	at org.junit.internal.runners.statements.FailOnTimeout$CallableStatement.call(FailOnTimeout.java:298)
	at org.junit.internal.runners.statements.FailOnTimeout$CallableStatement.call(FailOnTimeout.java:292)
	at java.util.concurrent.FutureTask.run(FutureTask.java:266)
	at java.lang.Thread.run(Thread.java:748)
2019-09-26 09:50:26,350 INFO  impl.LeaderElection (LeaderElection.java:logAndReturn(56)) - s2@group-5BD3E7F27A57-LeaderElection125: Election TIMEOUT; received 1 response(s) [s2<-s0#0:FAIL-t343] and 0 exception(s); s2@group-5BD3E7F27A57:t343, leader=null, voted=s2, raftlog=s2@group-5BD3E7F27A57-SegmentedRaftLog:OPENED:c1,f3,i3, conf=3: [s0:0.0.0.0:41468, s1:0.0.0.0:41619, s2:0.0.0.0:44382], old=null
2019-09-26 09:50:26,364 INFO  impl.LeaderElection (LeaderElection.java:askForVotes(178)) - s2@group-5BD3E7F27A57-LeaderElection125: begin an election at term 344 for 3: [s0:0.0.0.0:41468, s1:0.0.0.0:41619, s2:0.0.0.0:44382], old=null
2019-09-26 09:50:26,364 DEBUG impl.RaftServerImpl (RaftServerImpl.java:requestVote(743)) - s0@group-5BD3E7F27A57: receive requestVote(s2, group-5BD3E7F27A57, 344, (t:4, i:3))
2019-09-26 09:50:26,365 INFO  impl.RaftServerImpl (RaftServerImpl.java:setRole(170)) - s0@group-5BD3E7F27A57: changes role from CANDIDATE to FOLLOWER at term 344 for recognizeCandidate:s2
2019-09-26 09:50:26,365 INFO  impl.RoleInfo (RoleInfo.java:shutdownLeaderElection(134)) - s0: shutdown LeaderElection
2019-09-26 09:50:26,365 INFO  impl.RoleInfo (RoleInfo.java:updateAndGet(143)) - s0: start FollowerState
2019-09-26 09:50:26,370 INFO  impl.LeaderElection (LeaderElection.java:logAndReturn(56)) - s1@group-5BD3E7F27A57-LeaderElection124: Election TIMEOUT; received 1 response(s) [s1<-s0#0:FAIL-t343] and 0 exception(s); s1@group-5BD3E7F27A57:t343, leader=null, voted=s1, raftlog=s1@group-5BD3E7F27A57-SegmentedRaftLog:OPENED:c2,f3,i3, conf=2: [s0:0.0.0.0:41468, s1:0.0.0.0:41619, s2:0.0.0.0:44382], old=null
2019-09-26 09:50:26,370 DEBUG impl.RaftServerImpl (RaftServerImpl.java:requestVote(775)) - s0@group-5BD3E7F27A57 replies to vote request: s2<-s0#0:FAIL-t344. Peer's state: s0@group-5BD3E7F27A57:t344, leader=null, voted=null, raftlog=s0@group-5BD3E7F27A57-SegmentedRaftLog:OPENED:c3,f4,i4, conf=3: [s0:0.0.0.0:41468, s1:0.0.0.0:41619, s2:0.0.0.0:44382], old=null
2019-09-26 09:50:26,385 INFO  impl.LeaderElection (LeaderElection.java:askForVotes(178)) - s1@group-5BD3E7F27A57-LeaderElection124: begin an election at term 344 for 2: [s0:0.0.0.0:41468, s1:0.0.0.0:41619, s2:0.0.0.0:44382], old=null
2019-09-26 09:50:26,386 DEBUG impl.RaftServerImpl (RaftServerImpl.java:requestVote(743)) - s0@group-5BD3E7F27A57: receive requestVote(s1, group-5BD3E7F27A57, 344, (t:3, i:3))
2019-09-26 09:50:26,386 INFO  impl.RaftServerImpl (RaftServerImpl.java:setRole(170)) - s0@group-5BD3E7F27A57: changes role from  FOLLOWER to FOLLOWER at term 344 for recognizeCandidate:s1
2019-09-26 09:50:26,386 INFO  impl.RoleInfo (RoleInfo.java:shutdownFollowerState(121)) - s0: shutdown FollowerState
2019-09-26 09:50:26,386 INFO  impl.RoleInfo (RoleInfo.java:updateAndGet(143)) - s0: start FollowerState
2019-09-26 09:50:26,386 INFO  impl.FollowerState (FollowerState.java:run(117)) - s0@group-5BD3E7F27A57-FollowerState was interrupted: java.lang.InterruptedException: sleep interrupted
2019-09-26 09:50:26,387 DEBUG impl.RaftServerImpl (RaftServerImpl.java:requestVote(775)) - s0@group-5BD3E7F27A57 replies to vote request: s1<-s0#0:FAIL-t344. Peer's state: s0@group-5BD3E7F27A57:t344, leader=null, voted=null, raftlog=s0@group-5BD3E7F27A57-SegmentedRaftLog:OPENED:c3,f4,i4, conf=3: [s0:0.0.0.0:41468, s1:0.0.0.0:41619, s2:0.0.0.0:44382], old=null
2019-09-26 09:50:26,397 INFO  impl.LeaderElection (LeaderElection.java:logAndReturn(56)) - s0@group-5BD3E7F27A57-LeaderElection123: Election REJECTED; received 0 response(s) [] and 0 exception(s); s0@group-5BD3E7F27A57:t344, leader=null, voted=null, raftlog=s0@group-5BD3E7F27A57-SegmentedRaftLog:OPENED:c3,f4,i4, conf=3: [s0:0.0.0.0:41468, s1:0.0.0.0:41619, s2:0.0.0.0:44382], old=null
2019-09-26 09:50:26,621 INFO  impl.FollowerState (FollowerState.java:run(108)) - s0@group-5BD3E7F27A57-FollowerState: change to CANDIDATE, lastRpcTime:234ms, electionTimeout:234ms
2019-09-26 09:50:26,621 INFO  impl.RoleInfo (RoleInfo.java:shutdownFollowerState(121)) - s0: shutdown FollowerState
2019-09-26 09:50:26,621 INFO  impl.RaftServerImpl (RaftServerImpl.java:setRole(170)) - s0@group-5BD3E7F27A57: changes role from  FOLLOWER to CANDIDATE at term 344 for changeToCandidate
2019-09-26 09:50:26,621 INFO  impl.RoleInfo (RoleInfo.java:updateAndGet(143)) - s0: start LeaderElection
2019-09-26 09:50:26,636 INFO  impl.LeaderElection (LeaderElection.java:askForVotes(178)) - s0@group-5BD3E7F27A57-LeaderElection126: begin an election at term 345 for 3: [s0:0.0.0.0:41468, s1:0.0.0.0:41619, s2:0.0.0.0:44382], old=null
2019-09-26 09:50:26,665 INFO  impl.LeaderElection (LeaderElection.java:logAndReturn(56)) - s2@group-5BD3E7F27A57-LeaderElection125: Election TIMEOUT; received 1 response(s) [s2<-s0#0:FAIL-t344] and 0 exception(s); s2@group-5BD3E7F27A57:t344, leader=null, voted=s2, raftlog=s2@group-5BD3E7F27A57-SegmentedRaftLog:OPENED:c1,f3,i3, conf=3: [s0:0.0.0.0:41468, s1:0.0.0.0:41619, s2:0.0.0.0:44382], old=null
2019-09-26 09:50:26,669 INFO  impl.LeaderElection (LeaderElection.java:logAndReturn(56)) - s1@group-5BD3E7F27A57-LeaderElection124: Election TIMEOUT; received 1 response(s) [s1<-s0#0:FAIL-t344] and 0 exception(s); s1@group-5BD3E7F27A57:t344, leader=null, voted=s1, raftlog=s1@group-5BD3E7F27A57-SegmentedRaftLog:OPENED:c2,f3,i3, conf=2: [s0:0.0.0.0:41468, s1:0.0.0.0:41619, s2:0.0.0.0:44382], old=null
2019-09-26 09:50:26,675 INFO  impl.LeaderElection (LeaderElection.java:askForVotes(178)) - s1@group-5BD3E7F27A57-LeaderElection124: begin an election at term 345 for 2: [s0:0.0.0.0:41468, s1:0.0.0.0:41619, s2:0.0.0.0:44382], old=null
2019-09-26 09:50:26,675 INFO  impl.LeaderElection (LeaderElection.java:askForVotes(178)) - s2@group-5BD3E7F27A57-LeaderElection125: begin an election at term 345 for 3: [s0:0.0.0.0:41468, s1:0.0.0.0:41619, s2:0.0.0.0:44382], old=null
2019-09-26 09:50:26,676 DEBUG impl.RaftServerImpl (RaftServerImpl.java:requestVote(743)) - s0@group-5BD3E7F27A57: receive requestVote(s1, group-5BD3E7F27A57, 345, (t:3, i:3))
2019-09-26 09:50:26,676 DEBUG impl.RaftServerImpl (RaftServerImpl.java:requestVote(743)) - s0@group-5BD3E7F27A57: receive requestVote(s2, group-5BD3E7F27A57, 345, (t:4, i:3))
2019-09-26 09:50:26,676 DEBUG impl.RaftServerImpl (RaftServerImpl.java:requestVote(775)) - s0@group-5BD3E7F27A57 replies to vote request: s1<-s0#0:FAIL-t345. Peer's state: s0@group-5BD3E7F27A57:t345, leader=null, voted=s0, raftlog=s0@group-5BD3E7F27A57-SegmentedRaftLog:OPENED:c3,f4,i4, conf=3: [s0:0.0.0.0:41468, s1:0.0.0.0:41619, s2:0.0.0.0:44382], old=null
2019-09-26 09:50:26,676 DEBUG impl.RaftServerImpl (RaftServerImpl.java:requestVote(775)) - s0@group-5BD3E7F27A57 replies to vote request: s2<-s0#0:FAIL-t345. Peer's state: s0@group-5BD3E7F27A57:t345, leader=null, voted=s0, raftlog=s0@group-5BD3E7F27A57-SegmentedRaftLog:OPENED:c3,f4,i4, conf=3: [s0:0.0.0.0:41468, s1:0.0.0.0:41619, s2:0.0.0.0:44382], old=null
2019-09-26 09:50:26,679 WARN  ratis.RaftTestUtil (JavaUtils.java:attempt(158)) - FAILED "waitForLeader-null-(expectLeader? true)", attempt #9/100: java.lang.IllegalStateException: No leader yet : printing ALL groups
  s0:  RUNNING CANDIDATE s0@group-5BD3E7F27A57:t345, leader=null, voted=s0, raftlog=s0@group-5BD3E7F27A57-SegmentedRaftLog:OPENED:c3,f4,i4, conf=3: [s0:0.0.0.0:41468, s1:0.0.0.0:41619, s2:0.0.0.0:44382], old=null RUNNING
  s1:  RUNNING CANDIDATE s1@group-5BD3E7F27A57:t345, leader=null, voted=s1, raftlog=s1@group-5BD3E7F27A57-SegmentedRaftLog:OPENED:c2,f3,i3, conf=2: [s0:0.0.0.0:41468, s1:0.0.0.0:41619, s2:0.0.0.0:44382], old=null RUNNING
  s2:  RUNNING CANDIDATE s2@group-5BD3E7F27A57:t345, leader=null, voted=s2, raftlog=s2@group-5BD3E7F27A57-SegmentedRaftLog:OPENED:c1,f3,i3, conf=3: [s0:0.0.0.0:41468, s1:0.0.0.0:41619, s2:0.0.0.0:44382], old=null RUNNING, sleep 450ms and then retry.
java.lang.IllegalStateException: No leader yet : printing ALL groups
  s0:  RUNNING CANDIDATE s0@group-5BD3E7F27A57:t345, leader=null, voted=s0, raftlog=s0@group-5BD3E7F27A57-SegmentedRaftLog:OPENED:c3,f4,i4, conf=3: [s0:0.0.0.0:41468, s1:0.0.0.0:41619, s2:0.0.0.0:44382], old=null RUNNING
  s1:  RUNNING CANDIDATE s1@group-5BD3E7F27A57:t345, leader=null, voted=s1, raftlog=s1@group-5BD3E7F27A57-SegmentedRaftLog:OPENED:c2,f3,i3, conf=2: [s0:0.0.0.0:41468, s1:0.0.0.0:41619, s2:0.0.0.0:44382], old=null RUNNING
  s2:  RUNNING CANDIDATE s2@group-5BD3E7F27A57:t345, leader=null, voted=s2, raftlog=s2@group-5BD3E7F27A57-SegmentedRaftLog:OPENED:c1,f3,i3, conf=3: [s0:0.0.0.0:41468, s1:0.0.0.0:41619, s2:0.0.0.0:44382], old=null RUNNING
	at org.apache.ratis.MiniRaftCluster.newIllegalStateExceptionForNoLeaders(MiniRaftCluster.java:506)
	at org.apache.ratis.RaftTestUtil.lambda$waitForLeader$1(RaftTestUtil.java:90)
	at org.apache.ratis.MiniRaftCluster.getLeader(MiniRaftCluster.java:539)
	at org.apache.ratis.MiniRaftCluster.getLeader(MiniRaftCluster.java:532)
	at org.apache.ratis.RaftTestUtil.lambda$waitForLeader$3(RaftTestUtil.java:98)
	at org.apache.ratis.util.JavaUtils.attempt(JavaUtils.java:152)
	at org.apache.ratis.RaftTestUtil.waitForLeader(RaftTestUtil.java:97)
	at org.apache.ratis.RaftTestUtil.waitForLeader(RaftTestUtil.java:77)
	at org.apache.ratis.RaftTestUtil.waitForLeader(RaftTestUtil.java:72)
	at org.apache.ratis.RaftTestUtil.lambda$changeLeader$7(RaftTestUtil.java:363)
	at org.apache.ratis.util.JavaUtils.attempt(JavaUtils.java:152)
	at org.apache.ratis.RaftTestUtil.changeLeader(RaftTestUtil.java:362)
	at org.apache.ratis.server.impl.LeaderElectionTests.testChangeLeader(LeaderElectionTests.java:81)
	at sun.reflect.NativeMethodAccessorImpl.invoke0(Native Method)
	at sun.reflect.NativeMethodAccessorImpl.invoke(NativeMethodAccessorImpl.java:62)
	at sun.reflect.DelegatingMethodAccessorImpl.invoke(DelegatingMethodAccessorImpl.java:43)
	at java.lang.reflect.Method.invoke(Method.java:498)
	at org.junit.runners.model.FrameworkMethod$1.runReflectiveCall(FrameworkMethod.java:50)
	at org.junit.internal.runners.model.ReflectiveCallable.run(ReflectiveCallable.java:12)
	at org.junit.runners.model.FrameworkMethod.invokeExplosively(FrameworkMethod.java:47)
	at org.junit.internal.runners.statements.InvokeMethod.evaluate(InvokeMethod.java:17)
	at org.junit.internal.runners.statements.RunAfters.evaluate(RunAfters.java:27)
	at org.junit.internal.runners.statements.FailOnTimeout$CallableStatement.call(FailOnTimeout.java:298)
	at org.junit.internal.runners.statements.FailOnTimeout$CallableStatement.call(FailOnTimeout.java:292)
	at java.util.concurrent.FutureTask.run(FutureTask.java:266)
	at java.lang.Thread.run(Thread.java:748)
2019-09-26 09:50:26,828 INFO  impl.LeaderElection (LeaderElection.java:logAndReturn(56)) - s2@group-5BD3E7F27A57-LeaderElection125: Election TIMEOUT; received 1 response(s) [s2<-s0#0:FAIL-t345] and 0 exception(s); s2@group-5BD3E7F27A57:t345, leader=null, voted=s2, raftlog=s2@group-5BD3E7F27A57-SegmentedRaftLog:OPENED:c1,f3,i3, conf=3: [s0:0.0.0.0:41468, s1:0.0.0.0:41619, s2:0.0.0.0:44382], old=null
2019-09-26 09:50:26,835 INFO  impl.LeaderElection (LeaderElection.java:askForVotes(178)) - s2@group-5BD3E7F27A57-LeaderElection125: begin an election at term 346 for 3: [s0:0.0.0.0:41468, s1:0.0.0.0:41619, s2:0.0.0.0:44382], old=null
2019-09-26 09:50:26,835 DEBUG impl.RaftServerImpl (RaftServerImpl.java:requestVote(743)) - s0@group-5BD3E7F27A57: receive requestVote(s2, group-5BD3E7F27A57, 346, (t:4, i:3))
2019-09-26 09:50:26,836 INFO  impl.RaftServerImpl (RaftServerImpl.java:setRole(170)) - s0@group-5BD3E7F27A57: changes role from CANDIDATE to FOLLOWER at term 346 for recognizeCandidate:s2
2019-09-26 09:50:26,836 INFO  impl.RoleInfo (RoleInfo.java:shutdownLeaderElection(134)) - s0: shutdown LeaderElection
2019-09-26 09:50:26,836 INFO  impl.RoleInfo (RoleInfo.java:updateAndGet(143)) - s0: start FollowerState
2019-09-26 09:50:26,847 INFO  impl.LeaderElection (LeaderElection.java:logAndReturn(56)) - s1@group-5BD3E7F27A57-LeaderElection124: Election TIMEOUT; received 1 response(s) [s1<-s0#0:FAIL-t345] and 0 exception(s); s1@group-5BD3E7F27A57:t345, leader=null, voted=s1, raftlog=s1@group-5BD3E7F27A57-SegmentedRaftLog:OPENED:c2,f3,i3, conf=2: [s0:0.0.0.0:41468, s1:0.0.0.0:41619, s2:0.0.0.0:44382], old=null
2019-09-26 09:50:26,849 DEBUG impl.RaftServerImpl (RaftServerImpl.java:requestVote(775)) - s0@group-5BD3E7F27A57 replies to vote request: s2<-s0#0:FAIL-t346. Peer's state: s0@group-5BD3E7F27A57:t346, leader=null, voted=null, raftlog=s0@group-5BD3E7F27A57-SegmentedRaftLog:OPENED:c3,f4,i4, conf=3: [s0:0.0.0.0:41468, s1:0.0.0.0:41619, s2:0.0.0.0:44382], old=null
2019-09-26 09:50:26,851 INFO  impl.LeaderElection (LeaderElection.java:askForVotes(178)) - s1@group-5BD3E7F27A57-LeaderElection124: begin an election at term 346 for 2: [s0:0.0.0.0:41468, s1:0.0.0.0:41619, s2:0.0.0.0:44382], old=null
2019-09-26 09:50:26,851 DEBUG impl.RaftServerImpl (RaftServerImpl.java:requestVote(743)) - s0@group-5BD3E7F27A57: receive requestVote(s1, group-5BD3E7F27A57, 346, (t:3, i:3))
2019-09-26 09:50:26,852 INFO  impl.RaftServerImpl (RaftServerImpl.java:setRole(170)) - s0@group-5BD3E7F27A57: changes role from  FOLLOWER to FOLLOWER at term 346 for recognizeCandidate:s1
2019-09-26 09:50:26,852 INFO  impl.RoleInfo (RoleInfo.java:shutdownFollowerState(121)) - s0: shutdown FollowerState
2019-09-26 09:50:26,852 INFO  impl.RoleInfo (RoleInfo.java:updateAndGet(143)) - s0: start FollowerState
2019-09-26 09:50:26,852 INFO  impl.FollowerState (FollowerState.java:run(117)) - s0@group-5BD3E7F27A57-FollowerState was interrupted: java.lang.InterruptedException: sleep interrupted
2019-09-26 09:50:26,852 DEBUG impl.RaftServerImpl (RaftServerImpl.java:requestVote(775)) - s0@group-5BD3E7F27A57 replies to vote request: s1<-s0#0:FAIL-t346. Peer's state: s0@group-5BD3E7F27A57:t346, leader=null, voted=null, raftlog=s0@group-5BD3E7F27A57-SegmentedRaftLog:OPENED:c3,f4,i4, conf=3: [s0:0.0.0.0:41468, s1:0.0.0.0:41619, s2:0.0.0.0:44382], old=null
2019-09-26 09:50:26,878 INFO  impl.LeaderElection (LeaderElection.java:logAndReturn(56)) - s0@group-5BD3E7F27A57-LeaderElection126: Election REJECTED; received 0 response(s) [] and 0 exception(s); s0@group-5BD3E7F27A57:t346, leader=null, voted=null, raftlog=s0@group-5BD3E7F27A57-SegmentedRaftLog:OPENED:c3,f4,i4, conf=3: [s0:0.0.0.0:41468, s1:0.0.0.0:41619, s2:0.0.0.0:44382], old=null
2019-09-26 09:50:27,044 INFO  impl.LeaderElection (LeaderElection.java:logAndReturn(56)) - s2@group-5BD3E7F27A57-LeaderElection125: Election TIMEOUT; received 1 response(s) [s2<-s0#0:FAIL-t346] and 0 exception(s); s2@group-5BD3E7F27A57:t346, leader=null, voted=s2, raftlog=s2@group-5BD3E7F27A57-SegmentedRaftLog:OPENED:c1,f3,i3, conf=3: [s0:0.0.0.0:41468, s1:0.0.0.0:41619, s2:0.0.0.0:44382], old=null
2019-09-26 09:50:27,057 INFO  impl.LeaderElection (LeaderElection.java:askForVotes(178)) - s2@group-5BD3E7F27A57-LeaderElection125: begin an election at term 347 for 3: [s0:0.0.0.0:41468, s1:0.0.0.0:41619, s2:0.0.0.0:44382], old=null
2019-09-26 09:50:27,058 DEBUG impl.RaftServerImpl (RaftServerImpl.java:requestVote(743)) - s0@group-5BD3E7F27A57: receive requestVote(s2, group-5BD3E7F27A57, 347, (t:4, i:3))
2019-09-26 09:50:27,058 INFO  impl.RaftServerImpl (RaftServerImpl.java:setRole(170)) - s0@group-5BD3E7F27A57: changes role from  FOLLOWER to FOLLOWER at term 347 for recognizeCandidate:s2
2019-09-26 09:50:27,058 INFO  impl.RoleInfo (RoleInfo.java:shutdownFollowerState(121)) - s0: shutdown FollowerState
2019-09-26 09:50:27,058 INFO  impl.RoleInfo (RoleInfo.java:updateAndGet(143)) - s0: start FollowerState
2019-09-26 09:50:27,058 INFO  impl.FollowerState (FollowerState.java:run(117)) - s0@group-5BD3E7F27A57-FollowerState was interrupted: java.lang.InterruptedException: sleep interrupted
2019-09-26 09:50:27,071 DEBUG impl.RaftServerImpl (RaftServerImpl.java:requestVote(775)) - s0@group-5BD3E7F27A57 replies to vote request: s2<-s0#0:FAIL-t347. Peer's state: s0@group-5BD3E7F27A57:t347, leader=null, voted=null, raftlog=s0@group-5BD3E7F27A57-SegmentedRaftLog:OPENED:c3,f4,i4, conf=3: [s0:0.0.0.0:41468, s1:0.0.0.0:41619, s2:0.0.0.0:44382], old=null
2019-09-26 09:50:27,092 INFO  impl.LeaderElection (LeaderElection.java:logAndReturn(56)) - s1@group-5BD3E7F27A57-LeaderElection124: Election TIMEOUT; received 1 response(s) [s1<-s0#0:FAIL-t346] and 0 exception(s); s1@group-5BD3E7F27A57:t346, leader=null, voted=s1, raftlog=s1@group-5BD3E7F27A57-SegmentedRaftLog:OPENED:c2,f3,i3, conf=2: [s0:0.0.0.0:41468, s1:0.0.0.0:41619, s2:0.0.0.0:44382], old=null
2019-09-26 09:50:27,096 INFO  impl.LeaderElection (LeaderElection.java:askForVotes(178)) - s1@group-5BD3E7F27A57-LeaderElection124: begin an election at term 347 for 2: [s0:0.0.0.0:41468, s1:0.0.0.0:41619, s2:0.0.0.0:44382], old=null
2019-09-26 09:50:27,096 DEBUG impl.RaftServerImpl (RaftServerImpl.java:requestVote(743)) - s0@group-5BD3E7F27A57: receive requestVote(s1, group-5BD3E7F27A57, 347, (t:3, i:3))
2019-09-26 09:50:27,096 INFO  impl.RaftServerImpl (RaftServerImpl.java:setRole(170)) - s0@group-5BD3E7F27A57: changes role from  FOLLOWER to FOLLOWER at term 347 for recognizeCandidate:s1
2019-09-26 09:50:27,097 INFO  impl.RoleInfo (RoleInfo.java:shutdownFollowerState(121)) - s0: shutdown FollowerState
2019-09-26 09:50:27,097 INFO  impl.RoleInfo (RoleInfo.java:updateAndGet(143)) - s0: start FollowerState
2019-09-26 09:50:27,097 INFO  impl.FollowerState (FollowerState.java:run(117)) - s0@group-5BD3E7F27A57-FollowerState was interrupted: java.lang.InterruptedException: sleep interrupted
2019-09-26 09:50:27,097 DEBUG impl.RaftServerImpl (RaftServerImpl.java:requestVote(775)) - s0@group-5BD3E7F27A57 replies to vote request: s1<-s0#0:FAIL-t347. Peer's state: s0@group-5BD3E7F27A57:t347, leader=null, voted=null, raftlog=s0@group-5BD3E7F27A57-SegmentedRaftLog:OPENED:c3,f4,i4, conf=3: [s0:0.0.0.0:41468, s1:0.0.0.0:41619, s2:0.0.0.0:44382], old=null
2019-09-26 09:50:27,130 WARN  ratis.RaftTestUtil (JavaUtils.java:attempt(158)) - FAILED "waitForLeader-null-(expectLeader? true)", attempt #10/100: java.lang.IllegalStateException: No leader yet : printing ALL groups
  s0:  RUNNING  FOLLOWER s0@group-5BD3E7F27A57:t347, leader=null, voted=null, raftlog=s0@group-5BD3E7F27A57-SegmentedRaftLog:OPENED:c3,f4,i4, conf=3: [s0:0.0.0.0:41468, s1:0.0.0.0:41619, s2:0.0.0.0:44382], old=null RUNNING
  s1:  RUNNING CANDIDATE s1@group-5BD3E7F27A57:t347, leader=null, voted=s1, raftlog=s1@group-5BD3E7F27A57-SegmentedRaftLog:OPENED:c2,f3,i3, conf=2: [s0:0.0.0.0:41468, s1:0.0.0.0:41619, s2:0.0.0.0:44382], old=null RUNNING
  s2:  RUNNING CANDIDATE s2@group-5BD3E7F27A57:t347, leader=null, voted=s2, raftlog=s2@group-5BD3E7F27A57-SegmentedRaftLog:OPENED:c1,f3,i3, conf=3: [s0:0.0.0.0:41468, s1:0.0.0.0:41619, s2:0.0.0.0:44382], old=null RUNNING, sleep 450ms and then retry.
java.lang.IllegalStateException: No leader yet : printing ALL groups
  s0:  RUNNING  FOLLOWER s0@group-5BD3E7F27A57:t347, leader=null, voted=null, raftlog=s0@group-5BD3E7F27A57-SegmentedRaftLog:OPENED:c3,f4,i4, conf=3: [s0:0.0.0.0:41468, s1:0.0.0.0:41619, s2:0.0.0.0:44382], old=null RUNNING
  s1:  RUNNING CANDIDATE s1@group-5BD3E7F27A57:t347, leader=null, voted=s1, raftlog=s1@group-5BD3E7F27A57-SegmentedRaftLog:OPENED:c2,f3,i3, conf=2: [s0:0.0.0.0:41468, s1:0.0.0.0:41619, s2:0.0.0.0:44382], old=null RUNNING
  s2:  RUNNING CANDIDATE s2@group-5BD3E7F27A57:t347, leader=null, voted=s2, raftlog=s2@group-5BD3E7F27A57-SegmentedRaftLog:OPENED:c1,f3,i3, conf=3: [s0:0.0.0.0:41468, s1:0.0.0.0:41619, s2:0.0.0.0:44382], old=null RUNNING
	at org.apache.ratis.MiniRaftCluster.newIllegalStateExceptionForNoLeaders(MiniRaftCluster.java:506)
	at org.apache.ratis.RaftTestUtil.lambda$waitForLeader$1(RaftTestUtil.java:90)
	at org.apache.ratis.MiniRaftCluster.getLeader(MiniRaftCluster.java:539)
	at org.apache.ratis.MiniRaftCluster.getLeader(MiniRaftCluster.java:532)
	at org.apache.ratis.RaftTestUtil.lambda$waitForLeader$3(RaftTestUtil.java:98)
	at org.apache.ratis.util.JavaUtils.attempt(JavaUtils.java:152)
	at org.apache.ratis.RaftTestUtil.waitForLeader(RaftTestUtil.java:97)
	at org.apache.ratis.RaftTestUtil.waitForLeader(RaftTestUtil.java:77)
	at org.apache.ratis.RaftTestUtil.waitForLeader(RaftTestUtil.java:72)
	at org.apache.ratis.RaftTestUtil.lambda$changeLeader$7(RaftTestUtil.java:363)
	at org.apache.ratis.util.JavaUtils.attempt(JavaUtils.java:152)
	at org.apache.ratis.RaftTestUtil.changeLeader(RaftTestUtil.java:362)
	at org.apache.ratis.server.impl.LeaderElectionTests.testChangeLeader(LeaderElectionTests.java:81)
	at sun.reflect.NativeMethodAccessorImpl.invoke0(Native Method)
	at sun.reflect.NativeMethodAccessorImpl.invoke(NativeMethodAccessorImpl.java:62)
	at sun.reflect.DelegatingMethodAccessorImpl.invoke(DelegatingMethodAccessorImpl.java:43)
	at java.lang.reflect.Method.invoke(Method.java:498)
	at org.junit.runners.model.FrameworkMethod$1.runReflectiveCall(FrameworkMethod.java:50)
	at org.junit.internal.runners.model.ReflectiveCallable.run(ReflectiveCallable.java:12)
	at org.junit.runners.model.FrameworkMethod.invokeExplosively(FrameworkMethod.java:47)
	at org.junit.internal.runners.statements.InvokeMethod.evaluate(InvokeMethod.java:17)
	at org.junit.internal.runners.statements.RunAfters.evaluate(RunAfters.java:27)
	at org.junit.internal.runners.statements.FailOnTimeout$CallableStatement.call(FailOnTimeout.java:298)
	at org.junit.internal.runners.statements.FailOnTimeout$CallableStatement.call(FailOnTimeout.java:292)
	at java.util.concurrent.FutureTask.run(FutureTask.java:266)
	at java.lang.Thread.run(Thread.java:748)
2019-09-26 09:50:27,250 INFO  impl.LeaderElection (LeaderElection.java:logAndReturn(56)) - s1@group-5BD3E7F27A57-LeaderElection124: Election TIMEOUT; received 1 response(s) [s1<-s0#0:FAIL-t347] and 0 exception(s); s1@group-5BD3E7F27A57:t347, leader=null, voted=s1, raftlog=s1@group-5BD3E7F27A57-SegmentedRaftLog:OPENED:c2,f3,i3, conf=2: [s0:0.0.0.0:41468, s1:0.0.0.0:41619, s2:0.0.0.0:44382], old=null
2019-09-26 09:50:27,291 INFO  impl.LeaderElection (LeaderElection.java:logAndReturn(56)) - s2@group-5BD3E7F27A57-LeaderElection125: Election TIMEOUT; received 1 response(s) [s2<-s0#0:FAIL-t347] and 0 exception(s); s2@group-5BD3E7F27A57:t347, leader=null, voted=s2, raftlog=s2@group-5BD3E7F27A57-SegmentedRaftLog:OPENED:c1,f3,i3, conf=3: [s0:0.0.0.0:41468, s1:0.0.0.0:41619, s2:0.0.0.0:44382], old=null
2019-09-26 09:50:27,295 INFO  impl.LeaderElection (LeaderElection.java:askForVotes(178)) - s1@group-5BD3E7F27A57-LeaderElection124: begin an election at term 348 for 2: [s0:0.0.0.0:41468, s1:0.0.0.0:41619, s2:0.0.0.0:44382], old=null
2019-09-26 09:50:27,296 DEBUG impl.RaftServerImpl (RaftServerImpl.java:requestVote(743)) - s0@group-5BD3E7F27A57: receive requestVote(s1, group-5BD3E7F27A57, 348, (t:3, i:3))
2019-09-26 09:50:27,296 INFO  impl.RaftServerImpl (RaftServerImpl.java:setRole(170)) - s0@group-5BD3E7F27A57: changes role from  FOLLOWER to FOLLOWER at term 348 for recognizeCandidate:s1
2019-09-26 09:50:27,296 INFO  impl.RoleInfo (RoleInfo.java:shutdownFollowerState(121)) - s0: shutdown FollowerState
2019-09-26 09:50:27,296 INFO  impl.RoleInfo (RoleInfo.java:updateAndGet(143)) - s0: start FollowerState
2019-09-26 09:50:27,296 INFO  impl.FollowerState (FollowerState.java:run(117)) - s0@group-5BD3E7F27A57-FollowerState was interrupted: java.lang.InterruptedException: sleep interrupted
2019-09-26 09:50:27,298 INFO  impl.LeaderElection (LeaderElection.java:askForVotes(178)) - s2@group-5BD3E7F27A57-LeaderElection125: begin an election at term 348 for 3: [s0:0.0.0.0:41468, s1:0.0.0.0:41619, s2:0.0.0.0:44382], old=null
2019-09-26 09:50:27,298 DEBUG impl.RaftServerImpl (RaftServerImpl.java:requestVote(743)) - s0@group-5BD3E7F27A57: receive requestVote(s2, group-5BD3E7F27A57, 348, (t:4, i:3))
2019-09-26 09:50:27,301 DEBUG impl.RaftServerImpl (RaftServerImpl.java:requestVote(775)) - s0@group-5BD3E7F27A57 replies to vote request: s1<-s0#0:FAIL-t348. Peer's state: s0@group-5BD3E7F27A57:t348, leader=null, voted=null, raftlog=s0@group-5BD3E7F27A57-SegmentedRaftLog:OPENED:c3,f4,i4, conf=3: [s0:0.0.0.0:41468, s1:0.0.0.0:41619, s2:0.0.0.0:44382], old=null
2019-09-26 09:50:27,301 INFO  impl.RaftServerImpl (RaftServerImpl.java:setRole(170)) - s0@group-5BD3E7F27A57: changes role from  FOLLOWER to FOLLOWER at term 348 for recognizeCandidate:s2
2019-09-26 09:50:27,301 INFO  impl.RoleInfo (RoleInfo.java:shutdownFollowerState(121)) - s0: shutdown FollowerState
2019-09-26 09:50:27,302 INFO  impl.RoleInfo (RoleInfo.java:updateAndGet(143)) - s0: start FollowerState
2019-09-26 09:50:27,302 INFO  impl.FollowerState (FollowerState.java:run(117)) - s0@group-5BD3E7F27A57-FollowerState was interrupted: java.lang.InterruptedException: sleep interrupted
2019-09-26 09:50:27,302 DEBUG impl.RaftServerImpl (RaftServerImpl.java:requestVote(775)) - s0@group-5BD3E7F27A57 replies to vote request: s2<-s0#0:FAIL-t348. Peer's state: s0@group-5BD3E7F27A57:t348, leader=null, voted=null, raftlog=s0@group-5BD3E7F27A57-SegmentedRaftLog:OPENED:c3,f4,i4, conf=3: [s0:0.0.0.0:41468, s1:0.0.0.0:41619, s2:0.0.0.0:44382], old=null
2019-09-26 09:50:27,461 INFO  impl.LeaderElection (LeaderElection.java:logAndReturn(56)) - s1@group-5BD3E7F27A57-LeaderElection124: Election TIMEOUT; received 1 response(s) [s1<-s0#0:FAIL-t348] and 0 exception(s); s1@group-5BD3E7F27A57:t348, leader=null, voted=s1, raftlog=s1@group-5BD3E7F27A57-SegmentedRaftLog:OPENED:c2,f3,i3, conf=2: [s0:0.0.0.0:41468, s1:0.0.0.0:41619, s2:0.0.0.0:44382], old=null
2019-09-26 09:50:27,474 INFO  impl.LeaderElection (LeaderElection.java:askForVotes(178)) - s1@group-5BD3E7F27A57-LeaderElection124: begin an election at term 349 for 2: [s0:0.0.0.0:41468, s1:0.0.0.0:41619, s2:0.0.0.0:44382], old=null
2019-09-26 09:50:27,475 DEBUG impl.RaftServerImpl (RaftServerImpl.java:requestVote(743)) - s0@group-5BD3E7F27A57: receive requestVote(s1, group-5BD3E7F27A57, 349, (t:3, i:3))
2019-09-26 09:50:27,475 INFO  impl.RaftServerImpl (RaftServerImpl.java:setRole(170)) - s0@group-5BD3E7F27A57: changes role from  FOLLOWER to FOLLOWER at term 349 for recognizeCandidate:s1
2019-09-26 09:50:27,475 INFO  impl.RoleInfo (RoleInfo.java:shutdownFollowerState(121)) - s0: shutdown FollowerState
2019-09-26 09:50:27,476 INFO  impl.RoleInfo (RoleInfo.java:updateAndGet(143)) - s0: start FollowerState
2019-09-26 09:50:27,476 INFO  impl.FollowerState (FollowerState.java:run(117)) - s0@group-5BD3E7F27A57-FollowerState was interrupted: java.lang.InterruptedException: sleep interrupted
2019-09-26 09:50:27,489 DEBUG impl.RaftServerImpl (RaftServerImpl.java:requestVote(775)) - s0@group-5BD3E7F27A57 replies to vote request: s1<-s0#0:FAIL-t349. Peer's state: s0@group-5BD3E7F27A57:t349, leader=null, voted=null, raftlog=s0@group-5BD3E7F27A57-SegmentedRaftLog:OPENED:c3,f4,i4, conf=3: [s0:0.0.0.0:41468, s1:0.0.0.0:41619, s2:0.0.0.0:44382], old=null
2019-09-26 09:50:27,558 INFO  impl.LeaderElection (LeaderElection.java:logAndReturn(56)) - s2@group-5BD3E7F27A57-LeaderElection125: Election TIMEOUT; received 1 response(s) [s2<-s0#0:FAIL-t348] and 0 exception(s); s2@group-5BD3E7F27A57:t348, leader=null, voted=s2, raftlog=s2@group-5BD3E7F27A57-SegmentedRaftLog:OPENED:c1,f3,i3, conf=3: [s0:0.0.0.0:41468, s1:0.0.0.0:41619, s2:0.0.0.0:44382], old=null
2019-09-26 09:50:27,567 INFO  impl.LeaderElection (LeaderElection.java:askForVotes(178)) - s2@group-5BD3E7F27A57-LeaderElection125: begin an election at term 349 for 3: [s0:0.0.0.0:41468, s1:0.0.0.0:41619, s2:0.0.0.0:44382], old=null
2019-09-26 09:50:27,568 DEBUG impl.RaftServerImpl (RaftServerImpl.java:requestVote(743)) - s0@group-5BD3E7F27A57: receive requestVote(s2, group-5BD3E7F27A57, 349, (t:4, i:3))
2019-09-26 09:50:27,568 INFO  impl.RaftServerImpl (RaftServerImpl.java:setRole(170)) - s0@group-5BD3E7F27A57: changes role from  FOLLOWER to FOLLOWER at term 349 for recognizeCandidate:s2
2019-09-26 09:50:27,568 INFO  impl.RoleInfo (RoleInfo.java:shutdownFollowerState(121)) - s0: shutdown FollowerState
2019-09-26 09:50:27,568 INFO  impl.RoleInfo (RoleInfo.java:updateAndGet(143)) - s0: start FollowerState
2019-09-26 09:50:27,568 INFO  impl.FollowerState (FollowerState.java:run(117)) - s0@group-5BD3E7F27A57-FollowerState was interrupted: java.lang.InterruptedException: sleep interrupted
2019-09-26 09:50:27,569 DEBUG impl.RaftServerImpl (RaftServerImpl.java:requestVote(775)) - s0@group-5BD3E7F27A57 replies to vote request: s2<-s0#0:FAIL-t349. Peer's state: s0@group-5BD3E7F27A57:t349, leader=null, voted=null, raftlog=s0@group-5BD3E7F27A57-SegmentedRaftLog:OPENED:c3,f4,i4, conf=3: [s0:0.0.0.0:41468, s1:0.0.0.0:41619, s2:0.0.0.0:44382], old=null
2019-09-26 09:50:27,580 WARN  ratis.RaftTestUtil (JavaUtils.java:attempt(158)) - FAILED "waitForLeader-null-(expectLeader? true)", attempt #11/100: java.lang.IllegalStateException: No leader yet : printing ALL groups
  s0:  RUNNING  FOLLOWER s0@group-5BD3E7F27A57:t349, leader=null, voted=null, raftlog=s0@group-5BD3E7F27A57-SegmentedRaftLog:OPENED:c3,f4,i4, conf=3: [s0:0.0.0.0:41468, s1:0.0.0.0:41619, s2:0.0.0.0:44382], old=null RUNNING
  s1:  RUNNING CANDIDATE s1@group-5BD3E7F27A57:t349, leader=null, voted=s1, raftlog=s1@group-5BD3E7F27A57-SegmentedRaftLog:OPENED:c2,f3,i3, conf=2: [s0:0.0.0.0:41468, s1:0.0.0.0:41619, s2:0.0.0.0:44382], old=null RUNNING
  s2:  RUNNING CANDIDATE s2@group-5BD3E7F27A57:t349, leader=null, voted=s2, raftlog=s2@group-5BD3E7F27A57-SegmentedRaftLog:OPENED:c1,f3,i3, conf=3: [s0:0.0.0.0:41468, s1:0.0.0.0:41619, s2:0.0.0.0:44382], old=null RUNNING, sleep 450ms and then retry.
java.lang.IllegalStateException: No leader yet : printing ALL groups
  s0:  RUNNING  FOLLOWER s0@group-5BD3E7F27A57:t349, leader=null, voted=null, raftlog=s0@group-5BD3E7F27A57-SegmentedRaftLog:OPENED:c3,f4,i4, conf=3: [s0:0.0.0.0:41468, s1:0.0.0.0:41619, s2:0.0.0.0:44382], old=null RUNNING
  s1:  RUNNING CANDIDATE s1@group-5BD3E7F27A57:t349, leader=null, voted=s1, raftlog=s1@group-5BD3E7F27A57-SegmentedRaftLog:OPENED:c2,f3,i3, conf=2: [s0:0.0.0.0:41468, s1:0.0.0.0:41619, s2:0.0.0.0:44382], old=null RUNNING
  s2:  RUNNING CANDIDATE s2@group-5BD3E7F27A57:t349, leader=null, voted=s2, raftlog=s2@group-5BD3E7F27A57-SegmentedRaftLog:OPENED:c1,f3,i3, conf=3: [s0:0.0.0.0:41468, s1:0.0.0.0:41619, s2:0.0.0.0:44382], old=null RUNNING
	at org.apache.ratis.MiniRaftCluster.newIllegalStateExceptionForNoLeaders(MiniRaftCluster.java:506)
	at org.apache.ratis.RaftTestUtil.lambda$waitForLeader$1(RaftTestUtil.java:90)
	at org.apache.ratis.MiniRaftCluster.getLeader(MiniRaftCluster.java:539)
	at org.apache.ratis.MiniRaftCluster.getLeader(MiniRaftCluster.java:532)
	at org.apache.ratis.RaftTestUtil.lambda$waitForLeader$3(RaftTestUtil.java:98)
	at org.apache.ratis.util.JavaUtils.attempt(JavaUtils.java:152)
	at org.apache.ratis.RaftTestUtil.waitForLeader(RaftTestUtil.java:97)
	at org.apache.ratis.RaftTestUtil.waitForLeader(RaftTestUtil.java:77)
	at org.apache.ratis.RaftTestUtil.waitForLeader(RaftTestUtil.java:72)
	at org.apache.ratis.RaftTestUtil.lambda$changeLeader$7(RaftTestUtil.java:363)
	at org.apache.ratis.util.JavaUtils.attempt(JavaUtils.java:152)
	at org.apache.ratis.RaftTestUtil.changeLeader(RaftTestUtil.java:362)
	at org.apache.ratis.server.impl.LeaderElectionTests.testChangeLeader(LeaderElectionTests.java:81)
	at sun.reflect.NativeMethodAccessorImpl.invoke0(Native Method)
	at sun.reflect.NativeMethodAccessorImpl.invoke(NativeMethodAccessorImpl.java:62)
	at sun.reflect.DelegatingMethodAccessorImpl.invoke(DelegatingMethodAccessorImpl.java:43)
	at java.lang.reflect.Method.invoke(Method.java:498)
	at org.junit.runners.model.FrameworkMethod$1.runReflectiveCall(FrameworkMethod.java:50)
	at org.junit.internal.runners.model.ReflectiveCallable.run(ReflectiveCallable.java:12)
	at org.junit.runners.model.FrameworkMethod.invokeExplosively(FrameworkMethod.java:47)
	at org.junit.internal.runners.statements.InvokeMethod.evaluate(InvokeMethod.java:17)
	at org.junit.internal.runners.statements.RunAfters.evaluate(RunAfters.java:27)
	at org.junit.internal.runners.statements.FailOnTimeout$CallableStatement.call(FailOnTimeout.java:298)
	at org.junit.internal.runners.statements.FailOnTimeout$CallableStatement.call(FailOnTimeout.java:292)
	at java.util.concurrent.FutureTask.run(FutureTask.java:266)
	at java.lang.Thread.run(Thread.java:748)
2019-09-26 09:50:27,732 INFO  impl.LeaderElection (LeaderElection.java:logAndReturn(56)) - s2@group-5BD3E7F27A57-LeaderElection125: Election TIMEOUT; received 1 response(s) [s2<-s0#0:FAIL-t349] and 0 exception(s); s2@group-5BD3E7F27A57:t349, leader=null, voted=s2, raftlog=s2@group-5BD3E7F27A57-SegmentedRaftLog:OPENED:c1,f3,i3, conf=3: [s0:0.0.0.0:41468, s1:0.0.0.0:41619, s2:0.0.0.0:44382], old=null
2019-09-26 09:50:27,734 INFO  impl.LeaderElection (LeaderElection.java:logAndReturn(56)) - s1@group-5BD3E7F27A57-LeaderElection124: Election TIMEOUT; received 1 response(s) [s1<-s0#0:FAIL-t349] and 0 exception(s); s1@group-5BD3E7F27A57:t349, leader=null, voted=s1, raftlog=s1@group-5BD3E7F27A57-SegmentedRaftLog:OPENED:c2,f3,i3, conf=2: [s0:0.0.0.0:41468, s1:0.0.0.0:41619, s2:0.0.0.0:44382], old=null
2019-09-26 09:50:27,746 INFO  impl.LeaderElection (LeaderElection.java:askForVotes(178)) - s2@group-5BD3E7F27A57-LeaderElection125: begin an election at term 350 for 3: [s0:0.0.0.0:41468, s1:0.0.0.0:41619, s2:0.0.0.0:44382], old=null
2019-09-26 09:50:27,746 INFO  impl.LeaderElection (LeaderElection.java:askForVotes(178)) - s1@group-5BD3E7F27A57-LeaderElection124: begin an election at term 350 for 2: [s0:0.0.0.0:41468, s1:0.0.0.0:41619, s2:0.0.0.0:44382], old=null
2019-09-26 09:50:27,747 DEBUG impl.RaftServerImpl (RaftServerImpl.java:requestVote(743)) - s0@group-5BD3E7F27A57: receive requestVote(s2, group-5BD3E7F27A57, 350, (t:4, i:3))
2019-09-26 09:50:27,747 INFO  impl.RaftServerImpl (RaftServerImpl.java:setRole(170)) - s0@group-5BD3E7F27A57: changes role from  FOLLOWER to FOLLOWER at term 350 for recognizeCandidate:s2
2019-09-26 09:50:27,747 DEBUG impl.RaftServerImpl (RaftServerImpl.java:requestVote(743)) - s0@group-5BD3E7F27A57: receive requestVote(s1, group-5BD3E7F27A57, 350, (t:3, i:3))
2019-09-26 09:50:27,747 INFO  impl.RoleInfo (RoleInfo.java:shutdownFollowerState(121)) - s0: shutdown FollowerState
2019-09-26 09:50:27,747 INFO  impl.RoleInfo (RoleInfo.java:updateAndGet(143)) - s0: start FollowerState
2019-09-26 09:50:27,747 INFO  impl.FollowerState (FollowerState.java:run(117)) - s0@group-5BD3E7F27A57-FollowerState was interrupted: java.lang.InterruptedException: sleep interrupted
2019-09-26 09:50:27,760 DEBUG impl.RaftServerImpl (RaftServerImpl.java:requestVote(775)) - s0@group-5BD3E7F27A57 replies to vote request: s2<-s0#0:FAIL-t350. Peer's state: s0@group-5BD3E7F27A57:t350, leader=null, voted=null, raftlog=s0@group-5BD3E7F27A57-SegmentedRaftLog:OPENED:c3,f4,i4, conf=3: [s0:0.0.0.0:41468, s1:0.0.0.0:41619, s2:0.0.0.0:44382], old=null
2019-09-26 09:50:27,761 INFO  impl.RaftServerImpl (RaftServerImpl.java:setRole(170)) - s0@group-5BD3E7F27A57: changes role from  FOLLOWER to FOLLOWER at term 350 for recognizeCandidate:s1
2019-09-26 09:50:27,761 INFO  impl.RoleInfo (RoleInfo.java:shutdownFollowerState(121)) - s0: shutdown FollowerState
2019-09-26 09:50:27,761 INFO  impl.RoleInfo (RoleInfo.java:updateAndGet(143)) - s0: start FollowerState
2019-09-26 09:50:27,761 INFO  impl.FollowerState (FollowerState.java:run(117)) - s0@group-5BD3E7F27A57-FollowerState was interrupted: java.lang.InterruptedException: sleep interrupted
2019-09-26 09:50:27,761 DEBUG impl.RaftServerImpl (RaftServerImpl.java:requestVote(775)) - s0@group-5BD3E7F27A57 replies to vote request: s1<-s0#0:FAIL-t350. Peer's state: s0@group-5BD3E7F27A57:t350, leader=null, voted=null, raftlog=s0@group-5BD3E7F27A57-SegmentedRaftLog:OPENED:c3,f4,i4, conf=3: [s0:0.0.0.0:41468, s1:0.0.0.0:41619, s2:0.0.0.0:44382], old=null
2019-09-26 09:50:27,907 INFO  impl.LeaderElection (LeaderElection.java:logAndReturn(56)) - s1@group-5BD3E7F27A57-LeaderElection124: Election TIMEOUT; received 1 response(s) [s1<-s0#0:FAIL-t350] and 0 exception(s); s1@group-5BD3E7F27A57:t350, leader=null, voted=s1, raftlog=s1@group-5BD3E7F27A57-SegmentedRaftLog:OPENED:c2,f3,i3, conf=2: [s0:0.0.0.0:41468, s1:0.0.0.0:41619, s2:0.0.0.0:44382], old=null
2019-09-26 09:50:27,920 INFO  impl.LeaderElection (LeaderElection.java:askForVotes(178)) - s1@group-5BD3E7F27A57-LeaderElection124: begin an election at term 351 for 2: [s0:0.0.0.0:41468, s1:0.0.0.0:41619, s2:0.0.0.0:44382], old=null
2019-09-26 09:50:27,921 DEBUG impl.RaftServerImpl (RaftServerImpl.java:requestVote(743)) - s0@group-5BD3E7F27A57: receive requestVote(s1, group-5BD3E7F27A57, 351, (t:3, i:3))
2019-09-26 09:50:27,921 INFO  impl.RaftServerImpl (RaftServerImpl.java:setRole(170)) - s0@group-5BD3E7F27A57: changes role from  FOLLOWER to FOLLOWER at term 351 for recognizeCandidate:s1
2019-09-26 09:50:27,921 INFO  impl.RoleInfo (RoleInfo.java:shutdownFollowerState(121)) - s0: shutdown FollowerState
2019-09-26 09:50:27,921 INFO  impl.RoleInfo (RoleInfo.java:updateAndGet(143)) - s0: start FollowerState
2019-09-26 09:50:27,921 INFO  impl.FollowerState (FollowerState.java:run(117)) - s0@group-5BD3E7F27A57-FollowerState was interrupted: java.lang.InterruptedException: sleep interrupted
2019-09-26 09:50:27,941 DEBUG impl.RaftServerImpl (RaftServerImpl.java:requestVote(775)) - s0@group-5BD3E7F27A57 replies to vote request: s1<-s0#0:FAIL-t351. Peer's state: s0@group-5BD3E7F27A57:t351, leader=null, voted=null, raftlog=s0@group-5BD3E7F27A57-SegmentedRaftLog:OPENED:c3,f4,i4, conf=3: [s0:0.0.0.0:41468, s1:0.0.0.0:41619, s2:0.0.0.0:44382], old=null
2019-09-26 09:50:27,980 INFO  impl.LeaderElection (LeaderElection.java:logAndReturn(56)) - s2@group-5BD3E7F27A57-LeaderElection125: Election TIMEOUT; received 1 response(s) [s2<-s0#0:FAIL-t350] and 0 exception(s); s2@group-5BD3E7F27A57:t350, leader=null, voted=s2, raftlog=s2@group-5BD3E7F27A57-SegmentedRaftLog:OPENED:c1,f3,i3, conf=3: [s0:0.0.0.0:41468, s1:0.0.0.0:41619, s2:0.0.0.0:44382], old=null
2019-09-26 09:50:27,983 INFO  impl.LeaderElection (LeaderElection.java:askForVotes(178)) - s2@group-5BD3E7F27A57-LeaderElection125: begin an election at term 351 for 3: [s0:0.0.0.0:41468, s1:0.0.0.0:41619, s2:0.0.0.0:44382], old=null
2019-09-26 09:50:27,984 DEBUG impl.RaftServerImpl (RaftServerImpl.java:requestVote(743)) - s0@group-5BD3E7F27A57: receive requestVote(s2, group-5BD3E7F27A57, 351, (t:4, i:3))
2019-09-26 09:50:27,984 INFO  impl.RaftServerImpl (RaftServerImpl.java:setRole(170)) - s0@group-5BD3E7F27A57: changes role from  FOLLOWER to FOLLOWER at term 351 for recognizeCandidate:s2
2019-09-26 09:50:27,984 INFO  impl.RoleInfo (RoleInfo.java:shutdownFollowerState(121)) - s0: shutdown FollowerState
2019-09-26 09:50:27,984 INFO  impl.RoleInfo (RoleInfo.java:updateAndGet(143)) - s0: start FollowerState
2019-09-26 09:50:27,984 INFO  impl.FollowerState (FollowerState.java:run(117)) - s0@group-5BD3E7F27A57-FollowerState was interrupted: java.lang.InterruptedException: sleep interrupted
2019-09-26 09:50:27,985 DEBUG impl.RaftServerImpl (RaftServerImpl.java:requestVote(775)) - s0@group-5BD3E7F27A57 replies to vote request: s2<-s0#0:FAIL-t351. Peer's state: s0@group-5BD3E7F27A57:t351, leader=null, voted=null, raftlog=s0@group-5BD3E7F27A57-SegmentedRaftLog:OPENED:c3,f4,i4, conf=3: [s0:0.0.0.0:41468, s1:0.0.0.0:41619, s2:0.0.0.0:44382], old=null
2019-09-26 09:50:28,031 WARN  ratis.RaftTestUtil (JavaUtils.java:attempt(158)) - FAILED "waitForLeader-null-(expectLeader? true)", attempt #12/100: java.lang.IllegalStateException: No leader yet : printing ALL groups
  s0:  RUNNING  FOLLOWER s0@group-5BD3E7F27A57:t351, leader=null, voted=null, raftlog=s0@group-5BD3E7F27A57-SegmentedRaftLog:OPENED:c3,f4,i4, conf=3: [s0:0.0.0.0:41468, s1:0.0.0.0:41619, s2:0.0.0.0:44382], old=null RUNNING
  s1:  RUNNING CANDIDATE s1@group-5BD3E7F27A57:t351, leader=null, voted=s1, raftlog=s1@group-5BD3E7F27A57-SegmentedRaftLog:OPENED:c2,f3,i3, conf=2: [s0:0.0.0.0:41468, s1:0.0.0.0:41619, s2:0.0.0.0:44382], old=null RUNNING
  s2:  RUNNING CANDIDATE s2@group-5BD3E7F27A57:t351, leader=null, voted=s2, raftlog=s2@group-5BD3E7F27A57-SegmentedRaftLog:OPENED:c1,f3,i3, conf=3: [s0:0.0.0.0:41468, s1:0.0.0.0:41619, s2:0.0.0.0:44382], old=null RUNNING, sleep 450ms and then retry.
java.lang.IllegalStateException: No leader yet : printing ALL groups
  s0:  RUNNING  FOLLOWER s0@group-5BD3E7F27A57:t351, leader=null, voted=null, raftlog=s0@group-5BD3E7F27A57-SegmentedRaftLog:OPENED:c3,f4,i4, conf=3: [s0:0.0.0.0:41468, s1:0.0.0.0:41619, s2:0.0.0.0:44382], old=null RUNNING
  s1:  RUNNING CANDIDATE s1@group-5BD3E7F27A57:t351, leader=null, voted=s1, raftlog=s1@group-5BD3E7F27A57-SegmentedRaftLog:OPENED:c2,f3,i3, conf=2: [s0:0.0.0.0:41468, s1:0.0.0.0:41619, s2:0.0.0.0:44382], old=null RUNNING
  s2:  RUNNING CANDIDATE s2@group-5BD3E7F27A57:t351, leader=null, voted=s2, raftlog=s2@group-5BD3E7F27A57-SegmentedRaftLog:OPENED:c1,f3,i3, conf=3: [s0:0.0.0.0:41468, s1:0.0.0.0:41619, s2:0.0.0.0:44382], old=null RUNNING
	at org.apache.ratis.MiniRaftCluster.newIllegalStateExceptionForNoLeaders(MiniRaftCluster.java:506)
	at org.apache.ratis.RaftTestUtil.lambda$waitForLeader$1(RaftTestUtil.java:90)
	at org.apache.ratis.MiniRaftCluster.getLeader(MiniRaftCluster.java:539)
	at org.apache.ratis.MiniRaftCluster.getLeader(MiniRaftCluster.java:532)
	at org.apache.ratis.RaftTestUtil.lambda$waitForLeader$3(RaftTestUtil.java:98)
	at org.apache.ratis.util.JavaUtils.attempt(JavaUtils.java:152)
	at org.apache.ratis.RaftTestUtil.waitForLeader(RaftTestUtil.java:97)
	at org.apache.ratis.RaftTestUtil.waitForLeader(RaftTestUtil.java:77)
	at org.apache.ratis.RaftTestUtil.waitForLeader(RaftTestUtil.java:72)
	at org.apache.ratis.RaftTestUtil.lambda$changeLeader$7(RaftTestUtil.java:363)
	at org.apache.ratis.util.JavaUtils.attempt(JavaUtils.java:152)
	at org.apache.ratis.RaftTestUtil.changeLeader(RaftTestUtil.java:362)
	at org.apache.ratis.server.impl.LeaderElectionTests.testChangeLeader(LeaderElectionTests.java:81)
	at sun.reflect.NativeMethodAccessorImpl.invoke0(Native Method)
	at sun.reflect.NativeMethodAccessorImpl.invoke(NativeMethodAccessorImpl.java:62)
	at sun.reflect.DelegatingMethodAccessorImpl.invoke(DelegatingMethodAccessorImpl.java:43)
	at java.lang.reflect.Method.invoke(Method.java:498)
	at org.junit.runners.model.FrameworkMethod$1.runReflectiveCall(FrameworkMethod.java:50)
	at org.junit.internal.runners.model.ReflectiveCallable.run(ReflectiveCallable.java:12)
	at org.junit.runners.model.FrameworkMethod.invokeExplosively(FrameworkMethod.java:47)
	at org.junit.internal.runners.statements.InvokeMethod.evaluate(InvokeMethod.java:17)
	at org.junit.internal.runners.statements.RunAfters.evaluate(RunAfters.java:27)
	at org.junit.internal.runners.statements.FailOnTimeout$CallableStatement.call(FailOnTimeout.java:298)
	at org.junit.internal.runners.statements.FailOnTimeout$CallableStatement.call(FailOnTimeout.java:292)
	at java.util.concurrent.FutureTask.run(FutureTask.java:266)
	at java.lang.Thread.run(Thread.java:748)
2019-09-26 09:50:28,100 INFO  impl.LeaderElection (LeaderElection.java:logAndReturn(56)) - s1@group-5BD3E7F27A57-LeaderElection124: Election TIMEOUT; received 1 response(s) [s1<-s0#0:FAIL-t351] and 0 exception(s); s1@group-5BD3E7F27A57:t351, leader=null, voted=s1, raftlog=s1@group-5BD3E7F27A57-SegmentedRaftLog:OPENED:c2,f3,i3, conf=2: [s0:0.0.0.0:41468, s1:0.0.0.0:41619, s2:0.0.0.0:44382], old=null
2019-09-26 09:50:28,110 INFO  impl.LeaderElection (LeaderElection.java:askForVotes(178)) - s1@group-5BD3E7F27A57-LeaderElection124: begin an election at term 352 for 2: [s0:0.0.0.0:41468, s1:0.0.0.0:41619, s2:0.0.0.0:44382], old=null
2019-09-26 09:50:28,110 DEBUG impl.RaftServerImpl (RaftServerImpl.java:requestVote(743)) - s0@group-5BD3E7F27A57: receive requestVote(s1, group-5BD3E7F27A57, 352, (t:3, i:3))
2019-09-26 09:50:28,111 INFO  impl.RaftServerImpl (RaftServerImpl.java:setRole(170)) - s0@group-5BD3E7F27A57: changes role from  FOLLOWER to FOLLOWER at term 352 for recognizeCandidate:s1
2019-09-26 09:50:28,111 INFO  impl.RoleInfo (RoleInfo.java:shutdownFollowerState(121)) - s0: shutdown FollowerState
2019-09-26 09:50:28,111 INFO  impl.RoleInfo (RoleInfo.java:updateAndGet(143)) - s0: start FollowerState
2019-09-26 09:50:28,111 INFO  impl.FollowerState (FollowerState.java:run(117)) - s0@group-5BD3E7F27A57-FollowerState was interrupted: java.lang.InterruptedException: sleep interrupted
2019-09-26 09:50:28,119 DEBUG impl.RaftServerImpl (RaftServerImpl.java:requestVote(775)) - s0@group-5BD3E7F27A57 replies to vote request: s1<-s0#0:FAIL-t352. Peer's state: s0@group-5BD3E7F27A57:t352, leader=null, voted=null, raftlog=s0@group-5BD3E7F27A57-SegmentedRaftLog:OPENED:c3,f4,i4, conf=3: [s0:0.0.0.0:41468, s1:0.0.0.0:41619, s2:0.0.0.0:44382], old=null
2019-09-26 09:50:28,282 INFO  impl.LeaderElection (LeaderElection.java:logAndReturn(56)) - s2@group-5BD3E7F27A57-LeaderElection125: Election TIMEOUT; received 1 response(s) [s2<-s0#0:FAIL-t351] and 0 exception(s); s2@group-5BD3E7F27A57:t351, leader=null, voted=s2, raftlog=s2@group-5BD3E7F27A57-SegmentedRaftLog:OPENED:c1,f3,i3, conf=3: [s0:0.0.0.0:41468, s1:0.0.0.0:41619, s2:0.0.0.0:44382], old=null
2019-09-26 09:50:28,288 INFO  impl.LeaderElection (LeaderElection.java:askForVotes(178)) - s2@group-5BD3E7F27A57-LeaderElection125: begin an election at term 352 for 3: [s0:0.0.0.0:41468, s1:0.0.0.0:41619, s2:0.0.0.0:44382], old=null
2019-09-26 09:50:28,289 DEBUG impl.RaftServerImpl (RaftServerImpl.java:requestVote(743)) - s0@group-5BD3E7F27A57: receive requestVote(s2, group-5BD3E7F27A57, 352, (t:4, i:3))
2019-09-26 09:50:28,289 INFO  impl.RaftServerImpl (RaftServerImpl.java:setRole(170)) - s0@group-5BD3E7F27A57: changes role from  FOLLOWER to FOLLOWER at term 352 for recognizeCandidate:s2
2019-09-26 09:50:28,289 INFO  impl.RoleInfo (RoleInfo.java:shutdownFollowerState(121)) - s0: shutdown FollowerState
2019-09-26 09:50:28,289 INFO  impl.RoleInfo (RoleInfo.java:updateAndGet(143)) - s0: start FollowerState
2019-09-26 09:50:28,289 INFO  impl.FollowerState (FollowerState.java:run(117)) - s0@group-5BD3E7F27A57-FollowerState was interrupted: java.lang.InterruptedException: sleep interrupted
2019-09-26 09:50:28,290 DEBUG impl.RaftServerImpl (RaftServerImpl.java:requestVote(775)) - s0@group-5BD3E7F27A57 replies to vote request: s2<-s0#0:FAIL-t352. Peer's state: s0@group-5BD3E7F27A57:t352, leader=null, voted=null, raftlog=s0@group-5BD3E7F27A57-SegmentedRaftLog:OPENED:c3,f4,i4, conf=3: [s0:0.0.0.0:41468, s1:0.0.0.0:41619, s2:0.0.0.0:44382], old=null
2019-09-26 09:50:28,394 INFO  impl.LeaderElection (LeaderElection.java:logAndReturn(56)) - s1@group-5BD3E7F27A57-LeaderElection124: Election TIMEOUT; received 1 response(s) [s1<-s0#0:FAIL-t352] and 0 exception(s); s1@group-5BD3E7F27A57:t352, leader=null, voted=s1, raftlog=s1@group-5BD3E7F27A57-SegmentedRaftLog:OPENED:c2,f3,i3, conf=2: [s0:0.0.0.0:41468, s1:0.0.0.0:41619, s2:0.0.0.0:44382], old=null
2019-09-26 09:50:28,407 INFO  impl.LeaderElection (LeaderElection.java:askForVotes(178)) - s1@group-5BD3E7F27A57-LeaderElection124: begin an election at term 353 for 2: [s0:0.0.0.0:41468, s1:0.0.0.0:41619, s2:0.0.0.0:44382], old=null
2019-09-26 09:50:28,408 DEBUG impl.RaftServerImpl (RaftServerImpl.java:requestVote(743)) - s0@group-5BD3E7F27A57: receive requestVote(s1, group-5BD3E7F27A57, 353, (t:3, i:3))
2019-09-26 09:50:28,408 INFO  impl.RaftServerImpl (RaftServerImpl.java:setRole(170)) - s0@group-5BD3E7F27A57: changes role from  FOLLOWER to FOLLOWER at term 353 for recognizeCandidate:s1
2019-09-26 09:50:28,408 INFO  impl.RoleInfo (RoleInfo.java:shutdownFollowerState(121)) - s0: shutdown FollowerState
2019-09-26 09:50:28,408 INFO  impl.RoleInfo (RoleInfo.java:updateAndGet(143)) - s0: start FollowerState
2019-09-26 09:50:28,408 INFO  impl.FollowerState (FollowerState.java:run(117)) - s0@group-5BD3E7F27A57-FollowerState was interrupted: java.lang.InterruptedException: sleep interrupted
2019-09-26 09:50:28,421 DEBUG impl.RaftServerImpl (RaftServerImpl.java:requestVote(775)) - s0@group-5BD3E7F27A57 replies to vote request: s1<-s0#0:FAIL-t353. Peer's state: s0@group-5BD3E7F27A57:t353, leader=null, voted=null, raftlog=s0@group-5BD3E7F27A57-SegmentedRaftLog:OPENED:c3,f4,i4, conf=3: [s0:0.0.0.0:41468, s1:0.0.0.0:41619, s2:0.0.0.0:44382], old=null
2019-09-26 09:50:28,459 INFO  impl.LeaderElection (LeaderElection.java:logAndReturn(56)) - s2@group-5BD3E7F27A57-LeaderElection125: Election TIMEOUT; received 1 response(s) [s2<-s0#0:FAIL-t352] and 0 exception(s); s2@group-5BD3E7F27A57:t352, leader=null, voted=s2, raftlog=s2@group-5BD3E7F27A57-SegmentedRaftLog:OPENED:c1,f3,i3, conf=3: [s0:0.0.0.0:41468, s1:0.0.0.0:41619, s2:0.0.0.0:44382], old=null
2019-09-26 09:50:28,471 INFO  impl.LeaderElection (LeaderElection.java:askForVotes(178)) - s2@group-5BD3E7F27A57-LeaderElection125: begin an election at term 353 for 3: [s0:0.0.0.0:41468, s1:0.0.0.0:41619, s2:0.0.0.0:44382], old=null
2019-09-26 09:50:28,472 DEBUG impl.RaftServerImpl (RaftServerImpl.java:requestVote(743)) - s0@group-5BD3E7F27A57: receive requestVote(s2, group-5BD3E7F27A57, 353, (t:4, i:3))
2019-09-26 09:50:28,472 INFO  impl.RaftServerImpl (RaftServerImpl.java:setRole(170)) - s0@group-5BD3E7F27A57: changes role from  FOLLOWER to FOLLOWER at term 353 for recognizeCandidate:s2
2019-09-26 09:50:28,472 INFO  impl.RoleInfo (RoleInfo.java:shutdownFollowerState(121)) - s0: shutdown FollowerState
2019-09-26 09:50:28,473 INFO  impl.RoleInfo (RoleInfo.java:updateAndGet(143)) - s0: start FollowerState
2019-09-26 09:50:28,473 INFO  impl.FollowerState (FollowerState.java:run(117)) - s0@group-5BD3E7F27A57-FollowerState was interrupted: java.lang.InterruptedException: sleep interrupted
2019-09-26 09:50:28,473 DEBUG impl.RaftServerImpl (RaftServerImpl.java:requestVote(775)) - s0@group-5BD3E7F27A57 replies to vote request: s2<-s0#0:FAIL-t353. Peer's state: s0@group-5BD3E7F27A57:t353, leader=null, voted=null, raftlog=s0@group-5BD3E7F27A57-SegmentedRaftLog:OPENED:c3,f4,i4, conf=3: [s0:0.0.0.0:41468, s1:0.0.0.0:41619, s2:0.0.0.0:44382], old=null
2019-09-26 09:50:28,482 WARN  ratis.RaftTestUtil (JavaUtils.java:attempt(158)) - FAILED "waitForLeader-null-(expectLeader? true)", attempt #13/100: java.lang.IllegalStateException: No leader yet : printing ALL groups
  s0:  RUNNING  FOLLOWER s0@group-5BD3E7F27A57:t353, leader=null, voted=null, raftlog=s0@group-5BD3E7F27A57-SegmentedRaftLog:OPENED:c3,f4,i4, conf=3: [s0:0.0.0.0:41468, s1:0.0.0.0:41619, s2:0.0.0.0:44382], old=null RUNNING
  s1:  RUNNING CANDIDATE s1@group-5BD3E7F27A57:t353, leader=null, voted=s1, raftlog=s1@group-5BD3E7F27A57-SegmentedRaftLog:OPENED:c2,f3,i3, conf=2: [s0:0.0.0.0:41468, s1:0.0.0.0:41619, s2:0.0.0.0:44382], old=null RUNNING
  s2:  RUNNING CANDIDATE s2@group-5BD3E7F27A57:t353, leader=null, voted=s2, raftlog=s2@group-5BD3E7F27A57-SegmentedRaftLog:OPENED:c1,f3,i3, conf=3: [s0:0.0.0.0:41468, s1:0.0.0.0:41619, s2:0.0.0.0:44382], old=null RUNNING, sleep 450ms and then retry.
java.lang.IllegalStateException: No leader yet : printing ALL groups
  s0:  RUNNING  FOLLOWER s0@group-5BD3E7F27A57:t353, leader=null, voted=null, raftlog=s0@group-5BD3E7F27A57-SegmentedRaftLog:OPENED:c3,f4,i4, conf=3: [s0:0.0.0.0:41468, s1:0.0.0.0:41619, s2:0.0.0.0:44382], old=null RUNNING
  s1:  RUNNING CANDIDATE s1@group-5BD3E7F27A57:t353, leader=null, voted=s1, raftlog=s1@group-5BD3E7F27A57-SegmentedRaftLog:OPENED:c2,f3,i3, conf=2: [s0:0.0.0.0:41468, s1:0.0.0.0:41619, s2:0.0.0.0:44382], old=null RUNNING
  s2:  RUNNING CANDIDATE s2@group-5BD3E7F27A57:t353, leader=null, voted=s2, raftlog=s2@group-5BD3E7F27A57-SegmentedRaftLog:OPENED:c1,f3,i3, conf=3: [s0:0.0.0.0:41468, s1:0.0.0.0:41619, s2:0.0.0.0:44382], old=null RUNNING
	at org.apache.ratis.MiniRaftCluster.newIllegalStateExceptionForNoLeaders(MiniRaftCluster.java:506)
	at org.apache.ratis.RaftTestUtil.lambda$waitForLeader$1(RaftTestUtil.java:90)
	at org.apache.ratis.MiniRaftCluster.getLeader(MiniRaftCluster.java:539)
	at org.apache.ratis.MiniRaftCluster.getLeader(MiniRaftCluster.java:532)
	at org.apache.ratis.RaftTestUtil.lambda$waitForLeader$3(RaftTestUtil.java:98)
	at org.apache.ratis.util.JavaUtils.attempt(JavaUtils.java:152)
	at org.apache.ratis.RaftTestUtil.waitForLeader(RaftTestUtil.java:97)
	at org.apache.ratis.RaftTestUtil.waitForLeader(RaftTestUtil.java:77)
	at org.apache.ratis.RaftTestUtil.waitForLeader(RaftTestUtil.java:72)
	at org.apache.ratis.RaftTestUtil.lambda$changeLeader$7(RaftTestUtil.java:363)
	at org.apache.ratis.util.JavaUtils.attempt(JavaUtils.java:152)
	at org.apache.ratis.RaftTestUtil.changeLeader(RaftTestUtil.java:362)
	at org.apache.ratis.server.impl.LeaderElectionTests.testChangeLeader(LeaderElectionTests.java:81)
	at sun.reflect.NativeMethodAccessorImpl.invoke0(Native Method)
	at sun.reflect.NativeMethodAccessorImpl.invoke(NativeMethodAccessorImpl.java:62)
	at sun.reflect.DelegatingMethodAccessorImpl.invoke(DelegatingMethodAccessorImpl.java:43)
	at java.lang.reflect.Method.invoke(Method.java:498)
	at org.junit.runners.model.FrameworkMethod$1.runReflectiveCall(FrameworkMethod.java:50)
	at org.junit.internal.runners.model.ReflectiveCallable.run(ReflectiveCallable.java:12)
	at org.junit.runners.model.FrameworkMethod.invokeExplosively(FrameworkMethod.java:47)
	at org.junit.internal.runners.statements.InvokeMethod.evaluate(InvokeMethod.java:17)
	at org.junit.internal.runners.statements.RunAfters.evaluate(RunAfters.java:27)
	at org.junit.internal.runners.statements.FailOnTimeout$CallableStatement.call(FailOnTimeout.java:298)
	at org.junit.internal.runners.statements.FailOnTimeout$CallableStatement.call(FailOnTimeout.java:292)
	at java.util.concurrent.FutureTask.run(FutureTask.java:266)
	at java.lang.Thread.run(Thread.java:748)
2019-09-26 09:50:28,624 INFO  impl.LeaderElection (LeaderElection.java:logAndReturn(56)) - s1@group-5BD3E7F27A57-LeaderElection124: Election TIMEOUT; received 1 response(s) [s1<-s0#0:FAIL-t353] and 0 exception(s); s1@group-5BD3E7F27A57:t353, leader=null, voted=s1, raftlog=s1@group-5BD3E7F27A57-SegmentedRaftLog:OPENED:c2,f3,i3, conf=2: [s0:0.0.0.0:41468, s1:0.0.0.0:41619, s2:0.0.0.0:44382], old=null
2019-09-26 09:50:28,637 INFO  impl.LeaderElection (LeaderElection.java:askForVotes(178)) - s1@group-5BD3E7F27A57-LeaderElection124: begin an election at term 354 for 2: [s0:0.0.0.0:41468, s1:0.0.0.0:41619, s2:0.0.0.0:44382], old=null
2019-09-26 09:50:28,638 DEBUG impl.RaftServerImpl (RaftServerImpl.java:requestVote(743)) - s0@group-5BD3E7F27A57: receive requestVote(s1, group-5BD3E7F27A57, 354, (t:3, i:3))
2019-09-26 09:50:28,638 INFO  impl.RaftServerImpl (RaftServerImpl.java:setRole(170)) - s0@group-5BD3E7F27A57: changes role from  FOLLOWER to FOLLOWER at term 354 for recognizeCandidate:s1
2019-09-26 09:50:28,638 INFO  impl.RoleInfo (RoleInfo.java:shutdownFollowerState(121)) - s0: shutdown FollowerState
2019-09-26 09:50:28,638 INFO  impl.RoleInfo (RoleInfo.java:updateAndGet(143)) - s0: start FollowerState
2019-09-26 09:50:28,638 INFO  impl.FollowerState (FollowerState.java:run(117)) - s0@group-5BD3E7F27A57-FollowerState was interrupted: java.lang.InterruptedException: sleep interrupted
2019-09-26 09:50:28,658 DEBUG impl.RaftServerImpl (RaftServerImpl.java:requestVote(775)) - s0@group-5BD3E7F27A57 replies to vote request: s1<-s0#0:FAIL-t354. Peer's state: s0@group-5BD3E7F27A57:t354, leader=null, voted=null, raftlog=s0@group-5BD3E7F27A57-SegmentedRaftLog:OPENED:c3,f4,i4, conf=3: [s0:0.0.0.0:41468, s1:0.0.0.0:41619, s2:0.0.0.0:44382], old=null
2019-09-26 09:50:28,746 INFO  impl.LeaderElection (LeaderElection.java:logAndReturn(56)) - s2@group-5BD3E7F27A57-LeaderElection125: Election TIMEOUT; received 1 response(s) [s2<-s0#0:FAIL-t353] and 0 exception(s); s2@group-5BD3E7F27A57:t353, leader=null, voted=s2, raftlog=s2@group-5BD3E7F27A57-SegmentedRaftLog:OPENED:c1,f3,i3, conf=3: [s0:0.0.0.0:41468, s1:0.0.0.0:41619, s2:0.0.0.0:44382], old=null
2019-09-26 09:50:28,758 INFO  impl.LeaderElection (LeaderElection.java:askForVotes(178)) - s2@group-5BD3E7F27A57-LeaderElection125: begin an election at term 354 for 3: [s0:0.0.0.0:41468, s1:0.0.0.0:41619, s2:0.0.0.0:44382], old=null
2019-09-26 09:50:28,759 DEBUG impl.RaftServerImpl (RaftServerImpl.java:requestVote(743)) - s0@group-5BD3E7F27A57: receive requestVote(s2, group-5BD3E7F27A57, 354, (t:4, i:3))
2019-09-26 09:50:28,759 INFO  impl.RaftServerImpl (RaftServerImpl.java:setRole(170)) - s0@group-5BD3E7F27A57: changes role from  FOLLOWER to FOLLOWER at term 354 for recognizeCandidate:s2
2019-09-26 09:50:28,759 INFO  impl.RoleInfo (RoleInfo.java:shutdownFollowerState(121)) - s0: shutdown FollowerState
2019-09-26 09:50:28,759 INFO  impl.RoleInfo (RoleInfo.java:updateAndGet(143)) - s0: start FollowerState
2019-09-26 09:50:28,759 INFO  impl.FollowerState (FollowerState.java:run(117)) - s0@group-5BD3E7F27A57-FollowerState was interrupted: java.lang.InterruptedException: sleep interrupted
2019-09-26 09:50:28,759 DEBUG impl.RaftServerImpl (RaftServerImpl.java:requestVote(775)) - s0@group-5BD3E7F27A57 replies to vote request: s2<-s0#0:FAIL-t354. Peer's state: s0@group-5BD3E7F27A57:t354, leader=null, voted=null, raftlog=s0@group-5BD3E7F27A57-SegmentedRaftLog:OPENED:c3,f4,i4, conf=3: [s0:0.0.0.0:41468, s1:0.0.0.0:41619, s2:0.0.0.0:44382], old=null
2019-09-26 09:50:28,795 INFO  impl.LeaderElection (LeaderElection.java:logAndReturn(56)) - s1@group-5BD3E7F27A57-LeaderElection124: Election TIMEOUT; received 1 response(s) [s1<-s0#0:FAIL-t354] and 0 exception(s); s1@group-5BD3E7F27A57:t354, leader=null, voted=s1, raftlog=s1@group-5BD3E7F27A57-SegmentedRaftLog:OPENED:c2,f3,i3, conf=2: [s0:0.0.0.0:41468, s1:0.0.0.0:41619, s2:0.0.0.0:44382], old=null
2019-09-26 09:50:28,809 INFO  impl.LeaderElection (LeaderElection.java:askForVotes(178)) - s1@group-5BD3E7F27A57-LeaderElection124: begin an election at term 355 for 2: [s0:0.0.0.0:41468, s1:0.0.0.0:41619, s2:0.0.0.0:44382], old=null
2019-09-26 09:50:28,810 DEBUG impl.RaftServerImpl (RaftServerImpl.java:requestVote(743)) - s0@group-5BD3E7F27A57: receive requestVote(s1, group-5BD3E7F27A57, 355, (t:3, i:3))
2019-09-26 09:50:28,810 INFO  impl.RaftServerImpl (RaftServerImpl.java:setRole(170)) - s0@group-5BD3E7F27A57: changes role from  FOLLOWER to FOLLOWER at term 355 for recognizeCandidate:s1
2019-09-26 09:50:28,810 INFO  impl.RoleInfo (RoleInfo.java:shutdownFollowerState(121)) - s0: shutdown FollowerState
2019-09-26 09:50:28,810 INFO  impl.RoleInfo (RoleInfo.java:updateAndGet(143)) - s0: start FollowerState
2019-09-26 09:50:28,810 INFO  impl.FollowerState (FollowerState.java:run(117)) - s0@group-5BD3E7F27A57-FollowerState was interrupted: java.lang.InterruptedException: sleep interrupted
2019-09-26 09:50:28,824 DEBUG impl.RaftServerImpl (RaftServerImpl.java:requestVote(775)) - s0@group-5BD3E7F27A57 replies to vote request: s1<-s0#0:FAIL-t355. Peer's state: s0@group-5BD3E7F27A57:t355, leader=null, voted=null, raftlog=s0@group-5BD3E7F27A57-SegmentedRaftLog:OPENED:c3,f4,i4, conf=3: [s0:0.0.0.0:41468, s1:0.0.0.0:41619, s2:0.0.0.0:44382], old=null
2019-09-26 09:50:28,933 WARN  ratis.RaftTestUtil (JavaUtils.java:attempt(158)) - FAILED "waitForLeader-null-(expectLeader? true)", attempt #14/100: java.lang.IllegalStateException: No leader yet : printing ALL groups
  s0:  RUNNING  FOLLOWER s0@group-5BD3E7F27A57:t355, leader=null, voted=null, raftlog=s0@group-5BD3E7F27A57-SegmentedRaftLog:OPENED:c3,f4,i4, conf=3: [s0:0.0.0.0:41468, s1:0.0.0.0:41619, s2:0.0.0.0:44382], old=null RUNNING
  s1:  RUNNING CANDIDATE s1@group-5BD3E7F27A57:t355, leader=null, voted=s1, raftlog=s1@group-5BD3E7F27A57-SegmentedRaftLog:OPENED:c2,f3,i3, conf=2: [s0:0.0.0.0:41468, s1:0.0.0.0:41619, s2:0.0.0.0:44382], old=null RUNNING
  s2:  RUNNING CANDIDATE s2@group-5BD3E7F27A57:t354, leader=null, voted=s2, raftlog=s2@group-5BD3E7F27A57-SegmentedRaftLog:OPENED:c1,f3,i3, conf=3: [s0:0.0.0.0:41468, s1:0.0.0.0:41619, s2:0.0.0.0:44382], old=null RUNNING, sleep 450ms and then retry.
java.lang.IllegalStateException: No leader yet : printing ALL groups
  s0:  RUNNING  FOLLOWER s0@group-5BD3E7F27A57:t355, leader=null, voted=null, raftlog=s0@group-5BD3E7F27A57-SegmentedRaftLog:OPENED:c3,f4,i4, conf=3: [s0:0.0.0.0:41468, s1:0.0.0.0:41619, s2:0.0.0.0:44382], old=null RUNNING
  s1:  RUNNING CANDIDATE s1@group-5BD3E7F27A57:t355, leader=null, voted=s1, raftlog=s1@group-5BD3E7F27A57-SegmentedRaftLog:OPENED:c2,f3,i3, conf=2: [s0:0.0.0.0:41468, s1:0.0.0.0:41619, s2:0.0.0.0:44382], old=null RUNNING
  s2:  RUNNING CANDIDATE s2@group-5BD3E7F27A57:t354, leader=null, voted=s2, raftlog=s2@group-5BD3E7F27A57-SegmentedRaftLog:OPENED:c1,f3,i3, conf=3: [s0:0.0.0.0:41468, s1:0.0.0.0:41619, s2:0.0.0.0:44382], old=null RUNNING
	at org.apache.ratis.MiniRaftCluster.newIllegalStateExceptionForNoLeaders(MiniRaftCluster.java:506)
	at org.apache.ratis.RaftTestUtil.lambda$waitForLeader$1(RaftTestUtil.java:90)
	at org.apache.ratis.MiniRaftCluster.getLeader(MiniRaftCluster.java:539)
	at org.apache.ratis.MiniRaftCluster.getLeader(MiniRaftCluster.java:532)
	at org.apache.ratis.RaftTestUtil.lambda$waitForLeader$3(RaftTestUtil.java:98)
	at org.apache.ratis.util.JavaUtils.attempt(JavaUtils.java:152)
	at org.apache.ratis.RaftTestUtil.waitForLeader(RaftTestUtil.java:97)
	at org.apache.ratis.RaftTestUtil.waitForLeader(RaftTestUtil.java:77)
	at org.apache.ratis.RaftTestUtil.waitForLeader(RaftTestUtil.java:72)
	at org.apache.ratis.RaftTestUtil.lambda$changeLeader$7(RaftTestUtil.java:363)
	at org.apache.ratis.util.JavaUtils.attempt(JavaUtils.java:152)
	at org.apache.ratis.RaftTestUtil.changeLeader(RaftTestUtil.java:362)
	at org.apache.ratis.server.impl.LeaderElectionTests.testChangeLeader(LeaderElectionTests.java:81)
	at sun.reflect.NativeMethodAccessorImpl.invoke0(Native Method)
	at sun.reflect.NativeMethodAccessorImpl.invoke(NativeMethodAccessorImpl.java:62)
	at sun.reflect.DelegatingMethodAccessorImpl.invoke(DelegatingMethodAccessorImpl.java:43)
	at java.lang.reflect.Method.invoke(Method.java:498)
	at org.junit.runners.model.FrameworkMethod$1.runReflectiveCall(FrameworkMethod.java:50)
	at org.junit.internal.runners.model.ReflectiveCallable.run(ReflectiveCallable.java:12)
	at org.junit.runners.model.FrameworkMethod.invokeExplosively(FrameworkMethod.java:47)
	at org.junit.internal.runners.statements.InvokeMethod.evaluate(InvokeMethod.java:17)
	at org.junit.internal.runners.statements.RunAfters.evaluate(RunAfters.java:27)
	at org.junit.internal.runners.statements.FailOnTimeout$CallableStatement.call(FailOnTimeout.java:298)
	at org.junit.internal.runners.statements.FailOnTimeout$CallableStatement.call(FailOnTimeout.java:292)
	at java.util.concurrent.FutureTask.run(FutureTask.java:266)
	at java.lang.Thread.run(Thread.java:748)
2019-09-26 09:50:28,978 INFO  impl.LeaderElection (LeaderElection.java:logAndReturn(56)) - s2@group-5BD3E7F27A57-LeaderElection125: Election TIMEOUT; received 1 response(s) [s2<-s0#0:FAIL-t354] and 0 exception(s); s2@group-5BD3E7F27A57:t354, leader=null, voted=s2, raftlog=s2@group-5BD3E7F27A57-SegmentedRaftLog:OPENED:c1,f3,i3, conf=3: [s0:0.0.0.0:41468, s1:0.0.0.0:41619, s2:0.0.0.0:44382], old=null
2019-09-26 09:50:28,988 INFO  impl.LeaderElection (LeaderElection.java:askForVotes(178)) - s2@group-5BD3E7F27A57-LeaderElection125: begin an election at term 355 for 3: [s0:0.0.0.0:41468, s1:0.0.0.0:41619, s2:0.0.0.0:44382], old=null
2019-09-26 09:50:28,988 DEBUG impl.RaftServerImpl (RaftServerImpl.java:requestVote(743)) - s0@group-5BD3E7F27A57: receive requestVote(s2, group-5BD3E7F27A57, 355, (t:4, i:3))
2019-09-26 09:50:28,989 INFO  impl.RaftServerImpl (RaftServerImpl.java:setRole(170)) - s0@group-5BD3E7F27A57: changes role from  FOLLOWER to FOLLOWER at term 355 for recognizeCandidate:s2
2019-09-26 09:50:28,989 INFO  impl.RoleInfo (RoleInfo.java:shutdownFollowerState(121)) - s0: shutdown FollowerState
2019-09-26 09:50:28,989 INFO  impl.RoleInfo (RoleInfo.java:updateAndGet(143)) - s0: start FollowerState
2019-09-26 09:50:28,989 INFO  impl.FollowerState (FollowerState.java:run(117)) - s0@group-5BD3E7F27A57-FollowerState was interrupted: java.lang.InterruptedException: sleep interrupted
2019-09-26 09:50:28,989 DEBUG impl.RaftServerImpl (RaftServerImpl.java:requestVote(775)) - s0@group-5BD3E7F27A57 replies to vote request: s2<-s0#0:FAIL-t355. Peer's state: s0@group-5BD3E7F27A57:t355, leader=null, voted=null, raftlog=s0@group-5BD3E7F27A57-SegmentedRaftLog:OPENED:c3,f4,i4, conf=3: [s0:0.0.0.0:41468, s1:0.0.0.0:41619, s2:0.0.0.0:44382], old=null
2019-09-26 09:50:29,083 INFO  impl.LeaderElection (LeaderElection.java:logAndReturn(56)) - s1@group-5BD3E7F27A57-LeaderElection124: Election TIMEOUT; received 1 response(s) [s1<-s0#0:FAIL-t355] and 0 exception(s); s1@group-5BD3E7F27A57:t355, leader=null, voted=s1, raftlog=s1@group-5BD3E7F27A57-SegmentedRaftLog:OPENED:c2,f3,i3, conf=2: [s0:0.0.0.0:41468, s1:0.0.0.0:41619, s2:0.0.0.0:44382], old=null
2019-09-26 09:50:29,097 INFO  impl.LeaderElection (LeaderElection.java:askForVotes(178)) - s1@group-5BD3E7F27A57-LeaderElection124: begin an election at term 356 for 2: [s0:0.0.0.0:41468, s1:0.0.0.0:41619, s2:0.0.0.0:44382], old=null
2019-09-26 09:50:29,098 DEBUG impl.RaftServerImpl (RaftServerImpl.java:requestVote(743)) - s0@group-5BD3E7F27A57: receive requestVote(s1, group-5BD3E7F27A57, 356, (t:3, i:3))
2019-09-26 09:50:29,098 INFO  impl.RaftServerImpl (RaftServerImpl.java:setRole(170)) - s0@group-5BD3E7F27A57: changes role from  FOLLOWER to FOLLOWER at term 356 for recognizeCandidate:s1
2019-09-26 09:50:29,098 INFO  impl.RoleInfo (RoleInfo.java:shutdownFollowerState(121)) - s0: shutdown FollowerState
2019-09-26 09:50:29,098 INFO  impl.RoleInfo (RoleInfo.java:updateAndGet(143)) - s0: start FollowerState
2019-09-26 09:50:29,098 INFO  impl.FollowerState (FollowerState.java:run(117)) - s0@group-5BD3E7F27A57-FollowerState was interrupted: java.lang.InterruptedException: sleep interrupted
2019-09-26 09:50:29,110 DEBUG impl.RaftServerImpl (RaftServerImpl.java:requestVote(775)) - s0@group-5BD3E7F27A57 replies to vote request: s1<-s0#0:FAIL-t356. Peer's state: s0@group-5BD3E7F27A57:t356, leader=null, voted=null, raftlog=s0@group-5BD3E7F27A57-SegmentedRaftLog:OPENED:c3,f4,i4, conf=3: [s0:0.0.0.0:41468, s1:0.0.0.0:41619, s2:0.0.0.0:44382], old=null
2019-09-26 09:50:29,157 INFO  impl.LeaderElection (LeaderElection.java:logAndReturn(56)) - s2@group-5BD3E7F27A57-LeaderElection125: Election TIMEOUT; received 1 response(s) [s2<-s0#0:FAIL-t355] and 0 exception(s); s2@group-5BD3E7F27A57:t355, leader=null, voted=s2, raftlog=s2@group-5BD3E7F27A57-SegmentedRaftLog:OPENED:c1,f3,i3, conf=3: [s0:0.0.0.0:41468, s1:0.0.0.0:41619, s2:0.0.0.0:44382], old=null
2019-09-26 09:50:29,165 INFO  impl.LeaderElection (LeaderElection.java:askForVotes(178)) - s2@group-5BD3E7F27A57-LeaderElection125: begin an election at term 356 for 3: [s0:0.0.0.0:41468, s1:0.0.0.0:41619, s2:0.0.0.0:44382], old=null
2019-09-26 09:50:29,166 DEBUG impl.RaftServerImpl (RaftServerImpl.java:requestVote(743)) - s0@group-5BD3E7F27A57: receive requestVote(s2, group-5BD3E7F27A57, 356, (t:4, i:3))
2019-09-26 09:50:29,166 INFO  impl.RaftServerImpl (RaftServerImpl.java:setRole(170)) - s0@group-5BD3E7F27A57: changes role from  FOLLOWER to FOLLOWER at term 356 for recognizeCandidate:s2
2019-09-26 09:50:29,166 INFO  impl.RoleInfo (RoleInfo.java:shutdownFollowerState(121)) - s0: shutdown FollowerState
2019-09-26 09:50:29,166 INFO  impl.RoleInfo (RoleInfo.java:updateAndGet(143)) - s0: start FollowerState
2019-09-26 09:50:29,166 INFO  impl.FollowerState (FollowerState.java:run(117)) - s0@group-5BD3E7F27A57-FollowerState was interrupted: java.lang.InterruptedException: sleep interrupted
2019-09-26 09:50:29,166 DEBUG impl.RaftServerImpl (RaftServerImpl.java:requestVote(775)) - s0@group-5BD3E7F27A57 replies to vote request: s2<-s0#0:FAIL-t356. Peer's state: s0@group-5BD3E7F27A57:t356, leader=null, voted=null, raftlog=s0@group-5BD3E7F27A57-SegmentedRaftLog:OPENED:c3,f4,i4, conf=3: [s0:0.0.0.0:41468, s1:0.0.0.0:41619, s2:0.0.0.0:44382], old=null
2019-09-26 09:50:29,295 INFO  impl.LeaderElection (LeaderElection.java:logAndReturn(56)) - s1@group-5BD3E7F27A57-LeaderElection124: Election TIMEOUT; received 1 response(s) [s1<-s0#0:FAIL-t356] and 0 exception(s); s1@group-5BD3E7F27A57:t356, leader=null, voted=s1, raftlog=s1@group-5BD3E7F27A57-SegmentedRaftLog:OPENED:c2,f3,i3, conf=2: [s0:0.0.0.0:41468, s1:0.0.0.0:41619, s2:0.0.0.0:44382], old=null
2019-09-26 09:50:29,309 INFO  impl.LeaderElection (LeaderElection.java:askForVotes(178)) - s1@group-5BD3E7F27A57-LeaderElection124: begin an election at term 357 for 2: [s0:0.0.0.0:41468, s1:0.0.0.0:41619, s2:0.0.0.0:44382], old=null
2019-09-26 09:50:29,310 DEBUG impl.RaftServerImpl (RaftServerImpl.java:requestVote(743)) - s0@group-5BD3E7F27A57: receive requestVote(s1, group-5BD3E7F27A57, 357, (t:3, i:3))
2019-09-26 09:50:29,310 INFO  impl.RaftServerImpl (RaftServerImpl.java:setRole(170)) - s0@group-5BD3E7F27A57: changes role from  FOLLOWER to FOLLOWER at term 357 for recognizeCandidate:s1
2019-09-26 09:50:29,310 INFO  impl.RoleInfo (RoleInfo.java:shutdownFollowerState(121)) - s0: shutdown FollowerState
2019-09-26 09:50:29,310 INFO  impl.RoleInfo (RoleInfo.java:updateAndGet(143)) - s0: start FollowerState
2019-09-26 09:50:29,310 INFO  impl.FollowerState (FollowerState.java:run(117)) - s0@group-5BD3E7F27A57-FollowerState was interrupted: java.lang.InterruptedException: sleep interrupted
2019-09-26 09:50:29,323 DEBUG impl.RaftServerImpl (RaftServerImpl.java:requestVote(775)) - s0@group-5BD3E7F27A57 replies to vote request: s1<-s0#0:FAIL-t357. Peer's state: s0@group-5BD3E7F27A57:t357, leader=null, voted=null, raftlog=s0@group-5BD3E7F27A57-SegmentedRaftLog:OPENED:c3,f4,i4, conf=3: [s0:0.0.0.0:41468, s1:0.0.0.0:41619, s2:0.0.0.0:44382], old=null
2019-09-26 09:50:29,384 WARN  ratis.RaftTestUtil (JavaUtils.java:attempt(158)) - FAILED "waitForLeader-null-(expectLeader? true)", attempt #15/100: java.lang.IllegalStateException: No leader yet : printing ALL groups
  s0:  RUNNING  FOLLOWER s0@group-5BD3E7F27A57:t357, leader=null, voted=null, raftlog=s0@group-5BD3E7F27A57-SegmentedRaftLog:OPENED:c3,f4,i4, conf=3: [s0:0.0.0.0:41468, s1:0.0.0.0:41619, s2:0.0.0.0:44382], old=null RUNNING
  s1:  RUNNING CANDIDATE s1@group-5BD3E7F27A57:t357, leader=null, voted=s1, raftlog=s1@group-5BD3E7F27A57-SegmentedRaftLog:OPENED:c2,f3,i3, conf=2: [s0:0.0.0.0:41468, s1:0.0.0.0:41619, s2:0.0.0.0:44382], old=null RUNNING
  s2:  RUNNING CANDIDATE s2@group-5BD3E7F27A57:t356, leader=null, voted=s2, raftlog=s2@group-5BD3E7F27A57-SegmentedRaftLog:OPENED:c1,f3,i3, conf=3: [s0:0.0.0.0:41468, s1:0.0.0.0:41619, s2:0.0.0.0:44382], old=null RUNNING, sleep 450ms and then retry.
java.lang.IllegalStateException: No leader yet : printing ALL groups
  s0:  RUNNING  FOLLOWER s0@group-5BD3E7F27A57:t357, leader=null, voted=null, raftlog=s0@group-5BD3E7F27A57-SegmentedRaftLog:OPENED:c3,f4,i4, conf=3: [s0:0.0.0.0:41468, s1:0.0.0.0:41619, s2:0.0.0.0:44382], old=null RUNNING
  s1:  RUNNING CANDIDATE s1@group-5BD3E7F27A57:t357, leader=null, voted=s1, raftlog=s1@group-5BD3E7F27A57-SegmentedRaftLog:OPENED:c2,f3,i3, conf=2: [s0:0.0.0.0:41468, s1:0.0.0.0:41619, s2:0.0.0.0:44382], old=null RUNNING
  s2:  RUNNING CANDIDATE s2@group-5BD3E7F27A57:t356, leader=null, voted=s2, raftlog=s2@group-5BD3E7F27A57-SegmentedRaftLog:OPENED:c1,f3,i3, conf=3: [s0:0.0.0.0:41468, s1:0.0.0.0:41619, s2:0.0.0.0:44382], old=null RUNNING
	at org.apache.ratis.MiniRaftCluster.newIllegalStateExceptionForNoLeaders(MiniRaftCluster.java:506)
	at org.apache.ratis.RaftTestUtil.lambda$waitForLeader$1(RaftTestUtil.java:90)
	at org.apache.ratis.MiniRaftCluster.getLeader(MiniRaftCluster.java:539)
	at org.apache.ratis.MiniRaftCluster.getLeader(MiniRaftCluster.java:532)
	at org.apache.ratis.RaftTestUtil.lambda$waitForLeader$3(RaftTestUtil.java:98)
	at org.apache.ratis.util.JavaUtils.attempt(JavaUtils.java:152)
	at org.apache.ratis.RaftTestUtil.waitForLeader(RaftTestUtil.java:97)
	at org.apache.ratis.RaftTestUtil.waitForLeader(RaftTestUtil.java:77)
	at org.apache.ratis.RaftTestUtil.waitForLeader(RaftTestUtil.java:72)
	at org.apache.ratis.RaftTestUtil.lambda$changeLeader$7(RaftTestUtil.java:363)
	at org.apache.ratis.util.JavaUtils.attempt(JavaUtils.java:152)
	at org.apache.ratis.RaftTestUtil.changeLeader(RaftTestUtil.java:362)
	at org.apache.ratis.server.impl.LeaderElectionTests.testChangeLeader(LeaderElectionTests.java:81)
	at sun.reflect.NativeMethodAccessorImpl.invoke0(Native Method)
	at sun.reflect.NativeMethodAccessorImpl.invoke(NativeMethodAccessorImpl.java:62)
	at sun.reflect.DelegatingMethodAccessorImpl.invoke(DelegatingMethodAccessorImpl.java:43)
	at java.lang.reflect.Method.invoke(Method.java:498)
	at org.junit.runners.model.FrameworkMethod$1.runReflectiveCall(FrameworkMethod.java:50)
	at org.junit.internal.runners.model.ReflectiveCallable.run(ReflectiveCallable.java:12)
	at org.junit.runners.model.FrameworkMethod.invokeExplosively(FrameworkMethod.java:47)
	at org.junit.internal.runners.statements.InvokeMethod.evaluate(InvokeMethod.java:17)
	at org.junit.internal.runners.statements.RunAfters.evaluate(RunAfters.java:27)
	at org.junit.internal.runners.statements.FailOnTimeout$CallableStatement.call(FailOnTimeout.java:298)
	at org.junit.internal.runners.statements.FailOnTimeout$CallableStatement.call(FailOnTimeout.java:292)
	at java.util.concurrent.FutureTask.run(FutureTask.java:266)
	at java.lang.Thread.run(Thread.java:748)
2019-09-26 09:50:29,450 INFO  impl.LeaderElection (LeaderElection.java:logAndReturn(56)) - s2@group-5BD3E7F27A57-LeaderElection125: Election TIMEOUT; received 1 response(s) [s2<-s0#0:FAIL-t356] and 0 exception(s); s2@group-5BD3E7F27A57:t356, leader=null, voted=s2, raftlog=s2@group-5BD3E7F27A57-SegmentedRaftLog:OPENED:c1,f3,i3, conf=3: [s0:0.0.0.0:41468, s1:0.0.0.0:41619, s2:0.0.0.0:44382], old=null
2019-09-26 09:50:29,463 INFO  impl.LeaderElection (LeaderElection.java:askForVotes(178)) - s2@group-5BD3E7F27A57-LeaderElection125: begin an election at term 357 for 3: [s0:0.0.0.0:41468, s1:0.0.0.0:41619, s2:0.0.0.0:44382], old=null
2019-09-26 09:50:29,463 DEBUG impl.RaftServerImpl (RaftServerImpl.java:requestVote(743)) - s0@group-5BD3E7F27A57: receive requestVote(s2, group-5BD3E7F27A57, 357, (t:4, i:3))
2019-09-26 09:50:29,463 INFO  impl.RaftServerImpl (RaftServerImpl.java:setRole(170)) - s0@group-5BD3E7F27A57: changes role from  FOLLOWER to FOLLOWER at term 357 for recognizeCandidate:s2
2019-09-26 09:50:29,464 INFO  impl.RoleInfo (RoleInfo.java:shutdownFollowerState(121)) - s0: shutdown FollowerState
2019-09-26 09:50:29,464 INFO  impl.RoleInfo (RoleInfo.java:updateAndGet(143)) - s0: start FollowerState
2019-09-26 09:50:29,464 INFO  impl.FollowerState (FollowerState.java:run(117)) - s0@group-5BD3E7F27A57-FollowerState was interrupted: java.lang.InterruptedException: sleep interrupted
2019-09-26 09:50:29,464 DEBUG impl.RaftServerImpl (RaftServerImpl.java:requestVote(775)) - s0@group-5BD3E7F27A57 replies to vote request: s2<-s0#0:FAIL-t357. Peer's state: s0@group-5BD3E7F27A57:t357, leader=null, voted=null, raftlog=s0@group-5BD3E7F27A57-SegmentedRaftLog:OPENED:c3,f4,i4, conf=3: [s0:0.0.0.0:41468, s1:0.0.0.0:41619, s2:0.0.0.0:44382], old=null
2019-09-26 09:50:29,520 INFO  impl.LeaderElection (LeaderElection.java:logAndReturn(56)) - s1@group-5BD3E7F27A57-LeaderElection124: Election TIMEOUT; received 1 response(s) [s1<-s0#0:FAIL-t357] and 0 exception(s); s1@group-5BD3E7F27A57:t357, leader=null, voted=s1, raftlog=s1@group-5BD3E7F27A57-SegmentedRaftLog:OPENED:c2,f3,i3, conf=2: [s0:0.0.0.0:41468, s1:0.0.0.0:41619, s2:0.0.0.0:44382], old=null
2019-09-26 09:50:29,527 INFO  impl.LeaderElection (LeaderElection.java:askForVotes(178)) - s1@group-5BD3E7F27A57-LeaderElection124: begin an election at term 358 for 2: [s0:0.0.0.0:41468, s1:0.0.0.0:41619, s2:0.0.0.0:44382], old=null
2019-09-26 09:50:29,528 DEBUG impl.RaftServerImpl (RaftServerImpl.java:requestVote(743)) - s0@group-5BD3E7F27A57: receive requestVote(s1, group-5BD3E7F27A57, 358, (t:3, i:3))
2019-09-26 09:50:29,528 INFO  impl.RaftServerImpl (RaftServerImpl.java:setRole(170)) - s0@group-5BD3E7F27A57: changes role from  FOLLOWER to FOLLOWER at term 358 for recognizeCandidate:s1
2019-09-26 09:50:29,528 INFO  impl.RoleInfo (RoleInfo.java:shutdownFollowerState(121)) - s0: shutdown FollowerState
2019-09-26 09:50:29,528 INFO  impl.RoleInfo (RoleInfo.java:updateAndGet(143)) - s0: start FollowerState
2019-09-26 09:50:29,528 INFO  impl.FollowerState (FollowerState.java:run(117)) - s0@group-5BD3E7F27A57-FollowerState was interrupted: java.lang.InterruptedException: sleep interrupted
2019-09-26 09:50:29,541 DEBUG impl.RaftServerImpl (RaftServerImpl.java:requestVote(775)) - s0@group-5BD3E7F27A57 replies to vote request: s1<-s0#0:FAIL-t358. Peer's state: s0@group-5BD3E7F27A57:t358, leader=null, voted=null, raftlog=s0@group-5BD3E7F27A57-SegmentedRaftLog:OPENED:c3,f4,i4, conf=3: [s0:0.0.0.0:41468, s1:0.0.0.0:41619, s2:0.0.0.0:44382], old=null
2019-09-26 09:50:29,709 INFO  impl.LeaderElection (LeaderElection.java:logAndReturn(56)) - s2@group-5BD3E7F27A57-LeaderElection125: Election TIMEOUT; received 1 response(s) [s2<-s0#0:FAIL-t357] and 0 exception(s); s2@group-5BD3E7F27A57:t357, leader=null, voted=s2, raftlog=s2@group-5BD3E7F27A57-SegmentedRaftLog:OPENED:c1,f3,i3, conf=3: [s0:0.0.0.0:41468, s1:0.0.0.0:41619, s2:0.0.0.0:44382], old=null
2019-09-26 09:50:29,723 INFO  impl.LeaderElection (LeaderElection.java:askForVotes(178)) - s2@group-5BD3E7F27A57-LeaderElection125: begin an election at term 358 for 3: [s0:0.0.0.0:41468, s1:0.0.0.0:41619, s2:0.0.0.0:44382], old=null
2019-09-26 09:50:29,724 DEBUG impl.RaftServerImpl (RaftServerImpl.java:requestVote(743)) - s0@group-5BD3E7F27A57: receive requestVote(s2, group-5BD3E7F27A57, 358, (t:4, i:3))
2019-09-26 09:50:29,724 INFO  impl.RaftServerImpl (RaftServerImpl.java:setRole(170)) - s0@group-5BD3E7F27A57: changes role from  FOLLOWER to FOLLOWER at term 358 for recognizeCandidate:s2
2019-09-26 09:50:29,724 INFO  impl.RoleInfo (RoleInfo.java:shutdownFollowerState(121)) - s0: shutdown FollowerState
2019-09-26 09:50:29,724 INFO  impl.RoleInfo (RoleInfo.java:updateAndGet(143)) - s0: start FollowerState
2019-09-26 09:50:29,725 INFO  impl.FollowerState (FollowerState.java:run(117)) - s0@group-5BD3E7F27A57-FollowerState was interrupted: java.lang.InterruptedException: sleep interrupted
2019-09-26 09:50:29,725 DEBUG impl.RaftServerImpl (RaftServerImpl.java:requestVote(775)) - s0@group-5BD3E7F27A57 replies to vote request: s2<-s0#0:FAIL-t358. Peer's state: s0@group-5BD3E7F27A57:t358, leader=null, voted=null, raftlog=s0@group-5BD3E7F27A57-SegmentedRaftLog:OPENED:c3,f4,i4, conf=3: [s0:0.0.0.0:41468, s1:0.0.0.0:41619, s2:0.0.0.0:44382], old=null
2019-09-26 09:50:29,825 INFO  impl.LeaderElection (LeaderElection.java:logAndReturn(56)) - s1@group-5BD3E7F27A57-LeaderElection124: Election TIMEOUT; received 1 response(s) [s1<-s0#0:FAIL-t358] and 0 exception(s); s1@group-5BD3E7F27A57:t358, leader=null, voted=s1, raftlog=s1@group-5BD3E7F27A57-SegmentedRaftLog:OPENED:c2,f3,i3, conf=2: [s0:0.0.0.0:41468, s1:0.0.0.0:41619, s2:0.0.0.0:44382], old=null
2019-09-26 09:50:29,828 INFO  impl.LeaderElection (LeaderElection.java:askForVotes(178)) - s1@group-5BD3E7F27A57-LeaderElection124: begin an election at term 359 for 2: [s0:0.0.0.0:41468, s1:0.0.0.0:41619, s2:0.0.0.0:44382], old=null
2019-09-26 09:50:29,828 DEBUG impl.RaftServerImpl (RaftServerImpl.java:requestVote(743)) - s0@group-5BD3E7F27A57: receive requestVote(s1, group-5BD3E7F27A57, 359, (t:3, i:3))
2019-09-26 09:50:29,828 INFO  impl.RaftServerImpl (RaftServerImpl.java:setRole(170)) - s0@group-5BD3E7F27A57: changes role from  FOLLOWER to FOLLOWER at term 359 for recognizeCandidate:s1
2019-09-26 09:50:29,829 INFO  impl.RoleInfo (RoleInfo.java:shutdownFollowerState(121)) - s0: shutdown FollowerState
2019-09-26 09:50:29,829 INFO  impl.RoleInfo (RoleInfo.java:updateAndGet(143)) - s0: start FollowerState
2019-09-26 09:50:29,829 INFO  impl.FollowerState (FollowerState.java:run(117)) - s0@group-5BD3E7F27A57-FollowerState was interrupted: java.lang.InterruptedException: sleep interrupted
2019-09-26 09:50:29,835 WARN  ratis.RaftTestUtil (JavaUtils.java:attempt(158)) - FAILED "waitForLeader-null-(expectLeader? true)", attempt #16/100: java.lang.IllegalStateException: No leader yet : printing ALL groups
  s0:  RUNNING  FOLLOWER s0@group-5BD3E7F27A57:t359, leader=null, voted=null, raftlog=s0@group-5BD3E7F27A57-SegmentedRaftLog:OPENED:c3,f4,i4, conf=3: [s0:0.0.0.0:41468, s1:0.0.0.0:41619, s2:0.0.0.0:44382], old=null RUNNING
  s1:  RUNNING CANDIDATE s1@group-5BD3E7F27A57:t359, leader=null, voted=s1, raftlog=s1@group-5BD3E7F27A57-SegmentedRaftLog:OPENED:c2,f3,i3, conf=2: [s0:0.0.0.0:41468, s1:0.0.0.0:41619, s2:0.0.0.0:44382], old=null RUNNING
  s2:  RUNNING CANDIDATE s2@group-5BD3E7F27A57:t358, leader=null, voted=s2, raftlog=s2@group-5BD3E7F27A57-SegmentedRaftLog:OPENED:c1,f3,i3, conf=3: [s0:0.0.0.0:41468, s1:0.0.0.0:41619, s2:0.0.0.0:44382], old=null RUNNING, sleep 450ms and then retry.
java.lang.IllegalStateException: No leader yet : printing ALL groups
  s0:  RUNNING  FOLLOWER s0@group-5BD3E7F27A57:t359, leader=null, voted=null, raftlog=s0@group-5BD3E7F27A57-SegmentedRaftLog:OPENED:c3,f4,i4, conf=3: [s0:0.0.0.0:41468, s1:0.0.0.0:41619, s2:0.0.0.0:44382], old=null RUNNING
  s1:  RUNNING CANDIDATE s1@group-5BD3E7F27A57:t359, leader=null, voted=s1, raftlog=s1@group-5BD3E7F27A57-SegmentedRaftLog:OPENED:c2,f3,i3, conf=2: [s0:0.0.0.0:41468, s1:0.0.0.0:41619, s2:0.0.0.0:44382], old=null RUNNING
  s2:  RUNNING CANDIDATE s2@group-5BD3E7F27A57:t358, leader=null, voted=s2, raftlog=s2@group-5BD3E7F27A57-SegmentedRaftLog:OPENED:c1,f3,i3, conf=3: [s0:0.0.0.0:41468, s1:0.0.0.0:41619, s2:0.0.0.0:44382], old=null RUNNING
	at org.apache.ratis.MiniRaftCluster.newIllegalStateExceptionForNoLeaders(MiniRaftCluster.java:506)
	at org.apache.ratis.RaftTestUtil.lambda$waitForLeader$1(RaftTestUtil.java:90)
	at org.apache.ratis.MiniRaftCluster.getLeader(MiniRaftCluster.java:539)
	at org.apache.ratis.MiniRaftCluster.getLeader(MiniRaftCluster.java:532)
	at org.apache.ratis.RaftTestUtil.lambda$waitForLeader$3(RaftTestUtil.java:98)
	at org.apache.ratis.util.JavaUtils.attempt(JavaUtils.java:152)
	at org.apache.ratis.RaftTestUtil.waitForLeader(RaftTestUtil.java:97)
	at org.apache.ratis.RaftTestUtil.waitForLeader(RaftTestUtil.java:77)
	at org.apache.ratis.RaftTestUtil.waitForLeader(RaftTestUtil.java:72)
	at org.apache.ratis.RaftTestUtil.lambda$changeLeader$7(RaftTestUtil.java:363)
	at org.apache.ratis.util.JavaUtils.attempt(JavaUtils.java:152)
	at org.apache.ratis.RaftTestUtil.changeLeader(RaftTestUtil.java:362)
	at org.apache.ratis.server.impl.LeaderElectionTests.testChangeLeader(LeaderElectionTests.java:81)
	at sun.reflect.NativeMethodAccessorImpl.invoke0(Native Method)
	at sun.reflect.NativeMethodAccessorImpl.invoke(NativeMethodAccessorImpl.java:62)
	at sun.reflect.DelegatingMethodAccessorImpl.invoke(DelegatingMethodAccessorImpl.java:43)
	at java.lang.reflect.Method.invoke(Method.java:498)
	at org.junit.runners.model.FrameworkMethod$1.runReflectiveCall(FrameworkMethod.java:50)
	at org.junit.internal.runners.model.ReflectiveCallable.run(ReflectiveCallable.java:12)
	at org.junit.runners.model.FrameworkMethod.invokeExplosively(FrameworkMethod.java:47)
	at org.junit.internal.runners.statements.InvokeMethod.evaluate(InvokeMethod.java:17)
	at org.junit.internal.runners.statements.RunAfters.evaluate(RunAfters.java:27)
	at org.junit.internal.runners.statements.FailOnTimeout$CallableStatement.call(FailOnTimeout.java:298)
	at org.junit.internal.runners.statements.FailOnTimeout$CallableStatement.call(FailOnTimeout.java:292)
	at java.util.concurrent.FutureTask.run(FutureTask.java:266)
	at java.lang.Thread.run(Thread.java:748)
2019-09-26 09:50:29,843 DEBUG impl.RaftServerImpl (RaftServerImpl.java:requestVote(775)) - s0@group-5BD3E7F27A57 replies to vote request: s1<-s0#0:FAIL-t359. Peer's state: s0@group-5BD3E7F27A57:t359, leader=null, voted=null, raftlog=s0@group-5BD3E7F27A57-SegmentedRaftLog:OPENED:c3,f4,i4, conf=3: [s0:0.0.0.0:41468, s1:0.0.0.0:41619, s2:0.0.0.0:44382], old=null
2019-09-26 09:50:29,984 INFO  impl.LeaderElection (LeaderElection.java:logAndReturn(56)) - s2@group-5BD3E7F27A57-LeaderElection125: Election TIMEOUT; received 1 response(s) [s2<-s0#0:FAIL-t358] and 0 exception(s); s2@group-5BD3E7F27A57:t358, leader=null, voted=s2, raftlog=s2@group-5BD3E7F27A57-SegmentedRaftLog:OPENED:c1,f3,i3, conf=3: [s0:0.0.0.0:41468, s1:0.0.0.0:41619, s2:0.0.0.0:44382], old=null
2019-09-26 09:50:29,986 INFO  impl.LeaderElection (LeaderElection.java:logAndReturn(56)) - s1@group-5BD3E7F27A57-LeaderElection124: Election TIMEOUT; received 1 response(s) [s1<-s0#0:FAIL-t359] and 0 exception(s); s1@group-5BD3E7F27A57:t359, leader=null, voted=s1, raftlog=s1@group-5BD3E7F27A57-SegmentedRaftLog:OPENED:c2,f3,i3, conf=2: [s0:0.0.0.0:41468, s1:0.0.0.0:41619, s2:0.0.0.0:44382], old=null
2019-09-26 09:50:29,998 INFO  impl.LeaderElection (LeaderElection.java:askForVotes(178)) - s2@group-5BD3E7F27A57-LeaderElection125: begin an election at term 359 for 3: [s0:0.0.0.0:41468, s1:0.0.0.0:41619, s2:0.0.0.0:44382], old=null
2019-09-26 09:50:29,998 INFO  impl.LeaderElection (LeaderElection.java:askForVotes(178)) - s1@group-5BD3E7F27A57-LeaderElection124: begin an election at term 360 for 2: [s0:0.0.0.0:41468, s1:0.0.0.0:41619, s2:0.0.0.0:44382], old=null
2019-09-26 09:50:29,998 DEBUG impl.RaftServerImpl (RaftServerImpl.java:requestVote(743)) - s0@group-5BD3E7F27A57: receive requestVote(s2, group-5BD3E7F27A57, 359, (t:4, i:3))
2019-09-26 09:50:29,999 INFO  impl.RaftServerImpl (RaftServerImpl.java:setRole(170)) - s0@group-5BD3E7F27A57: changes role from  FOLLOWER to FOLLOWER at term 359 for recognizeCandidate:s2
2019-09-26 09:50:29,999 INFO  impl.RoleInfo (RoleInfo.java:shutdownFollowerState(121)) - s0: shutdown FollowerState
2019-09-26 09:50:29,999 DEBUG impl.RaftServerImpl (RaftServerImpl.java:requestVote(743)) - s0@group-5BD3E7F27A57: receive requestVote(s1, group-5BD3E7F27A57, 360, (t:3, i:3))
2019-09-26 09:50:29,999 INFO  impl.FollowerState (FollowerState.java:run(117)) - s0@group-5BD3E7F27A57-FollowerState was interrupted: java.lang.InterruptedException: sleep interrupted
2019-09-26 09:50:29,999 INFO  impl.RoleInfo (RoleInfo.java:updateAndGet(143)) - s0: start FollowerState
2019-09-26 09:50:30,000 DEBUG impl.RaftServerImpl (RaftServerImpl.java:requestVote(775)) - s0@group-5BD3E7F27A57 replies to vote request: s2<-s0#0:FAIL-t359. Peer's state: s0@group-5BD3E7F27A57:t359, leader=null, voted=null, raftlog=s0@group-5BD3E7F27A57-SegmentedRaftLog:OPENED:c3,f4,i4, conf=3: [s0:0.0.0.0:41468, s1:0.0.0.0:41619, s2:0.0.0.0:44382], old=null
2019-09-26 09:50:30,000 INFO  impl.RaftServerImpl (RaftServerImpl.java:setRole(170)) - s0@group-5BD3E7F27A57: changes role from  FOLLOWER to FOLLOWER at term 360 for recognizeCandidate:s1
2019-09-26 09:50:30,000 INFO  impl.RoleInfo (RoleInfo.java:shutdownFollowerState(121)) - s0: shutdown FollowerState
2019-09-26 09:50:30,000 INFO  impl.RoleInfo (RoleInfo.java:updateAndGet(143)) - s0: start FollowerState
2019-09-26 09:50:30,000 INFO  impl.FollowerState (FollowerState.java:run(117)) - s0@group-5BD3E7F27A57-FollowerState was interrupted: java.lang.InterruptedException: sleep interrupted
2019-09-26 09:50:30,013 DEBUG impl.RaftServerImpl (RaftServerImpl.java:requestVote(775)) - s0@group-5BD3E7F27A57 replies to vote request: s1<-s0#0:FAIL-t360. Peer's state: s0@group-5BD3E7F27A57:t360, leader=null, voted=null, raftlog=s0@group-5BD3E7F27A57-SegmentedRaftLog:OPENED:c3,f4,i4, conf=3: [s0:0.0.0.0:41468, s1:0.0.0.0:41619, s2:0.0.0.0:44382], old=null
2019-09-26 09:50:30,252 INFO  impl.LeaderElection (LeaderElection.java:logAndReturn(56)) - s2@group-5BD3E7F27A57-LeaderElection125: Election TIMEOUT; received 1 response(s) [s2<-s0#0:FAIL-t359] and 0 exception(s); s2@group-5BD3E7F27A57:t359, leader=null, voted=s2, raftlog=s2@group-5BD3E7F27A57-SegmentedRaftLog:OPENED:c1,f3,i3, conf=3: [s0:0.0.0.0:41468, s1:0.0.0.0:41619, s2:0.0.0.0:44382], old=null
2019-09-26 09:50:30,253 INFO  impl.LeaderElection (LeaderElection.java:logAndReturn(56)) - s1@group-5BD3E7F27A57-LeaderElection124: Election TIMEOUT; received 1 response(s) [s1<-s0#0:FAIL-t360] and 0 exception(s); s1@group-5BD3E7F27A57:t360, leader=null, voted=s1, raftlog=s1@group-5BD3E7F27A57-SegmentedRaftLog:OPENED:c2,f3,i3, conf=2: [s0:0.0.0.0:41468, s1:0.0.0.0:41619, s2:0.0.0.0:44382], old=null
2019-09-26 09:50:30,266 INFO  impl.LeaderElection (LeaderElection.java:askForVotes(178)) - s1@group-5BD3E7F27A57-LeaderElection124: begin an election at term 361 for 2: [s0:0.0.0.0:41468, s1:0.0.0.0:41619, s2:0.0.0.0:44382], old=null
2019-09-26 09:50:30,266 INFO  impl.LeaderElection (LeaderElection.java:askForVotes(178)) - s2@group-5BD3E7F27A57-LeaderElection125: begin an election at term 360 for 3: [s0:0.0.0.0:41468, s1:0.0.0.0:41619, s2:0.0.0.0:44382], old=null
2019-09-26 09:50:30,266 DEBUG impl.RaftServerImpl (RaftServerImpl.java:requestVote(743)) - s0@group-5BD3E7F27A57: receive requestVote(s1, group-5BD3E7F27A57, 361, (t:3, i:3))
2019-09-26 09:50:30,266 DEBUG impl.RaftServerImpl (RaftServerImpl.java:requestVote(743)) - s0@group-5BD3E7F27A57: receive requestVote(s2, group-5BD3E7F27A57, 360, (t:4, i:3))
2019-09-26 09:50:30,266 INFO  impl.RaftServerImpl (RaftServerImpl.java:setRole(170)) - s0@group-5BD3E7F27A57: changes role from  FOLLOWER to FOLLOWER at term 361 for recognizeCandidate:s1
2019-09-26 09:50:30,267 INFO  impl.RoleInfo (RoleInfo.java:shutdownFollowerState(121)) - s0: shutdown FollowerState
2019-09-26 09:50:30,267 INFO  impl.RoleInfo (RoleInfo.java:updateAndGet(143)) - s0: start FollowerState
2019-09-26 09:50:30,267 INFO  impl.FollowerState (FollowerState.java:run(117)) - s0@group-5BD3E7F27A57-FollowerState was interrupted: java.lang.InterruptedException: sleep interrupted
2019-09-26 09:50:30,279 DEBUG impl.RaftServerImpl (RaftServerImpl.java:requestVote(775)) - s0@group-5BD3E7F27A57 replies to vote request: s1<-s0#0:FAIL-t361. Peer's state: s0@group-5BD3E7F27A57:t361, leader=null, voted=null, raftlog=s0@group-5BD3E7F27A57-SegmentedRaftLog:OPENED:c3,f4,i4, conf=3: [s0:0.0.0.0:41468, s1:0.0.0.0:41619, s2:0.0.0.0:44382], old=null
2019-09-26 09:50:30,280 DEBUG impl.RaftServerImpl (RaftServerImpl.java:requestVote(775)) - s0@group-5BD3E7F27A57 replies to vote request: s2<-s0#0:FAIL-t361. Peer's state: s0@group-5BD3E7F27A57:t361, leader=null, voted=null, raftlog=s0@group-5BD3E7F27A57-SegmentedRaftLog:OPENED:c3,f4,i4, conf=3: [s0:0.0.0.0:41468, s1:0.0.0.0:41619, s2:0.0.0.0:44382], old=null
2019-09-26 09:50:30,280 INFO  impl.LeaderElection (LeaderElection.java:logAndReturn(56)) - s2@group-5BD3E7F27A57-LeaderElection125: Election DISCOVERED_A_NEW_TERM; received 1 response(s) [s2<-s0#0:FAIL-t361] and 0 exception(s); s2@group-5BD3E7F27A57:t360, leader=null, voted=s2, raftlog=s2@group-5BD3E7F27A57-SegmentedRaftLog:OPENED:c1,f3,i3, conf=3: [s0:0.0.0.0:41468, s1:0.0.0.0:41619, s2:0.0.0.0:44382], old=null
2019-09-26 09:50:30,280 INFO  impl.RaftServerImpl (RaftServerImpl.java:setRole(170)) - s2@group-5BD3E7F27A57: changes role from CANDIDATE to FOLLOWER at term 361 for DISCOVERED_A_NEW_TERM
2019-09-26 09:50:30,280 INFO  impl.RoleInfo (RoleInfo.java:shutdownLeaderElection(134)) - s2: shutdown LeaderElection
2019-09-26 09:50:30,280 INFO  impl.RoleInfo (RoleInfo.java:updateAndGet(143)) - s2: start FollowerState
2019-09-26 09:50:30,286 WARN  ratis.RaftTestUtil (JavaUtils.java:attempt(158)) - FAILED "waitForLeader-null-(expectLeader? true)", attempt #17/100: java.lang.IllegalStateException: No leader yet : printing ALL groups
  s0:  RUNNING  FOLLOWER s0@group-5BD3E7F27A57:t361, leader=null, voted=null, raftlog=s0@group-5BD3E7F27A57-SegmentedRaftLog:OPENED:c3,f4,i4, conf=3: [s0:0.0.0.0:41468, s1:0.0.0.0:41619, s2:0.0.0.0:44382], old=null RUNNING
  s1:  RUNNING CANDIDATE s1@group-5BD3E7F27A57:t361, leader=null, voted=s1, raftlog=s1@group-5BD3E7F27A57-SegmentedRaftLog:OPENED:c2,f3,i3, conf=2: [s0:0.0.0.0:41468, s1:0.0.0.0:41619, s2:0.0.0.0:44382], old=null RUNNING
  s2:  RUNNING  FOLLOWER s2@group-5BD3E7F27A57:t361, leader=null, voted=null, raftlog=s2@group-5BD3E7F27A57-SegmentedRaftLog:OPENED:c1,f3,i3, conf=3: [s0:0.0.0.0:41468, s1:0.0.0.0:41619, s2:0.0.0.0:44382], old=null RUNNING, sleep 450ms and then retry.
java.lang.IllegalStateException: No leader yet : printing ALL groups
  s0:  RUNNING  FOLLOWER s0@group-5BD3E7F27A57:t361, leader=null, voted=null, raftlog=s0@group-5BD3E7F27A57-SegmentedRaftLog:OPENED:c3,f4,i4, conf=3: [s0:0.0.0.0:41468, s1:0.0.0.0:41619, s2:0.0.0.0:44382], old=null RUNNING
  s1:  RUNNING CANDIDATE s1@group-5BD3E7F27A57:t361, leader=null, voted=s1, raftlog=s1@group-5BD3E7F27A57-SegmentedRaftLog:OPENED:c2,f3,i3, conf=2: [s0:0.0.0.0:41468, s1:0.0.0.0:41619, s2:0.0.0.0:44382], old=null RUNNING
  s2:  RUNNING  FOLLOWER s2@group-5BD3E7F27A57:t361, leader=null, voted=null, raftlog=s2@group-5BD3E7F27A57-SegmentedRaftLog:OPENED:c1,f3,i3, conf=3: [s0:0.0.0.0:41468, s1:0.0.0.0:41619, s2:0.0.0.0:44382], old=null RUNNING
	at org.apache.ratis.MiniRaftCluster.newIllegalStateExceptionForNoLeaders(MiniRaftCluster.java:506)
	at org.apache.ratis.RaftTestUtil.lambda$waitForLeader$1(RaftTestUtil.java:90)
	at org.apache.ratis.MiniRaftCluster.getLeader(MiniRaftCluster.java:539)
	at org.apache.ratis.MiniRaftCluster.getLeader(MiniRaftCluster.java:532)
	at org.apache.ratis.RaftTestUtil.lambda$waitForLeader$3(RaftTestUtil.java:98)
	at org.apache.ratis.util.JavaUtils.attempt(JavaUtils.java:152)
	at org.apache.ratis.RaftTestUtil.waitForLeader(RaftTestUtil.java:97)
	at org.apache.ratis.RaftTestUtil.waitForLeader(RaftTestUtil.java:77)
	at org.apache.ratis.RaftTestUtil.waitForLeader(RaftTestUtil.java:72)
	at org.apache.ratis.RaftTestUtil.lambda$changeLeader$7(RaftTestUtil.java:363)
	at org.apache.ratis.util.JavaUtils.attempt(JavaUtils.java:152)
	at org.apache.ratis.RaftTestUtil.changeLeader(RaftTestUtil.java:362)
	at org.apache.ratis.server.impl.LeaderElectionTests.testChangeLeader(LeaderElectionTests.java:81)
	at sun.reflect.NativeMethodAccessorImpl.invoke0(Native Method)
	at sun.reflect.NativeMethodAccessorImpl.invoke(NativeMethodAccessorImpl.java:62)
	at sun.reflect.DelegatingMethodAccessorImpl.invoke(DelegatingMethodAccessorImpl.java:43)
	at java.lang.reflect.Method.invoke(Method.java:498)
	at org.junit.runners.model.FrameworkMethod$1.runReflectiveCall(FrameworkMethod.java:50)
	at org.junit.internal.runners.model.ReflectiveCallable.run(ReflectiveCallable.java:12)
	at org.junit.runners.model.FrameworkMethod.invokeExplosively(FrameworkMethod.java:47)
	at org.junit.internal.runners.statements.InvokeMethod.evaluate(InvokeMethod.java:17)
	at org.junit.internal.runners.statements.RunAfters.evaluate(RunAfters.java:27)
	at org.junit.internal.runners.statements.FailOnTimeout$CallableStatement.call(FailOnTimeout.java:298)
	at org.junit.internal.runners.statements.FailOnTimeout$CallableStatement.call(FailOnTimeout.java:292)
	at java.util.concurrent.FutureTask.run(FutureTask.java:266)
	at java.lang.Thread.run(Thread.java:748)
2019-09-26 09:50:30,461 INFO  impl.LeaderElection (LeaderElection.java:logAndReturn(56)) - s1@group-5BD3E7F27A57-LeaderElection124: Election TIMEOUT; received 1 response(s) [s1<-s0#0:FAIL-t361] and 0 exception(s); s1@group-5BD3E7F27A57:t361, leader=null, voted=s1, raftlog=s1@group-5BD3E7F27A57-SegmentedRaftLog:OPENED:c2,f3,i3, conf=2: [s0:0.0.0.0:41468, s1:0.0.0.0:41619, s2:0.0.0.0:44382], old=null
2019-09-26 09:50:30,475 INFO  impl.LeaderElection (LeaderElection.java:askForVotes(178)) - s1@group-5BD3E7F27A57-LeaderElection124: begin an election at term 362 for 2: [s0:0.0.0.0:41468, s1:0.0.0.0:41619, s2:0.0.0.0:44382], old=null
2019-09-26 09:50:30,475 DEBUG impl.RaftServerImpl (RaftServerImpl.java:requestVote(743)) - s0@group-5BD3E7F27A57: receive requestVote(s1, group-5BD3E7F27A57, 362, (t:3, i:3))
2019-09-26 09:50:30,476 INFO  impl.RaftServerImpl (RaftServerImpl.java:setRole(170)) - s0@group-5BD3E7F27A57: changes role from  FOLLOWER to FOLLOWER at term 362 for recognizeCandidate:s1
2019-09-26 09:50:30,476 INFO  impl.RoleInfo (RoleInfo.java:shutdownFollowerState(121)) - s0: shutdown FollowerState
2019-09-26 09:50:30,476 INFO  impl.RoleInfo (RoleInfo.java:updateAndGet(143)) - s0: start FollowerState
2019-09-26 09:50:30,476 INFO  impl.FollowerState (FollowerState.java:run(117)) - s0@group-5BD3E7F27A57-FollowerState was interrupted: java.lang.InterruptedException: sleep interrupted
2019-09-26 09:50:30,489 DEBUG impl.RaftServerImpl (RaftServerImpl.java:requestVote(775)) - s0@group-5BD3E7F27A57 replies to vote request: s1<-s0#0:FAIL-t362. Peer's state: s0@group-5BD3E7F27A57:t362, leader=null, voted=null, raftlog=s0@group-5BD3E7F27A57-SegmentedRaftLog:OPENED:c3,f4,i4, conf=3: [s0:0.0.0.0:41468, s1:0.0.0.0:41619, s2:0.0.0.0:44382], old=null
2019-09-26 09:50:30,498 INFO  impl.FollowerState (FollowerState.java:run(108)) - s2@group-5BD3E7F27A57-FollowerState: change to CANDIDATE, lastRpcTime:217ms, electionTimeout:217ms
2019-09-26 09:50:30,498 INFO  impl.RoleInfo (RoleInfo.java:shutdownFollowerState(121)) - s2: shutdown FollowerState
2019-09-26 09:50:30,498 INFO  impl.RaftServerImpl (RaftServerImpl.java:setRole(170)) - s2@group-5BD3E7F27A57: changes role from  FOLLOWER to CANDIDATE at term 361 for changeToCandidate
2019-09-26 09:50:30,498 INFO  impl.RoleInfo (RoleInfo.java:updateAndGet(143)) - s2: start LeaderElection
2019-09-26 09:50:30,512 INFO  impl.LeaderElection (LeaderElection.java:askForVotes(178)) - s2@group-5BD3E7F27A57-LeaderElection127: begin an election at term 362 for 3: [s0:0.0.0.0:41468, s1:0.0.0.0:41619, s2:0.0.0.0:44382], old=null
2019-09-26 09:50:30,512 DEBUG impl.RaftServerImpl (RaftServerImpl.java:requestVote(743)) - s0@group-5BD3E7F27A57: receive requestVote(s2, group-5BD3E7F27A57, 362, (t:4, i:3))
2019-09-26 09:50:30,513 INFO  impl.RaftServerImpl (RaftServerImpl.java:setRole(170)) - s0@group-5BD3E7F27A57: changes role from  FOLLOWER to FOLLOWER at term 362 for recognizeCandidate:s2
2019-09-26 09:50:30,513 INFO  impl.RoleInfo (RoleInfo.java:shutdownFollowerState(121)) - s0: shutdown FollowerState
2019-09-26 09:50:30,513 INFO  impl.RoleInfo (RoleInfo.java:updateAndGet(143)) - s0: start FollowerState
2019-09-26 09:50:30,513 INFO  impl.FollowerState (FollowerState.java:run(117)) - s0@group-5BD3E7F27A57-FollowerState was interrupted: java.lang.InterruptedException: sleep interrupted
2019-09-26 09:50:30,513 DEBUG impl.RaftServerImpl (RaftServerImpl.java:requestVote(775)) - s0@group-5BD3E7F27A57 replies to vote request: s2<-s0#0:FAIL-t362. Peer's state: s0@group-5BD3E7F27A57:t362, leader=null, voted=null, raftlog=s0@group-5BD3E7F27A57-SegmentedRaftLog:OPENED:c3,f4,i4, conf=3: [s0:0.0.0.0:41468, s1:0.0.0.0:41619, s2:0.0.0.0:44382], old=null
2019-09-26 09:50:30,647 INFO  impl.LeaderElection (LeaderElection.java:logAndReturn(56)) - s1@group-5BD3E7F27A57-LeaderElection124: Election TIMEOUT; received 1 response(s) [s1<-s0#0:FAIL-t362] and 0 exception(s); s1@group-5BD3E7F27A57:t362, leader=null, voted=s1, raftlog=s1@group-5BD3E7F27A57-SegmentedRaftLog:OPENED:c2,f3,i3, conf=2: [s0:0.0.0.0:41468, s1:0.0.0.0:41619, s2:0.0.0.0:44382], old=null
2019-09-26 09:50:30,660 INFO  impl.LeaderElection (LeaderElection.java:askForVotes(178)) - s1@group-5BD3E7F27A57-LeaderElection124: begin an election at term 363 for 2: [s0:0.0.0.0:41468, s1:0.0.0.0:41619, s2:0.0.0.0:44382], old=null
2019-09-26 09:50:30,660 DEBUG impl.RaftServerImpl (RaftServerImpl.java:requestVote(743)) - s0@group-5BD3E7F27A57: receive requestVote(s1, group-5BD3E7F27A57, 363, (t:3, i:3))
2019-09-26 09:50:30,660 INFO  impl.RaftServerImpl (RaftServerImpl.java:setRole(170)) - s0@group-5BD3E7F27A57: changes role from  FOLLOWER to FOLLOWER at term 363 for recognizeCandidate:s1
2019-09-26 09:50:30,661 INFO  impl.RoleInfo (RoleInfo.java:shutdownFollowerState(121)) - s0: shutdown FollowerState
2019-09-26 09:50:30,661 INFO  impl.RoleInfo (RoleInfo.java:updateAndGet(143)) - s0: start FollowerState
2019-09-26 09:50:30,661 INFO  impl.FollowerState (FollowerState.java:run(117)) - s0@group-5BD3E7F27A57-FollowerState was interrupted: java.lang.InterruptedException: sleep interrupted
2019-09-26 09:50:30,694 DEBUG impl.RaftServerImpl (RaftServerImpl.java:requestVote(775)) - s0@group-5BD3E7F27A57 replies to vote request: s1<-s0#0:FAIL-t363. Peer's state: s0@group-5BD3E7F27A57:t363, leader=null, voted=null, raftlog=s0@group-5BD3E7F27A57-SegmentedRaftLog:OPENED:c3,f4,i4, conf=3: [s0:0.0.0.0:41468, s1:0.0.0.0:41619, s2:0.0.0.0:44382], old=null
2019-09-26 09:50:30,737 WARN  ratis.RaftTestUtil (JavaUtils.java:attempt(158)) - FAILED "waitForLeader-null-(expectLeader? true)", attempt #18/100: java.lang.IllegalStateException: No leader yet : printing ALL groups
  s0:  RUNNING  FOLLOWER s0@group-5BD3E7F27A57:t363, leader=null, voted=null, raftlog=s0@group-5BD3E7F27A57-SegmentedRaftLog:OPENED:c3,f4,i4, conf=3: [s0:0.0.0.0:41468, s1:0.0.0.0:41619, s2:0.0.0.0:44382], old=null RUNNING
  s1:  RUNNING CANDIDATE s1@group-5BD3E7F27A57:t363, leader=null, voted=s1, raftlog=s1@group-5BD3E7F27A57-SegmentedRaftLog:OPENED:c2,f3,i3, conf=2: [s0:0.0.0.0:41468, s1:0.0.0.0:41619, s2:0.0.0.0:44382], old=null RUNNING
  s2:  RUNNING CANDIDATE s2@group-5BD3E7F27A57:t362, leader=null, voted=s2, raftlog=s2@group-5BD3E7F27A57-SegmentedRaftLog:OPENED:c1,f3,i3, conf=3: [s0:0.0.0.0:41468, s1:0.0.0.0:41619, s2:0.0.0.0:44382], old=null RUNNING, sleep 450ms and then retry.
java.lang.IllegalStateException: No leader yet : printing ALL groups
  s0:  RUNNING  FOLLOWER s0@group-5BD3E7F27A57:t363, leader=null, voted=null, raftlog=s0@group-5BD3E7F27A57-SegmentedRaftLog:OPENED:c3,f4,i4, conf=3: [s0:0.0.0.0:41468, s1:0.0.0.0:41619, s2:0.0.0.0:44382], old=null RUNNING
  s1:  RUNNING CANDIDATE s1@group-5BD3E7F27A57:t363, leader=null, voted=s1, raftlog=s1@group-5BD3E7F27A57-SegmentedRaftLog:OPENED:c2,f3,i3, conf=2: [s0:0.0.0.0:41468, s1:0.0.0.0:41619, s2:0.0.0.0:44382], old=null RUNNING
  s2:  RUNNING CANDIDATE s2@group-5BD3E7F27A57:t362, leader=null, voted=s2, raftlog=s2@group-5BD3E7F27A57-SegmentedRaftLog:OPENED:c1,f3,i3, conf=3: [s0:0.0.0.0:41468, s1:0.0.0.0:41619, s2:0.0.0.0:44382], old=null RUNNING
	at org.apache.ratis.MiniRaftCluster.newIllegalStateExceptionForNoLeaders(MiniRaftCluster.java:506)
	at org.apache.ratis.RaftTestUtil.lambda$waitForLeader$1(RaftTestUtil.java:90)
	at org.apache.ratis.MiniRaftCluster.getLeader(MiniRaftCluster.java:539)
	at org.apache.ratis.MiniRaftCluster.getLeader(MiniRaftCluster.java:532)
	at org.apache.ratis.RaftTestUtil.lambda$waitForLeader$3(RaftTestUtil.java:98)
	at org.apache.ratis.util.JavaUtils.attempt(JavaUtils.java:152)
	at org.apache.ratis.RaftTestUtil.waitForLeader(RaftTestUtil.java:97)
	at org.apache.ratis.RaftTestUtil.waitForLeader(RaftTestUtil.java:77)
	at org.apache.ratis.RaftTestUtil.waitForLeader(RaftTestUtil.java:72)
	at org.apache.ratis.RaftTestUtil.lambda$changeLeader$7(RaftTestUtil.java:363)
	at org.apache.ratis.util.JavaUtils.attempt(JavaUtils.java:152)
	at org.apache.ratis.RaftTestUtil.changeLeader(RaftTestUtil.java:362)
	at org.apache.ratis.server.impl.LeaderElectionTests.testChangeLeader(LeaderElectionTests.java:81)
	at sun.reflect.NativeMethodAccessorImpl.invoke0(Native Method)
	at sun.reflect.NativeMethodAccessorImpl.invoke(NativeMethodAccessorImpl.java:62)
	at sun.reflect.DelegatingMethodAccessorImpl.invoke(DelegatingMethodAccessorImpl.java:43)
	at java.lang.reflect.Method.invoke(Method.java:498)
	at org.junit.runners.model.FrameworkMethod$1.runReflectiveCall(FrameworkMethod.java:50)
	at org.junit.internal.runners.model.ReflectiveCallable.run(ReflectiveCallable.java:12)
	at org.junit.runners.model.FrameworkMethod.invokeExplosively(FrameworkMethod.java:47)
	at org.junit.internal.runners.statements.InvokeMethod.evaluate(InvokeMethod.java:17)
	at org.junit.internal.runners.statements.RunAfters.evaluate(RunAfters.java:27)
	at org.junit.internal.runners.statements.FailOnTimeout$CallableStatement.call(FailOnTimeout.java:298)
	at org.junit.internal.runners.statements.FailOnTimeout$CallableStatement.call(FailOnTimeout.java:292)
	at java.util.concurrent.FutureTask.run(FutureTask.java:266)
	at java.lang.Thread.run(Thread.java:748)
2019-09-26 09:50:30,760 INFO  impl.LeaderElection (LeaderElection.java:logAndReturn(56)) - s2@group-5BD3E7F27A57-LeaderElection127: Election TIMEOUT; received 1 response(s) [s2<-s0#0:FAIL-t362] and 0 exception(s); s2@group-5BD3E7F27A57:t362, leader=null, voted=s2, raftlog=s2@group-5BD3E7F27A57-SegmentedRaftLog:OPENED:c1,f3,i3, conf=3: [s0:0.0.0.0:41468, s1:0.0.0.0:41619, s2:0.0.0.0:44382], old=null
2019-09-26 09:50:30,781 INFO  impl.LeaderElection (LeaderElection.java:askForVotes(178)) - s2@group-5BD3E7F27A57-LeaderElection127: begin an election at term 363 for 3: [s0:0.0.0.0:41468, s1:0.0.0.0:41619, s2:0.0.0.0:44382], old=null
2019-09-26 09:50:30,782 DEBUG impl.RaftServerImpl (RaftServerImpl.java:requestVote(743)) - s0@group-5BD3E7F27A57: receive requestVote(s2, group-5BD3E7F27A57, 363, (t:4, i:3))
2019-09-26 09:50:30,782 INFO  impl.RaftServerImpl (RaftServerImpl.java:setRole(170)) - s0@group-5BD3E7F27A57: changes role from  FOLLOWER to FOLLOWER at term 363 for recognizeCandidate:s2
2019-09-26 09:50:30,782 INFO  impl.RoleInfo (RoleInfo.java:shutdownFollowerState(121)) - s0: shutdown FollowerState
2019-09-26 09:50:30,782 INFO  impl.RoleInfo (RoleInfo.java:updateAndGet(143)) - s0: start FollowerState
2019-09-26 09:50:30,782 INFO  impl.FollowerState (FollowerState.java:run(117)) - s0@group-5BD3E7F27A57-FollowerState was interrupted: java.lang.InterruptedException: sleep interrupted
2019-09-26 09:50:30,782 DEBUG impl.RaftServerImpl (RaftServerImpl.java:requestVote(775)) - s0@group-5BD3E7F27A57 replies to vote request: s2<-s0#0:FAIL-t363. Peer's state: s0@group-5BD3E7F27A57:t363, leader=null, voted=null, raftlog=s0@group-5BD3E7F27A57-SegmentedRaftLog:OPENED:c3,f4,i4, conf=3: [s0:0.0.0.0:41468, s1:0.0.0.0:41619, s2:0.0.0.0:44382], old=null
2019-09-26 09:50:30,866 INFO  impl.LeaderElection (LeaderElection.java:logAndReturn(56)) - s1@group-5BD3E7F27A57-LeaderElection124: Election TIMEOUT; received 1 response(s) [s1<-s0#0:FAIL-t363] and 0 exception(s); s1@group-5BD3E7F27A57:t363, leader=null, voted=s1, raftlog=s1@group-5BD3E7F27A57-SegmentedRaftLog:OPENED:c2,f3,i3, conf=2: [s0:0.0.0.0:41468, s1:0.0.0.0:41619, s2:0.0.0.0:44382], old=null
2019-09-26 09:50:30,880 INFO  impl.LeaderElection (LeaderElection.java:askForVotes(178)) - s1@group-5BD3E7F27A57-LeaderElection124: begin an election at term 364 for 2: [s0:0.0.0.0:41468, s1:0.0.0.0:41619, s2:0.0.0.0:44382], old=null
2019-09-26 09:50:30,880 DEBUG impl.RaftServerImpl (RaftServerImpl.java:requestVote(743)) - s0@group-5BD3E7F27A57: receive requestVote(s1, group-5BD3E7F27A57, 364, (t:3, i:3))
2019-09-26 09:50:30,880 INFO  impl.RaftServerImpl (RaftServerImpl.java:setRole(170)) - s0@group-5BD3E7F27A57: changes role from  FOLLOWER to FOLLOWER at term 364 for recognizeCandidate:s1
2019-09-26 09:50:30,881 INFO  impl.RoleInfo (RoleInfo.java:shutdownFollowerState(121)) - s0: shutdown FollowerState
2019-09-26 09:50:30,881 INFO  impl.RoleInfo (RoleInfo.java:updateAndGet(143)) - s0: start FollowerState
2019-09-26 09:50:30,881 INFO  impl.FollowerState (FollowerState.java:run(117)) - s0@group-5BD3E7F27A57-FollowerState was interrupted: java.lang.InterruptedException: sleep interrupted
2019-09-26 09:50:30,894 DEBUG impl.RaftServerImpl (RaftServerImpl.java:requestVote(775)) - s0@group-5BD3E7F27A57 replies to vote request: s1<-s0#0:FAIL-t364. Peer's state: s0@group-5BD3E7F27A57:t364, leader=null, voted=null, raftlog=s0@group-5BD3E7F27A57-SegmentedRaftLog:OPENED:c3,f4,i4, conf=3: [s0:0.0.0.0:41468, s1:0.0.0.0:41619, s2:0.0.0.0:44382], old=null
2019-09-26 09:50:31,075 INFO  impl.LeaderElection (LeaderElection.java:logAndReturn(56)) - s2@group-5BD3E7F27A57-LeaderElection127: Election TIMEOUT; received 1 response(s) [s2<-s0#0:FAIL-t363] and 0 exception(s); s2@group-5BD3E7F27A57:t363, leader=null, voted=s2, raftlog=s2@group-5BD3E7F27A57-SegmentedRaftLog:OPENED:c1,f3,i3, conf=3: [s0:0.0.0.0:41468, s1:0.0.0.0:41619, s2:0.0.0.0:44382], old=null
2019-09-26 09:50:31,089 INFO  impl.LeaderElection (LeaderElection.java:askForVotes(178)) - s2@group-5BD3E7F27A57-LeaderElection127: begin an election at term 364 for 3: [s0:0.0.0.0:41468, s1:0.0.0.0:41619, s2:0.0.0.0:44382], old=null
2019-09-26 09:50:31,089 DEBUG impl.RaftServerImpl (RaftServerImpl.java:requestVote(743)) - s0@group-5BD3E7F27A57: receive requestVote(s2, group-5BD3E7F27A57, 364, (t:4, i:3))
2019-09-26 09:50:31,089 INFO  impl.RaftServerImpl (RaftServerImpl.java:setRole(170)) - s0@group-5BD3E7F27A57: changes role from  FOLLOWER to FOLLOWER at term 364 for recognizeCandidate:s2
2019-09-26 09:50:31,089 INFO  impl.RoleInfo (RoleInfo.java:shutdownFollowerState(121)) - s0: shutdown FollowerState
2019-09-26 09:50:31,090 INFO  impl.RoleInfo (RoleInfo.java:updateAndGet(143)) - s0: start FollowerState
2019-09-26 09:50:31,090 INFO  impl.FollowerState (FollowerState.java:run(117)) - s0@group-5BD3E7F27A57-FollowerState was interrupted: java.lang.InterruptedException: sleep interrupted
2019-09-26 09:50:31,090 DEBUG impl.RaftServerImpl (RaftServerImpl.java:requestVote(775)) - s0@group-5BD3E7F27A57 replies to vote request: s2<-s0#0:FAIL-t364. Peer's state: s0@group-5BD3E7F27A57:t364, leader=null, voted=null, raftlog=s0@group-5BD3E7F27A57-SegmentedRaftLog:OPENED:c3,f4,i4, conf=3: [s0:0.0.0.0:41468, s1:0.0.0.0:41619, s2:0.0.0.0:44382], old=null
2019-09-26 09:50:31,093 INFO  impl.LeaderElection (LeaderElection.java:logAndReturn(56)) - s1@group-5BD3E7F27A57-LeaderElection124: Election TIMEOUT; received 1 response(s) [s1<-s0#0:FAIL-t364] and 0 exception(s); s1@group-5BD3E7F27A57:t364, leader=null, voted=s1, raftlog=s1@group-5BD3E7F27A57-SegmentedRaftLog:OPENED:c2,f3,i3, conf=2: [s0:0.0.0.0:41468, s1:0.0.0.0:41619, s2:0.0.0.0:44382], old=null
2019-09-26 09:50:31,106 INFO  impl.LeaderElection (LeaderElection.java:askForVotes(178)) - s1@group-5BD3E7F27A57-LeaderElection124: begin an election at term 365 for 2: [s0:0.0.0.0:41468, s1:0.0.0.0:41619, s2:0.0.0.0:44382], old=null
2019-09-26 09:50:31,106 DEBUG impl.RaftServerImpl (RaftServerImpl.java:requestVote(743)) - s0@group-5BD3E7F27A57: receive requestVote(s1, group-5BD3E7F27A57, 365, (t:3, i:3))
2019-09-26 09:50:31,107 INFO  impl.RaftServerImpl (RaftServerImpl.java:setRole(170)) - s0@group-5BD3E7F27A57: changes role from  FOLLOWER to FOLLOWER at term 365 for recognizeCandidate:s1
2019-09-26 09:50:31,107 INFO  impl.RoleInfo (RoleInfo.java:shutdownFollowerState(121)) - s0: shutdown FollowerState
2019-09-26 09:50:31,107 INFO  impl.RoleInfo (RoleInfo.java:updateAndGet(143)) - s0: start FollowerState
2019-09-26 09:50:31,107 INFO  impl.FollowerState (FollowerState.java:run(117)) - s0@group-5BD3E7F27A57-FollowerState was interrupted: java.lang.InterruptedException: sleep interrupted
2019-09-26 09:50:31,119 DEBUG impl.RaftServerImpl (RaftServerImpl.java:requestVote(775)) - s0@group-5BD3E7F27A57 replies to vote request: s1<-s0#0:FAIL-t365. Peer's state: s0@group-5BD3E7F27A57:t365, leader=null, voted=null, raftlog=s0@group-5BD3E7F27A57-SegmentedRaftLog:OPENED:c3,f4,i4, conf=3: [s0:0.0.0.0:41468, s1:0.0.0.0:41619, s2:0.0.0.0:44382], old=null
2019-09-26 09:50:31,125 WARN  ratis.RaftTestUtil (JavaUtils.java:attempt(158)) - FAILED "testChangeLeader-changeLeader", attempt #7/20: java.lang.InterruptedException: sleep interrupted, sleep 100ms and then retry.
java.lang.InterruptedException: sleep interrupted
	at java.lang.Thread.sleep(Native Method)
	at java.lang.Thread.sleep(Thread.java:340)
	at java.util.concurrent.TimeUnit.sleep(TimeUnit.java:386)
	at org.apache.ratis.util.TimeDuration.sleep(TimeDuration.java:215)
	at org.apache.ratis.util.TimeDuration.sleep(TimeDuration.java:207)
	at org.apache.ratis.util.JavaUtils.attempt(JavaUtils.java:163)
	at org.apache.ratis.RaftTestUtil.waitForLeader(RaftTestUtil.java:97)
	at org.apache.ratis.RaftTestUtil.waitForLeader(RaftTestUtil.java:77)
	at org.apache.ratis.RaftTestUtil.waitForLeader(RaftTestUtil.java:72)
	at org.apache.ratis.RaftTestUtil.lambda$changeLeader$7(RaftTestUtil.java:363)
	at org.apache.ratis.util.JavaUtils.attempt(JavaUtils.java:152)
	at org.apache.ratis.RaftTestUtil.changeLeader(RaftTestUtil.java:362)
	at org.apache.ratis.server.impl.LeaderElectionTests.testChangeLeader(LeaderElectionTests.java:81)
	at sun.reflect.NativeMethodAccessorImpl.invoke0(Native Method)
	at sun.reflect.NativeMethodAccessorImpl.invoke(NativeMethodAccessorImpl.java:62)
	at sun.reflect.DelegatingMethodAccessorImpl.invoke(DelegatingMethodAccessorImpl.java:43)
	at java.lang.reflect.Method.invoke(Method.java:498)
	at org.junit.runners.model.FrameworkMethod$1.runReflectiveCall(FrameworkMethod.java:50)
	at org.junit.internal.runners.model.ReflectiveCallable.run(ReflectiveCallable.java:12)
	at org.junit.runners.model.FrameworkMethod.invokeExplosively(FrameworkMethod.java:47)
	at org.junit.internal.runners.statements.InvokeMethod.evaluate(InvokeMethod.java:17)
	at org.junit.internal.runners.statements.RunAfters.evaluate(RunAfters.java:27)
	at org.junit.internal.runners.statements.FailOnTimeout$CallableStatement.call(FailOnTimeout.java:298)
	at org.junit.internal.runners.statements.FailOnTimeout$CallableStatement.call(FailOnTimeout.java:292)
	at java.util.concurrent.FutureTask.run(FutureTask.java:266)
	at java.lang.Thread.run(Thread.java:748)
]]></system-out>
  </testcase>
  <testcase name="testLeaderElectionMetrics" classname="org.apache.ratis.server.simulation.TestLeaderElectionWithSimulatedRpc" time="0.528"/>
</testsuite>