<?xml version="1.0" encoding="UTF-8"?>
<testsuite xmlns:xsi="http://www.w3.org/2001/XMLSchema-instance" xsi:noNamespaceSchemaLocation="https://maven.apache.org/surefire/maven-surefire-plugin/xsd/surefire-test-report.xsd" name="org.apache.ratis.grpc.TestRaftReconfigurationWithGrpc" time="37.805" tests="12" errors="1" skipped="0" failures="0">
  <properties>
    <property name="awt.toolkit" value="sun.awt.X11.XToolkit"/>
    <property name="file.encoding.pkg" value="sun.io"/>
    <property name="java.specification.version" value="1.8"/>
    <property name="sun.cpu.isalist" value=""/>
    <property name="sun.jnu.encoding" value="UTF-8"/>
    <property name="java.class.path" value="/workdir/ratis-test/target/test-classes:/workdir/ratis-test/target/classes:/workdir/ratis-common/target/classes:/home/user/.m2/repository/org/apache/ratis/ratis-thirdparty-misc/0.2.0/ratis-thirdparty-misc-0.2.0.jar:/workdir/ratis-proto/target/ratis-proto-0.5.0-SNAPSHOT.jar:/home/user/.m2/repository/org/slf4j/slf4j-log4j12/1.7.10/slf4j-log4j12-1.7.10.jar:/home/user/.m2/repository/log4j/log4j/1.2.17/log4j-1.2.17.jar:/workdir/ratis-common/target/test-classes:/workdir/ratis-client/target/classes:/workdir/ratis-server/target/classes:/workdir/ratis-metrics/target/classes:/home/user/.m2/repository/io/dropwizard/metrics/metrics-core/3.2.5/metrics-core-3.2.5.jar:/home/user/.m2/repository/com/github/joshelser/dropwizard-metrics-hadoop-metrics2-reporter/0.1.2/dropwizard-metrics-hadoop-metrics2-reporter-0.1.2.jar:/home/user/.m2/repository/org/apache/hadoop/hadoop-common/2.6.0/hadoop-common-2.6.0.jar:/home/user/.m2/repository/org/apache/hadoop/hadoop-annotations/2.6.0/hadoop-annotations-2.6.0.jar:/usr/lib/jvm/java-1.8-openjdk/jre/../lib/tools.jar:/home/user/.m2/repository/com/google/guava/guava/11.0.2/guava-11.0.2.jar:/home/user/.m2/repository/commons-cli/commons-cli/1.2/commons-cli-1.2.jar:/home/user/.m2/repository/org/apache/commons/commons-math3/3.1.1/commons-math3-3.1.1.jar:/home/user/.m2/repository/xmlenc/xmlenc/0.52/xmlenc-0.52.jar:/home/user/.m2/repository/commons-httpclient/commons-httpclient/3.1/commons-httpclient-3.1.jar:/home/user/.m2/repository/commons-codec/commons-codec/1.4/commons-codec-1.4.jar:/home/user/.m2/repository/commons-io/commons-io/2.4/commons-io-2.4.jar:/home/user/.m2/repository/commons-net/commons-net/3.1/commons-net-3.1.jar:/home/user/.m2/repository/commons-collections/commons-collections/3.2.1/commons-collections-3.2.1.jar:/home/user/.m2/repository/javax/servlet/servlet-api/2.5/servlet-api-2.5.jar:/home/user/.m2/repository/org/mortbay/jetty/jetty/6.1.26/jetty-6.1.26.jar:/home/user/.m2/repository/org/mortbay/jetty/jetty-util/6.1.26/jetty-util-6.1.26.jar:/home/user/.m2/repository/com/sun/jersey/jersey-core/1.9/jersey-core-1.9.jar:/home/user/.m2/repository/com/sun/jersey/jersey-json/1.9/jersey-json-1.9.jar:/home/user/.m2/repository/org/codehaus/jettison/jettison/1.1/jettison-1.1.jar:/home/user/.m2/repository/com/sun/xml/bind/jaxb-impl/2.2.3-1/jaxb-impl-2.2.3-1.jar:/home/user/.m2/repository/javax/xml/bind/jaxb-api/2.2.2/jaxb-api-2.2.2.jar:/home/user/.m2/repository/javax/xml/stream/stax-api/1.0-2/stax-api-1.0-2.jar:/home/user/.m2/repository/javax/activation/activation/1.1/activation-1.1.jar:/home/user/.m2/repository/org/codehaus/jackson/jackson-jaxrs/1.8.3/jackson-jaxrs-1.8.3.jar:/home/user/.m2/repository/org/codehaus/jackson/jackson-xc/1.8.3/jackson-xc-1.8.3.jar:/home/user/.m2/repository/com/sun/jersey/jersey-server/1.9/jersey-server-1.9.jar:/home/user/.m2/repository/asm/asm/3.1/asm-3.1.jar:/home/user/.m2/repository/tomcat/jasper-compiler/5.5.23/jasper-compiler-5.5.23.jar:/home/user/.m2/repository/tomcat/jasper-runtime/5.5.23/jasper-runtime-5.5.23.jar:/home/user/.m2/repository/javax/servlet/jsp/jsp-api/2.1/jsp-api-2.1.jar:/home/user/.m2/repository/commons-el/commons-el/1.0/commons-el-1.0.jar:/home/user/.m2/repository/commons-logging/commons-logging/1.1.3/commons-logging-1.1.3.jar:/home/user/.m2/repository/net/java/dev/jets3t/jets3t/0.9.0/jets3t-0.9.0.jar:/home/user/.m2/repository/org/apache/httpcomponents/httpclient/4.1.2/httpclient-4.1.2.jar:/home/user/.m2/repository/org/apache/httpcomponents/httpcore/4.1.2/httpcore-4.1.2.jar:/home/user/.m2/repository/com/jamesmurty/utils/java-xmlbuilder/0.4/java-xmlbuilder-0.4.jar:/home/user/.m2/repository/commons-lang/commons-lang/2.6/commons-lang-2.6.jar:/home/user/.m2/repository/commons-configuration/commons-configuration/1.6/commons-configuration-1.6.jar:/home/user/.m2/repository/commons-digester/commons-digester/1.8/commons-digester-1.8.jar:/home/user/.m2/repository/commons-beanutils/commons-beanutils/1.7.0/commons-beanutils-1.7.0.jar:/home/user/.m2/repository/commons-beanutils/commons-beanutils-core/1.8.0/commons-beanutils-core-1.8.0.jar:/home/user/.m2/repository/org/codehaus/jackson/jackson-core-asl/1.9.13/jackson-core-asl-1.9.13.jar:/home/user/.m2/repository/org/codehaus/jackson/jackson-mapper-asl/1.9.13/jackson-mapper-asl-1.9.13.jar:/home/user/.m2/repository/org/apache/avro/avro/1.7.4/avro-1.7.4.jar:/home/user/.m2/repository/com/thoughtworks/paranamer/paranamer/2.3/paranamer-2.3.jar:/home/user/.m2/repository/org/xerial/snappy/snappy-java/1.0.4.1/snappy-java-1.0.4.1.jar:/home/user/.m2/repository/com/google/protobuf/protobuf-java/2.5.0/protobuf-java-2.5.0.jar:/home/user/.m2/repository/com/google/code/gson/gson/2.2.4/gson-2.2.4.jar:/home/user/.m2/repository/org/apache/hadoop/hadoop-auth/2.6.0/hadoop-auth-2.6.0.jar:/home/user/.m2/repository/org/apache/directory/server/apacheds-kerberos-codec/2.0.0-M15/apacheds-kerberos-codec-2.0.0-M15.jar:/home/user/.m2/repository/org/apache/directory/server/apacheds-i18n/2.0.0-M15/apacheds-i18n-2.0.0-M15.jar:/home/user/.m2/repository/org/apache/directory/api/api-asn1-api/1.0.0-M20/api-asn1-api-1.0.0-M20.jar:/home/user/.m2/repository/org/apache/directory/api/api-util/1.0.0-M20/api-util-1.0.0-M20.jar:/home/user/.m2/repository/org/apache/curator/curator-framework/2.6.0/curator-framework-2.6.0.jar:/home/user/.m2/repository/com/jcraft/jsch/0.1.42/jsch-0.1.42.jar:/home/user/.m2/repository/org/apache/curator/curator-client/2.6.0/curator-client-2.6.0.jar:/home/user/.m2/repository/org/apache/curator/curator-recipes/2.6.0/curator-recipes-2.6.0.jar:/home/user/.m2/repository/com/google/code/findbugs/jsr305/1.3.9/jsr305-1.3.9.jar:/home/user/.m2/repository/org/htrace/htrace-core/3.0.4/htrace-core-3.0.4.jar:/home/user/.m2/repository/org/apache/zookeeper/zookeeper/3.4.6/zookeeper-3.4.6.jar:/home/user/.m2/repository/io/netty/netty/3.7.0.Final/netty-3.7.0.Final.jar:/home/user/.m2/repository/org/apache/commons/commons-compress/1.4.1/commons-compress-1.4.1.jar:/home/user/.m2/repository/org/tukaani/xz/1.0/xz-1.0.jar:/home/user/.m2/repository/io/dropwizard/metrics/metrics-jvm/3.2.5/metrics-jvm-3.2.5.jar:/home/user/.m2/repository/io/dropwizard/metrics/metrics-ganglia/3.2.5/metrics-ganglia-3.2.5.jar:/home/user/.m2/repository/info/ganglia/gmetric4j/gmetric4j/1.0.7/gmetric4j-1.0.7.jar:/workdir/ratis-server/target/test-classes:/workdir/ratis-netty/target/classes:/workdir/ratis-netty/target/test-classes:/workdir/ratis-grpc/target/classes:/workdir/ratis-grpc/target/test-classes:/home/user/.m2/repository/org/slf4j/slf4j-api/1.7.10/slf4j-api-1.7.10.jar:/home/user/.m2/repository/junit/junit/4.12/junit-4.12.jar:/home/user/.m2/repository/org/hamcrest/hamcrest-core/1.3/hamcrest-core-1.3.jar:/home/user/.m2/repository/org/mockito/mockito-all/1.8.5/mockito-all-1.8.5.jar:"/>
    <property name="java.vm.vendor" value="IcedTea"/>
    <property name="sun.arch.data.model" value="64"/>
    <property name="java.vendor.url" value="https://icedtea.classpath.org"/>
    <property name="user.timezone" value=""/>
    <property name="java.vm.specification.version" value="1.8"/>
    <property name="os.name" value="Linux"/>
    <property name="user.country" value="US"/>
    <property name="sun.java.launcher" value="SUN_STANDARD"/>
    <property name="sun.boot.library.path" value="/usr/lib/jvm/java-1.8-openjdk/jre/lib/amd64"/>
    <property name="sun.java.command" value="/workdir/ratis-test/target/surefire/surefirebooter8581354743370275097.jar /workdir/ratis-test/target/surefire 2019-09-26T09-43-41_827-jvmRun1 surefire93118783917093661tmp surefire_706602961398325540333tmp"/>
    <property name="surefire.test.class.path" value="/workdir/ratis-test/target/test-classes:/workdir/ratis-test/target/classes:/workdir/ratis-common/target/classes:/home/user/.m2/repository/org/apache/ratis/ratis-thirdparty-misc/0.2.0/ratis-thirdparty-misc-0.2.0.jar:/workdir/ratis-proto/target/ratis-proto-0.5.0-SNAPSHOT.jar:/home/user/.m2/repository/org/slf4j/slf4j-log4j12/1.7.10/slf4j-log4j12-1.7.10.jar:/home/user/.m2/repository/log4j/log4j/1.2.17/log4j-1.2.17.jar:/workdir/ratis-common/target/test-classes:/workdir/ratis-client/target/classes:/workdir/ratis-server/target/classes:/workdir/ratis-metrics/target/classes:/home/user/.m2/repository/io/dropwizard/metrics/metrics-core/3.2.5/metrics-core-3.2.5.jar:/home/user/.m2/repository/com/github/joshelser/dropwizard-metrics-hadoop-metrics2-reporter/0.1.2/dropwizard-metrics-hadoop-metrics2-reporter-0.1.2.jar:/home/user/.m2/repository/org/apache/hadoop/hadoop-common/2.6.0/hadoop-common-2.6.0.jar:/home/user/.m2/repository/org/apache/hadoop/hadoop-annotations/2.6.0/hadoop-annotations-2.6.0.jar:/usr/lib/jvm/java-1.8-openjdk/jre/../lib/tools.jar:/home/user/.m2/repository/com/google/guava/guava/11.0.2/guava-11.0.2.jar:/home/user/.m2/repository/commons-cli/commons-cli/1.2/commons-cli-1.2.jar:/home/user/.m2/repository/org/apache/commons/commons-math3/3.1.1/commons-math3-3.1.1.jar:/home/user/.m2/repository/xmlenc/xmlenc/0.52/xmlenc-0.52.jar:/home/user/.m2/repository/commons-httpclient/commons-httpclient/3.1/commons-httpclient-3.1.jar:/home/user/.m2/repository/commons-codec/commons-codec/1.4/commons-codec-1.4.jar:/home/user/.m2/repository/commons-io/commons-io/2.4/commons-io-2.4.jar:/home/user/.m2/repository/commons-net/commons-net/3.1/commons-net-3.1.jar:/home/user/.m2/repository/commons-collections/commons-collections/3.2.1/commons-collections-3.2.1.jar:/home/user/.m2/repository/javax/servlet/servlet-api/2.5/servlet-api-2.5.jar:/home/user/.m2/repository/org/mortbay/jetty/jetty/6.1.26/jetty-6.1.26.jar:/home/user/.m2/repository/org/mortbay/jetty/jetty-util/6.1.26/jetty-util-6.1.26.jar:/home/user/.m2/repository/com/sun/jersey/jersey-core/1.9/jersey-core-1.9.jar:/home/user/.m2/repository/com/sun/jersey/jersey-json/1.9/jersey-json-1.9.jar:/home/user/.m2/repository/org/codehaus/jettison/jettison/1.1/jettison-1.1.jar:/home/user/.m2/repository/com/sun/xml/bind/jaxb-impl/2.2.3-1/jaxb-impl-2.2.3-1.jar:/home/user/.m2/repository/javax/xml/bind/jaxb-api/2.2.2/jaxb-api-2.2.2.jar:/home/user/.m2/repository/javax/xml/stream/stax-api/1.0-2/stax-api-1.0-2.jar:/home/user/.m2/repository/javax/activation/activation/1.1/activation-1.1.jar:/home/user/.m2/repository/org/codehaus/jackson/jackson-jaxrs/1.8.3/jackson-jaxrs-1.8.3.jar:/home/user/.m2/repository/org/codehaus/jackson/jackson-xc/1.8.3/jackson-xc-1.8.3.jar:/home/user/.m2/repository/com/sun/jersey/jersey-server/1.9/jersey-server-1.9.jar:/home/user/.m2/repository/asm/asm/3.1/asm-3.1.jar:/home/user/.m2/repository/tomcat/jasper-compiler/5.5.23/jasper-compiler-5.5.23.jar:/home/user/.m2/repository/tomcat/jasper-runtime/5.5.23/jasper-runtime-5.5.23.jar:/home/user/.m2/repository/javax/servlet/jsp/jsp-api/2.1/jsp-api-2.1.jar:/home/user/.m2/repository/commons-el/commons-el/1.0/commons-el-1.0.jar:/home/user/.m2/repository/commons-logging/commons-logging/1.1.3/commons-logging-1.1.3.jar:/home/user/.m2/repository/net/java/dev/jets3t/jets3t/0.9.0/jets3t-0.9.0.jar:/home/user/.m2/repository/org/apache/httpcomponents/httpclient/4.1.2/httpclient-4.1.2.jar:/home/user/.m2/repository/org/apache/httpcomponents/httpcore/4.1.2/httpcore-4.1.2.jar:/home/user/.m2/repository/com/jamesmurty/utils/java-xmlbuilder/0.4/java-xmlbuilder-0.4.jar:/home/user/.m2/repository/commons-lang/commons-lang/2.6/commons-lang-2.6.jar:/home/user/.m2/repository/commons-configuration/commons-configuration/1.6/commons-configuration-1.6.jar:/home/user/.m2/repository/commons-digester/commons-digester/1.8/commons-digester-1.8.jar:/home/user/.m2/repository/commons-beanutils/commons-beanutils/1.7.0/commons-beanutils-1.7.0.jar:/home/user/.m2/repository/commons-beanutils/commons-beanutils-core/1.8.0/commons-beanutils-core-1.8.0.jar:/home/user/.m2/repository/org/codehaus/jackson/jackson-core-asl/1.9.13/jackson-core-asl-1.9.13.jar:/home/user/.m2/repository/org/codehaus/jackson/jackson-mapper-asl/1.9.13/jackson-mapper-asl-1.9.13.jar:/home/user/.m2/repository/org/apache/avro/avro/1.7.4/avro-1.7.4.jar:/home/user/.m2/repository/com/thoughtworks/paranamer/paranamer/2.3/paranamer-2.3.jar:/home/user/.m2/repository/org/xerial/snappy/snappy-java/1.0.4.1/snappy-java-1.0.4.1.jar:/home/user/.m2/repository/com/google/protobuf/protobuf-java/2.5.0/protobuf-java-2.5.0.jar:/home/user/.m2/repository/com/google/code/gson/gson/2.2.4/gson-2.2.4.jar:/home/user/.m2/repository/org/apache/hadoop/hadoop-auth/2.6.0/hadoop-auth-2.6.0.jar:/home/user/.m2/repository/org/apache/directory/server/apacheds-kerberos-codec/2.0.0-M15/apacheds-kerberos-codec-2.0.0-M15.jar:/home/user/.m2/repository/org/apache/directory/server/apacheds-i18n/2.0.0-M15/apacheds-i18n-2.0.0-M15.jar:/home/user/.m2/repository/org/apache/directory/api/api-asn1-api/1.0.0-M20/api-asn1-api-1.0.0-M20.jar:/home/user/.m2/repository/org/apache/directory/api/api-util/1.0.0-M20/api-util-1.0.0-M20.jar:/home/user/.m2/repository/org/apache/curator/curator-framework/2.6.0/curator-framework-2.6.0.jar:/home/user/.m2/repository/com/jcraft/jsch/0.1.42/jsch-0.1.42.jar:/home/user/.m2/repository/org/apache/curator/curator-client/2.6.0/curator-client-2.6.0.jar:/home/user/.m2/repository/org/apache/curator/curator-recipes/2.6.0/curator-recipes-2.6.0.jar:/home/user/.m2/repository/com/google/code/findbugs/jsr305/1.3.9/jsr305-1.3.9.jar:/home/user/.m2/repository/org/htrace/htrace-core/3.0.4/htrace-core-3.0.4.jar:/home/user/.m2/repository/org/apache/zookeeper/zookeeper/3.4.6/zookeeper-3.4.6.jar:/home/user/.m2/repository/io/netty/netty/3.7.0.Final/netty-3.7.0.Final.jar:/home/user/.m2/repository/org/apache/commons/commons-compress/1.4.1/commons-compress-1.4.1.jar:/home/user/.m2/repository/org/tukaani/xz/1.0/xz-1.0.jar:/home/user/.m2/repository/io/dropwizard/metrics/metrics-jvm/3.2.5/metrics-jvm-3.2.5.jar:/home/user/.m2/repository/io/dropwizard/metrics/metrics-ganglia/3.2.5/metrics-ganglia-3.2.5.jar:/home/user/.m2/repository/info/ganglia/gmetric4j/gmetric4j/1.0.7/gmetric4j-1.0.7.jar:/workdir/ratis-server/target/test-classes:/workdir/ratis-netty/target/classes:/workdir/ratis-netty/target/test-classes:/workdir/ratis-grpc/target/classes:/workdir/ratis-grpc/target/test-classes:/home/user/.m2/repository/org/slf4j/slf4j-api/1.7.10/slf4j-api-1.7.10.jar:/home/user/.m2/repository/junit/junit/4.12/junit-4.12.jar:/home/user/.m2/repository/org/hamcrest/hamcrest-core/1.3/hamcrest-core-1.3.jar:/home/user/.m2/repository/org/mockito/mockito-all/1.8.5/mockito-all-1.8.5.jar:"/>
    <property name="sun.cpu.endian" value="little"/>
    <property name="user.home" value="/home/user"/>
    <property name="user.language" value="en"/>
    <property name="java.specification.vendor" value="Oracle Corporation"/>
    <property name="java.home" value="/usr/lib/jvm/java-1.8-openjdk/jre"/>
    <property name="basedir" value="/workdir/ratis-test"/>
    <property name="file.separator" value="/"/>
    <property name="line.separator" value="&#10;"/>
    <property name="java.vm.specification.vendor" value="Oracle Corporation"/>
    <property name="java.specification.name" value="Java Platform API Specification"/>
    <property name="java.awt.graphicsenv" value="sun.awt.X11GraphicsEnvironment"/>
    <property name="surefire.real.class.path" value="/workdir/ratis-test/target/surefire/surefirebooter8581354743370275097.jar"/>
    <property name="sun.boot.class.path" value="/usr/lib/jvm/java-1.8-openjdk/jre/lib/resources.jar:/usr/lib/jvm/java-1.8-openjdk/jre/lib/rt.jar:/usr/lib/jvm/java-1.8-openjdk/jre/lib/sunrsasign.jar:/usr/lib/jvm/java-1.8-openjdk/jre/lib/jsse.jar:/usr/lib/jvm/java-1.8-openjdk/jre/lib/jce.jar:/usr/lib/jvm/java-1.8-openjdk/jre/lib/charsets.jar:/usr/lib/jvm/java-1.8-openjdk/jre/lib/jfr.jar:/usr/lib/jvm/java-1.8-openjdk/jre/classes"/>
    <property name="sun.management.compiler" value="HotSpot 64-Bit Tiered Compilers"/>
    <property name="java.runtime.version" value="1.8.0_212-b04"/>
    <property name="java.net.preferIPv4Stack" value="true"/>
    <property name="user.name" value="jenkins1000"/>
    <property name="path.separator" value=":"/>
    <property name="os.version" value="3.10.0-957.12.2.el7.x86_64"/>
    <property name="java.endorsed.dirs" value="/usr/lib/jvm/java-1.8-openjdk/jre/lib/endorsed"/>
    <property name="java.runtime.name" value="OpenJDK Runtime Environment"/>
    <property name="file.encoding" value="UTF-8"/>
    <property name="java.vm.name" value="OpenJDK 64-Bit Server VM"/>
    <property name="localRepository" value="/home/user/.m2/repository"/>
    <property name="java.vendor.url.bug" value="https://icedtea.classpath.org/bugzilla"/>
    <property name="java.io.tmpdir" value="/tmp"/>
    <property name="java.version" value="1.8.0_212"/>
    <property name="user.dir" value="/workdir/ratis-test"/>
    <property name="os.arch" value="amd64"/>
    <property name="ratis.tmp.dir" value="/workdir/ratis-test/target/tmp"/>
    <property name="java.vm.specification.name" value="Java Virtual Machine Specification"/>
    <property name="java.awt.printerjob" value="sun.print.PSPrinterJob"/>
    <property name="ratis.log.dir" value="/workdir/ratis-test/target/log"/>
    <property name="sun.os.patch.level" value="unknown"/>
    <property name="java.library.path" value="/usr/lib/jvm/java-1.8-openjdk/jre/lib/amd64/server:/usr/lib/jvm/java-1.8-openjdk/jre/lib/amd64:/usr/lib/jvm/java-1.8-openjdk/jre/../lib/amd64:/usr/java/packages/lib/amd64:/usr/lib64:/lib64:/lib:/usr/lib"/>
    <property name="java.vm.info" value="mixed mode"/>
    <property name="java.vendor" value="IcedTea"/>
    <property name="java.vm.version" value="25.212-b04"/>
    <property name="java.ext.dirs" value="/usr/lib/jvm/java-1.8-openjdk/jre/lib/ext:/usr/java/packages/lib/ext"/>
    <property name="sun.io.unicode.encoding" value="UnicodeLittle"/>
    <property name="java.class.version" value="52.0"/>
  </properties>
  <testcase name="testNoChangeRequest" classname="org.apache.ratis.grpc.TestRaftReconfigurationWithGrpc" time="2.256"/>
  <testcase name="testRemovePeers" classname="org.apache.ratis.grpc.TestRaftReconfigurationWithGrpc" time="1.932"/>
  <testcase name="testAddRemovePeers" classname="org.apache.ratis.grpc.TestRaftReconfigurationWithGrpc" time="2.84"/>
  <testcase name="testRevertConfigurationChange" classname="org.apache.ratis.grpc.TestRaftReconfigurationWithGrpc" time="3.229"/>
  <testcase name="testBootstrapReconf" classname="org.apache.ratis.grpc.TestRaftReconfigurationWithGrpc" time="6.044">
    <error type="java.lang.NullPointerException">java.lang.NullPointerException
</error>
    <system-out><![CDATA[2019-09-26 10:00:43,550 INFO  util.LogUtils (LogUtils.java:setLogLevel(41)) - Set org.apache.ratis.conf.ConfUtils log level to WARN
2019-09-26 10:00:43,550 INFO  util.LogUtils (LogUtils.java:setLogLevel(41)) - Set org.apache.ratis.util.FileUtils log level to TRACE
2019-09-26 10:00:43,552 INFO  ratis.MiniRaftCluster (MiniRaftCluster.java:runWithNewCluster(119)) - Running runWithNewCluster
2019-09-26 10:00:43,552 INFO  ratis.MiniRaftCluster (MiniRaftCluster.java:<init>(253)) - new MiniRaftClusterWithGrpc with group-FE6EA6DB94F5:[s0:0.0.0.0:42984, s1:0.0.0.0:33314, s2:0.0.0.0:37104]
2019-09-26 10:00:43,553 INFO  ratis.MiniRaftCluster (MiniRaftCluster.java:start(287)) - .............................................................. 
2019-09-26 10:00:43,553 INFO  ratis.MiniRaftCluster (MiniRaftCluster.java:start(288)) - ... 
2019-09-26 10:00:43,553 INFO  ratis.MiniRaftCluster (MiniRaftCluster.java:start(289)) - ...     Starting MiniRaftClusterWithGrpc
2019-09-26 10:00:43,553 INFO  ratis.MiniRaftCluster (MiniRaftCluster.java:start(290)) - ... 
2019-09-26 10:00:43,553 INFO  ratis.MiniRaftCluster (MiniRaftCluster.java:start(291)) - .............................................................. 
2019-09-26 10:00:43,553 INFO  ratis.MiniRaftCluster (MiniRaftCluster.java:initServers(265)) - servers = {}
2019-09-26 10:00:43,554 INFO  ratis.MiniRaftCluster (MiniRaftCluster.java:newRaftServer(330)) - newRaftServer: s0, group-FE6EA6DB94F5:[s0:0.0.0.0:42984, s1:0.0.0.0:33314, s2:0.0.0.0:37104], format? true
2019-09-26 10:00:43,555 TRACE util.FileUtils (FileUtils.java:deleteFully(88)) - deleteFully target/test/data/fe4d9539/MiniRaftClusterWithGrpcb0829ea5/s0
2019-09-26 10:00:43,555 TRACE util.FileUtils (FileUtils.java:deleteFully(104)) - deleteFully: target/test/data/fe4d9539/MiniRaftClusterWithGrpcb0829ea5/s0 does not exist.
2019-09-26 10:00:43,555 INFO  ratis.MiniRaftCluster (MiniRaftCluster.java:newRaftServer(335)) - Formatted directory target/test/data/fe4d9539/MiniRaftClusterWithGrpcb0829ea5/s0
2019-09-26 10:00:43,556 INFO  impl.RaftServerProxy (ConfUtils.java:logGet(43)) - raft.rpc.type = GRPC (default)
2019-09-26 10:00:43,556 INFO  grpc.GrpcFactory (GrpcFactory.java:checkPooledByteBufAllocatorUseCacheForAllThreads(45)) - PERFORMANCE WARNING: useCacheForAllThreads is true that may cause Netty to create a lot garbage objects and, as a result, trigger GC.
	It is recommended to disable useCacheForAllThreads by setting -Dorg.apache.ratis.thirdparty.io.netty.allocator.useCacheForAllThreads=false in command line.
2019-09-26 10:00:43,556 INFO  grpc.GrpcConfigKeys$Server (ConfUtils.java:logGet(43)) - raft.grpc.server.port = 42984 (custom)
2019-09-26 10:00:43,557 INFO  server.GrpcService (ConfUtils.java:logGet(43)) - raft.grpc.message.size.max = 64MB (=67108864) (default)
2019-09-26 10:00:43,557 INFO  server.RaftServerConfigKeys (ConfUtils.java:logGet(43)) - raft.server.log.appender.buffer.byte-limit = 4MB (=4194304) (default)
2019-09-26 10:00:43,557 INFO  server.GrpcService (ConfUtils.java:logGet(43)) - raft.grpc.flow.control.window = 1MB (=1048576) (default)
2019-09-26 10:00:43,557 INFO  server.RaftServerConfigKeys (ConfUtils.java:logGet(43)) - raft.server.rpc.request.timeout = 3000ms (default)
2019-09-26 10:00:43,558 INFO  server.RaftServerConfigKeys (ConfUtils.java:logGet(43)) - raft.server.storage.dir = [/workdir/ratis-test/target/test/data/fe4d9539/MiniRaftClusterWithGrpcb0829ea5/s0] (custom)
2019-09-26 10:00:43,559 INFO  impl.RaftServerProxy (RaftServerProxy.java:addNew(89)) - s0: addNew group-FE6EA6DB94F5:[s0:0.0.0.0:42984, s1:0.0.0.0:33314, s2:0.0.0.0:37104] returns group-FE6EA6DB94F5:java.util.concurrent.CompletableFuture@23baf265[Not completed]
2019-09-26 10:00:43,559 INFO  impl.RaftServerImpl (RaftServerImpl.java:<init>(95)) - s0: new RaftServerImpl for group-FE6EA6DB94F5:[s0:0.0.0.0:42984, s1:0.0.0.0:33314, s2:0.0.0.0:37104] with BaseStateMachine:uninitialized
2019-09-26 10:00:43,559 INFO  ratis.MiniRaftCluster (MiniRaftCluster.java:newRaftServer(330)) - newRaftServer: s1, group-FE6EA6DB94F5:[s0:0.0.0.0:42984, s1:0.0.0.0:33314, s2:0.0.0.0:37104], format? true
2019-09-26 10:00:43,560 INFO  server.RaftServerConfigKeys (ConfUtils.java:logGet(43)) - raft.server.rpc.timeout.min = 150ms (default)
2019-09-26 10:00:43,560 TRACE util.FileUtils (FileUtils.java:deleteFully(88)) - deleteFully target/test/data/fe4d9539/MiniRaftClusterWithGrpcb0829ea5/s1
2019-09-26 10:00:43,560 INFO  server.RaftServerConfigKeys (ConfUtils.java:logGet(43)) - raft.server.rpc.timeout.max = 300ms (default)
2019-09-26 10:00:43,560 TRACE util.FileUtils (FileUtils.java:deleteFully(104)) - deleteFully: target/test/data/fe4d9539/MiniRaftClusterWithGrpcb0829ea5/s1 does not exist.
2019-09-26 10:00:43,560 INFO  ratis.MiniRaftCluster (MiniRaftCluster.java:newRaftServer(335)) - Formatted directory target/test/data/fe4d9539/MiniRaftClusterWithGrpcb0829ea5/s1
2019-09-26 10:00:43,560 INFO  server.RaftServerConfigKeys (ConfUtils.java:logGet(43)) - raft.server.rpcslowness.timeout = 60s (default)
2019-09-26 10:00:43,561 INFO  server.RaftServerConfigKeys (ConfUtils.java:logGet(43)) - raft.server.sleep.deviation.threshold = 300 (default)
2019-09-26 10:00:43,561 INFO  impl.RaftServerProxy (ConfUtils.java:logGet(43)) - raft.rpc.type = GRPC (default)
2019-09-26 10:00:43,561 INFO  server.RaftServerConfigKeys (ConfUtils.java:logGet(43)) - raft.server.log.appender.install.snapshot.enabled = true (default)
2019-09-26 10:00:43,561 INFO  grpc.GrpcFactory (GrpcFactory.java:checkPooledByteBufAllocatorUseCacheForAllThreads(45)) - PERFORMANCE WARNING: useCacheForAllThreads is true that may cause Netty to create a lot garbage objects and, as a result, trigger GC.
	It is recommended to disable useCacheForAllThreads by setting -Dorg.apache.ratis.thirdparty.io.netty.allocator.useCacheForAllThreads=false in command line.
2019-09-26 10:00:43,561 INFO  impl.RaftServerImpl (ServerState.java:<init>(103)) - s0@group-FE6EA6DB94F5: ConfigurationManager, init=-1: [s0:0.0.0.0:42984, s1:0.0.0.0:33314, s2:0.0.0.0:37104], old=null, confs=<EMPTY_MAP>
2019-09-26 10:00:43,561 INFO  grpc.GrpcConfigKeys$Server (ConfUtils.java:logGet(43)) - raft.grpc.server.port = 33314 (custom)
2019-09-26 10:00:43,562 INFO  server.RaftServerConfigKeys (ConfUtils.java:logGet(43)) - raft.server.storage.dir = [/workdir/ratis-test/target/test/data/fe4d9539/MiniRaftClusterWithGrpcb0829ea5/s0] (custom)
2019-09-26 10:00:43,562 INFO  server.GrpcService (ConfUtils.java:logGet(43)) - raft.grpc.message.size.max = 64MB (=67108864) (default)
2019-09-26 10:00:43,562 INFO  server.RaftServerConfigKeys (ConfUtils.java:logGet(43)) - raft.server.log.corruption.policy = EXCEPTION (default)
2019-09-26 10:00:43,562 INFO  server.RaftServerConfigKeys (ConfUtils.java:logGet(43)) - raft.server.log.appender.buffer.byte-limit = 4MB (=4194304) (default)
2019-09-26 10:00:43,562 INFO  storage.RaftStorageDirectory (RaftStorageDirectory.java:analyzeStorage(246)) - The storage directory /workdir/ratis-test/target/test/data/fe4d9539/MiniRaftClusterWithGrpcb0829ea5/s0/f22d41d2-9603-42e4-a82d-fe6ea6db94f5 does not exist. Creating ...
2019-09-26 10:00:43,562 INFO  server.GrpcService (ConfUtils.java:logGet(43)) - raft.grpc.flow.control.window = 1MB (=1048576) (default)
2019-09-26 10:00:43,563 INFO  server.RaftServerConfigKeys (ConfUtils.java:logGet(43)) - raft.server.rpc.request.timeout = 3000ms (default)
2019-09-26 10:00:43,563 INFO  server.RaftServerConfigKeys (ConfUtils.java:logGet(43)) - raft.server.storage.dir = [/workdir/ratis-test/target/test/data/fe4d9539/MiniRaftClusterWithGrpcb0829ea5/s1] (custom)
2019-09-26 10:00:43,563 TRACE util.FileUtils (LogUtils.java:runAndLog(61)) - Successfully ran Files.createDirectories /workdir/ratis-test/target/test/data/fe4d9539/MiniRaftClusterWithGrpcb0829ea5/s0/f22d41d2-9603-42e4-a82d-fe6ea6db94f5
2019-09-26 10:00:43,563 INFO  impl.RaftServerProxy (RaftServerProxy.java:addNew(89)) - s1: addNew group-FE6EA6DB94F5:[s0:0.0.0.0:42984, s1:0.0.0.0:33314, s2:0.0.0.0:37104] returns group-FE6EA6DB94F5:java.util.concurrent.CompletableFuture@49d88e8e[Not completed]
2019-09-26 10:00:43,564 INFO  impl.RaftServerImpl (RaftServerImpl.java:<init>(95)) - s1: new RaftServerImpl for group-FE6EA6DB94F5:[s0:0.0.0.0:42984, s1:0.0.0.0:33314, s2:0.0.0.0:37104] with BaseStateMachine:uninitialized
2019-09-26 10:00:43,564 INFO  ratis.MiniRaftCluster (MiniRaftCluster.java:newRaftServer(330)) - newRaftServer: s2, group-FE6EA6DB94F5:[s0:0.0.0.0:42984, s1:0.0.0.0:33314, s2:0.0.0.0:37104], format? true
2019-09-26 10:00:43,564 INFO  server.RaftServerConfigKeys (ConfUtils.java:logGet(43)) - raft.server.rpc.timeout.min = 150ms (default)
2019-09-26 10:00:43,564 TRACE util.FileUtils (FileUtils.java:deleteFully(88)) - deleteFully target/test/data/fe4d9539/MiniRaftClusterWithGrpcb0829ea5/s2
2019-09-26 10:00:43,565 INFO  server.RaftServerConfigKeys (ConfUtils.java:logGet(43)) - raft.server.rpc.timeout.max = 300ms (default)
2019-09-26 10:00:43,565 TRACE util.FileUtils (FileUtils.java:deleteFully(104)) - deleteFully: target/test/data/fe4d9539/MiniRaftClusterWithGrpcb0829ea5/s2 does not exist.
2019-09-26 10:00:43,565 INFO  server.RaftServerConfigKeys (ConfUtils.java:logGet(43)) - raft.server.rpcslowness.timeout = 60s (default)
2019-09-26 10:00:43,565 INFO  ratis.MiniRaftCluster (MiniRaftCluster.java:newRaftServer(335)) - Formatted directory target/test/data/fe4d9539/MiniRaftClusterWithGrpcb0829ea5/s2
2019-09-26 10:00:43,565 INFO  server.RaftServerConfigKeys (ConfUtils.java:logGet(43)) - raft.server.sleep.deviation.threshold = 300 (default)
2019-09-26 10:00:43,565 INFO  server.RaftServerConfigKeys (ConfUtils.java:logGet(43)) - raft.server.log.appender.install.snapshot.enabled = true (default)
2019-09-26 10:00:43,565 INFO  impl.RaftServerProxy (ConfUtils.java:logGet(43)) - raft.rpc.type = GRPC (default)
2019-09-26 10:00:43,566 INFO  impl.RaftServerImpl (ServerState.java:<init>(103)) - s1@group-FE6EA6DB94F5: ConfigurationManager, init=-1: [s0:0.0.0.0:42984, s1:0.0.0.0:33314, s2:0.0.0.0:37104], old=null, confs=<EMPTY_MAP>
2019-09-26 10:00:43,566 INFO  grpc.GrpcFactory (GrpcFactory.java:checkPooledByteBufAllocatorUseCacheForAllThreads(45)) - PERFORMANCE WARNING: useCacheForAllThreads is true that may cause Netty to create a lot garbage objects and, as a result, trigger GC.
	It is recommended to disable useCacheForAllThreads by setting -Dorg.apache.ratis.thirdparty.io.netty.allocator.useCacheForAllThreads=false in command line.
2019-09-26 10:00:43,566 INFO  server.RaftServerConfigKeys (ConfUtils.java:logGet(43)) - raft.server.storage.dir = [/workdir/ratis-test/target/test/data/fe4d9539/MiniRaftClusterWithGrpcb0829ea5/s1] (custom)
2019-09-26 10:00:43,566 INFO  grpc.GrpcConfigKeys$Server (ConfUtils.java:logGet(43)) - raft.grpc.server.port = 37104 (custom)
2019-09-26 10:00:43,566 INFO  server.RaftServerConfigKeys (ConfUtils.java:logGet(43)) - raft.server.log.corruption.policy = EXCEPTION (default)
2019-09-26 10:00:43,566 INFO  server.GrpcService (ConfUtils.java:logGet(43)) - raft.grpc.message.size.max = 64MB (=67108864) (default)
2019-09-26 10:00:43,567 INFO  storage.RaftStorageDirectory (RaftStorageDirectory.java:analyzeStorage(246)) - The storage directory /workdir/ratis-test/target/test/data/fe4d9539/MiniRaftClusterWithGrpcb0829ea5/s1/f22d41d2-9603-42e4-a82d-fe6ea6db94f5 does not exist. Creating ...
2019-09-26 10:00:43,567 INFO  server.RaftServerConfigKeys (ConfUtils.java:logGet(43)) - raft.server.log.appender.buffer.byte-limit = 4MB (=4194304) (default)
2019-09-26 10:00:43,567 INFO  server.GrpcService (ConfUtils.java:logGet(43)) - raft.grpc.flow.control.window = 1MB (=1048576) (default)
2019-09-26 10:00:43,567 INFO  server.RaftServerConfigKeys (ConfUtils.java:logGet(43)) - raft.server.rpc.request.timeout = 3000ms (default)
2019-09-26 10:00:43,567 TRACE util.FileUtils (LogUtils.java:runAndLog(61)) - Successfully ran Files.createDirectories /workdir/ratis-test/target/test/data/fe4d9539/MiniRaftClusterWithGrpcb0829ea5/s1/f22d41d2-9603-42e4-a82d-fe6ea6db94f5
2019-09-26 10:00:43,568 INFO  server.RaftServerConfigKeys (ConfUtils.java:logGet(43)) - raft.server.storage.dir = [/workdir/ratis-test/target/test/data/fe4d9539/MiniRaftClusterWithGrpcb0829ea5/s2] (custom)
2019-09-26 10:00:43,568 INFO  impl.RaftServerProxy (RaftServerProxy.java:addNew(89)) - s2: addNew group-FE6EA6DB94F5:[s0:0.0.0.0:42984, s1:0.0.0.0:33314, s2:0.0.0.0:37104] returns group-FE6EA6DB94F5:java.util.concurrent.CompletableFuture@40b7e981[Not completed]
2019-09-26 10:00:43,568 INFO  impl.RaftServerImpl (RaftServerImpl.java:<init>(95)) - s2: new RaftServerImpl for group-FE6EA6DB94F5:[s0:0.0.0.0:42984, s1:0.0.0.0:33314, s2:0.0.0.0:37104] with BaseStateMachine:uninitialized
2019-09-26 10:00:43,569 INFO  server.RaftServerConfigKeys (ConfUtils.java:logGet(43)) - raft.server.rpc.timeout.min = 150ms (default)
2019-09-26 10:00:43,569 INFO  server.RaftServerConfigKeys (ConfUtils.java:logGet(43)) - raft.server.rpc.timeout.max = 300ms (default)
2019-09-26 10:00:43,569 INFO  server.RaftServerConfigKeys (ConfUtils.java:logGet(43)) - raft.server.rpcslowness.timeout = 60s (default)
2019-09-26 10:00:43,569 INFO  server.RaftServerConfigKeys (ConfUtils.java:logGet(43)) - raft.server.sleep.deviation.threshold = 300 (default)
2019-09-26 10:00:43,569 INFO  server.RaftServerConfigKeys (ConfUtils.java:logGet(43)) - raft.server.log.appender.install.snapshot.enabled = true (default)
2019-09-26 10:00:43,570 INFO  impl.RaftServerImpl (ServerState.java:<init>(103)) - s2@group-FE6EA6DB94F5: ConfigurationManager, init=-1: [s0:0.0.0.0:42984, s1:0.0.0.0:33314, s2:0.0.0.0:37104], old=null, confs=<EMPTY_MAP>
2019-09-26 10:00:43,570 INFO  server.RaftServerConfigKeys (ConfUtils.java:logGet(43)) - raft.server.storage.dir = [/workdir/ratis-test/target/test/data/fe4d9539/MiniRaftClusterWithGrpcb0829ea5/s2] (custom)
2019-09-26 10:00:43,570 INFO  server.RaftServerConfigKeys (ConfUtils.java:logGet(43)) - raft.server.log.corruption.policy = EXCEPTION (default)
2019-09-26 10:00:43,570 INFO  storage.RaftStorageDirectory (RaftStorageDirectory.java:analyzeStorage(246)) - The storage directory /workdir/ratis-test/target/test/data/fe4d9539/MiniRaftClusterWithGrpcb0829ea5/s2/f22d41d2-9603-42e4-a82d-fe6ea6db94f5 does not exist. Creating ...
2019-09-26 10:00:43,571 TRACE util.FileUtils (LogUtils.java:runAndLog(61)) - Successfully ran Files.createDirectories /workdir/ratis-test/target/test/data/fe4d9539/MiniRaftClusterWithGrpcb0829ea5/s2/f22d41d2-9603-42e4-a82d-fe6ea6db94f5
2019-09-26 10:00:43,577 INFO  storage.RaftStorageDirectory (RaftStorageDirectory.java:tryLock(328)) - Lock on /workdir/ratis-test/target/test/data/fe4d9539/MiniRaftClusterWithGrpcb0829ea5/s1/f22d41d2-9603-42e4-a82d-fe6ea6db94f5/in_use.lock acquired by nodename 13417@ratis-test-kn96w-682825239
2019-09-26 10:00:43,577 INFO  storage.RaftStorageDirectory (RaftStorageDirectory.java:tryLock(328)) - Lock on /workdir/ratis-test/target/test/data/fe4d9539/MiniRaftClusterWithGrpcb0829ea5/s0/f22d41d2-9603-42e4-a82d-fe6ea6db94f5/in_use.lock acquired by nodename 13417@ratis-test-kn96w-682825239
2019-09-26 10:00:43,577 INFO  storage.RaftStorageDirectory (RaftStorageDirectory.java:tryLock(328)) - Lock on /workdir/ratis-test/target/test/data/fe4d9539/MiniRaftClusterWithGrpcb0829ea5/s2/f22d41d2-9603-42e4-a82d-fe6ea6db94f5/in_use.lock acquired by nodename 13417@ratis-test-kn96w-682825239
2019-09-26 10:00:43,578 TRACE util.FileUtils (LogUtils.java:runAndLog(61)) - Successfully ran Files.createDirectories /workdir/ratis-test/target/test/data/fe4d9539/MiniRaftClusterWithGrpcb0829ea5/s0/f22d41d2-9603-42e4-a82d-fe6ea6db94f5/current
2019-09-26 10:00:43,577 TRACE util.FileUtils (LogUtils.java:runAndLog(61)) - Successfully ran Files.createDirectories /workdir/ratis-test/target/test/data/fe4d9539/MiniRaftClusterWithGrpcb0829ea5/s1/f22d41d2-9603-42e4-a82d-fe6ea6db94f5/current
2019-09-26 10:00:43,578 TRACE util.FileUtils (LogUtils.java:runAndLog(61)) - Successfully ran Files.createDirectories /workdir/ratis-test/target/test/data/fe4d9539/MiniRaftClusterWithGrpcb0829ea5/s0/f22d41d2-9603-42e4-a82d-fe6ea6db94f5/sm
2019-09-26 10:00:43,578 TRACE util.FileUtils (LogUtils.java:runAndLog(61)) - Successfully ran Files.createDirectories /workdir/ratis-test/target/test/data/fe4d9539/MiniRaftClusterWithGrpcb0829ea5/s2/f22d41d2-9603-42e4-a82d-fe6ea6db94f5/current
2019-09-26 10:00:43,578 TRACE util.FileUtils (LogUtils.java:runAndLog(61)) - Successfully ran Files.createDirectories /workdir/ratis-test/target/test/data/fe4d9539/MiniRaftClusterWithGrpcb0829ea5/s1/f22d41d2-9603-42e4-a82d-fe6ea6db94f5/sm
2019-09-26 10:00:43,578 TRACE util.FileUtils (LogUtils.java:runAndLog(61)) - Successfully ran Files.createDirectories /workdir/ratis-test/target/test/data/fe4d9539/MiniRaftClusterWithGrpcb0829ea5/s2/f22d41d2-9603-42e4-a82d-fe6ea6db94f5/sm
2019-09-26 10:00:43,593 INFO  storage.RaftStorage (RaftStorage.java:format(84)) - Storage directory /workdir/ratis-test/target/test/data/fe4d9539/MiniRaftClusterWithGrpcb0829ea5/s1/f22d41d2-9603-42e4-a82d-fe6ea6db94f5 has been successfully formatted.
2019-09-26 10:00:43,593 INFO  storage.RaftStorage (RaftStorage.java:format(84)) - Storage directory /workdir/ratis-test/target/test/data/fe4d9539/MiniRaftClusterWithGrpcb0829ea5/s0/f22d41d2-9603-42e4-a82d-fe6ea6db94f5 has been successfully formatted.
2019-09-26 10:00:43,593 INFO  storage.RaftStorage (RaftStorage.java:format(84)) - Storage directory /workdir/ratis-test/target/test/data/fe4d9539/MiniRaftClusterWithGrpcb0829ea5/s2/f22d41d2-9603-42e4-a82d-fe6ea6db94f5 has been successfully formatted.
2019-09-26 10:00:43,593 INFO  server.RaftServerConfigKeys (ConfUtils.java:logGet(43)) - raft.server.notification.no-leader.timeout = 60s (default)
2019-09-26 10:00:43,593 INFO  server.RaftServerConfigKeys (ConfUtils.java:logGet(43)) - raft.server.notification.no-leader.timeout = 60s (default)
2019-09-26 10:00:43,594 INFO  server.RaftServerConfigKeys (ConfUtils.java:logGet(43)) - raft.server.log.use.memory = false (default)
2019-09-26 10:00:43,594 INFO  server.RaftServerConfigKeys (ConfUtils.java:logGet(43)) - raft.server.notification.no-leader.timeout = 60s (default)
2019-09-26 10:00:43,594 INFO  server.RaftServerConfigKeys (ConfUtils.java:logGet(43)) - raft.server.log.purge.gap = 1024 (default)
2019-09-26 10:00:43,594 INFO  server.RaftServerConfigKeys (ConfUtils.java:logGet(43)) - raft.server.log.appender.buffer.byte-limit = 4MB (=4194304) (default)
2019-09-26 10:00:43,594 INFO  server.RaftServerConfigKeys (ConfUtils.java:logGet(43)) - raft.server.log.use.memory = false (default)
2019-09-26 10:00:43,594 INFO  server.RaftServerConfigKeys (ConfUtils.java:logGet(43)) - raft.server.log.segment.size.max = 8MB (=8388608) (default)
2019-09-26 10:00:43,594 INFO  server.RaftServerConfigKeys (ConfUtils.java:logGet(43)) - raft.server.log.use.memory = false (default)
2019-09-26 10:00:43,595 INFO  server.RaftServerConfigKeys (ConfUtils.java:logGet(43)) - raft.server.log.segment.cache.num.max = 6 (default)
2019-09-26 10:00:43,594 INFO  server.RaftServerConfigKeys (ConfUtils.java:logGet(43)) - raft.server.log.purge.gap = 1024 (default)
2019-09-26 10:00:43,595 INFO  segmented.SegmentedRaftLogWorker (SegmentedRaftLogWorker.java:<init>(172)) - new s0@group-FE6EA6DB94F5-SegmentedRaftLogWorker for RaftStorage:Storage Directory /workdir/ratis-test/target/test/data/fe4d9539/MiniRaftClusterWithGrpcb0829ea5/s0/f22d41d2-9603-42e4-a82d-fe6ea6db94f5
2019-09-26 10:00:43,595 INFO  server.RaftServerConfigKeys (ConfUtils.java:logGet(43)) - raft.server.log.purge.gap = 1024 (default)
2019-09-26 10:00:43,595 INFO  server.RaftServerConfigKeys (ConfUtils.java:logGet(43)) - raft.server.log.queue.byte-limit = 64MB (=67108864) (default)
2019-09-26 10:00:43,595 INFO  server.RaftServerConfigKeys (ConfUtils.java:logGet(43)) - raft.server.log.appender.buffer.byte-limit = 4MB (=4194304) (default)
2019-09-26 10:00:43,595 INFO  server.RaftServerConfigKeys (ConfUtils.java:logGet(43)) - raft.server.log.queue.element-limit = 4096 (default)
2019-09-26 10:00:43,595 INFO  server.RaftServerConfigKeys (ConfUtils.java:logGet(43)) - raft.server.log.appender.buffer.byte-limit = 4MB (=4194304) (default)
2019-09-26 10:00:43,595 INFO  server.RaftServerConfigKeys (ConfUtils.java:logGet(43)) - raft.server.log.segment.size.max = 8MB (=8388608) (default)
2019-09-26 10:00:43,595 INFO  server.RaftServerConfigKeys (ConfUtils.java:logGet(43)) - raft.server.log.segment.size.max = 8MB (=8388608) (default)
2019-09-26 10:00:43,596 INFO  server.RaftServerConfigKeys (ConfUtils.java:logGet(43)) - raft.server.log.preallocated.size = 4MB (=4194304) (default)
2019-09-26 10:00:43,596 INFO  server.RaftServerConfigKeys (ConfUtils.java:logGet(43)) - raft.server.log.segment.size.max = 8MB (=8388608) (default)
2019-09-26 10:00:43,596 INFO  server.RaftServerConfigKeys (ConfUtils.java:logGet(43)) - raft.server.log.write.buffer.size = 64KB (=65536) (default)
2019-09-26 10:00:43,596 INFO  server.RaftServerConfigKeys (ConfUtils.java:logGet(43)) - raft.server.log.segment.cache.num.max = 6 (default)
2019-09-26 10:00:43,596 INFO  server.RaftServerConfigKeys (ConfUtils.java:logGet(43)) - raft.server.log.force.sync.num = 128 (default)
2019-09-26 10:00:43,596 INFO  server.RaftServerConfigKeys (ConfUtils.java:logGet(43)) - raft.server.log.segment.cache.num.max = 6 (default)
2019-09-26 10:00:43,596 INFO  server.RaftServerConfigKeys (ConfUtils.java:logGet(43)) - raft.server.log.statemachine.data.sync = true (default)
2019-09-26 10:00:43,596 INFO  segmented.SegmentedRaftLogWorker (SegmentedRaftLogWorker.java:<init>(172)) - new s1@group-FE6EA6DB94F5-SegmentedRaftLogWorker for RaftStorage:Storage Directory /workdir/ratis-test/target/test/data/fe4d9539/MiniRaftClusterWithGrpcb0829ea5/s1/f22d41d2-9603-42e4-a82d-fe6ea6db94f5
2019-09-26 10:00:43,597 INFO  server.RaftServerConfigKeys (ConfUtils.java:logGet(43)) - raft.server.log.statemachine.data.sync.timeout = 10s (default)
2019-09-26 10:00:43,597 INFO  segmented.SegmentedRaftLogWorker (SegmentedRaftLogWorker.java:<init>(172)) - new s2@group-FE6EA6DB94F5-SegmentedRaftLogWorker for RaftStorage:Storage Directory /workdir/ratis-test/target/test/data/fe4d9539/MiniRaftClusterWithGrpcb0829ea5/s2/f22d41d2-9603-42e4-a82d-fe6ea6db94f5
2019-09-26 10:00:43,597 INFO  server.RaftServerConfigKeys (ConfUtils.java:logGet(43)) - raft.server.log.statemachine.data.sync.timeout.retry = -1 (default)
2019-09-26 10:00:43,597 INFO  server.RaftServerConfigKeys (ConfUtils.java:logGet(43)) - raft.server.log.queue.byte-limit = 64MB (=67108864) (default)
2019-09-26 10:00:43,597 INFO  server.RaftServerConfigKeys (ConfUtils.java:logGet(43)) - raft.server.log.statemachine.data.caching.enabled = false (default)
2019-09-26 10:00:43,597 INFO  server.RaftServerConfigKeys (ConfUtils.java:logGet(43)) - raft.server.log.queue.byte-limit = 64MB (=67108864) (default)
2019-09-26 10:00:43,597 INFO  server.RaftServerConfigKeys (ConfUtils.java:logGet(43)) - raft.server.log.queue.element-limit = 4096 (default)
2019-09-26 10:00:43,597 INFO  segmented.SegmentedRaftLogWorker (SegmentedRaftLogWorker.java:lambda$new$0(132)) - s0@group-FE6EA6DB94F5-SegmentedRaftLogWorker: flushIndex: setUnconditionally 0 -> -1
2019-09-26 10:00:43,597 INFO  server.RaftServerConfigKeys (ConfUtils.java:logGet(43)) - raft.server.log.queue.element-limit = 4096 (default)
2019-09-26 10:00:43,598 INFO  server.RaftServerConfigKeys (ConfUtils.java:logGet(43)) - raft.server.log.segment.size.max = 8MB (=8388608) (default)
2019-09-26 10:00:43,598 INFO  server.RaftServerConfigKeys (ConfUtils.java:logGet(43)) - raft.server.log.segment.size.max = 8MB (=8388608) (default)
2019-09-26 10:00:43,598 INFO  server.RaftServerConfigKeys (ConfUtils.java:logGet(43)) - raft.server.snapshot.auto.trigger.enabled = false (default)
2019-09-26 10:00:43,598 INFO  server.RaftServerConfigKeys (ConfUtils.java:logGet(43)) - raft.server.log.preallocated.size = 4MB (=4194304) (default)
2019-09-26 10:00:43,598 INFO  server.RaftServerConfigKeys (ConfUtils.java:logGet(43)) - raft.server.log.preallocated.size = 4MB (=4194304) (default)
2019-09-26 10:00:43,598 INFO  server.RaftServerConfigKeys (ConfUtils.java:logGet(43)) - raft.server.log.write.buffer.size = 64KB (=65536) (default)
2019-09-26 10:00:43,598 INFO  server.RaftServerConfigKeys (ConfUtils.java:logGet(43)) - raft.server.snapshot.retention.file.num = -1 (default)
2019-09-26 10:00:43,598 INFO  server.RaftServerConfigKeys (ConfUtils.java:logGet(43)) - raft.server.log.force.sync.num = 128 (default)
2019-09-26 10:00:43,598 INFO  server.RaftServerConfigKeys (ConfUtils.java:logGet(43)) - raft.server.log.write.buffer.size = 64KB (=65536) (default)
2019-09-26 10:00:43,599 INFO  server.RaftServerConfigKeys (ConfUtils.java:logGet(43)) - raft.server.log.statemachine.data.sync = true (default)
2019-09-26 10:00:43,599 INFO  server.RaftServerConfigKeys (ConfUtils.java:logGet(43)) - raft.server.retrycache.expirytime = 60s (default)
2019-09-26 10:00:43,599 INFO  server.RaftServerConfigKeys (ConfUtils.java:logGet(43)) - raft.server.log.statemachine.data.sync.timeout = 10s (default)
2019-09-26 10:00:43,599 INFO  server.RaftServerConfigKeys (ConfUtils.java:logGet(43)) - raft.server.log.force.sync.num = 128 (default)
2019-09-26 10:00:43,599 INFO  server.RaftServerConfigKeys (ConfUtils.java:logGet(43)) - raft.server.log.statemachine.data.sync.timeout.retry = -1 (default)
2019-09-26 10:00:43,599 INFO  server.RaftServerConfigKeys (ConfUtils.java:logGet(43)) - raft.server.log.statemachine.data.sync = true (default)
2019-09-26 10:00:43,599 INFO  server.RaftServerConfigKeys (ConfUtils.java:logGet(43)) - raft.server.log.statemachine.data.caching.enabled = false (default)
2019-09-26 10:00:43,599 INFO  server.RaftServerConfigKeys (ConfUtils.java:logGet(43)) - raft.server.log.statemachine.data.sync.timeout = 10s (default)
2019-09-26 10:00:43,600 INFO  server.RaftServerConfigKeys (ConfUtils.java:logGet(43)) - raft.server.log.statemachine.data.sync.timeout.retry = -1 (default)
2019-09-26 10:00:43,600 INFO  segmented.SegmentedRaftLogWorker (SegmentedRaftLogWorker.java:lambda$new$0(132)) - s2@group-FE6EA6DB94F5-SegmentedRaftLogWorker: flushIndex: setUnconditionally 0 -> -1
2019-09-26 10:00:43,600 INFO  server.RaftServerConfigKeys (ConfUtils.java:logGet(43)) - raft.server.log.statemachine.data.caching.enabled = false (default)
2019-09-26 10:00:43,600 INFO  server.RaftServerConfigKeys (ConfUtils.java:logGet(43)) - raft.server.snapshot.auto.trigger.enabled = false (default)
2019-09-26 10:00:43,600 INFO  segmented.SegmentedRaftLogWorker (SegmentedRaftLogWorker.java:lambda$new$0(132)) - s1@group-FE6EA6DB94F5-SegmentedRaftLogWorker: flushIndex: setUnconditionally 0 -> -1
2019-09-26 10:00:43,600 INFO  server.RaftServerConfigKeys (ConfUtils.java:logGet(43)) - raft.server.snapshot.retention.file.num = -1 (default)
2019-09-26 10:00:43,600 INFO  server.RaftServerConfigKeys (ConfUtils.java:logGet(43)) - raft.server.retrycache.expirytime = 60s (default)
2019-09-26 10:00:43,600 INFO  server.RaftServerConfigKeys (ConfUtils.java:logGet(43)) - raft.server.snapshot.auto.trigger.enabled = false (default)
2019-09-26 10:00:43,601 INFO  server.RaftServerConfigKeys (ConfUtils.java:logGet(43)) - raft.server.snapshot.retention.file.num = -1 (default)
2019-09-26 10:00:43,601 INFO  server.RaftServerConfigKeys (ConfUtils.java:logGet(43)) - raft.server.retrycache.expirytime = 60s (default)
2019-09-26 10:00:43,602 INFO  impl.RaftServerImpl (RaftServerImpl.java:start(181)) - s0@group-FE6EA6DB94F5: start as a follower, conf=-1: [s0:0.0.0.0:42984, s1:0.0.0.0:33314, s2:0.0.0.0:37104], old=null
2019-09-26 10:00:43,602 INFO  impl.RaftServerImpl (RaftServerImpl.java:setRole(170)) - s0@group-FE6EA6DB94F5: changes role from      null to FOLLOWER at term 0 for startAsFollower
2019-09-26 10:00:43,603 INFO  impl.RoleInfo (RoleInfo.java:updateAndGet(143)) - s0: start FollowerState
2019-09-26 10:00:43,603 INFO  util.JmxRegister (JmxRegister.java:tryRegister(44)) - Successfully registered JMX Bean with object name Ratis:service=RaftServer,group=group-FE6EA6DB94F5,id=s0
2019-09-26 10:00:43,607 INFO  impl.RaftServerProxy (RaftServerProxy.java:lambda$start$3(299)) - s0: start RPC server
2019-09-26 10:00:43,607 INFO  server.GrpcService (GrpcService.java:startImpl(158)) - s0: GrpcService started, listening on 0.0.0.0/0.0.0.0:42984
2019-09-26 10:00:43,608 INFO  impl.RaftServerImpl (RaftServerImpl.java:start(181)) - s1@group-FE6EA6DB94F5: start as a follower, conf=-1: [s0:0.0.0.0:42984, s1:0.0.0.0:33314, s2:0.0.0.0:37104], old=null
2019-09-26 10:00:43,608 INFO  impl.RaftServerImpl (RaftServerImpl.java:setRole(170)) - s1@group-FE6EA6DB94F5: changes role from      null to FOLLOWER at term 0 for startAsFollower
2019-09-26 10:00:43,608 INFO  impl.RoleInfo (RoleInfo.java:updateAndGet(143)) - s1: start FollowerState
2019-09-26 10:00:43,609 INFO  util.JmxRegister (JmxRegister.java:tryRegister(44)) - Successfully registered JMX Bean with object name Ratis:service=RaftServer,group=group-FE6EA6DB94F5,id=s1
2019-09-26 10:00:43,611 INFO  impl.RaftServerProxy (RaftServerProxy.java:lambda$start$3(299)) - s1: start RPC server
2019-09-26 10:00:43,612 INFO  server.GrpcService (GrpcService.java:startImpl(158)) - s1: GrpcService started, listening on 0.0.0.0/0.0.0.0:33314
2019-09-26 10:00:43,612 INFO  impl.RaftServerImpl (RaftServerImpl.java:start(181)) - s2@group-FE6EA6DB94F5: start as a follower, conf=-1: [s0:0.0.0.0:42984, s1:0.0.0.0:33314, s2:0.0.0.0:37104], old=null
2019-09-26 10:00:43,612 INFO  impl.RaftServerImpl (RaftServerImpl.java:setRole(170)) - s2@group-FE6EA6DB94F5: changes role from      null to FOLLOWER at term 0 for startAsFollower
2019-09-26 10:00:43,612 INFO  impl.RoleInfo (RoleInfo.java:updateAndGet(143)) - s2: start FollowerState
2019-09-26 10:00:43,613 INFO  util.JmxRegister (JmxRegister.java:tryRegister(44)) - Successfully registered JMX Bean with object name Ratis:service=RaftServer,group=group-FE6EA6DB94F5,id=s2
2019-09-26 10:00:43,615 INFO  impl.RaftServerProxy (RaftServerProxy.java:lambda$start$3(299)) - s2: start RPC server
2019-09-26 10:00:43,617 INFO  server.GrpcService (GrpcService.java:startImpl(158)) - s2: GrpcService started, listening on 0.0.0.0/0.0.0.0:37104
2019-09-26 10:00:43,617 INFO  server.RaftServerConfigKeys (ConfUtils.java:logGet(43)) - raft.server.rpc.timeout.max = 300ms (default)
2019-09-26 10:00:43,618 INFO  ratis.RaftTestUtil (RaftTestUtil.java:waitForLeader(86)) - printing ALL groups
  s0:  RUNNING  FOLLOWER s0@group-FE6EA6DB94F5:t0, leader=null, voted=null, raftlog=s0@group-FE6EA6DB94F5-SegmentedRaftLog:OPENED:c-1,f-1,i0, conf=-1: [s0:0.0.0.0:42984, s1:0.0.0.0:33314, s2:0.0.0.0:37104], old=null RUNNING
  s1:  RUNNING  FOLLOWER s1@group-FE6EA6DB94F5:t0, leader=null, voted=null, raftlog=s1@group-FE6EA6DB94F5-SegmentedRaftLog:OPENED:c-1,f-1,i0, conf=-1: [s0:0.0.0.0:42984, s1:0.0.0.0:33314, s2:0.0.0.0:37104], old=null RUNNING
  s2:  RUNNING  FOLLOWER s2@group-FE6EA6DB94F5:t0, leader=null, voted=null, raftlog=s2@group-FE6EA6DB94F5-SegmentedRaftLog:OPENED:c-1,f-1,i0, conf=-1: [s0:0.0.0.0:42984, s1:0.0.0.0:33314, s2:0.0.0.0:37104], old=null RUNNING
2019-09-26 10:00:43,618 WARN  ratis.RaftTestUtil (JavaUtils.java:attempt(158)) - FAILED "waitForLeader-null-(expectLeader? true)", attempt #1/100: java.lang.IllegalStateException: No leader yet : printing ALL groups
  s0:  RUNNING  FOLLOWER s0@group-FE6EA6DB94F5:t0, leader=null, voted=null, raftlog=s0@group-FE6EA6DB94F5-SegmentedRaftLog:OPENED:c-1,f-1,i0, conf=-1: [s0:0.0.0.0:42984, s1:0.0.0.0:33314, s2:0.0.0.0:37104], old=null RUNNING
  s1:  RUNNING  FOLLOWER s1@group-FE6EA6DB94F5:t0, leader=null, voted=null, raftlog=s1@group-FE6EA6DB94F5-SegmentedRaftLog:OPENED:c-1,f-1,i0, conf=-1: [s0:0.0.0.0:42984, s1:0.0.0.0:33314, s2:0.0.0.0:37104], old=null RUNNING
  s2:  RUNNING  FOLLOWER s2@group-FE6EA6DB94F5:t0, leader=null, voted=null, raftlog=s2@group-FE6EA6DB94F5-SegmentedRaftLog:OPENED:c-1,f-1,i0, conf=-1: [s0:0.0.0.0:42984, s1:0.0.0.0:33314, s2:0.0.0.0:37104], old=null RUNNING, sleep 450ms and then retry.
java.lang.IllegalStateException: No leader yet : printing ALL groups
  s0:  RUNNING  FOLLOWER s0@group-FE6EA6DB94F5:t0, leader=null, voted=null, raftlog=s0@group-FE6EA6DB94F5-SegmentedRaftLog:OPENED:c-1,f-1,i0, conf=-1: [s0:0.0.0.0:42984, s1:0.0.0.0:33314, s2:0.0.0.0:37104], old=null RUNNING
  s1:  RUNNING  FOLLOWER s1@group-FE6EA6DB94F5:t0, leader=null, voted=null, raftlog=s1@group-FE6EA6DB94F5-SegmentedRaftLog:OPENED:c-1,f-1,i0, conf=-1: [s0:0.0.0.0:42984, s1:0.0.0.0:33314, s2:0.0.0.0:37104], old=null RUNNING
  s2:  RUNNING  FOLLOWER s2@group-FE6EA6DB94F5:t0, leader=null, voted=null, raftlog=s2@group-FE6EA6DB94F5-SegmentedRaftLog:OPENED:c-1,f-1,i0, conf=-1: [s0:0.0.0.0:42984, s1:0.0.0.0:33314, s2:0.0.0.0:37104], old=null RUNNING
	at org.apache.ratis.MiniRaftCluster.newIllegalStateExceptionForNoLeaders(MiniRaftCluster.java:506)
	at org.apache.ratis.RaftTestUtil.lambda$waitForLeader$1(RaftTestUtil.java:90)
	at org.apache.ratis.MiniRaftCluster.getLeader(MiniRaftCluster.java:539)
	at org.apache.ratis.MiniRaftCluster.getLeader(MiniRaftCluster.java:532)
	at org.apache.ratis.RaftTestUtil.lambda$waitForLeader$3(RaftTestUtil.java:98)
	at org.apache.ratis.util.JavaUtils.attempt(JavaUtils.java:152)
	at org.apache.ratis.RaftTestUtil.waitForLeader(RaftTestUtil.java:97)
	at org.apache.ratis.RaftTestUtil.waitForLeader(RaftTestUtil.java:77)
	at org.apache.ratis.RaftTestUtil.waitForLeader(RaftTestUtil.java:72)
	at org.apache.ratis.server.impl.RaftReconfigurationBaseTest.runTestBootstrapReconf(RaftReconfigurationBaseTest.java:259)
	at org.apache.ratis.MiniRaftCluster$Factory$Get.runWithNewCluster(MiniRaftCluster.java:125)
	at org.apache.ratis.MiniRaftCluster$Factory$Get.runWithNewCluster(MiniRaftCluster.java:113)
	at org.apache.ratis.server.impl.RaftReconfigurationBaseTest.testBootstrapReconf(RaftReconfigurationBaseTest.java:255)
	at sun.reflect.NativeMethodAccessorImpl.invoke0(Native Method)
	at sun.reflect.NativeMethodAccessorImpl.invoke(NativeMethodAccessorImpl.java:62)
	at sun.reflect.DelegatingMethodAccessorImpl.invoke(DelegatingMethodAccessorImpl.java:43)
	at java.lang.reflect.Method.invoke(Method.java:498)
	at org.junit.runners.model.FrameworkMethod$1.runReflectiveCall(FrameworkMethod.java:50)
	at org.junit.internal.runners.model.ReflectiveCallable.run(ReflectiveCallable.java:12)
	at org.junit.runners.model.FrameworkMethod.invokeExplosively(FrameworkMethod.java:47)
	at org.junit.internal.runners.statements.InvokeMethod.evaluate(InvokeMethod.java:17)
	at org.junit.internal.runners.statements.RunAfters.evaluate(RunAfters.java:27)
	at org.junit.internal.runners.statements.FailOnTimeout$CallableStatement.call(FailOnTimeout.java:298)
	at org.junit.internal.runners.statements.FailOnTimeout$CallableStatement.call(FailOnTimeout.java:292)
	at java.util.concurrent.FutureTask.run(FutureTask.java:266)
	at java.lang.Thread.run(Thread.java:748)
2019-09-26 10:00:43,769 INFO  impl.FollowerState (FollowerState.java:run(108)) - s0@group-FE6EA6DB94F5-FollowerState: change to CANDIDATE, lastRpcTime:166ms, electionTimeout:166ms
2019-09-26 10:00:43,770 INFO  impl.RoleInfo (RoleInfo.java:shutdownFollowerState(121)) - s0: shutdown FollowerState
2019-09-26 10:00:43,770 INFO  impl.RaftServerImpl (RaftServerImpl.java:setRole(170)) - s0@group-FE6EA6DB94F5: changes role from  FOLLOWER to CANDIDATE at term 0 for changeToCandidate
2019-09-26 10:00:43,771 INFO  impl.RoleInfo (RoleInfo.java:updateAndGet(143)) - s0: start LeaderElection
2019-09-26 10:00:43,797 INFO  impl.LeaderElection (LeaderElection.java:askForVotes(178)) - s0@group-FE6EA6DB94F5-LeaderElection19: begin an election at term 1 for -1: [s0:0.0.0.0:42984, s1:0.0.0.0:33314, s2:0.0.0.0:37104], old=null
2019-09-26 10:00:43,805 DEBUG impl.RaftServerImpl (RaftServerImpl.java:requestVote(743)) - s2@group-FE6EA6DB94F5: receive requestVote(s0, group-FE6EA6DB94F5, 1, (t:0, i:0))
2019-09-26 10:00:43,805 DEBUG impl.RaftServerImpl (RaftServerImpl.java:requestVote(743)) - s1@group-FE6EA6DB94F5: receive requestVote(s0, group-FE6EA6DB94F5, 1, (t:0, i:0))
2019-09-26 10:00:43,806 INFO  impl.RaftServerImpl (RaftServerImpl.java:setRole(170)) - s2@group-FE6EA6DB94F5: changes role from  FOLLOWER to FOLLOWER at term 1 for recognizeCandidate:s0
2019-09-26 10:00:43,806 INFO  impl.RaftServerImpl (RaftServerImpl.java:setRole(170)) - s1@group-FE6EA6DB94F5: changes role from  FOLLOWER to FOLLOWER at term 1 for recognizeCandidate:s0
2019-09-26 10:00:43,806 INFO  impl.RoleInfo (RoleInfo.java:shutdownFollowerState(121)) - s2: shutdown FollowerState
2019-09-26 10:00:43,806 INFO  impl.RoleInfo (RoleInfo.java:shutdownFollowerState(121)) - s1: shutdown FollowerState
2019-09-26 10:00:43,807 INFO  impl.FollowerState (FollowerState.java:run(117)) - s2@group-FE6EA6DB94F5-FollowerState was interrupted: java.lang.InterruptedException: sleep interrupted
2019-09-26 10:00:43,806 INFO  impl.RoleInfo (RoleInfo.java:updateAndGet(143)) - s2: start FollowerState
2019-09-26 10:00:43,807 INFO  impl.RoleInfo (RoleInfo.java:updateAndGet(143)) - s1: start FollowerState
2019-09-26 10:00:43,833 DEBUG impl.RaftServerImpl (RaftServerImpl.java:requestVote(775)) - s2@group-FE6EA6DB94F5 replies to vote request: s0<-s2#0:OK-t1. Peer's state: s2@group-FE6EA6DB94F5:t1, leader=null, voted=s0, raftlog=s2@group-FE6EA6DB94F5-SegmentedRaftLog:OPENED:c-1,f-1,i0, conf=-1: [s0:0.0.0.0:42984, s1:0.0.0.0:33314, s2:0.0.0.0:37104], old=null
2019-09-26 10:00:43,833 DEBUG impl.RaftServerImpl (RaftServerImpl.java:requestVote(775)) - s1@group-FE6EA6DB94F5 replies to vote request: s0<-s1#0:OK-t1. Peer's state: s1@group-FE6EA6DB94F5:t1, leader=null, voted=s0, raftlog=s1@group-FE6EA6DB94F5-SegmentedRaftLog:OPENED:c-1,f-1,i0, conf=-1: [s0:0.0.0.0:42984, s1:0.0.0.0:33314, s2:0.0.0.0:37104], old=null
2019-09-26 10:00:43,836 INFO  impl.LeaderElection (LeaderElection.java:logAndReturn(56)) - s0@group-FE6EA6DB94F5-LeaderElection19: Election PASSED; received 1 response(s) [s0<-s1#0:OK-t1] and 0 exception(s); s0@group-FE6EA6DB94F5:t1, leader=null, voted=s0, raftlog=s0@group-FE6EA6DB94F5-SegmentedRaftLog:OPENED:c-1,f-1,i0, conf=-1: [s0:0.0.0.0:42984, s1:0.0.0.0:33314, s2:0.0.0.0:37104], old=null
2019-09-26 10:00:43,836 INFO  impl.RoleInfo (RoleInfo.java:shutdownLeaderElection(134)) - s0: shutdown LeaderElection
2019-09-26 10:00:43,836 INFO  impl.RaftServerImpl (RaftServerImpl.java:setRole(170)) - s0@group-FE6EA6DB94F5: changes role from CANDIDATE to LEADER at term 1 for changeToLeader
2019-09-26 10:00:43,836 INFO  impl.RaftServerImpl (ServerState.java:setLeader(254)) - s0@group-FE6EA6DB94F5: change Leader from null to s0 at term 1 for becomeLeader, leader elected after 242ms
2019-09-26 10:00:43,836 INFO  server.RaftServerConfigKeys (ConfUtils.java:logGet(43)) - raft.server.staging.catchup.gap = 10 (custom)
2019-09-26 10:00:43,837 INFO  server.RaftServerConfigKeys (ConfUtils.java:logGet(43)) - raft.server.rpc.sleep.time = 25ms (default)
2019-09-26 10:00:43,837 INFO  server.RaftServerConfigKeys (ConfUtils.java:logGet(43)) - raft.server.write.element-limit = 4096 (default)
2019-09-26 10:00:43,837 INFO  server.RaftServerConfigKeys (ConfUtils.java:logGet(43)) - raft.server.watch.timeout = 10s (default)
2019-09-26 10:00:43,837 INFO  server.RaftServerConfigKeys (ConfUtils.java:logGet(43)) - raft.server.watch.timeout.denomination = 1s (default)
2019-09-26 10:00:43,837 INFO  server.RaftServerConfigKeys (ConfUtils.java:logGet(43)) - raft.server.watch.element-limit = 65536 (default)
2019-09-26 10:00:43,840 INFO  server.RaftServerConfigKeys (ConfUtils.java:logGet(43)) - raft.server.log.appender.snapshot.chunk.size.max = 16MB (=16777216) (default)
2019-09-26 10:00:43,840 INFO  server.RaftServerConfigKeys (ConfUtils.java:logGet(43)) - raft.server.log.appender.buffer.byte-limit = 4MB (=4194304) (default)
2019-09-26 10:00:43,840 INFO  server.RaftServerConfigKeys (ConfUtils.java:logGet(43)) - raft.server.log.appender.buffer.element-limit = 0 (default)
2019-09-26 10:00:43,840 INFO  grpc.GrpcConfigKeys$Server (ConfUtils.java:logGet(43)) - raft.grpc.server.leader.outstanding.appends.max = 128 (default)
2019-09-26 10:00:43,840 INFO  server.RaftServerConfigKeys (ConfUtils.java:logGet(43)) - raft.server.rpc.request.timeout = 3000ms (default)
2019-09-26 10:00:43,840 INFO  server.RaftServerConfigKeys (ConfUtils.java:logGet(43)) - raft.server.log.appender.install.snapshot.enabled = true (default)
2019-09-26 10:00:43,841 INFO  server.RaftServerConfigKeys (ConfUtils.java:logGet(43)) - raft.server.log.appender.snapshot.chunk.size.max = 16MB (=16777216) (default)
2019-09-26 10:00:43,841 INFO  server.RaftServerConfigKeys (ConfUtils.java:logGet(43)) - raft.server.log.appender.buffer.byte-limit = 4MB (=4194304) (default)
2019-09-26 10:00:43,841 INFO  server.RaftServerConfigKeys (ConfUtils.java:logGet(43)) - raft.server.log.appender.buffer.element-limit = 0 (default)
2019-09-26 10:00:43,841 INFO  grpc.GrpcConfigKeys$Server (ConfUtils.java:logGet(43)) - raft.grpc.server.leader.outstanding.appends.max = 128 (default)
2019-09-26 10:00:43,841 INFO  server.RaftServerConfigKeys (ConfUtils.java:logGet(43)) - raft.server.rpc.request.timeout = 3000ms (default)
2019-09-26 10:00:43,841 INFO  server.RaftServerConfigKeys (ConfUtils.java:logGet(43)) - raft.server.log.appender.install.snapshot.enabled = true (default)
2019-09-26 10:00:43,842 INFO  impl.RoleInfo (RoleInfo.java:updateAndGet(143)) - s0: start LeaderState
2019-09-26 10:00:43,842 INFO  segmented.SegmentedRaftLogWorker (SegmentedRaftLogWorker.java:startLogSegment(380)) - s0@group-FE6EA6DB94F5-SegmentedRaftLogWorker: Starting segment from index:0
2019-09-26 10:00:43,843 INFO  impl.RaftServerImpl (ServerState.java:setRaftConf(355)) - s0@group-FE6EA6DB94F5: set configuration 0: [s0:0.0.0.0:42984, s1:0.0.0.0:33314, s2:0.0.0.0:37104], old=null at 0
2019-09-26 10:00:43,846 INFO  impl.RaftServerImpl (ServerState.java:setLeader(254)) - s2@group-FE6EA6DB94F5: change Leader from null to s0 at term 1 for appendEntries, leader elected after 252ms
2019-09-26 10:00:43,846 INFO  impl.RaftServerImpl (ServerState.java:setLeader(254)) - s1@group-FE6EA6DB94F5: change Leader from null to s0 at term 1 for appendEntries, leader elected after 252ms
2019-09-26 10:00:43,848 DEBUG impl.RaftServerImpl (RaftServerImpl.java:logAppendEntries(850)) - s2@group-FE6EA6DB94F5: receive appendEntries(s0, 1, null, -1, false, commits[s0:c-1, s1:c-1, s2:c-1], entries: (t:1, i:0), CONFIGURATIONENTRY
2019-09-26 10:00:43,849 INFO  impl.RaftServerImpl (ServerState.java:setRaftConf(355)) - s2@group-FE6EA6DB94F5: set configuration 0: [s0:0.0.0.0:42984, s1:0.0.0.0:33314, s2:0.0.0.0:37104], old=null at 0
2019-09-26 10:00:43,849 DEBUG impl.RaftServerImpl (RaftServerImpl.java:logAppendEntries(850)) - s1@group-FE6EA6DB94F5: receive appendEntries(s0, 1, null, -1, false, commits[s0:c-1, s1:c-1, s2:c-1], entries: (t:1, i:0), CONFIGURATIONENTRY
2019-09-26 10:00:43,849 INFO  segmented.SegmentedRaftLogWorker (SegmentedRaftLogWorker.java:startLogSegment(380)) - s2@group-FE6EA6DB94F5-SegmentedRaftLogWorker: Starting segment from index:0
2019-09-26 10:00:43,849 INFO  impl.RaftServerImpl (ServerState.java:setRaftConf(355)) - s1@group-FE6EA6DB94F5: set configuration 0: [s0:0.0.0.0:42984, s1:0.0.0.0:33314, s2:0.0.0.0:37104], old=null at 0
2019-09-26 10:00:43,850 INFO  segmented.SegmentedRaftLogWorker (SegmentedRaftLogWorker.java:startLogSegment(380)) - s1@group-FE6EA6DB94F5-SegmentedRaftLogWorker: Starting segment from index:0
2019-09-26 10:00:44,069 INFO  ratis.RaftTestUtil (RaftTestUtil.java:waitForLeader(101)) - printing ALL groups
  s0:  RUNNING    LEADER s0@group-FE6EA6DB94F5:t1, leader=s0, voted=s0, raftlog=s0@group-FE6EA6DB94F5-SegmentedRaftLog:OPENED:c-1,f-1,i0, conf=0: [s0:0.0.0.0:42984, s1:0.0.0.0:33314, s2:0.0.0.0:37104], old=null RUNNING
  s1:  RUNNING  FOLLOWER s1@group-FE6EA6DB94F5:t1, leader=s0, voted=s0, raftlog=s1@group-FE6EA6DB94F5-SegmentedRaftLog:OPENED:c-1,f-1,i0, conf=0: [s0:0.0.0.0:42984, s1:0.0.0.0:33314, s2:0.0.0.0:37104], old=null RUNNING
  s2:  RUNNING  FOLLOWER s2@group-FE6EA6DB94F5:t1, leader=s0, voted=s0, raftlog=s2@group-FE6EA6DB94F5-SegmentedRaftLog:OPENED:c-1,f-1,i0, conf=0: [s0:0.0.0.0:42984, s1:0.0.0.0:33314, s2:0.0.0.0:37104], old=null RUNNING
2019-09-26 10:00:44,072 INFO  segmented.SegmentedRaftLogWorker (SegmentedRaftLogWorker.java:execute(569)) - s2@group-FE6EA6DB94F5-SegmentedRaftLogWorker: created new log segment /workdir/ratis-test/target/test/data/fe4d9539/MiniRaftClusterWithGrpcb0829ea5/s2/f22d41d2-9603-42e4-a82d-fe6ea6db94f5/current/log_inprogress_0
2019-09-26 10:00:44,072 INFO  segmented.SegmentedRaftLogWorker (SegmentedRaftLogWorker.java:execute(569)) - s1@group-FE6EA6DB94F5-SegmentedRaftLogWorker: created new log segment /workdir/ratis-test/target/test/data/fe4d9539/MiniRaftClusterWithGrpcb0829ea5/s1/f22d41d2-9603-42e4-a82d-fe6ea6db94f5/current/log_inprogress_0
2019-09-26 10:00:44,072 INFO  segmented.SegmentedRaftLogWorker (SegmentedRaftLogWorker.java:execute(569)) - s0@group-FE6EA6DB94F5-SegmentedRaftLogWorker: created new log segment /workdir/ratis-test/target/test/data/fe4d9539/MiniRaftClusterWithGrpcb0829ea5/s0/f22d41d2-9603-42e4-a82d-fe6ea6db94f5/current/log_inprogress_0
2019-09-26 10:00:44,076 DEBUG impl.RaftServerImpl (RaftServerImpl.java:submitClientRequestAsync(533)) - s0@group-FE6EA6DB94F5: receive client request(RaftClientRequest:client-953C656F0323->s0@group-FE6EA6DB94F5, cid=4, seq=0, RW, Message:6d30)
2019-09-26 10:00:44,077 INFO  client.GrpcClientProtocolService (GrpcClientProtocolService.java:lambda$processClientRequest$0(278)) - Failed RaftClientRequest:client-953C656F0323->s0@group-FE6EA6DB94F5, cid=4, seq=0, RW, Message:6d30, reply=RaftClientReply:client-953C656F0323->s0@group-FE6EA6DB94F5, cid=4, FAILED org.apache.ratis.protocol.LeaderNotReadyException: s0@group-FE6EA6DB94F5 is in LEADER state but not ready yet., logIndex=0, commits[s0:c-1, s1:c-1, s2:c-1]
2019-09-26 10:00:44,085 DEBUG impl.RaftServerImpl (RaftServerImpl.java:logAppendEntries(850)) - s2@group-FE6EA6DB94F5: succeeded to handle AppendEntries. Reply: s0<-s2#1:OK,SUCCESS,nextIndex:1,term:1,followerCommit:-1
2019-09-26 10:00:44,086 DEBUG impl.RaftServerImpl (RaftServerImpl.java:logAppendEntries(850)) - s1@group-FE6EA6DB94F5: succeeded to handle AppendEntries. Reply: s0<-s1#1:OK,SUCCESS,nextIndex:1,term:1,followerCommit:-1
2019-09-26 10:00:44,182 DEBUG impl.RaftServerImpl (RaftServerImpl.java:submitClientRequestAsync(533)) - s0@group-FE6EA6DB94F5: receive client request(RaftClientRequest:client-953C656F0323->s0@group-FE6EA6DB94F5, cid=4, seq=0, RW, Message:6d30)
2019-09-26 10:00:44,182 DEBUG impl.RaftServerImpl (LeaderState.java:addPendingRequest(317)) - s0@group-FE6EA6DB94F5-LeaderState: addPendingRequest at RaftClientRequest:client-953C656F0323->s0@group-FE6EA6DB94F5, cid=4, seq=0, RW, Message:6d30, entry=(t:1, i:1), STATEMACHINELOGENTRY, client-953C656F0323, cid=4
2019-09-26 10:00:44,184 DEBUG impl.RaftServerImpl (RaftServerImpl.java:logAppendEntries(850)) - s1@group-FE6EA6DB94F5: receive appendEntries(s0, 1, (t:1, i:0), 0, false, commits[s0:c0, s1:c0, s2:c0], entries: (t:1, i:1), STATEMACHINELOGENTRY, client-953C656F0323, cid=4
2019-09-26 10:00:44,184 DEBUG impl.RaftServerImpl (RaftServerImpl.java:logAppendEntries(850)) - s2@group-FE6EA6DB94F5: receive appendEntries(s0, 1, (t:1, i:0), 0, false, commits[s0:c0, s1:c0, s2:c0], entries: (t:1, i:1), STATEMACHINELOGENTRY, client-953C656F0323, cid=4
2019-09-26 10:00:44,194 DEBUG impl.RaftServerImpl (RaftServerImpl.java:logAppendEntries(850)) - s1@group-FE6EA6DB94F5: succeeded to handle AppendEntries. Reply: s0<-s1#6:OK,SUCCESS,nextIndex:2,term:1,followerCommit:0
2019-09-26 10:00:44,194 DEBUG impl.RaftServerImpl (RaftServerImpl.java:logAppendEntries(850)) - s2@group-FE6EA6DB94F5: succeeded to handle AppendEntries. Reply: s0<-s2#6:OK,SUCCESS,nextIndex:2,term:1,followerCommit:0
2019-09-26 10:00:44,196 DEBUG impl.RaftServerImpl (RaftServerImpl.java:logAppendEntries(850)) - s2@group-FE6EA6DB94F5: receive appendEntries(s0, 1, (t:1, i:1), 1, false, commits[s0:c1, s1:c0, s2:c0], entries: (t:1, i:2), METADATAENTRY(c1)
2019-09-26 10:00:44,196 DEBUG impl.RaftServerImpl (RaftServerImpl.java:logAppendEntries(850)) - s1@group-FE6EA6DB94F5: receive appendEntries(s0, 1, (t:1, i:1), 1, false, commits[s0:c1, s1:c0, s2:c0], entries: (t:1, i:2), METADATAENTRY(c1)
2019-09-26 10:00:44,198 DEBUG impl.RaftServerImpl (RaftServerImpl.java:submitClientRequestAsync(533)) - s0@group-FE6EA6DB94F5: receive client request(RaftClientRequest:client-953C656F0323->s0@group-FE6EA6DB94F5, cid=5, seq=0, RW, Message:6d31)
2019-09-26 10:00:44,199 DEBUG impl.RaftServerImpl (LeaderState.java:addPendingRequest(317)) - s0@group-FE6EA6DB94F5-LeaderState: addPendingRequest at RaftClientRequest:client-953C656F0323->s0@group-FE6EA6DB94F5, cid=5, seq=0, RW, Message:6d31, entry=(t:1, i:3), STATEMACHINELOGENTRY, client-953C656F0323, cid=5
2019-09-26 10:00:44,200 DEBUG impl.RaftServerImpl (RaftServerImpl.java:logAppendEntries(850)) - s1@group-FE6EA6DB94F5: receive appendEntries(s0, 1, (t:1, i:2), 1, false, commits[s0:c1, s1:c0, s2:c0], entries: (t:1, i:3), STATEMACHINELOGENTRY, client-953C656F0323, cid=5
2019-09-26 10:00:44,200 DEBUG impl.RaftServerImpl (RaftServerImpl.java:logAppendEntries(850)) - s2@group-FE6EA6DB94F5: receive appendEntries(s0, 1, (t:1, i:2), 1, false, commits[s0:c1, s1:c0, s2:c0], entries: (t:1, i:3), STATEMACHINELOGENTRY, client-953C656F0323, cid=5
2019-09-26 10:00:44,219 DEBUG impl.RaftServerImpl (RaftServerImpl.java:logAppendEntries(850)) - s1@group-FE6EA6DB94F5: succeeded to handle AppendEntries. Reply: s0<-s1#7:OK,SUCCESS,nextIndex:3,term:1,followerCommit:1
2019-09-26 10:00:44,220 DEBUG impl.RaftServerImpl (RaftServerImpl.java:logAppendEntries(850)) - s2@group-FE6EA6DB94F5: succeeded to handle AppendEntries. Reply: s0<-s2#7:OK,SUCCESS,nextIndex:3,term:1,followerCommit:1
2019-09-26 10:00:44,221 DEBUG impl.RaftServerImpl (RaftServerImpl.java:logAppendEntries(850)) - s1@group-FE6EA6DB94F5: succeeded to handle AppendEntries. Reply: s0<-s1#8:OK,SUCCESS,nextIndex:4,term:1,followerCommit:1
2019-09-26 10:00:44,221 DEBUG impl.RaftServerImpl (RaftServerImpl.java:logAppendEntries(850)) - s2@group-FE6EA6DB94F5: succeeded to handle AppendEntries. Reply: s0<-s2#8:OK,SUCCESS,nextIndex:4,term:1,followerCommit:1
2019-09-26 10:00:44,223 DEBUG impl.RaftServerImpl (RaftServerImpl.java:logAppendEntries(850)) - s2@group-FE6EA6DB94F5: receive appendEntries(s0, 1, (t:1, i:3), 3, false, commits[s0:c3, s1:c1, s2:c1], entries: (t:1, i:4), METADATAENTRY(c3)
2019-09-26 10:00:44,223 DEBUG impl.RaftServerImpl (RaftServerImpl.java:logAppendEntries(850)) - s1@group-FE6EA6DB94F5: receive appendEntries(s0, 1, (t:1, i:3), 3, false, commits[s0:c3, s1:c1, s2:c1], entries: (t:1, i:4), METADATAENTRY(c3)
2019-09-26 10:00:44,226 DEBUG impl.RaftServerImpl (RaftServerImpl.java:submitClientRequestAsync(533)) - s0@group-FE6EA6DB94F5: receive client request(RaftClientRequest:client-953C656F0323->s0@group-FE6EA6DB94F5, cid=6, seq=0, RW, Message:6d32)
2019-09-26 10:00:44,227 DEBUG impl.RaftServerImpl (LeaderState.java:addPendingRequest(317)) - s0@group-FE6EA6DB94F5-LeaderState: addPendingRequest at RaftClientRequest:client-953C656F0323->s0@group-FE6EA6DB94F5, cid=6, seq=0, RW, Message:6d32, entry=(t:1, i:5), STATEMACHINELOGENTRY, client-953C656F0323, cid=6
2019-09-26 10:00:44,228 DEBUG impl.RaftServerImpl (RaftServerImpl.java:logAppendEntries(850)) - s2@group-FE6EA6DB94F5: receive appendEntries(s0, 1, (t:1, i:4), 3, false, commits[s0:c3, s1:c1, s2:c1], entries: (t:1, i:5), STATEMACHINELOGENTRY, client-953C656F0323, cid=6
2019-09-26 10:00:44,228 DEBUG impl.RaftServerImpl (RaftServerImpl.java:logAppendEntries(850)) - s1@group-FE6EA6DB94F5: receive appendEntries(s0, 1, (t:1, i:4), 3, false, commits[s0:c3, s1:c1, s2:c1], entries: (t:1, i:5), STATEMACHINELOGENTRY, client-953C656F0323, cid=6
2019-09-26 10:00:44,230 DEBUG impl.RaftServerImpl (RaftServerImpl.java:logAppendEntries(850)) - s1@group-FE6EA6DB94F5: succeeded to handle AppendEntries. Reply: s0<-s1#9:OK,SUCCESS,nextIndex:5,term:1,followerCommit:3
2019-09-26 10:00:44,230 DEBUG impl.RaftServerImpl (RaftServerImpl.java:logAppendEntries(850)) - s2@group-FE6EA6DB94F5: succeeded to handle AppendEntries. Reply: s0<-s2#9:OK,SUCCESS,nextIndex:5,term:1,followerCommit:3
2019-09-26 10:00:44,233 DEBUG impl.RaftServerImpl (RaftServerImpl.java:logAppendEntries(850)) - s2@group-FE6EA6DB94F5: succeeded to handle AppendEntries. Reply: s0<-s2#10:OK,SUCCESS,nextIndex:6,term:1,followerCommit:3
2019-09-26 10:00:44,233 DEBUG impl.RaftServerImpl (RaftServerImpl.java:logAppendEntries(850)) - s1@group-FE6EA6DB94F5: succeeded to handle AppendEntries. Reply: s0<-s1#10:OK,SUCCESS,nextIndex:6,term:1,followerCommit:3
2019-09-26 10:00:44,236 DEBUG impl.RaftServerImpl (RaftServerImpl.java:logAppendEntries(850)) - s1@group-FE6EA6DB94F5: receive appendEntries(s0, 1, (t:1, i:5), 5, false, commits[s0:c5, s1:c3, s2:c3], entries: (t:1, i:6), METADATAENTRY(c5)
2019-09-26 10:00:44,236 DEBUG impl.RaftServerImpl (RaftServerImpl.java:logAppendEntries(850)) - s2@group-FE6EA6DB94F5: receive appendEntries(s0, 1, (t:1, i:5), 5, false, commits[s0:c5, s1:c3, s2:c3], entries: (t:1, i:6), METADATAENTRY(c5)
2019-09-26 10:00:44,238 DEBUG impl.RaftServerImpl (RaftServerImpl.java:submitClientRequestAsync(533)) - s0@group-FE6EA6DB94F5: receive client request(RaftClientRequest:client-953C656F0323->s0@group-FE6EA6DB94F5, cid=7, seq=0, RW, Message:6d33)
2019-09-26 10:00:44,238 DEBUG impl.RaftServerImpl (LeaderState.java:addPendingRequest(317)) - s0@group-FE6EA6DB94F5-LeaderState: addPendingRequest at RaftClientRequest:client-953C656F0323->s0@group-FE6EA6DB94F5, cid=7, seq=0, RW, Message:6d33, entry=(t:1, i:7), STATEMACHINELOGENTRY, client-953C656F0323, cid=7
2019-09-26 10:00:44,239 DEBUG impl.RaftServerImpl (RaftServerImpl.java:logAppendEntries(850)) - s1@group-FE6EA6DB94F5: receive appendEntries(s0, 1, (t:1, i:6), 5, false, commits[s0:c5, s1:c3, s2:c3], entries: (t:1, i:7), STATEMACHINELOGENTRY, client-953C656F0323, cid=7
2019-09-26 10:00:44,239 DEBUG impl.RaftServerImpl (RaftServerImpl.java:logAppendEntries(850)) - s2@group-FE6EA6DB94F5: receive appendEntries(s0, 1, (t:1, i:6), 5, false, commits[s0:c5, s1:c3, s2:c3], entries: (t:1, i:7), STATEMACHINELOGENTRY, client-953C656F0323, cid=7
2019-09-26 10:00:44,246 DEBUG impl.RaftServerImpl (RaftServerImpl.java:logAppendEntries(850)) - s1@group-FE6EA6DB94F5: succeeded to handle AppendEntries. Reply: s0<-s1#11:OK,SUCCESS,nextIndex:7,term:1,followerCommit:5
2019-09-26 10:00:44,246 DEBUG impl.RaftServerImpl (RaftServerImpl.java:logAppendEntries(850)) - s2@group-FE6EA6DB94F5: succeeded to handle AppendEntries. Reply: s0<-s2#11:OK,SUCCESS,nextIndex:7,term:1,followerCommit:5
2019-09-26 10:00:44,247 DEBUG impl.RaftServerImpl (RaftServerImpl.java:logAppendEntries(850)) - s1@group-FE6EA6DB94F5: succeeded to handle AppendEntries. Reply: s0<-s1#12:OK,SUCCESS,nextIndex:8,term:1,followerCommit:5
2019-09-26 10:00:44,247 DEBUG impl.RaftServerImpl (RaftServerImpl.java:logAppendEntries(850)) - s2@group-FE6EA6DB94F5: succeeded to handle AppendEntries. Reply: s0<-s2#12:OK,SUCCESS,nextIndex:8,term:1,followerCommit:5
2019-09-26 10:00:44,250 DEBUG impl.RaftServerImpl (RaftServerImpl.java:logAppendEntries(850)) - s1@group-FE6EA6DB94F5: receive appendEntries(s0, 1, (t:1, i:7), 7, false, commits[s0:c7, s1:c5, s2:c5], entries: (t:1, i:8), METADATAENTRY(c7)
2019-09-26 10:00:44,250 DEBUG impl.RaftServerImpl (RaftServerImpl.java:logAppendEntries(850)) - s2@group-FE6EA6DB94F5: receive appendEntries(s0, 1, (t:1, i:7), 7, false, commits[s0:c7, s1:c5, s2:c5], entries: (t:1, i:8), METADATAENTRY(c7)
2019-09-26 10:00:44,251 DEBUG impl.RaftServerImpl (RaftServerImpl.java:submitClientRequestAsync(533)) - s0@group-FE6EA6DB94F5: receive client request(RaftClientRequest:client-953C656F0323->s0@group-FE6EA6DB94F5, cid=8, seq=0, RW, Message:6d34)
2019-09-26 10:00:44,252 DEBUG impl.RaftServerImpl (LeaderState.java:addPendingRequest(317)) - s0@group-FE6EA6DB94F5-LeaderState: addPendingRequest at RaftClientRequest:client-953C656F0323->s0@group-FE6EA6DB94F5, cid=8, seq=0, RW, Message:6d34, entry=(t:1, i:9), STATEMACHINELOGENTRY, client-953C656F0323, cid=8
2019-09-26 10:00:44,253 DEBUG impl.RaftServerImpl (RaftServerImpl.java:logAppendEntries(850)) - s2@group-FE6EA6DB94F5: receive appendEntries(s0, 1, (t:1, i:8), 7, false, commits[s0:c7, s1:c5, s2:c5], entries: (t:1, i:9), STATEMACHINELOGENTRY, client-953C656F0323, cid=8
2019-09-26 10:00:44,253 DEBUG impl.RaftServerImpl (RaftServerImpl.java:logAppendEntries(850)) - s1@group-FE6EA6DB94F5: receive appendEntries(s0, 1, (t:1, i:8), 7, false, commits[s0:c7, s1:c5, s2:c5], entries: (t:1, i:9), STATEMACHINELOGENTRY, client-953C656F0323, cid=8
2019-09-26 10:00:44,260 DEBUG impl.RaftServerImpl (RaftServerImpl.java:logAppendEntries(850)) - s1@group-FE6EA6DB94F5: succeeded to handle AppendEntries. Reply: s0<-s1#13:OK,SUCCESS,nextIndex:9,term:1,followerCommit:7
2019-09-26 10:00:44,260 DEBUG impl.RaftServerImpl (RaftServerImpl.java:logAppendEntries(850)) - s2@group-FE6EA6DB94F5: succeeded to handle AppendEntries. Reply: s0<-s2#13:OK,SUCCESS,nextIndex:9,term:1,followerCommit:7
2019-09-26 10:00:44,263 DEBUG impl.RaftServerImpl (RaftServerImpl.java:logAppendEntries(850)) - s1@group-FE6EA6DB94F5: succeeded to handle AppendEntries. Reply: s0<-s1#14:OK,SUCCESS,nextIndex:10,term:1,followerCommit:7
2019-09-26 10:00:44,263 DEBUG impl.RaftServerImpl (RaftServerImpl.java:logAppendEntries(850)) - s2@group-FE6EA6DB94F5: succeeded to handle AppendEntries. Reply: s0<-s2#14:OK,SUCCESS,nextIndex:10,term:1,followerCommit:7
2019-09-26 10:00:44,265 DEBUG impl.RaftServerImpl (RaftServerImpl.java:logAppendEntries(850)) - s1@group-FE6EA6DB94F5: receive appendEntries(s0, 1, (t:1, i:9), 9, false, commits[s0:c9, s1:c7, s2:c7], entries: (t:1, i:10), METADATAENTRY(c9)
2019-09-26 10:00:44,265 DEBUG impl.RaftServerImpl (RaftServerImpl.java:logAppendEntries(850)) - s2@group-FE6EA6DB94F5: receive appendEntries(s0, 1, (t:1, i:9), 9, false, commits[s0:c9, s1:c7, s2:c7], entries: (t:1, i:10), METADATAENTRY(c9)
2019-09-26 10:00:44,267 DEBUG impl.RaftServerImpl (RaftServerImpl.java:submitClientRequestAsync(533)) - s0@group-FE6EA6DB94F5: receive client request(RaftClientRequest:client-953C656F0323->s0@group-FE6EA6DB94F5, cid=9, seq=0, RW, Message:6d35)
2019-09-26 10:00:44,268 DEBUG impl.RaftServerImpl (LeaderState.java:addPendingRequest(317)) - s0@group-FE6EA6DB94F5-LeaderState: addPendingRequest at RaftClientRequest:client-953C656F0323->s0@group-FE6EA6DB94F5, cid=9, seq=0, RW, Message:6d35, entry=(t:1, i:11), STATEMACHINELOGENTRY, client-953C656F0323, cid=9
2019-09-26 10:00:44,268 DEBUG impl.RaftServerImpl (RaftServerImpl.java:logAppendEntries(850)) - s2@group-FE6EA6DB94F5: receive appendEntries(s0, 1, (t:1, i:10), 9, false, commits[s0:c9, s1:c7, s2:c7], entries: (t:1, i:11), STATEMACHINELOGENTRY, client-953C656F0323, cid=9
2019-09-26 10:00:44,269 DEBUG impl.RaftServerImpl (RaftServerImpl.java:logAppendEntries(850)) - s1@group-FE6EA6DB94F5: receive appendEntries(s0, 1, (t:1, i:10), 9, false, commits[s0:c9, s1:c7, s2:c7], entries: (t:1, i:11), STATEMACHINELOGENTRY, client-953C656F0323, cid=9
2019-09-26 10:00:44,276 DEBUG impl.RaftServerImpl (RaftServerImpl.java:logAppendEntries(850)) - s1@group-FE6EA6DB94F5: succeeded to handle AppendEntries. Reply: s0<-s1#15:OK,SUCCESS,nextIndex:11,term:1,followerCommit:9
2019-09-26 10:00:44,276 DEBUG impl.RaftServerImpl (RaftServerImpl.java:logAppendEntries(850)) - s2@group-FE6EA6DB94F5: succeeded to handle AppendEntries. Reply: s0<-s2#15:OK,SUCCESS,nextIndex:11,term:1,followerCommit:9
2019-09-26 10:00:44,278 DEBUG impl.RaftServerImpl (RaftServerImpl.java:logAppendEntries(850)) - s1@group-FE6EA6DB94F5: succeeded to handle AppendEntries. Reply: s0<-s1#16:OK,SUCCESS,nextIndex:12,term:1,followerCommit:9
2019-09-26 10:00:44,278 DEBUG impl.RaftServerImpl (RaftServerImpl.java:logAppendEntries(850)) - s2@group-FE6EA6DB94F5: succeeded to handle AppendEntries. Reply: s0<-s2#16:OK,SUCCESS,nextIndex:12,term:1,followerCommit:9
2019-09-26 10:00:44,281 DEBUG impl.RaftServerImpl (RaftServerImpl.java:logAppendEntries(850)) - s1@group-FE6EA6DB94F5: receive appendEntries(s0, 1, (t:1, i:11), 11, false, commits[s0:c11, s1:c9, s2:c9], entries: (t:1, i:12), METADATAENTRY(c11)
2019-09-26 10:00:44,281 DEBUG impl.RaftServerImpl (RaftServerImpl.java:logAppendEntries(850)) - s2@group-FE6EA6DB94F5: receive appendEntries(s0, 1, (t:1, i:11), 11, false, commits[s0:c11, s1:c9, s2:c9], entries: (t:1, i:12), METADATAENTRY(c11)
2019-09-26 10:00:44,283 DEBUG impl.RaftServerImpl (RaftServerImpl.java:submitClientRequestAsync(533)) - s0@group-FE6EA6DB94F5: receive client request(RaftClientRequest:client-953C656F0323->s0@group-FE6EA6DB94F5, cid=10, seq=0, RW, Message:6d36)
2019-09-26 10:00:44,283 DEBUG impl.RaftServerImpl (LeaderState.java:addPendingRequest(317)) - s0@group-FE6EA6DB94F5-LeaderState: addPendingRequest at RaftClientRequest:client-953C656F0323->s0@group-FE6EA6DB94F5, cid=10, seq=0, RW, Message:6d36, entry=(t:1, i:13), STATEMACHINELOGENTRY, client-953C656F0323, cid=10
2019-09-26 10:00:44,284 DEBUG impl.RaftServerImpl (RaftServerImpl.java:logAppendEntries(850)) - s2@group-FE6EA6DB94F5: receive appendEntries(s0, 1, (t:1, i:12), 11, false, commits[s0:c11, s1:c9, s2:c9], entries: (t:1, i:13), STATEMACHINELOGENTRY, client-953C656F0323, cid=10
2019-09-26 10:00:44,284 DEBUG impl.RaftServerImpl (RaftServerImpl.java:logAppendEntries(850)) - s1@group-FE6EA6DB94F5: receive appendEntries(s0, 1, (t:1, i:12), 11, false, commits[s0:c11, s1:c9, s2:c9], entries: (t:1, i:13), STATEMACHINELOGENTRY, client-953C656F0323, cid=10
2019-09-26 10:00:44,291 DEBUG impl.RaftServerImpl (RaftServerImpl.java:logAppendEntries(850)) - s1@group-FE6EA6DB94F5: succeeded to handle AppendEntries. Reply: s0<-s1#17:OK,SUCCESS,nextIndex:13,term:1,followerCommit:11
2019-09-26 10:00:44,291 DEBUG impl.RaftServerImpl (RaftServerImpl.java:logAppendEntries(850)) - s2@group-FE6EA6DB94F5: succeeded to handle AppendEntries. Reply: s0<-s2#17:OK,SUCCESS,nextIndex:13,term:1,followerCommit:11
2019-09-26 10:00:44,293 DEBUG impl.RaftServerImpl (RaftServerImpl.java:logAppendEntries(850)) - s1@group-FE6EA6DB94F5: succeeded to handle AppendEntries. Reply: s0<-s1#18:OK,SUCCESS,nextIndex:14,term:1,followerCommit:11
2019-09-26 10:00:44,293 DEBUG impl.RaftServerImpl (RaftServerImpl.java:logAppendEntries(850)) - s2@group-FE6EA6DB94F5: succeeded to handle AppendEntries. Reply: s0<-s2#18:OK,SUCCESS,nextIndex:14,term:1,followerCommit:11
2019-09-26 10:00:44,296 DEBUG impl.RaftServerImpl (RaftServerImpl.java:logAppendEntries(850)) - s2@group-FE6EA6DB94F5: receive appendEntries(s0, 1, (t:1, i:13), 13, false, commits[s0:c13, s1:c11, s2:c11], entries: (t:1, i:14), METADATAENTRY(c13)
2019-09-26 10:00:44,296 DEBUG impl.RaftServerImpl (RaftServerImpl.java:logAppendEntries(850)) - s1@group-FE6EA6DB94F5: receive appendEntries(s0, 1, (t:1, i:13), 13, false, commits[s0:c13, s1:c11, s2:c11], entries: (t:1, i:14), METADATAENTRY(c13)
2019-09-26 10:00:44,298 DEBUG impl.RaftServerImpl (RaftServerImpl.java:submitClientRequestAsync(533)) - s0@group-FE6EA6DB94F5: receive client request(RaftClientRequest:client-953C656F0323->s0@group-FE6EA6DB94F5, cid=11, seq=0, RW, Message:6d37)
2019-09-26 10:00:44,298 DEBUG impl.RaftServerImpl (LeaderState.java:addPendingRequest(317)) - s0@group-FE6EA6DB94F5-LeaderState: addPendingRequest at RaftClientRequest:client-953C656F0323->s0@group-FE6EA6DB94F5, cid=11, seq=0, RW, Message:6d37, entry=(t:1, i:15), STATEMACHINELOGENTRY, client-953C656F0323, cid=11
2019-09-26 10:00:44,299 DEBUG impl.RaftServerImpl (RaftServerImpl.java:logAppendEntries(850)) - s1@group-FE6EA6DB94F5: receive appendEntries(s0, 1, (t:1, i:14), 13, false, commits[s0:c13, s1:c11, s2:c11], entries: (t:1, i:15), STATEMACHINELOGENTRY, client-953C656F0323, cid=11
2019-09-26 10:00:44,299 DEBUG impl.RaftServerImpl (RaftServerImpl.java:logAppendEntries(850)) - s2@group-FE6EA6DB94F5: receive appendEntries(s0, 1, (t:1, i:14), 13, false, commits[s0:c13, s1:c11, s2:c11], entries: (t:1, i:15), STATEMACHINELOGENTRY, client-953C656F0323, cid=11
2019-09-26 10:00:44,306 DEBUG impl.RaftServerImpl (RaftServerImpl.java:logAppendEntries(850)) - s1@group-FE6EA6DB94F5: succeeded to handle AppendEntries. Reply: s0<-s1#19:OK,SUCCESS,nextIndex:15,term:1,followerCommit:13
2019-09-26 10:00:44,306 DEBUG impl.RaftServerImpl (RaftServerImpl.java:logAppendEntries(850)) - s2@group-FE6EA6DB94F5: succeeded to handle AppendEntries. Reply: s0<-s2#19:OK,SUCCESS,nextIndex:15,term:1,followerCommit:13
2019-09-26 10:00:44,308 DEBUG impl.RaftServerImpl (RaftServerImpl.java:logAppendEntries(850)) - s1@group-FE6EA6DB94F5: succeeded to handle AppendEntries. Reply: s0<-s1#20:OK,SUCCESS,nextIndex:16,term:1,followerCommit:13
2019-09-26 10:00:44,308 DEBUG impl.RaftServerImpl (RaftServerImpl.java:logAppendEntries(850)) - s2@group-FE6EA6DB94F5: succeeded to handle AppendEntries. Reply: s0<-s2#20:OK,SUCCESS,nextIndex:16,term:1,followerCommit:13
2019-09-26 10:00:44,311 DEBUG impl.RaftServerImpl (RaftServerImpl.java:logAppendEntries(850)) - s1@group-FE6EA6DB94F5: receive appendEntries(s0, 1, (t:1, i:15), 15, false, commits[s0:c15, s1:c13, s2:c13], entries: (t:1, i:16), METADATAENTRY(c15)
2019-09-26 10:00:44,311 DEBUG impl.RaftServerImpl (RaftServerImpl.java:logAppendEntries(850)) - s2@group-FE6EA6DB94F5: receive appendEntries(s0, 1, (t:1, i:15), 15, false, commits[s0:c15, s1:c13, s2:c13], entries: (t:1, i:16), METADATAENTRY(c15)
2019-09-26 10:00:44,312 DEBUG impl.RaftServerImpl (RaftServerImpl.java:submitClientRequestAsync(533)) - s0@group-FE6EA6DB94F5: receive client request(RaftClientRequest:client-953C656F0323->s0@group-FE6EA6DB94F5, cid=12, seq=0, RW, Message:6d38)
2019-09-26 10:00:44,313 DEBUG impl.RaftServerImpl (LeaderState.java:addPendingRequest(317)) - s0@group-FE6EA6DB94F5-LeaderState: addPendingRequest at RaftClientRequest:client-953C656F0323->s0@group-FE6EA6DB94F5, cid=12, seq=0, RW, Message:6d38, entry=(t:1, i:17), STATEMACHINELOGENTRY, client-953C656F0323, cid=12
2019-09-26 10:00:44,314 DEBUG impl.RaftServerImpl (RaftServerImpl.java:logAppendEntries(850)) - s2@group-FE6EA6DB94F5: receive appendEntries(s0, 1, (t:1, i:16), 15, false, commits[s0:c15, s1:c13, s2:c13], entries: (t:1, i:17), STATEMACHINELOGENTRY, client-953C656F0323, cid=12
2019-09-26 10:00:44,314 DEBUG impl.RaftServerImpl (RaftServerImpl.java:logAppendEntries(850)) - s1@group-FE6EA6DB94F5: receive appendEntries(s0, 1, (t:1, i:16), 15, false, commits[s0:c15, s1:c13, s2:c13], entries: (t:1, i:17), STATEMACHINELOGENTRY, client-953C656F0323, cid=12
2019-09-26 10:00:44,321 DEBUG impl.RaftServerImpl (RaftServerImpl.java:logAppendEntries(850)) - s1@group-FE6EA6DB94F5: succeeded to handle AppendEntries. Reply: s0<-s1#21:OK,SUCCESS,nextIndex:17,term:1,followerCommit:15
2019-09-26 10:00:44,322 DEBUG impl.RaftServerImpl (RaftServerImpl.java:logAppendEntries(850)) - s2@group-FE6EA6DB94F5: succeeded to handle AppendEntries. Reply: s0<-s2#21:OK,SUCCESS,nextIndex:17,term:1,followerCommit:15
2019-09-26 10:00:44,324 DEBUG impl.RaftServerImpl (RaftServerImpl.java:logAppendEntries(850)) - s1@group-FE6EA6DB94F5: succeeded to handle AppendEntries. Reply: s0<-s1#22:OK,SUCCESS,nextIndex:18,term:1,followerCommit:15
2019-09-26 10:00:44,324 DEBUG impl.RaftServerImpl (RaftServerImpl.java:logAppendEntries(850)) - s2@group-FE6EA6DB94F5: succeeded to handle AppendEntries. Reply: s0<-s2#22:OK,SUCCESS,nextIndex:18,term:1,followerCommit:15
2019-09-26 10:00:44,326 DEBUG impl.RaftServerImpl (RaftServerImpl.java:logAppendEntries(850)) - s2@group-FE6EA6DB94F5: receive appendEntries(s0, 1, (t:1, i:17), 17, false, commits[s0:c17, s1:c15, s2:c15], entries: (t:1, i:18), METADATAENTRY(c17)
2019-09-26 10:00:44,326 DEBUG impl.RaftServerImpl (RaftServerImpl.java:logAppendEntries(850)) - s1@group-FE6EA6DB94F5: receive appendEntries(s0, 1, (t:1, i:17), 17, false, commits[s0:c17, s1:c15, s2:c15], entries: (t:1, i:18), METADATAENTRY(c17)
2019-09-26 10:00:44,328 DEBUG impl.RaftServerImpl (RaftServerImpl.java:submitClientRequestAsync(533)) - s0@group-FE6EA6DB94F5: receive client request(RaftClientRequest:client-953C656F0323->s0@group-FE6EA6DB94F5, cid=13, seq=0, RW, Message:6d39)
2019-09-26 10:00:44,328 DEBUG impl.RaftServerImpl (LeaderState.java:addPendingRequest(317)) - s0@group-FE6EA6DB94F5-LeaderState: addPendingRequest at RaftClientRequest:client-953C656F0323->s0@group-FE6EA6DB94F5, cid=13, seq=0, RW, Message:6d39, entry=(t:1, i:19), STATEMACHINELOGENTRY, client-953C656F0323, cid=13
2019-09-26 10:00:44,329 DEBUG impl.RaftServerImpl (RaftServerImpl.java:logAppendEntries(850)) - s2@group-FE6EA6DB94F5: receive appendEntries(s0, 1, (t:1, i:18), 17, false, commits[s0:c17, s1:c15, s2:c15], entries: (t:1, i:19), STATEMACHINELOGENTRY, client-953C656F0323, cid=13
2019-09-26 10:00:44,329 DEBUG impl.RaftServerImpl (RaftServerImpl.java:logAppendEntries(850)) - s1@group-FE6EA6DB94F5: receive appendEntries(s0, 1, (t:1, i:18), 17, false, commits[s0:c17, s1:c15, s2:c15], entries: (t:1, i:19), STATEMACHINELOGENTRY, client-953C656F0323, cid=13
2019-09-26 10:00:44,337 DEBUG impl.RaftServerImpl (RaftServerImpl.java:logAppendEntries(850)) - s2@group-FE6EA6DB94F5: succeeded to handle AppendEntries. Reply: s0<-s2#23:OK,SUCCESS,nextIndex:19,term:1,followerCommit:17
2019-09-26 10:00:44,337 DEBUG impl.RaftServerImpl (RaftServerImpl.java:logAppendEntries(850)) - s1@group-FE6EA6DB94F5: succeeded to handle AppendEntries. Reply: s0<-s1#23:OK,SUCCESS,nextIndex:19,term:1,followerCommit:17
2019-09-26 10:00:44,339 DEBUG impl.RaftServerImpl (RaftServerImpl.java:logAppendEntries(850)) - s1@group-FE6EA6DB94F5: succeeded to handle AppendEntries. Reply: s0<-s1#24:OK,SUCCESS,nextIndex:20,term:1,followerCommit:17
2019-09-26 10:00:44,339 DEBUG impl.RaftServerImpl (RaftServerImpl.java:logAppendEntries(850)) - s2@group-FE6EA6DB94F5: succeeded to handle AppendEntries. Reply: s0<-s2#24:OK,SUCCESS,nextIndex:20,term:1,followerCommit:17
2019-09-26 10:00:44,341 DEBUG impl.RaftServerImpl (RaftServerImpl.java:logAppendEntries(850)) - s1@group-FE6EA6DB94F5: receive appendEntries(s0, 1, (t:1, i:19), 19, false, commits[s0:c19, s1:c17, s2:c17], entries: (t:1, i:20), METADATAENTRY(c19)
2019-09-26 10:00:44,341 DEBUG impl.RaftServerImpl (RaftServerImpl.java:logAppendEntries(850)) - s2@group-FE6EA6DB94F5: receive appendEntries(s0, 1, (t:1, i:19), 19, false, commits[s0:c19, s1:c17, s2:c17], entries: (t:1, i:20), METADATAENTRY(c19)
2019-09-26 10:00:44,343 DEBUG impl.RaftServerImpl (RaftServerImpl.java:submitClientRequestAsync(533)) - s0@group-FE6EA6DB94F5: receive client request(RaftClientRequest:client-953C656F0323->s0@group-FE6EA6DB94F5, cid=14, seq=0, RW, Message:6d3130)
2019-09-26 10:00:44,343 DEBUG impl.RaftServerImpl (LeaderState.java:addPendingRequest(317)) - s0@group-FE6EA6DB94F5-LeaderState: addPendingRequest at RaftClientRequest:client-953C656F0323->s0@group-FE6EA6DB94F5, cid=14, seq=0, RW, Message:6d3130, entry=(t:1, i:21), STATEMACHINELOGENTRY, client-953C656F0323, cid=14
2019-09-26 10:00:44,344 DEBUG impl.RaftServerImpl (RaftServerImpl.java:logAppendEntries(850)) - s1@group-FE6EA6DB94F5: receive appendEntries(s0, 1, (t:1, i:20), 19, false, commits[s0:c19, s1:c17, s2:c17], entries: (t:1, i:21), STATEMACHINELOGENTRY, client-953C656F0323, cid=14
2019-09-26 10:00:44,344 DEBUG impl.RaftServerImpl (RaftServerImpl.java:logAppendEntries(850)) - s2@group-FE6EA6DB94F5: receive appendEntries(s0, 1, (t:1, i:20), 19, false, commits[s0:c19, s1:c17, s2:c17], entries: (t:1, i:21), STATEMACHINELOGENTRY, client-953C656F0323, cid=14
2019-09-26 10:00:44,353 DEBUG impl.RaftServerImpl (RaftServerImpl.java:logAppendEntries(850)) - s1@group-FE6EA6DB94F5: succeeded to handle AppendEntries. Reply: s0<-s1#25:OK,SUCCESS,nextIndex:21,term:1,followerCommit:19
2019-09-26 10:00:44,353 DEBUG impl.RaftServerImpl (RaftServerImpl.java:logAppendEntries(850)) - s2@group-FE6EA6DB94F5: succeeded to handle AppendEntries. Reply: s0<-s2#25:OK,SUCCESS,nextIndex:21,term:1,followerCommit:19
2019-09-26 10:00:44,366 DEBUG impl.RaftServerImpl (RaftServerImpl.java:logAppendEntries(850)) - s1@group-FE6EA6DB94F5: succeeded to handle AppendEntries. Reply: s0<-s1#26:OK,SUCCESS,nextIndex:22,term:1,followerCommit:19
2019-09-26 10:00:44,366 DEBUG impl.RaftServerImpl (RaftServerImpl.java:logAppendEntries(850)) - s2@group-FE6EA6DB94F5: succeeded to handle AppendEntries. Reply: s0<-s2#26:OK,SUCCESS,nextIndex:22,term:1,followerCommit:19
2019-09-26 10:00:44,368 DEBUG impl.RaftServerImpl (RaftServerImpl.java:logAppendEntries(850)) - s2@group-FE6EA6DB94F5: receive appendEntries(s0, 1, (t:1, i:21), 21, false, commits[s0:c21, s1:c19, s2:c19], entries: (t:1, i:22), METADATAENTRY(c21)
2019-09-26 10:00:44,368 DEBUG impl.RaftServerImpl (RaftServerImpl.java:logAppendEntries(850)) - s1@group-FE6EA6DB94F5: receive appendEntries(s0, 1, (t:1, i:21), 21, false, commits[s0:c21, s1:c19, s2:c19], entries: (t:1, i:22), METADATAENTRY(c21)
2019-09-26 10:00:44,369 DEBUG impl.RaftServerImpl (RaftServerImpl.java:submitClientRequestAsync(533)) - s0@group-FE6EA6DB94F5: receive client request(RaftClientRequest:client-953C656F0323->s0@group-FE6EA6DB94F5, cid=15, seq=0, RW, Message:6d3131)
2019-09-26 10:00:44,370 DEBUG impl.RaftServerImpl (LeaderState.java:addPendingRequest(317)) - s0@group-FE6EA6DB94F5-LeaderState: addPendingRequest at RaftClientRequest:client-953C656F0323->s0@group-FE6EA6DB94F5, cid=15, seq=0, RW, Message:6d3131, entry=(t:1, i:23), STATEMACHINELOGENTRY, client-953C656F0323, cid=15
2019-09-26 10:00:44,371 DEBUG impl.RaftServerImpl (RaftServerImpl.java:logAppendEntries(850)) - s1@group-FE6EA6DB94F5: receive appendEntries(s0, 1, (t:1, i:22), 21, false, commits[s0:c21, s1:c19, s2:c19], entries: (t:1, i:23), STATEMACHINELOGENTRY, client-953C656F0323, cid=15
2019-09-26 10:00:44,371 DEBUG impl.RaftServerImpl (RaftServerImpl.java:logAppendEntries(850)) - s2@group-FE6EA6DB94F5: receive appendEntries(s0, 1, (t:1, i:22), 21, false, commits[s0:c21, s1:c19, s2:c19], entries: (t:1, i:23), STATEMACHINELOGENTRY, client-953C656F0323, cid=15
2019-09-26 10:00:44,378 DEBUG impl.RaftServerImpl (RaftServerImpl.java:logAppendEntries(850)) - s1@group-FE6EA6DB94F5: succeeded to handle AppendEntries. Reply: s0<-s1#27:OK,SUCCESS,nextIndex:23,term:1,followerCommit:21
2019-09-26 10:00:44,378 DEBUG impl.RaftServerImpl (RaftServerImpl.java:logAppendEntries(850)) - s2@group-FE6EA6DB94F5: succeeded to handle AppendEntries. Reply: s0<-s2#27:OK,SUCCESS,nextIndex:23,term:1,followerCommit:21
2019-09-26 10:00:44,381 DEBUG impl.RaftServerImpl (RaftServerImpl.java:logAppendEntries(850)) - s1@group-FE6EA6DB94F5: succeeded to handle AppendEntries. Reply: s0<-s1#28:OK,SUCCESS,nextIndex:24,term:1,followerCommit:21
2019-09-26 10:00:44,381 DEBUG impl.RaftServerImpl (RaftServerImpl.java:logAppendEntries(850)) - s2@group-FE6EA6DB94F5: succeeded to handle AppendEntries. Reply: s0<-s2#28:OK,SUCCESS,nextIndex:24,term:1,followerCommit:21
2019-09-26 10:00:44,383 DEBUG impl.RaftServerImpl (RaftServerImpl.java:logAppendEntries(850)) - s2@group-FE6EA6DB94F5: receive appendEntries(s0, 1, (t:1, i:23), 23, false, commits[s0:c23, s1:c21, s2:c21], entries: (t:1, i:24), METADATAENTRY(c23)
2019-09-26 10:00:44,383 DEBUG impl.RaftServerImpl (RaftServerImpl.java:logAppendEntries(850)) - s1@group-FE6EA6DB94F5: receive appendEntries(s0, 1, (t:1, i:23), 23, false, commits[s0:c23, s1:c21, s2:c21], entries: (t:1, i:24), METADATAENTRY(c23)
2019-09-26 10:00:44,385 DEBUG impl.RaftServerImpl (RaftServerImpl.java:submitClientRequestAsync(533)) - s0@group-FE6EA6DB94F5: receive client request(RaftClientRequest:client-953C656F0323->s0@group-FE6EA6DB94F5, cid=16, seq=0, RW, Message:6d3132)
2019-09-26 10:00:44,385 DEBUG impl.RaftServerImpl (LeaderState.java:addPendingRequest(317)) - s0@group-FE6EA6DB94F5-LeaderState: addPendingRequest at RaftClientRequest:client-953C656F0323->s0@group-FE6EA6DB94F5, cid=16, seq=0, RW, Message:6d3132, entry=(t:1, i:25), STATEMACHINELOGENTRY, client-953C656F0323, cid=16
2019-09-26 10:00:44,386 DEBUG impl.RaftServerImpl (RaftServerImpl.java:logAppendEntries(850)) - s1@group-FE6EA6DB94F5: receive appendEntries(s0, 1, (t:1, i:24), 23, false, commits[s0:c23, s1:c21, s2:c21], entries: (t:1, i:25), STATEMACHINELOGENTRY, client-953C656F0323, cid=16
2019-09-26 10:00:44,386 DEBUG impl.RaftServerImpl (RaftServerImpl.java:logAppendEntries(850)) - s2@group-FE6EA6DB94F5: receive appendEntries(s0, 1, (t:1, i:24), 23, false, commits[s0:c23, s1:c21, s2:c21], entries: (t:1, i:25), STATEMACHINELOGENTRY, client-953C656F0323, cid=16
2019-09-26 10:00:44,393 DEBUG impl.RaftServerImpl (RaftServerImpl.java:logAppendEntries(850)) - s1@group-FE6EA6DB94F5: succeeded to handle AppendEntries. Reply: s0<-s1#29:OK,SUCCESS,nextIndex:25,term:1,followerCommit:23
2019-09-26 10:00:44,394 DEBUG impl.RaftServerImpl (RaftServerImpl.java:logAppendEntries(850)) - s2@group-FE6EA6DB94F5: succeeded to handle AppendEntries. Reply: s0<-s2#29:OK,SUCCESS,nextIndex:25,term:1,followerCommit:23
2019-09-26 10:00:44,396 DEBUG impl.RaftServerImpl (RaftServerImpl.java:logAppendEntries(850)) - s1@group-FE6EA6DB94F5: succeeded to handle AppendEntries. Reply: s0<-s1#30:OK,SUCCESS,nextIndex:26,term:1,followerCommit:23
2019-09-26 10:00:44,396 DEBUG impl.RaftServerImpl (RaftServerImpl.java:logAppendEntries(850)) - s2@group-FE6EA6DB94F5: succeeded to handle AppendEntries. Reply: s0<-s2#30:OK,SUCCESS,nextIndex:26,term:1,followerCommit:23
2019-09-26 10:00:44,398 DEBUG impl.RaftServerImpl (RaftServerImpl.java:logAppendEntries(850)) - s2@group-FE6EA6DB94F5: receive appendEntries(s0, 1, (t:1, i:25), 25, false, commits[s0:c25, s1:c23, s2:c23], entries: (t:1, i:26), METADATAENTRY(c25)
2019-09-26 10:00:44,398 DEBUG impl.RaftServerImpl (RaftServerImpl.java:logAppendEntries(850)) - s1@group-FE6EA6DB94F5: receive appendEntries(s0, 1, (t:1, i:25), 25, false, commits[s0:c25, s1:c23, s2:c23], entries: (t:1, i:26), METADATAENTRY(c25)
2019-09-26 10:00:44,399 DEBUG impl.RaftServerImpl (RaftServerImpl.java:submitClientRequestAsync(533)) - s0@group-FE6EA6DB94F5: receive client request(RaftClientRequest:client-953C656F0323->s0@group-FE6EA6DB94F5, cid=17, seq=0, RW, Message:6d3133)
2019-09-26 10:00:44,400 DEBUG impl.RaftServerImpl (LeaderState.java:addPendingRequest(317)) - s0@group-FE6EA6DB94F5-LeaderState: addPendingRequest at RaftClientRequest:client-953C656F0323->s0@group-FE6EA6DB94F5, cid=17, seq=0, RW, Message:6d3133, entry=(t:1, i:27), STATEMACHINELOGENTRY, client-953C656F0323, cid=17
2019-09-26 10:00:44,401 DEBUG impl.RaftServerImpl (RaftServerImpl.java:logAppendEntries(850)) - s2@group-FE6EA6DB94F5: receive appendEntries(s0, 1, (t:1, i:26), 25, false, commits[s0:c25, s1:c23, s2:c23], entries: (t:1, i:27), STATEMACHINELOGENTRY, client-953C656F0323, cid=17
2019-09-26 10:00:44,401 DEBUG impl.RaftServerImpl (RaftServerImpl.java:logAppendEntries(850)) - s1@group-FE6EA6DB94F5: receive appendEntries(s0, 1, (t:1, i:26), 25, false, commits[s0:c25, s1:c23, s2:c23], entries: (t:1, i:27), STATEMACHINELOGENTRY, client-953C656F0323, cid=17
2019-09-26 10:00:44,408 DEBUG impl.RaftServerImpl (RaftServerImpl.java:logAppendEntries(850)) - s1@group-FE6EA6DB94F5: succeeded to handle AppendEntries. Reply: s0<-s1#31:OK,SUCCESS,nextIndex:27,term:1,followerCommit:25
2019-09-26 10:00:44,408 DEBUG impl.RaftServerImpl (RaftServerImpl.java:logAppendEntries(850)) - s2@group-FE6EA6DB94F5: succeeded to handle AppendEntries. Reply: s0<-s2#31:OK,SUCCESS,nextIndex:27,term:1,followerCommit:25
2019-09-26 10:00:44,411 DEBUG impl.RaftServerImpl (RaftServerImpl.java:logAppendEntries(850)) - s1@group-FE6EA6DB94F5: succeeded to handle AppendEntries. Reply: s0<-s1#32:OK,SUCCESS,nextIndex:28,term:1,followerCommit:25
2019-09-26 10:00:44,411 DEBUG impl.RaftServerImpl (RaftServerImpl.java:logAppendEntries(850)) - s2@group-FE6EA6DB94F5: succeeded to handle AppendEntries. Reply: s0<-s2#32:OK,SUCCESS,nextIndex:28,term:1,followerCommit:25
2019-09-26 10:00:44,413 DEBUG impl.RaftServerImpl (RaftServerImpl.java:logAppendEntries(850)) - s2@group-FE6EA6DB94F5: receive appendEntries(s0, 1, (t:1, i:27), 27, false, commits[s0:c27, s1:c25, s2:c25], entries: (t:1, i:28), METADATAENTRY(c27)
2019-09-26 10:00:44,413 DEBUG impl.RaftServerImpl (RaftServerImpl.java:logAppendEntries(850)) - s1@group-FE6EA6DB94F5: receive appendEntries(s0, 1, (t:1, i:27), 27, false, commits[s0:c27, s1:c25, s2:c25], entries: (t:1, i:28), METADATAENTRY(c27)
2019-09-26 10:00:44,415 DEBUG impl.RaftServerImpl (RaftServerImpl.java:logAppendEntries(850)) - s2@group-FE6EA6DB94F5: succeeded to handle AppendEntries. Reply: s0<-s2#33:OK,SUCCESS,nextIndex:29,term:1,followerCommit:27
2019-09-26 10:00:44,415 DEBUG impl.RaftServerImpl (RaftServerImpl.java:submitClientRequestAsync(533)) - s0@group-FE6EA6DB94F5: receive client request(RaftClientRequest:client-953C656F0323->s0@group-FE6EA6DB94F5, cid=18, seq=0, RW, Message:6d3134)
2019-09-26 10:00:44,415 DEBUG impl.RaftServerImpl (RaftServerImpl.java:logAppendEntries(850)) - s1@group-FE6EA6DB94F5: succeeded to handle AppendEntries. Reply: s0<-s1#33:OK,SUCCESS,nextIndex:29,term:1,followerCommit:27
2019-09-26 10:00:44,415 DEBUG impl.RaftServerImpl (LeaderState.java:addPendingRequest(317)) - s0@group-FE6EA6DB94F5-LeaderState: addPendingRequest at RaftClientRequest:client-953C656F0323->s0@group-FE6EA6DB94F5, cid=18, seq=0, RW, Message:6d3134, entry=(t:1, i:29), STATEMACHINELOGENTRY, client-953C656F0323, cid=18
2019-09-26 10:00:44,416 DEBUG impl.RaftServerImpl (RaftServerImpl.java:logAppendEntries(850)) - s2@group-FE6EA6DB94F5: receive appendEntries(s0, 1, (t:1, i:28), 27, false, commits[s0:c27, s1:c25, s2:c27], entries: (t:1, i:29), STATEMACHINELOGENTRY, client-953C656F0323, cid=18
2019-09-26 10:00:44,416 DEBUG impl.RaftServerImpl (RaftServerImpl.java:logAppendEntries(850)) - s1@group-FE6EA6DB94F5: receive appendEntries(s0, 1, (t:1, i:28), 28, false, commits[s0:c28, s1:c27, s2:c27], entries: (t:1, i:29), STATEMACHINELOGENTRY, client-953C656F0323, cid=18
2019-09-26 10:00:44,417 DEBUG impl.RaftServerImpl (RaftServerImpl.java:logAppendEntries(850)) - s2@group-FE6EA6DB94F5: succeeded to handle AppendEntries. Reply: s0<-s2#34:OK,SUCCESS,nextIndex:30,term:1,followerCommit:27
2019-09-26 10:00:44,418 DEBUG impl.RaftServerImpl (RaftServerImpl.java:logAppendEntries(850)) - s1@group-FE6EA6DB94F5: succeeded to handle AppendEntries. Reply: s0<-s1#34:OK,SUCCESS,nextIndex:30,term:1,followerCommit:28
2019-09-26 10:00:44,419 DEBUG impl.RaftServerImpl (RaftServerImpl.java:logAppendEntries(850)) - s2@group-FE6EA6DB94F5: receive appendEntries(s0, 1, (t:1, i:29), 29, false, commits[s0:c29, s1:c27, s2:c27], entries: (t:1, i:30), METADATAENTRY(c29)
2019-09-26 10:00:44,419 DEBUG impl.RaftServerImpl (RaftServerImpl.java:logAppendEntries(850)) - s1@group-FE6EA6DB94F5: receive appendEntries(s0, 1, (t:1, i:29), 29, false, commits[s0:c29, s1:c27, s2:c27], entries: (t:1, i:30), METADATAENTRY(c29)
2019-09-26 10:00:44,421 DEBUG impl.RaftServerImpl (RaftServerImpl.java:logAppendEntries(850)) - s2@group-FE6EA6DB94F5: succeeded to handle AppendEntries. Reply: s0<-s2#35:OK,SUCCESS,nextIndex:31,term:1,followerCommit:29
2019-09-26 10:00:44,421 DEBUG impl.RaftServerImpl (RaftServerImpl.java:submitClientRequestAsync(533)) - s0@group-FE6EA6DB94F5: receive client request(RaftClientRequest:client-953C656F0323->s0@group-FE6EA6DB94F5, cid=19, seq=0, RW, Message:6d3135)
2019-09-26 10:00:44,421 DEBUG impl.RaftServerImpl (LeaderState.java:addPendingRequest(317)) - s0@group-FE6EA6DB94F5-LeaderState: addPendingRequest at RaftClientRequest:client-953C656F0323->s0@group-FE6EA6DB94F5, cid=19, seq=0, RW, Message:6d3135, entry=(t:1, i:31), STATEMACHINELOGENTRY, client-953C656F0323, cid=19
2019-09-26 10:00:44,422 DEBUG impl.RaftServerImpl (RaftServerImpl.java:logAppendEntries(850)) - s1@group-FE6EA6DB94F5: succeeded to handle AppendEntries. Reply: s0<-s1#35:OK,SUCCESS,nextIndex:31,term:1,followerCommit:29
2019-09-26 10:00:44,422 DEBUG impl.RaftServerImpl (RaftServerImpl.java:logAppendEntries(850)) - s1@group-FE6EA6DB94F5: receive appendEntries(s0, 1, (t:1, i:30), 30, false, commits[s0:c30, s1:c28, s2:c29], entries: (t:1, i:31), STATEMACHINELOGENTRY, client-953C656F0323, cid=19
2019-09-26 10:00:44,422 DEBUG impl.RaftServerImpl (RaftServerImpl.java:logAppendEntries(850)) - s2@group-FE6EA6DB94F5: receive appendEntries(s0, 1, (t:1, i:30), 30, false, commits[s0:c30, s1:c28, s2:c29], entries: (t:1, i:31), STATEMACHINELOGENTRY, client-953C656F0323, cid=19
2019-09-26 10:00:44,424 DEBUG impl.RaftServerImpl (RaftServerImpl.java:logAppendEntries(850)) - s1@group-FE6EA6DB94F5: succeeded to handle AppendEntries. Reply: s0<-s1#36:OK,SUCCESS,nextIndex:32,term:1,followerCommit:30
2019-09-26 10:00:44,425 DEBUG impl.RaftServerImpl (RaftServerImpl.java:logAppendEntries(850)) - s2@group-FE6EA6DB94F5: succeeded to handle AppendEntries. Reply: s0<-s2#36:OK,SUCCESS,nextIndex:32,term:1,followerCommit:30
2019-09-26 10:00:44,426 DEBUG impl.RaftServerImpl (RaftServerImpl.java:logAppendEntries(850)) - s1@group-FE6EA6DB94F5: receive appendEntries(s0, 1, (t:1, i:31), 31, false, commits[s0:c31, s1:c30, s2:c29], entries: (t:1, i:32), METADATAENTRY(c31)
2019-09-26 10:00:44,426 DEBUG impl.RaftServerImpl (RaftServerImpl.java:logAppendEntries(850)) - s2@group-FE6EA6DB94F5: receive appendEntries(s0, 1, (t:1, i:31), 31, false, commits[s0:c31, s1:c30, s2:c29], entries: (t:1, i:32), METADATAENTRY(c31)
2019-09-26 10:00:44,427 DEBUG impl.RaftServerImpl (RaftServerImpl.java:submitClientRequestAsync(533)) - s0@group-FE6EA6DB94F5: receive client request(RaftClientRequest:client-953C656F0323->s0@group-FE6EA6DB94F5, cid=20, seq=0, RW, Message:6d3136)
2019-09-26 10:00:44,428 DEBUG impl.RaftServerImpl (LeaderState.java:addPendingRequest(317)) - s0@group-FE6EA6DB94F5-LeaderState: addPendingRequest at RaftClientRequest:client-953C656F0323->s0@group-FE6EA6DB94F5, cid=20, seq=0, RW, Message:6d3136, entry=(t:1, i:33), STATEMACHINELOGENTRY, client-953C656F0323, cid=20
2019-09-26 10:00:44,428 DEBUG impl.RaftServerImpl (RaftServerImpl.java:logAppendEntries(850)) - s1@group-FE6EA6DB94F5: succeeded to handle AppendEntries. Reply: s0<-s1#37:OK,SUCCESS,nextIndex:33,term:1,followerCommit:31
2019-09-26 10:00:44,429 DEBUG impl.RaftServerImpl (RaftServerImpl.java:logAppendEntries(850)) - s2@group-FE6EA6DB94F5: succeeded to handle AppendEntries. Reply: s0<-s2#37:OK,SUCCESS,nextIndex:33,term:1,followerCommit:31
2019-09-26 10:00:44,429 DEBUG impl.RaftServerImpl (RaftServerImpl.java:logAppendEntries(850)) - s1@group-FE6EA6DB94F5: receive appendEntries(s0, 1, (t:1, i:32), 31, false, commits[s0:c31, s1:c30, s2:c30], entries: (t:1, i:33), STATEMACHINELOGENTRY, client-953C656F0323, cid=20
2019-09-26 10:00:44,429 DEBUG impl.RaftServerImpl (RaftServerImpl.java:logAppendEntries(850)) - s2@group-FE6EA6DB94F5: receive appendEntries(s0, 1, (t:1, i:32), 31, false, commits[s0:c31, s1:c30, s2:c30], entries: (t:1, i:33), STATEMACHINELOGENTRY, client-953C656F0323, cid=20
2019-09-26 10:00:44,431 DEBUG impl.RaftServerImpl (RaftServerImpl.java:logAppendEntries(850)) - s1@group-FE6EA6DB94F5: succeeded to handle AppendEntries. Reply: s0<-s1#38:OK,SUCCESS,nextIndex:34,term:1,followerCommit:31
2019-09-26 10:00:44,431 DEBUG impl.RaftServerImpl (RaftServerImpl.java:logAppendEntries(850)) - s2@group-FE6EA6DB94F5: succeeded to handle AppendEntries. Reply: s0<-s2#38:OK,SUCCESS,nextIndex:34,term:1,followerCommit:31
2019-09-26 10:00:44,433 DEBUG impl.RaftServerImpl (RaftServerImpl.java:logAppendEntries(850)) - s1@group-FE6EA6DB94F5: receive appendEntries(s0, 1, (t:1, i:33), 33, false, commits[s0:c33, s1:c31, s2:c31], entries: (t:1, i:34), METADATAENTRY(c33)
2019-09-26 10:00:44,433 DEBUG impl.RaftServerImpl (RaftServerImpl.java:logAppendEntries(850)) - s2@group-FE6EA6DB94F5: receive appendEntries(s0, 1, (t:1, i:33), 33, false, commits[s0:c33, s1:c31, s2:c31], entries: (t:1, i:34), METADATAENTRY(c33)
2019-09-26 10:00:44,435 DEBUG impl.RaftServerImpl (RaftServerImpl.java:submitClientRequestAsync(533)) - s0@group-FE6EA6DB94F5: receive client request(RaftClientRequest:client-953C656F0323->s0@group-FE6EA6DB94F5, cid=21, seq=0, RW, Message:6d3137)
2019-09-26 10:00:44,435 DEBUG impl.RaftServerImpl (LeaderState.java:addPendingRequest(317)) - s0@group-FE6EA6DB94F5-LeaderState: addPendingRequest at RaftClientRequest:client-953C656F0323->s0@group-FE6EA6DB94F5, cid=21, seq=0, RW, Message:6d3137, entry=(t:1, i:35), STATEMACHINELOGENTRY, client-953C656F0323, cid=21
2019-09-26 10:00:44,436 DEBUG impl.RaftServerImpl (RaftServerImpl.java:logAppendEntries(850)) - s2@group-FE6EA6DB94F5: receive appendEntries(s0, 1, (t:1, i:34), 33, false, commits[s0:c33, s1:c31, s2:c31], entries: (t:1, i:35), STATEMACHINELOGENTRY, client-953C656F0323, cid=21
2019-09-26 10:00:44,436 DEBUG impl.RaftServerImpl (RaftServerImpl.java:logAppendEntries(850)) - s1@group-FE6EA6DB94F5: receive appendEntries(s0, 1, (t:1, i:34), 33, false, commits[s0:c33, s1:c31, s2:c31], entries: (t:1, i:35), STATEMACHINELOGENTRY, client-953C656F0323, cid=21
2019-09-26 10:00:44,459 DEBUG impl.RaftServerImpl (RaftServerImpl.java:logAppendEntries(850)) - s2@group-FE6EA6DB94F5: succeeded to handle AppendEntries. Reply: s0<-s2#39:OK,SUCCESS,nextIndex:35,term:1,followerCommit:33
2019-09-26 10:00:44,459 DEBUG impl.RaftServerImpl (RaftServerImpl.java:logAppendEntries(850)) - s1@group-FE6EA6DB94F5: succeeded to handle AppendEntries. Reply: s0<-s1#39:OK,SUCCESS,nextIndex:35,term:1,followerCommit:33
2019-09-26 10:00:44,470 DEBUG impl.RaftServerImpl (RaftServerImpl.java:logAppendEntries(850)) - s2@group-FE6EA6DB94F5: succeeded to handle AppendEntries. Reply: s0<-s2#40:OK,SUCCESS,nextIndex:36,term:1,followerCommit:33
2019-09-26 10:00:44,470 DEBUG impl.RaftServerImpl (RaftServerImpl.java:logAppendEntries(850)) - s1@group-FE6EA6DB94F5: succeeded to handle AppendEntries. Reply: s0<-s1#40:OK,SUCCESS,nextIndex:36,term:1,followerCommit:33
2019-09-26 10:00:44,472 DEBUG impl.RaftServerImpl (RaftServerImpl.java:logAppendEntries(850)) - s2@group-FE6EA6DB94F5: receive appendEntries(s0, 1, (t:1, i:35), 35, false, commits[s0:c35, s1:c33, s2:c33], entries: (t:1, i:36), METADATAENTRY(c35)
2019-09-26 10:00:44,472 DEBUG impl.RaftServerImpl (RaftServerImpl.java:logAppendEntries(850)) - s1@group-FE6EA6DB94F5: receive appendEntries(s0, 1, (t:1, i:35), 35, false, commits[s0:c35, s1:c33, s2:c33], entries: (t:1, i:36), METADATAENTRY(c35)
2019-09-26 10:00:44,476 DEBUG impl.RaftServerImpl (RaftServerImpl.java:submitClientRequestAsync(533)) - s0@group-FE6EA6DB94F5: receive client request(RaftClientRequest:client-953C656F0323->s0@group-FE6EA6DB94F5, cid=22, seq=0, RW, Message:6d3138)
2019-09-26 10:00:44,476 DEBUG impl.RaftServerImpl (LeaderState.java:addPendingRequest(317)) - s0@group-FE6EA6DB94F5-LeaderState: addPendingRequest at RaftClientRequest:client-953C656F0323->s0@group-FE6EA6DB94F5, cid=22, seq=0, RW, Message:6d3138, entry=(t:1, i:37), STATEMACHINELOGENTRY, client-953C656F0323, cid=22
2019-09-26 10:00:44,477 DEBUG impl.RaftServerImpl (RaftServerImpl.java:logAppendEntries(850)) - s2@group-FE6EA6DB94F5: receive appendEntries(s0, 1, (t:1, i:36), 35, false, commits[s0:c35, s1:c33, s2:c33], entries: (t:1, i:37), STATEMACHINELOGENTRY, client-953C656F0323, cid=22
2019-09-26 10:00:44,477 DEBUG impl.RaftServerImpl (RaftServerImpl.java:logAppendEntries(850)) - s1@group-FE6EA6DB94F5: receive appendEntries(s0, 1, (t:1, i:36), 35, false, commits[s0:c35, s1:c33, s2:c33], entries: (t:1, i:37), STATEMACHINELOGENTRY, client-953C656F0323, cid=22
2019-09-26 10:00:44,480 DEBUG impl.RaftServerImpl (RaftServerImpl.java:logAppendEntries(850)) - s1@group-FE6EA6DB94F5: succeeded to handle AppendEntries. Reply: s0<-s1#41:OK,SUCCESS,nextIndex:37,term:1,followerCommit:35
2019-09-26 10:00:44,481 DEBUG impl.RaftServerImpl (RaftServerImpl.java:logAppendEntries(850)) - s2@group-FE6EA6DB94F5: succeeded to handle AppendEntries. Reply: s0<-s2#41:OK,SUCCESS,nextIndex:37,term:1,followerCommit:35
2019-09-26 10:00:44,483 DEBUG impl.RaftServerImpl (RaftServerImpl.java:logAppendEntries(850)) - s1@group-FE6EA6DB94F5: succeeded to handle AppendEntries. Reply: s0<-s1#42:OK,SUCCESS,nextIndex:38,term:1,followerCommit:35
2019-09-26 10:00:44,483 DEBUG impl.RaftServerImpl (RaftServerImpl.java:logAppendEntries(850)) - s2@group-FE6EA6DB94F5: succeeded to handle AppendEntries. Reply: s0<-s2#42:OK,SUCCESS,nextIndex:38,term:1,followerCommit:35
2019-09-26 10:00:44,486 DEBUG impl.RaftServerImpl (RaftServerImpl.java:logAppendEntries(850)) - s1@group-FE6EA6DB94F5: receive appendEntries(s0, 1, (t:1, i:37), 37, false, commits[s0:c37, s1:c35, s2:c35], entries: (t:1, i:38), METADATAENTRY(c37)
2019-09-26 10:00:44,486 DEBUG impl.RaftServerImpl (RaftServerImpl.java:logAppendEntries(850)) - s2@group-FE6EA6DB94F5: receive appendEntries(s0, 1, (t:1, i:37), 37, false, commits[s0:c37, s1:c35, s2:c35], entries: (t:1, i:38), METADATAENTRY(c37)
2019-09-26 10:00:44,489 DEBUG impl.RaftServerImpl (RaftServerImpl.java:submitClientRequestAsync(533)) - s0@group-FE6EA6DB94F5: receive client request(RaftClientRequest:client-953C656F0323->s0@group-FE6EA6DB94F5, cid=23, seq=0, RW, Message:6d3139)
2019-09-26 10:00:44,489 DEBUG impl.RaftServerImpl (LeaderState.java:addPendingRequest(317)) - s0@group-FE6EA6DB94F5-LeaderState: addPendingRequest at RaftClientRequest:client-953C656F0323->s0@group-FE6EA6DB94F5, cid=23, seq=0, RW, Message:6d3139, entry=(t:1, i:39), STATEMACHINELOGENTRY, client-953C656F0323, cid=23
2019-09-26 10:00:44,490 DEBUG impl.RaftServerImpl (RaftServerImpl.java:logAppendEntries(850)) - s2@group-FE6EA6DB94F5: receive appendEntries(s0, 1, (t:1, i:38), 37, false, commits[s0:c37, s1:c35, s2:c35], entries: (t:1, i:39), STATEMACHINELOGENTRY, client-953C656F0323, cid=23
2019-09-26 10:00:44,490 DEBUG impl.RaftServerImpl (RaftServerImpl.java:logAppendEntries(850)) - s1@group-FE6EA6DB94F5: receive appendEntries(s0, 1, (t:1, i:38), 37, false, commits[s0:c37, s1:c35, s2:c35], entries: (t:1, i:39), STATEMACHINELOGENTRY, client-953C656F0323, cid=23
2019-09-26 10:00:44,495 DEBUG impl.RaftServerImpl (RaftServerImpl.java:logAppendEntries(850)) - s2@group-FE6EA6DB94F5: succeeded to handle AppendEntries. Reply: s0<-s2#43:OK,SUCCESS,nextIndex:39,term:1,followerCommit:37
2019-09-26 10:00:44,495 DEBUG impl.RaftServerImpl (RaftServerImpl.java:logAppendEntries(850)) - s1@group-FE6EA6DB94F5: succeeded to handle AppendEntries. Reply: s0<-s1#43:OK,SUCCESS,nextIndex:39,term:1,followerCommit:37
2019-09-26 10:00:44,497 DEBUG impl.RaftServerImpl (RaftServerImpl.java:logAppendEntries(850)) - s1@group-FE6EA6DB94F5: succeeded to handle AppendEntries. Reply: s0<-s1#44:OK,SUCCESS,nextIndex:40,term:1,followerCommit:37
2019-09-26 10:00:44,497 DEBUG impl.RaftServerImpl (RaftServerImpl.java:logAppendEntries(850)) - s2@group-FE6EA6DB94F5: succeeded to handle AppendEntries. Reply: s0<-s2#44:OK,SUCCESS,nextIndex:40,term:1,followerCommit:37
2019-09-26 10:00:44,499 DEBUG impl.RaftServerImpl (RaftServerImpl.java:logAppendEntries(850)) - s2@group-FE6EA6DB94F5: receive appendEntries(s0, 1, (t:1, i:39), 39, false, commits[s0:c39, s1:c37, s2:c37], entries: (t:1, i:40), METADATAENTRY(c39)
2019-09-26 10:00:44,499 DEBUG impl.RaftServerImpl (RaftServerImpl.java:logAppendEntries(850)) - s1@group-FE6EA6DB94F5: receive appendEntries(s0, 1, (t:1, i:39), 39, false, commits[s0:c39, s1:c37, s2:c37], entries: (t:1, i:40), METADATAENTRY(c39)
2019-09-26 10:00:44,499 INFO  ratis.MiniRaftCluster (MiniRaftCluster.java:addNewPeers(403)) - Add new peers [s3, s4]
2019-09-26 10:00:44,499 INFO  ratis.MiniRaftCluster (MiniRaftCluster.java:newRaftServer(330)) - newRaftServer: s3, group-FE6EA6DB94F5:[s0:0.0.0.0:42984, s1:0.0.0.0:33314, s2:0.0.0.0:37104], format? true
2019-09-26 10:00:44,500 TRACE util.FileUtils (FileUtils.java:deleteFully(88)) - deleteFully target/test/data/fe4d9539/MiniRaftClusterWithGrpcb0829ea5/s3
2019-09-26 10:00:44,500 TRACE util.FileUtils (FileUtils.java:deleteFully(104)) - deleteFully: target/test/data/fe4d9539/MiniRaftClusterWithGrpcb0829ea5/s3 does not exist.
2019-09-26 10:00:44,500 INFO  ratis.MiniRaftCluster (MiniRaftCluster.java:newRaftServer(335)) - Formatted directory target/test/data/fe4d9539/MiniRaftClusterWithGrpcb0829ea5/s3
2019-09-26 10:00:44,500 INFO  impl.RaftServerProxy (ConfUtils.java:logGet(43)) - raft.rpc.type = GRPC (default)
2019-09-26 10:00:44,500 INFO  grpc.GrpcFactory (GrpcFactory.java:checkPooledByteBufAllocatorUseCacheForAllThreads(45)) - PERFORMANCE WARNING: useCacheForAllThreads is true that may cause Netty to create a lot garbage objects and, as a result, trigger GC.
	It is recommended to disable useCacheForAllThreads by setting -Dorg.apache.ratis.thirdparty.io.netty.allocator.useCacheForAllThreads=false in command line.
2019-09-26 10:00:44,501 INFO  grpc.GrpcConfigKeys$Server (ConfUtils.java:logGet(43)) - raft.grpc.server.port = 40074 (custom)
2019-09-26 10:00:44,501 INFO  server.GrpcService (ConfUtils.java:logGet(43)) - raft.grpc.message.size.max = 64MB (=67108864) (default)
2019-09-26 10:00:44,501 INFO  server.RaftServerConfigKeys (ConfUtils.java:logGet(43)) - raft.server.log.appender.buffer.byte-limit = 4MB (=4194304) (default)
2019-09-26 10:00:44,501 INFO  server.GrpcService (ConfUtils.java:logGet(43)) - raft.grpc.flow.control.window = 1MB (=1048576) (default)
2019-09-26 10:00:44,501 INFO  server.RaftServerConfigKeys (ConfUtils.java:logGet(43)) - raft.server.rpc.request.timeout = 3000ms (default)
2019-09-26 10:00:44,502 INFO  server.RaftServerConfigKeys (ConfUtils.java:logGet(43)) - raft.server.storage.dir = [/workdir/ratis-test/target/test/data/fe4d9539/MiniRaftClusterWithGrpcb0829ea5/s3] (custom)
2019-09-26 10:00:44,502 INFO  impl.RaftServerProxy (RaftServerProxy.java:addNew(89)) - s3: addNew group-FE6EA6DB94F5:[s0:0.0.0.0:42984, s1:0.0.0.0:33314, s2:0.0.0.0:37104] returns group-FE6EA6DB94F5:java.util.concurrent.CompletableFuture@6962404c[Not completed]
2019-09-26 10:00:44,502 INFO  impl.RaftServerImpl (RaftServerImpl.java:<init>(95)) - s3: new RaftServerImpl for group-FE6EA6DB94F5:[s0:0.0.0.0:42984, s1:0.0.0.0:33314, s2:0.0.0.0:37104] with BaseStateMachine:uninitialized
2019-09-26 10:00:44,502 INFO  ratis.MiniRaftCluster (MiniRaftCluster.java:newRaftServer(330)) - newRaftServer: s4, group-FE6EA6DB94F5:[s0:0.0.0.0:42984, s1:0.0.0.0:33314, s2:0.0.0.0:37104], format? true
2019-09-26 10:00:44,503 INFO  server.RaftServerConfigKeys (ConfUtils.java:logGet(43)) - raft.server.rpc.timeout.min = 150ms (default)
2019-09-26 10:00:44,503 TRACE util.FileUtils (FileUtils.java:deleteFully(88)) - deleteFully target/test/data/fe4d9539/MiniRaftClusterWithGrpcb0829ea5/s4
2019-09-26 10:00:44,503 INFO  server.RaftServerConfigKeys (ConfUtils.java:logGet(43)) - raft.server.rpc.timeout.max = 300ms (default)
2019-09-26 10:00:44,503 INFO  server.RaftServerConfigKeys (ConfUtils.java:logGet(43)) - raft.server.rpcslowness.timeout = 60s (default)
2019-09-26 10:00:44,504 TRACE util.FileUtils (FileUtils.java:deleteFully(104)) - deleteFully: target/test/data/fe4d9539/MiniRaftClusterWithGrpcb0829ea5/s4 does not exist.
2019-09-26 10:00:44,504 INFO  server.RaftServerConfigKeys (ConfUtils.java:logGet(43)) - raft.server.sleep.deviation.threshold = 300 (default)
2019-09-26 10:00:44,504 INFO  ratis.MiniRaftCluster (MiniRaftCluster.java:newRaftServer(335)) - Formatted directory target/test/data/fe4d9539/MiniRaftClusterWithGrpcb0829ea5/s4
2019-09-26 10:00:44,504 INFO  server.RaftServerConfigKeys (ConfUtils.java:logGet(43)) - raft.server.log.appender.install.snapshot.enabled = true (default)
2019-09-26 10:00:44,504 INFO  impl.RaftServerImpl (ServerState.java:<init>(103)) - s3@group-FE6EA6DB94F5: ConfigurationManager, init=-1: [s0:0.0.0.0:42984, s1:0.0.0.0:33314, s2:0.0.0.0:37104], old=null, confs=<EMPTY_MAP>
2019-09-26 10:00:44,504 INFO  impl.RaftServerProxy (ConfUtils.java:logGet(43)) - raft.rpc.type = GRPC (default)
2019-09-26 10:00:44,504 INFO  server.RaftServerConfigKeys (ConfUtils.java:logGet(43)) - raft.server.storage.dir = [/workdir/ratis-test/target/test/data/fe4d9539/MiniRaftClusterWithGrpcb0829ea5/s3] (custom)
2019-09-26 10:00:44,504 INFO  grpc.GrpcFactory (GrpcFactory.java:checkPooledByteBufAllocatorUseCacheForAllThreads(45)) - PERFORMANCE WARNING: useCacheForAllThreads is true that may cause Netty to create a lot garbage objects and, as a result, trigger GC.
	It is recommended to disable useCacheForAllThreads by setting -Dorg.apache.ratis.thirdparty.io.netty.allocator.useCacheForAllThreads=false in command line.
2019-09-26 10:00:44,505 INFO  server.RaftServerConfigKeys (ConfUtils.java:logGet(43)) - raft.server.log.corruption.policy = EXCEPTION (default)
2019-09-26 10:00:44,505 INFO  grpc.GrpcConfigKeys$Server (ConfUtils.java:logGet(43)) - raft.grpc.server.port = 41544 (custom)
2019-09-26 10:00:44,505 INFO  storage.RaftStorageDirectory (RaftStorageDirectory.java:analyzeStorage(246)) - The storage directory /workdir/ratis-test/target/test/data/fe4d9539/MiniRaftClusterWithGrpcb0829ea5/s3/f22d41d2-9603-42e4-a82d-fe6ea6db94f5 does not exist. Creating ...
2019-09-26 10:00:44,505 INFO  server.GrpcService (ConfUtils.java:logGet(43)) - raft.grpc.message.size.max = 64MB (=67108864) (default)
2019-09-26 10:00:44,505 INFO  server.RaftServerConfigKeys (ConfUtils.java:logGet(43)) - raft.server.log.appender.buffer.byte-limit = 4MB (=4194304) (default)
2019-09-26 10:00:44,505 TRACE util.FileUtils (LogUtils.java:runAndLog(61)) - Successfully ran Files.createDirectories /workdir/ratis-test/target/test/data/fe4d9539/MiniRaftClusterWithGrpcb0829ea5/s3/f22d41d2-9603-42e4-a82d-fe6ea6db94f5
2019-09-26 10:00:44,506 INFO  server.GrpcService (ConfUtils.java:logGet(43)) - raft.grpc.flow.control.window = 1MB (=1048576) (default)
2019-09-26 10:00:44,506 INFO  server.RaftServerConfigKeys (ConfUtils.java:logGet(43)) - raft.server.rpc.request.timeout = 3000ms (default)
2019-09-26 10:00:44,507 INFO  server.RaftServerConfigKeys (ConfUtils.java:logGet(43)) - raft.server.storage.dir = [/workdir/ratis-test/target/test/data/fe4d9539/MiniRaftClusterWithGrpcb0829ea5/s4] (custom)
2019-09-26 10:00:44,507 INFO  impl.RaftServerProxy (RaftServerProxy.java:addNew(89)) - s4: addNew group-FE6EA6DB94F5:[s0:0.0.0.0:42984, s1:0.0.0.0:33314, s2:0.0.0.0:37104] returns group-FE6EA6DB94F5:java.util.concurrent.CompletableFuture@2da8e864[Not completed]
2019-09-26 10:00:44,507 INFO  impl.RaftServerImpl (RaftServerImpl.java:<init>(95)) - s4: new RaftServerImpl for group-FE6EA6DB94F5:[s0:0.0.0.0:42984, s1:0.0.0.0:33314, s2:0.0.0.0:37104] with BaseStateMachine:uninitialized
2019-09-26 10:00:44,508 INFO  server.RaftServerConfigKeys (ConfUtils.java:logGet(43)) - raft.server.rpc.timeout.min = 150ms (default)
2019-09-26 10:00:44,508 INFO  server.RaftServerConfigKeys (ConfUtils.java:logGet(43)) - raft.server.rpc.timeout.max = 300ms (default)
2019-09-26 10:00:44,508 INFO  server.RaftServerConfigKeys (ConfUtils.java:logGet(43)) - raft.server.rpcslowness.timeout = 60s (default)
2019-09-26 10:00:44,508 INFO  server.RaftServerConfigKeys (ConfUtils.java:logGet(43)) - raft.server.sleep.deviation.threshold = 300 (default)
2019-09-26 10:00:44,508 INFO  server.RaftServerConfigKeys (ConfUtils.java:logGet(43)) - raft.server.log.appender.install.snapshot.enabled = true (default)
2019-09-26 10:00:44,508 INFO  impl.RaftServerImpl (ServerState.java:<init>(103)) - s4@group-FE6EA6DB94F5: ConfigurationManager, init=-1: [s0:0.0.0.0:42984, s1:0.0.0.0:33314, s2:0.0.0.0:37104], old=null, confs=<EMPTY_MAP>
2019-09-26 10:00:44,508 INFO  server.RaftServerConfigKeys (ConfUtils.java:logGet(43)) - raft.server.storage.dir = [/workdir/ratis-test/target/test/data/fe4d9539/MiniRaftClusterWithGrpcb0829ea5/s4] (custom)
2019-09-26 10:00:44,508 INFO  server.RaftServerConfigKeys (ConfUtils.java:logGet(43)) - raft.server.log.corruption.policy = EXCEPTION (default)
2019-09-26 10:00:44,508 INFO  storage.RaftStorageDirectory (RaftStorageDirectory.java:analyzeStorage(246)) - The storage directory /workdir/ratis-test/target/test/data/fe4d9539/MiniRaftClusterWithGrpcb0829ea5/s4/f22d41d2-9603-42e4-a82d-fe6ea6db94f5 does not exist. Creating ...
2019-09-26 10:00:44,509 TRACE util.FileUtils (LogUtils.java:runAndLog(61)) - Successfully ran Files.createDirectories /workdir/ratis-test/target/test/data/fe4d9539/MiniRaftClusterWithGrpcb0829ea5/s4/f22d41d2-9603-42e4-a82d-fe6ea6db94f5
2019-09-26 10:00:44,509 DEBUG impl.RaftServerImpl (RaftServerImpl.java:logAppendEntries(850)) - s1@group-FE6EA6DB94F5: succeeded to handle AppendEntries. Reply: s0<-s1#45:OK,SUCCESS,nextIndex:41,term:1,followerCommit:39
2019-09-26 10:00:44,509 DEBUG impl.RaftServerImpl (RaftServerImpl.java:logAppendEntries(850)) - s2@group-FE6EA6DB94F5: succeeded to handle AppendEntries. Reply: s0<-s2#45:OK,SUCCESS,nextIndex:41,term:1,followerCommit:39
2019-09-26 10:00:44,511 INFO  storage.RaftStorageDirectory (RaftStorageDirectory.java:tryLock(328)) - Lock on /workdir/ratis-test/target/test/data/fe4d9539/MiniRaftClusterWithGrpcb0829ea5/s3/f22d41d2-9603-42e4-a82d-fe6ea6db94f5/in_use.lock acquired by nodename 13417@ratis-test-kn96w-682825239
2019-09-26 10:00:44,511 TRACE util.FileUtils (LogUtils.java:runAndLog(61)) - Successfully ran Files.createDirectories /workdir/ratis-test/target/test/data/fe4d9539/MiniRaftClusterWithGrpcb0829ea5/s3/f22d41d2-9603-42e4-a82d-fe6ea6db94f5/current
2019-09-26 10:00:44,512 TRACE util.FileUtils (LogUtils.java:runAndLog(61)) - Successfully ran Files.createDirectories /workdir/ratis-test/target/test/data/fe4d9539/MiniRaftClusterWithGrpcb0829ea5/s3/f22d41d2-9603-42e4-a82d-fe6ea6db94f5/sm
2019-09-26 10:00:44,514 INFO  storage.RaftStorageDirectory (RaftStorageDirectory.java:tryLock(328)) - Lock on /workdir/ratis-test/target/test/data/fe4d9539/MiniRaftClusterWithGrpcb0829ea5/s4/f22d41d2-9603-42e4-a82d-fe6ea6db94f5/in_use.lock acquired by nodename 13417@ratis-test-kn96w-682825239
2019-09-26 10:00:44,514 TRACE util.FileUtils (LogUtils.java:runAndLog(61)) - Successfully ran Files.createDirectories /workdir/ratis-test/target/test/data/fe4d9539/MiniRaftClusterWithGrpcb0829ea5/s4/f22d41d2-9603-42e4-a82d-fe6ea6db94f5/current
2019-09-26 10:00:44,514 TRACE util.FileUtils (LogUtils.java:runAndLog(61)) - Successfully ran Files.createDirectories /workdir/ratis-test/target/test/data/fe4d9539/MiniRaftClusterWithGrpcb0829ea5/s4/f22d41d2-9603-42e4-a82d-fe6ea6db94f5/sm
2019-09-26 10:00:44,527 INFO  storage.RaftStorage (RaftStorage.java:format(84)) - Storage directory /workdir/ratis-test/target/test/data/fe4d9539/MiniRaftClusterWithGrpcb0829ea5/s4/f22d41d2-9603-42e4-a82d-fe6ea6db94f5 has been successfully formatted.
2019-09-26 10:00:44,527 INFO  storage.RaftStorage (RaftStorage.java:format(84)) - Storage directory /workdir/ratis-test/target/test/data/fe4d9539/MiniRaftClusterWithGrpcb0829ea5/s3/f22d41d2-9603-42e4-a82d-fe6ea6db94f5 has been successfully formatted.
2019-09-26 10:00:44,527 INFO  server.RaftServerConfigKeys (ConfUtils.java:logGet(43)) - raft.server.notification.no-leader.timeout = 60s (default)
2019-09-26 10:00:44,527 INFO  server.RaftServerConfigKeys (ConfUtils.java:logGet(43)) - raft.server.notification.no-leader.timeout = 60s (default)
2019-09-26 10:00:44,527 INFO  server.RaftServerConfigKeys (ConfUtils.java:logGet(43)) - raft.server.log.use.memory = false (default)
2019-09-26 10:00:44,527 INFO  server.RaftServerConfigKeys (ConfUtils.java:logGet(43)) - raft.server.log.use.memory = false (default)
2019-09-26 10:00:44,527 INFO  server.RaftServerConfigKeys (ConfUtils.java:logGet(43)) - raft.server.log.purge.gap = 1024 (default)
2019-09-26 10:00:44,528 INFO  server.RaftServerConfigKeys (ConfUtils.java:logGet(43)) - raft.server.log.purge.gap = 1024 (default)
2019-09-26 10:00:44,528 INFO  server.RaftServerConfigKeys (ConfUtils.java:logGet(43)) - raft.server.log.appender.buffer.byte-limit = 4MB (=4194304) (default)
2019-09-26 10:00:44,528 INFO  server.RaftServerConfigKeys (ConfUtils.java:logGet(43)) - raft.server.log.appender.buffer.byte-limit = 4MB (=4194304) (default)
2019-09-26 10:00:44,528 INFO  server.RaftServerConfigKeys (ConfUtils.java:logGet(43)) - raft.server.log.segment.size.max = 8MB (=8388608) (default)
2019-09-26 10:00:44,528 INFO  server.RaftServerConfigKeys (ConfUtils.java:logGet(43)) - raft.server.log.segment.size.max = 8MB (=8388608) (default)
2019-09-26 10:00:44,528 INFO  server.RaftServerConfigKeys (ConfUtils.java:logGet(43)) - raft.server.log.segment.cache.num.max = 6 (default)
2019-09-26 10:00:44,528 INFO  server.RaftServerConfigKeys (ConfUtils.java:logGet(43)) - raft.server.log.segment.cache.num.max = 6 (default)
2019-09-26 10:00:44,528 INFO  segmented.SegmentedRaftLogWorker (SegmentedRaftLogWorker.java:<init>(172)) - new s4@group-FE6EA6DB94F5-SegmentedRaftLogWorker for RaftStorage:Storage Directory /workdir/ratis-test/target/test/data/fe4d9539/MiniRaftClusterWithGrpcb0829ea5/s4/f22d41d2-9603-42e4-a82d-fe6ea6db94f5
2019-09-26 10:00:44,528 INFO  segmented.SegmentedRaftLogWorker (SegmentedRaftLogWorker.java:<init>(172)) - new s3@group-FE6EA6DB94F5-SegmentedRaftLogWorker for RaftStorage:Storage Directory /workdir/ratis-test/target/test/data/fe4d9539/MiniRaftClusterWithGrpcb0829ea5/s3/f22d41d2-9603-42e4-a82d-fe6ea6db94f5
2019-09-26 10:00:44,528 INFO  server.RaftServerConfigKeys (ConfUtils.java:logGet(43)) - raft.server.log.queue.byte-limit = 64MB (=67108864) (default)
2019-09-26 10:00:44,528 INFO  server.RaftServerConfigKeys (ConfUtils.java:logGet(43)) - raft.server.log.queue.byte-limit = 64MB (=67108864) (default)
2019-09-26 10:00:44,528 INFO  server.RaftServerConfigKeys (ConfUtils.java:logGet(43)) - raft.server.log.queue.element-limit = 4096 (default)
2019-09-26 10:00:44,529 INFO  server.RaftServerConfigKeys (ConfUtils.java:logGet(43)) - raft.server.log.queue.element-limit = 4096 (default)
2019-09-26 10:00:44,529 INFO  server.RaftServerConfigKeys (ConfUtils.java:logGet(43)) - raft.server.log.segment.size.max = 8MB (=8388608) (default)
2019-09-26 10:00:44,529 INFO  server.RaftServerConfigKeys (ConfUtils.java:logGet(43)) - raft.server.log.segment.size.max = 8MB (=8388608) (default)
2019-09-26 10:00:44,529 INFO  server.RaftServerConfigKeys (ConfUtils.java:logGet(43)) - raft.server.log.preallocated.size = 4MB (=4194304) (default)
2019-09-26 10:00:44,529 INFO  server.RaftServerConfigKeys (ConfUtils.java:logGet(43)) - raft.server.log.preallocated.size = 4MB (=4194304) (default)
2019-09-26 10:00:44,529 INFO  server.RaftServerConfigKeys (ConfUtils.java:logGet(43)) - raft.server.log.write.buffer.size = 64KB (=65536) (default)
2019-09-26 10:00:44,529 INFO  server.RaftServerConfigKeys (ConfUtils.java:logGet(43)) - raft.server.log.write.buffer.size = 64KB (=65536) (default)
2019-09-26 10:00:44,529 INFO  server.RaftServerConfigKeys (ConfUtils.java:logGet(43)) - raft.server.log.force.sync.num = 128 (default)
2019-09-26 10:00:44,529 INFO  server.RaftServerConfigKeys (ConfUtils.java:logGet(43)) - raft.server.log.force.sync.num = 128 (default)
2019-09-26 10:00:44,529 INFO  server.RaftServerConfigKeys (ConfUtils.java:logGet(43)) - raft.server.log.statemachine.data.sync = true (default)
2019-09-26 10:00:44,529 INFO  server.RaftServerConfigKeys (ConfUtils.java:logGet(43)) - raft.server.log.statemachine.data.sync = true (default)
2019-09-26 10:00:44,529 INFO  server.RaftServerConfigKeys (ConfUtils.java:logGet(43)) - raft.server.log.statemachine.data.sync.timeout = 10s (default)
2019-09-26 10:00:44,530 INFO  server.RaftServerConfigKeys (ConfUtils.java:logGet(43)) - raft.server.log.statemachine.data.sync.timeout = 10s (default)
2019-09-26 10:00:44,530 INFO  server.RaftServerConfigKeys (ConfUtils.java:logGet(43)) - raft.server.log.statemachine.data.sync.timeout.retry = -1 (default)
2019-09-26 10:00:44,530 INFO  server.RaftServerConfigKeys (ConfUtils.java:logGet(43)) - raft.server.log.statemachine.data.sync.timeout.retry = -1 (default)
2019-09-26 10:00:44,530 INFO  server.RaftServerConfigKeys (ConfUtils.java:logGet(43)) - raft.server.log.statemachine.data.caching.enabled = false (default)
2019-09-26 10:00:44,530 INFO  server.RaftServerConfigKeys (ConfUtils.java:logGet(43)) - raft.server.log.statemachine.data.caching.enabled = false (default)
2019-09-26 10:00:44,530 INFO  segmented.SegmentedRaftLogWorker (SegmentedRaftLogWorker.java:lambda$new$0(132)) - s4@group-FE6EA6DB94F5-SegmentedRaftLogWorker: flushIndex: setUnconditionally 0 -> -1
2019-09-26 10:00:44,530 INFO  segmented.SegmentedRaftLogWorker (SegmentedRaftLogWorker.java:lambda$new$0(132)) - s3@group-FE6EA6DB94F5-SegmentedRaftLogWorker: flushIndex: setUnconditionally 0 -> -1
2019-09-26 10:00:44,530 INFO  server.RaftServerConfigKeys (ConfUtils.java:logGet(43)) - raft.server.snapshot.auto.trigger.enabled = false (default)
2019-09-26 10:00:44,531 INFO  server.RaftServerConfigKeys (ConfUtils.java:logGet(43)) - raft.server.snapshot.retention.file.num = -1 (default)
2019-09-26 10:00:44,531 INFO  server.RaftServerConfigKeys (ConfUtils.java:logGet(43)) - raft.server.snapshot.auto.trigger.enabled = false (default)
2019-09-26 10:00:44,531 INFO  server.RaftServerConfigKeys (ConfUtils.java:logGet(43)) - raft.server.retrycache.expirytime = 60s (default)
2019-09-26 10:00:44,531 INFO  server.RaftServerConfigKeys (ConfUtils.java:logGet(43)) - raft.server.snapshot.retention.file.num = -1 (default)
2019-09-26 10:00:44,531 INFO  server.RaftServerConfigKeys (ConfUtils.java:logGet(43)) - raft.server.retrycache.expirytime = 60s (default)
2019-09-26 10:00:44,534 INFO  impl.RaftServerImpl (RaftServerImpl.java:start(184)) - s3@group-FE6EA6DB94F5: start with initializing state, conf=-1: [s0:0.0.0.0:42984, s1:0.0.0.0:33314, s2:0.0.0.0:37104], old=null
2019-09-26 10:00:44,534 INFO  impl.RaftServerImpl (RaftServerImpl.java:setRole(170)) - s3@group-FE6EA6DB94F5: changes role from      null to FOLLOWER at term 0 for startInitializing
2019-09-26 10:00:44,534 INFO  util.JmxRegister (JmxRegister.java:tryRegister(44)) - Successfully registered JMX Bean with object name Ratis:service=RaftServer,group=group-FE6EA6DB94F5,id=s3
2019-09-26 10:00:44,536 INFO  impl.RaftServerProxy (RaftServerProxy.java:lambda$start$3(299)) - s3: start RPC server
2019-09-26 10:00:44,537 INFO  server.GrpcService (GrpcService.java:startImpl(158)) - s3: GrpcService started, listening on 0.0.0.0/0.0.0.0:40074
2019-09-26 10:00:44,537 INFO  impl.RaftServerImpl (RaftServerImpl.java:start(184)) - s4@group-FE6EA6DB94F5: start with initializing state, conf=-1: [s0:0.0.0.0:42984, s1:0.0.0.0:33314, s2:0.0.0.0:37104], old=null
2019-09-26 10:00:44,538 INFO  impl.RaftServerImpl (RaftServerImpl.java:setRole(170)) - s4@group-FE6EA6DB94F5: changes role from      null to FOLLOWER at term 0 for startInitializing
2019-09-26 10:00:44,538 INFO  util.JmxRegister (JmxRegister.java:tryRegister(44)) - Successfully registered JMX Bean with object name Ratis:service=RaftServer,group=group-FE6EA6DB94F5,id=s4
2019-09-26 10:00:44,540 INFO  impl.RaftServerProxy (RaftServerProxy.java:lambda$start$3(299)) - s4: start RPC server
2019-09-26 10:00:44,542 INFO  server.GrpcService (GrpcService.java:startImpl(158)) - s4: GrpcService started, listening on 0.0.0.0/0.0.0.0:41544
2019-09-26 10:00:44,542 INFO  grpc.TestRaftReconfigurationWithGrpc (RaftReconfigurationBaseTest.java:runTestBootstrapReconf(270)) - Start changing the configuration: [s3:0.0.0.0:40074, s4:0.0.0.0:41544, s0:0.0.0.0:42984, s1:0.0.0.0:33314, s2:0.0.0.0:37104]
2019-09-26 10:00:44,545 INFO  impl.RaftServerImpl (RaftServerImpl.java:setConfigurationAsync(658)) - s0@group-FE6EA6DB94F5: receive setConfiguration SetConfigurationRequest:client-953C656F0323->s0@group-FE6EA6DB94F5, cid=24, seq=0, RW, null, peers:[s3:0.0.0.0:40074, s4:0.0.0.0:41544, s0:0.0.0.0:42984, s1:0.0.0.0:33314, s2:0.0.0.0:37104]
2019-09-26 10:00:44,545 INFO  impl.RaftServerImpl (LeaderState.java:startSetConfiguration(287)) - s0@group-FE6EA6DB94F5-LeaderState: startSetConfiguration SetConfigurationRequest:client-953C656F0323->s0@group-FE6EA6DB94F5, cid=24, seq=0, RW, null, peers:[s3:0.0.0.0:40074, s4:0.0.0.0:41544, s0:0.0.0.0:42984, s1:0.0.0.0:33314, s2:0.0.0.0:37104]
2019-09-26 10:00:44,545 INFO  server.RaftServerConfigKeys (ConfUtils.java:logGet(43)) - raft.server.log.appender.snapshot.chunk.size.max = 16MB (=16777216) (default)
2019-09-26 10:00:44,545 INFO  server.RaftServerConfigKeys (ConfUtils.java:logGet(43)) - raft.server.log.appender.buffer.byte-limit = 4MB (=4194304) (default)
2019-09-26 10:00:44,545 INFO  server.RaftServerConfigKeys (ConfUtils.java:logGet(43)) - raft.server.log.appender.buffer.element-limit = 0 (default)
2019-09-26 10:00:44,546 INFO  grpc.GrpcConfigKeys$Server (ConfUtils.java:logGet(43)) - raft.grpc.server.leader.outstanding.appends.max = 128 (default)
2019-09-26 10:00:44,546 INFO  server.RaftServerConfigKeys (ConfUtils.java:logGet(43)) - raft.server.rpc.request.timeout = 3000ms (default)
2019-09-26 10:00:44,546 INFO  server.RaftServerConfigKeys (ConfUtils.java:logGet(43)) - raft.server.log.appender.install.snapshot.enabled = true (default)
2019-09-26 10:00:44,546 INFO  server.RaftServerConfigKeys (ConfUtils.java:logGet(43)) - raft.server.log.appender.snapshot.chunk.size.max = 16MB (=16777216) (default)
2019-09-26 10:00:44,546 INFO  server.RaftServerConfigKeys (ConfUtils.java:logGet(43)) - raft.server.log.appender.buffer.byte-limit = 4MB (=4194304) (default)
2019-09-26 10:00:44,546 INFO  server.RaftServerConfigKeys (ConfUtils.java:logGet(43)) - raft.server.log.appender.buffer.element-limit = 0 (default)
2019-09-26 10:00:44,547 INFO  grpc.GrpcConfigKeys$Server (ConfUtils.java:logGet(43)) - raft.grpc.server.leader.outstanding.appends.max = 128 (default)
2019-09-26 10:00:44,547 INFO  server.RaftServerConfigKeys (ConfUtils.java:logGet(43)) - raft.server.rpc.request.timeout = 3000ms (default)
2019-09-26 10:00:44,547 INFO  server.RaftServerConfigKeys (ConfUtils.java:logGet(43)) - raft.server.log.appender.install.snapshot.enabled = true (default)
2019-09-26 10:00:44,563 INFO  impl.RaftServerImpl (ServerState.java:setLeader(254)) - s3@group-FE6EA6DB94F5: change Leader from null to s0 at term 1 for appendEntries, leader elected after 36ms
2019-09-26 10:00:44,563 INFO  impl.RaftServerImpl (ServerState.java:setLeader(254)) - s4@group-FE6EA6DB94F5: change Leader from null to s0 at term 1 for appendEntries, leader elected after 36ms
2019-09-26 10:00:44,563 INFO  impl.RaftServerImpl (RaftServerImpl.java:checkInconsistentAppendEntries(999)) - s3@group-FE6EA6DB94F5: Failed appendEntries as previous log entry ((t:1, i:40)) is not found
2019-09-26 10:00:44,564 INFO  impl.RaftServerImpl (RaftServerImpl.java:checkInconsistentAppendEntries(999)) - s4@group-FE6EA6DB94F5: Failed appendEntries as previous log entry ((t:1, i:40)) is not found
2019-09-26 10:00:44,564 INFO  impl.RaftServerImpl (RaftServerImpl.java:checkInconsistentAppendEntries(972)) - s3@group-FE6EA6DB94F5: inconsistency entries. Reply:s0<-s3#0:FAIL,INCONSISTENCY,nextIndex:1,term:0,followerCommit:-1
2019-09-26 10:00:44,564 INFO  impl.RaftServerImpl (RaftServerImpl.java:checkInconsistentAppendEntries(972)) - s4@group-FE6EA6DB94F5: inconsistency entries. Reply:s0<-s4#0:FAIL,INCONSISTENCY,nextIndex:1,term:0,followerCommit:-1
2019-09-26 10:00:44,566 INFO  impl.FollowerInfo (FollowerInfo.java:lambda$new$0(51)) - s0@group-FE6EA6DB94F5->s4: nextIndex: updateUnconditionally 41 -> 1
2019-09-26 10:00:44,566 INFO  impl.FollowerInfo (FollowerInfo.java:lambda$new$0(51)) - s0@group-FE6EA6DB94F5->s3: nextIndex: updateUnconditionally 41 -> 1
2019-09-26 10:00:44,568 DEBUG impl.RaftServerImpl (RaftServerImpl.java:logAppendEntries(850)) - s4@group-FE6EA6DB94F5: receive appendEntries(s0, 1, (t:1, i:0), 40, true, commits[s0:c40, s1:c39, s2:c39, s3:c-1, s4:c-1], entries: [(t:1, i:1), STATEMACHINELOGENTRY, client-953C656F0323, cid=4, (t:1, i:2), METADATAENTRY(c1), (t:1, i:3), STATEMACHINELOGENTRY, client-953C656F0323, cid=5, (t:1, i:4), METADATAENTRY(c3), (t:1, i:5), STATEMACHINELOGENTRY, client-953C656F0323, cid=6, (t:1, i:6), METADATAENTRY(c5), (t:1, i:7), STATEMACHINELOGENTRY, client-953C656F0323, cid=7, (t:1, i:8), METADATAENTRY(c7), (t:1, i:9), STATEMACHINELOGENTRY, client-953C656F0323, cid=8, (t:1, i:10), METADATAENTRY(c9), (t:1, i:11), STATEMACHINELOGENTRY, client-953C656F0323, cid=9, (t:1, i:12), METADATAENTRY(c11), (t:1, i:13), STATEMACHINELOGENTRY, client-953C656F0323, cid=10, (t:1, i:14), METADATAENTRY(c13), (t:1, i:15), STATEMACHINELOGENTRY, client-953C656F0323, cid=11, (t:1, i:16), METADATAENTRY(c15), (t:1, i:17), STATEMACHINELOGENTRY, client-953C656F0323, cid=12, (t:1, i:18), METADATAENTRY(c17), (t:1, i:19), STATEMACHINELOGENTRY, client-953C656F0323, cid=13, (t:1, i:20), METADATAENTRY(c19), (t:1, i:21), STATEMACHINELOGENTRY, client-953C656F0323, cid=14, (t:1, i:22), METADATAENTRY(c21), (t:1, i:23), STATEMACHINELOGENTRY, client-953C656F0323, cid=15, (t:1, i:24), METADATAENTRY(c23), (t:1, i:25), STATEMACHINELOGENTRY, client-953C656F0323, cid=16, (t:1, i:26), METADATAENTRY(c25), (t:1, i:27), STATEMACHINELOGENTRY, client-953C656F0323, cid=17, (t:1, i:28), METADATAENTRY(c27), (t:1, i:29), STATEMACHINELOGENTRY, client-953C656F0323, cid=18, (t:1, i:30), METADATAENTRY(c29), (t:1, i:31), STATEMACHINELOGENTRY, client-953C656F0323, cid=19, (t:1, i:32), METADATAENTRY(c31), (t:1, i:33), STATEMACHINELOGENTRY, client-953C656F0323, cid=20, (t:1, i:34), METADATAENTRY(c33), (t:1, i:35), STATEMACHINELOGENTRY, client-953C656F0323, cid=21, (t:1, i:36), METADATAENTRY(c35), (t:1, i:37), STATEMACHINELOGENTRY, client-953C656F0323, cid=22, (t:1, i:38), METADATAENTRY(c37), (t:1, i:39), STATEMACHINELOGENTRY, client-953C656F0323, cid=23, (t:1, i:40), METADATAENTRY(c39)]
2019-09-26 10:00:44,569 DEBUG impl.RaftServerImpl (RaftServerImpl.java:logAppendEntries(850)) - s3@group-FE6EA6DB94F5: receive appendEntries(s0, 1, (t:1, i:0), 40, true, commits[s0:c40, s1:c39, s2:c39, s3:c-1, s4:c-1], entries: [(t:1, i:1), STATEMACHINELOGENTRY, client-953C656F0323, cid=4, (t:1, i:2), METADATAENTRY(c1), (t:1, i:3), STATEMACHINELOGENTRY, client-953C656F0323, cid=5, (t:1, i:4), METADATAENTRY(c3), (t:1, i:5), STATEMACHINELOGENTRY, client-953C656F0323, cid=6, (t:1, i:6), METADATAENTRY(c5), (t:1, i:7), STATEMACHINELOGENTRY, client-953C656F0323, cid=7, (t:1, i:8), METADATAENTRY(c7), (t:1, i:9), STATEMACHINELOGENTRY, client-953C656F0323, cid=8, (t:1, i:10), METADATAENTRY(c9), (t:1, i:11), STATEMACHINELOGENTRY, client-953C656F0323, cid=9, (t:1, i:12), METADATAENTRY(c11), (t:1, i:13), STATEMACHINELOGENTRY, client-953C656F0323, cid=10, (t:1, i:14), METADATAENTRY(c13), (t:1, i:15), STATEMACHINELOGENTRY, client-953C656F0323, cid=11, (t:1, i:16), METADATAENTRY(c15), (t:1, i:17), STATEMACHINELOGENTRY, client-953C656F0323, cid=12, (t:1, i:18), METADATAENTRY(c17), (t:1, i:19), STATEMACHINELOGENTRY, client-953C656F0323, cid=13, (t:1, i:20), METADATAENTRY(c19), (t:1, i:21), STATEMACHINELOGENTRY, client-953C656F0323, cid=14, (t:1, i:22), METADATAENTRY(c21), (t:1, i:23), STATEMACHINELOGENTRY, client-953C656F0323, cid=15, (t:1, i:24), METADATAENTRY(c23), (t:1, i:25), STATEMACHINELOGENTRY, client-953C656F0323, cid=16, (t:1, i:26), METADATAENTRY(c25), (t:1, i:27), STATEMACHINELOGENTRY, client-953C656F0323, cid=17, (t:1, i:28), METADATAENTRY(c27), (t:1, i:29), STATEMACHINELOGENTRY, client-953C656F0323, cid=18, (t:1, i:30), METADATAENTRY(c29), (t:1, i:31), STATEMACHINELOGENTRY, client-953C656F0323, cid=19, (t:1, i:32), METADATAENTRY(c31), (t:1, i:33), STATEMACHINELOGENTRY, client-953C656F0323, cid=20, (t:1, i:34), METADATAENTRY(c33), (t:1, i:35), STATEMACHINELOGENTRY, client-953C656F0323, cid=21, (t:1, i:36), METADATAENTRY(c35), (t:1, i:37), STATEMACHINELOGENTRY, client-953C656F0323, cid=22, (t:1, i:38), METADATAENTRY(c37), (t:1, i:39), STATEMACHINELOGENTRY, client-953C656F0323, cid=23, (t:1, i:40), METADATAENTRY(c39)]
2019-09-26 10:00:44,569 INFO  impl.RaftServerImpl (RaftServerImpl.java:checkInconsistentAppendEntries(999)) - s4@group-FE6EA6DB94F5: Failed appendEntries as previous log entry ((t:1, i:0)) is not found
2019-09-26 10:00:44,570 INFO  impl.RaftServerImpl (RaftServerImpl.java:checkInconsistentAppendEntries(999)) - s3@group-FE6EA6DB94F5: Failed appendEntries as previous log entry ((t:1, i:0)) is not found
2019-09-26 10:00:44,572 INFO  impl.RaftServerImpl (RaftServerImpl.java:checkInconsistentAppendEntries(972)) - s3@group-FE6EA6DB94F5: inconsistency entries. Reply:s0<-s3#1:FAIL,INCONSISTENCY,nextIndex:0,term:1,followerCommit:-1
2019-09-26 10:00:44,570 INFO  impl.RaftServerImpl (RaftServerImpl.java:checkInconsistentAppendEntries(972)) - s4@group-FE6EA6DB94F5: inconsistency entries. Reply:s0<-s4#1:FAIL,INCONSISTENCY,nextIndex:0,term:1,followerCommit:-1
2019-09-26 10:00:44,573 INFO  impl.FollowerInfo (FollowerInfo.java:lambda$new$0(51)) - s0@group-FE6EA6DB94F5->s3: nextIndex: updateUnconditionally 41 -> 0
2019-09-26 10:00:44,573 INFO  impl.FollowerInfo (FollowerInfo.java:lambda$new$0(51)) - s0@group-FE6EA6DB94F5->s4: nextIndex: updateUnconditionally 41 -> 0
2019-09-26 10:00:44,574 DEBUG impl.RaftServerImpl (RaftServerImpl.java:logAppendEntries(850)) - s3@group-FE6EA6DB94F5: receive appendEntries(s0, 1, null, 40, true, commits[s0:c40, s1:c39, s2:c39, s3:c-1, s4:c-1], entries: [(t:1, i:0), CONFIGURATIONENTRY, (t:1, i:1), STATEMACHINELOGENTRY, client-953C656F0323, cid=4, (t:1, i:2), METADATAENTRY(c1), (t:1, i:3), STATEMACHINELOGENTRY, client-953C656F0323, cid=5, (t:1, i:4), METADATAENTRY(c3), (t:1, i:5), STATEMACHINELOGENTRY, client-953C656F0323, cid=6, (t:1, i:6), METADATAENTRY(c5), (t:1, i:7), STATEMACHINELOGENTRY, client-953C656F0323, cid=7, (t:1, i:8), METADATAENTRY(c7), (t:1, i:9), STATEMACHINELOGENTRY, client-953C656F0323, cid=8, (t:1, i:10), METADATAENTRY(c9), (t:1, i:11), STATEMACHINELOGENTRY, client-953C656F0323, cid=9, (t:1, i:12), METADATAENTRY(c11), (t:1, i:13), STATEMACHINELOGENTRY, client-953C656F0323, cid=10, (t:1, i:14), METADATAENTRY(c13), (t:1, i:15), STATEMACHINELOGENTRY, client-953C656F0323, cid=11, (t:1, i:16), METADATAENTRY(c15), (t:1, i:17), STATEMACHINELOGENTRY, client-953C656F0323, cid=12, (t:1, i:18), METADATAENTRY(c17), (t:1, i:19), STATEMACHINELOGENTRY, client-953C656F0323, cid=13, (t:1, i:20), METADATAENTRY(c19), (t:1, i:21), STATEMACHINELOGENTRY, client-953C656F0323, cid=14, (t:1, i:22), METADATAENTRY(c21), (t:1, i:23), STATEMACHINELOGENTRY, client-953C656F0323, cid=15, (t:1, i:24), METADATAENTRY(c23), (t:1, i:25), STATEMACHINELOGENTRY, client-953C656F0323, cid=16, (t:1, i:26), METADATAENTRY(c25), (t:1, i:27), STATEMACHINELOGENTRY, client-953C656F0323, cid=17, (t:1, i:28), METADATAENTRY(c27), (t:1, i:29), STATEMACHINELOGENTRY, client-953C656F0323, cid=18, (t:1, i:30), METADATAENTRY(c29), (t:1, i:31), STATEMACHINELOGENTRY, client-953C656F0323, cid=19, (t:1, i:32), METADATAENTRY(c31), (t:1, i:33), STATEMACHINELOGENTRY, client-953C656F0323, cid=20, (t:1, i:34), METADATAENTRY(c33), (t:1, i:35), STATEMACHINELOGENTRY, client-953C656F0323, cid=21, (t:1, i:36), METADATAENTRY(c35), (t:1, i:37), STATEMACHINELOGENTRY, client-953C656F0323, cid=22, (t:1, i:38), METADATAENTRY(c37), (t:1, i:39), STATEMACHINELOGENTRY, client-953C656F0323, cid=23, (t:1, i:40), METADATAENTRY(c39)]
2019-09-26 10:00:44,574 DEBUG impl.RaftServerImpl (RaftServerImpl.java:logAppendEntries(850)) - s4@group-FE6EA6DB94F5: receive appendEntries(s0, 1, null, 40, true, commits[s0:c40, s1:c39, s2:c39, s3:c-1, s4:c-1], entries: [(t:1, i:0), CONFIGURATIONENTRY, (t:1, i:1), STATEMACHINELOGENTRY, client-953C656F0323, cid=4, (t:1, i:2), METADATAENTRY(c1), (t:1, i:3), STATEMACHINELOGENTRY, client-953C656F0323, cid=5, (t:1, i:4), METADATAENTRY(c3), (t:1, i:5), STATEMACHINELOGENTRY, client-953C656F0323, cid=6, (t:1, i:6), METADATAENTRY(c5), (t:1, i:7), STATEMACHINELOGENTRY, client-953C656F0323, cid=7, (t:1, i:8), METADATAENTRY(c7), (t:1, i:9), STATEMACHINELOGENTRY, client-953C656F0323, cid=8, (t:1, i:10), METADATAENTRY(c9), (t:1, i:11), STATEMACHINELOGENTRY, client-953C656F0323, cid=9, (t:1, i:12), METADATAENTRY(c11), (t:1, i:13), STATEMACHINELOGENTRY, client-953C656F0323, cid=10, (t:1, i:14), METADATAENTRY(c13), (t:1, i:15), STATEMACHINELOGENTRY, client-953C656F0323, cid=11, (t:1, i:16), METADATAENTRY(c15), (t:1, i:17), STATEMACHINELOGENTRY, client-953C656F0323, cid=12, (t:1, i:18), METADATAENTRY(c17), (t:1, i:19), STATEMACHINELOGENTRY, client-953C656F0323, cid=13, (t:1, i:20), METADATAENTRY(c19), (t:1, i:21), STATEMACHINELOGENTRY, client-953C656F0323, cid=14, (t:1, i:22), METADATAENTRY(c21), (t:1, i:23), STATEMACHINELOGENTRY, client-953C656F0323, cid=15, (t:1, i:24), METADATAENTRY(c23), (t:1, i:25), STATEMACHINELOGENTRY, client-953C656F0323, cid=16, (t:1, i:26), METADATAENTRY(c25), (t:1, i:27), STATEMACHINELOGENTRY, client-953C656F0323, cid=17, (t:1, i:28), METADATAENTRY(c27), (t:1, i:29), STATEMACHINELOGENTRY, client-953C656F0323, cid=18, (t:1, i:30), METADATAENTRY(c29), (t:1, i:31), STATEMACHINELOGENTRY, client-953C656F0323, cid=19, (t:1, i:32), METADATAENTRY(c31), (t:1, i:33), STATEMACHINELOGENTRY, client-953C656F0323, cid=20, (t:1, i:34), METADATAENTRY(c33), (t:1, i:35), STATEMACHINELOGENTRY, client-953C656F0323, cid=21, (t:1, i:36), METADATAENTRY(c35), (t:1, i:37), STATEMACHINELOGENTRY, client-953C656F0323, cid=22, (t:1, i:38), METADATAENTRY(c37), (t:1, i:39), STATEMACHINELOGENTRY, client-953C656F0323, cid=23, (t:1, i:40), METADATAENTRY(c39)]
2019-09-26 10:00:44,575 INFO  impl.RaftServerImpl (ServerState.java:setRaftConf(355)) - s3@group-FE6EA6DB94F5: set configuration 0: [s0:0.0.0.0:42984, s1:0.0.0.0:33314, s2:0.0.0.0:37104], old=null at 0
2019-09-26 10:00:44,575 INFO  impl.RaftServerImpl (ServerState.java:setRaftConf(355)) - s4@group-FE6EA6DB94F5: set configuration 0: [s0:0.0.0.0:42984, s1:0.0.0.0:33314, s2:0.0.0.0:37104], old=null at 0
2019-09-26 10:00:44,576 INFO  segmented.SegmentedRaftLogWorker (SegmentedRaftLogWorker.java:startLogSegment(380)) - s3@group-FE6EA6DB94F5-SegmentedRaftLogWorker: Starting segment from index:0
2019-09-26 10:00:44,576 INFO  segmented.SegmentedRaftLogWorker (SegmentedRaftLogWorker.java:startLogSegment(380)) - s4@group-FE6EA6DB94F5-SegmentedRaftLogWorker: Starting segment from index:0
2019-09-26 10:00:44,759 INFO  segmented.SegmentedRaftLogWorker (SegmentedRaftLogWorker.java:execute(569)) - s4@group-FE6EA6DB94F5-SegmentedRaftLogWorker: created new log segment /workdir/ratis-test/target/test/data/fe4d9539/MiniRaftClusterWithGrpcb0829ea5/s4/f22d41d2-9603-42e4-a82d-fe6ea6db94f5/current/log_inprogress_0
2019-09-26 10:00:44,759 INFO  segmented.SegmentedRaftLogWorker (SegmentedRaftLogWorker.java:execute(569)) - s3@group-FE6EA6DB94F5-SegmentedRaftLogWorker: created new log segment /workdir/ratis-test/target/test/data/fe4d9539/MiniRaftClusterWithGrpcb0829ea5/s3/f22d41d2-9603-42e4-a82d-fe6ea6db94f5/current/log_inprogress_0
2019-09-26 10:00:44,773 DEBUG impl.RaftServerImpl (RaftServerImpl.java:logAppendEntries(850)) - s4@group-FE6EA6DB94F5: succeeded to handle AppendEntries. Reply: s0<-s4#2:OK,SUCCESS,nextIndex:41,term:1,followerCommit:40
2019-09-26 10:00:44,774 DEBUG impl.RaftServerImpl (RaftServerImpl.java:logAppendEntries(850)) - s3@group-FE6EA6DB94F5: succeeded to handle AppendEntries. Reply: s0<-s3#2:OK,SUCCESS,nextIndex:41,term:1,followerCommit:40
2019-09-26 10:00:44,775 INFO  impl.RaftServerImpl (ServerState.java:setRaftConf(355)) - s0@group-FE6EA6DB94F5: set configuration 41: [s3:0.0.0.0:40074, s4:0.0.0.0:41544, s0:0.0.0.0:42984, s1:0.0.0.0:33314, s2:0.0.0.0:37104], old=[s0:0.0.0.0:42984, s1:0.0.0.0:33314, s2:0.0.0.0:37104] at 41
2019-09-26 10:00:44,776 DEBUG impl.RaftServerImpl (RaftServerImpl.java:logAppendEntries(850)) - s3@group-FE6EA6DB94F5: receive appendEntries(s0, 1, (t:1, i:40), 40, true, commits[s0:c40, s1:c40, s2:c40, s3:c40, s4:c40], entries: (t:1, i:41), CONFIGURATIONENTRY
2019-09-26 10:00:44,776 DEBUG impl.RaftServerImpl (RaftServerImpl.java:logAppendEntries(850)) - s2@group-FE6EA6DB94F5: receive appendEntries(s0, 1, (t:1, i:40), 40, false, commits[s0:c40, s1:c40, s2:c40, s3:c40, s4:c40], entries: (t:1, i:41), CONFIGURATIONENTRY
2019-09-26 10:00:44,776 DEBUG impl.RaftServerImpl (RaftServerImpl.java:logAppendEntries(850)) - s1@group-FE6EA6DB94F5: receive appendEntries(s0, 1, (t:1, i:40), 40, false, commits[s0:c40, s1:c40, s2:c40, s3:c40, s4:c40], entries: (t:1, i:41), CONFIGURATIONENTRY
2019-09-26 10:00:44,776 INFO  impl.RaftServerImpl (ServerState.java:setRaftConf(355)) - s2@group-FE6EA6DB94F5: set configuration 41: [s3:0.0.0.0:40074, s4:0.0.0.0:41544, s0:0.0.0.0:42984, s1:0.0.0.0:33314, s2:0.0.0.0:37104], old=[s0:0.0.0.0:42984, s1:0.0.0.0:33314, s2:0.0.0.0:37104] at 41
2019-09-26 10:00:44,776 INFO  impl.RaftServerImpl (ServerState.java:setRaftConf(355)) - s3@group-FE6EA6DB94F5: set configuration 41: [s3:0.0.0.0:40074, s4:0.0.0.0:41544, s0:0.0.0.0:42984, s1:0.0.0.0:33314, s2:0.0.0.0:37104], old=[s0:0.0.0.0:42984, s1:0.0.0.0:33314, s2:0.0.0.0:37104] at 41
2019-09-26 10:00:44,776 DEBUG impl.RaftServerImpl (RaftServerImpl.java:logAppendEntries(850)) - s4@group-FE6EA6DB94F5: receive appendEntries(s0, 1, (t:1, i:40), 40, false, commits[s0:c40, s1:c40, s2:c40, s3:c40, s4:c40], entries: (t:1, i:41), CONFIGURATIONENTRY
2019-09-26 10:00:44,777 INFO  impl.RaftServerImpl (ServerState.java:setRaftConf(355)) - s1@group-FE6EA6DB94F5: set configuration 41: [s3:0.0.0.0:40074, s4:0.0.0.0:41544, s0:0.0.0.0:42984, s1:0.0.0.0:33314, s2:0.0.0.0:37104], old=[s0:0.0.0.0:42984, s1:0.0.0.0:33314, s2:0.0.0.0:37104] at 41
2019-09-26 10:00:44,777 INFO  impl.RoleInfo (RoleInfo.java:updateAndGet(143)) - s4: start FollowerState
2019-09-26 10:00:44,778 INFO  impl.RaftServerImpl (ServerState.java:setRaftConf(355)) - s4@group-FE6EA6DB94F5: set configuration 41: [s3:0.0.0.0:40074, s4:0.0.0.0:41544, s0:0.0.0.0:42984, s1:0.0.0.0:33314, s2:0.0.0.0:37104], old=[s0:0.0.0.0:42984, s1:0.0.0.0:33314, s2:0.0.0.0:37104] at 41
2019-09-26 10:00:44,788 DEBUG impl.RaftServerImpl (RaftServerImpl.java:logAppendEntries(850)) - s2@group-FE6EA6DB94F5: succeeded to handle AppendEntries. Reply: s0<-s2#49:OK,SUCCESS,nextIndex:42,term:1,followerCommit:40
2019-09-26 10:00:44,788 DEBUG impl.RaftServerImpl (RaftServerImpl.java:logAppendEntries(850)) - s4@group-FE6EA6DB94F5: succeeded to handle AppendEntries. Reply: s0<-s4#5:OK,SUCCESS,nextIndex:42,term:1,followerCommit:40
2019-09-26 10:00:44,788 DEBUG impl.RaftServerImpl (RaftServerImpl.java:logAppendEntries(850)) - s3@group-FE6EA6DB94F5: succeeded to handle AppendEntries. Reply: s0<-s3#5:OK,SUCCESS,nextIndex:42,term:1,followerCommit:40
2019-09-26 10:00:44,788 DEBUG impl.RaftServerImpl (RaftServerImpl.java:logAppendEntries(850)) - s1@group-FE6EA6DB94F5: succeeded to handle AppendEntries. Reply: s0<-s1#49:OK,SUCCESS,nextIndex:42,term:1,followerCommit:40
2019-09-26 10:00:44,789 INFO  impl.RaftServerImpl (ServerState.java:setRaftConf(355)) - s0@group-FE6EA6DB94F5: set configuration 43: [s3:0.0.0.0:40074, s4:0.0.0.0:41544, s0:0.0.0.0:42984, s1:0.0.0.0:33314, s2:0.0.0.0:37104], old=null at 43
2019-09-26 10:00:44,789 DEBUG impl.RaftServerImpl (RaftServerImpl.java:logAppendEntries(850)) - s4@group-FE6EA6DB94F5: receive appendEntries(s0, 1, (t:1, i:41), 41, false, commits[s0:c41, s1:c40, s2:c40, s3:c40, s4:c40], entries: (t:1, i:42), METADATAENTRY(c41)
2019-09-26 10:00:44,790 DEBUG impl.RaftServerImpl (RaftServerImpl.java:logAppendEntries(850)) - s1@group-FE6EA6DB94F5: receive appendEntries(s0, 1, (t:1, i:41), 41, false, commits[s0:c41, s1:c40, s2:c40, s3:c40, s4:c40], entries: (t:1, i:42), METADATAENTRY(c41)
2019-09-26 10:00:44,790 DEBUG impl.RaftServerImpl (RaftServerImpl.java:logAppendEntries(850)) - s2@group-FE6EA6DB94F5: receive appendEntries(s0, 1, (t:1, i:41), 41, false, commits[s0:c41, s1:c40, s2:c40, s3:c40, s4:c40], entries: (t:1, i:42), METADATAENTRY(c41)
2019-09-26 10:00:44,790 DEBUG impl.RaftServerImpl (RaftServerImpl.java:logAppendEntries(850)) - s3@group-FE6EA6DB94F5: receive appendEntries(s0, 1, (t:1, i:41), 41, false, commits[s0:c41, s1:c40, s2:c40, s3:c40, s4:c40], entries: (t:1, i:42), METADATAENTRY(c41)
2019-09-26 10:00:44,790 DEBUG impl.RaftServerImpl (RaftServerImpl.java:logAppendEntries(850)) - s1@group-FE6EA6DB94F5: receive appendEntries(s0, 1, (t:1, i:42), 41, false, commits[s0:c41, s1:c40, s2:c40, s3:c40, s4:c40], entries: (t:1, i:43), CONFIGURATIONENTRY
2019-09-26 10:00:44,790 DEBUG impl.RaftServerImpl (RaftServerImpl.java:logAppendEntries(850)) - s4@group-FE6EA6DB94F5: receive appendEntries(s0, 1, (t:1, i:42), 41, false, commits[s0:c41, s1:c40, s2:c40, s3:c40, s4:c40], entries: (t:1, i:43), CONFIGURATIONENTRY
2019-09-26 10:00:44,791 INFO  impl.RaftServerImpl (ServerState.java:setRaftConf(355)) - s1@group-FE6EA6DB94F5: set configuration 43: [s3:0.0.0.0:40074, s4:0.0.0.0:41544, s0:0.0.0.0:42984, s1:0.0.0.0:33314, s2:0.0.0.0:37104], old=null at 43
2019-09-26 10:00:44,791 DEBUG impl.RaftServerImpl (RaftServerImpl.java:logAppendEntries(850)) - s2@group-FE6EA6DB94F5: receive appendEntries(s0, 1, (t:1, i:42), 41, false, commits[s0:c41, s1:c40, s2:c40, s3:c40, s4:c40], entries: (t:1, i:43), CONFIGURATIONENTRY
2019-09-26 10:00:44,790 INFO  impl.RoleInfo (RoleInfo.java:updateAndGet(143)) - s3: start FollowerState
2019-09-26 10:00:44,791 INFO  impl.RaftServerImpl (ServerState.java:setRaftConf(355)) - s2@group-FE6EA6DB94F5: set configuration 43: [s3:0.0.0.0:40074, s4:0.0.0.0:41544, s0:0.0.0.0:42984, s1:0.0.0.0:33314, s2:0.0.0.0:37104], old=null at 43
2019-09-26 10:00:44,791 INFO  impl.RaftServerImpl (ServerState.java:setRaftConf(355)) - s4@group-FE6EA6DB94F5: set configuration 43: [s3:0.0.0.0:40074, s4:0.0.0.0:41544, s0:0.0.0.0:42984, s1:0.0.0.0:33314, s2:0.0.0.0:37104], old=null at 43
2019-09-26 10:00:44,792 DEBUG impl.RaftServerImpl (RaftServerImpl.java:logAppendEntries(850)) - s3@group-FE6EA6DB94F5: receive appendEntries(s0, 1, (t:1, i:42), 41, false, commits[s0:c41, s1:c40, s2:c40, s3:c40, s4:c40], entries: (t:1, i:43), CONFIGURATIONENTRY
2019-09-26 10:00:44,792 INFO  impl.RaftServerImpl (ServerState.java:setRaftConf(355)) - s3@group-FE6EA6DB94F5: set configuration 43: [s3:0.0.0.0:40074, s4:0.0.0.0:41544, s0:0.0.0.0:42984, s1:0.0.0.0:33314, s2:0.0.0.0:37104], old=null at 43
2019-09-26 10:00:44,800 DEBUG impl.RaftServerImpl (RaftServerImpl.java:logAppendEntries(850)) - s1@group-FE6EA6DB94F5: succeeded to handle AppendEntries. Reply: s0<-s1#50:OK,SUCCESS,nextIndex:43,term:1,followerCommit:41
2019-09-26 10:00:44,800 DEBUG impl.RaftServerImpl (RaftServerImpl.java:logAppendEntries(850)) - s4@group-FE6EA6DB94F5: succeeded to handle AppendEntries. Reply: s0<-s4#6:OK,SUCCESS,nextIndex:43,term:1,followerCommit:41
2019-09-26 10:00:44,801 DEBUG impl.RaftServerImpl (RaftServerImpl.java:logAppendEntries(850)) - s2@group-FE6EA6DB94F5: succeeded to handle AppendEntries. Reply: s0<-s2#50:OK,SUCCESS,nextIndex:43,term:1,followerCommit:41
2019-09-26 10:00:44,801 DEBUG impl.RaftServerImpl (RaftServerImpl.java:logAppendEntries(850)) - s3@group-FE6EA6DB94F5: succeeded to handle AppendEntries. Reply: s0<-s3#6:OK,SUCCESS,nextIndex:43,term:1,followerCommit:41
2019-09-26 10:00:44,802 DEBUG impl.RaftServerImpl (RaftServerImpl.java:logAppendEntries(850)) - s1@group-FE6EA6DB94F5: succeeded to handle AppendEntries. Reply: s0<-s1#51:OK,SUCCESS,nextIndex:44,term:1,followerCommit:41
2019-09-26 10:00:44,813 DEBUG impl.RaftServerImpl (RaftServerImpl.java:logAppendEntries(850)) - s4@group-FE6EA6DB94F5: succeeded to handle AppendEntries. Reply: s0<-s4#7:OK,SUCCESS,nextIndex:44,term:1,followerCommit:41
2019-09-26 10:00:44,814 DEBUG impl.RaftServerImpl (RaftServerImpl.java:logAppendEntries(850)) - s2@group-FE6EA6DB94F5: succeeded to handle AppendEntries. Reply: s0<-s2#51:OK,SUCCESS,nextIndex:44,term:1,followerCommit:41
2019-09-26 10:00:44,814 DEBUG impl.RaftServerImpl (RaftServerImpl.java:logAppendEntries(850)) - s3@group-FE6EA6DB94F5: succeeded to handle AppendEntries. Reply: s0<-s3#7:OK,SUCCESS,nextIndex:44,term:1,followerCommit:41
2019-09-26 10:00:44,815 DEBUG impl.RaftServerImpl (RaftServerImpl.java:logAppendEntries(850)) - s3@group-FE6EA6DB94F5: receive appendEntries(s0, 1, (t:1, i:43), 43, false, commits[s0:c43, s1:c41, s2:c41, s3:c41, s4:c41], entries: (t:1, i:44), METADATAENTRY(c43)
2019-09-26 10:00:44,815 DEBUG impl.RaftServerImpl (RaftServerImpl.java:logAppendEntries(850)) - s1@group-FE6EA6DB94F5: receive appendEntries(s0, 1, (t:1, i:43), 43, false, commits[s0:c43, s1:c41, s2:c41, s3:c41, s4:c41], entries: (t:1, i:44), METADATAENTRY(c43)
2019-09-26 10:00:44,815 DEBUG impl.RaftServerImpl (RaftServerImpl.java:logAppendEntries(850)) - s2@group-FE6EA6DB94F5: receive appendEntries(s0, 1, (t:1, i:43), 43, false, commits[s0:c43, s1:c41, s2:c41, s3:c41, s4:c41], entries: (t:1, i:44), METADATAENTRY(c43)
2019-09-26 10:00:44,815 DEBUG impl.RaftServerImpl (RaftServerImpl.java:logAppendEntries(850)) - s4@group-FE6EA6DB94F5: receive appendEntries(s0, 1, (t:1, i:43), 43, false, commits[s0:c43, s1:c41, s2:c41, s3:c41, s4:c41], entries: (t:1, i:44), METADATAENTRY(c43)
2019-09-26 10:00:44,826 DEBUG impl.RaftServerImpl (RaftServerImpl.java:logAppendEntries(850)) - s2@group-FE6EA6DB94F5: succeeded to handle AppendEntries. Reply: s0<-s2#52:OK,SUCCESS,nextIndex:45,term:1,followerCommit:43
2019-09-26 10:00:44,826 DEBUG impl.RaftServerImpl (RaftServerImpl.java:logAppendEntries(850)) - s4@group-FE6EA6DB94F5: succeeded to handle AppendEntries. Reply: s0<-s4#8:OK,SUCCESS,nextIndex:45,term:1,followerCommit:43
2019-09-26 10:00:44,827 DEBUG impl.RaftServerImpl (RaftServerImpl.java:logAppendEntries(850)) - s3@group-FE6EA6DB94F5: succeeded to handle AppendEntries. Reply: s0<-s3#8:OK,SUCCESS,nextIndex:45,term:1,followerCommit:43
2019-09-26 10:00:44,827 DEBUG impl.RaftServerImpl (RaftServerImpl.java:logAppendEntries(850)) - s1@group-FE6EA6DB94F5: succeeded to handle AppendEntries. Reply: s0<-s1#52:OK,SUCCESS,nextIndex:45,term:1,followerCommit:43
2019-09-26 10:00:49,369 INFO  impl.FollowerState (FollowerState.java:run(108)) - s2@group-FE6EA6DB94F5-FollowerState: change to CANDIDATE, lastRpcTime:236ms, electionTimeout:202ms
2019-09-26 10:00:49,369 INFO  impl.FollowerState (FollowerState.java:run(108)) - s4@group-FE6EA6DB94F5-FollowerState: change to CANDIDATE, lastRpcTime:235ms, electionTimeout:199ms
2019-09-26 10:00:49,369 INFO  impl.RoleInfo (RoleInfo.java:shutdownFollowerState(121)) - s2: shutdown FollowerState
2019-09-26 10:00:49,369 INFO  impl.RoleInfo (RoleInfo.java:shutdownFollowerState(121)) - s4: shutdown FollowerState
2019-09-26 10:00:49,369 INFO  impl.FollowerState (FollowerState.java:run(108)) - s1@group-FE6EA6DB94F5-FollowerState: change to CANDIDATE, lastRpcTime:236ms, electionTimeout:178ms
2019-09-26 10:00:49,369 INFO  impl.RaftServerImpl (RaftServerImpl.java:setRole(170)) - s4@group-FE6EA6DB94F5: changes role from  FOLLOWER to CANDIDATE at term 1 for changeToCandidate
2019-09-26 10:00:49,370 INFO  impl.RoleInfo (RoleInfo.java:shutdownFollowerState(121)) - s1: shutdown FollowerState
2019-09-26 10:00:49,369 INFO  impl.RaftServerImpl (RaftServerImpl.java:setRole(170)) - s2@group-FE6EA6DB94F5: changes role from  FOLLOWER to CANDIDATE at term 1 for changeToCandidate
2019-09-26 10:00:49,370 INFO  impl.RaftServerImpl (RaftServerImpl.java:setRole(170)) - s1@group-FE6EA6DB94F5: changes role from  FOLLOWER to CANDIDATE at term 1 for changeToCandidate
2019-09-26 10:00:49,370 INFO  impl.RoleInfo (RoleInfo.java:updateAndGet(143)) - s4: start LeaderElection
2019-09-26 10:00:49,370 INFO  impl.RoleInfo (RoleInfo.java:updateAndGet(143)) - s1: start LeaderElection
2019-09-26 10:00:49,370 INFO  impl.RoleInfo (RoleInfo.java:updateAndGet(143)) - s2: start LeaderElection
2019-09-26 10:00:49,370 INFO  impl.RaftServerImpl (RaftServerImpl.java:setRole(170)) - s4@group-FE6EA6DB94F5: changes role from CANDIDATE to FOLLOWER at term 1 for appendEntries
2019-09-26 10:00:49,374 INFO  impl.RaftServerImpl (RaftServerImpl.java:setRole(170)) - s2@group-FE6EA6DB94F5: changes role from CANDIDATE to FOLLOWER at term 1 for appendEntries
2019-09-26 10:00:49,372 INFO  impl.RaftServerImpl (RaftServerImpl.java:setRole(170)) - s1@group-FE6EA6DB94F5: changes role from CANDIDATE to FOLLOWER at term 1 for appendEntries
2019-09-26 10:00:49,374 INFO  impl.RoleInfo (RoleInfo.java:shutdownLeaderElection(134)) - s2: shutdown LeaderElection
2019-09-26 10:00:49,374 INFO  impl.RoleInfo (RoleInfo.java:shutdownLeaderElection(134)) - s4: shutdown LeaderElection
2019-09-26 10:00:49,374 INFO  impl.RoleInfo (RoleInfo.java:updateAndGet(143)) - s2: start FollowerState
2019-09-26 10:00:49,374 INFO  impl.RoleInfo (RoleInfo.java:shutdownLeaderElection(134)) - s1: shutdown LeaderElection
2019-09-26 10:00:49,375 INFO  impl.RaftServerImpl (ServerState.java:setLeader(254)) - s2@group-FE6EA6DB94F5: change Leader from s0 to null at term 1 for initElection
2019-09-26 10:00:49,375 INFO  impl.RoleInfo (RoleInfo.java:updateAndGet(143)) - s4: start FollowerState
2019-09-26 10:00:49,376 INFO  impl.RoleInfo (RoleInfo.java:updateAndGet(143)) - s1: start FollowerState
2019-09-26 10:00:49,378 INFO  impl.RaftServerImpl (ServerState.java:setLeader(254)) - s4@group-FE6EA6DB94F5: change Leader from s0 to null at term 1 for initElection
2019-09-26 10:00:49,379 INFO  impl.RaftServerImpl (ServerState.java:setLeader(254)) - s1@group-FE6EA6DB94F5: change Leader from s0 to null at term 1 for initElection
2019-09-26 10:00:49,394 INFO  impl.LeaderElection (LeaderElection.java:askForVotes(178)) - s4@group-FE6EA6DB94F5-LeaderElection20: begin an election at term 2 for 43: [s3:0.0.0.0:40074, s4:0.0.0.0:41544, s0:0.0.0.0:42984, s1:0.0.0.0:33314, s2:0.0.0.0:37104], old=null
2019-09-26 10:00:49,394 INFO  impl.LeaderElection (LeaderElection.java:askForVotes(178)) - s2@group-FE6EA6DB94F5-LeaderElection21: begin an election at term 2 for 43: [s3:0.0.0.0:40074, s4:0.0.0.0:41544, s0:0.0.0.0:42984, s1:0.0.0.0:33314, s2:0.0.0.0:37104], old=null
2019-09-26 10:00:49,394 INFO  impl.LeaderElection (LeaderElection.java:askForVotes(178)) - s1@group-FE6EA6DB94F5-LeaderElection22: begin an election at term 2 for 43: [s3:0.0.0.0:40074, s4:0.0.0.0:41544, s0:0.0.0.0:42984, s1:0.0.0.0:33314, s2:0.0.0.0:37104], old=null
2019-09-26 10:00:49,396 INFO  impl.LeaderElection (LeaderElection.java:logAndReturn(56)) - s4@group-FE6EA6DB94F5-LeaderElection20: Election REJECTED; received 0 response(s) [] and 0 exception(s); s4@group-FE6EA6DB94F5:t2, leader=null, voted=s4, raftlog=s4@group-FE6EA6DB94F5-SegmentedRaftLog:OPENED:c44,f44,i44, conf=43: [s3:0.0.0.0:40074, s4:0.0.0.0:41544, s0:0.0.0.0:42984, s1:0.0.0.0:33314, s2:0.0.0.0:37104], old=null
2019-09-26 10:00:49,396 INFO  impl.LeaderElection (LeaderElection.java:logAndReturn(56)) - s2@group-FE6EA6DB94F5-LeaderElection21: Election REJECTED; received 0 response(s) [] and 0 exception(s); s2@group-FE6EA6DB94F5:t2, leader=null, voted=s2, raftlog=s2@group-FE6EA6DB94F5-SegmentedRaftLog:OPENED:c44,f44,i44, conf=43: [s3:0.0.0.0:40074, s4:0.0.0.0:41544, s0:0.0.0.0:42984, s1:0.0.0.0:33314, s2:0.0.0.0:37104], old=null
2019-09-26 10:00:49,397 INFO  impl.LeaderElection (LeaderElection.java:logAndReturn(56)) - s1@group-FE6EA6DB94F5-LeaderElection22: Election REJECTED; received 0 response(s) [] and 0 exception(s); s1@group-FE6EA6DB94F5:t2, leader=null, voted=s1, raftlog=s1@group-FE6EA6DB94F5-SegmentedRaftLog:OPENED:c44,f44,i44, conf=43: [s3:0.0.0.0:40074, s4:0.0.0.0:41544, s0:0.0.0.0:42984, s1:0.0.0.0:33314, s2:0.0.0.0:37104], old=null
2019-09-26 10:00:49,406 DEBUG impl.RaftServerImpl (RaftServerImpl.java:requestVote(743)) - s3@group-FE6EA6DB94F5: receive requestVote(s1, group-FE6EA6DB94F5, 2, (t:1, i:44))
2019-09-26 10:00:49,406 DEBUG impl.RaftServerImpl (RaftServerImpl.java:requestVote(743)) - s0@group-FE6EA6DB94F5: receive requestVote(s1, group-FE6EA6DB94F5, 2, (t:1, i:44))
2019-09-26 10:00:49,407 DEBUG impl.RaftServerImpl (RaftServerImpl.java:requestVote(743)) - s2@group-FE6EA6DB94F5: receive requestVote(s1, group-FE6EA6DB94F5, 2, (t:1, i:44))
2019-09-26 10:00:49,407 INFO  impl.RaftServerImpl (ServerState.java:setLeader(254)) - s3@group-FE6EA6DB94F5: change Leader from s0 to null at term 2 for updateCurrentTerm
2019-09-26 10:00:49,407 DEBUG impl.RaftServerImpl (RaftServerImpl.java:requestVote(775)) - s2@group-FE6EA6DB94F5 replies to vote request: s1<-s2#0:FAIL-t2. Peer's state: s2@group-FE6EA6DB94F5:t2, leader=null, voted=s2, raftlog=s2@group-FE6EA6DB94F5-SegmentedRaftLog:OPENED:c44,f44,i44, conf=43: [s3:0.0.0.0:40074, s4:0.0.0.0:41544, s0:0.0.0.0:42984, s1:0.0.0.0:33314, s2:0.0.0.0:37104], old=null
2019-09-26 10:00:49,407 INFO  impl.RaftServerImpl (ServerState.java:setLeader(254)) - s0@group-FE6EA6DB94F5: change Leader from s0 to null at term 2 for updateCurrentTerm
2019-09-26 10:00:49,407 INFO  impl.RaftServerImpl (RaftServerImpl.java:setRole(170)) - s3@group-FE6EA6DB94F5: changes role from  FOLLOWER to FOLLOWER at term 2 for recognizeCandidate:s1
2019-09-26 10:00:49,407 INFO  impl.RaftServerImpl (RaftServerImpl.java:setRole(170)) - s0@group-FE6EA6DB94F5: changes role from    LEADER to FOLLOWER at term 2 for recognizeCandidate:s1
2019-09-26 10:00:49,408 INFO  impl.RoleInfo (RoleInfo.java:shutdownFollowerState(121)) - s3: shutdown FollowerState
2019-09-26 10:00:49,408 INFO  impl.RoleInfo (RoleInfo.java:shutdownLeaderState(104)) - s0: shutdown LeaderState
2019-09-26 10:00:49,408 INFO  impl.FollowerState (FollowerState.java:run(117)) - s3@group-FE6EA6DB94F5-FollowerState was interrupted: java.lang.InterruptedException: sleep interrupted
2019-09-26 10:00:49,408 INFO  impl.RoleInfo (RoleInfo.java:updateAndGet(143)) - s3: start FollowerState
2019-09-26 10:00:49,412 WARN  server.GrpcLogAppender (GrpcLogAppender.java:mayWait(143)) - s0@group-FE6EA6DB94F5->s1-GrpcLogAppender: Wait interrupted by java.lang.InterruptedException
2019-09-26 10:00:49,411 DEBUG impl.RaftServerImpl (RaftServerImpl.java:requestVote(743)) - s1@group-FE6EA6DB94F5: receive requestVote(s2, group-FE6EA6DB94F5, 2, (t:1, i:44))
2019-09-26 10:00:49,411 WARN  server.GrpcLogAppender (GrpcLogAppender.java:mayWait(143)) - s0@group-FE6EA6DB94F5->s3-GrpcLogAppender: Wait interrupted by java.lang.InterruptedException
2019-09-26 10:00:49,411 WARN  server.GrpcLogAppender (GrpcLogAppender.java:mayWait(143)) - s0@group-FE6EA6DB94F5->s2-GrpcLogAppender: Wait interrupted by java.lang.InterruptedException
2019-09-26 10:00:49,411 DEBUG impl.RaftServerImpl (RaftServerImpl.java:requestVote(743)) - s3@group-FE6EA6DB94F5: receive requestVote(s4, group-FE6EA6DB94F5, 2, (t:1, i:44))
2019-09-26 10:00:49,411 INFO  impl.PendingRequests (PendingRequests.java:sendNotLeaderResponses(202)) - s0@group-FE6EA6DB94F5-PendingRequests: sendNotLeaderResponses
2019-09-26 10:00:49,411 WARN  server.GrpcLogAppender (GrpcLogAppender.java:mayWait(143)) - s0@group-FE6EA6DB94F5->s4-GrpcLogAppender: Wait interrupted by java.lang.InterruptedException
2019-09-26 10:00:49,413 INFO  impl.RoleInfo (RoleInfo.java:updateAndGet(143)) - s0: start FollowerState
2019-09-26 10:00:49,412 DEBUG impl.RaftServerImpl (RaftServerImpl.java:requestVote(743)) - s0@group-FE6EA6DB94F5: receive requestVote(s4, group-FE6EA6DB94F5, 2, (t:1, i:44))
2019-09-26 10:00:49,412 DEBUG impl.RaftServerImpl (RaftServerImpl.java:requestVote(775)) - s1@group-FE6EA6DB94F5 replies to vote request: s2<-s1#0:FAIL-t2. Peer's state: s1@group-FE6EA6DB94F5:t2, leader=null, voted=s1, raftlog=s1@group-FE6EA6DB94F5-SegmentedRaftLog:OPENED:c44,f44,i44, conf=43: [s3:0.0.0.0:40074, s4:0.0.0.0:41544, s0:0.0.0.0:42984, s1:0.0.0.0:33314, s2:0.0.0.0:37104], old=null
2019-09-26 10:00:49,414 DEBUG impl.RaftServerImpl (RaftServerImpl.java:requestVote(743)) - s1@group-FE6EA6DB94F5: receive requestVote(s4, group-FE6EA6DB94F5, 2, (t:1, i:44))
2019-09-26 10:00:49,414 INFO  server.GrpcServerProtocolService (GrpcServerProtocolService.java:onCompleted(113)) - s2: Completed APPEND_ENTRIES, lastRequest: s0->s2#109-t1, previous=(t:1, i:44), leaderCommit=44, initializing? false, entries: <empty>
2019-09-26 10:00:49,414 DEBUG impl.RaftServerImpl (RaftServerImpl.java:requestVote(743)) - s2@group-FE6EA6DB94F5: receive requestVote(s4, group-FE6EA6DB94F5, 2, (t:1, i:44))
2019-09-26 10:00:49,413 INFO  server.GrpcServerProtocolService (GrpcServerProtocolService.java:onCompleted(113)) - s3: Completed APPEND_ENTRIES, lastRequest: s0->s3#65-t1, previous=(t:1, i:44), leaderCommit=44, initializing? false, entries: <empty>
2019-09-26 10:00:49,413 DEBUG impl.RaftServerImpl (RaftServerImpl.java:requestVote(743)) - s3@group-FE6EA6DB94F5: receive requestVote(s2, group-FE6EA6DB94F5, 2, (t:1, i:44))
2019-09-26 10:00:49,415 DEBUG impl.RaftServerImpl (RaftServerImpl.java:requestVote(775)) - s2@group-FE6EA6DB94F5 replies to vote request: s4<-s2#0:FAIL-t2. Peer's state: s2@group-FE6EA6DB94F5:t2, leader=null, voted=s2, raftlog=s2@group-FE6EA6DB94F5-SegmentedRaftLog:OPENED:c44,f44,i44, conf=43: [s3:0.0.0.0:40074, s4:0.0.0.0:41544, s0:0.0.0.0:42984, s1:0.0.0.0:33314, s2:0.0.0.0:37104], old=null
2019-09-26 10:00:49,414 INFO  server.GrpcServerProtocolService (GrpcServerProtocolService.java:onCompleted(113)) - s4: Completed APPEND_ENTRIES, lastRequest: s0->s4#65-t1, previous=(t:1, i:44), leaderCommit=44, initializing? false, entries: <empty>
2019-09-26 10:00:49,414 DEBUG impl.RaftServerImpl (RaftServerImpl.java:requestVote(743)) - s0@group-FE6EA6DB94F5: receive requestVote(s2, group-FE6EA6DB94F5, 2, (t:1, i:44))
2019-09-26 10:00:49,414 DEBUG impl.RaftServerImpl (RaftServerImpl.java:requestVote(743)) - s4@group-FE6EA6DB94F5: receive requestVote(s2, group-FE6EA6DB94F5, 2, (t:1, i:44))
2019-09-26 10:00:49,414 INFO  server.GrpcServerProtocolService (GrpcServerProtocolService.java:onCompleted(113)) - s1: Completed APPEND_ENTRIES, lastRequest: s0->s1#109-t1, previous=(t:1, i:44), leaderCommit=44, initializing? false, entries: <empty>
2019-09-26 10:00:49,414 DEBUG impl.RaftServerImpl (RaftServerImpl.java:requestVote(775)) - s1@group-FE6EA6DB94F5 replies to vote request: s4<-s1#0:FAIL-t2. Peer's state: s1@group-FE6EA6DB94F5:t2, leader=null, voted=s1, raftlog=s1@group-FE6EA6DB94F5-SegmentedRaftLog:OPENED:c44,f44,i44, conf=43: [s3:0.0.0.0:40074, s4:0.0.0.0:41544, s0:0.0.0.0:42984, s1:0.0.0.0:33314, s2:0.0.0.0:37104], old=null
2019-09-26 10:00:49,416 INFO  server.GrpcLogAppender (GrpcLogAppender.java:onCompleted(293)) - s0@group-FE6EA6DB94F5->s1-AppendLogResponseHandler: follower responses appendEntries COMPLETED
2019-09-26 10:00:49,414 DEBUG impl.RaftServerImpl (RaftServerImpl.java:requestVote(743)) - s4@group-FE6EA6DB94F5: receive requestVote(s1, group-FE6EA6DB94F5, 2, (t:1, i:44))
2019-09-26 10:00:49,415 INFO  server.GrpcLogAppender (GrpcLogAppender.java:onCompleted(293)) - s0@group-FE6EA6DB94F5->s4-AppendLogResponseHandler: follower responses appendEntries COMPLETED
2019-09-26 10:00:49,415 DEBUG impl.RaftServerImpl (RaftServerImpl.java:requestVote(775)) - s4@group-FE6EA6DB94F5 replies to vote request: s2<-s4#0:FAIL-t2. Peer's state: s4@group-FE6EA6DB94F5:t2, leader=null, voted=s4, raftlog=s4@group-FE6EA6DB94F5-SegmentedRaftLog:OPENED:c44,f44,i44, conf=43: [s3:0.0.0.0:40074, s4:0.0.0.0:41544, s0:0.0.0.0:42984, s1:0.0.0.0:33314, s2:0.0.0.0:37104], old=null
2019-09-26 10:00:49,415 INFO  server.GrpcLogAppender (GrpcLogAppender.java:onCompleted(293)) - s0@group-FE6EA6DB94F5->s3-AppendLogResponseHandler: follower responses appendEntries COMPLETED
2019-09-26 10:00:49,415 INFO  server.GrpcLogAppender (GrpcLogAppender.java:onCompleted(293)) - s0@group-FE6EA6DB94F5->s2-AppendLogResponseHandler: follower responses appendEntries COMPLETED
2019-09-26 10:00:49,417 DEBUG impl.RaftServerImpl (RaftServerImpl.java:requestVote(775)) - s4@group-FE6EA6DB94F5 replies to vote request: s1<-s4#0:FAIL-t2. Peer's state: s4@group-FE6EA6DB94F5:t2, leader=null, voted=s4, raftlog=s4@group-FE6EA6DB94F5-SegmentedRaftLog:OPENED:c44,f44,i44, conf=43: [s3:0.0.0.0:40074, s4:0.0.0.0:41544, s0:0.0.0.0:42984, s1:0.0.0.0:33314, s2:0.0.0.0:37104], old=null
2019-09-26 10:00:49,417 INFO  impl.FollowerInfo (FollowerInfo.java:lambda$new$0(51)) - s0@group-FE6EA6DB94F5->s1: nextIndex: updateUnconditionally 45 -> 44
2019-09-26 10:00:49,418 INFO  impl.FollowerInfo (FollowerInfo.java:lambda$new$0(51)) - s0@group-FE6EA6DB94F5->s4: nextIndex: updateUnconditionally 45 -> 44
2019-09-26 10:00:49,419 INFO  impl.FollowerInfo (FollowerInfo.java:lambda$new$0(51)) - s0@group-FE6EA6DB94F5->s2: nextIndex: updateUnconditionally 45 -> 44
2019-09-26 10:00:49,420 INFO  impl.FollowerInfo (FollowerInfo.java:lambda$new$0(51)) - s0@group-FE6EA6DB94F5->s3: nextIndex: updateUnconditionally 45 -> 44
2019-09-26 10:00:49,425 DEBUG impl.RaftServerImpl (RaftServerImpl.java:requestVote(775)) - s3@group-FE6EA6DB94F5 replies to vote request: s1<-s3#0:OK-t2. Peer's state: s3@group-FE6EA6DB94F5:t2, leader=null, voted=s1, raftlog=s3@group-FE6EA6DB94F5-SegmentedRaftLog:OPENED:c44,f44,i44, conf=43: [s3:0.0.0.0:40074, s4:0.0.0.0:41544, s0:0.0.0.0:42984, s1:0.0.0.0:33314, s2:0.0.0.0:37104], old=null
2019-09-26 10:00:49,425 DEBUG impl.RaftServerImpl (RaftServerImpl.java:requestVote(775)) - s0@group-FE6EA6DB94F5 replies to vote request: s1<-s0#0:FAIL-t2. Peer's state: s0@group-FE6EA6DB94F5:t2, leader=null, voted=null, raftlog=s0@group-FE6EA6DB94F5-SegmentedRaftLog:OPENED:c44,f44,i44, conf=43: [s3:0.0.0.0:40074, s4:0.0.0.0:41544, s0:0.0.0.0:42984, s1:0.0.0.0:33314, s2:0.0.0.0:37104], old=null
2019-09-26 10:00:49,425 DEBUG impl.RaftServerImpl (RaftServerImpl.java:requestVote(775)) - s3@group-FE6EA6DB94F5 replies to vote request: s2<-s3#0:FAIL-t2. Peer's state: s3@group-FE6EA6DB94F5:t2, leader=null, voted=s1, raftlog=s3@group-FE6EA6DB94F5-SegmentedRaftLog:OPENED:c44,f44,i44, conf=43: [s3:0.0.0.0:40074, s4:0.0.0.0:41544, s0:0.0.0.0:42984, s1:0.0.0.0:33314, s2:0.0.0.0:37104], old=null
2019-09-26 10:00:49,425 INFO  impl.RaftServerImpl (RaftServerImpl.java:setRole(170)) - s0@group-FE6EA6DB94F5: changes role from  FOLLOWER to FOLLOWER at term 2 for recognizeCandidate:s2
2019-09-26 10:00:49,426 DEBUG impl.RaftServerImpl (RaftServerImpl.java:requestVote(775)) - s3@group-FE6EA6DB94F5 replies to vote request: s4<-s3#0:FAIL-t2. Peer's state: s3@group-FE6EA6DB94F5:t2, leader=null, voted=s1, raftlog=s3@group-FE6EA6DB94F5-SegmentedRaftLog:OPENED:c44,f44,i44, conf=43: [s3:0.0.0.0:40074, s4:0.0.0.0:41544, s0:0.0.0.0:42984, s1:0.0.0.0:33314, s2:0.0.0.0:37104], old=null
2019-09-26 10:00:49,426 INFO  impl.RoleInfo (RoleInfo.java:shutdownFollowerState(121)) - s0: shutdown FollowerState
2019-09-26 10:00:49,426 INFO  impl.RoleInfo (RoleInfo.java:updateAndGet(143)) - s0: start FollowerState
2019-09-26 10:00:49,426 INFO  impl.FollowerState (FollowerState.java:run(117)) - s0@group-FE6EA6DB94F5-FollowerState was interrupted: java.lang.InterruptedException: sleep interrupted
2019-09-26 10:00:49,438 DEBUG impl.RaftServerImpl (RaftServerImpl.java:requestVote(775)) - s0@group-FE6EA6DB94F5 replies to vote request: s2<-s0#0:OK-t2. Peer's state: s0@group-FE6EA6DB94F5:t2, leader=null, voted=s2, raftlog=s0@group-FE6EA6DB94F5-SegmentedRaftLog:OPENED:c44,f44,i44, conf=43: [s3:0.0.0.0:40074, s4:0.0.0.0:41544, s0:0.0.0.0:42984, s1:0.0.0.0:33314, s2:0.0.0.0:37104], old=null
2019-09-26 10:00:49,438 DEBUG impl.RaftServerImpl (RaftServerImpl.java:requestVote(775)) - s0@group-FE6EA6DB94F5 replies to vote request: s4<-s0#0:FAIL-t2. Peer's state: s0@group-FE6EA6DB94F5:t2, leader=null, voted=s2, raftlog=s0@group-FE6EA6DB94F5-SegmentedRaftLog:OPENED:c44,f44,i44, conf=43: [s3:0.0.0.0:40074, s4:0.0.0.0:41544, s0:0.0.0.0:42984, s1:0.0.0.0:33314, s2:0.0.0.0:37104], old=null
2019-09-26 10:00:49,543 INFO  grpc.TestRaftReconfigurationWithGrpc (RaftReconfigurationBaseTest.java:runTestBootstrapReconf(286)) - printing ALL groups
  s3:  RUNNING  FOLLOWER s3@group-FE6EA6DB94F5:t2, leader=null, voted=s1, raftlog=s3@group-FE6EA6DB94F5-SegmentedRaftLog:OPENED:c44,f44,i44, conf=43: [s3:0.0.0.0:40074, s4:0.0.0.0:41544, s0:0.0.0.0:42984, s1:0.0.0.0:33314, s2:0.0.0.0:37104], old=null RUNNING
  s4:  RUNNING  FOLLOWER s4@group-FE6EA6DB94F5:t2, leader=null, voted=s4, raftlog=s4@group-FE6EA6DB94F5-SegmentedRaftLog:OPENED:c44,f44,i44, conf=43: [s3:0.0.0.0:40074, s4:0.0.0.0:41544, s0:0.0.0.0:42984, s1:0.0.0.0:33314, s2:0.0.0.0:37104], old=null RUNNING
  s0:  RUNNING  FOLLOWER s0@group-FE6EA6DB94F5:t2, leader=null, voted=s2, raftlog=s0@group-FE6EA6DB94F5-SegmentedRaftLog:OPENED:c44,f44,i44, conf=43: [s3:0.0.0.0:40074, s4:0.0.0.0:41544, s0:0.0.0.0:42984, s1:0.0.0.0:33314, s2:0.0.0.0:37104], old=null RUNNING
  s1:  RUNNING  FOLLOWER s1@group-FE6EA6DB94F5:t2, leader=null, voted=s1, raftlog=s1@group-FE6EA6DB94F5-SegmentedRaftLog:OPENED:c44,f44,i44, conf=43: [s3:0.0.0.0:40074, s4:0.0.0.0:41544, s0:0.0.0.0:42984, s1:0.0.0.0:33314, s2:0.0.0.0:37104], old=null RUNNING
  s2:  RUNNING  FOLLOWER s2@group-FE6EA6DB94F5:t2, leader=null, voted=s2, raftlog=s2@group-FE6EA6DB94F5-SegmentedRaftLog:OPENED:c44,f44,i44, conf=43: [s3:0.0.0.0:40074, s4:0.0.0.0:41544, s0:0.0.0.0:42984, s1:0.0.0.0:33314, s2:0.0.0.0:37104], old=null RUNNING
2019-09-26 10:00:49,544 INFO  ratis.MiniRaftCluster (MiniRaftCluster.java:runWithNewCluster(127)) - printing ALL groups
  s3:  RUNNING  FOLLOWER s3@group-FE6EA6DB94F5:t2, leader=null, voted=s1, raftlog=s3@group-FE6EA6DB94F5-SegmentedRaftLog:OPENED:c44,f44,i44, conf=43: [s3:0.0.0.0:40074, s4:0.0.0.0:41544, s0:0.0.0.0:42984, s1:0.0.0.0:33314, s2:0.0.0.0:37104], old=null RUNNING
  s4:  RUNNING  FOLLOWER s4@group-FE6EA6DB94F5:t2, leader=null, voted=s4, raftlog=s4@group-FE6EA6DB94F5-SegmentedRaftLog:OPENED:c44,f44,i44, conf=43: [s3:0.0.0.0:40074, s4:0.0.0.0:41544, s0:0.0.0.0:42984, s1:0.0.0.0:33314, s2:0.0.0.0:37104], old=null RUNNING
  s0:  RUNNING  FOLLOWER s0@group-FE6EA6DB94F5:t2, leader=null, voted=s2, raftlog=s0@group-FE6EA6DB94F5-SegmentedRaftLog:OPENED:c44,f44,i44, conf=43: [s3:0.0.0.0:40074, s4:0.0.0.0:41544, s0:0.0.0.0:42984, s1:0.0.0.0:33314, s2:0.0.0.0:37104], old=null RUNNING
  s1:  RUNNING  FOLLOWER s1@group-FE6EA6DB94F5:t2, leader=null, voted=s1, raftlog=s1@group-FE6EA6DB94F5-SegmentedRaftLog:OPENED:c44,f44,i44, conf=43: [s3:0.0.0.0:40074, s4:0.0.0.0:41544, s0:0.0.0.0:42984, s1:0.0.0.0:33314, s2:0.0.0.0:37104], old=null RUNNING
  s2:  RUNNING  FOLLOWER s2@group-FE6EA6DB94F5:t2, leader=null, voted=s2, raftlog=s2@group-FE6EA6DB94F5-SegmentedRaftLog:OPENED:c44,f44,i44, conf=43: [s3:0.0.0.0:40074, s4:0.0.0.0:41544, s0:0.0.0.0:42984, s1:0.0.0.0:33314, s2:0.0.0.0:37104], old=null RUNNING
2019-09-26 10:00:49,544 ERROR ratis.MiniRaftCluster (MiniRaftCluster.java:runWithNewCluster(128)) - Failed org.apache.ratis.MiniRaftCluster$Factory$Get.runWithNewCluster(MiniRaftCluster.java:113)
java.lang.NullPointerException
	at org.apache.ratis.server.impl.RaftReconfigurationBaseTest.runTestBootstrapReconf(RaftReconfigurationBaseTest.java:289)
	at org.apache.ratis.MiniRaftCluster$Factory$Get.runWithNewCluster(MiniRaftCluster.java:125)
	at org.apache.ratis.MiniRaftCluster$Factory$Get.runWithNewCluster(MiniRaftCluster.java:113)
	at org.apache.ratis.server.impl.RaftReconfigurationBaseTest.testBootstrapReconf(RaftReconfigurationBaseTest.java:255)
	at sun.reflect.NativeMethodAccessorImpl.invoke0(Native Method)
	at sun.reflect.NativeMethodAccessorImpl.invoke(NativeMethodAccessorImpl.java:62)
	at sun.reflect.DelegatingMethodAccessorImpl.invoke(DelegatingMethodAccessorImpl.java:43)
	at java.lang.reflect.Method.invoke(Method.java:498)
	at org.junit.runners.model.FrameworkMethod$1.runReflectiveCall(FrameworkMethod.java:50)
	at org.junit.internal.runners.model.ReflectiveCallable.run(ReflectiveCallable.java:12)
	at org.junit.runners.model.FrameworkMethod.invokeExplosively(FrameworkMethod.java:47)
	at org.junit.internal.runners.statements.InvokeMethod.evaluate(InvokeMethod.java:17)
	at org.junit.internal.runners.statements.RunAfters.evaluate(RunAfters.java:27)
	at org.junit.internal.runners.statements.FailOnTimeout$CallableStatement.call(FailOnTimeout.java:298)
	at org.junit.internal.runners.statements.FailOnTimeout$CallableStatement.call(FailOnTimeout.java:292)
	at java.util.concurrent.FutureTask.run(FutureTask.java:266)
	at java.lang.Thread.run(Thread.java:748)
2019-09-26 10:00:49,545 INFO  ratis.MiniRaftCluster (MiniRaftCluster.java:shutdown(700)) - ************************************************************** 
2019-09-26 10:00:49,545 INFO  ratis.MiniRaftCluster (MiniRaftCluster.java:shutdown(701)) - *** 
2019-09-26 10:00:49,545 INFO  ratis.MiniRaftCluster (MiniRaftCluster.java:shutdown(702)) - ***     Stopping MiniRaftClusterWithGrpc
2019-09-26 10:00:49,545 INFO  ratis.MiniRaftCluster (MiniRaftCluster.java:shutdown(703)) - *** 
2019-09-26 10:00:49,545 INFO  ratis.MiniRaftCluster (MiniRaftCluster.java:shutdown(704)) - ************************************************************** 
2019-09-26 10:00:49,546 INFO  ratis.MiniRaftCluster (MiniRaftCluster.java:shutdown(705)) - printing ALL groups
  s3:  RUNNING  FOLLOWER s3@group-FE6EA6DB94F5:t2, leader=null, voted=s1, raftlog=s3@group-FE6EA6DB94F5-SegmentedRaftLog:OPENED:c44,f44,i44, conf=43: [s3:0.0.0.0:40074, s4:0.0.0.0:41544, s0:0.0.0.0:42984, s1:0.0.0.0:33314, s2:0.0.0.0:37104], old=null RUNNING
  s4:  RUNNING  FOLLOWER s4@group-FE6EA6DB94F5:t2, leader=null, voted=s4, raftlog=s4@group-FE6EA6DB94F5-SegmentedRaftLog:OPENED:c44,f44,i44, conf=43: [s3:0.0.0.0:40074, s4:0.0.0.0:41544, s0:0.0.0.0:42984, s1:0.0.0.0:33314, s2:0.0.0.0:37104], old=null RUNNING
  s0:  RUNNING  FOLLOWER s0@group-FE6EA6DB94F5:t2, leader=null, voted=s2, raftlog=s0@group-FE6EA6DB94F5-SegmentedRaftLog:OPENED:c44,f44,i44, conf=43: [s3:0.0.0.0:40074, s4:0.0.0.0:41544, s0:0.0.0.0:42984, s1:0.0.0.0:33314, s2:0.0.0.0:37104], old=null RUNNING
  s1:  RUNNING  FOLLOWER s1@group-FE6EA6DB94F5:t2, leader=null, voted=s1, raftlog=s1@group-FE6EA6DB94F5-SegmentedRaftLog:OPENED:c44,f44,i44, conf=43: [s3:0.0.0.0:40074, s4:0.0.0.0:41544, s0:0.0.0.0:42984, s1:0.0.0.0:33314, s2:0.0.0.0:37104], old=null RUNNING
  s2:  RUNNING  FOLLOWER s2@group-FE6EA6DB94F5:t2, leader=null, voted=s2, raftlog=s2@group-FE6EA6DB94F5-SegmentedRaftLog:OPENED:c44,f44,i44, conf=43: [s3:0.0.0.0:40074, s4:0.0.0.0:41544, s0:0.0.0.0:42984, s1:0.0.0.0:33314, s2:0.0.0.0:37104], old=null RUNNING
2019-09-26 10:00:49,547 INFO  impl.RaftServerProxy (RaftServerProxy.java:lambda$close$4(314)) - s3: close
2019-09-26 10:00:49,547 INFO  impl.RaftServerProxy (RaftServerProxy.java:lambda$close$4(314)) - s4: close
2019-09-26 10:00:49,548 INFO  impl.RaftServerImpl (RaftServerImpl.java:lambda$shutdown$3(247)) - s3@group-FE6EA6DB94F5: shutdown
2019-09-26 10:00:49,548 INFO  impl.RaftServerProxy (RaftServerProxy.java:lambda$close$4(314)) - s1: close
2019-09-26 10:00:49,549 INFO  util.JmxRegister (JmxRegister.java:unregister(73)) - Successfully un-registered JMX Bean with object name Ratis:service=RaftServer,group=group-FE6EA6DB94F5,id=s3
2019-09-26 10:00:49,550 INFO  impl.RoleInfo (RoleInfo.java:shutdownFollowerState(121)) - s3: shutdown FollowerState
2019-09-26 10:00:49,549 INFO  impl.RaftServerImpl (RaftServerImpl.java:lambda$shutdown$3(247)) - s4@group-FE6EA6DB94F5: shutdown
2019-09-26 10:00:49,548 INFO  impl.RaftServerProxy (RaftServerProxy.java:lambda$close$4(314)) - s0: close
2019-09-26 10:00:49,548 INFO  impl.RaftServerProxy (RaftServerProxy.java:lambda$close$4(314)) - s2: close
2019-09-26 10:00:49,551 INFO  impl.RaftServerImpl (RaftServerImpl.java:lambda$shutdown$3(247)) - s0@group-FE6EA6DB94F5: shutdown
2019-09-26 10:00:49,551 INFO  util.JmxRegister (JmxRegister.java:unregister(73)) - Successfully un-registered JMX Bean with object name Ratis:service=RaftServer,group=group-FE6EA6DB94F5,id=s4
2019-09-26 10:00:49,550 INFO  impl.FollowerState (FollowerState.java:run(117)) - s3@group-FE6EA6DB94F5-FollowerState was interrupted: java.lang.InterruptedException: sleep interrupted
2019-09-26 10:00:49,550 INFO  impl.StateMachineUpdater (StateMachineUpdater.java:stopAndJoin(136)) - s3@group-FE6EA6DB94F5-StateMachineUpdater: set stopIndex = 44
2019-09-26 10:00:49,553 INFO  impl.RaftServerImpl (ServerState.java:close(386)) - s3@group-FE6EA6DB94F5: closes. applyIndex: 44
2019-09-26 10:00:49,550 INFO  impl.RaftServerImpl (RaftServerImpl.java:lambda$shutdown$3(247)) - s1@group-FE6EA6DB94F5: shutdown
2019-09-26 10:00:49,554 INFO  segmented.SegmentedRaftLogWorker (SegmentedRaftLogWorker.java:run(313)) - s3@group-FE6EA6DB94F5-SegmentedRaftLogWorker was interrupted, exiting. There are 0 tasks remaining in the queue.
2019-09-26 10:00:49,552 INFO  impl.RoleInfo (RoleInfo.java:shutdownFollowerState(121)) - s4: shutdown FollowerState
2019-09-26 10:00:49,552 INFO  util.JmxRegister (JmxRegister.java:unregister(73)) - Successfully un-registered JMX Bean with object name Ratis:service=RaftServer,group=group-FE6EA6DB94F5,id=s0
2019-09-26 10:00:49,552 INFO  impl.RaftServerImpl (RaftServerImpl.java:lambda$shutdown$3(247)) - s2@group-FE6EA6DB94F5: shutdown
2019-09-26 10:00:49,555 INFO  impl.RoleInfo (RoleInfo.java:shutdownFollowerState(121)) - s0: shutdown FollowerState
2019-09-26 10:00:49,555 INFO  impl.FollowerState (FollowerState.java:run(117)) - s4@group-FE6EA6DB94F5-FollowerState was interrupted: java.lang.InterruptedException: sleep interrupted
2019-09-26 10:00:49,555 INFO  impl.StateMachineUpdater (StateMachineUpdater.java:stopAndJoin(136)) - s4@group-FE6EA6DB94F5-StateMachineUpdater: set stopIndex = 44
2019-09-26 10:00:49,557 INFO  impl.RaftServerImpl (ServerState.java:close(386)) - s4@group-FE6EA6DB94F5: closes. applyIndex: 44
2019-09-26 10:00:49,554 INFO  util.JmxRegister (JmxRegister.java:unregister(73)) - Successfully un-registered JMX Bean with object name Ratis:service=RaftServer,group=group-FE6EA6DB94F5,id=s1
2019-09-26 10:00:49,557 INFO  segmented.SegmentedRaftLogWorker (SegmentedRaftLogWorker.java:run(313)) - s4@group-FE6EA6DB94F5-SegmentedRaftLogWorker was interrupted, exiting. There are 0 tasks remaining in the queue.
2019-09-26 10:00:49,557 INFO  segmented.SegmentedRaftLogWorker (SegmentedRaftLogWorker.java:close(228)) - s3@group-FE6EA6DB94F5-SegmentedRaftLogWorker close()
2019-09-26 10:00:49,556 INFO  impl.FollowerState (FollowerState.java:run(117)) - s0@group-FE6EA6DB94F5-FollowerState was interrupted: java.lang.InterruptedException: sleep interrupted
2019-09-26 10:00:49,556 INFO  impl.StateMachineUpdater (StateMachineUpdater.java:stopAndJoin(136)) - s0@group-FE6EA6DB94F5-StateMachineUpdater: set stopIndex = 44
2019-09-26 10:00:49,555 INFO  util.JmxRegister (JmxRegister.java:unregister(73)) - Successfully un-registered JMX Bean with object name Ratis:service=RaftServer,group=group-FE6EA6DB94F5,id=s2
2019-09-26 10:00:49,561 INFO  impl.RaftServerImpl (ServerState.java:close(386)) - s0@group-FE6EA6DB94F5: closes. applyIndex: 44
2019-09-26 10:00:49,560 INFO  server.GrpcService (GrpcService.java:closeImpl(164)) - s3: shutdown server with port 40074 now
2019-09-26 10:00:49,560 INFO  segmented.SegmentedRaftLogWorker (SegmentedRaftLogWorker.java:close(228)) - s4@group-FE6EA6DB94F5-SegmentedRaftLogWorker close()
2019-09-26 10:00:49,557 INFO  impl.RoleInfo (RoleInfo.java:shutdownFollowerState(121)) - s1: shutdown FollowerState
2019-09-26 10:00:49,563 INFO  server.GrpcService (GrpcService.java:closeImpl(164)) - s4: shutdown server with port 41544 now
2019-09-26 10:00:49,561 INFO  segmented.SegmentedRaftLogWorker (SegmentedRaftLogWorker.java:run(313)) - s0@group-FE6EA6DB94F5-SegmentedRaftLogWorker was interrupted, exiting. There are 0 tasks remaining in the queue.
2019-09-26 10:00:49,561 INFO  impl.RoleInfo (RoleInfo.java:shutdownFollowerState(121)) - s2: shutdown FollowerState
2019-09-26 10:00:49,563 INFO  impl.FollowerState (FollowerState.java:run(117)) - s1@group-FE6EA6DB94F5-FollowerState was interrupted: java.lang.InterruptedException: sleep interrupted
2019-09-26 10:00:49,563 INFO  impl.StateMachineUpdater (StateMachineUpdater.java:stopAndJoin(136)) - s1@group-FE6EA6DB94F5-StateMachineUpdater: set stopIndex = 44
2019-09-26 10:00:49,566 INFO  impl.RaftServerImpl (ServerState.java:close(386)) - s1@group-FE6EA6DB94F5: closes. applyIndex: 44
2019-09-26 10:00:49,565 INFO  server.GrpcService (GrpcService.java:closeImpl(172)) - s3: shutdown server with port 40074 successfully
2019-09-26 10:00:49,565 INFO  impl.FollowerState (FollowerState.java:run(117)) - s2@group-FE6EA6DB94F5-FollowerState was interrupted: java.lang.InterruptedException: sleep interrupted
2019-09-26 10:00:49,565 INFO  impl.StateMachineUpdater (StateMachineUpdater.java:stopAndJoin(136)) - s2@group-FE6EA6DB94F5-StateMachineUpdater: set stopIndex = 44
2019-09-26 10:00:49,569 INFO  segmented.SegmentedRaftLogWorker (SegmentedRaftLogWorker.java:close(228)) - s0@group-FE6EA6DB94F5-SegmentedRaftLogWorker close()
2019-09-26 10:00:49,567 INFO  segmented.SegmentedRaftLogWorker (SegmentedRaftLogWorker.java:run(313)) - s1@group-FE6EA6DB94F5-SegmentedRaftLogWorker was interrupted, exiting. There are 0 tasks remaining in the queue.
2019-09-26 10:00:49,569 INFO  impl.RaftServerImpl (ServerState.java:close(386)) - s2@group-FE6EA6DB94F5: closes. applyIndex: 44
2019-09-26 10:00:49,571 INFO  server.GrpcService (GrpcService.java:closeImpl(164)) - s0: shutdown server with port 42984 now
2019-09-26 10:00:49,572 INFO  segmented.SegmentedRaftLogWorker (SegmentedRaftLogWorker.java:run(313)) - s2@group-FE6EA6DB94F5-SegmentedRaftLogWorker was interrupted, exiting. There are 0 tasks remaining in the queue.
2019-09-26 10:00:49,573 INFO  server.GrpcService (GrpcService.java:closeImpl(172)) - s4: shutdown server with port 41544 successfully
2019-09-26 10:00:49,573 INFO  server.GrpcService (GrpcService.java:closeImpl(172)) - s0: shutdown server with port 42984 successfully
2019-09-26 10:00:49,574 INFO  segmented.SegmentedRaftLogWorker (SegmentedRaftLogWorker.java:close(228)) - s1@group-FE6EA6DB94F5-SegmentedRaftLogWorker close()
2019-09-26 10:00:49,577 INFO  segmented.SegmentedRaftLogWorker (SegmentedRaftLogWorker.java:close(228)) - s2@group-FE6EA6DB94F5-SegmentedRaftLogWorker close()
2019-09-26 10:00:49,577 INFO  server.GrpcService (GrpcService.java:closeImpl(164)) - s1: shutdown server with port 33314 now
2019-09-26 10:00:49,578 INFO  server.GrpcService (GrpcService.java:closeImpl(164)) - s2: shutdown server with port 37104 now
2019-09-26 10:00:49,582 INFO  server.GrpcService (GrpcService.java:closeImpl(172)) - s1: shutdown server with port 33314 successfully
2019-09-26 10:00:49,583 INFO  server.GrpcService (GrpcService.java:closeImpl(172)) - s2: shutdown server with port 37104 successfully
2019-09-26 10:00:49,583 INFO  ratis.MiniRaftCluster (MiniRaftCluster.java:shutdown(722)) - MiniRaftClusterWithGrpc shutdown completed
]]></system-out>
    <system-err><![CDATA[Sep 26, 2019 10:00:43 AM org.apache.ratis.thirdparty.io.grpc.internal.SerializingExecutor run
SEVERE: Exception while executing runnable org.apache.ratis.thirdparty.io.grpc.internal.ServerImpl$JumpToApplicationThreadServerStreamListener$1Closed@1f602e2d
org.apache.ratis.thirdparty.io.grpc.StatusRuntimeException: CANCELLED: call already cancelled
	at org.apache.ratis.thirdparty.io.grpc.Status.asRuntimeException(Status.java:517)
	at org.apache.ratis.thirdparty.io.grpc.stub.ServerCalls$ServerCallStreamObserverImpl.onCompleted(ServerCalls.java:356)
	at org.apache.ratis.grpc.server.GrpcServerProtocolService$ServerRequestStreamObserver.onError(GrpcServerProtocolService.java:121)
	at org.apache.ratis.thirdparty.io.grpc.stub.ServerCalls$StreamingServerCallHandler$StreamingServerCallListener.onCancel(ServerCalls.java:269)
	at org.apache.ratis.thirdparty.io.grpc.internal.ServerCallImpl$ServerStreamListenerImpl.closed(ServerCallImpl.java:293)
	at org.apache.ratis.thirdparty.io.grpc.internal.ServerImpl$JumpToApplicationThreadServerStreamListener$1Closed.runInContext(ServerImpl.java:741)
	at org.apache.ratis.thirdparty.io.grpc.internal.ContextRunnable.run(ContextRunnable.java:37)
	at org.apache.ratis.thirdparty.io.grpc.internal.SerializingExecutor.run(SerializingExecutor.java:123)
	at java.util.concurrent.ThreadPoolExecutor.runWorker(ThreadPoolExecutor.java:1149)
	at java.util.concurrent.ThreadPoolExecutor$Worker.run(ThreadPoolExecutor.java:624)
	at java.lang.Thread.run(Thread.java:748)

Sep 26, 2019 10:00:43 AM org.apache.ratis.thirdparty.io.grpc.internal.SerializingExecutor run
SEVERE: Exception while executing runnable org.apache.ratis.thirdparty.io.grpc.internal.ServerImpl$JumpToApplicationThreadServerStreamListener$1Closed@8f995d9
org.apache.ratis.thirdparty.io.grpc.StatusRuntimeException: CANCELLED: call already cancelled
	at org.apache.ratis.thirdparty.io.grpc.Status.asRuntimeException(Status.java:517)
	at org.apache.ratis.thirdparty.io.grpc.stub.ServerCalls$ServerCallStreamObserverImpl.onCompleted(ServerCalls.java:356)
	at org.apache.ratis.grpc.server.GrpcServerProtocolService$ServerRequestStreamObserver.onError(GrpcServerProtocolService.java:121)
	at org.apache.ratis.thirdparty.io.grpc.stub.ServerCalls$StreamingServerCallHandler$StreamingServerCallListener.onCancel(ServerCalls.java:269)
	at org.apache.ratis.thirdparty.io.grpc.internal.ServerCallImpl$ServerStreamListenerImpl.closed(ServerCallImpl.java:293)
	at org.apache.ratis.thirdparty.io.grpc.internal.ServerImpl$JumpToApplicationThreadServerStreamListener$1Closed.runInContext(ServerImpl.java:741)
	at org.apache.ratis.thirdparty.io.grpc.internal.ContextRunnable.run(ContextRunnable.java:37)
	at org.apache.ratis.thirdparty.io.grpc.internal.SerializingExecutor.run(SerializingExecutor.java:123)
	at java.util.concurrent.ThreadPoolExecutor.runWorker(ThreadPoolExecutor.java:1149)
	at java.util.concurrent.ThreadPoolExecutor$Worker.run(ThreadPoolExecutor.java:624)
	at java.lang.Thread.run(Thread.java:748)

]]></system-err>
  </testcase>
  <testcase name="testAddPeers" classname="org.apache.ratis.grpc.TestRaftReconfigurationWithGrpc" time="0.942"/>
  <testcase name="testLeaderStepDown" classname="org.apache.ratis.grpc.TestRaftReconfigurationWithGrpc" time="2.658"/>
  <testcase name="testKillLeaderDuringReconf" classname="org.apache.ratis.grpc.TestRaftReconfigurationWithGrpc" time="4.06"/>
  <testcase name="testLeaderNotReadyException" classname="org.apache.ratis.grpc.TestRaftReconfigurationWithGrpc" time="3.526"/>
  <testcase name="testOverlappedSetConfRequests" classname="org.apache.ratis.grpc.TestRaftReconfigurationWithGrpc" time="5.166"/>
  <testcase name="testReconfTwice" classname="org.apache.ratis.grpc.TestRaftReconfigurationWithGrpc" time="2.368"/>
  <testcase name="testReconfTimeout" classname="org.apache.ratis.grpc.TestRaftReconfigurationWithGrpc" time="2.593"/>
</testsuite>