<?xml version="1.0" encoding="UTF-8"?>
<testsuite xmlns:xsi="http://www.w3.org/2001/XMLSchema-instance" xsi:noNamespaceSchemaLocation="https://maven.apache.org/surefire/maven-surefire-plugin/xsd/surefire-test-report.xsd" name="org.apache.ratis.server.simulation.TestRaftSnapshotWithSimulatedRpc" time="7.102" tests="2" errors="0" skipped="0" failures="1">
  <properties>
    <property name="awt.toolkit" value="sun.awt.X11.XToolkit"/>
    <property name="file.encoding.pkg" value="sun.io"/>
    <property name="java.specification.version" value="1.8"/>
    <property name="sun.cpu.isalist" value=""/>
    <property name="sun.jnu.encoding" value="UTF-8"/>
    <property name="java.class.path" value="/workdir/ratis-test/target/test-classes:/workdir/ratis-test/target/classes:/workdir/ratis-common/target/classes:/home/user/.m2/repository/org/apache/ratis/ratis-thirdparty-misc/0.2.0/ratis-thirdparty-misc-0.2.0.jar:/workdir/ratis-proto/target/ratis-proto-0.5.0-SNAPSHOT.jar:/home/user/.m2/repository/org/slf4j/slf4j-log4j12/1.7.10/slf4j-log4j12-1.7.10.jar:/home/user/.m2/repository/log4j/log4j/1.2.17/log4j-1.2.17.jar:/workdir/ratis-common/target/test-classes:/workdir/ratis-client/target/classes:/workdir/ratis-server/target/classes:/workdir/ratis-metrics/target/classes:/home/user/.m2/repository/io/dropwizard/metrics/metrics-core/3.2.5/metrics-core-3.2.5.jar:/home/user/.m2/repository/com/github/joshelser/dropwizard-metrics-hadoop-metrics2-reporter/0.1.2/dropwizard-metrics-hadoop-metrics2-reporter-0.1.2.jar:/home/user/.m2/repository/org/apache/hadoop/hadoop-common/2.6.0/hadoop-common-2.6.0.jar:/home/user/.m2/repository/org/apache/hadoop/hadoop-annotations/2.6.0/hadoop-annotations-2.6.0.jar:/usr/lib/jvm/java-1.8-openjdk/jre/../lib/tools.jar:/home/user/.m2/repository/com/google/guava/guava/11.0.2/guava-11.0.2.jar:/home/user/.m2/repository/commons-cli/commons-cli/1.2/commons-cli-1.2.jar:/home/user/.m2/repository/org/apache/commons/commons-math3/3.1.1/commons-math3-3.1.1.jar:/home/user/.m2/repository/xmlenc/xmlenc/0.52/xmlenc-0.52.jar:/home/user/.m2/repository/commons-httpclient/commons-httpclient/3.1/commons-httpclient-3.1.jar:/home/user/.m2/repository/commons-codec/commons-codec/1.4/commons-codec-1.4.jar:/home/user/.m2/repository/commons-io/commons-io/2.4/commons-io-2.4.jar:/home/user/.m2/repository/commons-net/commons-net/3.1/commons-net-3.1.jar:/home/user/.m2/repository/commons-collections/commons-collections/3.2.1/commons-collections-3.2.1.jar:/home/user/.m2/repository/javax/servlet/servlet-api/2.5/servlet-api-2.5.jar:/home/user/.m2/repository/org/mortbay/jetty/jetty/6.1.26/jetty-6.1.26.jar:/home/user/.m2/repository/org/mortbay/jetty/jetty-util/6.1.26/jetty-util-6.1.26.jar:/home/user/.m2/repository/com/sun/jersey/jersey-core/1.9/jersey-core-1.9.jar:/home/user/.m2/repository/com/sun/jersey/jersey-json/1.9/jersey-json-1.9.jar:/home/user/.m2/repository/org/codehaus/jettison/jettison/1.1/jettison-1.1.jar:/home/user/.m2/repository/com/sun/xml/bind/jaxb-impl/2.2.3-1/jaxb-impl-2.2.3-1.jar:/home/user/.m2/repository/javax/xml/bind/jaxb-api/2.2.2/jaxb-api-2.2.2.jar:/home/user/.m2/repository/javax/xml/stream/stax-api/1.0-2/stax-api-1.0-2.jar:/home/user/.m2/repository/javax/activation/activation/1.1/activation-1.1.jar:/home/user/.m2/repository/org/codehaus/jackson/jackson-jaxrs/1.8.3/jackson-jaxrs-1.8.3.jar:/home/user/.m2/repository/org/codehaus/jackson/jackson-xc/1.8.3/jackson-xc-1.8.3.jar:/home/user/.m2/repository/com/sun/jersey/jersey-server/1.9/jersey-server-1.9.jar:/home/user/.m2/repository/asm/asm/3.1/asm-3.1.jar:/home/user/.m2/repository/tomcat/jasper-compiler/5.5.23/jasper-compiler-5.5.23.jar:/home/user/.m2/repository/tomcat/jasper-runtime/5.5.23/jasper-runtime-5.5.23.jar:/home/user/.m2/repository/javax/servlet/jsp/jsp-api/2.1/jsp-api-2.1.jar:/home/user/.m2/repository/commons-el/commons-el/1.0/commons-el-1.0.jar:/home/user/.m2/repository/commons-logging/commons-logging/1.1.3/commons-logging-1.1.3.jar:/home/user/.m2/repository/net/java/dev/jets3t/jets3t/0.9.0/jets3t-0.9.0.jar:/home/user/.m2/repository/org/apache/httpcomponents/httpclient/4.1.2/httpclient-4.1.2.jar:/home/user/.m2/repository/org/apache/httpcomponents/httpcore/4.1.2/httpcore-4.1.2.jar:/home/user/.m2/repository/com/jamesmurty/utils/java-xmlbuilder/0.4/java-xmlbuilder-0.4.jar:/home/user/.m2/repository/commons-lang/commons-lang/2.6/commons-lang-2.6.jar:/home/user/.m2/repository/commons-configuration/commons-configuration/1.6/commons-configuration-1.6.jar:/home/user/.m2/repository/commons-digester/commons-digester/1.8/commons-digester-1.8.jar:/home/user/.m2/repository/commons-beanutils/commons-beanutils/1.7.0/commons-beanutils-1.7.0.jar:/home/user/.m2/repository/commons-beanutils/commons-beanutils-core/1.8.0/commons-beanutils-core-1.8.0.jar:/home/user/.m2/repository/org/codehaus/jackson/jackson-core-asl/1.9.13/jackson-core-asl-1.9.13.jar:/home/user/.m2/repository/org/codehaus/jackson/jackson-mapper-asl/1.9.13/jackson-mapper-asl-1.9.13.jar:/home/user/.m2/repository/org/apache/avro/avro/1.7.4/avro-1.7.4.jar:/home/user/.m2/repository/com/thoughtworks/paranamer/paranamer/2.3/paranamer-2.3.jar:/home/user/.m2/repository/org/xerial/snappy/snappy-java/1.0.4.1/snappy-java-1.0.4.1.jar:/home/user/.m2/repository/com/google/protobuf/protobuf-java/2.5.0/protobuf-java-2.5.0.jar:/home/user/.m2/repository/com/google/code/gson/gson/2.2.4/gson-2.2.4.jar:/home/user/.m2/repository/org/apache/hadoop/hadoop-auth/2.6.0/hadoop-auth-2.6.0.jar:/home/user/.m2/repository/org/apache/directory/server/apacheds-kerberos-codec/2.0.0-M15/apacheds-kerberos-codec-2.0.0-M15.jar:/home/user/.m2/repository/org/apache/directory/server/apacheds-i18n/2.0.0-M15/apacheds-i18n-2.0.0-M15.jar:/home/user/.m2/repository/org/apache/directory/api/api-asn1-api/1.0.0-M20/api-asn1-api-1.0.0-M20.jar:/home/user/.m2/repository/org/apache/directory/api/api-util/1.0.0-M20/api-util-1.0.0-M20.jar:/home/user/.m2/repository/org/apache/curator/curator-framework/2.6.0/curator-framework-2.6.0.jar:/home/user/.m2/repository/com/jcraft/jsch/0.1.42/jsch-0.1.42.jar:/home/user/.m2/repository/org/apache/curator/curator-client/2.6.0/curator-client-2.6.0.jar:/home/user/.m2/repository/org/apache/curator/curator-recipes/2.6.0/curator-recipes-2.6.0.jar:/home/user/.m2/repository/com/google/code/findbugs/jsr305/1.3.9/jsr305-1.3.9.jar:/home/user/.m2/repository/org/htrace/htrace-core/3.0.4/htrace-core-3.0.4.jar:/home/user/.m2/repository/org/apache/zookeeper/zookeeper/3.4.6/zookeeper-3.4.6.jar:/home/user/.m2/repository/io/netty/netty/3.7.0.Final/netty-3.7.0.Final.jar:/home/user/.m2/repository/org/apache/commons/commons-compress/1.4.1/commons-compress-1.4.1.jar:/home/user/.m2/repository/org/tukaani/xz/1.0/xz-1.0.jar:/home/user/.m2/repository/io/dropwizard/metrics/metrics-jvm/3.2.5/metrics-jvm-3.2.5.jar:/home/user/.m2/repository/io/dropwizard/metrics/metrics-ganglia/3.2.5/metrics-ganglia-3.2.5.jar:/home/user/.m2/repository/info/ganglia/gmetric4j/gmetric4j/1.0.7/gmetric4j-1.0.7.jar:/workdir/ratis-server/target/test-classes:/workdir/ratis-netty/target/classes:/workdir/ratis-netty/target/test-classes:/workdir/ratis-grpc/target/classes:/workdir/ratis-grpc/target/test-classes:/home/user/.m2/repository/org/slf4j/slf4j-api/1.7.10/slf4j-api-1.7.10.jar:/home/user/.m2/repository/junit/junit/4.12/junit-4.12.jar:/home/user/.m2/repository/org/hamcrest/hamcrest-core/1.3/hamcrest-core-1.3.jar:/home/user/.m2/repository/org/mockito/mockito-all/1.8.5/mockito-all-1.8.5.jar:"/>
    <property name="java.vm.vendor" value="IcedTea"/>
    <property name="sun.arch.data.model" value="64"/>
    <property name="java.vendor.url" value="https://icedtea.classpath.org"/>
    <property name="user.timezone" value=""/>
    <property name="java.vm.specification.version" value="1.8"/>
    <property name="os.name" value="Linux"/>
    <property name="user.country" value="US"/>
    <property name="sun.java.launcher" value="SUN_STANDARD"/>
    <property name="sun.boot.library.path" value="/usr/lib/jvm/java-1.8-openjdk/jre/lib/amd64"/>
    <property name="sun.java.command" value="/workdir/ratis-test/target/surefire/surefirebooter1494422717155700044.jar /workdir/ratis-test/target/surefire 2019-09-26T09-43-41_827-jvmRun1 surefire1638514135225493061tmp surefire_333684043883969096993tmp"/>
    <property name="surefire.test.class.path" value="/workdir/ratis-test/target/test-classes:/workdir/ratis-test/target/classes:/workdir/ratis-common/target/classes:/home/user/.m2/repository/org/apache/ratis/ratis-thirdparty-misc/0.2.0/ratis-thirdparty-misc-0.2.0.jar:/workdir/ratis-proto/target/ratis-proto-0.5.0-SNAPSHOT.jar:/home/user/.m2/repository/org/slf4j/slf4j-log4j12/1.7.10/slf4j-log4j12-1.7.10.jar:/home/user/.m2/repository/log4j/log4j/1.2.17/log4j-1.2.17.jar:/workdir/ratis-common/target/test-classes:/workdir/ratis-client/target/classes:/workdir/ratis-server/target/classes:/workdir/ratis-metrics/target/classes:/home/user/.m2/repository/io/dropwizard/metrics/metrics-core/3.2.5/metrics-core-3.2.5.jar:/home/user/.m2/repository/com/github/joshelser/dropwizard-metrics-hadoop-metrics2-reporter/0.1.2/dropwizard-metrics-hadoop-metrics2-reporter-0.1.2.jar:/home/user/.m2/repository/org/apache/hadoop/hadoop-common/2.6.0/hadoop-common-2.6.0.jar:/home/user/.m2/repository/org/apache/hadoop/hadoop-annotations/2.6.0/hadoop-annotations-2.6.0.jar:/usr/lib/jvm/java-1.8-openjdk/jre/../lib/tools.jar:/home/user/.m2/repository/com/google/guava/guava/11.0.2/guava-11.0.2.jar:/home/user/.m2/repository/commons-cli/commons-cli/1.2/commons-cli-1.2.jar:/home/user/.m2/repository/org/apache/commons/commons-math3/3.1.1/commons-math3-3.1.1.jar:/home/user/.m2/repository/xmlenc/xmlenc/0.52/xmlenc-0.52.jar:/home/user/.m2/repository/commons-httpclient/commons-httpclient/3.1/commons-httpclient-3.1.jar:/home/user/.m2/repository/commons-codec/commons-codec/1.4/commons-codec-1.4.jar:/home/user/.m2/repository/commons-io/commons-io/2.4/commons-io-2.4.jar:/home/user/.m2/repository/commons-net/commons-net/3.1/commons-net-3.1.jar:/home/user/.m2/repository/commons-collections/commons-collections/3.2.1/commons-collections-3.2.1.jar:/home/user/.m2/repository/javax/servlet/servlet-api/2.5/servlet-api-2.5.jar:/home/user/.m2/repository/org/mortbay/jetty/jetty/6.1.26/jetty-6.1.26.jar:/home/user/.m2/repository/org/mortbay/jetty/jetty-util/6.1.26/jetty-util-6.1.26.jar:/home/user/.m2/repository/com/sun/jersey/jersey-core/1.9/jersey-core-1.9.jar:/home/user/.m2/repository/com/sun/jersey/jersey-json/1.9/jersey-json-1.9.jar:/home/user/.m2/repository/org/codehaus/jettison/jettison/1.1/jettison-1.1.jar:/home/user/.m2/repository/com/sun/xml/bind/jaxb-impl/2.2.3-1/jaxb-impl-2.2.3-1.jar:/home/user/.m2/repository/javax/xml/bind/jaxb-api/2.2.2/jaxb-api-2.2.2.jar:/home/user/.m2/repository/javax/xml/stream/stax-api/1.0-2/stax-api-1.0-2.jar:/home/user/.m2/repository/javax/activation/activation/1.1/activation-1.1.jar:/home/user/.m2/repository/org/codehaus/jackson/jackson-jaxrs/1.8.3/jackson-jaxrs-1.8.3.jar:/home/user/.m2/repository/org/codehaus/jackson/jackson-xc/1.8.3/jackson-xc-1.8.3.jar:/home/user/.m2/repository/com/sun/jersey/jersey-server/1.9/jersey-server-1.9.jar:/home/user/.m2/repository/asm/asm/3.1/asm-3.1.jar:/home/user/.m2/repository/tomcat/jasper-compiler/5.5.23/jasper-compiler-5.5.23.jar:/home/user/.m2/repository/tomcat/jasper-runtime/5.5.23/jasper-runtime-5.5.23.jar:/home/user/.m2/repository/javax/servlet/jsp/jsp-api/2.1/jsp-api-2.1.jar:/home/user/.m2/repository/commons-el/commons-el/1.0/commons-el-1.0.jar:/home/user/.m2/repository/commons-logging/commons-logging/1.1.3/commons-logging-1.1.3.jar:/home/user/.m2/repository/net/java/dev/jets3t/jets3t/0.9.0/jets3t-0.9.0.jar:/home/user/.m2/repository/org/apache/httpcomponents/httpclient/4.1.2/httpclient-4.1.2.jar:/home/user/.m2/repository/org/apache/httpcomponents/httpcore/4.1.2/httpcore-4.1.2.jar:/home/user/.m2/repository/com/jamesmurty/utils/java-xmlbuilder/0.4/java-xmlbuilder-0.4.jar:/home/user/.m2/repository/commons-lang/commons-lang/2.6/commons-lang-2.6.jar:/home/user/.m2/repository/commons-configuration/commons-configuration/1.6/commons-configuration-1.6.jar:/home/user/.m2/repository/commons-digester/commons-digester/1.8/commons-digester-1.8.jar:/home/user/.m2/repository/commons-beanutils/commons-beanutils/1.7.0/commons-beanutils-1.7.0.jar:/home/user/.m2/repository/commons-beanutils/commons-beanutils-core/1.8.0/commons-beanutils-core-1.8.0.jar:/home/user/.m2/repository/org/codehaus/jackson/jackson-core-asl/1.9.13/jackson-core-asl-1.9.13.jar:/home/user/.m2/repository/org/codehaus/jackson/jackson-mapper-asl/1.9.13/jackson-mapper-asl-1.9.13.jar:/home/user/.m2/repository/org/apache/avro/avro/1.7.4/avro-1.7.4.jar:/home/user/.m2/repository/com/thoughtworks/paranamer/paranamer/2.3/paranamer-2.3.jar:/home/user/.m2/repository/org/xerial/snappy/snappy-java/1.0.4.1/snappy-java-1.0.4.1.jar:/home/user/.m2/repository/com/google/protobuf/protobuf-java/2.5.0/protobuf-java-2.5.0.jar:/home/user/.m2/repository/com/google/code/gson/gson/2.2.4/gson-2.2.4.jar:/home/user/.m2/repository/org/apache/hadoop/hadoop-auth/2.6.0/hadoop-auth-2.6.0.jar:/home/user/.m2/repository/org/apache/directory/server/apacheds-kerberos-codec/2.0.0-M15/apacheds-kerberos-codec-2.0.0-M15.jar:/home/user/.m2/repository/org/apache/directory/server/apacheds-i18n/2.0.0-M15/apacheds-i18n-2.0.0-M15.jar:/home/user/.m2/repository/org/apache/directory/api/api-asn1-api/1.0.0-M20/api-asn1-api-1.0.0-M20.jar:/home/user/.m2/repository/org/apache/directory/api/api-util/1.0.0-M20/api-util-1.0.0-M20.jar:/home/user/.m2/repository/org/apache/curator/curator-framework/2.6.0/curator-framework-2.6.0.jar:/home/user/.m2/repository/com/jcraft/jsch/0.1.42/jsch-0.1.42.jar:/home/user/.m2/repository/org/apache/curator/curator-client/2.6.0/curator-client-2.6.0.jar:/home/user/.m2/repository/org/apache/curator/curator-recipes/2.6.0/curator-recipes-2.6.0.jar:/home/user/.m2/repository/com/google/code/findbugs/jsr305/1.3.9/jsr305-1.3.9.jar:/home/user/.m2/repository/org/htrace/htrace-core/3.0.4/htrace-core-3.0.4.jar:/home/user/.m2/repository/org/apache/zookeeper/zookeeper/3.4.6/zookeeper-3.4.6.jar:/home/user/.m2/repository/io/netty/netty/3.7.0.Final/netty-3.7.0.Final.jar:/home/user/.m2/repository/org/apache/commons/commons-compress/1.4.1/commons-compress-1.4.1.jar:/home/user/.m2/repository/org/tukaani/xz/1.0/xz-1.0.jar:/home/user/.m2/repository/io/dropwizard/metrics/metrics-jvm/3.2.5/metrics-jvm-3.2.5.jar:/home/user/.m2/repository/io/dropwizard/metrics/metrics-ganglia/3.2.5/metrics-ganglia-3.2.5.jar:/home/user/.m2/repository/info/ganglia/gmetric4j/gmetric4j/1.0.7/gmetric4j-1.0.7.jar:/workdir/ratis-server/target/test-classes:/workdir/ratis-netty/target/classes:/workdir/ratis-netty/target/test-classes:/workdir/ratis-grpc/target/classes:/workdir/ratis-grpc/target/test-classes:/home/user/.m2/repository/org/slf4j/slf4j-api/1.7.10/slf4j-api-1.7.10.jar:/home/user/.m2/repository/junit/junit/4.12/junit-4.12.jar:/home/user/.m2/repository/org/hamcrest/hamcrest-core/1.3/hamcrest-core-1.3.jar:/home/user/.m2/repository/org/mockito/mockito-all/1.8.5/mockito-all-1.8.5.jar:"/>
    <property name="sun.cpu.endian" value="little"/>
    <property name="user.home" value="/home/user"/>
    <property name="user.language" value="en"/>
    <property name="java.specification.vendor" value="Oracle Corporation"/>
    <property name="java.home" value="/usr/lib/jvm/java-1.8-openjdk/jre"/>
    <property name="basedir" value="/workdir/ratis-test"/>
    <property name="file.separator" value="/"/>
    <property name="line.separator" value="&#10;"/>
    <property name="java.vm.specification.vendor" value="Oracle Corporation"/>
    <property name="java.specification.name" value="Java Platform API Specification"/>
    <property name="java.awt.graphicsenv" value="sun.awt.X11GraphicsEnvironment"/>
    <property name="surefire.real.class.path" value="/workdir/ratis-test/target/surefire/surefirebooter1494422717155700044.jar"/>
    <property name="sun.boot.class.path" value="/usr/lib/jvm/java-1.8-openjdk/jre/lib/resources.jar:/usr/lib/jvm/java-1.8-openjdk/jre/lib/rt.jar:/usr/lib/jvm/java-1.8-openjdk/jre/lib/sunrsasign.jar:/usr/lib/jvm/java-1.8-openjdk/jre/lib/jsse.jar:/usr/lib/jvm/java-1.8-openjdk/jre/lib/jce.jar:/usr/lib/jvm/java-1.8-openjdk/jre/lib/charsets.jar:/usr/lib/jvm/java-1.8-openjdk/jre/lib/jfr.jar:/usr/lib/jvm/java-1.8-openjdk/jre/classes"/>
    <property name="sun.management.compiler" value="HotSpot 64-Bit Tiered Compilers"/>
    <property name="java.runtime.version" value="1.8.0_212-b04"/>
    <property name="java.net.preferIPv4Stack" value="true"/>
    <property name="user.name" value="jenkins1000"/>
    <property name="path.separator" value=":"/>
    <property name="os.version" value="3.10.0-957.12.2.el7.x86_64"/>
    <property name="java.endorsed.dirs" value="/usr/lib/jvm/java-1.8-openjdk/jre/lib/endorsed"/>
    <property name="java.runtime.name" value="OpenJDK Runtime Environment"/>
    <property name="file.encoding" value="UTF-8"/>
    <property name="java.vm.name" value="OpenJDK 64-Bit Server VM"/>
    <property name="localRepository" value="/home/user/.m2/repository"/>
    <property name="java.vendor.url.bug" value="https://icedtea.classpath.org/bugzilla"/>
    <property name="java.io.tmpdir" value="/tmp"/>
    <property name="java.version" value="1.8.0_212"/>
    <property name="user.dir" value="/workdir/ratis-test"/>
    <property name="os.arch" value="amd64"/>
    <property name="ratis.tmp.dir" value="/workdir/ratis-test/target/tmp"/>
    <property name="java.vm.specification.name" value="Java Virtual Machine Specification"/>
    <property name="java.awt.printerjob" value="sun.print.PSPrinterJob"/>
    <property name="ratis.log.dir" value="/workdir/ratis-test/target/log"/>
    <property name="sun.os.patch.level" value="unknown"/>
    <property name="java.library.path" value="/usr/lib/jvm/java-1.8-openjdk/jre/lib/amd64/server:/usr/lib/jvm/java-1.8-openjdk/jre/lib/amd64:/usr/lib/jvm/java-1.8-openjdk/jre/../lib/amd64:/usr/java/packages/lib/amd64:/usr/lib64:/lib64:/lib:/usr/lib"/>
    <property name="java.vm.info" value="mixed mode"/>
    <property name="java.vendor" value="IcedTea"/>
    <property name="java.vm.version" value="25.212-b04"/>
    <property name="java.ext.dirs" value="/usr/lib/jvm/java-1.8-openjdk/jre/lib/ext:/usr/java/packages/lib/ext"/>
    <property name="sun.io.unicode.encoding" value="UnicodeLittle"/>
    <property name="java.class.version" value="52.0"/>
  </properties>
  <testcase name="testRestartPeer" classname="org.apache.ratis.server.simulation.TestRaftSnapshotWithSimulatedRpc" time="2.995"/>
  <testcase name="testBasicInstallSnapshot" classname="org.apache.ratis.server.simulation.TestRaftSnapshotWithSimulatedRpc" time="3.942">
    <failure message="expected:&lt;45&gt; but was:&lt;46&gt;" type="java.lang.AssertionError"><![CDATA[java.lang.AssertionError: expected:<45> but was:<46>
]]></failure>
    <system-out><![CDATA[2019-09-26 09:52:25,705 INFO  util.LogUtils (LogUtils.java:setLogLevel(41)) - Set org.apache.ratis.conf.ConfUtils log level to WARN
2019-09-26 09:52:25,705 INFO  util.LogUtils (LogUtils.java:setLogLevel(41)) - Set org.apache.ratis.util.FileUtils log level to TRACE
2019-09-26 09:52:25,706 INFO  util.LogUtils (LogUtils.java:setLogLevel(41)) - Set org.apache.ratis.server.impl.RaftServerImpl log level to DEBUG
2019-09-26 09:52:25,706 INFO  util.LogUtils (LogUtils.java:setLogLevel(41)) - Set org.apache.ratis.server.raftlog.RaftLog log level to DEBUG
2019-09-26 09:52:25,706 INFO  util.LogUtils (LogUtils.java:setLogLevel(41)) - Set org.apache.ratis.client.RaftClient log level to DEBUG
2019-09-26 09:52:25,707 INFO  simulation.MiniRaftClusterWithSimulatedRpc (ConfUtils.java:logGet(43)) - org.apache.ratis.server.simulation.SimulatedRequestReply.simulateLatencyMs = 150 (default)
2019-09-26 09:52:25,708 INFO  ratis.MiniRaftCluster (MiniRaftCluster.java:<init>(253)) - new MiniRaftClusterWithSimulatedRpc with group-FA65EA2C2EF8:[s0:0.0.0.0:33585]
2019-09-26 09:52:25,708 INFO  ratis.MiniRaftCluster (MiniRaftCluster.java:start(287)) - .............................................................. 
2019-09-26 09:52:25,708 INFO  ratis.MiniRaftCluster (MiniRaftCluster.java:start(288)) - ... 
2019-09-26 09:52:25,708 INFO  ratis.MiniRaftCluster (MiniRaftCluster.java:start(289)) - ...     Starting MiniRaftClusterWithSimulatedRpc
2019-09-26 09:52:25,708 INFO  ratis.MiniRaftCluster (MiniRaftCluster.java:start(290)) - ... 
2019-09-26 09:52:25,709 INFO  ratis.MiniRaftCluster (MiniRaftCluster.java:start(291)) - .............................................................. 
2019-09-26 09:52:25,709 INFO  ratis.MiniRaftCluster (MiniRaftCluster.java:initServers(265)) - servers = {}
2019-09-26 09:52:25,709 INFO  ratis.MiniRaftCluster (MiniRaftCluster.java:newRaftServer(330)) - newRaftServer: s0, group-FA65EA2C2EF8:[s0:0.0.0.0:33585], format? true
2019-09-26 09:52:25,709 TRACE util.FileUtils (FileUtils.java:deleteFully(88)) - deleteFully target/test/data/26da4377/MiniRaftClusterWithSimulatedRpc85ae44e/s0
2019-09-26 09:52:25,709 TRACE util.FileUtils (FileUtils.java:deleteFully(104)) - deleteFully: target/test/data/26da4377/MiniRaftClusterWithSimulatedRpc85ae44e/s0 does not exist.
2019-09-26 09:52:25,709 INFO  ratis.MiniRaftCluster (MiniRaftCluster.java:newRaftServer(335)) - Formatted directory target/test/data/26da4377/MiniRaftClusterWithSimulatedRpc85ae44e/s0
2019-09-26 09:52:25,710 INFO  impl.RaftServerProxy (ConfUtils.java:logGet(43)) - raft.rpc.type = org.apache.ratis.server.simulation.SimulatedRpc (custom)
2019-09-26 09:52:25,710 INFO  server.RaftServerConfigKeys (ConfUtils.java:logGet(43)) - raft.server.storage.dir = [/workdir/ratis-test/target/test/data/26da4377/MiniRaftClusterWithSimulatedRpc85ae44e/s0] (custom)
2019-09-26 09:52:25,711 INFO  impl.RaftServerProxy (RaftServerProxy.java:addNew(89)) - s0: addNew group-FA65EA2C2EF8:[s0:0.0.0.0:33585] returns group-FA65EA2C2EF8:java.util.concurrent.CompletableFuture@42544458[Not completed]
2019-09-26 09:52:25,711 INFO  server.RaftServerConfigKeys (ConfUtils.java:logGet(43)) - raft.server.log.segment.size.max = 8MB (=8388608) (default)
2019-09-26 09:52:25,711 INFO  server.RaftServerConfigKeys (ConfUtils.java:logGet(43)) - raft.server.log.preallocated.size = 4MB (=4194304) (default)
2019-09-26 09:52:25,712 INFO  server.RaftServerConfigKeys (ConfUtils.java:logGet(43)) - raft.server.log.write.buffer.size = 64KB (=65536) (default)
2019-09-26 09:52:25,712 INFO  impl.RaftServerImpl (RaftServerImpl.java:<init>(95)) - s0: new RaftServerImpl for group-FA65EA2C2EF8:[s0:0.0.0.0:33585] with SimpleStateMachine4Testing:uninitialized
2019-09-26 09:52:25,712 INFO  server.RaftServerConfigKeys (ConfUtils.java:logGet(43)) - raft.server.rpc.timeout.min = 150ms (default)
2019-09-26 09:52:25,712 INFO  server.RaftServerConfigKeys (ConfUtils.java:logGet(43)) - raft.server.rpc.timeout.max = 300ms (default)
2019-09-26 09:52:25,712 INFO  server.RaftServerConfigKeys (ConfUtils.java:logGet(43)) - raft.server.rpcslowness.timeout = 60s (default)
2019-09-26 09:52:25,713 INFO  server.RaftServerConfigKeys (ConfUtils.java:logGet(43)) - raft.server.sleep.deviation.threshold = 300 (default)
2019-09-26 09:52:25,713 INFO  server.RaftServerConfigKeys (ConfUtils.java:logGet(43)) - raft.server.log.appender.install.snapshot.enabled = true (default)
2019-09-26 09:52:25,713 INFO  impl.RaftServerImpl (ServerState.java:<init>(103)) - s0@group-FA65EA2C2EF8: ConfigurationManager, init=-1: [s0:0.0.0.0:33585], old=null, confs=<EMPTY_MAP>
2019-09-26 09:52:25,713 INFO  server.RaftServerConfigKeys (ConfUtils.java:logGet(43)) - raft.server.storage.dir = [/workdir/ratis-test/target/test/data/26da4377/MiniRaftClusterWithSimulatedRpc85ae44e/s0] (custom)
2019-09-26 09:52:25,714 INFO  server.RaftServerConfigKeys (ConfUtils.java:logGet(43)) - raft.server.log.corruption.policy = EXCEPTION (default)
2019-09-26 09:52:25,714 INFO  storage.RaftStorageDirectory (RaftStorageDirectory.java:analyzeStorage(246)) - The storage directory /workdir/ratis-test/target/test/data/26da4377/MiniRaftClusterWithSimulatedRpc85ae44e/s0/9ff5c29b-a5ac-4e50-a35e-fa65ea2c2ef8 does not exist. Creating ...
2019-09-26 09:52:25,715 TRACE util.FileUtils (LogUtils.java:runAndLog(61)) - Successfully ran Files.createDirectories /workdir/ratis-test/target/test/data/26da4377/MiniRaftClusterWithSimulatedRpc85ae44e/s0/9ff5c29b-a5ac-4e50-a35e-fa65ea2c2ef8
2019-09-26 09:52:25,728 INFO  storage.RaftStorageDirectory (RaftStorageDirectory.java:tryLock(328)) - Lock on /workdir/ratis-test/target/test/data/26da4377/MiniRaftClusterWithSimulatedRpc85ae44e/s0/9ff5c29b-a5ac-4e50-a35e-fa65ea2c2ef8/in_use.lock acquired by nodename 5614@ratis-test-kn96w-682825239
2019-09-26 09:52:25,729 TRACE util.FileUtils (LogUtils.java:runAndLog(61)) - Successfully ran Files.createDirectories /workdir/ratis-test/target/test/data/26da4377/MiniRaftClusterWithSimulatedRpc85ae44e/s0/9ff5c29b-a5ac-4e50-a35e-fa65ea2c2ef8/current
2019-09-26 09:52:25,729 TRACE util.FileUtils (LogUtils.java:runAndLog(61)) - Successfully ran Files.createDirectories /workdir/ratis-test/target/test/data/26da4377/MiniRaftClusterWithSimulatedRpc85ae44e/s0/9ff5c29b-a5ac-4e50-a35e-fa65ea2c2ef8/sm
2019-09-26 09:52:25,742 INFO  storage.RaftStorage (RaftStorage.java:format(84)) - Storage directory /workdir/ratis-test/target/test/data/26da4377/MiniRaftClusterWithSimulatedRpc85ae44e/s0/9ff5c29b-a5ac-4e50-a35e-fa65ea2c2ef8 has been successfully formatted.
2019-09-26 09:52:25,743 INFO  statemachine.SimpleStateMachine4Testing (SimpleStateMachine4Testing.java:initialize(206)) - Initializing SimpleStateMachine4Testing:uninitialized
2019-09-26 09:52:25,743 INFO  statemachine.SimpleStateMachine4Testing (SimpleStateMachine4Testing.java:loadSnapshot(296)) - The snapshot file null does not exist
2019-09-26 09:52:25,743 INFO  server.RaftServerConfigKeys (ConfUtils.java:logGet(43)) - raft.server.notification.no-leader.timeout = 60s (default)
2019-09-26 09:52:25,743 INFO  server.RaftServerConfigKeys (ConfUtils.java:logGet(43)) - raft.server.log.use.memory = false (default)
2019-09-26 09:52:25,744 INFO  server.RaftServerConfigKeys (ConfUtils.java:logGet(43)) - raft.server.log.purge.gap = 1024 (default)
2019-09-26 09:52:25,744 INFO  server.RaftServerConfigKeys (ConfUtils.java:logGet(43)) - raft.server.log.appender.buffer.byte-limit = 4MB (=4194304) (default)
2019-09-26 09:52:25,744 INFO  server.RaftServerConfigKeys (ConfUtils.java:logGet(43)) - raft.server.log.segment.size.max = 8MB (=8388608) (default)
2019-09-26 09:52:25,744 INFO  server.RaftServerConfigKeys (ConfUtils.java:logGet(43)) - raft.server.log.segment.cache.num.max = 6 (default)
2019-09-26 09:52:25,744 INFO  segmented.SegmentedRaftLogWorker (SegmentedRaftLogWorker.java:<init>(172)) - new s0@group-FA65EA2C2EF8-SegmentedRaftLogWorker for RaftStorage:Storage Directory /workdir/ratis-test/target/test/data/26da4377/MiniRaftClusterWithSimulatedRpc85ae44e/s0/9ff5c29b-a5ac-4e50-a35e-fa65ea2c2ef8
2019-09-26 09:52:25,745 INFO  server.RaftServerConfigKeys (ConfUtils.java:logGet(43)) - raft.server.log.queue.byte-limit = 64MB (=67108864) (default)
2019-09-26 09:52:25,745 INFO  server.RaftServerConfigKeys (ConfUtils.java:logGet(43)) - raft.server.log.queue.element-limit = 4096 (default)
2019-09-26 09:52:25,745 INFO  server.RaftServerConfigKeys (ConfUtils.java:logGet(43)) - raft.server.log.segment.size.max = 8MB (=8388608) (default)
2019-09-26 09:52:25,745 INFO  server.RaftServerConfigKeys (ConfUtils.java:logGet(43)) - raft.server.log.preallocated.size = 4MB (=4194304) (default)
2019-09-26 09:52:25,745 INFO  server.RaftServerConfigKeys (ConfUtils.java:logGet(43)) - raft.server.log.write.buffer.size = 64KB (=65536) (default)
2019-09-26 09:52:25,746 INFO  server.RaftServerConfigKeys (ConfUtils.java:logGet(43)) - raft.server.log.force.sync.num = 128 (default)
2019-09-26 09:52:25,746 INFO  server.RaftServerConfigKeys (ConfUtils.java:logGet(43)) - raft.server.log.statemachine.data.sync = true (default)
2019-09-26 09:52:25,746 INFO  server.RaftServerConfigKeys (ConfUtils.java:logGet(43)) - raft.server.log.statemachine.data.sync.timeout = 10s (default)
2019-09-26 09:52:25,746 INFO  server.RaftServerConfigKeys (ConfUtils.java:logGet(43)) - raft.server.log.statemachine.data.sync.timeout.retry = -1 (default)
2019-09-26 09:52:25,746 INFO  server.RaftServerConfigKeys (ConfUtils.java:logGet(43)) - raft.server.log.statemachine.data.caching.enabled = false (default)
2019-09-26 09:52:25,747 INFO  segmented.SegmentedRaftLogWorker (SegmentedRaftLogWorker.java:lambda$new$0(132)) - s0@group-FA65EA2C2EF8-SegmentedRaftLogWorker: flushIndex: setUnconditionally 0 -> -1
2019-09-26 09:52:25,747 INFO  server.RaftServerConfigKeys (ConfUtils.java:logGet(43)) - raft.server.snapshot.auto.trigger.enabled = true (custom)
2019-09-26 09:52:25,747 INFO  server.RaftServerConfigKeys (ConfUtils.java:logGet(43)) - raft.server.snapshot.auto.trigger.threshold = 10 (custom)
2019-09-26 09:52:25,748 INFO  server.RaftServerConfigKeys (ConfUtils.java:logGet(43)) - raft.server.snapshot.retention.file.num = -1 (default)
2019-09-26 09:52:25,748 INFO  server.RaftServerConfigKeys (ConfUtils.java:logGet(43)) - raft.server.retrycache.expirytime = 60s (default)
2019-09-26 09:52:25,754 INFO  impl.RaftServerImpl (RaftServerImpl.java:start(181)) - s0@group-FA65EA2C2EF8: start as a follower, conf=-1: [s0:0.0.0.0:33585], old=null
2019-09-26 09:52:25,754 INFO  impl.RaftServerImpl (RaftServerImpl.java:setRole(170)) - s0@group-FA65EA2C2EF8: changes role from      null to FOLLOWER at term 0 for startAsFollower
2019-09-26 09:52:25,755 INFO  impl.RoleInfo (RoleInfo.java:updateAndGet(143)) - s0: start FollowerState
2019-09-26 09:52:25,755 INFO  util.JmxRegister (JmxRegister.java:tryRegister(44)) - Successfully registered JMX Bean with object name Ratis:service=RaftServer,group=group-FA65EA2C2EF8,id=s0
2019-09-26 09:52:25,762 INFO  impl.RaftServerProxy (RaftServerProxy.java:lambda$start$3(299)) - s0: start RPC server
2019-09-26 09:52:25,763 INFO  server.RaftServerConfigKeys (ConfUtils.java:logGet(43)) - raft.server.rpc.timeout.max = 300ms (default)
2019-09-26 09:52:25,764 INFO  ratis.RaftTestUtil (RaftTestUtil.java:waitForLeader(86)) - printing ALL groups
  s0:  RUNNING  FOLLOWER s0@group-FA65EA2C2EF8:t0, leader=null, voted=null, raftlog=s0@group-FA65EA2C2EF8-SegmentedRaftLog:OPENED:c-1,f-1,i0, conf=-1: [s0:0.0.0.0:33585], old=null RUNNING
2019-09-26 09:52:25,764 WARN  ratis.RaftTestUtil (JavaUtils.java:attempt(158)) - FAILED "waitForLeader-null-(expectLeader? true)", attempt #1/100: java.lang.IllegalStateException: No leader yet : printing ALL groups
  s0:  RUNNING  FOLLOWER s0@group-FA65EA2C2EF8:t0, leader=null, voted=null, raftlog=s0@group-FA65EA2C2EF8-SegmentedRaftLog:OPENED:c-1,f-1,i0, conf=-1: [s0:0.0.0.0:33585], old=null RUNNING, sleep 450ms and then retry.
java.lang.IllegalStateException: No leader yet : printing ALL groups
  s0:  RUNNING  FOLLOWER s0@group-FA65EA2C2EF8:t0, leader=null, voted=null, raftlog=s0@group-FA65EA2C2EF8-SegmentedRaftLog:OPENED:c-1,f-1,i0, conf=-1: [s0:0.0.0.0:33585], old=null RUNNING
	at org.apache.ratis.MiniRaftCluster.newIllegalStateExceptionForNoLeaders(MiniRaftCluster.java:506)
	at org.apache.ratis.RaftTestUtil.lambda$waitForLeader$1(RaftTestUtil.java:90)
	at org.apache.ratis.MiniRaftCluster.getLeader(MiniRaftCluster.java:539)
	at org.apache.ratis.MiniRaftCluster.getLeader(MiniRaftCluster.java:532)
	at org.apache.ratis.RaftTestUtil.lambda$waitForLeader$3(RaftTestUtil.java:98)
	at org.apache.ratis.util.JavaUtils.attempt(JavaUtils.java:152)
	at org.apache.ratis.RaftTestUtil.waitForLeader(RaftTestUtil.java:97)
	at org.apache.ratis.RaftTestUtil.waitForLeader(RaftTestUtil.java:77)
	at org.apache.ratis.RaftTestUtil.waitForLeader(RaftTestUtil.java:72)
	at org.apache.ratis.statemachine.RaftSnapshotBaseTest.testBasicInstallSnapshot(RaftSnapshotBaseTest.java:170)
	at sun.reflect.NativeMethodAccessorImpl.invoke0(Native Method)
	at sun.reflect.NativeMethodAccessorImpl.invoke(NativeMethodAccessorImpl.java:62)
	at sun.reflect.DelegatingMethodAccessorImpl.invoke(DelegatingMethodAccessorImpl.java:43)
	at java.lang.reflect.Method.invoke(Method.java:498)
	at org.junit.runners.model.FrameworkMethod$1.runReflectiveCall(FrameworkMethod.java:50)
	at org.junit.internal.runners.model.ReflectiveCallable.run(ReflectiveCallable.java:12)
	at org.junit.runners.model.FrameworkMethod.invokeExplosively(FrameworkMethod.java:47)
	at org.junit.internal.runners.statements.InvokeMethod.evaluate(InvokeMethod.java:17)
	at org.junit.internal.runners.statements.RunBefores.evaluate(RunBefores.java:26)
	at org.junit.internal.runners.statements.RunAfters.evaluate(RunAfters.java:27)
	at org.junit.internal.runners.statements.FailOnTimeout$CallableStatement.call(FailOnTimeout.java:298)
	at org.junit.internal.runners.statements.FailOnTimeout$CallableStatement.call(FailOnTimeout.java:292)
	at java.util.concurrent.FutureTask.run(FutureTask.java:266)
	at java.lang.Thread.run(Thread.java:748)
2019-09-26 09:52:25,980 INFO  impl.FollowerState (FollowerState.java:run(108)) - s0@group-FA65EA2C2EF8-FollowerState: change to CANDIDATE, lastRpcTime:225ms, electionTimeout:225ms
2019-09-26 09:52:25,981 INFO  impl.RoleInfo (RoleInfo.java:shutdownFollowerState(121)) - s0: shutdown FollowerState
2019-09-26 09:52:25,981 INFO  impl.RaftServerImpl (RaftServerImpl.java:setRole(170)) - s0@group-FA65EA2C2EF8: changes role from  FOLLOWER to CANDIDATE at term 0 for changeToCandidate
2019-09-26 09:52:25,981 INFO  impl.RoleInfo (RoleInfo.java:updateAndGet(143)) - s0: start LeaderElection
2019-09-26 09:52:26,017 INFO  impl.LeaderElection (LeaderElection.java:askForVotes(178)) - s0@group-FA65EA2C2EF8-LeaderElection3: begin an election at term 1 for -1: [s0:0.0.0.0:33585], old=null
2019-09-26 09:52:26,018 INFO  impl.RoleInfo (RoleInfo.java:shutdownLeaderElection(134)) - s0: shutdown LeaderElection
2019-09-26 09:52:26,018 INFO  impl.RaftServerImpl (RaftServerImpl.java:setRole(170)) - s0@group-FA65EA2C2EF8: changes role from CANDIDATE to LEADER at term 1 for changeToLeader
2019-09-26 09:52:26,018 INFO  impl.RaftServerImpl (ServerState.java:setLeader(254)) - s0@group-FA65EA2C2EF8: change Leader from null to s0 at term 1 for becomeLeader, leader elected after 275ms
2019-09-26 09:52:26,019 INFO  server.RaftServerConfigKeys (ConfUtils.java:logGet(43)) - raft.server.staging.catchup.gap = 1000 (default)
2019-09-26 09:52:26,019 INFO  server.RaftServerConfigKeys (ConfUtils.java:logGet(43)) - raft.server.rpc.sleep.time = 25ms (default)
2019-09-26 09:52:26,019 INFO  server.RaftServerConfigKeys (ConfUtils.java:logGet(43)) - raft.server.write.element-limit = 4096 (default)
2019-09-26 09:52:26,020 INFO  server.RaftServerConfigKeys (ConfUtils.java:logGet(43)) - raft.server.watch.timeout = 10s (default)
2019-09-26 09:52:26,020 INFO  server.RaftServerConfigKeys (ConfUtils.java:logGet(43)) - raft.server.watch.timeout.denomination = 1s (default)
2019-09-26 09:52:26,020 INFO  server.RaftServerConfigKeys (ConfUtils.java:logGet(43)) - raft.server.watch.element-limit = 65536 (default)
2019-09-26 09:52:26,027 INFO  impl.RoleInfo (RoleInfo.java:updateAndGet(143)) - s0: start LeaderState
2019-09-26 09:52:26,028 DEBUG raftlog.RaftLog (SegmentedRaftLog.java:appendImpl(425)) - truncateIndex=-1, arrayIndex=0
2019-09-26 09:52:26,028 INFO  segmented.SegmentedRaftLogWorker (SegmentedRaftLogWorker.java:startLogSegment(380)) - s0@group-FA65EA2C2EF8-SegmentedRaftLogWorker: Starting segment from index:0
2019-09-26 09:52:26,029 INFO  impl.RaftServerImpl (ServerState.java:setRaftConf(355)) - s0@group-FA65EA2C2EF8: set configuration 0: [s0:0.0.0.0:33585], old=null at 0
2019-09-26 09:52:26,131 INFO  segmented.SegmentedRaftLogWorker (SegmentedRaftLogWorker.java:execute(569)) - s0@group-FA65EA2C2EF8-SegmentedRaftLogWorker: created new log segment /workdir/ratis-test/target/test/data/26da4377/MiniRaftClusterWithSimulatedRpc85ae44e/s0/9ff5c29b-a5ac-4e50-a35e-fa65ea2c2ef8/current/log_inprogress_0
2019-09-26 09:52:26,215 INFO  ratis.RaftTestUtil (RaftTestUtil.java:waitForLeader(101)) - printing ALL groups
  s0:  RUNNING    LEADER s0@group-FA65EA2C2EF8:t1, leader=s0, voted=s0, raftlog=s0@group-FA65EA2C2EF8-SegmentedRaftLog:OPENED:c0,f0,i0, conf=0: [s0:0.0.0.0:33585], old=null RUNNING
2019-09-26 09:52:26,216 DEBUG client.RaftClient (ConfUtils.java:logGet(43)) - raft.rpc.type = org.apache.ratis.server.simulation.SimulatedRpc (custom)
2019-09-26 09:52:26,217 DEBUG client.RaftClient (RaftClientImpl.java:sendRequest(275)) - client-699BE9809FE4: send RaftClientRequest:client-699BE9809FE4->s0@group-FA65EA2C2EF8, cid=19, seq=0, RW, m0
2019-09-26 09:52:26,217 DEBUG impl.RaftServerImpl (RaftServerImpl.java:submitClientRequestAsync(533)) - s0@group-FA65EA2C2EF8: receive client request(RaftClientRequest:client-699BE9809FE4->s0@group-FA65EA2C2EF8, cid=19, seq=0, RW, m0)
2019-09-26 09:52:26,218 DEBUG impl.RaftServerImpl (LeaderState.java:addPendingRequest(317)) - s0@group-FA65EA2C2EF8-LeaderState: addPendingRequest at RaftClientRequest:client-699BE9809FE4->s0@group-FA65EA2C2EF8, cid=19, seq=0, RW, m0, entry=(t:1, i:1), STATEMACHINELOGENTRY, client-699BE9809FE4, cid=19
2019-09-26 09:52:26,237 INFO  statemachine.SimpleStateMachine4Testing (SimpleStateMachine4Testing.java:put(198)) - s0: put 1, m0 -> (t:1, i:1), STATEMACHINELOGENTRY, client-699BE9809FE4, cid=19
2019-09-26 09:52:26,252 DEBUG client.RaftClient (RaftClientImpl.java:sendRequest(285)) - client-699BE9809FE4: receive RaftClientReply:client-699BE9809FE4->s0@group-FA65EA2C2EF8, cid=19, SUCCESS, logIndex=1, commits[s0:c1]
2019-09-26 09:52:26,253 DEBUG client.RaftClient (RaftClientImpl.java:sendRequest(275)) - client-699BE9809FE4: send RaftClientRequest:client-699BE9809FE4->s0@group-FA65EA2C2EF8, cid=20, seq=0, RW, m1
2019-09-26 09:52:26,253 DEBUG impl.RaftServerImpl (RaftServerImpl.java:submitClientRequestAsync(533)) - s0@group-FA65EA2C2EF8: receive client request(RaftClientRequest:client-699BE9809FE4->s0@group-FA65EA2C2EF8, cid=20, seq=0, RW, m1)
2019-09-26 09:52:26,254 DEBUG impl.RaftServerImpl (LeaderState.java:addPendingRequest(317)) - s0@group-FA65EA2C2EF8-LeaderState: addPendingRequest at RaftClientRequest:client-699BE9809FE4->s0@group-FA65EA2C2EF8, cid=20, seq=0, RW, m1, entry=(t:1, i:3), STATEMACHINELOGENTRY, client-699BE9809FE4, cid=20
2019-09-26 09:52:26,256 INFO  statemachine.SimpleStateMachine4Testing (SimpleStateMachine4Testing.java:put(198)) - s0: put 3, m1 -> (t:1, i:3), STATEMACHINELOGENTRY, client-699BE9809FE4, cid=20
2019-09-26 09:52:26,270 DEBUG client.RaftClient (RaftClientImpl.java:sendRequest(285)) - client-699BE9809FE4: receive RaftClientReply:client-699BE9809FE4->s0@group-FA65EA2C2EF8, cid=20, SUCCESS, logIndex=3, commits[s0:c3]
2019-09-26 09:52:26,271 DEBUG client.RaftClient (RaftClientImpl.java:sendRequest(275)) - client-699BE9809FE4: send RaftClientRequest:client-699BE9809FE4->s0@group-FA65EA2C2EF8, cid=21, seq=0, RW, m2
2019-09-26 09:52:26,271 DEBUG impl.RaftServerImpl (RaftServerImpl.java:submitClientRequestAsync(533)) - s0@group-FA65EA2C2EF8: receive client request(RaftClientRequest:client-699BE9809FE4->s0@group-FA65EA2C2EF8, cid=21, seq=0, RW, m2)
2019-09-26 09:52:26,272 DEBUG impl.RaftServerImpl (LeaderState.java:addPendingRequest(317)) - s0@group-FA65EA2C2EF8-LeaderState: addPendingRequest at RaftClientRequest:client-699BE9809FE4->s0@group-FA65EA2C2EF8, cid=21, seq=0, RW, m2, entry=(t:1, i:5), STATEMACHINELOGENTRY, client-699BE9809FE4, cid=21
2019-09-26 09:52:26,283 INFO  statemachine.SimpleStateMachine4Testing (SimpleStateMachine4Testing.java:put(198)) - s0: put 5, m2 -> (t:1, i:5), STATEMACHINELOGENTRY, client-699BE9809FE4, cid=21
2019-09-26 09:52:26,294 DEBUG client.RaftClient (RaftClientImpl.java:sendRequest(285)) - client-699BE9809FE4: receive RaftClientReply:client-699BE9809FE4->s0@group-FA65EA2C2EF8, cid=21, SUCCESS, logIndex=5, commits[s0:c5]
2019-09-26 09:52:26,294 DEBUG client.RaftClient (RaftClientImpl.java:sendRequest(275)) - client-699BE9809FE4: send RaftClientRequest:client-699BE9809FE4->s0@group-FA65EA2C2EF8, cid=22, seq=0, RW, m3
2019-09-26 09:52:26,295 DEBUG impl.RaftServerImpl (RaftServerImpl.java:submitClientRequestAsync(533)) - s0@group-FA65EA2C2EF8: receive client request(RaftClientRequest:client-699BE9809FE4->s0@group-FA65EA2C2EF8, cid=22, seq=0, RW, m3)
2019-09-26 09:52:26,296 DEBUG impl.RaftServerImpl (LeaderState.java:addPendingRequest(317)) - s0@group-FA65EA2C2EF8-LeaderState: addPendingRequest at RaftClientRequest:client-699BE9809FE4->s0@group-FA65EA2C2EF8, cid=22, seq=0, RW, m3, entry=(t:1, i:7), STATEMACHINELOGENTRY, client-699BE9809FE4, cid=22
2019-09-26 09:52:26,297 INFO  statemachine.SimpleStateMachine4Testing (SimpleStateMachine4Testing.java:put(198)) - s0: put 7, m3 -> (t:1, i:7), STATEMACHINELOGENTRY, client-699BE9809FE4, cid=22
2019-09-26 09:52:26,315 DEBUG client.RaftClient (RaftClientImpl.java:sendRequest(285)) - client-699BE9809FE4: receive RaftClientReply:client-699BE9809FE4->s0@group-FA65EA2C2EF8, cid=22, SUCCESS, logIndex=7, commits[s0:c7]
2019-09-26 09:52:26,316 DEBUG client.RaftClient (RaftClientImpl.java:sendRequest(275)) - client-699BE9809FE4: send RaftClientRequest:client-699BE9809FE4->s0@group-FA65EA2C2EF8, cid=23, seq=0, RW, m4
2019-09-26 09:52:26,316 DEBUG impl.RaftServerImpl (RaftServerImpl.java:submitClientRequestAsync(533)) - s0@group-FA65EA2C2EF8: receive client request(RaftClientRequest:client-699BE9809FE4->s0@group-FA65EA2C2EF8, cid=23, seq=0, RW, m4)
2019-09-26 09:52:26,317 DEBUG impl.RaftServerImpl (LeaderState.java:addPendingRequest(317)) - s0@group-FA65EA2C2EF8-LeaderState: addPendingRequest at RaftClientRequest:client-699BE9809FE4->s0@group-FA65EA2C2EF8, cid=23, seq=0, RW, m4, entry=(t:1, i:9), STATEMACHINELOGENTRY, client-699BE9809FE4, cid=23
2019-09-26 09:52:26,328 INFO  statemachine.SimpleStateMachine4Testing (SimpleStateMachine4Testing.java:put(198)) - s0: put 9, m4 -> (t:1, i:9), STATEMACHINELOGENTRY, client-699BE9809FE4, cid=23
2019-09-26 09:52:26,346 DEBUG client.RaftClient (RaftClientImpl.java:sendRequest(285)) - client-699BE9809FE4: receive RaftClientReply:client-699BE9809FE4->s0@group-FA65EA2C2EF8, cid=23, SUCCESS, logIndex=9, commits[s0:c9]
2019-09-26 09:52:26,347 DEBUG client.RaftClient (RaftClientImpl.java:sendRequest(275)) - client-699BE9809FE4: send RaftClientRequest:client-699BE9809FE4->s0@group-FA65EA2C2EF8, cid=24, seq=0, RW, m5
2019-09-26 09:52:26,347 DEBUG impl.RaftServerImpl (RaftServerImpl.java:submitClientRequestAsync(533)) - s0@group-FA65EA2C2EF8: receive client request(RaftClientRequest:client-699BE9809FE4->s0@group-FA65EA2C2EF8, cid=24, seq=0, RW, m5)
2019-09-26 09:52:26,348 DEBUG impl.RaftServerImpl (LeaderState.java:addPendingRequest(317)) - s0@group-FA65EA2C2EF8-LeaderState: addPendingRequest at RaftClientRequest:client-699BE9809FE4->s0@group-FA65EA2C2EF8, cid=24, seq=0, RW, m5, entry=(t:1, i:11), STATEMACHINELOGENTRY, client-699BE9809FE4, cid=24
2019-09-26 09:52:26,507 INFO  impl.StateMachineUpdater (StateMachineUpdater.java:takeSnapshot(269)) - s0@group-FA65EA2C2EF8-StateMachineUpdater: Took a snapshot at index 9
2019-09-26 09:52:26,507 INFO  impl.StateMachineUpdater (StateMachineUpdater.java:lambda$new$0(84)) - s0@group-FA65EA2C2EF8-StateMachineUpdater: snapshotIndex: updateIncreasingly -1 -> 9
2019-09-26 09:52:26,508 INFO  statemachine.SimpleStateMachine4Testing (SimpleStateMachine4Testing.java:put(198)) - s0: put 11, m5 -> (t:1, i:11), STATEMACHINELOGENTRY, client-699BE9809FE4, cid=24
2019-09-26 09:52:26,518 DEBUG client.RaftClient (RaftClientImpl.java:sendRequest(285)) - client-699BE9809FE4: receive RaftClientReply:client-699BE9809FE4->s0@group-FA65EA2C2EF8, cid=24, SUCCESS, logIndex=11, commits[s0:c12]
2019-09-26 09:52:26,519 DEBUG client.RaftClient (RaftClientImpl.java:sendRequest(275)) - client-699BE9809FE4: send RaftClientRequest:client-699BE9809FE4->s0@group-FA65EA2C2EF8, cid=25, seq=0, RW, m6
2019-09-26 09:52:26,519 DEBUG impl.RaftServerImpl (RaftServerImpl.java:submitClientRequestAsync(533)) - s0@group-FA65EA2C2EF8: receive client request(RaftClientRequest:client-699BE9809FE4->s0@group-FA65EA2C2EF8, cid=25, seq=0, RW, m6)
2019-09-26 09:52:26,520 DEBUG impl.RaftServerImpl (LeaderState.java:addPendingRequest(317)) - s0@group-FA65EA2C2EF8-LeaderState: addPendingRequest at RaftClientRequest:client-699BE9809FE4->s0@group-FA65EA2C2EF8, cid=25, seq=0, RW, m6, entry=(t:1, i:13), STATEMACHINELOGENTRY, client-699BE9809FE4, cid=25
2019-09-26 09:52:26,523 INFO  statemachine.SimpleStateMachine4Testing (SimpleStateMachine4Testing.java:put(198)) - s0: put 13, m6 -> (t:1, i:13), STATEMACHINELOGENTRY, client-699BE9809FE4, cid=25
2019-09-26 09:52:26,535 DEBUG client.RaftClient (RaftClientImpl.java:sendRequest(285)) - client-699BE9809FE4: receive RaftClientReply:client-699BE9809FE4->s0@group-FA65EA2C2EF8, cid=25, SUCCESS, logIndex=13, commits[s0:c13]
2019-09-26 09:52:26,536 DEBUG client.RaftClient (RaftClientImpl.java:sendRequest(275)) - client-699BE9809FE4: send RaftClientRequest:client-699BE9809FE4->s0@group-FA65EA2C2EF8, cid=26, seq=0, RW, m7
2019-09-26 09:52:26,536 DEBUG impl.RaftServerImpl (RaftServerImpl.java:submitClientRequestAsync(533)) - s0@group-FA65EA2C2EF8: receive client request(RaftClientRequest:client-699BE9809FE4->s0@group-FA65EA2C2EF8, cid=26, seq=0, RW, m7)
2019-09-26 09:52:26,537 DEBUG impl.RaftServerImpl (LeaderState.java:addPendingRequest(317)) - s0@group-FA65EA2C2EF8-LeaderState: addPendingRequest at RaftClientRequest:client-699BE9809FE4->s0@group-FA65EA2C2EF8, cid=26, seq=0, RW, m7, entry=(t:1, i:15), STATEMACHINELOGENTRY, client-699BE9809FE4, cid=26
2019-09-26 09:52:26,544 INFO  statemachine.SimpleStateMachine4Testing (SimpleStateMachine4Testing.java:put(198)) - s0: put 15, m7 -> (t:1, i:15), STATEMACHINELOGENTRY, client-699BE9809FE4, cid=26
2019-09-26 09:52:26,558 DEBUG client.RaftClient (RaftClientImpl.java:sendRequest(285)) - client-699BE9809FE4: receive RaftClientReply:client-699BE9809FE4->s0@group-FA65EA2C2EF8, cid=26, SUCCESS, logIndex=15, commits[s0:c15]
2019-09-26 09:52:26,558 DEBUG client.RaftClient (RaftClientImpl.java:sendRequest(275)) - client-699BE9809FE4: send RaftClientRequest:client-699BE9809FE4->s0@group-FA65EA2C2EF8, cid=27, seq=0, RW, m8
2019-09-26 09:52:26,558 DEBUG impl.RaftServerImpl (RaftServerImpl.java:submitClientRequestAsync(533)) - s0@group-FA65EA2C2EF8: receive client request(RaftClientRequest:client-699BE9809FE4->s0@group-FA65EA2C2EF8, cid=27, seq=0, RW, m8)
2019-09-26 09:52:26,559 DEBUG impl.RaftServerImpl (LeaderState.java:addPendingRequest(317)) - s0@group-FA65EA2C2EF8-LeaderState: addPendingRequest at RaftClientRequest:client-699BE9809FE4->s0@group-FA65EA2C2EF8, cid=27, seq=0, RW, m8, entry=(t:1, i:17), STATEMACHINELOGENTRY, client-699BE9809FE4, cid=27
2019-09-26 09:52:26,565 INFO  statemachine.SimpleStateMachine4Testing (SimpleStateMachine4Testing.java:put(198)) - s0: put 17, m8 -> (t:1, i:17), STATEMACHINELOGENTRY, client-699BE9809FE4, cid=27
2019-09-26 09:52:26,580 DEBUG client.RaftClient (RaftClientImpl.java:sendRequest(285)) - client-699BE9809FE4: receive RaftClientReply:client-699BE9809FE4->s0@group-FA65EA2C2EF8, cid=27, SUCCESS, logIndex=17, commits[s0:c17]
2019-09-26 09:52:26,581 DEBUG client.RaftClient (RaftClientImpl.java:sendRequest(275)) - client-699BE9809FE4: send RaftClientRequest:client-699BE9809FE4->s0@group-FA65EA2C2EF8, cid=28, seq=0, RW, m9
2019-09-26 09:52:26,581 DEBUG impl.RaftServerImpl (RaftServerImpl.java:submitClientRequestAsync(533)) - s0@group-FA65EA2C2EF8: receive client request(RaftClientRequest:client-699BE9809FE4->s0@group-FA65EA2C2EF8, cid=28, seq=0, RW, m9)
2019-09-26 09:52:26,582 DEBUG impl.RaftServerImpl (LeaderState.java:addPendingRequest(317)) - s0@group-FA65EA2C2EF8-LeaderState: addPendingRequest at RaftClientRequest:client-699BE9809FE4->s0@group-FA65EA2C2EF8, cid=28, seq=0, RW, m9, entry=(t:1, i:19), STATEMACHINELOGENTRY, client-699BE9809FE4, cid=28
2019-09-26 09:52:26,587 INFO  statemachine.SimpleStateMachine4Testing (SimpleStateMachine4Testing.java:put(198)) - s0: put 19, m9 -> (t:1, i:19), STATEMACHINELOGENTRY, client-699BE9809FE4, cid=28
2019-09-26 09:52:26,600 DEBUG client.RaftClient (RaftClientImpl.java:sendRequest(285)) - client-699BE9809FE4: receive RaftClientReply:client-699BE9809FE4->s0@group-FA65EA2C2EF8, cid=28, SUCCESS, logIndex=19, commits[s0:c19]
2019-09-26 09:52:26,600 DEBUG client.RaftClient (RaftClientImpl.java:sendRequest(275)) - client-699BE9809FE4: send RaftClientRequest:client-699BE9809FE4->s0@group-FA65EA2C2EF8, cid=29, seq=0, RW, m10
2019-09-26 09:52:26,600 DEBUG impl.RaftServerImpl (RaftServerImpl.java:submitClientRequestAsync(533)) - s0@group-FA65EA2C2EF8: receive client request(RaftClientRequest:client-699BE9809FE4->s0@group-FA65EA2C2EF8, cid=29, seq=0, RW, m10)
2019-09-26 09:52:26,601 DEBUG impl.RaftServerImpl (LeaderState.java:addPendingRequest(317)) - s0@group-FA65EA2C2EF8-LeaderState: addPendingRequest at RaftClientRequest:client-699BE9809FE4->s0@group-FA65EA2C2EF8, cid=29, seq=0, RW, m10, entry=(t:1, i:21), STATEMACHINELOGENTRY, client-699BE9809FE4, cid=29
2019-09-26 09:52:26,730 INFO  impl.StateMachineUpdater (StateMachineUpdater.java:takeSnapshot(269)) - s0@group-FA65EA2C2EF8-StateMachineUpdater: Took a snapshot at index 19
2019-09-26 09:52:26,730 INFO  impl.StateMachineUpdater (StateMachineUpdater.java:lambda$new$0(84)) - s0@group-FA65EA2C2EF8-StateMachineUpdater: snapshotIndex: updateIncreasingly 9 -> 19
2019-09-26 09:52:26,730 INFO  statemachine.SimpleStateMachine4Testing (SimpleStateMachine4Testing.java:put(198)) - s0: put 21, m10 -> (t:1, i:21), STATEMACHINELOGENTRY, client-699BE9809FE4, cid=29
2019-09-26 09:52:26,746 DEBUG client.RaftClient (RaftClientImpl.java:sendRequest(285)) - client-699BE9809FE4: receive RaftClientReply:client-699BE9809FE4->s0@group-FA65EA2C2EF8, cid=29, SUCCESS, logIndex=21, commits[s0:c22]
2019-09-26 09:52:26,746 DEBUG client.RaftClient (RaftClientImpl.java:sendRequest(275)) - client-699BE9809FE4: send RaftClientRequest:client-699BE9809FE4->s0@group-FA65EA2C2EF8, cid=30, seq=0, RW, m11
2019-09-26 09:52:26,747 DEBUG impl.RaftServerImpl (RaftServerImpl.java:submitClientRequestAsync(533)) - s0@group-FA65EA2C2EF8: receive client request(RaftClientRequest:client-699BE9809FE4->s0@group-FA65EA2C2EF8, cid=30, seq=0, RW, m11)
2019-09-26 09:52:26,748 DEBUG impl.RaftServerImpl (LeaderState.java:addPendingRequest(317)) - s0@group-FA65EA2C2EF8-LeaderState: addPendingRequest at RaftClientRequest:client-699BE9809FE4->s0@group-FA65EA2C2EF8, cid=30, seq=0, RW, m11, entry=(t:1, i:23), STATEMACHINELOGENTRY, client-699BE9809FE4, cid=30
2019-09-26 09:52:26,756 INFO  statemachine.SimpleStateMachine4Testing (SimpleStateMachine4Testing.java:put(198)) - s0: put 23, m11 -> (t:1, i:23), STATEMACHINELOGENTRY, client-699BE9809FE4, cid=30
2019-09-26 09:52:26,769 DEBUG client.RaftClient (RaftClientImpl.java:sendRequest(285)) - client-699BE9809FE4: receive RaftClientReply:client-699BE9809FE4->s0@group-FA65EA2C2EF8, cid=30, SUCCESS, logIndex=23, commits[s0:c23]
2019-09-26 09:52:26,769 DEBUG client.RaftClient (RaftClientImpl.java:sendRequest(275)) - client-699BE9809FE4: send RaftClientRequest:client-699BE9809FE4->s0@group-FA65EA2C2EF8, cid=31, seq=0, RW, m12
2019-09-26 09:52:26,769 DEBUG impl.RaftServerImpl (RaftServerImpl.java:submitClientRequestAsync(533)) - s0@group-FA65EA2C2EF8: receive client request(RaftClientRequest:client-699BE9809FE4->s0@group-FA65EA2C2EF8, cid=31, seq=0, RW, m12)
2019-09-26 09:52:26,770 DEBUG impl.RaftServerImpl (LeaderState.java:addPendingRequest(317)) - s0@group-FA65EA2C2EF8-LeaderState: addPendingRequest at RaftClientRequest:client-699BE9809FE4->s0@group-FA65EA2C2EF8, cid=31, seq=0, RW, m12, entry=(t:1, i:25), STATEMACHINELOGENTRY, client-699BE9809FE4, cid=31
2019-09-26 09:52:26,785 INFO  statemachine.SimpleStateMachine4Testing (SimpleStateMachine4Testing.java:put(198)) - s0: put 25, m12 -> (t:1, i:25), STATEMACHINELOGENTRY, client-699BE9809FE4, cid=31
2019-09-26 09:52:26,802 DEBUG client.RaftClient (RaftClientImpl.java:sendRequest(285)) - client-699BE9809FE4: receive RaftClientReply:client-699BE9809FE4->s0@group-FA65EA2C2EF8, cid=31, SUCCESS, logIndex=25, commits[s0:c25]
2019-09-26 09:52:26,803 DEBUG client.RaftClient (RaftClientImpl.java:sendRequest(275)) - client-699BE9809FE4: send RaftClientRequest:client-699BE9809FE4->s0@group-FA65EA2C2EF8, cid=32, seq=0, RW, m13
2019-09-26 09:52:26,803 DEBUG impl.RaftServerImpl (RaftServerImpl.java:submitClientRequestAsync(533)) - s0@group-FA65EA2C2EF8: receive client request(RaftClientRequest:client-699BE9809FE4->s0@group-FA65EA2C2EF8, cid=32, seq=0, RW, m13)
2019-09-26 09:52:26,804 DEBUG impl.RaftServerImpl (LeaderState.java:addPendingRequest(317)) - s0@group-FA65EA2C2EF8-LeaderState: addPendingRequest at RaftClientRequest:client-699BE9809FE4->s0@group-FA65EA2C2EF8, cid=32, seq=0, RW, m13, entry=(t:1, i:27), STATEMACHINELOGENTRY, client-699BE9809FE4, cid=32
2019-09-26 09:52:26,815 INFO  statemachine.SimpleStateMachine4Testing (SimpleStateMachine4Testing.java:put(198)) - s0: put 27, m13 -> (t:1, i:27), STATEMACHINELOGENTRY, client-699BE9809FE4, cid=32
2019-09-26 09:52:26,825 DEBUG client.RaftClient (RaftClientImpl.java:sendRequest(285)) - client-699BE9809FE4: receive RaftClientReply:client-699BE9809FE4->s0@group-FA65EA2C2EF8, cid=32, SUCCESS, logIndex=27, commits[s0:c27]
2019-09-26 09:52:26,826 DEBUG client.RaftClient (RaftClientImpl.java:sendRequest(275)) - client-699BE9809FE4: send RaftClientRequest:client-699BE9809FE4->s0@group-FA65EA2C2EF8, cid=33, seq=0, RW, m14
2019-09-26 09:52:26,826 DEBUG impl.RaftServerImpl (RaftServerImpl.java:submitClientRequestAsync(533)) - s0@group-FA65EA2C2EF8: receive client request(RaftClientRequest:client-699BE9809FE4->s0@group-FA65EA2C2EF8, cid=33, seq=0, RW, m14)
2019-09-26 09:52:26,827 DEBUG impl.RaftServerImpl (LeaderState.java:addPendingRequest(317)) - s0@group-FA65EA2C2EF8-LeaderState: addPendingRequest at RaftClientRequest:client-699BE9809FE4->s0@group-FA65EA2C2EF8, cid=33, seq=0, RW, m14, entry=(t:1, i:29), STATEMACHINELOGENTRY, client-699BE9809FE4, cid=33
2019-09-26 09:52:26,830 INFO  statemachine.SimpleStateMachine4Testing (SimpleStateMachine4Testing.java:put(198)) - s0: put 29, m14 -> (t:1, i:29), STATEMACHINELOGENTRY, client-699BE9809FE4, cid=33
2019-09-26 09:52:26,848 DEBUG client.RaftClient (RaftClientImpl.java:sendRequest(285)) - client-699BE9809FE4: receive RaftClientReply:client-699BE9809FE4->s0@group-FA65EA2C2EF8, cid=33, SUCCESS, logIndex=29, commits[s0:c29]
2019-09-26 09:52:26,848 DEBUG client.RaftClient (RaftClientImpl.java:sendRequest(275)) - client-699BE9809FE4: send RaftClientRequest:client-699BE9809FE4->s0@group-FA65EA2C2EF8, cid=34, seq=0, RW, m15
2019-09-26 09:52:26,849 DEBUG impl.RaftServerImpl (RaftServerImpl.java:submitClientRequestAsync(533)) - s0@group-FA65EA2C2EF8: receive client request(RaftClientRequest:client-699BE9809FE4->s0@group-FA65EA2C2EF8, cid=34, seq=0, RW, m15)
2019-09-26 09:52:26,849 DEBUG impl.RaftServerImpl (LeaderState.java:addPendingRequest(317)) - s0@group-FA65EA2C2EF8-LeaderState: addPendingRequest at RaftClientRequest:client-699BE9809FE4->s0@group-FA65EA2C2EF8, cid=34, seq=0, RW, m15, entry=(t:1, i:31), STATEMACHINELOGENTRY, client-699BE9809FE4, cid=34
2019-09-26 09:52:26,908 INFO  impl.StateMachineUpdater (StateMachineUpdater.java:takeSnapshot(269)) - s0@group-FA65EA2C2EF8-StateMachineUpdater: Took a snapshot at index 29
2019-09-26 09:52:26,908 INFO  impl.StateMachineUpdater (StateMachineUpdater.java:lambda$new$0(84)) - s0@group-FA65EA2C2EF8-StateMachineUpdater: snapshotIndex: updateIncreasingly 19 -> 29
2019-09-26 09:52:26,908 INFO  statemachine.SimpleStateMachine4Testing (SimpleStateMachine4Testing.java:put(198)) - s0: put 31, m15 -> (t:1, i:31), STATEMACHINELOGENTRY, client-699BE9809FE4, cid=34
2019-09-26 09:52:26,926 DEBUG client.RaftClient (RaftClientImpl.java:sendRequest(285)) - client-699BE9809FE4: receive RaftClientReply:client-699BE9809FE4->s0@group-FA65EA2C2EF8, cid=34, SUCCESS, logIndex=31, commits[s0:c32]
2019-09-26 09:52:26,926 DEBUG client.RaftClient (RaftClientImpl.java:sendRequest(275)) - client-699BE9809FE4: send RaftClientRequest:client-699BE9809FE4->s0@group-FA65EA2C2EF8, cid=35, seq=0, RW, m16
2019-09-26 09:52:26,927 DEBUG impl.RaftServerImpl (RaftServerImpl.java:submitClientRequestAsync(533)) - s0@group-FA65EA2C2EF8: receive client request(RaftClientRequest:client-699BE9809FE4->s0@group-FA65EA2C2EF8, cid=35, seq=0, RW, m16)
2019-09-26 09:52:26,928 DEBUG impl.RaftServerImpl (LeaderState.java:addPendingRequest(317)) - s0@group-FA65EA2C2EF8-LeaderState: addPendingRequest at RaftClientRequest:client-699BE9809FE4->s0@group-FA65EA2C2EF8, cid=35, seq=0, RW, m16, entry=(t:1, i:33), STATEMACHINELOGENTRY, client-699BE9809FE4, cid=35
2019-09-26 09:52:26,959 INFO  statemachine.SimpleStateMachine4Testing (SimpleStateMachine4Testing.java:put(198)) - s0: put 33, m16 -> (t:1, i:33), STATEMACHINELOGENTRY, client-699BE9809FE4, cid=35
2019-09-26 09:52:26,970 DEBUG client.RaftClient (RaftClientImpl.java:sendRequest(285)) - client-699BE9809FE4: receive RaftClientReply:client-699BE9809FE4->s0@group-FA65EA2C2EF8, cid=35, SUCCESS, logIndex=33, commits[s0:c33]
2019-09-26 09:52:26,971 DEBUG client.RaftClient (RaftClientImpl.java:sendRequest(275)) - client-699BE9809FE4: send RaftClientRequest:client-699BE9809FE4->s0@group-FA65EA2C2EF8, cid=36, seq=0, RW, m17
2019-09-26 09:52:26,971 DEBUG impl.RaftServerImpl (RaftServerImpl.java:submitClientRequestAsync(533)) - s0@group-FA65EA2C2EF8: receive client request(RaftClientRequest:client-699BE9809FE4->s0@group-FA65EA2C2EF8, cid=36, seq=0, RW, m17)
2019-09-26 09:52:26,972 DEBUG impl.RaftServerImpl (LeaderState.java:addPendingRequest(317)) - s0@group-FA65EA2C2EF8-LeaderState: addPendingRequest at RaftClientRequest:client-699BE9809FE4->s0@group-FA65EA2C2EF8, cid=36, seq=0, RW, m17, entry=(t:1, i:35), STATEMACHINELOGENTRY, client-699BE9809FE4, cid=36
2019-09-26 09:52:26,982 INFO  statemachine.SimpleStateMachine4Testing (SimpleStateMachine4Testing.java:put(198)) - s0: put 35, m17 -> (t:1, i:35), STATEMACHINELOGENTRY, client-699BE9809FE4, cid=36
2019-09-26 09:52:27,001 DEBUG client.RaftClient (RaftClientImpl.java:sendRequest(285)) - client-699BE9809FE4: receive RaftClientReply:client-699BE9809FE4->s0@group-FA65EA2C2EF8, cid=36, SUCCESS, logIndex=35, commits[s0:c35]
2019-09-26 09:52:27,001 DEBUG client.RaftClient (RaftClientImpl.java:sendRequest(275)) - client-699BE9809FE4: send RaftClientRequest:client-699BE9809FE4->s0@group-FA65EA2C2EF8, cid=37, seq=0, RW, m18
2019-09-26 09:52:27,002 DEBUG impl.RaftServerImpl (RaftServerImpl.java:submitClientRequestAsync(533)) - s0@group-FA65EA2C2EF8: receive client request(RaftClientRequest:client-699BE9809FE4->s0@group-FA65EA2C2EF8, cid=37, seq=0, RW, m18)
2019-09-26 09:52:27,002 DEBUG impl.RaftServerImpl (LeaderState.java:addPendingRequest(317)) - s0@group-FA65EA2C2EF8-LeaderState: addPendingRequest at RaftClientRequest:client-699BE9809FE4->s0@group-FA65EA2C2EF8, cid=37, seq=0, RW, m18, entry=(t:1, i:37), STATEMACHINELOGENTRY, client-699BE9809FE4, cid=37
2019-09-26 09:52:27,008 INFO  statemachine.SimpleStateMachine4Testing (SimpleStateMachine4Testing.java:put(198)) - s0: put 37, m18 -> (t:1, i:37), STATEMACHINELOGENTRY, client-699BE9809FE4, cid=37
2019-09-26 09:52:27,025 DEBUG client.RaftClient (RaftClientImpl.java:sendRequest(285)) - client-699BE9809FE4: receive RaftClientReply:client-699BE9809FE4->s0@group-FA65EA2C2EF8, cid=37, SUCCESS, logIndex=37, commits[s0:c37]
2019-09-26 09:52:27,025 INFO  statemachine.RaftSnapshotBaseTest (RaftSnapshotBaseTest.java:testBasicInstallSnapshot(185)) - nextIndex = 39
2019-09-26 09:52:27,027 INFO  statemachine.RaftSnapshotBaseTest (RaftSnapshotBaseTest.java:exists(154)) - File exists: /workdir/ratis-test/target/test/data/26da4377/MiniRaftClusterWithSimulatedRpc85ae44e/s0/9ff5c29b-a5ac-4e50-a35e-fa65ea2c2ef8/sm/snapshot.1_29
2019-09-26 09:52:27,028 INFO  ratis.MiniRaftCluster (MiniRaftCluster.java:shutdown(700)) - ************************************************************** 
2019-09-26 09:52:27,028 INFO  ratis.MiniRaftCluster (MiniRaftCluster.java:shutdown(701)) - *** 
2019-09-26 09:52:27,028 INFO  ratis.MiniRaftCluster (MiniRaftCluster.java:shutdown(702)) - ***     Stopping MiniRaftClusterWithSimulatedRpc
2019-09-26 09:52:27,028 INFO  ratis.MiniRaftCluster (MiniRaftCluster.java:shutdown(703)) - *** 
2019-09-26 09:52:27,028 INFO  ratis.MiniRaftCluster (MiniRaftCluster.java:shutdown(704)) - ************************************************************** 
2019-09-26 09:52:27,028 INFO  ratis.MiniRaftCluster (MiniRaftCluster.java:shutdown(705)) - printing ALL groups
  s0:  RUNNING    LEADER s0@group-FA65EA2C2EF8:t1, leader=s0, voted=s0, raftlog=s0@group-FA65EA2C2EF8-SegmentedRaftLog:OPENED:c38,f38,i38, conf=0: [s0:0.0.0.0:33585], old=null RUNNING
2019-09-26 09:52:27,029 INFO  impl.RaftServerProxy (RaftServerProxy.java:lambda$close$4(314)) - s0: close
2019-09-26 09:52:27,030 INFO  impl.RaftServerImpl (RaftServerImpl.java:lambda$shutdown$3(247)) - s0@group-FA65EA2C2EF8: shutdown
2019-09-26 09:52:27,030 INFO  util.JmxRegister (JmxRegister.java:unregister(73)) - Successfully un-registered JMX Bean with object name Ratis:service=RaftServer,group=group-FA65EA2C2EF8,id=s0
2019-09-26 09:52:27,030 INFO  impl.RoleInfo (RoleInfo.java:shutdownLeaderState(104)) - s0: shutdown LeaderState
2019-09-26 09:52:27,031 INFO  impl.PendingRequests (PendingRequests.java:sendNotLeaderResponses(202)) - s0@group-FA65EA2C2EF8-PendingRequests: sendNotLeaderResponses
2019-09-26 09:52:27,031 INFO  impl.StateMachineUpdater (StateMachineUpdater.java:stopAndJoin(136)) - s0@group-FA65EA2C2EF8-StateMachineUpdater: set stopIndex = 38
2019-09-26 09:52:27,133 INFO  impl.StateMachineUpdater (StateMachineUpdater.java:takeSnapshot(269)) - s0@group-FA65EA2C2EF8-StateMachineUpdater: Took a snapshot at index 37
2019-09-26 09:52:27,133 INFO  impl.StateMachineUpdater (StateMachineUpdater.java:lambda$new$0(84)) - s0@group-FA65EA2C2EF8-StateMachineUpdater: snapshotIndex: updateIncreasingly 29 -> 37
2019-09-26 09:52:27,247 INFO  impl.StateMachineUpdater (StateMachineUpdater.java:takeSnapshot(269)) - s0@group-FA65EA2C2EF8-StateMachineUpdater: Took a snapshot at index 37
2019-09-26 09:52:27,247 INFO  impl.StateMachineUpdater (StateMachineUpdater.java:lambda$new$0(84)) - s0@group-FA65EA2C2EF8-StateMachineUpdater: snapshotIndex: updateIncreasingly 37 -> 37
2019-09-26 09:52:27,248 INFO  impl.RaftServerImpl (ServerState.java:close(386)) - s0@group-FA65EA2C2EF8: closes. applyIndex: 38
2019-09-26 09:52:27,250 INFO  segmented.SegmentedRaftLogWorker (SegmentedRaftLogWorker.java:run(313)) - s0@group-FA65EA2C2EF8-SegmentedRaftLogWorker was interrupted, exiting. There are 0 tasks remaining in the queue.
2019-09-26 09:52:27,252 INFO  segmented.SegmentedRaftLogWorker (SegmentedRaftLogWorker.java:close(228)) - s0@group-FA65EA2C2EF8-SegmentedRaftLogWorker close()
2019-09-26 09:52:27,253 INFO  simulation.RequestHandler (RequestHandler.java:run(126)) - s0.clientHandler2 is interrupted by java.io.InterruptedIOException: 
2019-09-26 09:52:27,253 INFO  simulation.RequestHandler (RequestHandler.java:run(126)) - s0.clientHandler0 is interrupted by java.io.InterruptedIOException: 
2019-09-26 09:52:27,253 INFO  simulation.RequestHandler (RequestHandler.java:run(126)) - s0.clientHandler1 is interrupted by java.io.InterruptedIOException: 
2019-09-26 09:52:27,253 INFO  simulation.RequestHandler (RequestHandler.java:run(126)) - s0.serverHandler1 is interrupted by java.io.InterruptedIOException: 
2019-09-26 09:52:27,253 INFO  simulation.RequestHandler (RequestHandler.java:run(126)) - s0.serverHandler0 is interrupted by java.io.InterruptedIOException: 
2019-09-26 09:52:27,253 INFO  simulation.RequestHandler (RequestHandler.java:run(126)) - s0.serverHandler2 is interrupted by java.io.InterruptedIOException: 
2019-09-26 09:52:27,254 INFO  ratis.MiniRaftCluster (MiniRaftCluster.java:shutdown(722)) - MiniRaftClusterWithSimulatedRpc shutdown completed
2019-09-26 09:52:27,256 TRACE util.FileUtils (LogUtils.java:runAndLog(61)) - Successfully ran Files.delete /workdir/ratis-test/target/test/data/26da4377/MiniRaftClusterWithSimulatedRpc85ae44e/s0/9ff5c29b-a5ac-4e50-a35e-fa65ea2c2ef8/current/log_inprogress_0
2019-09-26 09:52:27,256 INFO  statemachine.RaftSnapshotBaseTest (RaftSnapshotBaseTest.java:testBasicInstallSnapshot(200)) - Restarting the cluster
2019-09-26 09:52:27,256 INFO  ratis.MiniRaftCluster (MiniRaftCluster.java:shutdown(700)) - ************************************************************** 
2019-09-26 09:52:27,256 INFO  ratis.MiniRaftCluster (MiniRaftCluster.java:shutdown(701)) - *** 
2019-09-26 09:52:27,256 INFO  ratis.MiniRaftCluster (MiniRaftCluster.java:shutdown(702)) - ***     Stopping MiniRaftClusterWithSimulatedRpc
2019-09-26 09:52:27,256 INFO  ratis.MiniRaftCluster (MiniRaftCluster.java:shutdown(703)) - *** 
2019-09-26 09:52:27,257 INFO  ratis.MiniRaftCluster (MiniRaftCluster.java:shutdown(704)) - ************************************************************** 
2019-09-26 09:52:27,257 INFO  ratis.MiniRaftCluster (MiniRaftCluster.java:shutdown(705)) - printing ALL groups
  s0:   CLOSED    LEADER s0@group-FA65EA2C2EF8:t1, leader=s0, voted=s0, raftlog=s0@group-FA65EA2C2EF8-SegmentedRaftLog:CLOSED:c38, conf=0: [s0:0.0.0.0:33585], old=null CLOSED
2019-09-26 09:52:27,258 INFO  ratis.MiniRaftCluster (MiniRaftCluster.java:shutdown(722)) - MiniRaftClusterWithSimulatedRpc shutdown completed
2019-09-26 09:52:27,258 INFO  ratis.MiniRaftCluster (MiniRaftCluster.java:newRaftServer(330)) - newRaftServer: s0, group-FA65EA2C2EF8:[s0:0.0.0.0:33585], format? false
2019-09-26 09:52:27,259 INFO  impl.RaftServerProxy (ConfUtils.java:logGet(43)) - raft.rpc.type = org.apache.ratis.server.simulation.SimulatedRpc (custom)
2019-09-26 09:52:27,259 INFO  server.RaftServerConfigKeys (ConfUtils.java:logGet(43)) - raft.server.storage.dir = [/workdir/ratis-test/target/test/data/26da4377/MiniRaftClusterWithSimulatedRpc85ae44e/s0] (custom)
2019-09-26 09:52:27,260 INFO  impl.RaftServerProxy (RaftServerProxy.java:lambda$null$0(191)) - s0: found a subdirectory /workdir/ratis-test/target/test/data/26da4377/MiniRaftClusterWithSimulatedRpc85ae44e/s0/9ff5c29b-a5ac-4e50-a35e-fa65ea2c2ef8
2019-09-26 09:52:27,260 INFO  impl.RaftServerProxy (RaftServerProxy.java:addNew(89)) - s0: addNew group-FA65EA2C2EF8:[s0:0.0.0.0:33585] returns group-FA65EA2C2EF8:java.util.concurrent.CompletableFuture@529d8da8[Not completed]
2019-09-26 09:52:27,260 INFO  ratis.MiniRaftCluster (MiniRaftCluster.java:start(287)) - .............................................................. 
2019-09-26 09:52:27,260 INFO  server.RaftServerConfigKeys (ConfUtils.java:logGet(43)) - raft.server.log.segment.size.max = 8MB (=8388608) (default)
2019-09-26 09:52:27,261 INFO  ratis.MiniRaftCluster (MiniRaftCluster.java:start(288)) - ... 
2019-09-26 09:52:27,261 INFO  ratis.MiniRaftCluster (MiniRaftCluster.java:start(289)) - ...     Starting MiniRaftClusterWithSimulatedRpc
2019-09-26 09:52:27,261 INFO  ratis.MiniRaftCluster (MiniRaftCluster.java:start(290)) - ... 
2019-09-26 09:52:27,261 INFO  ratis.MiniRaftCluster (MiniRaftCluster.java:start(291)) - .............................................................. 
2019-09-26 09:52:27,261 INFO  server.RaftServerConfigKeys (ConfUtils.java:logGet(43)) - raft.server.log.preallocated.size = 4MB (=4194304) (default)
2019-09-26 09:52:27,261 INFO  ratis.MiniRaftCluster (MiniRaftCluster.java:initServers(265)) - servers = {s0=s0:      NEW group-FA65EA2C2EF8:java.util.concurrent.CompletableFuture@529d8da8[Not completed]}
2019-09-26 09:52:27,261 INFO  server.RaftServerConfigKeys (ConfUtils.java:logGet(43)) - raft.server.log.write.buffer.size = 64KB (=65536) (default)
2019-09-26 09:52:27,262 INFO  impl.RaftServerImpl (RaftServerImpl.java:<init>(95)) - s0: new RaftServerImpl for group-FA65EA2C2EF8:[s0:0.0.0.0:33585] with SimpleStateMachine4Testing:uninitialized
2019-09-26 09:52:27,262 INFO  server.RaftServerConfigKeys (ConfUtils.java:logGet(43)) - raft.server.rpc.timeout.min = 150ms (default)
2019-09-26 09:52:27,263 INFO  server.RaftServerConfigKeys (ConfUtils.java:logGet(43)) - raft.server.rpc.timeout.max = 300ms (default)
2019-09-26 09:52:27,263 INFO  server.RaftServerConfigKeys (ConfUtils.java:logGet(43)) - raft.server.rpcslowness.timeout = 60s (default)
2019-09-26 09:52:27,263 INFO  server.RaftServerConfigKeys (ConfUtils.java:logGet(43)) - raft.server.sleep.deviation.threshold = 300 (default)
2019-09-26 09:52:27,263 INFO  server.RaftServerConfigKeys (ConfUtils.java:logGet(43)) - raft.server.log.appender.install.snapshot.enabled = true (default)
2019-09-26 09:52:27,263 INFO  impl.RaftServerImpl (ServerState.java:<init>(103)) - s0@group-FA65EA2C2EF8: ConfigurationManager, init=-1: [s0:0.0.0.0:33585], old=null, confs=<EMPTY_MAP>
2019-09-26 09:52:27,264 INFO  server.RaftServerConfigKeys (ConfUtils.java:logGet(43)) - raft.server.storage.dir = [/workdir/ratis-test/target/test/data/26da4377/MiniRaftClusterWithSimulatedRpc85ae44e/s0] (custom)
2019-09-26 09:52:27,264 INFO  server.RaftServerConfigKeys (ConfUtils.java:logGet(43)) - raft.server.log.corruption.policy = EXCEPTION (default)
2019-09-26 09:52:27,277 INFO  storage.RaftStorageDirectory (RaftStorageDirectory.java:tryLock(328)) - Lock on /workdir/ratis-test/target/test/data/26da4377/MiniRaftClusterWithSimulatedRpc85ae44e/s0/9ff5c29b-a5ac-4e50-a35e-fa65ea2c2ef8/in_use.lock acquired by nodename 5614@ratis-test-kn96w-682825239
2019-09-26 09:52:27,278 INFO  statemachine.SimpleStateMachine4Testing (SimpleStateMachine4Testing.java:initialize(206)) - Initializing SimpleStateMachine4Testing:uninitialized
2019-09-26 09:52:27,279 INFO  statemachine.SimpleStateMachine4Testing (SimpleStateMachine4Testing.java:loadSnapshot(300)) - Loading snapshot (t:1, i:37):[/workdir/ratis-test/target/test/data/26da4377/MiniRaftClusterWithSimulatedRpc85ae44e/s0/9ff5c29b-a5ac-4e50-a35e-fa65ea2c2ef8/sm/snapshot.1_37]
2019-09-26 09:52:27,280 INFO  statemachine.SimpleStateMachine4Testing (SimpleStateMachine4Testing.java:put(198)) - s0: put 1, m0 -> (t:1, i:1), STATEMACHINELOGENTRY, client-699BE9809FE4, cid=19
2019-09-26 09:52:27,280 INFO  statemachine.SimpleStateMachine4Testing (SimpleStateMachine4Testing.java:put(198)) - s0: put 3, m1 -> (t:1, i:3), STATEMACHINELOGENTRY, client-699BE9809FE4, cid=20
2019-09-26 09:52:27,280 INFO  statemachine.SimpleStateMachine4Testing (SimpleStateMachine4Testing.java:put(198)) - s0: put 5, m2 -> (t:1, i:5), STATEMACHINELOGENTRY, client-699BE9809FE4, cid=21
2019-09-26 09:52:27,281 INFO  statemachine.SimpleStateMachine4Testing (SimpleStateMachine4Testing.java:put(198)) - s0: put 7, m3 -> (t:1, i:7), STATEMACHINELOGENTRY, client-699BE9809FE4, cid=22
2019-09-26 09:52:27,281 INFO  statemachine.SimpleStateMachine4Testing (SimpleStateMachine4Testing.java:put(198)) - s0: put 9, m4 -> (t:1, i:9), STATEMACHINELOGENTRY, client-699BE9809FE4, cid=23
2019-09-26 09:52:27,281 INFO  statemachine.SimpleStateMachine4Testing (SimpleStateMachine4Testing.java:put(198)) - s0: put 11, m5 -> (t:1, i:11), STATEMACHINELOGENTRY, client-699BE9809FE4, cid=24
2019-09-26 09:52:27,282 INFO  statemachine.SimpleStateMachine4Testing (SimpleStateMachine4Testing.java:put(198)) - s0: put 13, m6 -> (t:1, i:13), STATEMACHINELOGENTRY, client-699BE9809FE4, cid=25
2019-09-26 09:52:27,282 INFO  statemachine.SimpleStateMachine4Testing (SimpleStateMachine4Testing.java:put(198)) - s0: put 15, m7 -> (t:1, i:15), STATEMACHINELOGENTRY, client-699BE9809FE4, cid=26
2019-09-26 09:52:27,282 INFO  statemachine.SimpleStateMachine4Testing (SimpleStateMachine4Testing.java:put(198)) - s0: put 17, m8 -> (t:1, i:17), STATEMACHINELOGENTRY, client-699BE9809FE4, cid=27
2019-09-26 09:52:27,282 INFO  statemachine.SimpleStateMachine4Testing (SimpleStateMachine4Testing.java:put(198)) - s0: put 19, m9 -> (t:1, i:19), STATEMACHINELOGENTRY, client-699BE9809FE4, cid=28
2019-09-26 09:52:27,283 INFO  statemachine.SimpleStateMachine4Testing (SimpleStateMachine4Testing.java:put(198)) - s0: put 21, m10 -> (t:1, i:21), STATEMACHINELOGENTRY, client-699BE9809FE4, cid=29
2019-09-26 09:52:27,283 INFO  statemachine.SimpleStateMachine4Testing (SimpleStateMachine4Testing.java:put(198)) - s0: put 23, m11 -> (t:1, i:23), STATEMACHINELOGENTRY, client-699BE9809FE4, cid=30
2019-09-26 09:52:27,283 INFO  statemachine.SimpleStateMachine4Testing (SimpleStateMachine4Testing.java:put(198)) - s0: put 25, m12 -> (t:1, i:25), STATEMACHINELOGENTRY, client-699BE9809FE4, cid=31
2019-09-26 09:52:27,284 INFO  statemachine.SimpleStateMachine4Testing (SimpleStateMachine4Testing.java:put(198)) - s0: put 27, m13 -> (t:1, i:27), STATEMACHINELOGENTRY, client-699BE9809FE4, cid=32
2019-09-26 09:52:27,284 INFO  statemachine.SimpleStateMachine4Testing (SimpleStateMachine4Testing.java:put(198)) - s0: put 29, m14 -> (t:1, i:29), STATEMACHINELOGENTRY, client-699BE9809FE4, cid=33
2019-09-26 09:52:27,284 INFO  statemachine.SimpleStateMachine4Testing (SimpleStateMachine4Testing.java:put(198)) - s0: put 31, m15 -> (t:1, i:31), STATEMACHINELOGENTRY, client-699BE9809FE4, cid=34
2019-09-26 09:52:27,284 INFO  statemachine.SimpleStateMachine4Testing (SimpleStateMachine4Testing.java:put(198)) - s0: put 33, m16 -> (t:1, i:33), STATEMACHINELOGENTRY, client-699BE9809FE4, cid=35
2019-09-26 09:52:27,285 INFO  statemachine.SimpleStateMachine4Testing (SimpleStateMachine4Testing.java:put(198)) - s0: put 35, m17 -> (t:1, i:35), STATEMACHINELOGENTRY, client-699BE9809FE4, cid=36
2019-09-26 09:52:27,285 INFO  statemachine.SimpleStateMachine4Testing (SimpleStateMachine4Testing.java:put(198)) - s0: put 37, m18 -> (t:1, i:37), STATEMACHINELOGENTRY, client-699BE9809FE4, cid=37
2019-09-26 09:52:27,286 INFO  impl.RaftServerImpl (ServerState.java:setRaftConf(355)) - s0@group-FA65EA2C2EF8: set configuration 0: [s0:0.0.0.0:33585], old=null at 0
2019-09-26 09:52:27,286 INFO  server.RaftServerConfigKeys (ConfUtils.java:logGet(43)) - raft.server.notification.no-leader.timeout = 60s (default)
2019-09-26 09:52:27,286 INFO  server.RaftServerConfigKeys (ConfUtils.java:logGet(43)) - raft.server.log.use.memory = false (default)
2019-09-26 09:52:27,287 INFO  server.RaftServerConfigKeys (ConfUtils.java:logGet(43)) - raft.server.log.purge.gap = 1024 (default)
2019-09-26 09:52:27,287 INFO  server.RaftServerConfigKeys (ConfUtils.java:logGet(43)) - raft.server.log.appender.buffer.byte-limit = 4MB (=4194304) (default)
2019-09-26 09:52:27,287 INFO  server.RaftServerConfigKeys (ConfUtils.java:logGet(43)) - raft.server.log.segment.size.max = 8MB (=8388608) (default)
2019-09-26 09:52:27,287 INFO  server.RaftServerConfigKeys (ConfUtils.java:logGet(43)) - raft.server.log.segment.cache.num.max = 6 (default)
2019-09-26 09:52:27,287 INFO  segmented.SegmentedRaftLogWorker (SegmentedRaftLogWorker.java:<init>(172)) - new s0@group-FA65EA2C2EF8-SegmentedRaftLogWorker for RaftStorage:Storage Directory /workdir/ratis-test/target/test/data/26da4377/MiniRaftClusterWithSimulatedRpc85ae44e/s0/9ff5c29b-a5ac-4e50-a35e-fa65ea2c2ef8
2019-09-26 09:52:27,287 INFO  server.RaftServerConfigKeys (ConfUtils.java:logGet(43)) - raft.server.log.queue.byte-limit = 64MB (=67108864) (default)
2019-09-26 09:52:27,288 INFO  server.RaftServerConfigKeys (ConfUtils.java:logGet(43)) - raft.server.log.queue.element-limit = 4096 (default)
2019-09-26 09:52:27,288 INFO  server.RaftServerConfigKeys (ConfUtils.java:logGet(43)) - raft.server.log.segment.size.max = 8MB (=8388608) (default)
2019-09-26 09:52:27,288 INFO  server.RaftServerConfigKeys (ConfUtils.java:logGet(43)) - raft.server.log.preallocated.size = 4MB (=4194304) (default)
2019-09-26 09:52:27,288 INFO  server.RaftServerConfigKeys (ConfUtils.java:logGet(43)) - raft.server.log.write.buffer.size = 64KB (=65536) (default)
2019-09-26 09:52:27,288 INFO  server.RaftServerConfigKeys (ConfUtils.java:logGet(43)) - raft.server.log.force.sync.num = 128 (default)
2019-09-26 09:52:27,289 INFO  server.RaftServerConfigKeys (ConfUtils.java:logGet(43)) - raft.server.log.statemachine.data.sync = true (default)
2019-09-26 09:52:27,289 INFO  server.RaftServerConfigKeys (ConfUtils.java:logGet(43)) - raft.server.log.statemachine.data.sync.timeout = 10s (default)
2019-09-26 09:52:27,289 INFO  server.RaftServerConfigKeys (ConfUtils.java:logGet(43)) - raft.server.log.statemachine.data.sync.timeout.retry = -1 (default)
2019-09-26 09:52:27,289 INFO  server.RaftServerConfigKeys (ConfUtils.java:logGet(43)) - raft.server.log.statemachine.data.caching.enabled = false (default)
2019-09-26 09:52:27,289 INFO  segmented.SegmentedRaftLogWorker (SegmentedRaftLogWorker.java:lambda$new$0(132)) - s0@group-FA65EA2C2EF8-SegmentedRaftLogWorker: flushIndex: setUnconditionally 0 -> 37
2019-09-26 09:52:27,290 INFO  server.RaftServerConfigKeys (ConfUtils.java:logGet(43)) - raft.server.snapshot.auto.trigger.enabled = true (custom)
2019-09-26 09:52:27,290 INFO  server.RaftServerConfigKeys (ConfUtils.java:logGet(43)) - raft.server.snapshot.auto.trigger.threshold = 10 (custom)
2019-09-26 09:52:27,290 INFO  server.RaftServerConfigKeys (ConfUtils.java:logGet(43)) - raft.server.snapshot.retention.file.num = -1 (default)
2019-09-26 09:52:27,291 INFO  server.RaftServerConfigKeys (ConfUtils.java:logGet(43)) - raft.server.retrycache.expirytime = 60s (default)
2019-09-26 09:52:27,291 INFO  impl.RaftServerImpl (RaftServerImpl.java:start(181)) - s0@group-FA65EA2C2EF8: start as a follower, conf=0: [s0:0.0.0.0:33585], old=null
2019-09-26 09:52:27,292 INFO  impl.RaftServerImpl (RaftServerImpl.java:setRole(170)) - s0@group-FA65EA2C2EF8: changes role from      null to FOLLOWER at term 1 for startAsFollower
2019-09-26 09:52:27,292 INFO  impl.RoleInfo (RoleInfo.java:updateAndGet(143)) - s0: start FollowerState
2019-09-26 09:52:27,293 INFO  util.JmxRegister (JmxRegister.java:tryRegister(44)) - Successfully registered JMX Bean with object name Ratis:service=RaftServer,group=group-FA65EA2C2EF8,id=s0
2019-09-26 09:52:27,293 INFO  impl.RaftServerProxy (RaftServerProxy.java:lambda$start$3(299)) - s0: start RPC server
2019-09-26 09:52:27,294 INFO  server.RaftServerConfigKeys (ConfUtils.java:logGet(43)) - raft.server.rpc.timeout.max = 300ms (default)
2019-09-26 09:52:27,295 INFO  ratis.RaftTestUtil (RaftTestUtil.java:waitForLeader(86)) - printing ALL groups
  s0:  RUNNING  FOLLOWER s0@group-FA65EA2C2EF8:t1, leader=null, voted=s0, raftlog=s0@group-FA65EA2C2EF8-SegmentedRaftLog:OPENED:c37,f37,i0, conf=0: [s0:0.0.0.0:33585], old=null RUNNING
2019-09-26 09:52:27,295 WARN  ratis.RaftTestUtil (JavaUtils.java:attempt(158)) - FAILED "waitForLeader-null-(expectLeader? true)", attempt #1/100: java.lang.IllegalStateException: No leader yet : printing ALL groups
  s0:  RUNNING  FOLLOWER s0@group-FA65EA2C2EF8:t1, leader=null, voted=s0, raftlog=s0@group-FA65EA2C2EF8-SegmentedRaftLog:OPENED:c37,f37,i0, conf=0: [s0:0.0.0.0:33585], old=null RUNNING, sleep 450ms and then retry.
java.lang.IllegalStateException: No leader yet : printing ALL groups
  s0:  RUNNING  FOLLOWER s0@group-FA65EA2C2EF8:t1, leader=null, voted=s0, raftlog=s0@group-FA65EA2C2EF8-SegmentedRaftLog:OPENED:c37,f37,i0, conf=0: [s0:0.0.0.0:33585], old=null RUNNING
	at org.apache.ratis.MiniRaftCluster.newIllegalStateExceptionForNoLeaders(MiniRaftCluster.java:506)
	at org.apache.ratis.RaftTestUtil.lambda$waitForLeader$1(RaftTestUtil.java:90)
	at org.apache.ratis.MiniRaftCluster.getLeader(MiniRaftCluster.java:539)
	at org.apache.ratis.MiniRaftCluster.getLeader(MiniRaftCluster.java:532)
	at org.apache.ratis.RaftTestUtil.lambda$waitForLeader$3(RaftTestUtil.java:98)
	at org.apache.ratis.util.JavaUtils.attempt(JavaUtils.java:152)
	at org.apache.ratis.RaftTestUtil.waitForLeader(RaftTestUtil.java:97)
	at org.apache.ratis.RaftTestUtil.waitForLeader(RaftTestUtil.java:77)
	at org.apache.ratis.RaftTestUtil.waitForLeader(RaftTestUtil.java:72)
	at org.apache.ratis.statemachine.RaftSnapshotBaseTest.assertLeaderContent(RaftSnapshotBaseTest.java:74)
	at org.apache.ratis.statemachine.RaftSnapshotBaseTest.testBasicInstallSnapshot(RaftSnapshotBaseTest.java:203)
	at sun.reflect.NativeMethodAccessorImpl.invoke0(Native Method)
	at sun.reflect.NativeMethodAccessorImpl.invoke(NativeMethodAccessorImpl.java:62)
	at sun.reflect.DelegatingMethodAccessorImpl.invoke(DelegatingMethodAccessorImpl.java:43)
	at java.lang.reflect.Method.invoke(Method.java:498)
	at org.junit.runners.model.FrameworkMethod$1.runReflectiveCall(FrameworkMethod.java:50)
	at org.junit.internal.runners.model.ReflectiveCallable.run(ReflectiveCallable.java:12)
	at org.junit.runners.model.FrameworkMethod.invokeExplosively(FrameworkMethod.java:47)
	at org.junit.internal.runners.statements.InvokeMethod.evaluate(InvokeMethod.java:17)
	at org.junit.internal.runners.statements.RunBefores.evaluate(RunBefores.java:26)
	at org.junit.internal.runners.statements.RunAfters.evaluate(RunAfters.java:27)
	at org.junit.internal.runners.statements.FailOnTimeout$CallableStatement.call(FailOnTimeout.java:298)
	at org.junit.internal.runners.statements.FailOnTimeout$CallableStatement.call(FailOnTimeout.java:292)
	at java.util.concurrent.FutureTask.run(FutureTask.java:266)
	at java.lang.Thread.run(Thread.java:748)
2019-09-26 09:52:27,465 INFO  impl.FollowerState (FollowerState.java:run(108)) - s0@group-FA65EA2C2EF8-FollowerState: change to CANDIDATE, lastRpcTime:172ms, electionTimeout:172ms
2019-09-26 09:52:27,465 INFO  impl.RoleInfo (RoleInfo.java:shutdownFollowerState(121)) - s0: shutdown FollowerState
2019-09-26 09:52:27,465 INFO  impl.RaftServerImpl (RaftServerImpl.java:setRole(170)) - s0@group-FA65EA2C2EF8: changes role from  FOLLOWER to CANDIDATE at term 1 for changeToCandidate
2019-09-26 09:52:27,465 INFO  impl.RoleInfo (RoleInfo.java:updateAndGet(143)) - s0: start LeaderElection
2019-09-26 09:52:27,485 INFO  impl.LeaderElection (LeaderElection.java:askForVotes(178)) - s0@group-FA65EA2C2EF8-LeaderElection4: begin an election at term 2 for 0: [s0:0.0.0.0:33585], old=null
2019-09-26 09:52:27,485 INFO  impl.RoleInfo (RoleInfo.java:shutdownLeaderElection(134)) - s0: shutdown LeaderElection
2019-09-26 09:52:27,486 INFO  impl.RaftServerImpl (RaftServerImpl.java:setRole(170)) - s0@group-FA65EA2C2EF8: changes role from CANDIDATE to LEADER at term 2 for changeToLeader
2019-09-26 09:52:27,486 INFO  impl.RaftServerImpl (ServerState.java:setLeader(254)) - s0@group-FA65EA2C2EF8: change Leader from null to s0 at term 2 for becomeLeader, leader elected after 199ms
2019-09-26 09:52:27,486 INFO  server.RaftServerConfigKeys (ConfUtils.java:logGet(43)) - raft.server.staging.catchup.gap = 1000 (default)
2019-09-26 09:52:27,486 INFO  server.RaftServerConfigKeys (ConfUtils.java:logGet(43)) - raft.server.rpc.sleep.time = 25ms (default)
2019-09-26 09:52:27,486 INFO  server.RaftServerConfigKeys (ConfUtils.java:logGet(43)) - raft.server.write.element-limit = 4096 (default)
2019-09-26 09:52:27,487 INFO  server.RaftServerConfigKeys (ConfUtils.java:logGet(43)) - raft.server.watch.timeout = 10s (default)
2019-09-26 09:52:27,487 INFO  server.RaftServerConfigKeys (ConfUtils.java:logGet(43)) - raft.server.watch.timeout.denomination = 1s (default)
2019-09-26 09:52:27,487 INFO  server.RaftServerConfigKeys (ConfUtils.java:logGet(43)) - raft.server.watch.element-limit = 65536 (default)
2019-09-26 09:52:27,487 INFO  impl.RoleInfo (RoleInfo.java:updateAndGet(143)) - s0: start LeaderState
2019-09-26 09:52:27,488 DEBUG raftlog.RaftLog (SegmentedRaftLog.java:appendImpl(425)) - truncateIndex=-1, arrayIndex=0
2019-09-26 09:52:27,488 INFO  segmented.SegmentedRaftLogWorker (SegmentedRaftLogWorker.java:startLogSegment(380)) - s0@group-FA65EA2C2EF8-SegmentedRaftLogWorker: Starting segment from index:38
2019-09-26 09:52:27,488 INFO  impl.RaftServerImpl (ServerState.java:setRaftConf(355)) - s0@group-FA65EA2C2EF8: set configuration 38: [s0:0.0.0.0:33585], old=null at 38
2019-09-26 09:52:27,573 INFO  segmented.SegmentedRaftLogWorker (SegmentedRaftLogWorker.java:execute(569)) - s0@group-FA65EA2C2EF8-SegmentedRaftLogWorker: created new log segment /workdir/ratis-test/target/test/data/26da4377/MiniRaftClusterWithSimulatedRpc85ae44e/s0/9ff5c29b-a5ac-4e50-a35e-fa65ea2c2ef8/current/log_inprogress_38
2019-09-26 09:52:27,746 INFO  ratis.RaftTestUtil (RaftTestUtil.java:waitForLeader(101)) - printing ALL groups
  s0:  RUNNING    LEADER s0@group-FA65EA2C2EF8:t2, leader=s0, voted=s0, raftlog=s0@group-FA65EA2C2EF8-SegmentedRaftLog:OPENED:c39,f39,i39, conf=38: [s0:0.0.0.0:33585], old=null RUNNING
2019-09-26 09:52:27,747 INFO  statemachine.RaftSnapshotBaseTest (RaftSnapshotBaseTest.java:assertLeaderContent(86)) - 0) 0 term: 1
index: 1
stateMachineLogEntry {
  logData: "m0"
  stateMachineEntry {
    stateMachineData: "StateMachine Data"
  }
  clientId: "N\016l5gUG\375\245ui\233\351\200\237\344"
  callId: 19
}

2019-09-26 09:52:27,748 INFO  statemachine.RaftSnapshotBaseTest (RaftSnapshotBaseTest.java:assertLeaderContent(86)) - 1) 1 term: 1
index: 3
stateMachineLogEntry {
  logData: "m1"
  stateMachineEntry {
    stateMachineData: "StateMachine Data"
  }
  clientId: "N\016l5gUG\375\245ui\233\351\200\237\344"
  callId: 20
}

2019-09-26 09:52:27,748 INFO  statemachine.RaftSnapshotBaseTest (RaftSnapshotBaseTest.java:assertLeaderContent(86)) - 2) 2 term: 1
index: 5
stateMachineLogEntry {
  logData: "m2"
  stateMachineEntry {
    stateMachineData: "StateMachine Data"
  }
  clientId: "N\016l5gUG\375\245ui\233\351\200\237\344"
  callId: 21
}

2019-09-26 09:52:27,749 INFO  statemachine.RaftSnapshotBaseTest (RaftSnapshotBaseTest.java:assertLeaderContent(86)) - 3) 3 term: 1
index: 7
stateMachineLogEntry {
  logData: "m3"
  stateMachineEntry {
    stateMachineData: "StateMachine Data"
  }
  clientId: "N\016l5gUG\375\245ui\233\351\200\237\344"
  callId: 22
}

2019-09-26 09:52:27,749 INFO  statemachine.RaftSnapshotBaseTest (RaftSnapshotBaseTest.java:assertLeaderContent(86)) - 4) 4 term: 1
index: 9
stateMachineLogEntry {
  logData: "m4"
  stateMachineEntry {
    stateMachineData: "StateMachine Data"
  }
  clientId: "N\016l5gUG\375\245ui\233\351\200\237\344"
  callId: 23
}

2019-09-26 09:52:27,750 INFO  statemachine.RaftSnapshotBaseTest (RaftSnapshotBaseTest.java:assertLeaderContent(86)) - 5) 5 term: 1
index: 11
stateMachineLogEntry {
  logData: "m5"
  stateMachineEntry {
    stateMachineData: "StateMachine Data"
  }
  clientId: "N\016l5gUG\375\245ui\233\351\200\237\344"
  callId: 24
}

2019-09-26 09:52:27,750 INFO  statemachine.RaftSnapshotBaseTest (RaftSnapshotBaseTest.java:assertLeaderContent(86)) - 6) 6 term: 1
index: 13
stateMachineLogEntry {
  logData: "m6"
  stateMachineEntry {
    stateMachineData: "StateMachine Data"
  }
  clientId: "N\016l5gUG\375\245ui\233\351\200\237\344"
  callId: 25
}

2019-09-26 09:52:27,751 INFO  statemachine.RaftSnapshotBaseTest (RaftSnapshotBaseTest.java:assertLeaderContent(86)) - 7) 7 term: 1
index: 15
stateMachineLogEntry {
  logData: "m7"
  stateMachineEntry {
    stateMachineData: "StateMachine Data"
  }
  clientId: "N\016l5gUG\375\245ui\233\351\200\237\344"
  callId: 26
}

2019-09-26 09:52:27,751 INFO  statemachine.RaftSnapshotBaseTest (RaftSnapshotBaseTest.java:assertLeaderContent(86)) - 8) 8 term: 1
index: 17
stateMachineLogEntry {
  logData: "m8"
  stateMachineEntry {
    stateMachineData: "StateMachine Data"
  }
  clientId: "N\016l5gUG\375\245ui\233\351\200\237\344"
  callId: 27
}

2019-09-26 09:52:27,751 INFO  statemachine.RaftSnapshotBaseTest (RaftSnapshotBaseTest.java:assertLeaderContent(86)) - 9) 9 term: 1
index: 19
stateMachineLogEntry {
  logData: "m9"
  stateMachineEntry {
    stateMachineData: "StateMachine Data"
  }
  clientId: "N\016l5gUG\375\245ui\233\351\200\237\344"
  callId: 28
}

2019-09-26 09:52:27,752 INFO  statemachine.RaftSnapshotBaseTest (RaftSnapshotBaseTest.java:assertLeaderContent(86)) - 10) 10 term: 1
index: 21
stateMachineLogEntry {
  logData: "m10"
  stateMachineEntry {
    stateMachineData: "StateMachine Data"
  }
  clientId: "N\016l5gUG\375\245ui\233\351\200\237\344"
  callId: 29
}

2019-09-26 09:52:27,752 INFO  statemachine.RaftSnapshotBaseTest (RaftSnapshotBaseTest.java:assertLeaderContent(86)) - 11) 11 term: 1
index: 23
stateMachineLogEntry {
  logData: "m11"
  stateMachineEntry {
    stateMachineData: "StateMachine Data"
  }
  clientId: "N\016l5gUG\375\245ui\233\351\200\237\344"
  callId: 30
}

2019-09-26 09:52:27,753 INFO  statemachine.RaftSnapshotBaseTest (RaftSnapshotBaseTest.java:assertLeaderContent(86)) - 12) 12 term: 1
index: 25
stateMachineLogEntry {
  logData: "m12"
  stateMachineEntry {
    stateMachineData: "StateMachine Data"
  }
  clientId: "N\016l5gUG\375\245ui\233\351\200\237\344"
  callId: 31
}

2019-09-26 09:52:27,753 INFO  statemachine.RaftSnapshotBaseTest (RaftSnapshotBaseTest.java:assertLeaderContent(86)) - 13) 13 term: 1
index: 27
stateMachineLogEntry {
  logData: "m13"
  stateMachineEntry {
    stateMachineData: "StateMachine Data"
  }
  clientId: "N\016l5gUG\375\245ui\233\351\200\237\344"
  callId: 32
}

2019-09-26 09:52:27,754 INFO  statemachine.RaftSnapshotBaseTest (RaftSnapshotBaseTest.java:assertLeaderContent(86)) - 14) 14 term: 1
index: 29
stateMachineLogEntry {
  logData: "m14"
  stateMachineEntry {
    stateMachineData: "StateMachine Data"
  }
  clientId: "N\016l5gUG\375\245ui\233\351\200\237\344"
  callId: 33
}

2019-09-26 09:52:27,754 INFO  statemachine.RaftSnapshotBaseTest (RaftSnapshotBaseTest.java:assertLeaderContent(86)) - 15) 15 term: 1
index: 31
stateMachineLogEntry {
  logData: "m15"
  stateMachineEntry {
    stateMachineData: "StateMachine Data"
  }
  clientId: "N\016l5gUG\375\245ui\233\351\200\237\344"
  callId: 34
}

2019-09-26 09:52:27,754 INFO  statemachine.RaftSnapshotBaseTest (RaftSnapshotBaseTest.java:assertLeaderContent(86)) - 16) 16 term: 1
index: 33
stateMachineLogEntry {
  logData: "m16"
  stateMachineEntry {
    stateMachineData: "StateMachine Data"
  }
  clientId: "N\016l5gUG\375\245ui\233\351\200\237\344"
  callId: 35
}

2019-09-26 09:52:27,755 INFO  statemachine.RaftSnapshotBaseTest (RaftSnapshotBaseTest.java:assertLeaderContent(86)) - 17) 17 term: 1
index: 35
stateMachineLogEntry {
  logData: "m17"
  stateMachineEntry {
    stateMachineData: "StateMachine Data"
  }
  clientId: "N\016l5gUG\375\245ui\233\351\200\237\344"
  callId: 36
}

2019-09-26 09:52:27,755 INFO  statemachine.RaftSnapshotBaseTest (RaftSnapshotBaseTest.java:assertLeaderContent(86)) - 18) 18 term: 1
index: 37
stateMachineLogEntry {
  logData: "m18"
  stateMachineEntry {
    stateMachineData: "StateMachine Data"
  }
  clientId: "N\016l5gUG\375\245ui\233\351\200\237\344"
  callId: 37
}

2019-09-26 09:52:27,756 DEBUG client.RaftClient (ConfUtils.java:logGet(43)) - raft.rpc.type = org.apache.ratis.server.simulation.SimulatedRpc (custom)
2019-09-26 09:52:27,756 DEBUG client.RaftClient (RaftClientImpl.java:sendRequest(275)) - client-397938C73CDB: send RaftClientRequest:client-397938C73CDB->s0@group-FA65EA2C2EF8, cid=38, seq=0, RW, m19
2019-09-26 09:52:27,756 DEBUG impl.RaftServerImpl (RaftServerImpl.java:submitClientRequestAsync(533)) - s0@group-FA65EA2C2EF8: receive client request(RaftClientRequest:client-397938C73CDB->s0@group-FA65EA2C2EF8, cid=38, seq=0, RW, m19)
2019-09-26 09:52:27,758 DEBUG impl.RaftServerImpl (LeaderState.java:addPendingRequest(317)) - s0@group-FA65EA2C2EF8-LeaderState: addPendingRequest at RaftClientRequest:client-397938C73CDB->s0@group-FA65EA2C2EF8, cid=38, seq=0, RW, m19, entry=(t:2, i:40), STATEMACHINELOGENTRY, client-397938C73CDB, cid=38
2019-09-26 09:52:27,782 INFO  statemachine.SimpleStateMachine4Testing (SimpleStateMachine4Testing.java:put(198)) - s0: put 40, m19 -> (t:2, i:40), STATEMACHINELOGENTRY, client-397938C73CDB, cid=38
2019-09-26 09:52:27,795 DEBUG client.RaftClient (RaftClientImpl.java:sendRequest(285)) - client-397938C73CDB: receive RaftClientReply:client-397938C73CDB->s0@group-FA65EA2C2EF8, cid=38, SUCCESS, logIndex=40, commits[s0:c40]
2019-09-26 09:52:27,795 INFO  ratis.MiniRaftCluster (MiniRaftCluster.java:addNewPeers(403)) - Add new peers [s3, s4]
2019-09-26 09:52:27,796 INFO  ratis.MiniRaftCluster (MiniRaftCluster.java:newRaftServer(330)) - newRaftServer: s3, group-FA65EA2C2EF8:[s0:0.0.0.0:33585], format? true
2019-09-26 09:52:27,796 TRACE util.FileUtils (FileUtils.java:deleteFully(88)) - deleteFully target/test/data/26da4377/MiniRaftClusterWithSimulatedRpc85ae44e/s3
2019-09-26 09:52:27,797 TRACE util.FileUtils (FileUtils.java:deleteFully(104)) - deleteFully: target/test/data/26da4377/MiniRaftClusterWithSimulatedRpc85ae44e/s3 does not exist.
2019-09-26 09:52:27,797 INFO  ratis.MiniRaftCluster (MiniRaftCluster.java:newRaftServer(335)) - Formatted directory target/test/data/26da4377/MiniRaftClusterWithSimulatedRpc85ae44e/s3
2019-09-26 09:52:27,798 INFO  impl.RaftServerProxy (ConfUtils.java:logGet(43)) - raft.rpc.type = org.apache.ratis.server.simulation.SimulatedRpc (custom)
2019-09-26 09:52:27,799 INFO  server.RaftServerConfigKeys (ConfUtils.java:logGet(43)) - raft.server.storage.dir = [/workdir/ratis-test/target/test/data/26da4377/MiniRaftClusterWithSimulatedRpc85ae44e/s3] (custom)
2019-09-26 09:52:27,799 INFO  impl.RaftServerProxy (RaftServerProxy.java:addNew(89)) - s3: addNew group-FA65EA2C2EF8:[s0:0.0.0.0:33585] returns group-FA65EA2C2EF8:java.util.concurrent.CompletableFuture@5c690f4b[Not completed]
2019-09-26 09:52:27,799 INFO  server.RaftServerConfigKeys (ConfUtils.java:logGet(43)) - raft.server.log.segment.size.max = 8MB (=8388608) (default)
2019-09-26 09:52:27,800 INFO  ratis.MiniRaftCluster (MiniRaftCluster.java:newRaftServer(330)) - newRaftServer: s4, group-FA65EA2C2EF8:[s0:0.0.0.0:33585], format? true
2019-09-26 09:52:27,800 INFO  server.RaftServerConfigKeys (ConfUtils.java:logGet(43)) - raft.server.log.preallocated.size = 4MB (=4194304) (default)
2019-09-26 09:52:27,800 TRACE util.FileUtils (FileUtils.java:deleteFully(88)) - deleteFully target/test/data/26da4377/MiniRaftClusterWithSimulatedRpc85ae44e/s4
2019-09-26 09:52:27,800 INFO  server.RaftServerConfigKeys (ConfUtils.java:logGet(43)) - raft.server.log.write.buffer.size = 64KB (=65536) (default)
2019-09-26 09:52:27,800 TRACE util.FileUtils (FileUtils.java:deleteFully(104)) - deleteFully: target/test/data/26da4377/MiniRaftClusterWithSimulatedRpc85ae44e/s4 does not exist.
2019-09-26 09:52:27,801 INFO  impl.RaftServerImpl (RaftServerImpl.java:<init>(95)) - s3: new RaftServerImpl for group-FA65EA2C2EF8:[s0:0.0.0.0:33585] with SimpleStateMachine4Testing:uninitialized
2019-09-26 09:52:27,801 INFO  ratis.MiniRaftCluster (MiniRaftCluster.java:newRaftServer(335)) - Formatted directory target/test/data/26da4377/MiniRaftClusterWithSimulatedRpc85ae44e/s4
2019-09-26 09:52:27,801 INFO  server.RaftServerConfigKeys (ConfUtils.java:logGet(43)) - raft.server.rpc.timeout.min = 150ms (default)
2019-09-26 09:52:27,801 INFO  server.RaftServerConfigKeys (ConfUtils.java:logGet(43)) - raft.server.rpc.timeout.max = 300ms (default)
2019-09-26 09:52:27,801 INFO  impl.RaftServerProxy (ConfUtils.java:logGet(43)) - raft.rpc.type = org.apache.ratis.server.simulation.SimulatedRpc (custom)
2019-09-26 09:52:27,802 INFO  server.RaftServerConfigKeys (ConfUtils.java:logGet(43)) - raft.server.rpcslowness.timeout = 60s (default)
2019-09-26 09:52:27,802 INFO  server.RaftServerConfigKeys (ConfUtils.java:logGet(43)) - raft.server.sleep.deviation.threshold = 300 (default)
2019-09-26 09:52:27,802 INFO  server.RaftServerConfigKeys (ConfUtils.java:logGet(43)) - raft.server.log.appender.install.snapshot.enabled = true (default)
2019-09-26 09:52:27,802 INFO  impl.RaftServerImpl (ServerState.java:<init>(103)) - s3@group-FA65EA2C2EF8: ConfigurationManager, init=-1: [s0:0.0.0.0:33585], old=null, confs=<EMPTY_MAP>
2019-09-26 09:52:27,802 INFO  server.RaftServerConfigKeys (ConfUtils.java:logGet(43)) - raft.server.storage.dir = [/workdir/ratis-test/target/test/data/26da4377/MiniRaftClusterWithSimulatedRpc85ae44e/s4] (custom)
2019-09-26 09:52:27,803 INFO  server.RaftServerConfigKeys (ConfUtils.java:logGet(43)) - raft.server.storage.dir = [/workdir/ratis-test/target/test/data/26da4377/MiniRaftClusterWithSimulatedRpc85ae44e/s3] (custom)
2019-09-26 09:52:27,803 INFO  impl.RaftServerProxy (RaftServerProxy.java:addNew(89)) - s4: addNew group-FA65EA2C2EF8:[s0:0.0.0.0:33585] returns group-FA65EA2C2EF8:java.util.concurrent.CompletableFuture@1e13efe4[Not completed]
2019-09-26 09:52:27,803 INFO  server.RaftServerConfigKeys (ConfUtils.java:logGet(43)) - raft.server.log.segment.size.max = 8MB (=8388608) (default)
2019-09-26 09:52:27,803 INFO  server.RaftServerConfigKeys (ConfUtils.java:logGet(43)) - raft.server.log.corruption.policy = EXCEPTION (default)
2019-09-26 09:52:27,804 INFO  server.RaftServerConfigKeys (ConfUtils.java:logGet(43)) - raft.server.log.preallocated.size = 4MB (=4194304) (default)
2019-09-26 09:52:27,804 INFO  storage.RaftStorageDirectory (RaftStorageDirectory.java:analyzeStorage(246)) - The storage directory /workdir/ratis-test/target/test/data/26da4377/MiniRaftClusterWithSimulatedRpc85ae44e/s3/9ff5c29b-a5ac-4e50-a35e-fa65ea2c2ef8 does not exist. Creating ...
2019-09-26 09:52:27,804 INFO  server.RaftServerConfigKeys (ConfUtils.java:logGet(43)) - raft.server.log.write.buffer.size = 64KB (=65536) (default)
2019-09-26 09:52:27,804 INFO  impl.RaftServerImpl (RaftServerImpl.java:<init>(95)) - s4: new RaftServerImpl for group-FA65EA2C2EF8:[s0:0.0.0.0:33585] with SimpleStateMachine4Testing:uninitialized
2019-09-26 09:52:27,805 TRACE util.FileUtils (LogUtils.java:runAndLog(61)) - Successfully ran Files.createDirectories /workdir/ratis-test/target/test/data/26da4377/MiniRaftClusterWithSimulatedRpc85ae44e/s3/9ff5c29b-a5ac-4e50-a35e-fa65ea2c2ef8
2019-09-26 09:52:27,805 INFO  server.RaftServerConfigKeys (ConfUtils.java:logGet(43)) - raft.server.rpc.timeout.min = 150ms (default)
2019-09-26 09:52:27,805 INFO  server.RaftServerConfigKeys (ConfUtils.java:logGet(43)) - raft.server.rpc.timeout.max = 300ms (default)
2019-09-26 09:52:27,805 INFO  server.RaftServerConfigKeys (ConfUtils.java:logGet(43)) - raft.server.rpcslowness.timeout = 60s (default)
2019-09-26 09:52:27,805 INFO  server.RaftServerConfigKeys (ConfUtils.java:logGet(43)) - raft.server.sleep.deviation.threshold = 300 (default)
2019-09-26 09:52:27,806 INFO  server.RaftServerConfigKeys (ConfUtils.java:logGet(43)) - raft.server.log.appender.install.snapshot.enabled = true (default)
2019-09-26 09:52:27,806 INFO  impl.RaftServerImpl (ServerState.java:<init>(103)) - s4@group-FA65EA2C2EF8: ConfigurationManager, init=-1: [s0:0.0.0.0:33585], old=null, confs=<EMPTY_MAP>
2019-09-26 09:52:27,806 INFO  server.RaftServerConfigKeys (ConfUtils.java:logGet(43)) - raft.server.storage.dir = [/workdir/ratis-test/target/test/data/26da4377/MiniRaftClusterWithSimulatedRpc85ae44e/s4] (custom)
2019-09-26 09:52:27,806 INFO  server.RaftServerConfigKeys (ConfUtils.java:logGet(43)) - raft.server.log.corruption.policy = EXCEPTION (default)
2019-09-26 09:52:27,807 INFO  storage.RaftStorageDirectory (RaftStorageDirectory.java:analyzeStorage(246)) - The storage directory /workdir/ratis-test/target/test/data/26da4377/MiniRaftClusterWithSimulatedRpc85ae44e/s4/9ff5c29b-a5ac-4e50-a35e-fa65ea2c2ef8 does not exist. Creating ...
2019-09-26 09:52:27,807 TRACE util.FileUtils (LogUtils.java:runAndLog(61)) - Successfully ran Files.createDirectories /workdir/ratis-test/target/test/data/26da4377/MiniRaftClusterWithSimulatedRpc85ae44e/s4/9ff5c29b-a5ac-4e50-a35e-fa65ea2c2ef8
2019-09-26 09:52:27,818 INFO  storage.RaftStorageDirectory (RaftStorageDirectory.java:tryLock(328)) - Lock on /workdir/ratis-test/target/test/data/26da4377/MiniRaftClusterWithSimulatedRpc85ae44e/s4/9ff5c29b-a5ac-4e50-a35e-fa65ea2c2ef8/in_use.lock acquired by nodename 5614@ratis-test-kn96w-682825239
2019-09-26 09:52:27,818 INFO  storage.RaftStorageDirectory (RaftStorageDirectory.java:tryLock(328)) - Lock on /workdir/ratis-test/target/test/data/26da4377/MiniRaftClusterWithSimulatedRpc85ae44e/s3/9ff5c29b-a5ac-4e50-a35e-fa65ea2c2ef8/in_use.lock acquired by nodename 5614@ratis-test-kn96w-682825239
2019-09-26 09:52:27,819 TRACE util.FileUtils (LogUtils.java:runAndLog(61)) - Successfully ran Files.createDirectories /workdir/ratis-test/target/test/data/26da4377/MiniRaftClusterWithSimulatedRpc85ae44e/s4/9ff5c29b-a5ac-4e50-a35e-fa65ea2c2ef8/current
2019-09-26 09:52:27,819 TRACE util.FileUtils (LogUtils.java:runAndLog(61)) - Successfully ran Files.createDirectories /workdir/ratis-test/target/test/data/26da4377/MiniRaftClusterWithSimulatedRpc85ae44e/s3/9ff5c29b-a5ac-4e50-a35e-fa65ea2c2ef8/current
2019-09-26 09:52:27,819 TRACE util.FileUtils (LogUtils.java:runAndLog(61)) - Successfully ran Files.createDirectories /workdir/ratis-test/target/test/data/26da4377/MiniRaftClusterWithSimulatedRpc85ae44e/s4/9ff5c29b-a5ac-4e50-a35e-fa65ea2c2ef8/sm
2019-09-26 09:52:27,819 TRACE util.FileUtils (LogUtils.java:runAndLog(61)) - Successfully ran Files.createDirectories /workdir/ratis-test/target/test/data/26da4377/MiniRaftClusterWithSimulatedRpc85ae44e/s3/9ff5c29b-a5ac-4e50-a35e-fa65ea2c2ef8/sm
2019-09-26 09:52:27,833 INFO  storage.RaftStorage (RaftStorage.java:format(84)) - Storage directory /workdir/ratis-test/target/test/data/26da4377/MiniRaftClusterWithSimulatedRpc85ae44e/s4/9ff5c29b-a5ac-4e50-a35e-fa65ea2c2ef8 has been successfully formatted.
2019-09-26 09:52:27,833 INFO  storage.RaftStorage (RaftStorage.java:format(84)) - Storage directory /workdir/ratis-test/target/test/data/26da4377/MiniRaftClusterWithSimulatedRpc85ae44e/s3/9ff5c29b-a5ac-4e50-a35e-fa65ea2c2ef8 has been successfully formatted.
2019-09-26 09:52:27,833 INFO  statemachine.SimpleStateMachine4Testing (SimpleStateMachine4Testing.java:initialize(206)) - Initializing SimpleStateMachine4Testing:uninitialized
2019-09-26 09:52:27,833 INFO  statemachine.SimpleStateMachine4Testing (SimpleStateMachine4Testing.java:initialize(206)) - Initializing SimpleStateMachine4Testing:uninitialized
2019-09-26 09:52:27,833 INFO  statemachine.SimpleStateMachine4Testing (SimpleStateMachine4Testing.java:loadSnapshot(296)) - The snapshot file null does not exist
2019-09-26 09:52:27,833 INFO  statemachine.SimpleStateMachine4Testing (SimpleStateMachine4Testing.java:loadSnapshot(296)) - The snapshot file null does not exist
2019-09-26 09:52:27,833 INFO  server.RaftServerConfigKeys (ConfUtils.java:logGet(43)) - raft.server.notification.no-leader.timeout = 60s (default)
2019-09-26 09:52:27,834 INFO  server.RaftServerConfigKeys (ConfUtils.java:logGet(43)) - raft.server.notification.no-leader.timeout = 60s (default)
2019-09-26 09:52:27,834 INFO  server.RaftServerConfigKeys (ConfUtils.java:logGet(43)) - raft.server.log.use.memory = false (default)
2019-09-26 09:52:27,834 INFO  server.RaftServerConfigKeys (ConfUtils.java:logGet(43)) - raft.server.log.use.memory = false (default)
2019-09-26 09:52:27,834 INFO  server.RaftServerConfigKeys (ConfUtils.java:logGet(43)) - raft.server.log.purge.gap = 1024 (default)
2019-09-26 09:52:27,834 INFO  server.RaftServerConfigKeys (ConfUtils.java:logGet(43)) - raft.server.log.purge.gap = 1024 (default)
2019-09-26 09:52:27,834 INFO  server.RaftServerConfigKeys (ConfUtils.java:logGet(43)) - raft.server.log.appender.buffer.byte-limit = 4MB (=4194304) (default)
2019-09-26 09:52:27,834 INFO  server.RaftServerConfigKeys (ConfUtils.java:logGet(43)) - raft.server.log.appender.buffer.byte-limit = 4MB (=4194304) (default)
2019-09-26 09:52:27,834 INFO  server.RaftServerConfigKeys (ConfUtils.java:logGet(43)) - raft.server.log.segment.size.max = 8MB (=8388608) (default)
2019-09-26 09:52:27,835 INFO  server.RaftServerConfigKeys (ConfUtils.java:logGet(43)) - raft.server.log.segment.size.max = 8MB (=8388608) (default)
2019-09-26 09:52:27,835 INFO  server.RaftServerConfigKeys (ConfUtils.java:logGet(43)) - raft.server.log.segment.cache.num.max = 6 (default)
2019-09-26 09:52:27,835 INFO  server.RaftServerConfigKeys (ConfUtils.java:logGet(43)) - raft.server.log.segment.cache.num.max = 6 (default)
2019-09-26 09:52:27,835 INFO  segmented.SegmentedRaftLogWorker (SegmentedRaftLogWorker.java:<init>(172)) - new s4@group-FA65EA2C2EF8-SegmentedRaftLogWorker for RaftStorage:Storage Directory /workdir/ratis-test/target/test/data/26da4377/MiniRaftClusterWithSimulatedRpc85ae44e/s4/9ff5c29b-a5ac-4e50-a35e-fa65ea2c2ef8
2019-09-26 09:52:27,835 INFO  segmented.SegmentedRaftLogWorker (SegmentedRaftLogWorker.java:<init>(172)) - new s3@group-FA65EA2C2EF8-SegmentedRaftLogWorker for RaftStorage:Storage Directory /workdir/ratis-test/target/test/data/26da4377/MiniRaftClusterWithSimulatedRpc85ae44e/s3/9ff5c29b-a5ac-4e50-a35e-fa65ea2c2ef8
2019-09-26 09:52:27,841 INFO  server.RaftServerConfigKeys (ConfUtils.java:logGet(43)) - raft.server.log.queue.byte-limit = 64MB (=67108864) (default)
2019-09-26 09:52:27,841 INFO  server.RaftServerConfigKeys (ConfUtils.java:logGet(43)) - raft.server.log.queue.element-limit = 4096 (default)
2019-09-26 09:52:27,841 INFO  server.RaftServerConfigKeys (ConfUtils.java:logGet(43)) - raft.server.log.segment.size.max = 8MB (=8388608) (default)
2019-09-26 09:52:27,841 INFO  server.RaftServerConfigKeys (ConfUtils.java:logGet(43)) - raft.server.log.queue.byte-limit = 64MB (=67108864) (default)
2019-09-26 09:52:27,841 INFO  server.RaftServerConfigKeys (ConfUtils.java:logGet(43)) - raft.server.log.preallocated.size = 4MB (=4194304) (default)
2019-09-26 09:52:27,841 INFO  server.RaftServerConfigKeys (ConfUtils.java:logGet(43)) - raft.server.log.queue.element-limit = 4096 (default)
2019-09-26 09:52:27,841 INFO  server.RaftServerConfigKeys (ConfUtils.java:logGet(43)) - raft.server.log.write.buffer.size = 64KB (=65536) (default)
2019-09-26 09:52:27,842 INFO  server.RaftServerConfigKeys (ConfUtils.java:logGet(43)) - raft.server.log.force.sync.num = 128 (default)
2019-09-26 09:52:27,842 INFO  server.RaftServerConfigKeys (ConfUtils.java:logGet(43)) - raft.server.log.segment.size.max = 8MB (=8388608) (default)
2019-09-26 09:52:27,842 INFO  server.RaftServerConfigKeys (ConfUtils.java:logGet(43)) - raft.server.log.statemachine.data.sync = true (default)
2019-09-26 09:52:27,842 INFO  server.RaftServerConfigKeys (ConfUtils.java:logGet(43)) - raft.server.log.preallocated.size = 4MB (=4194304) (default)
2019-09-26 09:52:27,842 INFO  server.RaftServerConfigKeys (ConfUtils.java:logGet(43)) - raft.server.log.statemachine.data.sync.timeout = 10s (default)
2019-09-26 09:52:27,842 INFO  server.RaftServerConfigKeys (ConfUtils.java:logGet(43)) - raft.server.log.write.buffer.size = 64KB (=65536) (default)
2019-09-26 09:52:27,842 INFO  server.RaftServerConfigKeys (ConfUtils.java:logGet(43)) - raft.server.log.statemachine.data.sync.timeout.retry = -1 (default)
2019-09-26 09:52:27,843 INFO  server.RaftServerConfigKeys (ConfUtils.java:logGet(43)) - raft.server.log.force.sync.num = 128 (default)
2019-09-26 09:52:27,843 INFO  server.RaftServerConfigKeys (ConfUtils.java:logGet(43)) - raft.server.log.statemachine.data.sync = true (default)
2019-09-26 09:52:27,843 INFO  server.RaftServerConfigKeys (ConfUtils.java:logGet(43)) - raft.server.log.statemachine.data.caching.enabled = false (default)
2019-09-26 09:52:27,843 INFO  server.RaftServerConfigKeys (ConfUtils.java:logGet(43)) - raft.server.log.statemachine.data.sync.timeout = 10s (default)
2019-09-26 09:52:27,843 INFO  server.RaftServerConfigKeys (ConfUtils.java:logGet(43)) - raft.server.log.statemachine.data.sync.timeout.retry = -1 (default)
2019-09-26 09:52:27,843 INFO  segmented.SegmentedRaftLogWorker (SegmentedRaftLogWorker.java:lambda$new$0(132)) - s4@group-FA65EA2C2EF8-SegmentedRaftLogWorker: flushIndex: setUnconditionally 0 -> -1
2019-09-26 09:52:27,844 INFO  server.RaftServerConfigKeys (ConfUtils.java:logGet(43)) - raft.server.log.statemachine.data.caching.enabled = false (default)
2019-09-26 09:52:27,844 INFO  server.RaftServerConfigKeys (ConfUtils.java:logGet(43)) - raft.server.snapshot.auto.trigger.enabled = true (custom)
2019-09-26 09:52:27,844 INFO  server.RaftServerConfigKeys (ConfUtils.java:logGet(43)) - raft.server.snapshot.auto.trigger.threshold = 10 (custom)
2019-09-26 09:52:27,844 INFO  segmented.SegmentedRaftLogWorker (SegmentedRaftLogWorker.java:lambda$new$0(132)) - s3@group-FA65EA2C2EF8-SegmentedRaftLogWorker: flushIndex: setUnconditionally 0 -> -1
2019-09-26 09:52:27,844 INFO  server.RaftServerConfigKeys (ConfUtils.java:logGet(43)) - raft.server.snapshot.retention.file.num = -1 (default)
2019-09-26 09:52:27,844 INFO  server.RaftServerConfigKeys (ConfUtils.java:logGet(43)) - raft.server.snapshot.auto.trigger.enabled = true (custom)
2019-09-26 09:52:27,844 INFO  server.RaftServerConfigKeys (ConfUtils.java:logGet(43)) - raft.server.retrycache.expirytime = 60s (default)
2019-09-26 09:52:27,845 INFO  server.RaftServerConfigKeys (ConfUtils.java:logGet(43)) - raft.server.snapshot.auto.trigger.threshold = 10 (custom)
2019-09-26 09:52:27,845 INFO  server.RaftServerConfigKeys (ConfUtils.java:logGet(43)) - raft.server.snapshot.retention.file.num = -1 (default)
2019-09-26 09:52:27,845 INFO  server.RaftServerConfigKeys (ConfUtils.java:logGet(43)) - raft.server.retrycache.expirytime = 60s (default)
2019-09-26 09:52:27,850 INFO  impl.RaftServerImpl (RaftServerImpl.java:start(184)) - s3@group-FA65EA2C2EF8: start with initializing state, conf=-1: [s0:0.0.0.0:33585], old=null
2019-09-26 09:52:27,850 INFO  impl.RaftServerImpl (RaftServerImpl.java:setRole(170)) - s3@group-FA65EA2C2EF8: changes role from      null to FOLLOWER at term 0 for startInitializing
2019-09-26 09:52:27,851 INFO  util.JmxRegister (JmxRegister.java:tryRegister(44)) - Successfully registered JMX Bean with object name Ratis:service=RaftServer,group=group-FA65EA2C2EF8,id=s3
2019-09-26 09:52:27,857 INFO  impl.RaftServerProxy (RaftServerProxy.java:lambda$start$3(299)) - s3: start RPC server
2019-09-26 09:52:27,859 INFO  impl.RaftServerImpl (RaftServerImpl.java:start(184)) - s4@group-FA65EA2C2EF8: start with initializing state, conf=-1: [s0:0.0.0.0:33585], old=null
2019-09-26 09:52:27,859 INFO  impl.RaftServerImpl (RaftServerImpl.java:setRole(170)) - s4@group-FA65EA2C2EF8: changes role from      null to FOLLOWER at term 0 for startInitializing
2019-09-26 09:52:27,860 INFO  util.JmxRegister (JmxRegister.java:tryRegister(44)) - Successfully registered JMX Bean with object name Ratis:service=RaftServer,group=group-FA65EA2C2EF8,id=s4
2019-09-26 09:52:27,864 INFO  impl.RaftServerProxy (RaftServerProxy.java:lambda$start$3(299)) - s4: start RPC server
2019-09-26 09:52:27,867 DEBUG client.RaftClient (ConfUtils.java:logGet(43)) - raft.rpc.type = org.apache.ratis.server.simulation.SimulatedRpc (custom)
2019-09-26 09:52:27,868 INFO  ratis.MiniRaftCluster (MiniRaftCluster.java:setConfiguration(688)) - Start changing the configuration: [s3:null, s4:null, s0:0.0.0.0:33585]
2019-09-26 09:52:27,870 DEBUG client.RaftClient (RaftClientImpl.java:sendRequest(275)) - client-F5426AB97321: send SetConfigurationRequest:client-F5426AB97321->s3@group-FA65EA2C2EF8, cid=39, seq=0, RW, null, peers:[s3:null, s4:null, s0:0.0.0.0:33585]
2019-09-26 09:52:27,871 INFO  impl.RaftServerImpl (RaftServerImpl.java:setConfigurationAsync(658)) - s3@group-FA65EA2C2EF8: receive setConfiguration SetConfigurationRequest:client-F5426AB97321->s3@group-FA65EA2C2EF8, cid=39, seq=0, RW, null, peers:[s3:null, s4:null, s0:0.0.0.0:33585]
2019-09-26 09:52:27,885 DEBUG client.RaftClient (RaftClientImpl.java:handleIOException(343)) - client-F5426AB97321: suggested new leader: null. Failed SetConfigurationRequest:client-F5426AB97321->s3@group-FA65EA2C2EF8, cid=39, seq=0, RW, null, peers:[s3:null, s4:null, s0:0.0.0.0:33585] with org.apache.ratis.protocol.ServerNotReadyException: s3@group-FA65EA2C2EF8 is not in [RUNNING]: current state is STARTING
2019-09-26 09:52:27,887 DEBUG client.RaftClient (RaftClientImpl.java:handleIOException(362)) - client-F5426AB97321: oldLeader=s3,  curLeader=s3, newLeader=s0
2019-09-26 09:52:27,887 DEBUG client.RaftClient (RaftClientImpl.java:handleIOException(370)) - group-FA65EA2C2EF8 client-F5426AB97321: client change Leader from s3 to s0 ex=org.apache.ratis.protocol.ServerNotReadyException
2019-09-26 09:52:27,988 DEBUG client.RaftClient (RaftClientImpl.java:sendRequest(275)) - client-F5426AB97321: send SetConfigurationRequest:client-F5426AB97321->s0@group-FA65EA2C2EF8, cid=39, seq=0, RW, null, peers:[s3:null, s4:null, s0:0.0.0.0:33585]
2019-09-26 09:52:27,988 INFO  impl.RaftServerImpl (RaftServerImpl.java:setConfigurationAsync(658)) - s0@group-FA65EA2C2EF8: receive setConfiguration SetConfigurationRequest:client-F5426AB97321->s0@group-FA65EA2C2EF8, cid=39, seq=0, RW, null, peers:[s3:null, s4:null, s0:0.0.0.0:33585]
2019-09-26 09:52:27,989 INFO  impl.RaftServerImpl (LeaderState.java:startSetConfiguration(287)) - s0@group-FA65EA2C2EF8-LeaderState: startSetConfiguration SetConfigurationRequest:client-F5426AB97321->s0@group-FA65EA2C2EF8, cid=39, seq=0, RW, null, peers:[s3:null, s4:null, s0:0.0.0.0:33585]
2019-09-26 09:52:27,992 INFO  server.RaftServerConfigKeys (ConfUtils.java:logGet(43)) - raft.server.log.appender.snapshot.chunk.size.max = 16MB (=16777216) (default)
2019-09-26 09:52:27,993 INFO  server.RaftServerConfigKeys (ConfUtils.java:logGet(43)) - raft.server.log.appender.buffer.byte-limit = 4MB (=4194304) (default)
2019-09-26 09:52:27,994 INFO  server.RaftServerConfigKeys (ConfUtils.java:logGet(43)) - raft.server.log.appender.buffer.element-limit = 0 (default)
2019-09-26 09:52:27,998 INFO  server.RaftServerConfigKeys (ConfUtils.java:logGet(43)) - raft.server.log.appender.snapshot.chunk.size.max = 16MB (=16777216) (default)
2019-09-26 09:52:27,999 INFO  server.RaftServerConfigKeys (ConfUtils.java:logGet(43)) - raft.server.log.appender.buffer.byte-limit = 4MB (=4194304) (default)
2019-09-26 09:52:27,999 INFO  server.RaftServerConfigKeys (ConfUtils.java:logGet(43)) - raft.server.log.appender.buffer.element-limit = 0 (default)
2019-09-26 09:52:28,053 INFO  impl.RaftServerImpl (ServerState.java:setLeader(254)) - s3@group-FA65EA2C2EF8: change Leader from null to s0 at term 2 for appendEntries, leader elected after 219ms
2019-09-26 09:52:28,053 INFO  impl.RaftServerImpl (ServerState.java:setLeader(254)) - s4@group-FA65EA2C2EF8: change Leader from null to s0 at term 2 for appendEntries, leader elected after 219ms
2019-09-26 09:52:28,057 INFO  impl.RaftServerImpl (RaftServerImpl.java:checkInconsistentAppendEntries(999)) - s4@group-FA65EA2C2EF8: Failed appendEntries as previous log entry ((t:2, i:41)) is not found
2019-09-26 09:52:28,057 INFO  impl.RaftServerImpl (RaftServerImpl.java:checkInconsistentAppendEntries(999)) - s3@group-FA65EA2C2EF8: Failed appendEntries as previous log entry ((t:2, i:41)) is not found
2019-09-26 09:52:28,070 INFO  impl.RaftServerImpl (RaftServerImpl.java:checkInconsistentAppendEntries(972)) - s3@group-FA65EA2C2EF8: inconsistency entries. Reply:s0<-s3#0:FAIL,INCONSISTENCY,nextIndex:1,term:0,followerCommit:-1
2019-09-26 09:52:28,070 INFO  impl.RaftServerImpl (RaftServerImpl.java:checkInconsistentAppendEntries(972)) - s4@group-FA65EA2C2EF8: inconsistency entries. Reply:s0<-s4#0:FAIL,INCONSISTENCY,nextIndex:1,term:0,followerCommit:-1
2019-09-26 09:52:28,086 INFO  impl.FollowerInfo (FollowerInfo.java:lambda$new$0(51)) - s0@group-FA65EA2C2EF8->s3: nextIndex: updateUnconditionally 42 -> 1
2019-09-26 09:52:28,087 INFO  impl.LogAppender (LogAppender.java:runAppenderImpl(455)) - s0@group-FA65EA2C2EF8->s3-LogAppender: followerNextIndex = 1 but logStartIndex = 38, send snapshot (t:1, i:37):[/workdir/ratis-test/target/test/data/26da4377/MiniRaftClusterWithSimulatedRpc85ae44e/s0/9ff5c29b-a5ac-4e50-a35e-fa65ea2c2ef8/sm/snapshot.1_37] to follower
2019-09-26 09:52:28,089 INFO  impl.FollowerInfo (FollowerInfo.java:lambda$new$0(51)) - s0@group-FA65EA2C2EF8->s4: nextIndex: updateUnconditionally 42 -> 1
2019-09-26 09:52:28,089 INFO  impl.LogAppender (LogAppender.java:runAppenderImpl(455)) - s0@group-FA65EA2C2EF8->s4-LogAppender: followerNextIndex = 1 but logStartIndex = 38, send snapshot (t:1, i:37):[/workdir/ratis-test/target/test/data/26da4377/MiniRaftClusterWithSimulatedRpc85ae44e/s0/9ff5c29b-a5ac-4e50-a35e-fa65ea2c2ef8/sm/snapshot.1_37] to follower
2019-09-26 09:52:28,099 INFO  impl.RaftServerImpl (ServerState.java:setRaftConf(355)) - s0@group-FA65EA2C2EF8: set configuration 42: [s3:null, s4:null, s0:0.0.0.0:33585], old=[s0:0.0.0.0:33585] at 42
2019-09-26 09:52:28,116 INFO  impl.RaftServerImpl (RaftServerImpl.java:installSnapshot(1009)) - s4@group-FA65EA2C2EF8: receive installSnapshot: s0->s4#0-t2,chunk:3630190e-177c-4c22-ba71-0276da297b2b,0
2019-09-26 09:52:28,116 INFO  impl.RaftServerImpl (RaftServerImpl.java:installSnapshot(1009)) - s3@group-FA65EA2C2EF8: receive installSnapshot: s0->s3#0-t2,chunk:9d82bda9-18cf-4519-a787-9319010ba113,0
2019-09-26 09:52:28,117 TRACE util.FileUtils (LogUtils.java:runAndLog(61)) - Successfully ran Files.createDirectories /workdir/ratis-test/target/test/data/26da4377/MiniRaftClusterWithSimulatedRpc85ae44e/s4/9ff5c29b-a5ac-4e50-a35e-fa65ea2c2ef8/tmp/b1628ff3-a256-4e7f-b02e-174f72cfa6f5
2019-09-26 09:52:28,117 TRACE util.FileUtils (LogUtils.java:runAndLog(61)) - Successfully ran Files.createDirectories /workdir/ratis-test/target/test/data/26da4377/MiniRaftClusterWithSimulatedRpc85ae44e/s3/9ff5c29b-a5ac-4e50-a35e-fa65ea2c2ef8/tmp/e7b872d8-4864-419d-9eec-ed0edac96618
2019-09-26 09:52:28,129 INFO  storage.SnapshotManager (SnapshotManager.java:installSnapshot(66)) - Installing snapshot:serverRequest {
  requestorId: "s0"
  replyId: "s4"
  raftGroupId {
    id: "\237\365\302\233\245\254NP\243^\372e\352,.\370"
  }
  slidingWindowEntry {
  }
}
leaderTerm: 2
snapshotChunk {
  requestId: "3630190e-177c-4c22-ba71-0276da297b2b"
  termIndex {
    term: 1
    index: 37
  }
  fileChunks {
    filename: "sm/snapshot.1_37"
    fileDigest: "k\217k3p\311Q\377\203R&F\215\264\267\214"
    data: "RaftLog13\b\001\020\001\032-\n\002m0\022\023\n\021StateMachine Datar\020N\016l5gUG\375\245ui\233\351\200\237\344x\023m\340\311\3213\b\001\020\003\032-\n\002m1\022\023\n\021StateMachine Datar\020N\016l5gUG\375\245ui\233\351\200\237\344x\024r\257\021\2423\b\001\020\005\032-\n\002m2\022\023\n\021StateMachine Datar\020N\016l5gUG\375\245ui\233\351\200\237\344x\025\331\246!\3703\b\001\020\a\032-\n\002m3\022\023\n\021StateMachine Datar\020N\016l5gUG\375\245ui\233\351\200\237\344x\026\001sn\2243\b\001\020\t\032-\n\002m4\022\023\n\021StateMachine Datar\020N\016l5gUG\375\245ui\233\351\200\237\344x\027\212X7\2753\b\001\020\v\032-\n\002m5\022\023\n\021StateMachine Datar\020N\016l5gUG\375\245ui\233\351\200\237\344x\030\037\316\267\0013\b\001\020\r\032-\n\002m6\022\023\n\021StateMachine Datar\020N\016l5gUG\375\245ui\233\351\200\237\344x\031\264\307\207[3\b\001\020\017\032-\n\002m7\022\023\n\021StateMachine Datar\020N\016l5gUG\375\245ui\233\351\200\237\344x\032l\022\31073\b\001\020\021\032-\n\002m8\022\023\n\021StateMachine Datar\020N\016l5gUG\375\245ui\233\351\200\237\344x\033\247}C\3703\b\001\020\023\032-\n\002m9\022\023\n\021StateMachine Datar\020N\016l5gUG\375\245ui\233\351\200\237\344x\034\2702\233\2134\b\001\020\025\032.\n\003m10\022\023\n\021StateMachine Datar\020N\016l5gUG\375\245ui\233\351\200\237\344x\035v\340\230\3644\b\001\020\027\032.\n\003m11\022\023\n\021StateMachine Datar\020N\016l5gUG\375\245ui\233\351\200\237\344x\036\034\206\347e4\b\001\020\031\032.\n\003m12\022\023\n\021StateMachine Datar\020N\016l5gUG\375\245ui\233\351\200\237\344x\037E\3526\3774\b\001\020\033\032.\n\003m13\022\023\n\021StateMachine Datar\020N\016l5gUG\375\245ui\233\351\200\237\344x R,\317\0174\b\001\020\035\032.\n\003m14\022\023\n\021StateMachine Datar\020N\016l5gUG\375\245ui\233\351\200\237\344x!\352vY\3604\b\001\020\037\032.\n\003m15\022\023\n\021StateMachine Datar\020N\016l5gUG\375\245ui\233\351\200\237\344x\"\200\020&a4\b\001\020!\032.\n\003m16\022\023\n\021StateMachine Datar\020N\016l5gUG\375\245ui\233\351\200\237\344x#\030\266cO4\b\001\020#\032.\n\003m17\022\023\n\021StateMachine Datar\020N\016l5gUG\375\245ui\233\351\200\237\344x$\265J\213\3014\b\001\020%\032.\n\003m18\022\023\n\021StateMachine Datar\020N\016l5gUG\375\245ui\233\351\200\237\344x%\212)ii"
    done: true
  }
  totalSize: 1081
  done: true
}
, to tmp dir:/workdir/ratis-test/target/test/data/26da4377/MiniRaftClusterWithSimulatedRpc85ae44e/s4/9ff5c29b-a5ac-4e50-a35e-fa65ea2c2ef8/tmp/b1628ff3-a256-4e7f-b02e-174f72cfa6f5
2019-09-26 09:52:28,129 INFO  storage.SnapshotManager (SnapshotManager.java:installSnapshot(66)) - Installing snapshot:serverRequest {
  requestorId: "s0"
  replyId: "s3"
  raftGroupId {
    id: "\237\365\302\233\245\254NP\243^\372e\352,.\370"
  }
  slidingWindowEntry {
  }
}
leaderTerm: 2
snapshotChunk {
  requestId: "9d82bda9-18cf-4519-a787-9319010ba113"
  termIndex {
    term: 1
    index: 37
  }
  fileChunks {
    filename: "sm/snapshot.1_37"
    fileDigest: "k\217k3p\311Q\377\203R&F\215\264\267\214"
    data: "RaftLog13\b\001\020\001\032-\n\002m0\022\023\n\021StateMachine Datar\020N\016l5gUG\375\245ui\233\351\200\237\344x\023m\340\311\3213\b\001\020\003\032-\n\002m1\022\023\n\021StateMachine Datar\020N\016l5gUG\375\245ui\233\351\200\237\344x\024r\257\021\2423\b\001\020\005\032-\n\002m2\022\023\n\021StateMachine Datar\020N\016l5gUG\375\245ui\233\351\200\237\344x\025\331\246!\3703\b\001\020\a\032-\n\002m3\022\023\n\021StateMachine Datar\020N\016l5gUG\375\245ui\233\351\200\237\344x\026\001sn\2243\b\001\020\t\032-\n\002m4\022\023\n\021StateMachine Datar\020N\016l5gUG\375\245ui\233\351\200\237\344x\027\212X7\2753\b\001\020\v\032-\n\002m5\022\023\n\021StateMachine Datar\020N\016l5gUG\375\245ui\233\351\200\237\344x\030\037\316\267\0013\b\001\020\r\032-\n\002m6\022\023\n\021StateMachine Datar\020N\016l5gUG\375\245ui\233\351\200\237\344x\031\264\307\207[3\b\001\020\017\032-\n\002m7\022\023\n\021StateMachine Datar\020N\016l5gUG\375\245ui\233\351\200\237\344x\032l\022\31073\b\001\020\021\032-\n\002m8\022\023\n\021StateMachine Datar\020N\016l5gUG\375\245ui\233\351\200\237\344x\033\247}C\3703\b\001\020\023\032-\n\002m9\022\023\n\021StateMachine Datar\020N\016l5gUG\375\245ui\233\351\200\237\344x\034\2702\233\2134\b\001\020\025\032.\n\003m10\022\023\n\021StateMachine Datar\020N\016l5gUG\375\245ui\233\351\200\237\344x\035v\340\230\3644\b\001\020\027\032.\n\003m11\022\023\n\021StateMachine Datar\020N\016l5gUG\375\245ui\233\351\200\237\344x\036\034\206\347e4\b\001\020\031\032.\n\003m12\022\023\n\021StateMachine Datar\020N\016l5gUG\375\245ui\233\351\200\237\344x\037E\3526\3774\b\001\020\033\032.\n\003m13\022\023\n\021StateMachine Datar\020N\016l5gUG\375\245ui\233\351\200\237\344x R,\317\0174\b\001\020\035\032.\n\003m14\022\023\n\021StateMachine Datar\020N\016l5gUG\375\245ui\233\351\200\237\344x!\352vY\3604\b\001\020\037\032.\n\003m15\022\023\n\021StateMachine Datar\020N\016l5gUG\375\245ui\233\351\200\237\344x\"\200\020&a4\b\001\020!\032.\n\003m16\022\023\n\021StateMachine Datar\020N\016l5gUG\375\245ui\233\351\200\237\344x#\030\266cO4\b\001\020#\032.\n\003m17\022\023\n\021StateMachine Datar\020N\016l5gUG\375\245ui\233\351\200\237\344x$\265J\213\3014\b\001\020%\032.\n\003m18\022\023\n\021StateMachine Datar\020N\016l5gUG\375\245ui\233\351\200\237\344x%\212)ii"
    done: true
  }
  totalSize: 1081
  done: true
}
, to tmp dir:/workdir/ratis-test/target/test/data/26da4377/MiniRaftClusterWithSimulatedRpc85ae44e/s3/9ff5c29b-a5ac-4e50-a35e-fa65ea2c2ef8/tmp/e7b872d8-4864-419d-9eec-ed0edac96618
2019-09-26 09:52:28,143 INFO  storage.SnapshotManager (SnapshotManager.java:installSnapshot(130)) - Install snapshot is done, renaming tnp dir:/workdir/ratis-test/target/test/data/26da4377/MiniRaftClusterWithSimulatedRpc85ae44e/s4/9ff5c29b-a5ac-4e50-a35e-fa65ea2c2ef8/tmp/b1628ff3-a256-4e7f-b02e-174f72cfa6f5 to:/workdir/ratis-test/target/test/data/26da4377/MiniRaftClusterWithSimulatedRpc85ae44e/s4/9ff5c29b-a5ac-4e50-a35e-fa65ea2c2ef8/sm
2019-09-26 09:52:28,143 INFO  storage.SnapshotManager (SnapshotManager.java:installSnapshot(130)) - Install snapshot is done, renaming tnp dir:/workdir/ratis-test/target/test/data/26da4377/MiniRaftClusterWithSimulatedRpc85ae44e/s3/9ff5c29b-a5ac-4e50-a35e-fa65ea2c2ef8/tmp/e7b872d8-4864-419d-9eec-ed0edac96618 to:/workdir/ratis-test/target/test/data/26da4377/MiniRaftClusterWithSimulatedRpc85ae44e/s3/9ff5c29b-a5ac-4e50-a35e-fa65ea2c2ef8/sm
2019-09-26 09:52:28,144 INFO  segmented.SegmentedRaftLogWorker (SegmentedRaftLogWorker.java:lambda$new$0(132)) - s4@group-FA65EA2C2EF8-SegmentedRaftLogWorker: flushIndex: setUnconditionally -1 -> 37
2019-09-26 09:52:28,144 INFO  segmented.SegmentedRaftLogWorker (SegmentedRaftLogWorker.java:lambda$new$0(132)) - s3@group-FA65EA2C2EF8-SegmentedRaftLogWorker: flushIndex: setUnconditionally -1 -> 37
2019-09-26 09:52:28,144 INFO  statemachine.SimpleStateMachine4Testing (SimpleStateMachine4Testing.java:reinitialize(229)) - Reinitializing SimpleStateMachine4Testing:s4:group-FA65EA2C2EF8
2019-09-26 09:52:28,144 INFO  impl.RaftServerImpl (RaftServerImpl.java:checkAndInstallSnapshot(1097)) - s4@group-FA65EA2C2EF8: successfully install the entire snapshot-37
2019-09-26 09:52:28,145 INFO  statemachine.SimpleStateMachine4Testing (SimpleStateMachine4Testing.java:reinitialize(229)) - Reinitializing SimpleStateMachine4Testing:s3:group-FA65EA2C2EF8
2019-09-26 09:52:28,145 INFO  impl.RaftServerImpl (RaftServerImpl.java:checkAndInstallSnapshot(1097)) - s3@group-FA65EA2C2EF8: successfully install the entire snapshot-37
2019-09-26 09:52:28,145 INFO  statemachine.SimpleStateMachine4Testing (SimpleStateMachine4Testing.java:loadSnapshot(300)) - Loading snapshot (t:1, i:37):[/workdir/ratis-test/target/test/data/26da4377/MiniRaftClusterWithSimulatedRpc85ae44e/s4/9ff5c29b-a5ac-4e50-a35e-fa65ea2c2ef8/sm/snapshot.1_37]
2019-09-26 09:52:28,146 INFO  statemachine.SimpleStateMachine4Testing (SimpleStateMachine4Testing.java:put(198)) - s4: put 1, m0 -> (t:1, i:1), STATEMACHINELOGENTRY, client-699BE9809FE4, cid=19
2019-09-26 09:52:28,146 INFO  statemachine.SimpleStateMachine4Testing (SimpleStateMachine4Testing.java:loadSnapshot(300)) - Loading snapshot (t:1, i:37):[/workdir/ratis-test/target/test/data/26da4377/MiniRaftClusterWithSimulatedRpc85ae44e/s3/9ff5c29b-a5ac-4e50-a35e-fa65ea2c2ef8/sm/snapshot.1_37]
2019-09-26 09:52:28,146 INFO  statemachine.SimpleStateMachine4Testing (SimpleStateMachine4Testing.java:put(198)) - s4: put 3, m1 -> (t:1, i:3), STATEMACHINELOGENTRY, client-699BE9809FE4, cid=20
2019-09-26 09:52:28,146 INFO  statemachine.SimpleStateMachine4Testing (SimpleStateMachine4Testing.java:put(198)) - s4: put 5, m2 -> (t:1, i:5), STATEMACHINELOGENTRY, client-699BE9809FE4, cid=21
2019-09-26 09:52:28,146 INFO  statemachine.SimpleStateMachine4Testing (SimpleStateMachine4Testing.java:put(198)) - s3: put 1, m0 -> (t:1, i:1), STATEMACHINELOGENTRY, client-699BE9809FE4, cid=19
2019-09-26 09:52:28,146 INFO  statemachine.SimpleStateMachine4Testing (SimpleStateMachine4Testing.java:put(198)) - s4: put 7, m3 -> (t:1, i:7), STATEMACHINELOGENTRY, client-699BE9809FE4, cid=22
2019-09-26 09:52:28,147 INFO  statemachine.SimpleStateMachine4Testing (SimpleStateMachine4Testing.java:put(198)) - s3: put 3, m1 -> (t:1, i:3), STATEMACHINELOGENTRY, client-699BE9809FE4, cid=20
2019-09-26 09:52:28,147 INFO  statemachine.SimpleStateMachine4Testing (SimpleStateMachine4Testing.java:put(198)) - s4: put 9, m4 -> (t:1, i:9), STATEMACHINELOGENTRY, client-699BE9809FE4, cid=23
2019-09-26 09:52:28,147 INFO  statemachine.SimpleStateMachine4Testing (SimpleStateMachine4Testing.java:put(198)) - s3: put 5, m2 -> (t:1, i:5), STATEMACHINELOGENTRY, client-699BE9809FE4, cid=21
2019-09-26 09:52:28,147 INFO  statemachine.SimpleStateMachine4Testing (SimpleStateMachine4Testing.java:put(198)) - s4: put 11, m5 -> (t:1, i:11), STATEMACHINELOGENTRY, client-699BE9809FE4, cid=24
2019-09-26 09:52:28,148 INFO  statemachine.SimpleStateMachine4Testing (SimpleStateMachine4Testing.java:put(198)) - s3: put 7, m3 -> (t:1, i:7), STATEMACHINELOGENTRY, client-699BE9809FE4, cid=22
2019-09-26 09:52:28,148 INFO  statemachine.SimpleStateMachine4Testing (SimpleStateMachine4Testing.java:put(198)) - s4: put 13, m6 -> (t:1, i:13), STATEMACHINELOGENTRY, client-699BE9809FE4, cid=25
2019-09-26 09:52:28,148 INFO  statemachine.SimpleStateMachine4Testing (SimpleStateMachine4Testing.java:put(198)) - s3: put 9, m4 -> (t:1, i:9), STATEMACHINELOGENTRY, client-699BE9809FE4, cid=23
2019-09-26 09:52:28,148 INFO  statemachine.SimpleStateMachine4Testing (SimpleStateMachine4Testing.java:put(198)) - s4: put 15, m7 -> (t:1, i:15), STATEMACHINELOGENTRY, client-699BE9809FE4, cid=26
2019-09-26 09:52:28,148 INFO  statemachine.SimpleStateMachine4Testing (SimpleStateMachine4Testing.java:put(198)) - s3: put 11, m5 -> (t:1, i:11), STATEMACHINELOGENTRY, client-699BE9809FE4, cid=24
2019-09-26 09:52:28,148 INFO  statemachine.SimpleStateMachine4Testing (SimpleStateMachine4Testing.java:put(198)) - s4: put 17, m8 -> (t:1, i:17), STATEMACHINELOGENTRY, client-699BE9809FE4, cid=27
2019-09-26 09:52:28,148 INFO  statemachine.SimpleStateMachine4Testing (SimpleStateMachine4Testing.java:put(198)) - s3: put 13, m6 -> (t:1, i:13), STATEMACHINELOGENTRY, client-699BE9809FE4, cid=25
2019-09-26 09:52:28,149 INFO  statemachine.SimpleStateMachine4Testing (SimpleStateMachine4Testing.java:put(198)) - s4: put 19, m9 -> (t:1, i:19), STATEMACHINELOGENTRY, client-699BE9809FE4, cid=28
2019-09-26 09:52:28,149 INFO  statemachine.SimpleStateMachine4Testing (SimpleStateMachine4Testing.java:put(198)) - s4: put 21, m10 -> (t:1, i:21), STATEMACHINELOGENTRY, client-699BE9809FE4, cid=29
2019-09-26 09:52:28,149 INFO  statemachine.SimpleStateMachine4Testing (SimpleStateMachine4Testing.java:put(198)) - s3: put 15, m7 -> (t:1, i:15), STATEMACHINELOGENTRY, client-699BE9809FE4, cid=26
2019-09-26 09:52:28,149 INFO  statemachine.SimpleStateMachine4Testing (SimpleStateMachine4Testing.java:put(198)) - s4: put 23, m11 -> (t:1, i:23), STATEMACHINELOGENTRY, client-699BE9809FE4, cid=30
2019-09-26 09:52:28,149 INFO  statemachine.SimpleStateMachine4Testing (SimpleStateMachine4Testing.java:put(198)) - s3: put 17, m8 -> (t:1, i:17), STATEMACHINELOGENTRY, client-699BE9809FE4, cid=27
2019-09-26 09:52:28,149 INFO  statemachine.SimpleStateMachine4Testing (SimpleStateMachine4Testing.java:put(198)) - s4: put 25, m12 -> (t:1, i:25), STATEMACHINELOGENTRY, client-699BE9809FE4, cid=31
2019-09-26 09:52:28,150 INFO  statemachine.SimpleStateMachine4Testing (SimpleStateMachine4Testing.java:put(198)) - s3: put 19, m9 -> (t:1, i:19), STATEMACHINELOGENTRY, client-699BE9809FE4, cid=28
2019-09-26 09:52:28,150 INFO  statemachine.SimpleStateMachine4Testing (SimpleStateMachine4Testing.java:put(198)) - s4: put 27, m13 -> (t:1, i:27), STATEMACHINELOGENTRY, client-699BE9809FE4, cid=32
2019-09-26 09:52:28,150 INFO  statemachine.SimpleStateMachine4Testing (SimpleStateMachine4Testing.java:put(198)) - s3: put 21, m10 -> (t:1, i:21), STATEMACHINELOGENTRY, client-699BE9809FE4, cid=29
2019-09-26 09:52:28,150 INFO  statemachine.SimpleStateMachine4Testing (SimpleStateMachine4Testing.java:put(198)) - s4: put 29, m14 -> (t:1, i:29), STATEMACHINELOGENTRY, client-699BE9809FE4, cid=33
2019-09-26 09:52:28,150 INFO  statemachine.SimpleStateMachine4Testing (SimpleStateMachine4Testing.java:put(198)) - s3: put 23, m11 -> (t:1, i:23), STATEMACHINELOGENTRY, client-699BE9809FE4, cid=30
2019-09-26 09:52:28,151 INFO  statemachine.SimpleStateMachine4Testing (SimpleStateMachine4Testing.java:put(198)) - s4: put 31, m15 -> (t:1, i:31), STATEMACHINELOGENTRY, client-699BE9809FE4, cid=34
2019-09-26 09:52:28,151 INFO  statemachine.SimpleStateMachine4Testing (SimpleStateMachine4Testing.java:put(198)) - s3: put 25, m12 -> (t:1, i:25), STATEMACHINELOGENTRY, client-699BE9809FE4, cid=31
2019-09-26 09:52:28,151 INFO  statemachine.SimpleStateMachine4Testing (SimpleStateMachine4Testing.java:put(198)) - s4: put 33, m16 -> (t:1, i:33), STATEMACHINELOGENTRY, client-699BE9809FE4, cid=35
2019-09-26 09:52:28,151 INFO  statemachine.SimpleStateMachine4Testing (SimpleStateMachine4Testing.java:put(198)) - s3: put 27, m13 -> (t:1, i:27), STATEMACHINELOGENTRY, client-699BE9809FE4, cid=32
2019-09-26 09:52:28,151 INFO  statemachine.SimpleStateMachine4Testing (SimpleStateMachine4Testing.java:put(198)) - s4: put 35, m17 -> (t:1, i:35), STATEMACHINELOGENTRY, client-699BE9809FE4, cid=36
2019-09-26 09:52:28,151 INFO  statemachine.SimpleStateMachine4Testing (SimpleStateMachine4Testing.java:put(198)) - s3: put 29, m14 -> (t:1, i:29), STATEMACHINELOGENTRY, client-699BE9809FE4, cid=33
2019-09-26 09:52:28,152 INFO  statemachine.SimpleStateMachine4Testing (SimpleStateMachine4Testing.java:put(198)) - s4: put 37, m18 -> (t:1, i:37), STATEMACHINELOGENTRY, client-699BE9809FE4, cid=37
2019-09-26 09:52:28,152 INFO  statemachine.SimpleStateMachine4Testing (SimpleStateMachine4Testing.java:put(198)) - s3: put 31, m15 -> (t:1, i:31), STATEMACHINELOGENTRY, client-699BE9809FE4, cid=34
2019-09-26 09:52:28,152 INFO  statemachine.SimpleStateMachine4Testing (SimpleStateMachine4Testing.java:put(198)) - s3: put 33, m16 -> (t:1, i:33), STATEMACHINELOGENTRY, client-699BE9809FE4, cid=35
2019-09-26 09:52:28,152 INFO  impl.StateMachineUpdater (StateMachineUpdater.java:lambda$new$0(84)) - s4@group-FA65EA2C2EF8-StateMachineUpdater: snapshotIndex: setUnconditionally -1 -> 37
2019-09-26 09:52:28,152 INFO  impl.StateMachineUpdater (StateMachineUpdater.java:lambda$new$0(84)) - s4@group-FA65EA2C2EF8-StateMachineUpdater: appliedIndex: setUnconditionally -1 -> 37
2019-09-26 09:52:28,152 INFO  statemachine.SimpleStateMachine4Testing (SimpleStateMachine4Testing.java:put(198)) - s3: put 35, m17 -> (t:1, i:35), STATEMACHINELOGENTRY, client-699BE9809FE4, cid=36
2019-09-26 09:52:28,153 INFO  statemachine.SimpleStateMachine4Testing (SimpleStateMachine4Testing.java:put(198)) - s3: put 37, m18 -> (t:1, i:37), STATEMACHINELOGENTRY, client-699BE9809FE4, cid=37
2019-09-26 09:52:28,153 INFO  impl.StateMachineUpdater (StateMachineUpdater.java:lambda$new$0(84)) - s3@group-FA65EA2C2EF8-StateMachineUpdater: snapshotIndex: setUnconditionally -1 -> 37
2019-09-26 09:52:28,153 INFO  impl.StateMachineUpdater (StateMachineUpdater.java:lambda$new$0(84)) - s3@group-FA65EA2C2EF8-StateMachineUpdater: appliedIndex: setUnconditionally -1 -> 37
2019-09-26 09:52:28,153 INFO  impl.RaftServerImpl (RaftServerImpl.java:installSnapshot(1019)) - s3@group-FA65EA2C2EF8: reply installSnapshot: s0<-s3#0:OK-t2,SUCCESS,requestIndex=0
2019-09-26 09:52:28,153 INFO  impl.RaftServerImpl (RaftServerImpl.java:installSnapshot(1019)) - s4@group-FA65EA2C2EF8: reply installSnapshot: s0<-s4#0:OK-t2,SUCCESS,requestIndex=0
2019-09-26 09:52:28,171 INFO  impl.FollowerInfo (FollowerInfo.java:lambda$new$0(51)) - s0@group-FA65EA2C2EF8->s4: matchIndex: setUnconditionally 0 -> 37
2019-09-26 09:52:28,171 INFO  impl.FollowerInfo (FollowerInfo.java:lambda$new$0(51)) - s0@group-FA65EA2C2EF8->s4: nextIndex: setUnconditionally 1 -> 38
2019-09-26 09:52:28,172 INFO  impl.LogAppender (LogAppender.java:installSnapshot(429)) - s0@group-FA65EA2C2EF8->s4-LogAppender: installSnapshot (t:1, i:37):[/workdir/ratis-test/target/test/data/26da4377/MiniRaftClusterWithSimulatedRpc85ae44e/s0/9ff5c29b-a5ac-4e50-a35e-fa65ea2c2ef8/sm/snapshot.1_37] successfully
2019-09-26 09:52:28,173 INFO  impl.FollowerInfo (FollowerInfo.java:lambda$new$0(51)) - s0@group-FA65EA2C2EF8->s3: matchIndex: setUnconditionally 0 -> 37
2019-09-26 09:52:28,173 INFO  impl.FollowerInfo (FollowerInfo.java:lambda$new$0(51)) - s0@group-FA65EA2C2EF8->s3: nextIndex: setUnconditionally 1 -> 38
2019-09-26 09:52:28,173 INFO  impl.LogAppender (LogAppender.java:installSnapshot(429)) - s0@group-FA65EA2C2EF8->s3-LogAppender: installSnapshot (t:1, i:37):[/workdir/ratis-test/target/test/data/26da4377/MiniRaftClusterWithSimulatedRpc85ae44e/s0/9ff5c29b-a5ac-4e50-a35e-fa65ea2c2ef8/sm/snapshot.1_37] successfully
2019-09-26 09:52:28,181 DEBUG impl.RaftServerImpl (RaftServerImpl.java:logAppendEntries(850)) - s3@group-FA65EA2C2EF8: receive appendEntries(s0, 2, (t:1, i:37), 41, false, commits[s0:c41, s3:c-1, s4:c-1], entries: [(t:2, i:38), CONFIGURATIONENTRY, (t:2, i:39), METADATAENTRY(c38), (t:2, i:40), STATEMACHINELOGENTRY, client-397938C73CDB, cid=38, (t:2, i:41), METADATAENTRY(c40), (t:2, i:42), CONFIGURATIONENTRY]
2019-09-26 09:52:28,181 DEBUG impl.RaftServerImpl (RaftServerImpl.java:logAppendEntries(850)) - s4@group-FA65EA2C2EF8: receive appendEntries(s0, 2, (t:1, i:37), 41, false, commits[s0:c41, s3:c-1, s4:c-1], entries: [(t:2, i:38), CONFIGURATIONENTRY, (t:2, i:39), METADATAENTRY(c38), (t:2, i:40), STATEMACHINELOGENTRY, client-397938C73CDB, cid=38, (t:2, i:41), METADATAENTRY(c40), (t:2, i:42), CONFIGURATIONENTRY]
2019-09-26 09:52:28,181 INFO  impl.RoleInfo (RoleInfo.java:updateAndGet(143)) - s3: start FollowerState
2019-09-26 09:52:28,181 INFO  impl.RoleInfo (RoleInfo.java:updateAndGet(143)) - s4: start FollowerState
2019-09-26 09:52:28,184 INFO  impl.RaftServerImpl (ServerState.java:setRaftConf(355)) - s3@group-FA65EA2C2EF8: set configuration 38: [s0:0.0.0.0:33585], old=null at 38
2019-09-26 09:52:28,184 INFO  impl.RaftServerImpl (ServerState.java:setRaftConf(355)) - s4@group-FA65EA2C2EF8: set configuration 38: [s0:0.0.0.0:33585], old=null at 38
2019-09-26 09:52:28,185 INFO  impl.RaftServerImpl (ServerState.java:setRaftConf(355)) - s3@group-FA65EA2C2EF8: set configuration 42: [s3:, s4:, s0:0.0.0.0:33585], old=[s0:0.0.0.0:33585] at 42
2019-09-26 09:52:28,185 INFO  impl.RaftServerImpl (ServerState.java:setRaftConf(355)) - s4@group-FA65EA2C2EF8: set configuration 42: [s3:, s4:, s0:0.0.0.0:33585], old=[s0:0.0.0.0:33585] at 42
2019-09-26 09:52:28,186 DEBUG raftlog.RaftLog (SegmentedRaftLog.java:appendImpl(425)) - truncateIndex=-1, arrayIndex=0
2019-09-26 09:52:28,186 DEBUG raftlog.RaftLog (SegmentedRaftLog.java:appendImpl(425)) - truncateIndex=-1, arrayIndex=0
2019-09-26 09:52:28,186 INFO  segmented.SegmentedRaftLogWorker (SegmentedRaftLogWorker.java:startLogSegment(380)) - s3@group-FA65EA2C2EF8-SegmentedRaftLogWorker: Starting segment from index:38
2019-09-26 09:52:28,186 INFO  segmented.SegmentedRaftLogWorker (SegmentedRaftLogWorker.java:startLogSegment(380)) - s4@group-FA65EA2C2EF8-SegmentedRaftLogWorker: Starting segment from index:38
2019-09-26 09:52:28,314 INFO  segmented.SegmentedRaftLogWorker (SegmentedRaftLogWorker.java:execute(569)) - s3@group-FA65EA2C2EF8-SegmentedRaftLogWorker: created new log segment /workdir/ratis-test/target/test/data/26da4377/MiniRaftClusterWithSimulatedRpc85ae44e/s3/9ff5c29b-a5ac-4e50-a35e-fa65ea2c2ef8/current/log_inprogress_38
2019-09-26 09:52:28,314 INFO  segmented.SegmentedRaftLogWorker (SegmentedRaftLogWorker.java:execute(569)) - s4@group-FA65EA2C2EF8-SegmentedRaftLogWorker: created new log segment /workdir/ratis-test/target/test/data/26da4377/MiniRaftClusterWithSimulatedRpc85ae44e/s4/9ff5c29b-a5ac-4e50-a35e-fa65ea2c2ef8/current/log_inprogress_38
2019-09-26 09:52:28,328 DEBUG impl.RaftServerImpl (RaftServerImpl.java:logAppendEntries(850)) - s4@group-FA65EA2C2EF8: succeeded to handle AppendEntries. Reply: s0<-s4#0:OK,SUCCESS,nextIndex:43,term:2,followerCommit:41
2019-09-26 09:52:28,328 INFO  statemachine.SimpleStateMachine4Testing (SimpleStateMachine4Testing.java:put(198)) - s4: put 40, m19 -> (t:2, i:40), STATEMACHINELOGENTRY, client-397938C73CDB, cid=38
2019-09-26 09:52:28,329 DEBUG impl.RaftServerImpl (RaftServerImpl.java:logAppendEntries(850)) - s3@group-FA65EA2C2EF8: succeeded to handle AppendEntries. Reply: s0<-s3#0:OK,SUCCESS,nextIndex:43,term:2,followerCommit:41
2019-09-26 09:52:28,329 INFO  statemachine.SimpleStateMachine4Testing (SimpleStateMachine4Testing.java:put(198)) - s3: put 40, m19 -> (t:2, i:40), STATEMACHINELOGENTRY, client-397938C73CDB, cid=38
2019-09-26 09:52:28,344 DEBUG impl.RaftServerImpl (RaftServerImpl.java:logAppendEntries(850)) - s4@group-FA65EA2C2EF8: receive appendEntries(s0, 2, (t:2, i:42), 42, false, commits[s0:c42, s3:c-1, s4:c41], entries: (t:2, i:43), METADATAENTRY(c42)
2019-09-26 09:52:28,344 DEBUG raftlog.RaftLog (SegmentedRaftLog.java:appendImpl(425)) - truncateIndex=-1, arrayIndex=0
2019-09-26 09:52:28,345 DEBUG impl.RaftServerImpl (RaftServerImpl.java:logAppendEntries(850)) - s3@group-FA65EA2C2EF8: receive appendEntries(s0, 2, (t:2, i:42), 42, false, commits[s0:c42, s3:c41, s4:c41], entries: (t:2, i:43), METADATAENTRY(c42)
2019-09-26 09:52:28,346 INFO  impl.RaftServerImpl (ServerState.java:setRaftConf(355)) - s0@group-FA65EA2C2EF8: set configuration 44: [s3:null, s4:null, s0:0.0.0.0:33585], old=null at 44
2019-09-26 09:52:28,347 DEBUG raftlog.RaftLog (SegmentedRaftLog.java:appendImpl(425)) - truncateIndex=-1, arrayIndex=0
2019-09-26 09:52:28,355 DEBUG impl.RaftServerImpl (RaftServerImpl.java:logAppendEntries(850)) - s3@group-FA65EA2C2EF8: succeeded to handle AppendEntries. Reply: s0<-s3#0:OK,SUCCESS,nextIndex:44,term:2,followerCommit:42
2019-09-26 09:52:28,355 DEBUG impl.RaftServerImpl (RaftServerImpl.java:logAppendEntries(850)) - s4@group-FA65EA2C2EF8: succeeded to handle AppendEntries. Reply: s0<-s4#0:OK,SUCCESS,nextIndex:44,term:2,followerCommit:42
2019-09-26 09:52:28,367 DEBUG impl.RaftServerImpl (RaftServerImpl.java:logAppendEntries(850)) - s4@group-FA65EA2C2EF8: receive appendEntries(s0, 2, (t:2, i:43), 43, false, commits[s0:c43, s3:c41, s4:c42], entries: (t:2, i:44), CONFIGURATIONENTRY
2019-09-26 09:52:28,367 INFO  impl.RaftServerImpl (ServerState.java:setRaftConf(355)) - s4@group-FA65EA2C2EF8: set configuration 44: [s3:, s4:, s0:0.0.0.0:33585], old=null at 44
2019-09-26 09:52:28,368 DEBUG raftlog.RaftLog (SegmentedRaftLog.java:appendImpl(425)) - truncateIndex=-1, arrayIndex=0
2019-09-26 09:52:28,369 DEBUG impl.RaftServerImpl (RaftServerImpl.java:logAppendEntries(850)) - s3@group-FA65EA2C2EF8: receive appendEntries(s0, 2, (t:2, i:43), 43, false, commits[s0:c43, s3:c42, s4:c42], entries: (t:2, i:44), CONFIGURATIONENTRY
2019-09-26 09:52:28,369 INFO  impl.RaftServerImpl (ServerState.java:setRaftConf(355)) - s3@group-FA65EA2C2EF8: set configuration 44: [s3:, s4:, s0:0.0.0.0:33585], old=null at 44
2019-09-26 09:52:28,370 DEBUG raftlog.RaftLog (SegmentedRaftLog.java:appendImpl(425)) - truncateIndex=-1, arrayIndex=0
2019-09-26 09:52:28,380 DEBUG impl.RaftServerImpl (RaftServerImpl.java:logAppendEntries(850)) - s4@group-FA65EA2C2EF8: succeeded to handle AppendEntries. Reply: s0<-s4#0:OK,SUCCESS,nextIndex:45,term:2,followerCommit:43
2019-09-26 09:52:28,380 DEBUG impl.RaftServerImpl (RaftServerImpl.java:logAppendEntries(850)) - s3@group-FA65EA2C2EF8: succeeded to handle AppendEntries. Reply: s0<-s3#0:OK,SUCCESS,nextIndex:45,term:2,followerCommit:43
2019-09-26 09:52:28,391 DEBUG impl.RaftServerImpl (RaftServerImpl.java:logAppendEntries(850)) - s4@group-FA65EA2C2EF8: receive appendEntries(s0, 2, (t:2, i:44), 44, false, commits[s0:c44, s3:c43, s4:c43], entries: (t:2, i:45), METADATAENTRY(c44)
2019-09-26 09:52:28,392 DEBUG impl.RaftServerImpl (RaftServerImpl.java:logAppendEntries(850)) - s3@group-FA65EA2C2EF8: receive appendEntries(s0, 2, (t:2, i:44), 44, false, commits[s0:c44, s3:c43, s4:c43], entries: (t:2, i:45), METADATAENTRY(c44)
2019-09-26 09:52:28,392 DEBUG raftlog.RaftLog (SegmentedRaftLog.java:appendImpl(425)) - truncateIndex=-1, arrayIndex=0
2019-09-26 09:52:28,392 DEBUG raftlog.RaftLog (SegmentedRaftLog.java:appendImpl(425)) - truncateIndex=-1, arrayIndex=0
2019-09-26 09:52:28,402 DEBUG impl.RaftServerImpl (RaftServerImpl.java:logAppendEntries(850)) - s4@group-FA65EA2C2EF8: succeeded to handle AppendEntries. Reply: s0<-s4#0:OK,SUCCESS,nextIndex:46,term:2,followerCommit:44
2019-09-26 09:52:28,403 DEBUG impl.RaftServerImpl (RaftServerImpl.java:logAppendEntries(850)) - s3@group-FA65EA2C2EF8: succeeded to handle AppendEntries. Reply: s0<-s3#0:OK,SUCCESS,nextIndex:46,term:2,followerCommit:44
2019-09-26 09:52:28,409 DEBUG client.RaftClient (RaftClientImpl.java:sendRequest(285)) - client-F5426AB97321: receive RaftClientReply:client-F5426AB97321->s0@group-FA65EA2C2EF8, cid=39, SUCCESS, logIndex=0, commits[s0:c44, s3:c43, s4:c43]
2019-09-26 09:52:28,409 INFO  server.RaftServerConfigKeys (ConfUtils.java:logGet(43)) - raft.server.rpc.timeout.max = 300ms (default)
2019-09-26 09:52:28,412 INFO  impl.RaftServerTestUtil (RaftServerTestUtil.java:waitAndCheckNewConf(58)) - waitAndCheckNewConf: peers=[s3:null, s4:null, s0:0.0.0.0:33585], deadPeers=null, printing ALL groups
  s3:  RUNNING  FOLLOWER s3@group-FA65EA2C2EF8:t2, leader=s0, voted=null, raftlog=s3@group-FA65EA2C2EF8-SegmentedRaftLog:OPENED:c44,f45,i45, conf=44: [s3:, s4:, s0:0.0.0.0:33585], old=null RUNNING
  s4:  RUNNING  FOLLOWER s4@group-FA65EA2C2EF8:t2, leader=s0, voted=null, raftlog=s4@group-FA65EA2C2EF8-SegmentedRaftLog:OPENED:c44,f45,i45, conf=44: [s3:, s4:, s0:0.0.0.0:33585], old=null RUNNING
  s0:  RUNNING    LEADER s0@group-FA65EA2C2EF8:t2, leader=s0, voted=s0, raftlog=s0@group-FA65EA2C2EF8-SegmentedRaftLog:OPENED:c44,f45,i45, conf=44: [s3:null, s4:null, s0:0.0.0.0:33585], old=null RUNNING
2019-09-26 09:52:28,413 INFO  impl.RaftServerTestUtil (RaftServerTestUtil.java:waitAndCheckNewConf(66)) - checking  FOLLOWER s3@group-FA65EA2C2EF8:t2, leader=s0, voted=null, raftlog=s3@group-FA65EA2C2EF8-SegmentedRaftLog:OPENED:c44,f45,i45, conf=44: [s3:, s4:, s0:0.0.0.0:33585], old=null RUNNING
2019-09-26 09:52:28,413 INFO  impl.RaftServerTestUtil (RaftServerTestUtil.java:waitAndCheckNewConf(66)) - checking  FOLLOWER s4@group-FA65EA2C2EF8:t2, leader=s0, voted=null, raftlog=s4@group-FA65EA2C2EF8-SegmentedRaftLog:OPENED:c44,f45,i45, conf=44: [s3:, s4:, s0:0.0.0.0:33585], old=null RUNNING
2019-09-26 09:52:28,414 INFO  impl.RaftServerTestUtil (RaftServerTestUtil.java:waitAndCheckNewConf(66)) - checking    LEADER s0@group-FA65EA2C2EF8:t2, leader=s0, voted=s0, raftlog=s0@group-FA65EA2C2EF8-SegmentedRaftLog:OPENED:c44,f45,i45, conf=44: [s3:null, s4:null, s0:0.0.0.0:33585], old=null RUNNING
2019-09-26 09:52:28,414 INFO  ratis.MiniRaftCluster (MiniRaftCluster.java:killServer(458)) - killServer s0
2019-09-26 09:52:28,414 INFO  impl.RaftServerProxy (RaftServerProxy.java:lambda$close$4(314)) - s0: close
2019-09-26 09:52:28,415 INFO  impl.RaftServerImpl (RaftServerImpl.java:lambda$shutdown$3(247)) - s0@group-FA65EA2C2EF8: shutdown
2019-09-26 09:52:28,415 INFO  util.JmxRegister (JmxRegister.java:unregister(73)) - Successfully un-registered JMX Bean with object name Ratis:service=RaftServer,group=group-FA65EA2C2EF8,id=s0
2019-09-26 09:52:28,415 INFO  impl.RoleInfo (RoleInfo.java:shutdownLeaderState(104)) - s0: shutdown LeaderState
2019-09-26 09:52:28,416 INFO  impl.LogAppender (LogAppender.java:run(78)) - s0@group-FA65EA2C2EF8->s3-LogAppender-AppenderDaemon was interrupted: java.lang.InterruptedException
2019-09-26 09:52:28,416 INFO  impl.LogAppender (LogAppender.java:run(78)) - s0@group-FA65EA2C2EF8->s4-LogAppender-AppenderDaemon was interrupted: java.io.InterruptedIOException: 
2019-09-26 09:52:28,416 INFO  impl.PendingRequests (PendingRequests.java:sendNotLeaderResponses(202)) - s0@group-FA65EA2C2EF8-PendingRequests: sendNotLeaderResponses
2019-09-26 09:52:28,418 INFO  impl.StateMachineUpdater (StateMachineUpdater.java:stopAndJoin(136)) - s0@group-FA65EA2C2EF8-StateMachineUpdater: set stopIndex = 44
2019-09-26 09:52:28,506 INFO  impl.StateMachineUpdater (StateMachineUpdater.java:takeSnapshot(269)) - s0@group-FA65EA2C2EF8-StateMachineUpdater: Took a snapshot at index 40
2019-09-26 09:52:28,506 INFO  impl.StateMachineUpdater (StateMachineUpdater.java:lambda$new$0(84)) - s0@group-FA65EA2C2EF8-StateMachineUpdater: snapshotIndex: updateIncreasingly 37 -> 40
2019-09-26 09:52:28,604 INFO  impl.StateMachineUpdater (StateMachineUpdater.java:takeSnapshot(269)) - s0@group-FA65EA2C2EF8-StateMachineUpdater: Took a snapshot at index 40
2019-09-26 09:52:28,604 INFO  impl.StateMachineUpdater (StateMachineUpdater.java:lambda$new$0(84)) - s0@group-FA65EA2C2EF8-StateMachineUpdater: snapshotIndex: updateIncreasingly 40 -> 40
2019-09-26 09:52:28,604 INFO  impl.RaftServerImpl (ServerState.java:close(386)) - s0@group-FA65EA2C2EF8: closes. applyIndex: 44
2019-09-26 09:52:28,605 INFO  segmented.SegmentedRaftLogWorker (SegmentedRaftLogWorker.java:run(313)) - s0@group-FA65EA2C2EF8-SegmentedRaftLogWorker was interrupted, exiting. There are 0 tasks remaining in the queue.
2019-09-26 09:52:28,608 INFO  segmented.SegmentedRaftLogWorker (SegmentedRaftLogWorker.java:close(228)) - s0@group-FA65EA2C2EF8-SegmentedRaftLogWorker close()
2019-09-26 09:52:28,610 INFO  simulation.RequestHandler (RequestHandler.java:run(126)) - s0.clientHandler0 is interrupted by java.io.InterruptedIOException: 
2019-09-26 09:52:28,610 INFO  simulation.RequestHandler (RequestHandler.java:run(126)) - s0.clientHandler1 is interrupted by java.io.InterruptedIOException: 
2019-09-26 09:52:28,610 INFO  simulation.RequestHandler (RequestHandler.java:run(126)) - s0.clientHandler2 is interrupted by java.io.InterruptedIOException: 
2019-09-26 09:52:28,611 INFO  simulation.RequestHandler (RequestHandler.java:run(126)) - s0.serverHandler0 is interrupted by java.io.InterruptedIOException: 
2019-09-26 09:52:28,611 INFO  simulation.RequestHandler (RequestHandler.java:run(126)) - s0.serverHandler1 is interrupted by java.io.InterruptedIOException: 
2019-09-26 09:52:28,611 INFO  simulation.RequestHandler (RequestHandler.java:run(126)) - s0.serverHandler2 is interrupted by java.io.InterruptedIOException: 
2019-09-26 09:52:28,612 INFO  ratis.MiniRaftCluster (MiniRaftCluster.java:newRaftServer(330)) - newRaftServer: s0, group-FA65EA2C2EF8:[s3:null, s4:null, s0:0.0.0.0:33585], format? false
2019-09-26 09:52:28,613 INFO  impl.RaftServerProxy (ConfUtils.java:logGet(43)) - raft.rpc.type = org.apache.ratis.server.simulation.SimulatedRpc (custom)
2019-09-26 09:52:28,614 INFO  server.RaftServerConfigKeys (ConfUtils.java:logGet(43)) - raft.server.storage.dir = [/workdir/ratis-test/target/test/data/26da4377/MiniRaftClusterWithSimulatedRpc85ae44e/s0] (custom)
2019-09-26 09:52:28,614 INFO  impl.RaftServerProxy (RaftServerProxy.java:lambda$null$0(191)) - s0: found a subdirectory /workdir/ratis-test/target/test/data/26da4377/MiniRaftClusterWithSimulatedRpc85ae44e/s0/9ff5c29b-a5ac-4e50-a35e-fa65ea2c2ef8
2019-09-26 09:52:28,615 INFO  impl.RaftServerProxy (RaftServerProxy.java:addNew(89)) - s0: addNew group-FA65EA2C2EF8:[s3:null, s4:null, s0:0.0.0.0:33585] returns group-FA65EA2C2EF8:java.util.concurrent.CompletableFuture@6e39fb57[Not completed]
2019-09-26 09:52:28,615 INFO  server.RaftServerConfigKeys (ConfUtils.java:logGet(43)) - raft.server.log.segment.size.max = 8MB (=8388608) (default)
2019-09-26 09:52:28,615 INFO  server.RaftServerConfigKeys (ConfUtils.java:logGet(43)) - raft.server.log.preallocated.size = 4MB (=4194304) (default)
2019-09-26 09:52:28,615 INFO  server.RaftServerConfigKeys (ConfUtils.java:logGet(43)) - raft.server.log.write.buffer.size = 64KB (=65536) (default)
2019-09-26 09:52:28,616 INFO  impl.RaftServerImpl (RaftServerImpl.java:<init>(95)) - s0: new RaftServerImpl for group-FA65EA2C2EF8:[s3:null, s4:null, s0:0.0.0.0:33585] with SimpleStateMachine4Testing:uninitialized
2019-09-26 09:52:28,616 INFO  server.RaftServerConfigKeys (ConfUtils.java:logGet(43)) - raft.server.rpc.timeout.min = 150ms (default)
2019-09-26 09:52:28,616 INFO  server.RaftServerConfigKeys (ConfUtils.java:logGet(43)) - raft.server.rpc.timeout.max = 300ms (default)
2019-09-26 09:52:28,616 INFO  server.RaftServerConfigKeys (ConfUtils.java:logGet(43)) - raft.server.rpcslowness.timeout = 60s (default)
2019-09-26 09:52:28,617 INFO  server.RaftServerConfigKeys (ConfUtils.java:logGet(43)) - raft.server.sleep.deviation.threshold = 300 (default)
2019-09-26 09:52:28,617 INFO  server.RaftServerConfigKeys (ConfUtils.java:logGet(43)) - raft.server.log.appender.install.snapshot.enabled = true (default)
2019-09-26 09:52:28,617 INFO  impl.RaftServerImpl (ServerState.java:<init>(103)) - s0@group-FA65EA2C2EF8: ConfigurationManager, init=-1: [s3:null, s4:null, s0:0.0.0.0:33585], old=null, confs=<EMPTY_MAP>
2019-09-26 09:52:28,617 INFO  server.RaftServerConfigKeys (ConfUtils.java:logGet(43)) - raft.server.storage.dir = [/workdir/ratis-test/target/test/data/26da4377/MiniRaftClusterWithSimulatedRpc85ae44e/s0] (custom)
2019-09-26 09:52:28,618 INFO  server.RaftServerConfigKeys (ConfUtils.java:logGet(43)) - raft.server.log.corruption.policy = EXCEPTION (default)
2019-09-26 09:52:28,632 INFO  storage.RaftStorageDirectory (RaftStorageDirectory.java:tryLock(328)) - Lock on /workdir/ratis-test/target/test/data/26da4377/MiniRaftClusterWithSimulatedRpc85ae44e/s0/9ff5c29b-a5ac-4e50-a35e-fa65ea2c2ef8/in_use.lock acquired by nodename 5614@ratis-test-kn96w-682825239
2019-09-26 09:52:28,633 INFO  statemachine.SimpleStateMachine4Testing (SimpleStateMachine4Testing.java:initialize(206)) - Initializing SimpleStateMachine4Testing:uninitialized
2019-09-26 09:52:28,634 INFO  statemachine.SimpleStateMachine4Testing (SimpleStateMachine4Testing.java:loadSnapshot(300)) - Loading snapshot (t:2, i:40):[/workdir/ratis-test/target/test/data/26da4377/MiniRaftClusterWithSimulatedRpc85ae44e/s0/9ff5c29b-a5ac-4e50-a35e-fa65ea2c2ef8/sm/snapshot.2_40]
2019-09-26 09:52:28,635 INFO  statemachine.SimpleStateMachine4Testing (SimpleStateMachine4Testing.java:put(198)) - s0: put 1, m0 -> (t:1, i:1), STATEMACHINELOGENTRY, client-699BE9809FE4, cid=19
2019-09-26 09:52:28,635 INFO  statemachine.SimpleStateMachine4Testing (SimpleStateMachine4Testing.java:put(198)) - s0: put 3, m1 -> (t:1, i:3), STATEMACHINELOGENTRY, client-699BE9809FE4, cid=20
2019-09-26 09:52:28,635 INFO  statemachine.SimpleStateMachine4Testing (SimpleStateMachine4Testing.java:put(198)) - s0: put 5, m2 -> (t:1, i:5), STATEMACHINELOGENTRY, client-699BE9809FE4, cid=21
2019-09-26 09:52:28,636 INFO  statemachine.SimpleStateMachine4Testing (SimpleStateMachine4Testing.java:put(198)) - s0: put 7, m3 -> (t:1, i:7), STATEMACHINELOGENTRY, client-699BE9809FE4, cid=22
2019-09-26 09:52:28,636 INFO  statemachine.SimpleStateMachine4Testing (SimpleStateMachine4Testing.java:put(198)) - s0: put 9, m4 -> (t:1, i:9), STATEMACHINELOGENTRY, client-699BE9809FE4, cid=23
2019-09-26 09:52:28,636 INFO  statemachine.SimpleStateMachine4Testing (SimpleStateMachine4Testing.java:put(198)) - s0: put 11, m5 -> (t:1, i:11), STATEMACHINELOGENTRY, client-699BE9809FE4, cid=24
2019-09-26 09:52:28,636 INFO  statemachine.SimpleStateMachine4Testing (SimpleStateMachine4Testing.java:put(198)) - s0: put 13, m6 -> (t:1, i:13), STATEMACHINELOGENTRY, client-699BE9809FE4, cid=25
2019-09-26 09:52:28,637 INFO  statemachine.SimpleStateMachine4Testing (SimpleStateMachine4Testing.java:put(198)) - s0: put 15, m7 -> (t:1, i:15), STATEMACHINELOGENTRY, client-699BE9809FE4, cid=26
2019-09-26 09:52:28,637 INFO  statemachine.SimpleStateMachine4Testing (SimpleStateMachine4Testing.java:put(198)) - s0: put 17, m8 -> (t:1, i:17), STATEMACHINELOGENTRY, client-699BE9809FE4, cid=27
2019-09-26 09:52:28,637 INFO  statemachine.SimpleStateMachine4Testing (SimpleStateMachine4Testing.java:put(198)) - s0: put 19, m9 -> (t:1, i:19), STATEMACHINELOGENTRY, client-699BE9809FE4, cid=28
2019-09-26 09:52:28,638 INFO  statemachine.SimpleStateMachine4Testing (SimpleStateMachine4Testing.java:put(198)) - s0: put 21, m10 -> (t:1, i:21), STATEMACHINELOGENTRY, client-699BE9809FE4, cid=29
2019-09-26 09:52:28,638 INFO  statemachine.SimpleStateMachine4Testing (SimpleStateMachine4Testing.java:put(198)) - s0: put 23, m11 -> (t:1, i:23), STATEMACHINELOGENTRY, client-699BE9809FE4, cid=30
2019-09-26 09:52:28,638 INFO  statemachine.SimpleStateMachine4Testing (SimpleStateMachine4Testing.java:put(198)) - s0: put 25, m12 -> (t:1, i:25), STATEMACHINELOGENTRY, client-699BE9809FE4, cid=31
2019-09-26 09:52:28,639 INFO  statemachine.SimpleStateMachine4Testing (SimpleStateMachine4Testing.java:put(198)) - s0: put 27, m13 -> (t:1, i:27), STATEMACHINELOGENTRY, client-699BE9809FE4, cid=32
2019-09-26 09:52:28,639 INFO  statemachine.SimpleStateMachine4Testing (SimpleStateMachine4Testing.java:put(198)) - s0: put 29, m14 -> (t:1, i:29), STATEMACHINELOGENTRY, client-699BE9809FE4, cid=33
2019-09-26 09:52:28,639 INFO  statemachine.SimpleStateMachine4Testing (SimpleStateMachine4Testing.java:put(198)) - s0: put 31, m15 -> (t:1, i:31), STATEMACHINELOGENTRY, client-699BE9809FE4, cid=34
2019-09-26 09:52:28,639 INFO  statemachine.SimpleStateMachine4Testing (SimpleStateMachine4Testing.java:put(198)) - s0: put 33, m16 -> (t:1, i:33), STATEMACHINELOGENTRY, client-699BE9809FE4, cid=35
2019-09-26 09:52:28,640 INFO  statemachine.SimpleStateMachine4Testing (SimpleStateMachine4Testing.java:put(198)) - s0: put 35, m17 -> (t:1, i:35), STATEMACHINELOGENTRY, client-699BE9809FE4, cid=36
2019-09-26 09:52:28,640 INFO  statemachine.SimpleStateMachine4Testing (SimpleStateMachine4Testing.java:put(198)) - s0: put 37, m18 -> (t:1, i:37), STATEMACHINELOGENTRY, client-699BE9809FE4, cid=37
2019-09-26 09:52:28,640 INFO  statemachine.SimpleStateMachine4Testing (SimpleStateMachine4Testing.java:put(198)) - s0: put 40, m19 -> (t:2, i:40), STATEMACHINELOGENTRY, client-397938C73CDB, cid=38
2019-09-26 09:52:28,642 INFO  impl.RaftServerImpl (ServerState.java:setRaftConf(355)) - s0@group-FA65EA2C2EF8: set configuration 44: [s3:, s4:, s0:0.0.0.0:33585], old=null at 44
2019-09-26 09:52:28,642 INFO  server.RaftServerConfigKeys (ConfUtils.java:logGet(43)) - raft.server.notification.no-leader.timeout = 60s (default)
2019-09-26 09:52:28,642 INFO  server.RaftServerConfigKeys (ConfUtils.java:logGet(43)) - raft.server.log.use.memory = false (default)
2019-09-26 09:52:28,642 INFO  server.RaftServerConfigKeys (ConfUtils.java:logGet(43)) - raft.server.log.purge.gap = 1024 (default)
2019-09-26 09:52:28,642 INFO  server.RaftServerConfigKeys (ConfUtils.java:logGet(43)) - raft.server.log.appender.buffer.byte-limit = 4MB (=4194304) (default)
2019-09-26 09:52:28,643 INFO  server.RaftServerConfigKeys (ConfUtils.java:logGet(43)) - raft.server.log.segment.size.max = 8MB (=8388608) (default)
2019-09-26 09:52:28,643 INFO  server.RaftServerConfigKeys (ConfUtils.java:logGet(43)) - raft.server.log.segment.cache.num.max = 6 (default)
2019-09-26 09:52:28,643 INFO  segmented.SegmentedRaftLogWorker (SegmentedRaftLogWorker.java:<init>(172)) - new s0@group-FA65EA2C2EF8-SegmentedRaftLogWorker for RaftStorage:Storage Directory /workdir/ratis-test/target/test/data/26da4377/MiniRaftClusterWithSimulatedRpc85ae44e/s0/9ff5c29b-a5ac-4e50-a35e-fa65ea2c2ef8
2019-09-26 09:52:28,643 INFO  server.RaftServerConfigKeys (ConfUtils.java:logGet(43)) - raft.server.log.queue.byte-limit = 64MB (=67108864) (default)
2019-09-26 09:52:28,643 INFO  server.RaftServerConfigKeys (ConfUtils.java:logGet(43)) - raft.server.log.queue.element-limit = 4096 (default)
2019-09-26 09:52:28,644 INFO  server.RaftServerConfigKeys (ConfUtils.java:logGet(43)) - raft.server.log.segment.size.max = 8MB (=8388608) (default)
2019-09-26 09:52:28,644 INFO  server.RaftServerConfigKeys (ConfUtils.java:logGet(43)) - raft.server.log.preallocated.size = 4MB (=4194304) (default)
2019-09-26 09:52:28,644 INFO  server.RaftServerConfigKeys (ConfUtils.java:logGet(43)) - raft.server.log.write.buffer.size = 64KB (=65536) (default)
2019-09-26 09:52:28,644 INFO  server.RaftServerConfigKeys (ConfUtils.java:logGet(43)) - raft.server.log.force.sync.num = 128 (default)
2019-09-26 09:52:28,644 INFO  server.RaftServerConfigKeys (ConfUtils.java:logGet(43)) - raft.server.log.statemachine.data.sync = true (default)
2019-09-26 09:52:28,644 INFO  server.RaftServerConfigKeys (ConfUtils.java:logGet(43)) - raft.server.log.statemachine.data.sync.timeout = 10s (default)
2019-09-26 09:52:28,645 INFO  server.RaftServerConfigKeys (ConfUtils.java:logGet(43)) - raft.server.log.statemachine.data.sync.timeout.retry = -1 (default)
2019-09-26 09:52:28,645 INFO  server.RaftServerConfigKeys (ConfUtils.java:logGet(43)) - raft.server.log.statemachine.data.caching.enabled = false (default)
2019-09-26 09:52:28,646 INFO  impl.RaftServerImpl (ServerState.java:setRaftConf(355)) - s0@group-FA65EA2C2EF8: set configuration 38: [s0:0.0.0.0:33585], old=null at 38
2019-09-26 09:52:28,646 INFO  impl.RaftServerImpl (ServerState.java:setRaftConf(355)) - s0@group-FA65EA2C2EF8: set configuration 42: [s3:, s4:, s0:0.0.0.0:33585], old=[s0:0.0.0.0:33585] at 42
2019-09-26 09:52:28,647 INFO  impl.RaftServerImpl (ServerState.java:setRaftConf(355)) - s0@group-FA65EA2C2EF8: set configuration 44: [s3:, s4:, s0:0.0.0.0:33585], old=null at 44
2019-09-26 09:52:28,647 INFO  segmented.LogSegment (LogSegment.java:loadSegment(136)) - Successfully read 8 entries from segment file /workdir/ratis-test/target/test/data/26da4377/MiniRaftClusterWithSimulatedRpc85ae44e/s0/9ff5c29b-a5ac-4e50-a35e-fa65ea2c2ef8/current/log_inprogress_38
2019-09-26 09:52:28,647 INFO  segmented.SegmentedRaftLogWorker (SegmentedRaftLogWorker.java:lambda$new$0(132)) - s0@group-FA65EA2C2EF8-SegmentedRaftLogWorker: flushIndex: setUnconditionally 0 -> 45
2019-09-26 09:52:28,648 INFO  raftlog.RaftLog (RaftLog.java:lambda$new$0(61)) - s0@group-FA65EA2C2EF8-SegmentedRaftLog: commitIndex: updateToMax old=40, new=44, updated? true
2019-09-26 09:52:28,648 INFO  raftlog.RaftLog (RaftLog.java:lambda$new$0(61)) - s0@group-FA65EA2C2EF8-SegmentedRaftLog: purgeIndex: updateIncreasingly -1 -> 37
2019-09-26 09:52:28,649 INFO  server.RaftServerConfigKeys (ConfUtils.java:logGet(43)) - raft.server.snapshot.auto.trigger.enabled = true (custom)
2019-09-26 09:52:28,649 INFO  server.RaftServerConfigKeys (ConfUtils.java:logGet(43)) - raft.server.snapshot.auto.trigger.threshold = 10 (custom)
2019-09-26 09:52:28,649 INFO  server.RaftServerConfigKeys (ConfUtils.java:logGet(43)) - raft.server.snapshot.retention.file.num = -1 (default)
2019-09-26 09:52:28,649 INFO  server.RaftServerConfigKeys (ConfUtils.java:logGet(43)) - raft.server.retrycache.expirytime = 60s (default)
2019-09-26 09:52:28,650 INFO  impl.RaftServerImpl (RaftServerImpl.java:start(181)) - s0@group-FA65EA2C2EF8: start as a follower, conf=44: [s3:, s4:, s0:0.0.0.0:33585], old=null
2019-09-26 09:52:28,650 INFO  impl.RaftServerImpl (RaftServerImpl.java:setRole(170)) - s0@group-FA65EA2C2EF8: changes role from      null to FOLLOWER at term 2 for startAsFollower
2019-09-26 09:52:28,651 INFO  impl.RoleInfo (RoleInfo.java:updateAndGet(143)) - s0: start FollowerState
2019-09-26 09:52:28,651 INFO  util.JmxRegister (JmxRegister.java:tryRegister(44)) - Successfully registered JMX Bean with object name Ratis:service=RaftServer,group=group-FA65EA2C2EF8,id=s0
2019-09-26 09:52:28,652 INFO  impl.RaftServerProxy (RaftServerProxy.java:lambda$start$3(299)) - s0: start RPC server
2019-09-26 09:52:28,653 INFO  server.RaftServerConfigKeys (ConfUtils.java:logGet(43)) - raft.server.rpc.timeout.max = 300ms (default)
2019-09-26 09:52:28,654 INFO  ratis.RaftTestUtil (RaftTestUtil.java:waitForLeader(86)) - printing ALL groups
  s3:  RUNNING  FOLLOWER s3@group-FA65EA2C2EF8:t2, leader=s0, voted=null, raftlog=s3@group-FA65EA2C2EF8-SegmentedRaftLog:OPENED:c44,f45,i45, conf=44: [s3:, s4:, s0:0.0.0.0:33585], old=null RUNNING
  s4:  RUNNING  FOLLOWER s4@group-FA65EA2C2EF8:t2, leader=s0, voted=null, raftlog=s4@group-FA65EA2C2EF8-SegmentedRaftLog:OPENED:c44,f45,i45, conf=44: [s3:, s4:, s0:0.0.0.0:33585], old=null RUNNING
  s0:  RUNNING  FOLLOWER s0@group-FA65EA2C2EF8:t2, leader=null, voted=s0, raftlog=s0@group-FA65EA2C2EF8-SegmentedRaftLog:OPENED:c44,f45,i45, conf=44: [s3:, s4:, s0:0.0.0.0:33585], old=null RUNNING
2019-09-26 09:52:28,655 WARN  ratis.RaftTestUtil (JavaUtils.java:attempt(158)) - FAILED "waitForLeader-null-(expectLeader? true)", attempt #1/100: java.lang.IllegalStateException: No leader yet : printing ALL groups
  s3:  RUNNING  FOLLOWER s3@group-FA65EA2C2EF8:t2, leader=s0, voted=null, raftlog=s3@group-FA65EA2C2EF8-SegmentedRaftLog:OPENED:c44,f45,i45, conf=44: [s3:, s4:, s0:0.0.0.0:33585], old=null RUNNING
  s4:  RUNNING  FOLLOWER s4@group-FA65EA2C2EF8:t2, leader=s0, voted=null, raftlog=s4@group-FA65EA2C2EF8-SegmentedRaftLog:OPENED:c44,f45,i45, conf=44: [s3:, s4:, s0:0.0.0.0:33585], old=null RUNNING
  s0:  RUNNING  FOLLOWER s0@group-FA65EA2C2EF8:t2, leader=null, voted=s0, raftlog=s0@group-FA65EA2C2EF8-SegmentedRaftLog:OPENED:c44,f45,i45, conf=44: [s3:, s4:, s0:0.0.0.0:33585], old=null RUNNING, sleep 450ms and then retry.
java.lang.IllegalStateException: No leader yet : printing ALL groups
  s3:  RUNNING  FOLLOWER s3@group-FA65EA2C2EF8:t2, leader=s0, voted=null, raftlog=s3@group-FA65EA2C2EF8-SegmentedRaftLog:OPENED:c44,f45,i45, conf=44: [s3:, s4:, s0:0.0.0.0:33585], old=null RUNNING
  s4:  RUNNING  FOLLOWER s4@group-FA65EA2C2EF8:t2, leader=s0, voted=null, raftlog=s4@group-FA65EA2C2EF8-SegmentedRaftLog:OPENED:c44,f45,i45, conf=44: [s3:, s4:, s0:0.0.0.0:33585], old=null RUNNING
  s0:  RUNNING  FOLLOWER s0@group-FA65EA2C2EF8:t2, leader=null, voted=s0, raftlog=s0@group-FA65EA2C2EF8-SegmentedRaftLog:OPENED:c44,f45,i45, conf=44: [s3:, s4:, s0:0.0.0.0:33585], old=null RUNNING
	at org.apache.ratis.MiniRaftCluster.newIllegalStateExceptionForNoLeaders(MiniRaftCluster.java:506)
	at org.apache.ratis.RaftTestUtil.lambda$waitForLeader$1(RaftTestUtil.java:90)
	at org.apache.ratis.MiniRaftCluster.getLeader(MiniRaftCluster.java:539)
	at org.apache.ratis.MiniRaftCluster.getLeader(MiniRaftCluster.java:532)
	at org.apache.ratis.RaftTestUtil.lambda$waitForLeader$3(RaftTestUtil.java:98)
	at org.apache.ratis.util.JavaUtils.attempt(JavaUtils.java:152)
	at org.apache.ratis.RaftTestUtil.waitForLeader(RaftTestUtil.java:97)
	at org.apache.ratis.RaftTestUtil.waitForLeader(RaftTestUtil.java:77)
	at org.apache.ratis.RaftTestUtil.waitForLeader(RaftTestUtil.java:72)
	at org.apache.ratis.statemachine.RaftSnapshotBaseTest.assertLeaderContent(RaftSnapshotBaseTest.java:74)
	at org.apache.ratis.statemachine.RaftSnapshotBaseTest.testBasicInstallSnapshot(RaftSnapshotBaseTest.java:220)
	at sun.reflect.NativeMethodAccessorImpl.invoke0(Native Method)
	at sun.reflect.NativeMethodAccessorImpl.invoke(NativeMethodAccessorImpl.java:62)
	at sun.reflect.DelegatingMethodAccessorImpl.invoke(DelegatingMethodAccessorImpl.java:43)
	at java.lang.reflect.Method.invoke(Method.java:498)
	at org.junit.runners.model.FrameworkMethod$1.runReflectiveCall(FrameworkMethod.java:50)
	at org.junit.internal.runners.model.ReflectiveCallable.run(ReflectiveCallable.java:12)
	at org.junit.runners.model.FrameworkMethod.invokeExplosively(FrameworkMethod.java:47)
	at org.junit.internal.runners.statements.InvokeMethod.evaluate(InvokeMethod.java:17)
	at org.junit.internal.runners.statements.RunBefores.evaluate(RunBefores.java:26)
	at org.junit.internal.runners.statements.RunAfters.evaluate(RunAfters.java:27)
	at org.junit.internal.runners.statements.FailOnTimeout$CallableStatement.call(FailOnTimeout.java:298)
	at org.junit.internal.runners.statements.FailOnTimeout$CallableStatement.call(FailOnTimeout.java:292)
	at java.util.concurrent.FutureTask.run(FutureTask.java:266)
	at java.lang.Thread.run(Thread.java:748)
2019-09-26 09:52:28,699 INFO  impl.FollowerState (FollowerState.java:run(108)) - s3@group-FA65EA2C2EF8-FollowerState: change to CANDIDATE, lastRpcTime:296ms, electionTimeout:295ms
2019-09-26 09:52:28,700 INFO  impl.RoleInfo (RoleInfo.java:shutdownFollowerState(121)) - s3: shutdown FollowerState
2019-09-26 09:52:28,700 INFO  impl.RaftServerImpl (RaftServerImpl.java:setRole(170)) - s3@group-FA65EA2C2EF8: changes role from  FOLLOWER to CANDIDATE at term 2 for changeToCandidate
2019-09-26 09:52:28,700 INFO  impl.RoleInfo (RoleInfo.java:updateAndGet(143)) - s3: start LeaderElection
2019-09-26 09:52:28,701 INFO  impl.RaftServerImpl (ServerState.java:setLeader(254)) - s3@group-FA65EA2C2EF8: change Leader from s0 to null at term 2 for initElection
2019-09-26 09:52:28,715 INFO  impl.LeaderElection (LeaderElection.java:askForVotes(178)) - s3@group-FA65EA2C2EF8-LeaderElection5: begin an election at term 3 for 44: [s3:, s4:, s0:0.0.0.0:33585], old=null
2019-09-26 09:52:28,726 DEBUG impl.RaftServerImpl (RaftServerImpl.java:requestVote(743)) - s4@group-FA65EA2C2EF8: receive requestVote(s3, group-FA65EA2C2EF8, 3, (t:2, i:45))
2019-09-26 09:52:28,726 DEBUG impl.RaftServerImpl (RaftServerImpl.java:requestVote(743)) - s0@group-FA65EA2C2EF8: receive requestVote(s3, group-FA65EA2C2EF8, 3, (t:2, i:45))
2019-09-26 09:52:28,726 INFO  impl.RaftServerImpl (ServerState.java:setLeader(254)) - s4@group-FA65EA2C2EF8: change Leader from s0 to null at term 3 for updateCurrentTerm
2019-09-26 09:52:28,726 INFO  impl.RaftServerImpl (RaftServerImpl.java:setRole(170)) - s0@group-FA65EA2C2EF8: changes role from  FOLLOWER to FOLLOWER at term 3 for recognizeCandidate:s3
2019-09-26 09:52:28,727 INFO  impl.RaftServerImpl (RaftServerImpl.java:setRole(170)) - s4@group-FA65EA2C2EF8: changes role from  FOLLOWER to FOLLOWER at term 3 for recognizeCandidate:s3
2019-09-26 09:52:28,727 INFO  impl.RoleInfo (RoleInfo.java:shutdownFollowerState(121)) - s0: shutdown FollowerState
2019-09-26 09:52:28,727 INFO  impl.RoleInfo (RoleInfo.java:shutdownFollowerState(121)) - s4: shutdown FollowerState
2019-09-26 09:52:28,727 INFO  impl.RoleInfo (RoleInfo.java:updateAndGet(143)) - s0: start FollowerState
2019-09-26 09:52:28,727 INFO  impl.FollowerState (FollowerState.java:run(117)) - s4@group-FA65EA2C2EF8-FollowerState was interrupted: java.lang.InterruptedException: sleep interrupted
2019-09-26 09:52:28,727 INFO  impl.RoleInfo (RoleInfo.java:updateAndGet(143)) - s4: start FollowerState
2019-09-26 09:52:28,727 INFO  impl.FollowerState (FollowerState.java:run(117)) - s0@group-FA65EA2C2EF8-FollowerState was interrupted: java.lang.InterruptedException: sleep interrupted
2019-09-26 09:52:28,747 DEBUG impl.RaftServerImpl (RaftServerImpl.java:requestVote(775)) - s0@group-FA65EA2C2EF8 replies to vote request: s3<-s0#0:OK-t3. Peer's state: s0@group-FA65EA2C2EF8:t3, leader=null, voted=s3, raftlog=s0@group-FA65EA2C2EF8-SegmentedRaftLog:OPENED:c44,f45,i45, conf=44: [s3:, s4:, s0:0.0.0.0:33585], old=null
2019-09-26 09:52:28,747 DEBUG impl.RaftServerImpl (RaftServerImpl.java:requestVote(775)) - s4@group-FA65EA2C2EF8 replies to vote request: s3<-s4#0:OK-t3. Peer's state: s4@group-FA65EA2C2EF8:t3, leader=null, voted=s3, raftlog=s4@group-FA65EA2C2EF8-SegmentedRaftLog:OPENED:c44,f45,i45, conf=44: [s3:, s4:, s0:0.0.0.0:33585], old=null
2019-09-26 09:52:28,761 INFO  impl.LeaderElection (LeaderElection.java:logAndReturn(56)) - s3@group-FA65EA2C2EF8-LeaderElection5: Election PASSED; received 1 response(s) [s3<-s4#0:OK-t3] and 0 exception(s); s3@group-FA65EA2C2EF8:t3, leader=null, voted=s3, raftlog=s3@group-FA65EA2C2EF8-SegmentedRaftLog:OPENED:c44,f45,i45, conf=44: [s3:, s4:, s0:0.0.0.0:33585], old=null
2019-09-26 09:52:28,761 INFO  impl.RoleInfo (RoleInfo.java:shutdownLeaderElection(134)) - s3: shutdown LeaderElection
2019-09-26 09:52:28,762 INFO  impl.RaftServerImpl (RaftServerImpl.java:setRole(170)) - s3@group-FA65EA2C2EF8: changes role from CANDIDATE to LEADER at term 3 for changeToLeader
2019-09-26 09:52:28,762 INFO  impl.RaftServerImpl (ServerState.java:setLeader(254)) - s3@group-FA65EA2C2EF8: change Leader from null to s3 at term 3 for becomeLeader, leader elected after 61ms
2019-09-26 09:52:28,763 INFO  server.RaftServerConfigKeys (ConfUtils.java:logGet(43)) - raft.server.staging.catchup.gap = 1000 (default)
2019-09-26 09:52:28,763 INFO  server.RaftServerConfigKeys (ConfUtils.java:logGet(43)) - raft.server.rpc.sleep.time = 25ms (default)
2019-09-26 09:52:28,763 INFO  server.RaftServerConfigKeys (ConfUtils.java:logGet(43)) - raft.server.write.element-limit = 4096 (default)
2019-09-26 09:52:28,763 INFO  server.RaftServerConfigKeys (ConfUtils.java:logGet(43)) - raft.server.watch.timeout = 10s (default)
2019-09-26 09:52:28,764 INFO  server.RaftServerConfigKeys (ConfUtils.java:logGet(43)) - raft.server.watch.timeout.denomination = 1s (default)
2019-09-26 09:52:28,764 INFO  server.RaftServerConfigKeys (ConfUtils.java:logGet(43)) - raft.server.watch.element-limit = 65536 (default)
2019-09-26 09:52:28,768 INFO  server.RaftServerConfigKeys (ConfUtils.java:logGet(43)) - raft.server.log.appender.snapshot.chunk.size.max = 16MB (=16777216) (default)
2019-09-26 09:52:28,768 INFO  server.RaftServerConfigKeys (ConfUtils.java:logGet(43)) - raft.server.log.appender.buffer.byte-limit = 4MB (=4194304) (default)
2019-09-26 09:52:28,769 INFO  server.RaftServerConfigKeys (ConfUtils.java:logGet(43)) - raft.server.log.appender.buffer.element-limit = 0 (default)
2019-09-26 09:52:28,769 INFO  server.RaftServerConfigKeys (ConfUtils.java:logGet(43)) - raft.server.log.appender.snapshot.chunk.size.max = 16MB (=16777216) (default)
2019-09-26 09:52:28,769 INFO  server.RaftServerConfigKeys (ConfUtils.java:logGet(43)) - raft.server.log.appender.buffer.byte-limit = 4MB (=4194304) (default)
2019-09-26 09:52:28,769 INFO  server.RaftServerConfigKeys (ConfUtils.java:logGet(43)) - raft.server.log.appender.buffer.element-limit = 0 (default)
2019-09-26 09:52:28,770 INFO  impl.RoleInfo (RoleInfo.java:updateAndGet(143)) - s3: start LeaderState
2019-09-26 09:52:28,770 DEBUG raftlog.RaftLog (SegmentedRaftLog.java:appendImpl(425)) - truncateIndex=-1, arrayIndex=0
2019-09-26 09:52:28,771 INFO  segmented.SegmentedRaftLogWorker (SegmentedRaftLogWorker.java:rollLogSegment(385)) - s3@group-FA65EA2C2EF8-SegmentedRaftLogWorker: Rolling segment log-38_45 to index:45
2019-09-26 09:52:28,772 INFO  impl.RaftServerImpl (ServerState.java:setRaftConf(355)) - s3@group-FA65EA2C2EF8: set configuration 46: [s3:, s4:, s0:0.0.0.0:33585], old=null at 46
2019-09-26 09:52:28,773 INFO  impl.RaftServerImpl (ServerState.java:setLeader(254)) - s4@group-FA65EA2C2EF8: change Leader from null to s3 at term 3 for appendEntries, leader elected after 46ms
2019-09-26 09:52:28,773 INFO  impl.RaftServerImpl (ServerState.java:setLeader(254)) - s0@group-FA65EA2C2EF8: change Leader from null to s3 at term 3 for appendEntries, leader elected after 131ms
2019-09-26 09:52:28,775 TRACE util.FileUtils (LogUtils.java:runAndLog(61)) - Successfully ran Files.move /workdir/ratis-test/target/test/data/26da4377/MiniRaftClusterWithSimulatedRpc85ae44e/s3/9ff5c29b-a5ac-4e50-a35e-fa65ea2c2ef8/current/log_inprogress_38 to /workdir/ratis-test/target/test/data/26da4377/MiniRaftClusterWithSimulatedRpc85ae44e/s3/9ff5c29b-a5ac-4e50-a35e-fa65ea2c2ef8/current/log_38-45
2019-09-26 09:52:28,775 INFO  segmented.SegmentedRaftLogWorker (SegmentedRaftLogWorker.java:execute(526)) - s3@group-FA65EA2C2EF8-SegmentedRaftLogWorker: Rolled log segment from /workdir/ratis-test/target/test/data/26da4377/MiniRaftClusterWithSimulatedRpc85ae44e/s3/9ff5c29b-a5ac-4e50-a35e-fa65ea2c2ef8/current/log_inprogress_38 to /workdir/ratis-test/target/test/data/26da4377/MiniRaftClusterWithSimulatedRpc85ae44e/s3/9ff5c29b-a5ac-4e50-a35e-fa65ea2c2ef8/current/log_38-45
2019-09-26 09:52:28,879 DEBUG impl.RaftServerImpl (RaftServerImpl.java:logAppendEntries(850)) - s0@group-FA65EA2C2EF8: receive appendEntries(s3, 3, (t:2, i:45), 44, false, commits[s3:c44, s4:c44, s0:c44], entries: (t:3, i:46), CONFIGURATIONENTRY
2019-09-26 09:52:28,879 DEBUG impl.RaftServerImpl (RaftServerImpl.java:logAppendEntries(850)) - s4@group-FA65EA2C2EF8: receive appendEntries(s3, 3, (t:2, i:45), 44, false, commits[s3:c44, s4:c44, s0:c44], entries: (t:3, i:46), CONFIGURATIONENTRY
2019-09-26 09:52:28,880 INFO  impl.RaftServerImpl (ServerState.java:setRaftConf(355)) - s0@group-FA65EA2C2EF8: set configuration 46: [s3:, s4:, s0:0.0.0.0:33585], old=null at 46
2019-09-26 09:52:28,880 INFO  impl.RaftServerImpl (ServerState.java:setRaftConf(355)) - s4@group-FA65EA2C2EF8: set configuration 46: [s3:, s4:, s0:0.0.0.0:33585], old=null at 46
2019-09-26 09:52:28,880 DEBUG raftlog.RaftLog (SegmentedRaftLog.java:appendImpl(425)) - truncateIndex=-1, arrayIndex=0
2019-09-26 09:52:28,880 DEBUG raftlog.RaftLog (SegmentedRaftLog.java:appendImpl(425)) - truncateIndex=-1, arrayIndex=0
2019-09-26 09:52:28,880 INFO  segmented.SegmentedRaftLogWorker (SegmentedRaftLogWorker.java:rollLogSegment(385)) - s0@group-FA65EA2C2EF8-SegmentedRaftLogWorker: Rolling segment log-38_45 to index:45
2019-09-26 09:52:28,881 INFO  segmented.SegmentedRaftLogWorker (SegmentedRaftLogWorker.java:rollLogSegment(385)) - s4@group-FA65EA2C2EF8-SegmentedRaftLogWorker: Rolling segment log-38_45 to index:45
2019-09-26 09:52:28,882 TRACE util.FileUtils (LogUtils.java:runAndLog(61)) - Successfully ran Files.move /workdir/ratis-test/target/test/data/26da4377/MiniRaftClusterWithSimulatedRpc85ae44e/s0/9ff5c29b-a5ac-4e50-a35e-fa65ea2c2ef8/current/log_inprogress_38 to /workdir/ratis-test/target/test/data/26da4377/MiniRaftClusterWithSimulatedRpc85ae44e/s0/9ff5c29b-a5ac-4e50-a35e-fa65ea2c2ef8/current/log_38-45
2019-09-26 09:52:28,882 INFO  segmented.SegmentedRaftLogWorker (SegmentedRaftLogWorker.java:execute(526)) - s0@group-FA65EA2C2EF8-SegmentedRaftLogWorker: Rolled log segment from /workdir/ratis-test/target/test/data/26da4377/MiniRaftClusterWithSimulatedRpc85ae44e/s0/9ff5c29b-a5ac-4e50-a35e-fa65ea2c2ef8/current/log_inprogress_38 to /workdir/ratis-test/target/test/data/26da4377/MiniRaftClusterWithSimulatedRpc85ae44e/s0/9ff5c29b-a5ac-4e50-a35e-fa65ea2c2ef8/current/log_38-45
2019-09-26 09:52:28,884 TRACE util.FileUtils (LogUtils.java:runAndLog(61)) - Successfully ran Files.move /workdir/ratis-test/target/test/data/26da4377/MiniRaftClusterWithSimulatedRpc85ae44e/s4/9ff5c29b-a5ac-4e50-a35e-fa65ea2c2ef8/current/log_inprogress_38 to /workdir/ratis-test/target/test/data/26da4377/MiniRaftClusterWithSimulatedRpc85ae44e/s4/9ff5c29b-a5ac-4e50-a35e-fa65ea2c2ef8/current/log_38-45
2019-09-26 09:52:28,884 INFO  segmented.SegmentedRaftLogWorker (SegmentedRaftLogWorker.java:execute(526)) - s4@group-FA65EA2C2EF8-SegmentedRaftLogWorker: Rolled log segment from /workdir/ratis-test/target/test/data/26da4377/MiniRaftClusterWithSimulatedRpc85ae44e/s4/9ff5c29b-a5ac-4e50-a35e-fa65ea2c2ef8/current/log_inprogress_38 to /workdir/ratis-test/target/test/data/26da4377/MiniRaftClusterWithSimulatedRpc85ae44e/s4/9ff5c29b-a5ac-4e50-a35e-fa65ea2c2ef8/current/log_38-45
2019-09-26 09:52:29,073 INFO  segmented.SegmentedRaftLogWorker (SegmentedRaftLogWorker.java:execute(569)) - s3@group-FA65EA2C2EF8-SegmentedRaftLogWorker: created new log segment /workdir/ratis-test/target/test/data/26da4377/MiniRaftClusterWithSimulatedRpc85ae44e/s3/9ff5c29b-a5ac-4e50-a35e-fa65ea2c2ef8/current/log_inprogress_46
2019-09-26 09:52:29,073 INFO  segmented.SegmentedRaftLogWorker (SegmentedRaftLogWorker.java:execute(569)) - s0@group-FA65EA2C2EF8-SegmentedRaftLogWorker: created new log segment /workdir/ratis-test/target/test/data/26da4377/MiniRaftClusterWithSimulatedRpc85ae44e/s0/9ff5c29b-a5ac-4e50-a35e-fa65ea2c2ef8/current/log_inprogress_46
2019-09-26 09:52:29,073 INFO  segmented.SegmentedRaftLogWorker (SegmentedRaftLogWorker.java:execute(569)) - s4@group-FA65EA2C2EF8-SegmentedRaftLogWorker: created new log segment /workdir/ratis-test/target/test/data/26da4377/MiniRaftClusterWithSimulatedRpc85ae44e/s4/9ff5c29b-a5ac-4e50-a35e-fa65ea2c2ef8/current/log_inprogress_46
2019-09-26 09:52:29,085 DEBUG impl.RaftServerImpl (RaftServerImpl.java:logAppendEntries(850)) - s0@group-FA65EA2C2EF8: succeeded to handle AppendEntries. Reply: s3<-s0#0:OK,SUCCESS,nextIndex:47,term:3,followerCommit:44
2019-09-26 09:52:29,085 DEBUG impl.RaftServerImpl (RaftServerImpl.java:logAppendEntries(850)) - s4@group-FA65EA2C2EF8: succeeded to handle AppendEntries. Reply: s3<-s4#0:OK,SUCCESS,nextIndex:47,term:3,followerCommit:44
2019-09-26 09:52:29,100 DEBUG impl.RaftServerImpl (RaftServerImpl.java:logAppendEntries(850)) - s0@group-FA65EA2C2EF8: receive appendEntries(s3, 3, (t:3, i:46), 46, false, commits[s3:c46, s4:c44, s0:c44], entries: (t:3, i:47), METADATAENTRY(c46)
2019-09-26 09:52:29,101 DEBUG raftlog.RaftLog (SegmentedRaftLog.java:appendImpl(425)) - truncateIndex=-1, arrayIndex=0
2019-09-26 09:52:29,105 DEBUG impl.RaftServerImpl (RaftServerImpl.java:logAppendEntries(850)) - s4@group-FA65EA2C2EF8: receive appendEntries(s3, 3, (t:3, i:46), 46, false, commits[s3:c46, s4:c44, s0:c44], entries: (t:3, i:47), METADATAENTRY(c46)
2019-09-26 09:52:29,105 DEBUG raftlog.RaftLog (SegmentedRaftLog.java:appendImpl(425)) - truncateIndex=-1, arrayIndex=0
2019-09-26 09:52:29,106 INFO  ratis.RaftTestUtil (RaftTestUtil.java:waitForLeader(101)) - printing ALL groups
  s3:  RUNNING    LEADER s3@group-FA65EA2C2EF8:t3, leader=s3, voted=s3, raftlog=s3@group-FA65EA2C2EF8-SegmentedRaftLog:OPENED:c46,f46,i47, conf=46: [s3:, s4:, s0:0.0.0.0:33585], old=null RUNNING
  s4:  RUNNING  FOLLOWER s4@group-FA65EA2C2EF8:t3, leader=s3, voted=s3, raftlog=s4@group-FA65EA2C2EF8-SegmentedRaftLog:OPENED:c44,f46,i47, conf=46: [s3:, s4:, s0:0.0.0.0:33585], old=null RUNNING
  s0:  RUNNING  FOLLOWER s0@group-FA65EA2C2EF8:t3, leader=s3, voted=s3, raftlog=s0@group-FA65EA2C2EF8-SegmentedRaftLog:OPENED:c44,f46,i47, conf=46: [s3:, s4:, s0:0.0.0.0:33585], old=null RUNNING
2019-09-26 09:52:29,107 INFO  ratis.MiniRaftCluster (MiniRaftCluster.java:shutdown(700)) - ************************************************************** 
2019-09-26 09:52:29,107 INFO  ratis.MiniRaftCluster (MiniRaftCluster.java:shutdown(701)) - *** 
2019-09-26 09:52:29,107 INFO  ratis.MiniRaftCluster (MiniRaftCluster.java:shutdown(702)) - ***     Stopping MiniRaftClusterWithSimulatedRpc
2019-09-26 09:52:29,107 INFO  ratis.MiniRaftCluster (MiniRaftCluster.java:shutdown(703)) - *** 
2019-09-26 09:52:29,107 INFO  ratis.MiniRaftCluster (MiniRaftCluster.java:shutdown(704)) - ************************************************************** 
2019-09-26 09:52:29,108 INFO  ratis.MiniRaftCluster (MiniRaftCluster.java:shutdown(705)) - printing ALL groups
  s3:  RUNNING    LEADER s3@group-FA65EA2C2EF8:t3, leader=s3, voted=s3, raftlog=s3@group-FA65EA2C2EF8-SegmentedRaftLog:OPENED:c46,f46,i47, conf=46: [s3:, s4:, s0:0.0.0.0:33585], old=null RUNNING
  s4:  RUNNING  FOLLOWER s4@group-FA65EA2C2EF8:t3, leader=s3, voted=s3, raftlog=s4@group-FA65EA2C2EF8-SegmentedRaftLog:OPENED:c44,f46,i47, conf=46: [s3:, s4:, s0:0.0.0.0:33585], old=null RUNNING
  s0:  RUNNING  FOLLOWER s0@group-FA65EA2C2EF8:t3, leader=s3, voted=s3, raftlog=s0@group-FA65EA2C2EF8-SegmentedRaftLog:OPENED:c44,f46,i47, conf=46: [s3:, s4:, s0:0.0.0.0:33585], old=null RUNNING
2019-09-26 09:52:29,109 INFO  impl.RaftServerProxy (RaftServerProxy.java:lambda$close$4(314)) - s3: close
2019-09-26 09:52:29,110 INFO  impl.RaftServerProxy (RaftServerProxy.java:lambda$close$4(314)) - s4: close
2019-09-26 09:52:29,110 INFO  impl.RaftServerProxy (RaftServerProxy.java:lambda$close$4(314)) - s0: close
2019-09-26 09:52:29,111 INFO  impl.RaftServerImpl (RaftServerImpl.java:lambda$shutdown$3(247)) - s4@group-FA65EA2C2EF8: shutdown
2019-09-26 09:52:29,110 INFO  impl.RaftServerImpl (RaftServerImpl.java:lambda$shutdown$3(247)) - s3@group-FA65EA2C2EF8: shutdown
2019-09-26 09:52:29,112 INFO  util.JmxRegister (JmxRegister.java:unregister(73)) - Successfully un-registered JMX Bean with object name Ratis:service=RaftServer,group=group-FA65EA2C2EF8,id=s4
2019-09-26 09:52:29,111 INFO  impl.RaftServerImpl (RaftServerImpl.java:lambda$shutdown$3(247)) - s0@group-FA65EA2C2EF8: shutdown
2019-09-26 09:52:29,112 INFO  impl.RoleInfo (RoleInfo.java:shutdownFollowerState(121)) - s4: shutdown FollowerState
2019-09-26 09:52:29,112 DEBUG impl.RaftServerImpl (RaftServerImpl.java:logAppendEntries(850)) - s4@group-FA65EA2C2EF8: succeeded to handle AppendEntries. Reply: s3<-s4#0:OK,SUCCESS,nextIndex:48,term:3,followerCommit:46
2019-09-26 09:52:29,112 INFO  util.JmxRegister (JmxRegister.java:unregister(73)) - Successfully un-registered JMX Bean with object name Ratis:service=RaftServer,group=group-FA65EA2C2EF8,id=s3
2019-09-26 09:52:29,114 INFO  impl.RoleInfo (RoleInfo.java:shutdownLeaderState(104)) - s3: shutdown LeaderState
2019-09-26 09:52:29,112 DEBUG impl.RaftServerImpl (RaftServerImpl.java:logAppendEntries(850)) - s0@group-FA65EA2C2EF8: succeeded to handle AppendEntries. Reply: s3<-s0#0:OK,SUCCESS,nextIndex:48,term:3,followerCommit:46
2019-09-26 09:52:29,113 INFO  impl.FollowerState (FollowerState.java:run(117)) - s4@group-FA65EA2C2EF8-FollowerState was interrupted: java.lang.InterruptedException: sleep interrupted
2019-09-26 09:52:29,113 INFO  impl.StateMachineUpdater (StateMachineUpdater.java:stopAndJoin(136)) - s4@group-FA65EA2C2EF8-StateMachineUpdater: set stopIndex = 46
2019-09-26 09:52:29,113 INFO  util.JmxRegister (JmxRegister.java:unregister(73)) - Successfully un-registered JMX Bean with object name Ratis:service=RaftServer,group=group-FA65EA2C2EF8,id=s0
2019-09-26 09:52:29,115 INFO  impl.LogAppender (LogAppender.java:run(78)) - s3@group-FA65EA2C2EF8->s0-LogAppender-AppenderDaemon was interrupted: java.io.InterruptedIOException: 
2019-09-26 09:52:29,115 INFO  impl.PendingRequests (PendingRequests.java:sendNotLeaderResponses(202)) - s3@group-FA65EA2C2EF8-PendingRequests: sendNotLeaderResponses
2019-09-26 09:52:29,115 INFO  impl.LogAppender (LogAppender.java:run(78)) - s3@group-FA65EA2C2EF8->s4-LogAppender-AppenderDaemon was interrupted: java.io.InterruptedIOException: 
2019-09-26 09:52:29,116 INFO  impl.RoleInfo (RoleInfo.java:shutdownFollowerState(121)) - s0: shutdown FollowerState
2019-09-26 09:52:29,118 INFO  impl.StateMachineUpdater (StateMachineUpdater.java:stopAndJoin(136)) - s3@group-FA65EA2C2EF8-StateMachineUpdater: set stopIndex = 46
2019-09-26 09:52:29,118 INFO  impl.FollowerState (FollowerState.java:run(117)) - s0@group-FA65EA2C2EF8-FollowerState was interrupted: java.lang.InterruptedException: sleep interrupted
2019-09-26 09:52:29,118 INFO  impl.StateMachineUpdater (StateMachineUpdater.java:stopAndJoin(136)) - s0@group-FA65EA2C2EF8-StateMachineUpdater: set stopIndex = 46
2019-09-26 09:52:29,354 INFO  impl.StateMachineUpdater (StateMachineUpdater.java:takeSnapshot(269)) - s4@group-FA65EA2C2EF8-StateMachineUpdater: Took a snapshot at index 40
2019-09-26 09:52:29,354 INFO  impl.StateMachineUpdater (StateMachineUpdater.java:takeSnapshot(269)) - s0@group-FA65EA2C2EF8-StateMachineUpdater: Took a snapshot at index 40
2019-09-26 09:52:29,354 INFO  impl.StateMachineUpdater (StateMachineUpdater.java:lambda$new$0(84)) - s4@group-FA65EA2C2EF8-StateMachineUpdater: snapshotIndex: updateIncreasingly 37 -> 40
2019-09-26 09:52:29,354 INFO  impl.StateMachineUpdater (StateMachineUpdater.java:takeSnapshot(269)) - s3@group-FA65EA2C2EF8-StateMachineUpdater: Took a snapshot at index 40
2019-09-26 09:52:29,354 INFO  impl.StateMachineUpdater (StateMachineUpdater.java:lambda$new$0(84)) - s0@group-FA65EA2C2EF8-StateMachineUpdater: snapshotIndex: updateIncreasingly 40 -> 40
2019-09-26 09:52:29,355 INFO  impl.StateMachineUpdater (StateMachineUpdater.java:lambda$new$0(84)) - s3@group-FA65EA2C2EF8-StateMachineUpdater: snapshotIndex: updateIncreasingly 37 -> 40
2019-09-26 09:52:29,613 INFO  impl.StateMachineUpdater (StateMachineUpdater.java:takeSnapshot(269)) - s4@group-FA65EA2C2EF8-StateMachineUpdater: Took a snapshot at index 40
2019-09-26 09:52:29,613 INFO  impl.StateMachineUpdater (StateMachineUpdater.java:takeSnapshot(269)) - s0@group-FA65EA2C2EF8-StateMachineUpdater: Took a snapshot at index 40
2019-09-26 09:52:29,613 INFO  impl.StateMachineUpdater (StateMachineUpdater.java:takeSnapshot(269)) - s3@group-FA65EA2C2EF8-StateMachineUpdater: Took a snapshot at index 40
2019-09-26 09:52:29,613 INFO  impl.StateMachineUpdater (StateMachineUpdater.java:lambda$new$0(84)) - s0@group-FA65EA2C2EF8-StateMachineUpdater: snapshotIndex: updateIncreasingly 40 -> 40
2019-09-26 09:52:29,613 INFO  impl.StateMachineUpdater (StateMachineUpdater.java:lambda$new$0(84)) - s4@group-FA65EA2C2EF8-StateMachineUpdater: snapshotIndex: updateIncreasingly 40 -> 40
2019-09-26 09:52:29,613 INFO  impl.StateMachineUpdater (StateMachineUpdater.java:lambda$new$0(84)) - s3@group-FA65EA2C2EF8-StateMachineUpdater: snapshotIndex: updateIncreasingly 40 -> 40
2019-09-26 09:52:29,614 INFO  impl.RaftServerImpl (ServerState.java:close(386)) - s0@group-FA65EA2C2EF8: closes. applyIndex: 46
2019-09-26 09:52:29,614 INFO  impl.RaftServerImpl (ServerState.java:close(386)) - s4@group-FA65EA2C2EF8: closes. applyIndex: 46
2019-09-26 09:52:29,614 INFO  impl.RaftServerImpl (ServerState.java:close(386)) - s3@group-FA65EA2C2EF8: closes. applyIndex: 46
2019-09-26 09:52:29,615 INFO  segmented.SegmentedRaftLogWorker (SegmentedRaftLogWorker.java:run(313)) - s4@group-FA65EA2C2EF8-SegmentedRaftLogWorker was interrupted, exiting. There are 0 tasks remaining in the queue.
2019-09-26 09:52:29,615 INFO  segmented.SegmentedRaftLogWorker (SegmentedRaftLogWorker.java:run(313)) - s0@group-FA65EA2C2EF8-SegmentedRaftLogWorker was interrupted, exiting. There are 0 tasks remaining in the queue.
2019-09-26 09:52:29,616 INFO  segmented.SegmentedRaftLogWorker (SegmentedRaftLogWorker.java:run(313)) - s3@group-FA65EA2C2EF8-SegmentedRaftLogWorker was interrupted, exiting. There are 0 tasks remaining in the queue.
2019-09-26 09:52:29,619 INFO  segmented.SegmentedRaftLogWorker (SegmentedRaftLogWorker.java:close(228)) - s4@group-FA65EA2C2EF8-SegmentedRaftLogWorker close()
2019-09-26 09:52:29,619 INFO  segmented.SegmentedRaftLogWorker (SegmentedRaftLogWorker.java:close(228)) - s0@group-FA65EA2C2EF8-SegmentedRaftLogWorker close()
2019-09-26 09:52:29,620 INFO  segmented.SegmentedRaftLogWorker (SegmentedRaftLogWorker.java:close(228)) - s3@group-FA65EA2C2EF8-SegmentedRaftLogWorker close()
2019-09-26 09:52:29,621 INFO  simulation.RequestHandler (RequestHandler.java:run(126)) - s4.clientHandler1 is interrupted by java.io.InterruptedIOException: 
2019-09-26 09:52:29,623 INFO  simulation.RequestHandler (RequestHandler.java:run(126)) - s0.clientHandler2 is interrupted by java.io.InterruptedIOException: 
2019-09-26 09:52:29,621 INFO  simulation.RequestHandler (RequestHandler.java:run(126)) - s4.clientHandler0 is interrupted by java.io.InterruptedIOException: 
2019-09-26 09:52:29,621 INFO  simulation.RequestHandler (RequestHandler.java:run(126)) - s4.clientHandler2 is interrupted by java.io.InterruptedIOException: 
2019-09-26 09:52:29,624 INFO  simulation.RequestHandler (RequestHandler.java:run(126)) - s3.clientHandler2 is interrupted by java.io.InterruptedIOException: 
2019-09-26 09:52:29,625 INFO  simulation.RequestHandler (RequestHandler.java:run(126)) - s4.serverHandler2 is interrupted by java.io.InterruptedIOException: 
2019-09-26 09:52:29,623 INFO  simulation.RequestHandler (RequestHandler.java:run(126)) - s3.clientHandler0 is interrupted by java.io.InterruptedIOException: 
2019-09-26 09:52:29,623 INFO  simulation.RequestHandler (RequestHandler.java:run(126)) - s3.clientHandler1 is interrupted by java.io.InterruptedIOException: 
2019-09-26 09:52:29,623 INFO  simulation.RequestHandler (RequestHandler.java:run(126)) - s0.clientHandler0 is interrupted by java.io.InterruptedIOException: 
2019-09-26 09:52:29,627 INFO  simulation.RequestHandler (RequestHandler.java:run(126)) - s3.serverHandler0 is interrupted by java.io.InterruptedIOException: 
2019-09-26 09:52:29,622 INFO  simulation.RequestHandler (RequestHandler.java:run(126)) - s0.clientHandler1 is interrupted by java.io.InterruptedIOException: 
2019-09-26 09:52:29,627 INFO  simulation.RequestHandler (RequestHandler.java:run(126)) - s3.serverHandler2 is interrupted by java.io.InterruptedIOException: 
2019-09-26 09:52:29,627 INFO  simulation.RequestHandler (RequestHandler.java:run(126)) - s3.serverHandler1 is interrupted by java.io.InterruptedIOException: 
2019-09-26 09:52:29,625 INFO  simulation.RequestHandler (RequestHandler.java:run(126)) - s4.serverHandler1 is interrupted by java.io.InterruptedIOException: 
2019-09-26 09:52:29,627 INFO  simulation.RequestHandler (RequestHandler.java:run(126)) - s0.serverHandler2 is interrupted by java.io.InterruptedIOException: 
2019-09-26 09:52:29,627 INFO  simulation.RequestHandler (RequestHandler.java:run(126)) - s0.serverHandler1 is interrupted by java.io.InterruptedIOException: 
2019-09-26 09:52:29,629 INFO  ratis.MiniRaftCluster (MiniRaftCluster.java:shutdown(722)) - MiniRaftClusterWithSimulatedRpc shutdown completed
2019-09-26 09:52:29,630 INFO  ratis.MiniRaftCluster (MiniRaftCluster.java:shutdown(700)) - ************************************************************** 
2019-09-26 09:52:29,630 INFO  ratis.MiniRaftCluster (MiniRaftCluster.java:shutdown(701)) - *** 
2019-09-26 09:52:29,630 INFO  ratis.MiniRaftCluster (MiniRaftCluster.java:shutdown(702)) - ***     Stopping MiniRaftClusterWithSimulatedRpc
2019-09-26 09:52:29,630 INFO  ratis.MiniRaftCluster (MiniRaftCluster.java:shutdown(703)) - *** 
2019-09-26 09:52:29,630 INFO  ratis.MiniRaftCluster (MiniRaftCluster.java:shutdown(704)) - ************************************************************** 
2019-09-26 09:52:29,631 INFO  ratis.MiniRaftCluster (MiniRaftCluster.java:shutdown(705)) - printing ALL groups
  s3:   CLOSED    LEADER s3@group-FA65EA2C2EF8:t3, leader=s3, voted=s3, raftlog=s3@group-FA65EA2C2EF8-SegmentedRaftLog:CLOSED:c46, conf=46: [s3:, s4:, s0:0.0.0.0:33585], old=null CLOSED
  s4:   CLOSED  FOLLOWER s4@group-FA65EA2C2EF8:t3, leader=s3, voted=s3, raftlog=s4@group-FA65EA2C2EF8-SegmentedRaftLog:CLOSED:c46, conf=46: [s3:, s4:, s0:0.0.0.0:33585], old=null CLOSED
  s0:   CLOSED  FOLLOWER s0@group-FA65EA2C2EF8:t3, leader=s3, voted=s3, raftlog=s0@group-FA65EA2C2EF8-SegmentedRaftLog:CLOSED:c46, conf=46: [s3:, s4:, s0:0.0.0.0:33585], old=null CLOSED
2019-09-26 09:52:29,632 INFO  ratis.MiniRaftCluster (MiniRaftCluster.java:shutdown(722)) - MiniRaftClusterWithSimulatedRpc shutdown completed
]]></system-out>
  </testcase>
</testsuite>